<?xml version="1.0" encoding="UTF-8"?>
<testsuite xmlns:xsi="http://www.w3.org/2001/XMLSchema-instance" xsi:noNamespaceSchemaLocation="https://maven.apache.org/surefire/maven-surefire-plugin/xsd/surefire-test-report.xsd" name="org.apache.hadoop.ozone.container.server.TestSecureContainerServer" time="186.757" tests="3" errors="0" skipped="1" failures="1">
  <properties>
    <property name="awt.toolkit" value="sun.awt.X11.XToolkit"/>
    <property name="file.encoding.pkg" value="sun.io"/>
    <property name="java.specification.version" value="1.8"/>
    <property name="sun.cpu.isalist" value=""/>
    <property name="sun.jnu.encoding" value="ANSI_X3.4-1968"/>
    <property name="java.class.path" value="/workdir/hadoop-ozone/integration-test/target/test-classes:/workdir/hadoop-ozone/integration-test/target/classes:/home/user/.m2/repository/org/apache/hadoop/hadoop-ozone-common/0.5.0-SNAPSHOT/hadoop-ozone-common-0.5.0-SNAPSHOT.jar:/home/user/.m2/repository/org/apache/commons/commons-compress/1.4.1/commons-compress-1.4.1.jar:/home/user/.m2/repository/org/tukaani/xz/1.0/xz-1.0.jar:/home/user/.m2/repository/org/apache/hadoop/hadoop-common/3.2.0/hadoop-common-3.2.0.jar:/home/user/.m2/repository/org/apache/hadoop/hadoop-hdfs/3.2.0/hadoop-hdfs-3.2.0.jar:/home/user/.m2/repository/org/apache/hadoop/hadoop-hdfs-client/3.2.0/hadoop-hdfs-client-3.2.0.jar:/home/user/.m2/repository/com/fasterxml/jackson/core/jackson-annotations/2.9.9/jackson-annotations-2.9.9.jar:/home/user/.m2/repository/org/apache/hadoop/hadoop-hdds-common/0.5.0-SNAPSHOT/hadoop-hdds-common-0.5.0-SNAPSHOT.jar:/home/user/.m2/repository/javax/annotation/javax.annotation-api/1.2/javax.annotation-api-1.2.jar:/home/user/.m2/repository/org/apache/ratis/ratis-server/0.5.0-3f446aa-SNAPSHOT/ratis-server-0.5.0-3f446aa-SNAPSHOT.jar:/home/user/.m2/repository/org/apache/ratis/ratis-thirdparty-misc/0.2.0/ratis-thirdparty-misc-0.2.0.jar:/home/user/.m2/repository/org/apache/ratis/ratis-proto/0.5.0-3f446aa-SNAPSHOT/ratis-proto-0.5.0-3f446aa-SNAPSHOT.jar:/home/user/.m2/repository/org/apache/ratis/ratis-common/0.5.0-3f446aa-SNAPSHOT/ratis-common-0.5.0-3f446aa-SNAPSHOT.jar:/home/user/.m2/repository/org/apache/ratis/ratis-client/0.5.0-3f446aa-SNAPSHOT/ratis-client-0.5.0-3f446aa-SNAPSHOT.jar:/home/user/.m2/repository/org/apache/ratis/ratis-metrics/0.5.0-3f446aa-SNAPSHOT/ratis-metrics-0.5.0-3f446aa-SNAPSHOT.jar:/home/user/.m2/repository/com/github/joshelser/dropwizard-metrics-hadoop-metrics2-reporter/0.1.2/dropwizard-metrics-hadoop-metrics2-reporter-0.1.2.jar:/home/user/.m2/repository/io/dropwizard/metrics/metrics-jvm/3.2.5/metrics-jvm-3.2.5.jar:/home/user/.m2/repository/io/dropwizard/metrics/metrics-ganglia/3.2.5/metrics-ganglia-3.2.5.jar:/home/user/.m2/repository/info/ganglia/gmetric4j/gmetric4j/1.0.7/gmetric4j-1.0.7.jar:/home/user/.m2/repository/org/apache/ratis/ratis-netty/0.5.0-3f446aa-SNAPSHOT/ratis-netty-0.5.0-3f446aa-SNAPSHOT.jar:/home/user/.m2/repository/org/apache/ratis/ratis-grpc/0.5.0-3f446aa-SNAPSHOT/ratis-grpc-0.5.0-3f446aa-SNAPSHOT.jar:/home/user/.m2/repository/org/rocksdb/rocksdbjni/6.0.1/rocksdbjni-6.0.1.jar:/home/user/.m2/repository/org/apache/logging/log4j/log4j-api/2.11.0/log4j-api-2.11.0.jar:/home/user/.m2/repository/org/apache/logging/log4j/log4j-core/2.11.0/log4j-core-2.11.0.jar:/home/user/.m2/repository/com/lmax/disruptor/3.4.2/disruptor-3.4.2.jar:/home/user/.m2/repository/org/apache/commons/commons-pool2/2.6.0/commons-pool2-2.6.0.jar:/home/user/.m2/repository/org/bouncycastle/bcpkix-jdk15on/1.60/bcpkix-jdk15on-1.60.jar:/home/user/.m2/repository/commons-validator/commons-validator/1.6/commons-validator-1.6.jar:/home/user/.m2/repository/commons-digester/commons-digester/1.8.1/commons-digester-1.8.1.jar:/home/user/.m2/repository/io/jaegertracing/jaeger-client/0.34.0/jaeger-client-0.34.0.jar:/home/user/.m2/repository/io/jaegertracing/jaeger-thrift/0.34.0/jaeger-thrift-0.34.0.jar:/home/user/.m2/repository/org/apache/thrift/libthrift/0.12.0/libthrift-0.12.0.jar:/home/user/.m2/repository/com/squareup/okhttp3/okhttp/3.9.0/okhttp-3.9.0.jar:/home/user/.m2/repository/com/squareup/okio/okio/1.13.0/okio-1.13.0.jar:/home/user/.m2/repository/io/jaegertracing/jaeger-core/0.34.0/jaeger-core-0.34.0.jar:/home/user/.m2/repository/io/jaegertracing/jaeger-tracerresolver/0.34.0/jaeger-tracerresolver-0.34.0.jar:/home/user/.m2/repository/io/opentracing/contrib/opentracing-tracerresolver/0.1.5/opentracing-tracerresolver-0.1.5.jar:/home/user/.m2/repository/io/opentracing/opentracing-util/0.31.0/opentracing-util-0.31.0.jar:/home/user/.m2/repository/io/opentracing/opentracing-api/0.31.0/opentracing-api-0.31.0.jar:/home/user/.m2/repository/io/opentracing/opentracing-noop/0.31.0/opentracing-noop-0.31.0.jar:/home/user/.m2/repository/org/apache/hadoop/hadoop-hdds-server-framework/0.5.0-SNAPSHOT/hadoop-hdds-server-framework-0.5.0-SNAPSHOT.jar:/home/user/.m2/repository/org/apache/hadoop/hadoop-hdds-container-service/0.5.0-SNAPSHOT/hadoop-hdds-container-service-0.5.0-SNAPSHOT.jar:/home/user/.m2/repository/org/apache/hadoop/hadoop-hdds-client/0.5.0-SNAPSHOT/hadoop-hdds-client-0.5.0-SNAPSHOT.jar:/home/user/.m2/repository/org/apache/hadoop/hadoop-hdds-tools/0.5.0-SNAPSHOT/hadoop-hdds-tools-0.5.0-SNAPSHOT.jar:/home/user/.m2/repository/org/apache/hadoop/hadoop-hdds-server-scm/0.5.0-SNAPSHOT/hadoop-hdds-server-scm-0.5.0-SNAPSHOT.jar:/home/user/.m2/repository/org/apache/hadoop/hadoop-hdds-docs/0.5.0-SNAPSHOT/hadoop-hdds-docs-0.5.0-SNAPSHOT.jar:/home/user/.m2/repository/io/dropwizard/metrics/metrics-core/3.2.4/metrics-core-3.2.4.jar:/home/user/.m2/repository/org/hamcrest/hamcrest-all/1.3/hamcrest-all-1.3.jar:/home/user/.m2/repository/org/bouncycastle/bcprov-jdk15on/1.60/bcprov-jdk15on-1.60.jar:/home/user/.m2/repository/info/picocli/picocli/3.9.6/picocli-3.9.6.jar:/home/user/.m2/repository/com/google/protobuf/protobuf-java/2.5.0/protobuf-java-2.5.0.jar:/home/user/.m2/repository/com/google/guava/guava/11.0.2/guava-11.0.2.jar:/home/user/.m2/repository/org/apache/hadoop/hadoop-ozone-ozone-manager/0.5.0-SNAPSHOT/hadoop-ozone-ozone-manager-0.5.0-SNAPSHOT.jar:/home/user/.m2/repository/org/apache/hadoop/hadoop-minikdc/3.2.0/hadoop-minikdc-3.2.0.jar:/home/user/.m2/repository/commons-io/commons-io/2.5/commons-io-2.5.jar:/home/user/.m2/repository/org/apache/kerby/kerb-simplekdc/1.0.1/kerb-simplekdc-1.0.1.jar:/home/user/.m2/repository/org/apache/kerby/kerb-client/1.0.1/kerb-client-1.0.1.jar:/home/user/.m2/repository/org/apache/kerby/kerby-config/1.0.1/kerby-config-1.0.1.jar:/home/user/.m2/repository/org/apache/kerby/kerb-core/1.0.1/kerb-core-1.0.1.jar:/home/user/.m2/repository/org/apache/kerby/kerby-pkix/1.0.1/kerby-pkix-1.0.1.jar:/home/user/.m2/repository/org/apache/kerby/kerby-asn1/1.0.1/kerby-asn1-1.0.1.jar:/home/user/.m2/repository/org/apache/kerby/kerby-util/1.0.1/kerby-util-1.0.1.jar:/home/user/.m2/repository/org/apache/kerby/kerb-common/1.0.1/kerb-common-1.0.1.jar:/home/user/.m2/repository/org/apache/kerby/kerb-crypto/1.0.1/kerb-crypto-1.0.1.jar:/home/user/.m2/repository/org/apache/kerby/kerb-util/1.0.1/kerb-util-1.0.1.jar:/home/user/.m2/repository/org/apache/kerby/token-provider/1.0.1/token-provider-1.0.1.jar:/home/user/.m2/repository/org/apache/kerby/kerb-admin/1.0.1/kerb-admin-1.0.1.jar:/home/user/.m2/repository/org/apache/kerby/kerb-server/1.0.1/kerb-server-1.0.1.jar:/home/user/.m2/repository/org/apache/kerby/kerb-identity/1.0.1/kerb-identity-1.0.1.jar:/home/user/.m2/repository/org/apache/kerby/kerby-xdr/1.0.1/kerby-xdr-1.0.1.jar:/home/user/.m2/repository/org/slf4j/slf4j-log4j12/1.7.25/slf4j-log4j12-1.7.25.jar:/home/user/.m2/repository/org/apache/hadoop/hadoop-ozone-s3gateway/0.5.0-SNAPSHOT/hadoop-ozone-s3gateway-0.5.0-SNAPSHOT.jar:/home/user/.m2/repository/org/jboss/weld/servlet/weld-servlet/2.4.7.Final/weld-servlet-2.4.7.Final.jar:/home/user/.m2/repository/org/glassfish/jersey/containers/jersey-container-servlet-core/2.27/jersey-container-servlet-core-2.27.jar:/home/user/.m2/repository/org/glassfish/hk2/external/javax.inject/2.5.0-b42/javax.inject-2.5.0-b42.jar:/home/user/.m2/repository/org/glassfish/jersey/core/jersey-common/2.27/jersey-common-2.27.jar:/home/user/.m2/repository/org/glassfish/hk2/osgi-resource-locator/1.0.1/osgi-resource-locator-1.0.1.jar:/home/user/.m2/repository/javax/ws/rs/javax.ws.rs-api/2.1/javax.ws.rs-api-2.1.jar:/home/user/.m2/repository/org/glassfish/jersey/ext/cdi/jersey-cdi1x/2.27/jersey-cdi1x-2.27.jar:/home/user/.m2/repository/org/glassfish/jersey/inject/jersey-hk2/2.27/jersey-hk2-2.27.jar:/home/user/.m2/repository/org/glassfish/hk2/hk2-locator/2.5.0-b42/hk2-locator-2.5.0-b42.jar:/home/user/.m2/repository/org/javassist/javassist/3.22.0-CR2/javassist-3.22.0-CR2.jar:/home/user/.m2/repository/org/glassfish/hk2/hk2-api/2.5.0/hk2-api-2.5.0.jar:/home/user/.m2/repository/org/glassfish/hk2/external/jakarta.inject/2.5.0/jakarta.inject-2.5.0.jar:/home/user/.m2/repository/org/glassfish/hk2/hk2-utils/2.5.0/hk2-utils-2.5.0.jar:/home/user/.m2/repository/jakarta/annotation/jakarta.annotation-api/1.3.4/jakarta.annotation-api-1.3.4.jar:/home/user/.m2/repository/org/glassfish/hk2/external/aopalliance-repackaged/2.5.0/aopalliance-repackaged-2.5.0.jar:/home/user/.m2/repository/com/fasterxml/jackson/dataformat/jackson-dataformat-xml/2.9.0/jackson-dataformat-xml-2.9.0.jar:/home/user/.m2/repository/com/fasterxml/jackson/core/jackson-core/2.9.9/jackson-core-2.9.9.jar:/home/user/.m2/repository/com/fasterxml/jackson/module/jackson-module-jaxb-annotations/2.9.9/jackson-module-jaxb-annotations-2.9.9.jar:/home/user/.m2/repository/javax/enterprise/cdi-api/1.2/cdi-api-1.2.jar:/home/user/.m2/repository/javax/el/javax.el-api/3.0.0/javax.el-api-3.0.0.jar:/home/user/.m2/repository/javax/interceptor/javax.interceptor-api/1.2/javax.interceptor-api-1.2.jar:/home/user/.m2/repository/javax/inject/javax.inject/1/javax.inject-1.jar:/home/user/.m2/repository/com/sun/xml/bind/jaxb-impl/2.3.0.1/jaxb-impl-2.3.0.1.jar:/home/user/.m2/repository/com/sun/xml/bind/jaxb-core/2.3.0.1/jaxb-core-2.3.0.1.jar:/home/user/.m2/repository/javax/xml/bind/jaxb-api/2.3.0/jaxb-api-2.3.0.jar:/home/user/.m2/repository/javax/activation/activation/1.1.1/activation-1.1.1.jar:/home/user/.m2/repository/org/apache/hadoop/hadoop-ozone-csi/0.5.0-SNAPSHOT/hadoop-ozone-csi-0.5.0-SNAPSHOT.jar:/home/user/.m2/repository/com/google/protobuf/protobuf-java-util/3.5.1/protobuf-java-util-3.5.1.jar:/home/user/.m2/repository/org/apache/hadoop/hadoop-hdds-config/0.5.0-SNAPSHOT/hadoop-hdds-config-0.5.0-SNAPSHOT.jar:/home/user/.m2/repository/io/grpc/grpc-netty/1.17.1/grpc-netty-1.17.1.jar:/home/user/.m2/repository/io/grpc/grpc-core/1.17.1/grpc-core-1.17.1.jar:/home/user/.m2/repository/io/grpc/grpc-context/1.17.1/grpc-context-1.17.1.jar:/home/user/.m2/repository/com/google/errorprone/error_prone_annotations/2.2.0/error_prone_annotations-2.2.0.jar:/home/user/.m2/repository/org/codehaus/mojo/animal-sniffer-annotations/1.17/animal-sniffer-annotations-1.17.jar:/home/user/.m2/repository/io/opencensus/opencensus-api/0.17.0/opencensus-api-0.17.0.jar:/home/user/.m2/repository/io/opencensus/opencensus-contrib-grpc-metrics/0.17.0/opencensus-contrib-grpc-metrics-0.17.0.jar:/home/user/.m2/repository/io/netty/netty-codec-http2/4.1.30.Final/netty-codec-http2-4.1.30.Final.jar:/home/user/.m2/repository/io/netty/netty-codec-http/4.1.30.Final/netty-codec-http-4.1.30.Final.jar:/home/user/.m2/repository/io/netty/netty-codec/4.1.30.Final/netty-codec-4.1.30.Final.jar:/home/user/.m2/repository/io/netty/netty-handler/4.1.30.Final/netty-handler-4.1.30.Final.jar:/home/user/.m2/repository/io/netty/netty-handler-proxy/4.1.30.Final/netty-handler-proxy-4.1.30.Final.jar:/home/user/.m2/repository/io/netty/netty-codec-socks/4.1.30.Final/netty-codec-socks-4.1.30.Final.jar:/home/user/.m2/repository/io/netty/netty-transport-native-epoll/4.1.30.Final/netty-transport-native-epoll-4.1.30.Final.jar:/home/user/.m2/repository/io/netty/netty-common/4.1.30.Final/netty-common-4.1.30.Final.jar:/home/user/.m2/repository/io/netty/netty-buffer/4.1.30.Final/netty-buffer-4.1.30.Final.jar:/home/user/.m2/repository/io/netty/netty-transport/4.1.30.Final/netty-transport-4.1.30.Final.jar:/home/user/.m2/repository/io/netty/netty-resolver/4.1.30.Final/netty-resolver-4.1.30.Final.jar:/home/user/.m2/repository/io/netty/netty-transport-native-unix-common/4.1.30.Final/netty-transport-native-unix-common-4.1.30.Final.jar:/home/user/.m2/repository/io/grpc/grpc-protobuf/1.17.1/grpc-protobuf-1.17.1.jar:/home/user/.m2/repository/com/google/api/grpc/proto-google-common-protos/1.0.0/proto-google-common-protos-1.0.0.jar:/home/user/.m2/repository/io/grpc/grpc-protobuf-lite/1.17.1/grpc-protobuf-lite-1.17.1.jar:/home/user/.m2/repository/io/grpc/grpc-stub/1.17.1/grpc-stub-1.17.1.jar:/home/user/.m2/repository/org/apache/hadoop/hadoop-ozone-recon/0.5.0-SNAPSHOT/hadoop-ozone-recon-0.5.0-SNAPSHOT.jar:/home/user/.m2/repository/org/apache/hadoop/hadoop-ozone-reconcodegen/0.5.0-SNAPSHOT/hadoop-ozone-reconcodegen-0.5.0-SNAPSHOT.jar:/home/user/.m2/repository/com/google/inject/extensions/guice-multibindings/4.0/guice-multibindings-4.0.jar:/home/user/.m2/repository/com/google/inject/guice/4.0/guice-4.0.jar:/home/user/.m2/repository/aopalliance/aopalliance/1.0/aopalliance-1.0.jar:/home/user/.m2/repository/com/google/inject/extensions/guice-servlet/4.0/guice-servlet-4.0.jar:/home/user/.m2/repository/org/glassfish/jersey/containers/jersey-container-servlet/2.27/jersey-container-servlet-2.27.jar:/home/user/.m2/repository/org/glassfish/hk2/guice-bridge/2.5.0/guice-bridge-2.5.0.jar:/home/user/.m2/repository/org/glassfish/jersey/core/jersey-server/2.27/jersey-server-2.27.jar:/home/user/.m2/repository/org/glassfish/jersey/core/jersey-client/2.27/jersey-client-2.27.jar:/home/user/.m2/repository/org/glassfish/jersey/media/jersey-media-jaxb/2.27/jersey-media-jaxb-2.27.jar:/home/user/.m2/repository/javax/validation/validation-api/1.1.0.Final/validation-api-1.1.0.Final.jar:/home/user/.m2/repository/org/glassfish/jersey/media/jersey-media-json-jackson/2.27/jersey-media-json-jackson-2.27.jar:/home/user/.m2/repository/org/glassfish/jersey/ext/jersey-entity-filtering/2.27/jersey-entity-filtering-2.27.jar:/home/user/.m2/repository/com/google/inject/extensions/guice-assistedinject/4.0/guice-assistedinject-4.0.jar:/home/user/.m2/repository/org/jooq/jooq/3.11.10/jooq-3.11.10.jar:/home/user/.m2/repository/org/jooq/jooq-meta/3.11.10/jooq-meta-3.11.10.jar:/home/user/.m2/repository/org/jooq/jooq-codegen/3.11.10/jooq-codegen-3.11.10.jar:/home/user/.m2/repository/com/jolbox/bonecp/0.8.0.RELEASE/bonecp-0.8.0.RELEASE.jar:/home/user/.m2/repository/org/xerial/sqlite-jdbc/3.25.2/sqlite-jdbc-3.25.2.jar:/home/user/.m2/repository/org/springframework/spring-jdbc/5.1.3.RELEASE/spring-jdbc-5.1.3.RELEASE.jar:/home/user/.m2/repository/org/springframework/spring-beans/5.1.3.RELEASE/spring-beans-5.1.3.RELEASE.jar:/home/user/.m2/repository/org/springframework/spring-core/5.1.3.RELEASE/spring-core-5.1.3.RELEASE.jar:/home/user/.m2/repository/org/springframework/spring-jcl/5.1.3.RELEASE/spring-jcl-5.1.3.RELEASE.jar:/home/user/.m2/repository/org/springframework/spring-tx/5.1.3.RELEASE/spring-tx-5.1.3.RELEASE.jar:/home/user/.m2/repository/org/apache/hadoop/hadoop-ozone-client/0.5.0-SNAPSHOT/hadoop-ozone-client-0.5.0-SNAPSHOT.jar:/home/user/.m2/repository/commons-lang/commons-lang/2.6/commons-lang-2.6.jar:/home/user/.m2/repository/org/apache/hadoop/hadoop-ozone-ozone-manager/0.5.0-SNAPSHOT/hadoop-ozone-ozone-manager-0.5.0-SNAPSHOT-tests.jar:/home/user/.m2/repository/junit/junit/4.11/junit-4.11.jar:/home/user/.m2/repository/org/hamcrest/hamcrest-core/1.3/hamcrest-core-1.3.jar:/home/user/.m2/repository/org/openjdk/jmh/jmh-core/1.19/jmh-core-1.19.jar:/home/user/.m2/repository/net/sf/jopt-simple/jopt-simple/4.6/jopt-simple-4.6.jar:/home/user/.m2/repository/org/apache/commons/commons-math3/3.1.1/commons-math3-3.1.1.jar:/home/user/.m2/repository/org/openjdk/jmh/jmh-generator-annprocess/1.19/jmh-generator-annprocess-1.19.jar:/home/user/.m2/repository/org/mockito/mockito-all/1.8.5/mockito-all-1.8.5.jar:/home/user/.m2/repository/org/apache/hadoop/hadoop-kms/3.2.0/hadoop-kms-3.2.0.jar:/home/user/.m2/repository/org/apache/hadoop/hadoop-auth/3.2.0/hadoop-auth-3.2.0.jar:/home/user/.m2/repository/com/nimbusds/nimbus-jose-jwt/4.41.1/nimbus-jose-jwt-4.41.1.jar:/home/user/.m2/repository/com/github/stephenc/jcip/jcip-annotations/1.0-1/jcip-annotations-1.0-1.jar:/home/user/.m2/repository/net/minidev/json-smart/2.3/json-smart-2.3.jar:/home/user/.m2/repository/net/minidev/accessors-smart/1.2/accessors-smart-1.2.jar:/home/user/.m2/repository/org/ow2/asm/asm/5.0.4/asm-5.0.4.jar:/home/user/.m2/repository/org/apache/curator/curator-framework/2.12.0/curator-framework-2.12.0.jar:/home/user/.m2/repository/com/sun/jersey/jersey-core/1.19/jersey-core-1.19.jar:/home/user/.m2/repository/javax/ws/rs/jsr311-api/1.1.1/jsr311-api-1.1.1.jar:/home/user/.m2/repository/com/sun/jersey/jersey-server/1.19/jersey-server-1.19.jar:/home/user/.m2/repository/javax/servlet/javax.servlet-api/3.1.0/javax.servlet-api-3.1.0.jar:/home/user/.m2/repository/org/eclipse/jetty/jetty-server/9.3.25.v20180904/jetty-server-9.3.25.v20180904.jar:/home/user/.m2/repository/org/eclipse/jetty/jetty-http/9.3.25.v20180904/jetty-http-9.3.25.v20180904.jar:/home/user/.m2/repository/org/eclipse/jetty/jetty-io/9.3.25.v20180904/jetty-io-9.3.25.v20180904.jar:/home/user/.m2/repository/org/eclipse/jetty/jetty-webapp/9.3.25.v20180904/jetty-webapp-9.3.25.v20180904.jar:/home/user/.m2/repository/org/eclipse/jetty/jetty-xml/9.3.25.v20180904/jetty-xml-9.3.25.v20180904.jar:/home/user/.m2/repository/log4j/log4j/1.2.17/log4j-1.2.17.jar:/home/user/.m2/repository/org/slf4j/slf4j-api/1.7.25/slf4j-api-1.7.25.jar:/home/user/.m2/repository/org/slf4j/jul-to-slf4j/1.7.25/jul-to-slf4j-1.7.25.jar:/home/user/.m2/repository/org/eclipse/jetty/jetty-util/9.3.25.v20180904/jetty-util-9.3.25.v20180904.jar:/home/user/.m2/repository/com/fasterxml/jackson/core/jackson-databind/2.9.9/jackson-databind-2.9.9.jar:/home/user/.m2/repository/org/apache/hadoop/hadoop-kms/3.2.0/hadoop-kms-3.2.0-tests.jar:/home/user/.m2/repository/org/apache/hadoop/hadoop-hdds-server-scm/0.5.0-SNAPSHOT/hadoop-hdds-server-scm-0.5.0-SNAPSHOT-tests.jar:/home/user/.m2/repository/org/apache/hadoop/hadoop-hdds-container-service/0.5.0-SNAPSHOT/hadoop-hdds-container-service-0.5.0-SNAPSHOT-tests.jar:/home/user/.m2/repository/org/yaml/snakeyaml/1.16/snakeyaml-1.16.jar:/home/user/.m2/repository/org/apache/hadoop/hadoop-common/3.2.0/hadoop-common-3.2.0-tests.jar:/home/user/.m2/repository/org/apache/hadoop/hadoop-annotations/3.2.0/hadoop-annotations-3.2.0.jar:/usr/lib/jvm/java-1.8.0-openjdk-1.8.0.222.b10-1.el7_7.x86_64/jre/../lib/tools.jar:/home/user/.m2/repository/commons-cli/commons-cli/1.2/commons-cli-1.2.jar:/home/user/.m2/repository/org/apache/httpcomponents/httpclient/4.5.2/httpclient-4.5.2.jar:/home/user/.m2/repository/org/apache/httpcomponents/httpcore/4.4.4/httpcore-4.4.4.jar:/home/user/.m2/repository/commons-codec/commons-codec/1.11/commons-codec-1.11.jar:/home/user/.m2/repository/commons-net/commons-net/3.6/commons-net-3.6.jar:/home/user/.m2/repository/commons-collections/commons-collections/3.2.2/commons-collections-3.2.2.jar:/home/user/.m2/repository/org/eclipse/jetty/jetty-servlet/9.3.25.v20180904/jetty-servlet-9.3.25.v20180904.jar:/home/user/.m2/repository/org/eclipse/jetty/jetty-security/9.3.25.v20180904/jetty-security-9.3.25.v20180904.jar:/home/user/.m2/repository/javax/servlet/jsp/jsp-api/2.1/jsp-api-2.1.jar:/home/user/.m2/repository/com/sun/jersey/jersey-servlet/1.19/jersey-servlet-1.19.jar:/home/user/.m2/repository/com/sun/jersey/jersey-json/1.19/jersey-json-1.19.jar:/home/user/.m2/repository/org/codehaus/jettison/jettison/1.1/jettison-1.1.jar:/home/user/.m2/repository/org/codehaus/jackson/jackson-core-asl/1.9.13/jackson-core-asl-1.9.13.jar:/home/user/.m2/repository/org/codehaus/jackson/jackson-mapper-asl/1.9.13/jackson-mapper-asl-1.9.13.jar:/home/user/.m2/repository/org/codehaus/jackson/jackson-jaxrs/1.9.13/jackson-jaxrs-1.9.13.jar:/home/user/.m2/repository/org/codehaus/jackson/jackson-xc/1.9.13/jackson-xc-1.9.13.jar:/home/user/.m2/repository/commons-logging/commons-logging/1.1.3/commons-logging-1.1.3.jar:/home/user/.m2/repository/commons-beanutils/commons-beanutils/1.9.4/commons-beanutils-1.9.4.jar:/home/user/.m2/repository/org/apache/commons/commons-configuration2/2.1.1/commons-configuration2-2.1.1.jar:/home/user/.m2/repository/org/apache/commons/commons-lang3/3.7/commons-lang3-3.7.jar:/home/user/.m2/repository/org/apache/commons/commons-text/1.4/commons-text-1.4.jar:/home/user/.m2/repository/org/apache/avro/avro/1.7.7/avro-1.7.7.jar:/home/user/.m2/repository/com/thoughtworks/paranamer/paranamer/2.3/paranamer-2.3.jar:/home/user/.m2/repository/org/xerial/snappy/snappy-java/1.0.5/snappy-java-1.0.5.jar:/home/user/.m2/repository/com/google/re2j/re2j/1.1/re2j-1.1.jar:/home/user/.m2/repository/com/google/code/gson/gson/2.2.4/gson-2.2.4.jar:/home/user/.m2/repository/com/jcraft/jsch/0.1.54/jsch-0.1.54.jar:/home/user/.m2/repository/org/apache/curator/curator-client/2.12.0/curator-client-2.12.0.jar:/home/user/.m2/repository/org/apache/curator/curator-recipes/2.12.0/curator-recipes-2.12.0.jar:/home/user/.m2/repository/com/google/code/findbugs/jsr305/3.0.0/jsr305-3.0.0.jar:/home/user/.m2/repository/org/apache/htrace/htrace-core4/4.1.0-incubating/htrace-core4-4.1.0-incubating.jar:/home/user/.m2/repository/org/apache/zookeeper/zookeeper/3.4.13/zookeeper-3.4.13.jar:/home/user/.m2/repository/jline/jline/0.9.94/jline-0.9.94.jar:/home/user/.m2/repository/org/apache/yetus/audience-annotations/0.5.0/audience-annotations-0.5.0.jar:/home/user/.m2/repository/org/codehaus/woodstox/stax2-api/3.1.4/stax2-api-3.1.4.jar:/home/user/.m2/repository/com/fasterxml/woodstox/woodstox-core/5.0.3/woodstox-core-5.0.3.jar:/home/user/.m2/repository/dnsjava/dnsjava/2.1.7/dnsjava-2.1.7.jar:/home/user/.m2/repository/org/apache/hadoop/hadoop-hdfs/3.2.0/hadoop-hdfs-3.2.0-tests.jar:/home/user/.m2/repository/org/eclipse/jetty/jetty-util-ajax/9.3.25.v20180904/jetty-util-ajax-9.3.25.v20180904.jar:/home/user/.m2/repository/commons-daemon/commons-daemon/1.0.13/commons-daemon-1.0.13.jar:/home/user/.m2/repository/io/netty/netty/3.10.5.Final/netty-3.10.5.Final.jar:/home/user/.m2/repository/io/netty/netty-all/4.0.52.Final/netty-all-4.0.52.Final.jar:/home/user/.m2/repository/org/fusesource/leveldbjni/leveldbjni-all/1.8/leveldbjni-all-1.8.jar:"/>
    <property name="java.vm.vendor" value="Oracle Corporation"/>
    <property name="sun.arch.data.model" value="64"/>
    <property name="test.build.dir" value="/workdir/hadoop-ozone/integration-test/target/test-dir"/>
    <property name="test.cache.data" value=""/>
    <property name="java.vendor.url" value="http://java.oracle.com/"/>
    <property name="user.timezone" value=""/>
    <property name="java.vm.specification.version" value="1.8"/>
    <property name="os.name" value="Linux"/>
    <property name="test.build.data" value="/workdir/hadoop-ozone/integration-test/target/test-dir"/>
    <property name="user.country" value="US"/>
    <property name="sun.java.launcher" value="SUN_STANDARD"/>
    <property name="sun.boot.library.path" value="/usr/lib/jvm/java-1.8.0-openjdk-1.8.0.222.b10-1.el7_7.x86_64/jre/lib/amd64"/>
    <property name="sun.java.command" value="/workdir/hadoop-ozone/integration-test/target/surefire/surefirebooter554748523381795147.jar /workdir/hadoop-ozone/integration-test/target/surefire 2019-10-20T17-13-56_094-jvmRun1 surefire7016558514237861037tmp surefire_218395377030480365934tmp"/>
    <property name="surefire.test.class.path" value="/workdir/hadoop-ozone/integration-test/target/test-classes:/workdir/hadoop-ozone/integration-test/target/classes:/home/user/.m2/repository/org/apache/hadoop/hadoop-ozone-common/0.5.0-SNAPSHOT/hadoop-ozone-common-0.5.0-SNAPSHOT.jar:/home/user/.m2/repository/org/apache/commons/commons-compress/1.4.1/commons-compress-1.4.1.jar:/home/user/.m2/repository/org/tukaani/xz/1.0/xz-1.0.jar:/home/user/.m2/repository/org/apache/hadoop/hadoop-common/3.2.0/hadoop-common-3.2.0.jar:/home/user/.m2/repository/org/apache/hadoop/hadoop-hdfs/3.2.0/hadoop-hdfs-3.2.0.jar:/home/user/.m2/repository/org/apache/hadoop/hadoop-hdfs-client/3.2.0/hadoop-hdfs-client-3.2.0.jar:/home/user/.m2/repository/com/fasterxml/jackson/core/jackson-annotations/2.9.9/jackson-annotations-2.9.9.jar:/home/user/.m2/repository/org/apache/hadoop/hadoop-hdds-common/0.5.0-SNAPSHOT/hadoop-hdds-common-0.5.0-SNAPSHOT.jar:/home/user/.m2/repository/javax/annotation/javax.annotation-api/1.2/javax.annotation-api-1.2.jar:/home/user/.m2/repository/org/apache/ratis/ratis-server/0.5.0-3f446aa-SNAPSHOT/ratis-server-0.5.0-3f446aa-SNAPSHOT.jar:/home/user/.m2/repository/org/apache/ratis/ratis-thirdparty-misc/0.2.0/ratis-thirdparty-misc-0.2.0.jar:/home/user/.m2/repository/org/apache/ratis/ratis-proto/0.5.0-3f446aa-SNAPSHOT/ratis-proto-0.5.0-3f446aa-SNAPSHOT.jar:/home/user/.m2/repository/org/apache/ratis/ratis-common/0.5.0-3f446aa-SNAPSHOT/ratis-common-0.5.0-3f446aa-SNAPSHOT.jar:/home/user/.m2/repository/org/apache/ratis/ratis-client/0.5.0-3f446aa-SNAPSHOT/ratis-client-0.5.0-3f446aa-SNAPSHOT.jar:/home/user/.m2/repository/org/apache/ratis/ratis-metrics/0.5.0-3f446aa-SNAPSHOT/ratis-metrics-0.5.0-3f446aa-SNAPSHOT.jar:/home/user/.m2/repository/com/github/joshelser/dropwizard-metrics-hadoop-metrics2-reporter/0.1.2/dropwizard-metrics-hadoop-metrics2-reporter-0.1.2.jar:/home/user/.m2/repository/io/dropwizard/metrics/metrics-jvm/3.2.5/metrics-jvm-3.2.5.jar:/home/user/.m2/repository/io/dropwizard/metrics/metrics-ganglia/3.2.5/metrics-ganglia-3.2.5.jar:/home/user/.m2/repository/info/ganglia/gmetric4j/gmetric4j/1.0.7/gmetric4j-1.0.7.jar:/home/user/.m2/repository/org/apache/ratis/ratis-netty/0.5.0-3f446aa-SNAPSHOT/ratis-netty-0.5.0-3f446aa-SNAPSHOT.jar:/home/user/.m2/repository/org/apache/ratis/ratis-grpc/0.5.0-3f446aa-SNAPSHOT/ratis-grpc-0.5.0-3f446aa-SNAPSHOT.jar:/home/user/.m2/repository/org/rocksdb/rocksdbjni/6.0.1/rocksdbjni-6.0.1.jar:/home/user/.m2/repository/org/apache/logging/log4j/log4j-api/2.11.0/log4j-api-2.11.0.jar:/home/user/.m2/repository/org/apache/logging/log4j/log4j-core/2.11.0/log4j-core-2.11.0.jar:/home/user/.m2/repository/com/lmax/disruptor/3.4.2/disruptor-3.4.2.jar:/home/user/.m2/repository/org/apache/commons/commons-pool2/2.6.0/commons-pool2-2.6.0.jar:/home/user/.m2/repository/org/bouncycastle/bcpkix-jdk15on/1.60/bcpkix-jdk15on-1.60.jar:/home/user/.m2/repository/commons-validator/commons-validator/1.6/commons-validator-1.6.jar:/home/user/.m2/repository/commons-digester/commons-digester/1.8.1/commons-digester-1.8.1.jar:/home/user/.m2/repository/io/jaegertracing/jaeger-client/0.34.0/jaeger-client-0.34.0.jar:/home/user/.m2/repository/io/jaegertracing/jaeger-thrift/0.34.0/jaeger-thrift-0.34.0.jar:/home/user/.m2/repository/org/apache/thrift/libthrift/0.12.0/libthrift-0.12.0.jar:/home/user/.m2/repository/com/squareup/okhttp3/okhttp/3.9.0/okhttp-3.9.0.jar:/home/user/.m2/repository/com/squareup/okio/okio/1.13.0/okio-1.13.0.jar:/home/user/.m2/repository/io/jaegertracing/jaeger-core/0.34.0/jaeger-core-0.34.0.jar:/home/user/.m2/repository/io/jaegertracing/jaeger-tracerresolver/0.34.0/jaeger-tracerresolver-0.34.0.jar:/home/user/.m2/repository/io/opentracing/contrib/opentracing-tracerresolver/0.1.5/opentracing-tracerresolver-0.1.5.jar:/home/user/.m2/repository/io/opentracing/opentracing-util/0.31.0/opentracing-util-0.31.0.jar:/home/user/.m2/repository/io/opentracing/opentracing-api/0.31.0/opentracing-api-0.31.0.jar:/home/user/.m2/repository/io/opentracing/opentracing-noop/0.31.0/opentracing-noop-0.31.0.jar:/home/user/.m2/repository/org/apache/hadoop/hadoop-hdds-server-framework/0.5.0-SNAPSHOT/hadoop-hdds-server-framework-0.5.0-SNAPSHOT.jar:/home/user/.m2/repository/org/apache/hadoop/hadoop-hdds-container-service/0.5.0-SNAPSHOT/hadoop-hdds-container-service-0.5.0-SNAPSHOT.jar:/home/user/.m2/repository/org/apache/hadoop/hadoop-hdds-client/0.5.0-SNAPSHOT/hadoop-hdds-client-0.5.0-SNAPSHOT.jar:/home/user/.m2/repository/org/apache/hadoop/hadoop-hdds-tools/0.5.0-SNAPSHOT/hadoop-hdds-tools-0.5.0-SNAPSHOT.jar:/home/user/.m2/repository/org/apache/hadoop/hadoop-hdds-server-scm/0.5.0-SNAPSHOT/hadoop-hdds-server-scm-0.5.0-SNAPSHOT.jar:/home/user/.m2/repository/org/apache/hadoop/hadoop-hdds-docs/0.5.0-SNAPSHOT/hadoop-hdds-docs-0.5.0-SNAPSHOT.jar:/home/user/.m2/repository/io/dropwizard/metrics/metrics-core/3.2.4/metrics-core-3.2.4.jar:/home/user/.m2/repository/org/hamcrest/hamcrest-all/1.3/hamcrest-all-1.3.jar:/home/user/.m2/repository/org/bouncycastle/bcprov-jdk15on/1.60/bcprov-jdk15on-1.60.jar:/home/user/.m2/repository/info/picocli/picocli/3.9.6/picocli-3.9.6.jar:/home/user/.m2/repository/com/google/protobuf/protobuf-java/2.5.0/protobuf-java-2.5.0.jar:/home/user/.m2/repository/com/google/guava/guava/11.0.2/guava-11.0.2.jar:/home/user/.m2/repository/org/apache/hadoop/hadoop-ozone-ozone-manager/0.5.0-SNAPSHOT/hadoop-ozone-ozone-manager-0.5.0-SNAPSHOT.jar:/home/user/.m2/repository/org/apache/hadoop/hadoop-minikdc/3.2.0/hadoop-minikdc-3.2.0.jar:/home/user/.m2/repository/commons-io/commons-io/2.5/commons-io-2.5.jar:/home/user/.m2/repository/org/apache/kerby/kerb-simplekdc/1.0.1/kerb-simplekdc-1.0.1.jar:/home/user/.m2/repository/org/apache/kerby/kerb-client/1.0.1/kerb-client-1.0.1.jar:/home/user/.m2/repository/org/apache/kerby/kerby-config/1.0.1/kerby-config-1.0.1.jar:/home/user/.m2/repository/org/apache/kerby/kerb-core/1.0.1/kerb-core-1.0.1.jar:/home/user/.m2/repository/org/apache/kerby/kerby-pkix/1.0.1/kerby-pkix-1.0.1.jar:/home/user/.m2/repository/org/apache/kerby/kerby-asn1/1.0.1/kerby-asn1-1.0.1.jar:/home/user/.m2/repository/org/apache/kerby/kerby-util/1.0.1/kerby-util-1.0.1.jar:/home/user/.m2/repository/org/apache/kerby/kerb-common/1.0.1/kerb-common-1.0.1.jar:/home/user/.m2/repository/org/apache/kerby/kerb-crypto/1.0.1/kerb-crypto-1.0.1.jar:/home/user/.m2/repository/org/apache/kerby/kerb-util/1.0.1/kerb-util-1.0.1.jar:/home/user/.m2/repository/org/apache/kerby/token-provider/1.0.1/token-provider-1.0.1.jar:/home/user/.m2/repository/org/apache/kerby/kerb-admin/1.0.1/kerb-admin-1.0.1.jar:/home/user/.m2/repository/org/apache/kerby/kerb-server/1.0.1/kerb-server-1.0.1.jar:/home/user/.m2/repository/org/apache/kerby/kerb-identity/1.0.1/kerb-identity-1.0.1.jar:/home/user/.m2/repository/org/apache/kerby/kerby-xdr/1.0.1/kerby-xdr-1.0.1.jar:/home/user/.m2/repository/org/slf4j/slf4j-log4j12/1.7.25/slf4j-log4j12-1.7.25.jar:/home/user/.m2/repository/org/apache/hadoop/hadoop-ozone-s3gateway/0.5.0-SNAPSHOT/hadoop-ozone-s3gateway-0.5.0-SNAPSHOT.jar:/home/user/.m2/repository/org/jboss/weld/servlet/weld-servlet/2.4.7.Final/weld-servlet-2.4.7.Final.jar:/home/user/.m2/repository/org/glassfish/jersey/containers/jersey-container-servlet-core/2.27/jersey-container-servlet-core-2.27.jar:/home/user/.m2/repository/org/glassfish/hk2/external/javax.inject/2.5.0-b42/javax.inject-2.5.0-b42.jar:/home/user/.m2/repository/org/glassfish/jersey/core/jersey-common/2.27/jersey-common-2.27.jar:/home/user/.m2/repository/org/glassfish/hk2/osgi-resource-locator/1.0.1/osgi-resource-locator-1.0.1.jar:/home/user/.m2/repository/javax/ws/rs/javax.ws.rs-api/2.1/javax.ws.rs-api-2.1.jar:/home/user/.m2/repository/org/glassfish/jersey/ext/cdi/jersey-cdi1x/2.27/jersey-cdi1x-2.27.jar:/home/user/.m2/repository/org/glassfish/jersey/inject/jersey-hk2/2.27/jersey-hk2-2.27.jar:/home/user/.m2/repository/org/glassfish/hk2/hk2-locator/2.5.0-b42/hk2-locator-2.5.0-b42.jar:/home/user/.m2/repository/org/javassist/javassist/3.22.0-CR2/javassist-3.22.0-CR2.jar:/home/user/.m2/repository/org/glassfish/hk2/hk2-api/2.5.0/hk2-api-2.5.0.jar:/home/user/.m2/repository/org/glassfish/hk2/external/jakarta.inject/2.5.0/jakarta.inject-2.5.0.jar:/home/user/.m2/repository/org/glassfish/hk2/hk2-utils/2.5.0/hk2-utils-2.5.0.jar:/home/user/.m2/repository/jakarta/annotation/jakarta.annotation-api/1.3.4/jakarta.annotation-api-1.3.4.jar:/home/user/.m2/repository/org/glassfish/hk2/external/aopalliance-repackaged/2.5.0/aopalliance-repackaged-2.5.0.jar:/home/user/.m2/repository/com/fasterxml/jackson/dataformat/jackson-dataformat-xml/2.9.0/jackson-dataformat-xml-2.9.0.jar:/home/user/.m2/repository/com/fasterxml/jackson/core/jackson-core/2.9.9/jackson-core-2.9.9.jar:/home/user/.m2/repository/com/fasterxml/jackson/module/jackson-module-jaxb-annotations/2.9.9/jackson-module-jaxb-annotations-2.9.9.jar:/home/user/.m2/repository/javax/enterprise/cdi-api/1.2/cdi-api-1.2.jar:/home/user/.m2/repository/javax/el/javax.el-api/3.0.0/javax.el-api-3.0.0.jar:/home/user/.m2/repository/javax/interceptor/javax.interceptor-api/1.2/javax.interceptor-api-1.2.jar:/home/user/.m2/repository/javax/inject/javax.inject/1/javax.inject-1.jar:/home/user/.m2/repository/com/sun/xml/bind/jaxb-impl/2.3.0.1/jaxb-impl-2.3.0.1.jar:/home/user/.m2/repository/com/sun/xml/bind/jaxb-core/2.3.0.1/jaxb-core-2.3.0.1.jar:/home/user/.m2/repository/javax/xml/bind/jaxb-api/2.3.0/jaxb-api-2.3.0.jar:/home/user/.m2/repository/javax/activation/activation/1.1.1/activation-1.1.1.jar:/home/user/.m2/repository/org/apache/hadoop/hadoop-ozone-csi/0.5.0-SNAPSHOT/hadoop-ozone-csi-0.5.0-SNAPSHOT.jar:/home/user/.m2/repository/com/google/protobuf/protobuf-java-util/3.5.1/protobuf-java-util-3.5.1.jar:/home/user/.m2/repository/org/apache/hadoop/hadoop-hdds-config/0.5.0-SNAPSHOT/hadoop-hdds-config-0.5.0-SNAPSHOT.jar:/home/user/.m2/repository/io/grpc/grpc-netty/1.17.1/grpc-netty-1.17.1.jar:/home/user/.m2/repository/io/grpc/grpc-core/1.17.1/grpc-core-1.17.1.jar:/home/user/.m2/repository/io/grpc/grpc-context/1.17.1/grpc-context-1.17.1.jar:/home/user/.m2/repository/com/google/errorprone/error_prone_annotations/2.2.0/error_prone_annotations-2.2.0.jar:/home/user/.m2/repository/org/codehaus/mojo/animal-sniffer-annotations/1.17/animal-sniffer-annotations-1.17.jar:/home/user/.m2/repository/io/opencensus/opencensus-api/0.17.0/opencensus-api-0.17.0.jar:/home/user/.m2/repository/io/opencensus/opencensus-contrib-grpc-metrics/0.17.0/opencensus-contrib-grpc-metrics-0.17.0.jar:/home/user/.m2/repository/io/netty/netty-codec-http2/4.1.30.Final/netty-codec-http2-4.1.30.Final.jar:/home/user/.m2/repository/io/netty/netty-codec-http/4.1.30.Final/netty-codec-http-4.1.30.Final.jar:/home/user/.m2/repository/io/netty/netty-codec/4.1.30.Final/netty-codec-4.1.30.Final.jar:/home/user/.m2/repository/io/netty/netty-handler/4.1.30.Final/netty-handler-4.1.30.Final.jar:/home/user/.m2/repository/io/netty/netty-handler-proxy/4.1.30.Final/netty-handler-proxy-4.1.30.Final.jar:/home/user/.m2/repository/io/netty/netty-codec-socks/4.1.30.Final/netty-codec-socks-4.1.30.Final.jar:/home/user/.m2/repository/io/netty/netty-transport-native-epoll/4.1.30.Final/netty-transport-native-epoll-4.1.30.Final.jar:/home/user/.m2/repository/io/netty/netty-common/4.1.30.Final/netty-common-4.1.30.Final.jar:/home/user/.m2/repository/io/netty/netty-buffer/4.1.30.Final/netty-buffer-4.1.30.Final.jar:/home/user/.m2/repository/io/netty/netty-transport/4.1.30.Final/netty-transport-4.1.30.Final.jar:/home/user/.m2/repository/io/netty/netty-resolver/4.1.30.Final/netty-resolver-4.1.30.Final.jar:/home/user/.m2/repository/io/netty/netty-transport-native-unix-common/4.1.30.Final/netty-transport-native-unix-common-4.1.30.Final.jar:/home/user/.m2/repository/io/grpc/grpc-protobuf/1.17.1/grpc-protobuf-1.17.1.jar:/home/user/.m2/repository/com/google/api/grpc/proto-google-common-protos/1.0.0/proto-google-common-protos-1.0.0.jar:/home/user/.m2/repository/io/grpc/grpc-protobuf-lite/1.17.1/grpc-protobuf-lite-1.17.1.jar:/home/user/.m2/repository/io/grpc/grpc-stub/1.17.1/grpc-stub-1.17.1.jar:/home/user/.m2/repository/org/apache/hadoop/hadoop-ozone-recon/0.5.0-SNAPSHOT/hadoop-ozone-recon-0.5.0-SNAPSHOT.jar:/home/user/.m2/repository/org/apache/hadoop/hadoop-ozone-reconcodegen/0.5.0-SNAPSHOT/hadoop-ozone-reconcodegen-0.5.0-SNAPSHOT.jar:/home/user/.m2/repository/com/google/inject/extensions/guice-multibindings/4.0/guice-multibindings-4.0.jar:/home/user/.m2/repository/com/google/inject/guice/4.0/guice-4.0.jar:/home/user/.m2/repository/aopalliance/aopalliance/1.0/aopalliance-1.0.jar:/home/user/.m2/repository/com/google/inject/extensions/guice-servlet/4.0/guice-servlet-4.0.jar:/home/user/.m2/repository/org/glassfish/jersey/containers/jersey-container-servlet/2.27/jersey-container-servlet-2.27.jar:/home/user/.m2/repository/org/glassfish/hk2/guice-bridge/2.5.0/guice-bridge-2.5.0.jar:/home/user/.m2/repository/org/glassfish/jersey/core/jersey-server/2.27/jersey-server-2.27.jar:/home/user/.m2/repository/org/glassfish/jersey/core/jersey-client/2.27/jersey-client-2.27.jar:/home/user/.m2/repository/org/glassfish/jersey/media/jersey-media-jaxb/2.27/jersey-media-jaxb-2.27.jar:/home/user/.m2/repository/javax/validation/validation-api/1.1.0.Final/validation-api-1.1.0.Final.jar:/home/user/.m2/repository/org/glassfish/jersey/media/jersey-media-json-jackson/2.27/jersey-media-json-jackson-2.27.jar:/home/user/.m2/repository/org/glassfish/jersey/ext/jersey-entity-filtering/2.27/jersey-entity-filtering-2.27.jar:/home/user/.m2/repository/com/google/inject/extensions/guice-assistedinject/4.0/guice-assistedinject-4.0.jar:/home/user/.m2/repository/org/jooq/jooq/3.11.10/jooq-3.11.10.jar:/home/user/.m2/repository/org/jooq/jooq-meta/3.11.10/jooq-meta-3.11.10.jar:/home/user/.m2/repository/org/jooq/jooq-codegen/3.11.10/jooq-codegen-3.11.10.jar:/home/user/.m2/repository/com/jolbox/bonecp/0.8.0.RELEASE/bonecp-0.8.0.RELEASE.jar:/home/user/.m2/repository/org/xerial/sqlite-jdbc/3.25.2/sqlite-jdbc-3.25.2.jar:/home/user/.m2/repository/org/springframework/spring-jdbc/5.1.3.RELEASE/spring-jdbc-5.1.3.RELEASE.jar:/home/user/.m2/repository/org/springframework/spring-beans/5.1.3.RELEASE/spring-beans-5.1.3.RELEASE.jar:/home/user/.m2/repository/org/springframework/spring-core/5.1.3.RELEASE/spring-core-5.1.3.RELEASE.jar:/home/user/.m2/repository/org/springframework/spring-jcl/5.1.3.RELEASE/spring-jcl-5.1.3.RELEASE.jar:/home/user/.m2/repository/org/springframework/spring-tx/5.1.3.RELEASE/spring-tx-5.1.3.RELEASE.jar:/home/user/.m2/repository/org/apache/hadoop/hadoop-ozone-client/0.5.0-SNAPSHOT/hadoop-ozone-client-0.5.0-SNAPSHOT.jar:/home/user/.m2/repository/commons-lang/commons-lang/2.6/commons-lang-2.6.jar:/home/user/.m2/repository/org/apache/hadoop/hadoop-ozone-ozone-manager/0.5.0-SNAPSHOT/hadoop-ozone-ozone-manager-0.5.0-SNAPSHOT-tests.jar:/home/user/.m2/repository/junit/junit/4.11/junit-4.11.jar:/home/user/.m2/repository/org/hamcrest/hamcrest-core/1.3/hamcrest-core-1.3.jar:/home/user/.m2/repository/org/openjdk/jmh/jmh-core/1.19/jmh-core-1.19.jar:/home/user/.m2/repository/net/sf/jopt-simple/jopt-simple/4.6/jopt-simple-4.6.jar:/home/user/.m2/repository/org/apache/commons/commons-math3/3.1.1/commons-math3-3.1.1.jar:/home/user/.m2/repository/org/openjdk/jmh/jmh-generator-annprocess/1.19/jmh-generator-annprocess-1.19.jar:/home/user/.m2/repository/org/mockito/mockito-all/1.8.5/mockito-all-1.8.5.jar:/home/user/.m2/repository/org/apache/hadoop/hadoop-kms/3.2.0/hadoop-kms-3.2.0.jar:/home/user/.m2/repository/org/apache/hadoop/hadoop-auth/3.2.0/hadoop-auth-3.2.0.jar:/home/user/.m2/repository/com/nimbusds/nimbus-jose-jwt/4.41.1/nimbus-jose-jwt-4.41.1.jar:/home/user/.m2/repository/com/github/stephenc/jcip/jcip-annotations/1.0-1/jcip-annotations-1.0-1.jar:/home/user/.m2/repository/net/minidev/json-smart/2.3/json-smart-2.3.jar:/home/user/.m2/repository/net/minidev/accessors-smart/1.2/accessors-smart-1.2.jar:/home/user/.m2/repository/org/ow2/asm/asm/5.0.4/asm-5.0.4.jar:/home/user/.m2/repository/org/apache/curator/curator-framework/2.12.0/curator-framework-2.12.0.jar:/home/user/.m2/repository/com/sun/jersey/jersey-core/1.19/jersey-core-1.19.jar:/home/user/.m2/repository/javax/ws/rs/jsr311-api/1.1.1/jsr311-api-1.1.1.jar:/home/user/.m2/repository/com/sun/jersey/jersey-server/1.19/jersey-server-1.19.jar:/home/user/.m2/repository/javax/servlet/javax.servlet-api/3.1.0/javax.servlet-api-3.1.0.jar:/home/user/.m2/repository/org/eclipse/jetty/jetty-server/9.3.25.v20180904/jetty-server-9.3.25.v20180904.jar:/home/user/.m2/repository/org/eclipse/jetty/jetty-http/9.3.25.v20180904/jetty-http-9.3.25.v20180904.jar:/home/user/.m2/repository/org/eclipse/jetty/jetty-io/9.3.25.v20180904/jetty-io-9.3.25.v20180904.jar:/home/user/.m2/repository/org/eclipse/jetty/jetty-webapp/9.3.25.v20180904/jetty-webapp-9.3.25.v20180904.jar:/home/user/.m2/repository/org/eclipse/jetty/jetty-xml/9.3.25.v20180904/jetty-xml-9.3.25.v20180904.jar:/home/user/.m2/repository/log4j/log4j/1.2.17/log4j-1.2.17.jar:/home/user/.m2/repository/org/slf4j/slf4j-api/1.7.25/slf4j-api-1.7.25.jar:/home/user/.m2/repository/org/slf4j/jul-to-slf4j/1.7.25/jul-to-slf4j-1.7.25.jar:/home/user/.m2/repository/org/eclipse/jetty/jetty-util/9.3.25.v20180904/jetty-util-9.3.25.v20180904.jar:/home/user/.m2/repository/com/fasterxml/jackson/core/jackson-databind/2.9.9/jackson-databind-2.9.9.jar:/home/user/.m2/repository/org/apache/hadoop/hadoop-kms/3.2.0/hadoop-kms-3.2.0-tests.jar:/home/user/.m2/repository/org/apache/hadoop/hadoop-hdds-server-scm/0.5.0-SNAPSHOT/hadoop-hdds-server-scm-0.5.0-SNAPSHOT-tests.jar:/home/user/.m2/repository/org/apache/hadoop/hadoop-hdds-container-service/0.5.0-SNAPSHOT/hadoop-hdds-container-service-0.5.0-SNAPSHOT-tests.jar:/home/user/.m2/repository/org/yaml/snakeyaml/1.16/snakeyaml-1.16.jar:/home/user/.m2/repository/org/apache/hadoop/hadoop-common/3.2.0/hadoop-common-3.2.0-tests.jar:/home/user/.m2/repository/org/apache/hadoop/hadoop-annotations/3.2.0/hadoop-annotations-3.2.0.jar:/usr/lib/jvm/java-1.8.0-openjdk-1.8.0.222.b10-1.el7_7.x86_64/jre/../lib/tools.jar:/home/user/.m2/repository/commons-cli/commons-cli/1.2/commons-cli-1.2.jar:/home/user/.m2/repository/org/apache/httpcomponents/httpclient/4.5.2/httpclient-4.5.2.jar:/home/user/.m2/repository/org/apache/httpcomponents/httpcore/4.4.4/httpcore-4.4.4.jar:/home/user/.m2/repository/commons-codec/commons-codec/1.11/commons-codec-1.11.jar:/home/user/.m2/repository/commons-net/commons-net/3.6/commons-net-3.6.jar:/home/user/.m2/repository/commons-collections/commons-collections/3.2.2/commons-collections-3.2.2.jar:/home/user/.m2/repository/org/eclipse/jetty/jetty-servlet/9.3.25.v20180904/jetty-servlet-9.3.25.v20180904.jar:/home/user/.m2/repository/org/eclipse/jetty/jetty-security/9.3.25.v20180904/jetty-security-9.3.25.v20180904.jar:/home/user/.m2/repository/javax/servlet/jsp/jsp-api/2.1/jsp-api-2.1.jar:/home/user/.m2/repository/com/sun/jersey/jersey-servlet/1.19/jersey-servlet-1.19.jar:/home/user/.m2/repository/com/sun/jersey/jersey-json/1.19/jersey-json-1.19.jar:/home/user/.m2/repository/org/codehaus/jettison/jettison/1.1/jettison-1.1.jar:/home/user/.m2/repository/org/codehaus/jackson/jackson-core-asl/1.9.13/jackson-core-asl-1.9.13.jar:/home/user/.m2/repository/org/codehaus/jackson/jackson-mapper-asl/1.9.13/jackson-mapper-asl-1.9.13.jar:/home/user/.m2/repository/org/codehaus/jackson/jackson-jaxrs/1.9.13/jackson-jaxrs-1.9.13.jar:/home/user/.m2/repository/org/codehaus/jackson/jackson-xc/1.9.13/jackson-xc-1.9.13.jar:/home/user/.m2/repository/commons-logging/commons-logging/1.1.3/commons-logging-1.1.3.jar:/home/user/.m2/repository/commons-beanutils/commons-beanutils/1.9.4/commons-beanutils-1.9.4.jar:/home/user/.m2/repository/org/apache/commons/commons-configuration2/2.1.1/commons-configuration2-2.1.1.jar:/home/user/.m2/repository/org/apache/commons/commons-lang3/3.7/commons-lang3-3.7.jar:/home/user/.m2/repository/org/apache/commons/commons-text/1.4/commons-text-1.4.jar:/home/user/.m2/repository/org/apache/avro/avro/1.7.7/avro-1.7.7.jar:/home/user/.m2/repository/com/thoughtworks/paranamer/paranamer/2.3/paranamer-2.3.jar:/home/user/.m2/repository/org/xerial/snappy/snappy-java/1.0.5/snappy-java-1.0.5.jar:/home/user/.m2/repository/com/google/re2j/re2j/1.1/re2j-1.1.jar:/home/user/.m2/repository/com/google/code/gson/gson/2.2.4/gson-2.2.4.jar:/home/user/.m2/repository/com/jcraft/jsch/0.1.54/jsch-0.1.54.jar:/home/user/.m2/repository/org/apache/curator/curator-client/2.12.0/curator-client-2.12.0.jar:/home/user/.m2/repository/org/apache/curator/curator-recipes/2.12.0/curator-recipes-2.12.0.jar:/home/user/.m2/repository/com/google/code/findbugs/jsr305/3.0.0/jsr305-3.0.0.jar:/home/user/.m2/repository/org/apache/htrace/htrace-core4/4.1.0-incubating/htrace-core4-4.1.0-incubating.jar:/home/user/.m2/repository/org/apache/zookeeper/zookeeper/3.4.13/zookeeper-3.4.13.jar:/home/user/.m2/repository/jline/jline/0.9.94/jline-0.9.94.jar:/home/user/.m2/repository/org/apache/yetus/audience-annotations/0.5.0/audience-annotations-0.5.0.jar:/home/user/.m2/repository/org/codehaus/woodstox/stax2-api/3.1.4/stax2-api-3.1.4.jar:/home/user/.m2/repository/com/fasterxml/woodstox/woodstox-core/5.0.3/woodstox-core-5.0.3.jar:/home/user/.m2/repository/dnsjava/dnsjava/2.1.7/dnsjava-2.1.7.jar:/home/user/.m2/repository/org/apache/hadoop/hadoop-hdfs/3.2.0/hadoop-hdfs-3.2.0-tests.jar:/home/user/.m2/repository/org/eclipse/jetty/jetty-util-ajax/9.3.25.v20180904/jetty-util-ajax-9.3.25.v20180904.jar:/home/user/.m2/repository/commons-daemon/commons-daemon/1.0.13/commons-daemon-1.0.13.jar:/home/user/.m2/repository/io/netty/netty/3.10.5.Final/netty-3.10.5.Final.jar:/home/user/.m2/repository/io/netty/netty-all/4.0.52.Final/netty-all-4.0.52.Final.jar:/home/user/.m2/repository/org/fusesource/leveldbjni/leveldbjni-all/1.8/leveldbjni-all-1.8.jar:"/>
    <property name="sun.cpu.endian" value="little"/>
    <property name="user.home" value="/home/user"/>
    <property name="user.language" value="en"/>
    <property name="java.specification.vendor" value="Oracle Corporation"/>
    <property name="java.home" value="/usr/lib/jvm/java-1.8.0-openjdk-1.8.0.222.b10-1.el7_7.x86_64/jre"/>
    <property name="surefire.excludesFile" value="/tools/ozone-bad-unit-tests"/>
    <property name="java.security.krb5.conf" value="/workdir/hadoop-ozone/integration-test/target/test-classes/krb5.conf"/>
    <property name="basedir" value="/workdir/hadoop-ozone/integration-test"/>
    <property name="file.separator" value="/"/>
    <property name="line.separator" value="&#10;"/>
    <property name="java.vm.specification.vendor" value="Oracle Corporation"/>
    <property name="java.specification.name" value="Java Platform API Specification"/>
    <property name="java.awt.graphicsenv" value="sun.awt.X11GraphicsEnvironment"/>
    <property name="surefire.real.class.path" value="/workdir/hadoop-ozone/integration-test/target/surefire/surefirebooter554748523381795147.jar"/>
    <property name="hadoop.log.dir" value="/workdir/hadoop-ozone/integration-test/target/log"/>
    <property name="sun.boot.class.path" value="/usr/lib/jvm/java-1.8.0-openjdk-1.8.0.222.b10-1.el7_7.x86_64/jre/lib/resources.jar:/usr/lib/jvm/java-1.8.0-openjdk-1.8.0.222.b10-1.el7_7.x86_64/jre/lib/rt.jar:/usr/lib/jvm/java-1.8.0-openjdk-1.8.0.222.b10-1.el7_7.x86_64/jre/lib/sunrsasign.jar:/usr/lib/jvm/java-1.8.0-openjdk-1.8.0.222.b10-1.el7_7.x86_64/jre/lib/jsse.jar:/usr/lib/jvm/java-1.8.0-openjdk-1.8.0.222.b10-1.el7_7.x86_64/jre/lib/jce.jar:/usr/lib/jvm/java-1.8.0-openjdk-1.8.0.222.b10-1.el7_7.x86_64/jre/lib/charsets.jar:/usr/lib/jvm/java-1.8.0-openjdk-1.8.0.222.b10-1.el7_7.x86_64/jre/lib/jfr.jar:/usr/lib/jvm/java-1.8.0-openjdk-1.8.0.222.b10-1.el7_7.x86_64/jre/classes"/>
    <property name="sun.management.compiler" value="HotSpot 64-Bit Tiered Compilers"/>
    <property name="java.runtime.version" value="1.8.0_222-b10"/>
    <property name="java.net.preferIPv4Stack" value="true"/>
    <property name="user.name" value="jenkins1000"/>
    <property name="path.separator" value=":"/>
    <property name="java.security.egd" value="file:///dev/urandom"/>
    <property name="os.version" value="3.10.0-957.12.2.el7.x86_64"/>
    <property name="java.endorsed.dirs" value="/usr/lib/jvm/java-1.8.0-openjdk-1.8.0.222.b10-1.el7_7.x86_64/jre/lib/endorsed"/>
    <property name="java.runtime.name" value="OpenJDK Runtime Environment"/>
    <property name="file.encoding" value="ANSI_X3.4-1968"/>
    <property name="java.vm.name" value="OpenJDK 64-Bit Server VM"/>
    <property name="test.build.webapps" value=""/>
    <property name="localRepository" value="/home/user/.m2/repository"/>
    <property name="java.vendor.url.bug" value="http://bugreport.sun.com/bugreport/"/>
    <property name="java.io.tmpdir" value="/tmp"/>
    <property name="require.test.libhadoop" value=""/>
    <property name="java.version" value="1.8.0_222"/>
    <property name="user.dir" value="/workdir/hadoop-ozone/integration-test"/>
    <property name="os.arch" value="amd64"/>
    <property name="java.vm.specification.name" value="Java Virtual Machine Specification"/>
    <property name="test.build.classes" value="/workdir/hadoop-ozone/integration-test/target/test-classes"/>
    <property name="java.awt.printerjob" value="sun.print.PSPrinterJob"/>
    <property name="sun.os.patch.level" value="unknown"/>
    <property name="hadoop.tmp.dir" value="/workdir/hadoop-ozone/integration-test/target/tmp"/>
    <property name="java.library.path" value="/usr/lib:/workdir/hadoop-ozone/integration-test/target/native/target/usr/local/lib:/workdir/hadoop-ozone/integration-test/../../hadoop-common-project/hadoop-common/target/native/target/usr/local/lib:/usr/java/packages/lib/amd64:/usr/lib64:/lib64:/lib:/usr/lib"/>
    <property name="java.vm.info" value="mixed mode"/>
    <property name="java.vendor" value="Oracle Corporation"/>
    <property name="java.vm.version" value="25.222-b10"/>
    <property name="java.ext.dirs" value="/usr/lib/jvm/java-1.8.0-openjdk-1.8.0.222.b10-1.el7_7.x86_64/jre/lib/ext:/usr/java/packages/lib/ext"/>
    <property name="sun.io.unicode.encoding" value="UnicodeLittle"/>
    <property name="java.class.version" value="52.0"/>
  </properties>
  <testcase name="testClientServer" classname="org.apache.hadoop.ozone.container.server.TestSecureContainerServer" time="1.448"/>
  <testcase name="testClientServerRatisNetty" classname="org.apache.hadoop.ozone.container.server.TestSecureContainerServer" time="0">
    <skipped/>
  </testcase>
  <testcase name="testClientServerRatisGrpc" classname="org.apache.hadoop.ozone.container.server.TestSecureContainerServer" time="183.914">
    <failure message="Server 8a63e1ae-032e-4bed-9f20-125a11f65413@group-091950D56227 is not the leader" type="java.lang.AssertionError">java.lang.AssertionError: Server 8a63e1ae-032e-4bed-9f20-125a11f65413@group-091950D56227 is not the leader
	at org.junit.Assert.fail(Assert.java:88)
	at org.junit.Assert.assertTrue(Assert.java:41)
	at org.apache.hadoop.ozone.container.server.TestSecureContainerServer.runTestClientServer(TestSecureContainerServer.java:212)
	at org.apache.hadoop.ozone.container.server.TestSecureContainerServer.runTestClientServerRatis(TestSecureContainerServer.java:160)
	at org.apache.hadoop.ozone.container.server.TestSecureContainerServer.testClientServerRatisGrpc(TestSecureContainerServer.java:135)
	at sun.reflect.NativeMethodAccessorImpl.invoke0(Native Method)
	at sun.reflect.NativeMethodAccessorImpl.invoke(NativeMethodAccessorImpl.java:62)
	at sun.reflect.DelegatingMethodAccessorImpl.invoke(DelegatingMethodAccessorImpl.java:43)
	at java.lang.reflect.Method.invoke(Method.java:498)
	at org.junit.runners.model.FrameworkMethod$1.runReflectiveCall(FrameworkMethod.java:47)
	at org.junit.internal.runners.model.ReflectiveCallable.run(ReflectiveCallable.java:12)
	at org.junit.runners.model.FrameworkMethod.invokeExplosively(FrameworkMethod.java:44)
	at org.junit.internal.runners.statements.InvokeMethod.evaluate(InvokeMethod.java:17)
	at org.junit.runners.ParentRunner.runLeaf(ParentRunner.java:271)
	at org.junit.runners.BlockJUnit4ClassRunner.runChild(BlockJUnit4ClassRunner.java:70)
	at org.junit.runners.BlockJUnit4ClassRunner.runChild(BlockJUnit4ClassRunner.java:50)
	at org.junit.runners.ParentRunner$3.run(ParentRunner.java:238)
	at org.junit.runners.ParentRunner$1.schedule(ParentRunner.java:63)
	at org.junit.runners.ParentRunner.runChildren(ParentRunner.java:236)
	at org.junit.runners.ParentRunner.access$000(ParentRunner.java:53)
	at org.junit.runners.ParentRunner$2.evaluate(ParentRunner.java:229)
	at org.junit.internal.runners.statements.RunBefores.evaluate(RunBefores.java:26)
	at org.junit.runners.ParentRunner.run(ParentRunner.java:309)
	at org.apache.maven.surefire.junit4.JUnit4Provider.execute(JUnit4Provider.java:365)
	at org.apache.maven.surefire.junit4.JUnit4Provider.executeWithRerun(JUnit4Provider.java:273)
	at org.apache.maven.surefire.junit4.JUnit4Provider.executeTestSet(JUnit4Provider.java:238)
	at org.apache.maven.surefire.junit4.JUnit4Provider.invoke(JUnit4Provider.java:159)
	at org.apache.maven.surefire.booter.ForkedBooter.invokeProviderInSameClassLoader(ForkedBooter.java:384)
	at org.apache.maven.surefire.booter.ForkedBooter.runSuitesInProcess(ForkedBooter.java:345)
	at org.apache.maven.surefire.booter.ForkedBooter.execute(ForkedBooter.java:126)
	at org.apache.maven.surefire.booter.ForkedBooter.main(ForkedBooter.java:418)
</failure>
    <system-out><![CDATA[2019-10-20 17:39:44,373 [main] INFO  ozone.RatisTestHelper (RatisTestHelper.java:initRatisConf(107)) - dfs.container.ratis.rpc.type = GRPC
2019-10-20 17:39:44,435 [main] INFO  impl.RaftServerProxy (ConfUtils.java:logGet(43)) - raft.rpc.type = GRPC (default)
2019-10-20 17:39:44,441 [main] INFO  grpc.GrpcFactory (GrpcFactory.java:checkPooledByteBufAllocatorUseCacheForAllThreads(45)) - PERFORMANCE WARNING: useCacheForAllThreads is true that may cause Netty to create a lot garbage objects and, as a result, trigger GC.
	It is recommended to disable useCacheForAllThreads by setting -Dorg.apache.ratis.thirdparty.io.netty.allocator.useCacheForAllThreads=false in command line.
2019-10-20 17:39:44,445 [main] INFO  grpc.GrpcConfigKeys$Server (ConfUtils.java:logGet(43)) - raft.grpc.server.port = 34903 (custom)
2019-10-20 17:39:44,446 [main] INFO  server.GrpcService (ConfUtils.java:logGet(43)) - raft.grpc.message.size.max = 33570816 (custom)
2019-10-20 17:39:44,449 [main] INFO  server.RaftServerConfigKeys (ConfUtils.java:logGet(43)) - raft.server.log.appender.buffer.byte-limit = 33554432 (custom)
2019-10-20 17:39:44,450 [main] INFO  server.GrpcService (ConfUtils.java:logGet(43)) - raft.grpc.flow.control.window = 1MB (=1048576) (default)
2019-10-20 17:39:44,450 [main] INFO  server.RaftServerConfigKeys (ConfUtils.java:logGet(43)) - raft.server.rpc.request.timeout = 3000ms (default)
2019-10-20 17:39:44,505 [main] INFO  server.RaftServerConfigKeys (ConfUtils.java:logGet(43)) - raft.server.storage.dir = [/workdir/hadoop-ozone/integration-test/target/test-dir/dfs/3c8d75c7-d0ef-4ae9-97c4-5394018d1e2e] (custom)
2019-10-20 17:39:44,511 [main] INFO  ratis.XceiverServerRatis (XceiverServerRatis.java:start(418)) - Starting XceiverServerRatis 3c8d75c7-d0ef-4ae9-97c4-5394018d1e2e at port 34903
2019-10-20 17:39:44,530 [main] INFO  impl.RaftServerProxy (RaftServerProxy.java:lambda$start$3(299)) - 3c8d75c7-d0ef-4ae9-97c4-5394018d1e2e: start RPC server
2019-10-20 17:39:44,534 [main] INFO  server.GrpcService (GrpcService.java:startImpl(158)) - 3c8d75c7-d0ef-4ae9-97c4-5394018d1e2e: GrpcService started, listening on 0.0.0.0/0.0.0.0:34903
2019-10-20 17:39:44,631 [grpc-default-executor-1] INFO  impl.RaftServerProxy (RaftServerProxy.java:addNew(89)) - 3c8d75c7-d0ef-4ae9-97c4-5394018d1e2e: addNew group-56A6A368E301:[3c8d75c7-d0ef-4ae9-97c4-5394018d1e2e:0.0.0.0:34903] returns group-56A6A368E301:java.util.concurrent.CompletableFuture@30327966[Not completed]
2019-10-20 17:39:44,644 [pool-5-thread-1] INFO  impl.RaftServerImpl (RaftServerImpl.java:<init>(104)) - 3c8d75c7-d0ef-4ae9-97c4-5394018d1e2e: new RaftServerImpl for group-56A6A368E301:[3c8d75c7-d0ef-4ae9-97c4-5394018d1e2e:0.0.0.0:34903] with ContainerStateMachine:uninitialized
2019-10-20 17:39:44,645 [pool-5-thread-1] INFO  server.RaftServerConfigKeys (ConfUtils.java:logGet(43)) - raft.server.rpc.timeout.min = 5s (custom)
2019-10-20 17:39:44,646 [pool-5-thread-1] INFO  server.RaftServerConfigKeys (ConfUtils.java:logGet(43)) - raft.server.rpc.timeout.max = 5200ms (custom)
2019-10-20 17:39:44,646 [pool-5-thread-1] INFO  server.RaftServerConfigKeys (ConfUtils.java:logGet(43)) - raft.server.rpcslowness.timeout = 120s (custom)
2019-10-20 17:39:44,647 [pool-5-thread-1] INFO  server.RaftServerConfigKeys (ConfUtils.java:logGet(43)) - raft.server.sleep.deviation.threshold = 300 (default)
2019-10-20 17:39:44,647 [pool-5-thread-1] INFO  server.RaftServerConfigKeys (ConfUtils.java:logGet(43)) - raft.server.log.appender.install.snapshot.enabled = false (custom)
2019-10-20 17:39:44,654 [pool-5-thread-1] INFO  impl.RaftServerImpl (ServerState.java:<init>(103)) - 3c8d75c7-d0ef-4ae9-97c4-5394018d1e2e@group-56A6A368E301: ConfigurationManager, init=-1: [3c8d75c7-d0ef-4ae9-97c4-5394018d1e2e:0.0.0.0:34903], old=null, confs=<EMPTY_MAP>
2019-10-20 17:39:44,654 [pool-5-thread-1] INFO  server.RaftServerConfigKeys (ConfUtils.java:logGet(43)) - raft.server.storage.dir = [/workdir/hadoop-ozone/integration-test/target/test-dir/dfs/3c8d75c7-d0ef-4ae9-97c4-5394018d1e2e] (custom)
2019-10-20 17:39:44,660 [pool-5-thread-1] INFO  server.RaftServerConfigKeys (ConfUtils.java:logGet(43)) - raft.server.log.corruption.policy = EXCEPTION (default)
2019-10-20 17:39:44,661 [pool-5-thread-1] INFO  storage.RaftStorageDirectory (RaftStorageDirectory.java:analyzeStorage(246)) - The storage directory /workdir/hadoop-ozone/integration-test/target/test-dir/dfs/3c8d75c7-d0ef-4ae9-97c4-5394018d1e2e/7ad06c6d-cd32-43a7-8cab-56a6a368e301 does not exist. Creating ...
2019-10-20 17:39:44,691 [pool-5-thread-1] INFO  storage.RaftStorageDirectory (RaftStorageDirectory.java:tryLock(328)) - Lock on /workdir/hadoop-ozone/integration-test/target/test-dir/dfs/3c8d75c7-d0ef-4ae9-97c4-5394018d1e2e/7ad06c6d-cd32-43a7-8cab-56a6a368e301/in_use.lock acquired by nodename 4013@pr-hdds-2334-8x2sg-1875309799
2019-10-20 17:39:44,713 [pool-5-thread-1] INFO  storage.RaftStorage (RaftStorage.java:format(84)) - Storage directory /workdir/hadoop-ozone/integration-test/target/test-dir/dfs/3c8d75c7-d0ef-4ae9-97c4-5394018d1e2e/7ad06c6d-cd32-43a7-8cab-56a6a368e301 has been successfully formatted.
2019-10-20 17:39:44,715 [pool-5-thread-1] INFO  ratis.ContainerStateMachine (ContainerStateMachine.java:loadSnapshot(231)) - group-56A6A368E301: The snapshot info is null. Setting the last applied indexto:(t:0, i:~)
2019-10-20 17:39:44,715 [pool-5-thread-1] INFO  server.RaftServerConfigKeys (ConfUtils.java:logGet(43)) - raft.server.notification.no-leader.timeout = 120s (custom)
2019-10-20 17:39:44,720 [pool-5-thread-1] INFO  server.RaftServerConfigKeys (ConfUtils.java:logGet(43)) - raft.server.log.use.memory = false (default)
2019-10-20 17:39:44,725 [pool-5-thread-1] INFO  server.RaftServerConfigKeys (ConfUtils.java:logGet(43)) - raft.server.log.purge.gap = 1000000 (custom)
2019-10-20 17:39:44,725 [pool-5-thread-1] INFO  server.RaftServerConfigKeys (ConfUtils.java:logGet(43)) - raft.server.log.appender.buffer.byte-limit = 33554432 (custom)
2019-10-20 17:39:44,727 [pool-5-thread-1] INFO  server.RaftServerConfigKeys (ConfUtils.java:logGet(43)) - raft.server.log.segment.size.max = 1048576 (custom)
2019-10-20 17:39:44,728 [pool-5-thread-1] INFO  impl.MetricsSystemImpl (MetricsSystemImpl.java:init(158)) - ratis metrics system started (again)
2019-10-20 17:39:44,733 [pool-5-thread-1] INFO  metrics.MetricRegistries (MetricRegistriesLoader.java:load(64)) - Loaded MetricRegistries class org.apache.ratis.metrics.impl.MetricRegistriesImpl
2019-10-20 17:39:44,789 [pool-5-thread-1] INFO  server.RaftServerConfigKeys (ConfUtils.java:logGet(43)) - raft.server.log.segment.cache.num.max = 2 (custom)
2019-10-20 17:39:44,797 [pool-5-thread-1] INFO  segmented.SegmentedRaftLogWorker (SegmentedRaftLogWorker.java:<init>(173)) - new 3c8d75c7-d0ef-4ae9-97c4-5394018d1e2e@group-56A6A368E301-SegmentedRaftLogWorker for RaftStorage:Storage Directory /workdir/hadoop-ozone/integration-test/target/test-dir/dfs/3c8d75c7-d0ef-4ae9-97c4-5394018d1e2e/7ad06c6d-cd32-43a7-8cab-56a6a368e301
2019-10-20 17:39:44,797 [pool-5-thread-1] INFO  server.RaftServerConfigKeys (ConfUtils.java:logGet(43)) - raft.server.log.queue.byte-limit = 2147483647 (custom)
2019-10-20 17:39:44,798 [pool-5-thread-1] INFO  server.RaftServerConfigKeys (ConfUtils.java:logGet(43)) - raft.server.log.queue.element-limit = 1024 (custom)
2019-10-20 17:39:44,800 [pool-5-thread-1] INFO  server.RaftServerConfigKeys (ConfUtils.java:logGet(43)) - raft.server.log.segment.size.max = 1048576 (custom)
2019-10-20 17:39:44,801 [pool-5-thread-1] INFO  server.RaftServerConfigKeys (ConfUtils.java:logGet(43)) - raft.server.log.preallocated.size = 16384 (custom)
2019-10-20 17:39:44,801 [pool-5-thread-1] INFO  server.RaftServerConfigKeys (ConfUtils.java:logGet(43)) - raft.server.log.write.buffer.size = 33554432 (custom)
2019-10-20 17:39:44,802 [pool-5-thread-1] INFO  server.RaftServerConfigKeys (ConfUtils.java:logGet(43)) - raft.server.log.force.sync.num = 128 (default)
2019-10-20 17:39:44,803 [pool-5-thread-1] INFO  server.RaftServerConfigKeys (ConfUtils.java:logGet(43)) - raft.server.log.statemachine.data.sync = true (default)
2019-10-20 17:39:44,804 [pool-5-thread-1] INFO  server.RaftServerConfigKeys (ConfUtils.java:logGet(43)) - raft.server.log.statemachine.data.sync.timeout = 10s (default)
2019-10-20 17:39:44,914 [pool-5-thread-1] INFO  server.RaftServerConfigKeys (ConfUtils.java:logGet(43)) - raft.server.log.statemachine.data.sync.timeout.retry = -1 (default)
2019-10-20 17:39:44,934 [pool-5-thread-1] INFO  server.RaftServerConfigKeys (ConfUtils.java:logGet(43)) - raft.server.log.statemachine.data.caching.enabled = true (custom)
2019-10-20 17:39:44,941 [pool-5-thread-1] INFO  segmented.SegmentedRaftLogWorker (SegmentedRaftLogWorker.java:lambda$new$0(128)) - 3c8d75c7-d0ef-4ae9-97c4-5394018d1e2e@group-56A6A368E301-SegmentedRaftLogWorker: flushIndex: setUnconditionally 0 -> -1
2019-10-20 17:39:44,947 [pool-5-thread-1] INFO  server.RaftServerConfigKeys (ConfUtils.java:logGet(43)) - raft.server.snapshot.auto.trigger.enabled = true (custom)
2019-10-20 17:39:44,948 [pool-5-thread-1] INFO  server.RaftServerConfigKeys (ConfUtils.java:logGet(43)) - raft.server.snapshot.auto.trigger.threshold = 10000 (custom)
2019-10-20 17:39:44,949 [pool-5-thread-1] INFO  server.RaftServerConfigKeys (ConfUtils.java:logGet(43)) - raft.server.snapshot.retention.file.num = 5 (custom)
2019-10-20 17:39:44,950 [pool-5-thread-1] INFO  server.RaftServerConfigKeys (ConfUtils.java:logGet(43)) - raft.server.retrycache.expirytime = 600000ms (custom)
2019-10-20 17:39:44,987 [pool-5-thread-1] INFO  impl.RaftServerImpl (RaftServerImpl.java:start(195)) - 3c8d75c7-d0ef-4ae9-97c4-5394018d1e2e@group-56A6A368E301: start as a follower, conf=-1: [3c8d75c7-d0ef-4ae9-97c4-5394018d1e2e:0.0.0.0:34903], old=null
2019-10-20 17:39:44,989 [pool-5-thread-1] INFO  impl.RaftServerImpl (RaftServerImpl.java:setRole(184)) - 3c8d75c7-d0ef-4ae9-97c4-5394018d1e2e@group-56A6A368E301: changes role from      null to FOLLOWER at term 0 for startAsFollower
2019-10-20 17:39:44,990 [pool-5-thread-1] INFO  impl.RoleInfo (RoleInfo.java:updateAndGet(143)) - 3c8d75c7-d0ef-4ae9-97c4-5394018d1e2e: start FollowerState
2019-10-20 17:39:44,992 [pool-5-thread-1] INFO  util.JmxRegister (JmxRegister.java:tryRegister(44)) - Successfully registered JMX Bean with object name Ratis:service=RaftServer,group=group-56A6A368E301,id=3c8d75c7-d0ef-4ae9-97c4-5394018d1e2e
2019-10-20 17:39:45,144 [Thread-4] INFO  impl.FollowerState (FollowerState.java:run(108)) - 3c8d75c7-d0ef-4ae9-97c4-5394018d1e2e@group-56A6A368E301-FollowerState: change to CANDIDATE, lastRpcTime:154ms, electionTimeout:153ms
2019-10-20 17:39:45,146 [Thread-4] INFO  impl.RoleInfo (RoleInfo.java:shutdownFollowerState(121)) - 3c8d75c7-d0ef-4ae9-97c4-5394018d1e2e: shutdown FollowerState
2019-10-20 17:39:45,147 [Thread-4] INFO  impl.RaftServerImpl (RaftServerImpl.java:setRole(184)) - 3c8d75c7-d0ef-4ae9-97c4-5394018d1e2e@group-56A6A368E301: changes role from  FOLLOWER to CANDIDATE at term 0 for changeToCandidate
2019-10-20 17:39:45,150 [Thread-4] INFO  impl.RoleInfo (RoleInfo.java:updateAndGet(143)) - 3c8d75c7-d0ef-4ae9-97c4-5394018d1e2e: start LeaderElection
2019-10-20 17:39:45,176 [3c8d75c7-d0ef-4ae9-97c4-5394018d1e2e@group-56A6A368E301-LeaderElection1] INFO  impl.LeaderElection (LeaderElection.java:askForVotes(178)) - 3c8d75c7-d0ef-4ae9-97c4-5394018d1e2e@group-56A6A368E301-LeaderElection1: begin an election at term 1 for -1: [3c8d75c7-d0ef-4ae9-97c4-5394018d1e2e:0.0.0.0:34903], old=null
2019-10-20 17:39:45,177 [3c8d75c7-d0ef-4ae9-97c4-5394018d1e2e@group-56A6A368E301-LeaderElection1] INFO  impl.RoleInfo (RoleInfo.java:shutdownLeaderElection(134)) - 3c8d75c7-d0ef-4ae9-97c4-5394018d1e2e: shutdown LeaderElection
2019-10-20 17:39:45,177 [3c8d75c7-d0ef-4ae9-97c4-5394018d1e2e@group-56A6A368E301-LeaderElection1] INFO  impl.RaftServerImpl (RaftServerImpl.java:setRole(184)) - 3c8d75c7-d0ef-4ae9-97c4-5394018d1e2e@group-56A6A368E301: changes role from CANDIDATE to LEADER at term 1 for changeToLeader
2019-10-20 17:39:45,177 [3c8d75c7-d0ef-4ae9-97c4-5394018d1e2e@group-56A6A368E301-LeaderElection1] INFO  impl.RaftServerImpl (ServerState.java:setLeader(256)) - 3c8d75c7-d0ef-4ae9-97c4-5394018d1e2e@group-56A6A368E301: change Leader from null to 3c8d75c7-d0ef-4ae9-97c4-5394018d1e2e at term 1 for becomeLeader, leader elected after 462ms
2019-10-20 17:39:45,181 [3c8d75c7-d0ef-4ae9-97c4-5394018d1e2e@group-56A6A368E301-LeaderElection1] INFO  server.RaftServerConfigKeys (ConfUtils.java:logGet(43)) - raft.server.staging.catchup.gap = 1000 (default)
2019-10-20 17:39:45,181 [3c8d75c7-d0ef-4ae9-97c4-5394018d1e2e@group-56A6A368E301-LeaderElection1] INFO  server.RaftServerConfigKeys (ConfUtils.java:logGet(43)) - raft.server.rpc.sleep.time = 25ms (default)
2019-10-20 17:39:45,184 [3c8d75c7-d0ef-4ae9-97c4-5394018d1e2e@group-56A6A368E301-LeaderElection1] INFO  server.RaftServerConfigKeys (ConfUtils.java:logGet(43)) - raft.server.write.element-limit = 4096 (default)
2019-10-20 17:39:45,186 [3c8d75c7-d0ef-4ae9-97c4-5394018d1e2e@group-56A6A368E301-LeaderElection1] INFO  server.RaftServerConfigKeys (ConfUtils.java:logGet(43)) - raft.server.watch.timeout = 10s (default)
2019-10-20 17:39:45,186 [3c8d75c7-d0ef-4ae9-97c4-5394018d1e2e@group-56A6A368E301-LeaderElection1] INFO  server.RaftServerConfigKeys (ConfUtils.java:logGet(43)) - raft.server.watch.timeout.denomination = 1s (default)
2019-10-20 17:39:45,187 [3c8d75c7-d0ef-4ae9-97c4-5394018d1e2e@group-56A6A368E301-LeaderElection1] INFO  server.RaftServerConfigKeys (ConfUtils.java:logGet(43)) - raft.server.watch.element-limit = 65536 (default)
2019-10-20 17:39:45,198 [3c8d75c7-d0ef-4ae9-97c4-5394018d1e2e@group-56A6A368E301-LeaderElection1] INFO  impl.RoleInfo (RoleInfo.java:updateAndGet(143)) - 3c8d75c7-d0ef-4ae9-97c4-5394018d1e2e: start LeaderState
2019-10-20 17:39:45,211 [3c8d75c7-d0ef-4ae9-97c4-5394018d1e2e@group-56A6A368E301-LeaderElection1] INFO  segmented.SegmentedRaftLogWorker (SegmentedRaftLogWorker.java:startLogSegment(385)) - 3c8d75c7-d0ef-4ae9-97c4-5394018d1e2e@group-56A6A368E301-SegmentedRaftLogWorker: Starting segment from index:0
2019-10-20 17:39:45,219 [3c8d75c7-d0ef-4ae9-97c4-5394018d1e2e@group-56A6A368E301-LeaderElection1] INFO  impl.RaftServerImpl (ServerState.java:setRaftConf(357)) - 3c8d75c7-d0ef-4ae9-97c4-5394018d1e2e@group-56A6A368E301: set configuration 0: [3c8d75c7-d0ef-4ae9-97c4-5394018d1e2e:0.0.0.0:34903], old=null at 0
2019-10-20 17:39:45,403 [3c8d75c7-d0ef-4ae9-97c4-5394018d1e2e@group-56A6A368E301-SegmentedRaftLogWorker] INFO  segmented.SegmentedRaftLogWorker (SegmentedRaftLogWorker.java:execute(576)) - 3c8d75c7-d0ef-4ae9-97c4-5394018d1e2e@group-56A6A368E301-SegmentedRaftLogWorker: created new log segment /workdir/hadoop-ozone/integration-test/target/test-dir/dfs/3c8d75c7-d0ef-4ae9-97c4-5394018d1e2e/7ad06c6d-cd32-43a7-8cab-56a6a368e301/current/log_inprogress_0
2019-10-20 17:39:47,158 [RatisApplyTransactionExecutor 4] INFO  ratis.ContainerStateMachine (ContainerUtils.java:logAndReturnError(146)) - Operation: CreateContainer : Trace ID:  : Message: Block token verification failed. Fail to find any token (empty or null.) : Result: BLOCK_TOKEN_VERIFICATION_FAILED
2019-10-20 17:39:47,161 [RatisApplyTransactionExecutor 4] ERROR ratis.ContainerStateMachine (ContainerStateMachine.java:lambda$applyTransaction$7(759)) - gid group-56A6A368E301 : ApplyTransaction failed. cmd CreateContainer logIndex 1 msg : Block token verification failed. Fail to find any token (empty or null.) Container Result: BLOCK_TOKEN_VERIFICATION_FAILED
2019-10-20 17:39:47,197 [main] INFO  security.OzoneBlockTokenSecretManager (OzoneSecretManager.java:updateCurrentKey(170)) - Updating the current master key for generating tokens
2019-10-20 17:39:47,241 [main] INFO  impl.RaftServerProxy (RaftServerProxy.java:lambda$close$4(314)) - 3c8d75c7-d0ef-4ae9-97c4-5394018d1e2e: close
2019-10-20 17:39:47,244 [main] INFO  impl.RaftServerImpl (RaftServerImpl.java:lambda$shutdown$3(261)) - 3c8d75c7-d0ef-4ae9-97c4-5394018d1e2e@group-56A6A368E301: shutdown
2019-10-20 17:39:47,244 [main] INFO  util.JmxRegister (JmxRegister.java:unregister(73)) - Successfully un-registered JMX Bean with object name Ratis:service=RaftServer,group=group-56A6A368E301,id=3c8d75c7-d0ef-4ae9-97c4-5394018d1e2e
2019-10-20 17:39:47,245 [main] INFO  impl.RoleInfo (RoleInfo.java:shutdownLeaderState(104)) - 3c8d75c7-d0ef-4ae9-97c4-5394018d1e2e: shutdown LeaderState
2019-10-20 17:39:47,246 [main] INFO  impl.PendingRequests (PendingRequests.java:sendNotLeaderResponses(202)) - 3c8d75c7-d0ef-4ae9-97c4-5394018d1e2e@group-56A6A368E301-PendingRequests: sendNotLeaderResponses
2019-10-20 17:39:47,248 [main] INFO  impl.StateMachineUpdater (StateMachineUpdater.java:stopAndJoin(136)) - 3c8d75c7-d0ef-4ae9-97c4-5394018d1e2e@group-56A6A368E301-StateMachineUpdater: set stopIndex = 4
2019-10-20 17:39:47,248 [3c8d75c7-d0ef-4ae9-97c4-5394018d1e2e@group-56A6A368E301-StateMachineUpdater] ERROR ratis.ContainerStateMachine (ContainerStateMachine.java:takeSnapshot(288)) - Failed to take snapshot  for group-56A6A368E301 as the stateMachine is unhealthy. The last applied index is at (t:0, i:~)
2019-10-20 17:39:47,249 [3c8d75c7-d0ef-4ae9-97c4-5394018d1e2e@group-56A6A368E301-StateMachineUpdater] ERROR impl.StateMachineUpdater (StateMachineUpdater.java:takeSnapshot(264)) - 3c8d75c7-d0ef-4ae9-97c4-5394018d1e2e@group-56A6A368E301-StateMachineUpdater: Failed to take snapshot
org.apache.ratis.protocol.StateMachineException: Failed to take snapshot  for group-56A6A368E301 as the stateMachine is unhealthy. The last applied index is at (t:0, i:~)
	at org.apache.hadoop.ozone.container.common.transport.server.ratis.ContainerStateMachine.takeSnapshot(ContainerStateMachine.java:287)
	at org.apache.ratis.server.impl.StateMachineUpdater.takeSnapshot(StateMachineUpdater.java:254)
	at org.apache.ratis.server.impl.StateMachineUpdater.checkAndTakeSnapshot(StateMachineUpdater.java:247)
	at org.apache.ratis.server.impl.StateMachineUpdater.run(StateMachineUpdater.java:166)
	at java.lang.Thread.run(Thread.java:748)
2019-10-20 17:39:47,250 [3c8d75c7-d0ef-4ae9-97c4-5394018d1e2e@group-56A6A368E301-StateMachineUpdater] ERROR ratis.ContainerStateMachine (ContainerStateMachine.java:takeSnapshot(288)) - Failed to take snapshot  for group-56A6A368E301 as the stateMachine is unhealthy. The last applied index is at (t:0, i:~)
2019-10-20 17:39:47,250 [3c8d75c7-d0ef-4ae9-97c4-5394018d1e2e@group-56A6A368E301-StateMachineUpdater] ERROR impl.StateMachineUpdater (StateMachineUpdater.java:takeSnapshot(264)) - 3c8d75c7-d0ef-4ae9-97c4-5394018d1e2e@group-56A6A368E301-StateMachineUpdater: Failed to take snapshot
org.apache.ratis.protocol.StateMachineException: Failed to take snapshot  for group-56A6A368E301 as the stateMachine is unhealthy. The last applied index is at (t:0, i:~)
	at org.apache.hadoop.ozone.container.common.transport.server.ratis.ContainerStateMachine.takeSnapshot(ContainerStateMachine.java:287)
	at org.apache.ratis.server.impl.StateMachineUpdater.takeSnapshot(StateMachineUpdater.java:254)
	at org.apache.ratis.server.impl.StateMachineUpdater.checkAndTakeSnapshot(StateMachineUpdater.java:247)
	at org.apache.ratis.server.impl.StateMachineUpdater.run(StateMachineUpdater.java:169)
	at java.lang.Thread.run(Thread.java:748)
2019-10-20 17:39:47,251 [main] INFO  impl.RaftServerImpl (ServerState.java:close(388)) - 3c8d75c7-d0ef-4ae9-97c4-5394018d1e2e@group-56A6A368E301: closes. applyIndex: 4
2019-10-20 17:39:47,253 [3c8d75c7-d0ef-4ae9-97c4-5394018d1e2e@group-56A6A368E301-SegmentedRaftLogWorker] INFO  segmented.SegmentedRaftLogWorker (SegmentedRaftLogWorker.java:run(316)) - 3c8d75c7-d0ef-4ae9-97c4-5394018d1e2e@group-56A6A368E301-SegmentedRaftLogWorker was interrupted, exiting. There are 0 tasks remaining in the queue.
2019-10-20 17:39:47,255 [main] INFO  segmented.SegmentedRaftLogWorker (SegmentedRaftLogWorker.java:close(224)) - 3c8d75c7-d0ef-4ae9-97c4-5394018d1e2e@group-56A6A368E301-SegmentedRaftLogWorker close()
2019-10-20 17:39:47,256 [main] INFO  server.GrpcService (GrpcService.java:closeImpl(164)) - 3c8d75c7-d0ef-4ae9-97c4-5394018d1e2e: shutdown server with port 34903 now
2019-10-20 17:39:47,258 [main] INFO  server.GrpcService (GrpcService.java:closeImpl(172)) - 3c8d75c7-d0ef-4ae9-97c4-5394018d1e2e: shutdown server with port 34903 successfully
2019-10-20 17:39:47,261 [main] INFO  ozone.RatisTestHelper (RatisTestHelper.java:initRatisConf(107)) - dfs.container.ratis.rpc.type = GRPC
2019-10-20 17:39:47,262 [main] INFO  impl.RaftServerProxy (ConfUtils.java:logGet(43)) - raft.rpc.type = GRPC (default)
2019-10-20 17:39:47,263 [main] INFO  grpc.GrpcFactory (GrpcFactory.java:checkPooledByteBufAllocatorUseCacheForAllThreads(45)) - PERFORMANCE WARNING: useCacheForAllThreads is true that may cause Netty to create a lot garbage objects and, as a result, trigger GC.
	It is recommended to disable useCacheForAllThreads by setting -Dorg.apache.ratis.thirdparty.io.netty.allocator.useCacheForAllThreads=false in command line.
2019-10-20 17:39:47,263 [main] INFO  grpc.GrpcConfigKeys$Server (ConfUtils.java:logGet(43)) - raft.grpc.server.port = 38412 (custom)
2019-10-20 17:39:47,263 [main] INFO  server.GrpcService (ConfUtils.java:logGet(43)) - raft.grpc.message.size.max = 33570816 (custom)
2019-10-20 17:39:47,264 [main] INFO  server.RaftServerConfigKeys (ConfUtils.java:logGet(43)) - raft.server.log.appender.buffer.byte-limit = 33554432 (custom)
2019-10-20 17:39:47,264 [main] INFO  server.GrpcService (ConfUtils.java:logGet(43)) - raft.grpc.flow.control.window = 1MB (=1048576) (default)
2019-10-20 17:39:47,264 [main] INFO  server.RaftServerConfigKeys (ConfUtils.java:logGet(43)) - raft.server.rpc.request.timeout = 3000ms (default)
2019-10-20 17:39:47,266 [main] INFO  server.RaftServerConfigKeys (ConfUtils.java:logGet(43)) - raft.server.storage.dir = [/workdir/hadoop-ozone/integration-test/target/test-dir/dfs/7b1e61a0-7daf-43dd-99d5-9b325c1d31ae] (custom)
2019-10-20 17:39:47,266 [main] INFO  ratis.XceiverServerRatis (XceiverServerRatis.java:start(418)) - Starting XceiverServerRatis 7b1e61a0-7daf-43dd-99d5-9b325c1d31ae at port 38412
2019-10-20 17:39:47,272 [main] INFO  impl.RaftServerProxy (RaftServerProxy.java:lambda$start$3(299)) - 7b1e61a0-7daf-43dd-99d5-9b325c1d31ae: start RPC server
2019-10-20 17:39:47,274 [main] INFO  server.GrpcService (GrpcService.java:startImpl(158)) - 7b1e61a0-7daf-43dd-99d5-9b325c1d31ae: GrpcService started, listening on 0.0.0.0/0.0.0.0:38412
2019-10-20 17:39:47,307 [grpc-default-executor-1] INFO  impl.RaftServerProxy (RaftServerProxy.java:addNew(89)) - 7b1e61a0-7daf-43dd-99d5-9b325c1d31ae: addNew group-091950D56227:[8a63e1ae-032e-4bed-9f20-125a11f65413:0.0.0.0:38685, 8f18dce1-0a3d-4b65-9c78-af3d58b2da7f:0.0.0.0:42489, 7b1e61a0-7daf-43dd-99d5-9b325c1d31ae:0.0.0.0:38412] returns group-091950D56227:java.util.concurrent.CompletableFuture@6cd06c31[Not completed]
2019-10-20 17:39:47,310 [pool-7-thread-1] INFO  impl.RaftServerImpl (RaftServerImpl.java:<init>(104)) - 7b1e61a0-7daf-43dd-99d5-9b325c1d31ae: new RaftServerImpl for group-091950D56227:[8a63e1ae-032e-4bed-9f20-125a11f65413:0.0.0.0:38685, 8f18dce1-0a3d-4b65-9c78-af3d58b2da7f:0.0.0.0:42489, 7b1e61a0-7daf-43dd-99d5-9b325c1d31ae:0.0.0.0:38412] with ContainerStateMachine:uninitialized
2019-10-20 17:39:47,311 [pool-7-thread-1] INFO  server.RaftServerConfigKeys (ConfUtils.java:logGet(43)) - raft.server.rpc.timeout.min = 5s (custom)
2019-10-20 17:39:47,311 [pool-7-thread-1] INFO  server.RaftServerConfigKeys (ConfUtils.java:logGet(43)) - raft.server.rpc.timeout.max = 5200ms (custom)
2019-10-20 17:39:47,311 [pool-7-thread-1] INFO  server.RaftServerConfigKeys (ConfUtils.java:logGet(43)) - raft.server.rpcslowness.timeout = 120s (custom)
2019-10-20 17:39:47,311 [pool-7-thread-1] INFO  server.RaftServerConfigKeys (ConfUtils.java:logGet(43)) - raft.server.sleep.deviation.threshold = 300 (default)
2019-10-20 17:39:47,311 [pool-7-thread-1] INFO  server.RaftServerConfigKeys (ConfUtils.java:logGet(43)) - raft.server.log.appender.install.snapshot.enabled = false (custom)
2019-10-20 17:39:47,311 [pool-7-thread-1] INFO  impl.RaftServerImpl (ServerState.java:<init>(103)) - 7b1e61a0-7daf-43dd-99d5-9b325c1d31ae@group-091950D56227: ConfigurationManager, init=-1: [8a63e1ae-032e-4bed-9f20-125a11f65413:0.0.0.0:38685, 8f18dce1-0a3d-4b65-9c78-af3d58b2da7f:0.0.0.0:42489, 7b1e61a0-7daf-43dd-99d5-9b325c1d31ae:0.0.0.0:38412], old=null, confs=<EMPTY_MAP>
2019-10-20 17:39:47,312 [pool-7-thread-1] INFO  server.RaftServerConfigKeys (ConfUtils.java:logGet(43)) - raft.server.storage.dir = [/workdir/hadoop-ozone/integration-test/target/test-dir/dfs/7b1e61a0-7daf-43dd-99d5-9b325c1d31ae] (custom)
2019-10-20 17:39:47,312 [pool-7-thread-1] INFO  server.RaftServerConfigKeys (ConfUtils.java:logGet(43)) - raft.server.log.corruption.policy = EXCEPTION (default)
2019-10-20 17:39:47,312 [pool-7-thread-1] INFO  storage.RaftStorageDirectory (RaftStorageDirectory.java:analyzeStorage(246)) - The storage directory /workdir/hadoop-ozone/integration-test/target/test-dir/dfs/7b1e61a0-7daf-43dd-99d5-9b325c1d31ae/db4dac76-8fb1-4d53-8368-091950d56227 does not exist. Creating ...
2019-10-20 17:39:47,336 [pool-7-thread-1] INFO  storage.RaftStorageDirectory (RaftStorageDirectory.java:tryLock(328)) - Lock on /workdir/hadoop-ozone/integration-test/target/test-dir/dfs/7b1e61a0-7daf-43dd-99d5-9b325c1d31ae/db4dac76-8fb1-4d53-8368-091950d56227/in_use.lock acquired by nodename 4013@pr-hdds-2334-8x2sg-1875309799
2019-10-20 17:39:47,360 [pool-7-thread-1] INFO  storage.RaftStorage (RaftStorage.java:format(84)) - Storage directory /workdir/hadoop-ozone/integration-test/target/test-dir/dfs/7b1e61a0-7daf-43dd-99d5-9b325c1d31ae/db4dac76-8fb1-4d53-8368-091950d56227 has been successfully formatted.
2019-10-20 17:39:47,361 [pool-7-thread-1] INFO  ratis.ContainerStateMachine (ContainerStateMachine.java:loadSnapshot(231)) - group-091950D56227: The snapshot info is null. Setting the last applied indexto:(t:0, i:~)
2019-10-20 17:39:47,361 [pool-7-thread-1] INFO  server.RaftServerConfigKeys (ConfUtils.java:logGet(43)) - raft.server.notification.no-leader.timeout = 120s (custom)
2019-10-20 17:39:47,361 [pool-7-thread-1] INFO  server.RaftServerConfigKeys (ConfUtils.java:logGet(43)) - raft.server.log.use.memory = false (default)
2019-10-20 17:39:47,361 [pool-7-thread-1] INFO  server.RaftServerConfigKeys (ConfUtils.java:logGet(43)) - raft.server.log.purge.gap = 1000000 (custom)
2019-10-20 17:39:47,362 [pool-7-thread-1] INFO  server.RaftServerConfigKeys (ConfUtils.java:logGet(43)) - raft.server.log.appender.buffer.byte-limit = 33554432 (custom)
2019-10-20 17:39:47,362 [pool-7-thread-1] INFO  server.RaftServerConfigKeys (ConfUtils.java:logGet(43)) - raft.server.log.segment.size.max = 1048576 (custom)
2019-10-20 17:39:47,366 [pool-7-thread-1] INFO  server.RaftServerConfigKeys (ConfUtils.java:logGet(43)) - raft.server.log.segment.cache.num.max = 2 (custom)
2019-10-20 17:39:47,366 [pool-7-thread-1] INFO  segmented.SegmentedRaftLogWorker (SegmentedRaftLogWorker.java:<init>(173)) - new 7b1e61a0-7daf-43dd-99d5-9b325c1d31ae@group-091950D56227-SegmentedRaftLogWorker for RaftStorage:Storage Directory /workdir/hadoop-ozone/integration-test/target/test-dir/dfs/7b1e61a0-7daf-43dd-99d5-9b325c1d31ae/db4dac76-8fb1-4d53-8368-091950d56227
2019-10-20 17:39:47,366 [pool-7-thread-1] INFO  server.RaftServerConfigKeys (ConfUtils.java:logGet(43)) - raft.server.log.queue.byte-limit = 2147483647 (custom)
2019-10-20 17:39:47,366 [pool-7-thread-1] INFO  server.RaftServerConfigKeys (ConfUtils.java:logGet(43)) - raft.server.log.queue.element-limit = 1024 (custom)
2019-10-20 17:39:47,366 [pool-7-thread-1] INFO  server.RaftServerConfigKeys (ConfUtils.java:logGet(43)) - raft.server.log.segment.size.max = 1048576 (custom)
2019-10-20 17:39:47,366 [pool-7-thread-1] INFO  server.RaftServerConfigKeys (ConfUtils.java:logGet(43)) - raft.server.log.preallocated.size = 16384 (custom)
2019-10-20 17:39:47,366 [pool-7-thread-1] INFO  server.RaftServerConfigKeys (ConfUtils.java:logGet(43)) - raft.server.log.write.buffer.size = 33554432 (custom)
2019-10-20 17:39:47,366 [pool-7-thread-1] INFO  server.RaftServerConfigKeys (ConfUtils.java:logGet(43)) - raft.server.log.force.sync.num = 128 (default)
2019-10-20 17:39:47,367 [pool-7-thread-1] INFO  server.RaftServerConfigKeys (ConfUtils.java:logGet(43)) - raft.server.log.statemachine.data.sync = true (default)
2019-10-20 17:39:47,367 [pool-7-thread-1] INFO  server.RaftServerConfigKeys (ConfUtils.java:logGet(43)) - raft.server.log.statemachine.data.sync.timeout = 10s (default)
2019-10-20 17:39:47,367 [pool-7-thread-1] INFO  server.RaftServerConfigKeys (ConfUtils.java:logGet(43)) - raft.server.log.statemachine.data.sync.timeout.retry = -1 (default)
2019-10-20 17:39:47,367 [pool-7-thread-1] INFO  server.RaftServerConfigKeys (ConfUtils.java:logGet(43)) - raft.server.log.statemachine.data.caching.enabled = true (custom)
2019-10-20 17:39:47,368 [pool-7-thread-1] INFO  segmented.SegmentedRaftLogWorker (SegmentedRaftLogWorker.java:lambda$new$0(128)) - 7b1e61a0-7daf-43dd-99d5-9b325c1d31ae@group-091950D56227-SegmentedRaftLogWorker: flushIndex: setUnconditionally 0 -> -1
2019-10-20 17:39:47,368 [pool-7-thread-1] INFO  server.RaftServerConfigKeys (ConfUtils.java:logGet(43)) - raft.server.snapshot.auto.trigger.enabled = true (custom)
2019-10-20 17:39:47,368 [pool-7-thread-1] INFO  server.RaftServerConfigKeys (ConfUtils.java:logGet(43)) - raft.server.snapshot.auto.trigger.threshold = 10000 (custom)
2019-10-20 17:39:47,368 [pool-7-thread-1] INFO  server.RaftServerConfigKeys (ConfUtils.java:logGet(43)) - raft.server.snapshot.retention.file.num = 5 (custom)
2019-10-20 17:39:47,368 [pool-7-thread-1] INFO  server.RaftServerConfigKeys (ConfUtils.java:logGet(43)) - raft.server.retrycache.expirytime = 600000ms (custom)
2019-10-20 17:39:47,374 [pool-7-thread-1] INFO  impl.RaftServerImpl (RaftServerImpl.java:start(195)) - 7b1e61a0-7daf-43dd-99d5-9b325c1d31ae@group-091950D56227: start as a follower, conf=-1: [8a63e1ae-032e-4bed-9f20-125a11f65413:0.0.0.0:38685, 8f18dce1-0a3d-4b65-9c78-af3d58b2da7f:0.0.0.0:42489, 7b1e61a0-7daf-43dd-99d5-9b325c1d31ae:0.0.0.0:38412], old=null
2019-10-20 17:39:47,374 [pool-7-thread-1] INFO  impl.RaftServerImpl (RaftServerImpl.java:setRole(184)) - 7b1e61a0-7daf-43dd-99d5-9b325c1d31ae@group-091950D56227: changes role from      null to FOLLOWER at term 0 for startAsFollower
2019-10-20 17:39:47,374 [pool-7-thread-1] INFO  impl.RoleInfo (RoleInfo.java:updateAndGet(143)) - 7b1e61a0-7daf-43dd-99d5-9b325c1d31ae: start FollowerState
2019-10-20 17:39:47,375 [pool-7-thread-1] INFO  util.JmxRegister (JmxRegister.java:tryRegister(44)) - Successfully registered JMX Bean with object name Ratis:service=RaftServer,group=group-091950D56227,id=7b1e61a0-7daf-43dd-99d5-9b325c1d31ae
2019-10-20 17:39:47,383 [main] INFO  impl.RaftServerProxy (ConfUtils.java:logGet(43)) - raft.rpc.type = GRPC (default)
2019-10-20 17:39:47,384 [main] INFO  grpc.GrpcFactory (GrpcFactory.java:checkPooledByteBufAllocatorUseCacheForAllThreads(45)) - PERFORMANCE WARNING: useCacheForAllThreads is true that may cause Netty to create a lot garbage objects and, as a result, trigger GC.
	It is recommended to disable useCacheForAllThreads by setting -Dorg.apache.ratis.thirdparty.io.netty.allocator.useCacheForAllThreads=false in command line.
2019-10-20 17:39:47,384 [main] INFO  grpc.GrpcConfigKeys$Server (ConfUtils.java:logGet(43)) - raft.grpc.server.port = 38685 (custom)
2019-10-20 17:39:47,384 [main] INFO  server.GrpcService (ConfUtils.java:logGet(43)) - raft.grpc.message.size.max = 33570816 (custom)
2019-10-20 17:39:47,385 [main] INFO  server.RaftServerConfigKeys (ConfUtils.java:logGet(43)) - raft.server.log.appender.buffer.byte-limit = 33554432 (custom)
2019-10-20 17:39:47,385 [main] INFO  server.GrpcService (ConfUtils.java:logGet(43)) - raft.grpc.flow.control.window = 1MB (=1048576) (default)
2019-10-20 17:39:47,386 [main] INFO  server.RaftServerConfigKeys (ConfUtils.java:logGet(43)) - raft.server.rpc.request.timeout = 3000ms (default)
2019-10-20 17:39:47,386 [main] INFO  server.RaftServerConfigKeys (ConfUtils.java:logGet(43)) - raft.server.storage.dir = [/workdir/hadoop-ozone/integration-test/target/test-dir/dfs/8a63e1ae-032e-4bed-9f20-125a11f65413] (custom)
2019-10-20 17:39:47,387 [main] INFO  ratis.XceiverServerRatis (XceiverServerRatis.java:start(418)) - Starting XceiverServerRatis 8a63e1ae-032e-4bed-9f20-125a11f65413 at port 38685
2019-10-20 17:39:47,394 [main] INFO  impl.RaftServerProxy (RaftServerProxy.java:lambda$start$3(299)) - 8a63e1ae-032e-4bed-9f20-125a11f65413: start RPC server
2019-10-20 17:39:47,397 [main] INFO  server.GrpcService (GrpcService.java:startImpl(158)) - 8a63e1ae-032e-4bed-9f20-125a11f65413: GrpcService started, listening on 0.0.0.0/0.0.0.0:38685
2019-10-20 17:39:47,429 [grpc-default-executor-1] INFO  impl.RaftServerProxy (RaftServerProxy.java:addNew(89)) - 8a63e1ae-032e-4bed-9f20-125a11f65413: addNew group-091950D56227:[8a63e1ae-032e-4bed-9f20-125a11f65413:0.0.0.0:38685, 8f18dce1-0a3d-4b65-9c78-af3d58b2da7f:0.0.0.0:42489, 7b1e61a0-7daf-43dd-99d5-9b325c1d31ae:0.0.0.0:38412] returns group-091950D56227:java.util.concurrent.CompletableFuture@13dc4fc6[Not completed]
2019-10-20 17:39:47,434 [pool-9-thread-1] INFO  impl.RaftServerImpl (RaftServerImpl.java:<init>(104)) - 8a63e1ae-032e-4bed-9f20-125a11f65413: new RaftServerImpl for group-091950D56227:[8a63e1ae-032e-4bed-9f20-125a11f65413:0.0.0.0:38685, 8f18dce1-0a3d-4b65-9c78-af3d58b2da7f:0.0.0.0:42489, 7b1e61a0-7daf-43dd-99d5-9b325c1d31ae:0.0.0.0:38412] with ContainerStateMachine:uninitialized
2019-10-20 17:39:47,435 [pool-9-thread-1] INFO  server.RaftServerConfigKeys (ConfUtils.java:logGet(43)) - raft.server.rpc.timeout.min = 5s (custom)
2019-10-20 17:39:47,435 [pool-9-thread-1] INFO  server.RaftServerConfigKeys (ConfUtils.java:logGet(43)) - raft.server.rpc.timeout.max = 5200ms (custom)
2019-10-20 17:39:47,435 [pool-9-thread-1] INFO  server.RaftServerConfigKeys (ConfUtils.java:logGet(43)) - raft.server.rpcslowness.timeout = 120s (custom)
2019-10-20 17:39:47,436 [pool-9-thread-1] INFO  server.RaftServerConfigKeys (ConfUtils.java:logGet(43)) - raft.server.sleep.deviation.threshold = 300 (default)
2019-10-20 17:39:47,436 [pool-9-thread-1] INFO  server.RaftServerConfigKeys (ConfUtils.java:logGet(43)) - raft.server.log.appender.install.snapshot.enabled = false (custom)
2019-10-20 17:39:47,436 [pool-9-thread-1] INFO  impl.RaftServerImpl (ServerState.java:<init>(103)) - 8a63e1ae-032e-4bed-9f20-125a11f65413@group-091950D56227: ConfigurationManager, init=-1: [8a63e1ae-032e-4bed-9f20-125a11f65413:0.0.0.0:38685, 8f18dce1-0a3d-4b65-9c78-af3d58b2da7f:0.0.0.0:42489, 7b1e61a0-7daf-43dd-99d5-9b325c1d31ae:0.0.0.0:38412], old=null, confs=<EMPTY_MAP>
2019-10-20 17:39:47,436 [pool-9-thread-1] INFO  server.RaftServerConfigKeys (ConfUtils.java:logGet(43)) - raft.server.storage.dir = [/workdir/hadoop-ozone/integration-test/target/test-dir/dfs/8a63e1ae-032e-4bed-9f20-125a11f65413] (custom)
2019-10-20 17:39:47,437 [pool-9-thread-1] INFO  server.RaftServerConfigKeys (ConfUtils.java:logGet(43)) - raft.server.log.corruption.policy = EXCEPTION (default)
2019-10-20 17:39:47,437 [pool-9-thread-1] INFO  storage.RaftStorageDirectory (RaftStorageDirectory.java:analyzeStorage(246)) - The storage directory /workdir/hadoop-ozone/integration-test/target/test-dir/dfs/8a63e1ae-032e-4bed-9f20-125a11f65413/db4dac76-8fb1-4d53-8368-091950d56227 does not exist. Creating ...
2019-10-20 17:39:47,471 [pool-9-thread-1] INFO  storage.RaftStorageDirectory (RaftStorageDirectory.java:tryLock(328)) - Lock on /workdir/hadoop-ozone/integration-test/target/test-dir/dfs/8a63e1ae-032e-4bed-9f20-125a11f65413/db4dac76-8fb1-4d53-8368-091950d56227/in_use.lock acquired by nodename 4013@pr-hdds-2334-8x2sg-1875309799
2019-10-20 17:39:47,493 [pool-9-thread-1] INFO  storage.RaftStorage (RaftStorage.java:format(84)) - Storage directory /workdir/hadoop-ozone/integration-test/target/test-dir/dfs/8a63e1ae-032e-4bed-9f20-125a11f65413/db4dac76-8fb1-4d53-8368-091950d56227 has been successfully formatted.
2019-10-20 17:39:47,494 [pool-9-thread-1] INFO  ratis.ContainerStateMachine (ContainerStateMachine.java:loadSnapshot(231)) - group-091950D56227: The snapshot info is null. Setting the last applied indexto:(t:0, i:~)
2019-10-20 17:39:47,494 [pool-9-thread-1] INFO  server.RaftServerConfigKeys (ConfUtils.java:logGet(43)) - raft.server.notification.no-leader.timeout = 120s (custom)
2019-10-20 17:39:47,495 [pool-9-thread-1] INFO  server.RaftServerConfigKeys (ConfUtils.java:logGet(43)) - raft.server.log.use.memory = false (default)
2019-10-20 17:39:47,495 [pool-9-thread-1] INFO  server.RaftServerConfigKeys (ConfUtils.java:logGet(43)) - raft.server.log.purge.gap = 1000000 (custom)
2019-10-20 17:39:47,495 [pool-9-thread-1] INFO  server.RaftServerConfigKeys (ConfUtils.java:logGet(43)) - raft.server.log.appender.buffer.byte-limit = 33554432 (custom)
2019-10-20 17:39:47,495 [pool-9-thread-1] INFO  server.RaftServerConfigKeys (ConfUtils.java:logGet(43)) - raft.server.log.segment.size.max = 1048576 (custom)
2019-10-20 17:39:47,501 [pool-9-thread-1] INFO  server.RaftServerConfigKeys (ConfUtils.java:logGet(43)) - raft.server.log.segment.cache.num.max = 2 (custom)
2019-10-20 17:39:47,501 [pool-9-thread-1] INFO  segmented.SegmentedRaftLogWorker (SegmentedRaftLogWorker.java:<init>(173)) - new 8a63e1ae-032e-4bed-9f20-125a11f65413@group-091950D56227-SegmentedRaftLogWorker for RaftStorage:Storage Directory /workdir/hadoop-ozone/integration-test/target/test-dir/dfs/8a63e1ae-032e-4bed-9f20-125a11f65413/db4dac76-8fb1-4d53-8368-091950d56227
2019-10-20 17:39:47,502 [pool-9-thread-1] INFO  server.RaftServerConfigKeys (ConfUtils.java:logGet(43)) - raft.server.log.queue.byte-limit = 2147483647 (custom)
2019-10-20 17:39:47,502 [pool-9-thread-1] INFO  server.RaftServerConfigKeys (ConfUtils.java:logGet(43)) - raft.server.log.queue.element-limit = 1024 (custom)
2019-10-20 17:39:47,502 [pool-9-thread-1] INFO  server.RaftServerConfigKeys (ConfUtils.java:logGet(43)) - raft.server.log.segment.size.max = 1048576 (custom)
2019-10-20 17:39:47,502 [pool-9-thread-1] INFO  server.RaftServerConfigKeys (ConfUtils.java:logGet(43)) - raft.server.log.preallocated.size = 16384 (custom)
2019-10-20 17:39:47,503 [pool-9-thread-1] INFO  server.RaftServerConfigKeys (ConfUtils.java:logGet(43)) - raft.server.log.write.buffer.size = 33554432 (custom)
2019-10-20 17:39:47,503 [Thread-18] INFO  impl.FollowerState (FollowerState.java:run(108)) - 7b1e61a0-7daf-43dd-99d5-9b325c1d31ae@group-091950D56227-FollowerState: change to CANDIDATE, lastRpcTime:128ms, electionTimeout:128ms
2019-10-20 17:39:47,503 [pool-9-thread-1] INFO  server.RaftServerConfigKeys (ConfUtils.java:logGet(43)) - raft.server.log.force.sync.num = 128 (default)
2019-10-20 17:39:47,503 [Thread-18] INFO  impl.RoleInfo (RoleInfo.java:shutdownFollowerState(121)) - 7b1e61a0-7daf-43dd-99d5-9b325c1d31ae: shutdown FollowerState
2019-10-20 17:39:47,503 [pool-9-thread-1] INFO  server.RaftServerConfigKeys (ConfUtils.java:logGet(43)) - raft.server.log.statemachine.data.sync = true (default)
2019-10-20 17:39:47,504 [Thread-18] INFO  impl.RaftServerImpl (RaftServerImpl.java:setRole(184)) - 7b1e61a0-7daf-43dd-99d5-9b325c1d31ae@group-091950D56227: changes role from  FOLLOWER to CANDIDATE at term 0 for changeToCandidate
2019-10-20 17:39:47,504 [pool-9-thread-1] INFO  server.RaftServerConfigKeys (ConfUtils.java:logGet(43)) - raft.server.log.statemachine.data.sync.timeout = 10s (default)
2019-10-20 17:39:47,504 [Thread-18] INFO  impl.RoleInfo (RoleInfo.java:updateAndGet(143)) - 7b1e61a0-7daf-43dd-99d5-9b325c1d31ae: start LeaderElection
2019-10-20 17:39:47,504 [pool-9-thread-1] INFO  server.RaftServerConfigKeys (ConfUtils.java:logGet(43)) - raft.server.log.statemachine.data.sync.timeout.retry = -1 (default)
2019-10-20 17:39:47,506 [pool-9-thread-1] INFO  server.RaftServerConfigKeys (ConfUtils.java:logGet(43)) - raft.server.log.statemachine.data.caching.enabled = true (custom)
2019-10-20 17:39:47,506 [pool-9-thread-1] INFO  segmented.SegmentedRaftLogWorker (SegmentedRaftLogWorker.java:lambda$new$0(128)) - 8a63e1ae-032e-4bed-9f20-125a11f65413@group-091950D56227-SegmentedRaftLogWorker: flushIndex: setUnconditionally 0 -> -1
2019-10-20 17:39:47,507 [pool-9-thread-1] INFO  server.RaftServerConfigKeys (ConfUtils.java:logGet(43)) - raft.server.snapshot.auto.trigger.enabled = true (custom)
2019-10-20 17:39:47,507 [pool-9-thread-1] INFO  server.RaftServerConfigKeys (ConfUtils.java:logGet(43)) - raft.server.snapshot.auto.trigger.threshold = 10000 (custom)
2019-10-20 17:39:47,507 [pool-9-thread-1] INFO  server.RaftServerConfigKeys (ConfUtils.java:logGet(43)) - raft.server.snapshot.retention.file.num = 5 (custom)
2019-10-20 17:39:47,508 [pool-9-thread-1] INFO  server.RaftServerConfigKeys (ConfUtils.java:logGet(43)) - raft.server.retrycache.expirytime = 600000ms (custom)
2019-10-20 17:39:47,517 [pool-9-thread-1] INFO  impl.RaftServerImpl (RaftServerImpl.java:start(195)) - 8a63e1ae-032e-4bed-9f20-125a11f65413@group-091950D56227: start as a follower, conf=-1: [8a63e1ae-032e-4bed-9f20-125a11f65413:0.0.0.0:38685, 8f18dce1-0a3d-4b65-9c78-af3d58b2da7f:0.0.0.0:42489, 7b1e61a0-7daf-43dd-99d5-9b325c1d31ae:0.0.0.0:38412], old=null
2019-10-20 17:39:47,517 [pool-9-thread-1] INFO  impl.RaftServerImpl (RaftServerImpl.java:setRole(184)) - 8a63e1ae-032e-4bed-9f20-125a11f65413@group-091950D56227: changes role from      null to FOLLOWER at term 0 for startAsFollower
2019-10-20 17:39:47,517 [pool-9-thread-1] INFO  impl.RoleInfo (RoleInfo.java:updateAndGet(143)) - 8a63e1ae-032e-4bed-9f20-125a11f65413: start FollowerState
2019-10-20 17:39:47,518 [pool-9-thread-1] INFO  util.JmxRegister (JmxRegister.java:tryRegister(44)) - Successfully registered JMX Bean with object name Ratis:service=RaftServer,group=group-091950D56227,id=8a63e1ae-032e-4bed-9f20-125a11f65413
2019-10-20 17:39:47,528 [main] INFO  impl.RaftServerProxy (ConfUtils.java:logGet(43)) - raft.rpc.type = GRPC (default)
2019-10-20 17:39:47,529 [main] INFO  grpc.GrpcFactory (GrpcFactory.java:checkPooledByteBufAllocatorUseCacheForAllThreads(45)) - PERFORMANCE WARNING: useCacheForAllThreads is true that may cause Netty to create a lot garbage objects and, as a result, trigger GC.
	It is recommended to disable useCacheForAllThreads by setting -Dorg.apache.ratis.thirdparty.io.netty.allocator.useCacheForAllThreads=false in command line.
2019-10-20 17:39:47,529 [main] INFO  grpc.GrpcConfigKeys$Server (ConfUtils.java:logGet(43)) - raft.grpc.server.port = 42489 (custom)
2019-10-20 17:39:47,529 [7b1e61a0-7daf-43dd-99d5-9b325c1d31ae@group-091950D56227-LeaderElection2] INFO  impl.LeaderElection (LeaderElection.java:askForVotes(178)) - 7b1e61a0-7daf-43dd-99d5-9b325c1d31ae@group-091950D56227-LeaderElection2: begin an election at term 1 for -1: [8a63e1ae-032e-4bed-9f20-125a11f65413:0.0.0.0:38685, 8f18dce1-0a3d-4b65-9c78-af3d58b2da7f:0.0.0.0:42489, 7b1e61a0-7daf-43dd-99d5-9b325c1d31ae:0.0.0.0:38412], old=null
2019-10-20 17:39:47,529 [main] INFO  server.GrpcService (ConfUtils.java:logGet(43)) - raft.grpc.message.size.max = 33570816 (custom)
2019-10-20 17:39:47,529 [main] INFO  server.RaftServerConfigKeys (ConfUtils.java:logGet(43)) - raft.server.log.appender.buffer.byte-limit = 33554432 (custom)
2019-10-20 17:39:47,530 [main] INFO  server.GrpcService (ConfUtils.java:logGet(43)) - raft.grpc.flow.control.window = 1MB (=1048576) (default)
2019-10-20 17:39:47,530 [main] INFO  server.RaftServerConfigKeys (ConfUtils.java:logGet(43)) - raft.server.rpc.request.timeout = 3000ms (default)
2019-10-20 17:39:47,530 [main] INFO  server.RaftServerConfigKeys (ConfUtils.java:logGet(43)) - raft.server.storage.dir = [/workdir/hadoop-ozone/integration-test/target/test-dir/dfs/8f18dce1-0a3d-4b65-9c78-af3d58b2da7f] (custom)
2019-10-20 17:39:47,531 [main] INFO  ratis.XceiverServerRatis (XceiverServerRatis.java:start(418)) - Starting XceiverServerRatis 8f18dce1-0a3d-4b65-9c78-af3d58b2da7f at port 42489
2019-10-20 17:39:47,540 [main] INFO  impl.RaftServerProxy (RaftServerProxy.java:lambda$start$3(299)) - 8f18dce1-0a3d-4b65-9c78-af3d58b2da7f: start RPC server
2019-10-20 17:39:47,543 [main] INFO  server.GrpcService (GrpcService.java:startImpl(158)) - 8f18dce1-0a3d-4b65-9c78-af3d58b2da7f: GrpcService started, listening on 0.0.0.0/0.0.0.0:42489
2019-10-20 17:39:47,556 [grpc-default-executor-1] WARN  server.GrpcServerProtocolService (LogUtils.java:warn(136)) - 8f18dce1-0a3d-4b65-9c78-af3d58b2da7f: Failed requestVote 7b1e61a0-7daf-43dd-99d5-9b325c1d31ae->8f18dce1-0a3d-4b65-9c78-af3d58b2da7f#0
org.apache.ratis.protocol.GroupMismatchException: 8f18dce1-0a3d-4b65-9c78-af3d58b2da7f: group-091950D56227 not found.
	at org.apache.ratis.server.impl.RaftServerProxy$ImplMap.get(RaftServerProxy.java:122)
	at org.apache.ratis.server.impl.RaftServerProxy.getImplFuture(RaftServerProxy.java:269)
	at org.apache.ratis.server.impl.RaftServerProxy.getImpl(RaftServerProxy.java:278)
	at org.apache.ratis.server.impl.RaftServerProxy.getImpl(RaftServerProxy.java:273)
	at org.apache.ratis.server.impl.RaftServerProxy.requestVote(RaftServerProxy.java:443)
	at org.apache.ratis.grpc.server.GrpcServerProtocolService.requestVote(GrpcServerProtocolService.java:142)
	at org.apache.ratis.proto.grpc.RaftServerProtocolServiceGrpc$MethodHandlers.invoke(RaftServerProtocolServiceGrpc.java:319)
	at org.apache.ratis.thirdparty.io.grpc.stub.ServerCalls$UnaryServerCallHandler$UnaryServerCallListener.onHalfClose(ServerCalls.java:171)
	at org.apache.ratis.thirdparty.io.grpc.internal.ServerCallImpl$ServerStreamListenerImpl.halfClosed(ServerCallImpl.java:283)
	at org.apache.ratis.thirdparty.io.grpc.internal.ServerImpl$JumpToApplicationThreadServerStreamListener$1HalfClosed.runInContext(ServerImpl.java:710)
	at org.apache.ratis.thirdparty.io.grpc.internal.ContextRunnable.run(ContextRunnable.java:37)
	at org.apache.ratis.thirdparty.io.grpc.internal.SerializingExecutor.run(SerializingExecutor.java:123)
	at java.util.concurrent.ThreadPoolExecutor.runWorker(ThreadPoolExecutor.java:1149)
	at java.util.concurrent.ThreadPoolExecutor$Worker.run(ThreadPoolExecutor.java:624)
	at java.lang.Thread.run(Thread.java:748)
2019-10-20 17:39:47,562 [grpc-default-executor-0] INFO  impl.RaftServerImpl (RaftServerImpl.java:setRole(184)) - 8a63e1ae-032e-4bed-9f20-125a11f65413@group-091950D56227: changes role from  FOLLOWER to FOLLOWER at term 1 for recognizeCandidate:7b1e61a0-7daf-43dd-99d5-9b325c1d31ae
2019-10-20 17:39:47,562 [grpc-default-executor-0] INFO  impl.RoleInfo (RoleInfo.java:shutdownFollowerState(121)) - 8a63e1ae-032e-4bed-9f20-125a11f65413: shutdown FollowerState
2019-10-20 17:39:47,562 [grpc-default-executor-0] INFO  impl.RoleInfo (RoleInfo.java:updateAndGet(143)) - 8a63e1ae-032e-4bed-9f20-125a11f65413: start FollowerState
2019-10-20 17:39:47,562 [Thread-22] INFO  impl.FollowerState (FollowerState.java:run(117)) - 8a63e1ae-032e-4bed-9f20-125a11f65413@group-091950D56227-FollowerState was interrupted: java.lang.InterruptedException: sleep interrupted
2019-10-20 17:39:47,581 [grpc-default-executor-2] INFO  impl.RaftServerProxy (RaftServerProxy.java:addNew(89)) - 8f18dce1-0a3d-4b65-9c78-af3d58b2da7f: addNew group-091950D56227:[8a63e1ae-032e-4bed-9f20-125a11f65413:0.0.0.0:38685, 8f18dce1-0a3d-4b65-9c78-af3d58b2da7f:0.0.0.0:42489, 7b1e61a0-7daf-43dd-99d5-9b325c1d31ae:0.0.0.0:38412] returns group-091950D56227:java.util.concurrent.CompletableFuture@365d40c2[Not completed]
2019-10-20 17:39:47,584 [pool-11-thread-1] INFO  impl.RaftServerImpl (RaftServerImpl.java:<init>(104)) - 8f18dce1-0a3d-4b65-9c78-af3d58b2da7f: new RaftServerImpl for group-091950D56227:[8a63e1ae-032e-4bed-9f20-125a11f65413:0.0.0.0:38685, 8f18dce1-0a3d-4b65-9c78-af3d58b2da7f:0.0.0.0:42489, 7b1e61a0-7daf-43dd-99d5-9b325c1d31ae:0.0.0.0:38412] with ContainerStateMachine:uninitialized
2019-10-20 17:39:47,584 [pool-11-thread-1] INFO  server.RaftServerConfigKeys (ConfUtils.java:logGet(43)) - raft.server.rpc.timeout.min = 5s (custom)
2019-10-20 17:39:47,585 [pool-11-thread-1] INFO  server.RaftServerConfigKeys (ConfUtils.java:logGet(43)) - raft.server.rpc.timeout.max = 5200ms (custom)
2019-10-20 17:39:47,585 [pool-11-thread-1] INFO  server.RaftServerConfigKeys (ConfUtils.java:logGet(43)) - raft.server.rpcslowness.timeout = 120s (custom)
2019-10-20 17:39:47,585 [pool-11-thread-1] INFO  server.RaftServerConfigKeys (ConfUtils.java:logGet(43)) - raft.server.sleep.deviation.threshold = 300 (default)
2019-10-20 17:39:47,585 [pool-11-thread-1] INFO  server.RaftServerConfigKeys (ConfUtils.java:logGet(43)) - raft.server.log.appender.install.snapshot.enabled = false (custom)
2019-10-20 17:39:47,586 [pool-11-thread-1] INFO  impl.RaftServerImpl (ServerState.java:<init>(103)) - 8f18dce1-0a3d-4b65-9c78-af3d58b2da7f@group-091950D56227: ConfigurationManager, init=-1: [8a63e1ae-032e-4bed-9f20-125a11f65413:0.0.0.0:38685, 8f18dce1-0a3d-4b65-9c78-af3d58b2da7f:0.0.0.0:42489, 7b1e61a0-7daf-43dd-99d5-9b325c1d31ae:0.0.0.0:38412], old=null, confs=<EMPTY_MAP>
2019-10-20 17:39:47,586 [pool-11-thread-1] INFO  server.RaftServerConfigKeys (ConfUtils.java:logGet(43)) - raft.server.storage.dir = [/workdir/hadoop-ozone/integration-test/target/test-dir/dfs/8f18dce1-0a3d-4b65-9c78-af3d58b2da7f] (custom)
2019-10-20 17:39:47,586 [pool-11-thread-1] INFO  server.RaftServerConfigKeys (ConfUtils.java:logGet(43)) - raft.server.log.corruption.policy = EXCEPTION (default)
2019-10-20 17:39:47,587 [pool-11-thread-1] INFO  storage.RaftStorageDirectory (RaftStorageDirectory.java:analyzeStorage(246)) - The storage directory /workdir/hadoop-ozone/integration-test/target/test-dir/dfs/8f18dce1-0a3d-4b65-9c78-af3d58b2da7f/db4dac76-8fb1-4d53-8368-091950d56227 does not exist. Creating ...
2019-10-20 17:39:47,594 [7b1e61a0-7daf-43dd-99d5-9b325c1d31ae@group-091950D56227-LeaderElection2] INFO  impl.LeaderElection (LogUtils.java:infoOrTrace(149)) - 7b1e61a0-7daf-43dd-99d5-9b325c1d31ae@group-091950D56227-LeaderElection2 got exception when requesting votes: {}
java.util.concurrent.ExecutionException: org.apache.ratis.thirdparty.io.grpc.StatusRuntimeException: INTERNAL: 8f18dce1-0a3d-4b65-9c78-af3d58b2da7f: group-091950D56227 not found.
	at java.util.concurrent.FutureTask.report(FutureTask.java:122)
	at java.util.concurrent.FutureTask.get(FutureTask.java:192)
	at org.apache.ratis.server.impl.LeaderElection.waitForResults(LeaderElection.java:259)
	at org.apache.ratis.server.impl.LeaderElection.askForVotes(LeaderElection.java:197)
	at org.apache.ratis.server.impl.LeaderElection.run(LeaderElection.java:133)
	at java.lang.Thread.run(Thread.java:748)
Caused by: org.apache.ratis.thirdparty.io.grpc.StatusRuntimeException: INTERNAL: 8f18dce1-0a3d-4b65-9c78-af3d58b2da7f: group-091950D56227 not found.
	at org.apache.ratis.thirdparty.io.grpc.stub.ClientCalls.toStatusRuntimeException(ClientCalls.java:233)
	at org.apache.ratis.thirdparty.io.grpc.stub.ClientCalls.getUnchecked(ClientCalls.java:214)
	at org.apache.ratis.thirdparty.io.grpc.stub.ClientCalls.blockingUnaryCall(ClientCalls.java:139)
	at org.apache.ratis.proto.grpc.RaftServerProtocolServiceGrpc$RaftServerProtocolServiceBlockingStub.requestVote(RaftServerProtocolServiceGrpc.java:265)
	at org.apache.ratis.grpc.server.GrpcServerProtocolClient.requestVote(GrpcServerProtocolClient.java:99)
	at org.apache.ratis.grpc.server.GrpcService.requestVote(GrpcService.java:204)
	at org.apache.ratis.server.impl.LeaderElection.lambda$submitRequests$1(LeaderElection.java:234)
	at java.util.concurrent.FutureTask.run(FutureTask.java:266)
	at java.util.concurrent.Executors$RunnableAdapter.call(Executors.java:511)
	at java.util.concurrent.FutureTask.run(FutureTask.java:266)
	at java.util.concurrent.ThreadPoolExecutor.runWorker(ThreadPoolExecutor.java:1149)
	at java.util.concurrent.ThreadPoolExecutor$Worker.run(ThreadPoolExecutor.java:624)
	... 1 more
2019-10-20 17:39:47,597 [7b1e61a0-7daf-43dd-99d5-9b325c1d31ae@group-091950D56227-LeaderElection2] INFO  impl.LeaderElection (LeaderElection.java:logAndReturn(56)) - 7b1e61a0-7daf-43dd-99d5-9b325c1d31ae@group-091950D56227-LeaderElection2: Election PASSED; received 1 response(s) [7b1e61a0-7daf-43dd-99d5-9b325c1d31ae<-8a63e1ae-032e-4bed-9f20-125a11f65413#0:OK-t1] and 1 exception(s); 7b1e61a0-7daf-43dd-99d5-9b325c1d31ae@group-091950D56227:t1, leader=null, voted=7b1e61a0-7daf-43dd-99d5-9b325c1d31ae, raftlog=7b1e61a0-7daf-43dd-99d5-9b325c1d31ae@group-091950D56227-SegmentedRaftLog:OPENED:c-1,f-1,i0, conf=-1: [8a63e1ae-032e-4bed-9f20-125a11f65413:0.0.0.0:38685, 8f18dce1-0a3d-4b65-9c78-af3d58b2da7f:0.0.0.0:42489, 7b1e61a0-7daf-43dd-99d5-9b325c1d31ae:0.0.0.0:38412], old=null
2019-10-20 17:39:47,597 [7b1e61a0-7daf-43dd-99d5-9b325c1d31ae@group-091950D56227-LeaderElection2] INFO  impl.LeaderElection (LogUtils.java:infoOrTrace(149)) -   Exception 0: {}
java.util.concurrent.ExecutionException: org.apache.ratis.thirdparty.io.grpc.StatusRuntimeException: INTERNAL: 8f18dce1-0a3d-4b65-9c78-af3d58b2da7f: group-091950D56227 not found.
	at java.util.concurrent.FutureTask.report(FutureTask.java:122)
	at java.util.concurrent.FutureTask.get(FutureTask.java:192)
	at org.apache.ratis.server.impl.LeaderElection.waitForResults(LeaderElection.java:259)
	at org.apache.ratis.server.impl.LeaderElection.askForVotes(LeaderElection.java:197)
	at org.apache.ratis.server.impl.LeaderElection.run(LeaderElection.java:133)
	at java.lang.Thread.run(Thread.java:748)
Caused by: org.apache.ratis.thirdparty.io.grpc.StatusRuntimeException: INTERNAL: 8f18dce1-0a3d-4b65-9c78-af3d58b2da7f: group-091950D56227 not found.
	at org.apache.ratis.thirdparty.io.grpc.stub.ClientCalls.toStatusRuntimeException(ClientCalls.java:233)
	at org.apache.ratis.thirdparty.io.grpc.stub.ClientCalls.getUnchecked(ClientCalls.java:214)
	at org.apache.ratis.thirdparty.io.grpc.stub.ClientCalls.blockingUnaryCall(ClientCalls.java:139)
	at org.apache.ratis.proto.grpc.RaftServerProtocolServiceGrpc$RaftServerProtocolServiceBlockingStub.requestVote(RaftServerProtocolServiceGrpc.java:265)
	at org.apache.ratis.grpc.server.GrpcServerProtocolClient.requestVote(GrpcServerProtocolClient.java:99)
	at org.apache.ratis.grpc.server.GrpcService.requestVote(GrpcService.java:204)
	at org.apache.ratis.server.impl.LeaderElection.lambda$submitRequests$1(LeaderElection.java:234)
	at java.util.concurrent.FutureTask.run(FutureTask.java:266)
	at java.util.concurrent.Executors$RunnableAdapter.call(Executors.java:511)
	at java.util.concurrent.FutureTask.run(FutureTask.java:266)
	at java.util.concurrent.ThreadPoolExecutor.runWorker(ThreadPoolExecutor.java:1149)
	at java.util.concurrent.ThreadPoolExecutor$Worker.run(ThreadPoolExecutor.java:624)
	... 1 more
2019-10-20 17:39:47,598 [7b1e61a0-7daf-43dd-99d5-9b325c1d31ae@group-091950D56227-LeaderElection2] INFO  impl.RoleInfo (RoleInfo.java:shutdownLeaderElection(134)) - 7b1e61a0-7daf-43dd-99d5-9b325c1d31ae: shutdown LeaderElection
2019-10-20 17:39:47,598 [7b1e61a0-7daf-43dd-99d5-9b325c1d31ae@group-091950D56227-LeaderElection2] INFO  impl.RaftServerImpl (RaftServerImpl.java:setRole(184)) - 7b1e61a0-7daf-43dd-99d5-9b325c1d31ae@group-091950D56227: changes role from CANDIDATE to LEADER at term 1 for changeToLeader
2019-10-20 17:39:47,599 [7b1e61a0-7daf-43dd-99d5-9b325c1d31ae@group-091950D56227-LeaderElection2] INFO  impl.RaftServerImpl (ServerState.java:setLeader(256)) - 7b1e61a0-7daf-43dd-99d5-9b325c1d31ae@group-091950D56227: change Leader from null to 7b1e61a0-7daf-43dd-99d5-9b325c1d31ae at term 1 for becomeLeader, leader elected after 237ms
2019-10-20 17:39:47,599 [7b1e61a0-7daf-43dd-99d5-9b325c1d31ae@group-091950D56227-LeaderElection2] INFO  server.RaftServerConfigKeys (ConfUtils.java:logGet(43)) - raft.server.staging.catchup.gap = 1000 (default)
2019-10-20 17:39:47,599 [7b1e61a0-7daf-43dd-99d5-9b325c1d31ae@group-091950D56227-LeaderElection2] INFO  server.RaftServerConfigKeys (ConfUtils.java:logGet(43)) - raft.server.rpc.sleep.time = 25ms (default)
2019-10-20 17:39:47,599 [7b1e61a0-7daf-43dd-99d5-9b325c1d31ae@group-091950D56227-LeaderElection2] INFO  server.RaftServerConfigKeys (ConfUtils.java:logGet(43)) - raft.server.write.element-limit = 4096 (default)
2019-10-20 17:39:47,599 [7b1e61a0-7daf-43dd-99d5-9b325c1d31ae@group-091950D56227-LeaderElection2] INFO  server.RaftServerConfigKeys (ConfUtils.java:logGet(43)) - raft.server.watch.timeout = 10s (default)
2019-10-20 17:39:47,600 [7b1e61a0-7daf-43dd-99d5-9b325c1d31ae@group-091950D56227-LeaderElection2] INFO  server.RaftServerConfigKeys (ConfUtils.java:logGet(43)) - raft.server.watch.timeout.denomination = 1s (default)
2019-10-20 17:39:47,600 [7b1e61a0-7daf-43dd-99d5-9b325c1d31ae@group-091950D56227-LeaderElection2] INFO  server.RaftServerConfigKeys (ConfUtils.java:logGet(43)) - raft.server.watch.element-limit = 65536 (default)
2019-10-20 17:39:47,605 [7b1e61a0-7daf-43dd-99d5-9b325c1d31ae@group-091950D56227-LeaderElection2] INFO  server.RaftServerConfigKeys (ConfUtils.java:logGet(43)) - raft.server.log.appender.snapshot.chunk.size.max = 16MB (=16777216) (default)
2019-10-20 17:39:47,605 [7b1e61a0-7daf-43dd-99d5-9b325c1d31ae@group-091950D56227-LeaderElection2] INFO  server.RaftServerConfigKeys (ConfUtils.java:logGet(43)) - raft.server.log.appender.buffer.byte-limit = 33554432 (custom)
2019-10-20 17:39:47,606 [7b1e61a0-7daf-43dd-99d5-9b325c1d31ae@group-091950D56227-LeaderElection2] INFO  server.RaftServerConfigKeys (ConfUtils.java:logGet(43)) - raft.server.log.appender.buffer.element-limit = 1 (custom)
2019-10-20 17:39:47,609 [7b1e61a0-7daf-43dd-99d5-9b325c1d31ae@group-091950D56227-LeaderElection2] INFO  grpc.GrpcConfigKeys$Server (ConfUtils.java:logGet(43)) - raft.grpc.server.leader.outstanding.appends.max = 128 (default)
2019-10-20 17:39:47,609 [7b1e61a0-7daf-43dd-99d5-9b325c1d31ae@group-091950D56227-LeaderElection2] INFO  server.RaftServerConfigKeys (ConfUtils.java:logGet(43)) - raft.server.rpc.request.timeout = 3000ms (default)
2019-10-20 17:39:47,610 [7b1e61a0-7daf-43dd-99d5-9b325c1d31ae@group-091950D56227-LeaderElection2] INFO  server.RaftServerConfigKeys (ConfUtils.java:logGet(43)) - raft.server.log.appender.install.snapshot.enabled = false (custom)
2019-10-20 17:39:47,614 [pool-11-thread-1] INFO  storage.RaftStorageDirectory (RaftStorageDirectory.java:tryLock(328)) - Lock on /workdir/hadoop-ozone/integration-test/target/test-dir/dfs/8f18dce1-0a3d-4b65-9c78-af3d58b2da7f/db4dac76-8fb1-4d53-8368-091950d56227/in_use.lock acquired by nodename 4013@pr-hdds-2334-8x2sg-1875309799
2019-10-20 17:39:47,614 [7b1e61a0-7daf-43dd-99d5-9b325c1d31ae@group-091950D56227-LeaderElection2] INFO  server.RaftServerConfigKeys (ConfUtils.java:logGet(43)) - raft.server.log.appender.snapshot.chunk.size.max = 16MB (=16777216) (default)
2019-10-20 17:39:47,615 [7b1e61a0-7daf-43dd-99d5-9b325c1d31ae@group-091950D56227-LeaderElection2] INFO  server.RaftServerConfigKeys (ConfUtils.java:logGet(43)) - raft.server.log.appender.buffer.byte-limit = 33554432 (custom)
2019-10-20 17:39:47,615 [7b1e61a0-7daf-43dd-99d5-9b325c1d31ae@group-091950D56227-LeaderElection2] INFO  server.RaftServerConfigKeys (ConfUtils.java:logGet(43)) - raft.server.log.appender.buffer.element-limit = 1 (custom)
2019-10-20 17:39:47,615 [7b1e61a0-7daf-43dd-99d5-9b325c1d31ae@group-091950D56227-LeaderElection2] INFO  grpc.GrpcConfigKeys$Server (ConfUtils.java:logGet(43)) - raft.grpc.server.leader.outstanding.appends.max = 128 (default)
2019-10-20 17:39:47,615 [7b1e61a0-7daf-43dd-99d5-9b325c1d31ae@group-091950D56227-LeaderElection2] INFO  server.RaftServerConfigKeys (ConfUtils.java:logGet(43)) - raft.server.rpc.request.timeout = 3000ms (default)
2019-10-20 17:39:47,616 [7b1e61a0-7daf-43dd-99d5-9b325c1d31ae@group-091950D56227-LeaderElection2] INFO  server.RaftServerConfigKeys (ConfUtils.java:logGet(43)) - raft.server.log.appender.install.snapshot.enabled = false (custom)
2019-10-20 17:39:47,619 [7b1e61a0-7daf-43dd-99d5-9b325c1d31ae@group-091950D56227-LeaderElection2] INFO  impl.RoleInfo (RoleInfo.java:updateAndGet(143)) - 7b1e61a0-7daf-43dd-99d5-9b325c1d31ae: start LeaderState
2019-10-20 17:39:47,619 [7b1e61a0-7daf-43dd-99d5-9b325c1d31ae@group-091950D56227-LeaderElection2] INFO  segmented.SegmentedRaftLogWorker (SegmentedRaftLogWorker.java:startLogSegment(385)) - 7b1e61a0-7daf-43dd-99d5-9b325c1d31ae@group-091950D56227-SegmentedRaftLogWorker: Starting segment from index:0
2019-10-20 17:39:47,620 [7b1e61a0-7daf-43dd-99d5-9b325c1d31ae@group-091950D56227-LeaderElection2] INFO  impl.RaftServerImpl (ServerState.java:setRaftConf(357)) - 7b1e61a0-7daf-43dd-99d5-9b325c1d31ae@group-091950D56227: set configuration 0: [8a63e1ae-032e-4bed-9f20-125a11f65413:0.0.0.0:38685, 8f18dce1-0a3d-4b65-9c78-af3d58b2da7f:0.0.0.0:42489, 7b1e61a0-7daf-43dd-99d5-9b325c1d31ae:0.0.0.0:38412], old=null at 0
2019-10-20 17:39:47,655 [pool-11-thread-1] INFO  storage.RaftStorage (RaftStorage.java:format(84)) - Storage directory /workdir/hadoop-ozone/integration-test/target/test-dir/dfs/8f18dce1-0a3d-4b65-9c78-af3d58b2da7f/db4dac76-8fb1-4d53-8368-091950d56227 has been successfully formatted.
2019-10-20 17:39:47,656 [Thread-26] INFO  impl.FollowerState (FollowerState.java:run(108)) - 8a63e1ae-032e-4bed-9f20-125a11f65413@group-091950D56227-FollowerState: change to CANDIDATE, lastRpcTime:93ms, electionTimeout:90ms
2019-10-20 17:39:47,657 [Thread-26] INFO  impl.RoleInfo (RoleInfo.java:shutdownFollowerState(121)) - 8a63e1ae-032e-4bed-9f20-125a11f65413: shutdown FollowerState
2019-10-20 17:39:47,657 [pool-11-thread-1] INFO  ratis.ContainerStateMachine (ContainerStateMachine.java:loadSnapshot(231)) - group-091950D56227: The snapshot info is null. Setting the last applied indexto:(t:0, i:~)
2019-10-20 17:39:47,657 [Thread-26] INFO  impl.RaftServerImpl (RaftServerImpl.java:setRole(184)) - 8a63e1ae-032e-4bed-9f20-125a11f65413@group-091950D56227: changes role from  FOLLOWER to CANDIDATE at term 1 for changeToCandidate
2019-10-20 17:39:47,657 [pool-11-thread-1] INFO  server.RaftServerConfigKeys (ConfUtils.java:logGet(43)) - raft.server.notification.no-leader.timeout = 120s (custom)
2019-10-20 17:39:47,657 [Thread-26] INFO  impl.RoleInfo (RoleInfo.java:updateAndGet(143)) - 8a63e1ae-032e-4bed-9f20-125a11f65413: start LeaderElection
2019-10-20 17:39:47,658 [pool-11-thread-1] INFO  server.RaftServerConfigKeys (ConfUtils.java:logGet(43)) - raft.server.log.use.memory = false (default)
2019-10-20 17:39:47,660 [pool-11-thread-1] INFO  server.RaftServerConfigKeys (ConfUtils.java:logGet(43)) - raft.server.log.purge.gap = 1000000 (custom)
2019-10-20 17:39:47,660 [pool-11-thread-1] INFO  server.RaftServerConfigKeys (ConfUtils.java:logGet(43)) - raft.server.log.appender.buffer.byte-limit = 33554432 (custom)
2019-10-20 17:39:47,661 [pool-11-thread-1] INFO  server.RaftServerConfigKeys (ConfUtils.java:logGet(43)) - raft.server.log.segment.size.max = 1048576 (custom)
2019-10-20 17:39:47,668 [pool-11-thread-1] INFO  server.RaftServerConfigKeys (ConfUtils.java:logGet(43)) - raft.server.log.segment.cache.num.max = 2 (custom)
2019-10-20 17:39:47,668 [pool-11-thread-1] INFO  segmented.SegmentedRaftLogWorker (SegmentedRaftLogWorker.java:<init>(173)) - new 8f18dce1-0a3d-4b65-9c78-af3d58b2da7f@group-091950D56227-SegmentedRaftLogWorker for RaftStorage:Storage Directory /workdir/hadoop-ozone/integration-test/target/test-dir/dfs/8f18dce1-0a3d-4b65-9c78-af3d58b2da7f/db4dac76-8fb1-4d53-8368-091950d56227
2019-10-20 17:39:47,668 [pool-11-thread-1] INFO  server.RaftServerConfigKeys (ConfUtils.java:logGet(43)) - raft.server.log.queue.byte-limit = 2147483647 (custom)
2019-10-20 17:39:47,668 [pool-11-thread-1] INFO  server.RaftServerConfigKeys (ConfUtils.java:logGet(43)) - raft.server.log.queue.element-limit = 1024 (custom)
2019-10-20 17:39:47,669 [pool-11-thread-1] INFO  server.RaftServerConfigKeys (ConfUtils.java:logGet(43)) - raft.server.log.segment.size.max = 1048576 (custom)
2019-10-20 17:39:47,670 [pool-11-thread-1] INFO  server.RaftServerConfigKeys (ConfUtils.java:logGet(43)) - raft.server.log.preallocated.size = 16384 (custom)
2019-10-20 17:39:47,670 [pool-11-thread-1] INFO  server.RaftServerConfigKeys (ConfUtils.java:logGet(43)) - raft.server.log.write.buffer.size = 33554432 (custom)
2019-10-20 17:39:47,670 [pool-11-thread-1] INFO  server.RaftServerConfigKeys (ConfUtils.java:logGet(43)) - raft.server.log.force.sync.num = 128 (default)
2019-10-20 17:39:47,670 [pool-11-thread-1] INFO  server.RaftServerConfigKeys (ConfUtils.java:logGet(43)) - raft.server.log.statemachine.data.sync = true (default)
2019-10-20 17:39:47,670 [pool-11-thread-1] INFO  server.RaftServerConfigKeys (ConfUtils.java:logGet(43)) - raft.server.log.statemachine.data.sync.timeout = 10s (default)
2019-10-20 17:39:47,671 [pool-11-thread-1] INFO  server.RaftServerConfigKeys (ConfUtils.java:logGet(43)) - raft.server.log.statemachine.data.sync.timeout.retry = -1 (default)
2019-10-20 17:39:47,671 [pool-11-thread-1] INFO  server.RaftServerConfigKeys (ConfUtils.java:logGet(43)) - raft.server.log.statemachine.data.caching.enabled = true (custom)
2019-10-20 17:39:47,672 [pool-11-thread-1] INFO  segmented.SegmentedRaftLogWorker (SegmentedRaftLogWorker.java:lambda$new$0(128)) - 8f18dce1-0a3d-4b65-9c78-af3d58b2da7f@group-091950D56227-SegmentedRaftLogWorker: flushIndex: setUnconditionally 0 -> -1
2019-10-20 17:39:47,672 [pool-11-thread-1] INFO  server.RaftServerConfigKeys (ConfUtils.java:logGet(43)) - raft.server.snapshot.auto.trigger.enabled = true (custom)
2019-10-20 17:39:47,672 [pool-11-thread-1] INFO  server.RaftServerConfigKeys (ConfUtils.java:logGet(43)) - raft.server.snapshot.auto.trigger.threshold = 10000 (custom)
2019-10-20 17:39:47,673 [pool-11-thread-1] INFO  server.RaftServerConfigKeys (ConfUtils.java:logGet(43)) - raft.server.snapshot.retention.file.num = 5 (custom)
2019-10-20 17:39:47,673 [pool-11-thread-1] INFO  server.RaftServerConfigKeys (ConfUtils.java:logGet(43)) - raft.server.retrycache.expirytime = 600000ms (custom)
2019-10-20 17:39:47,678 [7b1e61a0-7daf-43dd-99d5-9b325c1d31ae@group-091950D56227-SegmentedRaftLogWorker] INFO  segmented.SegmentedRaftLogWorker (SegmentedRaftLogWorker.java:execute(576)) - 7b1e61a0-7daf-43dd-99d5-9b325c1d31ae@group-091950D56227-SegmentedRaftLogWorker: created new log segment /workdir/hadoop-ozone/integration-test/target/test-dir/dfs/7b1e61a0-7daf-43dd-99d5-9b325c1d31ae/db4dac76-8fb1-4d53-8368-091950d56227/current/log_inprogress_0
2019-10-20 17:39:47,679 [8a63e1ae-032e-4bed-9f20-125a11f65413@group-091950D56227-LeaderElection3] INFO  impl.LeaderElection (LeaderElection.java:askForVotes(178)) - 8a63e1ae-032e-4bed-9f20-125a11f65413@group-091950D56227-LeaderElection3: begin an election at term 2 for -1: [8a63e1ae-032e-4bed-9f20-125a11f65413:0.0.0.0:38685, 8f18dce1-0a3d-4b65-9c78-af3d58b2da7f:0.0.0.0:42489, 7b1e61a0-7daf-43dd-99d5-9b325c1d31ae:0.0.0.0:38412], old=null
2019-10-20 17:39:47,681 [pool-11-thread-1] INFO  impl.RaftServerImpl (RaftServerImpl.java:start(195)) - 8f18dce1-0a3d-4b65-9c78-af3d58b2da7f@group-091950D56227: start as a follower, conf=-1: [8a63e1ae-032e-4bed-9f20-125a11f65413:0.0.0.0:38685, 8f18dce1-0a3d-4b65-9c78-af3d58b2da7f:0.0.0.0:42489, 7b1e61a0-7daf-43dd-99d5-9b325c1d31ae:0.0.0.0:38412], old=null
2019-10-20 17:39:47,681 [pool-11-thread-1] INFO  impl.RaftServerImpl (RaftServerImpl.java:setRole(184)) - 8f18dce1-0a3d-4b65-9c78-af3d58b2da7f@group-091950D56227: changes role from      null to FOLLOWER at term 0 for startAsFollower
2019-10-20 17:39:47,681 [pool-11-thread-1] INFO  impl.RoleInfo (RoleInfo.java:updateAndGet(143)) - 8f18dce1-0a3d-4b65-9c78-af3d58b2da7f: start FollowerState
2019-10-20 17:39:47,682 [pool-11-thread-1] INFO  util.JmxRegister (JmxRegister.java:tryRegister(44)) - Successfully registered JMX Bean with object name Ratis:service=RaftServer,group=group-091950D56227,id=8f18dce1-0a3d-4b65-9c78-af3d58b2da7f
2019-10-20 17:39:47,693 [Thread-27] INFO  impl.RaftServerImpl (ServerState.java:setLeader(256)) - 7b1e61a0-7daf-43dd-99d5-9b325c1d31ae@group-091950D56227: change Leader from 7b1e61a0-7daf-43dd-99d5-9b325c1d31ae to null at term 2 for updateCurrentTerm
2019-10-20 17:39:47,693 [Thread-27] INFO  impl.RaftServerImpl (RaftServerImpl.java:setRole(184)) - 7b1e61a0-7daf-43dd-99d5-9b325c1d31ae@group-091950D56227: changes role from    LEADER to FOLLOWER at term 2 for stepDown
2019-10-20 17:39:47,693 [Thread-27] INFO  impl.RoleInfo (RoleInfo.java:shutdownLeaderState(104)) - 7b1e61a0-7daf-43dd-99d5-9b325c1d31ae: shutdown LeaderState
2019-10-20 17:39:47,696 [grpc-default-executor-2] INFO  impl.RaftServerImpl (RaftServerImpl.java:setRole(184)) - 8f18dce1-0a3d-4b65-9c78-af3d58b2da7f@group-091950D56227: changes role from  FOLLOWER to FOLLOWER at term 2 for recognizeCandidate:8a63e1ae-032e-4bed-9f20-125a11f65413
2019-10-20 17:39:47,696 [org.apache.ratis.server.impl.LogAppender$AppenderDaemon$$Lambda$405/1547604621@62742a69] WARN  server.GrpcLogAppender (GrpcLogAppender.java:mayWait(149)) - 7b1e61a0-7daf-43dd-99d5-9b325c1d31ae@group-091950D56227->8f18dce1-0a3d-4b65-9c78-af3d58b2da7f-GrpcLogAppender: Wait interrupted by java.lang.InterruptedException
2019-10-20 17:39:47,696 [grpc-default-executor-2] INFO  impl.RoleInfo (RoleInfo.java:shutdownFollowerState(121)) - 8f18dce1-0a3d-4b65-9c78-af3d58b2da7f: shutdown FollowerState
2019-10-20 17:39:47,696 [Thread-27] INFO  impl.PendingRequests (PendingRequests.java:sendNotLeaderResponses(202)) - 7b1e61a0-7daf-43dd-99d5-9b325c1d31ae@group-091950D56227-PendingRequests: sendNotLeaderResponses
2019-10-20 17:39:47,697 [Thread-34] INFO  impl.FollowerState (FollowerState.java:run(117)) - 8f18dce1-0a3d-4b65-9c78-af3d58b2da7f@group-091950D56227-FollowerState was interrupted: java.lang.InterruptedException: sleep interrupted
2019-10-20 17:39:47,698 [Thread-27] INFO  impl.RoleInfo (RoleInfo.java:updateAndGet(143)) - 7b1e61a0-7daf-43dd-99d5-9b325c1d31ae: start FollowerState
2019-10-20 17:39:47,697 [grpc-default-executor-2] INFO  impl.RoleInfo (RoleInfo.java:updateAndGet(143)) - 8f18dce1-0a3d-4b65-9c78-af3d58b2da7f: start FollowerState
2019-10-20 17:39:47,699 [org.apache.ratis.server.impl.LogAppender$AppenderDaemon$$Lambda$405/1547604621@2faca6a7] WARN  server.GrpcLogAppender (GrpcLogAppender.java:mayWait(149)) - 7b1e61a0-7daf-43dd-99d5-9b325c1d31ae@group-091950D56227->8a63e1ae-032e-4bed-9f20-125a11f65413-GrpcLogAppender: Wait interrupted by java.lang.InterruptedException
2019-10-20 17:39:47,701 [grpc-default-executor-0] INFO  server.GrpcServerProtocolService (GrpcServerProtocolService.java:onCompleted(113)) - 8f18dce1-0a3d-4b65-9c78-af3d58b2da7f: Completed APPEND_ENTRIES, lastRequest: 7b1e61a0-7daf-43dd-99d5-9b325c1d31ae->8f18dce1-0a3d-4b65-9c78-af3d58b2da7f#0-t1, previous=(t:0, i:0), leaderCommit=-1, initializing? false, entries: <empty>
2019-10-20 17:39:47,702 [grpc-default-executor-4] INFO  server.GrpcServerProtocolService (GrpcServerProtocolService.java:onCompleted(113)) - 8a63e1ae-032e-4bed-9f20-125a11f65413: Completed APPEND_ENTRIES, lastRequest: 7b1e61a0-7daf-43dd-99d5-9b325c1d31ae->8a63e1ae-032e-4bed-9f20-125a11f65413#0-t1, previous=(t:0, i:0), leaderCommit=-1, initializing? false, entries: <empty>
2019-10-20 17:39:47,703 [grpc-default-executor-4] INFO  server.GrpcLogAppender (GrpcLogAppender.java:onCompleted(308)) - 7b1e61a0-7daf-43dd-99d5-9b325c1d31ae@group-091950D56227->8f18dce1-0a3d-4b65-9c78-af3d58b2da7f-AppendLogResponseHandler: follower responses appendEntries COMPLETED
2019-10-20 17:39:47,704 [grpc-default-executor-0] INFO  server.GrpcLogAppender (GrpcLogAppender.java:onCompleted(308)) - 7b1e61a0-7daf-43dd-99d5-9b325c1d31ae@group-091950D56227->8a63e1ae-032e-4bed-9f20-125a11f65413-AppendLogResponseHandler: follower responses appendEntries COMPLETED
2019-10-20 17:39:47,709 [grpc-default-executor-4] INFO  impl.FollowerInfo (FollowerInfo.java:lambda$new$0(51)) - 7b1e61a0-7daf-43dd-99d5-9b325c1d31ae@group-091950D56227->8f18dce1-0a3d-4b65-9c78-af3d58b2da7f: nextIndex: updateUnconditionally 0 -> 0
2019-10-20 17:39:47,709 [grpc-default-executor-0] INFO  impl.FollowerInfo (FollowerInfo.java:lambda$new$0(51)) - 7b1e61a0-7daf-43dd-99d5-9b325c1d31ae@group-091950D56227->8a63e1ae-032e-4bed-9f20-125a11f65413: nextIndex: updateUnconditionally 1 -> 0
2019-10-20 17:39:47,730 [grpc-default-executor-1] INFO  impl.RaftServerImpl (RaftServerImpl.java:setRole(184)) - 7b1e61a0-7daf-43dd-99d5-9b325c1d31ae@group-091950D56227: changes role from  FOLLOWER to FOLLOWER at term 2 for recognizeCandidate:8a63e1ae-032e-4bed-9f20-125a11f65413
2019-10-20 17:39:47,730 [grpc-default-executor-1] INFO  impl.RoleInfo (RoleInfo.java:shutdownFollowerState(121)) - 7b1e61a0-7daf-43dd-99d5-9b325c1d31ae: shutdown FollowerState
2019-10-20 17:39:47,730 [grpc-default-executor-1] INFO  impl.RoleInfo (RoleInfo.java:updateAndGet(143)) - 7b1e61a0-7daf-43dd-99d5-9b325c1d31ae: start FollowerState
2019-10-20 17:39:47,730 [Thread-40] INFO  impl.FollowerState (FollowerState.java:run(117)) - 7b1e61a0-7daf-43dd-99d5-9b325c1d31ae@group-091950D56227-FollowerState was interrupted: java.lang.InterruptedException: sleep interrupted
2019-10-20 17:39:47,733 [8a63e1ae-032e-4bed-9f20-125a11f65413@group-091950D56227-LeaderElection3] INFO  impl.LeaderElection (LeaderElection.java:logAndReturn(56)) - 8a63e1ae-032e-4bed-9f20-125a11f65413@group-091950D56227-LeaderElection3: Election PASSED; received 1 response(s) [8a63e1ae-032e-4bed-9f20-125a11f65413<-8f18dce1-0a3d-4b65-9c78-af3d58b2da7f#0:OK-t2] and 0 exception(s); 8a63e1ae-032e-4bed-9f20-125a11f65413@group-091950D56227:t2, leader=null, voted=8a63e1ae-032e-4bed-9f20-125a11f65413, raftlog=8a63e1ae-032e-4bed-9f20-125a11f65413@group-091950D56227-SegmentedRaftLog:OPENED:c-1,f-1,i0, conf=-1: [8a63e1ae-032e-4bed-9f20-125a11f65413:0.0.0.0:38685, 8f18dce1-0a3d-4b65-9c78-af3d58b2da7f:0.0.0.0:42489, 7b1e61a0-7daf-43dd-99d5-9b325c1d31ae:0.0.0.0:38412], old=null
2019-10-20 17:39:47,733 [8a63e1ae-032e-4bed-9f20-125a11f65413@group-091950D56227-LeaderElection3] INFO  impl.RoleInfo (RoleInfo.java:shutdownLeaderElection(134)) - 8a63e1ae-032e-4bed-9f20-125a11f65413: shutdown LeaderElection
2019-10-20 17:39:47,734 [8a63e1ae-032e-4bed-9f20-125a11f65413@group-091950D56227-LeaderElection3] INFO  impl.RaftServerImpl (RaftServerImpl.java:setRole(184)) - 8a63e1ae-032e-4bed-9f20-125a11f65413@group-091950D56227: changes role from CANDIDATE to LEADER at term 2 for changeToLeader
2019-10-20 17:39:47,734 [8a63e1ae-032e-4bed-9f20-125a11f65413@group-091950D56227-LeaderElection3] INFO  impl.RaftServerImpl (ServerState.java:setLeader(256)) - 8a63e1ae-032e-4bed-9f20-125a11f65413@group-091950D56227: change Leader from null to 8a63e1ae-032e-4bed-9f20-125a11f65413 at term 2 for becomeLeader, leader elected after 239ms
2019-10-20 17:39:47,734 [8a63e1ae-032e-4bed-9f20-125a11f65413@group-091950D56227-LeaderElection3] INFO  server.RaftServerConfigKeys (ConfUtils.java:logGet(43)) - raft.server.staging.catchup.gap = 1000 (default)
2019-10-20 17:39:47,735 [8a63e1ae-032e-4bed-9f20-125a11f65413@group-091950D56227-LeaderElection3] INFO  server.RaftServerConfigKeys (ConfUtils.java:logGet(43)) - raft.server.rpc.sleep.time = 25ms (default)
2019-10-20 17:39:47,735 [8a63e1ae-032e-4bed-9f20-125a11f65413@group-091950D56227-LeaderElection3] INFO  server.RaftServerConfigKeys (ConfUtils.java:logGet(43)) - raft.server.write.element-limit = 4096 (default)
2019-10-20 17:39:47,735 [8a63e1ae-032e-4bed-9f20-125a11f65413@group-091950D56227-LeaderElection3] INFO  server.RaftServerConfigKeys (ConfUtils.java:logGet(43)) - raft.server.watch.timeout = 10s (default)
2019-10-20 17:39:47,736 [8a63e1ae-032e-4bed-9f20-125a11f65413@group-091950D56227-LeaderElection3] INFO  server.RaftServerConfigKeys (ConfUtils.java:logGet(43)) - raft.server.watch.timeout.denomination = 1s (default)
2019-10-20 17:39:47,736 [8a63e1ae-032e-4bed-9f20-125a11f65413@group-091950D56227-LeaderElection3] INFO  server.RaftServerConfigKeys (ConfUtils.java:logGet(43)) - raft.server.watch.element-limit = 65536 (default)
2019-10-20 17:39:47,739 [8a63e1ae-032e-4bed-9f20-125a11f65413@group-091950D56227-LeaderElection3] INFO  server.RaftServerConfigKeys (ConfUtils.java:logGet(43)) - raft.server.log.appender.snapshot.chunk.size.max = 16MB (=16777216) (default)
2019-10-20 17:39:47,739 [8a63e1ae-032e-4bed-9f20-125a11f65413@group-091950D56227-LeaderElection3] INFO  server.RaftServerConfigKeys (ConfUtils.java:logGet(43)) - raft.server.log.appender.buffer.byte-limit = 33554432 (custom)
2019-10-20 17:39:47,739 [8a63e1ae-032e-4bed-9f20-125a11f65413@group-091950D56227-LeaderElection3] INFO  server.RaftServerConfigKeys (ConfUtils.java:logGet(43)) - raft.server.log.appender.buffer.element-limit = 1 (custom)
2019-10-20 17:39:47,740 [8a63e1ae-032e-4bed-9f20-125a11f65413@group-091950D56227-LeaderElection3] INFO  grpc.GrpcConfigKeys$Server (ConfUtils.java:logGet(43)) - raft.grpc.server.leader.outstanding.appends.max = 128 (default)
2019-10-20 17:39:47,740 [8a63e1ae-032e-4bed-9f20-125a11f65413@group-091950D56227-LeaderElection3] INFO  server.RaftServerConfigKeys (ConfUtils.java:logGet(43)) - raft.server.rpc.request.timeout = 3000ms (default)
2019-10-20 17:39:47,740 [8a63e1ae-032e-4bed-9f20-125a11f65413@group-091950D56227-LeaderElection3] INFO  server.RaftServerConfigKeys (ConfUtils.java:logGet(43)) - raft.server.log.appender.install.snapshot.enabled = false (custom)
2019-10-20 17:39:47,743 [8a63e1ae-032e-4bed-9f20-125a11f65413@group-091950D56227-LeaderElection3] INFO  server.RaftServerConfigKeys (ConfUtils.java:logGet(43)) - raft.server.log.appender.snapshot.chunk.size.max = 16MB (=16777216) (default)
2019-10-20 17:39:47,743 [8a63e1ae-032e-4bed-9f20-125a11f65413@group-091950D56227-LeaderElection3] INFO  server.RaftServerConfigKeys (ConfUtils.java:logGet(43)) - raft.server.log.appender.buffer.byte-limit = 33554432 (custom)
2019-10-20 17:39:47,743 [8a63e1ae-032e-4bed-9f20-125a11f65413@group-091950D56227-LeaderElection3] INFO  server.RaftServerConfigKeys (ConfUtils.java:logGet(43)) - raft.server.log.appender.buffer.element-limit = 1 (custom)
2019-10-20 17:39:47,744 [8a63e1ae-032e-4bed-9f20-125a11f65413@group-091950D56227-LeaderElection3] INFO  grpc.GrpcConfigKeys$Server (ConfUtils.java:logGet(43)) - raft.grpc.server.leader.outstanding.appends.max = 128 (default)
2019-10-20 17:39:47,744 [8a63e1ae-032e-4bed-9f20-125a11f65413@group-091950D56227-LeaderElection3] INFO  server.RaftServerConfigKeys (ConfUtils.java:logGet(43)) - raft.server.rpc.request.timeout = 3000ms (default)
2019-10-20 17:39:47,744 [8a63e1ae-032e-4bed-9f20-125a11f65413@group-091950D56227-LeaderElection3] INFO  server.RaftServerConfigKeys (ConfUtils.java:logGet(43)) - raft.server.log.appender.install.snapshot.enabled = false (custom)
2019-10-20 17:39:47,747 [8a63e1ae-032e-4bed-9f20-125a11f65413@group-091950D56227-LeaderElection3] INFO  impl.RoleInfo (RoleInfo.java:updateAndGet(143)) - 8a63e1ae-032e-4bed-9f20-125a11f65413: start LeaderState
2019-10-20 17:39:47,749 [8a63e1ae-032e-4bed-9f20-125a11f65413@group-091950D56227-LeaderElection3] INFO  segmented.SegmentedRaftLogWorker (SegmentedRaftLogWorker.java:startLogSegment(385)) - 8a63e1ae-032e-4bed-9f20-125a11f65413@group-091950D56227-SegmentedRaftLogWorker: Starting segment from index:0
2019-10-20 17:39:47,750 [8a63e1ae-032e-4bed-9f20-125a11f65413@group-091950D56227-LeaderElection3] INFO  impl.RaftServerImpl (ServerState.java:setRaftConf(357)) - 8a63e1ae-032e-4bed-9f20-125a11f65413@group-091950D56227: set configuration 0: [8a63e1ae-032e-4bed-9f20-125a11f65413:0.0.0.0:38685, 8f18dce1-0a3d-4b65-9c78-af3d58b2da7f:0.0.0.0:42489, 7b1e61a0-7daf-43dd-99d5-9b325c1d31ae:0.0.0.0:38412], old=null at 0
2019-10-20 17:39:47,775 [Thread-39] INFO  impl.FollowerState (FollowerState.java:run(108)) - 8f18dce1-0a3d-4b65-9c78-af3d58b2da7f@group-091950D56227-FollowerState: change to CANDIDATE, lastRpcTime:78ms, electionTimeout:58ms
2019-10-20 17:39:47,776 [Thread-39] INFO  impl.RoleInfo (RoleInfo.java:shutdownFollowerState(121)) - 8f18dce1-0a3d-4b65-9c78-af3d58b2da7f: shutdown FollowerState
2019-10-20 17:39:47,777 [Thread-39] INFO  impl.RaftServerImpl (RaftServerImpl.java:setRole(184)) - 8f18dce1-0a3d-4b65-9c78-af3d58b2da7f@group-091950D56227: changes role from  FOLLOWER to CANDIDATE at term 2 for changeToCandidate
2019-10-20 17:39:47,777 [Thread-39] INFO  impl.RoleInfo (RoleInfo.java:updateAndGet(143)) - 8f18dce1-0a3d-4b65-9c78-af3d58b2da7f: start LeaderElection
2019-10-20 17:39:47,780 [grpc-default-executor-1] INFO  impl.RaftServerImpl (ServerState.java:setLeader(256)) - 7b1e61a0-7daf-43dd-99d5-9b325c1d31ae@group-091950D56227: change Leader from null to 8a63e1ae-032e-4bed-9f20-125a11f65413 at term 2 for appendEntries, leader elected after 86ms
2019-10-20 17:39:47,795 [grpc-default-executor-1] INFO  impl.RaftServerImpl (ServerState.java:setRaftConf(357)) - 7b1e61a0-7daf-43dd-99d5-9b325c1d31ae@group-091950D56227: set configuration 0: [8a63e1ae-032e-4bed-9f20-125a11f65413:0.0.0.0:38685, 8f18dce1-0a3d-4b65-9c78-af3d58b2da7f:0.0.0.0:42489, 7b1e61a0-7daf-43dd-99d5-9b325c1d31ae:0.0.0.0:38412], old=null at 0
2019-10-20 17:39:47,798 [grpc-default-executor-1] INFO  segmented.SegmentedRaftLogWorker (SegmentedRaftLogWorker.java:truncate(401)) - 7b1e61a0-7daf-43dd-99d5-9b325c1d31ae@group-091950D56227-SegmentedRaftLogWorker: Truncating segments toTruncate: null
  toDelete: [(0, 0) isOpen? true, length=0, newEndIndex=-1], start index 0
2019-10-20 17:39:47,798 [grpc-default-executor-1] INFO  segmented.SegmentedRaftLogWorker (SegmentedRaftLogWorker.java:startLogSegment(385)) - 7b1e61a0-7daf-43dd-99d5-9b325c1d31ae@group-091950D56227-SegmentedRaftLogWorker: Starting segment from index:0
2019-10-20 17:39:47,800 [7b1e61a0-7daf-43dd-99d5-9b325c1d31ae@group-091950D56227-SegmentedRaftLogWorker] INFO  segmented.SegmentedRaftLogWorker (SegmentedRaftLogWorker.java:execute(640)) - 7b1e61a0-7daf-43dd-99d5-9b325c1d31ae@group-091950D56227-SegmentedRaftLogWorker: Deleted log file /workdir/hadoop-ozone/integration-test/target/test-dir/dfs/7b1e61a0-7daf-43dd-99d5-9b325c1d31ae/db4dac76-8fb1-4d53-8368-091950d56227/current/log_inprogress_0
2019-10-20 17:39:47,800 [7b1e61a0-7daf-43dd-99d5-9b325c1d31ae@group-091950D56227-SegmentedRaftLogWorker] INFO  segmented.SegmentedRaftLogWorker (SegmentedRaftLogWorker.java:lambda$new$0(128)) - 7b1e61a0-7daf-43dd-99d5-9b325c1d31ae@group-091950D56227-SegmentedRaftLogWorker: flushIndex: setUnconditionally 0 -> -1
2019-10-20 17:39:47,804 [8a63e1ae-032e-4bed-9f20-125a11f65413@group-091950D56227-SegmentedRaftLogWorker] INFO  segmented.SegmentedRaftLogWorker (SegmentedRaftLogWorker.java:execute(576)) - 8a63e1ae-032e-4bed-9f20-125a11f65413@group-091950D56227-SegmentedRaftLogWorker: created new log segment /workdir/hadoop-ozone/integration-test/target/test-dir/dfs/8a63e1ae-032e-4bed-9f20-125a11f65413/db4dac76-8fb1-4d53-8368-091950d56227/current/log_inprogress_0
2019-10-20 17:39:47,805 [8f18dce1-0a3d-4b65-9c78-af3d58b2da7f@group-091950D56227-LeaderElection4] INFO  impl.LeaderElection (LeaderElection.java:askForVotes(178)) - 8f18dce1-0a3d-4b65-9c78-af3d58b2da7f@group-091950D56227-LeaderElection4: begin an election at term 3 for -1: [8a63e1ae-032e-4bed-9f20-125a11f65413:0.0.0.0:38685, 8f18dce1-0a3d-4b65-9c78-af3d58b2da7f:0.0.0.0:42489, 7b1e61a0-7daf-43dd-99d5-9b325c1d31ae:0.0.0.0:38412], old=null
2019-10-20 17:39:47,827 [Thread-44] INFO  impl.RaftServerImpl (ServerState.java:setLeader(256)) - 8a63e1ae-032e-4bed-9f20-125a11f65413@group-091950D56227: change Leader from 8a63e1ae-032e-4bed-9f20-125a11f65413 to null at term 3 for updateCurrentTerm
2019-10-20 17:39:47,828 [Thread-44] INFO  impl.RaftServerImpl (RaftServerImpl.java:setRole(184)) - 8a63e1ae-032e-4bed-9f20-125a11f65413@group-091950D56227: changes role from    LEADER to FOLLOWER at term 3 for stepDown
2019-10-20 17:39:47,828 [Thread-44] INFO  impl.RoleInfo (RoleInfo.java:shutdownLeaderState(104)) - 8a63e1ae-032e-4bed-9f20-125a11f65413: shutdown LeaderState
2019-10-20 17:39:47,830 [org.apache.ratis.server.impl.LogAppender$AppenderDaemon$$Lambda$405/1547604621@7460b843] WARN  server.GrpcLogAppender (GrpcLogAppender.java:mayWait(149)) - 8a63e1ae-032e-4bed-9f20-125a11f65413@group-091950D56227->8f18dce1-0a3d-4b65-9c78-af3d58b2da7f-GrpcLogAppender: Wait interrupted by java.lang.InterruptedException
2019-10-20 17:39:47,830 [Thread-44] INFO  impl.PendingRequests (PendingRequests.java:sendNotLeaderResponses(202)) - 8a63e1ae-032e-4bed-9f20-125a11f65413@group-091950D56227-PendingRequests: sendNotLeaderResponses
2019-10-20 17:39:47,830 [org.apache.ratis.server.impl.LogAppender$AppenderDaemon$$Lambda$405/1547604621@45de4b84] WARN  server.GrpcLogAppender (GrpcLogAppender.java:mayWait(149)) - 8a63e1ae-032e-4bed-9f20-125a11f65413@group-091950D56227->7b1e61a0-7daf-43dd-99d5-9b325c1d31ae-GrpcLogAppender: Wait interrupted by java.lang.InterruptedException
2019-10-20 17:39:47,831 [Thread-44] INFO  impl.RoleInfo (RoleInfo.java:updateAndGet(143)) - 8a63e1ae-032e-4bed-9f20-125a11f65413: start FollowerState
2019-10-20 17:39:47,834 [grpc-default-executor-0] INFO  server.GrpcServerProtocolService (GrpcServerProtocolService.java:onCompleted(113)) - 8f18dce1-0a3d-4b65-9c78-af3d58b2da7f: Completed APPEND_ENTRIES, lastRequest: 8a63e1ae-032e-4bed-9f20-125a11f65413->8f18dce1-0a3d-4b65-9c78-af3d58b2da7f#0-t2, previous=(t:0, i:0), leaderCommit=-1, initializing? false, entries: <empty>
2019-10-20 17:39:47,834 [grpc-default-executor-2] INFO  server.GrpcServerProtocolService (GrpcServerProtocolService.java:onCompleted(113)) - 7b1e61a0-7daf-43dd-99d5-9b325c1d31ae: Completed APPEND_ENTRIES, lastRequest: 8a63e1ae-032e-4bed-9f20-125a11f65413->7b1e61a0-7daf-43dd-99d5-9b325c1d31ae#1-t2, previous=(t:0, i:0), leaderCommit=-1, initializing? false, entries: size=1, first=(t:2, i:0), CONFIGURATIONENTRY
2019-10-20 17:39:47,835 [grpc-default-executor-2] INFO  server.GrpcLogAppender (GrpcLogAppender.java:onCompleted(308)) - 8a63e1ae-032e-4bed-9f20-125a11f65413@group-091950D56227->8f18dce1-0a3d-4b65-9c78-af3d58b2da7f-AppendLogResponseHandler: follower responses appendEntries COMPLETED
2019-10-20 17:39:47,836 [grpc-default-executor-0] INFO  server.GrpcLogAppender (GrpcLogAppender.java:onCompleted(308)) - 8a63e1ae-032e-4bed-9f20-125a11f65413@group-091950D56227->7b1e61a0-7daf-43dd-99d5-9b325c1d31ae-AppendLogResponseHandler: follower responses appendEntries COMPLETED
2019-10-20 17:39:47,839 [grpc-default-executor-2] INFO  impl.FollowerInfo (FollowerInfo.java:lambda$new$0(51)) - 8a63e1ae-032e-4bed-9f20-125a11f65413@group-091950D56227->8f18dce1-0a3d-4b65-9c78-af3d58b2da7f: nextIndex: updateUnconditionally 0 -> 0
2019-10-20 17:39:47,841 [grpc-default-executor-2] INFO  impl.RaftServerImpl (ServerState.java:setLeader(256)) - 7b1e61a0-7daf-43dd-99d5-9b325c1d31ae@group-091950D56227: change Leader from 8a63e1ae-032e-4bed-9f20-125a11f65413 to null at term 3 for updateCurrentTerm
2019-10-20 17:39:47,841 [grpc-default-executor-2] INFO  impl.RaftServerImpl (RaftServerImpl.java:setRole(184)) - 7b1e61a0-7daf-43dd-99d5-9b325c1d31ae@group-091950D56227: changes role from  FOLLOWER to FOLLOWER at term 3 for recognizeCandidate:8f18dce1-0a3d-4b65-9c78-af3d58b2da7f
2019-10-20 17:39:47,842 [grpc-default-executor-2] INFO  impl.RoleInfo (RoleInfo.java:shutdownFollowerState(121)) - 7b1e61a0-7daf-43dd-99d5-9b325c1d31ae: shutdown FollowerState
2019-10-20 17:39:47,842 [grpc-default-executor-2] INFO  impl.RoleInfo (RoleInfo.java:updateAndGet(143)) - 7b1e61a0-7daf-43dd-99d5-9b325c1d31ae: start FollowerState
2019-10-20 17:39:47,843 [Thread-43] INFO  impl.FollowerState (FollowerState.java:run(117)) - 7b1e61a0-7daf-43dd-99d5-9b325c1d31ae@group-091950D56227-FollowerState was interrupted: java.lang.InterruptedException: sleep interrupted
2019-10-20 17:39:47,843 [grpc-default-executor-0] INFO  impl.FollowerInfo (FollowerInfo.java:lambda$new$0(51)) - 8a63e1ae-032e-4bed-9f20-125a11f65413@group-091950D56227->7b1e61a0-7daf-43dd-99d5-9b325c1d31ae: nextIndex: updateUnconditionally 1 -> 0
2019-10-20 17:39:47,846 [7b1e61a0-7daf-43dd-99d5-9b325c1d31ae@group-091950D56227-SegmentedRaftLogWorker] INFO  segmented.SegmentedRaftLogWorker (SegmentedRaftLogWorker.java:execute(576)) - 7b1e61a0-7daf-43dd-99d5-9b325c1d31ae@group-091950D56227-SegmentedRaftLogWorker: created new log segment /workdir/hadoop-ozone/integration-test/target/test-dir/dfs/7b1e61a0-7daf-43dd-99d5-9b325c1d31ae/db4dac76-8fb1-4d53-8368-091950d56227/current/log_inprogress_0
2019-10-20 17:39:47,847 [grpc-default-executor-1] INFO  impl.RaftServerImpl (RaftServerImpl.java:setRole(184)) - 8a63e1ae-032e-4bed-9f20-125a11f65413@group-091950D56227: changes role from  FOLLOWER to FOLLOWER at term 3 for recognizeCandidate:8f18dce1-0a3d-4b65-9c78-af3d58b2da7f
2019-10-20 17:39:47,847 [grpc-default-executor-1] INFO  impl.RoleInfo (RoleInfo.java:shutdownFollowerState(121)) - 8a63e1ae-032e-4bed-9f20-125a11f65413: shutdown FollowerState
2019-10-20 17:39:47,847 [Thread-53] INFO  impl.FollowerState (FollowerState.java:run(117)) - 8a63e1ae-032e-4bed-9f20-125a11f65413@group-091950D56227-FollowerState was interrupted: java.lang.InterruptedException: sleep interrupted
2019-10-20 17:39:47,847 [grpc-default-executor-1] INFO  impl.RoleInfo (RoleInfo.java:updateAndGet(143)) - 8a63e1ae-032e-4bed-9f20-125a11f65413: start FollowerState
2019-10-20 17:39:47,850 [8f18dce1-0a3d-4b65-9c78-af3d58b2da7f@group-091950D56227-LeaderElection4] INFO  impl.LeaderElection (LeaderElection.java:logAndReturn(56)) - 8f18dce1-0a3d-4b65-9c78-af3d58b2da7f@group-091950D56227-LeaderElection4: Election TIMEOUT; received 0 response(s) [] and 0 exception(s); 8f18dce1-0a3d-4b65-9c78-af3d58b2da7f@group-091950D56227:t3, leader=null, voted=8f18dce1-0a3d-4b65-9c78-af3d58b2da7f, raftlog=8f18dce1-0a3d-4b65-9c78-af3d58b2da7f@group-091950D56227-SegmentedRaftLog:OPENED:c-1,f-1,i0, conf=-1: [8a63e1ae-032e-4bed-9f20-125a11f65413:0.0.0.0:38685, 8f18dce1-0a3d-4b65-9c78-af3d58b2da7f:0.0.0.0:42489, 7b1e61a0-7daf-43dd-99d5-9b325c1d31ae:0.0.0.0:38412], old=null
2019-10-20 17:39:47,872 [8f18dce1-0a3d-4b65-9c78-af3d58b2da7f@group-091950D56227-LeaderElection4] INFO  impl.LeaderElection (LeaderElection.java:askForVotes(178)) - 8f18dce1-0a3d-4b65-9c78-af3d58b2da7f@group-091950D56227-LeaderElection4: begin an election at term 4 for -1: [8a63e1ae-032e-4bed-9f20-125a11f65413:0.0.0.0:38685, 8f18dce1-0a3d-4b65-9c78-af3d58b2da7f:0.0.0.0:42489, 7b1e61a0-7daf-43dd-99d5-9b325c1d31ae:0.0.0.0:38412], old=null
2019-10-20 17:39:47,880 [grpc-default-executor-2] INFO  impl.RaftServerImpl (RaftServerImpl.java:setRole(184)) - 7b1e61a0-7daf-43dd-99d5-9b325c1d31ae@group-091950D56227: changes role from  FOLLOWER to FOLLOWER at term 4 for recognizeCandidate:8f18dce1-0a3d-4b65-9c78-af3d58b2da7f
2019-10-20 17:39:47,881 [grpc-default-executor-2] INFO  impl.RoleInfo (RoleInfo.java:shutdownFollowerState(121)) - 7b1e61a0-7daf-43dd-99d5-9b325c1d31ae: shutdown FollowerState
2019-10-20 17:39:47,881 [grpc-default-executor-2] INFO  impl.RoleInfo (RoleInfo.java:updateAndGet(143)) - 7b1e61a0-7daf-43dd-99d5-9b325c1d31ae: start FollowerState
2019-10-20 17:39:47,881 [grpc-default-executor-1] INFO  impl.RaftServerImpl (RaftServerImpl.java:setRole(184)) - 8a63e1ae-032e-4bed-9f20-125a11f65413@group-091950D56227: changes role from  FOLLOWER to FOLLOWER at term 4 for recognizeCandidate:8f18dce1-0a3d-4b65-9c78-af3d58b2da7f
2019-10-20 17:39:47,881 [Thread-54] INFO  impl.FollowerState (FollowerState.java:run(117)) - 7b1e61a0-7daf-43dd-99d5-9b325c1d31ae@group-091950D56227-FollowerState was interrupted: java.lang.InterruptedException: sleep interrupted
2019-10-20 17:39:47,882 [grpc-default-executor-1] INFO  impl.RoleInfo (RoleInfo.java:shutdownFollowerState(121)) - 8a63e1ae-032e-4bed-9f20-125a11f65413: shutdown FollowerState
2019-10-20 17:39:47,882 [grpc-default-executor-1] INFO  impl.RoleInfo (RoleInfo.java:updateAndGet(143)) - 8a63e1ae-032e-4bed-9f20-125a11f65413: start FollowerState
2019-10-20 17:39:47,882 [Thread-55] INFO  impl.FollowerState (FollowerState.java:run(117)) - 8a63e1ae-032e-4bed-9f20-125a11f65413@group-091950D56227-FollowerState was interrupted: java.lang.InterruptedException: sleep interrupted
2019-10-20 17:39:47,910 [8f18dce1-0a3d-4b65-9c78-af3d58b2da7f@group-091950D56227-LeaderElection4] INFO  impl.LeaderElection (LeaderElection.java:logAndReturn(56)) - 8f18dce1-0a3d-4b65-9c78-af3d58b2da7f@group-091950D56227-LeaderElection4: Election REJECTED; received 2 response(s) [8f18dce1-0a3d-4b65-9c78-af3d58b2da7f<-8a63e1ae-032e-4bed-9f20-125a11f65413#0:FAIL-t4, 8f18dce1-0a3d-4b65-9c78-af3d58b2da7f<-7b1e61a0-7daf-43dd-99d5-9b325c1d31ae#0:FAIL-t4] and 0 exception(s); 8f18dce1-0a3d-4b65-9c78-af3d58b2da7f@group-091950D56227:t4, leader=null, voted=8f18dce1-0a3d-4b65-9c78-af3d58b2da7f, raftlog=8f18dce1-0a3d-4b65-9c78-af3d58b2da7f@group-091950D56227-SegmentedRaftLog:OPENED:c-1,f-1,i0, conf=-1: [8a63e1ae-032e-4bed-9f20-125a11f65413:0.0.0.0:38685, 8f18dce1-0a3d-4b65-9c78-af3d58b2da7f:0.0.0.0:42489, 7b1e61a0-7daf-43dd-99d5-9b325c1d31ae:0.0.0.0:38412], old=null
2019-10-20 17:39:47,910 [8f18dce1-0a3d-4b65-9c78-af3d58b2da7f@group-091950D56227-LeaderElection4] INFO  impl.RaftServerImpl (RaftServerImpl.java:setRole(184)) - 8f18dce1-0a3d-4b65-9c78-af3d58b2da7f@group-091950D56227: changes role from CANDIDATE to FOLLOWER at term 4 for DISCOVERED_A_NEW_TERM
2019-10-20 17:39:47,911 [8f18dce1-0a3d-4b65-9c78-af3d58b2da7f@group-091950D56227-LeaderElection4] INFO  impl.RoleInfo (RoleInfo.java:shutdownLeaderElection(134)) - 8f18dce1-0a3d-4b65-9c78-af3d58b2da7f: shutdown LeaderElection
2019-10-20 17:39:47,912 [8f18dce1-0a3d-4b65-9c78-af3d58b2da7f@group-091950D56227-LeaderElection4] INFO  impl.RoleInfo (RoleInfo.java:updateAndGet(143)) - 8f18dce1-0a3d-4b65-9c78-af3d58b2da7f: start FollowerState
2019-10-20 17:39:47,966 [Thread-61] INFO  impl.FollowerState (FollowerState.java:run(108)) - 8f18dce1-0a3d-4b65-9c78-af3d58b2da7f@group-091950D56227-FollowerState: change to CANDIDATE, lastRpcTime:53ms, electionTimeout:53ms
2019-10-20 17:39:47,967 [Thread-61] INFO  impl.RoleInfo (RoleInfo.java:shutdownFollowerState(121)) - 8f18dce1-0a3d-4b65-9c78-af3d58b2da7f: shutdown FollowerState
2019-10-20 17:39:47,967 [Thread-61] INFO  impl.RaftServerImpl (RaftServerImpl.java:setRole(184)) - 8f18dce1-0a3d-4b65-9c78-af3d58b2da7f@group-091950D56227: changes role from  FOLLOWER to CANDIDATE at term 4 for changeToCandidate
2019-10-20 17:39:47,967 [Thread-61] INFO  impl.RoleInfo (RoleInfo.java:updateAndGet(143)) - 8f18dce1-0a3d-4b65-9c78-af3d58b2da7f: start LeaderElection
2019-10-20 17:39:48,007 [8f18dce1-0a3d-4b65-9c78-af3d58b2da7f@group-091950D56227-LeaderElection5] INFO  impl.LeaderElection (LeaderElection.java:askForVotes(178)) - 8f18dce1-0a3d-4b65-9c78-af3d58b2da7f@group-091950D56227-LeaderElection5: begin an election at term 5 for -1: [8a63e1ae-032e-4bed-9f20-125a11f65413:0.0.0.0:38685, 8f18dce1-0a3d-4b65-9c78-af3d58b2da7f:0.0.0.0:42489, 7b1e61a0-7daf-43dd-99d5-9b325c1d31ae:0.0.0.0:38412], old=null
2019-10-20 17:39:48,013 [grpc-default-executor-2] INFO  impl.RaftServerImpl (RaftServerImpl.java:setRole(184)) - 8a63e1ae-032e-4bed-9f20-125a11f65413@group-091950D56227: changes role from  FOLLOWER to FOLLOWER at term 5 for recognizeCandidate:8f18dce1-0a3d-4b65-9c78-af3d58b2da7f
2019-10-20 17:39:48,013 [grpc-default-executor-1] INFO  impl.RaftServerImpl (RaftServerImpl.java:setRole(184)) - 7b1e61a0-7daf-43dd-99d5-9b325c1d31ae@group-091950D56227: changes role from  FOLLOWER to FOLLOWER at term 5 for recognizeCandidate:8f18dce1-0a3d-4b65-9c78-af3d58b2da7f
2019-10-20 17:39:48,013 [grpc-default-executor-2] INFO  impl.RoleInfo (RoleInfo.java:shutdownFollowerState(121)) - 8a63e1ae-032e-4bed-9f20-125a11f65413: shutdown FollowerState
2019-10-20 17:39:48,013 [grpc-default-executor-1] INFO  impl.RoleInfo (RoleInfo.java:shutdownFollowerState(121)) - 7b1e61a0-7daf-43dd-99d5-9b325c1d31ae: shutdown FollowerState
2019-10-20 17:39:48,013 [Thread-60] INFO  impl.FollowerState (FollowerState.java:run(117)) - 8a63e1ae-032e-4bed-9f20-125a11f65413@group-091950D56227-FollowerState was interrupted: java.lang.InterruptedException: sleep interrupted
2019-10-20 17:39:48,013 [grpc-default-executor-2] INFO  impl.RoleInfo (RoleInfo.java:updateAndGet(143)) - 8a63e1ae-032e-4bed-9f20-125a11f65413: start FollowerState
2019-10-20 17:39:48,013 [Thread-59] INFO  impl.FollowerState (FollowerState.java:run(117)) - 7b1e61a0-7daf-43dd-99d5-9b325c1d31ae@group-091950D56227-FollowerState was interrupted: java.lang.InterruptedException: sleep interrupted
2019-10-20 17:39:48,013 [grpc-default-executor-1] INFO  impl.RoleInfo (RoleInfo.java:updateAndGet(143)) - 7b1e61a0-7daf-43dd-99d5-9b325c1d31ae: start FollowerState
2019-10-20 17:39:48,019 [8f18dce1-0a3d-4b65-9c78-af3d58b2da7f@group-091950D56227-LeaderElection5] INFO  impl.LeaderElection (LeaderElection.java:logAndReturn(56)) - 8f18dce1-0a3d-4b65-9c78-af3d58b2da7f@group-091950D56227-LeaderElection5: Election TIMEOUT; received 0 response(s) [] and 0 exception(s); 8f18dce1-0a3d-4b65-9c78-af3d58b2da7f@group-091950D56227:t5, leader=null, voted=8f18dce1-0a3d-4b65-9c78-af3d58b2da7f, raftlog=8f18dce1-0a3d-4b65-9c78-af3d58b2da7f@group-091950D56227-SegmentedRaftLog:OPENED:c-1,f-1,i0, conf=-1: [8a63e1ae-032e-4bed-9f20-125a11f65413:0.0.0.0:38685, 8f18dce1-0a3d-4b65-9c78-af3d58b2da7f:0.0.0.0:42489, 7b1e61a0-7daf-43dd-99d5-9b325c1d31ae:0.0.0.0:38412], old=null
2019-10-20 17:39:48,040 [8f18dce1-0a3d-4b65-9c78-af3d58b2da7f@group-091950D56227-LeaderElection5] INFO  impl.LeaderElection (LeaderElection.java:askForVotes(178)) - 8f18dce1-0a3d-4b65-9c78-af3d58b2da7f@group-091950D56227-LeaderElection5: begin an election at term 6 for -1: [8a63e1ae-032e-4bed-9f20-125a11f65413:0.0.0.0:38685, 8f18dce1-0a3d-4b65-9c78-af3d58b2da7f:0.0.0.0:42489, 7b1e61a0-7daf-43dd-99d5-9b325c1d31ae:0.0.0.0:38412], old=null
2019-10-20 17:39:48,047 [grpc-default-executor-1] INFO  impl.RaftServerImpl (RaftServerImpl.java:setRole(184)) - 7b1e61a0-7daf-43dd-99d5-9b325c1d31ae@group-091950D56227: changes role from  FOLLOWER to FOLLOWER at term 6 for recognizeCandidate:8f18dce1-0a3d-4b65-9c78-af3d58b2da7f
2019-10-20 17:39:48,047 [grpc-default-executor-1] INFO  impl.RoleInfo (RoleInfo.java:shutdownFollowerState(121)) - 7b1e61a0-7daf-43dd-99d5-9b325c1d31ae: shutdown FollowerState
2019-10-20 17:39:48,048 [grpc-default-executor-1] INFO  impl.RoleInfo (RoleInfo.java:updateAndGet(143)) - 7b1e61a0-7daf-43dd-99d5-9b325c1d31ae: start FollowerState
2019-10-20 17:39:48,048 [Thread-66] INFO  impl.FollowerState (FollowerState.java:run(117)) - 7b1e61a0-7daf-43dd-99d5-9b325c1d31ae@group-091950D56227-FollowerState was interrupted: java.lang.InterruptedException: sleep interrupted
2019-10-20 17:39:48,049 [grpc-default-executor-2] INFO  impl.RaftServerImpl (RaftServerImpl.java:setRole(184)) - 8a63e1ae-032e-4bed-9f20-125a11f65413@group-091950D56227: changes role from  FOLLOWER to FOLLOWER at term 6 for recognizeCandidate:8f18dce1-0a3d-4b65-9c78-af3d58b2da7f
2019-10-20 17:39:48,049 [grpc-default-executor-2] INFO  impl.RoleInfo (RoleInfo.java:shutdownFollowerState(121)) - 8a63e1ae-032e-4bed-9f20-125a11f65413: shutdown FollowerState
2019-10-20 17:39:48,049 [grpc-default-executor-2] INFO  impl.RoleInfo (RoleInfo.java:updateAndGet(143)) - 8a63e1ae-032e-4bed-9f20-125a11f65413: start FollowerState
2019-10-20 17:39:48,049 [Thread-65] INFO  impl.FollowerState (FollowerState.java:run(117)) - 8a63e1ae-032e-4bed-9f20-125a11f65413@group-091950D56227-FollowerState was interrupted: java.lang.InterruptedException: sleep interrupted
2019-10-20 17:39:48,079 [8f18dce1-0a3d-4b65-9c78-af3d58b2da7f@group-091950D56227-LeaderElection5] INFO  impl.LeaderElection (LeaderElection.java:logAndReturn(56)) - 8f18dce1-0a3d-4b65-9c78-af3d58b2da7f@group-091950D56227-LeaderElection5: Election REJECTED; received 2 response(s) [8f18dce1-0a3d-4b65-9c78-af3d58b2da7f<-8a63e1ae-032e-4bed-9f20-125a11f65413#0:FAIL-t6, 8f18dce1-0a3d-4b65-9c78-af3d58b2da7f<-7b1e61a0-7daf-43dd-99d5-9b325c1d31ae#0:FAIL-t6] and 0 exception(s); 8f18dce1-0a3d-4b65-9c78-af3d58b2da7f@group-091950D56227:t6, leader=null, voted=8f18dce1-0a3d-4b65-9c78-af3d58b2da7f, raftlog=8f18dce1-0a3d-4b65-9c78-af3d58b2da7f@group-091950D56227-SegmentedRaftLog:OPENED:c-1,f-1,i0, conf=-1: [8a63e1ae-032e-4bed-9f20-125a11f65413:0.0.0.0:38685, 8f18dce1-0a3d-4b65-9c78-af3d58b2da7f:0.0.0.0:42489, 7b1e61a0-7daf-43dd-99d5-9b325c1d31ae:0.0.0.0:38412], old=null
2019-10-20 17:39:48,080 [8f18dce1-0a3d-4b65-9c78-af3d58b2da7f@group-091950D56227-LeaderElection5] INFO  impl.RaftServerImpl (RaftServerImpl.java:setRole(184)) - 8f18dce1-0a3d-4b65-9c78-af3d58b2da7f@group-091950D56227: changes role from CANDIDATE to FOLLOWER at term 6 for DISCOVERED_A_NEW_TERM
2019-10-20 17:39:48,082 [8f18dce1-0a3d-4b65-9c78-af3d58b2da7f@group-091950D56227-LeaderElection5] INFO  impl.RoleInfo (RoleInfo.java:shutdownLeaderElection(134)) - 8f18dce1-0a3d-4b65-9c78-af3d58b2da7f: shutdown LeaderElection
2019-10-20 17:39:48,082 [8f18dce1-0a3d-4b65-9c78-af3d58b2da7f@group-091950D56227-LeaderElection5] INFO  impl.RoleInfo (RoleInfo.java:updateAndGet(143)) - 8f18dce1-0a3d-4b65-9c78-af3d58b2da7f: start FollowerState
2019-10-20 17:39:48,093 [Thread-71] INFO  impl.FollowerState (FollowerState.java:run(108)) - 8f18dce1-0a3d-4b65-9c78-af3d58b2da7f@group-091950D56227-FollowerState: change to CANDIDATE, lastRpcTime:11ms, electionTimeout:11ms
2019-10-20 17:39:48,094 [Thread-71] INFO  impl.RoleInfo (RoleInfo.java:shutdownFollowerState(121)) - 8f18dce1-0a3d-4b65-9c78-af3d58b2da7f: shutdown FollowerState
2019-10-20 17:39:48,094 [Thread-71] INFO  impl.RaftServerImpl (RaftServerImpl.java:setRole(184)) - 8f18dce1-0a3d-4b65-9c78-af3d58b2da7f@group-091950D56227: changes role from  FOLLOWER to CANDIDATE at term 6 for changeToCandidate
2019-10-20 17:39:48,094 [Thread-71] INFO  impl.RoleInfo (RoleInfo.java:updateAndGet(143)) - 8f18dce1-0a3d-4b65-9c78-af3d58b2da7f: start LeaderElection
2019-10-20 17:39:48,118 [8f18dce1-0a3d-4b65-9c78-af3d58b2da7f@group-091950D56227-LeaderElection6] INFO  impl.LeaderElection (LeaderElection.java:askForVotes(178)) - 8f18dce1-0a3d-4b65-9c78-af3d58b2da7f@group-091950D56227-LeaderElection6: begin an election at term 7 for -1: [8a63e1ae-032e-4bed-9f20-125a11f65413:0.0.0.0:38685, 8f18dce1-0a3d-4b65-9c78-af3d58b2da7f:0.0.0.0:42489, 7b1e61a0-7daf-43dd-99d5-9b325c1d31ae:0.0.0.0:38412], old=null
2019-10-20 17:39:48,122 [grpc-default-executor-2] INFO  impl.RaftServerImpl (RaftServerImpl.java:setRole(184)) - 8a63e1ae-032e-4bed-9f20-125a11f65413@group-091950D56227: changes role from  FOLLOWER to FOLLOWER at term 7 for recognizeCandidate:8f18dce1-0a3d-4b65-9c78-af3d58b2da7f
2019-10-20 17:39:48,124 [grpc-default-executor-2] INFO  impl.RoleInfo (RoleInfo.java:shutdownFollowerState(121)) - 8a63e1ae-032e-4bed-9f20-125a11f65413: shutdown FollowerState
2019-10-20 17:39:48,124 [Thread-70] INFO  impl.FollowerState (FollowerState.java:run(117)) - 8a63e1ae-032e-4bed-9f20-125a11f65413@group-091950D56227-FollowerState was interrupted: java.lang.InterruptedException: sleep interrupted
2019-10-20 17:39:48,124 [grpc-default-executor-2] INFO  impl.RoleInfo (RoleInfo.java:updateAndGet(143)) - 8a63e1ae-032e-4bed-9f20-125a11f65413: start FollowerState
2019-10-20 17:39:48,124 [grpc-default-executor-1] INFO  impl.RaftServerImpl (RaftServerImpl.java:setRole(184)) - 7b1e61a0-7daf-43dd-99d5-9b325c1d31ae@group-091950D56227: changes role from  FOLLOWER to FOLLOWER at term 7 for recognizeCandidate:8f18dce1-0a3d-4b65-9c78-af3d58b2da7f
2019-10-20 17:39:48,125 [grpc-default-executor-1] INFO  impl.RoleInfo (RoleInfo.java:shutdownFollowerState(121)) - 7b1e61a0-7daf-43dd-99d5-9b325c1d31ae: shutdown FollowerState
2019-10-20 17:39:48,126 [grpc-default-executor-1] INFO  impl.RoleInfo (RoleInfo.java:updateAndGet(143)) - 7b1e61a0-7daf-43dd-99d5-9b325c1d31ae: start FollowerState
2019-10-20 17:39:48,126 [Thread-69] INFO  impl.FollowerState (FollowerState.java:run(117)) - 7b1e61a0-7daf-43dd-99d5-9b325c1d31ae@group-091950D56227-FollowerState was interrupted: java.lang.InterruptedException: sleep interrupted
2019-10-20 17:39:48,157 [8f18dce1-0a3d-4b65-9c78-af3d58b2da7f@group-091950D56227-LeaderElection6] INFO  impl.LeaderElection (LeaderElection.java:logAndReturn(56)) - 8f18dce1-0a3d-4b65-9c78-af3d58b2da7f@group-091950D56227-LeaderElection6: Election REJECTED; received 2 response(s) [8f18dce1-0a3d-4b65-9c78-af3d58b2da7f<-8a63e1ae-032e-4bed-9f20-125a11f65413#0:FAIL-t7, 8f18dce1-0a3d-4b65-9c78-af3d58b2da7f<-7b1e61a0-7daf-43dd-99d5-9b325c1d31ae#0:FAIL-t7] and 0 exception(s); 8f18dce1-0a3d-4b65-9c78-af3d58b2da7f@group-091950D56227:t7, leader=null, voted=8f18dce1-0a3d-4b65-9c78-af3d58b2da7f, raftlog=8f18dce1-0a3d-4b65-9c78-af3d58b2da7f@group-091950D56227-SegmentedRaftLog:OPENED:c-1,f-1,i0, conf=-1: [8a63e1ae-032e-4bed-9f20-125a11f65413:0.0.0.0:38685, 8f18dce1-0a3d-4b65-9c78-af3d58b2da7f:0.0.0.0:42489, 7b1e61a0-7daf-43dd-99d5-9b325c1d31ae:0.0.0.0:38412], old=null
2019-10-20 17:39:48,158 [8f18dce1-0a3d-4b65-9c78-af3d58b2da7f@group-091950D56227-LeaderElection6] INFO  impl.RaftServerImpl (RaftServerImpl.java:setRole(184)) - 8f18dce1-0a3d-4b65-9c78-af3d58b2da7f@group-091950D56227: changes role from CANDIDATE to FOLLOWER at term 7 for DISCOVERED_A_NEW_TERM
2019-10-20 17:39:48,158 [8f18dce1-0a3d-4b65-9c78-af3d58b2da7f@group-091950D56227-LeaderElection6] INFO  impl.RoleInfo (RoleInfo.java:shutdownLeaderElection(134)) - 8f18dce1-0a3d-4b65-9c78-af3d58b2da7f: shutdown LeaderElection
2019-10-20 17:39:48,158 [8f18dce1-0a3d-4b65-9c78-af3d58b2da7f@group-091950D56227-LeaderElection6] INFO  impl.RoleInfo (RoleInfo.java:updateAndGet(143)) - 8f18dce1-0a3d-4b65-9c78-af3d58b2da7f: start FollowerState
2019-10-20 17:39:48,250 [Thread-77] INFO  impl.FollowerState (FollowerState.java:run(108)) - 8f18dce1-0a3d-4b65-9c78-af3d58b2da7f@group-091950D56227-FollowerState: change to CANDIDATE, lastRpcTime:91ms, electionTimeout:91ms
2019-10-20 17:39:48,250 [Thread-77] INFO  impl.RoleInfo (RoleInfo.java:shutdownFollowerState(121)) - 8f18dce1-0a3d-4b65-9c78-af3d58b2da7f: shutdown FollowerState
2019-10-20 17:39:48,250 [Thread-77] INFO  impl.RaftServerImpl (RaftServerImpl.java:setRole(184)) - 8f18dce1-0a3d-4b65-9c78-af3d58b2da7f@group-091950D56227: changes role from  FOLLOWER to CANDIDATE at term 7 for changeToCandidate
2019-10-20 17:39:48,251 [Thread-77] INFO  impl.RoleInfo (RoleInfo.java:updateAndGet(143)) - 8f18dce1-0a3d-4b65-9c78-af3d58b2da7f: start LeaderElection
2019-10-20 17:39:48,277 [8f18dce1-0a3d-4b65-9c78-af3d58b2da7f@group-091950D56227-LeaderElection7] INFO  impl.LeaderElection (LeaderElection.java:askForVotes(178)) - 8f18dce1-0a3d-4b65-9c78-af3d58b2da7f@group-091950D56227-LeaderElection7: begin an election at term 8 for -1: [8a63e1ae-032e-4bed-9f20-125a11f65413:0.0.0.0:38685, 8f18dce1-0a3d-4b65-9c78-af3d58b2da7f:0.0.0.0:42489, 7b1e61a0-7daf-43dd-99d5-9b325c1d31ae:0.0.0.0:38412], old=null
2019-10-20 17:39:48,282 [grpc-default-executor-2] INFO  impl.RaftServerImpl (RaftServerImpl.java:setRole(184)) - 8a63e1ae-032e-4bed-9f20-125a11f65413@group-091950D56227: changes role from  FOLLOWER to FOLLOWER at term 8 for recognizeCandidate:8f18dce1-0a3d-4b65-9c78-af3d58b2da7f
2019-10-20 17:39:48,282 [grpc-default-executor-1] INFO  impl.RaftServerImpl (RaftServerImpl.java:setRole(184)) - 7b1e61a0-7daf-43dd-99d5-9b325c1d31ae@group-091950D56227: changes role from  FOLLOWER to FOLLOWER at term 8 for recognizeCandidate:8f18dce1-0a3d-4b65-9c78-af3d58b2da7f
2019-10-20 17:39:48,283 [grpc-default-executor-2] INFO  impl.RoleInfo (RoleInfo.java:shutdownFollowerState(121)) - 8a63e1ae-032e-4bed-9f20-125a11f65413: shutdown FollowerState
2019-10-20 17:39:48,283 [grpc-default-executor-1] INFO  impl.RoleInfo (RoleInfo.java:shutdownFollowerState(121)) - 7b1e61a0-7daf-43dd-99d5-9b325c1d31ae: shutdown FollowerState
2019-10-20 17:39:48,283 [Thread-75] INFO  impl.FollowerState (FollowerState.java:run(117)) - 8a63e1ae-032e-4bed-9f20-125a11f65413@group-091950D56227-FollowerState was interrupted: java.lang.InterruptedException: sleep interrupted
2019-10-20 17:39:48,283 [grpc-default-executor-2] INFO  impl.RoleInfo (RoleInfo.java:updateAndGet(143)) - 8a63e1ae-032e-4bed-9f20-125a11f65413: start FollowerState
2019-10-20 17:39:48,283 [Thread-76] INFO  impl.FollowerState (FollowerState.java:run(117)) - 7b1e61a0-7daf-43dd-99d5-9b325c1d31ae@group-091950D56227-FollowerState was interrupted: java.lang.InterruptedException: sleep interrupted
2019-10-20 17:39:48,283 [grpc-default-executor-1] INFO  impl.RoleInfo (RoleInfo.java:updateAndGet(143)) - 7b1e61a0-7daf-43dd-99d5-9b325c1d31ae: start FollowerState
2019-10-20 17:39:48,313 [8f18dce1-0a3d-4b65-9c78-af3d58b2da7f@group-091950D56227-LeaderElection7] INFO  impl.LeaderElection (LeaderElection.java:logAndReturn(56)) - 8f18dce1-0a3d-4b65-9c78-af3d58b2da7f@group-091950D56227-LeaderElection7: Election REJECTED; received 2 response(s) [8f18dce1-0a3d-4b65-9c78-af3d58b2da7f<-8a63e1ae-032e-4bed-9f20-125a11f65413#0:FAIL-t8, 8f18dce1-0a3d-4b65-9c78-af3d58b2da7f<-7b1e61a0-7daf-43dd-99d5-9b325c1d31ae#0:FAIL-t8] and 0 exception(s); 8f18dce1-0a3d-4b65-9c78-af3d58b2da7f@group-091950D56227:t8, leader=null, voted=8f18dce1-0a3d-4b65-9c78-af3d58b2da7f, raftlog=8f18dce1-0a3d-4b65-9c78-af3d58b2da7f@group-091950D56227-SegmentedRaftLog:OPENED:c-1,f-1,i0, conf=-1: [8a63e1ae-032e-4bed-9f20-125a11f65413:0.0.0.0:38685, 8f18dce1-0a3d-4b65-9c78-af3d58b2da7f:0.0.0.0:42489, 7b1e61a0-7daf-43dd-99d5-9b325c1d31ae:0.0.0.0:38412], old=null
2019-10-20 17:39:48,313 [8f18dce1-0a3d-4b65-9c78-af3d58b2da7f@group-091950D56227-LeaderElection7] INFO  impl.RaftServerImpl (RaftServerImpl.java:setRole(184)) - 8f18dce1-0a3d-4b65-9c78-af3d58b2da7f@group-091950D56227: changes role from CANDIDATE to FOLLOWER at term 8 for DISCOVERED_A_NEW_TERM
2019-10-20 17:39:48,314 [8f18dce1-0a3d-4b65-9c78-af3d58b2da7f@group-091950D56227-LeaderElection7] INFO  impl.RoleInfo (RoleInfo.java:shutdownLeaderElection(134)) - 8f18dce1-0a3d-4b65-9c78-af3d58b2da7f: shutdown LeaderElection
2019-10-20 17:39:48,314 [8f18dce1-0a3d-4b65-9c78-af3d58b2da7f@group-091950D56227-LeaderElection7] INFO  impl.RoleInfo (RoleInfo.java:updateAndGet(143)) - 8f18dce1-0a3d-4b65-9c78-af3d58b2da7f: start FollowerState
2019-10-20 17:39:48,493 [Thread-83] INFO  impl.FollowerState (FollowerState.java:run(108)) - 8f18dce1-0a3d-4b65-9c78-af3d58b2da7f@group-091950D56227-FollowerState: change to CANDIDATE, lastRpcTime:178ms, electionTimeout:178ms
2019-10-20 17:39:48,494 [Thread-83] INFO  impl.RoleInfo (RoleInfo.java:shutdownFollowerState(121)) - 8f18dce1-0a3d-4b65-9c78-af3d58b2da7f: shutdown FollowerState
2019-10-20 17:39:48,494 [Thread-83] INFO  impl.RaftServerImpl (RaftServerImpl.java:setRole(184)) - 8f18dce1-0a3d-4b65-9c78-af3d58b2da7f@group-091950D56227: changes role from  FOLLOWER to CANDIDATE at term 8 for changeToCandidate
2019-10-20 17:39:48,495 [Thread-83] INFO  impl.RoleInfo (RoleInfo.java:updateAndGet(143)) - 8f18dce1-0a3d-4b65-9c78-af3d58b2da7f: start LeaderElection
2019-10-20 17:39:48,520 [8f18dce1-0a3d-4b65-9c78-af3d58b2da7f@group-091950D56227-LeaderElection8] INFO  impl.LeaderElection (LeaderElection.java:askForVotes(178)) - 8f18dce1-0a3d-4b65-9c78-af3d58b2da7f@group-091950D56227-LeaderElection8: begin an election at term 9 for -1: [8a63e1ae-032e-4bed-9f20-125a11f65413:0.0.0.0:38685, 8f18dce1-0a3d-4b65-9c78-af3d58b2da7f:0.0.0.0:42489, 7b1e61a0-7daf-43dd-99d5-9b325c1d31ae:0.0.0.0:38412], old=null
2019-10-20 17:39:48,525 [grpc-default-executor-2] INFO  impl.RaftServerImpl (RaftServerImpl.java:setRole(184)) - 8a63e1ae-032e-4bed-9f20-125a11f65413@group-091950D56227: changes role from  FOLLOWER to FOLLOWER at term 9 for recognizeCandidate:8f18dce1-0a3d-4b65-9c78-af3d58b2da7f
2019-10-20 17:39:48,525 [grpc-default-executor-1] INFO  impl.RaftServerImpl (RaftServerImpl.java:setRole(184)) - 7b1e61a0-7daf-43dd-99d5-9b325c1d31ae@group-091950D56227: changes role from  FOLLOWER to FOLLOWER at term 9 for recognizeCandidate:8f18dce1-0a3d-4b65-9c78-af3d58b2da7f
2019-10-20 17:39:48,525 [grpc-default-executor-2] INFO  impl.RoleInfo (RoleInfo.java:shutdownFollowerState(121)) - 8a63e1ae-032e-4bed-9f20-125a11f65413: shutdown FollowerState
2019-10-20 17:39:48,525 [grpc-default-executor-1] INFO  impl.RoleInfo (RoleInfo.java:shutdownFollowerState(121)) - 7b1e61a0-7daf-43dd-99d5-9b325c1d31ae: shutdown FollowerState
2019-10-20 17:39:48,526 [Thread-81] INFO  impl.FollowerState (FollowerState.java:run(117)) - 8a63e1ae-032e-4bed-9f20-125a11f65413@group-091950D56227-FollowerState was interrupted: java.lang.InterruptedException: sleep interrupted
2019-10-20 17:39:48,526 [grpc-default-executor-2] INFO  impl.RoleInfo (RoleInfo.java:updateAndGet(143)) - 8a63e1ae-032e-4bed-9f20-125a11f65413: start FollowerState
2019-10-20 17:39:48,526 [grpc-default-executor-1] INFO  impl.RoleInfo (RoleInfo.java:updateAndGet(143)) - 7b1e61a0-7daf-43dd-99d5-9b325c1d31ae: start FollowerState
2019-10-20 17:39:48,526 [Thread-82] INFO  impl.FollowerState (FollowerState.java:run(117)) - 7b1e61a0-7daf-43dd-99d5-9b325c1d31ae@group-091950D56227-FollowerState was interrupted: java.lang.InterruptedException: sleep interrupted
2019-10-20 17:39:48,556 [8f18dce1-0a3d-4b65-9c78-af3d58b2da7f@group-091950D56227-LeaderElection8] INFO  impl.LeaderElection (LeaderElection.java:logAndReturn(56)) - 8f18dce1-0a3d-4b65-9c78-af3d58b2da7f@group-091950D56227-LeaderElection8: Election REJECTED; received 2 response(s) [8f18dce1-0a3d-4b65-9c78-af3d58b2da7f<-8a63e1ae-032e-4bed-9f20-125a11f65413#0:FAIL-t9, 8f18dce1-0a3d-4b65-9c78-af3d58b2da7f<-7b1e61a0-7daf-43dd-99d5-9b325c1d31ae#0:FAIL-t9] and 0 exception(s); 8f18dce1-0a3d-4b65-9c78-af3d58b2da7f@group-091950D56227:t9, leader=null, voted=8f18dce1-0a3d-4b65-9c78-af3d58b2da7f, raftlog=8f18dce1-0a3d-4b65-9c78-af3d58b2da7f@group-091950D56227-SegmentedRaftLog:OPENED:c-1,f-1,i0, conf=-1: [8a63e1ae-032e-4bed-9f20-125a11f65413:0.0.0.0:38685, 8f18dce1-0a3d-4b65-9c78-af3d58b2da7f:0.0.0.0:42489, 7b1e61a0-7daf-43dd-99d5-9b325c1d31ae:0.0.0.0:38412], old=null
2019-10-20 17:39:48,556 [8f18dce1-0a3d-4b65-9c78-af3d58b2da7f@group-091950D56227-LeaderElection8] INFO  impl.RaftServerImpl (RaftServerImpl.java:setRole(184)) - 8f18dce1-0a3d-4b65-9c78-af3d58b2da7f@group-091950D56227: changes role from CANDIDATE to FOLLOWER at term 9 for DISCOVERED_A_NEW_TERM
2019-10-20 17:39:48,557 [8f18dce1-0a3d-4b65-9c78-af3d58b2da7f@group-091950D56227-LeaderElection8] INFO  impl.RoleInfo (RoleInfo.java:shutdownLeaderElection(134)) - 8f18dce1-0a3d-4b65-9c78-af3d58b2da7f: shutdown LeaderElection
2019-10-20 17:39:48,557 [8f18dce1-0a3d-4b65-9c78-af3d58b2da7f@group-091950D56227-LeaderElection8] INFO  impl.RoleInfo (RoleInfo.java:updateAndGet(143)) - 8f18dce1-0a3d-4b65-9c78-af3d58b2da7f: start FollowerState
2019-10-20 17:39:48,734 [Thread-89] INFO  impl.FollowerState (FollowerState.java:run(108)) - 8f18dce1-0a3d-4b65-9c78-af3d58b2da7f@group-091950D56227-FollowerState: change to CANDIDATE, lastRpcTime:177ms, electionTimeout:176ms
2019-10-20 17:39:48,735 [Thread-89] INFO  impl.RoleInfo (RoleInfo.java:shutdownFollowerState(121)) - 8f18dce1-0a3d-4b65-9c78-af3d58b2da7f: shutdown FollowerState
2019-10-20 17:39:48,736 [Thread-89] INFO  impl.RaftServerImpl (RaftServerImpl.java:setRole(184)) - 8f18dce1-0a3d-4b65-9c78-af3d58b2da7f@group-091950D56227: changes role from  FOLLOWER to CANDIDATE at term 9 for changeToCandidate
2019-10-20 17:39:48,737 [Thread-89] INFO  impl.RoleInfo (RoleInfo.java:updateAndGet(143)) - 8f18dce1-0a3d-4b65-9c78-af3d58b2da7f: start LeaderElection
2019-10-20 17:39:48,762 [8f18dce1-0a3d-4b65-9c78-af3d58b2da7f@group-091950D56227-LeaderElection9] INFO  impl.LeaderElection (LeaderElection.java:askForVotes(178)) - 8f18dce1-0a3d-4b65-9c78-af3d58b2da7f@group-091950D56227-LeaderElection9: begin an election at term 10 for -1: [8a63e1ae-032e-4bed-9f20-125a11f65413:0.0.0.0:38685, 8f18dce1-0a3d-4b65-9c78-af3d58b2da7f:0.0.0.0:42489, 7b1e61a0-7daf-43dd-99d5-9b325c1d31ae:0.0.0.0:38412], old=null
2019-10-20 17:39:48,767 [grpc-default-executor-1] INFO  impl.RaftServerImpl (RaftServerImpl.java:setRole(184)) - 8a63e1ae-032e-4bed-9f20-125a11f65413@group-091950D56227: changes role from  FOLLOWER to FOLLOWER at term 10 for recognizeCandidate:8f18dce1-0a3d-4b65-9c78-af3d58b2da7f
2019-10-20 17:39:48,767 [grpc-default-executor-2] INFO  impl.RaftServerImpl (RaftServerImpl.java:setRole(184)) - 7b1e61a0-7daf-43dd-99d5-9b325c1d31ae@group-091950D56227: changes role from  FOLLOWER to FOLLOWER at term 10 for recognizeCandidate:8f18dce1-0a3d-4b65-9c78-af3d58b2da7f
2019-10-20 17:39:48,767 [grpc-default-executor-1] INFO  impl.RoleInfo (RoleInfo.java:shutdownFollowerState(121)) - 8a63e1ae-032e-4bed-9f20-125a11f65413: shutdown FollowerState
2019-10-20 17:39:48,767 [grpc-default-executor-2] INFO  impl.RoleInfo (RoleInfo.java:shutdownFollowerState(121)) - 7b1e61a0-7daf-43dd-99d5-9b325c1d31ae: shutdown FollowerState
2019-10-20 17:39:48,768 [Thread-87] INFO  impl.FollowerState (FollowerState.java:run(117)) - 8a63e1ae-032e-4bed-9f20-125a11f65413@group-091950D56227-FollowerState was interrupted: java.lang.InterruptedException: sleep interrupted
2019-10-20 17:39:48,768 [Thread-88] INFO  impl.FollowerState (FollowerState.java:run(117)) - 7b1e61a0-7daf-43dd-99d5-9b325c1d31ae@group-091950D56227-FollowerState was interrupted: java.lang.InterruptedException: sleep interrupted
2019-10-20 17:39:48,767 [grpc-default-executor-1] INFO  impl.RoleInfo (RoleInfo.java:updateAndGet(143)) - 8a63e1ae-032e-4bed-9f20-125a11f65413: start FollowerState
2019-10-20 17:39:48,768 [grpc-default-executor-2] INFO  impl.RoleInfo (RoleInfo.java:updateAndGet(143)) - 7b1e61a0-7daf-43dd-99d5-9b325c1d31ae: start FollowerState
2019-10-20 17:39:48,798 [8f18dce1-0a3d-4b65-9c78-af3d58b2da7f@group-091950D56227-LeaderElection9] INFO  impl.LeaderElection (LeaderElection.java:logAndReturn(56)) - 8f18dce1-0a3d-4b65-9c78-af3d58b2da7f@group-091950D56227-LeaderElection9: Election REJECTED; received 2 response(s) [8f18dce1-0a3d-4b65-9c78-af3d58b2da7f<-8a63e1ae-032e-4bed-9f20-125a11f65413#0:FAIL-t10, 8f18dce1-0a3d-4b65-9c78-af3d58b2da7f<-7b1e61a0-7daf-43dd-99d5-9b325c1d31ae#0:FAIL-t10] and 0 exception(s); 8f18dce1-0a3d-4b65-9c78-af3d58b2da7f@group-091950D56227:t10, leader=null, voted=8f18dce1-0a3d-4b65-9c78-af3d58b2da7f, raftlog=8f18dce1-0a3d-4b65-9c78-af3d58b2da7f@group-091950D56227-SegmentedRaftLog:OPENED:c-1,f-1,i0, conf=-1: [8a63e1ae-032e-4bed-9f20-125a11f65413:0.0.0.0:38685, 8f18dce1-0a3d-4b65-9c78-af3d58b2da7f:0.0.0.0:42489, 7b1e61a0-7daf-43dd-99d5-9b325c1d31ae:0.0.0.0:38412], old=null
2019-10-20 17:39:48,799 [8f18dce1-0a3d-4b65-9c78-af3d58b2da7f@group-091950D56227-LeaderElection9] INFO  impl.RaftServerImpl (RaftServerImpl.java:setRole(184)) - 8f18dce1-0a3d-4b65-9c78-af3d58b2da7f@group-091950D56227: changes role from CANDIDATE to FOLLOWER at term 10 for DISCOVERED_A_NEW_TERM
2019-10-20 17:39:48,800 [8f18dce1-0a3d-4b65-9c78-af3d58b2da7f@group-091950D56227-LeaderElection9] INFO  impl.RoleInfo (RoleInfo.java:shutdownLeaderElection(134)) - 8f18dce1-0a3d-4b65-9c78-af3d58b2da7f: shutdown LeaderElection
2019-10-20 17:39:48,800 [8f18dce1-0a3d-4b65-9c78-af3d58b2da7f@group-091950D56227-LeaderElection9] INFO  impl.RoleInfo (RoleInfo.java:updateAndGet(143)) - 8f18dce1-0a3d-4b65-9c78-af3d58b2da7f: start FollowerState
2019-10-20 17:39:48,949 [Thread-97] INFO  impl.FollowerState (FollowerState.java:run(108)) - 8f18dce1-0a3d-4b65-9c78-af3d58b2da7f@group-091950D56227-FollowerState: change to CANDIDATE, lastRpcTime:149ms, electionTimeout:148ms
2019-10-20 17:39:48,950 [Thread-97] INFO  impl.RoleInfo (RoleInfo.java:shutdownFollowerState(121)) - 8f18dce1-0a3d-4b65-9c78-af3d58b2da7f: shutdown FollowerState
2019-10-20 17:39:48,950 [Thread-97] INFO  impl.RaftServerImpl (RaftServerImpl.java:setRole(184)) - 8f18dce1-0a3d-4b65-9c78-af3d58b2da7f@group-091950D56227: changes role from  FOLLOWER to CANDIDATE at term 10 for changeToCandidate
2019-10-20 17:39:48,950 [Thread-97] INFO  impl.RoleInfo (RoleInfo.java:updateAndGet(143)) - 8f18dce1-0a3d-4b65-9c78-af3d58b2da7f: start LeaderElection
2019-10-20 17:39:48,980 [8f18dce1-0a3d-4b65-9c78-af3d58b2da7f@group-091950D56227-LeaderElection10] INFO  impl.LeaderElection (LeaderElection.java:askForVotes(178)) - 8f18dce1-0a3d-4b65-9c78-af3d58b2da7f@group-091950D56227-LeaderElection10: begin an election at term 11 for -1: [8a63e1ae-032e-4bed-9f20-125a11f65413:0.0.0.0:38685, 8f18dce1-0a3d-4b65-9c78-af3d58b2da7f:0.0.0.0:42489, 7b1e61a0-7daf-43dd-99d5-9b325c1d31ae:0.0.0.0:38412], old=null
2019-10-20 17:39:48,984 [grpc-default-executor-2] INFO  impl.RaftServerImpl (RaftServerImpl.java:setRole(184)) - 8a63e1ae-032e-4bed-9f20-125a11f65413@group-091950D56227: changes role from  FOLLOWER to FOLLOWER at term 11 for recognizeCandidate:8f18dce1-0a3d-4b65-9c78-af3d58b2da7f
2019-10-20 17:39:48,985 [grpc-default-executor-1] INFO  impl.RaftServerImpl (RaftServerImpl.java:setRole(184)) - 7b1e61a0-7daf-43dd-99d5-9b325c1d31ae@group-091950D56227: changes role from  FOLLOWER to FOLLOWER at term 11 for recognizeCandidate:8f18dce1-0a3d-4b65-9c78-af3d58b2da7f
2019-10-20 17:39:48,985 [grpc-default-executor-2] INFO  impl.RoleInfo (RoleInfo.java:shutdownFollowerState(121)) - 8a63e1ae-032e-4bed-9f20-125a11f65413: shutdown FollowerState
2019-10-20 17:39:48,985 [grpc-default-executor-1] INFO  impl.RoleInfo (RoleInfo.java:shutdownFollowerState(121)) - 7b1e61a0-7daf-43dd-99d5-9b325c1d31ae: shutdown FollowerState
2019-10-20 17:39:48,985 [Thread-95] INFO  impl.FollowerState (FollowerState.java:run(117)) - 8a63e1ae-032e-4bed-9f20-125a11f65413@group-091950D56227-FollowerState was interrupted: java.lang.InterruptedException: sleep interrupted
2019-10-20 17:39:48,985 [grpc-default-executor-2] INFO  impl.RoleInfo (RoleInfo.java:updateAndGet(143)) - 8a63e1ae-032e-4bed-9f20-125a11f65413: start FollowerState
2019-10-20 17:39:48,985 [Thread-96] INFO  impl.FollowerState (FollowerState.java:run(117)) - 7b1e61a0-7daf-43dd-99d5-9b325c1d31ae@group-091950D56227-FollowerState was interrupted: java.lang.InterruptedException: sleep interrupted
2019-10-20 17:39:48,985 [grpc-default-executor-1] INFO  impl.RoleInfo (RoleInfo.java:updateAndGet(143)) - 7b1e61a0-7daf-43dd-99d5-9b325c1d31ae: start FollowerState
2019-10-20 17:39:48,994 [8f18dce1-0a3d-4b65-9c78-af3d58b2da7f@group-091950D56227-LeaderElection10] INFO  impl.LeaderElection (LeaderElection.java:logAndReturn(56)) - 8f18dce1-0a3d-4b65-9c78-af3d58b2da7f@group-091950D56227-LeaderElection10: Election TIMEOUT; received 0 response(s) [] and 0 exception(s); 8f18dce1-0a3d-4b65-9c78-af3d58b2da7f@group-091950D56227:t11, leader=null, voted=8f18dce1-0a3d-4b65-9c78-af3d58b2da7f, raftlog=8f18dce1-0a3d-4b65-9c78-af3d58b2da7f@group-091950D56227-SegmentedRaftLog:OPENED:c-1,f-1,i0, conf=-1: [8a63e1ae-032e-4bed-9f20-125a11f65413:0.0.0.0:38685, 8f18dce1-0a3d-4b65-9c78-af3d58b2da7f:0.0.0.0:42489, 7b1e61a0-7daf-43dd-99d5-9b325c1d31ae:0.0.0.0:38412], old=null
2019-10-20 17:39:49,014 [8f18dce1-0a3d-4b65-9c78-af3d58b2da7f@group-091950D56227-LeaderElection10] INFO  impl.LeaderElection (LeaderElection.java:askForVotes(178)) - 8f18dce1-0a3d-4b65-9c78-af3d58b2da7f@group-091950D56227-LeaderElection10: begin an election at term 12 for -1: [8a63e1ae-032e-4bed-9f20-125a11f65413:0.0.0.0:38685, 8f18dce1-0a3d-4b65-9c78-af3d58b2da7f:0.0.0.0:42489, 7b1e61a0-7daf-43dd-99d5-9b325c1d31ae:0.0.0.0:38412], old=null
2019-10-20 17:39:49,019 [grpc-default-executor-2] INFO  impl.RaftServerImpl (RaftServerImpl.java:setRole(184)) - 8a63e1ae-032e-4bed-9f20-125a11f65413@group-091950D56227: changes role from  FOLLOWER to FOLLOWER at term 12 for recognizeCandidate:8f18dce1-0a3d-4b65-9c78-af3d58b2da7f
2019-10-20 17:39:49,019 [grpc-default-executor-1] INFO  impl.RaftServerImpl (RaftServerImpl.java:setRole(184)) - 7b1e61a0-7daf-43dd-99d5-9b325c1d31ae@group-091950D56227: changes role from  FOLLOWER to FOLLOWER at term 12 for recognizeCandidate:8f18dce1-0a3d-4b65-9c78-af3d58b2da7f
2019-10-20 17:39:49,019 [grpc-default-executor-2] INFO  impl.RoleInfo (RoleInfo.java:shutdownFollowerState(121)) - 8a63e1ae-032e-4bed-9f20-125a11f65413: shutdown FollowerState
2019-10-20 17:39:49,020 [grpc-default-executor-1] INFO  impl.RoleInfo (RoleInfo.java:shutdownFollowerState(121)) - 7b1e61a0-7daf-43dd-99d5-9b325c1d31ae: shutdown FollowerState
2019-10-20 17:39:49,020 [Thread-101] INFO  impl.FollowerState (FollowerState.java:run(117)) - 8a63e1ae-032e-4bed-9f20-125a11f65413@group-091950D56227-FollowerState was interrupted: java.lang.InterruptedException: sleep interrupted
2019-10-20 17:39:49,020 [grpc-default-executor-2] INFO  impl.RoleInfo (RoleInfo.java:updateAndGet(143)) - 8a63e1ae-032e-4bed-9f20-125a11f65413: start FollowerState
2019-10-20 17:39:49,020 [Thread-102] INFO  impl.FollowerState (FollowerState.java:run(117)) - 7b1e61a0-7daf-43dd-99d5-9b325c1d31ae@group-091950D56227-FollowerState was interrupted: java.lang.InterruptedException: sleep interrupted
2019-10-20 17:39:49,020 [grpc-default-executor-1] INFO  impl.RoleInfo (RoleInfo.java:updateAndGet(143)) - 7b1e61a0-7daf-43dd-99d5-9b325c1d31ae: start FollowerState
2019-10-20 17:39:49,049 [8f18dce1-0a3d-4b65-9c78-af3d58b2da7f@group-091950D56227-LeaderElection10] INFO  impl.LeaderElection (LeaderElection.java:logAndReturn(56)) - 8f18dce1-0a3d-4b65-9c78-af3d58b2da7f@group-091950D56227-LeaderElection10: Election REJECTED; received 2 response(s) [8f18dce1-0a3d-4b65-9c78-af3d58b2da7f<-8a63e1ae-032e-4bed-9f20-125a11f65413#0:FAIL-t12, 8f18dce1-0a3d-4b65-9c78-af3d58b2da7f<-7b1e61a0-7daf-43dd-99d5-9b325c1d31ae#0:FAIL-t12] and 0 exception(s); 8f18dce1-0a3d-4b65-9c78-af3d58b2da7f@group-091950D56227:t12, leader=null, voted=8f18dce1-0a3d-4b65-9c78-af3d58b2da7f, raftlog=8f18dce1-0a3d-4b65-9c78-af3d58b2da7f@group-091950D56227-SegmentedRaftLog:OPENED:c-1,f-1,i0, conf=-1: [8a63e1ae-032e-4bed-9f20-125a11f65413:0.0.0.0:38685, 8f18dce1-0a3d-4b65-9c78-af3d58b2da7f:0.0.0.0:42489, 7b1e61a0-7daf-43dd-99d5-9b325c1d31ae:0.0.0.0:38412], old=null
2019-10-20 17:39:49,050 [8f18dce1-0a3d-4b65-9c78-af3d58b2da7f@group-091950D56227-LeaderElection10] INFO  impl.RaftServerImpl (RaftServerImpl.java:setRole(184)) - 8f18dce1-0a3d-4b65-9c78-af3d58b2da7f@group-091950D56227: changes role from CANDIDATE to FOLLOWER at term 12 for DISCOVERED_A_NEW_TERM
2019-10-20 17:39:49,051 [8f18dce1-0a3d-4b65-9c78-af3d58b2da7f@group-091950D56227-LeaderElection10] INFO  impl.RoleInfo (RoleInfo.java:shutdownLeaderElection(134)) - 8f18dce1-0a3d-4b65-9c78-af3d58b2da7f: shutdown LeaderElection
2019-10-20 17:39:49,051 [8f18dce1-0a3d-4b65-9c78-af3d58b2da7f@group-091950D56227-LeaderElection10] INFO  impl.RoleInfo (RoleInfo.java:updateAndGet(143)) - 8f18dce1-0a3d-4b65-9c78-af3d58b2da7f: start FollowerState
2019-10-20 17:39:49,143 [Thread-107] INFO  impl.FollowerState (FollowerState.java:run(108)) - 8f18dce1-0a3d-4b65-9c78-af3d58b2da7f@group-091950D56227-FollowerState: change to CANDIDATE, lastRpcTime:91ms, electionTimeout:91ms
2019-10-20 17:39:49,144 [Thread-107] INFO  impl.RoleInfo (RoleInfo.java:shutdownFollowerState(121)) - 8f18dce1-0a3d-4b65-9c78-af3d58b2da7f: shutdown FollowerState
2019-10-20 17:39:49,144 [Thread-107] INFO  impl.RaftServerImpl (RaftServerImpl.java:setRole(184)) - 8f18dce1-0a3d-4b65-9c78-af3d58b2da7f@group-091950D56227: changes role from  FOLLOWER to CANDIDATE at term 12 for changeToCandidate
2019-10-20 17:39:49,145 [Thread-107] INFO  impl.RoleInfo (RoleInfo.java:updateAndGet(143)) - 8f18dce1-0a3d-4b65-9c78-af3d58b2da7f: start LeaderElection
2019-10-20 17:39:49,173 [8f18dce1-0a3d-4b65-9c78-af3d58b2da7f@group-091950D56227-LeaderElection11] INFO  impl.LeaderElection (LeaderElection.java:askForVotes(178)) - 8f18dce1-0a3d-4b65-9c78-af3d58b2da7f@group-091950D56227-LeaderElection11: begin an election at term 13 for -1: [8a63e1ae-032e-4bed-9f20-125a11f65413:0.0.0.0:38685, 8f18dce1-0a3d-4b65-9c78-af3d58b2da7f:0.0.0.0:42489, 7b1e61a0-7daf-43dd-99d5-9b325c1d31ae:0.0.0.0:38412], old=null
2019-10-20 17:39:49,177 [grpc-default-executor-2] INFO  impl.RaftServerImpl (RaftServerImpl.java:setRole(184)) - 8a63e1ae-032e-4bed-9f20-125a11f65413@group-091950D56227: changes role from  FOLLOWER to FOLLOWER at term 13 for recognizeCandidate:8f18dce1-0a3d-4b65-9c78-af3d58b2da7f
2019-10-20 17:39:49,177 [grpc-default-executor-1] INFO  impl.RaftServerImpl (RaftServerImpl.java:setRole(184)) - 7b1e61a0-7daf-43dd-99d5-9b325c1d31ae@group-091950D56227: changes role from  FOLLOWER to FOLLOWER at term 13 for recognizeCandidate:8f18dce1-0a3d-4b65-9c78-af3d58b2da7f
2019-10-20 17:39:49,177 [grpc-default-executor-2] INFO  impl.RoleInfo (RoleInfo.java:shutdownFollowerState(121)) - 8a63e1ae-032e-4bed-9f20-125a11f65413: shutdown FollowerState
2019-10-20 17:39:49,177 [grpc-default-executor-1] INFO  impl.RoleInfo (RoleInfo.java:shutdownFollowerState(121)) - 7b1e61a0-7daf-43dd-99d5-9b325c1d31ae: shutdown FollowerState
2019-10-20 17:39:49,177 [Thread-105] INFO  impl.FollowerState (FollowerState.java:run(117)) - 8a63e1ae-032e-4bed-9f20-125a11f65413@group-091950D56227-FollowerState was interrupted: java.lang.InterruptedException: sleep interrupted
2019-10-20 17:39:49,177 [grpc-default-executor-2] INFO  impl.RoleInfo (RoleInfo.java:updateAndGet(143)) - 8a63e1ae-032e-4bed-9f20-125a11f65413: start FollowerState
2019-10-20 17:39:49,178 [grpc-default-executor-1] INFO  impl.RoleInfo (RoleInfo.java:updateAndGet(143)) - 7b1e61a0-7daf-43dd-99d5-9b325c1d31ae: start FollowerState
2019-10-20 17:39:49,178 [Thread-106] INFO  impl.FollowerState (FollowerState.java:run(117)) - 7b1e61a0-7daf-43dd-99d5-9b325c1d31ae@group-091950D56227-FollowerState was interrupted: java.lang.InterruptedException: sleep interrupted
2019-10-20 17:39:49,208 [8f18dce1-0a3d-4b65-9c78-af3d58b2da7f@group-091950D56227-LeaderElection11] INFO  impl.LeaderElection (LeaderElection.java:logAndReturn(56)) - 8f18dce1-0a3d-4b65-9c78-af3d58b2da7f@group-091950D56227-LeaderElection11: Election REJECTED; received 2 response(s) [8f18dce1-0a3d-4b65-9c78-af3d58b2da7f<-8a63e1ae-032e-4bed-9f20-125a11f65413#0:FAIL-t13, 8f18dce1-0a3d-4b65-9c78-af3d58b2da7f<-7b1e61a0-7daf-43dd-99d5-9b325c1d31ae#0:FAIL-t13] and 0 exception(s); 8f18dce1-0a3d-4b65-9c78-af3d58b2da7f@group-091950D56227:t13, leader=null, voted=8f18dce1-0a3d-4b65-9c78-af3d58b2da7f, raftlog=8f18dce1-0a3d-4b65-9c78-af3d58b2da7f@group-091950D56227-SegmentedRaftLog:OPENED:c-1,f-1,i0, conf=-1: [8a63e1ae-032e-4bed-9f20-125a11f65413:0.0.0.0:38685, 8f18dce1-0a3d-4b65-9c78-af3d58b2da7f:0.0.0.0:42489, 7b1e61a0-7daf-43dd-99d5-9b325c1d31ae:0.0.0.0:38412], old=null
2019-10-20 17:39:49,209 [8f18dce1-0a3d-4b65-9c78-af3d58b2da7f@group-091950D56227-LeaderElection11] INFO  impl.RaftServerImpl (RaftServerImpl.java:setRole(184)) - 8f18dce1-0a3d-4b65-9c78-af3d58b2da7f@group-091950D56227: changes role from CANDIDATE to FOLLOWER at term 13 for DISCOVERED_A_NEW_TERM
2019-10-20 17:39:49,210 [8f18dce1-0a3d-4b65-9c78-af3d58b2da7f@group-091950D56227-LeaderElection11] INFO  impl.RoleInfo (RoleInfo.java:shutdownLeaderElection(134)) - 8f18dce1-0a3d-4b65-9c78-af3d58b2da7f: shutdown LeaderElection
2019-10-20 17:39:49,210 [8f18dce1-0a3d-4b65-9c78-af3d58b2da7f@group-091950D56227-LeaderElection11] INFO  impl.RoleInfo (RoleInfo.java:updateAndGet(143)) - 8f18dce1-0a3d-4b65-9c78-af3d58b2da7f: start FollowerState
2019-10-20 17:39:49,300 [Thread-113] INFO  impl.FollowerState (FollowerState.java:run(108)) - 8f18dce1-0a3d-4b65-9c78-af3d58b2da7f@group-091950D56227-FollowerState: change to CANDIDATE, lastRpcTime:89ms, electionTimeout:89ms
2019-10-20 17:39:49,300 [Thread-113] INFO  impl.RoleInfo (RoleInfo.java:shutdownFollowerState(121)) - 8f18dce1-0a3d-4b65-9c78-af3d58b2da7f: shutdown FollowerState
2019-10-20 17:39:49,300 [Thread-113] INFO  impl.RaftServerImpl (RaftServerImpl.java:setRole(184)) - 8f18dce1-0a3d-4b65-9c78-af3d58b2da7f@group-091950D56227: changes role from  FOLLOWER to CANDIDATE at term 13 for changeToCandidate
2019-10-20 17:39:49,301 [Thread-113] INFO  impl.RoleInfo (RoleInfo.java:updateAndGet(143)) - 8f18dce1-0a3d-4b65-9c78-af3d58b2da7f: start LeaderElection
2019-10-20 17:39:49,324 [8f18dce1-0a3d-4b65-9c78-af3d58b2da7f@group-091950D56227-LeaderElection12] INFO  impl.LeaderElection (LeaderElection.java:askForVotes(178)) - 8f18dce1-0a3d-4b65-9c78-af3d58b2da7f@group-091950D56227-LeaderElection12: begin an election at term 14 for -1: [8a63e1ae-032e-4bed-9f20-125a11f65413:0.0.0.0:38685, 8f18dce1-0a3d-4b65-9c78-af3d58b2da7f:0.0.0.0:42489, 7b1e61a0-7daf-43dd-99d5-9b325c1d31ae:0.0.0.0:38412], old=null
2019-10-20 17:39:49,327 [grpc-default-executor-2] INFO  impl.RaftServerImpl (RaftServerImpl.java:setRole(184)) - 7b1e61a0-7daf-43dd-99d5-9b325c1d31ae@group-091950D56227: changes role from  FOLLOWER to FOLLOWER at term 14 for recognizeCandidate:8f18dce1-0a3d-4b65-9c78-af3d58b2da7f
2019-10-20 17:39:49,327 [grpc-default-executor-2] INFO  impl.RoleInfo (RoleInfo.java:shutdownFollowerState(121)) - 7b1e61a0-7daf-43dd-99d5-9b325c1d31ae: shutdown FollowerState
2019-10-20 17:39:49,328 [grpc-default-executor-2] INFO  impl.RoleInfo (RoleInfo.java:updateAndGet(143)) - 7b1e61a0-7daf-43dd-99d5-9b325c1d31ae: start FollowerState
2019-10-20 17:39:49,328 [grpc-default-executor-1] INFO  impl.RaftServerImpl (RaftServerImpl.java:setRole(184)) - 8a63e1ae-032e-4bed-9f20-125a11f65413@group-091950D56227: changes role from  FOLLOWER to FOLLOWER at term 14 for recognizeCandidate:8f18dce1-0a3d-4b65-9c78-af3d58b2da7f
2019-10-20 17:39:49,328 [Thread-112] INFO  impl.FollowerState (FollowerState.java:run(117)) - 7b1e61a0-7daf-43dd-99d5-9b325c1d31ae@group-091950D56227-FollowerState was interrupted: java.lang.InterruptedException: sleep interrupted
2019-10-20 17:39:49,328 [grpc-default-executor-1] INFO  impl.RoleInfo (RoleInfo.java:shutdownFollowerState(121)) - 8a63e1ae-032e-4bed-9f20-125a11f65413: shutdown FollowerState
2019-10-20 17:39:49,329 [grpc-default-executor-1] INFO  impl.RoleInfo (RoleInfo.java:updateAndGet(143)) - 8a63e1ae-032e-4bed-9f20-125a11f65413: start FollowerState
2019-10-20 17:39:49,329 [Thread-111] INFO  impl.FollowerState (FollowerState.java:run(117)) - 8a63e1ae-032e-4bed-9f20-125a11f65413@group-091950D56227-FollowerState was interrupted: java.lang.InterruptedException: sleep interrupted
2019-10-20 17:39:49,360 [8f18dce1-0a3d-4b65-9c78-af3d58b2da7f@group-091950D56227-LeaderElection12] INFO  impl.LeaderElection (LeaderElection.java:logAndReturn(56)) - 8f18dce1-0a3d-4b65-9c78-af3d58b2da7f@group-091950D56227-LeaderElection12: Election REJECTED; received 2 response(s) [8f18dce1-0a3d-4b65-9c78-af3d58b2da7f<-8a63e1ae-032e-4bed-9f20-125a11f65413#0:FAIL-t14, 8f18dce1-0a3d-4b65-9c78-af3d58b2da7f<-7b1e61a0-7daf-43dd-99d5-9b325c1d31ae#0:FAIL-t14] and 0 exception(s); 8f18dce1-0a3d-4b65-9c78-af3d58b2da7f@group-091950D56227:t14, leader=null, voted=8f18dce1-0a3d-4b65-9c78-af3d58b2da7f, raftlog=8f18dce1-0a3d-4b65-9c78-af3d58b2da7f@group-091950D56227-SegmentedRaftLog:OPENED:c-1,f-1,i0, conf=-1: [8a63e1ae-032e-4bed-9f20-125a11f65413:0.0.0.0:38685, 8f18dce1-0a3d-4b65-9c78-af3d58b2da7f:0.0.0.0:42489, 7b1e61a0-7daf-43dd-99d5-9b325c1d31ae:0.0.0.0:38412], old=null
2019-10-20 17:39:49,360 [8f18dce1-0a3d-4b65-9c78-af3d58b2da7f@group-091950D56227-LeaderElection12] INFO  impl.RaftServerImpl (RaftServerImpl.java:setRole(184)) - 8f18dce1-0a3d-4b65-9c78-af3d58b2da7f@group-091950D56227: changes role from CANDIDATE to FOLLOWER at term 14 for DISCOVERED_A_NEW_TERM
2019-10-20 17:39:49,360 [8f18dce1-0a3d-4b65-9c78-af3d58b2da7f@group-091950D56227-LeaderElection12] INFO  impl.RoleInfo (RoleInfo.java:shutdownLeaderElection(134)) - 8f18dce1-0a3d-4b65-9c78-af3d58b2da7f: shutdown LeaderElection
2019-10-20 17:39:49,360 [8f18dce1-0a3d-4b65-9c78-af3d58b2da7f@group-091950D56227-LeaderElection12] INFO  impl.RoleInfo (RoleInfo.java:updateAndGet(143)) - 8f18dce1-0a3d-4b65-9c78-af3d58b2da7f: start FollowerState
2019-10-20 17:39:49,415 [Thread-119] INFO  impl.FollowerState (FollowerState.java:run(108)) - 8f18dce1-0a3d-4b65-9c78-af3d58b2da7f@group-091950D56227-FollowerState: change to CANDIDATE, lastRpcTime:54ms, electionTimeout:54ms
2019-10-20 17:39:49,415 [Thread-119] INFO  impl.RoleInfo (RoleInfo.java:shutdownFollowerState(121)) - 8f18dce1-0a3d-4b65-9c78-af3d58b2da7f: shutdown FollowerState
2019-10-20 17:39:49,415 [Thread-119] INFO  impl.RaftServerImpl (RaftServerImpl.java:setRole(184)) - 8f18dce1-0a3d-4b65-9c78-af3d58b2da7f@group-091950D56227: changes role from  FOLLOWER to CANDIDATE at term 14 for changeToCandidate
2019-10-20 17:39:49,416 [Thread-119] INFO  impl.RoleInfo (RoleInfo.java:updateAndGet(143)) - 8f18dce1-0a3d-4b65-9c78-af3d58b2da7f: start LeaderElection
2019-10-20 17:39:49,443 [8f18dce1-0a3d-4b65-9c78-af3d58b2da7f@group-091950D56227-LeaderElection13] INFO  impl.LeaderElection (LeaderElection.java:askForVotes(178)) - 8f18dce1-0a3d-4b65-9c78-af3d58b2da7f@group-091950D56227-LeaderElection13: begin an election at term 15 for -1: [8a63e1ae-032e-4bed-9f20-125a11f65413:0.0.0.0:38685, 8f18dce1-0a3d-4b65-9c78-af3d58b2da7f:0.0.0.0:42489, 7b1e61a0-7daf-43dd-99d5-9b325c1d31ae:0.0.0.0:38412], old=null
2019-10-20 17:39:49,448 [grpc-default-executor-2] INFO  impl.RaftServerImpl (RaftServerImpl.java:setRole(184)) - 7b1e61a0-7daf-43dd-99d5-9b325c1d31ae@group-091950D56227: changes role from  FOLLOWER to FOLLOWER at term 15 for recognizeCandidate:8f18dce1-0a3d-4b65-9c78-af3d58b2da7f
2019-10-20 17:39:49,448 [grpc-default-executor-1] INFO  impl.RaftServerImpl (RaftServerImpl.java:setRole(184)) - 8a63e1ae-032e-4bed-9f20-125a11f65413@group-091950D56227: changes role from  FOLLOWER to FOLLOWER at term 15 for recognizeCandidate:8f18dce1-0a3d-4b65-9c78-af3d58b2da7f
2019-10-20 17:39:49,448 [grpc-default-executor-2] INFO  impl.RoleInfo (RoleInfo.java:shutdownFollowerState(121)) - 7b1e61a0-7daf-43dd-99d5-9b325c1d31ae: shutdown FollowerState
2019-10-20 17:39:49,448 [grpc-default-executor-1] INFO  impl.RoleInfo (RoleInfo.java:shutdownFollowerState(121)) - 8a63e1ae-032e-4bed-9f20-125a11f65413: shutdown FollowerState
2019-10-20 17:39:49,449 [grpc-default-executor-2] INFO  impl.RoleInfo (RoleInfo.java:updateAndGet(143)) - 7b1e61a0-7daf-43dd-99d5-9b325c1d31ae: start FollowerState
2019-10-20 17:39:49,449 [Thread-118] INFO  impl.FollowerState (FollowerState.java:run(117)) - 8a63e1ae-032e-4bed-9f20-125a11f65413@group-091950D56227-FollowerState was interrupted: java.lang.InterruptedException: sleep interrupted
2019-10-20 17:39:49,449 [Thread-117] INFO  impl.FollowerState (FollowerState.java:run(117)) - 7b1e61a0-7daf-43dd-99d5-9b325c1d31ae@group-091950D56227-FollowerState was interrupted: java.lang.InterruptedException: sleep interrupted
2019-10-20 17:39:49,449 [grpc-default-executor-1] INFO  impl.RoleInfo (RoleInfo.java:updateAndGet(143)) - 8a63e1ae-032e-4bed-9f20-125a11f65413: start FollowerState
2019-10-20 17:39:49,479 [8f18dce1-0a3d-4b65-9c78-af3d58b2da7f@group-091950D56227-LeaderElection13] INFO  impl.LeaderElection (LeaderElection.java:logAndReturn(56)) - 8f18dce1-0a3d-4b65-9c78-af3d58b2da7f@group-091950D56227-LeaderElection13: Election REJECTED; received 2 response(s) [8f18dce1-0a3d-4b65-9c78-af3d58b2da7f<-8a63e1ae-032e-4bed-9f20-125a11f65413#0:FAIL-t15, 8f18dce1-0a3d-4b65-9c78-af3d58b2da7f<-7b1e61a0-7daf-43dd-99d5-9b325c1d31ae#0:FAIL-t15] and 0 exception(s); 8f18dce1-0a3d-4b65-9c78-af3d58b2da7f@group-091950D56227:t15, leader=null, voted=8f18dce1-0a3d-4b65-9c78-af3d58b2da7f, raftlog=8f18dce1-0a3d-4b65-9c78-af3d58b2da7f@group-091950D56227-SegmentedRaftLog:OPENED:c-1,f-1,i0, conf=-1: [8a63e1ae-032e-4bed-9f20-125a11f65413:0.0.0.0:38685, 8f18dce1-0a3d-4b65-9c78-af3d58b2da7f:0.0.0.0:42489, 7b1e61a0-7daf-43dd-99d5-9b325c1d31ae:0.0.0.0:38412], old=null
2019-10-20 17:39:49,479 [8f18dce1-0a3d-4b65-9c78-af3d58b2da7f@group-091950D56227-LeaderElection13] INFO  impl.RaftServerImpl (RaftServerImpl.java:setRole(184)) - 8f18dce1-0a3d-4b65-9c78-af3d58b2da7f@group-091950D56227: changes role from CANDIDATE to FOLLOWER at term 15 for DISCOVERED_A_NEW_TERM
2019-10-20 17:39:49,479 [8f18dce1-0a3d-4b65-9c78-af3d58b2da7f@group-091950D56227-LeaderElection13] INFO  impl.RoleInfo (RoleInfo.java:shutdownLeaderElection(134)) - 8f18dce1-0a3d-4b65-9c78-af3d58b2da7f: shutdown LeaderElection
2019-10-20 17:39:49,479 [8f18dce1-0a3d-4b65-9c78-af3d58b2da7f@group-091950D56227-LeaderElection13] INFO  impl.RoleInfo (RoleInfo.java:updateAndGet(143)) - 8f18dce1-0a3d-4b65-9c78-af3d58b2da7f: start FollowerState
2019-10-20 17:39:49,484 [Thread-125] INFO  impl.FollowerState (FollowerState.java:run(108)) - 8f18dce1-0a3d-4b65-9c78-af3d58b2da7f@group-091950D56227-FollowerState: change to CANDIDATE, lastRpcTime:4ms, electionTimeout:4ms
2019-10-20 17:39:49,485 [Thread-125] INFO  impl.RoleInfo (RoleInfo.java:shutdownFollowerState(121)) - 8f18dce1-0a3d-4b65-9c78-af3d58b2da7f: shutdown FollowerState
2019-10-20 17:39:49,485 [Thread-125] INFO  impl.RaftServerImpl (RaftServerImpl.java:setRole(184)) - 8f18dce1-0a3d-4b65-9c78-af3d58b2da7f@group-091950D56227: changes role from  FOLLOWER to CANDIDATE at term 15 for changeToCandidate
2019-10-20 17:39:49,485 [Thread-125] INFO  impl.RoleInfo (RoleInfo.java:updateAndGet(143)) - 8f18dce1-0a3d-4b65-9c78-af3d58b2da7f: start LeaderElection
2019-10-20 17:39:49,519 [8f18dce1-0a3d-4b65-9c78-af3d58b2da7f@group-091950D56227-LeaderElection14] INFO  impl.LeaderElection (LeaderElection.java:askForVotes(178)) - 8f18dce1-0a3d-4b65-9c78-af3d58b2da7f@group-091950D56227-LeaderElection14: begin an election at term 16 for -1: [8a63e1ae-032e-4bed-9f20-125a11f65413:0.0.0.0:38685, 8f18dce1-0a3d-4b65-9c78-af3d58b2da7f:0.0.0.0:42489, 7b1e61a0-7daf-43dd-99d5-9b325c1d31ae:0.0.0.0:38412], old=null
2019-10-20 17:39:49,523 [grpc-default-executor-1] INFO  impl.RaftServerImpl (RaftServerImpl.java:setRole(184)) - 8a63e1ae-032e-4bed-9f20-125a11f65413@group-091950D56227: changes role from  FOLLOWER to FOLLOWER at term 16 for recognizeCandidate:8f18dce1-0a3d-4b65-9c78-af3d58b2da7f
2019-10-20 17:39:49,525 [grpc-default-executor-1] INFO  impl.RoleInfo (RoleInfo.java:shutdownFollowerState(121)) - 8a63e1ae-032e-4bed-9f20-125a11f65413: shutdown FollowerState
2019-10-20 17:39:49,525 [grpc-default-executor-1] INFO  impl.RoleInfo (RoleInfo.java:updateAndGet(143)) - 8a63e1ae-032e-4bed-9f20-125a11f65413: start FollowerState
2019-10-20 17:39:49,526 [grpc-default-executor-2] INFO  impl.RaftServerImpl (RaftServerImpl.java:setRole(184)) - 7b1e61a0-7daf-43dd-99d5-9b325c1d31ae@group-091950D56227: changes role from  FOLLOWER to FOLLOWER at term 16 for recognizeCandidate:8f18dce1-0a3d-4b65-9c78-af3d58b2da7f
2019-10-20 17:39:49,526 [grpc-default-executor-2] INFO  impl.RoleInfo (RoleInfo.java:shutdownFollowerState(121)) - 7b1e61a0-7daf-43dd-99d5-9b325c1d31ae: shutdown FollowerState
2019-10-20 17:39:49,526 [Thread-124] INFO  impl.FollowerState (FollowerState.java:run(117)) - 8a63e1ae-032e-4bed-9f20-125a11f65413@group-091950D56227-FollowerState was interrupted: java.lang.InterruptedException: sleep interrupted
2019-10-20 17:39:49,526 [Thread-123] INFO  impl.FollowerState (FollowerState.java:run(117)) - 7b1e61a0-7daf-43dd-99d5-9b325c1d31ae@group-091950D56227-FollowerState was interrupted: java.lang.InterruptedException: sleep interrupted
2019-10-20 17:39:49,526 [grpc-default-executor-2] INFO  impl.RoleInfo (RoleInfo.java:updateAndGet(143)) - 7b1e61a0-7daf-43dd-99d5-9b325c1d31ae: start FollowerState
2019-10-20 17:39:49,555 [8f18dce1-0a3d-4b65-9c78-af3d58b2da7f@group-091950D56227-LeaderElection14] INFO  impl.LeaderElection (LeaderElection.java:logAndReturn(56)) - 8f18dce1-0a3d-4b65-9c78-af3d58b2da7f@group-091950D56227-LeaderElection14: Election REJECTED; received 2 response(s) [8f18dce1-0a3d-4b65-9c78-af3d58b2da7f<-8a63e1ae-032e-4bed-9f20-125a11f65413#0:FAIL-t16, 8f18dce1-0a3d-4b65-9c78-af3d58b2da7f<-7b1e61a0-7daf-43dd-99d5-9b325c1d31ae#0:FAIL-t16] and 0 exception(s); 8f18dce1-0a3d-4b65-9c78-af3d58b2da7f@group-091950D56227:t16, leader=null, voted=8f18dce1-0a3d-4b65-9c78-af3d58b2da7f, raftlog=8f18dce1-0a3d-4b65-9c78-af3d58b2da7f@group-091950D56227-SegmentedRaftLog:OPENED:c-1,f-1,i0, conf=-1: [8a63e1ae-032e-4bed-9f20-125a11f65413:0.0.0.0:38685, 8f18dce1-0a3d-4b65-9c78-af3d58b2da7f:0.0.0.0:42489, 7b1e61a0-7daf-43dd-99d5-9b325c1d31ae:0.0.0.0:38412], old=null
2019-10-20 17:39:49,555 [8f18dce1-0a3d-4b65-9c78-af3d58b2da7f@group-091950D56227-LeaderElection14] INFO  impl.RaftServerImpl (RaftServerImpl.java:setRole(184)) - 8f18dce1-0a3d-4b65-9c78-af3d58b2da7f@group-091950D56227: changes role from CANDIDATE to FOLLOWER at term 16 for DISCOVERED_A_NEW_TERM
2019-10-20 17:39:49,555 [8f18dce1-0a3d-4b65-9c78-af3d58b2da7f@group-091950D56227-LeaderElection14] INFO  impl.RoleInfo (RoleInfo.java:shutdownLeaderElection(134)) - 8f18dce1-0a3d-4b65-9c78-af3d58b2da7f: shutdown LeaderElection
2019-10-20 17:39:49,555 [8f18dce1-0a3d-4b65-9c78-af3d58b2da7f@group-091950D56227-LeaderElection14] INFO  impl.RoleInfo (RoleInfo.java:updateAndGet(143)) - 8f18dce1-0a3d-4b65-9c78-af3d58b2da7f: start FollowerState
2019-10-20 17:39:49,642 [Thread-131] INFO  impl.FollowerState (FollowerState.java:run(108)) - 8f18dce1-0a3d-4b65-9c78-af3d58b2da7f@group-091950D56227-FollowerState: change to CANDIDATE, lastRpcTime:86ms, electionTimeout:86ms
2019-10-20 17:39:49,643 [Thread-131] INFO  impl.RoleInfo (RoleInfo.java:shutdownFollowerState(121)) - 8f18dce1-0a3d-4b65-9c78-af3d58b2da7f: shutdown FollowerState
2019-10-20 17:39:49,643 [Thread-131] INFO  impl.RaftServerImpl (RaftServerImpl.java:setRole(184)) - 8f18dce1-0a3d-4b65-9c78-af3d58b2da7f@group-091950D56227: changes role from  FOLLOWER to CANDIDATE at term 16 for changeToCandidate
2019-10-20 17:39:49,643 [Thread-131] INFO  impl.RoleInfo (RoleInfo.java:updateAndGet(143)) - 8f18dce1-0a3d-4b65-9c78-af3d58b2da7f: start LeaderElection
2019-10-20 17:39:49,670 [8f18dce1-0a3d-4b65-9c78-af3d58b2da7f@group-091950D56227-LeaderElection15] INFO  impl.LeaderElection (LeaderElection.java:askForVotes(178)) - 8f18dce1-0a3d-4b65-9c78-af3d58b2da7f@group-091950D56227-LeaderElection15: begin an election at term 17 for -1: [8a63e1ae-032e-4bed-9f20-125a11f65413:0.0.0.0:38685, 8f18dce1-0a3d-4b65-9c78-af3d58b2da7f:0.0.0.0:42489, 7b1e61a0-7daf-43dd-99d5-9b325c1d31ae:0.0.0.0:38412], old=null
2019-10-20 17:39:49,674 [grpc-default-executor-1] INFO  impl.RaftServerImpl (RaftServerImpl.java:setRole(184)) - 8a63e1ae-032e-4bed-9f20-125a11f65413@group-091950D56227: changes role from  FOLLOWER to FOLLOWER at term 17 for recognizeCandidate:8f18dce1-0a3d-4b65-9c78-af3d58b2da7f
2019-10-20 17:39:49,674 [grpc-default-executor-1] INFO  impl.RoleInfo (RoleInfo.java:shutdownFollowerState(121)) - 8a63e1ae-032e-4bed-9f20-125a11f65413: shutdown FollowerState
2019-10-20 17:39:49,674 [grpc-default-executor-1] INFO  impl.RoleInfo (RoleInfo.java:updateAndGet(143)) - 8a63e1ae-032e-4bed-9f20-125a11f65413: start FollowerState
2019-10-20 17:39:49,674 [Thread-129] INFO  impl.FollowerState (FollowerState.java:run(117)) - 8a63e1ae-032e-4bed-9f20-125a11f65413@group-091950D56227-FollowerState was interrupted: java.lang.InterruptedException: sleep interrupted
2019-10-20 17:39:49,674 [grpc-default-executor-2] INFO  impl.RaftServerImpl (RaftServerImpl.java:setRole(184)) - 7b1e61a0-7daf-43dd-99d5-9b325c1d31ae@group-091950D56227: changes role from  FOLLOWER to FOLLOWER at term 17 for recognizeCandidate:8f18dce1-0a3d-4b65-9c78-af3d58b2da7f
2019-10-20 17:39:49,711 [grpc-default-executor-2] INFO  impl.RoleInfo (RoleInfo.java:shutdownFollowerState(121)) - 7b1e61a0-7daf-43dd-99d5-9b325c1d31ae: shutdown FollowerState
2019-10-20 17:39:49,712 [grpc-default-executor-2] INFO  impl.RoleInfo (RoleInfo.java:updateAndGet(143)) - 7b1e61a0-7daf-43dd-99d5-9b325c1d31ae: start FollowerState
2019-10-20 17:39:49,712 [Thread-130] INFO  impl.FollowerState (FollowerState.java:run(117)) - 7b1e61a0-7daf-43dd-99d5-9b325c1d31ae@group-091950D56227-FollowerState was interrupted: java.lang.InterruptedException: sleep interrupted
2019-10-20 17:39:49,716 [8f18dce1-0a3d-4b65-9c78-af3d58b2da7f@group-091950D56227-LeaderElection15] INFO  impl.LeaderElection (LeaderElection.java:logAndReturn(56)) - 8f18dce1-0a3d-4b65-9c78-af3d58b2da7f@group-091950D56227-LeaderElection15: Election TIMEOUT; received 0 response(s) [] and 0 exception(s); 8f18dce1-0a3d-4b65-9c78-af3d58b2da7f@group-091950D56227:t17, leader=null, voted=8f18dce1-0a3d-4b65-9c78-af3d58b2da7f, raftlog=8f18dce1-0a3d-4b65-9c78-af3d58b2da7f@group-091950D56227-SegmentedRaftLog:OPENED:c-1,f-1,i0, conf=-1: [8a63e1ae-032e-4bed-9f20-125a11f65413:0.0.0.0:38685, 8f18dce1-0a3d-4b65-9c78-af3d58b2da7f:0.0.0.0:42489, 7b1e61a0-7daf-43dd-99d5-9b325c1d31ae:0.0.0.0:38412], old=null
2019-10-20 17:39:49,746 [8f18dce1-0a3d-4b65-9c78-af3d58b2da7f@group-091950D56227-LeaderElection15] INFO  impl.LeaderElection (LeaderElection.java:askForVotes(178)) - 8f18dce1-0a3d-4b65-9c78-af3d58b2da7f@group-091950D56227-LeaderElection15: begin an election at term 18 for -1: [8a63e1ae-032e-4bed-9f20-125a11f65413:0.0.0.0:38685, 8f18dce1-0a3d-4b65-9c78-af3d58b2da7f:0.0.0.0:42489, 7b1e61a0-7daf-43dd-99d5-9b325c1d31ae:0.0.0.0:38412], old=null
2019-10-20 17:39:49,750 [grpc-default-executor-2] INFO  impl.RaftServerImpl (RaftServerImpl.java:setRole(184)) - 8a63e1ae-032e-4bed-9f20-125a11f65413@group-091950D56227: changes role from  FOLLOWER to FOLLOWER at term 18 for recognizeCandidate:8f18dce1-0a3d-4b65-9c78-af3d58b2da7f
2019-10-20 17:39:49,750 [grpc-default-executor-1] INFO  impl.RaftServerImpl (RaftServerImpl.java:setRole(184)) - 7b1e61a0-7daf-43dd-99d5-9b325c1d31ae@group-091950D56227: changes role from  FOLLOWER to FOLLOWER at term 18 for recognizeCandidate:8f18dce1-0a3d-4b65-9c78-af3d58b2da7f
2019-10-20 17:39:49,750 [grpc-default-executor-2] INFO  impl.RoleInfo (RoleInfo.java:shutdownFollowerState(121)) - 8a63e1ae-032e-4bed-9f20-125a11f65413: shutdown FollowerState
2019-10-20 17:39:49,751 [grpc-default-executor-1] INFO  impl.RoleInfo (RoleInfo.java:shutdownFollowerState(121)) - 7b1e61a0-7daf-43dd-99d5-9b325c1d31ae: shutdown FollowerState
2019-10-20 17:39:49,751 [Thread-135] INFO  impl.FollowerState (FollowerState.java:run(117)) - 8a63e1ae-032e-4bed-9f20-125a11f65413@group-091950D56227-FollowerState was interrupted: java.lang.InterruptedException: sleep interrupted
2019-10-20 17:39:49,751 [grpc-default-executor-2] INFO  impl.RoleInfo (RoleInfo.java:updateAndGet(143)) - 8a63e1ae-032e-4bed-9f20-125a11f65413: start FollowerState
2019-10-20 17:39:49,751 [Thread-136] INFO  impl.FollowerState (FollowerState.java:run(117)) - 7b1e61a0-7daf-43dd-99d5-9b325c1d31ae@group-091950D56227-FollowerState was interrupted: java.lang.InterruptedException: sleep interrupted
2019-10-20 17:39:49,751 [grpc-default-executor-1] INFO  impl.RoleInfo (RoleInfo.java:updateAndGet(143)) - 7b1e61a0-7daf-43dd-99d5-9b325c1d31ae: start FollowerState
2019-10-20 17:39:49,782 [8f18dce1-0a3d-4b65-9c78-af3d58b2da7f@group-091950D56227-LeaderElection15] INFO  impl.LeaderElection (LeaderElection.java:logAndReturn(56)) - 8f18dce1-0a3d-4b65-9c78-af3d58b2da7f@group-091950D56227-LeaderElection15: Election REJECTED; received 2 response(s) [8f18dce1-0a3d-4b65-9c78-af3d58b2da7f<-8a63e1ae-032e-4bed-9f20-125a11f65413#0:FAIL-t18, 8f18dce1-0a3d-4b65-9c78-af3d58b2da7f<-7b1e61a0-7daf-43dd-99d5-9b325c1d31ae#0:FAIL-t18] and 0 exception(s); 8f18dce1-0a3d-4b65-9c78-af3d58b2da7f@group-091950D56227:t18, leader=null, voted=8f18dce1-0a3d-4b65-9c78-af3d58b2da7f, raftlog=8f18dce1-0a3d-4b65-9c78-af3d58b2da7f@group-091950D56227-SegmentedRaftLog:OPENED:c-1,f-1,i0, conf=-1: [8a63e1ae-032e-4bed-9f20-125a11f65413:0.0.0.0:38685, 8f18dce1-0a3d-4b65-9c78-af3d58b2da7f:0.0.0.0:42489, 7b1e61a0-7daf-43dd-99d5-9b325c1d31ae:0.0.0.0:38412], old=null
2019-10-20 17:39:49,782 [8f18dce1-0a3d-4b65-9c78-af3d58b2da7f@group-091950D56227-LeaderElection15] INFO  impl.RaftServerImpl (RaftServerImpl.java:setRole(184)) - 8f18dce1-0a3d-4b65-9c78-af3d58b2da7f@group-091950D56227: changes role from CANDIDATE to FOLLOWER at term 18 for DISCOVERED_A_NEW_TERM
2019-10-20 17:39:49,782 [8f18dce1-0a3d-4b65-9c78-af3d58b2da7f@group-091950D56227-LeaderElection15] INFO  impl.RoleInfo (RoleInfo.java:shutdownLeaderElection(134)) - 8f18dce1-0a3d-4b65-9c78-af3d58b2da7f: shutdown LeaderElection
2019-10-20 17:39:49,782 [8f18dce1-0a3d-4b65-9c78-af3d58b2da7f@group-091950D56227-LeaderElection15] INFO  impl.RoleInfo (RoleInfo.java:updateAndGet(143)) - 8f18dce1-0a3d-4b65-9c78-af3d58b2da7f: start FollowerState
2019-10-20 17:39:49,946 [Thread-143] INFO  impl.FollowerState (FollowerState.java:run(108)) - 8f18dce1-0a3d-4b65-9c78-af3d58b2da7f@group-091950D56227-FollowerState: change to CANDIDATE, lastRpcTime:163ms, electionTimeout:163ms
2019-10-20 17:39:49,947 [Thread-143] INFO  impl.RoleInfo (RoleInfo.java:shutdownFollowerState(121)) - 8f18dce1-0a3d-4b65-9c78-af3d58b2da7f: shutdown FollowerState
2019-10-20 17:39:49,947 [Thread-143] INFO  impl.RaftServerImpl (RaftServerImpl.java:setRole(184)) - 8f18dce1-0a3d-4b65-9c78-af3d58b2da7f@group-091950D56227: changes role from  FOLLOWER to CANDIDATE at term 18 for changeToCandidate
2019-10-20 17:39:49,947 [Thread-143] INFO  impl.RoleInfo (RoleInfo.java:updateAndGet(143)) - 8f18dce1-0a3d-4b65-9c78-af3d58b2da7f: start LeaderElection
2019-10-20 17:39:49,972 [8f18dce1-0a3d-4b65-9c78-af3d58b2da7f@group-091950D56227-LeaderElection16] INFO  impl.LeaderElection (LeaderElection.java:askForVotes(178)) - 8f18dce1-0a3d-4b65-9c78-af3d58b2da7f@group-091950D56227-LeaderElection16: begin an election at term 19 for -1: [8a63e1ae-032e-4bed-9f20-125a11f65413:0.0.0.0:38685, 8f18dce1-0a3d-4b65-9c78-af3d58b2da7f:0.0.0.0:42489, 7b1e61a0-7daf-43dd-99d5-9b325c1d31ae:0.0.0.0:38412], old=null
2019-10-20 17:39:49,975 [8f18dce1-0a3d-4b65-9c78-af3d58b2da7f@group-091950D56227-LeaderElection16] INFO  impl.LeaderElection (LeaderElection.java:logAndReturn(56)) - 8f18dce1-0a3d-4b65-9c78-af3d58b2da7f@group-091950D56227-LeaderElection16: Election TIMEOUT; received 0 response(s) [] and 0 exception(s); 8f18dce1-0a3d-4b65-9c78-af3d58b2da7f@group-091950D56227:t19, leader=null, voted=8f18dce1-0a3d-4b65-9c78-af3d58b2da7f, raftlog=8f18dce1-0a3d-4b65-9c78-af3d58b2da7f@group-091950D56227-SegmentedRaftLog:OPENED:c-1,f-1,i0, conf=-1: [8a63e1ae-032e-4bed-9f20-125a11f65413:0.0.0.0:38685, 8f18dce1-0a3d-4b65-9c78-af3d58b2da7f:0.0.0.0:42489, 7b1e61a0-7daf-43dd-99d5-9b325c1d31ae:0.0.0.0:38412], old=null
2019-10-20 17:39:49,976 [grpc-default-executor-2] INFO  impl.RaftServerImpl (RaftServerImpl.java:setRole(184)) - 7b1e61a0-7daf-43dd-99d5-9b325c1d31ae@group-091950D56227: changes role from  FOLLOWER to FOLLOWER at term 19 for recognizeCandidate:8f18dce1-0a3d-4b65-9c78-af3d58b2da7f
2019-10-20 17:39:49,976 [grpc-default-executor-1] INFO  impl.RaftServerImpl (RaftServerImpl.java:setRole(184)) - 8a63e1ae-032e-4bed-9f20-125a11f65413@group-091950D56227: changes role from  FOLLOWER to FOLLOWER at term 19 for recognizeCandidate:8f18dce1-0a3d-4b65-9c78-af3d58b2da7f
2019-10-20 17:39:49,976 [grpc-default-executor-2] INFO  impl.RoleInfo (RoleInfo.java:shutdownFollowerState(121)) - 7b1e61a0-7daf-43dd-99d5-9b325c1d31ae: shutdown FollowerState
2019-10-20 17:39:49,977 [grpc-default-executor-1] INFO  impl.RoleInfo (RoleInfo.java:shutdownFollowerState(121)) - 8a63e1ae-032e-4bed-9f20-125a11f65413: shutdown FollowerState
2019-10-20 17:39:49,978 [grpc-default-executor-1] INFO  impl.RoleInfo (RoleInfo.java:updateAndGet(143)) - 8a63e1ae-032e-4bed-9f20-125a11f65413: start FollowerState
2019-10-20 17:39:49,978 [grpc-default-executor-2] INFO  impl.RoleInfo (RoleInfo.java:updateAndGet(143)) - 7b1e61a0-7daf-43dd-99d5-9b325c1d31ae: start FollowerState
2019-10-20 17:39:49,978 [Thread-141] INFO  impl.FollowerState (FollowerState.java:run(117)) - 7b1e61a0-7daf-43dd-99d5-9b325c1d31ae@group-091950D56227-FollowerState was interrupted: java.lang.InterruptedException: sleep interrupted
2019-10-20 17:39:49,978 [Thread-140] INFO  impl.FollowerState (FollowerState.java:run(117)) - 8a63e1ae-032e-4bed-9f20-125a11f65413@group-091950D56227-FollowerState was interrupted: java.lang.InterruptedException: sleep interrupted
2019-10-20 17:39:49,998 [8f18dce1-0a3d-4b65-9c78-af3d58b2da7f@group-091950D56227-LeaderElection16] INFO  impl.LeaderElection (LeaderElection.java:askForVotes(178)) - 8f18dce1-0a3d-4b65-9c78-af3d58b2da7f@group-091950D56227-LeaderElection16: begin an election at term 20 for -1: [8a63e1ae-032e-4bed-9f20-125a11f65413:0.0.0.0:38685, 8f18dce1-0a3d-4b65-9c78-af3d58b2da7f:0.0.0.0:42489, 7b1e61a0-7daf-43dd-99d5-9b325c1d31ae:0.0.0.0:38412], old=null
2019-10-20 17:39:50,002 [grpc-default-executor-2] INFO  impl.RaftServerImpl (RaftServerImpl.java:setRole(184)) - 8a63e1ae-032e-4bed-9f20-125a11f65413@group-091950D56227: changes role from  FOLLOWER to FOLLOWER at term 20 for recognizeCandidate:8f18dce1-0a3d-4b65-9c78-af3d58b2da7f
2019-10-20 17:39:50,002 [grpc-default-executor-2] INFO  impl.RoleInfo (RoleInfo.java:shutdownFollowerState(121)) - 8a63e1ae-032e-4bed-9f20-125a11f65413: shutdown FollowerState
2019-10-20 17:39:50,003 [grpc-default-executor-2] INFO  impl.RoleInfo (RoleInfo.java:updateAndGet(143)) - 8a63e1ae-032e-4bed-9f20-125a11f65413: start FollowerState
2019-10-20 17:39:50,003 [Thread-148] INFO  impl.FollowerState (FollowerState.java:run(117)) - 8a63e1ae-032e-4bed-9f20-125a11f65413@group-091950D56227-FollowerState was interrupted: java.lang.InterruptedException: sleep interrupted
2019-10-20 17:39:50,003 [grpc-default-executor-1] INFO  impl.RaftServerImpl (RaftServerImpl.java:setRole(184)) - 7b1e61a0-7daf-43dd-99d5-9b325c1d31ae@group-091950D56227: changes role from  FOLLOWER to FOLLOWER at term 20 for recognizeCandidate:8f18dce1-0a3d-4b65-9c78-af3d58b2da7f
2019-10-20 17:39:50,003 [grpc-default-executor-1] INFO  impl.RoleInfo (RoleInfo.java:shutdownFollowerState(121)) - 7b1e61a0-7daf-43dd-99d5-9b325c1d31ae: shutdown FollowerState
2019-10-20 17:39:50,003 [grpc-default-executor-1] INFO  impl.RoleInfo (RoleInfo.java:updateAndGet(143)) - 7b1e61a0-7daf-43dd-99d5-9b325c1d31ae: start FollowerState
2019-10-20 17:39:50,003 [Thread-147] INFO  impl.FollowerState (FollowerState.java:run(117)) - 7b1e61a0-7daf-43dd-99d5-9b325c1d31ae@group-091950D56227-FollowerState was interrupted: java.lang.InterruptedException: sleep interrupted
2019-10-20 17:39:50,033 [8f18dce1-0a3d-4b65-9c78-af3d58b2da7f@group-091950D56227-LeaderElection16] INFO  impl.LeaderElection (LeaderElection.java:logAndReturn(56)) - 8f18dce1-0a3d-4b65-9c78-af3d58b2da7f@group-091950D56227-LeaderElection16: Election REJECTED; received 2 response(s) [8f18dce1-0a3d-4b65-9c78-af3d58b2da7f<-8a63e1ae-032e-4bed-9f20-125a11f65413#0:FAIL-t20, 8f18dce1-0a3d-4b65-9c78-af3d58b2da7f<-7b1e61a0-7daf-43dd-99d5-9b325c1d31ae#0:FAIL-t20] and 0 exception(s); 8f18dce1-0a3d-4b65-9c78-af3d58b2da7f@group-091950D56227:t20, leader=null, voted=8f18dce1-0a3d-4b65-9c78-af3d58b2da7f, raftlog=8f18dce1-0a3d-4b65-9c78-af3d58b2da7f@group-091950D56227-SegmentedRaftLog:OPENED:c-1,f-1,i0, conf=-1: [8a63e1ae-032e-4bed-9f20-125a11f65413:0.0.0.0:38685, 8f18dce1-0a3d-4b65-9c78-af3d58b2da7f:0.0.0.0:42489, 7b1e61a0-7daf-43dd-99d5-9b325c1d31ae:0.0.0.0:38412], old=null
2019-10-20 17:39:50,033 [8f18dce1-0a3d-4b65-9c78-af3d58b2da7f@group-091950D56227-LeaderElection16] INFO  impl.RaftServerImpl (RaftServerImpl.java:setRole(184)) - 8f18dce1-0a3d-4b65-9c78-af3d58b2da7f@group-091950D56227: changes role from CANDIDATE to FOLLOWER at term 20 for DISCOVERED_A_NEW_TERM
2019-10-20 17:39:50,033 [8f18dce1-0a3d-4b65-9c78-af3d58b2da7f@group-091950D56227-LeaderElection16] INFO  impl.RoleInfo (RoleInfo.java:shutdownLeaderElection(134)) - 8f18dce1-0a3d-4b65-9c78-af3d58b2da7f: shutdown LeaderElection
2019-10-20 17:39:50,034 [8f18dce1-0a3d-4b65-9c78-af3d58b2da7f@group-091950D56227-LeaderElection16] INFO  impl.RoleInfo (RoleInfo.java:updateAndGet(143)) - 8f18dce1-0a3d-4b65-9c78-af3d58b2da7f: start FollowerState
2019-10-20 17:39:50,144 [Thread-153] INFO  impl.FollowerState (FollowerState.java:run(108)) - 8f18dce1-0a3d-4b65-9c78-af3d58b2da7f@group-091950D56227-FollowerState: change to CANDIDATE, lastRpcTime:110ms, electionTimeout:110ms
2019-10-20 17:39:50,146 [Thread-153] INFO  impl.RoleInfo (RoleInfo.java:shutdownFollowerState(121)) - 8f18dce1-0a3d-4b65-9c78-af3d58b2da7f: shutdown FollowerState
2019-10-20 17:39:50,147 [Thread-153] INFO  impl.RaftServerImpl (RaftServerImpl.java:setRole(184)) - 8f18dce1-0a3d-4b65-9c78-af3d58b2da7f@group-091950D56227: changes role from  FOLLOWER to CANDIDATE at term 20 for changeToCandidate
2019-10-20 17:39:50,147 [Thread-153] INFO  impl.RoleInfo (RoleInfo.java:updateAndGet(143)) - 8f18dce1-0a3d-4b65-9c78-af3d58b2da7f: start LeaderElection
2019-10-20 17:39:50,173 [8f18dce1-0a3d-4b65-9c78-af3d58b2da7f@group-091950D56227-LeaderElection17] INFO  impl.LeaderElection (LeaderElection.java:askForVotes(178)) - 8f18dce1-0a3d-4b65-9c78-af3d58b2da7f@group-091950D56227-LeaderElection17: begin an election at term 21 for -1: [8a63e1ae-032e-4bed-9f20-125a11f65413:0.0.0.0:38685, 8f18dce1-0a3d-4b65-9c78-af3d58b2da7f:0.0.0.0:42489, 7b1e61a0-7daf-43dd-99d5-9b325c1d31ae:0.0.0.0:38412], old=null
2019-10-20 17:39:50,178 [grpc-default-executor-2] INFO  impl.RaftServerImpl (RaftServerImpl.java:setRole(184)) - 7b1e61a0-7daf-43dd-99d5-9b325c1d31ae@group-091950D56227: changes role from  FOLLOWER to FOLLOWER at term 21 for recognizeCandidate:8f18dce1-0a3d-4b65-9c78-af3d58b2da7f
2019-10-20 17:39:50,178 [grpc-default-executor-1] INFO  impl.RaftServerImpl (RaftServerImpl.java:setRole(184)) - 8a63e1ae-032e-4bed-9f20-125a11f65413@group-091950D56227: changes role from  FOLLOWER to FOLLOWER at term 21 for recognizeCandidate:8f18dce1-0a3d-4b65-9c78-af3d58b2da7f
2019-10-20 17:39:50,178 [grpc-default-executor-2] INFO  impl.RoleInfo (RoleInfo.java:shutdownFollowerState(121)) - 7b1e61a0-7daf-43dd-99d5-9b325c1d31ae: shutdown FollowerState
2019-10-20 17:39:50,178 [grpc-default-executor-1] INFO  impl.RoleInfo (RoleInfo.java:shutdownFollowerState(121)) - 8a63e1ae-032e-4bed-9f20-125a11f65413: shutdown FollowerState
2019-10-20 17:39:50,178 [grpc-default-executor-2] INFO  impl.RoleInfo (RoleInfo.java:updateAndGet(143)) - 7b1e61a0-7daf-43dd-99d5-9b325c1d31ae: start FollowerState
2019-10-20 17:39:50,178 [Thread-152] INFO  impl.FollowerState (FollowerState.java:run(117)) - 7b1e61a0-7daf-43dd-99d5-9b325c1d31ae@group-091950D56227-FollowerState was interrupted: java.lang.InterruptedException: sleep interrupted
2019-10-20 17:39:50,178 [grpc-default-executor-1] INFO  impl.RoleInfo (RoleInfo.java:updateAndGet(143)) - 8a63e1ae-032e-4bed-9f20-125a11f65413: start FollowerState
2019-10-20 17:39:50,178 [Thread-151] INFO  impl.FollowerState (FollowerState.java:run(117)) - 8a63e1ae-032e-4bed-9f20-125a11f65413@group-091950D56227-FollowerState was interrupted: java.lang.InterruptedException: sleep interrupted
2019-10-20 17:39:50,209 [8f18dce1-0a3d-4b65-9c78-af3d58b2da7f@group-091950D56227-LeaderElection17] INFO  impl.LeaderElection (LeaderElection.java:logAndReturn(56)) - 8f18dce1-0a3d-4b65-9c78-af3d58b2da7f@group-091950D56227-LeaderElection17: Election REJECTED; received 2 response(s) [8f18dce1-0a3d-4b65-9c78-af3d58b2da7f<-8a63e1ae-032e-4bed-9f20-125a11f65413#0:FAIL-t21, 8f18dce1-0a3d-4b65-9c78-af3d58b2da7f<-7b1e61a0-7daf-43dd-99d5-9b325c1d31ae#0:FAIL-t21] and 0 exception(s); 8f18dce1-0a3d-4b65-9c78-af3d58b2da7f@group-091950D56227:t21, leader=null, voted=8f18dce1-0a3d-4b65-9c78-af3d58b2da7f, raftlog=8f18dce1-0a3d-4b65-9c78-af3d58b2da7f@group-091950D56227-SegmentedRaftLog:OPENED:c-1,f-1,i0, conf=-1: [8a63e1ae-032e-4bed-9f20-125a11f65413:0.0.0.0:38685, 8f18dce1-0a3d-4b65-9c78-af3d58b2da7f:0.0.0.0:42489, 7b1e61a0-7daf-43dd-99d5-9b325c1d31ae:0.0.0.0:38412], old=null
2019-10-20 17:39:50,210 [8f18dce1-0a3d-4b65-9c78-af3d58b2da7f@group-091950D56227-LeaderElection17] INFO  impl.RaftServerImpl (RaftServerImpl.java:setRole(184)) - 8f18dce1-0a3d-4b65-9c78-af3d58b2da7f@group-091950D56227: changes role from CANDIDATE to FOLLOWER at term 21 for DISCOVERED_A_NEW_TERM
2019-10-20 17:39:50,210 [8f18dce1-0a3d-4b65-9c78-af3d58b2da7f@group-091950D56227-LeaderElection17] INFO  impl.RoleInfo (RoleInfo.java:shutdownLeaderElection(134)) - 8f18dce1-0a3d-4b65-9c78-af3d58b2da7f: shutdown LeaderElection
2019-10-20 17:39:50,210 [8f18dce1-0a3d-4b65-9c78-af3d58b2da7f@group-091950D56227-LeaderElection17] INFO  impl.RoleInfo (RoleInfo.java:updateAndGet(143)) - 8f18dce1-0a3d-4b65-9c78-af3d58b2da7f: start FollowerState
2019-10-20 17:39:50,393 [Thread-159] INFO  impl.FollowerState (FollowerState.java:run(108)) - 8f18dce1-0a3d-4b65-9c78-af3d58b2da7f@group-091950D56227-FollowerState: change to CANDIDATE, lastRpcTime:182ms, electionTimeout:182ms
2019-10-20 17:39:50,394 [Thread-159] INFO  impl.RoleInfo (RoleInfo.java:shutdownFollowerState(121)) - 8f18dce1-0a3d-4b65-9c78-af3d58b2da7f: shutdown FollowerState
2019-10-20 17:39:50,394 [Thread-159] INFO  impl.RaftServerImpl (RaftServerImpl.java:setRole(184)) - 8f18dce1-0a3d-4b65-9c78-af3d58b2da7f@group-091950D56227: changes role from  FOLLOWER to CANDIDATE at term 21 for changeToCandidate
2019-10-20 17:39:50,394 [Thread-159] INFO  impl.RoleInfo (RoleInfo.java:updateAndGet(143)) - 8f18dce1-0a3d-4b65-9c78-af3d58b2da7f: start LeaderElection
2019-10-20 17:39:50,425 [8f18dce1-0a3d-4b65-9c78-af3d58b2da7f@group-091950D56227-LeaderElection18] INFO  impl.LeaderElection (LeaderElection.java:askForVotes(178)) - 8f18dce1-0a3d-4b65-9c78-af3d58b2da7f@group-091950D56227-LeaderElection18: begin an election at term 22 for -1: [8a63e1ae-032e-4bed-9f20-125a11f65413:0.0.0.0:38685, 8f18dce1-0a3d-4b65-9c78-af3d58b2da7f:0.0.0.0:42489, 7b1e61a0-7daf-43dd-99d5-9b325c1d31ae:0.0.0.0:38412], old=null
2019-10-20 17:39:50,428 [grpc-default-executor-2] INFO  impl.RaftServerImpl (RaftServerImpl.java:setRole(184)) - 7b1e61a0-7daf-43dd-99d5-9b325c1d31ae@group-091950D56227: changes role from  FOLLOWER to FOLLOWER at term 22 for recognizeCandidate:8f18dce1-0a3d-4b65-9c78-af3d58b2da7f
2019-10-20 17:39:50,428 [grpc-default-executor-1] INFO  impl.RaftServerImpl (RaftServerImpl.java:setRole(184)) - 8a63e1ae-032e-4bed-9f20-125a11f65413@group-091950D56227: changes role from  FOLLOWER to FOLLOWER at term 22 for recognizeCandidate:8f18dce1-0a3d-4b65-9c78-af3d58b2da7f
2019-10-20 17:39:50,428 [grpc-default-executor-2] INFO  impl.RoleInfo (RoleInfo.java:shutdownFollowerState(121)) - 7b1e61a0-7daf-43dd-99d5-9b325c1d31ae: shutdown FollowerState
2019-10-20 17:39:50,429 [grpc-default-executor-1] INFO  impl.RoleInfo (RoleInfo.java:shutdownFollowerState(121)) - 8a63e1ae-032e-4bed-9f20-125a11f65413: shutdown FollowerState
2019-10-20 17:39:50,429 [grpc-default-executor-2] INFO  impl.RoleInfo (RoleInfo.java:updateAndGet(143)) - 7b1e61a0-7daf-43dd-99d5-9b325c1d31ae: start FollowerState
2019-10-20 17:39:50,429 [Thread-157] INFO  impl.FollowerState (FollowerState.java:run(117)) - 7b1e61a0-7daf-43dd-99d5-9b325c1d31ae@group-091950D56227-FollowerState was interrupted: java.lang.InterruptedException: sleep interrupted
2019-10-20 17:39:50,429 [Thread-158] INFO  impl.FollowerState (FollowerState.java:run(117)) - 8a63e1ae-032e-4bed-9f20-125a11f65413@group-091950D56227-FollowerState was interrupted: java.lang.InterruptedException: sleep interrupted
2019-10-20 17:39:50,429 [grpc-default-executor-1] INFO  impl.RoleInfo (RoleInfo.java:updateAndGet(143)) - 8a63e1ae-032e-4bed-9f20-125a11f65413: start FollowerState
2019-10-20 17:39:50,460 [8f18dce1-0a3d-4b65-9c78-af3d58b2da7f@group-091950D56227-LeaderElection18] INFO  impl.LeaderElection (LeaderElection.java:logAndReturn(56)) - 8f18dce1-0a3d-4b65-9c78-af3d58b2da7f@group-091950D56227-LeaderElection18: Election REJECTED; received 2 response(s) [8f18dce1-0a3d-4b65-9c78-af3d58b2da7f<-8a63e1ae-032e-4bed-9f20-125a11f65413#0:FAIL-t22, 8f18dce1-0a3d-4b65-9c78-af3d58b2da7f<-7b1e61a0-7daf-43dd-99d5-9b325c1d31ae#0:FAIL-t22] and 0 exception(s); 8f18dce1-0a3d-4b65-9c78-af3d58b2da7f@group-091950D56227:t22, leader=null, voted=8f18dce1-0a3d-4b65-9c78-af3d58b2da7f, raftlog=8f18dce1-0a3d-4b65-9c78-af3d58b2da7f@group-091950D56227-SegmentedRaftLog:OPENED:c-1,f-1,i0, conf=-1: [8a63e1ae-032e-4bed-9f20-125a11f65413:0.0.0.0:38685, 8f18dce1-0a3d-4b65-9c78-af3d58b2da7f:0.0.0.0:42489, 7b1e61a0-7daf-43dd-99d5-9b325c1d31ae:0.0.0.0:38412], old=null
2019-10-20 17:39:50,460 [8f18dce1-0a3d-4b65-9c78-af3d58b2da7f@group-091950D56227-LeaderElection18] INFO  impl.RaftServerImpl (RaftServerImpl.java:setRole(184)) - 8f18dce1-0a3d-4b65-9c78-af3d58b2da7f@group-091950D56227: changes role from CANDIDATE to FOLLOWER at term 22 for DISCOVERED_A_NEW_TERM
2019-10-20 17:39:50,460 [8f18dce1-0a3d-4b65-9c78-af3d58b2da7f@group-091950D56227-LeaderElection18] INFO  impl.RoleInfo (RoleInfo.java:shutdownLeaderElection(134)) - 8f18dce1-0a3d-4b65-9c78-af3d58b2da7f: shutdown LeaderElection
2019-10-20 17:39:50,461 [8f18dce1-0a3d-4b65-9c78-af3d58b2da7f@group-091950D56227-LeaderElection18] INFO  impl.RoleInfo (RoleInfo.java:updateAndGet(143)) - 8f18dce1-0a3d-4b65-9c78-af3d58b2da7f: start FollowerState
2019-10-20 17:39:50,543 [Thread-165] INFO  impl.FollowerState (FollowerState.java:run(108)) - 8f18dce1-0a3d-4b65-9c78-af3d58b2da7f@group-091950D56227-FollowerState: change to CANDIDATE, lastRpcTime:82ms, electionTimeout:82ms
2019-10-20 17:39:50,544 [Thread-165] INFO  impl.RoleInfo (RoleInfo.java:shutdownFollowerState(121)) - 8f18dce1-0a3d-4b65-9c78-af3d58b2da7f: shutdown FollowerState
2019-10-20 17:39:50,544 [Thread-165] INFO  impl.RaftServerImpl (RaftServerImpl.java:setRole(184)) - 8f18dce1-0a3d-4b65-9c78-af3d58b2da7f@group-091950D56227: changes role from  FOLLOWER to CANDIDATE at term 22 for changeToCandidate
2019-10-20 17:39:50,545 [Thread-165] INFO  impl.RoleInfo (RoleInfo.java:updateAndGet(143)) - 8f18dce1-0a3d-4b65-9c78-af3d58b2da7f: start LeaderElection
2019-10-20 17:39:50,576 [8f18dce1-0a3d-4b65-9c78-af3d58b2da7f@group-091950D56227-LeaderElection19] INFO  impl.LeaderElection (LeaderElection.java:askForVotes(178)) - 8f18dce1-0a3d-4b65-9c78-af3d58b2da7f@group-091950D56227-LeaderElection19: begin an election at term 23 for -1: [8a63e1ae-032e-4bed-9f20-125a11f65413:0.0.0.0:38685, 8f18dce1-0a3d-4b65-9c78-af3d58b2da7f:0.0.0.0:42489, 7b1e61a0-7daf-43dd-99d5-9b325c1d31ae:0.0.0.0:38412], old=null
2019-10-20 17:39:50,579 [grpc-default-executor-1] INFO  impl.RaftServerImpl (RaftServerImpl.java:setRole(184)) - 8a63e1ae-032e-4bed-9f20-125a11f65413@group-091950D56227: changes role from  FOLLOWER to FOLLOWER at term 23 for recognizeCandidate:8f18dce1-0a3d-4b65-9c78-af3d58b2da7f
2019-10-20 17:39:50,579 [grpc-default-executor-2] INFO  impl.RaftServerImpl (RaftServerImpl.java:setRole(184)) - 7b1e61a0-7daf-43dd-99d5-9b325c1d31ae@group-091950D56227: changes role from  FOLLOWER to FOLLOWER at term 23 for recognizeCandidate:8f18dce1-0a3d-4b65-9c78-af3d58b2da7f
2019-10-20 17:39:50,579 [grpc-default-executor-1] INFO  impl.RoleInfo (RoleInfo.java:shutdownFollowerState(121)) - 8a63e1ae-032e-4bed-9f20-125a11f65413: shutdown FollowerState
2019-10-20 17:39:50,580 [grpc-default-executor-2] INFO  impl.RoleInfo (RoleInfo.java:shutdownFollowerState(121)) - 7b1e61a0-7daf-43dd-99d5-9b325c1d31ae: shutdown FollowerState
2019-10-20 17:39:50,580 [Thread-164] INFO  impl.FollowerState (FollowerState.java:run(117)) - 8a63e1ae-032e-4bed-9f20-125a11f65413@group-091950D56227-FollowerState was interrupted: java.lang.InterruptedException: sleep interrupted
2019-10-20 17:39:50,580 [grpc-default-executor-1] INFO  impl.RoleInfo (RoleInfo.java:updateAndGet(143)) - 8a63e1ae-032e-4bed-9f20-125a11f65413: start FollowerState
2019-10-20 17:39:50,580 [grpc-default-executor-2] INFO  impl.RoleInfo (RoleInfo.java:updateAndGet(143)) - 7b1e61a0-7daf-43dd-99d5-9b325c1d31ae: start FollowerState
2019-10-20 17:39:50,580 [Thread-163] INFO  impl.FollowerState (FollowerState.java:run(117)) - 7b1e61a0-7daf-43dd-99d5-9b325c1d31ae@group-091950D56227-FollowerState was interrupted: java.lang.InterruptedException: sleep interrupted
2019-10-20 17:39:50,604 [8f18dce1-0a3d-4b65-9c78-af3d58b2da7f@group-091950D56227-LeaderElection19] INFO  impl.LeaderElection (LeaderElection.java:logAndReturn(56)) - 8f18dce1-0a3d-4b65-9c78-af3d58b2da7f@group-091950D56227-LeaderElection19: Election REJECTED; received 2 response(s) [8f18dce1-0a3d-4b65-9c78-af3d58b2da7f<-8a63e1ae-032e-4bed-9f20-125a11f65413#0:FAIL-t23, 8f18dce1-0a3d-4b65-9c78-af3d58b2da7f<-7b1e61a0-7daf-43dd-99d5-9b325c1d31ae#0:FAIL-t23] and 0 exception(s); 8f18dce1-0a3d-4b65-9c78-af3d58b2da7f@group-091950D56227:t23, leader=null, voted=8f18dce1-0a3d-4b65-9c78-af3d58b2da7f, raftlog=8f18dce1-0a3d-4b65-9c78-af3d58b2da7f@group-091950D56227-SegmentedRaftLog:OPENED:c-1,f-1,i0, conf=-1: [8a63e1ae-032e-4bed-9f20-125a11f65413:0.0.0.0:38685, 8f18dce1-0a3d-4b65-9c78-af3d58b2da7f:0.0.0.0:42489, 7b1e61a0-7daf-43dd-99d5-9b325c1d31ae:0.0.0.0:38412], old=null
2019-10-20 17:39:50,604 [8f18dce1-0a3d-4b65-9c78-af3d58b2da7f@group-091950D56227-LeaderElection19] INFO  impl.RaftServerImpl (RaftServerImpl.java:setRole(184)) - 8f18dce1-0a3d-4b65-9c78-af3d58b2da7f@group-091950D56227: changes role from CANDIDATE to FOLLOWER at term 23 for DISCOVERED_A_NEW_TERM
2019-10-20 17:39:50,604 [8f18dce1-0a3d-4b65-9c78-af3d58b2da7f@group-091950D56227-LeaderElection19] INFO  impl.RoleInfo (RoleInfo.java:shutdownLeaderElection(134)) - 8f18dce1-0a3d-4b65-9c78-af3d58b2da7f: shutdown LeaderElection
2019-10-20 17:39:50,604 [8f18dce1-0a3d-4b65-9c78-af3d58b2da7f@group-091950D56227-LeaderElection19] INFO  impl.RoleInfo (RoleInfo.java:updateAndGet(143)) - 8f18dce1-0a3d-4b65-9c78-af3d58b2da7f: start FollowerState
2019-10-20 17:39:50,628 [Thread-171] INFO  impl.FollowerState (FollowerState.java:run(108)) - 8f18dce1-0a3d-4b65-9c78-af3d58b2da7f@group-091950D56227-FollowerState: change to CANDIDATE, lastRpcTime:23ms, electionTimeout:23ms
2019-10-20 17:39:50,628 [Thread-171] INFO  impl.RoleInfo (RoleInfo.java:shutdownFollowerState(121)) - 8f18dce1-0a3d-4b65-9c78-af3d58b2da7f: shutdown FollowerState
2019-10-20 17:39:50,629 [Thread-171] INFO  impl.RaftServerImpl (RaftServerImpl.java:setRole(184)) - 8f18dce1-0a3d-4b65-9c78-af3d58b2da7f@group-091950D56227: changes role from  FOLLOWER to CANDIDATE at term 23 for changeToCandidate
2019-10-20 17:39:50,629 [Thread-171] INFO  impl.RoleInfo (RoleInfo.java:updateAndGet(143)) - 8f18dce1-0a3d-4b65-9c78-af3d58b2da7f: start LeaderElection
2019-10-20 17:39:50,653 [8f18dce1-0a3d-4b65-9c78-af3d58b2da7f@group-091950D56227-LeaderElection20] INFO  impl.LeaderElection (LeaderElection.java:askForVotes(178)) - 8f18dce1-0a3d-4b65-9c78-af3d58b2da7f@group-091950D56227-LeaderElection20: begin an election at term 24 for -1: [8a63e1ae-032e-4bed-9f20-125a11f65413:0.0.0.0:38685, 8f18dce1-0a3d-4b65-9c78-af3d58b2da7f:0.0.0.0:42489, 7b1e61a0-7daf-43dd-99d5-9b325c1d31ae:0.0.0.0:38412], old=null
2019-10-20 17:39:50,655 [grpc-default-executor-2] INFO  impl.RaftServerImpl (RaftServerImpl.java:setRole(184)) - 8a63e1ae-032e-4bed-9f20-125a11f65413@group-091950D56227: changes role from  FOLLOWER to FOLLOWER at term 24 for recognizeCandidate:8f18dce1-0a3d-4b65-9c78-af3d58b2da7f
2019-10-20 17:39:50,655 [grpc-default-executor-2] INFO  impl.RoleInfo (RoleInfo.java:shutdownFollowerState(121)) - 8a63e1ae-032e-4bed-9f20-125a11f65413: shutdown FollowerState
2019-10-20 17:39:50,655 [grpc-default-executor-2] INFO  impl.RoleInfo (RoleInfo.java:updateAndGet(143)) - 8a63e1ae-032e-4bed-9f20-125a11f65413: start FollowerState
2019-10-20 17:39:50,655 [Thread-169] INFO  impl.FollowerState (FollowerState.java:run(117)) - 8a63e1ae-032e-4bed-9f20-125a11f65413@group-091950D56227-FollowerState was interrupted: java.lang.InterruptedException: sleep interrupted
2019-10-20 17:39:50,656 [grpc-default-executor-1] INFO  impl.RaftServerImpl (RaftServerImpl.java:setRole(184)) - 7b1e61a0-7daf-43dd-99d5-9b325c1d31ae@group-091950D56227: changes role from  FOLLOWER to FOLLOWER at term 24 for recognizeCandidate:8f18dce1-0a3d-4b65-9c78-af3d58b2da7f
2019-10-20 17:39:50,656 [grpc-default-executor-1] INFO  impl.RoleInfo (RoleInfo.java:shutdownFollowerState(121)) - 7b1e61a0-7daf-43dd-99d5-9b325c1d31ae: shutdown FollowerState
2019-10-20 17:39:50,656 [grpc-default-executor-1] INFO  impl.RoleInfo (RoleInfo.java:updateAndGet(143)) - 7b1e61a0-7daf-43dd-99d5-9b325c1d31ae: start FollowerState
2019-10-20 17:39:50,656 [Thread-170] INFO  impl.FollowerState (FollowerState.java:run(117)) - 7b1e61a0-7daf-43dd-99d5-9b325c1d31ae@group-091950D56227-FollowerState was interrupted: java.lang.InterruptedException: sleep interrupted
2019-10-20 17:39:50,657 [8f18dce1-0a3d-4b65-9c78-af3d58b2da7f@group-091950D56227-LeaderElection20] INFO  impl.LeaderElection (LeaderElection.java:logAndReturn(56)) - 8f18dce1-0a3d-4b65-9c78-af3d58b2da7f@group-091950D56227-LeaderElection20: Election TIMEOUT; received 0 response(s) [] and 0 exception(s); 8f18dce1-0a3d-4b65-9c78-af3d58b2da7f@group-091950D56227:t24, leader=null, voted=8f18dce1-0a3d-4b65-9c78-af3d58b2da7f, raftlog=8f18dce1-0a3d-4b65-9c78-af3d58b2da7f@group-091950D56227-SegmentedRaftLog:OPENED:c-1,f-1,i0, conf=-1: [8a63e1ae-032e-4bed-9f20-125a11f65413:0.0.0.0:38685, 8f18dce1-0a3d-4b65-9c78-af3d58b2da7f:0.0.0.0:42489, 7b1e61a0-7daf-43dd-99d5-9b325c1d31ae:0.0.0.0:38412], old=null
2019-10-20 17:39:50,678 [8f18dce1-0a3d-4b65-9c78-af3d58b2da7f@group-091950D56227-LeaderElection20] INFO  impl.LeaderElection (LeaderElection.java:askForVotes(178)) - 8f18dce1-0a3d-4b65-9c78-af3d58b2da7f@group-091950D56227-LeaderElection20: begin an election at term 25 for -1: [8a63e1ae-032e-4bed-9f20-125a11f65413:0.0.0.0:38685, 8f18dce1-0a3d-4b65-9c78-af3d58b2da7f:0.0.0.0:42489, 7b1e61a0-7daf-43dd-99d5-9b325c1d31ae:0.0.0.0:38412], old=null
2019-10-20 17:39:50,681 [grpc-default-executor-2] INFO  impl.RaftServerImpl (RaftServerImpl.java:setRole(184)) - 8a63e1ae-032e-4bed-9f20-125a11f65413@group-091950D56227: changes role from  FOLLOWER to FOLLOWER at term 25 for recognizeCandidate:8f18dce1-0a3d-4b65-9c78-af3d58b2da7f
2019-10-20 17:39:50,681 [grpc-default-executor-2] INFO  impl.RoleInfo (RoleInfo.java:shutdownFollowerState(121)) - 8a63e1ae-032e-4bed-9f20-125a11f65413: shutdown FollowerState
2019-10-20 17:39:50,682 [grpc-default-executor-2] INFO  impl.RoleInfo (RoleInfo.java:updateAndGet(143)) - 8a63e1ae-032e-4bed-9f20-125a11f65413: start FollowerState
2019-10-20 17:39:50,682 [Thread-175] INFO  impl.FollowerState (FollowerState.java:run(117)) - 8a63e1ae-032e-4bed-9f20-125a11f65413@group-091950D56227-FollowerState was interrupted: java.lang.InterruptedException: sleep interrupted
2019-10-20 17:39:50,682 [grpc-default-executor-1] INFO  impl.RaftServerImpl (RaftServerImpl.java:setRole(184)) - 7b1e61a0-7daf-43dd-99d5-9b325c1d31ae@group-091950D56227: changes role from  FOLLOWER to FOLLOWER at term 25 for recognizeCandidate:8f18dce1-0a3d-4b65-9c78-af3d58b2da7f
2019-10-20 17:39:50,682 [grpc-default-executor-1] INFO  impl.RoleInfo (RoleInfo.java:shutdownFollowerState(121)) - 7b1e61a0-7daf-43dd-99d5-9b325c1d31ae: shutdown FollowerState
2019-10-20 17:39:50,682 [grpc-default-executor-1] INFO  impl.RoleInfo (RoleInfo.java:updateAndGet(143)) - 7b1e61a0-7daf-43dd-99d5-9b325c1d31ae: start FollowerState
2019-10-20 17:39:50,682 [Thread-176] INFO  impl.FollowerState (FollowerState.java:run(117)) - 7b1e61a0-7daf-43dd-99d5-9b325c1d31ae@group-091950D56227-FollowerState was interrupted: java.lang.InterruptedException: sleep interrupted
2019-10-20 17:39:50,705 [8f18dce1-0a3d-4b65-9c78-af3d58b2da7f@group-091950D56227-LeaderElection20] INFO  impl.LeaderElection (LeaderElection.java:logAndReturn(56)) - 8f18dce1-0a3d-4b65-9c78-af3d58b2da7f@group-091950D56227-LeaderElection20: Election REJECTED; received 2 response(s) [8f18dce1-0a3d-4b65-9c78-af3d58b2da7f<-8a63e1ae-032e-4bed-9f20-125a11f65413#0:FAIL-t25, 8f18dce1-0a3d-4b65-9c78-af3d58b2da7f<-7b1e61a0-7daf-43dd-99d5-9b325c1d31ae#0:FAIL-t25] and 0 exception(s); 8f18dce1-0a3d-4b65-9c78-af3d58b2da7f@group-091950D56227:t25, leader=null, voted=8f18dce1-0a3d-4b65-9c78-af3d58b2da7f, raftlog=8f18dce1-0a3d-4b65-9c78-af3d58b2da7f@group-091950D56227-SegmentedRaftLog:OPENED:c-1,f-1,i0, conf=-1: [8a63e1ae-032e-4bed-9f20-125a11f65413:0.0.0.0:38685, 8f18dce1-0a3d-4b65-9c78-af3d58b2da7f:0.0.0.0:42489, 7b1e61a0-7daf-43dd-99d5-9b325c1d31ae:0.0.0.0:38412], old=null
2019-10-20 17:39:50,705 [8f18dce1-0a3d-4b65-9c78-af3d58b2da7f@group-091950D56227-LeaderElection20] INFO  impl.RaftServerImpl (RaftServerImpl.java:setRole(184)) - 8f18dce1-0a3d-4b65-9c78-af3d58b2da7f@group-091950D56227: changes role from CANDIDATE to FOLLOWER at term 25 for DISCOVERED_A_NEW_TERM
2019-10-20 17:39:50,705 [8f18dce1-0a3d-4b65-9c78-af3d58b2da7f@group-091950D56227-LeaderElection20] INFO  impl.RoleInfo (RoleInfo.java:shutdownLeaderElection(134)) - 8f18dce1-0a3d-4b65-9c78-af3d58b2da7f: shutdown LeaderElection
2019-10-20 17:39:50,706 [8f18dce1-0a3d-4b65-9c78-af3d58b2da7f@group-091950D56227-LeaderElection20] INFO  impl.RoleInfo (RoleInfo.java:updateAndGet(143)) - 8f18dce1-0a3d-4b65-9c78-af3d58b2da7f: start FollowerState
2019-10-20 17:39:50,721 [Thread-181] INFO  impl.FollowerState (FollowerState.java:run(108)) - 8f18dce1-0a3d-4b65-9c78-af3d58b2da7f@group-091950D56227-FollowerState: change to CANDIDATE, lastRpcTime:15ms, electionTimeout:15ms
2019-10-20 17:39:50,722 [Thread-181] INFO  impl.RoleInfo (RoleInfo.java:shutdownFollowerState(121)) - 8f18dce1-0a3d-4b65-9c78-af3d58b2da7f: shutdown FollowerState
2019-10-20 17:39:50,722 [Thread-181] INFO  impl.RaftServerImpl (RaftServerImpl.java:setRole(184)) - 8f18dce1-0a3d-4b65-9c78-af3d58b2da7f@group-091950D56227: changes role from  FOLLOWER to CANDIDATE at term 25 for changeToCandidate
2019-10-20 17:39:50,722 [Thread-181] INFO  impl.RoleInfo (RoleInfo.java:updateAndGet(143)) - 8f18dce1-0a3d-4b65-9c78-af3d58b2da7f: start LeaderElection
2019-10-20 17:39:50,747 [8f18dce1-0a3d-4b65-9c78-af3d58b2da7f@group-091950D56227-LeaderElection21] INFO  impl.LeaderElection (LeaderElection.java:askForVotes(178)) - 8f18dce1-0a3d-4b65-9c78-af3d58b2da7f@group-091950D56227-LeaderElection21: begin an election at term 26 for -1: [8a63e1ae-032e-4bed-9f20-125a11f65413:0.0.0.0:38685, 8f18dce1-0a3d-4b65-9c78-af3d58b2da7f:0.0.0.0:42489, 7b1e61a0-7daf-43dd-99d5-9b325c1d31ae:0.0.0.0:38412], old=null
2019-10-20 17:39:50,749 [grpc-default-executor-2] INFO  impl.RaftServerImpl (RaftServerImpl.java:setRole(184)) - 8a63e1ae-032e-4bed-9f20-125a11f65413@group-091950D56227: changes role from  FOLLOWER to FOLLOWER at term 26 for recognizeCandidate:8f18dce1-0a3d-4b65-9c78-af3d58b2da7f
2019-10-20 17:39:50,749 [grpc-default-executor-2] INFO  impl.RoleInfo (RoleInfo.java:shutdownFollowerState(121)) - 8a63e1ae-032e-4bed-9f20-125a11f65413: shutdown FollowerState
2019-10-20 17:39:50,750 [grpc-default-executor-2] INFO  impl.RoleInfo (RoleInfo.java:updateAndGet(143)) - 8a63e1ae-032e-4bed-9f20-125a11f65413: start FollowerState
2019-10-20 17:39:50,750 [Thread-179] INFO  impl.FollowerState (FollowerState.java:run(117)) - 8a63e1ae-032e-4bed-9f20-125a11f65413@group-091950D56227-FollowerState was interrupted: java.lang.InterruptedException: sleep interrupted
2019-10-20 17:39:50,750 [grpc-default-executor-1] INFO  impl.RaftServerImpl (RaftServerImpl.java:setRole(184)) - 7b1e61a0-7daf-43dd-99d5-9b325c1d31ae@group-091950D56227: changes role from  FOLLOWER to FOLLOWER at term 26 for recognizeCandidate:8f18dce1-0a3d-4b65-9c78-af3d58b2da7f
2019-10-20 17:39:50,750 [grpc-default-executor-1] INFO  impl.RoleInfo (RoleInfo.java:shutdownFollowerState(121)) - 7b1e61a0-7daf-43dd-99d5-9b325c1d31ae: shutdown FollowerState
2019-10-20 17:39:50,750 [grpc-default-executor-1] INFO  impl.RoleInfo (RoleInfo.java:updateAndGet(143)) - 7b1e61a0-7daf-43dd-99d5-9b325c1d31ae: start FollowerState
2019-10-20 17:39:50,750 [Thread-180] INFO  impl.FollowerState (FollowerState.java:run(117)) - 7b1e61a0-7daf-43dd-99d5-9b325c1d31ae@group-091950D56227-FollowerState was interrupted: java.lang.InterruptedException: sleep interrupted
2019-10-20 17:39:50,775 [8f18dce1-0a3d-4b65-9c78-af3d58b2da7f@group-091950D56227-LeaderElection21] INFO  impl.LeaderElection (LeaderElection.java:logAndReturn(56)) - 8f18dce1-0a3d-4b65-9c78-af3d58b2da7f@group-091950D56227-LeaderElection21: Election REJECTED; received 2 response(s) [8f18dce1-0a3d-4b65-9c78-af3d58b2da7f<-8a63e1ae-032e-4bed-9f20-125a11f65413#0:FAIL-t26, 8f18dce1-0a3d-4b65-9c78-af3d58b2da7f<-7b1e61a0-7daf-43dd-99d5-9b325c1d31ae#0:FAIL-t26] and 0 exception(s); 8f18dce1-0a3d-4b65-9c78-af3d58b2da7f@group-091950D56227:t26, leader=null, voted=8f18dce1-0a3d-4b65-9c78-af3d58b2da7f, raftlog=8f18dce1-0a3d-4b65-9c78-af3d58b2da7f@group-091950D56227-SegmentedRaftLog:OPENED:c-1,f-1,i0, conf=-1: [8a63e1ae-032e-4bed-9f20-125a11f65413:0.0.0.0:38685, 8f18dce1-0a3d-4b65-9c78-af3d58b2da7f:0.0.0.0:42489, 7b1e61a0-7daf-43dd-99d5-9b325c1d31ae:0.0.0.0:38412], old=null
2019-10-20 17:39:50,775 [8f18dce1-0a3d-4b65-9c78-af3d58b2da7f@group-091950D56227-LeaderElection21] INFO  impl.RaftServerImpl (RaftServerImpl.java:setRole(184)) - 8f18dce1-0a3d-4b65-9c78-af3d58b2da7f@group-091950D56227: changes role from CANDIDATE to FOLLOWER at term 26 for DISCOVERED_A_NEW_TERM
2019-10-20 17:39:50,776 [8f18dce1-0a3d-4b65-9c78-af3d58b2da7f@group-091950D56227-LeaderElection21] INFO  impl.RoleInfo (RoleInfo.java:shutdownLeaderElection(134)) - 8f18dce1-0a3d-4b65-9c78-af3d58b2da7f: shutdown LeaderElection
2019-10-20 17:39:50,776 [8f18dce1-0a3d-4b65-9c78-af3d58b2da7f@group-091950D56227-LeaderElection21] INFO  impl.RoleInfo (RoleInfo.java:updateAndGet(143)) - 8f18dce1-0a3d-4b65-9c78-af3d58b2da7f: start FollowerState
2019-10-20 17:39:50,894 [Thread-189] INFO  impl.FollowerState (FollowerState.java:run(108)) - 8f18dce1-0a3d-4b65-9c78-af3d58b2da7f@group-091950D56227-FollowerState: change to CANDIDATE, lastRpcTime:118ms, electionTimeout:118ms
2019-10-20 17:39:50,895 [Thread-189] INFO  impl.RoleInfo (RoleInfo.java:shutdownFollowerState(121)) - 8f18dce1-0a3d-4b65-9c78-af3d58b2da7f: shutdown FollowerState
2019-10-20 17:39:50,895 [Thread-189] INFO  impl.RaftServerImpl (RaftServerImpl.java:setRole(184)) - 8f18dce1-0a3d-4b65-9c78-af3d58b2da7f@group-091950D56227: changes role from  FOLLOWER to CANDIDATE at term 26 for changeToCandidate
2019-10-20 17:39:50,895 [Thread-189] INFO  impl.RoleInfo (RoleInfo.java:updateAndGet(143)) - 8f18dce1-0a3d-4b65-9c78-af3d58b2da7f: start LeaderElection
2019-10-20 17:39:50,922 [8f18dce1-0a3d-4b65-9c78-af3d58b2da7f@group-091950D56227-LeaderElection22] INFO  impl.LeaderElection (LeaderElection.java:askForVotes(178)) - 8f18dce1-0a3d-4b65-9c78-af3d58b2da7f@group-091950D56227-LeaderElection22: begin an election at term 27 for -1: [8a63e1ae-032e-4bed-9f20-125a11f65413:0.0.0.0:38685, 8f18dce1-0a3d-4b65-9c78-af3d58b2da7f:0.0.0.0:42489, 7b1e61a0-7daf-43dd-99d5-9b325c1d31ae:0.0.0.0:38412], old=null
2019-10-20 17:39:50,925 [grpc-default-executor-0] INFO  impl.RaftServerImpl (RaftServerImpl.java:setRole(184)) - 8a63e1ae-032e-4bed-9f20-125a11f65413@group-091950D56227: changes role from  FOLLOWER to FOLLOWER at term 27 for recognizeCandidate:8f18dce1-0a3d-4b65-9c78-af3d58b2da7f
2019-10-20 17:39:50,925 [grpc-default-executor-2] INFO  impl.RaftServerImpl (RaftServerImpl.java:setRole(184)) - 7b1e61a0-7daf-43dd-99d5-9b325c1d31ae@group-091950D56227: changes role from  FOLLOWER to FOLLOWER at term 27 for recognizeCandidate:8f18dce1-0a3d-4b65-9c78-af3d58b2da7f
2019-10-20 17:39:50,925 [grpc-default-executor-0] INFO  impl.RoleInfo (RoleInfo.java:shutdownFollowerState(121)) - 8a63e1ae-032e-4bed-9f20-125a11f65413: shutdown FollowerState
2019-10-20 17:39:50,925 [grpc-default-executor-2] INFO  impl.RoleInfo (RoleInfo.java:shutdownFollowerState(121)) - 7b1e61a0-7daf-43dd-99d5-9b325c1d31ae: shutdown FollowerState
2019-10-20 17:39:50,926 [Thread-185] INFO  impl.FollowerState (FollowerState.java:run(117)) - 8a63e1ae-032e-4bed-9f20-125a11f65413@group-091950D56227-FollowerState was interrupted: java.lang.InterruptedException: sleep interrupted
2019-10-20 17:39:50,926 [grpc-default-executor-0] INFO  impl.RoleInfo (RoleInfo.java:updateAndGet(143)) - 8a63e1ae-032e-4bed-9f20-125a11f65413: start FollowerState
2019-10-20 17:39:50,926 [Thread-186] INFO  impl.FollowerState (FollowerState.java:run(117)) - 7b1e61a0-7daf-43dd-99d5-9b325c1d31ae@group-091950D56227-FollowerState was interrupted: java.lang.InterruptedException: sleep interrupted
2019-10-20 17:39:50,926 [grpc-default-executor-2] INFO  impl.RoleInfo (RoleInfo.java:updateAndGet(143)) - 7b1e61a0-7daf-43dd-99d5-9b325c1d31ae: start FollowerState
2019-10-20 17:39:50,949 [8f18dce1-0a3d-4b65-9c78-af3d58b2da7f@group-091950D56227-LeaderElection22] INFO  impl.LeaderElection (LeaderElection.java:logAndReturn(56)) - 8f18dce1-0a3d-4b65-9c78-af3d58b2da7f@group-091950D56227-LeaderElection22: Election REJECTED; received 2 response(s) [8f18dce1-0a3d-4b65-9c78-af3d58b2da7f<-8a63e1ae-032e-4bed-9f20-125a11f65413#0:FAIL-t27, 8f18dce1-0a3d-4b65-9c78-af3d58b2da7f<-7b1e61a0-7daf-43dd-99d5-9b325c1d31ae#0:FAIL-t27] and 0 exception(s); 8f18dce1-0a3d-4b65-9c78-af3d58b2da7f@group-091950D56227:t27, leader=null, voted=8f18dce1-0a3d-4b65-9c78-af3d58b2da7f, raftlog=8f18dce1-0a3d-4b65-9c78-af3d58b2da7f@group-091950D56227-SegmentedRaftLog:OPENED:c-1,f-1,i0, conf=-1: [8a63e1ae-032e-4bed-9f20-125a11f65413:0.0.0.0:38685, 8f18dce1-0a3d-4b65-9c78-af3d58b2da7f:0.0.0.0:42489, 7b1e61a0-7daf-43dd-99d5-9b325c1d31ae:0.0.0.0:38412], old=null
2019-10-20 17:39:50,949 [8f18dce1-0a3d-4b65-9c78-af3d58b2da7f@group-091950D56227-LeaderElection22] INFO  impl.RaftServerImpl (RaftServerImpl.java:setRole(184)) - 8f18dce1-0a3d-4b65-9c78-af3d58b2da7f@group-091950D56227: changes role from CANDIDATE to FOLLOWER at term 27 for DISCOVERED_A_NEW_TERM
2019-10-20 17:39:50,949 [8f18dce1-0a3d-4b65-9c78-af3d58b2da7f@group-091950D56227-LeaderElection22] INFO  impl.RoleInfo (RoleInfo.java:shutdownLeaderElection(134)) - 8f18dce1-0a3d-4b65-9c78-af3d58b2da7f: shutdown LeaderElection
2019-10-20 17:39:50,949 [8f18dce1-0a3d-4b65-9c78-af3d58b2da7f@group-091950D56227-LeaderElection22] INFO  impl.RoleInfo (RoleInfo.java:updateAndGet(143)) - 8f18dce1-0a3d-4b65-9c78-af3d58b2da7f: start FollowerState
2019-10-20 17:39:50,962 [Thread-195] INFO  impl.FollowerState (FollowerState.java:run(108)) - 8f18dce1-0a3d-4b65-9c78-af3d58b2da7f@group-091950D56227-FollowerState: change to CANDIDATE, lastRpcTime:12ms, electionTimeout:12ms
2019-10-20 17:39:50,962 [Thread-195] INFO  impl.RoleInfo (RoleInfo.java:shutdownFollowerState(121)) - 8f18dce1-0a3d-4b65-9c78-af3d58b2da7f: shutdown FollowerState
2019-10-20 17:39:50,963 [Thread-195] INFO  impl.RaftServerImpl (RaftServerImpl.java:setRole(184)) - 8f18dce1-0a3d-4b65-9c78-af3d58b2da7f@group-091950D56227: changes role from  FOLLOWER to CANDIDATE at term 27 for changeToCandidate
2019-10-20 17:39:50,963 [Thread-195] INFO  impl.RoleInfo (RoleInfo.java:updateAndGet(143)) - 8f18dce1-0a3d-4b65-9c78-af3d58b2da7f: start LeaderElection
2019-10-20 17:39:50,990 [8f18dce1-0a3d-4b65-9c78-af3d58b2da7f@group-091950D56227-LeaderElection23] INFO  impl.LeaderElection (LeaderElection.java:askForVotes(178)) - 8f18dce1-0a3d-4b65-9c78-af3d58b2da7f@group-091950D56227-LeaderElection23: begin an election at term 28 for -1: [8a63e1ae-032e-4bed-9f20-125a11f65413:0.0.0.0:38685, 8f18dce1-0a3d-4b65-9c78-af3d58b2da7f:0.0.0.0:42489, 7b1e61a0-7daf-43dd-99d5-9b325c1d31ae:0.0.0.0:38412], old=null
2019-10-20 17:39:50,992 [grpc-default-executor-2] INFO  impl.RaftServerImpl (RaftServerImpl.java:setRole(184)) - 8a63e1ae-032e-4bed-9f20-125a11f65413@group-091950D56227: changes role from  FOLLOWER to FOLLOWER at term 28 for recognizeCandidate:8f18dce1-0a3d-4b65-9c78-af3d58b2da7f
2019-10-20 17:39:50,992 [grpc-default-executor-2] INFO  impl.RoleInfo (RoleInfo.java:shutdownFollowerState(121)) - 8a63e1ae-032e-4bed-9f20-125a11f65413: shutdown FollowerState
2019-10-20 17:39:50,992 [grpc-default-executor-2] INFO  impl.RoleInfo (RoleInfo.java:updateAndGet(143)) - 8a63e1ae-032e-4bed-9f20-125a11f65413: start FollowerState
2019-10-20 17:39:50,992 [Thread-193] INFO  impl.FollowerState (FollowerState.java:run(117)) - 8a63e1ae-032e-4bed-9f20-125a11f65413@group-091950D56227-FollowerState was interrupted: java.lang.InterruptedException: sleep interrupted
2019-10-20 17:39:50,992 [grpc-default-executor-0] INFO  impl.RaftServerImpl (RaftServerImpl.java:setRole(184)) - 7b1e61a0-7daf-43dd-99d5-9b325c1d31ae@group-091950D56227: changes role from  FOLLOWER to FOLLOWER at term 28 for recognizeCandidate:8f18dce1-0a3d-4b65-9c78-af3d58b2da7f
2019-10-20 17:39:50,993 [grpc-default-executor-0] INFO  impl.RoleInfo (RoleInfo.java:shutdownFollowerState(121)) - 7b1e61a0-7daf-43dd-99d5-9b325c1d31ae: shutdown FollowerState
2019-10-20 17:39:50,993 [grpc-default-executor-0] INFO  impl.RoleInfo (RoleInfo.java:updateAndGet(143)) - 7b1e61a0-7daf-43dd-99d5-9b325c1d31ae: start FollowerState
2019-10-20 17:39:50,993 [Thread-194] INFO  impl.FollowerState (FollowerState.java:run(117)) - 7b1e61a0-7daf-43dd-99d5-9b325c1d31ae@group-091950D56227-FollowerState was interrupted: java.lang.InterruptedException: sleep interrupted
2019-10-20 17:39:51,017 [8f18dce1-0a3d-4b65-9c78-af3d58b2da7f@group-091950D56227-LeaderElection23] INFO  impl.LeaderElection (LeaderElection.java:logAndReturn(56)) - 8f18dce1-0a3d-4b65-9c78-af3d58b2da7f@group-091950D56227-LeaderElection23: Election REJECTED; received 2 response(s) [8f18dce1-0a3d-4b65-9c78-af3d58b2da7f<-8a63e1ae-032e-4bed-9f20-125a11f65413#0:FAIL-t28, 8f18dce1-0a3d-4b65-9c78-af3d58b2da7f<-7b1e61a0-7daf-43dd-99d5-9b325c1d31ae#0:FAIL-t28] and 0 exception(s); 8f18dce1-0a3d-4b65-9c78-af3d58b2da7f@group-091950D56227:t28, leader=null, voted=8f18dce1-0a3d-4b65-9c78-af3d58b2da7f, raftlog=8f18dce1-0a3d-4b65-9c78-af3d58b2da7f@group-091950D56227-SegmentedRaftLog:OPENED:c-1,f-1,i0, conf=-1: [8a63e1ae-032e-4bed-9f20-125a11f65413:0.0.0.0:38685, 8f18dce1-0a3d-4b65-9c78-af3d58b2da7f:0.0.0.0:42489, 7b1e61a0-7daf-43dd-99d5-9b325c1d31ae:0.0.0.0:38412], old=null
2019-10-20 17:39:51,017 [8f18dce1-0a3d-4b65-9c78-af3d58b2da7f@group-091950D56227-LeaderElection23] INFO  impl.RaftServerImpl (RaftServerImpl.java:setRole(184)) - 8f18dce1-0a3d-4b65-9c78-af3d58b2da7f@group-091950D56227: changes role from CANDIDATE to FOLLOWER at term 28 for DISCOVERED_A_NEW_TERM
2019-10-20 17:39:51,017 [8f18dce1-0a3d-4b65-9c78-af3d58b2da7f@group-091950D56227-LeaderElection23] INFO  impl.RoleInfo (RoleInfo.java:shutdownLeaderElection(134)) - 8f18dce1-0a3d-4b65-9c78-af3d58b2da7f: shutdown LeaderElection
2019-10-20 17:39:51,017 [8f18dce1-0a3d-4b65-9c78-af3d58b2da7f@group-091950D56227-LeaderElection23] INFO  impl.RoleInfo (RoleInfo.java:updateAndGet(143)) - 8f18dce1-0a3d-4b65-9c78-af3d58b2da7f: start FollowerState
2019-10-20 17:39:51,199 [Thread-201] INFO  impl.FollowerState (FollowerState.java:run(108)) - 8f18dce1-0a3d-4b65-9c78-af3d58b2da7f@group-091950D56227-FollowerState: change to CANDIDATE, lastRpcTime:181ms, electionTimeout:181ms
2019-10-20 17:39:51,199 [Thread-201] INFO  impl.RoleInfo (RoleInfo.java:shutdownFollowerState(121)) - 8f18dce1-0a3d-4b65-9c78-af3d58b2da7f: shutdown FollowerState
2019-10-20 17:39:51,200 [Thread-201] INFO  impl.RaftServerImpl (RaftServerImpl.java:setRole(184)) - 8f18dce1-0a3d-4b65-9c78-af3d58b2da7f@group-091950D56227: changes role from  FOLLOWER to CANDIDATE at term 28 for changeToCandidate
2019-10-20 17:39:51,200 [Thread-201] INFO  impl.RoleInfo (RoleInfo.java:updateAndGet(143)) - 8f18dce1-0a3d-4b65-9c78-af3d58b2da7f: start LeaderElection
2019-10-20 17:39:51,224 [8f18dce1-0a3d-4b65-9c78-af3d58b2da7f@group-091950D56227-LeaderElection24] INFO  impl.LeaderElection (LeaderElection.java:askForVotes(178)) - 8f18dce1-0a3d-4b65-9c78-af3d58b2da7f@group-091950D56227-LeaderElection24: begin an election at term 29 for -1: [8a63e1ae-032e-4bed-9f20-125a11f65413:0.0.0.0:38685, 8f18dce1-0a3d-4b65-9c78-af3d58b2da7f:0.0.0.0:42489, 7b1e61a0-7daf-43dd-99d5-9b325c1d31ae:0.0.0.0:38412], old=null
2019-10-20 17:39:51,227 [grpc-default-executor-0] INFO  impl.RaftServerImpl (RaftServerImpl.java:setRole(184)) - 7b1e61a0-7daf-43dd-99d5-9b325c1d31ae@group-091950D56227: changes role from  FOLLOWER to FOLLOWER at term 29 for recognizeCandidate:8f18dce1-0a3d-4b65-9c78-af3d58b2da7f
2019-10-20 17:39:51,227 [grpc-default-executor-2] INFO  impl.RaftServerImpl (RaftServerImpl.java:setRole(184)) - 8a63e1ae-032e-4bed-9f20-125a11f65413@group-091950D56227: changes role from  FOLLOWER to FOLLOWER at term 29 for recognizeCandidate:8f18dce1-0a3d-4b65-9c78-af3d58b2da7f
2019-10-20 17:39:51,227 [grpc-default-executor-0] INFO  impl.RoleInfo (RoleInfo.java:shutdownFollowerState(121)) - 7b1e61a0-7daf-43dd-99d5-9b325c1d31ae: shutdown FollowerState
2019-10-20 17:39:51,227 [grpc-default-executor-2] INFO  impl.RoleInfo (RoleInfo.java:shutdownFollowerState(121)) - 8a63e1ae-032e-4bed-9f20-125a11f65413: shutdown FollowerState
2019-10-20 17:39:51,227 [grpc-default-executor-0] INFO  impl.RoleInfo (RoleInfo.java:updateAndGet(143)) - 7b1e61a0-7daf-43dd-99d5-9b325c1d31ae: start FollowerState
2019-10-20 17:39:51,227 [Thread-200] INFO  impl.FollowerState (FollowerState.java:run(117)) - 7b1e61a0-7daf-43dd-99d5-9b325c1d31ae@group-091950D56227-FollowerState was interrupted: java.lang.InterruptedException: sleep interrupted
2019-10-20 17:39:51,228 [Thread-199] INFO  impl.FollowerState (FollowerState.java:run(117)) - 8a63e1ae-032e-4bed-9f20-125a11f65413@group-091950D56227-FollowerState was interrupted: java.lang.InterruptedException: sleep interrupted
2019-10-20 17:39:51,228 [grpc-default-executor-2] INFO  impl.RoleInfo (RoleInfo.java:updateAndGet(143)) - 8a63e1ae-032e-4bed-9f20-125a11f65413: start FollowerState
2019-10-20 17:39:51,250 [8f18dce1-0a3d-4b65-9c78-af3d58b2da7f@group-091950D56227-LeaderElection24] INFO  impl.LeaderElection (LeaderElection.java:logAndReturn(56)) - 8f18dce1-0a3d-4b65-9c78-af3d58b2da7f@group-091950D56227-LeaderElection24: Election REJECTED; received 2 response(s) [8f18dce1-0a3d-4b65-9c78-af3d58b2da7f<-8a63e1ae-032e-4bed-9f20-125a11f65413#0:FAIL-t29, 8f18dce1-0a3d-4b65-9c78-af3d58b2da7f<-7b1e61a0-7daf-43dd-99d5-9b325c1d31ae#0:FAIL-t29] and 0 exception(s); 8f18dce1-0a3d-4b65-9c78-af3d58b2da7f@group-091950D56227:t29, leader=null, voted=8f18dce1-0a3d-4b65-9c78-af3d58b2da7f, raftlog=8f18dce1-0a3d-4b65-9c78-af3d58b2da7f@group-091950D56227-SegmentedRaftLog:OPENED:c-1,f-1,i0, conf=-1: [8a63e1ae-032e-4bed-9f20-125a11f65413:0.0.0.0:38685, 8f18dce1-0a3d-4b65-9c78-af3d58b2da7f:0.0.0.0:42489, 7b1e61a0-7daf-43dd-99d5-9b325c1d31ae:0.0.0.0:38412], old=null
2019-10-20 17:39:51,251 [8f18dce1-0a3d-4b65-9c78-af3d58b2da7f@group-091950D56227-LeaderElection24] INFO  impl.RaftServerImpl (RaftServerImpl.java:setRole(184)) - 8f18dce1-0a3d-4b65-9c78-af3d58b2da7f@group-091950D56227: changes role from CANDIDATE to FOLLOWER at term 29 for DISCOVERED_A_NEW_TERM
2019-10-20 17:39:51,251 [8f18dce1-0a3d-4b65-9c78-af3d58b2da7f@group-091950D56227-LeaderElection24] INFO  impl.RoleInfo (RoleInfo.java:shutdownLeaderElection(134)) - 8f18dce1-0a3d-4b65-9c78-af3d58b2da7f: shutdown LeaderElection
2019-10-20 17:39:51,251 [8f18dce1-0a3d-4b65-9c78-af3d58b2da7f@group-091950D56227-LeaderElection24] INFO  impl.RoleInfo (RoleInfo.java:updateAndGet(143)) - 8f18dce1-0a3d-4b65-9c78-af3d58b2da7f: start FollowerState
2019-10-20 17:39:51,297 [Thread-207] INFO  impl.FollowerState (FollowerState.java:run(108)) - 8f18dce1-0a3d-4b65-9c78-af3d58b2da7f@group-091950D56227-FollowerState: change to CANDIDATE, lastRpcTime:46ms, electionTimeout:46ms
2019-10-20 17:39:51,298 [Thread-207] INFO  impl.RoleInfo (RoleInfo.java:shutdownFollowerState(121)) - 8f18dce1-0a3d-4b65-9c78-af3d58b2da7f: shutdown FollowerState
2019-10-20 17:39:51,298 [Thread-207] INFO  impl.RaftServerImpl (RaftServerImpl.java:setRole(184)) - 8f18dce1-0a3d-4b65-9c78-af3d58b2da7f@group-091950D56227: changes role from  FOLLOWER to CANDIDATE at term 29 for changeToCandidate
2019-10-20 17:39:51,298 [Thread-207] INFO  impl.RoleInfo (RoleInfo.java:updateAndGet(143)) - 8f18dce1-0a3d-4b65-9c78-af3d58b2da7f: start LeaderElection
2019-10-20 17:39:51,325 [8f18dce1-0a3d-4b65-9c78-af3d58b2da7f@group-091950D56227-LeaderElection25] INFO  impl.LeaderElection (LeaderElection.java:askForVotes(178)) - 8f18dce1-0a3d-4b65-9c78-af3d58b2da7f@group-091950D56227-LeaderElection25: begin an election at term 30 for -1: [8a63e1ae-032e-4bed-9f20-125a11f65413:0.0.0.0:38685, 8f18dce1-0a3d-4b65-9c78-af3d58b2da7f:0.0.0.0:42489, 7b1e61a0-7daf-43dd-99d5-9b325c1d31ae:0.0.0.0:38412], old=null
2019-10-20 17:39:51,327 [grpc-default-executor-0] INFO  impl.RaftServerImpl (RaftServerImpl.java:setRole(184)) - 8a63e1ae-032e-4bed-9f20-125a11f65413@group-091950D56227: changes role from  FOLLOWER to FOLLOWER at term 30 for recognizeCandidate:8f18dce1-0a3d-4b65-9c78-af3d58b2da7f
2019-10-20 17:39:51,327 [grpc-default-executor-0] INFO  impl.RoleInfo (RoleInfo.java:shutdownFollowerState(121)) - 8a63e1ae-032e-4bed-9f20-125a11f65413: shutdown FollowerState
2019-10-20 17:39:51,328 [grpc-default-executor-2] INFO  impl.RaftServerImpl (RaftServerImpl.java:setRole(184)) - 7b1e61a0-7daf-43dd-99d5-9b325c1d31ae@group-091950D56227: changes role from  FOLLOWER to FOLLOWER at term 30 for recognizeCandidate:8f18dce1-0a3d-4b65-9c78-af3d58b2da7f
2019-10-20 17:39:51,328 [Thread-206] INFO  impl.FollowerState (FollowerState.java:run(117)) - 8a63e1ae-032e-4bed-9f20-125a11f65413@group-091950D56227-FollowerState was interrupted: java.lang.InterruptedException: sleep interrupted
2019-10-20 17:39:51,328 [grpc-default-executor-0] INFO  impl.RoleInfo (RoleInfo.java:updateAndGet(143)) - 8a63e1ae-032e-4bed-9f20-125a11f65413: start FollowerState
2019-10-20 17:39:51,328 [grpc-default-executor-2] INFO  impl.RoleInfo (RoleInfo.java:shutdownFollowerState(121)) - 7b1e61a0-7daf-43dd-99d5-9b325c1d31ae: shutdown FollowerState
2019-10-20 17:39:51,328 [grpc-default-executor-2] INFO  impl.RoleInfo (RoleInfo.java:updateAndGet(143)) - 7b1e61a0-7daf-43dd-99d5-9b325c1d31ae: start FollowerState
2019-10-20 17:39:51,328 [Thread-205] INFO  impl.FollowerState (FollowerState.java:run(117)) - 7b1e61a0-7daf-43dd-99d5-9b325c1d31ae@group-091950D56227-FollowerState was interrupted: java.lang.InterruptedException: sleep interrupted
2019-10-20 17:39:51,343 [8f18dce1-0a3d-4b65-9c78-af3d58b2da7f@group-091950D56227-LeaderElection25] INFO  impl.LeaderElection (LeaderElection.java:logAndReturn(56)) - 8f18dce1-0a3d-4b65-9c78-af3d58b2da7f@group-091950D56227-LeaderElection25: Election TIMEOUT; received 0 response(s) [] and 0 exception(s); 8f18dce1-0a3d-4b65-9c78-af3d58b2da7f@group-091950D56227:t30, leader=null, voted=8f18dce1-0a3d-4b65-9c78-af3d58b2da7f, raftlog=8f18dce1-0a3d-4b65-9c78-af3d58b2da7f@group-091950D56227-SegmentedRaftLog:OPENED:c-1,f-1,i0, conf=-1: [8a63e1ae-032e-4bed-9f20-125a11f65413:0.0.0.0:38685, 8f18dce1-0a3d-4b65-9c78-af3d58b2da7f:0.0.0.0:42489, 7b1e61a0-7daf-43dd-99d5-9b325c1d31ae:0.0.0.0:38412], old=null
2019-10-20 17:39:51,367 [8f18dce1-0a3d-4b65-9c78-af3d58b2da7f@group-091950D56227-LeaderElection25] INFO  impl.LeaderElection (LeaderElection.java:askForVotes(178)) - 8f18dce1-0a3d-4b65-9c78-af3d58b2da7f@group-091950D56227-LeaderElection25: begin an election at term 31 for -1: [8a63e1ae-032e-4bed-9f20-125a11f65413:0.0.0.0:38685, 8f18dce1-0a3d-4b65-9c78-af3d58b2da7f:0.0.0.0:42489, 7b1e61a0-7daf-43dd-99d5-9b325c1d31ae:0.0.0.0:38412], old=null
2019-10-20 17:39:51,370 [grpc-default-executor-2] INFO  impl.RaftServerImpl (RaftServerImpl.java:setRole(184)) - 8a63e1ae-032e-4bed-9f20-125a11f65413@group-091950D56227: changes role from  FOLLOWER to FOLLOWER at term 31 for recognizeCandidate:8f18dce1-0a3d-4b65-9c78-af3d58b2da7f
2019-10-20 17:39:51,371 [grpc-default-executor-2] INFO  impl.RoleInfo (RoleInfo.java:shutdownFollowerState(121)) - 8a63e1ae-032e-4bed-9f20-125a11f65413: shutdown FollowerState
2019-10-20 17:39:51,371 [grpc-default-executor-2] INFO  impl.RoleInfo (RoleInfo.java:updateAndGet(143)) - 8a63e1ae-032e-4bed-9f20-125a11f65413: start FollowerState
2019-10-20 17:39:51,371 [grpc-default-executor-0] INFO  impl.RaftServerImpl (RaftServerImpl.java:setRole(184)) - 7b1e61a0-7daf-43dd-99d5-9b325c1d31ae@group-091950D56227: changes role from  FOLLOWER to FOLLOWER at term 31 for recognizeCandidate:8f18dce1-0a3d-4b65-9c78-af3d58b2da7f
2019-10-20 17:39:51,371 [Thread-211] INFO  impl.FollowerState (FollowerState.java:run(117)) - 8a63e1ae-032e-4bed-9f20-125a11f65413@group-091950D56227-FollowerState was interrupted: java.lang.InterruptedException: sleep interrupted
2019-10-20 17:39:51,371 [grpc-default-executor-0] INFO  impl.RoleInfo (RoleInfo.java:shutdownFollowerState(121)) - 7b1e61a0-7daf-43dd-99d5-9b325c1d31ae: shutdown FollowerState
2019-10-20 17:39:51,371 [Thread-212] INFO  impl.FollowerState (FollowerState.java:run(117)) - 7b1e61a0-7daf-43dd-99d5-9b325c1d31ae@group-091950D56227-FollowerState was interrupted: java.lang.InterruptedException: sleep interrupted
2019-10-20 17:39:51,371 [grpc-default-executor-0] INFO  impl.RoleInfo (RoleInfo.java:updateAndGet(143)) - 7b1e61a0-7daf-43dd-99d5-9b325c1d31ae: start FollowerState
2019-10-20 17:39:51,394 [8f18dce1-0a3d-4b65-9c78-af3d58b2da7f@group-091950D56227-LeaderElection25] INFO  impl.LeaderElection (LeaderElection.java:logAndReturn(56)) - 8f18dce1-0a3d-4b65-9c78-af3d58b2da7f@group-091950D56227-LeaderElection25: Election REJECTED; received 2 response(s) [8f18dce1-0a3d-4b65-9c78-af3d58b2da7f<-8a63e1ae-032e-4bed-9f20-125a11f65413#0:FAIL-t31, 8f18dce1-0a3d-4b65-9c78-af3d58b2da7f<-7b1e61a0-7daf-43dd-99d5-9b325c1d31ae#0:FAIL-t31] and 0 exception(s); 8f18dce1-0a3d-4b65-9c78-af3d58b2da7f@group-091950D56227:t31, leader=null, voted=8f18dce1-0a3d-4b65-9c78-af3d58b2da7f, raftlog=8f18dce1-0a3d-4b65-9c78-af3d58b2da7f@group-091950D56227-SegmentedRaftLog:OPENED:c-1,f-1,i0, conf=-1: [8a63e1ae-032e-4bed-9f20-125a11f65413:0.0.0.0:38685, 8f18dce1-0a3d-4b65-9c78-af3d58b2da7f:0.0.0.0:42489, 7b1e61a0-7daf-43dd-99d5-9b325c1d31ae:0.0.0.0:38412], old=null
2019-10-20 17:39:51,394 [8f18dce1-0a3d-4b65-9c78-af3d58b2da7f@group-091950D56227-LeaderElection25] INFO  impl.RaftServerImpl (RaftServerImpl.java:setRole(184)) - 8f18dce1-0a3d-4b65-9c78-af3d58b2da7f@group-091950D56227: changes role from CANDIDATE to FOLLOWER at term 31 for DISCOVERED_A_NEW_TERM
2019-10-20 17:39:51,395 [8f18dce1-0a3d-4b65-9c78-af3d58b2da7f@group-091950D56227-LeaderElection25] INFO  impl.RoleInfo (RoleInfo.java:shutdownLeaderElection(134)) - 8f18dce1-0a3d-4b65-9c78-af3d58b2da7f: shutdown LeaderElection
2019-10-20 17:39:51,395 [8f18dce1-0a3d-4b65-9c78-af3d58b2da7f@group-091950D56227-LeaderElection25] INFO  impl.RoleInfo (RoleInfo.java:updateAndGet(143)) - 8f18dce1-0a3d-4b65-9c78-af3d58b2da7f: start FollowerState
2019-10-20 17:39:51,449 [Thread-217] INFO  impl.FollowerState (FollowerState.java:run(108)) - 8f18dce1-0a3d-4b65-9c78-af3d58b2da7f@group-091950D56227-FollowerState: change to CANDIDATE, lastRpcTime:54ms, electionTimeout:54ms
2019-10-20 17:39:51,450 [Thread-217] INFO  impl.RoleInfo (RoleInfo.java:shutdownFollowerState(121)) - 8f18dce1-0a3d-4b65-9c78-af3d58b2da7f: shutdown FollowerState
2019-10-20 17:39:51,450 [Thread-217] INFO  impl.RaftServerImpl (RaftServerImpl.java:setRole(184)) - 8f18dce1-0a3d-4b65-9c78-af3d58b2da7f@group-091950D56227: changes role from  FOLLOWER to CANDIDATE at term 31 for changeToCandidate
2019-10-20 17:39:51,450 [Thread-217] INFO  impl.RoleInfo (RoleInfo.java:updateAndGet(143)) - 8f18dce1-0a3d-4b65-9c78-af3d58b2da7f: start LeaderElection
2019-10-20 17:39:51,477 [8f18dce1-0a3d-4b65-9c78-af3d58b2da7f@group-091950D56227-LeaderElection26] INFO  impl.LeaderElection (LeaderElection.java:askForVotes(178)) - 8f18dce1-0a3d-4b65-9c78-af3d58b2da7f@group-091950D56227-LeaderElection26: begin an election at term 32 for -1: [8a63e1ae-032e-4bed-9f20-125a11f65413:0.0.0.0:38685, 8f18dce1-0a3d-4b65-9c78-af3d58b2da7f:0.0.0.0:42489, 7b1e61a0-7daf-43dd-99d5-9b325c1d31ae:0.0.0.0:38412], old=null
2019-10-20 17:39:51,480 [grpc-default-executor-0] INFO  impl.RaftServerImpl (RaftServerImpl.java:setRole(184)) - 8a63e1ae-032e-4bed-9f20-125a11f65413@group-091950D56227: changes role from  FOLLOWER to FOLLOWER at term 32 for recognizeCandidate:8f18dce1-0a3d-4b65-9c78-af3d58b2da7f
2019-10-20 17:39:51,480 [grpc-default-executor-0] INFO  impl.RoleInfo (RoleInfo.java:shutdownFollowerState(121)) - 8a63e1ae-032e-4bed-9f20-125a11f65413: shutdown FollowerState
2019-10-20 17:39:51,480 [grpc-default-executor-2] INFO  impl.RaftServerImpl (RaftServerImpl.java:setRole(184)) - 7b1e61a0-7daf-43dd-99d5-9b325c1d31ae@group-091950D56227: changes role from  FOLLOWER to FOLLOWER at term 32 for recognizeCandidate:8f18dce1-0a3d-4b65-9c78-af3d58b2da7f
2019-10-20 17:39:51,480 [Thread-215] INFO  impl.FollowerState (FollowerState.java:run(117)) - 8a63e1ae-032e-4bed-9f20-125a11f65413@group-091950D56227-FollowerState was interrupted: java.lang.InterruptedException: sleep interrupted
2019-10-20 17:39:51,480 [grpc-default-executor-0] INFO  impl.RoleInfo (RoleInfo.java:updateAndGet(143)) - 8a63e1ae-032e-4bed-9f20-125a11f65413: start FollowerState
2019-10-20 17:39:51,480 [grpc-default-executor-2] INFO  impl.RoleInfo (RoleInfo.java:shutdownFollowerState(121)) - 7b1e61a0-7daf-43dd-99d5-9b325c1d31ae: shutdown FollowerState
2019-10-20 17:39:51,481 [grpc-default-executor-2] INFO  impl.RoleInfo (RoleInfo.java:updateAndGet(143)) - 7b1e61a0-7daf-43dd-99d5-9b325c1d31ae: start FollowerState
2019-10-20 17:39:51,481 [Thread-216] INFO  impl.FollowerState (FollowerState.java:run(117)) - 7b1e61a0-7daf-43dd-99d5-9b325c1d31ae@group-091950D56227-FollowerState was interrupted: java.lang.InterruptedException: sleep interrupted
2019-10-20 17:39:51,505 [8f18dce1-0a3d-4b65-9c78-af3d58b2da7f@group-091950D56227-LeaderElection26] INFO  impl.LeaderElection (LeaderElection.java:logAndReturn(56)) - 8f18dce1-0a3d-4b65-9c78-af3d58b2da7f@group-091950D56227-LeaderElection26: Election REJECTED; received 2 response(s) [8f18dce1-0a3d-4b65-9c78-af3d58b2da7f<-8a63e1ae-032e-4bed-9f20-125a11f65413#0:FAIL-t32, 8f18dce1-0a3d-4b65-9c78-af3d58b2da7f<-7b1e61a0-7daf-43dd-99d5-9b325c1d31ae#0:FAIL-t32] and 0 exception(s); 8f18dce1-0a3d-4b65-9c78-af3d58b2da7f@group-091950D56227:t32, leader=null, voted=8f18dce1-0a3d-4b65-9c78-af3d58b2da7f, raftlog=8f18dce1-0a3d-4b65-9c78-af3d58b2da7f@group-091950D56227-SegmentedRaftLog:OPENED:c-1,f-1,i0, conf=-1: [8a63e1ae-032e-4bed-9f20-125a11f65413:0.0.0.0:38685, 8f18dce1-0a3d-4b65-9c78-af3d58b2da7f:0.0.0.0:42489, 7b1e61a0-7daf-43dd-99d5-9b325c1d31ae:0.0.0.0:38412], old=null
2019-10-20 17:39:51,505 [8f18dce1-0a3d-4b65-9c78-af3d58b2da7f@group-091950D56227-LeaderElection26] INFO  impl.RaftServerImpl (RaftServerImpl.java:setRole(184)) - 8f18dce1-0a3d-4b65-9c78-af3d58b2da7f@group-091950D56227: changes role from CANDIDATE to FOLLOWER at term 32 for DISCOVERED_A_NEW_TERM
2019-10-20 17:39:51,505 [8f18dce1-0a3d-4b65-9c78-af3d58b2da7f@group-091950D56227-LeaderElection26] INFO  impl.RoleInfo (RoleInfo.java:shutdownLeaderElection(134)) - 8f18dce1-0a3d-4b65-9c78-af3d58b2da7f: shutdown LeaderElection
2019-10-20 17:39:51,505 [8f18dce1-0a3d-4b65-9c78-af3d58b2da7f@group-091950D56227-LeaderElection26] INFO  impl.RoleInfo (RoleInfo.java:updateAndGet(143)) - 8f18dce1-0a3d-4b65-9c78-af3d58b2da7f: start FollowerState
2019-10-20 17:39:51,523 [Thread-223] INFO  impl.FollowerState (FollowerState.java:run(108)) - 8f18dce1-0a3d-4b65-9c78-af3d58b2da7f@group-091950D56227-FollowerState: change to CANDIDATE, lastRpcTime:17ms, electionTimeout:17ms
2019-10-20 17:39:51,523 [Thread-223] INFO  impl.RoleInfo (RoleInfo.java:shutdownFollowerState(121)) - 8f18dce1-0a3d-4b65-9c78-af3d58b2da7f: shutdown FollowerState
2019-10-20 17:39:51,524 [Thread-223] INFO  impl.RaftServerImpl (RaftServerImpl.java:setRole(184)) - 8f18dce1-0a3d-4b65-9c78-af3d58b2da7f@group-091950D56227: changes role from  FOLLOWER to CANDIDATE at term 32 for changeToCandidate
2019-10-20 17:39:51,524 [Thread-223] INFO  impl.RoleInfo (RoleInfo.java:updateAndGet(143)) - 8f18dce1-0a3d-4b65-9c78-af3d58b2da7f: start LeaderElection
2019-10-20 17:39:51,554 [8f18dce1-0a3d-4b65-9c78-af3d58b2da7f@group-091950D56227-LeaderElection27] INFO  impl.LeaderElection (LeaderElection.java:askForVotes(178)) - 8f18dce1-0a3d-4b65-9c78-af3d58b2da7f@group-091950D56227-LeaderElection27: begin an election at term 33 for -1: [8a63e1ae-032e-4bed-9f20-125a11f65413:0.0.0.0:38685, 8f18dce1-0a3d-4b65-9c78-af3d58b2da7f:0.0.0.0:42489, 7b1e61a0-7daf-43dd-99d5-9b325c1d31ae:0.0.0.0:38412], old=null
2019-10-20 17:39:51,556 [grpc-default-executor-0] INFO  impl.RaftServerImpl (RaftServerImpl.java:setRole(184)) - 7b1e61a0-7daf-43dd-99d5-9b325c1d31ae@group-091950D56227: changes role from  FOLLOWER to FOLLOWER at term 33 for recognizeCandidate:8f18dce1-0a3d-4b65-9c78-af3d58b2da7f
2019-10-20 17:39:51,556 [grpc-default-executor-2] INFO  impl.RaftServerImpl (RaftServerImpl.java:setRole(184)) - 8a63e1ae-032e-4bed-9f20-125a11f65413@group-091950D56227: changes role from  FOLLOWER to FOLLOWER at term 33 for recognizeCandidate:8f18dce1-0a3d-4b65-9c78-af3d58b2da7f
2019-10-20 17:39:51,557 [grpc-default-executor-0] INFO  impl.RoleInfo (RoleInfo.java:shutdownFollowerState(121)) - 7b1e61a0-7daf-43dd-99d5-9b325c1d31ae: shutdown FollowerState
2019-10-20 17:39:51,557 [grpc-default-executor-2] INFO  impl.RoleInfo (RoleInfo.java:shutdownFollowerState(121)) - 8a63e1ae-032e-4bed-9f20-125a11f65413: shutdown FollowerState
2019-10-20 17:39:51,557 [Thread-222] INFO  impl.FollowerState (FollowerState.java:run(117)) - 7b1e61a0-7daf-43dd-99d5-9b325c1d31ae@group-091950D56227-FollowerState was interrupted: java.lang.InterruptedException: sleep interrupted
2019-10-20 17:39:51,557 [Thread-221] INFO  impl.FollowerState (FollowerState.java:run(117)) - 8a63e1ae-032e-4bed-9f20-125a11f65413@group-091950D56227-FollowerState was interrupted: java.lang.InterruptedException: sleep interrupted
2019-10-20 17:39:51,557 [grpc-default-executor-0] INFO  impl.RoleInfo (RoleInfo.java:updateAndGet(143)) - 7b1e61a0-7daf-43dd-99d5-9b325c1d31ae: start FollowerState
2019-10-20 17:39:51,557 [grpc-default-executor-2] INFO  impl.RoleInfo (RoleInfo.java:updateAndGet(143)) - 8a63e1ae-032e-4bed-9f20-125a11f65413: start FollowerState
2019-10-20 17:39:51,581 [8f18dce1-0a3d-4b65-9c78-af3d58b2da7f@group-091950D56227-LeaderElection27] INFO  impl.LeaderElection (LeaderElection.java:logAndReturn(56)) - 8f18dce1-0a3d-4b65-9c78-af3d58b2da7f@group-091950D56227-LeaderElection27: Election REJECTED; received 2 response(s) [8f18dce1-0a3d-4b65-9c78-af3d58b2da7f<-8a63e1ae-032e-4bed-9f20-125a11f65413#0:FAIL-t33, 8f18dce1-0a3d-4b65-9c78-af3d58b2da7f<-7b1e61a0-7daf-43dd-99d5-9b325c1d31ae#0:FAIL-t33] and 0 exception(s); 8f18dce1-0a3d-4b65-9c78-af3d58b2da7f@group-091950D56227:t33, leader=null, voted=8f18dce1-0a3d-4b65-9c78-af3d58b2da7f, raftlog=8f18dce1-0a3d-4b65-9c78-af3d58b2da7f@group-091950D56227-SegmentedRaftLog:OPENED:c-1,f-1,i0, conf=-1: [8a63e1ae-032e-4bed-9f20-125a11f65413:0.0.0.0:38685, 8f18dce1-0a3d-4b65-9c78-af3d58b2da7f:0.0.0.0:42489, 7b1e61a0-7daf-43dd-99d5-9b325c1d31ae:0.0.0.0:38412], old=null
2019-10-20 17:39:51,581 [8f18dce1-0a3d-4b65-9c78-af3d58b2da7f@group-091950D56227-LeaderElection27] INFO  impl.RaftServerImpl (RaftServerImpl.java:setRole(184)) - 8f18dce1-0a3d-4b65-9c78-af3d58b2da7f@group-091950D56227: changes role from CANDIDATE to FOLLOWER at term 33 for DISCOVERED_A_NEW_TERM
2019-10-20 17:39:51,581 [8f18dce1-0a3d-4b65-9c78-af3d58b2da7f@group-091950D56227-LeaderElection27] INFO  impl.RoleInfo (RoleInfo.java:shutdownLeaderElection(134)) - 8f18dce1-0a3d-4b65-9c78-af3d58b2da7f: shutdown LeaderElection
2019-10-20 17:39:51,581 [8f18dce1-0a3d-4b65-9c78-af3d58b2da7f@group-091950D56227-LeaderElection27] INFO  impl.RoleInfo (RoleInfo.java:updateAndGet(143)) - 8f18dce1-0a3d-4b65-9c78-af3d58b2da7f: start FollowerState
2019-10-20 17:39:51,729 [Thread-229] INFO  impl.FollowerState (FollowerState.java:run(108)) - 8f18dce1-0a3d-4b65-9c78-af3d58b2da7f@group-091950D56227-FollowerState: change to CANDIDATE, lastRpcTime:148ms, electionTimeout:148ms
2019-10-20 17:39:51,730 [Thread-229] INFO  impl.RoleInfo (RoleInfo.java:shutdownFollowerState(121)) - 8f18dce1-0a3d-4b65-9c78-af3d58b2da7f: shutdown FollowerState
2019-10-20 17:39:51,730 [Thread-229] INFO  impl.RaftServerImpl (RaftServerImpl.java:setRole(184)) - 8f18dce1-0a3d-4b65-9c78-af3d58b2da7f@group-091950D56227: changes role from  FOLLOWER to CANDIDATE at term 33 for changeToCandidate
2019-10-20 17:39:51,731 [Thread-229] INFO  impl.RoleInfo (RoleInfo.java:updateAndGet(143)) - 8f18dce1-0a3d-4b65-9c78-af3d58b2da7f: start LeaderElection
2019-10-20 17:39:51,755 [8f18dce1-0a3d-4b65-9c78-af3d58b2da7f@group-091950D56227-LeaderElection28] INFO  impl.LeaderElection (LeaderElection.java:askForVotes(178)) - 8f18dce1-0a3d-4b65-9c78-af3d58b2da7f@group-091950D56227-LeaderElection28: begin an election at term 34 for -1: [8a63e1ae-032e-4bed-9f20-125a11f65413:0.0.0.0:38685, 8f18dce1-0a3d-4b65-9c78-af3d58b2da7f:0.0.0.0:42489, 7b1e61a0-7daf-43dd-99d5-9b325c1d31ae:0.0.0.0:38412], old=null
2019-10-20 17:39:51,757 [grpc-default-executor-2] INFO  impl.RaftServerImpl (RaftServerImpl.java:setRole(184)) - 8a63e1ae-032e-4bed-9f20-125a11f65413@group-091950D56227: changes role from  FOLLOWER to FOLLOWER at term 34 for recognizeCandidate:8f18dce1-0a3d-4b65-9c78-af3d58b2da7f
2019-10-20 17:39:51,758 [grpc-default-executor-2] INFO  impl.RoleInfo (RoleInfo.java:shutdownFollowerState(121)) - 8a63e1ae-032e-4bed-9f20-125a11f65413: shutdown FollowerState
2019-10-20 17:39:51,758 [grpc-default-executor-0] INFO  impl.RaftServerImpl (RaftServerImpl.java:setRole(184)) - 7b1e61a0-7daf-43dd-99d5-9b325c1d31ae@group-091950D56227: changes role from  FOLLOWER to FOLLOWER at term 34 for recognizeCandidate:8f18dce1-0a3d-4b65-9c78-af3d58b2da7f
2019-10-20 17:39:51,758 [grpc-default-executor-2] INFO  impl.RoleInfo (RoleInfo.java:updateAndGet(143)) - 8a63e1ae-032e-4bed-9f20-125a11f65413: start FollowerState
2019-10-20 17:39:51,758 [Thread-228] INFO  impl.FollowerState (FollowerState.java:run(117)) - 8a63e1ae-032e-4bed-9f20-125a11f65413@group-091950D56227-FollowerState was interrupted: java.lang.InterruptedException: sleep interrupted
2019-10-20 17:39:51,758 [grpc-default-executor-0] INFO  impl.RoleInfo (RoleInfo.java:shutdownFollowerState(121)) - 7b1e61a0-7daf-43dd-99d5-9b325c1d31ae: shutdown FollowerState
2019-10-20 17:39:51,758 [grpc-default-executor-0] INFO  impl.RoleInfo (RoleInfo.java:updateAndGet(143)) - 7b1e61a0-7daf-43dd-99d5-9b325c1d31ae: start FollowerState
2019-10-20 17:39:51,758 [Thread-227] INFO  impl.FollowerState (FollowerState.java:run(117)) - 7b1e61a0-7daf-43dd-99d5-9b325c1d31ae@group-091950D56227-FollowerState was interrupted: java.lang.InterruptedException: sleep interrupted
2019-10-20 17:39:51,781 [8f18dce1-0a3d-4b65-9c78-af3d58b2da7f@group-091950D56227-LeaderElection28] INFO  impl.LeaderElection (LeaderElection.java:logAndReturn(56)) - 8f18dce1-0a3d-4b65-9c78-af3d58b2da7f@group-091950D56227-LeaderElection28: Election REJECTED; received 2 response(s) [8f18dce1-0a3d-4b65-9c78-af3d58b2da7f<-8a63e1ae-032e-4bed-9f20-125a11f65413#0:FAIL-t34, 8f18dce1-0a3d-4b65-9c78-af3d58b2da7f<-7b1e61a0-7daf-43dd-99d5-9b325c1d31ae#0:FAIL-t34] and 0 exception(s); 8f18dce1-0a3d-4b65-9c78-af3d58b2da7f@group-091950D56227:t34, leader=null, voted=8f18dce1-0a3d-4b65-9c78-af3d58b2da7f, raftlog=8f18dce1-0a3d-4b65-9c78-af3d58b2da7f@group-091950D56227-SegmentedRaftLog:OPENED:c-1,f-1,i0, conf=-1: [8a63e1ae-032e-4bed-9f20-125a11f65413:0.0.0.0:38685, 8f18dce1-0a3d-4b65-9c78-af3d58b2da7f:0.0.0.0:42489, 7b1e61a0-7daf-43dd-99d5-9b325c1d31ae:0.0.0.0:38412], old=null
2019-10-20 17:39:51,782 [8f18dce1-0a3d-4b65-9c78-af3d58b2da7f@group-091950D56227-LeaderElection28] INFO  impl.RaftServerImpl (RaftServerImpl.java:setRole(184)) - 8f18dce1-0a3d-4b65-9c78-af3d58b2da7f@group-091950D56227: changes role from CANDIDATE to FOLLOWER at term 34 for DISCOVERED_A_NEW_TERM
2019-10-20 17:39:51,782 [8f18dce1-0a3d-4b65-9c78-af3d58b2da7f@group-091950D56227-LeaderElection28] INFO  impl.RoleInfo (RoleInfo.java:shutdownLeaderElection(134)) - 8f18dce1-0a3d-4b65-9c78-af3d58b2da7f: shutdown LeaderElection
2019-10-20 17:39:51,782 [8f18dce1-0a3d-4b65-9c78-af3d58b2da7f@group-091950D56227-LeaderElection28] INFO  impl.RoleInfo (RoleInfo.java:updateAndGet(143)) - 8f18dce1-0a3d-4b65-9c78-af3d58b2da7f: start FollowerState
2019-10-20 17:39:51,902 [Thread-237] INFO  impl.FollowerState (FollowerState.java:run(108)) - 8f18dce1-0a3d-4b65-9c78-af3d58b2da7f@group-091950D56227-FollowerState: change to CANDIDATE, lastRpcTime:119ms, electionTimeout:119ms
2019-10-20 17:39:51,903 [Thread-237] INFO  impl.RoleInfo (RoleInfo.java:shutdownFollowerState(121)) - 8f18dce1-0a3d-4b65-9c78-af3d58b2da7f: shutdown FollowerState
2019-10-20 17:39:51,903 [Thread-237] INFO  impl.RaftServerImpl (RaftServerImpl.java:setRole(184)) - 8f18dce1-0a3d-4b65-9c78-af3d58b2da7f@group-091950D56227: changes role from  FOLLOWER to CANDIDATE at term 34 for changeToCandidate
2019-10-20 17:39:51,904 [Thread-237] INFO  impl.RoleInfo (RoleInfo.java:updateAndGet(143)) - 8f18dce1-0a3d-4b65-9c78-af3d58b2da7f: start LeaderElection
2019-10-20 17:39:51,931 [8f18dce1-0a3d-4b65-9c78-af3d58b2da7f@group-091950D56227-LeaderElection29] INFO  impl.LeaderElection (LeaderElection.java:askForVotes(178)) - 8f18dce1-0a3d-4b65-9c78-af3d58b2da7f@group-091950D56227-LeaderElection29: begin an election at term 35 for -1: [8a63e1ae-032e-4bed-9f20-125a11f65413:0.0.0.0:38685, 8f18dce1-0a3d-4b65-9c78-af3d58b2da7f:0.0.0.0:42489, 7b1e61a0-7daf-43dd-99d5-9b325c1d31ae:0.0.0.0:38412], old=null
2019-10-20 17:39:51,935 [grpc-default-executor-0] INFO  impl.RaftServerImpl (RaftServerImpl.java:setRole(184)) - 7b1e61a0-7daf-43dd-99d5-9b325c1d31ae@group-091950D56227: changes role from  FOLLOWER to FOLLOWER at term 35 for recognizeCandidate:8f18dce1-0a3d-4b65-9c78-af3d58b2da7f
2019-10-20 17:39:51,935 [grpc-default-executor-0] INFO  impl.RoleInfo (RoleInfo.java:shutdownFollowerState(121)) - 7b1e61a0-7daf-43dd-99d5-9b325c1d31ae: shutdown FollowerState
2019-10-20 17:39:51,935 [grpc-default-executor-2] INFO  impl.RaftServerImpl (RaftServerImpl.java:setRole(184)) - 8a63e1ae-032e-4bed-9f20-125a11f65413@group-091950D56227: changes role from  FOLLOWER to FOLLOWER at term 35 for recognizeCandidate:8f18dce1-0a3d-4b65-9c78-af3d58b2da7f
2019-10-20 17:39:51,935 [Thread-234] INFO  impl.FollowerState (FollowerState.java:run(117)) - 7b1e61a0-7daf-43dd-99d5-9b325c1d31ae@group-091950D56227-FollowerState was interrupted: java.lang.InterruptedException: sleep interrupted
2019-10-20 17:39:51,935 [grpc-default-executor-0] INFO  impl.RoleInfo (RoleInfo.java:updateAndGet(143)) - 7b1e61a0-7daf-43dd-99d5-9b325c1d31ae: start FollowerState
2019-10-20 17:39:51,935 [grpc-default-executor-2] INFO  impl.RoleInfo (RoleInfo.java:shutdownFollowerState(121)) - 8a63e1ae-032e-4bed-9f20-125a11f65413: shutdown FollowerState
2019-10-20 17:39:51,936 [grpc-default-executor-2] INFO  impl.RoleInfo (RoleInfo.java:updateAndGet(143)) - 8a63e1ae-032e-4bed-9f20-125a11f65413: start FollowerState
2019-10-20 17:39:51,936 [Thread-233] INFO  impl.FollowerState (FollowerState.java:run(117)) - 8a63e1ae-032e-4bed-9f20-125a11f65413@group-091950D56227-FollowerState was interrupted: java.lang.InterruptedException: sleep interrupted
2019-10-20 17:39:51,957 [8f18dce1-0a3d-4b65-9c78-af3d58b2da7f@group-091950D56227-LeaderElection29] INFO  impl.LeaderElection (LeaderElection.java:logAndReturn(56)) - 8f18dce1-0a3d-4b65-9c78-af3d58b2da7f@group-091950D56227-LeaderElection29: Election REJECTED; received 2 response(s) [8f18dce1-0a3d-4b65-9c78-af3d58b2da7f<-8a63e1ae-032e-4bed-9f20-125a11f65413#0:FAIL-t35, 8f18dce1-0a3d-4b65-9c78-af3d58b2da7f<-7b1e61a0-7daf-43dd-99d5-9b325c1d31ae#0:FAIL-t35] and 0 exception(s); 8f18dce1-0a3d-4b65-9c78-af3d58b2da7f@group-091950D56227:t35, leader=null, voted=8f18dce1-0a3d-4b65-9c78-af3d58b2da7f, raftlog=8f18dce1-0a3d-4b65-9c78-af3d58b2da7f@group-091950D56227-SegmentedRaftLog:OPENED:c-1,f-1,i0, conf=-1: [8a63e1ae-032e-4bed-9f20-125a11f65413:0.0.0.0:38685, 8f18dce1-0a3d-4b65-9c78-af3d58b2da7f:0.0.0.0:42489, 7b1e61a0-7daf-43dd-99d5-9b325c1d31ae:0.0.0.0:38412], old=null
2019-10-20 17:39:51,958 [8f18dce1-0a3d-4b65-9c78-af3d58b2da7f@group-091950D56227-LeaderElection29] INFO  impl.RaftServerImpl (RaftServerImpl.java:setRole(184)) - 8f18dce1-0a3d-4b65-9c78-af3d58b2da7f@group-091950D56227: changes role from CANDIDATE to FOLLOWER at term 35 for DISCOVERED_A_NEW_TERM
2019-10-20 17:39:51,958 [8f18dce1-0a3d-4b65-9c78-af3d58b2da7f@group-091950D56227-LeaderElection29] INFO  impl.RoleInfo (RoleInfo.java:shutdownLeaderElection(134)) - 8f18dce1-0a3d-4b65-9c78-af3d58b2da7f: shutdown LeaderElection
2019-10-20 17:39:51,958 [8f18dce1-0a3d-4b65-9c78-af3d58b2da7f@group-091950D56227-LeaderElection29] INFO  impl.RoleInfo (RoleInfo.java:updateAndGet(143)) - 8f18dce1-0a3d-4b65-9c78-af3d58b2da7f: start FollowerState
2019-10-20 17:39:51,998 [Thread-243] INFO  impl.FollowerState (FollowerState.java:run(108)) - 8f18dce1-0a3d-4b65-9c78-af3d58b2da7f@group-091950D56227-FollowerState: change to CANDIDATE, lastRpcTime:40ms, electionTimeout:40ms
2019-10-20 17:39:51,999 [Thread-243] INFO  impl.RoleInfo (RoleInfo.java:shutdownFollowerState(121)) - 8f18dce1-0a3d-4b65-9c78-af3d58b2da7f: shutdown FollowerState
2019-10-20 17:39:52,000 [Thread-243] INFO  impl.RaftServerImpl (RaftServerImpl.java:setRole(184)) - 8f18dce1-0a3d-4b65-9c78-af3d58b2da7f@group-091950D56227: changes role from  FOLLOWER to CANDIDATE at term 35 for changeToCandidate
2019-10-20 17:39:52,000 [Thread-243] INFO  impl.RoleInfo (RoleInfo.java:updateAndGet(143)) - 8f18dce1-0a3d-4b65-9c78-af3d58b2da7f: start LeaderElection
2019-10-20 17:39:52,015 [8f18dce1-0a3d-4b65-9c78-af3d58b2da7f@group-091950D56227-LeaderElection30] INFO  impl.LeaderElection (LeaderElection.java:askForVotes(178)) - 8f18dce1-0a3d-4b65-9c78-af3d58b2da7f@group-091950D56227-LeaderElection30: begin an election at term 36 for -1: [8a63e1ae-032e-4bed-9f20-125a11f65413:0.0.0.0:38685, 8f18dce1-0a3d-4b65-9c78-af3d58b2da7f:0.0.0.0:42489, 7b1e61a0-7daf-43dd-99d5-9b325c1d31ae:0.0.0.0:38412], old=null
2019-10-20 17:39:52,018 [grpc-default-executor-2] INFO  impl.RaftServerImpl (RaftServerImpl.java:setRole(184)) - 8a63e1ae-032e-4bed-9f20-125a11f65413@group-091950D56227: changes role from  FOLLOWER to FOLLOWER at term 36 for recognizeCandidate:8f18dce1-0a3d-4b65-9c78-af3d58b2da7f
2019-10-20 17:39:52,018 [grpc-default-executor-2] INFO  impl.RoleInfo (RoleInfo.java:shutdownFollowerState(121)) - 8a63e1ae-032e-4bed-9f20-125a11f65413: shutdown FollowerState
2019-10-20 17:39:52,018 [grpc-default-executor-0] INFO  impl.RaftServerImpl (RaftServerImpl.java:setRole(184)) - 7b1e61a0-7daf-43dd-99d5-9b325c1d31ae@group-091950D56227: changes role from  FOLLOWER to FOLLOWER at term 36 for recognizeCandidate:8f18dce1-0a3d-4b65-9c78-af3d58b2da7f
2019-10-20 17:39:52,018 [Thread-242] INFO  impl.FollowerState (FollowerState.java:run(117)) - 8a63e1ae-032e-4bed-9f20-125a11f65413@group-091950D56227-FollowerState was interrupted: java.lang.InterruptedException: sleep interrupted
2019-10-20 17:39:52,018 [grpc-default-executor-2] INFO  impl.RoleInfo (RoleInfo.java:updateAndGet(143)) - 8a63e1ae-032e-4bed-9f20-125a11f65413: start FollowerState
2019-10-20 17:39:52,019 [grpc-default-executor-0] INFO  impl.RoleInfo (RoleInfo.java:shutdownFollowerState(121)) - 7b1e61a0-7daf-43dd-99d5-9b325c1d31ae: shutdown FollowerState
2019-10-20 17:39:52,019 [grpc-default-executor-0] INFO  impl.RoleInfo (RoleInfo.java:updateAndGet(143)) - 7b1e61a0-7daf-43dd-99d5-9b325c1d31ae: start FollowerState
2019-10-20 17:39:52,019 [Thread-241] INFO  impl.FollowerState (FollowerState.java:run(117)) - 7b1e61a0-7daf-43dd-99d5-9b325c1d31ae@group-091950D56227-FollowerState was interrupted: java.lang.InterruptedException: sleep interrupted
2019-10-20 17:39:52,038 [8f18dce1-0a3d-4b65-9c78-af3d58b2da7f@group-091950D56227-LeaderElection30] INFO  impl.LeaderElection (LeaderElection.java:logAndReturn(56)) - 8f18dce1-0a3d-4b65-9c78-af3d58b2da7f@group-091950D56227-LeaderElection30: Election TIMEOUT; received 0 response(s) [] and 0 exception(s); 8f18dce1-0a3d-4b65-9c78-af3d58b2da7f@group-091950D56227:t36, leader=null, voted=8f18dce1-0a3d-4b65-9c78-af3d58b2da7f, raftlog=8f18dce1-0a3d-4b65-9c78-af3d58b2da7f@group-091950D56227-SegmentedRaftLog:OPENED:c-1,f-1,i0, conf=-1: [8a63e1ae-032e-4bed-9f20-125a11f65413:0.0.0.0:38685, 8f18dce1-0a3d-4b65-9c78-af3d58b2da7f:0.0.0.0:42489, 7b1e61a0-7daf-43dd-99d5-9b325c1d31ae:0.0.0.0:38412], old=null
2019-10-20 17:39:52,066 [8f18dce1-0a3d-4b65-9c78-af3d58b2da7f@group-091950D56227-LeaderElection30] INFO  impl.LeaderElection (LeaderElection.java:askForVotes(178)) - 8f18dce1-0a3d-4b65-9c78-af3d58b2da7f@group-091950D56227-LeaderElection30: begin an election at term 37 for -1: [8a63e1ae-032e-4bed-9f20-125a11f65413:0.0.0.0:38685, 8f18dce1-0a3d-4b65-9c78-af3d58b2da7f:0.0.0.0:42489, 7b1e61a0-7daf-43dd-99d5-9b325c1d31ae:0.0.0.0:38412], old=null
2019-10-20 17:39:52,070 [grpc-default-executor-2] INFO  impl.RaftServerImpl (RaftServerImpl.java:setRole(184)) - 7b1e61a0-7daf-43dd-99d5-9b325c1d31ae@group-091950D56227: changes role from  FOLLOWER to FOLLOWER at term 37 for recognizeCandidate:8f18dce1-0a3d-4b65-9c78-af3d58b2da7f
2019-10-20 17:39:52,070 [grpc-default-executor-0] INFO  impl.RaftServerImpl (RaftServerImpl.java:setRole(184)) - 8a63e1ae-032e-4bed-9f20-125a11f65413@group-091950D56227: changes role from  FOLLOWER to FOLLOWER at term 37 for recognizeCandidate:8f18dce1-0a3d-4b65-9c78-af3d58b2da7f
2019-10-20 17:39:52,071 [grpc-default-executor-2] INFO  impl.RoleInfo (RoleInfo.java:shutdownFollowerState(121)) - 7b1e61a0-7daf-43dd-99d5-9b325c1d31ae: shutdown FollowerState
2019-10-20 17:39:52,072 [grpc-default-executor-0] INFO  impl.RoleInfo (RoleInfo.java:shutdownFollowerState(121)) - 8a63e1ae-032e-4bed-9f20-125a11f65413: shutdown FollowerState
2019-10-20 17:39:52,072 [Thread-248] INFO  impl.FollowerState (FollowerState.java:run(117)) - 7b1e61a0-7daf-43dd-99d5-9b325c1d31ae@group-091950D56227-FollowerState was interrupted: java.lang.InterruptedException: sleep interrupted
2019-10-20 17:39:52,072 [grpc-default-executor-2] INFO  impl.RoleInfo (RoleInfo.java:updateAndGet(143)) - 7b1e61a0-7daf-43dd-99d5-9b325c1d31ae: start FollowerState
2019-10-20 17:39:52,072 [grpc-default-executor-0] INFO  impl.RoleInfo (RoleInfo.java:updateAndGet(143)) - 8a63e1ae-032e-4bed-9f20-125a11f65413: start FollowerState
2019-10-20 17:39:52,072 [Thread-247] INFO  impl.FollowerState (FollowerState.java:run(117)) - 8a63e1ae-032e-4bed-9f20-125a11f65413@group-091950D56227-FollowerState was interrupted: java.lang.InterruptedException: sleep interrupted
2019-10-20 17:39:52,102 [8f18dce1-0a3d-4b65-9c78-af3d58b2da7f@group-091950D56227-LeaderElection30] INFO  impl.LeaderElection (LeaderElection.java:logAndReturn(56)) - 8f18dce1-0a3d-4b65-9c78-af3d58b2da7f@group-091950D56227-LeaderElection30: Election REJECTED; received 2 response(s) [8f18dce1-0a3d-4b65-9c78-af3d58b2da7f<-8a63e1ae-032e-4bed-9f20-125a11f65413#0:FAIL-t37, 8f18dce1-0a3d-4b65-9c78-af3d58b2da7f<-7b1e61a0-7daf-43dd-99d5-9b325c1d31ae#0:FAIL-t37] and 0 exception(s); 8f18dce1-0a3d-4b65-9c78-af3d58b2da7f@group-091950D56227:t37, leader=null, voted=8f18dce1-0a3d-4b65-9c78-af3d58b2da7f, raftlog=8f18dce1-0a3d-4b65-9c78-af3d58b2da7f@group-091950D56227-SegmentedRaftLog:OPENED:c-1,f-1,i0, conf=-1: [8a63e1ae-032e-4bed-9f20-125a11f65413:0.0.0.0:38685, 8f18dce1-0a3d-4b65-9c78-af3d58b2da7f:0.0.0.0:42489, 7b1e61a0-7daf-43dd-99d5-9b325c1d31ae:0.0.0.0:38412], old=null
2019-10-20 17:39:52,102 [8f18dce1-0a3d-4b65-9c78-af3d58b2da7f@group-091950D56227-LeaderElection30] INFO  impl.RaftServerImpl (RaftServerImpl.java:setRole(184)) - 8f18dce1-0a3d-4b65-9c78-af3d58b2da7f@group-091950D56227: changes role from CANDIDATE to FOLLOWER at term 37 for DISCOVERED_A_NEW_TERM
2019-10-20 17:39:52,102 [8f18dce1-0a3d-4b65-9c78-af3d58b2da7f@group-091950D56227-LeaderElection30] INFO  impl.RoleInfo (RoleInfo.java:shutdownLeaderElection(134)) - 8f18dce1-0a3d-4b65-9c78-af3d58b2da7f: shutdown LeaderElection
2019-10-20 17:39:52,102 [8f18dce1-0a3d-4b65-9c78-af3d58b2da7f@group-091950D56227-LeaderElection30] INFO  impl.RoleInfo (RoleInfo.java:updateAndGet(143)) - 8f18dce1-0a3d-4b65-9c78-af3d58b2da7f: start FollowerState
2019-10-20 17:39:52,267 [Thread-253] INFO  impl.FollowerState (FollowerState.java:run(108)) - 8f18dce1-0a3d-4b65-9c78-af3d58b2da7f@group-091950D56227-FollowerState: change to CANDIDATE, lastRpcTime:164ms, electionTimeout:164ms
2019-10-20 17:39:52,268 [Thread-253] INFO  impl.RoleInfo (RoleInfo.java:shutdownFollowerState(121)) - 8f18dce1-0a3d-4b65-9c78-af3d58b2da7f: shutdown FollowerState
2019-10-20 17:39:52,268 [Thread-253] INFO  impl.RaftServerImpl (RaftServerImpl.java:setRole(184)) - 8f18dce1-0a3d-4b65-9c78-af3d58b2da7f@group-091950D56227: changes role from  FOLLOWER to CANDIDATE at term 37 for changeToCandidate
2019-10-20 17:39:52,268 [Thread-253] INFO  impl.RoleInfo (RoleInfo.java:updateAndGet(143)) - 8f18dce1-0a3d-4b65-9c78-af3d58b2da7f: start LeaderElection
2019-10-20 17:39:52,292 [8f18dce1-0a3d-4b65-9c78-af3d58b2da7f@group-091950D56227-LeaderElection31] INFO  impl.LeaderElection (LeaderElection.java:askForVotes(178)) - 8f18dce1-0a3d-4b65-9c78-af3d58b2da7f@group-091950D56227-LeaderElection31: begin an election at term 38 for -1: [8a63e1ae-032e-4bed-9f20-125a11f65413:0.0.0.0:38685, 8f18dce1-0a3d-4b65-9c78-af3d58b2da7f:0.0.0.0:42489, 7b1e61a0-7daf-43dd-99d5-9b325c1d31ae:0.0.0.0:38412], old=null
2019-10-20 17:39:52,295 [grpc-default-executor-0] INFO  impl.RaftServerImpl (RaftServerImpl.java:setRole(184)) - 7b1e61a0-7daf-43dd-99d5-9b325c1d31ae@group-091950D56227: changes role from  FOLLOWER to FOLLOWER at term 38 for recognizeCandidate:8f18dce1-0a3d-4b65-9c78-af3d58b2da7f
2019-10-20 17:39:52,295 [grpc-default-executor-2] INFO  impl.RaftServerImpl (RaftServerImpl.java:setRole(184)) - 8a63e1ae-032e-4bed-9f20-125a11f65413@group-091950D56227: changes role from  FOLLOWER to FOLLOWER at term 38 for recognizeCandidate:8f18dce1-0a3d-4b65-9c78-af3d58b2da7f
2019-10-20 17:39:52,295 [grpc-default-executor-0] INFO  impl.RoleInfo (RoleInfo.java:shutdownFollowerState(121)) - 7b1e61a0-7daf-43dd-99d5-9b325c1d31ae: shutdown FollowerState
2019-10-20 17:39:52,295 [grpc-default-executor-2] INFO  impl.RoleInfo (RoleInfo.java:shutdownFollowerState(121)) - 8a63e1ae-032e-4bed-9f20-125a11f65413: shutdown FollowerState
2019-10-20 17:39:52,295 [grpc-default-executor-0] INFO  impl.RoleInfo (RoleInfo.java:updateAndGet(143)) - 7b1e61a0-7daf-43dd-99d5-9b325c1d31ae: start FollowerState
2019-10-20 17:39:52,296 [Thread-252] INFO  impl.FollowerState (FollowerState.java:run(117)) - 8a63e1ae-032e-4bed-9f20-125a11f65413@group-091950D56227-FollowerState was interrupted: java.lang.InterruptedException: sleep interrupted
2019-10-20 17:39:52,295 [Thread-251] INFO  impl.FollowerState (FollowerState.java:run(117)) - 7b1e61a0-7daf-43dd-99d5-9b325c1d31ae@group-091950D56227-FollowerState was interrupted: java.lang.InterruptedException: sleep interrupted
2019-10-20 17:39:52,295 [grpc-default-executor-2] INFO  impl.RoleInfo (RoleInfo.java:updateAndGet(143)) - 8a63e1ae-032e-4bed-9f20-125a11f65413: start FollowerState
2019-10-20 17:39:52,319 [8f18dce1-0a3d-4b65-9c78-af3d58b2da7f@group-091950D56227-LeaderElection31] INFO  impl.LeaderElection (LeaderElection.java:logAndReturn(56)) - 8f18dce1-0a3d-4b65-9c78-af3d58b2da7f@group-091950D56227-LeaderElection31: Election REJECTED; received 2 response(s) [8f18dce1-0a3d-4b65-9c78-af3d58b2da7f<-8a63e1ae-032e-4bed-9f20-125a11f65413#0:FAIL-t38, 8f18dce1-0a3d-4b65-9c78-af3d58b2da7f<-7b1e61a0-7daf-43dd-99d5-9b325c1d31ae#0:FAIL-t38] and 0 exception(s); 8f18dce1-0a3d-4b65-9c78-af3d58b2da7f@group-091950D56227:t38, leader=null, voted=8f18dce1-0a3d-4b65-9c78-af3d58b2da7f, raftlog=8f18dce1-0a3d-4b65-9c78-af3d58b2da7f@group-091950D56227-SegmentedRaftLog:OPENED:c-1,f-1,i0, conf=-1: [8a63e1ae-032e-4bed-9f20-125a11f65413:0.0.0.0:38685, 8f18dce1-0a3d-4b65-9c78-af3d58b2da7f:0.0.0.0:42489, 7b1e61a0-7daf-43dd-99d5-9b325c1d31ae:0.0.0.0:38412], old=null
2019-10-20 17:39:52,319 [8f18dce1-0a3d-4b65-9c78-af3d58b2da7f@group-091950D56227-LeaderElection31] INFO  impl.RaftServerImpl (RaftServerImpl.java:setRole(184)) - 8f18dce1-0a3d-4b65-9c78-af3d58b2da7f@group-091950D56227: changes role from CANDIDATE to FOLLOWER at term 38 for DISCOVERED_A_NEW_TERM
2019-10-20 17:39:52,319 [8f18dce1-0a3d-4b65-9c78-af3d58b2da7f@group-091950D56227-LeaderElection31] INFO  impl.RoleInfo (RoleInfo.java:shutdownLeaderElection(134)) - 8f18dce1-0a3d-4b65-9c78-af3d58b2da7f: shutdown LeaderElection
2019-10-20 17:39:52,319 [8f18dce1-0a3d-4b65-9c78-af3d58b2da7f@group-091950D56227-LeaderElection31] INFO  impl.RoleInfo (RoleInfo.java:updateAndGet(143)) - 8f18dce1-0a3d-4b65-9c78-af3d58b2da7f: start FollowerState
2019-10-20 17:39:52,449 [Thread-259] INFO  impl.FollowerState (FollowerState.java:run(108)) - 8f18dce1-0a3d-4b65-9c78-af3d58b2da7f@group-091950D56227-FollowerState: change to CANDIDATE, lastRpcTime:129ms, electionTimeout:129ms
2019-10-20 17:39:52,449 [Thread-259] INFO  impl.RoleInfo (RoleInfo.java:shutdownFollowerState(121)) - 8f18dce1-0a3d-4b65-9c78-af3d58b2da7f: shutdown FollowerState
2019-10-20 17:39:52,449 [Thread-259] INFO  impl.RaftServerImpl (RaftServerImpl.java:setRole(184)) - 8f18dce1-0a3d-4b65-9c78-af3d58b2da7f@group-091950D56227: changes role from  FOLLOWER to CANDIDATE at term 38 for changeToCandidate
2019-10-20 17:39:52,450 [Thread-259] INFO  impl.RoleInfo (RoleInfo.java:updateAndGet(143)) - 8f18dce1-0a3d-4b65-9c78-af3d58b2da7f: start LeaderElection
2019-10-20 17:39:52,476 [8f18dce1-0a3d-4b65-9c78-af3d58b2da7f@group-091950D56227-LeaderElection32] INFO  impl.LeaderElection (LeaderElection.java:askForVotes(178)) - 8f18dce1-0a3d-4b65-9c78-af3d58b2da7f@group-091950D56227-LeaderElection32: begin an election at term 39 for -1: [8a63e1ae-032e-4bed-9f20-125a11f65413:0.0.0.0:38685, 8f18dce1-0a3d-4b65-9c78-af3d58b2da7f:0.0.0.0:42489, 7b1e61a0-7daf-43dd-99d5-9b325c1d31ae:0.0.0.0:38412], old=null
2019-10-20 17:39:52,479 [grpc-default-executor-0] INFO  impl.RaftServerImpl (RaftServerImpl.java:setRole(184)) - 8a63e1ae-032e-4bed-9f20-125a11f65413@group-091950D56227: changes role from  FOLLOWER to FOLLOWER at term 39 for recognizeCandidate:8f18dce1-0a3d-4b65-9c78-af3d58b2da7f
2019-10-20 17:39:52,479 [grpc-default-executor-0] INFO  impl.RoleInfo (RoleInfo.java:shutdownFollowerState(121)) - 8a63e1ae-032e-4bed-9f20-125a11f65413: shutdown FollowerState
2019-10-20 17:39:52,479 [grpc-default-executor-2] INFO  impl.RaftServerImpl (RaftServerImpl.java:setRole(184)) - 7b1e61a0-7daf-43dd-99d5-9b325c1d31ae@group-091950D56227: changes role from  FOLLOWER to FOLLOWER at term 39 for recognizeCandidate:8f18dce1-0a3d-4b65-9c78-af3d58b2da7f
2019-10-20 17:39:52,480 [Thread-258] INFO  impl.FollowerState (FollowerState.java:run(117)) - 8a63e1ae-032e-4bed-9f20-125a11f65413@group-091950D56227-FollowerState was interrupted: java.lang.InterruptedException: sleep interrupted
2019-10-20 17:39:52,480 [grpc-default-executor-0] INFO  impl.RoleInfo (RoleInfo.java:updateAndGet(143)) - 8a63e1ae-032e-4bed-9f20-125a11f65413: start FollowerState
2019-10-20 17:39:52,480 [grpc-default-executor-2] INFO  impl.RoleInfo (RoleInfo.java:shutdownFollowerState(121)) - 7b1e61a0-7daf-43dd-99d5-9b325c1d31ae: shutdown FollowerState
2019-10-20 17:39:52,480 [Thread-257] INFO  impl.FollowerState (FollowerState.java:run(117)) - 7b1e61a0-7daf-43dd-99d5-9b325c1d31ae@group-091950D56227-FollowerState was interrupted: java.lang.InterruptedException: sleep interrupted
2019-10-20 17:39:52,480 [grpc-default-executor-2] INFO  impl.RoleInfo (RoleInfo.java:updateAndGet(143)) - 7b1e61a0-7daf-43dd-99d5-9b325c1d31ae: start FollowerState
2019-10-20 17:39:52,503 [8f18dce1-0a3d-4b65-9c78-af3d58b2da7f@group-091950D56227-LeaderElection32] INFO  impl.LeaderElection (LeaderElection.java:logAndReturn(56)) - 8f18dce1-0a3d-4b65-9c78-af3d58b2da7f@group-091950D56227-LeaderElection32: Election REJECTED; received 2 response(s) [8f18dce1-0a3d-4b65-9c78-af3d58b2da7f<-8a63e1ae-032e-4bed-9f20-125a11f65413#0:FAIL-t39, 8f18dce1-0a3d-4b65-9c78-af3d58b2da7f<-7b1e61a0-7daf-43dd-99d5-9b325c1d31ae#0:FAIL-t39] and 0 exception(s); 8f18dce1-0a3d-4b65-9c78-af3d58b2da7f@group-091950D56227:t39, leader=null, voted=8f18dce1-0a3d-4b65-9c78-af3d58b2da7f, raftlog=8f18dce1-0a3d-4b65-9c78-af3d58b2da7f@group-091950D56227-SegmentedRaftLog:OPENED:c-1,f-1,i0, conf=-1: [8a63e1ae-032e-4bed-9f20-125a11f65413:0.0.0.0:38685, 8f18dce1-0a3d-4b65-9c78-af3d58b2da7f:0.0.0.0:42489, 7b1e61a0-7daf-43dd-99d5-9b325c1d31ae:0.0.0.0:38412], old=null
2019-10-20 17:39:52,504 [8f18dce1-0a3d-4b65-9c78-af3d58b2da7f@group-091950D56227-LeaderElection32] INFO  impl.RaftServerImpl (RaftServerImpl.java:setRole(184)) - 8f18dce1-0a3d-4b65-9c78-af3d58b2da7f@group-091950D56227: changes role from CANDIDATE to FOLLOWER at term 39 for DISCOVERED_A_NEW_TERM
2019-10-20 17:39:52,504 [8f18dce1-0a3d-4b65-9c78-af3d58b2da7f@group-091950D56227-LeaderElection32] INFO  impl.RoleInfo (RoleInfo.java:shutdownLeaderElection(134)) - 8f18dce1-0a3d-4b65-9c78-af3d58b2da7f: shutdown LeaderElection
2019-10-20 17:39:52,504 [8f18dce1-0a3d-4b65-9c78-af3d58b2da7f@group-091950D56227-LeaderElection32] INFO  impl.RoleInfo (RoleInfo.java:updateAndGet(143)) - 8f18dce1-0a3d-4b65-9c78-af3d58b2da7f: start FollowerState
2019-10-20 17:39:52,625 [Thread-265] INFO  impl.FollowerState (FollowerState.java:run(108)) - 8f18dce1-0a3d-4b65-9c78-af3d58b2da7f@group-091950D56227-FollowerState: change to CANDIDATE, lastRpcTime:121ms, electionTimeout:121ms
2019-10-20 17:39:52,628 [Thread-265] INFO  impl.RoleInfo (RoleInfo.java:shutdownFollowerState(121)) - 8f18dce1-0a3d-4b65-9c78-af3d58b2da7f: shutdown FollowerState
2019-10-20 17:39:52,628 [Thread-265] INFO  impl.RaftServerImpl (RaftServerImpl.java:setRole(184)) - 8f18dce1-0a3d-4b65-9c78-af3d58b2da7f@group-091950D56227: changes role from  FOLLOWER to CANDIDATE at term 39 for changeToCandidate
2019-10-20 17:39:52,628 [Thread-265] INFO  impl.RoleInfo (RoleInfo.java:updateAndGet(143)) - 8f18dce1-0a3d-4b65-9c78-af3d58b2da7f: start LeaderElection
2019-10-20 17:39:52,652 [8f18dce1-0a3d-4b65-9c78-af3d58b2da7f@group-091950D56227-LeaderElection33] INFO  impl.LeaderElection (LeaderElection.java:askForVotes(178)) - 8f18dce1-0a3d-4b65-9c78-af3d58b2da7f@group-091950D56227-LeaderElection33: begin an election at term 40 for -1: [8a63e1ae-032e-4bed-9f20-125a11f65413:0.0.0.0:38685, 8f18dce1-0a3d-4b65-9c78-af3d58b2da7f:0.0.0.0:42489, 7b1e61a0-7daf-43dd-99d5-9b325c1d31ae:0.0.0.0:38412], old=null
2019-10-20 17:39:52,656 [grpc-default-executor-0] INFO  impl.RaftServerImpl (RaftServerImpl.java:setRole(184)) - 8a63e1ae-032e-4bed-9f20-125a11f65413@group-091950D56227: changes role from  FOLLOWER to FOLLOWER at term 40 for recognizeCandidate:8f18dce1-0a3d-4b65-9c78-af3d58b2da7f
2019-10-20 17:39:52,656 [grpc-default-executor-0] INFO  impl.RoleInfo (RoleInfo.java:shutdownFollowerState(121)) - 8a63e1ae-032e-4bed-9f20-125a11f65413: shutdown FollowerState
2019-10-20 17:39:52,656 [grpc-default-executor-2] INFO  impl.RaftServerImpl (RaftServerImpl.java:setRole(184)) - 7b1e61a0-7daf-43dd-99d5-9b325c1d31ae@group-091950D56227: changes role from  FOLLOWER to FOLLOWER at term 40 for recognizeCandidate:8f18dce1-0a3d-4b65-9c78-af3d58b2da7f
2019-10-20 17:39:52,656 [Thread-263] INFO  impl.FollowerState (FollowerState.java:run(117)) - 8a63e1ae-032e-4bed-9f20-125a11f65413@group-091950D56227-FollowerState was interrupted: java.lang.InterruptedException: sleep interrupted
2019-10-20 17:39:52,656 [grpc-default-executor-0] INFO  impl.RoleInfo (RoleInfo.java:updateAndGet(143)) - 8a63e1ae-032e-4bed-9f20-125a11f65413: start FollowerState
2019-10-20 17:39:52,656 [grpc-default-executor-2] INFO  impl.RoleInfo (RoleInfo.java:shutdownFollowerState(121)) - 7b1e61a0-7daf-43dd-99d5-9b325c1d31ae: shutdown FollowerState
2019-10-20 17:39:52,657 [grpc-default-executor-2] INFO  impl.RoleInfo (RoleInfo.java:updateAndGet(143)) - 7b1e61a0-7daf-43dd-99d5-9b325c1d31ae: start FollowerState
2019-10-20 17:39:52,657 [Thread-264] INFO  impl.FollowerState (FollowerState.java:run(117)) - 7b1e61a0-7daf-43dd-99d5-9b325c1d31ae@group-091950D56227-FollowerState was interrupted: java.lang.InterruptedException: sleep interrupted
2019-10-20 17:39:52,679 [8f18dce1-0a3d-4b65-9c78-af3d58b2da7f@group-091950D56227-LeaderElection33] INFO  impl.LeaderElection (LeaderElection.java:logAndReturn(56)) - 8f18dce1-0a3d-4b65-9c78-af3d58b2da7f@group-091950D56227-LeaderElection33: Election REJECTED; received 2 response(s) [8f18dce1-0a3d-4b65-9c78-af3d58b2da7f<-8a63e1ae-032e-4bed-9f20-125a11f65413#0:FAIL-t40, 8f18dce1-0a3d-4b65-9c78-af3d58b2da7f<-7b1e61a0-7daf-43dd-99d5-9b325c1d31ae#0:FAIL-t40] and 0 exception(s); 8f18dce1-0a3d-4b65-9c78-af3d58b2da7f@group-091950D56227:t40, leader=null, voted=8f18dce1-0a3d-4b65-9c78-af3d58b2da7f, raftlog=8f18dce1-0a3d-4b65-9c78-af3d58b2da7f@group-091950D56227-SegmentedRaftLog:OPENED:c-1,f-1,i0, conf=-1: [8a63e1ae-032e-4bed-9f20-125a11f65413:0.0.0.0:38685, 8f18dce1-0a3d-4b65-9c78-af3d58b2da7f:0.0.0.0:42489, 7b1e61a0-7daf-43dd-99d5-9b325c1d31ae:0.0.0.0:38412], old=null
2019-10-20 17:39:52,679 [8f18dce1-0a3d-4b65-9c78-af3d58b2da7f@group-091950D56227-LeaderElection33] INFO  impl.RaftServerImpl (RaftServerImpl.java:setRole(184)) - 8f18dce1-0a3d-4b65-9c78-af3d58b2da7f@group-091950D56227: changes role from CANDIDATE to FOLLOWER at term 40 for DISCOVERED_A_NEW_TERM
2019-10-20 17:39:52,680 [8f18dce1-0a3d-4b65-9c78-af3d58b2da7f@group-091950D56227-LeaderElection33] INFO  impl.RoleInfo (RoleInfo.java:shutdownLeaderElection(134)) - 8f18dce1-0a3d-4b65-9c78-af3d58b2da7f: shutdown LeaderElection
2019-10-20 17:39:52,680 [8f18dce1-0a3d-4b65-9c78-af3d58b2da7f@group-091950D56227-LeaderElection33] INFO  impl.RoleInfo (RoleInfo.java:updateAndGet(143)) - 8f18dce1-0a3d-4b65-9c78-af3d58b2da7f: start FollowerState
2019-10-20 17:39:52,764 [Thread-271] INFO  impl.FollowerState (FollowerState.java:run(108)) - 8f18dce1-0a3d-4b65-9c78-af3d58b2da7f@group-091950D56227-FollowerState: change to CANDIDATE, lastRpcTime:84ms, electionTimeout:84ms
2019-10-20 17:39:52,764 [Thread-271] INFO  impl.RoleInfo (RoleInfo.java:shutdownFollowerState(121)) - 8f18dce1-0a3d-4b65-9c78-af3d58b2da7f: shutdown FollowerState
2019-10-20 17:39:52,765 [Thread-271] INFO  impl.RaftServerImpl (RaftServerImpl.java:setRole(184)) - 8f18dce1-0a3d-4b65-9c78-af3d58b2da7f@group-091950D56227: changes role from  FOLLOWER to CANDIDATE at term 40 for changeToCandidate
2019-10-20 17:39:52,765 [Thread-271] INFO  impl.RoleInfo (RoleInfo.java:updateAndGet(143)) - 8f18dce1-0a3d-4b65-9c78-af3d58b2da7f: start LeaderElection
2019-10-20 17:39:52,796 [8f18dce1-0a3d-4b65-9c78-af3d58b2da7f@group-091950D56227-LeaderElection34] INFO  impl.LeaderElection (LeaderElection.java:askForVotes(178)) - 8f18dce1-0a3d-4b65-9c78-af3d58b2da7f@group-091950D56227-LeaderElection34: begin an election at term 41 for -1: [8a63e1ae-032e-4bed-9f20-125a11f65413:0.0.0.0:38685, 8f18dce1-0a3d-4b65-9c78-af3d58b2da7f:0.0.0.0:42489, 7b1e61a0-7daf-43dd-99d5-9b325c1d31ae:0.0.0.0:38412], old=null
2019-10-20 17:39:52,800 [grpc-default-executor-0] INFO  impl.RaftServerImpl (RaftServerImpl.java:setRole(184)) - 7b1e61a0-7daf-43dd-99d5-9b325c1d31ae@group-091950D56227: changes role from  FOLLOWER to FOLLOWER at term 41 for recognizeCandidate:8f18dce1-0a3d-4b65-9c78-af3d58b2da7f
2019-10-20 17:39:52,801 [grpc-default-executor-0] INFO  impl.RoleInfo (RoleInfo.java:shutdownFollowerState(121)) - 7b1e61a0-7daf-43dd-99d5-9b325c1d31ae: shutdown FollowerState
2019-10-20 17:39:52,801 [grpc-default-executor-0] INFO  impl.RoleInfo (RoleInfo.java:updateAndGet(143)) - 7b1e61a0-7daf-43dd-99d5-9b325c1d31ae: start FollowerState
2019-10-20 17:39:52,801 [Thread-270] INFO  impl.FollowerState (FollowerState.java:run(117)) - 7b1e61a0-7daf-43dd-99d5-9b325c1d31ae@group-091950D56227-FollowerState was interrupted: java.lang.InterruptedException: sleep interrupted
2019-10-20 17:39:52,801 [grpc-default-executor-2] INFO  impl.RaftServerImpl (RaftServerImpl.java:setRole(184)) - 8a63e1ae-032e-4bed-9f20-125a11f65413@group-091950D56227: changes role from  FOLLOWER to FOLLOWER at term 41 for recognizeCandidate:8f18dce1-0a3d-4b65-9c78-af3d58b2da7f
2019-10-20 17:39:52,804 [grpc-default-executor-2] INFO  impl.RoleInfo (RoleInfo.java:shutdownFollowerState(121)) - 8a63e1ae-032e-4bed-9f20-125a11f65413: shutdown FollowerState
2019-10-20 17:39:52,804 [grpc-default-executor-2] INFO  impl.RoleInfo (RoleInfo.java:updateAndGet(143)) - 8a63e1ae-032e-4bed-9f20-125a11f65413: start FollowerState
2019-10-20 17:39:52,804 [Thread-269] INFO  impl.FollowerState (FollowerState.java:run(117)) - 8a63e1ae-032e-4bed-9f20-125a11f65413@group-091950D56227-FollowerState was interrupted: java.lang.InterruptedException: sleep interrupted
2019-10-20 17:39:52,832 [8f18dce1-0a3d-4b65-9c78-af3d58b2da7f@group-091950D56227-LeaderElection34] INFO  impl.LeaderElection (LeaderElection.java:logAndReturn(56)) - 8f18dce1-0a3d-4b65-9c78-af3d58b2da7f@group-091950D56227-LeaderElection34: Election REJECTED; received 2 response(s) [8f18dce1-0a3d-4b65-9c78-af3d58b2da7f<-8a63e1ae-032e-4bed-9f20-125a11f65413#0:FAIL-t41, 8f18dce1-0a3d-4b65-9c78-af3d58b2da7f<-7b1e61a0-7daf-43dd-99d5-9b325c1d31ae#0:FAIL-t41] and 0 exception(s); 8f18dce1-0a3d-4b65-9c78-af3d58b2da7f@group-091950D56227:t41, leader=null, voted=8f18dce1-0a3d-4b65-9c78-af3d58b2da7f, raftlog=8f18dce1-0a3d-4b65-9c78-af3d58b2da7f@group-091950D56227-SegmentedRaftLog:OPENED:c-1,f-1,i0, conf=-1: [8a63e1ae-032e-4bed-9f20-125a11f65413:0.0.0.0:38685, 8f18dce1-0a3d-4b65-9c78-af3d58b2da7f:0.0.0.0:42489, 7b1e61a0-7daf-43dd-99d5-9b325c1d31ae:0.0.0.0:38412], old=null
2019-10-20 17:39:52,832 [8f18dce1-0a3d-4b65-9c78-af3d58b2da7f@group-091950D56227-LeaderElection34] INFO  impl.RaftServerImpl (RaftServerImpl.java:setRole(184)) - 8f18dce1-0a3d-4b65-9c78-af3d58b2da7f@group-091950D56227: changes role from CANDIDATE to FOLLOWER at term 41 for DISCOVERED_A_NEW_TERM
2019-10-20 17:39:52,832 [8f18dce1-0a3d-4b65-9c78-af3d58b2da7f@group-091950D56227-LeaderElection34] INFO  impl.RoleInfo (RoleInfo.java:shutdownLeaderElection(134)) - 8f18dce1-0a3d-4b65-9c78-af3d58b2da7f: shutdown LeaderElection
2019-10-20 17:39:52,832 [8f18dce1-0a3d-4b65-9c78-af3d58b2da7f@group-091950D56227-LeaderElection34] INFO  impl.RoleInfo (RoleInfo.java:updateAndGet(143)) - 8f18dce1-0a3d-4b65-9c78-af3d58b2da7f: start FollowerState
2019-10-20 17:39:52,911 [Thread-279] INFO  impl.FollowerState (FollowerState.java:run(108)) - 8f18dce1-0a3d-4b65-9c78-af3d58b2da7f@group-091950D56227-FollowerState: change to CANDIDATE, lastRpcTime:78ms, electionTimeout:78ms
2019-10-20 17:39:52,911 [Thread-279] INFO  impl.RoleInfo (RoleInfo.java:shutdownFollowerState(121)) - 8f18dce1-0a3d-4b65-9c78-af3d58b2da7f: shutdown FollowerState
2019-10-20 17:39:52,911 [Thread-279] INFO  impl.RaftServerImpl (RaftServerImpl.java:setRole(184)) - 8f18dce1-0a3d-4b65-9c78-af3d58b2da7f@group-091950D56227: changes role from  FOLLOWER to CANDIDATE at term 41 for changeToCandidate
2019-10-20 17:39:52,912 [Thread-279] INFO  impl.RoleInfo (RoleInfo.java:updateAndGet(143)) - 8f18dce1-0a3d-4b65-9c78-af3d58b2da7f: start LeaderElection
2019-10-20 17:39:52,939 [8f18dce1-0a3d-4b65-9c78-af3d58b2da7f@group-091950D56227-LeaderElection35] INFO  impl.LeaderElection (LeaderElection.java:askForVotes(178)) - 8f18dce1-0a3d-4b65-9c78-af3d58b2da7f@group-091950D56227-LeaderElection35: begin an election at term 42 for -1: [8a63e1ae-032e-4bed-9f20-125a11f65413:0.0.0.0:38685, 8f18dce1-0a3d-4b65-9c78-af3d58b2da7f:0.0.0.0:42489, 7b1e61a0-7daf-43dd-99d5-9b325c1d31ae:0.0.0.0:38412], old=null
2019-10-20 17:39:52,945 [grpc-default-executor-0] INFO  impl.RaftServerImpl (RaftServerImpl.java:setRole(184)) - 7b1e61a0-7daf-43dd-99d5-9b325c1d31ae@group-091950D56227: changes role from  FOLLOWER to FOLLOWER at term 42 for recognizeCandidate:8f18dce1-0a3d-4b65-9c78-af3d58b2da7f
2019-10-20 17:39:52,945 [grpc-default-executor-2] INFO  impl.RaftServerImpl (RaftServerImpl.java:setRole(184)) - 8a63e1ae-032e-4bed-9f20-125a11f65413@group-091950D56227: changes role from  FOLLOWER to FOLLOWER at term 42 for recognizeCandidate:8f18dce1-0a3d-4b65-9c78-af3d58b2da7f
2019-10-20 17:39:52,945 [grpc-default-executor-0] INFO  impl.RoleInfo (RoleInfo.java:shutdownFollowerState(121)) - 7b1e61a0-7daf-43dd-99d5-9b325c1d31ae: shutdown FollowerState
2019-10-20 17:39:52,945 [grpc-default-executor-2] INFO  impl.RoleInfo (RoleInfo.java:shutdownFollowerState(121)) - 8a63e1ae-032e-4bed-9f20-125a11f65413: shutdown FollowerState
2019-10-20 17:39:52,945 [grpc-default-executor-0] INFO  impl.RoleInfo (RoleInfo.java:updateAndGet(143)) - 7b1e61a0-7daf-43dd-99d5-9b325c1d31ae: start FollowerState
2019-10-20 17:39:52,945 [Thread-278] INFO  impl.FollowerState (FollowerState.java:run(117)) - 8a63e1ae-032e-4bed-9f20-125a11f65413@group-091950D56227-FollowerState was interrupted: java.lang.InterruptedException: sleep interrupted
2019-10-20 17:39:52,945 [grpc-default-executor-2] INFO  impl.RoleInfo (RoleInfo.java:updateAndGet(143)) - 8a63e1ae-032e-4bed-9f20-125a11f65413: start FollowerState
2019-10-20 17:39:52,945 [Thread-277] INFO  impl.FollowerState (FollowerState.java:run(117)) - 7b1e61a0-7daf-43dd-99d5-9b325c1d31ae@group-091950D56227-FollowerState was interrupted: java.lang.InterruptedException: sleep interrupted
2019-10-20 17:39:52,983 [8f18dce1-0a3d-4b65-9c78-af3d58b2da7f@group-091950D56227-LeaderElection35] INFO  impl.LeaderElection (LeaderElection.java:logAndReturn(56)) - 8f18dce1-0a3d-4b65-9c78-af3d58b2da7f@group-091950D56227-LeaderElection35: Election REJECTED; received 2 response(s) [8f18dce1-0a3d-4b65-9c78-af3d58b2da7f<-8a63e1ae-032e-4bed-9f20-125a11f65413#0:FAIL-t42, 8f18dce1-0a3d-4b65-9c78-af3d58b2da7f<-7b1e61a0-7daf-43dd-99d5-9b325c1d31ae#0:FAIL-t42] and 0 exception(s); 8f18dce1-0a3d-4b65-9c78-af3d58b2da7f@group-091950D56227:t42, leader=null, voted=8f18dce1-0a3d-4b65-9c78-af3d58b2da7f, raftlog=8f18dce1-0a3d-4b65-9c78-af3d58b2da7f@group-091950D56227-SegmentedRaftLog:OPENED:c-1,f-1,i0, conf=-1: [8a63e1ae-032e-4bed-9f20-125a11f65413:0.0.0.0:38685, 8f18dce1-0a3d-4b65-9c78-af3d58b2da7f:0.0.0.0:42489, 7b1e61a0-7daf-43dd-99d5-9b325c1d31ae:0.0.0.0:38412], old=null
2019-10-20 17:39:52,983 [8f18dce1-0a3d-4b65-9c78-af3d58b2da7f@group-091950D56227-LeaderElection35] INFO  impl.RaftServerImpl (RaftServerImpl.java:setRole(184)) - 8f18dce1-0a3d-4b65-9c78-af3d58b2da7f@group-091950D56227: changes role from CANDIDATE to FOLLOWER at term 42 for DISCOVERED_A_NEW_TERM
2019-10-20 17:39:52,983 [8f18dce1-0a3d-4b65-9c78-af3d58b2da7f@group-091950D56227-LeaderElection35] INFO  impl.RoleInfo (RoleInfo.java:shutdownLeaderElection(134)) - 8f18dce1-0a3d-4b65-9c78-af3d58b2da7f: shutdown LeaderElection
2019-10-20 17:39:52,984 [8f18dce1-0a3d-4b65-9c78-af3d58b2da7f@group-091950D56227-LeaderElection35] INFO  impl.RoleInfo (RoleInfo.java:updateAndGet(143)) - 8f18dce1-0a3d-4b65-9c78-af3d58b2da7f: start FollowerState
2019-10-20 17:39:53,149 [Thread-285] INFO  impl.FollowerState (FollowerState.java:run(108)) - 8f18dce1-0a3d-4b65-9c78-af3d58b2da7f@group-091950D56227-FollowerState: change to CANDIDATE, lastRpcTime:165ms, electionTimeout:165ms
2019-10-20 17:39:53,149 [Thread-285] INFO  impl.RoleInfo (RoleInfo.java:shutdownFollowerState(121)) - 8f18dce1-0a3d-4b65-9c78-af3d58b2da7f: shutdown FollowerState
2019-10-20 17:39:53,150 [Thread-285] INFO  impl.RaftServerImpl (RaftServerImpl.java:setRole(184)) - 8f18dce1-0a3d-4b65-9c78-af3d58b2da7f@group-091950D56227: changes role from  FOLLOWER to CANDIDATE at term 42 for changeToCandidate
2019-10-20 17:39:53,150 [Thread-285] INFO  impl.RoleInfo (RoleInfo.java:updateAndGet(143)) - 8f18dce1-0a3d-4b65-9c78-af3d58b2da7f: start LeaderElection
2019-10-20 17:39:53,182 [8f18dce1-0a3d-4b65-9c78-af3d58b2da7f@group-091950D56227-LeaderElection36] INFO  impl.LeaderElection (LeaderElection.java:askForVotes(178)) - 8f18dce1-0a3d-4b65-9c78-af3d58b2da7f@group-091950D56227-LeaderElection36: begin an election at term 43 for -1: [8a63e1ae-032e-4bed-9f20-125a11f65413:0.0.0.0:38685, 8f18dce1-0a3d-4b65-9c78-af3d58b2da7f:0.0.0.0:42489, 7b1e61a0-7daf-43dd-99d5-9b325c1d31ae:0.0.0.0:38412], old=null
2019-10-20 17:39:53,185 [grpc-default-executor-0] INFO  impl.RaftServerImpl (RaftServerImpl.java:setRole(184)) - 8a63e1ae-032e-4bed-9f20-125a11f65413@group-091950D56227: changes role from  FOLLOWER to FOLLOWER at term 43 for recognizeCandidate:8f18dce1-0a3d-4b65-9c78-af3d58b2da7f
2019-10-20 17:39:53,185 [grpc-default-executor-0] INFO  impl.RoleInfo (RoleInfo.java:shutdownFollowerState(121)) - 8a63e1ae-032e-4bed-9f20-125a11f65413: shutdown FollowerState
2019-10-20 17:39:53,185 [grpc-default-executor-2] INFO  impl.RaftServerImpl (RaftServerImpl.java:setRole(184)) - 7b1e61a0-7daf-43dd-99d5-9b325c1d31ae@group-091950D56227: changes role from  FOLLOWER to FOLLOWER at term 43 for recognizeCandidate:8f18dce1-0a3d-4b65-9c78-af3d58b2da7f
2019-10-20 17:39:53,185 [Thread-284] INFO  impl.FollowerState (FollowerState.java:run(117)) - 8a63e1ae-032e-4bed-9f20-125a11f65413@group-091950D56227-FollowerState was interrupted: java.lang.InterruptedException: sleep interrupted
2019-10-20 17:39:53,185 [grpc-default-executor-0] INFO  impl.RoleInfo (RoleInfo.java:updateAndGet(143)) - 8a63e1ae-032e-4bed-9f20-125a11f65413: start FollowerState
2019-10-20 17:39:53,185 [grpc-default-executor-2] INFO  impl.RoleInfo (RoleInfo.java:shutdownFollowerState(121)) - 7b1e61a0-7daf-43dd-99d5-9b325c1d31ae: shutdown FollowerState
2019-10-20 17:39:53,186 [grpc-default-executor-2] INFO  impl.RoleInfo (RoleInfo.java:updateAndGet(143)) - 7b1e61a0-7daf-43dd-99d5-9b325c1d31ae: start FollowerState
2019-10-20 17:39:53,186 [Thread-283] INFO  impl.FollowerState (FollowerState.java:run(117)) - 7b1e61a0-7daf-43dd-99d5-9b325c1d31ae@group-091950D56227-FollowerState was interrupted: java.lang.InterruptedException: sleep interrupted
2019-10-20 17:39:53,217 [8f18dce1-0a3d-4b65-9c78-af3d58b2da7f@group-091950D56227-LeaderElection36] INFO  impl.LeaderElection (LeaderElection.java:logAndReturn(56)) - 8f18dce1-0a3d-4b65-9c78-af3d58b2da7f@group-091950D56227-LeaderElection36: Election REJECTED; received 2 response(s) [8f18dce1-0a3d-4b65-9c78-af3d58b2da7f<-8a63e1ae-032e-4bed-9f20-125a11f65413#0:FAIL-t43, 8f18dce1-0a3d-4b65-9c78-af3d58b2da7f<-7b1e61a0-7daf-43dd-99d5-9b325c1d31ae#0:FAIL-t43] and 0 exception(s); 8f18dce1-0a3d-4b65-9c78-af3d58b2da7f@group-091950D56227:t43, leader=null, voted=8f18dce1-0a3d-4b65-9c78-af3d58b2da7f, raftlog=8f18dce1-0a3d-4b65-9c78-af3d58b2da7f@group-091950D56227-SegmentedRaftLog:OPENED:c-1,f-1,i0, conf=-1: [8a63e1ae-032e-4bed-9f20-125a11f65413:0.0.0.0:38685, 8f18dce1-0a3d-4b65-9c78-af3d58b2da7f:0.0.0.0:42489, 7b1e61a0-7daf-43dd-99d5-9b325c1d31ae:0.0.0.0:38412], old=null
2019-10-20 17:39:53,217 [8f18dce1-0a3d-4b65-9c78-af3d58b2da7f@group-091950D56227-LeaderElection36] INFO  impl.RaftServerImpl (RaftServerImpl.java:setRole(184)) - 8f18dce1-0a3d-4b65-9c78-af3d58b2da7f@group-091950D56227: changes role from CANDIDATE to FOLLOWER at term 43 for DISCOVERED_A_NEW_TERM
2019-10-20 17:39:53,217 [8f18dce1-0a3d-4b65-9c78-af3d58b2da7f@group-091950D56227-LeaderElection36] INFO  impl.RoleInfo (RoleInfo.java:shutdownLeaderElection(134)) - 8f18dce1-0a3d-4b65-9c78-af3d58b2da7f: shutdown LeaderElection
2019-10-20 17:39:53,217 [8f18dce1-0a3d-4b65-9c78-af3d58b2da7f@group-091950D56227-LeaderElection36] INFO  impl.RoleInfo (RoleInfo.java:updateAndGet(143)) - 8f18dce1-0a3d-4b65-9c78-af3d58b2da7f: start FollowerState
2019-10-20 17:39:53,220 [Thread-291] INFO  impl.FollowerState (FollowerState.java:run(108)) - 8f18dce1-0a3d-4b65-9c78-af3d58b2da7f@group-091950D56227-FollowerState: change to CANDIDATE, lastRpcTime:2ms, electionTimeout:2ms
2019-10-20 17:39:53,220 [Thread-291] INFO  impl.RoleInfo (RoleInfo.java:shutdownFollowerState(121)) - 8f18dce1-0a3d-4b65-9c78-af3d58b2da7f: shutdown FollowerState
2019-10-20 17:39:53,220 [Thread-291] INFO  impl.RaftServerImpl (RaftServerImpl.java:setRole(184)) - 8f18dce1-0a3d-4b65-9c78-af3d58b2da7f@group-091950D56227: changes role from  FOLLOWER to CANDIDATE at term 43 for changeToCandidate
2019-10-20 17:39:53,220 [Thread-291] INFO  impl.RoleInfo (RoleInfo.java:updateAndGet(143)) - 8f18dce1-0a3d-4b65-9c78-af3d58b2da7f: start LeaderElection
2019-10-20 17:39:53,249 [8f18dce1-0a3d-4b65-9c78-af3d58b2da7f@group-091950D56227-LeaderElection37] INFO  impl.LeaderElection (LeaderElection.java:askForVotes(178)) - 8f18dce1-0a3d-4b65-9c78-af3d58b2da7f@group-091950D56227-LeaderElection37: begin an election at term 44 for -1: [8a63e1ae-032e-4bed-9f20-125a11f65413:0.0.0.0:38685, 8f18dce1-0a3d-4b65-9c78-af3d58b2da7f:0.0.0.0:42489, 7b1e61a0-7daf-43dd-99d5-9b325c1d31ae:0.0.0.0:38412], old=null
2019-10-20 17:39:53,252 [grpc-default-executor-2] INFO  impl.RaftServerImpl (RaftServerImpl.java:setRole(184)) - 8a63e1ae-032e-4bed-9f20-125a11f65413@group-091950D56227: changes role from  FOLLOWER to FOLLOWER at term 44 for recognizeCandidate:8f18dce1-0a3d-4b65-9c78-af3d58b2da7f
2019-10-20 17:39:53,252 [grpc-default-executor-2] INFO  impl.RoleInfo (RoleInfo.java:shutdownFollowerState(121)) - 8a63e1ae-032e-4bed-9f20-125a11f65413: shutdown FollowerState
2019-10-20 17:39:53,252 [grpc-default-executor-0] INFO  impl.RaftServerImpl (RaftServerImpl.java:setRole(184)) - 7b1e61a0-7daf-43dd-99d5-9b325c1d31ae@group-091950D56227: changes role from  FOLLOWER to FOLLOWER at term 44 for recognizeCandidate:8f18dce1-0a3d-4b65-9c78-af3d58b2da7f
2019-10-20 17:39:53,252 [Thread-289] INFO  impl.FollowerState (FollowerState.java:run(117)) - 8a63e1ae-032e-4bed-9f20-125a11f65413@group-091950D56227-FollowerState was interrupted: java.lang.InterruptedException: sleep interrupted
2019-10-20 17:39:53,252 [grpc-default-executor-2] INFO  impl.RoleInfo (RoleInfo.java:updateAndGet(143)) - 8a63e1ae-032e-4bed-9f20-125a11f65413: start FollowerState
2019-10-20 17:39:53,252 [grpc-default-executor-0] INFO  impl.RoleInfo (RoleInfo.java:shutdownFollowerState(121)) - 7b1e61a0-7daf-43dd-99d5-9b325c1d31ae: shutdown FollowerState
2019-10-20 17:39:53,253 [grpc-default-executor-0] INFO  impl.RoleInfo (RoleInfo.java:updateAndGet(143)) - 7b1e61a0-7daf-43dd-99d5-9b325c1d31ae: start FollowerState
2019-10-20 17:39:53,253 [Thread-290] INFO  impl.FollowerState (FollowerState.java:run(117)) - 7b1e61a0-7daf-43dd-99d5-9b325c1d31ae@group-091950D56227-FollowerState was interrupted: java.lang.InterruptedException: sleep interrupted
2019-10-20 17:39:53,279 [8f18dce1-0a3d-4b65-9c78-af3d58b2da7f@group-091950D56227-LeaderElection37] INFO  impl.LeaderElection (LeaderElection.java:logAndReturn(56)) - 8f18dce1-0a3d-4b65-9c78-af3d58b2da7f@group-091950D56227-LeaderElection37: Election REJECTED; received 2 response(s) [8f18dce1-0a3d-4b65-9c78-af3d58b2da7f<-8a63e1ae-032e-4bed-9f20-125a11f65413#0:FAIL-t44, 8f18dce1-0a3d-4b65-9c78-af3d58b2da7f<-7b1e61a0-7daf-43dd-99d5-9b325c1d31ae#0:FAIL-t44] and 0 exception(s); 8f18dce1-0a3d-4b65-9c78-af3d58b2da7f@group-091950D56227:t44, leader=null, voted=8f18dce1-0a3d-4b65-9c78-af3d58b2da7f, raftlog=8f18dce1-0a3d-4b65-9c78-af3d58b2da7f@group-091950D56227-SegmentedRaftLog:OPENED:c-1,f-1,i0, conf=-1: [8a63e1ae-032e-4bed-9f20-125a11f65413:0.0.0.0:38685, 8f18dce1-0a3d-4b65-9c78-af3d58b2da7f:0.0.0.0:42489, 7b1e61a0-7daf-43dd-99d5-9b325c1d31ae:0.0.0.0:38412], old=null
2019-10-20 17:39:53,280 [8f18dce1-0a3d-4b65-9c78-af3d58b2da7f@group-091950D56227-LeaderElection37] INFO  impl.RaftServerImpl (RaftServerImpl.java:setRole(184)) - 8f18dce1-0a3d-4b65-9c78-af3d58b2da7f@group-091950D56227: changes role from CANDIDATE to FOLLOWER at term 44 for DISCOVERED_A_NEW_TERM
2019-10-20 17:39:53,280 [8f18dce1-0a3d-4b65-9c78-af3d58b2da7f@group-091950D56227-LeaderElection37] INFO  impl.RoleInfo (RoleInfo.java:shutdownLeaderElection(134)) - 8f18dce1-0a3d-4b65-9c78-af3d58b2da7f: shutdown LeaderElection
2019-10-20 17:39:53,280 [8f18dce1-0a3d-4b65-9c78-af3d58b2da7f@group-091950D56227-LeaderElection37] INFO  impl.RoleInfo (RoleInfo.java:updateAndGet(143)) - 8f18dce1-0a3d-4b65-9c78-af3d58b2da7f: start FollowerState
2019-10-20 17:39:53,389 [Thread-297] INFO  impl.FollowerState (FollowerState.java:run(108)) - 8f18dce1-0a3d-4b65-9c78-af3d58b2da7f@group-091950D56227-FollowerState: change to CANDIDATE, lastRpcTime:108ms, electionTimeout:108ms
2019-10-20 17:39:53,389 [Thread-297] INFO  impl.RoleInfo (RoleInfo.java:shutdownFollowerState(121)) - 8f18dce1-0a3d-4b65-9c78-af3d58b2da7f: shutdown FollowerState
2019-10-20 17:39:53,389 [Thread-297] INFO  impl.RaftServerImpl (RaftServerImpl.java:setRole(184)) - 8f18dce1-0a3d-4b65-9c78-af3d58b2da7f@group-091950D56227: changes role from  FOLLOWER to CANDIDATE at term 44 for changeToCandidate
2019-10-20 17:39:53,389 [Thread-297] INFO  impl.RoleInfo (RoleInfo.java:updateAndGet(143)) - 8f18dce1-0a3d-4b65-9c78-af3d58b2da7f: start LeaderElection
2019-10-20 17:39:53,417 [8f18dce1-0a3d-4b65-9c78-af3d58b2da7f@group-091950D56227-LeaderElection38] INFO  impl.LeaderElection (LeaderElection.java:askForVotes(178)) - 8f18dce1-0a3d-4b65-9c78-af3d58b2da7f@group-091950D56227-LeaderElection38: begin an election at term 45 for -1: [8a63e1ae-032e-4bed-9f20-125a11f65413:0.0.0.0:38685, 8f18dce1-0a3d-4b65-9c78-af3d58b2da7f:0.0.0.0:42489, 7b1e61a0-7daf-43dd-99d5-9b325c1d31ae:0.0.0.0:38412], old=null
2019-10-20 17:39:53,420 [grpc-default-executor-0] INFO  impl.RaftServerImpl (RaftServerImpl.java:setRole(184)) - 7b1e61a0-7daf-43dd-99d5-9b325c1d31ae@group-091950D56227: changes role from  FOLLOWER to FOLLOWER at term 45 for recognizeCandidate:8f18dce1-0a3d-4b65-9c78-af3d58b2da7f
2019-10-20 17:39:53,420 [grpc-default-executor-0] INFO  impl.RoleInfo (RoleInfo.java:shutdownFollowerState(121)) - 7b1e61a0-7daf-43dd-99d5-9b325c1d31ae: shutdown FollowerState
2019-10-20 17:39:53,420 [grpc-default-executor-0] INFO  impl.RoleInfo (RoleInfo.java:updateAndGet(143)) - 7b1e61a0-7daf-43dd-99d5-9b325c1d31ae: start FollowerState
2019-10-20 17:39:53,420 [Thread-296] INFO  impl.FollowerState (FollowerState.java:run(117)) - 7b1e61a0-7daf-43dd-99d5-9b325c1d31ae@group-091950D56227-FollowerState was interrupted: java.lang.InterruptedException: sleep interrupted
2019-10-20 17:39:53,420 [grpc-default-executor-2] INFO  impl.RaftServerImpl (RaftServerImpl.java:setRole(184)) - 8a63e1ae-032e-4bed-9f20-125a11f65413@group-091950D56227: changes role from  FOLLOWER to FOLLOWER at term 45 for recognizeCandidate:8f18dce1-0a3d-4b65-9c78-af3d58b2da7f
2019-10-20 17:39:53,420 [grpc-default-executor-2] INFO  impl.RoleInfo (RoleInfo.java:shutdownFollowerState(121)) - 8a63e1ae-032e-4bed-9f20-125a11f65413: shutdown FollowerState
2019-10-20 17:39:53,421 [Thread-295] INFO  impl.FollowerState (FollowerState.java:run(117)) - 8a63e1ae-032e-4bed-9f20-125a11f65413@group-091950D56227-FollowerState was interrupted: java.lang.InterruptedException: sleep interrupted
2019-10-20 17:39:53,421 [grpc-default-executor-2] INFO  impl.RoleInfo (RoleInfo.java:updateAndGet(143)) - 8a63e1ae-032e-4bed-9f20-125a11f65413: start FollowerState
2019-10-20 17:39:53,444 [8f18dce1-0a3d-4b65-9c78-af3d58b2da7f@group-091950D56227-LeaderElection38] INFO  impl.LeaderElection (LeaderElection.java:logAndReturn(56)) - 8f18dce1-0a3d-4b65-9c78-af3d58b2da7f@group-091950D56227-LeaderElection38: Election REJECTED; received 2 response(s) [8f18dce1-0a3d-4b65-9c78-af3d58b2da7f<-8a63e1ae-032e-4bed-9f20-125a11f65413#0:FAIL-t45, 8f18dce1-0a3d-4b65-9c78-af3d58b2da7f<-7b1e61a0-7daf-43dd-99d5-9b325c1d31ae#0:FAIL-t45] and 0 exception(s); 8f18dce1-0a3d-4b65-9c78-af3d58b2da7f@group-091950D56227:t45, leader=null, voted=8f18dce1-0a3d-4b65-9c78-af3d58b2da7f, raftlog=8f18dce1-0a3d-4b65-9c78-af3d58b2da7f@group-091950D56227-SegmentedRaftLog:OPENED:c-1,f-1,i0, conf=-1: [8a63e1ae-032e-4bed-9f20-125a11f65413:0.0.0.0:38685, 8f18dce1-0a3d-4b65-9c78-af3d58b2da7f:0.0.0.0:42489, 7b1e61a0-7daf-43dd-99d5-9b325c1d31ae:0.0.0.0:38412], old=null
2019-10-20 17:39:53,444 [8f18dce1-0a3d-4b65-9c78-af3d58b2da7f@group-091950D56227-LeaderElection38] INFO  impl.RaftServerImpl (RaftServerImpl.java:setRole(184)) - 8f18dce1-0a3d-4b65-9c78-af3d58b2da7f@group-091950D56227: changes role from CANDIDATE to FOLLOWER at term 45 for DISCOVERED_A_NEW_TERM
2019-10-20 17:39:53,444 [8f18dce1-0a3d-4b65-9c78-af3d58b2da7f@group-091950D56227-LeaderElection38] INFO  impl.RoleInfo (RoleInfo.java:shutdownLeaderElection(134)) - 8f18dce1-0a3d-4b65-9c78-af3d58b2da7f: shutdown LeaderElection
2019-10-20 17:39:53,444 [8f18dce1-0a3d-4b65-9c78-af3d58b2da7f@group-091950D56227-LeaderElection38] INFO  impl.RoleInfo (RoleInfo.java:updateAndGet(143)) - 8f18dce1-0a3d-4b65-9c78-af3d58b2da7f: start FollowerState
2019-10-20 17:39:53,590 [Thread-303] INFO  impl.FollowerState (FollowerState.java:run(108)) - 8f18dce1-0a3d-4b65-9c78-af3d58b2da7f@group-091950D56227-FollowerState: change to CANDIDATE, lastRpcTime:145ms, electionTimeout:145ms
2019-10-20 17:39:53,590 [Thread-303] INFO  impl.RoleInfo (RoleInfo.java:shutdownFollowerState(121)) - 8f18dce1-0a3d-4b65-9c78-af3d58b2da7f: shutdown FollowerState
2019-10-20 17:39:53,590 [Thread-303] INFO  impl.RaftServerImpl (RaftServerImpl.java:setRole(184)) - 8f18dce1-0a3d-4b65-9c78-af3d58b2da7f@group-091950D56227: changes role from  FOLLOWER to CANDIDATE at term 45 for changeToCandidate
2019-10-20 17:39:53,590 [Thread-303] INFO  impl.RoleInfo (RoleInfo.java:updateAndGet(143)) - 8f18dce1-0a3d-4b65-9c78-af3d58b2da7f: start LeaderElection
2019-10-20 17:39:53,619 [8f18dce1-0a3d-4b65-9c78-af3d58b2da7f@group-091950D56227-LeaderElection39] INFO  impl.LeaderElection (LeaderElection.java:askForVotes(178)) - 8f18dce1-0a3d-4b65-9c78-af3d58b2da7f@group-091950D56227-LeaderElection39: begin an election at term 46 for -1: [8a63e1ae-032e-4bed-9f20-125a11f65413:0.0.0.0:38685, 8f18dce1-0a3d-4b65-9c78-af3d58b2da7f:0.0.0.0:42489, 7b1e61a0-7daf-43dd-99d5-9b325c1d31ae:0.0.0.0:38412], old=null
2019-10-20 17:39:53,622 [grpc-default-executor-0] INFO  impl.RaftServerImpl (RaftServerImpl.java:setRole(184)) - 7b1e61a0-7daf-43dd-99d5-9b325c1d31ae@group-091950D56227: changes role from  FOLLOWER to FOLLOWER at term 46 for recognizeCandidate:8f18dce1-0a3d-4b65-9c78-af3d58b2da7f
2019-10-20 17:39:53,622 [grpc-default-executor-2] INFO  impl.RaftServerImpl (RaftServerImpl.java:setRole(184)) - 8a63e1ae-032e-4bed-9f20-125a11f65413@group-091950D56227: changes role from  FOLLOWER to FOLLOWER at term 46 for recognizeCandidate:8f18dce1-0a3d-4b65-9c78-af3d58b2da7f
2019-10-20 17:39:53,622 [grpc-default-executor-0] INFO  impl.RoleInfo (RoleInfo.java:shutdownFollowerState(121)) - 7b1e61a0-7daf-43dd-99d5-9b325c1d31ae: shutdown FollowerState
2019-10-20 17:39:53,622 [grpc-default-executor-2] INFO  impl.RoleInfo (RoleInfo.java:shutdownFollowerState(121)) - 8a63e1ae-032e-4bed-9f20-125a11f65413: shutdown FollowerState
2019-10-20 17:39:53,623 [Thread-301] INFO  impl.FollowerState (FollowerState.java:run(117)) - 7b1e61a0-7daf-43dd-99d5-9b325c1d31ae@group-091950D56227-FollowerState was interrupted: java.lang.InterruptedException: sleep interrupted
2019-10-20 17:39:53,623 [Thread-302] INFO  impl.FollowerState (FollowerState.java:run(117)) - 8a63e1ae-032e-4bed-9f20-125a11f65413@group-091950D56227-FollowerState was interrupted: java.lang.InterruptedException: sleep interrupted
2019-10-20 17:39:53,623 [grpc-default-executor-0] INFO  impl.RoleInfo (RoleInfo.java:updateAndGet(143)) - 7b1e61a0-7daf-43dd-99d5-9b325c1d31ae: start FollowerState
2019-10-20 17:39:53,623 [grpc-default-executor-2] INFO  impl.RoleInfo (RoleInfo.java:updateAndGet(143)) - 8a63e1ae-032e-4bed-9f20-125a11f65413: start FollowerState
2019-10-20 17:39:53,690 [8f18dce1-0a3d-4b65-9c78-af3d58b2da7f@group-091950D56227-LeaderElection39] INFO  impl.LeaderElection (LeaderElection.java:logAndReturn(56)) - 8f18dce1-0a3d-4b65-9c78-af3d58b2da7f@group-091950D56227-LeaderElection39: Election TIMEOUT; received 0 response(s) [] and 0 exception(s); 8f18dce1-0a3d-4b65-9c78-af3d58b2da7f@group-091950D56227:t46, leader=null, voted=8f18dce1-0a3d-4b65-9c78-af3d58b2da7f, raftlog=8f18dce1-0a3d-4b65-9c78-af3d58b2da7f@group-091950D56227-SegmentedRaftLog:OPENED:c-1,f-1,i0, conf=-1: [8a63e1ae-032e-4bed-9f20-125a11f65413:0.0.0.0:38685, 8f18dce1-0a3d-4b65-9c78-af3d58b2da7f:0.0.0.0:42489, 7b1e61a0-7daf-43dd-99d5-9b325c1d31ae:0.0.0.0:38412], old=null
2019-10-20 17:39:54,723 [8f18dce1-0a3d-4b65-9c78-af3d58b2da7f@group-091950D56227-LeaderElection39] INFO  impl.LeaderElection (LeaderElection.java:askForVotes(178)) - 8f18dce1-0a3d-4b65-9c78-af3d58b2da7f@group-091950D56227-LeaderElection39: begin an election at term 47 for -1: [8a63e1ae-032e-4bed-9f20-125a11f65413:0.0.0.0:38685, 8f18dce1-0a3d-4b65-9c78-af3d58b2da7f:0.0.0.0:42489, 7b1e61a0-7daf-43dd-99d5-9b325c1d31ae:0.0.0.0:38412], old=null
2019-10-20 17:39:54,727 [grpc-default-executor-2] INFO  impl.RaftServerImpl (RaftServerImpl.java:setRole(184)) - 8a63e1ae-032e-4bed-9f20-125a11f65413@group-091950D56227: changes role from  FOLLOWER to FOLLOWER at term 47 for recognizeCandidate:8f18dce1-0a3d-4b65-9c78-af3d58b2da7f
2019-10-20 17:39:54,727 [grpc-default-executor-2] INFO  impl.RoleInfo (RoleInfo.java:shutdownFollowerState(121)) - 8a63e1ae-032e-4bed-9f20-125a11f65413: shutdown FollowerState
2019-10-20 17:39:54,727 [grpc-default-executor-0] INFO  impl.RaftServerImpl (RaftServerImpl.java:setRole(184)) - 7b1e61a0-7daf-43dd-99d5-9b325c1d31ae@group-091950D56227: changes role from  FOLLOWER to FOLLOWER at term 47 for recognizeCandidate:8f18dce1-0a3d-4b65-9c78-af3d58b2da7f
2019-10-20 17:39:54,728 [Thread-308] INFO  impl.FollowerState (FollowerState.java:run(117)) - 8a63e1ae-032e-4bed-9f20-125a11f65413@group-091950D56227-FollowerState was interrupted: java.lang.InterruptedException: sleep interrupted
2019-10-20 17:39:54,728 [grpc-default-executor-0] INFO  impl.RoleInfo (RoleInfo.java:shutdownFollowerState(121)) - 7b1e61a0-7daf-43dd-99d5-9b325c1d31ae: shutdown FollowerState
2019-10-20 17:39:54,727 [grpc-default-executor-2] INFO  impl.RoleInfo (RoleInfo.java:updateAndGet(143)) - 8a63e1ae-032e-4bed-9f20-125a11f65413: start FollowerState
2019-10-20 17:39:54,728 [Thread-307] INFO  impl.FollowerState (FollowerState.java:run(117)) - 7b1e61a0-7daf-43dd-99d5-9b325c1d31ae@group-091950D56227-FollowerState was interrupted: java.lang.InterruptedException: sleep interrupted
2019-10-20 17:39:54,728 [grpc-default-executor-0] INFO  impl.RoleInfo (RoleInfo.java:updateAndGet(143)) - 7b1e61a0-7daf-43dd-99d5-9b325c1d31ae: start FollowerState
2019-10-20 17:39:54,749 [8f18dce1-0a3d-4b65-9c78-af3d58b2da7f@group-091950D56227-LeaderElection39] INFO  impl.LeaderElection (LeaderElection.java:logAndReturn(56)) - 8f18dce1-0a3d-4b65-9c78-af3d58b2da7f@group-091950D56227-LeaderElection39: Election REJECTED; received 2 response(s) [8f18dce1-0a3d-4b65-9c78-af3d58b2da7f<-8a63e1ae-032e-4bed-9f20-125a11f65413#0:FAIL-t47, 8f18dce1-0a3d-4b65-9c78-af3d58b2da7f<-7b1e61a0-7daf-43dd-99d5-9b325c1d31ae#0:FAIL-t47] and 0 exception(s); 8f18dce1-0a3d-4b65-9c78-af3d58b2da7f@group-091950D56227:t47, leader=null, voted=8f18dce1-0a3d-4b65-9c78-af3d58b2da7f, raftlog=8f18dce1-0a3d-4b65-9c78-af3d58b2da7f@group-091950D56227-SegmentedRaftLog:OPENED:c-1,f-1,i0, conf=-1: [8a63e1ae-032e-4bed-9f20-125a11f65413:0.0.0.0:38685, 8f18dce1-0a3d-4b65-9c78-af3d58b2da7f:0.0.0.0:42489, 7b1e61a0-7daf-43dd-99d5-9b325c1d31ae:0.0.0.0:38412], old=null
2019-10-20 17:39:54,750 [8f18dce1-0a3d-4b65-9c78-af3d58b2da7f@group-091950D56227-LeaderElection39] INFO  impl.RaftServerImpl (RaftServerImpl.java:setRole(184)) - 8f18dce1-0a3d-4b65-9c78-af3d58b2da7f@group-091950D56227: changes role from CANDIDATE to FOLLOWER at term 47 for DISCOVERED_A_NEW_TERM
2019-10-20 17:39:54,750 [8f18dce1-0a3d-4b65-9c78-af3d58b2da7f@group-091950D56227-LeaderElection39] INFO  impl.RoleInfo (RoleInfo.java:shutdownLeaderElection(134)) - 8f18dce1-0a3d-4b65-9c78-af3d58b2da7f: shutdown LeaderElection
2019-10-20 17:39:54,750 [8f18dce1-0a3d-4b65-9c78-af3d58b2da7f@group-091950D56227-LeaderElection39] INFO  impl.RoleInfo (RoleInfo.java:updateAndGet(143)) - 8f18dce1-0a3d-4b65-9c78-af3d58b2da7f: start FollowerState
2019-10-20 17:39:54,869 [Thread-315] INFO  impl.FollowerState (FollowerState.java:run(108)) - 8f18dce1-0a3d-4b65-9c78-af3d58b2da7f@group-091950D56227-FollowerState: change to CANDIDATE, lastRpcTime:119ms, electionTimeout:119ms
2019-10-20 17:39:54,870 [Thread-315] INFO  impl.RoleInfo (RoleInfo.java:shutdownFollowerState(121)) - 8f18dce1-0a3d-4b65-9c78-af3d58b2da7f: shutdown FollowerState
2019-10-20 17:39:54,870 [Thread-315] INFO  impl.RaftServerImpl (RaftServerImpl.java:setRole(184)) - 8f18dce1-0a3d-4b65-9c78-af3d58b2da7f@group-091950D56227: changes role from  FOLLOWER to CANDIDATE at term 47 for changeToCandidate
2019-10-20 17:39:54,870 [Thread-315] INFO  impl.RoleInfo (RoleInfo.java:updateAndGet(143)) - 8f18dce1-0a3d-4b65-9c78-af3d58b2da7f: start LeaderElection
2019-10-20 17:39:54,898 [8f18dce1-0a3d-4b65-9c78-af3d58b2da7f@group-091950D56227-LeaderElection40] INFO  impl.LeaderElection (LeaderElection.java:askForVotes(178)) - 8f18dce1-0a3d-4b65-9c78-af3d58b2da7f@group-091950D56227-LeaderElection40: begin an election at term 48 for -1: [8a63e1ae-032e-4bed-9f20-125a11f65413:0.0.0.0:38685, 8f18dce1-0a3d-4b65-9c78-af3d58b2da7f:0.0.0.0:42489, 7b1e61a0-7daf-43dd-99d5-9b325c1d31ae:0.0.0.0:38412], old=null
2019-10-20 17:39:54,901 [grpc-default-executor-0] INFO  impl.RaftServerImpl (RaftServerImpl.java:setRole(184)) - 8a63e1ae-032e-4bed-9f20-125a11f65413@group-091950D56227: changes role from  FOLLOWER to FOLLOWER at term 48 for recognizeCandidate:8f18dce1-0a3d-4b65-9c78-af3d58b2da7f
2019-10-20 17:39:54,901 [grpc-default-executor-0] INFO  impl.RoleInfo (RoleInfo.java:shutdownFollowerState(121)) - 8a63e1ae-032e-4bed-9f20-125a11f65413: shutdown FollowerState
2019-10-20 17:39:54,901 [grpc-default-executor-0] INFO  impl.RoleInfo (RoleInfo.java:updateAndGet(143)) - 8a63e1ae-032e-4bed-9f20-125a11f65413: start FollowerState
2019-10-20 17:39:54,901 [Thread-313] INFO  impl.FollowerState (FollowerState.java:run(117)) - 8a63e1ae-032e-4bed-9f20-125a11f65413@group-091950D56227-FollowerState was interrupted: java.lang.InterruptedException: sleep interrupted
2019-10-20 17:39:54,901 [grpc-default-executor-2] INFO  impl.RaftServerImpl (RaftServerImpl.java:setRole(184)) - 7b1e61a0-7daf-43dd-99d5-9b325c1d31ae@group-091950D56227: changes role from  FOLLOWER to FOLLOWER at term 48 for recognizeCandidate:8f18dce1-0a3d-4b65-9c78-af3d58b2da7f
2019-10-20 17:39:54,901 [grpc-default-executor-2] INFO  impl.RoleInfo (RoleInfo.java:shutdownFollowerState(121)) - 7b1e61a0-7daf-43dd-99d5-9b325c1d31ae: shutdown FollowerState
2019-10-20 17:39:54,902 [grpc-default-executor-2] INFO  impl.RoleInfo (RoleInfo.java:updateAndGet(143)) - 7b1e61a0-7daf-43dd-99d5-9b325c1d31ae: start FollowerState
2019-10-20 17:39:54,902 [Thread-314] INFO  impl.FollowerState (FollowerState.java:run(117)) - 7b1e61a0-7daf-43dd-99d5-9b325c1d31ae@group-091950D56227-FollowerState was interrupted: java.lang.InterruptedException: sleep interrupted
2019-10-20 17:39:54,925 [8f18dce1-0a3d-4b65-9c78-af3d58b2da7f@group-091950D56227-LeaderElection40] INFO  impl.LeaderElection (LeaderElection.java:logAndReturn(56)) - 8f18dce1-0a3d-4b65-9c78-af3d58b2da7f@group-091950D56227-LeaderElection40: Election REJECTED; received 2 response(s) [8f18dce1-0a3d-4b65-9c78-af3d58b2da7f<-8a63e1ae-032e-4bed-9f20-125a11f65413#0:FAIL-t48, 8f18dce1-0a3d-4b65-9c78-af3d58b2da7f<-7b1e61a0-7daf-43dd-99d5-9b325c1d31ae#0:FAIL-t48] and 0 exception(s); 8f18dce1-0a3d-4b65-9c78-af3d58b2da7f@group-091950D56227:t48, leader=null, voted=8f18dce1-0a3d-4b65-9c78-af3d58b2da7f, raftlog=8f18dce1-0a3d-4b65-9c78-af3d58b2da7f@group-091950D56227-SegmentedRaftLog:OPENED:c-1,f-1,i0, conf=-1: [8a63e1ae-032e-4bed-9f20-125a11f65413:0.0.0.0:38685, 8f18dce1-0a3d-4b65-9c78-af3d58b2da7f:0.0.0.0:42489, 7b1e61a0-7daf-43dd-99d5-9b325c1d31ae:0.0.0.0:38412], old=null
2019-10-20 17:39:54,926 [8f18dce1-0a3d-4b65-9c78-af3d58b2da7f@group-091950D56227-LeaderElection40] INFO  impl.RaftServerImpl (RaftServerImpl.java:setRole(184)) - 8f18dce1-0a3d-4b65-9c78-af3d58b2da7f@group-091950D56227: changes role from CANDIDATE to FOLLOWER at term 48 for DISCOVERED_A_NEW_TERM
2019-10-20 17:39:54,926 [8f18dce1-0a3d-4b65-9c78-af3d58b2da7f@group-091950D56227-LeaderElection40] INFO  impl.RoleInfo (RoleInfo.java:shutdownLeaderElection(134)) - 8f18dce1-0a3d-4b65-9c78-af3d58b2da7f: shutdown LeaderElection
2019-10-20 17:39:54,926 [8f18dce1-0a3d-4b65-9c78-af3d58b2da7f@group-091950D56227-LeaderElection40] INFO  impl.RoleInfo (RoleInfo.java:updateAndGet(143)) - 8f18dce1-0a3d-4b65-9c78-af3d58b2da7f: start FollowerState
2019-10-20 17:39:55,117 [Thread-323] INFO  impl.FollowerState (FollowerState.java:run(108)) - 8f18dce1-0a3d-4b65-9c78-af3d58b2da7f@group-091950D56227-FollowerState: change to CANDIDATE, lastRpcTime:191ms, electionTimeout:191ms
2019-10-20 17:39:55,118 [Thread-323] INFO  impl.RoleInfo (RoleInfo.java:shutdownFollowerState(121)) - 8f18dce1-0a3d-4b65-9c78-af3d58b2da7f: shutdown FollowerState
2019-10-20 17:39:55,118 [Thread-323] INFO  impl.RaftServerImpl (RaftServerImpl.java:setRole(184)) - 8f18dce1-0a3d-4b65-9c78-af3d58b2da7f@group-091950D56227: changes role from  FOLLOWER to CANDIDATE at term 48 for changeToCandidate
2019-10-20 17:39:55,118 [Thread-323] INFO  impl.RoleInfo (RoleInfo.java:updateAndGet(143)) - 8f18dce1-0a3d-4b65-9c78-af3d58b2da7f: start LeaderElection
2019-10-20 17:39:55,149 [8f18dce1-0a3d-4b65-9c78-af3d58b2da7f@group-091950D56227-LeaderElection41] INFO  impl.LeaderElection (LeaderElection.java:askForVotes(178)) - 8f18dce1-0a3d-4b65-9c78-af3d58b2da7f@group-091950D56227-LeaderElection41: begin an election at term 49 for -1: [8a63e1ae-032e-4bed-9f20-125a11f65413:0.0.0.0:38685, 8f18dce1-0a3d-4b65-9c78-af3d58b2da7f:0.0.0.0:42489, 7b1e61a0-7daf-43dd-99d5-9b325c1d31ae:0.0.0.0:38412], old=null
2019-10-20 17:39:55,152 [grpc-default-executor-2] INFO  impl.RaftServerImpl (RaftServerImpl.java:setRole(184)) - 7b1e61a0-7daf-43dd-99d5-9b325c1d31ae@group-091950D56227: changes role from  FOLLOWER to FOLLOWER at term 49 for recognizeCandidate:8f18dce1-0a3d-4b65-9c78-af3d58b2da7f
2019-10-20 17:39:55,152 [grpc-default-executor-0] INFO  impl.RaftServerImpl (RaftServerImpl.java:setRole(184)) - 8a63e1ae-032e-4bed-9f20-125a11f65413@group-091950D56227: changes role from  FOLLOWER to FOLLOWER at term 49 for recognizeCandidate:8f18dce1-0a3d-4b65-9c78-af3d58b2da7f
2019-10-20 17:39:55,152 [grpc-default-executor-2] INFO  impl.RoleInfo (RoleInfo.java:shutdownFollowerState(121)) - 7b1e61a0-7daf-43dd-99d5-9b325c1d31ae: shutdown FollowerState
2019-10-20 17:39:55,153 [grpc-default-executor-0] INFO  impl.RoleInfo (RoleInfo.java:shutdownFollowerState(121)) - 8a63e1ae-032e-4bed-9f20-125a11f65413: shutdown FollowerState
2019-10-20 17:39:55,153 [grpc-default-executor-2] INFO  impl.RoleInfo (RoleInfo.java:updateAndGet(143)) - 7b1e61a0-7daf-43dd-99d5-9b325c1d31ae: start FollowerState
2019-10-20 17:39:55,153 [Thread-322] INFO  impl.FollowerState (FollowerState.java:run(117)) - 7b1e61a0-7daf-43dd-99d5-9b325c1d31ae@group-091950D56227-FollowerState was interrupted: java.lang.InterruptedException: sleep interrupted
2019-10-20 17:39:55,153 [grpc-default-executor-0] INFO  impl.RoleInfo (RoleInfo.java:updateAndGet(143)) - 8a63e1ae-032e-4bed-9f20-125a11f65413: start FollowerState
2019-10-20 17:39:55,153 [Thread-321] INFO  impl.FollowerState (FollowerState.java:run(117)) - 8a63e1ae-032e-4bed-9f20-125a11f65413@group-091950D56227-FollowerState was interrupted: java.lang.InterruptedException: sleep interrupted
2019-10-20 17:39:55,168 [8f18dce1-0a3d-4b65-9c78-af3d58b2da7f@group-091950D56227-LeaderElection41] INFO  impl.LeaderElection (LeaderElection.java:logAndReturn(56)) - 8f18dce1-0a3d-4b65-9c78-af3d58b2da7f@group-091950D56227-LeaderElection41: Election REJECTED; received 2 response(s) [8f18dce1-0a3d-4b65-9c78-af3d58b2da7f<-8a63e1ae-032e-4bed-9f20-125a11f65413#0:FAIL-t49, 8f18dce1-0a3d-4b65-9c78-af3d58b2da7f<-7b1e61a0-7daf-43dd-99d5-9b325c1d31ae#0:FAIL-t49] and 0 exception(s); 8f18dce1-0a3d-4b65-9c78-af3d58b2da7f@group-091950D56227:t49, leader=null, voted=8f18dce1-0a3d-4b65-9c78-af3d58b2da7f, raftlog=8f18dce1-0a3d-4b65-9c78-af3d58b2da7f@group-091950D56227-SegmentedRaftLog:OPENED:c-1,f-1,i0, conf=-1: [8a63e1ae-032e-4bed-9f20-125a11f65413:0.0.0.0:38685, 8f18dce1-0a3d-4b65-9c78-af3d58b2da7f:0.0.0.0:42489, 7b1e61a0-7daf-43dd-99d5-9b325c1d31ae:0.0.0.0:38412], old=null
2019-10-20 17:39:55,168 [8f18dce1-0a3d-4b65-9c78-af3d58b2da7f@group-091950D56227-LeaderElection41] INFO  impl.RaftServerImpl (RaftServerImpl.java:setRole(184)) - 8f18dce1-0a3d-4b65-9c78-af3d58b2da7f@group-091950D56227: changes role from CANDIDATE to FOLLOWER at term 49 for DISCOVERED_A_NEW_TERM
2019-10-20 17:39:55,168 [8f18dce1-0a3d-4b65-9c78-af3d58b2da7f@group-091950D56227-LeaderElection41] INFO  impl.RoleInfo (RoleInfo.java:shutdownLeaderElection(134)) - 8f18dce1-0a3d-4b65-9c78-af3d58b2da7f: shutdown LeaderElection
2019-10-20 17:39:55,168 [8f18dce1-0a3d-4b65-9c78-af3d58b2da7f@group-091950D56227-LeaderElection41] INFO  impl.RoleInfo (RoleInfo.java:updateAndGet(143)) - 8f18dce1-0a3d-4b65-9c78-af3d58b2da7f: start FollowerState
2019-10-20 17:39:55,354 [Thread-329] INFO  impl.FollowerState (FollowerState.java:run(108)) - 8f18dce1-0a3d-4b65-9c78-af3d58b2da7f@group-091950D56227-FollowerState: change to CANDIDATE, lastRpcTime:185ms, electionTimeout:185ms
2019-10-20 17:39:55,354 [Thread-329] INFO  impl.RoleInfo (RoleInfo.java:shutdownFollowerState(121)) - 8f18dce1-0a3d-4b65-9c78-af3d58b2da7f: shutdown FollowerState
2019-10-20 17:39:55,354 [Thread-329] INFO  impl.RaftServerImpl (RaftServerImpl.java:setRole(184)) - 8f18dce1-0a3d-4b65-9c78-af3d58b2da7f@group-091950D56227: changes role from  FOLLOWER to CANDIDATE at term 49 for changeToCandidate
2019-10-20 17:39:55,354 [Thread-329] INFO  impl.RoleInfo (RoleInfo.java:updateAndGet(143)) - 8f18dce1-0a3d-4b65-9c78-af3d58b2da7f: start LeaderElection
2019-10-20 17:39:55,384 [8f18dce1-0a3d-4b65-9c78-af3d58b2da7f@group-091950D56227-LeaderElection42] INFO  impl.LeaderElection (LeaderElection.java:askForVotes(178)) - 8f18dce1-0a3d-4b65-9c78-af3d58b2da7f@group-091950D56227-LeaderElection42: begin an election at term 50 for -1: [8a63e1ae-032e-4bed-9f20-125a11f65413:0.0.0.0:38685, 8f18dce1-0a3d-4b65-9c78-af3d58b2da7f:0.0.0.0:42489, 7b1e61a0-7daf-43dd-99d5-9b325c1d31ae:0.0.0.0:38412], old=null
2019-10-20 17:39:55,387 [grpc-default-executor-2] INFO  impl.RaftServerImpl (RaftServerImpl.java:setRole(184)) - 8a63e1ae-032e-4bed-9f20-125a11f65413@group-091950D56227: changes role from  FOLLOWER to FOLLOWER at term 50 for recognizeCandidate:8f18dce1-0a3d-4b65-9c78-af3d58b2da7f
2019-10-20 17:39:55,387 [grpc-default-executor-0] INFO  impl.RaftServerImpl (RaftServerImpl.java:setRole(184)) - 7b1e61a0-7daf-43dd-99d5-9b325c1d31ae@group-091950D56227: changes role from  FOLLOWER to FOLLOWER at term 50 for recognizeCandidate:8f18dce1-0a3d-4b65-9c78-af3d58b2da7f
2019-10-20 17:39:55,387 [grpc-default-executor-2] INFO  impl.RoleInfo (RoleInfo.java:shutdownFollowerState(121)) - 8a63e1ae-032e-4bed-9f20-125a11f65413: shutdown FollowerState
2019-10-20 17:39:55,387 [grpc-default-executor-0] INFO  impl.RoleInfo (RoleInfo.java:shutdownFollowerState(121)) - 7b1e61a0-7daf-43dd-99d5-9b325c1d31ae: shutdown FollowerState
2019-10-20 17:39:55,387 [grpc-default-executor-2] INFO  impl.RoleInfo (RoleInfo.java:updateAndGet(143)) - 8a63e1ae-032e-4bed-9f20-125a11f65413: start FollowerState
2019-10-20 17:39:55,387 [Thread-327] INFO  impl.FollowerState (FollowerState.java:run(117)) - 7b1e61a0-7daf-43dd-99d5-9b325c1d31ae@group-091950D56227-FollowerState was interrupted: java.lang.InterruptedException: sleep interrupted
2019-10-20 17:39:55,387 [grpc-default-executor-0] INFO  impl.RoleInfo (RoleInfo.java:updateAndGet(143)) - 7b1e61a0-7daf-43dd-99d5-9b325c1d31ae: start FollowerState
2019-10-20 17:39:55,387 [Thread-328] INFO  impl.FollowerState (FollowerState.java:run(117)) - 8a63e1ae-032e-4bed-9f20-125a11f65413@group-091950D56227-FollowerState was interrupted: java.lang.InterruptedException: sleep interrupted
2019-10-20 17:39:55,412 [8f18dce1-0a3d-4b65-9c78-af3d58b2da7f@group-091950D56227-LeaderElection42] INFO  impl.LeaderElection (LeaderElection.java:logAndReturn(56)) - 8f18dce1-0a3d-4b65-9c78-af3d58b2da7f@group-091950D56227-LeaderElection42: Election REJECTED; received 2 response(s) [8f18dce1-0a3d-4b65-9c78-af3d58b2da7f<-8a63e1ae-032e-4bed-9f20-125a11f65413#0:FAIL-t50, 8f18dce1-0a3d-4b65-9c78-af3d58b2da7f<-7b1e61a0-7daf-43dd-99d5-9b325c1d31ae#0:FAIL-t50] and 0 exception(s); 8f18dce1-0a3d-4b65-9c78-af3d58b2da7f@group-091950D56227:t50, leader=null, voted=8f18dce1-0a3d-4b65-9c78-af3d58b2da7f, raftlog=8f18dce1-0a3d-4b65-9c78-af3d58b2da7f@group-091950D56227-SegmentedRaftLog:OPENED:c-1,f-1,i0, conf=-1: [8a63e1ae-032e-4bed-9f20-125a11f65413:0.0.0.0:38685, 8f18dce1-0a3d-4b65-9c78-af3d58b2da7f:0.0.0.0:42489, 7b1e61a0-7daf-43dd-99d5-9b325c1d31ae:0.0.0.0:38412], old=null
2019-10-20 17:39:55,412 [8f18dce1-0a3d-4b65-9c78-af3d58b2da7f@group-091950D56227-LeaderElection42] INFO  impl.RaftServerImpl (RaftServerImpl.java:setRole(184)) - 8f18dce1-0a3d-4b65-9c78-af3d58b2da7f@group-091950D56227: changes role from CANDIDATE to FOLLOWER at term 50 for DISCOVERED_A_NEW_TERM
2019-10-20 17:39:55,412 [8f18dce1-0a3d-4b65-9c78-af3d58b2da7f@group-091950D56227-LeaderElection42] INFO  impl.RoleInfo (RoleInfo.java:shutdownLeaderElection(134)) - 8f18dce1-0a3d-4b65-9c78-af3d58b2da7f: shutdown LeaderElection
2019-10-20 17:39:55,412 [8f18dce1-0a3d-4b65-9c78-af3d58b2da7f@group-091950D56227-LeaderElection42] INFO  impl.RoleInfo (RoleInfo.java:updateAndGet(143)) - 8f18dce1-0a3d-4b65-9c78-af3d58b2da7f: start FollowerState
2019-10-20 17:39:55,471 [Thread-335] INFO  impl.FollowerState (FollowerState.java:run(108)) - 8f18dce1-0a3d-4b65-9c78-af3d58b2da7f@group-091950D56227-FollowerState: change to CANDIDATE, lastRpcTime:58ms, electionTimeout:58ms
2019-10-20 17:39:55,471 [Thread-335] INFO  impl.RoleInfo (RoleInfo.java:shutdownFollowerState(121)) - 8f18dce1-0a3d-4b65-9c78-af3d58b2da7f: shutdown FollowerState
2019-10-20 17:39:55,471 [Thread-335] INFO  impl.RaftServerImpl (RaftServerImpl.java:setRole(184)) - 8f18dce1-0a3d-4b65-9c78-af3d58b2da7f@group-091950D56227: changes role from  FOLLOWER to CANDIDATE at term 50 for changeToCandidate
2019-10-20 17:39:55,471 [Thread-335] INFO  impl.RoleInfo (RoleInfo.java:updateAndGet(143)) - 8f18dce1-0a3d-4b65-9c78-af3d58b2da7f: start LeaderElection
2019-10-20 17:39:55,494 [8f18dce1-0a3d-4b65-9c78-af3d58b2da7f@group-091950D56227-LeaderElection43] INFO  impl.LeaderElection (LeaderElection.java:askForVotes(178)) - 8f18dce1-0a3d-4b65-9c78-af3d58b2da7f@group-091950D56227-LeaderElection43: begin an election at term 51 for -1: [8a63e1ae-032e-4bed-9f20-125a11f65413:0.0.0.0:38685, 8f18dce1-0a3d-4b65-9c78-af3d58b2da7f:0.0.0.0:42489, 7b1e61a0-7daf-43dd-99d5-9b325c1d31ae:0.0.0.0:38412], old=null
2019-10-20 17:39:55,497 [grpc-default-executor-0] INFO  impl.RaftServerImpl (RaftServerImpl.java:setRole(184)) - 7b1e61a0-7daf-43dd-99d5-9b325c1d31ae@group-091950D56227: changes role from  FOLLOWER to FOLLOWER at term 51 for recognizeCandidate:8f18dce1-0a3d-4b65-9c78-af3d58b2da7f
2019-10-20 17:39:55,497 [grpc-default-executor-2] INFO  impl.RaftServerImpl (RaftServerImpl.java:setRole(184)) - 8a63e1ae-032e-4bed-9f20-125a11f65413@group-091950D56227: changes role from  FOLLOWER to FOLLOWER at term 51 for recognizeCandidate:8f18dce1-0a3d-4b65-9c78-af3d58b2da7f
2019-10-20 17:39:55,497 [grpc-default-executor-0] INFO  impl.RoleInfo (RoleInfo.java:shutdownFollowerState(121)) - 7b1e61a0-7daf-43dd-99d5-9b325c1d31ae: shutdown FollowerState
2019-10-20 17:39:55,498 [grpc-default-executor-2] INFO  impl.RoleInfo (RoleInfo.java:shutdownFollowerState(121)) - 8a63e1ae-032e-4bed-9f20-125a11f65413: shutdown FollowerState
2019-10-20 17:39:55,498 [Thread-334] INFO  impl.FollowerState (FollowerState.java:run(117)) - 7b1e61a0-7daf-43dd-99d5-9b325c1d31ae@group-091950D56227-FollowerState was interrupted: java.lang.InterruptedException: sleep interrupted
2019-10-20 17:39:55,498 [grpc-default-executor-0] INFO  impl.RoleInfo (RoleInfo.java:updateAndGet(143)) - 7b1e61a0-7daf-43dd-99d5-9b325c1d31ae: start FollowerState
2019-10-20 17:39:55,498 [Thread-333] INFO  impl.FollowerState (FollowerState.java:run(117)) - 8a63e1ae-032e-4bed-9f20-125a11f65413@group-091950D56227-FollowerState was interrupted: java.lang.InterruptedException: sleep interrupted
2019-10-20 17:39:55,498 [grpc-default-executor-2] INFO  impl.RoleInfo (RoleInfo.java:updateAndGet(143)) - 8a63e1ae-032e-4bed-9f20-125a11f65413: start FollowerState
2019-10-20 17:39:55,521 [8f18dce1-0a3d-4b65-9c78-af3d58b2da7f@group-091950D56227-LeaderElection43] INFO  impl.LeaderElection (LeaderElection.java:logAndReturn(56)) - 8f18dce1-0a3d-4b65-9c78-af3d58b2da7f@group-091950D56227-LeaderElection43: Election REJECTED; received 2 response(s) [8f18dce1-0a3d-4b65-9c78-af3d58b2da7f<-8a63e1ae-032e-4bed-9f20-125a11f65413#0:FAIL-t51, 8f18dce1-0a3d-4b65-9c78-af3d58b2da7f<-7b1e61a0-7daf-43dd-99d5-9b325c1d31ae#0:FAIL-t51] and 0 exception(s); 8f18dce1-0a3d-4b65-9c78-af3d58b2da7f@group-091950D56227:t51, leader=null, voted=8f18dce1-0a3d-4b65-9c78-af3d58b2da7f, raftlog=8f18dce1-0a3d-4b65-9c78-af3d58b2da7f@group-091950D56227-SegmentedRaftLog:OPENED:c-1,f-1,i0, conf=-1: [8a63e1ae-032e-4bed-9f20-125a11f65413:0.0.0.0:38685, 8f18dce1-0a3d-4b65-9c78-af3d58b2da7f:0.0.0.0:42489, 7b1e61a0-7daf-43dd-99d5-9b325c1d31ae:0.0.0.0:38412], old=null
2019-10-20 17:39:55,521 [8f18dce1-0a3d-4b65-9c78-af3d58b2da7f@group-091950D56227-LeaderElection43] INFO  impl.RaftServerImpl (RaftServerImpl.java:setRole(184)) - 8f18dce1-0a3d-4b65-9c78-af3d58b2da7f@group-091950D56227: changes role from CANDIDATE to FOLLOWER at term 51 for DISCOVERED_A_NEW_TERM
2019-10-20 17:39:55,521 [8f18dce1-0a3d-4b65-9c78-af3d58b2da7f@group-091950D56227-LeaderElection43] INFO  impl.RoleInfo (RoleInfo.java:shutdownLeaderElection(134)) - 8f18dce1-0a3d-4b65-9c78-af3d58b2da7f: shutdown LeaderElection
2019-10-20 17:39:55,522 [8f18dce1-0a3d-4b65-9c78-af3d58b2da7f@group-091950D56227-LeaderElection43] INFO  impl.RoleInfo (RoleInfo.java:updateAndGet(143)) - 8f18dce1-0a3d-4b65-9c78-af3d58b2da7f: start FollowerState
2019-10-20 17:39:55,523 [Thread-341] INFO  impl.FollowerState (FollowerState.java:run(108)) - 8f18dce1-0a3d-4b65-9c78-af3d58b2da7f@group-091950D56227-FollowerState: change to CANDIDATE, lastRpcTime:1ms, electionTimeout:1ms
2019-10-20 17:39:55,523 [Thread-341] INFO  impl.RoleInfo (RoleInfo.java:shutdownFollowerState(121)) - 8f18dce1-0a3d-4b65-9c78-af3d58b2da7f: shutdown FollowerState
2019-10-20 17:39:55,523 [Thread-341] INFO  impl.RaftServerImpl (RaftServerImpl.java:setRole(184)) - 8f18dce1-0a3d-4b65-9c78-af3d58b2da7f@group-091950D56227: changes role from  FOLLOWER to CANDIDATE at term 51 for changeToCandidate
2019-10-20 17:39:55,523 [Thread-341] INFO  impl.RoleInfo (RoleInfo.java:updateAndGet(143)) - 8f18dce1-0a3d-4b65-9c78-af3d58b2da7f: start LeaderElection
2019-10-20 17:39:55,545 [8f18dce1-0a3d-4b65-9c78-af3d58b2da7f@group-091950D56227-LeaderElection44] INFO  impl.LeaderElection (LeaderElection.java:askForVotes(178)) - 8f18dce1-0a3d-4b65-9c78-af3d58b2da7f@group-091950D56227-LeaderElection44: begin an election at term 52 for -1: [8a63e1ae-032e-4bed-9f20-125a11f65413:0.0.0.0:38685, 8f18dce1-0a3d-4b65-9c78-af3d58b2da7f:0.0.0.0:42489, 7b1e61a0-7daf-43dd-99d5-9b325c1d31ae:0.0.0.0:38412], old=null
2019-10-20 17:39:55,548 [grpc-default-executor-0] INFO  impl.RaftServerImpl (RaftServerImpl.java:setRole(184)) - 8a63e1ae-032e-4bed-9f20-125a11f65413@group-091950D56227: changes role from  FOLLOWER to FOLLOWER at term 52 for recognizeCandidate:8f18dce1-0a3d-4b65-9c78-af3d58b2da7f
2019-10-20 17:39:55,548 [grpc-default-executor-2] INFO  impl.RaftServerImpl (RaftServerImpl.java:setRole(184)) - 7b1e61a0-7daf-43dd-99d5-9b325c1d31ae@group-091950D56227: changes role from  FOLLOWER to FOLLOWER at term 52 for recognizeCandidate:8f18dce1-0a3d-4b65-9c78-af3d58b2da7f
2019-10-20 17:39:55,548 [grpc-default-executor-0] INFO  impl.RoleInfo (RoleInfo.java:shutdownFollowerState(121)) - 8a63e1ae-032e-4bed-9f20-125a11f65413: shutdown FollowerState
2019-10-20 17:39:55,548 [grpc-default-executor-2] INFO  impl.RoleInfo (RoleInfo.java:shutdownFollowerState(121)) - 7b1e61a0-7daf-43dd-99d5-9b325c1d31ae: shutdown FollowerState
2019-10-20 17:39:55,548 [grpc-default-executor-0] INFO  impl.RoleInfo (RoleInfo.java:updateAndGet(143)) - 8a63e1ae-032e-4bed-9f20-125a11f65413: start FollowerState
2019-10-20 17:39:55,548 [Thread-340] INFO  impl.FollowerState (FollowerState.java:run(117)) - 8a63e1ae-032e-4bed-9f20-125a11f65413@group-091950D56227-FollowerState was interrupted: java.lang.InterruptedException: sleep interrupted
2019-10-20 17:39:55,549 [Thread-339] INFO  impl.FollowerState (FollowerState.java:run(117)) - 7b1e61a0-7daf-43dd-99d5-9b325c1d31ae@group-091950D56227-FollowerState was interrupted: java.lang.InterruptedException: sleep interrupted
2019-10-20 17:39:55,549 [grpc-default-executor-2] INFO  impl.RoleInfo (RoleInfo.java:updateAndGet(143)) - 7b1e61a0-7daf-43dd-99d5-9b325c1d31ae: start FollowerState
2019-10-20 17:39:55,572 [8f18dce1-0a3d-4b65-9c78-af3d58b2da7f@group-091950D56227-LeaderElection44] INFO  impl.LeaderElection (LeaderElection.java:logAndReturn(56)) - 8f18dce1-0a3d-4b65-9c78-af3d58b2da7f@group-091950D56227-LeaderElection44: Election REJECTED; received 2 response(s) [8f18dce1-0a3d-4b65-9c78-af3d58b2da7f<-8a63e1ae-032e-4bed-9f20-125a11f65413#0:FAIL-t52, 8f18dce1-0a3d-4b65-9c78-af3d58b2da7f<-7b1e61a0-7daf-43dd-99d5-9b325c1d31ae#0:FAIL-t52] and 0 exception(s); 8f18dce1-0a3d-4b65-9c78-af3d58b2da7f@group-091950D56227:t52, leader=null, voted=8f18dce1-0a3d-4b65-9c78-af3d58b2da7f, raftlog=8f18dce1-0a3d-4b65-9c78-af3d58b2da7f@group-091950D56227-SegmentedRaftLog:OPENED:c-1,f-1,i0, conf=-1: [8a63e1ae-032e-4bed-9f20-125a11f65413:0.0.0.0:38685, 8f18dce1-0a3d-4b65-9c78-af3d58b2da7f:0.0.0.0:42489, 7b1e61a0-7daf-43dd-99d5-9b325c1d31ae:0.0.0.0:38412], old=null
2019-10-20 17:39:55,572 [8f18dce1-0a3d-4b65-9c78-af3d58b2da7f@group-091950D56227-LeaderElection44] INFO  impl.RaftServerImpl (RaftServerImpl.java:setRole(184)) - 8f18dce1-0a3d-4b65-9c78-af3d58b2da7f@group-091950D56227: changes role from CANDIDATE to FOLLOWER at term 52 for DISCOVERED_A_NEW_TERM
2019-10-20 17:39:55,572 [8f18dce1-0a3d-4b65-9c78-af3d58b2da7f@group-091950D56227-LeaderElection44] INFO  impl.RoleInfo (RoleInfo.java:shutdownLeaderElection(134)) - 8f18dce1-0a3d-4b65-9c78-af3d58b2da7f: shutdown LeaderElection
2019-10-20 17:39:55,572 [8f18dce1-0a3d-4b65-9c78-af3d58b2da7f@group-091950D56227-LeaderElection44] INFO  impl.RoleInfo (RoleInfo.java:updateAndGet(143)) - 8f18dce1-0a3d-4b65-9c78-af3d58b2da7f: start FollowerState
2019-10-20 17:39:55,615 [Thread-347] INFO  impl.FollowerState (FollowerState.java:run(108)) - 8f18dce1-0a3d-4b65-9c78-af3d58b2da7f@group-091950D56227-FollowerState: change to CANDIDATE, lastRpcTime:42ms, electionTimeout:42ms
2019-10-20 17:39:55,615 [Thread-347] INFO  impl.RoleInfo (RoleInfo.java:shutdownFollowerState(121)) - 8f18dce1-0a3d-4b65-9c78-af3d58b2da7f: shutdown FollowerState
2019-10-20 17:39:55,615 [Thread-347] INFO  impl.RaftServerImpl (RaftServerImpl.java:setRole(184)) - 8f18dce1-0a3d-4b65-9c78-af3d58b2da7f@group-091950D56227: changes role from  FOLLOWER to CANDIDATE at term 52 for changeToCandidate
2019-10-20 17:39:55,615 [Thread-347] INFO  impl.RoleInfo (RoleInfo.java:updateAndGet(143)) - 8f18dce1-0a3d-4b65-9c78-af3d58b2da7f: start LeaderElection
2019-10-20 17:39:55,638 [8f18dce1-0a3d-4b65-9c78-af3d58b2da7f@group-091950D56227-LeaderElection45] INFO  impl.LeaderElection (LeaderElection.java:askForVotes(178)) - 8f18dce1-0a3d-4b65-9c78-af3d58b2da7f@group-091950D56227-LeaderElection45: begin an election at term 53 for -1: [8a63e1ae-032e-4bed-9f20-125a11f65413:0.0.0.0:38685, 8f18dce1-0a3d-4b65-9c78-af3d58b2da7f:0.0.0.0:42489, 7b1e61a0-7daf-43dd-99d5-9b325c1d31ae:0.0.0.0:38412], old=null
2019-10-20 17:39:55,641 [grpc-default-executor-0] INFO  impl.RaftServerImpl (RaftServerImpl.java:setRole(184)) - 7b1e61a0-7daf-43dd-99d5-9b325c1d31ae@group-091950D56227: changes role from  FOLLOWER to FOLLOWER at term 53 for recognizeCandidate:8f18dce1-0a3d-4b65-9c78-af3d58b2da7f
2019-10-20 17:39:55,641 [grpc-default-executor-2] INFO  impl.RaftServerImpl (RaftServerImpl.java:setRole(184)) - 8a63e1ae-032e-4bed-9f20-125a11f65413@group-091950D56227: changes role from  FOLLOWER to FOLLOWER at term 53 for recognizeCandidate:8f18dce1-0a3d-4b65-9c78-af3d58b2da7f
2019-10-20 17:39:55,642 [grpc-default-executor-0] INFO  impl.RoleInfo (RoleInfo.java:shutdownFollowerState(121)) - 7b1e61a0-7daf-43dd-99d5-9b325c1d31ae: shutdown FollowerState
2019-10-20 17:39:55,642 [grpc-default-executor-2] INFO  impl.RoleInfo (RoleInfo.java:shutdownFollowerState(121)) - 8a63e1ae-032e-4bed-9f20-125a11f65413: shutdown FollowerState
2019-10-20 17:39:55,642 [Thread-346] INFO  impl.FollowerState (FollowerState.java:run(117)) - 7b1e61a0-7daf-43dd-99d5-9b325c1d31ae@group-091950D56227-FollowerState was interrupted: java.lang.InterruptedException: sleep interrupted
2019-10-20 17:39:55,642 [grpc-default-executor-0] INFO  impl.RoleInfo (RoleInfo.java:updateAndGet(143)) - 7b1e61a0-7daf-43dd-99d5-9b325c1d31ae: start FollowerState
2019-10-20 17:39:55,642 [Thread-345] INFO  impl.FollowerState (FollowerState.java:run(117)) - 8a63e1ae-032e-4bed-9f20-125a11f65413@group-091950D56227-FollowerState was interrupted: java.lang.InterruptedException: sleep interrupted
2019-10-20 17:39:55,642 [grpc-default-executor-2] INFO  impl.RoleInfo (RoleInfo.java:updateAndGet(143)) - 8a63e1ae-032e-4bed-9f20-125a11f65413: start FollowerState
2019-10-20 17:39:55,667 [8f18dce1-0a3d-4b65-9c78-af3d58b2da7f@group-091950D56227-LeaderElection45] INFO  impl.LeaderElection (LeaderElection.java:logAndReturn(56)) - 8f18dce1-0a3d-4b65-9c78-af3d58b2da7f@group-091950D56227-LeaderElection45: Election REJECTED; received 2 response(s) [8f18dce1-0a3d-4b65-9c78-af3d58b2da7f<-8a63e1ae-032e-4bed-9f20-125a11f65413#0:FAIL-t53, 8f18dce1-0a3d-4b65-9c78-af3d58b2da7f<-7b1e61a0-7daf-43dd-99d5-9b325c1d31ae#0:FAIL-t53] and 0 exception(s); 8f18dce1-0a3d-4b65-9c78-af3d58b2da7f@group-091950D56227:t53, leader=null, voted=8f18dce1-0a3d-4b65-9c78-af3d58b2da7f, raftlog=8f18dce1-0a3d-4b65-9c78-af3d58b2da7f@group-091950D56227-SegmentedRaftLog:OPENED:c-1,f-1,i0, conf=-1: [8a63e1ae-032e-4bed-9f20-125a11f65413:0.0.0.0:38685, 8f18dce1-0a3d-4b65-9c78-af3d58b2da7f:0.0.0.0:42489, 7b1e61a0-7daf-43dd-99d5-9b325c1d31ae:0.0.0.0:38412], old=null
2019-10-20 17:39:55,668 [8f18dce1-0a3d-4b65-9c78-af3d58b2da7f@group-091950D56227-LeaderElection45] INFO  impl.RaftServerImpl (RaftServerImpl.java:setRole(184)) - 8f18dce1-0a3d-4b65-9c78-af3d58b2da7f@group-091950D56227: changes role from CANDIDATE to FOLLOWER at term 53 for DISCOVERED_A_NEW_TERM
2019-10-20 17:39:55,668 [8f18dce1-0a3d-4b65-9c78-af3d58b2da7f@group-091950D56227-LeaderElection45] INFO  impl.RoleInfo (RoleInfo.java:shutdownLeaderElection(134)) - 8f18dce1-0a3d-4b65-9c78-af3d58b2da7f: shutdown LeaderElection
2019-10-20 17:39:55,668 [8f18dce1-0a3d-4b65-9c78-af3d58b2da7f@group-091950D56227-LeaderElection45] INFO  impl.RoleInfo (RoleInfo.java:updateAndGet(143)) - 8f18dce1-0a3d-4b65-9c78-af3d58b2da7f: start FollowerState
2019-10-20 17:39:55,806 [Thread-353] INFO  impl.FollowerState (FollowerState.java:run(108)) - 8f18dce1-0a3d-4b65-9c78-af3d58b2da7f@group-091950D56227-FollowerState: change to CANDIDATE, lastRpcTime:138ms, electionTimeout:138ms
2019-10-20 17:39:55,806 [Thread-353] INFO  impl.RoleInfo (RoleInfo.java:shutdownFollowerState(121)) - 8f18dce1-0a3d-4b65-9c78-af3d58b2da7f: shutdown FollowerState
2019-10-20 17:39:55,807 [Thread-353] INFO  impl.RaftServerImpl (RaftServerImpl.java:setRole(184)) - 8f18dce1-0a3d-4b65-9c78-af3d58b2da7f@group-091950D56227: changes role from  FOLLOWER to CANDIDATE at term 53 for changeToCandidate
2019-10-20 17:39:55,807 [Thread-353] INFO  impl.RoleInfo (RoleInfo.java:updateAndGet(143)) - 8f18dce1-0a3d-4b65-9c78-af3d58b2da7f: start LeaderElection
2019-10-20 17:39:55,832 [8f18dce1-0a3d-4b65-9c78-af3d58b2da7f@group-091950D56227-LeaderElection46] INFO  impl.LeaderElection (LeaderElection.java:askForVotes(178)) - 8f18dce1-0a3d-4b65-9c78-af3d58b2da7f@group-091950D56227-LeaderElection46: begin an election at term 54 for -1: [8a63e1ae-032e-4bed-9f20-125a11f65413:0.0.0.0:38685, 8f18dce1-0a3d-4b65-9c78-af3d58b2da7f:0.0.0.0:42489, 7b1e61a0-7daf-43dd-99d5-9b325c1d31ae:0.0.0.0:38412], old=null
2019-10-20 17:39:55,835 [grpc-default-executor-2] INFO  impl.RaftServerImpl (RaftServerImpl.java:setRole(184)) - 8a63e1ae-032e-4bed-9f20-125a11f65413@group-091950D56227: changes role from  FOLLOWER to FOLLOWER at term 54 for recognizeCandidate:8f18dce1-0a3d-4b65-9c78-af3d58b2da7f
2019-10-20 17:39:55,835 [grpc-default-executor-0] INFO  impl.RaftServerImpl (RaftServerImpl.java:setRole(184)) - 7b1e61a0-7daf-43dd-99d5-9b325c1d31ae@group-091950D56227: changes role from  FOLLOWER to FOLLOWER at term 54 for recognizeCandidate:8f18dce1-0a3d-4b65-9c78-af3d58b2da7f
2019-10-20 17:39:55,836 [grpc-default-executor-2] INFO  impl.RoleInfo (RoleInfo.java:shutdownFollowerState(121)) - 8a63e1ae-032e-4bed-9f20-125a11f65413: shutdown FollowerState
2019-10-20 17:39:55,836 [grpc-default-executor-0] INFO  impl.RoleInfo (RoleInfo.java:shutdownFollowerState(121)) - 7b1e61a0-7daf-43dd-99d5-9b325c1d31ae: shutdown FollowerState
2019-10-20 17:39:55,836 [grpc-default-executor-2] INFO  impl.RoleInfo (RoleInfo.java:updateAndGet(143)) - 8a63e1ae-032e-4bed-9f20-125a11f65413: start FollowerState
2019-10-20 17:39:55,836 [grpc-default-executor-0] INFO  impl.RoleInfo (RoleInfo.java:updateAndGet(143)) - 7b1e61a0-7daf-43dd-99d5-9b325c1d31ae: start FollowerState
2019-10-20 17:39:55,836 [Thread-352] INFO  impl.FollowerState (FollowerState.java:run(117)) - 8a63e1ae-032e-4bed-9f20-125a11f65413@group-091950D56227-FollowerState was interrupted: java.lang.InterruptedException: sleep interrupted
2019-10-20 17:39:55,836 [Thread-351] INFO  impl.FollowerState (FollowerState.java:run(117)) - 7b1e61a0-7daf-43dd-99d5-9b325c1d31ae@group-091950D56227-FollowerState was interrupted: java.lang.InterruptedException: sleep interrupted
2019-10-20 17:39:55,866 [8f18dce1-0a3d-4b65-9c78-af3d58b2da7f@group-091950D56227-LeaderElection46] INFO  impl.LeaderElection (LeaderElection.java:logAndReturn(56)) - 8f18dce1-0a3d-4b65-9c78-af3d58b2da7f@group-091950D56227-LeaderElection46: Election REJECTED; received 2 response(s) [8f18dce1-0a3d-4b65-9c78-af3d58b2da7f<-8a63e1ae-032e-4bed-9f20-125a11f65413#0:FAIL-t54, 8f18dce1-0a3d-4b65-9c78-af3d58b2da7f<-7b1e61a0-7daf-43dd-99d5-9b325c1d31ae#0:FAIL-t54] and 0 exception(s); 8f18dce1-0a3d-4b65-9c78-af3d58b2da7f@group-091950D56227:t54, leader=null, voted=8f18dce1-0a3d-4b65-9c78-af3d58b2da7f, raftlog=8f18dce1-0a3d-4b65-9c78-af3d58b2da7f@group-091950D56227-SegmentedRaftLog:OPENED:c-1,f-1,i0, conf=-1: [8a63e1ae-032e-4bed-9f20-125a11f65413:0.0.0.0:38685, 8f18dce1-0a3d-4b65-9c78-af3d58b2da7f:0.0.0.0:42489, 7b1e61a0-7daf-43dd-99d5-9b325c1d31ae:0.0.0.0:38412], old=null
2019-10-20 17:39:55,867 [8f18dce1-0a3d-4b65-9c78-af3d58b2da7f@group-091950D56227-LeaderElection46] INFO  impl.RaftServerImpl (RaftServerImpl.java:setRole(184)) - 8f18dce1-0a3d-4b65-9c78-af3d58b2da7f@group-091950D56227: changes role from CANDIDATE to FOLLOWER at term 54 for DISCOVERED_A_NEW_TERM
2019-10-20 17:39:55,867 [8f18dce1-0a3d-4b65-9c78-af3d58b2da7f@group-091950D56227-LeaderElection46] INFO  impl.RoleInfo (RoleInfo.java:shutdownLeaderElection(134)) - 8f18dce1-0a3d-4b65-9c78-af3d58b2da7f: shutdown LeaderElection
2019-10-20 17:39:55,867 [8f18dce1-0a3d-4b65-9c78-af3d58b2da7f@group-091950D56227-LeaderElection46] INFO  impl.RoleInfo (RoleInfo.java:updateAndGet(143)) - 8f18dce1-0a3d-4b65-9c78-af3d58b2da7f: start FollowerState
2019-10-20 17:39:56,036 [Thread-361] INFO  impl.FollowerState (FollowerState.java:run(108)) - 8f18dce1-0a3d-4b65-9c78-af3d58b2da7f@group-091950D56227-FollowerState: change to CANDIDATE, lastRpcTime:168ms, electionTimeout:168ms
2019-10-20 17:39:56,036 [Thread-361] INFO  impl.RoleInfo (RoleInfo.java:shutdownFollowerState(121)) - 8f18dce1-0a3d-4b65-9c78-af3d58b2da7f: shutdown FollowerState
2019-10-20 17:39:56,036 [Thread-361] INFO  impl.RaftServerImpl (RaftServerImpl.java:setRole(184)) - 8f18dce1-0a3d-4b65-9c78-af3d58b2da7f@group-091950D56227: changes role from  FOLLOWER to CANDIDATE at term 54 for changeToCandidate
2019-10-20 17:39:56,036 [Thread-361] INFO  impl.RoleInfo (RoleInfo.java:updateAndGet(143)) - 8f18dce1-0a3d-4b65-9c78-af3d58b2da7f: start LeaderElection
2019-10-20 17:39:56,060 [8f18dce1-0a3d-4b65-9c78-af3d58b2da7f@group-091950D56227-LeaderElection47] INFO  impl.LeaderElection (LeaderElection.java:askForVotes(178)) - 8f18dce1-0a3d-4b65-9c78-af3d58b2da7f@group-091950D56227-LeaderElection47: begin an election at term 55 for -1: [8a63e1ae-032e-4bed-9f20-125a11f65413:0.0.0.0:38685, 8f18dce1-0a3d-4b65-9c78-af3d58b2da7f:0.0.0.0:42489, 7b1e61a0-7daf-43dd-99d5-9b325c1d31ae:0.0.0.0:38412], old=null
2019-10-20 17:39:56,065 [grpc-default-executor-1] INFO  impl.RaftServerImpl (RaftServerImpl.java:setRole(184)) - 8a63e1ae-032e-4bed-9f20-125a11f65413@group-091950D56227: changes role from  FOLLOWER to FOLLOWER at term 55 for recognizeCandidate:8f18dce1-0a3d-4b65-9c78-af3d58b2da7f
2019-10-20 17:39:56,065 [grpc-default-executor-1] INFO  impl.RoleInfo (RoleInfo.java:shutdownFollowerState(121)) - 8a63e1ae-032e-4bed-9f20-125a11f65413: shutdown FollowerState
2019-10-20 17:39:56,065 [grpc-default-executor-1] INFO  impl.RoleInfo (RoleInfo.java:updateAndGet(143)) - 8a63e1ae-032e-4bed-9f20-125a11f65413: start FollowerState
2019-10-20 17:39:56,066 [Thread-357] INFO  impl.FollowerState (FollowerState.java:run(117)) - 8a63e1ae-032e-4bed-9f20-125a11f65413@group-091950D56227-FollowerState was interrupted: java.lang.InterruptedException: sleep interrupted
2019-10-20 17:39:56,067 [grpc-default-executor-2] INFO  impl.RaftServerImpl (RaftServerImpl.java:setRole(184)) - 7b1e61a0-7daf-43dd-99d5-9b325c1d31ae@group-091950D56227: changes role from  FOLLOWER to FOLLOWER at term 55 for recognizeCandidate:8f18dce1-0a3d-4b65-9c78-af3d58b2da7f
2019-10-20 17:39:56,067 [grpc-default-executor-2] INFO  impl.RoleInfo (RoleInfo.java:shutdownFollowerState(121)) - 7b1e61a0-7daf-43dd-99d5-9b325c1d31ae: shutdown FollowerState
2019-10-20 17:39:56,067 [grpc-default-executor-2] INFO  impl.RoleInfo (RoleInfo.java:updateAndGet(143)) - 7b1e61a0-7daf-43dd-99d5-9b325c1d31ae: start FollowerState
2019-10-20 17:39:56,067 [Thread-358] INFO  impl.FollowerState (FollowerState.java:run(117)) - 7b1e61a0-7daf-43dd-99d5-9b325c1d31ae@group-091950D56227-FollowerState was interrupted: java.lang.InterruptedException: sleep interrupted
2019-10-20 17:39:56,096 [8f18dce1-0a3d-4b65-9c78-af3d58b2da7f@group-091950D56227-LeaderElection47] INFO  impl.LeaderElection (LeaderElection.java:logAndReturn(56)) - 8f18dce1-0a3d-4b65-9c78-af3d58b2da7f@group-091950D56227-LeaderElection47: Election REJECTED; received 2 response(s) [8f18dce1-0a3d-4b65-9c78-af3d58b2da7f<-8a63e1ae-032e-4bed-9f20-125a11f65413#0:FAIL-t55, 8f18dce1-0a3d-4b65-9c78-af3d58b2da7f<-7b1e61a0-7daf-43dd-99d5-9b325c1d31ae#0:FAIL-t55] and 0 exception(s); 8f18dce1-0a3d-4b65-9c78-af3d58b2da7f@group-091950D56227:t55, leader=null, voted=8f18dce1-0a3d-4b65-9c78-af3d58b2da7f, raftlog=8f18dce1-0a3d-4b65-9c78-af3d58b2da7f@group-091950D56227-SegmentedRaftLog:OPENED:c-1,f-1,i0, conf=-1: [8a63e1ae-032e-4bed-9f20-125a11f65413:0.0.0.0:38685, 8f18dce1-0a3d-4b65-9c78-af3d58b2da7f:0.0.0.0:42489, 7b1e61a0-7daf-43dd-99d5-9b325c1d31ae:0.0.0.0:38412], old=null
2019-10-20 17:39:56,096 [8f18dce1-0a3d-4b65-9c78-af3d58b2da7f@group-091950D56227-LeaderElection47] INFO  impl.RaftServerImpl (RaftServerImpl.java:setRole(184)) - 8f18dce1-0a3d-4b65-9c78-af3d58b2da7f@group-091950D56227: changes role from CANDIDATE to FOLLOWER at term 55 for DISCOVERED_A_NEW_TERM
2019-10-20 17:39:56,097 [8f18dce1-0a3d-4b65-9c78-af3d58b2da7f@group-091950D56227-LeaderElection47] INFO  impl.RoleInfo (RoleInfo.java:shutdownLeaderElection(134)) - 8f18dce1-0a3d-4b65-9c78-af3d58b2da7f: shutdown LeaderElection
2019-10-20 17:39:56,097 [8f18dce1-0a3d-4b65-9c78-af3d58b2da7f@group-091950D56227-LeaderElection47] INFO  impl.RoleInfo (RoleInfo.java:updateAndGet(143)) - 8f18dce1-0a3d-4b65-9c78-af3d58b2da7f: start FollowerState
2019-10-20 17:39:56,159 [Thread-367] INFO  impl.FollowerState (FollowerState.java:run(108)) - 8f18dce1-0a3d-4b65-9c78-af3d58b2da7f@group-091950D56227-FollowerState: change to CANDIDATE, lastRpcTime:62ms, electionTimeout:62ms
2019-10-20 17:39:56,160 [Thread-367] INFO  impl.RoleInfo (RoleInfo.java:shutdownFollowerState(121)) - 8f18dce1-0a3d-4b65-9c78-af3d58b2da7f: shutdown FollowerState
2019-10-20 17:39:56,160 [Thread-367] INFO  impl.RaftServerImpl (RaftServerImpl.java:setRole(184)) - 8f18dce1-0a3d-4b65-9c78-af3d58b2da7f@group-091950D56227: changes role from  FOLLOWER to CANDIDATE at term 55 for changeToCandidate
2019-10-20 17:39:56,160 [Thread-367] INFO  impl.RoleInfo (RoleInfo.java:updateAndGet(143)) - 8f18dce1-0a3d-4b65-9c78-af3d58b2da7f: start LeaderElection
2019-10-20 17:39:56,184 [8f18dce1-0a3d-4b65-9c78-af3d58b2da7f@group-091950D56227-LeaderElection48] INFO  impl.LeaderElection (LeaderElection.java:askForVotes(178)) - 8f18dce1-0a3d-4b65-9c78-af3d58b2da7f@group-091950D56227-LeaderElection48: begin an election at term 56 for -1: [8a63e1ae-032e-4bed-9f20-125a11f65413:0.0.0.0:38685, 8f18dce1-0a3d-4b65-9c78-af3d58b2da7f:0.0.0.0:42489, 7b1e61a0-7daf-43dd-99d5-9b325c1d31ae:0.0.0.0:38412], old=null
2019-10-20 17:39:56,187 [grpc-default-executor-1] INFO  impl.RaftServerImpl (RaftServerImpl.java:setRole(184)) - 7b1e61a0-7daf-43dd-99d5-9b325c1d31ae@group-091950D56227: changes role from  FOLLOWER to FOLLOWER at term 56 for recognizeCandidate:8f18dce1-0a3d-4b65-9c78-af3d58b2da7f
2019-10-20 17:39:56,187 [grpc-default-executor-2] INFO  impl.RaftServerImpl (RaftServerImpl.java:setRole(184)) - 8a63e1ae-032e-4bed-9f20-125a11f65413@group-091950D56227: changes role from  FOLLOWER to FOLLOWER at term 56 for recognizeCandidate:8f18dce1-0a3d-4b65-9c78-af3d58b2da7f
2019-10-20 17:39:56,188 [grpc-default-executor-1] INFO  impl.RoleInfo (RoleInfo.java:shutdownFollowerState(121)) - 7b1e61a0-7daf-43dd-99d5-9b325c1d31ae: shutdown FollowerState
2019-10-20 17:39:56,188 [grpc-default-executor-2] INFO  impl.RoleInfo (RoleInfo.java:shutdownFollowerState(121)) - 8a63e1ae-032e-4bed-9f20-125a11f65413: shutdown FollowerState
2019-10-20 17:39:56,188 [grpc-default-executor-1] INFO  impl.RoleInfo (RoleInfo.java:updateAndGet(143)) - 7b1e61a0-7daf-43dd-99d5-9b325c1d31ae: start FollowerState
2019-10-20 17:39:56,188 [Thread-365] INFO  impl.FollowerState (FollowerState.java:run(117)) - 8a63e1ae-032e-4bed-9f20-125a11f65413@group-091950D56227-FollowerState was interrupted: java.lang.InterruptedException: sleep interrupted
2019-10-20 17:39:56,188 [grpc-default-executor-2] INFO  impl.RoleInfo (RoleInfo.java:updateAndGet(143)) - 8a63e1ae-032e-4bed-9f20-125a11f65413: start FollowerState
2019-10-20 17:39:56,188 [Thread-366] INFO  impl.FollowerState (FollowerState.java:run(117)) - 7b1e61a0-7daf-43dd-99d5-9b325c1d31ae@group-091950D56227-FollowerState was interrupted: java.lang.InterruptedException: sleep interrupted
2019-10-20 17:39:56,226 [8f18dce1-0a3d-4b65-9c78-af3d58b2da7f@group-091950D56227-LeaderElection48] INFO  impl.LeaderElection (LeaderElection.java:logAndReturn(56)) - 8f18dce1-0a3d-4b65-9c78-af3d58b2da7f@group-091950D56227-LeaderElection48: Election REJECTED; received 2 response(s) [8f18dce1-0a3d-4b65-9c78-af3d58b2da7f<-8a63e1ae-032e-4bed-9f20-125a11f65413#0:FAIL-t56, 8f18dce1-0a3d-4b65-9c78-af3d58b2da7f<-7b1e61a0-7daf-43dd-99d5-9b325c1d31ae#0:FAIL-t56] and 0 exception(s); 8f18dce1-0a3d-4b65-9c78-af3d58b2da7f@group-091950D56227:t56, leader=null, voted=8f18dce1-0a3d-4b65-9c78-af3d58b2da7f, raftlog=8f18dce1-0a3d-4b65-9c78-af3d58b2da7f@group-091950D56227-SegmentedRaftLog:OPENED:c-1,f-1,i0, conf=-1: [8a63e1ae-032e-4bed-9f20-125a11f65413:0.0.0.0:38685, 8f18dce1-0a3d-4b65-9c78-af3d58b2da7f:0.0.0.0:42489, 7b1e61a0-7daf-43dd-99d5-9b325c1d31ae:0.0.0.0:38412], old=null
2019-10-20 17:39:56,226 [8f18dce1-0a3d-4b65-9c78-af3d58b2da7f@group-091950D56227-LeaderElection48] INFO  impl.RaftServerImpl (RaftServerImpl.java:setRole(184)) - 8f18dce1-0a3d-4b65-9c78-af3d58b2da7f@group-091950D56227: changes role from CANDIDATE to FOLLOWER at term 56 for DISCOVERED_A_NEW_TERM
2019-10-20 17:39:56,227 [8f18dce1-0a3d-4b65-9c78-af3d58b2da7f@group-091950D56227-LeaderElection48] INFO  impl.RoleInfo (RoleInfo.java:shutdownLeaderElection(134)) - 8f18dce1-0a3d-4b65-9c78-af3d58b2da7f: shutdown LeaderElection
2019-10-20 17:39:56,227 [8f18dce1-0a3d-4b65-9c78-af3d58b2da7f@group-091950D56227-LeaderElection48] INFO  impl.RoleInfo (RoleInfo.java:updateAndGet(143)) - 8f18dce1-0a3d-4b65-9c78-af3d58b2da7f: start FollowerState
2019-10-20 17:39:56,336 [Thread-373] INFO  impl.FollowerState (FollowerState.java:run(108)) - 8f18dce1-0a3d-4b65-9c78-af3d58b2da7f@group-091950D56227-FollowerState: change to CANDIDATE, lastRpcTime:109ms, electionTimeout:109ms
2019-10-20 17:39:56,337 [Thread-373] INFO  impl.RoleInfo (RoleInfo.java:shutdownFollowerState(121)) - 8f18dce1-0a3d-4b65-9c78-af3d58b2da7f: shutdown FollowerState
2019-10-20 17:39:56,337 [Thread-373] INFO  impl.RaftServerImpl (RaftServerImpl.java:setRole(184)) - 8f18dce1-0a3d-4b65-9c78-af3d58b2da7f@group-091950D56227: changes role from  FOLLOWER to CANDIDATE at term 56 for changeToCandidate
2019-10-20 17:39:56,337 [Thread-373] INFO  impl.RoleInfo (RoleInfo.java:updateAndGet(143)) - 8f18dce1-0a3d-4b65-9c78-af3d58b2da7f: start LeaderElection
2019-10-20 17:39:56,392 [8f18dce1-0a3d-4b65-9c78-af3d58b2da7f@group-091950D56227-LeaderElection49] INFO  impl.LeaderElection (LeaderElection.java:askForVotes(178)) - 8f18dce1-0a3d-4b65-9c78-af3d58b2da7f@group-091950D56227-LeaderElection49: begin an election at term 57 for -1: [8a63e1ae-032e-4bed-9f20-125a11f65413:0.0.0.0:38685, 8f18dce1-0a3d-4b65-9c78-af3d58b2da7f:0.0.0.0:42489, 7b1e61a0-7daf-43dd-99d5-9b325c1d31ae:0.0.0.0:38412], old=null
2019-10-20 17:39:56,395 [grpc-default-executor-1] INFO  impl.RaftServerImpl (RaftServerImpl.java:setRole(184)) - 7b1e61a0-7daf-43dd-99d5-9b325c1d31ae@group-091950D56227: changes role from  FOLLOWER to FOLLOWER at term 57 for recognizeCandidate:8f18dce1-0a3d-4b65-9c78-af3d58b2da7f
2019-10-20 17:39:56,395 [grpc-default-executor-2] INFO  impl.RaftServerImpl (RaftServerImpl.java:setRole(184)) - 8a63e1ae-032e-4bed-9f20-125a11f65413@group-091950D56227: changes role from  FOLLOWER to FOLLOWER at term 57 for recognizeCandidate:8f18dce1-0a3d-4b65-9c78-af3d58b2da7f
2019-10-20 17:39:56,395 [grpc-default-executor-1] INFO  impl.RoleInfo (RoleInfo.java:shutdownFollowerState(121)) - 7b1e61a0-7daf-43dd-99d5-9b325c1d31ae: shutdown FollowerState
2019-10-20 17:39:56,395 [grpc-default-executor-2] INFO  impl.RoleInfo (RoleInfo.java:shutdownFollowerState(121)) - 8a63e1ae-032e-4bed-9f20-125a11f65413: shutdown FollowerState
2019-10-20 17:39:56,395 [Thread-371] INFO  impl.FollowerState (FollowerState.java:run(117)) - 7b1e61a0-7daf-43dd-99d5-9b325c1d31ae@group-091950D56227-FollowerState was interrupted: java.lang.InterruptedException: sleep interrupted
2019-10-20 17:39:56,395 [grpc-default-executor-1] INFO  impl.RoleInfo (RoleInfo.java:updateAndGet(143)) - 7b1e61a0-7daf-43dd-99d5-9b325c1d31ae: start FollowerState
2019-10-20 17:39:56,395 [Thread-372] INFO  impl.FollowerState (FollowerState.java:run(117)) - 8a63e1ae-032e-4bed-9f20-125a11f65413@group-091950D56227-FollowerState was interrupted: java.lang.InterruptedException: sleep interrupted
2019-10-20 17:39:56,395 [grpc-default-executor-2] INFO  impl.RoleInfo (RoleInfo.java:updateAndGet(143)) - 8a63e1ae-032e-4bed-9f20-125a11f65413: start FollowerState
2019-10-20 17:39:56,418 [8f18dce1-0a3d-4b65-9c78-af3d58b2da7f@group-091950D56227-LeaderElection49] INFO  impl.LeaderElection (LeaderElection.java:logAndReturn(56)) - 8f18dce1-0a3d-4b65-9c78-af3d58b2da7f@group-091950D56227-LeaderElection49: Election REJECTED; received 2 response(s) [8f18dce1-0a3d-4b65-9c78-af3d58b2da7f<-8a63e1ae-032e-4bed-9f20-125a11f65413#0:FAIL-t57, 8f18dce1-0a3d-4b65-9c78-af3d58b2da7f<-7b1e61a0-7daf-43dd-99d5-9b325c1d31ae#0:FAIL-t57] and 0 exception(s); 8f18dce1-0a3d-4b65-9c78-af3d58b2da7f@group-091950D56227:t57, leader=null, voted=8f18dce1-0a3d-4b65-9c78-af3d58b2da7f, raftlog=8f18dce1-0a3d-4b65-9c78-af3d58b2da7f@group-091950D56227-SegmentedRaftLog:OPENED:c-1,f-1,i0, conf=-1: [8a63e1ae-032e-4bed-9f20-125a11f65413:0.0.0.0:38685, 8f18dce1-0a3d-4b65-9c78-af3d58b2da7f:0.0.0.0:42489, 7b1e61a0-7daf-43dd-99d5-9b325c1d31ae:0.0.0.0:38412], old=null
2019-10-20 17:39:56,419 [8f18dce1-0a3d-4b65-9c78-af3d58b2da7f@group-091950D56227-LeaderElection49] INFO  impl.RaftServerImpl (RaftServerImpl.java:setRole(184)) - 8f18dce1-0a3d-4b65-9c78-af3d58b2da7f@group-091950D56227: changes role from CANDIDATE to FOLLOWER at term 57 for DISCOVERED_A_NEW_TERM
2019-10-20 17:39:56,419 [8f18dce1-0a3d-4b65-9c78-af3d58b2da7f@group-091950D56227-LeaderElection49] INFO  impl.RoleInfo (RoleInfo.java:shutdownLeaderElection(134)) - 8f18dce1-0a3d-4b65-9c78-af3d58b2da7f: shutdown LeaderElection
2019-10-20 17:39:56,419 [8f18dce1-0a3d-4b65-9c78-af3d58b2da7f@group-091950D56227-LeaderElection49] INFO  impl.RoleInfo (RoleInfo.java:updateAndGet(143)) - 8f18dce1-0a3d-4b65-9c78-af3d58b2da7f: start FollowerState
2019-10-20 17:39:56,436 [Thread-379] INFO  impl.FollowerState (FollowerState.java:run(108)) - 8f18dce1-0a3d-4b65-9c78-af3d58b2da7f@group-091950D56227-FollowerState: change to CANDIDATE, lastRpcTime:17ms, electionTimeout:17ms
2019-10-20 17:39:56,437 [Thread-379] INFO  impl.RoleInfo (RoleInfo.java:shutdownFollowerState(121)) - 8f18dce1-0a3d-4b65-9c78-af3d58b2da7f: shutdown FollowerState
2019-10-20 17:39:56,437 [Thread-379] INFO  impl.RaftServerImpl (RaftServerImpl.java:setRole(184)) - 8f18dce1-0a3d-4b65-9c78-af3d58b2da7f@group-091950D56227: changes role from  FOLLOWER to CANDIDATE at term 57 for changeToCandidate
2019-10-20 17:39:56,437 [Thread-379] INFO  impl.RoleInfo (RoleInfo.java:updateAndGet(143)) - 8f18dce1-0a3d-4b65-9c78-af3d58b2da7f: start LeaderElection
2019-10-20 17:39:56,493 [8f18dce1-0a3d-4b65-9c78-af3d58b2da7f@group-091950D56227-LeaderElection50] INFO  impl.LeaderElection (LeaderElection.java:askForVotes(178)) - 8f18dce1-0a3d-4b65-9c78-af3d58b2da7f@group-091950D56227-LeaderElection50: begin an election at term 58 for -1: [8a63e1ae-032e-4bed-9f20-125a11f65413:0.0.0.0:38685, 8f18dce1-0a3d-4b65-9c78-af3d58b2da7f:0.0.0.0:42489, 7b1e61a0-7daf-43dd-99d5-9b325c1d31ae:0.0.0.0:38412], old=null
2019-10-20 17:39:56,496 [grpc-default-executor-2] INFO  impl.RaftServerImpl (RaftServerImpl.java:setRole(184)) - 7b1e61a0-7daf-43dd-99d5-9b325c1d31ae@group-091950D56227: changes role from  FOLLOWER to FOLLOWER at term 58 for recognizeCandidate:8f18dce1-0a3d-4b65-9c78-af3d58b2da7f
2019-10-20 17:39:56,496 [grpc-default-executor-2] INFO  impl.RoleInfo (RoleInfo.java:shutdownFollowerState(121)) - 7b1e61a0-7daf-43dd-99d5-9b325c1d31ae: shutdown FollowerState
2019-10-20 17:39:56,496 [grpc-default-executor-1] INFO  impl.RaftServerImpl (RaftServerImpl.java:setRole(184)) - 8a63e1ae-032e-4bed-9f20-125a11f65413@group-091950D56227: changes role from  FOLLOWER to FOLLOWER at term 58 for recognizeCandidate:8f18dce1-0a3d-4b65-9c78-af3d58b2da7f
2019-10-20 17:39:56,496 [Thread-377] INFO  impl.FollowerState (FollowerState.java:run(117)) - 7b1e61a0-7daf-43dd-99d5-9b325c1d31ae@group-091950D56227-FollowerState was interrupted: java.lang.InterruptedException: sleep interrupted
2019-10-20 17:39:56,496 [grpc-default-executor-2] INFO  impl.RoleInfo (RoleInfo.java:updateAndGet(143)) - 7b1e61a0-7daf-43dd-99d5-9b325c1d31ae: start FollowerState
2019-10-20 17:39:56,496 [grpc-default-executor-1] INFO  impl.RoleInfo (RoleInfo.java:shutdownFollowerState(121)) - 8a63e1ae-032e-4bed-9f20-125a11f65413: shutdown FollowerState
2019-10-20 17:39:56,497 [grpc-default-executor-1] INFO  impl.RoleInfo (RoleInfo.java:updateAndGet(143)) - 8a63e1ae-032e-4bed-9f20-125a11f65413: start FollowerState
2019-10-20 17:39:56,497 [Thread-378] INFO  impl.FollowerState (FollowerState.java:run(117)) - 8a63e1ae-032e-4bed-9f20-125a11f65413@group-091950D56227-FollowerState was interrupted: java.lang.InterruptedException: sleep interrupted
2019-10-20 17:39:56,519 [8f18dce1-0a3d-4b65-9c78-af3d58b2da7f@group-091950D56227-LeaderElection50] INFO  impl.LeaderElection (LeaderElection.java:logAndReturn(56)) - 8f18dce1-0a3d-4b65-9c78-af3d58b2da7f@group-091950D56227-LeaderElection50: Election REJECTED; received 2 response(s) [8f18dce1-0a3d-4b65-9c78-af3d58b2da7f<-8a63e1ae-032e-4bed-9f20-125a11f65413#0:FAIL-t58, 8f18dce1-0a3d-4b65-9c78-af3d58b2da7f<-7b1e61a0-7daf-43dd-99d5-9b325c1d31ae#0:FAIL-t58] and 0 exception(s); 8f18dce1-0a3d-4b65-9c78-af3d58b2da7f@group-091950D56227:t58, leader=null, voted=8f18dce1-0a3d-4b65-9c78-af3d58b2da7f, raftlog=8f18dce1-0a3d-4b65-9c78-af3d58b2da7f@group-091950D56227-SegmentedRaftLog:OPENED:c-1,f-1,i0, conf=-1: [8a63e1ae-032e-4bed-9f20-125a11f65413:0.0.0.0:38685, 8f18dce1-0a3d-4b65-9c78-af3d58b2da7f:0.0.0.0:42489, 7b1e61a0-7daf-43dd-99d5-9b325c1d31ae:0.0.0.0:38412], old=null
2019-10-20 17:39:56,520 [8f18dce1-0a3d-4b65-9c78-af3d58b2da7f@group-091950D56227-LeaderElection50] INFO  impl.RaftServerImpl (RaftServerImpl.java:setRole(184)) - 8f18dce1-0a3d-4b65-9c78-af3d58b2da7f@group-091950D56227: changes role from CANDIDATE to FOLLOWER at term 58 for DISCOVERED_A_NEW_TERM
2019-10-20 17:39:56,520 [8f18dce1-0a3d-4b65-9c78-af3d58b2da7f@group-091950D56227-LeaderElection50] INFO  impl.RoleInfo (RoleInfo.java:shutdownLeaderElection(134)) - 8f18dce1-0a3d-4b65-9c78-af3d58b2da7f: shutdown LeaderElection
2019-10-20 17:39:56,520 [8f18dce1-0a3d-4b65-9c78-af3d58b2da7f@group-091950D56227-LeaderElection50] INFO  impl.RoleInfo (RoleInfo.java:updateAndGet(143)) - 8f18dce1-0a3d-4b65-9c78-af3d58b2da7f: start FollowerState
2019-10-20 17:39:56,692 [Thread-385] INFO  impl.FollowerState (FollowerState.java:run(108)) - 8f18dce1-0a3d-4b65-9c78-af3d58b2da7f@group-091950D56227-FollowerState: change to CANDIDATE, lastRpcTime:172ms, electionTimeout:172ms
2019-10-20 17:39:56,693 [Thread-385] INFO  impl.RoleInfo (RoleInfo.java:shutdownFollowerState(121)) - 8f18dce1-0a3d-4b65-9c78-af3d58b2da7f: shutdown FollowerState
2019-10-20 17:39:56,693 [Thread-385] INFO  impl.RaftServerImpl (RaftServerImpl.java:setRole(184)) - 8f18dce1-0a3d-4b65-9c78-af3d58b2da7f@group-091950D56227: changes role from  FOLLOWER to CANDIDATE at term 58 for changeToCandidate
2019-10-20 17:39:56,693 [Thread-385] INFO  impl.RoleInfo (RoleInfo.java:updateAndGet(143)) - 8f18dce1-0a3d-4b65-9c78-af3d58b2da7f: start LeaderElection
2019-10-20 17:39:56,720 [8f18dce1-0a3d-4b65-9c78-af3d58b2da7f@group-091950D56227-LeaderElection51] INFO  impl.LeaderElection (LeaderElection.java:askForVotes(178)) - 8f18dce1-0a3d-4b65-9c78-af3d58b2da7f@group-091950D56227-LeaderElection51: begin an election at term 59 for -1: [8a63e1ae-032e-4bed-9f20-125a11f65413:0.0.0.0:38685, 8f18dce1-0a3d-4b65-9c78-af3d58b2da7f:0.0.0.0:42489, 7b1e61a0-7daf-43dd-99d5-9b325c1d31ae:0.0.0.0:38412], old=null
2019-10-20 17:39:56,723 [grpc-default-executor-1] INFO  impl.RaftServerImpl (RaftServerImpl.java:setRole(184)) - 7b1e61a0-7daf-43dd-99d5-9b325c1d31ae@group-091950D56227: changes role from  FOLLOWER to FOLLOWER at term 59 for recognizeCandidate:8f18dce1-0a3d-4b65-9c78-af3d58b2da7f
2019-10-20 17:39:56,723 [grpc-default-executor-2] INFO  impl.RaftServerImpl (RaftServerImpl.java:setRole(184)) - 8a63e1ae-032e-4bed-9f20-125a11f65413@group-091950D56227: changes role from  FOLLOWER to FOLLOWER at term 59 for recognizeCandidate:8f18dce1-0a3d-4b65-9c78-af3d58b2da7f
2019-10-20 17:39:56,723 [grpc-default-executor-1] INFO  impl.RoleInfo (RoleInfo.java:shutdownFollowerState(121)) - 7b1e61a0-7daf-43dd-99d5-9b325c1d31ae: shutdown FollowerState
2019-10-20 17:39:56,723 [grpc-default-executor-2] INFO  impl.RoleInfo (RoleInfo.java:shutdownFollowerState(121)) - 8a63e1ae-032e-4bed-9f20-125a11f65413: shutdown FollowerState
2019-10-20 17:39:56,724 [Thread-383] INFO  impl.FollowerState (FollowerState.java:run(117)) - 7b1e61a0-7daf-43dd-99d5-9b325c1d31ae@group-091950D56227-FollowerState was interrupted: java.lang.InterruptedException: sleep interrupted
2019-10-20 17:39:56,724 [Thread-384] INFO  impl.FollowerState (FollowerState.java:run(117)) - 8a63e1ae-032e-4bed-9f20-125a11f65413@group-091950D56227-FollowerState was interrupted: java.lang.InterruptedException: sleep interrupted
2019-10-20 17:39:56,723 [grpc-default-executor-1] INFO  impl.RoleInfo (RoleInfo.java:updateAndGet(143)) - 7b1e61a0-7daf-43dd-99d5-9b325c1d31ae: start FollowerState
2019-10-20 17:39:56,724 [grpc-default-executor-2] INFO  impl.RoleInfo (RoleInfo.java:updateAndGet(143)) - 8a63e1ae-032e-4bed-9f20-125a11f65413: start FollowerState
2019-10-20 17:39:56,772 [8f18dce1-0a3d-4b65-9c78-af3d58b2da7f@group-091950D56227-LeaderElection51] INFO  impl.LeaderElection (LeaderElection.java:logAndReturn(56)) - 8f18dce1-0a3d-4b65-9c78-af3d58b2da7f@group-091950D56227-LeaderElection51: Election REJECTED; received 2 response(s) [8f18dce1-0a3d-4b65-9c78-af3d58b2da7f<-8a63e1ae-032e-4bed-9f20-125a11f65413#0:FAIL-t59, 8f18dce1-0a3d-4b65-9c78-af3d58b2da7f<-7b1e61a0-7daf-43dd-99d5-9b325c1d31ae#0:FAIL-t59] and 0 exception(s); 8f18dce1-0a3d-4b65-9c78-af3d58b2da7f@group-091950D56227:t59, leader=null, voted=8f18dce1-0a3d-4b65-9c78-af3d58b2da7f, raftlog=8f18dce1-0a3d-4b65-9c78-af3d58b2da7f@group-091950D56227-SegmentedRaftLog:OPENED:c-1,f-1,i0, conf=-1: [8a63e1ae-032e-4bed-9f20-125a11f65413:0.0.0.0:38685, 8f18dce1-0a3d-4b65-9c78-af3d58b2da7f:0.0.0.0:42489, 7b1e61a0-7daf-43dd-99d5-9b325c1d31ae:0.0.0.0:38412], old=null
2019-10-20 17:39:56,772 [8f18dce1-0a3d-4b65-9c78-af3d58b2da7f@group-091950D56227-LeaderElection51] INFO  impl.RaftServerImpl (RaftServerImpl.java:setRole(184)) - 8f18dce1-0a3d-4b65-9c78-af3d58b2da7f@group-091950D56227: changes role from CANDIDATE to FOLLOWER at term 59 for DISCOVERED_A_NEW_TERM
2019-10-20 17:39:56,772 [8f18dce1-0a3d-4b65-9c78-af3d58b2da7f@group-091950D56227-LeaderElection51] INFO  impl.RoleInfo (RoleInfo.java:shutdownLeaderElection(134)) - 8f18dce1-0a3d-4b65-9c78-af3d58b2da7f: shutdown LeaderElection
2019-10-20 17:39:56,773 [8f18dce1-0a3d-4b65-9c78-af3d58b2da7f@group-091950D56227-LeaderElection51] INFO  impl.RoleInfo (RoleInfo.java:updateAndGet(143)) - 8f18dce1-0a3d-4b65-9c78-af3d58b2da7f: start FollowerState
2019-10-20 17:39:56,957 [Thread-391] INFO  impl.FollowerState (FollowerState.java:run(108)) - 8f18dce1-0a3d-4b65-9c78-af3d58b2da7f@group-091950D56227-FollowerState: change to CANDIDATE, lastRpcTime:184ms, electionTimeout:184ms
2019-10-20 17:39:56,957 [Thread-391] INFO  impl.RoleInfo (RoleInfo.java:shutdownFollowerState(121)) - 8f18dce1-0a3d-4b65-9c78-af3d58b2da7f: shutdown FollowerState
2019-10-20 17:39:56,957 [Thread-391] INFO  impl.RaftServerImpl (RaftServerImpl.java:setRole(184)) - 8f18dce1-0a3d-4b65-9c78-af3d58b2da7f@group-091950D56227: changes role from  FOLLOWER to CANDIDATE at term 59 for changeToCandidate
2019-10-20 17:39:56,957 [Thread-391] INFO  impl.RoleInfo (RoleInfo.java:updateAndGet(143)) - 8f18dce1-0a3d-4b65-9c78-af3d58b2da7f: start LeaderElection
2019-10-20 17:39:56,987 [8f18dce1-0a3d-4b65-9c78-af3d58b2da7f@group-091950D56227-LeaderElection52] INFO  impl.LeaderElection (LeaderElection.java:askForVotes(178)) - 8f18dce1-0a3d-4b65-9c78-af3d58b2da7f@group-091950D56227-LeaderElection52: begin an election at term 60 for -1: [8a63e1ae-032e-4bed-9f20-125a11f65413:0.0.0.0:38685, 8f18dce1-0a3d-4b65-9c78-af3d58b2da7f:0.0.0.0:42489, 7b1e61a0-7daf-43dd-99d5-9b325c1d31ae:0.0.0.0:38412], old=null
2019-10-20 17:39:56,990 [grpc-default-executor-1] INFO  impl.RaftServerImpl (RaftServerImpl.java:setRole(184)) - 8a63e1ae-032e-4bed-9f20-125a11f65413@group-091950D56227: changes role from  FOLLOWER to FOLLOWER at term 60 for recognizeCandidate:8f18dce1-0a3d-4b65-9c78-af3d58b2da7f
2019-10-20 17:39:56,990 [grpc-default-executor-2] INFO  impl.RaftServerImpl (RaftServerImpl.java:setRole(184)) - 7b1e61a0-7daf-43dd-99d5-9b325c1d31ae@group-091950D56227: changes role from  FOLLOWER to FOLLOWER at term 60 for recognizeCandidate:8f18dce1-0a3d-4b65-9c78-af3d58b2da7f
2019-10-20 17:39:56,990 [grpc-default-executor-1] INFO  impl.RoleInfo (RoleInfo.java:shutdownFollowerState(121)) - 8a63e1ae-032e-4bed-9f20-125a11f65413: shutdown FollowerState
2019-10-20 17:39:56,991 [grpc-default-executor-2] INFO  impl.RoleInfo (RoleInfo.java:shutdownFollowerState(121)) - 7b1e61a0-7daf-43dd-99d5-9b325c1d31ae: shutdown FollowerState
2019-10-20 17:39:56,991 [Thread-390] INFO  impl.FollowerState (FollowerState.java:run(117)) - 8a63e1ae-032e-4bed-9f20-125a11f65413@group-091950D56227-FollowerState was interrupted: java.lang.InterruptedException: sleep interrupted
2019-10-20 17:39:56,991 [Thread-389] INFO  impl.FollowerState (FollowerState.java:run(117)) - 7b1e61a0-7daf-43dd-99d5-9b325c1d31ae@group-091950D56227-FollowerState was interrupted: java.lang.InterruptedException: sleep interrupted
2019-10-20 17:39:56,991 [grpc-default-executor-1] INFO  impl.RoleInfo (RoleInfo.java:updateAndGet(143)) - 8a63e1ae-032e-4bed-9f20-125a11f65413: start FollowerState
2019-10-20 17:39:56,991 [grpc-default-executor-2] INFO  impl.RoleInfo (RoleInfo.java:updateAndGet(143)) - 7b1e61a0-7daf-43dd-99d5-9b325c1d31ae: start FollowerState
2019-10-20 17:39:57,039 [8f18dce1-0a3d-4b65-9c78-af3d58b2da7f@group-091950D56227-LeaderElection52] INFO  impl.LeaderElection (LeaderElection.java:logAndReturn(56)) - 8f18dce1-0a3d-4b65-9c78-af3d58b2da7f@group-091950D56227-LeaderElection52: Election REJECTED; received 2 response(s) [8f18dce1-0a3d-4b65-9c78-af3d58b2da7f<-8a63e1ae-032e-4bed-9f20-125a11f65413#0:FAIL-t60, 8f18dce1-0a3d-4b65-9c78-af3d58b2da7f<-7b1e61a0-7daf-43dd-99d5-9b325c1d31ae#0:FAIL-t60] and 0 exception(s); 8f18dce1-0a3d-4b65-9c78-af3d58b2da7f@group-091950D56227:t60, leader=null, voted=8f18dce1-0a3d-4b65-9c78-af3d58b2da7f, raftlog=8f18dce1-0a3d-4b65-9c78-af3d58b2da7f@group-091950D56227-SegmentedRaftLog:OPENED:c-1,f-1,i0, conf=-1: [8a63e1ae-032e-4bed-9f20-125a11f65413:0.0.0.0:38685, 8f18dce1-0a3d-4b65-9c78-af3d58b2da7f:0.0.0.0:42489, 7b1e61a0-7daf-43dd-99d5-9b325c1d31ae:0.0.0.0:38412], old=null
2019-10-20 17:39:57,039 [8f18dce1-0a3d-4b65-9c78-af3d58b2da7f@group-091950D56227-LeaderElection52] INFO  impl.RaftServerImpl (RaftServerImpl.java:setRole(184)) - 8f18dce1-0a3d-4b65-9c78-af3d58b2da7f@group-091950D56227: changes role from CANDIDATE to FOLLOWER at term 60 for DISCOVERED_A_NEW_TERM
2019-10-20 17:39:57,040 [8f18dce1-0a3d-4b65-9c78-af3d58b2da7f@group-091950D56227-LeaderElection52] INFO  impl.RoleInfo (RoleInfo.java:shutdownLeaderElection(134)) - 8f18dce1-0a3d-4b65-9c78-af3d58b2da7f: shutdown LeaderElection
2019-10-20 17:39:57,040 [8f18dce1-0a3d-4b65-9c78-af3d58b2da7f@group-091950D56227-LeaderElection52] INFO  impl.RoleInfo (RoleInfo.java:updateAndGet(143)) - 8f18dce1-0a3d-4b65-9c78-af3d58b2da7f: start FollowerState
2019-10-20 17:39:57,174 [Thread-399] INFO  impl.FollowerState (FollowerState.java:run(108)) - 8f18dce1-0a3d-4b65-9c78-af3d58b2da7f@group-091950D56227-FollowerState: change to CANDIDATE, lastRpcTime:134ms, electionTimeout:134ms
2019-10-20 17:39:57,174 [Thread-399] INFO  impl.RoleInfo (RoleInfo.java:shutdownFollowerState(121)) - 8f18dce1-0a3d-4b65-9c78-af3d58b2da7f: shutdown FollowerState
2019-10-20 17:39:57,175 [Thread-399] INFO  impl.RaftServerImpl (RaftServerImpl.java:setRole(184)) - 8f18dce1-0a3d-4b65-9c78-af3d58b2da7f@group-091950D56227: changes role from  FOLLOWER to CANDIDATE at term 60 for changeToCandidate
2019-10-20 17:39:57,175 [Thread-399] INFO  impl.RoleInfo (RoleInfo.java:updateAndGet(143)) - 8f18dce1-0a3d-4b65-9c78-af3d58b2da7f: start LeaderElection
2019-10-20 17:39:57,198 [8f18dce1-0a3d-4b65-9c78-af3d58b2da7f@group-091950D56227-LeaderElection53] INFO  impl.LeaderElection (LeaderElection.java:askForVotes(178)) - 8f18dce1-0a3d-4b65-9c78-af3d58b2da7f@group-091950D56227-LeaderElection53: begin an election at term 61 for -1: [8a63e1ae-032e-4bed-9f20-125a11f65413:0.0.0.0:38685, 8f18dce1-0a3d-4b65-9c78-af3d58b2da7f:0.0.0.0:42489, 7b1e61a0-7daf-43dd-99d5-9b325c1d31ae:0.0.0.0:38412], old=null
2019-10-20 17:39:57,201 [grpc-default-executor-2] INFO  impl.RaftServerImpl (RaftServerImpl.java:setRole(184)) - 8a63e1ae-032e-4bed-9f20-125a11f65413@group-091950D56227: changes role from  FOLLOWER to FOLLOWER at term 61 for recognizeCandidate:8f18dce1-0a3d-4b65-9c78-af3d58b2da7f
2019-10-20 17:39:57,201 [grpc-default-executor-2] INFO  impl.RoleInfo (RoleInfo.java:shutdownFollowerState(121)) - 8a63e1ae-032e-4bed-9f20-125a11f65413: shutdown FollowerState
2019-10-20 17:39:57,201 [grpc-default-executor-1] INFO  impl.RaftServerImpl (RaftServerImpl.java:setRole(184)) - 7b1e61a0-7daf-43dd-99d5-9b325c1d31ae@group-091950D56227: changes role from  FOLLOWER to FOLLOWER at term 61 for recognizeCandidate:8f18dce1-0a3d-4b65-9c78-af3d58b2da7f
2019-10-20 17:39:57,201 [grpc-default-executor-2] INFO  impl.RoleInfo (RoleInfo.java:updateAndGet(143)) - 8a63e1ae-032e-4bed-9f20-125a11f65413: start FollowerState
2019-10-20 17:39:57,201 [Thread-397] INFO  impl.FollowerState (FollowerState.java:run(117)) - 8a63e1ae-032e-4bed-9f20-125a11f65413@group-091950D56227-FollowerState was interrupted: java.lang.InterruptedException: sleep interrupted
2019-10-20 17:39:57,201 [grpc-default-executor-1] INFO  impl.RoleInfo (RoleInfo.java:shutdownFollowerState(121)) - 7b1e61a0-7daf-43dd-99d5-9b325c1d31ae: shutdown FollowerState
2019-10-20 17:39:57,202 [grpc-default-executor-1] INFO  impl.RoleInfo (RoleInfo.java:updateAndGet(143)) - 7b1e61a0-7daf-43dd-99d5-9b325c1d31ae: start FollowerState
2019-10-20 17:39:57,202 [Thread-398] INFO  impl.FollowerState (FollowerState.java:run(117)) - 7b1e61a0-7daf-43dd-99d5-9b325c1d31ae@group-091950D56227-FollowerState was interrupted: java.lang.InterruptedException: sleep interrupted
2019-10-20 17:39:57,219 [8f18dce1-0a3d-4b65-9c78-af3d58b2da7f@group-091950D56227-LeaderElection53] INFO  impl.LeaderElection (LeaderElection.java:logAndReturn(56)) - 8f18dce1-0a3d-4b65-9c78-af3d58b2da7f@group-091950D56227-LeaderElection53: Election TIMEOUT; received 0 response(s) [] and 0 exception(s); 8f18dce1-0a3d-4b65-9c78-af3d58b2da7f@group-091950D56227:t61, leader=null, voted=8f18dce1-0a3d-4b65-9c78-af3d58b2da7f, raftlog=8f18dce1-0a3d-4b65-9c78-af3d58b2da7f@group-091950D56227-SegmentedRaftLog:OPENED:c-1,f-1,i0, conf=-1: [8a63e1ae-032e-4bed-9f20-125a11f65413:0.0.0.0:38685, 8f18dce1-0a3d-4b65-9c78-af3d58b2da7f:0.0.0.0:42489, 7b1e61a0-7daf-43dd-99d5-9b325c1d31ae:0.0.0.0:38412], old=null
2019-10-20 17:39:57,243 [8f18dce1-0a3d-4b65-9c78-af3d58b2da7f@group-091950D56227-LeaderElection53] INFO  impl.LeaderElection (LeaderElection.java:askForVotes(178)) - 8f18dce1-0a3d-4b65-9c78-af3d58b2da7f@group-091950D56227-LeaderElection53: begin an election at term 62 for -1: [8a63e1ae-032e-4bed-9f20-125a11f65413:0.0.0.0:38685, 8f18dce1-0a3d-4b65-9c78-af3d58b2da7f:0.0.0.0:42489, 7b1e61a0-7daf-43dd-99d5-9b325c1d31ae:0.0.0.0:38412], old=null
2019-10-20 17:39:57,245 [grpc-default-executor-1] INFO  impl.RaftServerImpl (RaftServerImpl.java:setRole(184)) - 8a63e1ae-032e-4bed-9f20-125a11f65413@group-091950D56227: changes role from  FOLLOWER to FOLLOWER at term 62 for recognizeCandidate:8f18dce1-0a3d-4b65-9c78-af3d58b2da7f
2019-10-20 17:39:57,245 [grpc-default-executor-2] INFO  impl.RaftServerImpl (RaftServerImpl.java:setRole(184)) - 7b1e61a0-7daf-43dd-99d5-9b325c1d31ae@group-091950D56227: changes role from  FOLLOWER to FOLLOWER at term 62 for recognizeCandidate:8f18dce1-0a3d-4b65-9c78-af3d58b2da7f
2019-10-20 17:39:57,245 [grpc-default-executor-1] INFO  impl.RoleInfo (RoleInfo.java:shutdownFollowerState(121)) - 8a63e1ae-032e-4bed-9f20-125a11f65413: shutdown FollowerState
2019-10-20 17:39:57,245 [grpc-default-executor-2] INFO  impl.RoleInfo (RoleInfo.java:shutdownFollowerState(121)) - 7b1e61a0-7daf-43dd-99d5-9b325c1d31ae: shutdown FollowerState
2019-10-20 17:39:57,245 [Thread-403] INFO  impl.FollowerState (FollowerState.java:run(117)) - 8a63e1ae-032e-4bed-9f20-125a11f65413@group-091950D56227-FollowerState was interrupted: java.lang.InterruptedException: sleep interrupted
2019-10-20 17:39:57,245 [grpc-default-executor-1] INFO  impl.RoleInfo (RoleInfo.java:updateAndGet(143)) - 8a63e1ae-032e-4bed-9f20-125a11f65413: start FollowerState
2019-10-20 17:39:57,245 [Thread-404] INFO  impl.FollowerState (FollowerState.java:run(117)) - 7b1e61a0-7daf-43dd-99d5-9b325c1d31ae@group-091950D56227-FollowerState was interrupted: java.lang.InterruptedException: sleep interrupted
2019-10-20 17:39:57,245 [grpc-default-executor-2] INFO  impl.RoleInfo (RoleInfo.java:updateAndGet(143)) - 7b1e61a0-7daf-43dd-99d5-9b325c1d31ae: start FollowerState
2019-10-20 17:39:57,269 [8f18dce1-0a3d-4b65-9c78-af3d58b2da7f@group-091950D56227-LeaderElection53] INFO  impl.LeaderElection (LeaderElection.java:logAndReturn(56)) - 8f18dce1-0a3d-4b65-9c78-af3d58b2da7f@group-091950D56227-LeaderElection53: Election REJECTED; received 2 response(s) [8f18dce1-0a3d-4b65-9c78-af3d58b2da7f<-8a63e1ae-032e-4bed-9f20-125a11f65413#0:FAIL-t62, 8f18dce1-0a3d-4b65-9c78-af3d58b2da7f<-7b1e61a0-7daf-43dd-99d5-9b325c1d31ae#0:FAIL-t62] and 0 exception(s); 8f18dce1-0a3d-4b65-9c78-af3d58b2da7f@group-091950D56227:t62, leader=null, voted=8f18dce1-0a3d-4b65-9c78-af3d58b2da7f, raftlog=8f18dce1-0a3d-4b65-9c78-af3d58b2da7f@group-091950D56227-SegmentedRaftLog:OPENED:c-1,f-1,i0, conf=-1: [8a63e1ae-032e-4bed-9f20-125a11f65413:0.0.0.0:38685, 8f18dce1-0a3d-4b65-9c78-af3d58b2da7f:0.0.0.0:42489, 7b1e61a0-7daf-43dd-99d5-9b325c1d31ae:0.0.0.0:38412], old=null
2019-10-20 17:39:57,269 [8f18dce1-0a3d-4b65-9c78-af3d58b2da7f@group-091950D56227-LeaderElection53] INFO  impl.RaftServerImpl (RaftServerImpl.java:setRole(184)) - 8f18dce1-0a3d-4b65-9c78-af3d58b2da7f@group-091950D56227: changes role from CANDIDATE to FOLLOWER at term 62 for DISCOVERED_A_NEW_TERM
2019-10-20 17:39:57,269 [8f18dce1-0a3d-4b65-9c78-af3d58b2da7f@group-091950D56227-LeaderElection53] INFO  impl.RoleInfo (RoleInfo.java:shutdownLeaderElection(134)) - 8f18dce1-0a3d-4b65-9c78-af3d58b2da7f: shutdown LeaderElection
2019-10-20 17:39:57,270 [8f18dce1-0a3d-4b65-9c78-af3d58b2da7f@group-091950D56227-LeaderElection53] INFO  impl.RoleInfo (RoleInfo.java:updateAndGet(143)) - 8f18dce1-0a3d-4b65-9c78-af3d58b2da7f: start FollowerState
2019-10-20 17:39:57,396 [Thread-409] INFO  impl.FollowerState (FollowerState.java:run(108)) - 8f18dce1-0a3d-4b65-9c78-af3d58b2da7f@group-091950D56227-FollowerState: change to CANDIDATE, lastRpcTime:126ms, electionTimeout:126ms
2019-10-20 17:39:57,396 [Thread-409] INFO  impl.RoleInfo (RoleInfo.java:shutdownFollowerState(121)) - 8f18dce1-0a3d-4b65-9c78-af3d58b2da7f: shutdown FollowerState
2019-10-20 17:39:57,396 [Thread-409] INFO  impl.RaftServerImpl (RaftServerImpl.java:setRole(184)) - 8f18dce1-0a3d-4b65-9c78-af3d58b2da7f@group-091950D56227: changes role from  FOLLOWER to CANDIDATE at term 62 for changeToCandidate
2019-10-20 17:39:57,396 [Thread-409] INFO  impl.RoleInfo (RoleInfo.java:updateAndGet(143)) - 8f18dce1-0a3d-4b65-9c78-af3d58b2da7f: start LeaderElection
2019-10-20 17:39:57,421 [8f18dce1-0a3d-4b65-9c78-af3d58b2da7f@group-091950D56227-LeaderElection54] INFO  impl.LeaderElection (LeaderElection.java:askForVotes(178)) - 8f18dce1-0a3d-4b65-9c78-af3d58b2da7f@group-091950D56227-LeaderElection54: begin an election at term 63 for -1: [8a63e1ae-032e-4bed-9f20-125a11f65413:0.0.0.0:38685, 8f18dce1-0a3d-4b65-9c78-af3d58b2da7f:0.0.0.0:42489, 7b1e61a0-7daf-43dd-99d5-9b325c1d31ae:0.0.0.0:38412], old=null
2019-10-20 17:39:57,424 [grpc-default-executor-1] INFO  impl.RaftServerImpl (RaftServerImpl.java:setRole(184)) - 7b1e61a0-7daf-43dd-99d5-9b325c1d31ae@group-091950D56227: changes role from  FOLLOWER to FOLLOWER at term 63 for recognizeCandidate:8f18dce1-0a3d-4b65-9c78-af3d58b2da7f
2019-10-20 17:39:57,424 [grpc-default-executor-1] INFO  impl.RoleInfo (RoleInfo.java:shutdownFollowerState(121)) - 7b1e61a0-7daf-43dd-99d5-9b325c1d31ae: shutdown FollowerState
2019-10-20 17:39:57,424 [grpc-default-executor-1] INFO  impl.RoleInfo (RoleInfo.java:updateAndGet(143)) - 7b1e61a0-7daf-43dd-99d5-9b325c1d31ae: start FollowerState
2019-10-20 17:39:57,424 [grpc-default-executor-2] INFO  impl.RaftServerImpl (RaftServerImpl.java:setRole(184)) - 8a63e1ae-032e-4bed-9f20-125a11f65413@group-091950D56227: changes role from  FOLLOWER to FOLLOWER at term 63 for recognizeCandidate:8f18dce1-0a3d-4b65-9c78-af3d58b2da7f
2019-10-20 17:39:57,424 [Thread-408] INFO  impl.FollowerState (FollowerState.java:run(117)) - 7b1e61a0-7daf-43dd-99d5-9b325c1d31ae@group-091950D56227-FollowerState was interrupted: java.lang.InterruptedException: sleep interrupted
2019-10-20 17:39:57,424 [grpc-default-executor-2] INFO  impl.RoleInfo (RoleInfo.java:shutdownFollowerState(121)) - 8a63e1ae-032e-4bed-9f20-125a11f65413: shutdown FollowerState
2019-10-20 17:39:57,425 [grpc-default-executor-2] INFO  impl.RoleInfo (RoleInfo.java:updateAndGet(143)) - 8a63e1ae-032e-4bed-9f20-125a11f65413: start FollowerState
2019-10-20 17:39:57,425 [Thread-407] INFO  impl.FollowerState (FollowerState.java:run(117)) - 8a63e1ae-032e-4bed-9f20-125a11f65413@group-091950D56227-FollowerState was interrupted: java.lang.InterruptedException: sleep interrupted
2019-10-20 17:39:57,449 [8f18dce1-0a3d-4b65-9c78-af3d58b2da7f@group-091950D56227-LeaderElection54] INFO  impl.LeaderElection (LeaderElection.java:logAndReturn(56)) - 8f18dce1-0a3d-4b65-9c78-af3d58b2da7f@group-091950D56227-LeaderElection54: Election REJECTED; received 2 response(s) [8f18dce1-0a3d-4b65-9c78-af3d58b2da7f<-8a63e1ae-032e-4bed-9f20-125a11f65413#0:FAIL-t63, 8f18dce1-0a3d-4b65-9c78-af3d58b2da7f<-7b1e61a0-7daf-43dd-99d5-9b325c1d31ae#0:FAIL-t63] and 0 exception(s); 8f18dce1-0a3d-4b65-9c78-af3d58b2da7f@group-091950D56227:t63, leader=null, voted=8f18dce1-0a3d-4b65-9c78-af3d58b2da7f, raftlog=8f18dce1-0a3d-4b65-9c78-af3d58b2da7f@group-091950D56227-SegmentedRaftLog:OPENED:c-1,f-1,i0, conf=-1: [8a63e1ae-032e-4bed-9f20-125a11f65413:0.0.0.0:38685, 8f18dce1-0a3d-4b65-9c78-af3d58b2da7f:0.0.0.0:42489, 7b1e61a0-7daf-43dd-99d5-9b325c1d31ae:0.0.0.0:38412], old=null
2019-10-20 17:39:57,449 [8f18dce1-0a3d-4b65-9c78-af3d58b2da7f@group-091950D56227-LeaderElection54] INFO  impl.RaftServerImpl (RaftServerImpl.java:setRole(184)) - 8f18dce1-0a3d-4b65-9c78-af3d58b2da7f@group-091950D56227: changes role from CANDIDATE to FOLLOWER at term 63 for DISCOVERED_A_NEW_TERM
2019-10-20 17:39:57,449 [8f18dce1-0a3d-4b65-9c78-af3d58b2da7f@group-091950D56227-LeaderElection54] INFO  impl.RoleInfo (RoleInfo.java:shutdownLeaderElection(134)) - 8f18dce1-0a3d-4b65-9c78-af3d58b2da7f: shutdown LeaderElection
2019-10-20 17:39:57,450 [8f18dce1-0a3d-4b65-9c78-af3d58b2da7f@group-091950D56227-LeaderElection54] INFO  impl.RoleInfo (RoleInfo.java:updateAndGet(143)) - 8f18dce1-0a3d-4b65-9c78-af3d58b2da7f: start FollowerState
2019-10-20 17:39:57,648 [Thread-415] INFO  impl.FollowerState (FollowerState.java:run(108)) - 8f18dce1-0a3d-4b65-9c78-af3d58b2da7f@group-091950D56227-FollowerState: change to CANDIDATE, lastRpcTime:198ms, electionTimeout:198ms
2019-10-20 17:39:57,648 [Thread-415] INFO  impl.RoleInfo (RoleInfo.java:shutdownFollowerState(121)) - 8f18dce1-0a3d-4b65-9c78-af3d58b2da7f: shutdown FollowerState
2019-10-20 17:39:57,648 [Thread-415] INFO  impl.RaftServerImpl (RaftServerImpl.java:setRole(184)) - 8f18dce1-0a3d-4b65-9c78-af3d58b2da7f@group-091950D56227: changes role from  FOLLOWER to CANDIDATE at term 63 for changeToCandidate
2019-10-20 17:39:57,648 [Thread-415] INFO  impl.RoleInfo (RoleInfo.java:updateAndGet(143)) - 8f18dce1-0a3d-4b65-9c78-af3d58b2da7f: start LeaderElection
2019-10-20 17:39:57,672 [8f18dce1-0a3d-4b65-9c78-af3d58b2da7f@group-091950D56227-LeaderElection55] INFO  impl.LeaderElection (LeaderElection.java:askForVotes(178)) - 8f18dce1-0a3d-4b65-9c78-af3d58b2da7f@group-091950D56227-LeaderElection55: begin an election at term 64 for -1: [8a63e1ae-032e-4bed-9f20-125a11f65413:0.0.0.0:38685, 8f18dce1-0a3d-4b65-9c78-af3d58b2da7f:0.0.0.0:42489, 7b1e61a0-7daf-43dd-99d5-9b325c1d31ae:0.0.0.0:38412], old=null
2019-10-20 17:39:57,674 [grpc-default-executor-2] INFO  impl.RaftServerImpl (RaftServerImpl.java:setRole(184)) - 8a63e1ae-032e-4bed-9f20-125a11f65413@group-091950D56227: changes role from  FOLLOWER to FOLLOWER at term 64 for recognizeCandidate:8f18dce1-0a3d-4b65-9c78-af3d58b2da7f
2019-10-20 17:39:57,674 [grpc-default-executor-2] INFO  impl.RoleInfo (RoleInfo.java:shutdownFollowerState(121)) - 8a63e1ae-032e-4bed-9f20-125a11f65413: shutdown FollowerState
2019-10-20 17:39:57,674 [grpc-default-executor-1] INFO  impl.RaftServerImpl (RaftServerImpl.java:setRole(184)) - 7b1e61a0-7daf-43dd-99d5-9b325c1d31ae@group-091950D56227: changes role from  FOLLOWER to FOLLOWER at term 64 for recognizeCandidate:8f18dce1-0a3d-4b65-9c78-af3d58b2da7f
2019-10-20 17:39:57,675 [Thread-414] INFO  impl.FollowerState (FollowerState.java:run(117)) - 8a63e1ae-032e-4bed-9f20-125a11f65413@group-091950D56227-FollowerState was interrupted: java.lang.InterruptedException: sleep interrupted
2019-10-20 17:39:57,674 [grpc-default-executor-2] INFO  impl.RoleInfo (RoleInfo.java:updateAndGet(143)) - 8a63e1ae-032e-4bed-9f20-125a11f65413: start FollowerState
2019-10-20 17:39:57,675 [grpc-default-executor-1] INFO  impl.RoleInfo (RoleInfo.java:shutdownFollowerState(121)) - 7b1e61a0-7daf-43dd-99d5-9b325c1d31ae: shutdown FollowerState
2019-10-20 17:39:57,675 [grpc-default-executor-1] INFO  impl.RoleInfo (RoleInfo.java:updateAndGet(143)) - 7b1e61a0-7daf-43dd-99d5-9b325c1d31ae: start FollowerState
2019-10-20 17:39:57,675 [Thread-413] INFO  impl.FollowerState (FollowerState.java:run(117)) - 7b1e61a0-7daf-43dd-99d5-9b325c1d31ae@group-091950D56227-FollowerState was interrupted: java.lang.InterruptedException: sleep interrupted
2019-10-20 17:39:57,710 [8f18dce1-0a3d-4b65-9c78-af3d58b2da7f@group-091950D56227-LeaderElection55] INFO  impl.LeaderElection (LeaderElection.java:logAndReturn(56)) - 8f18dce1-0a3d-4b65-9c78-af3d58b2da7f@group-091950D56227-LeaderElection55: Election REJECTED; received 2 response(s) [8f18dce1-0a3d-4b65-9c78-af3d58b2da7f<-8a63e1ae-032e-4bed-9f20-125a11f65413#0:FAIL-t64, 8f18dce1-0a3d-4b65-9c78-af3d58b2da7f<-7b1e61a0-7daf-43dd-99d5-9b325c1d31ae#0:FAIL-t64] and 0 exception(s); 8f18dce1-0a3d-4b65-9c78-af3d58b2da7f@group-091950D56227:t64, leader=null, voted=8f18dce1-0a3d-4b65-9c78-af3d58b2da7f, raftlog=8f18dce1-0a3d-4b65-9c78-af3d58b2da7f@group-091950D56227-SegmentedRaftLog:OPENED:c-1,f-1,i0, conf=-1: [8a63e1ae-032e-4bed-9f20-125a11f65413:0.0.0.0:38685, 8f18dce1-0a3d-4b65-9c78-af3d58b2da7f:0.0.0.0:42489, 7b1e61a0-7daf-43dd-99d5-9b325c1d31ae:0.0.0.0:38412], old=null
2019-10-20 17:39:57,710 [8f18dce1-0a3d-4b65-9c78-af3d58b2da7f@group-091950D56227-LeaderElection55] INFO  impl.RaftServerImpl (RaftServerImpl.java:setRole(184)) - 8f18dce1-0a3d-4b65-9c78-af3d58b2da7f@group-091950D56227: changes role from CANDIDATE to FOLLOWER at term 64 for DISCOVERED_A_NEW_TERM
2019-10-20 17:39:57,710 [8f18dce1-0a3d-4b65-9c78-af3d58b2da7f@group-091950D56227-LeaderElection55] INFO  impl.RoleInfo (RoleInfo.java:shutdownLeaderElection(134)) - 8f18dce1-0a3d-4b65-9c78-af3d58b2da7f: shutdown LeaderElection
2019-10-20 17:39:57,710 [8f18dce1-0a3d-4b65-9c78-af3d58b2da7f@group-091950D56227-LeaderElection55] INFO  impl.RoleInfo (RoleInfo.java:updateAndGet(143)) - 8f18dce1-0a3d-4b65-9c78-af3d58b2da7f: start FollowerState
2019-10-20 17:39:57,875 [Thread-421] INFO  impl.FollowerState (FollowerState.java:run(108)) - 8f18dce1-0a3d-4b65-9c78-af3d58b2da7f@group-091950D56227-FollowerState: change to CANDIDATE, lastRpcTime:164ms, electionTimeout:164ms
2019-10-20 17:39:57,875 [Thread-421] INFO  impl.RoleInfo (RoleInfo.java:shutdownFollowerState(121)) - 8f18dce1-0a3d-4b65-9c78-af3d58b2da7f: shutdown FollowerState
2019-10-20 17:39:57,875 [Thread-421] INFO  impl.RaftServerImpl (RaftServerImpl.java:setRole(184)) - 8f18dce1-0a3d-4b65-9c78-af3d58b2da7f@group-091950D56227: changes role from  FOLLOWER to CANDIDATE at term 64 for changeToCandidate
2019-10-20 17:39:57,875 [Thread-421] INFO  impl.RoleInfo (RoleInfo.java:updateAndGet(143)) - 8f18dce1-0a3d-4b65-9c78-af3d58b2da7f: start LeaderElection
2019-10-20 17:39:57,909 [8f18dce1-0a3d-4b65-9c78-af3d58b2da7f@group-091950D56227-LeaderElection56] INFO  impl.LeaderElection (LeaderElection.java:askForVotes(178)) - 8f18dce1-0a3d-4b65-9c78-af3d58b2da7f@group-091950D56227-LeaderElection56: begin an election at term 65 for -1: [8a63e1ae-032e-4bed-9f20-125a11f65413:0.0.0.0:38685, 8f18dce1-0a3d-4b65-9c78-af3d58b2da7f:0.0.0.0:42489, 7b1e61a0-7daf-43dd-99d5-9b325c1d31ae:0.0.0.0:38412], old=null
2019-10-20 17:39:57,914 [grpc-default-executor-1] INFO  impl.RaftServerImpl (RaftServerImpl.java:setRole(184)) - 7b1e61a0-7daf-43dd-99d5-9b325c1d31ae@group-091950D56227: changes role from  FOLLOWER to FOLLOWER at term 65 for recognizeCandidate:8f18dce1-0a3d-4b65-9c78-af3d58b2da7f
2019-10-20 17:39:57,914 [grpc-default-executor-1] INFO  impl.RoleInfo (RoleInfo.java:shutdownFollowerState(121)) - 7b1e61a0-7daf-43dd-99d5-9b325c1d31ae: shutdown FollowerState
2019-10-20 17:39:57,914 [grpc-default-executor-1] INFO  impl.RoleInfo (RoleInfo.java:updateAndGet(143)) - 7b1e61a0-7daf-43dd-99d5-9b325c1d31ae: start FollowerState
2019-10-20 17:39:57,914 [Thread-420] INFO  impl.FollowerState (FollowerState.java:run(117)) - 7b1e61a0-7daf-43dd-99d5-9b325c1d31ae@group-091950D56227-FollowerState was interrupted: java.lang.InterruptedException: sleep interrupted
2019-10-20 17:39:57,916 [grpc-default-executor-2] INFO  impl.RaftServerImpl (RaftServerImpl.java:setRole(184)) - 8a63e1ae-032e-4bed-9f20-125a11f65413@group-091950D56227: changes role from  FOLLOWER to FOLLOWER at term 65 for recognizeCandidate:8f18dce1-0a3d-4b65-9c78-af3d58b2da7f
2019-10-20 17:39:57,916 [grpc-default-executor-2] INFO  impl.RoleInfo (RoleInfo.java:shutdownFollowerState(121)) - 8a63e1ae-032e-4bed-9f20-125a11f65413: shutdown FollowerState
2019-10-20 17:39:57,916 [grpc-default-executor-2] INFO  impl.RoleInfo (RoleInfo.java:updateAndGet(143)) - 8a63e1ae-032e-4bed-9f20-125a11f65413: start FollowerState
2019-10-20 17:39:57,916 [Thread-419] INFO  impl.FollowerState (FollowerState.java:run(117)) - 8a63e1ae-032e-4bed-9f20-125a11f65413@group-091950D56227-FollowerState was interrupted: java.lang.InterruptedException: sleep interrupted
2019-10-20 17:39:57,945 [8f18dce1-0a3d-4b65-9c78-af3d58b2da7f@group-091950D56227-LeaderElection56] INFO  impl.LeaderElection (LeaderElection.java:logAndReturn(56)) - 8f18dce1-0a3d-4b65-9c78-af3d58b2da7f@group-091950D56227-LeaderElection56: Election REJECTED; received 2 response(s) [8f18dce1-0a3d-4b65-9c78-af3d58b2da7f<-8a63e1ae-032e-4bed-9f20-125a11f65413#0:FAIL-t65, 8f18dce1-0a3d-4b65-9c78-af3d58b2da7f<-7b1e61a0-7daf-43dd-99d5-9b325c1d31ae#0:FAIL-t65] and 0 exception(s); 8f18dce1-0a3d-4b65-9c78-af3d58b2da7f@group-091950D56227:t65, leader=null, voted=8f18dce1-0a3d-4b65-9c78-af3d58b2da7f, raftlog=8f18dce1-0a3d-4b65-9c78-af3d58b2da7f@group-091950D56227-SegmentedRaftLog:OPENED:c-1,f-1,i0, conf=-1: [8a63e1ae-032e-4bed-9f20-125a11f65413:0.0.0.0:38685, 8f18dce1-0a3d-4b65-9c78-af3d58b2da7f:0.0.0.0:42489, 7b1e61a0-7daf-43dd-99d5-9b325c1d31ae:0.0.0.0:38412], old=null
2019-10-20 17:39:57,945 [8f18dce1-0a3d-4b65-9c78-af3d58b2da7f@group-091950D56227-LeaderElection56] INFO  impl.RaftServerImpl (RaftServerImpl.java:setRole(184)) - 8f18dce1-0a3d-4b65-9c78-af3d58b2da7f@group-091950D56227: changes role from CANDIDATE to FOLLOWER at term 65 for DISCOVERED_A_NEW_TERM
2019-10-20 17:39:57,945 [8f18dce1-0a3d-4b65-9c78-af3d58b2da7f@group-091950D56227-LeaderElection56] INFO  impl.RoleInfo (RoleInfo.java:shutdownLeaderElection(134)) - 8f18dce1-0a3d-4b65-9c78-af3d58b2da7f: shutdown LeaderElection
2019-10-20 17:39:57,945 [8f18dce1-0a3d-4b65-9c78-af3d58b2da7f@group-091950D56227-LeaderElection56] INFO  impl.RoleInfo (RoleInfo.java:updateAndGet(143)) - 8f18dce1-0a3d-4b65-9c78-af3d58b2da7f: start FollowerState
2019-10-20 17:39:57,972 [Thread-429] INFO  impl.FollowerState (FollowerState.java:run(108)) - 8f18dce1-0a3d-4b65-9c78-af3d58b2da7f@group-091950D56227-FollowerState: change to CANDIDATE, lastRpcTime:26ms, electionTimeout:26ms
2019-10-20 17:39:57,972 [Thread-429] INFO  impl.RoleInfo (RoleInfo.java:shutdownFollowerState(121)) - 8f18dce1-0a3d-4b65-9c78-af3d58b2da7f: shutdown FollowerState
2019-10-20 17:39:57,972 [Thread-429] INFO  impl.RaftServerImpl (RaftServerImpl.java:setRole(184)) - 8f18dce1-0a3d-4b65-9c78-af3d58b2da7f@group-091950D56227: changes role from  FOLLOWER to CANDIDATE at term 65 for changeToCandidate
2019-10-20 17:39:57,972 [Thread-429] INFO  impl.RoleInfo (RoleInfo.java:updateAndGet(143)) - 8f18dce1-0a3d-4b65-9c78-af3d58b2da7f: start LeaderElection
2019-10-20 17:39:58,002 [8f18dce1-0a3d-4b65-9c78-af3d58b2da7f@group-091950D56227-LeaderElection57] INFO  impl.LeaderElection (LeaderElection.java:askForVotes(178)) - 8f18dce1-0a3d-4b65-9c78-af3d58b2da7f@group-091950D56227-LeaderElection57: begin an election at term 66 for -1: [8a63e1ae-032e-4bed-9f20-125a11f65413:0.0.0.0:38685, 8f18dce1-0a3d-4b65-9c78-af3d58b2da7f:0.0.0.0:42489, 7b1e61a0-7daf-43dd-99d5-9b325c1d31ae:0.0.0.0:38412], old=null
2019-10-20 17:39:58,005 [grpc-default-executor-1] INFO  impl.RaftServerImpl (RaftServerImpl.java:setRole(184)) - 7b1e61a0-7daf-43dd-99d5-9b325c1d31ae@group-091950D56227: changes role from  FOLLOWER to FOLLOWER at term 66 for recognizeCandidate:8f18dce1-0a3d-4b65-9c78-af3d58b2da7f
2019-10-20 17:39:58,005 [grpc-default-executor-2] INFO  impl.RaftServerImpl (RaftServerImpl.java:setRole(184)) - 8a63e1ae-032e-4bed-9f20-125a11f65413@group-091950D56227: changes role from  FOLLOWER to FOLLOWER at term 66 for recognizeCandidate:8f18dce1-0a3d-4b65-9c78-af3d58b2da7f
2019-10-20 17:39:58,005 [grpc-default-executor-1] INFO  impl.RoleInfo (RoleInfo.java:shutdownFollowerState(121)) - 7b1e61a0-7daf-43dd-99d5-9b325c1d31ae: shutdown FollowerState
2019-10-20 17:39:58,005 [grpc-default-executor-2] INFO  impl.RoleInfo (RoleInfo.java:shutdownFollowerState(121)) - 8a63e1ae-032e-4bed-9f20-125a11f65413: shutdown FollowerState
2019-10-20 17:39:58,005 [Thread-427] INFO  impl.FollowerState (FollowerState.java:run(117)) - 7b1e61a0-7daf-43dd-99d5-9b325c1d31ae@group-091950D56227-FollowerState was interrupted: java.lang.InterruptedException: sleep interrupted
2019-10-20 17:39:58,005 [grpc-default-executor-1] INFO  impl.RoleInfo (RoleInfo.java:updateAndGet(143)) - 7b1e61a0-7daf-43dd-99d5-9b325c1d31ae: start FollowerState
2019-10-20 17:39:58,005 [grpc-default-executor-2] INFO  impl.RoleInfo (RoleInfo.java:updateAndGet(143)) - 8a63e1ae-032e-4bed-9f20-125a11f65413: start FollowerState
2019-10-20 17:39:58,005 [Thread-428] INFO  impl.FollowerState (FollowerState.java:run(117)) - 8a63e1ae-032e-4bed-9f20-125a11f65413@group-091950D56227-FollowerState was interrupted: java.lang.InterruptedException: sleep interrupted
2019-10-20 17:39:58,006 [8f18dce1-0a3d-4b65-9c78-af3d58b2da7f@group-091950D56227-LeaderElection57] INFO  impl.LeaderElection (LeaderElection.java:logAndReturn(56)) - 8f18dce1-0a3d-4b65-9c78-af3d58b2da7f@group-091950D56227-LeaderElection57: Election TIMEOUT; received 0 response(s) [] and 0 exception(s); 8f18dce1-0a3d-4b65-9c78-af3d58b2da7f@group-091950D56227:t66, leader=null, voted=8f18dce1-0a3d-4b65-9c78-af3d58b2da7f, raftlog=8f18dce1-0a3d-4b65-9c78-af3d58b2da7f@group-091950D56227-SegmentedRaftLog:OPENED:c-1,f-1,i0, conf=-1: [8a63e1ae-032e-4bed-9f20-125a11f65413:0.0.0.0:38685, 8f18dce1-0a3d-4b65-9c78-af3d58b2da7f:0.0.0.0:42489, 7b1e61a0-7daf-43dd-99d5-9b325c1d31ae:0.0.0.0:38412], old=null
2019-10-20 17:39:58,027 [8f18dce1-0a3d-4b65-9c78-af3d58b2da7f@group-091950D56227-LeaderElection57] INFO  impl.LeaderElection (LeaderElection.java:askForVotes(178)) - 8f18dce1-0a3d-4b65-9c78-af3d58b2da7f@group-091950D56227-LeaderElection57: begin an election at term 67 for -1: [8a63e1ae-032e-4bed-9f20-125a11f65413:0.0.0.0:38685, 8f18dce1-0a3d-4b65-9c78-af3d58b2da7f:0.0.0.0:42489, 7b1e61a0-7daf-43dd-99d5-9b325c1d31ae:0.0.0.0:38412], old=null
2019-10-20 17:39:58,029 [grpc-default-executor-1] INFO  impl.RaftServerImpl (RaftServerImpl.java:setRole(184)) - 8a63e1ae-032e-4bed-9f20-125a11f65413@group-091950D56227: changes role from  FOLLOWER to FOLLOWER at term 67 for recognizeCandidate:8f18dce1-0a3d-4b65-9c78-af3d58b2da7f
2019-10-20 17:39:58,029 [grpc-default-executor-1] INFO  impl.RoleInfo (RoleInfo.java:shutdownFollowerState(121)) - 8a63e1ae-032e-4bed-9f20-125a11f65413: shutdown FollowerState
2019-10-20 17:39:58,029 [grpc-default-executor-1] INFO  impl.RoleInfo (RoleInfo.java:updateAndGet(143)) - 8a63e1ae-032e-4bed-9f20-125a11f65413: start FollowerState
2019-10-20 17:39:58,030 [grpc-default-executor-2] INFO  impl.RaftServerImpl (RaftServerImpl.java:setRole(184)) - 7b1e61a0-7daf-43dd-99d5-9b325c1d31ae@group-091950D56227: changes role from  FOLLOWER to FOLLOWER at term 67 for recognizeCandidate:8f18dce1-0a3d-4b65-9c78-af3d58b2da7f
2019-10-20 17:39:58,030 [grpc-default-executor-2] INFO  impl.RoleInfo (RoleInfo.java:shutdownFollowerState(121)) - 7b1e61a0-7daf-43dd-99d5-9b325c1d31ae: shutdown FollowerState
2019-10-20 17:39:58,029 [Thread-434] INFO  impl.FollowerState (FollowerState.java:run(117)) - 8a63e1ae-032e-4bed-9f20-125a11f65413@group-091950D56227-FollowerState was interrupted: java.lang.InterruptedException: sleep interrupted
2019-10-20 17:39:58,030 [grpc-default-executor-2] INFO  impl.RoleInfo (RoleInfo.java:updateAndGet(143)) - 7b1e61a0-7daf-43dd-99d5-9b325c1d31ae: start FollowerState
2019-10-20 17:39:58,030 [Thread-433] INFO  impl.FollowerState (FollowerState.java:run(117)) - 7b1e61a0-7daf-43dd-99d5-9b325c1d31ae@group-091950D56227-FollowerState was interrupted: java.lang.InterruptedException: sleep interrupted
2019-10-20 17:39:58,054 [8f18dce1-0a3d-4b65-9c78-af3d58b2da7f@group-091950D56227-LeaderElection57] INFO  impl.LeaderElection (LeaderElection.java:logAndReturn(56)) - 8f18dce1-0a3d-4b65-9c78-af3d58b2da7f@group-091950D56227-LeaderElection57: Election REJECTED; received 2 response(s) [8f18dce1-0a3d-4b65-9c78-af3d58b2da7f<-8a63e1ae-032e-4bed-9f20-125a11f65413#0:FAIL-t67, 8f18dce1-0a3d-4b65-9c78-af3d58b2da7f<-7b1e61a0-7daf-43dd-99d5-9b325c1d31ae#0:FAIL-t67] and 0 exception(s); 8f18dce1-0a3d-4b65-9c78-af3d58b2da7f@group-091950D56227:t67, leader=null, voted=8f18dce1-0a3d-4b65-9c78-af3d58b2da7f, raftlog=8f18dce1-0a3d-4b65-9c78-af3d58b2da7f@group-091950D56227-SegmentedRaftLog:OPENED:c-1,f-1,i0, conf=-1: [8a63e1ae-032e-4bed-9f20-125a11f65413:0.0.0.0:38685, 8f18dce1-0a3d-4b65-9c78-af3d58b2da7f:0.0.0.0:42489, 7b1e61a0-7daf-43dd-99d5-9b325c1d31ae:0.0.0.0:38412], old=null
2019-10-20 17:39:58,054 [8f18dce1-0a3d-4b65-9c78-af3d58b2da7f@group-091950D56227-LeaderElection57] INFO  impl.RaftServerImpl (RaftServerImpl.java:setRole(184)) - 8f18dce1-0a3d-4b65-9c78-af3d58b2da7f@group-091950D56227: changes role from CANDIDATE to FOLLOWER at term 67 for DISCOVERED_A_NEW_TERM
2019-10-20 17:39:58,054 [8f18dce1-0a3d-4b65-9c78-af3d58b2da7f@group-091950D56227-LeaderElection57] INFO  impl.RoleInfo (RoleInfo.java:shutdownLeaderElection(134)) - 8f18dce1-0a3d-4b65-9c78-af3d58b2da7f: shutdown LeaderElection
2019-10-20 17:39:58,055 [8f18dce1-0a3d-4b65-9c78-af3d58b2da7f@group-091950D56227-LeaderElection57] INFO  impl.RoleInfo (RoleInfo.java:updateAndGet(143)) - 8f18dce1-0a3d-4b65-9c78-af3d58b2da7f: start FollowerState
2019-10-20 17:39:58,193 [Thread-439] INFO  impl.FollowerState (FollowerState.java:run(108)) - 8f18dce1-0a3d-4b65-9c78-af3d58b2da7f@group-091950D56227-FollowerState: change to CANDIDATE, lastRpcTime:138ms, electionTimeout:138ms
2019-10-20 17:39:58,193 [Thread-439] INFO  impl.RoleInfo (RoleInfo.java:shutdownFollowerState(121)) - 8f18dce1-0a3d-4b65-9c78-af3d58b2da7f: shutdown FollowerState
2019-10-20 17:39:58,193 [Thread-439] INFO  impl.RaftServerImpl (RaftServerImpl.java:setRole(184)) - 8f18dce1-0a3d-4b65-9c78-af3d58b2da7f@group-091950D56227: changes role from  FOLLOWER to CANDIDATE at term 67 for changeToCandidate
2019-10-20 17:39:58,194 [Thread-439] INFO  impl.RoleInfo (RoleInfo.java:updateAndGet(143)) - 8f18dce1-0a3d-4b65-9c78-af3d58b2da7f: start LeaderElection
2019-10-20 17:39:58,230 [8f18dce1-0a3d-4b65-9c78-af3d58b2da7f@group-091950D56227-LeaderElection58] INFO  impl.LeaderElection (LeaderElection.java:askForVotes(178)) - 8f18dce1-0a3d-4b65-9c78-af3d58b2da7f@group-091950D56227-LeaderElection58: begin an election at term 68 for -1: [8a63e1ae-032e-4bed-9f20-125a11f65413:0.0.0.0:38685, 8f18dce1-0a3d-4b65-9c78-af3d58b2da7f:0.0.0.0:42489, 7b1e61a0-7daf-43dd-99d5-9b325c1d31ae:0.0.0.0:38412], old=null
2019-10-20 17:39:58,233 [grpc-default-executor-1] INFO  impl.RaftServerImpl (RaftServerImpl.java:setRole(184)) - 8a63e1ae-032e-4bed-9f20-125a11f65413@group-091950D56227: changes role from  FOLLOWER to FOLLOWER at term 68 for recognizeCandidate:8f18dce1-0a3d-4b65-9c78-af3d58b2da7f
2019-10-20 17:39:58,233 [grpc-default-executor-2] INFO  impl.RaftServerImpl (RaftServerImpl.java:setRole(184)) - 7b1e61a0-7daf-43dd-99d5-9b325c1d31ae@group-091950D56227: changes role from  FOLLOWER to FOLLOWER at term 68 for recognizeCandidate:8f18dce1-0a3d-4b65-9c78-af3d58b2da7f
2019-10-20 17:39:58,233 [grpc-default-executor-1] INFO  impl.RoleInfo (RoleInfo.java:shutdownFollowerState(121)) - 8a63e1ae-032e-4bed-9f20-125a11f65413: shutdown FollowerState
2019-10-20 17:39:58,233 [grpc-default-executor-2] INFO  impl.RoleInfo (RoleInfo.java:shutdownFollowerState(121)) - 7b1e61a0-7daf-43dd-99d5-9b325c1d31ae: shutdown FollowerState
2019-10-20 17:39:58,233 [grpc-default-executor-1] INFO  impl.RoleInfo (RoleInfo.java:updateAndGet(143)) - 8a63e1ae-032e-4bed-9f20-125a11f65413: start FollowerState
2019-10-20 17:39:58,233 [Thread-438] INFO  impl.FollowerState (FollowerState.java:run(117)) - 7b1e61a0-7daf-43dd-99d5-9b325c1d31ae@group-091950D56227-FollowerState was interrupted: java.lang.InterruptedException: sleep interrupted
2019-10-20 17:39:58,233 [grpc-default-executor-2] INFO  impl.RoleInfo (RoleInfo.java:updateAndGet(143)) - 7b1e61a0-7daf-43dd-99d5-9b325c1d31ae: start FollowerState
2019-10-20 17:39:58,233 [Thread-437] INFO  impl.FollowerState (FollowerState.java:run(117)) - 8a63e1ae-032e-4bed-9f20-125a11f65413@group-091950D56227-FollowerState was interrupted: java.lang.InterruptedException: sleep interrupted
2019-10-20 17:39:58,256 [8f18dce1-0a3d-4b65-9c78-af3d58b2da7f@group-091950D56227-LeaderElection58] INFO  impl.LeaderElection (LeaderElection.java:logAndReturn(56)) - 8f18dce1-0a3d-4b65-9c78-af3d58b2da7f@group-091950D56227-LeaderElection58: Election REJECTED; received 2 response(s) [8f18dce1-0a3d-4b65-9c78-af3d58b2da7f<-8a63e1ae-032e-4bed-9f20-125a11f65413#0:FAIL-t68, 8f18dce1-0a3d-4b65-9c78-af3d58b2da7f<-7b1e61a0-7daf-43dd-99d5-9b325c1d31ae#0:FAIL-t68] and 0 exception(s); 8f18dce1-0a3d-4b65-9c78-af3d58b2da7f@group-091950D56227:t68, leader=null, voted=8f18dce1-0a3d-4b65-9c78-af3d58b2da7f, raftlog=8f18dce1-0a3d-4b65-9c78-af3d58b2da7f@group-091950D56227-SegmentedRaftLog:OPENED:c-1,f-1,i0, conf=-1: [8a63e1ae-032e-4bed-9f20-125a11f65413:0.0.0.0:38685, 8f18dce1-0a3d-4b65-9c78-af3d58b2da7f:0.0.0.0:42489, 7b1e61a0-7daf-43dd-99d5-9b325c1d31ae:0.0.0.0:38412], old=null
2019-10-20 17:39:58,256 [8f18dce1-0a3d-4b65-9c78-af3d58b2da7f@group-091950D56227-LeaderElection58] INFO  impl.RaftServerImpl (RaftServerImpl.java:setRole(184)) - 8f18dce1-0a3d-4b65-9c78-af3d58b2da7f@group-091950D56227: changes role from CANDIDATE to FOLLOWER at term 68 for DISCOVERED_A_NEW_TERM
2019-10-20 17:39:58,256 [8f18dce1-0a3d-4b65-9c78-af3d58b2da7f@group-091950D56227-LeaderElection58] INFO  impl.RoleInfo (RoleInfo.java:shutdownLeaderElection(134)) - 8f18dce1-0a3d-4b65-9c78-af3d58b2da7f: shutdown LeaderElection
2019-10-20 17:39:58,256 [8f18dce1-0a3d-4b65-9c78-af3d58b2da7f@group-091950D56227-LeaderElection58] INFO  impl.RoleInfo (RoleInfo.java:updateAndGet(143)) - 8f18dce1-0a3d-4b65-9c78-af3d58b2da7f: start FollowerState
2019-10-20 17:39:58,336 [Thread-445] INFO  impl.FollowerState (FollowerState.java:run(108)) - 8f18dce1-0a3d-4b65-9c78-af3d58b2da7f@group-091950D56227-FollowerState: change to CANDIDATE, lastRpcTime:79ms, electionTimeout:79ms
2019-10-20 17:39:58,336 [Thread-445] INFO  impl.RoleInfo (RoleInfo.java:shutdownFollowerState(121)) - 8f18dce1-0a3d-4b65-9c78-af3d58b2da7f: shutdown FollowerState
2019-10-20 17:39:58,336 [Thread-445] INFO  impl.RaftServerImpl (RaftServerImpl.java:setRole(184)) - 8f18dce1-0a3d-4b65-9c78-af3d58b2da7f@group-091950D56227: changes role from  FOLLOWER to CANDIDATE at term 68 for changeToCandidate
2019-10-20 17:39:58,336 [Thread-445] INFO  impl.RoleInfo (RoleInfo.java:updateAndGet(143)) - 8f18dce1-0a3d-4b65-9c78-af3d58b2da7f: start LeaderElection
2019-10-20 17:39:58,372 [8f18dce1-0a3d-4b65-9c78-af3d58b2da7f@group-091950D56227-LeaderElection59] INFO  impl.LeaderElection (LeaderElection.java:askForVotes(178)) - 8f18dce1-0a3d-4b65-9c78-af3d58b2da7f@group-091950D56227-LeaderElection59: begin an election at term 69 for -1: [8a63e1ae-032e-4bed-9f20-125a11f65413:0.0.0.0:38685, 8f18dce1-0a3d-4b65-9c78-af3d58b2da7f:0.0.0.0:42489, 7b1e61a0-7daf-43dd-99d5-9b325c1d31ae:0.0.0.0:38412], old=null
2019-10-20 17:39:58,375 [grpc-default-executor-1] INFO  impl.RaftServerImpl (RaftServerImpl.java:setRole(184)) - 8a63e1ae-032e-4bed-9f20-125a11f65413@group-091950D56227: changes role from  FOLLOWER to FOLLOWER at term 69 for recognizeCandidate:8f18dce1-0a3d-4b65-9c78-af3d58b2da7f
2019-10-20 17:39:58,375 [grpc-default-executor-2] INFO  impl.RaftServerImpl (RaftServerImpl.java:setRole(184)) - 7b1e61a0-7daf-43dd-99d5-9b325c1d31ae@group-091950D56227: changes role from  FOLLOWER to FOLLOWER at term 69 for recognizeCandidate:8f18dce1-0a3d-4b65-9c78-af3d58b2da7f
2019-10-20 17:39:58,375 [grpc-default-executor-1] INFO  impl.RoleInfo (RoleInfo.java:shutdownFollowerState(121)) - 8a63e1ae-032e-4bed-9f20-125a11f65413: shutdown FollowerState
2019-10-20 17:39:58,375 [grpc-default-executor-2] INFO  impl.RoleInfo (RoleInfo.java:shutdownFollowerState(121)) - 7b1e61a0-7daf-43dd-99d5-9b325c1d31ae: shutdown FollowerState
2019-10-20 17:39:58,375 [grpc-default-executor-1] INFO  impl.RoleInfo (RoleInfo.java:updateAndGet(143)) - 8a63e1ae-032e-4bed-9f20-125a11f65413: start FollowerState
2019-10-20 17:39:58,375 [Thread-444] INFO  impl.FollowerState (FollowerState.java:run(117)) - 7b1e61a0-7daf-43dd-99d5-9b325c1d31ae@group-091950D56227-FollowerState was interrupted: java.lang.InterruptedException: sleep interrupted
2019-10-20 17:39:58,375 [Thread-443] INFO  impl.FollowerState (FollowerState.java:run(117)) - 8a63e1ae-032e-4bed-9f20-125a11f65413@group-091950D56227-FollowerState was interrupted: java.lang.InterruptedException: sleep interrupted
2019-10-20 17:39:58,375 [grpc-default-executor-2] INFO  impl.RoleInfo (RoleInfo.java:updateAndGet(143)) - 7b1e61a0-7daf-43dd-99d5-9b325c1d31ae: start FollowerState
2019-10-20 17:39:58,378 [8f18dce1-0a3d-4b65-9c78-af3d58b2da7f@group-091950D56227-LeaderElection59] INFO  impl.LeaderElection (LeaderElection.java:logAndReturn(56)) - 8f18dce1-0a3d-4b65-9c78-af3d58b2da7f@group-091950D56227-LeaderElection59: Election TIMEOUT; received 0 response(s) [] and 0 exception(s); 8f18dce1-0a3d-4b65-9c78-af3d58b2da7f@group-091950D56227:t69, leader=null, voted=8f18dce1-0a3d-4b65-9c78-af3d58b2da7f, raftlog=8f18dce1-0a3d-4b65-9c78-af3d58b2da7f@group-091950D56227-SegmentedRaftLog:OPENED:c-1,f-1,i0, conf=-1: [8a63e1ae-032e-4bed-9f20-125a11f65413:0.0.0.0:38685, 8f18dce1-0a3d-4b65-9c78-af3d58b2da7f:0.0.0.0:42489, 7b1e61a0-7daf-43dd-99d5-9b325c1d31ae:0.0.0.0:38412], old=null
2019-10-20 17:39:58,398 [8f18dce1-0a3d-4b65-9c78-af3d58b2da7f@group-091950D56227-LeaderElection59] INFO  impl.LeaderElection (LeaderElection.java:askForVotes(178)) - 8f18dce1-0a3d-4b65-9c78-af3d58b2da7f@group-091950D56227-LeaderElection59: begin an election at term 70 for -1: [8a63e1ae-032e-4bed-9f20-125a11f65413:0.0.0.0:38685, 8f18dce1-0a3d-4b65-9c78-af3d58b2da7f:0.0.0.0:42489, 7b1e61a0-7daf-43dd-99d5-9b325c1d31ae:0.0.0.0:38412], old=null
2019-10-20 17:39:58,400 [grpc-default-executor-2] INFO  impl.RaftServerImpl (RaftServerImpl.java:setRole(184)) - 7b1e61a0-7daf-43dd-99d5-9b325c1d31ae@group-091950D56227: changes role from  FOLLOWER to FOLLOWER at term 70 for recognizeCandidate:8f18dce1-0a3d-4b65-9c78-af3d58b2da7f
2019-10-20 17:39:58,400 [grpc-default-executor-2] INFO  impl.RoleInfo (RoleInfo.java:shutdownFollowerState(121)) - 7b1e61a0-7daf-43dd-99d5-9b325c1d31ae: shutdown FollowerState
2019-10-20 17:39:58,400 [grpc-default-executor-2] INFO  impl.RoleInfo (RoleInfo.java:updateAndGet(143)) - 7b1e61a0-7daf-43dd-99d5-9b325c1d31ae: start FollowerState
2019-10-20 17:39:58,400 [Thread-450] INFO  impl.FollowerState (FollowerState.java:run(117)) - 7b1e61a0-7daf-43dd-99d5-9b325c1d31ae@group-091950D56227-FollowerState was interrupted: java.lang.InterruptedException: sleep interrupted
2019-10-20 17:39:58,400 [grpc-default-executor-1] INFO  impl.RaftServerImpl (RaftServerImpl.java:setRole(184)) - 8a63e1ae-032e-4bed-9f20-125a11f65413@group-091950D56227: changes role from  FOLLOWER to FOLLOWER at term 70 for recognizeCandidate:8f18dce1-0a3d-4b65-9c78-af3d58b2da7f
2019-10-20 17:39:58,400 [grpc-default-executor-1] INFO  impl.RoleInfo (RoleInfo.java:shutdownFollowerState(121)) - 8a63e1ae-032e-4bed-9f20-125a11f65413: shutdown FollowerState
2019-10-20 17:39:58,400 [grpc-default-executor-1] INFO  impl.RoleInfo (RoleInfo.java:updateAndGet(143)) - 8a63e1ae-032e-4bed-9f20-125a11f65413: start FollowerState
2019-10-20 17:39:58,400 [Thread-449] INFO  impl.FollowerState (FollowerState.java:run(117)) - 8a63e1ae-032e-4bed-9f20-125a11f65413@group-091950D56227-FollowerState was interrupted: java.lang.InterruptedException: sleep interrupted
2019-10-20 17:39:58,424 [8f18dce1-0a3d-4b65-9c78-af3d58b2da7f@group-091950D56227-LeaderElection59] INFO  impl.LeaderElection (LeaderElection.java:logAndReturn(56)) - 8f18dce1-0a3d-4b65-9c78-af3d58b2da7f@group-091950D56227-LeaderElection59: Election REJECTED; received 2 response(s) [8f18dce1-0a3d-4b65-9c78-af3d58b2da7f<-8a63e1ae-032e-4bed-9f20-125a11f65413#0:FAIL-t70, 8f18dce1-0a3d-4b65-9c78-af3d58b2da7f<-7b1e61a0-7daf-43dd-99d5-9b325c1d31ae#0:FAIL-t70] and 0 exception(s); 8f18dce1-0a3d-4b65-9c78-af3d58b2da7f@group-091950D56227:t70, leader=null, voted=8f18dce1-0a3d-4b65-9c78-af3d58b2da7f, raftlog=8f18dce1-0a3d-4b65-9c78-af3d58b2da7f@group-091950D56227-SegmentedRaftLog:OPENED:c-1,f-1,i0, conf=-1: [8a63e1ae-032e-4bed-9f20-125a11f65413:0.0.0.0:38685, 8f18dce1-0a3d-4b65-9c78-af3d58b2da7f:0.0.0.0:42489, 7b1e61a0-7daf-43dd-99d5-9b325c1d31ae:0.0.0.0:38412], old=null
2019-10-20 17:39:58,424 [8f18dce1-0a3d-4b65-9c78-af3d58b2da7f@group-091950D56227-LeaderElection59] INFO  impl.RaftServerImpl (RaftServerImpl.java:setRole(184)) - 8f18dce1-0a3d-4b65-9c78-af3d58b2da7f@group-091950D56227: changes role from CANDIDATE to FOLLOWER at term 70 for DISCOVERED_A_NEW_TERM
2019-10-20 17:39:58,424 [8f18dce1-0a3d-4b65-9c78-af3d58b2da7f@group-091950D56227-LeaderElection59] INFO  impl.RoleInfo (RoleInfo.java:shutdownLeaderElection(134)) - 8f18dce1-0a3d-4b65-9c78-af3d58b2da7f: shutdown LeaderElection
2019-10-20 17:39:58,424 [8f18dce1-0a3d-4b65-9c78-af3d58b2da7f@group-091950D56227-LeaderElection59] INFO  impl.RoleInfo (RoleInfo.java:updateAndGet(143)) - 8f18dce1-0a3d-4b65-9c78-af3d58b2da7f: start FollowerState
2019-10-20 17:39:58,506 [Thread-455] INFO  impl.FollowerState (FollowerState.java:run(108)) - 8f18dce1-0a3d-4b65-9c78-af3d58b2da7f@group-091950D56227-FollowerState: change to CANDIDATE, lastRpcTime:81ms, electionTimeout:81ms
2019-10-20 17:39:58,506 [Thread-455] INFO  impl.RoleInfo (RoleInfo.java:shutdownFollowerState(121)) - 8f18dce1-0a3d-4b65-9c78-af3d58b2da7f: shutdown FollowerState
2019-10-20 17:39:58,506 [Thread-455] INFO  impl.RaftServerImpl (RaftServerImpl.java:setRole(184)) - 8f18dce1-0a3d-4b65-9c78-af3d58b2da7f@group-091950D56227: changes role from  FOLLOWER to CANDIDATE at term 70 for changeToCandidate
2019-10-20 17:39:58,506 [Thread-455] INFO  impl.RoleInfo (RoleInfo.java:updateAndGet(143)) - 8f18dce1-0a3d-4b65-9c78-af3d58b2da7f: start LeaderElection
2019-10-20 17:39:58,532 [8f18dce1-0a3d-4b65-9c78-af3d58b2da7f@group-091950D56227-LeaderElection60] INFO  impl.LeaderElection (LeaderElection.java:askForVotes(178)) - 8f18dce1-0a3d-4b65-9c78-af3d58b2da7f@group-091950D56227-LeaderElection60: begin an election at term 71 for -1: [8a63e1ae-032e-4bed-9f20-125a11f65413:0.0.0.0:38685, 8f18dce1-0a3d-4b65-9c78-af3d58b2da7f:0.0.0.0:42489, 7b1e61a0-7daf-43dd-99d5-9b325c1d31ae:0.0.0.0:38412], old=null
2019-10-20 17:39:58,538 [grpc-default-executor-2] INFO  impl.RaftServerImpl (RaftServerImpl.java:setRole(184)) - 8a63e1ae-032e-4bed-9f20-125a11f65413@group-091950D56227: changes role from  FOLLOWER to FOLLOWER at term 71 for recognizeCandidate:8f18dce1-0a3d-4b65-9c78-af3d58b2da7f
2019-10-20 17:39:58,538 [grpc-default-executor-1] INFO  impl.RaftServerImpl (RaftServerImpl.java:setRole(184)) - 7b1e61a0-7daf-43dd-99d5-9b325c1d31ae@group-091950D56227: changes role from  FOLLOWER to FOLLOWER at term 71 for recognizeCandidate:8f18dce1-0a3d-4b65-9c78-af3d58b2da7f
2019-10-20 17:39:58,538 [grpc-default-executor-2] INFO  impl.RoleInfo (RoleInfo.java:shutdownFollowerState(121)) - 8a63e1ae-032e-4bed-9f20-125a11f65413: shutdown FollowerState
2019-10-20 17:39:58,538 [grpc-default-executor-1] INFO  impl.RoleInfo (RoleInfo.java:shutdownFollowerState(121)) - 7b1e61a0-7daf-43dd-99d5-9b325c1d31ae: shutdown FollowerState
2019-10-20 17:39:58,539 [Thread-454] INFO  impl.FollowerState (FollowerState.java:run(117)) - 8a63e1ae-032e-4bed-9f20-125a11f65413@group-091950D56227-FollowerState was interrupted: java.lang.InterruptedException: sleep interrupted
2019-10-20 17:39:58,539 [grpc-default-executor-2] INFO  impl.RoleInfo (RoleInfo.java:updateAndGet(143)) - 8a63e1ae-032e-4bed-9f20-125a11f65413: start FollowerState
2019-10-20 17:39:58,539 [Thread-453] INFO  impl.FollowerState (FollowerState.java:run(117)) - 7b1e61a0-7daf-43dd-99d5-9b325c1d31ae@group-091950D56227-FollowerState was interrupted: java.lang.InterruptedException: sleep interrupted
2019-10-20 17:39:58,539 [grpc-default-executor-1] INFO  impl.RoleInfo (RoleInfo.java:updateAndGet(143)) - 7b1e61a0-7daf-43dd-99d5-9b325c1d31ae: start FollowerState
2019-10-20 17:39:58,567 [8f18dce1-0a3d-4b65-9c78-af3d58b2da7f@group-091950D56227-LeaderElection60] INFO  impl.LeaderElection (LeaderElection.java:logAndReturn(56)) - 8f18dce1-0a3d-4b65-9c78-af3d58b2da7f@group-091950D56227-LeaderElection60: Election REJECTED; received 2 response(s) [8f18dce1-0a3d-4b65-9c78-af3d58b2da7f<-8a63e1ae-032e-4bed-9f20-125a11f65413#0:FAIL-t71, 8f18dce1-0a3d-4b65-9c78-af3d58b2da7f<-7b1e61a0-7daf-43dd-99d5-9b325c1d31ae#0:FAIL-t71] and 0 exception(s); 8f18dce1-0a3d-4b65-9c78-af3d58b2da7f@group-091950D56227:t71, leader=null, voted=8f18dce1-0a3d-4b65-9c78-af3d58b2da7f, raftlog=8f18dce1-0a3d-4b65-9c78-af3d58b2da7f@group-091950D56227-SegmentedRaftLog:OPENED:c-1,f-1,i0, conf=-1: [8a63e1ae-032e-4bed-9f20-125a11f65413:0.0.0.0:38685, 8f18dce1-0a3d-4b65-9c78-af3d58b2da7f:0.0.0.0:42489, 7b1e61a0-7daf-43dd-99d5-9b325c1d31ae:0.0.0.0:38412], old=null
2019-10-20 17:39:58,568 [8f18dce1-0a3d-4b65-9c78-af3d58b2da7f@group-091950D56227-LeaderElection60] INFO  impl.RaftServerImpl (RaftServerImpl.java:setRole(184)) - 8f18dce1-0a3d-4b65-9c78-af3d58b2da7f@group-091950D56227: changes role from CANDIDATE to FOLLOWER at term 71 for DISCOVERED_A_NEW_TERM
2019-10-20 17:39:58,568 [8f18dce1-0a3d-4b65-9c78-af3d58b2da7f@group-091950D56227-LeaderElection60] INFO  impl.RoleInfo (RoleInfo.java:shutdownLeaderElection(134)) - 8f18dce1-0a3d-4b65-9c78-af3d58b2da7f: shutdown LeaderElection
2019-10-20 17:39:58,568 [8f18dce1-0a3d-4b65-9c78-af3d58b2da7f@group-091950D56227-LeaderElection60] INFO  impl.RoleInfo (RoleInfo.java:updateAndGet(143)) - 8f18dce1-0a3d-4b65-9c78-af3d58b2da7f: start FollowerState
2019-10-20 17:39:58,717 [Thread-461] INFO  impl.FollowerState (FollowerState.java:run(108)) - 8f18dce1-0a3d-4b65-9c78-af3d58b2da7f@group-091950D56227-FollowerState: change to CANDIDATE, lastRpcTime:149ms, electionTimeout:149ms
2019-10-20 17:39:58,718 [Thread-461] INFO  impl.RoleInfo (RoleInfo.java:shutdownFollowerState(121)) - 8f18dce1-0a3d-4b65-9c78-af3d58b2da7f: shutdown FollowerState
2019-10-20 17:39:58,718 [Thread-461] INFO  impl.RaftServerImpl (RaftServerImpl.java:setRole(184)) - 8f18dce1-0a3d-4b65-9c78-af3d58b2da7f@group-091950D56227: changes role from  FOLLOWER to CANDIDATE at term 71 for changeToCandidate
2019-10-20 17:39:58,718 [Thread-461] INFO  impl.RoleInfo (RoleInfo.java:updateAndGet(143)) - 8f18dce1-0a3d-4b65-9c78-af3d58b2da7f: start LeaderElection
2019-10-20 17:39:58,750 [8f18dce1-0a3d-4b65-9c78-af3d58b2da7f@group-091950D56227-LeaderElection61] INFO  impl.LeaderElection (LeaderElection.java:askForVotes(178)) - 8f18dce1-0a3d-4b65-9c78-af3d58b2da7f@group-091950D56227-LeaderElection61: begin an election at term 72 for -1: [8a63e1ae-032e-4bed-9f20-125a11f65413:0.0.0.0:38685, 8f18dce1-0a3d-4b65-9c78-af3d58b2da7f:0.0.0.0:42489, 7b1e61a0-7daf-43dd-99d5-9b325c1d31ae:0.0.0.0:38412], old=null
2019-10-20 17:39:58,753 [grpc-default-executor-1] INFO  impl.RaftServerImpl (RaftServerImpl.java:setRole(184)) - 8a63e1ae-032e-4bed-9f20-125a11f65413@group-091950D56227: changes role from  FOLLOWER to FOLLOWER at term 72 for recognizeCandidate:8f18dce1-0a3d-4b65-9c78-af3d58b2da7f
2019-10-20 17:39:58,753 [grpc-default-executor-2] INFO  impl.RaftServerImpl (RaftServerImpl.java:setRole(184)) - 7b1e61a0-7daf-43dd-99d5-9b325c1d31ae@group-091950D56227: changes role from  FOLLOWER to FOLLOWER at term 72 for recognizeCandidate:8f18dce1-0a3d-4b65-9c78-af3d58b2da7f
2019-10-20 17:39:58,753 [grpc-default-executor-1] INFO  impl.RoleInfo (RoleInfo.java:shutdownFollowerState(121)) - 8a63e1ae-032e-4bed-9f20-125a11f65413: shutdown FollowerState
2019-10-20 17:39:58,753 [grpc-default-executor-2] INFO  impl.RoleInfo (RoleInfo.java:shutdownFollowerState(121)) - 7b1e61a0-7daf-43dd-99d5-9b325c1d31ae: shutdown FollowerState
2019-10-20 17:39:58,753 [Thread-459] INFO  impl.FollowerState (FollowerState.java:run(117)) - 8a63e1ae-032e-4bed-9f20-125a11f65413@group-091950D56227-FollowerState was interrupted: java.lang.InterruptedException: sleep interrupted
2019-10-20 17:39:58,753 [grpc-default-executor-1] INFO  impl.RoleInfo (RoleInfo.java:updateAndGet(143)) - 8a63e1ae-032e-4bed-9f20-125a11f65413: start FollowerState
2019-10-20 17:39:58,753 [Thread-460] INFO  impl.FollowerState (FollowerState.java:run(117)) - 7b1e61a0-7daf-43dd-99d5-9b325c1d31ae@group-091950D56227-FollowerState was interrupted: java.lang.InterruptedException: sleep interrupted
2019-10-20 17:39:58,753 [grpc-default-executor-2] INFO  impl.RoleInfo (RoleInfo.java:updateAndGet(143)) - 7b1e61a0-7daf-43dd-99d5-9b325c1d31ae: start FollowerState
2019-10-20 17:39:58,765 [8f18dce1-0a3d-4b65-9c78-af3d58b2da7f@group-091950D56227-LeaderElection61] INFO  impl.LeaderElection (LeaderElection.java:logAndReturn(56)) - 8f18dce1-0a3d-4b65-9c78-af3d58b2da7f@group-091950D56227-LeaderElection61: Election TIMEOUT; received 0 response(s) [] and 0 exception(s); 8f18dce1-0a3d-4b65-9c78-af3d58b2da7f@group-091950D56227:t72, leader=null, voted=8f18dce1-0a3d-4b65-9c78-af3d58b2da7f, raftlog=8f18dce1-0a3d-4b65-9c78-af3d58b2da7f@group-091950D56227-SegmentedRaftLog:OPENED:c-1,f-1,i0, conf=-1: [8a63e1ae-032e-4bed-9f20-125a11f65413:0.0.0.0:38685, 8f18dce1-0a3d-4b65-9c78-af3d58b2da7f:0.0.0.0:42489, 7b1e61a0-7daf-43dd-99d5-9b325c1d31ae:0.0.0.0:38412], old=null
2019-10-20 17:39:58,792 [8f18dce1-0a3d-4b65-9c78-af3d58b2da7f@group-091950D56227-LeaderElection61] INFO  impl.LeaderElection (LeaderElection.java:askForVotes(178)) - 8f18dce1-0a3d-4b65-9c78-af3d58b2da7f@group-091950D56227-LeaderElection61: begin an election at term 73 for -1: [8a63e1ae-032e-4bed-9f20-125a11f65413:0.0.0.0:38685, 8f18dce1-0a3d-4b65-9c78-af3d58b2da7f:0.0.0.0:42489, 7b1e61a0-7daf-43dd-99d5-9b325c1d31ae:0.0.0.0:38412], old=null
2019-10-20 17:39:58,795 [grpc-default-executor-1] INFO  impl.RaftServerImpl (RaftServerImpl.java:setRole(184)) - 8a63e1ae-032e-4bed-9f20-125a11f65413@group-091950D56227: changes role from  FOLLOWER to FOLLOWER at term 73 for recognizeCandidate:8f18dce1-0a3d-4b65-9c78-af3d58b2da7f
2019-10-20 17:39:58,795 [grpc-default-executor-2] INFO  impl.RaftServerImpl (RaftServerImpl.java:setRole(184)) - 7b1e61a0-7daf-43dd-99d5-9b325c1d31ae@group-091950D56227: changes role from  FOLLOWER to FOLLOWER at term 73 for recognizeCandidate:8f18dce1-0a3d-4b65-9c78-af3d58b2da7f
2019-10-20 17:39:58,795 [grpc-default-executor-1] INFO  impl.RoleInfo (RoleInfo.java:shutdownFollowerState(121)) - 8a63e1ae-032e-4bed-9f20-125a11f65413: shutdown FollowerState
2019-10-20 17:39:58,795 [grpc-default-executor-2] INFO  impl.RoleInfo (RoleInfo.java:shutdownFollowerState(121)) - 7b1e61a0-7daf-43dd-99d5-9b325c1d31ae: shutdown FollowerState
2019-10-20 17:39:58,795 [Thread-465] INFO  impl.FollowerState (FollowerState.java:run(117)) - 8a63e1ae-032e-4bed-9f20-125a11f65413@group-091950D56227-FollowerState was interrupted: java.lang.InterruptedException: sleep interrupted
2019-10-20 17:39:58,795 [grpc-default-executor-1] INFO  impl.RoleInfo (RoleInfo.java:updateAndGet(143)) - 8a63e1ae-032e-4bed-9f20-125a11f65413: start FollowerState
2019-10-20 17:39:58,795 [Thread-466] INFO  impl.FollowerState (FollowerState.java:run(117)) - 7b1e61a0-7daf-43dd-99d5-9b325c1d31ae@group-091950D56227-FollowerState was interrupted: java.lang.InterruptedException: sleep interrupted
2019-10-20 17:39:58,795 [grpc-default-executor-2] INFO  impl.RoleInfo (RoleInfo.java:updateAndGet(143)) - 7b1e61a0-7daf-43dd-99d5-9b325c1d31ae: start FollowerState
2019-10-20 17:39:58,819 [8f18dce1-0a3d-4b65-9c78-af3d58b2da7f@group-091950D56227-LeaderElection61] INFO  impl.LeaderElection (LeaderElection.java:logAndReturn(56)) - 8f18dce1-0a3d-4b65-9c78-af3d58b2da7f@group-091950D56227-LeaderElection61: Election REJECTED; received 2 response(s) [8f18dce1-0a3d-4b65-9c78-af3d58b2da7f<-8a63e1ae-032e-4bed-9f20-125a11f65413#0:FAIL-t73, 8f18dce1-0a3d-4b65-9c78-af3d58b2da7f<-7b1e61a0-7daf-43dd-99d5-9b325c1d31ae#0:FAIL-t73] and 0 exception(s); 8f18dce1-0a3d-4b65-9c78-af3d58b2da7f@group-091950D56227:t73, leader=null, voted=8f18dce1-0a3d-4b65-9c78-af3d58b2da7f, raftlog=8f18dce1-0a3d-4b65-9c78-af3d58b2da7f@group-091950D56227-SegmentedRaftLog:OPENED:c-1,f-1,i0, conf=-1: [8a63e1ae-032e-4bed-9f20-125a11f65413:0.0.0.0:38685, 8f18dce1-0a3d-4b65-9c78-af3d58b2da7f:0.0.0.0:42489, 7b1e61a0-7daf-43dd-99d5-9b325c1d31ae:0.0.0.0:38412], old=null
2019-10-20 17:39:58,819 [8f18dce1-0a3d-4b65-9c78-af3d58b2da7f@group-091950D56227-LeaderElection61] INFO  impl.RaftServerImpl (RaftServerImpl.java:setRole(184)) - 8f18dce1-0a3d-4b65-9c78-af3d58b2da7f@group-091950D56227: changes role from CANDIDATE to FOLLOWER at term 73 for DISCOVERED_A_NEW_TERM
2019-10-20 17:39:58,819 [8f18dce1-0a3d-4b65-9c78-af3d58b2da7f@group-091950D56227-LeaderElection61] INFO  impl.RoleInfo (RoleInfo.java:shutdownLeaderElection(134)) - 8f18dce1-0a3d-4b65-9c78-af3d58b2da7f: shutdown LeaderElection
2019-10-20 17:39:58,819 [8f18dce1-0a3d-4b65-9c78-af3d58b2da7f@group-091950D56227-LeaderElection61] INFO  impl.RoleInfo (RoleInfo.java:updateAndGet(143)) - 8f18dce1-0a3d-4b65-9c78-af3d58b2da7f: start FollowerState
2019-10-20 17:39:58,939 [Thread-471] INFO  impl.FollowerState (FollowerState.java:run(108)) - 8f18dce1-0a3d-4b65-9c78-af3d58b2da7f@group-091950D56227-FollowerState: change to CANDIDATE, lastRpcTime:120ms, electionTimeout:120ms
2019-10-20 17:39:58,940 [Thread-471] INFO  impl.RoleInfo (RoleInfo.java:shutdownFollowerState(121)) - 8f18dce1-0a3d-4b65-9c78-af3d58b2da7f: shutdown FollowerState
2019-10-20 17:39:58,940 [Thread-471] INFO  impl.RaftServerImpl (RaftServerImpl.java:setRole(184)) - 8f18dce1-0a3d-4b65-9c78-af3d58b2da7f@group-091950D56227: changes role from  FOLLOWER to CANDIDATE at term 73 for changeToCandidate
2019-10-20 17:39:58,940 [Thread-471] INFO  impl.RoleInfo (RoleInfo.java:updateAndGet(143)) - 8f18dce1-0a3d-4b65-9c78-af3d58b2da7f: start LeaderElection
2019-10-20 17:39:58,968 [8f18dce1-0a3d-4b65-9c78-af3d58b2da7f@group-091950D56227-LeaderElection62] INFO  impl.LeaderElection (LeaderElection.java:askForVotes(178)) - 8f18dce1-0a3d-4b65-9c78-af3d58b2da7f@group-091950D56227-LeaderElection62: begin an election at term 74 for -1: [8a63e1ae-032e-4bed-9f20-125a11f65413:0.0.0.0:38685, 8f18dce1-0a3d-4b65-9c78-af3d58b2da7f:0.0.0.0:42489, 7b1e61a0-7daf-43dd-99d5-9b325c1d31ae:0.0.0.0:38412], old=null
2019-10-20 17:39:58,971 [grpc-default-executor-1] INFO  impl.RaftServerImpl (RaftServerImpl.java:setRole(184)) - 8a63e1ae-032e-4bed-9f20-125a11f65413@group-091950D56227: changes role from  FOLLOWER to FOLLOWER at term 74 for recognizeCandidate:8f18dce1-0a3d-4b65-9c78-af3d58b2da7f
2019-10-20 17:39:58,971 [grpc-default-executor-1] INFO  impl.RoleInfo (RoleInfo.java:shutdownFollowerState(121)) - 8a63e1ae-032e-4bed-9f20-125a11f65413: shutdown FollowerState
2019-10-20 17:39:58,971 [grpc-default-executor-2] INFO  impl.RaftServerImpl (RaftServerImpl.java:setRole(184)) - 7b1e61a0-7daf-43dd-99d5-9b325c1d31ae@group-091950D56227: changes role from  FOLLOWER to FOLLOWER at term 74 for recognizeCandidate:8f18dce1-0a3d-4b65-9c78-af3d58b2da7f
2019-10-20 17:39:58,971 [grpc-default-executor-1] INFO  impl.RoleInfo (RoleInfo.java:updateAndGet(143)) - 8a63e1ae-032e-4bed-9f20-125a11f65413: start FollowerState
2019-10-20 17:39:58,971 [Thread-469] INFO  impl.FollowerState (FollowerState.java:run(117)) - 8a63e1ae-032e-4bed-9f20-125a11f65413@group-091950D56227-FollowerState was interrupted: java.lang.InterruptedException: sleep interrupted
2019-10-20 17:39:58,971 [grpc-default-executor-2] INFO  impl.RoleInfo (RoleInfo.java:shutdownFollowerState(121)) - 7b1e61a0-7daf-43dd-99d5-9b325c1d31ae: shutdown FollowerState
2019-10-20 17:39:58,972 [grpc-default-executor-2] INFO  impl.RoleInfo (RoleInfo.java:updateAndGet(143)) - 7b1e61a0-7daf-43dd-99d5-9b325c1d31ae: start FollowerState
2019-10-20 17:39:58,972 [Thread-470] INFO  impl.FollowerState (FollowerState.java:run(117)) - 7b1e61a0-7daf-43dd-99d5-9b325c1d31ae@group-091950D56227-FollowerState was interrupted: java.lang.InterruptedException: sleep interrupted
2019-10-20 17:39:58,984 [8f18dce1-0a3d-4b65-9c78-af3d58b2da7f@group-091950D56227-LeaderElection62] INFO  impl.LeaderElection (LeaderElection.java:logAndReturn(56)) - 8f18dce1-0a3d-4b65-9c78-af3d58b2da7f@group-091950D56227-LeaderElection62: Election TIMEOUT; received 0 response(s) [] and 0 exception(s); 8f18dce1-0a3d-4b65-9c78-af3d58b2da7f@group-091950D56227:t74, leader=null, voted=8f18dce1-0a3d-4b65-9c78-af3d58b2da7f, raftlog=8f18dce1-0a3d-4b65-9c78-af3d58b2da7f@group-091950D56227-SegmentedRaftLog:OPENED:c-1,f-1,i0, conf=-1: [8a63e1ae-032e-4bed-9f20-125a11f65413:0.0.0.0:38685, 8f18dce1-0a3d-4b65-9c78-af3d58b2da7f:0.0.0.0:42489, 7b1e61a0-7daf-43dd-99d5-9b325c1d31ae:0.0.0.0:38412], old=null
2019-10-20 17:39:59,011 [8f18dce1-0a3d-4b65-9c78-af3d58b2da7f@group-091950D56227-LeaderElection62] INFO  impl.LeaderElection (LeaderElection.java:askForVotes(178)) - 8f18dce1-0a3d-4b65-9c78-af3d58b2da7f@group-091950D56227-LeaderElection62: begin an election at term 75 for -1: [8a63e1ae-032e-4bed-9f20-125a11f65413:0.0.0.0:38685, 8f18dce1-0a3d-4b65-9c78-af3d58b2da7f:0.0.0.0:42489, 7b1e61a0-7daf-43dd-99d5-9b325c1d31ae:0.0.0.0:38412], old=null
2019-10-20 17:39:59,014 [grpc-default-executor-1] INFO  impl.RaftServerImpl (RaftServerImpl.java:setRole(184)) - 7b1e61a0-7daf-43dd-99d5-9b325c1d31ae@group-091950D56227: changes role from  FOLLOWER to FOLLOWER at term 75 for recognizeCandidate:8f18dce1-0a3d-4b65-9c78-af3d58b2da7f
2019-10-20 17:39:59,014 [grpc-default-executor-2] INFO  impl.RaftServerImpl (RaftServerImpl.java:setRole(184)) - 8a63e1ae-032e-4bed-9f20-125a11f65413@group-091950D56227: changes role from  FOLLOWER to FOLLOWER at term 75 for recognizeCandidate:8f18dce1-0a3d-4b65-9c78-af3d58b2da7f
2019-10-20 17:39:59,014 [grpc-default-executor-2] INFO  impl.RoleInfo (RoleInfo.java:shutdownFollowerState(121)) - 8a63e1ae-032e-4bed-9f20-125a11f65413: shutdown FollowerState
2019-10-20 17:39:59,014 [grpc-default-executor-1] INFO  impl.RoleInfo (RoleInfo.java:shutdownFollowerState(121)) - 7b1e61a0-7daf-43dd-99d5-9b325c1d31ae: shutdown FollowerState
2019-10-20 17:39:59,014 [Thread-477] INFO  impl.FollowerState (FollowerState.java:run(117)) - 8a63e1ae-032e-4bed-9f20-125a11f65413@group-091950D56227-FollowerState was interrupted: java.lang.InterruptedException: sleep interrupted
2019-10-20 17:39:59,014 [grpc-default-executor-2] INFO  impl.RoleInfo (RoleInfo.java:updateAndGet(143)) - 8a63e1ae-032e-4bed-9f20-125a11f65413: start FollowerState
2019-10-20 17:39:59,014 [Thread-478] INFO  impl.FollowerState (FollowerState.java:run(117)) - 7b1e61a0-7daf-43dd-99d5-9b325c1d31ae@group-091950D56227-FollowerState was interrupted: java.lang.InterruptedException: sleep interrupted
2019-10-20 17:39:59,014 [grpc-default-executor-1] INFO  impl.RoleInfo (RoleInfo.java:updateAndGet(143)) - 7b1e61a0-7daf-43dd-99d5-9b325c1d31ae: start FollowerState
2019-10-20 17:39:59,037 [8f18dce1-0a3d-4b65-9c78-af3d58b2da7f@group-091950D56227-LeaderElection62] INFO  impl.LeaderElection (LeaderElection.java:logAndReturn(56)) - 8f18dce1-0a3d-4b65-9c78-af3d58b2da7f@group-091950D56227-LeaderElection62: Election REJECTED; received 2 response(s) [8f18dce1-0a3d-4b65-9c78-af3d58b2da7f<-8a63e1ae-032e-4bed-9f20-125a11f65413#0:FAIL-t75, 8f18dce1-0a3d-4b65-9c78-af3d58b2da7f<-7b1e61a0-7daf-43dd-99d5-9b325c1d31ae#0:FAIL-t75] and 0 exception(s); 8f18dce1-0a3d-4b65-9c78-af3d58b2da7f@group-091950D56227:t75, leader=null, voted=8f18dce1-0a3d-4b65-9c78-af3d58b2da7f, raftlog=8f18dce1-0a3d-4b65-9c78-af3d58b2da7f@group-091950D56227-SegmentedRaftLog:OPENED:c-1,f-1,i0, conf=-1: [8a63e1ae-032e-4bed-9f20-125a11f65413:0.0.0.0:38685, 8f18dce1-0a3d-4b65-9c78-af3d58b2da7f:0.0.0.0:42489, 7b1e61a0-7daf-43dd-99d5-9b325c1d31ae:0.0.0.0:38412], old=null
2019-10-20 17:39:59,038 [8f18dce1-0a3d-4b65-9c78-af3d58b2da7f@group-091950D56227-LeaderElection62] INFO  impl.RaftServerImpl (RaftServerImpl.java:setRole(184)) - 8f18dce1-0a3d-4b65-9c78-af3d58b2da7f@group-091950D56227: changes role from CANDIDATE to FOLLOWER at term 75 for DISCOVERED_A_NEW_TERM
2019-10-20 17:39:59,038 [8f18dce1-0a3d-4b65-9c78-af3d58b2da7f@group-091950D56227-LeaderElection62] INFO  impl.RoleInfo (RoleInfo.java:shutdownLeaderElection(134)) - 8f18dce1-0a3d-4b65-9c78-af3d58b2da7f: shutdown LeaderElection
2019-10-20 17:39:59,038 [8f18dce1-0a3d-4b65-9c78-af3d58b2da7f@group-091950D56227-LeaderElection62] INFO  impl.RoleInfo (RoleInfo.java:updateAndGet(143)) - 8f18dce1-0a3d-4b65-9c78-af3d58b2da7f: start FollowerState
2019-10-20 17:39:59,085 [Thread-483] INFO  impl.FollowerState (FollowerState.java:run(108)) - 8f18dce1-0a3d-4b65-9c78-af3d58b2da7f@group-091950D56227-FollowerState: change to CANDIDATE, lastRpcTime:47ms, electionTimeout:47ms
2019-10-20 17:39:59,085 [Thread-483] INFO  impl.RoleInfo (RoleInfo.java:shutdownFollowerState(121)) - 8f18dce1-0a3d-4b65-9c78-af3d58b2da7f: shutdown FollowerState
2019-10-20 17:39:59,086 [Thread-483] INFO  impl.RaftServerImpl (RaftServerImpl.java:setRole(184)) - 8f18dce1-0a3d-4b65-9c78-af3d58b2da7f@group-091950D56227: changes role from  FOLLOWER to CANDIDATE at term 75 for changeToCandidate
2019-10-20 17:39:59,086 [Thread-483] INFO  impl.RoleInfo (RoleInfo.java:updateAndGet(143)) - 8f18dce1-0a3d-4b65-9c78-af3d58b2da7f: start LeaderElection
2019-10-20 17:39:59,112 [8f18dce1-0a3d-4b65-9c78-af3d58b2da7f@group-091950D56227-LeaderElection63] INFO  impl.LeaderElection (LeaderElection.java:askForVotes(178)) - 8f18dce1-0a3d-4b65-9c78-af3d58b2da7f@group-091950D56227-LeaderElection63: begin an election at term 76 for -1: [8a63e1ae-032e-4bed-9f20-125a11f65413:0.0.0.0:38685, 8f18dce1-0a3d-4b65-9c78-af3d58b2da7f:0.0.0.0:42489, 7b1e61a0-7daf-43dd-99d5-9b325c1d31ae:0.0.0.0:38412], old=null
2019-10-20 17:39:59,114 [grpc-default-executor-2] INFO  impl.RaftServerImpl (RaftServerImpl.java:setRole(184)) - 8a63e1ae-032e-4bed-9f20-125a11f65413@group-091950D56227: changes role from  FOLLOWER to FOLLOWER at term 76 for recognizeCandidate:8f18dce1-0a3d-4b65-9c78-af3d58b2da7f
2019-10-20 17:39:59,114 [grpc-default-executor-1] INFO  impl.RaftServerImpl (RaftServerImpl.java:setRole(184)) - 7b1e61a0-7daf-43dd-99d5-9b325c1d31ae@group-091950D56227: changes role from  FOLLOWER to FOLLOWER at term 76 for recognizeCandidate:8f18dce1-0a3d-4b65-9c78-af3d58b2da7f
2019-10-20 17:39:59,115 [grpc-default-executor-2] INFO  impl.RoleInfo (RoleInfo.java:shutdownFollowerState(121)) - 8a63e1ae-032e-4bed-9f20-125a11f65413: shutdown FollowerState
2019-10-20 17:39:59,115 [grpc-default-executor-1] INFO  impl.RoleInfo (RoleInfo.java:shutdownFollowerState(121)) - 7b1e61a0-7daf-43dd-99d5-9b325c1d31ae: shutdown FollowerState
2019-10-20 17:39:59,115 [Thread-481] INFO  impl.FollowerState (FollowerState.java:run(117)) - 8a63e1ae-032e-4bed-9f20-125a11f65413@group-091950D56227-FollowerState was interrupted: java.lang.InterruptedException: sleep interrupted
2019-10-20 17:39:59,115 [grpc-default-executor-2] INFO  impl.RoleInfo (RoleInfo.java:updateAndGet(143)) - 8a63e1ae-032e-4bed-9f20-125a11f65413: start FollowerState
2019-10-20 17:39:59,115 [Thread-482] INFO  impl.FollowerState (FollowerState.java:run(117)) - 7b1e61a0-7daf-43dd-99d5-9b325c1d31ae@group-091950D56227-FollowerState was interrupted: java.lang.InterruptedException: sleep interrupted
2019-10-20 17:39:59,115 [grpc-default-executor-1] INFO  impl.RoleInfo (RoleInfo.java:updateAndGet(143)) - 7b1e61a0-7daf-43dd-99d5-9b325c1d31ae: start FollowerState
2019-10-20 17:39:59,138 [8f18dce1-0a3d-4b65-9c78-af3d58b2da7f@group-091950D56227-LeaderElection63] INFO  impl.LeaderElection (LeaderElection.java:logAndReturn(56)) - 8f18dce1-0a3d-4b65-9c78-af3d58b2da7f@group-091950D56227-LeaderElection63: Election REJECTED; received 2 response(s) [8f18dce1-0a3d-4b65-9c78-af3d58b2da7f<-8a63e1ae-032e-4bed-9f20-125a11f65413#0:FAIL-t76, 8f18dce1-0a3d-4b65-9c78-af3d58b2da7f<-7b1e61a0-7daf-43dd-99d5-9b325c1d31ae#0:FAIL-t76] and 0 exception(s); 8f18dce1-0a3d-4b65-9c78-af3d58b2da7f@group-091950D56227:t76, leader=null, voted=8f18dce1-0a3d-4b65-9c78-af3d58b2da7f, raftlog=8f18dce1-0a3d-4b65-9c78-af3d58b2da7f@group-091950D56227-SegmentedRaftLog:OPENED:c-1,f-1,i0, conf=-1: [8a63e1ae-032e-4bed-9f20-125a11f65413:0.0.0.0:38685, 8f18dce1-0a3d-4b65-9c78-af3d58b2da7f:0.0.0.0:42489, 7b1e61a0-7daf-43dd-99d5-9b325c1d31ae:0.0.0.0:38412], old=null
2019-10-20 17:39:59,138 [8f18dce1-0a3d-4b65-9c78-af3d58b2da7f@group-091950D56227-LeaderElection63] INFO  impl.RaftServerImpl (RaftServerImpl.java:setRole(184)) - 8f18dce1-0a3d-4b65-9c78-af3d58b2da7f@group-091950D56227: changes role from CANDIDATE to FOLLOWER at term 76 for DISCOVERED_A_NEW_TERM
2019-10-20 17:39:59,139 [8f18dce1-0a3d-4b65-9c78-af3d58b2da7f@group-091950D56227-LeaderElection63] INFO  impl.RoleInfo (RoleInfo.java:shutdownLeaderElection(134)) - 8f18dce1-0a3d-4b65-9c78-af3d58b2da7f: shutdown LeaderElection
2019-10-20 17:39:59,139 [8f18dce1-0a3d-4b65-9c78-af3d58b2da7f@group-091950D56227-LeaderElection63] INFO  impl.RoleInfo (RoleInfo.java:updateAndGet(143)) - 8f18dce1-0a3d-4b65-9c78-af3d58b2da7f: start FollowerState
2019-10-20 17:39:59,317 [Thread-489] INFO  impl.FollowerState (FollowerState.java:run(108)) - 8f18dce1-0a3d-4b65-9c78-af3d58b2da7f@group-091950D56227-FollowerState: change to CANDIDATE, lastRpcTime:178ms, electionTimeout:178ms
2019-10-20 17:39:59,317 [Thread-489] INFO  impl.RoleInfo (RoleInfo.java:shutdownFollowerState(121)) - 8f18dce1-0a3d-4b65-9c78-af3d58b2da7f: shutdown FollowerState
2019-10-20 17:39:59,318 [Thread-489] INFO  impl.RaftServerImpl (RaftServerImpl.java:setRole(184)) - 8f18dce1-0a3d-4b65-9c78-af3d58b2da7f@group-091950D56227: changes role from  FOLLOWER to CANDIDATE at term 76 for changeToCandidate
2019-10-20 17:39:59,318 [Thread-489] INFO  impl.RoleInfo (RoleInfo.java:updateAndGet(143)) - 8f18dce1-0a3d-4b65-9c78-af3d58b2da7f: start LeaderElection
2019-10-20 17:39:59,350 [8f18dce1-0a3d-4b65-9c78-af3d58b2da7f@group-091950D56227-LeaderElection64] INFO  impl.LeaderElection (LeaderElection.java:askForVotes(178)) - 8f18dce1-0a3d-4b65-9c78-af3d58b2da7f@group-091950D56227-LeaderElection64: begin an election at term 77 for -1: [8a63e1ae-032e-4bed-9f20-125a11f65413:0.0.0.0:38685, 8f18dce1-0a3d-4b65-9c78-af3d58b2da7f:0.0.0.0:42489, 7b1e61a0-7daf-43dd-99d5-9b325c1d31ae:0.0.0.0:38412], old=null
2019-10-20 17:39:59,353 [grpc-default-executor-1] INFO  impl.RaftServerImpl (RaftServerImpl.java:setRole(184)) - 7b1e61a0-7daf-43dd-99d5-9b325c1d31ae@group-091950D56227: changes role from  FOLLOWER to FOLLOWER at term 77 for recognizeCandidate:8f18dce1-0a3d-4b65-9c78-af3d58b2da7f
2019-10-20 17:39:59,353 [grpc-default-executor-2] INFO  impl.RaftServerImpl (RaftServerImpl.java:setRole(184)) - 8a63e1ae-032e-4bed-9f20-125a11f65413@group-091950D56227: changes role from  FOLLOWER to FOLLOWER at term 77 for recognizeCandidate:8f18dce1-0a3d-4b65-9c78-af3d58b2da7f
2019-10-20 17:39:59,353 [grpc-default-executor-1] INFO  impl.RoleInfo (RoleInfo.java:shutdownFollowerState(121)) - 7b1e61a0-7daf-43dd-99d5-9b325c1d31ae: shutdown FollowerState
2019-10-20 17:39:59,353 [grpc-default-executor-2] INFO  impl.RoleInfo (RoleInfo.java:shutdownFollowerState(121)) - 8a63e1ae-032e-4bed-9f20-125a11f65413: shutdown FollowerState
2019-10-20 17:39:59,354 [grpc-default-executor-1] INFO  impl.RoleInfo (RoleInfo.java:updateAndGet(143)) - 7b1e61a0-7daf-43dd-99d5-9b325c1d31ae: start FollowerState
2019-10-20 17:39:59,354 [Thread-487] INFO  impl.FollowerState (FollowerState.java:run(117)) - 8a63e1ae-032e-4bed-9f20-125a11f65413@group-091950D56227-FollowerState was interrupted: java.lang.InterruptedException: sleep interrupted
2019-10-20 17:39:59,354 [Thread-488] INFO  impl.FollowerState (FollowerState.java:run(117)) - 7b1e61a0-7daf-43dd-99d5-9b325c1d31ae@group-091950D56227-FollowerState was interrupted: java.lang.InterruptedException: sleep interrupted
2019-10-20 17:39:59,354 [grpc-default-executor-2] INFO  impl.RoleInfo (RoleInfo.java:updateAndGet(143)) - 8a63e1ae-032e-4bed-9f20-125a11f65413: start FollowerState
2019-10-20 17:39:59,383 [8f18dce1-0a3d-4b65-9c78-af3d58b2da7f@group-091950D56227-LeaderElection64] INFO  impl.LeaderElection (LeaderElection.java:logAndReturn(56)) - 8f18dce1-0a3d-4b65-9c78-af3d58b2da7f@group-091950D56227-LeaderElection64: Election TIMEOUT; received 0 response(s) [] and 0 exception(s); 8f18dce1-0a3d-4b65-9c78-af3d58b2da7f@group-091950D56227:t77, leader=null, voted=8f18dce1-0a3d-4b65-9c78-af3d58b2da7f, raftlog=8f18dce1-0a3d-4b65-9c78-af3d58b2da7f@group-091950D56227-SegmentedRaftLog:OPENED:c-1,f-1,i0, conf=-1: [8a63e1ae-032e-4bed-9f20-125a11f65413:0.0.0.0:38685, 8f18dce1-0a3d-4b65-9c78-af3d58b2da7f:0.0.0.0:42489, 7b1e61a0-7daf-43dd-99d5-9b325c1d31ae:0.0.0.0:38412], old=null
2019-10-20 17:39:59,885 [8f18dce1-0a3d-4b65-9c78-af3d58b2da7f@group-091950D56227-LeaderElection64] INFO  impl.LeaderElection (LeaderElection.java:askForVotes(178)) - 8f18dce1-0a3d-4b65-9c78-af3d58b2da7f@group-091950D56227-LeaderElection64: begin an election at term 78 for -1: [8a63e1ae-032e-4bed-9f20-125a11f65413:0.0.0.0:38685, 8f18dce1-0a3d-4b65-9c78-af3d58b2da7f:0.0.0.0:42489, 7b1e61a0-7daf-43dd-99d5-9b325c1d31ae:0.0.0.0:38412], old=null
2019-10-20 17:39:59,890 [grpc-default-executor-1] INFO  impl.RaftServerImpl (RaftServerImpl.java:setRole(184)) - 7b1e61a0-7daf-43dd-99d5-9b325c1d31ae@group-091950D56227: changes role from  FOLLOWER to FOLLOWER at term 78 for recognizeCandidate:8f18dce1-0a3d-4b65-9c78-af3d58b2da7f
2019-10-20 17:39:59,890 [grpc-default-executor-2] INFO  impl.RaftServerImpl (RaftServerImpl.java:setRole(184)) - 8a63e1ae-032e-4bed-9f20-125a11f65413@group-091950D56227: changes role from  FOLLOWER to FOLLOWER at term 78 for recognizeCandidate:8f18dce1-0a3d-4b65-9c78-af3d58b2da7f
2019-10-20 17:39:59,890 [grpc-default-executor-2] INFO  impl.RoleInfo (RoleInfo.java:shutdownFollowerState(121)) - 8a63e1ae-032e-4bed-9f20-125a11f65413: shutdown FollowerState
2019-10-20 17:39:59,890 [grpc-default-executor-1] INFO  impl.RoleInfo (RoleInfo.java:shutdownFollowerState(121)) - 7b1e61a0-7daf-43dd-99d5-9b325c1d31ae: shutdown FollowerState
2019-10-20 17:39:59,890 [Thread-494] INFO  impl.FollowerState (FollowerState.java:run(117)) - 8a63e1ae-032e-4bed-9f20-125a11f65413@group-091950D56227-FollowerState was interrupted: java.lang.InterruptedException: sleep interrupted
2019-10-20 17:39:59,890 [grpc-default-executor-2] INFO  impl.RoleInfo (RoleInfo.java:updateAndGet(143)) - 8a63e1ae-032e-4bed-9f20-125a11f65413: start FollowerState
2019-10-20 17:39:59,891 [Thread-493] INFO  impl.FollowerState (FollowerState.java:run(117)) - 7b1e61a0-7daf-43dd-99d5-9b325c1d31ae@group-091950D56227-FollowerState was interrupted: java.lang.InterruptedException: sleep interrupted
2019-10-20 17:39:59,891 [grpc-default-executor-1] INFO  impl.RoleInfo (RoleInfo.java:updateAndGet(143)) - 7b1e61a0-7daf-43dd-99d5-9b325c1d31ae: start FollowerState
2019-10-20 17:39:59,980 [8f18dce1-0a3d-4b65-9c78-af3d58b2da7f@group-091950D56227-LeaderElection64] INFO  impl.LeaderElection (LeaderElection.java:logAndReturn(56)) - 8f18dce1-0a3d-4b65-9c78-af3d58b2da7f@group-091950D56227-LeaderElection64: Election TIMEOUT; received 0 response(s) [] and 0 exception(s); 8f18dce1-0a3d-4b65-9c78-af3d58b2da7f@group-091950D56227:t78, leader=null, voted=8f18dce1-0a3d-4b65-9c78-af3d58b2da7f, raftlog=8f18dce1-0a3d-4b65-9c78-af3d58b2da7f@group-091950D56227-SegmentedRaftLog:OPENED:c-1,f-1,i0, conf=-1: [8a63e1ae-032e-4bed-9f20-125a11f65413:0.0.0.0:38685, 8f18dce1-0a3d-4b65-9c78-af3d58b2da7f:0.0.0.0:42489, 7b1e61a0-7daf-43dd-99d5-9b325c1d31ae:0.0.0.0:38412], old=null
2019-10-20 17:40:00,020 [8f18dce1-0a3d-4b65-9c78-af3d58b2da7f@group-091950D56227-LeaderElection64] INFO  impl.LeaderElection (LeaderElection.java:askForVotes(178)) - 8f18dce1-0a3d-4b65-9c78-af3d58b2da7f@group-091950D56227-LeaderElection64: begin an election at term 79 for -1: [8a63e1ae-032e-4bed-9f20-125a11f65413:0.0.0.0:38685, 8f18dce1-0a3d-4b65-9c78-af3d58b2da7f:0.0.0.0:42489, 7b1e61a0-7daf-43dd-99d5-9b325c1d31ae:0.0.0.0:38412], old=null
2019-10-20 17:40:00,023 [grpc-default-executor-1] INFO  impl.RaftServerImpl (RaftServerImpl.java:setRole(184)) - 8a63e1ae-032e-4bed-9f20-125a11f65413@group-091950D56227: changes role from  FOLLOWER to FOLLOWER at term 79 for recognizeCandidate:8f18dce1-0a3d-4b65-9c78-af3d58b2da7f
2019-10-20 17:40:00,023 [grpc-default-executor-2] INFO  impl.RaftServerImpl (RaftServerImpl.java:setRole(184)) - 7b1e61a0-7daf-43dd-99d5-9b325c1d31ae@group-091950D56227: changes role from  FOLLOWER to FOLLOWER at term 79 for recognizeCandidate:8f18dce1-0a3d-4b65-9c78-af3d58b2da7f
2019-10-20 17:40:00,023 [grpc-default-executor-1] INFO  impl.RoleInfo (RoleInfo.java:shutdownFollowerState(121)) - 8a63e1ae-032e-4bed-9f20-125a11f65413: shutdown FollowerState
2019-10-20 17:40:00,023 [grpc-default-executor-2] INFO  impl.RoleInfo (RoleInfo.java:shutdownFollowerState(121)) - 7b1e61a0-7daf-43dd-99d5-9b325c1d31ae: shutdown FollowerState
2019-10-20 17:40:00,023 [Thread-497] INFO  impl.FollowerState (FollowerState.java:run(117)) - 8a63e1ae-032e-4bed-9f20-125a11f65413@group-091950D56227-FollowerState was interrupted: java.lang.InterruptedException: sleep interrupted
2019-10-20 17:40:00,023 [grpc-default-executor-1] INFO  impl.RoleInfo (RoleInfo.java:updateAndGet(143)) - 8a63e1ae-032e-4bed-9f20-125a11f65413: start FollowerState
2019-10-20 17:40:00,024 [grpc-default-executor-2] INFO  impl.RoleInfo (RoleInfo.java:updateAndGet(143)) - 7b1e61a0-7daf-43dd-99d5-9b325c1d31ae: start FollowerState
2019-10-20 17:40:00,024 [Thread-498] INFO  impl.FollowerState (FollowerState.java:run(117)) - 7b1e61a0-7daf-43dd-99d5-9b325c1d31ae@group-091950D56227-FollowerState was interrupted: java.lang.InterruptedException: sleep interrupted
2019-10-20 17:40:00,030 [8f18dce1-0a3d-4b65-9c78-af3d58b2da7f@group-091950D56227-LeaderElection64] INFO  impl.LeaderElection (LeaderElection.java:logAndReturn(56)) - 8f18dce1-0a3d-4b65-9c78-af3d58b2da7f@group-091950D56227-LeaderElection64: Election TIMEOUT; received 0 response(s) [] and 0 exception(s); 8f18dce1-0a3d-4b65-9c78-af3d58b2da7f@group-091950D56227:t79, leader=null, voted=8f18dce1-0a3d-4b65-9c78-af3d58b2da7f, raftlog=8f18dce1-0a3d-4b65-9c78-af3d58b2da7f@group-091950D56227-SegmentedRaftLog:OPENED:c-1,f-1,i0, conf=-1: [8a63e1ae-032e-4bed-9f20-125a11f65413:0.0.0.0:38685, 8f18dce1-0a3d-4b65-9c78-af3d58b2da7f:0.0.0.0:42489, 7b1e61a0-7daf-43dd-99d5-9b325c1d31ae:0.0.0.0:38412], old=null
2019-10-20 17:40:00,056 [8f18dce1-0a3d-4b65-9c78-af3d58b2da7f@group-091950D56227-LeaderElection64] INFO  impl.LeaderElection (LeaderElection.java:askForVotes(178)) - 8f18dce1-0a3d-4b65-9c78-af3d58b2da7f@group-091950D56227-LeaderElection64: begin an election at term 80 for -1: [8a63e1ae-032e-4bed-9f20-125a11f65413:0.0.0.0:38685, 8f18dce1-0a3d-4b65-9c78-af3d58b2da7f:0.0.0.0:42489, 7b1e61a0-7daf-43dd-99d5-9b325c1d31ae:0.0.0.0:38412], old=null
2019-10-20 17:40:00,058 [grpc-default-executor-2] INFO  impl.RaftServerImpl (RaftServerImpl.java:setRole(184)) - 7b1e61a0-7daf-43dd-99d5-9b325c1d31ae@group-091950D56227: changes role from  FOLLOWER to FOLLOWER at term 80 for recognizeCandidate:8f18dce1-0a3d-4b65-9c78-af3d58b2da7f
2019-10-20 17:40:00,058 [grpc-default-executor-2] INFO  impl.RoleInfo (RoleInfo.java:shutdownFollowerState(121)) - 7b1e61a0-7daf-43dd-99d5-9b325c1d31ae: shutdown FollowerState
2019-10-20 17:40:00,058 [grpc-default-executor-2] INFO  impl.RoleInfo (RoleInfo.java:updateAndGet(143)) - 7b1e61a0-7daf-43dd-99d5-9b325c1d31ae: start FollowerState
2019-10-20 17:40:00,059 [grpc-default-executor-1] INFO  impl.RaftServerImpl (RaftServerImpl.java:setRole(184)) - 8a63e1ae-032e-4bed-9f20-125a11f65413@group-091950D56227: changes role from  FOLLOWER to FOLLOWER at term 80 for recognizeCandidate:8f18dce1-0a3d-4b65-9c78-af3d58b2da7f
2019-10-20 17:40:00,059 [grpc-default-executor-1] INFO  impl.RoleInfo (RoleInfo.java:shutdownFollowerState(121)) - 8a63e1ae-032e-4bed-9f20-125a11f65413: shutdown FollowerState
2019-10-20 17:40:00,059 [Thread-504] INFO  impl.FollowerState (FollowerState.java:run(117)) - 7b1e61a0-7daf-43dd-99d5-9b325c1d31ae@group-091950D56227-FollowerState was interrupted: java.lang.InterruptedException: sleep interrupted
2019-10-20 17:40:00,059 [Thread-503] INFO  impl.FollowerState (FollowerState.java:run(117)) - 8a63e1ae-032e-4bed-9f20-125a11f65413@group-091950D56227-FollowerState was interrupted: java.lang.InterruptedException: sleep interrupted
2019-10-20 17:40:00,059 [grpc-default-executor-1] INFO  impl.RoleInfo (RoleInfo.java:updateAndGet(143)) - 8a63e1ae-032e-4bed-9f20-125a11f65413: start FollowerState
2019-10-20 17:40:00,092 [8f18dce1-0a3d-4b65-9c78-af3d58b2da7f@group-091950D56227-LeaderElection64] INFO  impl.LeaderElection (LeaderElection.java:logAndReturn(56)) - 8f18dce1-0a3d-4b65-9c78-af3d58b2da7f@group-091950D56227-LeaderElection64: Election REJECTED; received 2 response(s) [8f18dce1-0a3d-4b65-9c78-af3d58b2da7f<-8a63e1ae-032e-4bed-9f20-125a11f65413#0:FAIL-t80, 8f18dce1-0a3d-4b65-9c78-af3d58b2da7f<-7b1e61a0-7daf-43dd-99d5-9b325c1d31ae#0:FAIL-t80] and 0 exception(s); 8f18dce1-0a3d-4b65-9c78-af3d58b2da7f@group-091950D56227:t80, leader=null, voted=8f18dce1-0a3d-4b65-9c78-af3d58b2da7f, raftlog=8f18dce1-0a3d-4b65-9c78-af3d58b2da7f@group-091950D56227-SegmentedRaftLog:OPENED:c-1,f-1,i0, conf=-1: [8a63e1ae-032e-4bed-9f20-125a11f65413:0.0.0.0:38685, 8f18dce1-0a3d-4b65-9c78-af3d58b2da7f:0.0.0.0:42489, 7b1e61a0-7daf-43dd-99d5-9b325c1d31ae:0.0.0.0:38412], old=null
2019-10-20 17:40:00,092 [8f18dce1-0a3d-4b65-9c78-af3d58b2da7f@group-091950D56227-LeaderElection64] INFO  impl.RaftServerImpl (RaftServerImpl.java:setRole(184)) - 8f18dce1-0a3d-4b65-9c78-af3d58b2da7f@group-091950D56227: changes role from CANDIDATE to FOLLOWER at term 80 for DISCOVERED_A_NEW_TERM
2019-10-20 17:40:00,092 [8f18dce1-0a3d-4b65-9c78-af3d58b2da7f@group-091950D56227-LeaderElection64] INFO  impl.RoleInfo (RoleInfo.java:shutdownLeaderElection(134)) - 8f18dce1-0a3d-4b65-9c78-af3d58b2da7f: shutdown LeaderElection
2019-10-20 17:40:00,092 [8f18dce1-0a3d-4b65-9c78-af3d58b2da7f@group-091950D56227-LeaderElection64] INFO  impl.RoleInfo (RoleInfo.java:updateAndGet(143)) - 8f18dce1-0a3d-4b65-9c78-af3d58b2da7f: start FollowerState
2019-10-20 17:40:00,280 [Thread-509] INFO  impl.FollowerState (FollowerState.java:run(108)) - 8f18dce1-0a3d-4b65-9c78-af3d58b2da7f@group-091950D56227-FollowerState: change to CANDIDATE, lastRpcTime:187ms, electionTimeout:187ms
2019-10-20 17:40:00,280 [Thread-509] INFO  impl.RoleInfo (RoleInfo.java:shutdownFollowerState(121)) - 8f18dce1-0a3d-4b65-9c78-af3d58b2da7f: shutdown FollowerState
2019-10-20 17:40:00,280 [Thread-509] INFO  impl.RaftServerImpl (RaftServerImpl.java:setRole(184)) - 8f18dce1-0a3d-4b65-9c78-af3d58b2da7f@group-091950D56227: changes role from  FOLLOWER to CANDIDATE at term 80 for changeToCandidate
2019-10-20 17:40:00,280 [Thread-509] INFO  impl.RoleInfo (RoleInfo.java:updateAndGet(143)) - 8f18dce1-0a3d-4b65-9c78-af3d58b2da7f: start LeaderElection
2019-10-20 17:40:00,306 [8f18dce1-0a3d-4b65-9c78-af3d58b2da7f@group-091950D56227-LeaderElection65] INFO  impl.LeaderElection (LeaderElection.java:askForVotes(178)) - 8f18dce1-0a3d-4b65-9c78-af3d58b2da7f@group-091950D56227-LeaderElection65: begin an election at term 81 for -1: [8a63e1ae-032e-4bed-9f20-125a11f65413:0.0.0.0:38685, 8f18dce1-0a3d-4b65-9c78-af3d58b2da7f:0.0.0.0:42489, 7b1e61a0-7daf-43dd-99d5-9b325c1d31ae:0.0.0.0:38412], old=null
2019-10-20 17:40:00,308 [grpc-default-executor-1] INFO  impl.RaftServerImpl (RaftServerImpl.java:setRole(184)) - 8a63e1ae-032e-4bed-9f20-125a11f65413@group-091950D56227: changes role from  FOLLOWER to FOLLOWER at term 81 for recognizeCandidate:8f18dce1-0a3d-4b65-9c78-af3d58b2da7f
2019-10-20 17:40:00,308 [grpc-default-executor-2] INFO  impl.RaftServerImpl (RaftServerImpl.java:setRole(184)) - 7b1e61a0-7daf-43dd-99d5-9b325c1d31ae@group-091950D56227: changes role from  FOLLOWER to FOLLOWER at term 81 for recognizeCandidate:8f18dce1-0a3d-4b65-9c78-af3d58b2da7f
2019-10-20 17:40:00,308 [grpc-default-executor-1] INFO  impl.RoleInfo (RoleInfo.java:shutdownFollowerState(121)) - 8a63e1ae-032e-4bed-9f20-125a11f65413: shutdown FollowerState
2019-10-20 17:40:00,308 [grpc-default-executor-2] INFO  impl.RoleInfo (RoleInfo.java:shutdownFollowerState(121)) - 7b1e61a0-7daf-43dd-99d5-9b325c1d31ae: shutdown FollowerState
2019-10-20 17:40:00,309 [Thread-508] INFO  impl.FollowerState (FollowerState.java:run(117)) - 8a63e1ae-032e-4bed-9f20-125a11f65413@group-091950D56227-FollowerState was interrupted: java.lang.InterruptedException: sleep interrupted
2019-10-20 17:40:00,309 [grpc-default-executor-1] INFO  impl.RoleInfo (RoleInfo.java:updateAndGet(143)) - 8a63e1ae-032e-4bed-9f20-125a11f65413: start FollowerState
2019-10-20 17:40:00,309 [Thread-507] INFO  impl.FollowerState (FollowerState.java:run(117)) - 7b1e61a0-7daf-43dd-99d5-9b325c1d31ae@group-091950D56227-FollowerState was interrupted: java.lang.InterruptedException: sleep interrupted
2019-10-20 17:40:00,309 [grpc-default-executor-2] INFO  impl.RoleInfo (RoleInfo.java:updateAndGet(143)) - 7b1e61a0-7daf-43dd-99d5-9b325c1d31ae: start FollowerState
2019-10-20 17:40:00,326 [8f18dce1-0a3d-4b65-9c78-af3d58b2da7f@group-091950D56227-LeaderElection65] INFO  impl.LeaderElection (LeaderElection.java:logAndReturn(56)) - 8f18dce1-0a3d-4b65-9c78-af3d58b2da7f@group-091950D56227-LeaderElection65: Election REJECTED; received 2 response(s) [8f18dce1-0a3d-4b65-9c78-af3d58b2da7f<-8a63e1ae-032e-4bed-9f20-125a11f65413#0:FAIL-t81, 8f18dce1-0a3d-4b65-9c78-af3d58b2da7f<-7b1e61a0-7daf-43dd-99d5-9b325c1d31ae#0:FAIL-t81] and 0 exception(s); 8f18dce1-0a3d-4b65-9c78-af3d58b2da7f@group-091950D56227:t81, leader=null, voted=8f18dce1-0a3d-4b65-9c78-af3d58b2da7f, raftlog=8f18dce1-0a3d-4b65-9c78-af3d58b2da7f@group-091950D56227-SegmentedRaftLog:OPENED:c-1,f-1,i0, conf=-1: [8a63e1ae-032e-4bed-9f20-125a11f65413:0.0.0.0:38685, 8f18dce1-0a3d-4b65-9c78-af3d58b2da7f:0.0.0.0:42489, 7b1e61a0-7daf-43dd-99d5-9b325c1d31ae:0.0.0.0:38412], old=null
2019-10-20 17:40:00,326 [8f18dce1-0a3d-4b65-9c78-af3d58b2da7f@group-091950D56227-LeaderElection65] INFO  impl.RaftServerImpl (RaftServerImpl.java:setRole(184)) - 8f18dce1-0a3d-4b65-9c78-af3d58b2da7f@group-091950D56227: changes role from CANDIDATE to FOLLOWER at term 81 for DISCOVERED_A_NEW_TERM
2019-10-20 17:40:00,327 [8f18dce1-0a3d-4b65-9c78-af3d58b2da7f@group-091950D56227-LeaderElection65] INFO  impl.RoleInfo (RoleInfo.java:shutdownLeaderElection(134)) - 8f18dce1-0a3d-4b65-9c78-af3d58b2da7f: shutdown LeaderElection
2019-10-20 17:40:00,327 [8f18dce1-0a3d-4b65-9c78-af3d58b2da7f@group-091950D56227-LeaderElection65] INFO  impl.RoleInfo (RoleInfo.java:updateAndGet(143)) - 8f18dce1-0a3d-4b65-9c78-af3d58b2da7f: start FollowerState
2019-10-20 17:40:00,486 [Thread-515] INFO  impl.FollowerState (FollowerState.java:run(108)) - 8f18dce1-0a3d-4b65-9c78-af3d58b2da7f@group-091950D56227-FollowerState: change to CANDIDATE, lastRpcTime:159ms, electionTimeout:159ms
2019-10-20 17:40:00,486 [Thread-515] INFO  impl.RoleInfo (RoleInfo.java:shutdownFollowerState(121)) - 8f18dce1-0a3d-4b65-9c78-af3d58b2da7f: shutdown FollowerState
2019-10-20 17:40:00,486 [Thread-515] INFO  impl.RaftServerImpl (RaftServerImpl.java:setRole(184)) - 8f18dce1-0a3d-4b65-9c78-af3d58b2da7f@group-091950D56227: changes role from  FOLLOWER to CANDIDATE at term 81 for changeToCandidate
2019-10-20 17:40:00,487 [Thread-515] INFO  impl.RoleInfo (RoleInfo.java:updateAndGet(143)) - 8f18dce1-0a3d-4b65-9c78-af3d58b2da7f: start LeaderElection
2019-10-20 17:40:00,535 [8f18dce1-0a3d-4b65-9c78-af3d58b2da7f@group-091950D56227-LeaderElection66] INFO  impl.LeaderElection (LeaderElection.java:askForVotes(178)) - 8f18dce1-0a3d-4b65-9c78-af3d58b2da7f@group-091950D56227-LeaderElection66: begin an election at term 82 for -1: [8a63e1ae-032e-4bed-9f20-125a11f65413:0.0.0.0:38685, 8f18dce1-0a3d-4b65-9c78-af3d58b2da7f:0.0.0.0:42489, 7b1e61a0-7daf-43dd-99d5-9b325c1d31ae:0.0.0.0:38412], old=null
2019-10-20 17:40:00,537 [grpc-default-executor-2] INFO  impl.RaftServerImpl (RaftServerImpl.java:setRole(184)) - 8a63e1ae-032e-4bed-9f20-125a11f65413@group-091950D56227: changes role from  FOLLOWER to FOLLOWER at term 82 for recognizeCandidate:8f18dce1-0a3d-4b65-9c78-af3d58b2da7f
2019-10-20 17:40:00,537 [grpc-default-executor-2] INFO  impl.RoleInfo (RoleInfo.java:shutdownFollowerState(121)) - 8a63e1ae-032e-4bed-9f20-125a11f65413: shutdown FollowerState
2019-10-20 17:40:00,537 [grpc-default-executor-2] INFO  impl.RoleInfo (RoleInfo.java:updateAndGet(143)) - 8a63e1ae-032e-4bed-9f20-125a11f65413: start FollowerState
2019-10-20 17:40:00,538 [grpc-default-executor-1] INFO  impl.RaftServerImpl (RaftServerImpl.java:setRole(184)) - 7b1e61a0-7daf-43dd-99d5-9b325c1d31ae@group-091950D56227: changes role from  FOLLOWER to FOLLOWER at term 82 for recognizeCandidate:8f18dce1-0a3d-4b65-9c78-af3d58b2da7f
2019-10-20 17:40:00,538 [Thread-513] INFO  impl.FollowerState (FollowerState.java:run(117)) - 8a63e1ae-032e-4bed-9f20-125a11f65413@group-091950D56227-FollowerState was interrupted: java.lang.InterruptedException: sleep interrupted
2019-10-20 17:40:00,538 [grpc-default-executor-1] INFO  impl.RoleInfo (RoleInfo.java:shutdownFollowerState(121)) - 7b1e61a0-7daf-43dd-99d5-9b325c1d31ae: shutdown FollowerState
2019-10-20 17:40:00,538 [grpc-default-executor-1] INFO  impl.RoleInfo (RoleInfo.java:updateAndGet(143)) - 7b1e61a0-7daf-43dd-99d5-9b325c1d31ae: start FollowerState
2019-10-20 17:40:00,538 [Thread-514] INFO  impl.FollowerState (FollowerState.java:run(117)) - 7b1e61a0-7daf-43dd-99d5-9b325c1d31ae@group-091950D56227-FollowerState was interrupted: java.lang.InterruptedException: sleep interrupted
2019-10-20 17:40:00,565 [8f18dce1-0a3d-4b65-9c78-af3d58b2da7f@group-091950D56227-LeaderElection66] INFO  impl.LeaderElection (LeaderElection.java:logAndReturn(56)) - 8f18dce1-0a3d-4b65-9c78-af3d58b2da7f@group-091950D56227-LeaderElection66: Election REJECTED; received 2 response(s) [8f18dce1-0a3d-4b65-9c78-af3d58b2da7f<-8a63e1ae-032e-4bed-9f20-125a11f65413#0:FAIL-t82, 8f18dce1-0a3d-4b65-9c78-af3d58b2da7f<-7b1e61a0-7daf-43dd-99d5-9b325c1d31ae#0:FAIL-t82] and 0 exception(s); 8f18dce1-0a3d-4b65-9c78-af3d58b2da7f@group-091950D56227:t82, leader=null, voted=8f18dce1-0a3d-4b65-9c78-af3d58b2da7f, raftlog=8f18dce1-0a3d-4b65-9c78-af3d58b2da7f@group-091950D56227-SegmentedRaftLog:OPENED:c-1,f-1,i0, conf=-1: [8a63e1ae-032e-4bed-9f20-125a11f65413:0.0.0.0:38685, 8f18dce1-0a3d-4b65-9c78-af3d58b2da7f:0.0.0.0:42489, 7b1e61a0-7daf-43dd-99d5-9b325c1d31ae:0.0.0.0:38412], old=null
2019-10-20 17:40:00,565 [8f18dce1-0a3d-4b65-9c78-af3d58b2da7f@group-091950D56227-LeaderElection66] INFO  impl.RaftServerImpl (RaftServerImpl.java:setRole(184)) - 8f18dce1-0a3d-4b65-9c78-af3d58b2da7f@group-091950D56227: changes role from CANDIDATE to FOLLOWER at term 82 for DISCOVERED_A_NEW_TERM
2019-10-20 17:40:00,565 [8f18dce1-0a3d-4b65-9c78-af3d58b2da7f@group-091950D56227-LeaderElection66] INFO  impl.RoleInfo (RoleInfo.java:shutdownLeaderElection(134)) - 8f18dce1-0a3d-4b65-9c78-af3d58b2da7f: shutdown LeaderElection
2019-10-20 17:40:00,565 [8f18dce1-0a3d-4b65-9c78-af3d58b2da7f@group-091950D56227-LeaderElection66] INFO  impl.RoleInfo (RoleInfo.java:updateAndGet(143)) - 8f18dce1-0a3d-4b65-9c78-af3d58b2da7f: start FollowerState
2019-10-20 17:40:00,699 [Thread-521] INFO  impl.FollowerState (FollowerState.java:run(108)) - 8f18dce1-0a3d-4b65-9c78-af3d58b2da7f@group-091950D56227-FollowerState: change to CANDIDATE, lastRpcTime:133ms, electionTimeout:133ms
2019-10-20 17:40:00,699 [Thread-521] INFO  impl.RoleInfo (RoleInfo.java:shutdownFollowerState(121)) - 8f18dce1-0a3d-4b65-9c78-af3d58b2da7f: shutdown FollowerState
2019-10-20 17:40:00,699 [Thread-521] INFO  impl.RaftServerImpl (RaftServerImpl.java:setRole(184)) - 8f18dce1-0a3d-4b65-9c78-af3d58b2da7f@group-091950D56227: changes role from  FOLLOWER to CANDIDATE at term 82 for changeToCandidate
2019-10-20 17:40:00,699 [Thread-521] INFO  impl.RoleInfo (RoleInfo.java:updateAndGet(143)) - 8f18dce1-0a3d-4b65-9c78-af3d58b2da7f: start LeaderElection
2019-10-20 17:40:00,724 [8f18dce1-0a3d-4b65-9c78-af3d58b2da7f@group-091950D56227-LeaderElection67] INFO  impl.LeaderElection (LeaderElection.java:askForVotes(178)) - 8f18dce1-0a3d-4b65-9c78-af3d58b2da7f@group-091950D56227-LeaderElection67: begin an election at term 83 for -1: [8a63e1ae-032e-4bed-9f20-125a11f65413:0.0.0.0:38685, 8f18dce1-0a3d-4b65-9c78-af3d58b2da7f:0.0.0.0:42489, 7b1e61a0-7daf-43dd-99d5-9b325c1d31ae:0.0.0.0:38412], old=null
2019-10-20 17:40:00,726 [grpc-default-executor-2] INFO  impl.RaftServerImpl (RaftServerImpl.java:setRole(184)) - 8a63e1ae-032e-4bed-9f20-125a11f65413@group-091950D56227: changes role from  FOLLOWER to FOLLOWER at term 83 for recognizeCandidate:8f18dce1-0a3d-4b65-9c78-af3d58b2da7f
2019-10-20 17:40:00,726 [grpc-default-executor-2] INFO  impl.RoleInfo (RoleInfo.java:shutdownFollowerState(121)) - 8a63e1ae-032e-4bed-9f20-125a11f65413: shutdown FollowerState
2019-10-20 17:40:00,727 [grpc-default-executor-2] INFO  impl.RoleInfo (RoleInfo.java:updateAndGet(143)) - 8a63e1ae-032e-4bed-9f20-125a11f65413: start FollowerState
2019-10-20 17:40:00,727 [Thread-519] INFO  impl.FollowerState (FollowerState.java:run(117)) - 8a63e1ae-032e-4bed-9f20-125a11f65413@group-091950D56227-FollowerState was interrupted: java.lang.InterruptedException: sleep interrupted
2019-10-20 17:40:00,727 [grpc-default-executor-1] INFO  impl.RaftServerImpl (RaftServerImpl.java:setRole(184)) - 7b1e61a0-7daf-43dd-99d5-9b325c1d31ae@group-091950D56227: changes role from  FOLLOWER to FOLLOWER at term 83 for recognizeCandidate:8f18dce1-0a3d-4b65-9c78-af3d58b2da7f
2019-10-20 17:40:00,727 [grpc-default-executor-1] INFO  impl.RoleInfo (RoleInfo.java:shutdownFollowerState(121)) - 7b1e61a0-7daf-43dd-99d5-9b325c1d31ae: shutdown FollowerState
2019-10-20 17:40:00,727 [grpc-default-executor-1] INFO  impl.RoleInfo (RoleInfo.java:updateAndGet(143)) - 7b1e61a0-7daf-43dd-99d5-9b325c1d31ae: start FollowerState
2019-10-20 17:40:00,727 [Thread-520] INFO  impl.FollowerState (FollowerState.java:run(117)) - 7b1e61a0-7daf-43dd-99d5-9b325c1d31ae@group-091950D56227-FollowerState was interrupted: java.lang.InterruptedException: sleep interrupted
2019-10-20 17:40:00,751 [8f18dce1-0a3d-4b65-9c78-af3d58b2da7f@group-091950D56227-LeaderElection67] INFO  impl.LeaderElection (LeaderElection.java:logAndReturn(56)) - 8f18dce1-0a3d-4b65-9c78-af3d58b2da7f@group-091950D56227-LeaderElection67: Election REJECTED; received 2 response(s) [8f18dce1-0a3d-4b65-9c78-af3d58b2da7f<-8a63e1ae-032e-4bed-9f20-125a11f65413#0:FAIL-t83, 8f18dce1-0a3d-4b65-9c78-af3d58b2da7f<-7b1e61a0-7daf-43dd-99d5-9b325c1d31ae#0:FAIL-t83] and 0 exception(s); 8f18dce1-0a3d-4b65-9c78-af3d58b2da7f@group-091950D56227:t83, leader=null, voted=8f18dce1-0a3d-4b65-9c78-af3d58b2da7f, raftlog=8f18dce1-0a3d-4b65-9c78-af3d58b2da7f@group-091950D56227-SegmentedRaftLog:OPENED:c-1,f-1,i0, conf=-1: [8a63e1ae-032e-4bed-9f20-125a11f65413:0.0.0.0:38685, 8f18dce1-0a3d-4b65-9c78-af3d58b2da7f:0.0.0.0:42489, 7b1e61a0-7daf-43dd-99d5-9b325c1d31ae:0.0.0.0:38412], old=null
2019-10-20 17:40:00,751 [8f18dce1-0a3d-4b65-9c78-af3d58b2da7f@group-091950D56227-LeaderElection67] INFO  impl.RaftServerImpl (RaftServerImpl.java:setRole(184)) - 8f18dce1-0a3d-4b65-9c78-af3d58b2da7f@group-091950D56227: changes role from CANDIDATE to FOLLOWER at term 83 for DISCOVERED_A_NEW_TERM
2019-10-20 17:40:00,752 [8f18dce1-0a3d-4b65-9c78-af3d58b2da7f@group-091950D56227-LeaderElection67] INFO  impl.RoleInfo (RoleInfo.java:shutdownLeaderElection(134)) - 8f18dce1-0a3d-4b65-9c78-af3d58b2da7f: shutdown LeaderElection
2019-10-20 17:40:00,752 [8f18dce1-0a3d-4b65-9c78-af3d58b2da7f@group-091950D56227-LeaderElection67] INFO  impl.RoleInfo (RoleInfo.java:updateAndGet(143)) - 8f18dce1-0a3d-4b65-9c78-af3d58b2da7f: start FollowerState
2019-10-20 17:40:00,924 [Thread-527] INFO  impl.FollowerState (FollowerState.java:run(108)) - 8f18dce1-0a3d-4b65-9c78-af3d58b2da7f@group-091950D56227-FollowerState: change to CANDIDATE, lastRpcTime:172ms, electionTimeout:172ms
2019-10-20 17:40:00,925 [Thread-527] INFO  impl.RoleInfo (RoleInfo.java:shutdownFollowerState(121)) - 8f18dce1-0a3d-4b65-9c78-af3d58b2da7f: shutdown FollowerState
2019-10-20 17:40:00,925 [Thread-527] INFO  impl.RaftServerImpl (RaftServerImpl.java:setRole(184)) - 8f18dce1-0a3d-4b65-9c78-af3d58b2da7f@group-091950D56227: changes role from  FOLLOWER to CANDIDATE at term 83 for changeToCandidate
2019-10-20 17:40:00,925 [Thread-527] INFO  impl.RoleInfo (RoleInfo.java:updateAndGet(143)) - 8f18dce1-0a3d-4b65-9c78-af3d58b2da7f: start LeaderElection
2019-10-20 17:40:00,949 [8f18dce1-0a3d-4b65-9c78-af3d58b2da7f@group-091950D56227-LeaderElection68] INFO  impl.LeaderElection (LeaderElection.java:askForVotes(178)) - 8f18dce1-0a3d-4b65-9c78-af3d58b2da7f@group-091950D56227-LeaderElection68: begin an election at term 84 for -1: [8a63e1ae-032e-4bed-9f20-125a11f65413:0.0.0.0:38685, 8f18dce1-0a3d-4b65-9c78-af3d58b2da7f:0.0.0.0:42489, 7b1e61a0-7daf-43dd-99d5-9b325c1d31ae:0.0.0.0:38412], old=null
2019-10-20 17:40:00,952 [grpc-default-executor-1] INFO  impl.RaftServerImpl (RaftServerImpl.java:setRole(184)) - 8a63e1ae-032e-4bed-9f20-125a11f65413@group-091950D56227: changes role from  FOLLOWER to FOLLOWER at term 84 for recognizeCandidate:8f18dce1-0a3d-4b65-9c78-af3d58b2da7f
2019-10-20 17:40:00,952 [grpc-default-executor-1] INFO  impl.RoleInfo (RoleInfo.java:shutdownFollowerState(121)) - 8a63e1ae-032e-4bed-9f20-125a11f65413: shutdown FollowerState
2019-10-20 17:40:00,952 [grpc-default-executor-2] INFO  impl.RaftServerImpl (RaftServerImpl.java:setRole(184)) - 7b1e61a0-7daf-43dd-99d5-9b325c1d31ae@group-091950D56227: changes role from  FOLLOWER to FOLLOWER at term 84 for recognizeCandidate:8f18dce1-0a3d-4b65-9c78-af3d58b2da7f
2019-10-20 17:40:00,953 [Thread-525] INFO  impl.FollowerState (FollowerState.java:run(117)) - 8a63e1ae-032e-4bed-9f20-125a11f65413@group-091950D56227-FollowerState was interrupted: java.lang.InterruptedException: sleep interrupted
2019-10-20 17:40:00,953 [grpc-default-executor-1] INFO  impl.RoleInfo (RoleInfo.java:updateAndGet(143)) - 8a63e1ae-032e-4bed-9f20-125a11f65413: start FollowerState
2019-10-20 17:40:00,953 [grpc-default-executor-2] INFO  impl.RoleInfo (RoleInfo.java:shutdownFollowerState(121)) - 7b1e61a0-7daf-43dd-99d5-9b325c1d31ae: shutdown FollowerState
2019-10-20 17:40:00,953 [grpc-default-executor-2] INFO  impl.RoleInfo (RoleInfo.java:updateAndGet(143)) - 7b1e61a0-7daf-43dd-99d5-9b325c1d31ae: start FollowerState
2019-10-20 17:40:00,953 [Thread-526] INFO  impl.FollowerState (FollowerState.java:run(117)) - 7b1e61a0-7daf-43dd-99d5-9b325c1d31ae@group-091950D56227-FollowerState was interrupted: java.lang.InterruptedException: sleep interrupted
2019-10-20 17:40:00,977 [8f18dce1-0a3d-4b65-9c78-af3d58b2da7f@group-091950D56227-LeaderElection68] INFO  impl.LeaderElection (LeaderElection.java:logAndReturn(56)) - 8f18dce1-0a3d-4b65-9c78-af3d58b2da7f@group-091950D56227-LeaderElection68: Election REJECTED; received 2 response(s) [8f18dce1-0a3d-4b65-9c78-af3d58b2da7f<-8a63e1ae-032e-4bed-9f20-125a11f65413#0:FAIL-t84, 8f18dce1-0a3d-4b65-9c78-af3d58b2da7f<-7b1e61a0-7daf-43dd-99d5-9b325c1d31ae#0:FAIL-t84] and 0 exception(s); 8f18dce1-0a3d-4b65-9c78-af3d58b2da7f@group-091950D56227:t84, leader=null, voted=8f18dce1-0a3d-4b65-9c78-af3d58b2da7f, raftlog=8f18dce1-0a3d-4b65-9c78-af3d58b2da7f@group-091950D56227-SegmentedRaftLog:OPENED:c-1,f-1,i0, conf=-1: [8a63e1ae-032e-4bed-9f20-125a11f65413:0.0.0.0:38685, 8f18dce1-0a3d-4b65-9c78-af3d58b2da7f:0.0.0.0:42489, 7b1e61a0-7daf-43dd-99d5-9b325c1d31ae:0.0.0.0:38412], old=null
2019-10-20 17:40:00,977 [8f18dce1-0a3d-4b65-9c78-af3d58b2da7f@group-091950D56227-LeaderElection68] INFO  impl.RaftServerImpl (RaftServerImpl.java:setRole(184)) - 8f18dce1-0a3d-4b65-9c78-af3d58b2da7f@group-091950D56227: changes role from CANDIDATE to FOLLOWER at term 84 for DISCOVERED_A_NEW_TERM
2019-10-20 17:40:00,977 [8f18dce1-0a3d-4b65-9c78-af3d58b2da7f@group-091950D56227-LeaderElection68] INFO  impl.RoleInfo (RoleInfo.java:shutdownLeaderElection(134)) - 8f18dce1-0a3d-4b65-9c78-af3d58b2da7f: shutdown LeaderElection
2019-10-20 17:40:00,977 [8f18dce1-0a3d-4b65-9c78-af3d58b2da7f@group-091950D56227-LeaderElection68] INFO  impl.RoleInfo (RoleInfo.java:updateAndGet(143)) - 8f18dce1-0a3d-4b65-9c78-af3d58b2da7f: start FollowerState
2019-10-20 17:40:00,985 [Thread-535] INFO  impl.FollowerState (FollowerState.java:run(108)) - 8f18dce1-0a3d-4b65-9c78-af3d58b2da7f@group-091950D56227-FollowerState: change to CANDIDATE, lastRpcTime:7ms, electionTimeout:7ms
2019-10-20 17:40:00,985 [Thread-535] INFO  impl.RoleInfo (RoleInfo.java:shutdownFollowerState(121)) - 8f18dce1-0a3d-4b65-9c78-af3d58b2da7f: shutdown FollowerState
2019-10-20 17:40:00,985 [Thread-535] INFO  impl.RaftServerImpl (RaftServerImpl.java:setRole(184)) - 8f18dce1-0a3d-4b65-9c78-af3d58b2da7f@group-091950D56227: changes role from  FOLLOWER to CANDIDATE at term 84 for changeToCandidate
2019-10-20 17:40:00,985 [Thread-535] INFO  impl.RoleInfo (RoleInfo.java:updateAndGet(143)) - 8f18dce1-0a3d-4b65-9c78-af3d58b2da7f: start LeaderElection
2019-10-20 17:40:01,009 [8f18dce1-0a3d-4b65-9c78-af3d58b2da7f@group-091950D56227-LeaderElection69] INFO  impl.LeaderElection (LeaderElection.java:askForVotes(178)) - 8f18dce1-0a3d-4b65-9c78-af3d58b2da7f@group-091950D56227-LeaderElection69: begin an election at term 85 for -1: [8a63e1ae-032e-4bed-9f20-125a11f65413:0.0.0.0:38685, 8f18dce1-0a3d-4b65-9c78-af3d58b2da7f:0.0.0.0:42489, 7b1e61a0-7daf-43dd-99d5-9b325c1d31ae:0.0.0.0:38412], old=null
2019-10-20 17:40:01,012 [grpc-default-executor-1] INFO  impl.RaftServerImpl (RaftServerImpl.java:setRole(184)) - 7b1e61a0-7daf-43dd-99d5-9b325c1d31ae@group-091950D56227: changes role from  FOLLOWER to FOLLOWER at term 85 for recognizeCandidate:8f18dce1-0a3d-4b65-9c78-af3d58b2da7f
2019-10-20 17:40:01,012 [grpc-default-executor-1] INFO  impl.RoleInfo (RoleInfo.java:shutdownFollowerState(121)) - 7b1e61a0-7daf-43dd-99d5-9b325c1d31ae: shutdown FollowerState
2019-10-20 17:40:01,012 [grpc-default-executor-2] INFO  impl.RaftServerImpl (RaftServerImpl.java:setRole(184)) - 8a63e1ae-032e-4bed-9f20-125a11f65413@group-091950D56227: changes role from  FOLLOWER to FOLLOWER at term 85 for recognizeCandidate:8f18dce1-0a3d-4b65-9c78-af3d58b2da7f
2019-10-20 17:40:01,012 [Thread-534] INFO  impl.FollowerState (FollowerState.java:run(117)) - 7b1e61a0-7daf-43dd-99d5-9b325c1d31ae@group-091950D56227-FollowerState was interrupted: java.lang.InterruptedException: sleep interrupted
2019-10-20 17:40:01,012 [grpc-default-executor-1] INFO  impl.RoleInfo (RoleInfo.java:updateAndGet(143)) - 7b1e61a0-7daf-43dd-99d5-9b325c1d31ae: start FollowerState
2019-10-20 17:40:01,012 [grpc-default-executor-2] INFO  impl.RoleInfo (RoleInfo.java:shutdownFollowerState(121)) - 8a63e1ae-032e-4bed-9f20-125a11f65413: shutdown FollowerState
2019-10-20 17:40:01,012 [grpc-default-executor-2] INFO  impl.RoleInfo (RoleInfo.java:updateAndGet(143)) - 8a63e1ae-032e-4bed-9f20-125a11f65413: start FollowerState
2019-10-20 17:40:01,012 [Thread-533] INFO  impl.FollowerState (FollowerState.java:run(117)) - 8a63e1ae-032e-4bed-9f20-125a11f65413@group-091950D56227-FollowerState was interrupted: java.lang.InterruptedException: sleep interrupted
2019-10-20 17:40:01,036 [8f18dce1-0a3d-4b65-9c78-af3d58b2da7f@group-091950D56227-LeaderElection69] INFO  impl.LeaderElection (LeaderElection.java:logAndReturn(56)) - 8f18dce1-0a3d-4b65-9c78-af3d58b2da7f@group-091950D56227-LeaderElection69: Election REJECTED; received 2 response(s) [8f18dce1-0a3d-4b65-9c78-af3d58b2da7f<-8a63e1ae-032e-4bed-9f20-125a11f65413#0:FAIL-t85, 8f18dce1-0a3d-4b65-9c78-af3d58b2da7f<-7b1e61a0-7daf-43dd-99d5-9b325c1d31ae#0:FAIL-t85] and 0 exception(s); 8f18dce1-0a3d-4b65-9c78-af3d58b2da7f@group-091950D56227:t85, leader=null, voted=8f18dce1-0a3d-4b65-9c78-af3d58b2da7f, raftlog=8f18dce1-0a3d-4b65-9c78-af3d58b2da7f@group-091950D56227-SegmentedRaftLog:OPENED:c-1,f-1,i0, conf=-1: [8a63e1ae-032e-4bed-9f20-125a11f65413:0.0.0.0:38685, 8f18dce1-0a3d-4b65-9c78-af3d58b2da7f:0.0.0.0:42489, 7b1e61a0-7daf-43dd-99d5-9b325c1d31ae:0.0.0.0:38412], old=null
2019-10-20 17:40:01,036 [8f18dce1-0a3d-4b65-9c78-af3d58b2da7f@group-091950D56227-LeaderElection69] INFO  impl.RaftServerImpl (RaftServerImpl.java:setRole(184)) - 8f18dce1-0a3d-4b65-9c78-af3d58b2da7f@group-091950D56227: changes role from CANDIDATE to FOLLOWER at term 85 for DISCOVERED_A_NEW_TERM
2019-10-20 17:40:01,036 [8f18dce1-0a3d-4b65-9c78-af3d58b2da7f@group-091950D56227-LeaderElection69] INFO  impl.RoleInfo (RoleInfo.java:shutdownLeaderElection(134)) - 8f18dce1-0a3d-4b65-9c78-af3d58b2da7f: shutdown LeaderElection
2019-10-20 17:40:01,036 [8f18dce1-0a3d-4b65-9c78-af3d58b2da7f@group-091950D56227-LeaderElection69] INFO  impl.RoleInfo (RoleInfo.java:updateAndGet(143)) - 8f18dce1-0a3d-4b65-9c78-af3d58b2da7f: start FollowerState
2019-10-20 17:40:01,116 [Thread-541] INFO  impl.FollowerState (FollowerState.java:run(108)) - 8f18dce1-0a3d-4b65-9c78-af3d58b2da7f@group-091950D56227-FollowerState: change to CANDIDATE, lastRpcTime:79ms, electionTimeout:79ms
2019-10-20 17:40:01,116 [Thread-541] INFO  impl.RoleInfo (RoleInfo.java:shutdownFollowerState(121)) - 8f18dce1-0a3d-4b65-9c78-af3d58b2da7f: shutdown FollowerState
2019-10-20 17:40:01,116 [Thread-541] INFO  impl.RaftServerImpl (RaftServerImpl.java:setRole(184)) - 8f18dce1-0a3d-4b65-9c78-af3d58b2da7f@group-091950D56227: changes role from  FOLLOWER to CANDIDATE at term 85 for changeToCandidate
2019-10-20 17:40:01,116 [Thread-541] INFO  impl.RoleInfo (RoleInfo.java:updateAndGet(143)) - 8f18dce1-0a3d-4b65-9c78-af3d58b2da7f: start LeaderElection
2019-10-20 17:40:01,140 [8f18dce1-0a3d-4b65-9c78-af3d58b2da7f@group-091950D56227-LeaderElection70] INFO  impl.LeaderElection (LeaderElection.java:askForVotes(178)) - 8f18dce1-0a3d-4b65-9c78-af3d58b2da7f@group-091950D56227-LeaderElection70: begin an election at term 86 for -1: [8a63e1ae-032e-4bed-9f20-125a11f65413:0.0.0.0:38685, 8f18dce1-0a3d-4b65-9c78-af3d58b2da7f:0.0.0.0:42489, 7b1e61a0-7daf-43dd-99d5-9b325c1d31ae:0.0.0.0:38412], old=null
2019-10-20 17:40:01,143 [grpc-default-executor-2] INFO  impl.RaftServerImpl (RaftServerImpl.java:setRole(184)) - 7b1e61a0-7daf-43dd-99d5-9b325c1d31ae@group-091950D56227: changes role from  FOLLOWER to FOLLOWER at term 86 for recognizeCandidate:8f18dce1-0a3d-4b65-9c78-af3d58b2da7f
2019-10-20 17:40:01,143 [grpc-default-executor-2] INFO  impl.RoleInfo (RoleInfo.java:shutdownFollowerState(121)) - 7b1e61a0-7daf-43dd-99d5-9b325c1d31ae: shutdown FollowerState
2019-10-20 17:40:01,143 [grpc-default-executor-1] INFO  impl.RaftServerImpl (RaftServerImpl.java:setRole(184)) - 8a63e1ae-032e-4bed-9f20-125a11f65413@group-091950D56227: changes role from  FOLLOWER to FOLLOWER at term 86 for recognizeCandidate:8f18dce1-0a3d-4b65-9c78-af3d58b2da7f
2019-10-20 17:40:01,143 [Thread-539] INFO  impl.FollowerState (FollowerState.java:run(117)) - 7b1e61a0-7daf-43dd-99d5-9b325c1d31ae@group-091950D56227-FollowerState was interrupted: java.lang.InterruptedException: sleep interrupted
2019-10-20 17:40:01,143 [grpc-default-executor-2] INFO  impl.RoleInfo (RoleInfo.java:updateAndGet(143)) - 7b1e61a0-7daf-43dd-99d5-9b325c1d31ae: start FollowerState
2019-10-20 17:40:01,143 [grpc-default-executor-1] INFO  impl.RoleInfo (RoleInfo.java:shutdownFollowerState(121)) - 8a63e1ae-032e-4bed-9f20-125a11f65413: shutdown FollowerState
2019-10-20 17:40:01,144 [grpc-default-executor-1] INFO  impl.RoleInfo (RoleInfo.java:updateAndGet(143)) - 8a63e1ae-032e-4bed-9f20-125a11f65413: start FollowerState
2019-10-20 17:40:01,144 [Thread-540] INFO  impl.FollowerState (FollowerState.java:run(117)) - 8a63e1ae-032e-4bed-9f20-125a11f65413@group-091950D56227-FollowerState was interrupted: java.lang.InterruptedException: sleep interrupted
2019-10-20 17:40:01,146 [8f18dce1-0a3d-4b65-9c78-af3d58b2da7f@group-091950D56227-LeaderElection70] INFO  impl.LeaderElection (LeaderElection.java:logAndReturn(56)) - 8f18dce1-0a3d-4b65-9c78-af3d58b2da7f@group-091950D56227-LeaderElection70: Election TIMEOUT; received 0 response(s) [] and 0 exception(s); 8f18dce1-0a3d-4b65-9c78-af3d58b2da7f@group-091950D56227:t86, leader=null, voted=8f18dce1-0a3d-4b65-9c78-af3d58b2da7f, raftlog=8f18dce1-0a3d-4b65-9c78-af3d58b2da7f@group-091950D56227-SegmentedRaftLog:OPENED:c-1,f-1,i0, conf=-1: [8a63e1ae-032e-4bed-9f20-125a11f65413:0.0.0.0:38685, 8f18dce1-0a3d-4b65-9c78-af3d58b2da7f:0.0.0.0:42489, 7b1e61a0-7daf-43dd-99d5-9b325c1d31ae:0.0.0.0:38412], old=null
2019-10-20 17:40:01,174 [8f18dce1-0a3d-4b65-9c78-af3d58b2da7f@group-091950D56227-LeaderElection70] INFO  impl.LeaderElection (LeaderElection.java:askForVotes(178)) - 8f18dce1-0a3d-4b65-9c78-af3d58b2da7f@group-091950D56227-LeaderElection70: begin an election at term 87 for -1: [8a63e1ae-032e-4bed-9f20-125a11f65413:0.0.0.0:38685, 8f18dce1-0a3d-4b65-9c78-af3d58b2da7f:0.0.0.0:42489, 7b1e61a0-7daf-43dd-99d5-9b325c1d31ae:0.0.0.0:38412], old=null
2019-10-20 17:40:01,175 [grpc-default-executor-1] INFO  impl.RaftServerImpl (RaftServerImpl.java:setRole(184)) - 8a63e1ae-032e-4bed-9f20-125a11f65413@group-091950D56227: changes role from  FOLLOWER to FOLLOWER at term 87 for recognizeCandidate:8f18dce1-0a3d-4b65-9c78-af3d58b2da7f
2019-10-20 17:40:01,176 [grpc-default-executor-1] INFO  impl.RoleInfo (RoleInfo.java:shutdownFollowerState(121)) - 8a63e1ae-032e-4bed-9f20-125a11f65413: shutdown FollowerState
2019-10-20 17:40:01,176 [grpc-default-executor-2] INFO  impl.RaftServerImpl (RaftServerImpl.java:setRole(184)) - 7b1e61a0-7daf-43dd-99d5-9b325c1d31ae@group-091950D56227: changes role from  FOLLOWER to FOLLOWER at term 87 for recognizeCandidate:8f18dce1-0a3d-4b65-9c78-af3d58b2da7f
2019-10-20 17:40:01,176 [grpc-default-executor-2] INFO  impl.RoleInfo (RoleInfo.java:shutdownFollowerState(121)) - 7b1e61a0-7daf-43dd-99d5-9b325c1d31ae: shutdown FollowerState
2019-10-20 17:40:01,176 [Thread-546] INFO  impl.FollowerState (FollowerState.java:run(117)) - 8a63e1ae-032e-4bed-9f20-125a11f65413@group-091950D56227-FollowerState was interrupted: java.lang.InterruptedException: sleep interrupted
2019-10-20 17:40:01,176 [grpc-default-executor-1] INFO  impl.RoleInfo (RoleInfo.java:updateAndGet(143)) - 8a63e1ae-032e-4bed-9f20-125a11f65413: start FollowerState
2019-10-20 17:40:01,176 [Thread-545] INFO  impl.FollowerState (FollowerState.java:run(117)) - 7b1e61a0-7daf-43dd-99d5-9b325c1d31ae@group-091950D56227-FollowerState was interrupted: java.lang.InterruptedException: sleep interrupted
2019-10-20 17:40:01,176 [grpc-default-executor-2] INFO  impl.RoleInfo (RoleInfo.java:updateAndGet(143)) - 7b1e61a0-7daf-43dd-99d5-9b325c1d31ae: start FollowerState
2019-10-20 17:40:01,200 [8f18dce1-0a3d-4b65-9c78-af3d58b2da7f@group-091950D56227-LeaderElection70] INFO  impl.LeaderElection (LeaderElection.java:logAndReturn(56)) - 8f18dce1-0a3d-4b65-9c78-af3d58b2da7f@group-091950D56227-LeaderElection70: Election REJECTED; received 2 response(s) [8f18dce1-0a3d-4b65-9c78-af3d58b2da7f<-8a63e1ae-032e-4bed-9f20-125a11f65413#0:FAIL-t87, 8f18dce1-0a3d-4b65-9c78-af3d58b2da7f<-7b1e61a0-7daf-43dd-99d5-9b325c1d31ae#0:FAIL-t87] and 0 exception(s); 8f18dce1-0a3d-4b65-9c78-af3d58b2da7f@group-091950D56227:t87, leader=null, voted=8f18dce1-0a3d-4b65-9c78-af3d58b2da7f, raftlog=8f18dce1-0a3d-4b65-9c78-af3d58b2da7f@group-091950D56227-SegmentedRaftLog:OPENED:c-1,f-1,i0, conf=-1: [8a63e1ae-032e-4bed-9f20-125a11f65413:0.0.0.0:38685, 8f18dce1-0a3d-4b65-9c78-af3d58b2da7f:0.0.0.0:42489, 7b1e61a0-7daf-43dd-99d5-9b325c1d31ae:0.0.0.0:38412], old=null
2019-10-20 17:40:01,200 [8f18dce1-0a3d-4b65-9c78-af3d58b2da7f@group-091950D56227-LeaderElection70] INFO  impl.RaftServerImpl (RaftServerImpl.java:setRole(184)) - 8f18dce1-0a3d-4b65-9c78-af3d58b2da7f@group-091950D56227: changes role from CANDIDATE to FOLLOWER at term 87 for DISCOVERED_A_NEW_TERM
2019-10-20 17:40:01,200 [8f18dce1-0a3d-4b65-9c78-af3d58b2da7f@group-091950D56227-LeaderElection70] INFO  impl.RoleInfo (RoleInfo.java:shutdownLeaderElection(134)) - 8f18dce1-0a3d-4b65-9c78-af3d58b2da7f: shutdown LeaderElection
2019-10-20 17:40:01,200 [8f18dce1-0a3d-4b65-9c78-af3d58b2da7f@group-091950D56227-LeaderElection70] INFO  impl.RoleInfo (RoleInfo.java:updateAndGet(143)) - 8f18dce1-0a3d-4b65-9c78-af3d58b2da7f: start FollowerState
2019-10-20 17:40:01,224 [Thread-551] INFO  impl.FollowerState (FollowerState.java:run(108)) - 8f18dce1-0a3d-4b65-9c78-af3d58b2da7f@group-091950D56227-FollowerState: change to CANDIDATE, lastRpcTime:24ms, electionTimeout:24ms
2019-10-20 17:40:01,225 [Thread-551] INFO  impl.RoleInfo (RoleInfo.java:shutdownFollowerState(121)) - 8f18dce1-0a3d-4b65-9c78-af3d58b2da7f: shutdown FollowerState
2019-10-20 17:40:01,225 [Thread-551] INFO  impl.RaftServerImpl (RaftServerImpl.java:setRole(184)) - 8f18dce1-0a3d-4b65-9c78-af3d58b2da7f@group-091950D56227: changes role from  FOLLOWER to CANDIDATE at term 87 for changeToCandidate
2019-10-20 17:40:01,225 [Thread-551] INFO  impl.RoleInfo (RoleInfo.java:updateAndGet(143)) - 8f18dce1-0a3d-4b65-9c78-af3d58b2da7f: start LeaderElection
2019-10-20 17:40:01,250 [8f18dce1-0a3d-4b65-9c78-af3d58b2da7f@group-091950D56227-LeaderElection71] INFO  impl.LeaderElection (LeaderElection.java:askForVotes(178)) - 8f18dce1-0a3d-4b65-9c78-af3d58b2da7f@group-091950D56227-LeaderElection71: begin an election at term 88 for -1: [8a63e1ae-032e-4bed-9f20-125a11f65413:0.0.0.0:38685, 8f18dce1-0a3d-4b65-9c78-af3d58b2da7f:0.0.0.0:42489, 7b1e61a0-7daf-43dd-99d5-9b325c1d31ae:0.0.0.0:38412], old=null
2019-10-20 17:40:01,252 [grpc-default-executor-2] INFO  impl.RaftServerImpl (RaftServerImpl.java:setRole(184)) - 8a63e1ae-032e-4bed-9f20-125a11f65413@group-091950D56227: changes role from  FOLLOWER to FOLLOWER at term 88 for recognizeCandidate:8f18dce1-0a3d-4b65-9c78-af3d58b2da7f
2019-10-20 17:40:01,252 [grpc-default-executor-1] INFO  impl.RaftServerImpl (RaftServerImpl.java:setRole(184)) - 7b1e61a0-7daf-43dd-99d5-9b325c1d31ae@group-091950D56227: changes role from  FOLLOWER to FOLLOWER at term 88 for recognizeCandidate:8f18dce1-0a3d-4b65-9c78-af3d58b2da7f
2019-10-20 17:40:01,252 [grpc-default-executor-2] INFO  impl.RoleInfo (RoleInfo.java:shutdownFollowerState(121)) - 8a63e1ae-032e-4bed-9f20-125a11f65413: shutdown FollowerState
2019-10-20 17:40:01,252 [grpc-default-executor-1] INFO  impl.RoleInfo (RoleInfo.java:shutdownFollowerState(121)) - 7b1e61a0-7daf-43dd-99d5-9b325c1d31ae: shutdown FollowerState
2019-10-20 17:40:01,252 [Thread-549] INFO  impl.FollowerState (FollowerState.java:run(117)) - 8a63e1ae-032e-4bed-9f20-125a11f65413@group-091950D56227-FollowerState was interrupted: java.lang.InterruptedException: sleep interrupted
2019-10-20 17:40:01,252 [grpc-default-executor-2] INFO  impl.RoleInfo (RoleInfo.java:updateAndGet(143)) - 8a63e1ae-032e-4bed-9f20-125a11f65413: start FollowerState
2019-10-20 17:40:01,252 [Thread-550] INFO  impl.FollowerState (FollowerState.java:run(117)) - 7b1e61a0-7daf-43dd-99d5-9b325c1d31ae@group-091950D56227-FollowerState was interrupted: java.lang.InterruptedException: sleep interrupted
2019-10-20 17:40:01,252 [grpc-default-executor-1] INFO  impl.RoleInfo (RoleInfo.java:updateAndGet(143)) - 7b1e61a0-7daf-43dd-99d5-9b325c1d31ae: start FollowerState
2019-10-20 17:40:01,276 [8f18dce1-0a3d-4b65-9c78-af3d58b2da7f@group-091950D56227-LeaderElection71] INFO  impl.LeaderElection (LeaderElection.java:logAndReturn(56)) - 8f18dce1-0a3d-4b65-9c78-af3d58b2da7f@group-091950D56227-LeaderElection71: Election REJECTED; received 2 response(s) [8f18dce1-0a3d-4b65-9c78-af3d58b2da7f<-8a63e1ae-032e-4bed-9f20-125a11f65413#0:FAIL-t88, 8f18dce1-0a3d-4b65-9c78-af3d58b2da7f<-7b1e61a0-7daf-43dd-99d5-9b325c1d31ae#0:FAIL-t88] and 0 exception(s); 8f18dce1-0a3d-4b65-9c78-af3d58b2da7f@group-091950D56227:t88, leader=null, voted=8f18dce1-0a3d-4b65-9c78-af3d58b2da7f, raftlog=8f18dce1-0a3d-4b65-9c78-af3d58b2da7f@group-091950D56227-SegmentedRaftLog:OPENED:c-1,f-1,i0, conf=-1: [8a63e1ae-032e-4bed-9f20-125a11f65413:0.0.0.0:38685, 8f18dce1-0a3d-4b65-9c78-af3d58b2da7f:0.0.0.0:42489, 7b1e61a0-7daf-43dd-99d5-9b325c1d31ae:0.0.0.0:38412], old=null
2019-10-20 17:40:01,276 [8f18dce1-0a3d-4b65-9c78-af3d58b2da7f@group-091950D56227-LeaderElection71] INFO  impl.RaftServerImpl (RaftServerImpl.java:setRole(184)) - 8f18dce1-0a3d-4b65-9c78-af3d58b2da7f@group-091950D56227: changes role from CANDIDATE to FOLLOWER at term 88 for DISCOVERED_A_NEW_TERM
2019-10-20 17:40:01,276 [8f18dce1-0a3d-4b65-9c78-af3d58b2da7f@group-091950D56227-LeaderElection71] INFO  impl.RoleInfo (RoleInfo.java:shutdownLeaderElection(134)) - 8f18dce1-0a3d-4b65-9c78-af3d58b2da7f: shutdown LeaderElection
2019-10-20 17:40:01,276 [8f18dce1-0a3d-4b65-9c78-af3d58b2da7f@group-091950D56227-LeaderElection71] INFO  impl.RoleInfo (RoleInfo.java:updateAndGet(143)) - 8f18dce1-0a3d-4b65-9c78-af3d58b2da7f: start FollowerState
2019-10-20 17:40:01,309 [Thread-557] INFO  impl.FollowerState (FollowerState.java:run(108)) - 8f18dce1-0a3d-4b65-9c78-af3d58b2da7f@group-091950D56227-FollowerState: change to CANDIDATE, lastRpcTime:32ms, electionTimeout:32ms
2019-10-20 17:40:01,309 [Thread-557] INFO  impl.RoleInfo (RoleInfo.java:shutdownFollowerState(121)) - 8f18dce1-0a3d-4b65-9c78-af3d58b2da7f: shutdown FollowerState
2019-10-20 17:40:01,309 [Thread-557] INFO  impl.RaftServerImpl (RaftServerImpl.java:setRole(184)) - 8f18dce1-0a3d-4b65-9c78-af3d58b2da7f@group-091950D56227: changes role from  FOLLOWER to CANDIDATE at term 88 for changeToCandidate
2019-10-20 17:40:01,309 [Thread-557] INFO  impl.RoleInfo (RoleInfo.java:updateAndGet(143)) - 8f18dce1-0a3d-4b65-9c78-af3d58b2da7f: start LeaderElection
2019-10-20 17:40:01,334 [8f18dce1-0a3d-4b65-9c78-af3d58b2da7f@group-091950D56227-LeaderElection72] INFO  impl.LeaderElection (LeaderElection.java:askForVotes(178)) - 8f18dce1-0a3d-4b65-9c78-af3d58b2da7f@group-091950D56227-LeaderElection72: begin an election at term 89 for -1: [8a63e1ae-032e-4bed-9f20-125a11f65413:0.0.0.0:38685, 8f18dce1-0a3d-4b65-9c78-af3d58b2da7f:0.0.0.0:42489, 7b1e61a0-7daf-43dd-99d5-9b325c1d31ae:0.0.0.0:38412], old=null
2019-10-20 17:40:01,336 [grpc-default-executor-2] INFO  impl.RaftServerImpl (RaftServerImpl.java:setRole(184)) - 8a63e1ae-032e-4bed-9f20-125a11f65413@group-091950D56227: changes role from  FOLLOWER to FOLLOWER at term 89 for recognizeCandidate:8f18dce1-0a3d-4b65-9c78-af3d58b2da7f
2019-10-20 17:40:01,336 [grpc-default-executor-1] INFO  impl.RaftServerImpl (RaftServerImpl.java:setRole(184)) - 7b1e61a0-7daf-43dd-99d5-9b325c1d31ae@group-091950D56227: changes role from  FOLLOWER to FOLLOWER at term 89 for recognizeCandidate:8f18dce1-0a3d-4b65-9c78-af3d58b2da7f
2019-10-20 17:40:01,337 [grpc-default-executor-2] INFO  impl.RoleInfo (RoleInfo.java:shutdownFollowerState(121)) - 8a63e1ae-032e-4bed-9f20-125a11f65413: shutdown FollowerState
2019-10-20 17:40:01,337 [grpc-default-executor-1] INFO  impl.RoleInfo (RoleInfo.java:shutdownFollowerState(121)) - 7b1e61a0-7daf-43dd-99d5-9b325c1d31ae: shutdown FollowerState
2019-10-20 17:40:01,337 [Thread-555] INFO  impl.FollowerState (FollowerState.java:run(117)) - 8a63e1ae-032e-4bed-9f20-125a11f65413@group-091950D56227-FollowerState was interrupted: java.lang.InterruptedException: sleep interrupted
2019-10-20 17:40:01,337 [grpc-default-executor-2] INFO  impl.RoleInfo (RoleInfo.java:updateAndGet(143)) - 8a63e1ae-032e-4bed-9f20-125a11f65413: start FollowerState
2019-10-20 17:40:01,337 [Thread-556] INFO  impl.FollowerState (FollowerState.java:run(117)) - 7b1e61a0-7daf-43dd-99d5-9b325c1d31ae@group-091950D56227-FollowerState was interrupted: java.lang.InterruptedException: sleep interrupted
2019-10-20 17:40:01,337 [grpc-default-executor-1] INFO  impl.RoleInfo (RoleInfo.java:updateAndGet(143)) - 7b1e61a0-7daf-43dd-99d5-9b325c1d31ae: start FollowerState
2019-10-20 17:40:01,361 [8f18dce1-0a3d-4b65-9c78-af3d58b2da7f@group-091950D56227-LeaderElection72] INFO  impl.LeaderElection (LeaderElection.java:logAndReturn(56)) - 8f18dce1-0a3d-4b65-9c78-af3d58b2da7f@group-091950D56227-LeaderElection72: Election REJECTED; received 2 response(s) [8f18dce1-0a3d-4b65-9c78-af3d58b2da7f<-8a63e1ae-032e-4bed-9f20-125a11f65413#0:FAIL-t89, 8f18dce1-0a3d-4b65-9c78-af3d58b2da7f<-7b1e61a0-7daf-43dd-99d5-9b325c1d31ae#0:FAIL-t89] and 0 exception(s); 8f18dce1-0a3d-4b65-9c78-af3d58b2da7f@group-091950D56227:t89, leader=null, voted=8f18dce1-0a3d-4b65-9c78-af3d58b2da7f, raftlog=8f18dce1-0a3d-4b65-9c78-af3d58b2da7f@group-091950D56227-SegmentedRaftLog:OPENED:c-1,f-1,i0, conf=-1: [8a63e1ae-032e-4bed-9f20-125a11f65413:0.0.0.0:38685, 8f18dce1-0a3d-4b65-9c78-af3d58b2da7f:0.0.0.0:42489, 7b1e61a0-7daf-43dd-99d5-9b325c1d31ae:0.0.0.0:38412], old=null
2019-10-20 17:40:01,361 [8f18dce1-0a3d-4b65-9c78-af3d58b2da7f@group-091950D56227-LeaderElection72] INFO  impl.RaftServerImpl (RaftServerImpl.java:setRole(184)) - 8f18dce1-0a3d-4b65-9c78-af3d58b2da7f@group-091950D56227: changes role from CANDIDATE to FOLLOWER at term 89 for DISCOVERED_A_NEW_TERM
2019-10-20 17:40:01,361 [8f18dce1-0a3d-4b65-9c78-af3d58b2da7f@group-091950D56227-LeaderElection72] INFO  impl.RoleInfo (RoleInfo.java:shutdownLeaderElection(134)) - 8f18dce1-0a3d-4b65-9c78-af3d58b2da7f: shutdown LeaderElection
2019-10-20 17:40:01,361 [8f18dce1-0a3d-4b65-9c78-af3d58b2da7f@group-091950D56227-LeaderElection72] INFO  impl.RoleInfo (RoleInfo.java:updateAndGet(143)) - 8f18dce1-0a3d-4b65-9c78-af3d58b2da7f: start FollowerState
2019-10-20 17:40:01,417 [Thread-563] INFO  impl.FollowerState (FollowerState.java:run(108)) - 8f18dce1-0a3d-4b65-9c78-af3d58b2da7f@group-091950D56227-FollowerState: change to CANDIDATE, lastRpcTime:55ms, electionTimeout:55ms
2019-10-20 17:40:01,417 [Thread-563] INFO  impl.RoleInfo (RoleInfo.java:shutdownFollowerState(121)) - 8f18dce1-0a3d-4b65-9c78-af3d58b2da7f: shutdown FollowerState
2019-10-20 17:40:01,417 [Thread-563] INFO  impl.RaftServerImpl (RaftServerImpl.java:setRole(184)) - 8f18dce1-0a3d-4b65-9c78-af3d58b2da7f@group-091950D56227: changes role from  FOLLOWER to CANDIDATE at term 89 for changeToCandidate
2019-10-20 17:40:01,417 [Thread-563] INFO  impl.RoleInfo (RoleInfo.java:updateAndGet(143)) - 8f18dce1-0a3d-4b65-9c78-af3d58b2da7f: start LeaderElection
2019-10-20 17:40:01,444 [8f18dce1-0a3d-4b65-9c78-af3d58b2da7f@group-091950D56227-LeaderElection73] INFO  impl.LeaderElection (LeaderElection.java:askForVotes(178)) - 8f18dce1-0a3d-4b65-9c78-af3d58b2da7f@group-091950D56227-LeaderElection73: begin an election at term 90 for -1: [8a63e1ae-032e-4bed-9f20-125a11f65413:0.0.0.0:38685, 8f18dce1-0a3d-4b65-9c78-af3d58b2da7f:0.0.0.0:42489, 7b1e61a0-7daf-43dd-99d5-9b325c1d31ae:0.0.0.0:38412], old=null
2019-10-20 17:40:01,447 [grpc-default-executor-1] INFO  impl.RaftServerImpl (RaftServerImpl.java:setRole(184)) - 7b1e61a0-7daf-43dd-99d5-9b325c1d31ae@group-091950D56227: changes role from  FOLLOWER to FOLLOWER at term 90 for recognizeCandidate:8f18dce1-0a3d-4b65-9c78-af3d58b2da7f
2019-10-20 17:40:01,447 [grpc-default-executor-1] INFO  impl.RoleInfo (RoleInfo.java:shutdownFollowerState(121)) - 7b1e61a0-7daf-43dd-99d5-9b325c1d31ae: shutdown FollowerState
2019-10-20 17:40:01,447 [grpc-default-executor-1] INFO  impl.RoleInfo (RoleInfo.java:updateAndGet(143)) - 7b1e61a0-7daf-43dd-99d5-9b325c1d31ae: start FollowerState
2019-10-20 17:40:01,447 [Thread-562] INFO  impl.FollowerState (FollowerState.java:run(117)) - 7b1e61a0-7daf-43dd-99d5-9b325c1d31ae@group-091950D56227-FollowerState was interrupted: java.lang.InterruptedException: sleep interrupted
2019-10-20 17:40:01,448 [grpc-default-executor-2] INFO  impl.RaftServerImpl (RaftServerImpl.java:setRole(184)) - 8a63e1ae-032e-4bed-9f20-125a11f65413@group-091950D56227: changes role from  FOLLOWER to FOLLOWER at term 90 for recognizeCandidate:8f18dce1-0a3d-4b65-9c78-af3d58b2da7f
2019-10-20 17:40:01,448 [grpc-default-executor-2] INFO  impl.RoleInfo (RoleInfo.java:shutdownFollowerState(121)) - 8a63e1ae-032e-4bed-9f20-125a11f65413: shutdown FollowerState
2019-10-20 17:40:01,448 [grpc-default-executor-2] INFO  impl.RoleInfo (RoleInfo.java:updateAndGet(143)) - 8a63e1ae-032e-4bed-9f20-125a11f65413: start FollowerState
2019-10-20 17:40:01,448 [Thread-561] INFO  impl.FollowerState (FollowerState.java:run(117)) - 8a63e1ae-032e-4bed-9f20-125a11f65413@group-091950D56227-FollowerState was interrupted: java.lang.InterruptedException: sleep interrupted
2019-10-20 17:40:01,449 [8f18dce1-0a3d-4b65-9c78-af3d58b2da7f@group-091950D56227-LeaderElection73] INFO  impl.LeaderElection (LeaderElection.java:logAndReturn(56)) - 8f18dce1-0a3d-4b65-9c78-af3d58b2da7f@group-091950D56227-LeaderElection73: Election TIMEOUT; received 0 response(s) [] and 0 exception(s); 8f18dce1-0a3d-4b65-9c78-af3d58b2da7f@group-091950D56227:t90, leader=null, voted=8f18dce1-0a3d-4b65-9c78-af3d58b2da7f, raftlog=8f18dce1-0a3d-4b65-9c78-af3d58b2da7f@group-091950D56227-SegmentedRaftLog:OPENED:c-1,f-1,i0, conf=-1: [8a63e1ae-032e-4bed-9f20-125a11f65413:0.0.0.0:38685, 8f18dce1-0a3d-4b65-9c78-af3d58b2da7f:0.0.0.0:42489, 7b1e61a0-7daf-43dd-99d5-9b325c1d31ae:0.0.0.0:38412], old=null
2019-10-20 17:40:01,477 [8f18dce1-0a3d-4b65-9c78-af3d58b2da7f@group-091950D56227-LeaderElection73] INFO  impl.LeaderElection (LeaderElection.java:askForVotes(178)) - 8f18dce1-0a3d-4b65-9c78-af3d58b2da7f@group-091950D56227-LeaderElection73: begin an election at term 91 for -1: [8a63e1ae-032e-4bed-9f20-125a11f65413:0.0.0.0:38685, 8f18dce1-0a3d-4b65-9c78-af3d58b2da7f:0.0.0.0:42489, 7b1e61a0-7daf-43dd-99d5-9b325c1d31ae:0.0.0.0:38412], old=null
2019-10-20 17:40:01,480 [grpc-default-executor-2] INFO  impl.RaftServerImpl (RaftServerImpl.java:setRole(184)) - 7b1e61a0-7daf-43dd-99d5-9b325c1d31ae@group-091950D56227: changes role from  FOLLOWER to FOLLOWER at term 91 for recognizeCandidate:8f18dce1-0a3d-4b65-9c78-af3d58b2da7f
2019-10-20 17:40:01,480 [grpc-default-executor-1] INFO  impl.RaftServerImpl (RaftServerImpl.java:setRole(184)) - 8a63e1ae-032e-4bed-9f20-125a11f65413@group-091950D56227: changes role from  FOLLOWER to FOLLOWER at term 91 for recognizeCandidate:8f18dce1-0a3d-4b65-9c78-af3d58b2da7f
2019-10-20 17:40:01,480 [grpc-default-executor-2] INFO  impl.RoleInfo (RoleInfo.java:shutdownFollowerState(121)) - 7b1e61a0-7daf-43dd-99d5-9b325c1d31ae: shutdown FollowerState
2019-10-20 17:40:01,480 [grpc-default-executor-1] INFO  impl.RoleInfo (RoleInfo.java:shutdownFollowerState(121)) - 8a63e1ae-032e-4bed-9f20-125a11f65413: shutdown FollowerState
2019-10-20 17:40:01,480 [Thread-567] INFO  impl.FollowerState (FollowerState.java:run(117)) - 7b1e61a0-7daf-43dd-99d5-9b325c1d31ae@group-091950D56227-FollowerState was interrupted: java.lang.InterruptedException: sleep interrupted
2019-10-20 17:40:01,480 [grpc-default-executor-2] INFO  impl.RoleInfo (RoleInfo.java:updateAndGet(143)) - 7b1e61a0-7daf-43dd-99d5-9b325c1d31ae: start FollowerState
2019-10-20 17:40:01,480 [Thread-568] INFO  impl.FollowerState (FollowerState.java:run(117)) - 8a63e1ae-032e-4bed-9f20-125a11f65413@group-091950D56227-FollowerState was interrupted: java.lang.InterruptedException: sleep interrupted
2019-10-20 17:40:01,480 [grpc-default-executor-1] INFO  impl.RoleInfo (RoleInfo.java:updateAndGet(143)) - 8a63e1ae-032e-4bed-9f20-125a11f65413: start FollowerState
2019-10-20 17:40:01,504 [8f18dce1-0a3d-4b65-9c78-af3d58b2da7f@group-091950D56227-LeaderElection73] INFO  impl.LeaderElection (LeaderElection.java:logAndReturn(56)) - 8f18dce1-0a3d-4b65-9c78-af3d58b2da7f@group-091950D56227-LeaderElection73: Election REJECTED; received 2 response(s) [8f18dce1-0a3d-4b65-9c78-af3d58b2da7f<-8a63e1ae-032e-4bed-9f20-125a11f65413#0:FAIL-t91, 8f18dce1-0a3d-4b65-9c78-af3d58b2da7f<-7b1e61a0-7daf-43dd-99d5-9b325c1d31ae#0:FAIL-t91] and 0 exception(s); 8f18dce1-0a3d-4b65-9c78-af3d58b2da7f@group-091950D56227:t91, leader=null, voted=8f18dce1-0a3d-4b65-9c78-af3d58b2da7f, raftlog=8f18dce1-0a3d-4b65-9c78-af3d58b2da7f@group-091950D56227-SegmentedRaftLog:OPENED:c-1,f-1,i0, conf=-1: [8a63e1ae-032e-4bed-9f20-125a11f65413:0.0.0.0:38685, 8f18dce1-0a3d-4b65-9c78-af3d58b2da7f:0.0.0.0:42489, 7b1e61a0-7daf-43dd-99d5-9b325c1d31ae:0.0.0.0:38412], old=null
2019-10-20 17:40:01,504 [8f18dce1-0a3d-4b65-9c78-af3d58b2da7f@group-091950D56227-LeaderElection73] INFO  impl.RaftServerImpl (RaftServerImpl.java:setRole(184)) - 8f18dce1-0a3d-4b65-9c78-af3d58b2da7f@group-091950D56227: changes role from CANDIDATE to FOLLOWER at term 91 for DISCOVERED_A_NEW_TERM
2019-10-20 17:40:01,504 [8f18dce1-0a3d-4b65-9c78-af3d58b2da7f@group-091950D56227-LeaderElection73] INFO  impl.RoleInfo (RoleInfo.java:shutdownLeaderElection(134)) - 8f18dce1-0a3d-4b65-9c78-af3d58b2da7f: shutdown LeaderElection
2019-10-20 17:40:01,505 [8f18dce1-0a3d-4b65-9c78-af3d58b2da7f@group-091950D56227-LeaderElection73] INFO  impl.RoleInfo (RoleInfo.java:updateAndGet(143)) - 8f18dce1-0a3d-4b65-9c78-af3d58b2da7f: start FollowerState
2019-10-20 17:40:01,652 [Thread-573] INFO  impl.FollowerState (FollowerState.java:run(108)) - 8f18dce1-0a3d-4b65-9c78-af3d58b2da7f@group-091950D56227-FollowerState: change to CANDIDATE, lastRpcTime:147ms, electionTimeout:147ms
2019-10-20 17:40:01,652 [Thread-573] INFO  impl.RoleInfo (RoleInfo.java:shutdownFollowerState(121)) - 8f18dce1-0a3d-4b65-9c78-af3d58b2da7f: shutdown FollowerState
2019-10-20 17:40:01,653 [Thread-573] INFO  impl.RaftServerImpl (RaftServerImpl.java:setRole(184)) - 8f18dce1-0a3d-4b65-9c78-af3d58b2da7f@group-091950D56227: changes role from  FOLLOWER to CANDIDATE at term 91 for changeToCandidate
2019-10-20 17:40:01,653 [Thread-573] INFO  impl.RoleInfo (RoleInfo.java:updateAndGet(143)) - 8f18dce1-0a3d-4b65-9c78-af3d58b2da7f: start LeaderElection
2019-10-20 17:40:01,670 [8f18dce1-0a3d-4b65-9c78-af3d58b2da7f@group-091950D56227-LeaderElection74] INFO  impl.LeaderElection (LeaderElection.java:askForVotes(178)) - 8f18dce1-0a3d-4b65-9c78-af3d58b2da7f@group-091950D56227-LeaderElection74: begin an election at term 92 for -1: [8a63e1ae-032e-4bed-9f20-125a11f65413:0.0.0.0:38685, 8f18dce1-0a3d-4b65-9c78-af3d58b2da7f:0.0.0.0:42489, 7b1e61a0-7daf-43dd-99d5-9b325c1d31ae:0.0.0.0:38412], old=null
2019-10-20 17:40:01,673 [grpc-default-executor-1] INFO  impl.RaftServerImpl (RaftServerImpl.java:setRole(184)) - 8a63e1ae-032e-4bed-9f20-125a11f65413@group-091950D56227: changes role from  FOLLOWER to FOLLOWER at term 92 for recognizeCandidate:8f18dce1-0a3d-4b65-9c78-af3d58b2da7f
2019-10-20 17:40:01,673 [grpc-default-executor-2] INFO  impl.RaftServerImpl (RaftServerImpl.java:setRole(184)) - 7b1e61a0-7daf-43dd-99d5-9b325c1d31ae@group-091950D56227: changes role from  FOLLOWER to FOLLOWER at term 92 for recognizeCandidate:8f18dce1-0a3d-4b65-9c78-af3d58b2da7f
2019-10-20 17:40:01,673 [grpc-default-executor-1] INFO  impl.RoleInfo (RoleInfo.java:shutdownFollowerState(121)) - 8a63e1ae-032e-4bed-9f20-125a11f65413: shutdown FollowerState
2019-10-20 17:40:01,673 [grpc-default-executor-2] INFO  impl.RoleInfo (RoleInfo.java:shutdownFollowerState(121)) - 7b1e61a0-7daf-43dd-99d5-9b325c1d31ae: shutdown FollowerState
2019-10-20 17:40:01,674 [Thread-572] INFO  impl.FollowerState (FollowerState.java:run(117)) - 8a63e1ae-032e-4bed-9f20-125a11f65413@group-091950D56227-FollowerState was interrupted: java.lang.InterruptedException: sleep interrupted
2019-10-20 17:40:01,673 [grpc-default-executor-1] INFO  impl.RoleInfo (RoleInfo.java:updateAndGet(143)) - 8a63e1ae-032e-4bed-9f20-125a11f65413: start FollowerState
2019-10-20 17:40:01,674 [Thread-571] INFO  impl.FollowerState (FollowerState.java:run(117)) - 7b1e61a0-7daf-43dd-99d5-9b325c1d31ae@group-091950D56227-FollowerState was interrupted: java.lang.InterruptedException: sleep interrupted
2019-10-20 17:40:01,674 [grpc-default-executor-2] INFO  impl.RoleInfo (RoleInfo.java:updateAndGet(143)) - 7b1e61a0-7daf-43dd-99d5-9b325c1d31ae: start FollowerState
2019-10-20 17:40:01,697 [8f18dce1-0a3d-4b65-9c78-af3d58b2da7f@group-091950D56227-LeaderElection74] INFO  impl.LeaderElection (LeaderElection.java:logAndReturn(56)) - 8f18dce1-0a3d-4b65-9c78-af3d58b2da7f@group-091950D56227-LeaderElection74: Election REJECTED; received 2 response(s) [8f18dce1-0a3d-4b65-9c78-af3d58b2da7f<-8a63e1ae-032e-4bed-9f20-125a11f65413#0:FAIL-t92, 8f18dce1-0a3d-4b65-9c78-af3d58b2da7f<-7b1e61a0-7daf-43dd-99d5-9b325c1d31ae#0:FAIL-t92] and 0 exception(s); 8f18dce1-0a3d-4b65-9c78-af3d58b2da7f@group-091950D56227:t92, leader=null, voted=8f18dce1-0a3d-4b65-9c78-af3d58b2da7f, raftlog=8f18dce1-0a3d-4b65-9c78-af3d58b2da7f@group-091950D56227-SegmentedRaftLog:OPENED:c-1,f-1,i0, conf=-1: [8a63e1ae-032e-4bed-9f20-125a11f65413:0.0.0.0:38685, 8f18dce1-0a3d-4b65-9c78-af3d58b2da7f:0.0.0.0:42489, 7b1e61a0-7daf-43dd-99d5-9b325c1d31ae:0.0.0.0:38412], old=null
2019-10-20 17:40:01,697 [8f18dce1-0a3d-4b65-9c78-af3d58b2da7f@group-091950D56227-LeaderElection74] INFO  impl.RaftServerImpl (RaftServerImpl.java:setRole(184)) - 8f18dce1-0a3d-4b65-9c78-af3d58b2da7f@group-091950D56227: changes role from CANDIDATE to FOLLOWER at term 92 for DISCOVERED_A_NEW_TERM
2019-10-20 17:40:01,697 [8f18dce1-0a3d-4b65-9c78-af3d58b2da7f@group-091950D56227-LeaderElection74] INFO  impl.RoleInfo (RoleInfo.java:shutdownLeaderElection(134)) - 8f18dce1-0a3d-4b65-9c78-af3d58b2da7f: shutdown LeaderElection
2019-10-20 17:40:01,697 [8f18dce1-0a3d-4b65-9c78-af3d58b2da7f@group-091950D56227-LeaderElection74] INFO  impl.RoleInfo (RoleInfo.java:updateAndGet(143)) - 8f18dce1-0a3d-4b65-9c78-af3d58b2da7f: start FollowerState
2019-10-20 17:40:01,861 [Thread-579] INFO  impl.FollowerState (FollowerState.java:run(108)) - 8f18dce1-0a3d-4b65-9c78-af3d58b2da7f@group-091950D56227-FollowerState: change to CANDIDATE, lastRpcTime:163ms, electionTimeout:163ms
2019-10-20 17:40:01,861 [Thread-579] INFO  impl.RoleInfo (RoleInfo.java:shutdownFollowerState(121)) - 8f18dce1-0a3d-4b65-9c78-af3d58b2da7f: shutdown FollowerState
2019-10-20 17:40:01,861 [Thread-579] INFO  impl.RaftServerImpl (RaftServerImpl.java:setRole(184)) - 8f18dce1-0a3d-4b65-9c78-af3d58b2da7f@group-091950D56227: changes role from  FOLLOWER to CANDIDATE at term 92 for changeToCandidate
2019-10-20 17:40:01,861 [Thread-579] INFO  impl.RoleInfo (RoleInfo.java:updateAndGet(143)) - 8f18dce1-0a3d-4b65-9c78-af3d58b2da7f: start LeaderElection
2019-10-20 17:40:01,888 [8f18dce1-0a3d-4b65-9c78-af3d58b2da7f@group-091950D56227-LeaderElection75] INFO  impl.LeaderElection (LeaderElection.java:askForVotes(178)) - 8f18dce1-0a3d-4b65-9c78-af3d58b2da7f@group-091950D56227-LeaderElection75: begin an election at term 93 for -1: [8a63e1ae-032e-4bed-9f20-125a11f65413:0.0.0.0:38685, 8f18dce1-0a3d-4b65-9c78-af3d58b2da7f:0.0.0.0:42489, 7b1e61a0-7daf-43dd-99d5-9b325c1d31ae:0.0.0.0:38412], old=null
2019-10-20 17:40:01,891 [grpc-default-executor-1] INFO  impl.RaftServerImpl (RaftServerImpl.java:setRole(184)) - 7b1e61a0-7daf-43dd-99d5-9b325c1d31ae@group-091950D56227: changes role from  FOLLOWER to FOLLOWER at term 93 for recognizeCandidate:8f18dce1-0a3d-4b65-9c78-af3d58b2da7f
2019-10-20 17:40:01,891 [grpc-default-executor-2] INFO  impl.RaftServerImpl (RaftServerImpl.java:setRole(184)) - 8a63e1ae-032e-4bed-9f20-125a11f65413@group-091950D56227: changes role from  FOLLOWER to FOLLOWER at term 93 for recognizeCandidate:8f18dce1-0a3d-4b65-9c78-af3d58b2da7f
2019-10-20 17:40:01,891 [grpc-default-executor-1] INFO  impl.RoleInfo (RoleInfo.java:shutdownFollowerState(121)) - 7b1e61a0-7daf-43dd-99d5-9b325c1d31ae: shutdown FollowerState
2019-10-20 17:40:01,891 [grpc-default-executor-2] INFO  impl.RoleInfo (RoleInfo.java:shutdownFollowerState(121)) - 8a63e1ae-032e-4bed-9f20-125a11f65413: shutdown FollowerState
2019-10-20 17:40:01,891 [Thread-578] INFO  impl.FollowerState (FollowerState.java:run(117)) - 7b1e61a0-7daf-43dd-99d5-9b325c1d31ae@group-091950D56227-FollowerState was interrupted: java.lang.InterruptedException: sleep interrupted
2019-10-20 17:40:01,891 [Thread-577] INFO  impl.FollowerState (FollowerState.java:run(117)) - 8a63e1ae-032e-4bed-9f20-125a11f65413@group-091950D56227-FollowerState was interrupted: java.lang.InterruptedException: sleep interrupted
2019-10-20 17:40:01,891 [grpc-default-executor-1] INFO  impl.RoleInfo (RoleInfo.java:updateAndGet(143)) - 7b1e61a0-7daf-43dd-99d5-9b325c1d31ae: start FollowerState
2019-10-20 17:40:01,891 [grpc-default-executor-2] INFO  impl.RoleInfo (RoleInfo.java:updateAndGet(143)) - 8a63e1ae-032e-4bed-9f20-125a11f65413: start FollowerState
2019-10-20 17:40:01,914 [8f18dce1-0a3d-4b65-9c78-af3d58b2da7f@group-091950D56227-LeaderElection75] INFO  impl.LeaderElection (LeaderElection.java:logAndReturn(56)) - 8f18dce1-0a3d-4b65-9c78-af3d58b2da7f@group-091950D56227-LeaderElection75: Election REJECTED; received 2 response(s) [8f18dce1-0a3d-4b65-9c78-af3d58b2da7f<-8a63e1ae-032e-4bed-9f20-125a11f65413#0:FAIL-t93, 8f18dce1-0a3d-4b65-9c78-af3d58b2da7f<-7b1e61a0-7daf-43dd-99d5-9b325c1d31ae#0:FAIL-t93] and 0 exception(s); 8f18dce1-0a3d-4b65-9c78-af3d58b2da7f@group-091950D56227:t93, leader=null, voted=8f18dce1-0a3d-4b65-9c78-af3d58b2da7f, raftlog=8f18dce1-0a3d-4b65-9c78-af3d58b2da7f@group-091950D56227-SegmentedRaftLog:OPENED:c-1,f-1,i0, conf=-1: [8a63e1ae-032e-4bed-9f20-125a11f65413:0.0.0.0:38685, 8f18dce1-0a3d-4b65-9c78-af3d58b2da7f:0.0.0.0:42489, 7b1e61a0-7daf-43dd-99d5-9b325c1d31ae:0.0.0.0:38412], old=null
2019-10-20 17:40:01,914 [8f18dce1-0a3d-4b65-9c78-af3d58b2da7f@group-091950D56227-LeaderElection75] INFO  impl.RaftServerImpl (RaftServerImpl.java:setRole(184)) - 8f18dce1-0a3d-4b65-9c78-af3d58b2da7f@group-091950D56227: changes role from CANDIDATE to FOLLOWER at term 93 for DISCOVERED_A_NEW_TERM
2019-10-20 17:40:01,915 [8f18dce1-0a3d-4b65-9c78-af3d58b2da7f@group-091950D56227-LeaderElection75] INFO  impl.RoleInfo (RoleInfo.java:shutdownLeaderElection(134)) - 8f18dce1-0a3d-4b65-9c78-af3d58b2da7f: shutdown LeaderElection
2019-10-20 17:40:01,915 [8f18dce1-0a3d-4b65-9c78-af3d58b2da7f@group-091950D56227-LeaderElection75] INFO  impl.RoleInfo (RoleInfo.java:updateAndGet(143)) - 8f18dce1-0a3d-4b65-9c78-af3d58b2da7f: start FollowerState
2019-10-20 17:40:01,983 [Thread-585] INFO  impl.FollowerState (FollowerState.java:run(108)) - 8f18dce1-0a3d-4b65-9c78-af3d58b2da7f@group-091950D56227-FollowerState: change to CANDIDATE, lastRpcTime:68ms, electionTimeout:68ms
2019-10-20 17:40:01,983 [Thread-585] INFO  impl.RoleInfo (RoleInfo.java:shutdownFollowerState(121)) - 8f18dce1-0a3d-4b65-9c78-af3d58b2da7f: shutdown FollowerState
2019-10-20 17:40:01,984 [Thread-585] INFO  impl.RaftServerImpl (RaftServerImpl.java:setRole(184)) - 8f18dce1-0a3d-4b65-9c78-af3d58b2da7f@group-091950D56227: changes role from  FOLLOWER to CANDIDATE at term 93 for changeToCandidate
2019-10-20 17:40:01,984 [Thread-585] INFO  impl.RoleInfo (RoleInfo.java:updateAndGet(143)) - 8f18dce1-0a3d-4b65-9c78-af3d58b2da7f: start LeaderElection
2019-10-20 17:40:02,013 [8f18dce1-0a3d-4b65-9c78-af3d58b2da7f@group-091950D56227-LeaderElection76] INFO  impl.LeaderElection (LeaderElection.java:askForVotes(178)) - 8f18dce1-0a3d-4b65-9c78-af3d58b2da7f@group-091950D56227-LeaderElection76: begin an election at term 94 for -1: [8a63e1ae-032e-4bed-9f20-125a11f65413:0.0.0.0:38685, 8f18dce1-0a3d-4b65-9c78-af3d58b2da7f:0.0.0.0:42489, 7b1e61a0-7daf-43dd-99d5-9b325c1d31ae:0.0.0.0:38412], old=null
2019-10-20 17:40:02,016 [grpc-default-executor-2] INFO  impl.RaftServerImpl (RaftServerImpl.java:setRole(184)) - 8a63e1ae-032e-4bed-9f20-125a11f65413@group-091950D56227: changes role from  FOLLOWER to FOLLOWER at term 94 for recognizeCandidate:8f18dce1-0a3d-4b65-9c78-af3d58b2da7f
2019-10-20 17:40:02,016 [grpc-default-executor-1] INFO  impl.RaftServerImpl (RaftServerImpl.java:setRole(184)) - 7b1e61a0-7daf-43dd-99d5-9b325c1d31ae@group-091950D56227: changes role from  FOLLOWER to FOLLOWER at term 94 for recognizeCandidate:8f18dce1-0a3d-4b65-9c78-af3d58b2da7f
2019-10-20 17:40:02,016 [grpc-default-executor-2] INFO  impl.RoleInfo (RoleInfo.java:shutdownFollowerState(121)) - 8a63e1ae-032e-4bed-9f20-125a11f65413: shutdown FollowerState
2019-10-20 17:40:02,016 [grpc-default-executor-1] INFO  impl.RoleInfo (RoleInfo.java:shutdownFollowerState(121)) - 7b1e61a0-7daf-43dd-99d5-9b325c1d31ae: shutdown FollowerState
2019-10-20 17:40:02,017 [Thread-584] INFO  impl.FollowerState (FollowerState.java:run(117)) - 8a63e1ae-032e-4bed-9f20-125a11f65413@group-091950D56227-FollowerState was interrupted: java.lang.InterruptedException: sleep interrupted
2019-10-20 17:40:02,017 [Thread-583] INFO  impl.FollowerState (FollowerState.java:run(117)) - 7b1e61a0-7daf-43dd-99d5-9b325c1d31ae@group-091950D56227-FollowerState was interrupted: java.lang.InterruptedException: sleep interrupted
2019-10-20 17:40:02,017 [grpc-default-executor-2] INFO  impl.RoleInfo (RoleInfo.java:updateAndGet(143)) - 8a63e1ae-032e-4bed-9f20-125a11f65413: start FollowerState
2019-10-20 17:40:02,017 [grpc-default-executor-1] INFO  impl.RoleInfo (RoleInfo.java:updateAndGet(143)) - 7b1e61a0-7daf-43dd-99d5-9b325c1d31ae: start FollowerState
2019-10-20 17:40:02,040 [8f18dce1-0a3d-4b65-9c78-af3d58b2da7f@group-091950D56227-LeaderElection76] INFO  impl.LeaderElection (LeaderElection.java:logAndReturn(56)) - 8f18dce1-0a3d-4b65-9c78-af3d58b2da7f@group-091950D56227-LeaderElection76: Election REJECTED; received 2 response(s) [8f18dce1-0a3d-4b65-9c78-af3d58b2da7f<-8a63e1ae-032e-4bed-9f20-125a11f65413#0:FAIL-t94, 8f18dce1-0a3d-4b65-9c78-af3d58b2da7f<-7b1e61a0-7daf-43dd-99d5-9b325c1d31ae#0:FAIL-t94] and 0 exception(s); 8f18dce1-0a3d-4b65-9c78-af3d58b2da7f@group-091950D56227:t94, leader=null, voted=8f18dce1-0a3d-4b65-9c78-af3d58b2da7f, raftlog=8f18dce1-0a3d-4b65-9c78-af3d58b2da7f@group-091950D56227-SegmentedRaftLog:OPENED:c-1,f-1,i0, conf=-1: [8a63e1ae-032e-4bed-9f20-125a11f65413:0.0.0.0:38685, 8f18dce1-0a3d-4b65-9c78-af3d58b2da7f:0.0.0.0:42489, 7b1e61a0-7daf-43dd-99d5-9b325c1d31ae:0.0.0.0:38412], old=null
2019-10-20 17:40:02,040 [8f18dce1-0a3d-4b65-9c78-af3d58b2da7f@group-091950D56227-LeaderElection76] INFO  impl.RaftServerImpl (RaftServerImpl.java:setRole(184)) - 8f18dce1-0a3d-4b65-9c78-af3d58b2da7f@group-091950D56227: changes role from CANDIDATE to FOLLOWER at term 94 for DISCOVERED_A_NEW_TERM
2019-10-20 17:40:02,040 [8f18dce1-0a3d-4b65-9c78-af3d58b2da7f@group-091950D56227-LeaderElection76] INFO  impl.RoleInfo (RoleInfo.java:shutdownLeaderElection(134)) - 8f18dce1-0a3d-4b65-9c78-af3d58b2da7f: shutdown LeaderElection
2019-10-20 17:40:02,040 [8f18dce1-0a3d-4b65-9c78-af3d58b2da7f@group-091950D56227-LeaderElection76] INFO  impl.RoleInfo (RoleInfo.java:updateAndGet(143)) - 8f18dce1-0a3d-4b65-9c78-af3d58b2da7f: start FollowerState
2019-10-20 17:40:02,061 [Thread-593] INFO  impl.FollowerState (FollowerState.java:run(108)) - 8f18dce1-0a3d-4b65-9c78-af3d58b2da7f@group-091950D56227-FollowerState: change to CANDIDATE, lastRpcTime:20ms, electionTimeout:20ms
2019-10-20 17:40:02,061 [Thread-593] INFO  impl.RoleInfo (RoleInfo.java:shutdownFollowerState(121)) - 8f18dce1-0a3d-4b65-9c78-af3d58b2da7f: shutdown FollowerState
2019-10-20 17:40:02,061 [Thread-593] INFO  impl.RaftServerImpl (RaftServerImpl.java:setRole(184)) - 8f18dce1-0a3d-4b65-9c78-af3d58b2da7f@group-091950D56227: changes role from  FOLLOWER to CANDIDATE at term 94 for changeToCandidate
2019-10-20 17:40:02,061 [Thread-593] INFO  impl.RoleInfo (RoleInfo.java:updateAndGet(143)) - 8f18dce1-0a3d-4b65-9c78-af3d58b2da7f: start LeaderElection
2019-10-20 17:40:02,089 [8f18dce1-0a3d-4b65-9c78-af3d58b2da7f@group-091950D56227-LeaderElection77] INFO  impl.LeaderElection (LeaderElection.java:askForVotes(178)) - 8f18dce1-0a3d-4b65-9c78-af3d58b2da7f@group-091950D56227-LeaderElection77: begin an election at term 95 for -1: [8a63e1ae-032e-4bed-9f20-125a11f65413:0.0.0.0:38685, 8f18dce1-0a3d-4b65-9c78-af3d58b2da7f:0.0.0.0:42489, 7b1e61a0-7daf-43dd-99d5-9b325c1d31ae:0.0.0.0:38412], old=null
2019-10-20 17:40:02,092 [grpc-default-executor-2] INFO  impl.RaftServerImpl (RaftServerImpl.java:setRole(184)) - 8a63e1ae-032e-4bed-9f20-125a11f65413@group-091950D56227: changes role from  FOLLOWER to FOLLOWER at term 95 for recognizeCandidate:8f18dce1-0a3d-4b65-9c78-af3d58b2da7f
2019-10-20 17:40:02,092 [grpc-default-executor-1] INFO  impl.RaftServerImpl (RaftServerImpl.java:setRole(184)) - 7b1e61a0-7daf-43dd-99d5-9b325c1d31ae@group-091950D56227: changes role from  FOLLOWER to FOLLOWER at term 95 for recognizeCandidate:8f18dce1-0a3d-4b65-9c78-af3d58b2da7f
2019-10-20 17:40:02,092 [grpc-default-executor-2] INFO  impl.RoleInfo (RoleInfo.java:shutdownFollowerState(121)) - 8a63e1ae-032e-4bed-9f20-125a11f65413: shutdown FollowerState
2019-10-20 17:40:02,092 [grpc-default-executor-1] INFO  impl.RoleInfo (RoleInfo.java:shutdownFollowerState(121)) - 7b1e61a0-7daf-43dd-99d5-9b325c1d31ae: shutdown FollowerState
2019-10-20 17:40:02,092 [Thread-591] INFO  impl.FollowerState (FollowerState.java:run(117)) - 8a63e1ae-032e-4bed-9f20-125a11f65413@group-091950D56227-FollowerState was interrupted: java.lang.InterruptedException: sleep interrupted
2019-10-20 17:40:02,092 [grpc-default-executor-2] INFO  impl.RoleInfo (RoleInfo.java:updateAndGet(143)) - 8a63e1ae-032e-4bed-9f20-125a11f65413: start FollowerState
2019-10-20 17:40:02,093 [Thread-592] INFO  impl.FollowerState (FollowerState.java:run(117)) - 7b1e61a0-7daf-43dd-99d5-9b325c1d31ae@group-091950D56227-FollowerState was interrupted: java.lang.InterruptedException: sleep interrupted
2019-10-20 17:40:02,093 [grpc-default-executor-1] INFO  impl.RoleInfo (RoleInfo.java:updateAndGet(143)) - 7b1e61a0-7daf-43dd-99d5-9b325c1d31ae: start FollowerState
2019-10-20 17:40:02,117 [8f18dce1-0a3d-4b65-9c78-af3d58b2da7f@group-091950D56227-LeaderElection77] INFO  impl.LeaderElection (LeaderElection.java:logAndReturn(56)) - 8f18dce1-0a3d-4b65-9c78-af3d58b2da7f@group-091950D56227-LeaderElection77: Election REJECTED; received 2 response(s) [8f18dce1-0a3d-4b65-9c78-af3d58b2da7f<-8a63e1ae-032e-4bed-9f20-125a11f65413#0:FAIL-t95, 8f18dce1-0a3d-4b65-9c78-af3d58b2da7f<-7b1e61a0-7daf-43dd-99d5-9b325c1d31ae#0:FAIL-t95] and 0 exception(s); 8f18dce1-0a3d-4b65-9c78-af3d58b2da7f@group-091950D56227:t95, leader=null, voted=8f18dce1-0a3d-4b65-9c78-af3d58b2da7f, raftlog=8f18dce1-0a3d-4b65-9c78-af3d58b2da7f@group-091950D56227-SegmentedRaftLog:OPENED:c-1,f-1,i0, conf=-1: [8a63e1ae-032e-4bed-9f20-125a11f65413:0.0.0.0:38685, 8f18dce1-0a3d-4b65-9c78-af3d58b2da7f:0.0.0.0:42489, 7b1e61a0-7daf-43dd-99d5-9b325c1d31ae:0.0.0.0:38412], old=null
2019-10-20 17:40:02,117 [8f18dce1-0a3d-4b65-9c78-af3d58b2da7f@group-091950D56227-LeaderElection77] INFO  impl.RaftServerImpl (RaftServerImpl.java:setRole(184)) - 8f18dce1-0a3d-4b65-9c78-af3d58b2da7f@group-091950D56227: changes role from CANDIDATE to FOLLOWER at term 95 for DISCOVERED_A_NEW_TERM
2019-10-20 17:40:02,117 [8f18dce1-0a3d-4b65-9c78-af3d58b2da7f@group-091950D56227-LeaderElection77] INFO  impl.RoleInfo (RoleInfo.java:shutdownLeaderElection(134)) - 8f18dce1-0a3d-4b65-9c78-af3d58b2da7f: shutdown LeaderElection
2019-10-20 17:40:02,117 [8f18dce1-0a3d-4b65-9c78-af3d58b2da7f@group-091950D56227-LeaderElection77] INFO  impl.RoleInfo (RoleInfo.java:updateAndGet(143)) - 8f18dce1-0a3d-4b65-9c78-af3d58b2da7f: start FollowerState
2019-10-20 17:40:02,131 [Thread-599] INFO  impl.FollowerState (FollowerState.java:run(108)) - 8f18dce1-0a3d-4b65-9c78-af3d58b2da7f@group-091950D56227-FollowerState: change to CANDIDATE, lastRpcTime:13ms, electionTimeout:13ms
2019-10-20 17:40:02,131 [Thread-599] INFO  impl.RoleInfo (RoleInfo.java:shutdownFollowerState(121)) - 8f18dce1-0a3d-4b65-9c78-af3d58b2da7f: shutdown FollowerState
2019-10-20 17:40:02,131 [Thread-599] INFO  impl.RaftServerImpl (RaftServerImpl.java:setRole(184)) - 8f18dce1-0a3d-4b65-9c78-af3d58b2da7f@group-091950D56227: changes role from  FOLLOWER to CANDIDATE at term 95 for changeToCandidate
2019-10-20 17:40:02,131 [Thread-599] INFO  impl.RoleInfo (RoleInfo.java:updateAndGet(143)) - 8f18dce1-0a3d-4b65-9c78-af3d58b2da7f: start LeaderElection
2019-10-20 17:40:02,158 [8f18dce1-0a3d-4b65-9c78-af3d58b2da7f@group-091950D56227-LeaderElection78] INFO  impl.LeaderElection (LeaderElection.java:askForVotes(178)) - 8f18dce1-0a3d-4b65-9c78-af3d58b2da7f@group-091950D56227-LeaderElection78: begin an election at term 96 for -1: [8a63e1ae-032e-4bed-9f20-125a11f65413:0.0.0.0:38685, 8f18dce1-0a3d-4b65-9c78-af3d58b2da7f:0.0.0.0:42489, 7b1e61a0-7daf-43dd-99d5-9b325c1d31ae:0.0.0.0:38412], old=null
2019-10-20 17:40:02,160 [grpc-default-executor-2] INFO  impl.RaftServerImpl (RaftServerImpl.java:setRole(184)) - 8a63e1ae-032e-4bed-9f20-125a11f65413@group-091950D56227: changes role from  FOLLOWER to FOLLOWER at term 96 for recognizeCandidate:8f18dce1-0a3d-4b65-9c78-af3d58b2da7f
2019-10-20 17:40:02,160 [grpc-default-executor-2] INFO  impl.RoleInfo (RoleInfo.java:shutdownFollowerState(121)) - 8a63e1ae-032e-4bed-9f20-125a11f65413: shutdown FollowerState
2019-10-20 17:40:02,160 [grpc-default-executor-1] INFO  impl.RaftServerImpl (RaftServerImpl.java:setRole(184)) - 7b1e61a0-7daf-43dd-99d5-9b325c1d31ae@group-091950D56227: changes role from  FOLLOWER to FOLLOWER at term 96 for recognizeCandidate:8f18dce1-0a3d-4b65-9c78-af3d58b2da7f
2019-10-20 17:40:02,160 [Thread-597] INFO  impl.FollowerState (FollowerState.java:run(117)) - 8a63e1ae-032e-4bed-9f20-125a11f65413@group-091950D56227-FollowerState was interrupted: java.lang.InterruptedException: sleep interrupted
2019-10-20 17:40:02,160 [grpc-default-executor-2] INFO  impl.RoleInfo (RoleInfo.java:updateAndGet(143)) - 8a63e1ae-032e-4bed-9f20-125a11f65413: start FollowerState
2019-10-20 17:40:02,160 [grpc-default-executor-1] INFO  impl.RoleInfo (RoleInfo.java:shutdownFollowerState(121)) - 7b1e61a0-7daf-43dd-99d5-9b325c1d31ae: shutdown FollowerState
2019-10-20 17:40:02,161 [grpc-default-executor-1] INFO  impl.RoleInfo (RoleInfo.java:updateAndGet(143)) - 7b1e61a0-7daf-43dd-99d5-9b325c1d31ae: start FollowerState
2019-10-20 17:40:02,161 [Thread-598] INFO  impl.FollowerState (FollowerState.java:run(117)) - 7b1e61a0-7daf-43dd-99d5-9b325c1d31ae@group-091950D56227-FollowerState was interrupted: java.lang.InterruptedException: sleep interrupted
2019-10-20 17:40:02,184 [8f18dce1-0a3d-4b65-9c78-af3d58b2da7f@group-091950D56227-LeaderElection78] INFO  impl.LeaderElection (LeaderElection.java:logAndReturn(56)) - 8f18dce1-0a3d-4b65-9c78-af3d58b2da7f@group-091950D56227-LeaderElection78: Election REJECTED; received 2 response(s) [8f18dce1-0a3d-4b65-9c78-af3d58b2da7f<-8a63e1ae-032e-4bed-9f20-125a11f65413#0:FAIL-t96, 8f18dce1-0a3d-4b65-9c78-af3d58b2da7f<-7b1e61a0-7daf-43dd-99d5-9b325c1d31ae#0:FAIL-t96] and 0 exception(s); 8f18dce1-0a3d-4b65-9c78-af3d58b2da7f@group-091950D56227:t96, leader=null, voted=8f18dce1-0a3d-4b65-9c78-af3d58b2da7f, raftlog=8f18dce1-0a3d-4b65-9c78-af3d58b2da7f@group-091950D56227-SegmentedRaftLog:OPENED:c-1,f-1,i0, conf=-1: [8a63e1ae-032e-4bed-9f20-125a11f65413:0.0.0.0:38685, 8f18dce1-0a3d-4b65-9c78-af3d58b2da7f:0.0.0.0:42489, 7b1e61a0-7daf-43dd-99d5-9b325c1d31ae:0.0.0.0:38412], old=null
2019-10-20 17:40:02,184 [8f18dce1-0a3d-4b65-9c78-af3d58b2da7f@group-091950D56227-LeaderElection78] INFO  impl.RaftServerImpl (RaftServerImpl.java:setRole(184)) - 8f18dce1-0a3d-4b65-9c78-af3d58b2da7f@group-091950D56227: changes role from CANDIDATE to FOLLOWER at term 96 for DISCOVERED_A_NEW_TERM
2019-10-20 17:40:02,185 [8f18dce1-0a3d-4b65-9c78-af3d58b2da7f@group-091950D56227-LeaderElection78] INFO  impl.RoleInfo (RoleInfo.java:shutdownLeaderElection(134)) - 8f18dce1-0a3d-4b65-9c78-af3d58b2da7f: shutdown LeaderElection
2019-10-20 17:40:02,185 [8f18dce1-0a3d-4b65-9c78-af3d58b2da7f@group-091950D56227-LeaderElection78] INFO  impl.RoleInfo (RoleInfo.java:updateAndGet(143)) - 8f18dce1-0a3d-4b65-9c78-af3d58b2da7f: start FollowerState
2019-10-20 17:40:02,298 [Thread-605] INFO  impl.FollowerState (FollowerState.java:run(108)) - 8f18dce1-0a3d-4b65-9c78-af3d58b2da7f@group-091950D56227-FollowerState: change to CANDIDATE, lastRpcTime:113ms, electionTimeout:113ms
2019-10-20 17:40:02,298 [Thread-605] INFO  impl.RoleInfo (RoleInfo.java:shutdownFollowerState(121)) - 8f18dce1-0a3d-4b65-9c78-af3d58b2da7f: shutdown FollowerState
2019-10-20 17:40:02,299 [Thread-605] INFO  impl.RaftServerImpl (RaftServerImpl.java:setRole(184)) - 8f18dce1-0a3d-4b65-9c78-af3d58b2da7f@group-091950D56227: changes role from  FOLLOWER to CANDIDATE at term 96 for changeToCandidate
2019-10-20 17:40:02,299 [Thread-605] INFO  impl.RoleInfo (RoleInfo.java:updateAndGet(143)) - 8f18dce1-0a3d-4b65-9c78-af3d58b2da7f: start LeaderElection
2019-10-20 17:40:02,326 [8f18dce1-0a3d-4b65-9c78-af3d58b2da7f@group-091950D56227-LeaderElection79] INFO  impl.LeaderElection (LeaderElection.java:askForVotes(178)) - 8f18dce1-0a3d-4b65-9c78-af3d58b2da7f@group-091950D56227-LeaderElection79: begin an election at term 97 for -1: [8a63e1ae-032e-4bed-9f20-125a11f65413:0.0.0.0:38685, 8f18dce1-0a3d-4b65-9c78-af3d58b2da7f:0.0.0.0:42489, 7b1e61a0-7daf-43dd-99d5-9b325c1d31ae:0.0.0.0:38412], old=null
2019-10-20 17:40:02,328 [grpc-default-executor-1] INFO  impl.RaftServerImpl (RaftServerImpl.java:setRole(184)) - 7b1e61a0-7daf-43dd-99d5-9b325c1d31ae@group-091950D56227: changes role from  FOLLOWER to FOLLOWER at term 97 for recognizeCandidate:8f18dce1-0a3d-4b65-9c78-af3d58b2da7f
2019-10-20 17:40:02,328 [grpc-default-executor-2] INFO  impl.RaftServerImpl (RaftServerImpl.java:setRole(184)) - 8a63e1ae-032e-4bed-9f20-125a11f65413@group-091950D56227: changes role from  FOLLOWER to FOLLOWER at term 97 for recognizeCandidate:8f18dce1-0a3d-4b65-9c78-af3d58b2da7f
2019-10-20 17:40:02,328 [grpc-default-executor-1] INFO  impl.RoleInfo (RoleInfo.java:shutdownFollowerState(121)) - 7b1e61a0-7daf-43dd-99d5-9b325c1d31ae: shutdown FollowerState
2019-10-20 17:40:02,328 [grpc-default-executor-2] INFO  impl.RoleInfo (RoleInfo.java:shutdownFollowerState(121)) - 8a63e1ae-032e-4bed-9f20-125a11f65413: shutdown FollowerState
2019-10-20 17:40:02,328 [grpc-default-executor-1] INFO  impl.RoleInfo (RoleInfo.java:updateAndGet(143)) - 7b1e61a0-7daf-43dd-99d5-9b325c1d31ae: start FollowerState
2019-10-20 17:40:02,328 [Thread-603] INFO  impl.FollowerState (FollowerState.java:run(117)) - 8a63e1ae-032e-4bed-9f20-125a11f65413@group-091950D56227-FollowerState was interrupted: java.lang.InterruptedException: sleep interrupted
2019-10-20 17:40:02,328 [Thread-604] INFO  impl.FollowerState (FollowerState.java:run(117)) - 7b1e61a0-7daf-43dd-99d5-9b325c1d31ae@group-091950D56227-FollowerState was interrupted: java.lang.InterruptedException: sleep interrupted
2019-10-20 17:40:02,328 [grpc-default-executor-2] INFO  impl.RoleInfo (RoleInfo.java:updateAndGet(143)) - 8a63e1ae-032e-4bed-9f20-125a11f65413: start FollowerState
2019-10-20 17:40:02,352 [8f18dce1-0a3d-4b65-9c78-af3d58b2da7f@group-091950D56227-LeaderElection79] INFO  impl.LeaderElection (LeaderElection.java:logAndReturn(56)) - 8f18dce1-0a3d-4b65-9c78-af3d58b2da7f@group-091950D56227-LeaderElection79: Election REJECTED; received 2 response(s) [8f18dce1-0a3d-4b65-9c78-af3d58b2da7f<-8a63e1ae-032e-4bed-9f20-125a11f65413#0:FAIL-t97, 8f18dce1-0a3d-4b65-9c78-af3d58b2da7f<-7b1e61a0-7daf-43dd-99d5-9b325c1d31ae#0:FAIL-t97] and 0 exception(s); 8f18dce1-0a3d-4b65-9c78-af3d58b2da7f@group-091950D56227:t97, leader=null, voted=8f18dce1-0a3d-4b65-9c78-af3d58b2da7f, raftlog=8f18dce1-0a3d-4b65-9c78-af3d58b2da7f@group-091950D56227-SegmentedRaftLog:OPENED:c-1,f-1,i0, conf=-1: [8a63e1ae-032e-4bed-9f20-125a11f65413:0.0.0.0:38685, 8f18dce1-0a3d-4b65-9c78-af3d58b2da7f:0.0.0.0:42489, 7b1e61a0-7daf-43dd-99d5-9b325c1d31ae:0.0.0.0:38412], old=null
2019-10-20 17:40:02,352 [8f18dce1-0a3d-4b65-9c78-af3d58b2da7f@group-091950D56227-LeaderElection79] INFO  impl.RaftServerImpl (RaftServerImpl.java:setRole(184)) - 8f18dce1-0a3d-4b65-9c78-af3d58b2da7f@group-091950D56227: changes role from CANDIDATE to FOLLOWER at term 97 for DISCOVERED_A_NEW_TERM
2019-10-20 17:40:02,352 [8f18dce1-0a3d-4b65-9c78-af3d58b2da7f@group-091950D56227-LeaderElection79] INFO  impl.RoleInfo (RoleInfo.java:shutdownLeaderElection(134)) - 8f18dce1-0a3d-4b65-9c78-af3d58b2da7f: shutdown LeaderElection
2019-10-20 17:40:02,352 [8f18dce1-0a3d-4b65-9c78-af3d58b2da7f@group-091950D56227-LeaderElection79] INFO  impl.RoleInfo (RoleInfo.java:updateAndGet(143)) - 8f18dce1-0a3d-4b65-9c78-af3d58b2da7f: start FollowerState
2019-10-20 17:40:02,387 [Thread-611] INFO  impl.FollowerState (FollowerState.java:run(108)) - 8f18dce1-0a3d-4b65-9c78-af3d58b2da7f@group-091950D56227-FollowerState: change to CANDIDATE, lastRpcTime:34ms, electionTimeout:34ms
2019-10-20 17:40:02,387 [Thread-611] INFO  impl.RoleInfo (RoleInfo.java:shutdownFollowerState(121)) - 8f18dce1-0a3d-4b65-9c78-af3d58b2da7f: shutdown FollowerState
2019-10-20 17:40:02,387 [Thread-611] INFO  impl.RaftServerImpl (RaftServerImpl.java:setRole(184)) - 8f18dce1-0a3d-4b65-9c78-af3d58b2da7f@group-091950D56227: changes role from  FOLLOWER to CANDIDATE at term 97 for changeToCandidate
2019-10-20 17:40:02,387 [Thread-611] INFO  impl.RoleInfo (RoleInfo.java:updateAndGet(143)) - 8f18dce1-0a3d-4b65-9c78-af3d58b2da7f: start LeaderElection
2019-10-20 17:40:02,410 [8f18dce1-0a3d-4b65-9c78-af3d58b2da7f@group-091950D56227-LeaderElection80] INFO  impl.LeaderElection (LeaderElection.java:askForVotes(178)) - 8f18dce1-0a3d-4b65-9c78-af3d58b2da7f@group-091950D56227-LeaderElection80: begin an election at term 98 for -1: [8a63e1ae-032e-4bed-9f20-125a11f65413:0.0.0.0:38685, 8f18dce1-0a3d-4b65-9c78-af3d58b2da7f:0.0.0.0:42489, 7b1e61a0-7daf-43dd-99d5-9b325c1d31ae:0.0.0.0:38412], old=null
2019-10-20 17:40:02,412 [grpc-default-executor-2] INFO  impl.RaftServerImpl (RaftServerImpl.java:setRole(184)) - 8a63e1ae-032e-4bed-9f20-125a11f65413@group-091950D56227: changes role from  FOLLOWER to FOLLOWER at term 98 for recognizeCandidate:8f18dce1-0a3d-4b65-9c78-af3d58b2da7f
2019-10-20 17:40:02,413 [grpc-default-executor-2] INFO  impl.RoleInfo (RoleInfo.java:shutdownFollowerState(121)) - 8a63e1ae-032e-4bed-9f20-125a11f65413: shutdown FollowerState
2019-10-20 17:40:02,413 [grpc-default-executor-1] INFO  impl.RaftServerImpl (RaftServerImpl.java:setRole(184)) - 7b1e61a0-7daf-43dd-99d5-9b325c1d31ae@group-091950D56227: changes role from  FOLLOWER to FOLLOWER at term 98 for recognizeCandidate:8f18dce1-0a3d-4b65-9c78-af3d58b2da7f
2019-10-20 17:40:02,413 [Thread-610] INFO  impl.FollowerState (FollowerState.java:run(117)) - 8a63e1ae-032e-4bed-9f20-125a11f65413@group-091950D56227-FollowerState was interrupted: java.lang.InterruptedException: sleep interrupted
2019-10-20 17:40:02,413 [grpc-default-executor-2] INFO  impl.RoleInfo (RoleInfo.java:updateAndGet(143)) - 8a63e1ae-032e-4bed-9f20-125a11f65413: start FollowerState
2019-10-20 17:40:02,413 [grpc-default-executor-1] INFO  impl.RoleInfo (RoleInfo.java:shutdownFollowerState(121)) - 7b1e61a0-7daf-43dd-99d5-9b325c1d31ae: shutdown FollowerState
2019-10-20 17:40:02,413 [grpc-default-executor-1] INFO  impl.RoleInfo (RoleInfo.java:updateAndGet(143)) - 7b1e61a0-7daf-43dd-99d5-9b325c1d31ae: start FollowerState
2019-10-20 17:40:02,413 [Thread-609] INFO  impl.FollowerState (FollowerState.java:run(117)) - 7b1e61a0-7daf-43dd-99d5-9b325c1d31ae@group-091950D56227-FollowerState was interrupted: java.lang.InterruptedException: sleep interrupted
2019-10-20 17:40:02,437 [8f18dce1-0a3d-4b65-9c78-af3d58b2da7f@group-091950D56227-LeaderElection80] INFO  impl.LeaderElection (LeaderElection.java:logAndReturn(56)) - 8f18dce1-0a3d-4b65-9c78-af3d58b2da7f@group-091950D56227-LeaderElection80: Election REJECTED; received 2 response(s) [8f18dce1-0a3d-4b65-9c78-af3d58b2da7f<-8a63e1ae-032e-4bed-9f20-125a11f65413#0:FAIL-t98, 8f18dce1-0a3d-4b65-9c78-af3d58b2da7f<-7b1e61a0-7daf-43dd-99d5-9b325c1d31ae#0:FAIL-t98] and 0 exception(s); 8f18dce1-0a3d-4b65-9c78-af3d58b2da7f@group-091950D56227:t98, leader=null, voted=8f18dce1-0a3d-4b65-9c78-af3d58b2da7f, raftlog=8f18dce1-0a3d-4b65-9c78-af3d58b2da7f@group-091950D56227-SegmentedRaftLog:OPENED:c-1,f-1,i0, conf=-1: [8a63e1ae-032e-4bed-9f20-125a11f65413:0.0.0.0:38685, 8f18dce1-0a3d-4b65-9c78-af3d58b2da7f:0.0.0.0:42489, 7b1e61a0-7daf-43dd-99d5-9b325c1d31ae:0.0.0.0:38412], old=null
2019-10-20 17:40:02,437 [8f18dce1-0a3d-4b65-9c78-af3d58b2da7f@group-091950D56227-LeaderElection80] INFO  impl.RaftServerImpl (RaftServerImpl.java:setRole(184)) - 8f18dce1-0a3d-4b65-9c78-af3d58b2da7f@group-091950D56227: changes role from CANDIDATE to FOLLOWER at term 98 for DISCOVERED_A_NEW_TERM
2019-10-20 17:40:02,437 [8f18dce1-0a3d-4b65-9c78-af3d58b2da7f@group-091950D56227-LeaderElection80] INFO  impl.RoleInfo (RoleInfo.java:shutdownLeaderElection(134)) - 8f18dce1-0a3d-4b65-9c78-af3d58b2da7f: shutdown LeaderElection
2019-10-20 17:40:02,437 [8f18dce1-0a3d-4b65-9c78-af3d58b2da7f@group-091950D56227-LeaderElection80] INFO  impl.RoleInfo (RoleInfo.java:updateAndGet(143)) - 8f18dce1-0a3d-4b65-9c78-af3d58b2da7f: start FollowerState
2019-10-20 17:40:02,504 [Thread-617] INFO  impl.FollowerState (FollowerState.java:run(108)) - 8f18dce1-0a3d-4b65-9c78-af3d58b2da7f@group-091950D56227-FollowerState: change to CANDIDATE, lastRpcTime:66ms, electionTimeout:66ms
2019-10-20 17:40:02,504 [Thread-617] INFO  impl.RoleInfo (RoleInfo.java:shutdownFollowerState(121)) - 8f18dce1-0a3d-4b65-9c78-af3d58b2da7f: shutdown FollowerState
2019-10-20 17:40:02,504 [Thread-617] INFO  impl.RaftServerImpl (RaftServerImpl.java:setRole(184)) - 8f18dce1-0a3d-4b65-9c78-af3d58b2da7f@group-091950D56227: changes role from  FOLLOWER to CANDIDATE at term 98 for changeToCandidate
2019-10-20 17:40:02,504 [Thread-617] INFO  impl.RoleInfo (RoleInfo.java:updateAndGet(143)) - 8f18dce1-0a3d-4b65-9c78-af3d58b2da7f: start LeaderElection
2019-10-20 17:40:02,528 [8f18dce1-0a3d-4b65-9c78-af3d58b2da7f@group-091950D56227-LeaderElection81] INFO  impl.LeaderElection (LeaderElection.java:askForVotes(178)) - 8f18dce1-0a3d-4b65-9c78-af3d58b2da7f@group-091950D56227-LeaderElection81: begin an election at term 99 for -1: [8a63e1ae-032e-4bed-9f20-125a11f65413:0.0.0.0:38685, 8f18dce1-0a3d-4b65-9c78-af3d58b2da7f:0.0.0.0:42489, 7b1e61a0-7daf-43dd-99d5-9b325c1d31ae:0.0.0.0:38412], old=null
2019-10-20 17:40:02,530 [grpc-default-executor-2] INFO  impl.RaftServerImpl (RaftServerImpl.java:setRole(184)) - 7b1e61a0-7daf-43dd-99d5-9b325c1d31ae@group-091950D56227: changes role from  FOLLOWER to FOLLOWER at term 99 for recognizeCandidate:8f18dce1-0a3d-4b65-9c78-af3d58b2da7f
2019-10-20 17:40:02,530 [grpc-default-executor-1] INFO  impl.RaftServerImpl (RaftServerImpl.java:setRole(184)) - 8a63e1ae-032e-4bed-9f20-125a11f65413@group-091950D56227: changes role from  FOLLOWER to FOLLOWER at term 99 for recognizeCandidate:8f18dce1-0a3d-4b65-9c78-af3d58b2da7f
2019-10-20 17:40:02,531 [grpc-default-executor-2] INFO  impl.RoleInfo (RoleInfo.java:shutdownFollowerState(121)) - 7b1e61a0-7daf-43dd-99d5-9b325c1d31ae: shutdown FollowerState
2019-10-20 17:40:02,531 [grpc-default-executor-1] INFO  impl.RoleInfo (RoleInfo.java:shutdownFollowerState(121)) - 8a63e1ae-032e-4bed-9f20-125a11f65413: shutdown FollowerState
2019-10-20 17:40:02,531 [Thread-616] INFO  impl.FollowerState (FollowerState.java:run(117)) - 7b1e61a0-7daf-43dd-99d5-9b325c1d31ae@group-091950D56227-FollowerState was interrupted: java.lang.InterruptedException: sleep interrupted
2019-10-20 17:40:02,531 [grpc-default-executor-2] INFO  impl.RoleInfo (RoleInfo.java:updateAndGet(143)) - 7b1e61a0-7daf-43dd-99d5-9b325c1d31ae: start FollowerState
2019-10-20 17:40:02,531 [Thread-615] INFO  impl.FollowerState (FollowerState.java:run(117)) - 8a63e1ae-032e-4bed-9f20-125a11f65413@group-091950D56227-FollowerState was interrupted: java.lang.InterruptedException: sleep interrupted
2019-10-20 17:40:02,531 [grpc-default-executor-1] INFO  impl.RoleInfo (RoleInfo.java:updateAndGet(143)) - 8a63e1ae-032e-4bed-9f20-125a11f65413: start FollowerState
2019-10-20 17:40:02,554 [8f18dce1-0a3d-4b65-9c78-af3d58b2da7f@group-091950D56227-LeaderElection81] INFO  impl.LeaderElection (LeaderElection.java:logAndReturn(56)) - 8f18dce1-0a3d-4b65-9c78-af3d58b2da7f@group-091950D56227-LeaderElection81: Election REJECTED; received 2 response(s) [8f18dce1-0a3d-4b65-9c78-af3d58b2da7f<-8a63e1ae-032e-4bed-9f20-125a11f65413#0:FAIL-t99, 8f18dce1-0a3d-4b65-9c78-af3d58b2da7f<-7b1e61a0-7daf-43dd-99d5-9b325c1d31ae#0:FAIL-t99] and 0 exception(s); 8f18dce1-0a3d-4b65-9c78-af3d58b2da7f@group-091950D56227:t99, leader=null, voted=8f18dce1-0a3d-4b65-9c78-af3d58b2da7f, raftlog=8f18dce1-0a3d-4b65-9c78-af3d58b2da7f@group-091950D56227-SegmentedRaftLog:OPENED:c-1,f-1,i0, conf=-1: [8a63e1ae-032e-4bed-9f20-125a11f65413:0.0.0.0:38685, 8f18dce1-0a3d-4b65-9c78-af3d58b2da7f:0.0.0.0:42489, 7b1e61a0-7daf-43dd-99d5-9b325c1d31ae:0.0.0.0:38412], old=null
2019-10-20 17:40:02,554 [8f18dce1-0a3d-4b65-9c78-af3d58b2da7f@group-091950D56227-LeaderElection81] INFO  impl.RaftServerImpl (RaftServerImpl.java:setRole(184)) - 8f18dce1-0a3d-4b65-9c78-af3d58b2da7f@group-091950D56227: changes role from CANDIDATE to FOLLOWER at term 99 for DISCOVERED_A_NEW_TERM
2019-10-20 17:40:02,554 [8f18dce1-0a3d-4b65-9c78-af3d58b2da7f@group-091950D56227-LeaderElection81] INFO  impl.RoleInfo (RoleInfo.java:shutdownLeaderElection(134)) - 8f18dce1-0a3d-4b65-9c78-af3d58b2da7f: shutdown LeaderElection
2019-10-20 17:40:02,555 [8f18dce1-0a3d-4b65-9c78-af3d58b2da7f@group-091950D56227-LeaderElection81] INFO  impl.RoleInfo (RoleInfo.java:updateAndGet(143)) - 8f18dce1-0a3d-4b65-9c78-af3d58b2da7f: start FollowerState
2019-10-20 17:40:02,675 [Thread-623] INFO  impl.FollowerState (FollowerState.java:run(108)) - 8f18dce1-0a3d-4b65-9c78-af3d58b2da7f@group-091950D56227-FollowerState: change to CANDIDATE, lastRpcTime:120ms, electionTimeout:120ms
2019-10-20 17:40:02,675 [Thread-623] INFO  impl.RoleInfo (RoleInfo.java:shutdownFollowerState(121)) - 8f18dce1-0a3d-4b65-9c78-af3d58b2da7f: shutdown FollowerState
2019-10-20 17:40:02,675 [Thread-623] INFO  impl.RaftServerImpl (RaftServerImpl.java:setRole(184)) - 8f18dce1-0a3d-4b65-9c78-af3d58b2da7f@group-091950D56227: changes role from  FOLLOWER to CANDIDATE at term 99 for changeToCandidate
2019-10-20 17:40:02,676 [Thread-623] INFO  impl.RoleInfo (RoleInfo.java:updateAndGet(143)) - 8f18dce1-0a3d-4b65-9c78-af3d58b2da7f: start LeaderElection
2019-10-20 17:40:02,704 [8f18dce1-0a3d-4b65-9c78-af3d58b2da7f@group-091950D56227-LeaderElection82] INFO  impl.LeaderElection (LeaderElection.java:askForVotes(178)) - 8f18dce1-0a3d-4b65-9c78-af3d58b2da7f@group-091950D56227-LeaderElection82: begin an election at term 100 for -1: [8a63e1ae-032e-4bed-9f20-125a11f65413:0.0.0.0:38685, 8f18dce1-0a3d-4b65-9c78-af3d58b2da7f:0.0.0.0:42489, 7b1e61a0-7daf-43dd-99d5-9b325c1d31ae:0.0.0.0:38412], old=null
2019-10-20 17:40:02,706 [grpc-default-executor-1] INFO  impl.RaftServerImpl (RaftServerImpl.java:setRole(184)) - 8a63e1ae-032e-4bed-9f20-125a11f65413@group-091950D56227: changes role from  FOLLOWER to FOLLOWER at term 100 for recognizeCandidate:8f18dce1-0a3d-4b65-9c78-af3d58b2da7f
2019-10-20 17:40:02,706 [grpc-default-executor-1] INFO  impl.RoleInfo (RoleInfo.java:shutdownFollowerState(121)) - 8a63e1ae-032e-4bed-9f20-125a11f65413: shutdown FollowerState
2019-10-20 17:40:02,706 [grpc-default-executor-2] INFO  impl.RaftServerImpl (RaftServerImpl.java:setRole(184)) - 7b1e61a0-7daf-43dd-99d5-9b325c1d31ae@group-091950D56227: changes role from  FOLLOWER to FOLLOWER at term 100 for recognizeCandidate:8f18dce1-0a3d-4b65-9c78-af3d58b2da7f
2019-10-20 17:40:02,706 [Thread-622] INFO  impl.FollowerState (FollowerState.java:run(117)) - 8a63e1ae-032e-4bed-9f20-125a11f65413@group-091950D56227-FollowerState was interrupted: java.lang.InterruptedException: sleep interrupted
2019-10-20 17:40:02,706 [grpc-default-executor-1] INFO  impl.RoleInfo (RoleInfo.java:updateAndGet(143)) - 8a63e1ae-032e-4bed-9f20-125a11f65413: start FollowerState
2019-10-20 17:40:02,707 [grpc-default-executor-2] INFO  impl.RoleInfo (RoleInfo.java:shutdownFollowerState(121)) - 7b1e61a0-7daf-43dd-99d5-9b325c1d31ae: shutdown FollowerState
2019-10-20 17:40:02,707 [grpc-default-executor-2] INFO  impl.RoleInfo (RoleInfo.java:updateAndGet(143)) - 7b1e61a0-7daf-43dd-99d5-9b325c1d31ae: start FollowerState
2019-10-20 17:40:02,707 [Thread-621] INFO  impl.FollowerState (FollowerState.java:run(117)) - 7b1e61a0-7daf-43dd-99d5-9b325c1d31ae@group-091950D56227-FollowerState was interrupted: java.lang.InterruptedException: sleep interrupted
2019-10-20 17:40:02,730 [8f18dce1-0a3d-4b65-9c78-af3d58b2da7f@group-091950D56227-LeaderElection82] INFO  impl.LeaderElection (LeaderElection.java:logAndReturn(56)) - 8f18dce1-0a3d-4b65-9c78-af3d58b2da7f@group-091950D56227-LeaderElection82: Election REJECTED; received 2 response(s) [8f18dce1-0a3d-4b65-9c78-af3d58b2da7f<-8a63e1ae-032e-4bed-9f20-125a11f65413#0:FAIL-t100, 8f18dce1-0a3d-4b65-9c78-af3d58b2da7f<-7b1e61a0-7daf-43dd-99d5-9b325c1d31ae#0:FAIL-t100] and 0 exception(s); 8f18dce1-0a3d-4b65-9c78-af3d58b2da7f@group-091950D56227:t100, leader=null, voted=8f18dce1-0a3d-4b65-9c78-af3d58b2da7f, raftlog=8f18dce1-0a3d-4b65-9c78-af3d58b2da7f@group-091950D56227-SegmentedRaftLog:OPENED:c-1,f-1,i0, conf=-1: [8a63e1ae-032e-4bed-9f20-125a11f65413:0.0.0.0:38685, 8f18dce1-0a3d-4b65-9c78-af3d58b2da7f:0.0.0.0:42489, 7b1e61a0-7daf-43dd-99d5-9b325c1d31ae:0.0.0.0:38412], old=null
2019-10-20 17:40:02,730 [8f18dce1-0a3d-4b65-9c78-af3d58b2da7f@group-091950D56227-LeaderElection82] INFO  impl.RaftServerImpl (RaftServerImpl.java:setRole(184)) - 8f18dce1-0a3d-4b65-9c78-af3d58b2da7f@group-091950D56227: changes role from CANDIDATE to FOLLOWER at term 100 for DISCOVERED_A_NEW_TERM
2019-10-20 17:40:02,731 [8f18dce1-0a3d-4b65-9c78-af3d58b2da7f@group-091950D56227-LeaderElection82] INFO  impl.RoleInfo (RoleInfo.java:shutdownLeaderElection(134)) - 8f18dce1-0a3d-4b65-9c78-af3d58b2da7f: shutdown LeaderElection
2019-10-20 17:40:02,731 [8f18dce1-0a3d-4b65-9c78-af3d58b2da7f@group-091950D56227-LeaderElection82] INFO  impl.RoleInfo (RoleInfo.java:updateAndGet(143)) - 8f18dce1-0a3d-4b65-9c78-af3d58b2da7f: start FollowerState
2019-10-20 17:40:02,812 [Thread-629] INFO  impl.FollowerState (FollowerState.java:run(108)) - 8f18dce1-0a3d-4b65-9c78-af3d58b2da7f@group-091950D56227-FollowerState: change to CANDIDATE, lastRpcTime:81ms, electionTimeout:81ms
2019-10-20 17:40:02,812 [Thread-629] INFO  impl.RoleInfo (RoleInfo.java:shutdownFollowerState(121)) - 8f18dce1-0a3d-4b65-9c78-af3d58b2da7f: shutdown FollowerState
2019-10-20 17:40:02,812 [Thread-629] INFO  impl.RaftServerImpl (RaftServerImpl.java:setRole(184)) - 8f18dce1-0a3d-4b65-9c78-af3d58b2da7f@group-091950D56227: changes role from  FOLLOWER to CANDIDATE at term 100 for changeToCandidate
2019-10-20 17:40:02,813 [Thread-629] INFO  impl.RoleInfo (RoleInfo.java:updateAndGet(143)) - 8f18dce1-0a3d-4b65-9c78-af3d58b2da7f: start LeaderElection
2019-10-20 17:40:02,838 [8f18dce1-0a3d-4b65-9c78-af3d58b2da7f@group-091950D56227-LeaderElection83] INFO  impl.LeaderElection (LeaderElection.java:askForVotes(178)) - 8f18dce1-0a3d-4b65-9c78-af3d58b2da7f@group-091950D56227-LeaderElection83: begin an election at term 101 for -1: [8a63e1ae-032e-4bed-9f20-125a11f65413:0.0.0.0:38685, 8f18dce1-0a3d-4b65-9c78-af3d58b2da7f:0.0.0.0:42489, 7b1e61a0-7daf-43dd-99d5-9b325c1d31ae:0.0.0.0:38412], old=null
2019-10-20 17:40:02,841 [grpc-default-executor-2] INFO  impl.RaftServerImpl (RaftServerImpl.java:setRole(184)) - 7b1e61a0-7daf-43dd-99d5-9b325c1d31ae@group-091950D56227: changes role from  FOLLOWER to FOLLOWER at term 101 for recognizeCandidate:8f18dce1-0a3d-4b65-9c78-af3d58b2da7f
2019-10-20 17:40:02,841 [grpc-default-executor-1] INFO  impl.RaftServerImpl (RaftServerImpl.java:setRole(184)) - 8a63e1ae-032e-4bed-9f20-125a11f65413@group-091950D56227: changes role from  FOLLOWER to FOLLOWER at term 101 for recognizeCandidate:8f18dce1-0a3d-4b65-9c78-af3d58b2da7f
2019-10-20 17:40:02,841 [grpc-default-executor-2] INFO  impl.RoleInfo (RoleInfo.java:shutdownFollowerState(121)) - 7b1e61a0-7daf-43dd-99d5-9b325c1d31ae: shutdown FollowerState
2019-10-20 17:40:02,841 [grpc-default-executor-1] INFO  impl.RoleInfo (RoleInfo.java:shutdownFollowerState(121)) - 8a63e1ae-032e-4bed-9f20-125a11f65413: shutdown FollowerState
2019-10-20 17:40:02,841 [Thread-628] INFO  impl.FollowerState (FollowerState.java:run(117)) - 7b1e61a0-7daf-43dd-99d5-9b325c1d31ae@group-091950D56227-FollowerState was interrupted: java.lang.InterruptedException: sleep interrupted
2019-10-20 17:40:02,841 [grpc-default-executor-2] INFO  impl.RoleInfo (RoleInfo.java:updateAndGet(143)) - 7b1e61a0-7daf-43dd-99d5-9b325c1d31ae: start FollowerState
2019-10-20 17:40:02,842 [Thread-627] INFO  impl.FollowerState (FollowerState.java:run(117)) - 8a63e1ae-032e-4bed-9f20-125a11f65413@group-091950D56227-FollowerState was interrupted: java.lang.InterruptedException: sleep interrupted
2019-10-20 17:40:02,842 [grpc-default-executor-1] INFO  impl.RoleInfo (RoleInfo.java:updateAndGet(143)) - 8a63e1ae-032e-4bed-9f20-125a11f65413: start FollowerState
2019-10-20 17:40:02,865 [8f18dce1-0a3d-4b65-9c78-af3d58b2da7f@group-091950D56227-LeaderElection83] INFO  impl.LeaderElection (LeaderElection.java:logAndReturn(56)) - 8f18dce1-0a3d-4b65-9c78-af3d58b2da7f@group-091950D56227-LeaderElection83: Election REJECTED; received 2 response(s) [8f18dce1-0a3d-4b65-9c78-af3d58b2da7f<-8a63e1ae-032e-4bed-9f20-125a11f65413#0:FAIL-t101, 8f18dce1-0a3d-4b65-9c78-af3d58b2da7f<-7b1e61a0-7daf-43dd-99d5-9b325c1d31ae#0:FAIL-t101] and 0 exception(s); 8f18dce1-0a3d-4b65-9c78-af3d58b2da7f@group-091950D56227:t101, leader=null, voted=8f18dce1-0a3d-4b65-9c78-af3d58b2da7f, raftlog=8f18dce1-0a3d-4b65-9c78-af3d58b2da7f@group-091950D56227-SegmentedRaftLog:OPENED:c-1,f-1,i0, conf=-1: [8a63e1ae-032e-4bed-9f20-125a11f65413:0.0.0.0:38685, 8f18dce1-0a3d-4b65-9c78-af3d58b2da7f:0.0.0.0:42489, 7b1e61a0-7daf-43dd-99d5-9b325c1d31ae:0.0.0.0:38412], old=null
2019-10-20 17:40:02,865 [8f18dce1-0a3d-4b65-9c78-af3d58b2da7f@group-091950D56227-LeaderElection83] INFO  impl.RaftServerImpl (RaftServerImpl.java:setRole(184)) - 8f18dce1-0a3d-4b65-9c78-af3d58b2da7f@group-091950D56227: changes role from CANDIDATE to FOLLOWER at term 101 for DISCOVERED_A_NEW_TERM
2019-10-20 17:40:02,865 [8f18dce1-0a3d-4b65-9c78-af3d58b2da7f@group-091950D56227-LeaderElection83] INFO  impl.RoleInfo (RoleInfo.java:shutdownLeaderElection(134)) - 8f18dce1-0a3d-4b65-9c78-af3d58b2da7f: shutdown LeaderElection
2019-10-20 17:40:02,865 [8f18dce1-0a3d-4b65-9c78-af3d58b2da7f@group-091950D56227-LeaderElection83] INFO  impl.RoleInfo (RoleInfo.java:updateAndGet(143)) - 8f18dce1-0a3d-4b65-9c78-af3d58b2da7f: start FollowerState
2019-10-20 17:40:02,919 [Thread-635] INFO  impl.FollowerState (FollowerState.java:run(108)) - 8f18dce1-0a3d-4b65-9c78-af3d58b2da7f@group-091950D56227-FollowerState: change to CANDIDATE, lastRpcTime:53ms, electionTimeout:53ms
2019-10-20 17:40:02,919 [Thread-635] INFO  impl.RoleInfo (RoleInfo.java:shutdownFollowerState(121)) - 8f18dce1-0a3d-4b65-9c78-af3d58b2da7f: shutdown FollowerState
2019-10-20 17:40:02,919 [Thread-635] INFO  impl.RaftServerImpl (RaftServerImpl.java:setRole(184)) - 8f18dce1-0a3d-4b65-9c78-af3d58b2da7f@group-091950D56227: changes role from  FOLLOWER to CANDIDATE at term 101 for changeToCandidate
2019-10-20 17:40:02,919 [Thread-635] INFO  impl.RoleInfo (RoleInfo.java:updateAndGet(143)) - 8f18dce1-0a3d-4b65-9c78-af3d58b2da7f: start LeaderElection
2019-10-20 17:40:02,947 [8f18dce1-0a3d-4b65-9c78-af3d58b2da7f@group-091950D56227-LeaderElection84] INFO  impl.LeaderElection (LeaderElection.java:askForVotes(178)) - 8f18dce1-0a3d-4b65-9c78-af3d58b2da7f@group-091950D56227-LeaderElection84: begin an election at term 102 for -1: [8a63e1ae-032e-4bed-9f20-125a11f65413:0.0.0.0:38685, 8f18dce1-0a3d-4b65-9c78-af3d58b2da7f:0.0.0.0:42489, 7b1e61a0-7daf-43dd-99d5-9b325c1d31ae:0.0.0.0:38412], old=null
2019-10-20 17:40:02,950 [grpc-default-executor-1] INFO  impl.RaftServerImpl (RaftServerImpl.java:setRole(184)) - 8a63e1ae-032e-4bed-9f20-125a11f65413@group-091950D56227: changes role from  FOLLOWER to FOLLOWER at term 102 for recognizeCandidate:8f18dce1-0a3d-4b65-9c78-af3d58b2da7f
2019-10-20 17:40:02,950 [grpc-default-executor-2] INFO  impl.RaftServerImpl (RaftServerImpl.java:setRole(184)) - 7b1e61a0-7daf-43dd-99d5-9b325c1d31ae@group-091950D56227: changes role from  FOLLOWER to FOLLOWER at term 102 for recognizeCandidate:8f18dce1-0a3d-4b65-9c78-af3d58b2da7f
2019-10-20 17:40:02,950 [grpc-default-executor-1] INFO  impl.RoleInfo (RoleInfo.java:shutdownFollowerState(121)) - 8a63e1ae-032e-4bed-9f20-125a11f65413: shutdown FollowerState
2019-10-20 17:40:02,950 [grpc-default-executor-2] INFO  impl.RoleInfo (RoleInfo.java:shutdownFollowerState(121)) - 7b1e61a0-7daf-43dd-99d5-9b325c1d31ae: shutdown FollowerState
2019-10-20 17:40:02,950 [Thread-634] INFO  impl.FollowerState (FollowerState.java:run(117)) - 8a63e1ae-032e-4bed-9f20-125a11f65413@group-091950D56227-FollowerState was interrupted: java.lang.InterruptedException: sleep interrupted
2019-10-20 17:40:02,950 [grpc-default-executor-1] INFO  impl.RoleInfo (RoleInfo.java:updateAndGet(143)) - 8a63e1ae-032e-4bed-9f20-125a11f65413: start FollowerState
2019-10-20 17:40:02,950 [Thread-633] INFO  impl.FollowerState (FollowerState.java:run(117)) - 7b1e61a0-7daf-43dd-99d5-9b325c1d31ae@group-091950D56227-FollowerState was interrupted: java.lang.InterruptedException: sleep interrupted
2019-10-20 17:40:02,950 [grpc-default-executor-2] INFO  impl.RoleInfo (RoleInfo.java:updateAndGet(143)) - 7b1e61a0-7daf-43dd-99d5-9b325c1d31ae: start FollowerState
2019-10-20 17:40:02,990 [8f18dce1-0a3d-4b65-9c78-af3d58b2da7f@group-091950D56227-LeaderElection84] INFO  impl.LeaderElection (LeaderElection.java:logAndReturn(56)) - 8f18dce1-0a3d-4b65-9c78-af3d58b2da7f@group-091950D56227-LeaderElection84: Election REJECTED; received 2 response(s) [8f18dce1-0a3d-4b65-9c78-af3d58b2da7f<-8a63e1ae-032e-4bed-9f20-125a11f65413#0:FAIL-t102, 8f18dce1-0a3d-4b65-9c78-af3d58b2da7f<-7b1e61a0-7daf-43dd-99d5-9b325c1d31ae#0:FAIL-t102] and 0 exception(s); 8f18dce1-0a3d-4b65-9c78-af3d58b2da7f@group-091950D56227:t102, leader=null, voted=8f18dce1-0a3d-4b65-9c78-af3d58b2da7f, raftlog=8f18dce1-0a3d-4b65-9c78-af3d58b2da7f@group-091950D56227-SegmentedRaftLog:OPENED:c-1,f-1,i0, conf=-1: [8a63e1ae-032e-4bed-9f20-125a11f65413:0.0.0.0:38685, 8f18dce1-0a3d-4b65-9c78-af3d58b2da7f:0.0.0.0:42489, 7b1e61a0-7daf-43dd-99d5-9b325c1d31ae:0.0.0.0:38412], old=null
2019-10-20 17:40:02,991 [8f18dce1-0a3d-4b65-9c78-af3d58b2da7f@group-091950D56227-LeaderElection84] INFO  impl.RaftServerImpl (RaftServerImpl.java:setRole(184)) - 8f18dce1-0a3d-4b65-9c78-af3d58b2da7f@group-091950D56227: changes role from CANDIDATE to FOLLOWER at term 102 for DISCOVERED_A_NEW_TERM
2019-10-20 17:40:02,991 [8f18dce1-0a3d-4b65-9c78-af3d58b2da7f@group-091950D56227-LeaderElection84] INFO  impl.RoleInfo (RoleInfo.java:shutdownLeaderElection(134)) - 8f18dce1-0a3d-4b65-9c78-af3d58b2da7f: shutdown LeaderElection
2019-10-20 17:40:02,991 [8f18dce1-0a3d-4b65-9c78-af3d58b2da7f@group-091950D56227-LeaderElection84] INFO  impl.RoleInfo (RoleInfo.java:updateAndGet(143)) - 8f18dce1-0a3d-4b65-9c78-af3d58b2da7f: start FollowerState
2019-10-20 17:40:02,994 [Thread-643] INFO  impl.FollowerState (FollowerState.java:run(108)) - 8f18dce1-0a3d-4b65-9c78-af3d58b2da7f@group-091950D56227-FollowerState: change to CANDIDATE, lastRpcTime:3ms, electionTimeout:3ms
2019-10-20 17:40:02,994 [Thread-643] INFO  impl.RoleInfo (RoleInfo.java:shutdownFollowerState(121)) - 8f18dce1-0a3d-4b65-9c78-af3d58b2da7f: shutdown FollowerState
2019-10-20 17:40:02,995 [Thread-643] INFO  impl.RaftServerImpl (RaftServerImpl.java:setRole(184)) - 8f18dce1-0a3d-4b65-9c78-af3d58b2da7f@group-091950D56227: changes role from  FOLLOWER to CANDIDATE at term 102 for changeToCandidate
2019-10-20 17:40:02,995 [Thread-643] INFO  impl.RoleInfo (RoleInfo.java:updateAndGet(143)) - 8f18dce1-0a3d-4b65-9c78-af3d58b2da7f: start LeaderElection
2019-10-20 17:40:03,023 [8f18dce1-0a3d-4b65-9c78-af3d58b2da7f@group-091950D56227-LeaderElection85] INFO  impl.LeaderElection (LeaderElection.java:askForVotes(178)) - 8f18dce1-0a3d-4b65-9c78-af3d58b2da7f@group-091950D56227-LeaderElection85: begin an election at term 103 for -1: [8a63e1ae-032e-4bed-9f20-125a11f65413:0.0.0.0:38685, 8f18dce1-0a3d-4b65-9c78-af3d58b2da7f:0.0.0.0:42489, 7b1e61a0-7daf-43dd-99d5-9b325c1d31ae:0.0.0.0:38412], old=null
2019-10-20 17:40:03,026 [grpc-default-executor-1] INFO  impl.RaftServerImpl (RaftServerImpl.java:setRole(184)) - 8a63e1ae-032e-4bed-9f20-125a11f65413@group-091950D56227: changes role from  FOLLOWER to FOLLOWER at term 103 for recognizeCandidate:8f18dce1-0a3d-4b65-9c78-af3d58b2da7f
2019-10-20 17:40:03,026 [grpc-default-executor-2] INFO  impl.RaftServerImpl (RaftServerImpl.java:setRole(184)) - 7b1e61a0-7daf-43dd-99d5-9b325c1d31ae@group-091950D56227: changes role from  FOLLOWER to FOLLOWER at term 103 for recognizeCandidate:8f18dce1-0a3d-4b65-9c78-af3d58b2da7f
2019-10-20 17:40:03,026 [grpc-default-executor-1] INFO  impl.RoleInfo (RoleInfo.java:shutdownFollowerState(121)) - 8a63e1ae-032e-4bed-9f20-125a11f65413: shutdown FollowerState
2019-10-20 17:40:03,026 [grpc-default-executor-2] INFO  impl.RoleInfo (RoleInfo.java:shutdownFollowerState(121)) - 7b1e61a0-7daf-43dd-99d5-9b325c1d31ae: shutdown FollowerState
2019-10-20 17:40:03,026 [Thread-639] INFO  impl.FollowerState (FollowerState.java:run(117)) - 8a63e1ae-032e-4bed-9f20-125a11f65413@group-091950D56227-FollowerState was interrupted: java.lang.InterruptedException: sleep interrupted
2019-10-20 17:40:03,026 [grpc-default-executor-1] INFO  impl.RoleInfo (RoleInfo.java:updateAndGet(143)) - 8a63e1ae-032e-4bed-9f20-125a11f65413: start FollowerState
2019-10-20 17:40:03,026 [Thread-640] INFO  impl.FollowerState (FollowerState.java:run(117)) - 7b1e61a0-7daf-43dd-99d5-9b325c1d31ae@group-091950D56227-FollowerState was interrupted: java.lang.InterruptedException: sleep interrupted
2019-10-20 17:40:03,026 [grpc-default-executor-2] INFO  impl.RoleInfo (RoleInfo.java:updateAndGet(143)) - 7b1e61a0-7daf-43dd-99d5-9b325c1d31ae: start FollowerState
2019-10-20 17:40:03,050 [8f18dce1-0a3d-4b65-9c78-af3d58b2da7f@group-091950D56227-LeaderElection85] INFO  impl.LeaderElection (LeaderElection.java:logAndReturn(56)) - 8f18dce1-0a3d-4b65-9c78-af3d58b2da7f@group-091950D56227-LeaderElection85: Election REJECTED; received 2 response(s) [8f18dce1-0a3d-4b65-9c78-af3d58b2da7f<-8a63e1ae-032e-4bed-9f20-125a11f65413#0:FAIL-t103, 8f18dce1-0a3d-4b65-9c78-af3d58b2da7f<-7b1e61a0-7daf-43dd-99d5-9b325c1d31ae#0:FAIL-t103] and 0 exception(s); 8f18dce1-0a3d-4b65-9c78-af3d58b2da7f@group-091950D56227:t103, leader=null, voted=8f18dce1-0a3d-4b65-9c78-af3d58b2da7f, raftlog=8f18dce1-0a3d-4b65-9c78-af3d58b2da7f@group-091950D56227-SegmentedRaftLog:OPENED:c-1,f-1,i0, conf=-1: [8a63e1ae-032e-4bed-9f20-125a11f65413:0.0.0.0:38685, 8f18dce1-0a3d-4b65-9c78-af3d58b2da7f:0.0.0.0:42489, 7b1e61a0-7daf-43dd-99d5-9b325c1d31ae:0.0.0.0:38412], old=null
2019-10-20 17:40:03,050 [8f18dce1-0a3d-4b65-9c78-af3d58b2da7f@group-091950D56227-LeaderElection85] INFO  impl.RaftServerImpl (RaftServerImpl.java:setRole(184)) - 8f18dce1-0a3d-4b65-9c78-af3d58b2da7f@group-091950D56227: changes role from CANDIDATE to FOLLOWER at term 103 for DISCOVERED_A_NEW_TERM
2019-10-20 17:40:03,050 [8f18dce1-0a3d-4b65-9c78-af3d58b2da7f@group-091950D56227-LeaderElection85] INFO  impl.RoleInfo (RoleInfo.java:shutdownLeaderElection(134)) - 8f18dce1-0a3d-4b65-9c78-af3d58b2da7f: shutdown LeaderElection
2019-10-20 17:40:03,050 [8f18dce1-0a3d-4b65-9c78-af3d58b2da7f@group-091950D56227-LeaderElection85] INFO  impl.RoleInfo (RoleInfo.java:updateAndGet(143)) - 8f18dce1-0a3d-4b65-9c78-af3d58b2da7f: start FollowerState
2019-10-20 17:40:03,251 [Thread-649] INFO  impl.FollowerState (FollowerState.java:run(108)) - 8f18dce1-0a3d-4b65-9c78-af3d58b2da7f@group-091950D56227-FollowerState: change to CANDIDATE, lastRpcTime:200ms, electionTimeout:200ms
2019-10-20 17:40:03,251 [Thread-649] INFO  impl.RoleInfo (RoleInfo.java:shutdownFollowerState(121)) - 8f18dce1-0a3d-4b65-9c78-af3d58b2da7f: shutdown FollowerState
2019-10-20 17:40:03,251 [Thread-649] INFO  impl.RaftServerImpl (RaftServerImpl.java:setRole(184)) - 8f18dce1-0a3d-4b65-9c78-af3d58b2da7f@group-091950D56227: changes role from  FOLLOWER to CANDIDATE at term 103 for changeToCandidate
2019-10-20 17:40:03,251 [Thread-649] INFO  impl.RoleInfo (RoleInfo.java:updateAndGet(143)) - 8f18dce1-0a3d-4b65-9c78-af3d58b2da7f: start LeaderElection
2019-10-20 17:40:03,284 [8f18dce1-0a3d-4b65-9c78-af3d58b2da7f@group-091950D56227-LeaderElection86] INFO  impl.LeaderElection (LeaderElection.java:askForVotes(178)) - 8f18dce1-0a3d-4b65-9c78-af3d58b2da7f@group-091950D56227-LeaderElection86: begin an election at term 104 for -1: [8a63e1ae-032e-4bed-9f20-125a11f65413:0.0.0.0:38685, 8f18dce1-0a3d-4b65-9c78-af3d58b2da7f:0.0.0.0:42489, 7b1e61a0-7daf-43dd-99d5-9b325c1d31ae:0.0.0.0:38412], old=null
2019-10-20 17:40:03,286 [grpc-default-executor-1] INFO  impl.RaftServerImpl (RaftServerImpl.java:setRole(184)) - 8a63e1ae-032e-4bed-9f20-125a11f65413@group-091950D56227: changes role from  FOLLOWER to FOLLOWER at term 104 for recognizeCandidate:8f18dce1-0a3d-4b65-9c78-af3d58b2da7f
2019-10-20 17:40:03,286 [grpc-default-executor-2] INFO  impl.RaftServerImpl (RaftServerImpl.java:setRole(184)) - 7b1e61a0-7daf-43dd-99d5-9b325c1d31ae@group-091950D56227: changes role from  FOLLOWER to FOLLOWER at term 104 for recognizeCandidate:8f18dce1-0a3d-4b65-9c78-af3d58b2da7f
2019-10-20 17:40:03,286 [grpc-default-executor-1] INFO  impl.RoleInfo (RoleInfo.java:shutdownFollowerState(121)) - 8a63e1ae-032e-4bed-9f20-125a11f65413: shutdown FollowerState
2019-10-20 17:40:03,287 [grpc-default-executor-2] INFO  impl.RoleInfo (RoleInfo.java:shutdownFollowerState(121)) - 7b1e61a0-7daf-43dd-99d5-9b325c1d31ae: shutdown FollowerState
2019-10-20 17:40:03,287 [Thread-647] INFO  impl.FollowerState (FollowerState.java:run(117)) - 8a63e1ae-032e-4bed-9f20-125a11f65413@group-091950D56227-FollowerState was interrupted: java.lang.InterruptedException: sleep interrupted
2019-10-20 17:40:03,287 [grpc-default-executor-1] INFO  impl.RoleInfo (RoleInfo.java:updateAndGet(143)) - 8a63e1ae-032e-4bed-9f20-125a11f65413: start FollowerState
2019-10-20 17:40:03,287 [Thread-648] INFO  impl.FollowerState (FollowerState.java:run(117)) - 7b1e61a0-7daf-43dd-99d5-9b325c1d31ae@group-091950D56227-FollowerState was interrupted: java.lang.InterruptedException: sleep interrupted
2019-10-20 17:40:03,287 [grpc-default-executor-2] INFO  impl.RoleInfo (RoleInfo.java:updateAndGet(143)) - 7b1e61a0-7daf-43dd-99d5-9b325c1d31ae: start FollowerState
2019-10-20 17:40:03,310 [8f18dce1-0a3d-4b65-9c78-af3d58b2da7f@group-091950D56227-LeaderElection86] INFO  impl.LeaderElection (LeaderElection.java:logAndReturn(56)) - 8f18dce1-0a3d-4b65-9c78-af3d58b2da7f@group-091950D56227-LeaderElection86: Election REJECTED; received 2 response(s) [8f18dce1-0a3d-4b65-9c78-af3d58b2da7f<-8a63e1ae-032e-4bed-9f20-125a11f65413#0:FAIL-t104, 8f18dce1-0a3d-4b65-9c78-af3d58b2da7f<-7b1e61a0-7daf-43dd-99d5-9b325c1d31ae#0:FAIL-t104] and 0 exception(s); 8f18dce1-0a3d-4b65-9c78-af3d58b2da7f@group-091950D56227:t104, leader=null, voted=8f18dce1-0a3d-4b65-9c78-af3d58b2da7f, raftlog=8f18dce1-0a3d-4b65-9c78-af3d58b2da7f@group-091950D56227-SegmentedRaftLog:OPENED:c-1,f-1,i0, conf=-1: [8a63e1ae-032e-4bed-9f20-125a11f65413:0.0.0.0:38685, 8f18dce1-0a3d-4b65-9c78-af3d58b2da7f:0.0.0.0:42489, 7b1e61a0-7daf-43dd-99d5-9b325c1d31ae:0.0.0.0:38412], old=null
2019-10-20 17:40:03,310 [8f18dce1-0a3d-4b65-9c78-af3d58b2da7f@group-091950D56227-LeaderElection86] INFO  impl.RaftServerImpl (RaftServerImpl.java:setRole(184)) - 8f18dce1-0a3d-4b65-9c78-af3d58b2da7f@group-091950D56227: changes role from CANDIDATE to FOLLOWER at term 104 for DISCOVERED_A_NEW_TERM
2019-10-20 17:40:03,310 [8f18dce1-0a3d-4b65-9c78-af3d58b2da7f@group-091950D56227-LeaderElection86] INFO  impl.RoleInfo (RoleInfo.java:shutdownLeaderElection(134)) - 8f18dce1-0a3d-4b65-9c78-af3d58b2da7f: shutdown LeaderElection
2019-10-20 17:40:03,311 [8f18dce1-0a3d-4b65-9c78-af3d58b2da7f@group-091950D56227-LeaderElection86] INFO  impl.RoleInfo (RoleInfo.java:updateAndGet(143)) - 8f18dce1-0a3d-4b65-9c78-af3d58b2da7f: start FollowerState
2019-10-20 17:40:03,352 [Thread-655] INFO  impl.FollowerState (FollowerState.java:run(108)) - 8f18dce1-0a3d-4b65-9c78-af3d58b2da7f@group-091950D56227-FollowerState: change to CANDIDATE, lastRpcTime:41ms, electionTimeout:41ms
2019-10-20 17:40:03,352 [Thread-655] INFO  impl.RoleInfo (RoleInfo.java:shutdownFollowerState(121)) - 8f18dce1-0a3d-4b65-9c78-af3d58b2da7f: shutdown FollowerState
2019-10-20 17:40:03,352 [Thread-655] INFO  impl.RaftServerImpl (RaftServerImpl.java:setRole(184)) - 8f18dce1-0a3d-4b65-9c78-af3d58b2da7f@group-091950D56227: changes role from  FOLLOWER to CANDIDATE at term 104 for changeToCandidate
2019-10-20 17:40:03,352 [Thread-655] INFO  impl.RoleInfo (RoleInfo.java:updateAndGet(143)) - 8f18dce1-0a3d-4b65-9c78-af3d58b2da7f: start LeaderElection
2019-10-20 17:40:03,376 [8f18dce1-0a3d-4b65-9c78-af3d58b2da7f@group-091950D56227-LeaderElection87] INFO  impl.LeaderElection (LeaderElection.java:askForVotes(178)) - 8f18dce1-0a3d-4b65-9c78-af3d58b2da7f@group-091950D56227-LeaderElection87: begin an election at term 105 for -1: [8a63e1ae-032e-4bed-9f20-125a11f65413:0.0.0.0:38685, 8f18dce1-0a3d-4b65-9c78-af3d58b2da7f:0.0.0.0:42489, 7b1e61a0-7daf-43dd-99d5-9b325c1d31ae:0.0.0.0:38412], old=null
2019-10-20 17:40:03,379 [grpc-default-executor-2] INFO  impl.RaftServerImpl (RaftServerImpl.java:setRole(184)) - 7b1e61a0-7daf-43dd-99d5-9b325c1d31ae@group-091950D56227: changes role from  FOLLOWER to FOLLOWER at term 105 for recognizeCandidate:8f18dce1-0a3d-4b65-9c78-af3d58b2da7f
2019-10-20 17:40:03,379 [grpc-default-executor-1] INFO  impl.RaftServerImpl (RaftServerImpl.java:setRole(184)) - 8a63e1ae-032e-4bed-9f20-125a11f65413@group-091950D56227: changes role from  FOLLOWER to FOLLOWER at term 105 for recognizeCandidate:8f18dce1-0a3d-4b65-9c78-af3d58b2da7f
2019-10-20 17:40:03,379 [grpc-default-executor-2] INFO  impl.RoleInfo (RoleInfo.java:shutdownFollowerState(121)) - 7b1e61a0-7daf-43dd-99d5-9b325c1d31ae: shutdown FollowerState
2019-10-20 17:40:03,379 [grpc-default-executor-1] INFO  impl.RoleInfo (RoleInfo.java:shutdownFollowerState(121)) - 8a63e1ae-032e-4bed-9f20-125a11f65413: shutdown FollowerState
2019-10-20 17:40:03,379 [Thread-654] INFO  impl.FollowerState (FollowerState.java:run(117)) - 7b1e61a0-7daf-43dd-99d5-9b325c1d31ae@group-091950D56227-FollowerState was interrupted: java.lang.InterruptedException: sleep interrupted
2019-10-20 17:40:03,379 [grpc-default-executor-2] INFO  impl.RoleInfo (RoleInfo.java:updateAndGet(143)) - 7b1e61a0-7daf-43dd-99d5-9b325c1d31ae: start FollowerState
2019-10-20 17:40:03,379 [Thread-653] INFO  impl.FollowerState (FollowerState.java:run(117)) - 8a63e1ae-032e-4bed-9f20-125a11f65413@group-091950D56227-FollowerState was interrupted: java.lang.InterruptedException: sleep interrupted
2019-10-20 17:40:03,379 [grpc-default-executor-1] INFO  impl.RoleInfo (RoleInfo.java:updateAndGet(143)) - 8a63e1ae-032e-4bed-9f20-125a11f65413: start FollowerState
2019-10-20 17:40:03,403 [8f18dce1-0a3d-4b65-9c78-af3d58b2da7f@group-091950D56227-LeaderElection87] INFO  impl.LeaderElection (LeaderElection.java:logAndReturn(56)) - 8f18dce1-0a3d-4b65-9c78-af3d58b2da7f@group-091950D56227-LeaderElection87: Election REJECTED; received 2 response(s) [8f18dce1-0a3d-4b65-9c78-af3d58b2da7f<-8a63e1ae-032e-4bed-9f20-125a11f65413#0:FAIL-t105, 8f18dce1-0a3d-4b65-9c78-af3d58b2da7f<-7b1e61a0-7daf-43dd-99d5-9b325c1d31ae#0:FAIL-t105] and 0 exception(s); 8f18dce1-0a3d-4b65-9c78-af3d58b2da7f@group-091950D56227:t105, leader=null, voted=8f18dce1-0a3d-4b65-9c78-af3d58b2da7f, raftlog=8f18dce1-0a3d-4b65-9c78-af3d58b2da7f@group-091950D56227-SegmentedRaftLog:OPENED:c-1,f-1,i0, conf=-1: [8a63e1ae-032e-4bed-9f20-125a11f65413:0.0.0.0:38685, 8f18dce1-0a3d-4b65-9c78-af3d58b2da7f:0.0.0.0:42489, 7b1e61a0-7daf-43dd-99d5-9b325c1d31ae:0.0.0.0:38412], old=null
2019-10-20 17:40:03,403 [8f18dce1-0a3d-4b65-9c78-af3d58b2da7f@group-091950D56227-LeaderElection87] INFO  impl.RaftServerImpl (RaftServerImpl.java:setRole(184)) - 8f18dce1-0a3d-4b65-9c78-af3d58b2da7f@group-091950D56227: changes role from CANDIDATE to FOLLOWER at term 105 for DISCOVERED_A_NEW_TERM
2019-10-20 17:40:03,403 [8f18dce1-0a3d-4b65-9c78-af3d58b2da7f@group-091950D56227-LeaderElection87] INFO  impl.RoleInfo (RoleInfo.java:shutdownLeaderElection(134)) - 8f18dce1-0a3d-4b65-9c78-af3d58b2da7f: shutdown LeaderElection
2019-10-20 17:40:03,403 [8f18dce1-0a3d-4b65-9c78-af3d58b2da7f@group-091950D56227-LeaderElection87] INFO  impl.RoleInfo (RoleInfo.java:updateAndGet(143)) - 8f18dce1-0a3d-4b65-9c78-af3d58b2da7f: start FollowerState
2019-10-20 17:40:03,437 [Thread-661] INFO  impl.FollowerState (FollowerState.java:run(108)) - 8f18dce1-0a3d-4b65-9c78-af3d58b2da7f@group-091950D56227-FollowerState: change to CANDIDATE, lastRpcTime:33ms, electionTimeout:33ms
2019-10-20 17:40:03,437 [Thread-661] INFO  impl.RoleInfo (RoleInfo.java:shutdownFollowerState(121)) - 8f18dce1-0a3d-4b65-9c78-af3d58b2da7f: shutdown FollowerState
2019-10-20 17:40:03,437 [Thread-661] INFO  impl.RaftServerImpl (RaftServerImpl.java:setRole(184)) - 8f18dce1-0a3d-4b65-9c78-af3d58b2da7f@group-091950D56227: changes role from  FOLLOWER to CANDIDATE at term 105 for changeToCandidate
2019-10-20 17:40:03,437 [Thread-661] INFO  impl.RoleInfo (RoleInfo.java:updateAndGet(143)) - 8f18dce1-0a3d-4b65-9c78-af3d58b2da7f: start LeaderElection
2019-10-20 17:40:03,461 [8f18dce1-0a3d-4b65-9c78-af3d58b2da7f@group-091950D56227-LeaderElection88] INFO  impl.LeaderElection (LeaderElection.java:askForVotes(178)) - 8f18dce1-0a3d-4b65-9c78-af3d58b2da7f@group-091950D56227-LeaderElection88: begin an election at term 106 for -1: [8a63e1ae-032e-4bed-9f20-125a11f65413:0.0.0.0:38685, 8f18dce1-0a3d-4b65-9c78-af3d58b2da7f:0.0.0.0:42489, 7b1e61a0-7daf-43dd-99d5-9b325c1d31ae:0.0.0.0:38412], old=null
2019-10-20 17:40:03,463 [grpc-default-executor-1] INFO  impl.RaftServerImpl (RaftServerImpl.java:setRole(184)) - 8a63e1ae-032e-4bed-9f20-125a11f65413@group-091950D56227: changes role from  FOLLOWER to FOLLOWER at term 106 for recognizeCandidate:8f18dce1-0a3d-4b65-9c78-af3d58b2da7f
2019-10-20 17:40:03,463 [grpc-default-executor-1] INFO  impl.RoleInfo (RoleInfo.java:shutdownFollowerState(121)) - 8a63e1ae-032e-4bed-9f20-125a11f65413: shutdown FollowerState
2019-10-20 17:40:03,463 [grpc-default-executor-2] INFO  impl.RaftServerImpl (RaftServerImpl.java:setRole(184)) - 7b1e61a0-7daf-43dd-99d5-9b325c1d31ae@group-091950D56227: changes role from  FOLLOWER to FOLLOWER at term 106 for recognizeCandidate:8f18dce1-0a3d-4b65-9c78-af3d58b2da7f
2019-10-20 17:40:03,463 [Thread-660] INFO  impl.FollowerState (FollowerState.java:run(117)) - 8a63e1ae-032e-4bed-9f20-125a11f65413@group-091950D56227-FollowerState was interrupted: java.lang.InterruptedException: sleep interrupted
2019-10-20 17:40:03,463 [grpc-default-executor-1] INFO  impl.RoleInfo (RoleInfo.java:updateAndGet(143)) - 8a63e1ae-032e-4bed-9f20-125a11f65413: start FollowerState
2019-10-20 17:40:03,463 [grpc-default-executor-2] INFO  impl.RoleInfo (RoleInfo.java:shutdownFollowerState(121)) - 7b1e61a0-7daf-43dd-99d5-9b325c1d31ae: shutdown FollowerState
2019-10-20 17:40:03,464 [grpc-default-executor-2] INFO  impl.RoleInfo (RoleInfo.java:updateAndGet(143)) - 7b1e61a0-7daf-43dd-99d5-9b325c1d31ae: start FollowerState
2019-10-20 17:40:03,464 [Thread-659] INFO  impl.FollowerState (FollowerState.java:run(117)) - 7b1e61a0-7daf-43dd-99d5-9b325c1d31ae@group-091950D56227-FollowerState was interrupted: java.lang.InterruptedException: sleep interrupted
2019-10-20 17:40:03,487 [8f18dce1-0a3d-4b65-9c78-af3d58b2da7f@group-091950D56227-LeaderElection88] INFO  impl.LeaderElection (LeaderElection.java:logAndReturn(56)) - 8f18dce1-0a3d-4b65-9c78-af3d58b2da7f@group-091950D56227-LeaderElection88: Election REJECTED; received 2 response(s) [8f18dce1-0a3d-4b65-9c78-af3d58b2da7f<-8a63e1ae-032e-4bed-9f20-125a11f65413#0:FAIL-t106, 8f18dce1-0a3d-4b65-9c78-af3d58b2da7f<-7b1e61a0-7daf-43dd-99d5-9b325c1d31ae#0:FAIL-t106] and 0 exception(s); 8f18dce1-0a3d-4b65-9c78-af3d58b2da7f@group-091950D56227:t106, leader=null, voted=8f18dce1-0a3d-4b65-9c78-af3d58b2da7f, raftlog=8f18dce1-0a3d-4b65-9c78-af3d58b2da7f@group-091950D56227-SegmentedRaftLog:OPENED:c-1,f-1,i0, conf=-1: [8a63e1ae-032e-4bed-9f20-125a11f65413:0.0.0.0:38685, 8f18dce1-0a3d-4b65-9c78-af3d58b2da7f:0.0.0.0:42489, 7b1e61a0-7daf-43dd-99d5-9b325c1d31ae:0.0.0.0:38412], old=null
2019-10-20 17:40:03,488 [8f18dce1-0a3d-4b65-9c78-af3d58b2da7f@group-091950D56227-LeaderElection88] INFO  impl.RaftServerImpl (RaftServerImpl.java:setRole(184)) - 8f18dce1-0a3d-4b65-9c78-af3d58b2da7f@group-091950D56227: changes role from CANDIDATE to FOLLOWER at term 106 for DISCOVERED_A_NEW_TERM
2019-10-20 17:40:03,488 [8f18dce1-0a3d-4b65-9c78-af3d58b2da7f@group-091950D56227-LeaderElection88] INFO  impl.RoleInfo (RoleInfo.java:shutdownLeaderElection(134)) - 8f18dce1-0a3d-4b65-9c78-af3d58b2da7f: shutdown LeaderElection
2019-10-20 17:40:03,488 [8f18dce1-0a3d-4b65-9c78-af3d58b2da7f@group-091950D56227-LeaderElection88] INFO  impl.RoleInfo (RoleInfo.java:updateAndGet(143)) - 8f18dce1-0a3d-4b65-9c78-af3d58b2da7f: start FollowerState
2019-10-20 17:40:03,647 [Thread-667] INFO  impl.FollowerState (FollowerState.java:run(108)) - 8f18dce1-0a3d-4b65-9c78-af3d58b2da7f@group-091950D56227-FollowerState: change to CANDIDATE, lastRpcTime:159ms, electionTimeout:159ms
2019-10-20 17:40:03,648 [Thread-667] INFO  impl.RoleInfo (RoleInfo.java:shutdownFollowerState(121)) - 8f18dce1-0a3d-4b65-9c78-af3d58b2da7f: shutdown FollowerState
2019-10-20 17:40:03,648 [Thread-667] INFO  impl.RaftServerImpl (RaftServerImpl.java:setRole(184)) - 8f18dce1-0a3d-4b65-9c78-af3d58b2da7f@group-091950D56227: changes role from  FOLLOWER to CANDIDATE at term 106 for changeToCandidate
2019-10-20 17:40:03,648 [Thread-667] INFO  impl.RoleInfo (RoleInfo.java:updateAndGet(143)) - 8f18dce1-0a3d-4b65-9c78-af3d58b2da7f: start LeaderElection
2019-10-20 17:40:03,678 [8f18dce1-0a3d-4b65-9c78-af3d58b2da7f@group-091950D56227-LeaderElection89] INFO  impl.LeaderElection (LeaderElection.java:askForVotes(178)) - 8f18dce1-0a3d-4b65-9c78-af3d58b2da7f@group-091950D56227-LeaderElection89: begin an election at term 107 for -1: [8a63e1ae-032e-4bed-9f20-125a11f65413:0.0.0.0:38685, 8f18dce1-0a3d-4b65-9c78-af3d58b2da7f:0.0.0.0:42489, 7b1e61a0-7daf-43dd-99d5-9b325c1d31ae:0.0.0.0:38412], old=null
2019-10-20 17:40:03,681 [grpc-default-executor-2] INFO  impl.RaftServerImpl (RaftServerImpl.java:setRole(184)) - 8a63e1ae-032e-4bed-9f20-125a11f65413@group-091950D56227: changes role from  FOLLOWER to FOLLOWER at term 107 for recognizeCandidate:8f18dce1-0a3d-4b65-9c78-af3d58b2da7f
2019-10-20 17:40:03,681 [grpc-default-executor-1] INFO  impl.RaftServerImpl (RaftServerImpl.java:setRole(184)) - 7b1e61a0-7daf-43dd-99d5-9b325c1d31ae@group-091950D56227: changes role from  FOLLOWER to FOLLOWER at term 107 for recognizeCandidate:8f18dce1-0a3d-4b65-9c78-af3d58b2da7f
2019-10-20 17:40:03,681 [grpc-default-executor-2] INFO  impl.RoleInfo (RoleInfo.java:shutdownFollowerState(121)) - 8a63e1ae-032e-4bed-9f20-125a11f65413: shutdown FollowerState
2019-10-20 17:40:03,682 [grpc-default-executor-1] INFO  impl.RoleInfo (RoleInfo.java:shutdownFollowerState(121)) - 7b1e61a0-7daf-43dd-99d5-9b325c1d31ae: shutdown FollowerState
2019-10-20 17:40:03,682 [Thread-665] INFO  impl.FollowerState (FollowerState.java:run(117)) - 8a63e1ae-032e-4bed-9f20-125a11f65413@group-091950D56227-FollowerState was interrupted: java.lang.InterruptedException: sleep interrupted
2019-10-20 17:40:03,682 [grpc-default-executor-2] INFO  impl.RoleInfo (RoleInfo.java:updateAndGet(143)) - 8a63e1ae-032e-4bed-9f20-125a11f65413: start FollowerState
2019-10-20 17:40:03,682 [Thread-666] INFO  impl.FollowerState (FollowerState.java:run(117)) - 7b1e61a0-7daf-43dd-99d5-9b325c1d31ae@group-091950D56227-FollowerState was interrupted: java.lang.InterruptedException: sleep interrupted
2019-10-20 17:40:03,682 [grpc-default-executor-1] INFO  impl.RoleInfo (RoleInfo.java:updateAndGet(143)) - 7b1e61a0-7daf-43dd-99d5-9b325c1d31ae: start FollowerState
2019-10-20 17:40:03,705 [8f18dce1-0a3d-4b65-9c78-af3d58b2da7f@group-091950D56227-LeaderElection89] INFO  impl.LeaderElection (LeaderElection.java:logAndReturn(56)) - 8f18dce1-0a3d-4b65-9c78-af3d58b2da7f@group-091950D56227-LeaderElection89: Election REJECTED; received 2 response(s) [8f18dce1-0a3d-4b65-9c78-af3d58b2da7f<-8a63e1ae-032e-4bed-9f20-125a11f65413#0:FAIL-t107, 8f18dce1-0a3d-4b65-9c78-af3d58b2da7f<-7b1e61a0-7daf-43dd-99d5-9b325c1d31ae#0:FAIL-t107] and 0 exception(s); 8f18dce1-0a3d-4b65-9c78-af3d58b2da7f@group-091950D56227:t107, leader=null, voted=8f18dce1-0a3d-4b65-9c78-af3d58b2da7f, raftlog=8f18dce1-0a3d-4b65-9c78-af3d58b2da7f@group-091950D56227-SegmentedRaftLog:OPENED:c-1,f-1,i0, conf=-1: [8a63e1ae-032e-4bed-9f20-125a11f65413:0.0.0.0:38685, 8f18dce1-0a3d-4b65-9c78-af3d58b2da7f:0.0.0.0:42489, 7b1e61a0-7daf-43dd-99d5-9b325c1d31ae:0.0.0.0:38412], old=null
2019-10-20 17:40:03,705 [8f18dce1-0a3d-4b65-9c78-af3d58b2da7f@group-091950D56227-LeaderElection89] INFO  impl.RaftServerImpl (RaftServerImpl.java:setRole(184)) - 8f18dce1-0a3d-4b65-9c78-af3d58b2da7f@group-091950D56227: changes role from CANDIDATE to FOLLOWER at term 107 for DISCOVERED_A_NEW_TERM
2019-10-20 17:40:03,705 [8f18dce1-0a3d-4b65-9c78-af3d58b2da7f@group-091950D56227-LeaderElection89] INFO  impl.RoleInfo (RoleInfo.java:shutdownLeaderElection(134)) - 8f18dce1-0a3d-4b65-9c78-af3d58b2da7f: shutdown LeaderElection
2019-10-20 17:40:03,705 [8f18dce1-0a3d-4b65-9c78-af3d58b2da7f@group-091950D56227-LeaderElection89] INFO  impl.RoleInfo (RoleInfo.java:updateAndGet(143)) - 8f18dce1-0a3d-4b65-9c78-af3d58b2da7f: start FollowerState
2019-10-20 17:40:03,901 [Thread-673] INFO  impl.FollowerState (FollowerState.java:run(108)) - 8f18dce1-0a3d-4b65-9c78-af3d58b2da7f@group-091950D56227-FollowerState: change to CANDIDATE, lastRpcTime:195ms, electionTimeout:195ms
2019-10-20 17:40:03,901 [Thread-673] INFO  impl.RoleInfo (RoleInfo.java:shutdownFollowerState(121)) - 8f18dce1-0a3d-4b65-9c78-af3d58b2da7f: shutdown FollowerState
2019-10-20 17:40:03,901 [Thread-673] INFO  impl.RaftServerImpl (RaftServerImpl.java:setRole(184)) - 8f18dce1-0a3d-4b65-9c78-af3d58b2da7f@group-091950D56227: changes role from  FOLLOWER to CANDIDATE at term 107 for changeToCandidate
2019-10-20 17:40:03,902 [Thread-673] INFO  impl.RoleInfo (RoleInfo.java:updateAndGet(143)) - 8f18dce1-0a3d-4b65-9c78-af3d58b2da7f: start LeaderElection
2019-10-20 17:40:03,930 [8f18dce1-0a3d-4b65-9c78-af3d58b2da7f@group-091950D56227-LeaderElection90] INFO  impl.LeaderElection (LeaderElection.java:askForVotes(178)) - 8f18dce1-0a3d-4b65-9c78-af3d58b2da7f@group-091950D56227-LeaderElection90: begin an election at term 108 for -1: [8a63e1ae-032e-4bed-9f20-125a11f65413:0.0.0.0:38685, 8f18dce1-0a3d-4b65-9c78-af3d58b2da7f:0.0.0.0:42489, 7b1e61a0-7daf-43dd-99d5-9b325c1d31ae:0.0.0.0:38412], old=null
2019-10-20 17:40:03,935 [grpc-default-executor-1] INFO  impl.RaftServerImpl (RaftServerImpl.java:setRole(184)) - 8a63e1ae-032e-4bed-9f20-125a11f65413@group-091950D56227: changes role from  FOLLOWER to FOLLOWER at term 108 for recognizeCandidate:8f18dce1-0a3d-4b65-9c78-af3d58b2da7f
2019-10-20 17:40:03,935 [grpc-default-executor-2] INFO  impl.RaftServerImpl (RaftServerImpl.java:setRole(184)) - 7b1e61a0-7daf-43dd-99d5-9b325c1d31ae@group-091950D56227: changes role from  FOLLOWER to FOLLOWER at term 108 for recognizeCandidate:8f18dce1-0a3d-4b65-9c78-af3d58b2da7f
2019-10-20 17:40:03,935 [grpc-default-executor-1] INFO  impl.RoleInfo (RoleInfo.java:shutdownFollowerState(121)) - 8a63e1ae-032e-4bed-9f20-125a11f65413: shutdown FollowerState
2019-10-20 17:40:03,935 [grpc-default-executor-2] INFO  impl.RoleInfo (RoleInfo.java:shutdownFollowerState(121)) - 7b1e61a0-7daf-43dd-99d5-9b325c1d31ae: shutdown FollowerState
2019-10-20 17:40:03,936 [Thread-671] INFO  impl.FollowerState (FollowerState.java:run(117)) - 8a63e1ae-032e-4bed-9f20-125a11f65413@group-091950D56227-FollowerState was interrupted: java.lang.InterruptedException: sleep interrupted
2019-10-20 17:40:03,935 [grpc-default-executor-1] INFO  impl.RoleInfo (RoleInfo.java:updateAndGet(143)) - 8a63e1ae-032e-4bed-9f20-125a11f65413: start FollowerState
2019-10-20 17:40:03,936 [Thread-672] INFO  impl.FollowerState (FollowerState.java:run(117)) - 7b1e61a0-7daf-43dd-99d5-9b325c1d31ae@group-091950D56227-FollowerState was interrupted: java.lang.InterruptedException: sleep interrupted
2019-10-20 17:40:03,936 [grpc-default-executor-2] INFO  impl.RoleInfo (RoleInfo.java:updateAndGet(143)) - 7b1e61a0-7daf-43dd-99d5-9b325c1d31ae: start FollowerState
2019-10-20 17:40:03,965 [8f18dce1-0a3d-4b65-9c78-af3d58b2da7f@group-091950D56227-LeaderElection90] INFO  impl.LeaderElection (LeaderElection.java:logAndReturn(56)) - 8f18dce1-0a3d-4b65-9c78-af3d58b2da7f@group-091950D56227-LeaderElection90: Election REJECTED; received 2 response(s) [8f18dce1-0a3d-4b65-9c78-af3d58b2da7f<-8a63e1ae-032e-4bed-9f20-125a11f65413#0:FAIL-t108, 8f18dce1-0a3d-4b65-9c78-af3d58b2da7f<-7b1e61a0-7daf-43dd-99d5-9b325c1d31ae#0:FAIL-t108] and 0 exception(s); 8f18dce1-0a3d-4b65-9c78-af3d58b2da7f@group-091950D56227:t108, leader=null, voted=8f18dce1-0a3d-4b65-9c78-af3d58b2da7f, raftlog=8f18dce1-0a3d-4b65-9c78-af3d58b2da7f@group-091950D56227-SegmentedRaftLog:OPENED:c-1,f-1,i0, conf=-1: [8a63e1ae-032e-4bed-9f20-125a11f65413:0.0.0.0:38685, 8f18dce1-0a3d-4b65-9c78-af3d58b2da7f:0.0.0.0:42489, 7b1e61a0-7daf-43dd-99d5-9b325c1d31ae:0.0.0.0:38412], old=null
2019-10-20 17:40:03,965 [8f18dce1-0a3d-4b65-9c78-af3d58b2da7f@group-091950D56227-LeaderElection90] INFO  impl.RaftServerImpl (RaftServerImpl.java:setRole(184)) - 8f18dce1-0a3d-4b65-9c78-af3d58b2da7f@group-091950D56227: changes role from CANDIDATE to FOLLOWER at term 108 for DISCOVERED_A_NEW_TERM
2019-10-20 17:40:03,965 [8f18dce1-0a3d-4b65-9c78-af3d58b2da7f@group-091950D56227-LeaderElection90] INFO  impl.RoleInfo (RoleInfo.java:shutdownLeaderElection(134)) - 8f18dce1-0a3d-4b65-9c78-af3d58b2da7f: shutdown LeaderElection
2019-10-20 17:40:03,966 [8f18dce1-0a3d-4b65-9c78-af3d58b2da7f@group-091950D56227-LeaderElection90] INFO  impl.RoleInfo (RoleInfo.java:updateAndGet(143)) - 8f18dce1-0a3d-4b65-9c78-af3d58b2da7f: start FollowerState
2019-10-20 17:40:04,007 [Thread-679] INFO  impl.FollowerState (FollowerState.java:run(108)) - 8f18dce1-0a3d-4b65-9c78-af3d58b2da7f@group-091950D56227-FollowerState: change to CANDIDATE, lastRpcTime:41ms, electionTimeout:40ms
2019-10-20 17:40:04,008 [Thread-679] INFO  impl.RoleInfo (RoleInfo.java:shutdownFollowerState(121)) - 8f18dce1-0a3d-4b65-9c78-af3d58b2da7f: shutdown FollowerState
2019-10-20 17:40:04,008 [Thread-679] INFO  impl.RaftServerImpl (RaftServerImpl.java:setRole(184)) - 8f18dce1-0a3d-4b65-9c78-af3d58b2da7f@group-091950D56227: changes role from  FOLLOWER to CANDIDATE at term 108 for changeToCandidate
2019-10-20 17:40:04,008 [Thread-679] INFO  impl.RoleInfo (RoleInfo.java:updateAndGet(143)) - 8f18dce1-0a3d-4b65-9c78-af3d58b2da7f: start LeaderElection
2019-10-20 17:40:04,039 [8f18dce1-0a3d-4b65-9c78-af3d58b2da7f@group-091950D56227-LeaderElection91] INFO  impl.LeaderElection (LeaderElection.java:askForVotes(178)) - 8f18dce1-0a3d-4b65-9c78-af3d58b2da7f@group-091950D56227-LeaderElection91: begin an election at term 109 for -1: [8a63e1ae-032e-4bed-9f20-125a11f65413:0.0.0.0:38685, 8f18dce1-0a3d-4b65-9c78-af3d58b2da7f:0.0.0.0:42489, 7b1e61a0-7daf-43dd-99d5-9b325c1d31ae:0.0.0.0:38412], old=null
2019-10-20 17:40:04,041 [grpc-default-executor-1] INFO  impl.RaftServerImpl (RaftServerImpl.java:setRole(184)) - 8a63e1ae-032e-4bed-9f20-125a11f65413@group-091950D56227: changes role from  FOLLOWER to FOLLOWER at term 109 for recognizeCandidate:8f18dce1-0a3d-4b65-9c78-af3d58b2da7f
2019-10-20 17:40:04,041 [grpc-default-executor-2] INFO  impl.RaftServerImpl (RaftServerImpl.java:setRole(184)) - 7b1e61a0-7daf-43dd-99d5-9b325c1d31ae@group-091950D56227: changes role from  FOLLOWER to FOLLOWER at term 109 for recognizeCandidate:8f18dce1-0a3d-4b65-9c78-af3d58b2da7f
2019-10-20 17:40:04,041 [grpc-default-executor-1] INFO  impl.RoleInfo (RoleInfo.java:shutdownFollowerState(121)) - 8a63e1ae-032e-4bed-9f20-125a11f65413: shutdown FollowerState
2019-10-20 17:40:04,041 [grpc-default-executor-2] INFO  impl.RoleInfo (RoleInfo.java:shutdownFollowerState(121)) - 7b1e61a0-7daf-43dd-99d5-9b325c1d31ae: shutdown FollowerState
2019-10-20 17:40:04,042 [Thread-677] INFO  impl.FollowerState (FollowerState.java:run(117)) - 8a63e1ae-032e-4bed-9f20-125a11f65413@group-091950D56227-FollowerState was interrupted: java.lang.InterruptedException: sleep interrupted
2019-10-20 17:40:04,042 [grpc-default-executor-1] INFO  impl.RoleInfo (RoleInfo.java:updateAndGet(143)) - 8a63e1ae-032e-4bed-9f20-125a11f65413: start FollowerState
2019-10-20 17:40:04,042 [grpc-default-executor-2] INFO  impl.RoleInfo (RoleInfo.java:updateAndGet(143)) - 7b1e61a0-7daf-43dd-99d5-9b325c1d31ae: start FollowerState
2019-10-20 17:40:04,042 [Thread-678] INFO  impl.FollowerState (FollowerState.java:run(117)) - 7b1e61a0-7daf-43dd-99d5-9b325c1d31ae@group-091950D56227-FollowerState was interrupted: java.lang.InterruptedException: sleep interrupted
2019-10-20 17:40:04,051 [8f18dce1-0a3d-4b65-9c78-af3d58b2da7f@group-091950D56227-LeaderElection91] INFO  impl.LeaderElection (LeaderElection.java:logAndReturn(56)) - 8f18dce1-0a3d-4b65-9c78-af3d58b2da7f@group-091950D56227-LeaderElection91: Election TIMEOUT; received 0 response(s) [] and 0 exception(s); 8f18dce1-0a3d-4b65-9c78-af3d58b2da7f@group-091950D56227:t109, leader=null, voted=8f18dce1-0a3d-4b65-9c78-af3d58b2da7f, raftlog=8f18dce1-0a3d-4b65-9c78-af3d58b2da7f@group-091950D56227-SegmentedRaftLog:OPENED:c-1,f-1,i0, conf=-1: [8a63e1ae-032e-4bed-9f20-125a11f65413:0.0.0.0:38685, 8f18dce1-0a3d-4b65-9c78-af3d58b2da7f:0.0.0.0:42489, 7b1e61a0-7daf-43dd-99d5-9b325c1d31ae:0.0.0.0:38412], old=null
2019-10-20 17:40:04,064 [8f18dce1-0a3d-4b65-9c78-af3d58b2da7f@group-091950D56227-LeaderElection91] INFO  impl.LeaderElection (LeaderElection.java:askForVotes(178)) - 8f18dce1-0a3d-4b65-9c78-af3d58b2da7f@group-091950D56227-LeaderElection91: begin an election at term 110 for -1: [8a63e1ae-032e-4bed-9f20-125a11f65413:0.0.0.0:38685, 8f18dce1-0a3d-4b65-9c78-af3d58b2da7f:0.0.0.0:42489, 7b1e61a0-7daf-43dd-99d5-9b325c1d31ae:0.0.0.0:38412], old=null
2019-10-20 17:40:04,066 [grpc-default-executor-2] INFO  impl.RaftServerImpl (RaftServerImpl.java:setRole(184)) - 8a63e1ae-032e-4bed-9f20-125a11f65413@group-091950D56227: changes role from  FOLLOWER to FOLLOWER at term 110 for recognizeCandidate:8f18dce1-0a3d-4b65-9c78-af3d58b2da7f
2019-10-20 17:40:04,067 [grpc-default-executor-2] INFO  impl.RoleInfo (RoleInfo.java:shutdownFollowerState(121)) - 8a63e1ae-032e-4bed-9f20-125a11f65413: shutdown FollowerState
2019-10-20 17:40:04,067 [grpc-default-executor-2] INFO  impl.RoleInfo (RoleInfo.java:updateAndGet(143)) - 8a63e1ae-032e-4bed-9f20-125a11f65413: start FollowerState
2019-10-20 17:40:04,067 [Thread-685] INFO  impl.FollowerState (FollowerState.java:run(117)) - 8a63e1ae-032e-4bed-9f20-125a11f65413@group-091950D56227-FollowerState was interrupted: java.lang.InterruptedException: sleep interrupted
2019-10-20 17:40:04,067 [grpc-default-executor-1] INFO  impl.RaftServerImpl (RaftServerImpl.java:setRole(184)) - 7b1e61a0-7daf-43dd-99d5-9b325c1d31ae@group-091950D56227: changes role from  FOLLOWER to FOLLOWER at term 110 for recognizeCandidate:8f18dce1-0a3d-4b65-9c78-af3d58b2da7f
2019-10-20 17:40:04,067 [grpc-default-executor-1] INFO  impl.RoleInfo (RoleInfo.java:shutdownFollowerState(121)) - 7b1e61a0-7daf-43dd-99d5-9b325c1d31ae: shutdown FollowerState
2019-10-20 17:40:04,067 [grpc-default-executor-1] INFO  impl.RoleInfo (RoleInfo.java:updateAndGet(143)) - 7b1e61a0-7daf-43dd-99d5-9b325c1d31ae: start FollowerState
2019-10-20 17:40:04,067 [Thread-686] INFO  impl.FollowerState (FollowerState.java:run(117)) - 7b1e61a0-7daf-43dd-99d5-9b325c1d31ae@group-091950D56227-FollowerState was interrupted: java.lang.InterruptedException: sleep interrupted
2019-10-20 17:40:04,091 [8f18dce1-0a3d-4b65-9c78-af3d58b2da7f@group-091950D56227-LeaderElection91] INFO  impl.LeaderElection (LeaderElection.java:logAndReturn(56)) - 8f18dce1-0a3d-4b65-9c78-af3d58b2da7f@group-091950D56227-LeaderElection91: Election REJECTED; received 2 response(s) [8f18dce1-0a3d-4b65-9c78-af3d58b2da7f<-8a63e1ae-032e-4bed-9f20-125a11f65413#0:FAIL-t110, 8f18dce1-0a3d-4b65-9c78-af3d58b2da7f<-7b1e61a0-7daf-43dd-99d5-9b325c1d31ae#0:FAIL-t110] and 0 exception(s); 8f18dce1-0a3d-4b65-9c78-af3d58b2da7f@group-091950D56227:t110, leader=null, voted=8f18dce1-0a3d-4b65-9c78-af3d58b2da7f, raftlog=8f18dce1-0a3d-4b65-9c78-af3d58b2da7f@group-091950D56227-SegmentedRaftLog:OPENED:c-1,f-1,i0, conf=-1: [8a63e1ae-032e-4bed-9f20-125a11f65413:0.0.0.0:38685, 8f18dce1-0a3d-4b65-9c78-af3d58b2da7f:0.0.0.0:42489, 7b1e61a0-7daf-43dd-99d5-9b325c1d31ae:0.0.0.0:38412], old=null
2019-10-20 17:40:04,091 [8f18dce1-0a3d-4b65-9c78-af3d58b2da7f@group-091950D56227-LeaderElection91] INFO  impl.RaftServerImpl (RaftServerImpl.java:setRole(184)) - 8f18dce1-0a3d-4b65-9c78-af3d58b2da7f@group-091950D56227: changes role from CANDIDATE to FOLLOWER at term 110 for DISCOVERED_A_NEW_TERM
2019-10-20 17:40:04,091 [8f18dce1-0a3d-4b65-9c78-af3d58b2da7f@group-091950D56227-LeaderElection91] INFO  impl.RoleInfo (RoleInfo.java:shutdownLeaderElection(134)) - 8f18dce1-0a3d-4b65-9c78-af3d58b2da7f: shutdown LeaderElection
2019-10-20 17:40:04,091 [8f18dce1-0a3d-4b65-9c78-af3d58b2da7f@group-091950D56227-LeaderElection91] INFO  impl.RoleInfo (RoleInfo.java:updateAndGet(143)) - 8f18dce1-0a3d-4b65-9c78-af3d58b2da7f: start FollowerState
2019-10-20 17:40:04,224 [Thread-691] INFO  impl.FollowerState (FollowerState.java:run(108)) - 8f18dce1-0a3d-4b65-9c78-af3d58b2da7f@group-091950D56227-FollowerState: change to CANDIDATE, lastRpcTime:132ms, electionTimeout:132ms
2019-10-20 17:40:04,224 [Thread-691] INFO  impl.RoleInfo (RoleInfo.java:shutdownFollowerState(121)) - 8f18dce1-0a3d-4b65-9c78-af3d58b2da7f: shutdown FollowerState
2019-10-20 17:40:04,224 [Thread-691] INFO  impl.RaftServerImpl (RaftServerImpl.java:setRole(184)) - 8f18dce1-0a3d-4b65-9c78-af3d58b2da7f@group-091950D56227: changes role from  FOLLOWER to CANDIDATE at term 110 for changeToCandidate
2019-10-20 17:40:04,225 [Thread-691] INFO  impl.RoleInfo (RoleInfo.java:updateAndGet(143)) - 8f18dce1-0a3d-4b65-9c78-af3d58b2da7f: start LeaderElection
2019-10-20 17:40:04,249 [8f18dce1-0a3d-4b65-9c78-af3d58b2da7f@group-091950D56227-LeaderElection92] INFO  impl.LeaderElection (LeaderElection.java:askForVotes(178)) - 8f18dce1-0a3d-4b65-9c78-af3d58b2da7f@group-091950D56227-LeaderElection92: begin an election at term 111 for -1: [8a63e1ae-032e-4bed-9f20-125a11f65413:0.0.0.0:38685, 8f18dce1-0a3d-4b65-9c78-af3d58b2da7f:0.0.0.0:42489, 7b1e61a0-7daf-43dd-99d5-9b325c1d31ae:0.0.0.0:38412], old=null
2019-10-20 17:40:04,251 [grpc-default-executor-2] INFO  impl.RaftServerImpl (RaftServerImpl.java:setRole(184)) - 8a63e1ae-032e-4bed-9f20-125a11f65413@group-091950D56227: changes role from  FOLLOWER to FOLLOWER at term 111 for recognizeCandidate:8f18dce1-0a3d-4b65-9c78-af3d58b2da7f
2019-10-20 17:40:04,251 [grpc-default-executor-1] INFO  impl.RaftServerImpl (RaftServerImpl.java:setRole(184)) - 7b1e61a0-7daf-43dd-99d5-9b325c1d31ae@group-091950D56227: changes role from  FOLLOWER to FOLLOWER at term 111 for recognizeCandidate:8f18dce1-0a3d-4b65-9c78-af3d58b2da7f
2019-10-20 17:40:04,251 [grpc-default-executor-2] INFO  impl.RoleInfo (RoleInfo.java:shutdownFollowerState(121)) - 8a63e1ae-032e-4bed-9f20-125a11f65413: shutdown FollowerState
2019-10-20 17:40:04,251 [grpc-default-executor-1] INFO  impl.RoleInfo (RoleInfo.java:shutdownFollowerState(121)) - 7b1e61a0-7daf-43dd-99d5-9b325c1d31ae: shutdown FollowerState
2019-10-20 17:40:04,252 [Thread-689] INFO  impl.FollowerState (FollowerState.java:run(117)) - 8a63e1ae-032e-4bed-9f20-125a11f65413@group-091950D56227-FollowerState was interrupted: java.lang.InterruptedException: sleep interrupted
2019-10-20 17:40:04,252 [Thread-690] INFO  impl.FollowerState (FollowerState.java:run(117)) - 7b1e61a0-7daf-43dd-99d5-9b325c1d31ae@group-091950D56227-FollowerState was interrupted: java.lang.InterruptedException: sleep interrupted
2019-10-20 17:40:04,251 [grpc-default-executor-2] INFO  impl.RoleInfo (RoleInfo.java:updateAndGet(143)) - 8a63e1ae-032e-4bed-9f20-125a11f65413: start FollowerState
2019-10-20 17:40:04,252 [grpc-default-executor-1] INFO  impl.RoleInfo (RoleInfo.java:updateAndGet(143)) - 7b1e61a0-7daf-43dd-99d5-9b325c1d31ae: start FollowerState
2019-10-20 17:40:04,275 [8f18dce1-0a3d-4b65-9c78-af3d58b2da7f@group-091950D56227-LeaderElection92] INFO  impl.LeaderElection (LeaderElection.java:logAndReturn(56)) - 8f18dce1-0a3d-4b65-9c78-af3d58b2da7f@group-091950D56227-LeaderElection92: Election REJECTED; received 2 response(s) [8f18dce1-0a3d-4b65-9c78-af3d58b2da7f<-8a63e1ae-032e-4bed-9f20-125a11f65413#0:FAIL-t111, 8f18dce1-0a3d-4b65-9c78-af3d58b2da7f<-7b1e61a0-7daf-43dd-99d5-9b325c1d31ae#0:FAIL-t111] and 0 exception(s); 8f18dce1-0a3d-4b65-9c78-af3d58b2da7f@group-091950D56227:t111, leader=null, voted=8f18dce1-0a3d-4b65-9c78-af3d58b2da7f, raftlog=8f18dce1-0a3d-4b65-9c78-af3d58b2da7f@group-091950D56227-SegmentedRaftLog:OPENED:c-1,f-1,i0, conf=-1: [8a63e1ae-032e-4bed-9f20-125a11f65413:0.0.0.0:38685, 8f18dce1-0a3d-4b65-9c78-af3d58b2da7f:0.0.0.0:42489, 7b1e61a0-7daf-43dd-99d5-9b325c1d31ae:0.0.0.0:38412], old=null
2019-10-20 17:40:04,275 [8f18dce1-0a3d-4b65-9c78-af3d58b2da7f@group-091950D56227-LeaderElection92] INFO  impl.RaftServerImpl (RaftServerImpl.java:setRole(184)) - 8f18dce1-0a3d-4b65-9c78-af3d58b2da7f@group-091950D56227: changes role from CANDIDATE to FOLLOWER at term 111 for DISCOVERED_A_NEW_TERM
2019-10-20 17:40:04,275 [8f18dce1-0a3d-4b65-9c78-af3d58b2da7f@group-091950D56227-LeaderElection92] INFO  impl.RoleInfo (RoleInfo.java:shutdownLeaderElection(134)) - 8f18dce1-0a3d-4b65-9c78-af3d58b2da7f: shutdown LeaderElection
2019-10-20 17:40:04,275 [8f18dce1-0a3d-4b65-9c78-af3d58b2da7f@group-091950D56227-LeaderElection92] INFO  impl.RoleInfo (RoleInfo.java:updateAndGet(143)) - 8f18dce1-0a3d-4b65-9c78-af3d58b2da7f: start FollowerState
2019-10-20 17:40:04,402 [Thread-697] INFO  impl.FollowerState (FollowerState.java:run(108)) - 8f18dce1-0a3d-4b65-9c78-af3d58b2da7f@group-091950D56227-FollowerState: change to CANDIDATE, lastRpcTime:126ms, electionTimeout:126ms
2019-10-20 17:40:04,402 [Thread-697] INFO  impl.RoleInfo (RoleInfo.java:shutdownFollowerState(121)) - 8f18dce1-0a3d-4b65-9c78-af3d58b2da7f: shutdown FollowerState
2019-10-20 17:40:04,402 [Thread-697] INFO  impl.RaftServerImpl (RaftServerImpl.java:setRole(184)) - 8f18dce1-0a3d-4b65-9c78-af3d58b2da7f@group-091950D56227: changes role from  FOLLOWER to CANDIDATE at term 111 for changeToCandidate
2019-10-20 17:40:04,402 [Thread-697] INFO  impl.RoleInfo (RoleInfo.java:updateAndGet(143)) - 8f18dce1-0a3d-4b65-9c78-af3d58b2da7f: start LeaderElection
2019-10-20 17:40:04,433 [8f18dce1-0a3d-4b65-9c78-af3d58b2da7f@group-091950D56227-LeaderElection93] INFO  impl.LeaderElection (LeaderElection.java:askForVotes(178)) - 8f18dce1-0a3d-4b65-9c78-af3d58b2da7f@group-091950D56227-LeaderElection93: begin an election at term 112 for -1: [8a63e1ae-032e-4bed-9f20-125a11f65413:0.0.0.0:38685, 8f18dce1-0a3d-4b65-9c78-af3d58b2da7f:0.0.0.0:42489, 7b1e61a0-7daf-43dd-99d5-9b325c1d31ae:0.0.0.0:38412], old=null
2019-10-20 17:40:04,435 [grpc-default-executor-2] INFO  impl.RaftServerImpl (RaftServerImpl.java:setRole(184)) - 8a63e1ae-032e-4bed-9f20-125a11f65413@group-091950D56227: changes role from  FOLLOWER to FOLLOWER at term 112 for recognizeCandidate:8f18dce1-0a3d-4b65-9c78-af3d58b2da7f
2019-10-20 17:40:04,435 [grpc-default-executor-1] INFO  impl.RaftServerImpl (RaftServerImpl.java:setRole(184)) - 7b1e61a0-7daf-43dd-99d5-9b325c1d31ae@group-091950D56227: changes role from  FOLLOWER to FOLLOWER at term 112 for recognizeCandidate:8f18dce1-0a3d-4b65-9c78-af3d58b2da7f
2019-10-20 17:40:04,435 [grpc-default-executor-2] INFO  impl.RoleInfo (RoleInfo.java:shutdownFollowerState(121)) - 8a63e1ae-032e-4bed-9f20-125a11f65413: shutdown FollowerState
2019-10-20 17:40:04,435 [grpc-default-executor-1] INFO  impl.RoleInfo (RoleInfo.java:shutdownFollowerState(121)) - 7b1e61a0-7daf-43dd-99d5-9b325c1d31ae: shutdown FollowerState
2019-10-20 17:40:04,435 [Thread-695] INFO  impl.FollowerState (FollowerState.java:run(117)) - 8a63e1ae-032e-4bed-9f20-125a11f65413@group-091950D56227-FollowerState was interrupted: java.lang.InterruptedException: sleep interrupted
2019-10-20 17:40:04,435 [grpc-default-executor-2] INFO  impl.RoleInfo (RoleInfo.java:updateAndGet(143)) - 8a63e1ae-032e-4bed-9f20-125a11f65413: start FollowerState
2019-10-20 17:40:04,435 [Thread-696] INFO  impl.FollowerState (FollowerState.java:run(117)) - 7b1e61a0-7daf-43dd-99d5-9b325c1d31ae@group-091950D56227-FollowerState was interrupted: java.lang.InterruptedException: sleep interrupted
2019-10-20 17:40:04,435 [grpc-default-executor-1] INFO  impl.RoleInfo (RoleInfo.java:updateAndGet(143)) - 7b1e61a0-7daf-43dd-99d5-9b325c1d31ae: start FollowerState
2019-10-20 17:40:04,459 [8f18dce1-0a3d-4b65-9c78-af3d58b2da7f@group-091950D56227-LeaderElection93] INFO  impl.LeaderElection (LeaderElection.java:logAndReturn(56)) - 8f18dce1-0a3d-4b65-9c78-af3d58b2da7f@group-091950D56227-LeaderElection93: Election REJECTED; received 2 response(s) [8f18dce1-0a3d-4b65-9c78-af3d58b2da7f<-8a63e1ae-032e-4bed-9f20-125a11f65413#0:FAIL-t112, 8f18dce1-0a3d-4b65-9c78-af3d58b2da7f<-7b1e61a0-7daf-43dd-99d5-9b325c1d31ae#0:FAIL-t112] and 0 exception(s); 8f18dce1-0a3d-4b65-9c78-af3d58b2da7f@group-091950D56227:t112, leader=null, voted=8f18dce1-0a3d-4b65-9c78-af3d58b2da7f, raftlog=8f18dce1-0a3d-4b65-9c78-af3d58b2da7f@group-091950D56227-SegmentedRaftLog:OPENED:c-1,f-1,i0, conf=-1: [8a63e1ae-032e-4bed-9f20-125a11f65413:0.0.0.0:38685, 8f18dce1-0a3d-4b65-9c78-af3d58b2da7f:0.0.0.0:42489, 7b1e61a0-7daf-43dd-99d5-9b325c1d31ae:0.0.0.0:38412], old=null
2019-10-20 17:40:04,459 [8f18dce1-0a3d-4b65-9c78-af3d58b2da7f@group-091950D56227-LeaderElection93] INFO  impl.RaftServerImpl (RaftServerImpl.java:setRole(184)) - 8f18dce1-0a3d-4b65-9c78-af3d58b2da7f@group-091950D56227: changes role from CANDIDATE to FOLLOWER at term 112 for DISCOVERED_A_NEW_TERM
2019-10-20 17:40:04,460 [8f18dce1-0a3d-4b65-9c78-af3d58b2da7f@group-091950D56227-LeaderElection93] INFO  impl.RoleInfo (RoleInfo.java:shutdownLeaderElection(134)) - 8f18dce1-0a3d-4b65-9c78-af3d58b2da7f: shutdown LeaderElection
2019-10-20 17:40:04,460 [8f18dce1-0a3d-4b65-9c78-af3d58b2da7f@group-091950D56227-LeaderElection93] INFO  impl.RoleInfo (RoleInfo.java:updateAndGet(143)) - 8f18dce1-0a3d-4b65-9c78-af3d58b2da7f: start FollowerState
2019-10-20 17:40:04,534 [Thread-703] INFO  impl.FollowerState (FollowerState.java:run(108)) - 8f18dce1-0a3d-4b65-9c78-af3d58b2da7f@group-091950D56227-FollowerState: change to CANDIDATE, lastRpcTime:74ms, electionTimeout:74ms
2019-10-20 17:40:04,534 [Thread-703] INFO  impl.RoleInfo (RoleInfo.java:shutdownFollowerState(121)) - 8f18dce1-0a3d-4b65-9c78-af3d58b2da7f: shutdown FollowerState
2019-10-20 17:40:04,534 [Thread-703] INFO  impl.RaftServerImpl (RaftServerImpl.java:setRole(184)) - 8f18dce1-0a3d-4b65-9c78-af3d58b2da7f@group-091950D56227: changes role from  FOLLOWER to CANDIDATE at term 112 for changeToCandidate
2019-10-20 17:40:04,535 [Thread-703] INFO  impl.RoleInfo (RoleInfo.java:updateAndGet(143)) - 8f18dce1-0a3d-4b65-9c78-af3d58b2da7f: start LeaderElection
2019-10-20 17:40:04,560 [8f18dce1-0a3d-4b65-9c78-af3d58b2da7f@group-091950D56227-LeaderElection94] INFO  impl.LeaderElection (LeaderElection.java:askForVotes(178)) - 8f18dce1-0a3d-4b65-9c78-af3d58b2da7f@group-091950D56227-LeaderElection94: begin an election at term 113 for -1: [8a63e1ae-032e-4bed-9f20-125a11f65413:0.0.0.0:38685, 8f18dce1-0a3d-4b65-9c78-af3d58b2da7f:0.0.0.0:42489, 7b1e61a0-7daf-43dd-99d5-9b325c1d31ae:0.0.0.0:38412], old=null
2019-10-20 17:40:04,562 [grpc-default-executor-1] INFO  impl.RaftServerImpl (RaftServerImpl.java:setRole(184)) - 8a63e1ae-032e-4bed-9f20-125a11f65413@group-091950D56227: changes role from  FOLLOWER to FOLLOWER at term 113 for recognizeCandidate:8f18dce1-0a3d-4b65-9c78-af3d58b2da7f
2019-10-20 17:40:04,562 [grpc-default-executor-1] INFO  impl.RoleInfo (RoleInfo.java:shutdownFollowerState(121)) - 8a63e1ae-032e-4bed-9f20-125a11f65413: shutdown FollowerState
2019-10-20 17:40:04,563 [grpc-default-executor-1] INFO  impl.RoleInfo (RoleInfo.java:updateAndGet(143)) - 8a63e1ae-032e-4bed-9f20-125a11f65413: start FollowerState
2019-10-20 17:40:04,563 [grpc-default-executor-2] INFO  impl.RaftServerImpl (RaftServerImpl.java:setRole(184)) - 7b1e61a0-7daf-43dd-99d5-9b325c1d31ae@group-091950D56227: changes role from  FOLLOWER to FOLLOWER at term 113 for recognizeCandidate:8f18dce1-0a3d-4b65-9c78-af3d58b2da7f
2019-10-20 17:40:04,563 [grpc-default-executor-2] INFO  impl.RoleInfo (RoleInfo.java:shutdownFollowerState(121)) - 7b1e61a0-7daf-43dd-99d5-9b325c1d31ae: shutdown FollowerState
2019-10-20 17:40:04,563 [Thread-701] INFO  impl.FollowerState (FollowerState.java:run(117)) - 8a63e1ae-032e-4bed-9f20-125a11f65413@group-091950D56227-FollowerState was interrupted: java.lang.InterruptedException: sleep interrupted
2019-10-20 17:40:04,563 [Thread-702] INFO  impl.FollowerState (FollowerState.java:run(117)) - 7b1e61a0-7daf-43dd-99d5-9b325c1d31ae@group-091950D56227-FollowerState was interrupted: java.lang.InterruptedException: sleep interrupted
2019-10-20 17:40:04,563 [grpc-default-executor-2] INFO  impl.RoleInfo (RoleInfo.java:updateAndGet(143)) - 7b1e61a0-7daf-43dd-99d5-9b325c1d31ae: start FollowerState
2019-10-20 17:40:04,586 [8f18dce1-0a3d-4b65-9c78-af3d58b2da7f@group-091950D56227-LeaderElection94] INFO  impl.LeaderElection (LeaderElection.java:logAndReturn(56)) - 8f18dce1-0a3d-4b65-9c78-af3d58b2da7f@group-091950D56227-LeaderElection94: Election REJECTED; received 2 response(s) [8f18dce1-0a3d-4b65-9c78-af3d58b2da7f<-8a63e1ae-032e-4bed-9f20-125a11f65413#0:FAIL-t113, 8f18dce1-0a3d-4b65-9c78-af3d58b2da7f<-7b1e61a0-7daf-43dd-99d5-9b325c1d31ae#0:FAIL-t113] and 0 exception(s); 8f18dce1-0a3d-4b65-9c78-af3d58b2da7f@group-091950D56227:t113, leader=null, voted=8f18dce1-0a3d-4b65-9c78-af3d58b2da7f, raftlog=8f18dce1-0a3d-4b65-9c78-af3d58b2da7f@group-091950D56227-SegmentedRaftLog:OPENED:c-1,f-1,i0, conf=-1: [8a63e1ae-032e-4bed-9f20-125a11f65413:0.0.0.0:38685, 8f18dce1-0a3d-4b65-9c78-af3d58b2da7f:0.0.0.0:42489, 7b1e61a0-7daf-43dd-99d5-9b325c1d31ae:0.0.0.0:38412], old=null
2019-10-20 17:40:04,586 [8f18dce1-0a3d-4b65-9c78-af3d58b2da7f@group-091950D56227-LeaderElection94] INFO  impl.RaftServerImpl (RaftServerImpl.java:setRole(184)) - 8f18dce1-0a3d-4b65-9c78-af3d58b2da7f@group-091950D56227: changes role from CANDIDATE to FOLLOWER at term 113 for DISCOVERED_A_NEW_TERM
2019-10-20 17:40:04,587 [8f18dce1-0a3d-4b65-9c78-af3d58b2da7f@group-091950D56227-LeaderElection94] INFO  impl.RoleInfo (RoleInfo.java:shutdownLeaderElection(134)) - 8f18dce1-0a3d-4b65-9c78-af3d58b2da7f: shutdown LeaderElection
2019-10-20 17:40:04,587 [8f18dce1-0a3d-4b65-9c78-af3d58b2da7f@group-091950D56227-LeaderElection94] INFO  impl.RoleInfo (RoleInfo.java:updateAndGet(143)) - 8f18dce1-0a3d-4b65-9c78-af3d58b2da7f: start FollowerState
2019-10-20 17:40:04,699 [Thread-709] INFO  impl.FollowerState (FollowerState.java:run(108)) - 8f18dce1-0a3d-4b65-9c78-af3d58b2da7f@group-091950D56227-FollowerState: change to CANDIDATE, lastRpcTime:112ms, electionTimeout:112ms
2019-10-20 17:40:04,700 [Thread-709] INFO  impl.RoleInfo (RoleInfo.java:shutdownFollowerState(121)) - 8f18dce1-0a3d-4b65-9c78-af3d58b2da7f: shutdown FollowerState
2019-10-20 17:40:04,700 [Thread-709] INFO  impl.RaftServerImpl (RaftServerImpl.java:setRole(184)) - 8f18dce1-0a3d-4b65-9c78-af3d58b2da7f@group-091950D56227: changes role from  FOLLOWER to CANDIDATE at term 113 for changeToCandidate
2019-10-20 17:40:04,700 [Thread-709] INFO  impl.RoleInfo (RoleInfo.java:updateAndGet(143)) - 8f18dce1-0a3d-4b65-9c78-af3d58b2da7f: start LeaderElection
2019-10-20 17:40:04,728 [8f18dce1-0a3d-4b65-9c78-af3d58b2da7f@group-091950D56227-LeaderElection95] INFO  impl.LeaderElection (LeaderElection.java:askForVotes(178)) - 8f18dce1-0a3d-4b65-9c78-af3d58b2da7f@group-091950D56227-LeaderElection95: begin an election at term 114 for -1: [8a63e1ae-032e-4bed-9f20-125a11f65413:0.0.0.0:38685, 8f18dce1-0a3d-4b65-9c78-af3d58b2da7f:0.0.0.0:42489, 7b1e61a0-7daf-43dd-99d5-9b325c1d31ae:0.0.0.0:38412], old=null
2019-10-20 17:40:04,731 [grpc-default-executor-2] INFO  impl.RaftServerImpl (RaftServerImpl.java:setRole(184)) - 7b1e61a0-7daf-43dd-99d5-9b325c1d31ae@group-091950D56227: changes role from  FOLLOWER to FOLLOWER at term 114 for recognizeCandidate:8f18dce1-0a3d-4b65-9c78-af3d58b2da7f
2019-10-20 17:40:04,732 [grpc-default-executor-1] INFO  impl.RaftServerImpl (RaftServerImpl.java:setRole(184)) - 8a63e1ae-032e-4bed-9f20-125a11f65413@group-091950D56227: changes role from  FOLLOWER to FOLLOWER at term 114 for recognizeCandidate:8f18dce1-0a3d-4b65-9c78-af3d58b2da7f
2019-10-20 17:40:04,732 [grpc-default-executor-2] INFO  impl.RoleInfo (RoleInfo.java:shutdownFollowerState(121)) - 7b1e61a0-7daf-43dd-99d5-9b325c1d31ae: shutdown FollowerState
2019-10-20 17:40:04,732 [grpc-default-executor-1] INFO  impl.RoleInfo (RoleInfo.java:shutdownFollowerState(121)) - 8a63e1ae-032e-4bed-9f20-125a11f65413: shutdown FollowerState
2019-10-20 17:40:04,732 [Thread-708] INFO  impl.FollowerState (FollowerState.java:run(117)) - 7b1e61a0-7daf-43dd-99d5-9b325c1d31ae@group-091950D56227-FollowerState was interrupted: java.lang.InterruptedException: sleep interrupted
2019-10-20 17:40:04,732 [grpc-default-executor-2] INFO  impl.RoleInfo (RoleInfo.java:updateAndGet(143)) - 7b1e61a0-7daf-43dd-99d5-9b325c1d31ae: start FollowerState
2019-10-20 17:40:04,732 [grpc-default-executor-1] INFO  impl.RoleInfo (RoleInfo.java:updateAndGet(143)) - 8a63e1ae-032e-4bed-9f20-125a11f65413: start FollowerState
2019-10-20 17:40:04,732 [Thread-707] INFO  impl.FollowerState (FollowerState.java:run(117)) - 8a63e1ae-032e-4bed-9f20-125a11f65413@group-091950D56227-FollowerState was interrupted: java.lang.InterruptedException: sleep interrupted
2019-10-20 17:40:04,750 [8f18dce1-0a3d-4b65-9c78-af3d58b2da7f@group-091950D56227-LeaderElection95] INFO  impl.LeaderElection (LeaderElection.java:logAndReturn(56)) - 8f18dce1-0a3d-4b65-9c78-af3d58b2da7f@group-091950D56227-LeaderElection95: Election TIMEOUT; received 0 response(s) [] and 0 exception(s); 8f18dce1-0a3d-4b65-9c78-af3d58b2da7f@group-091950D56227:t114, leader=null, voted=8f18dce1-0a3d-4b65-9c78-af3d58b2da7f, raftlog=8f18dce1-0a3d-4b65-9c78-af3d58b2da7f@group-091950D56227-SegmentedRaftLog:OPENED:c-1,f-1,i0, conf=-1: [8a63e1ae-032e-4bed-9f20-125a11f65413:0.0.0.0:38685, 8f18dce1-0a3d-4b65-9c78-af3d58b2da7f:0.0.0.0:42489, 7b1e61a0-7daf-43dd-99d5-9b325c1d31ae:0.0.0.0:38412], old=null
2019-10-20 17:40:04,779 [8f18dce1-0a3d-4b65-9c78-af3d58b2da7f@group-091950D56227-LeaderElection95] INFO  impl.LeaderElection (LeaderElection.java:askForVotes(178)) - 8f18dce1-0a3d-4b65-9c78-af3d58b2da7f@group-091950D56227-LeaderElection95: begin an election at term 115 for -1: [8a63e1ae-032e-4bed-9f20-125a11f65413:0.0.0.0:38685, 8f18dce1-0a3d-4b65-9c78-af3d58b2da7f:0.0.0.0:42489, 7b1e61a0-7daf-43dd-99d5-9b325c1d31ae:0.0.0.0:38412], old=null
2019-10-20 17:40:04,781 [grpc-default-executor-2] INFO  impl.RaftServerImpl (RaftServerImpl.java:setRole(184)) - 7b1e61a0-7daf-43dd-99d5-9b325c1d31ae@group-091950D56227: changes role from  FOLLOWER to FOLLOWER at term 115 for recognizeCandidate:8f18dce1-0a3d-4b65-9c78-af3d58b2da7f
2019-10-20 17:40:04,781 [grpc-default-executor-1] INFO  impl.RaftServerImpl (RaftServerImpl.java:setRole(184)) - 8a63e1ae-032e-4bed-9f20-125a11f65413@group-091950D56227: changes role from  FOLLOWER to FOLLOWER at term 115 for recognizeCandidate:8f18dce1-0a3d-4b65-9c78-af3d58b2da7f
2019-10-20 17:40:04,781 [grpc-default-executor-2] INFO  impl.RoleInfo (RoleInfo.java:shutdownFollowerState(121)) - 7b1e61a0-7daf-43dd-99d5-9b325c1d31ae: shutdown FollowerState
2019-10-20 17:40:04,781 [grpc-default-executor-1] INFO  impl.RoleInfo (RoleInfo.java:shutdownFollowerState(121)) - 8a63e1ae-032e-4bed-9f20-125a11f65413: shutdown FollowerState
2019-10-20 17:40:04,781 [Thread-713] INFO  impl.FollowerState (FollowerState.java:run(117)) - 7b1e61a0-7daf-43dd-99d5-9b325c1d31ae@group-091950D56227-FollowerState was interrupted: java.lang.InterruptedException: sleep interrupted
2019-10-20 17:40:04,781 [grpc-default-executor-2] INFO  impl.RoleInfo (RoleInfo.java:updateAndGet(143)) - 7b1e61a0-7daf-43dd-99d5-9b325c1d31ae: start FollowerState
2019-10-20 17:40:04,781 [Thread-714] INFO  impl.FollowerState (FollowerState.java:run(117)) - 8a63e1ae-032e-4bed-9f20-125a11f65413@group-091950D56227-FollowerState was interrupted: java.lang.InterruptedException: sleep interrupted
2019-10-20 17:40:04,781 [grpc-default-executor-1] INFO  impl.RoleInfo (RoleInfo.java:updateAndGet(143)) - 8a63e1ae-032e-4bed-9f20-125a11f65413: start FollowerState
2019-10-20 17:40:04,805 [8f18dce1-0a3d-4b65-9c78-af3d58b2da7f@group-091950D56227-LeaderElection95] INFO  impl.LeaderElection (LeaderElection.java:logAndReturn(56)) - 8f18dce1-0a3d-4b65-9c78-af3d58b2da7f@group-091950D56227-LeaderElection95: Election REJECTED; received 2 response(s) [8f18dce1-0a3d-4b65-9c78-af3d58b2da7f<-8a63e1ae-032e-4bed-9f20-125a11f65413#0:FAIL-t115, 8f18dce1-0a3d-4b65-9c78-af3d58b2da7f<-7b1e61a0-7daf-43dd-99d5-9b325c1d31ae#0:FAIL-t115] and 0 exception(s); 8f18dce1-0a3d-4b65-9c78-af3d58b2da7f@group-091950D56227:t115, leader=null, voted=8f18dce1-0a3d-4b65-9c78-af3d58b2da7f, raftlog=8f18dce1-0a3d-4b65-9c78-af3d58b2da7f@group-091950D56227-SegmentedRaftLog:OPENED:c-1,f-1,i0, conf=-1: [8a63e1ae-032e-4bed-9f20-125a11f65413:0.0.0.0:38685, 8f18dce1-0a3d-4b65-9c78-af3d58b2da7f:0.0.0.0:42489, 7b1e61a0-7daf-43dd-99d5-9b325c1d31ae:0.0.0.0:38412], old=null
2019-10-20 17:40:04,805 [8f18dce1-0a3d-4b65-9c78-af3d58b2da7f@group-091950D56227-LeaderElection95] INFO  impl.RaftServerImpl (RaftServerImpl.java:setRole(184)) - 8f18dce1-0a3d-4b65-9c78-af3d58b2da7f@group-091950D56227: changes role from CANDIDATE to FOLLOWER at term 115 for DISCOVERED_A_NEW_TERM
2019-10-20 17:40:04,805 [8f18dce1-0a3d-4b65-9c78-af3d58b2da7f@group-091950D56227-LeaderElection95] INFO  impl.RoleInfo (RoleInfo.java:shutdownLeaderElection(134)) - 8f18dce1-0a3d-4b65-9c78-af3d58b2da7f: shutdown LeaderElection
2019-10-20 17:40:04,805 [8f18dce1-0a3d-4b65-9c78-af3d58b2da7f@group-091950D56227-LeaderElection95] INFO  impl.RoleInfo (RoleInfo.java:updateAndGet(143)) - 8f18dce1-0a3d-4b65-9c78-af3d58b2da7f: start FollowerState
2019-10-20 17:40:04,943 [Thread-719] INFO  impl.FollowerState (FollowerState.java:run(108)) - 8f18dce1-0a3d-4b65-9c78-af3d58b2da7f@group-091950D56227-FollowerState: change to CANDIDATE, lastRpcTime:137ms, electionTimeout:137ms
2019-10-20 17:40:04,943 [Thread-719] INFO  impl.RoleInfo (RoleInfo.java:shutdownFollowerState(121)) - 8f18dce1-0a3d-4b65-9c78-af3d58b2da7f: shutdown FollowerState
2019-10-20 17:40:04,943 [Thread-719] INFO  impl.RaftServerImpl (RaftServerImpl.java:setRole(184)) - 8f18dce1-0a3d-4b65-9c78-af3d58b2da7f@group-091950D56227: changes role from  FOLLOWER to CANDIDATE at term 115 for changeToCandidate
2019-10-20 17:40:04,943 [Thread-719] INFO  impl.RoleInfo (RoleInfo.java:updateAndGet(143)) - 8f18dce1-0a3d-4b65-9c78-af3d58b2da7f: start LeaderElection
2019-10-20 17:40:04,971 [8f18dce1-0a3d-4b65-9c78-af3d58b2da7f@group-091950D56227-LeaderElection96] INFO  impl.LeaderElection (LeaderElection.java:askForVotes(178)) - 8f18dce1-0a3d-4b65-9c78-af3d58b2da7f@group-091950D56227-LeaderElection96: begin an election at term 116 for -1: [8a63e1ae-032e-4bed-9f20-125a11f65413:0.0.0.0:38685, 8f18dce1-0a3d-4b65-9c78-af3d58b2da7f:0.0.0.0:42489, 7b1e61a0-7daf-43dd-99d5-9b325c1d31ae:0.0.0.0:38412], old=null
2019-10-20 17:40:04,974 [grpc-default-executor-2] INFO  impl.RaftServerImpl (RaftServerImpl.java:setRole(184)) - 8a63e1ae-032e-4bed-9f20-125a11f65413@group-091950D56227: changes role from  FOLLOWER to FOLLOWER at term 116 for recognizeCandidate:8f18dce1-0a3d-4b65-9c78-af3d58b2da7f
2019-10-20 17:40:04,974 [grpc-default-executor-1] INFO  impl.RaftServerImpl (RaftServerImpl.java:setRole(184)) - 7b1e61a0-7daf-43dd-99d5-9b325c1d31ae@group-091950D56227: changes role from  FOLLOWER to FOLLOWER at term 116 for recognizeCandidate:8f18dce1-0a3d-4b65-9c78-af3d58b2da7f
2019-10-20 17:40:04,974 [grpc-default-executor-2] INFO  impl.RoleInfo (RoleInfo.java:shutdownFollowerState(121)) - 8a63e1ae-032e-4bed-9f20-125a11f65413: shutdown FollowerState
2019-10-20 17:40:04,974 [grpc-default-executor-1] INFO  impl.RoleInfo (RoleInfo.java:shutdownFollowerState(121)) - 7b1e61a0-7daf-43dd-99d5-9b325c1d31ae: shutdown FollowerState
2019-10-20 17:40:04,974 [Thread-718] INFO  impl.FollowerState (FollowerState.java:run(117)) - 8a63e1ae-032e-4bed-9f20-125a11f65413@group-091950D56227-FollowerState was interrupted: java.lang.InterruptedException: sleep interrupted
2019-10-20 17:40:04,974 [grpc-default-executor-2] INFO  impl.RoleInfo (RoleInfo.java:updateAndGet(143)) - 8a63e1ae-032e-4bed-9f20-125a11f65413: start FollowerState
2019-10-20 17:40:04,974 [Thread-717] INFO  impl.FollowerState (FollowerState.java:run(117)) - 7b1e61a0-7daf-43dd-99d5-9b325c1d31ae@group-091950D56227-FollowerState was interrupted: java.lang.InterruptedException: sleep interrupted
2019-10-20 17:40:04,974 [grpc-default-executor-1] INFO  impl.RoleInfo (RoleInfo.java:updateAndGet(143)) - 7b1e61a0-7daf-43dd-99d5-9b325c1d31ae: start FollowerState
2019-10-20 17:40:05,000 [8f18dce1-0a3d-4b65-9c78-af3d58b2da7f@group-091950D56227-LeaderElection96] INFO  impl.LeaderElection (LeaderElection.java:logAndReturn(56)) - 8f18dce1-0a3d-4b65-9c78-af3d58b2da7f@group-091950D56227-LeaderElection96: Election REJECTED; received 2 response(s) [8f18dce1-0a3d-4b65-9c78-af3d58b2da7f<-8a63e1ae-032e-4bed-9f20-125a11f65413#0:FAIL-t116, 8f18dce1-0a3d-4b65-9c78-af3d58b2da7f<-7b1e61a0-7daf-43dd-99d5-9b325c1d31ae#0:FAIL-t116] and 0 exception(s); 8f18dce1-0a3d-4b65-9c78-af3d58b2da7f@group-091950D56227:t116, leader=null, voted=8f18dce1-0a3d-4b65-9c78-af3d58b2da7f, raftlog=8f18dce1-0a3d-4b65-9c78-af3d58b2da7f@group-091950D56227-SegmentedRaftLog:OPENED:c-1,f-1,i0, conf=-1: [8a63e1ae-032e-4bed-9f20-125a11f65413:0.0.0.0:38685, 8f18dce1-0a3d-4b65-9c78-af3d58b2da7f:0.0.0.0:42489, 7b1e61a0-7daf-43dd-99d5-9b325c1d31ae:0.0.0.0:38412], old=null
2019-10-20 17:40:05,001 [8f18dce1-0a3d-4b65-9c78-af3d58b2da7f@group-091950D56227-LeaderElection96] INFO  impl.RaftServerImpl (RaftServerImpl.java:setRole(184)) - 8f18dce1-0a3d-4b65-9c78-af3d58b2da7f@group-091950D56227: changes role from CANDIDATE to FOLLOWER at term 116 for DISCOVERED_A_NEW_TERM
2019-10-20 17:40:05,002 [8f18dce1-0a3d-4b65-9c78-af3d58b2da7f@group-091950D56227-LeaderElection96] INFO  impl.RoleInfo (RoleInfo.java:shutdownLeaderElection(134)) - 8f18dce1-0a3d-4b65-9c78-af3d58b2da7f: shutdown LeaderElection
2019-10-20 17:40:05,002 [8f18dce1-0a3d-4b65-9c78-af3d58b2da7f@group-091950D56227-LeaderElection96] INFO  impl.RoleInfo (RoleInfo.java:updateAndGet(143)) - 8f18dce1-0a3d-4b65-9c78-af3d58b2da7f: start FollowerState
2019-10-20 17:40:05,104 [Thread-727] INFO  impl.FollowerState (FollowerState.java:run(108)) - 8f18dce1-0a3d-4b65-9c78-af3d58b2da7f@group-091950D56227-FollowerState: change to CANDIDATE, lastRpcTime:101ms, electionTimeout:99ms
2019-10-20 17:40:05,104 [Thread-727] INFO  impl.RoleInfo (RoleInfo.java:shutdownFollowerState(121)) - 8f18dce1-0a3d-4b65-9c78-af3d58b2da7f: shutdown FollowerState
2019-10-20 17:40:05,104 [Thread-727] INFO  impl.RaftServerImpl (RaftServerImpl.java:setRole(184)) - 8f18dce1-0a3d-4b65-9c78-af3d58b2da7f@group-091950D56227: changes role from  FOLLOWER to CANDIDATE at term 116 for changeToCandidate
2019-10-20 17:40:05,104 [Thread-727] INFO  impl.RoleInfo (RoleInfo.java:updateAndGet(143)) - 8f18dce1-0a3d-4b65-9c78-af3d58b2da7f: start LeaderElection
2019-10-20 17:40:05,131 [8f18dce1-0a3d-4b65-9c78-af3d58b2da7f@group-091950D56227-LeaderElection97] INFO  impl.LeaderElection (LeaderElection.java:askForVotes(178)) - 8f18dce1-0a3d-4b65-9c78-af3d58b2da7f@group-091950D56227-LeaderElection97: begin an election at term 117 for -1: [8a63e1ae-032e-4bed-9f20-125a11f65413:0.0.0.0:38685, 8f18dce1-0a3d-4b65-9c78-af3d58b2da7f:0.0.0.0:42489, 7b1e61a0-7daf-43dd-99d5-9b325c1d31ae:0.0.0.0:38412], old=null
2019-10-20 17:40:05,133 [grpc-default-executor-2] INFO  impl.RaftServerImpl (RaftServerImpl.java:setRole(184)) - 7b1e61a0-7daf-43dd-99d5-9b325c1d31ae@group-091950D56227: changes role from  FOLLOWER to FOLLOWER at term 117 for recognizeCandidate:8f18dce1-0a3d-4b65-9c78-af3d58b2da7f
2019-10-20 17:40:05,133 [grpc-default-executor-2] INFO  impl.RoleInfo (RoleInfo.java:shutdownFollowerState(121)) - 7b1e61a0-7daf-43dd-99d5-9b325c1d31ae: shutdown FollowerState
2019-10-20 17:40:05,133 [grpc-default-executor-1] INFO  impl.RaftServerImpl (RaftServerImpl.java:setRole(184)) - 8a63e1ae-032e-4bed-9f20-125a11f65413@group-091950D56227: changes role from  FOLLOWER to FOLLOWER at term 117 for recognizeCandidate:8f18dce1-0a3d-4b65-9c78-af3d58b2da7f
2019-10-20 17:40:05,134 [Thread-724] INFO  impl.FollowerState (FollowerState.java:run(117)) - 7b1e61a0-7daf-43dd-99d5-9b325c1d31ae@group-091950D56227-FollowerState was interrupted: java.lang.InterruptedException: sleep interrupted
2019-10-20 17:40:05,133 [grpc-default-executor-2] INFO  impl.RoleInfo (RoleInfo.java:updateAndGet(143)) - 7b1e61a0-7daf-43dd-99d5-9b325c1d31ae: start FollowerState
2019-10-20 17:40:05,134 [grpc-default-executor-1] INFO  impl.RoleInfo (RoleInfo.java:shutdownFollowerState(121)) - 8a63e1ae-032e-4bed-9f20-125a11f65413: shutdown FollowerState
2019-10-20 17:40:05,134 [grpc-default-executor-1] INFO  impl.RoleInfo (RoleInfo.java:updateAndGet(143)) - 8a63e1ae-032e-4bed-9f20-125a11f65413: start FollowerState
2019-10-20 17:40:05,134 [Thread-723] INFO  impl.FollowerState (FollowerState.java:run(117)) - 8a63e1ae-032e-4bed-9f20-125a11f65413@group-091950D56227-FollowerState was interrupted: java.lang.InterruptedException: sleep interrupted
2019-10-20 17:40:05,157 [8f18dce1-0a3d-4b65-9c78-af3d58b2da7f@group-091950D56227-LeaderElection97] INFO  impl.LeaderElection (LeaderElection.java:logAndReturn(56)) - 8f18dce1-0a3d-4b65-9c78-af3d58b2da7f@group-091950D56227-LeaderElection97: Election REJECTED; received 2 response(s) [8f18dce1-0a3d-4b65-9c78-af3d58b2da7f<-8a63e1ae-032e-4bed-9f20-125a11f65413#0:FAIL-t117, 8f18dce1-0a3d-4b65-9c78-af3d58b2da7f<-7b1e61a0-7daf-43dd-99d5-9b325c1d31ae#0:FAIL-t117] and 0 exception(s); 8f18dce1-0a3d-4b65-9c78-af3d58b2da7f@group-091950D56227:t117, leader=null, voted=8f18dce1-0a3d-4b65-9c78-af3d58b2da7f, raftlog=8f18dce1-0a3d-4b65-9c78-af3d58b2da7f@group-091950D56227-SegmentedRaftLog:OPENED:c-1,f-1,i0, conf=-1: [8a63e1ae-032e-4bed-9f20-125a11f65413:0.0.0.0:38685, 8f18dce1-0a3d-4b65-9c78-af3d58b2da7f:0.0.0.0:42489, 7b1e61a0-7daf-43dd-99d5-9b325c1d31ae:0.0.0.0:38412], old=null
2019-10-20 17:40:05,157 [8f18dce1-0a3d-4b65-9c78-af3d58b2da7f@group-091950D56227-LeaderElection97] INFO  impl.RaftServerImpl (RaftServerImpl.java:setRole(184)) - 8f18dce1-0a3d-4b65-9c78-af3d58b2da7f@group-091950D56227: changes role from CANDIDATE to FOLLOWER at term 117 for DISCOVERED_A_NEW_TERM
2019-10-20 17:40:05,157 [8f18dce1-0a3d-4b65-9c78-af3d58b2da7f@group-091950D56227-LeaderElection97] INFO  impl.RoleInfo (RoleInfo.java:shutdownLeaderElection(134)) - 8f18dce1-0a3d-4b65-9c78-af3d58b2da7f: shutdown LeaderElection
2019-10-20 17:40:05,158 [8f18dce1-0a3d-4b65-9c78-af3d58b2da7f@group-091950D56227-LeaderElection97] INFO  impl.RoleInfo (RoleInfo.java:updateAndGet(143)) - 8f18dce1-0a3d-4b65-9c78-af3d58b2da7f: start FollowerState
2019-10-20 17:40:05,202 [Thread-733] INFO  impl.FollowerState (FollowerState.java:run(108)) - 8f18dce1-0a3d-4b65-9c78-af3d58b2da7f@group-091950D56227-FollowerState: change to CANDIDATE, lastRpcTime:44ms, electionTimeout:44ms
2019-10-20 17:40:05,202 [Thread-733] INFO  impl.RoleInfo (RoleInfo.java:shutdownFollowerState(121)) - 8f18dce1-0a3d-4b65-9c78-af3d58b2da7f: shutdown FollowerState
2019-10-20 17:40:05,202 [Thread-733] INFO  impl.RaftServerImpl (RaftServerImpl.java:setRole(184)) - 8f18dce1-0a3d-4b65-9c78-af3d58b2da7f@group-091950D56227: changes role from  FOLLOWER to CANDIDATE at term 117 for changeToCandidate
2019-10-20 17:40:05,202 [Thread-733] INFO  impl.RoleInfo (RoleInfo.java:updateAndGet(143)) - 8f18dce1-0a3d-4b65-9c78-af3d58b2da7f: start LeaderElection
2019-10-20 17:40:05,232 [8f18dce1-0a3d-4b65-9c78-af3d58b2da7f@group-091950D56227-LeaderElection98] INFO  impl.LeaderElection (LeaderElection.java:askForVotes(178)) - 8f18dce1-0a3d-4b65-9c78-af3d58b2da7f@group-091950D56227-LeaderElection98: begin an election at term 118 for -1: [8a63e1ae-032e-4bed-9f20-125a11f65413:0.0.0.0:38685, 8f18dce1-0a3d-4b65-9c78-af3d58b2da7f:0.0.0.0:42489, 7b1e61a0-7daf-43dd-99d5-9b325c1d31ae:0.0.0.0:38412], old=null
2019-10-20 17:40:05,234 [grpc-default-executor-1] INFO  impl.RaftServerImpl (RaftServerImpl.java:setRole(184)) - 8a63e1ae-032e-4bed-9f20-125a11f65413@group-091950D56227: changes role from  FOLLOWER to FOLLOWER at term 118 for recognizeCandidate:8f18dce1-0a3d-4b65-9c78-af3d58b2da7f
2019-10-20 17:40:05,234 [grpc-default-executor-1] INFO  impl.RoleInfo (RoleInfo.java:shutdownFollowerState(121)) - 8a63e1ae-032e-4bed-9f20-125a11f65413: shutdown FollowerState
2019-10-20 17:40:05,234 [grpc-default-executor-2] INFO  impl.RaftServerImpl (RaftServerImpl.java:setRole(184)) - 7b1e61a0-7daf-43dd-99d5-9b325c1d31ae@group-091950D56227: changes role from  FOLLOWER to FOLLOWER at term 118 for recognizeCandidate:8f18dce1-0a3d-4b65-9c78-af3d58b2da7f
2019-10-20 17:40:05,234 [Thread-732] INFO  impl.FollowerState (FollowerState.java:run(117)) - 8a63e1ae-032e-4bed-9f20-125a11f65413@group-091950D56227-FollowerState was interrupted: java.lang.InterruptedException: sleep interrupted
2019-10-20 17:40:05,234 [grpc-default-executor-1] INFO  impl.RoleInfo (RoleInfo.java:updateAndGet(143)) - 8a63e1ae-032e-4bed-9f20-125a11f65413: start FollowerState
2019-10-20 17:40:05,234 [grpc-default-executor-2] INFO  impl.RoleInfo (RoleInfo.java:shutdownFollowerState(121)) - 7b1e61a0-7daf-43dd-99d5-9b325c1d31ae: shutdown FollowerState
2019-10-20 17:40:05,235 [grpc-default-executor-2] INFO  impl.RoleInfo (RoleInfo.java:updateAndGet(143)) - 7b1e61a0-7daf-43dd-99d5-9b325c1d31ae: start FollowerState
2019-10-20 17:40:05,235 [Thread-731] INFO  impl.FollowerState (FollowerState.java:run(117)) - 7b1e61a0-7daf-43dd-99d5-9b325c1d31ae@group-091950D56227-FollowerState was interrupted: java.lang.InterruptedException: sleep interrupted
2019-10-20 17:40:05,258 [8f18dce1-0a3d-4b65-9c78-af3d58b2da7f@group-091950D56227-LeaderElection98] INFO  impl.LeaderElection (LeaderElection.java:logAndReturn(56)) - 8f18dce1-0a3d-4b65-9c78-af3d58b2da7f@group-091950D56227-LeaderElection98: Election REJECTED; received 2 response(s) [8f18dce1-0a3d-4b65-9c78-af3d58b2da7f<-8a63e1ae-032e-4bed-9f20-125a11f65413#0:FAIL-t118, 8f18dce1-0a3d-4b65-9c78-af3d58b2da7f<-7b1e61a0-7daf-43dd-99d5-9b325c1d31ae#0:FAIL-t118] and 0 exception(s); 8f18dce1-0a3d-4b65-9c78-af3d58b2da7f@group-091950D56227:t118, leader=null, voted=8f18dce1-0a3d-4b65-9c78-af3d58b2da7f, raftlog=8f18dce1-0a3d-4b65-9c78-af3d58b2da7f@group-091950D56227-SegmentedRaftLog:OPENED:c-1,f-1,i0, conf=-1: [8a63e1ae-032e-4bed-9f20-125a11f65413:0.0.0.0:38685, 8f18dce1-0a3d-4b65-9c78-af3d58b2da7f:0.0.0.0:42489, 7b1e61a0-7daf-43dd-99d5-9b325c1d31ae:0.0.0.0:38412], old=null
2019-10-20 17:40:05,258 [8f18dce1-0a3d-4b65-9c78-af3d58b2da7f@group-091950D56227-LeaderElection98] INFO  impl.RaftServerImpl (RaftServerImpl.java:setRole(184)) - 8f18dce1-0a3d-4b65-9c78-af3d58b2da7f@group-091950D56227: changes role from CANDIDATE to FOLLOWER at term 118 for DISCOVERED_A_NEW_TERM
2019-10-20 17:40:05,258 [8f18dce1-0a3d-4b65-9c78-af3d58b2da7f@group-091950D56227-LeaderElection98] INFO  impl.RoleInfo (RoleInfo.java:shutdownLeaderElection(134)) - 8f18dce1-0a3d-4b65-9c78-af3d58b2da7f: shutdown LeaderElection
2019-10-20 17:40:05,258 [8f18dce1-0a3d-4b65-9c78-af3d58b2da7f@group-091950D56227-LeaderElection98] INFO  impl.RoleInfo (RoleInfo.java:updateAndGet(143)) - 8f18dce1-0a3d-4b65-9c78-af3d58b2da7f: start FollowerState
2019-10-20 17:40:05,424 [Thread-739] INFO  impl.FollowerState (FollowerState.java:run(108)) - 8f18dce1-0a3d-4b65-9c78-af3d58b2da7f@group-091950D56227-FollowerState: change to CANDIDATE, lastRpcTime:165ms, electionTimeout:165ms
2019-10-20 17:40:05,425 [Thread-739] INFO  impl.RoleInfo (RoleInfo.java:shutdownFollowerState(121)) - 8f18dce1-0a3d-4b65-9c78-af3d58b2da7f: shutdown FollowerState
2019-10-20 17:40:05,426 [Thread-739] INFO  impl.RaftServerImpl (RaftServerImpl.java:setRole(184)) - 8f18dce1-0a3d-4b65-9c78-af3d58b2da7f@group-091950D56227: changes role from  FOLLOWER to CANDIDATE at term 118 for changeToCandidate
2019-10-20 17:40:05,426 [Thread-739] INFO  impl.RoleInfo (RoleInfo.java:updateAndGet(143)) - 8f18dce1-0a3d-4b65-9c78-af3d58b2da7f: start LeaderElection
2019-10-20 17:40:05,458 [8f18dce1-0a3d-4b65-9c78-af3d58b2da7f@group-091950D56227-LeaderElection99] INFO  impl.LeaderElection (LeaderElection.java:askForVotes(178)) - 8f18dce1-0a3d-4b65-9c78-af3d58b2da7f@group-091950D56227-LeaderElection99: begin an election at term 119 for -1: [8a63e1ae-032e-4bed-9f20-125a11f65413:0.0.0.0:38685, 8f18dce1-0a3d-4b65-9c78-af3d58b2da7f:0.0.0.0:42489, 7b1e61a0-7daf-43dd-99d5-9b325c1d31ae:0.0.0.0:38412], old=null
2019-10-20 17:40:05,466 [grpc-default-executor-2] INFO  impl.RaftServerImpl (RaftServerImpl.java:setRole(184)) - 8a63e1ae-032e-4bed-9f20-125a11f65413@group-091950D56227: changes role from  FOLLOWER to FOLLOWER at term 119 for recognizeCandidate:8f18dce1-0a3d-4b65-9c78-af3d58b2da7f
2019-10-20 17:40:05,466 [grpc-default-executor-2] INFO  impl.RoleInfo (RoleInfo.java:shutdownFollowerState(121)) - 8a63e1ae-032e-4bed-9f20-125a11f65413: shutdown FollowerState
2019-10-20 17:40:05,466 [grpc-default-executor-1] INFO  impl.RaftServerImpl (RaftServerImpl.java:setRole(184)) - 7b1e61a0-7daf-43dd-99d5-9b325c1d31ae@group-091950D56227: changes role from  FOLLOWER to FOLLOWER at term 119 for recognizeCandidate:8f18dce1-0a3d-4b65-9c78-af3d58b2da7f
2019-10-20 17:40:05,466 [grpc-default-executor-2] INFO  impl.RoleInfo (RoleInfo.java:updateAndGet(143)) - 8a63e1ae-032e-4bed-9f20-125a11f65413: start FollowerState
2019-10-20 17:40:05,467 [Thread-737] INFO  impl.FollowerState (FollowerState.java:run(117)) - 8a63e1ae-032e-4bed-9f20-125a11f65413@group-091950D56227-FollowerState was interrupted: java.lang.InterruptedException: sleep interrupted
2019-10-20 17:40:05,467 [grpc-default-executor-1] INFO  impl.RoleInfo (RoleInfo.java:shutdownFollowerState(121)) - 7b1e61a0-7daf-43dd-99d5-9b325c1d31ae: shutdown FollowerState
2019-10-20 17:40:05,467 [grpc-default-executor-1] INFO  impl.RoleInfo (RoleInfo.java:updateAndGet(143)) - 7b1e61a0-7daf-43dd-99d5-9b325c1d31ae: start FollowerState
2019-10-20 17:40:05,467 [Thread-738] INFO  impl.FollowerState (FollowerState.java:run(117)) - 7b1e61a0-7daf-43dd-99d5-9b325c1d31ae@group-091950D56227-FollowerState was interrupted: java.lang.InterruptedException: sleep interrupted
2019-10-20 17:40:05,473 [8f18dce1-0a3d-4b65-9c78-af3d58b2da7f@group-091950D56227-LeaderElection99] INFO  impl.LeaderElection (LeaderElection.java:logAndReturn(56)) - 8f18dce1-0a3d-4b65-9c78-af3d58b2da7f@group-091950D56227-LeaderElection99: Election TIMEOUT; received 0 response(s) [] and 0 exception(s); 8f18dce1-0a3d-4b65-9c78-af3d58b2da7f@group-091950D56227:t119, leader=null, voted=8f18dce1-0a3d-4b65-9c78-af3d58b2da7f, raftlog=8f18dce1-0a3d-4b65-9c78-af3d58b2da7f@group-091950D56227-SegmentedRaftLog:OPENED:c-1,f-1,i0, conf=-1: [8a63e1ae-032e-4bed-9f20-125a11f65413:0.0.0.0:38685, 8f18dce1-0a3d-4b65-9c78-af3d58b2da7f:0.0.0.0:42489, 7b1e61a0-7daf-43dd-99d5-9b325c1d31ae:0.0.0.0:38412], old=null
2019-10-20 17:40:05,491 [8f18dce1-0a3d-4b65-9c78-af3d58b2da7f@group-091950D56227-LeaderElection99] INFO  impl.LeaderElection (LeaderElection.java:askForVotes(178)) - 8f18dce1-0a3d-4b65-9c78-af3d58b2da7f@group-091950D56227-LeaderElection99: begin an election at term 120 for -1: [8a63e1ae-032e-4bed-9f20-125a11f65413:0.0.0.0:38685, 8f18dce1-0a3d-4b65-9c78-af3d58b2da7f:0.0.0.0:42489, 7b1e61a0-7daf-43dd-99d5-9b325c1d31ae:0.0.0.0:38412], old=null
2019-10-20 17:40:05,493 [grpc-default-executor-1] INFO  impl.RaftServerImpl (RaftServerImpl.java:setRole(184)) - 8a63e1ae-032e-4bed-9f20-125a11f65413@group-091950D56227: changes role from  FOLLOWER to FOLLOWER at term 120 for recognizeCandidate:8f18dce1-0a3d-4b65-9c78-af3d58b2da7f
2019-10-20 17:40:05,494 [grpc-default-executor-1] INFO  impl.RoleInfo (RoleInfo.java:shutdownFollowerState(121)) - 8a63e1ae-032e-4bed-9f20-125a11f65413: shutdown FollowerState
2019-10-20 17:40:05,494 [grpc-default-executor-2] INFO  impl.RaftServerImpl (RaftServerImpl.java:setRole(184)) - 7b1e61a0-7daf-43dd-99d5-9b325c1d31ae@group-091950D56227: changes role from  FOLLOWER to FOLLOWER at term 120 for recognizeCandidate:8f18dce1-0a3d-4b65-9c78-af3d58b2da7f
2019-10-20 17:40:05,494 [Thread-743] INFO  impl.FollowerState (FollowerState.java:run(117)) - 8a63e1ae-032e-4bed-9f20-125a11f65413@group-091950D56227-FollowerState was interrupted: java.lang.InterruptedException: sleep interrupted
2019-10-20 17:40:05,494 [grpc-default-executor-1] INFO  impl.RoleInfo (RoleInfo.java:updateAndGet(143)) - 8a63e1ae-032e-4bed-9f20-125a11f65413: start FollowerState
2019-10-20 17:40:05,494 [grpc-default-executor-2] INFO  impl.RoleInfo (RoleInfo.java:shutdownFollowerState(121)) - 7b1e61a0-7daf-43dd-99d5-9b325c1d31ae: shutdown FollowerState
2019-10-20 17:40:05,494 [grpc-default-executor-2] INFO  impl.RoleInfo (RoleInfo.java:updateAndGet(143)) - 7b1e61a0-7daf-43dd-99d5-9b325c1d31ae: start FollowerState
2019-10-20 17:40:05,494 [Thread-744] INFO  impl.FollowerState (FollowerState.java:run(117)) - 7b1e61a0-7daf-43dd-99d5-9b325c1d31ae@group-091950D56227-FollowerState was interrupted: java.lang.InterruptedException: sleep interrupted
2019-10-20 17:40:05,518 [8f18dce1-0a3d-4b65-9c78-af3d58b2da7f@group-091950D56227-LeaderElection99] INFO  impl.LeaderElection (LeaderElection.java:logAndReturn(56)) - 8f18dce1-0a3d-4b65-9c78-af3d58b2da7f@group-091950D56227-LeaderElection99: Election REJECTED; received 2 response(s) [8f18dce1-0a3d-4b65-9c78-af3d58b2da7f<-8a63e1ae-032e-4bed-9f20-125a11f65413#0:FAIL-t120, 8f18dce1-0a3d-4b65-9c78-af3d58b2da7f<-7b1e61a0-7daf-43dd-99d5-9b325c1d31ae#0:FAIL-t120] and 0 exception(s); 8f18dce1-0a3d-4b65-9c78-af3d58b2da7f@group-091950D56227:t120, leader=null, voted=8f18dce1-0a3d-4b65-9c78-af3d58b2da7f, raftlog=8f18dce1-0a3d-4b65-9c78-af3d58b2da7f@group-091950D56227-SegmentedRaftLog:OPENED:c-1,f-1,i0, conf=-1: [8a63e1ae-032e-4bed-9f20-125a11f65413:0.0.0.0:38685, 8f18dce1-0a3d-4b65-9c78-af3d58b2da7f:0.0.0.0:42489, 7b1e61a0-7daf-43dd-99d5-9b325c1d31ae:0.0.0.0:38412], old=null
2019-10-20 17:40:05,518 [8f18dce1-0a3d-4b65-9c78-af3d58b2da7f@group-091950D56227-LeaderElection99] INFO  impl.RaftServerImpl (RaftServerImpl.java:setRole(184)) - 8f18dce1-0a3d-4b65-9c78-af3d58b2da7f@group-091950D56227: changes role from CANDIDATE to FOLLOWER at term 120 for DISCOVERED_A_NEW_TERM
2019-10-20 17:40:05,518 [8f18dce1-0a3d-4b65-9c78-af3d58b2da7f@group-091950D56227-LeaderElection99] INFO  impl.RoleInfo (RoleInfo.java:shutdownLeaderElection(134)) - 8f18dce1-0a3d-4b65-9c78-af3d58b2da7f: shutdown LeaderElection
2019-10-20 17:40:05,518 [8f18dce1-0a3d-4b65-9c78-af3d58b2da7f@group-091950D56227-LeaderElection99] INFO  impl.RoleInfo (RoleInfo.java:updateAndGet(143)) - 8f18dce1-0a3d-4b65-9c78-af3d58b2da7f: start FollowerState
2019-10-20 17:40:05,716 [Thread-749] INFO  impl.FollowerState (FollowerState.java:run(108)) - 8f18dce1-0a3d-4b65-9c78-af3d58b2da7f@group-091950D56227-FollowerState: change to CANDIDATE, lastRpcTime:197ms, electionTimeout:197ms
2019-10-20 17:40:05,716 [Thread-749] INFO  impl.RoleInfo (RoleInfo.java:shutdownFollowerState(121)) - 8f18dce1-0a3d-4b65-9c78-af3d58b2da7f: shutdown FollowerState
2019-10-20 17:40:05,716 [Thread-749] INFO  impl.RaftServerImpl (RaftServerImpl.java:setRole(184)) - 8f18dce1-0a3d-4b65-9c78-af3d58b2da7f@group-091950D56227: changes role from  FOLLOWER to CANDIDATE at term 120 for changeToCandidate
2019-10-20 17:40:05,716 [Thread-749] INFO  impl.RoleInfo (RoleInfo.java:updateAndGet(143)) - 8f18dce1-0a3d-4b65-9c78-af3d58b2da7f: start LeaderElection
2019-10-20 17:40:05,740 [8f18dce1-0a3d-4b65-9c78-af3d58b2da7f@group-091950D56227-LeaderElection100] INFO  impl.LeaderElection (LeaderElection.java:askForVotes(178)) - 8f18dce1-0a3d-4b65-9c78-af3d58b2da7f@group-091950D56227-LeaderElection100: begin an election at term 121 for -1: [8a63e1ae-032e-4bed-9f20-125a11f65413:0.0.0.0:38685, 8f18dce1-0a3d-4b65-9c78-af3d58b2da7f:0.0.0.0:42489, 7b1e61a0-7daf-43dd-99d5-9b325c1d31ae:0.0.0.0:38412], old=null
2019-10-20 17:40:05,742 [grpc-default-executor-1] INFO  impl.RaftServerImpl (RaftServerImpl.java:setRole(184)) - 8a63e1ae-032e-4bed-9f20-125a11f65413@group-091950D56227: changes role from  FOLLOWER to FOLLOWER at term 121 for recognizeCandidate:8f18dce1-0a3d-4b65-9c78-af3d58b2da7f
2019-10-20 17:40:05,743 [grpc-default-executor-1] INFO  impl.RoleInfo (RoleInfo.java:shutdownFollowerState(121)) - 8a63e1ae-032e-4bed-9f20-125a11f65413: shutdown FollowerState
2019-10-20 17:40:05,743 [grpc-default-executor-1] INFO  impl.RoleInfo (RoleInfo.java:updateAndGet(143)) - 8a63e1ae-032e-4bed-9f20-125a11f65413: start FollowerState
2019-10-20 17:40:05,743 [Thread-747] INFO  impl.FollowerState (FollowerState.java:run(117)) - 8a63e1ae-032e-4bed-9f20-125a11f65413@group-091950D56227-FollowerState was interrupted: java.lang.InterruptedException: sleep interrupted
2019-10-20 17:40:05,743 [grpc-default-executor-2] INFO  impl.RaftServerImpl (RaftServerImpl.java:setRole(184)) - 7b1e61a0-7daf-43dd-99d5-9b325c1d31ae@group-091950D56227: changes role from  FOLLOWER to FOLLOWER at term 121 for recognizeCandidate:8f18dce1-0a3d-4b65-9c78-af3d58b2da7f
2019-10-20 17:40:05,743 [grpc-default-executor-2] INFO  impl.RoleInfo (RoleInfo.java:shutdownFollowerState(121)) - 7b1e61a0-7daf-43dd-99d5-9b325c1d31ae: shutdown FollowerState
2019-10-20 17:40:05,744 [grpc-default-executor-2] INFO  impl.RoleInfo (RoleInfo.java:updateAndGet(143)) - 7b1e61a0-7daf-43dd-99d5-9b325c1d31ae: start FollowerState
2019-10-20 17:40:05,744 [Thread-748] INFO  impl.FollowerState (FollowerState.java:run(117)) - 7b1e61a0-7daf-43dd-99d5-9b325c1d31ae@group-091950D56227-FollowerState was interrupted: java.lang.InterruptedException: sleep interrupted
2019-10-20 17:40:05,768 [8f18dce1-0a3d-4b65-9c78-af3d58b2da7f@group-091950D56227-LeaderElection100] INFO  impl.LeaderElection (LeaderElection.java:logAndReturn(56)) - 8f18dce1-0a3d-4b65-9c78-af3d58b2da7f@group-091950D56227-LeaderElection100: Election REJECTED; received 2 response(s) [8f18dce1-0a3d-4b65-9c78-af3d58b2da7f<-8a63e1ae-032e-4bed-9f20-125a11f65413#0:FAIL-t121, 8f18dce1-0a3d-4b65-9c78-af3d58b2da7f<-7b1e61a0-7daf-43dd-99d5-9b325c1d31ae#0:FAIL-t121] and 0 exception(s); 8f18dce1-0a3d-4b65-9c78-af3d58b2da7f@group-091950D56227:t121, leader=null, voted=8f18dce1-0a3d-4b65-9c78-af3d58b2da7f, raftlog=8f18dce1-0a3d-4b65-9c78-af3d58b2da7f@group-091950D56227-SegmentedRaftLog:OPENED:c-1,f-1,i0, conf=-1: [8a63e1ae-032e-4bed-9f20-125a11f65413:0.0.0.0:38685, 8f18dce1-0a3d-4b65-9c78-af3d58b2da7f:0.0.0.0:42489, 7b1e61a0-7daf-43dd-99d5-9b325c1d31ae:0.0.0.0:38412], old=null
2019-10-20 17:40:05,768 [8f18dce1-0a3d-4b65-9c78-af3d58b2da7f@group-091950D56227-LeaderElection100] INFO  impl.RaftServerImpl (RaftServerImpl.java:setRole(184)) - 8f18dce1-0a3d-4b65-9c78-af3d58b2da7f@group-091950D56227: changes role from CANDIDATE to FOLLOWER at term 121 for DISCOVERED_A_NEW_TERM
2019-10-20 17:40:05,769 [8f18dce1-0a3d-4b65-9c78-af3d58b2da7f@group-091950D56227-LeaderElection100] INFO  impl.RoleInfo (RoleInfo.java:shutdownLeaderElection(134)) - 8f18dce1-0a3d-4b65-9c78-af3d58b2da7f: shutdown LeaderElection
2019-10-20 17:40:05,769 [8f18dce1-0a3d-4b65-9c78-af3d58b2da7f@group-091950D56227-LeaderElection100] INFO  impl.RoleInfo (RoleInfo.java:updateAndGet(143)) - 8f18dce1-0a3d-4b65-9c78-af3d58b2da7f: start FollowerState
2019-10-20 17:40:05,800 [Thread-755] INFO  impl.FollowerState (FollowerState.java:run(108)) - 8f18dce1-0a3d-4b65-9c78-af3d58b2da7f@group-091950D56227-FollowerState: change to CANDIDATE, lastRpcTime:31ms, electionTimeout:31ms
2019-10-20 17:40:05,800 [Thread-755] INFO  impl.RoleInfo (RoleInfo.java:shutdownFollowerState(121)) - 8f18dce1-0a3d-4b65-9c78-af3d58b2da7f: shutdown FollowerState
2019-10-20 17:40:05,800 [Thread-755] INFO  impl.RaftServerImpl (RaftServerImpl.java:setRole(184)) - 8f18dce1-0a3d-4b65-9c78-af3d58b2da7f@group-091950D56227: changes role from  FOLLOWER to CANDIDATE at term 121 for changeToCandidate
2019-10-20 17:40:05,801 [Thread-755] INFO  impl.RoleInfo (RoleInfo.java:updateAndGet(143)) - 8f18dce1-0a3d-4b65-9c78-af3d58b2da7f: start LeaderElection
2019-10-20 17:40:05,819 [8f18dce1-0a3d-4b65-9c78-af3d58b2da7f@group-091950D56227-LeaderElection101] INFO  impl.LeaderElection (LeaderElection.java:askForVotes(178)) - 8f18dce1-0a3d-4b65-9c78-af3d58b2da7f@group-091950D56227-LeaderElection101: begin an election at term 122 for -1: [8a63e1ae-032e-4bed-9f20-125a11f65413:0.0.0.0:38685, 8f18dce1-0a3d-4b65-9c78-af3d58b2da7f:0.0.0.0:42489, 7b1e61a0-7daf-43dd-99d5-9b325c1d31ae:0.0.0.0:38412], old=null
2019-10-20 17:40:05,821 [grpc-default-executor-1] INFO  impl.RaftServerImpl (RaftServerImpl.java:setRole(184)) - 8a63e1ae-032e-4bed-9f20-125a11f65413@group-091950D56227: changes role from  FOLLOWER to FOLLOWER at term 122 for recognizeCandidate:8f18dce1-0a3d-4b65-9c78-af3d58b2da7f
2019-10-20 17:40:05,822 [grpc-default-executor-1] INFO  impl.RoleInfo (RoleInfo.java:shutdownFollowerState(121)) - 8a63e1ae-032e-4bed-9f20-125a11f65413: shutdown FollowerState
2019-10-20 17:40:05,822 [grpc-default-executor-2] INFO  impl.RaftServerImpl (RaftServerImpl.java:setRole(184)) - 7b1e61a0-7daf-43dd-99d5-9b325c1d31ae@group-091950D56227: changes role from  FOLLOWER to FOLLOWER at term 122 for recognizeCandidate:8f18dce1-0a3d-4b65-9c78-af3d58b2da7f
2019-10-20 17:40:05,822 [Thread-753] INFO  impl.FollowerState (FollowerState.java:run(117)) - 8a63e1ae-032e-4bed-9f20-125a11f65413@group-091950D56227-FollowerState was interrupted: java.lang.InterruptedException: sleep interrupted
2019-10-20 17:40:05,822 [grpc-default-executor-1] INFO  impl.RoleInfo (RoleInfo.java:updateAndGet(143)) - 8a63e1ae-032e-4bed-9f20-125a11f65413: start FollowerState
2019-10-20 17:40:05,822 [grpc-default-executor-2] INFO  impl.RoleInfo (RoleInfo.java:shutdownFollowerState(121)) - 7b1e61a0-7daf-43dd-99d5-9b325c1d31ae: shutdown FollowerState
2019-10-20 17:40:05,822 [grpc-default-executor-2] INFO  impl.RoleInfo (RoleInfo.java:updateAndGet(143)) - 7b1e61a0-7daf-43dd-99d5-9b325c1d31ae: start FollowerState
2019-10-20 17:40:05,822 [Thread-754] INFO  impl.FollowerState (FollowerState.java:run(117)) - 7b1e61a0-7daf-43dd-99d5-9b325c1d31ae@group-091950D56227-FollowerState was interrupted: java.lang.InterruptedException: sleep interrupted
2019-10-20 17:40:05,846 [8f18dce1-0a3d-4b65-9c78-af3d58b2da7f@group-091950D56227-LeaderElection101] INFO  impl.LeaderElection (LeaderElection.java:logAndReturn(56)) - 8f18dce1-0a3d-4b65-9c78-af3d58b2da7f@group-091950D56227-LeaderElection101: Election REJECTED; received 2 response(s) [8f18dce1-0a3d-4b65-9c78-af3d58b2da7f<-8a63e1ae-032e-4bed-9f20-125a11f65413#0:FAIL-t122, 8f18dce1-0a3d-4b65-9c78-af3d58b2da7f<-7b1e61a0-7daf-43dd-99d5-9b325c1d31ae#0:FAIL-t122] and 0 exception(s); 8f18dce1-0a3d-4b65-9c78-af3d58b2da7f@group-091950D56227:t122, leader=null, voted=8f18dce1-0a3d-4b65-9c78-af3d58b2da7f, raftlog=8f18dce1-0a3d-4b65-9c78-af3d58b2da7f@group-091950D56227-SegmentedRaftLog:OPENED:c-1,f-1,i0, conf=-1: [8a63e1ae-032e-4bed-9f20-125a11f65413:0.0.0.0:38685, 8f18dce1-0a3d-4b65-9c78-af3d58b2da7f:0.0.0.0:42489, 7b1e61a0-7daf-43dd-99d5-9b325c1d31ae:0.0.0.0:38412], old=null
2019-10-20 17:40:05,846 [8f18dce1-0a3d-4b65-9c78-af3d58b2da7f@group-091950D56227-LeaderElection101] INFO  impl.RaftServerImpl (RaftServerImpl.java:setRole(184)) - 8f18dce1-0a3d-4b65-9c78-af3d58b2da7f@group-091950D56227: changes role from CANDIDATE to FOLLOWER at term 122 for DISCOVERED_A_NEW_TERM
2019-10-20 17:40:05,846 [8f18dce1-0a3d-4b65-9c78-af3d58b2da7f@group-091950D56227-LeaderElection101] INFO  impl.RoleInfo (RoleInfo.java:shutdownLeaderElection(134)) - 8f18dce1-0a3d-4b65-9c78-af3d58b2da7f: shutdown LeaderElection
2019-10-20 17:40:05,846 [8f18dce1-0a3d-4b65-9c78-af3d58b2da7f@group-091950D56227-LeaderElection101] INFO  impl.RoleInfo (RoleInfo.java:updateAndGet(143)) - 8f18dce1-0a3d-4b65-9c78-af3d58b2da7f: start FollowerState
2019-10-20 17:40:05,971 [Thread-761] INFO  impl.FollowerState (FollowerState.java:run(108)) - 8f18dce1-0a3d-4b65-9c78-af3d58b2da7f@group-091950D56227-FollowerState: change to CANDIDATE, lastRpcTime:124ms, electionTimeout:124ms
2019-10-20 17:40:05,971 [Thread-761] INFO  impl.RoleInfo (RoleInfo.java:shutdownFollowerState(121)) - 8f18dce1-0a3d-4b65-9c78-af3d58b2da7f: shutdown FollowerState
2019-10-20 17:40:05,971 [Thread-761] INFO  impl.RaftServerImpl (RaftServerImpl.java:setRole(184)) - 8f18dce1-0a3d-4b65-9c78-af3d58b2da7f@group-091950D56227: changes role from  FOLLOWER to CANDIDATE at term 122 for changeToCandidate
2019-10-20 17:40:05,971 [Thread-761] INFO  impl.RoleInfo (RoleInfo.java:updateAndGet(143)) - 8f18dce1-0a3d-4b65-9c78-af3d58b2da7f: start LeaderElection
2019-10-20 17:40:05,996 [8f18dce1-0a3d-4b65-9c78-af3d58b2da7f@group-091950D56227-LeaderElection102] INFO  impl.LeaderElection (LeaderElection.java:askForVotes(178)) - 8f18dce1-0a3d-4b65-9c78-af3d58b2da7f@group-091950D56227-LeaderElection102: begin an election at term 123 for -1: [8a63e1ae-032e-4bed-9f20-125a11f65413:0.0.0.0:38685, 8f18dce1-0a3d-4b65-9c78-af3d58b2da7f:0.0.0.0:42489, 7b1e61a0-7daf-43dd-99d5-9b325c1d31ae:0.0.0.0:38412], old=null
2019-10-20 17:40:05,998 [grpc-default-executor-1] INFO  impl.RaftServerImpl (RaftServerImpl.java:setRole(184)) - 8a63e1ae-032e-4bed-9f20-125a11f65413@group-091950D56227: changes role from  FOLLOWER to FOLLOWER at term 123 for recognizeCandidate:8f18dce1-0a3d-4b65-9c78-af3d58b2da7f
2019-10-20 17:40:05,998 [grpc-default-executor-2] INFO  impl.RaftServerImpl (RaftServerImpl.java:setRole(184)) - 7b1e61a0-7daf-43dd-99d5-9b325c1d31ae@group-091950D56227: changes role from  FOLLOWER to FOLLOWER at term 123 for recognizeCandidate:8f18dce1-0a3d-4b65-9c78-af3d58b2da7f
2019-10-20 17:40:05,999 [grpc-default-executor-1] INFO  impl.RoleInfo (RoleInfo.java:shutdownFollowerState(121)) - 8a63e1ae-032e-4bed-9f20-125a11f65413: shutdown FollowerState
2019-10-20 17:40:05,999 [grpc-default-executor-2] INFO  impl.RoleInfo (RoleInfo.java:shutdownFollowerState(121)) - 7b1e61a0-7daf-43dd-99d5-9b325c1d31ae: shutdown FollowerState
2019-10-20 17:40:05,999 [Thread-759] INFO  impl.FollowerState (FollowerState.java:run(117)) - 8a63e1ae-032e-4bed-9f20-125a11f65413@group-091950D56227-FollowerState was interrupted: java.lang.InterruptedException: sleep interrupted
2019-10-20 17:40:05,999 [grpc-default-executor-1] INFO  impl.RoleInfo (RoleInfo.java:updateAndGet(143)) - 8a63e1ae-032e-4bed-9f20-125a11f65413: start FollowerState
2019-10-20 17:40:05,999 [Thread-760] INFO  impl.FollowerState (FollowerState.java:run(117)) - 7b1e61a0-7daf-43dd-99d5-9b325c1d31ae@group-091950D56227-FollowerState was interrupted: java.lang.InterruptedException: sleep interrupted
2019-10-20 17:40:05,999 [grpc-default-executor-2] INFO  impl.RoleInfo (RoleInfo.java:updateAndGet(143)) - 7b1e61a0-7daf-43dd-99d5-9b325c1d31ae: start FollowerState
2019-10-20 17:40:06,023 [8f18dce1-0a3d-4b65-9c78-af3d58b2da7f@group-091950D56227-LeaderElection102] INFO  impl.LeaderElection (LeaderElection.java:logAndReturn(56)) - 8f18dce1-0a3d-4b65-9c78-af3d58b2da7f@group-091950D56227-LeaderElection102: Election REJECTED; received 2 response(s) [8f18dce1-0a3d-4b65-9c78-af3d58b2da7f<-8a63e1ae-032e-4bed-9f20-125a11f65413#0:FAIL-t123, 8f18dce1-0a3d-4b65-9c78-af3d58b2da7f<-7b1e61a0-7daf-43dd-99d5-9b325c1d31ae#0:FAIL-t123] and 0 exception(s); 8f18dce1-0a3d-4b65-9c78-af3d58b2da7f@group-091950D56227:t123, leader=null, voted=8f18dce1-0a3d-4b65-9c78-af3d58b2da7f, raftlog=8f18dce1-0a3d-4b65-9c78-af3d58b2da7f@group-091950D56227-SegmentedRaftLog:OPENED:c-1,f-1,i0, conf=-1: [8a63e1ae-032e-4bed-9f20-125a11f65413:0.0.0.0:38685, 8f18dce1-0a3d-4b65-9c78-af3d58b2da7f:0.0.0.0:42489, 7b1e61a0-7daf-43dd-99d5-9b325c1d31ae:0.0.0.0:38412], old=null
2019-10-20 17:40:06,024 [8f18dce1-0a3d-4b65-9c78-af3d58b2da7f@group-091950D56227-LeaderElection102] INFO  impl.RaftServerImpl (RaftServerImpl.java:setRole(184)) - 8f18dce1-0a3d-4b65-9c78-af3d58b2da7f@group-091950D56227: changes role from CANDIDATE to FOLLOWER at term 123 for DISCOVERED_A_NEW_TERM
2019-10-20 17:40:06,024 [8f18dce1-0a3d-4b65-9c78-af3d58b2da7f@group-091950D56227-LeaderElection102] INFO  impl.RoleInfo (RoleInfo.java:shutdownLeaderElection(134)) - 8f18dce1-0a3d-4b65-9c78-af3d58b2da7f: shutdown LeaderElection
2019-10-20 17:40:06,024 [8f18dce1-0a3d-4b65-9c78-af3d58b2da7f@group-091950D56227-LeaderElection102] INFO  impl.RoleInfo (RoleInfo.java:updateAndGet(143)) - 8f18dce1-0a3d-4b65-9c78-af3d58b2da7f: start FollowerState
2019-10-20 17:40:06,062 [Thread-769] INFO  impl.FollowerState (FollowerState.java:run(108)) - 8f18dce1-0a3d-4b65-9c78-af3d58b2da7f@group-091950D56227-FollowerState: change to CANDIDATE, lastRpcTime:38ms, electionTimeout:38ms
2019-10-20 17:40:06,062 [Thread-769] INFO  impl.RoleInfo (RoleInfo.java:shutdownFollowerState(121)) - 8f18dce1-0a3d-4b65-9c78-af3d58b2da7f: shutdown FollowerState
2019-10-20 17:40:06,063 [Thread-769] INFO  impl.RaftServerImpl (RaftServerImpl.java:setRole(184)) - 8f18dce1-0a3d-4b65-9c78-af3d58b2da7f@group-091950D56227: changes role from  FOLLOWER to CANDIDATE at term 123 for changeToCandidate
2019-10-20 17:40:06,063 [Thread-769] INFO  impl.RoleInfo (RoleInfo.java:updateAndGet(143)) - 8f18dce1-0a3d-4b65-9c78-af3d58b2da7f: start LeaderElection
2019-10-20 17:40:06,087 [8f18dce1-0a3d-4b65-9c78-af3d58b2da7f@group-091950D56227-LeaderElection103] INFO  impl.LeaderElection (LeaderElection.java:askForVotes(178)) - 8f18dce1-0a3d-4b65-9c78-af3d58b2da7f@group-091950D56227-LeaderElection103: begin an election at term 124 for -1: [8a63e1ae-032e-4bed-9f20-125a11f65413:0.0.0.0:38685, 8f18dce1-0a3d-4b65-9c78-af3d58b2da7f:0.0.0.0:42489, 7b1e61a0-7daf-43dd-99d5-9b325c1d31ae:0.0.0.0:38412], old=null
2019-10-20 17:40:06,090 [grpc-default-executor-2] INFO  impl.RaftServerImpl (RaftServerImpl.java:setRole(184)) - 8a63e1ae-032e-4bed-9f20-125a11f65413@group-091950D56227: changes role from  FOLLOWER to FOLLOWER at term 124 for recognizeCandidate:8f18dce1-0a3d-4b65-9c78-af3d58b2da7f
2019-10-20 17:40:06,090 [grpc-default-executor-1] INFO  impl.RaftServerImpl (RaftServerImpl.java:setRole(184)) - 7b1e61a0-7daf-43dd-99d5-9b325c1d31ae@group-091950D56227: changes role from  FOLLOWER to FOLLOWER at term 124 for recognizeCandidate:8f18dce1-0a3d-4b65-9c78-af3d58b2da7f
2019-10-20 17:40:06,090 [grpc-default-executor-2] INFO  impl.RoleInfo (RoleInfo.java:shutdownFollowerState(121)) - 8a63e1ae-032e-4bed-9f20-125a11f65413: shutdown FollowerState
2019-10-20 17:40:06,090 [grpc-default-executor-1] INFO  impl.RoleInfo (RoleInfo.java:shutdownFollowerState(121)) - 7b1e61a0-7daf-43dd-99d5-9b325c1d31ae: shutdown FollowerState
2019-10-20 17:40:06,090 [Thread-765] INFO  impl.FollowerState (FollowerState.java:run(117)) - 8a63e1ae-032e-4bed-9f20-125a11f65413@group-091950D56227-FollowerState was interrupted: java.lang.InterruptedException: sleep interrupted
2019-10-20 17:40:06,090 [grpc-default-executor-2] INFO  impl.RoleInfo (RoleInfo.java:updateAndGet(143)) - 8a63e1ae-032e-4bed-9f20-125a11f65413: start FollowerState
2019-10-20 17:40:06,090 [Thread-766] INFO  impl.FollowerState (FollowerState.java:run(117)) - 7b1e61a0-7daf-43dd-99d5-9b325c1d31ae@group-091950D56227-FollowerState was interrupted: java.lang.InterruptedException: sleep interrupted
2019-10-20 17:40:06,090 [grpc-default-executor-1] INFO  impl.RoleInfo (RoleInfo.java:updateAndGet(143)) - 7b1e61a0-7daf-43dd-99d5-9b325c1d31ae: start FollowerState
2019-10-20 17:40:06,123 [8f18dce1-0a3d-4b65-9c78-af3d58b2da7f@group-091950D56227-LeaderElection103] INFO  impl.LeaderElection (LeaderElection.java:logAndReturn(56)) - 8f18dce1-0a3d-4b65-9c78-af3d58b2da7f@group-091950D56227-LeaderElection103: Election REJECTED; received 2 response(s) [8f18dce1-0a3d-4b65-9c78-af3d58b2da7f<-8a63e1ae-032e-4bed-9f20-125a11f65413#0:FAIL-t124, 8f18dce1-0a3d-4b65-9c78-af3d58b2da7f<-7b1e61a0-7daf-43dd-99d5-9b325c1d31ae#0:FAIL-t124] and 0 exception(s); 8f18dce1-0a3d-4b65-9c78-af3d58b2da7f@group-091950D56227:t124, leader=null, voted=8f18dce1-0a3d-4b65-9c78-af3d58b2da7f, raftlog=8f18dce1-0a3d-4b65-9c78-af3d58b2da7f@group-091950D56227-SegmentedRaftLog:OPENED:c-1,f-1,i0, conf=-1: [8a63e1ae-032e-4bed-9f20-125a11f65413:0.0.0.0:38685, 8f18dce1-0a3d-4b65-9c78-af3d58b2da7f:0.0.0.0:42489, 7b1e61a0-7daf-43dd-99d5-9b325c1d31ae:0.0.0.0:38412], old=null
2019-10-20 17:40:06,123 [8f18dce1-0a3d-4b65-9c78-af3d58b2da7f@group-091950D56227-LeaderElection103] INFO  impl.RaftServerImpl (RaftServerImpl.java:setRole(184)) - 8f18dce1-0a3d-4b65-9c78-af3d58b2da7f@group-091950D56227: changes role from CANDIDATE to FOLLOWER at term 124 for DISCOVERED_A_NEW_TERM
2019-10-20 17:40:06,123 [8f18dce1-0a3d-4b65-9c78-af3d58b2da7f@group-091950D56227-LeaderElection103] INFO  impl.RoleInfo (RoleInfo.java:shutdownLeaderElection(134)) - 8f18dce1-0a3d-4b65-9c78-af3d58b2da7f: shutdown LeaderElection
2019-10-20 17:40:06,124 [8f18dce1-0a3d-4b65-9c78-af3d58b2da7f@group-091950D56227-LeaderElection103] INFO  impl.RoleInfo (RoleInfo.java:updateAndGet(143)) - 8f18dce1-0a3d-4b65-9c78-af3d58b2da7f: start FollowerState
2019-10-20 17:40:06,132 [Thread-775] INFO  impl.FollowerState (FollowerState.java:run(108)) - 8f18dce1-0a3d-4b65-9c78-af3d58b2da7f@group-091950D56227-FollowerState: change to CANDIDATE, lastRpcTime:8ms, electionTimeout:8ms
2019-10-20 17:40:06,132 [Thread-775] INFO  impl.RoleInfo (RoleInfo.java:shutdownFollowerState(121)) - 8f18dce1-0a3d-4b65-9c78-af3d58b2da7f: shutdown FollowerState
2019-10-20 17:40:06,132 [Thread-775] INFO  impl.RaftServerImpl (RaftServerImpl.java:setRole(184)) - 8f18dce1-0a3d-4b65-9c78-af3d58b2da7f@group-091950D56227: changes role from  FOLLOWER to CANDIDATE at term 124 for changeToCandidate
2019-10-20 17:40:06,132 [Thread-775] INFO  impl.RoleInfo (RoleInfo.java:updateAndGet(143)) - 8f18dce1-0a3d-4b65-9c78-af3d58b2da7f: start LeaderElection
2019-10-20 17:40:06,156 [8f18dce1-0a3d-4b65-9c78-af3d58b2da7f@group-091950D56227-LeaderElection104] INFO  impl.LeaderElection (LeaderElection.java:askForVotes(178)) - 8f18dce1-0a3d-4b65-9c78-af3d58b2da7f@group-091950D56227-LeaderElection104: begin an election at term 125 for -1: [8a63e1ae-032e-4bed-9f20-125a11f65413:0.0.0.0:38685, 8f18dce1-0a3d-4b65-9c78-af3d58b2da7f:0.0.0.0:42489, 7b1e61a0-7daf-43dd-99d5-9b325c1d31ae:0.0.0.0:38412], old=null
2019-10-20 17:40:06,158 [grpc-default-executor-1] INFO  impl.RaftServerImpl (RaftServerImpl.java:setRole(184)) - 7b1e61a0-7daf-43dd-99d5-9b325c1d31ae@group-091950D56227: changes role from  FOLLOWER to FOLLOWER at term 125 for recognizeCandidate:8f18dce1-0a3d-4b65-9c78-af3d58b2da7f
2019-10-20 17:40:06,158 [grpc-default-executor-2] INFO  impl.RaftServerImpl (RaftServerImpl.java:setRole(184)) - 8a63e1ae-032e-4bed-9f20-125a11f65413@group-091950D56227: changes role from  FOLLOWER to FOLLOWER at term 125 for recognizeCandidate:8f18dce1-0a3d-4b65-9c78-af3d58b2da7f
2019-10-20 17:40:06,158 [grpc-default-executor-1] INFO  impl.RoleInfo (RoleInfo.java:shutdownFollowerState(121)) - 7b1e61a0-7daf-43dd-99d5-9b325c1d31ae: shutdown FollowerState
2019-10-20 17:40:06,158 [grpc-default-executor-2] INFO  impl.RoleInfo (RoleInfo.java:shutdownFollowerState(121)) - 8a63e1ae-032e-4bed-9f20-125a11f65413: shutdown FollowerState
2019-10-20 17:40:06,158 [Thread-774] INFO  impl.FollowerState (FollowerState.java:run(117)) - 7b1e61a0-7daf-43dd-99d5-9b325c1d31ae@group-091950D56227-FollowerState was interrupted: java.lang.InterruptedException: sleep interrupted
2019-10-20 17:40:06,158 [grpc-default-executor-1] INFO  impl.RoleInfo (RoleInfo.java:updateAndGet(143)) - 7b1e61a0-7daf-43dd-99d5-9b325c1d31ae: start FollowerState
2019-10-20 17:40:06,158 [Thread-773] INFO  impl.FollowerState (FollowerState.java:run(117)) - 8a63e1ae-032e-4bed-9f20-125a11f65413@group-091950D56227-FollowerState was interrupted: java.lang.InterruptedException: sleep interrupted
2019-10-20 17:40:06,158 [grpc-default-executor-2] INFO  impl.RoleInfo (RoleInfo.java:updateAndGet(143)) - 8a63e1ae-032e-4bed-9f20-125a11f65413: start FollowerState
2019-10-20 17:40:06,182 [8f18dce1-0a3d-4b65-9c78-af3d58b2da7f@group-091950D56227-LeaderElection104] INFO  impl.LeaderElection (LeaderElection.java:logAndReturn(56)) - 8f18dce1-0a3d-4b65-9c78-af3d58b2da7f@group-091950D56227-LeaderElection104: Election REJECTED; received 2 response(s) [8f18dce1-0a3d-4b65-9c78-af3d58b2da7f<-8a63e1ae-032e-4bed-9f20-125a11f65413#0:FAIL-t125, 8f18dce1-0a3d-4b65-9c78-af3d58b2da7f<-7b1e61a0-7daf-43dd-99d5-9b325c1d31ae#0:FAIL-t125] and 0 exception(s); 8f18dce1-0a3d-4b65-9c78-af3d58b2da7f@group-091950D56227:t125, leader=null, voted=8f18dce1-0a3d-4b65-9c78-af3d58b2da7f, raftlog=8f18dce1-0a3d-4b65-9c78-af3d58b2da7f@group-091950D56227-SegmentedRaftLog:OPENED:c-1,f-1,i0, conf=-1: [8a63e1ae-032e-4bed-9f20-125a11f65413:0.0.0.0:38685, 8f18dce1-0a3d-4b65-9c78-af3d58b2da7f:0.0.0.0:42489, 7b1e61a0-7daf-43dd-99d5-9b325c1d31ae:0.0.0.0:38412], old=null
2019-10-20 17:40:06,183 [8f18dce1-0a3d-4b65-9c78-af3d58b2da7f@group-091950D56227-LeaderElection104] INFO  impl.RaftServerImpl (RaftServerImpl.java:setRole(184)) - 8f18dce1-0a3d-4b65-9c78-af3d58b2da7f@group-091950D56227: changes role from CANDIDATE to FOLLOWER at term 125 for DISCOVERED_A_NEW_TERM
2019-10-20 17:40:06,183 [8f18dce1-0a3d-4b65-9c78-af3d58b2da7f@group-091950D56227-LeaderElection104] INFO  impl.RoleInfo (RoleInfo.java:shutdownLeaderElection(134)) - 8f18dce1-0a3d-4b65-9c78-af3d58b2da7f: shutdown LeaderElection
2019-10-20 17:40:06,183 [8f18dce1-0a3d-4b65-9c78-af3d58b2da7f@group-091950D56227-LeaderElection104] INFO  impl.RoleInfo (RoleInfo.java:updateAndGet(143)) - 8f18dce1-0a3d-4b65-9c78-af3d58b2da7f: start FollowerState
2019-10-20 17:40:06,273 [Thread-781] INFO  impl.FollowerState (FollowerState.java:run(108)) - 8f18dce1-0a3d-4b65-9c78-af3d58b2da7f@group-091950D56227-FollowerState: change to CANDIDATE, lastRpcTime:90ms, electionTimeout:90ms
2019-10-20 17:40:06,274 [Thread-781] INFO  impl.RoleInfo (RoleInfo.java:shutdownFollowerState(121)) - 8f18dce1-0a3d-4b65-9c78-af3d58b2da7f: shutdown FollowerState
2019-10-20 17:40:06,274 [Thread-781] INFO  impl.RaftServerImpl (RaftServerImpl.java:setRole(184)) - 8f18dce1-0a3d-4b65-9c78-af3d58b2da7f@group-091950D56227: changes role from  FOLLOWER to CANDIDATE at term 125 for changeToCandidate
2019-10-20 17:40:06,274 [Thread-781] INFO  impl.RoleInfo (RoleInfo.java:updateAndGet(143)) - 8f18dce1-0a3d-4b65-9c78-af3d58b2da7f: start LeaderElection
2019-10-20 17:40:06,298 [8f18dce1-0a3d-4b65-9c78-af3d58b2da7f@group-091950D56227-LeaderElection105] INFO  impl.LeaderElection (LeaderElection.java:askForVotes(178)) - 8f18dce1-0a3d-4b65-9c78-af3d58b2da7f@group-091950D56227-LeaderElection105: begin an election at term 126 for -1: [8a63e1ae-032e-4bed-9f20-125a11f65413:0.0.0.0:38685, 8f18dce1-0a3d-4b65-9c78-af3d58b2da7f:0.0.0.0:42489, 7b1e61a0-7daf-43dd-99d5-9b325c1d31ae:0.0.0.0:38412], old=null
2019-10-20 17:40:06,301 [grpc-default-executor-2] INFO  impl.RaftServerImpl (RaftServerImpl.java:setRole(184)) - 7b1e61a0-7daf-43dd-99d5-9b325c1d31ae@group-091950D56227: changes role from  FOLLOWER to FOLLOWER at term 126 for recognizeCandidate:8f18dce1-0a3d-4b65-9c78-af3d58b2da7f
2019-10-20 17:40:06,301 [grpc-default-executor-1] INFO  impl.RaftServerImpl (RaftServerImpl.java:setRole(184)) - 8a63e1ae-032e-4bed-9f20-125a11f65413@group-091950D56227: changes role from  FOLLOWER to FOLLOWER at term 126 for recognizeCandidate:8f18dce1-0a3d-4b65-9c78-af3d58b2da7f
2019-10-20 17:40:06,301 [grpc-default-executor-2] INFO  impl.RoleInfo (RoleInfo.java:shutdownFollowerState(121)) - 7b1e61a0-7daf-43dd-99d5-9b325c1d31ae: shutdown FollowerState
2019-10-20 17:40:06,301 [grpc-default-executor-1] INFO  impl.RoleInfo (RoleInfo.java:shutdownFollowerState(121)) - 8a63e1ae-032e-4bed-9f20-125a11f65413: shutdown FollowerState
2019-10-20 17:40:06,302 [Thread-779] INFO  impl.FollowerState (FollowerState.java:run(117)) - 7b1e61a0-7daf-43dd-99d5-9b325c1d31ae@group-091950D56227-FollowerState was interrupted: java.lang.InterruptedException: sleep interrupted
2019-10-20 17:40:06,301 [grpc-default-executor-2] INFO  impl.RoleInfo (RoleInfo.java:updateAndGet(143)) - 7b1e61a0-7daf-43dd-99d5-9b325c1d31ae: start FollowerState
2019-10-20 17:40:06,302 [Thread-780] INFO  impl.FollowerState (FollowerState.java:run(117)) - 8a63e1ae-032e-4bed-9f20-125a11f65413@group-091950D56227-FollowerState was interrupted: java.lang.InterruptedException: sleep interrupted
2019-10-20 17:40:06,302 [grpc-default-executor-1] INFO  impl.RoleInfo (RoleInfo.java:updateAndGet(143)) - 8a63e1ae-032e-4bed-9f20-125a11f65413: start FollowerState
2019-10-20 17:40:06,325 [8f18dce1-0a3d-4b65-9c78-af3d58b2da7f@group-091950D56227-LeaderElection105] INFO  impl.LeaderElection (LeaderElection.java:logAndReturn(56)) - 8f18dce1-0a3d-4b65-9c78-af3d58b2da7f@group-091950D56227-LeaderElection105: Election REJECTED; received 2 response(s) [8f18dce1-0a3d-4b65-9c78-af3d58b2da7f<-8a63e1ae-032e-4bed-9f20-125a11f65413#0:FAIL-t126, 8f18dce1-0a3d-4b65-9c78-af3d58b2da7f<-7b1e61a0-7daf-43dd-99d5-9b325c1d31ae#0:FAIL-t126] and 0 exception(s); 8f18dce1-0a3d-4b65-9c78-af3d58b2da7f@group-091950D56227:t126, leader=null, voted=8f18dce1-0a3d-4b65-9c78-af3d58b2da7f, raftlog=8f18dce1-0a3d-4b65-9c78-af3d58b2da7f@group-091950D56227-SegmentedRaftLog:OPENED:c-1,f-1,i0, conf=-1: [8a63e1ae-032e-4bed-9f20-125a11f65413:0.0.0.0:38685, 8f18dce1-0a3d-4b65-9c78-af3d58b2da7f:0.0.0.0:42489, 7b1e61a0-7daf-43dd-99d5-9b325c1d31ae:0.0.0.0:38412], old=null
2019-10-20 17:40:06,326 [8f18dce1-0a3d-4b65-9c78-af3d58b2da7f@group-091950D56227-LeaderElection105] INFO  impl.RaftServerImpl (RaftServerImpl.java:setRole(184)) - 8f18dce1-0a3d-4b65-9c78-af3d58b2da7f@group-091950D56227: changes role from CANDIDATE to FOLLOWER at term 126 for DISCOVERED_A_NEW_TERM
2019-10-20 17:40:06,326 [8f18dce1-0a3d-4b65-9c78-af3d58b2da7f@group-091950D56227-LeaderElection105] INFO  impl.RoleInfo (RoleInfo.java:shutdownLeaderElection(134)) - 8f18dce1-0a3d-4b65-9c78-af3d58b2da7f: shutdown LeaderElection
2019-10-20 17:40:06,326 [8f18dce1-0a3d-4b65-9c78-af3d58b2da7f@group-091950D56227-LeaderElection105] INFO  impl.RoleInfo (RoleInfo.java:updateAndGet(143)) - 8f18dce1-0a3d-4b65-9c78-af3d58b2da7f: start FollowerState
2019-10-20 17:40:06,351 [Thread-787] INFO  impl.FollowerState (FollowerState.java:run(108)) - 8f18dce1-0a3d-4b65-9c78-af3d58b2da7f@group-091950D56227-FollowerState: change to CANDIDATE, lastRpcTime:25ms, electionTimeout:25ms
2019-10-20 17:40:06,352 [Thread-787] INFO  impl.RoleInfo (RoleInfo.java:shutdownFollowerState(121)) - 8f18dce1-0a3d-4b65-9c78-af3d58b2da7f: shutdown FollowerState
2019-10-20 17:40:06,352 [Thread-787] INFO  impl.RaftServerImpl (RaftServerImpl.java:setRole(184)) - 8f18dce1-0a3d-4b65-9c78-af3d58b2da7f@group-091950D56227: changes role from  FOLLOWER to CANDIDATE at term 126 for changeToCandidate
2019-10-20 17:40:06,352 [Thread-787] INFO  impl.RoleInfo (RoleInfo.java:updateAndGet(143)) - 8f18dce1-0a3d-4b65-9c78-af3d58b2da7f: start LeaderElection
2019-10-20 17:40:06,382 [8f18dce1-0a3d-4b65-9c78-af3d58b2da7f@group-091950D56227-LeaderElection106] INFO  impl.LeaderElection (LeaderElection.java:askForVotes(178)) - 8f18dce1-0a3d-4b65-9c78-af3d58b2da7f@group-091950D56227-LeaderElection106: begin an election at term 127 for -1: [8a63e1ae-032e-4bed-9f20-125a11f65413:0.0.0.0:38685, 8f18dce1-0a3d-4b65-9c78-af3d58b2da7f:0.0.0.0:42489, 7b1e61a0-7daf-43dd-99d5-9b325c1d31ae:0.0.0.0:38412], old=null
2019-10-20 17:40:06,385 [grpc-default-executor-2] INFO  impl.RaftServerImpl (RaftServerImpl.java:setRole(184)) - 7b1e61a0-7daf-43dd-99d5-9b325c1d31ae@group-091950D56227: changes role from  FOLLOWER to FOLLOWER at term 127 for recognizeCandidate:8f18dce1-0a3d-4b65-9c78-af3d58b2da7f
2019-10-20 17:40:06,385 [grpc-default-executor-2] INFO  impl.RoleInfo (RoleInfo.java:shutdownFollowerState(121)) - 7b1e61a0-7daf-43dd-99d5-9b325c1d31ae: shutdown FollowerState
2019-10-20 17:40:06,385 [grpc-default-executor-1] INFO  impl.RaftServerImpl (RaftServerImpl.java:setRole(184)) - 8a63e1ae-032e-4bed-9f20-125a11f65413@group-091950D56227: changes role from  FOLLOWER to FOLLOWER at term 127 for recognizeCandidate:8f18dce1-0a3d-4b65-9c78-af3d58b2da7f
2019-10-20 17:40:06,385 [Thread-785] INFO  impl.FollowerState (FollowerState.java:run(117)) - 7b1e61a0-7daf-43dd-99d5-9b325c1d31ae@group-091950D56227-FollowerState was interrupted: java.lang.InterruptedException: sleep interrupted
2019-10-20 17:40:06,385 [grpc-default-executor-2] INFO  impl.RoleInfo (RoleInfo.java:updateAndGet(143)) - 7b1e61a0-7daf-43dd-99d5-9b325c1d31ae: start FollowerState
2019-10-20 17:40:06,385 [grpc-default-executor-1] INFO  impl.RoleInfo (RoleInfo.java:shutdownFollowerState(121)) - 8a63e1ae-032e-4bed-9f20-125a11f65413: shutdown FollowerState
2019-10-20 17:40:06,385 [grpc-default-executor-1] INFO  impl.RoleInfo (RoleInfo.java:updateAndGet(143)) - 8a63e1ae-032e-4bed-9f20-125a11f65413: start FollowerState
2019-10-20 17:40:06,385 [Thread-786] INFO  impl.FollowerState (FollowerState.java:run(117)) - 8a63e1ae-032e-4bed-9f20-125a11f65413@group-091950D56227-FollowerState was interrupted: java.lang.InterruptedException: sleep interrupted
2019-10-20 17:40:06,409 [8f18dce1-0a3d-4b65-9c78-af3d58b2da7f@group-091950D56227-LeaderElection106] INFO  impl.LeaderElection (LeaderElection.java:logAndReturn(56)) - 8f18dce1-0a3d-4b65-9c78-af3d58b2da7f@group-091950D56227-LeaderElection106: Election REJECTED; received 2 response(s) [8f18dce1-0a3d-4b65-9c78-af3d58b2da7f<-8a63e1ae-032e-4bed-9f20-125a11f65413#0:FAIL-t127, 8f18dce1-0a3d-4b65-9c78-af3d58b2da7f<-7b1e61a0-7daf-43dd-99d5-9b325c1d31ae#0:FAIL-t127] and 0 exception(s); 8f18dce1-0a3d-4b65-9c78-af3d58b2da7f@group-091950D56227:t127, leader=null, voted=8f18dce1-0a3d-4b65-9c78-af3d58b2da7f, raftlog=8f18dce1-0a3d-4b65-9c78-af3d58b2da7f@group-091950D56227-SegmentedRaftLog:OPENED:c-1,f-1,i0, conf=-1: [8a63e1ae-032e-4bed-9f20-125a11f65413:0.0.0.0:38685, 8f18dce1-0a3d-4b65-9c78-af3d58b2da7f:0.0.0.0:42489, 7b1e61a0-7daf-43dd-99d5-9b325c1d31ae:0.0.0.0:38412], old=null
2019-10-20 17:40:06,409 [8f18dce1-0a3d-4b65-9c78-af3d58b2da7f@group-091950D56227-LeaderElection106] INFO  impl.RaftServerImpl (RaftServerImpl.java:setRole(184)) - 8f18dce1-0a3d-4b65-9c78-af3d58b2da7f@group-091950D56227: changes role from CANDIDATE to FOLLOWER at term 127 for DISCOVERED_A_NEW_TERM
2019-10-20 17:40:06,409 [8f18dce1-0a3d-4b65-9c78-af3d58b2da7f@group-091950D56227-LeaderElection106] INFO  impl.RoleInfo (RoleInfo.java:shutdownLeaderElection(134)) - 8f18dce1-0a3d-4b65-9c78-af3d58b2da7f: shutdown LeaderElection
2019-10-20 17:40:06,409 [8f18dce1-0a3d-4b65-9c78-af3d58b2da7f@group-091950D56227-LeaderElection106] INFO  impl.RoleInfo (RoleInfo.java:updateAndGet(143)) - 8f18dce1-0a3d-4b65-9c78-af3d58b2da7f: start FollowerState
2019-10-20 17:40:06,421 [Thread-793] INFO  impl.FollowerState (FollowerState.java:run(108)) - 8f18dce1-0a3d-4b65-9c78-af3d58b2da7f@group-091950D56227-FollowerState: change to CANDIDATE, lastRpcTime:11ms, electionTimeout:11ms
2019-10-20 17:40:06,421 [Thread-793] INFO  impl.RoleInfo (RoleInfo.java:shutdownFollowerState(121)) - 8f18dce1-0a3d-4b65-9c78-af3d58b2da7f: shutdown FollowerState
2019-10-20 17:40:06,421 [Thread-793] INFO  impl.RaftServerImpl (RaftServerImpl.java:setRole(184)) - 8f18dce1-0a3d-4b65-9c78-af3d58b2da7f@group-091950D56227: changes role from  FOLLOWER to CANDIDATE at term 127 for changeToCandidate
2019-10-20 17:40:06,421 [Thread-793] INFO  impl.RoleInfo (RoleInfo.java:updateAndGet(143)) - 8f18dce1-0a3d-4b65-9c78-af3d58b2da7f: start LeaderElection
2019-10-20 17:40:06,450 [8f18dce1-0a3d-4b65-9c78-af3d58b2da7f@group-091950D56227-LeaderElection107] INFO  impl.LeaderElection (LeaderElection.java:askForVotes(178)) - 8f18dce1-0a3d-4b65-9c78-af3d58b2da7f@group-091950D56227-LeaderElection107: begin an election at term 128 for -1: [8a63e1ae-032e-4bed-9f20-125a11f65413:0.0.0.0:38685, 8f18dce1-0a3d-4b65-9c78-af3d58b2da7f:0.0.0.0:42489, 7b1e61a0-7daf-43dd-99d5-9b325c1d31ae:0.0.0.0:38412], old=null
2019-10-20 17:40:06,452 [grpc-default-executor-1] INFO  impl.RaftServerImpl (RaftServerImpl.java:setRole(184)) - 7b1e61a0-7daf-43dd-99d5-9b325c1d31ae@group-091950D56227: changes role from  FOLLOWER to FOLLOWER at term 128 for recognizeCandidate:8f18dce1-0a3d-4b65-9c78-af3d58b2da7f
2019-10-20 17:40:06,452 [grpc-default-executor-1] INFO  impl.RoleInfo (RoleInfo.java:shutdownFollowerState(121)) - 7b1e61a0-7daf-43dd-99d5-9b325c1d31ae: shutdown FollowerState
2019-10-20 17:40:06,452 [grpc-default-executor-2] INFO  impl.RaftServerImpl (RaftServerImpl.java:setRole(184)) - 8a63e1ae-032e-4bed-9f20-125a11f65413@group-091950D56227: changes role from  FOLLOWER to FOLLOWER at term 128 for recognizeCandidate:8f18dce1-0a3d-4b65-9c78-af3d58b2da7f
2019-10-20 17:40:06,452 [Thread-791] INFO  impl.FollowerState (FollowerState.java:run(117)) - 7b1e61a0-7daf-43dd-99d5-9b325c1d31ae@group-091950D56227-FollowerState was interrupted: java.lang.InterruptedException: sleep interrupted
2019-10-20 17:40:06,452 [grpc-default-executor-1] INFO  impl.RoleInfo (RoleInfo.java:updateAndGet(143)) - 7b1e61a0-7daf-43dd-99d5-9b325c1d31ae: start FollowerState
2019-10-20 17:40:06,453 [grpc-default-executor-2] INFO  impl.RoleInfo (RoleInfo.java:shutdownFollowerState(121)) - 8a63e1ae-032e-4bed-9f20-125a11f65413: shutdown FollowerState
2019-10-20 17:40:06,453 [grpc-default-executor-2] INFO  impl.RoleInfo (RoleInfo.java:updateAndGet(143)) - 8a63e1ae-032e-4bed-9f20-125a11f65413: start FollowerState
2019-10-20 17:40:06,453 [Thread-792] INFO  impl.FollowerState (FollowerState.java:run(117)) - 8a63e1ae-032e-4bed-9f20-125a11f65413@group-091950D56227-FollowerState was interrupted: java.lang.InterruptedException: sleep interrupted
2019-10-20 17:40:06,477 [8f18dce1-0a3d-4b65-9c78-af3d58b2da7f@group-091950D56227-LeaderElection107] INFO  impl.LeaderElection (LeaderElection.java:logAndReturn(56)) - 8f18dce1-0a3d-4b65-9c78-af3d58b2da7f@group-091950D56227-LeaderElection107: Election REJECTED; received 2 response(s) [8f18dce1-0a3d-4b65-9c78-af3d58b2da7f<-8a63e1ae-032e-4bed-9f20-125a11f65413#0:FAIL-t128, 8f18dce1-0a3d-4b65-9c78-af3d58b2da7f<-7b1e61a0-7daf-43dd-99d5-9b325c1d31ae#0:FAIL-t128] and 0 exception(s); 8f18dce1-0a3d-4b65-9c78-af3d58b2da7f@group-091950D56227:t128, leader=null, voted=8f18dce1-0a3d-4b65-9c78-af3d58b2da7f, raftlog=8f18dce1-0a3d-4b65-9c78-af3d58b2da7f@group-091950D56227-SegmentedRaftLog:OPENED:c-1,f-1,i0, conf=-1: [8a63e1ae-032e-4bed-9f20-125a11f65413:0.0.0.0:38685, 8f18dce1-0a3d-4b65-9c78-af3d58b2da7f:0.0.0.0:42489, 7b1e61a0-7daf-43dd-99d5-9b325c1d31ae:0.0.0.0:38412], old=null
2019-10-20 17:40:06,477 [8f18dce1-0a3d-4b65-9c78-af3d58b2da7f@group-091950D56227-LeaderElection107] INFO  impl.RaftServerImpl (RaftServerImpl.java:setRole(184)) - 8f18dce1-0a3d-4b65-9c78-af3d58b2da7f@group-091950D56227: changes role from CANDIDATE to FOLLOWER at term 128 for DISCOVERED_A_NEW_TERM
2019-10-20 17:40:06,477 [8f18dce1-0a3d-4b65-9c78-af3d58b2da7f@group-091950D56227-LeaderElection107] INFO  impl.RoleInfo (RoleInfo.java:shutdownLeaderElection(134)) - 8f18dce1-0a3d-4b65-9c78-af3d58b2da7f: shutdown LeaderElection
2019-10-20 17:40:06,477 [8f18dce1-0a3d-4b65-9c78-af3d58b2da7f@group-091950D56227-LeaderElection107] INFO  impl.RoleInfo (RoleInfo.java:updateAndGet(143)) - 8f18dce1-0a3d-4b65-9c78-af3d58b2da7f: start FollowerState
2019-10-20 17:40:06,638 [Thread-799] INFO  impl.FollowerState (FollowerState.java:run(108)) - 8f18dce1-0a3d-4b65-9c78-af3d58b2da7f@group-091950D56227-FollowerState: change to CANDIDATE, lastRpcTime:161ms, electionTimeout:161ms
2019-10-20 17:40:06,638 [Thread-799] INFO  impl.RoleInfo (RoleInfo.java:shutdownFollowerState(121)) - 8f18dce1-0a3d-4b65-9c78-af3d58b2da7f: shutdown FollowerState
2019-10-20 17:40:06,639 [Thread-799] INFO  impl.RaftServerImpl (RaftServerImpl.java:setRole(184)) - 8f18dce1-0a3d-4b65-9c78-af3d58b2da7f@group-091950D56227: changes role from  FOLLOWER to CANDIDATE at term 128 for changeToCandidate
2019-10-20 17:40:06,639 [Thread-799] INFO  impl.RoleInfo (RoleInfo.java:updateAndGet(143)) - 8f18dce1-0a3d-4b65-9c78-af3d58b2da7f: start LeaderElection
2019-10-20 17:40:06,701 [8f18dce1-0a3d-4b65-9c78-af3d58b2da7f@group-091950D56227-LeaderElection108] INFO  impl.LeaderElection (LeaderElection.java:askForVotes(178)) - 8f18dce1-0a3d-4b65-9c78-af3d58b2da7f@group-091950D56227-LeaderElection108: begin an election at term 129 for -1: [8a63e1ae-032e-4bed-9f20-125a11f65413:0.0.0.0:38685, 8f18dce1-0a3d-4b65-9c78-af3d58b2da7f:0.0.0.0:42489, 7b1e61a0-7daf-43dd-99d5-9b325c1d31ae:0.0.0.0:38412], old=null
2019-10-20 17:40:06,704 [grpc-default-executor-1] INFO  impl.RaftServerImpl (RaftServerImpl.java:setRole(184)) - 7b1e61a0-7daf-43dd-99d5-9b325c1d31ae@group-091950D56227: changes role from  FOLLOWER to FOLLOWER at term 129 for recognizeCandidate:8f18dce1-0a3d-4b65-9c78-af3d58b2da7f
2019-10-20 17:40:06,704 [grpc-default-executor-2] INFO  impl.RaftServerImpl (RaftServerImpl.java:setRole(184)) - 8a63e1ae-032e-4bed-9f20-125a11f65413@group-091950D56227: changes role from  FOLLOWER to FOLLOWER at term 129 for recognizeCandidate:8f18dce1-0a3d-4b65-9c78-af3d58b2da7f
2019-10-20 17:40:06,704 [grpc-default-executor-1] INFO  impl.RoleInfo (RoleInfo.java:shutdownFollowerState(121)) - 7b1e61a0-7daf-43dd-99d5-9b325c1d31ae: shutdown FollowerState
2019-10-20 17:40:06,704 [grpc-default-executor-2] INFO  impl.RoleInfo (RoleInfo.java:shutdownFollowerState(121)) - 8a63e1ae-032e-4bed-9f20-125a11f65413: shutdown FollowerState
2019-10-20 17:40:06,705 [Thread-797] INFO  impl.FollowerState (FollowerState.java:run(117)) - 7b1e61a0-7daf-43dd-99d5-9b325c1d31ae@group-091950D56227-FollowerState was interrupted: java.lang.InterruptedException: sleep interrupted
2019-10-20 17:40:06,705 [grpc-default-executor-1] INFO  impl.RoleInfo (RoleInfo.java:updateAndGet(143)) - 7b1e61a0-7daf-43dd-99d5-9b325c1d31ae: start FollowerState
2019-10-20 17:40:06,705 [Thread-798] INFO  impl.FollowerState (FollowerState.java:run(117)) - 8a63e1ae-032e-4bed-9f20-125a11f65413@group-091950D56227-FollowerState was interrupted: java.lang.InterruptedException: sleep interrupted
2019-10-20 17:40:06,705 [grpc-default-executor-2] INFO  impl.RoleInfo (RoleInfo.java:updateAndGet(143)) - 8a63e1ae-032e-4bed-9f20-125a11f65413: start FollowerState
2019-10-20 17:40:06,728 [8f18dce1-0a3d-4b65-9c78-af3d58b2da7f@group-091950D56227-LeaderElection108] INFO  impl.LeaderElection (LeaderElection.java:logAndReturn(56)) - 8f18dce1-0a3d-4b65-9c78-af3d58b2da7f@group-091950D56227-LeaderElection108: Election REJECTED; received 2 response(s) [8f18dce1-0a3d-4b65-9c78-af3d58b2da7f<-8a63e1ae-032e-4bed-9f20-125a11f65413#0:FAIL-t129, 8f18dce1-0a3d-4b65-9c78-af3d58b2da7f<-7b1e61a0-7daf-43dd-99d5-9b325c1d31ae#0:FAIL-t129] and 0 exception(s); 8f18dce1-0a3d-4b65-9c78-af3d58b2da7f@group-091950D56227:t129, leader=null, voted=8f18dce1-0a3d-4b65-9c78-af3d58b2da7f, raftlog=8f18dce1-0a3d-4b65-9c78-af3d58b2da7f@group-091950D56227-SegmentedRaftLog:OPENED:c-1,f-1,i0, conf=-1: [8a63e1ae-032e-4bed-9f20-125a11f65413:0.0.0.0:38685, 8f18dce1-0a3d-4b65-9c78-af3d58b2da7f:0.0.0.0:42489, 7b1e61a0-7daf-43dd-99d5-9b325c1d31ae:0.0.0.0:38412], old=null
2019-10-20 17:40:06,728 [8f18dce1-0a3d-4b65-9c78-af3d58b2da7f@group-091950D56227-LeaderElection108] INFO  impl.RaftServerImpl (RaftServerImpl.java:setRole(184)) - 8f18dce1-0a3d-4b65-9c78-af3d58b2da7f@group-091950D56227: changes role from CANDIDATE to FOLLOWER at term 129 for DISCOVERED_A_NEW_TERM
2019-10-20 17:40:06,728 [8f18dce1-0a3d-4b65-9c78-af3d58b2da7f@group-091950D56227-LeaderElection108] INFO  impl.RoleInfo (RoleInfo.java:shutdownLeaderElection(134)) - 8f18dce1-0a3d-4b65-9c78-af3d58b2da7f: shutdown LeaderElection
2019-10-20 17:40:06,728 [8f18dce1-0a3d-4b65-9c78-af3d58b2da7f@group-091950D56227-LeaderElection108] INFO  impl.RoleInfo (RoleInfo.java:updateAndGet(143)) - 8f18dce1-0a3d-4b65-9c78-af3d58b2da7f: start FollowerState
2019-10-20 17:40:06,867 [Thread-805] INFO  impl.FollowerState (FollowerState.java:run(108)) - 8f18dce1-0a3d-4b65-9c78-af3d58b2da7f@group-091950D56227-FollowerState: change to CANDIDATE, lastRpcTime:138ms, electionTimeout:138ms
2019-10-20 17:40:06,867 [Thread-805] INFO  impl.RoleInfo (RoleInfo.java:shutdownFollowerState(121)) - 8f18dce1-0a3d-4b65-9c78-af3d58b2da7f: shutdown FollowerState
2019-10-20 17:40:06,867 [Thread-805] INFO  impl.RaftServerImpl (RaftServerImpl.java:setRole(184)) - 8f18dce1-0a3d-4b65-9c78-af3d58b2da7f@group-091950D56227: changes role from  FOLLOWER to CANDIDATE at term 129 for changeToCandidate
2019-10-20 17:40:06,867 [Thread-805] INFO  impl.RoleInfo (RoleInfo.java:updateAndGet(143)) - 8f18dce1-0a3d-4b65-9c78-af3d58b2da7f: start LeaderElection
2019-10-20 17:40:06,894 [8f18dce1-0a3d-4b65-9c78-af3d58b2da7f@group-091950D56227-LeaderElection109] INFO  impl.LeaderElection (LeaderElection.java:askForVotes(178)) - 8f18dce1-0a3d-4b65-9c78-af3d58b2da7f@group-091950D56227-LeaderElection109: begin an election at term 130 for -1: [8a63e1ae-032e-4bed-9f20-125a11f65413:0.0.0.0:38685, 8f18dce1-0a3d-4b65-9c78-af3d58b2da7f:0.0.0.0:42489, 7b1e61a0-7daf-43dd-99d5-9b325c1d31ae:0.0.0.0:38412], old=null
2019-10-20 17:40:06,896 [grpc-default-executor-2] INFO  impl.RaftServerImpl (RaftServerImpl.java:setRole(184)) - 7b1e61a0-7daf-43dd-99d5-9b325c1d31ae@group-091950D56227: changes role from  FOLLOWER to FOLLOWER at term 130 for recognizeCandidate:8f18dce1-0a3d-4b65-9c78-af3d58b2da7f
2019-10-20 17:40:06,896 [grpc-default-executor-1] INFO  impl.RaftServerImpl (RaftServerImpl.java:setRole(184)) - 8a63e1ae-032e-4bed-9f20-125a11f65413@group-091950D56227: changes role from  FOLLOWER to FOLLOWER at term 130 for recognizeCandidate:8f18dce1-0a3d-4b65-9c78-af3d58b2da7f
2019-10-20 17:40:06,896 [grpc-default-executor-2] INFO  impl.RoleInfo (RoleInfo.java:shutdownFollowerState(121)) - 7b1e61a0-7daf-43dd-99d5-9b325c1d31ae: shutdown FollowerState
2019-10-20 17:40:06,897 [grpc-default-executor-1] INFO  impl.RoleInfo (RoleInfo.java:shutdownFollowerState(121)) - 8a63e1ae-032e-4bed-9f20-125a11f65413: shutdown FollowerState
2019-10-20 17:40:06,897 [Thread-803] INFO  impl.FollowerState (FollowerState.java:run(117)) - 7b1e61a0-7daf-43dd-99d5-9b325c1d31ae@group-091950D56227-FollowerState was interrupted: java.lang.InterruptedException: sleep interrupted
2019-10-20 17:40:06,897 [grpc-default-executor-2] INFO  impl.RoleInfo (RoleInfo.java:updateAndGet(143)) - 7b1e61a0-7daf-43dd-99d5-9b325c1d31ae: start FollowerState
2019-10-20 17:40:06,897 [Thread-804] INFO  impl.FollowerState (FollowerState.java:run(117)) - 8a63e1ae-032e-4bed-9f20-125a11f65413@group-091950D56227-FollowerState was interrupted: java.lang.InterruptedException: sleep interrupted
2019-10-20 17:40:06,897 [grpc-default-executor-1] INFO  impl.RoleInfo (RoleInfo.java:updateAndGet(143)) - 8a63e1ae-032e-4bed-9f20-125a11f65413: start FollowerState
2019-10-20 17:40:06,921 [8f18dce1-0a3d-4b65-9c78-af3d58b2da7f@group-091950D56227-LeaderElection109] INFO  impl.LeaderElection (LeaderElection.java:logAndReturn(56)) - 8f18dce1-0a3d-4b65-9c78-af3d58b2da7f@group-091950D56227-LeaderElection109: Election REJECTED; received 2 response(s) [8f18dce1-0a3d-4b65-9c78-af3d58b2da7f<-8a63e1ae-032e-4bed-9f20-125a11f65413#0:FAIL-t130, 8f18dce1-0a3d-4b65-9c78-af3d58b2da7f<-7b1e61a0-7daf-43dd-99d5-9b325c1d31ae#0:FAIL-t130] and 0 exception(s); 8f18dce1-0a3d-4b65-9c78-af3d58b2da7f@group-091950D56227:t130, leader=null, voted=8f18dce1-0a3d-4b65-9c78-af3d58b2da7f, raftlog=8f18dce1-0a3d-4b65-9c78-af3d58b2da7f@group-091950D56227-SegmentedRaftLog:OPENED:c-1,f-1,i0, conf=-1: [8a63e1ae-032e-4bed-9f20-125a11f65413:0.0.0.0:38685, 8f18dce1-0a3d-4b65-9c78-af3d58b2da7f:0.0.0.0:42489, 7b1e61a0-7daf-43dd-99d5-9b325c1d31ae:0.0.0.0:38412], old=null
2019-10-20 17:40:06,922 [8f18dce1-0a3d-4b65-9c78-af3d58b2da7f@group-091950D56227-LeaderElection109] INFO  impl.RaftServerImpl (RaftServerImpl.java:setRole(184)) - 8f18dce1-0a3d-4b65-9c78-af3d58b2da7f@group-091950D56227: changes role from CANDIDATE to FOLLOWER at term 130 for DISCOVERED_A_NEW_TERM
2019-10-20 17:40:06,922 [8f18dce1-0a3d-4b65-9c78-af3d58b2da7f@group-091950D56227-LeaderElection109] INFO  impl.RoleInfo (RoleInfo.java:shutdownLeaderElection(134)) - 8f18dce1-0a3d-4b65-9c78-af3d58b2da7f: shutdown LeaderElection
2019-10-20 17:40:06,922 [8f18dce1-0a3d-4b65-9c78-af3d58b2da7f@group-091950D56227-LeaderElection109] INFO  impl.RoleInfo (RoleInfo.java:updateAndGet(143)) - 8f18dce1-0a3d-4b65-9c78-af3d58b2da7f: start FollowerState
2019-10-20 17:40:07,003 [Thread-811] INFO  impl.FollowerState (FollowerState.java:run(108)) - 8f18dce1-0a3d-4b65-9c78-af3d58b2da7f@group-091950D56227-FollowerState: change to CANDIDATE, lastRpcTime:81ms, electionTimeout:81ms
2019-10-20 17:40:07,004 [Thread-811] INFO  impl.RoleInfo (RoleInfo.java:shutdownFollowerState(121)) - 8f18dce1-0a3d-4b65-9c78-af3d58b2da7f: shutdown FollowerState
2019-10-20 17:40:07,004 [Thread-811] INFO  impl.RaftServerImpl (RaftServerImpl.java:setRole(184)) - 8f18dce1-0a3d-4b65-9c78-af3d58b2da7f@group-091950D56227: changes role from  FOLLOWER to CANDIDATE at term 130 for changeToCandidate
2019-10-20 17:40:07,004 [Thread-811] INFO  impl.RoleInfo (RoleInfo.java:updateAndGet(143)) - 8f18dce1-0a3d-4b65-9c78-af3d58b2da7f: start LeaderElection
2019-10-20 17:40:07,030 [8f18dce1-0a3d-4b65-9c78-af3d58b2da7f@group-091950D56227-LeaderElection110] INFO  impl.LeaderElection (LeaderElection.java:askForVotes(178)) - 8f18dce1-0a3d-4b65-9c78-af3d58b2da7f@group-091950D56227-LeaderElection110: begin an election at term 131 for -1: [8a63e1ae-032e-4bed-9f20-125a11f65413:0.0.0.0:38685, 8f18dce1-0a3d-4b65-9c78-af3d58b2da7f:0.0.0.0:42489, 7b1e61a0-7daf-43dd-99d5-9b325c1d31ae:0.0.0.0:38412], old=null
2019-10-20 17:40:07,034 [grpc-default-executor-1] INFO  impl.RaftServerImpl (RaftServerImpl.java:setRole(184)) - 8a63e1ae-032e-4bed-9f20-125a11f65413@group-091950D56227: changes role from  FOLLOWER to FOLLOWER at term 131 for recognizeCandidate:8f18dce1-0a3d-4b65-9c78-af3d58b2da7f
2019-10-20 17:40:07,034 [grpc-default-executor-1] INFO  impl.RoleInfo (RoleInfo.java:shutdownFollowerState(121)) - 8a63e1ae-032e-4bed-9f20-125a11f65413: shutdown FollowerState
2019-10-20 17:40:07,034 [grpc-default-executor-1] INFO  impl.RoleInfo (RoleInfo.java:updateAndGet(143)) - 8a63e1ae-032e-4bed-9f20-125a11f65413: start FollowerState
2019-10-20 17:40:07,035 [grpc-default-executor-2] INFO  impl.RaftServerImpl (RaftServerImpl.java:setRole(184)) - 7b1e61a0-7daf-43dd-99d5-9b325c1d31ae@group-091950D56227: changes role from  FOLLOWER to FOLLOWER at term 131 for recognizeCandidate:8f18dce1-0a3d-4b65-9c78-af3d58b2da7f
2019-10-20 17:40:07,034 [Thread-810] INFO  impl.FollowerState (FollowerState.java:run(117)) - 8a63e1ae-032e-4bed-9f20-125a11f65413@group-091950D56227-FollowerState was interrupted: java.lang.InterruptedException: sleep interrupted
2019-10-20 17:40:07,035 [grpc-default-executor-2] INFO  impl.RoleInfo (RoleInfo.java:shutdownFollowerState(121)) - 7b1e61a0-7daf-43dd-99d5-9b325c1d31ae: shutdown FollowerState
2019-10-20 17:40:07,035 [grpc-default-executor-2] INFO  impl.RoleInfo (RoleInfo.java:updateAndGet(143)) - 7b1e61a0-7daf-43dd-99d5-9b325c1d31ae: start FollowerState
2019-10-20 17:40:07,035 [Thread-809] INFO  impl.FollowerState (FollowerState.java:run(117)) - 7b1e61a0-7daf-43dd-99d5-9b325c1d31ae@group-091950D56227-FollowerState was interrupted: java.lang.InterruptedException: sleep interrupted
2019-10-20 17:40:07,064 [8f18dce1-0a3d-4b65-9c78-af3d58b2da7f@group-091950D56227-LeaderElection110] INFO  impl.LeaderElection (LeaderElection.java:logAndReturn(56)) - 8f18dce1-0a3d-4b65-9c78-af3d58b2da7f@group-091950D56227-LeaderElection110: Election REJECTED; received 2 response(s) [8f18dce1-0a3d-4b65-9c78-af3d58b2da7f<-8a63e1ae-032e-4bed-9f20-125a11f65413#0:FAIL-t131, 8f18dce1-0a3d-4b65-9c78-af3d58b2da7f<-7b1e61a0-7daf-43dd-99d5-9b325c1d31ae#0:FAIL-t131] and 0 exception(s); 8f18dce1-0a3d-4b65-9c78-af3d58b2da7f@group-091950D56227:t131, leader=null, voted=8f18dce1-0a3d-4b65-9c78-af3d58b2da7f, raftlog=8f18dce1-0a3d-4b65-9c78-af3d58b2da7f@group-091950D56227-SegmentedRaftLog:OPENED:c-1,f-1,i0, conf=-1: [8a63e1ae-032e-4bed-9f20-125a11f65413:0.0.0.0:38685, 8f18dce1-0a3d-4b65-9c78-af3d58b2da7f:0.0.0.0:42489, 7b1e61a0-7daf-43dd-99d5-9b325c1d31ae:0.0.0.0:38412], old=null
2019-10-20 17:40:07,064 [8f18dce1-0a3d-4b65-9c78-af3d58b2da7f@group-091950D56227-LeaderElection110] INFO  impl.RaftServerImpl (RaftServerImpl.java:setRole(184)) - 8f18dce1-0a3d-4b65-9c78-af3d58b2da7f@group-091950D56227: changes role from CANDIDATE to FOLLOWER at term 131 for DISCOVERED_A_NEW_TERM
2019-10-20 17:40:07,064 [8f18dce1-0a3d-4b65-9c78-af3d58b2da7f@group-091950D56227-LeaderElection110] INFO  impl.RoleInfo (RoleInfo.java:shutdownLeaderElection(134)) - 8f18dce1-0a3d-4b65-9c78-af3d58b2da7f: shutdown LeaderElection
2019-10-20 17:40:07,064 [8f18dce1-0a3d-4b65-9c78-af3d58b2da7f@group-091950D56227-LeaderElection110] INFO  impl.RoleInfo (RoleInfo.java:updateAndGet(143)) - 8f18dce1-0a3d-4b65-9c78-af3d58b2da7f: start FollowerState
2019-10-20 17:40:07,067 [Thread-819] INFO  impl.FollowerState (FollowerState.java:run(108)) - 8f18dce1-0a3d-4b65-9c78-af3d58b2da7f@group-091950D56227-FollowerState: change to CANDIDATE, lastRpcTime:2ms, electionTimeout:2ms
2019-10-20 17:40:07,067 [Thread-819] INFO  impl.RoleInfo (RoleInfo.java:shutdownFollowerState(121)) - 8f18dce1-0a3d-4b65-9c78-af3d58b2da7f: shutdown FollowerState
2019-10-20 17:40:07,067 [Thread-819] INFO  impl.RaftServerImpl (RaftServerImpl.java:setRole(184)) - 8f18dce1-0a3d-4b65-9c78-af3d58b2da7f@group-091950D56227: changes role from  FOLLOWER to CANDIDATE at term 131 for changeToCandidate
2019-10-20 17:40:07,067 [Thread-819] INFO  impl.RoleInfo (RoleInfo.java:updateAndGet(143)) - 8f18dce1-0a3d-4b65-9c78-af3d58b2da7f: start LeaderElection
2019-10-20 17:40:07,097 [8f18dce1-0a3d-4b65-9c78-af3d58b2da7f@group-091950D56227-LeaderElection111] INFO  impl.LeaderElection (LeaderElection.java:askForVotes(178)) - 8f18dce1-0a3d-4b65-9c78-af3d58b2da7f@group-091950D56227-LeaderElection111: begin an election at term 132 for -1: [8a63e1ae-032e-4bed-9f20-125a11f65413:0.0.0.0:38685, 8f18dce1-0a3d-4b65-9c78-af3d58b2da7f:0.0.0.0:42489, 7b1e61a0-7daf-43dd-99d5-9b325c1d31ae:0.0.0.0:38412], old=null
2019-10-20 17:40:07,099 [grpc-default-executor-2] INFO  impl.RaftServerImpl (RaftServerImpl.java:setRole(184)) - 8a63e1ae-032e-4bed-9f20-125a11f65413@group-091950D56227: changes role from  FOLLOWER to FOLLOWER at term 132 for recognizeCandidate:8f18dce1-0a3d-4b65-9c78-af3d58b2da7f
2019-10-20 17:40:07,099 [grpc-default-executor-2] INFO  impl.RoleInfo (RoleInfo.java:shutdownFollowerState(121)) - 8a63e1ae-032e-4bed-9f20-125a11f65413: shutdown FollowerState
2019-10-20 17:40:07,099 [grpc-default-executor-1] INFO  impl.RaftServerImpl (RaftServerImpl.java:setRole(184)) - 7b1e61a0-7daf-43dd-99d5-9b325c1d31ae@group-091950D56227: changes role from  FOLLOWER to FOLLOWER at term 132 for recognizeCandidate:8f18dce1-0a3d-4b65-9c78-af3d58b2da7f
2019-10-20 17:40:07,099 [Thread-817] INFO  impl.FollowerState (FollowerState.java:run(117)) - 8a63e1ae-032e-4bed-9f20-125a11f65413@group-091950D56227-FollowerState was interrupted: java.lang.InterruptedException: sleep interrupted
2019-10-20 17:40:07,099 [grpc-default-executor-2] INFO  impl.RoleInfo (RoleInfo.java:updateAndGet(143)) - 8a63e1ae-032e-4bed-9f20-125a11f65413: start FollowerState
2019-10-20 17:40:07,100 [grpc-default-executor-1] INFO  impl.RoleInfo (RoleInfo.java:shutdownFollowerState(121)) - 7b1e61a0-7daf-43dd-99d5-9b325c1d31ae: shutdown FollowerState
2019-10-20 17:40:07,100 [grpc-default-executor-1] INFO  impl.RoleInfo (RoleInfo.java:updateAndGet(143)) - 7b1e61a0-7daf-43dd-99d5-9b325c1d31ae: start FollowerState
2019-10-20 17:40:07,100 [Thread-818] INFO  impl.FollowerState (FollowerState.java:run(117)) - 7b1e61a0-7daf-43dd-99d5-9b325c1d31ae@group-091950D56227-FollowerState was interrupted: java.lang.InterruptedException: sleep interrupted
2019-10-20 17:40:07,123 [8f18dce1-0a3d-4b65-9c78-af3d58b2da7f@group-091950D56227-LeaderElection111] INFO  impl.LeaderElection (LeaderElection.java:logAndReturn(56)) - 8f18dce1-0a3d-4b65-9c78-af3d58b2da7f@group-091950D56227-LeaderElection111: Election REJECTED; received 2 response(s) [8f18dce1-0a3d-4b65-9c78-af3d58b2da7f<-8a63e1ae-032e-4bed-9f20-125a11f65413#0:FAIL-t132, 8f18dce1-0a3d-4b65-9c78-af3d58b2da7f<-7b1e61a0-7daf-43dd-99d5-9b325c1d31ae#0:FAIL-t132] and 0 exception(s); 8f18dce1-0a3d-4b65-9c78-af3d58b2da7f@group-091950D56227:t132, leader=null, voted=8f18dce1-0a3d-4b65-9c78-af3d58b2da7f, raftlog=8f18dce1-0a3d-4b65-9c78-af3d58b2da7f@group-091950D56227-SegmentedRaftLog:OPENED:c-1,f-1,i0, conf=-1: [8a63e1ae-032e-4bed-9f20-125a11f65413:0.0.0.0:38685, 8f18dce1-0a3d-4b65-9c78-af3d58b2da7f:0.0.0.0:42489, 7b1e61a0-7daf-43dd-99d5-9b325c1d31ae:0.0.0.0:38412], old=null
2019-10-20 17:40:07,123 [8f18dce1-0a3d-4b65-9c78-af3d58b2da7f@group-091950D56227-LeaderElection111] INFO  impl.RaftServerImpl (RaftServerImpl.java:setRole(184)) - 8f18dce1-0a3d-4b65-9c78-af3d58b2da7f@group-091950D56227: changes role from CANDIDATE to FOLLOWER at term 132 for DISCOVERED_A_NEW_TERM
2019-10-20 17:40:07,124 [8f18dce1-0a3d-4b65-9c78-af3d58b2da7f@group-091950D56227-LeaderElection111] INFO  impl.RoleInfo (RoleInfo.java:shutdownLeaderElection(134)) - 8f18dce1-0a3d-4b65-9c78-af3d58b2da7f: shutdown LeaderElection
2019-10-20 17:40:07,124 [8f18dce1-0a3d-4b65-9c78-af3d58b2da7f@group-091950D56227-LeaderElection111] INFO  impl.RoleInfo (RoleInfo.java:updateAndGet(143)) - 8f18dce1-0a3d-4b65-9c78-af3d58b2da7f: start FollowerState
2019-10-20 17:40:07,310 [Thread-825] INFO  impl.FollowerState (FollowerState.java:run(108)) - 8f18dce1-0a3d-4b65-9c78-af3d58b2da7f@group-091950D56227-FollowerState: change to CANDIDATE, lastRpcTime:186ms, electionTimeout:186ms
2019-10-20 17:40:07,310 [Thread-825] INFO  impl.RoleInfo (RoleInfo.java:shutdownFollowerState(121)) - 8f18dce1-0a3d-4b65-9c78-af3d58b2da7f: shutdown FollowerState
2019-10-20 17:40:07,310 [Thread-825] INFO  impl.RaftServerImpl (RaftServerImpl.java:setRole(184)) - 8f18dce1-0a3d-4b65-9c78-af3d58b2da7f@group-091950D56227: changes role from  FOLLOWER to CANDIDATE at term 132 for changeToCandidate
2019-10-20 17:40:07,311 [Thread-825] INFO  impl.RoleInfo (RoleInfo.java:updateAndGet(143)) - 8f18dce1-0a3d-4b65-9c78-af3d58b2da7f: start LeaderElection
2019-10-20 17:40:07,339 [8f18dce1-0a3d-4b65-9c78-af3d58b2da7f@group-091950D56227-LeaderElection112] INFO  impl.LeaderElection (LeaderElection.java:askForVotes(178)) - 8f18dce1-0a3d-4b65-9c78-af3d58b2da7f@group-091950D56227-LeaderElection112: begin an election at term 133 for -1: [8a63e1ae-032e-4bed-9f20-125a11f65413:0.0.0.0:38685, 8f18dce1-0a3d-4b65-9c78-af3d58b2da7f:0.0.0.0:42489, 7b1e61a0-7daf-43dd-99d5-9b325c1d31ae:0.0.0.0:38412], old=null
2019-10-20 17:40:07,342 [grpc-default-executor-1] INFO  impl.RaftServerImpl (RaftServerImpl.java:setRole(184)) - 8a63e1ae-032e-4bed-9f20-125a11f65413@group-091950D56227: changes role from  FOLLOWER to FOLLOWER at term 133 for recognizeCandidate:8f18dce1-0a3d-4b65-9c78-af3d58b2da7f
2019-10-20 17:40:07,342 [grpc-default-executor-2] INFO  impl.RaftServerImpl (RaftServerImpl.java:setRole(184)) - 7b1e61a0-7daf-43dd-99d5-9b325c1d31ae@group-091950D56227: changes role from  FOLLOWER to FOLLOWER at term 133 for recognizeCandidate:8f18dce1-0a3d-4b65-9c78-af3d58b2da7f
2019-10-20 17:40:07,342 [grpc-default-executor-1] INFO  impl.RoleInfo (RoleInfo.java:shutdownFollowerState(121)) - 8a63e1ae-032e-4bed-9f20-125a11f65413: shutdown FollowerState
2019-10-20 17:40:07,342 [grpc-default-executor-2] INFO  impl.RoleInfo (RoleInfo.java:shutdownFollowerState(121)) - 7b1e61a0-7daf-43dd-99d5-9b325c1d31ae: shutdown FollowerState
2019-10-20 17:40:07,342 [grpc-default-executor-1] INFO  impl.RoleInfo (RoleInfo.java:updateAndGet(143)) - 8a63e1ae-032e-4bed-9f20-125a11f65413: start FollowerState
2019-10-20 17:40:07,342 [Thread-823] INFO  impl.FollowerState (FollowerState.java:run(117)) - 8a63e1ae-032e-4bed-9f20-125a11f65413@group-091950D56227-FollowerState was interrupted: java.lang.InterruptedException: sleep interrupted
2019-10-20 17:40:07,343 [grpc-default-executor-2] INFO  impl.RoleInfo (RoleInfo.java:updateAndGet(143)) - 7b1e61a0-7daf-43dd-99d5-9b325c1d31ae: start FollowerState
2019-10-20 17:40:07,343 [Thread-824] INFO  impl.FollowerState (FollowerState.java:run(117)) - 7b1e61a0-7daf-43dd-99d5-9b325c1d31ae@group-091950D56227-FollowerState was interrupted: java.lang.InterruptedException: sleep interrupted
2019-10-20 17:40:07,349 [8f18dce1-0a3d-4b65-9c78-af3d58b2da7f@group-091950D56227-LeaderElection112] INFO  impl.LeaderElection (LeaderElection.java:logAndReturn(56)) - 8f18dce1-0a3d-4b65-9c78-af3d58b2da7f@group-091950D56227-LeaderElection112: Election TIMEOUT; received 0 response(s) [] and 0 exception(s); 8f18dce1-0a3d-4b65-9c78-af3d58b2da7f@group-091950D56227:t133, leader=null, voted=8f18dce1-0a3d-4b65-9c78-af3d58b2da7f, raftlog=8f18dce1-0a3d-4b65-9c78-af3d58b2da7f@group-091950D56227-SegmentedRaftLog:OPENED:c-1,f-1,i0, conf=-1: [8a63e1ae-032e-4bed-9f20-125a11f65413:0.0.0.0:38685, 8f18dce1-0a3d-4b65-9c78-af3d58b2da7f:0.0.0.0:42489, 7b1e61a0-7daf-43dd-99d5-9b325c1d31ae:0.0.0.0:38412], old=null
2019-10-20 17:40:07,365 [8f18dce1-0a3d-4b65-9c78-af3d58b2da7f@group-091950D56227-LeaderElection112] INFO  impl.LeaderElection (LeaderElection.java:askForVotes(178)) - 8f18dce1-0a3d-4b65-9c78-af3d58b2da7f@group-091950D56227-LeaderElection112: begin an election at term 134 for -1: [8a63e1ae-032e-4bed-9f20-125a11f65413:0.0.0.0:38685, 8f18dce1-0a3d-4b65-9c78-af3d58b2da7f:0.0.0.0:42489, 7b1e61a0-7daf-43dd-99d5-9b325c1d31ae:0.0.0.0:38412], old=null
2019-10-20 17:40:07,367 [grpc-default-executor-1] INFO  impl.RaftServerImpl (RaftServerImpl.java:setRole(184)) - 7b1e61a0-7daf-43dd-99d5-9b325c1d31ae@group-091950D56227: changes role from  FOLLOWER to FOLLOWER at term 134 for recognizeCandidate:8f18dce1-0a3d-4b65-9c78-af3d58b2da7f
2019-10-20 17:40:07,367 [grpc-default-executor-2] INFO  impl.RaftServerImpl (RaftServerImpl.java:setRole(184)) - 8a63e1ae-032e-4bed-9f20-125a11f65413@group-091950D56227: changes role from  FOLLOWER to FOLLOWER at term 134 for recognizeCandidate:8f18dce1-0a3d-4b65-9c78-af3d58b2da7f
2019-10-20 17:40:07,367 [grpc-default-executor-1] INFO  impl.RoleInfo (RoleInfo.java:shutdownFollowerState(121)) - 7b1e61a0-7daf-43dd-99d5-9b325c1d31ae: shutdown FollowerState
2019-10-20 17:40:07,367 [grpc-default-executor-2] INFO  impl.RoleInfo (RoleInfo.java:shutdownFollowerState(121)) - 8a63e1ae-032e-4bed-9f20-125a11f65413: shutdown FollowerState
2019-10-20 17:40:07,367 [Thread-830] INFO  impl.FollowerState (FollowerState.java:run(117)) - 7b1e61a0-7daf-43dd-99d5-9b325c1d31ae@group-091950D56227-FollowerState was interrupted: java.lang.InterruptedException: sleep interrupted
2019-10-20 17:40:07,367 [grpc-default-executor-1] INFO  impl.RoleInfo (RoleInfo.java:updateAndGet(143)) - 7b1e61a0-7daf-43dd-99d5-9b325c1d31ae: start FollowerState
2019-10-20 17:40:07,367 [Thread-829] INFO  impl.FollowerState (FollowerState.java:run(117)) - 8a63e1ae-032e-4bed-9f20-125a11f65413@group-091950D56227-FollowerState was interrupted: java.lang.InterruptedException: sleep interrupted
2019-10-20 17:40:07,367 [grpc-default-executor-2] INFO  impl.RoleInfo (RoleInfo.java:updateAndGet(143)) - 8a63e1ae-032e-4bed-9f20-125a11f65413: start FollowerState
2019-10-20 17:40:07,391 [8f18dce1-0a3d-4b65-9c78-af3d58b2da7f@group-091950D56227-LeaderElection112] INFO  impl.LeaderElection (LeaderElection.java:logAndReturn(56)) - 8f18dce1-0a3d-4b65-9c78-af3d58b2da7f@group-091950D56227-LeaderElection112: Election REJECTED; received 2 response(s) [8f18dce1-0a3d-4b65-9c78-af3d58b2da7f<-8a63e1ae-032e-4bed-9f20-125a11f65413#0:FAIL-t134, 8f18dce1-0a3d-4b65-9c78-af3d58b2da7f<-7b1e61a0-7daf-43dd-99d5-9b325c1d31ae#0:FAIL-t134] and 0 exception(s); 8f18dce1-0a3d-4b65-9c78-af3d58b2da7f@group-091950D56227:t134, leader=null, voted=8f18dce1-0a3d-4b65-9c78-af3d58b2da7f, raftlog=8f18dce1-0a3d-4b65-9c78-af3d58b2da7f@group-091950D56227-SegmentedRaftLog:OPENED:c-1,f-1,i0, conf=-1: [8a63e1ae-032e-4bed-9f20-125a11f65413:0.0.0.0:38685, 8f18dce1-0a3d-4b65-9c78-af3d58b2da7f:0.0.0.0:42489, 7b1e61a0-7daf-43dd-99d5-9b325c1d31ae:0.0.0.0:38412], old=null
2019-10-20 17:40:07,392 [8f18dce1-0a3d-4b65-9c78-af3d58b2da7f@group-091950D56227-LeaderElection112] INFO  impl.RaftServerImpl (RaftServerImpl.java:setRole(184)) - 8f18dce1-0a3d-4b65-9c78-af3d58b2da7f@group-091950D56227: changes role from CANDIDATE to FOLLOWER at term 134 for DISCOVERED_A_NEW_TERM
2019-10-20 17:40:07,392 [8f18dce1-0a3d-4b65-9c78-af3d58b2da7f@group-091950D56227-LeaderElection112] INFO  impl.RoleInfo (RoleInfo.java:shutdownLeaderElection(134)) - 8f18dce1-0a3d-4b65-9c78-af3d58b2da7f: shutdown LeaderElection
2019-10-20 17:40:07,392 [8f18dce1-0a3d-4b65-9c78-af3d58b2da7f@group-091950D56227-LeaderElection112] INFO  impl.RoleInfo (RoleInfo.java:updateAndGet(143)) - 8f18dce1-0a3d-4b65-9c78-af3d58b2da7f: start FollowerState
2019-10-20 17:40:07,409 [Thread-835] INFO  impl.FollowerState (FollowerState.java:run(108)) - 8f18dce1-0a3d-4b65-9c78-af3d58b2da7f@group-091950D56227-FollowerState: change to CANDIDATE, lastRpcTime:17ms, electionTimeout:17ms
2019-10-20 17:40:07,409 [Thread-835] INFO  impl.RoleInfo (RoleInfo.java:shutdownFollowerState(121)) - 8f18dce1-0a3d-4b65-9c78-af3d58b2da7f: shutdown FollowerState
2019-10-20 17:40:07,409 [Thread-835] INFO  impl.RaftServerImpl (RaftServerImpl.java:setRole(184)) - 8f18dce1-0a3d-4b65-9c78-af3d58b2da7f@group-091950D56227: changes role from  FOLLOWER to CANDIDATE at term 134 for changeToCandidate
2019-10-20 17:40:07,409 [Thread-835] INFO  impl.RoleInfo (RoleInfo.java:updateAndGet(143)) - 8f18dce1-0a3d-4b65-9c78-af3d58b2da7f: start LeaderElection
2019-10-20 17:40:07,433 [8f18dce1-0a3d-4b65-9c78-af3d58b2da7f@group-091950D56227-LeaderElection113] INFO  impl.LeaderElection (LeaderElection.java:askForVotes(178)) - 8f18dce1-0a3d-4b65-9c78-af3d58b2da7f@group-091950D56227-LeaderElection113: begin an election at term 135 for -1: [8a63e1ae-032e-4bed-9f20-125a11f65413:0.0.0.0:38685, 8f18dce1-0a3d-4b65-9c78-af3d58b2da7f:0.0.0.0:42489, 7b1e61a0-7daf-43dd-99d5-9b325c1d31ae:0.0.0.0:38412], old=null
2019-10-20 17:40:07,435 [grpc-default-executor-2] INFO  impl.RaftServerImpl (RaftServerImpl.java:setRole(184)) - 8a63e1ae-032e-4bed-9f20-125a11f65413@group-091950D56227: changes role from  FOLLOWER to FOLLOWER at term 135 for recognizeCandidate:8f18dce1-0a3d-4b65-9c78-af3d58b2da7f
2019-10-20 17:40:07,435 [grpc-default-executor-1] INFO  impl.RaftServerImpl (RaftServerImpl.java:setRole(184)) - 7b1e61a0-7daf-43dd-99d5-9b325c1d31ae@group-091950D56227: changes role from  FOLLOWER to FOLLOWER at term 135 for recognizeCandidate:8f18dce1-0a3d-4b65-9c78-af3d58b2da7f
2019-10-20 17:40:07,435 [grpc-default-executor-1] INFO  impl.RoleInfo (RoleInfo.java:shutdownFollowerState(121)) - 7b1e61a0-7daf-43dd-99d5-9b325c1d31ae: shutdown FollowerState
2019-10-20 17:40:07,435 [grpc-default-executor-2] INFO  impl.RoleInfo (RoleInfo.java:shutdownFollowerState(121)) - 8a63e1ae-032e-4bed-9f20-125a11f65413: shutdown FollowerState
2019-10-20 17:40:07,435 [Thread-833] INFO  impl.FollowerState (FollowerState.java:run(117)) - 7b1e61a0-7daf-43dd-99d5-9b325c1d31ae@group-091950D56227-FollowerState was interrupted: java.lang.InterruptedException: sleep interrupted
2019-10-20 17:40:07,435 [grpc-default-executor-2] INFO  impl.RoleInfo (RoleInfo.java:updateAndGet(143)) - 8a63e1ae-032e-4bed-9f20-125a11f65413: start FollowerState
2019-10-20 17:40:07,435 [grpc-default-executor-1] INFO  impl.RoleInfo (RoleInfo.java:updateAndGet(143)) - 7b1e61a0-7daf-43dd-99d5-9b325c1d31ae: start FollowerState
2019-10-20 17:40:07,435 [Thread-834] INFO  impl.FollowerState (FollowerState.java:run(117)) - 8a63e1ae-032e-4bed-9f20-125a11f65413@group-091950D56227-FollowerState was interrupted: java.lang.InterruptedException: sleep interrupted
2019-10-20 17:40:07,459 [8f18dce1-0a3d-4b65-9c78-af3d58b2da7f@group-091950D56227-LeaderElection113] INFO  impl.LeaderElection (LeaderElection.java:logAndReturn(56)) - 8f18dce1-0a3d-4b65-9c78-af3d58b2da7f@group-091950D56227-LeaderElection113: Election REJECTED; received 2 response(s) [8f18dce1-0a3d-4b65-9c78-af3d58b2da7f<-8a63e1ae-032e-4bed-9f20-125a11f65413#0:FAIL-t135, 8f18dce1-0a3d-4b65-9c78-af3d58b2da7f<-7b1e61a0-7daf-43dd-99d5-9b325c1d31ae#0:FAIL-t135] and 0 exception(s); 8f18dce1-0a3d-4b65-9c78-af3d58b2da7f@group-091950D56227:t135, leader=null, voted=8f18dce1-0a3d-4b65-9c78-af3d58b2da7f, raftlog=8f18dce1-0a3d-4b65-9c78-af3d58b2da7f@group-091950D56227-SegmentedRaftLog:OPENED:c-1,f-1,i0, conf=-1: [8a63e1ae-032e-4bed-9f20-125a11f65413:0.0.0.0:38685, 8f18dce1-0a3d-4b65-9c78-af3d58b2da7f:0.0.0.0:42489, 7b1e61a0-7daf-43dd-99d5-9b325c1d31ae:0.0.0.0:38412], old=null
2019-10-20 17:40:07,459 [8f18dce1-0a3d-4b65-9c78-af3d58b2da7f@group-091950D56227-LeaderElection113] INFO  impl.RaftServerImpl (RaftServerImpl.java:setRole(184)) - 8f18dce1-0a3d-4b65-9c78-af3d58b2da7f@group-091950D56227: changes role from CANDIDATE to FOLLOWER at term 135 for DISCOVERED_A_NEW_TERM
2019-10-20 17:40:07,459 [8f18dce1-0a3d-4b65-9c78-af3d58b2da7f@group-091950D56227-LeaderElection113] INFO  impl.RoleInfo (RoleInfo.java:shutdownLeaderElection(134)) - 8f18dce1-0a3d-4b65-9c78-af3d58b2da7f: shutdown LeaderElection
2019-10-20 17:40:07,460 [8f18dce1-0a3d-4b65-9c78-af3d58b2da7f@group-091950D56227-LeaderElection113] INFO  impl.RoleInfo (RoleInfo.java:updateAndGet(143)) - 8f18dce1-0a3d-4b65-9c78-af3d58b2da7f: start FollowerState
2019-10-20 17:40:07,525 [Thread-841] INFO  impl.FollowerState (FollowerState.java:run(108)) - 8f18dce1-0a3d-4b65-9c78-af3d58b2da7f@group-091950D56227-FollowerState: change to CANDIDATE, lastRpcTime:65ms, electionTimeout:65ms
2019-10-20 17:40:07,525 [Thread-841] INFO  impl.RoleInfo (RoleInfo.java:shutdownFollowerState(121)) - 8f18dce1-0a3d-4b65-9c78-af3d58b2da7f: shutdown FollowerState
2019-10-20 17:40:07,525 [Thread-841] INFO  impl.RaftServerImpl (RaftServerImpl.java:setRole(184)) - 8f18dce1-0a3d-4b65-9c78-af3d58b2da7f@group-091950D56227: changes role from  FOLLOWER to CANDIDATE at term 135 for changeToCandidate
2019-10-20 17:40:07,525 [Thread-841] INFO  impl.RoleInfo (RoleInfo.java:updateAndGet(143)) - 8f18dce1-0a3d-4b65-9c78-af3d58b2da7f: start LeaderElection
2019-10-20 17:40:07,550 [8f18dce1-0a3d-4b65-9c78-af3d58b2da7f@group-091950D56227-LeaderElection114] INFO  impl.LeaderElection (LeaderElection.java:askForVotes(178)) - 8f18dce1-0a3d-4b65-9c78-af3d58b2da7f@group-091950D56227-LeaderElection114: begin an election at term 136 for -1: [8a63e1ae-032e-4bed-9f20-125a11f65413:0.0.0.0:38685, 8f18dce1-0a3d-4b65-9c78-af3d58b2da7f:0.0.0.0:42489, 7b1e61a0-7daf-43dd-99d5-9b325c1d31ae:0.0.0.0:38412], old=null
2019-10-20 17:40:07,552 [grpc-default-executor-2] INFO  impl.RaftServerImpl (RaftServerImpl.java:setRole(184)) - 8a63e1ae-032e-4bed-9f20-125a11f65413@group-091950D56227: changes role from  FOLLOWER to FOLLOWER at term 136 for recognizeCandidate:8f18dce1-0a3d-4b65-9c78-af3d58b2da7f
2019-10-20 17:40:07,553 [grpc-default-executor-2] INFO  impl.RoleInfo (RoleInfo.java:shutdownFollowerState(121)) - 8a63e1ae-032e-4bed-9f20-125a11f65413: shutdown FollowerState
2019-10-20 17:40:07,553 [grpc-default-executor-1] INFO  impl.RaftServerImpl (RaftServerImpl.java:setRole(184)) - 7b1e61a0-7daf-43dd-99d5-9b325c1d31ae@group-091950D56227: changes role from  FOLLOWER to FOLLOWER at term 136 for recognizeCandidate:8f18dce1-0a3d-4b65-9c78-af3d58b2da7f
2019-10-20 17:40:07,553 [Thread-840] INFO  impl.FollowerState (FollowerState.java:run(117)) - 8a63e1ae-032e-4bed-9f20-125a11f65413@group-091950D56227-FollowerState was interrupted: java.lang.InterruptedException: sleep interrupted
2019-10-20 17:40:07,553 [grpc-default-executor-2] INFO  impl.RoleInfo (RoleInfo.java:updateAndGet(143)) - 8a63e1ae-032e-4bed-9f20-125a11f65413: start FollowerState
2019-10-20 17:40:07,553 [grpc-default-executor-1] INFO  impl.RoleInfo (RoleInfo.java:shutdownFollowerState(121)) - 7b1e61a0-7daf-43dd-99d5-9b325c1d31ae: shutdown FollowerState
2019-10-20 17:40:07,554 [grpc-default-executor-1] INFO  impl.RoleInfo (RoleInfo.java:updateAndGet(143)) - 7b1e61a0-7daf-43dd-99d5-9b325c1d31ae: start FollowerState
2019-10-20 17:40:07,554 [Thread-839] INFO  impl.FollowerState (FollowerState.java:run(117)) - 7b1e61a0-7daf-43dd-99d5-9b325c1d31ae@group-091950D56227-FollowerState was interrupted: java.lang.InterruptedException: sleep interrupted
2019-10-20 17:40:07,577 [8f18dce1-0a3d-4b65-9c78-af3d58b2da7f@group-091950D56227-LeaderElection114] INFO  impl.LeaderElection (LeaderElection.java:logAndReturn(56)) - 8f18dce1-0a3d-4b65-9c78-af3d58b2da7f@group-091950D56227-LeaderElection114: Election REJECTED; received 2 response(s) [8f18dce1-0a3d-4b65-9c78-af3d58b2da7f<-8a63e1ae-032e-4bed-9f20-125a11f65413#0:FAIL-t136, 8f18dce1-0a3d-4b65-9c78-af3d58b2da7f<-7b1e61a0-7daf-43dd-99d5-9b325c1d31ae#0:FAIL-t136] and 0 exception(s); 8f18dce1-0a3d-4b65-9c78-af3d58b2da7f@group-091950D56227:t136, leader=null, voted=8f18dce1-0a3d-4b65-9c78-af3d58b2da7f, raftlog=8f18dce1-0a3d-4b65-9c78-af3d58b2da7f@group-091950D56227-SegmentedRaftLog:OPENED:c-1,f-1,i0, conf=-1: [8a63e1ae-032e-4bed-9f20-125a11f65413:0.0.0.0:38685, 8f18dce1-0a3d-4b65-9c78-af3d58b2da7f:0.0.0.0:42489, 7b1e61a0-7daf-43dd-99d5-9b325c1d31ae:0.0.0.0:38412], old=null
2019-10-20 17:40:07,577 [8f18dce1-0a3d-4b65-9c78-af3d58b2da7f@group-091950D56227-LeaderElection114] INFO  impl.RaftServerImpl (RaftServerImpl.java:setRole(184)) - 8f18dce1-0a3d-4b65-9c78-af3d58b2da7f@group-091950D56227: changes role from CANDIDATE to FOLLOWER at term 136 for DISCOVERED_A_NEW_TERM
2019-10-20 17:40:07,577 [8f18dce1-0a3d-4b65-9c78-af3d58b2da7f@group-091950D56227-LeaderElection114] INFO  impl.RoleInfo (RoleInfo.java:shutdownLeaderElection(134)) - 8f18dce1-0a3d-4b65-9c78-af3d58b2da7f: shutdown LeaderElection
2019-10-20 17:40:07,577 [8f18dce1-0a3d-4b65-9c78-af3d58b2da7f@group-091950D56227-LeaderElection114] INFO  impl.RoleInfo (RoleInfo.java:updateAndGet(143)) - 8f18dce1-0a3d-4b65-9c78-af3d58b2da7f: start FollowerState
2019-10-20 17:40:07,618 [Thread-847] INFO  impl.FollowerState (FollowerState.java:run(108)) - 8f18dce1-0a3d-4b65-9c78-af3d58b2da7f@group-091950D56227-FollowerState: change to CANDIDATE, lastRpcTime:41ms, electionTimeout:41ms
2019-10-20 17:40:07,619 [Thread-847] INFO  impl.RoleInfo (RoleInfo.java:shutdownFollowerState(121)) - 8f18dce1-0a3d-4b65-9c78-af3d58b2da7f: shutdown FollowerState
2019-10-20 17:40:07,619 [Thread-847] INFO  impl.RaftServerImpl (RaftServerImpl.java:setRole(184)) - 8f18dce1-0a3d-4b65-9c78-af3d58b2da7f@group-091950D56227: changes role from  FOLLOWER to CANDIDATE at term 136 for changeToCandidate
2019-10-20 17:40:07,619 [Thread-847] INFO  impl.RoleInfo (RoleInfo.java:updateAndGet(143)) - 8f18dce1-0a3d-4b65-9c78-af3d58b2da7f: start LeaderElection
2019-10-20 17:40:07,643 [8f18dce1-0a3d-4b65-9c78-af3d58b2da7f@group-091950D56227-LeaderElection115] INFO  impl.LeaderElection (LeaderElection.java:askForVotes(178)) - 8f18dce1-0a3d-4b65-9c78-af3d58b2da7f@group-091950D56227-LeaderElection115: begin an election at term 137 for -1: [8a63e1ae-032e-4bed-9f20-125a11f65413:0.0.0.0:38685, 8f18dce1-0a3d-4b65-9c78-af3d58b2da7f:0.0.0.0:42489, 7b1e61a0-7daf-43dd-99d5-9b325c1d31ae:0.0.0.0:38412], old=null
2019-10-20 17:40:07,645 [grpc-default-executor-1] INFO  impl.RaftServerImpl (RaftServerImpl.java:setRole(184)) - 8a63e1ae-032e-4bed-9f20-125a11f65413@group-091950D56227: changes role from  FOLLOWER to FOLLOWER at term 137 for recognizeCandidate:8f18dce1-0a3d-4b65-9c78-af3d58b2da7f
2019-10-20 17:40:07,645 [grpc-default-executor-2] INFO  impl.RaftServerImpl (RaftServerImpl.java:setRole(184)) - 7b1e61a0-7daf-43dd-99d5-9b325c1d31ae@group-091950D56227: changes role from  FOLLOWER to FOLLOWER at term 137 for recognizeCandidate:8f18dce1-0a3d-4b65-9c78-af3d58b2da7f
2019-10-20 17:40:07,645 [grpc-default-executor-1] INFO  impl.RoleInfo (RoleInfo.java:shutdownFollowerState(121)) - 8a63e1ae-032e-4bed-9f20-125a11f65413: shutdown FollowerState
2019-10-20 17:40:07,646 [grpc-default-executor-2] INFO  impl.RoleInfo (RoleInfo.java:shutdownFollowerState(121)) - 7b1e61a0-7daf-43dd-99d5-9b325c1d31ae: shutdown FollowerState
2019-10-20 17:40:07,646 [Thread-845] INFO  impl.FollowerState (FollowerState.java:run(117)) - 8a63e1ae-032e-4bed-9f20-125a11f65413@group-091950D56227-FollowerState was interrupted: java.lang.InterruptedException: sleep interrupted
2019-10-20 17:40:07,646 [grpc-default-executor-1] INFO  impl.RoleInfo (RoleInfo.java:updateAndGet(143)) - 8a63e1ae-032e-4bed-9f20-125a11f65413: start FollowerState
2019-10-20 17:40:07,646 [Thread-846] INFO  impl.FollowerState (FollowerState.java:run(117)) - 7b1e61a0-7daf-43dd-99d5-9b325c1d31ae@group-091950D56227-FollowerState was interrupted: java.lang.InterruptedException: sleep interrupted
2019-10-20 17:40:07,646 [grpc-default-executor-2] INFO  impl.RoleInfo (RoleInfo.java:updateAndGet(143)) - 7b1e61a0-7daf-43dd-99d5-9b325c1d31ae: start FollowerState
2019-10-20 17:40:07,669 [8f18dce1-0a3d-4b65-9c78-af3d58b2da7f@group-091950D56227-LeaderElection115] INFO  impl.LeaderElection (LeaderElection.java:logAndReturn(56)) - 8f18dce1-0a3d-4b65-9c78-af3d58b2da7f@group-091950D56227-LeaderElection115: Election REJECTED; received 2 response(s) [8f18dce1-0a3d-4b65-9c78-af3d58b2da7f<-8a63e1ae-032e-4bed-9f20-125a11f65413#0:FAIL-t137, 8f18dce1-0a3d-4b65-9c78-af3d58b2da7f<-7b1e61a0-7daf-43dd-99d5-9b325c1d31ae#0:FAIL-t137] and 0 exception(s); 8f18dce1-0a3d-4b65-9c78-af3d58b2da7f@group-091950D56227:t137, leader=null, voted=8f18dce1-0a3d-4b65-9c78-af3d58b2da7f, raftlog=8f18dce1-0a3d-4b65-9c78-af3d58b2da7f@group-091950D56227-SegmentedRaftLog:OPENED:c-1,f-1,i0, conf=-1: [8a63e1ae-032e-4bed-9f20-125a11f65413:0.0.0.0:38685, 8f18dce1-0a3d-4b65-9c78-af3d58b2da7f:0.0.0.0:42489, 7b1e61a0-7daf-43dd-99d5-9b325c1d31ae:0.0.0.0:38412], old=null
2019-10-20 17:40:07,670 [8f18dce1-0a3d-4b65-9c78-af3d58b2da7f@group-091950D56227-LeaderElection115] INFO  impl.RaftServerImpl (RaftServerImpl.java:setRole(184)) - 8f18dce1-0a3d-4b65-9c78-af3d58b2da7f@group-091950D56227: changes role from CANDIDATE to FOLLOWER at term 137 for DISCOVERED_A_NEW_TERM
2019-10-20 17:40:07,670 [8f18dce1-0a3d-4b65-9c78-af3d58b2da7f@group-091950D56227-LeaderElection115] INFO  impl.RoleInfo (RoleInfo.java:shutdownLeaderElection(134)) - 8f18dce1-0a3d-4b65-9c78-af3d58b2da7f: shutdown LeaderElection
2019-10-20 17:40:07,670 [8f18dce1-0a3d-4b65-9c78-af3d58b2da7f@group-091950D56227-LeaderElection115] INFO  impl.RoleInfo (RoleInfo.java:updateAndGet(143)) - 8f18dce1-0a3d-4b65-9c78-af3d58b2da7f: start FollowerState
2019-10-20 17:40:07,728 [Thread-853] INFO  impl.FollowerState (FollowerState.java:run(108)) - 8f18dce1-0a3d-4b65-9c78-af3d58b2da7f@group-091950D56227-FollowerState: change to CANDIDATE, lastRpcTime:58ms, electionTimeout:58ms
2019-10-20 17:40:07,728 [Thread-853] INFO  impl.RoleInfo (RoleInfo.java:shutdownFollowerState(121)) - 8f18dce1-0a3d-4b65-9c78-af3d58b2da7f: shutdown FollowerState
2019-10-20 17:40:07,729 [Thread-853] INFO  impl.RaftServerImpl (RaftServerImpl.java:setRole(184)) - 8f18dce1-0a3d-4b65-9c78-af3d58b2da7f@group-091950D56227: changes role from  FOLLOWER to CANDIDATE at term 137 for changeToCandidate
2019-10-20 17:40:07,729 [Thread-853] INFO  impl.RoleInfo (RoleInfo.java:updateAndGet(143)) - 8f18dce1-0a3d-4b65-9c78-af3d58b2da7f: start LeaderElection
2019-10-20 17:40:07,752 [8f18dce1-0a3d-4b65-9c78-af3d58b2da7f@group-091950D56227-LeaderElection116] INFO  impl.LeaderElection (LeaderElection.java:askForVotes(178)) - 8f18dce1-0a3d-4b65-9c78-af3d58b2da7f@group-091950D56227-LeaderElection116: begin an election at term 138 for -1: [8a63e1ae-032e-4bed-9f20-125a11f65413:0.0.0.0:38685, 8f18dce1-0a3d-4b65-9c78-af3d58b2da7f:0.0.0.0:42489, 7b1e61a0-7daf-43dd-99d5-9b325c1d31ae:0.0.0.0:38412], old=null
2019-10-20 17:40:07,754 [grpc-default-executor-2] INFO  impl.RaftServerImpl (RaftServerImpl.java:setRole(184)) - 8a63e1ae-032e-4bed-9f20-125a11f65413@group-091950D56227: changes role from  FOLLOWER to FOLLOWER at term 138 for recognizeCandidate:8f18dce1-0a3d-4b65-9c78-af3d58b2da7f
2019-10-20 17:40:07,754 [grpc-default-executor-2] INFO  impl.RoleInfo (RoleInfo.java:shutdownFollowerState(121)) - 8a63e1ae-032e-4bed-9f20-125a11f65413: shutdown FollowerState
2019-10-20 17:40:07,755 [grpc-default-executor-1] INFO  impl.RaftServerImpl (RaftServerImpl.java:setRole(184)) - 7b1e61a0-7daf-43dd-99d5-9b325c1d31ae@group-091950D56227: changes role from  FOLLOWER to FOLLOWER at term 138 for recognizeCandidate:8f18dce1-0a3d-4b65-9c78-af3d58b2da7f
2019-10-20 17:40:07,755 [Thread-851] INFO  impl.FollowerState (FollowerState.java:run(117)) - 8a63e1ae-032e-4bed-9f20-125a11f65413@group-091950D56227-FollowerState was interrupted: java.lang.InterruptedException: sleep interrupted
2019-10-20 17:40:07,755 [grpc-default-executor-2] INFO  impl.RoleInfo (RoleInfo.java:updateAndGet(143)) - 8a63e1ae-032e-4bed-9f20-125a11f65413: start FollowerState
2019-10-20 17:40:07,755 [grpc-default-executor-1] INFO  impl.RoleInfo (RoleInfo.java:shutdownFollowerState(121)) - 7b1e61a0-7daf-43dd-99d5-9b325c1d31ae: shutdown FollowerState
2019-10-20 17:40:07,755 [grpc-default-executor-1] INFO  impl.RoleInfo (RoleInfo.java:updateAndGet(143)) - 7b1e61a0-7daf-43dd-99d5-9b325c1d31ae: start FollowerState
2019-10-20 17:40:07,755 [Thread-852] INFO  impl.FollowerState (FollowerState.java:run(117)) - 7b1e61a0-7daf-43dd-99d5-9b325c1d31ae@group-091950D56227-FollowerState was interrupted: java.lang.InterruptedException: sleep interrupted
2019-10-20 17:40:07,779 [8f18dce1-0a3d-4b65-9c78-af3d58b2da7f@group-091950D56227-LeaderElection116] INFO  impl.LeaderElection (LeaderElection.java:logAndReturn(56)) - 8f18dce1-0a3d-4b65-9c78-af3d58b2da7f@group-091950D56227-LeaderElection116: Election REJECTED; received 2 response(s) [8f18dce1-0a3d-4b65-9c78-af3d58b2da7f<-8a63e1ae-032e-4bed-9f20-125a11f65413#0:FAIL-t138, 8f18dce1-0a3d-4b65-9c78-af3d58b2da7f<-7b1e61a0-7daf-43dd-99d5-9b325c1d31ae#0:FAIL-t138] and 0 exception(s); 8f18dce1-0a3d-4b65-9c78-af3d58b2da7f@group-091950D56227:t138, leader=null, voted=8f18dce1-0a3d-4b65-9c78-af3d58b2da7f, raftlog=8f18dce1-0a3d-4b65-9c78-af3d58b2da7f@group-091950D56227-SegmentedRaftLog:OPENED:c-1,f-1,i0, conf=-1: [8a63e1ae-032e-4bed-9f20-125a11f65413:0.0.0.0:38685, 8f18dce1-0a3d-4b65-9c78-af3d58b2da7f:0.0.0.0:42489, 7b1e61a0-7daf-43dd-99d5-9b325c1d31ae:0.0.0.0:38412], old=null
2019-10-20 17:40:07,779 [8f18dce1-0a3d-4b65-9c78-af3d58b2da7f@group-091950D56227-LeaderElection116] INFO  impl.RaftServerImpl (RaftServerImpl.java:setRole(184)) - 8f18dce1-0a3d-4b65-9c78-af3d58b2da7f@group-091950D56227: changes role from CANDIDATE to FOLLOWER at term 138 for DISCOVERED_A_NEW_TERM
2019-10-20 17:40:07,779 [8f18dce1-0a3d-4b65-9c78-af3d58b2da7f@group-091950D56227-LeaderElection116] INFO  impl.RoleInfo (RoleInfo.java:shutdownLeaderElection(134)) - 8f18dce1-0a3d-4b65-9c78-af3d58b2da7f: shutdown LeaderElection
2019-10-20 17:40:07,779 [8f18dce1-0a3d-4b65-9c78-af3d58b2da7f@group-091950D56227-LeaderElection116] INFO  impl.RoleInfo (RoleInfo.java:updateAndGet(143)) - 8f18dce1-0a3d-4b65-9c78-af3d58b2da7f: start FollowerState
2019-10-20 17:40:07,972 [Thread-859] INFO  impl.FollowerState (FollowerState.java:run(108)) - 8f18dce1-0a3d-4b65-9c78-af3d58b2da7f@group-091950D56227-FollowerState: change to CANDIDATE, lastRpcTime:193ms, electionTimeout:193ms
2019-10-20 17:40:07,973 [Thread-859] INFO  impl.RoleInfo (RoleInfo.java:shutdownFollowerState(121)) - 8f18dce1-0a3d-4b65-9c78-af3d58b2da7f: shutdown FollowerState
2019-10-20 17:40:07,973 [Thread-859] INFO  impl.RaftServerImpl (RaftServerImpl.java:setRole(184)) - 8f18dce1-0a3d-4b65-9c78-af3d58b2da7f@group-091950D56227: changes role from  FOLLOWER to CANDIDATE at term 138 for changeToCandidate
2019-10-20 17:40:07,973 [Thread-859] INFO  impl.RoleInfo (RoleInfo.java:updateAndGet(143)) - 8f18dce1-0a3d-4b65-9c78-af3d58b2da7f: start LeaderElection
2019-10-20 17:40:08,012 [8f18dce1-0a3d-4b65-9c78-af3d58b2da7f@group-091950D56227-LeaderElection117] INFO  impl.LeaderElection (LeaderElection.java:askForVotes(178)) - 8f18dce1-0a3d-4b65-9c78-af3d58b2da7f@group-091950D56227-LeaderElection117: begin an election at term 139 for -1: [8a63e1ae-032e-4bed-9f20-125a11f65413:0.0.0.0:38685, 8f18dce1-0a3d-4b65-9c78-af3d58b2da7f:0.0.0.0:42489, 7b1e61a0-7daf-43dd-99d5-9b325c1d31ae:0.0.0.0:38412], old=null
2019-10-20 17:40:08,014 [grpc-default-executor-2] INFO  impl.RaftServerImpl (RaftServerImpl.java:setRole(184)) - 8a63e1ae-032e-4bed-9f20-125a11f65413@group-091950D56227: changes role from  FOLLOWER to FOLLOWER at term 139 for recognizeCandidate:8f18dce1-0a3d-4b65-9c78-af3d58b2da7f
2019-10-20 17:40:08,014 [grpc-default-executor-1] INFO  impl.RaftServerImpl (RaftServerImpl.java:setRole(184)) - 7b1e61a0-7daf-43dd-99d5-9b325c1d31ae@group-091950D56227: changes role from  FOLLOWER to FOLLOWER at term 139 for recognizeCandidate:8f18dce1-0a3d-4b65-9c78-af3d58b2da7f
2019-10-20 17:40:08,014 [grpc-default-executor-2] INFO  impl.RoleInfo (RoleInfo.java:shutdownFollowerState(121)) - 8a63e1ae-032e-4bed-9f20-125a11f65413: shutdown FollowerState
2019-10-20 17:40:08,014 [grpc-default-executor-1] INFO  impl.RoleInfo (RoleInfo.java:shutdownFollowerState(121)) - 7b1e61a0-7daf-43dd-99d5-9b325c1d31ae: shutdown FollowerState
2019-10-20 17:40:08,015 [Thread-857] INFO  impl.FollowerState (FollowerState.java:run(117)) - 8a63e1ae-032e-4bed-9f20-125a11f65413@group-091950D56227-FollowerState was interrupted: java.lang.InterruptedException: sleep interrupted
2019-10-20 17:40:08,015 [Thread-858] INFO  impl.FollowerState (FollowerState.java:run(117)) - 7b1e61a0-7daf-43dd-99d5-9b325c1d31ae@group-091950D56227-FollowerState was interrupted: java.lang.InterruptedException: sleep interrupted
2019-10-20 17:40:08,015 [grpc-default-executor-2] INFO  impl.RoleInfo (RoleInfo.java:updateAndGet(143)) - 8a63e1ae-032e-4bed-9f20-125a11f65413: start FollowerState
2019-10-20 17:40:08,015 [grpc-default-executor-1] INFO  impl.RoleInfo (RoleInfo.java:updateAndGet(143)) - 7b1e61a0-7daf-43dd-99d5-9b325c1d31ae: start FollowerState
2019-10-20 17:40:08,038 [8f18dce1-0a3d-4b65-9c78-af3d58b2da7f@group-091950D56227-LeaderElection117] INFO  impl.LeaderElection (LeaderElection.java:logAndReturn(56)) - 8f18dce1-0a3d-4b65-9c78-af3d58b2da7f@group-091950D56227-LeaderElection117: Election REJECTED; received 2 response(s) [8f18dce1-0a3d-4b65-9c78-af3d58b2da7f<-8a63e1ae-032e-4bed-9f20-125a11f65413#0:FAIL-t139, 8f18dce1-0a3d-4b65-9c78-af3d58b2da7f<-7b1e61a0-7daf-43dd-99d5-9b325c1d31ae#0:FAIL-t139] and 0 exception(s); 8f18dce1-0a3d-4b65-9c78-af3d58b2da7f@group-091950D56227:t139, leader=null, voted=8f18dce1-0a3d-4b65-9c78-af3d58b2da7f, raftlog=8f18dce1-0a3d-4b65-9c78-af3d58b2da7f@group-091950D56227-SegmentedRaftLog:OPENED:c-1,f-1,i0, conf=-1: [8a63e1ae-032e-4bed-9f20-125a11f65413:0.0.0.0:38685, 8f18dce1-0a3d-4b65-9c78-af3d58b2da7f:0.0.0.0:42489, 7b1e61a0-7daf-43dd-99d5-9b325c1d31ae:0.0.0.0:38412], old=null
2019-10-20 17:40:08,039 [8f18dce1-0a3d-4b65-9c78-af3d58b2da7f@group-091950D56227-LeaderElection117] INFO  impl.RaftServerImpl (RaftServerImpl.java:setRole(184)) - 8f18dce1-0a3d-4b65-9c78-af3d58b2da7f@group-091950D56227: changes role from CANDIDATE to FOLLOWER at term 139 for DISCOVERED_A_NEW_TERM
2019-10-20 17:40:08,039 [8f18dce1-0a3d-4b65-9c78-af3d58b2da7f@group-091950D56227-LeaderElection117] INFO  impl.RoleInfo (RoleInfo.java:shutdownLeaderElection(134)) - 8f18dce1-0a3d-4b65-9c78-af3d58b2da7f: shutdown LeaderElection
2019-10-20 17:40:08,039 [8f18dce1-0a3d-4b65-9c78-af3d58b2da7f@group-091950D56227-LeaderElection117] INFO  impl.RoleInfo (RoleInfo.java:updateAndGet(143)) - 8f18dce1-0a3d-4b65-9c78-af3d58b2da7f: start FollowerState
2019-10-20 17:40:08,097 [Thread-867] INFO  impl.FollowerState (FollowerState.java:run(108)) - 8f18dce1-0a3d-4b65-9c78-af3d58b2da7f@group-091950D56227-FollowerState: change to CANDIDATE, lastRpcTime:57ms, electionTimeout:57ms
2019-10-20 17:40:08,097 [Thread-867] INFO  impl.RoleInfo (RoleInfo.java:shutdownFollowerState(121)) - 8f18dce1-0a3d-4b65-9c78-af3d58b2da7f: shutdown FollowerState
2019-10-20 17:40:08,098 [Thread-867] INFO  impl.RaftServerImpl (RaftServerImpl.java:setRole(184)) - 8f18dce1-0a3d-4b65-9c78-af3d58b2da7f@group-091950D56227: changes role from  FOLLOWER to CANDIDATE at term 139 for changeToCandidate
2019-10-20 17:40:08,098 [Thread-867] INFO  impl.RoleInfo (RoleInfo.java:updateAndGet(143)) - 8f18dce1-0a3d-4b65-9c78-af3d58b2da7f: start LeaderElection
2019-10-20 17:40:08,122 [8f18dce1-0a3d-4b65-9c78-af3d58b2da7f@group-091950D56227-LeaderElection118] INFO  impl.LeaderElection (LeaderElection.java:askForVotes(178)) - 8f18dce1-0a3d-4b65-9c78-af3d58b2da7f@group-091950D56227-LeaderElection118: begin an election at term 140 for -1: [8a63e1ae-032e-4bed-9f20-125a11f65413:0.0.0.0:38685, 8f18dce1-0a3d-4b65-9c78-af3d58b2da7f:0.0.0.0:42489, 7b1e61a0-7daf-43dd-99d5-9b325c1d31ae:0.0.0.0:38412], old=null
2019-10-20 17:40:08,124 [grpc-default-executor-1] INFO  impl.RaftServerImpl (RaftServerImpl.java:setRole(184)) - 8a63e1ae-032e-4bed-9f20-125a11f65413@group-091950D56227: changes role from  FOLLOWER to FOLLOWER at term 140 for recognizeCandidate:8f18dce1-0a3d-4b65-9c78-af3d58b2da7f
2019-10-20 17:40:08,124 [grpc-default-executor-0] INFO  impl.RaftServerImpl (RaftServerImpl.java:setRole(184)) - 7b1e61a0-7daf-43dd-99d5-9b325c1d31ae@group-091950D56227: changes role from  FOLLOWER to FOLLOWER at term 140 for recognizeCandidate:8f18dce1-0a3d-4b65-9c78-af3d58b2da7f
2019-10-20 17:40:08,124 [grpc-default-executor-1] INFO  impl.RoleInfo (RoleInfo.java:shutdownFollowerState(121)) - 8a63e1ae-032e-4bed-9f20-125a11f65413: shutdown FollowerState
2019-10-20 17:40:08,125 [grpc-default-executor-0] INFO  impl.RoleInfo (RoleInfo.java:shutdownFollowerState(121)) - 7b1e61a0-7daf-43dd-99d5-9b325c1d31ae: shutdown FollowerState
2019-10-20 17:40:08,125 [grpc-default-executor-1] INFO  impl.RoleInfo (RoleInfo.java:updateAndGet(143)) - 8a63e1ae-032e-4bed-9f20-125a11f65413: start FollowerState
2019-10-20 17:40:08,125 [Thread-863] INFO  impl.FollowerState (FollowerState.java:run(117)) - 8a63e1ae-032e-4bed-9f20-125a11f65413@group-091950D56227-FollowerState was interrupted: java.lang.InterruptedException: sleep interrupted
2019-10-20 17:40:08,125 [Thread-864] INFO  impl.FollowerState (FollowerState.java:run(117)) - 7b1e61a0-7daf-43dd-99d5-9b325c1d31ae@group-091950D56227-FollowerState was interrupted: java.lang.InterruptedException: sleep interrupted
2019-10-20 17:40:08,125 [grpc-default-executor-0] INFO  impl.RoleInfo (RoleInfo.java:updateAndGet(143)) - 7b1e61a0-7daf-43dd-99d5-9b325c1d31ae: start FollowerState
2019-10-20 17:40:08,148 [8f18dce1-0a3d-4b65-9c78-af3d58b2da7f@group-091950D56227-LeaderElection118] INFO  impl.LeaderElection (LeaderElection.java:logAndReturn(56)) - 8f18dce1-0a3d-4b65-9c78-af3d58b2da7f@group-091950D56227-LeaderElection118: Election REJECTED; received 2 response(s) [8f18dce1-0a3d-4b65-9c78-af3d58b2da7f<-8a63e1ae-032e-4bed-9f20-125a11f65413#0:FAIL-t140, 8f18dce1-0a3d-4b65-9c78-af3d58b2da7f<-7b1e61a0-7daf-43dd-99d5-9b325c1d31ae#0:FAIL-t140] and 0 exception(s); 8f18dce1-0a3d-4b65-9c78-af3d58b2da7f@group-091950D56227:t140, leader=null, voted=8f18dce1-0a3d-4b65-9c78-af3d58b2da7f, raftlog=8f18dce1-0a3d-4b65-9c78-af3d58b2da7f@group-091950D56227-SegmentedRaftLog:OPENED:c-1,f-1,i0, conf=-1: [8a63e1ae-032e-4bed-9f20-125a11f65413:0.0.0.0:38685, 8f18dce1-0a3d-4b65-9c78-af3d58b2da7f:0.0.0.0:42489, 7b1e61a0-7daf-43dd-99d5-9b325c1d31ae:0.0.0.0:38412], old=null
2019-10-20 17:40:08,148 [8f18dce1-0a3d-4b65-9c78-af3d58b2da7f@group-091950D56227-LeaderElection118] INFO  impl.RaftServerImpl (RaftServerImpl.java:setRole(184)) - 8f18dce1-0a3d-4b65-9c78-af3d58b2da7f@group-091950D56227: changes role from CANDIDATE to FOLLOWER at term 140 for DISCOVERED_A_NEW_TERM
2019-10-20 17:40:08,148 [8f18dce1-0a3d-4b65-9c78-af3d58b2da7f@group-091950D56227-LeaderElection118] INFO  impl.RoleInfo (RoleInfo.java:shutdownLeaderElection(134)) - 8f18dce1-0a3d-4b65-9c78-af3d58b2da7f: shutdown LeaderElection
2019-10-20 17:40:08,149 [8f18dce1-0a3d-4b65-9c78-af3d58b2da7f@group-091950D56227-LeaderElection118] INFO  impl.RoleInfo (RoleInfo.java:updateAndGet(143)) - 8f18dce1-0a3d-4b65-9c78-af3d58b2da7f: start FollowerState
2019-10-20 17:40:08,220 [Thread-873] INFO  impl.FollowerState (FollowerState.java:run(108)) - 8f18dce1-0a3d-4b65-9c78-af3d58b2da7f@group-091950D56227-FollowerState: change to CANDIDATE, lastRpcTime:71ms, electionTimeout:71ms
2019-10-20 17:40:08,220 [Thread-873] INFO  impl.RoleInfo (RoleInfo.java:shutdownFollowerState(121)) - 8f18dce1-0a3d-4b65-9c78-af3d58b2da7f: shutdown FollowerState
2019-10-20 17:40:08,220 [Thread-873] INFO  impl.RaftServerImpl (RaftServerImpl.java:setRole(184)) - 8f18dce1-0a3d-4b65-9c78-af3d58b2da7f@group-091950D56227: changes role from  FOLLOWER to CANDIDATE at term 140 for changeToCandidate
2019-10-20 17:40:08,220 [Thread-873] INFO  impl.RoleInfo (RoleInfo.java:updateAndGet(143)) - 8f18dce1-0a3d-4b65-9c78-af3d58b2da7f: start LeaderElection
2019-10-20 17:40:08,248 [8f18dce1-0a3d-4b65-9c78-af3d58b2da7f@group-091950D56227-LeaderElection119] INFO  impl.LeaderElection (LeaderElection.java:askForVotes(178)) - 8f18dce1-0a3d-4b65-9c78-af3d58b2da7f@group-091950D56227-LeaderElection119: begin an election at term 141 for -1: [8a63e1ae-032e-4bed-9f20-125a11f65413:0.0.0.0:38685, 8f18dce1-0a3d-4b65-9c78-af3d58b2da7f:0.0.0.0:42489, 7b1e61a0-7daf-43dd-99d5-9b325c1d31ae:0.0.0.0:38412], old=null
2019-10-20 17:40:08,250 [grpc-default-executor-0] INFO  impl.RaftServerImpl (RaftServerImpl.java:setRole(184)) - 7b1e61a0-7daf-43dd-99d5-9b325c1d31ae@group-091950D56227: changes role from  FOLLOWER to FOLLOWER at term 141 for recognizeCandidate:8f18dce1-0a3d-4b65-9c78-af3d58b2da7f
2019-10-20 17:40:08,250 [grpc-default-executor-1] INFO  impl.RaftServerImpl (RaftServerImpl.java:setRole(184)) - 8a63e1ae-032e-4bed-9f20-125a11f65413@group-091950D56227: changes role from  FOLLOWER to FOLLOWER at term 141 for recognizeCandidate:8f18dce1-0a3d-4b65-9c78-af3d58b2da7f
2019-10-20 17:40:08,250 [grpc-default-executor-0] INFO  impl.RoleInfo (RoleInfo.java:shutdownFollowerState(121)) - 7b1e61a0-7daf-43dd-99d5-9b325c1d31ae: shutdown FollowerState
2019-10-20 17:40:08,250 [grpc-default-executor-1] INFO  impl.RoleInfo (RoleInfo.java:shutdownFollowerState(121)) - 8a63e1ae-032e-4bed-9f20-125a11f65413: shutdown FollowerState
2019-10-20 17:40:08,250 [Thread-872] INFO  impl.FollowerState (FollowerState.java:run(117)) - 7b1e61a0-7daf-43dd-99d5-9b325c1d31ae@group-091950D56227-FollowerState was interrupted: java.lang.InterruptedException: sleep interrupted
2019-10-20 17:40:08,250 [grpc-default-executor-0] INFO  impl.RoleInfo (RoleInfo.java:updateAndGet(143)) - 7b1e61a0-7daf-43dd-99d5-9b325c1d31ae: start FollowerState
2019-10-20 17:40:08,250 [Thread-871] INFO  impl.FollowerState (FollowerState.java:run(117)) - 8a63e1ae-032e-4bed-9f20-125a11f65413@group-091950D56227-FollowerState was interrupted: java.lang.InterruptedException: sleep interrupted
2019-10-20 17:40:08,250 [grpc-default-executor-1] INFO  impl.RoleInfo (RoleInfo.java:updateAndGet(143)) - 8a63e1ae-032e-4bed-9f20-125a11f65413: start FollowerState
2019-10-20 17:40:08,274 [8f18dce1-0a3d-4b65-9c78-af3d58b2da7f@group-091950D56227-LeaderElection119] INFO  impl.LeaderElection (LeaderElection.java:logAndReturn(56)) - 8f18dce1-0a3d-4b65-9c78-af3d58b2da7f@group-091950D56227-LeaderElection119: Election REJECTED; received 2 response(s) [8f18dce1-0a3d-4b65-9c78-af3d58b2da7f<-8a63e1ae-032e-4bed-9f20-125a11f65413#0:FAIL-t141, 8f18dce1-0a3d-4b65-9c78-af3d58b2da7f<-7b1e61a0-7daf-43dd-99d5-9b325c1d31ae#0:FAIL-t141] and 0 exception(s); 8f18dce1-0a3d-4b65-9c78-af3d58b2da7f@group-091950D56227:t141, leader=null, voted=8f18dce1-0a3d-4b65-9c78-af3d58b2da7f, raftlog=8f18dce1-0a3d-4b65-9c78-af3d58b2da7f@group-091950D56227-SegmentedRaftLog:OPENED:c-1,f-1,i0, conf=-1: [8a63e1ae-032e-4bed-9f20-125a11f65413:0.0.0.0:38685, 8f18dce1-0a3d-4b65-9c78-af3d58b2da7f:0.0.0.0:42489, 7b1e61a0-7daf-43dd-99d5-9b325c1d31ae:0.0.0.0:38412], old=null
2019-10-20 17:40:08,274 [8f18dce1-0a3d-4b65-9c78-af3d58b2da7f@group-091950D56227-LeaderElection119] INFO  impl.RaftServerImpl (RaftServerImpl.java:setRole(184)) - 8f18dce1-0a3d-4b65-9c78-af3d58b2da7f@group-091950D56227: changes role from CANDIDATE to FOLLOWER at term 141 for DISCOVERED_A_NEW_TERM
2019-10-20 17:40:08,275 [8f18dce1-0a3d-4b65-9c78-af3d58b2da7f@group-091950D56227-LeaderElection119] INFO  impl.RoleInfo (RoleInfo.java:shutdownLeaderElection(134)) - 8f18dce1-0a3d-4b65-9c78-af3d58b2da7f: shutdown LeaderElection
2019-10-20 17:40:08,275 [8f18dce1-0a3d-4b65-9c78-af3d58b2da7f@group-091950D56227-LeaderElection119] INFO  impl.RoleInfo (RoleInfo.java:updateAndGet(143)) - 8f18dce1-0a3d-4b65-9c78-af3d58b2da7f: start FollowerState
2019-10-20 17:40:08,297 [Thread-879] INFO  impl.FollowerState (FollowerState.java:run(108)) - 8f18dce1-0a3d-4b65-9c78-af3d58b2da7f@group-091950D56227-FollowerState: change to CANDIDATE, lastRpcTime:22ms, electionTimeout:22ms
2019-10-20 17:40:08,297 [Thread-879] INFO  impl.RoleInfo (RoleInfo.java:shutdownFollowerState(121)) - 8f18dce1-0a3d-4b65-9c78-af3d58b2da7f: shutdown FollowerState
2019-10-20 17:40:08,297 [Thread-879] INFO  impl.RaftServerImpl (RaftServerImpl.java:setRole(184)) - 8f18dce1-0a3d-4b65-9c78-af3d58b2da7f@group-091950D56227: changes role from  FOLLOWER to CANDIDATE at term 141 for changeToCandidate
2019-10-20 17:40:08,297 [Thread-879] INFO  impl.RoleInfo (RoleInfo.java:updateAndGet(143)) - 8f18dce1-0a3d-4b65-9c78-af3d58b2da7f: start LeaderElection
2019-10-20 17:40:08,324 [8f18dce1-0a3d-4b65-9c78-af3d58b2da7f@group-091950D56227-LeaderElection120] INFO  impl.LeaderElection (LeaderElection.java:askForVotes(178)) - 8f18dce1-0a3d-4b65-9c78-af3d58b2da7f@group-091950D56227-LeaderElection120: begin an election at term 142 for -1: [8a63e1ae-032e-4bed-9f20-125a11f65413:0.0.0.0:38685, 8f18dce1-0a3d-4b65-9c78-af3d58b2da7f:0.0.0.0:42489, 7b1e61a0-7daf-43dd-99d5-9b325c1d31ae:0.0.0.0:38412], old=null
2019-10-20 17:40:08,325 [grpc-default-executor-0] INFO  impl.RaftServerImpl (RaftServerImpl.java:setRole(184)) - 8a63e1ae-032e-4bed-9f20-125a11f65413@group-091950D56227: changes role from  FOLLOWER to FOLLOWER at term 142 for recognizeCandidate:8f18dce1-0a3d-4b65-9c78-af3d58b2da7f
2019-10-20 17:40:08,326 [grpc-default-executor-0] INFO  impl.RoleInfo (RoleInfo.java:shutdownFollowerState(121)) - 8a63e1ae-032e-4bed-9f20-125a11f65413: shutdown FollowerState
2019-10-20 17:40:08,326 [grpc-default-executor-0] INFO  impl.RoleInfo (RoleInfo.java:updateAndGet(143)) - 8a63e1ae-032e-4bed-9f20-125a11f65413: start FollowerState
2019-10-20 17:40:08,326 [grpc-default-executor-1] INFO  impl.RaftServerImpl (RaftServerImpl.java:setRole(184)) - 7b1e61a0-7daf-43dd-99d5-9b325c1d31ae@group-091950D56227: changes role from  FOLLOWER to FOLLOWER at term 142 for recognizeCandidate:8f18dce1-0a3d-4b65-9c78-af3d58b2da7f
2019-10-20 17:40:08,326 [grpc-default-executor-1] INFO  impl.RoleInfo (RoleInfo.java:shutdownFollowerState(121)) - 7b1e61a0-7daf-43dd-99d5-9b325c1d31ae: shutdown FollowerState
2019-10-20 17:40:08,326 [Thread-878] INFO  impl.FollowerState (FollowerState.java:run(117)) - 8a63e1ae-032e-4bed-9f20-125a11f65413@group-091950D56227-FollowerState was interrupted: java.lang.InterruptedException: sleep interrupted
2019-10-20 17:40:08,326 [Thread-877] INFO  impl.FollowerState (FollowerState.java:run(117)) - 7b1e61a0-7daf-43dd-99d5-9b325c1d31ae@group-091950D56227-FollowerState was interrupted: java.lang.InterruptedException: sleep interrupted
2019-10-20 17:40:08,326 [grpc-default-executor-1] INFO  impl.RoleInfo (RoleInfo.java:updateAndGet(143)) - 7b1e61a0-7daf-43dd-99d5-9b325c1d31ae: start FollowerState
2019-10-20 17:40:08,336 [8f18dce1-0a3d-4b65-9c78-af3d58b2da7f@group-091950D56227-LeaderElection120] INFO  impl.LeaderElection (LeaderElection.java:logAndReturn(56)) - 8f18dce1-0a3d-4b65-9c78-af3d58b2da7f@group-091950D56227-LeaderElection120: Election TIMEOUT; received 0 response(s) [] and 0 exception(s); 8f18dce1-0a3d-4b65-9c78-af3d58b2da7f@group-091950D56227:t142, leader=null, voted=8f18dce1-0a3d-4b65-9c78-af3d58b2da7f, raftlog=8f18dce1-0a3d-4b65-9c78-af3d58b2da7f@group-091950D56227-SegmentedRaftLog:OPENED:c-1,f-1,i0, conf=-1: [8a63e1ae-032e-4bed-9f20-125a11f65413:0.0.0.0:38685, 8f18dce1-0a3d-4b65-9c78-af3d58b2da7f:0.0.0.0:42489, 7b1e61a0-7daf-43dd-99d5-9b325c1d31ae:0.0.0.0:38412], old=null
2019-10-20 17:40:08,349 [8f18dce1-0a3d-4b65-9c78-af3d58b2da7f@group-091950D56227-LeaderElection120] INFO  impl.LeaderElection (LeaderElection.java:askForVotes(178)) - 8f18dce1-0a3d-4b65-9c78-af3d58b2da7f@group-091950D56227-LeaderElection120: begin an election at term 143 for -1: [8a63e1ae-032e-4bed-9f20-125a11f65413:0.0.0.0:38685, 8f18dce1-0a3d-4b65-9c78-af3d58b2da7f:0.0.0.0:42489, 7b1e61a0-7daf-43dd-99d5-9b325c1d31ae:0.0.0.0:38412], old=null
2019-10-20 17:40:08,351 [grpc-default-executor-0] INFO  impl.RaftServerImpl (RaftServerImpl.java:setRole(184)) - 8a63e1ae-032e-4bed-9f20-125a11f65413@group-091950D56227: changes role from  FOLLOWER to FOLLOWER at term 143 for recognizeCandidate:8f18dce1-0a3d-4b65-9c78-af3d58b2da7f
2019-10-20 17:40:08,351 [grpc-default-executor-0] INFO  impl.RoleInfo (RoleInfo.java:shutdownFollowerState(121)) - 8a63e1ae-032e-4bed-9f20-125a11f65413: shutdown FollowerState
2019-10-20 17:40:08,351 [grpc-default-executor-0] INFO  impl.RoleInfo (RoleInfo.java:updateAndGet(143)) - 8a63e1ae-032e-4bed-9f20-125a11f65413: start FollowerState
2019-10-20 17:40:08,351 [grpc-default-executor-1] INFO  impl.RaftServerImpl (RaftServerImpl.java:setRole(184)) - 7b1e61a0-7daf-43dd-99d5-9b325c1d31ae@group-091950D56227: changes role from  FOLLOWER to FOLLOWER at term 143 for recognizeCandidate:8f18dce1-0a3d-4b65-9c78-af3d58b2da7f
2019-10-20 17:40:08,351 [Thread-883] INFO  impl.FollowerState (FollowerState.java:run(117)) - 8a63e1ae-032e-4bed-9f20-125a11f65413@group-091950D56227-FollowerState was interrupted: java.lang.InterruptedException: sleep interrupted
2019-10-20 17:40:08,351 [grpc-default-executor-1] INFO  impl.RoleInfo (RoleInfo.java:shutdownFollowerState(121)) - 7b1e61a0-7daf-43dd-99d5-9b325c1d31ae: shutdown FollowerState
2019-10-20 17:40:08,352 [grpc-default-executor-1] INFO  impl.RoleInfo (RoleInfo.java:updateAndGet(143)) - 7b1e61a0-7daf-43dd-99d5-9b325c1d31ae: start FollowerState
2019-10-20 17:40:08,352 [Thread-884] INFO  impl.FollowerState (FollowerState.java:run(117)) - 7b1e61a0-7daf-43dd-99d5-9b325c1d31ae@group-091950D56227-FollowerState was interrupted: java.lang.InterruptedException: sleep interrupted
2019-10-20 17:40:08,376 [8f18dce1-0a3d-4b65-9c78-af3d58b2da7f@group-091950D56227-LeaderElection120] INFO  impl.LeaderElection (LeaderElection.java:logAndReturn(56)) - 8f18dce1-0a3d-4b65-9c78-af3d58b2da7f@group-091950D56227-LeaderElection120: Election REJECTED; received 2 response(s) [8f18dce1-0a3d-4b65-9c78-af3d58b2da7f<-8a63e1ae-032e-4bed-9f20-125a11f65413#0:FAIL-t143, 8f18dce1-0a3d-4b65-9c78-af3d58b2da7f<-7b1e61a0-7daf-43dd-99d5-9b325c1d31ae#0:FAIL-t143] and 0 exception(s); 8f18dce1-0a3d-4b65-9c78-af3d58b2da7f@group-091950D56227:t143, leader=null, voted=8f18dce1-0a3d-4b65-9c78-af3d58b2da7f, raftlog=8f18dce1-0a3d-4b65-9c78-af3d58b2da7f@group-091950D56227-SegmentedRaftLog:OPENED:c-1,f-1,i0, conf=-1: [8a63e1ae-032e-4bed-9f20-125a11f65413:0.0.0.0:38685, 8f18dce1-0a3d-4b65-9c78-af3d58b2da7f:0.0.0.0:42489, 7b1e61a0-7daf-43dd-99d5-9b325c1d31ae:0.0.0.0:38412], old=null
2019-10-20 17:40:08,376 [8f18dce1-0a3d-4b65-9c78-af3d58b2da7f@group-091950D56227-LeaderElection120] INFO  impl.RaftServerImpl (RaftServerImpl.java:setRole(184)) - 8f18dce1-0a3d-4b65-9c78-af3d58b2da7f@group-091950D56227: changes role from CANDIDATE to FOLLOWER at term 143 for DISCOVERED_A_NEW_TERM
2019-10-20 17:40:08,376 [8f18dce1-0a3d-4b65-9c78-af3d58b2da7f@group-091950D56227-LeaderElection120] INFO  impl.RoleInfo (RoleInfo.java:shutdownLeaderElection(134)) - 8f18dce1-0a3d-4b65-9c78-af3d58b2da7f: shutdown LeaderElection
2019-10-20 17:40:08,376 [8f18dce1-0a3d-4b65-9c78-af3d58b2da7f@group-091950D56227-LeaderElection120] INFO  impl.RoleInfo (RoleInfo.java:updateAndGet(143)) - 8f18dce1-0a3d-4b65-9c78-af3d58b2da7f: start FollowerState
2019-10-20 17:40:08,531 [Thread-889] INFO  impl.FollowerState (FollowerState.java:run(108)) - 8f18dce1-0a3d-4b65-9c78-af3d58b2da7f@group-091950D56227-FollowerState: change to CANDIDATE, lastRpcTime:155ms, electionTimeout:155ms
2019-10-20 17:40:08,532 [Thread-889] INFO  impl.RoleInfo (RoleInfo.java:shutdownFollowerState(121)) - 8f18dce1-0a3d-4b65-9c78-af3d58b2da7f: shutdown FollowerState
2019-10-20 17:40:08,532 [Thread-889] INFO  impl.RaftServerImpl (RaftServerImpl.java:setRole(184)) - 8f18dce1-0a3d-4b65-9c78-af3d58b2da7f@group-091950D56227: changes role from  FOLLOWER to CANDIDATE at term 143 for changeToCandidate
2019-10-20 17:40:08,532 [Thread-889] INFO  impl.RoleInfo (RoleInfo.java:updateAndGet(143)) - 8f18dce1-0a3d-4b65-9c78-af3d58b2da7f: start LeaderElection
2019-10-20 17:40:08,559 [8f18dce1-0a3d-4b65-9c78-af3d58b2da7f@group-091950D56227-LeaderElection121] INFO  impl.LeaderElection (LeaderElection.java:askForVotes(178)) - 8f18dce1-0a3d-4b65-9c78-af3d58b2da7f@group-091950D56227-LeaderElection121: begin an election at term 144 for -1: [8a63e1ae-032e-4bed-9f20-125a11f65413:0.0.0.0:38685, 8f18dce1-0a3d-4b65-9c78-af3d58b2da7f:0.0.0.0:42489, 7b1e61a0-7daf-43dd-99d5-9b325c1d31ae:0.0.0.0:38412], old=null
2019-10-20 17:40:08,561 [grpc-default-executor-1] INFO  impl.RaftServerImpl (RaftServerImpl.java:setRole(184)) - 7b1e61a0-7daf-43dd-99d5-9b325c1d31ae@group-091950D56227: changes role from  FOLLOWER to FOLLOWER at term 144 for recognizeCandidate:8f18dce1-0a3d-4b65-9c78-af3d58b2da7f
2019-10-20 17:40:08,561 [grpc-default-executor-1] INFO  impl.RoleInfo (RoleInfo.java:shutdownFollowerState(121)) - 7b1e61a0-7daf-43dd-99d5-9b325c1d31ae: shutdown FollowerState
2019-10-20 17:40:08,561 [grpc-default-executor-0] INFO  impl.RaftServerImpl (RaftServerImpl.java:setRole(184)) - 8a63e1ae-032e-4bed-9f20-125a11f65413@group-091950D56227: changes role from  FOLLOWER to FOLLOWER at term 144 for recognizeCandidate:8f18dce1-0a3d-4b65-9c78-af3d58b2da7f
2019-10-20 17:40:08,562 [Thread-888] INFO  impl.FollowerState (FollowerState.java:run(117)) - 7b1e61a0-7daf-43dd-99d5-9b325c1d31ae@group-091950D56227-FollowerState was interrupted: java.lang.InterruptedException: sleep interrupted
2019-10-20 17:40:08,562 [grpc-default-executor-1] INFO  impl.RoleInfo (RoleInfo.java:updateAndGet(143)) - 7b1e61a0-7daf-43dd-99d5-9b325c1d31ae: start FollowerState
2019-10-20 17:40:08,562 [grpc-default-executor-0] INFO  impl.RoleInfo (RoleInfo.java:shutdownFollowerState(121)) - 8a63e1ae-032e-4bed-9f20-125a11f65413: shutdown FollowerState
2019-10-20 17:40:08,562 [grpc-default-executor-0] INFO  impl.RoleInfo (RoleInfo.java:updateAndGet(143)) - 8a63e1ae-032e-4bed-9f20-125a11f65413: start FollowerState
2019-10-20 17:40:08,562 [Thread-887] INFO  impl.FollowerState (FollowerState.java:run(117)) - 8a63e1ae-032e-4bed-9f20-125a11f65413@group-091950D56227-FollowerState was interrupted: java.lang.InterruptedException: sleep interrupted
2019-10-20 17:40:08,585 [8f18dce1-0a3d-4b65-9c78-af3d58b2da7f@group-091950D56227-LeaderElection121] INFO  impl.LeaderElection (LeaderElection.java:logAndReturn(56)) - 8f18dce1-0a3d-4b65-9c78-af3d58b2da7f@group-091950D56227-LeaderElection121: Election REJECTED; received 2 response(s) [8f18dce1-0a3d-4b65-9c78-af3d58b2da7f<-8a63e1ae-032e-4bed-9f20-125a11f65413#0:FAIL-t144, 8f18dce1-0a3d-4b65-9c78-af3d58b2da7f<-7b1e61a0-7daf-43dd-99d5-9b325c1d31ae#0:FAIL-t144] and 0 exception(s); 8f18dce1-0a3d-4b65-9c78-af3d58b2da7f@group-091950D56227:t144, leader=null, voted=8f18dce1-0a3d-4b65-9c78-af3d58b2da7f, raftlog=8f18dce1-0a3d-4b65-9c78-af3d58b2da7f@group-091950D56227-SegmentedRaftLog:OPENED:c-1,f-1,i0, conf=-1: [8a63e1ae-032e-4bed-9f20-125a11f65413:0.0.0.0:38685, 8f18dce1-0a3d-4b65-9c78-af3d58b2da7f:0.0.0.0:42489, 7b1e61a0-7daf-43dd-99d5-9b325c1d31ae:0.0.0.0:38412], old=null
2019-10-20 17:40:08,585 [8f18dce1-0a3d-4b65-9c78-af3d58b2da7f@group-091950D56227-LeaderElection121] INFO  impl.RaftServerImpl (RaftServerImpl.java:setRole(184)) - 8f18dce1-0a3d-4b65-9c78-af3d58b2da7f@group-091950D56227: changes role from CANDIDATE to FOLLOWER at term 144 for DISCOVERED_A_NEW_TERM
2019-10-20 17:40:08,585 [8f18dce1-0a3d-4b65-9c78-af3d58b2da7f@group-091950D56227-LeaderElection121] INFO  impl.RoleInfo (RoleInfo.java:shutdownLeaderElection(134)) - 8f18dce1-0a3d-4b65-9c78-af3d58b2da7f: shutdown LeaderElection
2019-10-20 17:40:08,586 [8f18dce1-0a3d-4b65-9c78-af3d58b2da7f@group-091950D56227-LeaderElection121] INFO  impl.RoleInfo (RoleInfo.java:updateAndGet(143)) - 8f18dce1-0a3d-4b65-9c78-af3d58b2da7f: start FollowerState
2019-10-20 17:40:08,624 [Thread-895] INFO  impl.FollowerState (FollowerState.java:run(108)) - 8f18dce1-0a3d-4b65-9c78-af3d58b2da7f@group-091950D56227-FollowerState: change to CANDIDATE, lastRpcTime:38ms, electionTimeout:38ms
2019-10-20 17:40:08,624 [Thread-895] INFO  impl.RoleInfo (RoleInfo.java:shutdownFollowerState(121)) - 8f18dce1-0a3d-4b65-9c78-af3d58b2da7f: shutdown FollowerState
2019-10-20 17:40:08,624 [Thread-895] INFO  impl.RaftServerImpl (RaftServerImpl.java:setRole(184)) - 8f18dce1-0a3d-4b65-9c78-af3d58b2da7f@group-091950D56227: changes role from  FOLLOWER to CANDIDATE at term 144 for changeToCandidate
2019-10-20 17:40:08,624 [Thread-895] INFO  impl.RoleInfo (RoleInfo.java:updateAndGet(143)) - 8f18dce1-0a3d-4b65-9c78-af3d58b2da7f: start LeaderElection
2019-10-20 17:40:08,651 [8f18dce1-0a3d-4b65-9c78-af3d58b2da7f@group-091950D56227-LeaderElection122] INFO  impl.LeaderElection (LeaderElection.java:askForVotes(178)) - 8f18dce1-0a3d-4b65-9c78-af3d58b2da7f@group-091950D56227-LeaderElection122: begin an election at term 145 for -1: [8a63e1ae-032e-4bed-9f20-125a11f65413:0.0.0.0:38685, 8f18dce1-0a3d-4b65-9c78-af3d58b2da7f:0.0.0.0:42489, 7b1e61a0-7daf-43dd-99d5-9b325c1d31ae:0.0.0.0:38412], old=null
2019-10-20 17:40:08,653 [grpc-default-executor-1] INFO  impl.RaftServerImpl (RaftServerImpl.java:setRole(184)) - 7b1e61a0-7daf-43dd-99d5-9b325c1d31ae@group-091950D56227: changes role from  FOLLOWER to FOLLOWER at term 145 for recognizeCandidate:8f18dce1-0a3d-4b65-9c78-af3d58b2da7f
2019-10-20 17:40:08,654 [grpc-default-executor-1] INFO  impl.RoleInfo (RoleInfo.java:shutdownFollowerState(121)) - 7b1e61a0-7daf-43dd-99d5-9b325c1d31ae: shutdown FollowerState
2019-10-20 17:40:08,654 [grpc-default-executor-0] INFO  impl.RaftServerImpl (RaftServerImpl.java:setRole(184)) - 8a63e1ae-032e-4bed-9f20-125a11f65413@group-091950D56227: changes role from  FOLLOWER to FOLLOWER at term 145 for recognizeCandidate:8f18dce1-0a3d-4b65-9c78-af3d58b2da7f
2019-10-20 17:40:08,654 [Thread-893] INFO  impl.FollowerState (FollowerState.java:run(117)) - 7b1e61a0-7daf-43dd-99d5-9b325c1d31ae@group-091950D56227-FollowerState was interrupted: java.lang.InterruptedException: sleep interrupted
2019-10-20 17:40:08,654 [grpc-default-executor-1] INFO  impl.RoleInfo (RoleInfo.java:updateAndGet(143)) - 7b1e61a0-7daf-43dd-99d5-9b325c1d31ae: start FollowerState
2019-10-20 17:40:08,654 [grpc-default-executor-0] INFO  impl.RoleInfo (RoleInfo.java:shutdownFollowerState(121)) - 8a63e1ae-032e-4bed-9f20-125a11f65413: shutdown FollowerState
2019-10-20 17:40:08,654 [grpc-default-executor-0] INFO  impl.RoleInfo (RoleInfo.java:updateAndGet(143)) - 8a63e1ae-032e-4bed-9f20-125a11f65413: start FollowerState
2019-10-20 17:40:08,654 [Thread-894] INFO  impl.FollowerState (FollowerState.java:run(117)) - 8a63e1ae-032e-4bed-9f20-125a11f65413@group-091950D56227-FollowerState was interrupted: java.lang.InterruptedException: sleep interrupted
2019-10-20 17:40:08,678 [8f18dce1-0a3d-4b65-9c78-af3d58b2da7f@group-091950D56227-LeaderElection122] INFO  impl.LeaderElection (LeaderElection.java:logAndReturn(56)) - 8f18dce1-0a3d-4b65-9c78-af3d58b2da7f@group-091950D56227-LeaderElection122: Election REJECTED; received 2 response(s) [8f18dce1-0a3d-4b65-9c78-af3d58b2da7f<-8a63e1ae-032e-4bed-9f20-125a11f65413#0:FAIL-t145, 8f18dce1-0a3d-4b65-9c78-af3d58b2da7f<-7b1e61a0-7daf-43dd-99d5-9b325c1d31ae#0:FAIL-t145] and 0 exception(s); 8f18dce1-0a3d-4b65-9c78-af3d58b2da7f@group-091950D56227:t145, leader=null, voted=8f18dce1-0a3d-4b65-9c78-af3d58b2da7f, raftlog=8f18dce1-0a3d-4b65-9c78-af3d58b2da7f@group-091950D56227-SegmentedRaftLog:OPENED:c-1,f-1,i0, conf=-1: [8a63e1ae-032e-4bed-9f20-125a11f65413:0.0.0.0:38685, 8f18dce1-0a3d-4b65-9c78-af3d58b2da7f:0.0.0.0:42489, 7b1e61a0-7daf-43dd-99d5-9b325c1d31ae:0.0.0.0:38412], old=null
2019-10-20 17:40:08,678 [8f18dce1-0a3d-4b65-9c78-af3d58b2da7f@group-091950D56227-LeaderElection122] INFO  impl.RaftServerImpl (RaftServerImpl.java:setRole(184)) - 8f18dce1-0a3d-4b65-9c78-af3d58b2da7f@group-091950D56227: changes role from CANDIDATE to FOLLOWER at term 145 for DISCOVERED_A_NEW_TERM
2019-10-20 17:40:08,678 [8f18dce1-0a3d-4b65-9c78-af3d58b2da7f@group-091950D56227-LeaderElection122] INFO  impl.RoleInfo (RoleInfo.java:shutdownLeaderElection(134)) - 8f18dce1-0a3d-4b65-9c78-af3d58b2da7f: shutdown LeaderElection
2019-10-20 17:40:08,678 [8f18dce1-0a3d-4b65-9c78-af3d58b2da7f@group-091950D56227-LeaderElection122] INFO  impl.RoleInfo (RoleInfo.java:updateAndGet(143)) - 8f18dce1-0a3d-4b65-9c78-af3d58b2da7f: start FollowerState
2019-10-20 17:40:08,796 [Thread-901] INFO  impl.FollowerState (FollowerState.java:run(108)) - 8f18dce1-0a3d-4b65-9c78-af3d58b2da7f@group-091950D56227-FollowerState: change to CANDIDATE, lastRpcTime:117ms, electionTimeout:117ms
2019-10-20 17:40:08,796 [Thread-901] INFO  impl.RoleInfo (RoleInfo.java:shutdownFollowerState(121)) - 8f18dce1-0a3d-4b65-9c78-af3d58b2da7f: shutdown FollowerState
2019-10-20 17:40:08,796 [Thread-901] INFO  impl.RaftServerImpl (RaftServerImpl.java:setRole(184)) - 8f18dce1-0a3d-4b65-9c78-af3d58b2da7f@group-091950D56227: changes role from  FOLLOWER to CANDIDATE at term 145 for changeToCandidate
2019-10-20 17:40:08,796 [Thread-901] INFO  impl.RoleInfo (RoleInfo.java:updateAndGet(143)) - 8f18dce1-0a3d-4b65-9c78-af3d58b2da7f: start LeaderElection
2019-10-20 17:40:08,819 [8f18dce1-0a3d-4b65-9c78-af3d58b2da7f@group-091950D56227-LeaderElection123] INFO  impl.LeaderElection (LeaderElection.java:askForVotes(178)) - 8f18dce1-0a3d-4b65-9c78-af3d58b2da7f@group-091950D56227-LeaderElection123: begin an election at term 146 for -1: [8a63e1ae-032e-4bed-9f20-125a11f65413:0.0.0.0:38685, 8f18dce1-0a3d-4b65-9c78-af3d58b2da7f:0.0.0.0:42489, 7b1e61a0-7daf-43dd-99d5-9b325c1d31ae:0.0.0.0:38412], old=null
2019-10-20 17:40:08,822 [grpc-default-executor-0] INFO  impl.RaftServerImpl (RaftServerImpl.java:setRole(184)) - 7b1e61a0-7daf-43dd-99d5-9b325c1d31ae@group-091950D56227: changes role from  FOLLOWER to FOLLOWER at term 146 for recognizeCandidate:8f18dce1-0a3d-4b65-9c78-af3d58b2da7f
2019-10-20 17:40:08,822 [grpc-default-executor-1] INFO  impl.RaftServerImpl (RaftServerImpl.java:setRole(184)) - 8a63e1ae-032e-4bed-9f20-125a11f65413@group-091950D56227: changes role from  FOLLOWER to FOLLOWER at term 146 for recognizeCandidate:8f18dce1-0a3d-4b65-9c78-af3d58b2da7f
2019-10-20 17:40:08,822 [grpc-default-executor-0] INFO  impl.RoleInfo (RoleInfo.java:shutdownFollowerState(121)) - 7b1e61a0-7daf-43dd-99d5-9b325c1d31ae: shutdown FollowerState
2019-10-20 17:40:08,822 [grpc-default-executor-1] INFO  impl.RoleInfo (RoleInfo.java:shutdownFollowerState(121)) - 8a63e1ae-032e-4bed-9f20-125a11f65413: shutdown FollowerState
2019-10-20 17:40:08,822 [Thread-899] INFO  impl.FollowerState (FollowerState.java:run(117)) - 7b1e61a0-7daf-43dd-99d5-9b325c1d31ae@group-091950D56227-FollowerState was interrupted: java.lang.InterruptedException: sleep interrupted
2019-10-20 17:40:08,822 [Thread-900] INFO  impl.FollowerState (FollowerState.java:run(117)) - 8a63e1ae-032e-4bed-9f20-125a11f65413@group-091950D56227-FollowerState was interrupted: java.lang.InterruptedException: sleep interrupted
2019-10-20 17:40:08,822 [grpc-default-executor-0] INFO  impl.RoleInfo (RoleInfo.java:updateAndGet(143)) - 7b1e61a0-7daf-43dd-99d5-9b325c1d31ae: start FollowerState
2019-10-20 17:40:08,822 [grpc-default-executor-1] INFO  impl.RoleInfo (RoleInfo.java:updateAndGet(143)) - 8a63e1ae-032e-4bed-9f20-125a11f65413: start FollowerState
2019-10-20 17:40:08,845 [8f18dce1-0a3d-4b65-9c78-af3d58b2da7f@group-091950D56227-LeaderElection123] INFO  impl.LeaderElection (LeaderElection.java:logAndReturn(56)) - 8f18dce1-0a3d-4b65-9c78-af3d58b2da7f@group-091950D56227-LeaderElection123: Election REJECTED; received 2 response(s) [8f18dce1-0a3d-4b65-9c78-af3d58b2da7f<-8a63e1ae-032e-4bed-9f20-125a11f65413#0:FAIL-t146, 8f18dce1-0a3d-4b65-9c78-af3d58b2da7f<-7b1e61a0-7daf-43dd-99d5-9b325c1d31ae#0:FAIL-t146] and 0 exception(s); 8f18dce1-0a3d-4b65-9c78-af3d58b2da7f@group-091950D56227:t146, leader=null, voted=8f18dce1-0a3d-4b65-9c78-af3d58b2da7f, raftlog=8f18dce1-0a3d-4b65-9c78-af3d58b2da7f@group-091950D56227-SegmentedRaftLog:OPENED:c-1,f-1,i0, conf=-1: [8a63e1ae-032e-4bed-9f20-125a11f65413:0.0.0.0:38685, 8f18dce1-0a3d-4b65-9c78-af3d58b2da7f:0.0.0.0:42489, 7b1e61a0-7daf-43dd-99d5-9b325c1d31ae:0.0.0.0:38412], old=null
2019-10-20 17:40:08,846 [8f18dce1-0a3d-4b65-9c78-af3d58b2da7f@group-091950D56227-LeaderElection123] INFO  impl.RaftServerImpl (RaftServerImpl.java:setRole(184)) - 8f18dce1-0a3d-4b65-9c78-af3d58b2da7f@group-091950D56227: changes role from CANDIDATE to FOLLOWER at term 146 for DISCOVERED_A_NEW_TERM
2019-10-20 17:40:08,846 [8f18dce1-0a3d-4b65-9c78-af3d58b2da7f@group-091950D56227-LeaderElection123] INFO  impl.RoleInfo (RoleInfo.java:shutdownLeaderElection(134)) - 8f18dce1-0a3d-4b65-9c78-af3d58b2da7f: shutdown LeaderElection
2019-10-20 17:40:08,846 [8f18dce1-0a3d-4b65-9c78-af3d58b2da7f@group-091950D56227-LeaderElection123] INFO  impl.RoleInfo (RoleInfo.java:updateAndGet(143)) - 8f18dce1-0a3d-4b65-9c78-af3d58b2da7f: start FollowerState
2019-10-20 17:40:08,890 [Thread-907] INFO  impl.FollowerState (FollowerState.java:run(108)) - 8f18dce1-0a3d-4b65-9c78-af3d58b2da7f@group-091950D56227-FollowerState: change to CANDIDATE, lastRpcTime:44ms, electionTimeout:44ms
2019-10-20 17:40:08,891 [Thread-907] INFO  impl.RoleInfo (RoleInfo.java:shutdownFollowerState(121)) - 8f18dce1-0a3d-4b65-9c78-af3d58b2da7f: shutdown FollowerState
2019-10-20 17:40:08,891 [Thread-907] INFO  impl.RaftServerImpl (RaftServerImpl.java:setRole(184)) - 8f18dce1-0a3d-4b65-9c78-af3d58b2da7f@group-091950D56227: changes role from  FOLLOWER to CANDIDATE at term 146 for changeToCandidate
2019-10-20 17:40:08,891 [Thread-907] INFO  impl.RoleInfo (RoleInfo.java:updateAndGet(143)) - 8f18dce1-0a3d-4b65-9c78-af3d58b2da7f: start LeaderElection
2019-10-20 17:40:08,920 [8f18dce1-0a3d-4b65-9c78-af3d58b2da7f@group-091950D56227-LeaderElection124] INFO  impl.LeaderElection (LeaderElection.java:askForVotes(178)) - 8f18dce1-0a3d-4b65-9c78-af3d58b2da7f@group-091950D56227-LeaderElection124: begin an election at term 147 for -1: [8a63e1ae-032e-4bed-9f20-125a11f65413:0.0.0.0:38685, 8f18dce1-0a3d-4b65-9c78-af3d58b2da7f:0.0.0.0:42489, 7b1e61a0-7daf-43dd-99d5-9b325c1d31ae:0.0.0.0:38412], old=null
2019-10-20 17:40:08,922 [grpc-default-executor-1] INFO  impl.RaftServerImpl (RaftServerImpl.java:setRole(184)) - 7b1e61a0-7daf-43dd-99d5-9b325c1d31ae@group-091950D56227: changes role from  FOLLOWER to FOLLOWER at term 147 for recognizeCandidate:8f18dce1-0a3d-4b65-9c78-af3d58b2da7f
2019-10-20 17:40:08,922 [grpc-default-executor-0] INFO  impl.RaftServerImpl (RaftServerImpl.java:setRole(184)) - 8a63e1ae-032e-4bed-9f20-125a11f65413@group-091950D56227: changes role from  FOLLOWER to FOLLOWER at term 147 for recognizeCandidate:8f18dce1-0a3d-4b65-9c78-af3d58b2da7f
2019-10-20 17:40:08,923 [grpc-default-executor-0] INFO  impl.RoleInfo (RoleInfo.java:shutdownFollowerState(121)) - 8a63e1ae-032e-4bed-9f20-125a11f65413: shutdown FollowerState
2019-10-20 17:40:08,923 [grpc-default-executor-1] INFO  impl.RoleInfo (RoleInfo.java:shutdownFollowerState(121)) - 7b1e61a0-7daf-43dd-99d5-9b325c1d31ae: shutdown FollowerState
2019-10-20 17:40:08,923 [Thread-906] INFO  impl.FollowerState (FollowerState.java:run(117)) - 8a63e1ae-032e-4bed-9f20-125a11f65413@group-091950D56227-FollowerState was interrupted: java.lang.InterruptedException: sleep interrupted
2019-10-20 17:40:08,923 [grpc-default-executor-0] INFO  impl.RoleInfo (RoleInfo.java:updateAndGet(143)) - 8a63e1ae-032e-4bed-9f20-125a11f65413: start FollowerState
2019-10-20 17:40:08,923 [Thread-905] INFO  impl.FollowerState (FollowerState.java:run(117)) - 7b1e61a0-7daf-43dd-99d5-9b325c1d31ae@group-091950D56227-FollowerState was interrupted: java.lang.InterruptedException: sleep interrupted
2019-10-20 17:40:08,923 [grpc-default-executor-1] INFO  impl.RoleInfo (RoleInfo.java:updateAndGet(143)) - 7b1e61a0-7daf-43dd-99d5-9b325c1d31ae: start FollowerState
2019-10-20 17:40:08,946 [8f18dce1-0a3d-4b65-9c78-af3d58b2da7f@group-091950D56227-LeaderElection124] INFO  impl.LeaderElection (LeaderElection.java:logAndReturn(56)) - 8f18dce1-0a3d-4b65-9c78-af3d58b2da7f@group-091950D56227-LeaderElection124: Election REJECTED; received 2 response(s) [8f18dce1-0a3d-4b65-9c78-af3d58b2da7f<-8a63e1ae-032e-4bed-9f20-125a11f65413#0:FAIL-t147, 8f18dce1-0a3d-4b65-9c78-af3d58b2da7f<-7b1e61a0-7daf-43dd-99d5-9b325c1d31ae#0:FAIL-t147] and 0 exception(s); 8f18dce1-0a3d-4b65-9c78-af3d58b2da7f@group-091950D56227:t147, leader=null, voted=8f18dce1-0a3d-4b65-9c78-af3d58b2da7f, raftlog=8f18dce1-0a3d-4b65-9c78-af3d58b2da7f@group-091950D56227-SegmentedRaftLog:OPENED:c-1,f-1,i0, conf=-1: [8a63e1ae-032e-4bed-9f20-125a11f65413:0.0.0.0:38685, 8f18dce1-0a3d-4b65-9c78-af3d58b2da7f:0.0.0.0:42489, 7b1e61a0-7daf-43dd-99d5-9b325c1d31ae:0.0.0.0:38412], old=null
2019-10-20 17:40:08,947 [8f18dce1-0a3d-4b65-9c78-af3d58b2da7f@group-091950D56227-LeaderElection124] INFO  impl.RaftServerImpl (RaftServerImpl.java:setRole(184)) - 8f18dce1-0a3d-4b65-9c78-af3d58b2da7f@group-091950D56227: changes role from CANDIDATE to FOLLOWER at term 147 for DISCOVERED_A_NEW_TERM
2019-10-20 17:40:08,947 [8f18dce1-0a3d-4b65-9c78-af3d58b2da7f@group-091950D56227-LeaderElection124] INFO  impl.RoleInfo (RoleInfo.java:shutdownLeaderElection(134)) - 8f18dce1-0a3d-4b65-9c78-af3d58b2da7f: shutdown LeaderElection
2019-10-20 17:40:08,947 [8f18dce1-0a3d-4b65-9c78-af3d58b2da7f@group-091950D56227-LeaderElection124] INFO  impl.RoleInfo (RoleInfo.java:updateAndGet(143)) - 8f18dce1-0a3d-4b65-9c78-af3d58b2da7f: start FollowerState
2019-10-20 17:40:09,055 [Thread-913] INFO  impl.FollowerState (FollowerState.java:run(108)) - 8f18dce1-0a3d-4b65-9c78-af3d58b2da7f@group-091950D56227-FollowerState: change to CANDIDATE, lastRpcTime:108ms, electionTimeout:108ms
2019-10-20 17:40:09,056 [Thread-913] INFO  impl.RoleInfo (RoleInfo.java:shutdownFollowerState(121)) - 8f18dce1-0a3d-4b65-9c78-af3d58b2da7f: shutdown FollowerState
2019-10-20 17:40:09,056 [Thread-913] INFO  impl.RaftServerImpl (RaftServerImpl.java:setRole(184)) - 8f18dce1-0a3d-4b65-9c78-af3d58b2da7f@group-091950D56227: changes role from  FOLLOWER to CANDIDATE at term 147 for changeToCandidate
2019-10-20 17:40:09,056 [Thread-913] INFO  impl.RoleInfo (RoleInfo.java:updateAndGet(143)) - 8f18dce1-0a3d-4b65-9c78-af3d58b2da7f: start LeaderElection
2019-10-20 17:40:09,079 [8f18dce1-0a3d-4b65-9c78-af3d58b2da7f@group-091950D56227-LeaderElection125] INFO  impl.LeaderElection (LeaderElection.java:askForVotes(178)) - 8f18dce1-0a3d-4b65-9c78-af3d58b2da7f@group-091950D56227-LeaderElection125: begin an election at term 148 for -1: [8a63e1ae-032e-4bed-9f20-125a11f65413:0.0.0.0:38685, 8f18dce1-0a3d-4b65-9c78-af3d58b2da7f:0.0.0.0:42489, 7b1e61a0-7daf-43dd-99d5-9b325c1d31ae:0.0.0.0:38412], old=null
2019-10-20 17:40:09,081 [grpc-default-executor-1] INFO  impl.RaftServerImpl (RaftServerImpl.java:setRole(184)) - 7b1e61a0-7daf-43dd-99d5-9b325c1d31ae@group-091950D56227: changes role from  FOLLOWER to FOLLOWER at term 148 for recognizeCandidate:8f18dce1-0a3d-4b65-9c78-af3d58b2da7f
2019-10-20 17:40:09,081 [grpc-default-executor-1] INFO  impl.RoleInfo (RoleInfo.java:shutdownFollowerState(121)) - 7b1e61a0-7daf-43dd-99d5-9b325c1d31ae: shutdown FollowerState
2019-10-20 17:40:09,081 [grpc-default-executor-1] INFO  impl.RoleInfo (RoleInfo.java:updateAndGet(143)) - 7b1e61a0-7daf-43dd-99d5-9b325c1d31ae: start FollowerState
2019-10-20 17:40:09,082 [Thread-912] INFO  impl.FollowerState (FollowerState.java:run(117)) - 7b1e61a0-7daf-43dd-99d5-9b325c1d31ae@group-091950D56227-FollowerState was interrupted: java.lang.InterruptedException: sleep interrupted
2019-10-20 17:40:09,082 [grpc-default-executor-0] INFO  impl.RaftServerImpl (RaftServerImpl.java:setRole(184)) - 8a63e1ae-032e-4bed-9f20-125a11f65413@group-091950D56227: changes role from  FOLLOWER to FOLLOWER at term 148 for recognizeCandidate:8f18dce1-0a3d-4b65-9c78-af3d58b2da7f
2019-10-20 17:40:09,082 [grpc-default-executor-0] INFO  impl.RoleInfo (RoleInfo.java:shutdownFollowerState(121)) - 8a63e1ae-032e-4bed-9f20-125a11f65413: shutdown FollowerState
2019-10-20 17:40:09,082 [grpc-default-executor-0] INFO  impl.RoleInfo (RoleInfo.java:updateAndGet(143)) - 8a63e1ae-032e-4bed-9f20-125a11f65413: start FollowerState
2019-10-20 17:40:09,082 [Thread-911] INFO  impl.FollowerState (FollowerState.java:run(117)) - 8a63e1ae-032e-4bed-9f20-125a11f65413@group-091950D56227-FollowerState was interrupted: java.lang.InterruptedException: sleep interrupted
2019-10-20 17:40:09,090 [8f18dce1-0a3d-4b65-9c78-af3d58b2da7f@group-091950D56227-LeaderElection125] INFO  impl.LeaderElection (LeaderElection.java:logAndReturn(56)) - 8f18dce1-0a3d-4b65-9c78-af3d58b2da7f@group-091950D56227-LeaderElection125: Election REJECTED; received 2 response(s) [8f18dce1-0a3d-4b65-9c78-af3d58b2da7f<-8a63e1ae-032e-4bed-9f20-125a11f65413#0:FAIL-t148, 8f18dce1-0a3d-4b65-9c78-af3d58b2da7f<-7b1e61a0-7daf-43dd-99d5-9b325c1d31ae#0:FAIL-t148] and 0 exception(s); 8f18dce1-0a3d-4b65-9c78-af3d58b2da7f@group-091950D56227:t148, leader=null, voted=8f18dce1-0a3d-4b65-9c78-af3d58b2da7f, raftlog=8f18dce1-0a3d-4b65-9c78-af3d58b2da7f@group-091950D56227-SegmentedRaftLog:OPENED:c-1,f-1,i0, conf=-1: [8a63e1ae-032e-4bed-9f20-125a11f65413:0.0.0.0:38685, 8f18dce1-0a3d-4b65-9c78-af3d58b2da7f:0.0.0.0:42489, 7b1e61a0-7daf-43dd-99d5-9b325c1d31ae:0.0.0.0:38412], old=null
2019-10-20 17:40:09,090 [8f18dce1-0a3d-4b65-9c78-af3d58b2da7f@group-091950D56227-LeaderElection125] INFO  impl.RaftServerImpl (RaftServerImpl.java:setRole(184)) - 8f18dce1-0a3d-4b65-9c78-af3d58b2da7f@group-091950D56227: changes role from CANDIDATE to FOLLOWER at term 148 for DISCOVERED_A_NEW_TERM
2019-10-20 17:40:09,090 [8f18dce1-0a3d-4b65-9c78-af3d58b2da7f@group-091950D56227-LeaderElection125] INFO  impl.RoleInfo (RoleInfo.java:shutdownLeaderElection(134)) - 8f18dce1-0a3d-4b65-9c78-af3d58b2da7f: shutdown LeaderElection
2019-10-20 17:40:09,091 [8f18dce1-0a3d-4b65-9c78-af3d58b2da7f@group-091950D56227-LeaderElection125] INFO  impl.RoleInfo (RoleInfo.java:updateAndGet(143)) - 8f18dce1-0a3d-4b65-9c78-af3d58b2da7f: start FollowerState
2019-10-20 17:40:09,133 [Thread-921] INFO  impl.FollowerState (FollowerState.java:run(108)) - 8f18dce1-0a3d-4b65-9c78-af3d58b2da7f@group-091950D56227-FollowerState: change to CANDIDATE, lastRpcTime:42ms, electionTimeout:42ms
2019-10-20 17:40:09,133 [Thread-921] INFO  impl.RoleInfo (RoleInfo.java:shutdownFollowerState(121)) - 8f18dce1-0a3d-4b65-9c78-af3d58b2da7f: shutdown FollowerState
2019-10-20 17:40:09,133 [Thread-921] INFO  impl.RaftServerImpl (RaftServerImpl.java:setRole(184)) - 8f18dce1-0a3d-4b65-9c78-af3d58b2da7f@group-091950D56227: changes role from  FOLLOWER to CANDIDATE at term 148 for changeToCandidate
2019-10-20 17:40:09,133 [Thread-921] INFO  impl.RoleInfo (RoleInfo.java:updateAndGet(143)) - 8f18dce1-0a3d-4b65-9c78-af3d58b2da7f: start LeaderElection
2019-10-20 17:40:09,156 [8f18dce1-0a3d-4b65-9c78-af3d58b2da7f@group-091950D56227-LeaderElection126] INFO  impl.LeaderElection (LeaderElection.java:askForVotes(178)) - 8f18dce1-0a3d-4b65-9c78-af3d58b2da7f@group-091950D56227-LeaderElection126: begin an election at term 149 for -1: [8a63e1ae-032e-4bed-9f20-125a11f65413:0.0.0.0:38685, 8f18dce1-0a3d-4b65-9c78-af3d58b2da7f:0.0.0.0:42489, 7b1e61a0-7daf-43dd-99d5-9b325c1d31ae:0.0.0.0:38412], old=null
2019-10-20 17:40:09,158 [grpc-default-executor-0] INFO  impl.RaftServerImpl (RaftServerImpl.java:setRole(184)) - 8a63e1ae-032e-4bed-9f20-125a11f65413@group-091950D56227: changes role from  FOLLOWER to FOLLOWER at term 149 for recognizeCandidate:8f18dce1-0a3d-4b65-9c78-af3d58b2da7f
2019-10-20 17:40:09,158 [grpc-default-executor-0] INFO  impl.RoleInfo (RoleInfo.java:shutdownFollowerState(121)) - 8a63e1ae-032e-4bed-9f20-125a11f65413: shutdown FollowerState
2019-10-20 17:40:09,158 [grpc-default-executor-1] INFO  impl.RaftServerImpl (RaftServerImpl.java:setRole(184)) - 7b1e61a0-7daf-43dd-99d5-9b325c1d31ae@group-091950D56227: changes role from  FOLLOWER to FOLLOWER at term 149 for recognizeCandidate:8f18dce1-0a3d-4b65-9c78-af3d58b2da7f
2019-10-20 17:40:09,159 [grpc-default-executor-1] INFO  impl.RoleInfo (RoleInfo.java:shutdownFollowerState(121)) - 7b1e61a0-7daf-43dd-99d5-9b325c1d31ae: shutdown FollowerState
2019-10-20 17:40:09,159 [Thread-920] INFO  impl.FollowerState (FollowerState.java:run(117)) - 8a63e1ae-032e-4bed-9f20-125a11f65413@group-091950D56227-FollowerState was interrupted: java.lang.InterruptedException: sleep interrupted
2019-10-20 17:40:09,159 [grpc-default-executor-0] INFO  impl.RoleInfo (RoleInfo.java:updateAndGet(143)) - 8a63e1ae-032e-4bed-9f20-125a11f65413: start FollowerState
2019-10-20 17:40:09,159 [Thread-919] INFO  impl.FollowerState (FollowerState.java:run(117)) - 7b1e61a0-7daf-43dd-99d5-9b325c1d31ae@group-091950D56227-FollowerState was interrupted: java.lang.InterruptedException: sleep interrupted
2019-10-20 17:40:09,159 [grpc-default-executor-1] INFO  impl.RoleInfo (RoleInfo.java:updateAndGet(143)) - 7b1e61a0-7daf-43dd-99d5-9b325c1d31ae: start FollowerState
2019-10-20 17:40:09,183 [8f18dce1-0a3d-4b65-9c78-af3d58b2da7f@group-091950D56227-LeaderElection126] INFO  impl.LeaderElection (LeaderElection.java:logAndReturn(56)) - 8f18dce1-0a3d-4b65-9c78-af3d58b2da7f@group-091950D56227-LeaderElection126: Election REJECTED; received 2 response(s) [8f18dce1-0a3d-4b65-9c78-af3d58b2da7f<-8a63e1ae-032e-4bed-9f20-125a11f65413#0:FAIL-t149, 8f18dce1-0a3d-4b65-9c78-af3d58b2da7f<-7b1e61a0-7daf-43dd-99d5-9b325c1d31ae#0:FAIL-t149] and 0 exception(s); 8f18dce1-0a3d-4b65-9c78-af3d58b2da7f@group-091950D56227:t149, leader=null, voted=8f18dce1-0a3d-4b65-9c78-af3d58b2da7f, raftlog=8f18dce1-0a3d-4b65-9c78-af3d58b2da7f@group-091950D56227-SegmentedRaftLog:OPENED:c-1,f-1,i0, conf=-1: [8a63e1ae-032e-4bed-9f20-125a11f65413:0.0.0.0:38685, 8f18dce1-0a3d-4b65-9c78-af3d58b2da7f:0.0.0.0:42489, 7b1e61a0-7daf-43dd-99d5-9b325c1d31ae:0.0.0.0:38412], old=null
2019-10-20 17:40:09,183 [8f18dce1-0a3d-4b65-9c78-af3d58b2da7f@group-091950D56227-LeaderElection126] INFO  impl.RaftServerImpl (RaftServerImpl.java:setRole(184)) - 8f18dce1-0a3d-4b65-9c78-af3d58b2da7f@group-091950D56227: changes role from CANDIDATE to FOLLOWER at term 149 for DISCOVERED_A_NEW_TERM
2019-10-20 17:40:09,183 [8f18dce1-0a3d-4b65-9c78-af3d58b2da7f@group-091950D56227-LeaderElection126] INFO  impl.RoleInfo (RoleInfo.java:shutdownLeaderElection(134)) - 8f18dce1-0a3d-4b65-9c78-af3d58b2da7f: shutdown LeaderElection
2019-10-20 17:40:09,183 [8f18dce1-0a3d-4b65-9c78-af3d58b2da7f@group-091950D56227-LeaderElection126] INFO  impl.RoleInfo (RoleInfo.java:updateAndGet(143)) - 8f18dce1-0a3d-4b65-9c78-af3d58b2da7f: start FollowerState
2019-10-20 17:40:09,307 [Thread-927] INFO  impl.FollowerState (FollowerState.java:run(108)) - 8f18dce1-0a3d-4b65-9c78-af3d58b2da7f@group-091950D56227-FollowerState: change to CANDIDATE, lastRpcTime:124ms, electionTimeout:124ms
2019-10-20 17:40:09,308 [Thread-927] INFO  impl.RoleInfo (RoleInfo.java:shutdownFollowerState(121)) - 8f18dce1-0a3d-4b65-9c78-af3d58b2da7f: shutdown FollowerState
2019-10-20 17:40:09,308 [Thread-927] INFO  impl.RaftServerImpl (RaftServerImpl.java:setRole(184)) - 8f18dce1-0a3d-4b65-9c78-af3d58b2da7f@group-091950D56227: changes role from  FOLLOWER to CANDIDATE at term 149 for changeToCandidate
2019-10-20 17:40:09,308 [Thread-927] INFO  impl.RoleInfo (RoleInfo.java:updateAndGet(143)) - 8f18dce1-0a3d-4b65-9c78-af3d58b2da7f: start LeaderElection
2019-10-20 17:40:09,332 [8f18dce1-0a3d-4b65-9c78-af3d58b2da7f@group-091950D56227-LeaderElection127] INFO  impl.LeaderElection (LeaderElection.java:askForVotes(178)) - 8f18dce1-0a3d-4b65-9c78-af3d58b2da7f@group-091950D56227-LeaderElection127: begin an election at term 150 for -1: [8a63e1ae-032e-4bed-9f20-125a11f65413:0.0.0.0:38685, 8f18dce1-0a3d-4b65-9c78-af3d58b2da7f:0.0.0.0:42489, 7b1e61a0-7daf-43dd-99d5-9b325c1d31ae:0.0.0.0:38412], old=null
2019-10-20 17:40:09,335 [grpc-default-executor-1] INFO  impl.RaftServerImpl (RaftServerImpl.java:setRole(184)) - 7b1e61a0-7daf-43dd-99d5-9b325c1d31ae@group-091950D56227: changes role from  FOLLOWER to FOLLOWER at term 150 for recognizeCandidate:8f18dce1-0a3d-4b65-9c78-af3d58b2da7f
2019-10-20 17:40:09,335 [grpc-default-executor-0] INFO  impl.RaftServerImpl (RaftServerImpl.java:setRole(184)) - 8a63e1ae-032e-4bed-9f20-125a11f65413@group-091950D56227: changes role from  FOLLOWER to FOLLOWER at term 150 for recognizeCandidate:8f18dce1-0a3d-4b65-9c78-af3d58b2da7f
2019-10-20 17:40:09,335 [grpc-default-executor-1] INFO  impl.RoleInfo (RoleInfo.java:shutdownFollowerState(121)) - 7b1e61a0-7daf-43dd-99d5-9b325c1d31ae: shutdown FollowerState
2019-10-20 17:40:09,335 [grpc-default-executor-0] INFO  impl.RoleInfo (RoleInfo.java:shutdownFollowerState(121)) - 8a63e1ae-032e-4bed-9f20-125a11f65413: shutdown FollowerState
2019-10-20 17:40:09,335 [Thread-926] INFO  impl.FollowerState (FollowerState.java:run(117)) - 7b1e61a0-7daf-43dd-99d5-9b325c1d31ae@group-091950D56227-FollowerState was interrupted: java.lang.InterruptedException: sleep interrupted
2019-10-20 17:40:09,335 [grpc-default-executor-1] INFO  impl.RoleInfo (RoleInfo.java:updateAndGet(143)) - 7b1e61a0-7daf-43dd-99d5-9b325c1d31ae: start FollowerState
2019-10-20 17:40:09,335 [Thread-925] INFO  impl.FollowerState (FollowerState.java:run(117)) - 8a63e1ae-032e-4bed-9f20-125a11f65413@group-091950D56227-FollowerState was interrupted: java.lang.InterruptedException: sleep interrupted
2019-10-20 17:40:09,335 [grpc-default-executor-0] INFO  impl.RoleInfo (RoleInfo.java:updateAndGet(143)) - 8a63e1ae-032e-4bed-9f20-125a11f65413: start FollowerState
2019-10-20 17:40:09,346 [8f18dce1-0a3d-4b65-9c78-af3d58b2da7f@group-091950D56227-LeaderElection127] INFO  impl.LeaderElection (LeaderElection.java:logAndReturn(56)) - 8f18dce1-0a3d-4b65-9c78-af3d58b2da7f@group-091950D56227-LeaderElection127: Election TIMEOUT; received 0 response(s) [] and 0 exception(s); 8f18dce1-0a3d-4b65-9c78-af3d58b2da7f@group-091950D56227:t150, leader=null, voted=8f18dce1-0a3d-4b65-9c78-af3d58b2da7f, raftlog=8f18dce1-0a3d-4b65-9c78-af3d58b2da7f@group-091950D56227-SegmentedRaftLog:OPENED:c-1,f-1,i0, conf=-1: [8a63e1ae-032e-4bed-9f20-125a11f65413:0.0.0.0:38685, 8f18dce1-0a3d-4b65-9c78-af3d58b2da7f:0.0.0.0:42489, 7b1e61a0-7daf-43dd-99d5-9b325c1d31ae:0.0.0.0:38412], old=null
2019-10-20 17:40:09,375 [8f18dce1-0a3d-4b65-9c78-af3d58b2da7f@group-091950D56227-LeaderElection127] INFO  impl.LeaderElection (LeaderElection.java:askForVotes(178)) - 8f18dce1-0a3d-4b65-9c78-af3d58b2da7f@group-091950D56227-LeaderElection127: begin an election at term 151 for -1: [8a63e1ae-032e-4bed-9f20-125a11f65413:0.0.0.0:38685, 8f18dce1-0a3d-4b65-9c78-af3d58b2da7f:0.0.0.0:42489, 7b1e61a0-7daf-43dd-99d5-9b325c1d31ae:0.0.0.0:38412], old=null
2019-10-20 17:40:09,377 [grpc-default-executor-1] INFO  impl.RaftServerImpl (RaftServerImpl.java:setRole(184)) - 7b1e61a0-7daf-43dd-99d5-9b325c1d31ae@group-091950D56227: changes role from  FOLLOWER to FOLLOWER at term 151 for recognizeCandidate:8f18dce1-0a3d-4b65-9c78-af3d58b2da7f
2019-10-20 17:40:09,377 [grpc-default-executor-1] INFO  impl.RoleInfo (RoleInfo.java:shutdownFollowerState(121)) - 7b1e61a0-7daf-43dd-99d5-9b325c1d31ae: shutdown FollowerState
2019-10-20 17:40:09,377 [grpc-default-executor-1] INFO  impl.RoleInfo (RoleInfo.java:updateAndGet(143)) - 7b1e61a0-7daf-43dd-99d5-9b325c1d31ae: start FollowerState
2019-10-20 17:40:09,377 [Thread-931] INFO  impl.FollowerState (FollowerState.java:run(117)) - 7b1e61a0-7daf-43dd-99d5-9b325c1d31ae@group-091950D56227-FollowerState was interrupted: java.lang.InterruptedException: sleep interrupted
2019-10-20 17:40:09,378 [grpc-default-executor-0] INFO  impl.RaftServerImpl (RaftServerImpl.java:setRole(184)) - 8a63e1ae-032e-4bed-9f20-125a11f65413@group-091950D56227: changes role from  FOLLOWER to FOLLOWER at term 151 for recognizeCandidate:8f18dce1-0a3d-4b65-9c78-af3d58b2da7f
2019-10-20 17:40:09,378 [grpc-default-executor-0] INFO  impl.RoleInfo (RoleInfo.java:shutdownFollowerState(121)) - 8a63e1ae-032e-4bed-9f20-125a11f65413: shutdown FollowerState
2019-10-20 17:40:09,378 [grpc-default-executor-0] INFO  impl.RoleInfo (RoleInfo.java:updateAndGet(143)) - 8a63e1ae-032e-4bed-9f20-125a11f65413: start FollowerState
2019-10-20 17:40:09,378 [Thread-932] INFO  impl.FollowerState (FollowerState.java:run(117)) - 8a63e1ae-032e-4bed-9f20-125a11f65413@group-091950D56227-FollowerState was interrupted: java.lang.InterruptedException: sleep interrupted
2019-10-20 17:40:09,402 [8f18dce1-0a3d-4b65-9c78-af3d58b2da7f@group-091950D56227-LeaderElection127] INFO  impl.LeaderElection (LeaderElection.java:logAndReturn(56)) - 8f18dce1-0a3d-4b65-9c78-af3d58b2da7f@group-091950D56227-LeaderElection127: Election REJECTED; received 2 response(s) [8f18dce1-0a3d-4b65-9c78-af3d58b2da7f<-8a63e1ae-032e-4bed-9f20-125a11f65413#0:FAIL-t151, 8f18dce1-0a3d-4b65-9c78-af3d58b2da7f<-7b1e61a0-7daf-43dd-99d5-9b325c1d31ae#0:FAIL-t151] and 0 exception(s); 8f18dce1-0a3d-4b65-9c78-af3d58b2da7f@group-091950D56227:t151, leader=null, voted=8f18dce1-0a3d-4b65-9c78-af3d58b2da7f, raftlog=8f18dce1-0a3d-4b65-9c78-af3d58b2da7f@group-091950D56227-SegmentedRaftLog:OPENED:c-1,f-1,i0, conf=-1: [8a63e1ae-032e-4bed-9f20-125a11f65413:0.0.0.0:38685, 8f18dce1-0a3d-4b65-9c78-af3d58b2da7f:0.0.0.0:42489, 7b1e61a0-7daf-43dd-99d5-9b325c1d31ae:0.0.0.0:38412], old=null
2019-10-20 17:40:09,402 [8f18dce1-0a3d-4b65-9c78-af3d58b2da7f@group-091950D56227-LeaderElection127] INFO  impl.RaftServerImpl (RaftServerImpl.java:setRole(184)) - 8f18dce1-0a3d-4b65-9c78-af3d58b2da7f@group-091950D56227: changes role from CANDIDATE to FOLLOWER at term 151 for DISCOVERED_A_NEW_TERM
2019-10-20 17:40:09,402 [8f18dce1-0a3d-4b65-9c78-af3d58b2da7f@group-091950D56227-LeaderElection127] INFO  impl.RoleInfo (RoleInfo.java:shutdownLeaderElection(134)) - 8f18dce1-0a3d-4b65-9c78-af3d58b2da7f: shutdown LeaderElection
2019-10-20 17:40:09,402 [8f18dce1-0a3d-4b65-9c78-af3d58b2da7f@group-091950D56227-LeaderElection127] INFO  impl.RoleInfo (RoleInfo.java:updateAndGet(143)) - 8f18dce1-0a3d-4b65-9c78-af3d58b2da7f: start FollowerState
2019-10-20 17:40:09,598 [Thread-937] INFO  impl.FollowerState (FollowerState.java:run(108)) - 8f18dce1-0a3d-4b65-9c78-af3d58b2da7f@group-091950D56227-FollowerState: change to CANDIDATE, lastRpcTime:196ms, electionTimeout:196ms
2019-10-20 17:40:09,599 [Thread-937] INFO  impl.RoleInfo (RoleInfo.java:shutdownFollowerState(121)) - 8f18dce1-0a3d-4b65-9c78-af3d58b2da7f: shutdown FollowerState
2019-10-20 17:40:09,599 [Thread-937] INFO  impl.RaftServerImpl (RaftServerImpl.java:setRole(184)) - 8f18dce1-0a3d-4b65-9c78-af3d58b2da7f@group-091950D56227: changes role from  FOLLOWER to CANDIDATE at term 151 for changeToCandidate
2019-10-20 17:40:09,599 [Thread-937] INFO  impl.RoleInfo (RoleInfo.java:updateAndGet(143)) - 8f18dce1-0a3d-4b65-9c78-af3d58b2da7f: start LeaderElection
2019-10-20 17:40:09,626 [8f18dce1-0a3d-4b65-9c78-af3d58b2da7f@group-091950D56227-LeaderElection128] INFO  impl.LeaderElection (LeaderElection.java:askForVotes(178)) - 8f18dce1-0a3d-4b65-9c78-af3d58b2da7f@group-091950D56227-LeaderElection128: begin an election at term 152 for -1: [8a63e1ae-032e-4bed-9f20-125a11f65413:0.0.0.0:38685, 8f18dce1-0a3d-4b65-9c78-af3d58b2da7f:0.0.0.0:42489, 7b1e61a0-7daf-43dd-99d5-9b325c1d31ae:0.0.0.0:38412], old=null
2019-10-20 17:40:09,629 [grpc-default-executor-0] INFO  impl.RaftServerImpl (RaftServerImpl.java:setRole(184)) - 7b1e61a0-7daf-43dd-99d5-9b325c1d31ae@group-091950D56227: changes role from  FOLLOWER to FOLLOWER at term 152 for recognizeCandidate:8f18dce1-0a3d-4b65-9c78-af3d58b2da7f
2019-10-20 17:40:09,629 [grpc-default-executor-1] INFO  impl.RaftServerImpl (RaftServerImpl.java:setRole(184)) - 8a63e1ae-032e-4bed-9f20-125a11f65413@group-091950D56227: changes role from  FOLLOWER to FOLLOWER at term 152 for recognizeCandidate:8f18dce1-0a3d-4b65-9c78-af3d58b2da7f
2019-10-20 17:40:09,629 [grpc-default-executor-0] INFO  impl.RoleInfo (RoleInfo.java:shutdownFollowerState(121)) - 7b1e61a0-7daf-43dd-99d5-9b325c1d31ae: shutdown FollowerState
2019-10-20 17:40:09,629 [grpc-default-executor-1] INFO  impl.RoleInfo (RoleInfo.java:shutdownFollowerState(121)) - 8a63e1ae-032e-4bed-9f20-125a11f65413: shutdown FollowerState
2019-10-20 17:40:09,629 [Thread-935] INFO  impl.FollowerState (FollowerState.java:run(117)) - 7b1e61a0-7daf-43dd-99d5-9b325c1d31ae@group-091950D56227-FollowerState was interrupted: java.lang.InterruptedException: sleep interrupted
2019-10-20 17:40:09,629 [grpc-default-executor-0] INFO  impl.RoleInfo (RoleInfo.java:updateAndGet(143)) - 7b1e61a0-7daf-43dd-99d5-9b325c1d31ae: start FollowerState
2019-10-20 17:40:09,630 [Thread-936] INFO  impl.FollowerState (FollowerState.java:run(117)) - 8a63e1ae-032e-4bed-9f20-125a11f65413@group-091950D56227-FollowerState was interrupted: java.lang.InterruptedException: sleep interrupted
2019-10-20 17:40:09,630 [grpc-default-executor-1] INFO  impl.RoleInfo (RoleInfo.java:updateAndGet(143)) - 8a63e1ae-032e-4bed-9f20-125a11f65413: start FollowerState
2019-10-20 17:40:09,653 [8f18dce1-0a3d-4b65-9c78-af3d58b2da7f@group-091950D56227-LeaderElection128] INFO  impl.LeaderElection (LeaderElection.java:logAndReturn(56)) - 8f18dce1-0a3d-4b65-9c78-af3d58b2da7f@group-091950D56227-LeaderElection128: Election REJECTED; received 2 response(s) [8f18dce1-0a3d-4b65-9c78-af3d58b2da7f<-8a63e1ae-032e-4bed-9f20-125a11f65413#0:FAIL-t152, 8f18dce1-0a3d-4b65-9c78-af3d58b2da7f<-7b1e61a0-7daf-43dd-99d5-9b325c1d31ae#0:FAIL-t152] and 0 exception(s); 8f18dce1-0a3d-4b65-9c78-af3d58b2da7f@group-091950D56227:t152, leader=null, voted=8f18dce1-0a3d-4b65-9c78-af3d58b2da7f, raftlog=8f18dce1-0a3d-4b65-9c78-af3d58b2da7f@group-091950D56227-SegmentedRaftLog:OPENED:c-1,f-1,i0, conf=-1: [8a63e1ae-032e-4bed-9f20-125a11f65413:0.0.0.0:38685, 8f18dce1-0a3d-4b65-9c78-af3d58b2da7f:0.0.0.0:42489, 7b1e61a0-7daf-43dd-99d5-9b325c1d31ae:0.0.0.0:38412], old=null
2019-10-20 17:40:09,653 [8f18dce1-0a3d-4b65-9c78-af3d58b2da7f@group-091950D56227-LeaderElection128] INFO  impl.RaftServerImpl (RaftServerImpl.java:setRole(184)) - 8f18dce1-0a3d-4b65-9c78-af3d58b2da7f@group-091950D56227: changes role from CANDIDATE to FOLLOWER at term 152 for DISCOVERED_A_NEW_TERM
2019-10-20 17:40:09,653 [8f18dce1-0a3d-4b65-9c78-af3d58b2da7f@group-091950D56227-LeaderElection128] INFO  impl.RoleInfo (RoleInfo.java:shutdownLeaderElection(134)) - 8f18dce1-0a3d-4b65-9c78-af3d58b2da7f: shutdown LeaderElection
2019-10-20 17:40:09,653 [8f18dce1-0a3d-4b65-9c78-af3d58b2da7f@group-091950D56227-LeaderElection128] INFO  impl.RoleInfo (RoleInfo.java:updateAndGet(143)) - 8f18dce1-0a3d-4b65-9c78-af3d58b2da7f: start FollowerState
2019-10-20 17:40:09,779 [Thread-943] INFO  impl.FollowerState (FollowerState.java:run(108)) - 8f18dce1-0a3d-4b65-9c78-af3d58b2da7f@group-091950D56227-FollowerState: change to CANDIDATE, lastRpcTime:125ms, electionTimeout:125ms
2019-10-20 17:40:09,779 [Thread-943] INFO  impl.RoleInfo (RoleInfo.java:shutdownFollowerState(121)) - 8f18dce1-0a3d-4b65-9c78-af3d58b2da7f: shutdown FollowerState
2019-10-20 17:40:09,779 [Thread-943] INFO  impl.RaftServerImpl (RaftServerImpl.java:setRole(184)) - 8f18dce1-0a3d-4b65-9c78-af3d58b2da7f@group-091950D56227: changes role from  FOLLOWER to CANDIDATE at term 152 for changeToCandidate
2019-10-20 17:40:09,779 [Thread-943] INFO  impl.RoleInfo (RoleInfo.java:updateAndGet(143)) - 8f18dce1-0a3d-4b65-9c78-af3d58b2da7f: start LeaderElection
2019-10-20 17:40:09,802 [8f18dce1-0a3d-4b65-9c78-af3d58b2da7f@group-091950D56227-LeaderElection129] INFO  impl.LeaderElection (LeaderElection.java:askForVotes(178)) - 8f18dce1-0a3d-4b65-9c78-af3d58b2da7f@group-091950D56227-LeaderElection129: begin an election at term 153 for -1: [8a63e1ae-032e-4bed-9f20-125a11f65413:0.0.0.0:38685, 8f18dce1-0a3d-4b65-9c78-af3d58b2da7f:0.0.0.0:42489, 7b1e61a0-7daf-43dd-99d5-9b325c1d31ae:0.0.0.0:38412], old=null
2019-10-20 17:40:09,805 [grpc-default-executor-0] INFO  impl.RaftServerImpl (RaftServerImpl.java:setRole(184)) - 7b1e61a0-7daf-43dd-99d5-9b325c1d31ae@group-091950D56227: changes role from  FOLLOWER to FOLLOWER at term 153 for recognizeCandidate:8f18dce1-0a3d-4b65-9c78-af3d58b2da7f
2019-10-20 17:40:09,805 [grpc-default-executor-0] INFO  impl.RoleInfo (RoleInfo.java:shutdownFollowerState(121)) - 7b1e61a0-7daf-43dd-99d5-9b325c1d31ae: shutdown FollowerState
2019-10-20 17:40:09,805 [grpc-default-executor-1] INFO  impl.RaftServerImpl (RaftServerImpl.java:setRole(184)) - 8a63e1ae-032e-4bed-9f20-125a11f65413@group-091950D56227: changes role from  FOLLOWER to FOLLOWER at term 153 for recognizeCandidate:8f18dce1-0a3d-4b65-9c78-af3d58b2da7f
2019-10-20 17:40:09,805 [Thread-941] INFO  impl.FollowerState (FollowerState.java:run(117)) - 7b1e61a0-7daf-43dd-99d5-9b325c1d31ae@group-091950D56227-FollowerState was interrupted: java.lang.InterruptedException: sleep interrupted
2019-10-20 17:40:09,805 [grpc-default-executor-0] INFO  impl.RoleInfo (RoleInfo.java:updateAndGet(143)) - 7b1e61a0-7daf-43dd-99d5-9b325c1d31ae: start FollowerState
2019-10-20 17:40:09,805 [grpc-default-executor-1] INFO  impl.RoleInfo (RoleInfo.java:shutdownFollowerState(121)) - 8a63e1ae-032e-4bed-9f20-125a11f65413: shutdown FollowerState
2019-10-20 17:40:09,805 [grpc-default-executor-1] INFO  impl.RoleInfo (RoleInfo.java:updateAndGet(143)) - 8a63e1ae-032e-4bed-9f20-125a11f65413: start FollowerState
2019-10-20 17:40:09,805 [Thread-942] INFO  impl.FollowerState (FollowerState.java:run(117)) - 8a63e1ae-032e-4bed-9f20-125a11f65413@group-091950D56227-FollowerState was interrupted: java.lang.InterruptedException: sleep interrupted
2019-10-20 17:40:09,829 [8f18dce1-0a3d-4b65-9c78-af3d58b2da7f@group-091950D56227-LeaderElection129] INFO  impl.LeaderElection (LeaderElection.java:logAndReturn(56)) - 8f18dce1-0a3d-4b65-9c78-af3d58b2da7f@group-091950D56227-LeaderElection129: Election REJECTED; received 2 response(s) [8f18dce1-0a3d-4b65-9c78-af3d58b2da7f<-8a63e1ae-032e-4bed-9f20-125a11f65413#0:FAIL-t153, 8f18dce1-0a3d-4b65-9c78-af3d58b2da7f<-7b1e61a0-7daf-43dd-99d5-9b325c1d31ae#0:FAIL-t153] and 0 exception(s); 8f18dce1-0a3d-4b65-9c78-af3d58b2da7f@group-091950D56227:t153, leader=null, voted=8f18dce1-0a3d-4b65-9c78-af3d58b2da7f, raftlog=8f18dce1-0a3d-4b65-9c78-af3d58b2da7f@group-091950D56227-SegmentedRaftLog:OPENED:c-1,f-1,i0, conf=-1: [8a63e1ae-032e-4bed-9f20-125a11f65413:0.0.0.0:38685, 8f18dce1-0a3d-4b65-9c78-af3d58b2da7f:0.0.0.0:42489, 7b1e61a0-7daf-43dd-99d5-9b325c1d31ae:0.0.0.0:38412], old=null
2019-10-20 17:40:09,829 [8f18dce1-0a3d-4b65-9c78-af3d58b2da7f@group-091950D56227-LeaderElection129] INFO  impl.RaftServerImpl (RaftServerImpl.java:setRole(184)) - 8f18dce1-0a3d-4b65-9c78-af3d58b2da7f@group-091950D56227: changes role from CANDIDATE to FOLLOWER at term 153 for DISCOVERED_A_NEW_TERM
2019-10-20 17:40:09,829 [8f18dce1-0a3d-4b65-9c78-af3d58b2da7f@group-091950D56227-LeaderElection129] INFO  impl.RoleInfo (RoleInfo.java:shutdownLeaderElection(134)) - 8f18dce1-0a3d-4b65-9c78-af3d58b2da7f: shutdown LeaderElection
2019-10-20 17:40:09,829 [8f18dce1-0a3d-4b65-9c78-af3d58b2da7f@group-091950D56227-LeaderElection129] INFO  impl.RoleInfo (RoleInfo.java:updateAndGet(143)) - 8f18dce1-0a3d-4b65-9c78-af3d58b2da7f: start FollowerState
2019-10-20 17:40:09,905 [Thread-949] INFO  impl.FollowerState (FollowerState.java:run(108)) - 8f18dce1-0a3d-4b65-9c78-af3d58b2da7f@group-091950D56227-FollowerState: change to CANDIDATE, lastRpcTime:76ms, electionTimeout:76ms
2019-10-20 17:40:09,906 [Thread-949] INFO  impl.RoleInfo (RoleInfo.java:shutdownFollowerState(121)) - 8f18dce1-0a3d-4b65-9c78-af3d58b2da7f: shutdown FollowerState
2019-10-20 17:40:09,906 [Thread-949] INFO  impl.RaftServerImpl (RaftServerImpl.java:setRole(184)) - 8f18dce1-0a3d-4b65-9c78-af3d58b2da7f@group-091950D56227: changes role from  FOLLOWER to CANDIDATE at term 153 for changeToCandidate
2019-10-20 17:40:09,906 [Thread-949] INFO  impl.RoleInfo (RoleInfo.java:updateAndGet(143)) - 8f18dce1-0a3d-4b65-9c78-af3d58b2da7f: start LeaderElection
2019-10-20 17:40:09,936 [8f18dce1-0a3d-4b65-9c78-af3d58b2da7f@group-091950D56227-LeaderElection130] INFO  impl.LeaderElection (LeaderElection.java:askForVotes(178)) - 8f18dce1-0a3d-4b65-9c78-af3d58b2da7f@group-091950D56227-LeaderElection130: begin an election at term 154 for -1: [8a63e1ae-032e-4bed-9f20-125a11f65413:0.0.0.0:38685, 8f18dce1-0a3d-4b65-9c78-af3d58b2da7f:0.0.0.0:42489, 7b1e61a0-7daf-43dd-99d5-9b325c1d31ae:0.0.0.0:38412], old=null
2019-10-20 17:40:09,940 [grpc-default-executor-0] INFO  impl.RaftServerImpl (RaftServerImpl.java:setRole(184)) - 8a63e1ae-032e-4bed-9f20-125a11f65413@group-091950D56227: changes role from  FOLLOWER to FOLLOWER at term 154 for recognizeCandidate:8f18dce1-0a3d-4b65-9c78-af3d58b2da7f
2019-10-20 17:40:09,940 [grpc-default-executor-1] INFO  impl.RaftServerImpl (RaftServerImpl.java:setRole(184)) - 7b1e61a0-7daf-43dd-99d5-9b325c1d31ae@group-091950D56227: changes role from  FOLLOWER to FOLLOWER at term 154 for recognizeCandidate:8f18dce1-0a3d-4b65-9c78-af3d58b2da7f
2019-10-20 17:40:09,940 [grpc-default-executor-1] INFO  impl.RoleInfo (RoleInfo.java:shutdownFollowerState(121)) - 7b1e61a0-7daf-43dd-99d5-9b325c1d31ae: shutdown FollowerState
2019-10-20 17:40:09,940 [grpc-default-executor-0] INFO  impl.RoleInfo (RoleInfo.java:shutdownFollowerState(121)) - 8a63e1ae-032e-4bed-9f20-125a11f65413: shutdown FollowerState
2019-10-20 17:40:09,940 [Thread-947] INFO  impl.FollowerState (FollowerState.java:run(117)) - 7b1e61a0-7daf-43dd-99d5-9b325c1d31ae@group-091950D56227-FollowerState was interrupted: java.lang.InterruptedException: sleep interrupted
2019-10-20 17:40:09,940 [grpc-default-executor-1] INFO  impl.RoleInfo (RoleInfo.java:updateAndGet(143)) - 7b1e61a0-7daf-43dd-99d5-9b325c1d31ae: start FollowerState
2019-10-20 17:40:09,941 [Thread-948] INFO  impl.FollowerState (FollowerState.java:run(117)) - 8a63e1ae-032e-4bed-9f20-125a11f65413@group-091950D56227-FollowerState was interrupted: java.lang.InterruptedException: sleep interrupted
2019-10-20 17:40:09,941 [grpc-default-executor-0] INFO  impl.RoleInfo (RoleInfo.java:updateAndGet(143)) - 8a63e1ae-032e-4bed-9f20-125a11f65413: start FollowerState
2019-10-20 17:40:09,972 [8f18dce1-0a3d-4b65-9c78-af3d58b2da7f@group-091950D56227-LeaderElection130] INFO  impl.LeaderElection (LeaderElection.java:logAndReturn(56)) - 8f18dce1-0a3d-4b65-9c78-af3d58b2da7f@group-091950D56227-LeaderElection130: Election REJECTED; received 2 response(s) [8f18dce1-0a3d-4b65-9c78-af3d58b2da7f<-8a63e1ae-032e-4bed-9f20-125a11f65413#0:FAIL-t154, 8f18dce1-0a3d-4b65-9c78-af3d58b2da7f<-7b1e61a0-7daf-43dd-99d5-9b325c1d31ae#0:FAIL-t154] and 0 exception(s); 8f18dce1-0a3d-4b65-9c78-af3d58b2da7f@group-091950D56227:t154, leader=null, voted=8f18dce1-0a3d-4b65-9c78-af3d58b2da7f, raftlog=8f18dce1-0a3d-4b65-9c78-af3d58b2da7f@group-091950D56227-SegmentedRaftLog:OPENED:c-1,f-1,i0, conf=-1: [8a63e1ae-032e-4bed-9f20-125a11f65413:0.0.0.0:38685, 8f18dce1-0a3d-4b65-9c78-af3d58b2da7f:0.0.0.0:42489, 7b1e61a0-7daf-43dd-99d5-9b325c1d31ae:0.0.0.0:38412], old=null
2019-10-20 17:40:09,972 [8f18dce1-0a3d-4b65-9c78-af3d58b2da7f@group-091950D56227-LeaderElection130] INFO  impl.RaftServerImpl (RaftServerImpl.java:setRole(184)) - 8f18dce1-0a3d-4b65-9c78-af3d58b2da7f@group-091950D56227: changes role from CANDIDATE to FOLLOWER at term 154 for DISCOVERED_A_NEW_TERM
2019-10-20 17:40:09,972 [8f18dce1-0a3d-4b65-9c78-af3d58b2da7f@group-091950D56227-LeaderElection130] INFO  impl.RoleInfo (RoleInfo.java:shutdownLeaderElection(134)) - 8f18dce1-0a3d-4b65-9c78-af3d58b2da7f: shutdown LeaderElection
2019-10-20 17:40:09,972 [8f18dce1-0a3d-4b65-9c78-af3d58b2da7f@group-091950D56227-LeaderElection130] INFO  impl.RoleInfo (RoleInfo.java:updateAndGet(143)) - 8f18dce1-0a3d-4b65-9c78-af3d58b2da7f: start FollowerState
2019-10-20 17:40:10,028 [Thread-955] INFO  impl.FollowerState (FollowerState.java:run(108)) - 8f18dce1-0a3d-4b65-9c78-af3d58b2da7f@group-091950D56227-FollowerState: change to CANDIDATE, lastRpcTime:55ms, electionTimeout:55ms
2019-10-20 17:40:10,028 [Thread-955] INFO  impl.RoleInfo (RoleInfo.java:shutdownFollowerState(121)) - 8f18dce1-0a3d-4b65-9c78-af3d58b2da7f: shutdown FollowerState
2019-10-20 17:40:10,028 [Thread-955] INFO  impl.RaftServerImpl (RaftServerImpl.java:setRole(184)) - 8f18dce1-0a3d-4b65-9c78-af3d58b2da7f@group-091950D56227: changes role from  FOLLOWER to CANDIDATE at term 154 for changeToCandidate
2019-10-20 17:40:10,028 [Thread-955] INFO  impl.RoleInfo (RoleInfo.java:updateAndGet(143)) - 8f18dce1-0a3d-4b65-9c78-af3d58b2da7f: start LeaderElection
2019-10-20 17:40:10,054 [8f18dce1-0a3d-4b65-9c78-af3d58b2da7f@group-091950D56227-LeaderElection131] INFO  impl.LeaderElection (LeaderElection.java:askForVotes(178)) - 8f18dce1-0a3d-4b65-9c78-af3d58b2da7f@group-091950D56227-LeaderElection131: begin an election at term 155 for -1: [8a63e1ae-032e-4bed-9f20-125a11f65413:0.0.0.0:38685, 8f18dce1-0a3d-4b65-9c78-af3d58b2da7f:0.0.0.0:42489, 7b1e61a0-7daf-43dd-99d5-9b325c1d31ae:0.0.0.0:38412], old=null
2019-10-20 17:40:10,058 [grpc-default-executor-1] INFO  impl.RaftServerImpl (RaftServerImpl.java:setRole(184)) - 8a63e1ae-032e-4bed-9f20-125a11f65413@group-091950D56227: changes role from  FOLLOWER to FOLLOWER at term 155 for recognizeCandidate:8f18dce1-0a3d-4b65-9c78-af3d58b2da7f
2019-10-20 17:40:10,058 [grpc-default-executor-1] INFO  impl.RoleInfo (RoleInfo.java:shutdownFollowerState(121)) - 8a63e1ae-032e-4bed-9f20-125a11f65413: shutdown FollowerState
2019-10-20 17:40:10,058 [grpc-default-executor-0] INFO  impl.RaftServerImpl (RaftServerImpl.java:setRole(184)) - 7b1e61a0-7daf-43dd-99d5-9b325c1d31ae@group-091950D56227: changes role from  FOLLOWER to FOLLOWER at term 155 for recognizeCandidate:8f18dce1-0a3d-4b65-9c78-af3d58b2da7f
2019-10-20 17:40:10,058 [grpc-default-executor-0] INFO  impl.RoleInfo (RoleInfo.java:shutdownFollowerState(121)) - 7b1e61a0-7daf-43dd-99d5-9b325c1d31ae: shutdown FollowerState
2019-10-20 17:40:10,058 [Thread-954] INFO  impl.FollowerState (FollowerState.java:run(117)) - 8a63e1ae-032e-4bed-9f20-125a11f65413@group-091950D56227-FollowerState was interrupted: java.lang.InterruptedException: sleep interrupted
2019-10-20 17:40:10,058 [grpc-default-executor-1] INFO  impl.RoleInfo (RoleInfo.java:updateAndGet(143)) - 8a63e1ae-032e-4bed-9f20-125a11f65413: start FollowerState
2019-10-20 17:40:10,058 [Thread-953] INFO  impl.FollowerState (FollowerState.java:run(117)) - 7b1e61a0-7daf-43dd-99d5-9b325c1d31ae@group-091950D56227-FollowerState was interrupted: java.lang.InterruptedException: sleep interrupted
2019-10-20 17:40:10,058 [grpc-default-executor-0] INFO  impl.RoleInfo (RoleInfo.java:updateAndGet(143)) - 7b1e61a0-7daf-43dd-99d5-9b325c1d31ae: start FollowerState
2019-10-20 17:40:10,075 [8f18dce1-0a3d-4b65-9c78-af3d58b2da7f@group-091950D56227-LeaderElection131] INFO  impl.LeaderElection (LeaderElection.java:logAndReturn(56)) - 8f18dce1-0a3d-4b65-9c78-af3d58b2da7f@group-091950D56227-LeaderElection131: Election TIMEOUT; received 0 response(s) [] and 0 exception(s); 8f18dce1-0a3d-4b65-9c78-af3d58b2da7f@group-091950D56227:t155, leader=null, voted=8f18dce1-0a3d-4b65-9c78-af3d58b2da7f, raftlog=8f18dce1-0a3d-4b65-9c78-af3d58b2da7f@group-091950D56227-SegmentedRaftLog:OPENED:c-1,f-1,i0, conf=-1: [8a63e1ae-032e-4bed-9f20-125a11f65413:0.0.0.0:38685, 8f18dce1-0a3d-4b65-9c78-af3d58b2da7f:0.0.0.0:42489, 7b1e61a0-7daf-43dd-99d5-9b325c1d31ae:0.0.0.0:38412], old=null
2019-10-20 17:40:10,105 [8f18dce1-0a3d-4b65-9c78-af3d58b2da7f@group-091950D56227-LeaderElection131] INFO  impl.LeaderElection (LeaderElection.java:askForVotes(178)) - 8f18dce1-0a3d-4b65-9c78-af3d58b2da7f@group-091950D56227-LeaderElection131: begin an election at term 156 for -1: [8a63e1ae-032e-4bed-9f20-125a11f65413:0.0.0.0:38685, 8f18dce1-0a3d-4b65-9c78-af3d58b2da7f:0.0.0.0:42489, 7b1e61a0-7daf-43dd-99d5-9b325c1d31ae:0.0.0.0:38412], old=null
2019-10-20 17:40:10,107 [grpc-default-executor-0] INFO  impl.RaftServerImpl (RaftServerImpl.java:setRole(184)) - 8a63e1ae-032e-4bed-9f20-125a11f65413@group-091950D56227: changes role from  FOLLOWER to FOLLOWER at term 156 for recognizeCandidate:8f18dce1-0a3d-4b65-9c78-af3d58b2da7f
2019-10-20 17:40:10,107 [grpc-default-executor-0] INFO  impl.RoleInfo (RoleInfo.java:shutdownFollowerState(121)) - 8a63e1ae-032e-4bed-9f20-125a11f65413: shutdown FollowerState
2019-10-20 17:40:10,107 [grpc-default-executor-0] INFO  impl.RoleInfo (RoleInfo.java:updateAndGet(143)) - 8a63e1ae-032e-4bed-9f20-125a11f65413: start FollowerState
2019-10-20 17:40:10,107 [Thread-960] INFO  impl.FollowerState (FollowerState.java:run(117)) - 8a63e1ae-032e-4bed-9f20-125a11f65413@group-091950D56227-FollowerState was interrupted: java.lang.InterruptedException: sleep interrupted
2019-10-20 17:40:10,107 [grpc-default-executor-1] INFO  impl.RaftServerImpl (RaftServerImpl.java:setRole(184)) - 7b1e61a0-7daf-43dd-99d5-9b325c1d31ae@group-091950D56227: changes role from  FOLLOWER to FOLLOWER at term 156 for recognizeCandidate:8f18dce1-0a3d-4b65-9c78-af3d58b2da7f
2019-10-20 17:40:10,108 [grpc-default-executor-1] INFO  impl.RoleInfo (RoleInfo.java:shutdownFollowerState(121)) - 7b1e61a0-7daf-43dd-99d5-9b325c1d31ae: shutdown FollowerState
2019-10-20 17:40:10,108 [grpc-default-executor-1] INFO  impl.RoleInfo (RoleInfo.java:updateAndGet(143)) - 7b1e61a0-7daf-43dd-99d5-9b325c1d31ae: start FollowerState
2019-10-20 17:40:10,108 [Thread-961] INFO  impl.FollowerState (FollowerState.java:run(117)) - 7b1e61a0-7daf-43dd-99d5-9b325c1d31ae@group-091950D56227-FollowerState was interrupted: java.lang.InterruptedException: sleep interrupted
2019-10-20 17:40:10,132 [8f18dce1-0a3d-4b65-9c78-af3d58b2da7f@group-091950D56227-LeaderElection131] INFO  impl.LeaderElection (LeaderElection.java:logAndReturn(56)) - 8f18dce1-0a3d-4b65-9c78-af3d58b2da7f@group-091950D56227-LeaderElection131: Election REJECTED; received 2 response(s) [8f18dce1-0a3d-4b65-9c78-af3d58b2da7f<-8a63e1ae-032e-4bed-9f20-125a11f65413#0:FAIL-t156, 8f18dce1-0a3d-4b65-9c78-af3d58b2da7f<-7b1e61a0-7daf-43dd-99d5-9b325c1d31ae#0:FAIL-t156] and 0 exception(s); 8f18dce1-0a3d-4b65-9c78-af3d58b2da7f@group-091950D56227:t156, leader=null, voted=8f18dce1-0a3d-4b65-9c78-af3d58b2da7f, raftlog=8f18dce1-0a3d-4b65-9c78-af3d58b2da7f@group-091950D56227-SegmentedRaftLog:OPENED:c-1,f-1,i0, conf=-1: [8a63e1ae-032e-4bed-9f20-125a11f65413:0.0.0.0:38685, 8f18dce1-0a3d-4b65-9c78-af3d58b2da7f:0.0.0.0:42489, 7b1e61a0-7daf-43dd-99d5-9b325c1d31ae:0.0.0.0:38412], old=null
2019-10-20 17:40:10,132 [8f18dce1-0a3d-4b65-9c78-af3d58b2da7f@group-091950D56227-LeaderElection131] INFO  impl.RaftServerImpl (RaftServerImpl.java:setRole(184)) - 8f18dce1-0a3d-4b65-9c78-af3d58b2da7f@group-091950D56227: changes role from CANDIDATE to FOLLOWER at term 156 for DISCOVERED_A_NEW_TERM
2019-10-20 17:40:10,132 [8f18dce1-0a3d-4b65-9c78-af3d58b2da7f@group-091950D56227-LeaderElection131] INFO  impl.RoleInfo (RoleInfo.java:shutdownLeaderElection(134)) - 8f18dce1-0a3d-4b65-9c78-af3d58b2da7f: shutdown LeaderElection
2019-10-20 17:40:10,132 [8f18dce1-0a3d-4b65-9c78-af3d58b2da7f@group-091950D56227-LeaderElection131] INFO  impl.RoleInfo (RoleInfo.java:updateAndGet(143)) - 8f18dce1-0a3d-4b65-9c78-af3d58b2da7f: start FollowerState
2019-10-20 17:40:10,310 [Thread-967] INFO  impl.FollowerState (FollowerState.java:run(108)) - 8f18dce1-0a3d-4b65-9c78-af3d58b2da7f@group-091950D56227-FollowerState: change to CANDIDATE, lastRpcTime:178ms, electionTimeout:178ms
2019-10-20 17:40:10,311 [Thread-967] INFO  impl.RoleInfo (RoleInfo.java:shutdownFollowerState(121)) - 8f18dce1-0a3d-4b65-9c78-af3d58b2da7f: shutdown FollowerState
2019-10-20 17:40:10,311 [Thread-967] INFO  impl.RaftServerImpl (RaftServerImpl.java:setRole(184)) - 8f18dce1-0a3d-4b65-9c78-af3d58b2da7f@group-091950D56227: changes role from  FOLLOWER to CANDIDATE at term 156 for changeToCandidate
2019-10-20 17:40:10,311 [Thread-967] INFO  impl.RoleInfo (RoleInfo.java:updateAndGet(143)) - 8f18dce1-0a3d-4b65-9c78-af3d58b2da7f: start LeaderElection
2019-10-20 17:40:10,340 [8f18dce1-0a3d-4b65-9c78-af3d58b2da7f@group-091950D56227-LeaderElection132] INFO  impl.LeaderElection (LeaderElection.java:askForVotes(178)) - 8f18dce1-0a3d-4b65-9c78-af3d58b2da7f@group-091950D56227-LeaderElection132: begin an election at term 157 for -1: [8a63e1ae-032e-4bed-9f20-125a11f65413:0.0.0.0:38685, 8f18dce1-0a3d-4b65-9c78-af3d58b2da7f:0.0.0.0:42489, 7b1e61a0-7daf-43dd-99d5-9b325c1d31ae:0.0.0.0:38412], old=null
2019-10-20 17:40:10,343 [grpc-default-executor-0] INFO  impl.RaftServerImpl (RaftServerImpl.java:setRole(184)) - 8a63e1ae-032e-4bed-9f20-125a11f65413@group-091950D56227: changes role from  FOLLOWER to FOLLOWER at term 157 for recognizeCandidate:8f18dce1-0a3d-4b65-9c78-af3d58b2da7f
2019-10-20 17:40:10,343 [grpc-default-executor-1] INFO  impl.RaftServerImpl (RaftServerImpl.java:setRole(184)) - 7b1e61a0-7daf-43dd-99d5-9b325c1d31ae@group-091950D56227: changes role from  FOLLOWER to FOLLOWER at term 157 for recognizeCandidate:8f18dce1-0a3d-4b65-9c78-af3d58b2da7f
2019-10-20 17:40:10,343 [grpc-default-executor-0] INFO  impl.RoleInfo (RoleInfo.java:shutdownFollowerState(121)) - 8a63e1ae-032e-4bed-9f20-125a11f65413: shutdown FollowerState
2019-10-20 17:40:10,343 [grpc-default-executor-1] INFO  impl.RoleInfo (RoleInfo.java:shutdownFollowerState(121)) - 7b1e61a0-7daf-43dd-99d5-9b325c1d31ae: shutdown FollowerState
2019-10-20 17:40:10,344 [grpc-default-executor-0] INFO  impl.RoleInfo (RoleInfo.java:updateAndGet(143)) - 8a63e1ae-032e-4bed-9f20-125a11f65413: start FollowerState
2019-10-20 17:40:10,344 [Thread-965] INFO  impl.FollowerState (FollowerState.java:run(117)) - 8a63e1ae-032e-4bed-9f20-125a11f65413@group-091950D56227-FollowerState was interrupted: java.lang.InterruptedException: sleep interrupted
2019-10-20 17:40:10,344 [grpc-default-executor-1] INFO  impl.RoleInfo (RoleInfo.java:updateAndGet(143)) - 7b1e61a0-7daf-43dd-99d5-9b325c1d31ae: start FollowerState
2019-10-20 17:40:10,344 [Thread-966] INFO  impl.FollowerState (FollowerState.java:run(117)) - 7b1e61a0-7daf-43dd-99d5-9b325c1d31ae@group-091950D56227-FollowerState was interrupted: java.lang.InterruptedException: sleep interrupted
2019-10-20 17:40:10,367 [8f18dce1-0a3d-4b65-9c78-af3d58b2da7f@group-091950D56227-LeaderElection132] INFO  impl.LeaderElection (LeaderElection.java:logAndReturn(56)) - 8f18dce1-0a3d-4b65-9c78-af3d58b2da7f@group-091950D56227-LeaderElection132: Election REJECTED; received 2 response(s) [8f18dce1-0a3d-4b65-9c78-af3d58b2da7f<-8a63e1ae-032e-4bed-9f20-125a11f65413#0:FAIL-t157, 8f18dce1-0a3d-4b65-9c78-af3d58b2da7f<-7b1e61a0-7daf-43dd-99d5-9b325c1d31ae#0:FAIL-t157] and 0 exception(s); 8f18dce1-0a3d-4b65-9c78-af3d58b2da7f@group-091950D56227:t157, leader=null, voted=8f18dce1-0a3d-4b65-9c78-af3d58b2da7f, raftlog=8f18dce1-0a3d-4b65-9c78-af3d58b2da7f@group-091950D56227-SegmentedRaftLog:OPENED:c-1,f-1,i0, conf=-1: [8a63e1ae-032e-4bed-9f20-125a11f65413:0.0.0.0:38685, 8f18dce1-0a3d-4b65-9c78-af3d58b2da7f:0.0.0.0:42489, 7b1e61a0-7daf-43dd-99d5-9b325c1d31ae:0.0.0.0:38412], old=null
2019-10-20 17:40:10,367 [8f18dce1-0a3d-4b65-9c78-af3d58b2da7f@group-091950D56227-LeaderElection132] INFO  impl.RaftServerImpl (RaftServerImpl.java:setRole(184)) - 8f18dce1-0a3d-4b65-9c78-af3d58b2da7f@group-091950D56227: changes role from CANDIDATE to FOLLOWER at term 157 for DISCOVERED_A_NEW_TERM
2019-10-20 17:40:10,367 [8f18dce1-0a3d-4b65-9c78-af3d58b2da7f@group-091950D56227-LeaderElection132] INFO  impl.RoleInfo (RoleInfo.java:shutdownLeaderElection(134)) - 8f18dce1-0a3d-4b65-9c78-af3d58b2da7f: shutdown LeaderElection
2019-10-20 17:40:10,367 [8f18dce1-0a3d-4b65-9c78-af3d58b2da7f@group-091950D56227-LeaderElection132] INFO  impl.RoleInfo (RoleInfo.java:updateAndGet(143)) - 8f18dce1-0a3d-4b65-9c78-af3d58b2da7f: start FollowerState
2019-10-20 17:40:10,512 [Thread-973] INFO  impl.FollowerState (FollowerState.java:run(108)) - 8f18dce1-0a3d-4b65-9c78-af3d58b2da7f@group-091950D56227-FollowerState: change to CANDIDATE, lastRpcTime:144ms, electionTimeout:144ms
2019-10-20 17:40:10,512 [Thread-973] INFO  impl.RoleInfo (RoleInfo.java:shutdownFollowerState(121)) - 8f18dce1-0a3d-4b65-9c78-af3d58b2da7f: shutdown FollowerState
2019-10-20 17:40:10,512 [Thread-973] INFO  impl.RaftServerImpl (RaftServerImpl.java:setRole(184)) - 8f18dce1-0a3d-4b65-9c78-af3d58b2da7f@group-091950D56227: changes role from  FOLLOWER to CANDIDATE at term 157 for changeToCandidate
2019-10-20 17:40:10,512 [Thread-973] INFO  impl.RoleInfo (RoleInfo.java:updateAndGet(143)) - 8f18dce1-0a3d-4b65-9c78-af3d58b2da7f: start LeaderElection
2019-10-20 17:40:10,541 [8f18dce1-0a3d-4b65-9c78-af3d58b2da7f@group-091950D56227-LeaderElection133] INFO  impl.LeaderElection (LeaderElection.java:askForVotes(178)) - 8f18dce1-0a3d-4b65-9c78-af3d58b2da7f@group-091950D56227-LeaderElection133: begin an election at term 158 for -1: [8a63e1ae-032e-4bed-9f20-125a11f65413:0.0.0.0:38685, 8f18dce1-0a3d-4b65-9c78-af3d58b2da7f:0.0.0.0:42489, 7b1e61a0-7daf-43dd-99d5-9b325c1d31ae:0.0.0.0:38412], old=null
2019-10-20 17:40:10,544 [grpc-default-executor-1] INFO  impl.RaftServerImpl (RaftServerImpl.java:setRole(184)) - 8a63e1ae-032e-4bed-9f20-125a11f65413@group-091950D56227: changes role from  FOLLOWER to FOLLOWER at term 158 for recognizeCandidate:8f18dce1-0a3d-4b65-9c78-af3d58b2da7f
2019-10-20 17:40:10,544 [grpc-default-executor-0] INFO  impl.RaftServerImpl (RaftServerImpl.java:setRole(184)) - 7b1e61a0-7daf-43dd-99d5-9b325c1d31ae@group-091950D56227: changes role from  FOLLOWER to FOLLOWER at term 158 for recognizeCandidate:8f18dce1-0a3d-4b65-9c78-af3d58b2da7f
2019-10-20 17:40:10,544 [grpc-default-executor-1] INFO  impl.RoleInfo (RoleInfo.java:shutdownFollowerState(121)) - 8a63e1ae-032e-4bed-9f20-125a11f65413: shutdown FollowerState
2019-10-20 17:40:10,544 [grpc-default-executor-0] INFO  impl.RoleInfo (RoleInfo.java:shutdownFollowerState(121)) - 7b1e61a0-7daf-43dd-99d5-9b325c1d31ae: shutdown FollowerState
2019-10-20 17:40:10,545 [Thread-971] INFO  impl.FollowerState (FollowerState.java:run(117)) - 8a63e1ae-032e-4bed-9f20-125a11f65413@group-091950D56227-FollowerState was interrupted: java.lang.InterruptedException: sleep interrupted
2019-10-20 17:40:10,545 [grpc-default-executor-1] INFO  impl.RoleInfo (RoleInfo.java:updateAndGet(143)) - 8a63e1ae-032e-4bed-9f20-125a11f65413: start FollowerState
2019-10-20 17:40:10,545 [Thread-972] INFO  impl.FollowerState (FollowerState.java:run(117)) - 7b1e61a0-7daf-43dd-99d5-9b325c1d31ae@group-091950D56227-FollowerState was interrupted: java.lang.InterruptedException: sleep interrupted
2019-10-20 17:40:10,545 [grpc-default-executor-0] INFO  impl.RoleInfo (RoleInfo.java:updateAndGet(143)) - 7b1e61a0-7daf-43dd-99d5-9b325c1d31ae: start FollowerState
2019-10-20 17:40:10,568 [8f18dce1-0a3d-4b65-9c78-af3d58b2da7f@group-091950D56227-LeaderElection133] INFO  impl.LeaderElection (LeaderElection.java:logAndReturn(56)) - 8f18dce1-0a3d-4b65-9c78-af3d58b2da7f@group-091950D56227-LeaderElection133: Election REJECTED; received 2 response(s) [8f18dce1-0a3d-4b65-9c78-af3d58b2da7f<-8a63e1ae-032e-4bed-9f20-125a11f65413#0:FAIL-t158, 8f18dce1-0a3d-4b65-9c78-af3d58b2da7f<-7b1e61a0-7daf-43dd-99d5-9b325c1d31ae#0:FAIL-t158] and 0 exception(s); 8f18dce1-0a3d-4b65-9c78-af3d58b2da7f@group-091950D56227:t158, leader=null, voted=8f18dce1-0a3d-4b65-9c78-af3d58b2da7f, raftlog=8f18dce1-0a3d-4b65-9c78-af3d58b2da7f@group-091950D56227-SegmentedRaftLog:OPENED:c-1,f-1,i0, conf=-1: [8a63e1ae-032e-4bed-9f20-125a11f65413:0.0.0.0:38685, 8f18dce1-0a3d-4b65-9c78-af3d58b2da7f:0.0.0.0:42489, 7b1e61a0-7daf-43dd-99d5-9b325c1d31ae:0.0.0.0:38412], old=null
2019-10-20 17:40:10,568 [8f18dce1-0a3d-4b65-9c78-af3d58b2da7f@group-091950D56227-LeaderElection133] INFO  impl.RaftServerImpl (RaftServerImpl.java:setRole(184)) - 8f18dce1-0a3d-4b65-9c78-af3d58b2da7f@group-091950D56227: changes role from CANDIDATE to FOLLOWER at term 158 for DISCOVERED_A_NEW_TERM
2019-10-20 17:40:10,568 [8f18dce1-0a3d-4b65-9c78-af3d58b2da7f@group-091950D56227-LeaderElection133] INFO  impl.RoleInfo (RoleInfo.java:shutdownLeaderElection(134)) - 8f18dce1-0a3d-4b65-9c78-af3d58b2da7f: shutdown LeaderElection
2019-10-20 17:40:10,568 [8f18dce1-0a3d-4b65-9c78-af3d58b2da7f@group-091950D56227-LeaderElection133] INFO  impl.RoleInfo (RoleInfo.java:updateAndGet(143)) - 8f18dce1-0a3d-4b65-9c78-af3d58b2da7f: start FollowerState
2019-10-20 17:40:10,680 [Thread-979] INFO  impl.FollowerState (FollowerState.java:run(108)) - 8f18dce1-0a3d-4b65-9c78-af3d58b2da7f@group-091950D56227-FollowerState: change to CANDIDATE, lastRpcTime:111ms, electionTimeout:111ms
2019-10-20 17:40:10,680 [Thread-979] INFO  impl.RoleInfo (RoleInfo.java:shutdownFollowerState(121)) - 8f18dce1-0a3d-4b65-9c78-af3d58b2da7f: shutdown FollowerState
2019-10-20 17:40:10,680 [Thread-979] INFO  impl.RaftServerImpl (RaftServerImpl.java:setRole(184)) - 8f18dce1-0a3d-4b65-9c78-af3d58b2da7f@group-091950D56227: changes role from  FOLLOWER to CANDIDATE at term 158 for changeToCandidate
2019-10-20 17:40:10,680 [Thread-979] INFO  impl.RoleInfo (RoleInfo.java:updateAndGet(143)) - 8f18dce1-0a3d-4b65-9c78-af3d58b2da7f: start LeaderElection
2019-10-20 17:40:10,709 [8f18dce1-0a3d-4b65-9c78-af3d58b2da7f@group-091950D56227-LeaderElection134] INFO  impl.LeaderElection (LeaderElection.java:askForVotes(178)) - 8f18dce1-0a3d-4b65-9c78-af3d58b2da7f@group-091950D56227-LeaderElection134: begin an election at term 159 for -1: [8a63e1ae-032e-4bed-9f20-125a11f65413:0.0.0.0:38685, 8f18dce1-0a3d-4b65-9c78-af3d58b2da7f:0.0.0.0:42489, 7b1e61a0-7daf-43dd-99d5-9b325c1d31ae:0.0.0.0:38412], old=null
2019-10-20 17:40:10,711 [grpc-default-executor-0] INFO  impl.RaftServerImpl (RaftServerImpl.java:setRole(184)) - 8a63e1ae-032e-4bed-9f20-125a11f65413@group-091950D56227: changes role from  FOLLOWER to FOLLOWER at term 159 for recognizeCandidate:8f18dce1-0a3d-4b65-9c78-af3d58b2da7f
2019-10-20 17:40:10,711 [grpc-default-executor-1] INFO  impl.RaftServerImpl (RaftServerImpl.java:setRole(184)) - 7b1e61a0-7daf-43dd-99d5-9b325c1d31ae@group-091950D56227: changes role from  FOLLOWER to FOLLOWER at term 159 for recognizeCandidate:8f18dce1-0a3d-4b65-9c78-af3d58b2da7f
2019-10-20 17:40:10,712 [grpc-default-executor-0] INFO  impl.RoleInfo (RoleInfo.java:shutdownFollowerState(121)) - 8a63e1ae-032e-4bed-9f20-125a11f65413: shutdown FollowerState
2019-10-20 17:40:10,712 [grpc-default-executor-1] INFO  impl.RoleInfo (RoleInfo.java:shutdownFollowerState(121)) - 7b1e61a0-7daf-43dd-99d5-9b325c1d31ae: shutdown FollowerState
2019-10-20 17:40:10,712 [Thread-977] INFO  impl.FollowerState (FollowerState.java:run(117)) - 8a63e1ae-032e-4bed-9f20-125a11f65413@group-091950D56227-FollowerState was interrupted: java.lang.InterruptedException: sleep interrupted
2019-10-20 17:40:10,712 [grpc-default-executor-0] INFO  impl.RoleInfo (RoleInfo.java:updateAndGet(143)) - 8a63e1ae-032e-4bed-9f20-125a11f65413: start FollowerState
2019-10-20 17:40:10,712 [Thread-978] INFO  impl.FollowerState (FollowerState.java:run(117)) - 7b1e61a0-7daf-43dd-99d5-9b325c1d31ae@group-091950D56227-FollowerState was interrupted: java.lang.InterruptedException: sleep interrupted
2019-10-20 17:40:10,712 [grpc-default-executor-1] INFO  impl.RoleInfo (RoleInfo.java:updateAndGet(143)) - 7b1e61a0-7daf-43dd-99d5-9b325c1d31ae: start FollowerState
2019-10-20 17:40:10,736 [8f18dce1-0a3d-4b65-9c78-af3d58b2da7f@group-091950D56227-LeaderElection134] INFO  impl.LeaderElection (LeaderElection.java:logAndReturn(56)) - 8f18dce1-0a3d-4b65-9c78-af3d58b2da7f@group-091950D56227-LeaderElection134: Election REJECTED; received 2 response(s) [8f18dce1-0a3d-4b65-9c78-af3d58b2da7f<-8a63e1ae-032e-4bed-9f20-125a11f65413#0:FAIL-t159, 8f18dce1-0a3d-4b65-9c78-af3d58b2da7f<-7b1e61a0-7daf-43dd-99d5-9b325c1d31ae#0:FAIL-t159] and 0 exception(s); 8f18dce1-0a3d-4b65-9c78-af3d58b2da7f@group-091950D56227:t159, leader=null, voted=8f18dce1-0a3d-4b65-9c78-af3d58b2da7f, raftlog=8f18dce1-0a3d-4b65-9c78-af3d58b2da7f@group-091950D56227-SegmentedRaftLog:OPENED:c-1,f-1,i0, conf=-1: [8a63e1ae-032e-4bed-9f20-125a11f65413:0.0.0.0:38685, 8f18dce1-0a3d-4b65-9c78-af3d58b2da7f:0.0.0.0:42489, 7b1e61a0-7daf-43dd-99d5-9b325c1d31ae:0.0.0.0:38412], old=null
2019-10-20 17:40:10,736 [8f18dce1-0a3d-4b65-9c78-af3d58b2da7f@group-091950D56227-LeaderElection134] INFO  impl.RaftServerImpl (RaftServerImpl.java:setRole(184)) - 8f18dce1-0a3d-4b65-9c78-af3d58b2da7f@group-091950D56227: changes role from CANDIDATE to FOLLOWER at term 159 for DISCOVERED_A_NEW_TERM
2019-10-20 17:40:10,736 [8f18dce1-0a3d-4b65-9c78-af3d58b2da7f@group-091950D56227-LeaderElection134] INFO  impl.RoleInfo (RoleInfo.java:shutdownLeaderElection(134)) - 8f18dce1-0a3d-4b65-9c78-af3d58b2da7f: shutdown LeaderElection
2019-10-20 17:40:10,736 [8f18dce1-0a3d-4b65-9c78-af3d58b2da7f@group-091950D56227-LeaderElection134] INFO  impl.RoleInfo (RoleInfo.java:updateAndGet(143)) - 8f18dce1-0a3d-4b65-9c78-af3d58b2da7f: start FollowerState
2019-10-20 17:40:10,899 [Thread-985] INFO  impl.FollowerState (FollowerState.java:run(108)) - 8f18dce1-0a3d-4b65-9c78-af3d58b2da7f@group-091950D56227-FollowerState: change to CANDIDATE, lastRpcTime:163ms, electionTimeout:163ms
2019-10-20 17:40:10,900 [Thread-985] INFO  impl.RoleInfo (RoleInfo.java:shutdownFollowerState(121)) - 8f18dce1-0a3d-4b65-9c78-af3d58b2da7f: shutdown FollowerState
2019-10-20 17:40:10,900 [Thread-985] INFO  impl.RaftServerImpl (RaftServerImpl.java:setRole(184)) - 8f18dce1-0a3d-4b65-9c78-af3d58b2da7f@group-091950D56227: changes role from  FOLLOWER to CANDIDATE at term 159 for changeToCandidate
2019-10-20 17:40:10,900 [Thread-985] INFO  impl.RoleInfo (RoleInfo.java:updateAndGet(143)) - 8f18dce1-0a3d-4b65-9c78-af3d58b2da7f: start LeaderElection
2019-10-20 17:40:10,927 [8f18dce1-0a3d-4b65-9c78-af3d58b2da7f@group-091950D56227-LeaderElection135] INFO  impl.LeaderElection (LeaderElection.java:askForVotes(178)) - 8f18dce1-0a3d-4b65-9c78-af3d58b2da7f@group-091950D56227-LeaderElection135: begin an election at term 160 for -1: [8a63e1ae-032e-4bed-9f20-125a11f65413:0.0.0.0:38685, 8f18dce1-0a3d-4b65-9c78-af3d58b2da7f:0.0.0.0:42489, 7b1e61a0-7daf-43dd-99d5-9b325c1d31ae:0.0.0.0:38412], old=null
2019-10-20 17:40:10,929 [grpc-default-executor-0] INFO  impl.RaftServerImpl (RaftServerImpl.java:setRole(184)) - 8a63e1ae-032e-4bed-9f20-125a11f65413@group-091950D56227: changes role from  FOLLOWER to FOLLOWER at term 160 for recognizeCandidate:8f18dce1-0a3d-4b65-9c78-af3d58b2da7f
2019-10-20 17:40:10,930 [grpc-default-executor-0] INFO  impl.RoleInfo (RoleInfo.java:shutdownFollowerState(121)) - 8a63e1ae-032e-4bed-9f20-125a11f65413: shutdown FollowerState
2019-10-20 17:40:10,930 [grpc-default-executor-0] INFO  impl.RoleInfo (RoleInfo.java:updateAndGet(143)) - 8a63e1ae-032e-4bed-9f20-125a11f65413: start FollowerState
2019-10-20 17:40:10,930 [Thread-983] INFO  impl.FollowerState (FollowerState.java:run(117)) - 8a63e1ae-032e-4bed-9f20-125a11f65413@group-091950D56227-FollowerState was interrupted: java.lang.InterruptedException: sleep interrupted
2019-10-20 17:40:10,930 [grpc-default-executor-1] INFO  impl.RaftServerImpl (RaftServerImpl.java:setRole(184)) - 7b1e61a0-7daf-43dd-99d5-9b325c1d31ae@group-091950D56227: changes role from  FOLLOWER to FOLLOWER at term 160 for recognizeCandidate:8f18dce1-0a3d-4b65-9c78-af3d58b2da7f
2019-10-20 17:40:10,930 [grpc-default-executor-1] INFO  impl.RoleInfo (RoleInfo.java:shutdownFollowerState(121)) - 7b1e61a0-7daf-43dd-99d5-9b325c1d31ae: shutdown FollowerState
2019-10-20 17:40:10,930 [grpc-default-executor-1] INFO  impl.RoleInfo (RoleInfo.java:updateAndGet(143)) - 7b1e61a0-7daf-43dd-99d5-9b325c1d31ae: start FollowerState
2019-10-20 17:40:10,930 [Thread-984] INFO  impl.FollowerState (FollowerState.java:run(117)) - 7b1e61a0-7daf-43dd-99d5-9b325c1d31ae@group-091950D56227-FollowerState was interrupted: java.lang.InterruptedException: sleep interrupted
2019-10-20 17:40:10,953 [8f18dce1-0a3d-4b65-9c78-af3d58b2da7f@group-091950D56227-LeaderElection135] INFO  impl.LeaderElection (LeaderElection.java:logAndReturn(56)) - 8f18dce1-0a3d-4b65-9c78-af3d58b2da7f@group-091950D56227-LeaderElection135: Election REJECTED; received 2 response(s) [8f18dce1-0a3d-4b65-9c78-af3d58b2da7f<-8a63e1ae-032e-4bed-9f20-125a11f65413#0:FAIL-t160, 8f18dce1-0a3d-4b65-9c78-af3d58b2da7f<-7b1e61a0-7daf-43dd-99d5-9b325c1d31ae#0:FAIL-t160] and 0 exception(s); 8f18dce1-0a3d-4b65-9c78-af3d58b2da7f@group-091950D56227:t160, leader=null, voted=8f18dce1-0a3d-4b65-9c78-af3d58b2da7f, raftlog=8f18dce1-0a3d-4b65-9c78-af3d58b2da7f@group-091950D56227-SegmentedRaftLog:OPENED:c-1,f-1,i0, conf=-1: [8a63e1ae-032e-4bed-9f20-125a11f65413:0.0.0.0:38685, 8f18dce1-0a3d-4b65-9c78-af3d58b2da7f:0.0.0.0:42489, 7b1e61a0-7daf-43dd-99d5-9b325c1d31ae:0.0.0.0:38412], old=null
2019-10-20 17:40:10,954 [8f18dce1-0a3d-4b65-9c78-af3d58b2da7f@group-091950D56227-LeaderElection135] INFO  impl.RaftServerImpl (RaftServerImpl.java:setRole(184)) - 8f18dce1-0a3d-4b65-9c78-af3d58b2da7f@group-091950D56227: changes role from CANDIDATE to FOLLOWER at term 160 for DISCOVERED_A_NEW_TERM
2019-10-20 17:40:10,954 [8f18dce1-0a3d-4b65-9c78-af3d58b2da7f@group-091950D56227-LeaderElection135] INFO  impl.RoleInfo (RoleInfo.java:shutdownLeaderElection(134)) - 8f18dce1-0a3d-4b65-9c78-af3d58b2da7f: shutdown LeaderElection
2019-10-20 17:40:10,954 [8f18dce1-0a3d-4b65-9c78-af3d58b2da7f@group-091950D56227-LeaderElection135] INFO  impl.RoleInfo (RoleInfo.java:updateAndGet(143)) - 8f18dce1-0a3d-4b65-9c78-af3d58b2da7f: start FollowerState
2019-10-20 17:40:10,976 [Thread-991] INFO  impl.FollowerState (FollowerState.java:run(108)) - 8f18dce1-0a3d-4b65-9c78-af3d58b2da7f@group-091950D56227-FollowerState: change to CANDIDATE, lastRpcTime:22ms, electionTimeout:22ms
2019-10-20 17:40:10,977 [Thread-991] INFO  impl.RoleInfo (RoleInfo.java:shutdownFollowerState(121)) - 8f18dce1-0a3d-4b65-9c78-af3d58b2da7f: shutdown FollowerState
2019-10-20 17:40:10,977 [Thread-991] INFO  impl.RaftServerImpl (RaftServerImpl.java:setRole(184)) - 8f18dce1-0a3d-4b65-9c78-af3d58b2da7f@group-091950D56227: changes role from  FOLLOWER to CANDIDATE at term 160 for changeToCandidate
2019-10-20 17:40:10,977 [Thread-991] INFO  impl.RoleInfo (RoleInfo.java:updateAndGet(143)) - 8f18dce1-0a3d-4b65-9c78-af3d58b2da7f: start LeaderElection
2019-10-20 17:40:11,003 [8f18dce1-0a3d-4b65-9c78-af3d58b2da7f@group-091950D56227-LeaderElection136] INFO  impl.LeaderElection (LeaderElection.java:askForVotes(178)) - 8f18dce1-0a3d-4b65-9c78-af3d58b2da7f@group-091950D56227-LeaderElection136: begin an election at term 161 for -1: [8a63e1ae-032e-4bed-9f20-125a11f65413:0.0.0.0:38685, 8f18dce1-0a3d-4b65-9c78-af3d58b2da7f:0.0.0.0:42489, 7b1e61a0-7daf-43dd-99d5-9b325c1d31ae:0.0.0.0:38412], old=null
2019-10-20 17:40:11,005 [grpc-default-executor-1] INFO  impl.RaftServerImpl (RaftServerImpl.java:setRole(184)) - 8a63e1ae-032e-4bed-9f20-125a11f65413@group-091950D56227: changes role from  FOLLOWER to FOLLOWER at term 161 for recognizeCandidate:8f18dce1-0a3d-4b65-9c78-af3d58b2da7f
2019-10-20 17:40:11,005 [grpc-default-executor-0] INFO  impl.RaftServerImpl (RaftServerImpl.java:setRole(184)) - 7b1e61a0-7daf-43dd-99d5-9b325c1d31ae@group-091950D56227: changes role from  FOLLOWER to FOLLOWER at term 161 for recognizeCandidate:8f18dce1-0a3d-4b65-9c78-af3d58b2da7f
2019-10-20 17:40:11,005 [grpc-default-executor-0] INFO  impl.RoleInfo (RoleInfo.java:shutdownFollowerState(121)) - 7b1e61a0-7daf-43dd-99d5-9b325c1d31ae: shutdown FollowerState
2019-10-20 17:40:11,005 [grpc-default-executor-1] INFO  impl.RoleInfo (RoleInfo.java:shutdownFollowerState(121)) - 8a63e1ae-032e-4bed-9f20-125a11f65413: shutdown FollowerState
2019-10-20 17:40:11,005 [Thread-990] INFO  impl.FollowerState (FollowerState.java:run(117)) - 7b1e61a0-7daf-43dd-99d5-9b325c1d31ae@group-091950D56227-FollowerState was interrupted: java.lang.InterruptedException: sleep interrupted
2019-10-20 17:40:11,005 [grpc-default-executor-0] INFO  impl.RoleInfo (RoleInfo.java:updateAndGet(143)) - 7b1e61a0-7daf-43dd-99d5-9b325c1d31ae: start FollowerState
2019-10-20 17:40:11,006 [Thread-989] INFO  impl.FollowerState (FollowerState.java:run(117)) - 8a63e1ae-032e-4bed-9f20-125a11f65413@group-091950D56227-FollowerState was interrupted: java.lang.InterruptedException: sleep interrupted
2019-10-20 17:40:11,006 [grpc-default-executor-1] INFO  impl.RoleInfo (RoleInfo.java:updateAndGet(143)) - 8a63e1ae-032e-4bed-9f20-125a11f65413: start FollowerState
2019-10-20 17:40:11,029 [8f18dce1-0a3d-4b65-9c78-af3d58b2da7f@group-091950D56227-LeaderElection136] INFO  impl.LeaderElection (LeaderElection.java:logAndReturn(56)) - 8f18dce1-0a3d-4b65-9c78-af3d58b2da7f@group-091950D56227-LeaderElection136: Election REJECTED; received 2 response(s) [8f18dce1-0a3d-4b65-9c78-af3d58b2da7f<-8a63e1ae-032e-4bed-9f20-125a11f65413#0:FAIL-t161, 8f18dce1-0a3d-4b65-9c78-af3d58b2da7f<-7b1e61a0-7daf-43dd-99d5-9b325c1d31ae#0:FAIL-t161] and 0 exception(s); 8f18dce1-0a3d-4b65-9c78-af3d58b2da7f@group-091950D56227:t161, leader=null, voted=8f18dce1-0a3d-4b65-9c78-af3d58b2da7f, raftlog=8f18dce1-0a3d-4b65-9c78-af3d58b2da7f@group-091950D56227-SegmentedRaftLog:OPENED:c-1,f-1,i0, conf=-1: [8a63e1ae-032e-4bed-9f20-125a11f65413:0.0.0.0:38685, 8f18dce1-0a3d-4b65-9c78-af3d58b2da7f:0.0.0.0:42489, 7b1e61a0-7daf-43dd-99d5-9b325c1d31ae:0.0.0.0:38412], old=null
2019-10-20 17:40:11,029 [8f18dce1-0a3d-4b65-9c78-af3d58b2da7f@group-091950D56227-LeaderElection136] INFO  impl.RaftServerImpl (RaftServerImpl.java:setRole(184)) - 8f18dce1-0a3d-4b65-9c78-af3d58b2da7f@group-091950D56227: changes role from CANDIDATE to FOLLOWER at term 161 for DISCOVERED_A_NEW_TERM
2019-10-20 17:40:11,029 [8f18dce1-0a3d-4b65-9c78-af3d58b2da7f@group-091950D56227-LeaderElection136] INFO  impl.RoleInfo (RoleInfo.java:shutdownLeaderElection(134)) - 8f18dce1-0a3d-4b65-9c78-af3d58b2da7f: shutdown LeaderElection
2019-10-20 17:40:11,029 [8f18dce1-0a3d-4b65-9c78-af3d58b2da7f@group-091950D56227-LeaderElection136] INFO  impl.RoleInfo (RoleInfo.java:updateAndGet(143)) - 8f18dce1-0a3d-4b65-9c78-af3d58b2da7f: start FollowerState
2019-10-20 17:40:11,128 [Thread-997] INFO  impl.FollowerState (FollowerState.java:run(108)) - 8f18dce1-0a3d-4b65-9c78-af3d58b2da7f@group-091950D56227-FollowerState: change to CANDIDATE, lastRpcTime:98ms, electionTimeout:98ms
2019-10-20 17:40:11,128 [Thread-997] INFO  impl.RoleInfo (RoleInfo.java:shutdownFollowerState(121)) - 8f18dce1-0a3d-4b65-9c78-af3d58b2da7f: shutdown FollowerState
2019-10-20 17:40:11,128 [Thread-997] INFO  impl.RaftServerImpl (RaftServerImpl.java:setRole(184)) - 8f18dce1-0a3d-4b65-9c78-af3d58b2da7f@group-091950D56227: changes role from  FOLLOWER to CANDIDATE at term 161 for changeToCandidate
2019-10-20 17:40:11,128 [Thread-997] INFO  impl.RoleInfo (RoleInfo.java:updateAndGet(143)) - 8f18dce1-0a3d-4b65-9c78-af3d58b2da7f: start LeaderElection
2019-10-20 17:40:11,154 [8f18dce1-0a3d-4b65-9c78-af3d58b2da7f@group-091950D56227-LeaderElection137] INFO  impl.LeaderElection (LeaderElection.java:askForVotes(178)) - 8f18dce1-0a3d-4b65-9c78-af3d58b2da7f@group-091950D56227-LeaderElection137: begin an election at term 162 for -1: [8a63e1ae-032e-4bed-9f20-125a11f65413:0.0.0.0:38685, 8f18dce1-0a3d-4b65-9c78-af3d58b2da7f:0.0.0.0:42489, 7b1e61a0-7daf-43dd-99d5-9b325c1d31ae:0.0.0.0:38412], old=null
2019-10-20 17:40:11,156 [grpc-default-executor-0] INFO  impl.RaftServerImpl (RaftServerImpl.java:setRole(184)) - 8a63e1ae-032e-4bed-9f20-125a11f65413@group-091950D56227: changes role from  FOLLOWER to FOLLOWER at term 162 for recognizeCandidate:8f18dce1-0a3d-4b65-9c78-af3d58b2da7f
2019-10-20 17:40:11,156 [grpc-default-executor-1] INFO  impl.RaftServerImpl (RaftServerImpl.java:setRole(184)) - 7b1e61a0-7daf-43dd-99d5-9b325c1d31ae@group-091950D56227: changes role from  FOLLOWER to FOLLOWER at term 162 for recognizeCandidate:8f18dce1-0a3d-4b65-9c78-af3d58b2da7f
2019-10-20 17:40:11,156 [grpc-default-executor-1] INFO  impl.RoleInfo (RoleInfo.java:shutdownFollowerState(121)) - 7b1e61a0-7daf-43dd-99d5-9b325c1d31ae: shutdown FollowerState
2019-10-20 17:40:11,156 [grpc-default-executor-0] INFO  impl.RoleInfo (RoleInfo.java:shutdownFollowerState(121)) - 8a63e1ae-032e-4bed-9f20-125a11f65413: shutdown FollowerState
2019-10-20 17:40:11,157 [Thread-995] INFO  impl.FollowerState (FollowerState.java:run(117)) - 7b1e61a0-7daf-43dd-99d5-9b325c1d31ae@group-091950D56227-FollowerState was interrupted: java.lang.InterruptedException: sleep interrupted
2019-10-20 17:40:11,157 [grpc-default-executor-1] INFO  impl.RoleInfo (RoleInfo.java:updateAndGet(143)) - 7b1e61a0-7daf-43dd-99d5-9b325c1d31ae: start FollowerState
2019-10-20 17:40:11,157 [Thread-996] INFO  impl.FollowerState (FollowerState.java:run(117)) - 8a63e1ae-032e-4bed-9f20-125a11f65413@group-091950D56227-FollowerState was interrupted: java.lang.InterruptedException: sleep interrupted
2019-10-20 17:40:11,157 [grpc-default-executor-0] INFO  impl.RoleInfo (RoleInfo.java:updateAndGet(143)) - 8a63e1ae-032e-4bed-9f20-125a11f65413: start FollowerState
2019-10-20 17:40:11,158 [8f18dce1-0a3d-4b65-9c78-af3d58b2da7f@group-091950D56227-LeaderElection137] INFO  impl.LeaderElection (LeaderElection.java:logAndReturn(56)) - 8f18dce1-0a3d-4b65-9c78-af3d58b2da7f@group-091950D56227-LeaderElection137: Election TIMEOUT; received 0 response(s) [] and 0 exception(s); 8f18dce1-0a3d-4b65-9c78-af3d58b2da7f@group-091950D56227:t162, leader=null, voted=8f18dce1-0a3d-4b65-9c78-af3d58b2da7f, raftlog=8f18dce1-0a3d-4b65-9c78-af3d58b2da7f@group-091950D56227-SegmentedRaftLog:OPENED:c-1,f-1,i0, conf=-1: [8a63e1ae-032e-4bed-9f20-125a11f65413:0.0.0.0:38685, 8f18dce1-0a3d-4b65-9c78-af3d58b2da7f:0.0.0.0:42489, 7b1e61a0-7daf-43dd-99d5-9b325c1d31ae:0.0.0.0:38412], old=null
2019-10-20 17:40:11,179 [8f18dce1-0a3d-4b65-9c78-af3d58b2da7f@group-091950D56227-LeaderElection137] INFO  impl.LeaderElection (LeaderElection.java:askForVotes(178)) - 8f18dce1-0a3d-4b65-9c78-af3d58b2da7f@group-091950D56227-LeaderElection137: begin an election at term 163 for -1: [8a63e1ae-032e-4bed-9f20-125a11f65413:0.0.0.0:38685, 8f18dce1-0a3d-4b65-9c78-af3d58b2da7f:0.0.0.0:42489, 7b1e61a0-7daf-43dd-99d5-9b325c1d31ae:0.0.0.0:38412], old=null
2019-10-20 17:40:11,181 [grpc-default-executor-0] INFO  impl.RaftServerImpl (RaftServerImpl.java:setRole(184)) - 8a63e1ae-032e-4bed-9f20-125a11f65413@group-091950D56227: changes role from  FOLLOWER to FOLLOWER at term 163 for recognizeCandidate:8f18dce1-0a3d-4b65-9c78-af3d58b2da7f
2019-10-20 17:40:11,182 [grpc-default-executor-0] INFO  impl.RoleInfo (RoleInfo.java:shutdownFollowerState(121)) - 8a63e1ae-032e-4bed-9f20-125a11f65413: shutdown FollowerState
2019-10-20 17:40:11,182 [grpc-default-executor-1] INFO  impl.RaftServerImpl (RaftServerImpl.java:setRole(184)) - 7b1e61a0-7daf-43dd-99d5-9b325c1d31ae@group-091950D56227: changes role from  FOLLOWER to FOLLOWER at term 163 for recognizeCandidate:8f18dce1-0a3d-4b65-9c78-af3d58b2da7f
2019-10-20 17:40:11,182 [Thread-1004] INFO  impl.FollowerState (FollowerState.java:run(117)) - 8a63e1ae-032e-4bed-9f20-125a11f65413@group-091950D56227-FollowerState was interrupted: java.lang.InterruptedException: sleep interrupted
2019-10-20 17:40:11,182 [grpc-default-executor-0] INFO  impl.RoleInfo (RoleInfo.java:updateAndGet(143)) - 8a63e1ae-032e-4bed-9f20-125a11f65413: start FollowerState
2019-10-20 17:40:11,182 [grpc-default-executor-1] INFO  impl.RoleInfo (RoleInfo.java:shutdownFollowerState(121)) - 7b1e61a0-7daf-43dd-99d5-9b325c1d31ae: shutdown FollowerState
2019-10-20 17:40:11,182 [grpc-default-executor-1] INFO  impl.RoleInfo (RoleInfo.java:updateAndGet(143)) - 7b1e61a0-7daf-43dd-99d5-9b325c1d31ae: start FollowerState
2019-10-20 17:40:11,182 [Thread-1003] INFO  impl.FollowerState (FollowerState.java:run(117)) - 7b1e61a0-7daf-43dd-99d5-9b325c1d31ae@group-091950D56227-FollowerState was interrupted: java.lang.InterruptedException: sleep interrupted
2019-10-20 17:40:11,198 [8f18dce1-0a3d-4b65-9c78-af3d58b2da7f@group-091950D56227-LeaderElection137] INFO  impl.LeaderElection (LeaderElection.java:logAndReturn(56)) - 8f18dce1-0a3d-4b65-9c78-af3d58b2da7f@group-091950D56227-LeaderElection137: Election TIMEOUT; received 0 response(s) [] and 0 exception(s); 8f18dce1-0a3d-4b65-9c78-af3d58b2da7f@group-091950D56227:t163, leader=null, voted=8f18dce1-0a3d-4b65-9c78-af3d58b2da7f, raftlog=8f18dce1-0a3d-4b65-9c78-af3d58b2da7f@group-091950D56227-SegmentedRaftLog:OPENED:c-1,f-1,i0, conf=-1: [8a63e1ae-032e-4bed-9f20-125a11f65413:0.0.0.0:38685, 8f18dce1-0a3d-4b65-9c78-af3d58b2da7f:0.0.0.0:42489, 7b1e61a0-7daf-43dd-99d5-9b325c1d31ae:0.0.0.0:38412], old=null
2019-10-20 17:40:11,222 [8f18dce1-0a3d-4b65-9c78-af3d58b2da7f@group-091950D56227-LeaderElection137] INFO  impl.LeaderElection (LeaderElection.java:askForVotes(178)) - 8f18dce1-0a3d-4b65-9c78-af3d58b2da7f@group-091950D56227-LeaderElection137: begin an election at term 164 for -1: [8a63e1ae-032e-4bed-9f20-125a11f65413:0.0.0.0:38685, 8f18dce1-0a3d-4b65-9c78-af3d58b2da7f:0.0.0.0:42489, 7b1e61a0-7daf-43dd-99d5-9b325c1d31ae:0.0.0.0:38412], old=null
2019-10-20 17:40:11,224 [grpc-default-executor-0] INFO  impl.RaftServerImpl (RaftServerImpl.java:setRole(184)) - 7b1e61a0-7daf-43dd-99d5-9b325c1d31ae@group-091950D56227: changes role from  FOLLOWER to FOLLOWER at term 164 for recognizeCandidate:8f18dce1-0a3d-4b65-9c78-af3d58b2da7f
2019-10-20 17:40:11,224 [grpc-default-executor-1] INFO  impl.RaftServerImpl (RaftServerImpl.java:setRole(184)) - 8a63e1ae-032e-4bed-9f20-125a11f65413@group-091950D56227: changes role from  FOLLOWER to FOLLOWER at term 164 for recognizeCandidate:8f18dce1-0a3d-4b65-9c78-af3d58b2da7f
2019-10-20 17:40:11,224 [grpc-default-executor-0] INFO  impl.RoleInfo (RoleInfo.java:shutdownFollowerState(121)) - 7b1e61a0-7daf-43dd-99d5-9b325c1d31ae: shutdown FollowerState
2019-10-20 17:40:11,224 [grpc-default-executor-1] INFO  impl.RoleInfo (RoleInfo.java:shutdownFollowerState(121)) - 8a63e1ae-032e-4bed-9f20-125a11f65413: shutdown FollowerState
2019-10-20 17:40:11,224 [Thread-1008] INFO  impl.FollowerState (FollowerState.java:run(117)) - 7b1e61a0-7daf-43dd-99d5-9b325c1d31ae@group-091950D56227-FollowerState was interrupted: java.lang.InterruptedException: sleep interrupted
2019-10-20 17:40:11,224 [grpc-default-executor-0] INFO  impl.RoleInfo (RoleInfo.java:updateAndGet(143)) - 7b1e61a0-7daf-43dd-99d5-9b325c1d31ae: start FollowerState
2019-10-20 17:40:11,224 [Thread-1007] INFO  impl.FollowerState (FollowerState.java:run(117)) - 8a63e1ae-032e-4bed-9f20-125a11f65413@group-091950D56227-FollowerState was interrupted: java.lang.InterruptedException: sleep interrupted
2019-10-20 17:40:11,224 [grpc-default-executor-1] INFO  impl.RoleInfo (RoleInfo.java:updateAndGet(143)) - 8a63e1ae-032e-4bed-9f20-125a11f65413: start FollowerState
2019-10-20 17:40:11,248 [8f18dce1-0a3d-4b65-9c78-af3d58b2da7f@group-091950D56227-LeaderElection137] INFO  impl.LeaderElection (LeaderElection.java:logAndReturn(56)) - 8f18dce1-0a3d-4b65-9c78-af3d58b2da7f@group-091950D56227-LeaderElection137: Election REJECTED; received 2 response(s) [8f18dce1-0a3d-4b65-9c78-af3d58b2da7f<-8a63e1ae-032e-4bed-9f20-125a11f65413#0:FAIL-t164, 8f18dce1-0a3d-4b65-9c78-af3d58b2da7f<-7b1e61a0-7daf-43dd-99d5-9b325c1d31ae#0:FAIL-t164] and 0 exception(s); 8f18dce1-0a3d-4b65-9c78-af3d58b2da7f@group-091950D56227:t164, leader=null, voted=8f18dce1-0a3d-4b65-9c78-af3d58b2da7f, raftlog=8f18dce1-0a3d-4b65-9c78-af3d58b2da7f@group-091950D56227-SegmentedRaftLog:OPENED:c-1,f-1,i0, conf=-1: [8a63e1ae-032e-4bed-9f20-125a11f65413:0.0.0.0:38685, 8f18dce1-0a3d-4b65-9c78-af3d58b2da7f:0.0.0.0:42489, 7b1e61a0-7daf-43dd-99d5-9b325c1d31ae:0.0.0.0:38412], old=null
2019-10-20 17:40:11,248 [8f18dce1-0a3d-4b65-9c78-af3d58b2da7f@group-091950D56227-LeaderElection137] INFO  impl.RaftServerImpl (RaftServerImpl.java:setRole(184)) - 8f18dce1-0a3d-4b65-9c78-af3d58b2da7f@group-091950D56227: changes role from CANDIDATE to FOLLOWER at term 164 for DISCOVERED_A_NEW_TERM
2019-10-20 17:40:11,248 [8f18dce1-0a3d-4b65-9c78-af3d58b2da7f@group-091950D56227-LeaderElection137] INFO  impl.RoleInfo (RoleInfo.java:shutdownLeaderElection(134)) - 8f18dce1-0a3d-4b65-9c78-af3d58b2da7f: shutdown LeaderElection
2019-10-20 17:40:11,248 [8f18dce1-0a3d-4b65-9c78-af3d58b2da7f@group-091950D56227-LeaderElection137] INFO  impl.RoleInfo (RoleInfo.java:updateAndGet(143)) - 8f18dce1-0a3d-4b65-9c78-af3d58b2da7f: start FollowerState
2019-10-20 17:40:11,338 [Thread-1013] INFO  impl.FollowerState (FollowerState.java:run(108)) - 8f18dce1-0a3d-4b65-9c78-af3d58b2da7f@group-091950D56227-FollowerState: change to CANDIDATE, lastRpcTime:90ms, electionTimeout:90ms
2019-10-20 17:40:11,339 [Thread-1013] INFO  impl.RoleInfo (RoleInfo.java:shutdownFollowerState(121)) - 8f18dce1-0a3d-4b65-9c78-af3d58b2da7f: shutdown FollowerState
2019-10-20 17:40:11,339 [Thread-1013] INFO  impl.RaftServerImpl (RaftServerImpl.java:setRole(184)) - 8f18dce1-0a3d-4b65-9c78-af3d58b2da7f@group-091950D56227: changes role from  FOLLOWER to CANDIDATE at term 164 for changeToCandidate
2019-10-20 17:40:11,339 [Thread-1013] INFO  impl.RoleInfo (RoleInfo.java:updateAndGet(143)) - 8f18dce1-0a3d-4b65-9c78-af3d58b2da7f: start LeaderElection
2019-10-20 17:40:11,365 [8f18dce1-0a3d-4b65-9c78-af3d58b2da7f@group-091950D56227-LeaderElection138] INFO  impl.LeaderElection (LeaderElection.java:askForVotes(178)) - 8f18dce1-0a3d-4b65-9c78-af3d58b2da7f@group-091950D56227-LeaderElection138: begin an election at term 165 for -1: [8a63e1ae-032e-4bed-9f20-125a11f65413:0.0.0.0:38685, 8f18dce1-0a3d-4b65-9c78-af3d58b2da7f:0.0.0.0:42489, 7b1e61a0-7daf-43dd-99d5-9b325c1d31ae:0.0.0.0:38412], old=null
2019-10-20 17:40:11,367 [grpc-default-executor-0] INFO  impl.RaftServerImpl (RaftServerImpl.java:setRole(184)) - 8a63e1ae-032e-4bed-9f20-125a11f65413@group-091950D56227: changes role from  FOLLOWER to FOLLOWER at term 165 for recognizeCandidate:8f18dce1-0a3d-4b65-9c78-af3d58b2da7f
2019-10-20 17:40:11,367 [grpc-default-executor-1] INFO  impl.RaftServerImpl (RaftServerImpl.java:setRole(184)) - 7b1e61a0-7daf-43dd-99d5-9b325c1d31ae@group-091950D56227: changes role from  FOLLOWER to FOLLOWER at term 165 for recognizeCandidate:8f18dce1-0a3d-4b65-9c78-af3d58b2da7f
2019-10-20 17:40:11,367 [grpc-default-executor-0] INFO  impl.RoleInfo (RoleInfo.java:shutdownFollowerState(121)) - 8a63e1ae-032e-4bed-9f20-125a11f65413: shutdown FollowerState
2019-10-20 17:40:11,367 [grpc-default-executor-1] INFO  impl.RoleInfo (RoleInfo.java:shutdownFollowerState(121)) - 7b1e61a0-7daf-43dd-99d5-9b325c1d31ae: shutdown FollowerState
2019-10-20 17:40:11,367 [Thread-1012] INFO  impl.FollowerState (FollowerState.java:run(117)) - 8a63e1ae-032e-4bed-9f20-125a11f65413@group-091950D56227-FollowerState was interrupted: java.lang.InterruptedException: sleep interrupted
2019-10-20 17:40:11,367 [Thread-1011] INFO  impl.FollowerState (FollowerState.java:run(117)) - 7b1e61a0-7daf-43dd-99d5-9b325c1d31ae@group-091950D56227-FollowerState was interrupted: java.lang.InterruptedException: sleep interrupted
2019-10-20 17:40:11,367 [grpc-default-executor-0] INFO  impl.RoleInfo (RoleInfo.java:updateAndGet(143)) - 8a63e1ae-032e-4bed-9f20-125a11f65413: start FollowerState
2019-10-20 17:40:11,367 [grpc-default-executor-1] INFO  impl.RoleInfo (RoleInfo.java:updateAndGet(143)) - 7b1e61a0-7daf-43dd-99d5-9b325c1d31ae: start FollowerState
2019-10-20 17:40:11,391 [8f18dce1-0a3d-4b65-9c78-af3d58b2da7f@group-091950D56227-LeaderElection138] INFO  impl.LeaderElection (LeaderElection.java:logAndReturn(56)) - 8f18dce1-0a3d-4b65-9c78-af3d58b2da7f@group-091950D56227-LeaderElection138: Election REJECTED; received 2 response(s) [8f18dce1-0a3d-4b65-9c78-af3d58b2da7f<-8a63e1ae-032e-4bed-9f20-125a11f65413#0:FAIL-t165, 8f18dce1-0a3d-4b65-9c78-af3d58b2da7f<-7b1e61a0-7daf-43dd-99d5-9b325c1d31ae#0:FAIL-t165] and 0 exception(s); 8f18dce1-0a3d-4b65-9c78-af3d58b2da7f@group-091950D56227:t165, leader=null, voted=8f18dce1-0a3d-4b65-9c78-af3d58b2da7f, raftlog=8f18dce1-0a3d-4b65-9c78-af3d58b2da7f@group-091950D56227-SegmentedRaftLog:OPENED:c-1,f-1,i0, conf=-1: [8a63e1ae-032e-4bed-9f20-125a11f65413:0.0.0.0:38685, 8f18dce1-0a3d-4b65-9c78-af3d58b2da7f:0.0.0.0:42489, 7b1e61a0-7daf-43dd-99d5-9b325c1d31ae:0.0.0.0:38412], old=null
2019-10-20 17:40:11,391 [8f18dce1-0a3d-4b65-9c78-af3d58b2da7f@group-091950D56227-LeaderElection138] INFO  impl.RaftServerImpl (RaftServerImpl.java:setRole(184)) - 8f18dce1-0a3d-4b65-9c78-af3d58b2da7f@group-091950D56227: changes role from CANDIDATE to FOLLOWER at term 165 for DISCOVERED_A_NEW_TERM
2019-10-20 17:40:11,391 [8f18dce1-0a3d-4b65-9c78-af3d58b2da7f@group-091950D56227-LeaderElection138] INFO  impl.RoleInfo (RoleInfo.java:shutdownLeaderElection(134)) - 8f18dce1-0a3d-4b65-9c78-af3d58b2da7f: shutdown LeaderElection
2019-10-20 17:40:11,391 [8f18dce1-0a3d-4b65-9c78-af3d58b2da7f@group-091950D56227-LeaderElection138] INFO  impl.RoleInfo (RoleInfo.java:updateAndGet(143)) - 8f18dce1-0a3d-4b65-9c78-af3d58b2da7f: start FollowerState
2019-10-20 17:40:11,566 [Thread-1019] INFO  impl.FollowerState (FollowerState.java:run(108)) - 8f18dce1-0a3d-4b65-9c78-af3d58b2da7f@group-091950D56227-FollowerState: change to CANDIDATE, lastRpcTime:175ms, electionTimeout:175ms
2019-10-20 17:40:11,567 [Thread-1019] INFO  impl.RoleInfo (RoleInfo.java:shutdownFollowerState(121)) - 8f18dce1-0a3d-4b65-9c78-af3d58b2da7f: shutdown FollowerState
2019-10-20 17:40:11,567 [Thread-1019] INFO  impl.RaftServerImpl (RaftServerImpl.java:setRole(184)) - 8f18dce1-0a3d-4b65-9c78-af3d58b2da7f@group-091950D56227: changes role from  FOLLOWER to CANDIDATE at term 165 for changeToCandidate
2019-10-20 17:40:11,567 [Thread-1019] INFO  impl.RoleInfo (RoleInfo.java:updateAndGet(143)) - 8f18dce1-0a3d-4b65-9c78-af3d58b2da7f: start LeaderElection
2019-10-20 17:40:11,592 [8f18dce1-0a3d-4b65-9c78-af3d58b2da7f@group-091950D56227-LeaderElection139] INFO  impl.LeaderElection (LeaderElection.java:askForVotes(178)) - 8f18dce1-0a3d-4b65-9c78-af3d58b2da7f@group-091950D56227-LeaderElection139: begin an election at term 166 for -1: [8a63e1ae-032e-4bed-9f20-125a11f65413:0.0.0.0:38685, 8f18dce1-0a3d-4b65-9c78-af3d58b2da7f:0.0.0.0:42489, 7b1e61a0-7daf-43dd-99d5-9b325c1d31ae:0.0.0.0:38412], old=null
2019-10-20 17:40:11,594 [grpc-default-executor-1] INFO  impl.RaftServerImpl (RaftServerImpl.java:setRole(184)) - 7b1e61a0-7daf-43dd-99d5-9b325c1d31ae@group-091950D56227: changes role from  FOLLOWER to FOLLOWER at term 166 for recognizeCandidate:8f18dce1-0a3d-4b65-9c78-af3d58b2da7f
2019-10-20 17:40:11,594 [grpc-default-executor-0] INFO  impl.RaftServerImpl (RaftServerImpl.java:setRole(184)) - 8a63e1ae-032e-4bed-9f20-125a11f65413@group-091950D56227: changes role from  FOLLOWER to FOLLOWER at term 166 for recognizeCandidate:8f18dce1-0a3d-4b65-9c78-af3d58b2da7f
2019-10-20 17:40:11,594 [grpc-default-executor-1] INFO  impl.RoleInfo (RoleInfo.java:shutdownFollowerState(121)) - 7b1e61a0-7daf-43dd-99d5-9b325c1d31ae: shutdown FollowerState
2019-10-20 17:40:11,594 [grpc-default-executor-0] INFO  impl.RoleInfo (RoleInfo.java:shutdownFollowerState(121)) - 8a63e1ae-032e-4bed-9f20-125a11f65413: shutdown FollowerState
2019-10-20 17:40:11,595 [Thread-1018] INFO  impl.FollowerState (FollowerState.java:run(117)) - 7b1e61a0-7daf-43dd-99d5-9b325c1d31ae@group-091950D56227-FollowerState was interrupted: java.lang.InterruptedException: sleep interrupted
2019-10-20 17:40:11,595 [grpc-default-executor-1] INFO  impl.RoleInfo (RoleInfo.java:updateAndGet(143)) - 7b1e61a0-7daf-43dd-99d5-9b325c1d31ae: start FollowerState
2019-10-20 17:40:11,595 [Thread-1017] INFO  impl.FollowerState (FollowerState.java:run(117)) - 8a63e1ae-032e-4bed-9f20-125a11f65413@group-091950D56227-FollowerState was interrupted: java.lang.InterruptedException: sleep interrupted
2019-10-20 17:40:11,595 [grpc-default-executor-0] INFO  impl.RoleInfo (RoleInfo.java:updateAndGet(143)) - 8a63e1ae-032e-4bed-9f20-125a11f65413: start FollowerState
2019-10-20 17:40:11,751 [8f18dce1-0a3d-4b65-9c78-af3d58b2da7f@group-091950D56227-LeaderElection139] INFO  impl.LeaderElection (LeaderElection.java:logAndReturn(56)) - 8f18dce1-0a3d-4b65-9c78-af3d58b2da7f@group-091950D56227-LeaderElection139: Election TIMEOUT; received 0 response(s) [] and 0 exception(s); 8f18dce1-0a3d-4b65-9c78-af3d58b2da7f@group-091950D56227:t166, leader=null, voted=8f18dce1-0a3d-4b65-9c78-af3d58b2da7f, raftlog=8f18dce1-0a3d-4b65-9c78-af3d58b2da7f@group-091950D56227-SegmentedRaftLog:OPENED:c-1,f-1,i0, conf=-1: [8a63e1ae-032e-4bed-9f20-125a11f65413:0.0.0.0:38685, 8f18dce1-0a3d-4b65-9c78-af3d58b2da7f:0.0.0.0:42489, 7b1e61a0-7daf-43dd-99d5-9b325c1d31ae:0.0.0.0:38412], old=null
2019-10-20 17:40:11,776 [8f18dce1-0a3d-4b65-9c78-af3d58b2da7f@group-091950D56227-LeaderElection139] INFO  impl.LeaderElection (LeaderElection.java:askForVotes(178)) - 8f18dce1-0a3d-4b65-9c78-af3d58b2da7f@group-091950D56227-LeaderElection139: begin an election at term 167 for -1: [8a63e1ae-032e-4bed-9f20-125a11f65413:0.0.0.0:38685, 8f18dce1-0a3d-4b65-9c78-af3d58b2da7f:0.0.0.0:42489, 7b1e61a0-7daf-43dd-99d5-9b325c1d31ae:0.0.0.0:38412], old=null
2019-10-20 17:40:11,778 [grpc-default-executor-1] INFO  impl.RaftServerImpl (RaftServerImpl.java:setRole(184)) - 8a63e1ae-032e-4bed-9f20-125a11f65413@group-091950D56227: changes role from  FOLLOWER to FOLLOWER at term 167 for recognizeCandidate:8f18dce1-0a3d-4b65-9c78-af3d58b2da7f
2019-10-20 17:40:11,778 [grpc-default-executor-1] INFO  impl.RoleInfo (RoleInfo.java:shutdownFollowerState(121)) - 8a63e1ae-032e-4bed-9f20-125a11f65413: shutdown FollowerState
2019-10-20 17:40:11,778 [grpc-default-executor-0] INFO  impl.RaftServerImpl (RaftServerImpl.java:setRole(184)) - 7b1e61a0-7daf-43dd-99d5-9b325c1d31ae@group-091950D56227: changes role from  FOLLOWER to FOLLOWER at term 167 for recognizeCandidate:8f18dce1-0a3d-4b65-9c78-af3d58b2da7f
2019-10-20 17:40:11,779 [Thread-1024] INFO  impl.FollowerState (FollowerState.java:run(117)) - 8a63e1ae-032e-4bed-9f20-125a11f65413@group-091950D56227-FollowerState was interrupted: java.lang.InterruptedException: sleep interrupted
2019-10-20 17:40:11,778 [grpc-default-executor-1] INFO  impl.RoleInfo (RoleInfo.java:updateAndGet(143)) - 8a63e1ae-032e-4bed-9f20-125a11f65413: start FollowerState
2019-10-20 17:40:11,779 [grpc-default-executor-0] INFO  impl.RoleInfo (RoleInfo.java:shutdownFollowerState(121)) - 7b1e61a0-7daf-43dd-99d5-9b325c1d31ae: shutdown FollowerState
2019-10-20 17:40:11,779 [grpc-default-executor-0] INFO  impl.RoleInfo (RoleInfo.java:updateAndGet(143)) - 7b1e61a0-7daf-43dd-99d5-9b325c1d31ae: start FollowerState
2019-10-20 17:40:11,779 [Thread-1023] INFO  impl.FollowerState (FollowerState.java:run(117)) - 7b1e61a0-7daf-43dd-99d5-9b325c1d31ae@group-091950D56227-FollowerState was interrupted: java.lang.InterruptedException: sleep interrupted
2019-10-20 17:40:11,802 [8f18dce1-0a3d-4b65-9c78-af3d58b2da7f@group-091950D56227-LeaderElection139] INFO  impl.LeaderElection (LeaderElection.java:logAndReturn(56)) - 8f18dce1-0a3d-4b65-9c78-af3d58b2da7f@group-091950D56227-LeaderElection139: Election REJECTED; received 2 response(s) [8f18dce1-0a3d-4b65-9c78-af3d58b2da7f<-8a63e1ae-032e-4bed-9f20-125a11f65413#0:FAIL-t167, 8f18dce1-0a3d-4b65-9c78-af3d58b2da7f<-7b1e61a0-7daf-43dd-99d5-9b325c1d31ae#0:FAIL-t167] and 0 exception(s); 8f18dce1-0a3d-4b65-9c78-af3d58b2da7f@group-091950D56227:t167, leader=null, voted=8f18dce1-0a3d-4b65-9c78-af3d58b2da7f, raftlog=8f18dce1-0a3d-4b65-9c78-af3d58b2da7f@group-091950D56227-SegmentedRaftLog:OPENED:c-1,f-1,i0, conf=-1: [8a63e1ae-032e-4bed-9f20-125a11f65413:0.0.0.0:38685, 8f18dce1-0a3d-4b65-9c78-af3d58b2da7f:0.0.0.0:42489, 7b1e61a0-7daf-43dd-99d5-9b325c1d31ae:0.0.0.0:38412], old=null
2019-10-20 17:40:11,802 [8f18dce1-0a3d-4b65-9c78-af3d58b2da7f@group-091950D56227-LeaderElection139] INFO  impl.RaftServerImpl (RaftServerImpl.java:setRole(184)) - 8f18dce1-0a3d-4b65-9c78-af3d58b2da7f@group-091950D56227: changes role from CANDIDATE to FOLLOWER at term 167 for DISCOVERED_A_NEW_TERM
2019-10-20 17:40:11,803 [8f18dce1-0a3d-4b65-9c78-af3d58b2da7f@group-091950D56227-LeaderElection139] INFO  impl.RoleInfo (RoleInfo.java:shutdownLeaderElection(134)) - 8f18dce1-0a3d-4b65-9c78-af3d58b2da7f: shutdown LeaderElection
2019-10-20 17:40:11,803 [8f18dce1-0a3d-4b65-9c78-af3d58b2da7f@group-091950D56227-LeaderElection139] INFO  impl.RoleInfo (RoleInfo.java:updateAndGet(143)) - 8f18dce1-0a3d-4b65-9c78-af3d58b2da7f: start FollowerState
2019-10-20 17:40:11,845 [Thread-1029] INFO  impl.FollowerState (FollowerState.java:run(108)) - 8f18dce1-0a3d-4b65-9c78-af3d58b2da7f@group-091950D56227-FollowerState: change to CANDIDATE, lastRpcTime:42ms, electionTimeout:42ms
2019-10-20 17:40:11,845 [Thread-1029] INFO  impl.RoleInfo (RoleInfo.java:shutdownFollowerState(121)) - 8f18dce1-0a3d-4b65-9c78-af3d58b2da7f: shutdown FollowerState
2019-10-20 17:40:11,845 [Thread-1029] INFO  impl.RaftServerImpl (RaftServerImpl.java:setRole(184)) - 8f18dce1-0a3d-4b65-9c78-af3d58b2da7f@group-091950D56227: changes role from  FOLLOWER to CANDIDATE at term 167 for changeToCandidate
2019-10-20 17:40:11,846 [Thread-1029] INFO  impl.RoleInfo (RoleInfo.java:updateAndGet(143)) - 8f18dce1-0a3d-4b65-9c78-af3d58b2da7f: start LeaderElection
2019-10-20 17:40:11,869 [8f18dce1-0a3d-4b65-9c78-af3d58b2da7f@group-091950D56227-LeaderElection140] INFO  impl.LeaderElection (LeaderElection.java:askForVotes(178)) - 8f18dce1-0a3d-4b65-9c78-af3d58b2da7f@group-091950D56227-LeaderElection140: begin an election at term 168 for -1: [8a63e1ae-032e-4bed-9f20-125a11f65413:0.0.0.0:38685, 8f18dce1-0a3d-4b65-9c78-af3d58b2da7f:0.0.0.0:42489, 7b1e61a0-7daf-43dd-99d5-9b325c1d31ae:0.0.0.0:38412], old=null
2019-10-20 17:40:11,871 [grpc-default-executor-1] INFO  impl.RaftServerImpl (RaftServerImpl.java:setRole(184)) - 8a63e1ae-032e-4bed-9f20-125a11f65413@group-091950D56227: changes role from  FOLLOWER to FOLLOWER at term 168 for recognizeCandidate:8f18dce1-0a3d-4b65-9c78-af3d58b2da7f
2019-10-20 17:40:11,871 [grpc-default-executor-0] INFO  impl.RaftServerImpl (RaftServerImpl.java:setRole(184)) - 7b1e61a0-7daf-43dd-99d5-9b325c1d31ae@group-091950D56227: changes role from  FOLLOWER to FOLLOWER at term 168 for recognizeCandidate:8f18dce1-0a3d-4b65-9c78-af3d58b2da7f
2019-10-20 17:40:11,871 [grpc-default-executor-1] INFO  impl.RoleInfo (RoleInfo.java:shutdownFollowerState(121)) - 8a63e1ae-032e-4bed-9f20-125a11f65413: shutdown FollowerState
2019-10-20 17:40:11,871 [grpc-default-executor-0] INFO  impl.RoleInfo (RoleInfo.java:shutdownFollowerState(121)) - 7b1e61a0-7daf-43dd-99d5-9b325c1d31ae: shutdown FollowerState
2019-10-20 17:40:11,872 [Thread-1027] INFO  impl.FollowerState (FollowerState.java:run(117)) - 8a63e1ae-032e-4bed-9f20-125a11f65413@group-091950D56227-FollowerState was interrupted: java.lang.InterruptedException: sleep interrupted
2019-10-20 17:40:11,871 [grpc-default-executor-1] INFO  impl.RoleInfo (RoleInfo.java:updateAndGet(143)) - 8a63e1ae-032e-4bed-9f20-125a11f65413: start FollowerState
2019-10-20 17:40:11,872 [Thread-1028] INFO  impl.FollowerState (FollowerState.java:run(117)) - 7b1e61a0-7daf-43dd-99d5-9b325c1d31ae@group-091950D56227-FollowerState was interrupted: java.lang.InterruptedException: sleep interrupted
2019-10-20 17:40:11,872 [grpc-default-executor-0] INFO  impl.RoleInfo (RoleInfo.java:updateAndGet(143)) - 7b1e61a0-7daf-43dd-99d5-9b325c1d31ae: start FollowerState
2019-10-20 17:40:11,895 [8f18dce1-0a3d-4b65-9c78-af3d58b2da7f@group-091950D56227-LeaderElection140] INFO  impl.LeaderElection (LeaderElection.java:logAndReturn(56)) - 8f18dce1-0a3d-4b65-9c78-af3d58b2da7f@group-091950D56227-LeaderElection140: Election REJECTED; received 2 response(s) [8f18dce1-0a3d-4b65-9c78-af3d58b2da7f<-8a63e1ae-032e-4bed-9f20-125a11f65413#0:FAIL-t168, 8f18dce1-0a3d-4b65-9c78-af3d58b2da7f<-7b1e61a0-7daf-43dd-99d5-9b325c1d31ae#0:FAIL-t168] and 0 exception(s); 8f18dce1-0a3d-4b65-9c78-af3d58b2da7f@group-091950D56227:t168, leader=null, voted=8f18dce1-0a3d-4b65-9c78-af3d58b2da7f, raftlog=8f18dce1-0a3d-4b65-9c78-af3d58b2da7f@group-091950D56227-SegmentedRaftLog:OPENED:c-1,f-1,i0, conf=-1: [8a63e1ae-032e-4bed-9f20-125a11f65413:0.0.0.0:38685, 8f18dce1-0a3d-4b65-9c78-af3d58b2da7f:0.0.0.0:42489, 7b1e61a0-7daf-43dd-99d5-9b325c1d31ae:0.0.0.0:38412], old=null
2019-10-20 17:40:11,895 [8f18dce1-0a3d-4b65-9c78-af3d58b2da7f@group-091950D56227-LeaderElection140] INFO  impl.RaftServerImpl (RaftServerImpl.java:setRole(184)) - 8f18dce1-0a3d-4b65-9c78-af3d58b2da7f@group-091950D56227: changes role from CANDIDATE to FOLLOWER at term 168 for DISCOVERED_A_NEW_TERM
2019-10-20 17:40:11,895 [8f18dce1-0a3d-4b65-9c78-af3d58b2da7f@group-091950D56227-LeaderElection140] INFO  impl.RoleInfo (RoleInfo.java:shutdownLeaderElection(134)) - 8f18dce1-0a3d-4b65-9c78-af3d58b2da7f: shutdown LeaderElection
2019-10-20 17:40:11,895 [8f18dce1-0a3d-4b65-9c78-af3d58b2da7f@group-091950D56227-LeaderElection140] INFO  impl.RoleInfo (RoleInfo.java:updateAndGet(143)) - 8f18dce1-0a3d-4b65-9c78-af3d58b2da7f: start FollowerState
2019-10-20 17:40:11,935 [Thread-1035] INFO  impl.FollowerState (FollowerState.java:run(108)) - 8f18dce1-0a3d-4b65-9c78-af3d58b2da7f@group-091950D56227-FollowerState: change to CANDIDATE, lastRpcTime:39ms, electionTimeout:39ms
2019-10-20 17:40:11,935 [Thread-1035] INFO  impl.RoleInfo (RoleInfo.java:shutdownFollowerState(121)) - 8f18dce1-0a3d-4b65-9c78-af3d58b2da7f: shutdown FollowerState
2019-10-20 17:40:11,935 [Thread-1035] INFO  impl.RaftServerImpl (RaftServerImpl.java:setRole(184)) - 8f18dce1-0a3d-4b65-9c78-af3d58b2da7f@group-091950D56227: changes role from  FOLLOWER to CANDIDATE at term 168 for changeToCandidate
2019-10-20 17:40:11,936 [Thread-1035] INFO  impl.RoleInfo (RoleInfo.java:updateAndGet(143)) - 8f18dce1-0a3d-4b65-9c78-af3d58b2da7f: start LeaderElection
2019-10-20 17:40:11,978 [8f18dce1-0a3d-4b65-9c78-af3d58b2da7f@group-091950D56227-LeaderElection141] INFO  impl.LeaderElection (LeaderElection.java:askForVotes(178)) - 8f18dce1-0a3d-4b65-9c78-af3d58b2da7f@group-091950D56227-LeaderElection141: begin an election at term 169 for -1: [8a63e1ae-032e-4bed-9f20-125a11f65413:0.0.0.0:38685, 8f18dce1-0a3d-4b65-9c78-af3d58b2da7f:0.0.0.0:42489, 7b1e61a0-7daf-43dd-99d5-9b325c1d31ae:0.0.0.0:38412], old=null
2019-10-20 17:40:11,982 [grpc-default-executor-1] INFO  impl.RaftServerImpl (RaftServerImpl.java:setRole(184)) - 7b1e61a0-7daf-43dd-99d5-9b325c1d31ae@group-091950D56227: changes role from  FOLLOWER to FOLLOWER at term 169 for recognizeCandidate:8f18dce1-0a3d-4b65-9c78-af3d58b2da7f
2019-10-20 17:40:11,982 [grpc-default-executor-0] INFO  impl.RaftServerImpl (RaftServerImpl.java:setRole(184)) - 8a63e1ae-032e-4bed-9f20-125a11f65413@group-091950D56227: changes role from  FOLLOWER to FOLLOWER at term 169 for recognizeCandidate:8f18dce1-0a3d-4b65-9c78-af3d58b2da7f
2019-10-20 17:40:11,983 [grpc-default-executor-1] INFO  impl.RoleInfo (RoleInfo.java:shutdownFollowerState(121)) - 7b1e61a0-7daf-43dd-99d5-9b325c1d31ae: shutdown FollowerState
2019-10-20 17:40:11,983 [grpc-default-executor-0] INFO  impl.RoleInfo (RoleInfo.java:shutdownFollowerState(121)) - 8a63e1ae-032e-4bed-9f20-125a11f65413: shutdown FollowerState
2019-10-20 17:40:11,983 [Thread-1034] INFO  impl.FollowerState (FollowerState.java:run(117)) - 7b1e61a0-7daf-43dd-99d5-9b325c1d31ae@group-091950D56227-FollowerState was interrupted: java.lang.InterruptedException: sleep interrupted
2019-10-20 17:40:11,983 [grpc-default-executor-1] INFO  impl.RoleInfo (RoleInfo.java:updateAndGet(143)) - 7b1e61a0-7daf-43dd-99d5-9b325c1d31ae: start FollowerState
2019-10-20 17:40:11,983 [Thread-1033] INFO  impl.FollowerState (FollowerState.java:run(117)) - 8a63e1ae-032e-4bed-9f20-125a11f65413@group-091950D56227-FollowerState was interrupted: java.lang.InterruptedException: sleep interrupted
2019-10-20 17:40:11,983 [grpc-default-executor-0] INFO  impl.RoleInfo (RoleInfo.java:updateAndGet(143)) - 8a63e1ae-032e-4bed-9f20-125a11f65413: start FollowerState
2019-10-20 17:40:12,013 [8f18dce1-0a3d-4b65-9c78-af3d58b2da7f@group-091950D56227-LeaderElection141] INFO  impl.LeaderElection (LeaderElection.java:logAndReturn(56)) - 8f18dce1-0a3d-4b65-9c78-af3d58b2da7f@group-091950D56227-LeaderElection141: Election REJECTED; received 2 response(s) [8f18dce1-0a3d-4b65-9c78-af3d58b2da7f<-8a63e1ae-032e-4bed-9f20-125a11f65413#0:FAIL-t169, 8f18dce1-0a3d-4b65-9c78-af3d58b2da7f<-7b1e61a0-7daf-43dd-99d5-9b325c1d31ae#0:FAIL-t169] and 0 exception(s); 8f18dce1-0a3d-4b65-9c78-af3d58b2da7f@group-091950D56227:t169, leader=null, voted=8f18dce1-0a3d-4b65-9c78-af3d58b2da7f, raftlog=8f18dce1-0a3d-4b65-9c78-af3d58b2da7f@group-091950D56227-SegmentedRaftLog:OPENED:c-1,f-1,i0, conf=-1: [8a63e1ae-032e-4bed-9f20-125a11f65413:0.0.0.0:38685, 8f18dce1-0a3d-4b65-9c78-af3d58b2da7f:0.0.0.0:42489, 7b1e61a0-7daf-43dd-99d5-9b325c1d31ae:0.0.0.0:38412], old=null
2019-10-20 17:40:12,013 [8f18dce1-0a3d-4b65-9c78-af3d58b2da7f@group-091950D56227-LeaderElection141] INFO  impl.RaftServerImpl (RaftServerImpl.java:setRole(184)) - 8f18dce1-0a3d-4b65-9c78-af3d58b2da7f@group-091950D56227: changes role from CANDIDATE to FOLLOWER at term 169 for DISCOVERED_A_NEW_TERM
2019-10-20 17:40:12,013 [8f18dce1-0a3d-4b65-9c78-af3d58b2da7f@group-091950D56227-LeaderElection141] INFO  impl.RoleInfo (RoleInfo.java:shutdownLeaderElection(134)) - 8f18dce1-0a3d-4b65-9c78-af3d58b2da7f: shutdown LeaderElection
2019-10-20 17:40:12,013 [8f18dce1-0a3d-4b65-9c78-af3d58b2da7f@group-091950D56227-LeaderElection141] INFO  impl.RoleInfo (RoleInfo.java:updateAndGet(143)) - 8f18dce1-0a3d-4b65-9c78-af3d58b2da7f: start FollowerState
2019-10-20 17:40:12,078 [Thread-1041] INFO  impl.FollowerState (FollowerState.java:run(108)) - 8f18dce1-0a3d-4b65-9c78-af3d58b2da7f@group-091950D56227-FollowerState: change to CANDIDATE, lastRpcTime:64ms, electionTimeout:64ms
2019-10-20 17:40:12,078 [Thread-1041] INFO  impl.RoleInfo (RoleInfo.java:shutdownFollowerState(121)) - 8f18dce1-0a3d-4b65-9c78-af3d58b2da7f: shutdown FollowerState
2019-10-20 17:40:12,078 [Thread-1041] INFO  impl.RaftServerImpl (RaftServerImpl.java:setRole(184)) - 8f18dce1-0a3d-4b65-9c78-af3d58b2da7f@group-091950D56227: changes role from  FOLLOWER to CANDIDATE at term 169 for changeToCandidate
2019-10-20 17:40:12,078 [Thread-1041] INFO  impl.RoleInfo (RoleInfo.java:updateAndGet(143)) - 8f18dce1-0a3d-4b65-9c78-af3d58b2da7f: start LeaderElection
2019-10-20 17:40:12,104 [8f18dce1-0a3d-4b65-9c78-af3d58b2da7f@group-091950D56227-LeaderElection142] INFO  impl.LeaderElection (LeaderElection.java:askForVotes(178)) - 8f18dce1-0a3d-4b65-9c78-af3d58b2da7f@group-091950D56227-LeaderElection142: begin an election at term 170 for -1: [8a63e1ae-032e-4bed-9f20-125a11f65413:0.0.0.0:38685, 8f18dce1-0a3d-4b65-9c78-af3d58b2da7f:0.0.0.0:42489, 7b1e61a0-7daf-43dd-99d5-9b325c1d31ae:0.0.0.0:38412], old=null
2019-10-20 17:40:12,105 [grpc-default-executor-1] INFO  impl.RaftServerImpl (RaftServerImpl.java:setRole(184)) - 8a63e1ae-032e-4bed-9f20-125a11f65413@group-091950D56227: changes role from  FOLLOWER to FOLLOWER at term 170 for recognizeCandidate:8f18dce1-0a3d-4b65-9c78-af3d58b2da7f
2019-10-20 17:40:12,105 [grpc-default-executor-0] INFO  impl.RaftServerImpl (RaftServerImpl.java:setRole(184)) - 7b1e61a0-7daf-43dd-99d5-9b325c1d31ae@group-091950D56227: changes role from  FOLLOWER to FOLLOWER at term 170 for recognizeCandidate:8f18dce1-0a3d-4b65-9c78-af3d58b2da7f
2019-10-20 17:40:12,105 [grpc-default-executor-1] INFO  impl.RoleInfo (RoleInfo.java:shutdownFollowerState(121)) - 8a63e1ae-032e-4bed-9f20-125a11f65413: shutdown FollowerState
2019-10-20 17:40:12,106 [grpc-default-executor-0] INFO  impl.RoleInfo (RoleInfo.java:shutdownFollowerState(121)) - 7b1e61a0-7daf-43dd-99d5-9b325c1d31ae: shutdown FollowerState
2019-10-20 17:40:12,106 [Thread-1040] INFO  impl.FollowerState (FollowerState.java:run(117)) - 8a63e1ae-032e-4bed-9f20-125a11f65413@group-091950D56227-FollowerState was interrupted: java.lang.InterruptedException: sleep interrupted
2019-10-20 17:40:12,106 [grpc-default-executor-1] INFO  impl.RoleInfo (RoleInfo.java:updateAndGet(143)) - 8a63e1ae-032e-4bed-9f20-125a11f65413: start FollowerState
2019-10-20 17:40:12,106 [Thread-1039] INFO  impl.FollowerState (FollowerState.java:run(117)) - 7b1e61a0-7daf-43dd-99d5-9b325c1d31ae@group-091950D56227-FollowerState was interrupted: java.lang.InterruptedException: sleep interrupted
2019-10-20 17:40:12,106 [grpc-default-executor-0] INFO  impl.RoleInfo (RoleInfo.java:updateAndGet(143)) - 7b1e61a0-7daf-43dd-99d5-9b325c1d31ae: start FollowerState
2019-10-20 17:40:12,130 [8f18dce1-0a3d-4b65-9c78-af3d58b2da7f@group-091950D56227-LeaderElection142] INFO  impl.LeaderElection (LeaderElection.java:logAndReturn(56)) - 8f18dce1-0a3d-4b65-9c78-af3d58b2da7f@group-091950D56227-LeaderElection142: Election REJECTED; received 2 response(s) [8f18dce1-0a3d-4b65-9c78-af3d58b2da7f<-8a63e1ae-032e-4bed-9f20-125a11f65413#0:FAIL-t170, 8f18dce1-0a3d-4b65-9c78-af3d58b2da7f<-7b1e61a0-7daf-43dd-99d5-9b325c1d31ae#0:FAIL-t170] and 0 exception(s); 8f18dce1-0a3d-4b65-9c78-af3d58b2da7f@group-091950D56227:t170, leader=null, voted=8f18dce1-0a3d-4b65-9c78-af3d58b2da7f, raftlog=8f18dce1-0a3d-4b65-9c78-af3d58b2da7f@group-091950D56227-SegmentedRaftLog:OPENED:c-1,f-1,i0, conf=-1: [8a63e1ae-032e-4bed-9f20-125a11f65413:0.0.0.0:38685, 8f18dce1-0a3d-4b65-9c78-af3d58b2da7f:0.0.0.0:42489, 7b1e61a0-7daf-43dd-99d5-9b325c1d31ae:0.0.0.0:38412], old=null
2019-10-20 17:40:12,130 [8f18dce1-0a3d-4b65-9c78-af3d58b2da7f@group-091950D56227-LeaderElection142] INFO  impl.RaftServerImpl (RaftServerImpl.java:setRole(184)) - 8f18dce1-0a3d-4b65-9c78-af3d58b2da7f@group-091950D56227: changes role from CANDIDATE to FOLLOWER at term 170 for DISCOVERED_A_NEW_TERM
2019-10-20 17:40:12,130 [8f18dce1-0a3d-4b65-9c78-af3d58b2da7f@group-091950D56227-LeaderElection142] INFO  impl.RoleInfo (RoleInfo.java:shutdownLeaderElection(134)) - 8f18dce1-0a3d-4b65-9c78-af3d58b2da7f: shutdown LeaderElection
2019-10-20 17:40:12,130 [8f18dce1-0a3d-4b65-9c78-af3d58b2da7f@group-091950D56227-LeaderElection142] INFO  impl.RoleInfo (RoleInfo.java:updateAndGet(143)) - 8f18dce1-0a3d-4b65-9c78-af3d58b2da7f: start FollowerState
2019-10-20 17:40:12,207 [Thread-1049] INFO  impl.FollowerState (FollowerState.java:run(108)) - 8f18dce1-0a3d-4b65-9c78-af3d58b2da7f@group-091950D56227-FollowerState: change to CANDIDATE, lastRpcTime:76ms, electionTimeout:76ms
2019-10-20 17:40:12,207 [Thread-1049] INFO  impl.RoleInfo (RoleInfo.java:shutdownFollowerState(121)) - 8f18dce1-0a3d-4b65-9c78-af3d58b2da7f: shutdown FollowerState
2019-10-20 17:40:12,207 [Thread-1049] INFO  impl.RaftServerImpl (RaftServerImpl.java:setRole(184)) - 8f18dce1-0a3d-4b65-9c78-af3d58b2da7f@group-091950D56227: changes role from  FOLLOWER to CANDIDATE at term 170 for changeToCandidate
2019-10-20 17:40:12,207 [Thread-1049] INFO  impl.RoleInfo (RoleInfo.java:updateAndGet(143)) - 8f18dce1-0a3d-4b65-9c78-af3d58b2da7f: start LeaderElection
2019-10-20 17:40:12,238 [8f18dce1-0a3d-4b65-9c78-af3d58b2da7f@group-091950D56227-LeaderElection143] INFO  impl.LeaderElection (LeaderElection.java:askForVotes(178)) - 8f18dce1-0a3d-4b65-9c78-af3d58b2da7f@group-091950D56227-LeaderElection143: begin an election at term 171 for -1: [8a63e1ae-032e-4bed-9f20-125a11f65413:0.0.0.0:38685, 8f18dce1-0a3d-4b65-9c78-af3d58b2da7f:0.0.0.0:42489, 7b1e61a0-7daf-43dd-99d5-9b325c1d31ae:0.0.0.0:38412], old=null
2019-10-20 17:40:12,240 [grpc-default-executor-1] INFO  impl.RaftServerImpl (RaftServerImpl.java:setRole(184)) - 7b1e61a0-7daf-43dd-99d5-9b325c1d31ae@group-091950D56227: changes role from  FOLLOWER to FOLLOWER at term 171 for recognizeCandidate:8f18dce1-0a3d-4b65-9c78-af3d58b2da7f
2019-10-20 17:40:12,240 [grpc-default-executor-0] INFO  impl.RaftServerImpl (RaftServerImpl.java:setRole(184)) - 8a63e1ae-032e-4bed-9f20-125a11f65413@group-091950D56227: changes role from  FOLLOWER to FOLLOWER at term 171 for recognizeCandidate:8f18dce1-0a3d-4b65-9c78-af3d58b2da7f
2019-10-20 17:40:12,241 [grpc-default-executor-1] INFO  impl.RoleInfo (RoleInfo.java:shutdownFollowerState(121)) - 7b1e61a0-7daf-43dd-99d5-9b325c1d31ae: shutdown FollowerState
2019-10-20 17:40:12,241 [grpc-default-executor-0] INFO  impl.RoleInfo (RoleInfo.java:shutdownFollowerState(121)) - 8a63e1ae-032e-4bed-9f20-125a11f65413: shutdown FollowerState
2019-10-20 17:40:12,241 [Thread-1048] INFO  impl.FollowerState (FollowerState.java:run(117)) - 7b1e61a0-7daf-43dd-99d5-9b325c1d31ae@group-091950D56227-FollowerState was interrupted: java.lang.InterruptedException: sleep interrupted
2019-10-20 17:40:12,241 [grpc-default-executor-1] INFO  impl.RoleInfo (RoleInfo.java:updateAndGet(143)) - 7b1e61a0-7daf-43dd-99d5-9b325c1d31ae: start FollowerState
2019-10-20 17:40:12,241 [Thread-1047] INFO  impl.FollowerState (FollowerState.java:run(117)) - 8a63e1ae-032e-4bed-9f20-125a11f65413@group-091950D56227-FollowerState was interrupted: java.lang.InterruptedException: sleep interrupted
2019-10-20 17:40:12,241 [grpc-default-executor-0] INFO  impl.RoleInfo (RoleInfo.java:updateAndGet(143)) - 8a63e1ae-032e-4bed-9f20-125a11f65413: start FollowerState
2019-10-20 17:40:12,264 [8f18dce1-0a3d-4b65-9c78-af3d58b2da7f@group-091950D56227-LeaderElection143] INFO  impl.LeaderElection (LeaderElection.java:logAndReturn(56)) - 8f18dce1-0a3d-4b65-9c78-af3d58b2da7f@group-091950D56227-LeaderElection143: Election REJECTED; received 2 response(s) [8f18dce1-0a3d-4b65-9c78-af3d58b2da7f<-8a63e1ae-032e-4bed-9f20-125a11f65413#0:FAIL-t171, 8f18dce1-0a3d-4b65-9c78-af3d58b2da7f<-7b1e61a0-7daf-43dd-99d5-9b325c1d31ae#0:FAIL-t171] and 0 exception(s); 8f18dce1-0a3d-4b65-9c78-af3d58b2da7f@group-091950D56227:t171, leader=null, voted=8f18dce1-0a3d-4b65-9c78-af3d58b2da7f, raftlog=8f18dce1-0a3d-4b65-9c78-af3d58b2da7f@group-091950D56227-SegmentedRaftLog:OPENED:c-1,f-1,i0, conf=-1: [8a63e1ae-032e-4bed-9f20-125a11f65413:0.0.0.0:38685, 8f18dce1-0a3d-4b65-9c78-af3d58b2da7f:0.0.0.0:42489, 7b1e61a0-7daf-43dd-99d5-9b325c1d31ae:0.0.0.0:38412], old=null
2019-10-20 17:40:12,265 [8f18dce1-0a3d-4b65-9c78-af3d58b2da7f@group-091950D56227-LeaderElection143] INFO  impl.RaftServerImpl (RaftServerImpl.java:setRole(184)) - 8f18dce1-0a3d-4b65-9c78-af3d58b2da7f@group-091950D56227: changes role from CANDIDATE to FOLLOWER at term 171 for DISCOVERED_A_NEW_TERM
2019-10-20 17:40:12,265 [8f18dce1-0a3d-4b65-9c78-af3d58b2da7f@group-091950D56227-LeaderElection143] INFO  impl.RoleInfo (RoleInfo.java:shutdownLeaderElection(134)) - 8f18dce1-0a3d-4b65-9c78-af3d58b2da7f: shutdown LeaderElection
2019-10-20 17:40:12,265 [8f18dce1-0a3d-4b65-9c78-af3d58b2da7f@group-091950D56227-LeaderElection143] INFO  impl.RoleInfo (RoleInfo.java:updateAndGet(143)) - 8f18dce1-0a3d-4b65-9c78-af3d58b2da7f: start FollowerState
2019-10-20 17:40:12,453 [Thread-1055] INFO  impl.FollowerState (FollowerState.java:run(108)) - 8f18dce1-0a3d-4b65-9c78-af3d58b2da7f@group-091950D56227-FollowerState: change to CANDIDATE, lastRpcTime:188ms, electionTimeout:188ms
2019-10-20 17:40:12,453 [Thread-1055] INFO  impl.RoleInfo (RoleInfo.java:shutdownFollowerState(121)) - 8f18dce1-0a3d-4b65-9c78-af3d58b2da7f: shutdown FollowerState
2019-10-20 17:40:12,453 [Thread-1055] INFO  impl.RaftServerImpl (RaftServerImpl.java:setRole(184)) - 8f18dce1-0a3d-4b65-9c78-af3d58b2da7f@group-091950D56227: changes role from  FOLLOWER to CANDIDATE at term 171 for changeToCandidate
2019-10-20 17:40:12,454 [Thread-1055] INFO  impl.RoleInfo (RoleInfo.java:updateAndGet(143)) - 8f18dce1-0a3d-4b65-9c78-af3d58b2da7f: start LeaderElection
2019-10-20 17:40:12,481 [8f18dce1-0a3d-4b65-9c78-af3d58b2da7f@group-091950D56227-LeaderElection144] INFO  impl.LeaderElection (LeaderElection.java:askForVotes(178)) - 8f18dce1-0a3d-4b65-9c78-af3d58b2da7f@group-091950D56227-LeaderElection144: begin an election at term 172 for -1: [8a63e1ae-032e-4bed-9f20-125a11f65413:0.0.0.0:38685, 8f18dce1-0a3d-4b65-9c78-af3d58b2da7f:0.0.0.0:42489, 7b1e61a0-7daf-43dd-99d5-9b325c1d31ae:0.0.0.0:38412], old=null
2019-10-20 17:40:12,482 [8f18dce1-0a3d-4b65-9c78-af3d58b2da7f@group-091950D56227-LeaderElection144] INFO  impl.LeaderElection (LeaderElection.java:logAndReturn(56)) - 8f18dce1-0a3d-4b65-9c78-af3d58b2da7f@group-091950D56227-LeaderElection144: Election TIMEOUT; received 0 response(s) [] and 0 exception(s); 8f18dce1-0a3d-4b65-9c78-af3d58b2da7f@group-091950D56227:t172, leader=null, voted=8f18dce1-0a3d-4b65-9c78-af3d58b2da7f, raftlog=8f18dce1-0a3d-4b65-9c78-af3d58b2da7f@group-091950D56227-SegmentedRaftLog:OPENED:c-1,f-1,i0, conf=-1: [8a63e1ae-032e-4bed-9f20-125a11f65413:0.0.0.0:38685, 8f18dce1-0a3d-4b65-9c78-af3d58b2da7f:0.0.0.0:42489, 7b1e61a0-7daf-43dd-99d5-9b325c1d31ae:0.0.0.0:38412], old=null
2019-10-20 17:40:12,483 [grpc-default-executor-1] INFO  impl.RaftServerImpl (RaftServerImpl.java:setRole(184)) - 8a63e1ae-032e-4bed-9f20-125a11f65413@group-091950D56227: changes role from  FOLLOWER to FOLLOWER at term 172 for recognizeCandidate:8f18dce1-0a3d-4b65-9c78-af3d58b2da7f
2019-10-20 17:40:12,483 [grpc-default-executor-1] INFO  impl.RoleInfo (RoleInfo.java:shutdownFollowerState(121)) - 8a63e1ae-032e-4bed-9f20-125a11f65413: shutdown FollowerState
2019-10-20 17:40:12,483 [grpc-default-executor-0] INFO  impl.RaftServerImpl (RaftServerImpl.java:setRole(184)) - 7b1e61a0-7daf-43dd-99d5-9b325c1d31ae@group-091950D56227: changes role from  FOLLOWER to FOLLOWER at term 172 for recognizeCandidate:8f18dce1-0a3d-4b65-9c78-af3d58b2da7f
2019-10-20 17:40:12,483 [Thread-1054] INFO  impl.FollowerState (FollowerState.java:run(117)) - 8a63e1ae-032e-4bed-9f20-125a11f65413@group-091950D56227-FollowerState was interrupted: java.lang.InterruptedException: sleep interrupted
2019-10-20 17:40:12,483 [grpc-default-executor-1] INFO  impl.RoleInfo (RoleInfo.java:updateAndGet(143)) - 8a63e1ae-032e-4bed-9f20-125a11f65413: start FollowerState
2019-10-20 17:40:12,483 [grpc-default-executor-0] INFO  impl.RoleInfo (RoleInfo.java:shutdownFollowerState(121)) - 7b1e61a0-7daf-43dd-99d5-9b325c1d31ae: shutdown FollowerState
2019-10-20 17:40:12,484 [grpc-default-executor-0] INFO  impl.RoleInfo (RoleInfo.java:updateAndGet(143)) - 7b1e61a0-7daf-43dd-99d5-9b325c1d31ae: start FollowerState
2019-10-20 17:40:12,484 [Thread-1053] INFO  impl.FollowerState (FollowerState.java:run(117)) - 7b1e61a0-7daf-43dd-99d5-9b325c1d31ae@group-091950D56227-FollowerState was interrupted: java.lang.InterruptedException: sleep interrupted
2019-10-20 17:40:12,506 [8f18dce1-0a3d-4b65-9c78-af3d58b2da7f@group-091950D56227-LeaderElection144] INFO  impl.LeaderElection (LeaderElection.java:askForVotes(178)) - 8f18dce1-0a3d-4b65-9c78-af3d58b2da7f@group-091950D56227-LeaderElection144: begin an election at term 173 for -1: [8a63e1ae-032e-4bed-9f20-125a11f65413:0.0.0.0:38685, 8f18dce1-0a3d-4b65-9c78-af3d58b2da7f:0.0.0.0:42489, 7b1e61a0-7daf-43dd-99d5-9b325c1d31ae:0.0.0.0:38412], old=null
2019-10-20 17:40:12,508 [grpc-default-executor-1] INFO  impl.RaftServerImpl (RaftServerImpl.java:setRole(184)) - 8a63e1ae-032e-4bed-9f20-125a11f65413@group-091950D56227: changes role from  FOLLOWER to FOLLOWER at term 173 for recognizeCandidate:8f18dce1-0a3d-4b65-9c78-af3d58b2da7f
2019-10-20 17:40:12,508 [grpc-default-executor-1] INFO  impl.RoleInfo (RoleInfo.java:shutdownFollowerState(121)) - 8a63e1ae-032e-4bed-9f20-125a11f65413: shutdown FollowerState
2019-10-20 17:40:12,508 [grpc-default-executor-1] INFO  impl.RoleInfo (RoleInfo.java:updateAndGet(143)) - 8a63e1ae-032e-4bed-9f20-125a11f65413: start FollowerState
2019-10-20 17:40:12,508 [Thread-1059] INFO  impl.FollowerState (FollowerState.java:run(117)) - 8a63e1ae-032e-4bed-9f20-125a11f65413@group-091950D56227-FollowerState was interrupted: java.lang.InterruptedException: sleep interrupted
2019-10-20 17:40:12,509 [grpc-default-executor-0] INFO  impl.RaftServerImpl (RaftServerImpl.java:setRole(184)) - 7b1e61a0-7daf-43dd-99d5-9b325c1d31ae@group-091950D56227: changes role from  FOLLOWER to FOLLOWER at term 173 for recognizeCandidate:8f18dce1-0a3d-4b65-9c78-af3d58b2da7f
2019-10-20 17:40:12,509 [grpc-default-executor-0] INFO  impl.RoleInfo (RoleInfo.java:shutdownFollowerState(121)) - 7b1e61a0-7daf-43dd-99d5-9b325c1d31ae: shutdown FollowerState
2019-10-20 17:40:12,509 [grpc-default-executor-0] INFO  impl.RoleInfo (RoleInfo.java:updateAndGet(143)) - 7b1e61a0-7daf-43dd-99d5-9b325c1d31ae: start FollowerState
2019-10-20 17:40:12,509 [Thread-1060] INFO  impl.FollowerState (FollowerState.java:run(117)) - 7b1e61a0-7daf-43dd-99d5-9b325c1d31ae@group-091950D56227-FollowerState was interrupted: java.lang.InterruptedException: sleep interrupted
2019-10-20 17:40:12,533 [8f18dce1-0a3d-4b65-9c78-af3d58b2da7f@group-091950D56227-LeaderElection144] INFO  impl.LeaderElection (LeaderElection.java:logAndReturn(56)) - 8f18dce1-0a3d-4b65-9c78-af3d58b2da7f@group-091950D56227-LeaderElection144: Election REJECTED; received 2 response(s) [8f18dce1-0a3d-4b65-9c78-af3d58b2da7f<-8a63e1ae-032e-4bed-9f20-125a11f65413#0:FAIL-t173, 8f18dce1-0a3d-4b65-9c78-af3d58b2da7f<-7b1e61a0-7daf-43dd-99d5-9b325c1d31ae#0:FAIL-t173] and 0 exception(s); 8f18dce1-0a3d-4b65-9c78-af3d58b2da7f@group-091950D56227:t173, leader=null, voted=8f18dce1-0a3d-4b65-9c78-af3d58b2da7f, raftlog=8f18dce1-0a3d-4b65-9c78-af3d58b2da7f@group-091950D56227-SegmentedRaftLog:OPENED:c-1,f-1,i0, conf=-1: [8a63e1ae-032e-4bed-9f20-125a11f65413:0.0.0.0:38685, 8f18dce1-0a3d-4b65-9c78-af3d58b2da7f:0.0.0.0:42489, 7b1e61a0-7daf-43dd-99d5-9b325c1d31ae:0.0.0.0:38412], old=null
2019-10-20 17:40:12,533 [8f18dce1-0a3d-4b65-9c78-af3d58b2da7f@group-091950D56227-LeaderElection144] INFO  impl.RaftServerImpl (RaftServerImpl.java:setRole(184)) - 8f18dce1-0a3d-4b65-9c78-af3d58b2da7f@group-091950D56227: changes role from CANDIDATE to FOLLOWER at term 173 for DISCOVERED_A_NEW_TERM
2019-10-20 17:40:12,533 [8f18dce1-0a3d-4b65-9c78-af3d58b2da7f@group-091950D56227-LeaderElection144] INFO  impl.RoleInfo (RoleInfo.java:shutdownLeaderElection(134)) - 8f18dce1-0a3d-4b65-9c78-af3d58b2da7f: shutdown LeaderElection
2019-10-20 17:40:12,533 [8f18dce1-0a3d-4b65-9c78-af3d58b2da7f@group-091950D56227-LeaderElection144] INFO  impl.RoleInfo (RoleInfo.java:updateAndGet(143)) - 8f18dce1-0a3d-4b65-9c78-af3d58b2da7f: start FollowerState
2019-10-20 17:40:12,696 [Thread-1065] INFO  impl.FollowerState (FollowerState.java:run(108)) - 8f18dce1-0a3d-4b65-9c78-af3d58b2da7f@group-091950D56227-FollowerState: change to CANDIDATE, lastRpcTime:162ms, electionTimeout:162ms
2019-10-20 17:40:12,696 [Thread-1065] INFO  impl.RoleInfo (RoleInfo.java:shutdownFollowerState(121)) - 8f18dce1-0a3d-4b65-9c78-af3d58b2da7f: shutdown FollowerState
2019-10-20 17:40:12,696 [Thread-1065] INFO  impl.RaftServerImpl (RaftServerImpl.java:setRole(184)) - 8f18dce1-0a3d-4b65-9c78-af3d58b2da7f@group-091950D56227: changes role from  FOLLOWER to CANDIDATE at term 173 for changeToCandidate
2019-10-20 17:40:12,696 [Thread-1065] INFO  impl.RoleInfo (RoleInfo.java:updateAndGet(143)) - 8f18dce1-0a3d-4b65-9c78-af3d58b2da7f: start LeaderElection
2019-10-20 17:40:12,724 [8f18dce1-0a3d-4b65-9c78-af3d58b2da7f@group-091950D56227-LeaderElection145] INFO  impl.LeaderElection (LeaderElection.java:askForVotes(178)) - 8f18dce1-0a3d-4b65-9c78-af3d58b2da7f@group-091950D56227-LeaderElection145: begin an election at term 174 for -1: [8a63e1ae-032e-4bed-9f20-125a11f65413:0.0.0.0:38685, 8f18dce1-0a3d-4b65-9c78-af3d58b2da7f:0.0.0.0:42489, 7b1e61a0-7daf-43dd-99d5-9b325c1d31ae:0.0.0.0:38412], old=null
2019-10-20 17:40:12,726 [grpc-default-executor-0] INFO  impl.RaftServerImpl (RaftServerImpl.java:setRole(184)) - 8a63e1ae-032e-4bed-9f20-125a11f65413@group-091950D56227: changes role from  FOLLOWER to FOLLOWER at term 174 for recognizeCandidate:8f18dce1-0a3d-4b65-9c78-af3d58b2da7f
2019-10-20 17:40:12,727 [grpc-default-executor-0] INFO  impl.RoleInfo (RoleInfo.java:shutdownFollowerState(121)) - 8a63e1ae-032e-4bed-9f20-125a11f65413: shutdown FollowerState
2019-10-20 17:40:12,727 [grpc-default-executor-0] INFO  impl.RoleInfo (RoleInfo.java:updateAndGet(143)) - 8a63e1ae-032e-4bed-9f20-125a11f65413: start FollowerState
2019-10-20 17:40:12,727 [Thread-1063] INFO  impl.FollowerState (FollowerState.java:run(117)) - 8a63e1ae-032e-4bed-9f20-125a11f65413@group-091950D56227-FollowerState was interrupted: java.lang.InterruptedException: sleep interrupted
2019-10-20 17:40:12,727 [grpc-default-executor-1] INFO  impl.RaftServerImpl (RaftServerImpl.java:setRole(184)) - 7b1e61a0-7daf-43dd-99d5-9b325c1d31ae@group-091950D56227: changes role from  FOLLOWER to FOLLOWER at term 174 for recognizeCandidate:8f18dce1-0a3d-4b65-9c78-af3d58b2da7f
2019-10-20 17:40:12,727 [grpc-default-executor-1] INFO  impl.RoleInfo (RoleInfo.java:shutdownFollowerState(121)) - 7b1e61a0-7daf-43dd-99d5-9b325c1d31ae: shutdown FollowerState
2019-10-20 17:40:12,727 [grpc-default-executor-1] INFO  impl.RoleInfo (RoleInfo.java:updateAndGet(143)) - 7b1e61a0-7daf-43dd-99d5-9b325c1d31ae: start FollowerState
2019-10-20 17:40:12,728 [Thread-1064] INFO  impl.FollowerState (FollowerState.java:run(117)) - 7b1e61a0-7daf-43dd-99d5-9b325c1d31ae@group-091950D56227-FollowerState was interrupted: java.lang.InterruptedException: sleep interrupted
2019-10-20 17:40:12,751 [8f18dce1-0a3d-4b65-9c78-af3d58b2da7f@group-091950D56227-LeaderElection145] INFO  impl.LeaderElection (LeaderElection.java:logAndReturn(56)) - 8f18dce1-0a3d-4b65-9c78-af3d58b2da7f@group-091950D56227-LeaderElection145: Election REJECTED; received 2 response(s) [8f18dce1-0a3d-4b65-9c78-af3d58b2da7f<-8a63e1ae-032e-4bed-9f20-125a11f65413#0:FAIL-t174, 8f18dce1-0a3d-4b65-9c78-af3d58b2da7f<-7b1e61a0-7daf-43dd-99d5-9b325c1d31ae#0:FAIL-t174] and 0 exception(s); 8f18dce1-0a3d-4b65-9c78-af3d58b2da7f@group-091950D56227:t174, leader=null, voted=8f18dce1-0a3d-4b65-9c78-af3d58b2da7f, raftlog=8f18dce1-0a3d-4b65-9c78-af3d58b2da7f@group-091950D56227-SegmentedRaftLog:OPENED:c-1,f-1,i0, conf=-1: [8a63e1ae-032e-4bed-9f20-125a11f65413:0.0.0.0:38685, 8f18dce1-0a3d-4b65-9c78-af3d58b2da7f:0.0.0.0:42489, 7b1e61a0-7daf-43dd-99d5-9b325c1d31ae:0.0.0.0:38412], old=null
2019-10-20 17:40:12,751 [8f18dce1-0a3d-4b65-9c78-af3d58b2da7f@group-091950D56227-LeaderElection145] INFO  impl.RaftServerImpl (RaftServerImpl.java:setRole(184)) - 8f18dce1-0a3d-4b65-9c78-af3d58b2da7f@group-091950D56227: changes role from CANDIDATE to FOLLOWER at term 174 for DISCOVERED_A_NEW_TERM
2019-10-20 17:40:12,751 [8f18dce1-0a3d-4b65-9c78-af3d58b2da7f@group-091950D56227-LeaderElection145] INFO  impl.RoleInfo (RoleInfo.java:shutdownLeaderElection(134)) - 8f18dce1-0a3d-4b65-9c78-af3d58b2da7f: shutdown LeaderElection
2019-10-20 17:40:12,751 [8f18dce1-0a3d-4b65-9c78-af3d58b2da7f@group-091950D56227-LeaderElection145] INFO  impl.RoleInfo (RoleInfo.java:updateAndGet(143)) - 8f18dce1-0a3d-4b65-9c78-af3d58b2da7f: start FollowerState
2019-10-20 17:40:12,907 [Thread-1071] INFO  impl.FollowerState (FollowerState.java:run(108)) - 8f18dce1-0a3d-4b65-9c78-af3d58b2da7f@group-091950D56227-FollowerState: change to CANDIDATE, lastRpcTime:155ms, electionTimeout:155ms
2019-10-20 17:40:12,908 [Thread-1071] INFO  impl.RoleInfo (RoleInfo.java:shutdownFollowerState(121)) - 8f18dce1-0a3d-4b65-9c78-af3d58b2da7f: shutdown FollowerState
2019-10-20 17:40:12,909 [Thread-1071] INFO  impl.RaftServerImpl (RaftServerImpl.java:setRole(184)) - 8f18dce1-0a3d-4b65-9c78-af3d58b2da7f@group-091950D56227: changes role from  FOLLOWER to CANDIDATE at term 174 for changeToCandidate
2019-10-20 17:40:12,909 [Thread-1071] INFO  impl.RoleInfo (RoleInfo.java:updateAndGet(143)) - 8f18dce1-0a3d-4b65-9c78-af3d58b2da7f: start LeaderElection
2019-10-20 17:40:12,943 [8f18dce1-0a3d-4b65-9c78-af3d58b2da7f@group-091950D56227-LeaderElection146] INFO  impl.LeaderElection (LeaderElection.java:askForVotes(178)) - 8f18dce1-0a3d-4b65-9c78-af3d58b2da7f@group-091950D56227-LeaderElection146: begin an election at term 175 for -1: [8a63e1ae-032e-4bed-9f20-125a11f65413:0.0.0.0:38685, 8f18dce1-0a3d-4b65-9c78-af3d58b2da7f:0.0.0.0:42489, 7b1e61a0-7daf-43dd-99d5-9b325c1d31ae:0.0.0.0:38412], old=null
2019-10-20 17:40:12,951 [grpc-default-executor-0] INFO  impl.RaftServerImpl (RaftServerImpl.java:setRole(184)) - 7b1e61a0-7daf-43dd-99d5-9b325c1d31ae@group-091950D56227: changes role from  FOLLOWER to FOLLOWER at term 175 for recognizeCandidate:8f18dce1-0a3d-4b65-9c78-af3d58b2da7f
2019-10-20 17:40:12,951 [grpc-default-executor-1] INFO  impl.RaftServerImpl (RaftServerImpl.java:setRole(184)) - 8a63e1ae-032e-4bed-9f20-125a11f65413@group-091950D56227: changes role from  FOLLOWER to FOLLOWER at term 175 for recognizeCandidate:8f18dce1-0a3d-4b65-9c78-af3d58b2da7f
2019-10-20 17:40:12,951 [grpc-default-executor-0] INFO  impl.RoleInfo (RoleInfo.java:shutdownFollowerState(121)) - 7b1e61a0-7daf-43dd-99d5-9b325c1d31ae: shutdown FollowerState
2019-10-20 17:40:12,951 [grpc-default-executor-1] INFO  impl.RoleInfo (RoleInfo.java:shutdownFollowerState(121)) - 8a63e1ae-032e-4bed-9f20-125a11f65413: shutdown FollowerState
2019-10-20 17:40:12,951 [grpc-default-executor-0] INFO  impl.RoleInfo (RoleInfo.java:updateAndGet(143)) - 7b1e61a0-7daf-43dd-99d5-9b325c1d31ae: start FollowerState
2019-10-20 17:40:12,951 [Thread-1069] INFO  impl.FollowerState (FollowerState.java:run(117)) - 8a63e1ae-032e-4bed-9f20-125a11f65413@group-091950D56227-FollowerState was interrupted: java.lang.InterruptedException: sleep interrupted
2019-10-20 17:40:12,951 [grpc-default-executor-1] INFO  impl.RoleInfo (RoleInfo.java:updateAndGet(143)) - 8a63e1ae-032e-4bed-9f20-125a11f65413: start FollowerState
2019-10-20 17:40:12,951 [Thread-1070] INFO  impl.FollowerState (FollowerState.java:run(117)) - 7b1e61a0-7daf-43dd-99d5-9b325c1d31ae@group-091950D56227-FollowerState was interrupted: java.lang.InterruptedException: sleep interrupted
2019-10-20 17:40:12,987 [8f18dce1-0a3d-4b65-9c78-af3d58b2da7f@group-091950D56227-LeaderElection146] INFO  impl.LeaderElection (LeaderElection.java:logAndReturn(56)) - 8f18dce1-0a3d-4b65-9c78-af3d58b2da7f@group-091950D56227-LeaderElection146: Election REJECTED; received 2 response(s) [8f18dce1-0a3d-4b65-9c78-af3d58b2da7f<-8a63e1ae-032e-4bed-9f20-125a11f65413#0:FAIL-t175, 8f18dce1-0a3d-4b65-9c78-af3d58b2da7f<-7b1e61a0-7daf-43dd-99d5-9b325c1d31ae#0:FAIL-t175] and 0 exception(s); 8f18dce1-0a3d-4b65-9c78-af3d58b2da7f@group-091950D56227:t175, leader=null, voted=8f18dce1-0a3d-4b65-9c78-af3d58b2da7f, raftlog=8f18dce1-0a3d-4b65-9c78-af3d58b2da7f@group-091950D56227-SegmentedRaftLog:OPENED:c-1,f-1,i0, conf=-1: [8a63e1ae-032e-4bed-9f20-125a11f65413:0.0.0.0:38685, 8f18dce1-0a3d-4b65-9c78-af3d58b2da7f:0.0.0.0:42489, 7b1e61a0-7daf-43dd-99d5-9b325c1d31ae:0.0.0.0:38412], old=null
2019-10-20 17:40:12,987 [8f18dce1-0a3d-4b65-9c78-af3d58b2da7f@group-091950D56227-LeaderElection146] INFO  impl.RaftServerImpl (RaftServerImpl.java:setRole(184)) - 8f18dce1-0a3d-4b65-9c78-af3d58b2da7f@group-091950D56227: changes role from CANDIDATE to FOLLOWER at term 175 for DISCOVERED_A_NEW_TERM
2019-10-20 17:40:12,987 [8f18dce1-0a3d-4b65-9c78-af3d58b2da7f@group-091950D56227-LeaderElection146] INFO  impl.RoleInfo (RoleInfo.java:shutdownLeaderElection(134)) - 8f18dce1-0a3d-4b65-9c78-af3d58b2da7f: shutdown LeaderElection
2019-10-20 17:40:12,987 [8f18dce1-0a3d-4b65-9c78-af3d58b2da7f@group-091950D56227-LeaderElection146] INFO  impl.RoleInfo (RoleInfo.java:updateAndGet(143)) - 8f18dce1-0a3d-4b65-9c78-af3d58b2da7f: start FollowerState
2019-10-20 17:40:13,067 [Thread-1077] INFO  impl.FollowerState (FollowerState.java:run(108)) - 8f18dce1-0a3d-4b65-9c78-af3d58b2da7f@group-091950D56227-FollowerState: change to CANDIDATE, lastRpcTime:80ms, electionTimeout:79ms
2019-10-20 17:40:13,069 [Thread-1077] INFO  impl.RoleInfo (RoleInfo.java:shutdownFollowerState(121)) - 8f18dce1-0a3d-4b65-9c78-af3d58b2da7f: shutdown FollowerState
2019-10-20 17:40:13,069 [Thread-1077] INFO  impl.RaftServerImpl (RaftServerImpl.java:setRole(184)) - 8f18dce1-0a3d-4b65-9c78-af3d58b2da7f@group-091950D56227: changes role from  FOLLOWER to CANDIDATE at term 175 for changeToCandidate
2019-10-20 17:40:13,069 [Thread-1077] INFO  impl.RoleInfo (RoleInfo.java:updateAndGet(143)) - 8f18dce1-0a3d-4b65-9c78-af3d58b2da7f: start LeaderElection
2019-10-20 17:40:13,094 [8f18dce1-0a3d-4b65-9c78-af3d58b2da7f@group-091950D56227-LeaderElection147] INFO  impl.LeaderElection (LeaderElection.java:askForVotes(178)) - 8f18dce1-0a3d-4b65-9c78-af3d58b2da7f@group-091950D56227-LeaderElection147: begin an election at term 176 for -1: [8a63e1ae-032e-4bed-9f20-125a11f65413:0.0.0.0:38685, 8f18dce1-0a3d-4b65-9c78-af3d58b2da7f:0.0.0.0:42489, 7b1e61a0-7daf-43dd-99d5-9b325c1d31ae:0.0.0.0:38412], old=null
2019-10-20 17:40:13,096 [grpc-default-executor-1] INFO  impl.RaftServerImpl (RaftServerImpl.java:setRole(184)) - 8a63e1ae-032e-4bed-9f20-125a11f65413@group-091950D56227: changes role from  FOLLOWER to FOLLOWER at term 176 for recognizeCandidate:8f18dce1-0a3d-4b65-9c78-af3d58b2da7f
2019-10-20 17:40:13,096 [grpc-default-executor-0] INFO  impl.RaftServerImpl (RaftServerImpl.java:setRole(184)) - 7b1e61a0-7daf-43dd-99d5-9b325c1d31ae@group-091950D56227: changes role from  FOLLOWER to FOLLOWER at term 176 for recognizeCandidate:8f18dce1-0a3d-4b65-9c78-af3d58b2da7f
2019-10-20 17:40:13,096 [grpc-default-executor-1] INFO  impl.RoleInfo (RoleInfo.java:shutdownFollowerState(121)) - 8a63e1ae-032e-4bed-9f20-125a11f65413: shutdown FollowerState
2019-10-20 17:40:13,097 [grpc-default-executor-0] INFO  impl.RoleInfo (RoleInfo.java:shutdownFollowerState(121)) - 7b1e61a0-7daf-43dd-99d5-9b325c1d31ae: shutdown FollowerState
2019-10-20 17:40:13,097 [grpc-default-executor-1] INFO  impl.RoleInfo (RoleInfo.java:updateAndGet(143)) - 8a63e1ae-032e-4bed-9f20-125a11f65413: start FollowerState
2019-10-20 17:40:13,097 [Thread-1076] INFO  impl.FollowerState (FollowerState.java:run(117)) - 8a63e1ae-032e-4bed-9f20-125a11f65413@group-091950D56227-FollowerState was interrupted: java.lang.InterruptedException: sleep interrupted
2019-10-20 17:40:13,097 [Thread-1075] INFO  impl.FollowerState (FollowerState.java:run(117)) - 7b1e61a0-7daf-43dd-99d5-9b325c1d31ae@group-091950D56227-FollowerState was interrupted: java.lang.InterruptedException: sleep interrupted
2019-10-20 17:40:13,097 [grpc-default-executor-0] INFO  impl.RoleInfo (RoleInfo.java:updateAndGet(143)) - 7b1e61a0-7daf-43dd-99d5-9b325c1d31ae: start FollowerState
2019-10-20 17:40:13,120 [8f18dce1-0a3d-4b65-9c78-af3d58b2da7f@group-091950D56227-LeaderElection147] INFO  impl.LeaderElection (LeaderElection.java:logAndReturn(56)) - 8f18dce1-0a3d-4b65-9c78-af3d58b2da7f@group-091950D56227-LeaderElection147: Election REJECTED; received 2 response(s) [8f18dce1-0a3d-4b65-9c78-af3d58b2da7f<-8a63e1ae-032e-4bed-9f20-125a11f65413#0:FAIL-t176, 8f18dce1-0a3d-4b65-9c78-af3d58b2da7f<-7b1e61a0-7daf-43dd-99d5-9b325c1d31ae#0:FAIL-t176] and 0 exception(s); 8f18dce1-0a3d-4b65-9c78-af3d58b2da7f@group-091950D56227:t176, leader=null, voted=8f18dce1-0a3d-4b65-9c78-af3d58b2da7f, raftlog=8f18dce1-0a3d-4b65-9c78-af3d58b2da7f@group-091950D56227-SegmentedRaftLog:OPENED:c-1,f-1,i0, conf=-1: [8a63e1ae-032e-4bed-9f20-125a11f65413:0.0.0.0:38685, 8f18dce1-0a3d-4b65-9c78-af3d58b2da7f:0.0.0.0:42489, 7b1e61a0-7daf-43dd-99d5-9b325c1d31ae:0.0.0.0:38412], old=null
2019-10-20 17:40:13,120 [8f18dce1-0a3d-4b65-9c78-af3d58b2da7f@group-091950D56227-LeaderElection147] INFO  impl.RaftServerImpl (RaftServerImpl.java:setRole(184)) - 8f18dce1-0a3d-4b65-9c78-af3d58b2da7f@group-091950D56227: changes role from CANDIDATE to FOLLOWER at term 176 for DISCOVERED_A_NEW_TERM
2019-10-20 17:40:13,121 [8f18dce1-0a3d-4b65-9c78-af3d58b2da7f@group-091950D56227-LeaderElection147] INFO  impl.RoleInfo (RoleInfo.java:shutdownLeaderElection(134)) - 8f18dce1-0a3d-4b65-9c78-af3d58b2da7f: shutdown LeaderElection
2019-10-20 17:40:13,121 [8f18dce1-0a3d-4b65-9c78-af3d58b2da7f@group-091950D56227-LeaderElection147] INFO  impl.RoleInfo (RoleInfo.java:updateAndGet(143)) - 8f18dce1-0a3d-4b65-9c78-af3d58b2da7f: start FollowerState
2019-10-20 17:40:13,134 [Thread-1085] INFO  impl.FollowerState (FollowerState.java:run(108)) - 8f18dce1-0a3d-4b65-9c78-af3d58b2da7f@group-091950D56227-FollowerState: change to CANDIDATE, lastRpcTime:13ms, electionTimeout:13ms
2019-10-20 17:40:13,134 [Thread-1085] INFO  impl.RoleInfo (RoleInfo.java:shutdownFollowerState(121)) - 8f18dce1-0a3d-4b65-9c78-af3d58b2da7f: shutdown FollowerState
2019-10-20 17:40:13,134 [Thread-1085] INFO  impl.RaftServerImpl (RaftServerImpl.java:setRole(184)) - 8f18dce1-0a3d-4b65-9c78-af3d58b2da7f@group-091950D56227: changes role from  FOLLOWER to CANDIDATE at term 176 for changeToCandidate
2019-10-20 17:40:13,134 [Thread-1085] INFO  impl.RoleInfo (RoleInfo.java:updateAndGet(143)) - 8f18dce1-0a3d-4b65-9c78-af3d58b2da7f: start LeaderElection
2019-10-20 17:40:13,161 [8f18dce1-0a3d-4b65-9c78-af3d58b2da7f@group-091950D56227-LeaderElection148] INFO  impl.LeaderElection (LeaderElection.java:askForVotes(178)) - 8f18dce1-0a3d-4b65-9c78-af3d58b2da7f@group-091950D56227-LeaderElection148: begin an election at term 177 for -1: [8a63e1ae-032e-4bed-9f20-125a11f65413:0.0.0.0:38685, 8f18dce1-0a3d-4b65-9c78-af3d58b2da7f:0.0.0.0:42489, 7b1e61a0-7daf-43dd-99d5-9b325c1d31ae:0.0.0.0:38412], old=null
2019-10-20 17:40:13,163 [grpc-default-executor-0] INFO  impl.RaftServerImpl (RaftServerImpl.java:setRole(184)) - 8a63e1ae-032e-4bed-9f20-125a11f65413@group-091950D56227: changes role from  FOLLOWER to FOLLOWER at term 177 for recognizeCandidate:8f18dce1-0a3d-4b65-9c78-af3d58b2da7f
2019-10-20 17:40:13,163 [grpc-default-executor-1] INFO  impl.RaftServerImpl (RaftServerImpl.java:setRole(184)) - 7b1e61a0-7daf-43dd-99d5-9b325c1d31ae@group-091950D56227: changes role from  FOLLOWER to FOLLOWER at term 177 for recognizeCandidate:8f18dce1-0a3d-4b65-9c78-af3d58b2da7f
2019-10-20 17:40:13,163 [grpc-default-executor-1] INFO  impl.RoleInfo (RoleInfo.java:shutdownFollowerState(121)) - 7b1e61a0-7daf-43dd-99d5-9b325c1d31ae: shutdown FollowerState
2019-10-20 17:40:13,163 [grpc-default-executor-0] INFO  impl.RoleInfo (RoleInfo.java:shutdownFollowerState(121)) - 8a63e1ae-032e-4bed-9f20-125a11f65413: shutdown FollowerState
2019-10-20 17:40:13,163 [Thread-1083] INFO  impl.FollowerState (FollowerState.java:run(117)) - 7b1e61a0-7daf-43dd-99d5-9b325c1d31ae@group-091950D56227-FollowerState was interrupted: java.lang.InterruptedException: sleep interrupted
2019-10-20 17:40:13,163 [grpc-default-executor-1] INFO  impl.RoleInfo (RoleInfo.java:updateAndGet(143)) - 7b1e61a0-7daf-43dd-99d5-9b325c1d31ae: start FollowerState
2019-10-20 17:40:13,164 [Thread-1082] INFO  impl.FollowerState (FollowerState.java:run(117)) - 8a63e1ae-032e-4bed-9f20-125a11f65413@group-091950D56227-FollowerState was interrupted: java.lang.InterruptedException: sleep interrupted
2019-10-20 17:40:13,164 [grpc-default-executor-0] INFO  impl.RoleInfo (RoleInfo.java:updateAndGet(143)) - 8a63e1ae-032e-4bed-9f20-125a11f65413: start FollowerState
2019-10-20 17:40:13,188 [8f18dce1-0a3d-4b65-9c78-af3d58b2da7f@group-091950D56227-LeaderElection148] INFO  impl.LeaderElection (LeaderElection.java:logAndReturn(56)) - 8f18dce1-0a3d-4b65-9c78-af3d58b2da7f@group-091950D56227-LeaderElection148: Election REJECTED; received 2 response(s) [8f18dce1-0a3d-4b65-9c78-af3d58b2da7f<-8a63e1ae-032e-4bed-9f20-125a11f65413#0:FAIL-t177, 8f18dce1-0a3d-4b65-9c78-af3d58b2da7f<-7b1e61a0-7daf-43dd-99d5-9b325c1d31ae#0:FAIL-t177] and 0 exception(s); 8f18dce1-0a3d-4b65-9c78-af3d58b2da7f@group-091950D56227:t177, leader=null, voted=8f18dce1-0a3d-4b65-9c78-af3d58b2da7f, raftlog=8f18dce1-0a3d-4b65-9c78-af3d58b2da7f@group-091950D56227-SegmentedRaftLog:OPENED:c-1,f-1,i0, conf=-1: [8a63e1ae-032e-4bed-9f20-125a11f65413:0.0.0.0:38685, 8f18dce1-0a3d-4b65-9c78-af3d58b2da7f:0.0.0.0:42489, 7b1e61a0-7daf-43dd-99d5-9b325c1d31ae:0.0.0.0:38412], old=null
2019-10-20 17:40:13,188 [8f18dce1-0a3d-4b65-9c78-af3d58b2da7f@group-091950D56227-LeaderElection148] INFO  impl.RaftServerImpl (RaftServerImpl.java:setRole(184)) - 8f18dce1-0a3d-4b65-9c78-af3d58b2da7f@group-091950D56227: changes role from CANDIDATE to FOLLOWER at term 177 for DISCOVERED_A_NEW_TERM
2019-10-20 17:40:13,188 [8f18dce1-0a3d-4b65-9c78-af3d58b2da7f@group-091950D56227-LeaderElection148] INFO  impl.RoleInfo (RoleInfo.java:shutdownLeaderElection(134)) - 8f18dce1-0a3d-4b65-9c78-af3d58b2da7f: shutdown LeaderElection
2019-10-20 17:40:13,188 [8f18dce1-0a3d-4b65-9c78-af3d58b2da7f@group-091950D56227-LeaderElection148] INFO  impl.RoleInfo (RoleInfo.java:updateAndGet(143)) - 8f18dce1-0a3d-4b65-9c78-af3d58b2da7f: start FollowerState
2019-10-20 17:40:13,272 [Thread-1091] INFO  impl.FollowerState (FollowerState.java:run(108)) - 8f18dce1-0a3d-4b65-9c78-af3d58b2da7f@group-091950D56227-FollowerState: change to CANDIDATE, lastRpcTime:83ms, electionTimeout:83ms
2019-10-20 17:40:13,272 [Thread-1091] INFO  impl.RoleInfo (RoleInfo.java:shutdownFollowerState(121)) - 8f18dce1-0a3d-4b65-9c78-af3d58b2da7f: shutdown FollowerState
2019-10-20 17:40:13,272 [Thread-1091] INFO  impl.RaftServerImpl (RaftServerImpl.java:setRole(184)) - 8f18dce1-0a3d-4b65-9c78-af3d58b2da7f@group-091950D56227: changes role from  FOLLOWER to CANDIDATE at term 177 for changeToCandidate
2019-10-20 17:40:13,272 [Thread-1091] INFO  impl.RoleInfo (RoleInfo.java:updateAndGet(143)) - 8f18dce1-0a3d-4b65-9c78-af3d58b2da7f: start LeaderElection
2019-10-20 17:40:13,296 [8f18dce1-0a3d-4b65-9c78-af3d58b2da7f@group-091950D56227-LeaderElection149] INFO  impl.LeaderElection (LeaderElection.java:askForVotes(178)) - 8f18dce1-0a3d-4b65-9c78-af3d58b2da7f@group-091950D56227-LeaderElection149: begin an election at term 178 for -1: [8a63e1ae-032e-4bed-9f20-125a11f65413:0.0.0.0:38685, 8f18dce1-0a3d-4b65-9c78-af3d58b2da7f:0.0.0.0:42489, 7b1e61a0-7daf-43dd-99d5-9b325c1d31ae:0.0.0.0:38412], old=null
2019-10-20 17:40:13,298 [grpc-default-executor-1] INFO  impl.RaftServerImpl (RaftServerImpl.java:setRole(184)) - 8a63e1ae-032e-4bed-9f20-125a11f65413@group-091950D56227: changes role from  FOLLOWER to FOLLOWER at term 178 for recognizeCandidate:8f18dce1-0a3d-4b65-9c78-af3d58b2da7f
2019-10-20 17:40:13,298 [grpc-default-executor-0] INFO  impl.RaftServerImpl (RaftServerImpl.java:setRole(184)) - 7b1e61a0-7daf-43dd-99d5-9b325c1d31ae@group-091950D56227: changes role from  FOLLOWER to FOLLOWER at term 178 for recognizeCandidate:8f18dce1-0a3d-4b65-9c78-af3d58b2da7f
2019-10-20 17:40:13,298 [grpc-default-executor-1] INFO  impl.RoleInfo (RoleInfo.java:shutdownFollowerState(121)) - 8a63e1ae-032e-4bed-9f20-125a11f65413: shutdown FollowerState
2019-10-20 17:40:13,298 [grpc-default-executor-0] INFO  impl.RoleInfo (RoleInfo.java:shutdownFollowerState(121)) - 7b1e61a0-7daf-43dd-99d5-9b325c1d31ae: shutdown FollowerState
2019-10-20 17:40:13,298 [Thread-1090] INFO  impl.FollowerState (FollowerState.java:run(117)) - 8a63e1ae-032e-4bed-9f20-125a11f65413@group-091950D56227-FollowerState was interrupted: java.lang.InterruptedException: sleep interrupted
2019-10-20 17:40:13,298 [grpc-default-executor-1] INFO  impl.RoleInfo (RoleInfo.java:updateAndGet(143)) - 8a63e1ae-032e-4bed-9f20-125a11f65413: start FollowerState
2019-10-20 17:40:13,298 [Thread-1089] INFO  impl.FollowerState (FollowerState.java:run(117)) - 7b1e61a0-7daf-43dd-99d5-9b325c1d31ae@group-091950D56227-FollowerState was interrupted: java.lang.InterruptedException: sleep interrupted
2019-10-20 17:40:13,298 [grpc-default-executor-0] INFO  impl.RoleInfo (RoleInfo.java:updateAndGet(143)) - 7b1e61a0-7daf-43dd-99d5-9b325c1d31ae: start FollowerState
2019-10-20 17:40:13,315 [8f18dce1-0a3d-4b65-9c78-af3d58b2da7f@group-091950D56227-LeaderElection149] INFO  impl.LeaderElection (LeaderElection.java:logAndReturn(56)) - 8f18dce1-0a3d-4b65-9c78-af3d58b2da7f@group-091950D56227-LeaderElection149: Election TIMEOUT; received 0 response(s) [] and 0 exception(s); 8f18dce1-0a3d-4b65-9c78-af3d58b2da7f@group-091950D56227:t178, leader=null, voted=8f18dce1-0a3d-4b65-9c78-af3d58b2da7f, raftlog=8f18dce1-0a3d-4b65-9c78-af3d58b2da7f@group-091950D56227-SegmentedRaftLog:OPENED:c-1,f-1,i0, conf=-1: [8a63e1ae-032e-4bed-9f20-125a11f65413:0.0.0.0:38685, 8f18dce1-0a3d-4b65-9c78-af3d58b2da7f:0.0.0.0:42489, 7b1e61a0-7daf-43dd-99d5-9b325c1d31ae:0.0.0.0:38412], old=null
2019-10-20 17:40:13,338 [8f18dce1-0a3d-4b65-9c78-af3d58b2da7f@group-091950D56227-LeaderElection149] INFO  impl.LeaderElection (LeaderElection.java:askForVotes(178)) - 8f18dce1-0a3d-4b65-9c78-af3d58b2da7f@group-091950D56227-LeaderElection149: begin an election at term 179 for -1: [8a63e1ae-032e-4bed-9f20-125a11f65413:0.0.0.0:38685, 8f18dce1-0a3d-4b65-9c78-af3d58b2da7f:0.0.0.0:42489, 7b1e61a0-7daf-43dd-99d5-9b325c1d31ae:0.0.0.0:38412], old=null
2019-10-20 17:40:13,340 [grpc-default-executor-0] INFO  impl.RaftServerImpl (RaftServerImpl.java:setRole(184)) - 8a63e1ae-032e-4bed-9f20-125a11f65413@group-091950D56227: changes role from  FOLLOWER to FOLLOWER at term 179 for recognizeCandidate:8f18dce1-0a3d-4b65-9c78-af3d58b2da7f
2019-10-20 17:40:13,340 [grpc-default-executor-0] INFO  impl.RoleInfo (RoleInfo.java:shutdownFollowerState(121)) - 8a63e1ae-032e-4bed-9f20-125a11f65413: shutdown FollowerState
2019-10-20 17:40:13,340 [grpc-default-executor-0] INFO  impl.RoleInfo (RoleInfo.java:updateAndGet(143)) - 8a63e1ae-032e-4bed-9f20-125a11f65413: start FollowerState
2019-10-20 17:40:13,340 [Thread-1095] INFO  impl.FollowerState (FollowerState.java:run(117)) - 8a63e1ae-032e-4bed-9f20-125a11f65413@group-091950D56227-FollowerState was interrupted: java.lang.InterruptedException: sleep interrupted
2019-10-20 17:40:13,341 [grpc-default-executor-1] INFO  impl.RaftServerImpl (RaftServerImpl.java:setRole(184)) - 7b1e61a0-7daf-43dd-99d5-9b325c1d31ae@group-091950D56227: changes role from  FOLLOWER to FOLLOWER at term 179 for recognizeCandidate:8f18dce1-0a3d-4b65-9c78-af3d58b2da7f
2019-10-20 17:40:13,341 [grpc-default-executor-1] INFO  impl.RoleInfo (RoleInfo.java:shutdownFollowerState(121)) - 7b1e61a0-7daf-43dd-99d5-9b325c1d31ae: shutdown FollowerState
2019-10-20 17:40:13,341 [grpc-default-executor-1] INFO  impl.RoleInfo (RoleInfo.java:updateAndGet(143)) - 7b1e61a0-7daf-43dd-99d5-9b325c1d31ae: start FollowerState
2019-10-20 17:40:13,341 [Thread-1096] INFO  impl.FollowerState (FollowerState.java:run(117)) - 7b1e61a0-7daf-43dd-99d5-9b325c1d31ae@group-091950D56227-FollowerState was interrupted: java.lang.InterruptedException: sleep interrupted
2019-10-20 17:40:13,365 [8f18dce1-0a3d-4b65-9c78-af3d58b2da7f@group-091950D56227-LeaderElection149] INFO  impl.LeaderElection (LeaderElection.java:logAndReturn(56)) - 8f18dce1-0a3d-4b65-9c78-af3d58b2da7f@group-091950D56227-LeaderElection149: Election REJECTED; received 2 response(s) [8f18dce1-0a3d-4b65-9c78-af3d58b2da7f<-8a63e1ae-032e-4bed-9f20-125a11f65413#0:FAIL-t179, 8f18dce1-0a3d-4b65-9c78-af3d58b2da7f<-7b1e61a0-7daf-43dd-99d5-9b325c1d31ae#0:FAIL-t179] and 0 exception(s); 8f18dce1-0a3d-4b65-9c78-af3d58b2da7f@group-091950D56227:t179, leader=null, voted=8f18dce1-0a3d-4b65-9c78-af3d58b2da7f, raftlog=8f18dce1-0a3d-4b65-9c78-af3d58b2da7f@group-091950D56227-SegmentedRaftLog:OPENED:c-1,f-1,i0, conf=-1: [8a63e1ae-032e-4bed-9f20-125a11f65413:0.0.0.0:38685, 8f18dce1-0a3d-4b65-9c78-af3d58b2da7f:0.0.0.0:42489, 7b1e61a0-7daf-43dd-99d5-9b325c1d31ae:0.0.0.0:38412], old=null
2019-10-20 17:40:13,365 [8f18dce1-0a3d-4b65-9c78-af3d58b2da7f@group-091950D56227-LeaderElection149] INFO  impl.RaftServerImpl (RaftServerImpl.java:setRole(184)) - 8f18dce1-0a3d-4b65-9c78-af3d58b2da7f@group-091950D56227: changes role from CANDIDATE to FOLLOWER at term 179 for DISCOVERED_A_NEW_TERM
2019-10-20 17:40:13,365 [8f18dce1-0a3d-4b65-9c78-af3d58b2da7f@group-091950D56227-LeaderElection149] INFO  impl.RoleInfo (RoleInfo.java:shutdownLeaderElection(134)) - 8f18dce1-0a3d-4b65-9c78-af3d58b2da7f: shutdown LeaderElection
2019-10-20 17:40:13,365 [8f18dce1-0a3d-4b65-9c78-af3d58b2da7f@group-091950D56227-LeaderElection149] INFO  impl.RoleInfo (RoleInfo.java:updateAndGet(143)) - 8f18dce1-0a3d-4b65-9c78-af3d58b2da7f: start FollowerState
2019-10-20 17:40:13,398 [Thread-1101] INFO  impl.FollowerState (FollowerState.java:run(108)) - 8f18dce1-0a3d-4b65-9c78-af3d58b2da7f@group-091950D56227-FollowerState: change to CANDIDATE, lastRpcTime:32ms, electionTimeout:32ms
2019-10-20 17:40:13,398 [Thread-1101] INFO  impl.RoleInfo (RoleInfo.java:shutdownFollowerState(121)) - 8f18dce1-0a3d-4b65-9c78-af3d58b2da7f: shutdown FollowerState
2019-10-20 17:40:13,398 [Thread-1101] INFO  impl.RaftServerImpl (RaftServerImpl.java:setRole(184)) - 8f18dce1-0a3d-4b65-9c78-af3d58b2da7f@group-091950D56227: changes role from  FOLLOWER to CANDIDATE at term 179 for changeToCandidate
2019-10-20 17:40:13,398 [Thread-1101] INFO  impl.RoleInfo (RoleInfo.java:updateAndGet(143)) - 8f18dce1-0a3d-4b65-9c78-af3d58b2da7f: start LeaderElection
2019-10-20 17:40:13,423 [8f18dce1-0a3d-4b65-9c78-af3d58b2da7f@group-091950D56227-LeaderElection150] INFO  impl.LeaderElection (LeaderElection.java:askForVotes(178)) - 8f18dce1-0a3d-4b65-9c78-af3d58b2da7f@group-091950D56227-LeaderElection150: begin an election at term 180 for -1: [8a63e1ae-032e-4bed-9f20-125a11f65413:0.0.0.0:38685, 8f18dce1-0a3d-4b65-9c78-af3d58b2da7f:0.0.0.0:42489, 7b1e61a0-7daf-43dd-99d5-9b325c1d31ae:0.0.0.0:38412], old=null
2019-10-20 17:40:13,425 [grpc-default-executor-1] INFO  impl.RaftServerImpl (RaftServerImpl.java:setRole(184)) - 8a63e1ae-032e-4bed-9f20-125a11f65413@group-091950D56227: changes role from  FOLLOWER to FOLLOWER at term 180 for recognizeCandidate:8f18dce1-0a3d-4b65-9c78-af3d58b2da7f
2019-10-20 17:40:13,425 [grpc-default-executor-1] INFO  impl.RoleInfo (RoleInfo.java:shutdownFollowerState(121)) - 8a63e1ae-032e-4bed-9f20-125a11f65413: shutdown FollowerState
2019-10-20 17:40:13,425 [grpc-default-executor-1] INFO  impl.RoleInfo (RoleInfo.java:updateAndGet(143)) - 8a63e1ae-032e-4bed-9f20-125a11f65413: start FollowerState
2019-10-20 17:40:13,425 [Thread-1099] INFO  impl.FollowerState (FollowerState.java:run(117)) - 8a63e1ae-032e-4bed-9f20-125a11f65413@group-091950D56227-FollowerState was interrupted: java.lang.InterruptedException: sleep interrupted
2019-10-20 17:40:13,425 [grpc-default-executor-0] INFO  impl.RaftServerImpl (RaftServerImpl.java:setRole(184)) - 7b1e61a0-7daf-43dd-99d5-9b325c1d31ae@group-091950D56227: changes role from  FOLLOWER to FOLLOWER at term 180 for recognizeCandidate:8f18dce1-0a3d-4b65-9c78-af3d58b2da7f
2019-10-20 17:40:13,426 [grpc-default-executor-0] INFO  impl.RoleInfo (RoleInfo.java:shutdownFollowerState(121)) - 7b1e61a0-7daf-43dd-99d5-9b325c1d31ae: shutdown FollowerState
2019-10-20 17:40:13,426 [grpc-default-executor-0] INFO  impl.RoleInfo (RoleInfo.java:updateAndGet(143)) - 7b1e61a0-7daf-43dd-99d5-9b325c1d31ae: start FollowerState
2019-10-20 17:40:13,426 [Thread-1100] INFO  impl.FollowerState (FollowerState.java:run(117)) - 7b1e61a0-7daf-43dd-99d5-9b325c1d31ae@group-091950D56227-FollowerState was interrupted: java.lang.InterruptedException: sleep interrupted
2019-10-20 17:40:13,449 [8f18dce1-0a3d-4b65-9c78-af3d58b2da7f@group-091950D56227-LeaderElection150] INFO  impl.LeaderElection (LeaderElection.java:logAndReturn(56)) - 8f18dce1-0a3d-4b65-9c78-af3d58b2da7f@group-091950D56227-LeaderElection150: Election REJECTED; received 2 response(s) [8f18dce1-0a3d-4b65-9c78-af3d58b2da7f<-8a63e1ae-032e-4bed-9f20-125a11f65413#0:FAIL-t180, 8f18dce1-0a3d-4b65-9c78-af3d58b2da7f<-7b1e61a0-7daf-43dd-99d5-9b325c1d31ae#0:FAIL-t180] and 0 exception(s); 8f18dce1-0a3d-4b65-9c78-af3d58b2da7f@group-091950D56227:t180, leader=null, voted=8f18dce1-0a3d-4b65-9c78-af3d58b2da7f, raftlog=8f18dce1-0a3d-4b65-9c78-af3d58b2da7f@group-091950D56227-SegmentedRaftLog:OPENED:c-1,f-1,i0, conf=-1: [8a63e1ae-032e-4bed-9f20-125a11f65413:0.0.0.0:38685, 8f18dce1-0a3d-4b65-9c78-af3d58b2da7f:0.0.0.0:42489, 7b1e61a0-7daf-43dd-99d5-9b325c1d31ae:0.0.0.0:38412], old=null
2019-10-20 17:40:13,450 [8f18dce1-0a3d-4b65-9c78-af3d58b2da7f@group-091950D56227-LeaderElection150] INFO  impl.RaftServerImpl (RaftServerImpl.java:setRole(184)) - 8f18dce1-0a3d-4b65-9c78-af3d58b2da7f@group-091950D56227: changes role from CANDIDATE to FOLLOWER at term 180 for DISCOVERED_A_NEW_TERM
2019-10-20 17:40:13,450 [8f18dce1-0a3d-4b65-9c78-af3d58b2da7f@group-091950D56227-LeaderElection150] INFO  impl.RoleInfo (RoleInfo.java:shutdownLeaderElection(134)) - 8f18dce1-0a3d-4b65-9c78-af3d58b2da7f: shutdown LeaderElection
2019-10-20 17:40:13,450 [8f18dce1-0a3d-4b65-9c78-af3d58b2da7f@group-091950D56227-LeaderElection150] INFO  impl.RoleInfo (RoleInfo.java:updateAndGet(143)) - 8f18dce1-0a3d-4b65-9c78-af3d58b2da7f: start FollowerState
2019-10-20 17:40:13,472 [Thread-1107] INFO  impl.FollowerState (FollowerState.java:run(108)) - 8f18dce1-0a3d-4b65-9c78-af3d58b2da7f@group-091950D56227-FollowerState: change to CANDIDATE, lastRpcTime:22ms, electionTimeout:22ms
2019-10-20 17:40:13,472 [Thread-1107] INFO  impl.RoleInfo (RoleInfo.java:shutdownFollowerState(121)) - 8f18dce1-0a3d-4b65-9c78-af3d58b2da7f: shutdown FollowerState
2019-10-20 17:40:13,473 [Thread-1107] INFO  impl.RaftServerImpl (RaftServerImpl.java:setRole(184)) - 8f18dce1-0a3d-4b65-9c78-af3d58b2da7f@group-091950D56227: changes role from  FOLLOWER to CANDIDATE at term 180 for changeToCandidate
2019-10-20 17:40:13,473 [Thread-1107] INFO  impl.RoleInfo (RoleInfo.java:updateAndGet(143)) - 8f18dce1-0a3d-4b65-9c78-af3d58b2da7f: start LeaderElection
2019-10-20 17:40:13,499 [8f18dce1-0a3d-4b65-9c78-af3d58b2da7f@group-091950D56227-LeaderElection151] INFO  impl.LeaderElection (LeaderElection.java:askForVotes(178)) - 8f18dce1-0a3d-4b65-9c78-af3d58b2da7f@group-091950D56227-LeaderElection151: begin an election at term 181 for -1: [8a63e1ae-032e-4bed-9f20-125a11f65413:0.0.0.0:38685, 8f18dce1-0a3d-4b65-9c78-af3d58b2da7f:0.0.0.0:42489, 7b1e61a0-7daf-43dd-99d5-9b325c1d31ae:0.0.0.0:38412], old=null
2019-10-20 17:40:13,501 [grpc-default-executor-0] INFO  impl.RaftServerImpl (RaftServerImpl.java:setRole(184)) - 8a63e1ae-032e-4bed-9f20-125a11f65413@group-091950D56227: changes role from  FOLLOWER to FOLLOWER at term 181 for recognizeCandidate:8f18dce1-0a3d-4b65-9c78-af3d58b2da7f
2019-10-20 17:40:13,502 [grpc-default-executor-0] INFO  impl.RoleInfo (RoleInfo.java:shutdownFollowerState(121)) - 8a63e1ae-032e-4bed-9f20-125a11f65413: shutdown FollowerState
2019-10-20 17:40:13,502 [grpc-default-executor-1] INFO  impl.RaftServerImpl (RaftServerImpl.java:setRole(184)) - 7b1e61a0-7daf-43dd-99d5-9b325c1d31ae@group-091950D56227: changes role from  FOLLOWER to FOLLOWER at term 181 for recognizeCandidate:8f18dce1-0a3d-4b65-9c78-af3d58b2da7f
2019-10-20 17:40:13,502 [Thread-1105] INFO  impl.FollowerState (FollowerState.java:run(117)) - 8a63e1ae-032e-4bed-9f20-125a11f65413@group-091950D56227-FollowerState was interrupted: java.lang.InterruptedException: sleep interrupted
2019-10-20 17:40:13,502 [grpc-default-executor-0] INFO  impl.RoleInfo (RoleInfo.java:updateAndGet(143)) - 8a63e1ae-032e-4bed-9f20-125a11f65413: start FollowerState
2019-10-20 17:40:13,502 [grpc-default-executor-1] INFO  impl.RoleInfo (RoleInfo.java:shutdownFollowerState(121)) - 7b1e61a0-7daf-43dd-99d5-9b325c1d31ae: shutdown FollowerState
2019-10-20 17:40:13,502 [grpc-default-executor-1] INFO  impl.RoleInfo (RoleInfo.java:updateAndGet(143)) - 7b1e61a0-7daf-43dd-99d5-9b325c1d31ae: start FollowerState
2019-10-20 17:40:13,502 [Thread-1106] INFO  impl.FollowerState (FollowerState.java:run(117)) - 7b1e61a0-7daf-43dd-99d5-9b325c1d31ae@group-091950D56227-FollowerState was interrupted: java.lang.InterruptedException: sleep interrupted
2019-10-20 17:40:13,525 [8f18dce1-0a3d-4b65-9c78-af3d58b2da7f@group-091950D56227-LeaderElection151] INFO  impl.LeaderElection (LeaderElection.java:logAndReturn(56)) - 8f18dce1-0a3d-4b65-9c78-af3d58b2da7f@group-091950D56227-LeaderElection151: Election REJECTED; received 2 response(s) [8f18dce1-0a3d-4b65-9c78-af3d58b2da7f<-8a63e1ae-032e-4bed-9f20-125a11f65413#0:FAIL-t181, 8f18dce1-0a3d-4b65-9c78-af3d58b2da7f<-7b1e61a0-7daf-43dd-99d5-9b325c1d31ae#0:FAIL-t181] and 0 exception(s); 8f18dce1-0a3d-4b65-9c78-af3d58b2da7f@group-091950D56227:t181, leader=null, voted=8f18dce1-0a3d-4b65-9c78-af3d58b2da7f, raftlog=8f18dce1-0a3d-4b65-9c78-af3d58b2da7f@group-091950D56227-SegmentedRaftLog:OPENED:c-1,f-1,i0, conf=-1: [8a63e1ae-032e-4bed-9f20-125a11f65413:0.0.0.0:38685, 8f18dce1-0a3d-4b65-9c78-af3d58b2da7f:0.0.0.0:42489, 7b1e61a0-7daf-43dd-99d5-9b325c1d31ae:0.0.0.0:38412], old=null
2019-10-20 17:40:13,525 [8f18dce1-0a3d-4b65-9c78-af3d58b2da7f@group-091950D56227-LeaderElection151] INFO  impl.RaftServerImpl (RaftServerImpl.java:setRole(184)) - 8f18dce1-0a3d-4b65-9c78-af3d58b2da7f@group-091950D56227: changes role from CANDIDATE to FOLLOWER at term 181 for DISCOVERED_A_NEW_TERM
2019-10-20 17:40:13,525 [8f18dce1-0a3d-4b65-9c78-af3d58b2da7f@group-091950D56227-LeaderElection151] INFO  impl.RoleInfo (RoleInfo.java:shutdownLeaderElection(134)) - 8f18dce1-0a3d-4b65-9c78-af3d58b2da7f: shutdown LeaderElection
2019-10-20 17:40:13,526 [8f18dce1-0a3d-4b65-9c78-af3d58b2da7f@group-091950D56227-LeaderElection151] INFO  impl.RoleInfo (RoleInfo.java:updateAndGet(143)) - 8f18dce1-0a3d-4b65-9c78-af3d58b2da7f: start FollowerState
2019-10-20 17:40:13,582 [Thread-1113] INFO  impl.FollowerState (FollowerState.java:run(108)) - 8f18dce1-0a3d-4b65-9c78-af3d58b2da7f@group-091950D56227-FollowerState: change to CANDIDATE, lastRpcTime:56ms, electionTimeout:56ms
2019-10-20 17:40:13,582 [Thread-1113] INFO  impl.RoleInfo (RoleInfo.java:shutdownFollowerState(121)) - 8f18dce1-0a3d-4b65-9c78-af3d58b2da7f: shutdown FollowerState
2019-10-20 17:40:13,582 [Thread-1113] INFO  impl.RaftServerImpl (RaftServerImpl.java:setRole(184)) - 8f18dce1-0a3d-4b65-9c78-af3d58b2da7f@group-091950D56227: changes role from  FOLLOWER to CANDIDATE at term 181 for changeToCandidate
2019-10-20 17:40:13,583 [Thread-1113] INFO  impl.RoleInfo (RoleInfo.java:updateAndGet(143)) - 8f18dce1-0a3d-4b65-9c78-af3d58b2da7f: start LeaderElection
2019-10-20 17:40:13,608 [8f18dce1-0a3d-4b65-9c78-af3d58b2da7f@group-091950D56227-LeaderElection152] INFO  impl.LeaderElection (LeaderElection.java:askForVotes(178)) - 8f18dce1-0a3d-4b65-9c78-af3d58b2da7f@group-091950D56227-LeaderElection152: begin an election at term 182 for -1: [8a63e1ae-032e-4bed-9f20-125a11f65413:0.0.0.0:38685, 8f18dce1-0a3d-4b65-9c78-af3d58b2da7f:0.0.0.0:42489, 7b1e61a0-7daf-43dd-99d5-9b325c1d31ae:0.0.0.0:38412], old=null
2019-10-20 17:40:13,610 [grpc-default-executor-0] INFO  impl.RaftServerImpl (RaftServerImpl.java:setRole(184)) - 8a63e1ae-032e-4bed-9f20-125a11f65413@group-091950D56227: changes role from  FOLLOWER to FOLLOWER at term 182 for recognizeCandidate:8f18dce1-0a3d-4b65-9c78-af3d58b2da7f
2019-10-20 17:40:13,610 [grpc-default-executor-0] INFO  impl.RoleInfo (RoleInfo.java:shutdownFollowerState(121)) - 8a63e1ae-032e-4bed-9f20-125a11f65413: shutdown FollowerState
2019-10-20 17:40:13,610 [grpc-default-executor-1] INFO  impl.RaftServerImpl (RaftServerImpl.java:setRole(184)) - 7b1e61a0-7daf-43dd-99d5-9b325c1d31ae@group-091950D56227: changes role from  FOLLOWER to FOLLOWER at term 182 for recognizeCandidate:8f18dce1-0a3d-4b65-9c78-af3d58b2da7f
2019-10-20 17:40:13,610 [Thread-1111] INFO  impl.FollowerState (FollowerState.java:run(117)) - 8a63e1ae-032e-4bed-9f20-125a11f65413@group-091950D56227-FollowerState was interrupted: java.lang.InterruptedException: sleep interrupted
2019-10-20 17:40:13,610 [grpc-default-executor-0] INFO  impl.RoleInfo (RoleInfo.java:updateAndGet(143)) - 8a63e1ae-032e-4bed-9f20-125a11f65413: start FollowerState
2019-10-20 17:40:13,610 [grpc-default-executor-1] INFO  impl.RoleInfo (RoleInfo.java:shutdownFollowerState(121)) - 7b1e61a0-7daf-43dd-99d5-9b325c1d31ae: shutdown FollowerState
2019-10-20 17:40:13,611 [Thread-1112] INFO  impl.FollowerState (FollowerState.java:run(117)) - 7b1e61a0-7daf-43dd-99d5-9b325c1d31ae@group-091950D56227-FollowerState was interrupted: java.lang.InterruptedException: sleep interrupted
2019-10-20 17:40:13,611 [grpc-default-executor-1] INFO  impl.RoleInfo (RoleInfo.java:updateAndGet(143)) - 7b1e61a0-7daf-43dd-99d5-9b325c1d31ae: start FollowerState
2019-10-20 17:40:13,634 [8f18dce1-0a3d-4b65-9c78-af3d58b2da7f@group-091950D56227-LeaderElection152] INFO  impl.LeaderElection (LeaderElection.java:logAndReturn(56)) - 8f18dce1-0a3d-4b65-9c78-af3d58b2da7f@group-091950D56227-LeaderElection152: Election REJECTED; received 2 response(s) [8f18dce1-0a3d-4b65-9c78-af3d58b2da7f<-8a63e1ae-032e-4bed-9f20-125a11f65413#0:FAIL-t182, 8f18dce1-0a3d-4b65-9c78-af3d58b2da7f<-7b1e61a0-7daf-43dd-99d5-9b325c1d31ae#0:FAIL-t182] and 0 exception(s); 8f18dce1-0a3d-4b65-9c78-af3d58b2da7f@group-091950D56227:t182, leader=null, voted=8f18dce1-0a3d-4b65-9c78-af3d58b2da7f, raftlog=8f18dce1-0a3d-4b65-9c78-af3d58b2da7f@group-091950D56227-SegmentedRaftLog:OPENED:c-1,f-1,i0, conf=-1: [8a63e1ae-032e-4bed-9f20-125a11f65413:0.0.0.0:38685, 8f18dce1-0a3d-4b65-9c78-af3d58b2da7f:0.0.0.0:42489, 7b1e61a0-7daf-43dd-99d5-9b325c1d31ae:0.0.0.0:38412], old=null
2019-10-20 17:40:13,635 [8f18dce1-0a3d-4b65-9c78-af3d58b2da7f@group-091950D56227-LeaderElection152] INFO  impl.RaftServerImpl (RaftServerImpl.java:setRole(184)) - 8f18dce1-0a3d-4b65-9c78-af3d58b2da7f@group-091950D56227: changes role from CANDIDATE to FOLLOWER at term 182 for DISCOVERED_A_NEW_TERM
2019-10-20 17:40:13,635 [8f18dce1-0a3d-4b65-9c78-af3d58b2da7f@group-091950D56227-LeaderElection152] INFO  impl.RoleInfo (RoleInfo.java:shutdownLeaderElection(134)) - 8f18dce1-0a3d-4b65-9c78-af3d58b2da7f: shutdown LeaderElection
2019-10-20 17:40:13,635 [8f18dce1-0a3d-4b65-9c78-af3d58b2da7f@group-091950D56227-LeaderElection152] INFO  impl.RoleInfo (RoleInfo.java:updateAndGet(143)) - 8f18dce1-0a3d-4b65-9c78-af3d58b2da7f: start FollowerState
2019-10-20 17:40:13,705 [Thread-1119] INFO  impl.FollowerState (FollowerState.java:run(108)) - 8f18dce1-0a3d-4b65-9c78-af3d58b2da7f@group-091950D56227-FollowerState: change to CANDIDATE, lastRpcTime:70ms, electionTimeout:70ms
2019-10-20 17:40:13,705 [Thread-1119] INFO  impl.RoleInfo (RoleInfo.java:shutdownFollowerState(121)) - 8f18dce1-0a3d-4b65-9c78-af3d58b2da7f: shutdown FollowerState
2019-10-20 17:40:13,705 [Thread-1119] INFO  impl.RaftServerImpl (RaftServerImpl.java:setRole(184)) - 8f18dce1-0a3d-4b65-9c78-af3d58b2da7f@group-091950D56227: changes role from  FOLLOWER to CANDIDATE at term 182 for changeToCandidate
2019-10-20 17:40:13,706 [Thread-1119] INFO  impl.RoleInfo (RoleInfo.java:updateAndGet(143)) - 8f18dce1-0a3d-4b65-9c78-af3d58b2da7f: start LeaderElection
2019-10-20 17:40:13,734 [8f18dce1-0a3d-4b65-9c78-af3d58b2da7f@group-091950D56227-LeaderElection153] INFO  impl.LeaderElection (LeaderElection.java:askForVotes(178)) - 8f18dce1-0a3d-4b65-9c78-af3d58b2da7f@group-091950D56227-LeaderElection153: begin an election at term 183 for -1: [8a63e1ae-032e-4bed-9f20-125a11f65413:0.0.0.0:38685, 8f18dce1-0a3d-4b65-9c78-af3d58b2da7f:0.0.0.0:42489, 7b1e61a0-7daf-43dd-99d5-9b325c1d31ae:0.0.0.0:38412], old=null
2019-10-20 17:40:13,736 [grpc-default-executor-1] INFO  impl.RaftServerImpl (RaftServerImpl.java:setRole(184)) - 8a63e1ae-032e-4bed-9f20-125a11f65413@group-091950D56227: changes role from  FOLLOWER to FOLLOWER at term 183 for recognizeCandidate:8f18dce1-0a3d-4b65-9c78-af3d58b2da7f
2019-10-20 17:40:13,736 [grpc-default-executor-1] INFO  impl.RoleInfo (RoleInfo.java:shutdownFollowerState(121)) - 8a63e1ae-032e-4bed-9f20-125a11f65413: shutdown FollowerState
2019-10-20 17:40:13,736 [grpc-default-executor-1] INFO  impl.RoleInfo (RoleInfo.java:updateAndGet(143)) - 8a63e1ae-032e-4bed-9f20-125a11f65413: start FollowerState
2019-10-20 17:40:13,736 [grpc-default-executor-0] INFO  impl.RaftServerImpl (RaftServerImpl.java:setRole(184)) - 7b1e61a0-7daf-43dd-99d5-9b325c1d31ae@group-091950D56227: changes role from  FOLLOWER to FOLLOWER at term 183 for recognizeCandidate:8f18dce1-0a3d-4b65-9c78-af3d58b2da7f
2019-10-20 17:40:13,736 [Thread-1117] INFO  impl.FollowerState (FollowerState.java:run(117)) - 8a63e1ae-032e-4bed-9f20-125a11f65413@group-091950D56227-FollowerState was interrupted: java.lang.InterruptedException: sleep interrupted
2019-10-20 17:40:13,737 [grpc-default-executor-0] INFO  impl.RoleInfo (RoleInfo.java:shutdownFollowerState(121)) - 7b1e61a0-7daf-43dd-99d5-9b325c1d31ae: shutdown FollowerState
2019-10-20 17:40:13,737 [grpc-default-executor-0] INFO  impl.RoleInfo (RoleInfo.java:updateAndGet(143)) - 7b1e61a0-7daf-43dd-99d5-9b325c1d31ae: start FollowerState
2019-10-20 17:40:13,737 [Thread-1118] INFO  impl.FollowerState (FollowerState.java:run(117)) - 7b1e61a0-7daf-43dd-99d5-9b325c1d31ae@group-091950D56227-FollowerState was interrupted: java.lang.InterruptedException: sleep interrupted
2019-10-20 17:40:13,749 [8f18dce1-0a3d-4b65-9c78-af3d58b2da7f@group-091950D56227-LeaderElection153] INFO  impl.LeaderElection (LeaderElection.java:logAndReturn(56)) - 8f18dce1-0a3d-4b65-9c78-af3d58b2da7f@group-091950D56227-LeaderElection153: Election TIMEOUT; received 0 response(s) [] and 0 exception(s); 8f18dce1-0a3d-4b65-9c78-af3d58b2da7f@group-091950D56227:t183, leader=null, voted=8f18dce1-0a3d-4b65-9c78-af3d58b2da7f, raftlog=8f18dce1-0a3d-4b65-9c78-af3d58b2da7f@group-091950D56227-SegmentedRaftLog:OPENED:c-1,f-1,i0, conf=-1: [8a63e1ae-032e-4bed-9f20-125a11f65413:0.0.0.0:38685, 8f18dce1-0a3d-4b65-9c78-af3d58b2da7f:0.0.0.0:42489, 7b1e61a0-7daf-43dd-99d5-9b325c1d31ae:0.0.0.0:38412], old=null
2019-10-20 17:40:13,778 [8f18dce1-0a3d-4b65-9c78-af3d58b2da7f@group-091950D56227-LeaderElection153] INFO  impl.LeaderElection (LeaderElection.java:askForVotes(178)) - 8f18dce1-0a3d-4b65-9c78-af3d58b2da7f@group-091950D56227-LeaderElection153: begin an election at term 184 for -1: [8a63e1ae-032e-4bed-9f20-125a11f65413:0.0.0.0:38685, 8f18dce1-0a3d-4b65-9c78-af3d58b2da7f:0.0.0.0:42489, 7b1e61a0-7daf-43dd-99d5-9b325c1d31ae:0.0.0.0:38412], old=null
2019-10-20 17:40:13,780 [grpc-default-executor-1] INFO  impl.RaftServerImpl (RaftServerImpl.java:setRole(184)) - 8a63e1ae-032e-4bed-9f20-125a11f65413@group-091950D56227: changes role from  FOLLOWER to FOLLOWER at term 184 for recognizeCandidate:8f18dce1-0a3d-4b65-9c78-af3d58b2da7f
2019-10-20 17:40:13,780 [grpc-default-executor-0] INFO  impl.RaftServerImpl (RaftServerImpl.java:setRole(184)) - 7b1e61a0-7daf-43dd-99d5-9b325c1d31ae@group-091950D56227: changes role from  FOLLOWER to FOLLOWER at term 184 for recognizeCandidate:8f18dce1-0a3d-4b65-9c78-af3d58b2da7f
2019-10-20 17:40:13,780 [grpc-default-executor-1] INFO  impl.RoleInfo (RoleInfo.java:shutdownFollowerState(121)) - 8a63e1ae-032e-4bed-9f20-125a11f65413: shutdown FollowerState
2019-10-20 17:40:13,780 [grpc-default-executor-0] INFO  impl.RoleInfo (RoleInfo.java:shutdownFollowerState(121)) - 7b1e61a0-7daf-43dd-99d5-9b325c1d31ae: shutdown FollowerState
2019-10-20 17:40:13,780 [Thread-1123] INFO  impl.FollowerState (FollowerState.java:run(117)) - 8a63e1ae-032e-4bed-9f20-125a11f65413@group-091950D56227-FollowerState was interrupted: java.lang.InterruptedException: sleep interrupted
2019-10-20 17:40:13,780 [grpc-default-executor-1] INFO  impl.RoleInfo (RoleInfo.java:updateAndGet(143)) - 8a63e1ae-032e-4bed-9f20-125a11f65413: start FollowerState
2019-10-20 17:40:13,780 [grpc-default-executor-0] INFO  impl.RoleInfo (RoleInfo.java:updateAndGet(143)) - 7b1e61a0-7daf-43dd-99d5-9b325c1d31ae: start FollowerState
2019-10-20 17:40:13,780 [Thread-1124] INFO  impl.FollowerState (FollowerState.java:run(117)) - 7b1e61a0-7daf-43dd-99d5-9b325c1d31ae@group-091950D56227-FollowerState was interrupted: java.lang.InterruptedException: sleep interrupted
2019-10-20 17:40:13,804 [8f18dce1-0a3d-4b65-9c78-af3d58b2da7f@group-091950D56227-LeaderElection153] INFO  impl.LeaderElection (LeaderElection.java:logAndReturn(56)) - 8f18dce1-0a3d-4b65-9c78-af3d58b2da7f@group-091950D56227-LeaderElection153: Election REJECTED; received 2 response(s) [8f18dce1-0a3d-4b65-9c78-af3d58b2da7f<-8a63e1ae-032e-4bed-9f20-125a11f65413#0:FAIL-t184, 8f18dce1-0a3d-4b65-9c78-af3d58b2da7f<-7b1e61a0-7daf-43dd-99d5-9b325c1d31ae#0:FAIL-t184] and 0 exception(s); 8f18dce1-0a3d-4b65-9c78-af3d58b2da7f@group-091950D56227:t184, leader=null, voted=8f18dce1-0a3d-4b65-9c78-af3d58b2da7f, raftlog=8f18dce1-0a3d-4b65-9c78-af3d58b2da7f@group-091950D56227-SegmentedRaftLog:OPENED:c-1,f-1,i0, conf=-1: [8a63e1ae-032e-4bed-9f20-125a11f65413:0.0.0.0:38685, 8f18dce1-0a3d-4b65-9c78-af3d58b2da7f:0.0.0.0:42489, 7b1e61a0-7daf-43dd-99d5-9b325c1d31ae:0.0.0.0:38412], old=null
2019-10-20 17:40:13,805 [8f18dce1-0a3d-4b65-9c78-af3d58b2da7f@group-091950D56227-LeaderElection153] INFO  impl.RaftServerImpl (RaftServerImpl.java:setRole(184)) - 8f18dce1-0a3d-4b65-9c78-af3d58b2da7f@group-091950D56227: changes role from CANDIDATE to FOLLOWER at term 184 for DISCOVERED_A_NEW_TERM
2019-10-20 17:40:13,805 [8f18dce1-0a3d-4b65-9c78-af3d58b2da7f@group-091950D56227-LeaderElection153] INFO  impl.RoleInfo (RoleInfo.java:shutdownLeaderElection(134)) - 8f18dce1-0a3d-4b65-9c78-af3d58b2da7f: shutdown LeaderElection
2019-10-20 17:40:13,805 [8f18dce1-0a3d-4b65-9c78-af3d58b2da7f@group-091950D56227-LeaderElection153] INFO  impl.RoleInfo (RoleInfo.java:updateAndGet(143)) - 8f18dce1-0a3d-4b65-9c78-af3d58b2da7f: start FollowerState
2019-10-20 17:40:13,978 [Thread-1129] INFO  impl.FollowerState (FollowerState.java:run(108)) - 8f18dce1-0a3d-4b65-9c78-af3d58b2da7f@group-091950D56227-FollowerState: change to CANDIDATE, lastRpcTime:173ms, electionTimeout:173ms
2019-10-20 17:40:13,979 [Thread-1129] INFO  impl.RoleInfo (RoleInfo.java:shutdownFollowerState(121)) - 8f18dce1-0a3d-4b65-9c78-af3d58b2da7f: shutdown FollowerState
2019-10-20 17:40:13,979 [Thread-1129] INFO  impl.RaftServerImpl (RaftServerImpl.java:setRole(184)) - 8f18dce1-0a3d-4b65-9c78-af3d58b2da7f@group-091950D56227: changes role from  FOLLOWER to CANDIDATE at term 184 for changeToCandidate
2019-10-20 17:40:13,979 [Thread-1129] INFO  impl.RoleInfo (RoleInfo.java:updateAndGet(143)) - 8f18dce1-0a3d-4b65-9c78-af3d58b2da7f: start LeaderElection
2019-10-20 17:40:14,004 [8f18dce1-0a3d-4b65-9c78-af3d58b2da7f@group-091950D56227-LeaderElection154] INFO  impl.LeaderElection (LeaderElection.java:askForVotes(178)) - 8f18dce1-0a3d-4b65-9c78-af3d58b2da7f@group-091950D56227-LeaderElection154: begin an election at term 185 for -1: [8a63e1ae-032e-4bed-9f20-125a11f65413:0.0.0.0:38685, 8f18dce1-0a3d-4b65-9c78-af3d58b2da7f:0.0.0.0:42489, 7b1e61a0-7daf-43dd-99d5-9b325c1d31ae:0.0.0.0:38412], old=null
2019-10-20 17:40:14,006 [grpc-default-executor-1] INFO  impl.RaftServerImpl (RaftServerImpl.java:setRole(184)) - 7b1e61a0-7daf-43dd-99d5-9b325c1d31ae@group-091950D56227: changes role from  FOLLOWER to FOLLOWER at term 185 for recognizeCandidate:8f18dce1-0a3d-4b65-9c78-af3d58b2da7f
2019-10-20 17:40:14,006 [grpc-default-executor-1] INFO  impl.RoleInfo (RoleInfo.java:shutdownFollowerState(121)) - 7b1e61a0-7daf-43dd-99d5-9b325c1d31ae: shutdown FollowerState
2019-10-20 17:40:14,006 [grpc-default-executor-0] INFO  impl.RaftServerImpl (RaftServerImpl.java:setRole(184)) - 8a63e1ae-032e-4bed-9f20-125a11f65413@group-091950D56227: changes role from  FOLLOWER to FOLLOWER at term 185 for recognizeCandidate:8f18dce1-0a3d-4b65-9c78-af3d58b2da7f
2019-10-20 17:40:14,007 [Thread-1128] INFO  impl.FollowerState (FollowerState.java:run(117)) - 7b1e61a0-7daf-43dd-99d5-9b325c1d31ae@group-091950D56227-FollowerState was interrupted: java.lang.InterruptedException: sleep interrupted
2019-10-20 17:40:14,006 [grpc-default-executor-1] INFO  impl.RoleInfo (RoleInfo.java:updateAndGet(143)) - 7b1e61a0-7daf-43dd-99d5-9b325c1d31ae: start FollowerState
2019-10-20 17:40:14,007 [grpc-default-executor-0] INFO  impl.RoleInfo (RoleInfo.java:shutdownFollowerState(121)) - 8a63e1ae-032e-4bed-9f20-125a11f65413: shutdown FollowerState
2019-10-20 17:40:14,007 [grpc-default-executor-0] INFO  impl.RoleInfo (RoleInfo.java:updateAndGet(143)) - 8a63e1ae-032e-4bed-9f20-125a11f65413: start FollowerState
2019-10-20 17:40:14,007 [Thread-1127] INFO  impl.FollowerState (FollowerState.java:run(117)) - 8a63e1ae-032e-4bed-9f20-125a11f65413@group-091950D56227-FollowerState was interrupted: java.lang.InterruptedException: sleep interrupted
2019-10-20 17:40:14,030 [8f18dce1-0a3d-4b65-9c78-af3d58b2da7f@group-091950D56227-LeaderElection154] INFO  impl.LeaderElection (LeaderElection.java:logAndReturn(56)) - 8f18dce1-0a3d-4b65-9c78-af3d58b2da7f@group-091950D56227-LeaderElection154: Election REJECTED; received 2 response(s) [8f18dce1-0a3d-4b65-9c78-af3d58b2da7f<-8a63e1ae-032e-4bed-9f20-125a11f65413#0:FAIL-t185, 8f18dce1-0a3d-4b65-9c78-af3d58b2da7f<-7b1e61a0-7daf-43dd-99d5-9b325c1d31ae#0:FAIL-t185] and 0 exception(s); 8f18dce1-0a3d-4b65-9c78-af3d58b2da7f@group-091950D56227:t185, leader=null, voted=8f18dce1-0a3d-4b65-9c78-af3d58b2da7f, raftlog=8f18dce1-0a3d-4b65-9c78-af3d58b2da7f@group-091950D56227-SegmentedRaftLog:OPENED:c-1,f-1,i0, conf=-1: [8a63e1ae-032e-4bed-9f20-125a11f65413:0.0.0.0:38685, 8f18dce1-0a3d-4b65-9c78-af3d58b2da7f:0.0.0.0:42489, 7b1e61a0-7daf-43dd-99d5-9b325c1d31ae:0.0.0.0:38412], old=null
2019-10-20 17:40:14,030 [8f18dce1-0a3d-4b65-9c78-af3d58b2da7f@group-091950D56227-LeaderElection154] INFO  impl.RaftServerImpl (RaftServerImpl.java:setRole(184)) - 8f18dce1-0a3d-4b65-9c78-af3d58b2da7f@group-091950D56227: changes role from CANDIDATE to FOLLOWER at term 185 for DISCOVERED_A_NEW_TERM
2019-10-20 17:40:14,030 [8f18dce1-0a3d-4b65-9c78-af3d58b2da7f@group-091950D56227-LeaderElection154] INFO  impl.RoleInfo (RoleInfo.java:shutdownLeaderElection(134)) - 8f18dce1-0a3d-4b65-9c78-af3d58b2da7f: shutdown LeaderElection
2019-10-20 17:40:14,031 [8f18dce1-0a3d-4b65-9c78-af3d58b2da7f@group-091950D56227-LeaderElection154] INFO  impl.RoleInfo (RoleInfo.java:updateAndGet(143)) - 8f18dce1-0a3d-4b65-9c78-af3d58b2da7f: start FollowerState
2019-10-20 17:40:14,091 [Thread-1135] INFO  impl.FollowerState (FollowerState.java:run(108)) - 8f18dce1-0a3d-4b65-9c78-af3d58b2da7f@group-091950D56227-FollowerState: change to CANDIDATE, lastRpcTime:60ms, electionTimeout:60ms
2019-10-20 17:40:14,091 [Thread-1135] INFO  impl.RoleInfo (RoleInfo.java:shutdownFollowerState(121)) - 8f18dce1-0a3d-4b65-9c78-af3d58b2da7f: shutdown FollowerState
2019-10-20 17:40:14,091 [Thread-1135] INFO  impl.RaftServerImpl (RaftServerImpl.java:setRole(184)) - 8f18dce1-0a3d-4b65-9c78-af3d58b2da7f@group-091950D56227: changes role from  FOLLOWER to CANDIDATE at term 185 for changeToCandidate
2019-10-20 17:40:14,092 [Thread-1135] INFO  impl.RoleInfo (RoleInfo.java:updateAndGet(143)) - 8f18dce1-0a3d-4b65-9c78-af3d58b2da7f: start LeaderElection
2019-10-20 17:40:14,113 [8f18dce1-0a3d-4b65-9c78-af3d58b2da7f@group-091950D56227-LeaderElection155] INFO  impl.LeaderElection (LeaderElection.java:askForVotes(178)) - 8f18dce1-0a3d-4b65-9c78-af3d58b2da7f@group-091950D56227-LeaderElection155: begin an election at term 186 for -1: [8a63e1ae-032e-4bed-9f20-125a11f65413:0.0.0.0:38685, 8f18dce1-0a3d-4b65-9c78-af3d58b2da7f:0.0.0.0:42489, 7b1e61a0-7daf-43dd-99d5-9b325c1d31ae:0.0.0.0:38412], old=null
2019-10-20 17:40:14,117 [grpc-default-executor-0] INFO  impl.RaftServerImpl (RaftServerImpl.java:setRole(184)) - 8a63e1ae-032e-4bed-9f20-125a11f65413@group-091950D56227: changes role from  FOLLOWER to FOLLOWER at term 186 for recognizeCandidate:8f18dce1-0a3d-4b65-9c78-af3d58b2da7f
2019-10-20 17:40:14,118 [grpc-default-executor-1] INFO  impl.RaftServerImpl (RaftServerImpl.java:setRole(184)) - 7b1e61a0-7daf-43dd-99d5-9b325c1d31ae@group-091950D56227: changes role from  FOLLOWER to FOLLOWER at term 186 for recognizeCandidate:8f18dce1-0a3d-4b65-9c78-af3d58b2da7f
2019-10-20 17:40:14,118 [grpc-default-executor-0] INFO  impl.RoleInfo (RoleInfo.java:shutdownFollowerState(121)) - 8a63e1ae-032e-4bed-9f20-125a11f65413: shutdown FollowerState
2019-10-20 17:40:14,118 [grpc-default-executor-1] INFO  impl.RoleInfo (RoleInfo.java:shutdownFollowerState(121)) - 7b1e61a0-7daf-43dd-99d5-9b325c1d31ae: shutdown FollowerState
2019-10-20 17:40:14,118 [Thread-1134] INFO  impl.FollowerState (FollowerState.java:run(117)) - 8a63e1ae-032e-4bed-9f20-125a11f65413@group-091950D56227-FollowerState was interrupted: java.lang.InterruptedException: sleep interrupted
2019-10-20 17:40:14,118 [grpc-default-executor-0] INFO  impl.RoleInfo (RoleInfo.java:updateAndGet(143)) - 8a63e1ae-032e-4bed-9f20-125a11f65413: start FollowerState
2019-10-20 17:40:14,118 [Thread-1133] INFO  impl.FollowerState (FollowerState.java:run(117)) - 7b1e61a0-7daf-43dd-99d5-9b325c1d31ae@group-091950D56227-FollowerState was interrupted: java.lang.InterruptedException: sleep interrupted
2019-10-20 17:40:14,118 [grpc-default-executor-1] INFO  impl.RoleInfo (RoleInfo.java:updateAndGet(143)) - 7b1e61a0-7daf-43dd-99d5-9b325c1d31ae: start FollowerState
2019-10-20 17:40:14,148 [8f18dce1-0a3d-4b65-9c78-af3d58b2da7f@group-091950D56227-LeaderElection155] INFO  impl.LeaderElection (LeaderElection.java:logAndReturn(56)) - 8f18dce1-0a3d-4b65-9c78-af3d58b2da7f@group-091950D56227-LeaderElection155: Election REJECTED; received 2 response(s) [8f18dce1-0a3d-4b65-9c78-af3d58b2da7f<-8a63e1ae-032e-4bed-9f20-125a11f65413#0:FAIL-t186, 8f18dce1-0a3d-4b65-9c78-af3d58b2da7f<-7b1e61a0-7daf-43dd-99d5-9b325c1d31ae#0:FAIL-t186] and 0 exception(s); 8f18dce1-0a3d-4b65-9c78-af3d58b2da7f@group-091950D56227:t186, leader=null, voted=8f18dce1-0a3d-4b65-9c78-af3d58b2da7f, raftlog=8f18dce1-0a3d-4b65-9c78-af3d58b2da7f@group-091950D56227-SegmentedRaftLog:OPENED:c-1,f-1,i0, conf=-1: [8a63e1ae-032e-4bed-9f20-125a11f65413:0.0.0.0:38685, 8f18dce1-0a3d-4b65-9c78-af3d58b2da7f:0.0.0.0:42489, 7b1e61a0-7daf-43dd-99d5-9b325c1d31ae:0.0.0.0:38412], old=null
2019-10-20 17:40:14,148 [8f18dce1-0a3d-4b65-9c78-af3d58b2da7f@group-091950D56227-LeaderElection155] INFO  impl.RaftServerImpl (RaftServerImpl.java:setRole(184)) - 8f18dce1-0a3d-4b65-9c78-af3d58b2da7f@group-091950D56227: changes role from CANDIDATE to FOLLOWER at term 186 for DISCOVERED_A_NEW_TERM
2019-10-20 17:40:14,148 [8f18dce1-0a3d-4b65-9c78-af3d58b2da7f@group-091950D56227-LeaderElection155] INFO  impl.RoleInfo (RoleInfo.java:shutdownLeaderElection(134)) - 8f18dce1-0a3d-4b65-9c78-af3d58b2da7f: shutdown LeaderElection
2019-10-20 17:40:14,148 [8f18dce1-0a3d-4b65-9c78-af3d58b2da7f@group-091950D56227-LeaderElection155] INFO  impl.RoleInfo (RoleInfo.java:updateAndGet(143)) - 8f18dce1-0a3d-4b65-9c78-af3d58b2da7f: start FollowerState
2019-10-20 17:40:14,282 [Thread-1143] INFO  impl.FollowerState (FollowerState.java:run(108)) - 8f18dce1-0a3d-4b65-9c78-af3d58b2da7f@group-091950D56227-FollowerState: change to CANDIDATE, lastRpcTime:134ms, electionTimeout:134ms
2019-10-20 17:40:14,282 [Thread-1143] INFO  impl.RoleInfo (RoleInfo.java:shutdownFollowerState(121)) - 8f18dce1-0a3d-4b65-9c78-af3d58b2da7f: shutdown FollowerState
2019-10-20 17:40:14,283 [Thread-1143] INFO  impl.RaftServerImpl (RaftServerImpl.java:setRole(184)) - 8f18dce1-0a3d-4b65-9c78-af3d58b2da7f@group-091950D56227: changes role from  FOLLOWER to CANDIDATE at term 186 for changeToCandidate
2019-10-20 17:40:14,283 [Thread-1143] INFO  impl.RoleInfo (RoleInfo.java:updateAndGet(143)) - 8f18dce1-0a3d-4b65-9c78-af3d58b2da7f: start LeaderElection
2019-10-20 17:40:14,306 [8f18dce1-0a3d-4b65-9c78-af3d58b2da7f@group-091950D56227-LeaderElection156] INFO  impl.LeaderElection (LeaderElection.java:askForVotes(178)) - 8f18dce1-0a3d-4b65-9c78-af3d58b2da7f@group-091950D56227-LeaderElection156: begin an election at term 187 for -1: [8a63e1ae-032e-4bed-9f20-125a11f65413:0.0.0.0:38685, 8f18dce1-0a3d-4b65-9c78-af3d58b2da7f:0.0.0.0:42489, 7b1e61a0-7daf-43dd-99d5-9b325c1d31ae:0.0.0.0:38412], old=null
2019-10-20 17:40:14,308 [grpc-default-executor-0] INFO  impl.RaftServerImpl (RaftServerImpl.java:setRole(184)) - 7b1e61a0-7daf-43dd-99d5-9b325c1d31ae@group-091950D56227: changes role from  FOLLOWER to FOLLOWER at term 187 for recognizeCandidate:8f18dce1-0a3d-4b65-9c78-af3d58b2da7f
2019-10-20 17:40:14,308 [grpc-default-executor-1] INFO  impl.RaftServerImpl (RaftServerImpl.java:setRole(184)) - 8a63e1ae-032e-4bed-9f20-125a11f65413@group-091950D56227: changes role from  FOLLOWER to FOLLOWER at term 187 for recognizeCandidate:8f18dce1-0a3d-4b65-9c78-af3d58b2da7f
2019-10-20 17:40:14,308 [grpc-default-executor-0] INFO  impl.RoleInfo (RoleInfo.java:shutdownFollowerState(121)) - 7b1e61a0-7daf-43dd-99d5-9b325c1d31ae: shutdown FollowerState
2019-10-20 17:40:14,308 [grpc-default-executor-1] INFO  impl.RoleInfo (RoleInfo.java:shutdownFollowerState(121)) - 8a63e1ae-032e-4bed-9f20-125a11f65413: shutdown FollowerState
2019-10-20 17:40:14,308 [Thread-1142] INFO  impl.FollowerState (FollowerState.java:run(117)) - 7b1e61a0-7daf-43dd-99d5-9b325c1d31ae@group-091950D56227-FollowerState was interrupted: java.lang.InterruptedException: sleep interrupted
2019-10-20 17:40:14,308 [grpc-default-executor-0] INFO  impl.RoleInfo (RoleInfo.java:updateAndGet(143)) - 7b1e61a0-7daf-43dd-99d5-9b325c1d31ae: start FollowerState
2019-10-20 17:40:14,308 [Thread-1141] INFO  impl.FollowerState (FollowerState.java:run(117)) - 8a63e1ae-032e-4bed-9f20-125a11f65413@group-091950D56227-FollowerState was interrupted: java.lang.InterruptedException: sleep interrupted
2019-10-20 17:40:14,308 [grpc-default-executor-1] INFO  impl.RoleInfo (RoleInfo.java:updateAndGet(143)) - 8a63e1ae-032e-4bed-9f20-125a11f65413: start FollowerState
2019-10-20 17:40:14,332 [8f18dce1-0a3d-4b65-9c78-af3d58b2da7f@group-091950D56227-LeaderElection156] INFO  impl.LeaderElection (LeaderElection.java:logAndReturn(56)) - 8f18dce1-0a3d-4b65-9c78-af3d58b2da7f@group-091950D56227-LeaderElection156: Election REJECTED; received 2 response(s) [8f18dce1-0a3d-4b65-9c78-af3d58b2da7f<-8a63e1ae-032e-4bed-9f20-125a11f65413#0:FAIL-t187, 8f18dce1-0a3d-4b65-9c78-af3d58b2da7f<-7b1e61a0-7daf-43dd-99d5-9b325c1d31ae#0:FAIL-t187] and 0 exception(s); 8f18dce1-0a3d-4b65-9c78-af3d58b2da7f@group-091950D56227:t187, leader=null, voted=8f18dce1-0a3d-4b65-9c78-af3d58b2da7f, raftlog=8f18dce1-0a3d-4b65-9c78-af3d58b2da7f@group-091950D56227-SegmentedRaftLog:OPENED:c-1,f-1,i0, conf=-1: [8a63e1ae-032e-4bed-9f20-125a11f65413:0.0.0.0:38685, 8f18dce1-0a3d-4b65-9c78-af3d58b2da7f:0.0.0.0:42489, 7b1e61a0-7daf-43dd-99d5-9b325c1d31ae:0.0.0.0:38412], old=null
2019-10-20 17:40:14,332 [8f18dce1-0a3d-4b65-9c78-af3d58b2da7f@group-091950D56227-LeaderElection156] INFO  impl.RaftServerImpl (RaftServerImpl.java:setRole(184)) - 8f18dce1-0a3d-4b65-9c78-af3d58b2da7f@group-091950D56227: changes role from CANDIDATE to FOLLOWER at term 187 for DISCOVERED_A_NEW_TERM
2019-10-20 17:40:14,332 [8f18dce1-0a3d-4b65-9c78-af3d58b2da7f@group-091950D56227-LeaderElection156] INFO  impl.RoleInfo (RoleInfo.java:shutdownLeaderElection(134)) - 8f18dce1-0a3d-4b65-9c78-af3d58b2da7f: shutdown LeaderElection
2019-10-20 17:40:14,333 [8f18dce1-0a3d-4b65-9c78-af3d58b2da7f@group-091950D56227-LeaderElection156] INFO  impl.RoleInfo (RoleInfo.java:updateAndGet(143)) - 8f18dce1-0a3d-4b65-9c78-af3d58b2da7f: start FollowerState
2019-10-20 17:40:14,421 [Thread-1149] INFO  impl.FollowerState (FollowerState.java:run(108)) - 8f18dce1-0a3d-4b65-9c78-af3d58b2da7f@group-091950D56227-FollowerState: change to CANDIDATE, lastRpcTime:88ms, electionTimeout:88ms
2019-10-20 17:40:14,421 [Thread-1149] INFO  impl.RoleInfo (RoleInfo.java:shutdownFollowerState(121)) - 8f18dce1-0a3d-4b65-9c78-af3d58b2da7f: shutdown FollowerState
2019-10-20 17:40:14,421 [Thread-1149] INFO  impl.RaftServerImpl (RaftServerImpl.java:setRole(184)) - 8f18dce1-0a3d-4b65-9c78-af3d58b2da7f@group-091950D56227: changes role from  FOLLOWER to CANDIDATE at term 187 for changeToCandidate
2019-10-20 17:40:14,421 [Thread-1149] INFO  impl.RoleInfo (RoleInfo.java:updateAndGet(143)) - 8f18dce1-0a3d-4b65-9c78-af3d58b2da7f: start LeaderElection
2019-10-20 17:40:14,448 [8f18dce1-0a3d-4b65-9c78-af3d58b2da7f@group-091950D56227-LeaderElection157] INFO  impl.LeaderElection (LeaderElection.java:askForVotes(178)) - 8f18dce1-0a3d-4b65-9c78-af3d58b2da7f@group-091950D56227-LeaderElection157: begin an election at term 188 for -1: [8a63e1ae-032e-4bed-9f20-125a11f65413:0.0.0.0:38685, 8f18dce1-0a3d-4b65-9c78-af3d58b2da7f:0.0.0.0:42489, 7b1e61a0-7daf-43dd-99d5-9b325c1d31ae:0.0.0.0:38412], old=null
2019-10-20 17:40:14,450 [grpc-default-executor-1] INFO  impl.RaftServerImpl (RaftServerImpl.java:setRole(184)) - 7b1e61a0-7daf-43dd-99d5-9b325c1d31ae@group-091950D56227: changes role from  FOLLOWER to FOLLOWER at term 188 for recognizeCandidate:8f18dce1-0a3d-4b65-9c78-af3d58b2da7f
2019-10-20 17:40:14,450 [grpc-default-executor-0] INFO  impl.RaftServerImpl (RaftServerImpl.java:setRole(184)) - 8a63e1ae-032e-4bed-9f20-125a11f65413@group-091950D56227: changes role from  FOLLOWER to FOLLOWER at term 188 for recognizeCandidate:8f18dce1-0a3d-4b65-9c78-af3d58b2da7f
2019-10-20 17:40:14,450 [grpc-default-executor-1] INFO  impl.RoleInfo (RoleInfo.java:shutdownFollowerState(121)) - 7b1e61a0-7daf-43dd-99d5-9b325c1d31ae: shutdown FollowerState
2019-10-20 17:40:14,451 [grpc-default-executor-0] INFO  impl.RoleInfo (RoleInfo.java:shutdownFollowerState(121)) - 8a63e1ae-032e-4bed-9f20-125a11f65413: shutdown FollowerState
2019-10-20 17:40:14,451 [Thread-1147] INFO  impl.FollowerState (FollowerState.java:run(117)) - 7b1e61a0-7daf-43dd-99d5-9b325c1d31ae@group-091950D56227-FollowerState was interrupted: java.lang.InterruptedException: sleep interrupted
2019-10-20 17:40:14,451 [Thread-1148] INFO  impl.FollowerState (FollowerState.java:run(117)) - 8a63e1ae-032e-4bed-9f20-125a11f65413@group-091950D56227-FollowerState was interrupted: java.lang.InterruptedException: sleep interrupted
2019-10-20 17:40:14,451 [grpc-default-executor-1] INFO  impl.RoleInfo (RoleInfo.java:updateAndGet(143)) - 7b1e61a0-7daf-43dd-99d5-9b325c1d31ae: start FollowerState
2019-10-20 17:40:14,451 [grpc-default-executor-0] INFO  impl.RoleInfo (RoleInfo.java:updateAndGet(143)) - 8a63e1ae-032e-4bed-9f20-125a11f65413: start FollowerState
2019-10-20 17:40:14,457 [8f18dce1-0a3d-4b65-9c78-af3d58b2da7f@group-091950D56227-LeaderElection157] INFO  impl.LeaderElection (LeaderElection.java:logAndReturn(56)) - 8f18dce1-0a3d-4b65-9c78-af3d58b2da7f@group-091950D56227-LeaderElection157: Election TIMEOUT; received 0 response(s) [] and 0 exception(s); 8f18dce1-0a3d-4b65-9c78-af3d58b2da7f@group-091950D56227:t188, leader=null, voted=8f18dce1-0a3d-4b65-9c78-af3d58b2da7f, raftlog=8f18dce1-0a3d-4b65-9c78-af3d58b2da7f@group-091950D56227-SegmentedRaftLog:OPENED:c-1,f-1,i0, conf=-1: [8a63e1ae-032e-4bed-9f20-125a11f65413:0.0.0.0:38685, 8f18dce1-0a3d-4b65-9c78-af3d58b2da7f:0.0.0.0:42489, 7b1e61a0-7daf-43dd-99d5-9b325c1d31ae:0.0.0.0:38412], old=null
2019-10-20 17:40:14,474 [8f18dce1-0a3d-4b65-9c78-af3d58b2da7f@group-091950D56227-LeaderElection157] INFO  impl.LeaderElection (LeaderElection.java:askForVotes(178)) - 8f18dce1-0a3d-4b65-9c78-af3d58b2da7f@group-091950D56227-LeaderElection157: begin an election at term 189 for -1: [8a63e1ae-032e-4bed-9f20-125a11f65413:0.0.0.0:38685, 8f18dce1-0a3d-4b65-9c78-af3d58b2da7f:0.0.0.0:42489, 7b1e61a0-7daf-43dd-99d5-9b325c1d31ae:0.0.0.0:38412], old=null
2019-10-20 17:40:14,475 [grpc-default-executor-0] INFO  impl.RaftServerImpl (RaftServerImpl.java:setRole(184)) - 8a63e1ae-032e-4bed-9f20-125a11f65413@group-091950D56227: changes role from  FOLLOWER to FOLLOWER at term 189 for recognizeCandidate:8f18dce1-0a3d-4b65-9c78-af3d58b2da7f
2019-10-20 17:40:14,475 [grpc-default-executor-1] INFO  impl.RaftServerImpl (RaftServerImpl.java:setRole(184)) - 7b1e61a0-7daf-43dd-99d5-9b325c1d31ae@group-091950D56227: changes role from  FOLLOWER to FOLLOWER at term 189 for recognizeCandidate:8f18dce1-0a3d-4b65-9c78-af3d58b2da7f
2019-10-20 17:40:14,475 [grpc-default-executor-0] INFO  impl.RoleInfo (RoleInfo.java:shutdownFollowerState(121)) - 8a63e1ae-032e-4bed-9f20-125a11f65413: shutdown FollowerState
2019-10-20 17:40:14,476 [grpc-default-executor-1] INFO  impl.RoleInfo (RoleInfo.java:shutdownFollowerState(121)) - 7b1e61a0-7daf-43dd-99d5-9b325c1d31ae: shutdown FollowerState
2019-10-20 17:40:14,476 [Thread-1154] INFO  impl.FollowerState (FollowerState.java:run(117)) - 8a63e1ae-032e-4bed-9f20-125a11f65413@group-091950D56227-FollowerState was interrupted: java.lang.InterruptedException: sleep interrupted
2019-10-20 17:40:14,476 [grpc-default-executor-0] INFO  impl.RoleInfo (RoleInfo.java:updateAndGet(143)) - 8a63e1ae-032e-4bed-9f20-125a11f65413: start FollowerState
2019-10-20 17:40:14,476 [Thread-1153] INFO  impl.FollowerState (FollowerState.java:run(117)) - 7b1e61a0-7daf-43dd-99d5-9b325c1d31ae@group-091950D56227-FollowerState was interrupted: java.lang.InterruptedException: sleep interrupted
2019-10-20 17:40:14,476 [grpc-default-executor-1] INFO  impl.RoleInfo (RoleInfo.java:updateAndGet(143)) - 7b1e61a0-7daf-43dd-99d5-9b325c1d31ae: start FollowerState
2019-10-20 17:40:14,500 [8f18dce1-0a3d-4b65-9c78-af3d58b2da7f@group-091950D56227-LeaderElection157] INFO  impl.LeaderElection (LeaderElection.java:logAndReturn(56)) - 8f18dce1-0a3d-4b65-9c78-af3d58b2da7f@group-091950D56227-LeaderElection157: Election REJECTED; received 2 response(s) [8f18dce1-0a3d-4b65-9c78-af3d58b2da7f<-8a63e1ae-032e-4bed-9f20-125a11f65413#0:FAIL-t189, 8f18dce1-0a3d-4b65-9c78-af3d58b2da7f<-7b1e61a0-7daf-43dd-99d5-9b325c1d31ae#0:FAIL-t189] and 0 exception(s); 8f18dce1-0a3d-4b65-9c78-af3d58b2da7f@group-091950D56227:t189, leader=null, voted=8f18dce1-0a3d-4b65-9c78-af3d58b2da7f, raftlog=8f18dce1-0a3d-4b65-9c78-af3d58b2da7f@group-091950D56227-SegmentedRaftLog:OPENED:c-1,f-1,i0, conf=-1: [8a63e1ae-032e-4bed-9f20-125a11f65413:0.0.0.0:38685, 8f18dce1-0a3d-4b65-9c78-af3d58b2da7f:0.0.0.0:42489, 7b1e61a0-7daf-43dd-99d5-9b325c1d31ae:0.0.0.0:38412], old=null
2019-10-20 17:40:14,500 [8f18dce1-0a3d-4b65-9c78-af3d58b2da7f@group-091950D56227-LeaderElection157] INFO  impl.RaftServerImpl (RaftServerImpl.java:setRole(184)) - 8f18dce1-0a3d-4b65-9c78-af3d58b2da7f@group-091950D56227: changes role from CANDIDATE to FOLLOWER at term 189 for DISCOVERED_A_NEW_TERM
2019-10-20 17:40:14,500 [8f18dce1-0a3d-4b65-9c78-af3d58b2da7f@group-091950D56227-LeaderElection157] INFO  impl.RoleInfo (RoleInfo.java:shutdownLeaderElection(134)) - 8f18dce1-0a3d-4b65-9c78-af3d58b2da7f: shutdown LeaderElection
2019-10-20 17:40:14,501 [8f18dce1-0a3d-4b65-9c78-af3d58b2da7f@group-091950D56227-LeaderElection157] INFO  impl.RoleInfo (RoleInfo.java:updateAndGet(143)) - 8f18dce1-0a3d-4b65-9c78-af3d58b2da7f: start FollowerState
2019-10-20 17:40:14,679 [Thread-1159] INFO  impl.FollowerState (FollowerState.java:run(108)) - 8f18dce1-0a3d-4b65-9c78-af3d58b2da7f@group-091950D56227-FollowerState: change to CANDIDATE, lastRpcTime:178ms, electionTimeout:178ms
2019-10-20 17:40:14,679 [Thread-1159] INFO  impl.RoleInfo (RoleInfo.java:shutdownFollowerState(121)) - 8f18dce1-0a3d-4b65-9c78-af3d58b2da7f: shutdown FollowerState
2019-10-20 17:40:14,679 [Thread-1159] INFO  impl.RaftServerImpl (RaftServerImpl.java:setRole(184)) - 8f18dce1-0a3d-4b65-9c78-af3d58b2da7f@group-091950D56227: changes role from  FOLLOWER to CANDIDATE at term 189 for changeToCandidate
2019-10-20 17:40:14,679 [Thread-1159] INFO  impl.RoleInfo (RoleInfo.java:updateAndGet(143)) - 8f18dce1-0a3d-4b65-9c78-af3d58b2da7f: start LeaderElection
2019-10-20 17:40:14,708 [8f18dce1-0a3d-4b65-9c78-af3d58b2da7f@group-091950D56227-LeaderElection158] INFO  impl.LeaderElection (LeaderElection.java:askForVotes(178)) - 8f18dce1-0a3d-4b65-9c78-af3d58b2da7f@group-091950D56227-LeaderElection158: begin an election at term 190 for -1: [8a63e1ae-032e-4bed-9f20-125a11f65413:0.0.0.0:38685, 8f18dce1-0a3d-4b65-9c78-af3d58b2da7f:0.0.0.0:42489, 7b1e61a0-7daf-43dd-99d5-9b325c1d31ae:0.0.0.0:38412], old=null
2019-10-20 17:40:14,710 [grpc-default-executor-0] INFO  impl.RaftServerImpl (RaftServerImpl.java:setRole(184)) - 8a63e1ae-032e-4bed-9f20-125a11f65413@group-091950D56227: changes role from  FOLLOWER to FOLLOWER at term 190 for recognizeCandidate:8f18dce1-0a3d-4b65-9c78-af3d58b2da7f
2019-10-20 17:40:14,710 [grpc-default-executor-1] INFO  impl.RaftServerImpl (RaftServerImpl.java:setRole(184)) - 7b1e61a0-7daf-43dd-99d5-9b325c1d31ae@group-091950D56227: changes role from  FOLLOWER to FOLLOWER at term 190 for recognizeCandidate:8f18dce1-0a3d-4b65-9c78-af3d58b2da7f
2019-10-20 17:40:14,710 [grpc-default-executor-0] INFO  impl.RoleInfo (RoleInfo.java:shutdownFollowerState(121)) - 8a63e1ae-032e-4bed-9f20-125a11f65413: shutdown FollowerState
2019-10-20 17:40:14,711 [grpc-default-executor-1] INFO  impl.RoleInfo (RoleInfo.java:shutdownFollowerState(121)) - 7b1e61a0-7daf-43dd-99d5-9b325c1d31ae: shutdown FollowerState
2019-10-20 17:40:14,711 [grpc-default-executor-0] INFO  impl.RoleInfo (RoleInfo.java:updateAndGet(143)) - 8a63e1ae-032e-4bed-9f20-125a11f65413: start FollowerState
2019-10-20 17:40:14,711 [Thread-1157] INFO  impl.FollowerState (FollowerState.java:run(117)) - 8a63e1ae-032e-4bed-9f20-125a11f65413@group-091950D56227-FollowerState was interrupted: java.lang.InterruptedException: sleep interrupted
2019-10-20 17:40:14,711 [Thread-1158] INFO  impl.FollowerState (FollowerState.java:run(117)) - 7b1e61a0-7daf-43dd-99d5-9b325c1d31ae@group-091950D56227-FollowerState was interrupted: java.lang.InterruptedException: sleep interrupted
2019-10-20 17:40:14,711 [grpc-default-executor-1] INFO  impl.RoleInfo (RoleInfo.java:updateAndGet(143)) - 7b1e61a0-7daf-43dd-99d5-9b325c1d31ae: start FollowerState
2019-10-20 17:40:14,735 [8f18dce1-0a3d-4b65-9c78-af3d58b2da7f@group-091950D56227-LeaderElection158] INFO  impl.LeaderElection (LeaderElection.java:logAndReturn(56)) - 8f18dce1-0a3d-4b65-9c78-af3d58b2da7f@group-091950D56227-LeaderElection158: Election REJECTED; received 2 response(s) [8f18dce1-0a3d-4b65-9c78-af3d58b2da7f<-8a63e1ae-032e-4bed-9f20-125a11f65413#0:FAIL-t190, 8f18dce1-0a3d-4b65-9c78-af3d58b2da7f<-7b1e61a0-7daf-43dd-99d5-9b325c1d31ae#0:FAIL-t190] and 0 exception(s); 8f18dce1-0a3d-4b65-9c78-af3d58b2da7f@group-091950D56227:t190, leader=null, voted=8f18dce1-0a3d-4b65-9c78-af3d58b2da7f, raftlog=8f18dce1-0a3d-4b65-9c78-af3d58b2da7f@group-091950D56227-SegmentedRaftLog:OPENED:c-1,f-1,i0, conf=-1: [8a63e1ae-032e-4bed-9f20-125a11f65413:0.0.0.0:38685, 8f18dce1-0a3d-4b65-9c78-af3d58b2da7f:0.0.0.0:42489, 7b1e61a0-7daf-43dd-99d5-9b325c1d31ae:0.0.0.0:38412], old=null
2019-10-20 17:40:14,735 [8f18dce1-0a3d-4b65-9c78-af3d58b2da7f@group-091950D56227-LeaderElection158] INFO  impl.RaftServerImpl (RaftServerImpl.java:setRole(184)) - 8f18dce1-0a3d-4b65-9c78-af3d58b2da7f@group-091950D56227: changes role from CANDIDATE to FOLLOWER at term 190 for DISCOVERED_A_NEW_TERM
2019-10-20 17:40:14,735 [8f18dce1-0a3d-4b65-9c78-af3d58b2da7f@group-091950D56227-LeaderElection158] INFO  impl.RoleInfo (RoleInfo.java:shutdownLeaderElection(134)) - 8f18dce1-0a3d-4b65-9c78-af3d58b2da7f: shutdown LeaderElection
2019-10-20 17:40:14,735 [8f18dce1-0a3d-4b65-9c78-af3d58b2da7f@group-091950D56227-LeaderElection158] INFO  impl.RoleInfo (RoleInfo.java:updateAndGet(143)) - 8f18dce1-0a3d-4b65-9c78-af3d58b2da7f: start FollowerState
2019-10-20 17:40:14,884 [Thread-1165] INFO  impl.FollowerState (FollowerState.java:run(108)) - 8f18dce1-0a3d-4b65-9c78-af3d58b2da7f@group-091950D56227-FollowerState: change to CANDIDATE, lastRpcTime:148ms, electionTimeout:148ms
2019-10-20 17:40:14,884 [Thread-1165] INFO  impl.RoleInfo (RoleInfo.java:shutdownFollowerState(121)) - 8f18dce1-0a3d-4b65-9c78-af3d58b2da7f: shutdown FollowerState
2019-10-20 17:40:14,884 [Thread-1165] INFO  impl.RaftServerImpl (RaftServerImpl.java:setRole(184)) - 8f18dce1-0a3d-4b65-9c78-af3d58b2da7f@group-091950D56227: changes role from  FOLLOWER to CANDIDATE at term 190 for changeToCandidate
2019-10-20 17:40:14,884 [Thread-1165] INFO  impl.RoleInfo (RoleInfo.java:updateAndGet(143)) - 8f18dce1-0a3d-4b65-9c78-af3d58b2da7f: start LeaderElection
2019-10-20 17:40:14,909 [8f18dce1-0a3d-4b65-9c78-af3d58b2da7f@group-091950D56227-LeaderElection159] INFO  impl.LeaderElection (LeaderElection.java:askForVotes(178)) - 8f18dce1-0a3d-4b65-9c78-af3d58b2da7f@group-091950D56227-LeaderElection159: begin an election at term 191 for -1: [8a63e1ae-032e-4bed-9f20-125a11f65413:0.0.0.0:38685, 8f18dce1-0a3d-4b65-9c78-af3d58b2da7f:0.0.0.0:42489, 7b1e61a0-7daf-43dd-99d5-9b325c1d31ae:0.0.0.0:38412], old=null
2019-10-20 17:40:14,911 [grpc-default-executor-1] INFO  impl.RaftServerImpl (RaftServerImpl.java:setRole(184)) - 8a63e1ae-032e-4bed-9f20-125a11f65413@group-091950D56227: changes role from  FOLLOWER to FOLLOWER at term 191 for recognizeCandidate:8f18dce1-0a3d-4b65-9c78-af3d58b2da7f
2019-10-20 17:40:14,912 [grpc-default-executor-1] INFO  impl.RoleInfo (RoleInfo.java:shutdownFollowerState(121)) - 8a63e1ae-032e-4bed-9f20-125a11f65413: shutdown FollowerState
2019-10-20 17:40:14,912 [grpc-default-executor-0] INFO  impl.RaftServerImpl (RaftServerImpl.java:setRole(184)) - 7b1e61a0-7daf-43dd-99d5-9b325c1d31ae@group-091950D56227: changes role from  FOLLOWER to FOLLOWER at term 191 for recognizeCandidate:8f18dce1-0a3d-4b65-9c78-af3d58b2da7f
2019-10-20 17:40:14,912 [Thread-1163] INFO  impl.FollowerState (FollowerState.java:run(117)) - 8a63e1ae-032e-4bed-9f20-125a11f65413@group-091950D56227-FollowerState was interrupted: java.lang.InterruptedException: sleep interrupted
2019-10-20 17:40:14,912 [grpc-default-executor-1] INFO  impl.RoleInfo (RoleInfo.java:updateAndGet(143)) - 8a63e1ae-032e-4bed-9f20-125a11f65413: start FollowerState
2019-10-20 17:40:14,912 [grpc-default-executor-0] INFO  impl.RoleInfo (RoleInfo.java:shutdownFollowerState(121)) - 7b1e61a0-7daf-43dd-99d5-9b325c1d31ae: shutdown FollowerState
2019-10-20 17:40:14,913 [grpc-default-executor-0] INFO  impl.RoleInfo (RoleInfo.java:updateAndGet(143)) - 7b1e61a0-7daf-43dd-99d5-9b325c1d31ae: start FollowerState
2019-10-20 17:40:14,913 [Thread-1164] INFO  impl.FollowerState (FollowerState.java:run(117)) - 7b1e61a0-7daf-43dd-99d5-9b325c1d31ae@group-091950D56227-FollowerState was interrupted: java.lang.InterruptedException: sleep interrupted
2019-10-20 17:40:14,919 [8f18dce1-0a3d-4b65-9c78-af3d58b2da7f@group-091950D56227-LeaderElection159] INFO  impl.LeaderElection (LeaderElection.java:logAndReturn(56)) - 8f18dce1-0a3d-4b65-9c78-af3d58b2da7f@group-091950D56227-LeaderElection159: Election TIMEOUT; received 0 response(s) [] and 0 exception(s); 8f18dce1-0a3d-4b65-9c78-af3d58b2da7f@group-091950D56227:t191, leader=null, voted=8f18dce1-0a3d-4b65-9c78-af3d58b2da7f, raftlog=8f18dce1-0a3d-4b65-9c78-af3d58b2da7f@group-091950D56227-SegmentedRaftLog:OPENED:c-1,f-1,i0, conf=-1: [8a63e1ae-032e-4bed-9f20-125a11f65413:0.0.0.0:38685, 8f18dce1-0a3d-4b65-9c78-af3d58b2da7f:0.0.0.0:42489, 7b1e61a0-7daf-43dd-99d5-9b325c1d31ae:0.0.0.0:38412], old=null
2019-10-20 17:40:14,935 [8f18dce1-0a3d-4b65-9c78-af3d58b2da7f@group-091950D56227-LeaderElection159] INFO  impl.LeaderElection (LeaderElection.java:askForVotes(178)) - 8f18dce1-0a3d-4b65-9c78-af3d58b2da7f@group-091950D56227-LeaderElection159: begin an election at term 192 for -1: [8a63e1ae-032e-4bed-9f20-125a11f65413:0.0.0.0:38685, 8f18dce1-0a3d-4b65-9c78-af3d58b2da7f:0.0.0.0:42489, 7b1e61a0-7daf-43dd-99d5-9b325c1d31ae:0.0.0.0:38412], old=null
2019-10-20 17:40:14,937 [grpc-default-executor-0] INFO  impl.RaftServerImpl (RaftServerImpl.java:setRole(184)) - 8a63e1ae-032e-4bed-9f20-125a11f65413@group-091950D56227: changes role from  FOLLOWER to FOLLOWER at term 192 for recognizeCandidate:8f18dce1-0a3d-4b65-9c78-af3d58b2da7f
2019-10-20 17:40:14,937 [grpc-default-executor-0] INFO  impl.RoleInfo (RoleInfo.java:shutdownFollowerState(121)) - 8a63e1ae-032e-4bed-9f20-125a11f65413: shutdown FollowerState
2019-10-20 17:40:14,937 [grpc-default-executor-0] INFO  impl.RoleInfo (RoleInfo.java:updateAndGet(143)) - 8a63e1ae-032e-4bed-9f20-125a11f65413: start FollowerState
2019-10-20 17:40:14,937 [Thread-1169] INFO  impl.FollowerState (FollowerState.java:run(117)) - 8a63e1ae-032e-4bed-9f20-125a11f65413@group-091950D56227-FollowerState was interrupted: java.lang.InterruptedException: sleep interrupted
2019-10-20 17:40:14,938 [grpc-default-executor-1] INFO  impl.RaftServerImpl (RaftServerImpl.java:setRole(184)) - 7b1e61a0-7daf-43dd-99d5-9b325c1d31ae@group-091950D56227: changes role from  FOLLOWER to FOLLOWER at term 192 for recognizeCandidate:8f18dce1-0a3d-4b65-9c78-af3d58b2da7f
2019-10-20 17:40:14,938 [grpc-default-executor-1] INFO  impl.RoleInfo (RoleInfo.java:shutdownFollowerState(121)) - 7b1e61a0-7daf-43dd-99d5-9b325c1d31ae: shutdown FollowerState
2019-10-20 17:40:14,938 [grpc-default-executor-1] INFO  impl.RoleInfo (RoleInfo.java:updateAndGet(143)) - 7b1e61a0-7daf-43dd-99d5-9b325c1d31ae: start FollowerState
2019-10-20 17:40:14,938 [Thread-1170] INFO  impl.FollowerState (FollowerState.java:run(117)) - 7b1e61a0-7daf-43dd-99d5-9b325c1d31ae@group-091950D56227-FollowerState was interrupted: java.lang.InterruptedException: sleep interrupted
2019-10-20 17:40:14,971 [8f18dce1-0a3d-4b65-9c78-af3d58b2da7f@group-091950D56227-LeaderElection159] INFO  impl.LeaderElection (LeaderElection.java:logAndReturn(56)) - 8f18dce1-0a3d-4b65-9c78-af3d58b2da7f@group-091950D56227-LeaderElection159: Election REJECTED; received 2 response(s) [8f18dce1-0a3d-4b65-9c78-af3d58b2da7f<-8a63e1ae-032e-4bed-9f20-125a11f65413#0:FAIL-t192, 8f18dce1-0a3d-4b65-9c78-af3d58b2da7f<-7b1e61a0-7daf-43dd-99d5-9b325c1d31ae#0:FAIL-t192] and 0 exception(s); 8f18dce1-0a3d-4b65-9c78-af3d58b2da7f@group-091950D56227:t192, leader=null, voted=8f18dce1-0a3d-4b65-9c78-af3d58b2da7f, raftlog=8f18dce1-0a3d-4b65-9c78-af3d58b2da7f@group-091950D56227-SegmentedRaftLog:OPENED:c-1,f-1,i0, conf=-1: [8a63e1ae-032e-4bed-9f20-125a11f65413:0.0.0.0:38685, 8f18dce1-0a3d-4b65-9c78-af3d58b2da7f:0.0.0.0:42489, 7b1e61a0-7daf-43dd-99d5-9b325c1d31ae:0.0.0.0:38412], old=null
2019-10-20 17:40:14,971 [8f18dce1-0a3d-4b65-9c78-af3d58b2da7f@group-091950D56227-LeaderElection159] INFO  impl.RaftServerImpl (RaftServerImpl.java:setRole(184)) - 8f18dce1-0a3d-4b65-9c78-af3d58b2da7f@group-091950D56227: changes role from CANDIDATE to FOLLOWER at term 192 for DISCOVERED_A_NEW_TERM
2019-10-20 17:40:14,971 [8f18dce1-0a3d-4b65-9c78-af3d58b2da7f@group-091950D56227-LeaderElection159] INFO  impl.RoleInfo (RoleInfo.java:shutdownLeaderElection(134)) - 8f18dce1-0a3d-4b65-9c78-af3d58b2da7f: shutdown LeaderElection
2019-10-20 17:40:14,971 [8f18dce1-0a3d-4b65-9c78-af3d58b2da7f@group-091950D56227-LeaderElection159] INFO  impl.RoleInfo (RoleInfo.java:updateAndGet(143)) - 8f18dce1-0a3d-4b65-9c78-af3d58b2da7f: start FollowerState
2019-10-20 17:40:14,973 [Thread-1175] INFO  impl.FollowerState (FollowerState.java:run(108)) - 8f18dce1-0a3d-4b65-9c78-af3d58b2da7f@group-091950D56227-FollowerState: change to CANDIDATE, lastRpcTime:1ms, electionTimeout:1ms
2019-10-20 17:40:14,973 [Thread-1175] INFO  impl.RoleInfo (RoleInfo.java:shutdownFollowerState(121)) - 8f18dce1-0a3d-4b65-9c78-af3d58b2da7f: shutdown FollowerState
2019-10-20 17:40:14,973 [Thread-1175] INFO  impl.RaftServerImpl (RaftServerImpl.java:setRole(184)) - 8f18dce1-0a3d-4b65-9c78-af3d58b2da7f@group-091950D56227: changes role from  FOLLOWER to CANDIDATE at term 192 for changeToCandidate
2019-10-20 17:40:14,973 [Thread-1175] INFO  impl.RoleInfo (RoleInfo.java:updateAndGet(143)) - 8f18dce1-0a3d-4b65-9c78-af3d58b2da7f: start LeaderElection
2019-10-20 17:40:14,995 [8f18dce1-0a3d-4b65-9c78-af3d58b2da7f@group-091950D56227-LeaderElection160] INFO  impl.LeaderElection (LeaderElection.java:askForVotes(178)) - 8f18dce1-0a3d-4b65-9c78-af3d58b2da7f@group-091950D56227-LeaderElection160: begin an election at term 193 for -1: [8a63e1ae-032e-4bed-9f20-125a11f65413:0.0.0.0:38685, 8f18dce1-0a3d-4b65-9c78-af3d58b2da7f:0.0.0.0:42489, 7b1e61a0-7daf-43dd-99d5-9b325c1d31ae:0.0.0.0:38412], old=null
2019-10-20 17:40:14,997 [grpc-default-executor-0] INFO  impl.RaftServerImpl (RaftServerImpl.java:setRole(184)) - 8a63e1ae-032e-4bed-9f20-125a11f65413@group-091950D56227: changes role from  FOLLOWER to FOLLOWER at term 193 for recognizeCandidate:8f18dce1-0a3d-4b65-9c78-af3d58b2da7f
2019-10-20 17:40:14,997 [grpc-default-executor-1] INFO  impl.RaftServerImpl (RaftServerImpl.java:setRole(184)) - 7b1e61a0-7daf-43dd-99d5-9b325c1d31ae@group-091950D56227: changes role from  FOLLOWER to FOLLOWER at term 193 for recognizeCandidate:8f18dce1-0a3d-4b65-9c78-af3d58b2da7f
2019-10-20 17:40:14,997 [grpc-default-executor-0] INFO  impl.RoleInfo (RoleInfo.java:shutdownFollowerState(121)) - 8a63e1ae-032e-4bed-9f20-125a11f65413: shutdown FollowerState
2019-10-20 17:40:14,997 [grpc-default-executor-1] INFO  impl.RoleInfo (RoleInfo.java:shutdownFollowerState(121)) - 7b1e61a0-7daf-43dd-99d5-9b325c1d31ae: shutdown FollowerState
2019-10-20 17:40:14,998 [Thread-1173] INFO  impl.FollowerState (FollowerState.java:run(117)) - 8a63e1ae-032e-4bed-9f20-125a11f65413@group-091950D56227-FollowerState was interrupted: java.lang.InterruptedException: sleep interrupted
2019-10-20 17:40:14,998 [grpc-default-executor-0] INFO  impl.RoleInfo (RoleInfo.java:updateAndGet(143)) - 8a63e1ae-032e-4bed-9f20-125a11f65413: start FollowerState
2019-10-20 17:40:14,998 [Thread-1174] INFO  impl.FollowerState (FollowerState.java:run(117)) - 7b1e61a0-7daf-43dd-99d5-9b325c1d31ae@group-091950D56227-FollowerState was interrupted: java.lang.InterruptedException: sleep interrupted
2019-10-20 17:40:14,998 [grpc-default-executor-1] INFO  impl.RoleInfo (RoleInfo.java:updateAndGet(143)) - 7b1e61a0-7daf-43dd-99d5-9b325c1d31ae: start FollowerState
2019-10-20 17:40:15,022 [8f18dce1-0a3d-4b65-9c78-af3d58b2da7f@group-091950D56227-LeaderElection160] INFO  impl.LeaderElection (LeaderElection.java:logAndReturn(56)) - 8f18dce1-0a3d-4b65-9c78-af3d58b2da7f@group-091950D56227-LeaderElection160: Election REJECTED; received 2 response(s) [8f18dce1-0a3d-4b65-9c78-af3d58b2da7f<-8a63e1ae-032e-4bed-9f20-125a11f65413#0:FAIL-t193, 8f18dce1-0a3d-4b65-9c78-af3d58b2da7f<-7b1e61a0-7daf-43dd-99d5-9b325c1d31ae#0:FAIL-t193] and 0 exception(s); 8f18dce1-0a3d-4b65-9c78-af3d58b2da7f@group-091950D56227:t193, leader=null, voted=8f18dce1-0a3d-4b65-9c78-af3d58b2da7f, raftlog=8f18dce1-0a3d-4b65-9c78-af3d58b2da7f@group-091950D56227-SegmentedRaftLog:OPENED:c-1,f-1,i0, conf=-1: [8a63e1ae-032e-4bed-9f20-125a11f65413:0.0.0.0:38685, 8f18dce1-0a3d-4b65-9c78-af3d58b2da7f:0.0.0.0:42489, 7b1e61a0-7daf-43dd-99d5-9b325c1d31ae:0.0.0.0:38412], old=null
2019-10-20 17:40:15,022 [8f18dce1-0a3d-4b65-9c78-af3d58b2da7f@group-091950D56227-LeaderElection160] INFO  impl.RaftServerImpl (RaftServerImpl.java:setRole(184)) - 8f18dce1-0a3d-4b65-9c78-af3d58b2da7f@group-091950D56227: changes role from CANDIDATE to FOLLOWER at term 193 for DISCOVERED_A_NEW_TERM
2019-10-20 17:40:15,022 [8f18dce1-0a3d-4b65-9c78-af3d58b2da7f@group-091950D56227-LeaderElection160] INFO  impl.RoleInfo (RoleInfo.java:shutdownLeaderElection(134)) - 8f18dce1-0a3d-4b65-9c78-af3d58b2da7f: shutdown LeaderElection
2019-10-20 17:40:15,022 [8f18dce1-0a3d-4b65-9c78-af3d58b2da7f@group-091950D56227-LeaderElection160] INFO  impl.RoleInfo (RoleInfo.java:updateAndGet(143)) - 8f18dce1-0a3d-4b65-9c78-af3d58b2da7f: start FollowerState
2019-10-20 17:40:15,182 [Thread-1181] INFO  impl.FollowerState (FollowerState.java:run(108)) - 8f18dce1-0a3d-4b65-9c78-af3d58b2da7f@group-091950D56227-FollowerState: change to CANDIDATE, lastRpcTime:160ms, electionTimeout:160ms
2019-10-20 17:40:15,183 [Thread-1181] INFO  impl.RoleInfo (RoleInfo.java:shutdownFollowerState(121)) - 8f18dce1-0a3d-4b65-9c78-af3d58b2da7f: shutdown FollowerState
2019-10-20 17:40:15,183 [Thread-1181] INFO  impl.RaftServerImpl (RaftServerImpl.java:setRole(184)) - 8f18dce1-0a3d-4b65-9c78-af3d58b2da7f@group-091950D56227: changes role from  FOLLOWER to CANDIDATE at term 193 for changeToCandidate
2019-10-20 17:40:15,183 [Thread-1181] INFO  impl.RoleInfo (RoleInfo.java:updateAndGet(143)) - 8f18dce1-0a3d-4b65-9c78-af3d58b2da7f: start LeaderElection
2019-10-20 17:40:15,213 [8f18dce1-0a3d-4b65-9c78-af3d58b2da7f@group-091950D56227-LeaderElection161] INFO  impl.LeaderElection (LeaderElection.java:askForVotes(178)) - 8f18dce1-0a3d-4b65-9c78-af3d58b2da7f@group-091950D56227-LeaderElection161: begin an election at term 194 for -1: [8a63e1ae-032e-4bed-9f20-125a11f65413:0.0.0.0:38685, 8f18dce1-0a3d-4b65-9c78-af3d58b2da7f:0.0.0.0:42489, 7b1e61a0-7daf-43dd-99d5-9b325c1d31ae:0.0.0.0:38412], old=null
2019-10-20 17:40:15,215 [grpc-default-executor-0] INFO  impl.RaftServerImpl (RaftServerImpl.java:setRole(184)) - 8a63e1ae-032e-4bed-9f20-125a11f65413@group-091950D56227: changes role from  FOLLOWER to FOLLOWER at term 194 for recognizeCandidate:8f18dce1-0a3d-4b65-9c78-af3d58b2da7f
2019-10-20 17:40:15,215 [grpc-default-executor-0] INFO  impl.RoleInfo (RoleInfo.java:shutdownFollowerState(121)) - 8a63e1ae-032e-4bed-9f20-125a11f65413: shutdown FollowerState
2019-10-20 17:40:15,215 [grpc-default-executor-0] INFO  impl.RoleInfo (RoleInfo.java:updateAndGet(143)) - 8a63e1ae-032e-4bed-9f20-125a11f65413: start FollowerState
2019-10-20 17:40:15,215 [Thread-1179] INFO  impl.FollowerState (FollowerState.java:run(117)) - 8a63e1ae-032e-4bed-9f20-125a11f65413@group-091950D56227-FollowerState was interrupted: java.lang.InterruptedException: sleep interrupted
2019-10-20 17:40:15,216 [grpc-default-executor-1] INFO  impl.RaftServerImpl (RaftServerImpl.java:setRole(184)) - 7b1e61a0-7daf-43dd-99d5-9b325c1d31ae@group-091950D56227: changes role from  FOLLOWER to FOLLOWER at term 194 for recognizeCandidate:8f18dce1-0a3d-4b65-9c78-af3d58b2da7f
2019-10-20 17:40:15,216 [grpc-default-executor-1] INFO  impl.RoleInfo (RoleInfo.java:shutdownFollowerState(121)) - 7b1e61a0-7daf-43dd-99d5-9b325c1d31ae: shutdown FollowerState
2019-10-20 17:40:15,216 [grpc-default-executor-1] INFO  impl.RoleInfo (RoleInfo.java:updateAndGet(143)) - 7b1e61a0-7daf-43dd-99d5-9b325c1d31ae: start FollowerState
2019-10-20 17:40:15,216 [Thread-1180] INFO  impl.FollowerState (FollowerState.java:run(117)) - 7b1e61a0-7daf-43dd-99d5-9b325c1d31ae@group-091950D56227-FollowerState was interrupted: java.lang.InterruptedException: sleep interrupted
2019-10-20 17:40:15,231 [8f18dce1-0a3d-4b65-9c78-af3d58b2da7f@group-091950D56227-LeaderElection161] INFO  impl.LeaderElection (LeaderElection.java:logAndReturn(56)) - 8f18dce1-0a3d-4b65-9c78-af3d58b2da7f@group-091950D56227-LeaderElection161: Election REJECTED; received 2 response(s) [8f18dce1-0a3d-4b65-9c78-af3d58b2da7f<-8a63e1ae-032e-4bed-9f20-125a11f65413#0:FAIL-t194, 8f18dce1-0a3d-4b65-9c78-af3d58b2da7f<-7b1e61a0-7daf-43dd-99d5-9b325c1d31ae#0:FAIL-t194] and 0 exception(s); 8f18dce1-0a3d-4b65-9c78-af3d58b2da7f@group-091950D56227:t194, leader=null, voted=8f18dce1-0a3d-4b65-9c78-af3d58b2da7f, raftlog=8f18dce1-0a3d-4b65-9c78-af3d58b2da7f@group-091950D56227-SegmentedRaftLog:OPENED:c-1,f-1,i0, conf=-1: [8a63e1ae-032e-4bed-9f20-125a11f65413:0.0.0.0:38685, 8f18dce1-0a3d-4b65-9c78-af3d58b2da7f:0.0.0.0:42489, 7b1e61a0-7daf-43dd-99d5-9b325c1d31ae:0.0.0.0:38412], old=null
2019-10-20 17:40:15,231 [8f18dce1-0a3d-4b65-9c78-af3d58b2da7f@group-091950D56227-LeaderElection161] INFO  impl.RaftServerImpl (RaftServerImpl.java:setRole(184)) - 8f18dce1-0a3d-4b65-9c78-af3d58b2da7f@group-091950D56227: changes role from CANDIDATE to FOLLOWER at term 194 for DISCOVERED_A_NEW_TERM
2019-10-20 17:40:15,232 [8f18dce1-0a3d-4b65-9c78-af3d58b2da7f@group-091950D56227-LeaderElection161] INFO  impl.RoleInfo (RoleInfo.java:shutdownLeaderElection(134)) - 8f18dce1-0a3d-4b65-9c78-af3d58b2da7f: shutdown LeaderElection
2019-10-20 17:40:15,232 [8f18dce1-0a3d-4b65-9c78-af3d58b2da7f@group-091950D56227-LeaderElection161] INFO  impl.RoleInfo (RoleInfo.java:updateAndGet(143)) - 8f18dce1-0a3d-4b65-9c78-af3d58b2da7f: start FollowerState
2019-10-20 17:40:15,323 [Thread-1189] INFO  impl.FollowerState (FollowerState.java:run(108)) - 8f18dce1-0a3d-4b65-9c78-af3d58b2da7f@group-091950D56227-FollowerState: change to CANDIDATE, lastRpcTime:91ms, electionTimeout:91ms
2019-10-20 17:40:15,323 [Thread-1189] INFO  impl.RoleInfo (RoleInfo.java:shutdownFollowerState(121)) - 8f18dce1-0a3d-4b65-9c78-af3d58b2da7f: shutdown FollowerState
2019-10-20 17:40:15,323 [Thread-1189] INFO  impl.RaftServerImpl (RaftServerImpl.java:setRole(184)) - 8f18dce1-0a3d-4b65-9c78-af3d58b2da7f@group-091950D56227: changes role from  FOLLOWER to CANDIDATE at term 194 for changeToCandidate
2019-10-20 17:40:15,323 [Thread-1189] INFO  impl.RoleInfo (RoleInfo.java:updateAndGet(143)) - 8f18dce1-0a3d-4b65-9c78-af3d58b2da7f: start LeaderElection
2019-10-20 17:40:15,347 [8f18dce1-0a3d-4b65-9c78-af3d58b2da7f@group-091950D56227-LeaderElection162] INFO  impl.LeaderElection (LeaderElection.java:askForVotes(178)) - 8f18dce1-0a3d-4b65-9c78-af3d58b2da7f@group-091950D56227-LeaderElection162: begin an election at term 195 for -1: [8a63e1ae-032e-4bed-9f20-125a11f65413:0.0.0.0:38685, 8f18dce1-0a3d-4b65-9c78-af3d58b2da7f:0.0.0.0:42489, 7b1e61a0-7daf-43dd-99d5-9b325c1d31ae:0.0.0.0:38412], old=null
2019-10-20 17:40:15,349 [grpc-default-executor-1] INFO  impl.RaftServerImpl (RaftServerImpl.java:setRole(184)) - 8a63e1ae-032e-4bed-9f20-125a11f65413@group-091950D56227: changes role from  FOLLOWER to FOLLOWER at term 195 for recognizeCandidate:8f18dce1-0a3d-4b65-9c78-af3d58b2da7f
2019-10-20 17:40:15,349 [grpc-default-executor-1] INFO  impl.RoleInfo (RoleInfo.java:shutdownFollowerState(121)) - 8a63e1ae-032e-4bed-9f20-125a11f65413: shutdown FollowerState
2019-10-20 17:40:15,349 [grpc-default-executor-1] INFO  impl.RoleInfo (RoleInfo.java:updateAndGet(143)) - 8a63e1ae-032e-4bed-9f20-125a11f65413: start FollowerState
2019-10-20 17:40:15,349 [Thread-1187] INFO  impl.FollowerState (FollowerState.java:run(117)) - 8a63e1ae-032e-4bed-9f20-125a11f65413@group-091950D56227-FollowerState was interrupted: java.lang.InterruptedException: sleep interrupted
2019-10-20 17:40:15,350 [grpc-default-executor-0] INFO  impl.RaftServerImpl (RaftServerImpl.java:setRole(184)) - 7b1e61a0-7daf-43dd-99d5-9b325c1d31ae@group-091950D56227: changes role from  FOLLOWER to FOLLOWER at term 195 for recognizeCandidate:8f18dce1-0a3d-4b65-9c78-af3d58b2da7f
2019-10-20 17:40:15,350 [grpc-default-executor-0] INFO  impl.RoleInfo (RoleInfo.java:shutdownFollowerState(121)) - 7b1e61a0-7daf-43dd-99d5-9b325c1d31ae: shutdown FollowerState
2019-10-20 17:40:15,350 [grpc-default-executor-0] INFO  impl.RoleInfo (RoleInfo.java:updateAndGet(143)) - 7b1e61a0-7daf-43dd-99d5-9b325c1d31ae: start FollowerState
2019-10-20 17:40:15,350 [Thread-1188] INFO  impl.FollowerState (FollowerState.java:run(117)) - 7b1e61a0-7daf-43dd-99d5-9b325c1d31ae@group-091950D56227-FollowerState was interrupted: java.lang.InterruptedException: sleep interrupted
2019-10-20 17:40:15,374 [8f18dce1-0a3d-4b65-9c78-af3d58b2da7f@group-091950D56227-LeaderElection162] INFO  impl.LeaderElection (LeaderElection.java:logAndReturn(56)) - 8f18dce1-0a3d-4b65-9c78-af3d58b2da7f@group-091950D56227-LeaderElection162: Election REJECTED; received 2 response(s) [8f18dce1-0a3d-4b65-9c78-af3d58b2da7f<-8a63e1ae-032e-4bed-9f20-125a11f65413#0:FAIL-t195, 8f18dce1-0a3d-4b65-9c78-af3d58b2da7f<-7b1e61a0-7daf-43dd-99d5-9b325c1d31ae#0:FAIL-t195] and 0 exception(s); 8f18dce1-0a3d-4b65-9c78-af3d58b2da7f@group-091950D56227:t195, leader=null, voted=8f18dce1-0a3d-4b65-9c78-af3d58b2da7f, raftlog=8f18dce1-0a3d-4b65-9c78-af3d58b2da7f@group-091950D56227-SegmentedRaftLog:OPENED:c-1,f-1,i0, conf=-1: [8a63e1ae-032e-4bed-9f20-125a11f65413:0.0.0.0:38685, 8f18dce1-0a3d-4b65-9c78-af3d58b2da7f:0.0.0.0:42489, 7b1e61a0-7daf-43dd-99d5-9b325c1d31ae:0.0.0.0:38412], old=null
2019-10-20 17:40:15,374 [8f18dce1-0a3d-4b65-9c78-af3d58b2da7f@group-091950D56227-LeaderElection162] INFO  impl.RaftServerImpl (RaftServerImpl.java:setRole(184)) - 8f18dce1-0a3d-4b65-9c78-af3d58b2da7f@group-091950D56227: changes role from CANDIDATE to FOLLOWER at term 195 for DISCOVERED_A_NEW_TERM
2019-10-20 17:40:15,374 [8f18dce1-0a3d-4b65-9c78-af3d58b2da7f@group-091950D56227-LeaderElection162] INFO  impl.RoleInfo (RoleInfo.java:shutdownLeaderElection(134)) - 8f18dce1-0a3d-4b65-9c78-af3d58b2da7f: shutdown LeaderElection
2019-10-20 17:40:15,374 [8f18dce1-0a3d-4b65-9c78-af3d58b2da7f@group-091950D56227-LeaderElection162] INFO  impl.RoleInfo (RoleInfo.java:updateAndGet(143)) - 8f18dce1-0a3d-4b65-9c78-af3d58b2da7f: start FollowerState
2019-10-20 17:40:15,434 [Thread-1195] INFO  impl.FollowerState (FollowerState.java:run(108)) - 8f18dce1-0a3d-4b65-9c78-af3d58b2da7f@group-091950D56227-FollowerState: change to CANDIDATE, lastRpcTime:59ms, electionTimeout:59ms
2019-10-20 17:40:15,434 [Thread-1195] INFO  impl.RoleInfo (RoleInfo.java:shutdownFollowerState(121)) - 8f18dce1-0a3d-4b65-9c78-af3d58b2da7f: shutdown FollowerState
2019-10-20 17:40:15,434 [Thread-1195] INFO  impl.RaftServerImpl (RaftServerImpl.java:setRole(184)) - 8f18dce1-0a3d-4b65-9c78-af3d58b2da7f@group-091950D56227: changes role from  FOLLOWER to CANDIDATE at term 195 for changeToCandidate
2019-10-20 17:40:15,434 [Thread-1195] INFO  impl.RoleInfo (RoleInfo.java:updateAndGet(143)) - 8f18dce1-0a3d-4b65-9c78-af3d58b2da7f: start LeaderElection
2019-10-20 17:40:15,457 [8f18dce1-0a3d-4b65-9c78-af3d58b2da7f@group-091950D56227-LeaderElection163] INFO  impl.LeaderElection (LeaderElection.java:askForVotes(178)) - 8f18dce1-0a3d-4b65-9c78-af3d58b2da7f@group-091950D56227-LeaderElection163: begin an election at term 196 for -1: [8a63e1ae-032e-4bed-9f20-125a11f65413:0.0.0.0:38685, 8f18dce1-0a3d-4b65-9c78-af3d58b2da7f:0.0.0.0:42489, 7b1e61a0-7daf-43dd-99d5-9b325c1d31ae:0.0.0.0:38412], old=null
2019-10-20 17:40:15,459 [grpc-default-executor-0] INFO  impl.RaftServerImpl (RaftServerImpl.java:setRole(184)) - 7b1e61a0-7daf-43dd-99d5-9b325c1d31ae@group-091950D56227: changes role from  FOLLOWER to FOLLOWER at term 196 for recognizeCandidate:8f18dce1-0a3d-4b65-9c78-af3d58b2da7f
2019-10-20 17:40:15,459 [grpc-default-executor-0] INFO  impl.RoleInfo (RoleInfo.java:shutdownFollowerState(121)) - 7b1e61a0-7daf-43dd-99d5-9b325c1d31ae: shutdown FollowerState
2019-10-20 17:40:15,459 [grpc-default-executor-1] INFO  impl.RaftServerImpl (RaftServerImpl.java:setRole(184)) - 8a63e1ae-032e-4bed-9f20-125a11f65413@group-091950D56227: changes role from  FOLLOWER to FOLLOWER at term 196 for recognizeCandidate:8f18dce1-0a3d-4b65-9c78-af3d58b2da7f
2019-10-20 17:40:15,459 [Thread-1194] INFO  impl.FollowerState (FollowerState.java:run(117)) - 7b1e61a0-7daf-43dd-99d5-9b325c1d31ae@group-091950D56227-FollowerState was interrupted: java.lang.InterruptedException: sleep interrupted
2019-10-20 17:40:15,459 [grpc-default-executor-0] INFO  impl.RoleInfo (RoleInfo.java:updateAndGet(143)) - 7b1e61a0-7daf-43dd-99d5-9b325c1d31ae: start FollowerState
2019-10-20 17:40:15,459 [grpc-default-executor-1] INFO  impl.RoleInfo (RoleInfo.java:shutdownFollowerState(121)) - 8a63e1ae-032e-4bed-9f20-125a11f65413: shutdown FollowerState
2019-10-20 17:40:15,460 [grpc-default-executor-1] INFO  impl.RoleInfo (RoleInfo.java:updateAndGet(143)) - 8a63e1ae-032e-4bed-9f20-125a11f65413: start FollowerState
2019-10-20 17:40:15,460 [Thread-1193] INFO  impl.FollowerState (FollowerState.java:run(117)) - 8a63e1ae-032e-4bed-9f20-125a11f65413@group-091950D56227-FollowerState was interrupted: java.lang.InterruptedException: sleep interrupted
2019-10-20 17:40:15,469 [8f18dce1-0a3d-4b65-9c78-af3d58b2da7f@group-091950D56227-LeaderElection163] INFO  impl.LeaderElection (LeaderElection.java:logAndReturn(56)) - 8f18dce1-0a3d-4b65-9c78-af3d58b2da7f@group-091950D56227-LeaderElection163: Election TIMEOUT; received 0 response(s) [] and 0 exception(s); 8f18dce1-0a3d-4b65-9c78-af3d58b2da7f@group-091950D56227:t196, leader=null, voted=8f18dce1-0a3d-4b65-9c78-af3d58b2da7f, raftlog=8f18dce1-0a3d-4b65-9c78-af3d58b2da7f@group-091950D56227-SegmentedRaftLog:OPENED:c-1,f-1,i0, conf=-1: [8a63e1ae-032e-4bed-9f20-125a11f65413:0.0.0.0:38685, 8f18dce1-0a3d-4b65-9c78-af3d58b2da7f:0.0.0.0:42489, 7b1e61a0-7daf-43dd-99d5-9b325c1d31ae:0.0.0.0:38412], old=null
2019-10-20 17:40:15,499 [8f18dce1-0a3d-4b65-9c78-af3d58b2da7f@group-091950D56227-LeaderElection163] INFO  impl.LeaderElection (LeaderElection.java:askForVotes(178)) - 8f18dce1-0a3d-4b65-9c78-af3d58b2da7f@group-091950D56227-LeaderElection163: begin an election at term 197 for -1: [8a63e1ae-032e-4bed-9f20-125a11f65413:0.0.0.0:38685, 8f18dce1-0a3d-4b65-9c78-af3d58b2da7f:0.0.0.0:42489, 7b1e61a0-7daf-43dd-99d5-9b325c1d31ae:0.0.0.0:38412], old=null
2019-10-20 17:40:15,501 [grpc-default-executor-1] INFO  impl.RaftServerImpl (RaftServerImpl.java:setRole(184)) - 7b1e61a0-7daf-43dd-99d5-9b325c1d31ae@group-091950D56227: changes role from  FOLLOWER to FOLLOWER at term 197 for recognizeCandidate:8f18dce1-0a3d-4b65-9c78-af3d58b2da7f
2019-10-20 17:40:15,501 [grpc-default-executor-1] INFO  impl.RoleInfo (RoleInfo.java:shutdownFollowerState(121)) - 7b1e61a0-7daf-43dd-99d5-9b325c1d31ae: shutdown FollowerState
2019-10-20 17:40:15,501 [grpc-default-executor-1] INFO  impl.RoleInfo (RoleInfo.java:updateAndGet(143)) - 7b1e61a0-7daf-43dd-99d5-9b325c1d31ae: start FollowerState
2019-10-20 17:40:15,501 [Thread-1199] INFO  impl.FollowerState (FollowerState.java:run(117)) - 7b1e61a0-7daf-43dd-99d5-9b325c1d31ae@group-091950D56227-FollowerState was interrupted: java.lang.InterruptedException: sleep interrupted
2019-10-20 17:40:15,502 [grpc-default-executor-0] INFO  impl.RaftServerImpl (RaftServerImpl.java:setRole(184)) - 8a63e1ae-032e-4bed-9f20-125a11f65413@group-091950D56227: changes role from  FOLLOWER to FOLLOWER at term 197 for recognizeCandidate:8f18dce1-0a3d-4b65-9c78-af3d58b2da7f
2019-10-20 17:40:15,502 [grpc-default-executor-0] INFO  impl.RoleInfo (RoleInfo.java:shutdownFollowerState(121)) - 8a63e1ae-032e-4bed-9f20-125a11f65413: shutdown FollowerState
2019-10-20 17:40:15,502 [grpc-default-executor-0] INFO  impl.RoleInfo (RoleInfo.java:updateAndGet(143)) - 8a63e1ae-032e-4bed-9f20-125a11f65413: start FollowerState
2019-10-20 17:40:15,502 [Thread-1200] INFO  impl.FollowerState (FollowerState.java:run(117)) - 8a63e1ae-032e-4bed-9f20-125a11f65413@group-091950D56227-FollowerState was interrupted: java.lang.InterruptedException: sleep interrupted
2019-10-20 17:40:15,526 [8f18dce1-0a3d-4b65-9c78-af3d58b2da7f@group-091950D56227-LeaderElection163] INFO  impl.LeaderElection (LeaderElection.java:logAndReturn(56)) - 8f18dce1-0a3d-4b65-9c78-af3d58b2da7f@group-091950D56227-LeaderElection163: Election REJECTED; received 2 response(s) [8f18dce1-0a3d-4b65-9c78-af3d58b2da7f<-8a63e1ae-032e-4bed-9f20-125a11f65413#0:FAIL-t197, 8f18dce1-0a3d-4b65-9c78-af3d58b2da7f<-7b1e61a0-7daf-43dd-99d5-9b325c1d31ae#0:FAIL-t197] and 0 exception(s); 8f18dce1-0a3d-4b65-9c78-af3d58b2da7f@group-091950D56227:t197, leader=null, voted=8f18dce1-0a3d-4b65-9c78-af3d58b2da7f, raftlog=8f18dce1-0a3d-4b65-9c78-af3d58b2da7f@group-091950D56227-SegmentedRaftLog:OPENED:c-1,f-1,i0, conf=-1: [8a63e1ae-032e-4bed-9f20-125a11f65413:0.0.0.0:38685, 8f18dce1-0a3d-4b65-9c78-af3d58b2da7f:0.0.0.0:42489, 7b1e61a0-7daf-43dd-99d5-9b325c1d31ae:0.0.0.0:38412], old=null
2019-10-20 17:40:15,526 [8f18dce1-0a3d-4b65-9c78-af3d58b2da7f@group-091950D56227-LeaderElection163] INFO  impl.RaftServerImpl (RaftServerImpl.java:setRole(184)) - 8f18dce1-0a3d-4b65-9c78-af3d58b2da7f@group-091950D56227: changes role from CANDIDATE to FOLLOWER at term 197 for DISCOVERED_A_NEW_TERM
2019-10-20 17:40:15,526 [8f18dce1-0a3d-4b65-9c78-af3d58b2da7f@group-091950D56227-LeaderElection163] INFO  impl.RoleInfo (RoleInfo.java:shutdownLeaderElection(134)) - 8f18dce1-0a3d-4b65-9c78-af3d58b2da7f: shutdown LeaderElection
2019-10-20 17:40:15,526 [8f18dce1-0a3d-4b65-9c78-af3d58b2da7f@group-091950D56227-LeaderElection163] INFO  impl.RoleInfo (RoleInfo.java:updateAndGet(143)) - 8f18dce1-0a3d-4b65-9c78-af3d58b2da7f: start FollowerState
2019-10-20 17:40:15,676 [Thread-1205] INFO  impl.FollowerState (FollowerState.java:run(108)) - 8f18dce1-0a3d-4b65-9c78-af3d58b2da7f@group-091950D56227-FollowerState: change to CANDIDATE, lastRpcTime:150ms, electionTimeout:150ms
2019-10-20 17:40:15,677 [Thread-1205] INFO  impl.RoleInfo (RoleInfo.java:shutdownFollowerState(121)) - 8f18dce1-0a3d-4b65-9c78-af3d58b2da7f: shutdown FollowerState
2019-10-20 17:40:15,677 [Thread-1205] INFO  impl.RaftServerImpl (RaftServerImpl.java:setRole(184)) - 8f18dce1-0a3d-4b65-9c78-af3d58b2da7f@group-091950D56227: changes role from  FOLLOWER to CANDIDATE at term 197 for changeToCandidate
2019-10-20 17:40:15,677 [Thread-1205] INFO  impl.RoleInfo (RoleInfo.java:updateAndGet(143)) - 8f18dce1-0a3d-4b65-9c78-af3d58b2da7f: start LeaderElection
2019-10-20 17:40:15,700 [8f18dce1-0a3d-4b65-9c78-af3d58b2da7f@group-091950D56227-LeaderElection164] INFO  impl.LeaderElection (LeaderElection.java:askForVotes(178)) - 8f18dce1-0a3d-4b65-9c78-af3d58b2da7f@group-091950D56227-LeaderElection164: begin an election at term 198 for -1: [8a63e1ae-032e-4bed-9f20-125a11f65413:0.0.0.0:38685, 8f18dce1-0a3d-4b65-9c78-af3d58b2da7f:0.0.0.0:42489, 7b1e61a0-7daf-43dd-99d5-9b325c1d31ae:0.0.0.0:38412], old=null
2019-10-20 17:40:15,703 [grpc-default-executor-1] INFO  impl.RaftServerImpl (RaftServerImpl.java:setRole(184)) - 7b1e61a0-7daf-43dd-99d5-9b325c1d31ae@group-091950D56227: changes role from  FOLLOWER to FOLLOWER at term 198 for recognizeCandidate:8f18dce1-0a3d-4b65-9c78-af3d58b2da7f
2019-10-20 17:40:15,703 [grpc-default-executor-0] INFO  impl.RaftServerImpl (RaftServerImpl.java:setRole(184)) - 8a63e1ae-032e-4bed-9f20-125a11f65413@group-091950D56227: changes role from  FOLLOWER to FOLLOWER at term 198 for recognizeCandidate:8f18dce1-0a3d-4b65-9c78-af3d58b2da7f
2019-10-20 17:40:15,703 [grpc-default-executor-1] INFO  impl.RoleInfo (RoleInfo.java:shutdownFollowerState(121)) - 7b1e61a0-7daf-43dd-99d5-9b325c1d31ae: shutdown FollowerState
2019-10-20 17:40:15,703 [grpc-default-executor-0] INFO  impl.RoleInfo (RoleInfo.java:shutdownFollowerState(121)) - 8a63e1ae-032e-4bed-9f20-125a11f65413: shutdown FollowerState
2019-10-20 17:40:15,703 [Thread-1203] INFO  impl.FollowerState (FollowerState.java:run(117)) - 7b1e61a0-7daf-43dd-99d5-9b325c1d31ae@group-091950D56227-FollowerState was interrupted: java.lang.InterruptedException: sleep interrupted
2019-10-20 17:40:15,703 [grpc-default-executor-1] INFO  impl.RoleInfo (RoleInfo.java:updateAndGet(143)) - 7b1e61a0-7daf-43dd-99d5-9b325c1d31ae: start FollowerState
2019-10-20 17:40:15,704 [Thread-1204] INFO  impl.FollowerState (FollowerState.java:run(117)) - 8a63e1ae-032e-4bed-9f20-125a11f65413@group-091950D56227-FollowerState was interrupted: java.lang.InterruptedException: sleep interrupted
2019-10-20 17:40:15,704 [grpc-default-executor-0] INFO  impl.RoleInfo (RoleInfo.java:updateAndGet(143)) - 8a63e1ae-032e-4bed-9f20-125a11f65413: start FollowerState
2019-10-20 17:40:15,726 [8f18dce1-0a3d-4b65-9c78-af3d58b2da7f@group-091950D56227-LeaderElection164] INFO  impl.LeaderElection (LeaderElection.java:logAndReturn(56)) - 8f18dce1-0a3d-4b65-9c78-af3d58b2da7f@group-091950D56227-LeaderElection164: Election REJECTED; received 2 response(s) [8f18dce1-0a3d-4b65-9c78-af3d58b2da7f<-8a63e1ae-032e-4bed-9f20-125a11f65413#0:FAIL-t198, 8f18dce1-0a3d-4b65-9c78-af3d58b2da7f<-7b1e61a0-7daf-43dd-99d5-9b325c1d31ae#0:FAIL-t198] and 0 exception(s); 8f18dce1-0a3d-4b65-9c78-af3d58b2da7f@group-091950D56227:t198, leader=null, voted=8f18dce1-0a3d-4b65-9c78-af3d58b2da7f, raftlog=8f18dce1-0a3d-4b65-9c78-af3d58b2da7f@group-091950D56227-SegmentedRaftLog:OPENED:c-1,f-1,i0, conf=-1: [8a63e1ae-032e-4bed-9f20-125a11f65413:0.0.0.0:38685, 8f18dce1-0a3d-4b65-9c78-af3d58b2da7f:0.0.0.0:42489, 7b1e61a0-7daf-43dd-99d5-9b325c1d31ae:0.0.0.0:38412], old=null
2019-10-20 17:40:15,726 [8f18dce1-0a3d-4b65-9c78-af3d58b2da7f@group-091950D56227-LeaderElection164] INFO  impl.RaftServerImpl (RaftServerImpl.java:setRole(184)) - 8f18dce1-0a3d-4b65-9c78-af3d58b2da7f@group-091950D56227: changes role from CANDIDATE to FOLLOWER at term 198 for DISCOVERED_A_NEW_TERM
2019-10-20 17:40:15,726 [8f18dce1-0a3d-4b65-9c78-af3d58b2da7f@group-091950D56227-LeaderElection164] INFO  impl.RoleInfo (RoleInfo.java:shutdownLeaderElection(134)) - 8f18dce1-0a3d-4b65-9c78-af3d58b2da7f: shutdown LeaderElection
2019-10-20 17:40:15,726 [8f18dce1-0a3d-4b65-9c78-af3d58b2da7f@group-091950D56227-LeaderElection164] INFO  impl.RoleInfo (RoleInfo.java:updateAndGet(143)) - 8f18dce1-0a3d-4b65-9c78-af3d58b2da7f: start FollowerState
2019-10-20 17:40:15,824 [Thread-1211] INFO  impl.FollowerState (FollowerState.java:run(108)) - 8f18dce1-0a3d-4b65-9c78-af3d58b2da7f@group-091950D56227-FollowerState: change to CANDIDATE, lastRpcTime:98ms, electionTimeout:98ms
2019-10-20 17:40:15,825 [Thread-1211] INFO  impl.RoleInfo (RoleInfo.java:shutdownFollowerState(121)) - 8f18dce1-0a3d-4b65-9c78-af3d58b2da7f: shutdown FollowerState
2019-10-20 17:40:15,825 [Thread-1211] INFO  impl.RaftServerImpl (RaftServerImpl.java:setRole(184)) - 8f18dce1-0a3d-4b65-9c78-af3d58b2da7f@group-091950D56227: changes role from  FOLLOWER to CANDIDATE at term 198 for changeToCandidate
2019-10-20 17:40:15,825 [Thread-1211] INFO  impl.RoleInfo (RoleInfo.java:updateAndGet(143)) - 8f18dce1-0a3d-4b65-9c78-af3d58b2da7f: start LeaderElection
2019-10-20 17:40:15,851 [8f18dce1-0a3d-4b65-9c78-af3d58b2da7f@group-091950D56227-LeaderElection165] INFO  impl.LeaderElection (LeaderElection.java:askForVotes(178)) - 8f18dce1-0a3d-4b65-9c78-af3d58b2da7f@group-091950D56227-LeaderElection165: begin an election at term 199 for -1: [8a63e1ae-032e-4bed-9f20-125a11f65413:0.0.0.0:38685, 8f18dce1-0a3d-4b65-9c78-af3d58b2da7f:0.0.0.0:42489, 7b1e61a0-7daf-43dd-99d5-9b325c1d31ae:0.0.0.0:38412], old=null
2019-10-20 17:40:15,853 [grpc-default-executor-0] INFO  impl.RaftServerImpl (RaftServerImpl.java:setRole(184)) - 8a63e1ae-032e-4bed-9f20-125a11f65413@group-091950D56227: changes role from  FOLLOWER to FOLLOWER at term 199 for recognizeCandidate:8f18dce1-0a3d-4b65-9c78-af3d58b2da7f
2019-10-20 17:40:15,853 [grpc-default-executor-1] INFO  impl.RaftServerImpl (RaftServerImpl.java:setRole(184)) - 7b1e61a0-7daf-43dd-99d5-9b325c1d31ae@group-091950D56227: changes role from  FOLLOWER to FOLLOWER at term 199 for recognizeCandidate:8f18dce1-0a3d-4b65-9c78-af3d58b2da7f
2019-10-20 17:40:15,853 [grpc-default-executor-0] INFO  impl.RoleInfo (RoleInfo.java:shutdownFollowerState(121)) - 8a63e1ae-032e-4bed-9f20-125a11f65413: shutdown FollowerState
2019-10-20 17:40:15,853 [grpc-default-executor-1] INFO  impl.RoleInfo (RoleInfo.java:shutdownFollowerState(121)) - 7b1e61a0-7daf-43dd-99d5-9b325c1d31ae: shutdown FollowerState
2019-10-20 17:40:15,853 [Thread-1210] INFO  impl.FollowerState (FollowerState.java:run(117)) - 8a63e1ae-032e-4bed-9f20-125a11f65413@group-091950D56227-FollowerState was interrupted: java.lang.InterruptedException: sleep interrupted
2019-10-20 17:40:15,854 [Thread-1209] INFO  impl.FollowerState (FollowerState.java:run(117)) - 7b1e61a0-7daf-43dd-99d5-9b325c1d31ae@group-091950D56227-FollowerState was interrupted: java.lang.InterruptedException: sleep interrupted
2019-10-20 17:40:15,853 [grpc-default-executor-0] INFO  impl.RoleInfo (RoleInfo.java:updateAndGet(143)) - 8a63e1ae-032e-4bed-9f20-125a11f65413: start FollowerState
2019-10-20 17:40:15,854 [grpc-default-executor-1] INFO  impl.RoleInfo (RoleInfo.java:updateAndGet(143)) - 7b1e61a0-7daf-43dd-99d5-9b325c1d31ae: start FollowerState
2019-10-20 17:40:15,886 [8f18dce1-0a3d-4b65-9c78-af3d58b2da7f@group-091950D56227-LeaderElection165] INFO  impl.LeaderElection (LeaderElection.java:logAndReturn(56)) - 8f18dce1-0a3d-4b65-9c78-af3d58b2da7f@group-091950D56227-LeaderElection165: Election TIMEOUT; received 0 response(s) [] and 0 exception(s); 8f18dce1-0a3d-4b65-9c78-af3d58b2da7f@group-091950D56227:t199, leader=null, voted=8f18dce1-0a3d-4b65-9c78-af3d58b2da7f, raftlog=8f18dce1-0a3d-4b65-9c78-af3d58b2da7f@group-091950D56227-SegmentedRaftLog:OPENED:c-1,f-1,i0, conf=-1: [8a63e1ae-032e-4bed-9f20-125a11f65413:0.0.0.0:38685, 8f18dce1-0a3d-4b65-9c78-af3d58b2da7f:0.0.0.0:42489, 7b1e61a0-7daf-43dd-99d5-9b325c1d31ae:0.0.0.0:38412], old=null
2019-10-20 17:40:15,914 [8f18dce1-0a3d-4b65-9c78-af3d58b2da7f@group-091950D56227-LeaderElection165] INFO  impl.LeaderElection (LeaderElection.java:askForVotes(178)) - 8f18dce1-0a3d-4b65-9c78-af3d58b2da7f@group-091950D56227-LeaderElection165: begin an election at term 200 for -1: [8a63e1ae-032e-4bed-9f20-125a11f65413:0.0.0.0:38685, 8f18dce1-0a3d-4b65-9c78-af3d58b2da7f:0.0.0.0:42489, 7b1e61a0-7daf-43dd-99d5-9b325c1d31ae:0.0.0.0:38412], old=null
2019-10-20 17:40:15,916 [grpc-default-executor-1] INFO  impl.RaftServerImpl (RaftServerImpl.java:setRole(184)) - 7b1e61a0-7daf-43dd-99d5-9b325c1d31ae@group-091950D56227: changes role from  FOLLOWER to FOLLOWER at term 200 for recognizeCandidate:8f18dce1-0a3d-4b65-9c78-af3d58b2da7f
2019-10-20 17:40:15,917 [grpc-default-executor-1] INFO  impl.RoleInfo (RoleInfo.java:shutdownFollowerState(121)) - 7b1e61a0-7daf-43dd-99d5-9b325c1d31ae: shutdown FollowerState
2019-10-20 17:40:15,917 [grpc-default-executor-0] INFO  impl.RaftServerImpl (RaftServerImpl.java:setRole(184)) - 8a63e1ae-032e-4bed-9f20-125a11f65413@group-091950D56227: changes role from  FOLLOWER to FOLLOWER at term 200 for recognizeCandidate:8f18dce1-0a3d-4b65-9c78-af3d58b2da7f
2019-10-20 17:40:15,917 [Thread-1216] INFO  impl.FollowerState (FollowerState.java:run(117)) - 7b1e61a0-7daf-43dd-99d5-9b325c1d31ae@group-091950D56227-FollowerState was interrupted: java.lang.InterruptedException: sleep interrupted
2019-10-20 17:40:15,917 [grpc-default-executor-0] INFO  impl.RoleInfo (RoleInfo.java:shutdownFollowerState(121)) - 8a63e1ae-032e-4bed-9f20-125a11f65413: shutdown FollowerState
2019-10-20 17:40:15,917 [grpc-default-executor-1] INFO  impl.RoleInfo (RoleInfo.java:updateAndGet(143)) - 7b1e61a0-7daf-43dd-99d5-9b325c1d31ae: start FollowerState
2019-10-20 17:40:15,917 [Thread-1215] INFO  impl.FollowerState (FollowerState.java:run(117)) - 8a63e1ae-032e-4bed-9f20-125a11f65413@group-091950D56227-FollowerState was interrupted: java.lang.InterruptedException: sleep interrupted
2019-10-20 17:40:15,917 [grpc-default-executor-0] INFO  impl.RoleInfo (RoleInfo.java:updateAndGet(143)) - 8a63e1ae-032e-4bed-9f20-125a11f65413: start FollowerState
2019-10-20 17:40:15,920 [8f18dce1-0a3d-4b65-9c78-af3d58b2da7f@group-091950D56227-LeaderElection165] INFO  impl.LeaderElection (LeaderElection.java:logAndReturn(56)) - 8f18dce1-0a3d-4b65-9c78-af3d58b2da7f@group-091950D56227-LeaderElection165: Election TIMEOUT; received 0 response(s) [] and 0 exception(s); 8f18dce1-0a3d-4b65-9c78-af3d58b2da7f@group-091950D56227:t200, leader=null, voted=8f18dce1-0a3d-4b65-9c78-af3d58b2da7f, raftlog=8f18dce1-0a3d-4b65-9c78-af3d58b2da7f@group-091950D56227-SegmentedRaftLog:OPENED:c-1,f-1,i0, conf=-1: [8a63e1ae-032e-4bed-9f20-125a11f65413:0.0.0.0:38685, 8f18dce1-0a3d-4b65-9c78-af3d58b2da7f:0.0.0.0:42489, 7b1e61a0-7daf-43dd-99d5-9b325c1d31ae:0.0.0.0:38412], old=null
2019-10-20 17:40:15,965 [8f18dce1-0a3d-4b65-9c78-af3d58b2da7f@group-091950D56227-LeaderElection165] INFO  impl.LeaderElection (LeaderElection.java:askForVotes(178)) - 8f18dce1-0a3d-4b65-9c78-af3d58b2da7f@group-091950D56227-LeaderElection165: begin an election at term 201 for -1: [8a63e1ae-032e-4bed-9f20-125a11f65413:0.0.0.0:38685, 8f18dce1-0a3d-4b65-9c78-af3d58b2da7f:0.0.0.0:42489, 7b1e61a0-7daf-43dd-99d5-9b325c1d31ae:0.0.0.0:38412], old=null
2019-10-20 17:40:15,967 [grpc-default-executor-0] INFO  impl.RaftServerImpl (RaftServerImpl.java:setRole(184)) - 7b1e61a0-7daf-43dd-99d5-9b325c1d31ae@group-091950D56227: changes role from  FOLLOWER to FOLLOWER at term 201 for recognizeCandidate:8f18dce1-0a3d-4b65-9c78-af3d58b2da7f
2019-10-20 17:40:15,967 [grpc-default-executor-0] INFO  impl.RoleInfo (RoleInfo.java:shutdownFollowerState(121)) - 7b1e61a0-7daf-43dd-99d5-9b325c1d31ae: shutdown FollowerState
2019-10-20 17:40:15,967 [grpc-default-executor-1] INFO  impl.RaftServerImpl (RaftServerImpl.java:setRole(184)) - 8a63e1ae-032e-4bed-9f20-125a11f65413@group-091950D56227: changes role from  FOLLOWER to FOLLOWER at term 201 for recognizeCandidate:8f18dce1-0a3d-4b65-9c78-af3d58b2da7f
2019-10-20 17:40:15,967 [grpc-default-executor-1] INFO  impl.RoleInfo (RoleInfo.java:shutdownFollowerState(121)) - 8a63e1ae-032e-4bed-9f20-125a11f65413: shutdown FollowerState
2019-10-20 17:40:15,967 [Thread-1219] INFO  impl.FollowerState (FollowerState.java:run(117)) - 7b1e61a0-7daf-43dd-99d5-9b325c1d31ae@group-091950D56227-FollowerState was interrupted: java.lang.InterruptedException: sleep interrupted
2019-10-20 17:40:15,967 [grpc-default-executor-0] INFO  impl.RoleInfo (RoleInfo.java:updateAndGet(143)) - 7b1e61a0-7daf-43dd-99d5-9b325c1d31ae: start FollowerState
2019-10-20 17:40:15,968 [Thread-1220] INFO  impl.FollowerState (FollowerState.java:run(117)) - 8a63e1ae-032e-4bed-9f20-125a11f65413@group-091950D56227-FollowerState was interrupted: java.lang.InterruptedException: sleep interrupted
2019-10-20 17:40:15,967 [grpc-default-executor-1] INFO  impl.RoleInfo (RoleInfo.java:updateAndGet(143)) - 8a63e1ae-032e-4bed-9f20-125a11f65413: start FollowerState
2019-10-20 17:40:15,992 [8f18dce1-0a3d-4b65-9c78-af3d58b2da7f@group-091950D56227-LeaderElection165] INFO  impl.LeaderElection (LeaderElection.java:logAndReturn(56)) - 8f18dce1-0a3d-4b65-9c78-af3d58b2da7f@group-091950D56227-LeaderElection165: Election REJECTED; received 2 response(s) [8f18dce1-0a3d-4b65-9c78-af3d58b2da7f<-8a63e1ae-032e-4bed-9f20-125a11f65413#0:FAIL-t201, 8f18dce1-0a3d-4b65-9c78-af3d58b2da7f<-7b1e61a0-7daf-43dd-99d5-9b325c1d31ae#0:FAIL-t201] and 0 exception(s); 8f18dce1-0a3d-4b65-9c78-af3d58b2da7f@group-091950D56227:t201, leader=null, voted=8f18dce1-0a3d-4b65-9c78-af3d58b2da7f, raftlog=8f18dce1-0a3d-4b65-9c78-af3d58b2da7f@group-091950D56227-SegmentedRaftLog:OPENED:c-1,f-1,i0, conf=-1: [8a63e1ae-032e-4bed-9f20-125a11f65413:0.0.0.0:38685, 8f18dce1-0a3d-4b65-9c78-af3d58b2da7f:0.0.0.0:42489, 7b1e61a0-7daf-43dd-99d5-9b325c1d31ae:0.0.0.0:38412], old=null
2019-10-20 17:40:15,992 [8f18dce1-0a3d-4b65-9c78-af3d58b2da7f@group-091950D56227-LeaderElection165] INFO  impl.RaftServerImpl (RaftServerImpl.java:setRole(184)) - 8f18dce1-0a3d-4b65-9c78-af3d58b2da7f@group-091950D56227: changes role from CANDIDATE to FOLLOWER at term 201 for DISCOVERED_A_NEW_TERM
2019-10-20 17:40:15,992 [8f18dce1-0a3d-4b65-9c78-af3d58b2da7f@group-091950D56227-LeaderElection165] INFO  impl.RoleInfo (RoleInfo.java:shutdownLeaderElection(134)) - 8f18dce1-0a3d-4b65-9c78-af3d58b2da7f: shutdown LeaderElection
2019-10-20 17:40:15,992 [8f18dce1-0a3d-4b65-9c78-af3d58b2da7f@group-091950D56227-LeaderElection165] INFO  impl.RoleInfo (RoleInfo.java:updateAndGet(143)) - 8f18dce1-0a3d-4b65-9c78-af3d58b2da7f: start FollowerState
2019-10-20 17:40:16,070 [Thread-1225] INFO  impl.FollowerState (FollowerState.java:run(108)) - 8f18dce1-0a3d-4b65-9c78-af3d58b2da7f@group-091950D56227-FollowerState: change to CANDIDATE, lastRpcTime:77ms, electionTimeout:77ms
2019-10-20 17:40:16,070 [Thread-1225] INFO  impl.RoleInfo (RoleInfo.java:shutdownFollowerState(121)) - 8f18dce1-0a3d-4b65-9c78-af3d58b2da7f: shutdown FollowerState
2019-10-20 17:40:16,070 [Thread-1225] INFO  impl.RaftServerImpl (RaftServerImpl.java:setRole(184)) - 8f18dce1-0a3d-4b65-9c78-af3d58b2da7f@group-091950D56227: changes role from  FOLLOWER to CANDIDATE at term 201 for changeToCandidate
2019-10-20 17:40:16,070 [Thread-1225] INFO  impl.RoleInfo (RoleInfo.java:updateAndGet(143)) - 8f18dce1-0a3d-4b65-9c78-af3d58b2da7f: start LeaderElection
2019-10-20 17:40:16,101 [8f18dce1-0a3d-4b65-9c78-af3d58b2da7f@group-091950D56227-LeaderElection166] INFO  impl.LeaderElection (LeaderElection.java:askForVotes(178)) - 8f18dce1-0a3d-4b65-9c78-af3d58b2da7f@group-091950D56227-LeaderElection166: begin an election at term 202 for -1: [8a63e1ae-032e-4bed-9f20-125a11f65413:0.0.0.0:38685, 8f18dce1-0a3d-4b65-9c78-af3d58b2da7f:0.0.0.0:42489, 7b1e61a0-7daf-43dd-99d5-9b325c1d31ae:0.0.0.0:38412], old=null
2019-10-20 17:40:16,104 [grpc-default-executor-0] INFO  impl.RaftServerImpl (RaftServerImpl.java:setRole(184)) - 7b1e61a0-7daf-43dd-99d5-9b325c1d31ae@group-091950D56227: changes role from  FOLLOWER to FOLLOWER at term 202 for recognizeCandidate:8f18dce1-0a3d-4b65-9c78-af3d58b2da7f
2019-10-20 17:40:16,104 [grpc-default-executor-1] INFO  impl.RaftServerImpl (RaftServerImpl.java:setRole(184)) - 8a63e1ae-032e-4bed-9f20-125a11f65413@group-091950D56227: changes role from  FOLLOWER to FOLLOWER at term 202 for recognizeCandidate:8f18dce1-0a3d-4b65-9c78-af3d58b2da7f
2019-10-20 17:40:16,104 [grpc-default-executor-1] INFO  impl.RoleInfo (RoleInfo.java:shutdownFollowerState(121)) - 8a63e1ae-032e-4bed-9f20-125a11f65413: shutdown FollowerState
2019-10-20 17:40:16,104 [grpc-default-executor-0] INFO  impl.RoleInfo (RoleInfo.java:shutdownFollowerState(121)) - 7b1e61a0-7daf-43dd-99d5-9b325c1d31ae: shutdown FollowerState
2019-10-20 17:40:16,105 [Thread-1224] INFO  impl.FollowerState (FollowerState.java:run(117)) - 8a63e1ae-032e-4bed-9f20-125a11f65413@group-091950D56227-FollowerState was interrupted: java.lang.InterruptedException: sleep interrupted
2019-10-20 17:40:16,105 [grpc-default-executor-1] INFO  impl.RoleInfo (RoleInfo.java:updateAndGet(143)) - 8a63e1ae-032e-4bed-9f20-125a11f65413: start FollowerState
2019-10-20 17:40:16,105 [Thread-1223] INFO  impl.FollowerState (FollowerState.java:run(117)) - 7b1e61a0-7daf-43dd-99d5-9b325c1d31ae@group-091950D56227-FollowerState was interrupted: java.lang.InterruptedException: sleep interrupted
2019-10-20 17:40:16,105 [grpc-default-executor-0] INFO  impl.RoleInfo (RoleInfo.java:updateAndGet(143)) - 7b1e61a0-7daf-43dd-99d5-9b325c1d31ae: start FollowerState
2019-10-20 17:40:16,139 [8f18dce1-0a3d-4b65-9c78-af3d58b2da7f@group-091950D56227-LeaderElection166] INFO  impl.LeaderElection (LeaderElection.java:logAndReturn(56)) - 8f18dce1-0a3d-4b65-9c78-af3d58b2da7f@group-091950D56227-LeaderElection166: Election REJECTED; received 2 response(s) [8f18dce1-0a3d-4b65-9c78-af3d58b2da7f<-8a63e1ae-032e-4bed-9f20-125a11f65413#0:FAIL-t202, 8f18dce1-0a3d-4b65-9c78-af3d58b2da7f<-7b1e61a0-7daf-43dd-99d5-9b325c1d31ae#0:FAIL-t202] and 0 exception(s); 8f18dce1-0a3d-4b65-9c78-af3d58b2da7f@group-091950D56227:t202, leader=null, voted=8f18dce1-0a3d-4b65-9c78-af3d58b2da7f, raftlog=8f18dce1-0a3d-4b65-9c78-af3d58b2da7f@group-091950D56227-SegmentedRaftLog:OPENED:c-1,f-1,i0, conf=-1: [8a63e1ae-032e-4bed-9f20-125a11f65413:0.0.0.0:38685, 8f18dce1-0a3d-4b65-9c78-af3d58b2da7f:0.0.0.0:42489, 7b1e61a0-7daf-43dd-99d5-9b325c1d31ae:0.0.0.0:38412], old=null
2019-10-20 17:40:16,140 [8f18dce1-0a3d-4b65-9c78-af3d58b2da7f@group-091950D56227-LeaderElection166] INFO  impl.RaftServerImpl (RaftServerImpl.java:setRole(184)) - 8f18dce1-0a3d-4b65-9c78-af3d58b2da7f@group-091950D56227: changes role from CANDIDATE to FOLLOWER at term 202 for DISCOVERED_A_NEW_TERM
2019-10-20 17:40:16,141 [8f18dce1-0a3d-4b65-9c78-af3d58b2da7f@group-091950D56227-LeaderElection166] INFO  impl.RoleInfo (RoleInfo.java:shutdownLeaderElection(134)) - 8f18dce1-0a3d-4b65-9c78-af3d58b2da7f: shutdown LeaderElection
2019-10-20 17:40:16,141 [8f18dce1-0a3d-4b65-9c78-af3d58b2da7f@group-091950D56227-LeaderElection166] INFO  impl.RoleInfo (RoleInfo.java:updateAndGet(143)) - 8f18dce1-0a3d-4b65-9c78-af3d58b2da7f: start FollowerState
2019-10-20 17:40:16,191 [Thread-1233] INFO  impl.FollowerState (FollowerState.java:run(108)) - 8f18dce1-0a3d-4b65-9c78-af3d58b2da7f@group-091950D56227-FollowerState: change to CANDIDATE, lastRpcTime:49ms, electionTimeout:49ms
2019-10-20 17:40:16,191 [Thread-1233] INFO  impl.RoleInfo (RoleInfo.java:shutdownFollowerState(121)) - 8f18dce1-0a3d-4b65-9c78-af3d58b2da7f: shutdown FollowerState
2019-10-20 17:40:16,191 [Thread-1233] INFO  impl.RaftServerImpl (RaftServerImpl.java:setRole(184)) - 8f18dce1-0a3d-4b65-9c78-af3d58b2da7f@group-091950D56227: changes role from  FOLLOWER to CANDIDATE at term 202 for changeToCandidate
2019-10-20 17:40:16,191 [Thread-1233] INFO  impl.RoleInfo (RoleInfo.java:updateAndGet(143)) - 8f18dce1-0a3d-4b65-9c78-af3d58b2da7f: start LeaderElection
2019-10-20 17:40:16,256 [8f18dce1-0a3d-4b65-9c78-af3d58b2da7f@group-091950D56227-LeaderElection167] INFO  impl.LeaderElection (LeaderElection.java:askForVotes(178)) - 8f18dce1-0a3d-4b65-9c78-af3d58b2da7f@group-091950D56227-LeaderElection167: begin an election at term 203 for -1: [8a63e1ae-032e-4bed-9f20-125a11f65413:0.0.0.0:38685, 8f18dce1-0a3d-4b65-9c78-af3d58b2da7f:0.0.0.0:42489, 7b1e61a0-7daf-43dd-99d5-9b325c1d31ae:0.0.0.0:38412], old=null
2019-10-20 17:40:16,258 [grpc-default-executor-0] INFO  impl.RaftServerImpl (RaftServerImpl.java:setRole(184)) - 8a63e1ae-032e-4bed-9f20-125a11f65413@group-091950D56227: changes role from  FOLLOWER to FOLLOWER at term 203 for recognizeCandidate:8f18dce1-0a3d-4b65-9c78-af3d58b2da7f
2019-10-20 17:40:16,259 [grpc-default-executor-1] INFO  impl.RaftServerImpl (RaftServerImpl.java:setRole(184)) - 7b1e61a0-7daf-43dd-99d5-9b325c1d31ae@group-091950D56227: changes role from  FOLLOWER to FOLLOWER at term 203 for recognizeCandidate:8f18dce1-0a3d-4b65-9c78-af3d58b2da7f
2019-10-20 17:40:16,259 [grpc-default-executor-0] INFO  impl.RoleInfo (RoleInfo.java:shutdownFollowerState(121)) - 8a63e1ae-032e-4bed-9f20-125a11f65413: shutdown FollowerState
2019-10-20 17:40:16,259 [grpc-default-executor-1] INFO  impl.RoleInfo (RoleInfo.java:shutdownFollowerState(121)) - 7b1e61a0-7daf-43dd-99d5-9b325c1d31ae: shutdown FollowerState
2019-10-20 17:40:16,259 [grpc-default-executor-0] INFO  impl.RoleInfo (RoleInfo.java:updateAndGet(143)) - 8a63e1ae-032e-4bed-9f20-125a11f65413: start FollowerState
2019-10-20 17:40:16,259 [Thread-1230] INFO  impl.FollowerState (FollowerState.java:run(117)) - 7b1e61a0-7daf-43dd-99d5-9b325c1d31ae@group-091950D56227-FollowerState was interrupted: java.lang.InterruptedException: sleep interrupted
2019-10-20 17:40:16,259 [Thread-1229] INFO  impl.FollowerState (FollowerState.java:run(117)) - 8a63e1ae-032e-4bed-9f20-125a11f65413@group-091950D56227-FollowerState was interrupted: java.lang.InterruptedException: sleep interrupted
2019-10-20 17:40:16,259 [grpc-default-executor-1] INFO  impl.RoleInfo (RoleInfo.java:updateAndGet(143)) - 7b1e61a0-7daf-43dd-99d5-9b325c1d31ae: start FollowerState
2019-10-20 17:40:16,284 [8f18dce1-0a3d-4b65-9c78-af3d58b2da7f@group-091950D56227-LeaderElection167] INFO  impl.LeaderElection (LeaderElection.java:logAndReturn(56)) - 8f18dce1-0a3d-4b65-9c78-af3d58b2da7f@group-091950D56227-LeaderElection167: Election REJECTED; received 2 response(s) [8f18dce1-0a3d-4b65-9c78-af3d58b2da7f<-8a63e1ae-032e-4bed-9f20-125a11f65413#0:FAIL-t203, 8f18dce1-0a3d-4b65-9c78-af3d58b2da7f<-7b1e61a0-7daf-43dd-99d5-9b325c1d31ae#0:FAIL-t203] and 0 exception(s); 8f18dce1-0a3d-4b65-9c78-af3d58b2da7f@group-091950D56227:t203, leader=null, voted=8f18dce1-0a3d-4b65-9c78-af3d58b2da7f, raftlog=8f18dce1-0a3d-4b65-9c78-af3d58b2da7f@group-091950D56227-SegmentedRaftLog:OPENED:c-1,f-1,i0, conf=-1: [8a63e1ae-032e-4bed-9f20-125a11f65413:0.0.0.0:38685, 8f18dce1-0a3d-4b65-9c78-af3d58b2da7f:0.0.0.0:42489, 7b1e61a0-7daf-43dd-99d5-9b325c1d31ae:0.0.0.0:38412], old=null
2019-10-20 17:40:16,284 [8f18dce1-0a3d-4b65-9c78-af3d58b2da7f@group-091950D56227-LeaderElection167] INFO  impl.RaftServerImpl (RaftServerImpl.java:setRole(184)) - 8f18dce1-0a3d-4b65-9c78-af3d58b2da7f@group-091950D56227: changes role from CANDIDATE to FOLLOWER at term 203 for DISCOVERED_A_NEW_TERM
2019-10-20 17:40:16,284 [8f18dce1-0a3d-4b65-9c78-af3d58b2da7f@group-091950D56227-LeaderElection167] INFO  impl.RoleInfo (RoleInfo.java:shutdownLeaderElection(134)) - 8f18dce1-0a3d-4b65-9c78-af3d58b2da7f: shutdown LeaderElection
2019-10-20 17:40:16,284 [8f18dce1-0a3d-4b65-9c78-af3d58b2da7f@group-091950D56227-LeaderElection167] INFO  impl.RoleInfo (RoleInfo.java:updateAndGet(143)) - 8f18dce1-0a3d-4b65-9c78-af3d58b2da7f: start FollowerState
2019-10-20 17:40:16,352 [Thread-1239] INFO  impl.FollowerState (FollowerState.java:run(108)) - 8f18dce1-0a3d-4b65-9c78-af3d58b2da7f@group-091950D56227-FollowerState: change to CANDIDATE, lastRpcTime:67ms, electionTimeout:67ms
2019-10-20 17:40:16,352 [Thread-1239] INFO  impl.RoleInfo (RoleInfo.java:shutdownFollowerState(121)) - 8f18dce1-0a3d-4b65-9c78-af3d58b2da7f: shutdown FollowerState
2019-10-20 17:40:16,352 [Thread-1239] INFO  impl.RaftServerImpl (RaftServerImpl.java:setRole(184)) - 8f18dce1-0a3d-4b65-9c78-af3d58b2da7f@group-091950D56227: changes role from  FOLLOWER to CANDIDATE at term 203 for changeToCandidate
2019-10-20 17:40:16,353 [Thread-1239] INFO  impl.RoleInfo (RoleInfo.java:updateAndGet(143)) - 8f18dce1-0a3d-4b65-9c78-af3d58b2da7f: start LeaderElection
2019-10-20 17:40:16,384 [8f18dce1-0a3d-4b65-9c78-af3d58b2da7f@group-091950D56227-LeaderElection168] INFO  impl.LeaderElection (LeaderElection.java:askForVotes(178)) - 8f18dce1-0a3d-4b65-9c78-af3d58b2da7f@group-091950D56227-LeaderElection168: begin an election at term 204 for -1: [8a63e1ae-032e-4bed-9f20-125a11f65413:0.0.0.0:38685, 8f18dce1-0a3d-4b65-9c78-af3d58b2da7f:0.0.0.0:42489, 7b1e61a0-7daf-43dd-99d5-9b325c1d31ae:0.0.0.0:38412], old=null
2019-10-20 17:40:16,386 [grpc-default-executor-1] INFO  impl.RaftServerImpl (RaftServerImpl.java:setRole(184)) - 7b1e61a0-7daf-43dd-99d5-9b325c1d31ae@group-091950D56227: changes role from  FOLLOWER to FOLLOWER at term 204 for recognizeCandidate:8f18dce1-0a3d-4b65-9c78-af3d58b2da7f
2019-10-20 17:40:16,386 [grpc-default-executor-0] INFO  impl.RaftServerImpl (RaftServerImpl.java:setRole(184)) - 8a63e1ae-032e-4bed-9f20-125a11f65413@group-091950D56227: changes role from  FOLLOWER to FOLLOWER at term 204 for recognizeCandidate:8f18dce1-0a3d-4b65-9c78-af3d58b2da7f
2019-10-20 17:40:16,386 [grpc-default-executor-1] INFO  impl.RoleInfo (RoleInfo.java:shutdownFollowerState(121)) - 7b1e61a0-7daf-43dd-99d5-9b325c1d31ae: shutdown FollowerState
2019-10-20 17:40:16,387 [grpc-default-executor-0] INFO  impl.RoleInfo (RoleInfo.java:shutdownFollowerState(121)) - 8a63e1ae-032e-4bed-9f20-125a11f65413: shutdown FollowerState
2019-10-20 17:40:16,387 [Thread-1238] INFO  impl.FollowerState (FollowerState.java:run(117)) - 7b1e61a0-7daf-43dd-99d5-9b325c1d31ae@group-091950D56227-FollowerState was interrupted: java.lang.InterruptedException: sleep interrupted
2019-10-20 17:40:16,387 [grpc-default-executor-1] INFO  impl.RoleInfo (RoleInfo.java:updateAndGet(143)) - 7b1e61a0-7daf-43dd-99d5-9b325c1d31ae: start FollowerState
2019-10-20 17:40:16,387 [Thread-1237] INFO  impl.FollowerState (FollowerState.java:run(117)) - 8a63e1ae-032e-4bed-9f20-125a11f65413@group-091950D56227-FollowerState was interrupted: java.lang.InterruptedException: sleep interrupted
2019-10-20 17:40:16,387 [grpc-default-executor-0] INFO  impl.RoleInfo (RoleInfo.java:updateAndGet(143)) - 8a63e1ae-032e-4bed-9f20-125a11f65413: start FollowerState
2019-10-20 17:40:16,411 [8f18dce1-0a3d-4b65-9c78-af3d58b2da7f@group-091950D56227-LeaderElection168] INFO  impl.LeaderElection (LeaderElection.java:logAndReturn(56)) - 8f18dce1-0a3d-4b65-9c78-af3d58b2da7f@group-091950D56227-LeaderElection168: Election REJECTED; received 2 response(s) [8f18dce1-0a3d-4b65-9c78-af3d58b2da7f<-8a63e1ae-032e-4bed-9f20-125a11f65413#0:FAIL-t204, 8f18dce1-0a3d-4b65-9c78-af3d58b2da7f<-7b1e61a0-7daf-43dd-99d5-9b325c1d31ae#0:FAIL-t204] and 0 exception(s); 8f18dce1-0a3d-4b65-9c78-af3d58b2da7f@group-091950D56227:t204, leader=null, voted=8f18dce1-0a3d-4b65-9c78-af3d58b2da7f, raftlog=8f18dce1-0a3d-4b65-9c78-af3d58b2da7f@group-091950D56227-SegmentedRaftLog:OPENED:c-1,f-1,i0, conf=-1: [8a63e1ae-032e-4bed-9f20-125a11f65413:0.0.0.0:38685, 8f18dce1-0a3d-4b65-9c78-af3d58b2da7f:0.0.0.0:42489, 7b1e61a0-7daf-43dd-99d5-9b325c1d31ae:0.0.0.0:38412], old=null
2019-10-20 17:40:16,411 [8f18dce1-0a3d-4b65-9c78-af3d58b2da7f@group-091950D56227-LeaderElection168] INFO  impl.RaftServerImpl (RaftServerImpl.java:setRole(184)) - 8f18dce1-0a3d-4b65-9c78-af3d58b2da7f@group-091950D56227: changes role from CANDIDATE to FOLLOWER at term 204 for DISCOVERED_A_NEW_TERM
2019-10-20 17:40:16,411 [8f18dce1-0a3d-4b65-9c78-af3d58b2da7f@group-091950D56227-LeaderElection168] INFO  impl.RoleInfo (RoleInfo.java:shutdownLeaderElection(134)) - 8f18dce1-0a3d-4b65-9c78-af3d58b2da7f: shutdown LeaderElection
2019-10-20 17:40:16,411 [8f18dce1-0a3d-4b65-9c78-af3d58b2da7f@group-091950D56227-LeaderElection168] INFO  impl.RoleInfo (RoleInfo.java:updateAndGet(143)) - 8f18dce1-0a3d-4b65-9c78-af3d58b2da7f: start FollowerState
2019-10-20 17:40:16,513 [Thread-1245] INFO  impl.FollowerState (FollowerState.java:run(108)) - 8f18dce1-0a3d-4b65-9c78-af3d58b2da7f@group-091950D56227-FollowerState: change to CANDIDATE, lastRpcTime:102ms, electionTimeout:102ms
2019-10-20 17:40:16,514 [Thread-1245] INFO  impl.RoleInfo (RoleInfo.java:shutdownFollowerState(121)) - 8f18dce1-0a3d-4b65-9c78-af3d58b2da7f: shutdown FollowerState
2019-10-20 17:40:16,514 [Thread-1245] INFO  impl.RaftServerImpl (RaftServerImpl.java:setRole(184)) - 8f18dce1-0a3d-4b65-9c78-af3d58b2da7f@group-091950D56227: changes role from  FOLLOWER to CANDIDATE at term 204 for changeToCandidate
2019-10-20 17:40:16,514 [Thread-1245] INFO  impl.RoleInfo (RoleInfo.java:updateAndGet(143)) - 8f18dce1-0a3d-4b65-9c78-af3d58b2da7f: start LeaderElection
2019-10-20 17:40:16,546 [8f18dce1-0a3d-4b65-9c78-af3d58b2da7f@group-091950D56227-LeaderElection169] INFO  impl.LeaderElection (LeaderElection.java:askForVotes(178)) - 8f18dce1-0a3d-4b65-9c78-af3d58b2da7f@group-091950D56227-LeaderElection169: begin an election at term 205 for -1: [8a63e1ae-032e-4bed-9f20-125a11f65413:0.0.0.0:38685, 8f18dce1-0a3d-4b65-9c78-af3d58b2da7f:0.0.0.0:42489, 7b1e61a0-7daf-43dd-99d5-9b325c1d31ae:0.0.0.0:38412], old=null
2019-10-20 17:40:16,549 [grpc-default-executor-0] INFO  impl.RaftServerImpl (RaftServerImpl.java:setRole(184)) - 7b1e61a0-7daf-43dd-99d5-9b325c1d31ae@group-091950D56227: changes role from  FOLLOWER to FOLLOWER at term 205 for recognizeCandidate:8f18dce1-0a3d-4b65-9c78-af3d58b2da7f
2019-10-20 17:40:16,549 [grpc-default-executor-1] INFO  impl.RaftServerImpl (RaftServerImpl.java:setRole(184)) - 8a63e1ae-032e-4bed-9f20-125a11f65413@group-091950D56227: changes role from  FOLLOWER to FOLLOWER at term 205 for recognizeCandidate:8f18dce1-0a3d-4b65-9c78-af3d58b2da7f
2019-10-20 17:40:16,549 [grpc-default-executor-1] INFO  impl.RoleInfo (RoleInfo.java:shutdownFollowerState(121)) - 8a63e1ae-032e-4bed-9f20-125a11f65413: shutdown FollowerState
2019-10-20 17:40:16,549 [grpc-default-executor-0] INFO  impl.RoleInfo (RoleInfo.java:shutdownFollowerState(121)) - 7b1e61a0-7daf-43dd-99d5-9b325c1d31ae: shutdown FollowerState
2019-10-20 17:40:16,549 [Thread-1244] INFO  impl.FollowerState (FollowerState.java:run(117)) - 8a63e1ae-032e-4bed-9f20-125a11f65413@group-091950D56227-FollowerState was interrupted: java.lang.InterruptedException: sleep interrupted
2019-10-20 17:40:16,549 [grpc-default-executor-1] INFO  impl.RoleInfo (RoleInfo.java:updateAndGet(143)) - 8a63e1ae-032e-4bed-9f20-125a11f65413: start FollowerState
2019-10-20 17:40:16,549 [Thread-1243] INFO  impl.FollowerState (FollowerState.java:run(117)) - 7b1e61a0-7daf-43dd-99d5-9b325c1d31ae@group-091950D56227-FollowerState was interrupted: java.lang.InterruptedException: sleep interrupted
2019-10-20 17:40:16,549 [grpc-default-executor-0] INFO  impl.RoleInfo (RoleInfo.java:updateAndGet(143)) - 7b1e61a0-7daf-43dd-99d5-9b325c1d31ae: start FollowerState
2019-10-20 17:40:16,573 [8f18dce1-0a3d-4b65-9c78-af3d58b2da7f@group-091950D56227-LeaderElection169] INFO  impl.LeaderElection (LeaderElection.java:logAndReturn(56)) - 8f18dce1-0a3d-4b65-9c78-af3d58b2da7f@group-091950D56227-LeaderElection169: Election REJECTED; received 2 response(s) [8f18dce1-0a3d-4b65-9c78-af3d58b2da7f<-8a63e1ae-032e-4bed-9f20-125a11f65413#0:FAIL-t205, 8f18dce1-0a3d-4b65-9c78-af3d58b2da7f<-7b1e61a0-7daf-43dd-99d5-9b325c1d31ae#0:FAIL-t205] and 0 exception(s); 8f18dce1-0a3d-4b65-9c78-af3d58b2da7f@group-091950D56227:t205, leader=null, voted=8f18dce1-0a3d-4b65-9c78-af3d58b2da7f, raftlog=8f18dce1-0a3d-4b65-9c78-af3d58b2da7f@group-091950D56227-SegmentedRaftLog:OPENED:c-1,f-1,i0, conf=-1: [8a63e1ae-032e-4bed-9f20-125a11f65413:0.0.0.0:38685, 8f18dce1-0a3d-4b65-9c78-af3d58b2da7f:0.0.0.0:42489, 7b1e61a0-7daf-43dd-99d5-9b325c1d31ae:0.0.0.0:38412], old=null
2019-10-20 17:40:16,573 [8f18dce1-0a3d-4b65-9c78-af3d58b2da7f@group-091950D56227-LeaderElection169] INFO  impl.RaftServerImpl (RaftServerImpl.java:setRole(184)) - 8f18dce1-0a3d-4b65-9c78-af3d58b2da7f@group-091950D56227: changes role from CANDIDATE to FOLLOWER at term 205 for DISCOVERED_A_NEW_TERM
2019-10-20 17:40:16,574 [8f18dce1-0a3d-4b65-9c78-af3d58b2da7f@group-091950D56227-LeaderElection169] INFO  impl.RoleInfo (RoleInfo.java:shutdownLeaderElection(134)) - 8f18dce1-0a3d-4b65-9c78-af3d58b2da7f: shutdown LeaderElection
2019-10-20 17:40:16,574 [8f18dce1-0a3d-4b65-9c78-af3d58b2da7f@group-091950D56227-LeaderElection169] INFO  impl.RoleInfo (RoleInfo.java:updateAndGet(143)) - 8f18dce1-0a3d-4b65-9c78-af3d58b2da7f: start FollowerState
2019-10-20 17:40:16,654 [Thread-1251] INFO  impl.FollowerState (FollowerState.java:run(108)) - 8f18dce1-0a3d-4b65-9c78-af3d58b2da7f@group-091950D56227-FollowerState: change to CANDIDATE, lastRpcTime:80ms, electionTimeout:80ms
2019-10-20 17:40:16,654 [Thread-1251] INFO  impl.RoleInfo (RoleInfo.java:shutdownFollowerState(121)) - 8f18dce1-0a3d-4b65-9c78-af3d58b2da7f: shutdown FollowerState
2019-10-20 17:40:16,654 [Thread-1251] INFO  impl.RaftServerImpl (RaftServerImpl.java:setRole(184)) - 8f18dce1-0a3d-4b65-9c78-af3d58b2da7f@group-091950D56227: changes role from  FOLLOWER to CANDIDATE at term 205 for changeToCandidate
2019-10-20 17:40:16,655 [Thread-1251] INFO  impl.RoleInfo (RoleInfo.java:updateAndGet(143)) - 8f18dce1-0a3d-4b65-9c78-af3d58b2da7f: start LeaderElection
2019-10-20 17:40:16,684 [8f18dce1-0a3d-4b65-9c78-af3d58b2da7f@group-091950D56227-LeaderElection170] INFO  impl.LeaderElection (LeaderElection.java:askForVotes(178)) - 8f18dce1-0a3d-4b65-9c78-af3d58b2da7f@group-091950D56227-LeaderElection170: begin an election at term 206 for -1: [8a63e1ae-032e-4bed-9f20-125a11f65413:0.0.0.0:38685, 8f18dce1-0a3d-4b65-9c78-af3d58b2da7f:0.0.0.0:42489, 7b1e61a0-7daf-43dd-99d5-9b325c1d31ae:0.0.0.0:38412], old=null
2019-10-20 17:40:16,686 [grpc-default-executor-1] INFO  impl.RaftServerImpl (RaftServerImpl.java:setRole(184)) - 8a63e1ae-032e-4bed-9f20-125a11f65413@group-091950D56227: changes role from  FOLLOWER to FOLLOWER at term 206 for recognizeCandidate:8f18dce1-0a3d-4b65-9c78-af3d58b2da7f
2019-10-20 17:40:16,686 [grpc-default-executor-0] INFO  impl.RaftServerImpl (RaftServerImpl.java:setRole(184)) - 7b1e61a0-7daf-43dd-99d5-9b325c1d31ae@group-091950D56227: changes role from  FOLLOWER to FOLLOWER at term 206 for recognizeCandidate:8f18dce1-0a3d-4b65-9c78-af3d58b2da7f
2019-10-20 17:40:16,686 [grpc-default-executor-1] INFO  impl.RoleInfo (RoleInfo.java:shutdownFollowerState(121)) - 8a63e1ae-032e-4bed-9f20-125a11f65413: shutdown FollowerState
2019-10-20 17:40:16,687 [grpc-default-executor-0] INFO  impl.RoleInfo (RoleInfo.java:shutdownFollowerState(121)) - 7b1e61a0-7daf-43dd-99d5-9b325c1d31ae: shutdown FollowerState
2019-10-20 17:40:16,687 [Thread-1249] INFO  impl.FollowerState (FollowerState.java:run(117)) - 8a63e1ae-032e-4bed-9f20-125a11f65413@group-091950D56227-FollowerState was interrupted: java.lang.InterruptedException: sleep interrupted
2019-10-20 17:40:16,687 [grpc-default-executor-1] INFO  impl.RoleInfo (RoleInfo.java:updateAndGet(143)) - 8a63e1ae-032e-4bed-9f20-125a11f65413: start FollowerState
2019-10-20 17:40:16,687 [Thread-1250] INFO  impl.FollowerState (FollowerState.java:run(117)) - 7b1e61a0-7daf-43dd-99d5-9b325c1d31ae@group-091950D56227-FollowerState was interrupted: java.lang.InterruptedException: sleep interrupted
2019-10-20 17:40:16,687 [grpc-default-executor-0] INFO  impl.RoleInfo (RoleInfo.java:updateAndGet(143)) - 7b1e61a0-7daf-43dd-99d5-9b325c1d31ae: start FollowerState
2019-10-20 17:40:16,711 [8f18dce1-0a3d-4b65-9c78-af3d58b2da7f@group-091950D56227-LeaderElection170] INFO  impl.LeaderElection (LeaderElection.java:logAndReturn(56)) - 8f18dce1-0a3d-4b65-9c78-af3d58b2da7f@group-091950D56227-LeaderElection170: Election REJECTED; received 2 response(s) [8f18dce1-0a3d-4b65-9c78-af3d58b2da7f<-8a63e1ae-032e-4bed-9f20-125a11f65413#0:FAIL-t206, 8f18dce1-0a3d-4b65-9c78-af3d58b2da7f<-7b1e61a0-7daf-43dd-99d5-9b325c1d31ae#0:FAIL-t206] and 0 exception(s); 8f18dce1-0a3d-4b65-9c78-af3d58b2da7f@group-091950D56227:t206, leader=null, voted=8f18dce1-0a3d-4b65-9c78-af3d58b2da7f, raftlog=8f18dce1-0a3d-4b65-9c78-af3d58b2da7f@group-091950D56227-SegmentedRaftLog:OPENED:c-1,f-1,i0, conf=-1: [8a63e1ae-032e-4bed-9f20-125a11f65413:0.0.0.0:38685, 8f18dce1-0a3d-4b65-9c78-af3d58b2da7f:0.0.0.0:42489, 7b1e61a0-7daf-43dd-99d5-9b325c1d31ae:0.0.0.0:38412], old=null
2019-10-20 17:40:16,711 [8f18dce1-0a3d-4b65-9c78-af3d58b2da7f@group-091950D56227-LeaderElection170] INFO  impl.RaftServerImpl (RaftServerImpl.java:setRole(184)) - 8f18dce1-0a3d-4b65-9c78-af3d58b2da7f@group-091950D56227: changes role from CANDIDATE to FOLLOWER at term 206 for DISCOVERED_A_NEW_TERM
2019-10-20 17:40:16,712 [8f18dce1-0a3d-4b65-9c78-af3d58b2da7f@group-091950D56227-LeaderElection170] INFO  impl.RoleInfo (RoleInfo.java:shutdownLeaderElection(134)) - 8f18dce1-0a3d-4b65-9c78-af3d58b2da7f: shutdown LeaderElection
2019-10-20 17:40:16,712 [8f18dce1-0a3d-4b65-9c78-af3d58b2da7f@group-091950D56227-LeaderElection170] INFO  impl.RoleInfo (RoleInfo.java:updateAndGet(143)) - 8f18dce1-0a3d-4b65-9c78-af3d58b2da7f: start FollowerState
2019-10-20 17:40:16,724 [Thread-1257] INFO  impl.FollowerState (FollowerState.java:run(108)) - 8f18dce1-0a3d-4b65-9c78-af3d58b2da7f@group-091950D56227-FollowerState: change to CANDIDATE, lastRpcTime:12ms, electionTimeout:12ms
2019-10-20 17:40:16,724 [Thread-1257] INFO  impl.RoleInfo (RoleInfo.java:shutdownFollowerState(121)) - 8f18dce1-0a3d-4b65-9c78-af3d58b2da7f: shutdown FollowerState
2019-10-20 17:40:16,725 [Thread-1257] INFO  impl.RaftServerImpl (RaftServerImpl.java:setRole(184)) - 8f18dce1-0a3d-4b65-9c78-af3d58b2da7f@group-091950D56227: changes role from  FOLLOWER to CANDIDATE at term 206 for changeToCandidate
2019-10-20 17:40:16,725 [Thread-1257] INFO  impl.RoleInfo (RoleInfo.java:updateAndGet(143)) - 8f18dce1-0a3d-4b65-9c78-af3d58b2da7f: start LeaderElection
2019-10-20 17:40:16,753 [8f18dce1-0a3d-4b65-9c78-af3d58b2da7f@group-091950D56227-LeaderElection171] INFO  impl.LeaderElection (LeaderElection.java:askForVotes(178)) - 8f18dce1-0a3d-4b65-9c78-af3d58b2da7f@group-091950D56227-LeaderElection171: begin an election at term 207 for -1: [8a63e1ae-032e-4bed-9f20-125a11f65413:0.0.0.0:38685, 8f18dce1-0a3d-4b65-9c78-af3d58b2da7f:0.0.0.0:42489, 7b1e61a0-7daf-43dd-99d5-9b325c1d31ae:0.0.0.0:38412], old=null
2019-10-20 17:40:16,755 [grpc-default-executor-1] INFO  impl.RaftServerImpl (RaftServerImpl.java:setRole(184)) - 8a63e1ae-032e-4bed-9f20-125a11f65413@group-091950D56227: changes role from  FOLLOWER to FOLLOWER at term 207 for recognizeCandidate:8f18dce1-0a3d-4b65-9c78-af3d58b2da7f
2019-10-20 17:40:16,755 [grpc-default-executor-0] INFO  impl.RaftServerImpl (RaftServerImpl.java:setRole(184)) - 7b1e61a0-7daf-43dd-99d5-9b325c1d31ae@group-091950D56227: changes role from  FOLLOWER to FOLLOWER at term 207 for recognizeCandidate:8f18dce1-0a3d-4b65-9c78-af3d58b2da7f
2019-10-20 17:40:16,755 [grpc-default-executor-1] INFO  impl.RoleInfo (RoleInfo.java:shutdownFollowerState(121)) - 8a63e1ae-032e-4bed-9f20-125a11f65413: shutdown FollowerState
2019-10-20 17:40:16,755 [grpc-default-executor-0] INFO  impl.RoleInfo (RoleInfo.java:shutdownFollowerState(121)) - 7b1e61a0-7daf-43dd-99d5-9b325c1d31ae: shutdown FollowerState
2019-10-20 17:40:16,756 [Thread-1255] INFO  impl.FollowerState (FollowerState.java:run(117)) - 8a63e1ae-032e-4bed-9f20-125a11f65413@group-091950D56227-FollowerState was interrupted: java.lang.InterruptedException: sleep interrupted
2019-10-20 17:40:16,755 [grpc-default-executor-1] INFO  impl.RoleInfo (RoleInfo.java:updateAndGet(143)) - 8a63e1ae-032e-4bed-9f20-125a11f65413: start FollowerState
2019-10-20 17:40:16,756 [Thread-1256] INFO  impl.FollowerState (FollowerState.java:run(117)) - 7b1e61a0-7daf-43dd-99d5-9b325c1d31ae@group-091950D56227-FollowerState was interrupted: java.lang.InterruptedException: sleep interrupted
2019-10-20 17:40:16,756 [grpc-default-executor-0] INFO  impl.RoleInfo (RoleInfo.java:updateAndGet(143)) - 7b1e61a0-7daf-43dd-99d5-9b325c1d31ae: start FollowerState
2019-10-20 17:40:16,780 [8f18dce1-0a3d-4b65-9c78-af3d58b2da7f@group-091950D56227-LeaderElection171] INFO  impl.LeaderElection (LeaderElection.java:logAndReturn(56)) - 8f18dce1-0a3d-4b65-9c78-af3d58b2da7f@group-091950D56227-LeaderElection171: Election REJECTED; received 2 response(s) [8f18dce1-0a3d-4b65-9c78-af3d58b2da7f<-8a63e1ae-032e-4bed-9f20-125a11f65413#0:FAIL-t207, 8f18dce1-0a3d-4b65-9c78-af3d58b2da7f<-7b1e61a0-7daf-43dd-99d5-9b325c1d31ae#0:FAIL-t207] and 0 exception(s); 8f18dce1-0a3d-4b65-9c78-af3d58b2da7f@group-091950D56227:t207, leader=null, voted=8f18dce1-0a3d-4b65-9c78-af3d58b2da7f, raftlog=8f18dce1-0a3d-4b65-9c78-af3d58b2da7f@group-091950D56227-SegmentedRaftLog:OPENED:c-1,f-1,i0, conf=-1: [8a63e1ae-032e-4bed-9f20-125a11f65413:0.0.0.0:38685, 8f18dce1-0a3d-4b65-9c78-af3d58b2da7f:0.0.0.0:42489, 7b1e61a0-7daf-43dd-99d5-9b325c1d31ae:0.0.0.0:38412], old=null
2019-10-20 17:40:16,780 [8f18dce1-0a3d-4b65-9c78-af3d58b2da7f@group-091950D56227-LeaderElection171] INFO  impl.RaftServerImpl (RaftServerImpl.java:setRole(184)) - 8f18dce1-0a3d-4b65-9c78-af3d58b2da7f@group-091950D56227: changes role from CANDIDATE to FOLLOWER at term 207 for DISCOVERED_A_NEW_TERM
2019-10-20 17:40:16,780 [8f18dce1-0a3d-4b65-9c78-af3d58b2da7f@group-091950D56227-LeaderElection171] INFO  impl.RoleInfo (RoleInfo.java:shutdownLeaderElection(134)) - 8f18dce1-0a3d-4b65-9c78-af3d58b2da7f: shutdown LeaderElection
2019-10-20 17:40:16,780 [8f18dce1-0a3d-4b65-9c78-af3d58b2da7f@group-091950D56227-LeaderElection171] INFO  impl.RoleInfo (RoleInfo.java:updateAndGet(143)) - 8f18dce1-0a3d-4b65-9c78-af3d58b2da7f: start FollowerState
2019-10-20 17:40:16,800 [Thread-1263] INFO  impl.FollowerState (FollowerState.java:run(108)) - 8f18dce1-0a3d-4b65-9c78-af3d58b2da7f@group-091950D56227-FollowerState: change to CANDIDATE, lastRpcTime:20ms, electionTimeout:20ms
2019-10-20 17:40:16,801 [Thread-1263] INFO  impl.RoleInfo (RoleInfo.java:shutdownFollowerState(121)) - 8f18dce1-0a3d-4b65-9c78-af3d58b2da7f: shutdown FollowerState
2019-10-20 17:40:16,801 [Thread-1263] INFO  impl.RaftServerImpl (RaftServerImpl.java:setRole(184)) - 8f18dce1-0a3d-4b65-9c78-af3d58b2da7f@group-091950D56227: changes role from  FOLLOWER to CANDIDATE at term 207 for changeToCandidate
2019-10-20 17:40:16,801 [Thread-1263] INFO  impl.RoleInfo (RoleInfo.java:updateAndGet(143)) - 8f18dce1-0a3d-4b65-9c78-af3d58b2da7f: start LeaderElection
2019-10-20 17:40:16,830 [8f18dce1-0a3d-4b65-9c78-af3d58b2da7f@group-091950D56227-LeaderElection172] INFO  impl.LeaderElection (LeaderElection.java:askForVotes(178)) - 8f18dce1-0a3d-4b65-9c78-af3d58b2da7f@group-091950D56227-LeaderElection172: begin an election at term 208 for -1: [8a63e1ae-032e-4bed-9f20-125a11f65413:0.0.0.0:38685, 8f18dce1-0a3d-4b65-9c78-af3d58b2da7f:0.0.0.0:42489, 7b1e61a0-7daf-43dd-99d5-9b325c1d31ae:0.0.0.0:38412], old=null
2019-10-20 17:40:16,831 [grpc-default-executor-0] INFO  impl.RaftServerImpl (RaftServerImpl.java:setRole(184)) - 8a63e1ae-032e-4bed-9f20-125a11f65413@group-091950D56227: changes role from  FOLLOWER to FOLLOWER at term 208 for recognizeCandidate:8f18dce1-0a3d-4b65-9c78-af3d58b2da7f
2019-10-20 17:40:16,832 [grpc-default-executor-0] INFO  impl.RoleInfo (RoleInfo.java:shutdownFollowerState(121)) - 8a63e1ae-032e-4bed-9f20-125a11f65413: shutdown FollowerState
2019-10-20 17:40:16,832 [grpc-default-executor-1] INFO  impl.RaftServerImpl (RaftServerImpl.java:setRole(184)) - 7b1e61a0-7daf-43dd-99d5-9b325c1d31ae@group-091950D56227: changes role from  FOLLOWER to FOLLOWER at term 208 for recognizeCandidate:8f18dce1-0a3d-4b65-9c78-af3d58b2da7f
2019-10-20 17:40:16,832 [grpc-default-executor-1] INFO  impl.RoleInfo (RoleInfo.java:shutdownFollowerState(121)) - 7b1e61a0-7daf-43dd-99d5-9b325c1d31ae: shutdown FollowerState
2019-10-20 17:40:16,832 [Thread-1261] INFO  impl.FollowerState (FollowerState.java:run(117)) - 8a63e1ae-032e-4bed-9f20-125a11f65413@group-091950D56227-FollowerState was interrupted: java.lang.InterruptedException: sleep interrupted
2019-10-20 17:40:16,832 [grpc-default-executor-0] INFO  impl.RoleInfo (RoleInfo.java:updateAndGet(143)) - 8a63e1ae-032e-4bed-9f20-125a11f65413: start FollowerState
2019-10-20 17:40:16,832 [Thread-1262] INFO  impl.FollowerState (FollowerState.java:run(117)) - 7b1e61a0-7daf-43dd-99d5-9b325c1d31ae@group-091950D56227-FollowerState was interrupted: java.lang.InterruptedException: sleep interrupted
2019-10-20 17:40:16,832 [grpc-default-executor-1] INFO  impl.RoleInfo (RoleInfo.java:updateAndGet(143)) - 7b1e61a0-7daf-43dd-99d5-9b325c1d31ae: start FollowerState
2019-10-20 17:40:16,857 [8f18dce1-0a3d-4b65-9c78-af3d58b2da7f@group-091950D56227-LeaderElection172] INFO  impl.LeaderElection (LeaderElection.java:logAndReturn(56)) - 8f18dce1-0a3d-4b65-9c78-af3d58b2da7f@group-091950D56227-LeaderElection172: Election REJECTED; received 2 response(s) [8f18dce1-0a3d-4b65-9c78-af3d58b2da7f<-8a63e1ae-032e-4bed-9f20-125a11f65413#0:FAIL-t208, 8f18dce1-0a3d-4b65-9c78-af3d58b2da7f<-7b1e61a0-7daf-43dd-99d5-9b325c1d31ae#0:FAIL-t208] and 0 exception(s); 8f18dce1-0a3d-4b65-9c78-af3d58b2da7f@group-091950D56227:t208, leader=null, voted=8f18dce1-0a3d-4b65-9c78-af3d58b2da7f, raftlog=8f18dce1-0a3d-4b65-9c78-af3d58b2da7f@group-091950D56227-SegmentedRaftLog:OPENED:c-1,f-1,i0, conf=-1: [8a63e1ae-032e-4bed-9f20-125a11f65413:0.0.0.0:38685, 8f18dce1-0a3d-4b65-9c78-af3d58b2da7f:0.0.0.0:42489, 7b1e61a0-7daf-43dd-99d5-9b325c1d31ae:0.0.0.0:38412], old=null
2019-10-20 17:40:16,857 [8f18dce1-0a3d-4b65-9c78-af3d58b2da7f@group-091950D56227-LeaderElection172] INFO  impl.RaftServerImpl (RaftServerImpl.java:setRole(184)) - 8f18dce1-0a3d-4b65-9c78-af3d58b2da7f@group-091950D56227: changes role from CANDIDATE to FOLLOWER at term 208 for DISCOVERED_A_NEW_TERM
2019-10-20 17:40:16,857 [8f18dce1-0a3d-4b65-9c78-af3d58b2da7f@group-091950D56227-LeaderElection172] INFO  impl.RoleInfo (RoleInfo.java:shutdownLeaderElection(134)) - 8f18dce1-0a3d-4b65-9c78-af3d58b2da7f: shutdown LeaderElection
2019-10-20 17:40:16,857 [8f18dce1-0a3d-4b65-9c78-af3d58b2da7f@group-091950D56227-LeaderElection172] INFO  impl.RoleInfo (RoleInfo.java:updateAndGet(143)) - 8f18dce1-0a3d-4b65-9c78-af3d58b2da7f: start FollowerState
2019-10-20 17:40:16,877 [Thread-1269] INFO  impl.FollowerState (FollowerState.java:run(108)) - 8f18dce1-0a3d-4b65-9c78-af3d58b2da7f@group-091950D56227-FollowerState: change to CANDIDATE, lastRpcTime:19ms, electionTimeout:19ms
2019-10-20 17:40:16,877 [Thread-1269] INFO  impl.RoleInfo (RoleInfo.java:shutdownFollowerState(121)) - 8f18dce1-0a3d-4b65-9c78-af3d58b2da7f: shutdown FollowerState
2019-10-20 17:40:16,877 [Thread-1269] INFO  impl.RaftServerImpl (RaftServerImpl.java:setRole(184)) - 8f18dce1-0a3d-4b65-9c78-af3d58b2da7f@group-091950D56227: changes role from  FOLLOWER to CANDIDATE at term 208 for changeToCandidate
2019-10-20 17:40:16,877 [Thread-1269] INFO  impl.RoleInfo (RoleInfo.java:updateAndGet(143)) - 8f18dce1-0a3d-4b65-9c78-af3d58b2da7f: start LeaderElection
2019-10-20 17:40:16,907 [8f18dce1-0a3d-4b65-9c78-af3d58b2da7f@group-091950D56227-LeaderElection173] INFO  impl.LeaderElection (LeaderElection.java:askForVotes(178)) - 8f18dce1-0a3d-4b65-9c78-af3d58b2da7f@group-091950D56227-LeaderElection173: begin an election at term 209 for -1: [8a63e1ae-032e-4bed-9f20-125a11f65413:0.0.0.0:38685, 8f18dce1-0a3d-4b65-9c78-af3d58b2da7f:0.0.0.0:42489, 7b1e61a0-7daf-43dd-99d5-9b325c1d31ae:0.0.0.0:38412], old=null
2019-10-20 17:40:16,909 [grpc-default-executor-1] INFO  impl.RaftServerImpl (RaftServerImpl.java:setRole(184)) - 8a63e1ae-032e-4bed-9f20-125a11f65413@group-091950D56227: changes role from  FOLLOWER to FOLLOWER at term 209 for recognizeCandidate:8f18dce1-0a3d-4b65-9c78-af3d58b2da7f
2019-10-20 17:40:16,909 [grpc-default-executor-0] INFO  impl.RaftServerImpl (RaftServerImpl.java:setRole(184)) - 7b1e61a0-7daf-43dd-99d5-9b325c1d31ae@group-091950D56227: changes role from  FOLLOWER to FOLLOWER at term 209 for recognizeCandidate:8f18dce1-0a3d-4b65-9c78-af3d58b2da7f
2019-10-20 17:40:16,909 [grpc-default-executor-1] INFO  impl.RoleInfo (RoleInfo.java:shutdownFollowerState(121)) - 8a63e1ae-032e-4bed-9f20-125a11f65413: shutdown FollowerState
2019-10-20 17:40:16,909 [grpc-default-executor-0] INFO  impl.RoleInfo (RoleInfo.java:shutdownFollowerState(121)) - 7b1e61a0-7daf-43dd-99d5-9b325c1d31ae: shutdown FollowerState
2019-10-20 17:40:16,909 [Thread-1267] INFO  impl.FollowerState (FollowerState.java:run(117)) - 8a63e1ae-032e-4bed-9f20-125a11f65413@group-091950D56227-FollowerState was interrupted: java.lang.InterruptedException: sleep interrupted
2019-10-20 17:40:16,909 [grpc-default-executor-1] INFO  impl.RoleInfo (RoleInfo.java:updateAndGet(143)) - 8a63e1ae-032e-4bed-9f20-125a11f65413: start FollowerState
2019-10-20 17:40:16,909 [Thread-1268] INFO  impl.FollowerState (FollowerState.java:run(117)) - 7b1e61a0-7daf-43dd-99d5-9b325c1d31ae@group-091950D56227-FollowerState was interrupted: java.lang.InterruptedException: sleep interrupted
2019-10-20 17:40:16,909 [grpc-default-executor-0] INFO  impl.RoleInfo (RoleInfo.java:updateAndGet(143)) - 7b1e61a0-7daf-43dd-99d5-9b325c1d31ae: start FollowerState
2019-10-20 17:40:16,935 [8f18dce1-0a3d-4b65-9c78-af3d58b2da7f@group-091950D56227-LeaderElection173] INFO  impl.LeaderElection (LeaderElection.java:logAndReturn(56)) - 8f18dce1-0a3d-4b65-9c78-af3d58b2da7f@group-091950D56227-LeaderElection173: Election REJECTED; received 2 response(s) [8f18dce1-0a3d-4b65-9c78-af3d58b2da7f<-8a63e1ae-032e-4bed-9f20-125a11f65413#0:FAIL-t209, 8f18dce1-0a3d-4b65-9c78-af3d58b2da7f<-7b1e61a0-7daf-43dd-99d5-9b325c1d31ae#0:FAIL-t209] and 0 exception(s); 8f18dce1-0a3d-4b65-9c78-af3d58b2da7f@group-091950D56227:t209, leader=null, voted=8f18dce1-0a3d-4b65-9c78-af3d58b2da7f, raftlog=8f18dce1-0a3d-4b65-9c78-af3d58b2da7f@group-091950D56227-SegmentedRaftLog:OPENED:c-1,f-1,i0, conf=-1: [8a63e1ae-032e-4bed-9f20-125a11f65413:0.0.0.0:38685, 8f18dce1-0a3d-4b65-9c78-af3d58b2da7f:0.0.0.0:42489, 7b1e61a0-7daf-43dd-99d5-9b325c1d31ae:0.0.0.0:38412], old=null
2019-10-20 17:40:16,935 [8f18dce1-0a3d-4b65-9c78-af3d58b2da7f@group-091950D56227-LeaderElection173] INFO  impl.RaftServerImpl (RaftServerImpl.java:setRole(184)) - 8f18dce1-0a3d-4b65-9c78-af3d58b2da7f@group-091950D56227: changes role from CANDIDATE to FOLLOWER at term 209 for DISCOVERED_A_NEW_TERM
2019-10-20 17:40:16,935 [8f18dce1-0a3d-4b65-9c78-af3d58b2da7f@group-091950D56227-LeaderElection173] INFO  impl.RoleInfo (RoleInfo.java:shutdownLeaderElection(134)) - 8f18dce1-0a3d-4b65-9c78-af3d58b2da7f: shutdown LeaderElection
2019-10-20 17:40:16,935 [8f18dce1-0a3d-4b65-9c78-af3d58b2da7f@group-091950D56227-LeaderElection173] INFO  impl.RoleInfo (RoleInfo.java:updateAndGet(143)) - 8f18dce1-0a3d-4b65-9c78-af3d58b2da7f: start FollowerState
2019-10-20 17:40:16,954 [Thread-1275] INFO  impl.FollowerState (FollowerState.java:run(108)) - 8f18dce1-0a3d-4b65-9c78-af3d58b2da7f@group-091950D56227-FollowerState: change to CANDIDATE, lastRpcTime:19ms, electionTimeout:19ms
2019-10-20 17:40:16,955 [Thread-1275] INFO  impl.RoleInfo (RoleInfo.java:shutdownFollowerState(121)) - 8f18dce1-0a3d-4b65-9c78-af3d58b2da7f: shutdown FollowerState
2019-10-20 17:40:16,955 [Thread-1275] INFO  impl.RaftServerImpl (RaftServerImpl.java:setRole(184)) - 8f18dce1-0a3d-4b65-9c78-af3d58b2da7f@group-091950D56227: changes role from  FOLLOWER to CANDIDATE at term 209 for changeToCandidate
2019-10-20 17:40:16,955 [Thread-1275] INFO  impl.RoleInfo (RoleInfo.java:updateAndGet(143)) - 8f18dce1-0a3d-4b65-9c78-af3d58b2da7f: start LeaderElection
2019-10-20 17:40:16,985 [8f18dce1-0a3d-4b65-9c78-af3d58b2da7f@group-091950D56227-LeaderElection174] INFO  impl.LeaderElection (LeaderElection.java:askForVotes(178)) - 8f18dce1-0a3d-4b65-9c78-af3d58b2da7f@group-091950D56227-LeaderElection174: begin an election at term 210 for -1: [8a63e1ae-032e-4bed-9f20-125a11f65413:0.0.0.0:38685, 8f18dce1-0a3d-4b65-9c78-af3d58b2da7f:0.0.0.0:42489, 7b1e61a0-7daf-43dd-99d5-9b325c1d31ae:0.0.0.0:38412], old=null
2019-10-20 17:40:16,987 [grpc-default-executor-1] INFO  impl.RaftServerImpl (RaftServerImpl.java:setRole(184)) - 8a63e1ae-032e-4bed-9f20-125a11f65413@group-091950D56227: changes role from  FOLLOWER to FOLLOWER at term 210 for recognizeCandidate:8f18dce1-0a3d-4b65-9c78-af3d58b2da7f
2019-10-20 17:40:16,987 [grpc-default-executor-0] INFO  impl.RaftServerImpl (RaftServerImpl.java:setRole(184)) - 7b1e61a0-7daf-43dd-99d5-9b325c1d31ae@group-091950D56227: changes role from  FOLLOWER to FOLLOWER at term 210 for recognizeCandidate:8f18dce1-0a3d-4b65-9c78-af3d58b2da7f
2019-10-20 17:40:16,987 [grpc-default-executor-1] INFO  impl.RoleInfo (RoleInfo.java:shutdownFollowerState(121)) - 8a63e1ae-032e-4bed-9f20-125a11f65413: shutdown FollowerState
2019-10-20 17:40:16,987 [grpc-default-executor-0] INFO  impl.RoleInfo (RoleInfo.java:shutdownFollowerState(121)) - 7b1e61a0-7daf-43dd-99d5-9b325c1d31ae: shutdown FollowerState
2019-10-20 17:40:16,987 [Thread-1273] INFO  impl.FollowerState (FollowerState.java:run(117)) - 8a63e1ae-032e-4bed-9f20-125a11f65413@group-091950D56227-FollowerState was interrupted: java.lang.InterruptedException: sleep interrupted
2019-10-20 17:40:16,987 [grpc-default-executor-1] INFO  impl.RoleInfo (RoleInfo.java:updateAndGet(143)) - 8a63e1ae-032e-4bed-9f20-125a11f65413: start FollowerState
2019-10-20 17:40:16,988 [grpc-default-executor-0] INFO  impl.RoleInfo (RoleInfo.java:updateAndGet(143)) - 7b1e61a0-7daf-43dd-99d5-9b325c1d31ae: start FollowerState
2019-10-20 17:40:16,988 [Thread-1274] INFO  impl.FollowerState (FollowerState.java:run(117)) - 7b1e61a0-7daf-43dd-99d5-9b325c1d31ae@group-091950D56227-FollowerState was interrupted: java.lang.InterruptedException: sleep interrupted
2019-10-20 17:40:17,012 [8f18dce1-0a3d-4b65-9c78-af3d58b2da7f@group-091950D56227-LeaderElection174] INFO  impl.LeaderElection (LeaderElection.java:logAndReturn(56)) - 8f18dce1-0a3d-4b65-9c78-af3d58b2da7f@group-091950D56227-LeaderElection174: Election REJECTED; received 2 response(s) [8f18dce1-0a3d-4b65-9c78-af3d58b2da7f<-8a63e1ae-032e-4bed-9f20-125a11f65413#0:FAIL-t210, 8f18dce1-0a3d-4b65-9c78-af3d58b2da7f<-7b1e61a0-7daf-43dd-99d5-9b325c1d31ae#0:FAIL-t210] and 0 exception(s); 8f18dce1-0a3d-4b65-9c78-af3d58b2da7f@group-091950D56227:t210, leader=null, voted=8f18dce1-0a3d-4b65-9c78-af3d58b2da7f, raftlog=8f18dce1-0a3d-4b65-9c78-af3d58b2da7f@group-091950D56227-SegmentedRaftLog:OPENED:c-1,f-1,i0, conf=-1: [8a63e1ae-032e-4bed-9f20-125a11f65413:0.0.0.0:38685, 8f18dce1-0a3d-4b65-9c78-af3d58b2da7f:0.0.0.0:42489, 7b1e61a0-7daf-43dd-99d5-9b325c1d31ae:0.0.0.0:38412], old=null
2019-10-20 17:40:17,012 [8f18dce1-0a3d-4b65-9c78-af3d58b2da7f@group-091950D56227-LeaderElection174] INFO  impl.RaftServerImpl (RaftServerImpl.java:setRole(184)) - 8f18dce1-0a3d-4b65-9c78-af3d58b2da7f@group-091950D56227: changes role from CANDIDATE to FOLLOWER at term 210 for DISCOVERED_A_NEW_TERM
2019-10-20 17:40:17,012 [8f18dce1-0a3d-4b65-9c78-af3d58b2da7f@group-091950D56227-LeaderElection174] INFO  impl.RoleInfo (RoleInfo.java:shutdownLeaderElection(134)) - 8f18dce1-0a3d-4b65-9c78-af3d58b2da7f: shutdown LeaderElection
2019-10-20 17:40:17,012 [8f18dce1-0a3d-4b65-9c78-af3d58b2da7f@group-091950D56227-LeaderElection174] INFO  impl.RoleInfo (RoleInfo.java:updateAndGet(143)) - 8f18dce1-0a3d-4b65-9c78-af3d58b2da7f: start FollowerState
2019-10-20 17:40:17,151 [Thread-1281] INFO  impl.FollowerState (FollowerState.java:run(108)) - 8f18dce1-0a3d-4b65-9c78-af3d58b2da7f@group-091950D56227-FollowerState: change to CANDIDATE, lastRpcTime:138ms, electionTimeout:138ms
2019-10-20 17:40:17,151 [Thread-1281] INFO  impl.RoleInfo (RoleInfo.java:shutdownFollowerState(121)) - 8f18dce1-0a3d-4b65-9c78-af3d58b2da7f: shutdown FollowerState
2019-10-20 17:40:17,151 [Thread-1281] INFO  impl.RaftServerImpl (RaftServerImpl.java:setRole(184)) - 8f18dce1-0a3d-4b65-9c78-af3d58b2da7f@group-091950D56227: changes role from  FOLLOWER to CANDIDATE at term 210 for changeToCandidate
2019-10-20 17:40:17,152 [Thread-1281] INFO  impl.RoleInfo (RoleInfo.java:updateAndGet(143)) - 8f18dce1-0a3d-4b65-9c78-af3d58b2da7f: start LeaderElection
2019-10-20 17:40:17,179 [8f18dce1-0a3d-4b65-9c78-af3d58b2da7f@group-091950D56227-LeaderElection175] INFO  impl.LeaderElection (LeaderElection.java:askForVotes(178)) - 8f18dce1-0a3d-4b65-9c78-af3d58b2da7f@group-091950D56227-LeaderElection175: begin an election at term 211 for -1: [8a63e1ae-032e-4bed-9f20-125a11f65413:0.0.0.0:38685, 8f18dce1-0a3d-4b65-9c78-af3d58b2da7f:0.0.0.0:42489, 7b1e61a0-7daf-43dd-99d5-9b325c1d31ae:0.0.0.0:38412], old=null
2019-10-20 17:40:17,182 [grpc-default-executor-0] INFO  impl.RaftServerImpl (RaftServerImpl.java:setRole(184)) - 8a63e1ae-032e-4bed-9f20-125a11f65413@group-091950D56227: changes role from  FOLLOWER to FOLLOWER at term 211 for recognizeCandidate:8f18dce1-0a3d-4b65-9c78-af3d58b2da7f
2019-10-20 17:40:17,182 [grpc-default-executor-1] INFO  impl.RaftServerImpl (RaftServerImpl.java:setRole(184)) - 7b1e61a0-7daf-43dd-99d5-9b325c1d31ae@group-091950D56227: changes role from  FOLLOWER to FOLLOWER at term 211 for recognizeCandidate:8f18dce1-0a3d-4b65-9c78-af3d58b2da7f
2019-10-20 17:40:17,182 [grpc-default-executor-0] INFO  impl.RoleInfo (RoleInfo.java:shutdownFollowerState(121)) - 8a63e1ae-032e-4bed-9f20-125a11f65413: shutdown FollowerState
2019-10-20 17:40:17,182 [grpc-default-executor-1] INFO  impl.RoleInfo (RoleInfo.java:shutdownFollowerState(121)) - 7b1e61a0-7daf-43dd-99d5-9b325c1d31ae: shutdown FollowerState
2019-10-20 17:40:17,182 [Thread-1279] INFO  impl.FollowerState (FollowerState.java:run(117)) - 8a63e1ae-032e-4bed-9f20-125a11f65413@group-091950D56227-FollowerState was interrupted: java.lang.InterruptedException: sleep interrupted
2019-10-20 17:40:17,182 [grpc-default-executor-0] INFO  impl.RoleInfo (RoleInfo.java:updateAndGet(143)) - 8a63e1ae-032e-4bed-9f20-125a11f65413: start FollowerState
2019-10-20 17:40:17,183 [Thread-1280] INFO  impl.FollowerState (FollowerState.java:run(117)) - 7b1e61a0-7daf-43dd-99d5-9b325c1d31ae@group-091950D56227-FollowerState was interrupted: java.lang.InterruptedException: sleep interrupted
2019-10-20 17:40:17,182 [grpc-default-executor-1] INFO  impl.RoleInfo (RoleInfo.java:updateAndGet(143)) - 7b1e61a0-7daf-43dd-99d5-9b325c1d31ae: start FollowerState
2019-10-20 17:40:17,191 [8f18dce1-0a3d-4b65-9c78-af3d58b2da7f@group-091950D56227-LeaderElection175] INFO  impl.LeaderElection (LeaderElection.java:logAndReturn(56)) - 8f18dce1-0a3d-4b65-9c78-af3d58b2da7f@group-091950D56227-LeaderElection175: Election TIMEOUT; received 0 response(s) [] and 0 exception(s); 8f18dce1-0a3d-4b65-9c78-af3d58b2da7f@group-091950D56227:t211, leader=null, voted=8f18dce1-0a3d-4b65-9c78-af3d58b2da7f, raftlog=8f18dce1-0a3d-4b65-9c78-af3d58b2da7f@group-091950D56227-SegmentedRaftLog:OPENED:c-1,f-1,i0, conf=-1: [8a63e1ae-032e-4bed-9f20-125a11f65413:0.0.0.0:38685, 8f18dce1-0a3d-4b65-9c78-af3d58b2da7f:0.0.0.0:42489, 7b1e61a0-7daf-43dd-99d5-9b325c1d31ae:0.0.0.0:38412], old=null
2019-10-20 17:40:17,205 [8f18dce1-0a3d-4b65-9c78-af3d58b2da7f@group-091950D56227-LeaderElection175] INFO  impl.LeaderElection (LeaderElection.java:askForVotes(178)) - 8f18dce1-0a3d-4b65-9c78-af3d58b2da7f@group-091950D56227-LeaderElection175: begin an election at term 212 for -1: [8a63e1ae-032e-4bed-9f20-125a11f65413:0.0.0.0:38685, 8f18dce1-0a3d-4b65-9c78-af3d58b2da7f:0.0.0.0:42489, 7b1e61a0-7daf-43dd-99d5-9b325c1d31ae:0.0.0.0:38412], old=null
2019-10-20 17:40:17,206 [grpc-default-executor-0] INFO  impl.RaftServerImpl (RaftServerImpl.java:setRole(184)) - 7b1e61a0-7daf-43dd-99d5-9b325c1d31ae@group-091950D56227: changes role from  FOLLOWER to FOLLOWER at term 212 for recognizeCandidate:8f18dce1-0a3d-4b65-9c78-af3d58b2da7f
2019-10-20 17:40:17,206 [grpc-default-executor-0] INFO  impl.RoleInfo (RoleInfo.java:shutdownFollowerState(121)) - 7b1e61a0-7daf-43dd-99d5-9b325c1d31ae: shutdown FollowerState
2019-10-20 17:40:17,206 [grpc-default-executor-1] INFO  impl.RaftServerImpl (RaftServerImpl.java:setRole(184)) - 8a63e1ae-032e-4bed-9f20-125a11f65413@group-091950D56227: changes role from  FOLLOWER to FOLLOWER at term 212 for recognizeCandidate:8f18dce1-0a3d-4b65-9c78-af3d58b2da7f
2019-10-20 17:40:17,206 [Thread-1288] INFO  impl.FollowerState (FollowerState.java:run(117)) - 7b1e61a0-7daf-43dd-99d5-9b325c1d31ae@group-091950D56227-FollowerState was interrupted: java.lang.InterruptedException: sleep interrupted
2019-10-20 17:40:17,206 [grpc-default-executor-0] INFO  impl.RoleInfo (RoleInfo.java:updateAndGet(143)) - 7b1e61a0-7daf-43dd-99d5-9b325c1d31ae: start FollowerState
2019-10-20 17:40:17,207 [grpc-default-executor-1] INFO  impl.RoleInfo (RoleInfo.java:shutdownFollowerState(121)) - 8a63e1ae-032e-4bed-9f20-125a11f65413: shutdown FollowerState
2019-10-20 17:40:17,207 [grpc-default-executor-1] INFO  impl.RoleInfo (RoleInfo.java:updateAndGet(143)) - 8a63e1ae-032e-4bed-9f20-125a11f65413: start FollowerState
2019-10-20 17:40:17,207 [Thread-1287] INFO  impl.FollowerState (FollowerState.java:run(117)) - 8a63e1ae-032e-4bed-9f20-125a11f65413@group-091950D56227-FollowerState was interrupted: java.lang.InterruptedException: sleep interrupted
2019-10-20 17:40:17,231 [8f18dce1-0a3d-4b65-9c78-af3d58b2da7f@group-091950D56227-LeaderElection175] INFO  impl.LeaderElection (LeaderElection.java:logAndReturn(56)) - 8f18dce1-0a3d-4b65-9c78-af3d58b2da7f@group-091950D56227-LeaderElection175: Election REJECTED; received 2 response(s) [8f18dce1-0a3d-4b65-9c78-af3d58b2da7f<-8a63e1ae-032e-4bed-9f20-125a11f65413#0:FAIL-t212, 8f18dce1-0a3d-4b65-9c78-af3d58b2da7f<-7b1e61a0-7daf-43dd-99d5-9b325c1d31ae#0:FAIL-t212] and 0 exception(s); 8f18dce1-0a3d-4b65-9c78-af3d58b2da7f@group-091950D56227:t212, leader=null, voted=8f18dce1-0a3d-4b65-9c78-af3d58b2da7f, raftlog=8f18dce1-0a3d-4b65-9c78-af3d58b2da7f@group-091950D56227-SegmentedRaftLog:OPENED:c-1,f-1,i0, conf=-1: [8a63e1ae-032e-4bed-9f20-125a11f65413:0.0.0.0:38685, 8f18dce1-0a3d-4b65-9c78-af3d58b2da7f:0.0.0.0:42489, 7b1e61a0-7daf-43dd-99d5-9b325c1d31ae:0.0.0.0:38412], old=null
2019-10-20 17:40:17,231 [8f18dce1-0a3d-4b65-9c78-af3d58b2da7f@group-091950D56227-LeaderElection175] INFO  impl.RaftServerImpl (RaftServerImpl.java:setRole(184)) - 8f18dce1-0a3d-4b65-9c78-af3d58b2da7f@group-091950D56227: changes role from CANDIDATE to FOLLOWER at term 212 for DISCOVERED_A_NEW_TERM
2019-10-20 17:40:17,231 [8f18dce1-0a3d-4b65-9c78-af3d58b2da7f@group-091950D56227-LeaderElection175] INFO  impl.RoleInfo (RoleInfo.java:shutdownLeaderElection(134)) - 8f18dce1-0a3d-4b65-9c78-af3d58b2da7f: shutdown LeaderElection
2019-10-20 17:40:17,231 [8f18dce1-0a3d-4b65-9c78-af3d58b2da7f@group-091950D56227-LeaderElection175] INFO  impl.RoleInfo (RoleInfo.java:updateAndGet(143)) - 8f18dce1-0a3d-4b65-9c78-af3d58b2da7f: start FollowerState
2019-10-20 17:40:17,235 [Thread-1293] INFO  impl.FollowerState (FollowerState.java:run(108)) - 8f18dce1-0a3d-4b65-9c78-af3d58b2da7f@group-091950D56227-FollowerState: change to CANDIDATE, lastRpcTime:3ms, electionTimeout:3ms
2019-10-20 17:40:17,235 [Thread-1293] INFO  impl.RoleInfo (RoleInfo.java:shutdownFollowerState(121)) - 8f18dce1-0a3d-4b65-9c78-af3d58b2da7f: shutdown FollowerState
2019-10-20 17:40:17,235 [Thread-1293] INFO  impl.RaftServerImpl (RaftServerImpl.java:setRole(184)) - 8f18dce1-0a3d-4b65-9c78-af3d58b2da7f@group-091950D56227: changes role from  FOLLOWER to CANDIDATE at term 212 for changeToCandidate
2019-10-20 17:40:17,235 [Thread-1293] INFO  impl.RoleInfo (RoleInfo.java:updateAndGet(143)) - 8f18dce1-0a3d-4b65-9c78-af3d58b2da7f: start LeaderElection
2019-10-20 17:40:17,256 [8f18dce1-0a3d-4b65-9c78-af3d58b2da7f@group-091950D56227-LeaderElection176] INFO  impl.LeaderElection (LeaderElection.java:askForVotes(178)) - 8f18dce1-0a3d-4b65-9c78-af3d58b2da7f@group-091950D56227-LeaderElection176: begin an election at term 213 for -1: [8a63e1ae-032e-4bed-9f20-125a11f65413:0.0.0.0:38685, 8f18dce1-0a3d-4b65-9c78-af3d58b2da7f:0.0.0.0:42489, 7b1e61a0-7daf-43dd-99d5-9b325c1d31ae:0.0.0.0:38412], old=null
2019-10-20 17:40:17,257 [grpc-default-executor-1] INFO  impl.RaftServerImpl (RaftServerImpl.java:setRole(184)) - 8a63e1ae-032e-4bed-9f20-125a11f65413@group-091950D56227: changes role from  FOLLOWER to FOLLOWER at term 213 for recognizeCandidate:8f18dce1-0a3d-4b65-9c78-af3d58b2da7f
2019-10-20 17:40:17,257 [grpc-default-executor-1] INFO  impl.RoleInfo (RoleInfo.java:shutdownFollowerState(121)) - 8a63e1ae-032e-4bed-9f20-125a11f65413: shutdown FollowerState
2019-10-20 17:40:17,257 [grpc-default-executor-1] INFO  impl.RoleInfo (RoleInfo.java:updateAndGet(143)) - 8a63e1ae-032e-4bed-9f20-125a11f65413: start FollowerState
2019-10-20 17:40:17,257 [Thread-1292] INFO  impl.FollowerState (FollowerState.java:run(117)) - 8a63e1ae-032e-4bed-9f20-125a11f65413@group-091950D56227-FollowerState was interrupted: java.lang.InterruptedException: sleep interrupted
2019-10-20 17:40:17,258 [grpc-default-executor-0] INFO  impl.RaftServerImpl (RaftServerImpl.java:setRole(184)) - 7b1e61a0-7daf-43dd-99d5-9b325c1d31ae@group-091950D56227: changes role from  FOLLOWER to FOLLOWER at term 213 for recognizeCandidate:8f18dce1-0a3d-4b65-9c78-af3d58b2da7f
2019-10-20 17:40:17,258 [grpc-default-executor-0] INFO  impl.RoleInfo (RoleInfo.java:shutdownFollowerState(121)) - 7b1e61a0-7daf-43dd-99d5-9b325c1d31ae: shutdown FollowerState
2019-10-20 17:40:17,258 [grpc-default-executor-0] INFO  impl.RoleInfo (RoleInfo.java:updateAndGet(143)) - 7b1e61a0-7daf-43dd-99d5-9b325c1d31ae: start FollowerState
2019-10-20 17:40:17,258 [Thread-1291] INFO  impl.FollowerState (FollowerState.java:run(117)) - 7b1e61a0-7daf-43dd-99d5-9b325c1d31ae@group-091950D56227-FollowerState was interrupted: java.lang.InterruptedException: sleep interrupted
2019-10-20 17:40:17,282 [8f18dce1-0a3d-4b65-9c78-af3d58b2da7f@group-091950D56227-LeaderElection176] INFO  impl.LeaderElection (LeaderElection.java:logAndReturn(56)) - 8f18dce1-0a3d-4b65-9c78-af3d58b2da7f@group-091950D56227-LeaderElection176: Election REJECTED; received 2 response(s) [8f18dce1-0a3d-4b65-9c78-af3d58b2da7f<-8a63e1ae-032e-4bed-9f20-125a11f65413#0:FAIL-t213, 8f18dce1-0a3d-4b65-9c78-af3d58b2da7f<-7b1e61a0-7daf-43dd-99d5-9b325c1d31ae#0:FAIL-t213] and 0 exception(s); 8f18dce1-0a3d-4b65-9c78-af3d58b2da7f@group-091950D56227:t213, leader=null, voted=8f18dce1-0a3d-4b65-9c78-af3d58b2da7f, raftlog=8f18dce1-0a3d-4b65-9c78-af3d58b2da7f@group-091950D56227-SegmentedRaftLog:OPENED:c-1,f-1,i0, conf=-1: [8a63e1ae-032e-4bed-9f20-125a11f65413:0.0.0.0:38685, 8f18dce1-0a3d-4b65-9c78-af3d58b2da7f:0.0.0.0:42489, 7b1e61a0-7daf-43dd-99d5-9b325c1d31ae:0.0.0.0:38412], old=null
2019-10-20 17:40:17,282 [8f18dce1-0a3d-4b65-9c78-af3d58b2da7f@group-091950D56227-LeaderElection176] INFO  impl.RaftServerImpl (RaftServerImpl.java:setRole(184)) - 8f18dce1-0a3d-4b65-9c78-af3d58b2da7f@group-091950D56227: changes role from CANDIDATE to FOLLOWER at term 213 for DISCOVERED_A_NEW_TERM
2019-10-20 17:40:17,282 [8f18dce1-0a3d-4b65-9c78-af3d58b2da7f@group-091950D56227-LeaderElection176] INFO  impl.RoleInfo (RoleInfo.java:shutdownLeaderElection(134)) - 8f18dce1-0a3d-4b65-9c78-af3d58b2da7f: shutdown LeaderElection
2019-10-20 17:40:17,282 [8f18dce1-0a3d-4b65-9c78-af3d58b2da7f@group-091950D56227-LeaderElection176] INFO  impl.RoleInfo (RoleInfo.java:updateAndGet(143)) - 8f18dce1-0a3d-4b65-9c78-af3d58b2da7f: start FollowerState
2019-10-20 17:40:17,361 [Thread-1299] INFO  impl.FollowerState (FollowerState.java:run(108)) - 8f18dce1-0a3d-4b65-9c78-af3d58b2da7f@group-091950D56227-FollowerState: change to CANDIDATE, lastRpcTime:78ms, electionTimeout:78ms
2019-10-20 17:40:17,361 [Thread-1299] INFO  impl.RoleInfo (RoleInfo.java:shutdownFollowerState(121)) - 8f18dce1-0a3d-4b65-9c78-af3d58b2da7f: shutdown FollowerState
2019-10-20 17:40:17,361 [Thread-1299] INFO  impl.RaftServerImpl (RaftServerImpl.java:setRole(184)) - 8f18dce1-0a3d-4b65-9c78-af3d58b2da7f@group-091950D56227: changes role from  FOLLOWER to CANDIDATE at term 213 for changeToCandidate
2019-10-20 17:40:17,361 [Thread-1299] INFO  impl.RoleInfo (RoleInfo.java:updateAndGet(143)) - 8f18dce1-0a3d-4b65-9c78-af3d58b2da7f: start LeaderElection
2019-10-20 17:40:17,394 [8f18dce1-0a3d-4b65-9c78-af3d58b2da7f@group-091950D56227-LeaderElection177] INFO  impl.LeaderElection (LeaderElection.java:askForVotes(178)) - 8f18dce1-0a3d-4b65-9c78-af3d58b2da7f@group-091950D56227-LeaderElection177: begin an election at term 214 for -1: [8a63e1ae-032e-4bed-9f20-125a11f65413:0.0.0.0:38685, 8f18dce1-0a3d-4b65-9c78-af3d58b2da7f:0.0.0.0:42489, 7b1e61a0-7daf-43dd-99d5-9b325c1d31ae:0.0.0.0:38412], old=null
2019-10-20 17:40:17,396 [grpc-default-executor-1] INFO  impl.RaftServerImpl (RaftServerImpl.java:setRole(184)) - 8a63e1ae-032e-4bed-9f20-125a11f65413@group-091950D56227: changes role from  FOLLOWER to FOLLOWER at term 214 for recognizeCandidate:8f18dce1-0a3d-4b65-9c78-af3d58b2da7f
2019-10-20 17:40:17,396 [grpc-default-executor-0] INFO  impl.RaftServerImpl (RaftServerImpl.java:setRole(184)) - 7b1e61a0-7daf-43dd-99d5-9b325c1d31ae@group-091950D56227: changes role from  FOLLOWER to FOLLOWER at term 214 for recognizeCandidate:8f18dce1-0a3d-4b65-9c78-af3d58b2da7f
2019-10-20 17:40:17,396 [grpc-default-executor-1] INFO  impl.RoleInfo (RoleInfo.java:shutdownFollowerState(121)) - 8a63e1ae-032e-4bed-9f20-125a11f65413: shutdown FollowerState
2019-10-20 17:40:17,396 [grpc-default-executor-0] INFO  impl.RoleInfo (RoleInfo.java:shutdownFollowerState(121)) - 7b1e61a0-7daf-43dd-99d5-9b325c1d31ae: shutdown FollowerState
2019-10-20 17:40:17,397 [Thread-1297] INFO  impl.FollowerState (FollowerState.java:run(117)) - 8a63e1ae-032e-4bed-9f20-125a11f65413@group-091950D56227-FollowerState was interrupted: java.lang.InterruptedException: sleep interrupted
2019-10-20 17:40:17,396 [grpc-default-executor-1] INFO  impl.RoleInfo (RoleInfo.java:updateAndGet(143)) - 8a63e1ae-032e-4bed-9f20-125a11f65413: start FollowerState
2019-10-20 17:40:17,397 [Thread-1298] INFO  impl.FollowerState (FollowerState.java:run(117)) - 7b1e61a0-7daf-43dd-99d5-9b325c1d31ae@group-091950D56227-FollowerState was interrupted: java.lang.InterruptedException: sleep interrupted
2019-10-20 17:40:17,397 [grpc-default-executor-0] INFO  impl.RoleInfo (RoleInfo.java:updateAndGet(143)) - 7b1e61a0-7daf-43dd-99d5-9b325c1d31ae: start FollowerState
2019-10-20 17:40:17,420 [8f18dce1-0a3d-4b65-9c78-af3d58b2da7f@group-091950D56227-LeaderElection177] INFO  impl.LeaderElection (LeaderElection.java:logAndReturn(56)) - 8f18dce1-0a3d-4b65-9c78-af3d58b2da7f@group-091950D56227-LeaderElection177: Election REJECTED; received 2 response(s) [8f18dce1-0a3d-4b65-9c78-af3d58b2da7f<-8a63e1ae-032e-4bed-9f20-125a11f65413#0:FAIL-t214, 8f18dce1-0a3d-4b65-9c78-af3d58b2da7f<-7b1e61a0-7daf-43dd-99d5-9b325c1d31ae#0:FAIL-t214] and 0 exception(s); 8f18dce1-0a3d-4b65-9c78-af3d58b2da7f@group-091950D56227:t214, leader=null, voted=8f18dce1-0a3d-4b65-9c78-af3d58b2da7f, raftlog=8f18dce1-0a3d-4b65-9c78-af3d58b2da7f@group-091950D56227-SegmentedRaftLog:OPENED:c-1,f-1,i0, conf=-1: [8a63e1ae-032e-4bed-9f20-125a11f65413:0.0.0.0:38685, 8f18dce1-0a3d-4b65-9c78-af3d58b2da7f:0.0.0.0:42489, 7b1e61a0-7daf-43dd-99d5-9b325c1d31ae:0.0.0.0:38412], old=null
2019-10-20 17:40:17,421 [8f18dce1-0a3d-4b65-9c78-af3d58b2da7f@group-091950D56227-LeaderElection177] INFO  impl.RaftServerImpl (RaftServerImpl.java:setRole(184)) - 8f18dce1-0a3d-4b65-9c78-af3d58b2da7f@group-091950D56227: changes role from CANDIDATE to FOLLOWER at term 214 for DISCOVERED_A_NEW_TERM
2019-10-20 17:40:17,421 [8f18dce1-0a3d-4b65-9c78-af3d58b2da7f@group-091950D56227-LeaderElection177] INFO  impl.RoleInfo (RoleInfo.java:shutdownLeaderElection(134)) - 8f18dce1-0a3d-4b65-9c78-af3d58b2da7f: shutdown LeaderElection
2019-10-20 17:40:17,421 [8f18dce1-0a3d-4b65-9c78-af3d58b2da7f@group-091950D56227-LeaderElection177] INFO  impl.RoleInfo (RoleInfo.java:updateAndGet(143)) - 8f18dce1-0a3d-4b65-9c78-af3d58b2da7f: start FollowerState
2019-10-20 17:40:17,448 [Thread-1305] INFO  impl.FollowerState (FollowerState.java:run(108)) - 8f18dce1-0a3d-4b65-9c78-af3d58b2da7f@group-091950D56227-FollowerState: change to CANDIDATE, lastRpcTime:27ms, electionTimeout:27ms
2019-10-20 17:40:17,449 [Thread-1305] INFO  impl.RoleInfo (RoleInfo.java:shutdownFollowerState(121)) - 8f18dce1-0a3d-4b65-9c78-af3d58b2da7f: shutdown FollowerState
2019-10-20 17:40:17,449 [Thread-1305] INFO  impl.RaftServerImpl (RaftServerImpl.java:setRole(184)) - 8f18dce1-0a3d-4b65-9c78-af3d58b2da7f@group-091950D56227: changes role from  FOLLOWER to CANDIDATE at term 214 for changeToCandidate
2019-10-20 17:40:17,449 [Thread-1305] INFO  impl.RoleInfo (RoleInfo.java:updateAndGet(143)) - 8f18dce1-0a3d-4b65-9c78-af3d58b2da7f: start LeaderElection
2019-10-20 17:40:17,479 [8f18dce1-0a3d-4b65-9c78-af3d58b2da7f@group-091950D56227-LeaderElection178] INFO  impl.LeaderElection (LeaderElection.java:askForVotes(178)) - 8f18dce1-0a3d-4b65-9c78-af3d58b2da7f@group-091950D56227-LeaderElection178: begin an election at term 215 for -1: [8a63e1ae-032e-4bed-9f20-125a11f65413:0.0.0.0:38685, 8f18dce1-0a3d-4b65-9c78-af3d58b2da7f:0.0.0.0:42489, 7b1e61a0-7daf-43dd-99d5-9b325c1d31ae:0.0.0.0:38412], old=null
2019-10-20 17:40:17,482 [grpc-default-executor-1] INFO  impl.RaftServerImpl (RaftServerImpl.java:setRole(184)) - 7b1e61a0-7daf-43dd-99d5-9b325c1d31ae@group-091950D56227: changes role from  FOLLOWER to FOLLOWER at term 215 for recognizeCandidate:8f18dce1-0a3d-4b65-9c78-af3d58b2da7f
2019-10-20 17:40:17,482 [grpc-default-executor-1] INFO  impl.RoleInfo (RoleInfo.java:shutdownFollowerState(121)) - 7b1e61a0-7daf-43dd-99d5-9b325c1d31ae: shutdown FollowerState
2019-10-20 17:40:17,483 [grpc-default-executor-1] INFO  impl.RoleInfo (RoleInfo.java:updateAndGet(143)) - 7b1e61a0-7daf-43dd-99d5-9b325c1d31ae: start FollowerState
2019-10-20 17:40:17,483 [Thread-1304] INFO  impl.FollowerState (FollowerState.java:run(117)) - 7b1e61a0-7daf-43dd-99d5-9b325c1d31ae@group-091950D56227-FollowerState was interrupted: java.lang.InterruptedException: sleep interrupted
2019-10-20 17:40:17,483 [grpc-default-executor-0] INFO  impl.RaftServerImpl (RaftServerImpl.java:setRole(184)) - 8a63e1ae-032e-4bed-9f20-125a11f65413@group-091950D56227: changes role from  FOLLOWER to FOLLOWER at term 215 for recognizeCandidate:8f18dce1-0a3d-4b65-9c78-af3d58b2da7f
2019-10-20 17:40:17,483 [grpc-default-executor-0] INFO  impl.RoleInfo (RoleInfo.java:shutdownFollowerState(121)) - 8a63e1ae-032e-4bed-9f20-125a11f65413: shutdown FollowerState
2019-10-20 17:40:17,483 [grpc-default-executor-0] INFO  impl.RoleInfo (RoleInfo.java:updateAndGet(143)) - 8a63e1ae-032e-4bed-9f20-125a11f65413: start FollowerState
2019-10-20 17:40:17,483 [Thread-1303] INFO  impl.FollowerState (FollowerState.java:run(117)) - 8a63e1ae-032e-4bed-9f20-125a11f65413@group-091950D56227-FollowerState was interrupted: java.lang.InterruptedException: sleep interrupted
2019-10-20 17:40:17,506 [8f18dce1-0a3d-4b65-9c78-af3d58b2da7f@group-091950D56227-LeaderElection178] INFO  impl.LeaderElection (LeaderElection.java:logAndReturn(56)) - 8f18dce1-0a3d-4b65-9c78-af3d58b2da7f@group-091950D56227-LeaderElection178: Election REJECTED; received 2 response(s) [8f18dce1-0a3d-4b65-9c78-af3d58b2da7f<-8a63e1ae-032e-4bed-9f20-125a11f65413#0:FAIL-t215, 8f18dce1-0a3d-4b65-9c78-af3d58b2da7f<-7b1e61a0-7daf-43dd-99d5-9b325c1d31ae#0:FAIL-t215] and 0 exception(s); 8f18dce1-0a3d-4b65-9c78-af3d58b2da7f@group-091950D56227:t215, leader=null, voted=8f18dce1-0a3d-4b65-9c78-af3d58b2da7f, raftlog=8f18dce1-0a3d-4b65-9c78-af3d58b2da7f@group-091950D56227-SegmentedRaftLog:OPENED:c-1,f-1,i0, conf=-1: [8a63e1ae-032e-4bed-9f20-125a11f65413:0.0.0.0:38685, 8f18dce1-0a3d-4b65-9c78-af3d58b2da7f:0.0.0.0:42489, 7b1e61a0-7daf-43dd-99d5-9b325c1d31ae:0.0.0.0:38412], old=null
2019-10-20 17:40:17,506 [8f18dce1-0a3d-4b65-9c78-af3d58b2da7f@group-091950D56227-LeaderElection178] INFO  impl.RaftServerImpl (RaftServerImpl.java:setRole(184)) - 8f18dce1-0a3d-4b65-9c78-af3d58b2da7f@group-091950D56227: changes role from CANDIDATE to FOLLOWER at term 215 for DISCOVERED_A_NEW_TERM
2019-10-20 17:40:17,506 [8f18dce1-0a3d-4b65-9c78-af3d58b2da7f@group-091950D56227-LeaderElection178] INFO  impl.RoleInfo (RoleInfo.java:shutdownLeaderElection(134)) - 8f18dce1-0a3d-4b65-9c78-af3d58b2da7f: shutdown LeaderElection
2019-10-20 17:40:17,506 [8f18dce1-0a3d-4b65-9c78-af3d58b2da7f@group-091950D56227-LeaderElection178] INFO  impl.RoleInfo (RoleInfo.java:updateAndGet(143)) - 8f18dce1-0a3d-4b65-9c78-af3d58b2da7f: start FollowerState
2019-10-20 17:40:17,649 [Thread-1311] INFO  impl.FollowerState (FollowerState.java:run(108)) - 8f18dce1-0a3d-4b65-9c78-af3d58b2da7f@group-091950D56227-FollowerState: change to CANDIDATE, lastRpcTime:142ms, electionTimeout:142ms
2019-10-20 17:40:17,649 [Thread-1311] INFO  impl.RoleInfo (RoleInfo.java:shutdownFollowerState(121)) - 8f18dce1-0a3d-4b65-9c78-af3d58b2da7f: shutdown FollowerState
2019-10-20 17:40:17,649 [Thread-1311] INFO  impl.RaftServerImpl (RaftServerImpl.java:setRole(184)) - 8f18dce1-0a3d-4b65-9c78-af3d58b2da7f@group-091950D56227: changes role from  FOLLOWER to CANDIDATE at term 215 for changeToCandidate
2019-10-20 17:40:17,649 [Thread-1311] INFO  impl.RoleInfo (RoleInfo.java:updateAndGet(143)) - 8f18dce1-0a3d-4b65-9c78-af3d58b2da7f: start LeaderElection
2019-10-20 17:40:17,683 [8f18dce1-0a3d-4b65-9c78-af3d58b2da7f@group-091950D56227-LeaderElection179] INFO  impl.LeaderElection (LeaderElection.java:askForVotes(178)) - 8f18dce1-0a3d-4b65-9c78-af3d58b2da7f@group-091950D56227-LeaderElection179: begin an election at term 216 for -1: [8a63e1ae-032e-4bed-9f20-125a11f65413:0.0.0.0:38685, 8f18dce1-0a3d-4b65-9c78-af3d58b2da7f:0.0.0.0:42489, 7b1e61a0-7daf-43dd-99d5-9b325c1d31ae:0.0.0.0:38412], old=null
2019-10-20 17:40:17,685 [grpc-default-executor-0] INFO  impl.RaftServerImpl (RaftServerImpl.java:setRole(184)) - 8a63e1ae-032e-4bed-9f20-125a11f65413@group-091950D56227: changes role from  FOLLOWER to FOLLOWER at term 216 for recognizeCandidate:8f18dce1-0a3d-4b65-9c78-af3d58b2da7f
2019-10-20 17:40:17,685 [grpc-default-executor-1] INFO  impl.RaftServerImpl (RaftServerImpl.java:setRole(184)) - 7b1e61a0-7daf-43dd-99d5-9b325c1d31ae@group-091950D56227: changes role from  FOLLOWER to FOLLOWER at term 216 for recognizeCandidate:8f18dce1-0a3d-4b65-9c78-af3d58b2da7f
2019-10-20 17:40:17,686 [grpc-default-executor-0] INFO  impl.RoleInfo (RoleInfo.java:shutdownFollowerState(121)) - 8a63e1ae-032e-4bed-9f20-125a11f65413: shutdown FollowerState
2019-10-20 17:40:17,686 [grpc-default-executor-1] INFO  impl.RoleInfo (RoleInfo.java:shutdownFollowerState(121)) - 7b1e61a0-7daf-43dd-99d5-9b325c1d31ae: shutdown FollowerState
2019-10-20 17:40:17,686 [grpc-default-executor-1] INFO  impl.RoleInfo (RoleInfo.java:updateAndGet(143)) - 7b1e61a0-7daf-43dd-99d5-9b325c1d31ae: start FollowerState
2019-10-20 17:40:17,686 [Thread-1310] INFO  impl.FollowerState (FollowerState.java:run(117)) - 8a63e1ae-032e-4bed-9f20-125a11f65413@group-091950D56227-FollowerState was interrupted: java.lang.InterruptedException: sleep interrupted
2019-10-20 17:40:17,686 [grpc-default-executor-0] INFO  impl.RoleInfo (RoleInfo.java:updateAndGet(143)) - 8a63e1ae-032e-4bed-9f20-125a11f65413: start FollowerState
2019-10-20 17:40:17,686 [Thread-1309] INFO  impl.FollowerState (FollowerState.java:run(117)) - 7b1e61a0-7daf-43dd-99d5-9b325c1d31ae@group-091950D56227-FollowerState was interrupted: java.lang.InterruptedException: sleep interrupted
2019-10-20 17:40:17,710 [8f18dce1-0a3d-4b65-9c78-af3d58b2da7f@group-091950D56227-LeaderElection179] INFO  impl.LeaderElection (LeaderElection.java:logAndReturn(56)) - 8f18dce1-0a3d-4b65-9c78-af3d58b2da7f@group-091950D56227-LeaderElection179: Election REJECTED; received 2 response(s) [8f18dce1-0a3d-4b65-9c78-af3d58b2da7f<-8a63e1ae-032e-4bed-9f20-125a11f65413#0:FAIL-t216, 8f18dce1-0a3d-4b65-9c78-af3d58b2da7f<-7b1e61a0-7daf-43dd-99d5-9b325c1d31ae#0:FAIL-t216] and 0 exception(s); 8f18dce1-0a3d-4b65-9c78-af3d58b2da7f@group-091950D56227:t216, leader=null, voted=8f18dce1-0a3d-4b65-9c78-af3d58b2da7f, raftlog=8f18dce1-0a3d-4b65-9c78-af3d58b2da7f@group-091950D56227-SegmentedRaftLog:OPENED:c-1,f-1,i0, conf=-1: [8a63e1ae-032e-4bed-9f20-125a11f65413:0.0.0.0:38685, 8f18dce1-0a3d-4b65-9c78-af3d58b2da7f:0.0.0.0:42489, 7b1e61a0-7daf-43dd-99d5-9b325c1d31ae:0.0.0.0:38412], old=null
2019-10-20 17:40:17,710 [8f18dce1-0a3d-4b65-9c78-af3d58b2da7f@group-091950D56227-LeaderElection179] INFO  impl.RaftServerImpl (RaftServerImpl.java:setRole(184)) - 8f18dce1-0a3d-4b65-9c78-af3d58b2da7f@group-091950D56227: changes role from CANDIDATE to FOLLOWER at term 216 for DISCOVERED_A_NEW_TERM
2019-10-20 17:40:17,710 [8f18dce1-0a3d-4b65-9c78-af3d58b2da7f@group-091950D56227-LeaderElection179] INFO  impl.RoleInfo (RoleInfo.java:shutdownLeaderElection(134)) - 8f18dce1-0a3d-4b65-9c78-af3d58b2da7f: shutdown LeaderElection
2019-10-20 17:40:17,710 [8f18dce1-0a3d-4b65-9c78-af3d58b2da7f@group-091950D56227-LeaderElection179] INFO  impl.RoleInfo (RoleInfo.java:updateAndGet(143)) - 8f18dce1-0a3d-4b65-9c78-af3d58b2da7f: start FollowerState
2019-10-20 17:40:17,713 [Thread-1317] INFO  impl.FollowerState (FollowerState.java:run(108)) - 8f18dce1-0a3d-4b65-9c78-af3d58b2da7f@group-091950D56227-FollowerState: change to CANDIDATE, lastRpcTime:2ms, electionTimeout:2ms
2019-10-20 17:40:17,713 [Thread-1317] INFO  impl.RoleInfo (RoleInfo.java:shutdownFollowerState(121)) - 8f18dce1-0a3d-4b65-9c78-af3d58b2da7f: shutdown FollowerState
2019-10-20 17:40:17,713 [Thread-1317] INFO  impl.RaftServerImpl (RaftServerImpl.java:setRole(184)) - 8f18dce1-0a3d-4b65-9c78-af3d58b2da7f@group-091950D56227: changes role from  FOLLOWER to CANDIDATE at term 216 for changeToCandidate
2019-10-20 17:40:17,713 [Thread-1317] INFO  impl.RoleInfo (RoleInfo.java:updateAndGet(143)) - 8f18dce1-0a3d-4b65-9c78-af3d58b2da7f: start LeaderElection
2019-10-20 17:40:17,742 [8f18dce1-0a3d-4b65-9c78-af3d58b2da7f@group-091950D56227-LeaderElection180] INFO  impl.LeaderElection (LeaderElection.java:askForVotes(178)) - 8f18dce1-0a3d-4b65-9c78-af3d58b2da7f@group-091950D56227-LeaderElection180: begin an election at term 217 for -1: [8a63e1ae-032e-4bed-9f20-125a11f65413:0.0.0.0:38685, 8f18dce1-0a3d-4b65-9c78-af3d58b2da7f:0.0.0.0:42489, 7b1e61a0-7daf-43dd-99d5-9b325c1d31ae:0.0.0.0:38412], old=null
2019-10-20 17:40:17,745 [grpc-default-executor-1] INFO  impl.RaftServerImpl (RaftServerImpl.java:setRole(184)) - 8a63e1ae-032e-4bed-9f20-125a11f65413@group-091950D56227: changes role from  FOLLOWER to FOLLOWER at term 217 for recognizeCandidate:8f18dce1-0a3d-4b65-9c78-af3d58b2da7f
2019-10-20 17:40:17,745 [grpc-default-executor-1] INFO  impl.RoleInfo (RoleInfo.java:shutdownFollowerState(121)) - 8a63e1ae-032e-4bed-9f20-125a11f65413: shutdown FollowerState
2019-10-20 17:40:17,745 [grpc-default-executor-1] INFO  impl.RoleInfo (RoleInfo.java:updateAndGet(143)) - 8a63e1ae-032e-4bed-9f20-125a11f65413: start FollowerState
2019-10-20 17:40:17,745 [Thread-1315] INFO  impl.FollowerState (FollowerState.java:run(117)) - 8a63e1ae-032e-4bed-9f20-125a11f65413@group-091950D56227-FollowerState was interrupted: java.lang.InterruptedException: sleep interrupted
2019-10-20 17:40:17,745 [grpc-default-executor-0] INFO  impl.RaftServerImpl (RaftServerImpl.java:setRole(184)) - 7b1e61a0-7daf-43dd-99d5-9b325c1d31ae@group-091950D56227: changes role from  FOLLOWER to FOLLOWER at term 217 for recognizeCandidate:8f18dce1-0a3d-4b65-9c78-af3d58b2da7f
2019-10-20 17:40:17,745 [grpc-default-executor-0] INFO  impl.RoleInfo (RoleInfo.java:shutdownFollowerState(121)) - 7b1e61a0-7daf-43dd-99d5-9b325c1d31ae: shutdown FollowerState
2019-10-20 17:40:17,746 [grpc-default-executor-0] INFO  impl.RoleInfo (RoleInfo.java:updateAndGet(143)) - 7b1e61a0-7daf-43dd-99d5-9b325c1d31ae: start FollowerState
2019-10-20 17:40:17,746 [Thread-1316] INFO  impl.FollowerState (FollowerState.java:run(117)) - 7b1e61a0-7daf-43dd-99d5-9b325c1d31ae@group-091950D56227-FollowerState was interrupted: java.lang.InterruptedException: sleep interrupted
2019-10-20 17:40:17,770 [8f18dce1-0a3d-4b65-9c78-af3d58b2da7f@group-091950D56227-LeaderElection180] INFO  impl.LeaderElection (LeaderElection.java:logAndReturn(56)) - 8f18dce1-0a3d-4b65-9c78-af3d58b2da7f@group-091950D56227-LeaderElection180: Election REJECTED; received 2 response(s) [8f18dce1-0a3d-4b65-9c78-af3d58b2da7f<-8a63e1ae-032e-4bed-9f20-125a11f65413#0:FAIL-t217, 8f18dce1-0a3d-4b65-9c78-af3d58b2da7f<-7b1e61a0-7daf-43dd-99d5-9b325c1d31ae#0:FAIL-t217] and 0 exception(s); 8f18dce1-0a3d-4b65-9c78-af3d58b2da7f@group-091950D56227:t217, leader=null, voted=8f18dce1-0a3d-4b65-9c78-af3d58b2da7f, raftlog=8f18dce1-0a3d-4b65-9c78-af3d58b2da7f@group-091950D56227-SegmentedRaftLog:OPENED:c-1,f-1,i0, conf=-1: [8a63e1ae-032e-4bed-9f20-125a11f65413:0.0.0.0:38685, 8f18dce1-0a3d-4b65-9c78-af3d58b2da7f:0.0.0.0:42489, 7b1e61a0-7daf-43dd-99d5-9b325c1d31ae:0.0.0.0:38412], old=null
2019-10-20 17:40:17,770 [8f18dce1-0a3d-4b65-9c78-af3d58b2da7f@group-091950D56227-LeaderElection180] INFO  impl.RaftServerImpl (RaftServerImpl.java:setRole(184)) - 8f18dce1-0a3d-4b65-9c78-af3d58b2da7f@group-091950D56227: changes role from CANDIDATE to FOLLOWER at term 217 for DISCOVERED_A_NEW_TERM
2019-10-20 17:40:17,770 [8f18dce1-0a3d-4b65-9c78-af3d58b2da7f@group-091950D56227-LeaderElection180] INFO  impl.RoleInfo (RoleInfo.java:shutdownLeaderElection(134)) - 8f18dce1-0a3d-4b65-9c78-af3d58b2da7f: shutdown LeaderElection
2019-10-20 17:40:17,770 [8f18dce1-0a3d-4b65-9c78-af3d58b2da7f@group-091950D56227-LeaderElection180] INFO  impl.RoleInfo (RoleInfo.java:updateAndGet(143)) - 8f18dce1-0a3d-4b65-9c78-af3d58b2da7f: start FollowerState
2019-10-20 17:40:17,804 [Thread-1323] INFO  impl.FollowerState (FollowerState.java:run(108)) - 8f18dce1-0a3d-4b65-9c78-af3d58b2da7f@group-091950D56227-FollowerState: change to CANDIDATE, lastRpcTime:33ms, electionTimeout:33ms
2019-10-20 17:40:17,804 [Thread-1323] INFO  impl.RoleInfo (RoleInfo.java:shutdownFollowerState(121)) - 8f18dce1-0a3d-4b65-9c78-af3d58b2da7f: shutdown FollowerState
2019-10-20 17:40:17,804 [Thread-1323] INFO  impl.RaftServerImpl (RaftServerImpl.java:setRole(184)) - 8f18dce1-0a3d-4b65-9c78-af3d58b2da7f@group-091950D56227: changes role from  FOLLOWER to CANDIDATE at term 217 for changeToCandidate
2019-10-20 17:40:17,804 [Thread-1323] INFO  impl.RoleInfo (RoleInfo.java:updateAndGet(143)) - 8f18dce1-0a3d-4b65-9c78-af3d58b2da7f: start LeaderElection
2019-10-20 17:40:17,828 [8f18dce1-0a3d-4b65-9c78-af3d58b2da7f@group-091950D56227-LeaderElection181] INFO  impl.LeaderElection (LeaderElection.java:askForVotes(178)) - 8f18dce1-0a3d-4b65-9c78-af3d58b2da7f@group-091950D56227-LeaderElection181: begin an election at term 218 for -1: [8a63e1ae-032e-4bed-9f20-125a11f65413:0.0.0.0:38685, 8f18dce1-0a3d-4b65-9c78-af3d58b2da7f:0.0.0.0:42489, 7b1e61a0-7daf-43dd-99d5-9b325c1d31ae:0.0.0.0:38412], old=null
2019-10-20 17:40:17,830 [grpc-default-executor-1] INFO  impl.RaftServerImpl (RaftServerImpl.java:setRole(184)) - 8a63e1ae-032e-4bed-9f20-125a11f65413@group-091950D56227: changes role from  FOLLOWER to FOLLOWER at term 218 for recognizeCandidate:8f18dce1-0a3d-4b65-9c78-af3d58b2da7f
2019-10-20 17:40:17,831 [grpc-default-executor-1] INFO  impl.RoleInfo (RoleInfo.java:shutdownFollowerState(121)) - 8a63e1ae-032e-4bed-9f20-125a11f65413: shutdown FollowerState
2019-10-20 17:40:17,830 [grpc-default-executor-0] INFO  impl.RaftServerImpl (RaftServerImpl.java:setRole(184)) - 7b1e61a0-7daf-43dd-99d5-9b325c1d31ae@group-091950D56227: changes role from  FOLLOWER to FOLLOWER at term 218 for recognizeCandidate:8f18dce1-0a3d-4b65-9c78-af3d58b2da7f
2019-10-20 17:40:17,831 [Thread-1321] INFO  impl.FollowerState (FollowerState.java:run(117)) - 8a63e1ae-032e-4bed-9f20-125a11f65413@group-091950D56227-FollowerState was interrupted: java.lang.InterruptedException: sleep interrupted
2019-10-20 17:40:17,831 [grpc-default-executor-1] INFO  impl.RoleInfo (RoleInfo.java:updateAndGet(143)) - 8a63e1ae-032e-4bed-9f20-125a11f65413: start FollowerState
2019-10-20 17:40:17,831 [grpc-default-executor-0] INFO  impl.RoleInfo (RoleInfo.java:shutdownFollowerState(121)) - 7b1e61a0-7daf-43dd-99d5-9b325c1d31ae: shutdown FollowerState
2019-10-20 17:40:17,832 [grpc-default-executor-0] INFO  impl.RoleInfo (RoleInfo.java:updateAndGet(143)) - 7b1e61a0-7daf-43dd-99d5-9b325c1d31ae: start FollowerState
2019-10-20 17:40:17,832 [Thread-1322] INFO  impl.FollowerState (FollowerState.java:run(117)) - 7b1e61a0-7daf-43dd-99d5-9b325c1d31ae@group-091950D56227-FollowerState was interrupted: java.lang.InterruptedException: sleep interrupted
2019-10-20 17:40:17,855 [8f18dce1-0a3d-4b65-9c78-af3d58b2da7f@group-091950D56227-LeaderElection181] INFO  impl.LeaderElection (LeaderElection.java:logAndReturn(56)) - 8f18dce1-0a3d-4b65-9c78-af3d58b2da7f@group-091950D56227-LeaderElection181: Election REJECTED; received 2 response(s) [8f18dce1-0a3d-4b65-9c78-af3d58b2da7f<-8a63e1ae-032e-4bed-9f20-125a11f65413#0:FAIL-t218, 8f18dce1-0a3d-4b65-9c78-af3d58b2da7f<-7b1e61a0-7daf-43dd-99d5-9b325c1d31ae#0:FAIL-t218] and 0 exception(s); 8f18dce1-0a3d-4b65-9c78-af3d58b2da7f@group-091950D56227:t218, leader=null, voted=8f18dce1-0a3d-4b65-9c78-af3d58b2da7f, raftlog=8f18dce1-0a3d-4b65-9c78-af3d58b2da7f@group-091950D56227-SegmentedRaftLog:OPENED:c-1,f-1,i0, conf=-1: [8a63e1ae-032e-4bed-9f20-125a11f65413:0.0.0.0:38685, 8f18dce1-0a3d-4b65-9c78-af3d58b2da7f:0.0.0.0:42489, 7b1e61a0-7daf-43dd-99d5-9b325c1d31ae:0.0.0.0:38412], old=null
2019-10-20 17:40:17,855 [8f18dce1-0a3d-4b65-9c78-af3d58b2da7f@group-091950D56227-LeaderElection181] INFO  impl.RaftServerImpl (RaftServerImpl.java:setRole(184)) - 8f18dce1-0a3d-4b65-9c78-af3d58b2da7f@group-091950D56227: changes role from CANDIDATE to FOLLOWER at term 218 for DISCOVERED_A_NEW_TERM
2019-10-20 17:40:17,855 [8f18dce1-0a3d-4b65-9c78-af3d58b2da7f@group-091950D56227-LeaderElection181] INFO  impl.RoleInfo (RoleInfo.java:shutdownLeaderElection(134)) - 8f18dce1-0a3d-4b65-9c78-af3d58b2da7f: shutdown LeaderElection
2019-10-20 17:40:17,855 [8f18dce1-0a3d-4b65-9c78-af3d58b2da7f@group-091950D56227-LeaderElection181] INFO  impl.RoleInfo (RoleInfo.java:updateAndGet(143)) - 8f18dce1-0a3d-4b65-9c78-af3d58b2da7f: start FollowerState
2019-10-20 17:40:17,890 [Thread-1329] INFO  impl.FollowerState (FollowerState.java:run(108)) - 8f18dce1-0a3d-4b65-9c78-af3d58b2da7f@group-091950D56227-FollowerState: change to CANDIDATE, lastRpcTime:34ms, electionTimeout:34ms
2019-10-20 17:40:17,890 [Thread-1329] INFO  impl.RoleInfo (RoleInfo.java:shutdownFollowerState(121)) - 8f18dce1-0a3d-4b65-9c78-af3d58b2da7f: shutdown FollowerState
2019-10-20 17:40:17,890 [Thread-1329] INFO  impl.RaftServerImpl (RaftServerImpl.java:setRole(184)) - 8f18dce1-0a3d-4b65-9c78-af3d58b2da7f@group-091950D56227: changes role from  FOLLOWER to CANDIDATE at term 218 for changeToCandidate
2019-10-20 17:40:17,890 [Thread-1329] INFO  impl.RoleInfo (RoleInfo.java:updateAndGet(143)) - 8f18dce1-0a3d-4b65-9c78-af3d58b2da7f: start LeaderElection
2019-10-20 17:40:17,913 [8f18dce1-0a3d-4b65-9c78-af3d58b2da7f@group-091950D56227-LeaderElection182] INFO  impl.LeaderElection (LeaderElection.java:askForVotes(178)) - 8f18dce1-0a3d-4b65-9c78-af3d58b2da7f@group-091950D56227-LeaderElection182: begin an election at term 219 for -1: [8a63e1ae-032e-4bed-9f20-125a11f65413:0.0.0.0:38685, 8f18dce1-0a3d-4b65-9c78-af3d58b2da7f:0.0.0.0:42489, 7b1e61a0-7daf-43dd-99d5-9b325c1d31ae:0.0.0.0:38412], old=null
2019-10-20 17:40:17,916 [grpc-default-executor-1] INFO  impl.RaftServerImpl (RaftServerImpl.java:setRole(184)) - 7b1e61a0-7daf-43dd-99d5-9b325c1d31ae@group-091950D56227: changes role from  FOLLOWER to FOLLOWER at term 219 for recognizeCandidate:8f18dce1-0a3d-4b65-9c78-af3d58b2da7f
2019-10-20 17:40:17,916 [grpc-default-executor-0] INFO  impl.RaftServerImpl (RaftServerImpl.java:setRole(184)) - 8a63e1ae-032e-4bed-9f20-125a11f65413@group-091950D56227: changes role from  FOLLOWER to FOLLOWER at term 219 for recognizeCandidate:8f18dce1-0a3d-4b65-9c78-af3d58b2da7f
2019-10-20 17:40:17,916 [grpc-default-executor-1] INFO  impl.RoleInfo (RoleInfo.java:shutdownFollowerState(121)) - 7b1e61a0-7daf-43dd-99d5-9b325c1d31ae: shutdown FollowerState
2019-10-20 17:40:17,917 [grpc-default-executor-0] INFO  impl.RoleInfo (RoleInfo.java:shutdownFollowerState(121)) - 8a63e1ae-032e-4bed-9f20-125a11f65413: shutdown FollowerState
2019-10-20 17:40:17,917 [grpc-default-executor-1] INFO  impl.RoleInfo (RoleInfo.java:updateAndGet(143)) - 7b1e61a0-7daf-43dd-99d5-9b325c1d31ae: start FollowerState
2019-10-20 17:40:17,917 [Thread-1327] INFO  impl.FollowerState (FollowerState.java:run(117)) - 8a63e1ae-032e-4bed-9f20-125a11f65413@group-091950D56227-FollowerState was interrupted: java.lang.InterruptedException: sleep interrupted
2019-10-20 17:40:17,917 [grpc-default-executor-0] INFO  impl.RoleInfo (RoleInfo.java:updateAndGet(143)) - 8a63e1ae-032e-4bed-9f20-125a11f65413: start FollowerState
2019-10-20 17:40:17,917 [Thread-1328] INFO  impl.FollowerState (FollowerState.java:run(117)) - 7b1e61a0-7daf-43dd-99d5-9b325c1d31ae@group-091950D56227-FollowerState was interrupted: java.lang.InterruptedException: sleep interrupted
2019-10-20 17:40:17,918 [8f18dce1-0a3d-4b65-9c78-af3d58b2da7f@group-091950D56227-LeaderElection182] INFO  impl.LeaderElection (LeaderElection.java:logAndReturn(56)) - 8f18dce1-0a3d-4b65-9c78-af3d58b2da7f@group-091950D56227-LeaderElection182: Election TIMEOUT; received 0 response(s) [] and 0 exception(s); 8f18dce1-0a3d-4b65-9c78-af3d58b2da7f@group-091950D56227:t219, leader=null, voted=8f18dce1-0a3d-4b65-9c78-af3d58b2da7f, raftlog=8f18dce1-0a3d-4b65-9c78-af3d58b2da7f@group-091950D56227-SegmentedRaftLog:OPENED:c-1,f-1,i0, conf=-1: [8a63e1ae-032e-4bed-9f20-125a11f65413:0.0.0.0:38685, 8f18dce1-0a3d-4b65-9c78-af3d58b2da7f:0.0.0.0:42489, 7b1e61a0-7daf-43dd-99d5-9b325c1d31ae:0.0.0.0:38412], old=null
2019-10-20 17:40:17,939 [8f18dce1-0a3d-4b65-9c78-af3d58b2da7f@group-091950D56227-LeaderElection182] INFO  impl.LeaderElection (LeaderElection.java:askForVotes(178)) - 8f18dce1-0a3d-4b65-9c78-af3d58b2da7f@group-091950D56227-LeaderElection182: begin an election at term 220 for -1: [8a63e1ae-032e-4bed-9f20-125a11f65413:0.0.0.0:38685, 8f18dce1-0a3d-4b65-9c78-af3d58b2da7f:0.0.0.0:42489, 7b1e61a0-7daf-43dd-99d5-9b325c1d31ae:0.0.0.0:38412], old=null
2019-10-20 17:40:17,949 [grpc-default-executor-1] INFO  impl.RaftServerImpl (RaftServerImpl.java:setRole(184)) - 7b1e61a0-7daf-43dd-99d5-9b325c1d31ae@group-091950D56227: changes role from  FOLLOWER to FOLLOWER at term 220 for recognizeCandidate:8f18dce1-0a3d-4b65-9c78-af3d58b2da7f
2019-10-20 17:40:17,949 [grpc-default-executor-1] INFO  impl.RoleInfo (RoleInfo.java:shutdownFollowerState(121)) - 7b1e61a0-7daf-43dd-99d5-9b325c1d31ae: shutdown FollowerState
2019-10-20 17:40:17,949 [grpc-default-executor-1] INFO  impl.RoleInfo (RoleInfo.java:updateAndGet(143)) - 7b1e61a0-7daf-43dd-99d5-9b325c1d31ae: start FollowerState
2019-10-20 17:40:17,949 [Thread-1333] INFO  impl.FollowerState (FollowerState.java:run(117)) - 7b1e61a0-7daf-43dd-99d5-9b325c1d31ae@group-091950D56227-FollowerState was interrupted: java.lang.InterruptedException: sleep interrupted
2019-10-20 17:40:17,950 [grpc-default-executor-0] INFO  impl.RaftServerImpl (RaftServerImpl.java:setRole(184)) - 8a63e1ae-032e-4bed-9f20-125a11f65413@group-091950D56227: changes role from  FOLLOWER to FOLLOWER at term 220 for recognizeCandidate:8f18dce1-0a3d-4b65-9c78-af3d58b2da7f
2019-10-20 17:40:17,950 [grpc-default-executor-0] INFO  impl.RoleInfo (RoleInfo.java:shutdownFollowerState(121)) - 8a63e1ae-032e-4bed-9f20-125a11f65413: shutdown FollowerState
2019-10-20 17:40:17,951 [grpc-default-executor-0] INFO  impl.RoleInfo (RoleInfo.java:updateAndGet(143)) - 8a63e1ae-032e-4bed-9f20-125a11f65413: start FollowerState
2019-10-20 17:40:17,951 [Thread-1334] INFO  impl.FollowerState (FollowerState.java:run(117)) - 8a63e1ae-032e-4bed-9f20-125a11f65413@group-091950D56227-FollowerState was interrupted: java.lang.InterruptedException: sleep interrupted
2019-10-20 17:40:17,983 [8f18dce1-0a3d-4b65-9c78-af3d58b2da7f@group-091950D56227-LeaderElection182] INFO  impl.LeaderElection (LeaderElection.java:logAndReturn(56)) - 8f18dce1-0a3d-4b65-9c78-af3d58b2da7f@group-091950D56227-LeaderElection182: Election REJECTED; received 2 response(s) [8f18dce1-0a3d-4b65-9c78-af3d58b2da7f<-8a63e1ae-032e-4bed-9f20-125a11f65413#0:FAIL-t220, 8f18dce1-0a3d-4b65-9c78-af3d58b2da7f<-7b1e61a0-7daf-43dd-99d5-9b325c1d31ae#0:FAIL-t220] and 0 exception(s); 8f18dce1-0a3d-4b65-9c78-af3d58b2da7f@group-091950D56227:t220, leader=null, voted=8f18dce1-0a3d-4b65-9c78-af3d58b2da7f, raftlog=8f18dce1-0a3d-4b65-9c78-af3d58b2da7f@group-091950D56227-SegmentedRaftLog:OPENED:c-1,f-1,i0, conf=-1: [8a63e1ae-032e-4bed-9f20-125a11f65413:0.0.0.0:38685, 8f18dce1-0a3d-4b65-9c78-af3d58b2da7f:0.0.0.0:42489, 7b1e61a0-7daf-43dd-99d5-9b325c1d31ae:0.0.0.0:38412], old=null
2019-10-20 17:40:17,983 [8f18dce1-0a3d-4b65-9c78-af3d58b2da7f@group-091950D56227-LeaderElection182] INFO  impl.RaftServerImpl (RaftServerImpl.java:setRole(184)) - 8f18dce1-0a3d-4b65-9c78-af3d58b2da7f@group-091950D56227: changes role from CANDIDATE to FOLLOWER at term 220 for DISCOVERED_A_NEW_TERM
2019-10-20 17:40:17,983 [8f18dce1-0a3d-4b65-9c78-af3d58b2da7f@group-091950D56227-LeaderElection182] INFO  impl.RoleInfo (RoleInfo.java:shutdownLeaderElection(134)) - 8f18dce1-0a3d-4b65-9c78-af3d58b2da7f: shutdown LeaderElection
2019-10-20 17:40:17,983 [8f18dce1-0a3d-4b65-9c78-af3d58b2da7f@group-091950D56227-LeaderElection182] INFO  impl.RoleInfo (RoleInfo.java:updateAndGet(143)) - 8f18dce1-0a3d-4b65-9c78-af3d58b2da7f: start FollowerState
2019-10-20 17:40:18,034 [Thread-1339] INFO  impl.FollowerState (FollowerState.java:run(108)) - 8f18dce1-0a3d-4b65-9c78-af3d58b2da7f@group-091950D56227-FollowerState: change to CANDIDATE, lastRpcTime:50ms, electionTimeout:50ms
2019-10-20 17:40:18,034 [Thread-1339] INFO  impl.RoleInfo (RoleInfo.java:shutdownFollowerState(121)) - 8f18dce1-0a3d-4b65-9c78-af3d58b2da7f: shutdown FollowerState
2019-10-20 17:40:18,034 [Thread-1339] INFO  impl.RaftServerImpl (RaftServerImpl.java:setRole(184)) - 8f18dce1-0a3d-4b65-9c78-af3d58b2da7f@group-091950D56227: changes role from  FOLLOWER to CANDIDATE at term 220 for changeToCandidate
2019-10-20 17:40:18,035 [Thread-1339] INFO  impl.RoleInfo (RoleInfo.java:updateAndGet(143)) - 8f18dce1-0a3d-4b65-9c78-af3d58b2da7f: start LeaderElection
2019-10-20 17:40:18,058 [8f18dce1-0a3d-4b65-9c78-af3d58b2da7f@group-091950D56227-LeaderElection183] INFO  impl.LeaderElection (LeaderElection.java:askForVotes(178)) - 8f18dce1-0a3d-4b65-9c78-af3d58b2da7f@group-091950D56227-LeaderElection183: begin an election at term 221 for -1: [8a63e1ae-032e-4bed-9f20-125a11f65413:0.0.0.0:38685, 8f18dce1-0a3d-4b65-9c78-af3d58b2da7f:0.0.0.0:42489, 7b1e61a0-7daf-43dd-99d5-9b325c1d31ae:0.0.0.0:38412], old=null
2019-10-20 17:40:18,060 [grpc-default-executor-1] INFO  impl.RaftServerImpl (RaftServerImpl.java:setRole(184)) - 7b1e61a0-7daf-43dd-99d5-9b325c1d31ae@group-091950D56227: changes role from  FOLLOWER to FOLLOWER at term 221 for recognizeCandidate:8f18dce1-0a3d-4b65-9c78-af3d58b2da7f
2019-10-20 17:40:18,060 [grpc-default-executor-1] INFO  impl.RoleInfo (RoleInfo.java:shutdownFollowerState(121)) - 7b1e61a0-7daf-43dd-99d5-9b325c1d31ae: shutdown FollowerState
2019-10-20 17:40:18,060 [grpc-default-executor-0] INFO  impl.RaftServerImpl (RaftServerImpl.java:setRole(184)) - 8a63e1ae-032e-4bed-9f20-125a11f65413@group-091950D56227: changes role from  FOLLOWER to FOLLOWER at term 221 for recognizeCandidate:8f18dce1-0a3d-4b65-9c78-af3d58b2da7f
2019-10-20 17:40:18,060 [Thread-1337] INFO  impl.FollowerState (FollowerState.java:run(117)) - 7b1e61a0-7daf-43dd-99d5-9b325c1d31ae@group-091950D56227-FollowerState was interrupted: java.lang.InterruptedException: sleep interrupted
2019-10-20 17:40:18,060 [grpc-default-executor-1] INFO  impl.RoleInfo (RoleInfo.java:updateAndGet(143)) - 7b1e61a0-7daf-43dd-99d5-9b325c1d31ae: start FollowerState
2019-10-20 17:40:18,061 [grpc-default-executor-0] INFO  impl.RoleInfo (RoleInfo.java:shutdownFollowerState(121)) - 8a63e1ae-032e-4bed-9f20-125a11f65413: shutdown FollowerState
2019-10-20 17:40:18,061 [grpc-default-executor-0] INFO  impl.RoleInfo (RoleInfo.java:updateAndGet(143)) - 8a63e1ae-032e-4bed-9f20-125a11f65413: start FollowerState
2019-10-20 17:40:18,061 [Thread-1338] INFO  impl.FollowerState (FollowerState.java:run(117)) - 8a63e1ae-032e-4bed-9f20-125a11f65413@group-091950D56227-FollowerState was interrupted: java.lang.InterruptedException: sleep interrupted
2019-10-20 17:40:18,085 [8f18dce1-0a3d-4b65-9c78-af3d58b2da7f@group-091950D56227-LeaderElection183] INFO  impl.LeaderElection (LeaderElection.java:logAndReturn(56)) - 8f18dce1-0a3d-4b65-9c78-af3d58b2da7f@group-091950D56227-LeaderElection183: Election REJECTED; received 2 response(s) [8f18dce1-0a3d-4b65-9c78-af3d58b2da7f<-8a63e1ae-032e-4bed-9f20-125a11f65413#0:FAIL-t221, 8f18dce1-0a3d-4b65-9c78-af3d58b2da7f<-7b1e61a0-7daf-43dd-99d5-9b325c1d31ae#0:FAIL-t221] and 0 exception(s); 8f18dce1-0a3d-4b65-9c78-af3d58b2da7f@group-091950D56227:t221, leader=null, voted=8f18dce1-0a3d-4b65-9c78-af3d58b2da7f, raftlog=8f18dce1-0a3d-4b65-9c78-af3d58b2da7f@group-091950D56227-SegmentedRaftLog:OPENED:c-1,f-1,i0, conf=-1: [8a63e1ae-032e-4bed-9f20-125a11f65413:0.0.0.0:38685, 8f18dce1-0a3d-4b65-9c78-af3d58b2da7f:0.0.0.0:42489, 7b1e61a0-7daf-43dd-99d5-9b325c1d31ae:0.0.0.0:38412], old=null
2019-10-20 17:40:18,085 [8f18dce1-0a3d-4b65-9c78-af3d58b2da7f@group-091950D56227-LeaderElection183] INFO  impl.RaftServerImpl (RaftServerImpl.java:setRole(184)) - 8f18dce1-0a3d-4b65-9c78-af3d58b2da7f@group-091950D56227: changes role from CANDIDATE to FOLLOWER at term 221 for DISCOVERED_A_NEW_TERM
2019-10-20 17:40:18,085 [8f18dce1-0a3d-4b65-9c78-af3d58b2da7f@group-091950D56227-LeaderElection183] INFO  impl.RoleInfo (RoleInfo.java:shutdownLeaderElection(134)) - 8f18dce1-0a3d-4b65-9c78-af3d58b2da7f: shutdown LeaderElection
2019-10-20 17:40:18,085 [8f18dce1-0a3d-4b65-9c78-af3d58b2da7f@group-091950D56227-LeaderElection183] INFO  impl.RoleInfo (RoleInfo.java:updateAndGet(143)) - 8f18dce1-0a3d-4b65-9c78-af3d58b2da7f: start FollowerState
2019-10-20 17:40:18,157 [Thread-1345] INFO  impl.FollowerState (FollowerState.java:run(108)) - 8f18dce1-0a3d-4b65-9c78-af3d58b2da7f@group-091950D56227-FollowerState: change to CANDIDATE, lastRpcTime:71ms, electionTimeout:70ms
2019-10-20 17:40:18,157 [Thread-1345] INFO  impl.RoleInfo (RoleInfo.java:shutdownFollowerState(121)) - 8f18dce1-0a3d-4b65-9c78-af3d58b2da7f: shutdown FollowerState
2019-10-20 17:40:18,157 [Thread-1345] INFO  impl.RaftServerImpl (RaftServerImpl.java:setRole(184)) - 8f18dce1-0a3d-4b65-9c78-af3d58b2da7f@group-091950D56227: changes role from  FOLLOWER to CANDIDATE at term 221 for changeToCandidate
2019-10-20 17:40:18,157 [Thread-1345] INFO  impl.RoleInfo (RoleInfo.java:updateAndGet(143)) - 8f18dce1-0a3d-4b65-9c78-af3d58b2da7f: start LeaderElection
2019-10-20 17:40:18,187 [8f18dce1-0a3d-4b65-9c78-af3d58b2da7f@group-091950D56227-LeaderElection184] INFO  impl.LeaderElection (LeaderElection.java:askForVotes(178)) - 8f18dce1-0a3d-4b65-9c78-af3d58b2da7f@group-091950D56227-LeaderElection184: begin an election at term 222 for -1: [8a63e1ae-032e-4bed-9f20-125a11f65413:0.0.0.0:38685, 8f18dce1-0a3d-4b65-9c78-af3d58b2da7f:0.0.0.0:42489, 7b1e61a0-7daf-43dd-99d5-9b325c1d31ae:0.0.0.0:38412], old=null
2019-10-20 17:40:18,189 [grpc-default-executor-1] INFO  impl.RaftServerImpl (RaftServerImpl.java:setRole(184)) - 7b1e61a0-7daf-43dd-99d5-9b325c1d31ae@group-091950D56227: changes role from  FOLLOWER to FOLLOWER at term 222 for recognizeCandidate:8f18dce1-0a3d-4b65-9c78-af3d58b2da7f
2019-10-20 17:40:18,189 [grpc-default-executor-0] INFO  impl.RaftServerImpl (RaftServerImpl.java:setRole(184)) - 8a63e1ae-032e-4bed-9f20-125a11f65413@group-091950D56227: changes role from  FOLLOWER to FOLLOWER at term 222 for recognizeCandidate:8f18dce1-0a3d-4b65-9c78-af3d58b2da7f
2019-10-20 17:40:18,190 [grpc-default-executor-1] INFO  impl.RoleInfo (RoleInfo.java:shutdownFollowerState(121)) - 7b1e61a0-7daf-43dd-99d5-9b325c1d31ae: shutdown FollowerState
2019-10-20 17:40:18,190 [grpc-default-executor-0] INFO  impl.RoleInfo (RoleInfo.java:shutdownFollowerState(121)) - 8a63e1ae-032e-4bed-9f20-125a11f65413: shutdown FollowerState
2019-10-20 17:40:18,190 [Thread-1343] INFO  impl.FollowerState (FollowerState.java:run(117)) - 7b1e61a0-7daf-43dd-99d5-9b325c1d31ae@group-091950D56227-FollowerState was interrupted: java.lang.InterruptedException: sleep interrupted
2019-10-20 17:40:18,190 [grpc-default-executor-1] INFO  impl.RoleInfo (RoleInfo.java:updateAndGet(143)) - 7b1e61a0-7daf-43dd-99d5-9b325c1d31ae: start FollowerState
2019-10-20 17:40:18,190 [Thread-1344] INFO  impl.FollowerState (FollowerState.java:run(117)) - 8a63e1ae-032e-4bed-9f20-125a11f65413@group-091950D56227-FollowerState was interrupted: java.lang.InterruptedException: sleep interrupted
2019-10-20 17:40:18,190 [grpc-default-executor-0] INFO  impl.RoleInfo (RoleInfo.java:updateAndGet(143)) - 8a63e1ae-032e-4bed-9f20-125a11f65413: start FollowerState
2019-10-20 17:40:18,214 [8f18dce1-0a3d-4b65-9c78-af3d58b2da7f@group-091950D56227-LeaderElection184] INFO  impl.LeaderElection (LeaderElection.java:logAndReturn(56)) - 8f18dce1-0a3d-4b65-9c78-af3d58b2da7f@group-091950D56227-LeaderElection184: Election REJECTED; received 2 response(s) [8f18dce1-0a3d-4b65-9c78-af3d58b2da7f<-8a63e1ae-032e-4bed-9f20-125a11f65413#0:FAIL-t222, 8f18dce1-0a3d-4b65-9c78-af3d58b2da7f<-7b1e61a0-7daf-43dd-99d5-9b325c1d31ae#0:FAIL-t222] and 0 exception(s); 8f18dce1-0a3d-4b65-9c78-af3d58b2da7f@group-091950D56227:t222, leader=null, voted=8f18dce1-0a3d-4b65-9c78-af3d58b2da7f, raftlog=8f18dce1-0a3d-4b65-9c78-af3d58b2da7f@group-091950D56227-SegmentedRaftLog:OPENED:c-1,f-1,i0, conf=-1: [8a63e1ae-032e-4bed-9f20-125a11f65413:0.0.0.0:38685, 8f18dce1-0a3d-4b65-9c78-af3d58b2da7f:0.0.0.0:42489, 7b1e61a0-7daf-43dd-99d5-9b325c1d31ae:0.0.0.0:38412], old=null
2019-10-20 17:40:18,214 [8f18dce1-0a3d-4b65-9c78-af3d58b2da7f@group-091950D56227-LeaderElection184] INFO  impl.RaftServerImpl (RaftServerImpl.java:setRole(184)) - 8f18dce1-0a3d-4b65-9c78-af3d58b2da7f@group-091950D56227: changes role from CANDIDATE to FOLLOWER at term 222 for DISCOVERED_A_NEW_TERM
2019-10-20 17:40:18,214 [8f18dce1-0a3d-4b65-9c78-af3d58b2da7f@group-091950D56227-LeaderElection184] INFO  impl.RoleInfo (RoleInfo.java:shutdownLeaderElection(134)) - 8f18dce1-0a3d-4b65-9c78-af3d58b2da7f: shutdown LeaderElection
2019-10-20 17:40:18,214 [8f18dce1-0a3d-4b65-9c78-af3d58b2da7f@group-091950D56227-LeaderElection184] INFO  impl.RoleInfo (RoleInfo.java:updateAndGet(143)) - 8f18dce1-0a3d-4b65-9c78-af3d58b2da7f: start FollowerState
2019-10-20 17:40:18,354 [Thread-1353] INFO  impl.FollowerState (FollowerState.java:run(108)) - 8f18dce1-0a3d-4b65-9c78-af3d58b2da7f@group-091950D56227-FollowerState: change to CANDIDATE, lastRpcTime:139ms, electionTimeout:139ms
2019-10-20 17:40:18,354 [Thread-1353] INFO  impl.RoleInfo (RoleInfo.java:shutdownFollowerState(121)) - 8f18dce1-0a3d-4b65-9c78-af3d58b2da7f: shutdown FollowerState
2019-10-20 17:40:18,354 [Thread-1353] INFO  impl.RaftServerImpl (RaftServerImpl.java:setRole(184)) - 8f18dce1-0a3d-4b65-9c78-af3d58b2da7f@group-091950D56227: changes role from  FOLLOWER to CANDIDATE at term 222 for changeToCandidate
2019-10-20 17:40:18,354 [Thread-1353] INFO  impl.RoleInfo (RoleInfo.java:updateAndGet(143)) - 8f18dce1-0a3d-4b65-9c78-af3d58b2da7f: start LeaderElection
2019-10-20 17:40:18,382 [8f18dce1-0a3d-4b65-9c78-af3d58b2da7f@group-091950D56227-LeaderElection185] INFO  impl.LeaderElection (LeaderElection.java:askForVotes(178)) - 8f18dce1-0a3d-4b65-9c78-af3d58b2da7f@group-091950D56227-LeaderElection185: begin an election at term 223 for -1: [8a63e1ae-032e-4bed-9f20-125a11f65413:0.0.0.0:38685, 8f18dce1-0a3d-4b65-9c78-af3d58b2da7f:0.0.0.0:42489, 7b1e61a0-7daf-43dd-99d5-9b325c1d31ae:0.0.0.0:38412], old=null
2019-10-20 17:40:18,385 [grpc-default-executor-0] INFO  impl.RaftServerImpl (RaftServerImpl.java:setRole(184)) - 8a63e1ae-032e-4bed-9f20-125a11f65413@group-091950D56227: changes role from  FOLLOWER to FOLLOWER at term 223 for recognizeCandidate:8f18dce1-0a3d-4b65-9c78-af3d58b2da7f
2019-10-20 17:40:18,385 [grpc-default-executor-1] INFO  impl.RaftServerImpl (RaftServerImpl.java:setRole(184)) - 7b1e61a0-7daf-43dd-99d5-9b325c1d31ae@group-091950D56227: changes role from  FOLLOWER to FOLLOWER at term 223 for recognizeCandidate:8f18dce1-0a3d-4b65-9c78-af3d58b2da7f
2019-10-20 17:40:18,385 [grpc-default-executor-1] INFO  impl.RoleInfo (RoleInfo.java:shutdownFollowerState(121)) - 7b1e61a0-7daf-43dd-99d5-9b325c1d31ae: shutdown FollowerState
2019-10-20 17:40:18,385 [grpc-default-executor-0] INFO  impl.RoleInfo (RoleInfo.java:shutdownFollowerState(121)) - 8a63e1ae-032e-4bed-9f20-125a11f65413: shutdown FollowerState
2019-10-20 17:40:18,385 [Thread-1351] INFO  impl.FollowerState (FollowerState.java:run(117)) - 7b1e61a0-7daf-43dd-99d5-9b325c1d31ae@group-091950D56227-FollowerState was interrupted: java.lang.InterruptedException: sleep interrupted
2019-10-20 17:40:18,385 [Thread-1352] INFO  impl.FollowerState (FollowerState.java:run(117)) - 8a63e1ae-032e-4bed-9f20-125a11f65413@group-091950D56227-FollowerState was interrupted: java.lang.InterruptedException: sleep interrupted
2019-10-20 17:40:18,385 [grpc-default-executor-1] INFO  impl.RoleInfo (RoleInfo.java:updateAndGet(143)) - 7b1e61a0-7daf-43dd-99d5-9b325c1d31ae: start FollowerState
2019-10-20 17:40:18,385 [grpc-default-executor-0] INFO  impl.RoleInfo (RoleInfo.java:updateAndGet(143)) - 8a63e1ae-032e-4bed-9f20-125a11f65413: start FollowerState
2019-10-20 17:40:18,409 [8f18dce1-0a3d-4b65-9c78-af3d58b2da7f@group-091950D56227-LeaderElection185] INFO  impl.LeaderElection (LeaderElection.java:logAndReturn(56)) - 8f18dce1-0a3d-4b65-9c78-af3d58b2da7f@group-091950D56227-LeaderElection185: Election REJECTED; received 2 response(s) [8f18dce1-0a3d-4b65-9c78-af3d58b2da7f<-8a63e1ae-032e-4bed-9f20-125a11f65413#0:FAIL-t223, 8f18dce1-0a3d-4b65-9c78-af3d58b2da7f<-7b1e61a0-7daf-43dd-99d5-9b325c1d31ae#0:FAIL-t223] and 0 exception(s); 8f18dce1-0a3d-4b65-9c78-af3d58b2da7f@group-091950D56227:t223, leader=null, voted=8f18dce1-0a3d-4b65-9c78-af3d58b2da7f, raftlog=8f18dce1-0a3d-4b65-9c78-af3d58b2da7f@group-091950D56227-SegmentedRaftLog:OPENED:c-1,f-1,i0, conf=-1: [8a63e1ae-032e-4bed-9f20-125a11f65413:0.0.0.0:38685, 8f18dce1-0a3d-4b65-9c78-af3d58b2da7f:0.0.0.0:42489, 7b1e61a0-7daf-43dd-99d5-9b325c1d31ae:0.0.0.0:38412], old=null
2019-10-20 17:40:18,409 [8f18dce1-0a3d-4b65-9c78-af3d58b2da7f@group-091950D56227-LeaderElection185] INFO  impl.RaftServerImpl (RaftServerImpl.java:setRole(184)) - 8f18dce1-0a3d-4b65-9c78-af3d58b2da7f@group-091950D56227: changes role from CANDIDATE to FOLLOWER at term 223 for DISCOVERED_A_NEW_TERM
2019-10-20 17:40:18,409 [8f18dce1-0a3d-4b65-9c78-af3d58b2da7f@group-091950D56227-LeaderElection185] INFO  impl.RoleInfo (RoleInfo.java:shutdownLeaderElection(134)) - 8f18dce1-0a3d-4b65-9c78-af3d58b2da7f: shutdown LeaderElection
2019-10-20 17:40:18,409 [8f18dce1-0a3d-4b65-9c78-af3d58b2da7f@group-091950D56227-LeaderElection185] INFO  impl.RoleInfo (RoleInfo.java:updateAndGet(143)) - 8f18dce1-0a3d-4b65-9c78-af3d58b2da7f: start FollowerState
2019-10-20 17:40:18,497 [Thread-1359] INFO  impl.FollowerState (FollowerState.java:run(108)) - 8f18dce1-0a3d-4b65-9c78-af3d58b2da7f@group-091950D56227-FollowerState: change to CANDIDATE, lastRpcTime:87ms, electionTimeout:87ms
2019-10-20 17:40:18,497 [Thread-1359] INFO  impl.RoleInfo (RoleInfo.java:shutdownFollowerState(121)) - 8f18dce1-0a3d-4b65-9c78-af3d58b2da7f: shutdown FollowerState
2019-10-20 17:40:18,497 [Thread-1359] INFO  impl.RaftServerImpl (RaftServerImpl.java:setRole(184)) - 8f18dce1-0a3d-4b65-9c78-af3d58b2da7f@group-091950D56227: changes role from  FOLLOWER to CANDIDATE at term 223 for changeToCandidate
2019-10-20 17:40:18,497 [Thread-1359] INFO  impl.RoleInfo (RoleInfo.java:updateAndGet(143)) - 8f18dce1-0a3d-4b65-9c78-af3d58b2da7f: start LeaderElection
2019-10-20 17:40:18,526 [8f18dce1-0a3d-4b65-9c78-af3d58b2da7f@group-091950D56227-LeaderElection186] INFO  impl.LeaderElection (LeaderElection.java:askForVotes(178)) - 8f18dce1-0a3d-4b65-9c78-af3d58b2da7f@group-091950D56227-LeaderElection186: begin an election at term 224 for -1: [8a63e1ae-032e-4bed-9f20-125a11f65413:0.0.0.0:38685, 8f18dce1-0a3d-4b65-9c78-af3d58b2da7f:0.0.0.0:42489, 7b1e61a0-7daf-43dd-99d5-9b325c1d31ae:0.0.0.0:38412], old=null
2019-10-20 17:40:18,528 [grpc-default-executor-0] INFO  impl.RaftServerImpl (RaftServerImpl.java:setRole(184)) - 8a63e1ae-032e-4bed-9f20-125a11f65413@group-091950D56227: changes role from  FOLLOWER to FOLLOWER at term 224 for recognizeCandidate:8f18dce1-0a3d-4b65-9c78-af3d58b2da7f
2019-10-20 17:40:18,528 [grpc-default-executor-1] INFO  impl.RaftServerImpl (RaftServerImpl.java:setRole(184)) - 7b1e61a0-7daf-43dd-99d5-9b325c1d31ae@group-091950D56227: changes role from  FOLLOWER to FOLLOWER at term 224 for recognizeCandidate:8f18dce1-0a3d-4b65-9c78-af3d58b2da7f
2019-10-20 17:40:18,528 [grpc-default-executor-0] INFO  impl.RoleInfo (RoleInfo.java:shutdownFollowerState(121)) - 8a63e1ae-032e-4bed-9f20-125a11f65413: shutdown FollowerState
2019-10-20 17:40:18,528 [grpc-default-executor-1] INFO  impl.RoleInfo (RoleInfo.java:shutdownFollowerState(121)) - 7b1e61a0-7daf-43dd-99d5-9b325c1d31ae: shutdown FollowerState
2019-10-20 17:40:18,528 [Thread-1358] INFO  impl.FollowerState (FollowerState.java:run(117)) - 8a63e1ae-032e-4bed-9f20-125a11f65413@group-091950D56227-FollowerState was interrupted: java.lang.InterruptedException: sleep interrupted
2019-10-20 17:40:18,528 [Thread-1357] INFO  impl.FollowerState (FollowerState.java:run(117)) - 7b1e61a0-7daf-43dd-99d5-9b325c1d31ae@group-091950D56227-FollowerState was interrupted: java.lang.InterruptedException: sleep interrupted
2019-10-20 17:40:18,528 [grpc-default-executor-0] INFO  impl.RoleInfo (RoleInfo.java:updateAndGet(143)) - 8a63e1ae-032e-4bed-9f20-125a11f65413: start FollowerState
2019-10-20 17:40:18,528 [grpc-default-executor-1] INFO  impl.RoleInfo (RoleInfo.java:updateAndGet(143)) - 7b1e61a0-7daf-43dd-99d5-9b325c1d31ae: start FollowerState
2019-10-20 17:40:18,532 [8f18dce1-0a3d-4b65-9c78-af3d58b2da7f@group-091950D56227-LeaderElection186] INFO  impl.LeaderElection (LeaderElection.java:logAndReturn(56)) - 8f18dce1-0a3d-4b65-9c78-af3d58b2da7f@group-091950D56227-LeaderElection186: Election TIMEOUT; received 0 response(s) [] and 0 exception(s); 8f18dce1-0a3d-4b65-9c78-af3d58b2da7f@group-091950D56227:t224, leader=null, voted=8f18dce1-0a3d-4b65-9c78-af3d58b2da7f, raftlog=8f18dce1-0a3d-4b65-9c78-af3d58b2da7f@group-091950D56227-SegmentedRaftLog:OPENED:c-1,f-1,i0, conf=-1: [8a63e1ae-032e-4bed-9f20-125a11f65413:0.0.0.0:38685, 8f18dce1-0a3d-4b65-9c78-af3d58b2da7f:0.0.0.0:42489, 7b1e61a0-7daf-43dd-99d5-9b325c1d31ae:0.0.0.0:38412], old=null
2019-10-20 17:40:18,551 [8f18dce1-0a3d-4b65-9c78-af3d58b2da7f@group-091950D56227-LeaderElection186] INFO  impl.LeaderElection (LeaderElection.java:askForVotes(178)) - 8f18dce1-0a3d-4b65-9c78-af3d58b2da7f@group-091950D56227-LeaderElection186: begin an election at term 225 for -1: [8a63e1ae-032e-4bed-9f20-125a11f65413:0.0.0.0:38685, 8f18dce1-0a3d-4b65-9c78-af3d58b2da7f:0.0.0.0:42489, 7b1e61a0-7daf-43dd-99d5-9b325c1d31ae:0.0.0.0:38412], old=null
2019-10-20 17:40:18,553 [grpc-default-executor-0] INFO  impl.RaftServerImpl (RaftServerImpl.java:setRole(184)) - 7b1e61a0-7daf-43dd-99d5-9b325c1d31ae@group-091950D56227: changes role from  FOLLOWER to FOLLOWER at term 225 for recognizeCandidate:8f18dce1-0a3d-4b65-9c78-af3d58b2da7f
2019-10-20 17:40:18,553 [grpc-default-executor-1] INFO  impl.RaftServerImpl (RaftServerImpl.java:setRole(184)) - 8a63e1ae-032e-4bed-9f20-125a11f65413@group-091950D56227: changes role from  FOLLOWER to FOLLOWER at term 225 for recognizeCandidate:8f18dce1-0a3d-4b65-9c78-af3d58b2da7f
2019-10-20 17:40:18,553 [grpc-default-executor-0] INFO  impl.RoleInfo (RoleInfo.java:shutdownFollowerState(121)) - 7b1e61a0-7daf-43dd-99d5-9b325c1d31ae: shutdown FollowerState
2019-10-20 17:40:18,553 [grpc-default-executor-1] INFO  impl.RoleInfo (RoleInfo.java:shutdownFollowerState(121)) - 8a63e1ae-032e-4bed-9f20-125a11f65413: shutdown FollowerState
2019-10-20 17:40:18,553 [grpc-default-executor-0] INFO  impl.RoleInfo (RoleInfo.java:updateAndGet(143)) - 7b1e61a0-7daf-43dd-99d5-9b325c1d31ae: start FollowerState
2019-10-20 17:40:18,554 [Thread-1363] INFO  impl.FollowerState (FollowerState.java:run(117)) - 8a63e1ae-032e-4bed-9f20-125a11f65413@group-091950D56227-FollowerState was interrupted: java.lang.InterruptedException: sleep interrupted
2019-10-20 17:40:18,554 [Thread-1364] INFO  impl.FollowerState (FollowerState.java:run(117)) - 7b1e61a0-7daf-43dd-99d5-9b325c1d31ae@group-091950D56227-FollowerState was interrupted: java.lang.InterruptedException: sleep interrupted
2019-10-20 17:40:18,554 [grpc-default-executor-1] INFO  impl.RoleInfo (RoleInfo.java:updateAndGet(143)) - 8a63e1ae-032e-4bed-9f20-125a11f65413: start FollowerState
2019-10-20 17:40:18,578 [8f18dce1-0a3d-4b65-9c78-af3d58b2da7f@group-091950D56227-LeaderElection186] INFO  impl.LeaderElection (LeaderElection.java:logAndReturn(56)) - 8f18dce1-0a3d-4b65-9c78-af3d58b2da7f@group-091950D56227-LeaderElection186: Election REJECTED; received 2 response(s) [8f18dce1-0a3d-4b65-9c78-af3d58b2da7f<-8a63e1ae-032e-4bed-9f20-125a11f65413#0:FAIL-t225, 8f18dce1-0a3d-4b65-9c78-af3d58b2da7f<-7b1e61a0-7daf-43dd-99d5-9b325c1d31ae#0:FAIL-t225] and 0 exception(s); 8f18dce1-0a3d-4b65-9c78-af3d58b2da7f@group-091950D56227:t225, leader=null, voted=8f18dce1-0a3d-4b65-9c78-af3d58b2da7f, raftlog=8f18dce1-0a3d-4b65-9c78-af3d58b2da7f@group-091950D56227-SegmentedRaftLog:OPENED:c-1,f-1,i0, conf=-1: [8a63e1ae-032e-4bed-9f20-125a11f65413:0.0.0.0:38685, 8f18dce1-0a3d-4b65-9c78-af3d58b2da7f:0.0.0.0:42489, 7b1e61a0-7daf-43dd-99d5-9b325c1d31ae:0.0.0.0:38412], old=null
2019-10-20 17:40:18,578 [8f18dce1-0a3d-4b65-9c78-af3d58b2da7f@group-091950D56227-LeaderElection186] INFO  impl.RaftServerImpl (RaftServerImpl.java:setRole(184)) - 8f18dce1-0a3d-4b65-9c78-af3d58b2da7f@group-091950D56227: changes role from CANDIDATE to FOLLOWER at term 225 for DISCOVERED_A_NEW_TERM
2019-10-20 17:40:18,578 [8f18dce1-0a3d-4b65-9c78-af3d58b2da7f@group-091950D56227-LeaderElection186] INFO  impl.RoleInfo (RoleInfo.java:shutdownLeaderElection(134)) - 8f18dce1-0a3d-4b65-9c78-af3d58b2da7f: shutdown LeaderElection
2019-10-20 17:40:18,578 [8f18dce1-0a3d-4b65-9c78-af3d58b2da7f@group-091950D56227-LeaderElection186] INFO  impl.RoleInfo (RoleInfo.java:updateAndGet(143)) - 8f18dce1-0a3d-4b65-9c78-af3d58b2da7f: start FollowerState
2019-10-20 17:40:18,684 [Thread-1369] INFO  impl.FollowerState (FollowerState.java:run(108)) - 8f18dce1-0a3d-4b65-9c78-af3d58b2da7f@group-091950D56227-FollowerState: change to CANDIDATE, lastRpcTime:105ms, electionTimeout:105ms
2019-10-20 17:40:18,684 [Thread-1369] INFO  impl.RoleInfo (RoleInfo.java:shutdownFollowerState(121)) - 8f18dce1-0a3d-4b65-9c78-af3d58b2da7f: shutdown FollowerState
2019-10-20 17:40:18,684 [Thread-1369] INFO  impl.RaftServerImpl (RaftServerImpl.java:setRole(184)) - 8f18dce1-0a3d-4b65-9c78-af3d58b2da7f@group-091950D56227: changes role from  FOLLOWER to CANDIDATE at term 225 for changeToCandidate
2019-10-20 17:40:18,684 [Thread-1369] INFO  impl.RoleInfo (RoleInfo.java:updateAndGet(143)) - 8f18dce1-0a3d-4b65-9c78-af3d58b2da7f: start LeaderElection
2019-10-20 17:40:18,713 [8f18dce1-0a3d-4b65-9c78-af3d58b2da7f@group-091950D56227-LeaderElection187] INFO  impl.LeaderElection (LeaderElection.java:askForVotes(178)) - 8f18dce1-0a3d-4b65-9c78-af3d58b2da7f@group-091950D56227-LeaderElection187: begin an election at term 226 for -1: [8a63e1ae-032e-4bed-9f20-125a11f65413:0.0.0.0:38685, 8f18dce1-0a3d-4b65-9c78-af3d58b2da7f:0.0.0.0:42489, 7b1e61a0-7daf-43dd-99d5-9b325c1d31ae:0.0.0.0:38412], old=null
2019-10-20 17:40:18,716 [grpc-default-executor-0] INFO  impl.RaftServerImpl (RaftServerImpl.java:setRole(184)) - 7b1e61a0-7daf-43dd-99d5-9b325c1d31ae@group-091950D56227: changes role from  FOLLOWER to FOLLOWER at term 226 for recognizeCandidate:8f18dce1-0a3d-4b65-9c78-af3d58b2da7f
2019-10-20 17:40:18,716 [grpc-default-executor-0] INFO  impl.RoleInfo (RoleInfo.java:shutdownFollowerState(121)) - 7b1e61a0-7daf-43dd-99d5-9b325c1d31ae: shutdown FollowerState
2019-10-20 17:40:18,716 [grpc-default-executor-1] INFO  impl.RaftServerImpl (RaftServerImpl.java:setRole(184)) - 8a63e1ae-032e-4bed-9f20-125a11f65413@group-091950D56227: changes role from  FOLLOWER to FOLLOWER at term 226 for recognizeCandidate:8f18dce1-0a3d-4b65-9c78-af3d58b2da7f
2019-10-20 17:40:18,716 [Thread-1367] INFO  impl.FollowerState (FollowerState.java:run(117)) - 7b1e61a0-7daf-43dd-99d5-9b325c1d31ae@group-091950D56227-FollowerState was interrupted: java.lang.InterruptedException: sleep interrupted
2019-10-20 17:40:18,716 [grpc-default-executor-0] INFO  impl.RoleInfo (RoleInfo.java:updateAndGet(143)) - 7b1e61a0-7daf-43dd-99d5-9b325c1d31ae: start FollowerState
2019-10-20 17:40:18,716 [grpc-default-executor-1] INFO  impl.RoleInfo (RoleInfo.java:shutdownFollowerState(121)) - 8a63e1ae-032e-4bed-9f20-125a11f65413: shutdown FollowerState
2019-10-20 17:40:18,717 [grpc-default-executor-1] INFO  impl.RoleInfo (RoleInfo.java:updateAndGet(143)) - 8a63e1ae-032e-4bed-9f20-125a11f65413: start FollowerState
2019-10-20 17:40:18,717 [Thread-1368] INFO  impl.FollowerState (FollowerState.java:run(117)) - 8a63e1ae-032e-4bed-9f20-125a11f65413@group-091950D56227-FollowerState was interrupted: java.lang.InterruptedException: sleep interrupted
2019-10-20 17:40:18,740 [8f18dce1-0a3d-4b65-9c78-af3d58b2da7f@group-091950D56227-LeaderElection187] INFO  impl.LeaderElection (LeaderElection.java:logAndReturn(56)) - 8f18dce1-0a3d-4b65-9c78-af3d58b2da7f@group-091950D56227-LeaderElection187: Election REJECTED; received 2 response(s) [8f18dce1-0a3d-4b65-9c78-af3d58b2da7f<-8a63e1ae-032e-4bed-9f20-125a11f65413#0:FAIL-t226, 8f18dce1-0a3d-4b65-9c78-af3d58b2da7f<-7b1e61a0-7daf-43dd-99d5-9b325c1d31ae#0:FAIL-t226] and 0 exception(s); 8f18dce1-0a3d-4b65-9c78-af3d58b2da7f@group-091950D56227:t226, leader=null, voted=8f18dce1-0a3d-4b65-9c78-af3d58b2da7f, raftlog=8f18dce1-0a3d-4b65-9c78-af3d58b2da7f@group-091950D56227-SegmentedRaftLog:OPENED:c-1,f-1,i0, conf=-1: [8a63e1ae-032e-4bed-9f20-125a11f65413:0.0.0.0:38685, 8f18dce1-0a3d-4b65-9c78-af3d58b2da7f:0.0.0.0:42489, 7b1e61a0-7daf-43dd-99d5-9b325c1d31ae:0.0.0.0:38412], old=null
2019-10-20 17:40:18,740 [8f18dce1-0a3d-4b65-9c78-af3d58b2da7f@group-091950D56227-LeaderElection187] INFO  impl.RaftServerImpl (RaftServerImpl.java:setRole(184)) - 8f18dce1-0a3d-4b65-9c78-af3d58b2da7f@group-091950D56227: changes role from CANDIDATE to FOLLOWER at term 226 for DISCOVERED_A_NEW_TERM
2019-10-20 17:40:18,740 [8f18dce1-0a3d-4b65-9c78-af3d58b2da7f@group-091950D56227-LeaderElection187] INFO  impl.RoleInfo (RoleInfo.java:shutdownLeaderElection(134)) - 8f18dce1-0a3d-4b65-9c78-af3d58b2da7f: shutdown LeaderElection
2019-10-20 17:40:18,740 [8f18dce1-0a3d-4b65-9c78-af3d58b2da7f@group-091950D56227-LeaderElection187] INFO  impl.RoleInfo (RoleInfo.java:updateAndGet(143)) - 8f18dce1-0a3d-4b65-9c78-af3d58b2da7f: start FollowerState
2019-10-20 17:40:18,940 [Thread-1375] INFO  impl.FollowerState (FollowerState.java:run(108)) - 8f18dce1-0a3d-4b65-9c78-af3d58b2da7f@group-091950D56227-FollowerState: change to CANDIDATE, lastRpcTime:200ms, electionTimeout:200ms
2019-10-20 17:40:18,941 [Thread-1375] INFO  impl.RoleInfo (RoleInfo.java:shutdownFollowerState(121)) - 8f18dce1-0a3d-4b65-9c78-af3d58b2da7f: shutdown FollowerState
2019-10-20 17:40:18,941 [Thread-1375] INFO  impl.RaftServerImpl (RaftServerImpl.java:setRole(184)) - 8f18dce1-0a3d-4b65-9c78-af3d58b2da7f@group-091950D56227: changes role from  FOLLOWER to CANDIDATE at term 226 for changeToCandidate
2019-10-20 17:40:18,941 [Thread-1375] INFO  impl.RoleInfo (RoleInfo.java:updateAndGet(143)) - 8f18dce1-0a3d-4b65-9c78-af3d58b2da7f: start LeaderElection
2019-10-20 17:40:18,977 [8f18dce1-0a3d-4b65-9c78-af3d58b2da7f@group-091950D56227-LeaderElection188] INFO  impl.LeaderElection (LeaderElection.java:askForVotes(178)) - 8f18dce1-0a3d-4b65-9c78-af3d58b2da7f@group-091950D56227-LeaderElection188: begin an election at term 227 for -1: [8a63e1ae-032e-4bed-9f20-125a11f65413:0.0.0.0:38685, 8f18dce1-0a3d-4b65-9c78-af3d58b2da7f:0.0.0.0:42489, 7b1e61a0-7daf-43dd-99d5-9b325c1d31ae:0.0.0.0:38412], old=null
2019-10-20 17:40:18,980 [grpc-default-executor-0] INFO  impl.RaftServerImpl (RaftServerImpl.java:setRole(184)) - 7b1e61a0-7daf-43dd-99d5-9b325c1d31ae@group-091950D56227: changes role from  FOLLOWER to FOLLOWER at term 227 for recognizeCandidate:8f18dce1-0a3d-4b65-9c78-af3d58b2da7f
2019-10-20 17:40:18,980 [grpc-default-executor-0] INFO  impl.RoleInfo (RoleInfo.java:shutdownFollowerState(121)) - 7b1e61a0-7daf-43dd-99d5-9b325c1d31ae: shutdown FollowerState
2019-10-20 17:40:18,980 [grpc-default-executor-0] INFO  impl.RoleInfo (RoleInfo.java:updateAndGet(143)) - 7b1e61a0-7daf-43dd-99d5-9b325c1d31ae: start FollowerState
2019-10-20 17:40:18,980 [Thread-1373] INFO  impl.FollowerState (FollowerState.java:run(117)) - 7b1e61a0-7daf-43dd-99d5-9b325c1d31ae@group-091950D56227-FollowerState was interrupted: java.lang.InterruptedException: sleep interrupted
2019-10-20 17:40:18,980 [grpc-default-executor-1] INFO  impl.RaftServerImpl (RaftServerImpl.java:setRole(184)) - 8a63e1ae-032e-4bed-9f20-125a11f65413@group-091950D56227: changes role from  FOLLOWER to FOLLOWER at term 227 for recognizeCandidate:8f18dce1-0a3d-4b65-9c78-af3d58b2da7f
2019-10-20 17:40:18,980 [grpc-default-executor-1] INFO  impl.RoleInfo (RoleInfo.java:shutdownFollowerState(121)) - 8a63e1ae-032e-4bed-9f20-125a11f65413: shutdown FollowerState
2019-10-20 17:40:18,981 [grpc-default-executor-1] INFO  impl.RoleInfo (RoleInfo.java:updateAndGet(143)) - 8a63e1ae-032e-4bed-9f20-125a11f65413: start FollowerState
2019-10-20 17:40:18,981 [Thread-1374] INFO  impl.FollowerState (FollowerState.java:run(117)) - 8a63e1ae-032e-4bed-9f20-125a11f65413@group-091950D56227-FollowerState was interrupted: java.lang.InterruptedException: sleep interrupted
2019-10-20 17:40:19,004 [8f18dce1-0a3d-4b65-9c78-af3d58b2da7f@group-091950D56227-LeaderElection188] INFO  impl.LeaderElection (LeaderElection.java:logAndReturn(56)) - 8f18dce1-0a3d-4b65-9c78-af3d58b2da7f@group-091950D56227-LeaderElection188: Election REJECTED; received 2 response(s) [8f18dce1-0a3d-4b65-9c78-af3d58b2da7f<-8a63e1ae-032e-4bed-9f20-125a11f65413#0:FAIL-t227, 8f18dce1-0a3d-4b65-9c78-af3d58b2da7f<-7b1e61a0-7daf-43dd-99d5-9b325c1d31ae#0:FAIL-t227] and 0 exception(s); 8f18dce1-0a3d-4b65-9c78-af3d58b2da7f@group-091950D56227:t227, leader=null, voted=8f18dce1-0a3d-4b65-9c78-af3d58b2da7f, raftlog=8f18dce1-0a3d-4b65-9c78-af3d58b2da7f@group-091950D56227-SegmentedRaftLog:OPENED:c-1,f-1,i0, conf=-1: [8a63e1ae-032e-4bed-9f20-125a11f65413:0.0.0.0:38685, 8f18dce1-0a3d-4b65-9c78-af3d58b2da7f:0.0.0.0:42489, 7b1e61a0-7daf-43dd-99d5-9b325c1d31ae:0.0.0.0:38412], old=null
2019-10-20 17:40:19,005 [8f18dce1-0a3d-4b65-9c78-af3d58b2da7f@group-091950D56227-LeaderElection188] INFO  impl.RaftServerImpl (RaftServerImpl.java:setRole(184)) - 8f18dce1-0a3d-4b65-9c78-af3d58b2da7f@group-091950D56227: changes role from CANDIDATE to FOLLOWER at term 227 for DISCOVERED_A_NEW_TERM
2019-10-20 17:40:19,005 [8f18dce1-0a3d-4b65-9c78-af3d58b2da7f@group-091950D56227-LeaderElection188] INFO  impl.RoleInfo (RoleInfo.java:shutdownLeaderElection(134)) - 8f18dce1-0a3d-4b65-9c78-af3d58b2da7f: shutdown LeaderElection
2019-10-20 17:40:19,005 [8f18dce1-0a3d-4b65-9c78-af3d58b2da7f@group-091950D56227-LeaderElection188] INFO  impl.RoleInfo (RoleInfo.java:updateAndGet(143)) - 8f18dce1-0a3d-4b65-9c78-af3d58b2da7f: start FollowerState
2019-10-20 17:40:19,102 [Thread-1381] INFO  impl.FollowerState (FollowerState.java:run(108)) - 8f18dce1-0a3d-4b65-9c78-af3d58b2da7f@group-091950D56227-FollowerState: change to CANDIDATE, lastRpcTime:97ms, electionTimeout:97ms
2019-10-20 17:40:19,102 [Thread-1381] INFO  impl.RoleInfo (RoleInfo.java:shutdownFollowerState(121)) - 8f18dce1-0a3d-4b65-9c78-af3d58b2da7f: shutdown FollowerState
2019-10-20 17:40:19,103 [Thread-1381] INFO  impl.RaftServerImpl (RaftServerImpl.java:setRole(184)) - 8f18dce1-0a3d-4b65-9c78-af3d58b2da7f@group-091950D56227: changes role from  FOLLOWER to CANDIDATE at term 227 for changeToCandidate
2019-10-20 17:40:19,103 [Thread-1381] INFO  impl.RoleInfo (RoleInfo.java:updateAndGet(143)) - 8f18dce1-0a3d-4b65-9c78-af3d58b2da7f: start LeaderElection
2019-10-20 17:40:19,133 [8f18dce1-0a3d-4b65-9c78-af3d58b2da7f@group-091950D56227-LeaderElection189] INFO  impl.LeaderElection (LeaderElection.java:askForVotes(178)) - 8f18dce1-0a3d-4b65-9c78-af3d58b2da7f@group-091950D56227-LeaderElection189: begin an election at term 228 for -1: [8a63e1ae-032e-4bed-9f20-125a11f65413:0.0.0.0:38685, 8f18dce1-0a3d-4b65-9c78-af3d58b2da7f:0.0.0.0:42489, 7b1e61a0-7daf-43dd-99d5-9b325c1d31ae:0.0.0.0:38412], old=null
2019-10-20 17:40:19,135 [grpc-default-executor-1] INFO  impl.RaftServerImpl (RaftServerImpl.java:setRole(184)) - 7b1e61a0-7daf-43dd-99d5-9b325c1d31ae@group-091950D56227: changes role from  FOLLOWER to FOLLOWER at term 228 for recognizeCandidate:8f18dce1-0a3d-4b65-9c78-af3d58b2da7f
2019-10-20 17:40:19,135 [grpc-default-executor-0] INFO  impl.RaftServerImpl (RaftServerImpl.java:setRole(184)) - 8a63e1ae-032e-4bed-9f20-125a11f65413@group-091950D56227: changes role from  FOLLOWER to FOLLOWER at term 228 for recognizeCandidate:8f18dce1-0a3d-4b65-9c78-af3d58b2da7f
2019-10-20 17:40:19,135 [grpc-default-executor-1] INFO  impl.RoleInfo (RoleInfo.java:shutdownFollowerState(121)) - 7b1e61a0-7daf-43dd-99d5-9b325c1d31ae: shutdown FollowerState
2019-10-20 17:40:19,135 [grpc-default-executor-0] INFO  impl.RoleInfo (RoleInfo.java:shutdownFollowerState(121)) - 8a63e1ae-032e-4bed-9f20-125a11f65413: shutdown FollowerState
2019-10-20 17:40:19,136 [Thread-1379] INFO  impl.FollowerState (FollowerState.java:run(117)) - 7b1e61a0-7daf-43dd-99d5-9b325c1d31ae@group-091950D56227-FollowerState was interrupted: java.lang.InterruptedException: sleep interrupted
2019-10-20 17:40:19,135 [grpc-default-executor-1] INFO  impl.RoleInfo (RoleInfo.java:updateAndGet(143)) - 7b1e61a0-7daf-43dd-99d5-9b325c1d31ae: start FollowerState
2019-10-20 17:40:19,136 [Thread-1380] INFO  impl.FollowerState (FollowerState.java:run(117)) - 8a63e1ae-032e-4bed-9f20-125a11f65413@group-091950D56227-FollowerState was interrupted: java.lang.InterruptedException: sleep interrupted
2019-10-20 17:40:19,136 [grpc-default-executor-0] INFO  impl.RoleInfo (RoleInfo.java:updateAndGet(143)) - 8a63e1ae-032e-4bed-9f20-125a11f65413: start FollowerState
2019-10-20 17:40:19,160 [8f18dce1-0a3d-4b65-9c78-af3d58b2da7f@group-091950D56227-LeaderElection189] INFO  impl.LeaderElection (LeaderElection.java:logAndReturn(56)) - 8f18dce1-0a3d-4b65-9c78-af3d58b2da7f@group-091950D56227-LeaderElection189: Election REJECTED; received 2 response(s) [8f18dce1-0a3d-4b65-9c78-af3d58b2da7f<-8a63e1ae-032e-4bed-9f20-125a11f65413#0:FAIL-t228, 8f18dce1-0a3d-4b65-9c78-af3d58b2da7f<-7b1e61a0-7daf-43dd-99d5-9b325c1d31ae#0:FAIL-t228] and 0 exception(s); 8f18dce1-0a3d-4b65-9c78-af3d58b2da7f@group-091950D56227:t228, leader=null, voted=8f18dce1-0a3d-4b65-9c78-af3d58b2da7f, raftlog=8f18dce1-0a3d-4b65-9c78-af3d58b2da7f@group-091950D56227-SegmentedRaftLog:OPENED:c-1,f-1,i0, conf=-1: [8a63e1ae-032e-4bed-9f20-125a11f65413:0.0.0.0:38685, 8f18dce1-0a3d-4b65-9c78-af3d58b2da7f:0.0.0.0:42489, 7b1e61a0-7daf-43dd-99d5-9b325c1d31ae:0.0.0.0:38412], old=null
2019-10-20 17:40:19,160 [8f18dce1-0a3d-4b65-9c78-af3d58b2da7f@group-091950D56227-LeaderElection189] INFO  impl.RaftServerImpl (RaftServerImpl.java:setRole(184)) - 8f18dce1-0a3d-4b65-9c78-af3d58b2da7f@group-091950D56227: changes role from CANDIDATE to FOLLOWER at term 228 for DISCOVERED_A_NEW_TERM
2019-10-20 17:40:19,160 [8f18dce1-0a3d-4b65-9c78-af3d58b2da7f@group-091950D56227-LeaderElection189] INFO  impl.RoleInfo (RoleInfo.java:shutdownLeaderElection(134)) - 8f18dce1-0a3d-4b65-9c78-af3d58b2da7f: shutdown LeaderElection
2019-10-20 17:40:19,160 [8f18dce1-0a3d-4b65-9c78-af3d58b2da7f@group-091950D56227-LeaderElection189] INFO  impl.RoleInfo (RoleInfo.java:updateAndGet(143)) - 8f18dce1-0a3d-4b65-9c78-af3d58b2da7f: start FollowerState
2019-10-20 17:40:19,287 [Thread-1387] INFO  impl.FollowerState (FollowerState.java:run(108)) - 8f18dce1-0a3d-4b65-9c78-af3d58b2da7f@group-091950D56227-FollowerState: change to CANDIDATE, lastRpcTime:126ms, electionTimeout:126ms
2019-10-20 17:40:19,287 [Thread-1387] INFO  impl.RoleInfo (RoleInfo.java:shutdownFollowerState(121)) - 8f18dce1-0a3d-4b65-9c78-af3d58b2da7f: shutdown FollowerState
2019-10-20 17:40:19,287 [Thread-1387] INFO  impl.RaftServerImpl (RaftServerImpl.java:setRole(184)) - 8f18dce1-0a3d-4b65-9c78-af3d58b2da7f@group-091950D56227: changes role from  FOLLOWER to CANDIDATE at term 228 for changeToCandidate
2019-10-20 17:40:19,287 [Thread-1387] INFO  impl.RoleInfo (RoleInfo.java:updateAndGet(143)) - 8f18dce1-0a3d-4b65-9c78-af3d58b2da7f: start LeaderElection
2019-10-20 17:40:19,321 [8f18dce1-0a3d-4b65-9c78-af3d58b2da7f@group-091950D56227-LeaderElection190] INFO  impl.LeaderElection (LeaderElection.java:askForVotes(178)) - 8f18dce1-0a3d-4b65-9c78-af3d58b2da7f@group-091950D56227-LeaderElection190: begin an election at term 229 for -1: [8a63e1ae-032e-4bed-9f20-125a11f65413:0.0.0.0:38685, 8f18dce1-0a3d-4b65-9c78-af3d58b2da7f:0.0.0.0:42489, 7b1e61a0-7daf-43dd-99d5-9b325c1d31ae:0.0.0.0:38412], old=null
2019-10-20 17:40:19,323 [grpc-default-executor-0] INFO  impl.RaftServerImpl (RaftServerImpl.java:setRole(184)) - 7b1e61a0-7daf-43dd-99d5-9b325c1d31ae@group-091950D56227: changes role from  FOLLOWER to FOLLOWER at term 229 for recognizeCandidate:8f18dce1-0a3d-4b65-9c78-af3d58b2da7f
2019-10-20 17:40:19,323 [grpc-default-executor-1] INFO  impl.RaftServerImpl (RaftServerImpl.java:setRole(184)) - 8a63e1ae-032e-4bed-9f20-125a11f65413@group-091950D56227: changes role from  FOLLOWER to FOLLOWER at term 229 for recognizeCandidate:8f18dce1-0a3d-4b65-9c78-af3d58b2da7f
2019-10-20 17:40:19,323 [grpc-default-executor-0] INFO  impl.RoleInfo (RoleInfo.java:shutdownFollowerState(121)) - 7b1e61a0-7daf-43dd-99d5-9b325c1d31ae: shutdown FollowerState
2019-10-20 17:40:19,323 [grpc-default-executor-1] INFO  impl.RoleInfo (RoleInfo.java:shutdownFollowerState(121)) - 8a63e1ae-032e-4bed-9f20-125a11f65413: shutdown FollowerState
2019-10-20 17:40:19,323 [grpc-default-executor-1] INFO  impl.RoleInfo (RoleInfo.java:updateAndGet(143)) - 8a63e1ae-032e-4bed-9f20-125a11f65413: start FollowerState
2019-10-20 17:40:19,323 [Thread-1385] INFO  impl.FollowerState (FollowerState.java:run(117)) - 7b1e61a0-7daf-43dd-99d5-9b325c1d31ae@group-091950D56227-FollowerState was interrupted: java.lang.InterruptedException: sleep interrupted
2019-10-20 17:40:19,323 [grpc-default-executor-0] INFO  impl.RoleInfo (RoleInfo.java:updateAndGet(143)) - 7b1e61a0-7daf-43dd-99d5-9b325c1d31ae: start FollowerState
2019-10-20 17:40:19,323 [Thread-1386] INFO  impl.FollowerState (FollowerState.java:run(117)) - 8a63e1ae-032e-4bed-9f20-125a11f65413@group-091950D56227-FollowerState was interrupted: java.lang.InterruptedException: sleep interrupted
2019-10-20 17:40:19,348 [8f18dce1-0a3d-4b65-9c78-af3d58b2da7f@group-091950D56227-LeaderElection190] INFO  impl.LeaderElection (LeaderElection.java:logAndReturn(56)) - 8f18dce1-0a3d-4b65-9c78-af3d58b2da7f@group-091950D56227-LeaderElection190: Election REJECTED; received 2 response(s) [8f18dce1-0a3d-4b65-9c78-af3d58b2da7f<-8a63e1ae-032e-4bed-9f20-125a11f65413#0:FAIL-t229, 8f18dce1-0a3d-4b65-9c78-af3d58b2da7f<-7b1e61a0-7daf-43dd-99d5-9b325c1d31ae#0:FAIL-t229] and 0 exception(s); 8f18dce1-0a3d-4b65-9c78-af3d58b2da7f@group-091950D56227:t229, leader=null, voted=8f18dce1-0a3d-4b65-9c78-af3d58b2da7f, raftlog=8f18dce1-0a3d-4b65-9c78-af3d58b2da7f@group-091950D56227-SegmentedRaftLog:OPENED:c-1,f-1,i0, conf=-1: [8a63e1ae-032e-4bed-9f20-125a11f65413:0.0.0.0:38685, 8f18dce1-0a3d-4b65-9c78-af3d58b2da7f:0.0.0.0:42489, 7b1e61a0-7daf-43dd-99d5-9b325c1d31ae:0.0.0.0:38412], old=null
2019-10-20 17:40:19,348 [8f18dce1-0a3d-4b65-9c78-af3d58b2da7f@group-091950D56227-LeaderElection190] INFO  impl.RaftServerImpl (RaftServerImpl.java:setRole(184)) - 8f18dce1-0a3d-4b65-9c78-af3d58b2da7f@group-091950D56227: changes role from CANDIDATE to FOLLOWER at term 229 for DISCOVERED_A_NEW_TERM
2019-10-20 17:40:19,348 [8f18dce1-0a3d-4b65-9c78-af3d58b2da7f@group-091950D56227-LeaderElection190] INFO  impl.RoleInfo (RoleInfo.java:shutdownLeaderElection(134)) - 8f18dce1-0a3d-4b65-9c78-af3d58b2da7f: shutdown LeaderElection
2019-10-20 17:40:19,348 [8f18dce1-0a3d-4b65-9c78-af3d58b2da7f@group-091950D56227-LeaderElection190] INFO  impl.RoleInfo (RoleInfo.java:updateAndGet(143)) - 8f18dce1-0a3d-4b65-9c78-af3d58b2da7f: start FollowerState
2019-10-20 17:40:19,458 [Thread-1395] INFO  impl.FollowerState (FollowerState.java:run(108)) - 8f18dce1-0a3d-4b65-9c78-af3d58b2da7f@group-091950D56227-FollowerState: change to CANDIDATE, lastRpcTime:109ms, electionTimeout:109ms
2019-10-20 17:40:19,458 [Thread-1395] INFO  impl.RoleInfo (RoleInfo.java:shutdownFollowerState(121)) - 8f18dce1-0a3d-4b65-9c78-af3d58b2da7f: shutdown FollowerState
2019-10-20 17:40:19,458 [Thread-1395] INFO  impl.RaftServerImpl (RaftServerImpl.java:setRole(184)) - 8f18dce1-0a3d-4b65-9c78-af3d58b2da7f@group-091950D56227: changes role from  FOLLOWER to CANDIDATE at term 229 for changeToCandidate
2019-10-20 17:40:19,458 [Thread-1395] INFO  impl.RoleInfo (RoleInfo.java:updateAndGet(143)) - 8f18dce1-0a3d-4b65-9c78-af3d58b2da7f: start LeaderElection
2019-10-20 17:40:19,496 [8f18dce1-0a3d-4b65-9c78-af3d58b2da7f@group-091950D56227-LeaderElection191] INFO  impl.LeaderElection (LeaderElection.java:askForVotes(178)) - 8f18dce1-0a3d-4b65-9c78-af3d58b2da7f@group-091950D56227-LeaderElection191: begin an election at term 230 for -1: [8a63e1ae-032e-4bed-9f20-125a11f65413:0.0.0.0:38685, 8f18dce1-0a3d-4b65-9c78-af3d58b2da7f:0.0.0.0:42489, 7b1e61a0-7daf-43dd-99d5-9b325c1d31ae:0.0.0.0:38412], old=null
2019-10-20 17:40:19,498 [grpc-default-executor-1] INFO  impl.RaftServerImpl (RaftServerImpl.java:setRole(184)) - 7b1e61a0-7daf-43dd-99d5-9b325c1d31ae@group-091950D56227: changes role from  FOLLOWER to FOLLOWER at term 230 for recognizeCandidate:8f18dce1-0a3d-4b65-9c78-af3d58b2da7f
2019-10-20 17:40:19,498 [grpc-default-executor-0] INFO  impl.RaftServerImpl (RaftServerImpl.java:setRole(184)) - 8a63e1ae-032e-4bed-9f20-125a11f65413@group-091950D56227: changes role from  FOLLOWER to FOLLOWER at term 230 for recognizeCandidate:8f18dce1-0a3d-4b65-9c78-af3d58b2da7f
2019-10-20 17:40:19,498 [grpc-default-executor-1] INFO  impl.RoleInfo (RoleInfo.java:shutdownFollowerState(121)) - 7b1e61a0-7daf-43dd-99d5-9b325c1d31ae: shutdown FollowerState
2019-10-20 17:40:19,498 [grpc-default-executor-0] INFO  impl.RoleInfo (RoleInfo.java:shutdownFollowerState(121)) - 8a63e1ae-032e-4bed-9f20-125a11f65413: shutdown FollowerState
2019-10-20 17:40:19,498 [Thread-1393] INFO  impl.FollowerState (FollowerState.java:run(117)) - 7b1e61a0-7daf-43dd-99d5-9b325c1d31ae@group-091950D56227-FollowerState was interrupted: java.lang.InterruptedException: sleep interrupted
2019-10-20 17:40:19,498 [Thread-1394] INFO  impl.FollowerState (FollowerState.java:run(117)) - 8a63e1ae-032e-4bed-9f20-125a11f65413@group-091950D56227-FollowerState was interrupted: java.lang.InterruptedException: sleep interrupted
2019-10-20 17:40:19,498 [grpc-default-executor-0] INFO  impl.RoleInfo (RoleInfo.java:updateAndGet(143)) - 8a63e1ae-032e-4bed-9f20-125a11f65413: start FollowerState
2019-10-20 17:40:19,498 [grpc-default-executor-1] INFO  impl.RoleInfo (RoleInfo.java:updateAndGet(143)) - 7b1e61a0-7daf-43dd-99d5-9b325c1d31ae: start FollowerState
2019-10-20 17:40:19,523 [8f18dce1-0a3d-4b65-9c78-af3d58b2da7f@group-091950D56227-LeaderElection191] INFO  impl.LeaderElection (LeaderElection.java:logAndReturn(56)) - 8f18dce1-0a3d-4b65-9c78-af3d58b2da7f@group-091950D56227-LeaderElection191: Election REJECTED; received 2 response(s) [8f18dce1-0a3d-4b65-9c78-af3d58b2da7f<-8a63e1ae-032e-4bed-9f20-125a11f65413#0:FAIL-t230, 8f18dce1-0a3d-4b65-9c78-af3d58b2da7f<-7b1e61a0-7daf-43dd-99d5-9b325c1d31ae#0:FAIL-t230] and 0 exception(s); 8f18dce1-0a3d-4b65-9c78-af3d58b2da7f@group-091950D56227:t230, leader=null, voted=8f18dce1-0a3d-4b65-9c78-af3d58b2da7f, raftlog=8f18dce1-0a3d-4b65-9c78-af3d58b2da7f@group-091950D56227-SegmentedRaftLog:OPENED:c-1,f-1,i0, conf=-1: [8a63e1ae-032e-4bed-9f20-125a11f65413:0.0.0.0:38685, 8f18dce1-0a3d-4b65-9c78-af3d58b2da7f:0.0.0.0:42489, 7b1e61a0-7daf-43dd-99d5-9b325c1d31ae:0.0.0.0:38412], old=null
2019-10-20 17:40:19,523 [8f18dce1-0a3d-4b65-9c78-af3d58b2da7f@group-091950D56227-LeaderElection191] INFO  impl.RaftServerImpl (RaftServerImpl.java:setRole(184)) - 8f18dce1-0a3d-4b65-9c78-af3d58b2da7f@group-091950D56227: changes role from CANDIDATE to FOLLOWER at term 230 for DISCOVERED_A_NEW_TERM
2019-10-20 17:40:19,523 [8f18dce1-0a3d-4b65-9c78-af3d58b2da7f@group-091950D56227-LeaderElection191] INFO  impl.RoleInfo (RoleInfo.java:shutdownLeaderElection(134)) - 8f18dce1-0a3d-4b65-9c78-af3d58b2da7f: shutdown LeaderElection
2019-10-20 17:40:19,523 [8f18dce1-0a3d-4b65-9c78-af3d58b2da7f@group-091950D56227-LeaderElection191] INFO  impl.RoleInfo (RoleInfo.java:updateAndGet(143)) - 8f18dce1-0a3d-4b65-9c78-af3d58b2da7f: start FollowerState
2019-10-20 17:40:19,668 [Thread-1401] INFO  impl.FollowerState (FollowerState.java:run(108)) - 8f18dce1-0a3d-4b65-9c78-af3d58b2da7f@group-091950D56227-FollowerState: change to CANDIDATE, lastRpcTime:144ms, electionTimeout:144ms
2019-10-20 17:40:19,668 [Thread-1401] INFO  impl.RoleInfo (RoleInfo.java:shutdownFollowerState(121)) - 8f18dce1-0a3d-4b65-9c78-af3d58b2da7f: shutdown FollowerState
2019-10-20 17:40:19,668 [Thread-1401] INFO  impl.RaftServerImpl (RaftServerImpl.java:setRole(184)) - 8f18dce1-0a3d-4b65-9c78-af3d58b2da7f@group-091950D56227: changes role from  FOLLOWER to CANDIDATE at term 230 for changeToCandidate
2019-10-20 17:40:19,668 [Thread-1401] INFO  impl.RoleInfo (RoleInfo.java:updateAndGet(143)) - 8f18dce1-0a3d-4b65-9c78-af3d58b2da7f: start LeaderElection
2019-10-20 17:40:19,728 [8f18dce1-0a3d-4b65-9c78-af3d58b2da7f@group-091950D56227-LeaderElection192] INFO  impl.LeaderElection (LeaderElection.java:askForVotes(178)) - 8f18dce1-0a3d-4b65-9c78-af3d58b2da7f@group-091950D56227-LeaderElection192: begin an election at term 231 for -1: [8a63e1ae-032e-4bed-9f20-125a11f65413:0.0.0.0:38685, 8f18dce1-0a3d-4b65-9c78-af3d58b2da7f:0.0.0.0:42489, 7b1e61a0-7daf-43dd-99d5-9b325c1d31ae:0.0.0.0:38412], old=null
2019-10-20 17:40:19,730 [grpc-default-executor-0] INFO  impl.RaftServerImpl (RaftServerImpl.java:setRole(184)) - 8a63e1ae-032e-4bed-9f20-125a11f65413@group-091950D56227: changes role from  FOLLOWER to FOLLOWER at term 231 for recognizeCandidate:8f18dce1-0a3d-4b65-9c78-af3d58b2da7f
2019-10-20 17:40:19,730 [grpc-default-executor-1] INFO  impl.RaftServerImpl (RaftServerImpl.java:setRole(184)) - 7b1e61a0-7daf-43dd-99d5-9b325c1d31ae@group-091950D56227: changes role from  FOLLOWER to FOLLOWER at term 231 for recognizeCandidate:8f18dce1-0a3d-4b65-9c78-af3d58b2da7f
2019-10-20 17:40:19,730 [grpc-default-executor-0] INFO  impl.RoleInfo (RoleInfo.java:shutdownFollowerState(121)) - 8a63e1ae-032e-4bed-9f20-125a11f65413: shutdown FollowerState
2019-10-20 17:40:19,730 [grpc-default-executor-1] INFO  impl.RoleInfo (RoleInfo.java:shutdownFollowerState(121)) - 7b1e61a0-7daf-43dd-99d5-9b325c1d31ae: shutdown FollowerState
2019-10-20 17:40:19,731 [Thread-1400] INFO  impl.FollowerState (FollowerState.java:run(117)) - 8a63e1ae-032e-4bed-9f20-125a11f65413@group-091950D56227-FollowerState was interrupted: java.lang.InterruptedException: sleep interrupted
2019-10-20 17:40:19,730 [grpc-default-executor-0] INFO  impl.RoleInfo (RoleInfo.java:updateAndGet(143)) - 8a63e1ae-032e-4bed-9f20-125a11f65413: start FollowerState
2019-10-20 17:40:19,731 [Thread-1399] INFO  impl.FollowerState (FollowerState.java:run(117)) - 7b1e61a0-7daf-43dd-99d5-9b325c1d31ae@group-091950D56227-FollowerState was interrupted: java.lang.InterruptedException: sleep interrupted
2019-10-20 17:40:19,731 [grpc-default-executor-1] INFO  impl.RoleInfo (RoleInfo.java:updateAndGet(143)) - 7b1e61a0-7daf-43dd-99d5-9b325c1d31ae: start FollowerState
2019-10-20 17:40:19,768 [8f18dce1-0a3d-4b65-9c78-af3d58b2da7f@group-091950D56227-LeaderElection192] INFO  impl.LeaderElection (LeaderElection.java:logAndReturn(56)) - 8f18dce1-0a3d-4b65-9c78-af3d58b2da7f@group-091950D56227-LeaderElection192: Election TIMEOUT; received 0 response(s) [] and 0 exception(s); 8f18dce1-0a3d-4b65-9c78-af3d58b2da7f@group-091950D56227:t231, leader=null, voted=8f18dce1-0a3d-4b65-9c78-af3d58b2da7f, raftlog=8f18dce1-0a3d-4b65-9c78-af3d58b2da7f@group-091950D56227-SegmentedRaftLog:OPENED:c-1,f-1,i0, conf=-1: [8a63e1ae-032e-4bed-9f20-125a11f65413:0.0.0.0:38685, 8f18dce1-0a3d-4b65-9c78-af3d58b2da7f:0.0.0.0:42489, 7b1e61a0-7daf-43dd-99d5-9b325c1d31ae:0.0.0.0:38412], old=null
2019-10-20 17:40:19,848 [8f18dce1-0a3d-4b65-9c78-af3d58b2da7f@group-091950D56227-LeaderElection192] INFO  impl.LeaderElection (LeaderElection.java:askForVotes(178)) - 8f18dce1-0a3d-4b65-9c78-af3d58b2da7f@group-091950D56227-LeaderElection192: begin an election at term 232 for -1: [8a63e1ae-032e-4bed-9f20-125a11f65413:0.0.0.0:38685, 8f18dce1-0a3d-4b65-9c78-af3d58b2da7f:0.0.0.0:42489, 7b1e61a0-7daf-43dd-99d5-9b325c1d31ae:0.0.0.0:38412], old=null
2019-10-20 17:40:19,850 [grpc-default-executor-0] INFO  impl.RaftServerImpl (RaftServerImpl.java:setRole(184)) - 8a63e1ae-032e-4bed-9f20-125a11f65413@group-091950D56227: changes role from  FOLLOWER to FOLLOWER at term 232 for recognizeCandidate:8f18dce1-0a3d-4b65-9c78-af3d58b2da7f
2019-10-20 17:40:19,850 [grpc-default-executor-1] INFO  impl.RaftServerImpl (RaftServerImpl.java:setRole(184)) - 7b1e61a0-7daf-43dd-99d5-9b325c1d31ae@group-091950D56227: changes role from  FOLLOWER to FOLLOWER at term 232 for recognizeCandidate:8f18dce1-0a3d-4b65-9c78-af3d58b2da7f
2019-10-20 17:40:19,851 [grpc-default-executor-0] INFO  impl.RoleInfo (RoleInfo.java:shutdownFollowerState(121)) - 8a63e1ae-032e-4bed-9f20-125a11f65413: shutdown FollowerState
2019-10-20 17:40:19,851 [grpc-default-executor-1] INFO  impl.RoleInfo (RoleInfo.java:shutdownFollowerState(121)) - 7b1e61a0-7daf-43dd-99d5-9b325c1d31ae: shutdown FollowerState
2019-10-20 17:40:19,851 [Thread-1405] INFO  impl.FollowerState (FollowerState.java:run(117)) - 8a63e1ae-032e-4bed-9f20-125a11f65413@group-091950D56227-FollowerState was interrupted: java.lang.InterruptedException: sleep interrupted
2019-10-20 17:40:19,851 [grpc-default-executor-0] INFO  impl.RoleInfo (RoleInfo.java:updateAndGet(143)) - 8a63e1ae-032e-4bed-9f20-125a11f65413: start FollowerState
2019-10-20 17:40:19,851 [grpc-default-executor-1] INFO  impl.RoleInfo (RoleInfo.java:updateAndGet(143)) - 7b1e61a0-7daf-43dd-99d5-9b325c1d31ae: start FollowerState
2019-10-20 17:40:19,851 [Thread-1406] INFO  impl.FollowerState (FollowerState.java:run(117)) - 7b1e61a0-7daf-43dd-99d5-9b325c1d31ae@group-091950D56227-FollowerState was interrupted: java.lang.InterruptedException: sleep interrupted
2019-10-20 17:40:19,872 [8f18dce1-0a3d-4b65-9c78-af3d58b2da7f@group-091950D56227-LeaderElection192] INFO  impl.LeaderElection (LeaderElection.java:logAndReturn(56)) - 8f18dce1-0a3d-4b65-9c78-af3d58b2da7f@group-091950D56227-LeaderElection192: Election REJECTED; received 2 response(s) [8f18dce1-0a3d-4b65-9c78-af3d58b2da7f<-8a63e1ae-032e-4bed-9f20-125a11f65413#0:FAIL-t232, 8f18dce1-0a3d-4b65-9c78-af3d58b2da7f<-7b1e61a0-7daf-43dd-99d5-9b325c1d31ae#0:FAIL-t232] and 0 exception(s); 8f18dce1-0a3d-4b65-9c78-af3d58b2da7f@group-091950D56227:t232, leader=null, voted=8f18dce1-0a3d-4b65-9c78-af3d58b2da7f, raftlog=8f18dce1-0a3d-4b65-9c78-af3d58b2da7f@group-091950D56227-SegmentedRaftLog:OPENED:c-1,f-1,i0, conf=-1: [8a63e1ae-032e-4bed-9f20-125a11f65413:0.0.0.0:38685, 8f18dce1-0a3d-4b65-9c78-af3d58b2da7f:0.0.0.0:42489, 7b1e61a0-7daf-43dd-99d5-9b325c1d31ae:0.0.0.0:38412], old=null
2019-10-20 17:40:19,872 [8f18dce1-0a3d-4b65-9c78-af3d58b2da7f@group-091950D56227-LeaderElection192] INFO  impl.RaftServerImpl (RaftServerImpl.java:setRole(184)) - 8f18dce1-0a3d-4b65-9c78-af3d58b2da7f@group-091950D56227: changes role from CANDIDATE to FOLLOWER at term 232 for DISCOVERED_A_NEW_TERM
2019-10-20 17:40:19,872 [8f18dce1-0a3d-4b65-9c78-af3d58b2da7f@group-091950D56227-LeaderElection192] INFO  impl.RoleInfo (RoleInfo.java:shutdownLeaderElection(134)) - 8f18dce1-0a3d-4b65-9c78-af3d58b2da7f: shutdown LeaderElection
2019-10-20 17:40:19,872 [8f18dce1-0a3d-4b65-9c78-af3d58b2da7f@group-091950D56227-LeaderElection192] INFO  impl.RoleInfo (RoleInfo.java:updateAndGet(143)) - 8f18dce1-0a3d-4b65-9c78-af3d58b2da7f: start FollowerState
2019-10-20 17:40:20,059 [Thread-1411] INFO  impl.FollowerState (FollowerState.java:run(108)) - 8f18dce1-0a3d-4b65-9c78-af3d58b2da7f@group-091950D56227-FollowerState: change to CANDIDATE, lastRpcTime:186ms, electionTimeout:186ms
2019-10-20 17:40:20,059 [Thread-1411] INFO  impl.RoleInfo (RoleInfo.java:shutdownFollowerState(121)) - 8f18dce1-0a3d-4b65-9c78-af3d58b2da7f: shutdown FollowerState
2019-10-20 17:40:20,059 [Thread-1411] INFO  impl.RaftServerImpl (RaftServerImpl.java:setRole(184)) - 8f18dce1-0a3d-4b65-9c78-af3d58b2da7f@group-091950D56227: changes role from  FOLLOWER to CANDIDATE at term 232 for changeToCandidate
2019-10-20 17:40:20,059 [Thread-1411] INFO  impl.RoleInfo (RoleInfo.java:updateAndGet(143)) - 8f18dce1-0a3d-4b65-9c78-af3d58b2da7f: start LeaderElection
2019-10-20 17:40:20,096 [8f18dce1-0a3d-4b65-9c78-af3d58b2da7f@group-091950D56227-LeaderElection193] INFO  impl.LeaderElection (LeaderElection.java:askForVotes(178)) - 8f18dce1-0a3d-4b65-9c78-af3d58b2da7f@group-091950D56227-LeaderElection193: begin an election at term 233 for -1: [8a63e1ae-032e-4bed-9f20-125a11f65413:0.0.0.0:38685, 8f18dce1-0a3d-4b65-9c78-af3d58b2da7f:0.0.0.0:42489, 7b1e61a0-7daf-43dd-99d5-9b325c1d31ae:0.0.0.0:38412], old=null
2019-10-20 17:40:20,099 [grpc-default-executor-1] INFO  impl.RaftServerImpl (RaftServerImpl.java:setRole(184)) - 8a63e1ae-032e-4bed-9f20-125a11f65413@group-091950D56227: changes role from  FOLLOWER to FOLLOWER at term 233 for recognizeCandidate:8f18dce1-0a3d-4b65-9c78-af3d58b2da7f
2019-10-20 17:40:20,099 [grpc-default-executor-0] INFO  impl.RaftServerImpl (RaftServerImpl.java:setRole(184)) - 7b1e61a0-7daf-43dd-99d5-9b325c1d31ae@group-091950D56227: changes role from  FOLLOWER to FOLLOWER at term 233 for recognizeCandidate:8f18dce1-0a3d-4b65-9c78-af3d58b2da7f
2019-10-20 17:40:20,099 [grpc-default-executor-1] INFO  impl.RoleInfo (RoleInfo.java:shutdownFollowerState(121)) - 8a63e1ae-032e-4bed-9f20-125a11f65413: shutdown FollowerState
2019-10-20 17:40:20,099 [grpc-default-executor-0] INFO  impl.RoleInfo (RoleInfo.java:shutdownFollowerState(121)) - 7b1e61a0-7daf-43dd-99d5-9b325c1d31ae: shutdown FollowerState
2019-10-20 17:40:20,099 [Thread-1409] INFO  impl.FollowerState (FollowerState.java:run(117)) - 8a63e1ae-032e-4bed-9f20-125a11f65413@group-091950D56227-FollowerState was interrupted: java.lang.InterruptedException: sleep interrupted
2019-10-20 17:40:20,099 [grpc-default-executor-1] INFO  impl.RoleInfo (RoleInfo.java:updateAndGet(143)) - 8a63e1ae-032e-4bed-9f20-125a11f65413: start FollowerState
2019-10-20 17:40:20,099 [Thread-1410] INFO  impl.FollowerState (FollowerState.java:run(117)) - 7b1e61a0-7daf-43dd-99d5-9b325c1d31ae@group-091950D56227-FollowerState was interrupted: java.lang.InterruptedException: sleep interrupted
2019-10-20 17:40:20,099 [grpc-default-executor-0] INFO  impl.RoleInfo (RoleInfo.java:updateAndGet(143)) - 7b1e61a0-7daf-43dd-99d5-9b325c1d31ae: start FollowerState
2019-10-20 17:40:20,123 [8f18dce1-0a3d-4b65-9c78-af3d58b2da7f@group-091950D56227-LeaderElection193] INFO  impl.LeaderElection (LeaderElection.java:logAndReturn(56)) - 8f18dce1-0a3d-4b65-9c78-af3d58b2da7f@group-091950D56227-LeaderElection193: Election REJECTED; received 2 response(s) [8f18dce1-0a3d-4b65-9c78-af3d58b2da7f<-8a63e1ae-032e-4bed-9f20-125a11f65413#0:FAIL-t233, 8f18dce1-0a3d-4b65-9c78-af3d58b2da7f<-7b1e61a0-7daf-43dd-99d5-9b325c1d31ae#0:FAIL-t233] and 0 exception(s); 8f18dce1-0a3d-4b65-9c78-af3d58b2da7f@group-091950D56227:t233, leader=null, voted=8f18dce1-0a3d-4b65-9c78-af3d58b2da7f, raftlog=8f18dce1-0a3d-4b65-9c78-af3d58b2da7f@group-091950D56227-SegmentedRaftLog:OPENED:c-1,f-1,i0, conf=-1: [8a63e1ae-032e-4bed-9f20-125a11f65413:0.0.0.0:38685, 8f18dce1-0a3d-4b65-9c78-af3d58b2da7f:0.0.0.0:42489, 7b1e61a0-7daf-43dd-99d5-9b325c1d31ae:0.0.0.0:38412], old=null
2019-10-20 17:40:20,123 [8f18dce1-0a3d-4b65-9c78-af3d58b2da7f@group-091950D56227-LeaderElection193] INFO  impl.RaftServerImpl (RaftServerImpl.java:setRole(184)) - 8f18dce1-0a3d-4b65-9c78-af3d58b2da7f@group-091950D56227: changes role from CANDIDATE to FOLLOWER at term 233 for DISCOVERED_A_NEW_TERM
2019-10-20 17:40:20,123 [8f18dce1-0a3d-4b65-9c78-af3d58b2da7f@group-091950D56227-LeaderElection193] INFO  impl.RoleInfo (RoleInfo.java:shutdownLeaderElection(134)) - 8f18dce1-0a3d-4b65-9c78-af3d58b2da7f: shutdown LeaderElection
2019-10-20 17:40:20,124 [8f18dce1-0a3d-4b65-9c78-af3d58b2da7f@group-091950D56227-LeaderElection193] INFO  impl.RoleInfo (RoleInfo.java:updateAndGet(143)) - 8f18dce1-0a3d-4b65-9c78-af3d58b2da7f: start FollowerState
2019-10-20 17:40:20,294 [Thread-1417] INFO  impl.FollowerState (FollowerState.java:run(108)) - 8f18dce1-0a3d-4b65-9c78-af3d58b2da7f@group-091950D56227-FollowerState: change to CANDIDATE, lastRpcTime:170ms, electionTimeout:170ms
2019-10-20 17:40:20,294 [Thread-1417] INFO  impl.RoleInfo (RoleInfo.java:shutdownFollowerState(121)) - 8f18dce1-0a3d-4b65-9c78-af3d58b2da7f: shutdown FollowerState
2019-10-20 17:40:20,294 [Thread-1417] INFO  impl.RaftServerImpl (RaftServerImpl.java:setRole(184)) - 8f18dce1-0a3d-4b65-9c78-af3d58b2da7f@group-091950D56227: changes role from  FOLLOWER to CANDIDATE at term 233 for changeToCandidate
2019-10-20 17:40:20,295 [Thread-1417] INFO  impl.RoleInfo (RoleInfo.java:updateAndGet(143)) - 8f18dce1-0a3d-4b65-9c78-af3d58b2da7f: start LeaderElection
2019-10-20 17:40:20,327 [8f18dce1-0a3d-4b65-9c78-af3d58b2da7f@group-091950D56227-LeaderElection194] INFO  impl.LeaderElection (LeaderElection.java:askForVotes(178)) - 8f18dce1-0a3d-4b65-9c78-af3d58b2da7f@group-091950D56227-LeaderElection194: begin an election at term 234 for -1: [8a63e1ae-032e-4bed-9f20-125a11f65413:0.0.0.0:38685, 8f18dce1-0a3d-4b65-9c78-af3d58b2da7f:0.0.0.0:42489, 7b1e61a0-7daf-43dd-99d5-9b325c1d31ae:0.0.0.0:38412], old=null
2019-10-20 17:40:20,330 [grpc-default-executor-1] INFO  impl.RaftServerImpl (RaftServerImpl.java:setRole(184)) - 8a63e1ae-032e-4bed-9f20-125a11f65413@group-091950D56227: changes role from  FOLLOWER to FOLLOWER at term 234 for recognizeCandidate:8f18dce1-0a3d-4b65-9c78-af3d58b2da7f
2019-10-20 17:40:20,330 [grpc-default-executor-0] INFO  impl.RaftServerImpl (RaftServerImpl.java:setRole(184)) - 7b1e61a0-7daf-43dd-99d5-9b325c1d31ae@group-091950D56227: changes role from  FOLLOWER to FOLLOWER at term 234 for recognizeCandidate:8f18dce1-0a3d-4b65-9c78-af3d58b2da7f
2019-10-20 17:40:20,330 [grpc-default-executor-1] INFO  impl.RoleInfo (RoleInfo.java:shutdownFollowerState(121)) - 8a63e1ae-032e-4bed-9f20-125a11f65413: shutdown FollowerState
2019-10-20 17:40:20,330 [grpc-default-executor-0] INFO  impl.RoleInfo (RoleInfo.java:shutdownFollowerState(121)) - 7b1e61a0-7daf-43dd-99d5-9b325c1d31ae: shutdown FollowerState
2019-10-20 17:40:20,330 [grpc-default-executor-0] INFO  impl.RoleInfo (RoleInfo.java:updateAndGet(143)) - 7b1e61a0-7daf-43dd-99d5-9b325c1d31ae: start FollowerState
2019-10-20 17:40:20,330 [Thread-1415] INFO  impl.FollowerState (FollowerState.java:run(117)) - 8a63e1ae-032e-4bed-9f20-125a11f65413@group-091950D56227-FollowerState was interrupted: java.lang.InterruptedException: sleep interrupted
2019-10-20 17:40:20,330 [grpc-default-executor-1] INFO  impl.RoleInfo (RoleInfo.java:updateAndGet(143)) - 8a63e1ae-032e-4bed-9f20-125a11f65413: start FollowerState
2019-10-20 17:40:20,330 [Thread-1416] INFO  impl.FollowerState (FollowerState.java:run(117)) - 7b1e61a0-7daf-43dd-99d5-9b325c1d31ae@group-091950D56227-FollowerState was interrupted: java.lang.InterruptedException: sleep interrupted
2019-10-20 17:40:20,354 [8f18dce1-0a3d-4b65-9c78-af3d58b2da7f@group-091950D56227-LeaderElection194] INFO  impl.LeaderElection (LeaderElection.java:logAndReturn(56)) - 8f18dce1-0a3d-4b65-9c78-af3d58b2da7f@group-091950D56227-LeaderElection194: Election REJECTED; received 2 response(s) [8f18dce1-0a3d-4b65-9c78-af3d58b2da7f<-8a63e1ae-032e-4bed-9f20-125a11f65413#0:FAIL-t234, 8f18dce1-0a3d-4b65-9c78-af3d58b2da7f<-7b1e61a0-7daf-43dd-99d5-9b325c1d31ae#0:FAIL-t234] and 0 exception(s); 8f18dce1-0a3d-4b65-9c78-af3d58b2da7f@group-091950D56227:t234, leader=null, voted=8f18dce1-0a3d-4b65-9c78-af3d58b2da7f, raftlog=8f18dce1-0a3d-4b65-9c78-af3d58b2da7f@group-091950D56227-SegmentedRaftLog:OPENED:c-1,f-1,i0, conf=-1: [8a63e1ae-032e-4bed-9f20-125a11f65413:0.0.0.0:38685, 8f18dce1-0a3d-4b65-9c78-af3d58b2da7f:0.0.0.0:42489, 7b1e61a0-7daf-43dd-99d5-9b325c1d31ae:0.0.0.0:38412], old=null
2019-10-20 17:40:20,354 [8f18dce1-0a3d-4b65-9c78-af3d58b2da7f@group-091950D56227-LeaderElection194] INFO  impl.RaftServerImpl (RaftServerImpl.java:setRole(184)) - 8f18dce1-0a3d-4b65-9c78-af3d58b2da7f@group-091950D56227: changes role from CANDIDATE to FOLLOWER at term 234 for DISCOVERED_A_NEW_TERM
2019-10-20 17:40:20,354 [8f18dce1-0a3d-4b65-9c78-af3d58b2da7f@group-091950D56227-LeaderElection194] INFO  impl.RoleInfo (RoleInfo.java:shutdownLeaderElection(134)) - 8f18dce1-0a3d-4b65-9c78-af3d58b2da7f: shutdown LeaderElection
2019-10-20 17:40:20,354 [8f18dce1-0a3d-4b65-9c78-af3d58b2da7f@group-091950D56227-LeaderElection194] INFO  impl.RoleInfo (RoleInfo.java:updateAndGet(143)) - 8f18dce1-0a3d-4b65-9c78-af3d58b2da7f: start FollowerState
2019-10-20 17:40:20,550 [Thread-1425] INFO  impl.FollowerState (FollowerState.java:run(108)) - 8f18dce1-0a3d-4b65-9c78-af3d58b2da7f@group-091950D56227-FollowerState: change to CANDIDATE, lastRpcTime:196ms, electionTimeout:196ms
2019-10-20 17:40:20,551 [Thread-1425] INFO  impl.RoleInfo (RoleInfo.java:shutdownFollowerState(121)) - 8f18dce1-0a3d-4b65-9c78-af3d58b2da7f: shutdown FollowerState
2019-10-20 17:40:20,551 [Thread-1425] INFO  impl.RaftServerImpl (RaftServerImpl.java:setRole(184)) - 8f18dce1-0a3d-4b65-9c78-af3d58b2da7f@group-091950D56227: changes role from  FOLLOWER to CANDIDATE at term 234 for changeToCandidate
2019-10-20 17:40:20,551 [Thread-1425] INFO  impl.RoleInfo (RoleInfo.java:updateAndGet(143)) - 8f18dce1-0a3d-4b65-9c78-af3d58b2da7f: start LeaderElection
2019-10-20 17:40:20,580 [8f18dce1-0a3d-4b65-9c78-af3d58b2da7f@group-091950D56227-LeaderElection195] INFO  impl.LeaderElection (LeaderElection.java:askForVotes(178)) - 8f18dce1-0a3d-4b65-9c78-af3d58b2da7f@group-091950D56227-LeaderElection195: begin an election at term 235 for -1: [8a63e1ae-032e-4bed-9f20-125a11f65413:0.0.0.0:38685, 8f18dce1-0a3d-4b65-9c78-af3d58b2da7f:0.0.0.0:42489, 7b1e61a0-7daf-43dd-99d5-9b325c1d31ae:0.0.0.0:38412], old=null
2019-10-20 17:40:20,583 [grpc-default-executor-1] INFO  impl.RaftServerImpl (RaftServerImpl.java:setRole(184)) - 8a63e1ae-032e-4bed-9f20-125a11f65413@group-091950D56227: changes role from  FOLLOWER to FOLLOWER at term 235 for recognizeCandidate:8f18dce1-0a3d-4b65-9c78-af3d58b2da7f
2019-10-20 17:40:20,583 [grpc-default-executor-0] INFO  impl.RaftServerImpl (RaftServerImpl.java:setRole(184)) - 7b1e61a0-7daf-43dd-99d5-9b325c1d31ae@group-091950D56227: changes role from  FOLLOWER to FOLLOWER at term 235 for recognizeCandidate:8f18dce1-0a3d-4b65-9c78-af3d58b2da7f
2019-10-20 17:40:20,583 [grpc-default-executor-1] INFO  impl.RoleInfo (RoleInfo.java:shutdownFollowerState(121)) - 8a63e1ae-032e-4bed-9f20-125a11f65413: shutdown FollowerState
2019-10-20 17:40:20,584 [grpc-default-executor-0] INFO  impl.RoleInfo (RoleInfo.java:shutdownFollowerState(121)) - 7b1e61a0-7daf-43dd-99d5-9b325c1d31ae: shutdown FollowerState
2019-10-20 17:40:20,584 [Thread-1423] INFO  impl.FollowerState (FollowerState.java:run(117)) - 8a63e1ae-032e-4bed-9f20-125a11f65413@group-091950D56227-FollowerState was interrupted: java.lang.InterruptedException: sleep interrupted
2019-10-20 17:40:20,584 [Thread-1424] INFO  impl.FollowerState (FollowerState.java:run(117)) - 7b1e61a0-7daf-43dd-99d5-9b325c1d31ae@group-091950D56227-FollowerState was interrupted: java.lang.InterruptedException: sleep interrupted
2019-10-20 17:40:20,584 [grpc-default-executor-1] INFO  impl.RoleInfo (RoleInfo.java:updateAndGet(143)) - 8a63e1ae-032e-4bed-9f20-125a11f65413: start FollowerState
2019-10-20 17:40:20,584 [grpc-default-executor-0] INFO  impl.RoleInfo (RoleInfo.java:updateAndGet(143)) - 7b1e61a0-7daf-43dd-99d5-9b325c1d31ae: start FollowerState
2019-10-20 17:40:20,607 [8f18dce1-0a3d-4b65-9c78-af3d58b2da7f@group-091950D56227-LeaderElection195] INFO  impl.LeaderElection (LeaderElection.java:logAndReturn(56)) - 8f18dce1-0a3d-4b65-9c78-af3d58b2da7f@group-091950D56227-LeaderElection195: Election REJECTED; received 2 response(s) [8f18dce1-0a3d-4b65-9c78-af3d58b2da7f<-8a63e1ae-032e-4bed-9f20-125a11f65413#0:FAIL-t235, 8f18dce1-0a3d-4b65-9c78-af3d58b2da7f<-7b1e61a0-7daf-43dd-99d5-9b325c1d31ae#0:FAIL-t235] and 0 exception(s); 8f18dce1-0a3d-4b65-9c78-af3d58b2da7f@group-091950D56227:t235, leader=null, voted=8f18dce1-0a3d-4b65-9c78-af3d58b2da7f, raftlog=8f18dce1-0a3d-4b65-9c78-af3d58b2da7f@group-091950D56227-SegmentedRaftLog:OPENED:c-1,f-1,i0, conf=-1: [8a63e1ae-032e-4bed-9f20-125a11f65413:0.0.0.0:38685, 8f18dce1-0a3d-4b65-9c78-af3d58b2da7f:0.0.0.0:42489, 7b1e61a0-7daf-43dd-99d5-9b325c1d31ae:0.0.0.0:38412], old=null
2019-10-20 17:40:20,607 [8f18dce1-0a3d-4b65-9c78-af3d58b2da7f@group-091950D56227-LeaderElection195] INFO  impl.RaftServerImpl (RaftServerImpl.java:setRole(184)) - 8f18dce1-0a3d-4b65-9c78-af3d58b2da7f@group-091950D56227: changes role from CANDIDATE to FOLLOWER at term 235 for DISCOVERED_A_NEW_TERM
2019-10-20 17:40:20,607 [8f18dce1-0a3d-4b65-9c78-af3d58b2da7f@group-091950D56227-LeaderElection195] INFO  impl.RoleInfo (RoleInfo.java:shutdownLeaderElection(134)) - 8f18dce1-0a3d-4b65-9c78-af3d58b2da7f: shutdown LeaderElection
2019-10-20 17:40:20,607 [8f18dce1-0a3d-4b65-9c78-af3d58b2da7f@group-091950D56227-LeaderElection195] INFO  impl.RoleInfo (RoleInfo.java:updateAndGet(143)) - 8f18dce1-0a3d-4b65-9c78-af3d58b2da7f: start FollowerState
2019-10-20 17:40:20,763 [Thread-1431] INFO  impl.FollowerState (FollowerState.java:run(108)) - 8f18dce1-0a3d-4b65-9c78-af3d58b2da7f@group-091950D56227-FollowerState: change to CANDIDATE, lastRpcTime:155ms, electionTimeout:155ms
2019-10-20 17:40:20,763 [Thread-1431] INFO  impl.RoleInfo (RoleInfo.java:shutdownFollowerState(121)) - 8f18dce1-0a3d-4b65-9c78-af3d58b2da7f: shutdown FollowerState
2019-10-20 17:40:20,763 [Thread-1431] INFO  impl.RaftServerImpl (RaftServerImpl.java:setRole(184)) - 8f18dce1-0a3d-4b65-9c78-af3d58b2da7f@group-091950D56227: changes role from  FOLLOWER to CANDIDATE at term 235 for changeToCandidate
2019-10-20 17:40:20,764 [Thread-1431] INFO  impl.RoleInfo (RoleInfo.java:updateAndGet(143)) - 8f18dce1-0a3d-4b65-9c78-af3d58b2da7f: start LeaderElection
2019-10-20 17:40:20,791 [8f18dce1-0a3d-4b65-9c78-af3d58b2da7f@group-091950D56227-LeaderElection196] INFO  impl.LeaderElection (LeaderElection.java:askForVotes(178)) - 8f18dce1-0a3d-4b65-9c78-af3d58b2da7f@group-091950D56227-LeaderElection196: begin an election at term 236 for -1: [8a63e1ae-032e-4bed-9f20-125a11f65413:0.0.0.0:38685, 8f18dce1-0a3d-4b65-9c78-af3d58b2da7f:0.0.0.0:42489, 7b1e61a0-7daf-43dd-99d5-9b325c1d31ae:0.0.0.0:38412], old=null
2019-10-20 17:40:20,794 [grpc-default-executor-1] INFO  impl.RaftServerImpl (RaftServerImpl.java:setRole(184)) - 8a63e1ae-032e-4bed-9f20-125a11f65413@group-091950D56227: changes role from  FOLLOWER to FOLLOWER at term 236 for recognizeCandidate:8f18dce1-0a3d-4b65-9c78-af3d58b2da7f
2019-10-20 17:40:20,794 [grpc-default-executor-0] INFO  impl.RaftServerImpl (RaftServerImpl.java:setRole(184)) - 7b1e61a0-7daf-43dd-99d5-9b325c1d31ae@group-091950D56227: changes role from  FOLLOWER to FOLLOWER at term 236 for recognizeCandidate:8f18dce1-0a3d-4b65-9c78-af3d58b2da7f
2019-10-20 17:40:20,794 [grpc-default-executor-0] INFO  impl.RoleInfo (RoleInfo.java:shutdownFollowerState(121)) - 7b1e61a0-7daf-43dd-99d5-9b325c1d31ae: shutdown FollowerState
2019-10-20 17:40:20,794 [grpc-default-executor-1] INFO  impl.RoleInfo (RoleInfo.java:shutdownFollowerState(121)) - 8a63e1ae-032e-4bed-9f20-125a11f65413: shutdown FollowerState
2019-10-20 17:40:20,794 [Thread-1430] INFO  impl.FollowerState (FollowerState.java:run(117)) - 7b1e61a0-7daf-43dd-99d5-9b325c1d31ae@group-091950D56227-FollowerState was interrupted: java.lang.InterruptedException: sleep interrupted
2019-10-20 17:40:20,794 [grpc-default-executor-0] INFO  impl.RoleInfo (RoleInfo.java:updateAndGet(143)) - 7b1e61a0-7daf-43dd-99d5-9b325c1d31ae: start FollowerState
2019-10-20 17:40:20,794 [Thread-1429] INFO  impl.FollowerState (FollowerState.java:run(117)) - 8a63e1ae-032e-4bed-9f20-125a11f65413@group-091950D56227-FollowerState was interrupted: java.lang.InterruptedException: sleep interrupted
2019-10-20 17:40:20,794 [grpc-default-executor-1] INFO  impl.RoleInfo (RoleInfo.java:updateAndGet(143)) - 8a63e1ae-032e-4bed-9f20-125a11f65413: start FollowerState
2019-10-20 17:40:20,818 [8f18dce1-0a3d-4b65-9c78-af3d58b2da7f@group-091950D56227-LeaderElection196] INFO  impl.LeaderElection (LeaderElection.java:logAndReturn(56)) - 8f18dce1-0a3d-4b65-9c78-af3d58b2da7f@group-091950D56227-LeaderElection196: Election REJECTED; received 2 response(s) [8f18dce1-0a3d-4b65-9c78-af3d58b2da7f<-8a63e1ae-032e-4bed-9f20-125a11f65413#0:FAIL-t236, 8f18dce1-0a3d-4b65-9c78-af3d58b2da7f<-7b1e61a0-7daf-43dd-99d5-9b325c1d31ae#0:FAIL-t236] and 0 exception(s); 8f18dce1-0a3d-4b65-9c78-af3d58b2da7f@group-091950D56227:t236, leader=null, voted=8f18dce1-0a3d-4b65-9c78-af3d58b2da7f, raftlog=8f18dce1-0a3d-4b65-9c78-af3d58b2da7f@group-091950D56227-SegmentedRaftLog:OPENED:c-1,f-1,i0, conf=-1: [8a63e1ae-032e-4bed-9f20-125a11f65413:0.0.0.0:38685, 8f18dce1-0a3d-4b65-9c78-af3d58b2da7f:0.0.0.0:42489, 7b1e61a0-7daf-43dd-99d5-9b325c1d31ae:0.0.0.0:38412], old=null
2019-10-20 17:40:20,818 [8f18dce1-0a3d-4b65-9c78-af3d58b2da7f@group-091950D56227-LeaderElection196] INFO  impl.RaftServerImpl (RaftServerImpl.java:setRole(184)) - 8f18dce1-0a3d-4b65-9c78-af3d58b2da7f@group-091950D56227: changes role from CANDIDATE to FOLLOWER at term 236 for DISCOVERED_A_NEW_TERM
2019-10-20 17:40:20,818 [8f18dce1-0a3d-4b65-9c78-af3d58b2da7f@group-091950D56227-LeaderElection196] INFO  impl.RoleInfo (RoleInfo.java:shutdownLeaderElection(134)) - 8f18dce1-0a3d-4b65-9c78-af3d58b2da7f: shutdown LeaderElection
2019-10-20 17:40:20,818 [8f18dce1-0a3d-4b65-9c78-af3d58b2da7f@group-091950D56227-LeaderElection196] INFO  impl.RoleInfo (RoleInfo.java:updateAndGet(143)) - 8f18dce1-0a3d-4b65-9c78-af3d58b2da7f: start FollowerState
2019-10-20 17:40:20,908 [Thread-1437] INFO  impl.FollowerState (FollowerState.java:run(108)) - 8f18dce1-0a3d-4b65-9c78-af3d58b2da7f@group-091950D56227-FollowerState: change to CANDIDATE, lastRpcTime:89ms, electionTimeout:89ms
2019-10-20 17:40:20,908 [Thread-1437] INFO  impl.RoleInfo (RoleInfo.java:shutdownFollowerState(121)) - 8f18dce1-0a3d-4b65-9c78-af3d58b2da7f: shutdown FollowerState
2019-10-20 17:40:20,908 [Thread-1437] INFO  impl.RaftServerImpl (RaftServerImpl.java:setRole(184)) - 8f18dce1-0a3d-4b65-9c78-af3d58b2da7f@group-091950D56227: changes role from  FOLLOWER to CANDIDATE at term 236 for changeToCandidate
2019-10-20 17:40:20,908 [Thread-1437] INFO  impl.RoleInfo (RoleInfo.java:updateAndGet(143)) - 8f18dce1-0a3d-4b65-9c78-af3d58b2da7f: start LeaderElection
2019-10-20 17:40:20,936 [8f18dce1-0a3d-4b65-9c78-af3d58b2da7f@group-091950D56227-LeaderElection197] INFO  impl.LeaderElection (LeaderElection.java:askForVotes(178)) - 8f18dce1-0a3d-4b65-9c78-af3d58b2da7f@group-091950D56227-LeaderElection197: begin an election at term 237 for -1: [8a63e1ae-032e-4bed-9f20-125a11f65413:0.0.0.0:38685, 8f18dce1-0a3d-4b65-9c78-af3d58b2da7f:0.0.0.0:42489, 7b1e61a0-7daf-43dd-99d5-9b325c1d31ae:0.0.0.0:38412], old=null
2019-10-20 17:40:20,938 [grpc-default-executor-0] INFO  impl.RaftServerImpl (RaftServerImpl.java:setRole(184)) - 7b1e61a0-7daf-43dd-99d5-9b325c1d31ae@group-091950D56227: changes role from  FOLLOWER to FOLLOWER at term 237 for recognizeCandidate:8f18dce1-0a3d-4b65-9c78-af3d58b2da7f
2019-10-20 17:40:20,938 [grpc-default-executor-1] INFO  impl.RaftServerImpl (RaftServerImpl.java:setRole(184)) - 8a63e1ae-032e-4bed-9f20-125a11f65413@group-091950D56227: changes role from  FOLLOWER to FOLLOWER at term 237 for recognizeCandidate:8f18dce1-0a3d-4b65-9c78-af3d58b2da7f
2019-10-20 17:40:20,938 [grpc-default-executor-0] INFO  impl.RoleInfo (RoleInfo.java:shutdownFollowerState(121)) - 7b1e61a0-7daf-43dd-99d5-9b325c1d31ae: shutdown FollowerState
2019-10-20 17:40:20,938 [grpc-default-executor-1] INFO  impl.RoleInfo (RoleInfo.java:shutdownFollowerState(121)) - 8a63e1ae-032e-4bed-9f20-125a11f65413: shutdown FollowerState
2019-10-20 17:40:20,939 [Thread-1435] INFO  impl.FollowerState (FollowerState.java:run(117)) - 7b1e61a0-7daf-43dd-99d5-9b325c1d31ae@group-091950D56227-FollowerState was interrupted: java.lang.InterruptedException: sleep interrupted
2019-10-20 17:40:20,939 [grpc-default-executor-0] INFO  impl.RoleInfo (RoleInfo.java:updateAndGet(143)) - 7b1e61a0-7daf-43dd-99d5-9b325c1d31ae: start FollowerState
2019-10-20 17:40:20,939 [Thread-1436] INFO  impl.FollowerState (FollowerState.java:run(117)) - 8a63e1ae-032e-4bed-9f20-125a11f65413@group-091950D56227-FollowerState was interrupted: java.lang.InterruptedException: sleep interrupted
2019-10-20 17:40:20,939 [grpc-default-executor-1] INFO  impl.RoleInfo (RoleInfo.java:updateAndGet(143)) - 8a63e1ae-032e-4bed-9f20-125a11f65413: start FollowerState
2019-10-20 17:40:20,962 [8f18dce1-0a3d-4b65-9c78-af3d58b2da7f@group-091950D56227-LeaderElection197] INFO  impl.LeaderElection (LeaderElection.java:logAndReturn(56)) - 8f18dce1-0a3d-4b65-9c78-af3d58b2da7f@group-091950D56227-LeaderElection197: Election REJECTED; received 2 response(s) [8f18dce1-0a3d-4b65-9c78-af3d58b2da7f<-8a63e1ae-032e-4bed-9f20-125a11f65413#0:FAIL-t237, 8f18dce1-0a3d-4b65-9c78-af3d58b2da7f<-7b1e61a0-7daf-43dd-99d5-9b325c1d31ae#0:FAIL-t237] and 0 exception(s); 8f18dce1-0a3d-4b65-9c78-af3d58b2da7f@group-091950D56227:t237, leader=null, voted=8f18dce1-0a3d-4b65-9c78-af3d58b2da7f, raftlog=8f18dce1-0a3d-4b65-9c78-af3d58b2da7f@group-091950D56227-SegmentedRaftLog:OPENED:c-1,f-1,i0, conf=-1: [8a63e1ae-032e-4bed-9f20-125a11f65413:0.0.0.0:38685, 8f18dce1-0a3d-4b65-9c78-af3d58b2da7f:0.0.0.0:42489, 7b1e61a0-7daf-43dd-99d5-9b325c1d31ae:0.0.0.0:38412], old=null
2019-10-20 17:40:20,962 [8f18dce1-0a3d-4b65-9c78-af3d58b2da7f@group-091950D56227-LeaderElection197] INFO  impl.RaftServerImpl (RaftServerImpl.java:setRole(184)) - 8f18dce1-0a3d-4b65-9c78-af3d58b2da7f@group-091950D56227: changes role from CANDIDATE to FOLLOWER at term 237 for DISCOVERED_A_NEW_TERM
2019-10-20 17:40:20,963 [8f18dce1-0a3d-4b65-9c78-af3d58b2da7f@group-091950D56227-LeaderElection197] INFO  impl.RoleInfo (RoleInfo.java:shutdownLeaderElection(134)) - 8f18dce1-0a3d-4b65-9c78-af3d58b2da7f: shutdown LeaderElection
2019-10-20 17:40:20,963 [8f18dce1-0a3d-4b65-9c78-af3d58b2da7f@group-091950D56227-LeaderElection197] INFO  impl.RoleInfo (RoleInfo.java:updateAndGet(143)) - 8f18dce1-0a3d-4b65-9c78-af3d58b2da7f: start FollowerState
2019-10-20 17:40:21,044 [Thread-1443] INFO  impl.FollowerState (FollowerState.java:run(108)) - 8f18dce1-0a3d-4b65-9c78-af3d58b2da7f@group-091950D56227-FollowerState: change to CANDIDATE, lastRpcTime:81ms, electionTimeout:81ms
2019-10-20 17:40:21,044 [Thread-1443] INFO  impl.RoleInfo (RoleInfo.java:shutdownFollowerState(121)) - 8f18dce1-0a3d-4b65-9c78-af3d58b2da7f: shutdown FollowerState
2019-10-20 17:40:21,044 [Thread-1443] INFO  impl.RaftServerImpl (RaftServerImpl.java:setRole(184)) - 8f18dce1-0a3d-4b65-9c78-af3d58b2da7f@group-091950D56227: changes role from  FOLLOWER to CANDIDATE at term 237 for changeToCandidate
2019-10-20 17:40:21,044 [Thread-1443] INFO  impl.RoleInfo (RoleInfo.java:updateAndGet(143)) - 8f18dce1-0a3d-4b65-9c78-af3d58b2da7f: start LeaderElection
2019-10-20 17:40:21,071 [8f18dce1-0a3d-4b65-9c78-af3d58b2da7f@group-091950D56227-LeaderElection198] INFO  impl.LeaderElection (LeaderElection.java:askForVotes(178)) - 8f18dce1-0a3d-4b65-9c78-af3d58b2da7f@group-091950D56227-LeaderElection198: begin an election at term 238 for -1: [8a63e1ae-032e-4bed-9f20-125a11f65413:0.0.0.0:38685, 8f18dce1-0a3d-4b65-9c78-af3d58b2da7f:0.0.0.0:42489, 7b1e61a0-7daf-43dd-99d5-9b325c1d31ae:0.0.0.0:38412], old=null
2019-10-20 17:40:21,073 [grpc-default-executor-1] INFO  impl.RaftServerImpl (RaftServerImpl.java:setRole(184)) - 7b1e61a0-7daf-43dd-99d5-9b325c1d31ae@group-091950D56227: changes role from  FOLLOWER to FOLLOWER at term 238 for recognizeCandidate:8f18dce1-0a3d-4b65-9c78-af3d58b2da7f
2019-10-20 17:40:21,073 [grpc-default-executor-0] INFO  impl.RaftServerImpl (RaftServerImpl.java:setRole(184)) - 8a63e1ae-032e-4bed-9f20-125a11f65413@group-091950D56227: changes role from  FOLLOWER to FOLLOWER at term 238 for recognizeCandidate:8f18dce1-0a3d-4b65-9c78-af3d58b2da7f
2019-10-20 17:40:21,073 [grpc-default-executor-1] INFO  impl.RoleInfo (RoleInfo.java:shutdownFollowerState(121)) - 7b1e61a0-7daf-43dd-99d5-9b325c1d31ae: shutdown FollowerState
2019-10-20 17:40:21,073 [grpc-default-executor-0] INFO  impl.RoleInfo (RoleInfo.java:shutdownFollowerState(121)) - 8a63e1ae-032e-4bed-9f20-125a11f65413: shutdown FollowerState
2019-10-20 17:40:21,073 [Thread-1441] INFO  impl.FollowerState (FollowerState.java:run(117)) - 7b1e61a0-7daf-43dd-99d5-9b325c1d31ae@group-091950D56227-FollowerState was interrupted: java.lang.InterruptedException: sleep interrupted
2019-10-20 17:40:21,073 [grpc-default-executor-1] INFO  impl.RoleInfo (RoleInfo.java:updateAndGet(143)) - 7b1e61a0-7daf-43dd-99d5-9b325c1d31ae: start FollowerState
2019-10-20 17:40:21,074 [Thread-1442] INFO  impl.FollowerState (FollowerState.java:run(117)) - 8a63e1ae-032e-4bed-9f20-125a11f65413@group-091950D56227-FollowerState was interrupted: java.lang.InterruptedException: sleep interrupted
2019-10-20 17:40:21,074 [grpc-default-executor-0] INFO  impl.RoleInfo (RoleInfo.java:updateAndGet(143)) - 8a63e1ae-032e-4bed-9f20-125a11f65413: start FollowerState
2019-10-20 17:40:21,097 [8f18dce1-0a3d-4b65-9c78-af3d58b2da7f@group-091950D56227-LeaderElection198] INFO  impl.LeaderElection (LeaderElection.java:logAndReturn(56)) - 8f18dce1-0a3d-4b65-9c78-af3d58b2da7f@group-091950D56227-LeaderElection198: Election REJECTED; received 2 response(s) [8f18dce1-0a3d-4b65-9c78-af3d58b2da7f<-8a63e1ae-032e-4bed-9f20-125a11f65413#0:FAIL-t238, 8f18dce1-0a3d-4b65-9c78-af3d58b2da7f<-7b1e61a0-7daf-43dd-99d5-9b325c1d31ae#0:FAIL-t238] and 0 exception(s); 8f18dce1-0a3d-4b65-9c78-af3d58b2da7f@group-091950D56227:t238, leader=null, voted=8f18dce1-0a3d-4b65-9c78-af3d58b2da7f, raftlog=8f18dce1-0a3d-4b65-9c78-af3d58b2da7f@group-091950D56227-SegmentedRaftLog:OPENED:c-1,f-1,i0, conf=-1: [8a63e1ae-032e-4bed-9f20-125a11f65413:0.0.0.0:38685, 8f18dce1-0a3d-4b65-9c78-af3d58b2da7f:0.0.0.0:42489, 7b1e61a0-7daf-43dd-99d5-9b325c1d31ae:0.0.0.0:38412], old=null
2019-10-20 17:40:21,097 [8f18dce1-0a3d-4b65-9c78-af3d58b2da7f@group-091950D56227-LeaderElection198] INFO  impl.RaftServerImpl (RaftServerImpl.java:setRole(184)) - 8f18dce1-0a3d-4b65-9c78-af3d58b2da7f@group-091950D56227: changes role from CANDIDATE to FOLLOWER at term 238 for DISCOVERED_A_NEW_TERM
2019-10-20 17:40:21,098 [8f18dce1-0a3d-4b65-9c78-af3d58b2da7f@group-091950D56227-LeaderElection198] INFO  impl.RoleInfo (RoleInfo.java:shutdownLeaderElection(134)) - 8f18dce1-0a3d-4b65-9c78-af3d58b2da7f: shutdown LeaderElection
2019-10-20 17:40:21,098 [8f18dce1-0a3d-4b65-9c78-af3d58b2da7f@group-091950D56227-LeaderElection198] INFO  impl.RoleInfo (RoleInfo.java:updateAndGet(143)) - 8f18dce1-0a3d-4b65-9c78-af3d58b2da7f: start FollowerState
2019-10-20 17:40:21,227 [Thread-1449] INFO  impl.FollowerState (FollowerState.java:run(108)) - 8f18dce1-0a3d-4b65-9c78-af3d58b2da7f@group-091950D56227-FollowerState: change to CANDIDATE, lastRpcTime:129ms, electionTimeout:129ms
2019-10-20 17:40:21,227 [Thread-1449] INFO  impl.RoleInfo (RoleInfo.java:shutdownFollowerState(121)) - 8f18dce1-0a3d-4b65-9c78-af3d58b2da7f: shutdown FollowerState
2019-10-20 17:40:21,228 [Thread-1449] INFO  impl.RaftServerImpl (RaftServerImpl.java:setRole(184)) - 8f18dce1-0a3d-4b65-9c78-af3d58b2da7f@group-091950D56227: changes role from  FOLLOWER to CANDIDATE at term 238 for changeToCandidate
2019-10-20 17:40:21,228 [Thread-1449] INFO  impl.RoleInfo (RoleInfo.java:updateAndGet(143)) - 8f18dce1-0a3d-4b65-9c78-af3d58b2da7f: start LeaderElection
2019-10-20 17:40:21,256 [8f18dce1-0a3d-4b65-9c78-af3d58b2da7f@group-091950D56227-LeaderElection199] INFO  impl.LeaderElection (LeaderElection.java:askForVotes(178)) - 8f18dce1-0a3d-4b65-9c78-af3d58b2da7f@group-091950D56227-LeaderElection199: begin an election at term 239 for -1: [8a63e1ae-032e-4bed-9f20-125a11f65413:0.0.0.0:38685, 8f18dce1-0a3d-4b65-9c78-af3d58b2da7f:0.0.0.0:42489, 7b1e61a0-7daf-43dd-99d5-9b325c1d31ae:0.0.0.0:38412], old=null
2019-10-20 17:40:21,258 [grpc-default-executor-1] INFO  impl.RaftServerImpl (RaftServerImpl.java:setRole(184)) - 7b1e61a0-7daf-43dd-99d5-9b325c1d31ae@group-091950D56227: changes role from  FOLLOWER to FOLLOWER at term 239 for recognizeCandidate:8f18dce1-0a3d-4b65-9c78-af3d58b2da7f
2019-10-20 17:40:21,258 [grpc-default-executor-0] INFO  impl.RaftServerImpl (RaftServerImpl.java:setRole(184)) - 8a63e1ae-032e-4bed-9f20-125a11f65413@group-091950D56227: changes role from  FOLLOWER to FOLLOWER at term 239 for recognizeCandidate:8f18dce1-0a3d-4b65-9c78-af3d58b2da7f
2019-10-20 17:40:21,258 [grpc-default-executor-1] INFO  impl.RoleInfo (RoleInfo.java:shutdownFollowerState(121)) - 7b1e61a0-7daf-43dd-99d5-9b325c1d31ae: shutdown FollowerState
2019-10-20 17:40:21,258 [grpc-default-executor-0] INFO  impl.RoleInfo (RoleInfo.java:shutdownFollowerState(121)) - 8a63e1ae-032e-4bed-9f20-125a11f65413: shutdown FollowerState
2019-10-20 17:40:21,258 [grpc-default-executor-1] INFO  impl.RoleInfo (RoleInfo.java:updateAndGet(143)) - 7b1e61a0-7daf-43dd-99d5-9b325c1d31ae: start FollowerState
2019-10-20 17:40:21,258 [Thread-1448] INFO  impl.FollowerState (FollowerState.java:run(117)) - 8a63e1ae-032e-4bed-9f20-125a11f65413@group-091950D56227-FollowerState was interrupted: java.lang.InterruptedException: sleep interrupted
2019-10-20 17:40:21,258 [grpc-default-executor-0] INFO  impl.RoleInfo (RoleInfo.java:updateAndGet(143)) - 8a63e1ae-032e-4bed-9f20-125a11f65413: start FollowerState
2019-10-20 17:40:21,258 [Thread-1447] INFO  impl.FollowerState (FollowerState.java:run(117)) - 7b1e61a0-7daf-43dd-99d5-9b325c1d31ae@group-091950D56227-FollowerState was interrupted: java.lang.InterruptedException: sleep interrupted
2019-10-20 17:40:21,291 [8f18dce1-0a3d-4b65-9c78-af3d58b2da7f@group-091950D56227-LeaderElection199] INFO  impl.LeaderElection (LeaderElection.java:logAndReturn(56)) - 8f18dce1-0a3d-4b65-9c78-af3d58b2da7f@group-091950D56227-LeaderElection199: Election REJECTED; received 2 response(s) [8f18dce1-0a3d-4b65-9c78-af3d58b2da7f<-8a63e1ae-032e-4bed-9f20-125a11f65413#0:FAIL-t239, 8f18dce1-0a3d-4b65-9c78-af3d58b2da7f<-7b1e61a0-7daf-43dd-99d5-9b325c1d31ae#0:FAIL-t239] and 0 exception(s); 8f18dce1-0a3d-4b65-9c78-af3d58b2da7f@group-091950D56227:t239, leader=null, voted=8f18dce1-0a3d-4b65-9c78-af3d58b2da7f, raftlog=8f18dce1-0a3d-4b65-9c78-af3d58b2da7f@group-091950D56227-SegmentedRaftLog:OPENED:c-1,f-1,i0, conf=-1: [8a63e1ae-032e-4bed-9f20-125a11f65413:0.0.0.0:38685, 8f18dce1-0a3d-4b65-9c78-af3d58b2da7f:0.0.0.0:42489, 7b1e61a0-7daf-43dd-99d5-9b325c1d31ae:0.0.0.0:38412], old=null
2019-10-20 17:40:21,291 [8f18dce1-0a3d-4b65-9c78-af3d58b2da7f@group-091950D56227-LeaderElection199] INFO  impl.RaftServerImpl (RaftServerImpl.java:setRole(184)) - 8f18dce1-0a3d-4b65-9c78-af3d58b2da7f@group-091950D56227: changes role from CANDIDATE to FOLLOWER at term 239 for DISCOVERED_A_NEW_TERM
2019-10-20 17:40:21,291 [8f18dce1-0a3d-4b65-9c78-af3d58b2da7f@group-091950D56227-LeaderElection199] INFO  impl.RoleInfo (RoleInfo.java:shutdownLeaderElection(134)) - 8f18dce1-0a3d-4b65-9c78-af3d58b2da7f: shutdown LeaderElection
2019-10-20 17:40:21,291 [8f18dce1-0a3d-4b65-9c78-af3d58b2da7f@group-091950D56227-LeaderElection199] INFO  impl.RoleInfo (RoleInfo.java:updateAndGet(143)) - 8f18dce1-0a3d-4b65-9c78-af3d58b2da7f: start FollowerState
2019-10-20 17:40:21,416 [Thread-1457] INFO  impl.FollowerState (FollowerState.java:run(108)) - 8f18dce1-0a3d-4b65-9c78-af3d58b2da7f@group-091950D56227-FollowerState: change to CANDIDATE, lastRpcTime:125ms, electionTimeout:125ms
2019-10-20 17:40:21,417 [Thread-1457] INFO  impl.RoleInfo (RoleInfo.java:shutdownFollowerState(121)) - 8f18dce1-0a3d-4b65-9c78-af3d58b2da7f: shutdown FollowerState
2019-10-20 17:40:21,417 [Thread-1457] INFO  impl.RaftServerImpl (RaftServerImpl.java:setRole(184)) - 8f18dce1-0a3d-4b65-9c78-af3d58b2da7f@group-091950D56227: changes role from  FOLLOWER to CANDIDATE at term 239 for changeToCandidate
2019-10-20 17:40:21,417 [Thread-1457] INFO  impl.RoleInfo (RoleInfo.java:updateAndGet(143)) - 8f18dce1-0a3d-4b65-9c78-af3d58b2da7f: start LeaderElection
2019-10-20 17:40:21,449 [8f18dce1-0a3d-4b65-9c78-af3d58b2da7f@group-091950D56227-LeaderElection200] INFO  impl.LeaderElection (LeaderElection.java:askForVotes(178)) - 8f18dce1-0a3d-4b65-9c78-af3d58b2da7f@group-091950D56227-LeaderElection200: begin an election at term 240 for -1: [8a63e1ae-032e-4bed-9f20-125a11f65413:0.0.0.0:38685, 8f18dce1-0a3d-4b65-9c78-af3d58b2da7f:0.0.0.0:42489, 7b1e61a0-7daf-43dd-99d5-9b325c1d31ae:0.0.0.0:38412], old=null
2019-10-20 17:40:21,451 [grpc-default-executor-1] INFO  impl.RaftServerImpl (RaftServerImpl.java:setRole(184)) - 8a63e1ae-032e-4bed-9f20-125a11f65413@group-091950D56227: changes role from  FOLLOWER to FOLLOWER at term 240 for recognizeCandidate:8f18dce1-0a3d-4b65-9c78-af3d58b2da7f
2019-10-20 17:40:21,451 [grpc-default-executor-1] INFO  impl.RoleInfo (RoleInfo.java:shutdownFollowerState(121)) - 8a63e1ae-032e-4bed-9f20-125a11f65413: shutdown FollowerState
2019-10-20 17:40:21,451 [grpc-default-executor-0] INFO  impl.RaftServerImpl (RaftServerImpl.java:setRole(184)) - 7b1e61a0-7daf-43dd-99d5-9b325c1d31ae@group-091950D56227: changes role from  FOLLOWER to FOLLOWER at term 240 for recognizeCandidate:8f18dce1-0a3d-4b65-9c78-af3d58b2da7f
2019-10-20 17:40:21,452 [grpc-default-executor-0] INFO  impl.RoleInfo (RoleInfo.java:shutdownFollowerState(121)) - 7b1e61a0-7daf-43dd-99d5-9b325c1d31ae: shutdown FollowerState
2019-10-20 17:40:21,451 [Thread-1456] INFO  impl.FollowerState (FollowerState.java:run(117)) - 8a63e1ae-032e-4bed-9f20-125a11f65413@group-091950D56227-FollowerState was interrupted: java.lang.InterruptedException: sleep interrupted
2019-10-20 17:40:21,451 [grpc-default-executor-1] INFO  impl.RoleInfo (RoleInfo.java:updateAndGet(143)) - 8a63e1ae-032e-4bed-9f20-125a11f65413: start FollowerState
2019-10-20 17:40:21,452 [Thread-1455] INFO  impl.FollowerState (FollowerState.java:run(117)) - 7b1e61a0-7daf-43dd-99d5-9b325c1d31ae@group-091950D56227-FollowerState was interrupted: java.lang.InterruptedException: sleep interrupted
2019-10-20 17:40:21,452 [grpc-default-executor-0] INFO  impl.RoleInfo (RoleInfo.java:updateAndGet(143)) - 7b1e61a0-7daf-43dd-99d5-9b325c1d31ae: start FollowerState
2019-10-20 17:40:21,475 [8f18dce1-0a3d-4b65-9c78-af3d58b2da7f@group-091950D56227-LeaderElection200] INFO  impl.LeaderElection (LeaderElection.java:logAndReturn(56)) - 8f18dce1-0a3d-4b65-9c78-af3d58b2da7f@group-091950D56227-LeaderElection200: Election REJECTED; received 2 response(s) [8f18dce1-0a3d-4b65-9c78-af3d58b2da7f<-8a63e1ae-032e-4bed-9f20-125a11f65413#0:FAIL-t240, 8f18dce1-0a3d-4b65-9c78-af3d58b2da7f<-7b1e61a0-7daf-43dd-99d5-9b325c1d31ae#0:FAIL-t240] and 0 exception(s); 8f18dce1-0a3d-4b65-9c78-af3d58b2da7f@group-091950D56227:t240, leader=null, voted=8f18dce1-0a3d-4b65-9c78-af3d58b2da7f, raftlog=8f18dce1-0a3d-4b65-9c78-af3d58b2da7f@group-091950D56227-SegmentedRaftLog:OPENED:c-1,f-1,i0, conf=-1: [8a63e1ae-032e-4bed-9f20-125a11f65413:0.0.0.0:38685, 8f18dce1-0a3d-4b65-9c78-af3d58b2da7f:0.0.0.0:42489, 7b1e61a0-7daf-43dd-99d5-9b325c1d31ae:0.0.0.0:38412], old=null
2019-10-20 17:40:21,475 [8f18dce1-0a3d-4b65-9c78-af3d58b2da7f@group-091950D56227-LeaderElection200] INFO  impl.RaftServerImpl (RaftServerImpl.java:setRole(184)) - 8f18dce1-0a3d-4b65-9c78-af3d58b2da7f@group-091950D56227: changes role from CANDIDATE to FOLLOWER at term 240 for DISCOVERED_A_NEW_TERM
2019-10-20 17:40:21,476 [8f18dce1-0a3d-4b65-9c78-af3d58b2da7f@group-091950D56227-LeaderElection200] INFO  impl.RoleInfo (RoleInfo.java:shutdownLeaderElection(134)) - 8f18dce1-0a3d-4b65-9c78-af3d58b2da7f: shutdown LeaderElection
2019-10-20 17:40:21,476 [8f18dce1-0a3d-4b65-9c78-af3d58b2da7f@group-091950D56227-LeaderElection200] INFO  impl.RoleInfo (RoleInfo.java:updateAndGet(143)) - 8f18dce1-0a3d-4b65-9c78-af3d58b2da7f: start FollowerState
2019-10-20 17:40:21,664 [Thread-1463] INFO  impl.FollowerState (FollowerState.java:run(108)) - 8f18dce1-0a3d-4b65-9c78-af3d58b2da7f@group-091950D56227-FollowerState: change to CANDIDATE, lastRpcTime:188ms, electionTimeout:188ms
2019-10-20 17:40:21,664 [Thread-1463] INFO  impl.RoleInfo (RoleInfo.java:shutdownFollowerState(121)) - 8f18dce1-0a3d-4b65-9c78-af3d58b2da7f: shutdown FollowerState
2019-10-20 17:40:21,664 [Thread-1463] INFO  impl.RaftServerImpl (RaftServerImpl.java:setRole(184)) - 8f18dce1-0a3d-4b65-9c78-af3d58b2da7f@group-091950D56227: changes role from  FOLLOWER to CANDIDATE at term 240 for changeToCandidate
2019-10-20 17:40:21,665 [Thread-1463] INFO  impl.RoleInfo (RoleInfo.java:updateAndGet(143)) - 8f18dce1-0a3d-4b65-9c78-af3d58b2da7f: start LeaderElection
2019-10-20 17:40:21,692 [8f18dce1-0a3d-4b65-9c78-af3d58b2da7f@group-091950D56227-LeaderElection201] INFO  impl.LeaderElection (LeaderElection.java:askForVotes(178)) - 8f18dce1-0a3d-4b65-9c78-af3d58b2da7f@group-091950D56227-LeaderElection201: begin an election at term 241 for -1: [8a63e1ae-032e-4bed-9f20-125a11f65413:0.0.0.0:38685, 8f18dce1-0a3d-4b65-9c78-af3d58b2da7f:0.0.0.0:42489, 7b1e61a0-7daf-43dd-99d5-9b325c1d31ae:0.0.0.0:38412], old=null
2019-10-20 17:40:21,694 [grpc-default-executor-0] INFO  impl.RaftServerImpl (RaftServerImpl.java:setRole(184)) - 7b1e61a0-7daf-43dd-99d5-9b325c1d31ae@group-091950D56227: changes role from  FOLLOWER to FOLLOWER at term 241 for recognizeCandidate:8f18dce1-0a3d-4b65-9c78-af3d58b2da7f
2019-10-20 17:40:21,694 [grpc-default-executor-1] INFO  impl.RaftServerImpl (RaftServerImpl.java:setRole(184)) - 8a63e1ae-032e-4bed-9f20-125a11f65413@group-091950D56227: changes role from  FOLLOWER to FOLLOWER at term 241 for recognizeCandidate:8f18dce1-0a3d-4b65-9c78-af3d58b2da7f
2019-10-20 17:40:21,694 [grpc-default-executor-1] INFO  impl.RoleInfo (RoleInfo.java:shutdownFollowerState(121)) - 8a63e1ae-032e-4bed-9f20-125a11f65413: shutdown FollowerState
2019-10-20 17:40:21,694 [grpc-default-executor-0] INFO  impl.RoleInfo (RoleInfo.java:shutdownFollowerState(121)) - 7b1e61a0-7daf-43dd-99d5-9b325c1d31ae: shutdown FollowerState
2019-10-20 17:40:21,694 [Thread-1461] INFO  impl.FollowerState (FollowerState.java:run(117)) - 8a63e1ae-032e-4bed-9f20-125a11f65413@group-091950D56227-FollowerState was interrupted: java.lang.InterruptedException: sleep interrupted
2019-10-20 17:40:21,694 [grpc-default-executor-0] INFO  impl.RoleInfo (RoleInfo.java:updateAndGet(143)) - 7b1e61a0-7daf-43dd-99d5-9b325c1d31ae: start FollowerState
2019-10-20 17:40:21,694 [grpc-default-executor-1] INFO  impl.RoleInfo (RoleInfo.java:updateAndGet(143)) - 8a63e1ae-032e-4bed-9f20-125a11f65413: start FollowerState
2019-10-20 17:40:21,694 [Thread-1462] INFO  impl.FollowerState (FollowerState.java:run(117)) - 7b1e61a0-7daf-43dd-99d5-9b325c1d31ae@group-091950D56227-FollowerState was interrupted: java.lang.InterruptedException: sleep interrupted
2019-10-20 17:40:21,718 [8f18dce1-0a3d-4b65-9c78-af3d58b2da7f@group-091950D56227-LeaderElection201] INFO  impl.LeaderElection (LeaderElection.java:logAndReturn(56)) - 8f18dce1-0a3d-4b65-9c78-af3d58b2da7f@group-091950D56227-LeaderElection201: Election REJECTED; received 2 response(s) [8f18dce1-0a3d-4b65-9c78-af3d58b2da7f<-8a63e1ae-032e-4bed-9f20-125a11f65413#0:FAIL-t241, 8f18dce1-0a3d-4b65-9c78-af3d58b2da7f<-7b1e61a0-7daf-43dd-99d5-9b325c1d31ae#0:FAIL-t241] and 0 exception(s); 8f18dce1-0a3d-4b65-9c78-af3d58b2da7f@group-091950D56227:t241, leader=null, voted=8f18dce1-0a3d-4b65-9c78-af3d58b2da7f, raftlog=8f18dce1-0a3d-4b65-9c78-af3d58b2da7f@group-091950D56227-SegmentedRaftLog:OPENED:c-1,f-1,i0, conf=-1: [8a63e1ae-032e-4bed-9f20-125a11f65413:0.0.0.0:38685, 8f18dce1-0a3d-4b65-9c78-af3d58b2da7f:0.0.0.0:42489, 7b1e61a0-7daf-43dd-99d5-9b325c1d31ae:0.0.0.0:38412], old=null
2019-10-20 17:40:21,718 [8f18dce1-0a3d-4b65-9c78-af3d58b2da7f@group-091950D56227-LeaderElection201] INFO  impl.RaftServerImpl (RaftServerImpl.java:setRole(184)) - 8f18dce1-0a3d-4b65-9c78-af3d58b2da7f@group-091950D56227: changes role from CANDIDATE to FOLLOWER at term 241 for DISCOVERED_A_NEW_TERM
2019-10-20 17:40:21,718 [8f18dce1-0a3d-4b65-9c78-af3d58b2da7f@group-091950D56227-LeaderElection201] INFO  impl.RoleInfo (RoleInfo.java:shutdownLeaderElection(134)) - 8f18dce1-0a3d-4b65-9c78-af3d58b2da7f: shutdown LeaderElection
2019-10-20 17:40:21,718 [8f18dce1-0a3d-4b65-9c78-af3d58b2da7f@group-091950D56227-LeaderElection201] INFO  impl.RoleInfo (RoleInfo.java:updateAndGet(143)) - 8f18dce1-0a3d-4b65-9c78-af3d58b2da7f: start FollowerState
2019-10-20 17:40:21,720 [Thread-1469] INFO  impl.FollowerState (FollowerState.java:run(108)) - 8f18dce1-0a3d-4b65-9c78-af3d58b2da7f@group-091950D56227-FollowerState: change to CANDIDATE, lastRpcTime:1ms, electionTimeout:1ms
2019-10-20 17:40:21,720 [Thread-1469] INFO  impl.RoleInfo (RoleInfo.java:shutdownFollowerState(121)) - 8f18dce1-0a3d-4b65-9c78-af3d58b2da7f: shutdown FollowerState
2019-10-20 17:40:21,720 [Thread-1469] INFO  impl.RaftServerImpl (RaftServerImpl.java:setRole(184)) - 8f18dce1-0a3d-4b65-9c78-af3d58b2da7f@group-091950D56227: changes role from  FOLLOWER to CANDIDATE at term 241 for changeToCandidate
2019-10-20 17:40:21,720 [Thread-1469] INFO  impl.RoleInfo (RoleInfo.java:updateAndGet(143)) - 8f18dce1-0a3d-4b65-9c78-af3d58b2da7f: start LeaderElection
2019-10-20 17:40:21,743 [8f18dce1-0a3d-4b65-9c78-af3d58b2da7f@group-091950D56227-LeaderElection202] INFO  impl.LeaderElection (LeaderElection.java:askForVotes(178)) - 8f18dce1-0a3d-4b65-9c78-af3d58b2da7f@group-091950D56227-LeaderElection202: begin an election at term 242 for -1: [8a63e1ae-032e-4bed-9f20-125a11f65413:0.0.0.0:38685, 8f18dce1-0a3d-4b65-9c78-af3d58b2da7f:0.0.0.0:42489, 7b1e61a0-7daf-43dd-99d5-9b325c1d31ae:0.0.0.0:38412], old=null
2019-10-20 17:40:21,744 [grpc-default-executor-0] INFO  impl.RaftServerImpl (RaftServerImpl.java:setRole(184)) - 7b1e61a0-7daf-43dd-99d5-9b325c1d31ae@group-091950D56227: changes role from  FOLLOWER to FOLLOWER at term 242 for recognizeCandidate:8f18dce1-0a3d-4b65-9c78-af3d58b2da7f
2019-10-20 17:40:21,744 [grpc-default-executor-1] INFO  impl.RaftServerImpl (RaftServerImpl.java:setRole(184)) - 8a63e1ae-032e-4bed-9f20-125a11f65413@group-091950D56227: changes role from  FOLLOWER to FOLLOWER at term 242 for recognizeCandidate:8f18dce1-0a3d-4b65-9c78-af3d58b2da7f
2019-10-20 17:40:21,744 [grpc-default-executor-0] INFO  impl.RoleInfo (RoleInfo.java:shutdownFollowerState(121)) - 7b1e61a0-7daf-43dd-99d5-9b325c1d31ae: shutdown FollowerState
2019-10-20 17:40:21,744 [grpc-default-executor-1] INFO  impl.RoleInfo (RoleInfo.java:shutdownFollowerState(121)) - 8a63e1ae-032e-4bed-9f20-125a11f65413: shutdown FollowerState
2019-10-20 17:40:21,744 [Thread-1468] INFO  impl.FollowerState (FollowerState.java:run(117)) - 7b1e61a0-7daf-43dd-99d5-9b325c1d31ae@group-091950D56227-FollowerState was interrupted: java.lang.InterruptedException: sleep interrupted
2019-10-20 17:40:21,744 [grpc-default-executor-0] INFO  impl.RoleInfo (RoleInfo.java:updateAndGet(143)) - 7b1e61a0-7daf-43dd-99d5-9b325c1d31ae: start FollowerState
2019-10-20 17:40:21,744 [Thread-1467] INFO  impl.FollowerState (FollowerState.java:run(117)) - 8a63e1ae-032e-4bed-9f20-125a11f65413@group-091950D56227-FollowerState was interrupted: java.lang.InterruptedException: sleep interrupted
2019-10-20 17:40:21,744 [grpc-default-executor-1] INFO  impl.RoleInfo (RoleInfo.java:updateAndGet(143)) - 8a63e1ae-032e-4bed-9f20-125a11f65413: start FollowerState
2019-10-20 17:40:21,770 [8f18dce1-0a3d-4b65-9c78-af3d58b2da7f@group-091950D56227-LeaderElection202] INFO  impl.LeaderElection (LeaderElection.java:logAndReturn(56)) - 8f18dce1-0a3d-4b65-9c78-af3d58b2da7f@group-091950D56227-LeaderElection202: Election REJECTED; received 2 response(s) [8f18dce1-0a3d-4b65-9c78-af3d58b2da7f<-8a63e1ae-032e-4bed-9f20-125a11f65413#0:FAIL-t242, 8f18dce1-0a3d-4b65-9c78-af3d58b2da7f<-7b1e61a0-7daf-43dd-99d5-9b325c1d31ae#0:FAIL-t242] and 0 exception(s); 8f18dce1-0a3d-4b65-9c78-af3d58b2da7f@group-091950D56227:t242, leader=null, voted=8f18dce1-0a3d-4b65-9c78-af3d58b2da7f, raftlog=8f18dce1-0a3d-4b65-9c78-af3d58b2da7f@group-091950D56227-SegmentedRaftLog:OPENED:c-1,f-1,i0, conf=-1: [8a63e1ae-032e-4bed-9f20-125a11f65413:0.0.0.0:38685, 8f18dce1-0a3d-4b65-9c78-af3d58b2da7f:0.0.0.0:42489, 7b1e61a0-7daf-43dd-99d5-9b325c1d31ae:0.0.0.0:38412], old=null
2019-10-20 17:40:21,770 [8f18dce1-0a3d-4b65-9c78-af3d58b2da7f@group-091950D56227-LeaderElection202] INFO  impl.RaftServerImpl (RaftServerImpl.java:setRole(184)) - 8f18dce1-0a3d-4b65-9c78-af3d58b2da7f@group-091950D56227: changes role from CANDIDATE to FOLLOWER at term 242 for DISCOVERED_A_NEW_TERM
2019-10-20 17:40:21,771 [8f18dce1-0a3d-4b65-9c78-af3d58b2da7f@group-091950D56227-LeaderElection202] INFO  impl.RoleInfo (RoleInfo.java:shutdownLeaderElection(134)) - 8f18dce1-0a3d-4b65-9c78-af3d58b2da7f: shutdown LeaderElection
2019-10-20 17:40:21,771 [8f18dce1-0a3d-4b65-9c78-af3d58b2da7f@group-091950D56227-LeaderElection202] INFO  impl.RoleInfo (RoleInfo.java:updateAndGet(143)) - 8f18dce1-0a3d-4b65-9c78-af3d58b2da7f: start FollowerState
2019-10-20 17:40:21,917 [Thread-1475] INFO  impl.FollowerState (FollowerState.java:run(108)) - 8f18dce1-0a3d-4b65-9c78-af3d58b2da7f@group-091950D56227-FollowerState: change to CANDIDATE, lastRpcTime:146ms, electionTimeout:146ms
2019-10-20 17:40:21,917 [Thread-1475] INFO  impl.RoleInfo (RoleInfo.java:shutdownFollowerState(121)) - 8f18dce1-0a3d-4b65-9c78-af3d58b2da7f: shutdown FollowerState
2019-10-20 17:40:21,917 [Thread-1475] INFO  impl.RaftServerImpl (RaftServerImpl.java:setRole(184)) - 8f18dce1-0a3d-4b65-9c78-af3d58b2da7f@group-091950D56227: changes role from  FOLLOWER to CANDIDATE at term 242 for changeToCandidate
2019-10-20 17:40:21,918 [Thread-1475] INFO  impl.RoleInfo (RoleInfo.java:updateAndGet(143)) - 8f18dce1-0a3d-4b65-9c78-af3d58b2da7f: start LeaderElection
2019-10-20 17:40:21,945 [8f18dce1-0a3d-4b65-9c78-af3d58b2da7f@group-091950D56227-LeaderElection203] INFO  impl.LeaderElection (LeaderElection.java:askForVotes(178)) - 8f18dce1-0a3d-4b65-9c78-af3d58b2da7f@group-091950D56227-LeaderElection203: begin an election at term 243 for -1: [8a63e1ae-032e-4bed-9f20-125a11f65413:0.0.0.0:38685, 8f18dce1-0a3d-4b65-9c78-af3d58b2da7f:0.0.0.0:42489, 7b1e61a0-7daf-43dd-99d5-9b325c1d31ae:0.0.0.0:38412], old=null
2019-10-20 17:40:21,947 [grpc-default-executor-1] INFO  impl.RaftServerImpl (RaftServerImpl.java:setRole(184)) - 7b1e61a0-7daf-43dd-99d5-9b325c1d31ae@group-091950D56227: changes role from  FOLLOWER to FOLLOWER at term 243 for recognizeCandidate:8f18dce1-0a3d-4b65-9c78-af3d58b2da7f
2019-10-20 17:40:21,947 [grpc-default-executor-0] INFO  impl.RaftServerImpl (RaftServerImpl.java:setRole(184)) - 8a63e1ae-032e-4bed-9f20-125a11f65413@group-091950D56227: changes role from  FOLLOWER to FOLLOWER at term 243 for recognizeCandidate:8f18dce1-0a3d-4b65-9c78-af3d58b2da7f
2019-10-20 17:40:21,948 [grpc-default-executor-0] INFO  impl.RoleInfo (RoleInfo.java:shutdownFollowerState(121)) - 8a63e1ae-032e-4bed-9f20-125a11f65413: shutdown FollowerState
2019-10-20 17:40:21,947 [grpc-default-executor-1] INFO  impl.RoleInfo (RoleInfo.java:shutdownFollowerState(121)) - 7b1e61a0-7daf-43dd-99d5-9b325c1d31ae: shutdown FollowerState
2019-10-20 17:40:21,948 [grpc-default-executor-1] INFO  impl.RoleInfo (RoleInfo.java:updateAndGet(143)) - 7b1e61a0-7daf-43dd-99d5-9b325c1d31ae: start FollowerState
2019-10-20 17:40:21,948 [Thread-1474] INFO  impl.FollowerState (FollowerState.java:run(117)) - 8a63e1ae-032e-4bed-9f20-125a11f65413@group-091950D56227-FollowerState was interrupted: java.lang.InterruptedException: sleep interrupted
2019-10-20 17:40:21,948 [grpc-default-executor-0] INFO  impl.RoleInfo (RoleInfo.java:updateAndGet(143)) - 8a63e1ae-032e-4bed-9f20-125a11f65413: start FollowerState
2019-10-20 17:40:21,948 [Thread-1473] INFO  impl.FollowerState (FollowerState.java:run(117)) - 7b1e61a0-7daf-43dd-99d5-9b325c1d31ae@group-091950D56227-FollowerState was interrupted: java.lang.InterruptedException: sleep interrupted
2019-10-20 17:40:21,972 [8f18dce1-0a3d-4b65-9c78-af3d58b2da7f@group-091950D56227-LeaderElection203] INFO  impl.LeaderElection (LeaderElection.java:logAndReturn(56)) - 8f18dce1-0a3d-4b65-9c78-af3d58b2da7f@group-091950D56227-LeaderElection203: Election REJECTED; received 2 response(s) [8f18dce1-0a3d-4b65-9c78-af3d58b2da7f<-8a63e1ae-032e-4bed-9f20-125a11f65413#0:FAIL-t243, 8f18dce1-0a3d-4b65-9c78-af3d58b2da7f<-7b1e61a0-7daf-43dd-99d5-9b325c1d31ae#0:FAIL-t243] and 0 exception(s); 8f18dce1-0a3d-4b65-9c78-af3d58b2da7f@group-091950D56227:t243, leader=null, voted=8f18dce1-0a3d-4b65-9c78-af3d58b2da7f, raftlog=8f18dce1-0a3d-4b65-9c78-af3d58b2da7f@group-091950D56227-SegmentedRaftLog:OPENED:c-1,f-1,i0, conf=-1: [8a63e1ae-032e-4bed-9f20-125a11f65413:0.0.0.0:38685, 8f18dce1-0a3d-4b65-9c78-af3d58b2da7f:0.0.0.0:42489, 7b1e61a0-7daf-43dd-99d5-9b325c1d31ae:0.0.0.0:38412], old=null
2019-10-20 17:40:21,972 [8f18dce1-0a3d-4b65-9c78-af3d58b2da7f@group-091950D56227-LeaderElection203] INFO  impl.RaftServerImpl (RaftServerImpl.java:setRole(184)) - 8f18dce1-0a3d-4b65-9c78-af3d58b2da7f@group-091950D56227: changes role from CANDIDATE to FOLLOWER at term 243 for DISCOVERED_A_NEW_TERM
2019-10-20 17:40:21,972 [8f18dce1-0a3d-4b65-9c78-af3d58b2da7f@group-091950D56227-LeaderElection203] INFO  impl.RoleInfo (RoleInfo.java:shutdownLeaderElection(134)) - 8f18dce1-0a3d-4b65-9c78-af3d58b2da7f: shutdown LeaderElection
2019-10-20 17:40:21,973 [8f18dce1-0a3d-4b65-9c78-af3d58b2da7f@group-091950D56227-LeaderElection203] INFO  impl.RoleInfo (RoleInfo.java:updateAndGet(143)) - 8f18dce1-0a3d-4b65-9c78-af3d58b2da7f: start FollowerState
2019-10-20 17:40:22,115 [Thread-1481] INFO  impl.FollowerState (FollowerState.java:run(108)) - 8f18dce1-0a3d-4b65-9c78-af3d58b2da7f@group-091950D56227-FollowerState: change to CANDIDATE, lastRpcTime:142ms, electionTimeout:142ms
2019-10-20 17:40:22,115 [Thread-1481] INFO  impl.RoleInfo (RoleInfo.java:shutdownFollowerState(121)) - 8f18dce1-0a3d-4b65-9c78-af3d58b2da7f: shutdown FollowerState
2019-10-20 17:40:22,115 [Thread-1481] INFO  impl.RaftServerImpl (RaftServerImpl.java:setRole(184)) - 8f18dce1-0a3d-4b65-9c78-af3d58b2da7f@group-091950D56227: changes role from  FOLLOWER to CANDIDATE at term 243 for changeToCandidate
2019-10-20 17:40:22,115 [Thread-1481] INFO  impl.RoleInfo (RoleInfo.java:updateAndGet(143)) - 8f18dce1-0a3d-4b65-9c78-af3d58b2da7f: start LeaderElection
2019-10-20 17:40:22,146 [8f18dce1-0a3d-4b65-9c78-af3d58b2da7f@group-091950D56227-LeaderElection204] INFO  impl.LeaderElection (LeaderElection.java:askForVotes(178)) - 8f18dce1-0a3d-4b65-9c78-af3d58b2da7f@group-091950D56227-LeaderElection204: begin an election at term 244 for -1: [8a63e1ae-032e-4bed-9f20-125a11f65413:0.0.0.0:38685, 8f18dce1-0a3d-4b65-9c78-af3d58b2da7f:0.0.0.0:42489, 7b1e61a0-7daf-43dd-99d5-9b325c1d31ae:0.0.0.0:38412], old=null
2019-10-20 17:40:22,148 [grpc-default-executor-0] INFO  impl.RaftServerImpl (RaftServerImpl.java:setRole(184)) - 8a63e1ae-032e-4bed-9f20-125a11f65413@group-091950D56227: changes role from  FOLLOWER to FOLLOWER at term 244 for recognizeCandidate:8f18dce1-0a3d-4b65-9c78-af3d58b2da7f
2019-10-20 17:40:22,148 [grpc-default-executor-1] INFO  impl.RaftServerImpl (RaftServerImpl.java:setRole(184)) - 7b1e61a0-7daf-43dd-99d5-9b325c1d31ae@group-091950D56227: changes role from  FOLLOWER to FOLLOWER at term 244 for recognizeCandidate:8f18dce1-0a3d-4b65-9c78-af3d58b2da7f
2019-10-20 17:40:22,148 [grpc-default-executor-0] INFO  impl.RoleInfo (RoleInfo.java:shutdownFollowerState(121)) - 8a63e1ae-032e-4bed-9f20-125a11f65413: shutdown FollowerState
2019-10-20 17:40:22,149 [grpc-default-executor-1] INFO  impl.RoleInfo (RoleInfo.java:shutdownFollowerState(121)) - 7b1e61a0-7daf-43dd-99d5-9b325c1d31ae: shutdown FollowerState
2019-10-20 17:40:22,149 [Thread-1479] INFO  impl.FollowerState (FollowerState.java:run(117)) - 8a63e1ae-032e-4bed-9f20-125a11f65413@group-091950D56227-FollowerState was interrupted: java.lang.InterruptedException: sleep interrupted
2019-10-20 17:40:22,149 [grpc-default-executor-0] INFO  impl.RoleInfo (RoleInfo.java:updateAndGet(143)) - 8a63e1ae-032e-4bed-9f20-125a11f65413: start FollowerState
2019-10-20 17:40:22,149 [grpc-default-executor-1] INFO  impl.RoleInfo (RoleInfo.java:updateAndGet(143)) - 7b1e61a0-7daf-43dd-99d5-9b325c1d31ae: start FollowerState
2019-10-20 17:40:22,149 [Thread-1480] INFO  impl.FollowerState (FollowerState.java:run(117)) - 7b1e61a0-7daf-43dd-99d5-9b325c1d31ae@group-091950D56227-FollowerState was interrupted: java.lang.InterruptedException: sleep interrupted
2019-10-20 17:40:22,172 [8f18dce1-0a3d-4b65-9c78-af3d58b2da7f@group-091950D56227-LeaderElection204] INFO  impl.LeaderElection (LeaderElection.java:logAndReturn(56)) - 8f18dce1-0a3d-4b65-9c78-af3d58b2da7f@group-091950D56227-LeaderElection204: Election REJECTED; received 2 response(s) [8f18dce1-0a3d-4b65-9c78-af3d58b2da7f<-8a63e1ae-032e-4bed-9f20-125a11f65413#0:FAIL-t244, 8f18dce1-0a3d-4b65-9c78-af3d58b2da7f<-7b1e61a0-7daf-43dd-99d5-9b325c1d31ae#0:FAIL-t244] and 0 exception(s); 8f18dce1-0a3d-4b65-9c78-af3d58b2da7f@group-091950D56227:t244, leader=null, voted=8f18dce1-0a3d-4b65-9c78-af3d58b2da7f, raftlog=8f18dce1-0a3d-4b65-9c78-af3d58b2da7f@group-091950D56227-SegmentedRaftLog:OPENED:c-1,f-1,i0, conf=-1: [8a63e1ae-032e-4bed-9f20-125a11f65413:0.0.0.0:38685, 8f18dce1-0a3d-4b65-9c78-af3d58b2da7f:0.0.0.0:42489, 7b1e61a0-7daf-43dd-99d5-9b325c1d31ae:0.0.0.0:38412], old=null
2019-10-20 17:40:22,172 [8f18dce1-0a3d-4b65-9c78-af3d58b2da7f@group-091950D56227-LeaderElection204] INFO  impl.RaftServerImpl (RaftServerImpl.java:setRole(184)) - 8f18dce1-0a3d-4b65-9c78-af3d58b2da7f@group-091950D56227: changes role from CANDIDATE to FOLLOWER at term 244 for DISCOVERED_A_NEW_TERM
2019-10-20 17:40:22,173 [8f18dce1-0a3d-4b65-9c78-af3d58b2da7f@group-091950D56227-LeaderElection204] INFO  impl.RoleInfo (RoleInfo.java:shutdownLeaderElection(134)) - 8f18dce1-0a3d-4b65-9c78-af3d58b2da7f: shutdown LeaderElection
2019-10-20 17:40:22,173 [8f18dce1-0a3d-4b65-9c78-af3d58b2da7f@group-091950D56227-LeaderElection204] INFO  impl.RoleInfo (RoleInfo.java:updateAndGet(143)) - 8f18dce1-0a3d-4b65-9c78-af3d58b2da7f: start FollowerState
2019-10-20 17:40:22,283 [Thread-1487] INFO  impl.FollowerState (FollowerState.java:run(108)) - 8f18dce1-0a3d-4b65-9c78-af3d58b2da7f@group-091950D56227-FollowerState: change to CANDIDATE, lastRpcTime:110ms, electionTimeout:110ms
2019-10-20 17:40:22,283 [Thread-1487] INFO  impl.RoleInfo (RoleInfo.java:shutdownFollowerState(121)) - 8f18dce1-0a3d-4b65-9c78-af3d58b2da7f: shutdown FollowerState
2019-10-20 17:40:22,283 [Thread-1487] INFO  impl.RaftServerImpl (RaftServerImpl.java:setRole(184)) - 8f18dce1-0a3d-4b65-9c78-af3d58b2da7f@group-091950D56227: changes role from  FOLLOWER to CANDIDATE at term 244 for changeToCandidate
2019-10-20 17:40:22,284 [Thread-1487] INFO  impl.RoleInfo (RoleInfo.java:updateAndGet(143)) - 8f18dce1-0a3d-4b65-9c78-af3d58b2da7f: start LeaderElection
2019-10-20 17:40:22,314 [8f18dce1-0a3d-4b65-9c78-af3d58b2da7f@group-091950D56227-LeaderElection205] INFO  impl.LeaderElection (LeaderElection.java:askForVotes(178)) - 8f18dce1-0a3d-4b65-9c78-af3d58b2da7f@group-091950D56227-LeaderElection205: begin an election at term 245 for -1: [8a63e1ae-032e-4bed-9f20-125a11f65413:0.0.0.0:38685, 8f18dce1-0a3d-4b65-9c78-af3d58b2da7f:0.0.0.0:42489, 7b1e61a0-7daf-43dd-99d5-9b325c1d31ae:0.0.0.0:38412], old=null
2019-10-20 17:40:22,315 [grpc-default-executor-0] INFO  impl.RaftServerImpl (RaftServerImpl.java:setRole(184)) - 7b1e61a0-7daf-43dd-99d5-9b325c1d31ae@group-091950D56227: changes role from  FOLLOWER to FOLLOWER at term 245 for recognizeCandidate:8f18dce1-0a3d-4b65-9c78-af3d58b2da7f
2019-10-20 17:40:22,315 [grpc-default-executor-1] INFO  impl.RaftServerImpl (RaftServerImpl.java:setRole(184)) - 8a63e1ae-032e-4bed-9f20-125a11f65413@group-091950D56227: changes role from  FOLLOWER to FOLLOWER at term 245 for recognizeCandidate:8f18dce1-0a3d-4b65-9c78-af3d58b2da7f
2019-10-20 17:40:22,315 [grpc-default-executor-0] INFO  impl.RoleInfo (RoleInfo.java:shutdownFollowerState(121)) - 7b1e61a0-7daf-43dd-99d5-9b325c1d31ae: shutdown FollowerState
2019-10-20 17:40:22,316 [grpc-default-executor-1] INFO  impl.RoleInfo (RoleInfo.java:shutdownFollowerState(121)) - 8a63e1ae-032e-4bed-9f20-125a11f65413: shutdown FollowerState
2019-10-20 17:40:22,316 [Thread-1486] INFO  impl.FollowerState (FollowerState.java:run(117)) - 7b1e61a0-7daf-43dd-99d5-9b325c1d31ae@group-091950D56227-FollowerState was interrupted: java.lang.InterruptedException: sleep interrupted
2019-10-20 17:40:22,316 [grpc-default-executor-0] INFO  impl.RoleInfo (RoleInfo.java:updateAndGet(143)) - 7b1e61a0-7daf-43dd-99d5-9b325c1d31ae: start FollowerState
2019-10-20 17:40:22,316 [Thread-1485] INFO  impl.FollowerState (FollowerState.java:run(117)) - 8a63e1ae-032e-4bed-9f20-125a11f65413@group-091950D56227-FollowerState was interrupted: java.lang.InterruptedException: sleep interrupted
2019-10-20 17:40:22,316 [grpc-default-executor-1] INFO  impl.RoleInfo (RoleInfo.java:updateAndGet(143)) - 8a63e1ae-032e-4bed-9f20-125a11f65413: start FollowerState
2019-10-20 17:40:22,340 [8f18dce1-0a3d-4b65-9c78-af3d58b2da7f@group-091950D56227-LeaderElection205] INFO  impl.LeaderElection (LeaderElection.java:logAndReturn(56)) - 8f18dce1-0a3d-4b65-9c78-af3d58b2da7f@group-091950D56227-LeaderElection205: Election REJECTED; received 2 response(s) [8f18dce1-0a3d-4b65-9c78-af3d58b2da7f<-8a63e1ae-032e-4bed-9f20-125a11f65413#0:FAIL-t245, 8f18dce1-0a3d-4b65-9c78-af3d58b2da7f<-7b1e61a0-7daf-43dd-99d5-9b325c1d31ae#0:FAIL-t245] and 0 exception(s); 8f18dce1-0a3d-4b65-9c78-af3d58b2da7f@group-091950D56227:t245, leader=null, voted=8f18dce1-0a3d-4b65-9c78-af3d58b2da7f, raftlog=8f18dce1-0a3d-4b65-9c78-af3d58b2da7f@group-091950D56227-SegmentedRaftLog:OPENED:c-1,f-1,i0, conf=-1: [8a63e1ae-032e-4bed-9f20-125a11f65413:0.0.0.0:38685, 8f18dce1-0a3d-4b65-9c78-af3d58b2da7f:0.0.0.0:42489, 7b1e61a0-7daf-43dd-99d5-9b325c1d31ae:0.0.0.0:38412], old=null
2019-10-20 17:40:22,340 [8f18dce1-0a3d-4b65-9c78-af3d58b2da7f@group-091950D56227-LeaderElection205] INFO  impl.RaftServerImpl (RaftServerImpl.java:setRole(184)) - 8f18dce1-0a3d-4b65-9c78-af3d58b2da7f@group-091950D56227: changes role from CANDIDATE to FOLLOWER at term 245 for DISCOVERED_A_NEW_TERM
2019-10-20 17:40:22,340 [8f18dce1-0a3d-4b65-9c78-af3d58b2da7f@group-091950D56227-LeaderElection205] INFO  impl.RoleInfo (RoleInfo.java:shutdownLeaderElection(134)) - 8f18dce1-0a3d-4b65-9c78-af3d58b2da7f: shutdown LeaderElection
2019-10-20 17:40:22,340 [8f18dce1-0a3d-4b65-9c78-af3d58b2da7f@group-091950D56227-LeaderElection205] INFO  impl.RoleInfo (RoleInfo.java:updateAndGet(143)) - 8f18dce1-0a3d-4b65-9c78-af3d58b2da7f: start FollowerState
2019-10-20 17:40:22,452 [Thread-1495] INFO  impl.FollowerState (FollowerState.java:run(108)) - 8f18dce1-0a3d-4b65-9c78-af3d58b2da7f@group-091950D56227-FollowerState: change to CANDIDATE, lastRpcTime:112ms, electionTimeout:112ms
2019-10-20 17:40:22,453 [Thread-1495] INFO  impl.RoleInfo (RoleInfo.java:shutdownFollowerState(121)) - 8f18dce1-0a3d-4b65-9c78-af3d58b2da7f: shutdown FollowerState
2019-10-20 17:40:22,453 [Thread-1495] INFO  impl.RaftServerImpl (RaftServerImpl.java:setRole(184)) - 8f18dce1-0a3d-4b65-9c78-af3d58b2da7f@group-091950D56227: changes role from  FOLLOWER to CANDIDATE at term 245 for changeToCandidate
2019-10-20 17:40:22,453 [Thread-1495] INFO  impl.RoleInfo (RoleInfo.java:updateAndGet(143)) - 8f18dce1-0a3d-4b65-9c78-af3d58b2da7f: start LeaderElection
2019-10-20 17:40:22,481 [8f18dce1-0a3d-4b65-9c78-af3d58b2da7f@group-091950D56227-LeaderElection206] INFO  impl.LeaderElection (LeaderElection.java:askForVotes(178)) - 8f18dce1-0a3d-4b65-9c78-af3d58b2da7f@group-091950D56227-LeaderElection206: begin an election at term 246 for -1: [8a63e1ae-032e-4bed-9f20-125a11f65413:0.0.0.0:38685, 8f18dce1-0a3d-4b65-9c78-af3d58b2da7f:0.0.0.0:42489, 7b1e61a0-7daf-43dd-99d5-9b325c1d31ae:0.0.0.0:38412], old=null
2019-10-20 17:40:22,483 [8f18dce1-0a3d-4b65-9c78-af3d58b2da7f@group-091950D56227-LeaderElection206] INFO  impl.LeaderElection (LeaderElection.java:logAndReturn(56)) - 8f18dce1-0a3d-4b65-9c78-af3d58b2da7f@group-091950D56227-LeaderElection206: Election TIMEOUT; received 0 response(s) [] and 0 exception(s); 8f18dce1-0a3d-4b65-9c78-af3d58b2da7f@group-091950D56227:t246, leader=null, voted=8f18dce1-0a3d-4b65-9c78-af3d58b2da7f, raftlog=8f18dce1-0a3d-4b65-9c78-af3d58b2da7f@group-091950D56227-SegmentedRaftLog:OPENED:c-1,f-1,i0, conf=-1: [8a63e1ae-032e-4bed-9f20-125a11f65413:0.0.0.0:38685, 8f18dce1-0a3d-4b65-9c78-af3d58b2da7f:0.0.0.0:42489, 7b1e61a0-7daf-43dd-99d5-9b325c1d31ae:0.0.0.0:38412], old=null
2019-10-20 17:40:22,483 [grpc-default-executor-0] INFO  impl.RaftServerImpl (RaftServerImpl.java:setRole(184)) - 7b1e61a0-7daf-43dd-99d5-9b325c1d31ae@group-091950D56227: changes role from  FOLLOWER to FOLLOWER at term 246 for recognizeCandidate:8f18dce1-0a3d-4b65-9c78-af3d58b2da7f
2019-10-20 17:40:22,483 [grpc-default-executor-1] INFO  impl.RaftServerImpl (RaftServerImpl.java:setRole(184)) - 8a63e1ae-032e-4bed-9f20-125a11f65413@group-091950D56227: changes role from  FOLLOWER to FOLLOWER at term 246 for recognizeCandidate:8f18dce1-0a3d-4b65-9c78-af3d58b2da7f
2019-10-20 17:40:22,484 [grpc-default-executor-0] INFO  impl.RoleInfo (RoleInfo.java:shutdownFollowerState(121)) - 7b1e61a0-7daf-43dd-99d5-9b325c1d31ae: shutdown FollowerState
2019-10-20 17:40:22,484 [grpc-default-executor-1] INFO  impl.RoleInfo (RoleInfo.java:shutdownFollowerState(121)) - 8a63e1ae-032e-4bed-9f20-125a11f65413: shutdown FollowerState
2019-10-20 17:40:22,484 [Thread-1493] INFO  impl.FollowerState (FollowerState.java:run(117)) - 7b1e61a0-7daf-43dd-99d5-9b325c1d31ae@group-091950D56227-FollowerState was interrupted: java.lang.InterruptedException: sleep interrupted
2019-10-20 17:40:22,484 [grpc-default-executor-0] INFO  impl.RoleInfo (RoleInfo.java:updateAndGet(143)) - 7b1e61a0-7daf-43dd-99d5-9b325c1d31ae: start FollowerState
2019-10-20 17:40:22,484 [Thread-1494] INFO  impl.FollowerState (FollowerState.java:run(117)) - 8a63e1ae-032e-4bed-9f20-125a11f65413@group-091950D56227-FollowerState was interrupted: java.lang.InterruptedException: sleep interrupted
2019-10-20 17:40:22,484 [grpc-default-executor-1] INFO  impl.RoleInfo (RoleInfo.java:updateAndGet(143)) - 8a63e1ae-032e-4bed-9f20-125a11f65413: start FollowerState
2019-10-20 17:40:22,507 [8f18dce1-0a3d-4b65-9c78-af3d58b2da7f@group-091950D56227-LeaderElection206] INFO  impl.LeaderElection (LeaderElection.java:askForVotes(178)) - 8f18dce1-0a3d-4b65-9c78-af3d58b2da7f@group-091950D56227-LeaderElection206: begin an election at term 247 for -1: [8a63e1ae-032e-4bed-9f20-125a11f65413:0.0.0.0:38685, 8f18dce1-0a3d-4b65-9c78-af3d58b2da7f:0.0.0.0:42489, 7b1e61a0-7daf-43dd-99d5-9b325c1d31ae:0.0.0.0:38412], old=null
2019-10-20 17:40:22,508 [grpc-default-executor-0] INFO  impl.RaftServerImpl (RaftServerImpl.java:setRole(184)) - 8a63e1ae-032e-4bed-9f20-125a11f65413@group-091950D56227: changes role from  FOLLOWER to FOLLOWER at term 247 for recognizeCandidate:8f18dce1-0a3d-4b65-9c78-af3d58b2da7f
2019-10-20 17:40:22,508 [grpc-default-executor-1] INFO  impl.RaftServerImpl (RaftServerImpl.java:setRole(184)) - 7b1e61a0-7daf-43dd-99d5-9b325c1d31ae@group-091950D56227: changes role from  FOLLOWER to FOLLOWER at term 247 for recognizeCandidate:8f18dce1-0a3d-4b65-9c78-af3d58b2da7f
2019-10-20 17:40:22,509 [grpc-default-executor-0] INFO  impl.RoleInfo (RoleInfo.java:shutdownFollowerState(121)) - 8a63e1ae-032e-4bed-9f20-125a11f65413: shutdown FollowerState
2019-10-20 17:40:22,509 [grpc-default-executor-1] INFO  impl.RoleInfo (RoleInfo.java:shutdownFollowerState(121)) - 7b1e61a0-7daf-43dd-99d5-9b325c1d31ae: shutdown FollowerState
2019-10-20 17:40:22,509 [Thread-1500] INFO  impl.FollowerState (FollowerState.java:run(117)) - 8a63e1ae-032e-4bed-9f20-125a11f65413@group-091950D56227-FollowerState was interrupted: java.lang.InterruptedException: sleep interrupted
2019-10-20 17:40:22,509 [grpc-default-executor-0] INFO  impl.RoleInfo (RoleInfo.java:updateAndGet(143)) - 8a63e1ae-032e-4bed-9f20-125a11f65413: start FollowerState
2019-10-20 17:40:22,509 [Thread-1499] INFO  impl.FollowerState (FollowerState.java:run(117)) - 7b1e61a0-7daf-43dd-99d5-9b325c1d31ae@group-091950D56227-FollowerState was interrupted: java.lang.InterruptedException: sleep interrupted
2019-10-20 17:40:22,509 [grpc-default-executor-1] INFO  impl.RoleInfo (RoleInfo.java:updateAndGet(143)) - 7b1e61a0-7daf-43dd-99d5-9b325c1d31ae: start FollowerState
2019-10-20 17:40:22,533 [8f18dce1-0a3d-4b65-9c78-af3d58b2da7f@group-091950D56227-LeaderElection206] INFO  impl.LeaderElection (LeaderElection.java:logAndReturn(56)) - 8f18dce1-0a3d-4b65-9c78-af3d58b2da7f@group-091950D56227-LeaderElection206: Election REJECTED; received 2 response(s) [8f18dce1-0a3d-4b65-9c78-af3d58b2da7f<-8a63e1ae-032e-4bed-9f20-125a11f65413#0:FAIL-t247, 8f18dce1-0a3d-4b65-9c78-af3d58b2da7f<-7b1e61a0-7daf-43dd-99d5-9b325c1d31ae#0:FAIL-t247] and 0 exception(s); 8f18dce1-0a3d-4b65-9c78-af3d58b2da7f@group-091950D56227:t247, leader=null, voted=8f18dce1-0a3d-4b65-9c78-af3d58b2da7f, raftlog=8f18dce1-0a3d-4b65-9c78-af3d58b2da7f@group-091950D56227-SegmentedRaftLog:OPENED:c-1,f-1,i0, conf=-1: [8a63e1ae-032e-4bed-9f20-125a11f65413:0.0.0.0:38685, 8f18dce1-0a3d-4b65-9c78-af3d58b2da7f:0.0.0.0:42489, 7b1e61a0-7daf-43dd-99d5-9b325c1d31ae:0.0.0.0:38412], old=null
2019-10-20 17:40:22,533 [8f18dce1-0a3d-4b65-9c78-af3d58b2da7f@group-091950D56227-LeaderElection206] INFO  impl.RaftServerImpl (RaftServerImpl.java:setRole(184)) - 8f18dce1-0a3d-4b65-9c78-af3d58b2da7f@group-091950D56227: changes role from CANDIDATE to FOLLOWER at term 247 for DISCOVERED_A_NEW_TERM
2019-10-20 17:40:22,533 [8f18dce1-0a3d-4b65-9c78-af3d58b2da7f@group-091950D56227-LeaderElection206] INFO  impl.RoleInfo (RoleInfo.java:shutdownLeaderElection(134)) - 8f18dce1-0a3d-4b65-9c78-af3d58b2da7f: shutdown LeaderElection
2019-10-20 17:40:22,534 [8f18dce1-0a3d-4b65-9c78-af3d58b2da7f@group-091950D56227-LeaderElection206] INFO  impl.RoleInfo (RoleInfo.java:updateAndGet(143)) - 8f18dce1-0a3d-4b65-9c78-af3d58b2da7f: start FollowerState
2019-10-20 17:40:22,717 [Thread-1505] INFO  impl.FollowerState (FollowerState.java:run(108)) - 8f18dce1-0a3d-4b65-9c78-af3d58b2da7f@group-091950D56227-FollowerState: change to CANDIDATE, lastRpcTime:183ms, electionTimeout:183ms
2019-10-20 17:40:22,718 [Thread-1505] INFO  impl.RoleInfo (RoleInfo.java:shutdownFollowerState(121)) - 8f18dce1-0a3d-4b65-9c78-af3d58b2da7f: shutdown FollowerState
2019-10-20 17:40:22,718 [Thread-1505] INFO  impl.RaftServerImpl (RaftServerImpl.java:setRole(184)) - 8f18dce1-0a3d-4b65-9c78-af3d58b2da7f@group-091950D56227: changes role from  FOLLOWER to CANDIDATE at term 247 for changeToCandidate
2019-10-20 17:40:22,719 [Thread-1505] INFO  impl.RoleInfo (RoleInfo.java:updateAndGet(143)) - 8f18dce1-0a3d-4b65-9c78-af3d58b2da7f: start LeaderElection
2019-10-20 17:40:22,750 [8f18dce1-0a3d-4b65-9c78-af3d58b2da7f@group-091950D56227-LeaderElection207] INFO  impl.LeaderElection (LeaderElection.java:askForVotes(178)) - 8f18dce1-0a3d-4b65-9c78-af3d58b2da7f@group-091950D56227-LeaderElection207: begin an election at term 248 for -1: [8a63e1ae-032e-4bed-9f20-125a11f65413:0.0.0.0:38685, 8f18dce1-0a3d-4b65-9c78-af3d58b2da7f:0.0.0.0:42489, 7b1e61a0-7daf-43dd-99d5-9b325c1d31ae:0.0.0.0:38412], old=null
2019-10-20 17:40:22,755 [grpc-default-executor-1] INFO  impl.RaftServerImpl (RaftServerImpl.java:setRole(184)) - 8a63e1ae-032e-4bed-9f20-125a11f65413@group-091950D56227: changes role from  FOLLOWER to FOLLOWER at term 248 for recognizeCandidate:8f18dce1-0a3d-4b65-9c78-af3d58b2da7f
2019-10-20 17:40:22,755 [grpc-default-executor-0] INFO  impl.RaftServerImpl (RaftServerImpl.java:setRole(184)) - 7b1e61a0-7daf-43dd-99d5-9b325c1d31ae@group-091950D56227: changes role from  FOLLOWER to FOLLOWER at term 248 for recognizeCandidate:8f18dce1-0a3d-4b65-9c78-af3d58b2da7f
2019-10-20 17:40:22,756 [grpc-default-executor-1] INFO  impl.RoleInfo (RoleInfo.java:shutdownFollowerState(121)) - 8a63e1ae-032e-4bed-9f20-125a11f65413: shutdown FollowerState
2019-10-20 17:40:22,756 [grpc-default-executor-0] INFO  impl.RoleInfo (RoleInfo.java:shutdownFollowerState(121)) - 7b1e61a0-7daf-43dd-99d5-9b325c1d31ae: shutdown FollowerState
2019-10-20 17:40:22,756 [grpc-default-executor-1] INFO  impl.RoleInfo (RoleInfo.java:updateAndGet(143)) - 8a63e1ae-032e-4bed-9f20-125a11f65413: start FollowerState
2019-10-20 17:40:22,756 [Thread-1504] INFO  impl.FollowerState (FollowerState.java:run(117)) - 7b1e61a0-7daf-43dd-99d5-9b325c1d31ae@group-091950D56227-FollowerState was interrupted: java.lang.InterruptedException: sleep interrupted
2019-10-20 17:40:22,756 [Thread-1503] INFO  impl.FollowerState (FollowerState.java:run(117)) - 8a63e1ae-032e-4bed-9f20-125a11f65413@group-091950D56227-FollowerState was interrupted: java.lang.InterruptedException: sleep interrupted
2019-10-20 17:40:22,756 [grpc-default-executor-0] INFO  impl.RoleInfo (RoleInfo.java:updateAndGet(143)) - 7b1e61a0-7daf-43dd-99d5-9b325c1d31ae: start FollowerState
2019-10-20 17:40:22,785 [8f18dce1-0a3d-4b65-9c78-af3d58b2da7f@group-091950D56227-LeaderElection207] INFO  impl.LeaderElection (LeaderElection.java:logAndReturn(56)) - 8f18dce1-0a3d-4b65-9c78-af3d58b2da7f@group-091950D56227-LeaderElection207: Election REJECTED; received 2 response(s) [8f18dce1-0a3d-4b65-9c78-af3d58b2da7f<-8a63e1ae-032e-4bed-9f20-125a11f65413#0:FAIL-t248, 8f18dce1-0a3d-4b65-9c78-af3d58b2da7f<-7b1e61a0-7daf-43dd-99d5-9b325c1d31ae#0:FAIL-t248] and 0 exception(s); 8f18dce1-0a3d-4b65-9c78-af3d58b2da7f@group-091950D56227:t248, leader=null, voted=8f18dce1-0a3d-4b65-9c78-af3d58b2da7f, raftlog=8f18dce1-0a3d-4b65-9c78-af3d58b2da7f@group-091950D56227-SegmentedRaftLog:OPENED:c-1,f-1,i0, conf=-1: [8a63e1ae-032e-4bed-9f20-125a11f65413:0.0.0.0:38685, 8f18dce1-0a3d-4b65-9c78-af3d58b2da7f:0.0.0.0:42489, 7b1e61a0-7daf-43dd-99d5-9b325c1d31ae:0.0.0.0:38412], old=null
2019-10-20 17:40:22,786 [8f18dce1-0a3d-4b65-9c78-af3d58b2da7f@group-091950D56227-LeaderElection207] INFO  impl.RaftServerImpl (RaftServerImpl.java:setRole(184)) - 8f18dce1-0a3d-4b65-9c78-af3d58b2da7f@group-091950D56227: changes role from CANDIDATE to FOLLOWER at term 248 for DISCOVERED_A_NEW_TERM
2019-10-20 17:40:22,786 [8f18dce1-0a3d-4b65-9c78-af3d58b2da7f@group-091950D56227-LeaderElection207] INFO  impl.RoleInfo (RoleInfo.java:shutdownLeaderElection(134)) - 8f18dce1-0a3d-4b65-9c78-af3d58b2da7f: shutdown LeaderElection
2019-10-20 17:40:22,786 [8f18dce1-0a3d-4b65-9c78-af3d58b2da7f@group-091950D56227-LeaderElection207] INFO  impl.RoleInfo (RoleInfo.java:updateAndGet(143)) - 8f18dce1-0a3d-4b65-9c78-af3d58b2da7f: start FollowerState
2019-10-20 17:40:22,946 [Thread-1511] INFO  impl.FollowerState (FollowerState.java:run(108)) - 8f18dce1-0a3d-4b65-9c78-af3d58b2da7f@group-091950D56227-FollowerState: change to CANDIDATE, lastRpcTime:160ms, electionTimeout:160ms
2019-10-20 17:40:22,946 [Thread-1511] INFO  impl.RoleInfo (RoleInfo.java:shutdownFollowerState(121)) - 8f18dce1-0a3d-4b65-9c78-af3d58b2da7f: shutdown FollowerState
2019-10-20 17:40:22,946 [Thread-1511] INFO  impl.RaftServerImpl (RaftServerImpl.java:setRole(184)) - 8f18dce1-0a3d-4b65-9c78-af3d58b2da7f@group-091950D56227: changes role from  FOLLOWER to CANDIDATE at term 248 for changeToCandidate
2019-10-20 17:40:22,947 [Thread-1511] INFO  impl.RoleInfo (RoleInfo.java:updateAndGet(143)) - 8f18dce1-0a3d-4b65-9c78-af3d58b2da7f: start LeaderElection
2019-10-20 17:40:22,977 [8f18dce1-0a3d-4b65-9c78-af3d58b2da7f@group-091950D56227-LeaderElection208] INFO  impl.LeaderElection (LeaderElection.java:askForVotes(178)) - 8f18dce1-0a3d-4b65-9c78-af3d58b2da7f@group-091950D56227-LeaderElection208: begin an election at term 249 for -1: [8a63e1ae-032e-4bed-9f20-125a11f65413:0.0.0.0:38685, 8f18dce1-0a3d-4b65-9c78-af3d58b2da7f:0.0.0.0:42489, 7b1e61a0-7daf-43dd-99d5-9b325c1d31ae:0.0.0.0:38412], old=null
2019-10-20 17:40:22,979 [grpc-default-executor-1] INFO  impl.RaftServerImpl (RaftServerImpl.java:setRole(184)) - 8a63e1ae-032e-4bed-9f20-125a11f65413@group-091950D56227: changes role from  FOLLOWER to FOLLOWER at term 249 for recognizeCandidate:8f18dce1-0a3d-4b65-9c78-af3d58b2da7f
2019-10-20 17:40:22,979 [grpc-default-executor-0] INFO  impl.RaftServerImpl (RaftServerImpl.java:setRole(184)) - 7b1e61a0-7daf-43dd-99d5-9b325c1d31ae@group-091950D56227: changes role from  FOLLOWER to FOLLOWER at term 249 for recognizeCandidate:8f18dce1-0a3d-4b65-9c78-af3d58b2da7f
2019-10-20 17:40:22,979 [grpc-default-executor-1] INFO  impl.RoleInfo (RoleInfo.java:shutdownFollowerState(121)) - 8a63e1ae-032e-4bed-9f20-125a11f65413: shutdown FollowerState
2019-10-20 17:40:22,979 [grpc-default-executor-0] INFO  impl.RoleInfo (RoleInfo.java:shutdownFollowerState(121)) - 7b1e61a0-7daf-43dd-99d5-9b325c1d31ae: shutdown FollowerState
2019-10-20 17:40:22,979 [Thread-1509] INFO  impl.FollowerState (FollowerState.java:run(117)) - 8a63e1ae-032e-4bed-9f20-125a11f65413@group-091950D56227-FollowerState was interrupted: java.lang.InterruptedException: sleep interrupted
2019-10-20 17:40:22,979 [grpc-default-executor-1] INFO  impl.RoleInfo (RoleInfo.java:updateAndGet(143)) - 8a63e1ae-032e-4bed-9f20-125a11f65413: start FollowerState
2019-10-20 17:40:22,980 [Thread-1510] INFO  impl.FollowerState (FollowerState.java:run(117)) - 7b1e61a0-7daf-43dd-99d5-9b325c1d31ae@group-091950D56227-FollowerState was interrupted: java.lang.InterruptedException: sleep interrupted
2019-10-20 17:40:22,980 [grpc-default-executor-0] INFO  impl.RoleInfo (RoleInfo.java:updateAndGet(143)) - 7b1e61a0-7daf-43dd-99d5-9b325c1d31ae: start FollowerState
2019-10-20 17:40:23,004 [8f18dce1-0a3d-4b65-9c78-af3d58b2da7f@group-091950D56227-LeaderElection208] INFO  impl.LeaderElection (LeaderElection.java:logAndReturn(56)) - 8f18dce1-0a3d-4b65-9c78-af3d58b2da7f@group-091950D56227-LeaderElection208: Election REJECTED; received 2 response(s) [8f18dce1-0a3d-4b65-9c78-af3d58b2da7f<-8a63e1ae-032e-4bed-9f20-125a11f65413#0:FAIL-t249, 8f18dce1-0a3d-4b65-9c78-af3d58b2da7f<-7b1e61a0-7daf-43dd-99d5-9b325c1d31ae#0:FAIL-t249] and 0 exception(s); 8f18dce1-0a3d-4b65-9c78-af3d58b2da7f@group-091950D56227:t249, leader=null, voted=8f18dce1-0a3d-4b65-9c78-af3d58b2da7f, raftlog=8f18dce1-0a3d-4b65-9c78-af3d58b2da7f@group-091950D56227-SegmentedRaftLog:OPENED:c-1,f-1,i0, conf=-1: [8a63e1ae-032e-4bed-9f20-125a11f65413:0.0.0.0:38685, 8f18dce1-0a3d-4b65-9c78-af3d58b2da7f:0.0.0.0:42489, 7b1e61a0-7daf-43dd-99d5-9b325c1d31ae:0.0.0.0:38412], old=null
2019-10-20 17:40:23,004 [8f18dce1-0a3d-4b65-9c78-af3d58b2da7f@group-091950D56227-LeaderElection208] INFO  impl.RaftServerImpl (RaftServerImpl.java:setRole(184)) - 8f18dce1-0a3d-4b65-9c78-af3d58b2da7f@group-091950D56227: changes role from CANDIDATE to FOLLOWER at term 249 for DISCOVERED_A_NEW_TERM
2019-10-20 17:40:23,004 [8f18dce1-0a3d-4b65-9c78-af3d58b2da7f@group-091950D56227-LeaderElection208] INFO  impl.RoleInfo (RoleInfo.java:shutdownLeaderElection(134)) - 8f18dce1-0a3d-4b65-9c78-af3d58b2da7f: shutdown LeaderElection
2019-10-20 17:40:23,004 [8f18dce1-0a3d-4b65-9c78-af3d58b2da7f@group-091950D56227-LeaderElection208] INFO  impl.RoleInfo (RoleInfo.java:updateAndGet(143)) - 8f18dce1-0a3d-4b65-9c78-af3d58b2da7f: start FollowerState
2019-10-20 17:40:23,035 [Thread-1517] INFO  impl.FollowerState (FollowerState.java:run(108)) - 8f18dce1-0a3d-4b65-9c78-af3d58b2da7f@group-091950D56227-FollowerState: change to CANDIDATE, lastRpcTime:31ms, electionTimeout:31ms
2019-10-20 17:40:23,035 [Thread-1517] INFO  impl.RoleInfo (RoleInfo.java:shutdownFollowerState(121)) - 8f18dce1-0a3d-4b65-9c78-af3d58b2da7f: shutdown FollowerState
2019-10-20 17:40:23,036 [Thread-1517] INFO  impl.RaftServerImpl (RaftServerImpl.java:setRole(184)) - 8f18dce1-0a3d-4b65-9c78-af3d58b2da7f@group-091950D56227: changes role from  FOLLOWER to CANDIDATE at term 249 for changeToCandidate
2019-10-20 17:40:23,036 [Thread-1517] INFO  impl.RoleInfo (RoleInfo.java:updateAndGet(143)) - 8f18dce1-0a3d-4b65-9c78-af3d58b2da7f: start LeaderElection
2019-10-20 17:40:23,062 [8f18dce1-0a3d-4b65-9c78-af3d58b2da7f@group-091950D56227-LeaderElection209] INFO  impl.LeaderElection (LeaderElection.java:askForVotes(178)) - 8f18dce1-0a3d-4b65-9c78-af3d58b2da7f@group-091950D56227-LeaderElection209: begin an election at term 250 for -1: [8a63e1ae-032e-4bed-9f20-125a11f65413:0.0.0.0:38685, 8f18dce1-0a3d-4b65-9c78-af3d58b2da7f:0.0.0.0:42489, 7b1e61a0-7daf-43dd-99d5-9b325c1d31ae:0.0.0.0:38412], old=null
2019-10-20 17:40:23,065 [grpc-default-executor-1] INFO  impl.RaftServerImpl (RaftServerImpl.java:setRole(184)) - 7b1e61a0-7daf-43dd-99d5-9b325c1d31ae@group-091950D56227: changes role from  FOLLOWER to FOLLOWER at term 250 for recognizeCandidate:8f18dce1-0a3d-4b65-9c78-af3d58b2da7f
2019-10-20 17:40:23,065 [grpc-default-executor-1] INFO  impl.RoleInfo (RoleInfo.java:shutdownFollowerState(121)) - 7b1e61a0-7daf-43dd-99d5-9b325c1d31ae: shutdown FollowerState
2019-10-20 17:40:23,065 [grpc-default-executor-0] INFO  impl.RaftServerImpl (RaftServerImpl.java:setRole(184)) - 8a63e1ae-032e-4bed-9f20-125a11f65413@group-091950D56227: changes role from  FOLLOWER to FOLLOWER at term 250 for recognizeCandidate:8f18dce1-0a3d-4b65-9c78-af3d58b2da7f
2019-10-20 17:40:23,065 [Thread-1516] INFO  impl.FollowerState (FollowerState.java:run(117)) - 7b1e61a0-7daf-43dd-99d5-9b325c1d31ae@group-091950D56227-FollowerState was interrupted: java.lang.InterruptedException: sleep interrupted
2019-10-20 17:40:23,065 [grpc-default-executor-1] INFO  impl.RoleInfo (RoleInfo.java:updateAndGet(143)) - 7b1e61a0-7daf-43dd-99d5-9b325c1d31ae: start FollowerState
2019-10-20 17:40:23,065 [grpc-default-executor-0] INFO  impl.RoleInfo (RoleInfo.java:shutdownFollowerState(121)) - 8a63e1ae-032e-4bed-9f20-125a11f65413: shutdown FollowerState
2019-10-20 17:40:23,066 [grpc-default-executor-0] INFO  impl.RoleInfo (RoleInfo.java:updateAndGet(143)) - 8a63e1ae-032e-4bed-9f20-125a11f65413: start FollowerState
2019-10-20 17:40:23,066 [Thread-1515] INFO  impl.FollowerState (FollowerState.java:run(117)) - 8a63e1ae-032e-4bed-9f20-125a11f65413@group-091950D56227-FollowerState was interrupted: java.lang.InterruptedException: sleep interrupted
2019-10-20 17:40:23,089 [8f18dce1-0a3d-4b65-9c78-af3d58b2da7f@group-091950D56227-LeaderElection209] INFO  impl.LeaderElection (LeaderElection.java:logAndReturn(56)) - 8f18dce1-0a3d-4b65-9c78-af3d58b2da7f@group-091950D56227-LeaderElection209: Election REJECTED; received 2 response(s) [8f18dce1-0a3d-4b65-9c78-af3d58b2da7f<-8a63e1ae-032e-4bed-9f20-125a11f65413#0:FAIL-t250, 8f18dce1-0a3d-4b65-9c78-af3d58b2da7f<-7b1e61a0-7daf-43dd-99d5-9b325c1d31ae#0:FAIL-t250] and 0 exception(s); 8f18dce1-0a3d-4b65-9c78-af3d58b2da7f@group-091950D56227:t250, leader=null, voted=8f18dce1-0a3d-4b65-9c78-af3d58b2da7f, raftlog=8f18dce1-0a3d-4b65-9c78-af3d58b2da7f@group-091950D56227-SegmentedRaftLog:OPENED:c-1,f-1,i0, conf=-1: [8a63e1ae-032e-4bed-9f20-125a11f65413:0.0.0.0:38685, 8f18dce1-0a3d-4b65-9c78-af3d58b2da7f:0.0.0.0:42489, 7b1e61a0-7daf-43dd-99d5-9b325c1d31ae:0.0.0.0:38412], old=null
2019-10-20 17:40:23,089 [8f18dce1-0a3d-4b65-9c78-af3d58b2da7f@group-091950D56227-LeaderElection209] INFO  impl.RaftServerImpl (RaftServerImpl.java:setRole(184)) - 8f18dce1-0a3d-4b65-9c78-af3d58b2da7f@group-091950D56227: changes role from CANDIDATE to FOLLOWER at term 250 for DISCOVERED_A_NEW_TERM
2019-10-20 17:40:23,090 [8f18dce1-0a3d-4b65-9c78-af3d58b2da7f@group-091950D56227-LeaderElection209] INFO  impl.RoleInfo (RoleInfo.java:shutdownLeaderElection(134)) - 8f18dce1-0a3d-4b65-9c78-af3d58b2da7f: shutdown LeaderElection
2019-10-20 17:40:23,090 [8f18dce1-0a3d-4b65-9c78-af3d58b2da7f@group-091950D56227-LeaderElection209] INFO  impl.RoleInfo (RoleInfo.java:updateAndGet(143)) - 8f18dce1-0a3d-4b65-9c78-af3d58b2da7f: start FollowerState
2019-10-20 17:40:23,139 [Thread-1523] INFO  impl.FollowerState (FollowerState.java:run(108)) - 8f18dce1-0a3d-4b65-9c78-af3d58b2da7f@group-091950D56227-FollowerState: change to CANDIDATE, lastRpcTime:49ms, electionTimeout:49ms
2019-10-20 17:40:23,139 [Thread-1523] INFO  impl.RoleInfo (RoleInfo.java:shutdownFollowerState(121)) - 8f18dce1-0a3d-4b65-9c78-af3d58b2da7f: shutdown FollowerState
2019-10-20 17:40:23,139 [Thread-1523] INFO  impl.RaftServerImpl (RaftServerImpl.java:setRole(184)) - 8f18dce1-0a3d-4b65-9c78-af3d58b2da7f@group-091950D56227: changes role from  FOLLOWER to CANDIDATE at term 250 for changeToCandidate
2019-10-20 17:40:23,140 [Thread-1523] INFO  impl.RoleInfo (RoleInfo.java:updateAndGet(143)) - 8f18dce1-0a3d-4b65-9c78-af3d58b2da7f: start LeaderElection
2019-10-20 17:40:23,163 [8f18dce1-0a3d-4b65-9c78-af3d58b2da7f@group-091950D56227-LeaderElection210] INFO  impl.LeaderElection (LeaderElection.java:askForVotes(178)) - 8f18dce1-0a3d-4b65-9c78-af3d58b2da7f@group-091950D56227-LeaderElection210: begin an election at term 251 for -1: [8a63e1ae-032e-4bed-9f20-125a11f65413:0.0.0.0:38685, 8f18dce1-0a3d-4b65-9c78-af3d58b2da7f:0.0.0.0:42489, 7b1e61a0-7daf-43dd-99d5-9b325c1d31ae:0.0.0.0:38412], old=null
2019-10-20 17:40:23,166 [grpc-default-executor-0] INFO  impl.RaftServerImpl (RaftServerImpl.java:setRole(184)) - 7b1e61a0-7daf-43dd-99d5-9b325c1d31ae@group-091950D56227: changes role from  FOLLOWER to FOLLOWER at term 251 for recognizeCandidate:8f18dce1-0a3d-4b65-9c78-af3d58b2da7f
2019-10-20 17:40:23,166 [grpc-default-executor-0] INFO  impl.RoleInfo (RoleInfo.java:shutdownFollowerState(121)) - 7b1e61a0-7daf-43dd-99d5-9b325c1d31ae: shutdown FollowerState
2019-10-20 17:40:23,166 [grpc-default-executor-1] INFO  impl.RaftServerImpl (RaftServerImpl.java:setRole(184)) - 8a63e1ae-032e-4bed-9f20-125a11f65413@group-091950D56227: changes role from  FOLLOWER to FOLLOWER at term 251 for recognizeCandidate:8f18dce1-0a3d-4b65-9c78-af3d58b2da7f
2019-10-20 17:40:23,166 [grpc-default-executor-1] INFO  impl.RoleInfo (RoleInfo.java:shutdownFollowerState(121)) - 8a63e1ae-032e-4bed-9f20-125a11f65413: shutdown FollowerState
2019-10-20 17:40:23,166 [Thread-1521] INFO  impl.FollowerState (FollowerState.java:run(117)) - 7b1e61a0-7daf-43dd-99d5-9b325c1d31ae@group-091950D56227-FollowerState was interrupted: java.lang.InterruptedException: sleep interrupted
2019-10-20 17:40:23,166 [grpc-default-executor-0] INFO  impl.RoleInfo (RoleInfo.java:updateAndGet(143)) - 7b1e61a0-7daf-43dd-99d5-9b325c1d31ae: start FollowerState
2019-10-20 17:40:23,166 [Thread-1522] INFO  impl.FollowerState (FollowerState.java:run(117)) - 8a63e1ae-032e-4bed-9f20-125a11f65413@group-091950D56227-FollowerState was interrupted: java.lang.InterruptedException: sleep interrupted
2019-10-20 17:40:23,166 [grpc-default-executor-1] INFO  impl.RoleInfo (RoleInfo.java:updateAndGet(143)) - 8a63e1ae-032e-4bed-9f20-125a11f65413: start FollowerState
2019-10-20 17:40:23,190 [8f18dce1-0a3d-4b65-9c78-af3d58b2da7f@group-091950D56227-LeaderElection210] INFO  impl.LeaderElection (LeaderElection.java:logAndReturn(56)) - 8f18dce1-0a3d-4b65-9c78-af3d58b2da7f@group-091950D56227-LeaderElection210: Election REJECTED; received 2 response(s) [8f18dce1-0a3d-4b65-9c78-af3d58b2da7f<-8a63e1ae-032e-4bed-9f20-125a11f65413#0:FAIL-t251, 8f18dce1-0a3d-4b65-9c78-af3d58b2da7f<-7b1e61a0-7daf-43dd-99d5-9b325c1d31ae#0:FAIL-t251] and 0 exception(s); 8f18dce1-0a3d-4b65-9c78-af3d58b2da7f@group-091950D56227:t251, leader=null, voted=8f18dce1-0a3d-4b65-9c78-af3d58b2da7f, raftlog=8f18dce1-0a3d-4b65-9c78-af3d58b2da7f@group-091950D56227-SegmentedRaftLog:OPENED:c-1,f-1,i0, conf=-1: [8a63e1ae-032e-4bed-9f20-125a11f65413:0.0.0.0:38685, 8f18dce1-0a3d-4b65-9c78-af3d58b2da7f:0.0.0.0:42489, 7b1e61a0-7daf-43dd-99d5-9b325c1d31ae:0.0.0.0:38412], old=null
2019-10-20 17:40:23,190 [8f18dce1-0a3d-4b65-9c78-af3d58b2da7f@group-091950D56227-LeaderElection210] INFO  impl.RaftServerImpl (RaftServerImpl.java:setRole(184)) - 8f18dce1-0a3d-4b65-9c78-af3d58b2da7f@group-091950D56227: changes role from CANDIDATE to FOLLOWER at term 251 for DISCOVERED_A_NEW_TERM
2019-10-20 17:40:23,190 [8f18dce1-0a3d-4b65-9c78-af3d58b2da7f@group-091950D56227-LeaderElection210] INFO  impl.RoleInfo (RoleInfo.java:shutdownLeaderElection(134)) - 8f18dce1-0a3d-4b65-9c78-af3d58b2da7f: shutdown LeaderElection
2019-10-20 17:40:23,190 [8f18dce1-0a3d-4b65-9c78-af3d58b2da7f@group-091950D56227-LeaderElection210] INFO  impl.RoleInfo (RoleInfo.java:updateAndGet(143)) - 8f18dce1-0a3d-4b65-9c78-af3d58b2da7f: start FollowerState
2019-10-20 17:40:23,350 [Thread-1529] INFO  impl.FollowerState (FollowerState.java:run(108)) - 8f18dce1-0a3d-4b65-9c78-af3d58b2da7f@group-091950D56227-FollowerState: change to CANDIDATE, lastRpcTime:159ms, electionTimeout:159ms
2019-10-20 17:40:23,350 [Thread-1529] INFO  impl.RoleInfo (RoleInfo.java:shutdownFollowerState(121)) - 8f18dce1-0a3d-4b65-9c78-af3d58b2da7f: shutdown FollowerState
2019-10-20 17:40:23,350 [Thread-1529] INFO  impl.RaftServerImpl (RaftServerImpl.java:setRole(184)) - 8f18dce1-0a3d-4b65-9c78-af3d58b2da7f@group-091950D56227: changes role from  FOLLOWER to CANDIDATE at term 251 for changeToCandidate
2019-10-20 17:40:23,350 [Thread-1529] INFO  impl.RoleInfo (RoleInfo.java:updateAndGet(143)) - 8f18dce1-0a3d-4b65-9c78-af3d58b2da7f: start LeaderElection
2019-10-20 17:40:23,382 [8f18dce1-0a3d-4b65-9c78-af3d58b2da7f@group-091950D56227-LeaderElection211] INFO  impl.LeaderElection (LeaderElection.java:askForVotes(178)) - 8f18dce1-0a3d-4b65-9c78-af3d58b2da7f@group-091950D56227-LeaderElection211: begin an election at term 252 for -1: [8a63e1ae-032e-4bed-9f20-125a11f65413:0.0.0.0:38685, 8f18dce1-0a3d-4b65-9c78-af3d58b2da7f:0.0.0.0:42489, 7b1e61a0-7daf-43dd-99d5-9b325c1d31ae:0.0.0.0:38412], old=null
2019-10-20 17:40:23,384 [grpc-default-executor-0] INFO  impl.RaftServerImpl (RaftServerImpl.java:setRole(184)) - 8a63e1ae-032e-4bed-9f20-125a11f65413@group-091950D56227: changes role from  FOLLOWER to FOLLOWER at term 252 for recognizeCandidate:8f18dce1-0a3d-4b65-9c78-af3d58b2da7f
2019-10-20 17:40:23,384 [grpc-default-executor-1] INFO  impl.RaftServerImpl (RaftServerImpl.java:setRole(184)) - 7b1e61a0-7daf-43dd-99d5-9b325c1d31ae@group-091950D56227: changes role from  FOLLOWER to FOLLOWER at term 252 for recognizeCandidate:8f18dce1-0a3d-4b65-9c78-af3d58b2da7f
2019-10-20 17:40:23,384 [grpc-default-executor-0] INFO  impl.RoleInfo (RoleInfo.java:shutdownFollowerState(121)) - 8a63e1ae-032e-4bed-9f20-125a11f65413: shutdown FollowerState
2019-10-20 17:40:23,384 [grpc-default-executor-1] INFO  impl.RoleInfo (RoleInfo.java:shutdownFollowerState(121)) - 7b1e61a0-7daf-43dd-99d5-9b325c1d31ae: shutdown FollowerState
2019-10-20 17:40:23,384 [grpc-default-executor-0] INFO  impl.RoleInfo (RoleInfo.java:updateAndGet(143)) - 8a63e1ae-032e-4bed-9f20-125a11f65413: start FollowerState
2019-10-20 17:40:23,384 [Thread-1527] INFO  impl.FollowerState (FollowerState.java:run(117)) - 7b1e61a0-7daf-43dd-99d5-9b325c1d31ae@group-091950D56227-FollowerState was interrupted: java.lang.InterruptedException: sleep interrupted
2019-10-20 17:40:23,384 [grpc-default-executor-1] INFO  impl.RoleInfo (RoleInfo.java:updateAndGet(143)) - 7b1e61a0-7daf-43dd-99d5-9b325c1d31ae: start FollowerState
2019-10-20 17:40:23,384 [Thread-1528] INFO  impl.FollowerState (FollowerState.java:run(117)) - 8a63e1ae-032e-4bed-9f20-125a11f65413@group-091950D56227-FollowerState was interrupted: java.lang.InterruptedException: sleep interrupted
2019-10-20 17:40:23,399 [8f18dce1-0a3d-4b65-9c78-af3d58b2da7f@group-091950D56227-LeaderElection211] INFO  impl.LeaderElection (LeaderElection.java:logAndReturn(56)) - 8f18dce1-0a3d-4b65-9c78-af3d58b2da7f@group-091950D56227-LeaderElection211: Election TIMEOUT; received 0 response(s) [] and 0 exception(s); 8f18dce1-0a3d-4b65-9c78-af3d58b2da7f@group-091950D56227:t252, leader=null, voted=8f18dce1-0a3d-4b65-9c78-af3d58b2da7f, raftlog=8f18dce1-0a3d-4b65-9c78-af3d58b2da7f@group-091950D56227-SegmentedRaftLog:OPENED:c-1,f-1,i0, conf=-1: [8a63e1ae-032e-4bed-9f20-125a11f65413:0.0.0.0:38685, 8f18dce1-0a3d-4b65-9c78-af3d58b2da7f:0.0.0.0:42489, 7b1e61a0-7daf-43dd-99d5-9b325c1d31ae:0.0.0.0:38412], old=null
2019-10-20 17:40:23,424 [8f18dce1-0a3d-4b65-9c78-af3d58b2da7f@group-091950D56227-LeaderElection211] INFO  impl.LeaderElection (LeaderElection.java:askForVotes(178)) - 8f18dce1-0a3d-4b65-9c78-af3d58b2da7f@group-091950D56227-LeaderElection211: begin an election at term 253 for -1: [8a63e1ae-032e-4bed-9f20-125a11f65413:0.0.0.0:38685, 8f18dce1-0a3d-4b65-9c78-af3d58b2da7f:0.0.0.0:42489, 7b1e61a0-7daf-43dd-99d5-9b325c1d31ae:0.0.0.0:38412], old=null
2019-10-20 17:40:23,426 [grpc-default-executor-1] INFO  impl.RaftServerImpl (RaftServerImpl.java:setRole(184)) - 7b1e61a0-7daf-43dd-99d5-9b325c1d31ae@group-091950D56227: changes role from  FOLLOWER to FOLLOWER at term 253 for recognizeCandidate:8f18dce1-0a3d-4b65-9c78-af3d58b2da7f
2019-10-20 17:40:23,426 [grpc-default-executor-0] INFO  impl.RaftServerImpl (RaftServerImpl.java:setRole(184)) - 8a63e1ae-032e-4bed-9f20-125a11f65413@group-091950D56227: changes role from  FOLLOWER to FOLLOWER at term 253 for recognizeCandidate:8f18dce1-0a3d-4b65-9c78-af3d58b2da7f
2019-10-20 17:40:23,427 [grpc-default-executor-1] INFO  impl.RoleInfo (RoleInfo.java:shutdownFollowerState(121)) - 7b1e61a0-7daf-43dd-99d5-9b325c1d31ae: shutdown FollowerState
2019-10-20 17:40:23,427 [grpc-default-executor-0] INFO  impl.RoleInfo (RoleInfo.java:shutdownFollowerState(121)) - 8a63e1ae-032e-4bed-9f20-125a11f65413: shutdown FollowerState
2019-10-20 17:40:23,427 [Thread-1536] INFO  impl.FollowerState (FollowerState.java:run(117)) - 7b1e61a0-7daf-43dd-99d5-9b325c1d31ae@group-091950D56227-FollowerState was interrupted: java.lang.InterruptedException: sleep interrupted
2019-10-20 17:40:23,427 [grpc-default-executor-1] INFO  impl.RoleInfo (RoleInfo.java:updateAndGet(143)) - 7b1e61a0-7daf-43dd-99d5-9b325c1d31ae: start FollowerState
2019-10-20 17:40:23,427 [Thread-1535] INFO  impl.FollowerState (FollowerState.java:run(117)) - 8a63e1ae-032e-4bed-9f20-125a11f65413@group-091950D56227-FollowerState was interrupted: java.lang.InterruptedException: sleep interrupted
2019-10-20 17:40:23,427 [grpc-default-executor-0] INFO  impl.RoleInfo (RoleInfo.java:updateAndGet(143)) - 8a63e1ae-032e-4bed-9f20-125a11f65413: start FollowerState
2019-10-20 17:40:23,451 [8f18dce1-0a3d-4b65-9c78-af3d58b2da7f@group-091950D56227-LeaderElection211] INFO  impl.LeaderElection (LeaderElection.java:logAndReturn(56)) - 8f18dce1-0a3d-4b65-9c78-af3d58b2da7f@group-091950D56227-LeaderElection211: Election REJECTED; received 2 response(s) [8f18dce1-0a3d-4b65-9c78-af3d58b2da7f<-8a63e1ae-032e-4bed-9f20-125a11f65413#0:FAIL-t253, 8f18dce1-0a3d-4b65-9c78-af3d58b2da7f<-7b1e61a0-7daf-43dd-99d5-9b325c1d31ae#0:FAIL-t253] and 0 exception(s); 8f18dce1-0a3d-4b65-9c78-af3d58b2da7f@group-091950D56227:t253, leader=null, voted=8f18dce1-0a3d-4b65-9c78-af3d58b2da7f, raftlog=8f18dce1-0a3d-4b65-9c78-af3d58b2da7f@group-091950D56227-SegmentedRaftLog:OPENED:c-1,f-1,i0, conf=-1: [8a63e1ae-032e-4bed-9f20-125a11f65413:0.0.0.0:38685, 8f18dce1-0a3d-4b65-9c78-af3d58b2da7f:0.0.0.0:42489, 7b1e61a0-7daf-43dd-99d5-9b325c1d31ae:0.0.0.0:38412], old=null
2019-10-20 17:40:23,451 [8f18dce1-0a3d-4b65-9c78-af3d58b2da7f@group-091950D56227-LeaderElection211] INFO  impl.RaftServerImpl (RaftServerImpl.java:setRole(184)) - 8f18dce1-0a3d-4b65-9c78-af3d58b2da7f@group-091950D56227: changes role from CANDIDATE to FOLLOWER at term 253 for DISCOVERED_A_NEW_TERM
2019-10-20 17:40:23,451 [8f18dce1-0a3d-4b65-9c78-af3d58b2da7f@group-091950D56227-LeaderElection211] INFO  impl.RoleInfo (RoleInfo.java:shutdownLeaderElection(134)) - 8f18dce1-0a3d-4b65-9c78-af3d58b2da7f: shutdown LeaderElection
2019-10-20 17:40:23,451 [8f18dce1-0a3d-4b65-9c78-af3d58b2da7f@group-091950D56227-LeaderElection211] INFO  impl.RoleInfo (RoleInfo.java:updateAndGet(143)) - 8f18dce1-0a3d-4b65-9c78-af3d58b2da7f: start FollowerState
2019-10-20 17:40:23,596 [Thread-1541] INFO  impl.FollowerState (FollowerState.java:run(108)) - 8f18dce1-0a3d-4b65-9c78-af3d58b2da7f@group-091950D56227-FollowerState: change to CANDIDATE, lastRpcTime:144ms, electionTimeout:144ms
2019-10-20 17:40:23,596 [Thread-1541] INFO  impl.RoleInfo (RoleInfo.java:shutdownFollowerState(121)) - 8f18dce1-0a3d-4b65-9c78-af3d58b2da7f: shutdown FollowerState
2019-10-20 17:40:23,596 [Thread-1541] INFO  impl.RaftServerImpl (RaftServerImpl.java:setRole(184)) - 8f18dce1-0a3d-4b65-9c78-af3d58b2da7f@group-091950D56227: changes role from  FOLLOWER to CANDIDATE at term 253 for changeToCandidate
2019-10-20 17:40:23,596 [Thread-1541] INFO  impl.RoleInfo (RoleInfo.java:updateAndGet(143)) - 8f18dce1-0a3d-4b65-9c78-af3d58b2da7f: start LeaderElection
2019-10-20 17:40:23,626 [8f18dce1-0a3d-4b65-9c78-af3d58b2da7f@group-091950D56227-LeaderElection212] INFO  impl.LeaderElection (LeaderElection.java:askForVotes(178)) - 8f18dce1-0a3d-4b65-9c78-af3d58b2da7f@group-091950D56227-LeaderElection212: begin an election at term 254 for -1: [8a63e1ae-032e-4bed-9f20-125a11f65413:0.0.0.0:38685, 8f18dce1-0a3d-4b65-9c78-af3d58b2da7f:0.0.0.0:42489, 7b1e61a0-7daf-43dd-99d5-9b325c1d31ae:0.0.0.0:38412], old=null
2019-10-20 17:40:23,628 [grpc-default-executor-1] INFO  impl.RaftServerImpl (RaftServerImpl.java:setRole(184)) - 7b1e61a0-7daf-43dd-99d5-9b325c1d31ae@group-091950D56227: changes role from  FOLLOWER to FOLLOWER at term 254 for recognizeCandidate:8f18dce1-0a3d-4b65-9c78-af3d58b2da7f
2019-10-20 17:40:23,628 [grpc-default-executor-2] INFO  impl.RaftServerImpl (RaftServerImpl.java:setRole(184)) - 8a63e1ae-032e-4bed-9f20-125a11f65413@group-091950D56227: changes role from  FOLLOWER to FOLLOWER at term 254 for recognizeCandidate:8f18dce1-0a3d-4b65-9c78-af3d58b2da7f
2019-10-20 17:40:23,628 [grpc-default-executor-1] INFO  impl.RoleInfo (RoleInfo.java:shutdownFollowerState(121)) - 7b1e61a0-7daf-43dd-99d5-9b325c1d31ae: shutdown FollowerState
2019-10-20 17:40:23,628 [grpc-default-executor-2] INFO  impl.RoleInfo (RoleInfo.java:shutdownFollowerState(121)) - 8a63e1ae-032e-4bed-9f20-125a11f65413: shutdown FollowerState
2019-10-20 17:40:23,629 [Thread-1539] INFO  impl.FollowerState (FollowerState.java:run(117)) - 7b1e61a0-7daf-43dd-99d5-9b325c1d31ae@group-091950D56227-FollowerState was interrupted: java.lang.InterruptedException: sleep interrupted
2019-10-20 17:40:23,629 [grpc-default-executor-1] INFO  impl.RoleInfo (RoleInfo.java:updateAndGet(143)) - 7b1e61a0-7daf-43dd-99d5-9b325c1d31ae: start FollowerState
2019-10-20 17:40:23,629 [Thread-1540] INFO  impl.FollowerState (FollowerState.java:run(117)) - 8a63e1ae-032e-4bed-9f20-125a11f65413@group-091950D56227-FollowerState was interrupted: java.lang.InterruptedException: sleep interrupted
2019-10-20 17:40:23,629 [grpc-default-executor-2] INFO  impl.RoleInfo (RoleInfo.java:updateAndGet(143)) - 8a63e1ae-032e-4bed-9f20-125a11f65413: start FollowerState
2019-10-20 17:40:23,652 [8f18dce1-0a3d-4b65-9c78-af3d58b2da7f@group-091950D56227-LeaderElection212] INFO  impl.LeaderElection (LeaderElection.java:logAndReturn(56)) - 8f18dce1-0a3d-4b65-9c78-af3d58b2da7f@group-091950D56227-LeaderElection212: Election REJECTED; received 2 response(s) [8f18dce1-0a3d-4b65-9c78-af3d58b2da7f<-8a63e1ae-032e-4bed-9f20-125a11f65413#0:FAIL-t254, 8f18dce1-0a3d-4b65-9c78-af3d58b2da7f<-7b1e61a0-7daf-43dd-99d5-9b325c1d31ae#0:FAIL-t254] and 0 exception(s); 8f18dce1-0a3d-4b65-9c78-af3d58b2da7f@group-091950D56227:t254, leader=null, voted=8f18dce1-0a3d-4b65-9c78-af3d58b2da7f, raftlog=8f18dce1-0a3d-4b65-9c78-af3d58b2da7f@group-091950D56227-SegmentedRaftLog:OPENED:c-1,f-1,i0, conf=-1: [8a63e1ae-032e-4bed-9f20-125a11f65413:0.0.0.0:38685, 8f18dce1-0a3d-4b65-9c78-af3d58b2da7f:0.0.0.0:42489, 7b1e61a0-7daf-43dd-99d5-9b325c1d31ae:0.0.0.0:38412], old=null
2019-10-20 17:40:23,652 [8f18dce1-0a3d-4b65-9c78-af3d58b2da7f@group-091950D56227-LeaderElection212] INFO  impl.RaftServerImpl (RaftServerImpl.java:setRole(184)) - 8f18dce1-0a3d-4b65-9c78-af3d58b2da7f@group-091950D56227: changes role from CANDIDATE to FOLLOWER at term 254 for DISCOVERED_A_NEW_TERM
2019-10-20 17:40:23,652 [8f18dce1-0a3d-4b65-9c78-af3d58b2da7f@group-091950D56227-LeaderElection212] INFO  impl.RoleInfo (RoleInfo.java:shutdownLeaderElection(134)) - 8f18dce1-0a3d-4b65-9c78-af3d58b2da7f: shutdown LeaderElection
2019-10-20 17:40:23,652 [8f18dce1-0a3d-4b65-9c78-af3d58b2da7f@group-091950D56227-LeaderElection212] INFO  impl.RoleInfo (RoleInfo.java:updateAndGet(143)) - 8f18dce1-0a3d-4b65-9c78-af3d58b2da7f: start FollowerState
2019-10-20 17:40:23,687 [Thread-1547] INFO  impl.FollowerState (FollowerState.java:run(108)) - 8f18dce1-0a3d-4b65-9c78-af3d58b2da7f@group-091950D56227-FollowerState: change to CANDIDATE, lastRpcTime:34ms, electionTimeout:34ms
2019-10-20 17:40:23,687 [Thread-1547] INFO  impl.RoleInfo (RoleInfo.java:shutdownFollowerState(121)) - 8f18dce1-0a3d-4b65-9c78-af3d58b2da7f: shutdown FollowerState
2019-10-20 17:40:23,687 [Thread-1547] INFO  impl.RaftServerImpl (RaftServerImpl.java:setRole(184)) - 8f18dce1-0a3d-4b65-9c78-af3d58b2da7f@group-091950D56227: changes role from  FOLLOWER to CANDIDATE at term 254 for changeToCandidate
2019-10-20 17:40:23,687 [Thread-1547] INFO  impl.RoleInfo (RoleInfo.java:updateAndGet(143)) - 8f18dce1-0a3d-4b65-9c78-af3d58b2da7f: start LeaderElection
2019-10-20 17:40:23,719 [8f18dce1-0a3d-4b65-9c78-af3d58b2da7f@group-091950D56227-LeaderElection213] INFO  impl.LeaderElection (LeaderElection.java:askForVotes(178)) - 8f18dce1-0a3d-4b65-9c78-af3d58b2da7f@group-091950D56227-LeaderElection213: begin an election at term 255 for -1: [8a63e1ae-032e-4bed-9f20-125a11f65413:0.0.0.0:38685, 8f18dce1-0a3d-4b65-9c78-af3d58b2da7f:0.0.0.0:42489, 7b1e61a0-7daf-43dd-99d5-9b325c1d31ae:0.0.0.0:38412], old=null
2019-10-20 17:40:23,721 [grpc-default-executor-2] INFO  impl.RaftServerImpl (RaftServerImpl.java:setRole(184)) - 7b1e61a0-7daf-43dd-99d5-9b325c1d31ae@group-091950D56227: changes role from  FOLLOWER to FOLLOWER at term 255 for recognizeCandidate:8f18dce1-0a3d-4b65-9c78-af3d58b2da7f
2019-10-20 17:40:23,721 [grpc-default-executor-1] INFO  impl.RaftServerImpl (RaftServerImpl.java:setRole(184)) - 8a63e1ae-032e-4bed-9f20-125a11f65413@group-091950D56227: changes role from  FOLLOWER to FOLLOWER at term 255 for recognizeCandidate:8f18dce1-0a3d-4b65-9c78-af3d58b2da7f
2019-10-20 17:40:23,721 [grpc-default-executor-2] INFO  impl.RoleInfo (RoleInfo.java:shutdownFollowerState(121)) - 7b1e61a0-7daf-43dd-99d5-9b325c1d31ae: shutdown FollowerState
2019-10-20 17:40:23,721 [grpc-default-executor-1] INFO  impl.RoleInfo (RoleInfo.java:shutdownFollowerState(121)) - 8a63e1ae-032e-4bed-9f20-125a11f65413: shutdown FollowerState
2019-10-20 17:40:23,722 [Thread-1545] INFO  impl.FollowerState (FollowerState.java:run(117)) - 7b1e61a0-7daf-43dd-99d5-9b325c1d31ae@group-091950D56227-FollowerState was interrupted: java.lang.InterruptedException: sleep interrupted
2019-10-20 17:40:23,721 [grpc-default-executor-2] INFO  impl.RoleInfo (RoleInfo.java:updateAndGet(143)) - 7b1e61a0-7daf-43dd-99d5-9b325c1d31ae: start FollowerState
2019-10-20 17:40:23,722 [Thread-1546] INFO  impl.FollowerState (FollowerState.java:run(117)) - 8a63e1ae-032e-4bed-9f20-125a11f65413@group-091950D56227-FollowerState was interrupted: java.lang.InterruptedException: sleep interrupted
2019-10-20 17:40:23,722 [grpc-default-executor-1] INFO  impl.RoleInfo (RoleInfo.java:updateAndGet(143)) - 8a63e1ae-032e-4bed-9f20-125a11f65413: start FollowerState
2019-10-20 17:40:23,745 [8f18dce1-0a3d-4b65-9c78-af3d58b2da7f@group-091950D56227-LeaderElection213] INFO  impl.LeaderElection (LeaderElection.java:logAndReturn(56)) - 8f18dce1-0a3d-4b65-9c78-af3d58b2da7f@group-091950D56227-LeaderElection213: Election REJECTED; received 2 response(s) [8f18dce1-0a3d-4b65-9c78-af3d58b2da7f<-8a63e1ae-032e-4bed-9f20-125a11f65413#0:FAIL-t255, 8f18dce1-0a3d-4b65-9c78-af3d58b2da7f<-7b1e61a0-7daf-43dd-99d5-9b325c1d31ae#0:FAIL-t255] and 0 exception(s); 8f18dce1-0a3d-4b65-9c78-af3d58b2da7f@group-091950D56227:t255, leader=null, voted=8f18dce1-0a3d-4b65-9c78-af3d58b2da7f, raftlog=8f18dce1-0a3d-4b65-9c78-af3d58b2da7f@group-091950D56227-SegmentedRaftLog:OPENED:c-1,f-1,i0, conf=-1: [8a63e1ae-032e-4bed-9f20-125a11f65413:0.0.0.0:38685, 8f18dce1-0a3d-4b65-9c78-af3d58b2da7f:0.0.0.0:42489, 7b1e61a0-7daf-43dd-99d5-9b325c1d31ae:0.0.0.0:38412], old=null
2019-10-20 17:40:23,745 [8f18dce1-0a3d-4b65-9c78-af3d58b2da7f@group-091950D56227-LeaderElection213] INFO  impl.RaftServerImpl (RaftServerImpl.java:setRole(184)) - 8f18dce1-0a3d-4b65-9c78-af3d58b2da7f@group-091950D56227: changes role from CANDIDATE to FOLLOWER at term 255 for DISCOVERED_A_NEW_TERM
2019-10-20 17:40:23,746 [8f18dce1-0a3d-4b65-9c78-af3d58b2da7f@group-091950D56227-LeaderElection213] INFO  impl.RoleInfo (RoleInfo.java:shutdownLeaderElection(134)) - 8f18dce1-0a3d-4b65-9c78-af3d58b2da7f: shutdown LeaderElection
2019-10-20 17:40:23,746 [8f18dce1-0a3d-4b65-9c78-af3d58b2da7f@group-091950D56227-LeaderElection213] INFO  impl.RoleInfo (RoleInfo.java:updateAndGet(143)) - 8f18dce1-0a3d-4b65-9c78-af3d58b2da7f: start FollowerState
2019-10-20 17:40:23,872 [Thread-1553] INFO  impl.FollowerState (FollowerState.java:run(108)) - 8f18dce1-0a3d-4b65-9c78-af3d58b2da7f@group-091950D56227-FollowerState: change to CANDIDATE, lastRpcTime:126ms, electionTimeout:126ms
2019-10-20 17:40:23,873 [Thread-1553] INFO  impl.RoleInfo (RoleInfo.java:shutdownFollowerState(121)) - 8f18dce1-0a3d-4b65-9c78-af3d58b2da7f: shutdown FollowerState
2019-10-20 17:40:23,873 [Thread-1553] INFO  impl.RaftServerImpl (RaftServerImpl.java:setRole(184)) - 8f18dce1-0a3d-4b65-9c78-af3d58b2da7f@group-091950D56227: changes role from  FOLLOWER to CANDIDATE at term 255 for changeToCandidate
2019-10-20 17:40:23,873 [Thread-1553] INFO  impl.RoleInfo (RoleInfo.java:updateAndGet(143)) - 8f18dce1-0a3d-4b65-9c78-af3d58b2da7f: start LeaderElection
2019-10-20 17:40:23,903 [8f18dce1-0a3d-4b65-9c78-af3d58b2da7f@group-091950D56227-LeaderElection214] INFO  impl.LeaderElection (LeaderElection.java:askForVotes(178)) - 8f18dce1-0a3d-4b65-9c78-af3d58b2da7f@group-091950D56227-LeaderElection214: begin an election at term 256 for -1: [8a63e1ae-032e-4bed-9f20-125a11f65413:0.0.0.0:38685, 8f18dce1-0a3d-4b65-9c78-af3d58b2da7f:0.0.0.0:42489, 7b1e61a0-7daf-43dd-99d5-9b325c1d31ae:0.0.0.0:38412], old=null
2019-10-20 17:40:23,910 [grpc-default-executor-2] INFO  impl.RaftServerImpl (RaftServerImpl.java:setRole(184)) - 7b1e61a0-7daf-43dd-99d5-9b325c1d31ae@group-091950D56227: changes role from  FOLLOWER to FOLLOWER at term 256 for recognizeCandidate:8f18dce1-0a3d-4b65-9c78-af3d58b2da7f
2019-10-20 17:40:23,911 [grpc-default-executor-2] INFO  impl.RoleInfo (RoleInfo.java:shutdownFollowerState(121)) - 7b1e61a0-7daf-43dd-99d5-9b325c1d31ae: shutdown FollowerState
2019-10-20 17:40:23,911 [grpc-default-executor-2] INFO  impl.RoleInfo (RoleInfo.java:updateAndGet(143)) - 7b1e61a0-7daf-43dd-99d5-9b325c1d31ae: start FollowerState
2019-10-20 17:40:23,910 [grpc-default-executor-1] INFO  impl.RaftServerImpl (RaftServerImpl.java:setRole(184)) - 8a63e1ae-032e-4bed-9f20-125a11f65413@group-091950D56227: changes role from  FOLLOWER to FOLLOWER at term 256 for recognizeCandidate:8f18dce1-0a3d-4b65-9c78-af3d58b2da7f
2019-10-20 17:40:23,912 [grpc-default-executor-1] INFO  impl.RoleInfo (RoleInfo.java:shutdownFollowerState(121)) - 8a63e1ae-032e-4bed-9f20-125a11f65413: shutdown FollowerState
2019-10-20 17:40:23,911 [Thread-1551] INFO  impl.FollowerState (FollowerState.java:run(117)) - 7b1e61a0-7daf-43dd-99d5-9b325c1d31ae@group-091950D56227-FollowerState was interrupted: java.lang.InterruptedException: sleep interrupted
2019-10-20 17:40:23,913 [Thread-1552] INFO  impl.FollowerState (FollowerState.java:run(117)) - 8a63e1ae-032e-4bed-9f20-125a11f65413@group-091950D56227-FollowerState was interrupted: java.lang.InterruptedException: sleep interrupted
2019-10-20 17:40:23,913 [grpc-default-executor-1] INFO  impl.RoleInfo (RoleInfo.java:updateAndGet(143)) - 8a63e1ae-032e-4bed-9f20-125a11f65413: start FollowerState
2019-10-20 17:40:23,939 [8f18dce1-0a3d-4b65-9c78-af3d58b2da7f@group-091950D56227-LeaderElection214] INFO  impl.LeaderElection (LeaderElection.java:logAndReturn(56)) - 8f18dce1-0a3d-4b65-9c78-af3d58b2da7f@group-091950D56227-LeaderElection214: Election REJECTED; received 2 response(s) [8f18dce1-0a3d-4b65-9c78-af3d58b2da7f<-8a63e1ae-032e-4bed-9f20-125a11f65413#0:FAIL-t256, 8f18dce1-0a3d-4b65-9c78-af3d58b2da7f<-7b1e61a0-7daf-43dd-99d5-9b325c1d31ae#0:FAIL-t256] and 0 exception(s); 8f18dce1-0a3d-4b65-9c78-af3d58b2da7f@group-091950D56227:t256, leader=null, voted=8f18dce1-0a3d-4b65-9c78-af3d58b2da7f, raftlog=8f18dce1-0a3d-4b65-9c78-af3d58b2da7f@group-091950D56227-SegmentedRaftLog:OPENED:c-1,f-1,i0, conf=-1: [8a63e1ae-032e-4bed-9f20-125a11f65413:0.0.0.0:38685, 8f18dce1-0a3d-4b65-9c78-af3d58b2da7f:0.0.0.0:42489, 7b1e61a0-7daf-43dd-99d5-9b325c1d31ae:0.0.0.0:38412], old=null
2019-10-20 17:40:23,939 [8f18dce1-0a3d-4b65-9c78-af3d58b2da7f@group-091950D56227-LeaderElection214] INFO  impl.RaftServerImpl (RaftServerImpl.java:setRole(184)) - 8f18dce1-0a3d-4b65-9c78-af3d58b2da7f@group-091950D56227: changes role from CANDIDATE to FOLLOWER at term 256 for DISCOVERED_A_NEW_TERM
2019-10-20 17:40:23,940 [8f18dce1-0a3d-4b65-9c78-af3d58b2da7f@group-091950D56227-LeaderElection214] INFO  impl.RoleInfo (RoleInfo.java:shutdownLeaderElection(134)) - 8f18dce1-0a3d-4b65-9c78-af3d58b2da7f: shutdown LeaderElection
2019-10-20 17:40:23,940 [8f18dce1-0a3d-4b65-9c78-af3d58b2da7f@group-091950D56227-LeaderElection214] INFO  impl.RoleInfo (RoleInfo.java:updateAndGet(143)) - 8f18dce1-0a3d-4b65-9c78-af3d58b2da7f: start FollowerState
2019-10-20 17:40:24,127 [Thread-1559] INFO  impl.FollowerState (FollowerState.java:run(108)) - 8f18dce1-0a3d-4b65-9c78-af3d58b2da7f@group-091950D56227-FollowerState: change to CANDIDATE, lastRpcTime:187ms, electionTimeout:187ms
2019-10-20 17:40:24,127 [Thread-1559] INFO  impl.RoleInfo (RoleInfo.java:shutdownFollowerState(121)) - 8f18dce1-0a3d-4b65-9c78-af3d58b2da7f: shutdown FollowerState
2019-10-20 17:40:24,128 [Thread-1559] INFO  impl.RaftServerImpl (RaftServerImpl.java:setRole(184)) - 8f18dce1-0a3d-4b65-9c78-af3d58b2da7f@group-091950D56227: changes role from  FOLLOWER to CANDIDATE at term 256 for changeToCandidate
2019-10-20 17:40:24,128 [Thread-1559] INFO  impl.RoleInfo (RoleInfo.java:updateAndGet(143)) - 8f18dce1-0a3d-4b65-9c78-af3d58b2da7f: start LeaderElection
2019-10-20 17:40:24,155 [8f18dce1-0a3d-4b65-9c78-af3d58b2da7f@group-091950D56227-LeaderElection215] INFO  impl.LeaderElection (LeaderElection.java:askForVotes(178)) - 8f18dce1-0a3d-4b65-9c78-af3d58b2da7f@group-091950D56227-LeaderElection215: begin an election at term 257 for -1: [8a63e1ae-032e-4bed-9f20-125a11f65413:0.0.0.0:38685, 8f18dce1-0a3d-4b65-9c78-af3d58b2da7f:0.0.0.0:42489, 7b1e61a0-7daf-43dd-99d5-9b325c1d31ae:0.0.0.0:38412], old=null
2019-10-20 17:40:24,158 [grpc-default-executor-2] INFO  impl.RaftServerImpl (RaftServerImpl.java:setRole(184)) - 7b1e61a0-7daf-43dd-99d5-9b325c1d31ae@group-091950D56227: changes role from  FOLLOWER to FOLLOWER at term 257 for recognizeCandidate:8f18dce1-0a3d-4b65-9c78-af3d58b2da7f
2019-10-20 17:40:24,158 [grpc-default-executor-1] INFO  impl.RaftServerImpl (RaftServerImpl.java:setRole(184)) - 8a63e1ae-032e-4bed-9f20-125a11f65413@group-091950D56227: changes role from  FOLLOWER to FOLLOWER at term 257 for recognizeCandidate:8f18dce1-0a3d-4b65-9c78-af3d58b2da7f
2019-10-20 17:40:24,158 [grpc-default-executor-2] INFO  impl.RoleInfo (RoleInfo.java:shutdownFollowerState(121)) - 7b1e61a0-7daf-43dd-99d5-9b325c1d31ae: shutdown FollowerState
2019-10-20 17:40:24,159 [grpc-default-executor-1] INFO  impl.RoleInfo (RoleInfo.java:shutdownFollowerState(121)) - 8a63e1ae-032e-4bed-9f20-125a11f65413: shutdown FollowerState
2019-10-20 17:40:24,159 [Thread-1557] INFO  impl.FollowerState (FollowerState.java:run(117)) - 7b1e61a0-7daf-43dd-99d5-9b325c1d31ae@group-091950D56227-FollowerState was interrupted: java.lang.InterruptedException: sleep interrupted
2019-10-20 17:40:24,159 [grpc-default-executor-2] INFO  impl.RoleInfo (RoleInfo.java:updateAndGet(143)) - 7b1e61a0-7daf-43dd-99d5-9b325c1d31ae: start FollowerState
2019-10-20 17:40:24,159 [grpc-default-executor-1] INFO  impl.RoleInfo (RoleInfo.java:updateAndGet(143)) - 8a63e1ae-032e-4bed-9f20-125a11f65413: start FollowerState
2019-10-20 17:40:24,159 [Thread-1558] INFO  impl.FollowerState (FollowerState.java:run(117)) - 8a63e1ae-032e-4bed-9f20-125a11f65413@group-091950D56227-FollowerState was interrupted: java.lang.InterruptedException: sleep interrupted
2019-10-20 17:40:24,182 [8f18dce1-0a3d-4b65-9c78-af3d58b2da7f@group-091950D56227-LeaderElection215] INFO  impl.LeaderElection (LeaderElection.java:logAndReturn(56)) - 8f18dce1-0a3d-4b65-9c78-af3d58b2da7f@group-091950D56227-LeaderElection215: Election REJECTED; received 2 response(s) [8f18dce1-0a3d-4b65-9c78-af3d58b2da7f<-8a63e1ae-032e-4bed-9f20-125a11f65413#0:FAIL-t257, 8f18dce1-0a3d-4b65-9c78-af3d58b2da7f<-7b1e61a0-7daf-43dd-99d5-9b325c1d31ae#0:FAIL-t257] and 0 exception(s); 8f18dce1-0a3d-4b65-9c78-af3d58b2da7f@group-091950D56227:t257, leader=null, voted=8f18dce1-0a3d-4b65-9c78-af3d58b2da7f, raftlog=8f18dce1-0a3d-4b65-9c78-af3d58b2da7f@group-091950D56227-SegmentedRaftLog:OPENED:c-1,f-1,i0, conf=-1: [8a63e1ae-032e-4bed-9f20-125a11f65413:0.0.0.0:38685, 8f18dce1-0a3d-4b65-9c78-af3d58b2da7f:0.0.0.0:42489, 7b1e61a0-7daf-43dd-99d5-9b325c1d31ae:0.0.0.0:38412], old=null
2019-10-20 17:40:24,182 [8f18dce1-0a3d-4b65-9c78-af3d58b2da7f@group-091950D56227-LeaderElection215] INFO  impl.RaftServerImpl (RaftServerImpl.java:setRole(184)) - 8f18dce1-0a3d-4b65-9c78-af3d58b2da7f@group-091950D56227: changes role from CANDIDATE to FOLLOWER at term 257 for DISCOVERED_A_NEW_TERM
2019-10-20 17:40:24,182 [8f18dce1-0a3d-4b65-9c78-af3d58b2da7f@group-091950D56227-LeaderElection215] INFO  impl.RoleInfo (RoleInfo.java:shutdownLeaderElection(134)) - 8f18dce1-0a3d-4b65-9c78-af3d58b2da7f: shutdown LeaderElection
2019-10-20 17:40:24,182 [8f18dce1-0a3d-4b65-9c78-af3d58b2da7f@group-091950D56227-LeaderElection215] INFO  impl.RoleInfo (RoleInfo.java:updateAndGet(143)) - 8f18dce1-0a3d-4b65-9c78-af3d58b2da7f: start FollowerState
2019-10-20 17:40:24,260 [Thread-1565] INFO  impl.FollowerState (FollowerState.java:run(108)) - 8f18dce1-0a3d-4b65-9c78-af3d58b2da7f@group-091950D56227-FollowerState: change to CANDIDATE, lastRpcTime:77ms, electionTimeout:77ms
2019-10-20 17:40:24,260 [Thread-1565] INFO  impl.RoleInfo (RoleInfo.java:shutdownFollowerState(121)) - 8f18dce1-0a3d-4b65-9c78-af3d58b2da7f: shutdown FollowerState
2019-10-20 17:40:24,260 [Thread-1565] INFO  impl.RaftServerImpl (RaftServerImpl.java:setRole(184)) - 8f18dce1-0a3d-4b65-9c78-af3d58b2da7f@group-091950D56227: changes role from  FOLLOWER to CANDIDATE at term 257 for changeToCandidate
2019-10-20 17:40:24,260 [Thread-1565] INFO  impl.RoleInfo (RoleInfo.java:updateAndGet(143)) - 8f18dce1-0a3d-4b65-9c78-af3d58b2da7f: start LeaderElection
2019-10-20 17:40:24,290 [8f18dce1-0a3d-4b65-9c78-af3d58b2da7f@group-091950D56227-LeaderElection216] INFO  impl.LeaderElection (LeaderElection.java:askForVotes(178)) - 8f18dce1-0a3d-4b65-9c78-af3d58b2da7f@group-091950D56227-LeaderElection216: begin an election at term 258 for -1: [8a63e1ae-032e-4bed-9f20-125a11f65413:0.0.0.0:38685, 8f18dce1-0a3d-4b65-9c78-af3d58b2da7f:0.0.0.0:42489, 7b1e61a0-7daf-43dd-99d5-9b325c1d31ae:0.0.0.0:38412], old=null
2019-10-20 17:40:24,291 [grpc-default-executor-2] INFO  impl.RaftServerImpl (RaftServerImpl.java:setRole(184)) - 7b1e61a0-7daf-43dd-99d5-9b325c1d31ae@group-091950D56227: changes role from  FOLLOWER to FOLLOWER at term 258 for recognizeCandidate:8f18dce1-0a3d-4b65-9c78-af3d58b2da7f
2019-10-20 17:40:24,291 [grpc-default-executor-1] INFO  impl.RaftServerImpl (RaftServerImpl.java:setRole(184)) - 8a63e1ae-032e-4bed-9f20-125a11f65413@group-091950D56227: changes role from  FOLLOWER to FOLLOWER at term 258 for recognizeCandidate:8f18dce1-0a3d-4b65-9c78-af3d58b2da7f
2019-10-20 17:40:24,292 [grpc-default-executor-2] INFO  impl.RoleInfo (RoleInfo.java:shutdownFollowerState(121)) - 7b1e61a0-7daf-43dd-99d5-9b325c1d31ae: shutdown FollowerState
2019-10-20 17:40:24,292 [grpc-default-executor-1] INFO  impl.RoleInfo (RoleInfo.java:shutdownFollowerState(121)) - 8a63e1ae-032e-4bed-9f20-125a11f65413: shutdown FollowerState
2019-10-20 17:40:24,292 [Thread-1563] INFO  impl.FollowerState (FollowerState.java:run(117)) - 7b1e61a0-7daf-43dd-99d5-9b325c1d31ae@group-091950D56227-FollowerState was interrupted: java.lang.InterruptedException: sleep interrupted
2019-10-20 17:40:24,292 [grpc-default-executor-2] INFO  impl.RoleInfo (RoleInfo.java:updateAndGet(143)) - 7b1e61a0-7daf-43dd-99d5-9b325c1d31ae: start FollowerState
2019-10-20 17:40:24,292 [Thread-1564] INFO  impl.FollowerState (FollowerState.java:run(117)) - 8a63e1ae-032e-4bed-9f20-125a11f65413@group-091950D56227-FollowerState was interrupted: java.lang.InterruptedException: sleep interrupted
2019-10-20 17:40:24,292 [grpc-default-executor-1] INFO  impl.RoleInfo (RoleInfo.java:updateAndGet(143)) - 8a63e1ae-032e-4bed-9f20-125a11f65413: start FollowerState
2019-10-20 17:40:24,316 [8f18dce1-0a3d-4b65-9c78-af3d58b2da7f@group-091950D56227-LeaderElection216] INFO  impl.LeaderElection (LeaderElection.java:logAndReturn(56)) - 8f18dce1-0a3d-4b65-9c78-af3d58b2da7f@group-091950D56227-LeaderElection216: Election REJECTED; received 2 response(s) [8f18dce1-0a3d-4b65-9c78-af3d58b2da7f<-8a63e1ae-032e-4bed-9f20-125a11f65413#0:FAIL-t258, 8f18dce1-0a3d-4b65-9c78-af3d58b2da7f<-7b1e61a0-7daf-43dd-99d5-9b325c1d31ae#0:FAIL-t258] and 0 exception(s); 8f18dce1-0a3d-4b65-9c78-af3d58b2da7f@group-091950D56227:t258, leader=null, voted=8f18dce1-0a3d-4b65-9c78-af3d58b2da7f, raftlog=8f18dce1-0a3d-4b65-9c78-af3d58b2da7f@group-091950D56227-SegmentedRaftLog:OPENED:c-1,f-1,i0, conf=-1: [8a63e1ae-032e-4bed-9f20-125a11f65413:0.0.0.0:38685, 8f18dce1-0a3d-4b65-9c78-af3d58b2da7f:0.0.0.0:42489, 7b1e61a0-7daf-43dd-99d5-9b325c1d31ae:0.0.0.0:38412], old=null
2019-10-20 17:40:24,316 [8f18dce1-0a3d-4b65-9c78-af3d58b2da7f@group-091950D56227-LeaderElection216] INFO  impl.RaftServerImpl (RaftServerImpl.java:setRole(184)) - 8f18dce1-0a3d-4b65-9c78-af3d58b2da7f@group-091950D56227: changes role from CANDIDATE to FOLLOWER at term 258 for DISCOVERED_A_NEW_TERM
2019-10-20 17:40:24,316 [8f18dce1-0a3d-4b65-9c78-af3d58b2da7f@group-091950D56227-LeaderElection216] INFO  impl.RoleInfo (RoleInfo.java:shutdownLeaderElection(134)) - 8f18dce1-0a3d-4b65-9c78-af3d58b2da7f: shutdown LeaderElection
2019-10-20 17:40:24,316 [8f18dce1-0a3d-4b65-9c78-af3d58b2da7f@group-091950D56227-LeaderElection216] INFO  impl.RoleInfo (RoleInfo.java:updateAndGet(143)) - 8f18dce1-0a3d-4b65-9c78-af3d58b2da7f: start FollowerState
2019-10-20 17:40:24,515 [Thread-1573] INFO  impl.FollowerState (FollowerState.java:run(108)) - 8f18dce1-0a3d-4b65-9c78-af3d58b2da7f@group-091950D56227-FollowerState: change to CANDIDATE, lastRpcTime:198ms, electionTimeout:198ms
2019-10-20 17:40:24,515 [Thread-1573] INFO  impl.RoleInfo (RoleInfo.java:shutdownFollowerState(121)) - 8f18dce1-0a3d-4b65-9c78-af3d58b2da7f: shutdown FollowerState
2019-10-20 17:40:24,515 [Thread-1573] INFO  impl.RaftServerImpl (RaftServerImpl.java:setRole(184)) - 8f18dce1-0a3d-4b65-9c78-af3d58b2da7f@group-091950D56227: changes role from  FOLLOWER to CANDIDATE at term 258 for changeToCandidate
2019-10-20 17:40:24,515 [Thread-1573] INFO  impl.RoleInfo (RoleInfo.java:updateAndGet(143)) - 8f18dce1-0a3d-4b65-9c78-af3d58b2da7f: start LeaderElection
2019-10-20 17:40:24,542 [8f18dce1-0a3d-4b65-9c78-af3d58b2da7f@group-091950D56227-LeaderElection217] INFO  impl.LeaderElection (LeaderElection.java:askForVotes(178)) - 8f18dce1-0a3d-4b65-9c78-af3d58b2da7f@group-091950D56227-LeaderElection217: begin an election at term 259 for -1: [8a63e1ae-032e-4bed-9f20-125a11f65413:0.0.0.0:38685, 8f18dce1-0a3d-4b65-9c78-af3d58b2da7f:0.0.0.0:42489, 7b1e61a0-7daf-43dd-99d5-9b325c1d31ae:0.0.0.0:38412], old=null
2019-10-20 17:40:24,544 [grpc-default-executor-2] INFO  impl.RaftServerImpl (RaftServerImpl.java:setRole(184)) - 8a63e1ae-032e-4bed-9f20-125a11f65413@group-091950D56227: changes role from  FOLLOWER to FOLLOWER at term 259 for recognizeCandidate:8f18dce1-0a3d-4b65-9c78-af3d58b2da7f
2019-10-20 17:40:24,544 [grpc-default-executor-1] INFO  impl.RaftServerImpl (RaftServerImpl.java:setRole(184)) - 7b1e61a0-7daf-43dd-99d5-9b325c1d31ae@group-091950D56227: changes role from  FOLLOWER to FOLLOWER at term 259 for recognizeCandidate:8f18dce1-0a3d-4b65-9c78-af3d58b2da7f
2019-10-20 17:40:24,545 [grpc-default-executor-2] INFO  impl.RoleInfo (RoleInfo.java:shutdownFollowerState(121)) - 8a63e1ae-032e-4bed-9f20-125a11f65413: shutdown FollowerState
2019-10-20 17:40:24,545 [grpc-default-executor-1] INFO  impl.RoleInfo (RoleInfo.java:shutdownFollowerState(121)) - 7b1e61a0-7daf-43dd-99d5-9b325c1d31ae: shutdown FollowerState
2019-10-20 17:40:24,545 [grpc-default-executor-2] INFO  impl.RoleInfo (RoleInfo.java:updateAndGet(143)) - 8a63e1ae-032e-4bed-9f20-125a11f65413: start FollowerState
2019-10-20 17:40:24,545 [Thread-1571] INFO  impl.FollowerState (FollowerState.java:run(117)) - 7b1e61a0-7daf-43dd-99d5-9b325c1d31ae@group-091950D56227-FollowerState was interrupted: java.lang.InterruptedException: sleep interrupted
2019-10-20 17:40:24,545 [Thread-1572] INFO  impl.FollowerState (FollowerState.java:run(117)) - 8a63e1ae-032e-4bed-9f20-125a11f65413@group-091950D56227-FollowerState was interrupted: java.lang.InterruptedException: sleep interrupted
2019-10-20 17:40:24,545 [grpc-default-executor-1] INFO  impl.RoleInfo (RoleInfo.java:updateAndGet(143)) - 7b1e61a0-7daf-43dd-99d5-9b325c1d31ae: start FollowerState
2019-10-20 17:40:24,569 [8f18dce1-0a3d-4b65-9c78-af3d58b2da7f@group-091950D56227-LeaderElection217] INFO  impl.LeaderElection (LeaderElection.java:logAndReturn(56)) - 8f18dce1-0a3d-4b65-9c78-af3d58b2da7f@group-091950D56227-LeaderElection217: Election REJECTED; received 2 response(s) [8f18dce1-0a3d-4b65-9c78-af3d58b2da7f<-8a63e1ae-032e-4bed-9f20-125a11f65413#0:FAIL-t259, 8f18dce1-0a3d-4b65-9c78-af3d58b2da7f<-7b1e61a0-7daf-43dd-99d5-9b325c1d31ae#0:FAIL-t259] and 0 exception(s); 8f18dce1-0a3d-4b65-9c78-af3d58b2da7f@group-091950D56227:t259, leader=null, voted=8f18dce1-0a3d-4b65-9c78-af3d58b2da7f, raftlog=8f18dce1-0a3d-4b65-9c78-af3d58b2da7f@group-091950D56227-SegmentedRaftLog:OPENED:c-1,f-1,i0, conf=-1: [8a63e1ae-032e-4bed-9f20-125a11f65413:0.0.0.0:38685, 8f18dce1-0a3d-4b65-9c78-af3d58b2da7f:0.0.0.0:42489, 7b1e61a0-7daf-43dd-99d5-9b325c1d31ae:0.0.0.0:38412], old=null
2019-10-20 17:40:24,569 [8f18dce1-0a3d-4b65-9c78-af3d58b2da7f@group-091950D56227-LeaderElection217] INFO  impl.RaftServerImpl (RaftServerImpl.java:setRole(184)) - 8f18dce1-0a3d-4b65-9c78-af3d58b2da7f@group-091950D56227: changes role from CANDIDATE to FOLLOWER at term 259 for DISCOVERED_A_NEW_TERM
2019-10-20 17:40:24,569 [8f18dce1-0a3d-4b65-9c78-af3d58b2da7f@group-091950D56227-LeaderElection217] INFO  impl.RoleInfo (RoleInfo.java:shutdownLeaderElection(134)) - 8f18dce1-0a3d-4b65-9c78-af3d58b2da7f: shutdown LeaderElection
2019-10-20 17:40:24,569 [8f18dce1-0a3d-4b65-9c78-af3d58b2da7f@group-091950D56227-LeaderElection217] INFO  impl.RoleInfo (RoleInfo.java:updateAndGet(143)) - 8f18dce1-0a3d-4b65-9c78-af3d58b2da7f: start FollowerState
2019-10-20 17:40:24,580 [Thread-1579] INFO  impl.FollowerState (FollowerState.java:run(108)) - 8f18dce1-0a3d-4b65-9c78-af3d58b2da7f@group-091950D56227-FollowerState: change to CANDIDATE, lastRpcTime:10ms, electionTimeout:10ms
2019-10-20 17:40:24,580 [Thread-1579] INFO  impl.RoleInfo (RoleInfo.java:shutdownFollowerState(121)) - 8f18dce1-0a3d-4b65-9c78-af3d58b2da7f: shutdown FollowerState
2019-10-20 17:40:24,580 [Thread-1579] INFO  impl.RaftServerImpl (RaftServerImpl.java:setRole(184)) - 8f18dce1-0a3d-4b65-9c78-af3d58b2da7f@group-091950D56227: changes role from  FOLLOWER to CANDIDATE at term 259 for changeToCandidate
2019-10-20 17:40:24,580 [Thread-1579] INFO  impl.RoleInfo (RoleInfo.java:updateAndGet(143)) - 8f18dce1-0a3d-4b65-9c78-af3d58b2da7f: start LeaderElection
2019-10-20 17:40:24,602 [8f18dce1-0a3d-4b65-9c78-af3d58b2da7f@group-091950D56227-LeaderElection218] INFO  impl.LeaderElection (LeaderElection.java:askForVotes(178)) - 8f18dce1-0a3d-4b65-9c78-af3d58b2da7f@group-091950D56227-LeaderElection218: begin an election at term 260 for -1: [8a63e1ae-032e-4bed-9f20-125a11f65413:0.0.0.0:38685, 8f18dce1-0a3d-4b65-9c78-af3d58b2da7f:0.0.0.0:42489, 7b1e61a0-7daf-43dd-99d5-9b325c1d31ae:0.0.0.0:38412], old=null
2019-10-20 17:40:24,604 [grpc-default-executor-2] INFO  impl.RaftServerImpl (RaftServerImpl.java:setRole(184)) - 7b1e61a0-7daf-43dd-99d5-9b325c1d31ae@group-091950D56227: changes role from  FOLLOWER to FOLLOWER at term 260 for recognizeCandidate:8f18dce1-0a3d-4b65-9c78-af3d58b2da7f
2019-10-20 17:40:24,604 [grpc-default-executor-1] INFO  impl.RaftServerImpl (RaftServerImpl.java:setRole(184)) - 8a63e1ae-032e-4bed-9f20-125a11f65413@group-091950D56227: changes role from  FOLLOWER to FOLLOWER at term 260 for recognizeCandidate:8f18dce1-0a3d-4b65-9c78-af3d58b2da7f
2019-10-20 17:40:24,604 [grpc-default-executor-2] INFO  impl.RoleInfo (RoleInfo.java:shutdownFollowerState(121)) - 7b1e61a0-7daf-43dd-99d5-9b325c1d31ae: shutdown FollowerState
2019-10-20 17:40:24,605 [grpc-default-executor-1] INFO  impl.RoleInfo (RoleInfo.java:shutdownFollowerState(121)) - 8a63e1ae-032e-4bed-9f20-125a11f65413: shutdown FollowerState
2019-10-20 17:40:24,605 [grpc-default-executor-1] INFO  impl.RoleInfo (RoleInfo.java:updateAndGet(143)) - 8a63e1ae-032e-4bed-9f20-125a11f65413: start FollowerState
2019-10-20 17:40:24,605 [Thread-1578] INFO  impl.FollowerState (FollowerState.java:run(117)) - 7b1e61a0-7daf-43dd-99d5-9b325c1d31ae@group-091950D56227-FollowerState was interrupted: java.lang.InterruptedException: sleep interrupted
2019-10-20 17:40:24,605 [grpc-default-executor-2] INFO  impl.RoleInfo (RoleInfo.java:updateAndGet(143)) - 7b1e61a0-7daf-43dd-99d5-9b325c1d31ae: start FollowerState
2019-10-20 17:40:24,605 [Thread-1577] INFO  impl.FollowerState (FollowerState.java:run(117)) - 8a63e1ae-032e-4bed-9f20-125a11f65413@group-091950D56227-FollowerState was interrupted: java.lang.InterruptedException: sleep interrupted
2019-10-20 17:40:24,629 [8f18dce1-0a3d-4b65-9c78-af3d58b2da7f@group-091950D56227-LeaderElection218] INFO  impl.LeaderElection (LeaderElection.java:logAndReturn(56)) - 8f18dce1-0a3d-4b65-9c78-af3d58b2da7f@group-091950D56227-LeaderElection218: Election REJECTED; received 2 response(s) [8f18dce1-0a3d-4b65-9c78-af3d58b2da7f<-8a63e1ae-032e-4bed-9f20-125a11f65413#0:FAIL-t260, 8f18dce1-0a3d-4b65-9c78-af3d58b2da7f<-7b1e61a0-7daf-43dd-99d5-9b325c1d31ae#0:FAIL-t260] and 0 exception(s); 8f18dce1-0a3d-4b65-9c78-af3d58b2da7f@group-091950D56227:t260, leader=null, voted=8f18dce1-0a3d-4b65-9c78-af3d58b2da7f, raftlog=8f18dce1-0a3d-4b65-9c78-af3d58b2da7f@group-091950D56227-SegmentedRaftLog:OPENED:c-1,f-1,i0, conf=-1: [8a63e1ae-032e-4bed-9f20-125a11f65413:0.0.0.0:38685, 8f18dce1-0a3d-4b65-9c78-af3d58b2da7f:0.0.0.0:42489, 7b1e61a0-7daf-43dd-99d5-9b325c1d31ae:0.0.0.0:38412], old=null
2019-10-20 17:40:24,629 [8f18dce1-0a3d-4b65-9c78-af3d58b2da7f@group-091950D56227-LeaderElection218] INFO  impl.RaftServerImpl (RaftServerImpl.java:setRole(184)) - 8f18dce1-0a3d-4b65-9c78-af3d58b2da7f@group-091950D56227: changes role from CANDIDATE to FOLLOWER at term 260 for DISCOVERED_A_NEW_TERM
2019-10-20 17:40:24,629 [8f18dce1-0a3d-4b65-9c78-af3d58b2da7f@group-091950D56227-LeaderElection218] INFO  impl.RoleInfo (RoleInfo.java:shutdownLeaderElection(134)) - 8f18dce1-0a3d-4b65-9c78-af3d58b2da7f: shutdown LeaderElection
2019-10-20 17:40:24,629 [8f18dce1-0a3d-4b65-9c78-af3d58b2da7f@group-091950D56227-LeaderElection218] INFO  impl.RoleInfo (RoleInfo.java:updateAndGet(143)) - 8f18dce1-0a3d-4b65-9c78-af3d58b2da7f: start FollowerState
2019-10-20 17:40:24,641 [Thread-1585] INFO  impl.FollowerState (FollowerState.java:run(108)) - 8f18dce1-0a3d-4b65-9c78-af3d58b2da7f@group-091950D56227-FollowerState: change to CANDIDATE, lastRpcTime:12ms, electionTimeout:12ms
2019-10-20 17:40:24,642 [Thread-1585] INFO  impl.RoleInfo (RoleInfo.java:shutdownFollowerState(121)) - 8f18dce1-0a3d-4b65-9c78-af3d58b2da7f: shutdown FollowerState
2019-10-20 17:40:24,642 [Thread-1585] INFO  impl.RaftServerImpl (RaftServerImpl.java:setRole(184)) - 8f18dce1-0a3d-4b65-9c78-af3d58b2da7f@group-091950D56227: changes role from  FOLLOWER to CANDIDATE at term 260 for changeToCandidate
2019-10-20 17:40:24,642 [Thread-1585] INFO  impl.RoleInfo (RoleInfo.java:updateAndGet(143)) - 8f18dce1-0a3d-4b65-9c78-af3d58b2da7f: start LeaderElection
2019-10-20 17:40:24,670 [8f18dce1-0a3d-4b65-9c78-af3d58b2da7f@group-091950D56227-LeaderElection219] INFO  impl.LeaderElection (LeaderElection.java:askForVotes(178)) - 8f18dce1-0a3d-4b65-9c78-af3d58b2da7f@group-091950D56227-LeaderElection219: begin an election at term 261 for -1: [8a63e1ae-032e-4bed-9f20-125a11f65413:0.0.0.0:38685, 8f18dce1-0a3d-4b65-9c78-af3d58b2da7f:0.0.0.0:42489, 7b1e61a0-7daf-43dd-99d5-9b325c1d31ae:0.0.0.0:38412], old=null
2019-10-20 17:40:24,672 [grpc-default-executor-1] INFO  impl.RaftServerImpl (RaftServerImpl.java:setRole(184)) - 7b1e61a0-7daf-43dd-99d5-9b325c1d31ae@group-091950D56227: changes role from  FOLLOWER to FOLLOWER at term 261 for recognizeCandidate:8f18dce1-0a3d-4b65-9c78-af3d58b2da7f
2019-10-20 17:40:24,673 [grpc-default-executor-1] INFO  impl.RoleInfo (RoleInfo.java:shutdownFollowerState(121)) - 7b1e61a0-7daf-43dd-99d5-9b325c1d31ae: shutdown FollowerState
2019-10-20 17:40:24,673 [grpc-default-executor-1] INFO  impl.RoleInfo (RoleInfo.java:updateAndGet(143)) - 7b1e61a0-7daf-43dd-99d5-9b325c1d31ae: start FollowerState
2019-10-20 17:40:24,673 [grpc-default-executor-2] INFO  impl.RaftServerImpl (RaftServerImpl.java:setRole(184)) - 8a63e1ae-032e-4bed-9f20-125a11f65413@group-091950D56227: changes role from  FOLLOWER to FOLLOWER at term 261 for recognizeCandidate:8f18dce1-0a3d-4b65-9c78-af3d58b2da7f
2019-10-20 17:40:24,673 [Thread-1583] INFO  impl.FollowerState (FollowerState.java:run(117)) - 7b1e61a0-7daf-43dd-99d5-9b325c1d31ae@group-091950D56227-FollowerState was interrupted: java.lang.InterruptedException: sleep interrupted
2019-10-20 17:40:24,673 [grpc-default-executor-2] INFO  impl.RoleInfo (RoleInfo.java:shutdownFollowerState(121)) - 8a63e1ae-032e-4bed-9f20-125a11f65413: shutdown FollowerState
2019-10-20 17:40:24,673 [grpc-default-executor-2] INFO  impl.RoleInfo (RoleInfo.java:updateAndGet(143)) - 8a63e1ae-032e-4bed-9f20-125a11f65413: start FollowerState
2019-10-20 17:40:24,673 [Thread-1584] INFO  impl.FollowerState (FollowerState.java:run(117)) - 8a63e1ae-032e-4bed-9f20-125a11f65413@group-091950D56227-FollowerState was interrupted: java.lang.InterruptedException: sleep interrupted
2019-10-20 17:40:24,696 [8f18dce1-0a3d-4b65-9c78-af3d58b2da7f@group-091950D56227-LeaderElection219] INFO  impl.LeaderElection (LeaderElection.java:logAndReturn(56)) - 8f18dce1-0a3d-4b65-9c78-af3d58b2da7f@group-091950D56227-LeaderElection219: Election REJECTED; received 2 response(s) [8f18dce1-0a3d-4b65-9c78-af3d58b2da7f<-8a63e1ae-032e-4bed-9f20-125a11f65413#0:FAIL-t261, 8f18dce1-0a3d-4b65-9c78-af3d58b2da7f<-7b1e61a0-7daf-43dd-99d5-9b325c1d31ae#0:FAIL-t261] and 0 exception(s); 8f18dce1-0a3d-4b65-9c78-af3d58b2da7f@group-091950D56227:t261, leader=null, voted=8f18dce1-0a3d-4b65-9c78-af3d58b2da7f, raftlog=8f18dce1-0a3d-4b65-9c78-af3d58b2da7f@group-091950D56227-SegmentedRaftLog:OPENED:c-1,f-1,i0, conf=-1: [8a63e1ae-032e-4bed-9f20-125a11f65413:0.0.0.0:38685, 8f18dce1-0a3d-4b65-9c78-af3d58b2da7f:0.0.0.0:42489, 7b1e61a0-7daf-43dd-99d5-9b325c1d31ae:0.0.0.0:38412], old=null
2019-10-20 17:40:24,697 [8f18dce1-0a3d-4b65-9c78-af3d58b2da7f@group-091950D56227-LeaderElection219] INFO  impl.RaftServerImpl (RaftServerImpl.java:setRole(184)) - 8f18dce1-0a3d-4b65-9c78-af3d58b2da7f@group-091950D56227: changes role from CANDIDATE to FOLLOWER at term 261 for DISCOVERED_A_NEW_TERM
2019-10-20 17:40:24,697 [8f18dce1-0a3d-4b65-9c78-af3d58b2da7f@group-091950D56227-LeaderElection219] INFO  impl.RoleInfo (RoleInfo.java:shutdownLeaderElection(134)) - 8f18dce1-0a3d-4b65-9c78-af3d58b2da7f: shutdown LeaderElection
2019-10-20 17:40:24,697 [8f18dce1-0a3d-4b65-9c78-af3d58b2da7f@group-091950D56227-LeaderElection219] INFO  impl.RoleInfo (RoleInfo.java:updateAndGet(143)) - 8f18dce1-0a3d-4b65-9c78-af3d58b2da7f: start FollowerState
2019-10-20 17:40:24,798 [Thread-1591] INFO  impl.FollowerState (FollowerState.java:run(108)) - 8f18dce1-0a3d-4b65-9c78-af3d58b2da7f@group-091950D56227-FollowerState: change to CANDIDATE, lastRpcTime:101ms, electionTimeout:101ms
2019-10-20 17:40:24,798 [Thread-1591] INFO  impl.RoleInfo (RoleInfo.java:shutdownFollowerState(121)) - 8f18dce1-0a3d-4b65-9c78-af3d58b2da7f: shutdown FollowerState
2019-10-20 17:40:24,798 [Thread-1591] INFO  impl.RaftServerImpl (RaftServerImpl.java:setRole(184)) - 8f18dce1-0a3d-4b65-9c78-af3d58b2da7f@group-091950D56227: changes role from  FOLLOWER to CANDIDATE at term 261 for changeToCandidate
2019-10-20 17:40:24,799 [Thread-1591] INFO  impl.RoleInfo (RoleInfo.java:updateAndGet(143)) - 8f18dce1-0a3d-4b65-9c78-af3d58b2da7f: start LeaderElection
2019-10-20 17:40:24,830 [8f18dce1-0a3d-4b65-9c78-af3d58b2da7f@group-091950D56227-LeaderElection220] INFO  impl.LeaderElection (LeaderElection.java:askForVotes(178)) - 8f18dce1-0a3d-4b65-9c78-af3d58b2da7f@group-091950D56227-LeaderElection220: begin an election at term 262 for -1: [8a63e1ae-032e-4bed-9f20-125a11f65413:0.0.0.0:38685, 8f18dce1-0a3d-4b65-9c78-af3d58b2da7f:0.0.0.0:42489, 7b1e61a0-7daf-43dd-99d5-9b325c1d31ae:0.0.0.0:38412], old=null
2019-10-20 17:40:24,832 [grpc-default-executor-1] INFO  impl.RaftServerImpl (RaftServerImpl.java:setRole(184)) - 8a63e1ae-032e-4bed-9f20-125a11f65413@group-091950D56227: changes role from  FOLLOWER to FOLLOWER at term 262 for recognizeCandidate:8f18dce1-0a3d-4b65-9c78-af3d58b2da7f
2019-10-20 17:40:24,832 [grpc-default-executor-2] INFO  impl.RaftServerImpl (RaftServerImpl.java:setRole(184)) - 7b1e61a0-7daf-43dd-99d5-9b325c1d31ae@group-091950D56227: changes role from  FOLLOWER to FOLLOWER at term 262 for recognizeCandidate:8f18dce1-0a3d-4b65-9c78-af3d58b2da7f
2019-10-20 17:40:24,832 [grpc-default-executor-1] INFO  impl.RoleInfo (RoleInfo.java:shutdownFollowerState(121)) - 8a63e1ae-032e-4bed-9f20-125a11f65413: shutdown FollowerState
2019-10-20 17:40:24,832 [grpc-default-executor-2] INFO  impl.RoleInfo (RoleInfo.java:shutdownFollowerState(121)) - 7b1e61a0-7daf-43dd-99d5-9b325c1d31ae: shutdown FollowerState
2019-10-20 17:40:24,832 [Thread-1590] INFO  impl.FollowerState (FollowerState.java:run(117)) - 8a63e1ae-032e-4bed-9f20-125a11f65413@group-091950D56227-FollowerState was interrupted: java.lang.InterruptedException: sleep interrupted
2019-10-20 17:40:24,833 [Thread-1589] INFO  impl.FollowerState (FollowerState.java:run(117)) - 7b1e61a0-7daf-43dd-99d5-9b325c1d31ae@group-091950D56227-FollowerState was interrupted: java.lang.InterruptedException: sleep interrupted
2019-10-20 17:40:24,832 [grpc-default-executor-1] INFO  impl.RoleInfo (RoleInfo.java:updateAndGet(143)) - 8a63e1ae-032e-4bed-9f20-125a11f65413: start FollowerState
2019-10-20 17:40:24,833 [grpc-default-executor-2] INFO  impl.RoleInfo (RoleInfo.java:updateAndGet(143)) - 7b1e61a0-7daf-43dd-99d5-9b325c1d31ae: start FollowerState
2019-10-20 17:40:24,857 [8f18dce1-0a3d-4b65-9c78-af3d58b2da7f@group-091950D56227-LeaderElection220] INFO  impl.LeaderElection (LeaderElection.java:logAndReturn(56)) - 8f18dce1-0a3d-4b65-9c78-af3d58b2da7f@group-091950D56227-LeaderElection220: Election REJECTED; received 2 response(s) [8f18dce1-0a3d-4b65-9c78-af3d58b2da7f<-8a63e1ae-032e-4bed-9f20-125a11f65413#0:FAIL-t262, 8f18dce1-0a3d-4b65-9c78-af3d58b2da7f<-7b1e61a0-7daf-43dd-99d5-9b325c1d31ae#0:FAIL-t262] and 0 exception(s); 8f18dce1-0a3d-4b65-9c78-af3d58b2da7f@group-091950D56227:t262, leader=null, voted=8f18dce1-0a3d-4b65-9c78-af3d58b2da7f, raftlog=8f18dce1-0a3d-4b65-9c78-af3d58b2da7f@group-091950D56227-SegmentedRaftLog:OPENED:c-1,f-1,i0, conf=-1: [8a63e1ae-032e-4bed-9f20-125a11f65413:0.0.0.0:38685, 8f18dce1-0a3d-4b65-9c78-af3d58b2da7f:0.0.0.0:42489, 7b1e61a0-7daf-43dd-99d5-9b325c1d31ae:0.0.0.0:38412], old=null
2019-10-20 17:40:24,857 [8f18dce1-0a3d-4b65-9c78-af3d58b2da7f@group-091950D56227-LeaderElection220] INFO  impl.RaftServerImpl (RaftServerImpl.java:setRole(184)) - 8f18dce1-0a3d-4b65-9c78-af3d58b2da7f@group-091950D56227: changes role from CANDIDATE to FOLLOWER at term 262 for DISCOVERED_A_NEW_TERM
2019-10-20 17:40:24,857 [8f18dce1-0a3d-4b65-9c78-af3d58b2da7f@group-091950D56227-LeaderElection220] INFO  impl.RoleInfo (RoleInfo.java:shutdownLeaderElection(134)) - 8f18dce1-0a3d-4b65-9c78-af3d58b2da7f: shutdown LeaderElection
2019-10-20 17:40:24,857 [8f18dce1-0a3d-4b65-9c78-af3d58b2da7f@group-091950D56227-LeaderElection220] INFO  impl.RoleInfo (RoleInfo.java:updateAndGet(143)) - 8f18dce1-0a3d-4b65-9c78-af3d58b2da7f: start FollowerState
2019-10-20 17:40:25,037 [Thread-1597] INFO  impl.FollowerState (FollowerState.java:run(108)) - 8f18dce1-0a3d-4b65-9c78-af3d58b2da7f@group-091950D56227-FollowerState: change to CANDIDATE, lastRpcTime:179ms, electionTimeout:179ms
2019-10-20 17:40:25,037 [Thread-1597] INFO  impl.RoleInfo (RoleInfo.java:shutdownFollowerState(121)) - 8f18dce1-0a3d-4b65-9c78-af3d58b2da7f: shutdown FollowerState
2019-10-20 17:40:25,037 [Thread-1597] INFO  impl.RaftServerImpl (RaftServerImpl.java:setRole(184)) - 8f18dce1-0a3d-4b65-9c78-af3d58b2da7f@group-091950D56227: changes role from  FOLLOWER to CANDIDATE at term 262 for changeToCandidate
2019-10-20 17:40:25,037 [Thread-1597] INFO  impl.RoleInfo (RoleInfo.java:updateAndGet(143)) - 8f18dce1-0a3d-4b65-9c78-af3d58b2da7f: start LeaderElection
2019-10-20 17:40:25,065 [8f18dce1-0a3d-4b65-9c78-af3d58b2da7f@group-091950D56227-LeaderElection221] INFO  impl.LeaderElection (LeaderElection.java:askForVotes(178)) - 8f18dce1-0a3d-4b65-9c78-af3d58b2da7f@group-091950D56227-LeaderElection221: begin an election at term 263 for -1: [8a63e1ae-032e-4bed-9f20-125a11f65413:0.0.0.0:38685, 8f18dce1-0a3d-4b65-9c78-af3d58b2da7f:0.0.0.0:42489, 7b1e61a0-7daf-43dd-99d5-9b325c1d31ae:0.0.0.0:38412], old=null
2019-10-20 17:40:25,068 [grpc-default-executor-1] INFO  impl.RaftServerImpl (RaftServerImpl.java:setRole(184)) - 8a63e1ae-032e-4bed-9f20-125a11f65413@group-091950D56227: changes role from  FOLLOWER to FOLLOWER at term 263 for recognizeCandidate:8f18dce1-0a3d-4b65-9c78-af3d58b2da7f
2019-10-20 17:40:25,068 [grpc-default-executor-1] INFO  impl.RoleInfo (RoleInfo.java:shutdownFollowerState(121)) - 8a63e1ae-032e-4bed-9f20-125a11f65413: shutdown FollowerState
2019-10-20 17:40:25,068 [grpc-default-executor-2] INFO  impl.RaftServerImpl (RaftServerImpl.java:setRole(184)) - 7b1e61a0-7daf-43dd-99d5-9b325c1d31ae@group-091950D56227: changes role from  FOLLOWER to FOLLOWER at term 263 for recognizeCandidate:8f18dce1-0a3d-4b65-9c78-af3d58b2da7f
2019-10-20 17:40:25,069 [grpc-default-executor-2] INFO  impl.RoleInfo (RoleInfo.java:shutdownFollowerState(121)) - 7b1e61a0-7daf-43dd-99d5-9b325c1d31ae: shutdown FollowerState
2019-10-20 17:40:25,068 [Thread-1595] INFO  impl.FollowerState (FollowerState.java:run(117)) - 8a63e1ae-032e-4bed-9f20-125a11f65413@group-091950D56227-FollowerState was interrupted: java.lang.InterruptedException: sleep interrupted
2019-10-20 17:40:25,068 [grpc-default-executor-1] INFO  impl.RoleInfo (RoleInfo.java:updateAndGet(143)) - 8a63e1ae-032e-4bed-9f20-125a11f65413: start FollowerState
2019-10-20 17:40:25,069 [Thread-1596] INFO  impl.FollowerState (FollowerState.java:run(117)) - 7b1e61a0-7daf-43dd-99d5-9b325c1d31ae@group-091950D56227-FollowerState was interrupted: java.lang.InterruptedException: sleep interrupted
2019-10-20 17:40:25,069 [grpc-default-executor-2] INFO  impl.RoleInfo (RoleInfo.java:updateAndGet(143)) - 7b1e61a0-7daf-43dd-99d5-9b325c1d31ae: start FollowerState
2019-10-20 17:40:25,100 [8f18dce1-0a3d-4b65-9c78-af3d58b2da7f@group-091950D56227-LeaderElection221] INFO  impl.LeaderElection (LeaderElection.java:logAndReturn(56)) - 8f18dce1-0a3d-4b65-9c78-af3d58b2da7f@group-091950D56227-LeaderElection221: Election REJECTED; received 2 response(s) [8f18dce1-0a3d-4b65-9c78-af3d58b2da7f<-8a63e1ae-032e-4bed-9f20-125a11f65413#0:FAIL-t263, 8f18dce1-0a3d-4b65-9c78-af3d58b2da7f<-7b1e61a0-7daf-43dd-99d5-9b325c1d31ae#0:FAIL-t263] and 0 exception(s); 8f18dce1-0a3d-4b65-9c78-af3d58b2da7f@group-091950D56227:t263, leader=null, voted=8f18dce1-0a3d-4b65-9c78-af3d58b2da7f, raftlog=8f18dce1-0a3d-4b65-9c78-af3d58b2da7f@group-091950D56227-SegmentedRaftLog:OPENED:c-1,f-1,i0, conf=-1: [8a63e1ae-032e-4bed-9f20-125a11f65413:0.0.0.0:38685, 8f18dce1-0a3d-4b65-9c78-af3d58b2da7f:0.0.0.0:42489, 7b1e61a0-7daf-43dd-99d5-9b325c1d31ae:0.0.0.0:38412], old=null
2019-10-20 17:40:25,100 [8f18dce1-0a3d-4b65-9c78-af3d58b2da7f@group-091950D56227-LeaderElection221] INFO  impl.RaftServerImpl (RaftServerImpl.java:setRole(184)) - 8f18dce1-0a3d-4b65-9c78-af3d58b2da7f@group-091950D56227: changes role from CANDIDATE to FOLLOWER at term 263 for DISCOVERED_A_NEW_TERM
2019-10-20 17:40:25,100 [8f18dce1-0a3d-4b65-9c78-af3d58b2da7f@group-091950D56227-LeaderElection221] INFO  impl.RoleInfo (RoleInfo.java:shutdownLeaderElection(134)) - 8f18dce1-0a3d-4b65-9c78-af3d58b2da7f: shutdown LeaderElection
2019-10-20 17:40:25,101 [8f18dce1-0a3d-4b65-9c78-af3d58b2da7f@group-091950D56227-LeaderElection221] INFO  impl.RoleInfo (RoleInfo.java:updateAndGet(143)) - 8f18dce1-0a3d-4b65-9c78-af3d58b2da7f: start FollowerState
2019-10-20 17:40:25,291 [Thread-1603] INFO  impl.FollowerState (FollowerState.java:run(108)) - 8f18dce1-0a3d-4b65-9c78-af3d58b2da7f@group-091950D56227-FollowerState: change to CANDIDATE, lastRpcTime:190ms, electionTimeout:190ms
2019-10-20 17:40:25,291 [Thread-1603] INFO  impl.RoleInfo (RoleInfo.java:shutdownFollowerState(121)) - 8f18dce1-0a3d-4b65-9c78-af3d58b2da7f: shutdown FollowerState
2019-10-20 17:40:25,291 [Thread-1603] INFO  impl.RaftServerImpl (RaftServerImpl.java:setRole(184)) - 8f18dce1-0a3d-4b65-9c78-af3d58b2da7f@group-091950D56227: changes role from  FOLLOWER to CANDIDATE at term 263 for changeToCandidate
2019-10-20 17:40:25,291 [Thread-1603] INFO  impl.RoleInfo (RoleInfo.java:updateAndGet(143)) - 8f18dce1-0a3d-4b65-9c78-af3d58b2da7f: start LeaderElection
2019-10-20 17:40:25,325 [8f18dce1-0a3d-4b65-9c78-af3d58b2da7f@group-091950D56227-LeaderElection222] INFO  impl.LeaderElection (LeaderElection.java:askForVotes(178)) - 8f18dce1-0a3d-4b65-9c78-af3d58b2da7f@group-091950D56227-LeaderElection222: begin an election at term 264 for -1: [8a63e1ae-032e-4bed-9f20-125a11f65413:0.0.0.0:38685, 8f18dce1-0a3d-4b65-9c78-af3d58b2da7f:0.0.0.0:42489, 7b1e61a0-7daf-43dd-99d5-9b325c1d31ae:0.0.0.0:38412], old=null
2019-10-20 17:40:25,328 [grpc-default-executor-2] INFO  impl.RaftServerImpl (RaftServerImpl.java:setRole(184)) - 7b1e61a0-7daf-43dd-99d5-9b325c1d31ae@group-091950D56227: changes role from  FOLLOWER to FOLLOWER at term 264 for recognizeCandidate:8f18dce1-0a3d-4b65-9c78-af3d58b2da7f
2019-10-20 17:40:25,328 [grpc-default-executor-2] INFO  impl.RoleInfo (RoleInfo.java:shutdownFollowerState(121)) - 7b1e61a0-7daf-43dd-99d5-9b325c1d31ae: shutdown FollowerState
2019-10-20 17:40:25,328 [grpc-default-executor-1] INFO  impl.RaftServerImpl (RaftServerImpl.java:setRole(184)) - 8a63e1ae-032e-4bed-9f20-125a11f65413@group-091950D56227: changes role from  FOLLOWER to FOLLOWER at term 264 for recognizeCandidate:8f18dce1-0a3d-4b65-9c78-af3d58b2da7f
2019-10-20 17:40:25,328 [Thread-1602] INFO  impl.FollowerState (FollowerState.java:run(117)) - 7b1e61a0-7daf-43dd-99d5-9b325c1d31ae@group-091950D56227-FollowerState was interrupted: java.lang.InterruptedException: sleep interrupted
2019-10-20 17:40:25,328 [grpc-default-executor-2] INFO  impl.RoleInfo (RoleInfo.java:updateAndGet(143)) - 7b1e61a0-7daf-43dd-99d5-9b325c1d31ae: start FollowerState
2019-10-20 17:40:25,328 [grpc-default-executor-1] INFO  impl.RoleInfo (RoleInfo.java:shutdownFollowerState(121)) - 8a63e1ae-032e-4bed-9f20-125a11f65413: shutdown FollowerState
2019-10-20 17:40:25,329 [grpc-default-executor-1] INFO  impl.RoleInfo (RoleInfo.java:updateAndGet(143)) - 8a63e1ae-032e-4bed-9f20-125a11f65413: start FollowerState
2019-10-20 17:40:25,329 [Thread-1601] INFO  impl.FollowerState (FollowerState.java:run(117)) - 8a63e1ae-032e-4bed-9f20-125a11f65413@group-091950D56227-FollowerState was interrupted: java.lang.InterruptedException: sleep interrupted
2019-10-20 17:40:25,360 [8f18dce1-0a3d-4b65-9c78-af3d58b2da7f@group-091950D56227-LeaderElection222] INFO  impl.LeaderElection (LeaderElection.java:logAndReturn(56)) - 8f18dce1-0a3d-4b65-9c78-af3d58b2da7f@group-091950D56227-LeaderElection222: Election REJECTED; received 2 response(s) [8f18dce1-0a3d-4b65-9c78-af3d58b2da7f<-8a63e1ae-032e-4bed-9f20-125a11f65413#0:FAIL-t264, 8f18dce1-0a3d-4b65-9c78-af3d58b2da7f<-7b1e61a0-7daf-43dd-99d5-9b325c1d31ae#0:FAIL-t264] and 0 exception(s); 8f18dce1-0a3d-4b65-9c78-af3d58b2da7f@group-091950D56227:t264, leader=null, voted=8f18dce1-0a3d-4b65-9c78-af3d58b2da7f, raftlog=8f18dce1-0a3d-4b65-9c78-af3d58b2da7f@group-091950D56227-SegmentedRaftLog:OPENED:c-1,f-1,i0, conf=-1: [8a63e1ae-032e-4bed-9f20-125a11f65413:0.0.0.0:38685, 8f18dce1-0a3d-4b65-9c78-af3d58b2da7f:0.0.0.0:42489, 7b1e61a0-7daf-43dd-99d5-9b325c1d31ae:0.0.0.0:38412], old=null
2019-10-20 17:40:25,360 [8f18dce1-0a3d-4b65-9c78-af3d58b2da7f@group-091950D56227-LeaderElection222] INFO  impl.RaftServerImpl (RaftServerImpl.java:setRole(184)) - 8f18dce1-0a3d-4b65-9c78-af3d58b2da7f@group-091950D56227: changes role from CANDIDATE to FOLLOWER at term 264 for DISCOVERED_A_NEW_TERM
2019-10-20 17:40:25,360 [8f18dce1-0a3d-4b65-9c78-af3d58b2da7f@group-091950D56227-LeaderElection222] INFO  impl.RoleInfo (RoleInfo.java:shutdownLeaderElection(134)) - 8f18dce1-0a3d-4b65-9c78-af3d58b2da7f: shutdown LeaderElection
2019-10-20 17:40:25,360 [8f18dce1-0a3d-4b65-9c78-af3d58b2da7f@group-091950D56227-LeaderElection222] INFO  impl.RoleInfo (RoleInfo.java:updateAndGet(143)) - 8f18dce1-0a3d-4b65-9c78-af3d58b2da7f: start FollowerState
2019-10-20 17:40:25,394 [Thread-1611] INFO  impl.FollowerState (FollowerState.java:run(108)) - 8f18dce1-0a3d-4b65-9c78-af3d58b2da7f@group-091950D56227-FollowerState: change to CANDIDATE, lastRpcTime:34ms, electionTimeout:34ms
2019-10-20 17:40:25,394 [Thread-1611] INFO  impl.RoleInfo (RoleInfo.java:shutdownFollowerState(121)) - 8f18dce1-0a3d-4b65-9c78-af3d58b2da7f: shutdown FollowerState
2019-10-20 17:40:25,394 [Thread-1611] INFO  impl.RaftServerImpl (RaftServerImpl.java:setRole(184)) - 8f18dce1-0a3d-4b65-9c78-af3d58b2da7f@group-091950D56227: changes role from  FOLLOWER to CANDIDATE at term 264 for changeToCandidate
2019-10-20 17:40:25,395 [Thread-1611] INFO  impl.RoleInfo (RoleInfo.java:updateAndGet(143)) - 8f18dce1-0a3d-4b65-9c78-af3d58b2da7f: start LeaderElection
2019-10-20 17:40:25,418 [8f18dce1-0a3d-4b65-9c78-af3d58b2da7f@group-091950D56227-LeaderElection223] INFO  impl.LeaderElection (LeaderElection.java:askForVotes(178)) - 8f18dce1-0a3d-4b65-9c78-af3d58b2da7f@group-091950D56227-LeaderElection223: begin an election at term 265 for -1: [8a63e1ae-032e-4bed-9f20-125a11f65413:0.0.0.0:38685, 8f18dce1-0a3d-4b65-9c78-af3d58b2da7f:0.0.0.0:42489, 7b1e61a0-7daf-43dd-99d5-9b325c1d31ae:0.0.0.0:38412], old=null
2019-10-20 17:40:25,419 [grpc-default-executor-1] INFO  impl.RaftServerImpl (RaftServerImpl.java:setRole(184)) - 8a63e1ae-032e-4bed-9f20-125a11f65413@group-091950D56227: changes role from  FOLLOWER to FOLLOWER at term 265 for recognizeCandidate:8f18dce1-0a3d-4b65-9c78-af3d58b2da7f
2019-10-20 17:40:25,419 [grpc-default-executor-1] INFO  impl.RoleInfo (RoleInfo.java:shutdownFollowerState(121)) - 8a63e1ae-032e-4bed-9f20-125a11f65413: shutdown FollowerState
2019-10-20 17:40:25,419 [grpc-default-executor-1] INFO  impl.RoleInfo (RoleInfo.java:updateAndGet(143)) - 8a63e1ae-032e-4bed-9f20-125a11f65413: start FollowerState
2019-10-20 17:40:25,420 [Thread-1610] INFO  impl.FollowerState (FollowerState.java:run(117)) - 8a63e1ae-032e-4bed-9f20-125a11f65413@group-091950D56227-FollowerState was interrupted: java.lang.InterruptedException: sleep interrupted
2019-10-20 17:40:25,420 [grpc-default-executor-2] INFO  impl.RaftServerImpl (RaftServerImpl.java:setRole(184)) - 7b1e61a0-7daf-43dd-99d5-9b325c1d31ae@group-091950D56227: changes role from  FOLLOWER to FOLLOWER at term 265 for recognizeCandidate:8f18dce1-0a3d-4b65-9c78-af3d58b2da7f
2019-10-20 17:40:25,420 [grpc-default-executor-2] INFO  impl.RoleInfo (RoleInfo.java:shutdownFollowerState(121)) - 7b1e61a0-7daf-43dd-99d5-9b325c1d31ae: shutdown FollowerState
2019-10-20 17:40:25,420 [grpc-default-executor-2] INFO  impl.RoleInfo (RoleInfo.java:updateAndGet(143)) - 7b1e61a0-7daf-43dd-99d5-9b325c1d31ae: start FollowerState
2019-10-20 17:40:25,420 [Thread-1609] INFO  impl.FollowerState (FollowerState.java:run(117)) - 7b1e61a0-7daf-43dd-99d5-9b325c1d31ae@group-091950D56227-FollowerState was interrupted: java.lang.InterruptedException: sleep interrupted
2019-10-20 17:40:25,444 [8f18dce1-0a3d-4b65-9c78-af3d58b2da7f@group-091950D56227-LeaderElection223] INFO  impl.LeaderElection (LeaderElection.java:logAndReturn(56)) - 8f18dce1-0a3d-4b65-9c78-af3d58b2da7f@group-091950D56227-LeaderElection223: Election REJECTED; received 2 response(s) [8f18dce1-0a3d-4b65-9c78-af3d58b2da7f<-8a63e1ae-032e-4bed-9f20-125a11f65413#0:FAIL-t265, 8f18dce1-0a3d-4b65-9c78-af3d58b2da7f<-7b1e61a0-7daf-43dd-99d5-9b325c1d31ae#0:FAIL-t265] and 0 exception(s); 8f18dce1-0a3d-4b65-9c78-af3d58b2da7f@group-091950D56227:t265, leader=null, voted=8f18dce1-0a3d-4b65-9c78-af3d58b2da7f, raftlog=8f18dce1-0a3d-4b65-9c78-af3d58b2da7f@group-091950D56227-SegmentedRaftLog:OPENED:c-1,f-1,i0, conf=-1: [8a63e1ae-032e-4bed-9f20-125a11f65413:0.0.0.0:38685, 8f18dce1-0a3d-4b65-9c78-af3d58b2da7f:0.0.0.0:42489, 7b1e61a0-7daf-43dd-99d5-9b325c1d31ae:0.0.0.0:38412], old=null
2019-10-20 17:40:25,444 [8f18dce1-0a3d-4b65-9c78-af3d58b2da7f@group-091950D56227-LeaderElection223] INFO  impl.RaftServerImpl (RaftServerImpl.java:setRole(184)) - 8f18dce1-0a3d-4b65-9c78-af3d58b2da7f@group-091950D56227: changes role from CANDIDATE to FOLLOWER at term 265 for DISCOVERED_A_NEW_TERM
2019-10-20 17:40:25,444 [8f18dce1-0a3d-4b65-9c78-af3d58b2da7f@group-091950D56227-LeaderElection223] INFO  impl.RoleInfo (RoleInfo.java:shutdownLeaderElection(134)) - 8f18dce1-0a3d-4b65-9c78-af3d58b2da7f: shutdown LeaderElection
2019-10-20 17:40:25,444 [8f18dce1-0a3d-4b65-9c78-af3d58b2da7f@group-091950D56227-LeaderElection223] INFO  impl.RoleInfo (RoleInfo.java:updateAndGet(143)) - 8f18dce1-0a3d-4b65-9c78-af3d58b2da7f: start FollowerState
2019-10-20 17:40:25,484 [Thread-1617] INFO  impl.FollowerState (FollowerState.java:run(108)) - 8f18dce1-0a3d-4b65-9c78-af3d58b2da7f@group-091950D56227-FollowerState: change to CANDIDATE, lastRpcTime:39ms, electionTimeout:39ms
2019-10-20 17:40:25,484 [Thread-1617] INFO  impl.RoleInfo (RoleInfo.java:shutdownFollowerState(121)) - 8f18dce1-0a3d-4b65-9c78-af3d58b2da7f: shutdown FollowerState
2019-10-20 17:40:25,484 [Thread-1617] INFO  impl.RaftServerImpl (RaftServerImpl.java:setRole(184)) - 8f18dce1-0a3d-4b65-9c78-af3d58b2da7f@group-091950D56227: changes role from  FOLLOWER to CANDIDATE at term 265 for changeToCandidate
2019-10-20 17:40:25,484 [Thread-1617] INFO  impl.RoleInfo (RoleInfo.java:updateAndGet(143)) - 8f18dce1-0a3d-4b65-9c78-af3d58b2da7f: start LeaderElection
2019-10-20 17:40:25,511 [8f18dce1-0a3d-4b65-9c78-af3d58b2da7f@group-091950D56227-LeaderElection224] INFO  impl.LeaderElection (LeaderElection.java:askForVotes(178)) - 8f18dce1-0a3d-4b65-9c78-af3d58b2da7f@group-091950D56227-LeaderElection224: begin an election at term 266 for -1: [8a63e1ae-032e-4bed-9f20-125a11f65413:0.0.0.0:38685, 8f18dce1-0a3d-4b65-9c78-af3d58b2da7f:0.0.0.0:42489, 7b1e61a0-7daf-43dd-99d5-9b325c1d31ae:0.0.0.0:38412], old=null
2019-10-20 17:40:25,513 [grpc-default-executor-2] INFO  impl.RaftServerImpl (RaftServerImpl.java:setRole(184)) - 8a63e1ae-032e-4bed-9f20-125a11f65413@group-091950D56227: changes role from  FOLLOWER to FOLLOWER at term 266 for recognizeCandidate:8f18dce1-0a3d-4b65-9c78-af3d58b2da7f
2019-10-20 17:40:25,513 [grpc-default-executor-2] INFO  impl.RoleInfo (RoleInfo.java:shutdownFollowerState(121)) - 8a63e1ae-032e-4bed-9f20-125a11f65413: shutdown FollowerState
2019-10-20 17:40:25,513 [grpc-default-executor-1] INFO  impl.RaftServerImpl (RaftServerImpl.java:setRole(184)) - 7b1e61a0-7daf-43dd-99d5-9b325c1d31ae@group-091950D56227: changes role from  FOLLOWER to FOLLOWER at term 266 for recognizeCandidate:8f18dce1-0a3d-4b65-9c78-af3d58b2da7f
2019-10-20 17:40:25,513 [Thread-1615] INFO  impl.FollowerState (FollowerState.java:run(117)) - 8a63e1ae-032e-4bed-9f20-125a11f65413@group-091950D56227-FollowerState was interrupted: java.lang.InterruptedException: sleep interrupted
2019-10-20 17:40:25,513 [grpc-default-executor-2] INFO  impl.RoleInfo (RoleInfo.java:updateAndGet(143)) - 8a63e1ae-032e-4bed-9f20-125a11f65413: start FollowerState
2019-10-20 17:40:25,513 [grpc-default-executor-1] INFO  impl.RoleInfo (RoleInfo.java:shutdownFollowerState(121)) - 7b1e61a0-7daf-43dd-99d5-9b325c1d31ae: shutdown FollowerState
2019-10-20 17:40:25,514 [grpc-default-executor-1] INFO  impl.RoleInfo (RoleInfo.java:updateAndGet(143)) - 7b1e61a0-7daf-43dd-99d5-9b325c1d31ae: start FollowerState
2019-10-20 17:40:25,514 [Thread-1616] INFO  impl.FollowerState (FollowerState.java:run(117)) - 7b1e61a0-7daf-43dd-99d5-9b325c1d31ae@group-091950D56227-FollowerState was interrupted: java.lang.InterruptedException: sleep interrupted
2019-10-20 17:40:25,538 [8f18dce1-0a3d-4b65-9c78-af3d58b2da7f@group-091950D56227-LeaderElection224] INFO  impl.LeaderElection (LeaderElection.java:logAndReturn(56)) - 8f18dce1-0a3d-4b65-9c78-af3d58b2da7f@group-091950D56227-LeaderElection224: Election REJECTED; received 2 response(s) [8f18dce1-0a3d-4b65-9c78-af3d58b2da7f<-8a63e1ae-032e-4bed-9f20-125a11f65413#0:FAIL-t266, 8f18dce1-0a3d-4b65-9c78-af3d58b2da7f<-7b1e61a0-7daf-43dd-99d5-9b325c1d31ae#0:FAIL-t266] and 0 exception(s); 8f18dce1-0a3d-4b65-9c78-af3d58b2da7f@group-091950D56227:t266, leader=null, voted=8f18dce1-0a3d-4b65-9c78-af3d58b2da7f, raftlog=8f18dce1-0a3d-4b65-9c78-af3d58b2da7f@group-091950D56227-SegmentedRaftLog:OPENED:c-1,f-1,i0, conf=-1: [8a63e1ae-032e-4bed-9f20-125a11f65413:0.0.0.0:38685, 8f18dce1-0a3d-4b65-9c78-af3d58b2da7f:0.0.0.0:42489, 7b1e61a0-7daf-43dd-99d5-9b325c1d31ae:0.0.0.0:38412], old=null
2019-10-20 17:40:25,538 [8f18dce1-0a3d-4b65-9c78-af3d58b2da7f@group-091950D56227-LeaderElection224] INFO  impl.RaftServerImpl (RaftServerImpl.java:setRole(184)) - 8f18dce1-0a3d-4b65-9c78-af3d58b2da7f@group-091950D56227: changes role from CANDIDATE to FOLLOWER at term 266 for DISCOVERED_A_NEW_TERM
2019-10-20 17:40:25,538 [8f18dce1-0a3d-4b65-9c78-af3d58b2da7f@group-091950D56227-LeaderElection224] INFO  impl.RoleInfo (RoleInfo.java:shutdownLeaderElection(134)) - 8f18dce1-0a3d-4b65-9c78-af3d58b2da7f: shutdown LeaderElection
2019-10-20 17:40:25,538 [8f18dce1-0a3d-4b65-9c78-af3d58b2da7f@group-091950D56227-LeaderElection224] INFO  impl.RoleInfo (RoleInfo.java:updateAndGet(143)) - 8f18dce1-0a3d-4b65-9c78-af3d58b2da7f: start FollowerState
2019-10-20 17:40:25,610 [Thread-1623] INFO  impl.FollowerState (FollowerState.java:run(108)) - 8f18dce1-0a3d-4b65-9c78-af3d58b2da7f@group-091950D56227-FollowerState: change to CANDIDATE, lastRpcTime:72ms, electionTimeout:72ms
2019-10-20 17:40:25,611 [Thread-1623] INFO  impl.RoleInfo (RoleInfo.java:shutdownFollowerState(121)) - 8f18dce1-0a3d-4b65-9c78-af3d58b2da7f: shutdown FollowerState
2019-10-20 17:40:25,611 [Thread-1623] INFO  impl.RaftServerImpl (RaftServerImpl.java:setRole(184)) - 8f18dce1-0a3d-4b65-9c78-af3d58b2da7f@group-091950D56227: changes role from  FOLLOWER to CANDIDATE at term 266 for changeToCandidate
2019-10-20 17:40:25,611 [Thread-1623] INFO  impl.RoleInfo (RoleInfo.java:updateAndGet(143)) - 8f18dce1-0a3d-4b65-9c78-af3d58b2da7f: start LeaderElection
2019-10-20 17:40:25,638 [8f18dce1-0a3d-4b65-9c78-af3d58b2da7f@group-091950D56227-LeaderElection225] INFO  impl.LeaderElection (LeaderElection.java:askForVotes(178)) - 8f18dce1-0a3d-4b65-9c78-af3d58b2da7f@group-091950D56227-LeaderElection225: begin an election at term 267 for -1: [8a63e1ae-032e-4bed-9f20-125a11f65413:0.0.0.0:38685, 8f18dce1-0a3d-4b65-9c78-af3d58b2da7f:0.0.0.0:42489, 7b1e61a0-7daf-43dd-99d5-9b325c1d31ae:0.0.0.0:38412], old=null
2019-10-20 17:40:25,640 [grpc-default-executor-1] INFO  impl.RaftServerImpl (RaftServerImpl.java:setRole(184)) - 7b1e61a0-7daf-43dd-99d5-9b325c1d31ae@group-091950D56227: changes role from  FOLLOWER to FOLLOWER at term 267 for recognizeCandidate:8f18dce1-0a3d-4b65-9c78-af3d58b2da7f
2019-10-20 17:40:25,640 [grpc-default-executor-1] INFO  impl.RoleInfo (RoleInfo.java:shutdownFollowerState(121)) - 7b1e61a0-7daf-43dd-99d5-9b325c1d31ae: shutdown FollowerState
2019-10-20 17:40:25,640 [grpc-default-executor-2] INFO  impl.RaftServerImpl (RaftServerImpl.java:setRole(184)) - 8a63e1ae-032e-4bed-9f20-125a11f65413@group-091950D56227: changes role from  FOLLOWER to FOLLOWER at term 267 for recognizeCandidate:8f18dce1-0a3d-4b65-9c78-af3d58b2da7f
2019-10-20 17:40:25,640 [Thread-1622] INFO  impl.FollowerState (FollowerState.java:run(117)) - 7b1e61a0-7daf-43dd-99d5-9b325c1d31ae@group-091950D56227-FollowerState was interrupted: java.lang.InterruptedException: sleep interrupted
2019-10-20 17:40:25,640 [grpc-default-executor-1] INFO  impl.RoleInfo (RoleInfo.java:updateAndGet(143)) - 7b1e61a0-7daf-43dd-99d5-9b325c1d31ae: start FollowerState
2019-10-20 17:40:25,641 [grpc-default-executor-2] INFO  impl.RoleInfo (RoleInfo.java:shutdownFollowerState(121)) - 8a63e1ae-032e-4bed-9f20-125a11f65413: shutdown FollowerState
2019-10-20 17:40:25,641 [Thread-1621] INFO  impl.FollowerState (FollowerState.java:run(117)) - 8a63e1ae-032e-4bed-9f20-125a11f65413@group-091950D56227-FollowerState was interrupted: java.lang.InterruptedException: sleep interrupted
2019-10-20 17:40:25,641 [grpc-default-executor-2] INFO  impl.RoleInfo (RoleInfo.java:updateAndGet(143)) - 8a63e1ae-032e-4bed-9f20-125a11f65413: start FollowerState
2019-10-20 17:40:25,664 [8f18dce1-0a3d-4b65-9c78-af3d58b2da7f@group-091950D56227-LeaderElection225] INFO  impl.LeaderElection (LeaderElection.java:logAndReturn(56)) - 8f18dce1-0a3d-4b65-9c78-af3d58b2da7f@group-091950D56227-LeaderElection225: Election REJECTED; received 2 response(s) [8f18dce1-0a3d-4b65-9c78-af3d58b2da7f<-8a63e1ae-032e-4bed-9f20-125a11f65413#0:FAIL-t267, 8f18dce1-0a3d-4b65-9c78-af3d58b2da7f<-7b1e61a0-7daf-43dd-99d5-9b325c1d31ae#0:FAIL-t267] and 0 exception(s); 8f18dce1-0a3d-4b65-9c78-af3d58b2da7f@group-091950D56227:t267, leader=null, voted=8f18dce1-0a3d-4b65-9c78-af3d58b2da7f, raftlog=8f18dce1-0a3d-4b65-9c78-af3d58b2da7f@group-091950D56227-SegmentedRaftLog:OPENED:c-1,f-1,i0, conf=-1: [8a63e1ae-032e-4bed-9f20-125a11f65413:0.0.0.0:38685, 8f18dce1-0a3d-4b65-9c78-af3d58b2da7f:0.0.0.0:42489, 7b1e61a0-7daf-43dd-99d5-9b325c1d31ae:0.0.0.0:38412], old=null
2019-10-20 17:40:25,664 [8f18dce1-0a3d-4b65-9c78-af3d58b2da7f@group-091950D56227-LeaderElection225] INFO  impl.RaftServerImpl (RaftServerImpl.java:setRole(184)) - 8f18dce1-0a3d-4b65-9c78-af3d58b2da7f@group-091950D56227: changes role from CANDIDATE to FOLLOWER at term 267 for DISCOVERED_A_NEW_TERM
2019-10-20 17:40:25,664 [8f18dce1-0a3d-4b65-9c78-af3d58b2da7f@group-091950D56227-LeaderElection225] INFO  impl.RoleInfo (RoleInfo.java:shutdownLeaderElection(134)) - 8f18dce1-0a3d-4b65-9c78-af3d58b2da7f: shutdown LeaderElection
2019-10-20 17:40:25,664 [8f18dce1-0a3d-4b65-9c78-af3d58b2da7f@group-091950D56227-LeaderElection225] INFO  impl.RoleInfo (RoleInfo.java:updateAndGet(143)) - 8f18dce1-0a3d-4b65-9c78-af3d58b2da7f: start FollowerState
2019-10-20 17:40:25,666 [Thread-1629] INFO  impl.FollowerState (FollowerState.java:run(108)) - 8f18dce1-0a3d-4b65-9c78-af3d58b2da7f@group-091950D56227-FollowerState: change to CANDIDATE, lastRpcTime:1ms, electionTimeout:1ms
2019-10-20 17:40:25,666 [Thread-1629] INFO  impl.RoleInfo (RoleInfo.java:shutdownFollowerState(121)) - 8f18dce1-0a3d-4b65-9c78-af3d58b2da7f: shutdown FollowerState
2019-10-20 17:40:25,666 [Thread-1629] INFO  impl.RaftServerImpl (RaftServerImpl.java:setRole(184)) - 8f18dce1-0a3d-4b65-9c78-af3d58b2da7f@group-091950D56227: changes role from  FOLLOWER to CANDIDATE at term 267 for changeToCandidate
2019-10-20 17:40:25,666 [Thread-1629] INFO  impl.RoleInfo (RoleInfo.java:updateAndGet(143)) - 8f18dce1-0a3d-4b65-9c78-af3d58b2da7f: start LeaderElection
2019-10-20 17:40:25,689 [8f18dce1-0a3d-4b65-9c78-af3d58b2da7f@group-091950D56227-LeaderElection226] INFO  impl.LeaderElection (LeaderElection.java:askForVotes(178)) - 8f18dce1-0a3d-4b65-9c78-af3d58b2da7f@group-091950D56227-LeaderElection226: begin an election at term 268 for -1: [8a63e1ae-032e-4bed-9f20-125a11f65413:0.0.0.0:38685, 8f18dce1-0a3d-4b65-9c78-af3d58b2da7f:0.0.0.0:42489, 7b1e61a0-7daf-43dd-99d5-9b325c1d31ae:0.0.0.0:38412], old=null
2019-10-20 17:40:25,690 [grpc-default-executor-2] INFO  impl.RaftServerImpl (RaftServerImpl.java:setRole(184)) - 8a63e1ae-032e-4bed-9f20-125a11f65413@group-091950D56227: changes role from  FOLLOWER to FOLLOWER at term 268 for recognizeCandidate:8f18dce1-0a3d-4b65-9c78-af3d58b2da7f
2019-10-20 17:40:25,691 [grpc-default-executor-1] INFO  impl.RaftServerImpl (RaftServerImpl.java:setRole(184)) - 7b1e61a0-7daf-43dd-99d5-9b325c1d31ae@group-091950D56227: changes role from  FOLLOWER to FOLLOWER at term 268 for recognizeCandidate:8f18dce1-0a3d-4b65-9c78-af3d58b2da7f
2019-10-20 17:40:25,691 [grpc-default-executor-1] INFO  impl.RoleInfo (RoleInfo.java:shutdownFollowerState(121)) - 7b1e61a0-7daf-43dd-99d5-9b325c1d31ae: shutdown FollowerState
2019-10-20 17:40:25,691 [grpc-default-executor-2] INFO  impl.RoleInfo (RoleInfo.java:shutdownFollowerState(121)) - 8a63e1ae-032e-4bed-9f20-125a11f65413: shutdown FollowerState
2019-10-20 17:40:25,691 [Thread-1627] INFO  impl.FollowerState (FollowerState.java:run(117)) - 7b1e61a0-7daf-43dd-99d5-9b325c1d31ae@group-091950D56227-FollowerState was interrupted: java.lang.InterruptedException: sleep interrupted
2019-10-20 17:40:25,691 [grpc-default-executor-1] INFO  impl.RoleInfo (RoleInfo.java:updateAndGet(143)) - 7b1e61a0-7daf-43dd-99d5-9b325c1d31ae: start FollowerState
2019-10-20 17:40:25,691 [grpc-default-executor-2] INFO  impl.RoleInfo (RoleInfo.java:updateAndGet(143)) - 8a63e1ae-032e-4bed-9f20-125a11f65413: start FollowerState
2019-10-20 17:40:25,691 [Thread-1628] INFO  impl.FollowerState (FollowerState.java:run(117)) - 8a63e1ae-032e-4bed-9f20-125a11f65413@group-091950D56227-FollowerState was interrupted: java.lang.InterruptedException: sleep interrupted
2019-10-20 17:40:25,716 [8f18dce1-0a3d-4b65-9c78-af3d58b2da7f@group-091950D56227-LeaderElection226] INFO  impl.LeaderElection (LeaderElection.java:logAndReturn(56)) - 8f18dce1-0a3d-4b65-9c78-af3d58b2da7f@group-091950D56227-LeaderElection226: Election REJECTED; received 2 response(s) [8f18dce1-0a3d-4b65-9c78-af3d58b2da7f<-8a63e1ae-032e-4bed-9f20-125a11f65413#0:FAIL-t268, 8f18dce1-0a3d-4b65-9c78-af3d58b2da7f<-7b1e61a0-7daf-43dd-99d5-9b325c1d31ae#0:FAIL-t268] and 0 exception(s); 8f18dce1-0a3d-4b65-9c78-af3d58b2da7f@group-091950D56227:t268, leader=null, voted=8f18dce1-0a3d-4b65-9c78-af3d58b2da7f, raftlog=8f18dce1-0a3d-4b65-9c78-af3d58b2da7f@group-091950D56227-SegmentedRaftLog:OPENED:c-1,f-1,i0, conf=-1: [8a63e1ae-032e-4bed-9f20-125a11f65413:0.0.0.0:38685, 8f18dce1-0a3d-4b65-9c78-af3d58b2da7f:0.0.0.0:42489, 7b1e61a0-7daf-43dd-99d5-9b325c1d31ae:0.0.0.0:38412], old=null
2019-10-20 17:40:25,716 [8f18dce1-0a3d-4b65-9c78-af3d58b2da7f@group-091950D56227-LeaderElection226] INFO  impl.RaftServerImpl (RaftServerImpl.java:setRole(184)) - 8f18dce1-0a3d-4b65-9c78-af3d58b2da7f@group-091950D56227: changes role from CANDIDATE to FOLLOWER at term 268 for DISCOVERED_A_NEW_TERM
2019-10-20 17:40:25,717 [8f18dce1-0a3d-4b65-9c78-af3d58b2da7f@group-091950D56227-LeaderElection226] INFO  impl.RoleInfo (RoleInfo.java:shutdownLeaderElection(134)) - 8f18dce1-0a3d-4b65-9c78-af3d58b2da7f: shutdown LeaderElection
2019-10-20 17:40:25,717 [8f18dce1-0a3d-4b65-9c78-af3d58b2da7f@group-091950D56227-LeaderElection226] INFO  impl.RoleInfo (RoleInfo.java:updateAndGet(143)) - 8f18dce1-0a3d-4b65-9c78-af3d58b2da7f: start FollowerState
2019-10-20 17:40:25,890 [Thread-1635] INFO  impl.FollowerState (FollowerState.java:run(108)) - 8f18dce1-0a3d-4b65-9c78-af3d58b2da7f@group-091950D56227-FollowerState: change to CANDIDATE, lastRpcTime:173ms, electionTimeout:173ms
2019-10-20 17:40:25,890 [Thread-1635] INFO  impl.RoleInfo (RoleInfo.java:shutdownFollowerState(121)) - 8f18dce1-0a3d-4b65-9c78-af3d58b2da7f: shutdown FollowerState
2019-10-20 17:40:25,890 [Thread-1635] INFO  impl.RaftServerImpl (RaftServerImpl.java:setRole(184)) - 8f18dce1-0a3d-4b65-9c78-af3d58b2da7f@group-091950D56227: changes role from  FOLLOWER to CANDIDATE at term 268 for changeToCandidate
2019-10-20 17:40:25,890 [Thread-1635] INFO  impl.RoleInfo (RoleInfo.java:updateAndGet(143)) - 8f18dce1-0a3d-4b65-9c78-af3d58b2da7f: start LeaderElection
2019-10-20 17:40:25,925 [8f18dce1-0a3d-4b65-9c78-af3d58b2da7f@group-091950D56227-LeaderElection227] INFO  impl.LeaderElection (LeaderElection.java:askForVotes(178)) - 8f18dce1-0a3d-4b65-9c78-af3d58b2da7f@group-091950D56227-LeaderElection227: begin an election at term 269 for -1: [8a63e1ae-032e-4bed-9f20-125a11f65413:0.0.0.0:38685, 8f18dce1-0a3d-4b65-9c78-af3d58b2da7f:0.0.0.0:42489, 7b1e61a0-7daf-43dd-99d5-9b325c1d31ae:0.0.0.0:38412], old=null
2019-10-20 17:40:25,927 [grpc-default-executor-1] INFO  impl.RaftServerImpl (RaftServerImpl.java:setRole(184)) - 7b1e61a0-7daf-43dd-99d5-9b325c1d31ae@group-091950D56227: changes role from  FOLLOWER to FOLLOWER at term 269 for recognizeCandidate:8f18dce1-0a3d-4b65-9c78-af3d58b2da7f
2019-10-20 17:40:25,928 [grpc-default-executor-1] INFO  impl.RoleInfo (RoleInfo.java:shutdownFollowerState(121)) - 7b1e61a0-7daf-43dd-99d5-9b325c1d31ae: shutdown FollowerState
2019-10-20 17:40:25,928 [grpc-default-executor-1] INFO  impl.RoleInfo (RoleInfo.java:updateAndGet(143)) - 7b1e61a0-7daf-43dd-99d5-9b325c1d31ae: start FollowerState
2019-10-20 17:40:25,928 [Thread-1633] INFO  impl.FollowerState (FollowerState.java:run(117)) - 7b1e61a0-7daf-43dd-99d5-9b325c1d31ae@group-091950D56227-FollowerState was interrupted: java.lang.InterruptedException: sleep interrupted
2019-10-20 17:40:25,928 [grpc-default-executor-2] INFO  impl.RaftServerImpl (RaftServerImpl.java:setRole(184)) - 8a63e1ae-032e-4bed-9f20-125a11f65413@group-091950D56227: changes role from  FOLLOWER to FOLLOWER at term 269 for recognizeCandidate:8f18dce1-0a3d-4b65-9c78-af3d58b2da7f
2019-10-20 17:40:25,928 [grpc-default-executor-2] INFO  impl.RoleInfo (RoleInfo.java:shutdownFollowerState(121)) - 8a63e1ae-032e-4bed-9f20-125a11f65413: shutdown FollowerState
2019-10-20 17:40:25,928 [grpc-default-executor-2] INFO  impl.RoleInfo (RoleInfo.java:updateAndGet(143)) - 8a63e1ae-032e-4bed-9f20-125a11f65413: start FollowerState
2019-10-20 17:40:25,928 [Thread-1634] INFO  impl.FollowerState (FollowerState.java:run(117)) - 8a63e1ae-032e-4bed-9f20-125a11f65413@group-091950D56227-FollowerState was interrupted: java.lang.InterruptedException: sleep interrupted
2019-10-20 17:40:25,951 [8f18dce1-0a3d-4b65-9c78-af3d58b2da7f@group-091950D56227-LeaderElection227] INFO  impl.LeaderElection (LeaderElection.java:logAndReturn(56)) - 8f18dce1-0a3d-4b65-9c78-af3d58b2da7f@group-091950D56227-LeaderElection227: Election REJECTED; received 2 response(s) [8f18dce1-0a3d-4b65-9c78-af3d58b2da7f<-8a63e1ae-032e-4bed-9f20-125a11f65413#0:FAIL-t269, 8f18dce1-0a3d-4b65-9c78-af3d58b2da7f<-7b1e61a0-7daf-43dd-99d5-9b325c1d31ae#0:FAIL-t269] and 0 exception(s); 8f18dce1-0a3d-4b65-9c78-af3d58b2da7f@group-091950D56227:t269, leader=null, voted=8f18dce1-0a3d-4b65-9c78-af3d58b2da7f, raftlog=8f18dce1-0a3d-4b65-9c78-af3d58b2da7f@group-091950D56227-SegmentedRaftLog:OPENED:c-1,f-1,i0, conf=-1: [8a63e1ae-032e-4bed-9f20-125a11f65413:0.0.0.0:38685, 8f18dce1-0a3d-4b65-9c78-af3d58b2da7f:0.0.0.0:42489, 7b1e61a0-7daf-43dd-99d5-9b325c1d31ae:0.0.0.0:38412], old=null
2019-10-20 17:40:25,951 [8f18dce1-0a3d-4b65-9c78-af3d58b2da7f@group-091950D56227-LeaderElection227] INFO  impl.RaftServerImpl (RaftServerImpl.java:setRole(184)) - 8f18dce1-0a3d-4b65-9c78-af3d58b2da7f@group-091950D56227: changes role from CANDIDATE to FOLLOWER at term 269 for DISCOVERED_A_NEW_TERM
2019-10-20 17:40:25,952 [8f18dce1-0a3d-4b65-9c78-af3d58b2da7f@group-091950D56227-LeaderElection227] INFO  impl.RoleInfo (RoleInfo.java:shutdownLeaderElection(134)) - 8f18dce1-0a3d-4b65-9c78-af3d58b2da7f: shutdown LeaderElection
2019-10-20 17:40:25,952 [8f18dce1-0a3d-4b65-9c78-af3d58b2da7f@group-091950D56227-LeaderElection227] INFO  impl.RoleInfo (RoleInfo.java:updateAndGet(143)) - 8f18dce1-0a3d-4b65-9c78-af3d58b2da7f: start FollowerState
2019-10-20 17:40:26,017 [Thread-1641] INFO  impl.FollowerState (FollowerState.java:run(108)) - 8f18dce1-0a3d-4b65-9c78-af3d58b2da7f@group-091950D56227-FollowerState: change to CANDIDATE, lastRpcTime:65ms, electionTimeout:65ms
2019-10-20 17:40:26,018 [Thread-1641] INFO  impl.RoleInfo (RoleInfo.java:shutdownFollowerState(121)) - 8f18dce1-0a3d-4b65-9c78-af3d58b2da7f: shutdown FollowerState
2019-10-20 17:40:26,018 [Thread-1641] INFO  impl.RaftServerImpl (RaftServerImpl.java:setRole(184)) - 8f18dce1-0a3d-4b65-9c78-af3d58b2da7f@group-091950D56227: changes role from  FOLLOWER to CANDIDATE at term 269 for changeToCandidate
2019-10-20 17:40:26,018 [Thread-1641] INFO  impl.RoleInfo (RoleInfo.java:updateAndGet(143)) - 8f18dce1-0a3d-4b65-9c78-af3d58b2da7f: start LeaderElection
2019-10-20 17:40:26,042 [8f18dce1-0a3d-4b65-9c78-af3d58b2da7f@group-091950D56227-LeaderElection228] INFO  impl.LeaderElection (LeaderElection.java:askForVotes(178)) - 8f18dce1-0a3d-4b65-9c78-af3d58b2da7f@group-091950D56227-LeaderElection228: begin an election at term 270 for -1: [8a63e1ae-032e-4bed-9f20-125a11f65413:0.0.0.0:38685, 8f18dce1-0a3d-4b65-9c78-af3d58b2da7f:0.0.0.0:42489, 7b1e61a0-7daf-43dd-99d5-9b325c1d31ae:0.0.0.0:38412], old=null
2019-10-20 17:40:26,044 [grpc-default-executor-2] INFO  impl.RaftServerImpl (RaftServerImpl.java:setRole(184)) - 7b1e61a0-7daf-43dd-99d5-9b325c1d31ae@group-091950D56227: changes role from  FOLLOWER to FOLLOWER at term 270 for recognizeCandidate:8f18dce1-0a3d-4b65-9c78-af3d58b2da7f
2019-10-20 17:40:26,044 [grpc-default-executor-1] INFO  impl.RaftServerImpl (RaftServerImpl.java:setRole(184)) - 8a63e1ae-032e-4bed-9f20-125a11f65413@group-091950D56227: changes role from  FOLLOWER to FOLLOWER at term 270 for recognizeCandidate:8f18dce1-0a3d-4b65-9c78-af3d58b2da7f
2019-10-20 17:40:26,045 [grpc-default-executor-2] INFO  impl.RoleInfo (RoleInfo.java:shutdownFollowerState(121)) - 7b1e61a0-7daf-43dd-99d5-9b325c1d31ae: shutdown FollowerState
2019-10-20 17:40:26,045 [grpc-default-executor-1] INFO  impl.RoleInfo (RoleInfo.java:shutdownFollowerState(121)) - 8a63e1ae-032e-4bed-9f20-125a11f65413: shutdown FollowerState
2019-10-20 17:40:26,045 [Thread-1639] INFO  impl.FollowerState (FollowerState.java:run(117)) - 7b1e61a0-7daf-43dd-99d5-9b325c1d31ae@group-091950D56227-FollowerState was interrupted: java.lang.InterruptedException: sleep interrupted
2019-10-20 17:40:26,045 [grpc-default-executor-2] INFO  impl.RoleInfo (RoleInfo.java:updateAndGet(143)) - 7b1e61a0-7daf-43dd-99d5-9b325c1d31ae: start FollowerState
2019-10-20 17:40:26,045 [grpc-default-executor-1] INFO  impl.RoleInfo (RoleInfo.java:updateAndGet(143)) - 8a63e1ae-032e-4bed-9f20-125a11f65413: start FollowerState
2019-10-20 17:40:26,045 [Thread-1640] INFO  impl.FollowerState (FollowerState.java:run(117)) - 8a63e1ae-032e-4bed-9f20-125a11f65413@group-091950D56227-FollowerState was interrupted: java.lang.InterruptedException: sleep interrupted
2019-10-20 17:40:26,069 [8f18dce1-0a3d-4b65-9c78-af3d58b2da7f@group-091950D56227-LeaderElection228] INFO  impl.LeaderElection (LeaderElection.java:logAndReturn(56)) - 8f18dce1-0a3d-4b65-9c78-af3d58b2da7f@group-091950D56227-LeaderElection228: Election REJECTED; received 2 response(s) [8f18dce1-0a3d-4b65-9c78-af3d58b2da7f<-8a63e1ae-032e-4bed-9f20-125a11f65413#0:FAIL-t270, 8f18dce1-0a3d-4b65-9c78-af3d58b2da7f<-7b1e61a0-7daf-43dd-99d5-9b325c1d31ae#0:FAIL-t270] and 0 exception(s); 8f18dce1-0a3d-4b65-9c78-af3d58b2da7f@group-091950D56227:t270, leader=null, voted=8f18dce1-0a3d-4b65-9c78-af3d58b2da7f, raftlog=8f18dce1-0a3d-4b65-9c78-af3d58b2da7f@group-091950D56227-SegmentedRaftLog:OPENED:c-1,f-1,i0, conf=-1: [8a63e1ae-032e-4bed-9f20-125a11f65413:0.0.0.0:38685, 8f18dce1-0a3d-4b65-9c78-af3d58b2da7f:0.0.0.0:42489, 7b1e61a0-7daf-43dd-99d5-9b325c1d31ae:0.0.0.0:38412], old=null
2019-10-20 17:40:26,069 [8f18dce1-0a3d-4b65-9c78-af3d58b2da7f@group-091950D56227-LeaderElection228] INFO  impl.RaftServerImpl (RaftServerImpl.java:setRole(184)) - 8f18dce1-0a3d-4b65-9c78-af3d58b2da7f@group-091950D56227: changes role from CANDIDATE to FOLLOWER at term 270 for DISCOVERED_A_NEW_TERM
2019-10-20 17:40:26,069 [8f18dce1-0a3d-4b65-9c78-af3d58b2da7f@group-091950D56227-LeaderElection228] INFO  impl.RoleInfo (RoleInfo.java:shutdownLeaderElection(134)) - 8f18dce1-0a3d-4b65-9c78-af3d58b2da7f: shutdown LeaderElection
2019-10-20 17:40:26,069 [8f18dce1-0a3d-4b65-9c78-af3d58b2da7f@group-091950D56227-LeaderElection228] INFO  impl.RoleInfo (RoleInfo.java:updateAndGet(143)) - 8f18dce1-0a3d-4b65-9c78-af3d58b2da7f: start FollowerState
2019-10-20 17:40:26,097 [Thread-1647] INFO  impl.FollowerState (FollowerState.java:run(108)) - 8f18dce1-0a3d-4b65-9c78-af3d58b2da7f@group-091950D56227-FollowerState: change to CANDIDATE, lastRpcTime:27ms, electionTimeout:27ms
2019-10-20 17:40:26,097 [Thread-1647] INFO  impl.RoleInfo (RoleInfo.java:shutdownFollowerState(121)) - 8f18dce1-0a3d-4b65-9c78-af3d58b2da7f: shutdown FollowerState
2019-10-20 17:40:26,097 [Thread-1647] INFO  impl.RaftServerImpl (RaftServerImpl.java:setRole(184)) - 8f18dce1-0a3d-4b65-9c78-af3d58b2da7f@group-091950D56227: changes role from  FOLLOWER to CANDIDATE at term 270 for changeToCandidate
2019-10-20 17:40:26,097 [Thread-1647] INFO  impl.RoleInfo (RoleInfo.java:updateAndGet(143)) - 8f18dce1-0a3d-4b65-9c78-af3d58b2da7f: start LeaderElection
2019-10-20 17:40:26,127 [8f18dce1-0a3d-4b65-9c78-af3d58b2da7f@group-091950D56227-LeaderElection229] INFO  impl.LeaderElection (LeaderElection.java:askForVotes(178)) - 8f18dce1-0a3d-4b65-9c78-af3d58b2da7f@group-091950D56227-LeaderElection229: begin an election at term 271 for -1: [8a63e1ae-032e-4bed-9f20-125a11f65413:0.0.0.0:38685, 8f18dce1-0a3d-4b65-9c78-af3d58b2da7f:0.0.0.0:42489, 7b1e61a0-7daf-43dd-99d5-9b325c1d31ae:0.0.0.0:38412], old=null
2019-10-20 17:40:26,129 [grpc-default-executor-2] INFO  impl.RaftServerImpl (RaftServerImpl.java:setRole(184)) - 8a63e1ae-032e-4bed-9f20-125a11f65413@group-091950D56227: changes role from  FOLLOWER to FOLLOWER at term 271 for recognizeCandidate:8f18dce1-0a3d-4b65-9c78-af3d58b2da7f
2019-10-20 17:40:26,129 [grpc-default-executor-1] INFO  impl.RaftServerImpl (RaftServerImpl.java:setRole(184)) - 7b1e61a0-7daf-43dd-99d5-9b325c1d31ae@group-091950D56227: changes role from  FOLLOWER to FOLLOWER at term 271 for recognizeCandidate:8f18dce1-0a3d-4b65-9c78-af3d58b2da7f
2019-10-20 17:40:26,129 [grpc-default-executor-2] INFO  impl.RoleInfo (RoleInfo.java:shutdownFollowerState(121)) - 8a63e1ae-032e-4bed-9f20-125a11f65413: shutdown FollowerState
2019-10-20 17:40:26,129 [grpc-default-executor-1] INFO  impl.RoleInfo (RoleInfo.java:shutdownFollowerState(121)) - 7b1e61a0-7daf-43dd-99d5-9b325c1d31ae: shutdown FollowerState
2019-10-20 17:40:26,130 [grpc-default-executor-1] INFO  impl.RoleInfo (RoleInfo.java:updateAndGet(143)) - 7b1e61a0-7daf-43dd-99d5-9b325c1d31ae: start FollowerState
2019-10-20 17:40:26,130 [Thread-1646] INFO  impl.FollowerState (FollowerState.java:run(117)) - 8a63e1ae-032e-4bed-9f20-125a11f65413@group-091950D56227-FollowerState was interrupted: java.lang.InterruptedException: sleep interrupted
2019-10-20 17:40:26,130 [grpc-default-executor-2] INFO  impl.RoleInfo (RoleInfo.java:updateAndGet(143)) - 8a63e1ae-032e-4bed-9f20-125a11f65413: start FollowerState
2019-10-20 17:40:26,130 [Thread-1645] INFO  impl.FollowerState (FollowerState.java:run(117)) - 7b1e61a0-7daf-43dd-99d5-9b325c1d31ae@group-091950D56227-FollowerState was interrupted: java.lang.InterruptedException: sleep interrupted
2019-10-20 17:40:26,153 [8f18dce1-0a3d-4b65-9c78-af3d58b2da7f@group-091950D56227-LeaderElection229] INFO  impl.LeaderElection (LeaderElection.java:logAndReturn(56)) - 8f18dce1-0a3d-4b65-9c78-af3d58b2da7f@group-091950D56227-LeaderElection229: Election REJECTED; received 2 response(s) [8f18dce1-0a3d-4b65-9c78-af3d58b2da7f<-8a63e1ae-032e-4bed-9f20-125a11f65413#0:FAIL-t271, 8f18dce1-0a3d-4b65-9c78-af3d58b2da7f<-7b1e61a0-7daf-43dd-99d5-9b325c1d31ae#0:FAIL-t271] and 0 exception(s); 8f18dce1-0a3d-4b65-9c78-af3d58b2da7f@group-091950D56227:t271, leader=null, voted=8f18dce1-0a3d-4b65-9c78-af3d58b2da7f, raftlog=8f18dce1-0a3d-4b65-9c78-af3d58b2da7f@group-091950D56227-SegmentedRaftLog:OPENED:c-1,f-1,i0, conf=-1: [8a63e1ae-032e-4bed-9f20-125a11f65413:0.0.0.0:38685, 8f18dce1-0a3d-4b65-9c78-af3d58b2da7f:0.0.0.0:42489, 7b1e61a0-7daf-43dd-99d5-9b325c1d31ae:0.0.0.0:38412], old=null
2019-10-20 17:40:26,153 [8f18dce1-0a3d-4b65-9c78-af3d58b2da7f@group-091950D56227-LeaderElection229] INFO  impl.RaftServerImpl (RaftServerImpl.java:setRole(184)) - 8f18dce1-0a3d-4b65-9c78-af3d58b2da7f@group-091950D56227: changes role from CANDIDATE to FOLLOWER at term 271 for DISCOVERED_A_NEW_TERM
2019-10-20 17:40:26,153 [8f18dce1-0a3d-4b65-9c78-af3d58b2da7f@group-091950D56227-LeaderElection229] INFO  impl.RoleInfo (RoleInfo.java:shutdownLeaderElection(134)) - 8f18dce1-0a3d-4b65-9c78-af3d58b2da7f: shutdown LeaderElection
2019-10-20 17:40:26,153 [8f18dce1-0a3d-4b65-9c78-af3d58b2da7f@group-091950D56227-LeaderElection229] INFO  impl.RoleInfo (RoleInfo.java:updateAndGet(143)) - 8f18dce1-0a3d-4b65-9c78-af3d58b2da7f: start FollowerState
2019-10-20 17:40:26,159 [Thread-1653] INFO  impl.FollowerState (FollowerState.java:run(108)) - 8f18dce1-0a3d-4b65-9c78-af3d58b2da7f@group-091950D56227-FollowerState: change to CANDIDATE, lastRpcTime:5ms, electionTimeout:5ms
2019-10-20 17:40:26,159 [Thread-1653] INFO  impl.RoleInfo (RoleInfo.java:shutdownFollowerState(121)) - 8f18dce1-0a3d-4b65-9c78-af3d58b2da7f: shutdown FollowerState
2019-10-20 17:40:26,159 [Thread-1653] INFO  impl.RaftServerImpl (RaftServerImpl.java:setRole(184)) - 8f18dce1-0a3d-4b65-9c78-af3d58b2da7f@group-091950D56227: changes role from  FOLLOWER to CANDIDATE at term 271 for changeToCandidate
2019-10-20 17:40:26,159 [Thread-1653] INFO  impl.RoleInfo (RoleInfo.java:updateAndGet(143)) - 8f18dce1-0a3d-4b65-9c78-af3d58b2da7f: start LeaderElection
2019-10-20 17:40:26,186 [8f18dce1-0a3d-4b65-9c78-af3d58b2da7f@group-091950D56227-LeaderElection230] INFO  impl.LeaderElection (LeaderElection.java:askForVotes(178)) - 8f18dce1-0a3d-4b65-9c78-af3d58b2da7f@group-091950D56227-LeaderElection230: begin an election at term 272 for -1: [8a63e1ae-032e-4bed-9f20-125a11f65413:0.0.0.0:38685, 8f18dce1-0a3d-4b65-9c78-af3d58b2da7f:0.0.0.0:42489, 7b1e61a0-7daf-43dd-99d5-9b325c1d31ae:0.0.0.0:38412], old=null
2019-10-20 17:40:26,189 [grpc-default-executor-1] INFO  impl.RaftServerImpl (RaftServerImpl.java:setRole(184)) - 8a63e1ae-032e-4bed-9f20-125a11f65413@group-091950D56227: changes role from  FOLLOWER to FOLLOWER at term 272 for recognizeCandidate:8f18dce1-0a3d-4b65-9c78-af3d58b2da7f
2019-10-20 17:40:26,189 [grpc-default-executor-1] INFO  impl.RoleInfo (RoleInfo.java:shutdownFollowerState(121)) - 8a63e1ae-032e-4bed-9f20-125a11f65413: shutdown FollowerState
2019-10-20 17:40:26,189 [grpc-default-executor-2] INFO  impl.RaftServerImpl (RaftServerImpl.java:setRole(184)) - 7b1e61a0-7daf-43dd-99d5-9b325c1d31ae@group-091950D56227: changes role from  FOLLOWER to FOLLOWER at term 272 for recognizeCandidate:8f18dce1-0a3d-4b65-9c78-af3d58b2da7f
2019-10-20 17:40:26,189 [grpc-default-executor-2] INFO  impl.RoleInfo (RoleInfo.java:shutdownFollowerState(121)) - 7b1e61a0-7daf-43dd-99d5-9b325c1d31ae: shutdown FollowerState
2019-10-20 17:40:26,189 [Thread-1651] INFO  impl.FollowerState (FollowerState.java:run(117)) - 8a63e1ae-032e-4bed-9f20-125a11f65413@group-091950D56227-FollowerState was interrupted: java.lang.InterruptedException: sleep interrupted
2019-10-20 17:40:26,189 [grpc-default-executor-1] INFO  impl.RoleInfo (RoleInfo.java:updateAndGet(143)) - 8a63e1ae-032e-4bed-9f20-125a11f65413: start FollowerState
2019-10-20 17:40:26,189 [Thread-1652] INFO  impl.FollowerState (FollowerState.java:run(117)) - 7b1e61a0-7daf-43dd-99d5-9b325c1d31ae@group-091950D56227-FollowerState was interrupted: java.lang.InterruptedException: sleep interrupted
2019-10-20 17:40:26,189 [grpc-default-executor-2] INFO  impl.RoleInfo (RoleInfo.java:updateAndGet(143)) - 7b1e61a0-7daf-43dd-99d5-9b325c1d31ae: start FollowerState
2019-10-20 17:40:26,213 [8f18dce1-0a3d-4b65-9c78-af3d58b2da7f@group-091950D56227-LeaderElection230] INFO  impl.LeaderElection (LeaderElection.java:logAndReturn(56)) - 8f18dce1-0a3d-4b65-9c78-af3d58b2da7f@group-091950D56227-LeaderElection230: Election REJECTED; received 2 response(s) [8f18dce1-0a3d-4b65-9c78-af3d58b2da7f<-8a63e1ae-032e-4bed-9f20-125a11f65413#0:FAIL-t272, 8f18dce1-0a3d-4b65-9c78-af3d58b2da7f<-7b1e61a0-7daf-43dd-99d5-9b325c1d31ae#0:FAIL-t272] and 0 exception(s); 8f18dce1-0a3d-4b65-9c78-af3d58b2da7f@group-091950D56227:t272, leader=null, voted=8f18dce1-0a3d-4b65-9c78-af3d58b2da7f, raftlog=8f18dce1-0a3d-4b65-9c78-af3d58b2da7f@group-091950D56227-SegmentedRaftLog:OPENED:c-1,f-1,i0, conf=-1: [8a63e1ae-032e-4bed-9f20-125a11f65413:0.0.0.0:38685, 8f18dce1-0a3d-4b65-9c78-af3d58b2da7f:0.0.0.0:42489, 7b1e61a0-7daf-43dd-99d5-9b325c1d31ae:0.0.0.0:38412], old=null
2019-10-20 17:40:26,213 [8f18dce1-0a3d-4b65-9c78-af3d58b2da7f@group-091950D56227-LeaderElection230] INFO  impl.RaftServerImpl (RaftServerImpl.java:setRole(184)) - 8f18dce1-0a3d-4b65-9c78-af3d58b2da7f@group-091950D56227: changes role from CANDIDATE to FOLLOWER at term 272 for DISCOVERED_A_NEW_TERM
2019-10-20 17:40:26,213 [8f18dce1-0a3d-4b65-9c78-af3d58b2da7f@group-091950D56227-LeaderElection230] INFO  impl.RoleInfo (RoleInfo.java:shutdownLeaderElection(134)) - 8f18dce1-0a3d-4b65-9c78-af3d58b2da7f: shutdown LeaderElection
2019-10-20 17:40:26,213 [8f18dce1-0a3d-4b65-9c78-af3d58b2da7f@group-091950D56227-LeaderElection230] INFO  impl.RoleInfo (RoleInfo.java:updateAndGet(143)) - 8f18dce1-0a3d-4b65-9c78-af3d58b2da7f: start FollowerState
2019-10-20 17:40:26,408 [Thread-1659] INFO  impl.FollowerState (FollowerState.java:run(108)) - 8f18dce1-0a3d-4b65-9c78-af3d58b2da7f@group-091950D56227-FollowerState: change to CANDIDATE, lastRpcTime:194ms, electionTimeout:194ms
2019-10-20 17:40:26,408 [Thread-1659] INFO  impl.RoleInfo (RoleInfo.java:shutdownFollowerState(121)) - 8f18dce1-0a3d-4b65-9c78-af3d58b2da7f: shutdown FollowerState
2019-10-20 17:40:26,408 [Thread-1659] INFO  impl.RaftServerImpl (RaftServerImpl.java:setRole(184)) - 8f18dce1-0a3d-4b65-9c78-af3d58b2da7f@group-091950D56227: changes role from  FOLLOWER to CANDIDATE at term 272 for changeToCandidate
2019-10-20 17:40:26,408 [Thread-1659] INFO  impl.RoleInfo (RoleInfo.java:updateAndGet(143)) - 8f18dce1-0a3d-4b65-9c78-af3d58b2da7f: start LeaderElection
2019-10-20 17:40:26,438 [8f18dce1-0a3d-4b65-9c78-af3d58b2da7f@group-091950D56227-LeaderElection231] INFO  impl.LeaderElection (LeaderElection.java:askForVotes(178)) - 8f18dce1-0a3d-4b65-9c78-af3d58b2da7f@group-091950D56227-LeaderElection231: begin an election at term 273 for -1: [8a63e1ae-032e-4bed-9f20-125a11f65413:0.0.0.0:38685, 8f18dce1-0a3d-4b65-9c78-af3d58b2da7f:0.0.0.0:42489, 7b1e61a0-7daf-43dd-99d5-9b325c1d31ae:0.0.0.0:38412], old=null
2019-10-20 17:40:26,440 [grpc-default-executor-2] INFO  impl.RaftServerImpl (RaftServerImpl.java:setRole(184)) - 8a63e1ae-032e-4bed-9f20-125a11f65413@group-091950D56227: changes role from  FOLLOWER to FOLLOWER at term 273 for recognizeCandidate:8f18dce1-0a3d-4b65-9c78-af3d58b2da7f
2019-10-20 17:40:26,440 [grpc-default-executor-1] INFO  impl.RaftServerImpl (RaftServerImpl.java:setRole(184)) - 7b1e61a0-7daf-43dd-99d5-9b325c1d31ae@group-091950D56227: changes role from  FOLLOWER to FOLLOWER at term 273 for recognizeCandidate:8f18dce1-0a3d-4b65-9c78-af3d58b2da7f
2019-10-20 17:40:26,440 [grpc-default-executor-2] INFO  impl.RoleInfo (RoleInfo.java:shutdownFollowerState(121)) - 8a63e1ae-032e-4bed-9f20-125a11f65413: shutdown FollowerState
2019-10-20 17:40:26,441 [grpc-default-executor-1] INFO  impl.RoleInfo (RoleInfo.java:shutdownFollowerState(121)) - 7b1e61a0-7daf-43dd-99d5-9b325c1d31ae: shutdown FollowerState
2019-10-20 17:40:26,441 [Thread-1657] INFO  impl.FollowerState (FollowerState.java:run(117)) - 8a63e1ae-032e-4bed-9f20-125a11f65413@group-091950D56227-FollowerState was interrupted: java.lang.InterruptedException: sleep interrupted
2019-10-20 17:40:26,441 [grpc-default-executor-2] INFO  impl.RoleInfo (RoleInfo.java:updateAndGet(143)) - 8a63e1ae-032e-4bed-9f20-125a11f65413: start FollowerState
2019-10-20 17:40:26,441 [Thread-1658] INFO  impl.FollowerState (FollowerState.java:run(117)) - 7b1e61a0-7daf-43dd-99d5-9b325c1d31ae@group-091950D56227-FollowerState was interrupted: java.lang.InterruptedException: sleep interrupted
2019-10-20 17:40:26,441 [grpc-default-executor-1] INFO  impl.RoleInfo (RoleInfo.java:updateAndGet(143)) - 7b1e61a0-7daf-43dd-99d5-9b325c1d31ae: start FollowerState
2019-10-20 17:40:26,464 [8f18dce1-0a3d-4b65-9c78-af3d58b2da7f@group-091950D56227-LeaderElection231] INFO  impl.LeaderElection (LeaderElection.java:logAndReturn(56)) - 8f18dce1-0a3d-4b65-9c78-af3d58b2da7f@group-091950D56227-LeaderElection231: Election REJECTED; received 2 response(s) [8f18dce1-0a3d-4b65-9c78-af3d58b2da7f<-8a63e1ae-032e-4bed-9f20-125a11f65413#0:FAIL-t273, 8f18dce1-0a3d-4b65-9c78-af3d58b2da7f<-7b1e61a0-7daf-43dd-99d5-9b325c1d31ae#0:FAIL-t273] and 0 exception(s); 8f18dce1-0a3d-4b65-9c78-af3d58b2da7f@group-091950D56227:t273, leader=null, voted=8f18dce1-0a3d-4b65-9c78-af3d58b2da7f, raftlog=8f18dce1-0a3d-4b65-9c78-af3d58b2da7f@group-091950D56227-SegmentedRaftLog:OPENED:c-1,f-1,i0, conf=-1: [8a63e1ae-032e-4bed-9f20-125a11f65413:0.0.0.0:38685, 8f18dce1-0a3d-4b65-9c78-af3d58b2da7f:0.0.0.0:42489, 7b1e61a0-7daf-43dd-99d5-9b325c1d31ae:0.0.0.0:38412], old=null
2019-10-20 17:40:26,464 [8f18dce1-0a3d-4b65-9c78-af3d58b2da7f@group-091950D56227-LeaderElection231] INFO  impl.RaftServerImpl (RaftServerImpl.java:setRole(184)) - 8f18dce1-0a3d-4b65-9c78-af3d58b2da7f@group-091950D56227: changes role from CANDIDATE to FOLLOWER at term 273 for DISCOVERED_A_NEW_TERM
2019-10-20 17:40:26,465 [8f18dce1-0a3d-4b65-9c78-af3d58b2da7f@group-091950D56227-LeaderElection231] INFO  impl.RoleInfo (RoleInfo.java:shutdownLeaderElection(134)) - 8f18dce1-0a3d-4b65-9c78-af3d58b2da7f: shutdown LeaderElection
2019-10-20 17:40:26,465 [8f18dce1-0a3d-4b65-9c78-af3d58b2da7f@group-091950D56227-LeaderElection231] INFO  impl.RoleInfo (RoleInfo.java:updateAndGet(143)) - 8f18dce1-0a3d-4b65-9c78-af3d58b2da7f: start FollowerState
2019-10-20 17:40:26,544 [Thread-1667] INFO  impl.FollowerState (FollowerState.java:run(108)) - 8f18dce1-0a3d-4b65-9c78-af3d58b2da7f@group-091950D56227-FollowerState: change to CANDIDATE, lastRpcTime:79ms, electionTimeout:79ms
2019-10-20 17:40:26,544 [Thread-1667] INFO  impl.RoleInfo (RoleInfo.java:shutdownFollowerState(121)) - 8f18dce1-0a3d-4b65-9c78-af3d58b2da7f: shutdown FollowerState
2019-10-20 17:40:26,545 [Thread-1667] INFO  impl.RaftServerImpl (RaftServerImpl.java:setRole(184)) - 8f18dce1-0a3d-4b65-9c78-af3d58b2da7f@group-091950D56227: changes role from  FOLLOWER to CANDIDATE at term 273 for changeToCandidate
2019-10-20 17:40:26,545 [Thread-1667] INFO  impl.RoleInfo (RoleInfo.java:updateAndGet(143)) - 8f18dce1-0a3d-4b65-9c78-af3d58b2da7f: start LeaderElection
2019-10-20 17:40:26,573 [8f18dce1-0a3d-4b65-9c78-af3d58b2da7f@group-091950D56227-LeaderElection232] INFO  impl.LeaderElection (LeaderElection.java:askForVotes(178)) - 8f18dce1-0a3d-4b65-9c78-af3d58b2da7f@group-091950D56227-LeaderElection232: begin an election at term 274 for -1: [8a63e1ae-032e-4bed-9f20-125a11f65413:0.0.0.0:38685, 8f18dce1-0a3d-4b65-9c78-af3d58b2da7f:0.0.0.0:42489, 7b1e61a0-7daf-43dd-99d5-9b325c1d31ae:0.0.0.0:38412], old=null
2019-10-20 17:40:26,575 [grpc-default-executor-1] INFO  impl.RaftServerImpl (RaftServerImpl.java:setRole(184)) - 7b1e61a0-7daf-43dd-99d5-9b325c1d31ae@group-091950D56227: changes role from  FOLLOWER to FOLLOWER at term 274 for recognizeCandidate:8f18dce1-0a3d-4b65-9c78-af3d58b2da7f
2019-10-20 17:40:26,575 [grpc-default-executor-2] INFO  impl.RaftServerImpl (RaftServerImpl.java:setRole(184)) - 8a63e1ae-032e-4bed-9f20-125a11f65413@group-091950D56227: changes role from  FOLLOWER to FOLLOWER at term 274 for recognizeCandidate:8f18dce1-0a3d-4b65-9c78-af3d58b2da7f
2019-10-20 17:40:26,575 [grpc-default-executor-1] INFO  impl.RoleInfo (RoleInfo.java:shutdownFollowerState(121)) - 7b1e61a0-7daf-43dd-99d5-9b325c1d31ae: shutdown FollowerState
2019-10-20 17:40:26,575 [grpc-default-executor-2] INFO  impl.RoleInfo (RoleInfo.java:shutdownFollowerState(121)) - 8a63e1ae-032e-4bed-9f20-125a11f65413: shutdown FollowerState
2019-10-20 17:40:26,576 [Thread-1666] INFO  impl.FollowerState (FollowerState.java:run(117)) - 7b1e61a0-7daf-43dd-99d5-9b325c1d31ae@group-091950D56227-FollowerState was interrupted: java.lang.InterruptedException: sleep interrupted
2019-10-20 17:40:26,576 [grpc-default-executor-1] INFO  impl.RoleInfo (RoleInfo.java:updateAndGet(143)) - 7b1e61a0-7daf-43dd-99d5-9b325c1d31ae: start FollowerState
2019-10-20 17:40:26,576 [Thread-1665] INFO  impl.FollowerState (FollowerState.java:run(117)) - 8a63e1ae-032e-4bed-9f20-125a11f65413@group-091950D56227-FollowerState was interrupted: java.lang.InterruptedException: sleep interrupted
2019-10-20 17:40:26,576 [grpc-default-executor-2] INFO  impl.RoleInfo (RoleInfo.java:updateAndGet(143)) - 8a63e1ae-032e-4bed-9f20-125a11f65413: start FollowerState
2019-10-20 17:40:26,601 [8f18dce1-0a3d-4b65-9c78-af3d58b2da7f@group-091950D56227-LeaderElection232] INFO  impl.LeaderElection (LeaderElection.java:logAndReturn(56)) - 8f18dce1-0a3d-4b65-9c78-af3d58b2da7f@group-091950D56227-LeaderElection232: Election REJECTED; received 2 response(s) [8f18dce1-0a3d-4b65-9c78-af3d58b2da7f<-8a63e1ae-032e-4bed-9f20-125a11f65413#0:FAIL-t274, 8f18dce1-0a3d-4b65-9c78-af3d58b2da7f<-7b1e61a0-7daf-43dd-99d5-9b325c1d31ae#0:FAIL-t274] and 0 exception(s); 8f18dce1-0a3d-4b65-9c78-af3d58b2da7f@group-091950D56227:t274, leader=null, voted=8f18dce1-0a3d-4b65-9c78-af3d58b2da7f, raftlog=8f18dce1-0a3d-4b65-9c78-af3d58b2da7f@group-091950D56227-SegmentedRaftLog:OPENED:c-1,f-1,i0, conf=-1: [8a63e1ae-032e-4bed-9f20-125a11f65413:0.0.0.0:38685, 8f18dce1-0a3d-4b65-9c78-af3d58b2da7f:0.0.0.0:42489, 7b1e61a0-7daf-43dd-99d5-9b325c1d31ae:0.0.0.0:38412], old=null
2019-10-20 17:40:26,601 [8f18dce1-0a3d-4b65-9c78-af3d58b2da7f@group-091950D56227-LeaderElection232] INFO  impl.RaftServerImpl (RaftServerImpl.java:setRole(184)) - 8f18dce1-0a3d-4b65-9c78-af3d58b2da7f@group-091950D56227: changes role from CANDIDATE to FOLLOWER at term 274 for DISCOVERED_A_NEW_TERM
2019-10-20 17:40:26,601 [8f18dce1-0a3d-4b65-9c78-af3d58b2da7f@group-091950D56227-LeaderElection232] INFO  impl.RoleInfo (RoleInfo.java:shutdownLeaderElection(134)) - 8f18dce1-0a3d-4b65-9c78-af3d58b2da7f: shutdown LeaderElection
2019-10-20 17:40:26,601 [8f18dce1-0a3d-4b65-9c78-af3d58b2da7f@group-091950D56227-LeaderElection232] INFO  impl.RoleInfo (RoleInfo.java:updateAndGet(143)) - 8f18dce1-0a3d-4b65-9c78-af3d58b2da7f: start FollowerState
2019-10-20 17:40:26,783 [Thread-1673] INFO  impl.FollowerState (FollowerState.java:run(108)) - 8f18dce1-0a3d-4b65-9c78-af3d58b2da7f@group-091950D56227-FollowerState: change to CANDIDATE, lastRpcTime:181ms, electionTimeout:181ms
2019-10-20 17:40:26,783 [Thread-1673] INFO  impl.RoleInfo (RoleInfo.java:shutdownFollowerState(121)) - 8f18dce1-0a3d-4b65-9c78-af3d58b2da7f: shutdown FollowerState
2019-10-20 17:40:26,783 [Thread-1673] INFO  impl.RaftServerImpl (RaftServerImpl.java:setRole(184)) - 8f18dce1-0a3d-4b65-9c78-af3d58b2da7f@group-091950D56227: changes role from  FOLLOWER to CANDIDATE at term 274 for changeToCandidate
2019-10-20 17:40:26,783 [Thread-1673] INFO  impl.RoleInfo (RoleInfo.java:updateAndGet(143)) - 8f18dce1-0a3d-4b65-9c78-af3d58b2da7f: start LeaderElection
2019-10-20 17:40:26,810 [8f18dce1-0a3d-4b65-9c78-af3d58b2da7f@group-091950D56227-LeaderElection233] INFO  impl.LeaderElection (LeaderElection.java:askForVotes(178)) - 8f18dce1-0a3d-4b65-9c78-af3d58b2da7f@group-091950D56227-LeaderElection233: begin an election at term 275 for -1: [8a63e1ae-032e-4bed-9f20-125a11f65413:0.0.0.0:38685, 8f18dce1-0a3d-4b65-9c78-af3d58b2da7f:0.0.0.0:42489, 7b1e61a0-7daf-43dd-99d5-9b325c1d31ae:0.0.0.0:38412], old=null
2019-10-20 17:40:26,812 [grpc-default-executor-1] INFO  impl.RaftServerImpl (RaftServerImpl.java:setRole(184)) - 8a63e1ae-032e-4bed-9f20-125a11f65413@group-091950D56227: changes role from  FOLLOWER to FOLLOWER at term 275 for recognizeCandidate:8f18dce1-0a3d-4b65-9c78-af3d58b2da7f
2019-10-20 17:40:26,812 [grpc-default-executor-2] INFO  impl.RaftServerImpl (RaftServerImpl.java:setRole(184)) - 7b1e61a0-7daf-43dd-99d5-9b325c1d31ae@group-091950D56227: changes role from  FOLLOWER to FOLLOWER at term 275 for recognizeCandidate:8f18dce1-0a3d-4b65-9c78-af3d58b2da7f
2019-10-20 17:40:26,812 [grpc-default-executor-1] INFO  impl.RoleInfo (RoleInfo.java:shutdownFollowerState(121)) - 8a63e1ae-032e-4bed-9f20-125a11f65413: shutdown FollowerState
2019-10-20 17:40:26,812 [grpc-default-executor-2] INFO  impl.RoleInfo (RoleInfo.java:shutdownFollowerState(121)) - 7b1e61a0-7daf-43dd-99d5-9b325c1d31ae: shutdown FollowerState
2019-10-20 17:40:26,812 [Thread-1672] INFO  impl.FollowerState (FollowerState.java:run(117)) - 8a63e1ae-032e-4bed-9f20-125a11f65413@group-091950D56227-FollowerState was interrupted: java.lang.InterruptedException: sleep interrupted
2019-10-20 17:40:26,812 [grpc-default-executor-1] INFO  impl.RoleInfo (RoleInfo.java:updateAndGet(143)) - 8a63e1ae-032e-4bed-9f20-125a11f65413: start FollowerState
2019-10-20 17:40:26,812 [Thread-1671] INFO  impl.FollowerState (FollowerState.java:run(117)) - 7b1e61a0-7daf-43dd-99d5-9b325c1d31ae@group-091950D56227-FollowerState was interrupted: java.lang.InterruptedException: sleep interrupted
2019-10-20 17:40:26,812 [grpc-default-executor-2] INFO  impl.RoleInfo (RoleInfo.java:updateAndGet(143)) - 7b1e61a0-7daf-43dd-99d5-9b325c1d31ae: start FollowerState
2019-10-20 17:40:26,828 [8f18dce1-0a3d-4b65-9c78-af3d58b2da7f@group-091950D56227-LeaderElection233] INFO  impl.LeaderElection (LeaderElection.java:logAndReturn(56)) - 8f18dce1-0a3d-4b65-9c78-af3d58b2da7f@group-091950D56227-LeaderElection233: Election TIMEOUT; received 0 response(s) [] and 0 exception(s); 8f18dce1-0a3d-4b65-9c78-af3d58b2da7f@group-091950D56227:t275, leader=null, voted=8f18dce1-0a3d-4b65-9c78-af3d58b2da7f, raftlog=8f18dce1-0a3d-4b65-9c78-af3d58b2da7f@group-091950D56227-SegmentedRaftLog:OPENED:c-1,f-1,i0, conf=-1: [8a63e1ae-032e-4bed-9f20-125a11f65413:0.0.0.0:38685, 8f18dce1-0a3d-4b65-9c78-af3d58b2da7f:0.0.0.0:42489, 7b1e61a0-7daf-43dd-99d5-9b325c1d31ae:0.0.0.0:38412], old=null
2019-10-20 17:40:26,853 [8f18dce1-0a3d-4b65-9c78-af3d58b2da7f@group-091950D56227-LeaderElection233] INFO  impl.LeaderElection (LeaderElection.java:askForVotes(178)) - 8f18dce1-0a3d-4b65-9c78-af3d58b2da7f@group-091950D56227-LeaderElection233: begin an election at term 276 for -1: [8a63e1ae-032e-4bed-9f20-125a11f65413:0.0.0.0:38685, 8f18dce1-0a3d-4b65-9c78-af3d58b2da7f:0.0.0.0:42489, 7b1e61a0-7daf-43dd-99d5-9b325c1d31ae:0.0.0.0:38412], old=null
2019-10-20 17:40:26,854 [grpc-default-executor-1] INFO  impl.RaftServerImpl (RaftServerImpl.java:setRole(184)) - 8a63e1ae-032e-4bed-9f20-125a11f65413@group-091950D56227: changes role from  FOLLOWER to FOLLOWER at term 276 for recognizeCandidate:8f18dce1-0a3d-4b65-9c78-af3d58b2da7f
2019-10-20 17:40:26,854 [grpc-default-executor-1] INFO  impl.RoleInfo (RoleInfo.java:shutdownFollowerState(121)) - 8a63e1ae-032e-4bed-9f20-125a11f65413: shutdown FollowerState
2019-10-20 17:40:26,854 [grpc-default-executor-1] INFO  impl.RoleInfo (RoleInfo.java:updateAndGet(143)) - 8a63e1ae-032e-4bed-9f20-125a11f65413: start FollowerState
2019-10-20 17:40:26,854 [Thread-1677] INFO  impl.FollowerState (FollowerState.java:run(117)) - 8a63e1ae-032e-4bed-9f20-125a11f65413@group-091950D56227-FollowerState was interrupted: java.lang.InterruptedException: sleep interrupted
2019-10-20 17:40:26,854 [grpc-default-executor-2] INFO  impl.RaftServerImpl (RaftServerImpl.java:setRole(184)) - 7b1e61a0-7daf-43dd-99d5-9b325c1d31ae@group-091950D56227: changes role from  FOLLOWER to FOLLOWER at term 276 for recognizeCandidate:8f18dce1-0a3d-4b65-9c78-af3d58b2da7f
2019-10-20 17:40:26,855 [grpc-default-executor-2] INFO  impl.RoleInfo (RoleInfo.java:shutdownFollowerState(121)) - 7b1e61a0-7daf-43dd-99d5-9b325c1d31ae: shutdown FollowerState
2019-10-20 17:40:26,855 [grpc-default-executor-2] INFO  impl.RoleInfo (RoleInfo.java:updateAndGet(143)) - 7b1e61a0-7daf-43dd-99d5-9b325c1d31ae: start FollowerState
2019-10-20 17:40:26,855 [Thread-1678] INFO  impl.FollowerState (FollowerState.java:run(117)) - 7b1e61a0-7daf-43dd-99d5-9b325c1d31ae@group-091950D56227-FollowerState was interrupted: java.lang.InterruptedException: sleep interrupted
2019-10-20 17:40:26,879 [8f18dce1-0a3d-4b65-9c78-af3d58b2da7f@group-091950D56227-LeaderElection233] INFO  impl.LeaderElection (LeaderElection.java:logAndReturn(56)) - 8f18dce1-0a3d-4b65-9c78-af3d58b2da7f@group-091950D56227-LeaderElection233: Election REJECTED; received 2 response(s) [8f18dce1-0a3d-4b65-9c78-af3d58b2da7f<-8a63e1ae-032e-4bed-9f20-125a11f65413#0:FAIL-t276, 8f18dce1-0a3d-4b65-9c78-af3d58b2da7f<-7b1e61a0-7daf-43dd-99d5-9b325c1d31ae#0:FAIL-t276] and 0 exception(s); 8f18dce1-0a3d-4b65-9c78-af3d58b2da7f@group-091950D56227:t276, leader=null, voted=8f18dce1-0a3d-4b65-9c78-af3d58b2da7f, raftlog=8f18dce1-0a3d-4b65-9c78-af3d58b2da7f@group-091950D56227-SegmentedRaftLog:OPENED:c-1,f-1,i0, conf=-1: [8a63e1ae-032e-4bed-9f20-125a11f65413:0.0.0.0:38685, 8f18dce1-0a3d-4b65-9c78-af3d58b2da7f:0.0.0.0:42489, 7b1e61a0-7daf-43dd-99d5-9b325c1d31ae:0.0.0.0:38412], old=null
2019-10-20 17:40:26,879 [8f18dce1-0a3d-4b65-9c78-af3d58b2da7f@group-091950D56227-LeaderElection233] INFO  impl.RaftServerImpl (RaftServerImpl.java:setRole(184)) - 8f18dce1-0a3d-4b65-9c78-af3d58b2da7f@group-091950D56227: changes role from CANDIDATE to FOLLOWER at term 276 for DISCOVERED_A_NEW_TERM
2019-10-20 17:40:26,880 [8f18dce1-0a3d-4b65-9c78-af3d58b2da7f@group-091950D56227-LeaderElection233] INFO  impl.RoleInfo (RoleInfo.java:shutdownLeaderElection(134)) - 8f18dce1-0a3d-4b65-9c78-af3d58b2da7f: shutdown LeaderElection
2019-10-20 17:40:26,880 [8f18dce1-0a3d-4b65-9c78-af3d58b2da7f@group-091950D56227-LeaderElection233] INFO  impl.RoleInfo (RoleInfo.java:updateAndGet(143)) - 8f18dce1-0a3d-4b65-9c78-af3d58b2da7f: start FollowerState
2019-10-20 17:40:27,016 [Thread-1683] INFO  impl.FollowerState (FollowerState.java:run(108)) - 8f18dce1-0a3d-4b65-9c78-af3d58b2da7f@group-091950D56227-FollowerState: change to CANDIDATE, lastRpcTime:136ms, electionTimeout:136ms
2019-10-20 17:40:27,017 [Thread-1683] INFO  impl.RoleInfo (RoleInfo.java:shutdownFollowerState(121)) - 8f18dce1-0a3d-4b65-9c78-af3d58b2da7f: shutdown FollowerState
2019-10-20 17:40:27,017 [Thread-1683] INFO  impl.RaftServerImpl (RaftServerImpl.java:setRole(184)) - 8f18dce1-0a3d-4b65-9c78-af3d58b2da7f@group-091950D56227: changes role from  FOLLOWER to CANDIDATE at term 276 for changeToCandidate
2019-10-20 17:40:27,017 [Thread-1683] INFO  impl.RoleInfo (RoleInfo.java:updateAndGet(143)) - 8f18dce1-0a3d-4b65-9c78-af3d58b2da7f: start LeaderElection
2019-10-20 17:40:27,045 [8f18dce1-0a3d-4b65-9c78-af3d58b2da7f@group-091950D56227-LeaderElection234] INFO  impl.LeaderElection (LeaderElection.java:askForVotes(178)) - 8f18dce1-0a3d-4b65-9c78-af3d58b2da7f@group-091950D56227-LeaderElection234: begin an election at term 277 for -1: [8a63e1ae-032e-4bed-9f20-125a11f65413:0.0.0.0:38685, 8f18dce1-0a3d-4b65-9c78-af3d58b2da7f:0.0.0.0:42489, 7b1e61a0-7daf-43dd-99d5-9b325c1d31ae:0.0.0.0:38412], old=null
2019-10-20 17:40:27,048 [grpc-default-executor-1] INFO  impl.RaftServerImpl (RaftServerImpl.java:setRole(184)) - 8a63e1ae-032e-4bed-9f20-125a11f65413@group-091950D56227: changes role from  FOLLOWER to FOLLOWER at term 277 for recognizeCandidate:8f18dce1-0a3d-4b65-9c78-af3d58b2da7f
2019-10-20 17:40:27,048 [grpc-default-executor-2] INFO  impl.RaftServerImpl (RaftServerImpl.java:setRole(184)) - 7b1e61a0-7daf-43dd-99d5-9b325c1d31ae@group-091950D56227: changes role from  FOLLOWER to FOLLOWER at term 277 for recognizeCandidate:8f18dce1-0a3d-4b65-9c78-af3d58b2da7f
2019-10-20 17:40:27,048 [grpc-default-executor-2] INFO  impl.RoleInfo (RoleInfo.java:shutdownFollowerState(121)) - 7b1e61a0-7daf-43dd-99d5-9b325c1d31ae: shutdown FollowerState
2019-10-20 17:40:27,048 [grpc-default-executor-1] INFO  impl.RoleInfo (RoleInfo.java:shutdownFollowerState(121)) - 8a63e1ae-032e-4bed-9f20-125a11f65413: shutdown FollowerState
2019-10-20 17:40:27,048 [Thread-1682] INFO  impl.FollowerState (FollowerState.java:run(117)) - 7b1e61a0-7daf-43dd-99d5-9b325c1d31ae@group-091950D56227-FollowerState was interrupted: java.lang.InterruptedException: sleep interrupted
2019-10-20 17:40:27,048 [grpc-default-executor-2] INFO  impl.RoleInfo (RoleInfo.java:updateAndGet(143)) - 7b1e61a0-7daf-43dd-99d5-9b325c1d31ae: start FollowerState
2019-10-20 17:40:27,048 [grpc-default-executor-1] INFO  impl.RoleInfo (RoleInfo.java:updateAndGet(143)) - 8a63e1ae-032e-4bed-9f20-125a11f65413: start FollowerState
2019-10-20 17:40:27,048 [Thread-1681] INFO  impl.FollowerState (FollowerState.java:run(117)) - 8a63e1ae-032e-4bed-9f20-125a11f65413@group-091950D56227-FollowerState was interrupted: java.lang.InterruptedException: sleep interrupted
2019-10-20 17:40:27,051 [8f18dce1-0a3d-4b65-9c78-af3d58b2da7f@group-091950D56227-LeaderElection234] INFO  impl.LeaderElection (LeaderElection.java:logAndReturn(56)) - 8f18dce1-0a3d-4b65-9c78-af3d58b2da7f@group-091950D56227-LeaderElection234: Election TIMEOUT; received 0 response(s) [] and 0 exception(s); 8f18dce1-0a3d-4b65-9c78-af3d58b2da7f@group-091950D56227:t277, leader=null, voted=8f18dce1-0a3d-4b65-9c78-af3d58b2da7f, raftlog=8f18dce1-0a3d-4b65-9c78-af3d58b2da7f@group-091950D56227-SegmentedRaftLog:OPENED:c-1,f-1,i0, conf=-1: [8a63e1ae-032e-4bed-9f20-125a11f65413:0.0.0.0:38685, 8f18dce1-0a3d-4b65-9c78-af3d58b2da7f:0.0.0.0:42489, 7b1e61a0-7daf-43dd-99d5-9b325c1d31ae:0.0.0.0:38412], old=null
2019-10-20 17:40:27,071 [8f18dce1-0a3d-4b65-9c78-af3d58b2da7f@group-091950D56227-LeaderElection234] INFO  impl.LeaderElection (LeaderElection.java:askForVotes(178)) - 8f18dce1-0a3d-4b65-9c78-af3d58b2da7f@group-091950D56227-LeaderElection234: begin an election at term 278 for -1: [8a63e1ae-032e-4bed-9f20-125a11f65413:0.0.0.0:38685, 8f18dce1-0a3d-4b65-9c78-af3d58b2da7f:0.0.0.0:42489, 7b1e61a0-7daf-43dd-99d5-9b325c1d31ae:0.0.0.0:38412], old=null
2019-10-20 17:40:27,072 [grpc-default-executor-2] INFO  impl.RaftServerImpl (RaftServerImpl.java:setRole(184)) - 8a63e1ae-032e-4bed-9f20-125a11f65413@group-091950D56227: changes role from  FOLLOWER to FOLLOWER at term 278 for recognizeCandidate:8f18dce1-0a3d-4b65-9c78-af3d58b2da7f
2019-10-20 17:40:27,072 [grpc-default-executor-2] INFO  impl.RoleInfo (RoleInfo.java:shutdownFollowerState(121)) - 8a63e1ae-032e-4bed-9f20-125a11f65413: shutdown FollowerState
2019-10-20 17:40:27,072 [grpc-default-executor-1] INFO  impl.RaftServerImpl (RaftServerImpl.java:setRole(184)) - 7b1e61a0-7daf-43dd-99d5-9b325c1d31ae@group-091950D56227: changes role from  FOLLOWER to FOLLOWER at term 278 for recognizeCandidate:8f18dce1-0a3d-4b65-9c78-af3d58b2da7f
2019-10-20 17:40:27,073 [grpc-default-executor-1] INFO  impl.RoleInfo (RoleInfo.java:shutdownFollowerState(121)) - 7b1e61a0-7daf-43dd-99d5-9b325c1d31ae: shutdown FollowerState
2019-10-20 17:40:27,073 [Thread-1688] INFO  impl.FollowerState (FollowerState.java:run(117)) - 8a63e1ae-032e-4bed-9f20-125a11f65413@group-091950D56227-FollowerState was interrupted: java.lang.InterruptedException: sleep interrupted
2019-10-20 17:40:27,073 [Thread-1687] INFO  impl.FollowerState (FollowerState.java:run(117)) - 7b1e61a0-7daf-43dd-99d5-9b325c1d31ae@group-091950D56227-FollowerState was interrupted: java.lang.InterruptedException: sleep interrupted
2019-10-20 17:40:27,072 [grpc-default-executor-2] INFO  impl.RoleInfo (RoleInfo.java:updateAndGet(143)) - 8a63e1ae-032e-4bed-9f20-125a11f65413: start FollowerState
2019-10-20 17:40:27,073 [grpc-default-executor-1] INFO  impl.RoleInfo (RoleInfo.java:updateAndGet(143)) - 7b1e61a0-7daf-43dd-99d5-9b325c1d31ae: start FollowerState
2019-10-20 17:40:27,097 [8f18dce1-0a3d-4b65-9c78-af3d58b2da7f@group-091950D56227-LeaderElection234] INFO  impl.LeaderElection (LeaderElection.java:logAndReturn(56)) - 8f18dce1-0a3d-4b65-9c78-af3d58b2da7f@group-091950D56227-LeaderElection234: Election REJECTED; received 2 response(s) [8f18dce1-0a3d-4b65-9c78-af3d58b2da7f<-8a63e1ae-032e-4bed-9f20-125a11f65413#0:FAIL-t278, 8f18dce1-0a3d-4b65-9c78-af3d58b2da7f<-7b1e61a0-7daf-43dd-99d5-9b325c1d31ae#0:FAIL-t278] and 0 exception(s); 8f18dce1-0a3d-4b65-9c78-af3d58b2da7f@group-091950D56227:t278, leader=null, voted=8f18dce1-0a3d-4b65-9c78-af3d58b2da7f, raftlog=8f18dce1-0a3d-4b65-9c78-af3d58b2da7f@group-091950D56227-SegmentedRaftLog:OPENED:c-1,f-1,i0, conf=-1: [8a63e1ae-032e-4bed-9f20-125a11f65413:0.0.0.0:38685, 8f18dce1-0a3d-4b65-9c78-af3d58b2da7f:0.0.0.0:42489, 7b1e61a0-7daf-43dd-99d5-9b325c1d31ae:0.0.0.0:38412], old=null
2019-10-20 17:40:27,097 [8f18dce1-0a3d-4b65-9c78-af3d58b2da7f@group-091950D56227-LeaderElection234] INFO  impl.RaftServerImpl (RaftServerImpl.java:setRole(184)) - 8f18dce1-0a3d-4b65-9c78-af3d58b2da7f@group-091950D56227: changes role from CANDIDATE to FOLLOWER at term 278 for DISCOVERED_A_NEW_TERM
2019-10-20 17:40:27,098 [8f18dce1-0a3d-4b65-9c78-af3d58b2da7f@group-091950D56227-LeaderElection234] INFO  impl.RoleInfo (RoleInfo.java:shutdownLeaderElection(134)) - 8f18dce1-0a3d-4b65-9c78-af3d58b2da7f: shutdown LeaderElection
2019-10-20 17:40:27,098 [8f18dce1-0a3d-4b65-9c78-af3d58b2da7f@group-091950D56227-LeaderElection234] INFO  impl.RoleInfo (RoleInfo.java:updateAndGet(143)) - 8f18dce1-0a3d-4b65-9c78-af3d58b2da7f: start FollowerState
2019-10-20 17:40:27,181 [Thread-1693] INFO  impl.FollowerState (FollowerState.java:run(108)) - 8f18dce1-0a3d-4b65-9c78-af3d58b2da7f@group-091950D56227-FollowerState: change to CANDIDATE, lastRpcTime:83ms, electionTimeout:83ms
2019-10-20 17:40:27,181 [Thread-1693] INFO  impl.RoleInfo (RoleInfo.java:shutdownFollowerState(121)) - 8f18dce1-0a3d-4b65-9c78-af3d58b2da7f: shutdown FollowerState
2019-10-20 17:40:27,181 [Thread-1693] INFO  impl.RaftServerImpl (RaftServerImpl.java:setRole(184)) - 8f18dce1-0a3d-4b65-9c78-af3d58b2da7f@group-091950D56227: changes role from  FOLLOWER to CANDIDATE at term 278 for changeToCandidate
2019-10-20 17:40:27,182 [Thread-1693] INFO  impl.RoleInfo (RoleInfo.java:updateAndGet(143)) - 8f18dce1-0a3d-4b65-9c78-af3d58b2da7f: start LeaderElection
2019-10-20 17:40:27,205 [8f18dce1-0a3d-4b65-9c78-af3d58b2da7f@group-091950D56227-LeaderElection235] INFO  impl.LeaderElection (LeaderElection.java:askForVotes(178)) - 8f18dce1-0a3d-4b65-9c78-af3d58b2da7f@group-091950D56227-LeaderElection235: begin an election at term 279 for -1: [8a63e1ae-032e-4bed-9f20-125a11f65413:0.0.0.0:38685, 8f18dce1-0a3d-4b65-9c78-af3d58b2da7f:0.0.0.0:42489, 7b1e61a0-7daf-43dd-99d5-9b325c1d31ae:0.0.0.0:38412], old=null
2019-10-20 17:40:27,207 [grpc-default-executor-2] INFO  impl.RaftServerImpl (RaftServerImpl.java:setRole(184)) - 7b1e61a0-7daf-43dd-99d5-9b325c1d31ae@group-091950D56227: changes role from  FOLLOWER to FOLLOWER at term 279 for recognizeCandidate:8f18dce1-0a3d-4b65-9c78-af3d58b2da7f
2019-10-20 17:40:27,207 [grpc-default-executor-2] INFO  impl.RoleInfo (RoleInfo.java:shutdownFollowerState(121)) - 7b1e61a0-7daf-43dd-99d5-9b325c1d31ae: shutdown FollowerState
2019-10-20 17:40:27,207 [grpc-default-executor-2] INFO  impl.RoleInfo (RoleInfo.java:updateAndGet(143)) - 7b1e61a0-7daf-43dd-99d5-9b325c1d31ae: start FollowerState
2019-10-20 17:40:27,207 [Thread-1692] INFO  impl.FollowerState (FollowerState.java:run(117)) - 7b1e61a0-7daf-43dd-99d5-9b325c1d31ae@group-091950D56227-FollowerState was interrupted: java.lang.InterruptedException: sleep interrupted
2019-10-20 17:40:27,208 [grpc-default-executor-1] INFO  impl.RaftServerImpl (RaftServerImpl.java:setRole(184)) - 8a63e1ae-032e-4bed-9f20-125a11f65413@group-091950D56227: changes role from  FOLLOWER to FOLLOWER at term 279 for recognizeCandidate:8f18dce1-0a3d-4b65-9c78-af3d58b2da7f
2019-10-20 17:40:27,208 [grpc-default-executor-1] INFO  impl.RoleInfo (RoleInfo.java:shutdownFollowerState(121)) - 8a63e1ae-032e-4bed-9f20-125a11f65413: shutdown FollowerState
2019-10-20 17:40:27,208 [grpc-default-executor-1] INFO  impl.RoleInfo (RoleInfo.java:updateAndGet(143)) - 8a63e1ae-032e-4bed-9f20-125a11f65413: start FollowerState
2019-10-20 17:40:27,208 [Thread-1691] INFO  impl.FollowerState (FollowerState.java:run(117)) - 8a63e1ae-032e-4bed-9f20-125a11f65413@group-091950D56227-FollowerState was interrupted: java.lang.InterruptedException: sleep interrupted
2019-10-20 17:40:27,232 [8f18dce1-0a3d-4b65-9c78-af3d58b2da7f@group-091950D56227-LeaderElection235] INFO  impl.LeaderElection (LeaderElection.java:logAndReturn(56)) - 8f18dce1-0a3d-4b65-9c78-af3d58b2da7f@group-091950D56227-LeaderElection235: Election REJECTED; received 2 response(s) [8f18dce1-0a3d-4b65-9c78-af3d58b2da7f<-8a63e1ae-032e-4bed-9f20-125a11f65413#0:FAIL-t279, 8f18dce1-0a3d-4b65-9c78-af3d58b2da7f<-7b1e61a0-7daf-43dd-99d5-9b325c1d31ae#0:FAIL-t279] and 0 exception(s); 8f18dce1-0a3d-4b65-9c78-af3d58b2da7f@group-091950D56227:t279, leader=null, voted=8f18dce1-0a3d-4b65-9c78-af3d58b2da7f, raftlog=8f18dce1-0a3d-4b65-9c78-af3d58b2da7f@group-091950D56227-SegmentedRaftLog:OPENED:c-1,f-1,i0, conf=-1: [8a63e1ae-032e-4bed-9f20-125a11f65413:0.0.0.0:38685, 8f18dce1-0a3d-4b65-9c78-af3d58b2da7f:0.0.0.0:42489, 7b1e61a0-7daf-43dd-99d5-9b325c1d31ae:0.0.0.0:38412], old=null
2019-10-20 17:40:27,232 [8f18dce1-0a3d-4b65-9c78-af3d58b2da7f@group-091950D56227-LeaderElection235] INFO  impl.RaftServerImpl (RaftServerImpl.java:setRole(184)) - 8f18dce1-0a3d-4b65-9c78-af3d58b2da7f@group-091950D56227: changes role from CANDIDATE to FOLLOWER at term 279 for DISCOVERED_A_NEW_TERM
2019-10-20 17:40:27,232 [8f18dce1-0a3d-4b65-9c78-af3d58b2da7f@group-091950D56227-LeaderElection235] INFO  impl.RoleInfo (RoleInfo.java:shutdownLeaderElection(134)) - 8f18dce1-0a3d-4b65-9c78-af3d58b2da7f: shutdown LeaderElection
2019-10-20 17:40:27,232 [8f18dce1-0a3d-4b65-9c78-af3d58b2da7f@group-091950D56227-LeaderElection235] INFO  impl.RoleInfo (RoleInfo.java:updateAndGet(143)) - 8f18dce1-0a3d-4b65-9c78-af3d58b2da7f: start FollowerState
2019-10-20 17:40:27,246 [Thread-1699] INFO  impl.FollowerState (FollowerState.java:run(108)) - 8f18dce1-0a3d-4b65-9c78-af3d58b2da7f@group-091950D56227-FollowerState: change to CANDIDATE, lastRpcTime:13ms, electionTimeout:13ms
2019-10-20 17:40:27,246 [Thread-1699] INFO  impl.RoleInfo (RoleInfo.java:shutdownFollowerState(121)) - 8f18dce1-0a3d-4b65-9c78-af3d58b2da7f: shutdown FollowerState
2019-10-20 17:40:27,246 [Thread-1699] INFO  impl.RaftServerImpl (RaftServerImpl.java:setRole(184)) - 8f18dce1-0a3d-4b65-9c78-af3d58b2da7f@group-091950D56227: changes role from  FOLLOWER to CANDIDATE at term 279 for changeToCandidate
2019-10-20 17:40:27,246 [Thread-1699] INFO  impl.RoleInfo (RoleInfo.java:updateAndGet(143)) - 8f18dce1-0a3d-4b65-9c78-af3d58b2da7f: start LeaderElection
2019-10-20 17:40:27,273 [8f18dce1-0a3d-4b65-9c78-af3d58b2da7f@group-091950D56227-LeaderElection236] INFO  impl.LeaderElection (LeaderElection.java:askForVotes(178)) - 8f18dce1-0a3d-4b65-9c78-af3d58b2da7f@group-091950D56227-LeaderElection236: begin an election at term 280 for -1: [8a63e1ae-032e-4bed-9f20-125a11f65413:0.0.0.0:38685, 8f18dce1-0a3d-4b65-9c78-af3d58b2da7f:0.0.0.0:42489, 7b1e61a0-7daf-43dd-99d5-9b325c1d31ae:0.0.0.0:38412], old=null
2019-10-20 17:40:27,277 [grpc-default-executor-1] INFO  impl.RaftServerImpl (RaftServerImpl.java:setRole(184)) - 7b1e61a0-7daf-43dd-99d5-9b325c1d31ae@group-091950D56227: changes role from  FOLLOWER to FOLLOWER at term 280 for recognizeCandidate:8f18dce1-0a3d-4b65-9c78-af3d58b2da7f
2019-10-20 17:40:27,277 [grpc-default-executor-2] INFO  impl.RaftServerImpl (RaftServerImpl.java:setRole(184)) - 8a63e1ae-032e-4bed-9f20-125a11f65413@group-091950D56227: changes role from  FOLLOWER to FOLLOWER at term 280 for recognizeCandidate:8f18dce1-0a3d-4b65-9c78-af3d58b2da7f
2019-10-20 17:40:27,278 [grpc-default-executor-1] INFO  impl.RoleInfo (RoleInfo.java:shutdownFollowerState(121)) - 7b1e61a0-7daf-43dd-99d5-9b325c1d31ae: shutdown FollowerState
2019-10-20 17:40:27,278 [grpc-default-executor-2] INFO  impl.RoleInfo (RoleInfo.java:shutdownFollowerState(121)) - 8a63e1ae-032e-4bed-9f20-125a11f65413: shutdown FollowerState
2019-10-20 17:40:27,278 [grpc-default-executor-1] INFO  impl.RoleInfo (RoleInfo.java:updateAndGet(143)) - 7b1e61a0-7daf-43dd-99d5-9b325c1d31ae: start FollowerState
2019-10-20 17:40:27,278 [Thread-1697] INFO  impl.FollowerState (FollowerState.java:run(117)) - 7b1e61a0-7daf-43dd-99d5-9b325c1d31ae@group-091950D56227-FollowerState was interrupted: java.lang.InterruptedException: sleep interrupted
2019-10-20 17:40:27,278 [Thread-1698] INFO  impl.FollowerState (FollowerState.java:run(117)) - 8a63e1ae-032e-4bed-9f20-125a11f65413@group-091950D56227-FollowerState was interrupted: java.lang.InterruptedException: sleep interrupted
2019-10-20 17:40:27,278 [grpc-default-executor-2] INFO  impl.RoleInfo (RoleInfo.java:updateAndGet(143)) - 8a63e1ae-032e-4bed-9f20-125a11f65413: start FollowerState
2019-10-20 17:40:27,295 [8f18dce1-0a3d-4b65-9c78-af3d58b2da7f@group-091950D56227-LeaderElection236] INFO  impl.LeaderElection (LeaderElection.java:logAndReturn(56)) - 8f18dce1-0a3d-4b65-9c78-af3d58b2da7f@group-091950D56227-LeaderElection236: Election TIMEOUT; received 0 response(s) [] and 0 exception(s); 8f18dce1-0a3d-4b65-9c78-af3d58b2da7f@group-091950D56227:t280, leader=null, voted=8f18dce1-0a3d-4b65-9c78-af3d58b2da7f, raftlog=8f18dce1-0a3d-4b65-9c78-af3d58b2da7f@group-091950D56227-SegmentedRaftLog:OPENED:c-1,f-1,i0, conf=-1: [8a63e1ae-032e-4bed-9f20-125a11f65413:0.0.0.0:38685, 8f18dce1-0a3d-4b65-9c78-af3d58b2da7f:0.0.0.0:42489, 7b1e61a0-7daf-43dd-99d5-9b325c1d31ae:0.0.0.0:38412], old=null
2019-10-20 17:40:27,325 [8f18dce1-0a3d-4b65-9c78-af3d58b2da7f@group-091950D56227-LeaderElection236] INFO  impl.LeaderElection (LeaderElection.java:askForVotes(178)) - 8f18dce1-0a3d-4b65-9c78-af3d58b2da7f@group-091950D56227-LeaderElection236: begin an election at term 281 for -1: [8a63e1ae-032e-4bed-9f20-125a11f65413:0.0.0.0:38685, 8f18dce1-0a3d-4b65-9c78-af3d58b2da7f:0.0.0.0:42489, 7b1e61a0-7daf-43dd-99d5-9b325c1d31ae:0.0.0.0:38412], old=null
2019-10-20 17:40:27,327 [grpc-default-executor-1] INFO  impl.RaftServerImpl (RaftServerImpl.java:setRole(184)) - 7b1e61a0-7daf-43dd-99d5-9b325c1d31ae@group-091950D56227: changes role from  FOLLOWER to FOLLOWER at term 281 for recognizeCandidate:8f18dce1-0a3d-4b65-9c78-af3d58b2da7f
2019-10-20 17:40:27,327 [grpc-default-executor-1] INFO  impl.RoleInfo (RoleInfo.java:shutdownFollowerState(121)) - 7b1e61a0-7daf-43dd-99d5-9b325c1d31ae: shutdown FollowerState
2019-10-20 17:40:27,327 [grpc-default-executor-2] INFO  impl.RaftServerImpl (RaftServerImpl.java:setRole(184)) - 8a63e1ae-032e-4bed-9f20-125a11f65413@group-091950D56227: changes role from  FOLLOWER to FOLLOWER at term 281 for recognizeCandidate:8f18dce1-0a3d-4b65-9c78-af3d58b2da7f
2019-10-20 17:40:27,327 [grpc-default-executor-2] INFO  impl.RoleInfo (RoleInfo.java:shutdownFollowerState(121)) - 8a63e1ae-032e-4bed-9f20-125a11f65413: shutdown FollowerState
2019-10-20 17:40:27,327 [grpc-default-executor-1] INFO  impl.RoleInfo (RoleInfo.java:updateAndGet(143)) - 7b1e61a0-7daf-43dd-99d5-9b325c1d31ae: start FollowerState
2019-10-20 17:40:27,327 [Thread-1705] INFO  impl.FollowerState (FollowerState.java:run(117)) - 7b1e61a0-7daf-43dd-99d5-9b325c1d31ae@group-091950D56227-FollowerState was interrupted: java.lang.InterruptedException: sleep interrupted
2019-10-20 17:40:27,327 [Thread-1706] INFO  impl.FollowerState (FollowerState.java:run(117)) - 8a63e1ae-032e-4bed-9f20-125a11f65413@group-091950D56227-FollowerState was interrupted: java.lang.InterruptedException: sleep interrupted
2019-10-20 17:40:27,327 [grpc-default-executor-2] INFO  impl.RoleInfo (RoleInfo.java:updateAndGet(143)) - 8a63e1ae-032e-4bed-9f20-125a11f65413: start FollowerState
2019-10-20 17:40:27,352 [8f18dce1-0a3d-4b65-9c78-af3d58b2da7f@group-091950D56227-LeaderElection236] INFO  impl.LeaderElection (LeaderElection.java:logAndReturn(56)) - 8f18dce1-0a3d-4b65-9c78-af3d58b2da7f@group-091950D56227-LeaderElection236: Election REJECTED; received 2 response(s) [8f18dce1-0a3d-4b65-9c78-af3d58b2da7f<-8a63e1ae-032e-4bed-9f20-125a11f65413#0:FAIL-t281, 8f18dce1-0a3d-4b65-9c78-af3d58b2da7f<-7b1e61a0-7daf-43dd-99d5-9b325c1d31ae#0:FAIL-t281] and 0 exception(s); 8f18dce1-0a3d-4b65-9c78-af3d58b2da7f@group-091950D56227:t281, leader=null, voted=8f18dce1-0a3d-4b65-9c78-af3d58b2da7f, raftlog=8f18dce1-0a3d-4b65-9c78-af3d58b2da7f@group-091950D56227-SegmentedRaftLog:OPENED:c-1,f-1,i0, conf=-1: [8a63e1ae-032e-4bed-9f20-125a11f65413:0.0.0.0:38685, 8f18dce1-0a3d-4b65-9c78-af3d58b2da7f:0.0.0.0:42489, 7b1e61a0-7daf-43dd-99d5-9b325c1d31ae:0.0.0.0:38412], old=null
2019-10-20 17:40:27,352 [8f18dce1-0a3d-4b65-9c78-af3d58b2da7f@group-091950D56227-LeaderElection236] INFO  impl.RaftServerImpl (RaftServerImpl.java:setRole(184)) - 8f18dce1-0a3d-4b65-9c78-af3d58b2da7f@group-091950D56227: changes role from CANDIDATE to FOLLOWER at term 281 for DISCOVERED_A_NEW_TERM
2019-10-20 17:40:27,352 [8f18dce1-0a3d-4b65-9c78-af3d58b2da7f@group-091950D56227-LeaderElection236] INFO  impl.RoleInfo (RoleInfo.java:shutdownLeaderElection(134)) - 8f18dce1-0a3d-4b65-9c78-af3d58b2da7f: shutdown LeaderElection
2019-10-20 17:40:27,352 [8f18dce1-0a3d-4b65-9c78-af3d58b2da7f@group-091950D56227-LeaderElection236] INFO  impl.RoleInfo (RoleInfo.java:updateAndGet(143)) - 8f18dce1-0a3d-4b65-9c78-af3d58b2da7f: start FollowerState
2019-10-20 17:40:27,371 [Thread-1711] INFO  impl.FollowerState (FollowerState.java:run(108)) - 8f18dce1-0a3d-4b65-9c78-af3d58b2da7f@group-091950D56227-FollowerState: change to CANDIDATE, lastRpcTime:18ms, electionTimeout:18ms
2019-10-20 17:40:27,371 [Thread-1711] INFO  impl.RoleInfo (RoleInfo.java:shutdownFollowerState(121)) - 8f18dce1-0a3d-4b65-9c78-af3d58b2da7f: shutdown FollowerState
2019-10-20 17:40:27,371 [Thread-1711] INFO  impl.RaftServerImpl (RaftServerImpl.java:setRole(184)) - 8f18dce1-0a3d-4b65-9c78-af3d58b2da7f@group-091950D56227: changes role from  FOLLOWER to CANDIDATE at term 281 for changeToCandidate
2019-10-20 17:40:27,371 [Thread-1711] INFO  impl.RoleInfo (RoleInfo.java:updateAndGet(143)) - 8f18dce1-0a3d-4b65-9c78-af3d58b2da7f: start LeaderElection
2019-10-20 17:40:27,394 [8f18dce1-0a3d-4b65-9c78-af3d58b2da7f@group-091950D56227-LeaderElection237] INFO  impl.LeaderElection (LeaderElection.java:askForVotes(178)) - 8f18dce1-0a3d-4b65-9c78-af3d58b2da7f@group-091950D56227-LeaderElection237: begin an election at term 282 for -1: [8a63e1ae-032e-4bed-9f20-125a11f65413:0.0.0.0:38685, 8f18dce1-0a3d-4b65-9c78-af3d58b2da7f:0.0.0.0:42489, 7b1e61a0-7daf-43dd-99d5-9b325c1d31ae:0.0.0.0:38412], old=null
2019-10-20 17:40:27,396 [grpc-default-executor-1] INFO  impl.RaftServerImpl (RaftServerImpl.java:setRole(184)) - 7b1e61a0-7daf-43dd-99d5-9b325c1d31ae@group-091950D56227: changes role from  FOLLOWER to FOLLOWER at term 282 for recognizeCandidate:8f18dce1-0a3d-4b65-9c78-af3d58b2da7f
2019-10-20 17:40:27,396 [grpc-default-executor-1] INFO  impl.RoleInfo (RoleInfo.java:shutdownFollowerState(121)) - 7b1e61a0-7daf-43dd-99d5-9b325c1d31ae: shutdown FollowerState
2019-10-20 17:40:27,396 [grpc-default-executor-2] INFO  impl.RaftServerImpl (RaftServerImpl.java:setRole(184)) - 8a63e1ae-032e-4bed-9f20-125a11f65413@group-091950D56227: changes role from  FOLLOWER to FOLLOWER at term 282 for recognizeCandidate:8f18dce1-0a3d-4b65-9c78-af3d58b2da7f
2019-10-20 17:40:27,396 [grpc-default-executor-2] INFO  impl.RoleInfo (RoleInfo.java:shutdownFollowerState(121)) - 8a63e1ae-032e-4bed-9f20-125a11f65413: shutdown FollowerState
2019-10-20 17:40:27,396 [grpc-default-executor-1] INFO  impl.RoleInfo (RoleInfo.java:updateAndGet(143)) - 7b1e61a0-7daf-43dd-99d5-9b325c1d31ae: start FollowerState
2019-10-20 17:40:27,396 [Thread-1709] INFO  impl.FollowerState (FollowerState.java:run(117)) - 7b1e61a0-7daf-43dd-99d5-9b325c1d31ae@group-091950D56227-FollowerState was interrupted: java.lang.InterruptedException: sleep interrupted
2019-10-20 17:40:27,396 [Thread-1710] INFO  impl.FollowerState (FollowerState.java:run(117)) - 8a63e1ae-032e-4bed-9f20-125a11f65413@group-091950D56227-FollowerState was interrupted: java.lang.InterruptedException: sleep interrupted
2019-10-20 17:40:27,396 [grpc-default-executor-2] INFO  impl.RoleInfo (RoleInfo.java:updateAndGet(143)) - 8a63e1ae-032e-4bed-9f20-125a11f65413: start FollowerState
2019-10-20 17:40:27,420 [8f18dce1-0a3d-4b65-9c78-af3d58b2da7f@group-091950D56227-LeaderElection237] INFO  impl.LeaderElection (LeaderElection.java:logAndReturn(56)) - 8f18dce1-0a3d-4b65-9c78-af3d58b2da7f@group-091950D56227-LeaderElection237: Election REJECTED; received 2 response(s) [8f18dce1-0a3d-4b65-9c78-af3d58b2da7f<-8a63e1ae-032e-4bed-9f20-125a11f65413#0:FAIL-t282, 8f18dce1-0a3d-4b65-9c78-af3d58b2da7f<-7b1e61a0-7daf-43dd-99d5-9b325c1d31ae#0:FAIL-t282] and 0 exception(s); 8f18dce1-0a3d-4b65-9c78-af3d58b2da7f@group-091950D56227:t282, leader=null, voted=8f18dce1-0a3d-4b65-9c78-af3d58b2da7f, raftlog=8f18dce1-0a3d-4b65-9c78-af3d58b2da7f@group-091950D56227-SegmentedRaftLog:OPENED:c-1,f-1,i0, conf=-1: [8a63e1ae-032e-4bed-9f20-125a11f65413:0.0.0.0:38685, 8f18dce1-0a3d-4b65-9c78-af3d58b2da7f:0.0.0.0:42489, 7b1e61a0-7daf-43dd-99d5-9b325c1d31ae:0.0.0.0:38412], old=null
2019-10-20 17:40:27,420 [8f18dce1-0a3d-4b65-9c78-af3d58b2da7f@group-091950D56227-LeaderElection237] INFO  impl.RaftServerImpl (RaftServerImpl.java:setRole(184)) - 8f18dce1-0a3d-4b65-9c78-af3d58b2da7f@group-091950D56227: changes role from CANDIDATE to FOLLOWER at term 282 for DISCOVERED_A_NEW_TERM
2019-10-20 17:40:27,421 [8f18dce1-0a3d-4b65-9c78-af3d58b2da7f@group-091950D56227-LeaderElection237] INFO  impl.RoleInfo (RoleInfo.java:shutdownLeaderElection(134)) - 8f18dce1-0a3d-4b65-9c78-af3d58b2da7f: shutdown LeaderElection
2019-10-20 17:40:27,421 [8f18dce1-0a3d-4b65-9c78-af3d58b2da7f@group-091950D56227-LeaderElection237] INFO  impl.RoleInfo (RoleInfo.java:updateAndGet(143)) - 8f18dce1-0a3d-4b65-9c78-af3d58b2da7f: start FollowerState
2019-10-20 17:40:27,577 [Thread-1717] INFO  impl.FollowerState (FollowerState.java:run(108)) - 8f18dce1-0a3d-4b65-9c78-af3d58b2da7f@group-091950D56227-FollowerState: change to CANDIDATE, lastRpcTime:156ms, electionTimeout:156ms
2019-10-20 17:40:27,577 [Thread-1717] INFO  impl.RoleInfo (RoleInfo.java:shutdownFollowerState(121)) - 8f18dce1-0a3d-4b65-9c78-af3d58b2da7f: shutdown FollowerState
2019-10-20 17:40:27,578 [Thread-1717] INFO  impl.RaftServerImpl (RaftServerImpl.java:setRole(184)) - 8f18dce1-0a3d-4b65-9c78-af3d58b2da7f@group-091950D56227: changes role from  FOLLOWER to CANDIDATE at term 282 for changeToCandidate
2019-10-20 17:40:27,578 [Thread-1717] INFO  impl.RoleInfo (RoleInfo.java:updateAndGet(143)) - 8f18dce1-0a3d-4b65-9c78-af3d58b2da7f: start LeaderElection
2019-10-20 17:40:27,604 [8f18dce1-0a3d-4b65-9c78-af3d58b2da7f@group-091950D56227-LeaderElection238] INFO  impl.LeaderElection (LeaderElection.java:askForVotes(178)) - 8f18dce1-0a3d-4b65-9c78-af3d58b2da7f@group-091950D56227-LeaderElection238: begin an election at term 283 for -1: [8a63e1ae-032e-4bed-9f20-125a11f65413:0.0.0.0:38685, 8f18dce1-0a3d-4b65-9c78-af3d58b2da7f:0.0.0.0:42489, 7b1e61a0-7daf-43dd-99d5-9b325c1d31ae:0.0.0.0:38412], old=null
2019-10-20 17:40:27,605 [grpc-default-executor-1] INFO  impl.RaftServerImpl (RaftServerImpl.java:setRole(184)) - 7b1e61a0-7daf-43dd-99d5-9b325c1d31ae@group-091950D56227: changes role from  FOLLOWER to FOLLOWER at term 283 for recognizeCandidate:8f18dce1-0a3d-4b65-9c78-af3d58b2da7f
2019-10-20 17:40:27,606 [grpc-default-executor-1] INFO  impl.RoleInfo (RoleInfo.java:shutdownFollowerState(121)) - 7b1e61a0-7daf-43dd-99d5-9b325c1d31ae: shutdown FollowerState
2019-10-20 17:40:27,606 [grpc-default-executor-2] INFO  impl.RaftServerImpl (RaftServerImpl.java:setRole(184)) - 8a63e1ae-032e-4bed-9f20-125a11f65413@group-091950D56227: changes role from  FOLLOWER to FOLLOWER at term 283 for recognizeCandidate:8f18dce1-0a3d-4b65-9c78-af3d58b2da7f
2019-10-20 17:40:27,606 [grpc-default-executor-2] INFO  impl.RoleInfo (RoleInfo.java:shutdownFollowerState(121)) - 8a63e1ae-032e-4bed-9f20-125a11f65413: shutdown FollowerState
2019-10-20 17:40:27,606 [Thread-1715] INFO  impl.FollowerState (FollowerState.java:run(117)) - 7b1e61a0-7daf-43dd-99d5-9b325c1d31ae@group-091950D56227-FollowerState was interrupted: java.lang.InterruptedException: sleep interrupted
2019-10-20 17:40:27,606 [grpc-default-executor-1] INFO  impl.RoleInfo (RoleInfo.java:updateAndGet(143)) - 7b1e61a0-7daf-43dd-99d5-9b325c1d31ae: start FollowerState
2019-10-20 17:40:27,606 [Thread-1716] INFO  impl.FollowerState (FollowerState.java:run(117)) - 8a63e1ae-032e-4bed-9f20-125a11f65413@group-091950D56227-FollowerState was interrupted: java.lang.InterruptedException: sleep interrupted
2019-10-20 17:40:27,606 [grpc-default-executor-2] INFO  impl.RoleInfo (RoleInfo.java:updateAndGet(143)) - 8a63e1ae-032e-4bed-9f20-125a11f65413: start FollowerState
2019-10-20 17:40:27,632 [8f18dce1-0a3d-4b65-9c78-af3d58b2da7f@group-091950D56227-LeaderElection238] INFO  impl.LeaderElection (LeaderElection.java:logAndReturn(56)) - 8f18dce1-0a3d-4b65-9c78-af3d58b2da7f@group-091950D56227-LeaderElection238: Election REJECTED; received 2 response(s) [8f18dce1-0a3d-4b65-9c78-af3d58b2da7f<-8a63e1ae-032e-4bed-9f20-125a11f65413#0:FAIL-t283, 8f18dce1-0a3d-4b65-9c78-af3d58b2da7f<-7b1e61a0-7daf-43dd-99d5-9b325c1d31ae#0:FAIL-t283] and 0 exception(s); 8f18dce1-0a3d-4b65-9c78-af3d58b2da7f@group-091950D56227:t283, leader=null, voted=8f18dce1-0a3d-4b65-9c78-af3d58b2da7f, raftlog=8f18dce1-0a3d-4b65-9c78-af3d58b2da7f@group-091950D56227-SegmentedRaftLog:OPENED:c-1,f-1,i0, conf=-1: [8a63e1ae-032e-4bed-9f20-125a11f65413:0.0.0.0:38685, 8f18dce1-0a3d-4b65-9c78-af3d58b2da7f:0.0.0.0:42489, 7b1e61a0-7daf-43dd-99d5-9b325c1d31ae:0.0.0.0:38412], old=null
2019-10-20 17:40:27,633 [8f18dce1-0a3d-4b65-9c78-af3d58b2da7f@group-091950D56227-LeaderElection238] INFO  impl.RaftServerImpl (RaftServerImpl.java:setRole(184)) - 8f18dce1-0a3d-4b65-9c78-af3d58b2da7f@group-091950D56227: changes role from CANDIDATE to FOLLOWER at term 283 for DISCOVERED_A_NEW_TERM
2019-10-20 17:40:27,633 [8f18dce1-0a3d-4b65-9c78-af3d58b2da7f@group-091950D56227-LeaderElection238] INFO  impl.RoleInfo (RoleInfo.java:shutdownLeaderElection(134)) - 8f18dce1-0a3d-4b65-9c78-af3d58b2da7f: shutdown LeaderElection
2019-10-20 17:40:27,633 [8f18dce1-0a3d-4b65-9c78-af3d58b2da7f@group-091950D56227-LeaderElection238] INFO  impl.RoleInfo (RoleInfo.java:updateAndGet(143)) - 8f18dce1-0a3d-4b65-9c78-af3d58b2da7f: start FollowerState
2019-10-20 17:40:27,777 [Thread-1723] INFO  impl.FollowerState (FollowerState.java:run(108)) - 8f18dce1-0a3d-4b65-9c78-af3d58b2da7f@group-091950D56227-FollowerState: change to CANDIDATE, lastRpcTime:143ms, electionTimeout:143ms
2019-10-20 17:40:27,777 [Thread-1723] INFO  impl.RoleInfo (RoleInfo.java:shutdownFollowerState(121)) - 8f18dce1-0a3d-4b65-9c78-af3d58b2da7f: shutdown FollowerState
2019-10-20 17:40:27,777 [Thread-1723] INFO  impl.RaftServerImpl (RaftServerImpl.java:setRole(184)) - 8f18dce1-0a3d-4b65-9c78-af3d58b2da7f@group-091950D56227: changes role from  FOLLOWER to CANDIDATE at term 283 for changeToCandidate
2019-10-20 17:40:27,778 [Thread-1723] INFO  impl.RoleInfo (RoleInfo.java:updateAndGet(143)) - 8f18dce1-0a3d-4b65-9c78-af3d58b2da7f: start LeaderElection
2019-10-20 17:40:27,805 [8f18dce1-0a3d-4b65-9c78-af3d58b2da7f@group-091950D56227-LeaderElection239] INFO  impl.LeaderElection (LeaderElection.java:askForVotes(178)) - 8f18dce1-0a3d-4b65-9c78-af3d58b2da7f@group-091950D56227-LeaderElection239: begin an election at term 284 for -1: [8a63e1ae-032e-4bed-9f20-125a11f65413:0.0.0.0:38685, 8f18dce1-0a3d-4b65-9c78-af3d58b2da7f:0.0.0.0:42489, 7b1e61a0-7daf-43dd-99d5-9b325c1d31ae:0.0.0.0:38412], old=null
2019-10-20 17:40:27,809 [grpc-default-executor-2] INFO  impl.RaftServerImpl (RaftServerImpl.java:setRole(184)) - 8a63e1ae-032e-4bed-9f20-125a11f65413@group-091950D56227: changes role from  FOLLOWER to FOLLOWER at term 284 for recognizeCandidate:8f18dce1-0a3d-4b65-9c78-af3d58b2da7f
2019-10-20 17:40:27,809 [grpc-default-executor-1] INFO  impl.RaftServerImpl (RaftServerImpl.java:setRole(184)) - 7b1e61a0-7daf-43dd-99d5-9b325c1d31ae@group-091950D56227: changes role from  FOLLOWER to FOLLOWER at term 284 for recognizeCandidate:8f18dce1-0a3d-4b65-9c78-af3d58b2da7f
2019-10-20 17:40:27,809 [grpc-default-executor-2] INFO  impl.RoleInfo (RoleInfo.java:shutdownFollowerState(121)) - 8a63e1ae-032e-4bed-9f20-125a11f65413: shutdown FollowerState
2019-10-20 17:40:27,809 [grpc-default-executor-1] INFO  impl.RoleInfo (RoleInfo.java:shutdownFollowerState(121)) - 7b1e61a0-7daf-43dd-99d5-9b325c1d31ae: shutdown FollowerState
2019-10-20 17:40:27,809 [grpc-default-executor-2] INFO  impl.RoleInfo (RoleInfo.java:updateAndGet(143)) - 8a63e1ae-032e-4bed-9f20-125a11f65413: start FollowerState
2019-10-20 17:40:27,810 [Thread-1721] INFO  impl.FollowerState (FollowerState.java:run(117)) - 7b1e61a0-7daf-43dd-99d5-9b325c1d31ae@group-091950D56227-FollowerState was interrupted: java.lang.InterruptedException: sleep interrupted
2019-10-20 17:40:27,810 [Thread-1722] INFO  impl.FollowerState (FollowerState.java:run(117)) - 8a63e1ae-032e-4bed-9f20-125a11f65413@group-091950D56227-FollowerState was interrupted: java.lang.InterruptedException: sleep interrupted
2019-10-20 17:40:27,810 [grpc-default-executor-1] INFO  impl.RoleInfo (RoleInfo.java:updateAndGet(143)) - 7b1e61a0-7daf-43dd-99d5-9b325c1d31ae: start FollowerState
2019-10-20 17:40:27,840 [8f18dce1-0a3d-4b65-9c78-af3d58b2da7f@group-091950D56227-LeaderElection239] INFO  impl.LeaderElection (LeaderElection.java:logAndReturn(56)) - 8f18dce1-0a3d-4b65-9c78-af3d58b2da7f@group-091950D56227-LeaderElection239: Election REJECTED; received 2 response(s) [8f18dce1-0a3d-4b65-9c78-af3d58b2da7f<-8a63e1ae-032e-4bed-9f20-125a11f65413#0:FAIL-t284, 8f18dce1-0a3d-4b65-9c78-af3d58b2da7f<-7b1e61a0-7daf-43dd-99d5-9b325c1d31ae#0:FAIL-t284] and 0 exception(s); 8f18dce1-0a3d-4b65-9c78-af3d58b2da7f@group-091950D56227:t284, leader=null, voted=8f18dce1-0a3d-4b65-9c78-af3d58b2da7f, raftlog=8f18dce1-0a3d-4b65-9c78-af3d58b2da7f@group-091950D56227-SegmentedRaftLog:OPENED:c-1,f-1,i0, conf=-1: [8a63e1ae-032e-4bed-9f20-125a11f65413:0.0.0.0:38685, 8f18dce1-0a3d-4b65-9c78-af3d58b2da7f:0.0.0.0:42489, 7b1e61a0-7daf-43dd-99d5-9b325c1d31ae:0.0.0.0:38412], old=null
2019-10-20 17:40:27,840 [8f18dce1-0a3d-4b65-9c78-af3d58b2da7f@group-091950D56227-LeaderElection239] INFO  impl.RaftServerImpl (RaftServerImpl.java:setRole(184)) - 8f18dce1-0a3d-4b65-9c78-af3d58b2da7f@group-091950D56227: changes role from CANDIDATE to FOLLOWER at term 284 for DISCOVERED_A_NEW_TERM
2019-10-20 17:40:27,840 [8f18dce1-0a3d-4b65-9c78-af3d58b2da7f@group-091950D56227-LeaderElection239] INFO  impl.RoleInfo (RoleInfo.java:shutdownLeaderElection(134)) - 8f18dce1-0a3d-4b65-9c78-af3d58b2da7f: shutdown LeaderElection
2019-10-20 17:40:27,841 [8f18dce1-0a3d-4b65-9c78-af3d58b2da7f@group-091950D56227-LeaderElection239] INFO  impl.RoleInfo (RoleInfo.java:updateAndGet(143)) - 8f18dce1-0a3d-4b65-9c78-af3d58b2da7f: start FollowerState
2019-10-20 17:40:27,924 [Thread-1729] INFO  impl.FollowerState (FollowerState.java:run(108)) - 8f18dce1-0a3d-4b65-9c78-af3d58b2da7f@group-091950D56227-FollowerState: change to CANDIDATE, lastRpcTime:83ms, electionTimeout:83ms
2019-10-20 17:40:27,924 [Thread-1729] INFO  impl.RoleInfo (RoleInfo.java:shutdownFollowerState(121)) - 8f18dce1-0a3d-4b65-9c78-af3d58b2da7f: shutdown FollowerState
2019-10-20 17:40:27,924 [Thread-1729] INFO  impl.RaftServerImpl (RaftServerImpl.java:setRole(184)) - 8f18dce1-0a3d-4b65-9c78-af3d58b2da7f@group-091950D56227: changes role from  FOLLOWER to CANDIDATE at term 284 for changeToCandidate
2019-10-20 17:40:27,925 [Thread-1729] INFO  impl.RoleInfo (RoleInfo.java:updateAndGet(143)) - 8f18dce1-0a3d-4b65-9c78-af3d58b2da7f: start LeaderElection
2019-10-20 17:40:27,948 [8f18dce1-0a3d-4b65-9c78-af3d58b2da7f@group-091950D56227-LeaderElection240] INFO  impl.LeaderElection (LeaderElection.java:askForVotes(178)) - 8f18dce1-0a3d-4b65-9c78-af3d58b2da7f@group-091950D56227-LeaderElection240: begin an election at term 285 for -1: [8a63e1ae-032e-4bed-9f20-125a11f65413:0.0.0.0:38685, 8f18dce1-0a3d-4b65-9c78-af3d58b2da7f:0.0.0.0:42489, 7b1e61a0-7daf-43dd-99d5-9b325c1d31ae:0.0.0.0:38412], old=null
2019-10-20 17:40:27,949 [8f18dce1-0a3d-4b65-9c78-af3d58b2da7f@group-091950D56227-LeaderElection240] INFO  impl.LeaderElection (LeaderElection.java:logAndReturn(56)) - 8f18dce1-0a3d-4b65-9c78-af3d58b2da7f@group-091950D56227-LeaderElection240: Election TIMEOUT; received 0 response(s) [] and 0 exception(s); 8f18dce1-0a3d-4b65-9c78-af3d58b2da7f@group-091950D56227:t285, leader=null, voted=8f18dce1-0a3d-4b65-9c78-af3d58b2da7f, raftlog=8f18dce1-0a3d-4b65-9c78-af3d58b2da7f@group-091950D56227-SegmentedRaftLog:OPENED:c-1,f-1,i0, conf=-1: [8a63e1ae-032e-4bed-9f20-125a11f65413:0.0.0.0:38685, 8f18dce1-0a3d-4b65-9c78-af3d58b2da7f:0.0.0.0:42489, 7b1e61a0-7daf-43dd-99d5-9b325c1d31ae:0.0.0.0:38412], old=null
2019-10-20 17:40:27,951 [grpc-default-executor-1] INFO  impl.RaftServerImpl (RaftServerImpl.java:setRole(184)) - 7b1e61a0-7daf-43dd-99d5-9b325c1d31ae@group-091950D56227: changes role from  FOLLOWER to FOLLOWER at term 285 for recognizeCandidate:8f18dce1-0a3d-4b65-9c78-af3d58b2da7f
2019-10-20 17:40:27,951 [grpc-default-executor-1] INFO  impl.RoleInfo (RoleInfo.java:shutdownFollowerState(121)) - 7b1e61a0-7daf-43dd-99d5-9b325c1d31ae: shutdown FollowerState
2019-10-20 17:40:27,952 [grpc-default-executor-1] INFO  impl.RoleInfo (RoleInfo.java:updateAndGet(143)) - 7b1e61a0-7daf-43dd-99d5-9b325c1d31ae: start FollowerState
2019-10-20 17:40:27,952 [grpc-default-executor-2] INFO  impl.RaftServerImpl (RaftServerImpl.java:setRole(184)) - 8a63e1ae-032e-4bed-9f20-125a11f65413@group-091950D56227: changes role from  FOLLOWER to FOLLOWER at term 285 for recognizeCandidate:8f18dce1-0a3d-4b65-9c78-af3d58b2da7f
2019-10-20 17:40:27,952 [Thread-1728] INFO  impl.FollowerState (FollowerState.java:run(117)) - 7b1e61a0-7daf-43dd-99d5-9b325c1d31ae@group-091950D56227-FollowerState was interrupted: java.lang.InterruptedException: sleep interrupted
2019-10-20 17:40:27,952 [grpc-default-executor-2] INFO  impl.RoleInfo (RoleInfo.java:shutdownFollowerState(121)) - 8a63e1ae-032e-4bed-9f20-125a11f65413: shutdown FollowerState
2019-10-20 17:40:27,953 [grpc-default-executor-2] INFO  impl.RoleInfo (RoleInfo.java:updateAndGet(143)) - 8a63e1ae-032e-4bed-9f20-125a11f65413: start FollowerState
2019-10-20 17:40:27,953 [Thread-1727] INFO  impl.FollowerState (FollowerState.java:run(117)) - 8a63e1ae-032e-4bed-9f20-125a11f65413@group-091950D56227-FollowerState was interrupted: java.lang.InterruptedException: sleep interrupted
2019-10-20 17:40:27,990 [8f18dce1-0a3d-4b65-9c78-af3d58b2da7f@group-091950D56227-LeaderElection240] INFO  impl.LeaderElection (LeaderElection.java:askForVotes(178)) - 8f18dce1-0a3d-4b65-9c78-af3d58b2da7f@group-091950D56227-LeaderElection240: begin an election at term 286 for -1: [8a63e1ae-032e-4bed-9f20-125a11f65413:0.0.0.0:38685, 8f18dce1-0a3d-4b65-9c78-af3d58b2da7f:0.0.0.0:42489, 7b1e61a0-7daf-43dd-99d5-9b325c1d31ae:0.0.0.0:38412], old=null
2019-10-20 17:40:27,992 [grpc-default-executor-1] INFO  impl.RaftServerImpl (RaftServerImpl.java:setRole(184)) - 8a63e1ae-032e-4bed-9f20-125a11f65413@group-091950D56227: changes role from  FOLLOWER to FOLLOWER at term 286 for recognizeCandidate:8f18dce1-0a3d-4b65-9c78-af3d58b2da7f
2019-10-20 17:40:27,993 [grpc-default-executor-1] INFO  impl.RoleInfo (RoleInfo.java:shutdownFollowerState(121)) - 8a63e1ae-032e-4bed-9f20-125a11f65413: shutdown FollowerState
2019-10-20 17:40:27,992 [grpc-default-executor-2] INFO  impl.RaftServerImpl (RaftServerImpl.java:setRole(184)) - 7b1e61a0-7daf-43dd-99d5-9b325c1d31ae@group-091950D56227: changes role from  FOLLOWER to FOLLOWER at term 286 for recognizeCandidate:8f18dce1-0a3d-4b65-9c78-af3d58b2da7f
2019-10-20 17:40:27,993 [Thread-1734] INFO  impl.FollowerState (FollowerState.java:run(117)) - 8a63e1ae-032e-4bed-9f20-125a11f65413@group-091950D56227-FollowerState was interrupted: java.lang.InterruptedException: sleep interrupted
2019-10-20 17:40:27,993 [grpc-default-executor-1] INFO  impl.RoleInfo (RoleInfo.java:updateAndGet(143)) - 8a63e1ae-032e-4bed-9f20-125a11f65413: start FollowerState
2019-10-20 17:40:27,993 [grpc-default-executor-2] INFO  impl.RoleInfo (RoleInfo.java:shutdownFollowerState(121)) - 7b1e61a0-7daf-43dd-99d5-9b325c1d31ae: shutdown FollowerState
2019-10-20 17:40:27,993 [grpc-default-executor-2] INFO  impl.RoleInfo (RoleInfo.java:updateAndGet(143)) - 7b1e61a0-7daf-43dd-99d5-9b325c1d31ae: start FollowerState
2019-10-20 17:40:27,993 [Thread-1733] INFO  impl.FollowerState (FollowerState.java:run(117)) - 7b1e61a0-7daf-43dd-99d5-9b325c1d31ae@group-091950D56227-FollowerState was interrupted: java.lang.InterruptedException: sleep interrupted
2019-10-20 17:40:28,017 [8f18dce1-0a3d-4b65-9c78-af3d58b2da7f@group-091950D56227-LeaderElection240] INFO  impl.LeaderElection (LeaderElection.java:logAndReturn(56)) - 8f18dce1-0a3d-4b65-9c78-af3d58b2da7f@group-091950D56227-LeaderElection240: Election REJECTED; received 2 response(s) [8f18dce1-0a3d-4b65-9c78-af3d58b2da7f<-8a63e1ae-032e-4bed-9f20-125a11f65413#0:FAIL-t286, 8f18dce1-0a3d-4b65-9c78-af3d58b2da7f<-7b1e61a0-7daf-43dd-99d5-9b325c1d31ae#0:FAIL-t286] and 0 exception(s); 8f18dce1-0a3d-4b65-9c78-af3d58b2da7f@group-091950D56227:t286, leader=null, voted=8f18dce1-0a3d-4b65-9c78-af3d58b2da7f, raftlog=8f18dce1-0a3d-4b65-9c78-af3d58b2da7f@group-091950D56227-SegmentedRaftLog:OPENED:c-1,f-1,i0, conf=-1: [8a63e1ae-032e-4bed-9f20-125a11f65413:0.0.0.0:38685, 8f18dce1-0a3d-4b65-9c78-af3d58b2da7f:0.0.0.0:42489, 7b1e61a0-7daf-43dd-99d5-9b325c1d31ae:0.0.0.0:38412], old=null
2019-10-20 17:40:28,017 [8f18dce1-0a3d-4b65-9c78-af3d58b2da7f@group-091950D56227-LeaderElection240] INFO  impl.RaftServerImpl (RaftServerImpl.java:setRole(184)) - 8f18dce1-0a3d-4b65-9c78-af3d58b2da7f@group-091950D56227: changes role from CANDIDATE to FOLLOWER at term 286 for DISCOVERED_A_NEW_TERM
2019-10-20 17:40:28,017 [8f18dce1-0a3d-4b65-9c78-af3d58b2da7f@group-091950D56227-LeaderElection240] INFO  impl.RoleInfo (RoleInfo.java:shutdownLeaderElection(134)) - 8f18dce1-0a3d-4b65-9c78-af3d58b2da7f: shutdown LeaderElection
2019-10-20 17:40:28,017 [8f18dce1-0a3d-4b65-9c78-af3d58b2da7f@group-091950D56227-LeaderElection240] INFO  impl.RoleInfo (RoleInfo.java:updateAndGet(143)) - 8f18dce1-0a3d-4b65-9c78-af3d58b2da7f: start FollowerState
2019-10-20 17:40:28,206 [Thread-1739] INFO  impl.FollowerState (FollowerState.java:run(108)) - 8f18dce1-0a3d-4b65-9c78-af3d58b2da7f@group-091950D56227-FollowerState: change to CANDIDATE, lastRpcTime:188ms, electionTimeout:188ms
2019-10-20 17:40:28,206 [Thread-1739] INFO  impl.RoleInfo (RoleInfo.java:shutdownFollowerState(121)) - 8f18dce1-0a3d-4b65-9c78-af3d58b2da7f: shutdown FollowerState
2019-10-20 17:40:28,206 [Thread-1739] INFO  impl.RaftServerImpl (RaftServerImpl.java:setRole(184)) - 8f18dce1-0a3d-4b65-9c78-af3d58b2da7f@group-091950D56227: changes role from  FOLLOWER to CANDIDATE at term 286 for changeToCandidate
2019-10-20 17:40:28,206 [Thread-1739] INFO  impl.RoleInfo (RoleInfo.java:updateAndGet(143)) - 8f18dce1-0a3d-4b65-9c78-af3d58b2da7f: start LeaderElection
2019-10-20 17:40:28,234 [8f18dce1-0a3d-4b65-9c78-af3d58b2da7f@group-091950D56227-LeaderElection241] INFO  impl.LeaderElection (LeaderElection.java:askForVotes(178)) - 8f18dce1-0a3d-4b65-9c78-af3d58b2da7f@group-091950D56227-LeaderElection241: begin an election at term 287 for -1: [8a63e1ae-032e-4bed-9f20-125a11f65413:0.0.0.0:38685, 8f18dce1-0a3d-4b65-9c78-af3d58b2da7f:0.0.0.0:42489, 7b1e61a0-7daf-43dd-99d5-9b325c1d31ae:0.0.0.0:38412], old=null
2019-10-20 17:40:28,236 [grpc-default-executor-2] INFO  impl.RaftServerImpl (RaftServerImpl.java:setRole(184)) - 8a63e1ae-032e-4bed-9f20-125a11f65413@group-091950D56227: changes role from  FOLLOWER to FOLLOWER at term 287 for recognizeCandidate:8f18dce1-0a3d-4b65-9c78-af3d58b2da7f
2019-10-20 17:40:28,236 [grpc-default-executor-1] INFO  impl.RaftServerImpl (RaftServerImpl.java:setRole(184)) - 7b1e61a0-7daf-43dd-99d5-9b325c1d31ae@group-091950D56227: changes role from  FOLLOWER to FOLLOWER at term 287 for recognizeCandidate:8f18dce1-0a3d-4b65-9c78-af3d58b2da7f
2019-10-20 17:40:28,236 [grpc-default-executor-2] INFO  impl.RoleInfo (RoleInfo.java:shutdownFollowerState(121)) - 8a63e1ae-032e-4bed-9f20-125a11f65413: shutdown FollowerState
2019-10-20 17:40:28,236 [grpc-default-executor-1] INFO  impl.RoleInfo (RoleInfo.java:shutdownFollowerState(121)) - 7b1e61a0-7daf-43dd-99d5-9b325c1d31ae: shutdown FollowerState
2019-10-20 17:40:28,236 [Thread-1737] INFO  impl.FollowerState (FollowerState.java:run(117)) - 8a63e1ae-032e-4bed-9f20-125a11f65413@group-091950D56227-FollowerState was interrupted: java.lang.InterruptedException: sleep interrupted
2019-10-20 17:40:28,236 [Thread-1738] INFO  impl.FollowerState (FollowerState.java:run(117)) - 7b1e61a0-7daf-43dd-99d5-9b325c1d31ae@group-091950D56227-FollowerState was interrupted: java.lang.InterruptedException: sleep interrupted
2019-10-20 17:40:28,236 [grpc-default-executor-2] INFO  impl.RoleInfo (RoleInfo.java:updateAndGet(143)) - 8a63e1ae-032e-4bed-9f20-125a11f65413: start FollowerState
2019-10-20 17:40:28,236 [grpc-default-executor-1] INFO  impl.RoleInfo (RoleInfo.java:updateAndGet(143)) - 7b1e61a0-7daf-43dd-99d5-9b325c1d31ae: start FollowerState
2019-10-20 17:40:28,261 [8f18dce1-0a3d-4b65-9c78-af3d58b2da7f@group-091950D56227-LeaderElection241] INFO  impl.LeaderElection (LeaderElection.java:logAndReturn(56)) - 8f18dce1-0a3d-4b65-9c78-af3d58b2da7f@group-091950D56227-LeaderElection241: Election REJECTED; received 2 response(s) [8f18dce1-0a3d-4b65-9c78-af3d58b2da7f<-8a63e1ae-032e-4bed-9f20-125a11f65413#0:FAIL-t287, 8f18dce1-0a3d-4b65-9c78-af3d58b2da7f<-7b1e61a0-7daf-43dd-99d5-9b325c1d31ae#0:FAIL-t287] and 0 exception(s); 8f18dce1-0a3d-4b65-9c78-af3d58b2da7f@group-091950D56227:t287, leader=null, voted=8f18dce1-0a3d-4b65-9c78-af3d58b2da7f, raftlog=8f18dce1-0a3d-4b65-9c78-af3d58b2da7f@group-091950D56227-SegmentedRaftLog:OPENED:c-1,f-1,i0, conf=-1: [8a63e1ae-032e-4bed-9f20-125a11f65413:0.0.0.0:38685, 8f18dce1-0a3d-4b65-9c78-af3d58b2da7f:0.0.0.0:42489, 7b1e61a0-7daf-43dd-99d5-9b325c1d31ae:0.0.0.0:38412], old=null
2019-10-20 17:40:28,261 [8f18dce1-0a3d-4b65-9c78-af3d58b2da7f@group-091950D56227-LeaderElection241] INFO  impl.RaftServerImpl (RaftServerImpl.java:setRole(184)) - 8f18dce1-0a3d-4b65-9c78-af3d58b2da7f@group-091950D56227: changes role from CANDIDATE to FOLLOWER at term 287 for DISCOVERED_A_NEW_TERM
2019-10-20 17:40:28,262 [8f18dce1-0a3d-4b65-9c78-af3d58b2da7f@group-091950D56227-LeaderElection241] INFO  impl.RoleInfo (RoleInfo.java:shutdownLeaderElection(134)) - 8f18dce1-0a3d-4b65-9c78-af3d58b2da7f: shutdown LeaderElection
2019-10-20 17:40:28,262 [8f18dce1-0a3d-4b65-9c78-af3d58b2da7f@group-091950D56227-LeaderElection241] INFO  impl.RoleInfo (RoleInfo.java:updateAndGet(143)) - 8f18dce1-0a3d-4b65-9c78-af3d58b2da7f: start FollowerState
2019-10-20 17:40:28,413 [Thread-1747] INFO  impl.FollowerState (FollowerState.java:run(108)) - 8f18dce1-0a3d-4b65-9c78-af3d58b2da7f@group-091950D56227-FollowerState: change to CANDIDATE, lastRpcTime:151ms, electionTimeout:151ms
2019-10-20 17:40:28,413 [Thread-1747] INFO  impl.RoleInfo (RoleInfo.java:shutdownFollowerState(121)) - 8f18dce1-0a3d-4b65-9c78-af3d58b2da7f: shutdown FollowerState
2019-10-20 17:40:28,413 [Thread-1747] INFO  impl.RaftServerImpl (RaftServerImpl.java:setRole(184)) - 8f18dce1-0a3d-4b65-9c78-af3d58b2da7f@group-091950D56227: changes role from  FOLLOWER to CANDIDATE at term 287 for changeToCandidate
2019-10-20 17:40:28,414 [Thread-1747] INFO  impl.RoleInfo (RoleInfo.java:updateAndGet(143)) - 8f18dce1-0a3d-4b65-9c78-af3d58b2da7f: start LeaderElection
2019-10-20 17:40:28,445 [8f18dce1-0a3d-4b65-9c78-af3d58b2da7f@group-091950D56227-LeaderElection242] INFO  impl.LeaderElection (LeaderElection.java:askForVotes(178)) - 8f18dce1-0a3d-4b65-9c78-af3d58b2da7f@group-091950D56227-LeaderElection242: begin an election at term 288 for -1: [8a63e1ae-032e-4bed-9f20-125a11f65413:0.0.0.0:38685, 8f18dce1-0a3d-4b65-9c78-af3d58b2da7f:0.0.0.0:42489, 7b1e61a0-7daf-43dd-99d5-9b325c1d31ae:0.0.0.0:38412], old=null
2019-10-20 17:40:28,447 [grpc-default-executor-2] INFO  impl.RaftServerImpl (RaftServerImpl.java:setRole(184)) - 7b1e61a0-7daf-43dd-99d5-9b325c1d31ae@group-091950D56227: changes role from  FOLLOWER to FOLLOWER at term 288 for recognizeCandidate:8f18dce1-0a3d-4b65-9c78-af3d58b2da7f
2019-10-20 17:40:28,447 [grpc-default-executor-1] INFO  impl.RaftServerImpl (RaftServerImpl.java:setRole(184)) - 8a63e1ae-032e-4bed-9f20-125a11f65413@group-091950D56227: changes role from  FOLLOWER to FOLLOWER at term 288 for recognizeCandidate:8f18dce1-0a3d-4b65-9c78-af3d58b2da7f
2019-10-20 17:40:28,447 [grpc-default-executor-2] INFO  impl.RoleInfo (RoleInfo.java:shutdownFollowerState(121)) - 7b1e61a0-7daf-43dd-99d5-9b325c1d31ae: shutdown FollowerState
2019-10-20 17:40:28,447 [grpc-default-executor-1] INFO  impl.RoleInfo (RoleInfo.java:shutdownFollowerState(121)) - 8a63e1ae-032e-4bed-9f20-125a11f65413: shutdown FollowerState
2019-10-20 17:40:28,448 [Thread-1744] INFO  impl.FollowerState (FollowerState.java:run(117)) - 7b1e61a0-7daf-43dd-99d5-9b325c1d31ae@group-091950D56227-FollowerState was interrupted: java.lang.InterruptedException: sleep interrupted
2019-10-20 17:40:28,447 [grpc-default-executor-2] INFO  impl.RoleInfo (RoleInfo.java:updateAndGet(143)) - 7b1e61a0-7daf-43dd-99d5-9b325c1d31ae: start FollowerState
2019-10-20 17:40:28,448 [Thread-1743] INFO  impl.FollowerState (FollowerState.java:run(117)) - 8a63e1ae-032e-4bed-9f20-125a11f65413@group-091950D56227-FollowerState was interrupted: java.lang.InterruptedException: sleep interrupted
2019-10-20 17:40:28,448 [grpc-default-executor-1] INFO  impl.RoleInfo (RoleInfo.java:updateAndGet(143)) - 8a63e1ae-032e-4bed-9f20-125a11f65413: start FollowerState
2019-10-20 17:40:28,472 [8f18dce1-0a3d-4b65-9c78-af3d58b2da7f@group-091950D56227-LeaderElection242] INFO  impl.LeaderElection (LeaderElection.java:logAndReturn(56)) - 8f18dce1-0a3d-4b65-9c78-af3d58b2da7f@group-091950D56227-LeaderElection242: Election REJECTED; received 2 response(s) [8f18dce1-0a3d-4b65-9c78-af3d58b2da7f<-8a63e1ae-032e-4bed-9f20-125a11f65413#0:FAIL-t288, 8f18dce1-0a3d-4b65-9c78-af3d58b2da7f<-7b1e61a0-7daf-43dd-99d5-9b325c1d31ae#0:FAIL-t288] and 0 exception(s); 8f18dce1-0a3d-4b65-9c78-af3d58b2da7f@group-091950D56227:t288, leader=null, voted=8f18dce1-0a3d-4b65-9c78-af3d58b2da7f, raftlog=8f18dce1-0a3d-4b65-9c78-af3d58b2da7f@group-091950D56227-SegmentedRaftLog:OPENED:c-1,f-1,i0, conf=-1: [8a63e1ae-032e-4bed-9f20-125a11f65413:0.0.0.0:38685, 8f18dce1-0a3d-4b65-9c78-af3d58b2da7f:0.0.0.0:42489, 7b1e61a0-7daf-43dd-99d5-9b325c1d31ae:0.0.0.0:38412], old=null
2019-10-20 17:40:28,472 [8f18dce1-0a3d-4b65-9c78-af3d58b2da7f@group-091950D56227-LeaderElection242] INFO  impl.RaftServerImpl (RaftServerImpl.java:setRole(184)) - 8f18dce1-0a3d-4b65-9c78-af3d58b2da7f@group-091950D56227: changes role from CANDIDATE to FOLLOWER at term 288 for DISCOVERED_A_NEW_TERM
2019-10-20 17:40:28,472 [8f18dce1-0a3d-4b65-9c78-af3d58b2da7f@group-091950D56227-LeaderElection242] INFO  impl.RoleInfo (RoleInfo.java:shutdownLeaderElection(134)) - 8f18dce1-0a3d-4b65-9c78-af3d58b2da7f: shutdown LeaderElection
2019-10-20 17:40:28,472 [8f18dce1-0a3d-4b65-9c78-af3d58b2da7f@group-091950D56227-LeaderElection242] INFO  impl.RoleInfo (RoleInfo.java:updateAndGet(143)) - 8f18dce1-0a3d-4b65-9c78-af3d58b2da7f: start FollowerState
2019-10-20 17:40:28,636 [Thread-1753] INFO  impl.FollowerState (FollowerState.java:run(108)) - 8f18dce1-0a3d-4b65-9c78-af3d58b2da7f@group-091950D56227-FollowerState: change to CANDIDATE, lastRpcTime:164ms, electionTimeout:164ms
2019-10-20 17:40:28,636 [Thread-1753] INFO  impl.RoleInfo (RoleInfo.java:shutdownFollowerState(121)) - 8f18dce1-0a3d-4b65-9c78-af3d58b2da7f: shutdown FollowerState
2019-10-20 17:40:28,637 [Thread-1753] INFO  impl.RaftServerImpl (RaftServerImpl.java:setRole(184)) - 8f18dce1-0a3d-4b65-9c78-af3d58b2da7f@group-091950D56227: changes role from  FOLLOWER to CANDIDATE at term 288 for changeToCandidate
2019-10-20 17:40:28,637 [Thread-1753] INFO  impl.RoleInfo (RoleInfo.java:updateAndGet(143)) - 8f18dce1-0a3d-4b65-9c78-af3d58b2da7f: start LeaderElection
2019-10-20 17:40:28,663 [8f18dce1-0a3d-4b65-9c78-af3d58b2da7f@group-091950D56227-LeaderElection243] INFO  impl.LeaderElection (LeaderElection.java:askForVotes(178)) - 8f18dce1-0a3d-4b65-9c78-af3d58b2da7f@group-091950D56227-LeaderElection243: begin an election at term 289 for -1: [8a63e1ae-032e-4bed-9f20-125a11f65413:0.0.0.0:38685, 8f18dce1-0a3d-4b65-9c78-af3d58b2da7f:0.0.0.0:42489, 7b1e61a0-7daf-43dd-99d5-9b325c1d31ae:0.0.0.0:38412], old=null
2019-10-20 17:40:28,666 [grpc-default-executor-1] INFO  impl.RaftServerImpl (RaftServerImpl.java:setRole(184)) - 8a63e1ae-032e-4bed-9f20-125a11f65413@group-091950D56227: changes role from  FOLLOWER to FOLLOWER at term 289 for recognizeCandidate:8f18dce1-0a3d-4b65-9c78-af3d58b2da7f
2019-10-20 17:40:28,666 [grpc-default-executor-1] INFO  impl.RoleInfo (RoleInfo.java:shutdownFollowerState(121)) - 8a63e1ae-032e-4bed-9f20-125a11f65413: shutdown FollowerState
2019-10-20 17:40:28,666 [grpc-default-executor-2] INFO  impl.RaftServerImpl (RaftServerImpl.java:setRole(184)) - 7b1e61a0-7daf-43dd-99d5-9b325c1d31ae@group-091950D56227: changes role from  FOLLOWER to FOLLOWER at term 289 for recognizeCandidate:8f18dce1-0a3d-4b65-9c78-af3d58b2da7f
2019-10-20 17:40:28,666 [grpc-default-executor-2] INFO  impl.RoleInfo (RoleInfo.java:shutdownFollowerState(121)) - 7b1e61a0-7daf-43dd-99d5-9b325c1d31ae: shutdown FollowerState
2019-10-20 17:40:28,666 [grpc-default-executor-1] INFO  impl.RoleInfo (RoleInfo.java:updateAndGet(143)) - 8a63e1ae-032e-4bed-9f20-125a11f65413: start FollowerState
2019-10-20 17:40:28,666 [Thread-1752] INFO  impl.FollowerState (FollowerState.java:run(117)) - 8a63e1ae-032e-4bed-9f20-125a11f65413@group-091950D56227-FollowerState was interrupted: java.lang.InterruptedException: sleep interrupted
2019-10-20 17:40:28,666 [Thread-1751] INFO  impl.FollowerState (FollowerState.java:run(117)) - 7b1e61a0-7daf-43dd-99d5-9b325c1d31ae@group-091950D56227-FollowerState was interrupted: java.lang.InterruptedException: sleep interrupted
2019-10-20 17:40:28,666 [grpc-default-executor-2] INFO  impl.RoleInfo (RoleInfo.java:updateAndGet(143)) - 7b1e61a0-7daf-43dd-99d5-9b325c1d31ae: start FollowerState
2019-10-20 17:40:28,690 [8f18dce1-0a3d-4b65-9c78-af3d58b2da7f@group-091950D56227-LeaderElection243] INFO  impl.LeaderElection (LeaderElection.java:logAndReturn(56)) - 8f18dce1-0a3d-4b65-9c78-af3d58b2da7f@group-091950D56227-LeaderElection243: Election REJECTED; received 2 response(s) [8f18dce1-0a3d-4b65-9c78-af3d58b2da7f<-8a63e1ae-032e-4bed-9f20-125a11f65413#0:FAIL-t289, 8f18dce1-0a3d-4b65-9c78-af3d58b2da7f<-7b1e61a0-7daf-43dd-99d5-9b325c1d31ae#0:FAIL-t289] and 0 exception(s); 8f18dce1-0a3d-4b65-9c78-af3d58b2da7f@group-091950D56227:t289, leader=null, voted=8f18dce1-0a3d-4b65-9c78-af3d58b2da7f, raftlog=8f18dce1-0a3d-4b65-9c78-af3d58b2da7f@group-091950D56227-SegmentedRaftLog:OPENED:c-1,f-1,i0, conf=-1: [8a63e1ae-032e-4bed-9f20-125a11f65413:0.0.0.0:38685, 8f18dce1-0a3d-4b65-9c78-af3d58b2da7f:0.0.0.0:42489, 7b1e61a0-7daf-43dd-99d5-9b325c1d31ae:0.0.0.0:38412], old=null
2019-10-20 17:40:28,690 [8f18dce1-0a3d-4b65-9c78-af3d58b2da7f@group-091950D56227-LeaderElection243] INFO  impl.RaftServerImpl (RaftServerImpl.java:setRole(184)) - 8f18dce1-0a3d-4b65-9c78-af3d58b2da7f@group-091950D56227: changes role from CANDIDATE to FOLLOWER at term 289 for DISCOVERED_A_NEW_TERM
2019-10-20 17:40:28,690 [8f18dce1-0a3d-4b65-9c78-af3d58b2da7f@group-091950D56227-LeaderElection243] INFO  impl.RoleInfo (RoleInfo.java:shutdownLeaderElection(134)) - 8f18dce1-0a3d-4b65-9c78-af3d58b2da7f: shutdown LeaderElection
2019-10-20 17:40:28,690 [8f18dce1-0a3d-4b65-9c78-af3d58b2da7f@group-091950D56227-LeaderElection243] INFO  impl.RoleInfo (RoleInfo.java:updateAndGet(143)) - 8f18dce1-0a3d-4b65-9c78-af3d58b2da7f: start FollowerState
2019-10-20 17:40:28,811 [Thread-1759] INFO  impl.FollowerState (FollowerState.java:run(108)) - 8f18dce1-0a3d-4b65-9c78-af3d58b2da7f@group-091950D56227-FollowerState: change to CANDIDATE, lastRpcTime:121ms, electionTimeout:121ms
2019-10-20 17:40:28,811 [Thread-1759] INFO  impl.RoleInfo (RoleInfo.java:shutdownFollowerState(121)) - 8f18dce1-0a3d-4b65-9c78-af3d58b2da7f: shutdown FollowerState
2019-10-20 17:40:28,812 [Thread-1759] INFO  impl.RaftServerImpl (RaftServerImpl.java:setRole(184)) - 8f18dce1-0a3d-4b65-9c78-af3d58b2da7f@group-091950D56227: changes role from  FOLLOWER to CANDIDATE at term 289 for changeToCandidate
2019-10-20 17:40:28,812 [Thread-1759] INFO  impl.RoleInfo (RoleInfo.java:updateAndGet(143)) - 8f18dce1-0a3d-4b65-9c78-af3d58b2da7f: start LeaderElection
2019-10-20 17:40:28,840 [8f18dce1-0a3d-4b65-9c78-af3d58b2da7f@group-091950D56227-LeaderElection244] INFO  impl.LeaderElection (LeaderElection.java:askForVotes(178)) - 8f18dce1-0a3d-4b65-9c78-af3d58b2da7f@group-091950D56227-LeaderElection244: begin an election at term 290 for -1: [8a63e1ae-032e-4bed-9f20-125a11f65413:0.0.0.0:38685, 8f18dce1-0a3d-4b65-9c78-af3d58b2da7f:0.0.0.0:42489, 7b1e61a0-7daf-43dd-99d5-9b325c1d31ae:0.0.0.0:38412], old=null
2019-10-20 17:40:28,842 [grpc-default-executor-1] INFO  impl.RaftServerImpl (RaftServerImpl.java:setRole(184)) - 8a63e1ae-032e-4bed-9f20-125a11f65413@group-091950D56227: changes role from  FOLLOWER to FOLLOWER at term 290 for recognizeCandidate:8f18dce1-0a3d-4b65-9c78-af3d58b2da7f
2019-10-20 17:40:28,842 [grpc-default-executor-1] INFO  impl.RoleInfo (RoleInfo.java:shutdownFollowerState(121)) - 8a63e1ae-032e-4bed-9f20-125a11f65413: shutdown FollowerState
2019-10-20 17:40:28,842 [grpc-default-executor-1] INFO  impl.RoleInfo (RoleInfo.java:updateAndGet(143)) - 8a63e1ae-032e-4bed-9f20-125a11f65413: start FollowerState
2019-10-20 17:40:28,842 [Thread-1757] INFO  impl.FollowerState (FollowerState.java:run(117)) - 8a63e1ae-032e-4bed-9f20-125a11f65413@group-091950D56227-FollowerState was interrupted: java.lang.InterruptedException: sleep interrupted
2019-10-20 17:40:28,842 [grpc-default-executor-2] INFO  impl.RaftServerImpl (RaftServerImpl.java:setRole(184)) - 7b1e61a0-7daf-43dd-99d5-9b325c1d31ae@group-091950D56227: changes role from  FOLLOWER to FOLLOWER at term 290 for recognizeCandidate:8f18dce1-0a3d-4b65-9c78-af3d58b2da7f
2019-10-20 17:40:28,842 [grpc-default-executor-2] INFO  impl.RoleInfo (RoleInfo.java:shutdownFollowerState(121)) - 7b1e61a0-7daf-43dd-99d5-9b325c1d31ae: shutdown FollowerState
2019-10-20 17:40:28,843 [grpc-default-executor-2] INFO  impl.RoleInfo (RoleInfo.java:updateAndGet(143)) - 7b1e61a0-7daf-43dd-99d5-9b325c1d31ae: start FollowerState
2019-10-20 17:40:28,843 [Thread-1758] INFO  impl.FollowerState (FollowerState.java:run(117)) - 7b1e61a0-7daf-43dd-99d5-9b325c1d31ae@group-091950D56227-FollowerState was interrupted: java.lang.InterruptedException: sleep interrupted
2019-10-20 17:40:28,867 [8f18dce1-0a3d-4b65-9c78-af3d58b2da7f@group-091950D56227-LeaderElection244] INFO  impl.LeaderElection (LeaderElection.java:logAndReturn(56)) - 8f18dce1-0a3d-4b65-9c78-af3d58b2da7f@group-091950D56227-LeaderElection244: Election REJECTED; received 2 response(s) [8f18dce1-0a3d-4b65-9c78-af3d58b2da7f<-8a63e1ae-032e-4bed-9f20-125a11f65413#0:FAIL-t290, 8f18dce1-0a3d-4b65-9c78-af3d58b2da7f<-7b1e61a0-7daf-43dd-99d5-9b325c1d31ae#0:FAIL-t290] and 0 exception(s); 8f18dce1-0a3d-4b65-9c78-af3d58b2da7f@group-091950D56227:t290, leader=null, voted=8f18dce1-0a3d-4b65-9c78-af3d58b2da7f, raftlog=8f18dce1-0a3d-4b65-9c78-af3d58b2da7f@group-091950D56227-SegmentedRaftLog:OPENED:c-1,f-1,i0, conf=-1: [8a63e1ae-032e-4bed-9f20-125a11f65413:0.0.0.0:38685, 8f18dce1-0a3d-4b65-9c78-af3d58b2da7f:0.0.0.0:42489, 7b1e61a0-7daf-43dd-99d5-9b325c1d31ae:0.0.0.0:38412], old=null
2019-10-20 17:40:28,867 [8f18dce1-0a3d-4b65-9c78-af3d58b2da7f@group-091950D56227-LeaderElection244] INFO  impl.RaftServerImpl (RaftServerImpl.java:setRole(184)) - 8f18dce1-0a3d-4b65-9c78-af3d58b2da7f@group-091950D56227: changes role from CANDIDATE to FOLLOWER at term 290 for DISCOVERED_A_NEW_TERM
2019-10-20 17:40:28,867 [8f18dce1-0a3d-4b65-9c78-af3d58b2da7f@group-091950D56227-LeaderElection244] INFO  impl.RoleInfo (RoleInfo.java:shutdownLeaderElection(134)) - 8f18dce1-0a3d-4b65-9c78-af3d58b2da7f: shutdown LeaderElection
2019-10-20 17:40:28,867 [8f18dce1-0a3d-4b65-9c78-af3d58b2da7f@group-091950D56227-LeaderElection244] INFO  impl.RoleInfo (RoleInfo.java:updateAndGet(143)) - 8f18dce1-0a3d-4b65-9c78-af3d58b2da7f: start FollowerState
2019-10-20 17:40:29,048 [Thread-1765] INFO  impl.FollowerState (FollowerState.java:run(108)) - 8f18dce1-0a3d-4b65-9c78-af3d58b2da7f@group-091950D56227-FollowerState: change to CANDIDATE, lastRpcTime:180ms, electionTimeout:180ms
2019-10-20 17:40:29,048 [Thread-1765] INFO  impl.RoleInfo (RoleInfo.java:shutdownFollowerState(121)) - 8f18dce1-0a3d-4b65-9c78-af3d58b2da7f: shutdown FollowerState
2019-10-20 17:40:29,048 [Thread-1765] INFO  impl.RaftServerImpl (RaftServerImpl.java:setRole(184)) - 8f18dce1-0a3d-4b65-9c78-af3d58b2da7f@group-091950D56227: changes role from  FOLLOWER to CANDIDATE at term 290 for changeToCandidate
2019-10-20 17:40:29,048 [Thread-1765] INFO  impl.RoleInfo (RoleInfo.java:updateAndGet(143)) - 8f18dce1-0a3d-4b65-9c78-af3d58b2da7f: start LeaderElection
2019-10-20 17:40:29,075 [8f18dce1-0a3d-4b65-9c78-af3d58b2da7f@group-091950D56227-LeaderElection245] INFO  impl.LeaderElection (LeaderElection.java:askForVotes(178)) - 8f18dce1-0a3d-4b65-9c78-af3d58b2da7f@group-091950D56227-LeaderElection245: begin an election at term 291 for -1: [8a63e1ae-032e-4bed-9f20-125a11f65413:0.0.0.0:38685, 8f18dce1-0a3d-4b65-9c78-af3d58b2da7f:0.0.0.0:42489, 7b1e61a0-7daf-43dd-99d5-9b325c1d31ae:0.0.0.0:38412], old=null
2019-10-20 17:40:29,077 [grpc-default-executor-1] INFO  impl.RaftServerImpl (RaftServerImpl.java:setRole(184)) - 8a63e1ae-032e-4bed-9f20-125a11f65413@group-091950D56227: changes role from  FOLLOWER to FOLLOWER at term 291 for recognizeCandidate:8f18dce1-0a3d-4b65-9c78-af3d58b2da7f
2019-10-20 17:40:29,077 [grpc-default-executor-1] INFO  impl.RoleInfo (RoleInfo.java:shutdownFollowerState(121)) - 8a63e1ae-032e-4bed-9f20-125a11f65413: shutdown FollowerState
2019-10-20 17:40:29,077 [grpc-default-executor-2] INFO  impl.RaftServerImpl (RaftServerImpl.java:setRole(184)) - 7b1e61a0-7daf-43dd-99d5-9b325c1d31ae@group-091950D56227: changes role from  FOLLOWER to FOLLOWER at term 291 for recognizeCandidate:8f18dce1-0a3d-4b65-9c78-af3d58b2da7f
2019-10-20 17:40:29,078 [Thread-1763] INFO  impl.FollowerState (FollowerState.java:run(117)) - 8a63e1ae-032e-4bed-9f20-125a11f65413@group-091950D56227-FollowerState was interrupted: java.lang.InterruptedException: sleep interrupted
2019-10-20 17:40:29,078 [grpc-default-executor-1] INFO  impl.RoleInfo (RoleInfo.java:updateAndGet(143)) - 8a63e1ae-032e-4bed-9f20-125a11f65413: start FollowerState
2019-10-20 17:40:29,078 [grpc-default-executor-2] INFO  impl.RoleInfo (RoleInfo.java:shutdownFollowerState(121)) - 7b1e61a0-7daf-43dd-99d5-9b325c1d31ae: shutdown FollowerState
2019-10-20 17:40:29,078 [grpc-default-executor-2] INFO  impl.RoleInfo (RoleInfo.java:updateAndGet(143)) - 7b1e61a0-7daf-43dd-99d5-9b325c1d31ae: start FollowerState
2019-10-20 17:40:29,078 [Thread-1764] INFO  impl.FollowerState (FollowerState.java:run(117)) - 7b1e61a0-7daf-43dd-99d5-9b325c1d31ae@group-091950D56227-FollowerState was interrupted: java.lang.InterruptedException: sleep interrupted
2019-10-20 17:40:29,101 [8f18dce1-0a3d-4b65-9c78-af3d58b2da7f@group-091950D56227-LeaderElection245] INFO  impl.LeaderElection (LeaderElection.java:logAndReturn(56)) - 8f18dce1-0a3d-4b65-9c78-af3d58b2da7f@group-091950D56227-LeaderElection245: Election REJECTED; received 2 response(s) [8f18dce1-0a3d-4b65-9c78-af3d58b2da7f<-8a63e1ae-032e-4bed-9f20-125a11f65413#0:FAIL-t291, 8f18dce1-0a3d-4b65-9c78-af3d58b2da7f<-7b1e61a0-7daf-43dd-99d5-9b325c1d31ae#0:FAIL-t291] and 0 exception(s); 8f18dce1-0a3d-4b65-9c78-af3d58b2da7f@group-091950D56227:t291, leader=null, voted=8f18dce1-0a3d-4b65-9c78-af3d58b2da7f, raftlog=8f18dce1-0a3d-4b65-9c78-af3d58b2da7f@group-091950D56227-SegmentedRaftLog:OPENED:c-1,f-1,i0, conf=-1: [8a63e1ae-032e-4bed-9f20-125a11f65413:0.0.0.0:38685, 8f18dce1-0a3d-4b65-9c78-af3d58b2da7f:0.0.0.0:42489, 7b1e61a0-7daf-43dd-99d5-9b325c1d31ae:0.0.0.0:38412], old=null
2019-10-20 17:40:29,102 [8f18dce1-0a3d-4b65-9c78-af3d58b2da7f@group-091950D56227-LeaderElection245] INFO  impl.RaftServerImpl (RaftServerImpl.java:setRole(184)) - 8f18dce1-0a3d-4b65-9c78-af3d58b2da7f@group-091950D56227: changes role from CANDIDATE to FOLLOWER at term 291 for DISCOVERED_A_NEW_TERM
2019-10-20 17:40:29,102 [8f18dce1-0a3d-4b65-9c78-af3d58b2da7f@group-091950D56227-LeaderElection245] INFO  impl.RoleInfo (RoleInfo.java:shutdownLeaderElection(134)) - 8f18dce1-0a3d-4b65-9c78-af3d58b2da7f: shutdown LeaderElection
2019-10-20 17:40:29,102 [8f18dce1-0a3d-4b65-9c78-af3d58b2da7f@group-091950D56227-LeaderElection245] INFO  impl.RoleInfo (RoleInfo.java:updateAndGet(143)) - 8f18dce1-0a3d-4b65-9c78-af3d58b2da7f: start FollowerState
2019-10-20 17:40:29,171 [Thread-1771] INFO  impl.FollowerState (FollowerState.java:run(108)) - 8f18dce1-0a3d-4b65-9c78-af3d58b2da7f@group-091950D56227-FollowerState: change to CANDIDATE, lastRpcTime:69ms, electionTimeout:69ms
2019-10-20 17:40:29,171 [Thread-1771] INFO  impl.RoleInfo (RoleInfo.java:shutdownFollowerState(121)) - 8f18dce1-0a3d-4b65-9c78-af3d58b2da7f: shutdown FollowerState
2019-10-20 17:40:29,172 [Thread-1771] INFO  impl.RaftServerImpl (RaftServerImpl.java:setRole(184)) - 8f18dce1-0a3d-4b65-9c78-af3d58b2da7f@group-091950D56227: changes role from  FOLLOWER to CANDIDATE at term 291 for changeToCandidate
2019-10-20 17:40:29,172 [Thread-1771] INFO  impl.RoleInfo (RoleInfo.java:updateAndGet(143)) - 8f18dce1-0a3d-4b65-9c78-af3d58b2da7f: start LeaderElection
2019-10-20 17:40:29,201 [8f18dce1-0a3d-4b65-9c78-af3d58b2da7f@group-091950D56227-LeaderElection246] INFO  impl.LeaderElection (LeaderElection.java:askForVotes(178)) - 8f18dce1-0a3d-4b65-9c78-af3d58b2da7f@group-091950D56227-LeaderElection246: begin an election at term 292 for -1: [8a63e1ae-032e-4bed-9f20-125a11f65413:0.0.0.0:38685, 8f18dce1-0a3d-4b65-9c78-af3d58b2da7f:0.0.0.0:42489, 7b1e61a0-7daf-43dd-99d5-9b325c1d31ae:0.0.0.0:38412], old=null
2019-10-20 17:40:29,204 [grpc-default-executor-1] INFO  impl.RaftServerImpl (RaftServerImpl.java:setRole(184)) - 8a63e1ae-032e-4bed-9f20-125a11f65413@group-091950D56227: changes role from  FOLLOWER to FOLLOWER at term 292 for recognizeCandidate:8f18dce1-0a3d-4b65-9c78-af3d58b2da7f
2019-10-20 17:40:29,204 [grpc-default-executor-1] INFO  impl.RoleInfo (RoleInfo.java:shutdownFollowerState(121)) - 8a63e1ae-032e-4bed-9f20-125a11f65413: shutdown FollowerState
2019-10-20 17:40:29,204 [grpc-default-executor-1] INFO  impl.RoleInfo (RoleInfo.java:updateAndGet(143)) - 8a63e1ae-032e-4bed-9f20-125a11f65413: start FollowerState
2019-10-20 17:40:29,204 [Thread-1769] INFO  impl.FollowerState (FollowerState.java:run(117)) - 8a63e1ae-032e-4bed-9f20-125a11f65413@group-091950D56227-FollowerState was interrupted: java.lang.InterruptedException: sleep interrupted
2019-10-20 17:40:29,204 [8f18dce1-0a3d-4b65-9c78-af3d58b2da7f@group-091950D56227-LeaderElection246] INFO  impl.LeaderElection (LeaderElection.java:logAndReturn(56)) - 8f18dce1-0a3d-4b65-9c78-af3d58b2da7f@group-091950D56227-LeaderElection246: Election TIMEOUT; received 0 response(s) [] and 0 exception(s); 8f18dce1-0a3d-4b65-9c78-af3d58b2da7f@group-091950D56227:t292, leader=null, voted=8f18dce1-0a3d-4b65-9c78-af3d58b2da7f, raftlog=8f18dce1-0a3d-4b65-9c78-af3d58b2da7f@group-091950D56227-SegmentedRaftLog:OPENED:c-1,f-1,i0, conf=-1: [8a63e1ae-032e-4bed-9f20-125a11f65413:0.0.0.0:38685, 8f18dce1-0a3d-4b65-9c78-af3d58b2da7f:0.0.0.0:42489, 7b1e61a0-7daf-43dd-99d5-9b325c1d31ae:0.0.0.0:38412], old=null
2019-10-20 17:40:29,204 [grpc-default-executor-2] INFO  impl.RaftServerImpl (RaftServerImpl.java:setRole(184)) - 7b1e61a0-7daf-43dd-99d5-9b325c1d31ae@group-091950D56227: changes role from  FOLLOWER to FOLLOWER at term 292 for recognizeCandidate:8f18dce1-0a3d-4b65-9c78-af3d58b2da7f
2019-10-20 17:40:29,204 [grpc-default-executor-2] INFO  impl.RoleInfo (RoleInfo.java:shutdownFollowerState(121)) - 7b1e61a0-7daf-43dd-99d5-9b325c1d31ae: shutdown FollowerState
2019-10-20 17:40:29,204 [grpc-default-executor-2] INFO  impl.RoleInfo (RoleInfo.java:updateAndGet(143)) - 7b1e61a0-7daf-43dd-99d5-9b325c1d31ae: start FollowerState
2019-10-20 17:40:29,204 [Thread-1770] INFO  impl.FollowerState (FollowerState.java:run(117)) - 7b1e61a0-7daf-43dd-99d5-9b325c1d31ae@group-091950D56227-FollowerState was interrupted: java.lang.InterruptedException: sleep interrupted
2019-10-20 17:40:29,227 [8f18dce1-0a3d-4b65-9c78-af3d58b2da7f@group-091950D56227-LeaderElection246] INFO  impl.LeaderElection (LeaderElection.java:askForVotes(178)) - 8f18dce1-0a3d-4b65-9c78-af3d58b2da7f@group-091950D56227-LeaderElection246: begin an election at term 293 for -1: [8a63e1ae-032e-4bed-9f20-125a11f65413:0.0.0.0:38685, 8f18dce1-0a3d-4b65-9c78-af3d58b2da7f:0.0.0.0:42489, 7b1e61a0-7daf-43dd-99d5-9b325c1d31ae:0.0.0.0:38412], old=null
2019-10-20 17:40:29,228 [grpc-default-executor-1] INFO  impl.RaftServerImpl (RaftServerImpl.java:setRole(184)) - 8a63e1ae-032e-4bed-9f20-125a11f65413@group-091950D56227: changes role from  FOLLOWER to FOLLOWER at term 293 for recognizeCandidate:8f18dce1-0a3d-4b65-9c78-af3d58b2da7f
2019-10-20 17:40:29,228 [grpc-default-executor-1] INFO  impl.RoleInfo (RoleInfo.java:shutdownFollowerState(121)) - 8a63e1ae-032e-4bed-9f20-125a11f65413: shutdown FollowerState
2019-10-20 17:40:29,228 [grpc-default-executor-1] INFO  impl.RoleInfo (RoleInfo.java:updateAndGet(143)) - 8a63e1ae-032e-4bed-9f20-125a11f65413: start FollowerState
2019-10-20 17:40:29,228 [Thread-1775] INFO  impl.FollowerState (FollowerState.java:run(117)) - 8a63e1ae-032e-4bed-9f20-125a11f65413@group-091950D56227-FollowerState was interrupted: java.lang.InterruptedException: sleep interrupted
2019-10-20 17:40:29,229 [grpc-default-executor-2] INFO  impl.RaftServerImpl (RaftServerImpl.java:setRole(184)) - 7b1e61a0-7daf-43dd-99d5-9b325c1d31ae@group-091950D56227: changes role from  FOLLOWER to FOLLOWER at term 293 for recognizeCandidate:8f18dce1-0a3d-4b65-9c78-af3d58b2da7f
2019-10-20 17:40:29,229 [grpc-default-executor-2] INFO  impl.RoleInfo (RoleInfo.java:shutdownFollowerState(121)) - 7b1e61a0-7daf-43dd-99d5-9b325c1d31ae: shutdown FollowerState
2019-10-20 17:40:29,229 [grpc-default-executor-2] INFO  impl.RoleInfo (RoleInfo.java:updateAndGet(143)) - 7b1e61a0-7daf-43dd-99d5-9b325c1d31ae: start FollowerState
2019-10-20 17:40:29,229 [Thread-1776] INFO  impl.FollowerState (FollowerState.java:run(117)) - 7b1e61a0-7daf-43dd-99d5-9b325c1d31ae@group-091950D56227-FollowerState was interrupted: java.lang.InterruptedException: sleep interrupted
2019-10-20 17:40:29,246 [8f18dce1-0a3d-4b65-9c78-af3d58b2da7f@group-091950D56227-LeaderElection246] INFO  impl.LeaderElection (LeaderElection.java:logAndReturn(56)) - 8f18dce1-0a3d-4b65-9c78-af3d58b2da7f@group-091950D56227-LeaderElection246: Election REJECTED; received 2 response(s) [8f18dce1-0a3d-4b65-9c78-af3d58b2da7f<-8a63e1ae-032e-4bed-9f20-125a11f65413#0:FAIL-t293, 8f18dce1-0a3d-4b65-9c78-af3d58b2da7f<-7b1e61a0-7daf-43dd-99d5-9b325c1d31ae#0:FAIL-t293] and 0 exception(s); 8f18dce1-0a3d-4b65-9c78-af3d58b2da7f@group-091950D56227:t293, leader=null, voted=8f18dce1-0a3d-4b65-9c78-af3d58b2da7f, raftlog=8f18dce1-0a3d-4b65-9c78-af3d58b2da7f@group-091950D56227-SegmentedRaftLog:OPENED:c-1,f-1,i0, conf=-1: [8a63e1ae-032e-4bed-9f20-125a11f65413:0.0.0.0:38685, 8f18dce1-0a3d-4b65-9c78-af3d58b2da7f:0.0.0.0:42489, 7b1e61a0-7daf-43dd-99d5-9b325c1d31ae:0.0.0.0:38412], old=null
2019-10-20 17:40:29,246 [8f18dce1-0a3d-4b65-9c78-af3d58b2da7f@group-091950D56227-LeaderElection246] INFO  impl.RaftServerImpl (RaftServerImpl.java:setRole(184)) - 8f18dce1-0a3d-4b65-9c78-af3d58b2da7f@group-091950D56227: changes role from CANDIDATE to FOLLOWER at term 293 for DISCOVERED_A_NEW_TERM
2019-10-20 17:40:29,246 [8f18dce1-0a3d-4b65-9c78-af3d58b2da7f@group-091950D56227-LeaderElection246] INFO  impl.RoleInfo (RoleInfo.java:shutdownLeaderElection(134)) - 8f18dce1-0a3d-4b65-9c78-af3d58b2da7f: shutdown LeaderElection
2019-10-20 17:40:29,246 [8f18dce1-0a3d-4b65-9c78-af3d58b2da7f@group-091950D56227-LeaderElection246] INFO  impl.RoleInfo (RoleInfo.java:updateAndGet(143)) - 8f18dce1-0a3d-4b65-9c78-af3d58b2da7f: start FollowerState
2019-10-20 17:40:29,311 [Thread-1781] INFO  impl.FollowerState (FollowerState.java:run(108)) - 8f18dce1-0a3d-4b65-9c78-af3d58b2da7f@group-091950D56227-FollowerState: change to CANDIDATE, lastRpcTime:64ms, electionTimeout:64ms
2019-10-20 17:40:29,311 [Thread-1781] INFO  impl.RoleInfo (RoleInfo.java:shutdownFollowerState(121)) - 8f18dce1-0a3d-4b65-9c78-af3d58b2da7f: shutdown FollowerState
2019-10-20 17:40:29,311 [Thread-1781] INFO  impl.RaftServerImpl (RaftServerImpl.java:setRole(184)) - 8f18dce1-0a3d-4b65-9c78-af3d58b2da7f@group-091950D56227: changes role from  FOLLOWER to CANDIDATE at term 293 for changeToCandidate
2019-10-20 17:40:29,311 [Thread-1781] INFO  impl.RoleInfo (RoleInfo.java:updateAndGet(143)) - 8f18dce1-0a3d-4b65-9c78-af3d58b2da7f: start LeaderElection
2019-10-20 17:40:29,337 [8f18dce1-0a3d-4b65-9c78-af3d58b2da7f@group-091950D56227-LeaderElection247] INFO  impl.LeaderElection (LeaderElection.java:askForVotes(178)) - 8f18dce1-0a3d-4b65-9c78-af3d58b2da7f@group-091950D56227-LeaderElection247: begin an election at term 294 for -1: [8a63e1ae-032e-4bed-9f20-125a11f65413:0.0.0.0:38685, 8f18dce1-0a3d-4b65-9c78-af3d58b2da7f:0.0.0.0:42489, 7b1e61a0-7daf-43dd-99d5-9b325c1d31ae:0.0.0.0:38412], old=null
2019-10-20 17:40:29,340 [grpc-default-executor-2] INFO  impl.RaftServerImpl (RaftServerImpl.java:setRole(184)) - 8a63e1ae-032e-4bed-9f20-125a11f65413@group-091950D56227: changes role from  FOLLOWER to FOLLOWER at term 294 for recognizeCandidate:8f18dce1-0a3d-4b65-9c78-af3d58b2da7f
2019-10-20 17:40:29,340 [grpc-default-executor-1] INFO  impl.RaftServerImpl (RaftServerImpl.java:setRole(184)) - 7b1e61a0-7daf-43dd-99d5-9b325c1d31ae@group-091950D56227: changes role from  FOLLOWER to FOLLOWER at term 294 for recognizeCandidate:8f18dce1-0a3d-4b65-9c78-af3d58b2da7f
2019-10-20 17:40:29,340 [grpc-default-executor-2] INFO  impl.RoleInfo (RoleInfo.java:shutdownFollowerState(121)) - 8a63e1ae-032e-4bed-9f20-125a11f65413: shutdown FollowerState
2019-10-20 17:40:29,340 [grpc-default-executor-1] INFO  impl.RoleInfo (RoleInfo.java:shutdownFollowerState(121)) - 7b1e61a0-7daf-43dd-99d5-9b325c1d31ae: shutdown FollowerState
2019-10-20 17:40:29,341 [Thread-1779] INFO  impl.FollowerState (FollowerState.java:run(117)) - 8a63e1ae-032e-4bed-9f20-125a11f65413@group-091950D56227-FollowerState was interrupted: java.lang.InterruptedException: sleep interrupted
2019-10-20 17:40:29,341 [grpc-default-executor-2] INFO  impl.RoleInfo (RoleInfo.java:updateAndGet(143)) - 8a63e1ae-032e-4bed-9f20-125a11f65413: start FollowerState
2019-10-20 17:40:29,341 [Thread-1780] INFO  impl.FollowerState (FollowerState.java:run(117)) - 7b1e61a0-7daf-43dd-99d5-9b325c1d31ae@group-091950D56227-FollowerState was interrupted: java.lang.InterruptedException: sleep interrupted
2019-10-20 17:40:29,341 [grpc-default-executor-1] INFO  impl.RoleInfo (RoleInfo.java:updateAndGet(143)) - 7b1e61a0-7daf-43dd-99d5-9b325c1d31ae: start FollowerState
2019-10-20 17:40:29,364 [8f18dce1-0a3d-4b65-9c78-af3d58b2da7f@group-091950D56227-LeaderElection247] INFO  impl.LeaderElection (LeaderElection.java:logAndReturn(56)) - 8f18dce1-0a3d-4b65-9c78-af3d58b2da7f@group-091950D56227-LeaderElection247: Election REJECTED; received 2 response(s) [8f18dce1-0a3d-4b65-9c78-af3d58b2da7f<-8a63e1ae-032e-4bed-9f20-125a11f65413#0:FAIL-t294, 8f18dce1-0a3d-4b65-9c78-af3d58b2da7f<-7b1e61a0-7daf-43dd-99d5-9b325c1d31ae#0:FAIL-t294] and 0 exception(s); 8f18dce1-0a3d-4b65-9c78-af3d58b2da7f@group-091950D56227:t294, leader=null, voted=8f18dce1-0a3d-4b65-9c78-af3d58b2da7f, raftlog=8f18dce1-0a3d-4b65-9c78-af3d58b2da7f@group-091950D56227-SegmentedRaftLog:OPENED:c-1,f-1,i0, conf=-1: [8a63e1ae-032e-4bed-9f20-125a11f65413:0.0.0.0:38685, 8f18dce1-0a3d-4b65-9c78-af3d58b2da7f:0.0.0.0:42489, 7b1e61a0-7daf-43dd-99d5-9b325c1d31ae:0.0.0.0:38412], old=null
2019-10-20 17:40:29,364 [8f18dce1-0a3d-4b65-9c78-af3d58b2da7f@group-091950D56227-LeaderElection247] INFO  impl.RaftServerImpl (RaftServerImpl.java:setRole(184)) - 8f18dce1-0a3d-4b65-9c78-af3d58b2da7f@group-091950D56227: changes role from CANDIDATE to FOLLOWER at term 294 for DISCOVERED_A_NEW_TERM
2019-10-20 17:40:29,364 [8f18dce1-0a3d-4b65-9c78-af3d58b2da7f@group-091950D56227-LeaderElection247] INFO  impl.RoleInfo (RoleInfo.java:shutdownLeaderElection(134)) - 8f18dce1-0a3d-4b65-9c78-af3d58b2da7f: shutdown LeaderElection
2019-10-20 17:40:29,364 [8f18dce1-0a3d-4b65-9c78-af3d58b2da7f@group-091950D56227-LeaderElection247] INFO  impl.RoleInfo (RoleInfo.java:updateAndGet(143)) - 8f18dce1-0a3d-4b65-9c78-af3d58b2da7f: start FollowerState
2019-10-20 17:40:29,457 [Thread-1789] INFO  impl.FollowerState (FollowerState.java:run(108)) - 8f18dce1-0a3d-4b65-9c78-af3d58b2da7f@group-091950D56227-FollowerState: change to CANDIDATE, lastRpcTime:93ms, electionTimeout:93ms
2019-10-20 17:40:29,458 [Thread-1789] INFO  impl.RoleInfo (RoleInfo.java:shutdownFollowerState(121)) - 8f18dce1-0a3d-4b65-9c78-af3d58b2da7f: shutdown FollowerState
2019-10-20 17:40:29,458 [Thread-1789] INFO  impl.RaftServerImpl (RaftServerImpl.java:setRole(184)) - 8f18dce1-0a3d-4b65-9c78-af3d58b2da7f@group-091950D56227: changes role from  FOLLOWER to CANDIDATE at term 294 for changeToCandidate
2019-10-20 17:40:29,458 [Thread-1789] INFO  impl.RoleInfo (RoleInfo.java:updateAndGet(143)) - 8f18dce1-0a3d-4b65-9c78-af3d58b2da7f: start LeaderElection
2019-10-20 17:40:29,488 [8f18dce1-0a3d-4b65-9c78-af3d58b2da7f@group-091950D56227-LeaderElection248] INFO  impl.LeaderElection (LeaderElection.java:askForVotes(178)) - 8f18dce1-0a3d-4b65-9c78-af3d58b2da7f@group-091950D56227-LeaderElection248: begin an election at term 295 for -1: [8a63e1ae-032e-4bed-9f20-125a11f65413:0.0.0.0:38685, 8f18dce1-0a3d-4b65-9c78-af3d58b2da7f:0.0.0.0:42489, 7b1e61a0-7daf-43dd-99d5-9b325c1d31ae:0.0.0.0:38412], old=null
2019-10-20 17:40:29,491 [grpc-default-executor-2] INFO  impl.RaftServerImpl (RaftServerImpl.java:setRole(184)) - 7b1e61a0-7daf-43dd-99d5-9b325c1d31ae@group-091950D56227: changes role from  FOLLOWER to FOLLOWER at term 295 for recognizeCandidate:8f18dce1-0a3d-4b65-9c78-af3d58b2da7f
2019-10-20 17:40:29,491 [grpc-default-executor-1] INFO  impl.RaftServerImpl (RaftServerImpl.java:setRole(184)) - 8a63e1ae-032e-4bed-9f20-125a11f65413@group-091950D56227: changes role from  FOLLOWER to FOLLOWER at term 295 for recognizeCandidate:8f18dce1-0a3d-4b65-9c78-af3d58b2da7f
2019-10-20 17:40:29,491 [grpc-default-executor-2] INFO  impl.RoleInfo (RoleInfo.java:shutdownFollowerState(121)) - 7b1e61a0-7daf-43dd-99d5-9b325c1d31ae: shutdown FollowerState
2019-10-20 17:40:29,491 [grpc-default-executor-1] INFO  impl.RoleInfo (RoleInfo.java:shutdownFollowerState(121)) - 8a63e1ae-032e-4bed-9f20-125a11f65413: shutdown FollowerState
2019-10-20 17:40:29,491 [grpc-default-executor-2] INFO  impl.RoleInfo (RoleInfo.java:updateAndGet(143)) - 7b1e61a0-7daf-43dd-99d5-9b325c1d31ae: start FollowerState
2019-10-20 17:40:29,492 [Thread-1787] INFO  impl.FollowerState (FollowerState.java:run(117)) - 8a63e1ae-032e-4bed-9f20-125a11f65413@group-091950D56227-FollowerState was interrupted: java.lang.InterruptedException: sleep interrupted
2019-10-20 17:40:29,492 [Thread-1788] INFO  impl.FollowerState (FollowerState.java:run(117)) - 7b1e61a0-7daf-43dd-99d5-9b325c1d31ae@group-091950D56227-FollowerState was interrupted: java.lang.InterruptedException: sleep interrupted
2019-10-20 17:40:29,492 [grpc-default-executor-1] INFO  impl.RoleInfo (RoleInfo.java:updateAndGet(143)) - 8a63e1ae-032e-4bed-9f20-125a11f65413: start FollowerState
2019-10-20 17:40:29,523 [8f18dce1-0a3d-4b65-9c78-af3d58b2da7f@group-091950D56227-LeaderElection248] INFO  impl.LeaderElection (LeaderElection.java:logAndReturn(56)) - 8f18dce1-0a3d-4b65-9c78-af3d58b2da7f@group-091950D56227-LeaderElection248: Election REJECTED; received 2 response(s) [8f18dce1-0a3d-4b65-9c78-af3d58b2da7f<-8a63e1ae-032e-4bed-9f20-125a11f65413#0:FAIL-t295, 8f18dce1-0a3d-4b65-9c78-af3d58b2da7f<-7b1e61a0-7daf-43dd-99d5-9b325c1d31ae#0:FAIL-t295] and 0 exception(s); 8f18dce1-0a3d-4b65-9c78-af3d58b2da7f@group-091950D56227:t295, leader=null, voted=8f18dce1-0a3d-4b65-9c78-af3d58b2da7f, raftlog=8f18dce1-0a3d-4b65-9c78-af3d58b2da7f@group-091950D56227-SegmentedRaftLog:OPENED:c-1,f-1,i0, conf=-1: [8a63e1ae-032e-4bed-9f20-125a11f65413:0.0.0.0:38685, 8f18dce1-0a3d-4b65-9c78-af3d58b2da7f:0.0.0.0:42489, 7b1e61a0-7daf-43dd-99d5-9b325c1d31ae:0.0.0.0:38412], old=null
2019-10-20 17:40:29,523 [8f18dce1-0a3d-4b65-9c78-af3d58b2da7f@group-091950D56227-LeaderElection248] INFO  impl.RaftServerImpl (RaftServerImpl.java:setRole(184)) - 8f18dce1-0a3d-4b65-9c78-af3d58b2da7f@group-091950D56227: changes role from CANDIDATE to FOLLOWER at term 295 for DISCOVERED_A_NEW_TERM
2019-10-20 17:40:29,523 [8f18dce1-0a3d-4b65-9c78-af3d58b2da7f@group-091950D56227-LeaderElection248] INFO  impl.RoleInfo (RoleInfo.java:shutdownLeaderElection(134)) - 8f18dce1-0a3d-4b65-9c78-af3d58b2da7f: shutdown LeaderElection
2019-10-20 17:40:29,523 [8f18dce1-0a3d-4b65-9c78-af3d58b2da7f@group-091950D56227-LeaderElection248] INFO  impl.RoleInfo (RoleInfo.java:updateAndGet(143)) - 8f18dce1-0a3d-4b65-9c78-af3d58b2da7f: start FollowerState
2019-10-20 17:40:29,659 [Thread-1795] INFO  impl.FollowerState (FollowerState.java:run(108)) - 8f18dce1-0a3d-4b65-9c78-af3d58b2da7f@group-091950D56227-FollowerState: change to CANDIDATE, lastRpcTime:135ms, electionTimeout:135ms
2019-10-20 17:40:29,659 [Thread-1795] INFO  impl.RoleInfo (RoleInfo.java:shutdownFollowerState(121)) - 8f18dce1-0a3d-4b65-9c78-af3d58b2da7f: shutdown FollowerState
2019-10-20 17:40:29,659 [Thread-1795] INFO  impl.RaftServerImpl (RaftServerImpl.java:setRole(184)) - 8f18dce1-0a3d-4b65-9c78-af3d58b2da7f@group-091950D56227: changes role from  FOLLOWER to CANDIDATE at term 295 for changeToCandidate
2019-10-20 17:40:29,659 [Thread-1795] INFO  impl.RoleInfo (RoleInfo.java:updateAndGet(143)) - 8f18dce1-0a3d-4b65-9c78-af3d58b2da7f: start LeaderElection
2019-10-20 17:40:29,689 [8f18dce1-0a3d-4b65-9c78-af3d58b2da7f@group-091950D56227-LeaderElection249] INFO  impl.LeaderElection (LeaderElection.java:askForVotes(178)) - 8f18dce1-0a3d-4b65-9c78-af3d58b2da7f@group-091950D56227-LeaderElection249: begin an election at term 296 for -1: [8a63e1ae-032e-4bed-9f20-125a11f65413:0.0.0.0:38685, 8f18dce1-0a3d-4b65-9c78-af3d58b2da7f:0.0.0.0:42489, 7b1e61a0-7daf-43dd-99d5-9b325c1d31ae:0.0.0.0:38412], old=null
2019-10-20 17:40:29,691 [grpc-default-executor-1] INFO  impl.RaftServerImpl (RaftServerImpl.java:setRole(184)) - 7b1e61a0-7daf-43dd-99d5-9b325c1d31ae@group-091950D56227: changes role from  FOLLOWER to FOLLOWER at term 296 for recognizeCandidate:8f18dce1-0a3d-4b65-9c78-af3d58b2da7f
2019-10-20 17:40:29,692 [grpc-default-executor-2] INFO  impl.RaftServerImpl (RaftServerImpl.java:setRole(184)) - 8a63e1ae-032e-4bed-9f20-125a11f65413@group-091950D56227: changes role from  FOLLOWER to FOLLOWER at term 296 for recognizeCandidate:8f18dce1-0a3d-4b65-9c78-af3d58b2da7f
2019-10-20 17:40:29,692 [grpc-default-executor-2] INFO  impl.RoleInfo (RoleInfo.java:shutdownFollowerState(121)) - 8a63e1ae-032e-4bed-9f20-125a11f65413: shutdown FollowerState
2019-10-20 17:40:29,692 [grpc-default-executor-1] INFO  impl.RoleInfo (RoleInfo.java:shutdownFollowerState(121)) - 7b1e61a0-7daf-43dd-99d5-9b325c1d31ae: shutdown FollowerState
2019-10-20 17:40:29,692 [Thread-1794] INFO  impl.FollowerState (FollowerState.java:run(117)) - 8a63e1ae-032e-4bed-9f20-125a11f65413@group-091950D56227-FollowerState was interrupted: java.lang.InterruptedException: sleep interrupted
2019-10-20 17:40:29,692 [Thread-1793] INFO  impl.FollowerState (FollowerState.java:run(117)) - 7b1e61a0-7daf-43dd-99d5-9b325c1d31ae@group-091950D56227-FollowerState was interrupted: java.lang.InterruptedException: sleep interrupted
2019-10-20 17:40:29,692 [grpc-default-executor-2] INFO  impl.RoleInfo (RoleInfo.java:updateAndGet(143)) - 8a63e1ae-032e-4bed-9f20-125a11f65413: start FollowerState
2019-10-20 17:40:29,692 [grpc-default-executor-1] INFO  impl.RoleInfo (RoleInfo.java:updateAndGet(143)) - 7b1e61a0-7daf-43dd-99d5-9b325c1d31ae: start FollowerState
2019-10-20 17:40:29,716 [8f18dce1-0a3d-4b65-9c78-af3d58b2da7f@group-091950D56227-LeaderElection249] INFO  impl.LeaderElection (LeaderElection.java:logAndReturn(56)) - 8f18dce1-0a3d-4b65-9c78-af3d58b2da7f@group-091950D56227-LeaderElection249: Election REJECTED; received 2 response(s) [8f18dce1-0a3d-4b65-9c78-af3d58b2da7f<-8a63e1ae-032e-4bed-9f20-125a11f65413#0:FAIL-t296, 8f18dce1-0a3d-4b65-9c78-af3d58b2da7f<-7b1e61a0-7daf-43dd-99d5-9b325c1d31ae#0:FAIL-t296] and 0 exception(s); 8f18dce1-0a3d-4b65-9c78-af3d58b2da7f@group-091950D56227:t296, leader=null, voted=8f18dce1-0a3d-4b65-9c78-af3d58b2da7f, raftlog=8f18dce1-0a3d-4b65-9c78-af3d58b2da7f@group-091950D56227-SegmentedRaftLog:OPENED:c-1,f-1,i0, conf=-1: [8a63e1ae-032e-4bed-9f20-125a11f65413:0.0.0.0:38685, 8f18dce1-0a3d-4b65-9c78-af3d58b2da7f:0.0.0.0:42489, 7b1e61a0-7daf-43dd-99d5-9b325c1d31ae:0.0.0.0:38412], old=null
2019-10-20 17:40:29,716 [8f18dce1-0a3d-4b65-9c78-af3d58b2da7f@group-091950D56227-LeaderElection249] INFO  impl.RaftServerImpl (RaftServerImpl.java:setRole(184)) - 8f18dce1-0a3d-4b65-9c78-af3d58b2da7f@group-091950D56227: changes role from CANDIDATE to FOLLOWER at term 296 for DISCOVERED_A_NEW_TERM
2019-10-20 17:40:29,716 [8f18dce1-0a3d-4b65-9c78-af3d58b2da7f@group-091950D56227-LeaderElection249] INFO  impl.RoleInfo (RoleInfo.java:shutdownLeaderElection(134)) - 8f18dce1-0a3d-4b65-9c78-af3d58b2da7f: shutdown LeaderElection
2019-10-20 17:40:29,717 [8f18dce1-0a3d-4b65-9c78-af3d58b2da7f@group-091950D56227-LeaderElection249] INFO  impl.RoleInfo (RoleInfo.java:updateAndGet(143)) - 8f18dce1-0a3d-4b65-9c78-af3d58b2da7f: start FollowerState
2019-10-20 17:40:29,909 [Thread-1801] INFO  impl.FollowerState (FollowerState.java:run(108)) - 8f18dce1-0a3d-4b65-9c78-af3d58b2da7f@group-091950D56227-FollowerState: change to CANDIDATE, lastRpcTime:192ms, electionTimeout:192ms
2019-10-20 17:40:29,909 [Thread-1801] INFO  impl.RoleInfo (RoleInfo.java:shutdownFollowerState(121)) - 8f18dce1-0a3d-4b65-9c78-af3d58b2da7f: shutdown FollowerState
2019-10-20 17:40:29,910 [Thread-1801] INFO  impl.RaftServerImpl (RaftServerImpl.java:setRole(184)) - 8f18dce1-0a3d-4b65-9c78-af3d58b2da7f@group-091950D56227: changes role from  FOLLOWER to CANDIDATE at term 296 for changeToCandidate
2019-10-20 17:40:29,910 [Thread-1801] INFO  impl.RoleInfo (RoleInfo.java:updateAndGet(143)) - 8f18dce1-0a3d-4b65-9c78-af3d58b2da7f: start LeaderElection
2019-10-20 17:40:30,021 [8f18dce1-0a3d-4b65-9c78-af3d58b2da7f@group-091950D56227-LeaderElection250] INFO  impl.LeaderElection (LeaderElection.java:askForVotes(178)) - 8f18dce1-0a3d-4b65-9c78-af3d58b2da7f@group-091950D56227-LeaderElection250: begin an election at term 297 for -1: [8a63e1ae-032e-4bed-9f20-125a11f65413:0.0.0.0:38685, 8f18dce1-0a3d-4b65-9c78-af3d58b2da7f:0.0.0.0:42489, 7b1e61a0-7daf-43dd-99d5-9b325c1d31ae:0.0.0.0:38412], old=null
2019-10-20 17:40:30,023 [grpc-default-executor-1] INFO  impl.RaftServerImpl (RaftServerImpl.java:setRole(184)) - 8a63e1ae-032e-4bed-9f20-125a11f65413@group-091950D56227: changes role from  FOLLOWER to FOLLOWER at term 297 for recognizeCandidate:8f18dce1-0a3d-4b65-9c78-af3d58b2da7f
2019-10-20 17:40:30,023 [grpc-default-executor-2] INFO  impl.RaftServerImpl (RaftServerImpl.java:setRole(184)) - 7b1e61a0-7daf-43dd-99d5-9b325c1d31ae@group-091950D56227: changes role from  FOLLOWER to FOLLOWER at term 297 for recognizeCandidate:8f18dce1-0a3d-4b65-9c78-af3d58b2da7f
2019-10-20 17:40:30,024 [grpc-default-executor-2] INFO  impl.RoleInfo (RoleInfo.java:shutdownFollowerState(121)) - 7b1e61a0-7daf-43dd-99d5-9b325c1d31ae: shutdown FollowerState
2019-10-20 17:40:30,024 [grpc-default-executor-1] INFO  impl.RoleInfo (RoleInfo.java:shutdownFollowerState(121)) - 8a63e1ae-032e-4bed-9f20-125a11f65413: shutdown FollowerState
2019-10-20 17:40:30,024 [Thread-1800] INFO  impl.FollowerState (FollowerState.java:run(117)) - 7b1e61a0-7daf-43dd-99d5-9b325c1d31ae@group-091950D56227-FollowerState was interrupted: java.lang.InterruptedException: sleep interrupted
2019-10-20 17:40:30,024 [Thread-1799] INFO  impl.FollowerState (FollowerState.java:run(117)) - 8a63e1ae-032e-4bed-9f20-125a11f65413@group-091950D56227-FollowerState was interrupted: java.lang.InterruptedException: sleep interrupted
2019-10-20 17:40:30,024 [grpc-default-executor-1] INFO  impl.RoleInfo (RoleInfo.java:updateAndGet(143)) - 8a63e1ae-032e-4bed-9f20-125a11f65413: start FollowerState
2019-10-20 17:40:30,024 [grpc-default-executor-2] INFO  impl.RoleInfo (RoleInfo.java:updateAndGet(143)) - 7b1e61a0-7daf-43dd-99d5-9b325c1d31ae: start FollowerState
2019-10-20 17:40:30,046 [8f18dce1-0a3d-4b65-9c78-af3d58b2da7f@group-091950D56227-LeaderElection250] INFO  impl.LeaderElection (LeaderElection.java:logAndReturn(56)) - 8f18dce1-0a3d-4b65-9c78-af3d58b2da7f@group-091950D56227-LeaderElection250: Election REJECTED; received 2 response(s) [8f18dce1-0a3d-4b65-9c78-af3d58b2da7f<-8a63e1ae-032e-4bed-9f20-125a11f65413#0:FAIL-t297, 8f18dce1-0a3d-4b65-9c78-af3d58b2da7f<-7b1e61a0-7daf-43dd-99d5-9b325c1d31ae#0:FAIL-t297] and 0 exception(s); 8f18dce1-0a3d-4b65-9c78-af3d58b2da7f@group-091950D56227:t297, leader=null, voted=8f18dce1-0a3d-4b65-9c78-af3d58b2da7f, raftlog=8f18dce1-0a3d-4b65-9c78-af3d58b2da7f@group-091950D56227-SegmentedRaftLog:OPENED:c-1,f-1,i0, conf=-1: [8a63e1ae-032e-4bed-9f20-125a11f65413:0.0.0.0:38685, 8f18dce1-0a3d-4b65-9c78-af3d58b2da7f:0.0.0.0:42489, 7b1e61a0-7daf-43dd-99d5-9b325c1d31ae:0.0.0.0:38412], old=null
2019-10-20 17:40:30,046 [8f18dce1-0a3d-4b65-9c78-af3d58b2da7f@group-091950D56227-LeaderElection250] INFO  impl.RaftServerImpl (RaftServerImpl.java:setRole(184)) - 8f18dce1-0a3d-4b65-9c78-af3d58b2da7f@group-091950D56227: changes role from CANDIDATE to FOLLOWER at term 297 for DISCOVERED_A_NEW_TERM
2019-10-20 17:40:30,046 [8f18dce1-0a3d-4b65-9c78-af3d58b2da7f@group-091950D56227-LeaderElection250] INFO  impl.RoleInfo (RoleInfo.java:shutdownLeaderElection(134)) - 8f18dce1-0a3d-4b65-9c78-af3d58b2da7f: shutdown LeaderElection
2019-10-20 17:40:30,046 [8f18dce1-0a3d-4b65-9c78-af3d58b2da7f@group-091950D56227-LeaderElection250] INFO  impl.RoleInfo (RoleInfo.java:updateAndGet(143)) - 8f18dce1-0a3d-4b65-9c78-af3d58b2da7f: start FollowerState
2019-10-20 17:40:30,231 [Thread-1807] INFO  impl.FollowerState (FollowerState.java:run(108)) - 8f18dce1-0a3d-4b65-9c78-af3d58b2da7f@group-091950D56227-FollowerState: change to CANDIDATE, lastRpcTime:184ms, electionTimeout:184ms
2019-10-20 17:40:30,231 [Thread-1807] INFO  impl.RoleInfo (RoleInfo.java:shutdownFollowerState(121)) - 8f18dce1-0a3d-4b65-9c78-af3d58b2da7f: shutdown FollowerState
2019-10-20 17:40:30,231 [Thread-1807] INFO  impl.RaftServerImpl (RaftServerImpl.java:setRole(184)) - 8f18dce1-0a3d-4b65-9c78-af3d58b2da7f@group-091950D56227: changes role from  FOLLOWER to CANDIDATE at term 297 for changeToCandidate
2019-10-20 17:40:30,232 [Thread-1807] INFO  impl.RoleInfo (RoleInfo.java:updateAndGet(143)) - 8f18dce1-0a3d-4b65-9c78-af3d58b2da7f: start LeaderElection
2019-10-20 17:40:30,249 [8f18dce1-0a3d-4b65-9c78-af3d58b2da7f@group-091950D56227-LeaderElection251] INFO  impl.LeaderElection (LeaderElection.java:askForVotes(178)) - 8f18dce1-0a3d-4b65-9c78-af3d58b2da7f@group-091950D56227-LeaderElection251: begin an election at term 298 for -1: [8a63e1ae-032e-4bed-9f20-125a11f65413:0.0.0.0:38685, 8f18dce1-0a3d-4b65-9c78-af3d58b2da7f:0.0.0.0:42489, 7b1e61a0-7daf-43dd-99d5-9b325c1d31ae:0.0.0.0:38412], old=null
2019-10-20 17:40:30,255 [grpc-default-executor-1] INFO  impl.RaftServerImpl (RaftServerImpl.java:setRole(184)) - 8a63e1ae-032e-4bed-9f20-125a11f65413@group-091950D56227: changes role from  FOLLOWER to FOLLOWER at term 298 for recognizeCandidate:8f18dce1-0a3d-4b65-9c78-af3d58b2da7f
2019-10-20 17:40:30,255 [grpc-default-executor-1] INFO  impl.RoleInfo (RoleInfo.java:shutdownFollowerState(121)) - 8a63e1ae-032e-4bed-9f20-125a11f65413: shutdown FollowerState
2019-10-20 17:40:30,256 [grpc-default-executor-1] INFO  impl.RoleInfo (RoleInfo.java:updateAndGet(143)) - 8a63e1ae-032e-4bed-9f20-125a11f65413: start FollowerState
2019-10-20 17:40:30,256 [grpc-default-executor-2] INFO  impl.RaftServerImpl (RaftServerImpl.java:setRole(184)) - 7b1e61a0-7daf-43dd-99d5-9b325c1d31ae@group-091950D56227: changes role from  FOLLOWER to FOLLOWER at term 298 for recognizeCandidate:8f18dce1-0a3d-4b65-9c78-af3d58b2da7f
2019-10-20 17:40:30,256 [grpc-default-executor-2] INFO  impl.RoleInfo (RoleInfo.java:shutdownFollowerState(121)) - 7b1e61a0-7daf-43dd-99d5-9b325c1d31ae: shutdown FollowerState
2019-10-20 17:40:30,256 [Thread-1806] INFO  impl.FollowerState (FollowerState.java:run(117)) - 8a63e1ae-032e-4bed-9f20-125a11f65413@group-091950D56227-FollowerState was interrupted: java.lang.InterruptedException: sleep interrupted
2019-10-20 17:40:30,256 [Thread-1805] INFO  impl.FollowerState (FollowerState.java:run(117)) - 7b1e61a0-7daf-43dd-99d5-9b325c1d31ae@group-091950D56227-FollowerState was interrupted: java.lang.InterruptedException: sleep interrupted
2019-10-20 17:40:30,256 [grpc-default-executor-2] INFO  impl.RoleInfo (RoleInfo.java:updateAndGet(143)) - 7b1e61a0-7daf-43dd-99d5-9b325c1d31ae: start FollowerState
2019-10-20 17:40:30,282 [8f18dce1-0a3d-4b65-9c78-af3d58b2da7f@group-091950D56227-LeaderElection251] INFO  impl.LeaderElection (LeaderElection.java:logAndReturn(56)) - 8f18dce1-0a3d-4b65-9c78-af3d58b2da7f@group-091950D56227-LeaderElection251: Election REJECTED; received 2 response(s) [8f18dce1-0a3d-4b65-9c78-af3d58b2da7f<-8a63e1ae-032e-4bed-9f20-125a11f65413#0:FAIL-t298, 8f18dce1-0a3d-4b65-9c78-af3d58b2da7f<-7b1e61a0-7daf-43dd-99d5-9b325c1d31ae#0:FAIL-t298] and 0 exception(s); 8f18dce1-0a3d-4b65-9c78-af3d58b2da7f@group-091950D56227:t298, leader=null, voted=8f18dce1-0a3d-4b65-9c78-af3d58b2da7f, raftlog=8f18dce1-0a3d-4b65-9c78-af3d58b2da7f@group-091950D56227-SegmentedRaftLog:OPENED:c-1,f-1,i0, conf=-1: [8a63e1ae-032e-4bed-9f20-125a11f65413:0.0.0.0:38685, 8f18dce1-0a3d-4b65-9c78-af3d58b2da7f:0.0.0.0:42489, 7b1e61a0-7daf-43dd-99d5-9b325c1d31ae:0.0.0.0:38412], old=null
2019-10-20 17:40:30,282 [8f18dce1-0a3d-4b65-9c78-af3d58b2da7f@group-091950D56227-LeaderElection251] INFO  impl.RaftServerImpl (RaftServerImpl.java:setRole(184)) - 8f18dce1-0a3d-4b65-9c78-af3d58b2da7f@group-091950D56227: changes role from CANDIDATE to FOLLOWER at term 298 for DISCOVERED_A_NEW_TERM
2019-10-20 17:40:30,282 [8f18dce1-0a3d-4b65-9c78-af3d58b2da7f@group-091950D56227-LeaderElection251] INFO  impl.RoleInfo (RoleInfo.java:shutdownLeaderElection(134)) - 8f18dce1-0a3d-4b65-9c78-af3d58b2da7f: shutdown LeaderElection
2019-10-20 17:40:30,282 [8f18dce1-0a3d-4b65-9c78-af3d58b2da7f@group-091950D56227-LeaderElection251] INFO  impl.RoleInfo (RoleInfo.java:updateAndGet(143)) - 8f18dce1-0a3d-4b65-9c78-af3d58b2da7f: start FollowerState
2019-10-20 17:40:30,346 [Thread-1815] INFO  impl.FollowerState (FollowerState.java:run(108)) - 8f18dce1-0a3d-4b65-9c78-af3d58b2da7f@group-091950D56227-FollowerState: change to CANDIDATE, lastRpcTime:63ms, electionTimeout:63ms
2019-10-20 17:40:30,346 [Thread-1815] INFO  impl.RoleInfo (RoleInfo.java:shutdownFollowerState(121)) - 8f18dce1-0a3d-4b65-9c78-af3d58b2da7f: shutdown FollowerState
2019-10-20 17:40:30,346 [Thread-1815] INFO  impl.RaftServerImpl (RaftServerImpl.java:setRole(184)) - 8f18dce1-0a3d-4b65-9c78-af3d58b2da7f@group-091950D56227: changes role from  FOLLOWER to CANDIDATE at term 298 for changeToCandidate
2019-10-20 17:40:30,346 [Thread-1815] INFO  impl.RoleInfo (RoleInfo.java:updateAndGet(143)) - 8f18dce1-0a3d-4b65-9c78-af3d58b2da7f: start LeaderElection
2019-10-20 17:40:30,370 [8f18dce1-0a3d-4b65-9c78-af3d58b2da7f@group-091950D56227-LeaderElection252] INFO  impl.LeaderElection (LeaderElection.java:askForVotes(178)) - 8f18dce1-0a3d-4b65-9c78-af3d58b2da7f@group-091950D56227-LeaderElection252: begin an election at term 299 for -1: [8a63e1ae-032e-4bed-9f20-125a11f65413:0.0.0.0:38685, 8f18dce1-0a3d-4b65-9c78-af3d58b2da7f:0.0.0.0:42489, 7b1e61a0-7daf-43dd-99d5-9b325c1d31ae:0.0.0.0:38412], old=null
2019-10-20 17:40:30,372 [grpc-default-executor-1] INFO  impl.RaftServerImpl (RaftServerImpl.java:setRole(184)) - 8a63e1ae-032e-4bed-9f20-125a11f65413@group-091950D56227: changes role from  FOLLOWER to FOLLOWER at term 299 for recognizeCandidate:8f18dce1-0a3d-4b65-9c78-af3d58b2da7f
2019-10-20 17:40:30,372 [grpc-default-executor-1] INFO  impl.RoleInfo (RoleInfo.java:shutdownFollowerState(121)) - 8a63e1ae-032e-4bed-9f20-125a11f65413: shutdown FollowerState
2019-10-20 17:40:30,373 [grpc-default-executor-2] INFO  impl.RaftServerImpl (RaftServerImpl.java:setRole(184)) - 7b1e61a0-7daf-43dd-99d5-9b325c1d31ae@group-091950D56227: changes role from  FOLLOWER to FOLLOWER at term 299 for recognizeCandidate:8f18dce1-0a3d-4b65-9c78-af3d58b2da7f
2019-10-20 17:40:30,373 [grpc-default-executor-2] INFO  impl.RoleInfo (RoleInfo.java:shutdownFollowerState(121)) - 7b1e61a0-7daf-43dd-99d5-9b325c1d31ae: shutdown FollowerState
2019-10-20 17:40:30,373 [Thread-1811] INFO  impl.FollowerState (FollowerState.java:run(117)) - 8a63e1ae-032e-4bed-9f20-125a11f65413@group-091950D56227-FollowerState was interrupted: java.lang.InterruptedException: sleep interrupted
2019-10-20 17:40:30,373 [grpc-default-executor-1] INFO  impl.RoleInfo (RoleInfo.java:updateAndGet(143)) - 8a63e1ae-032e-4bed-9f20-125a11f65413: start FollowerState
2019-10-20 17:40:30,373 [Thread-1812] INFO  impl.FollowerState (FollowerState.java:run(117)) - 7b1e61a0-7daf-43dd-99d5-9b325c1d31ae@group-091950D56227-FollowerState was interrupted: java.lang.InterruptedException: sleep interrupted
2019-10-20 17:40:30,373 [grpc-default-executor-2] INFO  impl.RoleInfo (RoleInfo.java:updateAndGet(143)) - 7b1e61a0-7daf-43dd-99d5-9b325c1d31ae: start FollowerState
2019-10-20 17:40:30,397 [8f18dce1-0a3d-4b65-9c78-af3d58b2da7f@group-091950D56227-LeaderElection252] INFO  impl.LeaderElection (LeaderElection.java:logAndReturn(56)) - 8f18dce1-0a3d-4b65-9c78-af3d58b2da7f@group-091950D56227-LeaderElection252: Election REJECTED; received 2 response(s) [8f18dce1-0a3d-4b65-9c78-af3d58b2da7f<-8a63e1ae-032e-4bed-9f20-125a11f65413#0:FAIL-t299, 8f18dce1-0a3d-4b65-9c78-af3d58b2da7f<-7b1e61a0-7daf-43dd-99d5-9b325c1d31ae#0:FAIL-t299] and 0 exception(s); 8f18dce1-0a3d-4b65-9c78-af3d58b2da7f@group-091950D56227:t299, leader=null, voted=8f18dce1-0a3d-4b65-9c78-af3d58b2da7f, raftlog=8f18dce1-0a3d-4b65-9c78-af3d58b2da7f@group-091950D56227-SegmentedRaftLog:OPENED:c-1,f-1,i0, conf=-1: [8a63e1ae-032e-4bed-9f20-125a11f65413:0.0.0.0:38685, 8f18dce1-0a3d-4b65-9c78-af3d58b2da7f:0.0.0.0:42489, 7b1e61a0-7daf-43dd-99d5-9b325c1d31ae:0.0.0.0:38412], old=null
2019-10-20 17:40:30,397 [8f18dce1-0a3d-4b65-9c78-af3d58b2da7f@group-091950D56227-LeaderElection252] INFO  impl.RaftServerImpl (RaftServerImpl.java:setRole(184)) - 8f18dce1-0a3d-4b65-9c78-af3d58b2da7f@group-091950D56227: changes role from CANDIDATE to FOLLOWER at term 299 for DISCOVERED_A_NEW_TERM
2019-10-20 17:40:30,398 [8f18dce1-0a3d-4b65-9c78-af3d58b2da7f@group-091950D56227-LeaderElection252] INFO  impl.RoleInfo (RoleInfo.java:shutdownLeaderElection(134)) - 8f18dce1-0a3d-4b65-9c78-af3d58b2da7f: shutdown LeaderElection
2019-10-20 17:40:30,398 [8f18dce1-0a3d-4b65-9c78-af3d58b2da7f@group-091950D56227-LeaderElection252] INFO  impl.RoleInfo (RoleInfo.java:updateAndGet(143)) - 8f18dce1-0a3d-4b65-9c78-af3d58b2da7f: start FollowerState
2019-10-20 17:40:30,483 [Thread-1821] INFO  impl.FollowerState (FollowerState.java:run(108)) - 8f18dce1-0a3d-4b65-9c78-af3d58b2da7f@group-091950D56227-FollowerState: change to CANDIDATE, lastRpcTime:85ms, electionTimeout:85ms
2019-10-20 17:40:30,483 [Thread-1821] INFO  impl.RoleInfo (RoleInfo.java:shutdownFollowerState(121)) - 8f18dce1-0a3d-4b65-9c78-af3d58b2da7f: shutdown FollowerState
2019-10-20 17:40:30,483 [Thread-1821] INFO  impl.RaftServerImpl (RaftServerImpl.java:setRole(184)) - 8f18dce1-0a3d-4b65-9c78-af3d58b2da7f@group-091950D56227: changes role from  FOLLOWER to CANDIDATE at term 299 for changeToCandidate
2019-10-20 17:40:30,484 [Thread-1821] INFO  impl.RoleInfo (RoleInfo.java:updateAndGet(143)) - 8f18dce1-0a3d-4b65-9c78-af3d58b2da7f: start LeaderElection
2019-10-20 17:40:30,507 [8f18dce1-0a3d-4b65-9c78-af3d58b2da7f@group-091950D56227-LeaderElection253] INFO  impl.LeaderElection (LeaderElection.java:askForVotes(178)) - 8f18dce1-0a3d-4b65-9c78-af3d58b2da7f@group-091950D56227-LeaderElection253: begin an election at term 300 for -1: [8a63e1ae-032e-4bed-9f20-125a11f65413:0.0.0.0:38685, 8f18dce1-0a3d-4b65-9c78-af3d58b2da7f:0.0.0.0:42489, 7b1e61a0-7daf-43dd-99d5-9b325c1d31ae:0.0.0.0:38412], old=null
2019-10-20 17:40:30,509 [grpc-default-executor-1] INFO  impl.RaftServerImpl (RaftServerImpl.java:setRole(184)) - 8a63e1ae-032e-4bed-9f20-125a11f65413@group-091950D56227: changes role from  FOLLOWER to FOLLOWER at term 300 for recognizeCandidate:8f18dce1-0a3d-4b65-9c78-af3d58b2da7f
2019-10-20 17:40:30,509 [grpc-default-executor-2] INFO  impl.RaftServerImpl (RaftServerImpl.java:setRole(184)) - 7b1e61a0-7daf-43dd-99d5-9b325c1d31ae@group-091950D56227: changes role from  FOLLOWER to FOLLOWER at term 300 for recognizeCandidate:8f18dce1-0a3d-4b65-9c78-af3d58b2da7f
2019-10-20 17:40:30,509 [grpc-default-executor-2] INFO  impl.RoleInfo (RoleInfo.java:shutdownFollowerState(121)) - 7b1e61a0-7daf-43dd-99d5-9b325c1d31ae: shutdown FollowerState
2019-10-20 17:40:30,509 [grpc-default-executor-1] INFO  impl.RoleInfo (RoleInfo.java:shutdownFollowerState(121)) - 8a63e1ae-032e-4bed-9f20-125a11f65413: shutdown FollowerState
2019-10-20 17:40:30,510 [Thread-1820] INFO  impl.FollowerState (FollowerState.java:run(117)) - 7b1e61a0-7daf-43dd-99d5-9b325c1d31ae@group-091950D56227-FollowerState was interrupted: java.lang.InterruptedException: sleep interrupted
2019-10-20 17:40:30,509 [grpc-default-executor-2] INFO  impl.RoleInfo (RoleInfo.java:updateAndGet(143)) - 7b1e61a0-7daf-43dd-99d5-9b325c1d31ae: start FollowerState
2019-10-20 17:40:30,510 [Thread-1819] INFO  impl.FollowerState (FollowerState.java:run(117)) - 8a63e1ae-032e-4bed-9f20-125a11f65413@group-091950D56227-FollowerState was interrupted: java.lang.InterruptedException: sleep interrupted
2019-10-20 17:40:30,510 [grpc-default-executor-1] INFO  impl.RoleInfo (RoleInfo.java:updateAndGet(143)) - 8a63e1ae-032e-4bed-9f20-125a11f65413: start FollowerState
2019-10-20 17:40:30,534 [8f18dce1-0a3d-4b65-9c78-af3d58b2da7f@group-091950D56227-LeaderElection253] INFO  impl.LeaderElection (LeaderElection.java:logAndReturn(56)) - 8f18dce1-0a3d-4b65-9c78-af3d58b2da7f@group-091950D56227-LeaderElection253: Election REJECTED; received 2 response(s) [8f18dce1-0a3d-4b65-9c78-af3d58b2da7f<-8a63e1ae-032e-4bed-9f20-125a11f65413#0:FAIL-t300, 8f18dce1-0a3d-4b65-9c78-af3d58b2da7f<-7b1e61a0-7daf-43dd-99d5-9b325c1d31ae#0:FAIL-t300] and 0 exception(s); 8f18dce1-0a3d-4b65-9c78-af3d58b2da7f@group-091950D56227:t300, leader=null, voted=8f18dce1-0a3d-4b65-9c78-af3d58b2da7f, raftlog=8f18dce1-0a3d-4b65-9c78-af3d58b2da7f@group-091950D56227-SegmentedRaftLog:OPENED:c-1,f-1,i0, conf=-1: [8a63e1ae-032e-4bed-9f20-125a11f65413:0.0.0.0:38685, 8f18dce1-0a3d-4b65-9c78-af3d58b2da7f:0.0.0.0:42489, 7b1e61a0-7daf-43dd-99d5-9b325c1d31ae:0.0.0.0:38412], old=null
2019-10-20 17:40:30,535 [8f18dce1-0a3d-4b65-9c78-af3d58b2da7f@group-091950D56227-LeaderElection253] INFO  impl.RaftServerImpl (RaftServerImpl.java:setRole(184)) - 8f18dce1-0a3d-4b65-9c78-af3d58b2da7f@group-091950D56227: changes role from CANDIDATE to FOLLOWER at term 300 for DISCOVERED_A_NEW_TERM
2019-10-20 17:40:30,535 [8f18dce1-0a3d-4b65-9c78-af3d58b2da7f@group-091950D56227-LeaderElection253] INFO  impl.RoleInfo (RoleInfo.java:shutdownLeaderElection(134)) - 8f18dce1-0a3d-4b65-9c78-af3d58b2da7f: shutdown LeaderElection
2019-10-20 17:40:30,535 [8f18dce1-0a3d-4b65-9c78-af3d58b2da7f@group-091950D56227-LeaderElection253] INFO  impl.RoleInfo (RoleInfo.java:updateAndGet(143)) - 8f18dce1-0a3d-4b65-9c78-af3d58b2da7f: start FollowerState
2019-10-20 17:40:30,728 [Thread-1827] INFO  impl.FollowerState (FollowerState.java:run(108)) - 8f18dce1-0a3d-4b65-9c78-af3d58b2da7f@group-091950D56227-FollowerState: change to CANDIDATE, lastRpcTime:193ms, electionTimeout:193ms
2019-10-20 17:40:30,729 [Thread-1827] INFO  impl.RoleInfo (RoleInfo.java:shutdownFollowerState(121)) - 8f18dce1-0a3d-4b65-9c78-af3d58b2da7f: shutdown FollowerState
2019-10-20 17:40:30,729 [Thread-1827] INFO  impl.RaftServerImpl (RaftServerImpl.java:setRole(184)) - 8f18dce1-0a3d-4b65-9c78-af3d58b2da7f@group-091950D56227: changes role from  FOLLOWER to CANDIDATE at term 300 for changeToCandidate
2019-10-20 17:40:30,729 [Thread-1827] INFO  impl.RoleInfo (RoleInfo.java:updateAndGet(143)) - 8f18dce1-0a3d-4b65-9c78-af3d58b2da7f: start LeaderElection
2019-10-20 17:40:30,753 [8f18dce1-0a3d-4b65-9c78-af3d58b2da7f@group-091950D56227-LeaderElection254] INFO  impl.LeaderElection (LeaderElection.java:askForVotes(178)) - 8f18dce1-0a3d-4b65-9c78-af3d58b2da7f@group-091950D56227-LeaderElection254: begin an election at term 301 for -1: [8a63e1ae-032e-4bed-9f20-125a11f65413:0.0.0.0:38685, 8f18dce1-0a3d-4b65-9c78-af3d58b2da7f:0.0.0.0:42489, 7b1e61a0-7daf-43dd-99d5-9b325c1d31ae:0.0.0.0:38412], old=null
2019-10-20 17:40:30,756 [grpc-default-executor-2] INFO  impl.RaftServerImpl (RaftServerImpl.java:setRole(184)) - 7b1e61a0-7daf-43dd-99d5-9b325c1d31ae@group-091950D56227: changes role from  FOLLOWER to FOLLOWER at term 301 for recognizeCandidate:8f18dce1-0a3d-4b65-9c78-af3d58b2da7f
2019-10-20 17:40:30,756 [grpc-default-executor-1] INFO  impl.RaftServerImpl (RaftServerImpl.java:setRole(184)) - 8a63e1ae-032e-4bed-9f20-125a11f65413@group-091950D56227: changes role from  FOLLOWER to FOLLOWER at term 301 for recognizeCandidate:8f18dce1-0a3d-4b65-9c78-af3d58b2da7f
2019-10-20 17:40:30,756 [grpc-default-executor-2] INFO  impl.RoleInfo (RoleInfo.java:shutdownFollowerState(121)) - 7b1e61a0-7daf-43dd-99d5-9b325c1d31ae: shutdown FollowerState
2019-10-20 17:40:30,756 [grpc-default-executor-1] INFO  impl.RoleInfo (RoleInfo.java:shutdownFollowerState(121)) - 8a63e1ae-032e-4bed-9f20-125a11f65413: shutdown FollowerState
2019-10-20 17:40:30,756 [Thread-1825] INFO  impl.FollowerState (FollowerState.java:run(117)) - 7b1e61a0-7daf-43dd-99d5-9b325c1d31ae@group-091950D56227-FollowerState was interrupted: java.lang.InterruptedException: sleep interrupted
2019-10-20 17:40:30,756 [Thread-1826] INFO  impl.FollowerState (FollowerState.java:run(117)) - 8a63e1ae-032e-4bed-9f20-125a11f65413@group-091950D56227-FollowerState was interrupted: java.lang.InterruptedException: sleep interrupted
2019-10-20 17:40:30,756 [grpc-default-executor-2] INFO  impl.RoleInfo (RoleInfo.java:updateAndGet(143)) - 7b1e61a0-7daf-43dd-99d5-9b325c1d31ae: start FollowerState
2019-10-20 17:40:30,756 [grpc-default-executor-1] INFO  impl.RoleInfo (RoleInfo.java:updateAndGet(143)) - 8a63e1ae-032e-4bed-9f20-125a11f65413: start FollowerState
2019-10-20 17:40:30,787 [8f18dce1-0a3d-4b65-9c78-af3d58b2da7f@group-091950D56227-LeaderElection254] INFO  impl.LeaderElection (LeaderElection.java:logAndReturn(56)) - 8f18dce1-0a3d-4b65-9c78-af3d58b2da7f@group-091950D56227-LeaderElection254: Election TIMEOUT; received 0 response(s) [] and 0 exception(s); 8f18dce1-0a3d-4b65-9c78-af3d58b2da7f@group-091950D56227:t301, leader=null, voted=8f18dce1-0a3d-4b65-9c78-af3d58b2da7f, raftlog=8f18dce1-0a3d-4b65-9c78-af3d58b2da7f@group-091950D56227-SegmentedRaftLog:OPENED:c-1,f-1,i0, conf=-1: [8a63e1ae-032e-4bed-9f20-125a11f65413:0.0.0.0:38685, 8f18dce1-0a3d-4b65-9c78-af3d58b2da7f:0.0.0.0:42489, 7b1e61a0-7daf-43dd-99d5-9b325c1d31ae:0.0.0.0:38412], old=null
2019-10-20 17:40:30,824 [8f18dce1-0a3d-4b65-9c78-af3d58b2da7f@group-091950D56227-LeaderElection254] INFO  impl.LeaderElection (LeaderElection.java:askForVotes(178)) - 8f18dce1-0a3d-4b65-9c78-af3d58b2da7f@group-091950D56227-LeaderElection254: begin an election at term 302 for -1: [8a63e1ae-032e-4bed-9f20-125a11f65413:0.0.0.0:38685, 8f18dce1-0a3d-4b65-9c78-af3d58b2da7f:0.0.0.0:42489, 7b1e61a0-7daf-43dd-99d5-9b325c1d31ae:0.0.0.0:38412], old=null
2019-10-20 17:40:30,825 [grpc-default-executor-2] INFO  impl.RaftServerImpl (RaftServerImpl.java:setRole(184)) - 7b1e61a0-7daf-43dd-99d5-9b325c1d31ae@group-091950D56227: changes role from  FOLLOWER to FOLLOWER at term 302 for recognizeCandidate:8f18dce1-0a3d-4b65-9c78-af3d58b2da7f
2019-10-20 17:40:30,825 [grpc-default-executor-1] INFO  impl.RaftServerImpl (RaftServerImpl.java:setRole(184)) - 8a63e1ae-032e-4bed-9f20-125a11f65413@group-091950D56227: changes role from  FOLLOWER to FOLLOWER at term 302 for recognizeCandidate:8f18dce1-0a3d-4b65-9c78-af3d58b2da7f
2019-10-20 17:40:30,825 [grpc-default-executor-2] INFO  impl.RoleInfo (RoleInfo.java:shutdownFollowerState(121)) - 7b1e61a0-7daf-43dd-99d5-9b325c1d31ae: shutdown FollowerState
2019-10-20 17:40:30,826 [grpc-default-executor-1] INFO  impl.RoleInfo (RoleInfo.java:shutdownFollowerState(121)) - 8a63e1ae-032e-4bed-9f20-125a11f65413: shutdown FollowerState
2019-10-20 17:40:30,826 [Thread-1831] INFO  impl.FollowerState (FollowerState.java:run(117)) - 7b1e61a0-7daf-43dd-99d5-9b325c1d31ae@group-091950D56227-FollowerState was interrupted: java.lang.InterruptedException: sleep interrupted
2019-10-20 17:40:30,826 [grpc-default-executor-2] INFO  impl.RoleInfo (RoleInfo.java:updateAndGet(143)) - 7b1e61a0-7daf-43dd-99d5-9b325c1d31ae: start FollowerState
2019-10-20 17:40:30,826 [Thread-1832] INFO  impl.FollowerState (FollowerState.java:run(117)) - 8a63e1ae-032e-4bed-9f20-125a11f65413@group-091950D56227-FollowerState was interrupted: java.lang.InterruptedException: sleep interrupted
2019-10-20 17:40:30,826 [grpc-default-executor-1] INFO  impl.RoleInfo (RoleInfo.java:updateAndGet(143)) - 8a63e1ae-032e-4bed-9f20-125a11f65413: start FollowerState
2019-10-20 17:40:30,851 [8f18dce1-0a3d-4b65-9c78-af3d58b2da7f@group-091950D56227-LeaderElection254] INFO  impl.LeaderElection (LeaderElection.java:logAndReturn(56)) - 8f18dce1-0a3d-4b65-9c78-af3d58b2da7f@group-091950D56227-LeaderElection254: Election REJECTED; received 2 response(s) [8f18dce1-0a3d-4b65-9c78-af3d58b2da7f<-8a63e1ae-032e-4bed-9f20-125a11f65413#0:FAIL-t302, 8f18dce1-0a3d-4b65-9c78-af3d58b2da7f<-7b1e61a0-7daf-43dd-99d5-9b325c1d31ae#0:FAIL-t302] and 0 exception(s); 8f18dce1-0a3d-4b65-9c78-af3d58b2da7f@group-091950D56227:t302, leader=null, voted=8f18dce1-0a3d-4b65-9c78-af3d58b2da7f, raftlog=8f18dce1-0a3d-4b65-9c78-af3d58b2da7f@group-091950D56227-SegmentedRaftLog:OPENED:c-1,f-1,i0, conf=-1: [8a63e1ae-032e-4bed-9f20-125a11f65413:0.0.0.0:38685, 8f18dce1-0a3d-4b65-9c78-af3d58b2da7f:0.0.0.0:42489, 7b1e61a0-7daf-43dd-99d5-9b325c1d31ae:0.0.0.0:38412], old=null
2019-10-20 17:40:30,851 [8f18dce1-0a3d-4b65-9c78-af3d58b2da7f@group-091950D56227-LeaderElection254] INFO  impl.RaftServerImpl (RaftServerImpl.java:setRole(184)) - 8f18dce1-0a3d-4b65-9c78-af3d58b2da7f@group-091950D56227: changes role from CANDIDATE to FOLLOWER at term 302 for DISCOVERED_A_NEW_TERM
2019-10-20 17:40:30,851 [8f18dce1-0a3d-4b65-9c78-af3d58b2da7f@group-091950D56227-LeaderElection254] INFO  impl.RoleInfo (RoleInfo.java:shutdownLeaderElection(134)) - 8f18dce1-0a3d-4b65-9c78-af3d58b2da7f: shutdown LeaderElection
2019-10-20 17:40:30,851 [8f18dce1-0a3d-4b65-9c78-af3d58b2da7f@group-091950D56227-LeaderElection254] INFO  impl.RoleInfo (RoleInfo.java:updateAndGet(143)) - 8f18dce1-0a3d-4b65-9c78-af3d58b2da7f: start FollowerState
2019-10-20 17:40:30,932 [Thread-1837] INFO  impl.FollowerState (FollowerState.java:run(108)) - 8f18dce1-0a3d-4b65-9c78-af3d58b2da7f@group-091950D56227-FollowerState: change to CANDIDATE, lastRpcTime:80ms, electionTimeout:80ms
2019-10-20 17:40:30,932 [Thread-1837] INFO  impl.RoleInfo (RoleInfo.java:shutdownFollowerState(121)) - 8f18dce1-0a3d-4b65-9c78-af3d58b2da7f: shutdown FollowerState
2019-10-20 17:40:30,932 [Thread-1837] INFO  impl.RaftServerImpl (RaftServerImpl.java:setRole(184)) - 8f18dce1-0a3d-4b65-9c78-af3d58b2da7f@group-091950D56227: changes role from  FOLLOWER to CANDIDATE at term 302 for changeToCandidate
2019-10-20 17:40:30,932 [Thread-1837] INFO  impl.RoleInfo (RoleInfo.java:updateAndGet(143)) - 8f18dce1-0a3d-4b65-9c78-af3d58b2da7f: start LeaderElection
2019-10-20 17:40:30,956 [8f18dce1-0a3d-4b65-9c78-af3d58b2da7f@group-091950D56227-LeaderElection255] INFO  impl.LeaderElection (LeaderElection.java:askForVotes(178)) - 8f18dce1-0a3d-4b65-9c78-af3d58b2da7f@group-091950D56227-LeaderElection255: begin an election at term 303 for -1: [8a63e1ae-032e-4bed-9f20-125a11f65413:0.0.0.0:38685, 8f18dce1-0a3d-4b65-9c78-af3d58b2da7f:0.0.0.0:42489, 7b1e61a0-7daf-43dd-99d5-9b325c1d31ae:0.0.0.0:38412], old=null
2019-10-20 17:40:30,957 [grpc-default-executor-1] INFO  impl.RaftServerImpl (RaftServerImpl.java:setRole(184)) - 8a63e1ae-032e-4bed-9f20-125a11f65413@group-091950D56227: changes role from  FOLLOWER to FOLLOWER at term 303 for recognizeCandidate:8f18dce1-0a3d-4b65-9c78-af3d58b2da7f
2019-10-20 17:40:30,957 [grpc-default-executor-2] INFO  impl.RaftServerImpl (RaftServerImpl.java:setRole(184)) - 7b1e61a0-7daf-43dd-99d5-9b325c1d31ae@group-091950D56227: changes role from  FOLLOWER to FOLLOWER at term 303 for recognizeCandidate:8f18dce1-0a3d-4b65-9c78-af3d58b2da7f
2019-10-20 17:40:30,958 [grpc-default-executor-1] INFO  impl.RoleInfo (RoleInfo.java:shutdownFollowerState(121)) - 8a63e1ae-032e-4bed-9f20-125a11f65413: shutdown FollowerState
2019-10-20 17:40:30,958 [grpc-default-executor-2] INFO  impl.RoleInfo (RoleInfo.java:shutdownFollowerState(121)) - 7b1e61a0-7daf-43dd-99d5-9b325c1d31ae: shutdown FollowerState
2019-10-20 17:40:30,958 [Thread-1836] INFO  impl.FollowerState (FollowerState.java:run(117)) - 8a63e1ae-032e-4bed-9f20-125a11f65413@group-091950D56227-FollowerState was interrupted: java.lang.InterruptedException: sleep interrupted
2019-10-20 17:40:30,958 [Thread-1835] INFO  impl.FollowerState (FollowerState.java:run(117)) - 7b1e61a0-7daf-43dd-99d5-9b325c1d31ae@group-091950D56227-FollowerState was interrupted: java.lang.InterruptedException: sleep interrupted
2019-10-20 17:40:30,958 [grpc-default-executor-1] INFO  impl.RoleInfo (RoleInfo.java:updateAndGet(143)) - 8a63e1ae-032e-4bed-9f20-125a11f65413: start FollowerState
2019-10-20 17:40:30,958 [grpc-default-executor-2] INFO  impl.RoleInfo (RoleInfo.java:updateAndGet(143)) - 7b1e61a0-7daf-43dd-99d5-9b325c1d31ae: start FollowerState
2019-10-20 17:40:30,970 [8f18dce1-0a3d-4b65-9c78-af3d58b2da7f@group-091950D56227-LeaderElection255] INFO  impl.LeaderElection (LeaderElection.java:logAndReturn(56)) - 8f18dce1-0a3d-4b65-9c78-af3d58b2da7f@group-091950D56227-LeaderElection255: Election TIMEOUT; received 0 response(s) [] and 0 exception(s); 8f18dce1-0a3d-4b65-9c78-af3d58b2da7f@group-091950D56227:t303, leader=null, voted=8f18dce1-0a3d-4b65-9c78-af3d58b2da7f, raftlog=8f18dce1-0a3d-4b65-9c78-af3d58b2da7f@group-091950D56227-SegmentedRaftLog:OPENED:c-1,f-1,i0, conf=-1: [8a63e1ae-032e-4bed-9f20-125a11f65413:0.0.0.0:38685, 8f18dce1-0a3d-4b65-9c78-af3d58b2da7f:0.0.0.0:42489, 7b1e61a0-7daf-43dd-99d5-9b325c1d31ae:0.0.0.0:38412], old=null
2019-10-20 17:40:31,004 [8f18dce1-0a3d-4b65-9c78-af3d58b2da7f@group-091950D56227-LeaderElection255] INFO  impl.LeaderElection (LeaderElection.java:askForVotes(178)) - 8f18dce1-0a3d-4b65-9c78-af3d58b2da7f@group-091950D56227-LeaderElection255: begin an election at term 304 for -1: [8a63e1ae-032e-4bed-9f20-125a11f65413:0.0.0.0:38685, 8f18dce1-0a3d-4b65-9c78-af3d58b2da7f:0.0.0.0:42489, 7b1e61a0-7daf-43dd-99d5-9b325c1d31ae:0.0.0.0:38412], old=null
2019-10-20 17:40:31,005 [grpc-default-executor-2] INFO  impl.RaftServerImpl (RaftServerImpl.java:setRole(184)) - 8a63e1ae-032e-4bed-9f20-125a11f65413@group-091950D56227: changes role from  FOLLOWER to FOLLOWER at term 304 for recognizeCandidate:8f18dce1-0a3d-4b65-9c78-af3d58b2da7f
2019-10-20 17:40:31,005 [grpc-default-executor-2] INFO  impl.RoleInfo (RoleInfo.java:shutdownFollowerState(121)) - 8a63e1ae-032e-4bed-9f20-125a11f65413: shutdown FollowerState
2019-10-20 17:40:31,005 [grpc-default-executor-2] INFO  impl.RoleInfo (RoleInfo.java:updateAndGet(143)) - 8a63e1ae-032e-4bed-9f20-125a11f65413: start FollowerState
2019-10-20 17:40:31,006 [grpc-default-executor-1] INFO  impl.RaftServerImpl (RaftServerImpl.java:setRole(184)) - 7b1e61a0-7daf-43dd-99d5-9b325c1d31ae@group-091950D56227: changes role from  FOLLOWER to FOLLOWER at term 304 for recognizeCandidate:8f18dce1-0a3d-4b65-9c78-af3d58b2da7f
2019-10-20 17:40:31,006 [Thread-1841] INFO  impl.FollowerState (FollowerState.java:run(117)) - 8a63e1ae-032e-4bed-9f20-125a11f65413@group-091950D56227-FollowerState was interrupted: java.lang.InterruptedException: sleep interrupted
2019-10-20 17:40:31,006 [grpc-default-executor-1] INFO  impl.RoleInfo (RoleInfo.java:shutdownFollowerState(121)) - 7b1e61a0-7daf-43dd-99d5-9b325c1d31ae: shutdown FollowerState
2019-10-20 17:40:31,006 [grpc-default-executor-1] INFO  impl.RoleInfo (RoleInfo.java:updateAndGet(143)) - 7b1e61a0-7daf-43dd-99d5-9b325c1d31ae: start FollowerState
2019-10-20 17:40:31,006 [Thread-1842] INFO  impl.FollowerState (FollowerState.java:run(117)) - 7b1e61a0-7daf-43dd-99d5-9b325c1d31ae@group-091950D56227-FollowerState was interrupted: java.lang.InterruptedException: sleep interrupted
2019-10-20 17:40:31,039 [8f18dce1-0a3d-4b65-9c78-af3d58b2da7f@group-091950D56227-LeaderElection255] INFO  impl.LeaderElection (LeaderElection.java:logAndReturn(56)) - 8f18dce1-0a3d-4b65-9c78-af3d58b2da7f@group-091950D56227-LeaderElection255: Election REJECTED; received 2 response(s) [8f18dce1-0a3d-4b65-9c78-af3d58b2da7f<-8a63e1ae-032e-4bed-9f20-125a11f65413#0:FAIL-t304, 8f18dce1-0a3d-4b65-9c78-af3d58b2da7f<-7b1e61a0-7daf-43dd-99d5-9b325c1d31ae#0:FAIL-t304] and 0 exception(s); 8f18dce1-0a3d-4b65-9c78-af3d58b2da7f@group-091950D56227:t304, leader=null, voted=8f18dce1-0a3d-4b65-9c78-af3d58b2da7f, raftlog=8f18dce1-0a3d-4b65-9c78-af3d58b2da7f@group-091950D56227-SegmentedRaftLog:OPENED:c-1,f-1,i0, conf=-1: [8a63e1ae-032e-4bed-9f20-125a11f65413:0.0.0.0:38685, 8f18dce1-0a3d-4b65-9c78-af3d58b2da7f:0.0.0.0:42489, 7b1e61a0-7daf-43dd-99d5-9b325c1d31ae:0.0.0.0:38412], old=null
2019-10-20 17:40:31,039 [8f18dce1-0a3d-4b65-9c78-af3d58b2da7f@group-091950D56227-LeaderElection255] INFO  impl.RaftServerImpl (RaftServerImpl.java:setRole(184)) - 8f18dce1-0a3d-4b65-9c78-af3d58b2da7f@group-091950D56227: changes role from CANDIDATE to FOLLOWER at term 304 for DISCOVERED_A_NEW_TERM
2019-10-20 17:40:31,039 [8f18dce1-0a3d-4b65-9c78-af3d58b2da7f@group-091950D56227-LeaderElection255] INFO  impl.RoleInfo (RoleInfo.java:shutdownLeaderElection(134)) - 8f18dce1-0a3d-4b65-9c78-af3d58b2da7f: shutdown LeaderElection
2019-10-20 17:40:31,040 [8f18dce1-0a3d-4b65-9c78-af3d58b2da7f@group-091950D56227-LeaderElection255] INFO  impl.RoleInfo (RoleInfo.java:updateAndGet(143)) - 8f18dce1-0a3d-4b65-9c78-af3d58b2da7f: start FollowerState
2019-10-20 17:40:31,099 [Thread-1847] INFO  impl.FollowerState (FollowerState.java:run(108)) - 8f18dce1-0a3d-4b65-9c78-af3d58b2da7f@group-091950D56227-FollowerState: change to CANDIDATE, lastRpcTime:59ms, electionTimeout:59ms
2019-10-20 17:40:31,099 [Thread-1847] INFO  impl.RoleInfo (RoleInfo.java:shutdownFollowerState(121)) - 8f18dce1-0a3d-4b65-9c78-af3d58b2da7f: shutdown FollowerState
2019-10-20 17:40:31,099 [Thread-1847] INFO  impl.RaftServerImpl (RaftServerImpl.java:setRole(184)) - 8f18dce1-0a3d-4b65-9c78-af3d58b2da7f@group-091950D56227: changes role from  FOLLOWER to CANDIDATE at term 304 for changeToCandidate
2019-10-20 17:40:31,100 [Thread-1847] INFO  impl.RoleInfo (RoleInfo.java:updateAndGet(143)) - 8f18dce1-0a3d-4b65-9c78-af3d58b2da7f: start LeaderElection
2019-10-20 17:40:31,122 [8f18dce1-0a3d-4b65-9c78-af3d58b2da7f@group-091950D56227-LeaderElection256] INFO  impl.LeaderElection (LeaderElection.java:askForVotes(178)) - 8f18dce1-0a3d-4b65-9c78-af3d58b2da7f@group-091950D56227-LeaderElection256: begin an election at term 305 for -1: [8a63e1ae-032e-4bed-9f20-125a11f65413:0.0.0.0:38685, 8f18dce1-0a3d-4b65-9c78-af3d58b2da7f:0.0.0.0:42489, 7b1e61a0-7daf-43dd-99d5-9b325c1d31ae:0.0.0.0:38412], old=null
2019-10-20 17:40:31,124 [grpc-default-executor-1] INFO  impl.RaftServerImpl (RaftServerImpl.java:setRole(184)) - 8a63e1ae-032e-4bed-9f20-125a11f65413@group-091950D56227: changes role from  FOLLOWER to FOLLOWER at term 305 for recognizeCandidate:8f18dce1-0a3d-4b65-9c78-af3d58b2da7f
2019-10-20 17:40:31,124 [grpc-default-executor-1] INFO  impl.RoleInfo (RoleInfo.java:shutdownFollowerState(121)) - 8a63e1ae-032e-4bed-9f20-125a11f65413: shutdown FollowerState
2019-10-20 17:40:31,124 [grpc-default-executor-1] INFO  impl.RoleInfo (RoleInfo.java:updateAndGet(143)) - 8a63e1ae-032e-4bed-9f20-125a11f65413: start FollowerState
2019-10-20 17:40:31,124 [Thread-1845] INFO  impl.FollowerState (FollowerState.java:run(117)) - 8a63e1ae-032e-4bed-9f20-125a11f65413@group-091950D56227-FollowerState was interrupted: java.lang.InterruptedException: sleep interrupted
2019-10-20 17:40:31,124 [grpc-default-executor-2] INFO  impl.RaftServerImpl (RaftServerImpl.java:setRole(184)) - 7b1e61a0-7daf-43dd-99d5-9b325c1d31ae@group-091950D56227: changes role from  FOLLOWER to FOLLOWER at term 305 for recognizeCandidate:8f18dce1-0a3d-4b65-9c78-af3d58b2da7f
2019-10-20 17:40:31,125 [grpc-default-executor-2] INFO  impl.RoleInfo (RoleInfo.java:shutdownFollowerState(121)) - 7b1e61a0-7daf-43dd-99d5-9b325c1d31ae: shutdown FollowerState
2019-10-20 17:40:31,125 [grpc-default-executor-2] INFO  impl.RoleInfo (RoleInfo.java:updateAndGet(143)) - 7b1e61a0-7daf-43dd-99d5-9b325c1d31ae: start FollowerState
2019-10-20 17:40:31,125 [Thread-1846] INFO  impl.FollowerState (FollowerState.java:run(117)) - 7b1e61a0-7daf-43dd-99d5-9b325c1d31ae@group-091950D56227-FollowerState was interrupted: java.lang.InterruptedException: sleep interrupted
2019-10-20 17:40:31,149 [8f18dce1-0a3d-4b65-9c78-af3d58b2da7f@group-091950D56227-LeaderElection256] INFO  impl.LeaderElection (LeaderElection.java:logAndReturn(56)) - 8f18dce1-0a3d-4b65-9c78-af3d58b2da7f@group-091950D56227-LeaderElection256: Election REJECTED; received 2 response(s) [8f18dce1-0a3d-4b65-9c78-af3d58b2da7f<-8a63e1ae-032e-4bed-9f20-125a11f65413#0:FAIL-t305, 8f18dce1-0a3d-4b65-9c78-af3d58b2da7f<-7b1e61a0-7daf-43dd-99d5-9b325c1d31ae#0:FAIL-t305] and 0 exception(s); 8f18dce1-0a3d-4b65-9c78-af3d58b2da7f@group-091950D56227:t305, leader=null, voted=8f18dce1-0a3d-4b65-9c78-af3d58b2da7f, raftlog=8f18dce1-0a3d-4b65-9c78-af3d58b2da7f@group-091950D56227-SegmentedRaftLog:OPENED:c-1,f-1,i0, conf=-1: [8a63e1ae-032e-4bed-9f20-125a11f65413:0.0.0.0:38685, 8f18dce1-0a3d-4b65-9c78-af3d58b2da7f:0.0.0.0:42489, 7b1e61a0-7daf-43dd-99d5-9b325c1d31ae:0.0.0.0:38412], old=null
2019-10-20 17:40:31,149 [8f18dce1-0a3d-4b65-9c78-af3d58b2da7f@group-091950D56227-LeaderElection256] INFO  impl.RaftServerImpl (RaftServerImpl.java:setRole(184)) - 8f18dce1-0a3d-4b65-9c78-af3d58b2da7f@group-091950D56227: changes role from CANDIDATE to FOLLOWER at term 305 for DISCOVERED_A_NEW_TERM
2019-10-20 17:40:31,149 [8f18dce1-0a3d-4b65-9c78-af3d58b2da7f@group-091950D56227-LeaderElection256] INFO  impl.RoleInfo (RoleInfo.java:shutdownLeaderElection(134)) - 8f18dce1-0a3d-4b65-9c78-af3d58b2da7f: shutdown LeaderElection
2019-10-20 17:40:31,149 [8f18dce1-0a3d-4b65-9c78-af3d58b2da7f@group-091950D56227-LeaderElection256] INFO  impl.RoleInfo (RoleInfo.java:updateAndGet(143)) - 8f18dce1-0a3d-4b65-9c78-af3d58b2da7f: start FollowerState
2019-10-20 17:40:31,177 [Thread-1853] INFO  impl.FollowerState (FollowerState.java:run(108)) - 8f18dce1-0a3d-4b65-9c78-af3d58b2da7f@group-091950D56227-FollowerState: change to CANDIDATE, lastRpcTime:28ms, electionTimeout:28ms
2019-10-20 17:40:31,177 [Thread-1853] INFO  impl.RoleInfo (RoleInfo.java:shutdownFollowerState(121)) - 8f18dce1-0a3d-4b65-9c78-af3d58b2da7f: shutdown FollowerState
2019-10-20 17:40:31,178 [Thread-1853] INFO  impl.RaftServerImpl (RaftServerImpl.java:setRole(184)) - 8f18dce1-0a3d-4b65-9c78-af3d58b2da7f@group-091950D56227: changes role from  FOLLOWER to CANDIDATE at term 305 for changeToCandidate
2019-10-20 17:40:31,178 [Thread-1853] INFO  impl.RoleInfo (RoleInfo.java:updateAndGet(143)) - 8f18dce1-0a3d-4b65-9c78-af3d58b2da7f: start LeaderElection
2019-10-20 17:40:31,199 [8f18dce1-0a3d-4b65-9c78-af3d58b2da7f@group-091950D56227-LeaderElection257] INFO  impl.LeaderElection (LeaderElection.java:askForVotes(178)) - 8f18dce1-0a3d-4b65-9c78-af3d58b2da7f@group-091950D56227-LeaderElection257: begin an election at term 306 for -1: [8a63e1ae-032e-4bed-9f20-125a11f65413:0.0.0.0:38685, 8f18dce1-0a3d-4b65-9c78-af3d58b2da7f:0.0.0.0:42489, 7b1e61a0-7daf-43dd-99d5-9b325c1d31ae:0.0.0.0:38412], old=null
2019-10-20 17:40:31,201 [grpc-default-executor-1] INFO  impl.RaftServerImpl (RaftServerImpl.java:setRole(184)) - 7b1e61a0-7daf-43dd-99d5-9b325c1d31ae@group-091950D56227: changes role from  FOLLOWER to FOLLOWER at term 306 for recognizeCandidate:8f18dce1-0a3d-4b65-9c78-af3d58b2da7f
2019-10-20 17:40:31,201 [grpc-default-executor-1] INFO  impl.RoleInfo (RoleInfo.java:shutdownFollowerState(121)) - 7b1e61a0-7daf-43dd-99d5-9b325c1d31ae: shutdown FollowerState
2019-10-20 17:40:31,201 [grpc-default-executor-1] INFO  impl.RoleInfo (RoleInfo.java:updateAndGet(143)) - 7b1e61a0-7daf-43dd-99d5-9b325c1d31ae: start FollowerState
2019-10-20 17:40:31,201 [grpc-default-executor-2] INFO  impl.RaftServerImpl (RaftServerImpl.java:setRole(184)) - 8a63e1ae-032e-4bed-9f20-125a11f65413@group-091950D56227: changes role from  FOLLOWER to FOLLOWER at term 306 for recognizeCandidate:8f18dce1-0a3d-4b65-9c78-af3d58b2da7f
2019-10-20 17:40:31,201 [grpc-default-executor-2] INFO  impl.RoleInfo (RoleInfo.java:shutdownFollowerState(121)) - 8a63e1ae-032e-4bed-9f20-125a11f65413: shutdown FollowerState
2019-10-20 17:40:31,201 [Thread-1852] INFO  impl.FollowerState (FollowerState.java:run(117)) - 7b1e61a0-7daf-43dd-99d5-9b325c1d31ae@group-091950D56227-FollowerState was interrupted: java.lang.InterruptedException: sleep interrupted
2019-10-20 17:40:31,201 [Thread-1851] INFO  impl.FollowerState (FollowerState.java:run(117)) - 8a63e1ae-032e-4bed-9f20-125a11f65413@group-091950D56227-FollowerState was interrupted: java.lang.InterruptedException: sleep interrupted
2019-10-20 17:40:31,201 [grpc-default-executor-2] INFO  impl.RoleInfo (RoleInfo.java:updateAndGet(143)) - 8a63e1ae-032e-4bed-9f20-125a11f65413: start FollowerState
2019-10-20 17:40:31,226 [8f18dce1-0a3d-4b65-9c78-af3d58b2da7f@group-091950D56227-LeaderElection257] INFO  impl.LeaderElection (LeaderElection.java:logAndReturn(56)) - 8f18dce1-0a3d-4b65-9c78-af3d58b2da7f@group-091950D56227-LeaderElection257: Election REJECTED; received 2 response(s) [8f18dce1-0a3d-4b65-9c78-af3d58b2da7f<-8a63e1ae-032e-4bed-9f20-125a11f65413#0:FAIL-t306, 8f18dce1-0a3d-4b65-9c78-af3d58b2da7f<-7b1e61a0-7daf-43dd-99d5-9b325c1d31ae#0:FAIL-t306] and 0 exception(s); 8f18dce1-0a3d-4b65-9c78-af3d58b2da7f@group-091950D56227:t306, leader=null, voted=8f18dce1-0a3d-4b65-9c78-af3d58b2da7f, raftlog=8f18dce1-0a3d-4b65-9c78-af3d58b2da7f@group-091950D56227-SegmentedRaftLog:OPENED:c-1,f-1,i0, conf=-1: [8a63e1ae-032e-4bed-9f20-125a11f65413:0.0.0.0:38685, 8f18dce1-0a3d-4b65-9c78-af3d58b2da7f:0.0.0.0:42489, 7b1e61a0-7daf-43dd-99d5-9b325c1d31ae:0.0.0.0:38412], old=null
2019-10-20 17:40:31,226 [8f18dce1-0a3d-4b65-9c78-af3d58b2da7f@group-091950D56227-LeaderElection257] INFO  impl.RaftServerImpl (RaftServerImpl.java:setRole(184)) - 8f18dce1-0a3d-4b65-9c78-af3d58b2da7f@group-091950D56227: changes role from CANDIDATE to FOLLOWER at term 306 for DISCOVERED_A_NEW_TERM
2019-10-20 17:40:31,226 [8f18dce1-0a3d-4b65-9c78-af3d58b2da7f@group-091950D56227-LeaderElection257] INFO  impl.RoleInfo (RoleInfo.java:shutdownLeaderElection(134)) - 8f18dce1-0a3d-4b65-9c78-af3d58b2da7f: shutdown LeaderElection
2019-10-20 17:40:31,226 [8f18dce1-0a3d-4b65-9c78-af3d58b2da7f@group-091950D56227-LeaderElection257] INFO  impl.RoleInfo (RoleInfo.java:updateAndGet(143)) - 8f18dce1-0a3d-4b65-9c78-af3d58b2da7f: start FollowerState
2019-10-20 17:40:31,412 [Thread-1859] INFO  impl.FollowerState (FollowerState.java:run(108)) - 8f18dce1-0a3d-4b65-9c78-af3d58b2da7f@group-091950D56227-FollowerState: change to CANDIDATE, lastRpcTime:186ms, electionTimeout:186ms
2019-10-20 17:40:31,412 [Thread-1859] INFO  impl.RoleInfo (RoleInfo.java:shutdownFollowerState(121)) - 8f18dce1-0a3d-4b65-9c78-af3d58b2da7f: shutdown FollowerState
2019-10-20 17:40:31,412 [Thread-1859] INFO  impl.RaftServerImpl (RaftServerImpl.java:setRole(184)) - 8f18dce1-0a3d-4b65-9c78-af3d58b2da7f@group-091950D56227: changes role from  FOLLOWER to CANDIDATE at term 306 for changeToCandidate
2019-10-20 17:40:31,413 [Thread-1859] INFO  impl.RoleInfo (RoleInfo.java:updateAndGet(143)) - 8f18dce1-0a3d-4b65-9c78-af3d58b2da7f: start LeaderElection
2019-10-20 17:40:31,451 [8f18dce1-0a3d-4b65-9c78-af3d58b2da7f@group-091950D56227-LeaderElection258] INFO  impl.LeaderElection (LeaderElection.java:askForVotes(178)) - 8f18dce1-0a3d-4b65-9c78-af3d58b2da7f@group-091950D56227-LeaderElection258: begin an election at term 307 for -1: [8a63e1ae-032e-4bed-9f20-125a11f65413:0.0.0.0:38685, 8f18dce1-0a3d-4b65-9c78-af3d58b2da7f:0.0.0.0:42489, 7b1e61a0-7daf-43dd-99d5-9b325c1d31ae:0.0.0.0:38412], old=null
2019-10-20 17:40:31,455 [grpc-default-executor-1] INFO  impl.RaftServerImpl (RaftServerImpl.java:setRole(184)) - 8a63e1ae-032e-4bed-9f20-125a11f65413@group-091950D56227: changes role from  FOLLOWER to FOLLOWER at term 307 for recognizeCandidate:8f18dce1-0a3d-4b65-9c78-af3d58b2da7f
2019-10-20 17:40:31,455 [grpc-default-executor-2] INFO  impl.RaftServerImpl (RaftServerImpl.java:setRole(184)) - 7b1e61a0-7daf-43dd-99d5-9b325c1d31ae@group-091950D56227: changes role from  FOLLOWER to FOLLOWER at term 307 for recognizeCandidate:8f18dce1-0a3d-4b65-9c78-af3d58b2da7f
2019-10-20 17:40:31,455 [grpc-default-executor-1] INFO  impl.RoleInfo (RoleInfo.java:shutdownFollowerState(121)) - 8a63e1ae-032e-4bed-9f20-125a11f65413: shutdown FollowerState
2019-10-20 17:40:31,455 [grpc-default-executor-2] INFO  impl.RoleInfo (RoleInfo.java:shutdownFollowerState(121)) - 7b1e61a0-7daf-43dd-99d5-9b325c1d31ae: shutdown FollowerState
2019-10-20 17:40:31,456 [Thread-1858] INFO  impl.FollowerState (FollowerState.java:run(117)) - 8a63e1ae-032e-4bed-9f20-125a11f65413@group-091950D56227-FollowerState was interrupted: java.lang.InterruptedException: sleep interrupted
2019-10-20 17:40:31,456 [grpc-default-executor-1] INFO  impl.RoleInfo (RoleInfo.java:updateAndGet(143)) - 8a63e1ae-032e-4bed-9f20-125a11f65413: start FollowerState
2019-10-20 17:40:31,456 [Thread-1857] INFO  impl.FollowerState (FollowerState.java:run(117)) - 7b1e61a0-7daf-43dd-99d5-9b325c1d31ae@group-091950D56227-FollowerState was interrupted: java.lang.InterruptedException: sleep interrupted
2019-10-20 17:40:31,456 [grpc-default-executor-2] INFO  impl.RoleInfo (RoleInfo.java:updateAndGet(143)) - 7b1e61a0-7daf-43dd-99d5-9b325c1d31ae: start FollowerState
2019-10-20 17:40:31,485 [8f18dce1-0a3d-4b65-9c78-af3d58b2da7f@group-091950D56227-LeaderElection258] INFO  impl.LeaderElection (LeaderElection.java:logAndReturn(56)) - 8f18dce1-0a3d-4b65-9c78-af3d58b2da7f@group-091950D56227-LeaderElection258: Election REJECTED; received 2 response(s) [8f18dce1-0a3d-4b65-9c78-af3d58b2da7f<-8a63e1ae-032e-4bed-9f20-125a11f65413#0:FAIL-t307, 8f18dce1-0a3d-4b65-9c78-af3d58b2da7f<-7b1e61a0-7daf-43dd-99d5-9b325c1d31ae#0:FAIL-t307] and 0 exception(s); 8f18dce1-0a3d-4b65-9c78-af3d58b2da7f@group-091950D56227:t307, leader=null, voted=8f18dce1-0a3d-4b65-9c78-af3d58b2da7f, raftlog=8f18dce1-0a3d-4b65-9c78-af3d58b2da7f@group-091950D56227-SegmentedRaftLog:OPENED:c-1,f-1,i0, conf=-1: [8a63e1ae-032e-4bed-9f20-125a11f65413:0.0.0.0:38685, 8f18dce1-0a3d-4b65-9c78-af3d58b2da7f:0.0.0.0:42489, 7b1e61a0-7daf-43dd-99d5-9b325c1d31ae:0.0.0.0:38412], old=null
2019-10-20 17:40:31,486 [8f18dce1-0a3d-4b65-9c78-af3d58b2da7f@group-091950D56227-LeaderElection258] INFO  impl.RaftServerImpl (RaftServerImpl.java:setRole(184)) - 8f18dce1-0a3d-4b65-9c78-af3d58b2da7f@group-091950D56227: changes role from CANDIDATE to FOLLOWER at term 307 for DISCOVERED_A_NEW_TERM
2019-10-20 17:40:31,486 [8f18dce1-0a3d-4b65-9c78-af3d58b2da7f@group-091950D56227-LeaderElection258] INFO  impl.RoleInfo (RoleInfo.java:shutdownLeaderElection(134)) - 8f18dce1-0a3d-4b65-9c78-af3d58b2da7f: shutdown LeaderElection
2019-10-20 17:40:31,486 [8f18dce1-0a3d-4b65-9c78-af3d58b2da7f@group-091950D56227-LeaderElection258] INFO  impl.RoleInfo (RoleInfo.java:updateAndGet(143)) - 8f18dce1-0a3d-4b65-9c78-af3d58b2da7f: start FollowerState
2019-10-20 17:40:31,635 [Thread-1867] INFO  impl.FollowerState (FollowerState.java:run(108)) - 8f18dce1-0a3d-4b65-9c78-af3d58b2da7f@group-091950D56227-FollowerState: change to CANDIDATE, lastRpcTime:149ms, electionTimeout:149ms
2019-10-20 17:40:31,636 [Thread-1867] INFO  impl.RoleInfo (RoleInfo.java:shutdownFollowerState(121)) - 8f18dce1-0a3d-4b65-9c78-af3d58b2da7f: shutdown FollowerState
2019-10-20 17:40:31,636 [Thread-1867] INFO  impl.RaftServerImpl (RaftServerImpl.java:setRole(184)) - 8f18dce1-0a3d-4b65-9c78-af3d58b2da7f@group-091950D56227: changes role from  FOLLOWER to CANDIDATE at term 307 for changeToCandidate
2019-10-20 17:40:31,636 [Thread-1867] INFO  impl.RoleInfo (RoleInfo.java:updateAndGet(143)) - 8f18dce1-0a3d-4b65-9c78-af3d58b2da7f: start LeaderElection
2019-10-20 17:40:31,676 [8f18dce1-0a3d-4b65-9c78-af3d58b2da7f@group-091950D56227-LeaderElection259] INFO  impl.LeaderElection (LeaderElection.java:askForVotes(178)) - 8f18dce1-0a3d-4b65-9c78-af3d58b2da7f@group-091950D56227-LeaderElection259: begin an election at term 308 for -1: [8a63e1ae-032e-4bed-9f20-125a11f65413:0.0.0.0:38685, 8f18dce1-0a3d-4b65-9c78-af3d58b2da7f:0.0.0.0:42489, 7b1e61a0-7daf-43dd-99d5-9b325c1d31ae:0.0.0.0:38412], old=null
2019-10-20 17:40:31,678 [grpc-default-executor-2] INFO  impl.RaftServerImpl (RaftServerImpl.java:setRole(184)) - 8a63e1ae-032e-4bed-9f20-125a11f65413@group-091950D56227: changes role from  FOLLOWER to FOLLOWER at term 308 for recognizeCandidate:8f18dce1-0a3d-4b65-9c78-af3d58b2da7f
2019-10-20 17:40:31,678 [grpc-default-executor-1] INFO  impl.RaftServerImpl (RaftServerImpl.java:setRole(184)) - 7b1e61a0-7daf-43dd-99d5-9b325c1d31ae@group-091950D56227: changes role from  FOLLOWER to FOLLOWER at term 308 for recognizeCandidate:8f18dce1-0a3d-4b65-9c78-af3d58b2da7f
2019-10-20 17:40:31,679 [grpc-default-executor-2] INFO  impl.RoleInfo (RoleInfo.java:shutdownFollowerState(121)) - 8a63e1ae-032e-4bed-9f20-125a11f65413: shutdown FollowerState
2019-10-20 17:40:31,679 [grpc-default-executor-1] INFO  impl.RoleInfo (RoleInfo.java:shutdownFollowerState(121)) - 7b1e61a0-7daf-43dd-99d5-9b325c1d31ae: shutdown FollowerState
2019-10-20 17:40:31,679 [Thread-1865] INFO  impl.FollowerState (FollowerState.java:run(117)) - 8a63e1ae-032e-4bed-9f20-125a11f65413@group-091950D56227-FollowerState was interrupted: java.lang.InterruptedException: sleep interrupted
2019-10-20 17:40:31,679 [Thread-1866] INFO  impl.FollowerState (FollowerState.java:run(117)) - 7b1e61a0-7daf-43dd-99d5-9b325c1d31ae@group-091950D56227-FollowerState was interrupted: java.lang.InterruptedException: sleep interrupted
2019-10-20 17:40:31,679 [grpc-default-executor-2] INFO  impl.RoleInfo (RoleInfo.java:updateAndGet(143)) - 8a63e1ae-032e-4bed-9f20-125a11f65413: start FollowerState
2019-10-20 17:40:31,679 [grpc-default-executor-1] INFO  impl.RoleInfo (RoleInfo.java:updateAndGet(143)) - 7b1e61a0-7daf-43dd-99d5-9b325c1d31ae: start FollowerState
2019-10-20 17:40:31,703 [8f18dce1-0a3d-4b65-9c78-af3d58b2da7f@group-091950D56227-LeaderElection259] INFO  impl.LeaderElection (LeaderElection.java:logAndReturn(56)) - 8f18dce1-0a3d-4b65-9c78-af3d58b2da7f@group-091950D56227-LeaderElection259: Election REJECTED; received 2 response(s) [8f18dce1-0a3d-4b65-9c78-af3d58b2da7f<-8a63e1ae-032e-4bed-9f20-125a11f65413#0:FAIL-t308, 8f18dce1-0a3d-4b65-9c78-af3d58b2da7f<-7b1e61a0-7daf-43dd-99d5-9b325c1d31ae#0:FAIL-t308] and 0 exception(s); 8f18dce1-0a3d-4b65-9c78-af3d58b2da7f@group-091950D56227:t308, leader=null, voted=8f18dce1-0a3d-4b65-9c78-af3d58b2da7f, raftlog=8f18dce1-0a3d-4b65-9c78-af3d58b2da7f@group-091950D56227-SegmentedRaftLog:OPENED:c-1,f-1,i0, conf=-1: [8a63e1ae-032e-4bed-9f20-125a11f65413:0.0.0.0:38685, 8f18dce1-0a3d-4b65-9c78-af3d58b2da7f:0.0.0.0:42489, 7b1e61a0-7daf-43dd-99d5-9b325c1d31ae:0.0.0.0:38412], old=null
2019-10-20 17:40:31,703 [8f18dce1-0a3d-4b65-9c78-af3d58b2da7f@group-091950D56227-LeaderElection259] INFO  impl.RaftServerImpl (RaftServerImpl.java:setRole(184)) - 8f18dce1-0a3d-4b65-9c78-af3d58b2da7f@group-091950D56227: changes role from CANDIDATE to FOLLOWER at term 308 for DISCOVERED_A_NEW_TERM
2019-10-20 17:40:31,703 [8f18dce1-0a3d-4b65-9c78-af3d58b2da7f@group-091950D56227-LeaderElection259] INFO  impl.RoleInfo (RoleInfo.java:shutdownLeaderElection(134)) - 8f18dce1-0a3d-4b65-9c78-af3d58b2da7f: shutdown LeaderElection
2019-10-20 17:40:31,703 [8f18dce1-0a3d-4b65-9c78-af3d58b2da7f@group-091950D56227-LeaderElection259] INFO  impl.RoleInfo (RoleInfo.java:updateAndGet(143)) - 8f18dce1-0a3d-4b65-9c78-af3d58b2da7f: start FollowerState
2019-10-20 17:40:31,769 [Thread-1873] INFO  impl.FollowerState (FollowerState.java:run(108)) - 8f18dce1-0a3d-4b65-9c78-af3d58b2da7f@group-091950D56227-FollowerState: change to CANDIDATE, lastRpcTime:65ms, electionTimeout:65ms
2019-10-20 17:40:31,769 [Thread-1873] INFO  impl.RoleInfo (RoleInfo.java:shutdownFollowerState(121)) - 8f18dce1-0a3d-4b65-9c78-af3d58b2da7f: shutdown FollowerState
2019-10-20 17:40:31,769 [Thread-1873] INFO  impl.RaftServerImpl (RaftServerImpl.java:setRole(184)) - 8f18dce1-0a3d-4b65-9c78-af3d58b2da7f@group-091950D56227: changes role from  FOLLOWER to CANDIDATE at term 308 for changeToCandidate
2019-10-20 17:40:31,769 [Thread-1873] INFO  impl.RoleInfo (RoleInfo.java:updateAndGet(143)) - 8f18dce1-0a3d-4b65-9c78-af3d58b2da7f: start LeaderElection
2019-10-20 17:40:31,794 [8f18dce1-0a3d-4b65-9c78-af3d58b2da7f@group-091950D56227-LeaderElection260] INFO  impl.LeaderElection (LeaderElection.java:askForVotes(178)) - 8f18dce1-0a3d-4b65-9c78-af3d58b2da7f@group-091950D56227-LeaderElection260: begin an election at term 309 for -1: [8a63e1ae-032e-4bed-9f20-125a11f65413:0.0.0.0:38685, 8f18dce1-0a3d-4b65-9c78-af3d58b2da7f:0.0.0.0:42489, 7b1e61a0-7daf-43dd-99d5-9b325c1d31ae:0.0.0.0:38412], old=null
2019-10-20 17:40:31,796 [grpc-default-executor-2] INFO  impl.RaftServerImpl (RaftServerImpl.java:setRole(184)) - 8a63e1ae-032e-4bed-9f20-125a11f65413@group-091950D56227: changes role from  FOLLOWER to FOLLOWER at term 309 for recognizeCandidate:8f18dce1-0a3d-4b65-9c78-af3d58b2da7f
2019-10-20 17:40:31,796 [grpc-default-executor-1] INFO  impl.RaftServerImpl (RaftServerImpl.java:setRole(184)) - 7b1e61a0-7daf-43dd-99d5-9b325c1d31ae@group-091950D56227: changes role from  FOLLOWER to FOLLOWER at term 309 for recognizeCandidate:8f18dce1-0a3d-4b65-9c78-af3d58b2da7f
2019-10-20 17:40:31,797 [grpc-default-executor-2] INFO  impl.RoleInfo (RoleInfo.java:shutdownFollowerState(121)) - 8a63e1ae-032e-4bed-9f20-125a11f65413: shutdown FollowerState
2019-10-20 17:40:31,797 [grpc-default-executor-1] INFO  impl.RoleInfo (RoleInfo.java:shutdownFollowerState(121)) - 7b1e61a0-7daf-43dd-99d5-9b325c1d31ae: shutdown FollowerState
2019-10-20 17:40:31,797 [Thread-1871] INFO  impl.FollowerState (FollowerState.java:run(117)) - 8a63e1ae-032e-4bed-9f20-125a11f65413@group-091950D56227-FollowerState was interrupted: java.lang.InterruptedException: sleep interrupted
2019-10-20 17:40:31,797 [grpc-default-executor-2] INFO  impl.RoleInfo (RoleInfo.java:updateAndGet(143)) - 8a63e1ae-032e-4bed-9f20-125a11f65413: start FollowerState
2019-10-20 17:40:31,797 [Thread-1872] INFO  impl.FollowerState (FollowerState.java:run(117)) - 7b1e61a0-7daf-43dd-99d5-9b325c1d31ae@group-091950D56227-FollowerState was interrupted: java.lang.InterruptedException: sleep interrupted
2019-10-20 17:40:31,797 [grpc-default-executor-1] INFO  impl.RoleInfo (RoleInfo.java:updateAndGet(143)) - 7b1e61a0-7daf-43dd-99d5-9b325c1d31ae: start FollowerState
2019-10-20 17:40:31,823 [8f18dce1-0a3d-4b65-9c78-af3d58b2da7f@group-091950D56227-LeaderElection260] INFO  impl.LeaderElection (LeaderElection.java:logAndReturn(56)) - 8f18dce1-0a3d-4b65-9c78-af3d58b2da7f@group-091950D56227-LeaderElection260: Election REJECTED; received 2 response(s) [8f18dce1-0a3d-4b65-9c78-af3d58b2da7f<-8a63e1ae-032e-4bed-9f20-125a11f65413#0:FAIL-t309, 8f18dce1-0a3d-4b65-9c78-af3d58b2da7f<-7b1e61a0-7daf-43dd-99d5-9b325c1d31ae#0:FAIL-t309] and 0 exception(s); 8f18dce1-0a3d-4b65-9c78-af3d58b2da7f@group-091950D56227:t309, leader=null, voted=8f18dce1-0a3d-4b65-9c78-af3d58b2da7f, raftlog=8f18dce1-0a3d-4b65-9c78-af3d58b2da7f@group-091950D56227-SegmentedRaftLog:OPENED:c-1,f-1,i0, conf=-1: [8a63e1ae-032e-4bed-9f20-125a11f65413:0.0.0.0:38685, 8f18dce1-0a3d-4b65-9c78-af3d58b2da7f:0.0.0.0:42489, 7b1e61a0-7daf-43dd-99d5-9b325c1d31ae:0.0.0.0:38412], old=null
2019-10-20 17:40:31,824 [8f18dce1-0a3d-4b65-9c78-af3d58b2da7f@group-091950D56227-LeaderElection260] INFO  impl.RaftServerImpl (RaftServerImpl.java:setRole(184)) - 8f18dce1-0a3d-4b65-9c78-af3d58b2da7f@group-091950D56227: changes role from CANDIDATE to FOLLOWER at term 309 for DISCOVERED_A_NEW_TERM
2019-10-20 17:40:31,824 [8f18dce1-0a3d-4b65-9c78-af3d58b2da7f@group-091950D56227-LeaderElection260] INFO  impl.RoleInfo (RoleInfo.java:shutdownLeaderElection(134)) - 8f18dce1-0a3d-4b65-9c78-af3d58b2da7f: shutdown LeaderElection
2019-10-20 17:40:31,824 [8f18dce1-0a3d-4b65-9c78-af3d58b2da7f@group-091950D56227-LeaderElection260] INFO  impl.RoleInfo (RoleInfo.java:updateAndGet(143)) - 8f18dce1-0a3d-4b65-9c78-af3d58b2da7f: start FollowerState
2019-10-20 17:40:31,859 [Thread-1879] INFO  impl.FollowerState (FollowerState.java:run(108)) - 8f18dce1-0a3d-4b65-9c78-af3d58b2da7f@group-091950D56227-FollowerState: change to CANDIDATE, lastRpcTime:34ms, electionTimeout:34ms
2019-10-20 17:40:31,859 [Thread-1879] INFO  impl.RoleInfo (RoleInfo.java:shutdownFollowerState(121)) - 8f18dce1-0a3d-4b65-9c78-af3d58b2da7f: shutdown FollowerState
2019-10-20 17:40:31,859 [Thread-1879] INFO  impl.RaftServerImpl (RaftServerImpl.java:setRole(184)) - 8f18dce1-0a3d-4b65-9c78-af3d58b2da7f@group-091950D56227: changes role from  FOLLOWER to CANDIDATE at term 309 for changeToCandidate
2019-10-20 17:40:31,859 [Thread-1879] INFO  impl.RoleInfo (RoleInfo.java:updateAndGet(143)) - 8f18dce1-0a3d-4b65-9c78-af3d58b2da7f: start LeaderElection
2019-10-20 17:40:31,895 [8f18dce1-0a3d-4b65-9c78-af3d58b2da7f@group-091950D56227-LeaderElection261] INFO  impl.LeaderElection (LeaderElection.java:askForVotes(178)) - 8f18dce1-0a3d-4b65-9c78-af3d58b2da7f@group-091950D56227-LeaderElection261: begin an election at term 310 for -1: [8a63e1ae-032e-4bed-9f20-125a11f65413:0.0.0.0:38685, 8f18dce1-0a3d-4b65-9c78-af3d58b2da7f:0.0.0.0:42489, 7b1e61a0-7daf-43dd-99d5-9b325c1d31ae:0.0.0.0:38412], old=null
2019-10-20 17:40:31,902 [grpc-default-executor-2] INFO  impl.RaftServerImpl (RaftServerImpl.java:setRole(184)) - 7b1e61a0-7daf-43dd-99d5-9b325c1d31ae@group-091950D56227: changes role from  FOLLOWER to FOLLOWER at term 310 for recognizeCandidate:8f18dce1-0a3d-4b65-9c78-af3d58b2da7f
2019-10-20 17:40:31,902 [grpc-default-executor-1] INFO  impl.RaftServerImpl (RaftServerImpl.java:setRole(184)) - 8a63e1ae-032e-4bed-9f20-125a11f65413@group-091950D56227: changes role from  FOLLOWER to FOLLOWER at term 310 for recognizeCandidate:8f18dce1-0a3d-4b65-9c78-af3d58b2da7f
2019-10-20 17:40:31,902 [grpc-default-executor-2] INFO  impl.RoleInfo (RoleInfo.java:shutdownFollowerState(121)) - 7b1e61a0-7daf-43dd-99d5-9b325c1d31ae: shutdown FollowerState
2019-10-20 17:40:31,903 [grpc-default-executor-1] INFO  impl.RoleInfo (RoleInfo.java:shutdownFollowerState(121)) - 8a63e1ae-032e-4bed-9f20-125a11f65413: shutdown FollowerState
2019-10-20 17:40:31,903 [grpc-default-executor-2] INFO  impl.RoleInfo (RoleInfo.java:updateAndGet(143)) - 7b1e61a0-7daf-43dd-99d5-9b325c1d31ae: start FollowerState
2019-10-20 17:40:31,903 [Thread-1877] INFO  impl.FollowerState (FollowerState.java:run(117)) - 8a63e1ae-032e-4bed-9f20-125a11f65413@group-091950D56227-FollowerState was interrupted: java.lang.InterruptedException: sleep interrupted
2019-10-20 17:40:31,903 [Thread-1878] INFO  impl.FollowerState (FollowerState.java:run(117)) - 7b1e61a0-7daf-43dd-99d5-9b325c1d31ae@group-091950D56227-FollowerState was interrupted: java.lang.InterruptedException: sleep interrupted
2019-10-20 17:40:31,903 [grpc-default-executor-1] INFO  impl.RoleInfo (RoleInfo.java:updateAndGet(143)) - 8a63e1ae-032e-4bed-9f20-125a11f65413: start FollowerState
2019-10-20 17:40:31,930 [8f18dce1-0a3d-4b65-9c78-af3d58b2da7f@group-091950D56227-LeaderElection261] INFO  impl.LeaderElection (LeaderElection.java:logAndReturn(56)) - 8f18dce1-0a3d-4b65-9c78-af3d58b2da7f@group-091950D56227-LeaderElection261: Election REJECTED; received 2 response(s) [8f18dce1-0a3d-4b65-9c78-af3d58b2da7f<-8a63e1ae-032e-4bed-9f20-125a11f65413#0:FAIL-t310, 8f18dce1-0a3d-4b65-9c78-af3d58b2da7f<-7b1e61a0-7daf-43dd-99d5-9b325c1d31ae#0:FAIL-t310] and 0 exception(s); 8f18dce1-0a3d-4b65-9c78-af3d58b2da7f@group-091950D56227:t310, leader=null, voted=8f18dce1-0a3d-4b65-9c78-af3d58b2da7f, raftlog=8f18dce1-0a3d-4b65-9c78-af3d58b2da7f@group-091950D56227-SegmentedRaftLog:OPENED:c-1,f-1,i0, conf=-1: [8a63e1ae-032e-4bed-9f20-125a11f65413:0.0.0.0:38685, 8f18dce1-0a3d-4b65-9c78-af3d58b2da7f:0.0.0.0:42489, 7b1e61a0-7daf-43dd-99d5-9b325c1d31ae:0.0.0.0:38412], old=null
2019-10-20 17:40:31,930 [8f18dce1-0a3d-4b65-9c78-af3d58b2da7f@group-091950D56227-LeaderElection261] INFO  impl.RaftServerImpl (RaftServerImpl.java:setRole(184)) - 8f18dce1-0a3d-4b65-9c78-af3d58b2da7f@group-091950D56227: changes role from CANDIDATE to FOLLOWER at term 310 for DISCOVERED_A_NEW_TERM
2019-10-20 17:40:31,930 [8f18dce1-0a3d-4b65-9c78-af3d58b2da7f@group-091950D56227-LeaderElection261] INFO  impl.RoleInfo (RoleInfo.java:shutdownLeaderElection(134)) - 8f18dce1-0a3d-4b65-9c78-af3d58b2da7f: shutdown LeaderElection
2019-10-20 17:40:31,930 [8f18dce1-0a3d-4b65-9c78-af3d58b2da7f@group-091950D56227-LeaderElection261] INFO  impl.RoleInfo (RoleInfo.java:updateAndGet(143)) - 8f18dce1-0a3d-4b65-9c78-af3d58b2da7f: start FollowerState
2019-10-20 17:40:32,013 [Thread-1885] INFO  impl.FollowerState (FollowerState.java:run(108)) - 8f18dce1-0a3d-4b65-9c78-af3d58b2da7f@group-091950D56227-FollowerState: change to CANDIDATE, lastRpcTime:83ms, electionTimeout:83ms
2019-10-20 17:40:32,014 [Thread-1885] INFO  impl.RoleInfo (RoleInfo.java:shutdownFollowerState(121)) - 8f18dce1-0a3d-4b65-9c78-af3d58b2da7f: shutdown FollowerState
2019-10-20 17:40:32,014 [Thread-1885] INFO  impl.RaftServerImpl (RaftServerImpl.java:setRole(184)) - 8f18dce1-0a3d-4b65-9c78-af3d58b2da7f@group-091950D56227: changes role from  FOLLOWER to CANDIDATE at term 310 for changeToCandidate
2019-10-20 17:40:32,014 [Thread-1885] INFO  impl.RoleInfo (RoleInfo.java:updateAndGet(143)) - 8f18dce1-0a3d-4b65-9c78-af3d58b2da7f: start LeaderElection
2019-10-20 17:40:32,038 [8f18dce1-0a3d-4b65-9c78-af3d58b2da7f@group-091950D56227-LeaderElection262] INFO  impl.LeaderElection (LeaderElection.java:askForVotes(178)) - 8f18dce1-0a3d-4b65-9c78-af3d58b2da7f@group-091950D56227-LeaderElection262: begin an election at term 311 for -1: [8a63e1ae-032e-4bed-9f20-125a11f65413:0.0.0.0:38685, 8f18dce1-0a3d-4b65-9c78-af3d58b2da7f:0.0.0.0:42489, 7b1e61a0-7daf-43dd-99d5-9b325c1d31ae:0.0.0.0:38412], old=null
2019-10-20 17:40:32,040 [grpc-default-executor-1] INFO  impl.RaftServerImpl (RaftServerImpl.java:setRole(184)) - 8a63e1ae-032e-4bed-9f20-125a11f65413@group-091950D56227: changes role from  FOLLOWER to FOLLOWER at term 311 for recognizeCandidate:8f18dce1-0a3d-4b65-9c78-af3d58b2da7f
2019-10-20 17:40:32,040 [grpc-default-executor-1] INFO  impl.RoleInfo (RoleInfo.java:shutdownFollowerState(121)) - 8a63e1ae-032e-4bed-9f20-125a11f65413: shutdown FollowerState
2019-10-20 17:40:32,040 [grpc-default-executor-2] INFO  impl.RaftServerImpl (RaftServerImpl.java:setRole(184)) - 7b1e61a0-7daf-43dd-99d5-9b325c1d31ae@group-091950D56227: changes role from  FOLLOWER to FOLLOWER at term 311 for recognizeCandidate:8f18dce1-0a3d-4b65-9c78-af3d58b2da7f
2019-10-20 17:40:32,040 [grpc-default-executor-2] INFO  impl.RoleInfo (RoleInfo.java:shutdownFollowerState(121)) - 7b1e61a0-7daf-43dd-99d5-9b325c1d31ae: shutdown FollowerState
2019-10-20 17:40:32,040 [grpc-default-executor-1] INFO  impl.RoleInfo (RoleInfo.java:updateAndGet(143)) - 8a63e1ae-032e-4bed-9f20-125a11f65413: start FollowerState
2019-10-20 17:40:32,040 [Thread-1884] INFO  impl.FollowerState (FollowerState.java:run(117)) - 8a63e1ae-032e-4bed-9f20-125a11f65413@group-091950D56227-FollowerState was interrupted: java.lang.InterruptedException: sleep interrupted
2019-10-20 17:40:32,041 [Thread-1883] INFO  impl.FollowerState (FollowerState.java:run(117)) - 7b1e61a0-7daf-43dd-99d5-9b325c1d31ae@group-091950D56227-FollowerState was interrupted: java.lang.InterruptedException: sleep interrupted
2019-10-20 17:40:32,040 [grpc-default-executor-2] INFO  impl.RoleInfo (RoleInfo.java:updateAndGet(143)) - 7b1e61a0-7daf-43dd-99d5-9b325c1d31ae: start FollowerState
2019-10-20 17:40:32,091 [8f18dce1-0a3d-4b65-9c78-af3d58b2da7f@group-091950D56227-LeaderElection262] INFO  impl.LeaderElection (LeaderElection.java:logAndReturn(56)) - 8f18dce1-0a3d-4b65-9c78-af3d58b2da7f@group-091950D56227-LeaderElection262: Election TIMEOUT; received 0 response(s) [] and 0 exception(s); 8f18dce1-0a3d-4b65-9c78-af3d58b2da7f@group-091950D56227:t311, leader=null, voted=8f18dce1-0a3d-4b65-9c78-af3d58b2da7f, raftlog=8f18dce1-0a3d-4b65-9c78-af3d58b2da7f@group-091950D56227-SegmentedRaftLog:OPENED:c-1,f-1,i0, conf=-1: [8a63e1ae-032e-4bed-9f20-125a11f65413:0.0.0.0:38685, 8f18dce1-0a3d-4b65-9c78-af3d58b2da7f:0.0.0.0:42489, 7b1e61a0-7daf-43dd-99d5-9b325c1d31ae:0.0.0.0:38412], old=null
2019-10-20 17:40:32,147 [8f18dce1-0a3d-4b65-9c78-af3d58b2da7f@group-091950D56227-LeaderElection262] INFO  impl.LeaderElection (LeaderElection.java:askForVotes(178)) - 8f18dce1-0a3d-4b65-9c78-af3d58b2da7f@group-091950D56227-LeaderElection262: begin an election at term 312 for -1: [8a63e1ae-032e-4bed-9f20-125a11f65413:0.0.0.0:38685, 8f18dce1-0a3d-4b65-9c78-af3d58b2da7f:0.0.0.0:42489, 7b1e61a0-7daf-43dd-99d5-9b325c1d31ae:0.0.0.0:38412], old=null
2019-10-20 17:40:32,149 [grpc-default-executor-1] INFO  impl.RaftServerImpl (RaftServerImpl.java:setRole(184)) - 8a63e1ae-032e-4bed-9f20-125a11f65413@group-091950D56227: changes role from  FOLLOWER to FOLLOWER at term 312 for recognizeCandidate:8f18dce1-0a3d-4b65-9c78-af3d58b2da7f
2019-10-20 17:40:32,149 [grpc-default-executor-2] INFO  impl.RaftServerImpl (RaftServerImpl.java:setRole(184)) - 7b1e61a0-7daf-43dd-99d5-9b325c1d31ae@group-091950D56227: changes role from  FOLLOWER to FOLLOWER at term 312 for recognizeCandidate:8f18dce1-0a3d-4b65-9c78-af3d58b2da7f
2019-10-20 17:40:32,149 [grpc-default-executor-1] INFO  impl.RoleInfo (RoleInfo.java:shutdownFollowerState(121)) - 8a63e1ae-032e-4bed-9f20-125a11f65413: shutdown FollowerState
2019-10-20 17:40:32,149 [grpc-default-executor-2] INFO  impl.RoleInfo (RoleInfo.java:shutdownFollowerState(121)) - 7b1e61a0-7daf-43dd-99d5-9b325c1d31ae: shutdown FollowerState
2019-10-20 17:40:32,149 [Thread-1889] INFO  impl.FollowerState (FollowerState.java:run(117)) - 8a63e1ae-032e-4bed-9f20-125a11f65413@group-091950D56227-FollowerState was interrupted: java.lang.InterruptedException: sleep interrupted
2019-10-20 17:40:32,149 [grpc-default-executor-1] INFO  impl.RoleInfo (RoleInfo.java:updateAndGet(143)) - 8a63e1ae-032e-4bed-9f20-125a11f65413: start FollowerState
2019-10-20 17:40:32,150 [Thread-1890] INFO  impl.FollowerState (FollowerState.java:run(117)) - 7b1e61a0-7daf-43dd-99d5-9b325c1d31ae@group-091950D56227-FollowerState was interrupted: java.lang.InterruptedException: sleep interrupted
2019-10-20 17:40:32,149 [grpc-default-executor-2] INFO  impl.RoleInfo (RoleInfo.java:updateAndGet(143)) - 7b1e61a0-7daf-43dd-99d5-9b325c1d31ae: start FollowerState
2019-10-20 17:40:32,182 [8f18dce1-0a3d-4b65-9c78-af3d58b2da7f@group-091950D56227-LeaderElection262] INFO  impl.LeaderElection (LeaderElection.java:logAndReturn(56)) - 8f18dce1-0a3d-4b65-9c78-af3d58b2da7f@group-091950D56227-LeaderElection262: Election REJECTED; received 2 response(s) [8f18dce1-0a3d-4b65-9c78-af3d58b2da7f<-8a63e1ae-032e-4bed-9f20-125a11f65413#0:FAIL-t312, 8f18dce1-0a3d-4b65-9c78-af3d58b2da7f<-7b1e61a0-7daf-43dd-99d5-9b325c1d31ae#0:FAIL-t312] and 0 exception(s); 8f18dce1-0a3d-4b65-9c78-af3d58b2da7f@group-091950D56227:t312, leader=null, voted=8f18dce1-0a3d-4b65-9c78-af3d58b2da7f, raftlog=8f18dce1-0a3d-4b65-9c78-af3d58b2da7f@group-091950D56227-SegmentedRaftLog:OPENED:c-1,f-1,i0, conf=-1: [8a63e1ae-032e-4bed-9f20-125a11f65413:0.0.0.0:38685, 8f18dce1-0a3d-4b65-9c78-af3d58b2da7f:0.0.0.0:42489, 7b1e61a0-7daf-43dd-99d5-9b325c1d31ae:0.0.0.0:38412], old=null
2019-10-20 17:40:32,182 [8f18dce1-0a3d-4b65-9c78-af3d58b2da7f@group-091950D56227-LeaderElection262] INFO  impl.RaftServerImpl (RaftServerImpl.java:setRole(184)) - 8f18dce1-0a3d-4b65-9c78-af3d58b2da7f@group-091950D56227: changes role from CANDIDATE to FOLLOWER at term 312 for DISCOVERED_A_NEW_TERM
2019-10-20 17:40:32,182 [8f18dce1-0a3d-4b65-9c78-af3d58b2da7f@group-091950D56227-LeaderElection262] INFO  impl.RoleInfo (RoleInfo.java:shutdownLeaderElection(134)) - 8f18dce1-0a3d-4b65-9c78-af3d58b2da7f: shutdown LeaderElection
2019-10-20 17:40:32,182 [8f18dce1-0a3d-4b65-9c78-af3d58b2da7f@group-091950D56227-LeaderElection262] INFO  impl.RoleInfo (RoleInfo.java:updateAndGet(143)) - 8f18dce1-0a3d-4b65-9c78-af3d58b2da7f: start FollowerState
2019-10-20 17:40:32,193 [Thread-1895] INFO  impl.FollowerState (FollowerState.java:run(108)) - 8f18dce1-0a3d-4b65-9c78-af3d58b2da7f@group-091950D56227-FollowerState: change to CANDIDATE, lastRpcTime:11ms, electionTimeout:11ms
2019-10-20 17:40:32,194 [Thread-1895] INFO  impl.RoleInfo (RoleInfo.java:shutdownFollowerState(121)) - 8f18dce1-0a3d-4b65-9c78-af3d58b2da7f: shutdown FollowerState
2019-10-20 17:40:32,194 [Thread-1895] INFO  impl.RaftServerImpl (RaftServerImpl.java:setRole(184)) - 8f18dce1-0a3d-4b65-9c78-af3d58b2da7f@group-091950D56227: changes role from  FOLLOWER to CANDIDATE at term 312 for changeToCandidate
2019-10-20 17:40:32,194 [Thread-1895] INFO  impl.RoleInfo (RoleInfo.java:updateAndGet(143)) - 8f18dce1-0a3d-4b65-9c78-af3d58b2da7f: start LeaderElection
2019-10-20 17:40:32,223 [8f18dce1-0a3d-4b65-9c78-af3d58b2da7f@group-091950D56227-LeaderElection263] INFO  impl.LeaderElection (LeaderElection.java:askForVotes(178)) - 8f18dce1-0a3d-4b65-9c78-af3d58b2da7f@group-091950D56227-LeaderElection263: begin an election at term 313 for -1: [8a63e1ae-032e-4bed-9f20-125a11f65413:0.0.0.0:38685, 8f18dce1-0a3d-4b65-9c78-af3d58b2da7f:0.0.0.0:42489, 7b1e61a0-7daf-43dd-99d5-9b325c1d31ae:0.0.0.0:38412], old=null
2019-10-20 17:40:32,225 [grpc-default-executor-2] INFO  impl.RaftServerImpl (RaftServerImpl.java:setRole(184)) - 7b1e61a0-7daf-43dd-99d5-9b325c1d31ae@group-091950D56227: changes role from  FOLLOWER to FOLLOWER at term 313 for recognizeCandidate:8f18dce1-0a3d-4b65-9c78-af3d58b2da7f
2019-10-20 17:40:32,225 [grpc-default-executor-2] INFO  impl.RoleInfo (RoleInfo.java:shutdownFollowerState(121)) - 7b1e61a0-7daf-43dd-99d5-9b325c1d31ae: shutdown FollowerState
2019-10-20 17:40:32,225 [grpc-default-executor-2] INFO  impl.RoleInfo (RoleInfo.java:updateAndGet(143)) - 7b1e61a0-7daf-43dd-99d5-9b325c1d31ae: start FollowerState
2019-10-20 17:40:32,225 [Thread-1894] INFO  impl.FollowerState (FollowerState.java:run(117)) - 7b1e61a0-7daf-43dd-99d5-9b325c1d31ae@group-091950D56227-FollowerState was interrupted: java.lang.InterruptedException: sleep interrupted
2019-10-20 17:40:32,227 [grpc-default-executor-1] INFO  impl.RaftServerImpl (RaftServerImpl.java:setRole(184)) - 8a63e1ae-032e-4bed-9f20-125a11f65413@group-091950D56227: changes role from  FOLLOWER to FOLLOWER at term 313 for recognizeCandidate:8f18dce1-0a3d-4b65-9c78-af3d58b2da7f
2019-10-20 17:40:32,227 [grpc-default-executor-1] INFO  impl.RoleInfo (RoleInfo.java:shutdownFollowerState(121)) - 8a63e1ae-032e-4bed-9f20-125a11f65413: shutdown FollowerState
2019-10-20 17:40:32,227 [grpc-default-executor-1] INFO  impl.RoleInfo (RoleInfo.java:updateAndGet(143)) - 8a63e1ae-032e-4bed-9f20-125a11f65413: start FollowerState
2019-10-20 17:40:32,227 [Thread-1893] INFO  impl.FollowerState (FollowerState.java:run(117)) - 8a63e1ae-032e-4bed-9f20-125a11f65413@group-091950D56227-FollowerState was interrupted: java.lang.InterruptedException: sleep interrupted
2019-10-20 17:40:32,250 [8f18dce1-0a3d-4b65-9c78-af3d58b2da7f@group-091950D56227-LeaderElection263] INFO  impl.LeaderElection (LeaderElection.java:logAndReturn(56)) - 8f18dce1-0a3d-4b65-9c78-af3d58b2da7f@group-091950D56227-LeaderElection263: Election REJECTED; received 2 response(s) [8f18dce1-0a3d-4b65-9c78-af3d58b2da7f<-8a63e1ae-032e-4bed-9f20-125a11f65413#0:FAIL-t313, 8f18dce1-0a3d-4b65-9c78-af3d58b2da7f<-7b1e61a0-7daf-43dd-99d5-9b325c1d31ae#0:FAIL-t313] and 0 exception(s); 8f18dce1-0a3d-4b65-9c78-af3d58b2da7f@group-091950D56227:t313, leader=null, voted=8f18dce1-0a3d-4b65-9c78-af3d58b2da7f, raftlog=8f18dce1-0a3d-4b65-9c78-af3d58b2da7f@group-091950D56227-SegmentedRaftLog:OPENED:c-1,f-1,i0, conf=-1: [8a63e1ae-032e-4bed-9f20-125a11f65413:0.0.0.0:38685, 8f18dce1-0a3d-4b65-9c78-af3d58b2da7f:0.0.0.0:42489, 7b1e61a0-7daf-43dd-99d5-9b325c1d31ae:0.0.0.0:38412], old=null
2019-10-20 17:40:32,250 [8f18dce1-0a3d-4b65-9c78-af3d58b2da7f@group-091950D56227-LeaderElection263] INFO  impl.RaftServerImpl (RaftServerImpl.java:setRole(184)) - 8f18dce1-0a3d-4b65-9c78-af3d58b2da7f@group-091950D56227: changes role from CANDIDATE to FOLLOWER at term 313 for DISCOVERED_A_NEW_TERM
2019-10-20 17:40:32,250 [8f18dce1-0a3d-4b65-9c78-af3d58b2da7f@group-091950D56227-LeaderElection263] INFO  impl.RoleInfo (RoleInfo.java:shutdownLeaderElection(134)) - 8f18dce1-0a3d-4b65-9c78-af3d58b2da7f: shutdown LeaderElection
2019-10-20 17:40:32,250 [8f18dce1-0a3d-4b65-9c78-af3d58b2da7f@group-091950D56227-LeaderElection263] INFO  impl.RoleInfo (RoleInfo.java:updateAndGet(143)) - 8f18dce1-0a3d-4b65-9c78-af3d58b2da7f: start FollowerState
2019-10-20 17:40:32,260 [Thread-1901] INFO  impl.FollowerState (FollowerState.java:run(108)) - 8f18dce1-0a3d-4b65-9c78-af3d58b2da7f@group-091950D56227-FollowerState: change to CANDIDATE, lastRpcTime:9ms, electionTimeout:9ms
2019-10-20 17:40:32,260 [Thread-1901] INFO  impl.RoleInfo (RoleInfo.java:shutdownFollowerState(121)) - 8f18dce1-0a3d-4b65-9c78-af3d58b2da7f: shutdown FollowerState
2019-10-20 17:40:32,260 [Thread-1901] INFO  impl.RaftServerImpl (RaftServerImpl.java:setRole(184)) - 8f18dce1-0a3d-4b65-9c78-af3d58b2da7f@group-091950D56227: changes role from  FOLLOWER to CANDIDATE at term 313 for changeToCandidate
2019-10-20 17:40:32,260 [Thread-1901] INFO  impl.RoleInfo (RoleInfo.java:updateAndGet(143)) - 8f18dce1-0a3d-4b65-9c78-af3d58b2da7f: start LeaderElection
2019-10-20 17:40:32,284 [8f18dce1-0a3d-4b65-9c78-af3d58b2da7f@group-091950D56227-LeaderElection264] INFO  impl.LeaderElection (LeaderElection.java:askForVotes(178)) - 8f18dce1-0a3d-4b65-9c78-af3d58b2da7f@group-091950D56227-LeaderElection264: begin an election at term 314 for -1: [8a63e1ae-032e-4bed-9f20-125a11f65413:0.0.0.0:38685, 8f18dce1-0a3d-4b65-9c78-af3d58b2da7f:0.0.0.0:42489, 7b1e61a0-7daf-43dd-99d5-9b325c1d31ae:0.0.0.0:38412], old=null
2019-10-20 17:40:32,285 [grpc-default-executor-2] INFO  impl.RaftServerImpl (RaftServerImpl.java:setRole(184)) - 8a63e1ae-032e-4bed-9f20-125a11f65413@group-091950D56227: changes role from  FOLLOWER to FOLLOWER at term 314 for recognizeCandidate:8f18dce1-0a3d-4b65-9c78-af3d58b2da7f
2019-10-20 17:40:32,285 [grpc-default-executor-2] INFO  impl.RoleInfo (RoleInfo.java:shutdownFollowerState(121)) - 8a63e1ae-032e-4bed-9f20-125a11f65413: shutdown FollowerState
2019-10-20 17:40:32,285 [grpc-default-executor-1] INFO  impl.RaftServerImpl (RaftServerImpl.java:setRole(184)) - 7b1e61a0-7daf-43dd-99d5-9b325c1d31ae@group-091950D56227: changes role from  FOLLOWER to FOLLOWER at term 314 for recognizeCandidate:8f18dce1-0a3d-4b65-9c78-af3d58b2da7f
2019-10-20 17:40:32,285 [Thread-1900] INFO  impl.FollowerState (FollowerState.java:run(117)) - 8a63e1ae-032e-4bed-9f20-125a11f65413@group-091950D56227-FollowerState was interrupted: java.lang.InterruptedException: sleep interrupted
2019-10-20 17:40:32,285 [grpc-default-executor-2] INFO  impl.RoleInfo (RoleInfo.java:updateAndGet(143)) - 8a63e1ae-032e-4bed-9f20-125a11f65413: start FollowerState
2019-10-20 17:40:32,285 [grpc-default-executor-1] INFO  impl.RoleInfo (RoleInfo.java:shutdownFollowerState(121)) - 7b1e61a0-7daf-43dd-99d5-9b325c1d31ae: shutdown FollowerState
2019-10-20 17:40:32,286 [grpc-default-executor-1] INFO  impl.RoleInfo (RoleInfo.java:updateAndGet(143)) - 7b1e61a0-7daf-43dd-99d5-9b325c1d31ae: start FollowerState
2019-10-20 17:40:32,286 [Thread-1899] INFO  impl.FollowerState (FollowerState.java:run(117)) - 7b1e61a0-7daf-43dd-99d5-9b325c1d31ae@group-091950D56227-FollowerState was interrupted: java.lang.InterruptedException: sleep interrupted
2019-10-20 17:40:32,310 [8f18dce1-0a3d-4b65-9c78-af3d58b2da7f@group-091950D56227-LeaderElection264] INFO  impl.LeaderElection (LeaderElection.java:logAndReturn(56)) - 8f18dce1-0a3d-4b65-9c78-af3d58b2da7f@group-091950D56227-LeaderElection264: Election REJECTED; received 2 response(s) [8f18dce1-0a3d-4b65-9c78-af3d58b2da7f<-8a63e1ae-032e-4bed-9f20-125a11f65413#0:FAIL-t314, 8f18dce1-0a3d-4b65-9c78-af3d58b2da7f<-7b1e61a0-7daf-43dd-99d5-9b325c1d31ae#0:FAIL-t314] and 0 exception(s); 8f18dce1-0a3d-4b65-9c78-af3d58b2da7f@group-091950D56227:t314, leader=null, voted=8f18dce1-0a3d-4b65-9c78-af3d58b2da7f, raftlog=8f18dce1-0a3d-4b65-9c78-af3d58b2da7f@group-091950D56227-SegmentedRaftLog:OPENED:c-1,f-1,i0, conf=-1: [8a63e1ae-032e-4bed-9f20-125a11f65413:0.0.0.0:38685, 8f18dce1-0a3d-4b65-9c78-af3d58b2da7f:0.0.0.0:42489, 7b1e61a0-7daf-43dd-99d5-9b325c1d31ae:0.0.0.0:38412], old=null
2019-10-20 17:40:32,310 [8f18dce1-0a3d-4b65-9c78-af3d58b2da7f@group-091950D56227-LeaderElection264] INFO  impl.RaftServerImpl (RaftServerImpl.java:setRole(184)) - 8f18dce1-0a3d-4b65-9c78-af3d58b2da7f@group-091950D56227: changes role from CANDIDATE to FOLLOWER at term 314 for DISCOVERED_A_NEW_TERM
2019-10-20 17:40:32,310 [8f18dce1-0a3d-4b65-9c78-af3d58b2da7f@group-091950D56227-LeaderElection264] INFO  impl.RoleInfo (RoleInfo.java:shutdownLeaderElection(134)) - 8f18dce1-0a3d-4b65-9c78-af3d58b2da7f: shutdown LeaderElection
2019-10-20 17:40:32,310 [8f18dce1-0a3d-4b65-9c78-af3d58b2da7f@group-091950D56227-LeaderElection264] INFO  impl.RoleInfo (RoleInfo.java:updateAndGet(143)) - 8f18dce1-0a3d-4b65-9c78-af3d58b2da7f: start FollowerState
2019-10-20 17:40:32,359 [Thread-1909] INFO  impl.FollowerState (FollowerState.java:run(108)) - 8f18dce1-0a3d-4b65-9c78-af3d58b2da7f@group-091950D56227-FollowerState: change to CANDIDATE, lastRpcTime:49ms, electionTimeout:49ms
2019-10-20 17:40:32,359 [Thread-1909] INFO  impl.RoleInfo (RoleInfo.java:shutdownFollowerState(121)) - 8f18dce1-0a3d-4b65-9c78-af3d58b2da7f: shutdown FollowerState
2019-10-20 17:40:32,359 [Thread-1909] INFO  impl.RaftServerImpl (RaftServerImpl.java:setRole(184)) - 8f18dce1-0a3d-4b65-9c78-af3d58b2da7f@group-091950D56227: changes role from  FOLLOWER to CANDIDATE at term 314 for changeToCandidate
2019-10-20 17:40:32,359 [Thread-1909] INFO  impl.RoleInfo (RoleInfo.java:updateAndGet(143)) - 8f18dce1-0a3d-4b65-9c78-af3d58b2da7f: start LeaderElection
2019-10-20 17:40:32,385 [8f18dce1-0a3d-4b65-9c78-af3d58b2da7f@group-091950D56227-LeaderElection265] INFO  impl.LeaderElection (LeaderElection.java:askForVotes(178)) - 8f18dce1-0a3d-4b65-9c78-af3d58b2da7f@group-091950D56227-LeaderElection265: begin an election at term 315 for -1: [8a63e1ae-032e-4bed-9f20-125a11f65413:0.0.0.0:38685, 8f18dce1-0a3d-4b65-9c78-af3d58b2da7f:0.0.0.0:42489, 7b1e61a0-7daf-43dd-99d5-9b325c1d31ae:0.0.0.0:38412], old=null
2019-10-20 17:40:32,386 [grpc-default-executor-1] INFO  impl.RaftServerImpl (RaftServerImpl.java:setRole(184)) - 8a63e1ae-032e-4bed-9f20-125a11f65413@group-091950D56227: changes role from  FOLLOWER to FOLLOWER at term 315 for recognizeCandidate:8f18dce1-0a3d-4b65-9c78-af3d58b2da7f
2019-10-20 17:40:32,386 [grpc-default-executor-1] INFO  impl.RoleInfo (RoleInfo.java:shutdownFollowerState(121)) - 8a63e1ae-032e-4bed-9f20-125a11f65413: shutdown FollowerState
2019-10-20 17:40:32,386 [grpc-default-executor-1] INFO  impl.RoleInfo (RoleInfo.java:updateAndGet(143)) - 8a63e1ae-032e-4bed-9f20-125a11f65413: start FollowerState
2019-10-20 17:40:32,386 [Thread-1907] INFO  impl.FollowerState (FollowerState.java:run(117)) - 8a63e1ae-032e-4bed-9f20-125a11f65413@group-091950D56227-FollowerState was interrupted: java.lang.InterruptedException: sleep interrupted
2019-10-20 17:40:32,386 [grpc-default-executor-2] INFO  impl.RaftServerImpl (RaftServerImpl.java:setRole(184)) - 7b1e61a0-7daf-43dd-99d5-9b325c1d31ae@group-091950D56227: changes role from  FOLLOWER to FOLLOWER at term 315 for recognizeCandidate:8f18dce1-0a3d-4b65-9c78-af3d58b2da7f
2019-10-20 17:40:32,387 [grpc-default-executor-2] INFO  impl.RoleInfo (RoleInfo.java:shutdownFollowerState(121)) - 7b1e61a0-7daf-43dd-99d5-9b325c1d31ae: shutdown FollowerState
2019-10-20 17:40:32,387 [grpc-default-executor-2] INFO  impl.RoleInfo (RoleInfo.java:updateAndGet(143)) - 7b1e61a0-7daf-43dd-99d5-9b325c1d31ae: start FollowerState
2019-10-20 17:40:32,387 [Thread-1908] INFO  impl.FollowerState (FollowerState.java:run(117)) - 7b1e61a0-7daf-43dd-99d5-9b325c1d31ae@group-091950D56227-FollowerState was interrupted: java.lang.InterruptedException: sleep interrupted
2019-10-20 17:40:32,410 [8f18dce1-0a3d-4b65-9c78-af3d58b2da7f@group-091950D56227-LeaderElection265] INFO  impl.LeaderElection (LeaderElection.java:logAndReturn(56)) - 8f18dce1-0a3d-4b65-9c78-af3d58b2da7f@group-091950D56227-LeaderElection265: Election TIMEOUT; received 0 response(s) [] and 0 exception(s); 8f18dce1-0a3d-4b65-9c78-af3d58b2da7f@group-091950D56227:t315, leader=null, voted=8f18dce1-0a3d-4b65-9c78-af3d58b2da7f, raftlog=8f18dce1-0a3d-4b65-9c78-af3d58b2da7f@group-091950D56227-SegmentedRaftLog:OPENED:c-1,f-1,i0, conf=-1: [8a63e1ae-032e-4bed-9f20-125a11f65413:0.0.0.0:38685, 8f18dce1-0a3d-4b65-9c78-af3d58b2da7f:0.0.0.0:42489, 7b1e61a0-7daf-43dd-99d5-9b325c1d31ae:0.0.0.0:38412], old=null
2019-10-20 17:40:32,435 [8f18dce1-0a3d-4b65-9c78-af3d58b2da7f@group-091950D56227-LeaderElection265] INFO  impl.LeaderElection (LeaderElection.java:askForVotes(178)) - 8f18dce1-0a3d-4b65-9c78-af3d58b2da7f@group-091950D56227-LeaderElection265: begin an election at term 316 for -1: [8a63e1ae-032e-4bed-9f20-125a11f65413:0.0.0.0:38685, 8f18dce1-0a3d-4b65-9c78-af3d58b2da7f:0.0.0.0:42489, 7b1e61a0-7daf-43dd-99d5-9b325c1d31ae:0.0.0.0:38412], old=null
2019-10-20 17:40:32,437 [grpc-default-executor-1] INFO  impl.RaftServerImpl (RaftServerImpl.java:setRole(184)) - 8a63e1ae-032e-4bed-9f20-125a11f65413@group-091950D56227: changes role from  FOLLOWER to FOLLOWER at term 316 for recognizeCandidate:8f18dce1-0a3d-4b65-9c78-af3d58b2da7f
2019-10-20 17:40:32,437 [grpc-default-executor-1] INFO  impl.RoleInfo (RoleInfo.java:shutdownFollowerState(121)) - 8a63e1ae-032e-4bed-9f20-125a11f65413: shutdown FollowerState
2019-10-20 17:40:32,437 [grpc-default-executor-2] INFO  impl.RaftServerImpl (RaftServerImpl.java:setRole(184)) - 7b1e61a0-7daf-43dd-99d5-9b325c1d31ae@group-091950D56227: changes role from  FOLLOWER to FOLLOWER at term 316 for recognizeCandidate:8f18dce1-0a3d-4b65-9c78-af3d58b2da7f
2019-10-20 17:40:32,438 [Thread-1913] INFO  impl.FollowerState (FollowerState.java:run(117)) - 8a63e1ae-032e-4bed-9f20-125a11f65413@group-091950D56227-FollowerState was interrupted: java.lang.InterruptedException: sleep interrupted
2019-10-20 17:40:32,437 [grpc-default-executor-1] INFO  impl.RoleInfo (RoleInfo.java:updateAndGet(143)) - 8a63e1ae-032e-4bed-9f20-125a11f65413: start FollowerState
2019-10-20 17:40:32,438 [grpc-default-executor-2] INFO  impl.RoleInfo (RoleInfo.java:shutdownFollowerState(121)) - 7b1e61a0-7daf-43dd-99d5-9b325c1d31ae: shutdown FollowerState
2019-10-20 17:40:32,438 [grpc-default-executor-2] INFO  impl.RoleInfo (RoleInfo.java:updateAndGet(143)) - 7b1e61a0-7daf-43dd-99d5-9b325c1d31ae: start FollowerState
2019-10-20 17:40:32,438 [Thread-1914] INFO  impl.FollowerState (FollowerState.java:run(117)) - 7b1e61a0-7daf-43dd-99d5-9b325c1d31ae@group-091950D56227-FollowerState was interrupted: java.lang.InterruptedException: sleep interrupted
2019-10-20 17:40:32,453 [8f18dce1-0a3d-4b65-9c78-af3d58b2da7f@group-091950D56227-LeaderElection265] INFO  impl.LeaderElection (LeaderElection.java:logAndReturn(56)) - 8f18dce1-0a3d-4b65-9c78-af3d58b2da7f@group-091950D56227-LeaderElection265: Election REJECTED; received 2 response(s) [8f18dce1-0a3d-4b65-9c78-af3d58b2da7f<-8a63e1ae-032e-4bed-9f20-125a11f65413#0:FAIL-t316, 8f18dce1-0a3d-4b65-9c78-af3d58b2da7f<-7b1e61a0-7daf-43dd-99d5-9b325c1d31ae#0:FAIL-t316] and 0 exception(s); 8f18dce1-0a3d-4b65-9c78-af3d58b2da7f@group-091950D56227:t316, leader=null, voted=8f18dce1-0a3d-4b65-9c78-af3d58b2da7f, raftlog=8f18dce1-0a3d-4b65-9c78-af3d58b2da7f@group-091950D56227-SegmentedRaftLog:OPENED:c-1,f-1,i0, conf=-1: [8a63e1ae-032e-4bed-9f20-125a11f65413:0.0.0.0:38685, 8f18dce1-0a3d-4b65-9c78-af3d58b2da7f:0.0.0.0:42489, 7b1e61a0-7daf-43dd-99d5-9b325c1d31ae:0.0.0.0:38412], old=null
2019-10-20 17:40:32,453 [8f18dce1-0a3d-4b65-9c78-af3d58b2da7f@group-091950D56227-LeaderElection265] INFO  impl.RaftServerImpl (RaftServerImpl.java:setRole(184)) - 8f18dce1-0a3d-4b65-9c78-af3d58b2da7f@group-091950D56227: changes role from CANDIDATE to FOLLOWER at term 316 for DISCOVERED_A_NEW_TERM
2019-10-20 17:40:32,454 [8f18dce1-0a3d-4b65-9c78-af3d58b2da7f@group-091950D56227-LeaderElection265] INFO  impl.RoleInfo (RoleInfo.java:shutdownLeaderElection(134)) - 8f18dce1-0a3d-4b65-9c78-af3d58b2da7f: shutdown LeaderElection
2019-10-20 17:40:32,454 [8f18dce1-0a3d-4b65-9c78-af3d58b2da7f@group-091950D56227-LeaderElection265] INFO  impl.RoleInfo (RoleInfo.java:updateAndGet(143)) - 8f18dce1-0a3d-4b65-9c78-af3d58b2da7f: start FollowerState
2019-10-20 17:40:32,542 [Thread-1919] INFO  impl.FollowerState (FollowerState.java:run(108)) - 8f18dce1-0a3d-4b65-9c78-af3d58b2da7f@group-091950D56227-FollowerState: change to CANDIDATE, lastRpcTime:88ms, electionTimeout:88ms
2019-10-20 17:40:32,542 [Thread-1919] INFO  impl.RoleInfo (RoleInfo.java:shutdownFollowerState(121)) - 8f18dce1-0a3d-4b65-9c78-af3d58b2da7f: shutdown FollowerState
2019-10-20 17:40:32,542 [Thread-1919] INFO  impl.RaftServerImpl (RaftServerImpl.java:setRole(184)) - 8f18dce1-0a3d-4b65-9c78-af3d58b2da7f@group-091950D56227: changes role from  FOLLOWER to CANDIDATE at term 316 for changeToCandidate
2019-10-20 17:40:32,542 [Thread-1919] INFO  impl.RoleInfo (RoleInfo.java:updateAndGet(143)) - 8f18dce1-0a3d-4b65-9c78-af3d58b2da7f: start LeaderElection
2019-10-20 17:40:32,570 [8f18dce1-0a3d-4b65-9c78-af3d58b2da7f@group-091950D56227-LeaderElection266] INFO  impl.LeaderElection (LeaderElection.java:askForVotes(178)) - 8f18dce1-0a3d-4b65-9c78-af3d58b2da7f@group-091950D56227-LeaderElection266: begin an election at term 317 for -1: [8a63e1ae-032e-4bed-9f20-125a11f65413:0.0.0.0:38685, 8f18dce1-0a3d-4b65-9c78-af3d58b2da7f:0.0.0.0:42489, 7b1e61a0-7daf-43dd-99d5-9b325c1d31ae:0.0.0.0:38412], old=null
2019-10-20 17:40:32,572 [grpc-default-executor-2] INFO  impl.RaftServerImpl (RaftServerImpl.java:setRole(184)) - 8a63e1ae-032e-4bed-9f20-125a11f65413@group-091950D56227: changes role from  FOLLOWER to FOLLOWER at term 317 for recognizeCandidate:8f18dce1-0a3d-4b65-9c78-af3d58b2da7f
2019-10-20 17:40:32,572 [grpc-default-executor-1] INFO  impl.RaftServerImpl (RaftServerImpl.java:setRole(184)) - 7b1e61a0-7daf-43dd-99d5-9b325c1d31ae@group-091950D56227: changes role from  FOLLOWER to FOLLOWER at term 317 for recognizeCandidate:8f18dce1-0a3d-4b65-9c78-af3d58b2da7f
2019-10-20 17:40:32,572 [grpc-default-executor-2] INFO  impl.RoleInfo (RoleInfo.java:shutdownFollowerState(121)) - 8a63e1ae-032e-4bed-9f20-125a11f65413: shutdown FollowerState
2019-10-20 17:40:32,572 [grpc-default-executor-1] INFO  impl.RoleInfo (RoleInfo.java:shutdownFollowerState(121)) - 7b1e61a0-7daf-43dd-99d5-9b325c1d31ae: shutdown FollowerState
2019-10-20 17:40:32,573 [Thread-1917] INFO  impl.FollowerState (FollowerState.java:run(117)) - 8a63e1ae-032e-4bed-9f20-125a11f65413@group-091950D56227-FollowerState was interrupted: java.lang.InterruptedException: sleep interrupted
2019-10-20 17:40:32,573 [grpc-default-executor-2] INFO  impl.RoleInfo (RoleInfo.java:updateAndGet(143)) - 8a63e1ae-032e-4bed-9f20-125a11f65413: start FollowerState
2019-10-20 17:40:32,573 [Thread-1918] INFO  impl.FollowerState (FollowerState.java:run(117)) - 7b1e61a0-7daf-43dd-99d5-9b325c1d31ae@group-091950D56227-FollowerState was interrupted: java.lang.InterruptedException: sleep interrupted
2019-10-20 17:40:32,573 [grpc-default-executor-1] INFO  impl.RoleInfo (RoleInfo.java:updateAndGet(143)) - 7b1e61a0-7daf-43dd-99d5-9b325c1d31ae: start FollowerState
2019-10-20 17:40:32,596 [8f18dce1-0a3d-4b65-9c78-af3d58b2da7f@group-091950D56227-LeaderElection266] INFO  impl.LeaderElection (LeaderElection.java:logAndReturn(56)) - 8f18dce1-0a3d-4b65-9c78-af3d58b2da7f@group-091950D56227-LeaderElection266: Election REJECTED; received 2 response(s) [8f18dce1-0a3d-4b65-9c78-af3d58b2da7f<-8a63e1ae-032e-4bed-9f20-125a11f65413#0:FAIL-t317, 8f18dce1-0a3d-4b65-9c78-af3d58b2da7f<-7b1e61a0-7daf-43dd-99d5-9b325c1d31ae#0:FAIL-t317] and 0 exception(s); 8f18dce1-0a3d-4b65-9c78-af3d58b2da7f@group-091950D56227:t317, leader=null, voted=8f18dce1-0a3d-4b65-9c78-af3d58b2da7f, raftlog=8f18dce1-0a3d-4b65-9c78-af3d58b2da7f@group-091950D56227-SegmentedRaftLog:OPENED:c-1,f-1,i0, conf=-1: [8a63e1ae-032e-4bed-9f20-125a11f65413:0.0.0.0:38685, 8f18dce1-0a3d-4b65-9c78-af3d58b2da7f:0.0.0.0:42489, 7b1e61a0-7daf-43dd-99d5-9b325c1d31ae:0.0.0.0:38412], old=null
2019-10-20 17:40:32,596 [8f18dce1-0a3d-4b65-9c78-af3d58b2da7f@group-091950D56227-LeaderElection266] INFO  impl.RaftServerImpl (RaftServerImpl.java:setRole(184)) - 8f18dce1-0a3d-4b65-9c78-af3d58b2da7f@group-091950D56227: changes role from CANDIDATE to FOLLOWER at term 317 for DISCOVERED_A_NEW_TERM
2019-10-20 17:40:32,597 [8f18dce1-0a3d-4b65-9c78-af3d58b2da7f@group-091950D56227-LeaderElection266] INFO  impl.RoleInfo (RoleInfo.java:shutdownLeaderElection(134)) - 8f18dce1-0a3d-4b65-9c78-af3d58b2da7f: shutdown LeaderElection
2019-10-20 17:40:32,597 [8f18dce1-0a3d-4b65-9c78-af3d58b2da7f@group-091950D56227-LeaderElection266] INFO  impl.RoleInfo (RoleInfo.java:updateAndGet(143)) - 8f18dce1-0a3d-4b65-9c78-af3d58b2da7f: start FollowerState
2019-10-20 17:40:32,650 [Thread-1925] INFO  impl.FollowerState (FollowerState.java:run(108)) - 8f18dce1-0a3d-4b65-9c78-af3d58b2da7f@group-091950D56227-FollowerState: change to CANDIDATE, lastRpcTime:53ms, electionTimeout:53ms
2019-10-20 17:40:32,650 [Thread-1925] INFO  impl.RoleInfo (RoleInfo.java:shutdownFollowerState(121)) - 8f18dce1-0a3d-4b65-9c78-af3d58b2da7f: shutdown FollowerState
2019-10-20 17:40:32,650 [Thread-1925] INFO  impl.RaftServerImpl (RaftServerImpl.java:setRole(184)) - 8f18dce1-0a3d-4b65-9c78-af3d58b2da7f@group-091950D56227: changes role from  FOLLOWER to CANDIDATE at term 317 for changeToCandidate
2019-10-20 17:40:32,650 [Thread-1925] INFO  impl.RoleInfo (RoleInfo.java:updateAndGet(143)) - 8f18dce1-0a3d-4b65-9c78-af3d58b2da7f: start LeaderElection
2019-10-20 17:40:32,679 [8f18dce1-0a3d-4b65-9c78-af3d58b2da7f@group-091950D56227-LeaderElection267] INFO  impl.LeaderElection (LeaderElection.java:askForVotes(178)) - 8f18dce1-0a3d-4b65-9c78-af3d58b2da7f@group-091950D56227-LeaderElection267: begin an election at term 318 for -1: [8a63e1ae-032e-4bed-9f20-125a11f65413:0.0.0.0:38685, 8f18dce1-0a3d-4b65-9c78-af3d58b2da7f:0.0.0.0:42489, 7b1e61a0-7daf-43dd-99d5-9b325c1d31ae:0.0.0.0:38412], old=null
2019-10-20 17:40:32,681 [grpc-default-executor-1] INFO  impl.RaftServerImpl (RaftServerImpl.java:setRole(184)) - 8a63e1ae-032e-4bed-9f20-125a11f65413@group-091950D56227: changes role from  FOLLOWER to FOLLOWER at term 318 for recognizeCandidate:8f18dce1-0a3d-4b65-9c78-af3d58b2da7f
2019-10-20 17:40:32,681 [grpc-default-executor-2] INFO  impl.RaftServerImpl (RaftServerImpl.java:setRole(184)) - 7b1e61a0-7daf-43dd-99d5-9b325c1d31ae@group-091950D56227: changes role from  FOLLOWER to FOLLOWER at term 318 for recognizeCandidate:8f18dce1-0a3d-4b65-9c78-af3d58b2da7f
2019-10-20 17:40:32,682 [grpc-default-executor-1] INFO  impl.RoleInfo (RoleInfo.java:shutdownFollowerState(121)) - 8a63e1ae-032e-4bed-9f20-125a11f65413: shutdown FollowerState
2019-10-20 17:40:32,682 [grpc-default-executor-2] INFO  impl.RoleInfo (RoleInfo.java:shutdownFollowerState(121)) - 7b1e61a0-7daf-43dd-99d5-9b325c1d31ae: shutdown FollowerState
2019-10-20 17:40:32,682 [Thread-1923] INFO  impl.FollowerState (FollowerState.java:run(117)) - 8a63e1ae-032e-4bed-9f20-125a11f65413@group-091950D56227-FollowerState was interrupted: java.lang.InterruptedException: sleep interrupted
2019-10-20 17:40:32,682 [grpc-default-executor-1] INFO  impl.RoleInfo (RoleInfo.java:updateAndGet(143)) - 8a63e1ae-032e-4bed-9f20-125a11f65413: start FollowerState
2019-10-20 17:40:32,682 [Thread-1924] INFO  impl.FollowerState (FollowerState.java:run(117)) - 7b1e61a0-7daf-43dd-99d5-9b325c1d31ae@group-091950D56227-FollowerState was interrupted: java.lang.InterruptedException: sleep interrupted
2019-10-20 17:40:32,682 [grpc-default-executor-2] INFO  impl.RoleInfo (RoleInfo.java:updateAndGet(143)) - 7b1e61a0-7daf-43dd-99d5-9b325c1d31ae: start FollowerState
2019-10-20 17:40:32,705 [8f18dce1-0a3d-4b65-9c78-af3d58b2da7f@group-091950D56227-LeaderElection267] INFO  impl.LeaderElection (LeaderElection.java:logAndReturn(56)) - 8f18dce1-0a3d-4b65-9c78-af3d58b2da7f@group-091950D56227-LeaderElection267: Election REJECTED; received 2 response(s) [8f18dce1-0a3d-4b65-9c78-af3d58b2da7f<-8a63e1ae-032e-4bed-9f20-125a11f65413#0:FAIL-t318, 8f18dce1-0a3d-4b65-9c78-af3d58b2da7f<-7b1e61a0-7daf-43dd-99d5-9b325c1d31ae#0:FAIL-t318] and 0 exception(s); 8f18dce1-0a3d-4b65-9c78-af3d58b2da7f@group-091950D56227:t318, leader=null, voted=8f18dce1-0a3d-4b65-9c78-af3d58b2da7f, raftlog=8f18dce1-0a3d-4b65-9c78-af3d58b2da7f@group-091950D56227-SegmentedRaftLog:OPENED:c-1,f-1,i0, conf=-1: [8a63e1ae-032e-4bed-9f20-125a11f65413:0.0.0.0:38685, 8f18dce1-0a3d-4b65-9c78-af3d58b2da7f:0.0.0.0:42489, 7b1e61a0-7daf-43dd-99d5-9b325c1d31ae:0.0.0.0:38412], old=null
2019-10-20 17:40:32,706 [8f18dce1-0a3d-4b65-9c78-af3d58b2da7f@group-091950D56227-LeaderElection267] INFO  impl.RaftServerImpl (RaftServerImpl.java:setRole(184)) - 8f18dce1-0a3d-4b65-9c78-af3d58b2da7f@group-091950D56227: changes role from CANDIDATE to FOLLOWER at term 318 for DISCOVERED_A_NEW_TERM
2019-10-20 17:40:32,706 [8f18dce1-0a3d-4b65-9c78-af3d58b2da7f@group-091950D56227-LeaderElection267] INFO  impl.RoleInfo (RoleInfo.java:shutdownLeaderElection(134)) - 8f18dce1-0a3d-4b65-9c78-af3d58b2da7f: shutdown LeaderElection
2019-10-20 17:40:32,706 [8f18dce1-0a3d-4b65-9c78-af3d58b2da7f@group-091950D56227-LeaderElection267] INFO  impl.RoleInfo (RoleInfo.java:updateAndGet(143)) - 8f18dce1-0a3d-4b65-9c78-af3d58b2da7f: start FollowerState
2019-10-20 17:40:32,738 [Thread-1931] INFO  impl.FollowerState (FollowerState.java:run(108)) - 8f18dce1-0a3d-4b65-9c78-af3d58b2da7f@group-091950D56227-FollowerState: change to CANDIDATE, lastRpcTime:32ms, electionTimeout:32ms
2019-10-20 17:40:32,738 [Thread-1931] INFO  impl.RoleInfo (RoleInfo.java:shutdownFollowerState(121)) - 8f18dce1-0a3d-4b65-9c78-af3d58b2da7f: shutdown FollowerState
2019-10-20 17:40:32,738 [Thread-1931] INFO  impl.RaftServerImpl (RaftServerImpl.java:setRole(184)) - 8f18dce1-0a3d-4b65-9c78-af3d58b2da7f@group-091950D56227: changes role from  FOLLOWER to CANDIDATE at term 318 for changeToCandidate
2019-10-20 17:40:32,739 [Thread-1931] INFO  impl.RoleInfo (RoleInfo.java:updateAndGet(143)) - 8f18dce1-0a3d-4b65-9c78-af3d58b2da7f: start LeaderElection
2019-10-20 17:40:32,764 [8f18dce1-0a3d-4b65-9c78-af3d58b2da7f@group-091950D56227-LeaderElection268] INFO  impl.LeaderElection (LeaderElection.java:askForVotes(178)) - 8f18dce1-0a3d-4b65-9c78-af3d58b2da7f@group-091950D56227-LeaderElection268: begin an election at term 319 for -1: [8a63e1ae-032e-4bed-9f20-125a11f65413:0.0.0.0:38685, 8f18dce1-0a3d-4b65-9c78-af3d58b2da7f:0.0.0.0:42489, 7b1e61a0-7daf-43dd-99d5-9b325c1d31ae:0.0.0.0:38412], old=null
2019-10-20 17:40:32,765 [grpc-default-executor-1] INFO  impl.RaftServerImpl (RaftServerImpl.java:setRole(184)) - 7b1e61a0-7daf-43dd-99d5-9b325c1d31ae@group-091950D56227: changes role from  FOLLOWER to FOLLOWER at term 319 for recognizeCandidate:8f18dce1-0a3d-4b65-9c78-af3d58b2da7f
2019-10-20 17:40:32,765 [grpc-default-executor-2] INFO  impl.RaftServerImpl (RaftServerImpl.java:setRole(184)) - 8a63e1ae-032e-4bed-9f20-125a11f65413@group-091950D56227: changes role from  FOLLOWER to FOLLOWER at term 319 for recognizeCandidate:8f18dce1-0a3d-4b65-9c78-af3d58b2da7f
2019-10-20 17:40:32,766 [grpc-default-executor-1] INFO  impl.RoleInfo (RoleInfo.java:shutdownFollowerState(121)) - 7b1e61a0-7daf-43dd-99d5-9b325c1d31ae: shutdown FollowerState
2019-10-20 17:40:32,766 [grpc-default-executor-2] INFO  impl.RoleInfo (RoleInfo.java:shutdownFollowerState(121)) - 8a63e1ae-032e-4bed-9f20-125a11f65413: shutdown FollowerState
2019-10-20 17:40:32,766 [Thread-1930] INFO  impl.FollowerState (FollowerState.java:run(117)) - 7b1e61a0-7daf-43dd-99d5-9b325c1d31ae@group-091950D56227-FollowerState was interrupted: java.lang.InterruptedException: sleep interrupted
2019-10-20 17:40:32,766 [grpc-default-executor-1] INFO  impl.RoleInfo (RoleInfo.java:updateAndGet(143)) - 7b1e61a0-7daf-43dd-99d5-9b325c1d31ae: start FollowerState
2019-10-20 17:40:32,766 [Thread-1929] INFO  impl.FollowerState (FollowerState.java:run(117)) - 8a63e1ae-032e-4bed-9f20-125a11f65413@group-091950D56227-FollowerState was interrupted: java.lang.InterruptedException: sleep interrupted
2019-10-20 17:40:32,766 [grpc-default-executor-2] INFO  impl.RoleInfo (RoleInfo.java:updateAndGet(143)) - 8a63e1ae-032e-4bed-9f20-125a11f65413: start FollowerState
2019-10-20 17:40:32,790 [8f18dce1-0a3d-4b65-9c78-af3d58b2da7f@group-091950D56227-LeaderElection268] INFO  impl.LeaderElection (LeaderElection.java:logAndReturn(56)) - 8f18dce1-0a3d-4b65-9c78-af3d58b2da7f@group-091950D56227-LeaderElection268: Election REJECTED; received 2 response(s) [8f18dce1-0a3d-4b65-9c78-af3d58b2da7f<-8a63e1ae-032e-4bed-9f20-125a11f65413#0:FAIL-t319, 8f18dce1-0a3d-4b65-9c78-af3d58b2da7f<-7b1e61a0-7daf-43dd-99d5-9b325c1d31ae#0:FAIL-t319] and 0 exception(s); 8f18dce1-0a3d-4b65-9c78-af3d58b2da7f@group-091950D56227:t319, leader=null, voted=8f18dce1-0a3d-4b65-9c78-af3d58b2da7f, raftlog=8f18dce1-0a3d-4b65-9c78-af3d58b2da7f@group-091950D56227-SegmentedRaftLog:OPENED:c-1,f-1,i0, conf=-1: [8a63e1ae-032e-4bed-9f20-125a11f65413:0.0.0.0:38685, 8f18dce1-0a3d-4b65-9c78-af3d58b2da7f:0.0.0.0:42489, 7b1e61a0-7daf-43dd-99d5-9b325c1d31ae:0.0.0.0:38412], old=null
2019-10-20 17:40:32,790 [8f18dce1-0a3d-4b65-9c78-af3d58b2da7f@group-091950D56227-LeaderElection268] INFO  impl.RaftServerImpl (RaftServerImpl.java:setRole(184)) - 8f18dce1-0a3d-4b65-9c78-af3d58b2da7f@group-091950D56227: changes role from CANDIDATE to FOLLOWER at term 319 for DISCOVERED_A_NEW_TERM
2019-10-20 17:40:32,790 [8f18dce1-0a3d-4b65-9c78-af3d58b2da7f@group-091950D56227-LeaderElection268] INFO  impl.RoleInfo (RoleInfo.java:shutdownLeaderElection(134)) - 8f18dce1-0a3d-4b65-9c78-af3d58b2da7f: shutdown LeaderElection
2019-10-20 17:40:32,790 [8f18dce1-0a3d-4b65-9c78-af3d58b2da7f@group-091950D56227-LeaderElection268] INFO  impl.RoleInfo (RoleInfo.java:updateAndGet(143)) - 8f18dce1-0a3d-4b65-9c78-af3d58b2da7f: start FollowerState
2019-10-20 17:40:32,895 [Thread-1937] INFO  impl.FollowerState (FollowerState.java:run(108)) - 8f18dce1-0a3d-4b65-9c78-af3d58b2da7f@group-091950D56227-FollowerState: change to CANDIDATE, lastRpcTime:105ms, electionTimeout:105ms
2019-10-20 17:40:32,896 [Thread-1937] INFO  impl.RoleInfo (RoleInfo.java:shutdownFollowerState(121)) - 8f18dce1-0a3d-4b65-9c78-af3d58b2da7f: shutdown FollowerState
2019-10-20 17:40:32,896 [Thread-1937] INFO  impl.RaftServerImpl (RaftServerImpl.java:setRole(184)) - 8f18dce1-0a3d-4b65-9c78-af3d58b2da7f@group-091950D56227: changes role from  FOLLOWER to CANDIDATE at term 319 for changeToCandidate
2019-10-20 17:40:32,896 [Thread-1937] INFO  impl.RoleInfo (RoleInfo.java:updateAndGet(143)) - 8f18dce1-0a3d-4b65-9c78-af3d58b2da7f: start LeaderElection
2019-10-20 17:40:32,923 [8f18dce1-0a3d-4b65-9c78-af3d58b2da7f@group-091950D56227-LeaderElection269] INFO  impl.LeaderElection (LeaderElection.java:askForVotes(178)) - 8f18dce1-0a3d-4b65-9c78-af3d58b2da7f@group-091950D56227-LeaderElection269: begin an election at term 320 for -1: [8a63e1ae-032e-4bed-9f20-125a11f65413:0.0.0.0:38685, 8f18dce1-0a3d-4b65-9c78-af3d58b2da7f:0.0.0.0:42489, 7b1e61a0-7daf-43dd-99d5-9b325c1d31ae:0.0.0.0:38412], old=null
2019-10-20 17:40:32,925 [grpc-default-executor-2] INFO  impl.RaftServerImpl (RaftServerImpl.java:setRole(184)) - 8a63e1ae-032e-4bed-9f20-125a11f65413@group-091950D56227: changes role from  FOLLOWER to FOLLOWER at term 320 for recognizeCandidate:8f18dce1-0a3d-4b65-9c78-af3d58b2da7f
2019-10-20 17:40:32,925 [grpc-default-executor-1] INFO  impl.RaftServerImpl (RaftServerImpl.java:setRole(184)) - 7b1e61a0-7daf-43dd-99d5-9b325c1d31ae@group-091950D56227: changes role from  FOLLOWER to FOLLOWER at term 320 for recognizeCandidate:8f18dce1-0a3d-4b65-9c78-af3d58b2da7f
2019-10-20 17:40:32,925 [grpc-default-executor-2] INFO  impl.RoleInfo (RoleInfo.java:shutdownFollowerState(121)) - 8a63e1ae-032e-4bed-9f20-125a11f65413: shutdown FollowerState
2019-10-20 17:40:32,925 [grpc-default-executor-1] INFO  impl.RoleInfo (RoleInfo.java:shutdownFollowerState(121)) - 7b1e61a0-7daf-43dd-99d5-9b325c1d31ae: shutdown FollowerState
2019-10-20 17:40:32,925 [Thread-1936] INFO  impl.FollowerState (FollowerState.java:run(117)) - 8a63e1ae-032e-4bed-9f20-125a11f65413@group-091950D56227-FollowerState was interrupted: java.lang.InterruptedException: sleep interrupted
2019-10-20 17:40:32,926 [Thread-1935] INFO  impl.FollowerState (FollowerState.java:run(117)) - 7b1e61a0-7daf-43dd-99d5-9b325c1d31ae@group-091950D56227-FollowerState was interrupted: java.lang.InterruptedException: sleep interrupted
2019-10-20 17:40:32,925 [grpc-default-executor-1] INFO  impl.RoleInfo (RoleInfo.java:updateAndGet(143)) - 7b1e61a0-7daf-43dd-99d5-9b325c1d31ae: start FollowerState
2019-10-20 17:40:32,925 [grpc-default-executor-2] INFO  impl.RoleInfo (RoleInfo.java:updateAndGet(143)) - 8a63e1ae-032e-4bed-9f20-125a11f65413: start FollowerState
2019-10-20 17:40:32,933 [8f18dce1-0a3d-4b65-9c78-af3d58b2da7f@group-091950D56227-LeaderElection269] INFO  impl.LeaderElection (LeaderElection.java:logAndReturn(56)) - 8f18dce1-0a3d-4b65-9c78-af3d58b2da7f@group-091950D56227-LeaderElection269: Election TIMEOUT; received 0 response(s) [] and 0 exception(s); 8f18dce1-0a3d-4b65-9c78-af3d58b2da7f@group-091950D56227:t320, leader=null, voted=8f18dce1-0a3d-4b65-9c78-af3d58b2da7f, raftlog=8f18dce1-0a3d-4b65-9c78-af3d58b2da7f@group-091950D56227-SegmentedRaftLog:OPENED:c-1,f-1,i0, conf=-1: [8a63e1ae-032e-4bed-9f20-125a11f65413:0.0.0.0:38685, 8f18dce1-0a3d-4b65-9c78-af3d58b2da7f:0.0.0.0:42489, 7b1e61a0-7daf-43dd-99d5-9b325c1d31ae:0.0.0.0:38412], old=null
2019-10-20 17:40:32,949 [8f18dce1-0a3d-4b65-9c78-af3d58b2da7f@group-091950D56227-LeaderElection269] INFO  impl.LeaderElection (LeaderElection.java:askForVotes(178)) - 8f18dce1-0a3d-4b65-9c78-af3d58b2da7f@group-091950D56227-LeaderElection269: begin an election at term 321 for -1: [8a63e1ae-032e-4bed-9f20-125a11f65413:0.0.0.0:38685, 8f18dce1-0a3d-4b65-9c78-af3d58b2da7f:0.0.0.0:42489, 7b1e61a0-7daf-43dd-99d5-9b325c1d31ae:0.0.0.0:38412], old=null
2019-10-20 17:40:32,950 [grpc-default-executor-1] INFO  impl.RaftServerImpl (RaftServerImpl.java:setRole(184)) - 8a63e1ae-032e-4bed-9f20-125a11f65413@group-091950D56227: changes role from  FOLLOWER to FOLLOWER at term 321 for recognizeCandidate:8f18dce1-0a3d-4b65-9c78-af3d58b2da7f
2019-10-20 17:40:32,950 [grpc-default-executor-2] INFO  impl.RaftServerImpl (RaftServerImpl.java:setRole(184)) - 7b1e61a0-7daf-43dd-99d5-9b325c1d31ae@group-091950D56227: changes role from  FOLLOWER to FOLLOWER at term 321 for recognizeCandidate:8f18dce1-0a3d-4b65-9c78-af3d58b2da7f
2019-10-20 17:40:32,951 [grpc-default-executor-2] INFO  impl.RoleInfo (RoleInfo.java:shutdownFollowerState(121)) - 7b1e61a0-7daf-43dd-99d5-9b325c1d31ae: shutdown FollowerState
2019-10-20 17:40:32,951 [grpc-default-executor-1] INFO  impl.RoleInfo (RoleInfo.java:shutdownFollowerState(121)) - 8a63e1ae-032e-4bed-9f20-125a11f65413: shutdown FollowerState
2019-10-20 17:40:32,951 [Thread-1942] INFO  impl.FollowerState (FollowerState.java:run(117)) - 7b1e61a0-7daf-43dd-99d5-9b325c1d31ae@group-091950D56227-FollowerState was interrupted: java.lang.InterruptedException: sleep interrupted
2019-10-20 17:40:32,951 [grpc-default-executor-2] INFO  impl.RoleInfo (RoleInfo.java:updateAndGet(143)) - 7b1e61a0-7daf-43dd-99d5-9b325c1d31ae: start FollowerState
2019-10-20 17:40:32,951 [Thread-1941] INFO  impl.FollowerState (FollowerState.java:run(117)) - 8a63e1ae-032e-4bed-9f20-125a11f65413@group-091950D56227-FollowerState was interrupted: java.lang.InterruptedException: sleep interrupted
2019-10-20 17:40:32,951 [grpc-default-executor-1] INFO  impl.RoleInfo (RoleInfo.java:updateAndGet(143)) - 8a63e1ae-032e-4bed-9f20-125a11f65413: start FollowerState
2019-10-20 17:40:32,983 [8f18dce1-0a3d-4b65-9c78-af3d58b2da7f@group-091950D56227-LeaderElection269] INFO  impl.LeaderElection (LeaderElection.java:logAndReturn(56)) - 8f18dce1-0a3d-4b65-9c78-af3d58b2da7f@group-091950D56227-LeaderElection269: Election REJECTED; received 2 response(s) [8f18dce1-0a3d-4b65-9c78-af3d58b2da7f<-8a63e1ae-032e-4bed-9f20-125a11f65413#0:FAIL-t321, 8f18dce1-0a3d-4b65-9c78-af3d58b2da7f<-7b1e61a0-7daf-43dd-99d5-9b325c1d31ae#0:FAIL-t321] and 0 exception(s); 8f18dce1-0a3d-4b65-9c78-af3d58b2da7f@group-091950D56227:t321, leader=null, voted=8f18dce1-0a3d-4b65-9c78-af3d58b2da7f, raftlog=8f18dce1-0a3d-4b65-9c78-af3d58b2da7f@group-091950D56227-SegmentedRaftLog:OPENED:c-1,f-1,i0, conf=-1: [8a63e1ae-032e-4bed-9f20-125a11f65413:0.0.0.0:38685, 8f18dce1-0a3d-4b65-9c78-af3d58b2da7f:0.0.0.0:42489, 7b1e61a0-7daf-43dd-99d5-9b325c1d31ae:0.0.0.0:38412], old=null
2019-10-20 17:40:32,983 [8f18dce1-0a3d-4b65-9c78-af3d58b2da7f@group-091950D56227-LeaderElection269] INFO  impl.RaftServerImpl (RaftServerImpl.java:setRole(184)) - 8f18dce1-0a3d-4b65-9c78-af3d58b2da7f@group-091950D56227: changes role from CANDIDATE to FOLLOWER at term 321 for DISCOVERED_A_NEW_TERM
2019-10-20 17:40:32,983 [8f18dce1-0a3d-4b65-9c78-af3d58b2da7f@group-091950D56227-LeaderElection269] INFO  impl.RoleInfo (RoleInfo.java:shutdownLeaderElection(134)) - 8f18dce1-0a3d-4b65-9c78-af3d58b2da7f: shutdown LeaderElection
2019-10-20 17:40:32,984 [8f18dce1-0a3d-4b65-9c78-af3d58b2da7f@group-091950D56227-LeaderElection269] INFO  impl.RoleInfo (RoleInfo.java:updateAndGet(143)) - 8f18dce1-0a3d-4b65-9c78-af3d58b2da7f: start FollowerState
2019-10-20 17:40:33,138 [Thread-1947] INFO  impl.FollowerState (FollowerState.java:run(108)) - 8f18dce1-0a3d-4b65-9c78-af3d58b2da7f@group-091950D56227-FollowerState: change to CANDIDATE, lastRpcTime:154ms, electionTimeout:154ms
2019-10-20 17:40:33,138 [Thread-1947] INFO  impl.RoleInfo (RoleInfo.java:shutdownFollowerState(121)) - 8f18dce1-0a3d-4b65-9c78-af3d58b2da7f: shutdown FollowerState
2019-10-20 17:40:33,139 [Thread-1947] INFO  impl.RaftServerImpl (RaftServerImpl.java:setRole(184)) - 8f18dce1-0a3d-4b65-9c78-af3d58b2da7f@group-091950D56227: changes role from  FOLLOWER to CANDIDATE at term 321 for changeToCandidate
2019-10-20 17:40:33,139 [Thread-1947] INFO  impl.RoleInfo (RoleInfo.java:updateAndGet(143)) - 8f18dce1-0a3d-4b65-9c78-af3d58b2da7f: start LeaderElection
2019-10-20 17:40:33,166 [8f18dce1-0a3d-4b65-9c78-af3d58b2da7f@group-091950D56227-LeaderElection270] INFO  impl.LeaderElection (LeaderElection.java:askForVotes(178)) - 8f18dce1-0a3d-4b65-9c78-af3d58b2da7f@group-091950D56227-LeaderElection270: begin an election at term 322 for -1: [8a63e1ae-032e-4bed-9f20-125a11f65413:0.0.0.0:38685, 8f18dce1-0a3d-4b65-9c78-af3d58b2da7f:0.0.0.0:42489, 7b1e61a0-7daf-43dd-99d5-9b325c1d31ae:0.0.0.0:38412], old=null
2019-10-20 17:40:33,168 [grpc-default-executor-2] INFO  impl.RaftServerImpl (RaftServerImpl.java:setRole(184)) - 7b1e61a0-7daf-43dd-99d5-9b325c1d31ae@group-091950D56227: changes role from  FOLLOWER to FOLLOWER at term 322 for recognizeCandidate:8f18dce1-0a3d-4b65-9c78-af3d58b2da7f
2019-10-20 17:40:33,168 [grpc-default-executor-2] INFO  impl.RoleInfo (RoleInfo.java:shutdownFollowerState(121)) - 7b1e61a0-7daf-43dd-99d5-9b325c1d31ae: shutdown FollowerState
2019-10-20 17:40:33,168 [grpc-default-executor-1] INFO  impl.RaftServerImpl (RaftServerImpl.java:setRole(184)) - 8a63e1ae-032e-4bed-9f20-125a11f65413@group-091950D56227: changes role from  FOLLOWER to FOLLOWER at term 322 for recognizeCandidate:8f18dce1-0a3d-4b65-9c78-af3d58b2da7f
2019-10-20 17:40:33,168 [grpc-default-executor-1] INFO  impl.RoleInfo (RoleInfo.java:shutdownFollowerState(121)) - 8a63e1ae-032e-4bed-9f20-125a11f65413: shutdown FollowerState
2019-10-20 17:40:33,168 [Thread-1945] INFO  impl.FollowerState (FollowerState.java:run(117)) - 7b1e61a0-7daf-43dd-99d5-9b325c1d31ae@group-091950D56227-FollowerState was interrupted: java.lang.InterruptedException: sleep interrupted
2019-10-20 17:40:33,168 [grpc-default-executor-2] INFO  impl.RoleInfo (RoleInfo.java:updateAndGet(143)) - 7b1e61a0-7daf-43dd-99d5-9b325c1d31ae: start FollowerState
2019-10-20 17:40:33,169 [Thread-1946] INFO  impl.FollowerState (FollowerState.java:run(117)) - 8a63e1ae-032e-4bed-9f20-125a11f65413@group-091950D56227-FollowerState was interrupted: java.lang.InterruptedException: sleep interrupted
2019-10-20 17:40:33,169 [grpc-default-executor-1] INFO  impl.RoleInfo (RoleInfo.java:updateAndGet(143)) - 8a63e1ae-032e-4bed-9f20-125a11f65413: start FollowerState
2019-10-20 17:40:33,192 [8f18dce1-0a3d-4b65-9c78-af3d58b2da7f@group-091950D56227-LeaderElection270] INFO  impl.LeaderElection (LeaderElection.java:logAndReturn(56)) - 8f18dce1-0a3d-4b65-9c78-af3d58b2da7f@group-091950D56227-LeaderElection270: Election REJECTED; received 2 response(s) [8f18dce1-0a3d-4b65-9c78-af3d58b2da7f<-8a63e1ae-032e-4bed-9f20-125a11f65413#0:FAIL-t322, 8f18dce1-0a3d-4b65-9c78-af3d58b2da7f<-7b1e61a0-7daf-43dd-99d5-9b325c1d31ae#0:FAIL-t322] and 0 exception(s); 8f18dce1-0a3d-4b65-9c78-af3d58b2da7f@group-091950D56227:t322, leader=null, voted=8f18dce1-0a3d-4b65-9c78-af3d58b2da7f, raftlog=8f18dce1-0a3d-4b65-9c78-af3d58b2da7f@group-091950D56227-SegmentedRaftLog:OPENED:c-1,f-1,i0, conf=-1: [8a63e1ae-032e-4bed-9f20-125a11f65413:0.0.0.0:38685, 8f18dce1-0a3d-4b65-9c78-af3d58b2da7f:0.0.0.0:42489, 7b1e61a0-7daf-43dd-99d5-9b325c1d31ae:0.0.0.0:38412], old=null
2019-10-20 17:40:33,192 [8f18dce1-0a3d-4b65-9c78-af3d58b2da7f@group-091950D56227-LeaderElection270] INFO  impl.RaftServerImpl (RaftServerImpl.java:setRole(184)) - 8f18dce1-0a3d-4b65-9c78-af3d58b2da7f@group-091950D56227: changes role from CANDIDATE to FOLLOWER at term 322 for DISCOVERED_A_NEW_TERM
2019-10-20 17:40:33,193 [8f18dce1-0a3d-4b65-9c78-af3d58b2da7f@group-091950D56227-LeaderElection270] INFO  impl.RoleInfo (RoleInfo.java:shutdownLeaderElection(134)) - 8f18dce1-0a3d-4b65-9c78-af3d58b2da7f: shutdown LeaderElection
2019-10-20 17:40:33,193 [8f18dce1-0a3d-4b65-9c78-af3d58b2da7f@group-091950D56227-LeaderElection270] INFO  impl.RoleInfo (RoleInfo.java:updateAndGet(143)) - 8f18dce1-0a3d-4b65-9c78-af3d58b2da7f: start FollowerState
2019-10-20 17:40:33,355 [Thread-1953] INFO  impl.FollowerState (FollowerState.java:run(108)) - 8f18dce1-0a3d-4b65-9c78-af3d58b2da7f@group-091950D56227-FollowerState: change to CANDIDATE, lastRpcTime:162ms, electionTimeout:162ms
2019-10-20 17:40:33,355 [Thread-1953] INFO  impl.RoleInfo (RoleInfo.java:shutdownFollowerState(121)) - 8f18dce1-0a3d-4b65-9c78-af3d58b2da7f: shutdown FollowerState
2019-10-20 17:40:33,355 [Thread-1953] INFO  impl.RaftServerImpl (RaftServerImpl.java:setRole(184)) - 8f18dce1-0a3d-4b65-9c78-af3d58b2da7f@group-091950D56227: changes role from  FOLLOWER to CANDIDATE at term 322 for changeToCandidate
2019-10-20 17:40:33,356 [Thread-1953] INFO  impl.RoleInfo (RoleInfo.java:updateAndGet(143)) - 8f18dce1-0a3d-4b65-9c78-af3d58b2da7f: start LeaderElection
2019-10-20 17:40:33,385 [8f18dce1-0a3d-4b65-9c78-af3d58b2da7f@group-091950D56227-LeaderElection271] INFO  impl.LeaderElection (LeaderElection.java:askForVotes(178)) - 8f18dce1-0a3d-4b65-9c78-af3d58b2da7f@group-091950D56227-LeaderElection271: begin an election at term 323 for -1: [8a63e1ae-032e-4bed-9f20-125a11f65413:0.0.0.0:38685, 8f18dce1-0a3d-4b65-9c78-af3d58b2da7f:0.0.0.0:42489, 7b1e61a0-7daf-43dd-99d5-9b325c1d31ae:0.0.0.0:38412], old=null
2019-10-20 17:40:33,387 [grpc-default-executor-1] INFO  impl.RaftServerImpl (RaftServerImpl.java:setRole(184)) - 7b1e61a0-7daf-43dd-99d5-9b325c1d31ae@group-091950D56227: changes role from  FOLLOWER to FOLLOWER at term 323 for recognizeCandidate:8f18dce1-0a3d-4b65-9c78-af3d58b2da7f
2019-10-20 17:40:33,387 [grpc-default-executor-2] INFO  impl.RaftServerImpl (RaftServerImpl.java:setRole(184)) - 8a63e1ae-032e-4bed-9f20-125a11f65413@group-091950D56227: changes role from  FOLLOWER to FOLLOWER at term 323 for recognizeCandidate:8f18dce1-0a3d-4b65-9c78-af3d58b2da7f
2019-10-20 17:40:33,387 [grpc-default-executor-1] INFO  impl.RoleInfo (RoleInfo.java:shutdownFollowerState(121)) - 7b1e61a0-7daf-43dd-99d5-9b325c1d31ae: shutdown FollowerState
2019-10-20 17:40:33,387 [grpc-default-executor-2] INFO  impl.RoleInfo (RoleInfo.java:shutdownFollowerState(121)) - 8a63e1ae-032e-4bed-9f20-125a11f65413: shutdown FollowerState
2019-10-20 17:40:33,388 [Thread-1951] INFO  impl.FollowerState (FollowerState.java:run(117)) - 7b1e61a0-7daf-43dd-99d5-9b325c1d31ae@group-091950D56227-FollowerState was interrupted: java.lang.InterruptedException: sleep interrupted
2019-10-20 17:40:33,388 [grpc-default-executor-1] INFO  impl.RoleInfo (RoleInfo.java:updateAndGet(143)) - 7b1e61a0-7daf-43dd-99d5-9b325c1d31ae: start FollowerState
2019-10-20 17:40:33,388 [Thread-1952] INFO  impl.FollowerState (FollowerState.java:run(117)) - 8a63e1ae-032e-4bed-9f20-125a11f65413@group-091950D56227-FollowerState was interrupted: java.lang.InterruptedException: sleep interrupted
2019-10-20 17:40:33,388 [grpc-default-executor-2] INFO  impl.RoleInfo (RoleInfo.java:updateAndGet(143)) - 8a63e1ae-032e-4bed-9f20-125a11f65413: start FollowerState
2019-10-20 17:40:33,411 [8f18dce1-0a3d-4b65-9c78-af3d58b2da7f@group-091950D56227-LeaderElection271] INFO  impl.LeaderElection (LeaderElection.java:logAndReturn(56)) - 8f18dce1-0a3d-4b65-9c78-af3d58b2da7f@group-091950D56227-LeaderElection271: Election REJECTED; received 2 response(s) [8f18dce1-0a3d-4b65-9c78-af3d58b2da7f<-8a63e1ae-032e-4bed-9f20-125a11f65413#0:FAIL-t323, 8f18dce1-0a3d-4b65-9c78-af3d58b2da7f<-7b1e61a0-7daf-43dd-99d5-9b325c1d31ae#0:FAIL-t323] and 0 exception(s); 8f18dce1-0a3d-4b65-9c78-af3d58b2da7f@group-091950D56227:t323, leader=null, voted=8f18dce1-0a3d-4b65-9c78-af3d58b2da7f, raftlog=8f18dce1-0a3d-4b65-9c78-af3d58b2da7f@group-091950D56227-SegmentedRaftLog:OPENED:c-1,f-1,i0, conf=-1: [8a63e1ae-032e-4bed-9f20-125a11f65413:0.0.0.0:38685, 8f18dce1-0a3d-4b65-9c78-af3d58b2da7f:0.0.0.0:42489, 7b1e61a0-7daf-43dd-99d5-9b325c1d31ae:0.0.0.0:38412], old=null
2019-10-20 17:40:33,412 [8f18dce1-0a3d-4b65-9c78-af3d58b2da7f@group-091950D56227-LeaderElection271] INFO  impl.RaftServerImpl (RaftServerImpl.java:setRole(184)) - 8f18dce1-0a3d-4b65-9c78-af3d58b2da7f@group-091950D56227: changes role from CANDIDATE to FOLLOWER at term 323 for DISCOVERED_A_NEW_TERM
2019-10-20 17:40:33,412 [8f18dce1-0a3d-4b65-9c78-af3d58b2da7f@group-091950D56227-LeaderElection271] INFO  impl.RoleInfo (RoleInfo.java:shutdownLeaderElection(134)) - 8f18dce1-0a3d-4b65-9c78-af3d58b2da7f: shutdown LeaderElection
2019-10-20 17:40:33,412 [8f18dce1-0a3d-4b65-9c78-af3d58b2da7f@group-091950D56227-LeaderElection271] INFO  impl.RoleInfo (RoleInfo.java:updateAndGet(143)) - 8f18dce1-0a3d-4b65-9c78-af3d58b2da7f: start FollowerState
2019-10-20 17:40:33,603 [Thread-1961] INFO  impl.FollowerState (FollowerState.java:run(108)) - 8f18dce1-0a3d-4b65-9c78-af3d58b2da7f@group-091950D56227-FollowerState: change to CANDIDATE, lastRpcTime:191ms, electionTimeout:191ms
2019-10-20 17:40:33,603 [Thread-1961] INFO  impl.RoleInfo (RoleInfo.java:shutdownFollowerState(121)) - 8f18dce1-0a3d-4b65-9c78-af3d58b2da7f: shutdown FollowerState
2019-10-20 17:40:33,604 [Thread-1961] INFO  impl.RaftServerImpl (RaftServerImpl.java:setRole(184)) - 8f18dce1-0a3d-4b65-9c78-af3d58b2da7f@group-091950D56227: changes role from  FOLLOWER to CANDIDATE at term 323 for changeToCandidate
2019-10-20 17:40:33,604 [Thread-1961] INFO  impl.RoleInfo (RoleInfo.java:updateAndGet(143)) - 8f18dce1-0a3d-4b65-9c78-af3d58b2da7f: start LeaderElection
2019-10-20 17:40:33,628 [8f18dce1-0a3d-4b65-9c78-af3d58b2da7f@group-091950D56227-LeaderElection272] INFO  impl.LeaderElection (LeaderElection.java:askForVotes(178)) - 8f18dce1-0a3d-4b65-9c78-af3d58b2da7f@group-091950D56227-LeaderElection272: begin an election at term 324 for -1: [8a63e1ae-032e-4bed-9f20-125a11f65413:0.0.0.0:38685, 8f18dce1-0a3d-4b65-9c78-af3d58b2da7f:0.0.0.0:42489, 7b1e61a0-7daf-43dd-99d5-9b325c1d31ae:0.0.0.0:38412], old=null
2019-10-20 17:40:33,630 [grpc-default-executor-2] INFO  impl.RaftServerImpl (RaftServerImpl.java:setRole(184)) - 8a63e1ae-032e-4bed-9f20-125a11f65413@group-091950D56227: changes role from  FOLLOWER to FOLLOWER at term 324 for recognizeCandidate:8f18dce1-0a3d-4b65-9c78-af3d58b2da7f
2019-10-20 17:40:33,630 [grpc-default-executor-1] INFO  impl.RaftServerImpl (RaftServerImpl.java:setRole(184)) - 7b1e61a0-7daf-43dd-99d5-9b325c1d31ae@group-091950D56227: changes role from  FOLLOWER to FOLLOWER at term 324 for recognizeCandidate:8f18dce1-0a3d-4b65-9c78-af3d58b2da7f
2019-10-20 17:40:33,630 [grpc-default-executor-2] INFO  impl.RoleInfo (RoleInfo.java:shutdownFollowerState(121)) - 8a63e1ae-032e-4bed-9f20-125a11f65413: shutdown FollowerState
2019-10-20 17:40:33,630 [grpc-default-executor-1] INFO  impl.RoleInfo (RoleInfo.java:shutdownFollowerState(121)) - 7b1e61a0-7daf-43dd-99d5-9b325c1d31ae: shutdown FollowerState
2019-10-20 17:40:33,630 [Thread-1960] INFO  impl.FollowerState (FollowerState.java:run(117)) - 8a63e1ae-032e-4bed-9f20-125a11f65413@group-091950D56227-FollowerState was interrupted: java.lang.InterruptedException: sleep interrupted
2019-10-20 17:40:33,630 [grpc-default-executor-2] INFO  impl.RoleInfo (RoleInfo.java:updateAndGet(143)) - 8a63e1ae-032e-4bed-9f20-125a11f65413: start FollowerState
2019-10-20 17:40:33,630 [Thread-1959] INFO  impl.FollowerState (FollowerState.java:run(117)) - 7b1e61a0-7daf-43dd-99d5-9b325c1d31ae@group-091950D56227-FollowerState was interrupted: java.lang.InterruptedException: sleep interrupted
2019-10-20 17:40:33,630 [grpc-default-executor-1] INFO  impl.RoleInfo (RoleInfo.java:updateAndGet(143)) - 7b1e61a0-7daf-43dd-99d5-9b325c1d31ae: start FollowerState
2019-10-20 17:40:33,654 [8f18dce1-0a3d-4b65-9c78-af3d58b2da7f@group-091950D56227-LeaderElection272] INFO  impl.LeaderElection (LeaderElection.java:logAndReturn(56)) - 8f18dce1-0a3d-4b65-9c78-af3d58b2da7f@group-091950D56227-LeaderElection272: Election REJECTED; received 2 response(s) [8f18dce1-0a3d-4b65-9c78-af3d58b2da7f<-8a63e1ae-032e-4bed-9f20-125a11f65413#0:FAIL-t324, 8f18dce1-0a3d-4b65-9c78-af3d58b2da7f<-7b1e61a0-7daf-43dd-99d5-9b325c1d31ae#0:FAIL-t324] and 0 exception(s); 8f18dce1-0a3d-4b65-9c78-af3d58b2da7f@group-091950D56227:t324, leader=null, voted=8f18dce1-0a3d-4b65-9c78-af3d58b2da7f, raftlog=8f18dce1-0a3d-4b65-9c78-af3d58b2da7f@group-091950D56227-SegmentedRaftLog:OPENED:c-1,f-1,i0, conf=-1: [8a63e1ae-032e-4bed-9f20-125a11f65413:0.0.0.0:38685, 8f18dce1-0a3d-4b65-9c78-af3d58b2da7f:0.0.0.0:42489, 7b1e61a0-7daf-43dd-99d5-9b325c1d31ae:0.0.0.0:38412], old=null
2019-10-20 17:40:33,654 [8f18dce1-0a3d-4b65-9c78-af3d58b2da7f@group-091950D56227-LeaderElection272] INFO  impl.RaftServerImpl (RaftServerImpl.java:setRole(184)) - 8f18dce1-0a3d-4b65-9c78-af3d58b2da7f@group-091950D56227: changes role from CANDIDATE to FOLLOWER at term 324 for DISCOVERED_A_NEW_TERM
2019-10-20 17:40:33,654 [8f18dce1-0a3d-4b65-9c78-af3d58b2da7f@group-091950D56227-LeaderElection272] INFO  impl.RoleInfo (RoleInfo.java:shutdownLeaderElection(134)) - 8f18dce1-0a3d-4b65-9c78-af3d58b2da7f: shutdown LeaderElection
2019-10-20 17:40:33,654 [8f18dce1-0a3d-4b65-9c78-af3d58b2da7f@group-091950D56227-LeaderElection272] INFO  impl.RoleInfo (RoleInfo.java:updateAndGet(143)) - 8f18dce1-0a3d-4b65-9c78-af3d58b2da7f: start FollowerState
2019-10-20 17:40:33,786 [Thread-1967] INFO  impl.FollowerState (FollowerState.java:run(108)) - 8f18dce1-0a3d-4b65-9c78-af3d58b2da7f@group-091950D56227-FollowerState: change to CANDIDATE, lastRpcTime:131ms, electionTimeout:131ms
2019-10-20 17:40:33,786 [Thread-1967] INFO  impl.RoleInfo (RoleInfo.java:shutdownFollowerState(121)) - 8f18dce1-0a3d-4b65-9c78-af3d58b2da7f: shutdown FollowerState
2019-10-20 17:40:33,786 [Thread-1967] INFO  impl.RaftServerImpl (RaftServerImpl.java:setRole(184)) - 8f18dce1-0a3d-4b65-9c78-af3d58b2da7f@group-091950D56227: changes role from  FOLLOWER to CANDIDATE at term 324 for changeToCandidate
2019-10-20 17:40:33,786 [Thread-1967] INFO  impl.RoleInfo (RoleInfo.java:updateAndGet(143)) - 8f18dce1-0a3d-4b65-9c78-af3d58b2da7f: start LeaderElection
2019-10-20 17:40:33,812 [8f18dce1-0a3d-4b65-9c78-af3d58b2da7f@group-091950D56227-LeaderElection273] INFO  impl.LeaderElection (LeaderElection.java:askForVotes(178)) - 8f18dce1-0a3d-4b65-9c78-af3d58b2da7f@group-091950D56227-LeaderElection273: begin an election at term 325 for -1: [8a63e1ae-032e-4bed-9f20-125a11f65413:0.0.0.0:38685, 8f18dce1-0a3d-4b65-9c78-af3d58b2da7f:0.0.0.0:42489, 7b1e61a0-7daf-43dd-99d5-9b325c1d31ae:0.0.0.0:38412], old=null
2019-10-20 17:40:33,814 [grpc-default-executor-1] INFO  impl.RaftServerImpl (RaftServerImpl.java:setRole(184)) - 8a63e1ae-032e-4bed-9f20-125a11f65413@group-091950D56227: changes role from  FOLLOWER to FOLLOWER at term 325 for recognizeCandidate:8f18dce1-0a3d-4b65-9c78-af3d58b2da7f
2019-10-20 17:40:33,814 [grpc-default-executor-1] INFO  impl.RoleInfo (RoleInfo.java:shutdownFollowerState(121)) - 8a63e1ae-032e-4bed-9f20-125a11f65413: shutdown FollowerState
2019-10-20 17:40:33,814 [grpc-default-executor-1] INFO  impl.RoleInfo (RoleInfo.java:updateAndGet(143)) - 8a63e1ae-032e-4bed-9f20-125a11f65413: start FollowerState
2019-10-20 17:40:33,814 [Thread-1965] INFO  impl.FollowerState (FollowerState.java:run(117)) - 8a63e1ae-032e-4bed-9f20-125a11f65413@group-091950D56227-FollowerState was interrupted: java.lang.InterruptedException: sleep interrupted
2019-10-20 17:40:33,814 [grpc-default-executor-2] INFO  impl.RaftServerImpl (RaftServerImpl.java:setRole(184)) - 7b1e61a0-7daf-43dd-99d5-9b325c1d31ae@group-091950D56227: changes role from  FOLLOWER to FOLLOWER at term 325 for recognizeCandidate:8f18dce1-0a3d-4b65-9c78-af3d58b2da7f
2019-10-20 17:40:33,815 [grpc-default-executor-2] INFO  impl.RoleInfo (RoleInfo.java:shutdownFollowerState(121)) - 7b1e61a0-7daf-43dd-99d5-9b325c1d31ae: shutdown FollowerState
2019-10-20 17:40:33,815 [grpc-default-executor-2] INFO  impl.RoleInfo (RoleInfo.java:updateAndGet(143)) - 7b1e61a0-7daf-43dd-99d5-9b325c1d31ae: start FollowerState
2019-10-20 17:40:33,815 [Thread-1966] INFO  impl.FollowerState (FollowerState.java:run(117)) - 7b1e61a0-7daf-43dd-99d5-9b325c1d31ae@group-091950D56227-FollowerState was interrupted: java.lang.InterruptedException: sleep interrupted
2019-10-20 17:40:33,830 [8f18dce1-0a3d-4b65-9c78-af3d58b2da7f@group-091950D56227-LeaderElection273] INFO  impl.LeaderElection (LeaderElection.java:logAndReturn(56)) - 8f18dce1-0a3d-4b65-9c78-af3d58b2da7f@group-091950D56227-LeaderElection273: Election REJECTED; received 2 response(s) [8f18dce1-0a3d-4b65-9c78-af3d58b2da7f<-8a63e1ae-032e-4bed-9f20-125a11f65413#0:FAIL-t325, 8f18dce1-0a3d-4b65-9c78-af3d58b2da7f<-7b1e61a0-7daf-43dd-99d5-9b325c1d31ae#0:FAIL-t325] and 0 exception(s); 8f18dce1-0a3d-4b65-9c78-af3d58b2da7f@group-091950D56227:t325, leader=null, voted=8f18dce1-0a3d-4b65-9c78-af3d58b2da7f, raftlog=8f18dce1-0a3d-4b65-9c78-af3d58b2da7f@group-091950D56227-SegmentedRaftLog:OPENED:c-1,f-1,i0, conf=-1: [8a63e1ae-032e-4bed-9f20-125a11f65413:0.0.0.0:38685, 8f18dce1-0a3d-4b65-9c78-af3d58b2da7f:0.0.0.0:42489, 7b1e61a0-7daf-43dd-99d5-9b325c1d31ae:0.0.0.0:38412], old=null
2019-10-20 17:40:33,830 [8f18dce1-0a3d-4b65-9c78-af3d58b2da7f@group-091950D56227-LeaderElection273] INFO  impl.RaftServerImpl (RaftServerImpl.java:setRole(184)) - 8f18dce1-0a3d-4b65-9c78-af3d58b2da7f@group-091950D56227: changes role from CANDIDATE to FOLLOWER at term 325 for DISCOVERED_A_NEW_TERM
2019-10-20 17:40:33,830 [8f18dce1-0a3d-4b65-9c78-af3d58b2da7f@group-091950D56227-LeaderElection273] INFO  impl.RoleInfo (RoleInfo.java:shutdownLeaderElection(134)) - 8f18dce1-0a3d-4b65-9c78-af3d58b2da7f: shutdown LeaderElection
2019-10-20 17:40:33,831 [8f18dce1-0a3d-4b65-9c78-af3d58b2da7f@group-091950D56227-LeaderElection273] INFO  impl.RoleInfo (RoleInfo.java:updateAndGet(143)) - 8f18dce1-0a3d-4b65-9c78-af3d58b2da7f: start FollowerState
2019-10-20 17:40:33,930 [Thread-1973] INFO  impl.FollowerState (FollowerState.java:run(108)) - 8f18dce1-0a3d-4b65-9c78-af3d58b2da7f@group-091950D56227-FollowerState: change to CANDIDATE, lastRpcTime:99ms, electionTimeout:99ms
2019-10-20 17:40:33,930 [Thread-1973] INFO  impl.RoleInfo (RoleInfo.java:shutdownFollowerState(121)) - 8f18dce1-0a3d-4b65-9c78-af3d58b2da7f: shutdown FollowerState
2019-10-20 17:40:33,930 [Thread-1973] INFO  impl.RaftServerImpl (RaftServerImpl.java:setRole(184)) - 8f18dce1-0a3d-4b65-9c78-af3d58b2da7f@group-091950D56227: changes role from  FOLLOWER to CANDIDATE at term 325 for changeToCandidate
2019-10-20 17:40:33,930 [Thread-1973] INFO  impl.RoleInfo (RoleInfo.java:updateAndGet(143)) - 8f18dce1-0a3d-4b65-9c78-af3d58b2da7f: start LeaderElection
2019-10-20 17:40:33,955 [8f18dce1-0a3d-4b65-9c78-af3d58b2da7f@group-091950D56227-LeaderElection274] INFO  impl.LeaderElection (LeaderElection.java:askForVotes(178)) - 8f18dce1-0a3d-4b65-9c78-af3d58b2da7f@group-091950D56227-LeaderElection274: begin an election at term 326 for -1: [8a63e1ae-032e-4bed-9f20-125a11f65413:0.0.0.0:38685, 8f18dce1-0a3d-4b65-9c78-af3d58b2da7f:0.0.0.0:42489, 7b1e61a0-7daf-43dd-99d5-9b325c1d31ae:0.0.0.0:38412], old=null
2019-10-20 17:40:33,956 [grpc-default-executor-1] INFO  impl.RaftServerImpl (RaftServerImpl.java:setRole(184)) - 7b1e61a0-7daf-43dd-99d5-9b325c1d31ae@group-091950D56227: changes role from  FOLLOWER to FOLLOWER at term 326 for recognizeCandidate:8f18dce1-0a3d-4b65-9c78-af3d58b2da7f
2019-10-20 17:40:33,956 [grpc-default-executor-2] INFO  impl.RaftServerImpl (RaftServerImpl.java:setRole(184)) - 8a63e1ae-032e-4bed-9f20-125a11f65413@group-091950D56227: changes role from  FOLLOWER to FOLLOWER at term 326 for recognizeCandidate:8f18dce1-0a3d-4b65-9c78-af3d58b2da7f
2019-10-20 17:40:33,957 [grpc-default-executor-1] INFO  impl.RoleInfo (RoleInfo.java:shutdownFollowerState(121)) - 7b1e61a0-7daf-43dd-99d5-9b325c1d31ae: shutdown FollowerState
2019-10-20 17:40:33,957 [grpc-default-executor-2] INFO  impl.RoleInfo (RoleInfo.java:shutdownFollowerState(121)) - 8a63e1ae-032e-4bed-9f20-125a11f65413: shutdown FollowerState
2019-10-20 17:40:33,957 [grpc-default-executor-1] INFO  impl.RoleInfo (RoleInfo.java:updateAndGet(143)) - 7b1e61a0-7daf-43dd-99d5-9b325c1d31ae: start FollowerState
2019-10-20 17:40:33,957 [Thread-1972] INFO  impl.FollowerState (FollowerState.java:run(117)) - 7b1e61a0-7daf-43dd-99d5-9b325c1d31ae@group-091950D56227-FollowerState was interrupted: java.lang.InterruptedException: sleep interrupted
2019-10-20 17:40:33,957 [Thread-1971] INFO  impl.FollowerState (FollowerState.java:run(117)) - 8a63e1ae-032e-4bed-9f20-125a11f65413@group-091950D56227-FollowerState was interrupted: java.lang.InterruptedException: sleep interrupted
2019-10-20 17:40:33,957 [grpc-default-executor-2] INFO  impl.RoleInfo (RoleInfo.java:updateAndGet(143)) - 8a63e1ae-032e-4bed-9f20-125a11f65413: start FollowerState
2019-10-20 17:40:33,981 [8f18dce1-0a3d-4b65-9c78-af3d58b2da7f@group-091950D56227-LeaderElection274] INFO  impl.LeaderElection (LeaderElection.java:logAndReturn(56)) - 8f18dce1-0a3d-4b65-9c78-af3d58b2da7f@group-091950D56227-LeaderElection274: Election REJECTED; received 2 response(s) [8f18dce1-0a3d-4b65-9c78-af3d58b2da7f<-8a63e1ae-032e-4bed-9f20-125a11f65413#0:FAIL-t326, 8f18dce1-0a3d-4b65-9c78-af3d58b2da7f<-7b1e61a0-7daf-43dd-99d5-9b325c1d31ae#0:FAIL-t326] and 0 exception(s); 8f18dce1-0a3d-4b65-9c78-af3d58b2da7f@group-091950D56227:t326, leader=null, voted=8f18dce1-0a3d-4b65-9c78-af3d58b2da7f, raftlog=8f18dce1-0a3d-4b65-9c78-af3d58b2da7f@group-091950D56227-SegmentedRaftLog:OPENED:c-1,f-1,i0, conf=-1: [8a63e1ae-032e-4bed-9f20-125a11f65413:0.0.0.0:38685, 8f18dce1-0a3d-4b65-9c78-af3d58b2da7f:0.0.0.0:42489, 7b1e61a0-7daf-43dd-99d5-9b325c1d31ae:0.0.0.0:38412], old=null
2019-10-20 17:40:33,981 [8f18dce1-0a3d-4b65-9c78-af3d58b2da7f@group-091950D56227-LeaderElection274] INFO  impl.RaftServerImpl (RaftServerImpl.java:setRole(184)) - 8f18dce1-0a3d-4b65-9c78-af3d58b2da7f@group-091950D56227: changes role from CANDIDATE to FOLLOWER at term 326 for DISCOVERED_A_NEW_TERM
2019-10-20 17:40:33,981 [8f18dce1-0a3d-4b65-9c78-af3d58b2da7f@group-091950D56227-LeaderElection274] INFO  impl.RoleInfo (RoleInfo.java:shutdownLeaderElection(134)) - 8f18dce1-0a3d-4b65-9c78-af3d58b2da7f: shutdown LeaderElection
2019-10-20 17:40:33,981 [8f18dce1-0a3d-4b65-9c78-af3d58b2da7f@group-091950D56227-LeaderElection274] INFO  impl.RoleInfo (RoleInfo.java:updateAndGet(143)) - 8f18dce1-0a3d-4b65-9c78-af3d58b2da7f: start FollowerState
2019-10-20 17:40:34,040 [Thread-1979] INFO  impl.FollowerState (FollowerState.java:run(108)) - 8f18dce1-0a3d-4b65-9c78-af3d58b2da7f@group-091950D56227-FollowerState: change to CANDIDATE, lastRpcTime:58ms, electionTimeout:58ms
2019-10-20 17:40:34,040 [Thread-1979] INFO  impl.RoleInfo (RoleInfo.java:shutdownFollowerState(121)) - 8f18dce1-0a3d-4b65-9c78-af3d58b2da7f: shutdown FollowerState
2019-10-20 17:40:34,040 [Thread-1979] INFO  impl.RaftServerImpl (RaftServerImpl.java:setRole(184)) - 8f18dce1-0a3d-4b65-9c78-af3d58b2da7f@group-091950D56227: changes role from  FOLLOWER to CANDIDATE at term 326 for changeToCandidate
2019-10-20 17:40:34,040 [Thread-1979] INFO  impl.RoleInfo (RoleInfo.java:updateAndGet(143)) - 8f18dce1-0a3d-4b65-9c78-af3d58b2da7f: start LeaderElection
2019-10-20 17:40:34,064 [8f18dce1-0a3d-4b65-9c78-af3d58b2da7f@group-091950D56227-LeaderElection275] INFO  impl.LeaderElection (LeaderElection.java:askForVotes(178)) - 8f18dce1-0a3d-4b65-9c78-af3d58b2da7f@group-091950D56227-LeaderElection275: begin an election at term 327 for -1: [8a63e1ae-032e-4bed-9f20-125a11f65413:0.0.0.0:38685, 8f18dce1-0a3d-4b65-9c78-af3d58b2da7f:0.0.0.0:42489, 7b1e61a0-7daf-43dd-99d5-9b325c1d31ae:0.0.0.0:38412], old=null
2019-10-20 17:40:34,067 [grpc-default-executor-2] INFO  impl.RaftServerImpl (RaftServerImpl.java:setRole(184)) - 7b1e61a0-7daf-43dd-99d5-9b325c1d31ae@group-091950D56227: changes role from  FOLLOWER to FOLLOWER at term 327 for recognizeCandidate:8f18dce1-0a3d-4b65-9c78-af3d58b2da7f
2019-10-20 17:40:34,067 [grpc-default-executor-2] INFO  impl.RoleInfo (RoleInfo.java:shutdownFollowerState(121)) - 7b1e61a0-7daf-43dd-99d5-9b325c1d31ae: shutdown FollowerState
2019-10-20 17:40:34,067 [grpc-default-executor-2] INFO  impl.RoleInfo (RoleInfo.java:updateAndGet(143)) - 7b1e61a0-7daf-43dd-99d5-9b325c1d31ae: start FollowerState
2019-10-20 17:40:34,067 [grpc-default-executor-1] INFO  impl.RaftServerImpl (RaftServerImpl.java:setRole(184)) - 8a63e1ae-032e-4bed-9f20-125a11f65413@group-091950D56227: changes role from  FOLLOWER to FOLLOWER at term 327 for recognizeCandidate:8f18dce1-0a3d-4b65-9c78-af3d58b2da7f
2019-10-20 17:40:34,067 [grpc-default-executor-1] INFO  impl.RoleInfo (RoleInfo.java:shutdownFollowerState(121)) - 8a63e1ae-032e-4bed-9f20-125a11f65413: shutdown FollowerState
2019-10-20 17:40:34,067 [Thread-1977] INFO  impl.FollowerState (FollowerState.java:run(117)) - 7b1e61a0-7daf-43dd-99d5-9b325c1d31ae@group-091950D56227-FollowerState was interrupted: java.lang.InterruptedException: sleep interrupted
2019-10-20 17:40:34,068 [Thread-1978] INFO  impl.FollowerState (FollowerState.java:run(117)) - 8a63e1ae-032e-4bed-9f20-125a11f65413@group-091950D56227-FollowerState was interrupted: java.lang.InterruptedException: sleep interrupted
2019-10-20 17:40:34,068 [grpc-default-executor-1] INFO  impl.RoleInfo (RoleInfo.java:updateAndGet(143)) - 8a63e1ae-032e-4bed-9f20-125a11f65413: start FollowerState
2019-10-20 17:40:34,090 [8f18dce1-0a3d-4b65-9c78-af3d58b2da7f@group-091950D56227-LeaderElection275] INFO  impl.LeaderElection (LeaderElection.java:logAndReturn(56)) - 8f18dce1-0a3d-4b65-9c78-af3d58b2da7f@group-091950D56227-LeaderElection275: Election REJECTED; received 2 response(s) [8f18dce1-0a3d-4b65-9c78-af3d58b2da7f<-8a63e1ae-032e-4bed-9f20-125a11f65413#0:FAIL-t327, 8f18dce1-0a3d-4b65-9c78-af3d58b2da7f<-7b1e61a0-7daf-43dd-99d5-9b325c1d31ae#0:FAIL-t327] and 0 exception(s); 8f18dce1-0a3d-4b65-9c78-af3d58b2da7f@group-091950D56227:t327, leader=null, voted=8f18dce1-0a3d-4b65-9c78-af3d58b2da7f, raftlog=8f18dce1-0a3d-4b65-9c78-af3d58b2da7f@group-091950D56227-SegmentedRaftLog:OPENED:c-1,f-1,i0, conf=-1: [8a63e1ae-032e-4bed-9f20-125a11f65413:0.0.0.0:38685, 8f18dce1-0a3d-4b65-9c78-af3d58b2da7f:0.0.0.0:42489, 7b1e61a0-7daf-43dd-99d5-9b325c1d31ae:0.0.0.0:38412], old=null
2019-10-20 17:40:34,090 [8f18dce1-0a3d-4b65-9c78-af3d58b2da7f@group-091950D56227-LeaderElection275] INFO  impl.RaftServerImpl (RaftServerImpl.java:setRole(184)) - 8f18dce1-0a3d-4b65-9c78-af3d58b2da7f@group-091950D56227: changes role from CANDIDATE to FOLLOWER at term 327 for DISCOVERED_A_NEW_TERM
2019-10-20 17:40:34,091 [8f18dce1-0a3d-4b65-9c78-af3d58b2da7f@group-091950D56227-LeaderElection275] INFO  impl.RoleInfo (RoleInfo.java:shutdownLeaderElection(134)) - 8f18dce1-0a3d-4b65-9c78-af3d58b2da7f: shutdown LeaderElection
2019-10-20 17:40:34,091 [8f18dce1-0a3d-4b65-9c78-af3d58b2da7f@group-091950D56227-LeaderElection275] INFO  impl.RoleInfo (RoleInfo.java:updateAndGet(143)) - 8f18dce1-0a3d-4b65-9c78-af3d58b2da7f: start FollowerState
2019-10-20 17:40:34,236 [Thread-1985] INFO  impl.FollowerState (FollowerState.java:run(108)) - 8f18dce1-0a3d-4b65-9c78-af3d58b2da7f@group-091950D56227-FollowerState: change to CANDIDATE, lastRpcTime:145ms, electionTimeout:145ms
2019-10-20 17:40:34,236 [Thread-1985] INFO  impl.RoleInfo (RoleInfo.java:shutdownFollowerState(121)) - 8f18dce1-0a3d-4b65-9c78-af3d58b2da7f: shutdown FollowerState
2019-10-20 17:40:34,236 [Thread-1985] INFO  impl.RaftServerImpl (RaftServerImpl.java:setRole(184)) - 8f18dce1-0a3d-4b65-9c78-af3d58b2da7f@group-091950D56227: changes role from  FOLLOWER to CANDIDATE at term 327 for changeToCandidate
2019-10-20 17:40:34,237 [Thread-1985] INFO  impl.RoleInfo (RoleInfo.java:updateAndGet(143)) - 8f18dce1-0a3d-4b65-9c78-af3d58b2da7f: start LeaderElection
2019-10-20 17:40:34,265 [8f18dce1-0a3d-4b65-9c78-af3d58b2da7f@group-091950D56227-LeaderElection276] INFO  impl.LeaderElection (LeaderElection.java:askForVotes(178)) - 8f18dce1-0a3d-4b65-9c78-af3d58b2da7f@group-091950D56227-LeaderElection276: begin an election at term 328 for -1: [8a63e1ae-032e-4bed-9f20-125a11f65413:0.0.0.0:38685, 8f18dce1-0a3d-4b65-9c78-af3d58b2da7f:0.0.0.0:42489, 7b1e61a0-7daf-43dd-99d5-9b325c1d31ae:0.0.0.0:38412], old=null
2019-10-20 17:40:34,267 [grpc-default-executor-2] INFO  impl.RaftServerImpl (RaftServerImpl.java:setRole(184)) - 8a63e1ae-032e-4bed-9f20-125a11f65413@group-091950D56227: changes role from  FOLLOWER to FOLLOWER at term 328 for recognizeCandidate:8f18dce1-0a3d-4b65-9c78-af3d58b2da7f
2019-10-20 17:40:34,267 [grpc-default-executor-1] INFO  impl.RaftServerImpl (RaftServerImpl.java:setRole(184)) - 7b1e61a0-7daf-43dd-99d5-9b325c1d31ae@group-091950D56227: changes role from  FOLLOWER to FOLLOWER at term 328 for recognizeCandidate:8f18dce1-0a3d-4b65-9c78-af3d58b2da7f
2019-10-20 17:40:34,267 [grpc-default-executor-2] INFO  impl.RoleInfo (RoleInfo.java:shutdownFollowerState(121)) - 8a63e1ae-032e-4bed-9f20-125a11f65413: shutdown FollowerState
2019-10-20 17:40:34,267 [grpc-default-executor-1] INFO  impl.RoleInfo (RoleInfo.java:shutdownFollowerState(121)) - 7b1e61a0-7daf-43dd-99d5-9b325c1d31ae: shutdown FollowerState
2019-10-20 17:40:34,267 [grpc-default-executor-2] INFO  impl.RoleInfo (RoleInfo.java:updateAndGet(143)) - 8a63e1ae-032e-4bed-9f20-125a11f65413: start FollowerState
2019-10-20 17:40:34,267 [Thread-1983] INFO  impl.FollowerState (FollowerState.java:run(117)) - 7b1e61a0-7daf-43dd-99d5-9b325c1d31ae@group-091950D56227-FollowerState was interrupted: java.lang.InterruptedException: sleep interrupted
2019-10-20 17:40:34,267 [Thread-1984] INFO  impl.FollowerState (FollowerState.java:run(117)) - 8a63e1ae-032e-4bed-9f20-125a11f65413@group-091950D56227-FollowerState was interrupted: java.lang.InterruptedException: sleep interrupted
2019-10-20 17:40:34,267 [grpc-default-executor-1] INFO  impl.RoleInfo (RoleInfo.java:updateAndGet(143)) - 7b1e61a0-7daf-43dd-99d5-9b325c1d31ae: start FollowerState
2019-10-20 17:40:34,291 [8f18dce1-0a3d-4b65-9c78-af3d58b2da7f@group-091950D56227-LeaderElection276] INFO  impl.LeaderElection (LeaderElection.java:logAndReturn(56)) - 8f18dce1-0a3d-4b65-9c78-af3d58b2da7f@group-091950D56227-LeaderElection276: Election REJECTED; received 2 response(s) [8f18dce1-0a3d-4b65-9c78-af3d58b2da7f<-8a63e1ae-032e-4bed-9f20-125a11f65413#0:FAIL-t328, 8f18dce1-0a3d-4b65-9c78-af3d58b2da7f<-7b1e61a0-7daf-43dd-99d5-9b325c1d31ae#0:FAIL-t328] and 0 exception(s); 8f18dce1-0a3d-4b65-9c78-af3d58b2da7f@group-091950D56227:t328, leader=null, voted=8f18dce1-0a3d-4b65-9c78-af3d58b2da7f, raftlog=8f18dce1-0a3d-4b65-9c78-af3d58b2da7f@group-091950D56227-SegmentedRaftLog:OPENED:c-1,f-1,i0, conf=-1: [8a63e1ae-032e-4bed-9f20-125a11f65413:0.0.0.0:38685, 8f18dce1-0a3d-4b65-9c78-af3d58b2da7f:0.0.0.0:42489, 7b1e61a0-7daf-43dd-99d5-9b325c1d31ae:0.0.0.0:38412], old=null
2019-10-20 17:40:34,291 [8f18dce1-0a3d-4b65-9c78-af3d58b2da7f@group-091950D56227-LeaderElection276] INFO  impl.RaftServerImpl (RaftServerImpl.java:setRole(184)) - 8f18dce1-0a3d-4b65-9c78-af3d58b2da7f@group-091950D56227: changes role from CANDIDATE to FOLLOWER at term 328 for DISCOVERED_A_NEW_TERM
2019-10-20 17:40:34,291 [8f18dce1-0a3d-4b65-9c78-af3d58b2da7f@group-091950D56227-LeaderElection276] INFO  impl.RoleInfo (RoleInfo.java:shutdownLeaderElection(134)) - 8f18dce1-0a3d-4b65-9c78-af3d58b2da7f: shutdown LeaderElection
2019-10-20 17:40:34,291 [8f18dce1-0a3d-4b65-9c78-af3d58b2da7f@group-091950D56227-LeaderElection276] INFO  impl.RoleInfo (RoleInfo.java:updateAndGet(143)) - 8f18dce1-0a3d-4b65-9c78-af3d58b2da7f: start FollowerState
2019-10-20 17:40:34,313 [Thread-1993] INFO  impl.FollowerState (FollowerState.java:run(108)) - 8f18dce1-0a3d-4b65-9c78-af3d58b2da7f@group-091950D56227-FollowerState: change to CANDIDATE, lastRpcTime:21ms, electionTimeout:21ms
2019-10-20 17:40:34,313 [Thread-1993] INFO  impl.RoleInfo (RoleInfo.java:shutdownFollowerState(121)) - 8f18dce1-0a3d-4b65-9c78-af3d58b2da7f: shutdown FollowerState
2019-10-20 17:40:34,313 [Thread-1993] INFO  impl.RaftServerImpl (RaftServerImpl.java:setRole(184)) - 8f18dce1-0a3d-4b65-9c78-af3d58b2da7f@group-091950D56227: changes role from  FOLLOWER to CANDIDATE at term 328 for changeToCandidate
2019-10-20 17:40:34,313 [Thread-1993] INFO  impl.RoleInfo (RoleInfo.java:updateAndGet(143)) - 8f18dce1-0a3d-4b65-9c78-af3d58b2da7f: start LeaderElection
2019-10-20 17:40:34,341 [8f18dce1-0a3d-4b65-9c78-af3d58b2da7f@group-091950D56227-LeaderElection277] INFO  impl.LeaderElection (LeaderElection.java:askForVotes(178)) - 8f18dce1-0a3d-4b65-9c78-af3d58b2da7f@group-091950D56227-LeaderElection277: begin an election at term 329 for -1: [8a63e1ae-032e-4bed-9f20-125a11f65413:0.0.0.0:38685, 8f18dce1-0a3d-4b65-9c78-af3d58b2da7f:0.0.0.0:42489, 7b1e61a0-7daf-43dd-99d5-9b325c1d31ae:0.0.0.0:38412], old=null
2019-10-20 17:40:34,342 [grpc-default-executor-1] INFO  impl.RaftServerImpl (RaftServerImpl.java:setRole(184)) - 7b1e61a0-7daf-43dd-99d5-9b325c1d31ae@group-091950D56227: changes role from  FOLLOWER to FOLLOWER at term 329 for recognizeCandidate:8f18dce1-0a3d-4b65-9c78-af3d58b2da7f
2019-10-20 17:40:34,342 [grpc-default-executor-2] INFO  impl.RaftServerImpl (RaftServerImpl.java:setRole(184)) - 8a63e1ae-032e-4bed-9f20-125a11f65413@group-091950D56227: changes role from  FOLLOWER to FOLLOWER at term 329 for recognizeCandidate:8f18dce1-0a3d-4b65-9c78-af3d58b2da7f
2019-10-20 17:40:34,343 [grpc-default-executor-2] INFO  impl.RoleInfo (RoleInfo.java:shutdownFollowerState(121)) - 8a63e1ae-032e-4bed-9f20-125a11f65413: shutdown FollowerState
2019-10-20 17:40:34,343 [grpc-default-executor-1] INFO  impl.RoleInfo (RoleInfo.java:shutdownFollowerState(121)) - 7b1e61a0-7daf-43dd-99d5-9b325c1d31ae: shutdown FollowerState
2019-10-20 17:40:34,343 [Thread-1989] INFO  impl.FollowerState (FollowerState.java:run(117)) - 8a63e1ae-032e-4bed-9f20-125a11f65413@group-091950D56227-FollowerState was interrupted: java.lang.InterruptedException: sleep interrupted
2019-10-20 17:40:34,343 [grpc-default-executor-2] INFO  impl.RoleInfo (RoleInfo.java:updateAndGet(143)) - 8a63e1ae-032e-4bed-9f20-125a11f65413: start FollowerState
2019-10-20 17:40:34,343 [Thread-1990] INFO  impl.FollowerState (FollowerState.java:run(117)) - 7b1e61a0-7daf-43dd-99d5-9b325c1d31ae@group-091950D56227-FollowerState was interrupted: java.lang.InterruptedException: sleep interrupted
2019-10-20 17:40:34,343 [grpc-default-executor-1] INFO  impl.RoleInfo (RoleInfo.java:updateAndGet(143)) - 7b1e61a0-7daf-43dd-99d5-9b325c1d31ae: start FollowerState
2019-10-20 17:40:34,359 [8f18dce1-0a3d-4b65-9c78-af3d58b2da7f@group-091950D56227-LeaderElection277] INFO  impl.LeaderElection (LeaderElection.java:logAndReturn(56)) - 8f18dce1-0a3d-4b65-9c78-af3d58b2da7f@group-091950D56227-LeaderElection277: Election REJECTED; received 2 response(s) [8f18dce1-0a3d-4b65-9c78-af3d58b2da7f<-8a63e1ae-032e-4bed-9f20-125a11f65413#0:FAIL-t329, 8f18dce1-0a3d-4b65-9c78-af3d58b2da7f<-7b1e61a0-7daf-43dd-99d5-9b325c1d31ae#0:FAIL-t329] and 0 exception(s); 8f18dce1-0a3d-4b65-9c78-af3d58b2da7f@group-091950D56227:t329, leader=null, voted=8f18dce1-0a3d-4b65-9c78-af3d58b2da7f, raftlog=8f18dce1-0a3d-4b65-9c78-af3d58b2da7f@group-091950D56227-SegmentedRaftLog:OPENED:c-1,f-1,i0, conf=-1: [8a63e1ae-032e-4bed-9f20-125a11f65413:0.0.0.0:38685, 8f18dce1-0a3d-4b65-9c78-af3d58b2da7f:0.0.0.0:42489, 7b1e61a0-7daf-43dd-99d5-9b325c1d31ae:0.0.0.0:38412], old=null
2019-10-20 17:40:34,359 [8f18dce1-0a3d-4b65-9c78-af3d58b2da7f@group-091950D56227-LeaderElection277] INFO  impl.RaftServerImpl (RaftServerImpl.java:setRole(184)) - 8f18dce1-0a3d-4b65-9c78-af3d58b2da7f@group-091950D56227: changes role from CANDIDATE to FOLLOWER at term 329 for DISCOVERED_A_NEW_TERM
2019-10-20 17:40:34,359 [8f18dce1-0a3d-4b65-9c78-af3d58b2da7f@group-091950D56227-LeaderElection277] INFO  impl.RoleInfo (RoleInfo.java:shutdownLeaderElection(134)) - 8f18dce1-0a3d-4b65-9c78-af3d58b2da7f: shutdown LeaderElection
2019-10-20 17:40:34,359 [8f18dce1-0a3d-4b65-9c78-af3d58b2da7f@group-091950D56227-LeaderElection277] INFO  impl.RoleInfo (RoleInfo.java:updateAndGet(143)) - 8f18dce1-0a3d-4b65-9c78-af3d58b2da7f: start FollowerState
2019-10-20 17:40:34,383 [Thread-1999] INFO  impl.FollowerState (FollowerState.java:run(108)) - 8f18dce1-0a3d-4b65-9c78-af3d58b2da7f@group-091950D56227-FollowerState: change to CANDIDATE, lastRpcTime:24ms, electionTimeout:24ms
2019-10-20 17:40:34,384 [Thread-1999] INFO  impl.RoleInfo (RoleInfo.java:shutdownFollowerState(121)) - 8f18dce1-0a3d-4b65-9c78-af3d58b2da7f: shutdown FollowerState
2019-10-20 17:40:34,384 [Thread-1999] INFO  impl.RaftServerImpl (RaftServerImpl.java:setRole(184)) - 8f18dce1-0a3d-4b65-9c78-af3d58b2da7f@group-091950D56227: changes role from  FOLLOWER to CANDIDATE at term 329 for changeToCandidate
2019-10-20 17:40:34,384 [Thread-1999] INFO  impl.RoleInfo (RoleInfo.java:updateAndGet(143)) - 8f18dce1-0a3d-4b65-9c78-af3d58b2da7f: start LeaderElection
2019-10-20 17:40:34,409 [8f18dce1-0a3d-4b65-9c78-af3d58b2da7f@group-091950D56227-LeaderElection278] INFO  impl.LeaderElection (LeaderElection.java:askForVotes(178)) - 8f18dce1-0a3d-4b65-9c78-af3d58b2da7f@group-091950D56227-LeaderElection278: begin an election at term 330 for -1: [8a63e1ae-032e-4bed-9f20-125a11f65413:0.0.0.0:38685, 8f18dce1-0a3d-4b65-9c78-af3d58b2da7f:0.0.0.0:42489, 7b1e61a0-7daf-43dd-99d5-9b325c1d31ae:0.0.0.0:38412], old=null
2019-10-20 17:40:34,410 [grpc-default-executor-1] INFO  impl.RaftServerImpl (RaftServerImpl.java:setRole(184)) - 7b1e61a0-7daf-43dd-99d5-9b325c1d31ae@group-091950D56227: changes role from  FOLLOWER to FOLLOWER at term 330 for recognizeCandidate:8f18dce1-0a3d-4b65-9c78-af3d58b2da7f
2019-10-20 17:40:34,410 [grpc-default-executor-1] INFO  impl.RoleInfo (RoleInfo.java:shutdownFollowerState(121)) - 7b1e61a0-7daf-43dd-99d5-9b325c1d31ae: shutdown FollowerState
2019-10-20 17:40:34,410 [grpc-default-executor-2] INFO  impl.RaftServerImpl (RaftServerImpl.java:setRole(184)) - 8a63e1ae-032e-4bed-9f20-125a11f65413@group-091950D56227: changes role from  FOLLOWER to FOLLOWER at term 330 for recognizeCandidate:8f18dce1-0a3d-4b65-9c78-af3d58b2da7f
2019-10-20 17:40:34,410 [Thread-1998] INFO  impl.FollowerState (FollowerState.java:run(117)) - 7b1e61a0-7daf-43dd-99d5-9b325c1d31ae@group-091950D56227-FollowerState was interrupted: java.lang.InterruptedException: sleep interrupted
2019-10-20 17:40:34,410 [grpc-default-executor-1] INFO  impl.RoleInfo (RoleInfo.java:updateAndGet(143)) - 7b1e61a0-7daf-43dd-99d5-9b325c1d31ae: start FollowerState
2019-10-20 17:40:34,410 [grpc-default-executor-2] INFO  impl.RoleInfo (RoleInfo.java:shutdownFollowerState(121)) - 8a63e1ae-032e-4bed-9f20-125a11f65413: shutdown FollowerState
2019-10-20 17:40:34,411 [Thread-1997] INFO  impl.FollowerState (FollowerState.java:run(117)) - 8a63e1ae-032e-4bed-9f20-125a11f65413@group-091950D56227-FollowerState was interrupted: java.lang.InterruptedException: sleep interrupted
2019-10-20 17:40:34,411 [grpc-default-executor-2] INFO  impl.RoleInfo (RoleInfo.java:updateAndGet(143)) - 8a63e1ae-032e-4bed-9f20-125a11f65413: start FollowerState
2019-10-20 17:40:34,435 [8f18dce1-0a3d-4b65-9c78-af3d58b2da7f@group-091950D56227-LeaderElection278] INFO  impl.LeaderElection (LeaderElection.java:logAndReturn(56)) - 8f18dce1-0a3d-4b65-9c78-af3d58b2da7f@group-091950D56227-LeaderElection278: Election REJECTED; received 2 response(s) [8f18dce1-0a3d-4b65-9c78-af3d58b2da7f<-8a63e1ae-032e-4bed-9f20-125a11f65413#0:FAIL-t330, 8f18dce1-0a3d-4b65-9c78-af3d58b2da7f<-7b1e61a0-7daf-43dd-99d5-9b325c1d31ae#0:FAIL-t330] and 0 exception(s); 8f18dce1-0a3d-4b65-9c78-af3d58b2da7f@group-091950D56227:t330, leader=null, voted=8f18dce1-0a3d-4b65-9c78-af3d58b2da7f, raftlog=8f18dce1-0a3d-4b65-9c78-af3d58b2da7f@group-091950D56227-SegmentedRaftLog:OPENED:c-1,f-1,i0, conf=-1: [8a63e1ae-032e-4bed-9f20-125a11f65413:0.0.0.0:38685, 8f18dce1-0a3d-4b65-9c78-af3d58b2da7f:0.0.0.0:42489, 7b1e61a0-7daf-43dd-99d5-9b325c1d31ae:0.0.0.0:38412], old=null
2019-10-20 17:40:34,435 [8f18dce1-0a3d-4b65-9c78-af3d58b2da7f@group-091950D56227-LeaderElection278] INFO  impl.RaftServerImpl (RaftServerImpl.java:setRole(184)) - 8f18dce1-0a3d-4b65-9c78-af3d58b2da7f@group-091950D56227: changes role from CANDIDATE to FOLLOWER at term 330 for DISCOVERED_A_NEW_TERM
2019-10-20 17:40:34,435 [8f18dce1-0a3d-4b65-9c78-af3d58b2da7f@group-091950D56227-LeaderElection278] INFO  impl.RoleInfo (RoleInfo.java:shutdownLeaderElection(134)) - 8f18dce1-0a3d-4b65-9c78-af3d58b2da7f: shutdown LeaderElection
2019-10-20 17:40:34,435 [8f18dce1-0a3d-4b65-9c78-af3d58b2da7f@group-091950D56227-LeaderElection278] INFO  impl.RoleInfo (RoleInfo.java:updateAndGet(143)) - 8f18dce1-0a3d-4b65-9c78-af3d58b2da7f: start FollowerState
2019-10-20 17:40:34,515 [Thread-2005] INFO  impl.FollowerState (FollowerState.java:run(108)) - 8f18dce1-0a3d-4b65-9c78-af3d58b2da7f@group-091950D56227-FollowerState: change to CANDIDATE, lastRpcTime:80ms, electionTimeout:80ms
2019-10-20 17:40:34,515 [Thread-2005] INFO  impl.RoleInfo (RoleInfo.java:shutdownFollowerState(121)) - 8f18dce1-0a3d-4b65-9c78-af3d58b2da7f: shutdown FollowerState
2019-10-20 17:40:34,516 [Thread-2005] INFO  impl.RaftServerImpl (RaftServerImpl.java:setRole(184)) - 8f18dce1-0a3d-4b65-9c78-af3d58b2da7f@group-091950D56227: changes role from  FOLLOWER to CANDIDATE at term 330 for changeToCandidate
2019-10-20 17:40:34,516 [Thread-2005] INFO  impl.RoleInfo (RoleInfo.java:updateAndGet(143)) - 8f18dce1-0a3d-4b65-9c78-af3d58b2da7f: start LeaderElection
2019-10-20 17:40:34,543 [8f18dce1-0a3d-4b65-9c78-af3d58b2da7f@group-091950D56227-LeaderElection279] INFO  impl.LeaderElection (LeaderElection.java:askForVotes(178)) - 8f18dce1-0a3d-4b65-9c78-af3d58b2da7f@group-091950D56227-LeaderElection279: begin an election at term 331 for -1: [8a63e1ae-032e-4bed-9f20-125a11f65413:0.0.0.0:38685, 8f18dce1-0a3d-4b65-9c78-af3d58b2da7f:0.0.0.0:42489, 7b1e61a0-7daf-43dd-99d5-9b325c1d31ae:0.0.0.0:38412], old=null
2019-10-20 17:40:34,545 [grpc-default-executor-1] INFO  impl.RaftServerImpl (RaftServerImpl.java:setRole(184)) - 8a63e1ae-032e-4bed-9f20-125a11f65413@group-091950D56227: changes role from  FOLLOWER to FOLLOWER at term 331 for recognizeCandidate:8f18dce1-0a3d-4b65-9c78-af3d58b2da7f
2019-10-20 17:40:34,545 [grpc-default-executor-2] INFO  impl.RaftServerImpl (RaftServerImpl.java:setRole(184)) - 7b1e61a0-7daf-43dd-99d5-9b325c1d31ae@group-091950D56227: changes role from  FOLLOWER to FOLLOWER at term 331 for recognizeCandidate:8f18dce1-0a3d-4b65-9c78-af3d58b2da7f
2019-10-20 17:40:34,545 [grpc-default-executor-1] INFO  impl.RoleInfo (RoleInfo.java:shutdownFollowerState(121)) - 8a63e1ae-032e-4bed-9f20-125a11f65413: shutdown FollowerState
2019-10-20 17:40:34,545 [grpc-default-executor-2] INFO  impl.RoleInfo (RoleInfo.java:shutdownFollowerState(121)) - 7b1e61a0-7daf-43dd-99d5-9b325c1d31ae: shutdown FollowerState
2019-10-20 17:40:34,545 [Thread-2004] INFO  impl.FollowerState (FollowerState.java:run(117)) - 8a63e1ae-032e-4bed-9f20-125a11f65413@group-091950D56227-FollowerState was interrupted: java.lang.InterruptedException: sleep interrupted
2019-10-20 17:40:34,545 [grpc-default-executor-1] INFO  impl.RoleInfo (RoleInfo.java:updateAndGet(143)) - 8a63e1ae-032e-4bed-9f20-125a11f65413: start FollowerState
2019-10-20 17:40:34,545 [Thread-2003] INFO  impl.FollowerState (FollowerState.java:run(117)) - 7b1e61a0-7daf-43dd-99d5-9b325c1d31ae@group-091950D56227-FollowerState was interrupted: java.lang.InterruptedException: sleep interrupted
2019-10-20 17:40:34,545 [grpc-default-executor-2] INFO  impl.RoleInfo (RoleInfo.java:updateAndGet(143)) - 7b1e61a0-7daf-43dd-99d5-9b325c1d31ae: start FollowerState
2019-10-20 17:40:34,570 [8f18dce1-0a3d-4b65-9c78-af3d58b2da7f@group-091950D56227-LeaderElection279] INFO  impl.LeaderElection (LeaderElection.java:logAndReturn(56)) - 8f18dce1-0a3d-4b65-9c78-af3d58b2da7f@group-091950D56227-LeaderElection279: Election REJECTED; received 2 response(s) [8f18dce1-0a3d-4b65-9c78-af3d58b2da7f<-8a63e1ae-032e-4bed-9f20-125a11f65413#0:FAIL-t331, 8f18dce1-0a3d-4b65-9c78-af3d58b2da7f<-7b1e61a0-7daf-43dd-99d5-9b325c1d31ae#0:FAIL-t331] and 0 exception(s); 8f18dce1-0a3d-4b65-9c78-af3d58b2da7f@group-091950D56227:t331, leader=null, voted=8f18dce1-0a3d-4b65-9c78-af3d58b2da7f, raftlog=8f18dce1-0a3d-4b65-9c78-af3d58b2da7f@group-091950D56227-SegmentedRaftLog:OPENED:c-1,f-1,i0, conf=-1: [8a63e1ae-032e-4bed-9f20-125a11f65413:0.0.0.0:38685, 8f18dce1-0a3d-4b65-9c78-af3d58b2da7f:0.0.0.0:42489, 7b1e61a0-7daf-43dd-99d5-9b325c1d31ae:0.0.0.0:38412], old=null
2019-10-20 17:40:34,570 [8f18dce1-0a3d-4b65-9c78-af3d58b2da7f@group-091950D56227-LeaderElection279] INFO  impl.RaftServerImpl (RaftServerImpl.java:setRole(184)) - 8f18dce1-0a3d-4b65-9c78-af3d58b2da7f@group-091950D56227: changes role from CANDIDATE to FOLLOWER at term 331 for DISCOVERED_A_NEW_TERM
2019-10-20 17:40:34,570 [8f18dce1-0a3d-4b65-9c78-af3d58b2da7f@group-091950D56227-LeaderElection279] INFO  impl.RoleInfo (RoleInfo.java:shutdownLeaderElection(134)) - 8f18dce1-0a3d-4b65-9c78-af3d58b2da7f: shutdown LeaderElection
2019-10-20 17:40:34,570 [8f18dce1-0a3d-4b65-9c78-af3d58b2da7f@group-091950D56227-LeaderElection279] INFO  impl.RoleInfo (RoleInfo.java:updateAndGet(143)) - 8f18dce1-0a3d-4b65-9c78-af3d58b2da7f: start FollowerState
2019-10-20 17:40:34,667 [Thread-2011] INFO  impl.FollowerState (FollowerState.java:run(108)) - 8f18dce1-0a3d-4b65-9c78-af3d58b2da7f@group-091950D56227-FollowerState: change to CANDIDATE, lastRpcTime:96ms, electionTimeout:96ms
2019-10-20 17:40:34,667 [Thread-2011] INFO  impl.RoleInfo (RoleInfo.java:shutdownFollowerState(121)) - 8f18dce1-0a3d-4b65-9c78-af3d58b2da7f: shutdown FollowerState
2019-10-20 17:40:34,667 [Thread-2011] INFO  impl.RaftServerImpl (RaftServerImpl.java:setRole(184)) - 8f18dce1-0a3d-4b65-9c78-af3d58b2da7f@group-091950D56227: changes role from  FOLLOWER to CANDIDATE at term 331 for changeToCandidate
2019-10-20 17:40:34,667 [Thread-2011] INFO  impl.RoleInfo (RoleInfo.java:updateAndGet(143)) - 8f18dce1-0a3d-4b65-9c78-af3d58b2da7f: start LeaderElection
2019-10-20 17:40:34,693 [8f18dce1-0a3d-4b65-9c78-af3d58b2da7f@group-091950D56227-LeaderElection280] INFO  impl.LeaderElection (LeaderElection.java:askForVotes(178)) - 8f18dce1-0a3d-4b65-9c78-af3d58b2da7f@group-091950D56227-LeaderElection280: begin an election at term 332 for -1: [8a63e1ae-032e-4bed-9f20-125a11f65413:0.0.0.0:38685, 8f18dce1-0a3d-4b65-9c78-af3d58b2da7f:0.0.0.0:42489, 7b1e61a0-7daf-43dd-99d5-9b325c1d31ae:0.0.0.0:38412], old=null
2019-10-20 17:40:34,694 [grpc-default-executor-1] INFO  impl.RaftServerImpl (RaftServerImpl.java:setRole(184)) - 8a63e1ae-032e-4bed-9f20-125a11f65413@group-091950D56227: changes role from  FOLLOWER to FOLLOWER at term 332 for recognizeCandidate:8f18dce1-0a3d-4b65-9c78-af3d58b2da7f
2019-10-20 17:40:34,694 [grpc-default-executor-1] INFO  impl.RoleInfo (RoleInfo.java:shutdownFollowerState(121)) - 8a63e1ae-032e-4bed-9f20-125a11f65413: shutdown FollowerState
2019-10-20 17:40:34,694 [grpc-default-executor-1] INFO  impl.RoleInfo (RoleInfo.java:updateAndGet(143)) - 8a63e1ae-032e-4bed-9f20-125a11f65413: start FollowerState
2019-10-20 17:40:34,694 [grpc-default-executor-2] INFO  impl.RaftServerImpl (RaftServerImpl.java:setRole(184)) - 7b1e61a0-7daf-43dd-99d5-9b325c1d31ae@group-091950D56227: changes role from  FOLLOWER to FOLLOWER at term 332 for recognizeCandidate:8f18dce1-0a3d-4b65-9c78-af3d58b2da7f
2019-10-20 17:40:34,695 [grpc-default-executor-2] INFO  impl.RoleInfo (RoleInfo.java:shutdownFollowerState(121)) - 7b1e61a0-7daf-43dd-99d5-9b325c1d31ae: shutdown FollowerState
2019-10-20 17:40:34,695 [Thread-2009] INFO  impl.FollowerState (FollowerState.java:run(117)) - 8a63e1ae-032e-4bed-9f20-125a11f65413@group-091950D56227-FollowerState was interrupted: java.lang.InterruptedException: sleep interrupted
2019-10-20 17:40:34,695 [Thread-2010] INFO  impl.FollowerState (FollowerState.java:run(117)) - 7b1e61a0-7daf-43dd-99d5-9b325c1d31ae@group-091950D56227-FollowerState was interrupted: java.lang.InterruptedException: sleep interrupted
2019-10-20 17:40:34,695 [grpc-default-executor-2] INFO  impl.RoleInfo (RoleInfo.java:updateAndGet(143)) - 7b1e61a0-7daf-43dd-99d5-9b325c1d31ae: start FollowerState
2019-10-20 17:40:34,718 [8f18dce1-0a3d-4b65-9c78-af3d58b2da7f@group-091950D56227-LeaderElection280] INFO  impl.LeaderElection (LeaderElection.java:logAndReturn(56)) - 8f18dce1-0a3d-4b65-9c78-af3d58b2da7f@group-091950D56227-LeaderElection280: Election REJECTED; received 2 response(s) [8f18dce1-0a3d-4b65-9c78-af3d58b2da7f<-8a63e1ae-032e-4bed-9f20-125a11f65413#0:FAIL-t332, 8f18dce1-0a3d-4b65-9c78-af3d58b2da7f<-7b1e61a0-7daf-43dd-99d5-9b325c1d31ae#0:FAIL-t332] and 0 exception(s); 8f18dce1-0a3d-4b65-9c78-af3d58b2da7f@group-091950D56227:t332, leader=null, voted=8f18dce1-0a3d-4b65-9c78-af3d58b2da7f, raftlog=8f18dce1-0a3d-4b65-9c78-af3d58b2da7f@group-091950D56227-SegmentedRaftLog:OPENED:c-1,f-1,i0, conf=-1: [8a63e1ae-032e-4bed-9f20-125a11f65413:0.0.0.0:38685, 8f18dce1-0a3d-4b65-9c78-af3d58b2da7f:0.0.0.0:42489, 7b1e61a0-7daf-43dd-99d5-9b325c1d31ae:0.0.0.0:38412], old=null
2019-10-20 17:40:34,718 [8f18dce1-0a3d-4b65-9c78-af3d58b2da7f@group-091950D56227-LeaderElection280] INFO  impl.RaftServerImpl (RaftServerImpl.java:setRole(184)) - 8f18dce1-0a3d-4b65-9c78-af3d58b2da7f@group-091950D56227: changes role from CANDIDATE to FOLLOWER at term 332 for DISCOVERED_A_NEW_TERM
2019-10-20 17:40:34,718 [8f18dce1-0a3d-4b65-9c78-af3d58b2da7f@group-091950D56227-LeaderElection280] INFO  impl.RoleInfo (RoleInfo.java:shutdownLeaderElection(134)) - 8f18dce1-0a3d-4b65-9c78-af3d58b2da7f: shutdown LeaderElection
2019-10-20 17:40:34,718 [8f18dce1-0a3d-4b65-9c78-af3d58b2da7f@group-091950D56227-LeaderElection280] INFO  impl.RoleInfo (RoleInfo.java:updateAndGet(143)) - 8f18dce1-0a3d-4b65-9c78-af3d58b2da7f: start FollowerState
2019-10-20 17:40:34,781 [Thread-2017] INFO  impl.FollowerState (FollowerState.java:run(108)) - 8f18dce1-0a3d-4b65-9c78-af3d58b2da7f@group-091950D56227-FollowerState: change to CANDIDATE, lastRpcTime:62ms, electionTimeout:62ms
2019-10-20 17:40:34,781 [Thread-2017] INFO  impl.RoleInfo (RoleInfo.java:shutdownFollowerState(121)) - 8f18dce1-0a3d-4b65-9c78-af3d58b2da7f: shutdown FollowerState
2019-10-20 17:40:34,781 [Thread-2017] INFO  impl.RaftServerImpl (RaftServerImpl.java:setRole(184)) - 8f18dce1-0a3d-4b65-9c78-af3d58b2da7f@group-091950D56227: changes role from  FOLLOWER to CANDIDATE at term 332 for changeToCandidate
2019-10-20 17:40:34,781 [Thread-2017] INFO  impl.RoleInfo (RoleInfo.java:updateAndGet(143)) - 8f18dce1-0a3d-4b65-9c78-af3d58b2da7f: start LeaderElection
2019-10-20 17:40:34,804 [8f18dce1-0a3d-4b65-9c78-af3d58b2da7f@group-091950D56227-LeaderElection281] INFO  impl.LeaderElection (LeaderElection.java:askForVotes(178)) - 8f18dce1-0a3d-4b65-9c78-af3d58b2da7f@group-091950D56227-LeaderElection281: begin an election at term 333 for -1: [8a63e1ae-032e-4bed-9f20-125a11f65413:0.0.0.0:38685, 8f18dce1-0a3d-4b65-9c78-af3d58b2da7f:0.0.0.0:42489, 7b1e61a0-7daf-43dd-99d5-9b325c1d31ae:0.0.0.0:38412], old=null
2019-10-20 17:40:34,806 [grpc-default-executor-1] INFO  impl.RaftServerImpl (RaftServerImpl.java:setRole(184)) - 8a63e1ae-032e-4bed-9f20-125a11f65413@group-091950D56227: changes role from  FOLLOWER to FOLLOWER at term 333 for recognizeCandidate:8f18dce1-0a3d-4b65-9c78-af3d58b2da7f
2019-10-20 17:40:34,806 [grpc-default-executor-2] INFO  impl.RaftServerImpl (RaftServerImpl.java:setRole(184)) - 7b1e61a0-7daf-43dd-99d5-9b325c1d31ae@group-091950D56227: changes role from  FOLLOWER to FOLLOWER at term 333 for recognizeCandidate:8f18dce1-0a3d-4b65-9c78-af3d58b2da7f
2019-10-20 17:40:34,806 [grpc-default-executor-1] INFO  impl.RoleInfo (RoleInfo.java:shutdownFollowerState(121)) - 8a63e1ae-032e-4bed-9f20-125a11f65413: shutdown FollowerState
2019-10-20 17:40:34,806 [grpc-default-executor-2] INFO  impl.RoleInfo (RoleInfo.java:shutdownFollowerState(121)) - 7b1e61a0-7daf-43dd-99d5-9b325c1d31ae: shutdown FollowerState
2019-10-20 17:40:34,806 [Thread-2015] INFO  impl.FollowerState (FollowerState.java:run(117)) - 8a63e1ae-032e-4bed-9f20-125a11f65413@group-091950D56227-FollowerState was interrupted: java.lang.InterruptedException: sleep interrupted
2019-10-20 17:40:34,806 [grpc-default-executor-1] INFO  impl.RoleInfo (RoleInfo.java:updateAndGet(143)) - 8a63e1ae-032e-4bed-9f20-125a11f65413: start FollowerState
2019-10-20 17:40:34,807 [Thread-2016] INFO  impl.FollowerState (FollowerState.java:run(117)) - 7b1e61a0-7daf-43dd-99d5-9b325c1d31ae@group-091950D56227-FollowerState was interrupted: java.lang.InterruptedException: sleep interrupted
2019-10-20 17:40:34,806 [grpc-default-executor-2] INFO  impl.RoleInfo (RoleInfo.java:updateAndGet(143)) - 7b1e61a0-7daf-43dd-99d5-9b325c1d31ae: start FollowerState
2019-10-20 17:40:34,824 [8f18dce1-0a3d-4b65-9c78-af3d58b2da7f@group-091950D56227-LeaderElection281] INFO  impl.LeaderElection (LeaderElection.java:logAndReturn(56)) - 8f18dce1-0a3d-4b65-9c78-af3d58b2da7f@group-091950D56227-LeaderElection281: Election TIMEOUT; received 0 response(s) [] and 0 exception(s); 8f18dce1-0a3d-4b65-9c78-af3d58b2da7f@group-091950D56227:t333, leader=null, voted=8f18dce1-0a3d-4b65-9c78-af3d58b2da7f, raftlog=8f18dce1-0a3d-4b65-9c78-af3d58b2da7f@group-091950D56227-SegmentedRaftLog:OPENED:c-1,f-1,i0, conf=-1: [8a63e1ae-032e-4bed-9f20-125a11f65413:0.0.0.0:38685, 8f18dce1-0a3d-4b65-9c78-af3d58b2da7f:0.0.0.0:42489, 7b1e61a0-7daf-43dd-99d5-9b325c1d31ae:0.0.0.0:38412], old=null
2019-10-20 17:40:34,844 [8f18dce1-0a3d-4b65-9c78-af3d58b2da7f@group-091950D56227-LeaderElection281] INFO  impl.LeaderElection (LeaderElection.java:askForVotes(178)) - 8f18dce1-0a3d-4b65-9c78-af3d58b2da7f@group-091950D56227-LeaderElection281: begin an election at term 334 for -1: [8a63e1ae-032e-4bed-9f20-125a11f65413:0.0.0.0:38685, 8f18dce1-0a3d-4b65-9c78-af3d58b2da7f:0.0.0.0:42489, 7b1e61a0-7daf-43dd-99d5-9b325c1d31ae:0.0.0.0:38412], old=null
2019-10-20 17:40:34,845 [grpc-default-executor-2] INFO  impl.RaftServerImpl (RaftServerImpl.java:setRole(184)) - 8a63e1ae-032e-4bed-9f20-125a11f65413@group-091950D56227: changes role from  FOLLOWER to FOLLOWER at term 334 for recognizeCandidate:8f18dce1-0a3d-4b65-9c78-af3d58b2da7f
2019-10-20 17:40:34,845 [grpc-default-executor-1] INFO  impl.RaftServerImpl (RaftServerImpl.java:setRole(184)) - 7b1e61a0-7daf-43dd-99d5-9b325c1d31ae@group-091950D56227: changes role from  FOLLOWER to FOLLOWER at term 334 for recognizeCandidate:8f18dce1-0a3d-4b65-9c78-af3d58b2da7f
2019-10-20 17:40:34,846 [grpc-default-executor-1] INFO  impl.RoleInfo (RoleInfo.java:shutdownFollowerState(121)) - 7b1e61a0-7daf-43dd-99d5-9b325c1d31ae: shutdown FollowerState
2019-10-20 17:40:34,845 [grpc-default-executor-2] INFO  impl.RoleInfo (RoleInfo.java:shutdownFollowerState(121)) - 8a63e1ae-032e-4bed-9f20-125a11f65413: shutdown FollowerState
2019-10-20 17:40:34,846 [Thread-2022] INFO  impl.FollowerState (FollowerState.java:run(117)) - 7b1e61a0-7daf-43dd-99d5-9b325c1d31ae@group-091950D56227-FollowerState was interrupted: java.lang.InterruptedException: sleep interrupted
2019-10-20 17:40:34,846 [grpc-default-executor-1] INFO  impl.RoleInfo (RoleInfo.java:updateAndGet(143)) - 7b1e61a0-7daf-43dd-99d5-9b325c1d31ae: start FollowerState
2019-10-20 17:40:34,846 [Thread-2021] INFO  impl.FollowerState (FollowerState.java:run(117)) - 8a63e1ae-032e-4bed-9f20-125a11f65413@group-091950D56227-FollowerState was interrupted: java.lang.InterruptedException: sleep interrupted
2019-10-20 17:40:34,846 [grpc-default-executor-2] INFO  impl.RoleInfo (RoleInfo.java:updateAndGet(143)) - 8a63e1ae-032e-4bed-9f20-125a11f65413: start FollowerState
2019-10-20 17:40:34,867 [8f18dce1-0a3d-4b65-9c78-af3d58b2da7f@group-091950D56227-LeaderElection281] INFO  impl.LeaderElection (LeaderElection.java:logAndReturn(56)) - 8f18dce1-0a3d-4b65-9c78-af3d58b2da7f@group-091950D56227-LeaderElection281: Election REJECTED; received 2 response(s) [8f18dce1-0a3d-4b65-9c78-af3d58b2da7f<-8a63e1ae-032e-4bed-9f20-125a11f65413#0:FAIL-t334, 8f18dce1-0a3d-4b65-9c78-af3d58b2da7f<-7b1e61a0-7daf-43dd-99d5-9b325c1d31ae#0:FAIL-t334] and 0 exception(s); 8f18dce1-0a3d-4b65-9c78-af3d58b2da7f@group-091950D56227:t334, leader=null, voted=8f18dce1-0a3d-4b65-9c78-af3d58b2da7f, raftlog=8f18dce1-0a3d-4b65-9c78-af3d58b2da7f@group-091950D56227-SegmentedRaftLog:OPENED:c-1,f-1,i0, conf=-1: [8a63e1ae-032e-4bed-9f20-125a11f65413:0.0.0.0:38685, 8f18dce1-0a3d-4b65-9c78-af3d58b2da7f:0.0.0.0:42489, 7b1e61a0-7daf-43dd-99d5-9b325c1d31ae:0.0.0.0:38412], old=null
2019-10-20 17:40:34,867 [8f18dce1-0a3d-4b65-9c78-af3d58b2da7f@group-091950D56227-LeaderElection281] INFO  impl.RaftServerImpl (RaftServerImpl.java:setRole(184)) - 8f18dce1-0a3d-4b65-9c78-af3d58b2da7f@group-091950D56227: changes role from CANDIDATE to FOLLOWER at term 334 for DISCOVERED_A_NEW_TERM
2019-10-20 17:40:34,867 [8f18dce1-0a3d-4b65-9c78-af3d58b2da7f@group-091950D56227-LeaderElection281] INFO  impl.RoleInfo (RoleInfo.java:shutdownLeaderElection(134)) - 8f18dce1-0a3d-4b65-9c78-af3d58b2da7f: shutdown LeaderElection
2019-10-20 17:40:34,867 [8f18dce1-0a3d-4b65-9c78-af3d58b2da7f@group-091950D56227-LeaderElection281] INFO  impl.RoleInfo (RoleInfo.java:updateAndGet(143)) - 8f18dce1-0a3d-4b65-9c78-af3d58b2da7f: start FollowerState
2019-10-20 17:40:35,009 [Thread-2027] INFO  impl.FollowerState (FollowerState.java:run(108)) - 8f18dce1-0a3d-4b65-9c78-af3d58b2da7f@group-091950D56227-FollowerState: change to CANDIDATE, lastRpcTime:141ms, electionTimeout:141ms
2019-10-20 17:40:35,009 [Thread-2027] INFO  impl.RoleInfo (RoleInfo.java:shutdownFollowerState(121)) - 8f18dce1-0a3d-4b65-9c78-af3d58b2da7f: shutdown FollowerState
2019-10-20 17:40:35,009 [Thread-2027] INFO  impl.RaftServerImpl (RaftServerImpl.java:setRole(184)) - 8f18dce1-0a3d-4b65-9c78-af3d58b2da7f@group-091950D56227: changes role from  FOLLOWER to CANDIDATE at term 334 for changeToCandidate
2019-10-20 17:40:35,009 [Thread-2027] INFO  impl.RoleInfo (RoleInfo.java:updateAndGet(143)) - 8f18dce1-0a3d-4b65-9c78-af3d58b2da7f: start LeaderElection
2019-10-20 17:40:35,040 [8f18dce1-0a3d-4b65-9c78-af3d58b2da7f@group-091950D56227-LeaderElection282] INFO  impl.LeaderElection (LeaderElection.java:askForVotes(178)) - 8f18dce1-0a3d-4b65-9c78-af3d58b2da7f@group-091950D56227-LeaderElection282: begin an election at term 335 for -1: [8a63e1ae-032e-4bed-9f20-125a11f65413:0.0.0.0:38685, 8f18dce1-0a3d-4b65-9c78-af3d58b2da7f:0.0.0.0:42489, 7b1e61a0-7daf-43dd-99d5-9b325c1d31ae:0.0.0.0:38412], old=null
2019-10-20 17:40:35,041 [grpc-default-executor-1] INFO  impl.RaftServerImpl (RaftServerImpl.java:setRole(184)) - 8a63e1ae-032e-4bed-9f20-125a11f65413@group-091950D56227: changes role from  FOLLOWER to FOLLOWER at term 335 for recognizeCandidate:8f18dce1-0a3d-4b65-9c78-af3d58b2da7f
2019-10-20 17:40:35,042 [grpc-default-executor-1] INFO  impl.RoleInfo (RoleInfo.java:shutdownFollowerState(121)) - 8a63e1ae-032e-4bed-9f20-125a11f65413: shutdown FollowerState
2019-10-20 17:40:35,042 [grpc-default-executor-1] INFO  impl.RoleInfo (RoleInfo.java:updateAndGet(143)) - 8a63e1ae-032e-4bed-9f20-125a11f65413: start FollowerState
2019-10-20 17:40:35,042 [Thread-2026] INFO  impl.FollowerState (FollowerState.java:run(117)) - 8a63e1ae-032e-4bed-9f20-125a11f65413@group-091950D56227-FollowerState was interrupted: java.lang.InterruptedException: sleep interrupted
2019-10-20 17:40:35,042 [grpc-default-executor-2] INFO  impl.RaftServerImpl (RaftServerImpl.java:setRole(184)) - 7b1e61a0-7daf-43dd-99d5-9b325c1d31ae@group-091950D56227: changes role from  FOLLOWER to FOLLOWER at term 335 for recognizeCandidate:8f18dce1-0a3d-4b65-9c78-af3d58b2da7f
2019-10-20 17:40:35,042 [grpc-default-executor-2] INFO  impl.RoleInfo (RoleInfo.java:shutdownFollowerState(121)) - 7b1e61a0-7daf-43dd-99d5-9b325c1d31ae: shutdown FollowerState
2019-10-20 17:40:35,042 [grpc-default-executor-2] INFO  impl.RoleInfo (RoleInfo.java:updateAndGet(143)) - 7b1e61a0-7daf-43dd-99d5-9b325c1d31ae: start FollowerState
2019-10-20 17:40:35,042 [Thread-2025] INFO  impl.FollowerState (FollowerState.java:run(117)) - 7b1e61a0-7daf-43dd-99d5-9b325c1d31ae@group-091950D56227-FollowerState was interrupted: java.lang.InterruptedException: sleep interrupted
2019-10-20 17:40:35,083 [8f18dce1-0a3d-4b65-9c78-af3d58b2da7f@group-091950D56227-LeaderElection282] INFO  impl.LeaderElection (LeaderElection.java:logAndReturn(56)) - 8f18dce1-0a3d-4b65-9c78-af3d58b2da7f@group-091950D56227-LeaderElection282: Election REJECTED; received 2 response(s) [8f18dce1-0a3d-4b65-9c78-af3d58b2da7f<-8a63e1ae-032e-4bed-9f20-125a11f65413#0:FAIL-t335, 8f18dce1-0a3d-4b65-9c78-af3d58b2da7f<-7b1e61a0-7daf-43dd-99d5-9b325c1d31ae#0:FAIL-t335] and 0 exception(s); 8f18dce1-0a3d-4b65-9c78-af3d58b2da7f@group-091950D56227:t335, leader=null, voted=8f18dce1-0a3d-4b65-9c78-af3d58b2da7f, raftlog=8f18dce1-0a3d-4b65-9c78-af3d58b2da7f@group-091950D56227-SegmentedRaftLog:OPENED:c-1,f-1,i0, conf=-1: [8a63e1ae-032e-4bed-9f20-125a11f65413:0.0.0.0:38685, 8f18dce1-0a3d-4b65-9c78-af3d58b2da7f:0.0.0.0:42489, 7b1e61a0-7daf-43dd-99d5-9b325c1d31ae:0.0.0.0:38412], old=null
2019-10-20 17:40:35,083 [8f18dce1-0a3d-4b65-9c78-af3d58b2da7f@group-091950D56227-LeaderElection282] INFO  impl.RaftServerImpl (RaftServerImpl.java:setRole(184)) - 8f18dce1-0a3d-4b65-9c78-af3d58b2da7f@group-091950D56227: changes role from CANDIDATE to FOLLOWER at term 335 for DISCOVERED_A_NEW_TERM
2019-10-20 17:40:35,084 [8f18dce1-0a3d-4b65-9c78-af3d58b2da7f@group-091950D56227-LeaderElection282] INFO  impl.RoleInfo (RoleInfo.java:shutdownLeaderElection(134)) - 8f18dce1-0a3d-4b65-9c78-af3d58b2da7f: shutdown LeaderElection
2019-10-20 17:40:35,084 [8f18dce1-0a3d-4b65-9c78-af3d58b2da7f@group-091950D56227-LeaderElection282] INFO  impl.RoleInfo (RoleInfo.java:updateAndGet(143)) - 8f18dce1-0a3d-4b65-9c78-af3d58b2da7f: start FollowerState
2019-10-20 17:40:35,093 [Thread-2033] INFO  impl.FollowerState (FollowerState.java:run(108)) - 8f18dce1-0a3d-4b65-9c78-af3d58b2da7f@group-091950D56227-FollowerState: change to CANDIDATE, lastRpcTime:9ms, electionTimeout:9ms
2019-10-20 17:40:35,093 [Thread-2033] INFO  impl.RoleInfo (RoleInfo.java:shutdownFollowerState(121)) - 8f18dce1-0a3d-4b65-9c78-af3d58b2da7f: shutdown FollowerState
2019-10-20 17:40:35,093 [Thread-2033] INFO  impl.RaftServerImpl (RaftServerImpl.java:setRole(184)) - 8f18dce1-0a3d-4b65-9c78-af3d58b2da7f@group-091950D56227: changes role from  FOLLOWER to CANDIDATE at term 335 for changeToCandidate
2019-10-20 17:40:35,093 [Thread-2033] INFO  impl.RoleInfo (RoleInfo.java:updateAndGet(143)) - 8f18dce1-0a3d-4b65-9c78-af3d58b2da7f: start LeaderElection
2019-10-20 17:40:35,116 [8f18dce1-0a3d-4b65-9c78-af3d58b2da7f@group-091950D56227-LeaderElection283] INFO  impl.LeaderElection (LeaderElection.java:askForVotes(178)) - 8f18dce1-0a3d-4b65-9c78-af3d58b2da7f@group-091950D56227-LeaderElection283: begin an election at term 336 for -1: [8a63e1ae-032e-4bed-9f20-125a11f65413:0.0.0.0:38685, 8f18dce1-0a3d-4b65-9c78-af3d58b2da7f:0.0.0.0:42489, 7b1e61a0-7daf-43dd-99d5-9b325c1d31ae:0.0.0.0:38412], old=null
2019-10-20 17:40:35,118 [grpc-default-executor-1] INFO  impl.RaftServerImpl (RaftServerImpl.java:setRole(184)) - 8a63e1ae-032e-4bed-9f20-125a11f65413@group-091950D56227: changes role from  FOLLOWER to FOLLOWER at term 336 for recognizeCandidate:8f18dce1-0a3d-4b65-9c78-af3d58b2da7f
2019-10-20 17:40:35,118 [grpc-default-executor-1] INFO  impl.RoleInfo (RoleInfo.java:shutdownFollowerState(121)) - 8a63e1ae-032e-4bed-9f20-125a11f65413: shutdown FollowerState
2019-10-20 17:40:35,118 [grpc-default-executor-1] INFO  impl.RoleInfo (RoleInfo.java:updateAndGet(143)) - 8a63e1ae-032e-4bed-9f20-125a11f65413: start FollowerState
2019-10-20 17:40:35,118 [Thread-2031] INFO  impl.FollowerState (FollowerState.java:run(117)) - 8a63e1ae-032e-4bed-9f20-125a11f65413@group-091950D56227-FollowerState was interrupted: java.lang.InterruptedException: sleep interrupted
2019-10-20 17:40:35,118 [grpc-default-executor-2] INFO  impl.RaftServerImpl (RaftServerImpl.java:setRole(184)) - 7b1e61a0-7daf-43dd-99d5-9b325c1d31ae@group-091950D56227: changes role from  FOLLOWER to FOLLOWER at term 336 for recognizeCandidate:8f18dce1-0a3d-4b65-9c78-af3d58b2da7f
2019-10-20 17:40:35,118 [grpc-default-executor-2] INFO  impl.RoleInfo (RoleInfo.java:shutdownFollowerState(121)) - 7b1e61a0-7daf-43dd-99d5-9b325c1d31ae: shutdown FollowerState
2019-10-20 17:40:35,119 [grpc-default-executor-2] INFO  impl.RoleInfo (RoleInfo.java:updateAndGet(143)) - 7b1e61a0-7daf-43dd-99d5-9b325c1d31ae: start FollowerState
2019-10-20 17:40:35,119 [Thread-2032] INFO  impl.FollowerState (FollowerState.java:run(117)) - 7b1e61a0-7daf-43dd-99d5-9b325c1d31ae@group-091950D56227-FollowerState was interrupted: java.lang.InterruptedException: sleep interrupted
2019-10-20 17:40:35,134 [8f18dce1-0a3d-4b65-9c78-af3d58b2da7f@group-091950D56227-LeaderElection283] INFO  impl.LeaderElection (LeaderElection.java:logAndReturn(56)) - 8f18dce1-0a3d-4b65-9c78-af3d58b2da7f@group-091950D56227-LeaderElection283: Election REJECTED; received 2 response(s) [8f18dce1-0a3d-4b65-9c78-af3d58b2da7f<-8a63e1ae-032e-4bed-9f20-125a11f65413#0:FAIL-t336, 8f18dce1-0a3d-4b65-9c78-af3d58b2da7f<-7b1e61a0-7daf-43dd-99d5-9b325c1d31ae#0:FAIL-t336] and 0 exception(s); 8f18dce1-0a3d-4b65-9c78-af3d58b2da7f@group-091950D56227:t336, leader=null, voted=8f18dce1-0a3d-4b65-9c78-af3d58b2da7f, raftlog=8f18dce1-0a3d-4b65-9c78-af3d58b2da7f@group-091950D56227-SegmentedRaftLog:OPENED:c-1,f-1,i0, conf=-1: [8a63e1ae-032e-4bed-9f20-125a11f65413:0.0.0.0:38685, 8f18dce1-0a3d-4b65-9c78-af3d58b2da7f:0.0.0.0:42489, 7b1e61a0-7daf-43dd-99d5-9b325c1d31ae:0.0.0.0:38412], old=null
2019-10-20 17:40:35,134 [8f18dce1-0a3d-4b65-9c78-af3d58b2da7f@group-091950D56227-LeaderElection283] INFO  impl.RaftServerImpl (RaftServerImpl.java:setRole(184)) - 8f18dce1-0a3d-4b65-9c78-af3d58b2da7f@group-091950D56227: changes role from CANDIDATE to FOLLOWER at term 336 for DISCOVERED_A_NEW_TERM
2019-10-20 17:40:35,134 [8f18dce1-0a3d-4b65-9c78-af3d58b2da7f@group-091950D56227-LeaderElection283] INFO  impl.RoleInfo (RoleInfo.java:shutdownLeaderElection(134)) - 8f18dce1-0a3d-4b65-9c78-af3d58b2da7f: shutdown LeaderElection
2019-10-20 17:40:35,134 [8f18dce1-0a3d-4b65-9c78-af3d58b2da7f@group-091950D56227-LeaderElection283] INFO  impl.RoleInfo (RoleInfo.java:updateAndGet(143)) - 8f18dce1-0a3d-4b65-9c78-af3d58b2da7f: start FollowerState
2019-10-20 17:40:35,192 [Thread-2039] INFO  impl.FollowerState (FollowerState.java:run(108)) - 8f18dce1-0a3d-4b65-9c78-af3d58b2da7f@group-091950D56227-FollowerState: change to CANDIDATE, lastRpcTime:57ms, electionTimeout:57ms
2019-10-20 17:40:35,192 [Thread-2039] INFO  impl.RoleInfo (RoleInfo.java:shutdownFollowerState(121)) - 8f18dce1-0a3d-4b65-9c78-af3d58b2da7f: shutdown FollowerState
2019-10-20 17:40:35,192 [Thread-2039] INFO  impl.RaftServerImpl (RaftServerImpl.java:setRole(184)) - 8f18dce1-0a3d-4b65-9c78-af3d58b2da7f@group-091950D56227: changes role from  FOLLOWER to CANDIDATE at term 336 for changeToCandidate
2019-10-20 17:40:35,192 [Thread-2039] INFO  impl.RoleInfo (RoleInfo.java:updateAndGet(143)) - 8f18dce1-0a3d-4b65-9c78-af3d58b2da7f: start LeaderElection
2019-10-20 17:40:35,217 [8f18dce1-0a3d-4b65-9c78-af3d58b2da7f@group-091950D56227-LeaderElection284] INFO  impl.LeaderElection (LeaderElection.java:askForVotes(178)) - 8f18dce1-0a3d-4b65-9c78-af3d58b2da7f@group-091950D56227-LeaderElection284: begin an election at term 337 for -1: [8a63e1ae-032e-4bed-9f20-125a11f65413:0.0.0.0:38685, 8f18dce1-0a3d-4b65-9c78-af3d58b2da7f:0.0.0.0:42489, 7b1e61a0-7daf-43dd-99d5-9b325c1d31ae:0.0.0.0:38412], old=null
2019-10-20 17:40:35,218 [grpc-default-executor-2] INFO  impl.RaftServerImpl (RaftServerImpl.java:setRole(184)) - 7b1e61a0-7daf-43dd-99d5-9b325c1d31ae@group-091950D56227: changes role from  FOLLOWER to FOLLOWER at term 337 for recognizeCandidate:8f18dce1-0a3d-4b65-9c78-af3d58b2da7f
2019-10-20 17:40:35,218 [grpc-default-executor-1] INFO  impl.RaftServerImpl (RaftServerImpl.java:setRole(184)) - 8a63e1ae-032e-4bed-9f20-125a11f65413@group-091950D56227: changes role from  FOLLOWER to FOLLOWER at term 337 for recognizeCandidate:8f18dce1-0a3d-4b65-9c78-af3d58b2da7f
2019-10-20 17:40:35,219 [grpc-default-executor-1] INFO  impl.RoleInfo (RoleInfo.java:shutdownFollowerState(121)) - 8a63e1ae-032e-4bed-9f20-125a11f65413: shutdown FollowerState
2019-10-20 17:40:35,219 [grpc-default-executor-2] INFO  impl.RoleInfo (RoleInfo.java:shutdownFollowerState(121)) - 7b1e61a0-7daf-43dd-99d5-9b325c1d31ae: shutdown FollowerState
2019-10-20 17:40:35,219 [grpc-default-executor-1] INFO  impl.RoleInfo (RoleInfo.java:updateAndGet(143)) - 8a63e1ae-032e-4bed-9f20-125a11f65413: start FollowerState
2019-10-20 17:40:35,219 [Thread-2038] INFO  impl.FollowerState (FollowerState.java:run(117)) - 7b1e61a0-7daf-43dd-99d5-9b325c1d31ae@group-091950D56227-FollowerState was interrupted: java.lang.InterruptedException: sleep interrupted
2019-10-20 17:40:35,219 [grpc-default-executor-2] INFO  impl.RoleInfo (RoleInfo.java:updateAndGet(143)) - 7b1e61a0-7daf-43dd-99d5-9b325c1d31ae: start FollowerState
2019-10-20 17:40:35,219 [Thread-2037] INFO  impl.FollowerState (FollowerState.java:run(117)) - 8a63e1ae-032e-4bed-9f20-125a11f65413@group-091950D56227-FollowerState was interrupted: java.lang.InterruptedException: sleep interrupted
2019-10-20 17:40:35,232 [8f18dce1-0a3d-4b65-9c78-af3d58b2da7f@group-091950D56227-LeaderElection284] INFO  impl.LeaderElection (LeaderElection.java:logAndReturn(56)) - 8f18dce1-0a3d-4b65-9c78-af3d58b2da7f@group-091950D56227-LeaderElection284: Election TIMEOUT; received 0 response(s) [] and 0 exception(s); 8f18dce1-0a3d-4b65-9c78-af3d58b2da7f@group-091950D56227:t337, leader=null, voted=8f18dce1-0a3d-4b65-9c78-af3d58b2da7f, raftlog=8f18dce1-0a3d-4b65-9c78-af3d58b2da7f@group-091950D56227-SegmentedRaftLog:OPENED:c-1,f-1,i0, conf=-1: [8a63e1ae-032e-4bed-9f20-125a11f65413:0.0.0.0:38685, 8f18dce1-0a3d-4b65-9c78-af3d58b2da7f:0.0.0.0:42489, 7b1e61a0-7daf-43dd-99d5-9b325c1d31ae:0.0.0.0:38412], old=null
2019-10-20 17:40:35,260 [8f18dce1-0a3d-4b65-9c78-af3d58b2da7f@group-091950D56227-LeaderElection284] INFO  impl.LeaderElection (LeaderElection.java:askForVotes(178)) - 8f18dce1-0a3d-4b65-9c78-af3d58b2da7f@group-091950D56227-LeaderElection284: begin an election at term 338 for -1: [8a63e1ae-032e-4bed-9f20-125a11f65413:0.0.0.0:38685, 8f18dce1-0a3d-4b65-9c78-af3d58b2da7f:0.0.0.0:42489, 7b1e61a0-7daf-43dd-99d5-9b325c1d31ae:0.0.0.0:38412], old=null
2019-10-20 17:40:35,261 [grpc-default-executor-2] INFO  impl.RaftServerImpl (RaftServerImpl.java:setRole(184)) - 8a63e1ae-032e-4bed-9f20-125a11f65413@group-091950D56227: changes role from  FOLLOWER to FOLLOWER at term 338 for recognizeCandidate:8f18dce1-0a3d-4b65-9c78-af3d58b2da7f
2019-10-20 17:40:35,261 [grpc-default-executor-2] INFO  impl.RoleInfo (RoleInfo.java:shutdownFollowerState(121)) - 8a63e1ae-032e-4bed-9f20-125a11f65413: shutdown FollowerState
2019-10-20 17:40:35,261 [grpc-default-executor-2] INFO  impl.RoleInfo (RoleInfo.java:updateAndGet(143)) - 8a63e1ae-032e-4bed-9f20-125a11f65413: start FollowerState
2019-10-20 17:40:35,261 [Thread-2043] INFO  impl.FollowerState (FollowerState.java:run(117)) - 8a63e1ae-032e-4bed-9f20-125a11f65413@group-091950D56227-FollowerState was interrupted: java.lang.InterruptedException: sleep interrupted
2019-10-20 17:40:35,261 [grpc-default-executor-1] INFO  impl.RaftServerImpl (RaftServerImpl.java:setRole(184)) - 7b1e61a0-7daf-43dd-99d5-9b325c1d31ae@group-091950D56227: changes role from  FOLLOWER to FOLLOWER at term 338 for recognizeCandidate:8f18dce1-0a3d-4b65-9c78-af3d58b2da7f
2019-10-20 17:40:35,261 [grpc-default-executor-1] INFO  impl.RoleInfo (RoleInfo.java:shutdownFollowerState(121)) - 7b1e61a0-7daf-43dd-99d5-9b325c1d31ae: shutdown FollowerState
2019-10-20 17:40:35,262 [grpc-default-executor-1] INFO  impl.RoleInfo (RoleInfo.java:updateAndGet(143)) - 7b1e61a0-7daf-43dd-99d5-9b325c1d31ae: start FollowerState
2019-10-20 17:40:35,262 [Thread-2044] INFO  impl.FollowerState (FollowerState.java:run(117)) - 7b1e61a0-7daf-43dd-99d5-9b325c1d31ae@group-091950D56227-FollowerState was interrupted: java.lang.InterruptedException: sleep interrupted
2019-10-20 17:40:35,286 [8f18dce1-0a3d-4b65-9c78-af3d58b2da7f@group-091950D56227-LeaderElection284] INFO  impl.LeaderElection (LeaderElection.java:logAndReturn(56)) - 8f18dce1-0a3d-4b65-9c78-af3d58b2da7f@group-091950D56227-LeaderElection284: Election REJECTED; received 2 response(s) [8f18dce1-0a3d-4b65-9c78-af3d58b2da7f<-8a63e1ae-032e-4bed-9f20-125a11f65413#0:FAIL-t338, 8f18dce1-0a3d-4b65-9c78-af3d58b2da7f<-7b1e61a0-7daf-43dd-99d5-9b325c1d31ae#0:FAIL-t338] and 0 exception(s); 8f18dce1-0a3d-4b65-9c78-af3d58b2da7f@group-091950D56227:t338, leader=null, voted=8f18dce1-0a3d-4b65-9c78-af3d58b2da7f, raftlog=8f18dce1-0a3d-4b65-9c78-af3d58b2da7f@group-091950D56227-SegmentedRaftLog:OPENED:c-1,f-1,i0, conf=-1: [8a63e1ae-032e-4bed-9f20-125a11f65413:0.0.0.0:38685, 8f18dce1-0a3d-4b65-9c78-af3d58b2da7f:0.0.0.0:42489, 7b1e61a0-7daf-43dd-99d5-9b325c1d31ae:0.0.0.0:38412], old=null
2019-10-20 17:40:35,286 [8f18dce1-0a3d-4b65-9c78-af3d58b2da7f@group-091950D56227-LeaderElection284] INFO  impl.RaftServerImpl (RaftServerImpl.java:setRole(184)) - 8f18dce1-0a3d-4b65-9c78-af3d58b2da7f@group-091950D56227: changes role from CANDIDATE to FOLLOWER at term 338 for DISCOVERED_A_NEW_TERM
2019-10-20 17:40:35,286 [8f18dce1-0a3d-4b65-9c78-af3d58b2da7f@group-091950D56227-LeaderElection284] INFO  impl.RoleInfo (RoleInfo.java:shutdownLeaderElection(134)) - 8f18dce1-0a3d-4b65-9c78-af3d58b2da7f: shutdown LeaderElection
2019-10-20 17:40:35,286 [8f18dce1-0a3d-4b65-9c78-af3d58b2da7f@group-091950D56227-LeaderElection284] INFO  impl.RoleInfo (RoleInfo.java:updateAndGet(143)) - 8f18dce1-0a3d-4b65-9c78-af3d58b2da7f: start FollowerState
2019-10-20 17:40:35,357 [Thread-2049] INFO  impl.FollowerState (FollowerState.java:run(108)) - 8f18dce1-0a3d-4b65-9c78-af3d58b2da7f@group-091950D56227-FollowerState: change to CANDIDATE, lastRpcTime:70ms, electionTimeout:70ms
2019-10-20 17:40:35,357 [Thread-2049] INFO  impl.RoleInfo (RoleInfo.java:shutdownFollowerState(121)) - 8f18dce1-0a3d-4b65-9c78-af3d58b2da7f: shutdown FollowerState
2019-10-20 17:40:35,357 [Thread-2049] INFO  impl.RaftServerImpl (RaftServerImpl.java:setRole(184)) - 8f18dce1-0a3d-4b65-9c78-af3d58b2da7f@group-091950D56227: changes role from  FOLLOWER to CANDIDATE at term 338 for changeToCandidate
2019-10-20 17:40:35,357 [Thread-2049] INFO  impl.RoleInfo (RoleInfo.java:updateAndGet(143)) - 8f18dce1-0a3d-4b65-9c78-af3d58b2da7f: start LeaderElection
2019-10-20 17:40:35,387 [8f18dce1-0a3d-4b65-9c78-af3d58b2da7f@group-091950D56227-LeaderElection285] INFO  impl.LeaderElection (LeaderElection.java:askForVotes(178)) - 8f18dce1-0a3d-4b65-9c78-af3d58b2da7f@group-091950D56227-LeaderElection285: begin an election at term 339 for -1: [8a63e1ae-032e-4bed-9f20-125a11f65413:0.0.0.0:38685, 8f18dce1-0a3d-4b65-9c78-af3d58b2da7f:0.0.0.0:42489, 7b1e61a0-7daf-43dd-99d5-9b325c1d31ae:0.0.0.0:38412], old=null
2019-10-20 17:40:35,389 [grpc-default-executor-1] INFO  impl.RaftServerImpl (RaftServerImpl.java:setRole(184)) - 7b1e61a0-7daf-43dd-99d5-9b325c1d31ae@group-091950D56227: changes role from  FOLLOWER to FOLLOWER at term 339 for recognizeCandidate:8f18dce1-0a3d-4b65-9c78-af3d58b2da7f
2019-10-20 17:40:35,389 [grpc-default-executor-2] INFO  impl.RaftServerImpl (RaftServerImpl.java:setRole(184)) - 8a63e1ae-032e-4bed-9f20-125a11f65413@group-091950D56227: changes role from  FOLLOWER to FOLLOWER at term 339 for recognizeCandidate:8f18dce1-0a3d-4b65-9c78-af3d58b2da7f
2019-10-20 17:40:35,389 [grpc-default-executor-1] INFO  impl.RoleInfo (RoleInfo.java:shutdownFollowerState(121)) - 7b1e61a0-7daf-43dd-99d5-9b325c1d31ae: shutdown FollowerState
2019-10-20 17:40:35,390 [grpc-default-executor-2] INFO  impl.RoleInfo (RoleInfo.java:shutdownFollowerState(121)) - 8a63e1ae-032e-4bed-9f20-125a11f65413: shutdown FollowerState
2019-10-20 17:40:35,390 [Thread-2048] INFO  impl.FollowerState (FollowerState.java:run(117)) - 7b1e61a0-7daf-43dd-99d5-9b325c1d31ae@group-091950D56227-FollowerState was interrupted: java.lang.InterruptedException: sleep interrupted
2019-10-20 17:40:35,390 [grpc-default-executor-1] INFO  impl.RoleInfo (RoleInfo.java:updateAndGet(143)) - 7b1e61a0-7daf-43dd-99d5-9b325c1d31ae: start FollowerState
2019-10-20 17:40:35,390 [Thread-2047] INFO  impl.FollowerState (FollowerState.java:run(117)) - 8a63e1ae-032e-4bed-9f20-125a11f65413@group-091950D56227-FollowerState was interrupted: java.lang.InterruptedException: sleep interrupted
2019-10-20 17:40:35,390 [grpc-default-executor-2] INFO  impl.RoleInfo (RoleInfo.java:updateAndGet(143)) - 8a63e1ae-032e-4bed-9f20-125a11f65413: start FollowerState
2019-10-20 17:40:35,413 [8f18dce1-0a3d-4b65-9c78-af3d58b2da7f@group-091950D56227-LeaderElection285] INFO  impl.LeaderElection (LeaderElection.java:logAndReturn(56)) - 8f18dce1-0a3d-4b65-9c78-af3d58b2da7f@group-091950D56227-LeaderElection285: Election REJECTED; received 2 response(s) [8f18dce1-0a3d-4b65-9c78-af3d58b2da7f<-8a63e1ae-032e-4bed-9f20-125a11f65413#0:FAIL-t339, 8f18dce1-0a3d-4b65-9c78-af3d58b2da7f<-7b1e61a0-7daf-43dd-99d5-9b325c1d31ae#0:FAIL-t339] and 0 exception(s); 8f18dce1-0a3d-4b65-9c78-af3d58b2da7f@group-091950D56227:t339, leader=null, voted=8f18dce1-0a3d-4b65-9c78-af3d58b2da7f, raftlog=8f18dce1-0a3d-4b65-9c78-af3d58b2da7f@group-091950D56227-SegmentedRaftLog:OPENED:c-1,f-1,i0, conf=-1: [8a63e1ae-032e-4bed-9f20-125a11f65413:0.0.0.0:38685, 8f18dce1-0a3d-4b65-9c78-af3d58b2da7f:0.0.0.0:42489, 7b1e61a0-7daf-43dd-99d5-9b325c1d31ae:0.0.0.0:38412], old=null
2019-10-20 17:40:35,414 [8f18dce1-0a3d-4b65-9c78-af3d58b2da7f@group-091950D56227-LeaderElection285] INFO  impl.RaftServerImpl (RaftServerImpl.java:setRole(184)) - 8f18dce1-0a3d-4b65-9c78-af3d58b2da7f@group-091950D56227: changes role from CANDIDATE to FOLLOWER at term 339 for DISCOVERED_A_NEW_TERM
2019-10-20 17:40:35,414 [8f18dce1-0a3d-4b65-9c78-af3d58b2da7f@group-091950D56227-LeaderElection285] INFO  impl.RoleInfo (RoleInfo.java:shutdownLeaderElection(134)) - 8f18dce1-0a3d-4b65-9c78-af3d58b2da7f: shutdown LeaderElection
2019-10-20 17:40:35,414 [8f18dce1-0a3d-4b65-9c78-af3d58b2da7f@group-091950D56227-LeaderElection285] INFO  impl.RoleInfo (RoleInfo.java:updateAndGet(143)) - 8f18dce1-0a3d-4b65-9c78-af3d58b2da7f: start FollowerState
2019-10-20 17:40:35,502 [Thread-2057] INFO  impl.FollowerState (FollowerState.java:run(108)) - 8f18dce1-0a3d-4b65-9c78-af3d58b2da7f@group-091950D56227-FollowerState: change to CANDIDATE, lastRpcTime:88ms, electionTimeout:88ms
2019-10-20 17:40:35,502 [Thread-2057] INFO  impl.RoleInfo (RoleInfo.java:shutdownFollowerState(121)) - 8f18dce1-0a3d-4b65-9c78-af3d58b2da7f: shutdown FollowerState
2019-10-20 17:40:35,502 [Thread-2057] INFO  impl.RaftServerImpl (RaftServerImpl.java:setRole(184)) - 8f18dce1-0a3d-4b65-9c78-af3d58b2da7f@group-091950D56227: changes role from  FOLLOWER to CANDIDATE at term 339 for changeToCandidate
2019-10-20 17:40:35,503 [Thread-2057] INFO  impl.RoleInfo (RoleInfo.java:updateAndGet(143)) - 8f18dce1-0a3d-4b65-9c78-af3d58b2da7f: start LeaderElection
2019-10-20 17:40:35,530 [8f18dce1-0a3d-4b65-9c78-af3d58b2da7f@group-091950D56227-LeaderElection286] INFO  impl.LeaderElection (LeaderElection.java:askForVotes(178)) - 8f18dce1-0a3d-4b65-9c78-af3d58b2da7f@group-091950D56227-LeaderElection286: begin an election at term 340 for -1: [8a63e1ae-032e-4bed-9f20-125a11f65413:0.0.0.0:38685, 8f18dce1-0a3d-4b65-9c78-af3d58b2da7f:0.0.0.0:42489, 7b1e61a0-7daf-43dd-99d5-9b325c1d31ae:0.0.0.0:38412], old=null
2019-10-20 17:40:35,532 [grpc-default-executor-1] INFO  impl.RaftServerImpl (RaftServerImpl.java:setRole(184)) - 8a63e1ae-032e-4bed-9f20-125a11f65413@group-091950D56227: changes role from  FOLLOWER to FOLLOWER at term 340 for recognizeCandidate:8f18dce1-0a3d-4b65-9c78-af3d58b2da7f
2019-10-20 17:40:35,532 [grpc-default-executor-2] INFO  impl.RaftServerImpl (RaftServerImpl.java:setRole(184)) - 7b1e61a0-7daf-43dd-99d5-9b325c1d31ae@group-091950D56227: changes role from  FOLLOWER to FOLLOWER at term 340 for recognizeCandidate:8f18dce1-0a3d-4b65-9c78-af3d58b2da7f
2019-10-20 17:40:35,532 [grpc-default-executor-2] INFO  impl.RoleInfo (RoleInfo.java:shutdownFollowerState(121)) - 7b1e61a0-7daf-43dd-99d5-9b325c1d31ae: shutdown FollowerState
2019-10-20 17:40:35,532 [grpc-default-executor-1] INFO  impl.RoleInfo (RoleInfo.java:shutdownFollowerState(121)) - 8a63e1ae-032e-4bed-9f20-125a11f65413: shutdown FollowerState
2019-10-20 17:40:35,532 [Thread-2055] INFO  impl.FollowerState (FollowerState.java:run(117)) - 7b1e61a0-7daf-43dd-99d5-9b325c1d31ae@group-091950D56227-FollowerState was interrupted: java.lang.InterruptedException: sleep interrupted
2019-10-20 17:40:35,532 [grpc-default-executor-2] INFO  impl.RoleInfo (RoleInfo.java:updateAndGet(143)) - 7b1e61a0-7daf-43dd-99d5-9b325c1d31ae: start FollowerState
2019-10-20 17:40:35,532 [Thread-2056] INFO  impl.FollowerState (FollowerState.java:run(117)) - 8a63e1ae-032e-4bed-9f20-125a11f65413@group-091950D56227-FollowerState was interrupted: java.lang.InterruptedException: sleep interrupted
2019-10-20 17:40:35,532 [grpc-default-executor-1] INFO  impl.RoleInfo (RoleInfo.java:updateAndGet(143)) - 8a63e1ae-032e-4bed-9f20-125a11f65413: start FollowerState
2019-10-20 17:40:35,556 [8f18dce1-0a3d-4b65-9c78-af3d58b2da7f@group-091950D56227-LeaderElection286] INFO  impl.LeaderElection (LeaderElection.java:logAndReturn(56)) - 8f18dce1-0a3d-4b65-9c78-af3d58b2da7f@group-091950D56227-LeaderElection286: Election REJECTED; received 2 response(s) [8f18dce1-0a3d-4b65-9c78-af3d58b2da7f<-8a63e1ae-032e-4bed-9f20-125a11f65413#0:FAIL-t340, 8f18dce1-0a3d-4b65-9c78-af3d58b2da7f<-7b1e61a0-7daf-43dd-99d5-9b325c1d31ae#0:FAIL-t340] and 0 exception(s); 8f18dce1-0a3d-4b65-9c78-af3d58b2da7f@group-091950D56227:t340, leader=null, voted=8f18dce1-0a3d-4b65-9c78-af3d58b2da7f, raftlog=8f18dce1-0a3d-4b65-9c78-af3d58b2da7f@group-091950D56227-SegmentedRaftLog:OPENED:c-1,f-1,i0, conf=-1: [8a63e1ae-032e-4bed-9f20-125a11f65413:0.0.0.0:38685, 8f18dce1-0a3d-4b65-9c78-af3d58b2da7f:0.0.0.0:42489, 7b1e61a0-7daf-43dd-99d5-9b325c1d31ae:0.0.0.0:38412], old=null
2019-10-20 17:40:35,557 [8f18dce1-0a3d-4b65-9c78-af3d58b2da7f@group-091950D56227-LeaderElection286] INFO  impl.RaftServerImpl (RaftServerImpl.java:setRole(184)) - 8f18dce1-0a3d-4b65-9c78-af3d58b2da7f@group-091950D56227: changes role from CANDIDATE to FOLLOWER at term 340 for DISCOVERED_A_NEW_TERM
2019-10-20 17:40:35,557 [8f18dce1-0a3d-4b65-9c78-af3d58b2da7f@group-091950D56227-LeaderElection286] INFO  impl.RoleInfo (RoleInfo.java:shutdownLeaderElection(134)) - 8f18dce1-0a3d-4b65-9c78-af3d58b2da7f: shutdown LeaderElection
2019-10-20 17:40:35,557 [8f18dce1-0a3d-4b65-9c78-af3d58b2da7f@group-091950D56227-LeaderElection286] INFO  impl.RoleInfo (RoleInfo.java:updateAndGet(143)) - 8f18dce1-0a3d-4b65-9c78-af3d58b2da7f: start FollowerState
2019-10-20 17:40:35,741 [Thread-2063] INFO  impl.FollowerState (FollowerState.java:run(108)) - 8f18dce1-0a3d-4b65-9c78-af3d58b2da7f@group-091950D56227-FollowerState: change to CANDIDATE, lastRpcTime:183ms, electionTimeout:179ms
2019-10-20 17:40:35,741 [Thread-2063] INFO  impl.RoleInfo (RoleInfo.java:shutdownFollowerState(121)) - 8f18dce1-0a3d-4b65-9c78-af3d58b2da7f: shutdown FollowerState
2019-10-20 17:40:35,741 [Thread-2063] INFO  impl.RaftServerImpl (RaftServerImpl.java:setRole(184)) - 8f18dce1-0a3d-4b65-9c78-af3d58b2da7f@group-091950D56227: changes role from  FOLLOWER to CANDIDATE at term 340 for changeToCandidate
2019-10-20 17:40:35,741 [Thread-2063] INFO  impl.RoleInfo (RoleInfo.java:updateAndGet(143)) - 8f18dce1-0a3d-4b65-9c78-af3d58b2da7f: start LeaderElection
2019-10-20 17:40:35,773 [8f18dce1-0a3d-4b65-9c78-af3d58b2da7f@group-091950D56227-LeaderElection287] INFO  impl.LeaderElection (LeaderElection.java:askForVotes(178)) - 8f18dce1-0a3d-4b65-9c78-af3d58b2da7f@group-091950D56227-LeaderElection287: begin an election at term 341 for -1: [8a63e1ae-032e-4bed-9f20-125a11f65413:0.0.0.0:38685, 8f18dce1-0a3d-4b65-9c78-af3d58b2da7f:0.0.0.0:42489, 7b1e61a0-7daf-43dd-99d5-9b325c1d31ae:0.0.0.0:38412], old=null
2019-10-20 17:40:35,775 [grpc-default-executor-2] INFO  impl.RaftServerImpl (RaftServerImpl.java:setRole(184)) - 7b1e61a0-7daf-43dd-99d5-9b325c1d31ae@group-091950D56227: changes role from  FOLLOWER to FOLLOWER at term 341 for recognizeCandidate:8f18dce1-0a3d-4b65-9c78-af3d58b2da7f
2019-10-20 17:40:35,775 [grpc-default-executor-2] INFO  impl.RoleInfo (RoleInfo.java:shutdownFollowerState(121)) - 7b1e61a0-7daf-43dd-99d5-9b325c1d31ae: shutdown FollowerState
2019-10-20 17:40:35,775 [grpc-default-executor-1] INFO  impl.RaftServerImpl (RaftServerImpl.java:setRole(184)) - 8a63e1ae-032e-4bed-9f20-125a11f65413@group-091950D56227: changes role from  FOLLOWER to FOLLOWER at term 341 for recognizeCandidate:8f18dce1-0a3d-4b65-9c78-af3d58b2da7f
2019-10-20 17:40:35,775 [grpc-default-executor-1] INFO  impl.RoleInfo (RoleInfo.java:shutdownFollowerState(121)) - 8a63e1ae-032e-4bed-9f20-125a11f65413: shutdown FollowerState
2019-10-20 17:40:35,775 [Thread-2061] INFO  impl.FollowerState (FollowerState.java:run(117)) - 7b1e61a0-7daf-43dd-99d5-9b325c1d31ae@group-091950D56227-FollowerState was interrupted: java.lang.InterruptedException: sleep interrupted
2019-10-20 17:40:35,775 [8f18dce1-0a3d-4b65-9c78-af3d58b2da7f@group-091950D56227-LeaderElection287] INFO  impl.LeaderElection (LeaderElection.java:logAndReturn(56)) - 8f18dce1-0a3d-4b65-9c78-af3d58b2da7f@group-091950D56227-LeaderElection287: Election TIMEOUT; received 0 response(s) [] and 0 exception(s); 8f18dce1-0a3d-4b65-9c78-af3d58b2da7f@group-091950D56227:t341, leader=null, voted=8f18dce1-0a3d-4b65-9c78-af3d58b2da7f, raftlog=8f18dce1-0a3d-4b65-9c78-af3d58b2da7f@group-091950D56227-SegmentedRaftLog:OPENED:c-1,f-1,i0, conf=-1: [8a63e1ae-032e-4bed-9f20-125a11f65413:0.0.0.0:38685, 8f18dce1-0a3d-4b65-9c78-af3d58b2da7f:0.0.0.0:42489, 7b1e61a0-7daf-43dd-99d5-9b325c1d31ae:0.0.0.0:38412], old=null
2019-10-20 17:40:35,775 [grpc-default-executor-2] INFO  impl.RoleInfo (RoleInfo.java:updateAndGet(143)) - 7b1e61a0-7daf-43dd-99d5-9b325c1d31ae: start FollowerState
2019-10-20 17:40:35,776 [Thread-2062] INFO  impl.FollowerState (FollowerState.java:run(117)) - 8a63e1ae-032e-4bed-9f20-125a11f65413@group-091950D56227-FollowerState was interrupted: java.lang.InterruptedException: sleep interrupted
2019-10-20 17:40:35,775 [grpc-default-executor-1] INFO  impl.RoleInfo (RoleInfo.java:updateAndGet(143)) - 8a63e1ae-032e-4bed-9f20-125a11f65413: start FollowerState
2019-10-20 17:40:35,798 [8f18dce1-0a3d-4b65-9c78-af3d58b2da7f@group-091950D56227-LeaderElection287] INFO  impl.LeaderElection (LeaderElection.java:askForVotes(178)) - 8f18dce1-0a3d-4b65-9c78-af3d58b2da7f@group-091950D56227-LeaderElection287: begin an election at term 342 for -1: [8a63e1ae-032e-4bed-9f20-125a11f65413:0.0.0.0:38685, 8f18dce1-0a3d-4b65-9c78-af3d58b2da7f:0.0.0.0:42489, 7b1e61a0-7daf-43dd-99d5-9b325c1d31ae:0.0.0.0:38412], old=null
2019-10-20 17:40:35,800 [grpc-default-executor-1] INFO  impl.RaftServerImpl (RaftServerImpl.java:setRole(184)) - 8a63e1ae-032e-4bed-9f20-125a11f65413@group-091950D56227: changes role from  FOLLOWER to FOLLOWER at term 342 for recognizeCandidate:8f18dce1-0a3d-4b65-9c78-af3d58b2da7f
2019-10-20 17:40:35,800 [grpc-default-executor-1] INFO  impl.RoleInfo (RoleInfo.java:shutdownFollowerState(121)) - 8a63e1ae-032e-4bed-9f20-125a11f65413: shutdown FollowerState
2019-10-20 17:40:35,800 [grpc-default-executor-1] INFO  impl.RoleInfo (RoleInfo.java:updateAndGet(143)) - 8a63e1ae-032e-4bed-9f20-125a11f65413: start FollowerState
2019-10-20 17:40:35,800 [Thread-2068] INFO  impl.FollowerState (FollowerState.java:run(117)) - 8a63e1ae-032e-4bed-9f20-125a11f65413@group-091950D56227-FollowerState was interrupted: java.lang.InterruptedException: sleep interrupted
2019-10-20 17:40:35,800 [grpc-default-executor-2] INFO  impl.RaftServerImpl (RaftServerImpl.java:setRole(184)) - 7b1e61a0-7daf-43dd-99d5-9b325c1d31ae@group-091950D56227: changes role from  FOLLOWER to FOLLOWER at term 342 for recognizeCandidate:8f18dce1-0a3d-4b65-9c78-af3d58b2da7f
2019-10-20 17:40:35,801 [grpc-default-executor-2] INFO  impl.RoleInfo (RoleInfo.java:shutdownFollowerState(121)) - 7b1e61a0-7daf-43dd-99d5-9b325c1d31ae: shutdown FollowerState
2019-10-20 17:40:35,801 [grpc-default-executor-2] INFO  impl.RoleInfo (RoleInfo.java:updateAndGet(143)) - 7b1e61a0-7daf-43dd-99d5-9b325c1d31ae: start FollowerState
2019-10-20 17:40:35,801 [Thread-2067] INFO  impl.FollowerState (FollowerState.java:run(117)) - 7b1e61a0-7daf-43dd-99d5-9b325c1d31ae@group-091950D56227-FollowerState was interrupted: java.lang.InterruptedException: sleep interrupted
2019-10-20 17:40:35,824 [8f18dce1-0a3d-4b65-9c78-af3d58b2da7f@group-091950D56227-LeaderElection287] INFO  impl.LeaderElection (LeaderElection.java:logAndReturn(56)) - 8f18dce1-0a3d-4b65-9c78-af3d58b2da7f@group-091950D56227-LeaderElection287: Election REJECTED; received 2 response(s) [8f18dce1-0a3d-4b65-9c78-af3d58b2da7f<-8a63e1ae-032e-4bed-9f20-125a11f65413#0:FAIL-t342, 8f18dce1-0a3d-4b65-9c78-af3d58b2da7f<-7b1e61a0-7daf-43dd-99d5-9b325c1d31ae#0:FAIL-t342] and 0 exception(s); 8f18dce1-0a3d-4b65-9c78-af3d58b2da7f@group-091950D56227:t342, leader=null, voted=8f18dce1-0a3d-4b65-9c78-af3d58b2da7f, raftlog=8f18dce1-0a3d-4b65-9c78-af3d58b2da7f@group-091950D56227-SegmentedRaftLog:OPENED:c-1,f-1,i0, conf=-1: [8a63e1ae-032e-4bed-9f20-125a11f65413:0.0.0.0:38685, 8f18dce1-0a3d-4b65-9c78-af3d58b2da7f:0.0.0.0:42489, 7b1e61a0-7daf-43dd-99d5-9b325c1d31ae:0.0.0.0:38412], old=null
2019-10-20 17:40:35,825 [8f18dce1-0a3d-4b65-9c78-af3d58b2da7f@group-091950D56227-LeaderElection287] INFO  impl.RaftServerImpl (RaftServerImpl.java:setRole(184)) - 8f18dce1-0a3d-4b65-9c78-af3d58b2da7f@group-091950D56227: changes role from CANDIDATE to FOLLOWER at term 342 for DISCOVERED_A_NEW_TERM
2019-10-20 17:40:35,825 [8f18dce1-0a3d-4b65-9c78-af3d58b2da7f@group-091950D56227-LeaderElection287] INFO  impl.RoleInfo (RoleInfo.java:shutdownLeaderElection(134)) - 8f18dce1-0a3d-4b65-9c78-af3d58b2da7f: shutdown LeaderElection
2019-10-20 17:40:35,825 [8f18dce1-0a3d-4b65-9c78-af3d58b2da7f@group-091950D56227-LeaderElection287] INFO  impl.RoleInfo (RoleInfo.java:updateAndGet(143)) - 8f18dce1-0a3d-4b65-9c78-af3d58b2da7f: start FollowerState
2019-10-20 17:40:35,906 [Thread-2073] INFO  impl.FollowerState (FollowerState.java:run(108)) - 8f18dce1-0a3d-4b65-9c78-af3d58b2da7f@group-091950D56227-FollowerState: change to CANDIDATE, lastRpcTime:81ms, electionTimeout:81ms
2019-10-20 17:40:35,906 [Thread-2073] INFO  impl.RoleInfo (RoleInfo.java:shutdownFollowerState(121)) - 8f18dce1-0a3d-4b65-9c78-af3d58b2da7f: shutdown FollowerState
2019-10-20 17:40:35,907 [Thread-2073] INFO  impl.RaftServerImpl (RaftServerImpl.java:setRole(184)) - 8f18dce1-0a3d-4b65-9c78-af3d58b2da7f@group-091950D56227: changes role from  FOLLOWER to CANDIDATE at term 342 for changeToCandidate
2019-10-20 17:40:35,907 [Thread-2073] INFO  impl.RoleInfo (RoleInfo.java:updateAndGet(143)) - 8f18dce1-0a3d-4b65-9c78-af3d58b2da7f: start LeaderElection
2019-10-20 17:40:35,932 [8f18dce1-0a3d-4b65-9c78-af3d58b2da7f@group-091950D56227-LeaderElection288] INFO  impl.LeaderElection (LeaderElection.java:askForVotes(178)) - 8f18dce1-0a3d-4b65-9c78-af3d58b2da7f@group-091950D56227-LeaderElection288: begin an election at term 343 for -1: [8a63e1ae-032e-4bed-9f20-125a11f65413:0.0.0.0:38685, 8f18dce1-0a3d-4b65-9c78-af3d58b2da7f:0.0.0.0:42489, 7b1e61a0-7daf-43dd-99d5-9b325c1d31ae:0.0.0.0:38412], old=null
2019-10-20 17:40:35,934 [grpc-default-executor-1] INFO  impl.RaftServerImpl (RaftServerImpl.java:setRole(184)) - 8a63e1ae-032e-4bed-9f20-125a11f65413@group-091950D56227: changes role from  FOLLOWER to FOLLOWER at term 343 for recognizeCandidate:8f18dce1-0a3d-4b65-9c78-af3d58b2da7f
2019-10-20 17:40:35,934 [grpc-default-executor-2] INFO  impl.RaftServerImpl (RaftServerImpl.java:setRole(184)) - 7b1e61a0-7daf-43dd-99d5-9b325c1d31ae@group-091950D56227: changes role from  FOLLOWER to FOLLOWER at term 343 for recognizeCandidate:8f18dce1-0a3d-4b65-9c78-af3d58b2da7f
2019-10-20 17:40:35,934 [grpc-default-executor-1] INFO  impl.RoleInfo (RoleInfo.java:shutdownFollowerState(121)) - 8a63e1ae-032e-4bed-9f20-125a11f65413: shutdown FollowerState
2019-10-20 17:40:35,935 [grpc-default-executor-2] INFO  impl.RoleInfo (RoleInfo.java:shutdownFollowerState(121)) - 7b1e61a0-7daf-43dd-99d5-9b325c1d31ae: shutdown FollowerState
2019-10-20 17:40:35,935 [Thread-2071] INFO  impl.FollowerState (FollowerState.java:run(117)) - 8a63e1ae-032e-4bed-9f20-125a11f65413@group-091950D56227-FollowerState was interrupted: java.lang.InterruptedException: sleep interrupted
2019-10-20 17:40:35,935 [grpc-default-executor-1] INFO  impl.RoleInfo (RoleInfo.java:updateAndGet(143)) - 8a63e1ae-032e-4bed-9f20-125a11f65413: start FollowerState
2019-10-20 17:40:35,935 [Thread-2072] INFO  impl.FollowerState (FollowerState.java:run(117)) - 7b1e61a0-7daf-43dd-99d5-9b325c1d31ae@group-091950D56227-FollowerState was interrupted: java.lang.InterruptedException: sleep interrupted
2019-10-20 17:40:35,935 [grpc-default-executor-2] INFO  impl.RoleInfo (RoleInfo.java:updateAndGet(143)) - 7b1e61a0-7daf-43dd-99d5-9b325c1d31ae: start FollowerState
2019-10-20 17:40:35,959 [8f18dce1-0a3d-4b65-9c78-af3d58b2da7f@group-091950D56227-LeaderElection288] INFO  impl.LeaderElection (LeaderElection.java:logAndReturn(56)) - 8f18dce1-0a3d-4b65-9c78-af3d58b2da7f@group-091950D56227-LeaderElection288: Election REJECTED; received 2 response(s) [8f18dce1-0a3d-4b65-9c78-af3d58b2da7f<-8a63e1ae-032e-4bed-9f20-125a11f65413#0:FAIL-t343, 8f18dce1-0a3d-4b65-9c78-af3d58b2da7f<-7b1e61a0-7daf-43dd-99d5-9b325c1d31ae#0:FAIL-t343] and 0 exception(s); 8f18dce1-0a3d-4b65-9c78-af3d58b2da7f@group-091950D56227:t343, leader=null, voted=8f18dce1-0a3d-4b65-9c78-af3d58b2da7f, raftlog=8f18dce1-0a3d-4b65-9c78-af3d58b2da7f@group-091950D56227-SegmentedRaftLog:OPENED:c-1,f-1,i0, conf=-1: [8a63e1ae-032e-4bed-9f20-125a11f65413:0.0.0.0:38685, 8f18dce1-0a3d-4b65-9c78-af3d58b2da7f:0.0.0.0:42489, 7b1e61a0-7daf-43dd-99d5-9b325c1d31ae:0.0.0.0:38412], old=null
2019-10-20 17:40:35,959 [8f18dce1-0a3d-4b65-9c78-af3d58b2da7f@group-091950D56227-LeaderElection288] INFO  impl.RaftServerImpl (RaftServerImpl.java:setRole(184)) - 8f18dce1-0a3d-4b65-9c78-af3d58b2da7f@group-091950D56227: changes role from CANDIDATE to FOLLOWER at term 343 for DISCOVERED_A_NEW_TERM
2019-10-20 17:40:35,959 [8f18dce1-0a3d-4b65-9c78-af3d58b2da7f@group-091950D56227-LeaderElection288] INFO  impl.RoleInfo (RoleInfo.java:shutdownLeaderElection(134)) - 8f18dce1-0a3d-4b65-9c78-af3d58b2da7f: shutdown LeaderElection
2019-10-20 17:40:35,960 [8f18dce1-0a3d-4b65-9c78-af3d58b2da7f@group-091950D56227-LeaderElection288] INFO  impl.RoleInfo (RoleInfo.java:updateAndGet(143)) - 8f18dce1-0a3d-4b65-9c78-af3d58b2da7f: start FollowerState
2019-10-20 17:40:36,041 [Thread-2079] INFO  impl.FollowerState (FollowerState.java:run(108)) - 8f18dce1-0a3d-4b65-9c78-af3d58b2da7f@group-091950D56227-FollowerState: change to CANDIDATE, lastRpcTime:81ms, electionTimeout:81ms
2019-10-20 17:40:36,041 [Thread-2079] INFO  impl.RoleInfo (RoleInfo.java:shutdownFollowerState(121)) - 8f18dce1-0a3d-4b65-9c78-af3d58b2da7f: shutdown FollowerState
2019-10-20 17:40:36,041 [Thread-2079] INFO  impl.RaftServerImpl (RaftServerImpl.java:setRole(184)) - 8f18dce1-0a3d-4b65-9c78-af3d58b2da7f@group-091950D56227: changes role from  FOLLOWER to CANDIDATE at term 343 for changeToCandidate
2019-10-20 17:40:36,042 [Thread-2079] INFO  impl.RoleInfo (RoleInfo.java:updateAndGet(143)) - 8f18dce1-0a3d-4b65-9c78-af3d58b2da7f: start LeaderElection
2019-10-20 17:40:36,067 [8f18dce1-0a3d-4b65-9c78-af3d58b2da7f@group-091950D56227-LeaderElection289] INFO  impl.LeaderElection (LeaderElection.java:askForVotes(178)) - 8f18dce1-0a3d-4b65-9c78-af3d58b2da7f@group-091950D56227-LeaderElection289: begin an election at term 344 for -1: [8a63e1ae-032e-4bed-9f20-125a11f65413:0.0.0.0:38685, 8f18dce1-0a3d-4b65-9c78-af3d58b2da7f:0.0.0.0:42489, 7b1e61a0-7daf-43dd-99d5-9b325c1d31ae:0.0.0.0:38412], old=null
2019-10-20 17:40:36,069 [grpc-default-executor-2] INFO  impl.RaftServerImpl (RaftServerImpl.java:setRole(184)) - 8a63e1ae-032e-4bed-9f20-125a11f65413@group-091950D56227: changes role from  FOLLOWER to FOLLOWER at term 344 for recognizeCandidate:8f18dce1-0a3d-4b65-9c78-af3d58b2da7f
2019-10-20 17:40:36,069 [grpc-default-executor-1] INFO  impl.RaftServerImpl (RaftServerImpl.java:setRole(184)) - 7b1e61a0-7daf-43dd-99d5-9b325c1d31ae@group-091950D56227: changes role from  FOLLOWER to FOLLOWER at term 344 for recognizeCandidate:8f18dce1-0a3d-4b65-9c78-af3d58b2da7f
2019-10-20 17:40:36,069 [grpc-default-executor-1] INFO  impl.RoleInfo (RoleInfo.java:shutdownFollowerState(121)) - 7b1e61a0-7daf-43dd-99d5-9b325c1d31ae: shutdown FollowerState
2019-10-20 17:40:36,069 [grpc-default-executor-2] INFO  impl.RoleInfo (RoleInfo.java:shutdownFollowerState(121)) - 8a63e1ae-032e-4bed-9f20-125a11f65413: shutdown FollowerState
2019-10-20 17:40:36,069 [Thread-2078] INFO  impl.FollowerState (FollowerState.java:run(117)) - 7b1e61a0-7daf-43dd-99d5-9b325c1d31ae@group-091950D56227-FollowerState was interrupted: java.lang.InterruptedException: sleep interrupted
2019-10-20 17:40:36,069 [grpc-default-executor-1] INFO  impl.RoleInfo (RoleInfo.java:updateAndGet(143)) - 7b1e61a0-7daf-43dd-99d5-9b325c1d31ae: start FollowerState
2019-10-20 17:40:36,070 [Thread-2077] INFO  impl.FollowerState (FollowerState.java:run(117)) - 8a63e1ae-032e-4bed-9f20-125a11f65413@group-091950D56227-FollowerState was interrupted: java.lang.InterruptedException: sleep interrupted
2019-10-20 17:40:36,069 [grpc-default-executor-2] INFO  impl.RoleInfo (RoleInfo.java:updateAndGet(143)) - 8a63e1ae-032e-4bed-9f20-125a11f65413: start FollowerState
2019-10-20 17:40:36,093 [8f18dce1-0a3d-4b65-9c78-af3d58b2da7f@group-091950D56227-LeaderElection289] INFO  impl.LeaderElection (LeaderElection.java:logAndReturn(56)) - 8f18dce1-0a3d-4b65-9c78-af3d58b2da7f@group-091950D56227-LeaderElection289: Election REJECTED; received 2 response(s) [8f18dce1-0a3d-4b65-9c78-af3d58b2da7f<-8a63e1ae-032e-4bed-9f20-125a11f65413#0:FAIL-t344, 8f18dce1-0a3d-4b65-9c78-af3d58b2da7f<-7b1e61a0-7daf-43dd-99d5-9b325c1d31ae#0:FAIL-t344] and 0 exception(s); 8f18dce1-0a3d-4b65-9c78-af3d58b2da7f@group-091950D56227:t344, leader=null, voted=8f18dce1-0a3d-4b65-9c78-af3d58b2da7f, raftlog=8f18dce1-0a3d-4b65-9c78-af3d58b2da7f@group-091950D56227-SegmentedRaftLog:OPENED:c-1,f-1,i0, conf=-1: [8a63e1ae-032e-4bed-9f20-125a11f65413:0.0.0.0:38685, 8f18dce1-0a3d-4b65-9c78-af3d58b2da7f:0.0.0.0:42489, 7b1e61a0-7daf-43dd-99d5-9b325c1d31ae:0.0.0.0:38412], old=null
2019-10-20 17:40:36,093 [8f18dce1-0a3d-4b65-9c78-af3d58b2da7f@group-091950D56227-LeaderElection289] INFO  impl.RaftServerImpl (RaftServerImpl.java:setRole(184)) - 8f18dce1-0a3d-4b65-9c78-af3d58b2da7f@group-091950D56227: changes role from CANDIDATE to FOLLOWER at term 344 for DISCOVERED_A_NEW_TERM
2019-10-20 17:40:36,093 [8f18dce1-0a3d-4b65-9c78-af3d58b2da7f@group-091950D56227-LeaderElection289] INFO  impl.RoleInfo (RoleInfo.java:shutdownLeaderElection(134)) - 8f18dce1-0a3d-4b65-9c78-af3d58b2da7f: shutdown LeaderElection
2019-10-20 17:40:36,093 [8f18dce1-0a3d-4b65-9c78-af3d58b2da7f@group-091950D56227-LeaderElection289] INFO  impl.RoleInfo (RoleInfo.java:updateAndGet(143)) - 8f18dce1-0a3d-4b65-9c78-af3d58b2da7f: start FollowerState
2019-10-20 17:40:36,242 [Thread-2085] INFO  impl.FollowerState (FollowerState.java:run(108)) - 8f18dce1-0a3d-4b65-9c78-af3d58b2da7f@group-091950D56227-FollowerState: change to CANDIDATE, lastRpcTime:148ms, electionTimeout:148ms
2019-10-20 17:40:36,242 [Thread-2085] INFO  impl.RoleInfo (RoleInfo.java:shutdownFollowerState(121)) - 8f18dce1-0a3d-4b65-9c78-af3d58b2da7f: shutdown FollowerState
2019-10-20 17:40:36,242 [Thread-2085] INFO  impl.RaftServerImpl (RaftServerImpl.java:setRole(184)) - 8f18dce1-0a3d-4b65-9c78-af3d58b2da7f@group-091950D56227: changes role from  FOLLOWER to CANDIDATE at term 344 for changeToCandidate
2019-10-20 17:40:36,242 [Thread-2085] INFO  impl.RoleInfo (RoleInfo.java:updateAndGet(143)) - 8f18dce1-0a3d-4b65-9c78-af3d58b2da7f: start LeaderElection
2019-10-20 17:40:36,268 [8f18dce1-0a3d-4b65-9c78-af3d58b2da7f@group-091950D56227-LeaderElection290] INFO  impl.LeaderElection (LeaderElection.java:askForVotes(178)) - 8f18dce1-0a3d-4b65-9c78-af3d58b2da7f@group-091950D56227-LeaderElection290: begin an election at term 345 for -1: [8a63e1ae-032e-4bed-9f20-125a11f65413:0.0.0.0:38685, 8f18dce1-0a3d-4b65-9c78-af3d58b2da7f:0.0.0.0:42489, 7b1e61a0-7daf-43dd-99d5-9b325c1d31ae:0.0.0.0:38412], old=null
2019-10-20 17:40:36,269 [grpc-default-executor-1] INFO  impl.RaftServerImpl (RaftServerImpl.java:setRole(184)) - 8a63e1ae-032e-4bed-9f20-125a11f65413@group-091950D56227: changes role from  FOLLOWER to FOLLOWER at term 345 for recognizeCandidate:8f18dce1-0a3d-4b65-9c78-af3d58b2da7f
2019-10-20 17:40:36,269 [grpc-default-executor-1] INFO  impl.RoleInfo (RoleInfo.java:shutdownFollowerState(121)) - 8a63e1ae-032e-4bed-9f20-125a11f65413: shutdown FollowerState
2019-10-20 17:40:36,269 [grpc-default-executor-2] INFO  impl.RaftServerImpl (RaftServerImpl.java:setRole(184)) - 7b1e61a0-7daf-43dd-99d5-9b325c1d31ae@group-091950D56227: changes role from  FOLLOWER to FOLLOWER at term 345 for recognizeCandidate:8f18dce1-0a3d-4b65-9c78-af3d58b2da7f
2019-10-20 17:40:36,269 [Thread-2084] INFO  impl.FollowerState (FollowerState.java:run(117)) - 8a63e1ae-032e-4bed-9f20-125a11f65413@group-091950D56227-FollowerState was interrupted: java.lang.InterruptedException: sleep interrupted
2019-10-20 17:40:36,269 [grpc-default-executor-1] INFO  impl.RoleInfo (RoleInfo.java:updateAndGet(143)) - 8a63e1ae-032e-4bed-9f20-125a11f65413: start FollowerState
2019-10-20 17:40:36,270 [grpc-default-executor-2] INFO  impl.RoleInfo (RoleInfo.java:shutdownFollowerState(121)) - 7b1e61a0-7daf-43dd-99d5-9b325c1d31ae: shutdown FollowerState
2019-10-20 17:40:36,270 [grpc-default-executor-2] INFO  impl.RoleInfo (RoleInfo.java:updateAndGet(143)) - 7b1e61a0-7daf-43dd-99d5-9b325c1d31ae: start FollowerState
2019-10-20 17:40:36,270 [Thread-2083] INFO  impl.FollowerState (FollowerState.java:run(117)) - 7b1e61a0-7daf-43dd-99d5-9b325c1d31ae@group-091950D56227-FollowerState was interrupted: java.lang.InterruptedException: sleep interrupted
2019-10-20 17:40:36,294 [8f18dce1-0a3d-4b65-9c78-af3d58b2da7f@group-091950D56227-LeaderElection290] INFO  impl.LeaderElection (LeaderElection.java:logAndReturn(56)) - 8f18dce1-0a3d-4b65-9c78-af3d58b2da7f@group-091950D56227-LeaderElection290: Election REJECTED; received 2 response(s) [8f18dce1-0a3d-4b65-9c78-af3d58b2da7f<-8a63e1ae-032e-4bed-9f20-125a11f65413#0:FAIL-t345, 8f18dce1-0a3d-4b65-9c78-af3d58b2da7f<-7b1e61a0-7daf-43dd-99d5-9b325c1d31ae#0:FAIL-t345] and 0 exception(s); 8f18dce1-0a3d-4b65-9c78-af3d58b2da7f@group-091950D56227:t345, leader=null, voted=8f18dce1-0a3d-4b65-9c78-af3d58b2da7f, raftlog=8f18dce1-0a3d-4b65-9c78-af3d58b2da7f@group-091950D56227-SegmentedRaftLog:OPENED:c-1,f-1,i0, conf=-1: [8a63e1ae-032e-4bed-9f20-125a11f65413:0.0.0.0:38685, 8f18dce1-0a3d-4b65-9c78-af3d58b2da7f:0.0.0.0:42489, 7b1e61a0-7daf-43dd-99d5-9b325c1d31ae:0.0.0.0:38412], old=null
2019-10-20 17:40:36,294 [8f18dce1-0a3d-4b65-9c78-af3d58b2da7f@group-091950D56227-LeaderElection290] INFO  impl.RaftServerImpl (RaftServerImpl.java:setRole(184)) - 8f18dce1-0a3d-4b65-9c78-af3d58b2da7f@group-091950D56227: changes role from CANDIDATE to FOLLOWER at term 345 for DISCOVERED_A_NEW_TERM
2019-10-20 17:40:36,294 [8f18dce1-0a3d-4b65-9c78-af3d58b2da7f@group-091950D56227-LeaderElection290] INFO  impl.RoleInfo (RoleInfo.java:shutdownLeaderElection(134)) - 8f18dce1-0a3d-4b65-9c78-af3d58b2da7f: shutdown LeaderElection
2019-10-20 17:40:36,294 [8f18dce1-0a3d-4b65-9c78-af3d58b2da7f@group-091950D56227-LeaderElection290] INFO  impl.RoleInfo (RoleInfo.java:updateAndGet(143)) - 8f18dce1-0a3d-4b65-9c78-af3d58b2da7f: start FollowerState
2019-10-20 17:40:36,443 [Thread-2091] INFO  impl.FollowerState (FollowerState.java:run(108)) - 8f18dce1-0a3d-4b65-9c78-af3d58b2da7f@group-091950D56227-FollowerState: change to CANDIDATE, lastRpcTime:148ms, electionTimeout:148ms
2019-10-20 17:40:36,443 [Thread-2091] INFO  impl.RoleInfo (RoleInfo.java:shutdownFollowerState(121)) - 8f18dce1-0a3d-4b65-9c78-af3d58b2da7f: shutdown FollowerState
2019-10-20 17:40:36,443 [Thread-2091] INFO  impl.RaftServerImpl (RaftServerImpl.java:setRole(184)) - 8f18dce1-0a3d-4b65-9c78-af3d58b2da7f@group-091950D56227: changes role from  FOLLOWER to CANDIDATE at term 345 for changeToCandidate
2019-10-20 17:40:36,443 [Thread-2091] INFO  impl.RoleInfo (RoleInfo.java:updateAndGet(143)) - 8f18dce1-0a3d-4b65-9c78-af3d58b2da7f: start LeaderElection
2019-10-20 17:40:36,469 [8f18dce1-0a3d-4b65-9c78-af3d58b2da7f@group-091950D56227-LeaderElection291] INFO  impl.LeaderElection (LeaderElection.java:askForVotes(178)) - 8f18dce1-0a3d-4b65-9c78-af3d58b2da7f@group-091950D56227-LeaderElection291: begin an election at term 346 for -1: [8a63e1ae-032e-4bed-9f20-125a11f65413:0.0.0.0:38685, 8f18dce1-0a3d-4b65-9c78-af3d58b2da7f:0.0.0.0:42489, 7b1e61a0-7daf-43dd-99d5-9b325c1d31ae:0.0.0.0:38412], old=null
2019-10-20 17:40:36,471 [grpc-default-executor-2] INFO  impl.RaftServerImpl (RaftServerImpl.java:setRole(184)) - 7b1e61a0-7daf-43dd-99d5-9b325c1d31ae@group-091950D56227: changes role from  FOLLOWER to FOLLOWER at term 346 for recognizeCandidate:8f18dce1-0a3d-4b65-9c78-af3d58b2da7f
2019-10-20 17:40:36,471 [grpc-default-executor-1] INFO  impl.RaftServerImpl (RaftServerImpl.java:setRole(184)) - 8a63e1ae-032e-4bed-9f20-125a11f65413@group-091950D56227: changes role from  FOLLOWER to FOLLOWER at term 346 for recognizeCandidate:8f18dce1-0a3d-4b65-9c78-af3d58b2da7f
2019-10-20 17:40:36,471 [grpc-default-executor-2] INFO  impl.RoleInfo (RoleInfo.java:shutdownFollowerState(121)) - 7b1e61a0-7daf-43dd-99d5-9b325c1d31ae: shutdown FollowerState
2019-10-20 17:40:36,471 [grpc-default-executor-1] INFO  impl.RoleInfo (RoleInfo.java:shutdownFollowerState(121)) - 8a63e1ae-032e-4bed-9f20-125a11f65413: shutdown FollowerState
2019-10-20 17:40:36,471 [Thread-2090] INFO  impl.FollowerState (FollowerState.java:run(117)) - 7b1e61a0-7daf-43dd-99d5-9b325c1d31ae@group-091950D56227-FollowerState was interrupted: java.lang.InterruptedException: sleep interrupted
2019-10-20 17:40:36,471 [grpc-default-executor-2] INFO  impl.RoleInfo (RoleInfo.java:updateAndGet(143)) - 7b1e61a0-7daf-43dd-99d5-9b325c1d31ae: start FollowerState
2019-10-20 17:40:36,472 [Thread-2089] INFO  impl.FollowerState (FollowerState.java:run(117)) - 8a63e1ae-032e-4bed-9f20-125a11f65413@group-091950D56227-FollowerState was interrupted: java.lang.InterruptedException: sleep interrupted
2019-10-20 17:40:36,472 [grpc-default-executor-1] INFO  impl.RoleInfo (RoleInfo.java:updateAndGet(143)) - 8a63e1ae-032e-4bed-9f20-125a11f65413: start FollowerState
2019-10-20 17:40:36,491 [8f18dce1-0a3d-4b65-9c78-af3d58b2da7f@group-091950D56227-LeaderElection291] INFO  impl.LeaderElection (LeaderElection.java:logAndReturn(56)) - 8f18dce1-0a3d-4b65-9c78-af3d58b2da7f@group-091950D56227-LeaderElection291: Election TIMEOUT; received 0 response(s) [] and 0 exception(s); 8f18dce1-0a3d-4b65-9c78-af3d58b2da7f@group-091950D56227:t346, leader=null, voted=8f18dce1-0a3d-4b65-9c78-af3d58b2da7f, raftlog=8f18dce1-0a3d-4b65-9c78-af3d58b2da7f@group-091950D56227-SegmentedRaftLog:OPENED:c-1,f-1,i0, conf=-1: [8a63e1ae-032e-4bed-9f20-125a11f65413:0.0.0.0:38685, 8f18dce1-0a3d-4b65-9c78-af3d58b2da7f:0.0.0.0:42489, 7b1e61a0-7daf-43dd-99d5-9b325c1d31ae:0.0.0.0:38412], old=null
2019-10-20 17:40:36,520 [8f18dce1-0a3d-4b65-9c78-af3d58b2da7f@group-091950D56227-LeaderElection291] INFO  impl.LeaderElection (LeaderElection.java:askForVotes(178)) - 8f18dce1-0a3d-4b65-9c78-af3d58b2da7f@group-091950D56227-LeaderElection291: begin an election at term 347 for -1: [8a63e1ae-032e-4bed-9f20-125a11f65413:0.0.0.0:38685, 8f18dce1-0a3d-4b65-9c78-af3d58b2da7f:0.0.0.0:42489, 7b1e61a0-7daf-43dd-99d5-9b325c1d31ae:0.0.0.0:38412], old=null
2019-10-20 17:40:36,521 [grpc-default-executor-1] INFO  impl.RaftServerImpl (RaftServerImpl.java:setRole(184)) - 7b1e61a0-7daf-43dd-99d5-9b325c1d31ae@group-091950D56227: changes role from  FOLLOWER to FOLLOWER at term 347 for recognizeCandidate:8f18dce1-0a3d-4b65-9c78-af3d58b2da7f
2019-10-20 17:40:36,521 [grpc-default-executor-2] INFO  impl.RaftServerImpl (RaftServerImpl.java:setRole(184)) - 8a63e1ae-032e-4bed-9f20-125a11f65413@group-091950D56227: changes role from  FOLLOWER to FOLLOWER at term 347 for recognizeCandidate:8f18dce1-0a3d-4b65-9c78-af3d58b2da7f
2019-10-20 17:40:36,521 [grpc-default-executor-1] INFO  impl.RoleInfo (RoleInfo.java:shutdownFollowerState(121)) - 7b1e61a0-7daf-43dd-99d5-9b325c1d31ae: shutdown FollowerState
2019-10-20 17:40:36,522 [grpc-default-executor-2] INFO  impl.RoleInfo (RoleInfo.java:shutdownFollowerState(121)) - 8a63e1ae-032e-4bed-9f20-125a11f65413: shutdown FollowerState
2019-10-20 17:40:36,522 [grpc-default-executor-1] INFO  impl.RoleInfo (RoleInfo.java:updateAndGet(143)) - 7b1e61a0-7daf-43dd-99d5-9b325c1d31ae: start FollowerState
2019-10-20 17:40:36,522 [Thread-2098] INFO  impl.FollowerState (FollowerState.java:run(117)) - 8a63e1ae-032e-4bed-9f20-125a11f65413@group-091950D56227-FollowerState was interrupted: java.lang.InterruptedException: sleep interrupted
2019-10-20 17:40:36,522 [grpc-default-executor-2] INFO  impl.RoleInfo (RoleInfo.java:updateAndGet(143)) - 8a63e1ae-032e-4bed-9f20-125a11f65413: start FollowerState
2019-10-20 17:40:36,522 [Thread-2097] INFO  impl.FollowerState (FollowerState.java:run(117)) - 7b1e61a0-7daf-43dd-99d5-9b325c1d31ae@group-091950D56227-FollowerState was interrupted: java.lang.InterruptedException: sleep interrupted
2019-10-20 17:40:36,547 [8f18dce1-0a3d-4b65-9c78-af3d58b2da7f@group-091950D56227-LeaderElection291] INFO  impl.LeaderElection (LeaderElection.java:logAndReturn(56)) - 8f18dce1-0a3d-4b65-9c78-af3d58b2da7f@group-091950D56227-LeaderElection291: Election REJECTED; received 2 response(s) [8f18dce1-0a3d-4b65-9c78-af3d58b2da7f<-8a63e1ae-032e-4bed-9f20-125a11f65413#0:FAIL-t347, 8f18dce1-0a3d-4b65-9c78-af3d58b2da7f<-7b1e61a0-7daf-43dd-99d5-9b325c1d31ae#0:FAIL-t347] and 0 exception(s); 8f18dce1-0a3d-4b65-9c78-af3d58b2da7f@group-091950D56227:t347, leader=null, voted=8f18dce1-0a3d-4b65-9c78-af3d58b2da7f, raftlog=8f18dce1-0a3d-4b65-9c78-af3d58b2da7f@group-091950D56227-SegmentedRaftLog:OPENED:c-1,f-1,i0, conf=-1: [8a63e1ae-032e-4bed-9f20-125a11f65413:0.0.0.0:38685, 8f18dce1-0a3d-4b65-9c78-af3d58b2da7f:0.0.0.0:42489, 7b1e61a0-7daf-43dd-99d5-9b325c1d31ae:0.0.0.0:38412], old=null
2019-10-20 17:40:36,547 [8f18dce1-0a3d-4b65-9c78-af3d58b2da7f@group-091950D56227-LeaderElection291] INFO  impl.RaftServerImpl (RaftServerImpl.java:setRole(184)) - 8f18dce1-0a3d-4b65-9c78-af3d58b2da7f@group-091950D56227: changes role from CANDIDATE to FOLLOWER at term 347 for DISCOVERED_A_NEW_TERM
2019-10-20 17:40:36,547 [8f18dce1-0a3d-4b65-9c78-af3d58b2da7f@group-091950D56227-LeaderElection291] INFO  impl.RoleInfo (RoleInfo.java:shutdownLeaderElection(134)) - 8f18dce1-0a3d-4b65-9c78-af3d58b2da7f: shutdown LeaderElection
2019-10-20 17:40:36,548 [8f18dce1-0a3d-4b65-9c78-af3d58b2da7f@group-091950D56227-LeaderElection291] INFO  impl.RoleInfo (RoleInfo.java:updateAndGet(143)) - 8f18dce1-0a3d-4b65-9c78-af3d58b2da7f: start FollowerState
2019-10-20 17:40:36,642 [Thread-2103] INFO  impl.FollowerState (FollowerState.java:run(108)) - 8f18dce1-0a3d-4b65-9c78-af3d58b2da7f@group-091950D56227-FollowerState: change to CANDIDATE, lastRpcTime:94ms, electionTimeout:94ms
2019-10-20 17:40:36,642 [Thread-2103] INFO  impl.RoleInfo (RoleInfo.java:shutdownFollowerState(121)) - 8f18dce1-0a3d-4b65-9c78-af3d58b2da7f: shutdown FollowerState
2019-10-20 17:40:36,643 [Thread-2103] INFO  impl.RaftServerImpl (RaftServerImpl.java:setRole(184)) - 8f18dce1-0a3d-4b65-9c78-af3d58b2da7f@group-091950D56227: changes role from  FOLLOWER to CANDIDATE at term 347 for changeToCandidate
2019-10-20 17:40:36,643 [Thread-2103] INFO  impl.RoleInfo (RoleInfo.java:updateAndGet(143)) - 8f18dce1-0a3d-4b65-9c78-af3d58b2da7f: start LeaderElection
2019-10-20 17:40:36,705 [8f18dce1-0a3d-4b65-9c78-af3d58b2da7f@group-091950D56227-LeaderElection292] INFO  impl.LeaderElection (LeaderElection.java:askForVotes(178)) - 8f18dce1-0a3d-4b65-9c78-af3d58b2da7f@group-091950D56227-LeaderElection292: begin an election at term 348 for -1: [8a63e1ae-032e-4bed-9f20-125a11f65413:0.0.0.0:38685, 8f18dce1-0a3d-4b65-9c78-af3d58b2da7f:0.0.0.0:42489, 7b1e61a0-7daf-43dd-99d5-9b325c1d31ae:0.0.0.0:38412], old=null
2019-10-20 17:40:36,707 [grpc-default-executor-1] INFO  impl.RaftServerImpl (RaftServerImpl.java:setRole(184)) - 8a63e1ae-032e-4bed-9f20-125a11f65413@group-091950D56227: changes role from  FOLLOWER to FOLLOWER at term 348 for recognizeCandidate:8f18dce1-0a3d-4b65-9c78-af3d58b2da7f
2019-10-20 17:40:36,707 [grpc-default-executor-2] INFO  impl.RaftServerImpl (RaftServerImpl.java:setRole(184)) - 7b1e61a0-7daf-43dd-99d5-9b325c1d31ae@group-091950D56227: changes role from  FOLLOWER to FOLLOWER at term 348 for recognizeCandidate:8f18dce1-0a3d-4b65-9c78-af3d58b2da7f
2019-10-20 17:40:36,708 [grpc-default-executor-2] INFO  impl.RoleInfo (RoleInfo.java:shutdownFollowerState(121)) - 7b1e61a0-7daf-43dd-99d5-9b325c1d31ae: shutdown FollowerState
2019-10-20 17:40:36,708 [grpc-default-executor-1] INFO  impl.RoleInfo (RoleInfo.java:shutdownFollowerState(121)) - 8a63e1ae-032e-4bed-9f20-125a11f65413: shutdown FollowerState
2019-10-20 17:40:36,708 [Thread-2101] INFO  impl.FollowerState (FollowerState.java:run(117)) - 7b1e61a0-7daf-43dd-99d5-9b325c1d31ae@group-091950D56227-FollowerState was interrupted: java.lang.InterruptedException: sleep interrupted
2019-10-20 17:40:36,708 [grpc-default-executor-2] INFO  impl.RoleInfo (RoleInfo.java:updateAndGet(143)) - 7b1e61a0-7daf-43dd-99d5-9b325c1d31ae: start FollowerState
2019-10-20 17:40:36,708 [Thread-2102] INFO  impl.FollowerState (FollowerState.java:run(117)) - 8a63e1ae-032e-4bed-9f20-125a11f65413@group-091950D56227-FollowerState was interrupted: java.lang.InterruptedException: sleep interrupted
2019-10-20 17:40:36,708 [grpc-default-executor-1] INFO  impl.RoleInfo (RoleInfo.java:updateAndGet(143)) - 8a63e1ae-032e-4bed-9f20-125a11f65413: start FollowerState
2019-10-20 17:40:36,732 [8f18dce1-0a3d-4b65-9c78-af3d58b2da7f@group-091950D56227-LeaderElection292] INFO  impl.LeaderElection (LeaderElection.java:logAndReturn(56)) - 8f18dce1-0a3d-4b65-9c78-af3d58b2da7f@group-091950D56227-LeaderElection292: Election REJECTED; received 2 response(s) [8f18dce1-0a3d-4b65-9c78-af3d58b2da7f<-8a63e1ae-032e-4bed-9f20-125a11f65413#0:FAIL-t348, 8f18dce1-0a3d-4b65-9c78-af3d58b2da7f<-7b1e61a0-7daf-43dd-99d5-9b325c1d31ae#0:FAIL-t348] and 0 exception(s); 8f18dce1-0a3d-4b65-9c78-af3d58b2da7f@group-091950D56227:t348, leader=null, voted=8f18dce1-0a3d-4b65-9c78-af3d58b2da7f, raftlog=8f18dce1-0a3d-4b65-9c78-af3d58b2da7f@group-091950D56227-SegmentedRaftLog:OPENED:c-1,f-1,i0, conf=-1: [8a63e1ae-032e-4bed-9f20-125a11f65413:0.0.0.0:38685, 8f18dce1-0a3d-4b65-9c78-af3d58b2da7f:0.0.0.0:42489, 7b1e61a0-7daf-43dd-99d5-9b325c1d31ae:0.0.0.0:38412], old=null
2019-10-20 17:40:36,732 [8f18dce1-0a3d-4b65-9c78-af3d58b2da7f@group-091950D56227-LeaderElection292] INFO  impl.RaftServerImpl (RaftServerImpl.java:setRole(184)) - 8f18dce1-0a3d-4b65-9c78-af3d58b2da7f@group-091950D56227: changes role from CANDIDATE to FOLLOWER at term 348 for DISCOVERED_A_NEW_TERM
2019-10-20 17:40:36,732 [8f18dce1-0a3d-4b65-9c78-af3d58b2da7f@group-091950D56227-LeaderElection292] INFO  impl.RoleInfo (RoleInfo.java:shutdownLeaderElection(134)) - 8f18dce1-0a3d-4b65-9c78-af3d58b2da7f: shutdown LeaderElection
2019-10-20 17:40:36,732 [8f18dce1-0a3d-4b65-9c78-af3d58b2da7f@group-091950D56227-LeaderElection292] INFO  impl.RoleInfo (RoleInfo.java:updateAndGet(143)) - 8f18dce1-0a3d-4b65-9c78-af3d58b2da7f: start FollowerState
2019-10-20 17:40:36,915 [Thread-2109] INFO  impl.FollowerState (FollowerState.java:run(108)) - 8f18dce1-0a3d-4b65-9c78-af3d58b2da7f@group-091950D56227-FollowerState: change to CANDIDATE, lastRpcTime:182ms, electionTimeout:182ms
2019-10-20 17:40:36,915 [Thread-2109] INFO  impl.RoleInfo (RoleInfo.java:shutdownFollowerState(121)) - 8f18dce1-0a3d-4b65-9c78-af3d58b2da7f: shutdown FollowerState
2019-10-20 17:40:36,915 [Thread-2109] INFO  impl.RaftServerImpl (RaftServerImpl.java:setRole(184)) - 8f18dce1-0a3d-4b65-9c78-af3d58b2da7f@group-091950D56227: changes role from  FOLLOWER to CANDIDATE at term 348 for changeToCandidate
2019-10-20 17:40:36,915 [Thread-2109] INFO  impl.RoleInfo (RoleInfo.java:updateAndGet(143)) - 8f18dce1-0a3d-4b65-9c78-af3d58b2da7f: start LeaderElection
2019-10-20 17:40:36,940 [8f18dce1-0a3d-4b65-9c78-af3d58b2da7f@group-091950D56227-LeaderElection293] INFO  impl.LeaderElection (LeaderElection.java:askForVotes(178)) - 8f18dce1-0a3d-4b65-9c78-af3d58b2da7f@group-091950D56227-LeaderElection293: begin an election at term 349 for -1: [8a63e1ae-032e-4bed-9f20-125a11f65413:0.0.0.0:38685, 8f18dce1-0a3d-4b65-9c78-af3d58b2da7f:0.0.0.0:42489, 7b1e61a0-7daf-43dd-99d5-9b325c1d31ae:0.0.0.0:38412], old=null
2019-10-20 17:40:36,942 [grpc-default-executor-1] INFO  impl.RaftServerImpl (RaftServerImpl.java:setRole(184)) - 7b1e61a0-7daf-43dd-99d5-9b325c1d31ae@group-091950D56227: changes role from  FOLLOWER to FOLLOWER at term 349 for recognizeCandidate:8f18dce1-0a3d-4b65-9c78-af3d58b2da7f
2019-10-20 17:40:36,942 [grpc-default-executor-2] INFO  impl.RaftServerImpl (RaftServerImpl.java:setRole(184)) - 8a63e1ae-032e-4bed-9f20-125a11f65413@group-091950D56227: changes role from  FOLLOWER to FOLLOWER at term 349 for recognizeCandidate:8f18dce1-0a3d-4b65-9c78-af3d58b2da7f
2019-10-20 17:40:36,942 [grpc-default-executor-2] INFO  impl.RoleInfo (RoleInfo.java:shutdownFollowerState(121)) - 8a63e1ae-032e-4bed-9f20-125a11f65413: shutdown FollowerState
2019-10-20 17:40:36,942 [grpc-default-executor-1] INFO  impl.RoleInfo (RoleInfo.java:shutdownFollowerState(121)) - 7b1e61a0-7daf-43dd-99d5-9b325c1d31ae: shutdown FollowerState
2019-10-20 17:40:36,942 [Thread-2108] INFO  impl.FollowerState (FollowerState.java:run(117)) - 8a63e1ae-032e-4bed-9f20-125a11f65413@group-091950D56227-FollowerState was interrupted: java.lang.InterruptedException: sleep interrupted
2019-10-20 17:40:36,942 [Thread-2107] INFO  impl.FollowerState (FollowerState.java:run(117)) - 7b1e61a0-7daf-43dd-99d5-9b325c1d31ae@group-091950D56227-FollowerState was interrupted: java.lang.InterruptedException: sleep interrupted
2019-10-20 17:40:36,942 [grpc-default-executor-2] INFO  impl.RoleInfo (RoleInfo.java:updateAndGet(143)) - 8a63e1ae-032e-4bed-9f20-125a11f65413: start FollowerState
2019-10-20 17:40:36,942 [grpc-default-executor-1] INFO  impl.RoleInfo (RoleInfo.java:updateAndGet(143)) - 7b1e61a0-7daf-43dd-99d5-9b325c1d31ae: start FollowerState
2019-10-20 17:40:36,966 [8f18dce1-0a3d-4b65-9c78-af3d58b2da7f@group-091950D56227-LeaderElection293] INFO  impl.LeaderElection (LeaderElection.java:logAndReturn(56)) - 8f18dce1-0a3d-4b65-9c78-af3d58b2da7f@group-091950D56227-LeaderElection293: Election REJECTED; received 2 response(s) [8f18dce1-0a3d-4b65-9c78-af3d58b2da7f<-8a63e1ae-032e-4bed-9f20-125a11f65413#0:FAIL-t349, 8f18dce1-0a3d-4b65-9c78-af3d58b2da7f<-7b1e61a0-7daf-43dd-99d5-9b325c1d31ae#0:FAIL-t349] and 0 exception(s); 8f18dce1-0a3d-4b65-9c78-af3d58b2da7f@group-091950D56227:t349, leader=null, voted=8f18dce1-0a3d-4b65-9c78-af3d58b2da7f, raftlog=8f18dce1-0a3d-4b65-9c78-af3d58b2da7f@group-091950D56227-SegmentedRaftLog:OPENED:c-1,f-1,i0, conf=-1: [8a63e1ae-032e-4bed-9f20-125a11f65413:0.0.0.0:38685, 8f18dce1-0a3d-4b65-9c78-af3d58b2da7f:0.0.0.0:42489, 7b1e61a0-7daf-43dd-99d5-9b325c1d31ae:0.0.0.0:38412], old=null
2019-10-20 17:40:36,966 [8f18dce1-0a3d-4b65-9c78-af3d58b2da7f@group-091950D56227-LeaderElection293] INFO  impl.RaftServerImpl (RaftServerImpl.java:setRole(184)) - 8f18dce1-0a3d-4b65-9c78-af3d58b2da7f@group-091950D56227: changes role from CANDIDATE to FOLLOWER at term 349 for DISCOVERED_A_NEW_TERM
2019-10-20 17:40:36,966 [8f18dce1-0a3d-4b65-9c78-af3d58b2da7f@group-091950D56227-LeaderElection293] INFO  impl.RoleInfo (RoleInfo.java:shutdownLeaderElection(134)) - 8f18dce1-0a3d-4b65-9c78-af3d58b2da7f: shutdown LeaderElection
2019-10-20 17:40:36,966 [8f18dce1-0a3d-4b65-9c78-af3d58b2da7f@group-091950D56227-LeaderElection293] INFO  impl.RoleInfo (RoleInfo.java:updateAndGet(143)) - 8f18dce1-0a3d-4b65-9c78-af3d58b2da7f: start FollowerState
2019-10-20 17:40:37,050 [Thread-2115] INFO  impl.FollowerState (FollowerState.java:run(108)) - 8f18dce1-0a3d-4b65-9c78-af3d58b2da7f@group-091950D56227-FollowerState: change to CANDIDATE, lastRpcTime:83ms, electionTimeout:83ms
2019-10-20 17:40:37,050 [Thread-2115] INFO  impl.RoleInfo (RoleInfo.java:shutdownFollowerState(121)) - 8f18dce1-0a3d-4b65-9c78-af3d58b2da7f: shutdown FollowerState
2019-10-20 17:40:37,050 [Thread-2115] INFO  impl.RaftServerImpl (RaftServerImpl.java:setRole(184)) - 8f18dce1-0a3d-4b65-9c78-af3d58b2da7f@group-091950D56227: changes role from  FOLLOWER to CANDIDATE at term 349 for changeToCandidate
2019-10-20 17:40:37,050 [Thread-2115] INFO  impl.RoleInfo (RoleInfo.java:updateAndGet(143)) - 8f18dce1-0a3d-4b65-9c78-af3d58b2da7f: start LeaderElection
2019-10-20 17:40:37,074 [8f18dce1-0a3d-4b65-9c78-af3d58b2da7f@group-091950D56227-LeaderElection294] INFO  impl.LeaderElection (LeaderElection.java:askForVotes(178)) - 8f18dce1-0a3d-4b65-9c78-af3d58b2da7f@group-091950D56227-LeaderElection294: begin an election at term 350 for -1: [8a63e1ae-032e-4bed-9f20-125a11f65413:0.0.0.0:38685, 8f18dce1-0a3d-4b65-9c78-af3d58b2da7f:0.0.0.0:42489, 7b1e61a0-7daf-43dd-99d5-9b325c1d31ae:0.0.0.0:38412], old=null
2019-10-20 17:40:37,075 [grpc-default-executor-2] INFO  impl.RaftServerImpl (RaftServerImpl.java:setRole(184)) - 8a63e1ae-032e-4bed-9f20-125a11f65413@group-091950D56227: changes role from  FOLLOWER to FOLLOWER at term 350 for recognizeCandidate:8f18dce1-0a3d-4b65-9c78-af3d58b2da7f
2019-10-20 17:40:37,076 [grpc-default-executor-2] INFO  impl.RoleInfo (RoleInfo.java:shutdownFollowerState(121)) - 8a63e1ae-032e-4bed-9f20-125a11f65413: shutdown FollowerState
2019-10-20 17:40:37,076 [grpc-default-executor-1] INFO  impl.RaftServerImpl (RaftServerImpl.java:setRole(184)) - 7b1e61a0-7daf-43dd-99d5-9b325c1d31ae@group-091950D56227: changes role from  FOLLOWER to FOLLOWER at term 350 for recognizeCandidate:8f18dce1-0a3d-4b65-9c78-af3d58b2da7f
2019-10-20 17:40:37,076 [grpc-default-executor-1] INFO  impl.RoleInfo (RoleInfo.java:shutdownFollowerState(121)) - 7b1e61a0-7daf-43dd-99d5-9b325c1d31ae: shutdown FollowerState
2019-10-20 17:40:37,076 [Thread-2113] INFO  impl.FollowerState (FollowerState.java:run(117)) - 8a63e1ae-032e-4bed-9f20-125a11f65413@group-091950D56227-FollowerState was interrupted: java.lang.InterruptedException: sleep interrupted
2019-10-20 17:40:37,076 [Thread-2114] INFO  impl.FollowerState (FollowerState.java:run(117)) - 7b1e61a0-7daf-43dd-99d5-9b325c1d31ae@group-091950D56227-FollowerState was interrupted: java.lang.InterruptedException: sleep interrupted
2019-10-20 17:40:37,076 [grpc-default-executor-2] INFO  impl.RoleInfo (RoleInfo.java:updateAndGet(143)) - 8a63e1ae-032e-4bed-9f20-125a11f65413: start FollowerState
2019-10-20 17:40:37,076 [grpc-default-executor-1] INFO  impl.RoleInfo (RoleInfo.java:updateAndGet(143)) - 7b1e61a0-7daf-43dd-99d5-9b325c1d31ae: start FollowerState
2019-10-20 17:40:37,100 [8f18dce1-0a3d-4b65-9c78-af3d58b2da7f@group-091950D56227-LeaderElection294] INFO  impl.LeaderElection (LeaderElection.java:logAndReturn(56)) - 8f18dce1-0a3d-4b65-9c78-af3d58b2da7f@group-091950D56227-LeaderElection294: Election REJECTED; received 2 response(s) [8f18dce1-0a3d-4b65-9c78-af3d58b2da7f<-8a63e1ae-032e-4bed-9f20-125a11f65413#0:FAIL-t350, 8f18dce1-0a3d-4b65-9c78-af3d58b2da7f<-7b1e61a0-7daf-43dd-99d5-9b325c1d31ae#0:FAIL-t350] and 0 exception(s); 8f18dce1-0a3d-4b65-9c78-af3d58b2da7f@group-091950D56227:t350, leader=null, voted=8f18dce1-0a3d-4b65-9c78-af3d58b2da7f, raftlog=8f18dce1-0a3d-4b65-9c78-af3d58b2da7f@group-091950D56227-SegmentedRaftLog:OPENED:c-1,f-1,i0, conf=-1: [8a63e1ae-032e-4bed-9f20-125a11f65413:0.0.0.0:38685, 8f18dce1-0a3d-4b65-9c78-af3d58b2da7f:0.0.0.0:42489, 7b1e61a0-7daf-43dd-99d5-9b325c1d31ae:0.0.0.0:38412], old=null
2019-10-20 17:40:37,100 [8f18dce1-0a3d-4b65-9c78-af3d58b2da7f@group-091950D56227-LeaderElection294] INFO  impl.RaftServerImpl (RaftServerImpl.java:setRole(184)) - 8f18dce1-0a3d-4b65-9c78-af3d58b2da7f@group-091950D56227: changes role from CANDIDATE to FOLLOWER at term 350 for DISCOVERED_A_NEW_TERM
2019-10-20 17:40:37,101 [8f18dce1-0a3d-4b65-9c78-af3d58b2da7f@group-091950D56227-LeaderElection294] INFO  impl.RoleInfo (RoleInfo.java:shutdownLeaderElection(134)) - 8f18dce1-0a3d-4b65-9c78-af3d58b2da7f: shutdown LeaderElection
2019-10-20 17:40:37,101 [8f18dce1-0a3d-4b65-9c78-af3d58b2da7f@group-091950D56227-LeaderElection294] INFO  impl.RoleInfo (RoleInfo.java:updateAndGet(143)) - 8f18dce1-0a3d-4b65-9c78-af3d58b2da7f: start FollowerState
2019-10-20 17:40:37,127 [Thread-2121] INFO  impl.FollowerState (FollowerState.java:run(108)) - 8f18dce1-0a3d-4b65-9c78-af3d58b2da7f@group-091950D56227-FollowerState: change to CANDIDATE, lastRpcTime:26ms, electionTimeout:26ms
2019-10-20 17:40:37,127 [Thread-2121] INFO  impl.RoleInfo (RoleInfo.java:shutdownFollowerState(121)) - 8f18dce1-0a3d-4b65-9c78-af3d58b2da7f: shutdown FollowerState
2019-10-20 17:40:37,127 [Thread-2121] INFO  impl.RaftServerImpl (RaftServerImpl.java:setRole(184)) - 8f18dce1-0a3d-4b65-9c78-af3d58b2da7f@group-091950D56227: changes role from  FOLLOWER to CANDIDATE at term 350 for changeToCandidate
2019-10-20 17:40:37,127 [Thread-2121] INFO  impl.RoleInfo (RoleInfo.java:updateAndGet(143)) - 8f18dce1-0a3d-4b65-9c78-af3d58b2da7f: start LeaderElection
2019-10-20 17:40:37,150 [8f18dce1-0a3d-4b65-9c78-af3d58b2da7f@group-091950D56227-LeaderElection295] INFO  impl.LeaderElection (LeaderElection.java:askForVotes(178)) - 8f18dce1-0a3d-4b65-9c78-af3d58b2da7f@group-091950D56227-LeaderElection295: begin an election at term 351 for -1: [8a63e1ae-032e-4bed-9f20-125a11f65413:0.0.0.0:38685, 8f18dce1-0a3d-4b65-9c78-af3d58b2da7f:0.0.0.0:42489, 7b1e61a0-7daf-43dd-99d5-9b325c1d31ae:0.0.0.0:38412], old=null
2019-10-20 17:40:37,151 [grpc-default-executor-1] INFO  impl.RaftServerImpl (RaftServerImpl.java:setRole(184)) - 8a63e1ae-032e-4bed-9f20-125a11f65413@group-091950D56227: changes role from  FOLLOWER to FOLLOWER at term 351 for recognizeCandidate:8f18dce1-0a3d-4b65-9c78-af3d58b2da7f
2019-10-20 17:40:37,152 [grpc-default-executor-2] INFO  impl.RaftServerImpl (RaftServerImpl.java:setRole(184)) - 7b1e61a0-7daf-43dd-99d5-9b325c1d31ae@group-091950D56227: changes role from  FOLLOWER to FOLLOWER at term 351 for recognizeCandidate:8f18dce1-0a3d-4b65-9c78-af3d58b2da7f
2019-10-20 17:40:37,152 [grpc-default-executor-1] INFO  impl.RoleInfo (RoleInfo.java:shutdownFollowerState(121)) - 8a63e1ae-032e-4bed-9f20-125a11f65413: shutdown FollowerState
2019-10-20 17:40:37,152 [grpc-default-executor-2] INFO  impl.RoleInfo (RoleInfo.java:shutdownFollowerState(121)) - 7b1e61a0-7daf-43dd-99d5-9b325c1d31ae: shutdown FollowerState
2019-10-20 17:40:37,152 [Thread-2119] INFO  impl.FollowerState (FollowerState.java:run(117)) - 8a63e1ae-032e-4bed-9f20-125a11f65413@group-091950D56227-FollowerState was interrupted: java.lang.InterruptedException: sleep interrupted
2019-10-20 17:40:37,152 [grpc-default-executor-1] INFO  impl.RoleInfo (RoleInfo.java:updateAndGet(143)) - 8a63e1ae-032e-4bed-9f20-125a11f65413: start FollowerState
2019-10-20 17:40:37,152 [Thread-2120] INFO  impl.FollowerState (FollowerState.java:run(117)) - 7b1e61a0-7daf-43dd-99d5-9b325c1d31ae@group-091950D56227-FollowerState was interrupted: java.lang.InterruptedException: sleep interrupted
2019-10-20 17:40:37,152 [grpc-default-executor-2] INFO  impl.RoleInfo (RoleInfo.java:updateAndGet(143)) - 7b1e61a0-7daf-43dd-99d5-9b325c1d31ae: start FollowerState
2019-10-20 17:40:37,176 [8f18dce1-0a3d-4b65-9c78-af3d58b2da7f@group-091950D56227-LeaderElection295] INFO  impl.LeaderElection (LeaderElection.java:logAndReturn(56)) - 8f18dce1-0a3d-4b65-9c78-af3d58b2da7f@group-091950D56227-LeaderElection295: Election REJECTED; received 2 response(s) [8f18dce1-0a3d-4b65-9c78-af3d58b2da7f<-8a63e1ae-032e-4bed-9f20-125a11f65413#0:FAIL-t351, 8f18dce1-0a3d-4b65-9c78-af3d58b2da7f<-7b1e61a0-7daf-43dd-99d5-9b325c1d31ae#0:FAIL-t351] and 0 exception(s); 8f18dce1-0a3d-4b65-9c78-af3d58b2da7f@group-091950D56227:t351, leader=null, voted=8f18dce1-0a3d-4b65-9c78-af3d58b2da7f, raftlog=8f18dce1-0a3d-4b65-9c78-af3d58b2da7f@group-091950D56227-SegmentedRaftLog:OPENED:c-1,f-1,i0, conf=-1: [8a63e1ae-032e-4bed-9f20-125a11f65413:0.0.0.0:38685, 8f18dce1-0a3d-4b65-9c78-af3d58b2da7f:0.0.0.0:42489, 7b1e61a0-7daf-43dd-99d5-9b325c1d31ae:0.0.0.0:38412], old=null
2019-10-20 17:40:37,176 [8f18dce1-0a3d-4b65-9c78-af3d58b2da7f@group-091950D56227-LeaderElection295] INFO  impl.RaftServerImpl (RaftServerImpl.java:setRole(184)) - 8f18dce1-0a3d-4b65-9c78-af3d58b2da7f@group-091950D56227: changes role from CANDIDATE to FOLLOWER at term 351 for DISCOVERED_A_NEW_TERM
2019-10-20 17:40:37,176 [8f18dce1-0a3d-4b65-9c78-af3d58b2da7f@group-091950D56227-LeaderElection295] INFO  impl.RoleInfo (RoleInfo.java:shutdownLeaderElection(134)) - 8f18dce1-0a3d-4b65-9c78-af3d58b2da7f: shutdown LeaderElection
2019-10-20 17:40:37,177 [8f18dce1-0a3d-4b65-9c78-af3d58b2da7f@group-091950D56227-LeaderElection295] INFO  impl.RoleInfo (RoleInfo.java:updateAndGet(143)) - 8f18dce1-0a3d-4b65-9c78-af3d58b2da7f: start FollowerState
2019-10-20 17:40:37,331 [Thread-2127] INFO  impl.FollowerState (FollowerState.java:run(108)) - 8f18dce1-0a3d-4b65-9c78-af3d58b2da7f@group-091950D56227-FollowerState: change to CANDIDATE, lastRpcTime:154ms, electionTimeout:154ms
2019-10-20 17:40:37,331 [Thread-2127] INFO  impl.RoleInfo (RoleInfo.java:shutdownFollowerState(121)) - 8f18dce1-0a3d-4b65-9c78-af3d58b2da7f: shutdown FollowerState
2019-10-20 17:40:37,331 [Thread-2127] INFO  impl.RaftServerImpl (RaftServerImpl.java:setRole(184)) - 8f18dce1-0a3d-4b65-9c78-af3d58b2da7f@group-091950D56227: changes role from  FOLLOWER to CANDIDATE at term 351 for changeToCandidate
2019-10-20 17:40:37,331 [Thread-2127] INFO  impl.RoleInfo (RoleInfo.java:updateAndGet(143)) - 8f18dce1-0a3d-4b65-9c78-af3d58b2da7f: start LeaderElection
2019-10-20 17:40:37,359 [8f18dce1-0a3d-4b65-9c78-af3d58b2da7f@group-091950D56227-LeaderElection296] INFO  impl.LeaderElection (LeaderElection.java:askForVotes(178)) - 8f18dce1-0a3d-4b65-9c78-af3d58b2da7f@group-091950D56227-LeaderElection296: begin an election at term 352 for -1: [8a63e1ae-032e-4bed-9f20-125a11f65413:0.0.0.0:38685, 8f18dce1-0a3d-4b65-9c78-af3d58b2da7f:0.0.0.0:42489, 7b1e61a0-7daf-43dd-99d5-9b325c1d31ae:0.0.0.0:38412], old=null
2019-10-20 17:40:37,361 [grpc-default-executor-1] INFO  impl.RaftServerImpl (RaftServerImpl.java:setRole(184)) - 8a63e1ae-032e-4bed-9f20-125a11f65413@group-091950D56227: changes role from  FOLLOWER to FOLLOWER at term 352 for recognizeCandidate:8f18dce1-0a3d-4b65-9c78-af3d58b2da7f
2019-10-20 17:40:37,361 [grpc-default-executor-2] INFO  impl.RaftServerImpl (RaftServerImpl.java:setRole(184)) - 7b1e61a0-7daf-43dd-99d5-9b325c1d31ae@group-091950D56227: changes role from  FOLLOWER to FOLLOWER at term 352 for recognizeCandidate:8f18dce1-0a3d-4b65-9c78-af3d58b2da7f
2019-10-20 17:40:37,361 [grpc-default-executor-2] INFO  impl.RoleInfo (RoleInfo.java:shutdownFollowerState(121)) - 7b1e61a0-7daf-43dd-99d5-9b325c1d31ae: shutdown FollowerState
2019-10-20 17:40:37,361 [grpc-default-executor-1] INFO  impl.RoleInfo (RoleInfo.java:shutdownFollowerState(121)) - 8a63e1ae-032e-4bed-9f20-125a11f65413: shutdown FollowerState
2019-10-20 17:40:37,361 [Thread-2126] INFO  impl.FollowerState (FollowerState.java:run(117)) - 7b1e61a0-7daf-43dd-99d5-9b325c1d31ae@group-091950D56227-FollowerState was interrupted: java.lang.InterruptedException: sleep interrupted
2019-10-20 17:40:37,361 [grpc-default-executor-2] INFO  impl.RoleInfo (RoleInfo.java:updateAndGet(143)) - 7b1e61a0-7daf-43dd-99d5-9b325c1d31ae: start FollowerState
2019-10-20 17:40:37,361 [Thread-2125] INFO  impl.FollowerState (FollowerState.java:run(117)) - 8a63e1ae-032e-4bed-9f20-125a11f65413@group-091950D56227-FollowerState was interrupted: java.lang.InterruptedException: sleep interrupted
2019-10-20 17:40:37,361 [grpc-default-executor-1] INFO  impl.RoleInfo (RoleInfo.java:updateAndGet(143)) - 8a63e1ae-032e-4bed-9f20-125a11f65413: start FollowerState
2019-10-20 17:40:37,385 [8f18dce1-0a3d-4b65-9c78-af3d58b2da7f@group-091950D56227-LeaderElection296] INFO  impl.LeaderElection (LeaderElection.java:logAndReturn(56)) - 8f18dce1-0a3d-4b65-9c78-af3d58b2da7f@group-091950D56227-LeaderElection296: Election REJECTED; received 2 response(s) [8f18dce1-0a3d-4b65-9c78-af3d58b2da7f<-8a63e1ae-032e-4bed-9f20-125a11f65413#0:FAIL-t352, 8f18dce1-0a3d-4b65-9c78-af3d58b2da7f<-7b1e61a0-7daf-43dd-99d5-9b325c1d31ae#0:FAIL-t352] and 0 exception(s); 8f18dce1-0a3d-4b65-9c78-af3d58b2da7f@group-091950D56227:t352, leader=null, voted=8f18dce1-0a3d-4b65-9c78-af3d58b2da7f, raftlog=8f18dce1-0a3d-4b65-9c78-af3d58b2da7f@group-091950D56227-SegmentedRaftLog:OPENED:c-1,f-1,i0, conf=-1: [8a63e1ae-032e-4bed-9f20-125a11f65413:0.0.0.0:38685, 8f18dce1-0a3d-4b65-9c78-af3d58b2da7f:0.0.0.0:42489, 7b1e61a0-7daf-43dd-99d5-9b325c1d31ae:0.0.0.0:38412], old=null
2019-10-20 17:40:37,386 [8f18dce1-0a3d-4b65-9c78-af3d58b2da7f@group-091950D56227-LeaderElection296] INFO  impl.RaftServerImpl (RaftServerImpl.java:setRole(184)) - 8f18dce1-0a3d-4b65-9c78-af3d58b2da7f@group-091950D56227: changes role from CANDIDATE to FOLLOWER at term 352 for DISCOVERED_A_NEW_TERM
2019-10-20 17:40:37,386 [8f18dce1-0a3d-4b65-9c78-af3d58b2da7f@group-091950D56227-LeaderElection296] INFO  impl.RoleInfo (RoleInfo.java:shutdownLeaderElection(134)) - 8f18dce1-0a3d-4b65-9c78-af3d58b2da7f: shutdown LeaderElection
2019-10-20 17:40:37,386 [8f18dce1-0a3d-4b65-9c78-af3d58b2da7f@group-091950D56227-LeaderElection296] INFO  impl.RoleInfo (RoleInfo.java:updateAndGet(143)) - 8f18dce1-0a3d-4b65-9c78-af3d58b2da7f: start FollowerState
2019-10-20 17:40:37,495 [Thread-2135] INFO  impl.FollowerState (FollowerState.java:run(108)) - 8f18dce1-0a3d-4b65-9c78-af3d58b2da7f@group-091950D56227-FollowerState: change to CANDIDATE, lastRpcTime:109ms, electionTimeout:109ms
2019-10-20 17:40:37,495 [Thread-2135] INFO  impl.RoleInfo (RoleInfo.java:shutdownFollowerState(121)) - 8f18dce1-0a3d-4b65-9c78-af3d58b2da7f: shutdown FollowerState
2019-10-20 17:40:37,496 [Thread-2135] INFO  impl.RaftServerImpl (RaftServerImpl.java:setRole(184)) - 8f18dce1-0a3d-4b65-9c78-af3d58b2da7f@group-091950D56227: changes role from  FOLLOWER to CANDIDATE at term 352 for changeToCandidate
2019-10-20 17:40:37,496 [Thread-2135] INFO  impl.RoleInfo (RoleInfo.java:updateAndGet(143)) - 8f18dce1-0a3d-4b65-9c78-af3d58b2da7f: start LeaderElection
2019-10-20 17:40:37,519 [8f18dce1-0a3d-4b65-9c78-af3d58b2da7f@group-091950D56227-LeaderElection297] INFO  impl.LeaderElection (LeaderElection.java:askForVotes(178)) - 8f18dce1-0a3d-4b65-9c78-af3d58b2da7f@group-091950D56227-LeaderElection297: begin an election at term 353 for -1: [8a63e1ae-032e-4bed-9f20-125a11f65413:0.0.0.0:38685, 8f18dce1-0a3d-4b65-9c78-af3d58b2da7f:0.0.0.0:42489, 7b1e61a0-7daf-43dd-99d5-9b325c1d31ae:0.0.0.0:38412], old=null
2019-10-20 17:40:37,520 [grpc-default-executor-2] INFO  impl.RaftServerImpl (RaftServerImpl.java:setRole(184)) - 8a63e1ae-032e-4bed-9f20-125a11f65413@group-091950D56227: changes role from  FOLLOWER to FOLLOWER at term 353 for recognizeCandidate:8f18dce1-0a3d-4b65-9c78-af3d58b2da7f
2019-10-20 17:40:37,520 [grpc-default-executor-2] INFO  impl.RoleInfo (RoleInfo.java:shutdownFollowerState(121)) - 8a63e1ae-032e-4bed-9f20-125a11f65413: shutdown FollowerState
2019-10-20 17:40:37,520 [grpc-default-executor-1] INFO  impl.RaftServerImpl (RaftServerImpl.java:setRole(184)) - 7b1e61a0-7daf-43dd-99d5-9b325c1d31ae@group-091950D56227: changes role from  FOLLOWER to FOLLOWER at term 353 for recognizeCandidate:8f18dce1-0a3d-4b65-9c78-af3d58b2da7f
2019-10-20 17:40:37,520 [Thread-2134] INFO  impl.FollowerState (FollowerState.java:run(117)) - 8a63e1ae-032e-4bed-9f20-125a11f65413@group-091950D56227-FollowerState was interrupted: java.lang.InterruptedException: sleep interrupted
2019-10-20 17:40:37,520 [grpc-default-executor-2] INFO  impl.RoleInfo (RoleInfo.java:updateAndGet(143)) - 8a63e1ae-032e-4bed-9f20-125a11f65413: start FollowerState
2019-10-20 17:40:37,520 [grpc-default-executor-1] INFO  impl.RoleInfo (RoleInfo.java:shutdownFollowerState(121)) - 7b1e61a0-7daf-43dd-99d5-9b325c1d31ae: shutdown FollowerState
2019-10-20 17:40:37,521 [grpc-default-executor-1] INFO  impl.RoleInfo (RoleInfo.java:updateAndGet(143)) - 7b1e61a0-7daf-43dd-99d5-9b325c1d31ae: start FollowerState
2019-10-20 17:40:37,521 [Thread-2133] INFO  impl.FollowerState (FollowerState.java:run(117)) - 7b1e61a0-7daf-43dd-99d5-9b325c1d31ae@group-091950D56227-FollowerState was interrupted: java.lang.InterruptedException: sleep interrupted
2019-10-20 17:40:37,545 [8f18dce1-0a3d-4b65-9c78-af3d58b2da7f@group-091950D56227-LeaderElection297] INFO  impl.LeaderElection (LeaderElection.java:logAndReturn(56)) - 8f18dce1-0a3d-4b65-9c78-af3d58b2da7f@group-091950D56227-LeaderElection297: Election REJECTED; received 2 response(s) [8f18dce1-0a3d-4b65-9c78-af3d58b2da7f<-8a63e1ae-032e-4bed-9f20-125a11f65413#0:FAIL-t353, 8f18dce1-0a3d-4b65-9c78-af3d58b2da7f<-7b1e61a0-7daf-43dd-99d5-9b325c1d31ae#0:FAIL-t353] and 0 exception(s); 8f18dce1-0a3d-4b65-9c78-af3d58b2da7f@group-091950D56227:t353, leader=null, voted=8f18dce1-0a3d-4b65-9c78-af3d58b2da7f, raftlog=8f18dce1-0a3d-4b65-9c78-af3d58b2da7f@group-091950D56227-SegmentedRaftLog:OPENED:c-1,f-1,i0, conf=-1: [8a63e1ae-032e-4bed-9f20-125a11f65413:0.0.0.0:38685, 8f18dce1-0a3d-4b65-9c78-af3d58b2da7f:0.0.0.0:42489, 7b1e61a0-7daf-43dd-99d5-9b325c1d31ae:0.0.0.0:38412], old=null
2019-10-20 17:40:37,545 [8f18dce1-0a3d-4b65-9c78-af3d58b2da7f@group-091950D56227-LeaderElection297] INFO  impl.RaftServerImpl (RaftServerImpl.java:setRole(184)) - 8f18dce1-0a3d-4b65-9c78-af3d58b2da7f@group-091950D56227: changes role from CANDIDATE to FOLLOWER at term 353 for DISCOVERED_A_NEW_TERM
2019-10-20 17:40:37,545 [8f18dce1-0a3d-4b65-9c78-af3d58b2da7f@group-091950D56227-LeaderElection297] INFO  impl.RoleInfo (RoleInfo.java:shutdownLeaderElection(134)) - 8f18dce1-0a3d-4b65-9c78-af3d58b2da7f: shutdown LeaderElection
2019-10-20 17:40:37,545 [8f18dce1-0a3d-4b65-9c78-af3d58b2da7f@group-091950D56227-LeaderElection297] INFO  impl.RoleInfo (RoleInfo.java:updateAndGet(143)) - 8f18dce1-0a3d-4b65-9c78-af3d58b2da7f: start FollowerState
2019-10-20 17:40:37,742 [Thread-2141] INFO  impl.FollowerState (FollowerState.java:run(108)) - 8f18dce1-0a3d-4b65-9c78-af3d58b2da7f@group-091950D56227-FollowerState: change to CANDIDATE, lastRpcTime:196ms, electionTimeout:195ms
2019-10-20 17:40:37,742 [Thread-2141] INFO  impl.RoleInfo (RoleInfo.java:shutdownFollowerState(121)) - 8f18dce1-0a3d-4b65-9c78-af3d58b2da7f: shutdown FollowerState
2019-10-20 17:40:37,742 [Thread-2141] INFO  impl.RaftServerImpl (RaftServerImpl.java:setRole(184)) - 8f18dce1-0a3d-4b65-9c78-af3d58b2da7f@group-091950D56227: changes role from  FOLLOWER to CANDIDATE at term 353 for changeToCandidate
2019-10-20 17:40:37,743 [Thread-2141] INFO  impl.RoleInfo (RoleInfo.java:updateAndGet(143)) - 8f18dce1-0a3d-4b65-9c78-af3d58b2da7f: start LeaderElection
2019-10-20 17:40:37,770 [8f18dce1-0a3d-4b65-9c78-af3d58b2da7f@group-091950D56227-LeaderElection298] INFO  impl.LeaderElection (LeaderElection.java:askForVotes(178)) - 8f18dce1-0a3d-4b65-9c78-af3d58b2da7f@group-091950D56227-LeaderElection298: begin an election at term 354 for -1: [8a63e1ae-032e-4bed-9f20-125a11f65413:0.0.0.0:38685, 8f18dce1-0a3d-4b65-9c78-af3d58b2da7f:0.0.0.0:42489, 7b1e61a0-7daf-43dd-99d5-9b325c1d31ae:0.0.0.0:38412], old=null
2019-10-20 17:40:37,773 [grpc-default-executor-1] INFO  impl.RaftServerImpl (RaftServerImpl.java:setRole(184)) - 8a63e1ae-032e-4bed-9f20-125a11f65413@group-091950D56227: changes role from  FOLLOWER to FOLLOWER at term 354 for recognizeCandidate:8f18dce1-0a3d-4b65-9c78-af3d58b2da7f
2019-10-20 17:40:37,773 [grpc-default-executor-2] INFO  impl.RaftServerImpl (RaftServerImpl.java:setRole(184)) - 7b1e61a0-7daf-43dd-99d5-9b325c1d31ae@group-091950D56227: changes role from  FOLLOWER to FOLLOWER at term 354 for recognizeCandidate:8f18dce1-0a3d-4b65-9c78-af3d58b2da7f
2019-10-20 17:40:37,773 [grpc-default-executor-2] INFO  impl.RoleInfo (RoleInfo.java:shutdownFollowerState(121)) - 7b1e61a0-7daf-43dd-99d5-9b325c1d31ae: shutdown FollowerState
2019-10-20 17:40:37,773 [grpc-default-executor-1] INFO  impl.RoleInfo (RoleInfo.java:shutdownFollowerState(121)) - 8a63e1ae-032e-4bed-9f20-125a11f65413: shutdown FollowerState
2019-10-20 17:40:37,774 [Thread-2140] INFO  impl.FollowerState (FollowerState.java:run(117)) - 7b1e61a0-7daf-43dd-99d5-9b325c1d31ae@group-091950D56227-FollowerState was interrupted: java.lang.InterruptedException: sleep interrupted
2019-10-20 17:40:37,773 [grpc-default-executor-2] INFO  impl.RoleInfo (RoleInfo.java:updateAndGet(143)) - 7b1e61a0-7daf-43dd-99d5-9b325c1d31ae: start FollowerState
2019-10-20 17:40:37,774 [Thread-2139] INFO  impl.FollowerState (FollowerState.java:run(117)) - 8a63e1ae-032e-4bed-9f20-125a11f65413@group-091950D56227-FollowerState was interrupted: java.lang.InterruptedException: sleep interrupted
2019-10-20 17:40:37,774 [grpc-default-executor-1] INFO  impl.RoleInfo (RoleInfo.java:updateAndGet(143)) - 8a63e1ae-032e-4bed-9f20-125a11f65413: start FollowerState
2019-10-20 17:40:37,804 [8f18dce1-0a3d-4b65-9c78-af3d58b2da7f@group-091950D56227-LeaderElection298] INFO  impl.LeaderElection (LeaderElection.java:logAndReturn(56)) - 8f18dce1-0a3d-4b65-9c78-af3d58b2da7f@group-091950D56227-LeaderElection298: Election REJECTED; received 2 response(s) [8f18dce1-0a3d-4b65-9c78-af3d58b2da7f<-8a63e1ae-032e-4bed-9f20-125a11f65413#0:FAIL-t354, 8f18dce1-0a3d-4b65-9c78-af3d58b2da7f<-7b1e61a0-7daf-43dd-99d5-9b325c1d31ae#0:FAIL-t354] and 0 exception(s); 8f18dce1-0a3d-4b65-9c78-af3d58b2da7f@group-091950D56227:t354, leader=null, voted=8f18dce1-0a3d-4b65-9c78-af3d58b2da7f, raftlog=8f18dce1-0a3d-4b65-9c78-af3d58b2da7f@group-091950D56227-SegmentedRaftLog:OPENED:c-1,f-1,i0, conf=-1: [8a63e1ae-032e-4bed-9f20-125a11f65413:0.0.0.0:38685, 8f18dce1-0a3d-4b65-9c78-af3d58b2da7f:0.0.0.0:42489, 7b1e61a0-7daf-43dd-99d5-9b325c1d31ae:0.0.0.0:38412], old=null
2019-10-20 17:40:37,805 [8f18dce1-0a3d-4b65-9c78-af3d58b2da7f@group-091950D56227-LeaderElection298] INFO  impl.RaftServerImpl (RaftServerImpl.java:setRole(184)) - 8f18dce1-0a3d-4b65-9c78-af3d58b2da7f@group-091950D56227: changes role from CANDIDATE to FOLLOWER at term 354 for DISCOVERED_A_NEW_TERM
2019-10-20 17:40:37,805 [8f18dce1-0a3d-4b65-9c78-af3d58b2da7f@group-091950D56227-LeaderElection298] INFO  impl.RoleInfo (RoleInfo.java:shutdownLeaderElection(134)) - 8f18dce1-0a3d-4b65-9c78-af3d58b2da7f: shutdown LeaderElection
2019-10-20 17:40:37,805 [8f18dce1-0a3d-4b65-9c78-af3d58b2da7f@group-091950D56227-LeaderElection298] INFO  impl.RoleInfo (RoleInfo.java:updateAndGet(143)) - 8f18dce1-0a3d-4b65-9c78-af3d58b2da7f: start FollowerState
2019-10-20 17:40:37,860 [Thread-2147] INFO  impl.FollowerState (FollowerState.java:run(108)) - 8f18dce1-0a3d-4b65-9c78-af3d58b2da7f@group-091950D56227-FollowerState: change to CANDIDATE, lastRpcTime:54ms, electionTimeout:54ms
2019-10-20 17:40:37,860 [Thread-2147] INFO  impl.RoleInfo (RoleInfo.java:shutdownFollowerState(121)) - 8f18dce1-0a3d-4b65-9c78-af3d58b2da7f: shutdown FollowerState
2019-10-20 17:40:37,860 [Thread-2147] INFO  impl.RaftServerImpl (RaftServerImpl.java:setRole(184)) - 8f18dce1-0a3d-4b65-9c78-af3d58b2da7f@group-091950D56227: changes role from  FOLLOWER to CANDIDATE at term 354 for changeToCandidate
2019-10-20 17:40:37,860 [Thread-2147] INFO  impl.RoleInfo (RoleInfo.java:updateAndGet(143)) - 8f18dce1-0a3d-4b65-9c78-af3d58b2da7f: start LeaderElection
2019-10-20 17:40:37,887 [8f18dce1-0a3d-4b65-9c78-af3d58b2da7f@group-091950D56227-LeaderElection299] INFO  impl.LeaderElection (LeaderElection.java:askForVotes(178)) - 8f18dce1-0a3d-4b65-9c78-af3d58b2da7f@group-091950D56227-LeaderElection299: begin an election at term 355 for -1: [8a63e1ae-032e-4bed-9f20-125a11f65413:0.0.0.0:38685, 8f18dce1-0a3d-4b65-9c78-af3d58b2da7f:0.0.0.0:42489, 7b1e61a0-7daf-43dd-99d5-9b325c1d31ae:0.0.0.0:38412], old=null
2019-10-20 17:40:37,889 [grpc-default-executor-2] INFO  impl.RaftServerImpl (RaftServerImpl.java:setRole(184)) - 8a63e1ae-032e-4bed-9f20-125a11f65413@group-091950D56227: changes role from  FOLLOWER to FOLLOWER at term 355 for recognizeCandidate:8f18dce1-0a3d-4b65-9c78-af3d58b2da7f
2019-10-20 17:40:37,890 [grpc-default-executor-2] INFO  impl.RoleInfo (RoleInfo.java:shutdownFollowerState(121)) - 8a63e1ae-032e-4bed-9f20-125a11f65413: shutdown FollowerState
2019-10-20 17:40:37,890 [grpc-default-executor-1] INFO  impl.RaftServerImpl (RaftServerImpl.java:setRole(184)) - 7b1e61a0-7daf-43dd-99d5-9b325c1d31ae@group-091950D56227: changes role from  FOLLOWER to FOLLOWER at term 355 for recognizeCandidate:8f18dce1-0a3d-4b65-9c78-af3d58b2da7f
2019-10-20 17:40:37,890 [Thread-2146] INFO  impl.FollowerState (FollowerState.java:run(117)) - 8a63e1ae-032e-4bed-9f20-125a11f65413@group-091950D56227-FollowerState was interrupted: java.lang.InterruptedException: sleep interrupted
2019-10-20 17:40:37,890 [grpc-default-executor-2] INFO  impl.RoleInfo (RoleInfo.java:updateAndGet(143)) - 8a63e1ae-032e-4bed-9f20-125a11f65413: start FollowerState
2019-10-20 17:40:37,890 [grpc-default-executor-1] INFO  impl.RoleInfo (RoleInfo.java:shutdownFollowerState(121)) - 7b1e61a0-7daf-43dd-99d5-9b325c1d31ae: shutdown FollowerState
2019-10-20 17:40:37,890 [grpc-default-executor-1] INFO  impl.RoleInfo (RoleInfo.java:updateAndGet(143)) - 7b1e61a0-7daf-43dd-99d5-9b325c1d31ae: start FollowerState
2019-10-20 17:40:37,890 [Thread-2145] INFO  impl.FollowerState (FollowerState.java:run(117)) - 7b1e61a0-7daf-43dd-99d5-9b325c1d31ae@group-091950D56227-FollowerState was interrupted: java.lang.InterruptedException: sleep interrupted
2019-10-20 17:40:37,913 [8f18dce1-0a3d-4b65-9c78-af3d58b2da7f@group-091950D56227-LeaderElection299] INFO  impl.LeaderElection (LeaderElection.java:logAndReturn(56)) - 8f18dce1-0a3d-4b65-9c78-af3d58b2da7f@group-091950D56227-LeaderElection299: Election REJECTED; received 2 response(s) [8f18dce1-0a3d-4b65-9c78-af3d58b2da7f<-8a63e1ae-032e-4bed-9f20-125a11f65413#0:FAIL-t355, 8f18dce1-0a3d-4b65-9c78-af3d58b2da7f<-7b1e61a0-7daf-43dd-99d5-9b325c1d31ae#0:FAIL-t355] and 0 exception(s); 8f18dce1-0a3d-4b65-9c78-af3d58b2da7f@group-091950D56227:t355, leader=null, voted=8f18dce1-0a3d-4b65-9c78-af3d58b2da7f, raftlog=8f18dce1-0a3d-4b65-9c78-af3d58b2da7f@group-091950D56227-SegmentedRaftLog:OPENED:c-1,f-1,i0, conf=-1: [8a63e1ae-032e-4bed-9f20-125a11f65413:0.0.0.0:38685, 8f18dce1-0a3d-4b65-9c78-af3d58b2da7f:0.0.0.0:42489, 7b1e61a0-7daf-43dd-99d5-9b325c1d31ae:0.0.0.0:38412], old=null
2019-10-20 17:40:37,914 [8f18dce1-0a3d-4b65-9c78-af3d58b2da7f@group-091950D56227-LeaderElection299] INFO  impl.RaftServerImpl (RaftServerImpl.java:setRole(184)) - 8f18dce1-0a3d-4b65-9c78-af3d58b2da7f@group-091950D56227: changes role from CANDIDATE to FOLLOWER at term 355 for DISCOVERED_A_NEW_TERM
2019-10-20 17:40:37,914 [8f18dce1-0a3d-4b65-9c78-af3d58b2da7f@group-091950D56227-LeaderElection299] INFO  impl.RoleInfo (RoleInfo.java:shutdownLeaderElection(134)) - 8f18dce1-0a3d-4b65-9c78-af3d58b2da7f: shutdown LeaderElection
2019-10-20 17:40:37,914 [8f18dce1-0a3d-4b65-9c78-af3d58b2da7f@group-091950D56227-LeaderElection299] INFO  impl.RoleInfo (RoleInfo.java:updateAndGet(143)) - 8f18dce1-0a3d-4b65-9c78-af3d58b2da7f: start FollowerState
2019-10-20 17:40:38,005 [Thread-2153] INFO  impl.FollowerState (FollowerState.java:run(108)) - 8f18dce1-0a3d-4b65-9c78-af3d58b2da7f@group-091950D56227-FollowerState: change to CANDIDATE, lastRpcTime:91ms, electionTimeout:91ms
2019-10-20 17:40:38,006 [Thread-2153] INFO  impl.RoleInfo (RoleInfo.java:shutdownFollowerState(121)) - 8f18dce1-0a3d-4b65-9c78-af3d58b2da7f: shutdown FollowerState
2019-10-20 17:40:38,006 [Thread-2153] INFO  impl.RaftServerImpl (RaftServerImpl.java:setRole(184)) - 8f18dce1-0a3d-4b65-9c78-af3d58b2da7f@group-091950D56227: changes role from  FOLLOWER to CANDIDATE at term 355 for changeToCandidate
2019-10-20 17:40:38,006 [Thread-2153] INFO  impl.RoleInfo (RoleInfo.java:updateAndGet(143)) - 8f18dce1-0a3d-4b65-9c78-af3d58b2da7f: start LeaderElection
2019-10-20 17:40:38,039 [8f18dce1-0a3d-4b65-9c78-af3d58b2da7f@group-091950D56227-LeaderElection300] INFO  impl.LeaderElection (LeaderElection.java:askForVotes(178)) - 8f18dce1-0a3d-4b65-9c78-af3d58b2da7f@group-091950D56227-LeaderElection300: begin an election at term 356 for -1: [8a63e1ae-032e-4bed-9f20-125a11f65413:0.0.0.0:38685, 8f18dce1-0a3d-4b65-9c78-af3d58b2da7f:0.0.0.0:42489, 7b1e61a0-7daf-43dd-99d5-9b325c1d31ae:0.0.0.0:38412], old=null
2019-10-20 17:40:38,041 [grpc-default-executor-1] INFO  impl.RaftServerImpl (RaftServerImpl.java:setRole(184)) - 7b1e61a0-7daf-43dd-99d5-9b325c1d31ae@group-091950D56227: changes role from  FOLLOWER to FOLLOWER at term 356 for recognizeCandidate:8f18dce1-0a3d-4b65-9c78-af3d58b2da7f
2019-10-20 17:40:38,041 [grpc-default-executor-1] INFO  impl.RoleInfo (RoleInfo.java:shutdownFollowerState(121)) - 7b1e61a0-7daf-43dd-99d5-9b325c1d31ae: shutdown FollowerState
2019-10-20 17:40:38,041 [grpc-default-executor-2] INFO  impl.RaftServerImpl (RaftServerImpl.java:setRole(184)) - 8a63e1ae-032e-4bed-9f20-125a11f65413@group-091950D56227: changes role from  FOLLOWER to FOLLOWER at term 356 for recognizeCandidate:8f18dce1-0a3d-4b65-9c78-af3d58b2da7f
2019-10-20 17:40:38,041 [grpc-default-executor-2] INFO  impl.RoleInfo (RoleInfo.java:shutdownFollowerState(121)) - 8a63e1ae-032e-4bed-9f20-125a11f65413: shutdown FollowerState
2019-10-20 17:40:38,041 [Thread-2152] INFO  impl.FollowerState (FollowerState.java:run(117)) - 7b1e61a0-7daf-43dd-99d5-9b325c1d31ae@group-091950D56227-FollowerState was interrupted: java.lang.InterruptedException: sleep interrupted
2019-10-20 17:40:38,041 [grpc-default-executor-1] INFO  impl.RoleInfo (RoleInfo.java:updateAndGet(143)) - 7b1e61a0-7daf-43dd-99d5-9b325c1d31ae: start FollowerState
2019-10-20 17:40:38,042 [Thread-2151] INFO  impl.FollowerState (FollowerState.java:run(117)) - 8a63e1ae-032e-4bed-9f20-125a11f65413@group-091950D56227-FollowerState was interrupted: java.lang.InterruptedException: sleep interrupted
2019-10-20 17:40:38,042 [grpc-default-executor-2] INFO  impl.RoleInfo (RoleInfo.java:updateAndGet(143)) - 8a63e1ae-032e-4bed-9f20-125a11f65413: start FollowerState
2019-10-20 17:40:38,066 [8f18dce1-0a3d-4b65-9c78-af3d58b2da7f@group-091950D56227-LeaderElection300] INFO  impl.LeaderElection (LeaderElection.java:logAndReturn(56)) - 8f18dce1-0a3d-4b65-9c78-af3d58b2da7f@group-091950D56227-LeaderElection300: Election REJECTED; received 2 response(s) [8f18dce1-0a3d-4b65-9c78-af3d58b2da7f<-8a63e1ae-032e-4bed-9f20-125a11f65413#0:FAIL-t356, 8f18dce1-0a3d-4b65-9c78-af3d58b2da7f<-7b1e61a0-7daf-43dd-99d5-9b325c1d31ae#0:FAIL-t356] and 0 exception(s); 8f18dce1-0a3d-4b65-9c78-af3d58b2da7f@group-091950D56227:t356, leader=null, voted=8f18dce1-0a3d-4b65-9c78-af3d58b2da7f, raftlog=8f18dce1-0a3d-4b65-9c78-af3d58b2da7f@group-091950D56227-SegmentedRaftLog:OPENED:c-1,f-1,i0, conf=-1: [8a63e1ae-032e-4bed-9f20-125a11f65413:0.0.0.0:38685, 8f18dce1-0a3d-4b65-9c78-af3d58b2da7f:0.0.0.0:42489, 7b1e61a0-7daf-43dd-99d5-9b325c1d31ae:0.0.0.0:38412], old=null
2019-10-20 17:40:38,066 [8f18dce1-0a3d-4b65-9c78-af3d58b2da7f@group-091950D56227-LeaderElection300] INFO  impl.RaftServerImpl (RaftServerImpl.java:setRole(184)) - 8f18dce1-0a3d-4b65-9c78-af3d58b2da7f@group-091950D56227: changes role from CANDIDATE to FOLLOWER at term 356 for DISCOVERED_A_NEW_TERM
2019-10-20 17:40:38,066 [8f18dce1-0a3d-4b65-9c78-af3d58b2da7f@group-091950D56227-LeaderElection300] INFO  impl.RoleInfo (RoleInfo.java:shutdownLeaderElection(134)) - 8f18dce1-0a3d-4b65-9c78-af3d58b2da7f: shutdown LeaderElection
2019-10-20 17:40:38,066 [8f18dce1-0a3d-4b65-9c78-af3d58b2da7f@group-091950D56227-LeaderElection300] INFO  impl.RoleInfo (RoleInfo.java:updateAndGet(143)) - 8f18dce1-0a3d-4b65-9c78-af3d58b2da7f: start FollowerState
2019-10-20 17:40:38,157 [Thread-2159] INFO  impl.FollowerState (FollowerState.java:run(108)) - 8f18dce1-0a3d-4b65-9c78-af3d58b2da7f@group-091950D56227-FollowerState: change to CANDIDATE, lastRpcTime:91ms, electionTimeout:91ms
2019-10-20 17:40:38,157 [Thread-2159] INFO  impl.RoleInfo (RoleInfo.java:shutdownFollowerState(121)) - 8f18dce1-0a3d-4b65-9c78-af3d58b2da7f: shutdown FollowerState
2019-10-20 17:40:38,158 [Thread-2159] INFO  impl.RaftServerImpl (RaftServerImpl.java:setRole(184)) - 8f18dce1-0a3d-4b65-9c78-af3d58b2da7f@group-091950D56227: changes role from  FOLLOWER to CANDIDATE at term 356 for changeToCandidate
2019-10-20 17:40:38,158 [Thread-2159] INFO  impl.RoleInfo (RoleInfo.java:updateAndGet(143)) - 8f18dce1-0a3d-4b65-9c78-af3d58b2da7f: start LeaderElection
2019-10-20 17:40:38,182 [8f18dce1-0a3d-4b65-9c78-af3d58b2da7f@group-091950D56227-LeaderElection301] INFO  impl.LeaderElection (LeaderElection.java:askForVotes(178)) - 8f18dce1-0a3d-4b65-9c78-af3d58b2da7f@group-091950D56227-LeaderElection301: begin an election at term 357 for -1: [8a63e1ae-032e-4bed-9f20-125a11f65413:0.0.0.0:38685, 8f18dce1-0a3d-4b65-9c78-af3d58b2da7f:0.0.0.0:42489, 7b1e61a0-7daf-43dd-99d5-9b325c1d31ae:0.0.0.0:38412], old=null
2019-10-20 17:40:38,184 [grpc-default-executor-2] INFO  impl.RaftServerImpl (RaftServerImpl.java:setRole(184)) - 7b1e61a0-7daf-43dd-99d5-9b325c1d31ae@group-091950D56227: changes role from  FOLLOWER to FOLLOWER at term 357 for recognizeCandidate:8f18dce1-0a3d-4b65-9c78-af3d58b2da7f
2019-10-20 17:40:38,184 [grpc-default-executor-1] INFO  impl.RaftServerImpl (RaftServerImpl.java:setRole(184)) - 8a63e1ae-032e-4bed-9f20-125a11f65413@group-091950D56227: changes role from  FOLLOWER to FOLLOWER at term 357 for recognizeCandidate:8f18dce1-0a3d-4b65-9c78-af3d58b2da7f
2019-10-20 17:40:38,184 [grpc-default-executor-2] INFO  impl.RoleInfo (RoleInfo.java:shutdownFollowerState(121)) - 7b1e61a0-7daf-43dd-99d5-9b325c1d31ae: shutdown FollowerState
2019-10-20 17:40:38,184 [grpc-default-executor-1] INFO  impl.RoleInfo (RoleInfo.java:shutdownFollowerState(121)) - 8a63e1ae-032e-4bed-9f20-125a11f65413: shutdown FollowerState
2019-10-20 17:40:38,184 [Thread-2157] INFO  impl.FollowerState (FollowerState.java:run(117)) - 7b1e61a0-7daf-43dd-99d5-9b325c1d31ae@group-091950D56227-FollowerState was interrupted: java.lang.InterruptedException: sleep interrupted
2019-10-20 17:40:38,184 [Thread-2158] INFO  impl.FollowerState (FollowerState.java:run(117)) - 8a63e1ae-032e-4bed-9f20-125a11f65413@group-091950D56227-FollowerState was interrupted: java.lang.InterruptedException: sleep interrupted
2019-10-20 17:40:38,184 [grpc-default-executor-2] INFO  impl.RoleInfo (RoleInfo.java:updateAndGet(143)) - 7b1e61a0-7daf-43dd-99d5-9b325c1d31ae: start FollowerState
2019-10-20 17:40:38,184 [grpc-default-executor-1] INFO  impl.RoleInfo (RoleInfo.java:updateAndGet(143)) - 8a63e1ae-032e-4bed-9f20-125a11f65413: start FollowerState
2019-10-20 17:40:38,208 [8f18dce1-0a3d-4b65-9c78-af3d58b2da7f@group-091950D56227-LeaderElection301] INFO  impl.LeaderElection (LeaderElection.java:logAndReturn(56)) - 8f18dce1-0a3d-4b65-9c78-af3d58b2da7f@group-091950D56227-LeaderElection301: Election REJECTED; received 2 response(s) [8f18dce1-0a3d-4b65-9c78-af3d58b2da7f<-8a63e1ae-032e-4bed-9f20-125a11f65413#0:FAIL-t357, 8f18dce1-0a3d-4b65-9c78-af3d58b2da7f<-7b1e61a0-7daf-43dd-99d5-9b325c1d31ae#0:FAIL-t357] and 0 exception(s); 8f18dce1-0a3d-4b65-9c78-af3d58b2da7f@group-091950D56227:t357, leader=null, voted=8f18dce1-0a3d-4b65-9c78-af3d58b2da7f, raftlog=8f18dce1-0a3d-4b65-9c78-af3d58b2da7f@group-091950D56227-SegmentedRaftLog:OPENED:c-1,f-1,i0, conf=-1: [8a63e1ae-032e-4bed-9f20-125a11f65413:0.0.0.0:38685, 8f18dce1-0a3d-4b65-9c78-af3d58b2da7f:0.0.0.0:42489, 7b1e61a0-7daf-43dd-99d5-9b325c1d31ae:0.0.0.0:38412], old=null
2019-10-20 17:40:38,208 [8f18dce1-0a3d-4b65-9c78-af3d58b2da7f@group-091950D56227-LeaderElection301] INFO  impl.RaftServerImpl (RaftServerImpl.java:setRole(184)) - 8f18dce1-0a3d-4b65-9c78-af3d58b2da7f@group-091950D56227: changes role from CANDIDATE to FOLLOWER at term 357 for DISCOVERED_A_NEW_TERM
2019-10-20 17:40:38,208 [8f18dce1-0a3d-4b65-9c78-af3d58b2da7f@group-091950D56227-LeaderElection301] INFO  impl.RoleInfo (RoleInfo.java:shutdownLeaderElection(134)) - 8f18dce1-0a3d-4b65-9c78-af3d58b2da7f: shutdown LeaderElection
2019-10-20 17:40:38,209 [8f18dce1-0a3d-4b65-9c78-af3d58b2da7f@group-091950D56227-LeaderElection301] INFO  impl.RoleInfo (RoleInfo.java:updateAndGet(143)) - 8f18dce1-0a3d-4b65-9c78-af3d58b2da7f: start FollowerState
2019-10-20 17:40:38,241 [Thread-2165] INFO  impl.FollowerState (FollowerState.java:run(108)) - 8f18dce1-0a3d-4b65-9c78-af3d58b2da7f@group-091950D56227-FollowerState: change to CANDIDATE, lastRpcTime:32ms, electionTimeout:32ms
2019-10-20 17:40:38,241 [Thread-2165] INFO  impl.RoleInfo (RoleInfo.java:shutdownFollowerState(121)) - 8f18dce1-0a3d-4b65-9c78-af3d58b2da7f: shutdown FollowerState
2019-10-20 17:40:38,241 [Thread-2165] INFO  impl.RaftServerImpl (RaftServerImpl.java:setRole(184)) - 8f18dce1-0a3d-4b65-9c78-af3d58b2da7f@group-091950D56227: changes role from  FOLLOWER to CANDIDATE at term 357 for changeToCandidate
2019-10-20 17:40:38,241 [Thread-2165] INFO  impl.RoleInfo (RoleInfo.java:updateAndGet(143)) - 8f18dce1-0a3d-4b65-9c78-af3d58b2da7f: start LeaderElection
2019-10-20 17:40:38,266 [8f18dce1-0a3d-4b65-9c78-af3d58b2da7f@group-091950D56227-LeaderElection302] INFO  impl.LeaderElection (LeaderElection.java:askForVotes(178)) - 8f18dce1-0a3d-4b65-9c78-af3d58b2da7f@group-091950D56227-LeaderElection302: begin an election at term 358 for -1: [8a63e1ae-032e-4bed-9f20-125a11f65413:0.0.0.0:38685, 8f18dce1-0a3d-4b65-9c78-af3d58b2da7f:0.0.0.0:42489, 7b1e61a0-7daf-43dd-99d5-9b325c1d31ae:0.0.0.0:38412], old=null
2019-10-20 17:40:38,268 [grpc-default-executor-2] INFO  impl.RaftServerImpl (RaftServerImpl.java:setRole(184)) - 8a63e1ae-032e-4bed-9f20-125a11f65413@group-091950D56227: changes role from  FOLLOWER to FOLLOWER at term 358 for recognizeCandidate:8f18dce1-0a3d-4b65-9c78-af3d58b2da7f
2019-10-20 17:40:38,268 [grpc-default-executor-1] INFO  impl.RaftServerImpl (RaftServerImpl.java:setRole(184)) - 7b1e61a0-7daf-43dd-99d5-9b325c1d31ae@group-091950D56227: changes role from  FOLLOWER to FOLLOWER at term 358 for recognizeCandidate:8f18dce1-0a3d-4b65-9c78-af3d58b2da7f
2019-10-20 17:40:38,268 [grpc-default-executor-2] INFO  impl.RoleInfo (RoleInfo.java:shutdownFollowerState(121)) - 8a63e1ae-032e-4bed-9f20-125a11f65413: shutdown FollowerState
2019-10-20 17:40:38,268 [grpc-default-executor-1] INFO  impl.RoleInfo (RoleInfo.java:shutdownFollowerState(121)) - 7b1e61a0-7daf-43dd-99d5-9b325c1d31ae: shutdown FollowerState
2019-10-20 17:40:38,268 [Thread-2164] INFO  impl.FollowerState (FollowerState.java:run(117)) - 8a63e1ae-032e-4bed-9f20-125a11f65413@group-091950D56227-FollowerState was interrupted: java.lang.InterruptedException: sleep interrupted
2019-10-20 17:40:38,268 [grpc-default-executor-2] INFO  impl.RoleInfo (RoleInfo.java:updateAndGet(143)) - 8a63e1ae-032e-4bed-9f20-125a11f65413: start FollowerState
2019-10-20 17:40:38,268 [Thread-2163] INFO  impl.FollowerState (FollowerState.java:run(117)) - 7b1e61a0-7daf-43dd-99d5-9b325c1d31ae@group-091950D56227-FollowerState was interrupted: java.lang.InterruptedException: sleep interrupted
2019-10-20 17:40:38,268 [grpc-default-executor-1] INFO  impl.RoleInfo (RoleInfo.java:updateAndGet(143)) - 7b1e61a0-7daf-43dd-99d5-9b325c1d31ae: start FollowerState
2019-10-20 17:40:38,292 [8f18dce1-0a3d-4b65-9c78-af3d58b2da7f@group-091950D56227-LeaderElection302] INFO  impl.LeaderElection (LeaderElection.java:logAndReturn(56)) - 8f18dce1-0a3d-4b65-9c78-af3d58b2da7f@group-091950D56227-LeaderElection302: Election REJECTED; received 2 response(s) [8f18dce1-0a3d-4b65-9c78-af3d58b2da7f<-8a63e1ae-032e-4bed-9f20-125a11f65413#0:FAIL-t358, 8f18dce1-0a3d-4b65-9c78-af3d58b2da7f<-7b1e61a0-7daf-43dd-99d5-9b325c1d31ae#0:FAIL-t358] and 0 exception(s); 8f18dce1-0a3d-4b65-9c78-af3d58b2da7f@group-091950D56227:t358, leader=null, voted=8f18dce1-0a3d-4b65-9c78-af3d58b2da7f, raftlog=8f18dce1-0a3d-4b65-9c78-af3d58b2da7f@group-091950D56227-SegmentedRaftLog:OPENED:c-1,f-1,i0, conf=-1: [8a63e1ae-032e-4bed-9f20-125a11f65413:0.0.0.0:38685, 8f18dce1-0a3d-4b65-9c78-af3d58b2da7f:0.0.0.0:42489, 7b1e61a0-7daf-43dd-99d5-9b325c1d31ae:0.0.0.0:38412], old=null
2019-10-20 17:40:38,293 [8f18dce1-0a3d-4b65-9c78-af3d58b2da7f@group-091950D56227-LeaderElection302] INFO  impl.RaftServerImpl (RaftServerImpl.java:setRole(184)) - 8f18dce1-0a3d-4b65-9c78-af3d58b2da7f@group-091950D56227: changes role from CANDIDATE to FOLLOWER at term 358 for DISCOVERED_A_NEW_TERM
2019-10-20 17:40:38,293 [8f18dce1-0a3d-4b65-9c78-af3d58b2da7f@group-091950D56227-LeaderElection302] INFO  impl.RoleInfo (RoleInfo.java:shutdownLeaderElection(134)) - 8f18dce1-0a3d-4b65-9c78-af3d58b2da7f: shutdown LeaderElection
2019-10-20 17:40:38,293 [8f18dce1-0a3d-4b65-9c78-af3d58b2da7f@group-091950D56227-LeaderElection302] INFO  impl.RoleInfo (RoleInfo.java:updateAndGet(143)) - 8f18dce1-0a3d-4b65-9c78-af3d58b2da7f: start FollowerState
2019-10-20 17:40:38,465 [Thread-2171] INFO  impl.FollowerState (FollowerState.java:run(108)) - 8f18dce1-0a3d-4b65-9c78-af3d58b2da7f@group-091950D56227-FollowerState: change to CANDIDATE, lastRpcTime:172ms, electionTimeout:172ms
2019-10-20 17:40:38,466 [Thread-2171] INFO  impl.RoleInfo (RoleInfo.java:shutdownFollowerState(121)) - 8f18dce1-0a3d-4b65-9c78-af3d58b2da7f: shutdown FollowerState
2019-10-20 17:40:38,466 [Thread-2171] INFO  impl.RaftServerImpl (RaftServerImpl.java:setRole(184)) - 8f18dce1-0a3d-4b65-9c78-af3d58b2da7f@group-091950D56227: changes role from  FOLLOWER to CANDIDATE at term 358 for changeToCandidate
2019-10-20 17:40:38,467 [Thread-2171] INFO  impl.RoleInfo (RoleInfo.java:updateAndGet(143)) - 8f18dce1-0a3d-4b65-9c78-af3d58b2da7f: start LeaderElection
2019-10-20 17:40:38,493 [8f18dce1-0a3d-4b65-9c78-af3d58b2da7f@group-091950D56227-LeaderElection303] INFO  impl.LeaderElection (LeaderElection.java:askForVotes(178)) - 8f18dce1-0a3d-4b65-9c78-af3d58b2da7f@group-091950D56227-LeaderElection303: begin an election at term 359 for -1: [8a63e1ae-032e-4bed-9f20-125a11f65413:0.0.0.0:38685, 8f18dce1-0a3d-4b65-9c78-af3d58b2da7f:0.0.0.0:42489, 7b1e61a0-7daf-43dd-99d5-9b325c1d31ae:0.0.0.0:38412], old=null
2019-10-20 17:40:38,497 [grpc-default-executor-1] INFO  impl.RaftServerImpl (RaftServerImpl.java:setRole(184)) - 8a63e1ae-032e-4bed-9f20-125a11f65413@group-091950D56227: changes role from  FOLLOWER to FOLLOWER at term 359 for recognizeCandidate:8f18dce1-0a3d-4b65-9c78-af3d58b2da7f
2019-10-20 17:40:38,497 [grpc-default-executor-2] INFO  impl.RaftServerImpl (RaftServerImpl.java:setRole(184)) - 7b1e61a0-7daf-43dd-99d5-9b325c1d31ae@group-091950D56227: changes role from  FOLLOWER to FOLLOWER at term 359 for recognizeCandidate:8f18dce1-0a3d-4b65-9c78-af3d58b2da7f
2019-10-20 17:40:38,497 [grpc-default-executor-2] INFO  impl.RoleInfo (RoleInfo.java:shutdownFollowerState(121)) - 7b1e61a0-7daf-43dd-99d5-9b325c1d31ae: shutdown FollowerState
2019-10-20 17:40:38,497 [grpc-default-executor-1] INFO  impl.RoleInfo (RoleInfo.java:shutdownFollowerState(121)) - 8a63e1ae-032e-4bed-9f20-125a11f65413: shutdown FollowerState
2019-10-20 17:40:38,498 [grpc-default-executor-2] INFO  impl.RoleInfo (RoleInfo.java:updateAndGet(143)) - 7b1e61a0-7daf-43dd-99d5-9b325c1d31ae: start FollowerState
2019-10-20 17:40:38,498 [Thread-2169] INFO  impl.FollowerState (FollowerState.java:run(117)) - 8a63e1ae-032e-4bed-9f20-125a11f65413@group-091950D56227-FollowerState was interrupted: java.lang.InterruptedException: sleep interrupted
2019-10-20 17:40:38,498 [grpc-default-executor-1] INFO  impl.RoleInfo (RoleInfo.java:updateAndGet(143)) - 8a63e1ae-032e-4bed-9f20-125a11f65413: start FollowerState
2019-10-20 17:40:38,498 [Thread-2170] INFO  impl.FollowerState (FollowerState.java:run(117)) - 7b1e61a0-7daf-43dd-99d5-9b325c1d31ae@group-091950D56227-FollowerState was interrupted: java.lang.InterruptedException: sleep interrupted
2019-10-20 17:40:38,528 [8f18dce1-0a3d-4b65-9c78-af3d58b2da7f@group-091950D56227-LeaderElection303] INFO  impl.LeaderElection (LeaderElection.java:logAndReturn(56)) - 8f18dce1-0a3d-4b65-9c78-af3d58b2da7f@group-091950D56227-LeaderElection303: Election REJECTED; received 2 response(s) [8f18dce1-0a3d-4b65-9c78-af3d58b2da7f<-8a63e1ae-032e-4bed-9f20-125a11f65413#0:FAIL-t359, 8f18dce1-0a3d-4b65-9c78-af3d58b2da7f<-7b1e61a0-7daf-43dd-99d5-9b325c1d31ae#0:FAIL-t359] and 0 exception(s); 8f18dce1-0a3d-4b65-9c78-af3d58b2da7f@group-091950D56227:t359, leader=null, voted=8f18dce1-0a3d-4b65-9c78-af3d58b2da7f, raftlog=8f18dce1-0a3d-4b65-9c78-af3d58b2da7f@group-091950D56227-SegmentedRaftLog:OPENED:c-1,f-1,i0, conf=-1: [8a63e1ae-032e-4bed-9f20-125a11f65413:0.0.0.0:38685, 8f18dce1-0a3d-4b65-9c78-af3d58b2da7f:0.0.0.0:42489, 7b1e61a0-7daf-43dd-99d5-9b325c1d31ae:0.0.0.0:38412], old=null
2019-10-20 17:40:38,528 [8f18dce1-0a3d-4b65-9c78-af3d58b2da7f@group-091950D56227-LeaderElection303] INFO  impl.RaftServerImpl (RaftServerImpl.java:setRole(184)) - 8f18dce1-0a3d-4b65-9c78-af3d58b2da7f@group-091950D56227: changes role from CANDIDATE to FOLLOWER at term 359 for DISCOVERED_A_NEW_TERM
2019-10-20 17:40:38,528 [8f18dce1-0a3d-4b65-9c78-af3d58b2da7f@group-091950D56227-LeaderElection303] INFO  impl.RoleInfo (RoleInfo.java:shutdownLeaderElection(134)) - 8f18dce1-0a3d-4b65-9c78-af3d58b2da7f: shutdown LeaderElection
2019-10-20 17:40:38,528 [8f18dce1-0a3d-4b65-9c78-af3d58b2da7f@group-091950D56227-LeaderElection303] INFO  impl.RoleInfo (RoleInfo.java:updateAndGet(143)) - 8f18dce1-0a3d-4b65-9c78-af3d58b2da7f: start FollowerState
2019-10-20 17:40:38,614 [Thread-2179] INFO  impl.FollowerState (FollowerState.java:run(108)) - 8f18dce1-0a3d-4b65-9c78-af3d58b2da7f@group-091950D56227-FollowerState: change to CANDIDATE, lastRpcTime:85ms, electionTimeout:85ms
2019-10-20 17:40:38,614 [Thread-2179] INFO  impl.RoleInfo (RoleInfo.java:shutdownFollowerState(121)) - 8f18dce1-0a3d-4b65-9c78-af3d58b2da7f: shutdown FollowerState
2019-10-20 17:40:38,614 [Thread-2179] INFO  impl.RaftServerImpl (RaftServerImpl.java:setRole(184)) - 8f18dce1-0a3d-4b65-9c78-af3d58b2da7f@group-091950D56227: changes role from  FOLLOWER to CANDIDATE at term 359 for changeToCandidate
2019-10-20 17:40:38,614 [Thread-2179] INFO  impl.RoleInfo (RoleInfo.java:updateAndGet(143)) - 8f18dce1-0a3d-4b65-9c78-af3d58b2da7f: start LeaderElection
2019-10-20 17:40:38,645 [8f18dce1-0a3d-4b65-9c78-af3d58b2da7f@group-091950D56227-LeaderElection304] INFO  impl.LeaderElection (LeaderElection.java:askForVotes(178)) - 8f18dce1-0a3d-4b65-9c78-af3d58b2da7f@group-091950D56227-LeaderElection304: begin an election at term 360 for -1: [8a63e1ae-032e-4bed-9f20-125a11f65413:0.0.0.0:38685, 8f18dce1-0a3d-4b65-9c78-af3d58b2da7f:0.0.0.0:42489, 7b1e61a0-7daf-43dd-99d5-9b325c1d31ae:0.0.0.0:38412], old=null
2019-10-20 17:40:38,647 [grpc-default-executor-2] INFO  impl.RaftServerImpl (RaftServerImpl.java:setRole(184)) - 8a63e1ae-032e-4bed-9f20-125a11f65413@group-091950D56227: changes role from  FOLLOWER to FOLLOWER at term 360 for recognizeCandidate:8f18dce1-0a3d-4b65-9c78-af3d58b2da7f
2019-10-20 17:40:38,647 [grpc-default-executor-2] INFO  impl.RoleInfo (RoleInfo.java:shutdownFollowerState(121)) - 8a63e1ae-032e-4bed-9f20-125a11f65413: shutdown FollowerState
2019-10-20 17:40:38,647 [grpc-default-executor-2] INFO  impl.RoleInfo (RoleInfo.java:updateAndGet(143)) - 8a63e1ae-032e-4bed-9f20-125a11f65413: start FollowerState
2019-10-20 17:40:38,647 [Thread-2178] INFO  impl.FollowerState (FollowerState.java:run(117)) - 8a63e1ae-032e-4bed-9f20-125a11f65413@group-091950D56227-FollowerState was interrupted: java.lang.InterruptedException: sleep interrupted
2019-10-20 17:40:38,647 [grpc-default-executor-1] INFO  impl.RaftServerImpl (RaftServerImpl.java:setRole(184)) - 7b1e61a0-7daf-43dd-99d5-9b325c1d31ae@group-091950D56227: changes role from  FOLLOWER to FOLLOWER at term 360 for recognizeCandidate:8f18dce1-0a3d-4b65-9c78-af3d58b2da7f
2019-10-20 17:40:38,648 [grpc-default-executor-1] INFO  impl.RoleInfo (RoleInfo.java:shutdownFollowerState(121)) - 7b1e61a0-7daf-43dd-99d5-9b325c1d31ae: shutdown FollowerState
2019-10-20 17:40:38,648 [grpc-default-executor-1] INFO  impl.RoleInfo (RoleInfo.java:updateAndGet(143)) - 7b1e61a0-7daf-43dd-99d5-9b325c1d31ae: start FollowerState
2019-10-20 17:40:38,648 [Thread-2177] INFO  impl.FollowerState (FollowerState.java:run(117)) - 7b1e61a0-7daf-43dd-99d5-9b325c1d31ae@group-091950D56227-FollowerState was interrupted: java.lang.InterruptedException: sleep interrupted
2019-10-20 17:40:38,672 [8f18dce1-0a3d-4b65-9c78-af3d58b2da7f@group-091950D56227-LeaderElection304] INFO  impl.LeaderElection (LeaderElection.java:logAndReturn(56)) - 8f18dce1-0a3d-4b65-9c78-af3d58b2da7f@group-091950D56227-LeaderElection304: Election REJECTED; received 2 response(s) [8f18dce1-0a3d-4b65-9c78-af3d58b2da7f<-8a63e1ae-032e-4bed-9f20-125a11f65413#0:FAIL-t360, 8f18dce1-0a3d-4b65-9c78-af3d58b2da7f<-7b1e61a0-7daf-43dd-99d5-9b325c1d31ae#0:FAIL-t360] and 0 exception(s); 8f18dce1-0a3d-4b65-9c78-af3d58b2da7f@group-091950D56227:t360, leader=null, voted=8f18dce1-0a3d-4b65-9c78-af3d58b2da7f, raftlog=8f18dce1-0a3d-4b65-9c78-af3d58b2da7f@group-091950D56227-SegmentedRaftLog:OPENED:c-1,f-1,i0, conf=-1: [8a63e1ae-032e-4bed-9f20-125a11f65413:0.0.0.0:38685, 8f18dce1-0a3d-4b65-9c78-af3d58b2da7f:0.0.0.0:42489, 7b1e61a0-7daf-43dd-99d5-9b325c1d31ae:0.0.0.0:38412], old=null
2019-10-20 17:40:38,672 [8f18dce1-0a3d-4b65-9c78-af3d58b2da7f@group-091950D56227-LeaderElection304] INFO  impl.RaftServerImpl (RaftServerImpl.java:setRole(184)) - 8f18dce1-0a3d-4b65-9c78-af3d58b2da7f@group-091950D56227: changes role from CANDIDATE to FOLLOWER at term 360 for DISCOVERED_A_NEW_TERM
2019-10-20 17:40:38,672 [8f18dce1-0a3d-4b65-9c78-af3d58b2da7f@group-091950D56227-LeaderElection304] INFO  impl.RoleInfo (RoleInfo.java:shutdownLeaderElection(134)) - 8f18dce1-0a3d-4b65-9c78-af3d58b2da7f: shutdown LeaderElection
2019-10-20 17:40:38,672 [8f18dce1-0a3d-4b65-9c78-af3d58b2da7f@group-091950D56227-LeaderElection304] INFO  impl.RoleInfo (RoleInfo.java:updateAndGet(143)) - 8f18dce1-0a3d-4b65-9c78-af3d58b2da7f: start FollowerState
2019-10-20 17:40:38,869 [Thread-2185] INFO  impl.FollowerState (FollowerState.java:run(108)) - 8f18dce1-0a3d-4b65-9c78-af3d58b2da7f@group-091950D56227-FollowerState: change to CANDIDATE, lastRpcTime:197ms, electionTimeout:197ms
2019-10-20 17:40:38,870 [Thread-2185] INFO  impl.RoleInfo (RoleInfo.java:shutdownFollowerState(121)) - 8f18dce1-0a3d-4b65-9c78-af3d58b2da7f: shutdown FollowerState
2019-10-20 17:40:38,870 [Thread-2185] INFO  impl.RaftServerImpl (RaftServerImpl.java:setRole(184)) - 8f18dce1-0a3d-4b65-9c78-af3d58b2da7f@group-091950D56227: changes role from  FOLLOWER to CANDIDATE at term 360 for changeToCandidate
2019-10-20 17:40:38,870 [Thread-2185] INFO  impl.RoleInfo (RoleInfo.java:updateAndGet(143)) - 8f18dce1-0a3d-4b65-9c78-af3d58b2da7f: start LeaderElection
2019-10-20 17:40:38,900 [8f18dce1-0a3d-4b65-9c78-af3d58b2da7f@group-091950D56227-LeaderElection305] INFO  impl.LeaderElection (LeaderElection.java:askForVotes(178)) - 8f18dce1-0a3d-4b65-9c78-af3d58b2da7f@group-091950D56227-LeaderElection305: begin an election at term 361 for -1: [8a63e1ae-032e-4bed-9f20-125a11f65413:0.0.0.0:38685, 8f18dce1-0a3d-4b65-9c78-af3d58b2da7f:0.0.0.0:42489, 7b1e61a0-7daf-43dd-99d5-9b325c1d31ae:0.0.0.0:38412], old=null
2019-10-20 17:40:38,902 [grpc-default-executor-1] INFO  impl.RaftServerImpl (RaftServerImpl.java:setRole(184)) - 8a63e1ae-032e-4bed-9f20-125a11f65413@group-091950D56227: changes role from  FOLLOWER to FOLLOWER at term 361 for recognizeCandidate:8f18dce1-0a3d-4b65-9c78-af3d58b2da7f
2019-10-20 17:40:38,902 [grpc-default-executor-2] INFO  impl.RaftServerImpl (RaftServerImpl.java:setRole(184)) - 7b1e61a0-7daf-43dd-99d5-9b325c1d31ae@group-091950D56227: changes role from  FOLLOWER to FOLLOWER at term 361 for recognizeCandidate:8f18dce1-0a3d-4b65-9c78-af3d58b2da7f
2019-10-20 17:40:38,902 [grpc-default-executor-1] INFO  impl.RoleInfo (RoleInfo.java:shutdownFollowerState(121)) - 8a63e1ae-032e-4bed-9f20-125a11f65413: shutdown FollowerState
2019-10-20 17:40:38,902 [grpc-default-executor-2] INFO  impl.RoleInfo (RoleInfo.java:shutdownFollowerState(121)) - 7b1e61a0-7daf-43dd-99d5-9b325c1d31ae: shutdown FollowerState
2019-10-20 17:40:38,902 [grpc-default-executor-1] INFO  impl.RoleInfo (RoleInfo.java:updateAndGet(143)) - 8a63e1ae-032e-4bed-9f20-125a11f65413: start FollowerState
2019-10-20 17:40:38,902 [Thread-2183] INFO  impl.FollowerState (FollowerState.java:run(117)) - 8a63e1ae-032e-4bed-9f20-125a11f65413@group-091950D56227-FollowerState was interrupted: java.lang.InterruptedException: sleep interrupted
2019-10-20 17:40:38,902 [Thread-2184] INFO  impl.FollowerState (FollowerState.java:run(117)) - 7b1e61a0-7daf-43dd-99d5-9b325c1d31ae@group-091950D56227-FollowerState was interrupted: java.lang.InterruptedException: sleep interrupted
2019-10-20 17:40:38,902 [grpc-default-executor-2] INFO  impl.RoleInfo (RoleInfo.java:updateAndGet(143)) - 7b1e61a0-7daf-43dd-99d5-9b325c1d31ae: start FollowerState
2019-10-20 17:40:38,926 [8f18dce1-0a3d-4b65-9c78-af3d58b2da7f@group-091950D56227-LeaderElection305] INFO  impl.LeaderElection (LeaderElection.java:logAndReturn(56)) - 8f18dce1-0a3d-4b65-9c78-af3d58b2da7f@group-091950D56227-LeaderElection305: Election REJECTED; received 2 response(s) [8f18dce1-0a3d-4b65-9c78-af3d58b2da7f<-8a63e1ae-032e-4bed-9f20-125a11f65413#0:FAIL-t361, 8f18dce1-0a3d-4b65-9c78-af3d58b2da7f<-7b1e61a0-7daf-43dd-99d5-9b325c1d31ae#0:FAIL-t361] and 0 exception(s); 8f18dce1-0a3d-4b65-9c78-af3d58b2da7f@group-091950D56227:t361, leader=null, voted=8f18dce1-0a3d-4b65-9c78-af3d58b2da7f, raftlog=8f18dce1-0a3d-4b65-9c78-af3d58b2da7f@group-091950D56227-SegmentedRaftLog:OPENED:c-1,f-1,i0, conf=-1: [8a63e1ae-032e-4bed-9f20-125a11f65413:0.0.0.0:38685, 8f18dce1-0a3d-4b65-9c78-af3d58b2da7f:0.0.0.0:42489, 7b1e61a0-7daf-43dd-99d5-9b325c1d31ae:0.0.0.0:38412], old=null
2019-10-20 17:40:38,927 [8f18dce1-0a3d-4b65-9c78-af3d58b2da7f@group-091950D56227-LeaderElection305] INFO  impl.RaftServerImpl (RaftServerImpl.java:setRole(184)) - 8f18dce1-0a3d-4b65-9c78-af3d58b2da7f@group-091950D56227: changes role from CANDIDATE to FOLLOWER at term 361 for DISCOVERED_A_NEW_TERM
2019-10-20 17:40:38,927 [8f18dce1-0a3d-4b65-9c78-af3d58b2da7f@group-091950D56227-LeaderElection305] INFO  impl.RoleInfo (RoleInfo.java:shutdownLeaderElection(134)) - 8f18dce1-0a3d-4b65-9c78-af3d58b2da7f: shutdown LeaderElection
2019-10-20 17:40:38,927 [8f18dce1-0a3d-4b65-9c78-af3d58b2da7f@group-091950D56227-LeaderElection305] INFO  impl.RoleInfo (RoleInfo.java:updateAndGet(143)) - 8f18dce1-0a3d-4b65-9c78-af3d58b2da7f: start FollowerState
2019-10-20 17:40:39,126 [Thread-2191] INFO  impl.FollowerState (FollowerState.java:run(108)) - 8f18dce1-0a3d-4b65-9c78-af3d58b2da7f@group-091950D56227-FollowerState: change to CANDIDATE, lastRpcTime:199ms, electionTimeout:199ms
2019-10-20 17:40:39,127 [Thread-2191] INFO  impl.RoleInfo (RoleInfo.java:shutdownFollowerState(121)) - 8f18dce1-0a3d-4b65-9c78-af3d58b2da7f: shutdown FollowerState
2019-10-20 17:40:39,127 [Thread-2191] INFO  impl.RaftServerImpl (RaftServerImpl.java:setRole(184)) - 8f18dce1-0a3d-4b65-9c78-af3d58b2da7f@group-091950D56227: changes role from  FOLLOWER to CANDIDATE at term 361 for changeToCandidate
2019-10-20 17:40:39,127 [Thread-2191] INFO  impl.RoleInfo (RoleInfo.java:updateAndGet(143)) - 8f18dce1-0a3d-4b65-9c78-af3d58b2da7f: start LeaderElection
2019-10-20 17:40:39,159 [8f18dce1-0a3d-4b65-9c78-af3d58b2da7f@group-091950D56227-LeaderElection306] INFO  impl.LeaderElection (LeaderElection.java:askForVotes(178)) - 8f18dce1-0a3d-4b65-9c78-af3d58b2da7f@group-091950D56227-LeaderElection306: begin an election at term 362 for -1: [8a63e1ae-032e-4bed-9f20-125a11f65413:0.0.0.0:38685, 8f18dce1-0a3d-4b65-9c78-af3d58b2da7f:0.0.0.0:42489, 7b1e61a0-7daf-43dd-99d5-9b325c1d31ae:0.0.0.0:38412], old=null
2019-10-20 17:40:39,161 [grpc-default-executor-2] INFO  impl.RaftServerImpl (RaftServerImpl.java:setRole(184)) - 8a63e1ae-032e-4bed-9f20-125a11f65413@group-091950D56227: changes role from  FOLLOWER to FOLLOWER at term 362 for recognizeCandidate:8f18dce1-0a3d-4b65-9c78-af3d58b2da7f
2019-10-20 17:40:39,161 [grpc-default-executor-2] INFO  impl.RoleInfo (RoleInfo.java:shutdownFollowerState(121)) - 8a63e1ae-032e-4bed-9f20-125a11f65413: shutdown FollowerState
2019-10-20 17:40:39,161 [grpc-default-executor-1] INFO  impl.RaftServerImpl (RaftServerImpl.java:setRole(184)) - 7b1e61a0-7daf-43dd-99d5-9b325c1d31ae@group-091950D56227: changes role from  FOLLOWER to FOLLOWER at term 362 for recognizeCandidate:8f18dce1-0a3d-4b65-9c78-af3d58b2da7f
2019-10-20 17:40:39,161 [grpc-default-executor-1] INFO  impl.RoleInfo (RoleInfo.java:shutdownFollowerState(121)) - 7b1e61a0-7daf-43dd-99d5-9b325c1d31ae: shutdown FollowerState
2019-10-20 17:40:39,161 [Thread-2189] INFO  impl.FollowerState (FollowerState.java:run(117)) - 8a63e1ae-032e-4bed-9f20-125a11f65413@group-091950D56227-FollowerState was interrupted: java.lang.InterruptedException: sleep interrupted
2019-10-20 17:40:39,161 [grpc-default-executor-2] INFO  impl.RoleInfo (RoleInfo.java:updateAndGet(143)) - 8a63e1ae-032e-4bed-9f20-125a11f65413: start FollowerState
2019-10-20 17:40:39,161 [Thread-2190] INFO  impl.FollowerState (FollowerState.java:run(117)) - 7b1e61a0-7daf-43dd-99d5-9b325c1d31ae@group-091950D56227-FollowerState was interrupted: java.lang.InterruptedException: sleep interrupted
2019-10-20 17:40:39,161 [grpc-default-executor-1] INFO  impl.RoleInfo (RoleInfo.java:updateAndGet(143)) - 7b1e61a0-7daf-43dd-99d5-9b325c1d31ae: start FollowerState
2019-10-20 17:40:39,185 [8f18dce1-0a3d-4b65-9c78-af3d58b2da7f@group-091950D56227-LeaderElection306] INFO  impl.LeaderElection (LeaderElection.java:logAndReturn(56)) - 8f18dce1-0a3d-4b65-9c78-af3d58b2da7f@group-091950D56227-LeaderElection306: Election REJECTED; received 2 response(s) [8f18dce1-0a3d-4b65-9c78-af3d58b2da7f<-8a63e1ae-032e-4bed-9f20-125a11f65413#0:FAIL-t362, 8f18dce1-0a3d-4b65-9c78-af3d58b2da7f<-7b1e61a0-7daf-43dd-99d5-9b325c1d31ae#0:FAIL-t362] and 0 exception(s); 8f18dce1-0a3d-4b65-9c78-af3d58b2da7f@group-091950D56227:t362, leader=null, voted=8f18dce1-0a3d-4b65-9c78-af3d58b2da7f, raftlog=8f18dce1-0a3d-4b65-9c78-af3d58b2da7f@group-091950D56227-SegmentedRaftLog:OPENED:c-1,f-1,i0, conf=-1: [8a63e1ae-032e-4bed-9f20-125a11f65413:0.0.0.0:38685, 8f18dce1-0a3d-4b65-9c78-af3d58b2da7f:0.0.0.0:42489, 7b1e61a0-7daf-43dd-99d5-9b325c1d31ae:0.0.0.0:38412], old=null
2019-10-20 17:40:39,185 [8f18dce1-0a3d-4b65-9c78-af3d58b2da7f@group-091950D56227-LeaderElection306] INFO  impl.RaftServerImpl (RaftServerImpl.java:setRole(184)) - 8f18dce1-0a3d-4b65-9c78-af3d58b2da7f@group-091950D56227: changes role from CANDIDATE to FOLLOWER at term 362 for DISCOVERED_A_NEW_TERM
2019-10-20 17:40:39,185 [8f18dce1-0a3d-4b65-9c78-af3d58b2da7f@group-091950D56227-LeaderElection306] INFO  impl.RoleInfo (RoleInfo.java:shutdownLeaderElection(134)) - 8f18dce1-0a3d-4b65-9c78-af3d58b2da7f: shutdown LeaderElection
2019-10-20 17:40:39,185 [8f18dce1-0a3d-4b65-9c78-af3d58b2da7f@group-091950D56227-LeaderElection306] INFO  impl.RoleInfo (RoleInfo.java:updateAndGet(143)) - 8f18dce1-0a3d-4b65-9c78-af3d58b2da7f: start FollowerState
2019-10-20 17:40:39,289 [Thread-2197] INFO  impl.FollowerState (FollowerState.java:run(108)) - 8f18dce1-0a3d-4b65-9c78-af3d58b2da7f@group-091950D56227-FollowerState: change to CANDIDATE, lastRpcTime:103ms, electionTimeout:103ms
2019-10-20 17:40:39,289 [Thread-2197] INFO  impl.RoleInfo (RoleInfo.java:shutdownFollowerState(121)) - 8f18dce1-0a3d-4b65-9c78-af3d58b2da7f: shutdown FollowerState
2019-10-20 17:40:39,289 [Thread-2197] INFO  impl.RaftServerImpl (RaftServerImpl.java:setRole(184)) - 8f18dce1-0a3d-4b65-9c78-af3d58b2da7f@group-091950D56227: changes role from  FOLLOWER to CANDIDATE at term 362 for changeToCandidate
2019-10-20 17:40:39,289 [Thread-2197] INFO  impl.RoleInfo (RoleInfo.java:updateAndGet(143)) - 8f18dce1-0a3d-4b65-9c78-af3d58b2da7f: start LeaderElection
2019-10-20 17:40:39,318 [8f18dce1-0a3d-4b65-9c78-af3d58b2da7f@group-091950D56227-LeaderElection307] INFO  impl.LeaderElection (LeaderElection.java:askForVotes(178)) - 8f18dce1-0a3d-4b65-9c78-af3d58b2da7f@group-091950D56227-LeaderElection307: begin an election at term 363 for -1: [8a63e1ae-032e-4bed-9f20-125a11f65413:0.0.0.0:38685, 8f18dce1-0a3d-4b65-9c78-af3d58b2da7f:0.0.0.0:42489, 7b1e61a0-7daf-43dd-99d5-9b325c1d31ae:0.0.0.0:38412], old=null
2019-10-20 17:40:39,320 [grpc-default-executor-2] INFO  impl.RaftServerImpl (RaftServerImpl.java:setRole(184)) - 8a63e1ae-032e-4bed-9f20-125a11f65413@group-091950D56227: changes role from  FOLLOWER to FOLLOWER at term 363 for recognizeCandidate:8f18dce1-0a3d-4b65-9c78-af3d58b2da7f
2019-10-20 17:40:39,320 [grpc-default-executor-2] INFO  impl.RoleInfo (RoleInfo.java:shutdownFollowerState(121)) - 8a63e1ae-032e-4bed-9f20-125a11f65413: shutdown FollowerState
2019-10-20 17:40:39,320 [grpc-default-executor-2] INFO  impl.RoleInfo (RoleInfo.java:updateAndGet(143)) - 8a63e1ae-032e-4bed-9f20-125a11f65413: start FollowerState
2019-10-20 17:40:39,320 [Thread-2195] INFO  impl.FollowerState (FollowerState.java:run(117)) - 8a63e1ae-032e-4bed-9f20-125a11f65413@group-091950D56227-FollowerState was interrupted: java.lang.InterruptedException: sleep interrupted
2019-10-20 17:40:39,320 [grpc-default-executor-1] INFO  impl.RaftServerImpl (RaftServerImpl.java:setRole(184)) - 7b1e61a0-7daf-43dd-99d5-9b325c1d31ae@group-091950D56227: changes role from  FOLLOWER to FOLLOWER at term 363 for recognizeCandidate:8f18dce1-0a3d-4b65-9c78-af3d58b2da7f
2019-10-20 17:40:39,320 [grpc-default-executor-1] INFO  impl.RoleInfo (RoleInfo.java:shutdownFollowerState(121)) - 7b1e61a0-7daf-43dd-99d5-9b325c1d31ae: shutdown FollowerState
2019-10-20 17:40:39,320 [grpc-default-executor-1] INFO  impl.RoleInfo (RoleInfo.java:updateAndGet(143)) - 7b1e61a0-7daf-43dd-99d5-9b325c1d31ae: start FollowerState
2019-10-20 17:40:39,321 [Thread-2196] INFO  impl.FollowerState (FollowerState.java:run(117)) - 7b1e61a0-7daf-43dd-99d5-9b325c1d31ae@group-091950D56227-FollowerState was interrupted: java.lang.InterruptedException: sleep interrupted
2019-10-20 17:40:39,343 [8f18dce1-0a3d-4b65-9c78-af3d58b2da7f@group-091950D56227-LeaderElection307] INFO  impl.LeaderElection (LeaderElection.java:logAndReturn(56)) - 8f18dce1-0a3d-4b65-9c78-af3d58b2da7f@group-091950D56227-LeaderElection307: Election TIMEOUT; received 0 response(s) [] and 0 exception(s); 8f18dce1-0a3d-4b65-9c78-af3d58b2da7f@group-091950D56227:t363, leader=null, voted=8f18dce1-0a3d-4b65-9c78-af3d58b2da7f, raftlog=8f18dce1-0a3d-4b65-9c78-af3d58b2da7f@group-091950D56227-SegmentedRaftLog:OPENED:c-1,f-1,i0, conf=-1: [8a63e1ae-032e-4bed-9f20-125a11f65413:0.0.0.0:38685, 8f18dce1-0a3d-4b65-9c78-af3d58b2da7f:0.0.0.0:42489, 7b1e61a0-7daf-43dd-99d5-9b325c1d31ae:0.0.0.0:38412], old=null
2019-10-20 17:40:39,370 [8f18dce1-0a3d-4b65-9c78-af3d58b2da7f@group-091950D56227-LeaderElection307] INFO  impl.LeaderElection (LeaderElection.java:askForVotes(178)) - 8f18dce1-0a3d-4b65-9c78-af3d58b2da7f@group-091950D56227-LeaderElection307: begin an election at term 364 for -1: [8a63e1ae-032e-4bed-9f20-125a11f65413:0.0.0.0:38685, 8f18dce1-0a3d-4b65-9c78-af3d58b2da7f:0.0.0.0:42489, 7b1e61a0-7daf-43dd-99d5-9b325c1d31ae:0.0.0.0:38412], old=null
2019-10-20 17:40:39,371 [grpc-default-executor-1] INFO  impl.RaftServerImpl (RaftServerImpl.java:setRole(184)) - 8a63e1ae-032e-4bed-9f20-125a11f65413@group-091950D56227: changes role from  FOLLOWER to FOLLOWER at term 364 for recognizeCandidate:8f18dce1-0a3d-4b65-9c78-af3d58b2da7f
2019-10-20 17:40:39,372 [grpc-default-executor-1] INFO  impl.RoleInfo (RoleInfo.java:shutdownFollowerState(121)) - 8a63e1ae-032e-4bed-9f20-125a11f65413: shutdown FollowerState
2019-10-20 17:40:39,372 [grpc-default-executor-1] INFO  impl.RoleInfo (RoleInfo.java:updateAndGet(143)) - 8a63e1ae-032e-4bed-9f20-125a11f65413: start FollowerState
2019-10-20 17:40:39,372 [grpc-default-executor-2] INFO  impl.RaftServerImpl (RaftServerImpl.java:setRole(184)) - 7b1e61a0-7daf-43dd-99d5-9b325c1d31ae@group-091950D56227: changes role from  FOLLOWER to FOLLOWER at term 364 for recognizeCandidate:8f18dce1-0a3d-4b65-9c78-af3d58b2da7f
2019-10-20 17:40:39,372 [grpc-default-executor-2] INFO  impl.RoleInfo (RoleInfo.java:shutdownFollowerState(121)) - 7b1e61a0-7daf-43dd-99d5-9b325c1d31ae: shutdown FollowerState
2019-10-20 17:40:39,372 [Thread-2202] INFO  impl.FollowerState (FollowerState.java:run(117)) - 8a63e1ae-032e-4bed-9f20-125a11f65413@group-091950D56227-FollowerState was interrupted: java.lang.InterruptedException: sleep interrupted
2019-10-20 17:40:39,372 [Thread-2203] INFO  impl.FollowerState (FollowerState.java:run(117)) - 7b1e61a0-7daf-43dd-99d5-9b325c1d31ae@group-091950D56227-FollowerState was interrupted: java.lang.InterruptedException: sleep interrupted
2019-10-20 17:40:39,372 [grpc-default-executor-2] INFO  impl.RoleInfo (RoleInfo.java:updateAndGet(143)) - 7b1e61a0-7daf-43dd-99d5-9b325c1d31ae: start FollowerState
2019-10-20 17:40:39,396 [8f18dce1-0a3d-4b65-9c78-af3d58b2da7f@group-091950D56227-LeaderElection307] INFO  impl.LeaderElection (LeaderElection.java:logAndReturn(56)) - 8f18dce1-0a3d-4b65-9c78-af3d58b2da7f@group-091950D56227-LeaderElection307: Election REJECTED; received 2 response(s) [8f18dce1-0a3d-4b65-9c78-af3d58b2da7f<-8a63e1ae-032e-4bed-9f20-125a11f65413#0:FAIL-t364, 8f18dce1-0a3d-4b65-9c78-af3d58b2da7f<-7b1e61a0-7daf-43dd-99d5-9b325c1d31ae#0:FAIL-t364] and 0 exception(s); 8f18dce1-0a3d-4b65-9c78-af3d58b2da7f@group-091950D56227:t364, leader=null, voted=8f18dce1-0a3d-4b65-9c78-af3d58b2da7f, raftlog=8f18dce1-0a3d-4b65-9c78-af3d58b2da7f@group-091950D56227-SegmentedRaftLog:OPENED:c-1,f-1,i0, conf=-1: [8a63e1ae-032e-4bed-9f20-125a11f65413:0.0.0.0:38685, 8f18dce1-0a3d-4b65-9c78-af3d58b2da7f:0.0.0.0:42489, 7b1e61a0-7daf-43dd-99d5-9b325c1d31ae:0.0.0.0:38412], old=null
2019-10-20 17:40:39,396 [8f18dce1-0a3d-4b65-9c78-af3d58b2da7f@group-091950D56227-LeaderElection307] INFO  impl.RaftServerImpl (RaftServerImpl.java:setRole(184)) - 8f18dce1-0a3d-4b65-9c78-af3d58b2da7f@group-091950D56227: changes role from CANDIDATE to FOLLOWER at term 364 for DISCOVERED_A_NEW_TERM
2019-10-20 17:40:39,396 [8f18dce1-0a3d-4b65-9c78-af3d58b2da7f@group-091950D56227-LeaderElection307] INFO  impl.RoleInfo (RoleInfo.java:shutdownLeaderElection(134)) - 8f18dce1-0a3d-4b65-9c78-af3d58b2da7f: shutdown LeaderElection
2019-10-20 17:40:39,396 [8f18dce1-0a3d-4b65-9c78-af3d58b2da7f@group-091950D56227-LeaderElection307] INFO  impl.RoleInfo (RoleInfo.java:updateAndGet(143)) - 8f18dce1-0a3d-4b65-9c78-af3d58b2da7f: start FollowerState
2019-10-20 17:40:39,558 [Thread-2209] INFO  impl.FollowerState (FollowerState.java:run(108)) - 8f18dce1-0a3d-4b65-9c78-af3d58b2da7f@group-091950D56227-FollowerState: change to CANDIDATE, lastRpcTime:162ms, electionTimeout:162ms
2019-10-20 17:40:39,559 [Thread-2209] INFO  impl.RoleInfo (RoleInfo.java:shutdownFollowerState(121)) - 8f18dce1-0a3d-4b65-9c78-af3d58b2da7f: shutdown FollowerState
2019-10-20 17:40:39,559 [Thread-2209] INFO  impl.RaftServerImpl (RaftServerImpl.java:setRole(184)) - 8f18dce1-0a3d-4b65-9c78-af3d58b2da7f@group-091950D56227: changes role from  FOLLOWER to CANDIDATE at term 364 for changeToCandidate
2019-10-20 17:40:39,559 [Thread-2209] INFO  impl.RoleInfo (RoleInfo.java:updateAndGet(143)) - 8f18dce1-0a3d-4b65-9c78-af3d58b2da7f: start LeaderElection
2019-10-20 17:40:39,587 [8f18dce1-0a3d-4b65-9c78-af3d58b2da7f@group-091950D56227-LeaderElection308] INFO  impl.LeaderElection (LeaderElection.java:askForVotes(178)) - 8f18dce1-0a3d-4b65-9c78-af3d58b2da7f@group-091950D56227-LeaderElection308: begin an election at term 365 for -1: [8a63e1ae-032e-4bed-9f20-125a11f65413:0.0.0.0:38685, 8f18dce1-0a3d-4b65-9c78-af3d58b2da7f:0.0.0.0:42489, 7b1e61a0-7daf-43dd-99d5-9b325c1d31ae:0.0.0.0:38412], old=null
2019-10-20 17:40:39,589 [grpc-default-executor-1] INFO  impl.RaftServerImpl (RaftServerImpl.java:setRole(184)) - 7b1e61a0-7daf-43dd-99d5-9b325c1d31ae@group-091950D56227: changes role from  FOLLOWER to FOLLOWER at term 365 for recognizeCandidate:8f18dce1-0a3d-4b65-9c78-af3d58b2da7f
2019-10-20 17:40:39,589 [grpc-default-executor-1] INFO  impl.RoleInfo (RoleInfo.java:shutdownFollowerState(121)) - 7b1e61a0-7daf-43dd-99d5-9b325c1d31ae: shutdown FollowerState
2019-10-20 17:40:39,589 [grpc-default-executor-2] INFO  impl.RaftServerImpl (RaftServerImpl.java:setRole(184)) - 8a63e1ae-032e-4bed-9f20-125a11f65413@group-091950D56227: changes role from  FOLLOWER to FOLLOWER at term 365 for recognizeCandidate:8f18dce1-0a3d-4b65-9c78-af3d58b2da7f
2019-10-20 17:40:39,589 [Thread-2208] INFO  impl.FollowerState (FollowerState.java:run(117)) - 7b1e61a0-7daf-43dd-99d5-9b325c1d31ae@group-091950D56227-FollowerState was interrupted: java.lang.InterruptedException: sleep interrupted
2019-10-20 17:40:39,589 [grpc-default-executor-1] INFO  impl.RoleInfo (RoleInfo.java:updateAndGet(143)) - 7b1e61a0-7daf-43dd-99d5-9b325c1d31ae: start FollowerState
2019-10-20 17:40:39,590 [grpc-default-executor-2] INFO  impl.RoleInfo (RoleInfo.java:shutdownFollowerState(121)) - 8a63e1ae-032e-4bed-9f20-125a11f65413: shutdown FollowerState
2019-10-20 17:40:39,590 [grpc-default-executor-2] INFO  impl.RoleInfo (RoleInfo.java:updateAndGet(143)) - 8a63e1ae-032e-4bed-9f20-125a11f65413: start FollowerState
2019-10-20 17:40:39,590 [Thread-2207] INFO  impl.FollowerState (FollowerState.java:run(117)) - 8a63e1ae-032e-4bed-9f20-125a11f65413@group-091950D56227-FollowerState was interrupted: java.lang.InterruptedException: sleep interrupted
2019-10-20 17:40:39,613 [8f18dce1-0a3d-4b65-9c78-af3d58b2da7f@group-091950D56227-LeaderElection308] INFO  impl.LeaderElection (LeaderElection.java:logAndReturn(56)) - 8f18dce1-0a3d-4b65-9c78-af3d58b2da7f@group-091950D56227-LeaderElection308: Election TIMEOUT; received 0 response(s) [] and 0 exception(s); 8f18dce1-0a3d-4b65-9c78-af3d58b2da7f@group-091950D56227:t365, leader=null, voted=8f18dce1-0a3d-4b65-9c78-af3d58b2da7f, raftlog=8f18dce1-0a3d-4b65-9c78-af3d58b2da7f@group-091950D56227-SegmentedRaftLog:OPENED:c-1,f-1,i0, conf=-1: [8a63e1ae-032e-4bed-9f20-125a11f65413:0.0.0.0:38685, 8f18dce1-0a3d-4b65-9c78-af3d58b2da7f:0.0.0.0:42489, 7b1e61a0-7daf-43dd-99d5-9b325c1d31ae:0.0.0.0:38412], old=null
2019-10-20 17:40:39,638 [8f18dce1-0a3d-4b65-9c78-af3d58b2da7f@group-091950D56227-LeaderElection308] INFO  impl.LeaderElection (LeaderElection.java:askForVotes(178)) - 8f18dce1-0a3d-4b65-9c78-af3d58b2da7f@group-091950D56227-LeaderElection308: begin an election at term 366 for -1: [8a63e1ae-032e-4bed-9f20-125a11f65413:0.0.0.0:38685, 8f18dce1-0a3d-4b65-9c78-af3d58b2da7f:0.0.0.0:42489, 7b1e61a0-7daf-43dd-99d5-9b325c1d31ae:0.0.0.0:38412], old=null
2019-10-20 17:40:39,640 [grpc-default-executor-1] INFO  impl.RaftServerImpl (RaftServerImpl.java:setRole(184)) - 8a63e1ae-032e-4bed-9f20-125a11f65413@group-091950D56227: changes role from  FOLLOWER to FOLLOWER at term 366 for recognizeCandidate:8f18dce1-0a3d-4b65-9c78-af3d58b2da7f
2019-10-20 17:40:39,640 [grpc-default-executor-2] INFO  impl.RaftServerImpl (RaftServerImpl.java:setRole(184)) - 7b1e61a0-7daf-43dd-99d5-9b325c1d31ae@group-091950D56227: changes role from  FOLLOWER to FOLLOWER at term 366 for recognizeCandidate:8f18dce1-0a3d-4b65-9c78-af3d58b2da7f
2019-10-20 17:40:39,640 [grpc-default-executor-2] INFO  impl.RoleInfo (RoleInfo.java:shutdownFollowerState(121)) - 7b1e61a0-7daf-43dd-99d5-9b325c1d31ae: shutdown FollowerState
2019-10-20 17:40:39,640 [grpc-default-executor-1] INFO  impl.RoleInfo (RoleInfo.java:shutdownFollowerState(121)) - 8a63e1ae-032e-4bed-9f20-125a11f65413: shutdown FollowerState
2019-10-20 17:40:39,641 [Thread-2213] INFO  impl.FollowerState (FollowerState.java:run(117)) - 7b1e61a0-7daf-43dd-99d5-9b325c1d31ae@group-091950D56227-FollowerState was interrupted: java.lang.InterruptedException: sleep interrupted
2019-10-20 17:40:39,640 [grpc-default-executor-2] INFO  impl.RoleInfo (RoleInfo.java:updateAndGet(143)) - 7b1e61a0-7daf-43dd-99d5-9b325c1d31ae: start FollowerState
2019-10-20 17:40:39,641 [Thread-2214] INFO  impl.FollowerState (FollowerState.java:run(117)) - 8a63e1ae-032e-4bed-9f20-125a11f65413@group-091950D56227-FollowerState was interrupted: java.lang.InterruptedException: sleep interrupted
2019-10-20 17:40:39,641 [grpc-default-executor-1] INFO  impl.RoleInfo (RoleInfo.java:updateAndGet(143)) - 8a63e1ae-032e-4bed-9f20-125a11f65413: start FollowerState
2019-10-20 17:40:39,660 [8f18dce1-0a3d-4b65-9c78-af3d58b2da7f@group-091950D56227-LeaderElection308] INFO  impl.LeaderElection (LeaderElection.java:logAndReturn(56)) - 8f18dce1-0a3d-4b65-9c78-af3d58b2da7f@group-091950D56227-LeaderElection308: Election TIMEOUT; received 0 response(s) [] and 0 exception(s); 8f18dce1-0a3d-4b65-9c78-af3d58b2da7f@group-091950D56227:t366, leader=null, voted=8f18dce1-0a3d-4b65-9c78-af3d58b2da7f, raftlog=8f18dce1-0a3d-4b65-9c78-af3d58b2da7f@group-091950D56227-SegmentedRaftLog:OPENED:c-1,f-1,i0, conf=-1: [8a63e1ae-032e-4bed-9f20-125a11f65413:0.0.0.0:38685, 8f18dce1-0a3d-4b65-9c78-af3d58b2da7f:0.0.0.0:42489, 7b1e61a0-7daf-43dd-99d5-9b325c1d31ae:0.0.0.0:38412], old=null
2019-10-20 17:40:39,689 [8f18dce1-0a3d-4b65-9c78-af3d58b2da7f@group-091950D56227-LeaderElection308] INFO  impl.LeaderElection (LeaderElection.java:askForVotes(178)) - 8f18dce1-0a3d-4b65-9c78-af3d58b2da7f@group-091950D56227-LeaderElection308: begin an election at term 367 for -1: [8a63e1ae-032e-4bed-9f20-125a11f65413:0.0.0.0:38685, 8f18dce1-0a3d-4b65-9c78-af3d58b2da7f:0.0.0.0:42489, 7b1e61a0-7daf-43dd-99d5-9b325c1d31ae:0.0.0.0:38412], old=null
2019-10-20 17:40:39,690 [grpc-default-executor-1] INFO  impl.RaftServerImpl (RaftServerImpl.java:setRole(184)) - 8a63e1ae-032e-4bed-9f20-125a11f65413@group-091950D56227: changes role from  FOLLOWER to FOLLOWER at term 367 for recognizeCandidate:8f18dce1-0a3d-4b65-9c78-af3d58b2da7f
2019-10-20 17:40:39,691 [grpc-default-executor-1] INFO  impl.RoleInfo (RoleInfo.java:shutdownFollowerState(121)) - 8a63e1ae-032e-4bed-9f20-125a11f65413: shutdown FollowerState
2019-10-20 17:40:39,691 [grpc-default-executor-1] INFO  impl.RoleInfo (RoleInfo.java:updateAndGet(143)) - 8a63e1ae-032e-4bed-9f20-125a11f65413: start FollowerState
2019-10-20 17:40:39,691 [Thread-2218] INFO  impl.FollowerState (FollowerState.java:run(117)) - 8a63e1ae-032e-4bed-9f20-125a11f65413@group-091950D56227-FollowerState was interrupted: java.lang.InterruptedException: sleep interrupted
2019-10-20 17:40:39,691 [grpc-default-executor-2] INFO  impl.RaftServerImpl (RaftServerImpl.java:setRole(184)) - 7b1e61a0-7daf-43dd-99d5-9b325c1d31ae@group-091950D56227: changes role from  FOLLOWER to FOLLOWER at term 367 for recognizeCandidate:8f18dce1-0a3d-4b65-9c78-af3d58b2da7f
2019-10-20 17:40:39,691 [grpc-default-executor-2] INFO  impl.RoleInfo (RoleInfo.java:shutdownFollowerState(121)) - 7b1e61a0-7daf-43dd-99d5-9b325c1d31ae: shutdown FollowerState
2019-10-20 17:40:39,691 [grpc-default-executor-2] INFO  impl.RoleInfo (RoleInfo.java:updateAndGet(143)) - 7b1e61a0-7daf-43dd-99d5-9b325c1d31ae: start FollowerState
2019-10-20 17:40:39,691 [Thread-2217] INFO  impl.FollowerState (FollowerState.java:run(117)) - 7b1e61a0-7daf-43dd-99d5-9b325c1d31ae@group-091950D56227-FollowerState was interrupted: java.lang.InterruptedException: sleep interrupted
2019-10-20 17:40:39,712 [8f18dce1-0a3d-4b65-9c78-af3d58b2da7f@group-091950D56227-LeaderElection308] INFO  impl.LeaderElection (LeaderElection.java:logAndReturn(56)) - 8f18dce1-0a3d-4b65-9c78-af3d58b2da7f@group-091950D56227-LeaderElection308: Election TIMEOUT; received 0 response(s) [] and 0 exception(s); 8f18dce1-0a3d-4b65-9c78-af3d58b2da7f@group-091950D56227:t367, leader=null, voted=8f18dce1-0a3d-4b65-9c78-af3d58b2da7f, raftlog=8f18dce1-0a3d-4b65-9c78-af3d58b2da7f@group-091950D56227-SegmentedRaftLog:OPENED:c-1,f-1,i0, conf=-1: [8a63e1ae-032e-4bed-9f20-125a11f65413:0.0.0.0:38685, 8f18dce1-0a3d-4b65-9c78-af3d58b2da7f:0.0.0.0:42489, 7b1e61a0-7daf-43dd-99d5-9b325c1d31ae:0.0.0.0:38412], old=null
2019-10-20 17:40:39,740 [8f18dce1-0a3d-4b65-9c78-af3d58b2da7f@group-091950D56227-LeaderElection308] INFO  impl.LeaderElection (LeaderElection.java:askForVotes(178)) - 8f18dce1-0a3d-4b65-9c78-af3d58b2da7f@group-091950D56227-LeaderElection308: begin an election at term 368 for -1: [8a63e1ae-032e-4bed-9f20-125a11f65413:0.0.0.0:38685, 8f18dce1-0a3d-4b65-9c78-af3d58b2da7f:0.0.0.0:42489, 7b1e61a0-7daf-43dd-99d5-9b325c1d31ae:0.0.0.0:38412], old=null
2019-10-20 17:40:39,742 [grpc-default-executor-2] INFO  impl.RaftServerImpl (RaftServerImpl.java:setRole(184)) - 7b1e61a0-7daf-43dd-99d5-9b325c1d31ae@group-091950D56227: changes role from  FOLLOWER to FOLLOWER at term 368 for recognizeCandidate:8f18dce1-0a3d-4b65-9c78-af3d58b2da7f
2019-10-20 17:40:39,742 [grpc-default-executor-1] INFO  impl.RaftServerImpl (RaftServerImpl.java:setRole(184)) - 8a63e1ae-032e-4bed-9f20-125a11f65413@group-091950D56227: changes role from  FOLLOWER to FOLLOWER at term 368 for recognizeCandidate:8f18dce1-0a3d-4b65-9c78-af3d58b2da7f
2019-10-20 17:40:39,742 [grpc-default-executor-2] INFO  impl.RoleInfo (RoleInfo.java:shutdownFollowerState(121)) - 7b1e61a0-7daf-43dd-99d5-9b325c1d31ae: shutdown FollowerState
2019-10-20 17:40:39,742 [grpc-default-executor-1] INFO  impl.RoleInfo (RoleInfo.java:shutdownFollowerState(121)) - 8a63e1ae-032e-4bed-9f20-125a11f65413: shutdown FollowerState
2019-10-20 17:40:39,742 [grpc-default-executor-1] INFO  impl.RoleInfo (RoleInfo.java:updateAndGet(143)) - 8a63e1ae-032e-4bed-9f20-125a11f65413: start FollowerState
2019-10-20 17:40:39,742 [Thread-2222] INFO  impl.FollowerState (FollowerState.java:run(117)) - 7b1e61a0-7daf-43dd-99d5-9b325c1d31ae@group-091950D56227-FollowerState was interrupted: java.lang.InterruptedException: sleep interrupted
2019-10-20 17:40:39,742 [grpc-default-executor-2] INFO  impl.RoleInfo (RoleInfo.java:updateAndGet(143)) - 7b1e61a0-7daf-43dd-99d5-9b325c1d31ae: start FollowerState
2019-10-20 17:40:39,742 [Thread-2221] INFO  impl.FollowerState (FollowerState.java:run(117)) - 8a63e1ae-032e-4bed-9f20-125a11f65413@group-091950D56227-FollowerState was interrupted: java.lang.InterruptedException: sleep interrupted
2019-10-20 17:40:39,767 [8f18dce1-0a3d-4b65-9c78-af3d58b2da7f@group-091950D56227-LeaderElection308] INFO  impl.LeaderElection (LeaderElection.java:logAndReturn(56)) - 8f18dce1-0a3d-4b65-9c78-af3d58b2da7f@group-091950D56227-LeaderElection308: Election REJECTED; received 2 response(s) [8f18dce1-0a3d-4b65-9c78-af3d58b2da7f<-8a63e1ae-032e-4bed-9f20-125a11f65413#0:FAIL-t368, 8f18dce1-0a3d-4b65-9c78-af3d58b2da7f<-7b1e61a0-7daf-43dd-99d5-9b325c1d31ae#0:FAIL-t368] and 0 exception(s); 8f18dce1-0a3d-4b65-9c78-af3d58b2da7f@group-091950D56227:t368, leader=null, voted=8f18dce1-0a3d-4b65-9c78-af3d58b2da7f, raftlog=8f18dce1-0a3d-4b65-9c78-af3d58b2da7f@group-091950D56227-SegmentedRaftLog:OPENED:c-1,f-1,i0, conf=-1: [8a63e1ae-032e-4bed-9f20-125a11f65413:0.0.0.0:38685, 8f18dce1-0a3d-4b65-9c78-af3d58b2da7f:0.0.0.0:42489, 7b1e61a0-7daf-43dd-99d5-9b325c1d31ae:0.0.0.0:38412], old=null
2019-10-20 17:40:39,767 [8f18dce1-0a3d-4b65-9c78-af3d58b2da7f@group-091950D56227-LeaderElection308] INFO  impl.RaftServerImpl (RaftServerImpl.java:setRole(184)) - 8f18dce1-0a3d-4b65-9c78-af3d58b2da7f@group-091950D56227: changes role from CANDIDATE to FOLLOWER at term 368 for DISCOVERED_A_NEW_TERM
2019-10-20 17:40:39,767 [8f18dce1-0a3d-4b65-9c78-af3d58b2da7f@group-091950D56227-LeaderElection308] INFO  impl.RoleInfo (RoleInfo.java:shutdownLeaderElection(134)) - 8f18dce1-0a3d-4b65-9c78-af3d58b2da7f: shutdown LeaderElection
2019-10-20 17:40:39,768 [8f18dce1-0a3d-4b65-9c78-af3d58b2da7f@group-091950D56227-LeaderElection308] INFO  impl.RoleInfo (RoleInfo.java:updateAndGet(143)) - 8f18dce1-0a3d-4b65-9c78-af3d58b2da7f: start FollowerState
2019-10-20 17:40:39,818 [Thread-2227] INFO  impl.FollowerState (FollowerState.java:run(108)) - 8f18dce1-0a3d-4b65-9c78-af3d58b2da7f@group-091950D56227-FollowerState: change to CANDIDATE, lastRpcTime:50ms, electionTimeout:50ms
2019-10-20 17:40:39,818 [Thread-2227] INFO  impl.RoleInfo (RoleInfo.java:shutdownFollowerState(121)) - 8f18dce1-0a3d-4b65-9c78-af3d58b2da7f: shutdown FollowerState
2019-10-20 17:40:39,818 [Thread-2227] INFO  impl.RaftServerImpl (RaftServerImpl.java:setRole(184)) - 8f18dce1-0a3d-4b65-9c78-af3d58b2da7f@group-091950D56227: changes role from  FOLLOWER to CANDIDATE at term 368 for changeToCandidate
2019-10-20 17:40:39,819 [Thread-2227] INFO  impl.RoleInfo (RoleInfo.java:updateAndGet(143)) - 8f18dce1-0a3d-4b65-9c78-af3d58b2da7f: start LeaderElection
2019-10-20 17:40:39,842 [8f18dce1-0a3d-4b65-9c78-af3d58b2da7f@group-091950D56227-LeaderElection309] INFO  impl.LeaderElection (LeaderElection.java:askForVotes(178)) - 8f18dce1-0a3d-4b65-9c78-af3d58b2da7f@group-091950D56227-LeaderElection309: begin an election at term 369 for -1: [8a63e1ae-032e-4bed-9f20-125a11f65413:0.0.0.0:38685, 8f18dce1-0a3d-4b65-9c78-af3d58b2da7f:0.0.0.0:42489, 7b1e61a0-7daf-43dd-99d5-9b325c1d31ae:0.0.0.0:38412], old=null
2019-10-20 17:40:39,844 [grpc-default-executor-1] INFO  impl.RaftServerImpl (RaftServerImpl.java:setRole(184)) - 8a63e1ae-032e-4bed-9f20-125a11f65413@group-091950D56227: changes role from  FOLLOWER to FOLLOWER at term 369 for recognizeCandidate:8f18dce1-0a3d-4b65-9c78-af3d58b2da7f
2019-10-20 17:40:39,844 [grpc-default-executor-2] INFO  impl.RaftServerImpl (RaftServerImpl.java:setRole(184)) - 7b1e61a0-7daf-43dd-99d5-9b325c1d31ae@group-091950D56227: changes role from  FOLLOWER to FOLLOWER at term 369 for recognizeCandidate:8f18dce1-0a3d-4b65-9c78-af3d58b2da7f
2019-10-20 17:40:39,844 [grpc-default-executor-1] INFO  impl.RoleInfo (RoleInfo.java:shutdownFollowerState(121)) - 8a63e1ae-032e-4bed-9f20-125a11f65413: shutdown FollowerState
2019-10-20 17:40:39,844 [grpc-default-executor-2] INFO  impl.RoleInfo (RoleInfo.java:shutdownFollowerState(121)) - 7b1e61a0-7daf-43dd-99d5-9b325c1d31ae: shutdown FollowerState
2019-10-20 17:40:39,845 [Thread-2226] INFO  impl.FollowerState (FollowerState.java:run(117)) - 8a63e1ae-032e-4bed-9f20-125a11f65413@group-091950D56227-FollowerState was interrupted: java.lang.InterruptedException: sleep interrupted
2019-10-20 17:40:39,844 [grpc-default-executor-1] INFO  impl.RoleInfo (RoleInfo.java:updateAndGet(143)) - 8a63e1ae-032e-4bed-9f20-125a11f65413: start FollowerState
2019-10-20 17:40:39,845 [Thread-2225] INFO  impl.FollowerState (FollowerState.java:run(117)) - 7b1e61a0-7daf-43dd-99d5-9b325c1d31ae@group-091950D56227-FollowerState was interrupted: java.lang.InterruptedException: sleep interrupted
2019-10-20 17:40:39,845 [grpc-default-executor-2] INFO  impl.RoleInfo (RoleInfo.java:updateAndGet(143)) - 7b1e61a0-7daf-43dd-99d5-9b325c1d31ae: start FollowerState
2019-10-20 17:40:39,868 [8f18dce1-0a3d-4b65-9c78-af3d58b2da7f@group-091950D56227-LeaderElection309] INFO  impl.LeaderElection (LeaderElection.java:logAndReturn(56)) - 8f18dce1-0a3d-4b65-9c78-af3d58b2da7f@group-091950D56227-LeaderElection309: Election REJECTED; received 2 response(s) [8f18dce1-0a3d-4b65-9c78-af3d58b2da7f<-8a63e1ae-032e-4bed-9f20-125a11f65413#0:FAIL-t369, 8f18dce1-0a3d-4b65-9c78-af3d58b2da7f<-7b1e61a0-7daf-43dd-99d5-9b325c1d31ae#0:FAIL-t369] and 0 exception(s); 8f18dce1-0a3d-4b65-9c78-af3d58b2da7f@group-091950D56227:t369, leader=null, voted=8f18dce1-0a3d-4b65-9c78-af3d58b2da7f, raftlog=8f18dce1-0a3d-4b65-9c78-af3d58b2da7f@group-091950D56227-SegmentedRaftLog:OPENED:c-1,f-1,i0, conf=-1: [8a63e1ae-032e-4bed-9f20-125a11f65413:0.0.0.0:38685, 8f18dce1-0a3d-4b65-9c78-af3d58b2da7f:0.0.0.0:42489, 7b1e61a0-7daf-43dd-99d5-9b325c1d31ae:0.0.0.0:38412], old=null
2019-10-20 17:40:39,869 [8f18dce1-0a3d-4b65-9c78-af3d58b2da7f@group-091950D56227-LeaderElection309] INFO  impl.RaftServerImpl (RaftServerImpl.java:setRole(184)) - 8f18dce1-0a3d-4b65-9c78-af3d58b2da7f@group-091950D56227: changes role from CANDIDATE to FOLLOWER at term 369 for DISCOVERED_A_NEW_TERM
2019-10-20 17:40:39,869 [8f18dce1-0a3d-4b65-9c78-af3d58b2da7f@group-091950D56227-LeaderElection309] INFO  impl.RoleInfo (RoleInfo.java:shutdownLeaderElection(134)) - 8f18dce1-0a3d-4b65-9c78-af3d58b2da7f: shutdown LeaderElection
2019-10-20 17:40:39,869 [8f18dce1-0a3d-4b65-9c78-af3d58b2da7f@group-091950D56227-LeaderElection309] INFO  impl.RoleInfo (RoleInfo.java:updateAndGet(143)) - 8f18dce1-0a3d-4b65-9c78-af3d58b2da7f: start FollowerState
2019-10-20 17:40:39,991 [Thread-2233] INFO  impl.FollowerState (FollowerState.java:run(108)) - 8f18dce1-0a3d-4b65-9c78-af3d58b2da7f@group-091950D56227-FollowerState: change to CANDIDATE, lastRpcTime:122ms, electionTimeout:122ms
2019-10-20 17:40:39,991 [Thread-2233] INFO  impl.RoleInfo (RoleInfo.java:shutdownFollowerState(121)) - 8f18dce1-0a3d-4b65-9c78-af3d58b2da7f: shutdown FollowerState
2019-10-20 17:40:39,992 [Thread-2233] INFO  impl.RaftServerImpl (RaftServerImpl.java:setRole(184)) - 8f18dce1-0a3d-4b65-9c78-af3d58b2da7f@group-091950D56227: changes role from  FOLLOWER to CANDIDATE at term 369 for changeToCandidate
2019-10-20 17:40:39,992 [Thread-2233] INFO  impl.RoleInfo (RoleInfo.java:updateAndGet(143)) - 8f18dce1-0a3d-4b65-9c78-af3d58b2da7f: start LeaderElection
2019-10-20 17:40:40,018 [8f18dce1-0a3d-4b65-9c78-af3d58b2da7f@group-091950D56227-LeaderElection310] INFO  impl.LeaderElection (LeaderElection.java:askForVotes(178)) - 8f18dce1-0a3d-4b65-9c78-af3d58b2da7f@group-091950D56227-LeaderElection310: begin an election at term 370 for -1: [8a63e1ae-032e-4bed-9f20-125a11f65413:0.0.0.0:38685, 8f18dce1-0a3d-4b65-9c78-af3d58b2da7f:0.0.0.0:42489, 7b1e61a0-7daf-43dd-99d5-9b325c1d31ae:0.0.0.0:38412], old=null
2019-10-20 17:40:40,020 [grpc-default-executor-1] INFO  impl.RaftServerImpl (RaftServerImpl.java:setRole(184)) - 7b1e61a0-7daf-43dd-99d5-9b325c1d31ae@group-091950D56227: changes role from  FOLLOWER to FOLLOWER at term 370 for recognizeCandidate:8f18dce1-0a3d-4b65-9c78-af3d58b2da7f
2019-10-20 17:40:40,020 [grpc-default-executor-2] INFO  impl.RaftServerImpl (RaftServerImpl.java:setRole(184)) - 8a63e1ae-032e-4bed-9f20-125a11f65413@group-091950D56227: changes role from  FOLLOWER to FOLLOWER at term 370 for recognizeCandidate:8f18dce1-0a3d-4b65-9c78-af3d58b2da7f
2019-10-20 17:40:40,020 [grpc-default-executor-1] INFO  impl.RoleInfo (RoleInfo.java:shutdownFollowerState(121)) - 7b1e61a0-7daf-43dd-99d5-9b325c1d31ae: shutdown FollowerState
2019-10-20 17:40:40,020 [grpc-default-executor-2] INFO  impl.RoleInfo (RoleInfo.java:shutdownFollowerState(121)) - 8a63e1ae-032e-4bed-9f20-125a11f65413: shutdown FollowerState
2019-10-20 17:40:40,020 [Thread-2232] INFO  impl.FollowerState (FollowerState.java:run(117)) - 7b1e61a0-7daf-43dd-99d5-9b325c1d31ae@group-091950D56227-FollowerState was interrupted: java.lang.InterruptedException: sleep interrupted
2019-10-20 17:40:40,020 [grpc-default-executor-1] INFO  impl.RoleInfo (RoleInfo.java:updateAndGet(143)) - 7b1e61a0-7daf-43dd-99d5-9b325c1d31ae: start FollowerState
2019-10-20 17:40:40,020 [Thread-2231] INFO  impl.FollowerState (FollowerState.java:run(117)) - 8a63e1ae-032e-4bed-9f20-125a11f65413@group-091950D56227-FollowerState was interrupted: java.lang.InterruptedException: sleep interrupted
2019-10-20 17:40:40,020 [grpc-default-executor-2] INFO  impl.RoleInfo (RoleInfo.java:updateAndGet(143)) - 8a63e1ae-032e-4bed-9f20-125a11f65413: start FollowerState
2019-10-20 17:40:40,047 [8f18dce1-0a3d-4b65-9c78-af3d58b2da7f@group-091950D56227-LeaderElection310] INFO  impl.LeaderElection (LeaderElection.java:logAndReturn(56)) - 8f18dce1-0a3d-4b65-9c78-af3d58b2da7f@group-091950D56227-LeaderElection310: Election REJECTED; received 2 response(s) [8f18dce1-0a3d-4b65-9c78-af3d58b2da7f<-8a63e1ae-032e-4bed-9f20-125a11f65413#0:FAIL-t370, 8f18dce1-0a3d-4b65-9c78-af3d58b2da7f<-7b1e61a0-7daf-43dd-99d5-9b325c1d31ae#0:FAIL-t370] and 0 exception(s); 8f18dce1-0a3d-4b65-9c78-af3d58b2da7f@group-091950D56227:t370, leader=null, voted=8f18dce1-0a3d-4b65-9c78-af3d58b2da7f, raftlog=8f18dce1-0a3d-4b65-9c78-af3d58b2da7f@group-091950D56227-SegmentedRaftLog:OPENED:c-1,f-1,i0, conf=-1: [8a63e1ae-032e-4bed-9f20-125a11f65413:0.0.0.0:38685, 8f18dce1-0a3d-4b65-9c78-af3d58b2da7f:0.0.0.0:42489, 7b1e61a0-7daf-43dd-99d5-9b325c1d31ae:0.0.0.0:38412], old=null
2019-10-20 17:40:40,048 [8f18dce1-0a3d-4b65-9c78-af3d58b2da7f@group-091950D56227-LeaderElection310] INFO  impl.RaftServerImpl (RaftServerImpl.java:setRole(184)) - 8f18dce1-0a3d-4b65-9c78-af3d58b2da7f@group-091950D56227: changes role from CANDIDATE to FOLLOWER at term 370 for DISCOVERED_A_NEW_TERM
2019-10-20 17:40:40,048 [8f18dce1-0a3d-4b65-9c78-af3d58b2da7f@group-091950D56227-LeaderElection310] INFO  impl.RoleInfo (RoleInfo.java:shutdownLeaderElection(134)) - 8f18dce1-0a3d-4b65-9c78-af3d58b2da7f: shutdown LeaderElection
2019-10-20 17:40:40,048 [8f18dce1-0a3d-4b65-9c78-af3d58b2da7f@group-091950D56227-LeaderElection310] INFO  impl.RoleInfo (RoleInfo.java:updateAndGet(143)) - 8f18dce1-0a3d-4b65-9c78-af3d58b2da7f: start FollowerState
2019-10-20 17:40:40,146 [Thread-2239] INFO  impl.FollowerState (FollowerState.java:run(108)) - 8f18dce1-0a3d-4b65-9c78-af3d58b2da7f@group-091950D56227-FollowerState: change to CANDIDATE, lastRpcTime:98ms, electionTimeout:98ms
2019-10-20 17:40:40,146 [Thread-2239] INFO  impl.RoleInfo (RoleInfo.java:shutdownFollowerState(121)) - 8f18dce1-0a3d-4b65-9c78-af3d58b2da7f: shutdown FollowerState
2019-10-20 17:40:40,147 [Thread-2239] INFO  impl.RaftServerImpl (RaftServerImpl.java:setRole(184)) - 8f18dce1-0a3d-4b65-9c78-af3d58b2da7f@group-091950D56227: changes role from  FOLLOWER to CANDIDATE at term 370 for changeToCandidate
2019-10-20 17:40:40,147 [Thread-2239] INFO  impl.RoleInfo (RoleInfo.java:updateAndGet(143)) - 8f18dce1-0a3d-4b65-9c78-af3d58b2da7f: start LeaderElection
2019-10-20 17:40:40,175 [8f18dce1-0a3d-4b65-9c78-af3d58b2da7f@group-091950D56227-LeaderElection311] INFO  impl.LeaderElection (LeaderElection.java:askForVotes(178)) - 8f18dce1-0a3d-4b65-9c78-af3d58b2da7f@group-091950D56227-LeaderElection311: begin an election at term 371 for -1: [8a63e1ae-032e-4bed-9f20-125a11f65413:0.0.0.0:38685, 8f18dce1-0a3d-4b65-9c78-af3d58b2da7f:0.0.0.0:42489, 7b1e61a0-7daf-43dd-99d5-9b325c1d31ae:0.0.0.0:38412], old=null
2019-10-20 17:40:40,177 [grpc-default-executor-2] INFO  impl.RaftServerImpl (RaftServerImpl.java:setRole(184)) - 8a63e1ae-032e-4bed-9f20-125a11f65413@group-091950D56227: changes role from  FOLLOWER to FOLLOWER at term 371 for recognizeCandidate:8f18dce1-0a3d-4b65-9c78-af3d58b2da7f
2019-10-20 17:40:40,177 [grpc-default-executor-1] INFO  impl.RaftServerImpl (RaftServerImpl.java:setRole(184)) - 7b1e61a0-7daf-43dd-99d5-9b325c1d31ae@group-091950D56227: changes role from  FOLLOWER to FOLLOWER at term 371 for recognizeCandidate:8f18dce1-0a3d-4b65-9c78-af3d58b2da7f
2019-10-20 17:40:40,177 [grpc-default-executor-2] INFO  impl.RoleInfo (RoleInfo.java:shutdownFollowerState(121)) - 8a63e1ae-032e-4bed-9f20-125a11f65413: shutdown FollowerState
2019-10-20 17:40:40,177 [grpc-default-executor-1] INFO  impl.RoleInfo (RoleInfo.java:shutdownFollowerState(121)) - 7b1e61a0-7daf-43dd-99d5-9b325c1d31ae: shutdown FollowerState
2019-10-20 17:40:40,178 [Thread-2238] INFO  impl.FollowerState (FollowerState.java:run(117)) - 8a63e1ae-032e-4bed-9f20-125a11f65413@group-091950D56227-FollowerState was interrupted: java.lang.InterruptedException: sleep interrupted
2019-10-20 17:40:40,178 [Thread-2237] INFO  impl.FollowerState (FollowerState.java:run(117)) - 7b1e61a0-7daf-43dd-99d5-9b325c1d31ae@group-091950D56227-FollowerState was interrupted: java.lang.InterruptedException: sleep interrupted
2019-10-20 17:40:40,178 [grpc-default-executor-2] INFO  impl.RoleInfo (RoleInfo.java:updateAndGet(143)) - 8a63e1ae-032e-4bed-9f20-125a11f65413: start FollowerState
2019-10-20 17:40:40,178 [grpc-default-executor-1] INFO  impl.RoleInfo (RoleInfo.java:updateAndGet(143)) - 7b1e61a0-7daf-43dd-99d5-9b325c1d31ae: start FollowerState
2019-10-20 17:40:40,206 [8f18dce1-0a3d-4b65-9c78-af3d58b2da7f@group-091950D56227-LeaderElection311] INFO  impl.LeaderElection (LeaderElection.java:logAndReturn(56)) - 8f18dce1-0a3d-4b65-9c78-af3d58b2da7f@group-091950D56227-LeaderElection311: Election REJECTED; received 2 response(s) [8f18dce1-0a3d-4b65-9c78-af3d58b2da7f<-8a63e1ae-032e-4bed-9f20-125a11f65413#0:FAIL-t371, 8f18dce1-0a3d-4b65-9c78-af3d58b2da7f<-7b1e61a0-7daf-43dd-99d5-9b325c1d31ae#0:FAIL-t371] and 0 exception(s); 8f18dce1-0a3d-4b65-9c78-af3d58b2da7f@group-091950D56227:t371, leader=null, voted=8f18dce1-0a3d-4b65-9c78-af3d58b2da7f, raftlog=8f18dce1-0a3d-4b65-9c78-af3d58b2da7f@group-091950D56227-SegmentedRaftLog:OPENED:c-1,f-1,i0, conf=-1: [8a63e1ae-032e-4bed-9f20-125a11f65413:0.0.0.0:38685, 8f18dce1-0a3d-4b65-9c78-af3d58b2da7f:0.0.0.0:42489, 7b1e61a0-7daf-43dd-99d5-9b325c1d31ae:0.0.0.0:38412], old=null
2019-10-20 17:40:40,206 [8f18dce1-0a3d-4b65-9c78-af3d58b2da7f@group-091950D56227-LeaderElection311] INFO  impl.RaftServerImpl (RaftServerImpl.java:setRole(184)) - 8f18dce1-0a3d-4b65-9c78-af3d58b2da7f@group-091950D56227: changes role from CANDIDATE to FOLLOWER at term 371 for DISCOVERED_A_NEW_TERM
2019-10-20 17:40:40,206 [8f18dce1-0a3d-4b65-9c78-af3d58b2da7f@group-091950D56227-LeaderElection311] INFO  impl.RoleInfo (RoleInfo.java:shutdownLeaderElection(134)) - 8f18dce1-0a3d-4b65-9c78-af3d58b2da7f: shutdown LeaderElection
2019-10-20 17:40:40,206 [8f18dce1-0a3d-4b65-9c78-af3d58b2da7f@group-091950D56227-LeaderElection311] INFO  impl.RoleInfo (RoleInfo.java:updateAndGet(143)) - 8f18dce1-0a3d-4b65-9c78-af3d58b2da7f: start FollowerState
2019-10-20 17:40:40,248 [Thread-2245] INFO  impl.FollowerState (FollowerState.java:run(108)) - 8f18dce1-0a3d-4b65-9c78-af3d58b2da7f@group-091950D56227-FollowerState: change to CANDIDATE, lastRpcTime:42ms, electionTimeout:42ms
2019-10-20 17:40:40,249 [Thread-2245] INFO  impl.RoleInfo (RoleInfo.java:shutdownFollowerState(121)) - 8f18dce1-0a3d-4b65-9c78-af3d58b2da7f: shutdown FollowerState
2019-10-20 17:40:40,249 [Thread-2245] INFO  impl.RaftServerImpl (RaftServerImpl.java:setRole(184)) - 8f18dce1-0a3d-4b65-9c78-af3d58b2da7f@group-091950D56227: changes role from  FOLLOWER to CANDIDATE at term 371 for changeToCandidate
2019-10-20 17:40:40,249 [Thread-2245] INFO  impl.RoleInfo (RoleInfo.java:updateAndGet(143)) - 8f18dce1-0a3d-4b65-9c78-af3d58b2da7f: start LeaderElection
2019-10-20 17:40:40,268 [8f18dce1-0a3d-4b65-9c78-af3d58b2da7f@group-091950D56227-LeaderElection312] INFO  impl.LeaderElection (LeaderElection.java:askForVotes(178)) - 8f18dce1-0a3d-4b65-9c78-af3d58b2da7f@group-091950D56227-LeaderElection312: begin an election at term 372 for -1: [8a63e1ae-032e-4bed-9f20-125a11f65413:0.0.0.0:38685, 8f18dce1-0a3d-4b65-9c78-af3d58b2da7f:0.0.0.0:42489, 7b1e61a0-7daf-43dd-99d5-9b325c1d31ae:0.0.0.0:38412], old=null
2019-10-20 17:40:40,270 [grpc-default-executor-1] INFO  impl.RaftServerImpl (RaftServerImpl.java:setRole(184)) - 7b1e61a0-7daf-43dd-99d5-9b325c1d31ae@group-091950D56227: changes role from  FOLLOWER to FOLLOWER at term 372 for recognizeCandidate:8f18dce1-0a3d-4b65-9c78-af3d58b2da7f
2019-10-20 17:40:40,270 [grpc-default-executor-2] INFO  impl.RaftServerImpl (RaftServerImpl.java:setRole(184)) - 8a63e1ae-032e-4bed-9f20-125a11f65413@group-091950D56227: changes role from  FOLLOWER to FOLLOWER at term 372 for recognizeCandidate:8f18dce1-0a3d-4b65-9c78-af3d58b2da7f
2019-10-20 17:40:40,270 [grpc-default-executor-1] INFO  impl.RoleInfo (RoleInfo.java:shutdownFollowerState(121)) - 7b1e61a0-7daf-43dd-99d5-9b325c1d31ae: shutdown FollowerState
2019-10-20 17:40:40,270 [grpc-default-executor-2] INFO  impl.RoleInfo (RoleInfo.java:shutdownFollowerState(121)) - 8a63e1ae-032e-4bed-9f20-125a11f65413: shutdown FollowerState
2019-10-20 17:40:40,270 [Thread-2244] INFO  impl.FollowerState (FollowerState.java:run(117)) - 7b1e61a0-7daf-43dd-99d5-9b325c1d31ae@group-091950D56227-FollowerState was interrupted: java.lang.InterruptedException: sleep interrupted
2019-10-20 17:40:40,270 [grpc-default-executor-1] INFO  impl.RoleInfo (RoleInfo.java:updateAndGet(143)) - 7b1e61a0-7daf-43dd-99d5-9b325c1d31ae: start FollowerState
2019-10-20 17:40:40,270 [Thread-2243] INFO  impl.FollowerState (FollowerState.java:run(117)) - 8a63e1ae-032e-4bed-9f20-125a11f65413@group-091950D56227-FollowerState was interrupted: java.lang.InterruptedException: sleep interrupted
2019-10-20 17:40:40,270 [grpc-default-executor-2] INFO  impl.RoleInfo (RoleInfo.java:updateAndGet(143)) - 8a63e1ae-032e-4bed-9f20-125a11f65413: start FollowerState
2019-10-20 17:40:40,294 [8f18dce1-0a3d-4b65-9c78-af3d58b2da7f@group-091950D56227-LeaderElection312] INFO  impl.LeaderElection (LeaderElection.java:logAndReturn(56)) - 8f18dce1-0a3d-4b65-9c78-af3d58b2da7f@group-091950D56227-LeaderElection312: Election REJECTED; received 2 response(s) [8f18dce1-0a3d-4b65-9c78-af3d58b2da7f<-8a63e1ae-032e-4bed-9f20-125a11f65413#0:FAIL-t372, 8f18dce1-0a3d-4b65-9c78-af3d58b2da7f<-7b1e61a0-7daf-43dd-99d5-9b325c1d31ae#0:FAIL-t372] and 0 exception(s); 8f18dce1-0a3d-4b65-9c78-af3d58b2da7f@group-091950D56227:t372, leader=null, voted=8f18dce1-0a3d-4b65-9c78-af3d58b2da7f, raftlog=8f18dce1-0a3d-4b65-9c78-af3d58b2da7f@group-091950D56227-SegmentedRaftLog:OPENED:c-1,f-1,i0, conf=-1: [8a63e1ae-032e-4bed-9f20-125a11f65413:0.0.0.0:38685, 8f18dce1-0a3d-4b65-9c78-af3d58b2da7f:0.0.0.0:42489, 7b1e61a0-7daf-43dd-99d5-9b325c1d31ae:0.0.0.0:38412], old=null
2019-10-20 17:40:40,294 [8f18dce1-0a3d-4b65-9c78-af3d58b2da7f@group-091950D56227-LeaderElection312] INFO  impl.RaftServerImpl (RaftServerImpl.java:setRole(184)) - 8f18dce1-0a3d-4b65-9c78-af3d58b2da7f@group-091950D56227: changes role from CANDIDATE to FOLLOWER at term 372 for DISCOVERED_A_NEW_TERM
2019-10-20 17:40:40,294 [8f18dce1-0a3d-4b65-9c78-af3d58b2da7f@group-091950D56227-LeaderElection312] INFO  impl.RoleInfo (RoleInfo.java:shutdownLeaderElection(134)) - 8f18dce1-0a3d-4b65-9c78-af3d58b2da7f: shutdown LeaderElection
2019-10-20 17:40:40,294 [8f18dce1-0a3d-4b65-9c78-af3d58b2da7f@group-091950D56227-LeaderElection312] INFO  impl.RoleInfo (RoleInfo.java:updateAndGet(143)) - 8f18dce1-0a3d-4b65-9c78-af3d58b2da7f: start FollowerState
2019-10-20 17:40:40,457 [Thread-2251] INFO  impl.FollowerState (FollowerState.java:run(108)) - 8f18dce1-0a3d-4b65-9c78-af3d58b2da7f@group-091950D56227-FollowerState: change to CANDIDATE, lastRpcTime:162ms, electionTimeout:162ms
2019-10-20 17:40:40,457 [Thread-2251] INFO  impl.RoleInfo (RoleInfo.java:shutdownFollowerState(121)) - 8f18dce1-0a3d-4b65-9c78-af3d58b2da7f: shutdown FollowerState
2019-10-20 17:40:40,457 [Thread-2251] INFO  impl.RaftServerImpl (RaftServerImpl.java:setRole(184)) - 8f18dce1-0a3d-4b65-9c78-af3d58b2da7f@group-091950D56227: changes role from  FOLLOWER to CANDIDATE at term 372 for changeToCandidate
2019-10-20 17:40:40,457 [Thread-2251] INFO  impl.RoleInfo (RoleInfo.java:updateAndGet(143)) - 8f18dce1-0a3d-4b65-9c78-af3d58b2da7f: start LeaderElection
2019-10-20 17:40:40,481 [8f18dce1-0a3d-4b65-9c78-af3d58b2da7f@group-091950D56227-LeaderElection313] INFO  impl.LeaderElection (LeaderElection.java:askForVotes(178)) - 8f18dce1-0a3d-4b65-9c78-af3d58b2da7f@group-091950D56227-LeaderElection313: begin an election at term 373 for -1: [8a63e1ae-032e-4bed-9f20-125a11f65413:0.0.0.0:38685, 8f18dce1-0a3d-4b65-9c78-af3d58b2da7f:0.0.0.0:42489, 7b1e61a0-7daf-43dd-99d5-9b325c1d31ae:0.0.0.0:38412], old=null
2019-10-20 17:40:40,483 [grpc-default-executor-1] INFO  impl.RaftServerImpl (RaftServerImpl.java:setRole(184)) - 8a63e1ae-032e-4bed-9f20-125a11f65413@group-091950D56227: changes role from  FOLLOWER to FOLLOWER at term 373 for recognizeCandidate:8f18dce1-0a3d-4b65-9c78-af3d58b2da7f
2019-10-20 17:40:40,483 [grpc-default-executor-2] INFO  impl.RaftServerImpl (RaftServerImpl.java:setRole(184)) - 7b1e61a0-7daf-43dd-99d5-9b325c1d31ae@group-091950D56227: changes role from  FOLLOWER to FOLLOWER at term 373 for recognizeCandidate:8f18dce1-0a3d-4b65-9c78-af3d58b2da7f
2019-10-20 17:40:40,483 [grpc-default-executor-1] INFO  impl.RoleInfo (RoleInfo.java:shutdownFollowerState(121)) - 8a63e1ae-032e-4bed-9f20-125a11f65413: shutdown FollowerState
2019-10-20 17:40:40,484 [grpc-default-executor-2] INFO  impl.RoleInfo (RoleInfo.java:shutdownFollowerState(121)) - 7b1e61a0-7daf-43dd-99d5-9b325c1d31ae: shutdown FollowerState
2019-10-20 17:40:40,484 [Thread-2250] INFO  impl.FollowerState (FollowerState.java:run(117)) - 8a63e1ae-032e-4bed-9f20-125a11f65413@group-091950D56227-FollowerState was interrupted: java.lang.InterruptedException: sleep interrupted
2019-10-20 17:40:40,484 [grpc-default-executor-1] INFO  impl.RoleInfo (RoleInfo.java:updateAndGet(143)) - 8a63e1ae-032e-4bed-9f20-125a11f65413: start FollowerState
2019-10-20 17:40:40,484 [Thread-2249] INFO  impl.FollowerState (FollowerState.java:run(117)) - 7b1e61a0-7daf-43dd-99d5-9b325c1d31ae@group-091950D56227-FollowerState was interrupted: java.lang.InterruptedException: sleep interrupted
2019-10-20 17:40:40,484 [grpc-default-executor-2] INFO  impl.RoleInfo (RoleInfo.java:updateAndGet(143)) - 7b1e61a0-7daf-43dd-99d5-9b325c1d31ae: start FollowerState
2019-10-20 17:40:40,508 [8f18dce1-0a3d-4b65-9c78-af3d58b2da7f@group-091950D56227-LeaderElection313] INFO  impl.LeaderElection (LeaderElection.java:logAndReturn(56)) - 8f18dce1-0a3d-4b65-9c78-af3d58b2da7f@group-091950D56227-LeaderElection313: Election REJECTED; received 2 response(s) [8f18dce1-0a3d-4b65-9c78-af3d58b2da7f<-8a63e1ae-032e-4bed-9f20-125a11f65413#0:FAIL-t373, 8f18dce1-0a3d-4b65-9c78-af3d58b2da7f<-7b1e61a0-7daf-43dd-99d5-9b325c1d31ae#0:FAIL-t373] and 0 exception(s); 8f18dce1-0a3d-4b65-9c78-af3d58b2da7f@group-091950D56227:t373, leader=null, voted=8f18dce1-0a3d-4b65-9c78-af3d58b2da7f, raftlog=8f18dce1-0a3d-4b65-9c78-af3d58b2da7f@group-091950D56227-SegmentedRaftLog:OPENED:c-1,f-1,i0, conf=-1: [8a63e1ae-032e-4bed-9f20-125a11f65413:0.0.0.0:38685, 8f18dce1-0a3d-4b65-9c78-af3d58b2da7f:0.0.0.0:42489, 7b1e61a0-7daf-43dd-99d5-9b325c1d31ae:0.0.0.0:38412], old=null
2019-10-20 17:40:40,508 [8f18dce1-0a3d-4b65-9c78-af3d58b2da7f@group-091950D56227-LeaderElection313] INFO  impl.RaftServerImpl (RaftServerImpl.java:setRole(184)) - 8f18dce1-0a3d-4b65-9c78-af3d58b2da7f@group-091950D56227: changes role from CANDIDATE to FOLLOWER at term 373 for DISCOVERED_A_NEW_TERM
2019-10-20 17:40:40,508 [8f18dce1-0a3d-4b65-9c78-af3d58b2da7f@group-091950D56227-LeaderElection313] INFO  impl.RoleInfo (RoleInfo.java:shutdownLeaderElection(134)) - 8f18dce1-0a3d-4b65-9c78-af3d58b2da7f: shutdown LeaderElection
2019-10-20 17:40:40,508 [8f18dce1-0a3d-4b65-9c78-af3d58b2da7f@group-091950D56227-LeaderElection313] INFO  impl.RoleInfo (RoleInfo.java:updateAndGet(143)) - 8f18dce1-0a3d-4b65-9c78-af3d58b2da7f: start FollowerState
2019-10-20 17:40:40,551 [Thread-2259] INFO  impl.FollowerState (FollowerState.java:run(108)) - 8f18dce1-0a3d-4b65-9c78-af3d58b2da7f@group-091950D56227-FollowerState: change to CANDIDATE, lastRpcTime:42ms, electionTimeout:42ms
2019-10-20 17:40:40,551 [Thread-2259] INFO  impl.RoleInfo (RoleInfo.java:shutdownFollowerState(121)) - 8f18dce1-0a3d-4b65-9c78-af3d58b2da7f: shutdown FollowerState
2019-10-20 17:40:40,551 [Thread-2259] INFO  impl.RaftServerImpl (RaftServerImpl.java:setRole(184)) - 8f18dce1-0a3d-4b65-9c78-af3d58b2da7f@group-091950D56227: changes role from  FOLLOWER to CANDIDATE at term 373 for changeToCandidate
2019-10-20 17:40:40,551 [Thread-2259] INFO  impl.RoleInfo (RoleInfo.java:updateAndGet(143)) - 8f18dce1-0a3d-4b65-9c78-af3d58b2da7f: start LeaderElection
2019-10-20 17:40:40,574 [8f18dce1-0a3d-4b65-9c78-af3d58b2da7f@group-091950D56227-LeaderElection314] INFO  impl.LeaderElection (LeaderElection.java:askForVotes(178)) - 8f18dce1-0a3d-4b65-9c78-af3d58b2da7f@group-091950D56227-LeaderElection314: begin an election at term 374 for -1: [8a63e1ae-032e-4bed-9f20-125a11f65413:0.0.0.0:38685, 8f18dce1-0a3d-4b65-9c78-af3d58b2da7f:0.0.0.0:42489, 7b1e61a0-7daf-43dd-99d5-9b325c1d31ae:0.0.0.0:38412], old=null
2019-10-20 17:40:40,576 [grpc-default-executor-1] INFO  impl.RaftServerImpl (RaftServerImpl.java:setRole(184)) - 7b1e61a0-7daf-43dd-99d5-9b325c1d31ae@group-091950D56227: changes role from  FOLLOWER to FOLLOWER at term 374 for recognizeCandidate:8f18dce1-0a3d-4b65-9c78-af3d58b2da7f
2019-10-20 17:40:40,576 [grpc-default-executor-1] INFO  impl.RoleInfo (RoleInfo.java:shutdownFollowerState(121)) - 7b1e61a0-7daf-43dd-99d5-9b325c1d31ae: shutdown FollowerState
2019-10-20 17:40:40,576 [grpc-default-executor-2] INFO  impl.RaftServerImpl (RaftServerImpl.java:setRole(184)) - 8a63e1ae-032e-4bed-9f20-125a11f65413@group-091950D56227: changes role from  FOLLOWER to FOLLOWER at term 374 for recognizeCandidate:8f18dce1-0a3d-4b65-9c78-af3d58b2da7f
2019-10-20 17:40:40,576 [grpc-default-executor-2] INFO  impl.RoleInfo (RoleInfo.java:shutdownFollowerState(121)) - 8a63e1ae-032e-4bed-9f20-125a11f65413: shutdown FollowerState
2019-10-20 17:40:40,576 [Thread-2258] INFO  impl.FollowerState (FollowerState.java:run(117)) - 7b1e61a0-7daf-43dd-99d5-9b325c1d31ae@group-091950D56227-FollowerState was interrupted: java.lang.InterruptedException: sleep interrupted
2019-10-20 17:40:40,576 [grpc-default-executor-1] INFO  impl.RoleInfo (RoleInfo.java:updateAndGet(143)) - 7b1e61a0-7daf-43dd-99d5-9b325c1d31ae: start FollowerState
2019-10-20 17:40:40,577 [Thread-2257] INFO  impl.FollowerState (FollowerState.java:run(117)) - 8a63e1ae-032e-4bed-9f20-125a11f65413@group-091950D56227-FollowerState was interrupted: java.lang.InterruptedException: sleep interrupted
2019-10-20 17:40:40,576 [grpc-default-executor-2] INFO  impl.RoleInfo (RoleInfo.java:updateAndGet(143)) - 8a63e1ae-032e-4bed-9f20-125a11f65413: start FollowerState
2019-10-20 17:40:40,587 [8f18dce1-0a3d-4b65-9c78-af3d58b2da7f@group-091950D56227-LeaderElection314] INFO  impl.LeaderElection (LeaderElection.java:logAndReturn(56)) - 8f18dce1-0a3d-4b65-9c78-af3d58b2da7f@group-091950D56227-LeaderElection314: Election TIMEOUT; received 0 response(s) [] and 0 exception(s); 8f18dce1-0a3d-4b65-9c78-af3d58b2da7f@group-091950D56227:t374, leader=null, voted=8f18dce1-0a3d-4b65-9c78-af3d58b2da7f, raftlog=8f18dce1-0a3d-4b65-9c78-af3d58b2da7f@group-091950D56227-SegmentedRaftLog:OPENED:c-1,f-1,i0, conf=-1: [8a63e1ae-032e-4bed-9f20-125a11f65413:0.0.0.0:38685, 8f18dce1-0a3d-4b65-9c78-af3d58b2da7f:0.0.0.0:42489, 7b1e61a0-7daf-43dd-99d5-9b325c1d31ae:0.0.0.0:38412], old=null
2019-10-20 17:40:40,615 [8f18dce1-0a3d-4b65-9c78-af3d58b2da7f@group-091950D56227-LeaderElection314] INFO  impl.LeaderElection (LeaderElection.java:askForVotes(178)) - 8f18dce1-0a3d-4b65-9c78-af3d58b2da7f@group-091950D56227-LeaderElection314: begin an election at term 375 for -1: [8a63e1ae-032e-4bed-9f20-125a11f65413:0.0.0.0:38685, 8f18dce1-0a3d-4b65-9c78-af3d58b2da7f:0.0.0.0:42489, 7b1e61a0-7daf-43dd-99d5-9b325c1d31ae:0.0.0.0:38412], old=null
2019-10-20 17:40:40,616 [grpc-default-executor-1] INFO  impl.RaftServerImpl (RaftServerImpl.java:setRole(184)) - 8a63e1ae-032e-4bed-9f20-125a11f65413@group-091950D56227: changes role from  FOLLOWER to FOLLOWER at term 375 for recognizeCandidate:8f18dce1-0a3d-4b65-9c78-af3d58b2da7f
2019-10-20 17:40:40,616 [grpc-default-executor-1] INFO  impl.RoleInfo (RoleInfo.java:shutdownFollowerState(121)) - 8a63e1ae-032e-4bed-9f20-125a11f65413: shutdown FollowerState
2019-10-20 17:40:40,616 [grpc-default-executor-2] INFO  impl.RaftServerImpl (RaftServerImpl.java:setRole(184)) - 7b1e61a0-7daf-43dd-99d5-9b325c1d31ae@group-091950D56227: changes role from  FOLLOWER to FOLLOWER at term 375 for recognizeCandidate:8f18dce1-0a3d-4b65-9c78-af3d58b2da7f
2019-10-20 17:40:40,617 [Thread-2264] INFO  impl.FollowerState (FollowerState.java:run(117)) - 8a63e1ae-032e-4bed-9f20-125a11f65413@group-091950D56227-FollowerState was interrupted: java.lang.InterruptedException: sleep interrupted
2019-10-20 17:40:40,617 [grpc-default-executor-1] INFO  impl.RoleInfo (RoleInfo.java:updateAndGet(143)) - 8a63e1ae-032e-4bed-9f20-125a11f65413: start FollowerState
2019-10-20 17:40:40,617 [grpc-default-executor-2] INFO  impl.RoleInfo (RoleInfo.java:shutdownFollowerState(121)) - 7b1e61a0-7daf-43dd-99d5-9b325c1d31ae: shutdown FollowerState
2019-10-20 17:40:40,617 [grpc-default-executor-2] INFO  impl.RoleInfo (RoleInfo.java:updateAndGet(143)) - 7b1e61a0-7daf-43dd-99d5-9b325c1d31ae: start FollowerState
2019-10-20 17:40:40,617 [Thread-2263] INFO  impl.FollowerState (FollowerState.java:run(117)) - 7b1e61a0-7daf-43dd-99d5-9b325c1d31ae@group-091950D56227-FollowerState was interrupted: java.lang.InterruptedException: sleep interrupted
2019-10-20 17:40:40,657 [8f18dce1-0a3d-4b65-9c78-af3d58b2da7f@group-091950D56227-LeaderElection314] INFO  impl.LeaderElection (LeaderElection.java:logAndReturn(56)) - 8f18dce1-0a3d-4b65-9c78-af3d58b2da7f@group-091950D56227-LeaderElection314: Election REJECTED; received 2 response(s) [8f18dce1-0a3d-4b65-9c78-af3d58b2da7f<-8a63e1ae-032e-4bed-9f20-125a11f65413#0:FAIL-t375, 8f18dce1-0a3d-4b65-9c78-af3d58b2da7f<-7b1e61a0-7daf-43dd-99d5-9b325c1d31ae#0:FAIL-t375] and 0 exception(s); 8f18dce1-0a3d-4b65-9c78-af3d58b2da7f@group-091950D56227:t375, leader=null, voted=8f18dce1-0a3d-4b65-9c78-af3d58b2da7f, raftlog=8f18dce1-0a3d-4b65-9c78-af3d58b2da7f@group-091950D56227-SegmentedRaftLog:OPENED:c-1,f-1,i0, conf=-1: [8a63e1ae-032e-4bed-9f20-125a11f65413:0.0.0.0:38685, 8f18dce1-0a3d-4b65-9c78-af3d58b2da7f:0.0.0.0:42489, 7b1e61a0-7daf-43dd-99d5-9b325c1d31ae:0.0.0.0:38412], old=null
2019-10-20 17:40:40,658 [8f18dce1-0a3d-4b65-9c78-af3d58b2da7f@group-091950D56227-LeaderElection314] INFO  impl.RaftServerImpl (RaftServerImpl.java:setRole(184)) - 8f18dce1-0a3d-4b65-9c78-af3d58b2da7f@group-091950D56227: changes role from CANDIDATE to FOLLOWER at term 375 for DISCOVERED_A_NEW_TERM
2019-10-20 17:40:40,658 [8f18dce1-0a3d-4b65-9c78-af3d58b2da7f@group-091950D56227-LeaderElection314] INFO  impl.RoleInfo (RoleInfo.java:shutdownLeaderElection(134)) - 8f18dce1-0a3d-4b65-9c78-af3d58b2da7f: shutdown LeaderElection
2019-10-20 17:40:40,658 [8f18dce1-0a3d-4b65-9c78-af3d58b2da7f@group-091950D56227-LeaderElection314] INFO  impl.RoleInfo (RoleInfo.java:updateAndGet(143)) - 8f18dce1-0a3d-4b65-9c78-af3d58b2da7f: start FollowerState
2019-10-20 17:40:40,799 [Thread-2269] INFO  impl.FollowerState (FollowerState.java:run(108)) - 8f18dce1-0a3d-4b65-9c78-af3d58b2da7f@group-091950D56227-FollowerState: change to CANDIDATE, lastRpcTime:140ms, electionTimeout:140ms
2019-10-20 17:40:40,799 [Thread-2269] INFO  impl.RoleInfo (RoleInfo.java:shutdownFollowerState(121)) - 8f18dce1-0a3d-4b65-9c78-af3d58b2da7f: shutdown FollowerState
2019-10-20 17:40:40,799 [Thread-2269] INFO  impl.RaftServerImpl (RaftServerImpl.java:setRole(184)) - 8f18dce1-0a3d-4b65-9c78-af3d58b2da7f@group-091950D56227: changes role from  FOLLOWER to CANDIDATE at term 375 for changeToCandidate
2019-10-20 17:40:40,799 [Thread-2269] INFO  impl.RoleInfo (RoleInfo.java:updateAndGet(143)) - 8f18dce1-0a3d-4b65-9c78-af3d58b2da7f: start LeaderElection
2019-10-20 17:40:40,822 [8f18dce1-0a3d-4b65-9c78-af3d58b2da7f@group-091950D56227-LeaderElection315] INFO  impl.LeaderElection (LeaderElection.java:askForVotes(178)) - 8f18dce1-0a3d-4b65-9c78-af3d58b2da7f@group-091950D56227-LeaderElection315: begin an election at term 376 for -1: [8a63e1ae-032e-4bed-9f20-125a11f65413:0.0.0.0:38685, 8f18dce1-0a3d-4b65-9c78-af3d58b2da7f:0.0.0.0:42489, 7b1e61a0-7daf-43dd-99d5-9b325c1d31ae:0.0.0.0:38412], old=null
2019-10-20 17:40:40,824 [grpc-default-executor-1] INFO  impl.RaftServerImpl (RaftServerImpl.java:setRole(184)) - 8a63e1ae-032e-4bed-9f20-125a11f65413@group-091950D56227: changes role from  FOLLOWER to FOLLOWER at term 376 for recognizeCandidate:8f18dce1-0a3d-4b65-9c78-af3d58b2da7f
2019-10-20 17:40:40,824 [grpc-default-executor-1] INFO  impl.RoleInfo (RoleInfo.java:shutdownFollowerState(121)) - 8a63e1ae-032e-4bed-9f20-125a11f65413: shutdown FollowerState
2019-10-20 17:40:40,825 [grpc-default-executor-1] INFO  impl.RoleInfo (RoleInfo.java:updateAndGet(143)) - 8a63e1ae-032e-4bed-9f20-125a11f65413: start FollowerState
2019-10-20 17:40:40,825 [Thread-2267] INFO  impl.FollowerState (FollowerState.java:run(117)) - 8a63e1ae-032e-4bed-9f20-125a11f65413@group-091950D56227-FollowerState was interrupted: java.lang.InterruptedException: sleep interrupted
2019-10-20 17:40:40,825 [grpc-default-executor-2] INFO  impl.RaftServerImpl (RaftServerImpl.java:setRole(184)) - 7b1e61a0-7daf-43dd-99d5-9b325c1d31ae@group-091950D56227: changes role from  FOLLOWER to FOLLOWER at term 376 for recognizeCandidate:8f18dce1-0a3d-4b65-9c78-af3d58b2da7f
2019-10-20 17:40:40,825 [grpc-default-executor-2] INFO  impl.RoleInfo (RoleInfo.java:shutdownFollowerState(121)) - 7b1e61a0-7daf-43dd-99d5-9b325c1d31ae: shutdown FollowerState
2019-10-20 17:40:40,825 [grpc-default-executor-2] INFO  impl.RoleInfo (RoleInfo.java:updateAndGet(143)) - 7b1e61a0-7daf-43dd-99d5-9b325c1d31ae: start FollowerState
2019-10-20 17:40:40,825 [Thread-2268] INFO  impl.FollowerState (FollowerState.java:run(117)) - 7b1e61a0-7daf-43dd-99d5-9b325c1d31ae@group-091950D56227-FollowerState was interrupted: java.lang.InterruptedException: sleep interrupted
2019-10-20 17:40:40,844 [8f18dce1-0a3d-4b65-9c78-af3d58b2da7f@group-091950D56227-LeaderElection315] INFO  impl.LeaderElection (LeaderElection.java:logAndReturn(56)) - 8f18dce1-0a3d-4b65-9c78-af3d58b2da7f@group-091950D56227-LeaderElection315: Election TIMEOUT; received 0 response(s) [] and 0 exception(s); 8f18dce1-0a3d-4b65-9c78-af3d58b2da7f@group-091950D56227:t376, leader=null, voted=8f18dce1-0a3d-4b65-9c78-af3d58b2da7f, raftlog=8f18dce1-0a3d-4b65-9c78-af3d58b2da7f@group-091950D56227-SegmentedRaftLog:OPENED:c-1,f-1,i0, conf=-1: [8a63e1ae-032e-4bed-9f20-125a11f65413:0.0.0.0:38685, 8f18dce1-0a3d-4b65-9c78-af3d58b2da7f:0.0.0.0:42489, 7b1e61a0-7daf-43dd-99d5-9b325c1d31ae:0.0.0.0:38412], old=null
2019-10-20 17:40:40,871 [8f18dce1-0a3d-4b65-9c78-af3d58b2da7f@group-091950D56227-LeaderElection315] INFO  impl.LeaderElection (LeaderElection.java:askForVotes(178)) - 8f18dce1-0a3d-4b65-9c78-af3d58b2da7f@group-091950D56227-LeaderElection315: begin an election at term 377 for -1: [8a63e1ae-032e-4bed-9f20-125a11f65413:0.0.0.0:38685, 8f18dce1-0a3d-4b65-9c78-af3d58b2da7f:0.0.0.0:42489, 7b1e61a0-7daf-43dd-99d5-9b325c1d31ae:0.0.0.0:38412], old=null
2019-10-20 17:40:40,873 [grpc-default-executor-2] INFO  impl.RaftServerImpl (RaftServerImpl.java:setRole(184)) - 7b1e61a0-7daf-43dd-99d5-9b325c1d31ae@group-091950D56227: changes role from  FOLLOWER to FOLLOWER at term 377 for recognizeCandidate:8f18dce1-0a3d-4b65-9c78-af3d58b2da7f
2019-10-20 17:40:40,873 [grpc-default-executor-1] INFO  impl.RaftServerImpl (RaftServerImpl.java:setRole(184)) - 8a63e1ae-032e-4bed-9f20-125a11f65413@group-091950D56227: changes role from  FOLLOWER to FOLLOWER at term 377 for recognizeCandidate:8f18dce1-0a3d-4b65-9c78-af3d58b2da7f
2019-10-20 17:40:40,873 [grpc-default-executor-1] INFO  impl.RoleInfo (RoleInfo.java:shutdownFollowerState(121)) - 8a63e1ae-032e-4bed-9f20-125a11f65413: shutdown FollowerState
2019-10-20 17:40:40,873 [grpc-default-executor-2] INFO  impl.RoleInfo (RoleInfo.java:shutdownFollowerState(121)) - 7b1e61a0-7daf-43dd-99d5-9b325c1d31ae: shutdown FollowerState
2019-10-20 17:40:40,873 [Thread-2273] INFO  impl.FollowerState (FollowerState.java:run(117)) - 8a63e1ae-032e-4bed-9f20-125a11f65413@group-091950D56227-FollowerState was interrupted: java.lang.InterruptedException: sleep interrupted
2019-10-20 17:40:40,873 [grpc-default-executor-1] INFO  impl.RoleInfo (RoleInfo.java:updateAndGet(143)) - 8a63e1ae-032e-4bed-9f20-125a11f65413: start FollowerState
2019-10-20 17:40:40,873 [grpc-default-executor-2] INFO  impl.RoleInfo (RoleInfo.java:updateAndGet(143)) - 7b1e61a0-7daf-43dd-99d5-9b325c1d31ae: start FollowerState
2019-10-20 17:40:40,873 [Thread-2274] INFO  impl.FollowerState (FollowerState.java:run(117)) - 7b1e61a0-7daf-43dd-99d5-9b325c1d31ae@group-091950D56227-FollowerState was interrupted: java.lang.InterruptedException: sleep interrupted
2019-10-20 17:40:40,920 [8f18dce1-0a3d-4b65-9c78-af3d58b2da7f@group-091950D56227-LeaderElection315] INFO  impl.LeaderElection (LeaderElection.java:logAndReturn(56)) - 8f18dce1-0a3d-4b65-9c78-af3d58b2da7f@group-091950D56227-LeaderElection315: Election REJECTED; received 2 response(s) [8f18dce1-0a3d-4b65-9c78-af3d58b2da7f<-8a63e1ae-032e-4bed-9f20-125a11f65413#0:FAIL-t377, 8f18dce1-0a3d-4b65-9c78-af3d58b2da7f<-7b1e61a0-7daf-43dd-99d5-9b325c1d31ae#0:FAIL-t377] and 0 exception(s); 8f18dce1-0a3d-4b65-9c78-af3d58b2da7f@group-091950D56227:t377, leader=null, voted=8f18dce1-0a3d-4b65-9c78-af3d58b2da7f, raftlog=8f18dce1-0a3d-4b65-9c78-af3d58b2da7f@group-091950D56227-SegmentedRaftLog:OPENED:c-1,f-1,i0, conf=-1: [8a63e1ae-032e-4bed-9f20-125a11f65413:0.0.0.0:38685, 8f18dce1-0a3d-4b65-9c78-af3d58b2da7f:0.0.0.0:42489, 7b1e61a0-7daf-43dd-99d5-9b325c1d31ae:0.0.0.0:38412], old=null
2019-10-20 17:40:40,920 [8f18dce1-0a3d-4b65-9c78-af3d58b2da7f@group-091950D56227-LeaderElection315] INFO  impl.RaftServerImpl (RaftServerImpl.java:setRole(184)) - 8f18dce1-0a3d-4b65-9c78-af3d58b2da7f@group-091950D56227: changes role from CANDIDATE to FOLLOWER at term 377 for DISCOVERED_A_NEW_TERM
2019-10-20 17:40:40,920 [8f18dce1-0a3d-4b65-9c78-af3d58b2da7f@group-091950D56227-LeaderElection315] INFO  impl.RoleInfo (RoleInfo.java:shutdownLeaderElection(134)) - 8f18dce1-0a3d-4b65-9c78-af3d58b2da7f: shutdown LeaderElection
2019-10-20 17:40:40,920 [8f18dce1-0a3d-4b65-9c78-af3d58b2da7f@group-091950D56227-LeaderElection315] INFO  impl.RoleInfo (RoleInfo.java:updateAndGet(143)) - 8f18dce1-0a3d-4b65-9c78-af3d58b2da7f: start FollowerState
2019-10-20 17:40:41,038 [Thread-2279] INFO  impl.FollowerState (FollowerState.java:run(108)) - 8f18dce1-0a3d-4b65-9c78-af3d58b2da7f@group-091950D56227-FollowerState: change to CANDIDATE, lastRpcTime:117ms, electionTimeout:117ms
2019-10-20 17:40:41,038 [Thread-2279] INFO  impl.RoleInfo (RoleInfo.java:shutdownFollowerState(121)) - 8f18dce1-0a3d-4b65-9c78-af3d58b2da7f: shutdown FollowerState
2019-10-20 17:40:41,038 [Thread-2279] INFO  impl.RaftServerImpl (RaftServerImpl.java:setRole(184)) - 8f18dce1-0a3d-4b65-9c78-af3d58b2da7f@group-091950D56227: changes role from  FOLLOWER to CANDIDATE at term 377 for changeToCandidate
2019-10-20 17:40:41,038 [Thread-2279] INFO  impl.RoleInfo (RoleInfo.java:updateAndGet(143)) - 8f18dce1-0a3d-4b65-9c78-af3d58b2da7f: start LeaderElection
2019-10-20 17:40:41,062 [8f18dce1-0a3d-4b65-9c78-af3d58b2da7f@group-091950D56227-LeaderElection316] INFO  impl.LeaderElection (LeaderElection.java:askForVotes(178)) - 8f18dce1-0a3d-4b65-9c78-af3d58b2da7f@group-091950D56227-LeaderElection316: begin an election at term 378 for -1: [8a63e1ae-032e-4bed-9f20-125a11f65413:0.0.0.0:38685, 8f18dce1-0a3d-4b65-9c78-af3d58b2da7f:0.0.0.0:42489, 7b1e61a0-7daf-43dd-99d5-9b325c1d31ae:0.0.0.0:38412], old=null
2019-10-20 17:40:41,065 [grpc-default-executor-1] INFO  impl.RaftServerImpl (RaftServerImpl.java:setRole(184)) - 8a63e1ae-032e-4bed-9f20-125a11f65413@group-091950D56227: changes role from  FOLLOWER to FOLLOWER at term 378 for recognizeCandidate:8f18dce1-0a3d-4b65-9c78-af3d58b2da7f
2019-10-20 17:40:41,065 [grpc-default-executor-1] INFO  impl.RoleInfo (RoleInfo.java:shutdownFollowerState(121)) - 8a63e1ae-032e-4bed-9f20-125a11f65413: shutdown FollowerState
2019-10-20 17:40:41,065 [grpc-default-executor-2] INFO  impl.RaftServerImpl (RaftServerImpl.java:setRole(184)) - 7b1e61a0-7daf-43dd-99d5-9b325c1d31ae@group-091950D56227: changes role from  FOLLOWER to FOLLOWER at term 378 for recognizeCandidate:8f18dce1-0a3d-4b65-9c78-af3d58b2da7f
2019-10-20 17:40:41,065 [grpc-default-executor-2] INFO  impl.RoleInfo (RoleInfo.java:shutdownFollowerState(121)) - 7b1e61a0-7daf-43dd-99d5-9b325c1d31ae: shutdown FollowerState
2019-10-20 17:40:41,065 [Thread-2277] INFO  impl.FollowerState (FollowerState.java:run(117)) - 8a63e1ae-032e-4bed-9f20-125a11f65413@group-091950D56227-FollowerState was interrupted: java.lang.InterruptedException: sleep interrupted
2019-10-20 17:40:41,066 [Thread-2278] INFO  impl.FollowerState (FollowerState.java:run(117)) - 7b1e61a0-7daf-43dd-99d5-9b325c1d31ae@group-091950D56227-FollowerState was interrupted: java.lang.InterruptedException: sleep interrupted
2019-10-20 17:40:41,065 [grpc-default-executor-1] INFO  impl.RoleInfo (RoleInfo.java:updateAndGet(143)) - 8a63e1ae-032e-4bed-9f20-125a11f65413: start FollowerState
2019-10-20 17:40:41,065 [grpc-default-executor-2] INFO  impl.RoleInfo (RoleInfo.java:updateAndGet(143)) - 7b1e61a0-7daf-43dd-99d5-9b325c1d31ae: start FollowerState
2019-10-20 17:40:41,070 [8f18dce1-0a3d-4b65-9c78-af3d58b2da7f@group-091950D56227-LeaderElection316] INFO  impl.LeaderElection (LeaderElection.java:logAndReturn(56)) - 8f18dce1-0a3d-4b65-9c78-af3d58b2da7f@group-091950D56227-LeaderElection316: Election TIMEOUT; received 0 response(s) [] and 0 exception(s); 8f18dce1-0a3d-4b65-9c78-af3d58b2da7f@group-091950D56227:t378, leader=null, voted=8f18dce1-0a3d-4b65-9c78-af3d58b2da7f, raftlog=8f18dce1-0a3d-4b65-9c78-af3d58b2da7f@group-091950D56227-SegmentedRaftLog:OPENED:c-1,f-1,i0, conf=-1: [8a63e1ae-032e-4bed-9f20-125a11f65413:0.0.0.0:38685, 8f18dce1-0a3d-4b65-9c78-af3d58b2da7f:0.0.0.0:42489, 7b1e61a0-7daf-43dd-99d5-9b325c1d31ae:0.0.0.0:38412], old=null
2019-10-20 17:40:41,089 [8f18dce1-0a3d-4b65-9c78-af3d58b2da7f@group-091950D56227-LeaderElection316] INFO  impl.LeaderElection (LeaderElection.java:askForVotes(178)) - 8f18dce1-0a3d-4b65-9c78-af3d58b2da7f@group-091950D56227-LeaderElection316: begin an election at term 379 for -1: [8a63e1ae-032e-4bed-9f20-125a11f65413:0.0.0.0:38685, 8f18dce1-0a3d-4b65-9c78-af3d58b2da7f:0.0.0.0:42489, 7b1e61a0-7daf-43dd-99d5-9b325c1d31ae:0.0.0.0:38412], old=null
2019-10-20 17:40:41,091 [grpc-default-executor-1] INFO  impl.RaftServerImpl (RaftServerImpl.java:setRole(184)) - 8a63e1ae-032e-4bed-9f20-125a11f65413@group-091950D56227: changes role from  FOLLOWER to FOLLOWER at term 379 for recognizeCandidate:8f18dce1-0a3d-4b65-9c78-af3d58b2da7f
2019-10-20 17:40:41,091 [grpc-default-executor-1] INFO  impl.RoleInfo (RoleInfo.java:shutdownFollowerState(121)) - 8a63e1ae-032e-4bed-9f20-125a11f65413: shutdown FollowerState
2019-10-20 17:40:41,091 [grpc-default-executor-2] INFO  impl.RaftServerImpl (RaftServerImpl.java:setRole(184)) - 7b1e61a0-7daf-43dd-99d5-9b325c1d31ae@group-091950D56227: changes role from  FOLLOWER to FOLLOWER at term 379 for recognizeCandidate:8f18dce1-0a3d-4b65-9c78-af3d58b2da7f
2019-10-20 17:40:41,091 [Thread-2283] INFO  impl.FollowerState (FollowerState.java:run(117)) - 8a63e1ae-032e-4bed-9f20-125a11f65413@group-091950D56227-FollowerState was interrupted: java.lang.InterruptedException: sleep interrupted
2019-10-20 17:40:41,091 [grpc-default-executor-1] INFO  impl.RoleInfo (RoleInfo.java:updateAndGet(143)) - 8a63e1ae-032e-4bed-9f20-125a11f65413: start FollowerState
2019-10-20 17:40:41,091 [grpc-default-executor-2] INFO  impl.RoleInfo (RoleInfo.java:shutdownFollowerState(121)) - 7b1e61a0-7daf-43dd-99d5-9b325c1d31ae: shutdown FollowerState
2019-10-20 17:40:41,092 [grpc-default-executor-2] INFO  impl.RoleInfo (RoleInfo.java:updateAndGet(143)) - 7b1e61a0-7daf-43dd-99d5-9b325c1d31ae: start FollowerState
2019-10-20 17:40:41,092 [Thread-2284] INFO  impl.FollowerState (FollowerState.java:run(117)) - 7b1e61a0-7daf-43dd-99d5-9b325c1d31ae@group-091950D56227-FollowerState was interrupted: java.lang.InterruptedException: sleep interrupted
2019-10-20 17:40:41,112 [8f18dce1-0a3d-4b65-9c78-af3d58b2da7f@group-091950D56227-LeaderElection316] INFO  impl.LeaderElection (LeaderElection.java:logAndReturn(56)) - 8f18dce1-0a3d-4b65-9c78-af3d58b2da7f@group-091950D56227-LeaderElection316: Election REJECTED; received 2 response(s) [8f18dce1-0a3d-4b65-9c78-af3d58b2da7f<-8a63e1ae-032e-4bed-9f20-125a11f65413#0:FAIL-t379, 8f18dce1-0a3d-4b65-9c78-af3d58b2da7f<-7b1e61a0-7daf-43dd-99d5-9b325c1d31ae#0:FAIL-t379] and 0 exception(s); 8f18dce1-0a3d-4b65-9c78-af3d58b2da7f@group-091950D56227:t379, leader=null, voted=8f18dce1-0a3d-4b65-9c78-af3d58b2da7f, raftlog=8f18dce1-0a3d-4b65-9c78-af3d58b2da7f@group-091950D56227-SegmentedRaftLog:OPENED:c-1,f-1,i0, conf=-1: [8a63e1ae-032e-4bed-9f20-125a11f65413:0.0.0.0:38685, 8f18dce1-0a3d-4b65-9c78-af3d58b2da7f:0.0.0.0:42489, 7b1e61a0-7daf-43dd-99d5-9b325c1d31ae:0.0.0.0:38412], old=null
2019-10-20 17:40:41,113 [8f18dce1-0a3d-4b65-9c78-af3d58b2da7f@group-091950D56227-LeaderElection316] INFO  impl.RaftServerImpl (RaftServerImpl.java:setRole(184)) - 8f18dce1-0a3d-4b65-9c78-af3d58b2da7f@group-091950D56227: changes role from CANDIDATE to FOLLOWER at term 379 for DISCOVERED_A_NEW_TERM
2019-10-20 17:40:41,113 [8f18dce1-0a3d-4b65-9c78-af3d58b2da7f@group-091950D56227-LeaderElection316] INFO  impl.RoleInfo (RoleInfo.java:shutdownLeaderElection(134)) - 8f18dce1-0a3d-4b65-9c78-af3d58b2da7f: shutdown LeaderElection
2019-10-20 17:40:41,113 [8f18dce1-0a3d-4b65-9c78-af3d58b2da7f@group-091950D56227-LeaderElection316] INFO  impl.RoleInfo (RoleInfo.java:updateAndGet(143)) - 8f18dce1-0a3d-4b65-9c78-af3d58b2da7f: start FollowerState
2019-10-20 17:40:41,184 [Thread-2289] INFO  impl.FollowerState (FollowerState.java:run(108)) - 8f18dce1-0a3d-4b65-9c78-af3d58b2da7f@group-091950D56227-FollowerState: change to CANDIDATE, lastRpcTime:71ms, electionTimeout:71ms
2019-10-20 17:40:41,185 [Thread-2289] INFO  impl.RoleInfo (RoleInfo.java:shutdownFollowerState(121)) - 8f18dce1-0a3d-4b65-9c78-af3d58b2da7f: shutdown FollowerState
2019-10-20 17:40:41,185 [Thread-2289] INFO  impl.RaftServerImpl (RaftServerImpl.java:setRole(184)) - 8f18dce1-0a3d-4b65-9c78-af3d58b2da7f@group-091950D56227: changes role from  FOLLOWER to CANDIDATE at term 379 for changeToCandidate
2019-10-20 17:40:41,185 [Thread-2289] INFO  impl.RoleInfo (RoleInfo.java:updateAndGet(143)) - 8f18dce1-0a3d-4b65-9c78-af3d58b2da7f: start LeaderElection
2019-10-20 17:40:41,229 [8f18dce1-0a3d-4b65-9c78-af3d58b2da7f@group-091950D56227-LeaderElection317] INFO  impl.LeaderElection (LeaderElection.java:askForVotes(178)) - 8f18dce1-0a3d-4b65-9c78-af3d58b2da7f@group-091950D56227-LeaderElection317: begin an election at term 380 for -1: [8a63e1ae-032e-4bed-9f20-125a11f65413:0.0.0.0:38685, 8f18dce1-0a3d-4b65-9c78-af3d58b2da7f:0.0.0.0:42489, 7b1e61a0-7daf-43dd-99d5-9b325c1d31ae:0.0.0.0:38412], old=null
2019-10-20 17:40:41,230 [grpc-default-executor-2] INFO  impl.RaftServerImpl (RaftServerImpl.java:setRole(184)) - 8a63e1ae-032e-4bed-9f20-125a11f65413@group-091950D56227: changes role from  FOLLOWER to FOLLOWER at term 380 for recognizeCandidate:8f18dce1-0a3d-4b65-9c78-af3d58b2da7f
2019-10-20 17:40:41,231 [grpc-default-executor-2] INFO  impl.RoleInfo (RoleInfo.java:shutdownFollowerState(121)) - 8a63e1ae-032e-4bed-9f20-125a11f65413: shutdown FollowerState
2019-10-20 17:40:41,231 [grpc-default-executor-1] INFO  impl.RaftServerImpl (RaftServerImpl.java:setRole(184)) - 7b1e61a0-7daf-43dd-99d5-9b325c1d31ae@group-091950D56227: changes role from  FOLLOWER to FOLLOWER at term 380 for recognizeCandidate:8f18dce1-0a3d-4b65-9c78-af3d58b2da7f
2019-10-20 17:40:41,231 [grpc-default-executor-2] INFO  impl.RoleInfo (RoleInfo.java:updateAndGet(143)) - 8a63e1ae-032e-4bed-9f20-125a11f65413: start FollowerState
2019-10-20 17:40:41,231 [grpc-default-executor-1] INFO  impl.RoleInfo (RoleInfo.java:shutdownFollowerState(121)) - 7b1e61a0-7daf-43dd-99d5-9b325c1d31ae: shutdown FollowerState
2019-10-20 17:40:41,231 [Thread-2287] INFO  impl.FollowerState (FollowerState.java:run(117)) - 8a63e1ae-032e-4bed-9f20-125a11f65413@group-091950D56227-FollowerState was interrupted: java.lang.InterruptedException: sleep interrupted
2019-10-20 17:40:41,231 [Thread-2288] INFO  impl.FollowerState (FollowerState.java:run(117)) - 7b1e61a0-7daf-43dd-99d5-9b325c1d31ae@group-091950D56227-FollowerState was interrupted: java.lang.InterruptedException: sleep interrupted
2019-10-20 17:40:41,231 [grpc-default-executor-1] INFO  impl.RoleInfo (RoleInfo.java:updateAndGet(143)) - 7b1e61a0-7daf-43dd-99d5-9b325c1d31ae: start FollowerState
2019-10-20 17:40:41,255 [8f18dce1-0a3d-4b65-9c78-af3d58b2da7f@group-091950D56227-LeaderElection317] INFO  impl.LeaderElection (LeaderElection.java:logAndReturn(56)) - 8f18dce1-0a3d-4b65-9c78-af3d58b2da7f@group-091950D56227-LeaderElection317: Election REJECTED; received 2 response(s) [8f18dce1-0a3d-4b65-9c78-af3d58b2da7f<-8a63e1ae-032e-4bed-9f20-125a11f65413#0:FAIL-t380, 8f18dce1-0a3d-4b65-9c78-af3d58b2da7f<-7b1e61a0-7daf-43dd-99d5-9b325c1d31ae#0:FAIL-t380] and 0 exception(s); 8f18dce1-0a3d-4b65-9c78-af3d58b2da7f@group-091950D56227:t380, leader=null, voted=8f18dce1-0a3d-4b65-9c78-af3d58b2da7f, raftlog=8f18dce1-0a3d-4b65-9c78-af3d58b2da7f@group-091950D56227-SegmentedRaftLog:OPENED:c-1,f-1,i0, conf=-1: [8a63e1ae-032e-4bed-9f20-125a11f65413:0.0.0.0:38685, 8f18dce1-0a3d-4b65-9c78-af3d58b2da7f:0.0.0.0:42489, 7b1e61a0-7daf-43dd-99d5-9b325c1d31ae:0.0.0.0:38412], old=null
2019-10-20 17:40:41,255 [8f18dce1-0a3d-4b65-9c78-af3d58b2da7f@group-091950D56227-LeaderElection317] INFO  impl.RaftServerImpl (RaftServerImpl.java:setRole(184)) - 8f18dce1-0a3d-4b65-9c78-af3d58b2da7f@group-091950D56227: changes role from CANDIDATE to FOLLOWER at term 380 for DISCOVERED_A_NEW_TERM
2019-10-20 17:40:41,255 [8f18dce1-0a3d-4b65-9c78-af3d58b2da7f@group-091950D56227-LeaderElection317] INFO  impl.RoleInfo (RoleInfo.java:shutdownLeaderElection(134)) - 8f18dce1-0a3d-4b65-9c78-af3d58b2da7f: shutdown LeaderElection
2019-10-20 17:40:41,255 [8f18dce1-0a3d-4b65-9c78-af3d58b2da7f@group-091950D56227-LeaderElection317] INFO  impl.RoleInfo (RoleInfo.java:updateAndGet(143)) - 8f18dce1-0a3d-4b65-9c78-af3d58b2da7f: start FollowerState
2019-10-20 17:40:41,446 [Thread-2295] INFO  impl.FollowerState (FollowerState.java:run(108)) - 8f18dce1-0a3d-4b65-9c78-af3d58b2da7f@group-091950D56227-FollowerState: change to CANDIDATE, lastRpcTime:190ms, electionTimeout:190ms
2019-10-20 17:40:41,446 [Thread-2295] INFO  impl.RoleInfo (RoleInfo.java:shutdownFollowerState(121)) - 8f18dce1-0a3d-4b65-9c78-af3d58b2da7f: shutdown FollowerState
2019-10-20 17:40:41,446 [Thread-2295] INFO  impl.RaftServerImpl (RaftServerImpl.java:setRole(184)) - 8f18dce1-0a3d-4b65-9c78-af3d58b2da7f@group-091950D56227: changes role from  FOLLOWER to CANDIDATE at term 380 for changeToCandidate
2019-10-20 17:40:41,447 [Thread-2295] INFO  impl.RoleInfo (RoleInfo.java:updateAndGet(143)) - 8f18dce1-0a3d-4b65-9c78-af3d58b2da7f: start LeaderElection
2019-10-20 17:40:41,480 [8f18dce1-0a3d-4b65-9c78-af3d58b2da7f@group-091950D56227-LeaderElection318] INFO  impl.LeaderElection (LeaderElection.java:askForVotes(178)) - 8f18dce1-0a3d-4b65-9c78-af3d58b2da7f@group-091950D56227-LeaderElection318: begin an election at term 381 for -1: [8a63e1ae-032e-4bed-9f20-125a11f65413:0.0.0.0:38685, 8f18dce1-0a3d-4b65-9c78-af3d58b2da7f:0.0.0.0:42489, 7b1e61a0-7daf-43dd-99d5-9b325c1d31ae:0.0.0.0:38412], old=null
2019-10-20 17:40:41,481 [grpc-default-executor-1] INFO  impl.RaftServerImpl (RaftServerImpl.java:setRole(184)) - 8a63e1ae-032e-4bed-9f20-125a11f65413@group-091950D56227: changes role from  FOLLOWER to FOLLOWER at term 381 for recognizeCandidate:8f18dce1-0a3d-4b65-9c78-af3d58b2da7f
2019-10-20 17:40:41,482 [grpc-default-executor-2] INFO  impl.RaftServerImpl (RaftServerImpl.java:setRole(184)) - 7b1e61a0-7daf-43dd-99d5-9b325c1d31ae@group-091950D56227: changes role from  FOLLOWER to FOLLOWER at term 381 for recognizeCandidate:8f18dce1-0a3d-4b65-9c78-af3d58b2da7f
2019-10-20 17:40:41,482 [grpc-default-executor-1] INFO  impl.RoleInfo (RoleInfo.java:shutdownFollowerState(121)) - 8a63e1ae-032e-4bed-9f20-125a11f65413: shutdown FollowerState
2019-10-20 17:40:41,482 [grpc-default-executor-2] INFO  impl.RoleInfo (RoleInfo.java:shutdownFollowerState(121)) - 7b1e61a0-7daf-43dd-99d5-9b325c1d31ae: shutdown FollowerState
2019-10-20 17:40:41,482 [Thread-2293] INFO  impl.FollowerState (FollowerState.java:run(117)) - 8a63e1ae-032e-4bed-9f20-125a11f65413@group-091950D56227-FollowerState was interrupted: java.lang.InterruptedException: sleep interrupted
2019-10-20 17:40:41,482 [grpc-default-executor-1] INFO  impl.RoleInfo (RoleInfo.java:updateAndGet(143)) - 8a63e1ae-032e-4bed-9f20-125a11f65413: start FollowerState
2019-10-20 17:40:41,482 [grpc-default-executor-2] INFO  impl.RoleInfo (RoleInfo.java:updateAndGet(143)) - 7b1e61a0-7daf-43dd-99d5-9b325c1d31ae: start FollowerState
2019-10-20 17:40:41,482 [Thread-2294] INFO  impl.FollowerState (FollowerState.java:run(117)) - 7b1e61a0-7daf-43dd-99d5-9b325c1d31ae@group-091950D56227-FollowerState was interrupted: java.lang.InterruptedException: sleep interrupted
2019-10-20 17:40:41,506 [8f18dce1-0a3d-4b65-9c78-af3d58b2da7f@group-091950D56227-LeaderElection318] INFO  impl.LeaderElection (LeaderElection.java:logAndReturn(56)) - 8f18dce1-0a3d-4b65-9c78-af3d58b2da7f@group-091950D56227-LeaderElection318: Election REJECTED; received 2 response(s) [8f18dce1-0a3d-4b65-9c78-af3d58b2da7f<-8a63e1ae-032e-4bed-9f20-125a11f65413#0:FAIL-t381, 8f18dce1-0a3d-4b65-9c78-af3d58b2da7f<-7b1e61a0-7daf-43dd-99d5-9b325c1d31ae#0:FAIL-t381] and 0 exception(s); 8f18dce1-0a3d-4b65-9c78-af3d58b2da7f@group-091950D56227:t381, leader=null, voted=8f18dce1-0a3d-4b65-9c78-af3d58b2da7f, raftlog=8f18dce1-0a3d-4b65-9c78-af3d58b2da7f@group-091950D56227-SegmentedRaftLog:OPENED:c-1,f-1,i0, conf=-1: [8a63e1ae-032e-4bed-9f20-125a11f65413:0.0.0.0:38685, 8f18dce1-0a3d-4b65-9c78-af3d58b2da7f:0.0.0.0:42489, 7b1e61a0-7daf-43dd-99d5-9b325c1d31ae:0.0.0.0:38412], old=null
2019-10-20 17:40:41,506 [8f18dce1-0a3d-4b65-9c78-af3d58b2da7f@group-091950D56227-LeaderElection318] INFO  impl.RaftServerImpl (RaftServerImpl.java:setRole(184)) - 8f18dce1-0a3d-4b65-9c78-af3d58b2da7f@group-091950D56227: changes role from CANDIDATE to FOLLOWER at term 381 for DISCOVERED_A_NEW_TERM
2019-10-20 17:40:41,506 [8f18dce1-0a3d-4b65-9c78-af3d58b2da7f@group-091950D56227-LeaderElection318] INFO  impl.RoleInfo (RoleInfo.java:shutdownLeaderElection(134)) - 8f18dce1-0a3d-4b65-9c78-af3d58b2da7f: shutdown LeaderElection
2019-10-20 17:40:41,506 [8f18dce1-0a3d-4b65-9c78-af3d58b2da7f@group-091950D56227-LeaderElection318] INFO  impl.RoleInfo (RoleInfo.java:updateAndGet(143)) - 8f18dce1-0a3d-4b65-9c78-af3d58b2da7f: start FollowerState
2019-10-20 17:40:41,678 [Thread-2303] INFO  impl.FollowerState (FollowerState.java:run(108)) - 8f18dce1-0a3d-4b65-9c78-af3d58b2da7f@group-091950D56227-FollowerState: change to CANDIDATE, lastRpcTime:171ms, electionTimeout:171ms
2019-10-20 17:40:41,678 [Thread-2303] INFO  impl.RoleInfo (RoleInfo.java:shutdownFollowerState(121)) - 8f18dce1-0a3d-4b65-9c78-af3d58b2da7f: shutdown FollowerState
2019-10-20 17:40:41,678 [Thread-2303] INFO  impl.RaftServerImpl (RaftServerImpl.java:setRole(184)) - 8f18dce1-0a3d-4b65-9c78-af3d58b2da7f@group-091950D56227: changes role from  FOLLOWER to CANDIDATE at term 381 for changeToCandidate
2019-10-20 17:40:41,679 [Thread-2303] INFO  impl.RoleInfo (RoleInfo.java:updateAndGet(143)) - 8f18dce1-0a3d-4b65-9c78-af3d58b2da7f: start LeaderElection
2019-10-20 17:40:41,706 [8f18dce1-0a3d-4b65-9c78-af3d58b2da7f@group-091950D56227-LeaderElection319] INFO  impl.LeaderElection (LeaderElection.java:askForVotes(178)) - 8f18dce1-0a3d-4b65-9c78-af3d58b2da7f@group-091950D56227-LeaderElection319: begin an election at term 382 for -1: [8a63e1ae-032e-4bed-9f20-125a11f65413:0.0.0.0:38685, 8f18dce1-0a3d-4b65-9c78-af3d58b2da7f:0.0.0.0:42489, 7b1e61a0-7daf-43dd-99d5-9b325c1d31ae:0.0.0.0:38412], old=null
2019-10-20 17:40:41,708 [grpc-default-executor-2] INFO  impl.RaftServerImpl (RaftServerImpl.java:setRole(184)) - 8a63e1ae-032e-4bed-9f20-125a11f65413@group-091950D56227: changes role from  FOLLOWER to FOLLOWER at term 382 for recognizeCandidate:8f18dce1-0a3d-4b65-9c78-af3d58b2da7f
2019-10-20 17:40:41,708 [grpc-default-executor-2] INFO  impl.RoleInfo (RoleInfo.java:shutdownFollowerState(121)) - 8a63e1ae-032e-4bed-9f20-125a11f65413: shutdown FollowerState
2019-10-20 17:40:41,708 [grpc-default-executor-1] INFO  impl.RaftServerImpl (RaftServerImpl.java:setRole(184)) - 7b1e61a0-7daf-43dd-99d5-9b325c1d31ae@group-091950D56227: changes role from  FOLLOWER to FOLLOWER at term 382 for recognizeCandidate:8f18dce1-0a3d-4b65-9c78-af3d58b2da7f
2019-10-20 17:40:41,709 [grpc-default-executor-1] INFO  impl.RoleInfo (RoleInfo.java:shutdownFollowerState(121)) - 7b1e61a0-7daf-43dd-99d5-9b325c1d31ae: shutdown FollowerState
2019-10-20 17:40:41,709 [Thread-2301] INFO  impl.FollowerState (FollowerState.java:run(117)) - 8a63e1ae-032e-4bed-9f20-125a11f65413@group-091950D56227-FollowerState was interrupted: java.lang.InterruptedException: sleep interrupted
2019-10-20 17:40:41,708 [grpc-default-executor-2] INFO  impl.RoleInfo (RoleInfo.java:updateAndGet(143)) - 8a63e1ae-032e-4bed-9f20-125a11f65413: start FollowerState
2019-10-20 17:40:41,709 [Thread-2302] INFO  impl.FollowerState (FollowerState.java:run(117)) - 7b1e61a0-7daf-43dd-99d5-9b325c1d31ae@group-091950D56227-FollowerState was interrupted: java.lang.InterruptedException: sleep interrupted
2019-10-20 17:40:41,709 [grpc-default-executor-1] INFO  impl.RoleInfo (RoleInfo.java:updateAndGet(143)) - 7b1e61a0-7daf-43dd-99d5-9b325c1d31ae: start FollowerState
2019-10-20 17:40:41,749 [8f18dce1-0a3d-4b65-9c78-af3d58b2da7f@group-091950D56227-LeaderElection319] INFO  impl.LeaderElection (LeaderElection.java:logAndReturn(56)) - 8f18dce1-0a3d-4b65-9c78-af3d58b2da7f@group-091950D56227-LeaderElection319: Election REJECTED; received 2 response(s) [8f18dce1-0a3d-4b65-9c78-af3d58b2da7f<-8a63e1ae-032e-4bed-9f20-125a11f65413#0:FAIL-t382, 8f18dce1-0a3d-4b65-9c78-af3d58b2da7f<-7b1e61a0-7daf-43dd-99d5-9b325c1d31ae#0:FAIL-t382] and 0 exception(s); 8f18dce1-0a3d-4b65-9c78-af3d58b2da7f@group-091950D56227:t382, leader=null, voted=8f18dce1-0a3d-4b65-9c78-af3d58b2da7f, raftlog=8f18dce1-0a3d-4b65-9c78-af3d58b2da7f@group-091950D56227-SegmentedRaftLog:OPENED:c-1,f-1,i0, conf=-1: [8a63e1ae-032e-4bed-9f20-125a11f65413:0.0.0.0:38685, 8f18dce1-0a3d-4b65-9c78-af3d58b2da7f:0.0.0.0:42489, 7b1e61a0-7daf-43dd-99d5-9b325c1d31ae:0.0.0.0:38412], old=null
2019-10-20 17:40:41,749 [8f18dce1-0a3d-4b65-9c78-af3d58b2da7f@group-091950D56227-LeaderElection319] INFO  impl.RaftServerImpl (RaftServerImpl.java:setRole(184)) - 8f18dce1-0a3d-4b65-9c78-af3d58b2da7f@group-091950D56227: changes role from CANDIDATE to FOLLOWER at term 382 for DISCOVERED_A_NEW_TERM
2019-10-20 17:40:41,750 [8f18dce1-0a3d-4b65-9c78-af3d58b2da7f@group-091950D56227-LeaderElection319] INFO  impl.RoleInfo (RoleInfo.java:shutdownLeaderElection(134)) - 8f18dce1-0a3d-4b65-9c78-af3d58b2da7f: shutdown LeaderElection
2019-10-20 17:40:41,750 [8f18dce1-0a3d-4b65-9c78-af3d58b2da7f@group-091950D56227-LeaderElection319] INFO  impl.RoleInfo (RoleInfo.java:updateAndGet(143)) - 8f18dce1-0a3d-4b65-9c78-af3d58b2da7f: start FollowerState
2019-10-20 17:40:41,849 [Thread-2309] INFO  impl.FollowerState (FollowerState.java:run(108)) - 8f18dce1-0a3d-4b65-9c78-af3d58b2da7f@group-091950D56227-FollowerState: change to CANDIDATE, lastRpcTime:99ms, electionTimeout:99ms
2019-10-20 17:40:41,849 [Thread-2309] INFO  impl.RoleInfo (RoleInfo.java:shutdownFollowerState(121)) - 8f18dce1-0a3d-4b65-9c78-af3d58b2da7f: shutdown FollowerState
2019-10-20 17:40:41,849 [Thread-2309] INFO  impl.RaftServerImpl (RaftServerImpl.java:setRole(184)) - 8f18dce1-0a3d-4b65-9c78-af3d58b2da7f@group-091950D56227: changes role from  FOLLOWER to CANDIDATE at term 382 for changeToCandidate
2019-10-20 17:40:41,850 [Thread-2309] INFO  impl.RoleInfo (RoleInfo.java:updateAndGet(143)) - 8f18dce1-0a3d-4b65-9c78-af3d58b2da7f: start LeaderElection
2019-10-20 17:40:41,874 [8f18dce1-0a3d-4b65-9c78-af3d58b2da7f@group-091950D56227-LeaderElection320] INFO  impl.LeaderElection (LeaderElection.java:askForVotes(178)) - 8f18dce1-0a3d-4b65-9c78-af3d58b2da7f@group-091950D56227-LeaderElection320: begin an election at term 383 for -1: [8a63e1ae-032e-4bed-9f20-125a11f65413:0.0.0.0:38685, 8f18dce1-0a3d-4b65-9c78-af3d58b2da7f:0.0.0.0:42489, 7b1e61a0-7daf-43dd-99d5-9b325c1d31ae:0.0.0.0:38412], old=null
2019-10-20 17:40:41,876 [grpc-default-executor-2] INFO  impl.RaftServerImpl (RaftServerImpl.java:setRole(184)) - 7b1e61a0-7daf-43dd-99d5-9b325c1d31ae@group-091950D56227: changes role from  FOLLOWER to FOLLOWER at term 383 for recognizeCandidate:8f18dce1-0a3d-4b65-9c78-af3d58b2da7f
2019-10-20 17:40:41,876 [grpc-default-executor-1] INFO  impl.RaftServerImpl (RaftServerImpl.java:setRole(184)) - 8a63e1ae-032e-4bed-9f20-125a11f65413@group-091950D56227: changes role from  FOLLOWER to FOLLOWER at term 383 for recognizeCandidate:8f18dce1-0a3d-4b65-9c78-af3d58b2da7f
2019-10-20 17:40:41,876 [grpc-default-executor-2] INFO  impl.RoleInfo (RoleInfo.java:shutdownFollowerState(121)) - 7b1e61a0-7daf-43dd-99d5-9b325c1d31ae: shutdown FollowerState
2019-10-20 17:40:41,876 [grpc-default-executor-1] INFO  impl.RoleInfo (RoleInfo.java:shutdownFollowerState(121)) - 8a63e1ae-032e-4bed-9f20-125a11f65413: shutdown FollowerState
2019-10-20 17:40:41,877 [Thread-2308] INFO  impl.FollowerState (FollowerState.java:run(117)) - 7b1e61a0-7daf-43dd-99d5-9b325c1d31ae@group-091950D56227-FollowerState was interrupted: java.lang.InterruptedException: sleep interrupted
2019-10-20 17:40:41,877 [grpc-default-executor-2] INFO  impl.RoleInfo (RoleInfo.java:updateAndGet(143)) - 7b1e61a0-7daf-43dd-99d5-9b325c1d31ae: start FollowerState
2019-10-20 17:40:41,877 [Thread-2307] INFO  impl.FollowerState (FollowerState.java:run(117)) - 8a63e1ae-032e-4bed-9f20-125a11f65413@group-091950D56227-FollowerState was interrupted: java.lang.InterruptedException: sleep interrupted
2019-10-20 17:40:41,877 [grpc-default-executor-1] INFO  impl.RoleInfo (RoleInfo.java:updateAndGet(143)) - 8a63e1ae-032e-4bed-9f20-125a11f65413: start FollowerState
2019-10-20 17:40:41,901 [8f18dce1-0a3d-4b65-9c78-af3d58b2da7f@group-091950D56227-LeaderElection320] INFO  impl.LeaderElection (LeaderElection.java:logAndReturn(56)) - 8f18dce1-0a3d-4b65-9c78-af3d58b2da7f@group-091950D56227-LeaderElection320: Election REJECTED; received 2 response(s) [8f18dce1-0a3d-4b65-9c78-af3d58b2da7f<-8a63e1ae-032e-4bed-9f20-125a11f65413#0:FAIL-t383, 8f18dce1-0a3d-4b65-9c78-af3d58b2da7f<-7b1e61a0-7daf-43dd-99d5-9b325c1d31ae#0:FAIL-t383] and 0 exception(s); 8f18dce1-0a3d-4b65-9c78-af3d58b2da7f@group-091950D56227:t383, leader=null, voted=8f18dce1-0a3d-4b65-9c78-af3d58b2da7f, raftlog=8f18dce1-0a3d-4b65-9c78-af3d58b2da7f@group-091950D56227-SegmentedRaftLog:OPENED:c-1,f-1,i0, conf=-1: [8a63e1ae-032e-4bed-9f20-125a11f65413:0.0.0.0:38685, 8f18dce1-0a3d-4b65-9c78-af3d58b2da7f:0.0.0.0:42489, 7b1e61a0-7daf-43dd-99d5-9b325c1d31ae:0.0.0.0:38412], old=null
2019-10-20 17:40:41,901 [8f18dce1-0a3d-4b65-9c78-af3d58b2da7f@group-091950D56227-LeaderElection320] INFO  impl.RaftServerImpl (RaftServerImpl.java:setRole(184)) - 8f18dce1-0a3d-4b65-9c78-af3d58b2da7f@group-091950D56227: changes role from CANDIDATE to FOLLOWER at term 383 for DISCOVERED_A_NEW_TERM
2019-10-20 17:40:41,901 [8f18dce1-0a3d-4b65-9c78-af3d58b2da7f@group-091950D56227-LeaderElection320] INFO  impl.RoleInfo (RoleInfo.java:shutdownLeaderElection(134)) - 8f18dce1-0a3d-4b65-9c78-af3d58b2da7f: shutdown LeaderElection
2019-10-20 17:40:41,901 [8f18dce1-0a3d-4b65-9c78-af3d58b2da7f@group-091950D56227-LeaderElection320] INFO  impl.RoleInfo (RoleInfo.java:updateAndGet(143)) - 8f18dce1-0a3d-4b65-9c78-af3d58b2da7f: start FollowerState
2019-10-20 17:40:42,086 [Thread-2315] INFO  impl.FollowerState (FollowerState.java:run(108)) - 8f18dce1-0a3d-4b65-9c78-af3d58b2da7f@group-091950D56227-FollowerState: change to CANDIDATE, lastRpcTime:185ms, electionTimeout:185ms
2019-10-20 17:40:42,086 [Thread-2315] INFO  impl.RoleInfo (RoleInfo.java:shutdownFollowerState(121)) - 8f18dce1-0a3d-4b65-9c78-af3d58b2da7f: shutdown FollowerState
2019-10-20 17:40:42,087 [Thread-2315] INFO  impl.RaftServerImpl (RaftServerImpl.java:setRole(184)) - 8f18dce1-0a3d-4b65-9c78-af3d58b2da7f@group-091950D56227: changes role from  FOLLOWER to CANDIDATE at term 383 for changeToCandidate
2019-10-20 17:40:42,087 [Thread-2315] INFO  impl.RoleInfo (RoleInfo.java:updateAndGet(143)) - 8f18dce1-0a3d-4b65-9c78-af3d58b2da7f: start LeaderElection
2019-10-20 17:40:42,117 [8f18dce1-0a3d-4b65-9c78-af3d58b2da7f@group-091950D56227-LeaderElection321] INFO  impl.LeaderElection (LeaderElection.java:askForVotes(178)) - 8f18dce1-0a3d-4b65-9c78-af3d58b2da7f@group-091950D56227-LeaderElection321: begin an election at term 384 for -1: [8a63e1ae-032e-4bed-9f20-125a11f65413:0.0.0.0:38685, 8f18dce1-0a3d-4b65-9c78-af3d58b2da7f:0.0.0.0:42489, 7b1e61a0-7daf-43dd-99d5-9b325c1d31ae:0.0.0.0:38412], old=null
2019-10-20 17:40:42,119 [grpc-default-executor-1] INFO  impl.RaftServerImpl (RaftServerImpl.java:setRole(184)) - 7b1e61a0-7daf-43dd-99d5-9b325c1d31ae@group-091950D56227: changes role from  FOLLOWER to FOLLOWER at term 384 for recognizeCandidate:8f18dce1-0a3d-4b65-9c78-af3d58b2da7f
2019-10-20 17:40:42,119 [grpc-default-executor-2] INFO  impl.RaftServerImpl (RaftServerImpl.java:setRole(184)) - 8a63e1ae-032e-4bed-9f20-125a11f65413@group-091950D56227: changes role from  FOLLOWER to FOLLOWER at term 384 for recognizeCandidate:8f18dce1-0a3d-4b65-9c78-af3d58b2da7f
2019-10-20 17:40:42,119 [grpc-default-executor-1] INFO  impl.RoleInfo (RoleInfo.java:shutdownFollowerState(121)) - 7b1e61a0-7daf-43dd-99d5-9b325c1d31ae: shutdown FollowerState
2019-10-20 17:40:42,120 [grpc-default-executor-2] INFO  impl.RoleInfo (RoleInfo.java:shutdownFollowerState(121)) - 8a63e1ae-032e-4bed-9f20-125a11f65413: shutdown FollowerState
2019-10-20 17:40:42,120 [Thread-2313] INFO  impl.FollowerState (FollowerState.java:run(117)) - 7b1e61a0-7daf-43dd-99d5-9b325c1d31ae@group-091950D56227-FollowerState was interrupted: java.lang.InterruptedException: sleep interrupted
2019-10-20 17:40:42,120 [grpc-default-executor-1] INFO  impl.RoleInfo (RoleInfo.java:updateAndGet(143)) - 7b1e61a0-7daf-43dd-99d5-9b325c1d31ae: start FollowerState
2019-10-20 17:40:42,120 [Thread-2314] INFO  impl.FollowerState (FollowerState.java:run(117)) - 8a63e1ae-032e-4bed-9f20-125a11f65413@group-091950D56227-FollowerState was interrupted: java.lang.InterruptedException: sleep interrupted
2019-10-20 17:40:42,120 [grpc-default-executor-2] INFO  impl.RoleInfo (RoleInfo.java:updateAndGet(143)) - 8a63e1ae-032e-4bed-9f20-125a11f65413: start FollowerState
2019-10-20 17:40:42,145 [8f18dce1-0a3d-4b65-9c78-af3d58b2da7f@group-091950D56227-LeaderElection321] INFO  impl.LeaderElection (LeaderElection.java:logAndReturn(56)) - 8f18dce1-0a3d-4b65-9c78-af3d58b2da7f@group-091950D56227-LeaderElection321: Election REJECTED; received 2 response(s) [8f18dce1-0a3d-4b65-9c78-af3d58b2da7f<-8a63e1ae-032e-4bed-9f20-125a11f65413#0:FAIL-t384, 8f18dce1-0a3d-4b65-9c78-af3d58b2da7f<-7b1e61a0-7daf-43dd-99d5-9b325c1d31ae#0:FAIL-t384] and 0 exception(s); 8f18dce1-0a3d-4b65-9c78-af3d58b2da7f@group-091950D56227:t384, leader=null, voted=8f18dce1-0a3d-4b65-9c78-af3d58b2da7f, raftlog=8f18dce1-0a3d-4b65-9c78-af3d58b2da7f@group-091950D56227-SegmentedRaftLog:OPENED:c-1,f-1,i0, conf=-1: [8a63e1ae-032e-4bed-9f20-125a11f65413:0.0.0.0:38685, 8f18dce1-0a3d-4b65-9c78-af3d58b2da7f:0.0.0.0:42489, 7b1e61a0-7daf-43dd-99d5-9b325c1d31ae:0.0.0.0:38412], old=null
2019-10-20 17:40:42,145 [8f18dce1-0a3d-4b65-9c78-af3d58b2da7f@group-091950D56227-LeaderElection321] INFO  impl.RaftServerImpl (RaftServerImpl.java:setRole(184)) - 8f18dce1-0a3d-4b65-9c78-af3d58b2da7f@group-091950D56227: changes role from CANDIDATE to FOLLOWER at term 384 for DISCOVERED_A_NEW_TERM
2019-10-20 17:40:42,145 [8f18dce1-0a3d-4b65-9c78-af3d58b2da7f@group-091950D56227-LeaderElection321] INFO  impl.RoleInfo (RoleInfo.java:shutdownLeaderElection(134)) - 8f18dce1-0a3d-4b65-9c78-af3d58b2da7f: shutdown LeaderElection
2019-10-20 17:40:42,145 [8f18dce1-0a3d-4b65-9c78-af3d58b2da7f@group-091950D56227-LeaderElection321] INFO  impl.RoleInfo (RoleInfo.java:updateAndGet(143)) - 8f18dce1-0a3d-4b65-9c78-af3d58b2da7f: start FollowerState
2019-10-20 17:40:42,157 [Thread-2321] INFO  impl.FollowerState (FollowerState.java:run(108)) - 8f18dce1-0a3d-4b65-9c78-af3d58b2da7f@group-091950D56227-FollowerState: change to CANDIDATE, lastRpcTime:12ms, electionTimeout:12ms
2019-10-20 17:40:42,157 [Thread-2321] INFO  impl.RoleInfo (RoleInfo.java:shutdownFollowerState(121)) - 8f18dce1-0a3d-4b65-9c78-af3d58b2da7f: shutdown FollowerState
2019-10-20 17:40:42,157 [Thread-2321] INFO  impl.RaftServerImpl (RaftServerImpl.java:setRole(184)) - 8f18dce1-0a3d-4b65-9c78-af3d58b2da7f@group-091950D56227: changes role from  FOLLOWER to CANDIDATE at term 384 for changeToCandidate
2019-10-20 17:40:42,158 [Thread-2321] INFO  impl.RoleInfo (RoleInfo.java:updateAndGet(143)) - 8f18dce1-0a3d-4b65-9c78-af3d58b2da7f: start LeaderElection
2019-10-20 17:40:42,186 [8f18dce1-0a3d-4b65-9c78-af3d58b2da7f@group-091950D56227-LeaderElection322] INFO  impl.LeaderElection (LeaderElection.java:askForVotes(178)) - 8f18dce1-0a3d-4b65-9c78-af3d58b2da7f@group-091950D56227-LeaderElection322: begin an election at term 385 for -1: [8a63e1ae-032e-4bed-9f20-125a11f65413:0.0.0.0:38685, 8f18dce1-0a3d-4b65-9c78-af3d58b2da7f:0.0.0.0:42489, 7b1e61a0-7daf-43dd-99d5-9b325c1d31ae:0.0.0.0:38412], old=null
2019-10-20 17:40:42,188 [grpc-default-executor-2] INFO  impl.RaftServerImpl (RaftServerImpl.java:setRole(184)) - 8a63e1ae-032e-4bed-9f20-125a11f65413@group-091950D56227: changes role from  FOLLOWER to FOLLOWER at term 385 for recognizeCandidate:8f18dce1-0a3d-4b65-9c78-af3d58b2da7f
2019-10-20 17:40:42,188 [grpc-default-executor-2] INFO  impl.RoleInfo (RoleInfo.java:shutdownFollowerState(121)) - 8a63e1ae-032e-4bed-9f20-125a11f65413: shutdown FollowerState
2019-10-20 17:40:42,188 [grpc-default-executor-2] INFO  impl.RoleInfo (RoleInfo.java:updateAndGet(143)) - 8a63e1ae-032e-4bed-9f20-125a11f65413: start FollowerState
2019-10-20 17:40:42,188 [Thread-2320] INFO  impl.FollowerState (FollowerState.java:run(117)) - 8a63e1ae-032e-4bed-9f20-125a11f65413@group-091950D56227-FollowerState was interrupted: java.lang.InterruptedException: sleep interrupted
2019-10-20 17:40:42,188 [grpc-default-executor-1] INFO  impl.RaftServerImpl (RaftServerImpl.java:setRole(184)) - 7b1e61a0-7daf-43dd-99d5-9b325c1d31ae@group-091950D56227: changes role from  FOLLOWER to FOLLOWER at term 385 for recognizeCandidate:8f18dce1-0a3d-4b65-9c78-af3d58b2da7f
2019-10-20 17:40:42,188 [grpc-default-executor-1] INFO  impl.RoleInfo (RoleInfo.java:shutdownFollowerState(121)) - 7b1e61a0-7daf-43dd-99d5-9b325c1d31ae: shutdown FollowerState
2019-10-20 17:40:42,188 [grpc-default-executor-1] INFO  impl.RoleInfo (RoleInfo.java:updateAndGet(143)) - 7b1e61a0-7daf-43dd-99d5-9b325c1d31ae: start FollowerState
2019-10-20 17:40:42,188 [Thread-2319] INFO  impl.FollowerState (FollowerState.java:run(117)) - 7b1e61a0-7daf-43dd-99d5-9b325c1d31ae@group-091950D56227-FollowerState was interrupted: java.lang.InterruptedException: sleep interrupted
2019-10-20 17:40:42,213 [8f18dce1-0a3d-4b65-9c78-af3d58b2da7f@group-091950D56227-LeaderElection322] INFO  impl.LeaderElection (LeaderElection.java:logAndReturn(56)) - 8f18dce1-0a3d-4b65-9c78-af3d58b2da7f@group-091950D56227-LeaderElection322: Election REJECTED; received 2 response(s) [8f18dce1-0a3d-4b65-9c78-af3d58b2da7f<-8a63e1ae-032e-4bed-9f20-125a11f65413#0:FAIL-t385, 8f18dce1-0a3d-4b65-9c78-af3d58b2da7f<-7b1e61a0-7daf-43dd-99d5-9b325c1d31ae#0:FAIL-t385] and 0 exception(s); 8f18dce1-0a3d-4b65-9c78-af3d58b2da7f@group-091950D56227:t385, leader=null, voted=8f18dce1-0a3d-4b65-9c78-af3d58b2da7f, raftlog=8f18dce1-0a3d-4b65-9c78-af3d58b2da7f@group-091950D56227-SegmentedRaftLog:OPENED:c-1,f-1,i0, conf=-1: [8a63e1ae-032e-4bed-9f20-125a11f65413:0.0.0.0:38685, 8f18dce1-0a3d-4b65-9c78-af3d58b2da7f:0.0.0.0:42489, 7b1e61a0-7daf-43dd-99d5-9b325c1d31ae:0.0.0.0:38412], old=null
2019-10-20 17:40:42,213 [8f18dce1-0a3d-4b65-9c78-af3d58b2da7f@group-091950D56227-LeaderElection322] INFO  impl.RaftServerImpl (RaftServerImpl.java:setRole(184)) - 8f18dce1-0a3d-4b65-9c78-af3d58b2da7f@group-091950D56227: changes role from CANDIDATE to FOLLOWER at term 385 for DISCOVERED_A_NEW_TERM
2019-10-20 17:40:42,213 [8f18dce1-0a3d-4b65-9c78-af3d58b2da7f@group-091950D56227-LeaderElection322] INFO  impl.RoleInfo (RoleInfo.java:shutdownLeaderElection(134)) - 8f18dce1-0a3d-4b65-9c78-af3d58b2da7f: shutdown LeaderElection
2019-10-20 17:40:42,213 [8f18dce1-0a3d-4b65-9c78-af3d58b2da7f@group-091950D56227-LeaderElection322] INFO  impl.RoleInfo (RoleInfo.java:updateAndGet(143)) - 8f18dce1-0a3d-4b65-9c78-af3d58b2da7f: start FollowerState
2019-10-20 17:40:42,214 [Thread-2327] INFO  impl.FollowerState (FollowerState.java:run(108)) - 8f18dce1-0a3d-4b65-9c78-af3d58b2da7f@group-091950D56227-FollowerState: change to CANDIDATE, lastRpcTime:1ms, electionTimeout:1ms
2019-10-20 17:40:42,215 [Thread-2327] INFO  impl.RoleInfo (RoleInfo.java:shutdownFollowerState(121)) - 8f18dce1-0a3d-4b65-9c78-af3d58b2da7f: shutdown FollowerState
2019-10-20 17:40:42,215 [Thread-2327] INFO  impl.RaftServerImpl (RaftServerImpl.java:setRole(184)) - 8f18dce1-0a3d-4b65-9c78-af3d58b2da7f@group-091950D56227: changes role from  FOLLOWER to CANDIDATE at term 385 for changeToCandidate
2019-10-20 17:40:42,215 [Thread-2327] INFO  impl.RoleInfo (RoleInfo.java:updateAndGet(143)) - 8f18dce1-0a3d-4b65-9c78-af3d58b2da7f: start LeaderElection
2019-10-20 17:40:42,237 [8f18dce1-0a3d-4b65-9c78-af3d58b2da7f@group-091950D56227-LeaderElection323] INFO  impl.LeaderElection (LeaderElection.java:askForVotes(178)) - 8f18dce1-0a3d-4b65-9c78-af3d58b2da7f@group-091950D56227-LeaderElection323: begin an election at term 386 for -1: [8a63e1ae-032e-4bed-9f20-125a11f65413:0.0.0.0:38685, 8f18dce1-0a3d-4b65-9c78-af3d58b2da7f:0.0.0.0:42489, 7b1e61a0-7daf-43dd-99d5-9b325c1d31ae:0.0.0.0:38412], old=null
2019-10-20 17:40:42,239 [grpc-default-executor-1] INFO  impl.RaftServerImpl (RaftServerImpl.java:setRole(184)) - 8a63e1ae-032e-4bed-9f20-125a11f65413@group-091950D56227: changes role from  FOLLOWER to FOLLOWER at term 386 for recognizeCandidate:8f18dce1-0a3d-4b65-9c78-af3d58b2da7f
2019-10-20 17:40:42,240 [grpc-default-executor-1] INFO  impl.RoleInfo (RoleInfo.java:shutdownFollowerState(121)) - 8a63e1ae-032e-4bed-9f20-125a11f65413: shutdown FollowerState
2019-10-20 17:40:42,240 [grpc-default-executor-2] INFO  impl.RaftServerImpl (RaftServerImpl.java:setRole(184)) - 7b1e61a0-7daf-43dd-99d5-9b325c1d31ae@group-091950D56227: changes role from  FOLLOWER to FOLLOWER at term 386 for recognizeCandidate:8f18dce1-0a3d-4b65-9c78-af3d58b2da7f
2019-10-20 17:40:42,240 [grpc-default-executor-2] INFO  impl.RoleInfo (RoleInfo.java:shutdownFollowerState(121)) - 7b1e61a0-7daf-43dd-99d5-9b325c1d31ae: shutdown FollowerState
2019-10-20 17:40:42,240 [Thread-2325] INFO  impl.FollowerState (FollowerState.java:run(117)) - 8a63e1ae-032e-4bed-9f20-125a11f65413@group-091950D56227-FollowerState was interrupted: java.lang.InterruptedException: sleep interrupted
2019-10-20 17:40:42,240 [grpc-default-executor-1] INFO  impl.RoleInfo (RoleInfo.java:updateAndGet(143)) - 8a63e1ae-032e-4bed-9f20-125a11f65413: start FollowerState
2019-10-20 17:40:42,240 [grpc-default-executor-2] INFO  impl.RoleInfo (RoleInfo.java:updateAndGet(143)) - 7b1e61a0-7daf-43dd-99d5-9b325c1d31ae: start FollowerState
2019-10-20 17:40:42,240 [Thread-2326] INFO  impl.FollowerState (FollowerState.java:run(117)) - 7b1e61a0-7daf-43dd-99d5-9b325c1d31ae@group-091950D56227-FollowerState was interrupted: java.lang.InterruptedException: sleep interrupted
2019-10-20 17:40:42,263 [8f18dce1-0a3d-4b65-9c78-af3d58b2da7f@group-091950D56227-LeaderElection323] INFO  impl.LeaderElection (LeaderElection.java:logAndReturn(56)) - 8f18dce1-0a3d-4b65-9c78-af3d58b2da7f@group-091950D56227-LeaderElection323: Election REJECTED; received 2 response(s) [8f18dce1-0a3d-4b65-9c78-af3d58b2da7f<-8a63e1ae-032e-4bed-9f20-125a11f65413#0:FAIL-t386, 8f18dce1-0a3d-4b65-9c78-af3d58b2da7f<-7b1e61a0-7daf-43dd-99d5-9b325c1d31ae#0:FAIL-t386] and 0 exception(s); 8f18dce1-0a3d-4b65-9c78-af3d58b2da7f@group-091950D56227:t386, leader=null, voted=8f18dce1-0a3d-4b65-9c78-af3d58b2da7f, raftlog=8f18dce1-0a3d-4b65-9c78-af3d58b2da7f@group-091950D56227-SegmentedRaftLog:OPENED:c-1,f-1,i0, conf=-1: [8a63e1ae-032e-4bed-9f20-125a11f65413:0.0.0.0:38685, 8f18dce1-0a3d-4b65-9c78-af3d58b2da7f:0.0.0.0:42489, 7b1e61a0-7daf-43dd-99d5-9b325c1d31ae:0.0.0.0:38412], old=null
2019-10-20 17:40:42,264 [8f18dce1-0a3d-4b65-9c78-af3d58b2da7f@group-091950D56227-LeaderElection323] INFO  impl.RaftServerImpl (RaftServerImpl.java:setRole(184)) - 8f18dce1-0a3d-4b65-9c78-af3d58b2da7f@group-091950D56227: changes role from CANDIDATE to FOLLOWER at term 386 for DISCOVERED_A_NEW_TERM
2019-10-20 17:40:42,264 [8f18dce1-0a3d-4b65-9c78-af3d58b2da7f@group-091950D56227-LeaderElection323] INFO  impl.RoleInfo (RoleInfo.java:shutdownLeaderElection(134)) - 8f18dce1-0a3d-4b65-9c78-af3d58b2da7f: shutdown LeaderElection
2019-10-20 17:40:42,264 [8f18dce1-0a3d-4b65-9c78-af3d58b2da7f@group-091950D56227-LeaderElection323] INFO  impl.RoleInfo (RoleInfo.java:updateAndGet(143)) - 8f18dce1-0a3d-4b65-9c78-af3d58b2da7f: start FollowerState
2019-10-20 17:40:42,344 [Thread-2333] INFO  impl.FollowerState (FollowerState.java:run(108)) - 8f18dce1-0a3d-4b65-9c78-af3d58b2da7f@group-091950D56227-FollowerState: change to CANDIDATE, lastRpcTime:80ms, electionTimeout:80ms
2019-10-20 17:40:42,344 [Thread-2333] INFO  impl.RoleInfo (RoleInfo.java:shutdownFollowerState(121)) - 8f18dce1-0a3d-4b65-9c78-af3d58b2da7f: shutdown FollowerState
2019-10-20 17:40:42,344 [Thread-2333] INFO  impl.RaftServerImpl (RaftServerImpl.java:setRole(184)) - 8f18dce1-0a3d-4b65-9c78-af3d58b2da7f@group-091950D56227: changes role from  FOLLOWER to CANDIDATE at term 386 for changeToCandidate
2019-10-20 17:40:42,344 [Thread-2333] INFO  impl.RoleInfo (RoleInfo.java:updateAndGet(143)) - 8f18dce1-0a3d-4b65-9c78-af3d58b2da7f: start LeaderElection
2019-10-20 17:40:42,372 [8f18dce1-0a3d-4b65-9c78-af3d58b2da7f@group-091950D56227-LeaderElection324] INFO  impl.LeaderElection (LeaderElection.java:askForVotes(178)) - 8f18dce1-0a3d-4b65-9c78-af3d58b2da7f@group-091950D56227-LeaderElection324: begin an election at term 387 for -1: [8a63e1ae-032e-4bed-9f20-125a11f65413:0.0.0.0:38685, 8f18dce1-0a3d-4b65-9c78-af3d58b2da7f:0.0.0.0:42489, 7b1e61a0-7daf-43dd-99d5-9b325c1d31ae:0.0.0.0:38412], old=null
2019-10-20 17:40:42,373 [grpc-default-executor-2] INFO  impl.RaftServerImpl (RaftServerImpl.java:setRole(184)) - 8a63e1ae-032e-4bed-9f20-125a11f65413@group-091950D56227: changes role from  FOLLOWER to FOLLOWER at term 387 for recognizeCandidate:8f18dce1-0a3d-4b65-9c78-af3d58b2da7f
2019-10-20 17:40:42,374 [grpc-default-executor-2] INFO  impl.RoleInfo (RoleInfo.java:shutdownFollowerState(121)) - 8a63e1ae-032e-4bed-9f20-125a11f65413: shutdown FollowerState
2019-10-20 17:40:42,374 [grpc-default-executor-1] INFO  impl.RaftServerImpl (RaftServerImpl.java:setRole(184)) - 7b1e61a0-7daf-43dd-99d5-9b325c1d31ae@group-091950D56227: changes role from  FOLLOWER to FOLLOWER at term 387 for recognizeCandidate:8f18dce1-0a3d-4b65-9c78-af3d58b2da7f
2019-10-20 17:40:42,374 [grpc-default-executor-1] INFO  impl.RoleInfo (RoleInfo.java:shutdownFollowerState(121)) - 7b1e61a0-7daf-43dd-99d5-9b325c1d31ae: shutdown FollowerState
2019-10-20 17:40:42,374 [grpc-default-executor-2] INFO  impl.RoleInfo (RoleInfo.java:updateAndGet(143)) - 8a63e1ae-032e-4bed-9f20-125a11f65413: start FollowerState
2019-10-20 17:40:42,374 [Thread-2331] INFO  impl.FollowerState (FollowerState.java:run(117)) - 8a63e1ae-032e-4bed-9f20-125a11f65413@group-091950D56227-FollowerState was interrupted: java.lang.InterruptedException: sleep interrupted
2019-10-20 17:40:42,374 [Thread-2332] INFO  impl.FollowerState (FollowerState.java:run(117)) - 7b1e61a0-7daf-43dd-99d5-9b325c1d31ae@group-091950D56227-FollowerState was interrupted: java.lang.InterruptedException: sleep interrupted
2019-10-20 17:40:42,374 [grpc-default-executor-1] INFO  impl.RoleInfo (RoleInfo.java:updateAndGet(143)) - 7b1e61a0-7daf-43dd-99d5-9b325c1d31ae: start FollowerState
2019-10-20 17:40:42,398 [8f18dce1-0a3d-4b65-9c78-af3d58b2da7f@group-091950D56227-LeaderElection324] INFO  impl.LeaderElection (LeaderElection.java:logAndReturn(56)) - 8f18dce1-0a3d-4b65-9c78-af3d58b2da7f@group-091950D56227-LeaderElection324: Election REJECTED; received 2 response(s) [8f18dce1-0a3d-4b65-9c78-af3d58b2da7f<-8a63e1ae-032e-4bed-9f20-125a11f65413#0:FAIL-t387, 8f18dce1-0a3d-4b65-9c78-af3d58b2da7f<-7b1e61a0-7daf-43dd-99d5-9b325c1d31ae#0:FAIL-t387] and 0 exception(s); 8f18dce1-0a3d-4b65-9c78-af3d58b2da7f@group-091950D56227:t387, leader=null, voted=8f18dce1-0a3d-4b65-9c78-af3d58b2da7f, raftlog=8f18dce1-0a3d-4b65-9c78-af3d58b2da7f@group-091950D56227-SegmentedRaftLog:OPENED:c-1,f-1,i0, conf=-1: [8a63e1ae-032e-4bed-9f20-125a11f65413:0.0.0.0:38685, 8f18dce1-0a3d-4b65-9c78-af3d58b2da7f:0.0.0.0:42489, 7b1e61a0-7daf-43dd-99d5-9b325c1d31ae:0.0.0.0:38412], old=null
2019-10-20 17:40:42,398 [8f18dce1-0a3d-4b65-9c78-af3d58b2da7f@group-091950D56227-LeaderElection324] INFO  impl.RaftServerImpl (RaftServerImpl.java:setRole(184)) - 8f18dce1-0a3d-4b65-9c78-af3d58b2da7f@group-091950D56227: changes role from CANDIDATE to FOLLOWER at term 387 for DISCOVERED_A_NEW_TERM
2019-10-20 17:40:42,398 [8f18dce1-0a3d-4b65-9c78-af3d58b2da7f@group-091950D56227-LeaderElection324] INFO  impl.RoleInfo (RoleInfo.java:shutdownLeaderElection(134)) - 8f18dce1-0a3d-4b65-9c78-af3d58b2da7f: shutdown LeaderElection
2019-10-20 17:40:42,399 [8f18dce1-0a3d-4b65-9c78-af3d58b2da7f@group-091950D56227-LeaderElection324] INFO  impl.RoleInfo (RoleInfo.java:updateAndGet(143)) - 8f18dce1-0a3d-4b65-9c78-af3d58b2da7f: start FollowerState
2019-10-20 17:40:42,474 [Thread-2341] INFO  impl.FollowerState (FollowerState.java:run(108)) - 8f18dce1-0a3d-4b65-9c78-af3d58b2da7f@group-091950D56227-FollowerState: change to CANDIDATE, lastRpcTime:75ms, electionTimeout:75ms
2019-10-20 17:40:42,474 [Thread-2341] INFO  impl.RoleInfo (RoleInfo.java:shutdownFollowerState(121)) - 8f18dce1-0a3d-4b65-9c78-af3d58b2da7f: shutdown FollowerState
2019-10-20 17:40:42,474 [Thread-2341] INFO  impl.RaftServerImpl (RaftServerImpl.java:setRole(184)) - 8f18dce1-0a3d-4b65-9c78-af3d58b2da7f@group-091950D56227: changes role from  FOLLOWER to CANDIDATE at term 387 for changeToCandidate
2019-10-20 17:40:42,474 [Thread-2341] INFO  impl.RoleInfo (RoleInfo.java:updateAndGet(143)) - 8f18dce1-0a3d-4b65-9c78-af3d58b2da7f: start LeaderElection
2019-10-20 17:40:42,499 [8f18dce1-0a3d-4b65-9c78-af3d58b2da7f@group-091950D56227-LeaderElection325] INFO  impl.LeaderElection (LeaderElection.java:askForVotes(178)) - 8f18dce1-0a3d-4b65-9c78-af3d58b2da7f@group-091950D56227-LeaderElection325: begin an election at term 388 for -1: [8a63e1ae-032e-4bed-9f20-125a11f65413:0.0.0.0:38685, 8f18dce1-0a3d-4b65-9c78-af3d58b2da7f:0.0.0.0:42489, 7b1e61a0-7daf-43dd-99d5-9b325c1d31ae:0.0.0.0:38412], old=null
2019-10-20 17:40:42,501 [grpc-default-executor-1] INFO  impl.RaftServerImpl (RaftServerImpl.java:setRole(184)) - 8a63e1ae-032e-4bed-9f20-125a11f65413@group-091950D56227: changes role from  FOLLOWER to FOLLOWER at term 388 for recognizeCandidate:8f18dce1-0a3d-4b65-9c78-af3d58b2da7f
2019-10-20 17:40:42,501 [grpc-default-executor-1] INFO  impl.RoleInfo (RoleInfo.java:shutdownFollowerState(121)) - 8a63e1ae-032e-4bed-9f20-125a11f65413: shutdown FollowerState
2019-10-20 17:40:42,501 [grpc-default-executor-1] INFO  impl.RoleInfo (RoleInfo.java:updateAndGet(143)) - 8a63e1ae-032e-4bed-9f20-125a11f65413: start FollowerState
2019-10-20 17:40:42,501 [Thread-2339] INFO  impl.FollowerState (FollowerState.java:run(117)) - 8a63e1ae-032e-4bed-9f20-125a11f65413@group-091950D56227-FollowerState was interrupted: java.lang.InterruptedException: sleep interrupted
2019-10-20 17:40:42,501 [grpc-default-executor-2] INFO  impl.RaftServerImpl (RaftServerImpl.java:setRole(184)) - 7b1e61a0-7daf-43dd-99d5-9b325c1d31ae@group-091950D56227: changes role from  FOLLOWER to FOLLOWER at term 388 for recognizeCandidate:8f18dce1-0a3d-4b65-9c78-af3d58b2da7f
2019-10-20 17:40:42,501 [grpc-default-executor-2] INFO  impl.RoleInfo (RoleInfo.java:shutdownFollowerState(121)) - 7b1e61a0-7daf-43dd-99d5-9b325c1d31ae: shutdown FollowerState
2019-10-20 17:40:42,502 [grpc-default-executor-2] INFO  impl.RoleInfo (RoleInfo.java:updateAndGet(143)) - 7b1e61a0-7daf-43dd-99d5-9b325c1d31ae: start FollowerState
2019-10-20 17:40:42,502 [Thread-2340] INFO  impl.FollowerState (FollowerState.java:run(117)) - 7b1e61a0-7daf-43dd-99d5-9b325c1d31ae@group-091950D56227-FollowerState was interrupted: java.lang.InterruptedException: sleep interrupted
2019-10-20 17:40:42,525 [8f18dce1-0a3d-4b65-9c78-af3d58b2da7f@group-091950D56227-LeaderElection325] INFO  impl.LeaderElection (LeaderElection.java:logAndReturn(56)) - 8f18dce1-0a3d-4b65-9c78-af3d58b2da7f@group-091950D56227-LeaderElection325: Election REJECTED; received 2 response(s) [8f18dce1-0a3d-4b65-9c78-af3d58b2da7f<-8a63e1ae-032e-4bed-9f20-125a11f65413#0:FAIL-t388, 8f18dce1-0a3d-4b65-9c78-af3d58b2da7f<-7b1e61a0-7daf-43dd-99d5-9b325c1d31ae#0:FAIL-t388] and 0 exception(s); 8f18dce1-0a3d-4b65-9c78-af3d58b2da7f@group-091950D56227:t388, leader=null, voted=8f18dce1-0a3d-4b65-9c78-af3d58b2da7f, raftlog=8f18dce1-0a3d-4b65-9c78-af3d58b2da7f@group-091950D56227-SegmentedRaftLog:OPENED:c-1,f-1,i0, conf=-1: [8a63e1ae-032e-4bed-9f20-125a11f65413:0.0.0.0:38685, 8f18dce1-0a3d-4b65-9c78-af3d58b2da7f:0.0.0.0:42489, 7b1e61a0-7daf-43dd-99d5-9b325c1d31ae:0.0.0.0:38412], old=null
2019-10-20 17:40:42,526 [8f18dce1-0a3d-4b65-9c78-af3d58b2da7f@group-091950D56227-LeaderElection325] INFO  impl.RaftServerImpl (RaftServerImpl.java:setRole(184)) - 8f18dce1-0a3d-4b65-9c78-af3d58b2da7f@group-091950D56227: changes role from CANDIDATE to FOLLOWER at term 388 for DISCOVERED_A_NEW_TERM
2019-10-20 17:40:42,526 [8f18dce1-0a3d-4b65-9c78-af3d58b2da7f@group-091950D56227-LeaderElection325] INFO  impl.RoleInfo (RoleInfo.java:shutdownLeaderElection(134)) - 8f18dce1-0a3d-4b65-9c78-af3d58b2da7f: shutdown LeaderElection
2019-10-20 17:40:42,526 [8f18dce1-0a3d-4b65-9c78-af3d58b2da7f@group-091950D56227-LeaderElection325] INFO  impl.RoleInfo (RoleInfo.java:updateAndGet(143)) - 8f18dce1-0a3d-4b65-9c78-af3d58b2da7f: start FollowerState
2019-10-20 17:40:42,656 [Thread-2347] INFO  impl.FollowerState (FollowerState.java:run(108)) - 8f18dce1-0a3d-4b65-9c78-af3d58b2da7f@group-091950D56227-FollowerState: change to CANDIDATE, lastRpcTime:130ms, electionTimeout:130ms
2019-10-20 17:40:42,656 [Thread-2347] INFO  impl.RoleInfo (RoleInfo.java:shutdownFollowerState(121)) - 8f18dce1-0a3d-4b65-9c78-af3d58b2da7f: shutdown FollowerState
2019-10-20 17:40:42,656 [Thread-2347] INFO  impl.RaftServerImpl (RaftServerImpl.java:setRole(184)) - 8f18dce1-0a3d-4b65-9c78-af3d58b2da7f@group-091950D56227: changes role from  FOLLOWER to CANDIDATE at term 388 for changeToCandidate
2019-10-20 17:40:42,657 [Thread-2347] INFO  impl.RoleInfo (RoleInfo.java:updateAndGet(143)) - 8f18dce1-0a3d-4b65-9c78-af3d58b2da7f: start LeaderElection
2019-10-20 17:40:42,684 [8f18dce1-0a3d-4b65-9c78-af3d58b2da7f@group-091950D56227-LeaderElection326] INFO  impl.LeaderElection (LeaderElection.java:askForVotes(178)) - 8f18dce1-0a3d-4b65-9c78-af3d58b2da7f@group-091950D56227-LeaderElection326: begin an election at term 389 for -1: [8a63e1ae-032e-4bed-9f20-125a11f65413:0.0.0.0:38685, 8f18dce1-0a3d-4b65-9c78-af3d58b2da7f:0.0.0.0:42489, 7b1e61a0-7daf-43dd-99d5-9b325c1d31ae:0.0.0.0:38412], old=null
2019-10-20 17:40:42,686 [grpc-default-executor-1] INFO  impl.RaftServerImpl (RaftServerImpl.java:setRole(184)) - 8a63e1ae-032e-4bed-9f20-125a11f65413@group-091950D56227: changes role from  FOLLOWER to FOLLOWER at term 389 for recognizeCandidate:8f18dce1-0a3d-4b65-9c78-af3d58b2da7f
2019-10-20 17:40:42,686 [grpc-default-executor-1] INFO  impl.RoleInfo (RoleInfo.java:shutdownFollowerState(121)) - 8a63e1ae-032e-4bed-9f20-125a11f65413: shutdown FollowerState
2019-10-20 17:40:42,686 [grpc-default-executor-2] INFO  impl.RaftServerImpl (RaftServerImpl.java:setRole(184)) - 7b1e61a0-7daf-43dd-99d5-9b325c1d31ae@group-091950D56227: changes role from  FOLLOWER to FOLLOWER at term 389 for recognizeCandidate:8f18dce1-0a3d-4b65-9c78-af3d58b2da7f
2019-10-20 17:40:42,687 [grpc-default-executor-2] INFO  impl.RoleInfo (RoleInfo.java:shutdownFollowerState(121)) - 7b1e61a0-7daf-43dd-99d5-9b325c1d31ae: shutdown FollowerState
2019-10-20 17:40:42,687 [Thread-2345] INFO  impl.FollowerState (FollowerState.java:run(117)) - 8a63e1ae-032e-4bed-9f20-125a11f65413@group-091950D56227-FollowerState was interrupted: java.lang.InterruptedException: sleep interrupted
2019-10-20 17:40:42,687 [grpc-default-executor-1] INFO  impl.RoleInfo (RoleInfo.java:updateAndGet(143)) - 8a63e1ae-032e-4bed-9f20-125a11f65413: start FollowerState
2019-10-20 17:40:42,687 [Thread-2346] INFO  impl.FollowerState (FollowerState.java:run(117)) - 7b1e61a0-7daf-43dd-99d5-9b325c1d31ae@group-091950D56227-FollowerState was interrupted: java.lang.InterruptedException: sleep interrupted
2019-10-20 17:40:42,687 [grpc-default-executor-2] INFO  impl.RoleInfo (RoleInfo.java:updateAndGet(143)) - 7b1e61a0-7daf-43dd-99d5-9b325c1d31ae: start FollowerState
2019-10-20 17:40:42,711 [8f18dce1-0a3d-4b65-9c78-af3d58b2da7f@group-091950D56227-LeaderElection326] INFO  impl.LeaderElection (LeaderElection.java:logAndReturn(56)) - 8f18dce1-0a3d-4b65-9c78-af3d58b2da7f@group-091950D56227-LeaderElection326: Election REJECTED; received 2 response(s) [8f18dce1-0a3d-4b65-9c78-af3d58b2da7f<-8a63e1ae-032e-4bed-9f20-125a11f65413#0:FAIL-t389, 8f18dce1-0a3d-4b65-9c78-af3d58b2da7f<-7b1e61a0-7daf-43dd-99d5-9b325c1d31ae#0:FAIL-t389] and 0 exception(s); 8f18dce1-0a3d-4b65-9c78-af3d58b2da7f@group-091950D56227:t389, leader=null, voted=8f18dce1-0a3d-4b65-9c78-af3d58b2da7f, raftlog=8f18dce1-0a3d-4b65-9c78-af3d58b2da7f@group-091950D56227-SegmentedRaftLog:OPENED:c-1,f-1,i0, conf=-1: [8a63e1ae-032e-4bed-9f20-125a11f65413:0.0.0.0:38685, 8f18dce1-0a3d-4b65-9c78-af3d58b2da7f:0.0.0.0:42489, 7b1e61a0-7daf-43dd-99d5-9b325c1d31ae:0.0.0.0:38412], old=null
2019-10-20 17:40:42,711 [8f18dce1-0a3d-4b65-9c78-af3d58b2da7f@group-091950D56227-LeaderElection326] INFO  impl.RaftServerImpl (RaftServerImpl.java:setRole(184)) - 8f18dce1-0a3d-4b65-9c78-af3d58b2da7f@group-091950D56227: changes role from CANDIDATE to FOLLOWER at term 389 for DISCOVERED_A_NEW_TERM
2019-10-20 17:40:42,711 [8f18dce1-0a3d-4b65-9c78-af3d58b2da7f@group-091950D56227-LeaderElection326] INFO  impl.RoleInfo (RoleInfo.java:shutdownLeaderElection(134)) - 8f18dce1-0a3d-4b65-9c78-af3d58b2da7f: shutdown LeaderElection
2019-10-20 17:40:42,711 [8f18dce1-0a3d-4b65-9c78-af3d58b2da7f@group-091950D56227-LeaderElection326] INFO  impl.RoleInfo (RoleInfo.java:updateAndGet(143)) - 8f18dce1-0a3d-4b65-9c78-af3d58b2da7f: start FollowerState
2019-10-20 17:40:42,774 [Thread-2353] INFO  impl.FollowerState (FollowerState.java:run(108)) - 8f18dce1-0a3d-4b65-9c78-af3d58b2da7f@group-091950D56227-FollowerState: change to CANDIDATE, lastRpcTime:62ms, electionTimeout:62ms
2019-10-20 17:40:42,774 [Thread-2353] INFO  impl.RoleInfo (RoleInfo.java:shutdownFollowerState(121)) - 8f18dce1-0a3d-4b65-9c78-af3d58b2da7f: shutdown FollowerState
2019-10-20 17:40:42,774 [Thread-2353] INFO  impl.RaftServerImpl (RaftServerImpl.java:setRole(184)) - 8f18dce1-0a3d-4b65-9c78-af3d58b2da7f@group-091950D56227: changes role from  FOLLOWER to CANDIDATE at term 389 for changeToCandidate
2019-10-20 17:40:42,774 [Thread-2353] INFO  impl.RoleInfo (RoleInfo.java:updateAndGet(143)) - 8f18dce1-0a3d-4b65-9c78-af3d58b2da7f: start LeaderElection
2019-10-20 17:40:42,804 [8f18dce1-0a3d-4b65-9c78-af3d58b2da7f@group-091950D56227-LeaderElection327] INFO  impl.LeaderElection (LeaderElection.java:askForVotes(178)) - 8f18dce1-0a3d-4b65-9c78-af3d58b2da7f@group-091950D56227-LeaderElection327: begin an election at term 390 for -1: [8a63e1ae-032e-4bed-9f20-125a11f65413:0.0.0.0:38685, 8f18dce1-0a3d-4b65-9c78-af3d58b2da7f:0.0.0.0:42489, 7b1e61a0-7daf-43dd-99d5-9b325c1d31ae:0.0.0.0:38412], old=null
2019-10-20 17:40:42,805 [grpc-default-executor-1] INFO  impl.RaftServerImpl (RaftServerImpl.java:setRole(184)) - 8a63e1ae-032e-4bed-9f20-125a11f65413@group-091950D56227: changes role from  FOLLOWER to FOLLOWER at term 390 for recognizeCandidate:8f18dce1-0a3d-4b65-9c78-af3d58b2da7f
2019-10-20 17:40:42,806 [grpc-default-executor-1] INFO  impl.RoleInfo (RoleInfo.java:shutdownFollowerState(121)) - 8a63e1ae-032e-4bed-9f20-125a11f65413: shutdown FollowerState
2019-10-20 17:40:42,806 [grpc-default-executor-2] INFO  impl.RaftServerImpl (RaftServerImpl.java:setRole(184)) - 7b1e61a0-7daf-43dd-99d5-9b325c1d31ae@group-091950D56227: changes role from  FOLLOWER to FOLLOWER at term 390 for recognizeCandidate:8f18dce1-0a3d-4b65-9c78-af3d58b2da7f
2019-10-20 17:40:42,806 [grpc-default-executor-2] INFO  impl.RoleInfo (RoleInfo.java:shutdownFollowerState(121)) - 7b1e61a0-7daf-43dd-99d5-9b325c1d31ae: shutdown FollowerState
2019-10-20 17:40:42,806 [Thread-2351] INFO  impl.FollowerState (FollowerState.java:run(117)) - 8a63e1ae-032e-4bed-9f20-125a11f65413@group-091950D56227-FollowerState was interrupted: java.lang.InterruptedException: sleep interrupted
2019-10-20 17:40:42,806 [grpc-default-executor-1] INFO  impl.RoleInfo (RoleInfo.java:updateAndGet(143)) - 8a63e1ae-032e-4bed-9f20-125a11f65413: start FollowerState
2019-10-20 17:40:42,806 [Thread-2352] INFO  impl.FollowerState (FollowerState.java:run(117)) - 7b1e61a0-7daf-43dd-99d5-9b325c1d31ae@group-091950D56227-FollowerState was interrupted: java.lang.InterruptedException: sleep interrupted
2019-10-20 17:40:42,806 [grpc-default-executor-2] INFO  impl.RoleInfo (RoleInfo.java:updateAndGet(143)) - 7b1e61a0-7daf-43dd-99d5-9b325c1d31ae: start FollowerState
2019-10-20 17:40:42,830 [8f18dce1-0a3d-4b65-9c78-af3d58b2da7f@group-091950D56227-LeaderElection327] INFO  impl.LeaderElection (LeaderElection.java:logAndReturn(56)) - 8f18dce1-0a3d-4b65-9c78-af3d58b2da7f@group-091950D56227-LeaderElection327: Election REJECTED; received 2 response(s) [8f18dce1-0a3d-4b65-9c78-af3d58b2da7f<-8a63e1ae-032e-4bed-9f20-125a11f65413#0:FAIL-t390, 8f18dce1-0a3d-4b65-9c78-af3d58b2da7f<-7b1e61a0-7daf-43dd-99d5-9b325c1d31ae#0:FAIL-t390] and 0 exception(s); 8f18dce1-0a3d-4b65-9c78-af3d58b2da7f@group-091950D56227:t390, leader=null, voted=8f18dce1-0a3d-4b65-9c78-af3d58b2da7f, raftlog=8f18dce1-0a3d-4b65-9c78-af3d58b2da7f@group-091950D56227-SegmentedRaftLog:OPENED:c-1,f-1,i0, conf=-1: [8a63e1ae-032e-4bed-9f20-125a11f65413:0.0.0.0:38685, 8f18dce1-0a3d-4b65-9c78-af3d58b2da7f:0.0.0.0:42489, 7b1e61a0-7daf-43dd-99d5-9b325c1d31ae:0.0.0.0:38412], old=null
2019-10-20 17:40:42,830 [8f18dce1-0a3d-4b65-9c78-af3d58b2da7f@group-091950D56227-LeaderElection327] INFO  impl.RaftServerImpl (RaftServerImpl.java:setRole(184)) - 8f18dce1-0a3d-4b65-9c78-af3d58b2da7f@group-091950D56227: changes role from CANDIDATE to FOLLOWER at term 390 for DISCOVERED_A_NEW_TERM
2019-10-20 17:40:42,830 [8f18dce1-0a3d-4b65-9c78-af3d58b2da7f@group-091950D56227-LeaderElection327] INFO  impl.RoleInfo (RoleInfo.java:shutdownLeaderElection(134)) - 8f18dce1-0a3d-4b65-9c78-af3d58b2da7f: shutdown LeaderElection
2019-10-20 17:40:42,830 [8f18dce1-0a3d-4b65-9c78-af3d58b2da7f@group-091950D56227-LeaderElection327] INFO  impl.RoleInfo (RoleInfo.java:updateAndGet(143)) - 8f18dce1-0a3d-4b65-9c78-af3d58b2da7f: start FollowerState
2019-10-20 17:40:42,871 [Thread-2359] INFO  impl.FollowerState (FollowerState.java:run(108)) - 8f18dce1-0a3d-4b65-9c78-af3d58b2da7f@group-091950D56227-FollowerState: change to CANDIDATE, lastRpcTime:40ms, electionTimeout:40ms
2019-10-20 17:40:42,871 [Thread-2359] INFO  impl.RoleInfo (RoleInfo.java:shutdownFollowerState(121)) - 8f18dce1-0a3d-4b65-9c78-af3d58b2da7f: shutdown FollowerState
2019-10-20 17:40:42,871 [Thread-2359] INFO  impl.RaftServerImpl (RaftServerImpl.java:setRole(184)) - 8f18dce1-0a3d-4b65-9c78-af3d58b2da7f@group-091950D56227: changes role from  FOLLOWER to CANDIDATE at term 390 for changeToCandidate
2019-10-20 17:40:42,871 [Thread-2359] INFO  impl.RoleInfo (RoleInfo.java:updateAndGet(143)) - 8f18dce1-0a3d-4b65-9c78-af3d58b2da7f: start LeaderElection
2019-10-20 17:40:42,897 [8f18dce1-0a3d-4b65-9c78-af3d58b2da7f@group-091950D56227-LeaderElection328] INFO  impl.LeaderElection (LeaderElection.java:askForVotes(178)) - 8f18dce1-0a3d-4b65-9c78-af3d58b2da7f@group-091950D56227-LeaderElection328: begin an election at term 391 for -1: [8a63e1ae-032e-4bed-9f20-125a11f65413:0.0.0.0:38685, 8f18dce1-0a3d-4b65-9c78-af3d58b2da7f:0.0.0.0:42489, 7b1e61a0-7daf-43dd-99d5-9b325c1d31ae:0.0.0.0:38412], old=null
2019-10-20 17:40:42,898 [grpc-default-executor-1] INFO  impl.RaftServerImpl (RaftServerImpl.java:setRole(184)) - 8a63e1ae-032e-4bed-9f20-125a11f65413@group-091950D56227: changes role from  FOLLOWER to FOLLOWER at term 391 for recognizeCandidate:8f18dce1-0a3d-4b65-9c78-af3d58b2da7f
2019-10-20 17:40:42,898 [grpc-default-executor-1] INFO  impl.RoleInfo (RoleInfo.java:shutdownFollowerState(121)) - 8a63e1ae-032e-4bed-9f20-125a11f65413: shutdown FollowerState
2019-10-20 17:40:42,898 [grpc-default-executor-1] INFO  impl.RoleInfo (RoleInfo.java:updateAndGet(143)) - 8a63e1ae-032e-4bed-9f20-125a11f65413: start FollowerState
2019-10-20 17:40:42,898 [Thread-2357] INFO  impl.FollowerState (FollowerState.java:run(117)) - 8a63e1ae-032e-4bed-9f20-125a11f65413@group-091950D56227-FollowerState was interrupted: java.lang.InterruptedException: sleep interrupted
2019-10-20 17:40:42,899 [grpc-default-executor-2] INFO  impl.RaftServerImpl (RaftServerImpl.java:setRole(184)) - 7b1e61a0-7daf-43dd-99d5-9b325c1d31ae@group-091950D56227: changes role from  FOLLOWER to FOLLOWER at term 391 for recognizeCandidate:8f18dce1-0a3d-4b65-9c78-af3d58b2da7f
2019-10-20 17:40:42,899 [grpc-default-executor-2] INFO  impl.RoleInfo (RoleInfo.java:shutdownFollowerState(121)) - 7b1e61a0-7daf-43dd-99d5-9b325c1d31ae: shutdown FollowerState
2019-10-20 17:40:42,899 [grpc-default-executor-2] INFO  impl.RoleInfo (RoleInfo.java:updateAndGet(143)) - 7b1e61a0-7daf-43dd-99d5-9b325c1d31ae: start FollowerState
2019-10-20 17:40:42,899 [Thread-2358] INFO  impl.FollowerState (FollowerState.java:run(117)) - 7b1e61a0-7daf-43dd-99d5-9b325c1d31ae@group-091950D56227-FollowerState was interrupted: java.lang.InterruptedException: sleep interrupted
2019-10-20 17:40:42,923 [8f18dce1-0a3d-4b65-9c78-af3d58b2da7f@group-091950D56227-LeaderElection328] INFO  impl.LeaderElection (LeaderElection.java:logAndReturn(56)) - 8f18dce1-0a3d-4b65-9c78-af3d58b2da7f@group-091950D56227-LeaderElection328: Election REJECTED; received 2 response(s) [8f18dce1-0a3d-4b65-9c78-af3d58b2da7f<-8a63e1ae-032e-4bed-9f20-125a11f65413#0:FAIL-t391, 8f18dce1-0a3d-4b65-9c78-af3d58b2da7f<-7b1e61a0-7daf-43dd-99d5-9b325c1d31ae#0:FAIL-t391] and 0 exception(s); 8f18dce1-0a3d-4b65-9c78-af3d58b2da7f@group-091950D56227:t391, leader=null, voted=8f18dce1-0a3d-4b65-9c78-af3d58b2da7f, raftlog=8f18dce1-0a3d-4b65-9c78-af3d58b2da7f@group-091950D56227-SegmentedRaftLog:OPENED:c-1,f-1,i0, conf=-1: [8a63e1ae-032e-4bed-9f20-125a11f65413:0.0.0.0:38685, 8f18dce1-0a3d-4b65-9c78-af3d58b2da7f:0.0.0.0:42489, 7b1e61a0-7daf-43dd-99d5-9b325c1d31ae:0.0.0.0:38412], old=null
2019-10-20 17:40:42,923 [8f18dce1-0a3d-4b65-9c78-af3d58b2da7f@group-091950D56227-LeaderElection328] INFO  impl.RaftServerImpl (RaftServerImpl.java:setRole(184)) - 8f18dce1-0a3d-4b65-9c78-af3d58b2da7f@group-091950D56227: changes role from CANDIDATE to FOLLOWER at term 391 for DISCOVERED_A_NEW_TERM
2019-10-20 17:40:42,923 [8f18dce1-0a3d-4b65-9c78-af3d58b2da7f@group-091950D56227-LeaderElection328] INFO  impl.RoleInfo (RoleInfo.java:shutdownLeaderElection(134)) - 8f18dce1-0a3d-4b65-9c78-af3d58b2da7f: shutdown LeaderElection
2019-10-20 17:40:42,923 [8f18dce1-0a3d-4b65-9c78-af3d58b2da7f@group-091950D56227-LeaderElection328] INFO  impl.RoleInfo (RoleInfo.java:updateAndGet(143)) - 8f18dce1-0a3d-4b65-9c78-af3d58b2da7f: start FollowerState
2019-10-20 17:40:43,022 [Thread-2365] INFO  impl.FollowerState (FollowerState.java:run(108)) - 8f18dce1-0a3d-4b65-9c78-af3d58b2da7f@group-091950D56227-FollowerState: change to CANDIDATE, lastRpcTime:98ms, electionTimeout:98ms
2019-10-20 17:40:43,022 [Thread-2365] INFO  impl.RoleInfo (RoleInfo.java:shutdownFollowerState(121)) - 8f18dce1-0a3d-4b65-9c78-af3d58b2da7f: shutdown FollowerState
2019-10-20 17:40:43,022 [Thread-2365] INFO  impl.RaftServerImpl (RaftServerImpl.java:setRole(184)) - 8f18dce1-0a3d-4b65-9c78-af3d58b2da7f@group-091950D56227: changes role from  FOLLOWER to CANDIDATE at term 391 for changeToCandidate
2019-10-20 17:40:43,022 [Thread-2365] INFO  impl.RoleInfo (RoleInfo.java:updateAndGet(143)) - 8f18dce1-0a3d-4b65-9c78-af3d58b2da7f: start LeaderElection
2019-10-20 17:40:43,058 [8f18dce1-0a3d-4b65-9c78-af3d58b2da7f@group-091950D56227-LeaderElection329] INFO  impl.LeaderElection (LeaderElection.java:askForVotes(178)) - 8f18dce1-0a3d-4b65-9c78-af3d58b2da7f@group-091950D56227-LeaderElection329: begin an election at term 392 for -1: [8a63e1ae-032e-4bed-9f20-125a11f65413:0.0.0.0:38685, 8f18dce1-0a3d-4b65-9c78-af3d58b2da7f:0.0.0.0:42489, 7b1e61a0-7daf-43dd-99d5-9b325c1d31ae:0.0.0.0:38412], old=null
2019-10-20 17:40:43,059 [grpc-default-executor-1] INFO  impl.RaftServerImpl (RaftServerImpl.java:setRole(184)) - 7b1e61a0-7daf-43dd-99d5-9b325c1d31ae@group-091950D56227: changes role from  FOLLOWER to FOLLOWER at term 392 for recognizeCandidate:8f18dce1-0a3d-4b65-9c78-af3d58b2da7f
2019-10-20 17:40:43,059 [grpc-default-executor-1] INFO  impl.RoleInfo (RoleInfo.java:shutdownFollowerState(121)) - 7b1e61a0-7daf-43dd-99d5-9b325c1d31ae: shutdown FollowerState
2019-10-20 17:40:43,060 [grpc-default-executor-1] INFO  impl.RoleInfo (RoleInfo.java:updateAndGet(143)) - 7b1e61a0-7daf-43dd-99d5-9b325c1d31ae: start FollowerState
2019-10-20 17:40:43,060 [Thread-2364] INFO  impl.FollowerState (FollowerState.java:run(117)) - 7b1e61a0-7daf-43dd-99d5-9b325c1d31ae@group-091950D56227-FollowerState was interrupted: java.lang.InterruptedException: sleep interrupted
2019-10-20 17:40:43,060 [grpc-default-executor-2] INFO  impl.RaftServerImpl (RaftServerImpl.java:setRole(184)) - 8a63e1ae-032e-4bed-9f20-125a11f65413@group-091950D56227: changes role from  FOLLOWER to FOLLOWER at term 392 for recognizeCandidate:8f18dce1-0a3d-4b65-9c78-af3d58b2da7f
2019-10-20 17:40:43,060 [grpc-default-executor-2] INFO  impl.RoleInfo (RoleInfo.java:shutdownFollowerState(121)) - 8a63e1ae-032e-4bed-9f20-125a11f65413: shutdown FollowerState
2019-10-20 17:40:43,060 [grpc-default-executor-2] INFO  impl.RoleInfo (RoleInfo.java:updateAndGet(143)) - 8a63e1ae-032e-4bed-9f20-125a11f65413: start FollowerState
2019-10-20 17:40:43,060 [Thread-2363] INFO  impl.FollowerState (FollowerState.java:run(117)) - 8a63e1ae-032e-4bed-9f20-125a11f65413@group-091950D56227-FollowerState was interrupted: java.lang.InterruptedException: sleep interrupted
2019-10-20 17:40:43,084 [8f18dce1-0a3d-4b65-9c78-af3d58b2da7f@group-091950D56227-LeaderElection329] INFO  impl.LeaderElection (LeaderElection.java:logAndReturn(56)) - 8f18dce1-0a3d-4b65-9c78-af3d58b2da7f@group-091950D56227-LeaderElection329: Election REJECTED; received 2 response(s) [8f18dce1-0a3d-4b65-9c78-af3d58b2da7f<-8a63e1ae-032e-4bed-9f20-125a11f65413#0:FAIL-t392, 8f18dce1-0a3d-4b65-9c78-af3d58b2da7f<-7b1e61a0-7daf-43dd-99d5-9b325c1d31ae#0:FAIL-t392] and 0 exception(s); 8f18dce1-0a3d-4b65-9c78-af3d58b2da7f@group-091950D56227:t392, leader=null, voted=8f18dce1-0a3d-4b65-9c78-af3d58b2da7f, raftlog=8f18dce1-0a3d-4b65-9c78-af3d58b2da7f@group-091950D56227-SegmentedRaftLog:OPENED:c-1,f-1,i0, conf=-1: [8a63e1ae-032e-4bed-9f20-125a11f65413:0.0.0.0:38685, 8f18dce1-0a3d-4b65-9c78-af3d58b2da7f:0.0.0.0:42489, 7b1e61a0-7daf-43dd-99d5-9b325c1d31ae:0.0.0.0:38412], old=null
2019-10-20 17:40:43,084 [8f18dce1-0a3d-4b65-9c78-af3d58b2da7f@group-091950D56227-LeaderElection329] INFO  impl.RaftServerImpl (RaftServerImpl.java:setRole(184)) - 8f18dce1-0a3d-4b65-9c78-af3d58b2da7f@group-091950D56227: changes role from CANDIDATE to FOLLOWER at term 392 for DISCOVERED_A_NEW_TERM
2019-10-20 17:40:43,084 [8f18dce1-0a3d-4b65-9c78-af3d58b2da7f@group-091950D56227-LeaderElection329] INFO  impl.RoleInfo (RoleInfo.java:shutdownLeaderElection(134)) - 8f18dce1-0a3d-4b65-9c78-af3d58b2da7f: shutdown LeaderElection
2019-10-20 17:40:43,084 [8f18dce1-0a3d-4b65-9c78-af3d58b2da7f@group-091950D56227-LeaderElection329] INFO  impl.RoleInfo (RoleInfo.java:updateAndGet(143)) - 8f18dce1-0a3d-4b65-9c78-af3d58b2da7f: start FollowerState
2019-10-20 17:40:43,232 [Thread-2371] INFO  impl.FollowerState (FollowerState.java:run(108)) - 8f18dce1-0a3d-4b65-9c78-af3d58b2da7f@group-091950D56227-FollowerState: change to CANDIDATE, lastRpcTime:147ms, electionTimeout:147ms
2019-10-20 17:40:43,232 [Thread-2371] INFO  impl.RoleInfo (RoleInfo.java:shutdownFollowerState(121)) - 8f18dce1-0a3d-4b65-9c78-af3d58b2da7f: shutdown FollowerState
2019-10-20 17:40:43,232 [Thread-2371] INFO  impl.RaftServerImpl (RaftServerImpl.java:setRole(184)) - 8f18dce1-0a3d-4b65-9c78-af3d58b2da7f@group-091950D56227: changes role from  FOLLOWER to CANDIDATE at term 392 for changeToCandidate
2019-10-20 17:40:43,232 [Thread-2371] INFO  impl.RoleInfo (RoleInfo.java:updateAndGet(143)) - 8f18dce1-0a3d-4b65-9c78-af3d58b2da7f: start LeaderElection
2019-10-20 17:40:43,259 [8f18dce1-0a3d-4b65-9c78-af3d58b2da7f@group-091950D56227-LeaderElection330] INFO  impl.LeaderElection (LeaderElection.java:askForVotes(178)) - 8f18dce1-0a3d-4b65-9c78-af3d58b2da7f@group-091950D56227-LeaderElection330: begin an election at term 393 for -1: [8a63e1ae-032e-4bed-9f20-125a11f65413:0.0.0.0:38685, 8f18dce1-0a3d-4b65-9c78-af3d58b2da7f:0.0.0.0:42489, 7b1e61a0-7daf-43dd-99d5-9b325c1d31ae:0.0.0.0:38412], old=null
2019-10-20 17:40:43,261 [grpc-default-executor-1] INFO  impl.RaftServerImpl (RaftServerImpl.java:setRole(184)) - 8a63e1ae-032e-4bed-9f20-125a11f65413@group-091950D56227: changes role from  FOLLOWER to FOLLOWER at term 393 for recognizeCandidate:8f18dce1-0a3d-4b65-9c78-af3d58b2da7f
2019-10-20 17:40:43,261 [grpc-default-executor-1] INFO  impl.RoleInfo (RoleInfo.java:shutdownFollowerState(121)) - 8a63e1ae-032e-4bed-9f20-125a11f65413: shutdown FollowerState
2019-10-20 17:40:43,261 [grpc-default-executor-1] INFO  impl.RoleInfo (RoleInfo.java:updateAndGet(143)) - 8a63e1ae-032e-4bed-9f20-125a11f65413: start FollowerState
2019-10-20 17:40:43,261 [grpc-default-executor-2] INFO  impl.RaftServerImpl (RaftServerImpl.java:setRole(184)) - 7b1e61a0-7daf-43dd-99d5-9b325c1d31ae@group-091950D56227: changes role from  FOLLOWER to FOLLOWER at term 393 for recognizeCandidate:8f18dce1-0a3d-4b65-9c78-af3d58b2da7f
2019-10-20 17:40:43,261 [grpc-default-executor-2] INFO  impl.RoleInfo (RoleInfo.java:shutdownFollowerState(121)) - 7b1e61a0-7daf-43dd-99d5-9b325c1d31ae: shutdown FollowerState
2019-10-20 17:40:43,261 [Thread-2370] INFO  impl.FollowerState (FollowerState.java:run(117)) - 8a63e1ae-032e-4bed-9f20-125a11f65413@group-091950D56227-FollowerState was interrupted: java.lang.InterruptedException: sleep interrupted
2019-10-20 17:40:43,262 [Thread-2369] INFO  impl.FollowerState (FollowerState.java:run(117)) - 7b1e61a0-7daf-43dd-99d5-9b325c1d31ae@group-091950D56227-FollowerState was interrupted: java.lang.InterruptedException: sleep interrupted
2019-10-20 17:40:43,261 [grpc-default-executor-2] INFO  impl.RoleInfo (RoleInfo.java:updateAndGet(143)) - 7b1e61a0-7daf-43dd-99d5-9b325c1d31ae: start FollowerState
2019-10-20 17:40:43,285 [8f18dce1-0a3d-4b65-9c78-af3d58b2da7f@group-091950D56227-LeaderElection330] INFO  impl.LeaderElection (LeaderElection.java:logAndReturn(56)) - 8f18dce1-0a3d-4b65-9c78-af3d58b2da7f@group-091950D56227-LeaderElection330: Election REJECTED; received 2 response(s) [8f18dce1-0a3d-4b65-9c78-af3d58b2da7f<-8a63e1ae-032e-4bed-9f20-125a11f65413#0:FAIL-t393, 8f18dce1-0a3d-4b65-9c78-af3d58b2da7f<-7b1e61a0-7daf-43dd-99d5-9b325c1d31ae#0:FAIL-t393] and 0 exception(s); 8f18dce1-0a3d-4b65-9c78-af3d58b2da7f@group-091950D56227:t393, leader=null, voted=8f18dce1-0a3d-4b65-9c78-af3d58b2da7f, raftlog=8f18dce1-0a3d-4b65-9c78-af3d58b2da7f@group-091950D56227-SegmentedRaftLog:OPENED:c-1,f-1,i0, conf=-1: [8a63e1ae-032e-4bed-9f20-125a11f65413:0.0.0.0:38685, 8f18dce1-0a3d-4b65-9c78-af3d58b2da7f:0.0.0.0:42489, 7b1e61a0-7daf-43dd-99d5-9b325c1d31ae:0.0.0.0:38412], old=null
2019-10-20 17:40:43,285 [8f18dce1-0a3d-4b65-9c78-af3d58b2da7f@group-091950D56227-LeaderElection330] INFO  impl.RaftServerImpl (RaftServerImpl.java:setRole(184)) - 8f18dce1-0a3d-4b65-9c78-af3d58b2da7f@group-091950D56227: changes role from CANDIDATE to FOLLOWER at term 393 for DISCOVERED_A_NEW_TERM
2019-10-20 17:40:43,285 [8f18dce1-0a3d-4b65-9c78-af3d58b2da7f@group-091950D56227-LeaderElection330] INFO  impl.RoleInfo (RoleInfo.java:shutdownLeaderElection(134)) - 8f18dce1-0a3d-4b65-9c78-af3d58b2da7f: shutdown LeaderElection
2019-10-20 17:40:43,285 [8f18dce1-0a3d-4b65-9c78-af3d58b2da7f@group-091950D56227-LeaderElection330] INFO  impl.RoleInfo (RoleInfo.java:updateAndGet(143)) - 8f18dce1-0a3d-4b65-9c78-af3d58b2da7f: start FollowerState
2019-10-20 17:40:43,421 [Thread-2377] INFO  impl.FollowerState (FollowerState.java:run(108)) - 8f18dce1-0a3d-4b65-9c78-af3d58b2da7f@group-091950D56227-FollowerState: change to CANDIDATE, lastRpcTime:135ms, electionTimeout:135ms
2019-10-20 17:40:43,421 [Thread-2377] INFO  impl.RoleInfo (RoleInfo.java:shutdownFollowerState(121)) - 8f18dce1-0a3d-4b65-9c78-af3d58b2da7f: shutdown FollowerState
2019-10-20 17:40:43,421 [Thread-2377] INFO  impl.RaftServerImpl (RaftServerImpl.java:setRole(184)) - 8f18dce1-0a3d-4b65-9c78-af3d58b2da7f@group-091950D56227: changes role from  FOLLOWER to CANDIDATE at term 393 for changeToCandidate
2019-10-20 17:40:43,421 [Thread-2377] INFO  impl.RoleInfo (RoleInfo.java:updateAndGet(143)) - 8f18dce1-0a3d-4b65-9c78-af3d58b2da7f: start LeaderElection
2019-10-20 17:40:43,452 [8f18dce1-0a3d-4b65-9c78-af3d58b2da7f@group-091950D56227-LeaderElection331] INFO  impl.LeaderElection (LeaderElection.java:askForVotes(178)) - 8f18dce1-0a3d-4b65-9c78-af3d58b2da7f@group-091950D56227-LeaderElection331: begin an election at term 394 for -1: [8a63e1ae-032e-4bed-9f20-125a11f65413:0.0.0.0:38685, 8f18dce1-0a3d-4b65-9c78-af3d58b2da7f:0.0.0.0:42489, 7b1e61a0-7daf-43dd-99d5-9b325c1d31ae:0.0.0.0:38412], old=null
2019-10-20 17:40:43,454 [grpc-default-executor-1] INFO  impl.RaftServerImpl (RaftServerImpl.java:setRole(184)) - 8a63e1ae-032e-4bed-9f20-125a11f65413@group-091950D56227: changes role from  FOLLOWER to FOLLOWER at term 394 for recognizeCandidate:8f18dce1-0a3d-4b65-9c78-af3d58b2da7f
2019-10-20 17:40:43,454 [grpc-default-executor-1] INFO  impl.RoleInfo (RoleInfo.java:shutdownFollowerState(121)) - 8a63e1ae-032e-4bed-9f20-125a11f65413: shutdown FollowerState
2019-10-20 17:40:43,454 [grpc-default-executor-2] INFO  impl.RaftServerImpl (RaftServerImpl.java:setRole(184)) - 7b1e61a0-7daf-43dd-99d5-9b325c1d31ae@group-091950D56227: changes role from  FOLLOWER to FOLLOWER at term 394 for recognizeCandidate:8f18dce1-0a3d-4b65-9c78-af3d58b2da7f
2019-10-20 17:40:43,454 [grpc-default-executor-2] INFO  impl.RoleInfo (RoleInfo.java:shutdownFollowerState(121)) - 7b1e61a0-7daf-43dd-99d5-9b325c1d31ae: shutdown FollowerState
2019-10-20 17:40:43,454 [Thread-2375] INFO  impl.FollowerState (FollowerState.java:run(117)) - 8a63e1ae-032e-4bed-9f20-125a11f65413@group-091950D56227-FollowerState was interrupted: java.lang.InterruptedException: sleep interrupted
2019-10-20 17:40:43,454 [grpc-default-executor-1] INFO  impl.RoleInfo (RoleInfo.java:updateAndGet(143)) - 8a63e1ae-032e-4bed-9f20-125a11f65413: start FollowerState
2019-10-20 17:40:43,454 [Thread-2376] INFO  impl.FollowerState (FollowerState.java:run(117)) - 7b1e61a0-7daf-43dd-99d5-9b325c1d31ae@group-091950D56227-FollowerState was interrupted: java.lang.InterruptedException: sleep interrupted
2019-10-20 17:40:43,454 [grpc-default-executor-2] INFO  impl.RoleInfo (RoleInfo.java:updateAndGet(143)) - 7b1e61a0-7daf-43dd-99d5-9b325c1d31ae: start FollowerState
2019-10-20 17:40:43,478 [8f18dce1-0a3d-4b65-9c78-af3d58b2da7f@group-091950D56227-LeaderElection331] INFO  impl.LeaderElection (LeaderElection.java:logAndReturn(56)) - 8f18dce1-0a3d-4b65-9c78-af3d58b2da7f@group-091950D56227-LeaderElection331: Election REJECTED; received 2 response(s) [8f18dce1-0a3d-4b65-9c78-af3d58b2da7f<-8a63e1ae-032e-4bed-9f20-125a11f65413#0:FAIL-t394, 8f18dce1-0a3d-4b65-9c78-af3d58b2da7f<-7b1e61a0-7daf-43dd-99d5-9b325c1d31ae#0:FAIL-t394] and 0 exception(s); 8f18dce1-0a3d-4b65-9c78-af3d58b2da7f@group-091950D56227:t394, leader=null, voted=8f18dce1-0a3d-4b65-9c78-af3d58b2da7f, raftlog=8f18dce1-0a3d-4b65-9c78-af3d58b2da7f@group-091950D56227-SegmentedRaftLog:OPENED:c-1,f-1,i0, conf=-1: [8a63e1ae-032e-4bed-9f20-125a11f65413:0.0.0.0:38685, 8f18dce1-0a3d-4b65-9c78-af3d58b2da7f:0.0.0.0:42489, 7b1e61a0-7daf-43dd-99d5-9b325c1d31ae:0.0.0.0:38412], old=null
2019-10-20 17:40:43,479 [8f18dce1-0a3d-4b65-9c78-af3d58b2da7f@group-091950D56227-LeaderElection331] INFO  impl.RaftServerImpl (RaftServerImpl.java:setRole(184)) - 8f18dce1-0a3d-4b65-9c78-af3d58b2da7f@group-091950D56227: changes role from CANDIDATE to FOLLOWER at term 394 for DISCOVERED_A_NEW_TERM
2019-10-20 17:40:43,479 [8f18dce1-0a3d-4b65-9c78-af3d58b2da7f@group-091950D56227-LeaderElection331] INFO  impl.RoleInfo (RoleInfo.java:shutdownLeaderElection(134)) - 8f18dce1-0a3d-4b65-9c78-af3d58b2da7f: shutdown LeaderElection
2019-10-20 17:40:43,479 [8f18dce1-0a3d-4b65-9c78-af3d58b2da7f@group-091950D56227-LeaderElection331] INFO  impl.RoleInfo (RoleInfo.java:updateAndGet(143)) - 8f18dce1-0a3d-4b65-9c78-af3d58b2da7f: start FollowerState
2019-10-20 17:40:43,591 [Thread-2385] INFO  impl.FollowerState (FollowerState.java:run(108)) - 8f18dce1-0a3d-4b65-9c78-af3d58b2da7f@group-091950D56227-FollowerState: change to CANDIDATE, lastRpcTime:112ms, electionTimeout:112ms
2019-10-20 17:40:43,591 [Thread-2385] INFO  impl.RoleInfo (RoleInfo.java:shutdownFollowerState(121)) - 8f18dce1-0a3d-4b65-9c78-af3d58b2da7f: shutdown FollowerState
2019-10-20 17:40:43,591 [Thread-2385] INFO  impl.RaftServerImpl (RaftServerImpl.java:setRole(184)) - 8f18dce1-0a3d-4b65-9c78-af3d58b2da7f@group-091950D56227: changes role from  FOLLOWER to CANDIDATE at term 394 for changeToCandidate
2019-10-20 17:40:43,592 [Thread-2385] INFO  impl.RoleInfo (RoleInfo.java:updateAndGet(143)) - 8f18dce1-0a3d-4b65-9c78-af3d58b2da7f: start LeaderElection
2019-10-20 17:40:43,621 [8f18dce1-0a3d-4b65-9c78-af3d58b2da7f@group-091950D56227-LeaderElection332] INFO  impl.LeaderElection (LeaderElection.java:askForVotes(178)) - 8f18dce1-0a3d-4b65-9c78-af3d58b2da7f@group-091950D56227-LeaderElection332: begin an election at term 395 for -1: [8a63e1ae-032e-4bed-9f20-125a11f65413:0.0.0.0:38685, 8f18dce1-0a3d-4b65-9c78-af3d58b2da7f:0.0.0.0:42489, 7b1e61a0-7daf-43dd-99d5-9b325c1d31ae:0.0.0.0:38412], old=null
2019-10-20 17:40:43,623 [grpc-default-executor-2] INFO  impl.RaftServerImpl (RaftServerImpl.java:setRole(184)) - 8a63e1ae-032e-4bed-9f20-125a11f65413@group-091950D56227: changes role from  FOLLOWER to FOLLOWER at term 395 for recognizeCandidate:8f18dce1-0a3d-4b65-9c78-af3d58b2da7f
2019-10-20 17:40:43,623 [grpc-default-executor-1] INFO  impl.RaftServerImpl (RaftServerImpl.java:setRole(184)) - 7b1e61a0-7daf-43dd-99d5-9b325c1d31ae@group-091950D56227: changes role from  FOLLOWER to FOLLOWER at term 395 for recognizeCandidate:8f18dce1-0a3d-4b65-9c78-af3d58b2da7f
2019-10-20 17:40:43,623 [grpc-default-executor-2] INFO  impl.RoleInfo (RoleInfo.java:shutdownFollowerState(121)) - 8a63e1ae-032e-4bed-9f20-125a11f65413: shutdown FollowerState
2019-10-20 17:40:43,624 [grpc-default-executor-1] INFO  impl.RoleInfo (RoleInfo.java:shutdownFollowerState(121)) - 7b1e61a0-7daf-43dd-99d5-9b325c1d31ae: shutdown FollowerState
2019-10-20 17:40:43,624 [grpc-default-executor-2] INFO  impl.RoleInfo (RoleInfo.java:updateAndGet(143)) - 8a63e1ae-032e-4bed-9f20-125a11f65413: start FollowerState
2019-10-20 17:40:43,624 [Thread-2384] INFO  impl.FollowerState (FollowerState.java:run(117)) - 7b1e61a0-7daf-43dd-99d5-9b325c1d31ae@group-091950D56227-FollowerState was interrupted: java.lang.InterruptedException: sleep interrupted
2019-10-20 17:40:43,624 [Thread-2383] INFO  impl.FollowerState (FollowerState.java:run(117)) - 8a63e1ae-032e-4bed-9f20-125a11f65413@group-091950D56227-FollowerState was interrupted: java.lang.InterruptedException: sleep interrupted
2019-10-20 17:40:43,624 [grpc-default-executor-1] INFO  impl.RoleInfo (RoleInfo.java:updateAndGet(143)) - 7b1e61a0-7daf-43dd-99d5-9b325c1d31ae: start FollowerState
2019-10-20 17:40:43,647 [8f18dce1-0a3d-4b65-9c78-af3d58b2da7f@group-091950D56227-LeaderElection332] INFO  impl.LeaderElection (LeaderElection.java:logAndReturn(56)) - 8f18dce1-0a3d-4b65-9c78-af3d58b2da7f@group-091950D56227-LeaderElection332: Election REJECTED; received 2 response(s) [8f18dce1-0a3d-4b65-9c78-af3d58b2da7f<-8a63e1ae-032e-4bed-9f20-125a11f65413#0:FAIL-t395, 8f18dce1-0a3d-4b65-9c78-af3d58b2da7f<-7b1e61a0-7daf-43dd-99d5-9b325c1d31ae#0:FAIL-t395] and 0 exception(s); 8f18dce1-0a3d-4b65-9c78-af3d58b2da7f@group-091950D56227:t395, leader=null, voted=8f18dce1-0a3d-4b65-9c78-af3d58b2da7f, raftlog=8f18dce1-0a3d-4b65-9c78-af3d58b2da7f@group-091950D56227-SegmentedRaftLog:OPENED:c-1,f-1,i0, conf=-1: [8a63e1ae-032e-4bed-9f20-125a11f65413:0.0.0.0:38685, 8f18dce1-0a3d-4b65-9c78-af3d58b2da7f:0.0.0.0:42489, 7b1e61a0-7daf-43dd-99d5-9b325c1d31ae:0.0.0.0:38412], old=null
2019-10-20 17:40:43,648 [8f18dce1-0a3d-4b65-9c78-af3d58b2da7f@group-091950D56227-LeaderElection332] INFO  impl.RaftServerImpl (RaftServerImpl.java:setRole(184)) - 8f18dce1-0a3d-4b65-9c78-af3d58b2da7f@group-091950D56227: changes role from CANDIDATE to FOLLOWER at term 395 for DISCOVERED_A_NEW_TERM
2019-10-20 17:40:43,648 [8f18dce1-0a3d-4b65-9c78-af3d58b2da7f@group-091950D56227-LeaderElection332] INFO  impl.RoleInfo (RoleInfo.java:shutdownLeaderElection(134)) - 8f18dce1-0a3d-4b65-9c78-af3d58b2da7f: shutdown LeaderElection
2019-10-20 17:40:43,648 [8f18dce1-0a3d-4b65-9c78-af3d58b2da7f@group-091950D56227-LeaderElection332] INFO  impl.RoleInfo (RoleInfo.java:updateAndGet(143)) - 8f18dce1-0a3d-4b65-9c78-af3d58b2da7f: start FollowerState
2019-10-20 17:40:43,689 [Thread-2391] INFO  impl.FollowerState (FollowerState.java:run(108)) - 8f18dce1-0a3d-4b65-9c78-af3d58b2da7f@group-091950D56227-FollowerState: change to CANDIDATE, lastRpcTime:40ms, electionTimeout:40ms
2019-10-20 17:40:43,689 [Thread-2391] INFO  impl.RoleInfo (RoleInfo.java:shutdownFollowerState(121)) - 8f18dce1-0a3d-4b65-9c78-af3d58b2da7f: shutdown FollowerState
2019-10-20 17:40:43,689 [Thread-2391] INFO  impl.RaftServerImpl (RaftServerImpl.java:setRole(184)) - 8f18dce1-0a3d-4b65-9c78-af3d58b2da7f@group-091950D56227: changes role from  FOLLOWER to CANDIDATE at term 395 for changeToCandidate
2019-10-20 17:40:43,689 [Thread-2391] INFO  impl.RoleInfo (RoleInfo.java:updateAndGet(143)) - 8f18dce1-0a3d-4b65-9c78-af3d58b2da7f: start LeaderElection
2019-10-20 17:40:43,714 [8f18dce1-0a3d-4b65-9c78-af3d58b2da7f@group-091950D56227-LeaderElection333] INFO  impl.LeaderElection (LeaderElection.java:askForVotes(178)) - 8f18dce1-0a3d-4b65-9c78-af3d58b2da7f@group-091950D56227-LeaderElection333: begin an election at term 396 for -1: [8a63e1ae-032e-4bed-9f20-125a11f65413:0.0.0.0:38685, 8f18dce1-0a3d-4b65-9c78-af3d58b2da7f:0.0.0.0:42489, 7b1e61a0-7daf-43dd-99d5-9b325c1d31ae:0.0.0.0:38412], old=null
2019-10-20 17:40:43,716 [grpc-default-executor-1] INFO  impl.RaftServerImpl (RaftServerImpl.java:setRole(184)) - 8a63e1ae-032e-4bed-9f20-125a11f65413@group-091950D56227: changes role from  FOLLOWER to FOLLOWER at term 396 for recognizeCandidate:8f18dce1-0a3d-4b65-9c78-af3d58b2da7f
2019-10-20 17:40:43,716 [grpc-default-executor-2] INFO  impl.RaftServerImpl (RaftServerImpl.java:setRole(184)) - 7b1e61a0-7daf-43dd-99d5-9b325c1d31ae@group-091950D56227: changes role from  FOLLOWER to FOLLOWER at term 396 for recognizeCandidate:8f18dce1-0a3d-4b65-9c78-af3d58b2da7f
2019-10-20 17:40:43,716 [grpc-default-executor-2] INFO  impl.RoleInfo (RoleInfo.java:shutdownFollowerState(121)) - 7b1e61a0-7daf-43dd-99d5-9b325c1d31ae: shutdown FollowerState
2019-10-20 17:40:43,716 [grpc-default-executor-1] INFO  impl.RoleInfo (RoleInfo.java:shutdownFollowerState(121)) - 8a63e1ae-032e-4bed-9f20-125a11f65413: shutdown FollowerState
2019-10-20 17:40:43,716 [grpc-default-executor-1] INFO  impl.RoleInfo (RoleInfo.java:updateAndGet(143)) - 8a63e1ae-032e-4bed-9f20-125a11f65413: start FollowerState
2019-10-20 17:40:43,716 [Thread-2390] INFO  impl.FollowerState (FollowerState.java:run(117)) - 7b1e61a0-7daf-43dd-99d5-9b325c1d31ae@group-091950D56227-FollowerState was interrupted: java.lang.InterruptedException: sleep interrupted
2019-10-20 17:40:43,716 [grpc-default-executor-2] INFO  impl.RoleInfo (RoleInfo.java:updateAndGet(143)) - 7b1e61a0-7daf-43dd-99d5-9b325c1d31ae: start FollowerState
2019-10-20 17:40:43,716 [Thread-2389] INFO  impl.FollowerState (FollowerState.java:run(117)) - 8a63e1ae-032e-4bed-9f20-125a11f65413@group-091950D56227-FollowerState was interrupted: java.lang.InterruptedException: sleep interrupted
2019-10-20 17:40:43,740 [8f18dce1-0a3d-4b65-9c78-af3d58b2da7f@group-091950D56227-LeaderElection333] INFO  impl.LeaderElection (LeaderElection.java:logAndReturn(56)) - 8f18dce1-0a3d-4b65-9c78-af3d58b2da7f@group-091950D56227-LeaderElection333: Election REJECTED; received 2 response(s) [8f18dce1-0a3d-4b65-9c78-af3d58b2da7f<-8a63e1ae-032e-4bed-9f20-125a11f65413#0:FAIL-t396, 8f18dce1-0a3d-4b65-9c78-af3d58b2da7f<-7b1e61a0-7daf-43dd-99d5-9b325c1d31ae#0:FAIL-t396] and 0 exception(s); 8f18dce1-0a3d-4b65-9c78-af3d58b2da7f@group-091950D56227:t396, leader=null, voted=8f18dce1-0a3d-4b65-9c78-af3d58b2da7f, raftlog=8f18dce1-0a3d-4b65-9c78-af3d58b2da7f@group-091950D56227-SegmentedRaftLog:OPENED:c-1,f-1,i0, conf=-1: [8a63e1ae-032e-4bed-9f20-125a11f65413:0.0.0.0:38685, 8f18dce1-0a3d-4b65-9c78-af3d58b2da7f:0.0.0.0:42489, 7b1e61a0-7daf-43dd-99d5-9b325c1d31ae:0.0.0.0:38412], old=null
2019-10-20 17:40:43,740 [8f18dce1-0a3d-4b65-9c78-af3d58b2da7f@group-091950D56227-LeaderElection333] INFO  impl.RaftServerImpl (RaftServerImpl.java:setRole(184)) - 8f18dce1-0a3d-4b65-9c78-af3d58b2da7f@group-091950D56227: changes role from CANDIDATE to FOLLOWER at term 396 for DISCOVERED_A_NEW_TERM
2019-10-20 17:40:43,740 [8f18dce1-0a3d-4b65-9c78-af3d58b2da7f@group-091950D56227-LeaderElection333] INFO  impl.RoleInfo (RoleInfo.java:shutdownLeaderElection(134)) - 8f18dce1-0a3d-4b65-9c78-af3d58b2da7f: shutdown LeaderElection
2019-10-20 17:40:43,740 [8f18dce1-0a3d-4b65-9c78-af3d58b2da7f@group-091950D56227-LeaderElection333] INFO  impl.RoleInfo (RoleInfo.java:updateAndGet(143)) - 8f18dce1-0a3d-4b65-9c78-af3d58b2da7f: start FollowerState
2019-10-20 17:40:43,930 [Thread-2397] INFO  impl.FollowerState (FollowerState.java:run(108)) - 8f18dce1-0a3d-4b65-9c78-af3d58b2da7f@group-091950D56227-FollowerState: change to CANDIDATE, lastRpcTime:189ms, electionTimeout:189ms
2019-10-20 17:40:43,930 [Thread-2397] INFO  impl.RoleInfo (RoleInfo.java:shutdownFollowerState(121)) - 8f18dce1-0a3d-4b65-9c78-af3d58b2da7f: shutdown FollowerState
2019-10-20 17:40:43,931 [Thread-2397] INFO  impl.RaftServerImpl (RaftServerImpl.java:setRole(184)) - 8f18dce1-0a3d-4b65-9c78-af3d58b2da7f@group-091950D56227: changes role from  FOLLOWER to CANDIDATE at term 396 for changeToCandidate
2019-10-20 17:40:43,931 [Thread-2397] INFO  impl.RoleInfo (RoleInfo.java:updateAndGet(143)) - 8f18dce1-0a3d-4b65-9c78-af3d58b2da7f: start LeaderElection
2019-10-20 17:40:43,965 [8f18dce1-0a3d-4b65-9c78-af3d58b2da7f@group-091950D56227-LeaderElection334] INFO  impl.LeaderElection (LeaderElection.java:askForVotes(178)) - 8f18dce1-0a3d-4b65-9c78-af3d58b2da7f@group-091950D56227-LeaderElection334: begin an election at term 397 for -1: [8a63e1ae-032e-4bed-9f20-125a11f65413:0.0.0.0:38685, 8f18dce1-0a3d-4b65-9c78-af3d58b2da7f:0.0.0.0:42489, 7b1e61a0-7daf-43dd-99d5-9b325c1d31ae:0.0.0.0:38412], old=null
2019-10-20 17:40:43,968 [grpc-default-executor-1] INFO  impl.RaftServerImpl (RaftServerImpl.java:setRole(184)) - 7b1e61a0-7daf-43dd-99d5-9b325c1d31ae@group-091950D56227: changes role from  FOLLOWER to FOLLOWER at term 397 for recognizeCandidate:8f18dce1-0a3d-4b65-9c78-af3d58b2da7f
2019-10-20 17:40:43,968 [grpc-default-executor-1] INFO  impl.RoleInfo (RoleInfo.java:shutdownFollowerState(121)) - 7b1e61a0-7daf-43dd-99d5-9b325c1d31ae: shutdown FollowerState
2019-10-20 17:40:43,968 [grpc-default-executor-2] INFO  impl.RaftServerImpl (RaftServerImpl.java:setRole(184)) - 8a63e1ae-032e-4bed-9f20-125a11f65413@group-091950D56227: changes role from  FOLLOWER to FOLLOWER at term 397 for recognizeCandidate:8f18dce1-0a3d-4b65-9c78-af3d58b2da7f
2019-10-20 17:40:43,969 [Thread-2395] INFO  impl.FollowerState (FollowerState.java:run(117)) - 7b1e61a0-7daf-43dd-99d5-9b325c1d31ae@group-091950D56227-FollowerState was interrupted: java.lang.InterruptedException: sleep interrupted
2019-10-20 17:40:43,968 [grpc-default-executor-1] INFO  impl.RoleInfo (RoleInfo.java:updateAndGet(143)) - 7b1e61a0-7daf-43dd-99d5-9b325c1d31ae: start FollowerState
2019-10-20 17:40:43,969 [grpc-default-executor-2] INFO  impl.RoleInfo (RoleInfo.java:shutdownFollowerState(121)) - 8a63e1ae-032e-4bed-9f20-125a11f65413: shutdown FollowerState
2019-10-20 17:40:43,969 [grpc-default-executor-2] INFO  impl.RoleInfo (RoleInfo.java:updateAndGet(143)) - 8a63e1ae-032e-4bed-9f20-125a11f65413: start FollowerState
2019-10-20 17:40:43,969 [Thread-2396] INFO  impl.FollowerState (FollowerState.java:run(117)) - 8a63e1ae-032e-4bed-9f20-125a11f65413@group-091950D56227-FollowerState was interrupted: java.lang.InterruptedException: sleep interrupted
2019-10-20 17:40:43,991 [8f18dce1-0a3d-4b65-9c78-af3d58b2da7f@group-091950D56227-LeaderElection334] INFO  impl.LeaderElection (LeaderElection.java:logAndReturn(56)) - 8f18dce1-0a3d-4b65-9c78-af3d58b2da7f@group-091950D56227-LeaderElection334: Election REJECTED; received 2 response(s) [8f18dce1-0a3d-4b65-9c78-af3d58b2da7f<-8a63e1ae-032e-4bed-9f20-125a11f65413#0:FAIL-t397, 8f18dce1-0a3d-4b65-9c78-af3d58b2da7f<-7b1e61a0-7daf-43dd-99d5-9b325c1d31ae#0:FAIL-t397] and 0 exception(s); 8f18dce1-0a3d-4b65-9c78-af3d58b2da7f@group-091950D56227:t397, leader=null, voted=8f18dce1-0a3d-4b65-9c78-af3d58b2da7f, raftlog=8f18dce1-0a3d-4b65-9c78-af3d58b2da7f@group-091950D56227-SegmentedRaftLog:OPENED:c-1,f-1,i0, conf=-1: [8a63e1ae-032e-4bed-9f20-125a11f65413:0.0.0.0:38685, 8f18dce1-0a3d-4b65-9c78-af3d58b2da7f:0.0.0.0:42489, 7b1e61a0-7daf-43dd-99d5-9b325c1d31ae:0.0.0.0:38412], old=null
2019-10-20 17:40:43,991 [8f18dce1-0a3d-4b65-9c78-af3d58b2da7f@group-091950D56227-LeaderElection334] INFO  impl.RaftServerImpl (RaftServerImpl.java:setRole(184)) - 8f18dce1-0a3d-4b65-9c78-af3d58b2da7f@group-091950D56227: changes role from CANDIDATE to FOLLOWER at term 397 for DISCOVERED_A_NEW_TERM
2019-10-20 17:40:43,991 [8f18dce1-0a3d-4b65-9c78-af3d58b2da7f@group-091950D56227-LeaderElection334] INFO  impl.RoleInfo (RoleInfo.java:shutdownLeaderElection(134)) - 8f18dce1-0a3d-4b65-9c78-af3d58b2da7f: shutdown LeaderElection
2019-10-20 17:40:43,992 [8f18dce1-0a3d-4b65-9c78-af3d58b2da7f@group-091950D56227-LeaderElection334] INFO  impl.RoleInfo (RoleInfo.java:updateAndGet(143)) - 8f18dce1-0a3d-4b65-9c78-af3d58b2da7f: start FollowerState
2019-10-20 17:40:44,045 [Thread-2403] INFO  impl.FollowerState (FollowerState.java:run(108)) - 8f18dce1-0a3d-4b65-9c78-af3d58b2da7f@group-091950D56227-FollowerState: change to CANDIDATE, lastRpcTime:53ms, electionTimeout:53ms
2019-10-20 17:40:44,045 [Thread-2403] INFO  impl.RoleInfo (RoleInfo.java:shutdownFollowerState(121)) - 8f18dce1-0a3d-4b65-9c78-af3d58b2da7f: shutdown FollowerState
2019-10-20 17:40:44,045 [Thread-2403] INFO  impl.RaftServerImpl (RaftServerImpl.java:setRole(184)) - 8f18dce1-0a3d-4b65-9c78-af3d58b2da7f@group-091950D56227: changes role from  FOLLOWER to CANDIDATE at term 397 for changeToCandidate
2019-10-20 17:40:44,045 [Thread-2403] INFO  impl.RoleInfo (RoleInfo.java:updateAndGet(143)) - 8f18dce1-0a3d-4b65-9c78-af3d58b2da7f: start LeaderElection
2019-10-20 17:40:44,074 [8f18dce1-0a3d-4b65-9c78-af3d58b2da7f@group-091950D56227-LeaderElection335] INFO  impl.LeaderElection (LeaderElection.java:askForVotes(178)) - 8f18dce1-0a3d-4b65-9c78-af3d58b2da7f@group-091950D56227-LeaderElection335: begin an election at term 398 for -1: [8a63e1ae-032e-4bed-9f20-125a11f65413:0.0.0.0:38685, 8f18dce1-0a3d-4b65-9c78-af3d58b2da7f:0.0.0.0:42489, 7b1e61a0-7daf-43dd-99d5-9b325c1d31ae:0.0.0.0:38412], old=null
2019-10-20 17:40:44,077 [grpc-default-executor-1] INFO  impl.RaftServerImpl (RaftServerImpl.java:setRole(184)) - 8a63e1ae-032e-4bed-9f20-125a11f65413@group-091950D56227: changes role from  FOLLOWER to FOLLOWER at term 398 for recognizeCandidate:8f18dce1-0a3d-4b65-9c78-af3d58b2da7f
2019-10-20 17:40:44,077 [grpc-default-executor-2] INFO  impl.RaftServerImpl (RaftServerImpl.java:setRole(184)) - 7b1e61a0-7daf-43dd-99d5-9b325c1d31ae@group-091950D56227: changes role from  FOLLOWER to FOLLOWER at term 398 for recognizeCandidate:8f18dce1-0a3d-4b65-9c78-af3d58b2da7f
2019-10-20 17:40:44,077 [grpc-default-executor-2] INFO  impl.RoleInfo (RoleInfo.java:shutdownFollowerState(121)) - 7b1e61a0-7daf-43dd-99d5-9b325c1d31ae: shutdown FollowerState
2019-10-20 17:40:44,077 [grpc-default-executor-1] INFO  impl.RoleInfo (RoleInfo.java:shutdownFollowerState(121)) - 8a63e1ae-032e-4bed-9f20-125a11f65413: shutdown FollowerState
2019-10-20 17:40:44,077 [Thread-2401] INFO  impl.FollowerState (FollowerState.java:run(117)) - 7b1e61a0-7daf-43dd-99d5-9b325c1d31ae@group-091950D56227-FollowerState was interrupted: java.lang.InterruptedException: sleep interrupted
2019-10-20 17:40:44,077 [grpc-default-executor-2] INFO  impl.RoleInfo (RoleInfo.java:updateAndGet(143)) - 7b1e61a0-7daf-43dd-99d5-9b325c1d31ae: start FollowerState
2019-10-20 17:40:44,077 [Thread-2402] INFO  impl.FollowerState (FollowerState.java:run(117)) - 8a63e1ae-032e-4bed-9f20-125a11f65413@group-091950D56227-FollowerState was interrupted: java.lang.InterruptedException: sleep interrupted
2019-10-20 17:40:44,077 [grpc-default-executor-1] INFO  impl.RoleInfo (RoleInfo.java:updateAndGet(143)) - 8a63e1ae-032e-4bed-9f20-125a11f65413: start FollowerState
2019-10-20 17:40:44,101 [8f18dce1-0a3d-4b65-9c78-af3d58b2da7f@group-091950D56227-LeaderElection335] INFO  impl.LeaderElection (LeaderElection.java:logAndReturn(56)) - 8f18dce1-0a3d-4b65-9c78-af3d58b2da7f@group-091950D56227-LeaderElection335: Election REJECTED; received 2 response(s) [8f18dce1-0a3d-4b65-9c78-af3d58b2da7f<-8a63e1ae-032e-4bed-9f20-125a11f65413#0:FAIL-t398, 8f18dce1-0a3d-4b65-9c78-af3d58b2da7f<-7b1e61a0-7daf-43dd-99d5-9b325c1d31ae#0:FAIL-t398] and 0 exception(s); 8f18dce1-0a3d-4b65-9c78-af3d58b2da7f@group-091950D56227:t398, leader=null, voted=8f18dce1-0a3d-4b65-9c78-af3d58b2da7f, raftlog=8f18dce1-0a3d-4b65-9c78-af3d58b2da7f@group-091950D56227-SegmentedRaftLog:OPENED:c-1,f-1,i0, conf=-1: [8a63e1ae-032e-4bed-9f20-125a11f65413:0.0.0.0:38685, 8f18dce1-0a3d-4b65-9c78-af3d58b2da7f:0.0.0.0:42489, 7b1e61a0-7daf-43dd-99d5-9b325c1d31ae:0.0.0.0:38412], old=null
2019-10-20 17:40:44,101 [8f18dce1-0a3d-4b65-9c78-af3d58b2da7f@group-091950D56227-LeaderElection335] INFO  impl.RaftServerImpl (RaftServerImpl.java:setRole(184)) - 8f18dce1-0a3d-4b65-9c78-af3d58b2da7f@group-091950D56227: changes role from CANDIDATE to FOLLOWER at term 398 for DISCOVERED_A_NEW_TERM
2019-10-20 17:40:44,101 [8f18dce1-0a3d-4b65-9c78-af3d58b2da7f@group-091950D56227-LeaderElection335] INFO  impl.RoleInfo (RoleInfo.java:shutdownLeaderElection(134)) - 8f18dce1-0a3d-4b65-9c78-af3d58b2da7f: shutdown LeaderElection
2019-10-20 17:40:44,101 [8f18dce1-0a3d-4b65-9c78-af3d58b2da7f@group-091950D56227-LeaderElection335] INFO  impl.RoleInfo (RoleInfo.java:updateAndGet(143)) - 8f18dce1-0a3d-4b65-9c78-af3d58b2da7f: start FollowerState
2019-10-20 17:40:44,234 [Thread-2409] INFO  impl.FollowerState (FollowerState.java:run(108)) - 8f18dce1-0a3d-4b65-9c78-af3d58b2da7f@group-091950D56227-FollowerState: change to CANDIDATE, lastRpcTime:133ms, electionTimeout:133ms
2019-10-20 17:40:44,234 [Thread-2409] INFO  impl.RoleInfo (RoleInfo.java:shutdownFollowerState(121)) - 8f18dce1-0a3d-4b65-9c78-af3d58b2da7f: shutdown FollowerState
2019-10-20 17:40:44,235 [Thread-2409] INFO  impl.RaftServerImpl (RaftServerImpl.java:setRole(184)) - 8f18dce1-0a3d-4b65-9c78-af3d58b2da7f@group-091950D56227: changes role from  FOLLOWER to CANDIDATE at term 398 for changeToCandidate
2019-10-20 17:40:44,235 [Thread-2409] INFO  impl.RoleInfo (RoleInfo.java:updateAndGet(143)) - 8f18dce1-0a3d-4b65-9c78-af3d58b2da7f: start LeaderElection
2019-10-20 17:40:44,259 [8f18dce1-0a3d-4b65-9c78-af3d58b2da7f@group-091950D56227-LeaderElection336] INFO  impl.LeaderElection (LeaderElection.java:askForVotes(178)) - 8f18dce1-0a3d-4b65-9c78-af3d58b2da7f@group-091950D56227-LeaderElection336: begin an election at term 399 for -1: [8a63e1ae-032e-4bed-9f20-125a11f65413:0.0.0.0:38685, 8f18dce1-0a3d-4b65-9c78-af3d58b2da7f:0.0.0.0:42489, 7b1e61a0-7daf-43dd-99d5-9b325c1d31ae:0.0.0.0:38412], old=null
2019-10-20 17:40:44,260 [grpc-default-executor-1] INFO  impl.RaftServerImpl (RaftServerImpl.java:setRole(184)) - 7b1e61a0-7daf-43dd-99d5-9b325c1d31ae@group-091950D56227: changes role from  FOLLOWER to FOLLOWER at term 399 for recognizeCandidate:8f18dce1-0a3d-4b65-9c78-af3d58b2da7f
2019-10-20 17:40:44,260 [grpc-default-executor-2] INFO  impl.RaftServerImpl (RaftServerImpl.java:setRole(184)) - 8a63e1ae-032e-4bed-9f20-125a11f65413@group-091950D56227: changes role from  FOLLOWER to FOLLOWER at term 399 for recognizeCandidate:8f18dce1-0a3d-4b65-9c78-af3d58b2da7f
2019-10-20 17:40:44,260 [grpc-default-executor-1] INFO  impl.RoleInfo (RoleInfo.java:shutdownFollowerState(121)) - 7b1e61a0-7daf-43dd-99d5-9b325c1d31ae: shutdown FollowerState
2019-10-20 17:40:44,260 [grpc-default-executor-2] INFO  impl.RoleInfo (RoleInfo.java:shutdownFollowerState(121)) - 8a63e1ae-032e-4bed-9f20-125a11f65413: shutdown FollowerState
2019-10-20 17:40:44,261 [Thread-2407] INFO  impl.FollowerState (FollowerState.java:run(117)) - 7b1e61a0-7daf-43dd-99d5-9b325c1d31ae@group-091950D56227-FollowerState was interrupted: java.lang.InterruptedException: sleep interrupted
2019-10-20 17:40:44,261 [grpc-default-executor-1] INFO  impl.RoleInfo (RoleInfo.java:updateAndGet(143)) - 7b1e61a0-7daf-43dd-99d5-9b325c1d31ae: start FollowerState
2019-10-20 17:40:44,261 [Thread-2408] INFO  impl.FollowerState (FollowerState.java:run(117)) - 8a63e1ae-032e-4bed-9f20-125a11f65413@group-091950D56227-FollowerState was interrupted: java.lang.InterruptedException: sleep interrupted
2019-10-20 17:40:44,261 [grpc-default-executor-2] INFO  impl.RoleInfo (RoleInfo.java:updateAndGet(143)) - 8a63e1ae-032e-4bed-9f20-125a11f65413: start FollowerState
2019-10-20 17:40:44,285 [8f18dce1-0a3d-4b65-9c78-af3d58b2da7f@group-091950D56227-LeaderElection336] INFO  impl.LeaderElection (LeaderElection.java:logAndReturn(56)) - 8f18dce1-0a3d-4b65-9c78-af3d58b2da7f@group-091950D56227-LeaderElection336: Election REJECTED; received 2 response(s) [8f18dce1-0a3d-4b65-9c78-af3d58b2da7f<-8a63e1ae-032e-4bed-9f20-125a11f65413#0:FAIL-t399, 8f18dce1-0a3d-4b65-9c78-af3d58b2da7f<-7b1e61a0-7daf-43dd-99d5-9b325c1d31ae#0:FAIL-t399] and 0 exception(s); 8f18dce1-0a3d-4b65-9c78-af3d58b2da7f@group-091950D56227:t399, leader=null, voted=8f18dce1-0a3d-4b65-9c78-af3d58b2da7f, raftlog=8f18dce1-0a3d-4b65-9c78-af3d58b2da7f@group-091950D56227-SegmentedRaftLog:OPENED:c-1,f-1,i0, conf=-1: [8a63e1ae-032e-4bed-9f20-125a11f65413:0.0.0.0:38685, 8f18dce1-0a3d-4b65-9c78-af3d58b2da7f:0.0.0.0:42489, 7b1e61a0-7daf-43dd-99d5-9b325c1d31ae:0.0.0.0:38412], old=null
2019-10-20 17:40:44,285 [8f18dce1-0a3d-4b65-9c78-af3d58b2da7f@group-091950D56227-LeaderElection336] INFO  impl.RaftServerImpl (RaftServerImpl.java:setRole(184)) - 8f18dce1-0a3d-4b65-9c78-af3d58b2da7f@group-091950D56227: changes role from CANDIDATE to FOLLOWER at term 399 for DISCOVERED_A_NEW_TERM
2019-10-20 17:40:44,285 [8f18dce1-0a3d-4b65-9c78-af3d58b2da7f@group-091950D56227-LeaderElection336] INFO  impl.RoleInfo (RoleInfo.java:shutdownLeaderElection(134)) - 8f18dce1-0a3d-4b65-9c78-af3d58b2da7f: shutdown LeaderElection
2019-10-20 17:40:44,285 [8f18dce1-0a3d-4b65-9c78-af3d58b2da7f@group-091950D56227-LeaderElection336] INFO  impl.RoleInfo (RoleInfo.java:updateAndGet(143)) - 8f18dce1-0a3d-4b65-9c78-af3d58b2da7f: start FollowerState
2019-10-20 17:40:44,417 [Thread-2415] INFO  impl.FollowerState (FollowerState.java:run(108)) - 8f18dce1-0a3d-4b65-9c78-af3d58b2da7f@group-091950D56227-FollowerState: change to CANDIDATE, lastRpcTime:131ms, electionTimeout:131ms
2019-10-20 17:40:44,417 [Thread-2415] INFO  impl.RoleInfo (RoleInfo.java:shutdownFollowerState(121)) - 8f18dce1-0a3d-4b65-9c78-af3d58b2da7f: shutdown FollowerState
2019-10-20 17:40:44,417 [Thread-2415] INFO  impl.RaftServerImpl (RaftServerImpl.java:setRole(184)) - 8f18dce1-0a3d-4b65-9c78-af3d58b2da7f@group-091950D56227: changes role from  FOLLOWER to CANDIDATE at term 399 for changeToCandidate
2019-10-20 17:40:44,417 [Thread-2415] INFO  impl.RoleInfo (RoleInfo.java:updateAndGet(143)) - 8f18dce1-0a3d-4b65-9c78-af3d58b2da7f: start LeaderElection
2019-10-20 17:40:44,444 [8f18dce1-0a3d-4b65-9c78-af3d58b2da7f@group-091950D56227-LeaderElection337] INFO  impl.LeaderElection (LeaderElection.java:askForVotes(178)) - 8f18dce1-0a3d-4b65-9c78-af3d58b2da7f@group-091950D56227-LeaderElection337: begin an election at term 400 for -1: [8a63e1ae-032e-4bed-9f20-125a11f65413:0.0.0.0:38685, 8f18dce1-0a3d-4b65-9c78-af3d58b2da7f:0.0.0.0:42489, 7b1e61a0-7daf-43dd-99d5-9b325c1d31ae:0.0.0.0:38412], old=null
2019-10-20 17:40:44,445 [grpc-default-executor-1] INFO  impl.RaftServerImpl (RaftServerImpl.java:setRole(184)) - 7b1e61a0-7daf-43dd-99d5-9b325c1d31ae@group-091950D56227: changes role from  FOLLOWER to FOLLOWER at term 400 for recognizeCandidate:8f18dce1-0a3d-4b65-9c78-af3d58b2da7f
2019-10-20 17:40:44,445 [grpc-default-executor-2] INFO  impl.RaftServerImpl (RaftServerImpl.java:setRole(184)) - 8a63e1ae-032e-4bed-9f20-125a11f65413@group-091950D56227: changes role from  FOLLOWER to FOLLOWER at term 400 for recognizeCandidate:8f18dce1-0a3d-4b65-9c78-af3d58b2da7f
2019-10-20 17:40:44,445 [grpc-default-executor-1] INFO  impl.RoleInfo (RoleInfo.java:shutdownFollowerState(121)) - 7b1e61a0-7daf-43dd-99d5-9b325c1d31ae: shutdown FollowerState
2019-10-20 17:40:44,445 [grpc-default-executor-2] INFO  impl.RoleInfo (RoleInfo.java:shutdownFollowerState(121)) - 8a63e1ae-032e-4bed-9f20-125a11f65413: shutdown FollowerState
2019-10-20 17:40:44,446 [Thread-2413] INFO  impl.FollowerState (FollowerState.java:run(117)) - 7b1e61a0-7daf-43dd-99d5-9b325c1d31ae@group-091950D56227-FollowerState was interrupted: java.lang.InterruptedException: sleep interrupted
2019-10-20 17:40:44,446 [grpc-default-executor-1] INFO  impl.RoleInfo (RoleInfo.java:updateAndGet(143)) - 7b1e61a0-7daf-43dd-99d5-9b325c1d31ae: start FollowerState
2019-10-20 17:40:44,446 [Thread-2414] INFO  impl.FollowerState (FollowerState.java:run(117)) - 8a63e1ae-032e-4bed-9f20-125a11f65413@group-091950D56227-FollowerState was interrupted: java.lang.InterruptedException: sleep interrupted
2019-10-20 17:40:44,446 [grpc-default-executor-2] INFO  impl.RoleInfo (RoleInfo.java:updateAndGet(143)) - 8a63e1ae-032e-4bed-9f20-125a11f65413: start FollowerState
2019-10-20 17:40:44,447 [8f18dce1-0a3d-4b65-9c78-af3d58b2da7f@group-091950D56227-LeaderElection337] INFO  impl.LeaderElection (LeaderElection.java:logAndReturn(56)) - 8f18dce1-0a3d-4b65-9c78-af3d58b2da7f@group-091950D56227-LeaderElection337: Election TIMEOUT; received 0 response(s) [] and 0 exception(s); 8f18dce1-0a3d-4b65-9c78-af3d58b2da7f@group-091950D56227:t400, leader=null, voted=8f18dce1-0a3d-4b65-9c78-af3d58b2da7f, raftlog=8f18dce1-0a3d-4b65-9c78-af3d58b2da7f@group-091950D56227-SegmentedRaftLog:OPENED:c-1,f-1,i0, conf=-1: [8a63e1ae-032e-4bed-9f20-125a11f65413:0.0.0.0:38685, 8f18dce1-0a3d-4b65-9c78-af3d58b2da7f:0.0.0.0:42489, 7b1e61a0-7daf-43dd-99d5-9b325c1d31ae:0.0.0.0:38412], old=null
2019-10-20 17:40:44,469 [8f18dce1-0a3d-4b65-9c78-af3d58b2da7f@group-091950D56227-LeaderElection337] INFO  impl.LeaderElection (LeaderElection.java:askForVotes(178)) - 8f18dce1-0a3d-4b65-9c78-af3d58b2da7f@group-091950D56227-LeaderElection337: begin an election at term 401 for -1: [8a63e1ae-032e-4bed-9f20-125a11f65413:0.0.0.0:38685, 8f18dce1-0a3d-4b65-9c78-af3d58b2da7f:0.0.0.0:42489, 7b1e61a0-7daf-43dd-99d5-9b325c1d31ae:0.0.0.0:38412], old=null
2019-10-20 17:40:44,471 [grpc-default-executor-1] INFO  impl.RaftServerImpl (RaftServerImpl.java:setRole(184)) - 7b1e61a0-7daf-43dd-99d5-9b325c1d31ae@group-091950D56227: changes role from  FOLLOWER to FOLLOWER at term 401 for recognizeCandidate:8f18dce1-0a3d-4b65-9c78-af3d58b2da7f
2019-10-20 17:40:44,471 [grpc-default-executor-2] INFO  impl.RaftServerImpl (RaftServerImpl.java:setRole(184)) - 8a63e1ae-032e-4bed-9f20-125a11f65413@group-091950D56227: changes role from  FOLLOWER to FOLLOWER at term 401 for recognizeCandidate:8f18dce1-0a3d-4b65-9c78-af3d58b2da7f
2019-10-20 17:40:44,471 [grpc-default-executor-1] INFO  impl.RoleInfo (RoleInfo.java:shutdownFollowerState(121)) - 7b1e61a0-7daf-43dd-99d5-9b325c1d31ae: shutdown FollowerState
2019-10-20 17:40:44,471 [grpc-default-executor-2] INFO  impl.RoleInfo (RoleInfo.java:shutdownFollowerState(121)) - 8a63e1ae-032e-4bed-9f20-125a11f65413: shutdown FollowerState
2019-10-20 17:40:44,471 [Thread-2421] INFO  impl.FollowerState (FollowerState.java:run(117)) - 7b1e61a0-7daf-43dd-99d5-9b325c1d31ae@group-091950D56227-FollowerState was interrupted: java.lang.InterruptedException: sleep interrupted
2019-10-20 17:40:44,471 [grpc-default-executor-1] INFO  impl.RoleInfo (RoleInfo.java:updateAndGet(143)) - 7b1e61a0-7daf-43dd-99d5-9b325c1d31ae: start FollowerState
2019-10-20 17:40:44,471 [Thread-2422] INFO  impl.FollowerState (FollowerState.java:run(117)) - 8a63e1ae-032e-4bed-9f20-125a11f65413@group-091950D56227-FollowerState was interrupted: java.lang.InterruptedException: sleep interrupted
2019-10-20 17:40:44,471 [grpc-default-executor-2] INFO  impl.RoleInfo (RoleInfo.java:updateAndGet(143)) - 8a63e1ae-032e-4bed-9f20-125a11f65413: start FollowerState
2019-10-20 17:40:44,496 [8f18dce1-0a3d-4b65-9c78-af3d58b2da7f@group-091950D56227-LeaderElection337] INFO  impl.LeaderElection (LeaderElection.java:logAndReturn(56)) - 8f18dce1-0a3d-4b65-9c78-af3d58b2da7f@group-091950D56227-LeaderElection337: Election REJECTED; received 2 response(s) [8f18dce1-0a3d-4b65-9c78-af3d58b2da7f<-8a63e1ae-032e-4bed-9f20-125a11f65413#0:FAIL-t401, 8f18dce1-0a3d-4b65-9c78-af3d58b2da7f<-7b1e61a0-7daf-43dd-99d5-9b325c1d31ae#0:FAIL-t401] and 0 exception(s); 8f18dce1-0a3d-4b65-9c78-af3d58b2da7f@group-091950D56227:t401, leader=null, voted=8f18dce1-0a3d-4b65-9c78-af3d58b2da7f, raftlog=8f18dce1-0a3d-4b65-9c78-af3d58b2da7f@group-091950D56227-SegmentedRaftLog:OPENED:c-1,f-1,i0, conf=-1: [8a63e1ae-032e-4bed-9f20-125a11f65413:0.0.0.0:38685, 8f18dce1-0a3d-4b65-9c78-af3d58b2da7f:0.0.0.0:42489, 7b1e61a0-7daf-43dd-99d5-9b325c1d31ae:0.0.0.0:38412], old=null
2019-10-20 17:40:44,496 [8f18dce1-0a3d-4b65-9c78-af3d58b2da7f@group-091950D56227-LeaderElection337] INFO  impl.RaftServerImpl (RaftServerImpl.java:setRole(184)) - 8f18dce1-0a3d-4b65-9c78-af3d58b2da7f@group-091950D56227: changes role from CANDIDATE to FOLLOWER at term 401 for DISCOVERED_A_NEW_TERM
2019-10-20 17:40:44,496 [8f18dce1-0a3d-4b65-9c78-af3d58b2da7f@group-091950D56227-LeaderElection337] INFO  impl.RoleInfo (RoleInfo.java:shutdownLeaderElection(134)) - 8f18dce1-0a3d-4b65-9c78-af3d58b2da7f: shutdown LeaderElection
2019-10-20 17:40:44,496 [8f18dce1-0a3d-4b65-9c78-af3d58b2da7f@group-091950D56227-LeaderElection337] INFO  impl.RoleInfo (RoleInfo.java:updateAndGet(143)) - 8f18dce1-0a3d-4b65-9c78-af3d58b2da7f: start FollowerState
2019-10-20 17:40:44,604 [Thread-2427] INFO  impl.FollowerState (FollowerState.java:run(108)) - 8f18dce1-0a3d-4b65-9c78-af3d58b2da7f@group-091950D56227-FollowerState: change to CANDIDATE, lastRpcTime:107ms, electionTimeout:107ms
2019-10-20 17:40:44,604 [Thread-2427] INFO  impl.RoleInfo (RoleInfo.java:shutdownFollowerState(121)) - 8f18dce1-0a3d-4b65-9c78-af3d58b2da7f: shutdown FollowerState
2019-10-20 17:40:44,604 [Thread-2427] INFO  impl.RaftServerImpl (RaftServerImpl.java:setRole(184)) - 8f18dce1-0a3d-4b65-9c78-af3d58b2da7f@group-091950D56227: changes role from  FOLLOWER to CANDIDATE at term 401 for changeToCandidate
2019-10-20 17:40:44,604 [Thread-2427] INFO  impl.RoleInfo (RoleInfo.java:updateAndGet(143)) - 8f18dce1-0a3d-4b65-9c78-af3d58b2da7f: start LeaderElection
2019-10-20 17:40:44,619 [8f18dce1-0a3d-4b65-9c78-af3d58b2da7f@group-091950D56227-LeaderElection338] INFO  impl.LeaderElection (LeaderElection.java:askForVotes(178)) - 8f18dce1-0a3d-4b65-9c78-af3d58b2da7f@group-091950D56227-LeaderElection338: begin an election at term 402 for -1: [8a63e1ae-032e-4bed-9f20-125a11f65413:0.0.0.0:38685, 8f18dce1-0a3d-4b65-9c78-af3d58b2da7f:0.0.0.0:42489, 7b1e61a0-7daf-43dd-99d5-9b325c1d31ae:0.0.0.0:38412], old=null
2019-10-20 17:40:44,624 [grpc-default-executor-2] INFO  impl.RaftServerImpl (RaftServerImpl.java:setRole(184)) - 7b1e61a0-7daf-43dd-99d5-9b325c1d31ae@group-091950D56227: changes role from  FOLLOWER to FOLLOWER at term 402 for recognizeCandidate:8f18dce1-0a3d-4b65-9c78-af3d58b2da7f
2019-10-20 17:40:44,624 [grpc-default-executor-1] INFO  impl.RaftServerImpl (RaftServerImpl.java:setRole(184)) - 8a63e1ae-032e-4bed-9f20-125a11f65413@group-091950D56227: changes role from  FOLLOWER to FOLLOWER at term 402 for recognizeCandidate:8f18dce1-0a3d-4b65-9c78-af3d58b2da7f
2019-10-20 17:40:44,624 [grpc-default-executor-2] INFO  impl.RoleInfo (RoleInfo.java:shutdownFollowerState(121)) - 7b1e61a0-7daf-43dd-99d5-9b325c1d31ae: shutdown FollowerState
2019-10-20 17:40:44,625 [grpc-default-executor-1] INFO  impl.RoleInfo (RoleInfo.java:shutdownFollowerState(121)) - 8a63e1ae-032e-4bed-9f20-125a11f65413: shutdown FollowerState
2019-10-20 17:40:44,625 [grpc-default-executor-2] INFO  impl.RoleInfo (RoleInfo.java:updateAndGet(143)) - 7b1e61a0-7daf-43dd-99d5-9b325c1d31ae: start FollowerState
2019-10-20 17:40:44,625 [grpc-default-executor-1] INFO  impl.RoleInfo (RoleInfo.java:updateAndGet(143)) - 8a63e1ae-032e-4bed-9f20-125a11f65413: start FollowerState
2019-10-20 17:40:44,625 [Thread-2425] INFO  impl.FollowerState (FollowerState.java:run(117)) - 7b1e61a0-7daf-43dd-99d5-9b325c1d31ae@group-091950D56227-FollowerState was interrupted: java.lang.InterruptedException: sleep interrupted
2019-10-20 17:40:44,625 [Thread-2426] INFO  impl.FollowerState (FollowerState.java:run(117)) - 8a63e1ae-032e-4bed-9f20-125a11f65413@group-091950D56227-FollowerState was interrupted: java.lang.InterruptedException: sleep interrupted
2019-10-20 17:40:44,650 [8f18dce1-0a3d-4b65-9c78-af3d58b2da7f@group-091950D56227-LeaderElection338] INFO  impl.LeaderElection (LeaderElection.java:logAndReturn(56)) - 8f18dce1-0a3d-4b65-9c78-af3d58b2da7f@group-091950D56227-LeaderElection338: Election REJECTED; received 2 response(s) [8f18dce1-0a3d-4b65-9c78-af3d58b2da7f<-8a63e1ae-032e-4bed-9f20-125a11f65413#0:FAIL-t402, 8f18dce1-0a3d-4b65-9c78-af3d58b2da7f<-7b1e61a0-7daf-43dd-99d5-9b325c1d31ae#0:FAIL-t402] and 0 exception(s); 8f18dce1-0a3d-4b65-9c78-af3d58b2da7f@group-091950D56227:t402, leader=null, voted=8f18dce1-0a3d-4b65-9c78-af3d58b2da7f, raftlog=8f18dce1-0a3d-4b65-9c78-af3d58b2da7f@group-091950D56227-SegmentedRaftLog:OPENED:c-1,f-1,i0, conf=-1: [8a63e1ae-032e-4bed-9f20-125a11f65413:0.0.0.0:38685, 8f18dce1-0a3d-4b65-9c78-af3d58b2da7f:0.0.0.0:42489, 7b1e61a0-7daf-43dd-99d5-9b325c1d31ae:0.0.0.0:38412], old=null
2019-10-20 17:40:44,650 [8f18dce1-0a3d-4b65-9c78-af3d58b2da7f@group-091950D56227-LeaderElection338] INFO  impl.RaftServerImpl (RaftServerImpl.java:setRole(184)) - 8f18dce1-0a3d-4b65-9c78-af3d58b2da7f@group-091950D56227: changes role from CANDIDATE to FOLLOWER at term 402 for DISCOVERED_A_NEW_TERM
2019-10-20 17:40:44,650 [8f18dce1-0a3d-4b65-9c78-af3d58b2da7f@group-091950D56227-LeaderElection338] INFO  impl.RoleInfo (RoleInfo.java:shutdownLeaderElection(134)) - 8f18dce1-0a3d-4b65-9c78-af3d58b2da7f: shutdown LeaderElection
2019-10-20 17:40:44,650 [8f18dce1-0a3d-4b65-9c78-af3d58b2da7f@group-091950D56227-LeaderElection338] INFO  impl.RoleInfo (RoleInfo.java:updateAndGet(143)) - 8f18dce1-0a3d-4b65-9c78-af3d58b2da7f: start FollowerState
2019-10-20 17:40:44,765 [Thread-2433] INFO  impl.FollowerState (FollowerState.java:run(108)) - 8f18dce1-0a3d-4b65-9c78-af3d58b2da7f@group-091950D56227-FollowerState: change to CANDIDATE, lastRpcTime:114ms, electionTimeout:114ms
2019-10-20 17:40:44,765 [Thread-2433] INFO  impl.RoleInfo (RoleInfo.java:shutdownFollowerState(121)) - 8f18dce1-0a3d-4b65-9c78-af3d58b2da7f: shutdown FollowerState
2019-10-20 17:40:44,765 [Thread-2433] INFO  impl.RaftServerImpl (RaftServerImpl.java:setRole(184)) - 8f18dce1-0a3d-4b65-9c78-af3d58b2da7f@group-091950D56227: changes role from  FOLLOWER to CANDIDATE at term 402 for changeToCandidate
2019-10-20 17:40:44,765 [Thread-2433] INFO  impl.RoleInfo (RoleInfo.java:updateAndGet(143)) - 8f18dce1-0a3d-4b65-9c78-af3d58b2da7f: start LeaderElection
2019-10-20 17:40:44,790 [8f18dce1-0a3d-4b65-9c78-af3d58b2da7f@group-091950D56227-LeaderElection339] INFO  impl.LeaderElection (LeaderElection.java:askForVotes(178)) - 8f18dce1-0a3d-4b65-9c78-af3d58b2da7f@group-091950D56227-LeaderElection339: begin an election at term 403 for -1: [8a63e1ae-032e-4bed-9f20-125a11f65413:0.0.0.0:38685, 8f18dce1-0a3d-4b65-9c78-af3d58b2da7f:0.0.0.0:42489, 7b1e61a0-7daf-43dd-99d5-9b325c1d31ae:0.0.0.0:38412], old=null
2019-10-20 17:40:44,997 [8f18dce1-0a3d-4b65-9c78-af3d58b2da7f@group-091950D56227-LeaderElection339] INFO  impl.LeaderElection (LeaderElection.java:logAndReturn(56)) - 8f18dce1-0a3d-4b65-9c78-af3d58b2da7f@group-091950D56227-LeaderElection339: Election TIMEOUT; received 0 response(s) [] and 0 exception(s); 8f18dce1-0a3d-4b65-9c78-af3d58b2da7f@group-091950D56227:t403, leader=null, voted=8f18dce1-0a3d-4b65-9c78-af3d58b2da7f, raftlog=8f18dce1-0a3d-4b65-9c78-af3d58b2da7f@group-091950D56227-SegmentedRaftLog:OPENED:c-1,f-1,i0, conf=-1: [8a63e1ae-032e-4bed-9f20-125a11f65413:0.0.0.0:38685, 8f18dce1-0a3d-4b65-9c78-af3d58b2da7f:0.0.0.0:42489, 7b1e61a0-7daf-43dd-99d5-9b325c1d31ae:0.0.0.0:38412], old=null
2019-10-20 17:40:44,998 [grpc-default-executor-2] INFO  impl.RaftServerImpl (RaftServerImpl.java:setRole(184)) - 8a63e1ae-032e-4bed-9f20-125a11f65413@group-091950D56227: changes role from  FOLLOWER to FOLLOWER at term 403 for recognizeCandidate:8f18dce1-0a3d-4b65-9c78-af3d58b2da7f
2019-10-20 17:40:44,998 [grpc-default-executor-1] INFO  impl.RaftServerImpl (RaftServerImpl.java:setRole(184)) - 7b1e61a0-7daf-43dd-99d5-9b325c1d31ae@group-091950D56227: changes role from  FOLLOWER to FOLLOWER at term 403 for recognizeCandidate:8f18dce1-0a3d-4b65-9c78-af3d58b2da7f
2019-10-20 17:40:44,998 [grpc-default-executor-2] INFO  impl.RoleInfo (RoleInfo.java:shutdownFollowerState(121)) - 8a63e1ae-032e-4bed-9f20-125a11f65413: shutdown FollowerState
2019-10-20 17:40:44,998 [grpc-default-executor-1] INFO  impl.RoleInfo (RoleInfo.java:shutdownFollowerState(121)) - 7b1e61a0-7daf-43dd-99d5-9b325c1d31ae: shutdown FollowerState
2019-10-20 17:40:44,998 [Thread-2432] INFO  impl.FollowerState (FollowerState.java:run(117)) - 8a63e1ae-032e-4bed-9f20-125a11f65413@group-091950D56227-FollowerState was interrupted: java.lang.InterruptedException: sleep interrupted
2019-10-20 17:40:44,998 [Thread-2431] INFO  impl.FollowerState (FollowerState.java:run(117)) - 7b1e61a0-7daf-43dd-99d5-9b325c1d31ae@group-091950D56227-FollowerState was interrupted: java.lang.InterruptedException: sleep interrupted
2019-10-20 17:40:44,998 [grpc-default-executor-2] INFO  impl.RoleInfo (RoleInfo.java:updateAndGet(143)) - 8a63e1ae-032e-4bed-9f20-125a11f65413: start FollowerState
2019-10-20 17:40:44,998 [grpc-default-executor-1] INFO  impl.RoleInfo (RoleInfo.java:updateAndGet(143)) - 7b1e61a0-7daf-43dd-99d5-9b325c1d31ae: start FollowerState
2019-10-20 17:40:45,034 [8f18dce1-0a3d-4b65-9c78-af3d58b2da7f@group-091950D56227-LeaderElection339] INFO  impl.LeaderElection (LeaderElection.java:askForVotes(178)) - 8f18dce1-0a3d-4b65-9c78-af3d58b2da7f@group-091950D56227-LeaderElection339: begin an election at term 404 for -1: [8a63e1ae-032e-4bed-9f20-125a11f65413:0.0.0.0:38685, 8f18dce1-0a3d-4b65-9c78-af3d58b2da7f:0.0.0.0:42489, 7b1e61a0-7daf-43dd-99d5-9b325c1d31ae:0.0.0.0:38412], old=null
2019-10-20 17:40:45,036 [grpc-default-executor-1] INFO  impl.RaftServerImpl (RaftServerImpl.java:setRole(184)) - 8a63e1ae-032e-4bed-9f20-125a11f65413@group-091950D56227: changes role from  FOLLOWER to FOLLOWER at term 404 for recognizeCandidate:8f18dce1-0a3d-4b65-9c78-af3d58b2da7f
2019-10-20 17:40:45,036 [grpc-default-executor-2] INFO  impl.RaftServerImpl (RaftServerImpl.java:setRole(184)) - 7b1e61a0-7daf-43dd-99d5-9b325c1d31ae@group-091950D56227: changes role from  FOLLOWER to FOLLOWER at term 404 for recognizeCandidate:8f18dce1-0a3d-4b65-9c78-af3d58b2da7f
2019-10-20 17:40:45,036 [grpc-default-executor-1] INFO  impl.RoleInfo (RoleInfo.java:shutdownFollowerState(121)) - 8a63e1ae-032e-4bed-9f20-125a11f65413: shutdown FollowerState
2019-10-20 17:40:45,036 [grpc-default-executor-2] INFO  impl.RoleInfo (RoleInfo.java:shutdownFollowerState(121)) - 7b1e61a0-7daf-43dd-99d5-9b325c1d31ae: shutdown FollowerState
2019-10-20 17:40:45,037 [Thread-2437] INFO  impl.FollowerState (FollowerState.java:run(117)) - 8a63e1ae-032e-4bed-9f20-125a11f65413@group-091950D56227-FollowerState was interrupted: java.lang.InterruptedException: sleep interrupted
2019-10-20 17:40:45,037 [grpc-default-executor-1] INFO  impl.RoleInfo (RoleInfo.java:updateAndGet(143)) - 8a63e1ae-032e-4bed-9f20-125a11f65413: start FollowerState
2019-10-20 17:40:45,037 [Thread-2438] INFO  impl.FollowerState (FollowerState.java:run(117)) - 7b1e61a0-7daf-43dd-99d5-9b325c1d31ae@group-091950D56227-FollowerState was interrupted: java.lang.InterruptedException: sleep interrupted
2019-10-20 17:40:45,037 [grpc-default-executor-2] INFO  impl.RoleInfo (RoleInfo.java:updateAndGet(143)) - 7b1e61a0-7daf-43dd-99d5-9b325c1d31ae: start FollowerState
2019-10-20 17:40:45,060 [8f18dce1-0a3d-4b65-9c78-af3d58b2da7f@group-091950D56227-LeaderElection339] INFO  impl.LeaderElection (LeaderElection.java:logAndReturn(56)) - 8f18dce1-0a3d-4b65-9c78-af3d58b2da7f@group-091950D56227-LeaderElection339: Election REJECTED; received 2 response(s) [8f18dce1-0a3d-4b65-9c78-af3d58b2da7f<-8a63e1ae-032e-4bed-9f20-125a11f65413#0:FAIL-t404, 8f18dce1-0a3d-4b65-9c78-af3d58b2da7f<-7b1e61a0-7daf-43dd-99d5-9b325c1d31ae#0:FAIL-t404] and 0 exception(s); 8f18dce1-0a3d-4b65-9c78-af3d58b2da7f@group-091950D56227:t404, leader=null, voted=8f18dce1-0a3d-4b65-9c78-af3d58b2da7f, raftlog=8f18dce1-0a3d-4b65-9c78-af3d58b2da7f@group-091950D56227-SegmentedRaftLog:OPENED:c-1,f-1,i0, conf=-1: [8a63e1ae-032e-4bed-9f20-125a11f65413:0.0.0.0:38685, 8f18dce1-0a3d-4b65-9c78-af3d58b2da7f:0.0.0.0:42489, 7b1e61a0-7daf-43dd-99d5-9b325c1d31ae:0.0.0.0:38412], old=null
2019-10-20 17:40:45,060 [8f18dce1-0a3d-4b65-9c78-af3d58b2da7f@group-091950D56227-LeaderElection339] INFO  impl.RaftServerImpl (RaftServerImpl.java:setRole(184)) - 8f18dce1-0a3d-4b65-9c78-af3d58b2da7f@group-091950D56227: changes role from CANDIDATE to FOLLOWER at term 404 for DISCOVERED_A_NEW_TERM
2019-10-20 17:40:45,060 [8f18dce1-0a3d-4b65-9c78-af3d58b2da7f@group-091950D56227-LeaderElection339] INFO  impl.RoleInfo (RoleInfo.java:shutdownLeaderElection(134)) - 8f18dce1-0a3d-4b65-9c78-af3d58b2da7f: shutdown LeaderElection
2019-10-20 17:40:45,061 [8f18dce1-0a3d-4b65-9c78-af3d58b2da7f@group-091950D56227-LeaderElection339] INFO  impl.RoleInfo (RoleInfo.java:updateAndGet(143)) - 8f18dce1-0a3d-4b65-9c78-af3d58b2da7f: start FollowerState
2019-10-20 17:40:45,148 [Thread-2443] INFO  impl.FollowerState (FollowerState.java:run(108)) - 8f18dce1-0a3d-4b65-9c78-af3d58b2da7f@group-091950D56227-FollowerState: change to CANDIDATE, lastRpcTime:87ms, electionTimeout:87ms
2019-10-20 17:40:45,148 [Thread-2443] INFO  impl.RoleInfo (RoleInfo.java:shutdownFollowerState(121)) - 8f18dce1-0a3d-4b65-9c78-af3d58b2da7f: shutdown FollowerState
2019-10-20 17:40:45,148 [Thread-2443] INFO  impl.RaftServerImpl (RaftServerImpl.java:setRole(184)) - 8f18dce1-0a3d-4b65-9c78-af3d58b2da7f@group-091950D56227: changes role from  FOLLOWER to CANDIDATE at term 404 for changeToCandidate
2019-10-20 17:40:45,148 [Thread-2443] INFO  impl.RoleInfo (RoleInfo.java:updateAndGet(143)) - 8f18dce1-0a3d-4b65-9c78-af3d58b2da7f: start LeaderElection
2019-10-20 17:40:45,177 [8f18dce1-0a3d-4b65-9c78-af3d58b2da7f@group-091950D56227-LeaderElection340] INFO  impl.LeaderElection (LeaderElection.java:askForVotes(178)) - 8f18dce1-0a3d-4b65-9c78-af3d58b2da7f@group-091950D56227-LeaderElection340: begin an election at term 405 for -1: [8a63e1ae-032e-4bed-9f20-125a11f65413:0.0.0.0:38685, 8f18dce1-0a3d-4b65-9c78-af3d58b2da7f:0.0.0.0:42489, 7b1e61a0-7daf-43dd-99d5-9b325c1d31ae:0.0.0.0:38412], old=null
2019-10-20 17:40:45,178 [grpc-default-executor-1] INFO  impl.RaftServerImpl (RaftServerImpl.java:setRole(184)) - 7b1e61a0-7daf-43dd-99d5-9b325c1d31ae@group-091950D56227: changes role from  FOLLOWER to FOLLOWER at term 405 for recognizeCandidate:8f18dce1-0a3d-4b65-9c78-af3d58b2da7f
2019-10-20 17:40:45,178 [grpc-default-executor-1] INFO  impl.RoleInfo (RoleInfo.java:shutdownFollowerState(121)) - 7b1e61a0-7daf-43dd-99d5-9b325c1d31ae: shutdown FollowerState
2019-10-20 17:40:45,178 [grpc-default-executor-2] INFO  impl.RaftServerImpl (RaftServerImpl.java:setRole(184)) - 8a63e1ae-032e-4bed-9f20-125a11f65413@group-091950D56227: changes role from  FOLLOWER to FOLLOWER at term 405 for recognizeCandidate:8f18dce1-0a3d-4b65-9c78-af3d58b2da7f
2019-10-20 17:40:45,179 [Thread-2442] INFO  impl.FollowerState (FollowerState.java:run(117)) - 7b1e61a0-7daf-43dd-99d5-9b325c1d31ae@group-091950D56227-FollowerState was interrupted: java.lang.InterruptedException: sleep interrupted
2019-10-20 17:40:45,179 [grpc-default-executor-1] INFO  impl.RoleInfo (RoleInfo.java:updateAndGet(143)) - 7b1e61a0-7daf-43dd-99d5-9b325c1d31ae: start FollowerState
2019-10-20 17:40:45,179 [grpc-default-executor-2] INFO  impl.RoleInfo (RoleInfo.java:shutdownFollowerState(121)) - 8a63e1ae-032e-4bed-9f20-125a11f65413: shutdown FollowerState
2019-10-20 17:40:45,179 [grpc-default-executor-2] INFO  impl.RoleInfo (RoleInfo.java:updateAndGet(143)) - 8a63e1ae-032e-4bed-9f20-125a11f65413: start FollowerState
2019-10-20 17:40:45,179 [Thread-2441] INFO  impl.FollowerState (FollowerState.java:run(117)) - 8a63e1ae-032e-4bed-9f20-125a11f65413@group-091950D56227-FollowerState was interrupted: java.lang.InterruptedException: sleep interrupted
2019-10-20 17:40:45,203 [8f18dce1-0a3d-4b65-9c78-af3d58b2da7f@group-091950D56227-LeaderElection340] INFO  impl.LeaderElection (LeaderElection.java:logAndReturn(56)) - 8f18dce1-0a3d-4b65-9c78-af3d58b2da7f@group-091950D56227-LeaderElection340: Election REJECTED; received 2 response(s) [8f18dce1-0a3d-4b65-9c78-af3d58b2da7f<-8a63e1ae-032e-4bed-9f20-125a11f65413#0:FAIL-t405, 8f18dce1-0a3d-4b65-9c78-af3d58b2da7f<-7b1e61a0-7daf-43dd-99d5-9b325c1d31ae#0:FAIL-t405] and 0 exception(s); 8f18dce1-0a3d-4b65-9c78-af3d58b2da7f@group-091950D56227:t405, leader=null, voted=8f18dce1-0a3d-4b65-9c78-af3d58b2da7f, raftlog=8f18dce1-0a3d-4b65-9c78-af3d58b2da7f@group-091950D56227-SegmentedRaftLog:OPENED:c-1,f-1,i0, conf=-1: [8a63e1ae-032e-4bed-9f20-125a11f65413:0.0.0.0:38685, 8f18dce1-0a3d-4b65-9c78-af3d58b2da7f:0.0.0.0:42489, 7b1e61a0-7daf-43dd-99d5-9b325c1d31ae:0.0.0.0:38412], old=null
2019-10-20 17:40:45,203 [8f18dce1-0a3d-4b65-9c78-af3d58b2da7f@group-091950D56227-LeaderElection340] INFO  impl.RaftServerImpl (RaftServerImpl.java:setRole(184)) - 8f18dce1-0a3d-4b65-9c78-af3d58b2da7f@group-091950D56227: changes role from CANDIDATE to FOLLOWER at term 405 for DISCOVERED_A_NEW_TERM
2019-10-20 17:40:45,203 [8f18dce1-0a3d-4b65-9c78-af3d58b2da7f@group-091950D56227-LeaderElection340] INFO  impl.RoleInfo (RoleInfo.java:shutdownLeaderElection(134)) - 8f18dce1-0a3d-4b65-9c78-af3d58b2da7f: shutdown LeaderElection
2019-10-20 17:40:45,203 [8f18dce1-0a3d-4b65-9c78-af3d58b2da7f@group-091950D56227-LeaderElection340] INFO  impl.RoleInfo (RoleInfo.java:updateAndGet(143)) - 8f18dce1-0a3d-4b65-9c78-af3d58b2da7f: start FollowerState
2019-10-20 17:40:45,249 [Thread-2449] INFO  impl.FollowerState (FollowerState.java:run(108)) - 8f18dce1-0a3d-4b65-9c78-af3d58b2da7f@group-091950D56227-FollowerState: change to CANDIDATE, lastRpcTime:46ms, electionTimeout:46ms
2019-10-20 17:40:45,250 [Thread-2449] INFO  impl.RoleInfo (RoleInfo.java:shutdownFollowerState(121)) - 8f18dce1-0a3d-4b65-9c78-af3d58b2da7f: shutdown FollowerState
2019-10-20 17:40:45,250 [Thread-2449] INFO  impl.RaftServerImpl (RaftServerImpl.java:setRole(184)) - 8f18dce1-0a3d-4b65-9c78-af3d58b2da7f@group-091950D56227: changes role from  FOLLOWER to CANDIDATE at term 405 for changeToCandidate
2019-10-20 17:40:45,250 [Thread-2449] INFO  impl.RoleInfo (RoleInfo.java:updateAndGet(143)) - 8f18dce1-0a3d-4b65-9c78-af3d58b2da7f: start LeaderElection
2019-10-20 17:40:45,278 [8f18dce1-0a3d-4b65-9c78-af3d58b2da7f@group-091950D56227-LeaderElection341] INFO  impl.LeaderElection (LeaderElection.java:askForVotes(178)) - 8f18dce1-0a3d-4b65-9c78-af3d58b2da7f@group-091950D56227-LeaderElection341: begin an election at term 406 for -1: [8a63e1ae-032e-4bed-9f20-125a11f65413:0.0.0.0:38685, 8f18dce1-0a3d-4b65-9c78-af3d58b2da7f:0.0.0.0:42489, 7b1e61a0-7daf-43dd-99d5-9b325c1d31ae:0.0.0.0:38412], old=null
2019-10-20 17:40:45,280 [grpc-default-executor-2] INFO  impl.RaftServerImpl (RaftServerImpl.java:setRole(184)) - 8a63e1ae-032e-4bed-9f20-125a11f65413@group-091950D56227: changes role from  FOLLOWER to FOLLOWER at term 406 for recognizeCandidate:8f18dce1-0a3d-4b65-9c78-af3d58b2da7f
2019-10-20 17:40:45,280 [grpc-default-executor-2] INFO  impl.RoleInfo (RoleInfo.java:shutdownFollowerState(121)) - 8a63e1ae-032e-4bed-9f20-125a11f65413: shutdown FollowerState
2019-10-20 17:40:45,280 [grpc-default-executor-2] INFO  impl.RoleInfo (RoleInfo.java:updateAndGet(143)) - 8a63e1ae-032e-4bed-9f20-125a11f65413: start FollowerState
2019-10-20 17:40:45,280 [Thread-2448] INFO  impl.FollowerState (FollowerState.java:run(117)) - 8a63e1ae-032e-4bed-9f20-125a11f65413@group-091950D56227-FollowerState was interrupted: java.lang.InterruptedException: sleep interrupted
2019-10-20 17:40:45,280 [grpc-default-executor-1] INFO  impl.RaftServerImpl (RaftServerImpl.java:setRole(184)) - 7b1e61a0-7daf-43dd-99d5-9b325c1d31ae@group-091950D56227: changes role from  FOLLOWER to FOLLOWER at term 406 for recognizeCandidate:8f18dce1-0a3d-4b65-9c78-af3d58b2da7f
2019-10-20 17:40:45,281 [grpc-default-executor-1] INFO  impl.RoleInfo (RoleInfo.java:shutdownFollowerState(121)) - 7b1e61a0-7daf-43dd-99d5-9b325c1d31ae: shutdown FollowerState
2019-10-20 17:40:45,281 [grpc-default-executor-1] INFO  impl.RoleInfo (RoleInfo.java:updateAndGet(143)) - 7b1e61a0-7daf-43dd-99d5-9b325c1d31ae: start FollowerState
2019-10-20 17:40:45,281 [Thread-2447] INFO  impl.FollowerState (FollowerState.java:run(117)) - 7b1e61a0-7daf-43dd-99d5-9b325c1d31ae@group-091950D56227-FollowerState was interrupted: java.lang.InterruptedException: sleep interrupted
2019-10-20 17:40:45,304 [8f18dce1-0a3d-4b65-9c78-af3d58b2da7f@group-091950D56227-LeaderElection341] INFO  impl.LeaderElection (LeaderElection.java:logAndReturn(56)) - 8f18dce1-0a3d-4b65-9c78-af3d58b2da7f@group-091950D56227-LeaderElection341: Election REJECTED; received 2 response(s) [8f18dce1-0a3d-4b65-9c78-af3d58b2da7f<-8a63e1ae-032e-4bed-9f20-125a11f65413#0:FAIL-t406, 8f18dce1-0a3d-4b65-9c78-af3d58b2da7f<-7b1e61a0-7daf-43dd-99d5-9b325c1d31ae#0:FAIL-t406] and 0 exception(s); 8f18dce1-0a3d-4b65-9c78-af3d58b2da7f@group-091950D56227:t406, leader=null, voted=8f18dce1-0a3d-4b65-9c78-af3d58b2da7f, raftlog=8f18dce1-0a3d-4b65-9c78-af3d58b2da7f@group-091950D56227-SegmentedRaftLog:OPENED:c-1,f-1,i0, conf=-1: [8a63e1ae-032e-4bed-9f20-125a11f65413:0.0.0.0:38685, 8f18dce1-0a3d-4b65-9c78-af3d58b2da7f:0.0.0.0:42489, 7b1e61a0-7daf-43dd-99d5-9b325c1d31ae:0.0.0.0:38412], old=null
2019-10-20 17:40:45,304 [8f18dce1-0a3d-4b65-9c78-af3d58b2da7f@group-091950D56227-LeaderElection341] INFO  impl.RaftServerImpl (RaftServerImpl.java:setRole(184)) - 8f18dce1-0a3d-4b65-9c78-af3d58b2da7f@group-091950D56227: changes role from CANDIDATE to FOLLOWER at term 406 for DISCOVERED_A_NEW_TERM
2019-10-20 17:40:45,305 [8f18dce1-0a3d-4b65-9c78-af3d58b2da7f@group-091950D56227-LeaderElection341] INFO  impl.RoleInfo (RoleInfo.java:shutdownLeaderElection(134)) - 8f18dce1-0a3d-4b65-9c78-af3d58b2da7f: shutdown LeaderElection
2019-10-20 17:40:45,305 [8f18dce1-0a3d-4b65-9c78-af3d58b2da7f@group-091950D56227-LeaderElection341] INFO  impl.RoleInfo (RoleInfo.java:updateAndGet(143)) - 8f18dce1-0a3d-4b65-9c78-af3d58b2da7f: start FollowerState
2019-10-20 17:40:45,481 [Thread-2455] INFO  impl.FollowerState (FollowerState.java:run(108)) - 8f18dce1-0a3d-4b65-9c78-af3d58b2da7f@group-091950D56227-FollowerState: change to CANDIDATE, lastRpcTime:176ms, electionTimeout:176ms
2019-10-20 17:40:45,481 [Thread-2455] INFO  impl.RoleInfo (RoleInfo.java:shutdownFollowerState(121)) - 8f18dce1-0a3d-4b65-9c78-af3d58b2da7f: shutdown FollowerState
2019-10-20 17:40:45,481 [Thread-2455] INFO  impl.RaftServerImpl (RaftServerImpl.java:setRole(184)) - 8f18dce1-0a3d-4b65-9c78-af3d58b2da7f@group-091950D56227: changes role from  FOLLOWER to CANDIDATE at term 406 for changeToCandidate
2019-10-20 17:40:45,481 [Thread-2455] INFO  impl.RoleInfo (RoleInfo.java:updateAndGet(143)) - 8f18dce1-0a3d-4b65-9c78-af3d58b2da7f: start LeaderElection
2019-10-20 17:40:45,513 [8f18dce1-0a3d-4b65-9c78-af3d58b2da7f@group-091950D56227-LeaderElection342] INFO  impl.LeaderElection (LeaderElection.java:askForVotes(178)) - 8f18dce1-0a3d-4b65-9c78-af3d58b2da7f@group-091950D56227-LeaderElection342: begin an election at term 407 for -1: [8a63e1ae-032e-4bed-9f20-125a11f65413:0.0.0.0:38685, 8f18dce1-0a3d-4b65-9c78-af3d58b2da7f:0.0.0.0:42489, 7b1e61a0-7daf-43dd-99d5-9b325c1d31ae:0.0.0.0:38412], old=null
2019-10-20 17:40:45,515 [grpc-default-executor-2] INFO  impl.RaftServerImpl (RaftServerImpl.java:setRole(184)) - 8a63e1ae-032e-4bed-9f20-125a11f65413@group-091950D56227: changes role from  FOLLOWER to FOLLOWER at term 407 for recognizeCandidate:8f18dce1-0a3d-4b65-9c78-af3d58b2da7f
2019-10-20 17:40:45,515 [grpc-default-executor-1] INFO  impl.RaftServerImpl (RaftServerImpl.java:setRole(184)) - 7b1e61a0-7daf-43dd-99d5-9b325c1d31ae@group-091950D56227: changes role from  FOLLOWER to FOLLOWER at term 407 for recognizeCandidate:8f18dce1-0a3d-4b65-9c78-af3d58b2da7f
2019-10-20 17:40:45,515 [grpc-default-executor-1] INFO  impl.RoleInfo (RoleInfo.java:shutdownFollowerState(121)) - 7b1e61a0-7daf-43dd-99d5-9b325c1d31ae: shutdown FollowerState
2019-10-20 17:40:45,515 [grpc-default-executor-2] INFO  impl.RoleInfo (RoleInfo.java:shutdownFollowerState(121)) - 8a63e1ae-032e-4bed-9f20-125a11f65413: shutdown FollowerState
2019-10-20 17:40:45,516 [Thread-2454] INFO  impl.FollowerState (FollowerState.java:run(117)) - 7b1e61a0-7daf-43dd-99d5-9b325c1d31ae@group-091950D56227-FollowerState was interrupted: java.lang.InterruptedException: sleep interrupted
2019-10-20 17:40:45,516 [grpc-default-executor-1] INFO  impl.RoleInfo (RoleInfo.java:updateAndGet(143)) - 7b1e61a0-7daf-43dd-99d5-9b325c1d31ae: start FollowerState
2019-10-20 17:40:45,516 [Thread-2453] INFO  impl.FollowerState (FollowerState.java:run(117)) - 8a63e1ae-032e-4bed-9f20-125a11f65413@group-091950D56227-FollowerState was interrupted: java.lang.InterruptedException: sleep interrupted
2019-10-20 17:40:45,516 [grpc-default-executor-2] INFO  impl.RoleInfo (RoleInfo.java:updateAndGet(143)) - 8a63e1ae-032e-4bed-9f20-125a11f65413: start FollowerState
2019-10-20 17:40:45,534 [8f18dce1-0a3d-4b65-9c78-af3d58b2da7f@group-091950D56227-LeaderElection342] INFO  impl.LeaderElection (LeaderElection.java:logAndReturn(56)) - 8f18dce1-0a3d-4b65-9c78-af3d58b2da7f@group-091950D56227-LeaderElection342: Election TIMEOUT; received 0 response(s) [] and 0 exception(s); 8f18dce1-0a3d-4b65-9c78-af3d58b2da7f@group-091950D56227:t407, leader=null, voted=8f18dce1-0a3d-4b65-9c78-af3d58b2da7f, raftlog=8f18dce1-0a3d-4b65-9c78-af3d58b2da7f@group-091950D56227-SegmentedRaftLog:OPENED:c-1,f-1,i0, conf=-1: [8a63e1ae-032e-4bed-9f20-125a11f65413:0.0.0.0:38685, 8f18dce1-0a3d-4b65-9c78-af3d58b2da7f:0.0.0.0:42489, 7b1e61a0-7daf-43dd-99d5-9b325c1d31ae:0.0.0.0:38412], old=null
2019-10-20 17:40:45,566 [8f18dce1-0a3d-4b65-9c78-af3d58b2da7f@group-091950D56227-LeaderElection342] INFO  impl.LeaderElection (LeaderElection.java:askForVotes(178)) - 8f18dce1-0a3d-4b65-9c78-af3d58b2da7f@group-091950D56227-LeaderElection342: begin an election at term 408 for -1: [8a63e1ae-032e-4bed-9f20-125a11f65413:0.0.0.0:38685, 8f18dce1-0a3d-4b65-9c78-af3d58b2da7f:0.0.0.0:42489, 7b1e61a0-7daf-43dd-99d5-9b325c1d31ae:0.0.0.0:38412], old=null
2019-10-20 17:40:45,568 [grpc-default-executor-2] INFO  impl.RaftServerImpl (RaftServerImpl.java:setRole(184)) - 8a63e1ae-032e-4bed-9f20-125a11f65413@group-091950D56227: changes role from  FOLLOWER to FOLLOWER at term 408 for recognizeCandidate:8f18dce1-0a3d-4b65-9c78-af3d58b2da7f
2019-10-20 17:40:45,568 [grpc-default-executor-2] INFO  impl.RoleInfo (RoleInfo.java:shutdownFollowerState(121)) - 8a63e1ae-032e-4bed-9f20-125a11f65413: shutdown FollowerState
2019-10-20 17:40:45,568 [grpc-default-executor-1] INFO  impl.RaftServerImpl (RaftServerImpl.java:setRole(184)) - 7b1e61a0-7daf-43dd-99d5-9b325c1d31ae@group-091950D56227: changes role from  FOLLOWER to FOLLOWER at term 408 for recognizeCandidate:8f18dce1-0a3d-4b65-9c78-af3d58b2da7f
2019-10-20 17:40:45,568 [Thread-2462] INFO  impl.FollowerState (FollowerState.java:run(117)) - 8a63e1ae-032e-4bed-9f20-125a11f65413@group-091950D56227-FollowerState was interrupted: java.lang.InterruptedException: sleep interrupted
2019-10-20 17:40:45,568 [grpc-default-executor-2] INFO  impl.RoleInfo (RoleInfo.java:updateAndGet(143)) - 8a63e1ae-032e-4bed-9f20-125a11f65413: start FollowerState
2019-10-20 17:40:45,568 [grpc-default-executor-1] INFO  impl.RoleInfo (RoleInfo.java:shutdownFollowerState(121)) - 7b1e61a0-7daf-43dd-99d5-9b325c1d31ae: shutdown FollowerState
2019-10-20 17:40:45,569 [grpc-default-executor-1] INFO  impl.RoleInfo (RoleInfo.java:updateAndGet(143)) - 7b1e61a0-7daf-43dd-99d5-9b325c1d31ae: start FollowerState
2019-10-20 17:40:45,569 [Thread-2461] INFO  impl.FollowerState (FollowerState.java:run(117)) - 7b1e61a0-7daf-43dd-99d5-9b325c1d31ae@group-091950D56227-FollowerState was interrupted: java.lang.InterruptedException: sleep interrupted
2019-10-20 17:40:45,592 [8f18dce1-0a3d-4b65-9c78-af3d58b2da7f@group-091950D56227-LeaderElection342] INFO  impl.LeaderElection (LeaderElection.java:logAndReturn(56)) - 8f18dce1-0a3d-4b65-9c78-af3d58b2da7f@group-091950D56227-LeaderElection342: Election REJECTED; received 2 response(s) [8f18dce1-0a3d-4b65-9c78-af3d58b2da7f<-8a63e1ae-032e-4bed-9f20-125a11f65413#0:FAIL-t408, 8f18dce1-0a3d-4b65-9c78-af3d58b2da7f<-7b1e61a0-7daf-43dd-99d5-9b325c1d31ae#0:FAIL-t408] and 0 exception(s); 8f18dce1-0a3d-4b65-9c78-af3d58b2da7f@group-091950D56227:t408, leader=null, voted=8f18dce1-0a3d-4b65-9c78-af3d58b2da7f, raftlog=8f18dce1-0a3d-4b65-9c78-af3d58b2da7f@group-091950D56227-SegmentedRaftLog:OPENED:c-1,f-1,i0, conf=-1: [8a63e1ae-032e-4bed-9f20-125a11f65413:0.0.0.0:38685, 8f18dce1-0a3d-4b65-9c78-af3d58b2da7f:0.0.0.0:42489, 7b1e61a0-7daf-43dd-99d5-9b325c1d31ae:0.0.0.0:38412], old=null
2019-10-20 17:40:45,592 [8f18dce1-0a3d-4b65-9c78-af3d58b2da7f@group-091950D56227-LeaderElection342] INFO  impl.RaftServerImpl (RaftServerImpl.java:setRole(184)) - 8f18dce1-0a3d-4b65-9c78-af3d58b2da7f@group-091950D56227: changes role from CANDIDATE to FOLLOWER at term 408 for DISCOVERED_A_NEW_TERM
2019-10-20 17:40:45,592 [8f18dce1-0a3d-4b65-9c78-af3d58b2da7f@group-091950D56227-LeaderElection342] INFO  impl.RoleInfo (RoleInfo.java:shutdownLeaderElection(134)) - 8f18dce1-0a3d-4b65-9c78-af3d58b2da7f: shutdown LeaderElection
2019-10-20 17:40:45,592 [8f18dce1-0a3d-4b65-9c78-af3d58b2da7f@group-091950D56227-LeaderElection342] INFO  impl.RoleInfo (RoleInfo.java:updateAndGet(143)) - 8f18dce1-0a3d-4b65-9c78-af3d58b2da7f: start FollowerState
2019-10-20 17:40:45,629 [Thread-2467] INFO  impl.FollowerState (FollowerState.java:run(108)) - 8f18dce1-0a3d-4b65-9c78-af3d58b2da7f@group-091950D56227-FollowerState: change to CANDIDATE, lastRpcTime:37ms, electionTimeout:37ms
2019-10-20 17:40:45,630 [Thread-2467] INFO  impl.RoleInfo (RoleInfo.java:shutdownFollowerState(121)) - 8f18dce1-0a3d-4b65-9c78-af3d58b2da7f: shutdown FollowerState
2019-10-20 17:40:45,630 [Thread-2467] INFO  impl.RaftServerImpl (RaftServerImpl.java:setRole(184)) - 8f18dce1-0a3d-4b65-9c78-af3d58b2da7f@group-091950D56227: changes role from  FOLLOWER to CANDIDATE at term 408 for changeToCandidate
2019-10-20 17:40:45,630 [Thread-2467] INFO  impl.RoleInfo (RoleInfo.java:updateAndGet(143)) - 8f18dce1-0a3d-4b65-9c78-af3d58b2da7f: start LeaderElection
2019-10-20 17:40:45,658 [8f18dce1-0a3d-4b65-9c78-af3d58b2da7f@group-091950D56227-LeaderElection343] INFO  impl.LeaderElection (LeaderElection.java:askForVotes(178)) - 8f18dce1-0a3d-4b65-9c78-af3d58b2da7f@group-091950D56227-LeaderElection343: begin an election at term 409 for -1: [8a63e1ae-032e-4bed-9f20-125a11f65413:0.0.0.0:38685, 8f18dce1-0a3d-4b65-9c78-af3d58b2da7f:0.0.0.0:42489, 7b1e61a0-7daf-43dd-99d5-9b325c1d31ae:0.0.0.0:38412], old=null
2019-10-20 17:40:45,660 [grpc-default-executor-2] INFO  impl.RaftServerImpl (RaftServerImpl.java:setRole(184)) - 8a63e1ae-032e-4bed-9f20-125a11f65413@group-091950D56227: changes role from  FOLLOWER to FOLLOWER at term 409 for recognizeCandidate:8f18dce1-0a3d-4b65-9c78-af3d58b2da7f
2019-10-20 17:40:45,660 [grpc-default-executor-1] INFO  impl.RaftServerImpl (RaftServerImpl.java:setRole(184)) - 7b1e61a0-7daf-43dd-99d5-9b325c1d31ae@group-091950D56227: changes role from  FOLLOWER to FOLLOWER at term 409 for recognizeCandidate:8f18dce1-0a3d-4b65-9c78-af3d58b2da7f
2019-10-20 17:40:45,661 [grpc-default-executor-1] INFO  impl.RoleInfo (RoleInfo.java:shutdownFollowerState(121)) - 7b1e61a0-7daf-43dd-99d5-9b325c1d31ae: shutdown FollowerState
2019-10-20 17:40:45,661 [grpc-default-executor-2] INFO  impl.RoleInfo (RoleInfo.java:shutdownFollowerState(121)) - 8a63e1ae-032e-4bed-9f20-125a11f65413: shutdown FollowerState
2019-10-20 17:40:45,661 [Thread-2466] INFO  impl.FollowerState (FollowerState.java:run(117)) - 7b1e61a0-7daf-43dd-99d5-9b325c1d31ae@group-091950D56227-FollowerState was interrupted: java.lang.InterruptedException: sleep interrupted
2019-10-20 17:40:45,661 [Thread-2465] INFO  impl.FollowerState (FollowerState.java:run(117)) - 8a63e1ae-032e-4bed-9f20-125a11f65413@group-091950D56227-FollowerState was interrupted: java.lang.InterruptedException: sleep interrupted
2019-10-20 17:40:45,661 [grpc-default-executor-1] INFO  impl.RoleInfo (RoleInfo.java:updateAndGet(143)) - 7b1e61a0-7daf-43dd-99d5-9b325c1d31ae: start FollowerState
2019-10-20 17:40:45,661 [grpc-default-executor-2] INFO  impl.RoleInfo (RoleInfo.java:updateAndGet(143)) - 8a63e1ae-032e-4bed-9f20-125a11f65413: start FollowerState
2019-10-20 17:40:45,674 [8f18dce1-0a3d-4b65-9c78-af3d58b2da7f@group-091950D56227-LeaderElection343] INFO  impl.LeaderElection (LeaderElection.java:logAndReturn(56)) - 8f18dce1-0a3d-4b65-9c78-af3d58b2da7f@group-091950D56227-LeaderElection343: Election TIMEOUT; received 0 response(s) [] and 0 exception(s); 8f18dce1-0a3d-4b65-9c78-af3d58b2da7f@group-091950D56227:t409, leader=null, voted=8f18dce1-0a3d-4b65-9c78-af3d58b2da7f, raftlog=8f18dce1-0a3d-4b65-9c78-af3d58b2da7f@group-091950D56227-SegmentedRaftLog:OPENED:c-1,f-1,i0, conf=-1: [8a63e1ae-032e-4bed-9f20-125a11f65413:0.0.0.0:38685, 8f18dce1-0a3d-4b65-9c78-af3d58b2da7f:0.0.0.0:42489, 7b1e61a0-7daf-43dd-99d5-9b325c1d31ae:0.0.0.0:38412], old=null
2019-10-20 17:40:45,701 [8f18dce1-0a3d-4b65-9c78-af3d58b2da7f@group-091950D56227-LeaderElection343] INFO  impl.LeaderElection (LeaderElection.java:askForVotes(178)) - 8f18dce1-0a3d-4b65-9c78-af3d58b2da7f@group-091950D56227-LeaderElection343: begin an election at term 410 for -1: [8a63e1ae-032e-4bed-9f20-125a11f65413:0.0.0.0:38685, 8f18dce1-0a3d-4b65-9c78-af3d58b2da7f:0.0.0.0:42489, 7b1e61a0-7daf-43dd-99d5-9b325c1d31ae:0.0.0.0:38412], old=null
2019-10-20 17:40:45,703 [grpc-default-executor-1] INFO  impl.RaftServerImpl (RaftServerImpl.java:setRole(184)) - 8a63e1ae-032e-4bed-9f20-125a11f65413@group-091950D56227: changes role from  FOLLOWER to FOLLOWER at term 410 for recognizeCandidate:8f18dce1-0a3d-4b65-9c78-af3d58b2da7f
2019-10-20 17:40:45,703 [grpc-default-executor-2] INFO  impl.RaftServerImpl (RaftServerImpl.java:setRole(184)) - 7b1e61a0-7daf-43dd-99d5-9b325c1d31ae@group-091950D56227: changes role from  FOLLOWER to FOLLOWER at term 410 for recognizeCandidate:8f18dce1-0a3d-4b65-9c78-af3d58b2da7f
2019-10-20 17:40:45,703 [grpc-default-executor-2] INFO  impl.RoleInfo (RoleInfo.java:shutdownFollowerState(121)) - 7b1e61a0-7daf-43dd-99d5-9b325c1d31ae: shutdown FollowerState
2019-10-20 17:40:45,703 [grpc-default-executor-1] INFO  impl.RoleInfo (RoleInfo.java:shutdownFollowerState(121)) - 8a63e1ae-032e-4bed-9f20-125a11f65413: shutdown FollowerState
2019-10-20 17:40:45,703 [Thread-2471] INFO  impl.FollowerState (FollowerState.java:run(117)) - 7b1e61a0-7daf-43dd-99d5-9b325c1d31ae@group-091950D56227-FollowerState was interrupted: java.lang.InterruptedException: sleep interrupted
2019-10-20 17:40:45,703 [grpc-default-executor-2] INFO  impl.RoleInfo (RoleInfo.java:updateAndGet(143)) - 7b1e61a0-7daf-43dd-99d5-9b325c1d31ae: start FollowerState
2019-10-20 17:40:45,703 [Thread-2472] INFO  impl.FollowerState (FollowerState.java:run(117)) - 8a63e1ae-032e-4bed-9f20-125a11f65413@group-091950D56227-FollowerState was interrupted: java.lang.InterruptedException: sleep interrupted
2019-10-20 17:40:45,703 [grpc-default-executor-1] INFO  impl.RoleInfo (RoleInfo.java:updateAndGet(143)) - 8a63e1ae-032e-4bed-9f20-125a11f65413: start FollowerState
2019-10-20 17:40:45,725 [8f18dce1-0a3d-4b65-9c78-af3d58b2da7f@group-091950D56227-LeaderElection343] INFO  impl.LeaderElection (LeaderElection.java:logAndReturn(56)) - 8f18dce1-0a3d-4b65-9c78-af3d58b2da7f@group-091950D56227-LeaderElection343: Election TIMEOUT; received 0 response(s) [] and 0 exception(s); 8f18dce1-0a3d-4b65-9c78-af3d58b2da7f@group-091950D56227:t410, leader=null, voted=8f18dce1-0a3d-4b65-9c78-af3d58b2da7f, raftlog=8f18dce1-0a3d-4b65-9c78-af3d58b2da7f@group-091950D56227-SegmentedRaftLog:OPENED:c-1,f-1,i0, conf=-1: [8a63e1ae-032e-4bed-9f20-125a11f65413:0.0.0.0:38685, 8f18dce1-0a3d-4b65-9c78-af3d58b2da7f:0.0.0.0:42489, 7b1e61a0-7daf-43dd-99d5-9b325c1d31ae:0.0.0.0:38412], old=null
2019-10-20 17:40:45,752 [8f18dce1-0a3d-4b65-9c78-af3d58b2da7f@group-091950D56227-LeaderElection343] INFO  impl.LeaderElection (LeaderElection.java:askForVotes(178)) - 8f18dce1-0a3d-4b65-9c78-af3d58b2da7f@group-091950D56227-LeaderElection343: begin an election at term 411 for -1: [8a63e1ae-032e-4bed-9f20-125a11f65413:0.0.0.0:38685, 8f18dce1-0a3d-4b65-9c78-af3d58b2da7f:0.0.0.0:42489, 7b1e61a0-7daf-43dd-99d5-9b325c1d31ae:0.0.0.0:38412], old=null
2019-10-20 17:40:45,753 [grpc-default-executor-1] INFO  impl.RaftServerImpl (RaftServerImpl.java:setRole(184)) - 8a63e1ae-032e-4bed-9f20-125a11f65413@group-091950D56227: changes role from  FOLLOWER to FOLLOWER at term 411 for recognizeCandidate:8f18dce1-0a3d-4b65-9c78-af3d58b2da7f
2019-10-20 17:40:45,754 [grpc-default-executor-1] INFO  impl.RoleInfo (RoleInfo.java:shutdownFollowerState(121)) - 8a63e1ae-032e-4bed-9f20-125a11f65413: shutdown FollowerState
2019-10-20 17:40:45,754 [grpc-default-executor-1] INFO  impl.RoleInfo (RoleInfo.java:updateAndGet(143)) - 8a63e1ae-032e-4bed-9f20-125a11f65413: start FollowerState
2019-10-20 17:40:45,754 [Thread-2476] INFO  impl.FollowerState (FollowerState.java:run(117)) - 8a63e1ae-032e-4bed-9f20-125a11f65413@group-091950D56227-FollowerState was interrupted: java.lang.InterruptedException: sleep interrupted
2019-10-20 17:40:45,754 [grpc-default-executor-2] INFO  impl.RaftServerImpl (RaftServerImpl.java:setRole(184)) - 7b1e61a0-7daf-43dd-99d5-9b325c1d31ae@group-091950D56227: changes role from  FOLLOWER to FOLLOWER at term 411 for recognizeCandidate:8f18dce1-0a3d-4b65-9c78-af3d58b2da7f
2019-10-20 17:40:45,754 [grpc-default-executor-2] INFO  impl.RoleInfo (RoleInfo.java:shutdownFollowerState(121)) - 7b1e61a0-7daf-43dd-99d5-9b325c1d31ae: shutdown FollowerState
2019-10-20 17:40:45,754 [grpc-default-executor-2] INFO  impl.RoleInfo (RoleInfo.java:updateAndGet(143)) - 7b1e61a0-7daf-43dd-99d5-9b325c1d31ae: start FollowerState
2019-10-20 17:40:45,754 [Thread-2475] INFO  impl.FollowerState (FollowerState.java:run(117)) - 7b1e61a0-7daf-43dd-99d5-9b325c1d31ae@group-091950D56227-FollowerState was interrupted: java.lang.InterruptedException: sleep interrupted
2019-10-20 17:40:45,778 [8f18dce1-0a3d-4b65-9c78-af3d58b2da7f@group-091950D56227-LeaderElection343] INFO  impl.LeaderElection (LeaderElection.java:logAndReturn(56)) - 8f18dce1-0a3d-4b65-9c78-af3d58b2da7f@group-091950D56227-LeaderElection343: Election REJECTED; received 2 response(s) [8f18dce1-0a3d-4b65-9c78-af3d58b2da7f<-8a63e1ae-032e-4bed-9f20-125a11f65413#0:FAIL-t411, 8f18dce1-0a3d-4b65-9c78-af3d58b2da7f<-7b1e61a0-7daf-43dd-99d5-9b325c1d31ae#0:FAIL-t411] and 0 exception(s); 8f18dce1-0a3d-4b65-9c78-af3d58b2da7f@group-091950D56227:t411, leader=null, voted=8f18dce1-0a3d-4b65-9c78-af3d58b2da7f, raftlog=8f18dce1-0a3d-4b65-9c78-af3d58b2da7f@group-091950D56227-SegmentedRaftLog:OPENED:c-1,f-1,i0, conf=-1: [8a63e1ae-032e-4bed-9f20-125a11f65413:0.0.0.0:38685, 8f18dce1-0a3d-4b65-9c78-af3d58b2da7f:0.0.0.0:42489, 7b1e61a0-7daf-43dd-99d5-9b325c1d31ae:0.0.0.0:38412], old=null
2019-10-20 17:40:45,779 [8f18dce1-0a3d-4b65-9c78-af3d58b2da7f@group-091950D56227-LeaderElection343] INFO  impl.RaftServerImpl (RaftServerImpl.java:setRole(184)) - 8f18dce1-0a3d-4b65-9c78-af3d58b2da7f@group-091950D56227: changes role from CANDIDATE to FOLLOWER at term 411 for DISCOVERED_A_NEW_TERM
2019-10-20 17:40:45,779 [8f18dce1-0a3d-4b65-9c78-af3d58b2da7f@group-091950D56227-LeaderElection343] INFO  impl.RoleInfo (RoleInfo.java:shutdownLeaderElection(134)) - 8f18dce1-0a3d-4b65-9c78-af3d58b2da7f: shutdown LeaderElection
2019-10-20 17:40:45,779 [8f18dce1-0a3d-4b65-9c78-af3d58b2da7f@group-091950D56227-LeaderElection343] INFO  impl.RoleInfo (RoleInfo.java:updateAndGet(143)) - 8f18dce1-0a3d-4b65-9c78-af3d58b2da7f: start FollowerState
2019-10-20 17:40:45,809 [Thread-2481] INFO  impl.FollowerState (FollowerState.java:run(108)) - 8f18dce1-0a3d-4b65-9c78-af3d58b2da7f@group-091950D56227-FollowerState: change to CANDIDATE, lastRpcTime:30ms, electionTimeout:30ms
2019-10-20 17:40:45,809 [Thread-2481] INFO  impl.RoleInfo (RoleInfo.java:shutdownFollowerState(121)) - 8f18dce1-0a3d-4b65-9c78-af3d58b2da7f: shutdown FollowerState
2019-10-20 17:40:45,810 [Thread-2481] INFO  impl.RaftServerImpl (RaftServerImpl.java:setRole(184)) - 8f18dce1-0a3d-4b65-9c78-af3d58b2da7f@group-091950D56227: changes role from  FOLLOWER to CANDIDATE at term 411 for changeToCandidate
2019-10-20 17:40:45,810 [Thread-2481] INFO  impl.RoleInfo (RoleInfo.java:updateAndGet(143)) - 8f18dce1-0a3d-4b65-9c78-af3d58b2da7f: start LeaderElection
2019-10-20 17:40:45,836 [8f18dce1-0a3d-4b65-9c78-af3d58b2da7f@group-091950D56227-LeaderElection344] INFO  impl.LeaderElection (LeaderElection.java:askForVotes(178)) - 8f18dce1-0a3d-4b65-9c78-af3d58b2da7f@group-091950D56227-LeaderElection344: begin an election at term 412 for -1: [8a63e1ae-032e-4bed-9f20-125a11f65413:0.0.0.0:38685, 8f18dce1-0a3d-4b65-9c78-af3d58b2da7f:0.0.0.0:42489, 7b1e61a0-7daf-43dd-99d5-9b325c1d31ae:0.0.0.0:38412], old=null
2019-10-20 17:40:45,839 [grpc-default-executor-1] INFO  impl.RaftServerImpl (RaftServerImpl.java:setRole(184)) - 7b1e61a0-7daf-43dd-99d5-9b325c1d31ae@group-091950D56227: changes role from  FOLLOWER to FOLLOWER at term 412 for recognizeCandidate:8f18dce1-0a3d-4b65-9c78-af3d58b2da7f
2019-10-20 17:40:45,839 [grpc-default-executor-1] INFO  impl.RoleInfo (RoleInfo.java:shutdownFollowerState(121)) - 7b1e61a0-7daf-43dd-99d5-9b325c1d31ae: shutdown FollowerState
2019-10-20 17:40:45,839 [grpc-default-executor-1] INFO  impl.RoleInfo (RoleInfo.java:updateAndGet(143)) - 7b1e61a0-7daf-43dd-99d5-9b325c1d31ae: start FollowerState
2019-10-20 17:40:45,839 [Thread-2480] INFO  impl.FollowerState (FollowerState.java:run(117)) - 7b1e61a0-7daf-43dd-99d5-9b325c1d31ae@group-091950D56227-FollowerState was interrupted: java.lang.InterruptedException: sleep interrupted
2019-10-20 17:40:45,839 [grpc-default-executor-2] INFO  impl.RaftServerImpl (RaftServerImpl.java:setRole(184)) - 8a63e1ae-032e-4bed-9f20-125a11f65413@group-091950D56227: changes role from  FOLLOWER to FOLLOWER at term 412 for recognizeCandidate:8f18dce1-0a3d-4b65-9c78-af3d58b2da7f
2019-10-20 17:40:45,840 [grpc-default-executor-2] INFO  impl.RoleInfo (RoleInfo.java:shutdownFollowerState(121)) - 8a63e1ae-032e-4bed-9f20-125a11f65413: shutdown FollowerState
2019-10-20 17:40:45,840 [Thread-2479] INFO  impl.FollowerState (FollowerState.java:run(117)) - 8a63e1ae-032e-4bed-9f20-125a11f65413@group-091950D56227-FollowerState was interrupted: java.lang.InterruptedException: sleep interrupted
2019-10-20 17:40:45,840 [grpc-default-executor-2] INFO  impl.RoleInfo (RoleInfo.java:updateAndGet(143)) - 8a63e1ae-032e-4bed-9f20-125a11f65413: start FollowerState
2019-10-20 17:40:45,840 [8f18dce1-0a3d-4b65-9c78-af3d58b2da7f@group-091950D56227-LeaderElection344] INFO  impl.LeaderElection (LeaderElection.java:logAndReturn(56)) - 8f18dce1-0a3d-4b65-9c78-af3d58b2da7f@group-091950D56227-LeaderElection344: Election TIMEOUT; received 0 response(s) [] and 0 exception(s); 8f18dce1-0a3d-4b65-9c78-af3d58b2da7f@group-091950D56227:t412, leader=null, voted=8f18dce1-0a3d-4b65-9c78-af3d58b2da7f, raftlog=8f18dce1-0a3d-4b65-9c78-af3d58b2da7f@group-091950D56227-SegmentedRaftLog:OPENED:c-1,f-1,i0, conf=-1: [8a63e1ae-032e-4bed-9f20-125a11f65413:0.0.0.0:38685, 8f18dce1-0a3d-4b65-9c78-af3d58b2da7f:0.0.0.0:42489, 7b1e61a0-7daf-43dd-99d5-9b325c1d31ae:0.0.0.0:38412], old=null
2019-10-20 17:40:45,862 [8f18dce1-0a3d-4b65-9c78-af3d58b2da7f@group-091950D56227-LeaderElection344] INFO  impl.LeaderElection (LeaderElection.java:askForVotes(178)) - 8f18dce1-0a3d-4b65-9c78-af3d58b2da7f@group-091950D56227-LeaderElection344: begin an election at term 413 for -1: [8a63e1ae-032e-4bed-9f20-125a11f65413:0.0.0.0:38685, 8f18dce1-0a3d-4b65-9c78-af3d58b2da7f:0.0.0.0:42489, 7b1e61a0-7daf-43dd-99d5-9b325c1d31ae:0.0.0.0:38412], old=null
2019-10-20 17:40:45,864 [grpc-default-executor-2] INFO  impl.RaftServerImpl (RaftServerImpl.java:setRole(184)) - 8a63e1ae-032e-4bed-9f20-125a11f65413@group-091950D56227: changes role from  FOLLOWER to FOLLOWER at term 413 for recognizeCandidate:8f18dce1-0a3d-4b65-9c78-af3d58b2da7f
2019-10-20 17:40:45,864 [grpc-default-executor-1] INFO  impl.RaftServerImpl (RaftServerImpl.java:setRole(184)) - 7b1e61a0-7daf-43dd-99d5-9b325c1d31ae@group-091950D56227: changes role from  FOLLOWER to FOLLOWER at term 413 for recognizeCandidate:8f18dce1-0a3d-4b65-9c78-af3d58b2da7f
2019-10-20 17:40:45,864 [grpc-default-executor-2] INFO  impl.RoleInfo (RoleInfo.java:shutdownFollowerState(121)) - 8a63e1ae-032e-4bed-9f20-125a11f65413: shutdown FollowerState
2019-10-20 17:40:45,864 [grpc-default-executor-1] INFO  impl.RoleInfo (RoleInfo.java:shutdownFollowerState(121)) - 7b1e61a0-7daf-43dd-99d5-9b325c1d31ae: shutdown FollowerState
2019-10-20 17:40:45,864 [Thread-2486] INFO  impl.FollowerState (FollowerState.java:run(117)) - 8a63e1ae-032e-4bed-9f20-125a11f65413@group-091950D56227-FollowerState was interrupted: java.lang.InterruptedException: sleep interrupted
2019-10-20 17:40:45,864 [grpc-default-executor-2] INFO  impl.RoleInfo (RoleInfo.java:updateAndGet(143)) - 8a63e1ae-032e-4bed-9f20-125a11f65413: start FollowerState
2019-10-20 17:40:45,864 [Thread-2485] INFO  impl.FollowerState (FollowerState.java:run(117)) - 7b1e61a0-7daf-43dd-99d5-9b325c1d31ae@group-091950D56227-FollowerState was interrupted: java.lang.InterruptedException: sleep interrupted
2019-10-20 17:40:45,864 [grpc-default-executor-1] INFO  impl.RoleInfo (RoleInfo.java:updateAndGet(143)) - 7b1e61a0-7daf-43dd-99d5-9b325c1d31ae: start FollowerState
2019-10-20 17:40:45,888 [8f18dce1-0a3d-4b65-9c78-af3d58b2da7f@group-091950D56227-LeaderElection344] INFO  impl.LeaderElection (LeaderElection.java:logAndReturn(56)) - 8f18dce1-0a3d-4b65-9c78-af3d58b2da7f@group-091950D56227-LeaderElection344: Election REJECTED; received 2 response(s) [8f18dce1-0a3d-4b65-9c78-af3d58b2da7f<-8a63e1ae-032e-4bed-9f20-125a11f65413#0:FAIL-t413, 8f18dce1-0a3d-4b65-9c78-af3d58b2da7f<-7b1e61a0-7daf-43dd-99d5-9b325c1d31ae#0:FAIL-t413] and 0 exception(s); 8f18dce1-0a3d-4b65-9c78-af3d58b2da7f@group-091950D56227:t413, leader=null, voted=8f18dce1-0a3d-4b65-9c78-af3d58b2da7f, raftlog=8f18dce1-0a3d-4b65-9c78-af3d58b2da7f@group-091950D56227-SegmentedRaftLog:OPENED:c-1,f-1,i0, conf=-1: [8a63e1ae-032e-4bed-9f20-125a11f65413:0.0.0.0:38685, 8f18dce1-0a3d-4b65-9c78-af3d58b2da7f:0.0.0.0:42489, 7b1e61a0-7daf-43dd-99d5-9b325c1d31ae:0.0.0.0:38412], old=null
2019-10-20 17:40:45,889 [8f18dce1-0a3d-4b65-9c78-af3d58b2da7f@group-091950D56227-LeaderElection344] INFO  impl.RaftServerImpl (RaftServerImpl.java:setRole(184)) - 8f18dce1-0a3d-4b65-9c78-af3d58b2da7f@group-091950D56227: changes role from CANDIDATE to FOLLOWER at term 413 for DISCOVERED_A_NEW_TERM
2019-10-20 17:40:45,889 [8f18dce1-0a3d-4b65-9c78-af3d58b2da7f@group-091950D56227-LeaderElection344] INFO  impl.RoleInfo (RoleInfo.java:shutdownLeaderElection(134)) - 8f18dce1-0a3d-4b65-9c78-af3d58b2da7f: shutdown LeaderElection
2019-10-20 17:40:45,889 [8f18dce1-0a3d-4b65-9c78-af3d58b2da7f@group-091950D56227-LeaderElection344] INFO  impl.RoleInfo (RoleInfo.java:updateAndGet(143)) - 8f18dce1-0a3d-4b65-9c78-af3d58b2da7f: start FollowerState
2019-10-20 17:40:45,909 [Thread-2491] INFO  impl.FollowerState (FollowerState.java:run(108)) - 8f18dce1-0a3d-4b65-9c78-af3d58b2da7f@group-091950D56227-FollowerState: change to CANDIDATE, lastRpcTime:20ms, electionTimeout:20ms
2019-10-20 17:40:45,909 [Thread-2491] INFO  impl.RoleInfo (RoleInfo.java:shutdownFollowerState(121)) - 8f18dce1-0a3d-4b65-9c78-af3d58b2da7f: shutdown FollowerState
2019-10-20 17:40:45,910 [Thread-2491] INFO  impl.RaftServerImpl (RaftServerImpl.java:setRole(184)) - 8f18dce1-0a3d-4b65-9c78-af3d58b2da7f@group-091950D56227: changes role from  FOLLOWER to CANDIDATE at term 413 for changeToCandidate
2019-10-20 17:40:45,910 [Thread-2491] INFO  impl.RoleInfo (RoleInfo.java:updateAndGet(143)) - 8f18dce1-0a3d-4b65-9c78-af3d58b2da7f: start LeaderElection
2019-10-20 17:40:45,938 [8f18dce1-0a3d-4b65-9c78-af3d58b2da7f@group-091950D56227-LeaderElection345] INFO  impl.LeaderElection (LeaderElection.java:askForVotes(178)) - 8f18dce1-0a3d-4b65-9c78-af3d58b2da7f@group-091950D56227-LeaderElection345: begin an election at term 414 for -1: [8a63e1ae-032e-4bed-9f20-125a11f65413:0.0.0.0:38685, 8f18dce1-0a3d-4b65-9c78-af3d58b2da7f:0.0.0.0:42489, 7b1e61a0-7daf-43dd-99d5-9b325c1d31ae:0.0.0.0:38412], old=null
2019-10-20 17:40:45,940 [grpc-default-executor-1] INFO  impl.RaftServerImpl (RaftServerImpl.java:setRole(184)) - 7b1e61a0-7daf-43dd-99d5-9b325c1d31ae@group-091950D56227: changes role from  FOLLOWER to FOLLOWER at term 414 for recognizeCandidate:8f18dce1-0a3d-4b65-9c78-af3d58b2da7f
2019-10-20 17:40:45,941 [grpc-default-executor-1] INFO  impl.RoleInfo (RoleInfo.java:shutdownFollowerState(121)) - 7b1e61a0-7daf-43dd-99d5-9b325c1d31ae: shutdown FollowerState
2019-10-20 17:40:45,940 [grpc-default-executor-2] INFO  impl.RaftServerImpl (RaftServerImpl.java:setRole(184)) - 8a63e1ae-032e-4bed-9f20-125a11f65413@group-091950D56227: changes role from  FOLLOWER to FOLLOWER at term 414 for recognizeCandidate:8f18dce1-0a3d-4b65-9c78-af3d58b2da7f
2019-10-20 17:40:45,941 [Thread-2490] INFO  impl.FollowerState (FollowerState.java:run(117)) - 7b1e61a0-7daf-43dd-99d5-9b325c1d31ae@group-091950D56227-FollowerState was interrupted: java.lang.InterruptedException: sleep interrupted
2019-10-20 17:40:45,941 [grpc-default-executor-1] INFO  impl.RoleInfo (RoleInfo.java:updateAndGet(143)) - 7b1e61a0-7daf-43dd-99d5-9b325c1d31ae: start FollowerState
2019-10-20 17:40:45,941 [grpc-default-executor-2] INFO  impl.RoleInfo (RoleInfo.java:shutdownFollowerState(121)) - 8a63e1ae-032e-4bed-9f20-125a11f65413: shutdown FollowerState
2019-10-20 17:40:45,941 [grpc-default-executor-2] INFO  impl.RoleInfo (RoleInfo.java:updateAndGet(143)) - 8a63e1ae-032e-4bed-9f20-125a11f65413: start FollowerState
2019-10-20 17:40:45,941 [Thread-2489] INFO  impl.FollowerState (FollowerState.java:run(117)) - 8a63e1ae-032e-4bed-9f20-125a11f65413@group-091950D56227-FollowerState was interrupted: java.lang.InterruptedException: sleep interrupted
2019-10-20 17:40:45,964 [8f18dce1-0a3d-4b65-9c78-af3d58b2da7f@group-091950D56227-LeaderElection345] INFO  impl.LeaderElection (LeaderElection.java:logAndReturn(56)) - 8f18dce1-0a3d-4b65-9c78-af3d58b2da7f@group-091950D56227-LeaderElection345: Election REJECTED; received 2 response(s) [8f18dce1-0a3d-4b65-9c78-af3d58b2da7f<-8a63e1ae-032e-4bed-9f20-125a11f65413#0:FAIL-t414, 8f18dce1-0a3d-4b65-9c78-af3d58b2da7f<-7b1e61a0-7daf-43dd-99d5-9b325c1d31ae#0:FAIL-t414] and 0 exception(s); 8f18dce1-0a3d-4b65-9c78-af3d58b2da7f@group-091950D56227:t414, leader=null, voted=8f18dce1-0a3d-4b65-9c78-af3d58b2da7f, raftlog=8f18dce1-0a3d-4b65-9c78-af3d58b2da7f@group-091950D56227-SegmentedRaftLog:OPENED:c-1,f-1,i0, conf=-1: [8a63e1ae-032e-4bed-9f20-125a11f65413:0.0.0.0:38685, 8f18dce1-0a3d-4b65-9c78-af3d58b2da7f:0.0.0.0:42489, 7b1e61a0-7daf-43dd-99d5-9b325c1d31ae:0.0.0.0:38412], old=null
2019-10-20 17:40:45,965 [8f18dce1-0a3d-4b65-9c78-af3d58b2da7f@group-091950D56227-LeaderElection345] INFO  impl.RaftServerImpl (RaftServerImpl.java:setRole(184)) - 8f18dce1-0a3d-4b65-9c78-af3d58b2da7f@group-091950D56227: changes role from CANDIDATE to FOLLOWER at term 414 for DISCOVERED_A_NEW_TERM
2019-10-20 17:40:45,965 [8f18dce1-0a3d-4b65-9c78-af3d58b2da7f@group-091950D56227-LeaderElection345] INFO  impl.RoleInfo (RoleInfo.java:shutdownLeaderElection(134)) - 8f18dce1-0a3d-4b65-9c78-af3d58b2da7f: shutdown LeaderElection
2019-10-20 17:40:45,965 [8f18dce1-0a3d-4b65-9c78-af3d58b2da7f@group-091950D56227-LeaderElection345] INFO  impl.RoleInfo (RoleInfo.java:updateAndGet(143)) - 8f18dce1-0a3d-4b65-9c78-af3d58b2da7f: start FollowerState
2019-10-20 17:40:46,113 [Thread-2497] INFO  impl.FollowerState (FollowerState.java:run(108)) - 8f18dce1-0a3d-4b65-9c78-af3d58b2da7f@group-091950D56227-FollowerState: change to CANDIDATE, lastRpcTime:148ms, electionTimeout:148ms
2019-10-20 17:40:46,114 [Thread-2497] INFO  impl.RoleInfo (RoleInfo.java:shutdownFollowerState(121)) - 8f18dce1-0a3d-4b65-9c78-af3d58b2da7f: shutdown FollowerState
2019-10-20 17:40:46,114 [Thread-2497] INFO  impl.RaftServerImpl (RaftServerImpl.java:setRole(184)) - 8f18dce1-0a3d-4b65-9c78-af3d58b2da7f@group-091950D56227: changes role from  FOLLOWER to CANDIDATE at term 414 for changeToCandidate
2019-10-20 17:40:46,114 [Thread-2497] INFO  impl.RoleInfo (RoleInfo.java:updateAndGet(143)) - 8f18dce1-0a3d-4b65-9c78-af3d58b2da7f: start LeaderElection
2019-10-20 17:40:46,139 [8f18dce1-0a3d-4b65-9c78-af3d58b2da7f@group-091950D56227-LeaderElection346] INFO  impl.LeaderElection (LeaderElection.java:askForVotes(178)) - 8f18dce1-0a3d-4b65-9c78-af3d58b2da7f@group-091950D56227-LeaderElection346: begin an election at term 415 for -1: [8a63e1ae-032e-4bed-9f20-125a11f65413:0.0.0.0:38685, 8f18dce1-0a3d-4b65-9c78-af3d58b2da7f:0.0.0.0:42489, 7b1e61a0-7daf-43dd-99d5-9b325c1d31ae:0.0.0.0:38412], old=null
2019-10-20 17:40:46,141 [grpc-default-executor-2] INFO  impl.RaftServerImpl (RaftServerImpl.java:setRole(184)) - 7b1e61a0-7daf-43dd-99d5-9b325c1d31ae@group-091950D56227: changes role from  FOLLOWER to FOLLOWER at term 415 for recognizeCandidate:8f18dce1-0a3d-4b65-9c78-af3d58b2da7f
2019-10-20 17:40:46,141 [grpc-default-executor-2] INFO  impl.RoleInfo (RoleInfo.java:shutdownFollowerState(121)) - 7b1e61a0-7daf-43dd-99d5-9b325c1d31ae: shutdown FollowerState
2019-10-20 17:40:46,141 [grpc-default-executor-1] INFO  impl.RaftServerImpl (RaftServerImpl.java:setRole(184)) - 8a63e1ae-032e-4bed-9f20-125a11f65413@group-091950D56227: changes role from  FOLLOWER to FOLLOWER at term 415 for recognizeCandidate:8f18dce1-0a3d-4b65-9c78-af3d58b2da7f
2019-10-20 17:40:46,141 [grpc-default-executor-2] INFO  impl.RoleInfo (RoleInfo.java:updateAndGet(143)) - 7b1e61a0-7daf-43dd-99d5-9b325c1d31ae: start FollowerState
2019-10-20 17:40:46,141 [Thread-2495] INFO  impl.FollowerState (FollowerState.java:run(117)) - 7b1e61a0-7daf-43dd-99d5-9b325c1d31ae@group-091950D56227-FollowerState was interrupted: java.lang.InterruptedException: sleep interrupted
2019-10-20 17:40:46,141 [grpc-default-executor-1] INFO  impl.RoleInfo (RoleInfo.java:shutdownFollowerState(121)) - 8a63e1ae-032e-4bed-9f20-125a11f65413: shutdown FollowerState
2019-10-20 17:40:46,142 [grpc-default-executor-1] INFO  impl.RoleInfo (RoleInfo.java:updateAndGet(143)) - 8a63e1ae-032e-4bed-9f20-125a11f65413: start FollowerState
2019-10-20 17:40:46,142 [Thread-2496] INFO  impl.FollowerState (FollowerState.java:run(117)) - 8a63e1ae-032e-4bed-9f20-125a11f65413@group-091950D56227-FollowerState was interrupted: java.lang.InterruptedException: sleep interrupted
2019-10-20 17:40:46,147 [8f18dce1-0a3d-4b65-9c78-af3d58b2da7f@group-091950D56227-LeaderElection346] INFO  impl.LeaderElection (LeaderElection.java:logAndReturn(56)) - 8f18dce1-0a3d-4b65-9c78-af3d58b2da7f@group-091950D56227-LeaderElection346: Election TIMEOUT; received 0 response(s) [] and 0 exception(s); 8f18dce1-0a3d-4b65-9c78-af3d58b2da7f@group-091950D56227:t415, leader=null, voted=8f18dce1-0a3d-4b65-9c78-af3d58b2da7f, raftlog=8f18dce1-0a3d-4b65-9c78-af3d58b2da7f@group-091950D56227-SegmentedRaftLog:OPENED:c-1,f-1,i0, conf=-1: [8a63e1ae-032e-4bed-9f20-125a11f65413:0.0.0.0:38685, 8f18dce1-0a3d-4b65-9c78-af3d58b2da7f:0.0.0.0:42489, 7b1e61a0-7daf-43dd-99d5-9b325c1d31ae:0.0.0.0:38412], old=null
2019-10-20 17:40:46,165 [8f18dce1-0a3d-4b65-9c78-af3d58b2da7f@group-091950D56227-LeaderElection346] INFO  impl.LeaderElection (LeaderElection.java:askForVotes(178)) - 8f18dce1-0a3d-4b65-9c78-af3d58b2da7f@group-091950D56227-LeaderElection346: begin an election at term 416 for -1: [8a63e1ae-032e-4bed-9f20-125a11f65413:0.0.0.0:38685, 8f18dce1-0a3d-4b65-9c78-af3d58b2da7f:0.0.0.0:42489, 7b1e61a0-7daf-43dd-99d5-9b325c1d31ae:0.0.0.0:38412], old=null
2019-10-20 17:40:46,166 [grpc-default-executor-1] INFO  impl.RaftServerImpl (RaftServerImpl.java:setRole(184)) - 8a63e1ae-032e-4bed-9f20-125a11f65413@group-091950D56227: changes role from  FOLLOWER to FOLLOWER at term 416 for recognizeCandidate:8f18dce1-0a3d-4b65-9c78-af3d58b2da7f
2019-10-20 17:40:46,166 [grpc-default-executor-2] INFO  impl.RaftServerImpl (RaftServerImpl.java:setRole(184)) - 7b1e61a0-7daf-43dd-99d5-9b325c1d31ae@group-091950D56227: changes role from  FOLLOWER to FOLLOWER at term 416 for recognizeCandidate:8f18dce1-0a3d-4b65-9c78-af3d58b2da7f
2019-10-20 17:40:46,167 [grpc-default-executor-1] INFO  impl.RoleInfo (RoleInfo.java:shutdownFollowerState(121)) - 8a63e1ae-032e-4bed-9f20-125a11f65413: shutdown FollowerState
2019-10-20 17:40:46,167 [grpc-default-executor-2] INFO  impl.RoleInfo (RoleInfo.java:shutdownFollowerState(121)) - 7b1e61a0-7daf-43dd-99d5-9b325c1d31ae: shutdown FollowerState
2019-10-20 17:40:46,167 [Thread-2502] INFO  impl.FollowerState (FollowerState.java:run(117)) - 8a63e1ae-032e-4bed-9f20-125a11f65413@group-091950D56227-FollowerState was interrupted: java.lang.InterruptedException: sleep interrupted
2019-10-20 17:40:46,167 [grpc-default-executor-1] INFO  impl.RoleInfo (RoleInfo.java:updateAndGet(143)) - 8a63e1ae-032e-4bed-9f20-125a11f65413: start FollowerState
2019-10-20 17:40:46,167 [Thread-2501] INFO  impl.FollowerState (FollowerState.java:run(117)) - 7b1e61a0-7daf-43dd-99d5-9b325c1d31ae@group-091950D56227-FollowerState was interrupted: java.lang.InterruptedException: sleep interrupted
2019-10-20 17:40:46,167 [grpc-default-executor-2] INFO  impl.RoleInfo (RoleInfo.java:updateAndGet(143)) - 7b1e61a0-7daf-43dd-99d5-9b325c1d31ae: start FollowerState
2019-10-20 17:40:46,173 [8f18dce1-0a3d-4b65-9c78-af3d58b2da7f@group-091950D56227-LeaderElection346] INFO  impl.LeaderElection (LeaderElection.java:logAndReturn(56)) - 8f18dce1-0a3d-4b65-9c78-af3d58b2da7f@group-091950D56227-LeaderElection346: Election TIMEOUT; received 0 response(s) [] and 0 exception(s); 8f18dce1-0a3d-4b65-9c78-af3d58b2da7f@group-091950D56227:t416, leader=null, voted=8f18dce1-0a3d-4b65-9c78-af3d58b2da7f, raftlog=8f18dce1-0a3d-4b65-9c78-af3d58b2da7f@group-091950D56227-SegmentedRaftLog:OPENED:c-1,f-1,i0, conf=-1: [8a63e1ae-032e-4bed-9f20-125a11f65413:0.0.0.0:38685, 8f18dce1-0a3d-4b65-9c78-af3d58b2da7f:0.0.0.0:42489, 7b1e61a0-7daf-43dd-99d5-9b325c1d31ae:0.0.0.0:38412], old=null
2019-10-20 17:40:46,192 [8f18dce1-0a3d-4b65-9c78-af3d58b2da7f@group-091950D56227-LeaderElection346] INFO  impl.LeaderElection (LeaderElection.java:askForVotes(178)) - 8f18dce1-0a3d-4b65-9c78-af3d58b2da7f@group-091950D56227-LeaderElection346: begin an election at term 417 for -1: [8a63e1ae-032e-4bed-9f20-125a11f65413:0.0.0.0:38685, 8f18dce1-0a3d-4b65-9c78-af3d58b2da7f:0.0.0.0:42489, 7b1e61a0-7daf-43dd-99d5-9b325c1d31ae:0.0.0.0:38412], old=null
2019-10-20 17:40:46,193 [grpc-default-executor-1] INFO  impl.RaftServerImpl (RaftServerImpl.java:setRole(184)) - 7b1e61a0-7daf-43dd-99d5-9b325c1d31ae@group-091950D56227: changes role from  FOLLOWER to FOLLOWER at term 417 for recognizeCandidate:8f18dce1-0a3d-4b65-9c78-af3d58b2da7f
2019-10-20 17:40:46,193 [grpc-default-executor-2] INFO  impl.RaftServerImpl (RaftServerImpl.java:setRole(184)) - 8a63e1ae-032e-4bed-9f20-125a11f65413@group-091950D56227: changes role from  FOLLOWER to FOLLOWER at term 417 for recognizeCandidate:8f18dce1-0a3d-4b65-9c78-af3d58b2da7f
2019-10-20 17:40:46,193 [grpc-default-executor-1] INFO  impl.RoleInfo (RoleInfo.java:shutdownFollowerState(121)) - 7b1e61a0-7daf-43dd-99d5-9b325c1d31ae: shutdown FollowerState
2019-10-20 17:40:46,193 [grpc-default-executor-2] INFO  impl.RoleInfo (RoleInfo.java:shutdownFollowerState(121)) - 8a63e1ae-032e-4bed-9f20-125a11f65413: shutdown FollowerState
2019-10-20 17:40:46,193 [grpc-default-executor-1] INFO  impl.RoleInfo (RoleInfo.java:updateAndGet(143)) - 7b1e61a0-7daf-43dd-99d5-9b325c1d31ae: start FollowerState
2019-10-20 17:40:46,193 [Thread-2505] INFO  impl.FollowerState (FollowerState.java:run(117)) - 8a63e1ae-032e-4bed-9f20-125a11f65413@group-091950D56227-FollowerState was interrupted: java.lang.InterruptedException: sleep interrupted
2019-10-20 17:40:46,193 [grpc-default-executor-2] INFO  impl.RoleInfo (RoleInfo.java:updateAndGet(143)) - 8a63e1ae-032e-4bed-9f20-125a11f65413: start FollowerState
2019-10-20 17:40:46,193 [Thread-2506] INFO  impl.FollowerState (FollowerState.java:run(117)) - 7b1e61a0-7daf-43dd-99d5-9b325c1d31ae@group-091950D56227-FollowerState was interrupted: java.lang.InterruptedException: sleep interrupted
2019-10-20 17:40:46,218 [8f18dce1-0a3d-4b65-9c78-af3d58b2da7f@group-091950D56227-LeaderElection346] INFO  impl.LeaderElection (LeaderElection.java:logAndReturn(56)) - 8f18dce1-0a3d-4b65-9c78-af3d58b2da7f@group-091950D56227-LeaderElection346: Election REJECTED; received 2 response(s) [8f18dce1-0a3d-4b65-9c78-af3d58b2da7f<-8a63e1ae-032e-4bed-9f20-125a11f65413#0:FAIL-t417, 8f18dce1-0a3d-4b65-9c78-af3d58b2da7f<-7b1e61a0-7daf-43dd-99d5-9b325c1d31ae#0:FAIL-t417] and 0 exception(s); 8f18dce1-0a3d-4b65-9c78-af3d58b2da7f@group-091950D56227:t417, leader=null, voted=8f18dce1-0a3d-4b65-9c78-af3d58b2da7f, raftlog=8f18dce1-0a3d-4b65-9c78-af3d58b2da7f@group-091950D56227-SegmentedRaftLog:OPENED:c-1,f-1,i0, conf=-1: [8a63e1ae-032e-4bed-9f20-125a11f65413:0.0.0.0:38685, 8f18dce1-0a3d-4b65-9c78-af3d58b2da7f:0.0.0.0:42489, 7b1e61a0-7daf-43dd-99d5-9b325c1d31ae:0.0.0.0:38412], old=null
2019-10-20 17:40:46,218 [8f18dce1-0a3d-4b65-9c78-af3d58b2da7f@group-091950D56227-LeaderElection346] INFO  impl.RaftServerImpl (RaftServerImpl.java:setRole(184)) - 8f18dce1-0a3d-4b65-9c78-af3d58b2da7f@group-091950D56227: changes role from CANDIDATE to FOLLOWER at term 417 for DISCOVERED_A_NEW_TERM
2019-10-20 17:40:46,218 [8f18dce1-0a3d-4b65-9c78-af3d58b2da7f@group-091950D56227-LeaderElection346] INFO  impl.RoleInfo (RoleInfo.java:shutdownLeaderElection(134)) - 8f18dce1-0a3d-4b65-9c78-af3d58b2da7f: shutdown LeaderElection
2019-10-20 17:40:46,218 [8f18dce1-0a3d-4b65-9c78-af3d58b2da7f@group-091950D56227-LeaderElection346] INFO  impl.RoleInfo (RoleInfo.java:updateAndGet(143)) - 8f18dce1-0a3d-4b65-9c78-af3d58b2da7f: start FollowerState
2019-10-20 17:40:46,273 [Thread-2511] INFO  impl.FollowerState (FollowerState.java:run(108)) - 8f18dce1-0a3d-4b65-9c78-af3d58b2da7f@group-091950D56227-FollowerState: change to CANDIDATE, lastRpcTime:54ms, electionTimeout:54ms
2019-10-20 17:40:46,273 [Thread-2511] INFO  impl.RoleInfo (RoleInfo.java:shutdownFollowerState(121)) - 8f18dce1-0a3d-4b65-9c78-af3d58b2da7f: shutdown FollowerState
2019-10-20 17:40:46,273 [Thread-2511] INFO  impl.RaftServerImpl (RaftServerImpl.java:setRole(184)) - 8f18dce1-0a3d-4b65-9c78-af3d58b2da7f@group-091950D56227: changes role from  FOLLOWER to CANDIDATE at term 417 for changeToCandidate
2019-10-20 17:40:46,273 [Thread-2511] INFO  impl.RoleInfo (RoleInfo.java:updateAndGet(143)) - 8f18dce1-0a3d-4b65-9c78-af3d58b2da7f: start LeaderElection
2019-10-20 17:40:46,301 [8f18dce1-0a3d-4b65-9c78-af3d58b2da7f@group-091950D56227-LeaderElection347] INFO  impl.LeaderElection (LeaderElection.java:askForVotes(178)) - 8f18dce1-0a3d-4b65-9c78-af3d58b2da7f@group-091950D56227-LeaderElection347: begin an election at term 418 for -1: [8a63e1ae-032e-4bed-9f20-125a11f65413:0.0.0.0:38685, 8f18dce1-0a3d-4b65-9c78-af3d58b2da7f:0.0.0.0:42489, 7b1e61a0-7daf-43dd-99d5-9b325c1d31ae:0.0.0.0:38412], old=null
2019-10-20 17:40:46,303 [grpc-default-executor-1] INFO  impl.RaftServerImpl (RaftServerImpl.java:setRole(184)) - 7b1e61a0-7daf-43dd-99d5-9b325c1d31ae@group-091950D56227: changes role from  FOLLOWER to FOLLOWER at term 418 for recognizeCandidate:8f18dce1-0a3d-4b65-9c78-af3d58b2da7f
2019-10-20 17:40:46,303 [grpc-default-executor-2] INFO  impl.RaftServerImpl (RaftServerImpl.java:setRole(184)) - 8a63e1ae-032e-4bed-9f20-125a11f65413@group-091950D56227: changes role from  FOLLOWER to FOLLOWER at term 418 for recognizeCandidate:8f18dce1-0a3d-4b65-9c78-af3d58b2da7f
2019-10-20 17:40:46,303 [grpc-default-executor-2] INFO  impl.RoleInfo (RoleInfo.java:shutdownFollowerState(121)) - 8a63e1ae-032e-4bed-9f20-125a11f65413: shutdown FollowerState
2019-10-20 17:40:46,303 [grpc-default-executor-1] INFO  impl.RoleInfo (RoleInfo.java:shutdownFollowerState(121)) - 7b1e61a0-7daf-43dd-99d5-9b325c1d31ae: shutdown FollowerState
2019-10-20 17:40:46,303 [Thread-2510] INFO  impl.FollowerState (FollowerState.java:run(117)) - 8a63e1ae-032e-4bed-9f20-125a11f65413@group-091950D56227-FollowerState was interrupted: java.lang.InterruptedException: sleep interrupted
2019-10-20 17:40:46,303 [grpc-default-executor-2] INFO  impl.RoleInfo (RoleInfo.java:updateAndGet(143)) - 8a63e1ae-032e-4bed-9f20-125a11f65413: start FollowerState
2019-10-20 17:40:46,303 [Thread-2509] INFO  impl.FollowerState (FollowerState.java:run(117)) - 7b1e61a0-7daf-43dd-99d5-9b325c1d31ae@group-091950D56227-FollowerState was interrupted: java.lang.InterruptedException: sleep interrupted
2019-10-20 17:40:46,303 [grpc-default-executor-1] INFO  impl.RoleInfo (RoleInfo.java:updateAndGet(143)) - 7b1e61a0-7daf-43dd-99d5-9b325c1d31ae: start FollowerState
2019-10-20 17:40:46,319 [8f18dce1-0a3d-4b65-9c78-af3d58b2da7f@group-091950D56227-LeaderElection347] INFO  impl.LeaderElection (LeaderElection.java:logAndReturn(56)) - 8f18dce1-0a3d-4b65-9c78-af3d58b2da7f@group-091950D56227-LeaderElection347: Election REJECTED; received 2 response(s) [8f18dce1-0a3d-4b65-9c78-af3d58b2da7f<-8a63e1ae-032e-4bed-9f20-125a11f65413#0:FAIL-t418, 8f18dce1-0a3d-4b65-9c78-af3d58b2da7f<-7b1e61a0-7daf-43dd-99d5-9b325c1d31ae#0:FAIL-t418] and 0 exception(s); 8f18dce1-0a3d-4b65-9c78-af3d58b2da7f@group-091950D56227:t418, leader=null, voted=8f18dce1-0a3d-4b65-9c78-af3d58b2da7f, raftlog=8f18dce1-0a3d-4b65-9c78-af3d58b2da7f@group-091950D56227-SegmentedRaftLog:OPENED:c-1,f-1,i0, conf=-1: [8a63e1ae-032e-4bed-9f20-125a11f65413:0.0.0.0:38685, 8f18dce1-0a3d-4b65-9c78-af3d58b2da7f:0.0.0.0:42489, 7b1e61a0-7daf-43dd-99d5-9b325c1d31ae:0.0.0.0:38412], old=null
2019-10-20 17:40:46,319 [8f18dce1-0a3d-4b65-9c78-af3d58b2da7f@group-091950D56227-LeaderElection347] INFO  impl.RaftServerImpl (RaftServerImpl.java:setRole(184)) - 8f18dce1-0a3d-4b65-9c78-af3d58b2da7f@group-091950D56227: changes role from CANDIDATE to FOLLOWER at term 418 for DISCOVERED_A_NEW_TERM
2019-10-20 17:40:46,319 [8f18dce1-0a3d-4b65-9c78-af3d58b2da7f@group-091950D56227-LeaderElection347] INFO  impl.RoleInfo (RoleInfo.java:shutdownLeaderElection(134)) - 8f18dce1-0a3d-4b65-9c78-af3d58b2da7f: shutdown LeaderElection
2019-10-20 17:40:46,319 [8f18dce1-0a3d-4b65-9c78-af3d58b2da7f@group-091950D56227-LeaderElection347] INFO  impl.RoleInfo (RoleInfo.java:updateAndGet(143)) - 8f18dce1-0a3d-4b65-9c78-af3d58b2da7f: start FollowerState
2019-10-20 17:40:46,354 [Thread-2517] INFO  impl.FollowerState (FollowerState.java:run(108)) - 8f18dce1-0a3d-4b65-9c78-af3d58b2da7f@group-091950D56227-FollowerState: change to CANDIDATE, lastRpcTime:35ms, electionTimeout:35ms
2019-10-20 17:40:46,355 [Thread-2517] INFO  impl.RoleInfo (RoleInfo.java:shutdownFollowerState(121)) - 8f18dce1-0a3d-4b65-9c78-af3d58b2da7f: shutdown FollowerState
2019-10-20 17:40:46,355 [Thread-2517] INFO  impl.RaftServerImpl (RaftServerImpl.java:setRole(184)) - 8f18dce1-0a3d-4b65-9c78-af3d58b2da7f@group-091950D56227: changes role from  FOLLOWER to CANDIDATE at term 418 for changeToCandidate
2019-10-20 17:40:46,355 [Thread-2517] INFO  impl.RoleInfo (RoleInfo.java:updateAndGet(143)) - 8f18dce1-0a3d-4b65-9c78-af3d58b2da7f: start LeaderElection
2019-10-20 17:40:46,377 [8f18dce1-0a3d-4b65-9c78-af3d58b2da7f@group-091950D56227-LeaderElection348] INFO  impl.LeaderElection (LeaderElection.java:askForVotes(178)) - 8f18dce1-0a3d-4b65-9c78-af3d58b2da7f@group-091950D56227-LeaderElection348: begin an election at term 419 for -1: [8a63e1ae-032e-4bed-9f20-125a11f65413:0.0.0.0:38685, 8f18dce1-0a3d-4b65-9c78-af3d58b2da7f:0.0.0.0:42489, 7b1e61a0-7daf-43dd-99d5-9b325c1d31ae:0.0.0.0:38412], old=null
2019-10-20 17:40:46,378 [grpc-default-executor-1] INFO  impl.RaftServerImpl (RaftServerImpl.java:setRole(184)) - 8a63e1ae-032e-4bed-9f20-125a11f65413@group-091950D56227: changes role from  FOLLOWER to FOLLOWER at term 419 for recognizeCandidate:8f18dce1-0a3d-4b65-9c78-af3d58b2da7f
2019-10-20 17:40:46,378 [grpc-default-executor-1] INFO  impl.RoleInfo (RoleInfo.java:shutdownFollowerState(121)) - 8a63e1ae-032e-4bed-9f20-125a11f65413: shutdown FollowerState
2019-10-20 17:40:46,378 [grpc-default-executor-1] INFO  impl.RoleInfo (RoleInfo.java:updateAndGet(143)) - 8a63e1ae-032e-4bed-9f20-125a11f65413: start FollowerState
2019-10-20 17:40:46,378 [Thread-2515] INFO  impl.FollowerState (FollowerState.java:run(117)) - 8a63e1ae-032e-4bed-9f20-125a11f65413@group-091950D56227-FollowerState was interrupted: java.lang.InterruptedException: sleep interrupted
2019-10-20 17:40:46,378 [grpc-default-executor-2] INFO  impl.RaftServerImpl (RaftServerImpl.java:setRole(184)) - 7b1e61a0-7daf-43dd-99d5-9b325c1d31ae@group-091950D56227: changes role from  FOLLOWER to FOLLOWER at term 419 for recognizeCandidate:8f18dce1-0a3d-4b65-9c78-af3d58b2da7f
2019-10-20 17:40:46,379 [grpc-default-executor-2] INFO  impl.RoleInfo (RoleInfo.java:shutdownFollowerState(121)) - 7b1e61a0-7daf-43dd-99d5-9b325c1d31ae: shutdown FollowerState
2019-10-20 17:40:46,379 [grpc-default-executor-2] INFO  impl.RoleInfo (RoleInfo.java:updateAndGet(143)) - 7b1e61a0-7daf-43dd-99d5-9b325c1d31ae: start FollowerState
2019-10-20 17:40:46,379 [Thread-2516] INFO  impl.FollowerState (FollowerState.java:run(117)) - 7b1e61a0-7daf-43dd-99d5-9b325c1d31ae@group-091950D56227-FollowerState was interrupted: java.lang.InterruptedException: sleep interrupted
2019-10-20 17:40:46,403 [8f18dce1-0a3d-4b65-9c78-af3d58b2da7f@group-091950D56227-LeaderElection348] INFO  impl.LeaderElection (LeaderElection.java:logAndReturn(56)) - 8f18dce1-0a3d-4b65-9c78-af3d58b2da7f@group-091950D56227-LeaderElection348: Election REJECTED; received 2 response(s) [8f18dce1-0a3d-4b65-9c78-af3d58b2da7f<-8a63e1ae-032e-4bed-9f20-125a11f65413#0:FAIL-t419, 8f18dce1-0a3d-4b65-9c78-af3d58b2da7f<-7b1e61a0-7daf-43dd-99d5-9b325c1d31ae#0:FAIL-t419] and 0 exception(s); 8f18dce1-0a3d-4b65-9c78-af3d58b2da7f@group-091950D56227:t419, leader=null, voted=8f18dce1-0a3d-4b65-9c78-af3d58b2da7f, raftlog=8f18dce1-0a3d-4b65-9c78-af3d58b2da7f@group-091950D56227-SegmentedRaftLog:OPENED:c-1,f-1,i0, conf=-1: [8a63e1ae-032e-4bed-9f20-125a11f65413:0.0.0.0:38685, 8f18dce1-0a3d-4b65-9c78-af3d58b2da7f:0.0.0.0:42489, 7b1e61a0-7daf-43dd-99d5-9b325c1d31ae:0.0.0.0:38412], old=null
2019-10-20 17:40:46,403 [8f18dce1-0a3d-4b65-9c78-af3d58b2da7f@group-091950D56227-LeaderElection348] INFO  impl.RaftServerImpl (RaftServerImpl.java:setRole(184)) - 8f18dce1-0a3d-4b65-9c78-af3d58b2da7f@group-091950D56227: changes role from CANDIDATE to FOLLOWER at term 419 for DISCOVERED_A_NEW_TERM
2019-10-20 17:40:46,403 [8f18dce1-0a3d-4b65-9c78-af3d58b2da7f@group-091950D56227-LeaderElection348] INFO  impl.RoleInfo (RoleInfo.java:shutdownLeaderElection(134)) - 8f18dce1-0a3d-4b65-9c78-af3d58b2da7f: shutdown LeaderElection
2019-10-20 17:40:46,403 [8f18dce1-0a3d-4b65-9c78-af3d58b2da7f@group-091950D56227-LeaderElection348] INFO  impl.RoleInfo (RoleInfo.java:updateAndGet(143)) - 8f18dce1-0a3d-4b65-9c78-af3d58b2da7f: start FollowerState
2019-10-20 17:40:46,544 [Thread-2525] INFO  impl.FollowerState (FollowerState.java:run(108)) - 8f18dce1-0a3d-4b65-9c78-af3d58b2da7f@group-091950D56227-FollowerState: change to CANDIDATE, lastRpcTime:140ms, electionTimeout:140ms
2019-10-20 17:40:46,544 [Thread-2525] INFO  impl.RoleInfo (RoleInfo.java:shutdownFollowerState(121)) - 8f18dce1-0a3d-4b65-9c78-af3d58b2da7f: shutdown FollowerState
2019-10-20 17:40:46,544 [Thread-2525] INFO  impl.RaftServerImpl (RaftServerImpl.java:setRole(184)) - 8f18dce1-0a3d-4b65-9c78-af3d58b2da7f@group-091950D56227: changes role from  FOLLOWER to CANDIDATE at term 419 for changeToCandidate
2019-10-20 17:40:46,544 [Thread-2525] INFO  impl.RoleInfo (RoleInfo.java:updateAndGet(143)) - 8f18dce1-0a3d-4b65-9c78-af3d58b2da7f: start LeaderElection
2019-10-20 17:40:46,570 [8f18dce1-0a3d-4b65-9c78-af3d58b2da7f@group-091950D56227-LeaderElection349] INFO  impl.LeaderElection (LeaderElection.java:askForVotes(178)) - 8f18dce1-0a3d-4b65-9c78-af3d58b2da7f@group-091950D56227-LeaderElection349: begin an election at term 420 for -1: [8a63e1ae-032e-4bed-9f20-125a11f65413:0.0.0.0:38685, 8f18dce1-0a3d-4b65-9c78-af3d58b2da7f:0.0.0.0:42489, 7b1e61a0-7daf-43dd-99d5-9b325c1d31ae:0.0.0.0:38412], old=null
2019-10-20 17:40:46,571 [grpc-default-executor-2] INFO  impl.RaftServerImpl (RaftServerImpl.java:setRole(184)) - 8a63e1ae-032e-4bed-9f20-125a11f65413@group-091950D56227: changes role from  FOLLOWER to FOLLOWER at term 420 for recognizeCandidate:8f18dce1-0a3d-4b65-9c78-af3d58b2da7f
2019-10-20 17:40:46,571 [grpc-default-executor-2] INFO  impl.RoleInfo (RoleInfo.java:shutdownFollowerState(121)) - 8a63e1ae-032e-4bed-9f20-125a11f65413: shutdown FollowerState
2019-10-20 17:40:46,571 [grpc-default-executor-0] INFO  impl.RaftServerImpl (RaftServerImpl.java:setRole(184)) - 7b1e61a0-7daf-43dd-99d5-9b325c1d31ae@group-091950D56227: changes role from  FOLLOWER to FOLLOWER at term 420 for recognizeCandidate:8f18dce1-0a3d-4b65-9c78-af3d58b2da7f
2019-10-20 17:40:46,571 [grpc-default-executor-0] INFO  impl.RoleInfo (RoleInfo.java:shutdownFollowerState(121)) - 7b1e61a0-7daf-43dd-99d5-9b325c1d31ae: shutdown FollowerState
2019-10-20 17:40:46,571 [Thread-2523] INFO  impl.FollowerState (FollowerState.java:run(117)) - 8a63e1ae-032e-4bed-9f20-125a11f65413@group-091950D56227-FollowerState was interrupted: java.lang.InterruptedException: sleep interrupted
2019-10-20 17:40:46,571 [grpc-default-executor-2] INFO  impl.RoleInfo (RoleInfo.java:updateAndGet(143)) - 8a63e1ae-032e-4bed-9f20-125a11f65413: start FollowerState
2019-10-20 17:40:46,572 [Thread-2524] INFO  impl.FollowerState (FollowerState.java:run(117)) - 7b1e61a0-7daf-43dd-99d5-9b325c1d31ae@group-091950D56227-FollowerState was interrupted: java.lang.InterruptedException: sleep interrupted
2019-10-20 17:40:46,572 [grpc-default-executor-0] INFO  impl.RoleInfo (RoleInfo.java:updateAndGet(143)) - 7b1e61a0-7daf-43dd-99d5-9b325c1d31ae: start FollowerState
2019-10-20 17:40:46,596 [8f18dce1-0a3d-4b65-9c78-af3d58b2da7f@group-091950D56227-LeaderElection349] INFO  impl.LeaderElection (LeaderElection.java:logAndReturn(56)) - 8f18dce1-0a3d-4b65-9c78-af3d58b2da7f@group-091950D56227-LeaderElection349: Election REJECTED; received 2 response(s) [8f18dce1-0a3d-4b65-9c78-af3d58b2da7f<-8a63e1ae-032e-4bed-9f20-125a11f65413#0:FAIL-t420, 8f18dce1-0a3d-4b65-9c78-af3d58b2da7f<-7b1e61a0-7daf-43dd-99d5-9b325c1d31ae#0:FAIL-t420] and 0 exception(s); 8f18dce1-0a3d-4b65-9c78-af3d58b2da7f@group-091950D56227:t420, leader=null, voted=8f18dce1-0a3d-4b65-9c78-af3d58b2da7f, raftlog=8f18dce1-0a3d-4b65-9c78-af3d58b2da7f@group-091950D56227-SegmentedRaftLog:OPENED:c-1,f-1,i0, conf=-1: [8a63e1ae-032e-4bed-9f20-125a11f65413:0.0.0.0:38685, 8f18dce1-0a3d-4b65-9c78-af3d58b2da7f:0.0.0.0:42489, 7b1e61a0-7daf-43dd-99d5-9b325c1d31ae:0.0.0.0:38412], old=null
2019-10-20 17:40:46,596 [8f18dce1-0a3d-4b65-9c78-af3d58b2da7f@group-091950D56227-LeaderElection349] INFO  impl.RaftServerImpl (RaftServerImpl.java:setRole(184)) - 8f18dce1-0a3d-4b65-9c78-af3d58b2da7f@group-091950D56227: changes role from CANDIDATE to FOLLOWER at term 420 for DISCOVERED_A_NEW_TERM
2019-10-20 17:40:46,596 [8f18dce1-0a3d-4b65-9c78-af3d58b2da7f@group-091950D56227-LeaderElection349] INFO  impl.RoleInfo (RoleInfo.java:shutdownLeaderElection(134)) - 8f18dce1-0a3d-4b65-9c78-af3d58b2da7f: shutdown LeaderElection
2019-10-20 17:40:46,596 [8f18dce1-0a3d-4b65-9c78-af3d58b2da7f@group-091950D56227-LeaderElection349] INFO  impl.RoleInfo (RoleInfo.java:updateAndGet(143)) - 8f18dce1-0a3d-4b65-9c78-af3d58b2da7f: start FollowerState
2019-10-20 17:40:46,711 [Thread-2531] INFO  impl.FollowerState (FollowerState.java:run(108)) - 8f18dce1-0a3d-4b65-9c78-af3d58b2da7f@group-091950D56227-FollowerState: change to CANDIDATE, lastRpcTime:115ms, electionTimeout:115ms
2019-10-20 17:40:46,712 [Thread-2531] INFO  impl.RoleInfo (RoleInfo.java:shutdownFollowerState(121)) - 8f18dce1-0a3d-4b65-9c78-af3d58b2da7f: shutdown FollowerState
2019-10-20 17:40:46,712 [Thread-2531] INFO  impl.RaftServerImpl (RaftServerImpl.java:setRole(184)) - 8f18dce1-0a3d-4b65-9c78-af3d58b2da7f@group-091950D56227: changes role from  FOLLOWER to CANDIDATE at term 420 for changeToCandidate
2019-10-20 17:40:46,712 [Thread-2531] INFO  impl.RoleInfo (RoleInfo.java:updateAndGet(143)) - 8f18dce1-0a3d-4b65-9c78-af3d58b2da7f: start LeaderElection
2019-10-20 17:40:46,737 [8f18dce1-0a3d-4b65-9c78-af3d58b2da7f@group-091950D56227-LeaderElection350] INFO  impl.LeaderElection (LeaderElection.java:askForVotes(178)) - 8f18dce1-0a3d-4b65-9c78-af3d58b2da7f@group-091950D56227-LeaderElection350: begin an election at term 421 for -1: [8a63e1ae-032e-4bed-9f20-125a11f65413:0.0.0.0:38685, 8f18dce1-0a3d-4b65-9c78-af3d58b2da7f:0.0.0.0:42489, 7b1e61a0-7daf-43dd-99d5-9b325c1d31ae:0.0.0.0:38412], old=null
2019-10-20 17:40:46,739 [grpc-default-executor-0] INFO  impl.RaftServerImpl (RaftServerImpl.java:setRole(184)) - 8a63e1ae-032e-4bed-9f20-125a11f65413@group-091950D56227: changes role from  FOLLOWER to FOLLOWER at term 421 for recognizeCandidate:8f18dce1-0a3d-4b65-9c78-af3d58b2da7f
2019-10-20 17:40:46,739 [grpc-default-executor-0] INFO  impl.RoleInfo (RoleInfo.java:shutdownFollowerState(121)) - 8a63e1ae-032e-4bed-9f20-125a11f65413: shutdown FollowerState
2019-10-20 17:40:46,739 [grpc-default-executor-2] INFO  impl.RaftServerImpl (RaftServerImpl.java:setRole(184)) - 7b1e61a0-7daf-43dd-99d5-9b325c1d31ae@group-091950D56227: changes role from  FOLLOWER to FOLLOWER at term 421 for recognizeCandidate:8f18dce1-0a3d-4b65-9c78-af3d58b2da7f
2019-10-20 17:40:46,740 [grpc-default-executor-0] INFO  impl.RoleInfo (RoleInfo.java:updateAndGet(143)) - 8a63e1ae-032e-4bed-9f20-125a11f65413: start FollowerState
2019-10-20 17:40:46,740 [Thread-2529] INFO  impl.FollowerState (FollowerState.java:run(117)) - 8a63e1ae-032e-4bed-9f20-125a11f65413@group-091950D56227-FollowerState was interrupted: java.lang.InterruptedException: sleep interrupted
2019-10-20 17:40:46,740 [grpc-default-executor-2] INFO  impl.RoleInfo (RoleInfo.java:shutdownFollowerState(121)) - 7b1e61a0-7daf-43dd-99d5-9b325c1d31ae: shutdown FollowerState
2019-10-20 17:40:46,740 [grpc-default-executor-2] INFO  impl.RoleInfo (RoleInfo.java:updateAndGet(143)) - 7b1e61a0-7daf-43dd-99d5-9b325c1d31ae: start FollowerState
2019-10-20 17:40:46,740 [Thread-2530] INFO  impl.FollowerState (FollowerState.java:run(117)) - 7b1e61a0-7daf-43dd-99d5-9b325c1d31ae@group-091950D56227-FollowerState was interrupted: java.lang.InterruptedException: sleep interrupted
2019-10-20 17:40:46,763 [8f18dce1-0a3d-4b65-9c78-af3d58b2da7f@group-091950D56227-LeaderElection350] INFO  impl.LeaderElection (LeaderElection.java:logAndReturn(56)) - 8f18dce1-0a3d-4b65-9c78-af3d58b2da7f@group-091950D56227-LeaderElection350: Election REJECTED; received 2 response(s) [8f18dce1-0a3d-4b65-9c78-af3d58b2da7f<-8a63e1ae-032e-4bed-9f20-125a11f65413#0:FAIL-t421, 8f18dce1-0a3d-4b65-9c78-af3d58b2da7f<-7b1e61a0-7daf-43dd-99d5-9b325c1d31ae#0:FAIL-t421] and 0 exception(s); 8f18dce1-0a3d-4b65-9c78-af3d58b2da7f@group-091950D56227:t421, leader=null, voted=8f18dce1-0a3d-4b65-9c78-af3d58b2da7f, raftlog=8f18dce1-0a3d-4b65-9c78-af3d58b2da7f@group-091950D56227-SegmentedRaftLog:OPENED:c-1,f-1,i0, conf=-1: [8a63e1ae-032e-4bed-9f20-125a11f65413:0.0.0.0:38685, 8f18dce1-0a3d-4b65-9c78-af3d58b2da7f:0.0.0.0:42489, 7b1e61a0-7daf-43dd-99d5-9b325c1d31ae:0.0.0.0:38412], old=null
2019-10-20 17:40:46,764 [8f18dce1-0a3d-4b65-9c78-af3d58b2da7f@group-091950D56227-LeaderElection350] INFO  impl.RaftServerImpl (RaftServerImpl.java:setRole(184)) - 8f18dce1-0a3d-4b65-9c78-af3d58b2da7f@group-091950D56227: changes role from CANDIDATE to FOLLOWER at term 421 for DISCOVERED_A_NEW_TERM
2019-10-20 17:40:46,764 [8f18dce1-0a3d-4b65-9c78-af3d58b2da7f@group-091950D56227-LeaderElection350] INFO  impl.RoleInfo (RoleInfo.java:shutdownLeaderElection(134)) - 8f18dce1-0a3d-4b65-9c78-af3d58b2da7f: shutdown LeaderElection
2019-10-20 17:40:46,764 [8f18dce1-0a3d-4b65-9c78-af3d58b2da7f@group-091950D56227-LeaderElection350] INFO  impl.RoleInfo (RoleInfo.java:updateAndGet(143)) - 8f18dce1-0a3d-4b65-9c78-af3d58b2da7f: start FollowerState
2019-10-20 17:40:46,830 [Thread-2537] INFO  impl.FollowerState (FollowerState.java:run(108)) - 8f18dce1-0a3d-4b65-9c78-af3d58b2da7f@group-091950D56227-FollowerState: change to CANDIDATE, lastRpcTime:66ms, electionTimeout:66ms
2019-10-20 17:40:46,830 [Thread-2537] INFO  impl.RoleInfo (RoleInfo.java:shutdownFollowerState(121)) - 8f18dce1-0a3d-4b65-9c78-af3d58b2da7f: shutdown FollowerState
2019-10-20 17:40:46,830 [Thread-2537] INFO  impl.RaftServerImpl (RaftServerImpl.java:setRole(184)) - 8f18dce1-0a3d-4b65-9c78-af3d58b2da7f@group-091950D56227: changes role from  FOLLOWER to CANDIDATE at term 421 for changeToCandidate
2019-10-20 17:40:46,831 [Thread-2537] INFO  impl.RoleInfo (RoleInfo.java:updateAndGet(143)) - 8f18dce1-0a3d-4b65-9c78-af3d58b2da7f: start LeaderElection
2019-10-20 17:40:46,855 [8f18dce1-0a3d-4b65-9c78-af3d58b2da7f@group-091950D56227-LeaderElection351] INFO  impl.LeaderElection (LeaderElection.java:askForVotes(178)) - 8f18dce1-0a3d-4b65-9c78-af3d58b2da7f@group-091950D56227-LeaderElection351: begin an election at term 422 for -1: [8a63e1ae-032e-4bed-9f20-125a11f65413:0.0.0.0:38685, 8f18dce1-0a3d-4b65-9c78-af3d58b2da7f:0.0.0.0:42489, 7b1e61a0-7daf-43dd-99d5-9b325c1d31ae:0.0.0.0:38412], old=null
2019-10-20 17:40:46,856 [grpc-default-executor-2] INFO  impl.RaftServerImpl (RaftServerImpl.java:setRole(184)) - 8a63e1ae-032e-4bed-9f20-125a11f65413@group-091950D56227: changes role from  FOLLOWER to FOLLOWER at term 422 for recognizeCandidate:8f18dce1-0a3d-4b65-9c78-af3d58b2da7f
2019-10-20 17:40:46,857 [grpc-default-executor-2] INFO  impl.RoleInfo (RoleInfo.java:shutdownFollowerState(121)) - 8a63e1ae-032e-4bed-9f20-125a11f65413: shutdown FollowerState
2019-10-20 17:40:46,857 [grpc-default-executor-2] INFO  impl.RoleInfo (RoleInfo.java:updateAndGet(143)) - 8a63e1ae-032e-4bed-9f20-125a11f65413: start FollowerState
2019-10-20 17:40:46,857 [Thread-2535] INFO  impl.FollowerState (FollowerState.java:run(117)) - 8a63e1ae-032e-4bed-9f20-125a11f65413@group-091950D56227-FollowerState was interrupted: java.lang.InterruptedException: sleep interrupted
2019-10-20 17:40:46,857 [grpc-default-executor-0] INFO  impl.RaftServerImpl (RaftServerImpl.java:setRole(184)) - 7b1e61a0-7daf-43dd-99d5-9b325c1d31ae@group-091950D56227: changes role from  FOLLOWER to FOLLOWER at term 422 for recognizeCandidate:8f18dce1-0a3d-4b65-9c78-af3d58b2da7f
2019-10-20 17:40:46,857 [grpc-default-executor-0] INFO  impl.RoleInfo (RoleInfo.java:shutdownFollowerState(121)) - 7b1e61a0-7daf-43dd-99d5-9b325c1d31ae: shutdown FollowerState
2019-10-20 17:40:46,857 [grpc-default-executor-0] INFO  impl.RoleInfo (RoleInfo.java:updateAndGet(143)) - 7b1e61a0-7daf-43dd-99d5-9b325c1d31ae: start FollowerState
2019-10-20 17:40:46,857 [Thread-2536] INFO  impl.FollowerState (FollowerState.java:run(117)) - 7b1e61a0-7daf-43dd-99d5-9b325c1d31ae@group-091950D56227-FollowerState was interrupted: java.lang.InterruptedException: sleep interrupted
2019-10-20 17:40:46,881 [8f18dce1-0a3d-4b65-9c78-af3d58b2da7f@group-091950D56227-LeaderElection351] INFO  impl.LeaderElection (LeaderElection.java:logAndReturn(56)) - 8f18dce1-0a3d-4b65-9c78-af3d58b2da7f@group-091950D56227-LeaderElection351: Election REJECTED; received 2 response(s) [8f18dce1-0a3d-4b65-9c78-af3d58b2da7f<-8a63e1ae-032e-4bed-9f20-125a11f65413#0:FAIL-t422, 8f18dce1-0a3d-4b65-9c78-af3d58b2da7f<-7b1e61a0-7daf-43dd-99d5-9b325c1d31ae#0:FAIL-t422] and 0 exception(s); 8f18dce1-0a3d-4b65-9c78-af3d58b2da7f@group-091950D56227:t422, leader=null, voted=8f18dce1-0a3d-4b65-9c78-af3d58b2da7f, raftlog=8f18dce1-0a3d-4b65-9c78-af3d58b2da7f@group-091950D56227-SegmentedRaftLog:OPENED:c-1,f-1,i0, conf=-1: [8a63e1ae-032e-4bed-9f20-125a11f65413:0.0.0.0:38685, 8f18dce1-0a3d-4b65-9c78-af3d58b2da7f:0.0.0.0:42489, 7b1e61a0-7daf-43dd-99d5-9b325c1d31ae:0.0.0.0:38412], old=null
2019-10-20 17:40:46,881 [8f18dce1-0a3d-4b65-9c78-af3d58b2da7f@group-091950D56227-LeaderElection351] INFO  impl.RaftServerImpl (RaftServerImpl.java:setRole(184)) - 8f18dce1-0a3d-4b65-9c78-af3d58b2da7f@group-091950D56227: changes role from CANDIDATE to FOLLOWER at term 422 for DISCOVERED_A_NEW_TERM
2019-10-20 17:40:46,881 [8f18dce1-0a3d-4b65-9c78-af3d58b2da7f@group-091950D56227-LeaderElection351] INFO  impl.RoleInfo (RoleInfo.java:shutdownLeaderElection(134)) - 8f18dce1-0a3d-4b65-9c78-af3d58b2da7f: shutdown LeaderElection
2019-10-20 17:40:46,881 [8f18dce1-0a3d-4b65-9c78-af3d58b2da7f@group-091950D56227-LeaderElection351] INFO  impl.RoleInfo (RoleInfo.java:updateAndGet(143)) - 8f18dce1-0a3d-4b65-9c78-af3d58b2da7f: start FollowerState
2019-10-20 17:40:47,018 [Thread-2543] INFO  impl.FollowerState (FollowerState.java:run(108)) - 8f18dce1-0a3d-4b65-9c78-af3d58b2da7f@group-091950D56227-FollowerState: change to CANDIDATE, lastRpcTime:136ms, electionTimeout:136ms
2019-10-20 17:40:47,018 [Thread-2543] INFO  impl.RoleInfo (RoleInfo.java:shutdownFollowerState(121)) - 8f18dce1-0a3d-4b65-9c78-af3d58b2da7f: shutdown FollowerState
2019-10-20 17:40:47,018 [Thread-2543] INFO  impl.RaftServerImpl (RaftServerImpl.java:setRole(184)) - 8f18dce1-0a3d-4b65-9c78-af3d58b2da7f@group-091950D56227: changes role from  FOLLOWER to CANDIDATE at term 422 for changeToCandidate
2019-10-20 17:40:47,018 [Thread-2543] INFO  impl.RoleInfo (RoleInfo.java:updateAndGet(143)) - 8f18dce1-0a3d-4b65-9c78-af3d58b2da7f: start LeaderElection
2019-10-20 17:40:47,048 [8f18dce1-0a3d-4b65-9c78-af3d58b2da7f@group-091950D56227-LeaderElection352] INFO  impl.LeaderElection (LeaderElection.java:askForVotes(178)) - 8f18dce1-0a3d-4b65-9c78-af3d58b2da7f@group-091950D56227-LeaderElection352: begin an election at term 423 for -1: [8a63e1ae-032e-4bed-9f20-125a11f65413:0.0.0.0:38685, 8f18dce1-0a3d-4b65-9c78-af3d58b2da7f:0.0.0.0:42489, 7b1e61a0-7daf-43dd-99d5-9b325c1d31ae:0.0.0.0:38412], old=null
2019-10-20 17:40:47,049 [grpc-default-executor-0] INFO  impl.RaftServerImpl (RaftServerImpl.java:setRole(184)) - 8a63e1ae-032e-4bed-9f20-125a11f65413@group-091950D56227: changes role from  FOLLOWER to FOLLOWER at term 423 for recognizeCandidate:8f18dce1-0a3d-4b65-9c78-af3d58b2da7f
2019-10-20 17:40:47,049 [grpc-default-executor-2] INFO  impl.RaftServerImpl (RaftServerImpl.java:setRole(184)) - 7b1e61a0-7daf-43dd-99d5-9b325c1d31ae@group-091950D56227: changes role from  FOLLOWER to FOLLOWER at term 423 for recognizeCandidate:8f18dce1-0a3d-4b65-9c78-af3d58b2da7f
2019-10-20 17:40:47,049 [grpc-default-executor-2] INFO  impl.RoleInfo (RoleInfo.java:shutdownFollowerState(121)) - 7b1e61a0-7daf-43dd-99d5-9b325c1d31ae: shutdown FollowerState
2019-10-20 17:40:47,049 [grpc-default-executor-0] INFO  impl.RoleInfo (RoleInfo.java:shutdownFollowerState(121)) - 8a63e1ae-032e-4bed-9f20-125a11f65413: shutdown FollowerState
2019-10-20 17:40:47,050 [Thread-2542] INFO  impl.FollowerState (FollowerState.java:run(117)) - 7b1e61a0-7daf-43dd-99d5-9b325c1d31ae@group-091950D56227-FollowerState was interrupted: java.lang.InterruptedException: sleep interrupted
2019-10-20 17:40:47,050 [grpc-default-executor-2] INFO  impl.RoleInfo (RoleInfo.java:updateAndGet(143)) - 7b1e61a0-7daf-43dd-99d5-9b325c1d31ae: start FollowerState
2019-10-20 17:40:47,050 [Thread-2541] INFO  impl.FollowerState (FollowerState.java:run(117)) - 8a63e1ae-032e-4bed-9f20-125a11f65413@group-091950D56227-FollowerState was interrupted: java.lang.InterruptedException: sleep interrupted
2019-10-20 17:40:47,050 [grpc-default-executor-0] INFO  impl.RoleInfo (RoleInfo.java:updateAndGet(143)) - 8a63e1ae-032e-4bed-9f20-125a11f65413: start FollowerState
2019-10-20 17:40:47,074 [8f18dce1-0a3d-4b65-9c78-af3d58b2da7f@group-091950D56227-LeaderElection352] INFO  impl.LeaderElection (LeaderElection.java:logAndReturn(56)) - 8f18dce1-0a3d-4b65-9c78-af3d58b2da7f@group-091950D56227-LeaderElection352: Election REJECTED; received 2 response(s) [8f18dce1-0a3d-4b65-9c78-af3d58b2da7f<-8a63e1ae-032e-4bed-9f20-125a11f65413#0:FAIL-t423, 8f18dce1-0a3d-4b65-9c78-af3d58b2da7f<-7b1e61a0-7daf-43dd-99d5-9b325c1d31ae#0:FAIL-t423] and 0 exception(s); 8f18dce1-0a3d-4b65-9c78-af3d58b2da7f@group-091950D56227:t423, leader=null, voted=8f18dce1-0a3d-4b65-9c78-af3d58b2da7f, raftlog=8f18dce1-0a3d-4b65-9c78-af3d58b2da7f@group-091950D56227-SegmentedRaftLog:OPENED:c-1,f-1,i0, conf=-1: [8a63e1ae-032e-4bed-9f20-125a11f65413:0.0.0.0:38685, 8f18dce1-0a3d-4b65-9c78-af3d58b2da7f:0.0.0.0:42489, 7b1e61a0-7daf-43dd-99d5-9b325c1d31ae:0.0.0.0:38412], old=null
2019-10-20 17:40:47,074 [8f18dce1-0a3d-4b65-9c78-af3d58b2da7f@group-091950D56227-LeaderElection352] INFO  impl.RaftServerImpl (RaftServerImpl.java:setRole(184)) - 8f18dce1-0a3d-4b65-9c78-af3d58b2da7f@group-091950D56227: changes role from CANDIDATE to FOLLOWER at term 423 for DISCOVERED_A_NEW_TERM
2019-10-20 17:40:47,074 [8f18dce1-0a3d-4b65-9c78-af3d58b2da7f@group-091950D56227-LeaderElection352] INFO  impl.RoleInfo (RoleInfo.java:shutdownLeaderElection(134)) - 8f18dce1-0a3d-4b65-9c78-af3d58b2da7f: shutdown LeaderElection
2019-10-20 17:40:47,074 [8f18dce1-0a3d-4b65-9c78-af3d58b2da7f@group-091950D56227-LeaderElection352] INFO  impl.RoleInfo (RoleInfo.java:updateAndGet(143)) - 8f18dce1-0a3d-4b65-9c78-af3d58b2da7f: start FollowerState
2019-10-20 17:40:47,254 [Thread-2549] INFO  impl.FollowerState (FollowerState.java:run(108)) - 8f18dce1-0a3d-4b65-9c78-af3d58b2da7f@group-091950D56227-FollowerState: change to CANDIDATE, lastRpcTime:180ms, electionTimeout:180ms
2019-10-20 17:40:47,255 [Thread-2549] INFO  impl.RoleInfo (RoleInfo.java:shutdownFollowerState(121)) - 8f18dce1-0a3d-4b65-9c78-af3d58b2da7f: shutdown FollowerState
2019-10-20 17:40:47,255 [Thread-2549] INFO  impl.RaftServerImpl (RaftServerImpl.java:setRole(184)) - 8f18dce1-0a3d-4b65-9c78-af3d58b2da7f@group-091950D56227: changes role from  FOLLOWER to CANDIDATE at term 423 for changeToCandidate
2019-10-20 17:40:47,255 [Thread-2549] INFO  impl.RoleInfo (RoleInfo.java:updateAndGet(143)) - 8f18dce1-0a3d-4b65-9c78-af3d58b2da7f: start LeaderElection
2019-10-20 17:40:47,282 [8f18dce1-0a3d-4b65-9c78-af3d58b2da7f@group-091950D56227-LeaderElection353] INFO  impl.LeaderElection (LeaderElection.java:askForVotes(178)) - 8f18dce1-0a3d-4b65-9c78-af3d58b2da7f@group-091950D56227-LeaderElection353: begin an election at term 424 for -1: [8a63e1ae-032e-4bed-9f20-125a11f65413:0.0.0.0:38685, 8f18dce1-0a3d-4b65-9c78-af3d58b2da7f:0.0.0.0:42489, 7b1e61a0-7daf-43dd-99d5-9b325c1d31ae:0.0.0.0:38412], old=null
2019-10-20 17:40:47,283 [grpc-default-executor-2] INFO  impl.RaftServerImpl (RaftServerImpl.java:setRole(184)) - 7b1e61a0-7daf-43dd-99d5-9b325c1d31ae@group-091950D56227: changes role from  FOLLOWER to FOLLOWER at term 424 for recognizeCandidate:8f18dce1-0a3d-4b65-9c78-af3d58b2da7f
2019-10-20 17:40:47,283 [grpc-default-executor-2] INFO  impl.RoleInfo (RoleInfo.java:shutdownFollowerState(121)) - 7b1e61a0-7daf-43dd-99d5-9b325c1d31ae: shutdown FollowerState
2019-10-20 17:40:47,284 [grpc-default-executor-2] INFO  impl.RoleInfo (RoleInfo.java:updateAndGet(143)) - 7b1e61a0-7daf-43dd-99d5-9b325c1d31ae: start FollowerState
2019-10-20 17:40:47,284 [Thread-2547] INFO  impl.FollowerState (FollowerState.java:run(117)) - 7b1e61a0-7daf-43dd-99d5-9b325c1d31ae@group-091950D56227-FollowerState was interrupted: java.lang.InterruptedException: sleep interrupted
2019-10-20 17:40:47,284 [grpc-default-executor-0] INFO  impl.RaftServerImpl (RaftServerImpl.java:setRole(184)) - 8a63e1ae-032e-4bed-9f20-125a11f65413@group-091950D56227: changes role from  FOLLOWER to FOLLOWER at term 424 for recognizeCandidate:8f18dce1-0a3d-4b65-9c78-af3d58b2da7f
2019-10-20 17:40:47,284 [grpc-default-executor-0] INFO  impl.RoleInfo (RoleInfo.java:shutdownFollowerState(121)) - 8a63e1ae-032e-4bed-9f20-125a11f65413: shutdown FollowerState
2019-10-20 17:40:47,284 [grpc-default-executor-0] INFO  impl.RoleInfo (RoleInfo.java:updateAndGet(143)) - 8a63e1ae-032e-4bed-9f20-125a11f65413: start FollowerState
2019-10-20 17:40:47,284 [Thread-2548] INFO  impl.FollowerState (FollowerState.java:run(117)) - 8a63e1ae-032e-4bed-9f20-125a11f65413@group-091950D56227-FollowerState was interrupted: java.lang.InterruptedException: sleep interrupted
2019-10-20 17:40:47,308 [8f18dce1-0a3d-4b65-9c78-af3d58b2da7f@group-091950D56227-LeaderElection353] INFO  impl.LeaderElection (LeaderElection.java:logAndReturn(56)) - 8f18dce1-0a3d-4b65-9c78-af3d58b2da7f@group-091950D56227-LeaderElection353: Election REJECTED; received 2 response(s) [8f18dce1-0a3d-4b65-9c78-af3d58b2da7f<-8a63e1ae-032e-4bed-9f20-125a11f65413#0:FAIL-t424, 8f18dce1-0a3d-4b65-9c78-af3d58b2da7f<-7b1e61a0-7daf-43dd-99d5-9b325c1d31ae#0:FAIL-t424] and 0 exception(s); 8f18dce1-0a3d-4b65-9c78-af3d58b2da7f@group-091950D56227:t424, leader=null, voted=8f18dce1-0a3d-4b65-9c78-af3d58b2da7f, raftlog=8f18dce1-0a3d-4b65-9c78-af3d58b2da7f@group-091950D56227-SegmentedRaftLog:OPENED:c-1,f-1,i0, conf=-1: [8a63e1ae-032e-4bed-9f20-125a11f65413:0.0.0.0:38685, 8f18dce1-0a3d-4b65-9c78-af3d58b2da7f:0.0.0.0:42489, 7b1e61a0-7daf-43dd-99d5-9b325c1d31ae:0.0.0.0:38412], old=null
2019-10-20 17:40:47,308 [8f18dce1-0a3d-4b65-9c78-af3d58b2da7f@group-091950D56227-LeaderElection353] INFO  impl.RaftServerImpl (RaftServerImpl.java:setRole(184)) - 8f18dce1-0a3d-4b65-9c78-af3d58b2da7f@group-091950D56227: changes role from CANDIDATE to FOLLOWER at term 424 for DISCOVERED_A_NEW_TERM
2019-10-20 17:40:47,308 [8f18dce1-0a3d-4b65-9c78-af3d58b2da7f@group-091950D56227-LeaderElection353] INFO  impl.RoleInfo (RoleInfo.java:shutdownLeaderElection(134)) - 8f18dce1-0a3d-4b65-9c78-af3d58b2da7f: shutdown LeaderElection
2019-10-20 17:40:47,308 [8f18dce1-0a3d-4b65-9c78-af3d58b2da7f@group-091950D56227-LeaderElection353] INFO  impl.RoleInfo (RoleInfo.java:updateAndGet(143)) - 8f18dce1-0a3d-4b65-9c78-af3d58b2da7f: start FollowerState
2019-10-20 17:40:47,339 [Thread-2555] INFO  impl.FollowerState (FollowerState.java:run(108)) - 8f18dce1-0a3d-4b65-9c78-af3d58b2da7f@group-091950D56227-FollowerState: change to CANDIDATE, lastRpcTime:31ms, electionTimeout:31ms
2019-10-20 17:40:47,339 [Thread-2555] INFO  impl.RoleInfo (RoleInfo.java:shutdownFollowerState(121)) - 8f18dce1-0a3d-4b65-9c78-af3d58b2da7f: shutdown FollowerState
2019-10-20 17:40:47,340 [Thread-2555] INFO  impl.RaftServerImpl (RaftServerImpl.java:setRole(184)) - 8f18dce1-0a3d-4b65-9c78-af3d58b2da7f@group-091950D56227: changes role from  FOLLOWER to CANDIDATE at term 424 for changeToCandidate
2019-10-20 17:40:47,340 [Thread-2555] INFO  impl.RoleInfo (RoleInfo.java:updateAndGet(143)) - 8f18dce1-0a3d-4b65-9c78-af3d58b2da7f: start LeaderElection
2019-10-20 17:40:47,367 [8f18dce1-0a3d-4b65-9c78-af3d58b2da7f@group-091950D56227-LeaderElection354] INFO  impl.LeaderElection (LeaderElection.java:askForVotes(178)) - 8f18dce1-0a3d-4b65-9c78-af3d58b2da7f@group-091950D56227-LeaderElection354: begin an election at term 425 for -1: [8a63e1ae-032e-4bed-9f20-125a11f65413:0.0.0.0:38685, 8f18dce1-0a3d-4b65-9c78-af3d58b2da7f:0.0.0.0:42489, 7b1e61a0-7daf-43dd-99d5-9b325c1d31ae:0.0.0.0:38412], old=null
2019-10-20 17:40:47,369 [grpc-default-executor-0] INFO  impl.RaftServerImpl (RaftServerImpl.java:setRole(184)) - 8a63e1ae-032e-4bed-9f20-125a11f65413@group-091950D56227: changes role from  FOLLOWER to FOLLOWER at term 425 for recognizeCandidate:8f18dce1-0a3d-4b65-9c78-af3d58b2da7f
2019-10-20 17:40:47,369 [grpc-default-executor-0] INFO  impl.RoleInfo (RoleInfo.java:shutdownFollowerState(121)) - 8a63e1ae-032e-4bed-9f20-125a11f65413: shutdown FollowerState
2019-10-20 17:40:47,369 [grpc-default-executor-0] INFO  impl.RoleInfo (RoleInfo.java:updateAndGet(143)) - 8a63e1ae-032e-4bed-9f20-125a11f65413: start FollowerState
2019-10-20 17:40:47,369 [Thread-2554] INFO  impl.FollowerState (FollowerState.java:run(117)) - 8a63e1ae-032e-4bed-9f20-125a11f65413@group-091950D56227-FollowerState was interrupted: java.lang.InterruptedException: sleep interrupted
2019-10-20 17:40:47,370 [grpc-default-executor-2] INFO  impl.RaftServerImpl (RaftServerImpl.java:setRole(184)) - 7b1e61a0-7daf-43dd-99d5-9b325c1d31ae@group-091950D56227: changes role from  FOLLOWER to FOLLOWER at term 425 for recognizeCandidate:8f18dce1-0a3d-4b65-9c78-af3d58b2da7f
2019-10-20 17:40:47,370 [grpc-default-executor-2] INFO  impl.RoleInfo (RoleInfo.java:shutdownFollowerState(121)) - 7b1e61a0-7daf-43dd-99d5-9b325c1d31ae: shutdown FollowerState
2019-10-20 17:40:47,370 [grpc-default-executor-2] INFO  impl.RoleInfo (RoleInfo.java:updateAndGet(143)) - 7b1e61a0-7daf-43dd-99d5-9b325c1d31ae: start FollowerState
2019-10-20 17:40:47,370 [Thread-2553] INFO  impl.FollowerState (FollowerState.java:run(117)) - 7b1e61a0-7daf-43dd-99d5-9b325c1d31ae@group-091950D56227-FollowerState was interrupted: java.lang.InterruptedException: sleep interrupted
2019-10-20 17:40:47,393 [8f18dce1-0a3d-4b65-9c78-af3d58b2da7f@group-091950D56227-LeaderElection354] INFO  impl.LeaderElection (LeaderElection.java:logAndReturn(56)) - 8f18dce1-0a3d-4b65-9c78-af3d58b2da7f@group-091950D56227-LeaderElection354: Election REJECTED; received 2 response(s) [8f18dce1-0a3d-4b65-9c78-af3d58b2da7f<-8a63e1ae-032e-4bed-9f20-125a11f65413#0:FAIL-t425, 8f18dce1-0a3d-4b65-9c78-af3d58b2da7f<-7b1e61a0-7daf-43dd-99d5-9b325c1d31ae#0:FAIL-t425] and 0 exception(s); 8f18dce1-0a3d-4b65-9c78-af3d58b2da7f@group-091950D56227:t425, leader=null, voted=8f18dce1-0a3d-4b65-9c78-af3d58b2da7f, raftlog=8f18dce1-0a3d-4b65-9c78-af3d58b2da7f@group-091950D56227-SegmentedRaftLog:OPENED:c-1,f-1,i0, conf=-1: [8a63e1ae-032e-4bed-9f20-125a11f65413:0.0.0.0:38685, 8f18dce1-0a3d-4b65-9c78-af3d58b2da7f:0.0.0.0:42489, 7b1e61a0-7daf-43dd-99d5-9b325c1d31ae:0.0.0.0:38412], old=null
2019-10-20 17:40:47,394 [8f18dce1-0a3d-4b65-9c78-af3d58b2da7f@group-091950D56227-LeaderElection354] INFO  impl.RaftServerImpl (RaftServerImpl.java:setRole(184)) - 8f18dce1-0a3d-4b65-9c78-af3d58b2da7f@group-091950D56227: changes role from CANDIDATE to FOLLOWER at term 425 for DISCOVERED_A_NEW_TERM
2019-10-20 17:40:47,394 [8f18dce1-0a3d-4b65-9c78-af3d58b2da7f@group-091950D56227-LeaderElection354] INFO  impl.RoleInfo (RoleInfo.java:shutdownLeaderElection(134)) - 8f18dce1-0a3d-4b65-9c78-af3d58b2da7f: shutdown LeaderElection
2019-10-20 17:40:47,394 [8f18dce1-0a3d-4b65-9c78-af3d58b2da7f@group-091950D56227-LeaderElection354] INFO  impl.RoleInfo (RoleInfo.java:updateAndGet(143)) - 8f18dce1-0a3d-4b65-9c78-af3d58b2da7f: start FollowerState
2019-10-20 17:40:47,506 [Thread-2563] INFO  impl.FollowerState (FollowerState.java:run(108)) - 8f18dce1-0a3d-4b65-9c78-af3d58b2da7f@group-091950D56227-FollowerState: change to CANDIDATE, lastRpcTime:112ms, electionTimeout:112ms
2019-10-20 17:40:47,506 [Thread-2563] INFO  impl.RoleInfo (RoleInfo.java:shutdownFollowerState(121)) - 8f18dce1-0a3d-4b65-9c78-af3d58b2da7f: shutdown FollowerState
2019-10-20 17:40:47,506 [Thread-2563] INFO  impl.RaftServerImpl (RaftServerImpl.java:setRole(184)) - 8f18dce1-0a3d-4b65-9c78-af3d58b2da7f@group-091950D56227: changes role from  FOLLOWER to CANDIDATE at term 425 for changeToCandidate
2019-10-20 17:40:47,506 [Thread-2563] INFO  impl.RoleInfo (RoleInfo.java:updateAndGet(143)) - 8f18dce1-0a3d-4b65-9c78-af3d58b2da7f: start LeaderElection
2019-10-20 17:40:47,535 [8f18dce1-0a3d-4b65-9c78-af3d58b2da7f@group-091950D56227-LeaderElection355] INFO  impl.LeaderElection (LeaderElection.java:askForVotes(178)) - 8f18dce1-0a3d-4b65-9c78-af3d58b2da7f@group-091950D56227-LeaderElection355: begin an election at term 426 for -1: [8a63e1ae-032e-4bed-9f20-125a11f65413:0.0.0.0:38685, 8f18dce1-0a3d-4b65-9c78-af3d58b2da7f:0.0.0.0:42489, 7b1e61a0-7daf-43dd-99d5-9b325c1d31ae:0.0.0.0:38412], old=null
2019-10-20 17:40:47,538 [grpc-default-executor-0] INFO  impl.RaftServerImpl (RaftServerImpl.java:setRole(184)) - 8a63e1ae-032e-4bed-9f20-125a11f65413@group-091950D56227: changes role from  FOLLOWER to FOLLOWER at term 426 for recognizeCandidate:8f18dce1-0a3d-4b65-9c78-af3d58b2da7f
2019-10-20 17:40:47,539 [grpc-default-executor-0] INFO  impl.RoleInfo (RoleInfo.java:shutdownFollowerState(121)) - 8a63e1ae-032e-4bed-9f20-125a11f65413: shutdown FollowerState
2019-10-20 17:40:47,538 [grpc-default-executor-2] INFO  impl.RaftServerImpl (RaftServerImpl.java:setRole(184)) - 7b1e61a0-7daf-43dd-99d5-9b325c1d31ae@group-091950D56227: changes role from  FOLLOWER to FOLLOWER at term 426 for recognizeCandidate:8f18dce1-0a3d-4b65-9c78-af3d58b2da7f
2019-10-20 17:40:47,539 [grpc-default-executor-2] INFO  impl.RoleInfo (RoleInfo.java:shutdownFollowerState(121)) - 7b1e61a0-7daf-43dd-99d5-9b325c1d31ae: shutdown FollowerState
2019-10-20 17:40:47,539 [Thread-2560] INFO  impl.FollowerState (FollowerState.java:run(117)) - 8a63e1ae-032e-4bed-9f20-125a11f65413@group-091950D56227-FollowerState was interrupted: java.lang.InterruptedException: sleep interrupted
2019-10-20 17:40:47,539 [grpc-default-executor-0] INFO  impl.RoleInfo (RoleInfo.java:updateAndGet(143)) - 8a63e1ae-032e-4bed-9f20-125a11f65413: start FollowerState
2019-10-20 17:40:47,539 [Thread-2561] INFO  impl.FollowerState (FollowerState.java:run(117)) - 7b1e61a0-7daf-43dd-99d5-9b325c1d31ae@group-091950D56227-FollowerState was interrupted: java.lang.InterruptedException: sleep interrupted
2019-10-20 17:40:47,539 [grpc-default-executor-2] INFO  impl.RoleInfo (RoleInfo.java:updateAndGet(143)) - 7b1e61a0-7daf-43dd-99d5-9b325c1d31ae: start FollowerState
2019-10-20 17:40:47,561 [8f18dce1-0a3d-4b65-9c78-af3d58b2da7f@group-091950D56227-LeaderElection355] INFO  impl.LeaderElection (LeaderElection.java:logAndReturn(56)) - 8f18dce1-0a3d-4b65-9c78-af3d58b2da7f@group-091950D56227-LeaderElection355: Election REJECTED; received 2 response(s) [8f18dce1-0a3d-4b65-9c78-af3d58b2da7f<-8a63e1ae-032e-4bed-9f20-125a11f65413#0:FAIL-t426, 8f18dce1-0a3d-4b65-9c78-af3d58b2da7f<-7b1e61a0-7daf-43dd-99d5-9b325c1d31ae#0:FAIL-t426] and 0 exception(s); 8f18dce1-0a3d-4b65-9c78-af3d58b2da7f@group-091950D56227:t426, leader=null, voted=8f18dce1-0a3d-4b65-9c78-af3d58b2da7f, raftlog=8f18dce1-0a3d-4b65-9c78-af3d58b2da7f@group-091950D56227-SegmentedRaftLog:OPENED:c-1,f-1,i0, conf=-1: [8a63e1ae-032e-4bed-9f20-125a11f65413:0.0.0.0:38685, 8f18dce1-0a3d-4b65-9c78-af3d58b2da7f:0.0.0.0:42489, 7b1e61a0-7daf-43dd-99d5-9b325c1d31ae:0.0.0.0:38412], old=null
2019-10-20 17:40:47,561 [8f18dce1-0a3d-4b65-9c78-af3d58b2da7f@group-091950D56227-LeaderElection355] INFO  impl.RaftServerImpl (RaftServerImpl.java:setRole(184)) - 8f18dce1-0a3d-4b65-9c78-af3d58b2da7f@group-091950D56227: changes role from CANDIDATE to FOLLOWER at term 426 for DISCOVERED_A_NEW_TERM
2019-10-20 17:40:47,562 [8f18dce1-0a3d-4b65-9c78-af3d58b2da7f@group-091950D56227-LeaderElection355] INFO  impl.RoleInfo (RoleInfo.java:shutdownLeaderElection(134)) - 8f18dce1-0a3d-4b65-9c78-af3d58b2da7f: shutdown LeaderElection
2019-10-20 17:40:47,562 [8f18dce1-0a3d-4b65-9c78-af3d58b2da7f@group-091950D56227-LeaderElection355] INFO  impl.RoleInfo (RoleInfo.java:updateAndGet(143)) - 8f18dce1-0a3d-4b65-9c78-af3d58b2da7f: start FollowerState
2019-10-20 17:40:47,715 [Thread-2569] INFO  impl.FollowerState (FollowerState.java:run(108)) - 8f18dce1-0a3d-4b65-9c78-af3d58b2da7f@group-091950D56227-FollowerState: change to CANDIDATE, lastRpcTime:153ms, electionTimeout:153ms
2019-10-20 17:40:47,715 [Thread-2569] INFO  impl.RoleInfo (RoleInfo.java:shutdownFollowerState(121)) - 8f18dce1-0a3d-4b65-9c78-af3d58b2da7f: shutdown FollowerState
2019-10-20 17:40:47,715 [Thread-2569] INFO  impl.RaftServerImpl (RaftServerImpl.java:setRole(184)) - 8f18dce1-0a3d-4b65-9c78-af3d58b2da7f@group-091950D56227: changes role from  FOLLOWER to CANDIDATE at term 426 for changeToCandidate
2019-10-20 17:40:47,716 [Thread-2569] INFO  impl.RoleInfo (RoleInfo.java:updateAndGet(143)) - 8f18dce1-0a3d-4b65-9c78-af3d58b2da7f: start LeaderElection
2019-10-20 17:40:47,744 [8f18dce1-0a3d-4b65-9c78-af3d58b2da7f@group-091950D56227-LeaderElection356] INFO  impl.LeaderElection (LeaderElection.java:askForVotes(178)) - 8f18dce1-0a3d-4b65-9c78-af3d58b2da7f@group-091950D56227-LeaderElection356: begin an election at term 427 for -1: [8a63e1ae-032e-4bed-9f20-125a11f65413:0.0.0.0:38685, 8f18dce1-0a3d-4b65-9c78-af3d58b2da7f:0.0.0.0:42489, 7b1e61a0-7daf-43dd-99d5-9b325c1d31ae:0.0.0.0:38412], old=null
2019-10-20 17:40:47,746 [grpc-default-executor-2] INFO  impl.RaftServerImpl (RaftServerImpl.java:setRole(184)) - 8a63e1ae-032e-4bed-9f20-125a11f65413@group-091950D56227: changes role from  FOLLOWER to FOLLOWER at term 427 for recognizeCandidate:8f18dce1-0a3d-4b65-9c78-af3d58b2da7f
2019-10-20 17:40:47,746 [grpc-default-executor-2] INFO  impl.RoleInfo (RoleInfo.java:shutdownFollowerState(121)) - 8a63e1ae-032e-4bed-9f20-125a11f65413: shutdown FollowerState
2019-10-20 17:40:47,746 [grpc-default-executor-2] INFO  impl.RoleInfo (RoleInfo.java:updateAndGet(143)) - 8a63e1ae-032e-4bed-9f20-125a11f65413: start FollowerState
2019-10-20 17:40:47,746 [Thread-2567] INFO  impl.FollowerState (FollowerState.java:run(117)) - 8a63e1ae-032e-4bed-9f20-125a11f65413@group-091950D56227-FollowerState was interrupted: java.lang.InterruptedException: sleep interrupted
2019-10-20 17:40:47,746 [grpc-default-executor-0] INFO  impl.RaftServerImpl (RaftServerImpl.java:setRole(184)) - 7b1e61a0-7daf-43dd-99d5-9b325c1d31ae@group-091950D56227: changes role from  FOLLOWER to FOLLOWER at term 427 for recognizeCandidate:8f18dce1-0a3d-4b65-9c78-af3d58b2da7f
2019-10-20 17:40:47,746 [grpc-default-executor-0] INFO  impl.RoleInfo (RoleInfo.java:shutdownFollowerState(121)) - 7b1e61a0-7daf-43dd-99d5-9b325c1d31ae: shutdown FollowerState
2019-10-20 17:40:47,747 [grpc-default-executor-0] INFO  impl.RoleInfo (RoleInfo.java:updateAndGet(143)) - 7b1e61a0-7daf-43dd-99d5-9b325c1d31ae: start FollowerState
2019-10-20 17:40:47,747 [Thread-2568] INFO  impl.FollowerState (FollowerState.java:run(117)) - 7b1e61a0-7daf-43dd-99d5-9b325c1d31ae@group-091950D56227-FollowerState was interrupted: java.lang.InterruptedException: sleep interrupted
2019-10-20 17:40:47,771 [8f18dce1-0a3d-4b65-9c78-af3d58b2da7f@group-091950D56227-LeaderElection356] INFO  impl.LeaderElection (LeaderElection.java:logAndReturn(56)) - 8f18dce1-0a3d-4b65-9c78-af3d58b2da7f@group-091950D56227-LeaderElection356: Election REJECTED; received 2 response(s) [8f18dce1-0a3d-4b65-9c78-af3d58b2da7f<-8a63e1ae-032e-4bed-9f20-125a11f65413#0:FAIL-t427, 8f18dce1-0a3d-4b65-9c78-af3d58b2da7f<-7b1e61a0-7daf-43dd-99d5-9b325c1d31ae#0:FAIL-t427] and 0 exception(s); 8f18dce1-0a3d-4b65-9c78-af3d58b2da7f@group-091950D56227:t427, leader=null, voted=8f18dce1-0a3d-4b65-9c78-af3d58b2da7f, raftlog=8f18dce1-0a3d-4b65-9c78-af3d58b2da7f@group-091950D56227-SegmentedRaftLog:OPENED:c-1,f-1,i0, conf=-1: [8a63e1ae-032e-4bed-9f20-125a11f65413:0.0.0.0:38685, 8f18dce1-0a3d-4b65-9c78-af3d58b2da7f:0.0.0.0:42489, 7b1e61a0-7daf-43dd-99d5-9b325c1d31ae:0.0.0.0:38412], old=null
2019-10-20 17:40:47,771 [8f18dce1-0a3d-4b65-9c78-af3d58b2da7f@group-091950D56227-LeaderElection356] INFO  impl.RaftServerImpl (RaftServerImpl.java:setRole(184)) - 8f18dce1-0a3d-4b65-9c78-af3d58b2da7f@group-091950D56227: changes role from CANDIDATE to FOLLOWER at term 427 for DISCOVERED_A_NEW_TERM
2019-10-20 17:40:47,771 [8f18dce1-0a3d-4b65-9c78-af3d58b2da7f@group-091950D56227-LeaderElection356] INFO  impl.RoleInfo (RoleInfo.java:shutdownLeaderElection(134)) - 8f18dce1-0a3d-4b65-9c78-af3d58b2da7f: shutdown LeaderElection
2019-10-20 17:40:47,771 [8f18dce1-0a3d-4b65-9c78-af3d58b2da7f@group-091950D56227-LeaderElection356] INFO  impl.RoleInfo (RoleInfo.java:updateAndGet(143)) - 8f18dce1-0a3d-4b65-9c78-af3d58b2da7f: start FollowerState
2019-10-20 17:40:47,938 [Thread-2575] INFO  impl.FollowerState (FollowerState.java:run(108)) - 8f18dce1-0a3d-4b65-9c78-af3d58b2da7f@group-091950D56227-FollowerState: change to CANDIDATE, lastRpcTime:166ms, electionTimeout:166ms
2019-10-20 17:40:47,938 [Thread-2575] INFO  impl.RoleInfo (RoleInfo.java:shutdownFollowerState(121)) - 8f18dce1-0a3d-4b65-9c78-af3d58b2da7f: shutdown FollowerState
2019-10-20 17:40:47,938 [Thread-2575] INFO  impl.RaftServerImpl (RaftServerImpl.java:setRole(184)) - 8f18dce1-0a3d-4b65-9c78-af3d58b2da7f@group-091950D56227: changes role from  FOLLOWER to CANDIDATE at term 427 for changeToCandidate
2019-10-20 17:40:47,938 [Thread-2575] INFO  impl.RoleInfo (RoleInfo.java:updateAndGet(143)) - 8f18dce1-0a3d-4b65-9c78-af3d58b2da7f: start LeaderElection
2019-10-20 17:40:47,987 [8f18dce1-0a3d-4b65-9c78-af3d58b2da7f@group-091950D56227-LeaderElection357] INFO  impl.LeaderElection (LeaderElection.java:askForVotes(178)) - 8f18dce1-0a3d-4b65-9c78-af3d58b2da7f@group-091950D56227-LeaderElection357: begin an election at term 428 for -1: [8a63e1ae-032e-4bed-9f20-125a11f65413:0.0.0.0:38685, 8f18dce1-0a3d-4b65-9c78-af3d58b2da7f:0.0.0.0:42489, 7b1e61a0-7daf-43dd-99d5-9b325c1d31ae:0.0.0.0:38412], old=null
2019-10-20 17:40:47,989 [grpc-default-executor-0] INFO  impl.RaftServerImpl (RaftServerImpl.java:setRole(184)) - 8a63e1ae-032e-4bed-9f20-125a11f65413@group-091950D56227: changes role from  FOLLOWER to FOLLOWER at term 428 for recognizeCandidate:8f18dce1-0a3d-4b65-9c78-af3d58b2da7f
2019-10-20 17:40:47,989 [grpc-default-executor-2] INFO  impl.RaftServerImpl (RaftServerImpl.java:setRole(184)) - 7b1e61a0-7daf-43dd-99d5-9b325c1d31ae@group-091950D56227: changes role from  FOLLOWER to FOLLOWER at term 428 for recognizeCandidate:8f18dce1-0a3d-4b65-9c78-af3d58b2da7f
2019-10-20 17:40:47,989 [grpc-default-executor-2] INFO  impl.RoleInfo (RoleInfo.java:shutdownFollowerState(121)) - 7b1e61a0-7daf-43dd-99d5-9b325c1d31ae: shutdown FollowerState
2019-10-20 17:40:47,989 [grpc-default-executor-0] INFO  impl.RoleInfo (RoleInfo.java:shutdownFollowerState(121)) - 8a63e1ae-032e-4bed-9f20-125a11f65413: shutdown FollowerState
2019-10-20 17:40:47,989 [Thread-2574] INFO  impl.FollowerState (FollowerState.java:run(117)) - 7b1e61a0-7daf-43dd-99d5-9b325c1d31ae@group-091950D56227-FollowerState was interrupted: java.lang.InterruptedException: sleep interrupted
2019-10-20 17:40:47,989 [grpc-default-executor-2] INFO  impl.RoleInfo (RoleInfo.java:updateAndGet(143)) - 7b1e61a0-7daf-43dd-99d5-9b325c1d31ae: start FollowerState
2019-10-20 17:40:47,989 [Thread-2573] INFO  impl.FollowerState (FollowerState.java:run(117)) - 8a63e1ae-032e-4bed-9f20-125a11f65413@group-091950D56227-FollowerState was interrupted: java.lang.InterruptedException: sleep interrupted
2019-10-20 17:40:47,989 [grpc-default-executor-0] INFO  impl.RoleInfo (RoleInfo.java:updateAndGet(143)) - 8a63e1ae-032e-4bed-9f20-125a11f65413: start FollowerState
2019-10-20 17:40:48,013 [8f18dce1-0a3d-4b65-9c78-af3d58b2da7f@group-091950D56227-LeaderElection357] INFO  impl.LeaderElection (LeaderElection.java:logAndReturn(56)) - 8f18dce1-0a3d-4b65-9c78-af3d58b2da7f@group-091950D56227-LeaderElection357: Election REJECTED; received 2 response(s) [8f18dce1-0a3d-4b65-9c78-af3d58b2da7f<-8a63e1ae-032e-4bed-9f20-125a11f65413#0:FAIL-t428, 8f18dce1-0a3d-4b65-9c78-af3d58b2da7f<-7b1e61a0-7daf-43dd-99d5-9b325c1d31ae#0:FAIL-t428] and 0 exception(s); 8f18dce1-0a3d-4b65-9c78-af3d58b2da7f@group-091950D56227:t428, leader=null, voted=8f18dce1-0a3d-4b65-9c78-af3d58b2da7f, raftlog=8f18dce1-0a3d-4b65-9c78-af3d58b2da7f@group-091950D56227-SegmentedRaftLog:OPENED:c-1,f-1,i0, conf=-1: [8a63e1ae-032e-4bed-9f20-125a11f65413:0.0.0.0:38685, 8f18dce1-0a3d-4b65-9c78-af3d58b2da7f:0.0.0.0:42489, 7b1e61a0-7daf-43dd-99d5-9b325c1d31ae:0.0.0.0:38412], old=null
2019-10-20 17:40:48,014 [8f18dce1-0a3d-4b65-9c78-af3d58b2da7f@group-091950D56227-LeaderElection357] INFO  impl.RaftServerImpl (RaftServerImpl.java:setRole(184)) - 8f18dce1-0a3d-4b65-9c78-af3d58b2da7f@group-091950D56227: changes role from CANDIDATE to FOLLOWER at term 428 for DISCOVERED_A_NEW_TERM
2019-10-20 17:40:48,014 [8f18dce1-0a3d-4b65-9c78-af3d58b2da7f@group-091950D56227-LeaderElection357] INFO  impl.RoleInfo (RoleInfo.java:shutdownLeaderElection(134)) - 8f18dce1-0a3d-4b65-9c78-af3d58b2da7f: shutdown LeaderElection
2019-10-20 17:40:48,014 [8f18dce1-0a3d-4b65-9c78-af3d58b2da7f@group-091950D56227-LeaderElection357] INFO  impl.RoleInfo (RoleInfo.java:updateAndGet(143)) - 8f18dce1-0a3d-4b65-9c78-af3d58b2da7f: start FollowerState
2019-10-20 17:40:48,204 [Thread-2581] INFO  impl.FollowerState (FollowerState.java:run(108)) - 8f18dce1-0a3d-4b65-9c78-af3d58b2da7f@group-091950D56227-FollowerState: change to CANDIDATE, lastRpcTime:190ms, electionTimeout:190ms
2019-10-20 17:40:48,204 [Thread-2581] INFO  impl.RoleInfo (RoleInfo.java:shutdownFollowerState(121)) - 8f18dce1-0a3d-4b65-9c78-af3d58b2da7f: shutdown FollowerState
2019-10-20 17:40:48,204 [Thread-2581] INFO  impl.RaftServerImpl (RaftServerImpl.java:setRole(184)) - 8f18dce1-0a3d-4b65-9c78-af3d58b2da7f@group-091950D56227: changes role from  FOLLOWER to CANDIDATE at term 428 for changeToCandidate
2019-10-20 17:40:48,205 [Thread-2581] INFO  impl.RoleInfo (RoleInfo.java:updateAndGet(143)) - 8f18dce1-0a3d-4b65-9c78-af3d58b2da7f: start LeaderElection
2019-10-20 17:40:48,230 [8f18dce1-0a3d-4b65-9c78-af3d58b2da7f@group-091950D56227-LeaderElection358] INFO  impl.LeaderElection (LeaderElection.java:askForVotes(178)) - 8f18dce1-0a3d-4b65-9c78-af3d58b2da7f@group-091950D56227-LeaderElection358: begin an election at term 429 for -1: [8a63e1ae-032e-4bed-9f20-125a11f65413:0.0.0.0:38685, 8f18dce1-0a3d-4b65-9c78-af3d58b2da7f:0.0.0.0:42489, 7b1e61a0-7daf-43dd-99d5-9b325c1d31ae:0.0.0.0:38412], old=null
2019-10-20 17:40:48,232 [grpc-default-executor-2] INFO  impl.RaftServerImpl (RaftServerImpl.java:setRole(184)) - 8a63e1ae-032e-4bed-9f20-125a11f65413@group-091950D56227: changes role from  FOLLOWER to FOLLOWER at term 429 for recognizeCandidate:8f18dce1-0a3d-4b65-9c78-af3d58b2da7f
2019-10-20 17:40:48,232 [grpc-default-executor-0] INFO  impl.RaftServerImpl (RaftServerImpl.java:setRole(184)) - 7b1e61a0-7daf-43dd-99d5-9b325c1d31ae@group-091950D56227: changes role from  FOLLOWER to FOLLOWER at term 429 for recognizeCandidate:8f18dce1-0a3d-4b65-9c78-af3d58b2da7f
2019-10-20 17:40:48,232 [grpc-default-executor-2] INFO  impl.RoleInfo (RoleInfo.java:shutdownFollowerState(121)) - 8a63e1ae-032e-4bed-9f20-125a11f65413: shutdown FollowerState
2019-10-20 17:40:48,232 [grpc-default-executor-0] INFO  impl.RoleInfo (RoleInfo.java:shutdownFollowerState(121)) - 7b1e61a0-7daf-43dd-99d5-9b325c1d31ae: shutdown FollowerState
2019-10-20 17:40:48,232 [Thread-2580] INFO  impl.FollowerState (FollowerState.java:run(117)) - 8a63e1ae-032e-4bed-9f20-125a11f65413@group-091950D56227-FollowerState was interrupted: java.lang.InterruptedException: sleep interrupted
2019-10-20 17:40:48,232 [grpc-default-executor-2] INFO  impl.RoleInfo (RoleInfo.java:updateAndGet(143)) - 8a63e1ae-032e-4bed-9f20-125a11f65413: start FollowerState
2019-10-20 17:40:48,232 [Thread-2579] INFO  impl.FollowerState (FollowerState.java:run(117)) - 7b1e61a0-7daf-43dd-99d5-9b325c1d31ae@group-091950D56227-FollowerState was interrupted: java.lang.InterruptedException: sleep interrupted
2019-10-20 17:40:48,232 [grpc-default-executor-0] INFO  impl.RoleInfo (RoleInfo.java:updateAndGet(143)) - 7b1e61a0-7daf-43dd-99d5-9b325c1d31ae: start FollowerState
2019-10-20 17:40:48,256 [8f18dce1-0a3d-4b65-9c78-af3d58b2da7f@group-091950D56227-LeaderElection358] INFO  impl.LeaderElection (LeaderElection.java:logAndReturn(56)) - 8f18dce1-0a3d-4b65-9c78-af3d58b2da7f@group-091950D56227-LeaderElection358: Election REJECTED; received 2 response(s) [8f18dce1-0a3d-4b65-9c78-af3d58b2da7f<-8a63e1ae-032e-4bed-9f20-125a11f65413#0:FAIL-t429, 8f18dce1-0a3d-4b65-9c78-af3d58b2da7f<-7b1e61a0-7daf-43dd-99d5-9b325c1d31ae#0:FAIL-t429] and 0 exception(s); 8f18dce1-0a3d-4b65-9c78-af3d58b2da7f@group-091950D56227:t429, leader=null, voted=8f18dce1-0a3d-4b65-9c78-af3d58b2da7f, raftlog=8f18dce1-0a3d-4b65-9c78-af3d58b2da7f@group-091950D56227-SegmentedRaftLog:OPENED:c-1,f-1,i0, conf=-1: [8a63e1ae-032e-4bed-9f20-125a11f65413:0.0.0.0:38685, 8f18dce1-0a3d-4b65-9c78-af3d58b2da7f:0.0.0.0:42489, 7b1e61a0-7daf-43dd-99d5-9b325c1d31ae:0.0.0.0:38412], old=null
2019-10-20 17:40:48,256 [8f18dce1-0a3d-4b65-9c78-af3d58b2da7f@group-091950D56227-LeaderElection358] INFO  impl.RaftServerImpl (RaftServerImpl.java:setRole(184)) - 8f18dce1-0a3d-4b65-9c78-af3d58b2da7f@group-091950D56227: changes role from CANDIDATE to FOLLOWER at term 429 for DISCOVERED_A_NEW_TERM
2019-10-20 17:40:48,256 [8f18dce1-0a3d-4b65-9c78-af3d58b2da7f@group-091950D56227-LeaderElection358] INFO  impl.RoleInfo (RoleInfo.java:shutdownLeaderElection(134)) - 8f18dce1-0a3d-4b65-9c78-af3d58b2da7f: shutdown LeaderElection
2019-10-20 17:40:48,256 [8f18dce1-0a3d-4b65-9c78-af3d58b2da7f@group-091950D56227-LeaderElection358] INFO  impl.RoleInfo (RoleInfo.java:updateAndGet(143)) - 8f18dce1-0a3d-4b65-9c78-af3d58b2da7f: start FollowerState
2019-10-20 17:40:48,381 [Thread-2587] INFO  impl.FollowerState (FollowerState.java:run(108)) - 8f18dce1-0a3d-4b65-9c78-af3d58b2da7f@group-091950D56227-FollowerState: change to CANDIDATE, lastRpcTime:124ms, electionTimeout:124ms
2019-10-20 17:40:48,381 [Thread-2587] INFO  impl.RoleInfo (RoleInfo.java:shutdownFollowerState(121)) - 8f18dce1-0a3d-4b65-9c78-af3d58b2da7f: shutdown FollowerState
2019-10-20 17:40:48,381 [Thread-2587] INFO  impl.RaftServerImpl (RaftServerImpl.java:setRole(184)) - 8f18dce1-0a3d-4b65-9c78-af3d58b2da7f@group-091950D56227: changes role from  FOLLOWER to CANDIDATE at term 429 for changeToCandidate
2019-10-20 17:40:48,381 [Thread-2587] INFO  impl.RoleInfo (RoleInfo.java:updateAndGet(143)) - 8f18dce1-0a3d-4b65-9c78-af3d58b2da7f: start LeaderElection
2019-10-20 17:40:48,406 [8f18dce1-0a3d-4b65-9c78-af3d58b2da7f@group-091950D56227-LeaderElection359] INFO  impl.LeaderElection (LeaderElection.java:askForVotes(178)) - 8f18dce1-0a3d-4b65-9c78-af3d58b2da7f@group-091950D56227-LeaderElection359: begin an election at term 430 for -1: [8a63e1ae-032e-4bed-9f20-125a11f65413:0.0.0.0:38685, 8f18dce1-0a3d-4b65-9c78-af3d58b2da7f:0.0.0.0:42489, 7b1e61a0-7daf-43dd-99d5-9b325c1d31ae:0.0.0.0:38412], old=null
2019-10-20 17:40:48,407 [grpc-default-executor-2] INFO  impl.RaftServerImpl (RaftServerImpl.java:setRole(184)) - 8a63e1ae-032e-4bed-9f20-125a11f65413@group-091950D56227: changes role from  FOLLOWER to FOLLOWER at term 430 for recognizeCandidate:8f18dce1-0a3d-4b65-9c78-af3d58b2da7f
2019-10-20 17:40:48,407 [grpc-default-executor-2] INFO  impl.RoleInfo (RoleInfo.java:shutdownFollowerState(121)) - 8a63e1ae-032e-4bed-9f20-125a11f65413: shutdown FollowerState
2019-10-20 17:40:48,407 [grpc-default-executor-2] INFO  impl.RoleInfo (RoleInfo.java:updateAndGet(143)) - 8a63e1ae-032e-4bed-9f20-125a11f65413: start FollowerState
2019-10-20 17:40:48,407 [Thread-2585] INFO  impl.FollowerState (FollowerState.java:run(117)) - 8a63e1ae-032e-4bed-9f20-125a11f65413@group-091950D56227-FollowerState was interrupted: java.lang.InterruptedException: sleep interrupted
2019-10-20 17:40:48,407 [grpc-default-executor-0] INFO  impl.RaftServerImpl (RaftServerImpl.java:setRole(184)) - 7b1e61a0-7daf-43dd-99d5-9b325c1d31ae@group-091950D56227: changes role from  FOLLOWER to FOLLOWER at term 430 for recognizeCandidate:8f18dce1-0a3d-4b65-9c78-af3d58b2da7f
2019-10-20 17:40:48,408 [grpc-default-executor-0] INFO  impl.RoleInfo (RoleInfo.java:shutdownFollowerState(121)) - 7b1e61a0-7daf-43dd-99d5-9b325c1d31ae: shutdown FollowerState
2019-10-20 17:40:48,408 [grpc-default-executor-0] INFO  impl.RoleInfo (RoleInfo.java:updateAndGet(143)) - 7b1e61a0-7daf-43dd-99d5-9b325c1d31ae: start FollowerState
2019-10-20 17:40:48,408 [Thread-2586] INFO  impl.FollowerState (FollowerState.java:run(117)) - 7b1e61a0-7daf-43dd-99d5-9b325c1d31ae@group-091950D56227-FollowerState was interrupted: java.lang.InterruptedException: sleep interrupted
2019-10-20 17:40:48,432 [8f18dce1-0a3d-4b65-9c78-af3d58b2da7f@group-091950D56227-LeaderElection359] INFO  impl.LeaderElection (LeaderElection.java:logAndReturn(56)) - 8f18dce1-0a3d-4b65-9c78-af3d58b2da7f@group-091950D56227-LeaderElection359: Election REJECTED; received 2 response(s) [8f18dce1-0a3d-4b65-9c78-af3d58b2da7f<-8a63e1ae-032e-4bed-9f20-125a11f65413#0:FAIL-t430, 8f18dce1-0a3d-4b65-9c78-af3d58b2da7f<-7b1e61a0-7daf-43dd-99d5-9b325c1d31ae#0:FAIL-t430] and 0 exception(s); 8f18dce1-0a3d-4b65-9c78-af3d58b2da7f@group-091950D56227:t430, leader=null, voted=8f18dce1-0a3d-4b65-9c78-af3d58b2da7f, raftlog=8f18dce1-0a3d-4b65-9c78-af3d58b2da7f@group-091950D56227-SegmentedRaftLog:OPENED:c-1,f-1,i0, conf=-1: [8a63e1ae-032e-4bed-9f20-125a11f65413:0.0.0.0:38685, 8f18dce1-0a3d-4b65-9c78-af3d58b2da7f:0.0.0.0:42489, 7b1e61a0-7daf-43dd-99d5-9b325c1d31ae:0.0.0.0:38412], old=null
2019-10-20 17:40:48,432 [8f18dce1-0a3d-4b65-9c78-af3d58b2da7f@group-091950D56227-LeaderElection359] INFO  impl.RaftServerImpl (RaftServerImpl.java:setRole(184)) - 8f18dce1-0a3d-4b65-9c78-af3d58b2da7f@group-091950D56227: changes role from CANDIDATE to FOLLOWER at term 430 for DISCOVERED_A_NEW_TERM
2019-10-20 17:40:48,432 [8f18dce1-0a3d-4b65-9c78-af3d58b2da7f@group-091950D56227-LeaderElection359] INFO  impl.RoleInfo (RoleInfo.java:shutdownLeaderElection(134)) - 8f18dce1-0a3d-4b65-9c78-af3d58b2da7f: shutdown LeaderElection
2019-10-20 17:40:48,432 [8f18dce1-0a3d-4b65-9c78-af3d58b2da7f@group-091950D56227-LeaderElection359] INFO  impl.RoleInfo (RoleInfo.java:updateAndGet(143)) - 8f18dce1-0a3d-4b65-9c78-af3d58b2da7f: start FollowerState
2019-10-20 17:40:48,490 [Thread-2595] INFO  impl.FollowerState (FollowerState.java:run(108)) - 8f18dce1-0a3d-4b65-9c78-af3d58b2da7f@group-091950D56227-FollowerState: change to CANDIDATE, lastRpcTime:57ms, electionTimeout:57ms
2019-10-20 17:40:48,490 [Thread-2595] INFO  impl.RoleInfo (RoleInfo.java:shutdownFollowerState(121)) - 8f18dce1-0a3d-4b65-9c78-af3d58b2da7f: shutdown FollowerState
2019-10-20 17:40:48,490 [Thread-2595] INFO  impl.RaftServerImpl (RaftServerImpl.java:setRole(184)) - 8f18dce1-0a3d-4b65-9c78-af3d58b2da7f@group-091950D56227: changes role from  FOLLOWER to CANDIDATE at term 430 for changeToCandidate
2019-10-20 17:40:48,490 [Thread-2595] INFO  impl.RoleInfo (RoleInfo.java:updateAndGet(143)) - 8f18dce1-0a3d-4b65-9c78-af3d58b2da7f: start LeaderElection
2019-10-20 17:40:48,523 [8f18dce1-0a3d-4b65-9c78-af3d58b2da7f@group-091950D56227-LeaderElection360] INFO  impl.LeaderElection (LeaderElection.java:askForVotes(178)) - 8f18dce1-0a3d-4b65-9c78-af3d58b2da7f@group-091950D56227-LeaderElection360: begin an election at term 431 for -1: [8a63e1ae-032e-4bed-9f20-125a11f65413:0.0.0.0:38685, 8f18dce1-0a3d-4b65-9c78-af3d58b2da7f:0.0.0.0:42489, 7b1e61a0-7daf-43dd-99d5-9b325c1d31ae:0.0.0.0:38412], old=null
2019-10-20 17:40:48,526 [grpc-default-executor-2] INFO  impl.RaftServerImpl (RaftServerImpl.java:setRole(184)) - 8a63e1ae-032e-4bed-9f20-125a11f65413@group-091950D56227: changes role from  FOLLOWER to FOLLOWER at term 431 for recognizeCandidate:8f18dce1-0a3d-4b65-9c78-af3d58b2da7f
2019-10-20 17:40:48,526 [grpc-default-executor-0] INFO  impl.RaftServerImpl (RaftServerImpl.java:setRole(184)) - 7b1e61a0-7daf-43dd-99d5-9b325c1d31ae@group-091950D56227: changes role from  FOLLOWER to FOLLOWER at term 431 for recognizeCandidate:8f18dce1-0a3d-4b65-9c78-af3d58b2da7f
2019-10-20 17:40:48,526 [grpc-default-executor-0] INFO  impl.RoleInfo (RoleInfo.java:shutdownFollowerState(121)) - 7b1e61a0-7daf-43dd-99d5-9b325c1d31ae: shutdown FollowerState
2019-10-20 17:40:48,526 [grpc-default-executor-2] INFO  impl.RoleInfo (RoleInfo.java:shutdownFollowerState(121)) - 8a63e1ae-032e-4bed-9f20-125a11f65413: shutdown FollowerState
2019-10-20 17:40:48,526 [Thread-2594] INFO  impl.FollowerState (FollowerState.java:run(117)) - 7b1e61a0-7daf-43dd-99d5-9b325c1d31ae@group-091950D56227-FollowerState was interrupted: java.lang.InterruptedException: sleep interrupted
2019-10-20 17:40:48,526 [grpc-default-executor-0] INFO  impl.RoleInfo (RoleInfo.java:updateAndGet(143)) - 7b1e61a0-7daf-43dd-99d5-9b325c1d31ae: start FollowerState
2019-10-20 17:40:48,526 [Thread-2593] INFO  impl.FollowerState (FollowerState.java:run(117)) - 8a63e1ae-032e-4bed-9f20-125a11f65413@group-091950D56227-FollowerState was interrupted: java.lang.InterruptedException: sleep interrupted
2019-10-20 17:40:48,526 [grpc-default-executor-2] INFO  impl.RoleInfo (RoleInfo.java:updateAndGet(143)) - 8a63e1ae-032e-4bed-9f20-125a11f65413: start FollowerState
2019-10-20 17:40:48,550 [8f18dce1-0a3d-4b65-9c78-af3d58b2da7f@group-091950D56227-LeaderElection360] INFO  impl.LeaderElection (LeaderElection.java:logAndReturn(56)) - 8f18dce1-0a3d-4b65-9c78-af3d58b2da7f@group-091950D56227-LeaderElection360: Election REJECTED; received 2 response(s) [8f18dce1-0a3d-4b65-9c78-af3d58b2da7f<-8a63e1ae-032e-4bed-9f20-125a11f65413#0:FAIL-t431, 8f18dce1-0a3d-4b65-9c78-af3d58b2da7f<-7b1e61a0-7daf-43dd-99d5-9b325c1d31ae#0:FAIL-t431] and 0 exception(s); 8f18dce1-0a3d-4b65-9c78-af3d58b2da7f@group-091950D56227:t431, leader=null, voted=8f18dce1-0a3d-4b65-9c78-af3d58b2da7f, raftlog=8f18dce1-0a3d-4b65-9c78-af3d58b2da7f@group-091950D56227-SegmentedRaftLog:OPENED:c-1,f-1,i0, conf=-1: [8a63e1ae-032e-4bed-9f20-125a11f65413:0.0.0.0:38685, 8f18dce1-0a3d-4b65-9c78-af3d58b2da7f:0.0.0.0:42489, 7b1e61a0-7daf-43dd-99d5-9b325c1d31ae:0.0.0.0:38412], old=null
2019-10-20 17:40:48,550 [8f18dce1-0a3d-4b65-9c78-af3d58b2da7f@group-091950D56227-LeaderElection360] INFO  impl.RaftServerImpl (RaftServerImpl.java:setRole(184)) - 8f18dce1-0a3d-4b65-9c78-af3d58b2da7f@group-091950D56227: changes role from CANDIDATE to FOLLOWER at term 431 for DISCOVERED_A_NEW_TERM
2019-10-20 17:40:48,550 [8f18dce1-0a3d-4b65-9c78-af3d58b2da7f@group-091950D56227-LeaderElection360] INFO  impl.RoleInfo (RoleInfo.java:shutdownLeaderElection(134)) - 8f18dce1-0a3d-4b65-9c78-af3d58b2da7f: shutdown LeaderElection
2019-10-20 17:40:48,550 [8f18dce1-0a3d-4b65-9c78-af3d58b2da7f@group-091950D56227-LeaderElection360] INFO  impl.RoleInfo (RoleInfo.java:updateAndGet(143)) - 8f18dce1-0a3d-4b65-9c78-af3d58b2da7f: start FollowerState
2019-10-20 17:40:48,553 [Thread-2601] INFO  impl.FollowerState (FollowerState.java:run(108)) - 8f18dce1-0a3d-4b65-9c78-af3d58b2da7f@group-091950D56227-FollowerState: change to CANDIDATE, lastRpcTime:2ms, electionTimeout:2ms
2019-10-20 17:40:48,553 [Thread-2601] INFO  impl.RoleInfo (RoleInfo.java:shutdownFollowerState(121)) - 8f18dce1-0a3d-4b65-9c78-af3d58b2da7f: shutdown FollowerState
2019-10-20 17:40:48,553 [Thread-2601] INFO  impl.RaftServerImpl (RaftServerImpl.java:setRole(184)) - 8f18dce1-0a3d-4b65-9c78-af3d58b2da7f@group-091950D56227: changes role from  FOLLOWER to CANDIDATE at term 431 for changeToCandidate
2019-10-20 17:40:48,553 [Thread-2601] INFO  impl.RoleInfo (RoleInfo.java:updateAndGet(143)) - 8f18dce1-0a3d-4b65-9c78-af3d58b2da7f: start LeaderElection
2019-10-20 17:40:48,583 [8f18dce1-0a3d-4b65-9c78-af3d58b2da7f@group-091950D56227-LeaderElection361] INFO  impl.LeaderElection (LeaderElection.java:askForVotes(178)) - 8f18dce1-0a3d-4b65-9c78-af3d58b2da7f@group-091950D56227-LeaderElection361: begin an election at term 432 for -1: [8a63e1ae-032e-4bed-9f20-125a11f65413:0.0.0.0:38685, 8f18dce1-0a3d-4b65-9c78-af3d58b2da7f:0.0.0.0:42489, 7b1e61a0-7daf-43dd-99d5-9b325c1d31ae:0.0.0.0:38412], old=null
2019-10-20 17:40:48,584 [grpc-default-executor-0] INFO  impl.RaftServerImpl (RaftServerImpl.java:setRole(184)) - 8a63e1ae-032e-4bed-9f20-125a11f65413@group-091950D56227: changes role from  FOLLOWER to FOLLOWER at term 432 for recognizeCandidate:8f18dce1-0a3d-4b65-9c78-af3d58b2da7f
2019-10-20 17:40:48,584 [grpc-default-executor-0] INFO  impl.RoleInfo (RoleInfo.java:shutdownFollowerState(121)) - 8a63e1ae-032e-4bed-9f20-125a11f65413: shutdown FollowerState
2019-10-20 17:40:48,584 [grpc-default-executor-2] INFO  impl.RaftServerImpl (RaftServerImpl.java:setRole(184)) - 7b1e61a0-7daf-43dd-99d5-9b325c1d31ae@group-091950D56227: changes role from  FOLLOWER to FOLLOWER at term 432 for recognizeCandidate:8f18dce1-0a3d-4b65-9c78-af3d58b2da7f
2019-10-20 17:40:48,585 [grpc-default-executor-2] INFO  impl.RoleInfo (RoleInfo.java:shutdownFollowerState(121)) - 7b1e61a0-7daf-43dd-99d5-9b325c1d31ae: shutdown FollowerState
2019-10-20 17:40:48,585 [Thread-2600] INFO  impl.FollowerState (FollowerState.java:run(117)) - 8a63e1ae-032e-4bed-9f20-125a11f65413@group-091950D56227-FollowerState was interrupted: java.lang.InterruptedException: sleep interrupted
2019-10-20 17:40:48,584 [grpc-default-executor-0] INFO  impl.RoleInfo (RoleInfo.java:updateAndGet(143)) - 8a63e1ae-032e-4bed-9f20-125a11f65413: start FollowerState
2019-10-20 17:40:48,585 [Thread-2599] INFO  impl.FollowerState (FollowerState.java:run(117)) - 7b1e61a0-7daf-43dd-99d5-9b325c1d31ae@group-091950D56227-FollowerState was interrupted: java.lang.InterruptedException: sleep interrupted
2019-10-20 17:40:48,585 [grpc-default-executor-2] INFO  impl.RoleInfo (RoleInfo.java:updateAndGet(143)) - 7b1e61a0-7daf-43dd-99d5-9b325c1d31ae: start FollowerState
2019-10-20 17:40:48,609 [8f18dce1-0a3d-4b65-9c78-af3d58b2da7f@group-091950D56227-LeaderElection361] INFO  impl.LeaderElection (LeaderElection.java:logAndReturn(56)) - 8f18dce1-0a3d-4b65-9c78-af3d58b2da7f@group-091950D56227-LeaderElection361: Election REJECTED; received 2 response(s) [8f18dce1-0a3d-4b65-9c78-af3d58b2da7f<-8a63e1ae-032e-4bed-9f20-125a11f65413#0:FAIL-t432, 8f18dce1-0a3d-4b65-9c78-af3d58b2da7f<-7b1e61a0-7daf-43dd-99d5-9b325c1d31ae#0:FAIL-t432] and 0 exception(s); 8f18dce1-0a3d-4b65-9c78-af3d58b2da7f@group-091950D56227:t432, leader=null, voted=8f18dce1-0a3d-4b65-9c78-af3d58b2da7f, raftlog=8f18dce1-0a3d-4b65-9c78-af3d58b2da7f@group-091950D56227-SegmentedRaftLog:OPENED:c-1,f-1,i0, conf=-1: [8a63e1ae-032e-4bed-9f20-125a11f65413:0.0.0.0:38685, 8f18dce1-0a3d-4b65-9c78-af3d58b2da7f:0.0.0.0:42489, 7b1e61a0-7daf-43dd-99d5-9b325c1d31ae:0.0.0.0:38412], old=null
2019-10-20 17:40:48,609 [8f18dce1-0a3d-4b65-9c78-af3d58b2da7f@group-091950D56227-LeaderElection361] INFO  impl.RaftServerImpl (RaftServerImpl.java:setRole(184)) - 8f18dce1-0a3d-4b65-9c78-af3d58b2da7f@group-091950D56227: changes role from CANDIDATE to FOLLOWER at term 432 for DISCOVERED_A_NEW_TERM
2019-10-20 17:40:48,609 [8f18dce1-0a3d-4b65-9c78-af3d58b2da7f@group-091950D56227-LeaderElection361] INFO  impl.RoleInfo (RoleInfo.java:shutdownLeaderElection(134)) - 8f18dce1-0a3d-4b65-9c78-af3d58b2da7f: shutdown LeaderElection
2019-10-20 17:40:48,609 [8f18dce1-0a3d-4b65-9c78-af3d58b2da7f@group-091950D56227-LeaderElection361] INFO  impl.RoleInfo (RoleInfo.java:updateAndGet(143)) - 8f18dce1-0a3d-4b65-9c78-af3d58b2da7f: start FollowerState
2019-10-20 17:40:48,797 [Thread-2607] INFO  impl.FollowerState (FollowerState.java:run(108)) - 8f18dce1-0a3d-4b65-9c78-af3d58b2da7f@group-091950D56227-FollowerState: change to CANDIDATE, lastRpcTime:188ms, electionTimeout:188ms
2019-10-20 17:40:48,797 [Thread-2607] INFO  impl.RoleInfo (RoleInfo.java:shutdownFollowerState(121)) - 8f18dce1-0a3d-4b65-9c78-af3d58b2da7f: shutdown FollowerState
2019-10-20 17:40:48,798 [Thread-2607] INFO  impl.RaftServerImpl (RaftServerImpl.java:setRole(184)) - 8f18dce1-0a3d-4b65-9c78-af3d58b2da7f@group-091950D56227: changes role from  FOLLOWER to CANDIDATE at term 432 for changeToCandidate
2019-10-20 17:40:48,798 [Thread-2607] INFO  impl.RoleInfo (RoleInfo.java:updateAndGet(143)) - 8f18dce1-0a3d-4b65-9c78-af3d58b2da7f: start LeaderElection
2019-10-20 17:40:48,825 [8f18dce1-0a3d-4b65-9c78-af3d58b2da7f@group-091950D56227-LeaderElection362] INFO  impl.LeaderElection (LeaderElection.java:askForVotes(178)) - 8f18dce1-0a3d-4b65-9c78-af3d58b2da7f@group-091950D56227-LeaderElection362: begin an election at term 433 for -1: [8a63e1ae-032e-4bed-9f20-125a11f65413:0.0.0.0:38685, 8f18dce1-0a3d-4b65-9c78-af3d58b2da7f:0.0.0.0:42489, 7b1e61a0-7daf-43dd-99d5-9b325c1d31ae:0.0.0.0:38412], old=null
2019-10-20 17:40:48,826 [grpc-default-executor-2] INFO  impl.RaftServerImpl (RaftServerImpl.java:setRole(184)) - 8a63e1ae-032e-4bed-9f20-125a11f65413@group-091950D56227: changes role from  FOLLOWER to FOLLOWER at term 433 for recognizeCandidate:8f18dce1-0a3d-4b65-9c78-af3d58b2da7f
2019-10-20 17:40:48,827 [grpc-default-executor-2] INFO  impl.RoleInfo (RoleInfo.java:shutdownFollowerState(121)) - 8a63e1ae-032e-4bed-9f20-125a11f65413: shutdown FollowerState
2019-10-20 17:40:48,827 [grpc-default-executor-0] INFO  impl.RaftServerImpl (RaftServerImpl.java:setRole(184)) - 7b1e61a0-7daf-43dd-99d5-9b325c1d31ae@group-091950D56227: changes role from  FOLLOWER to FOLLOWER at term 433 for recognizeCandidate:8f18dce1-0a3d-4b65-9c78-af3d58b2da7f
2019-10-20 17:40:48,827 [grpc-default-executor-0] INFO  impl.RoleInfo (RoleInfo.java:shutdownFollowerState(121)) - 7b1e61a0-7daf-43dd-99d5-9b325c1d31ae: shutdown FollowerState
2019-10-20 17:40:48,827 [Thread-2605] INFO  impl.FollowerState (FollowerState.java:run(117)) - 8a63e1ae-032e-4bed-9f20-125a11f65413@group-091950D56227-FollowerState was interrupted: java.lang.InterruptedException: sleep interrupted
2019-10-20 17:40:48,827 [Thread-2606] INFO  impl.FollowerState (FollowerState.java:run(117)) - 7b1e61a0-7daf-43dd-99d5-9b325c1d31ae@group-091950D56227-FollowerState was interrupted: java.lang.InterruptedException: sleep interrupted
2019-10-20 17:40:48,827 [grpc-default-executor-2] INFO  impl.RoleInfo (RoleInfo.java:updateAndGet(143)) - 8a63e1ae-032e-4bed-9f20-125a11f65413: start FollowerState
2019-10-20 17:40:48,827 [grpc-default-executor-0] INFO  impl.RoleInfo (RoleInfo.java:updateAndGet(143)) - 7b1e61a0-7daf-43dd-99d5-9b325c1d31ae: start FollowerState
2019-10-20 17:40:48,851 [8f18dce1-0a3d-4b65-9c78-af3d58b2da7f@group-091950D56227-LeaderElection362] INFO  impl.LeaderElection (LeaderElection.java:logAndReturn(56)) - 8f18dce1-0a3d-4b65-9c78-af3d58b2da7f@group-091950D56227-LeaderElection362: Election TIMEOUT; received 0 response(s) [] and 0 exception(s); 8f18dce1-0a3d-4b65-9c78-af3d58b2da7f@group-091950D56227:t433, leader=null, voted=8f18dce1-0a3d-4b65-9c78-af3d58b2da7f, raftlog=8f18dce1-0a3d-4b65-9c78-af3d58b2da7f@group-091950D56227-SegmentedRaftLog:OPENED:c-1,f-1,i0, conf=-1: [8a63e1ae-032e-4bed-9f20-125a11f65413:0.0.0.0:38685, 8f18dce1-0a3d-4b65-9c78-af3d58b2da7f:0.0.0.0:42489, 7b1e61a0-7daf-43dd-99d5-9b325c1d31ae:0.0.0.0:38412], old=null
2019-10-20 17:40:48,877 [8f18dce1-0a3d-4b65-9c78-af3d58b2da7f@group-091950D56227-LeaderElection362] INFO  impl.LeaderElection (LeaderElection.java:askForVotes(178)) - 8f18dce1-0a3d-4b65-9c78-af3d58b2da7f@group-091950D56227-LeaderElection362: begin an election at term 434 for -1: [8a63e1ae-032e-4bed-9f20-125a11f65413:0.0.0.0:38685, 8f18dce1-0a3d-4b65-9c78-af3d58b2da7f:0.0.0.0:42489, 7b1e61a0-7daf-43dd-99d5-9b325c1d31ae:0.0.0.0:38412], old=null
2019-10-20 17:40:48,878 [grpc-default-executor-0] INFO  impl.RaftServerImpl (RaftServerImpl.java:setRole(184)) - 8a63e1ae-032e-4bed-9f20-125a11f65413@group-091950D56227: changes role from  FOLLOWER to FOLLOWER at term 434 for recognizeCandidate:8f18dce1-0a3d-4b65-9c78-af3d58b2da7f
2019-10-20 17:40:48,879 [grpc-default-executor-0] INFO  impl.RoleInfo (RoleInfo.java:shutdownFollowerState(121)) - 8a63e1ae-032e-4bed-9f20-125a11f65413: shutdown FollowerState
2019-10-20 17:40:48,879 [grpc-default-executor-2] INFO  impl.RaftServerImpl (RaftServerImpl.java:setRole(184)) - 7b1e61a0-7daf-43dd-99d5-9b325c1d31ae@group-091950D56227: changes role from  FOLLOWER to FOLLOWER at term 434 for recognizeCandidate:8f18dce1-0a3d-4b65-9c78-af3d58b2da7f
2019-10-20 17:40:48,879 [grpc-default-executor-2] INFO  impl.RoleInfo (RoleInfo.java:shutdownFollowerState(121)) - 7b1e61a0-7daf-43dd-99d5-9b325c1d31ae: shutdown FollowerState
2019-10-20 17:40:48,879 [Thread-2611] INFO  impl.FollowerState (FollowerState.java:run(117)) - 8a63e1ae-032e-4bed-9f20-125a11f65413@group-091950D56227-FollowerState was interrupted: java.lang.InterruptedException: sleep interrupted
2019-10-20 17:40:48,879 [grpc-default-executor-0] INFO  impl.RoleInfo (RoleInfo.java:updateAndGet(143)) - 8a63e1ae-032e-4bed-9f20-125a11f65413: start FollowerState
2019-10-20 17:40:48,879 [Thread-2612] INFO  impl.FollowerState (FollowerState.java:run(117)) - 7b1e61a0-7daf-43dd-99d5-9b325c1d31ae@group-091950D56227-FollowerState was interrupted: java.lang.InterruptedException: sleep interrupted
2019-10-20 17:40:48,879 [grpc-default-executor-2] INFO  impl.RoleInfo (RoleInfo.java:updateAndGet(143)) - 7b1e61a0-7daf-43dd-99d5-9b325c1d31ae: start FollowerState
2019-10-20 17:40:48,903 [8f18dce1-0a3d-4b65-9c78-af3d58b2da7f@group-091950D56227-LeaderElection362] INFO  impl.LeaderElection (LeaderElection.java:logAndReturn(56)) - 8f18dce1-0a3d-4b65-9c78-af3d58b2da7f@group-091950D56227-LeaderElection362: Election REJECTED; received 2 response(s) [8f18dce1-0a3d-4b65-9c78-af3d58b2da7f<-8a63e1ae-032e-4bed-9f20-125a11f65413#0:FAIL-t434, 8f18dce1-0a3d-4b65-9c78-af3d58b2da7f<-7b1e61a0-7daf-43dd-99d5-9b325c1d31ae#0:FAIL-t434] and 0 exception(s); 8f18dce1-0a3d-4b65-9c78-af3d58b2da7f@group-091950D56227:t434, leader=null, voted=8f18dce1-0a3d-4b65-9c78-af3d58b2da7f, raftlog=8f18dce1-0a3d-4b65-9c78-af3d58b2da7f@group-091950D56227-SegmentedRaftLog:OPENED:c-1,f-1,i0, conf=-1: [8a63e1ae-032e-4bed-9f20-125a11f65413:0.0.0.0:38685, 8f18dce1-0a3d-4b65-9c78-af3d58b2da7f:0.0.0.0:42489, 7b1e61a0-7daf-43dd-99d5-9b325c1d31ae:0.0.0.0:38412], old=null
2019-10-20 17:40:48,904 [8f18dce1-0a3d-4b65-9c78-af3d58b2da7f@group-091950D56227-LeaderElection362] INFO  impl.RaftServerImpl (RaftServerImpl.java:setRole(184)) - 8f18dce1-0a3d-4b65-9c78-af3d58b2da7f@group-091950D56227: changes role from CANDIDATE to FOLLOWER at term 434 for DISCOVERED_A_NEW_TERM
2019-10-20 17:40:48,904 [8f18dce1-0a3d-4b65-9c78-af3d58b2da7f@group-091950D56227-LeaderElection362] INFO  impl.RoleInfo (RoleInfo.java:shutdownLeaderElection(134)) - 8f18dce1-0a3d-4b65-9c78-af3d58b2da7f: shutdown LeaderElection
2019-10-20 17:40:48,904 [8f18dce1-0a3d-4b65-9c78-af3d58b2da7f@group-091950D56227-LeaderElection362] INFO  impl.RoleInfo (RoleInfo.java:updateAndGet(143)) - 8f18dce1-0a3d-4b65-9c78-af3d58b2da7f: start FollowerState
2019-10-20 17:40:48,932 [Thread-2617] INFO  impl.FollowerState (FollowerState.java:run(108)) - 8f18dce1-0a3d-4b65-9c78-af3d58b2da7f@group-091950D56227-FollowerState: change to CANDIDATE, lastRpcTime:28ms, electionTimeout:28ms
2019-10-20 17:40:48,932 [Thread-2617] INFO  impl.RoleInfo (RoleInfo.java:shutdownFollowerState(121)) - 8f18dce1-0a3d-4b65-9c78-af3d58b2da7f: shutdown FollowerState
2019-10-20 17:40:48,932 [Thread-2617] INFO  impl.RaftServerImpl (RaftServerImpl.java:setRole(184)) - 8f18dce1-0a3d-4b65-9c78-af3d58b2da7f@group-091950D56227: changes role from  FOLLOWER to CANDIDATE at term 434 for changeToCandidate
2019-10-20 17:40:48,932 [Thread-2617] INFO  impl.RoleInfo (RoleInfo.java:updateAndGet(143)) - 8f18dce1-0a3d-4b65-9c78-af3d58b2da7f: start LeaderElection
2019-10-20 17:40:48,962 [8f18dce1-0a3d-4b65-9c78-af3d58b2da7f@group-091950D56227-LeaderElection363] INFO  impl.LeaderElection (LeaderElection.java:askForVotes(178)) - 8f18dce1-0a3d-4b65-9c78-af3d58b2da7f@group-091950D56227-LeaderElection363: begin an election at term 435 for -1: [8a63e1ae-032e-4bed-9f20-125a11f65413:0.0.0.0:38685, 8f18dce1-0a3d-4b65-9c78-af3d58b2da7f:0.0.0.0:42489, 7b1e61a0-7daf-43dd-99d5-9b325c1d31ae:0.0.0.0:38412], old=null
2019-10-20 17:40:48,963 [grpc-default-executor-0] INFO  impl.RaftServerImpl (RaftServerImpl.java:setRole(184)) - 8a63e1ae-032e-4bed-9f20-125a11f65413@group-091950D56227: changes role from  FOLLOWER to FOLLOWER at term 435 for recognizeCandidate:8f18dce1-0a3d-4b65-9c78-af3d58b2da7f
2019-10-20 17:40:48,963 [grpc-default-executor-0] INFO  impl.RoleInfo (RoleInfo.java:shutdownFollowerState(121)) - 8a63e1ae-032e-4bed-9f20-125a11f65413: shutdown FollowerState
2019-10-20 17:40:48,963 [grpc-default-executor-2] INFO  impl.RaftServerImpl (RaftServerImpl.java:setRole(184)) - 7b1e61a0-7daf-43dd-99d5-9b325c1d31ae@group-091950D56227: changes role from  FOLLOWER to FOLLOWER at term 435 for recognizeCandidate:8f18dce1-0a3d-4b65-9c78-af3d58b2da7f
2019-10-20 17:40:48,963 [Thread-2615] INFO  impl.FollowerState (FollowerState.java:run(117)) - 8a63e1ae-032e-4bed-9f20-125a11f65413@group-091950D56227-FollowerState was interrupted: java.lang.InterruptedException: sleep interrupted
2019-10-20 17:40:48,963 [grpc-default-executor-0] INFO  impl.RoleInfo (RoleInfo.java:updateAndGet(143)) - 8a63e1ae-032e-4bed-9f20-125a11f65413: start FollowerState
2019-10-20 17:40:48,963 [grpc-default-executor-2] INFO  impl.RoleInfo (RoleInfo.java:shutdownFollowerState(121)) - 7b1e61a0-7daf-43dd-99d5-9b325c1d31ae: shutdown FollowerState
2019-10-20 17:40:48,964 [grpc-default-executor-2] INFO  impl.RoleInfo (RoleInfo.java:updateAndGet(143)) - 7b1e61a0-7daf-43dd-99d5-9b325c1d31ae: start FollowerState
2019-10-20 17:40:48,964 [Thread-2616] INFO  impl.FollowerState (FollowerState.java:run(117)) - 7b1e61a0-7daf-43dd-99d5-9b325c1d31ae@group-091950D56227-FollowerState was interrupted: java.lang.InterruptedException: sleep interrupted
2019-10-20 17:40:48,988 [8f18dce1-0a3d-4b65-9c78-af3d58b2da7f@group-091950D56227-LeaderElection363] INFO  impl.LeaderElection (LeaderElection.java:logAndReturn(56)) - 8f18dce1-0a3d-4b65-9c78-af3d58b2da7f@group-091950D56227-LeaderElection363: Election REJECTED; received 2 response(s) [8f18dce1-0a3d-4b65-9c78-af3d58b2da7f<-8a63e1ae-032e-4bed-9f20-125a11f65413#0:FAIL-t435, 8f18dce1-0a3d-4b65-9c78-af3d58b2da7f<-7b1e61a0-7daf-43dd-99d5-9b325c1d31ae#0:FAIL-t435] and 0 exception(s); 8f18dce1-0a3d-4b65-9c78-af3d58b2da7f@group-091950D56227:t435, leader=null, voted=8f18dce1-0a3d-4b65-9c78-af3d58b2da7f, raftlog=8f18dce1-0a3d-4b65-9c78-af3d58b2da7f@group-091950D56227-SegmentedRaftLog:OPENED:c-1,f-1,i0, conf=-1: [8a63e1ae-032e-4bed-9f20-125a11f65413:0.0.0.0:38685, 8f18dce1-0a3d-4b65-9c78-af3d58b2da7f:0.0.0.0:42489, 7b1e61a0-7daf-43dd-99d5-9b325c1d31ae:0.0.0.0:38412], old=null
2019-10-20 17:40:48,988 [8f18dce1-0a3d-4b65-9c78-af3d58b2da7f@group-091950D56227-LeaderElection363] INFO  impl.RaftServerImpl (RaftServerImpl.java:setRole(184)) - 8f18dce1-0a3d-4b65-9c78-af3d58b2da7f@group-091950D56227: changes role from CANDIDATE to FOLLOWER at term 435 for DISCOVERED_A_NEW_TERM
2019-10-20 17:40:48,988 [8f18dce1-0a3d-4b65-9c78-af3d58b2da7f@group-091950D56227-LeaderElection363] INFO  impl.RoleInfo (RoleInfo.java:shutdownLeaderElection(134)) - 8f18dce1-0a3d-4b65-9c78-af3d58b2da7f: shutdown LeaderElection
2019-10-20 17:40:48,988 [8f18dce1-0a3d-4b65-9c78-af3d58b2da7f@group-091950D56227-LeaderElection363] INFO  impl.RoleInfo (RoleInfo.java:updateAndGet(143)) - 8f18dce1-0a3d-4b65-9c78-af3d58b2da7f: start FollowerState
2019-10-20 17:40:49,106 [Thread-2623] INFO  impl.FollowerState (FollowerState.java:run(108)) - 8f18dce1-0a3d-4b65-9c78-af3d58b2da7f@group-091950D56227-FollowerState: change to CANDIDATE, lastRpcTime:118ms, electionTimeout:118ms
2019-10-20 17:40:49,107 [Thread-2623] INFO  impl.RoleInfo (RoleInfo.java:shutdownFollowerState(121)) - 8f18dce1-0a3d-4b65-9c78-af3d58b2da7f: shutdown FollowerState
2019-10-20 17:40:49,107 [Thread-2623] INFO  impl.RaftServerImpl (RaftServerImpl.java:setRole(184)) - 8f18dce1-0a3d-4b65-9c78-af3d58b2da7f@group-091950D56227: changes role from  FOLLOWER to CANDIDATE at term 435 for changeToCandidate
2019-10-20 17:40:49,107 [Thread-2623] INFO  impl.RoleInfo (RoleInfo.java:updateAndGet(143)) - 8f18dce1-0a3d-4b65-9c78-af3d58b2da7f: start LeaderElection
2019-10-20 17:40:49,129 [8f18dce1-0a3d-4b65-9c78-af3d58b2da7f@group-091950D56227-LeaderElection364] INFO  impl.LeaderElection (LeaderElection.java:askForVotes(178)) - 8f18dce1-0a3d-4b65-9c78-af3d58b2da7f@group-091950D56227-LeaderElection364: begin an election at term 436 for -1: [8a63e1ae-032e-4bed-9f20-125a11f65413:0.0.0.0:38685, 8f18dce1-0a3d-4b65-9c78-af3d58b2da7f:0.0.0.0:42489, 7b1e61a0-7daf-43dd-99d5-9b325c1d31ae:0.0.0.0:38412], old=null
2019-10-20 17:40:49,131 [grpc-default-executor-2] INFO  impl.RaftServerImpl (RaftServerImpl.java:setRole(184)) - 7b1e61a0-7daf-43dd-99d5-9b325c1d31ae@group-091950D56227: changes role from  FOLLOWER to FOLLOWER at term 436 for recognizeCandidate:8f18dce1-0a3d-4b65-9c78-af3d58b2da7f
2019-10-20 17:40:49,131 [grpc-default-executor-0] INFO  impl.RaftServerImpl (RaftServerImpl.java:setRole(184)) - 8a63e1ae-032e-4bed-9f20-125a11f65413@group-091950D56227: changes role from  FOLLOWER to FOLLOWER at term 436 for recognizeCandidate:8f18dce1-0a3d-4b65-9c78-af3d58b2da7f
2019-10-20 17:40:49,131 [grpc-default-executor-0] INFO  impl.RoleInfo (RoleInfo.java:shutdownFollowerState(121)) - 8a63e1ae-032e-4bed-9f20-125a11f65413: shutdown FollowerState
2019-10-20 17:40:49,131 [grpc-default-executor-2] INFO  impl.RoleInfo (RoleInfo.java:shutdownFollowerState(121)) - 7b1e61a0-7daf-43dd-99d5-9b325c1d31ae: shutdown FollowerState
2019-10-20 17:40:49,132 [Thread-2621] INFO  impl.FollowerState (FollowerState.java:run(117)) - 8a63e1ae-032e-4bed-9f20-125a11f65413@group-091950D56227-FollowerState was interrupted: java.lang.InterruptedException: sleep interrupted
2019-10-20 17:40:49,132 [grpc-default-executor-0] INFO  impl.RoleInfo (RoleInfo.java:updateAndGet(143)) - 8a63e1ae-032e-4bed-9f20-125a11f65413: start FollowerState
2019-10-20 17:40:49,132 [Thread-2622] INFO  impl.FollowerState (FollowerState.java:run(117)) - 7b1e61a0-7daf-43dd-99d5-9b325c1d31ae@group-091950D56227-FollowerState was interrupted: java.lang.InterruptedException: sleep interrupted
2019-10-20 17:40:49,132 [grpc-default-executor-2] INFO  impl.RoleInfo (RoleInfo.java:updateAndGet(143)) - 7b1e61a0-7daf-43dd-99d5-9b325c1d31ae: start FollowerState
2019-10-20 17:40:49,156 [8f18dce1-0a3d-4b65-9c78-af3d58b2da7f@group-091950D56227-LeaderElection364] INFO  impl.LeaderElection (LeaderElection.java:logAndReturn(56)) - 8f18dce1-0a3d-4b65-9c78-af3d58b2da7f@group-091950D56227-LeaderElection364: Election REJECTED; received 2 response(s) [8f18dce1-0a3d-4b65-9c78-af3d58b2da7f<-8a63e1ae-032e-4bed-9f20-125a11f65413#0:FAIL-t436, 8f18dce1-0a3d-4b65-9c78-af3d58b2da7f<-7b1e61a0-7daf-43dd-99d5-9b325c1d31ae#0:FAIL-t436] and 0 exception(s); 8f18dce1-0a3d-4b65-9c78-af3d58b2da7f@group-091950D56227:t436, leader=null, voted=8f18dce1-0a3d-4b65-9c78-af3d58b2da7f, raftlog=8f18dce1-0a3d-4b65-9c78-af3d58b2da7f@group-091950D56227-SegmentedRaftLog:OPENED:c-1,f-1,i0, conf=-1: [8a63e1ae-032e-4bed-9f20-125a11f65413:0.0.0.0:38685, 8f18dce1-0a3d-4b65-9c78-af3d58b2da7f:0.0.0.0:42489, 7b1e61a0-7daf-43dd-99d5-9b325c1d31ae:0.0.0.0:38412], old=null
2019-10-20 17:40:49,156 [8f18dce1-0a3d-4b65-9c78-af3d58b2da7f@group-091950D56227-LeaderElection364] INFO  impl.RaftServerImpl (RaftServerImpl.java:setRole(184)) - 8f18dce1-0a3d-4b65-9c78-af3d58b2da7f@group-091950D56227: changes role from CANDIDATE to FOLLOWER at term 436 for DISCOVERED_A_NEW_TERM
2019-10-20 17:40:49,156 [8f18dce1-0a3d-4b65-9c78-af3d58b2da7f@group-091950D56227-LeaderElection364] INFO  impl.RoleInfo (RoleInfo.java:shutdownLeaderElection(134)) - 8f18dce1-0a3d-4b65-9c78-af3d58b2da7f: shutdown LeaderElection
2019-10-20 17:40:49,156 [8f18dce1-0a3d-4b65-9c78-af3d58b2da7f@group-091950D56227-LeaderElection364] INFO  impl.RoleInfo (RoleInfo.java:updateAndGet(143)) - 8f18dce1-0a3d-4b65-9c78-af3d58b2da7f: start FollowerState
2019-10-20 17:40:49,313 [Thread-2629] INFO  impl.FollowerState (FollowerState.java:run(108)) - 8f18dce1-0a3d-4b65-9c78-af3d58b2da7f@group-091950D56227-FollowerState: change to CANDIDATE, lastRpcTime:156ms, electionTimeout:156ms
2019-10-20 17:40:49,313 [Thread-2629] INFO  impl.RoleInfo (RoleInfo.java:shutdownFollowerState(121)) - 8f18dce1-0a3d-4b65-9c78-af3d58b2da7f: shutdown FollowerState
2019-10-20 17:40:49,313 [Thread-2629] INFO  impl.RaftServerImpl (RaftServerImpl.java:setRole(184)) - 8f18dce1-0a3d-4b65-9c78-af3d58b2da7f@group-091950D56227: changes role from  FOLLOWER to CANDIDATE at term 436 for changeToCandidate
2019-10-20 17:40:49,313 [Thread-2629] INFO  impl.RoleInfo (RoleInfo.java:updateAndGet(143)) - 8f18dce1-0a3d-4b65-9c78-af3d58b2da7f: start LeaderElection
2019-10-20 17:40:49,339 [8f18dce1-0a3d-4b65-9c78-af3d58b2da7f@group-091950D56227-LeaderElection365] INFO  impl.LeaderElection (LeaderElection.java:askForVotes(178)) - 8f18dce1-0a3d-4b65-9c78-af3d58b2da7f@group-091950D56227-LeaderElection365: begin an election at term 437 for -1: [8a63e1ae-032e-4bed-9f20-125a11f65413:0.0.0.0:38685, 8f18dce1-0a3d-4b65-9c78-af3d58b2da7f:0.0.0.0:42489, 7b1e61a0-7daf-43dd-99d5-9b325c1d31ae:0.0.0.0:38412], old=null
2019-10-20 17:40:49,340 [grpc-default-executor-2] INFO  impl.RaftServerImpl (RaftServerImpl.java:setRole(184)) - 8a63e1ae-032e-4bed-9f20-125a11f65413@group-091950D56227: changes role from  FOLLOWER to FOLLOWER at term 437 for recognizeCandidate:8f18dce1-0a3d-4b65-9c78-af3d58b2da7f
2019-10-20 17:40:49,340 [grpc-default-executor-2] INFO  impl.RoleInfo (RoleInfo.java:shutdownFollowerState(121)) - 8a63e1ae-032e-4bed-9f20-125a11f65413: shutdown FollowerState
2019-10-20 17:40:49,340 [grpc-default-executor-0] INFO  impl.RaftServerImpl (RaftServerImpl.java:setRole(184)) - 7b1e61a0-7daf-43dd-99d5-9b325c1d31ae@group-091950D56227: changes role from  FOLLOWER to FOLLOWER at term 437 for recognizeCandidate:8f18dce1-0a3d-4b65-9c78-af3d58b2da7f
2019-10-20 17:40:49,340 [Thread-2627] INFO  impl.FollowerState (FollowerState.java:run(117)) - 8a63e1ae-032e-4bed-9f20-125a11f65413@group-091950D56227-FollowerState was interrupted: java.lang.InterruptedException: sleep interrupted
2019-10-20 17:40:49,340 [grpc-default-executor-2] INFO  impl.RoleInfo (RoleInfo.java:updateAndGet(143)) - 8a63e1ae-032e-4bed-9f20-125a11f65413: start FollowerState
2019-10-20 17:40:49,341 [grpc-default-executor-0] INFO  impl.RoleInfo (RoleInfo.java:shutdownFollowerState(121)) - 7b1e61a0-7daf-43dd-99d5-9b325c1d31ae: shutdown FollowerState
2019-10-20 17:40:49,341 [grpc-default-executor-0] INFO  impl.RoleInfo (RoleInfo.java:updateAndGet(143)) - 7b1e61a0-7daf-43dd-99d5-9b325c1d31ae: start FollowerState
2019-10-20 17:40:49,341 [Thread-2628] INFO  impl.FollowerState (FollowerState.java:run(117)) - 7b1e61a0-7daf-43dd-99d5-9b325c1d31ae@group-091950D56227-FollowerState was interrupted: java.lang.InterruptedException: sleep interrupted
2019-10-20 17:40:49,365 [8f18dce1-0a3d-4b65-9c78-af3d58b2da7f@group-091950D56227-LeaderElection365] INFO  impl.LeaderElection (LeaderElection.java:logAndReturn(56)) - 8f18dce1-0a3d-4b65-9c78-af3d58b2da7f@group-091950D56227-LeaderElection365: Election REJECTED; received 2 response(s) [8f18dce1-0a3d-4b65-9c78-af3d58b2da7f<-8a63e1ae-032e-4bed-9f20-125a11f65413#0:FAIL-t437, 8f18dce1-0a3d-4b65-9c78-af3d58b2da7f<-7b1e61a0-7daf-43dd-99d5-9b325c1d31ae#0:FAIL-t437] and 0 exception(s); 8f18dce1-0a3d-4b65-9c78-af3d58b2da7f@group-091950D56227:t437, leader=null, voted=8f18dce1-0a3d-4b65-9c78-af3d58b2da7f, raftlog=8f18dce1-0a3d-4b65-9c78-af3d58b2da7f@group-091950D56227-SegmentedRaftLog:OPENED:c-1,f-1,i0, conf=-1: [8a63e1ae-032e-4bed-9f20-125a11f65413:0.0.0.0:38685, 8f18dce1-0a3d-4b65-9c78-af3d58b2da7f:0.0.0.0:42489, 7b1e61a0-7daf-43dd-99d5-9b325c1d31ae:0.0.0.0:38412], old=null
2019-10-20 17:40:49,365 [8f18dce1-0a3d-4b65-9c78-af3d58b2da7f@group-091950D56227-LeaderElection365] INFO  impl.RaftServerImpl (RaftServerImpl.java:setRole(184)) - 8f18dce1-0a3d-4b65-9c78-af3d58b2da7f@group-091950D56227: changes role from CANDIDATE to FOLLOWER at term 437 for DISCOVERED_A_NEW_TERM
2019-10-20 17:40:49,365 [8f18dce1-0a3d-4b65-9c78-af3d58b2da7f@group-091950D56227-LeaderElection365] INFO  impl.RoleInfo (RoleInfo.java:shutdownLeaderElection(134)) - 8f18dce1-0a3d-4b65-9c78-af3d58b2da7f: shutdown LeaderElection
2019-10-20 17:40:49,365 [8f18dce1-0a3d-4b65-9c78-af3d58b2da7f@group-091950D56227-LeaderElection365] INFO  impl.RoleInfo (RoleInfo.java:updateAndGet(143)) - 8f18dce1-0a3d-4b65-9c78-af3d58b2da7f: start FollowerState
2019-10-20 17:40:49,490 [Thread-2635] INFO  impl.FollowerState (FollowerState.java:run(108)) - 8f18dce1-0a3d-4b65-9c78-af3d58b2da7f@group-091950D56227-FollowerState: change to CANDIDATE, lastRpcTime:125ms, electionTimeout:125ms
2019-10-20 17:40:49,491 [Thread-2635] INFO  impl.RoleInfo (RoleInfo.java:shutdownFollowerState(121)) - 8f18dce1-0a3d-4b65-9c78-af3d58b2da7f: shutdown FollowerState
2019-10-20 17:40:49,491 [Thread-2635] INFO  impl.RaftServerImpl (RaftServerImpl.java:setRole(184)) - 8f18dce1-0a3d-4b65-9c78-af3d58b2da7f@group-091950D56227: changes role from  FOLLOWER to CANDIDATE at term 437 for changeToCandidate
2019-10-20 17:40:49,491 [Thread-2635] INFO  impl.RoleInfo (RoleInfo.java:updateAndGet(143)) - 8f18dce1-0a3d-4b65-9c78-af3d58b2da7f: start LeaderElection
2019-10-20 17:40:49,523 [8f18dce1-0a3d-4b65-9c78-af3d58b2da7f@group-091950D56227-LeaderElection366] INFO  impl.LeaderElection (LeaderElection.java:askForVotes(178)) - 8f18dce1-0a3d-4b65-9c78-af3d58b2da7f@group-091950D56227-LeaderElection366: begin an election at term 438 for -1: [8a63e1ae-032e-4bed-9f20-125a11f65413:0.0.0.0:38685, 8f18dce1-0a3d-4b65-9c78-af3d58b2da7f:0.0.0.0:42489, 7b1e61a0-7daf-43dd-99d5-9b325c1d31ae:0.0.0.0:38412], old=null
2019-10-20 17:40:49,525 [grpc-default-executor-2] INFO  impl.RaftServerImpl (RaftServerImpl.java:setRole(184)) - 7b1e61a0-7daf-43dd-99d5-9b325c1d31ae@group-091950D56227: changes role from  FOLLOWER to FOLLOWER at term 438 for recognizeCandidate:8f18dce1-0a3d-4b65-9c78-af3d58b2da7f
2019-10-20 17:40:49,525 [grpc-default-executor-2] INFO  impl.RoleInfo (RoleInfo.java:shutdownFollowerState(121)) - 7b1e61a0-7daf-43dd-99d5-9b325c1d31ae: shutdown FollowerState
2019-10-20 17:40:49,525 [grpc-default-executor-0] INFO  impl.RaftServerImpl (RaftServerImpl.java:setRole(184)) - 8a63e1ae-032e-4bed-9f20-125a11f65413@group-091950D56227: changes role from  FOLLOWER to FOLLOWER at term 438 for recognizeCandidate:8f18dce1-0a3d-4b65-9c78-af3d58b2da7f
2019-10-20 17:40:49,525 [grpc-default-executor-0] INFO  impl.RoleInfo (RoleInfo.java:shutdownFollowerState(121)) - 8a63e1ae-032e-4bed-9f20-125a11f65413: shutdown FollowerState
2019-10-20 17:40:49,525 [Thread-2634] INFO  impl.FollowerState (FollowerState.java:run(117)) - 7b1e61a0-7daf-43dd-99d5-9b325c1d31ae@group-091950D56227-FollowerState was interrupted: java.lang.InterruptedException: sleep interrupted
2019-10-20 17:40:49,525 [grpc-default-executor-2] INFO  impl.RoleInfo (RoleInfo.java:updateAndGet(143)) - 7b1e61a0-7daf-43dd-99d5-9b325c1d31ae: start FollowerState
2019-10-20 17:40:49,525 [Thread-2633] INFO  impl.FollowerState (FollowerState.java:run(117)) - 8a63e1ae-032e-4bed-9f20-125a11f65413@group-091950D56227-FollowerState was interrupted: java.lang.InterruptedException: sleep interrupted
2019-10-20 17:40:49,525 [grpc-default-executor-0] INFO  impl.RoleInfo (RoleInfo.java:updateAndGet(143)) - 8a63e1ae-032e-4bed-9f20-125a11f65413: start FollowerState
2019-10-20 17:40:49,549 [8f18dce1-0a3d-4b65-9c78-af3d58b2da7f@group-091950D56227-LeaderElection366] INFO  impl.LeaderElection (LeaderElection.java:logAndReturn(56)) - 8f18dce1-0a3d-4b65-9c78-af3d58b2da7f@group-091950D56227-LeaderElection366: Election REJECTED; received 2 response(s) [8f18dce1-0a3d-4b65-9c78-af3d58b2da7f<-8a63e1ae-032e-4bed-9f20-125a11f65413#0:FAIL-t438, 8f18dce1-0a3d-4b65-9c78-af3d58b2da7f<-7b1e61a0-7daf-43dd-99d5-9b325c1d31ae#0:FAIL-t438] and 0 exception(s); 8f18dce1-0a3d-4b65-9c78-af3d58b2da7f@group-091950D56227:t438, leader=null, voted=8f18dce1-0a3d-4b65-9c78-af3d58b2da7f, raftlog=8f18dce1-0a3d-4b65-9c78-af3d58b2da7f@group-091950D56227-SegmentedRaftLog:OPENED:c-1,f-1,i0, conf=-1: [8a63e1ae-032e-4bed-9f20-125a11f65413:0.0.0.0:38685, 8f18dce1-0a3d-4b65-9c78-af3d58b2da7f:0.0.0.0:42489, 7b1e61a0-7daf-43dd-99d5-9b325c1d31ae:0.0.0.0:38412], old=null
2019-10-20 17:40:49,549 [8f18dce1-0a3d-4b65-9c78-af3d58b2da7f@group-091950D56227-LeaderElection366] INFO  impl.RaftServerImpl (RaftServerImpl.java:setRole(184)) - 8f18dce1-0a3d-4b65-9c78-af3d58b2da7f@group-091950D56227: changes role from CANDIDATE to FOLLOWER at term 438 for DISCOVERED_A_NEW_TERM
2019-10-20 17:40:49,549 [8f18dce1-0a3d-4b65-9c78-af3d58b2da7f@group-091950D56227-LeaderElection366] INFO  impl.RoleInfo (RoleInfo.java:shutdownLeaderElection(134)) - 8f18dce1-0a3d-4b65-9c78-af3d58b2da7f: shutdown LeaderElection
2019-10-20 17:40:49,549 [8f18dce1-0a3d-4b65-9c78-af3d58b2da7f@group-091950D56227-LeaderElection366] INFO  impl.RoleInfo (RoleInfo.java:updateAndGet(143)) - 8f18dce1-0a3d-4b65-9c78-af3d58b2da7f: start FollowerState
2019-10-20 17:40:49,671 [Thread-2643] INFO  impl.FollowerState (FollowerState.java:run(108)) - 8f18dce1-0a3d-4b65-9c78-af3d58b2da7f@group-091950D56227-FollowerState: change to CANDIDATE, lastRpcTime:121ms, electionTimeout:121ms
2019-10-20 17:40:49,671 [Thread-2643] INFO  impl.RoleInfo (RoleInfo.java:shutdownFollowerState(121)) - 8f18dce1-0a3d-4b65-9c78-af3d58b2da7f: shutdown FollowerState
2019-10-20 17:40:49,671 [Thread-2643] INFO  impl.RaftServerImpl (RaftServerImpl.java:setRole(184)) - 8f18dce1-0a3d-4b65-9c78-af3d58b2da7f@group-091950D56227: changes role from  FOLLOWER to CANDIDATE at term 438 for changeToCandidate
2019-10-20 17:40:49,671 [Thread-2643] INFO  impl.RoleInfo (RoleInfo.java:updateAndGet(143)) - 8f18dce1-0a3d-4b65-9c78-af3d58b2da7f: start LeaderElection
2019-10-20 17:40:49,699 [8f18dce1-0a3d-4b65-9c78-af3d58b2da7f@group-091950D56227-LeaderElection367] INFO  impl.LeaderElection (LeaderElection.java:askForVotes(178)) - 8f18dce1-0a3d-4b65-9c78-af3d58b2da7f@group-091950D56227-LeaderElection367: begin an election at term 439 for -1: [8a63e1ae-032e-4bed-9f20-125a11f65413:0.0.0.0:38685, 8f18dce1-0a3d-4b65-9c78-af3d58b2da7f:0.0.0.0:42489, 7b1e61a0-7daf-43dd-99d5-9b325c1d31ae:0.0.0.0:38412], old=null
2019-10-20 17:40:49,700 [grpc-default-executor-2] INFO  impl.RaftServerImpl (RaftServerImpl.java:setRole(184)) - 8a63e1ae-032e-4bed-9f20-125a11f65413@group-091950D56227: changes role from  FOLLOWER to FOLLOWER at term 439 for recognizeCandidate:8f18dce1-0a3d-4b65-9c78-af3d58b2da7f
2019-10-20 17:40:49,700 [grpc-default-executor-2] INFO  impl.RoleInfo (RoleInfo.java:shutdownFollowerState(121)) - 8a63e1ae-032e-4bed-9f20-125a11f65413: shutdown FollowerState
2019-10-20 17:40:49,700 [grpc-default-executor-2] INFO  impl.RoleInfo (RoleInfo.java:updateAndGet(143)) - 8a63e1ae-032e-4bed-9f20-125a11f65413: start FollowerState
2019-10-20 17:40:49,700 [grpc-default-executor-0] INFO  impl.RaftServerImpl (RaftServerImpl.java:setRole(184)) - 7b1e61a0-7daf-43dd-99d5-9b325c1d31ae@group-091950D56227: changes role from  FOLLOWER to FOLLOWER at term 439 for recognizeCandidate:8f18dce1-0a3d-4b65-9c78-af3d58b2da7f
2019-10-20 17:40:49,701 [grpc-default-executor-0] INFO  impl.RoleInfo (RoleInfo.java:shutdownFollowerState(121)) - 7b1e61a0-7daf-43dd-99d5-9b325c1d31ae: shutdown FollowerState
2019-10-20 17:40:49,700 [Thread-2642] INFO  impl.FollowerState (FollowerState.java:run(117)) - 8a63e1ae-032e-4bed-9f20-125a11f65413@group-091950D56227-FollowerState was interrupted: java.lang.InterruptedException: sleep interrupted
2019-10-20 17:40:49,701 [Thread-2641] INFO  impl.FollowerState (FollowerState.java:run(117)) - 7b1e61a0-7daf-43dd-99d5-9b325c1d31ae@group-091950D56227-FollowerState was interrupted: java.lang.InterruptedException: sleep interrupted
2019-10-20 17:40:49,701 [grpc-default-executor-0] INFO  impl.RoleInfo (RoleInfo.java:updateAndGet(143)) - 7b1e61a0-7daf-43dd-99d5-9b325c1d31ae: start FollowerState
2019-10-20 17:40:49,725 [8f18dce1-0a3d-4b65-9c78-af3d58b2da7f@group-091950D56227-LeaderElection367] INFO  impl.LeaderElection (LeaderElection.java:logAndReturn(56)) - 8f18dce1-0a3d-4b65-9c78-af3d58b2da7f@group-091950D56227-LeaderElection367: Election REJECTED; received 2 response(s) [8f18dce1-0a3d-4b65-9c78-af3d58b2da7f<-8a63e1ae-032e-4bed-9f20-125a11f65413#0:FAIL-t439, 8f18dce1-0a3d-4b65-9c78-af3d58b2da7f<-7b1e61a0-7daf-43dd-99d5-9b325c1d31ae#0:FAIL-t439] and 0 exception(s); 8f18dce1-0a3d-4b65-9c78-af3d58b2da7f@group-091950D56227:t439, leader=null, voted=8f18dce1-0a3d-4b65-9c78-af3d58b2da7f, raftlog=8f18dce1-0a3d-4b65-9c78-af3d58b2da7f@group-091950D56227-SegmentedRaftLog:OPENED:c-1,f-1,i0, conf=-1: [8a63e1ae-032e-4bed-9f20-125a11f65413:0.0.0.0:38685, 8f18dce1-0a3d-4b65-9c78-af3d58b2da7f:0.0.0.0:42489, 7b1e61a0-7daf-43dd-99d5-9b325c1d31ae:0.0.0.0:38412], old=null
2019-10-20 17:40:49,725 [8f18dce1-0a3d-4b65-9c78-af3d58b2da7f@group-091950D56227-LeaderElection367] INFO  impl.RaftServerImpl (RaftServerImpl.java:setRole(184)) - 8f18dce1-0a3d-4b65-9c78-af3d58b2da7f@group-091950D56227: changes role from CANDIDATE to FOLLOWER at term 439 for DISCOVERED_A_NEW_TERM
2019-10-20 17:40:49,725 [8f18dce1-0a3d-4b65-9c78-af3d58b2da7f@group-091950D56227-LeaderElection367] INFO  impl.RoleInfo (RoleInfo.java:shutdownLeaderElection(134)) - 8f18dce1-0a3d-4b65-9c78-af3d58b2da7f: shutdown LeaderElection
2019-10-20 17:40:49,725 [8f18dce1-0a3d-4b65-9c78-af3d58b2da7f@group-091950D56227-LeaderElection367] INFO  impl.RoleInfo (RoleInfo.java:updateAndGet(143)) - 8f18dce1-0a3d-4b65-9c78-af3d58b2da7f: start FollowerState
2019-10-20 17:40:49,752 [Thread-2649] INFO  impl.FollowerState (FollowerState.java:run(108)) - 8f18dce1-0a3d-4b65-9c78-af3d58b2da7f@group-091950D56227-FollowerState: change to CANDIDATE, lastRpcTime:26ms, electionTimeout:26ms
2019-10-20 17:40:49,752 [Thread-2649] INFO  impl.RoleInfo (RoleInfo.java:shutdownFollowerState(121)) - 8f18dce1-0a3d-4b65-9c78-af3d58b2da7f: shutdown FollowerState
2019-10-20 17:40:49,752 [Thread-2649] INFO  impl.RaftServerImpl (RaftServerImpl.java:setRole(184)) - 8f18dce1-0a3d-4b65-9c78-af3d58b2da7f@group-091950D56227: changes role from  FOLLOWER to CANDIDATE at term 439 for changeToCandidate
2019-10-20 17:40:49,752 [Thread-2649] INFO  impl.RoleInfo (RoleInfo.java:updateAndGet(143)) - 8f18dce1-0a3d-4b65-9c78-af3d58b2da7f: start LeaderElection
2019-10-20 17:40:49,775 [8f18dce1-0a3d-4b65-9c78-af3d58b2da7f@group-091950D56227-LeaderElection368] INFO  impl.LeaderElection (LeaderElection.java:askForVotes(178)) - 8f18dce1-0a3d-4b65-9c78-af3d58b2da7f@group-091950D56227-LeaderElection368: begin an election at term 440 for -1: [8a63e1ae-032e-4bed-9f20-125a11f65413:0.0.0.0:38685, 8f18dce1-0a3d-4b65-9c78-af3d58b2da7f:0.0.0.0:42489, 7b1e61a0-7daf-43dd-99d5-9b325c1d31ae:0.0.0.0:38412], old=null
2019-10-20 17:40:49,776 [grpc-default-executor-2] INFO  impl.RaftServerImpl (RaftServerImpl.java:setRole(184)) - 8a63e1ae-032e-4bed-9f20-125a11f65413@group-091950D56227: changes role from  FOLLOWER to FOLLOWER at term 440 for recognizeCandidate:8f18dce1-0a3d-4b65-9c78-af3d58b2da7f
2019-10-20 17:40:49,776 [grpc-default-executor-2] INFO  impl.RoleInfo (RoleInfo.java:shutdownFollowerState(121)) - 8a63e1ae-032e-4bed-9f20-125a11f65413: shutdown FollowerState
2019-10-20 17:40:49,776 [grpc-default-executor-2] INFO  impl.RoleInfo (RoleInfo.java:updateAndGet(143)) - 8a63e1ae-032e-4bed-9f20-125a11f65413: start FollowerState
2019-10-20 17:40:49,776 [grpc-default-executor-0] INFO  impl.RaftServerImpl (RaftServerImpl.java:setRole(184)) - 7b1e61a0-7daf-43dd-99d5-9b325c1d31ae@group-091950D56227: changes role from  FOLLOWER to FOLLOWER at term 440 for recognizeCandidate:8f18dce1-0a3d-4b65-9c78-af3d58b2da7f
2019-10-20 17:40:49,777 [grpc-default-executor-0] INFO  impl.RoleInfo (RoleInfo.java:shutdownFollowerState(121)) - 7b1e61a0-7daf-43dd-99d5-9b325c1d31ae: shutdown FollowerState
2019-10-20 17:40:49,776 [Thread-2647] INFO  impl.FollowerState (FollowerState.java:run(117)) - 8a63e1ae-032e-4bed-9f20-125a11f65413@group-091950D56227-FollowerState was interrupted: java.lang.InterruptedException: sleep interrupted
2019-10-20 17:40:49,777 [Thread-2648] INFO  impl.FollowerState (FollowerState.java:run(117)) - 7b1e61a0-7daf-43dd-99d5-9b325c1d31ae@group-091950D56227-FollowerState was interrupted: java.lang.InterruptedException: sleep interrupted
2019-10-20 17:40:49,777 [grpc-default-executor-0] INFO  impl.RoleInfo (RoleInfo.java:updateAndGet(143)) - 7b1e61a0-7daf-43dd-99d5-9b325c1d31ae: start FollowerState
2019-10-20 17:40:49,801 [8f18dce1-0a3d-4b65-9c78-af3d58b2da7f@group-091950D56227-LeaderElection368] INFO  impl.LeaderElection (LeaderElection.java:logAndReturn(56)) - 8f18dce1-0a3d-4b65-9c78-af3d58b2da7f@group-091950D56227-LeaderElection368: Election REJECTED; received 2 response(s) [8f18dce1-0a3d-4b65-9c78-af3d58b2da7f<-8a63e1ae-032e-4bed-9f20-125a11f65413#0:FAIL-t440, 8f18dce1-0a3d-4b65-9c78-af3d58b2da7f<-7b1e61a0-7daf-43dd-99d5-9b325c1d31ae#0:FAIL-t440] and 0 exception(s); 8f18dce1-0a3d-4b65-9c78-af3d58b2da7f@group-091950D56227:t440, leader=null, voted=8f18dce1-0a3d-4b65-9c78-af3d58b2da7f, raftlog=8f18dce1-0a3d-4b65-9c78-af3d58b2da7f@group-091950D56227-SegmentedRaftLog:OPENED:c-1,f-1,i0, conf=-1: [8a63e1ae-032e-4bed-9f20-125a11f65413:0.0.0.0:38685, 8f18dce1-0a3d-4b65-9c78-af3d58b2da7f:0.0.0.0:42489, 7b1e61a0-7daf-43dd-99d5-9b325c1d31ae:0.0.0.0:38412], old=null
2019-10-20 17:40:49,801 [8f18dce1-0a3d-4b65-9c78-af3d58b2da7f@group-091950D56227-LeaderElection368] INFO  impl.RaftServerImpl (RaftServerImpl.java:setRole(184)) - 8f18dce1-0a3d-4b65-9c78-af3d58b2da7f@group-091950D56227: changes role from CANDIDATE to FOLLOWER at term 440 for DISCOVERED_A_NEW_TERM
2019-10-20 17:40:49,801 [8f18dce1-0a3d-4b65-9c78-af3d58b2da7f@group-091950D56227-LeaderElection368] INFO  impl.RoleInfo (RoleInfo.java:shutdownLeaderElection(134)) - 8f18dce1-0a3d-4b65-9c78-af3d58b2da7f: shutdown LeaderElection
2019-10-20 17:40:49,801 [8f18dce1-0a3d-4b65-9c78-af3d58b2da7f@group-091950D56227-LeaderElection368] INFO  impl.RoleInfo (RoleInfo.java:updateAndGet(143)) - 8f18dce1-0a3d-4b65-9c78-af3d58b2da7f: start FollowerState
2019-10-20 17:40:49,834 [Thread-2655] INFO  impl.FollowerState (FollowerState.java:run(108)) - 8f18dce1-0a3d-4b65-9c78-af3d58b2da7f@group-091950D56227-FollowerState: change to CANDIDATE, lastRpcTime:32ms, electionTimeout:32ms
2019-10-20 17:40:49,834 [Thread-2655] INFO  impl.RoleInfo (RoleInfo.java:shutdownFollowerState(121)) - 8f18dce1-0a3d-4b65-9c78-af3d58b2da7f: shutdown FollowerState
2019-10-20 17:40:49,834 [Thread-2655] INFO  impl.RaftServerImpl (RaftServerImpl.java:setRole(184)) - 8f18dce1-0a3d-4b65-9c78-af3d58b2da7f@group-091950D56227: changes role from  FOLLOWER to CANDIDATE at term 440 for changeToCandidate
2019-10-20 17:40:49,834 [Thread-2655] INFO  impl.RoleInfo (RoleInfo.java:updateAndGet(143)) - 8f18dce1-0a3d-4b65-9c78-af3d58b2da7f: start LeaderElection
2019-10-20 17:40:49,859 [8f18dce1-0a3d-4b65-9c78-af3d58b2da7f@group-091950D56227-LeaderElection369] INFO  impl.LeaderElection (LeaderElection.java:askForVotes(178)) - 8f18dce1-0a3d-4b65-9c78-af3d58b2da7f@group-091950D56227-LeaderElection369: begin an election at term 441 for -1: [8a63e1ae-032e-4bed-9f20-125a11f65413:0.0.0.0:38685, 8f18dce1-0a3d-4b65-9c78-af3d58b2da7f:0.0.0.0:42489, 7b1e61a0-7daf-43dd-99d5-9b325c1d31ae:0.0.0.0:38412], old=null
2019-10-20 17:40:49,861 [grpc-default-executor-2] INFO  impl.RaftServerImpl (RaftServerImpl.java:setRole(184)) - 8a63e1ae-032e-4bed-9f20-125a11f65413@group-091950D56227: changes role from  FOLLOWER to FOLLOWER at term 441 for recognizeCandidate:8f18dce1-0a3d-4b65-9c78-af3d58b2da7f
2019-10-20 17:40:49,861 [grpc-default-executor-0] INFO  impl.RaftServerImpl (RaftServerImpl.java:setRole(184)) - 7b1e61a0-7daf-43dd-99d5-9b325c1d31ae@group-091950D56227: changes role from  FOLLOWER to FOLLOWER at term 441 for recognizeCandidate:8f18dce1-0a3d-4b65-9c78-af3d58b2da7f
2019-10-20 17:40:49,861 [grpc-default-executor-0] INFO  impl.RoleInfo (RoleInfo.java:shutdownFollowerState(121)) - 7b1e61a0-7daf-43dd-99d5-9b325c1d31ae: shutdown FollowerState
2019-10-20 17:40:49,861 [grpc-default-executor-2] INFO  impl.RoleInfo (RoleInfo.java:shutdownFollowerState(121)) - 8a63e1ae-032e-4bed-9f20-125a11f65413: shutdown FollowerState
2019-10-20 17:40:49,862 [Thread-2654] INFO  impl.FollowerState (FollowerState.java:run(117)) - 7b1e61a0-7daf-43dd-99d5-9b325c1d31ae@group-091950D56227-FollowerState was interrupted: java.lang.InterruptedException: sleep interrupted
2019-10-20 17:40:49,862 [Thread-2653] INFO  impl.FollowerState (FollowerState.java:run(117)) - 8a63e1ae-032e-4bed-9f20-125a11f65413@group-091950D56227-FollowerState was interrupted: java.lang.InterruptedException: sleep interrupted
2019-10-20 17:40:49,862 [grpc-default-executor-0] INFO  impl.RoleInfo (RoleInfo.java:updateAndGet(143)) - 7b1e61a0-7daf-43dd-99d5-9b325c1d31ae: start FollowerState
2019-10-20 17:40:49,862 [grpc-default-executor-2] INFO  impl.RoleInfo (RoleInfo.java:updateAndGet(143)) - 8a63e1ae-032e-4bed-9f20-125a11f65413: start FollowerState
2019-10-20 17:40:49,885 [8f18dce1-0a3d-4b65-9c78-af3d58b2da7f@group-091950D56227-LeaderElection369] INFO  impl.LeaderElection (LeaderElection.java:logAndReturn(56)) - 8f18dce1-0a3d-4b65-9c78-af3d58b2da7f@group-091950D56227-LeaderElection369: Election REJECTED; received 2 response(s) [8f18dce1-0a3d-4b65-9c78-af3d58b2da7f<-8a63e1ae-032e-4bed-9f20-125a11f65413#0:FAIL-t441, 8f18dce1-0a3d-4b65-9c78-af3d58b2da7f<-7b1e61a0-7daf-43dd-99d5-9b325c1d31ae#0:FAIL-t441] and 0 exception(s); 8f18dce1-0a3d-4b65-9c78-af3d58b2da7f@group-091950D56227:t441, leader=null, voted=8f18dce1-0a3d-4b65-9c78-af3d58b2da7f, raftlog=8f18dce1-0a3d-4b65-9c78-af3d58b2da7f@group-091950D56227-SegmentedRaftLog:OPENED:c-1,f-1,i0, conf=-1: [8a63e1ae-032e-4bed-9f20-125a11f65413:0.0.0.0:38685, 8f18dce1-0a3d-4b65-9c78-af3d58b2da7f:0.0.0.0:42489, 7b1e61a0-7daf-43dd-99d5-9b325c1d31ae:0.0.0.0:38412], old=null
2019-10-20 17:40:49,886 [8f18dce1-0a3d-4b65-9c78-af3d58b2da7f@group-091950D56227-LeaderElection369] INFO  impl.RaftServerImpl (RaftServerImpl.java:setRole(184)) - 8f18dce1-0a3d-4b65-9c78-af3d58b2da7f@group-091950D56227: changes role from CANDIDATE to FOLLOWER at term 441 for DISCOVERED_A_NEW_TERM
2019-10-20 17:40:49,886 [8f18dce1-0a3d-4b65-9c78-af3d58b2da7f@group-091950D56227-LeaderElection369] INFO  impl.RoleInfo (RoleInfo.java:shutdownLeaderElection(134)) - 8f18dce1-0a3d-4b65-9c78-af3d58b2da7f: shutdown LeaderElection
2019-10-20 17:40:49,886 [8f18dce1-0a3d-4b65-9c78-af3d58b2da7f@group-091950D56227-LeaderElection369] INFO  impl.RoleInfo (RoleInfo.java:updateAndGet(143)) - 8f18dce1-0a3d-4b65-9c78-af3d58b2da7f: start FollowerState
2019-10-20 17:40:50,048 [Thread-2661] INFO  impl.FollowerState (FollowerState.java:run(108)) - 8f18dce1-0a3d-4b65-9c78-af3d58b2da7f@group-091950D56227-FollowerState: change to CANDIDATE, lastRpcTime:162ms, electionTimeout:162ms
2019-10-20 17:40:50,048 [Thread-2661] INFO  impl.RoleInfo (RoleInfo.java:shutdownFollowerState(121)) - 8f18dce1-0a3d-4b65-9c78-af3d58b2da7f: shutdown FollowerState
2019-10-20 17:40:50,049 [Thread-2661] INFO  impl.RaftServerImpl (RaftServerImpl.java:setRole(184)) - 8f18dce1-0a3d-4b65-9c78-af3d58b2da7f@group-091950D56227: changes role from  FOLLOWER to CANDIDATE at term 441 for changeToCandidate
2019-10-20 17:40:50,049 [Thread-2661] INFO  impl.RoleInfo (RoleInfo.java:updateAndGet(143)) - 8f18dce1-0a3d-4b65-9c78-af3d58b2da7f: start LeaderElection
2019-10-20 17:40:50,070 [8f18dce1-0a3d-4b65-9c78-af3d58b2da7f@group-091950D56227-LeaderElection370] INFO  impl.LeaderElection (LeaderElection.java:askForVotes(178)) - 8f18dce1-0a3d-4b65-9c78-af3d58b2da7f@group-091950D56227-LeaderElection370: begin an election at term 442 for -1: [8a63e1ae-032e-4bed-9f20-125a11f65413:0.0.0.0:38685, 8f18dce1-0a3d-4b65-9c78-af3d58b2da7f:0.0.0.0:42489, 7b1e61a0-7daf-43dd-99d5-9b325c1d31ae:0.0.0.0:38412], old=null
2019-10-20 17:40:50,071 [grpc-default-executor-2] INFO  impl.RaftServerImpl (RaftServerImpl.java:setRole(184)) - 8a63e1ae-032e-4bed-9f20-125a11f65413@group-091950D56227: changes role from  FOLLOWER to FOLLOWER at term 442 for recognizeCandidate:8f18dce1-0a3d-4b65-9c78-af3d58b2da7f
2019-10-20 17:40:50,071 [grpc-default-executor-0] INFO  impl.RaftServerImpl (RaftServerImpl.java:setRole(184)) - 7b1e61a0-7daf-43dd-99d5-9b325c1d31ae@group-091950D56227: changes role from  FOLLOWER to FOLLOWER at term 442 for recognizeCandidate:8f18dce1-0a3d-4b65-9c78-af3d58b2da7f
2019-10-20 17:40:50,071 [grpc-default-executor-2] INFO  impl.RoleInfo (RoleInfo.java:shutdownFollowerState(121)) - 8a63e1ae-032e-4bed-9f20-125a11f65413: shutdown FollowerState
2019-10-20 17:40:50,072 [grpc-default-executor-0] INFO  impl.RoleInfo (RoleInfo.java:shutdownFollowerState(121)) - 7b1e61a0-7daf-43dd-99d5-9b325c1d31ae: shutdown FollowerState
2019-10-20 17:40:50,072 [Thread-2660] INFO  impl.FollowerState (FollowerState.java:run(117)) - 8a63e1ae-032e-4bed-9f20-125a11f65413@group-091950D56227-FollowerState was interrupted: java.lang.InterruptedException: sleep interrupted
2019-10-20 17:40:50,072 [grpc-default-executor-2] INFO  impl.RoleInfo (RoleInfo.java:updateAndGet(143)) - 8a63e1ae-032e-4bed-9f20-125a11f65413: start FollowerState
2019-10-20 17:40:50,072 [Thread-2659] INFO  impl.FollowerState (FollowerState.java:run(117)) - 7b1e61a0-7daf-43dd-99d5-9b325c1d31ae@group-091950D56227-FollowerState was interrupted: java.lang.InterruptedException: sleep interrupted
2019-10-20 17:40:50,072 [grpc-default-executor-0] INFO  impl.RoleInfo (RoleInfo.java:updateAndGet(143)) - 7b1e61a0-7daf-43dd-99d5-9b325c1d31ae: start FollowerState
2019-10-20 17:40:50,096 [8f18dce1-0a3d-4b65-9c78-af3d58b2da7f@group-091950D56227-LeaderElection370] INFO  impl.LeaderElection (LeaderElection.java:logAndReturn(56)) - 8f18dce1-0a3d-4b65-9c78-af3d58b2da7f@group-091950D56227-LeaderElection370: Election TIMEOUT; received 0 response(s) [] and 0 exception(s); 8f18dce1-0a3d-4b65-9c78-af3d58b2da7f@group-091950D56227:t442, leader=null, voted=8f18dce1-0a3d-4b65-9c78-af3d58b2da7f, raftlog=8f18dce1-0a3d-4b65-9c78-af3d58b2da7f@group-091950D56227-SegmentedRaftLog:OPENED:c-1,f-1,i0, conf=-1: [8a63e1ae-032e-4bed-9f20-125a11f65413:0.0.0.0:38685, 8f18dce1-0a3d-4b65-9c78-af3d58b2da7f:0.0.0.0:42489, 7b1e61a0-7daf-43dd-99d5-9b325c1d31ae:0.0.0.0:38412], old=null
2019-10-20 17:40:50,363 [8f18dce1-0a3d-4b65-9c78-af3d58b2da7f@group-091950D56227-LeaderElection370] INFO  impl.LeaderElection (LeaderElection.java:askForVotes(178)) - 8f18dce1-0a3d-4b65-9c78-af3d58b2da7f@group-091950D56227-LeaderElection370: begin an election at term 443 for -1: [8a63e1ae-032e-4bed-9f20-125a11f65413:0.0.0.0:38685, 8f18dce1-0a3d-4b65-9c78-af3d58b2da7f:0.0.0.0:42489, 7b1e61a0-7daf-43dd-99d5-9b325c1d31ae:0.0.0.0:38412], old=null
2019-10-20 17:40:50,364 [grpc-default-executor-2] INFO  impl.RaftServerImpl (RaftServerImpl.java:setRole(184)) - 8a63e1ae-032e-4bed-9f20-125a11f65413@group-091950D56227: changes role from  FOLLOWER to FOLLOWER at term 443 for recognizeCandidate:8f18dce1-0a3d-4b65-9c78-af3d58b2da7f
2019-10-20 17:40:50,365 [grpc-default-executor-0] INFO  impl.RaftServerImpl (RaftServerImpl.java:setRole(184)) - 7b1e61a0-7daf-43dd-99d5-9b325c1d31ae@group-091950D56227: changes role from  FOLLOWER to FOLLOWER at term 443 for recognizeCandidate:8f18dce1-0a3d-4b65-9c78-af3d58b2da7f
2019-10-20 17:40:50,365 [grpc-default-executor-2] INFO  impl.RoleInfo (RoleInfo.java:shutdownFollowerState(121)) - 8a63e1ae-032e-4bed-9f20-125a11f65413: shutdown FollowerState
2019-10-20 17:40:50,365 [grpc-default-executor-0] INFO  impl.RoleInfo (RoleInfo.java:shutdownFollowerState(121)) - 7b1e61a0-7daf-43dd-99d5-9b325c1d31ae: shutdown FollowerState
2019-10-20 17:40:50,365 [Thread-2665] INFO  impl.FollowerState (FollowerState.java:run(117)) - 8a63e1ae-032e-4bed-9f20-125a11f65413@group-091950D56227-FollowerState was interrupted: java.lang.InterruptedException: sleep interrupted
2019-10-20 17:40:50,365 [grpc-default-executor-2] INFO  impl.RoleInfo (RoleInfo.java:updateAndGet(143)) - 8a63e1ae-032e-4bed-9f20-125a11f65413: start FollowerState
2019-10-20 17:40:50,365 [Thread-2666] INFO  impl.FollowerState (FollowerState.java:run(117)) - 7b1e61a0-7daf-43dd-99d5-9b325c1d31ae@group-091950D56227-FollowerState was interrupted: java.lang.InterruptedException: sleep interrupted
2019-10-20 17:40:50,365 [grpc-default-executor-0] INFO  impl.RoleInfo (RoleInfo.java:updateAndGet(143)) - 7b1e61a0-7daf-43dd-99d5-9b325c1d31ae: start FollowerState
2019-10-20 17:40:50,382 [8f18dce1-0a3d-4b65-9c78-af3d58b2da7f@group-091950D56227-LeaderElection370] INFO  impl.LeaderElection (LeaderElection.java:logAndReturn(56)) - 8f18dce1-0a3d-4b65-9c78-af3d58b2da7f@group-091950D56227-LeaderElection370: Election REJECTED; received 2 response(s) [8f18dce1-0a3d-4b65-9c78-af3d58b2da7f<-8a63e1ae-032e-4bed-9f20-125a11f65413#0:FAIL-t443, 8f18dce1-0a3d-4b65-9c78-af3d58b2da7f<-7b1e61a0-7daf-43dd-99d5-9b325c1d31ae#0:FAIL-t443] and 0 exception(s); 8f18dce1-0a3d-4b65-9c78-af3d58b2da7f@group-091950D56227:t443, leader=null, voted=8f18dce1-0a3d-4b65-9c78-af3d58b2da7f, raftlog=8f18dce1-0a3d-4b65-9c78-af3d58b2da7f@group-091950D56227-SegmentedRaftLog:OPENED:c-1,f-1,i0, conf=-1: [8a63e1ae-032e-4bed-9f20-125a11f65413:0.0.0.0:38685, 8f18dce1-0a3d-4b65-9c78-af3d58b2da7f:0.0.0.0:42489, 7b1e61a0-7daf-43dd-99d5-9b325c1d31ae:0.0.0.0:38412], old=null
2019-10-20 17:40:50,382 [8f18dce1-0a3d-4b65-9c78-af3d58b2da7f@group-091950D56227-LeaderElection370] INFO  impl.RaftServerImpl (RaftServerImpl.java:setRole(184)) - 8f18dce1-0a3d-4b65-9c78-af3d58b2da7f@group-091950D56227: changes role from CANDIDATE to FOLLOWER at term 443 for DISCOVERED_A_NEW_TERM
2019-10-20 17:40:50,382 [8f18dce1-0a3d-4b65-9c78-af3d58b2da7f@group-091950D56227-LeaderElection370] INFO  impl.RoleInfo (RoleInfo.java:shutdownLeaderElection(134)) - 8f18dce1-0a3d-4b65-9c78-af3d58b2da7f: shutdown LeaderElection
2019-10-20 17:40:50,383 [8f18dce1-0a3d-4b65-9c78-af3d58b2da7f@group-091950D56227-LeaderElection370] INFO  impl.RoleInfo (RoleInfo.java:updateAndGet(143)) - 8f18dce1-0a3d-4b65-9c78-af3d58b2da7f: start FollowerState
2019-10-20 17:40:50,487 [Thread-2671] INFO  impl.FollowerState (FollowerState.java:run(108)) - 8f18dce1-0a3d-4b65-9c78-af3d58b2da7f@group-091950D56227-FollowerState: change to CANDIDATE, lastRpcTime:104ms, electionTimeout:104ms
2019-10-20 17:40:50,487 [Thread-2671] INFO  impl.RoleInfo (RoleInfo.java:shutdownFollowerState(121)) - 8f18dce1-0a3d-4b65-9c78-af3d58b2da7f: shutdown FollowerState
2019-10-20 17:40:50,487 [Thread-2671] INFO  impl.RaftServerImpl (RaftServerImpl.java:setRole(184)) - 8f18dce1-0a3d-4b65-9c78-af3d58b2da7f@group-091950D56227: changes role from  FOLLOWER to CANDIDATE at term 443 for changeToCandidate
2019-10-20 17:40:50,487 [Thread-2671] INFO  impl.RoleInfo (RoleInfo.java:updateAndGet(143)) - 8f18dce1-0a3d-4b65-9c78-af3d58b2da7f: start LeaderElection
2019-10-20 17:40:50,511 [8f18dce1-0a3d-4b65-9c78-af3d58b2da7f@group-091950D56227-LeaderElection371] INFO  impl.LeaderElection (LeaderElection.java:askForVotes(178)) - 8f18dce1-0a3d-4b65-9c78-af3d58b2da7f@group-091950D56227-LeaderElection371: begin an election at term 444 for -1: [8a63e1ae-032e-4bed-9f20-125a11f65413:0.0.0.0:38685, 8f18dce1-0a3d-4b65-9c78-af3d58b2da7f:0.0.0.0:42489, 7b1e61a0-7daf-43dd-99d5-9b325c1d31ae:0.0.0.0:38412], old=null
2019-10-20 17:40:50,512 [grpc-default-executor-0] INFO  impl.RaftServerImpl (RaftServerImpl.java:setRole(184)) - 8a63e1ae-032e-4bed-9f20-125a11f65413@group-091950D56227: changes role from  FOLLOWER to FOLLOWER at term 444 for recognizeCandidate:8f18dce1-0a3d-4b65-9c78-af3d58b2da7f
2019-10-20 17:40:50,512 [grpc-default-executor-2] INFO  impl.RaftServerImpl (RaftServerImpl.java:setRole(184)) - 7b1e61a0-7daf-43dd-99d5-9b325c1d31ae@group-091950D56227: changes role from  FOLLOWER to FOLLOWER at term 444 for recognizeCandidate:8f18dce1-0a3d-4b65-9c78-af3d58b2da7f
2019-10-20 17:40:50,512 [grpc-default-executor-2] INFO  impl.RoleInfo (RoleInfo.java:shutdownFollowerState(121)) - 7b1e61a0-7daf-43dd-99d5-9b325c1d31ae: shutdown FollowerState
2019-10-20 17:40:50,512 [grpc-default-executor-0] INFO  impl.RoleInfo (RoleInfo.java:shutdownFollowerState(121)) - 8a63e1ae-032e-4bed-9f20-125a11f65413: shutdown FollowerState
2019-10-20 17:40:50,512 [Thread-2670] INFO  impl.FollowerState (FollowerState.java:run(117)) - 7b1e61a0-7daf-43dd-99d5-9b325c1d31ae@group-091950D56227-FollowerState was interrupted: java.lang.InterruptedException: sleep interrupted
2019-10-20 17:40:50,513 [Thread-2669] INFO  impl.FollowerState (FollowerState.java:run(117)) - 8a63e1ae-032e-4bed-9f20-125a11f65413@group-091950D56227-FollowerState was interrupted: java.lang.InterruptedException: sleep interrupted
2019-10-20 17:40:50,512 [grpc-default-executor-2] INFO  impl.RoleInfo (RoleInfo.java:updateAndGet(143)) - 7b1e61a0-7daf-43dd-99d5-9b325c1d31ae: start FollowerState
2019-10-20 17:40:50,513 [grpc-default-executor-0] INFO  impl.RoleInfo (RoleInfo.java:updateAndGet(143)) - 8a63e1ae-032e-4bed-9f20-125a11f65413: start FollowerState
2019-10-20 17:40:50,522 [8f18dce1-0a3d-4b65-9c78-af3d58b2da7f@group-091950D56227-LeaderElection371] INFO  impl.LeaderElection (LeaderElection.java:logAndReturn(56)) - 8f18dce1-0a3d-4b65-9c78-af3d58b2da7f@group-091950D56227-LeaderElection371: Election TIMEOUT; received 0 response(s) [] and 0 exception(s); 8f18dce1-0a3d-4b65-9c78-af3d58b2da7f@group-091950D56227:t444, leader=null, voted=8f18dce1-0a3d-4b65-9c78-af3d58b2da7f, raftlog=8f18dce1-0a3d-4b65-9c78-af3d58b2da7f@group-091950D56227-SegmentedRaftLog:OPENED:c-1,f-1,i0, conf=-1: [8a63e1ae-032e-4bed-9f20-125a11f65413:0.0.0.0:38685, 8f18dce1-0a3d-4b65-9c78-af3d58b2da7f:0.0.0.0:42489, 7b1e61a0-7daf-43dd-99d5-9b325c1d31ae:0.0.0.0:38412], old=null
2019-10-20 17:40:50,537 [8f18dce1-0a3d-4b65-9c78-af3d58b2da7f@group-091950D56227-LeaderElection371] INFO  impl.LeaderElection (LeaderElection.java:askForVotes(178)) - 8f18dce1-0a3d-4b65-9c78-af3d58b2da7f@group-091950D56227-LeaderElection371: begin an election at term 445 for -1: [8a63e1ae-032e-4bed-9f20-125a11f65413:0.0.0.0:38685, 8f18dce1-0a3d-4b65-9c78-af3d58b2da7f:0.0.0.0:42489, 7b1e61a0-7daf-43dd-99d5-9b325c1d31ae:0.0.0.0:38412], old=null
2019-10-20 17:40:50,538 [grpc-default-executor-0] INFO  impl.RaftServerImpl (RaftServerImpl.java:setRole(184)) - 8a63e1ae-032e-4bed-9f20-125a11f65413@group-091950D56227: changes role from  FOLLOWER to FOLLOWER at term 445 for recognizeCandidate:8f18dce1-0a3d-4b65-9c78-af3d58b2da7f
2019-10-20 17:40:50,538 [grpc-default-executor-2] INFO  impl.RaftServerImpl (RaftServerImpl.java:setRole(184)) - 7b1e61a0-7daf-43dd-99d5-9b325c1d31ae@group-091950D56227: changes role from  FOLLOWER to FOLLOWER at term 445 for recognizeCandidate:8f18dce1-0a3d-4b65-9c78-af3d58b2da7f
2019-10-20 17:40:50,538 [grpc-default-executor-0] INFO  impl.RoleInfo (RoleInfo.java:shutdownFollowerState(121)) - 8a63e1ae-032e-4bed-9f20-125a11f65413: shutdown FollowerState
2019-10-20 17:40:50,539 [grpc-default-executor-2] INFO  impl.RoleInfo (RoleInfo.java:shutdownFollowerState(121)) - 7b1e61a0-7daf-43dd-99d5-9b325c1d31ae: shutdown FollowerState
2019-10-20 17:40:50,539 [Thread-2678] INFO  impl.FollowerState (FollowerState.java:run(117)) - 8a63e1ae-032e-4bed-9f20-125a11f65413@group-091950D56227-FollowerState was interrupted: java.lang.InterruptedException: sleep interrupted
2019-10-20 17:40:50,539 [grpc-default-executor-0] INFO  impl.RoleInfo (RoleInfo.java:updateAndGet(143)) - 8a63e1ae-032e-4bed-9f20-125a11f65413: start FollowerState
2019-10-20 17:40:50,539 [Thread-2677] INFO  impl.FollowerState (FollowerState.java:run(117)) - 7b1e61a0-7daf-43dd-99d5-9b325c1d31ae@group-091950D56227-FollowerState was interrupted: java.lang.InterruptedException: sleep interrupted
2019-10-20 17:40:50,539 [grpc-default-executor-2] INFO  impl.RoleInfo (RoleInfo.java:updateAndGet(143)) - 7b1e61a0-7daf-43dd-99d5-9b325c1d31ae: start FollowerState
2019-10-20 17:40:50,562 [8f18dce1-0a3d-4b65-9c78-af3d58b2da7f@group-091950D56227-LeaderElection371] INFO  impl.LeaderElection (LeaderElection.java:logAndReturn(56)) - 8f18dce1-0a3d-4b65-9c78-af3d58b2da7f@group-091950D56227-LeaderElection371: Election REJECTED; received 2 response(s) [8f18dce1-0a3d-4b65-9c78-af3d58b2da7f<-8a63e1ae-032e-4bed-9f20-125a11f65413#0:FAIL-t445, 8f18dce1-0a3d-4b65-9c78-af3d58b2da7f<-7b1e61a0-7daf-43dd-99d5-9b325c1d31ae#0:FAIL-t445] and 0 exception(s); 8f18dce1-0a3d-4b65-9c78-af3d58b2da7f@group-091950D56227:t445, leader=null, voted=8f18dce1-0a3d-4b65-9c78-af3d58b2da7f, raftlog=8f18dce1-0a3d-4b65-9c78-af3d58b2da7f@group-091950D56227-SegmentedRaftLog:OPENED:c-1,f-1,i0, conf=-1: [8a63e1ae-032e-4bed-9f20-125a11f65413:0.0.0.0:38685, 8f18dce1-0a3d-4b65-9c78-af3d58b2da7f:0.0.0.0:42489, 7b1e61a0-7daf-43dd-99d5-9b325c1d31ae:0.0.0.0:38412], old=null
2019-10-20 17:40:50,563 [8f18dce1-0a3d-4b65-9c78-af3d58b2da7f@group-091950D56227-LeaderElection371] INFO  impl.RaftServerImpl (RaftServerImpl.java:setRole(184)) - 8f18dce1-0a3d-4b65-9c78-af3d58b2da7f@group-091950D56227: changes role from CANDIDATE to FOLLOWER at term 445 for DISCOVERED_A_NEW_TERM
2019-10-20 17:40:50,563 [8f18dce1-0a3d-4b65-9c78-af3d58b2da7f@group-091950D56227-LeaderElection371] INFO  impl.RoleInfo (RoleInfo.java:shutdownLeaderElection(134)) - 8f18dce1-0a3d-4b65-9c78-af3d58b2da7f: shutdown LeaderElection
2019-10-20 17:40:50,563 [8f18dce1-0a3d-4b65-9c78-af3d58b2da7f@group-091950D56227-LeaderElection371] INFO  impl.RoleInfo (RoleInfo.java:updateAndGet(143)) - 8f18dce1-0a3d-4b65-9c78-af3d58b2da7f: start FollowerState
2019-10-20 17:40:50,743 [Thread-2683] INFO  impl.FollowerState (FollowerState.java:run(108)) - 8f18dce1-0a3d-4b65-9c78-af3d58b2da7f@group-091950D56227-FollowerState: change to CANDIDATE, lastRpcTime:180ms, electionTimeout:180ms
2019-10-20 17:40:50,743 [Thread-2683] INFO  impl.RoleInfo (RoleInfo.java:shutdownFollowerState(121)) - 8f18dce1-0a3d-4b65-9c78-af3d58b2da7f: shutdown FollowerState
2019-10-20 17:40:50,744 [Thread-2683] INFO  impl.RaftServerImpl (RaftServerImpl.java:setRole(184)) - 8f18dce1-0a3d-4b65-9c78-af3d58b2da7f@group-091950D56227: changes role from  FOLLOWER to CANDIDATE at term 445 for changeToCandidate
2019-10-20 17:40:50,744 [Thread-2683] INFO  impl.RoleInfo (RoleInfo.java:updateAndGet(143)) - 8f18dce1-0a3d-4b65-9c78-af3d58b2da7f: start LeaderElection
2019-10-20 17:40:50,767 [8f18dce1-0a3d-4b65-9c78-af3d58b2da7f@group-091950D56227-LeaderElection372] INFO  impl.LeaderElection (LeaderElection.java:askForVotes(178)) - 8f18dce1-0a3d-4b65-9c78-af3d58b2da7f@group-091950D56227-LeaderElection372: begin an election at term 446 for -1: [8a63e1ae-032e-4bed-9f20-125a11f65413:0.0.0.0:38685, 8f18dce1-0a3d-4b65-9c78-af3d58b2da7f:0.0.0.0:42489, 7b1e61a0-7daf-43dd-99d5-9b325c1d31ae:0.0.0.0:38412], old=null
2019-10-20 17:40:50,769 [grpc-default-executor-0] INFO  impl.RaftServerImpl (RaftServerImpl.java:setRole(184)) - 8a63e1ae-032e-4bed-9f20-125a11f65413@group-091950D56227: changes role from  FOLLOWER to FOLLOWER at term 446 for recognizeCandidate:8f18dce1-0a3d-4b65-9c78-af3d58b2da7f
2019-10-20 17:40:50,769 [grpc-default-executor-0] INFO  impl.RoleInfo (RoleInfo.java:shutdownFollowerState(121)) - 8a63e1ae-032e-4bed-9f20-125a11f65413: shutdown FollowerState
2019-10-20 17:40:50,769 [grpc-default-executor-2] INFO  impl.RaftServerImpl (RaftServerImpl.java:setRole(184)) - 7b1e61a0-7daf-43dd-99d5-9b325c1d31ae@group-091950D56227: changes role from  FOLLOWER to FOLLOWER at term 446 for recognizeCandidate:8f18dce1-0a3d-4b65-9c78-af3d58b2da7f
2019-10-20 17:40:50,769 [Thread-2681] INFO  impl.FollowerState (FollowerState.java:run(117)) - 8a63e1ae-032e-4bed-9f20-125a11f65413@group-091950D56227-FollowerState was interrupted: java.lang.InterruptedException: sleep interrupted
2019-10-20 17:40:50,769 [grpc-default-executor-0] INFO  impl.RoleInfo (RoleInfo.java:updateAndGet(143)) - 8a63e1ae-032e-4bed-9f20-125a11f65413: start FollowerState
2019-10-20 17:40:50,769 [grpc-default-executor-2] INFO  impl.RoleInfo (RoleInfo.java:shutdownFollowerState(121)) - 7b1e61a0-7daf-43dd-99d5-9b325c1d31ae: shutdown FollowerState
2019-10-20 17:40:50,769 [grpc-default-executor-2] INFO  impl.RoleInfo (RoleInfo.java:updateAndGet(143)) - 7b1e61a0-7daf-43dd-99d5-9b325c1d31ae: start FollowerState
2019-10-20 17:40:50,769 [Thread-2682] INFO  impl.FollowerState (FollowerState.java:run(117)) - 7b1e61a0-7daf-43dd-99d5-9b325c1d31ae@group-091950D56227-FollowerState was interrupted: java.lang.InterruptedException: sleep interrupted
2019-10-20 17:40:50,793 [8f18dce1-0a3d-4b65-9c78-af3d58b2da7f@group-091950D56227-LeaderElection372] INFO  impl.LeaderElection (LeaderElection.java:logAndReturn(56)) - 8f18dce1-0a3d-4b65-9c78-af3d58b2da7f@group-091950D56227-LeaderElection372: Election REJECTED; received 2 response(s) [8f18dce1-0a3d-4b65-9c78-af3d58b2da7f<-8a63e1ae-032e-4bed-9f20-125a11f65413#0:FAIL-t446, 8f18dce1-0a3d-4b65-9c78-af3d58b2da7f<-7b1e61a0-7daf-43dd-99d5-9b325c1d31ae#0:FAIL-t446] and 0 exception(s); 8f18dce1-0a3d-4b65-9c78-af3d58b2da7f@group-091950D56227:t446, leader=null, voted=8f18dce1-0a3d-4b65-9c78-af3d58b2da7f, raftlog=8f18dce1-0a3d-4b65-9c78-af3d58b2da7f@group-091950D56227-SegmentedRaftLog:OPENED:c-1,f-1,i0, conf=-1: [8a63e1ae-032e-4bed-9f20-125a11f65413:0.0.0.0:38685, 8f18dce1-0a3d-4b65-9c78-af3d58b2da7f:0.0.0.0:42489, 7b1e61a0-7daf-43dd-99d5-9b325c1d31ae:0.0.0.0:38412], old=null
2019-10-20 17:40:50,794 [8f18dce1-0a3d-4b65-9c78-af3d58b2da7f@group-091950D56227-LeaderElection372] INFO  impl.RaftServerImpl (RaftServerImpl.java:setRole(184)) - 8f18dce1-0a3d-4b65-9c78-af3d58b2da7f@group-091950D56227: changes role from CANDIDATE to FOLLOWER at term 446 for DISCOVERED_A_NEW_TERM
2019-10-20 17:40:50,794 [8f18dce1-0a3d-4b65-9c78-af3d58b2da7f@group-091950D56227-LeaderElection372] INFO  impl.RoleInfo (RoleInfo.java:shutdownLeaderElection(134)) - 8f18dce1-0a3d-4b65-9c78-af3d58b2da7f: shutdown LeaderElection
2019-10-20 17:40:50,794 [8f18dce1-0a3d-4b65-9c78-af3d58b2da7f@group-091950D56227-LeaderElection372] INFO  impl.RoleInfo (RoleInfo.java:updateAndGet(143)) - 8f18dce1-0a3d-4b65-9c78-af3d58b2da7f: start FollowerState
2019-10-20 17:40:50,840 [Thread-2689] INFO  impl.FollowerState (FollowerState.java:run(108)) - 8f18dce1-0a3d-4b65-9c78-af3d58b2da7f@group-091950D56227-FollowerState: change to CANDIDATE, lastRpcTime:46ms, electionTimeout:46ms
2019-10-20 17:40:50,840 [Thread-2689] INFO  impl.RoleInfo (RoleInfo.java:shutdownFollowerState(121)) - 8f18dce1-0a3d-4b65-9c78-af3d58b2da7f: shutdown FollowerState
2019-10-20 17:40:50,840 [Thread-2689] INFO  impl.RaftServerImpl (RaftServerImpl.java:setRole(184)) - 8f18dce1-0a3d-4b65-9c78-af3d58b2da7f@group-091950D56227: changes role from  FOLLOWER to CANDIDATE at term 446 for changeToCandidate
2019-10-20 17:40:50,841 [Thread-2689] INFO  impl.RoleInfo (RoleInfo.java:updateAndGet(143)) - 8f18dce1-0a3d-4b65-9c78-af3d58b2da7f: start LeaderElection
2019-10-20 17:40:50,864 [8f18dce1-0a3d-4b65-9c78-af3d58b2da7f@group-091950D56227-LeaderElection373] INFO  impl.LeaderElection (LeaderElection.java:askForVotes(178)) - 8f18dce1-0a3d-4b65-9c78-af3d58b2da7f@group-091950D56227-LeaderElection373: begin an election at term 447 for -1: [8a63e1ae-032e-4bed-9f20-125a11f65413:0.0.0.0:38685, 8f18dce1-0a3d-4b65-9c78-af3d58b2da7f:0.0.0.0:42489, 7b1e61a0-7daf-43dd-99d5-9b325c1d31ae:0.0.0.0:38412], old=null
2019-10-20 17:40:50,865 [grpc-default-executor-2] INFO  impl.RaftServerImpl (RaftServerImpl.java:setRole(184)) - 8a63e1ae-032e-4bed-9f20-125a11f65413@group-091950D56227: changes role from  FOLLOWER to FOLLOWER at term 447 for recognizeCandidate:8f18dce1-0a3d-4b65-9c78-af3d58b2da7f
2019-10-20 17:40:50,865 [grpc-default-executor-0] INFO  impl.RaftServerImpl (RaftServerImpl.java:setRole(184)) - 7b1e61a0-7daf-43dd-99d5-9b325c1d31ae@group-091950D56227: changes role from  FOLLOWER to FOLLOWER at term 447 for recognizeCandidate:8f18dce1-0a3d-4b65-9c78-af3d58b2da7f
2019-10-20 17:40:50,866 [grpc-default-executor-0] INFO  impl.RoleInfo (RoleInfo.java:shutdownFollowerState(121)) - 7b1e61a0-7daf-43dd-99d5-9b325c1d31ae: shutdown FollowerState
2019-10-20 17:40:50,865 [grpc-default-executor-2] INFO  impl.RoleInfo (RoleInfo.java:shutdownFollowerState(121)) - 8a63e1ae-032e-4bed-9f20-125a11f65413: shutdown FollowerState
2019-10-20 17:40:50,866 [Thread-2688] INFO  impl.FollowerState (FollowerState.java:run(117)) - 7b1e61a0-7daf-43dd-99d5-9b325c1d31ae@group-091950D56227-FollowerState was interrupted: java.lang.InterruptedException: sleep interrupted
2019-10-20 17:40:50,866 [grpc-default-executor-0] INFO  impl.RoleInfo (RoleInfo.java:updateAndGet(143)) - 7b1e61a0-7daf-43dd-99d5-9b325c1d31ae: start FollowerState
2019-10-20 17:40:50,866 [Thread-2687] INFO  impl.FollowerState (FollowerState.java:run(117)) - 8a63e1ae-032e-4bed-9f20-125a11f65413@group-091950D56227-FollowerState was interrupted: java.lang.InterruptedException: sleep interrupted
2019-10-20 17:40:50,866 [grpc-default-executor-2] INFO  impl.RoleInfo (RoleInfo.java:updateAndGet(143)) - 8a63e1ae-032e-4bed-9f20-125a11f65413: start FollowerState
2019-10-20 17:40:50,890 [8f18dce1-0a3d-4b65-9c78-af3d58b2da7f@group-091950D56227-LeaderElection373] INFO  impl.LeaderElection (LeaderElection.java:logAndReturn(56)) - 8f18dce1-0a3d-4b65-9c78-af3d58b2da7f@group-091950D56227-LeaderElection373: Election REJECTED; received 2 response(s) [8f18dce1-0a3d-4b65-9c78-af3d58b2da7f<-8a63e1ae-032e-4bed-9f20-125a11f65413#0:FAIL-t447, 8f18dce1-0a3d-4b65-9c78-af3d58b2da7f<-7b1e61a0-7daf-43dd-99d5-9b325c1d31ae#0:FAIL-t447] and 0 exception(s); 8f18dce1-0a3d-4b65-9c78-af3d58b2da7f@group-091950D56227:t447, leader=null, voted=8f18dce1-0a3d-4b65-9c78-af3d58b2da7f, raftlog=8f18dce1-0a3d-4b65-9c78-af3d58b2da7f@group-091950D56227-SegmentedRaftLog:OPENED:c-1,f-1,i0, conf=-1: [8a63e1ae-032e-4bed-9f20-125a11f65413:0.0.0.0:38685, 8f18dce1-0a3d-4b65-9c78-af3d58b2da7f:0.0.0.0:42489, 7b1e61a0-7daf-43dd-99d5-9b325c1d31ae:0.0.0.0:38412], old=null
2019-10-20 17:40:50,890 [8f18dce1-0a3d-4b65-9c78-af3d58b2da7f@group-091950D56227-LeaderElection373] INFO  impl.RaftServerImpl (RaftServerImpl.java:setRole(184)) - 8f18dce1-0a3d-4b65-9c78-af3d58b2da7f@group-091950D56227: changes role from CANDIDATE to FOLLOWER at term 447 for DISCOVERED_A_NEW_TERM
2019-10-20 17:40:50,890 [8f18dce1-0a3d-4b65-9c78-af3d58b2da7f@group-091950D56227-LeaderElection373] INFO  impl.RoleInfo (RoleInfo.java:shutdownLeaderElection(134)) - 8f18dce1-0a3d-4b65-9c78-af3d58b2da7f: shutdown LeaderElection
2019-10-20 17:40:50,890 [8f18dce1-0a3d-4b65-9c78-af3d58b2da7f@group-091950D56227-LeaderElection373] INFO  impl.RoleInfo (RoleInfo.java:updateAndGet(143)) - 8f18dce1-0a3d-4b65-9c78-af3d58b2da7f: start FollowerState
2019-10-20 17:40:51,018 [Thread-2695] INFO  impl.FollowerState (FollowerState.java:run(108)) - 8f18dce1-0a3d-4b65-9c78-af3d58b2da7f@group-091950D56227-FollowerState: change to CANDIDATE, lastRpcTime:127ms, electionTimeout:127ms
2019-10-20 17:40:51,018 [Thread-2695] INFO  impl.RoleInfo (RoleInfo.java:shutdownFollowerState(121)) - 8f18dce1-0a3d-4b65-9c78-af3d58b2da7f: shutdown FollowerState
2019-10-20 17:40:51,018 [Thread-2695] INFO  impl.RaftServerImpl (RaftServerImpl.java:setRole(184)) - 8f18dce1-0a3d-4b65-9c78-af3d58b2da7f@group-091950D56227: changes role from  FOLLOWER to CANDIDATE at term 447 for changeToCandidate
2019-10-20 17:40:51,018 [Thread-2695] INFO  impl.RoleInfo (RoleInfo.java:updateAndGet(143)) - 8f18dce1-0a3d-4b65-9c78-af3d58b2da7f: start LeaderElection
2019-10-20 17:40:51,042 [8f18dce1-0a3d-4b65-9c78-af3d58b2da7f@group-091950D56227-LeaderElection374] INFO  impl.LeaderElection (LeaderElection.java:askForVotes(178)) - 8f18dce1-0a3d-4b65-9c78-af3d58b2da7f@group-091950D56227-LeaderElection374: begin an election at term 448 for -1: [8a63e1ae-032e-4bed-9f20-125a11f65413:0.0.0.0:38685, 8f18dce1-0a3d-4b65-9c78-af3d58b2da7f:0.0.0.0:42489, 7b1e61a0-7daf-43dd-99d5-9b325c1d31ae:0.0.0.0:38412], old=null
2019-10-20 17:40:51,043 [grpc-default-executor-2] INFO  impl.RaftServerImpl (RaftServerImpl.java:setRole(184)) - 7b1e61a0-7daf-43dd-99d5-9b325c1d31ae@group-091950D56227: changes role from  FOLLOWER to FOLLOWER at term 448 for recognizeCandidate:8f18dce1-0a3d-4b65-9c78-af3d58b2da7f
2019-10-20 17:40:51,043 [grpc-default-executor-0] INFO  impl.RaftServerImpl (RaftServerImpl.java:setRole(184)) - 8a63e1ae-032e-4bed-9f20-125a11f65413@group-091950D56227: changes role from  FOLLOWER to FOLLOWER at term 448 for recognizeCandidate:8f18dce1-0a3d-4b65-9c78-af3d58b2da7f
2019-10-20 17:40:51,043 [grpc-default-executor-2] INFO  impl.RoleInfo (RoleInfo.java:shutdownFollowerState(121)) - 7b1e61a0-7daf-43dd-99d5-9b325c1d31ae: shutdown FollowerState
2019-10-20 17:40:51,044 [grpc-default-executor-0] INFO  impl.RoleInfo (RoleInfo.java:shutdownFollowerState(121)) - 8a63e1ae-032e-4bed-9f20-125a11f65413: shutdown FollowerState
2019-10-20 17:40:51,044 [Thread-2693] INFO  impl.FollowerState (FollowerState.java:run(117)) - 7b1e61a0-7daf-43dd-99d5-9b325c1d31ae@group-091950D56227-FollowerState was interrupted: java.lang.InterruptedException: sleep interrupted
2019-10-20 17:40:51,044 [grpc-default-executor-2] INFO  impl.RoleInfo (RoleInfo.java:updateAndGet(143)) - 7b1e61a0-7daf-43dd-99d5-9b325c1d31ae: start FollowerState
2019-10-20 17:40:51,044 [Thread-2694] INFO  impl.FollowerState (FollowerState.java:run(117)) - 8a63e1ae-032e-4bed-9f20-125a11f65413@group-091950D56227-FollowerState was interrupted: java.lang.InterruptedException: sleep interrupted
2019-10-20 17:40:51,044 [grpc-default-executor-0] INFO  impl.RoleInfo (RoleInfo.java:updateAndGet(143)) - 8a63e1ae-032e-4bed-9f20-125a11f65413: start FollowerState
2019-10-20 17:40:51,068 [8f18dce1-0a3d-4b65-9c78-af3d58b2da7f@group-091950D56227-LeaderElection374] INFO  impl.LeaderElection (LeaderElection.java:logAndReturn(56)) - 8f18dce1-0a3d-4b65-9c78-af3d58b2da7f@group-091950D56227-LeaderElection374: Election REJECTED; received 2 response(s) [8f18dce1-0a3d-4b65-9c78-af3d58b2da7f<-8a63e1ae-032e-4bed-9f20-125a11f65413#0:FAIL-t448, 8f18dce1-0a3d-4b65-9c78-af3d58b2da7f<-7b1e61a0-7daf-43dd-99d5-9b325c1d31ae#0:FAIL-t448] and 0 exception(s); 8f18dce1-0a3d-4b65-9c78-af3d58b2da7f@group-091950D56227:t448, leader=null, voted=8f18dce1-0a3d-4b65-9c78-af3d58b2da7f, raftlog=8f18dce1-0a3d-4b65-9c78-af3d58b2da7f@group-091950D56227-SegmentedRaftLog:OPENED:c-1,f-1,i0, conf=-1: [8a63e1ae-032e-4bed-9f20-125a11f65413:0.0.0.0:38685, 8f18dce1-0a3d-4b65-9c78-af3d58b2da7f:0.0.0.0:42489, 7b1e61a0-7daf-43dd-99d5-9b325c1d31ae:0.0.0.0:38412], old=null
2019-10-20 17:40:51,068 [8f18dce1-0a3d-4b65-9c78-af3d58b2da7f@group-091950D56227-LeaderElection374] INFO  impl.RaftServerImpl (RaftServerImpl.java:setRole(184)) - 8f18dce1-0a3d-4b65-9c78-af3d58b2da7f@group-091950D56227: changes role from CANDIDATE to FOLLOWER at term 448 for DISCOVERED_A_NEW_TERM
2019-10-20 17:40:51,068 [8f18dce1-0a3d-4b65-9c78-af3d58b2da7f@group-091950D56227-LeaderElection374] INFO  impl.RoleInfo (RoleInfo.java:shutdownLeaderElection(134)) - 8f18dce1-0a3d-4b65-9c78-af3d58b2da7f: shutdown LeaderElection
2019-10-20 17:40:51,068 [8f18dce1-0a3d-4b65-9c78-af3d58b2da7f@group-091950D56227-LeaderElection374] INFO  impl.RoleInfo (RoleInfo.java:updateAndGet(143)) - 8f18dce1-0a3d-4b65-9c78-af3d58b2da7f: start FollowerState
2019-10-20 17:40:51,086 [Thread-2701] INFO  impl.FollowerState (FollowerState.java:run(108)) - 8f18dce1-0a3d-4b65-9c78-af3d58b2da7f@group-091950D56227-FollowerState: change to CANDIDATE, lastRpcTime:17ms, electionTimeout:17ms
2019-10-20 17:40:51,086 [Thread-2701] INFO  impl.RoleInfo (RoleInfo.java:shutdownFollowerState(121)) - 8f18dce1-0a3d-4b65-9c78-af3d58b2da7f: shutdown FollowerState
2019-10-20 17:40:51,086 [Thread-2701] INFO  impl.RaftServerImpl (RaftServerImpl.java:setRole(184)) - 8f18dce1-0a3d-4b65-9c78-af3d58b2da7f@group-091950D56227: changes role from  FOLLOWER to CANDIDATE at term 448 for changeToCandidate
2019-10-20 17:40:51,086 [Thread-2701] INFO  impl.RoleInfo (RoleInfo.java:updateAndGet(143)) - 8f18dce1-0a3d-4b65-9c78-af3d58b2da7f: start LeaderElection
2019-10-20 17:40:51,110 [8f18dce1-0a3d-4b65-9c78-af3d58b2da7f@group-091950D56227-LeaderElection375] INFO  impl.LeaderElection (LeaderElection.java:askForVotes(178)) - 8f18dce1-0a3d-4b65-9c78-af3d58b2da7f@group-091950D56227-LeaderElection375: begin an election at term 449 for -1: [8a63e1ae-032e-4bed-9f20-125a11f65413:0.0.0.0:38685, 8f18dce1-0a3d-4b65-9c78-af3d58b2da7f:0.0.0.0:42489, 7b1e61a0-7daf-43dd-99d5-9b325c1d31ae:0.0.0.0:38412], old=null
2019-10-20 17:40:51,111 [grpc-default-executor-2] INFO  impl.RaftServerImpl (RaftServerImpl.java:setRole(184)) - 7b1e61a0-7daf-43dd-99d5-9b325c1d31ae@group-091950D56227: changes role from  FOLLOWER to FOLLOWER at term 449 for recognizeCandidate:8f18dce1-0a3d-4b65-9c78-af3d58b2da7f
2019-10-20 17:40:51,112 [grpc-default-executor-2] INFO  impl.RoleInfo (RoleInfo.java:shutdownFollowerState(121)) - 7b1e61a0-7daf-43dd-99d5-9b325c1d31ae: shutdown FollowerState
2019-10-20 17:40:51,112 [grpc-default-executor-1] INFO  impl.RaftServerImpl (RaftServerImpl.java:setRole(184)) - 8a63e1ae-032e-4bed-9f20-125a11f65413@group-091950D56227: changes role from  FOLLOWER to FOLLOWER at term 449 for recognizeCandidate:8f18dce1-0a3d-4b65-9c78-af3d58b2da7f
2019-10-20 17:40:51,112 [grpc-default-executor-1] INFO  impl.RoleInfo (RoleInfo.java:shutdownFollowerState(121)) - 8a63e1ae-032e-4bed-9f20-125a11f65413: shutdown FollowerState
2019-10-20 17:40:51,112 [Thread-2699] INFO  impl.FollowerState (FollowerState.java:run(117)) - 7b1e61a0-7daf-43dd-99d5-9b325c1d31ae@group-091950D56227-FollowerState was interrupted: java.lang.InterruptedException: sleep interrupted
2019-10-20 17:40:51,112 [grpc-default-executor-2] INFO  impl.RoleInfo (RoleInfo.java:updateAndGet(143)) - 7b1e61a0-7daf-43dd-99d5-9b325c1d31ae: start FollowerState
2019-10-20 17:40:51,112 [Thread-2700] INFO  impl.FollowerState (FollowerState.java:run(117)) - 8a63e1ae-032e-4bed-9f20-125a11f65413@group-091950D56227-FollowerState was interrupted: java.lang.InterruptedException: sleep interrupted
2019-10-20 17:40:51,112 [grpc-default-executor-1] INFO  impl.RoleInfo (RoleInfo.java:updateAndGet(143)) - 8a63e1ae-032e-4bed-9f20-125a11f65413: start FollowerState
2019-10-20 17:40:51,155 [8f18dce1-0a3d-4b65-9c78-af3d58b2da7f@group-091950D56227-LeaderElection375] INFO  impl.LeaderElection (LeaderElection.java:logAndReturn(56)) - 8f18dce1-0a3d-4b65-9c78-af3d58b2da7f@group-091950D56227-LeaderElection375: Election REJECTED; received 2 response(s) [8f18dce1-0a3d-4b65-9c78-af3d58b2da7f<-8a63e1ae-032e-4bed-9f20-125a11f65413#0:FAIL-t449, 8f18dce1-0a3d-4b65-9c78-af3d58b2da7f<-7b1e61a0-7daf-43dd-99d5-9b325c1d31ae#0:FAIL-t449] and 0 exception(s); 8f18dce1-0a3d-4b65-9c78-af3d58b2da7f@group-091950D56227:t449, leader=null, voted=8f18dce1-0a3d-4b65-9c78-af3d58b2da7f, raftlog=8f18dce1-0a3d-4b65-9c78-af3d58b2da7f@group-091950D56227-SegmentedRaftLog:OPENED:c-1,f-1,i0, conf=-1: [8a63e1ae-032e-4bed-9f20-125a11f65413:0.0.0.0:38685, 8f18dce1-0a3d-4b65-9c78-af3d58b2da7f:0.0.0.0:42489, 7b1e61a0-7daf-43dd-99d5-9b325c1d31ae:0.0.0.0:38412], old=null
2019-10-20 17:40:51,155 [8f18dce1-0a3d-4b65-9c78-af3d58b2da7f@group-091950D56227-LeaderElection375] INFO  impl.RaftServerImpl (RaftServerImpl.java:setRole(184)) - 8f18dce1-0a3d-4b65-9c78-af3d58b2da7f@group-091950D56227: changes role from CANDIDATE to FOLLOWER at term 449 for DISCOVERED_A_NEW_TERM
2019-10-20 17:40:51,155 [8f18dce1-0a3d-4b65-9c78-af3d58b2da7f@group-091950D56227-LeaderElection375] INFO  impl.RoleInfo (RoleInfo.java:shutdownLeaderElection(134)) - 8f18dce1-0a3d-4b65-9c78-af3d58b2da7f: shutdown LeaderElection
2019-10-20 17:40:51,155 [8f18dce1-0a3d-4b65-9c78-af3d58b2da7f@group-091950D56227-LeaderElection375] INFO  impl.RoleInfo (RoleInfo.java:updateAndGet(143)) - 8f18dce1-0a3d-4b65-9c78-af3d58b2da7f: start FollowerState
2019-10-20 17:40:51,233 [Thread-2707] INFO  impl.FollowerState (FollowerState.java:run(108)) - 8f18dce1-0a3d-4b65-9c78-af3d58b2da7f@group-091950D56227-FollowerState: change to CANDIDATE, lastRpcTime:77ms, electionTimeout:77ms
2019-10-20 17:40:51,233 [Thread-2707] INFO  impl.RoleInfo (RoleInfo.java:shutdownFollowerState(121)) - 8f18dce1-0a3d-4b65-9c78-af3d58b2da7f: shutdown FollowerState
2019-10-20 17:40:51,233 [Thread-2707] INFO  impl.RaftServerImpl (RaftServerImpl.java:setRole(184)) - 8f18dce1-0a3d-4b65-9c78-af3d58b2da7f@group-091950D56227: changes role from  FOLLOWER to CANDIDATE at term 449 for changeToCandidate
2019-10-20 17:40:51,233 [Thread-2707] INFO  impl.RoleInfo (RoleInfo.java:updateAndGet(143)) - 8f18dce1-0a3d-4b65-9c78-af3d58b2da7f: start LeaderElection
2019-10-20 17:40:51,264 [8f18dce1-0a3d-4b65-9c78-af3d58b2da7f@group-091950D56227-LeaderElection376] INFO  impl.LeaderElection (LeaderElection.java:askForVotes(178)) - 8f18dce1-0a3d-4b65-9c78-af3d58b2da7f@group-091950D56227-LeaderElection376: begin an election at term 450 for -1: [8a63e1ae-032e-4bed-9f20-125a11f65413:0.0.0.0:38685, 8f18dce1-0a3d-4b65-9c78-af3d58b2da7f:0.0.0.0:42489, 7b1e61a0-7daf-43dd-99d5-9b325c1d31ae:0.0.0.0:38412], old=null
2019-10-20 17:40:51,266 [grpc-default-executor-2] INFO  impl.RaftServerImpl (RaftServerImpl.java:setRole(184)) - 8a63e1ae-032e-4bed-9f20-125a11f65413@group-091950D56227: changes role from  FOLLOWER to FOLLOWER at term 450 for recognizeCandidate:8f18dce1-0a3d-4b65-9c78-af3d58b2da7f
2019-10-20 17:40:51,266 [grpc-default-executor-2] INFO  impl.RoleInfo (RoleInfo.java:shutdownFollowerState(121)) - 8a63e1ae-032e-4bed-9f20-125a11f65413: shutdown FollowerState
2019-10-20 17:40:51,266 [grpc-default-executor-2] INFO  impl.RoleInfo (RoleInfo.java:updateAndGet(143)) - 8a63e1ae-032e-4bed-9f20-125a11f65413: start FollowerState
2019-10-20 17:40:51,266 [Thread-2706] INFO  impl.FollowerState (FollowerState.java:run(117)) - 8a63e1ae-032e-4bed-9f20-125a11f65413@group-091950D56227-FollowerState was interrupted: java.lang.InterruptedException: sleep interrupted
2019-10-20 17:40:51,266 [grpc-default-executor-1] INFO  impl.RaftServerImpl (RaftServerImpl.java:setRole(184)) - 7b1e61a0-7daf-43dd-99d5-9b325c1d31ae@group-091950D56227: changes role from  FOLLOWER to FOLLOWER at term 450 for recognizeCandidate:8f18dce1-0a3d-4b65-9c78-af3d58b2da7f
2019-10-20 17:40:51,266 [grpc-default-executor-1] INFO  impl.RoleInfo (RoleInfo.java:shutdownFollowerState(121)) - 7b1e61a0-7daf-43dd-99d5-9b325c1d31ae: shutdown FollowerState
2019-10-20 17:40:51,266 [grpc-default-executor-1] INFO  impl.RoleInfo (RoleInfo.java:updateAndGet(143)) - 7b1e61a0-7daf-43dd-99d5-9b325c1d31ae: start FollowerState
2019-10-20 17:40:51,266 [Thread-2705] INFO  impl.FollowerState (FollowerState.java:run(117)) - 7b1e61a0-7daf-43dd-99d5-9b325c1d31ae@group-091950D56227-FollowerState was interrupted: java.lang.InterruptedException: sleep interrupted
2019-10-20 17:40:51,316 [8f18dce1-0a3d-4b65-9c78-af3d58b2da7f@group-091950D56227-LeaderElection376] INFO  impl.LeaderElection (LeaderElection.java:logAndReturn(56)) - 8f18dce1-0a3d-4b65-9c78-af3d58b2da7f@group-091950D56227-LeaderElection376: Election REJECTED; received 2 response(s) [8f18dce1-0a3d-4b65-9c78-af3d58b2da7f<-8a63e1ae-032e-4bed-9f20-125a11f65413#0:FAIL-t450, 8f18dce1-0a3d-4b65-9c78-af3d58b2da7f<-7b1e61a0-7daf-43dd-99d5-9b325c1d31ae#0:FAIL-t450] and 0 exception(s); 8f18dce1-0a3d-4b65-9c78-af3d58b2da7f@group-091950D56227:t450, leader=null, voted=8f18dce1-0a3d-4b65-9c78-af3d58b2da7f, raftlog=8f18dce1-0a3d-4b65-9c78-af3d58b2da7f@group-091950D56227-SegmentedRaftLog:OPENED:c-1,f-1,i0, conf=-1: [8a63e1ae-032e-4bed-9f20-125a11f65413:0.0.0.0:38685, 8f18dce1-0a3d-4b65-9c78-af3d58b2da7f:0.0.0.0:42489, 7b1e61a0-7daf-43dd-99d5-9b325c1d31ae:0.0.0.0:38412], old=null
2019-10-20 17:40:51,316 [8f18dce1-0a3d-4b65-9c78-af3d58b2da7f@group-091950D56227-LeaderElection376] INFO  impl.RaftServerImpl (RaftServerImpl.java:setRole(184)) - 8f18dce1-0a3d-4b65-9c78-af3d58b2da7f@group-091950D56227: changes role from CANDIDATE to FOLLOWER at term 450 for DISCOVERED_A_NEW_TERM
2019-10-20 17:40:51,316 [8f18dce1-0a3d-4b65-9c78-af3d58b2da7f@group-091950D56227-LeaderElection376] INFO  impl.RoleInfo (RoleInfo.java:shutdownLeaderElection(134)) - 8f18dce1-0a3d-4b65-9c78-af3d58b2da7f: shutdown LeaderElection
2019-10-20 17:40:51,316 [8f18dce1-0a3d-4b65-9c78-af3d58b2da7f@group-091950D56227-LeaderElection376] INFO  impl.RoleInfo (RoleInfo.java:updateAndGet(143)) - 8f18dce1-0a3d-4b65-9c78-af3d58b2da7f: start FollowerState
2019-10-20 17:40:51,392 [Thread-2713] INFO  impl.FollowerState (FollowerState.java:run(108)) - 8f18dce1-0a3d-4b65-9c78-af3d58b2da7f@group-091950D56227-FollowerState: change to CANDIDATE, lastRpcTime:75ms, electionTimeout:75ms
2019-10-20 17:40:51,392 [Thread-2713] INFO  impl.RoleInfo (RoleInfo.java:shutdownFollowerState(121)) - 8f18dce1-0a3d-4b65-9c78-af3d58b2da7f: shutdown FollowerState
2019-10-20 17:40:51,392 [Thread-2713] INFO  impl.RaftServerImpl (RaftServerImpl.java:setRole(184)) - 8f18dce1-0a3d-4b65-9c78-af3d58b2da7f@group-091950D56227: changes role from  FOLLOWER to CANDIDATE at term 450 for changeToCandidate
2019-10-20 17:40:51,392 [Thread-2713] INFO  impl.RoleInfo (RoleInfo.java:updateAndGet(143)) - 8f18dce1-0a3d-4b65-9c78-af3d58b2da7f: start LeaderElection
2019-10-20 17:40:51,425 [8f18dce1-0a3d-4b65-9c78-af3d58b2da7f@group-091950D56227-LeaderElection377] INFO  impl.LeaderElection (LeaderElection.java:askForVotes(178)) - 8f18dce1-0a3d-4b65-9c78-af3d58b2da7f@group-091950D56227-LeaderElection377: begin an election at term 451 for -1: [8a63e1ae-032e-4bed-9f20-125a11f65413:0.0.0.0:38685, 8f18dce1-0a3d-4b65-9c78-af3d58b2da7f:0.0.0.0:42489, 7b1e61a0-7daf-43dd-99d5-9b325c1d31ae:0.0.0.0:38412], old=null
2019-10-20 17:40:51,426 [grpc-default-executor-2] INFO  impl.RaftServerImpl (RaftServerImpl.java:setRole(184)) - 8a63e1ae-032e-4bed-9f20-125a11f65413@group-091950D56227: changes role from  FOLLOWER to FOLLOWER at term 451 for recognizeCandidate:8f18dce1-0a3d-4b65-9c78-af3d58b2da7f
2019-10-20 17:40:51,427 [grpc-default-executor-2] INFO  impl.RoleInfo (RoleInfo.java:shutdownFollowerState(121)) - 8a63e1ae-032e-4bed-9f20-125a11f65413: shutdown FollowerState
2019-10-20 17:40:51,427 [grpc-default-executor-1] INFO  impl.RaftServerImpl (RaftServerImpl.java:setRole(184)) - 7b1e61a0-7daf-43dd-99d5-9b325c1d31ae@group-091950D56227: changes role from  FOLLOWER to FOLLOWER at term 451 for recognizeCandidate:8f18dce1-0a3d-4b65-9c78-af3d58b2da7f
2019-10-20 17:40:51,427 [grpc-default-executor-1] INFO  impl.RoleInfo (RoleInfo.java:shutdownFollowerState(121)) - 7b1e61a0-7daf-43dd-99d5-9b325c1d31ae: shutdown FollowerState
2019-10-20 17:40:51,427 [Thread-2711] INFO  impl.FollowerState (FollowerState.java:run(117)) - 8a63e1ae-032e-4bed-9f20-125a11f65413@group-091950D56227-FollowerState was interrupted: java.lang.InterruptedException: sleep interrupted
2019-10-20 17:40:51,427 [grpc-default-executor-2] INFO  impl.RoleInfo (RoleInfo.java:updateAndGet(143)) - 8a63e1ae-032e-4bed-9f20-125a11f65413: start FollowerState
2019-10-20 17:40:51,427 [Thread-2712] INFO  impl.FollowerState (FollowerState.java:run(117)) - 7b1e61a0-7daf-43dd-99d5-9b325c1d31ae@group-091950D56227-FollowerState was interrupted: java.lang.InterruptedException: sleep interrupted
2019-10-20 17:40:51,427 [grpc-default-executor-1] INFO  impl.RoleInfo (RoleInfo.java:updateAndGet(143)) - 7b1e61a0-7daf-43dd-99d5-9b325c1d31ae: start FollowerState
2019-10-20 17:40:51,428 [8f18dce1-0a3d-4b65-9c78-af3d58b2da7f@group-091950D56227-LeaderElection377] INFO  impl.LeaderElection (LeaderElection.java:logAndReturn(56)) - 8f18dce1-0a3d-4b65-9c78-af3d58b2da7f@group-091950D56227-LeaderElection377: Election TIMEOUT; received 0 response(s) [] and 0 exception(s); 8f18dce1-0a3d-4b65-9c78-af3d58b2da7f@group-091950D56227:t451, leader=null, voted=8f18dce1-0a3d-4b65-9c78-af3d58b2da7f, raftlog=8f18dce1-0a3d-4b65-9c78-af3d58b2da7f@group-091950D56227-SegmentedRaftLog:OPENED:c-1,f-1,i0, conf=-1: [8a63e1ae-032e-4bed-9f20-125a11f65413:0.0.0.0:38685, 8f18dce1-0a3d-4b65-9c78-af3d58b2da7f:0.0.0.0:42489, 7b1e61a0-7daf-43dd-99d5-9b325c1d31ae:0.0.0.0:38412], old=null
2019-10-20 17:40:51,451 [8f18dce1-0a3d-4b65-9c78-af3d58b2da7f@group-091950D56227-LeaderElection377] INFO  impl.LeaderElection (LeaderElection.java:askForVotes(178)) - 8f18dce1-0a3d-4b65-9c78-af3d58b2da7f@group-091950D56227-LeaderElection377: begin an election at term 452 for -1: [8a63e1ae-032e-4bed-9f20-125a11f65413:0.0.0.0:38685, 8f18dce1-0a3d-4b65-9c78-af3d58b2da7f:0.0.0.0:42489, 7b1e61a0-7daf-43dd-99d5-9b325c1d31ae:0.0.0.0:38412], old=null
2019-10-20 17:40:51,452 [grpc-default-executor-1] INFO  impl.RaftServerImpl (RaftServerImpl.java:setRole(184)) - 8a63e1ae-032e-4bed-9f20-125a11f65413@group-091950D56227: changes role from  FOLLOWER to FOLLOWER at term 452 for recognizeCandidate:8f18dce1-0a3d-4b65-9c78-af3d58b2da7f
2019-10-20 17:40:51,452 [grpc-default-executor-1] INFO  impl.RoleInfo (RoleInfo.java:shutdownFollowerState(121)) - 8a63e1ae-032e-4bed-9f20-125a11f65413: shutdown FollowerState
2019-10-20 17:40:51,452 [grpc-default-executor-1] INFO  impl.RoleInfo (RoleInfo.java:updateAndGet(143)) - 8a63e1ae-032e-4bed-9f20-125a11f65413: start FollowerState
2019-10-20 17:40:51,452 [Thread-2719] INFO  impl.FollowerState (FollowerState.java:run(117)) - 8a63e1ae-032e-4bed-9f20-125a11f65413@group-091950D56227-FollowerState was interrupted: java.lang.InterruptedException: sleep interrupted
2019-10-20 17:40:51,452 [grpc-default-executor-2] INFO  impl.RaftServerImpl (RaftServerImpl.java:setRole(184)) - 7b1e61a0-7daf-43dd-99d5-9b325c1d31ae@group-091950D56227: changes role from  FOLLOWER to FOLLOWER at term 452 for recognizeCandidate:8f18dce1-0a3d-4b65-9c78-af3d58b2da7f
2019-10-20 17:40:51,452 [grpc-default-executor-2] INFO  impl.RoleInfo (RoleInfo.java:shutdownFollowerState(121)) - 7b1e61a0-7daf-43dd-99d5-9b325c1d31ae: shutdown FollowerState
2019-10-20 17:40:51,453 [grpc-default-executor-2] INFO  impl.RoleInfo (RoleInfo.java:updateAndGet(143)) - 7b1e61a0-7daf-43dd-99d5-9b325c1d31ae: start FollowerState
2019-10-20 17:40:51,453 [Thread-2720] INFO  impl.FollowerState (FollowerState.java:run(117)) - 7b1e61a0-7daf-43dd-99d5-9b325c1d31ae@group-091950D56227-FollowerState was interrupted: java.lang.InterruptedException: sleep interrupted
2019-10-20 17:40:51,477 [8f18dce1-0a3d-4b65-9c78-af3d58b2da7f@group-091950D56227-LeaderElection377] INFO  impl.LeaderElection (LeaderElection.java:logAndReturn(56)) - 8f18dce1-0a3d-4b65-9c78-af3d58b2da7f@group-091950D56227-LeaderElection377: Election REJECTED; received 2 response(s) [8f18dce1-0a3d-4b65-9c78-af3d58b2da7f<-8a63e1ae-032e-4bed-9f20-125a11f65413#0:FAIL-t452, 8f18dce1-0a3d-4b65-9c78-af3d58b2da7f<-7b1e61a0-7daf-43dd-99d5-9b325c1d31ae#0:FAIL-t452] and 0 exception(s); 8f18dce1-0a3d-4b65-9c78-af3d58b2da7f@group-091950D56227:t452, leader=null, voted=8f18dce1-0a3d-4b65-9c78-af3d58b2da7f, raftlog=8f18dce1-0a3d-4b65-9c78-af3d58b2da7f@group-091950D56227-SegmentedRaftLog:OPENED:c-1,f-1,i0, conf=-1: [8a63e1ae-032e-4bed-9f20-125a11f65413:0.0.0.0:38685, 8f18dce1-0a3d-4b65-9c78-af3d58b2da7f:0.0.0.0:42489, 7b1e61a0-7daf-43dd-99d5-9b325c1d31ae:0.0.0.0:38412], old=null
2019-10-20 17:40:51,477 [8f18dce1-0a3d-4b65-9c78-af3d58b2da7f@group-091950D56227-LeaderElection377] INFO  impl.RaftServerImpl (RaftServerImpl.java:setRole(184)) - 8f18dce1-0a3d-4b65-9c78-af3d58b2da7f@group-091950D56227: changes role from CANDIDATE to FOLLOWER at term 452 for DISCOVERED_A_NEW_TERM
2019-10-20 17:40:51,477 [8f18dce1-0a3d-4b65-9c78-af3d58b2da7f@group-091950D56227-LeaderElection377] INFO  impl.RoleInfo (RoleInfo.java:shutdownLeaderElection(134)) - 8f18dce1-0a3d-4b65-9c78-af3d58b2da7f: shutdown LeaderElection
2019-10-20 17:40:51,477 [8f18dce1-0a3d-4b65-9c78-af3d58b2da7f@group-091950D56227-LeaderElection377] INFO  impl.RoleInfo (RoleInfo.java:updateAndGet(143)) - 8f18dce1-0a3d-4b65-9c78-af3d58b2da7f: start FollowerState
2019-10-20 17:40:51,586 [Thread-2725] INFO  impl.FollowerState (FollowerState.java:run(108)) - 8f18dce1-0a3d-4b65-9c78-af3d58b2da7f@group-091950D56227-FollowerState: change to CANDIDATE, lastRpcTime:108ms, electionTimeout:108ms
2019-10-20 17:40:51,586 [Thread-2725] INFO  impl.RoleInfo (RoleInfo.java:shutdownFollowerState(121)) - 8f18dce1-0a3d-4b65-9c78-af3d58b2da7f: shutdown FollowerState
2019-10-20 17:40:51,586 [Thread-2725] INFO  impl.RaftServerImpl (RaftServerImpl.java:setRole(184)) - 8f18dce1-0a3d-4b65-9c78-af3d58b2da7f@group-091950D56227: changes role from  FOLLOWER to CANDIDATE at term 452 for changeToCandidate
2019-10-20 17:40:51,586 [Thread-2725] INFO  impl.RoleInfo (RoleInfo.java:updateAndGet(143)) - 8f18dce1-0a3d-4b65-9c78-af3d58b2da7f: start LeaderElection
2019-10-20 17:40:51,619 [8f18dce1-0a3d-4b65-9c78-af3d58b2da7f@group-091950D56227-LeaderElection378] INFO  impl.LeaderElection (LeaderElection.java:askForVotes(178)) - 8f18dce1-0a3d-4b65-9c78-af3d58b2da7f@group-091950D56227-LeaderElection378: begin an election at term 453 for -1: [8a63e1ae-032e-4bed-9f20-125a11f65413:0.0.0.0:38685, 8f18dce1-0a3d-4b65-9c78-af3d58b2da7f:0.0.0.0:42489, 7b1e61a0-7daf-43dd-99d5-9b325c1d31ae:0.0.0.0:38412], old=null
2019-10-20 17:40:51,621 [grpc-default-executor-2] INFO  impl.RaftServerImpl (RaftServerImpl.java:setRole(184)) - 8a63e1ae-032e-4bed-9f20-125a11f65413@group-091950D56227: changes role from  FOLLOWER to FOLLOWER at term 453 for recognizeCandidate:8f18dce1-0a3d-4b65-9c78-af3d58b2da7f
2019-10-20 17:40:51,621 [grpc-default-executor-1] INFO  impl.RaftServerImpl (RaftServerImpl.java:setRole(184)) - 7b1e61a0-7daf-43dd-99d5-9b325c1d31ae@group-091950D56227: changes role from  FOLLOWER to FOLLOWER at term 453 for recognizeCandidate:8f18dce1-0a3d-4b65-9c78-af3d58b2da7f
2019-10-20 17:40:51,621 [grpc-default-executor-1] INFO  impl.RoleInfo (RoleInfo.java:shutdownFollowerState(121)) - 7b1e61a0-7daf-43dd-99d5-9b325c1d31ae: shutdown FollowerState
2019-10-20 17:40:51,621 [grpc-default-executor-2] INFO  impl.RoleInfo (RoleInfo.java:shutdownFollowerState(121)) - 8a63e1ae-032e-4bed-9f20-125a11f65413: shutdown FollowerState
2019-10-20 17:40:51,621 [Thread-2724] INFO  impl.FollowerState (FollowerState.java:run(117)) - 7b1e61a0-7daf-43dd-99d5-9b325c1d31ae@group-091950D56227-FollowerState was interrupted: java.lang.InterruptedException: sleep interrupted
2019-10-20 17:40:51,621 [grpc-default-executor-1] INFO  impl.RoleInfo (RoleInfo.java:updateAndGet(143)) - 7b1e61a0-7daf-43dd-99d5-9b325c1d31ae: start FollowerState
2019-10-20 17:40:51,621 [Thread-2723] INFO  impl.FollowerState (FollowerState.java:run(117)) - 8a63e1ae-032e-4bed-9f20-125a11f65413@group-091950D56227-FollowerState was interrupted: java.lang.InterruptedException: sleep interrupted
2019-10-20 17:40:51,621 [grpc-default-executor-2] INFO  impl.RoleInfo (RoleInfo.java:updateAndGet(143)) - 8a63e1ae-032e-4bed-9f20-125a11f65413: start FollowerState
2019-10-20 17:40:51,628 [8f18dce1-0a3d-4b65-9c78-af3d58b2da7f@group-091950D56227-LeaderElection378] INFO  impl.LeaderElection (LeaderElection.java:logAndReturn(56)) - 8f18dce1-0a3d-4b65-9c78-af3d58b2da7f@group-091950D56227-LeaderElection378: Election TIMEOUT; received 0 response(s) [] and 0 exception(s); 8f18dce1-0a3d-4b65-9c78-af3d58b2da7f@group-091950D56227:t453, leader=null, voted=8f18dce1-0a3d-4b65-9c78-af3d58b2da7f, raftlog=8f18dce1-0a3d-4b65-9c78-af3d58b2da7f@group-091950D56227-SegmentedRaftLog:OPENED:c-1,f-1,i0, conf=-1: [8a63e1ae-032e-4bed-9f20-125a11f65413:0.0.0.0:38685, 8f18dce1-0a3d-4b65-9c78-af3d58b2da7f:0.0.0.0:42489, 7b1e61a0-7daf-43dd-99d5-9b325c1d31ae:0.0.0.0:38412], old=null
2019-10-20 17:40:51,645 [8f18dce1-0a3d-4b65-9c78-af3d58b2da7f@group-091950D56227-LeaderElection378] INFO  impl.LeaderElection (LeaderElection.java:askForVotes(178)) - 8f18dce1-0a3d-4b65-9c78-af3d58b2da7f@group-091950D56227-LeaderElection378: begin an election at term 454 for -1: [8a63e1ae-032e-4bed-9f20-125a11f65413:0.0.0.0:38685, 8f18dce1-0a3d-4b65-9c78-af3d58b2da7f:0.0.0.0:42489, 7b1e61a0-7daf-43dd-99d5-9b325c1d31ae:0.0.0.0:38412], old=null
2019-10-20 17:40:51,646 [grpc-default-executor-2] INFO  impl.RaftServerImpl (RaftServerImpl.java:setRole(184)) - 8a63e1ae-032e-4bed-9f20-125a11f65413@group-091950D56227: changes role from  FOLLOWER to FOLLOWER at term 454 for recognizeCandidate:8f18dce1-0a3d-4b65-9c78-af3d58b2da7f
2019-10-20 17:40:51,646 [grpc-default-executor-2] INFO  impl.RoleInfo (RoleInfo.java:shutdownFollowerState(121)) - 8a63e1ae-032e-4bed-9f20-125a11f65413: shutdown FollowerState
2019-10-20 17:40:51,647 [grpc-default-executor-2] INFO  impl.RoleInfo (RoleInfo.java:updateAndGet(143)) - 8a63e1ae-032e-4bed-9f20-125a11f65413: start FollowerState
2019-10-20 17:40:51,647 [Thread-2730] INFO  impl.FollowerState (FollowerState.java:run(117)) - 8a63e1ae-032e-4bed-9f20-125a11f65413@group-091950D56227-FollowerState was interrupted: java.lang.InterruptedException: sleep interrupted
2019-10-20 17:40:51,647 [grpc-default-executor-1] INFO  impl.RaftServerImpl (RaftServerImpl.java:setRole(184)) - 7b1e61a0-7daf-43dd-99d5-9b325c1d31ae@group-091950D56227: changes role from  FOLLOWER to FOLLOWER at term 454 for recognizeCandidate:8f18dce1-0a3d-4b65-9c78-af3d58b2da7f
2019-10-20 17:40:51,647 [grpc-default-executor-1] INFO  impl.RoleInfo (RoleInfo.java:shutdownFollowerState(121)) - 7b1e61a0-7daf-43dd-99d5-9b325c1d31ae: shutdown FollowerState
2019-10-20 17:40:51,647 [grpc-default-executor-1] INFO  impl.RoleInfo (RoleInfo.java:updateAndGet(143)) - 7b1e61a0-7daf-43dd-99d5-9b325c1d31ae: start FollowerState
2019-10-20 17:40:51,647 [Thread-2729] INFO  impl.FollowerState (FollowerState.java:run(117)) - 7b1e61a0-7daf-43dd-99d5-9b325c1d31ae@group-091950D56227-FollowerState was interrupted: java.lang.InterruptedException: sleep interrupted
2019-10-20 17:40:51,673 [8f18dce1-0a3d-4b65-9c78-af3d58b2da7f@group-091950D56227-LeaderElection378] INFO  impl.LeaderElection (LeaderElection.java:logAndReturn(56)) - 8f18dce1-0a3d-4b65-9c78-af3d58b2da7f@group-091950D56227-LeaderElection378: Election REJECTED; received 2 response(s) [8f18dce1-0a3d-4b65-9c78-af3d58b2da7f<-8a63e1ae-032e-4bed-9f20-125a11f65413#0:FAIL-t454, 8f18dce1-0a3d-4b65-9c78-af3d58b2da7f<-7b1e61a0-7daf-43dd-99d5-9b325c1d31ae#0:FAIL-t454] and 0 exception(s); 8f18dce1-0a3d-4b65-9c78-af3d58b2da7f@group-091950D56227:t454, leader=null, voted=8f18dce1-0a3d-4b65-9c78-af3d58b2da7f, raftlog=8f18dce1-0a3d-4b65-9c78-af3d58b2da7f@group-091950D56227-SegmentedRaftLog:OPENED:c-1,f-1,i0, conf=-1: [8a63e1ae-032e-4bed-9f20-125a11f65413:0.0.0.0:38685, 8f18dce1-0a3d-4b65-9c78-af3d58b2da7f:0.0.0.0:42489, 7b1e61a0-7daf-43dd-99d5-9b325c1d31ae:0.0.0.0:38412], old=null
2019-10-20 17:40:51,673 [8f18dce1-0a3d-4b65-9c78-af3d58b2da7f@group-091950D56227-LeaderElection378] INFO  impl.RaftServerImpl (RaftServerImpl.java:setRole(184)) - 8f18dce1-0a3d-4b65-9c78-af3d58b2da7f@group-091950D56227: changes role from CANDIDATE to FOLLOWER at term 454 for DISCOVERED_A_NEW_TERM
2019-10-20 17:40:51,673 [8f18dce1-0a3d-4b65-9c78-af3d58b2da7f@group-091950D56227-LeaderElection378] INFO  impl.RoleInfo (RoleInfo.java:shutdownLeaderElection(134)) - 8f18dce1-0a3d-4b65-9c78-af3d58b2da7f: shutdown LeaderElection
2019-10-20 17:40:51,673 [8f18dce1-0a3d-4b65-9c78-af3d58b2da7f@group-091950D56227-LeaderElection378] INFO  impl.RoleInfo (RoleInfo.java:updateAndGet(143)) - 8f18dce1-0a3d-4b65-9c78-af3d58b2da7f: start FollowerState
2019-10-20 17:40:51,814 [Thread-2735] INFO  impl.FollowerState (FollowerState.java:run(108)) - 8f18dce1-0a3d-4b65-9c78-af3d58b2da7f@group-091950D56227-FollowerState: change to CANDIDATE, lastRpcTime:141ms, electionTimeout:141ms
2019-10-20 17:40:51,814 [Thread-2735] INFO  impl.RoleInfo (RoleInfo.java:shutdownFollowerState(121)) - 8f18dce1-0a3d-4b65-9c78-af3d58b2da7f: shutdown FollowerState
2019-10-20 17:40:51,815 [Thread-2735] INFO  impl.RaftServerImpl (RaftServerImpl.java:setRole(184)) - 8f18dce1-0a3d-4b65-9c78-af3d58b2da7f@group-091950D56227: changes role from  FOLLOWER to CANDIDATE at term 454 for changeToCandidate
2019-10-20 17:40:51,815 [Thread-2735] INFO  impl.RoleInfo (RoleInfo.java:updateAndGet(143)) - 8f18dce1-0a3d-4b65-9c78-af3d58b2da7f: start LeaderElection
2019-10-20 17:40:51,848 [8f18dce1-0a3d-4b65-9c78-af3d58b2da7f@group-091950D56227-LeaderElection379] INFO  impl.LeaderElection (LeaderElection.java:askForVotes(178)) - 8f18dce1-0a3d-4b65-9c78-af3d58b2da7f@group-091950D56227-LeaderElection379: begin an election at term 455 for -1: [8a63e1ae-032e-4bed-9f20-125a11f65413:0.0.0.0:38685, 8f18dce1-0a3d-4b65-9c78-af3d58b2da7f:0.0.0.0:42489, 7b1e61a0-7daf-43dd-99d5-9b325c1d31ae:0.0.0.0:38412], old=null
2019-10-20 17:40:51,850 [grpc-default-executor-2] INFO  impl.RaftServerImpl (RaftServerImpl.java:setRole(184)) - 8a63e1ae-032e-4bed-9f20-125a11f65413@group-091950D56227: changes role from  FOLLOWER to FOLLOWER at term 455 for recognizeCandidate:8f18dce1-0a3d-4b65-9c78-af3d58b2da7f
2019-10-20 17:40:51,850 [grpc-default-executor-2] INFO  impl.RoleInfo (RoleInfo.java:shutdownFollowerState(121)) - 8a63e1ae-032e-4bed-9f20-125a11f65413: shutdown FollowerState
2019-10-20 17:40:51,850 [grpc-default-executor-1] INFO  impl.RaftServerImpl (RaftServerImpl.java:setRole(184)) - 7b1e61a0-7daf-43dd-99d5-9b325c1d31ae@group-091950D56227: changes role from  FOLLOWER to FOLLOWER at term 455 for recognizeCandidate:8f18dce1-0a3d-4b65-9c78-af3d58b2da7f
2019-10-20 17:40:51,850 [Thread-2733] INFO  impl.FollowerState (FollowerState.java:run(117)) - 8a63e1ae-032e-4bed-9f20-125a11f65413@group-091950D56227-FollowerState was interrupted: java.lang.InterruptedException: sleep interrupted
2019-10-20 17:40:51,850 [grpc-default-executor-2] INFO  impl.RoleInfo (RoleInfo.java:updateAndGet(143)) - 8a63e1ae-032e-4bed-9f20-125a11f65413: start FollowerState
2019-10-20 17:40:51,850 [grpc-default-executor-1] INFO  impl.RoleInfo (RoleInfo.java:shutdownFollowerState(121)) - 7b1e61a0-7daf-43dd-99d5-9b325c1d31ae: shutdown FollowerState
2019-10-20 17:40:51,851 [grpc-default-executor-1] INFO  impl.RoleInfo (RoleInfo.java:updateAndGet(143)) - 7b1e61a0-7daf-43dd-99d5-9b325c1d31ae: start FollowerState
2019-10-20 17:40:51,851 [Thread-2734] INFO  impl.FollowerState (FollowerState.java:run(117)) - 7b1e61a0-7daf-43dd-99d5-9b325c1d31ae@group-091950D56227-FollowerState was interrupted: java.lang.InterruptedException: sleep interrupted
2019-10-20 17:40:51,875 [8f18dce1-0a3d-4b65-9c78-af3d58b2da7f@group-091950D56227-LeaderElection379] INFO  impl.LeaderElection (LeaderElection.java:logAndReturn(56)) - 8f18dce1-0a3d-4b65-9c78-af3d58b2da7f@group-091950D56227-LeaderElection379: Election REJECTED; received 2 response(s) [8f18dce1-0a3d-4b65-9c78-af3d58b2da7f<-8a63e1ae-032e-4bed-9f20-125a11f65413#0:FAIL-t455, 8f18dce1-0a3d-4b65-9c78-af3d58b2da7f<-7b1e61a0-7daf-43dd-99d5-9b325c1d31ae#0:FAIL-t455] and 0 exception(s); 8f18dce1-0a3d-4b65-9c78-af3d58b2da7f@group-091950D56227:t455, leader=null, voted=8f18dce1-0a3d-4b65-9c78-af3d58b2da7f, raftlog=8f18dce1-0a3d-4b65-9c78-af3d58b2da7f@group-091950D56227-SegmentedRaftLog:OPENED:c-1,f-1,i0, conf=-1: [8a63e1ae-032e-4bed-9f20-125a11f65413:0.0.0.0:38685, 8f18dce1-0a3d-4b65-9c78-af3d58b2da7f:0.0.0.0:42489, 7b1e61a0-7daf-43dd-99d5-9b325c1d31ae:0.0.0.0:38412], old=null
2019-10-20 17:40:51,875 [8f18dce1-0a3d-4b65-9c78-af3d58b2da7f@group-091950D56227-LeaderElection379] INFO  impl.RaftServerImpl (RaftServerImpl.java:setRole(184)) - 8f18dce1-0a3d-4b65-9c78-af3d58b2da7f@group-091950D56227: changes role from CANDIDATE to FOLLOWER at term 455 for DISCOVERED_A_NEW_TERM
2019-10-20 17:40:51,875 [8f18dce1-0a3d-4b65-9c78-af3d58b2da7f@group-091950D56227-LeaderElection379] INFO  impl.RoleInfo (RoleInfo.java:shutdownLeaderElection(134)) - 8f18dce1-0a3d-4b65-9c78-af3d58b2da7f: shutdown LeaderElection
2019-10-20 17:40:51,875 [8f18dce1-0a3d-4b65-9c78-af3d58b2da7f@group-091950D56227-LeaderElection379] INFO  impl.RoleInfo (RoleInfo.java:updateAndGet(143)) - 8f18dce1-0a3d-4b65-9c78-af3d58b2da7f: start FollowerState
2019-10-20 17:40:51,958 [Thread-2741] INFO  impl.FollowerState (FollowerState.java:run(108)) - 8f18dce1-0a3d-4b65-9c78-af3d58b2da7f@group-091950D56227-FollowerState: change to CANDIDATE, lastRpcTime:82ms, electionTimeout:82ms
2019-10-20 17:40:51,958 [Thread-2741] INFO  impl.RoleInfo (RoleInfo.java:shutdownFollowerState(121)) - 8f18dce1-0a3d-4b65-9c78-af3d58b2da7f: shutdown FollowerState
2019-10-20 17:40:51,958 [Thread-2741] INFO  impl.RaftServerImpl (RaftServerImpl.java:setRole(184)) - 8f18dce1-0a3d-4b65-9c78-af3d58b2da7f@group-091950D56227: changes role from  FOLLOWER to CANDIDATE at term 455 for changeToCandidate
2019-10-20 17:40:51,958 [Thread-2741] INFO  impl.RoleInfo (RoleInfo.java:updateAndGet(143)) - 8f18dce1-0a3d-4b65-9c78-af3d58b2da7f: start LeaderElection
2019-10-20 17:40:51,983 [8f18dce1-0a3d-4b65-9c78-af3d58b2da7f@group-091950D56227-LeaderElection380] INFO  impl.LeaderElection (LeaderElection.java:askForVotes(178)) - 8f18dce1-0a3d-4b65-9c78-af3d58b2da7f@group-091950D56227-LeaderElection380: begin an election at term 456 for -1: [8a63e1ae-032e-4bed-9f20-125a11f65413:0.0.0.0:38685, 8f18dce1-0a3d-4b65-9c78-af3d58b2da7f:0.0.0.0:42489, 7b1e61a0-7daf-43dd-99d5-9b325c1d31ae:0.0.0.0:38412], old=null
2019-10-20 17:40:51,985 [grpc-default-executor-1] INFO  impl.RaftServerImpl (RaftServerImpl.java:setRole(184)) - 7b1e61a0-7daf-43dd-99d5-9b325c1d31ae@group-091950D56227: changes role from  FOLLOWER to FOLLOWER at term 456 for recognizeCandidate:8f18dce1-0a3d-4b65-9c78-af3d58b2da7f
2019-10-20 17:40:51,985 [grpc-default-executor-2] INFO  impl.RaftServerImpl (RaftServerImpl.java:setRole(184)) - 8a63e1ae-032e-4bed-9f20-125a11f65413@group-091950D56227: changes role from  FOLLOWER to FOLLOWER at term 456 for recognizeCandidate:8f18dce1-0a3d-4b65-9c78-af3d58b2da7f
2019-10-20 17:40:51,985 [grpc-default-executor-2] INFO  impl.RoleInfo (RoleInfo.java:shutdownFollowerState(121)) - 8a63e1ae-032e-4bed-9f20-125a11f65413: shutdown FollowerState
2019-10-20 17:40:51,985 [grpc-default-executor-1] INFO  impl.RoleInfo (RoleInfo.java:shutdownFollowerState(121)) - 7b1e61a0-7daf-43dd-99d5-9b325c1d31ae: shutdown FollowerState
2019-10-20 17:40:51,986 [Thread-2739] INFO  impl.FollowerState (FollowerState.java:run(117)) - 8a63e1ae-032e-4bed-9f20-125a11f65413@group-091950D56227-FollowerState was interrupted: java.lang.InterruptedException: sleep interrupted
2019-10-20 17:40:51,986 [grpc-default-executor-2] INFO  impl.RoleInfo (RoleInfo.java:updateAndGet(143)) - 8a63e1ae-032e-4bed-9f20-125a11f65413: start FollowerState
2019-10-20 17:40:51,986 [Thread-2740] INFO  impl.FollowerState (FollowerState.java:run(117)) - 7b1e61a0-7daf-43dd-99d5-9b325c1d31ae@group-091950D56227-FollowerState was interrupted: java.lang.InterruptedException: sleep interrupted
2019-10-20 17:40:51,986 [grpc-default-executor-1] INFO  impl.RoleInfo (RoleInfo.java:updateAndGet(143)) - 7b1e61a0-7daf-43dd-99d5-9b325c1d31ae: start FollowerState
2019-10-20 17:40:52,010 [8f18dce1-0a3d-4b65-9c78-af3d58b2da7f@group-091950D56227-LeaderElection380] INFO  impl.LeaderElection (LeaderElection.java:logAndReturn(56)) - 8f18dce1-0a3d-4b65-9c78-af3d58b2da7f@group-091950D56227-LeaderElection380: Election REJECTED; received 2 response(s) [8f18dce1-0a3d-4b65-9c78-af3d58b2da7f<-8a63e1ae-032e-4bed-9f20-125a11f65413#0:FAIL-t456, 8f18dce1-0a3d-4b65-9c78-af3d58b2da7f<-7b1e61a0-7daf-43dd-99d5-9b325c1d31ae#0:FAIL-t456] and 0 exception(s); 8f18dce1-0a3d-4b65-9c78-af3d58b2da7f@group-091950D56227:t456, leader=null, voted=8f18dce1-0a3d-4b65-9c78-af3d58b2da7f, raftlog=8f18dce1-0a3d-4b65-9c78-af3d58b2da7f@group-091950D56227-SegmentedRaftLog:OPENED:c-1,f-1,i0, conf=-1: [8a63e1ae-032e-4bed-9f20-125a11f65413:0.0.0.0:38685, 8f18dce1-0a3d-4b65-9c78-af3d58b2da7f:0.0.0.0:42489, 7b1e61a0-7daf-43dd-99d5-9b325c1d31ae:0.0.0.0:38412], old=null
2019-10-20 17:40:52,010 [8f18dce1-0a3d-4b65-9c78-af3d58b2da7f@group-091950D56227-LeaderElection380] INFO  impl.RaftServerImpl (RaftServerImpl.java:setRole(184)) - 8f18dce1-0a3d-4b65-9c78-af3d58b2da7f@group-091950D56227: changes role from CANDIDATE to FOLLOWER at term 456 for DISCOVERED_A_NEW_TERM
2019-10-20 17:40:52,010 [8f18dce1-0a3d-4b65-9c78-af3d58b2da7f@group-091950D56227-LeaderElection380] INFO  impl.RoleInfo (RoleInfo.java:shutdownLeaderElection(134)) - 8f18dce1-0a3d-4b65-9c78-af3d58b2da7f: shutdown LeaderElection
2019-10-20 17:40:52,010 [8f18dce1-0a3d-4b65-9c78-af3d58b2da7f@group-091950D56227-LeaderElection380] INFO  impl.RoleInfo (RoleInfo.java:updateAndGet(143)) - 8f18dce1-0a3d-4b65-9c78-af3d58b2da7f: start FollowerState
2019-10-20 17:40:52,092 [Thread-2747] INFO  impl.FollowerState (FollowerState.java:run(108)) - 8f18dce1-0a3d-4b65-9c78-af3d58b2da7f@group-091950D56227-FollowerState: change to CANDIDATE, lastRpcTime:81ms, electionTimeout:81ms
2019-10-20 17:40:52,092 [Thread-2747] INFO  impl.RoleInfo (RoleInfo.java:shutdownFollowerState(121)) - 8f18dce1-0a3d-4b65-9c78-af3d58b2da7f: shutdown FollowerState
2019-10-20 17:40:52,092 [Thread-2747] INFO  impl.RaftServerImpl (RaftServerImpl.java:setRole(184)) - 8f18dce1-0a3d-4b65-9c78-af3d58b2da7f@group-091950D56227: changes role from  FOLLOWER to CANDIDATE at term 456 for changeToCandidate
2019-10-20 17:40:52,092 [Thread-2747] INFO  impl.RoleInfo (RoleInfo.java:updateAndGet(143)) - 8f18dce1-0a3d-4b65-9c78-af3d58b2da7f: start LeaderElection
2019-10-20 17:40:52,143 [8f18dce1-0a3d-4b65-9c78-af3d58b2da7f@group-091950D56227-LeaderElection381] INFO  impl.LeaderElection (LeaderElection.java:askForVotes(178)) - 8f18dce1-0a3d-4b65-9c78-af3d58b2da7f@group-091950D56227-LeaderElection381: begin an election at term 457 for -1: [8a63e1ae-032e-4bed-9f20-125a11f65413:0.0.0.0:38685, 8f18dce1-0a3d-4b65-9c78-af3d58b2da7f:0.0.0.0:42489, 7b1e61a0-7daf-43dd-99d5-9b325c1d31ae:0.0.0.0:38412], old=null
2019-10-20 17:40:52,145 [grpc-default-executor-1] INFO  impl.RaftServerImpl (RaftServerImpl.java:setRole(184)) - 7b1e61a0-7daf-43dd-99d5-9b325c1d31ae@group-091950D56227: changes role from  FOLLOWER to FOLLOWER at term 457 for recognizeCandidate:8f18dce1-0a3d-4b65-9c78-af3d58b2da7f
2019-10-20 17:40:52,145 [grpc-default-executor-2] INFO  impl.RaftServerImpl (RaftServerImpl.java:setRole(184)) - 8a63e1ae-032e-4bed-9f20-125a11f65413@group-091950D56227: changes role from  FOLLOWER to FOLLOWER at term 457 for recognizeCandidate:8f18dce1-0a3d-4b65-9c78-af3d58b2da7f
2019-10-20 17:40:52,146 [grpc-default-executor-2] INFO  impl.RoleInfo (RoleInfo.java:shutdownFollowerState(121)) - 8a63e1ae-032e-4bed-9f20-125a11f65413: shutdown FollowerState
2019-10-20 17:40:52,145 [grpc-default-executor-1] INFO  impl.RoleInfo (RoleInfo.java:shutdownFollowerState(121)) - 7b1e61a0-7daf-43dd-99d5-9b325c1d31ae: shutdown FollowerState
2019-10-20 17:40:52,146 [Thread-2745] INFO  impl.FollowerState (FollowerState.java:run(117)) - 8a63e1ae-032e-4bed-9f20-125a11f65413@group-091950D56227-FollowerState was interrupted: java.lang.InterruptedException: sleep interrupted
2019-10-20 17:40:52,146 [grpc-default-executor-2] INFO  impl.RoleInfo (RoleInfo.java:updateAndGet(143)) - 8a63e1ae-032e-4bed-9f20-125a11f65413: start FollowerState
2019-10-20 17:40:52,146 [Thread-2746] INFO  impl.FollowerState (FollowerState.java:run(117)) - 7b1e61a0-7daf-43dd-99d5-9b325c1d31ae@group-091950D56227-FollowerState was interrupted: java.lang.InterruptedException: sleep interrupted
2019-10-20 17:40:52,146 [grpc-default-executor-1] INFO  impl.RoleInfo (RoleInfo.java:updateAndGet(143)) - 7b1e61a0-7daf-43dd-99d5-9b325c1d31ae: start FollowerState
2019-10-20 17:40:52,159 [8f18dce1-0a3d-4b65-9c78-af3d58b2da7f@group-091950D56227-LeaderElection381] INFO  impl.LeaderElection (LeaderElection.java:logAndReturn(56)) - 8f18dce1-0a3d-4b65-9c78-af3d58b2da7f@group-091950D56227-LeaderElection381: Election TIMEOUT; received 0 response(s) [] and 0 exception(s); 8f18dce1-0a3d-4b65-9c78-af3d58b2da7f@group-091950D56227:t457, leader=null, voted=8f18dce1-0a3d-4b65-9c78-af3d58b2da7f, raftlog=8f18dce1-0a3d-4b65-9c78-af3d58b2da7f@group-091950D56227-SegmentedRaftLog:OPENED:c-1,f-1,i0, conf=-1: [8a63e1ae-032e-4bed-9f20-125a11f65413:0.0.0.0:38685, 8f18dce1-0a3d-4b65-9c78-af3d58b2da7f:0.0.0.0:42489, 7b1e61a0-7daf-43dd-99d5-9b325c1d31ae:0.0.0.0:38412], old=null
2019-10-20 17:40:52,186 [8f18dce1-0a3d-4b65-9c78-af3d58b2da7f@group-091950D56227-LeaderElection381] INFO  impl.LeaderElection (LeaderElection.java:askForVotes(178)) - 8f18dce1-0a3d-4b65-9c78-af3d58b2da7f@group-091950D56227-LeaderElection381: begin an election at term 458 for -1: [8a63e1ae-032e-4bed-9f20-125a11f65413:0.0.0.0:38685, 8f18dce1-0a3d-4b65-9c78-af3d58b2da7f:0.0.0.0:42489, 7b1e61a0-7daf-43dd-99d5-9b325c1d31ae:0.0.0.0:38412], old=null
2019-10-20 17:40:52,187 [grpc-default-executor-2] INFO  impl.RaftServerImpl (RaftServerImpl.java:setRole(184)) - 8a63e1ae-032e-4bed-9f20-125a11f65413@group-091950D56227: changes role from  FOLLOWER to FOLLOWER at term 458 for recognizeCandidate:8f18dce1-0a3d-4b65-9c78-af3d58b2da7f
2019-10-20 17:40:52,187 [grpc-default-executor-2] INFO  impl.RoleInfo (RoleInfo.java:shutdownFollowerState(121)) - 8a63e1ae-032e-4bed-9f20-125a11f65413: shutdown FollowerState
2019-10-20 17:40:52,187 [grpc-default-executor-2] INFO  impl.RoleInfo (RoleInfo.java:updateAndGet(143)) - 8a63e1ae-032e-4bed-9f20-125a11f65413: start FollowerState
2019-10-20 17:40:52,187 [Thread-2751] INFO  impl.FollowerState (FollowerState.java:run(117)) - 8a63e1ae-032e-4bed-9f20-125a11f65413@group-091950D56227-FollowerState was interrupted: java.lang.InterruptedException: sleep interrupted
2019-10-20 17:40:52,187 [grpc-default-executor-1] INFO  impl.RaftServerImpl (RaftServerImpl.java:setRole(184)) - 7b1e61a0-7daf-43dd-99d5-9b325c1d31ae@group-091950D56227: changes role from  FOLLOWER to FOLLOWER at term 458 for recognizeCandidate:8f18dce1-0a3d-4b65-9c78-af3d58b2da7f
2019-10-20 17:40:52,188 [grpc-default-executor-1] INFO  impl.RoleInfo (RoleInfo.java:shutdownFollowerState(121)) - 7b1e61a0-7daf-43dd-99d5-9b325c1d31ae: shutdown FollowerState
2019-10-20 17:40:52,188 [grpc-default-executor-1] INFO  impl.RoleInfo (RoleInfo.java:updateAndGet(143)) - 7b1e61a0-7daf-43dd-99d5-9b325c1d31ae: start FollowerState
2019-10-20 17:40:52,188 [Thread-2752] INFO  impl.FollowerState (FollowerState.java:run(117)) - 7b1e61a0-7daf-43dd-99d5-9b325c1d31ae@group-091950D56227-FollowerState was interrupted: java.lang.InterruptedException: sleep interrupted
2019-10-20 17:40:52,212 [8f18dce1-0a3d-4b65-9c78-af3d58b2da7f@group-091950D56227-LeaderElection381] INFO  impl.LeaderElection (LeaderElection.java:logAndReturn(56)) - 8f18dce1-0a3d-4b65-9c78-af3d58b2da7f@group-091950D56227-LeaderElection381: Election REJECTED; received 2 response(s) [8f18dce1-0a3d-4b65-9c78-af3d58b2da7f<-8a63e1ae-032e-4bed-9f20-125a11f65413#0:FAIL-t458, 8f18dce1-0a3d-4b65-9c78-af3d58b2da7f<-7b1e61a0-7daf-43dd-99d5-9b325c1d31ae#0:FAIL-t458] and 0 exception(s); 8f18dce1-0a3d-4b65-9c78-af3d58b2da7f@group-091950D56227:t458, leader=null, voted=8f18dce1-0a3d-4b65-9c78-af3d58b2da7f, raftlog=8f18dce1-0a3d-4b65-9c78-af3d58b2da7f@group-091950D56227-SegmentedRaftLog:OPENED:c-1,f-1,i0, conf=-1: [8a63e1ae-032e-4bed-9f20-125a11f65413:0.0.0.0:38685, 8f18dce1-0a3d-4b65-9c78-af3d58b2da7f:0.0.0.0:42489, 7b1e61a0-7daf-43dd-99d5-9b325c1d31ae:0.0.0.0:38412], old=null
2019-10-20 17:40:52,212 [8f18dce1-0a3d-4b65-9c78-af3d58b2da7f@group-091950D56227-LeaderElection381] INFO  impl.RaftServerImpl (RaftServerImpl.java:setRole(184)) - 8f18dce1-0a3d-4b65-9c78-af3d58b2da7f@group-091950D56227: changes role from CANDIDATE to FOLLOWER at term 458 for DISCOVERED_A_NEW_TERM
2019-10-20 17:40:52,212 [8f18dce1-0a3d-4b65-9c78-af3d58b2da7f@group-091950D56227-LeaderElection381] INFO  impl.RoleInfo (RoleInfo.java:shutdownLeaderElection(134)) - 8f18dce1-0a3d-4b65-9c78-af3d58b2da7f: shutdown LeaderElection
2019-10-20 17:40:52,213 [8f18dce1-0a3d-4b65-9c78-af3d58b2da7f@group-091950D56227-LeaderElection381] INFO  impl.RoleInfo (RoleInfo.java:updateAndGet(143)) - 8f18dce1-0a3d-4b65-9c78-af3d58b2da7f: start FollowerState
2019-10-20 17:40:52,364 [Thread-2757] INFO  impl.FollowerState (FollowerState.java:run(108)) - 8f18dce1-0a3d-4b65-9c78-af3d58b2da7f@group-091950D56227-FollowerState: change to CANDIDATE, lastRpcTime:151ms, electionTimeout:151ms
2019-10-20 17:40:52,364 [Thread-2757] INFO  impl.RoleInfo (RoleInfo.java:shutdownFollowerState(121)) - 8f18dce1-0a3d-4b65-9c78-af3d58b2da7f: shutdown FollowerState
2019-10-20 17:40:52,364 [Thread-2757] INFO  impl.RaftServerImpl (RaftServerImpl.java:setRole(184)) - 8f18dce1-0a3d-4b65-9c78-af3d58b2da7f@group-091950D56227: changes role from  FOLLOWER to CANDIDATE at term 458 for changeToCandidate
2019-10-20 17:40:52,364 [Thread-2757] INFO  impl.RoleInfo (RoleInfo.java:updateAndGet(143)) - 8f18dce1-0a3d-4b65-9c78-af3d58b2da7f: start LeaderElection
2019-10-20 17:40:52,395 [8f18dce1-0a3d-4b65-9c78-af3d58b2da7f@group-091950D56227-LeaderElection382] INFO  impl.LeaderElection (LeaderElection.java:askForVotes(178)) - 8f18dce1-0a3d-4b65-9c78-af3d58b2da7f@group-091950D56227-LeaderElection382: begin an election at term 459 for -1: [8a63e1ae-032e-4bed-9f20-125a11f65413:0.0.0.0:38685, 8f18dce1-0a3d-4b65-9c78-af3d58b2da7f:0.0.0.0:42489, 7b1e61a0-7daf-43dd-99d5-9b325c1d31ae:0.0.0.0:38412], old=null
2019-10-20 17:40:52,397 [grpc-default-executor-2] INFO  impl.RaftServerImpl (RaftServerImpl.java:setRole(184)) - 8a63e1ae-032e-4bed-9f20-125a11f65413@group-091950D56227: changes role from  FOLLOWER to FOLLOWER at term 459 for recognizeCandidate:8f18dce1-0a3d-4b65-9c78-af3d58b2da7f
2019-10-20 17:40:52,397 [grpc-default-executor-0] INFO  impl.RaftServerImpl (RaftServerImpl.java:setRole(184)) - 7b1e61a0-7daf-43dd-99d5-9b325c1d31ae@group-091950D56227: changes role from  FOLLOWER to FOLLOWER at term 459 for recognizeCandidate:8f18dce1-0a3d-4b65-9c78-af3d58b2da7f
2019-10-20 17:40:52,398 [grpc-default-executor-0] INFO  impl.RoleInfo (RoleInfo.java:shutdownFollowerState(121)) - 7b1e61a0-7daf-43dd-99d5-9b325c1d31ae: shutdown FollowerState
2019-10-20 17:40:52,397 [grpc-default-executor-2] INFO  impl.RoleInfo (RoleInfo.java:shutdownFollowerState(121)) - 8a63e1ae-032e-4bed-9f20-125a11f65413: shutdown FollowerState
2019-10-20 17:40:52,398 [Thread-2756] INFO  impl.FollowerState (FollowerState.java:run(117)) - 7b1e61a0-7daf-43dd-99d5-9b325c1d31ae@group-091950D56227-FollowerState was interrupted: java.lang.InterruptedException: sleep interrupted
2019-10-20 17:40:52,398 [grpc-default-executor-0] INFO  impl.RoleInfo (RoleInfo.java:updateAndGet(143)) - 7b1e61a0-7daf-43dd-99d5-9b325c1d31ae: start FollowerState
2019-10-20 17:40:52,398 [Thread-2755] INFO  impl.FollowerState (FollowerState.java:run(117)) - 8a63e1ae-032e-4bed-9f20-125a11f65413@group-091950D56227-FollowerState was interrupted: java.lang.InterruptedException: sleep interrupted
2019-10-20 17:40:52,398 [grpc-default-executor-2] INFO  impl.RoleInfo (RoleInfo.java:updateAndGet(143)) - 8a63e1ae-032e-4bed-9f20-125a11f65413: start FollowerState
2019-10-20 17:40:52,428 [8f18dce1-0a3d-4b65-9c78-af3d58b2da7f@group-091950D56227-LeaderElection382] INFO  impl.LeaderElection (LeaderElection.java:logAndReturn(56)) - 8f18dce1-0a3d-4b65-9c78-af3d58b2da7f@group-091950D56227-LeaderElection382: Election TIMEOUT; received 0 response(s) [] and 0 exception(s); 8f18dce1-0a3d-4b65-9c78-af3d58b2da7f@group-091950D56227:t459, leader=null, voted=8f18dce1-0a3d-4b65-9c78-af3d58b2da7f, raftlog=8f18dce1-0a3d-4b65-9c78-af3d58b2da7f@group-091950D56227-SegmentedRaftLog:OPENED:c-1,f-1,i0, conf=-1: [8a63e1ae-032e-4bed-9f20-125a11f65413:0.0.0.0:38685, 8f18dce1-0a3d-4b65-9c78-af3d58b2da7f:0.0.0.0:42489, 7b1e61a0-7daf-43dd-99d5-9b325c1d31ae:0.0.0.0:38412], old=null
2019-10-20 17:40:52,463 [8f18dce1-0a3d-4b65-9c78-af3d58b2da7f@group-091950D56227-LeaderElection382] INFO  impl.LeaderElection (LeaderElection.java:askForVotes(178)) - 8f18dce1-0a3d-4b65-9c78-af3d58b2da7f@group-091950D56227-LeaderElection382: begin an election at term 460 for -1: [8a63e1ae-032e-4bed-9f20-125a11f65413:0.0.0.0:38685, 8f18dce1-0a3d-4b65-9c78-af3d58b2da7f:0.0.0.0:42489, 7b1e61a0-7daf-43dd-99d5-9b325c1d31ae:0.0.0.0:38412], old=null
2019-10-20 17:40:52,464 [grpc-default-executor-2] INFO  impl.RaftServerImpl (RaftServerImpl.java:setRole(184)) - 8a63e1ae-032e-4bed-9f20-125a11f65413@group-091950D56227: changes role from  FOLLOWER to FOLLOWER at term 460 for recognizeCandidate:8f18dce1-0a3d-4b65-9c78-af3d58b2da7f
2019-10-20 17:40:52,465 [grpc-default-executor-2] INFO  impl.RoleInfo (RoleInfo.java:shutdownFollowerState(121)) - 8a63e1ae-032e-4bed-9f20-125a11f65413: shutdown FollowerState
2019-10-20 17:40:52,465 [grpc-default-executor-0] INFO  impl.RaftServerImpl (RaftServerImpl.java:setRole(184)) - 7b1e61a0-7daf-43dd-99d5-9b325c1d31ae@group-091950D56227: changes role from  FOLLOWER to FOLLOWER at term 460 for recognizeCandidate:8f18dce1-0a3d-4b65-9c78-af3d58b2da7f
2019-10-20 17:40:52,465 [grpc-default-executor-0] INFO  impl.RoleInfo (RoleInfo.java:shutdownFollowerState(121)) - 7b1e61a0-7daf-43dd-99d5-9b325c1d31ae: shutdown FollowerState
2019-10-20 17:40:52,465 [Thread-2764] INFO  impl.FollowerState (FollowerState.java:run(117)) - 8a63e1ae-032e-4bed-9f20-125a11f65413@group-091950D56227-FollowerState was interrupted: java.lang.InterruptedException: sleep interrupted
2019-10-20 17:40:52,465 [grpc-default-executor-2] INFO  impl.RoleInfo (RoleInfo.java:updateAndGet(143)) - 8a63e1ae-032e-4bed-9f20-125a11f65413: start FollowerState
2019-10-20 17:40:52,465 [grpc-default-executor-0] INFO  impl.RoleInfo (RoleInfo.java:updateAndGet(143)) - 7b1e61a0-7daf-43dd-99d5-9b325c1d31ae: start FollowerState
2019-10-20 17:40:52,465 [Thread-2762] INFO  impl.FollowerState (FollowerState.java:run(117)) - 7b1e61a0-7daf-43dd-99d5-9b325c1d31ae@group-091950D56227-FollowerState was interrupted: java.lang.InterruptedException: sleep interrupted
2019-10-20 17:40:52,490 [8f18dce1-0a3d-4b65-9c78-af3d58b2da7f@group-091950D56227-LeaderElection382] INFO  impl.LeaderElection (LeaderElection.java:logAndReturn(56)) - 8f18dce1-0a3d-4b65-9c78-af3d58b2da7f@group-091950D56227-LeaderElection382: Election REJECTED; received 2 response(s) [8f18dce1-0a3d-4b65-9c78-af3d58b2da7f<-8a63e1ae-032e-4bed-9f20-125a11f65413#0:FAIL-t460, 8f18dce1-0a3d-4b65-9c78-af3d58b2da7f<-7b1e61a0-7daf-43dd-99d5-9b325c1d31ae#0:FAIL-t460] and 0 exception(s); 8f18dce1-0a3d-4b65-9c78-af3d58b2da7f@group-091950D56227:t460, leader=null, voted=8f18dce1-0a3d-4b65-9c78-af3d58b2da7f, raftlog=8f18dce1-0a3d-4b65-9c78-af3d58b2da7f@group-091950D56227-SegmentedRaftLog:OPENED:c-1,f-1,i0, conf=-1: [8a63e1ae-032e-4bed-9f20-125a11f65413:0.0.0.0:38685, 8f18dce1-0a3d-4b65-9c78-af3d58b2da7f:0.0.0.0:42489, 7b1e61a0-7daf-43dd-99d5-9b325c1d31ae:0.0.0.0:38412], old=null
2019-10-20 17:40:52,491 [8f18dce1-0a3d-4b65-9c78-af3d58b2da7f@group-091950D56227-LeaderElection382] INFO  impl.RaftServerImpl (RaftServerImpl.java:setRole(184)) - 8f18dce1-0a3d-4b65-9c78-af3d58b2da7f@group-091950D56227: changes role from CANDIDATE to FOLLOWER at term 460 for DISCOVERED_A_NEW_TERM
2019-10-20 17:40:52,491 [8f18dce1-0a3d-4b65-9c78-af3d58b2da7f@group-091950D56227-LeaderElection382] INFO  impl.RoleInfo (RoleInfo.java:shutdownLeaderElection(134)) - 8f18dce1-0a3d-4b65-9c78-af3d58b2da7f: shutdown LeaderElection
2019-10-20 17:40:52,491 [8f18dce1-0a3d-4b65-9c78-af3d58b2da7f@group-091950D56227-LeaderElection382] INFO  impl.RoleInfo (RoleInfo.java:updateAndGet(143)) - 8f18dce1-0a3d-4b65-9c78-af3d58b2da7f: start FollowerState
2019-10-20 17:40:52,653 [Thread-2769] INFO  impl.FollowerState (FollowerState.java:run(108)) - 8f18dce1-0a3d-4b65-9c78-af3d58b2da7f@group-091950D56227-FollowerState: change to CANDIDATE, lastRpcTime:162ms, electionTimeout:162ms
2019-10-20 17:40:52,653 [Thread-2769] INFO  impl.RoleInfo (RoleInfo.java:shutdownFollowerState(121)) - 8f18dce1-0a3d-4b65-9c78-af3d58b2da7f: shutdown FollowerState
2019-10-20 17:40:52,653 [Thread-2769] INFO  impl.RaftServerImpl (RaftServerImpl.java:setRole(184)) - 8f18dce1-0a3d-4b65-9c78-af3d58b2da7f@group-091950D56227: changes role from  FOLLOWER to CANDIDATE at term 460 for changeToCandidate
2019-10-20 17:40:52,654 [Thread-2769] INFO  impl.RoleInfo (RoleInfo.java:updateAndGet(143)) - 8f18dce1-0a3d-4b65-9c78-af3d58b2da7f: start LeaderElection
2019-10-20 17:40:52,690 [8f18dce1-0a3d-4b65-9c78-af3d58b2da7f@group-091950D56227-LeaderElection383] INFO  impl.LeaderElection (LeaderElection.java:askForVotes(178)) - 8f18dce1-0a3d-4b65-9c78-af3d58b2da7f@group-091950D56227-LeaderElection383: begin an election at term 461 for -1: [8a63e1ae-032e-4bed-9f20-125a11f65413:0.0.0.0:38685, 8f18dce1-0a3d-4b65-9c78-af3d58b2da7f:0.0.0.0:42489, 7b1e61a0-7daf-43dd-99d5-9b325c1d31ae:0.0.0.0:38412], old=null
2019-10-20 17:40:52,692 [grpc-default-executor-2] INFO  impl.RaftServerImpl (RaftServerImpl.java:setRole(184)) - 8a63e1ae-032e-4bed-9f20-125a11f65413@group-091950D56227: changes role from  FOLLOWER to FOLLOWER at term 461 for recognizeCandidate:8f18dce1-0a3d-4b65-9c78-af3d58b2da7f
2019-10-20 17:40:52,692 [grpc-default-executor-2] INFO  impl.RoleInfo (RoleInfo.java:shutdownFollowerState(121)) - 8a63e1ae-032e-4bed-9f20-125a11f65413: shutdown FollowerState
2019-10-20 17:40:52,692 [grpc-default-executor-0] INFO  impl.RaftServerImpl (RaftServerImpl.java:setRole(184)) - 7b1e61a0-7daf-43dd-99d5-9b325c1d31ae@group-091950D56227: changes role from  FOLLOWER to FOLLOWER at term 461 for recognizeCandidate:8f18dce1-0a3d-4b65-9c78-af3d58b2da7f
2019-10-20 17:40:52,692 [Thread-2767] INFO  impl.FollowerState (FollowerState.java:run(117)) - 8a63e1ae-032e-4bed-9f20-125a11f65413@group-091950D56227-FollowerState was interrupted: java.lang.InterruptedException: sleep interrupted
2019-10-20 17:40:52,692 [grpc-default-executor-2] INFO  impl.RoleInfo (RoleInfo.java:updateAndGet(143)) - 8a63e1ae-032e-4bed-9f20-125a11f65413: start FollowerState
2019-10-20 17:40:52,692 [grpc-default-executor-0] INFO  impl.RoleInfo (RoleInfo.java:shutdownFollowerState(121)) - 7b1e61a0-7daf-43dd-99d5-9b325c1d31ae: shutdown FollowerState
2019-10-20 17:40:52,693 [grpc-default-executor-0] INFO  impl.RoleInfo (RoleInfo.java:updateAndGet(143)) - 7b1e61a0-7daf-43dd-99d5-9b325c1d31ae: start FollowerState
2019-10-20 17:40:52,693 [Thread-2768] INFO  impl.FollowerState (FollowerState.java:run(117)) - 7b1e61a0-7daf-43dd-99d5-9b325c1d31ae@group-091950D56227-FollowerState was interrupted: java.lang.InterruptedException: sleep interrupted
2019-10-20 17:40:52,711 [8f18dce1-0a3d-4b65-9c78-af3d58b2da7f@group-091950D56227-LeaderElection383] INFO  impl.LeaderElection (LeaderElection.java:logAndReturn(56)) - 8f18dce1-0a3d-4b65-9c78-af3d58b2da7f@group-091950D56227-LeaderElection383: Election TIMEOUT; received 0 response(s) [] and 0 exception(s); 8f18dce1-0a3d-4b65-9c78-af3d58b2da7f@group-091950D56227:t461, leader=null, voted=8f18dce1-0a3d-4b65-9c78-af3d58b2da7f, raftlog=8f18dce1-0a3d-4b65-9c78-af3d58b2da7f@group-091950D56227-SegmentedRaftLog:OPENED:c-1,f-1,i0, conf=-1: [8a63e1ae-032e-4bed-9f20-125a11f65413:0.0.0.0:38685, 8f18dce1-0a3d-4b65-9c78-af3d58b2da7f:0.0.0.0:42489, 7b1e61a0-7daf-43dd-99d5-9b325c1d31ae:0.0.0.0:38412], old=null
2019-10-20 17:40:52,733 [8f18dce1-0a3d-4b65-9c78-af3d58b2da7f@group-091950D56227-LeaderElection383] INFO  impl.LeaderElection (LeaderElection.java:askForVotes(178)) - 8f18dce1-0a3d-4b65-9c78-af3d58b2da7f@group-091950D56227-LeaderElection383: begin an election at term 462 for -1: [8a63e1ae-032e-4bed-9f20-125a11f65413:0.0.0.0:38685, 8f18dce1-0a3d-4b65-9c78-af3d58b2da7f:0.0.0.0:42489, 7b1e61a0-7daf-43dd-99d5-9b325c1d31ae:0.0.0.0:38412], old=null
2019-10-20 17:40:52,734 [grpc-default-executor-2] INFO  impl.RaftServerImpl (RaftServerImpl.java:setRole(184)) - 8a63e1ae-032e-4bed-9f20-125a11f65413@group-091950D56227: changes role from  FOLLOWER to FOLLOWER at term 462 for recognizeCandidate:8f18dce1-0a3d-4b65-9c78-af3d58b2da7f
2019-10-20 17:40:52,734 [grpc-default-executor-2] INFO  impl.RoleInfo (RoleInfo.java:shutdownFollowerState(121)) - 8a63e1ae-032e-4bed-9f20-125a11f65413: shutdown FollowerState
2019-10-20 17:40:52,734 [grpc-default-executor-0] INFO  impl.RaftServerImpl (RaftServerImpl.java:setRole(184)) - 7b1e61a0-7daf-43dd-99d5-9b325c1d31ae@group-091950D56227: changes role from  FOLLOWER to FOLLOWER at term 462 for recognizeCandidate:8f18dce1-0a3d-4b65-9c78-af3d58b2da7f
2019-10-20 17:40:52,735 [grpc-default-executor-0] INFO  impl.RoleInfo (RoleInfo.java:shutdownFollowerState(121)) - 7b1e61a0-7daf-43dd-99d5-9b325c1d31ae: shutdown FollowerState
2019-10-20 17:40:52,734 [Thread-2773] INFO  impl.FollowerState (FollowerState.java:run(117)) - 8a63e1ae-032e-4bed-9f20-125a11f65413@group-091950D56227-FollowerState was interrupted: java.lang.InterruptedException: sleep interrupted
2019-10-20 17:40:52,734 [grpc-default-executor-2] INFO  impl.RoleInfo (RoleInfo.java:updateAndGet(143)) - 8a63e1ae-032e-4bed-9f20-125a11f65413: start FollowerState
2019-10-20 17:40:52,735 [Thread-2774] INFO  impl.FollowerState (FollowerState.java:run(117)) - 7b1e61a0-7daf-43dd-99d5-9b325c1d31ae@group-091950D56227-FollowerState was interrupted: java.lang.InterruptedException: sleep interrupted
2019-10-20 17:40:52,735 [grpc-default-executor-0] INFO  impl.RoleInfo (RoleInfo.java:updateAndGet(143)) - 7b1e61a0-7daf-43dd-99d5-9b325c1d31ae: start FollowerState
2019-10-20 17:40:52,759 [8f18dce1-0a3d-4b65-9c78-af3d58b2da7f@group-091950D56227-LeaderElection383] INFO  impl.LeaderElection (LeaderElection.java:logAndReturn(56)) - 8f18dce1-0a3d-4b65-9c78-af3d58b2da7f@group-091950D56227-LeaderElection383: Election REJECTED; received 2 response(s) [8f18dce1-0a3d-4b65-9c78-af3d58b2da7f<-8a63e1ae-032e-4bed-9f20-125a11f65413#0:FAIL-t462, 8f18dce1-0a3d-4b65-9c78-af3d58b2da7f<-7b1e61a0-7daf-43dd-99d5-9b325c1d31ae#0:FAIL-t462] and 0 exception(s); 8f18dce1-0a3d-4b65-9c78-af3d58b2da7f@group-091950D56227:t462, leader=null, voted=8f18dce1-0a3d-4b65-9c78-af3d58b2da7f, raftlog=8f18dce1-0a3d-4b65-9c78-af3d58b2da7f@group-091950D56227-SegmentedRaftLog:OPENED:c-1,f-1,i0, conf=-1: [8a63e1ae-032e-4bed-9f20-125a11f65413:0.0.0.0:38685, 8f18dce1-0a3d-4b65-9c78-af3d58b2da7f:0.0.0.0:42489, 7b1e61a0-7daf-43dd-99d5-9b325c1d31ae:0.0.0.0:38412], old=null
2019-10-20 17:40:52,759 [8f18dce1-0a3d-4b65-9c78-af3d58b2da7f@group-091950D56227-LeaderElection383] INFO  impl.RaftServerImpl (RaftServerImpl.java:setRole(184)) - 8f18dce1-0a3d-4b65-9c78-af3d58b2da7f@group-091950D56227: changes role from CANDIDATE to FOLLOWER at term 462 for DISCOVERED_A_NEW_TERM
2019-10-20 17:40:52,759 [8f18dce1-0a3d-4b65-9c78-af3d58b2da7f@group-091950D56227-LeaderElection383] INFO  impl.RoleInfo (RoleInfo.java:shutdownLeaderElection(134)) - 8f18dce1-0a3d-4b65-9c78-af3d58b2da7f: shutdown LeaderElection
2019-10-20 17:40:52,759 [8f18dce1-0a3d-4b65-9c78-af3d58b2da7f@group-091950D56227-LeaderElection383] INFO  impl.RoleInfo (RoleInfo.java:updateAndGet(143)) - 8f18dce1-0a3d-4b65-9c78-af3d58b2da7f: start FollowerState
2019-10-20 17:40:52,776 [Thread-2779] INFO  impl.FollowerState (FollowerState.java:run(108)) - 8f18dce1-0a3d-4b65-9c78-af3d58b2da7f@group-091950D56227-FollowerState: change to CANDIDATE, lastRpcTime:16ms, electionTimeout:16ms
2019-10-20 17:40:52,776 [Thread-2779] INFO  impl.RoleInfo (RoleInfo.java:shutdownFollowerState(121)) - 8f18dce1-0a3d-4b65-9c78-af3d58b2da7f: shutdown FollowerState
2019-10-20 17:40:52,776 [Thread-2779] INFO  impl.RaftServerImpl (RaftServerImpl.java:setRole(184)) - 8f18dce1-0a3d-4b65-9c78-af3d58b2da7f@group-091950D56227: changes role from  FOLLOWER to CANDIDATE at term 462 for changeToCandidate
2019-10-20 17:40:52,776 [Thread-2779] INFO  impl.RoleInfo (RoleInfo.java:updateAndGet(143)) - 8f18dce1-0a3d-4b65-9c78-af3d58b2da7f: start LeaderElection
2019-10-20 17:40:52,800 [8f18dce1-0a3d-4b65-9c78-af3d58b2da7f@group-091950D56227-LeaderElection384] INFO  impl.LeaderElection (LeaderElection.java:askForVotes(178)) - 8f18dce1-0a3d-4b65-9c78-af3d58b2da7f@group-091950D56227-LeaderElection384: begin an election at term 463 for -1: [8a63e1ae-032e-4bed-9f20-125a11f65413:0.0.0.0:38685, 8f18dce1-0a3d-4b65-9c78-af3d58b2da7f:0.0.0.0:42489, 7b1e61a0-7daf-43dd-99d5-9b325c1d31ae:0.0.0.0:38412], old=null
2019-10-20 17:40:52,802 [grpc-default-executor-0] INFO  impl.RaftServerImpl (RaftServerImpl.java:setRole(184)) - 8a63e1ae-032e-4bed-9f20-125a11f65413@group-091950D56227: changes role from  FOLLOWER to FOLLOWER at term 463 for recognizeCandidate:8f18dce1-0a3d-4b65-9c78-af3d58b2da7f
2019-10-20 17:40:52,802 [grpc-default-executor-0] INFO  impl.RoleInfo (RoleInfo.java:shutdownFollowerState(121)) - 8a63e1ae-032e-4bed-9f20-125a11f65413: shutdown FollowerState
2019-10-20 17:40:52,802 [grpc-default-executor-2] INFO  impl.RaftServerImpl (RaftServerImpl.java:setRole(184)) - 7b1e61a0-7daf-43dd-99d5-9b325c1d31ae@group-091950D56227: changes role from  FOLLOWER to FOLLOWER at term 463 for recognizeCandidate:8f18dce1-0a3d-4b65-9c78-af3d58b2da7f
2019-10-20 17:40:52,802 [Thread-2777] INFO  impl.FollowerState (FollowerState.java:run(117)) - 8a63e1ae-032e-4bed-9f20-125a11f65413@group-091950D56227-FollowerState was interrupted: java.lang.InterruptedException: sleep interrupted
2019-10-20 17:40:52,802 [grpc-default-executor-0] INFO  impl.RoleInfo (RoleInfo.java:updateAndGet(143)) - 8a63e1ae-032e-4bed-9f20-125a11f65413: start FollowerState
2019-10-20 17:40:52,802 [grpc-default-executor-2] INFO  impl.RoleInfo (RoleInfo.java:shutdownFollowerState(121)) - 7b1e61a0-7daf-43dd-99d5-9b325c1d31ae: shutdown FollowerState
2019-10-20 17:40:52,803 [grpc-default-executor-2] INFO  impl.RoleInfo (RoleInfo.java:updateAndGet(143)) - 7b1e61a0-7daf-43dd-99d5-9b325c1d31ae: start FollowerState
2019-10-20 17:40:52,803 [Thread-2778] INFO  impl.FollowerState (FollowerState.java:run(117)) - 7b1e61a0-7daf-43dd-99d5-9b325c1d31ae@group-091950D56227-FollowerState was interrupted: java.lang.InterruptedException: sleep interrupted
2019-10-20 17:40:52,826 [8f18dce1-0a3d-4b65-9c78-af3d58b2da7f@group-091950D56227-LeaderElection384] INFO  impl.LeaderElection (LeaderElection.java:logAndReturn(56)) - 8f18dce1-0a3d-4b65-9c78-af3d58b2da7f@group-091950D56227-LeaderElection384: Election REJECTED; received 2 response(s) [8f18dce1-0a3d-4b65-9c78-af3d58b2da7f<-8a63e1ae-032e-4bed-9f20-125a11f65413#0:FAIL-t463, 8f18dce1-0a3d-4b65-9c78-af3d58b2da7f<-7b1e61a0-7daf-43dd-99d5-9b325c1d31ae#0:FAIL-t463] and 0 exception(s); 8f18dce1-0a3d-4b65-9c78-af3d58b2da7f@group-091950D56227:t463, leader=null, voted=8f18dce1-0a3d-4b65-9c78-af3d58b2da7f, raftlog=8f18dce1-0a3d-4b65-9c78-af3d58b2da7f@group-091950D56227-SegmentedRaftLog:OPENED:c-1,f-1,i0, conf=-1: [8a63e1ae-032e-4bed-9f20-125a11f65413:0.0.0.0:38685, 8f18dce1-0a3d-4b65-9c78-af3d58b2da7f:0.0.0.0:42489, 7b1e61a0-7daf-43dd-99d5-9b325c1d31ae:0.0.0.0:38412], old=null
2019-10-20 17:40:52,827 [8f18dce1-0a3d-4b65-9c78-af3d58b2da7f@group-091950D56227-LeaderElection384] INFO  impl.RaftServerImpl (RaftServerImpl.java:setRole(184)) - 8f18dce1-0a3d-4b65-9c78-af3d58b2da7f@group-091950D56227: changes role from CANDIDATE to FOLLOWER at term 463 for DISCOVERED_A_NEW_TERM
2019-10-20 17:40:52,827 [8f18dce1-0a3d-4b65-9c78-af3d58b2da7f@group-091950D56227-LeaderElection384] INFO  impl.RoleInfo (RoleInfo.java:shutdownLeaderElection(134)) - 8f18dce1-0a3d-4b65-9c78-af3d58b2da7f: shutdown LeaderElection
2019-10-20 17:40:52,827 [8f18dce1-0a3d-4b65-9c78-af3d58b2da7f@group-091950D56227-LeaderElection384] INFO  impl.RoleInfo (RoleInfo.java:updateAndGet(143)) - 8f18dce1-0a3d-4b65-9c78-af3d58b2da7f: start FollowerState
2019-10-20 17:40:52,833 [Thread-2785] INFO  impl.FollowerState (FollowerState.java:run(108)) - 8f18dce1-0a3d-4b65-9c78-af3d58b2da7f@group-091950D56227-FollowerState: change to CANDIDATE, lastRpcTime:6ms, electionTimeout:6ms
2019-10-20 17:40:52,833 [Thread-2785] INFO  impl.RoleInfo (RoleInfo.java:shutdownFollowerState(121)) - 8f18dce1-0a3d-4b65-9c78-af3d58b2da7f: shutdown FollowerState
2019-10-20 17:40:52,834 [Thread-2785] INFO  impl.RaftServerImpl (RaftServerImpl.java:setRole(184)) - 8f18dce1-0a3d-4b65-9c78-af3d58b2da7f@group-091950D56227: changes role from  FOLLOWER to CANDIDATE at term 463 for changeToCandidate
2019-10-20 17:40:52,834 [Thread-2785] INFO  impl.RoleInfo (RoleInfo.java:updateAndGet(143)) - 8f18dce1-0a3d-4b65-9c78-af3d58b2da7f: start LeaderElection
2019-10-20 17:40:52,860 [8f18dce1-0a3d-4b65-9c78-af3d58b2da7f@group-091950D56227-LeaderElection385] INFO  impl.LeaderElection (LeaderElection.java:askForVotes(178)) - 8f18dce1-0a3d-4b65-9c78-af3d58b2da7f@group-091950D56227-LeaderElection385: begin an election at term 464 for -1: [8a63e1ae-032e-4bed-9f20-125a11f65413:0.0.0.0:38685, 8f18dce1-0a3d-4b65-9c78-af3d58b2da7f:0.0.0.0:42489, 7b1e61a0-7daf-43dd-99d5-9b325c1d31ae:0.0.0.0:38412], old=null
2019-10-20 17:40:52,861 [grpc-default-executor-2] INFO  impl.RaftServerImpl (RaftServerImpl.java:setRole(184)) - 8a63e1ae-032e-4bed-9f20-125a11f65413@group-091950D56227: changes role from  FOLLOWER to FOLLOWER at term 464 for recognizeCandidate:8f18dce1-0a3d-4b65-9c78-af3d58b2da7f
2019-10-20 17:40:52,861 [grpc-default-executor-2] INFO  impl.RoleInfo (RoleInfo.java:shutdownFollowerState(121)) - 8a63e1ae-032e-4bed-9f20-125a11f65413: shutdown FollowerState
2019-10-20 17:40:52,862 [grpc-default-executor-0] INFO  impl.RaftServerImpl (RaftServerImpl.java:setRole(184)) - 7b1e61a0-7daf-43dd-99d5-9b325c1d31ae@group-091950D56227: changes role from  FOLLOWER to FOLLOWER at term 464 for recognizeCandidate:8f18dce1-0a3d-4b65-9c78-af3d58b2da7f
2019-10-20 17:40:52,862 [Thread-2783] INFO  impl.FollowerState (FollowerState.java:run(117)) - 8a63e1ae-032e-4bed-9f20-125a11f65413@group-091950D56227-FollowerState was interrupted: java.lang.InterruptedException: sleep interrupted
2019-10-20 17:40:52,862 [grpc-default-executor-2] INFO  impl.RoleInfo (RoleInfo.java:updateAndGet(143)) - 8a63e1ae-032e-4bed-9f20-125a11f65413: start FollowerState
2019-10-20 17:40:52,862 [grpc-default-executor-0] INFO  impl.RoleInfo (RoleInfo.java:shutdownFollowerState(121)) - 7b1e61a0-7daf-43dd-99d5-9b325c1d31ae: shutdown FollowerState
2019-10-20 17:40:52,862 [grpc-default-executor-0] INFO  impl.RoleInfo (RoleInfo.java:updateAndGet(143)) - 7b1e61a0-7daf-43dd-99d5-9b325c1d31ae: start FollowerState
2019-10-20 17:40:52,862 [Thread-2784] INFO  impl.FollowerState (FollowerState.java:run(117)) - 7b1e61a0-7daf-43dd-99d5-9b325c1d31ae@group-091950D56227-FollowerState was interrupted: java.lang.InterruptedException: sleep interrupted
2019-10-20 17:40:52,886 [8f18dce1-0a3d-4b65-9c78-af3d58b2da7f@group-091950D56227-LeaderElection385] INFO  impl.LeaderElection (LeaderElection.java:logAndReturn(56)) - 8f18dce1-0a3d-4b65-9c78-af3d58b2da7f@group-091950D56227-LeaderElection385: Election REJECTED; received 2 response(s) [8f18dce1-0a3d-4b65-9c78-af3d58b2da7f<-8a63e1ae-032e-4bed-9f20-125a11f65413#0:FAIL-t464, 8f18dce1-0a3d-4b65-9c78-af3d58b2da7f<-7b1e61a0-7daf-43dd-99d5-9b325c1d31ae#0:FAIL-t464] and 0 exception(s); 8f18dce1-0a3d-4b65-9c78-af3d58b2da7f@group-091950D56227:t464, leader=null, voted=8f18dce1-0a3d-4b65-9c78-af3d58b2da7f, raftlog=8f18dce1-0a3d-4b65-9c78-af3d58b2da7f@group-091950D56227-SegmentedRaftLog:OPENED:c-1,f-1,i0, conf=-1: [8a63e1ae-032e-4bed-9f20-125a11f65413:0.0.0.0:38685, 8f18dce1-0a3d-4b65-9c78-af3d58b2da7f:0.0.0.0:42489, 7b1e61a0-7daf-43dd-99d5-9b325c1d31ae:0.0.0.0:38412], old=null
2019-10-20 17:40:52,886 [8f18dce1-0a3d-4b65-9c78-af3d58b2da7f@group-091950D56227-LeaderElection385] INFO  impl.RaftServerImpl (RaftServerImpl.java:setRole(184)) - 8f18dce1-0a3d-4b65-9c78-af3d58b2da7f@group-091950D56227: changes role from CANDIDATE to FOLLOWER at term 464 for DISCOVERED_A_NEW_TERM
2019-10-20 17:40:52,886 [8f18dce1-0a3d-4b65-9c78-af3d58b2da7f@group-091950D56227-LeaderElection385] INFO  impl.RoleInfo (RoleInfo.java:shutdownLeaderElection(134)) - 8f18dce1-0a3d-4b65-9c78-af3d58b2da7f: shutdown LeaderElection
2019-10-20 17:40:52,886 [8f18dce1-0a3d-4b65-9c78-af3d58b2da7f@group-091950D56227-LeaderElection385] INFO  impl.RoleInfo (RoleInfo.java:updateAndGet(143)) - 8f18dce1-0a3d-4b65-9c78-af3d58b2da7f: start FollowerState
2019-10-20 17:40:52,936 [Thread-2791] INFO  impl.FollowerState (FollowerState.java:run(108)) - 8f18dce1-0a3d-4b65-9c78-af3d58b2da7f@group-091950D56227-FollowerState: change to CANDIDATE, lastRpcTime:49ms, electionTimeout:49ms
2019-10-20 17:40:52,936 [Thread-2791] INFO  impl.RoleInfo (RoleInfo.java:shutdownFollowerState(121)) - 8f18dce1-0a3d-4b65-9c78-af3d58b2da7f: shutdown FollowerState
2019-10-20 17:40:52,936 [Thread-2791] INFO  impl.RaftServerImpl (RaftServerImpl.java:setRole(184)) - 8f18dce1-0a3d-4b65-9c78-af3d58b2da7f@group-091950D56227: changes role from  FOLLOWER to CANDIDATE at term 464 for changeToCandidate
2019-10-20 17:40:52,936 [Thread-2791] INFO  impl.RoleInfo (RoleInfo.java:updateAndGet(143)) - 8f18dce1-0a3d-4b65-9c78-af3d58b2da7f: start LeaderElection
2019-10-20 17:40:52,986 [8f18dce1-0a3d-4b65-9c78-af3d58b2da7f@group-091950D56227-LeaderElection386] INFO  impl.LeaderElection (LeaderElection.java:askForVotes(178)) - 8f18dce1-0a3d-4b65-9c78-af3d58b2da7f@group-091950D56227-LeaderElection386: begin an election at term 465 for -1: [8a63e1ae-032e-4bed-9f20-125a11f65413:0.0.0.0:38685, 8f18dce1-0a3d-4b65-9c78-af3d58b2da7f:0.0.0.0:42489, 7b1e61a0-7daf-43dd-99d5-9b325c1d31ae:0.0.0.0:38412], old=null
2019-10-20 17:40:52,987 [grpc-default-executor-2] INFO  impl.RaftServerImpl (RaftServerImpl.java:setRole(184)) - 8a63e1ae-032e-4bed-9f20-125a11f65413@group-091950D56227: changes role from  FOLLOWER to FOLLOWER at term 465 for recognizeCandidate:8f18dce1-0a3d-4b65-9c78-af3d58b2da7f
2019-10-20 17:40:52,987 [grpc-default-executor-2] INFO  impl.RoleInfo (RoleInfo.java:shutdownFollowerState(121)) - 8a63e1ae-032e-4bed-9f20-125a11f65413: shutdown FollowerState
2019-10-20 17:40:52,987 [grpc-default-executor-2] INFO  impl.RoleInfo (RoleInfo.java:updateAndGet(143)) - 8a63e1ae-032e-4bed-9f20-125a11f65413: start FollowerState
2019-10-20 17:40:52,988 [Thread-2789] INFO  impl.FollowerState (FollowerState.java:run(117)) - 8a63e1ae-032e-4bed-9f20-125a11f65413@group-091950D56227-FollowerState was interrupted: java.lang.InterruptedException: sleep interrupted
2019-10-20 17:40:52,988 [grpc-default-executor-1] INFO  impl.RaftServerImpl (RaftServerImpl.java:setRole(184)) - 7b1e61a0-7daf-43dd-99d5-9b325c1d31ae@group-091950D56227: changes role from  FOLLOWER to FOLLOWER at term 465 for recognizeCandidate:8f18dce1-0a3d-4b65-9c78-af3d58b2da7f
2019-10-20 17:40:52,988 [grpc-default-executor-1] INFO  impl.RoleInfo (RoleInfo.java:shutdownFollowerState(121)) - 7b1e61a0-7daf-43dd-99d5-9b325c1d31ae: shutdown FollowerState
2019-10-20 17:40:52,988 [grpc-default-executor-1] INFO  impl.RoleInfo (RoleInfo.java:updateAndGet(143)) - 7b1e61a0-7daf-43dd-99d5-9b325c1d31ae: start FollowerState
2019-10-20 17:40:52,988 [Thread-2790] INFO  impl.FollowerState (FollowerState.java:run(117)) - 7b1e61a0-7daf-43dd-99d5-9b325c1d31ae@group-091950D56227-FollowerState was interrupted: java.lang.InterruptedException: sleep interrupted
2019-10-20 17:40:53,020 [8f18dce1-0a3d-4b65-9c78-af3d58b2da7f@group-091950D56227-LeaderElection386] INFO  impl.LeaderElection (LeaderElection.java:logAndReturn(56)) - 8f18dce1-0a3d-4b65-9c78-af3d58b2da7f@group-091950D56227-LeaderElection386: Election REJECTED; received 2 response(s) [8f18dce1-0a3d-4b65-9c78-af3d58b2da7f<-8a63e1ae-032e-4bed-9f20-125a11f65413#0:FAIL-t465, 8f18dce1-0a3d-4b65-9c78-af3d58b2da7f<-7b1e61a0-7daf-43dd-99d5-9b325c1d31ae#0:FAIL-t465] and 0 exception(s); 8f18dce1-0a3d-4b65-9c78-af3d58b2da7f@group-091950D56227:t465, leader=null, voted=8f18dce1-0a3d-4b65-9c78-af3d58b2da7f, raftlog=8f18dce1-0a3d-4b65-9c78-af3d58b2da7f@group-091950D56227-SegmentedRaftLog:OPENED:c-1,f-1,i0, conf=-1: [8a63e1ae-032e-4bed-9f20-125a11f65413:0.0.0.0:38685, 8f18dce1-0a3d-4b65-9c78-af3d58b2da7f:0.0.0.0:42489, 7b1e61a0-7daf-43dd-99d5-9b325c1d31ae:0.0.0.0:38412], old=null
2019-10-20 17:40:53,021 [8f18dce1-0a3d-4b65-9c78-af3d58b2da7f@group-091950D56227-LeaderElection386] INFO  impl.RaftServerImpl (RaftServerImpl.java:setRole(184)) - 8f18dce1-0a3d-4b65-9c78-af3d58b2da7f@group-091950D56227: changes role from CANDIDATE to FOLLOWER at term 465 for DISCOVERED_A_NEW_TERM
2019-10-20 17:40:53,021 [8f18dce1-0a3d-4b65-9c78-af3d58b2da7f@group-091950D56227-LeaderElection386] INFO  impl.RoleInfo (RoleInfo.java:shutdownLeaderElection(134)) - 8f18dce1-0a3d-4b65-9c78-af3d58b2da7f: shutdown LeaderElection
2019-10-20 17:40:53,021 [8f18dce1-0a3d-4b65-9c78-af3d58b2da7f@group-091950D56227-LeaderElection386] INFO  impl.RoleInfo (RoleInfo.java:updateAndGet(143)) - 8f18dce1-0a3d-4b65-9c78-af3d58b2da7f: start FollowerState
2019-10-20 17:40:53,152 [Thread-2797] INFO  impl.FollowerState (FollowerState.java:run(108)) - 8f18dce1-0a3d-4b65-9c78-af3d58b2da7f@group-091950D56227-FollowerState: change to CANDIDATE, lastRpcTime:131ms, electionTimeout:131ms
2019-10-20 17:40:53,152 [Thread-2797] INFO  impl.RoleInfo (RoleInfo.java:shutdownFollowerState(121)) - 8f18dce1-0a3d-4b65-9c78-af3d58b2da7f: shutdown FollowerState
2019-10-20 17:40:53,152 [Thread-2797] INFO  impl.RaftServerImpl (RaftServerImpl.java:setRole(184)) - 8f18dce1-0a3d-4b65-9c78-af3d58b2da7f@group-091950D56227: changes role from  FOLLOWER to CANDIDATE at term 465 for changeToCandidate
2019-10-20 17:40:53,153 [Thread-2797] INFO  impl.RoleInfo (RoleInfo.java:updateAndGet(143)) - 8f18dce1-0a3d-4b65-9c78-af3d58b2da7f: start LeaderElection
2019-10-20 17:40:53,187 [8f18dce1-0a3d-4b65-9c78-af3d58b2da7f@group-091950D56227-LeaderElection387] INFO  impl.LeaderElection (LeaderElection.java:askForVotes(178)) - 8f18dce1-0a3d-4b65-9c78-af3d58b2da7f@group-091950D56227-LeaderElection387: begin an election at term 466 for -1: [8a63e1ae-032e-4bed-9f20-125a11f65413:0.0.0.0:38685, 8f18dce1-0a3d-4b65-9c78-af3d58b2da7f:0.0.0.0:42489, 7b1e61a0-7daf-43dd-99d5-9b325c1d31ae:0.0.0.0:38412], old=null
2019-10-20 17:40:53,189 [grpc-default-executor-1] INFO  impl.RaftServerImpl (RaftServerImpl.java:setRole(184)) - 8a63e1ae-032e-4bed-9f20-125a11f65413@group-091950D56227: changes role from  FOLLOWER to FOLLOWER at term 466 for recognizeCandidate:8f18dce1-0a3d-4b65-9c78-af3d58b2da7f
2019-10-20 17:40:53,189 [grpc-default-executor-2] INFO  impl.RaftServerImpl (RaftServerImpl.java:setRole(184)) - 7b1e61a0-7daf-43dd-99d5-9b325c1d31ae@group-091950D56227: changes role from  FOLLOWER to FOLLOWER at term 466 for recognizeCandidate:8f18dce1-0a3d-4b65-9c78-af3d58b2da7f
2019-10-20 17:40:53,190 [grpc-default-executor-2] INFO  impl.RoleInfo (RoleInfo.java:shutdownFollowerState(121)) - 7b1e61a0-7daf-43dd-99d5-9b325c1d31ae: shutdown FollowerState
2019-10-20 17:40:53,189 [grpc-default-executor-1] INFO  impl.RoleInfo (RoleInfo.java:shutdownFollowerState(121)) - 8a63e1ae-032e-4bed-9f20-125a11f65413: shutdown FollowerState
2019-10-20 17:40:53,190 [Thread-2796] INFO  impl.FollowerState (FollowerState.java:run(117)) - 7b1e61a0-7daf-43dd-99d5-9b325c1d31ae@group-091950D56227-FollowerState was interrupted: java.lang.InterruptedException: sleep interrupted
2019-10-20 17:40:53,190 [grpc-default-executor-2] INFO  impl.RoleInfo (RoleInfo.java:updateAndGet(143)) - 7b1e61a0-7daf-43dd-99d5-9b325c1d31ae: start FollowerState
2019-10-20 17:40:53,190 [Thread-2795] INFO  impl.FollowerState (FollowerState.java:run(117)) - 8a63e1ae-032e-4bed-9f20-125a11f65413@group-091950D56227-FollowerState was interrupted: java.lang.InterruptedException: sleep interrupted
2019-10-20 17:40:53,190 [grpc-default-executor-1] INFO  impl.RoleInfo (RoleInfo.java:updateAndGet(143)) - 8a63e1ae-032e-4bed-9f20-125a11f65413: start FollowerState
2019-10-20 17:40:53,213 [8f18dce1-0a3d-4b65-9c78-af3d58b2da7f@group-091950D56227-LeaderElection387] INFO  impl.LeaderElection (LeaderElection.java:logAndReturn(56)) - 8f18dce1-0a3d-4b65-9c78-af3d58b2da7f@group-091950D56227-LeaderElection387: Election REJECTED; received 2 response(s) [8f18dce1-0a3d-4b65-9c78-af3d58b2da7f<-8a63e1ae-032e-4bed-9f20-125a11f65413#0:FAIL-t466, 8f18dce1-0a3d-4b65-9c78-af3d58b2da7f<-7b1e61a0-7daf-43dd-99d5-9b325c1d31ae#0:FAIL-t466] and 0 exception(s); 8f18dce1-0a3d-4b65-9c78-af3d58b2da7f@group-091950D56227:t466, leader=null, voted=8f18dce1-0a3d-4b65-9c78-af3d58b2da7f, raftlog=8f18dce1-0a3d-4b65-9c78-af3d58b2da7f@group-091950D56227-SegmentedRaftLog:OPENED:c-1,f-1,i0, conf=-1: [8a63e1ae-032e-4bed-9f20-125a11f65413:0.0.0.0:38685, 8f18dce1-0a3d-4b65-9c78-af3d58b2da7f:0.0.0.0:42489, 7b1e61a0-7daf-43dd-99d5-9b325c1d31ae:0.0.0.0:38412], old=null
2019-10-20 17:40:53,213 [8f18dce1-0a3d-4b65-9c78-af3d58b2da7f@group-091950D56227-LeaderElection387] INFO  impl.RaftServerImpl (RaftServerImpl.java:setRole(184)) - 8f18dce1-0a3d-4b65-9c78-af3d58b2da7f@group-091950D56227: changes role from CANDIDATE to FOLLOWER at term 466 for DISCOVERED_A_NEW_TERM
2019-10-20 17:40:53,213 [8f18dce1-0a3d-4b65-9c78-af3d58b2da7f@group-091950D56227-LeaderElection387] INFO  impl.RoleInfo (RoleInfo.java:shutdownLeaderElection(134)) - 8f18dce1-0a3d-4b65-9c78-af3d58b2da7f: shutdown LeaderElection
2019-10-20 17:40:53,213 [8f18dce1-0a3d-4b65-9c78-af3d58b2da7f@group-091950D56227-LeaderElection387] INFO  impl.RoleInfo (RoleInfo.java:updateAndGet(143)) - 8f18dce1-0a3d-4b65-9c78-af3d58b2da7f: start FollowerState
2019-10-20 17:40:53,311 [Thread-2803] INFO  impl.FollowerState (FollowerState.java:run(108)) - 8f18dce1-0a3d-4b65-9c78-af3d58b2da7f@group-091950D56227-FollowerState: change to CANDIDATE, lastRpcTime:97ms, electionTimeout:97ms
2019-10-20 17:40:53,311 [Thread-2803] INFO  impl.RoleInfo (RoleInfo.java:shutdownFollowerState(121)) - 8f18dce1-0a3d-4b65-9c78-af3d58b2da7f: shutdown FollowerState
2019-10-20 17:40:53,311 [Thread-2803] INFO  impl.RaftServerImpl (RaftServerImpl.java:setRole(184)) - 8f18dce1-0a3d-4b65-9c78-af3d58b2da7f@group-091950D56227: changes role from  FOLLOWER to CANDIDATE at term 466 for changeToCandidate
2019-10-20 17:40:53,311 [Thread-2803] INFO  impl.RoleInfo (RoleInfo.java:updateAndGet(143)) - 8f18dce1-0a3d-4b65-9c78-af3d58b2da7f: start LeaderElection
2019-10-20 17:40:53,338 [8f18dce1-0a3d-4b65-9c78-af3d58b2da7f@group-091950D56227-LeaderElection388] INFO  impl.LeaderElection (LeaderElection.java:askForVotes(178)) - 8f18dce1-0a3d-4b65-9c78-af3d58b2da7f@group-091950D56227-LeaderElection388: begin an election at term 467 for -1: [8a63e1ae-032e-4bed-9f20-125a11f65413:0.0.0.0:38685, 8f18dce1-0a3d-4b65-9c78-af3d58b2da7f:0.0.0.0:42489, 7b1e61a0-7daf-43dd-99d5-9b325c1d31ae:0.0.0.0:38412], old=null
2019-10-20 17:40:53,339 [grpc-default-executor-1] INFO  impl.RaftServerImpl (RaftServerImpl.java:setRole(184)) - 8a63e1ae-032e-4bed-9f20-125a11f65413@group-091950D56227: changes role from  FOLLOWER to FOLLOWER at term 467 for recognizeCandidate:8f18dce1-0a3d-4b65-9c78-af3d58b2da7f
2019-10-20 17:40:53,339 [grpc-default-executor-1] INFO  impl.RoleInfo (RoleInfo.java:shutdownFollowerState(121)) - 8a63e1ae-032e-4bed-9f20-125a11f65413: shutdown FollowerState
2019-10-20 17:40:53,339 [grpc-default-executor-1] INFO  impl.RoleInfo (RoleInfo.java:updateAndGet(143)) - 8a63e1ae-032e-4bed-9f20-125a11f65413: start FollowerState
2019-10-20 17:40:53,339 [grpc-default-executor-2] INFO  impl.RaftServerImpl (RaftServerImpl.java:setRole(184)) - 7b1e61a0-7daf-43dd-99d5-9b325c1d31ae@group-091950D56227: changes role from  FOLLOWER to FOLLOWER at term 467 for recognizeCandidate:8f18dce1-0a3d-4b65-9c78-af3d58b2da7f
2019-10-20 17:40:53,340 [grpc-default-executor-2] INFO  impl.RoleInfo (RoleInfo.java:shutdownFollowerState(121)) - 7b1e61a0-7daf-43dd-99d5-9b325c1d31ae: shutdown FollowerState
2019-10-20 17:40:53,339 [Thread-2802] INFO  impl.FollowerState (FollowerState.java:run(117)) - 8a63e1ae-032e-4bed-9f20-125a11f65413@group-091950D56227-FollowerState was interrupted: java.lang.InterruptedException: sleep interrupted
2019-10-20 17:40:53,340 [Thread-2801] INFO  impl.FollowerState (FollowerState.java:run(117)) - 7b1e61a0-7daf-43dd-99d5-9b325c1d31ae@group-091950D56227-FollowerState was interrupted: java.lang.InterruptedException: sleep interrupted
2019-10-20 17:40:53,340 [grpc-default-executor-2] INFO  impl.RoleInfo (RoleInfo.java:updateAndGet(143)) - 7b1e61a0-7daf-43dd-99d5-9b325c1d31ae: start FollowerState
2019-10-20 17:40:53,364 [8f18dce1-0a3d-4b65-9c78-af3d58b2da7f@group-091950D56227-LeaderElection388] INFO  impl.LeaderElection (LeaderElection.java:logAndReturn(56)) - 8f18dce1-0a3d-4b65-9c78-af3d58b2da7f@group-091950D56227-LeaderElection388: Election REJECTED; received 2 response(s) [8f18dce1-0a3d-4b65-9c78-af3d58b2da7f<-8a63e1ae-032e-4bed-9f20-125a11f65413#0:FAIL-t467, 8f18dce1-0a3d-4b65-9c78-af3d58b2da7f<-7b1e61a0-7daf-43dd-99d5-9b325c1d31ae#0:FAIL-t467] and 0 exception(s); 8f18dce1-0a3d-4b65-9c78-af3d58b2da7f@group-091950D56227:t467, leader=null, voted=8f18dce1-0a3d-4b65-9c78-af3d58b2da7f, raftlog=8f18dce1-0a3d-4b65-9c78-af3d58b2da7f@group-091950D56227-SegmentedRaftLog:OPENED:c-1,f-1,i0, conf=-1: [8a63e1ae-032e-4bed-9f20-125a11f65413:0.0.0.0:38685, 8f18dce1-0a3d-4b65-9c78-af3d58b2da7f:0.0.0.0:42489, 7b1e61a0-7daf-43dd-99d5-9b325c1d31ae:0.0.0.0:38412], old=null
2019-10-20 17:40:53,364 [8f18dce1-0a3d-4b65-9c78-af3d58b2da7f@group-091950D56227-LeaderElection388] INFO  impl.RaftServerImpl (RaftServerImpl.java:setRole(184)) - 8f18dce1-0a3d-4b65-9c78-af3d58b2da7f@group-091950D56227: changes role from CANDIDATE to FOLLOWER at term 467 for DISCOVERED_A_NEW_TERM
2019-10-20 17:40:53,364 [8f18dce1-0a3d-4b65-9c78-af3d58b2da7f@group-091950D56227-LeaderElection388] INFO  impl.RoleInfo (RoleInfo.java:shutdownLeaderElection(134)) - 8f18dce1-0a3d-4b65-9c78-af3d58b2da7f: shutdown LeaderElection
2019-10-20 17:40:53,364 [8f18dce1-0a3d-4b65-9c78-af3d58b2da7f@group-091950D56227-LeaderElection388] INFO  impl.RoleInfo (RoleInfo.java:updateAndGet(143)) - 8f18dce1-0a3d-4b65-9c78-af3d58b2da7f: start FollowerState
2019-10-20 17:40:53,561 [Thread-2809] INFO  impl.FollowerState (FollowerState.java:run(108)) - 8f18dce1-0a3d-4b65-9c78-af3d58b2da7f@group-091950D56227-FollowerState: change to CANDIDATE, lastRpcTime:196ms, electionTimeout:196ms
2019-10-20 17:40:53,561 [Thread-2809] INFO  impl.RoleInfo (RoleInfo.java:shutdownFollowerState(121)) - 8f18dce1-0a3d-4b65-9c78-af3d58b2da7f: shutdown FollowerState
2019-10-20 17:40:53,561 [Thread-2809] INFO  impl.RaftServerImpl (RaftServerImpl.java:setRole(184)) - 8f18dce1-0a3d-4b65-9c78-af3d58b2da7f@group-091950D56227: changes role from  FOLLOWER to CANDIDATE at term 467 for changeToCandidate
2019-10-20 17:40:53,561 [Thread-2809] INFO  impl.RoleInfo (RoleInfo.java:updateAndGet(143)) - 8f18dce1-0a3d-4b65-9c78-af3d58b2da7f: start LeaderElection
2019-10-20 17:40:53,589 [8f18dce1-0a3d-4b65-9c78-af3d58b2da7f@group-091950D56227-LeaderElection389] INFO  impl.LeaderElection (LeaderElection.java:askForVotes(178)) - 8f18dce1-0a3d-4b65-9c78-af3d58b2da7f@group-091950D56227-LeaderElection389: begin an election at term 468 for -1: [8a63e1ae-032e-4bed-9f20-125a11f65413:0.0.0.0:38685, 8f18dce1-0a3d-4b65-9c78-af3d58b2da7f:0.0.0.0:42489, 7b1e61a0-7daf-43dd-99d5-9b325c1d31ae:0.0.0.0:38412], old=null
2019-10-20 17:40:53,591 [grpc-default-executor-2] INFO  impl.RaftServerImpl (RaftServerImpl.java:setRole(184)) - 7b1e61a0-7daf-43dd-99d5-9b325c1d31ae@group-091950D56227: changes role from  FOLLOWER to FOLLOWER at term 468 for recognizeCandidate:8f18dce1-0a3d-4b65-9c78-af3d58b2da7f
2019-10-20 17:40:53,591 [grpc-default-executor-2] INFO  impl.RoleInfo (RoleInfo.java:shutdownFollowerState(121)) - 7b1e61a0-7daf-43dd-99d5-9b325c1d31ae: shutdown FollowerState
2019-10-20 17:40:53,591 [grpc-default-executor-1] INFO  impl.RaftServerImpl (RaftServerImpl.java:setRole(184)) - 8a63e1ae-032e-4bed-9f20-125a11f65413@group-091950D56227: changes role from  FOLLOWER to FOLLOWER at term 468 for recognizeCandidate:8f18dce1-0a3d-4b65-9c78-af3d58b2da7f
2019-10-20 17:40:53,591 [grpc-default-executor-1] INFO  impl.RoleInfo (RoleInfo.java:shutdownFollowerState(121)) - 8a63e1ae-032e-4bed-9f20-125a11f65413: shutdown FollowerState
2019-10-20 17:40:53,591 [Thread-2808] INFO  impl.FollowerState (FollowerState.java:run(117)) - 7b1e61a0-7daf-43dd-99d5-9b325c1d31ae@group-091950D56227-FollowerState was interrupted: java.lang.InterruptedException: sleep interrupted
2019-10-20 17:40:53,591 [grpc-default-executor-2] INFO  impl.RoleInfo (RoleInfo.java:updateAndGet(143)) - 7b1e61a0-7daf-43dd-99d5-9b325c1d31ae: start FollowerState
2019-10-20 17:40:53,591 [Thread-2807] INFO  impl.FollowerState (FollowerState.java:run(117)) - 8a63e1ae-032e-4bed-9f20-125a11f65413@group-091950D56227-FollowerState was interrupted: java.lang.InterruptedException: sleep interrupted
2019-10-20 17:40:53,591 [grpc-default-executor-1] INFO  impl.RoleInfo (RoleInfo.java:updateAndGet(143)) - 8a63e1ae-032e-4bed-9f20-125a11f65413: start FollowerState
2019-10-20 17:40:53,615 [8f18dce1-0a3d-4b65-9c78-af3d58b2da7f@group-091950D56227-LeaderElection389] INFO  impl.LeaderElection (LeaderElection.java:logAndReturn(56)) - 8f18dce1-0a3d-4b65-9c78-af3d58b2da7f@group-091950D56227-LeaderElection389: Election REJECTED; received 2 response(s) [8f18dce1-0a3d-4b65-9c78-af3d58b2da7f<-8a63e1ae-032e-4bed-9f20-125a11f65413#0:FAIL-t468, 8f18dce1-0a3d-4b65-9c78-af3d58b2da7f<-7b1e61a0-7daf-43dd-99d5-9b325c1d31ae#0:FAIL-t468] and 0 exception(s); 8f18dce1-0a3d-4b65-9c78-af3d58b2da7f@group-091950D56227:t468, leader=null, voted=8f18dce1-0a3d-4b65-9c78-af3d58b2da7f, raftlog=8f18dce1-0a3d-4b65-9c78-af3d58b2da7f@group-091950D56227-SegmentedRaftLog:OPENED:c-1,f-1,i0, conf=-1: [8a63e1ae-032e-4bed-9f20-125a11f65413:0.0.0.0:38685, 8f18dce1-0a3d-4b65-9c78-af3d58b2da7f:0.0.0.0:42489, 7b1e61a0-7daf-43dd-99d5-9b325c1d31ae:0.0.0.0:38412], old=null
2019-10-20 17:40:53,615 [8f18dce1-0a3d-4b65-9c78-af3d58b2da7f@group-091950D56227-LeaderElection389] INFO  impl.RaftServerImpl (RaftServerImpl.java:setRole(184)) - 8f18dce1-0a3d-4b65-9c78-af3d58b2da7f@group-091950D56227: changes role from CANDIDATE to FOLLOWER at term 468 for DISCOVERED_A_NEW_TERM
2019-10-20 17:40:53,615 [8f18dce1-0a3d-4b65-9c78-af3d58b2da7f@group-091950D56227-LeaderElection389] INFO  impl.RoleInfo (RoleInfo.java:shutdownLeaderElection(134)) - 8f18dce1-0a3d-4b65-9c78-af3d58b2da7f: shutdown LeaderElection
2019-10-20 17:40:53,615 [8f18dce1-0a3d-4b65-9c78-af3d58b2da7f@group-091950D56227-LeaderElection389] INFO  impl.RoleInfo (RoleInfo.java:updateAndGet(143)) - 8f18dce1-0a3d-4b65-9c78-af3d58b2da7f: start FollowerState
2019-10-20 17:40:53,618 [Thread-2817] INFO  impl.FollowerState (FollowerState.java:run(108)) - 8f18dce1-0a3d-4b65-9c78-af3d58b2da7f@group-091950D56227-FollowerState: change to CANDIDATE, lastRpcTime:2ms, electionTimeout:2ms
2019-10-20 17:40:53,618 [Thread-2817] INFO  impl.RoleInfo (RoleInfo.java:shutdownFollowerState(121)) - 8f18dce1-0a3d-4b65-9c78-af3d58b2da7f: shutdown FollowerState
2019-10-20 17:40:53,618 [Thread-2817] INFO  impl.RaftServerImpl (RaftServerImpl.java:setRole(184)) - 8f18dce1-0a3d-4b65-9c78-af3d58b2da7f@group-091950D56227: changes role from  FOLLOWER to CANDIDATE at term 468 for changeToCandidate
2019-10-20 17:40:53,618 [Thread-2817] INFO  impl.RoleInfo (RoleInfo.java:updateAndGet(143)) - 8f18dce1-0a3d-4b65-9c78-af3d58b2da7f: start LeaderElection
2019-10-20 17:40:53,641 [8f18dce1-0a3d-4b65-9c78-af3d58b2da7f@group-091950D56227-LeaderElection390] INFO  impl.LeaderElection (LeaderElection.java:askForVotes(178)) - 8f18dce1-0a3d-4b65-9c78-af3d58b2da7f@group-091950D56227-LeaderElection390: begin an election at term 469 for -1: [8a63e1ae-032e-4bed-9f20-125a11f65413:0.0.0.0:38685, 8f18dce1-0a3d-4b65-9c78-af3d58b2da7f:0.0.0.0:42489, 7b1e61a0-7daf-43dd-99d5-9b325c1d31ae:0.0.0.0:38412], old=null
2019-10-20 17:40:53,642 [grpc-default-executor-2] INFO  impl.RaftServerImpl (RaftServerImpl.java:setRole(184)) - 7b1e61a0-7daf-43dd-99d5-9b325c1d31ae@group-091950D56227: changes role from  FOLLOWER to FOLLOWER at term 469 for recognizeCandidate:8f18dce1-0a3d-4b65-9c78-af3d58b2da7f
2019-10-20 17:40:53,642 [grpc-default-executor-2] INFO  impl.RoleInfo (RoleInfo.java:shutdownFollowerState(121)) - 7b1e61a0-7daf-43dd-99d5-9b325c1d31ae: shutdown FollowerState
2019-10-20 17:40:53,642 [grpc-default-executor-2] INFO  impl.RoleInfo (RoleInfo.java:updateAndGet(143)) - 7b1e61a0-7daf-43dd-99d5-9b325c1d31ae: start FollowerState
2019-10-20 17:40:53,642 [Thread-2815] INFO  impl.FollowerState (FollowerState.java:run(117)) - 7b1e61a0-7daf-43dd-99d5-9b325c1d31ae@group-091950D56227-FollowerState was interrupted: java.lang.InterruptedException: sleep interrupted
2019-10-20 17:40:53,642 [grpc-default-executor-1] INFO  impl.RaftServerImpl (RaftServerImpl.java:setRole(184)) - 8a63e1ae-032e-4bed-9f20-125a11f65413@group-091950D56227: changes role from  FOLLOWER to FOLLOWER at term 469 for recognizeCandidate:8f18dce1-0a3d-4b65-9c78-af3d58b2da7f
2019-10-20 17:40:53,643 [grpc-default-executor-1] INFO  impl.RoleInfo (RoleInfo.java:shutdownFollowerState(121)) - 8a63e1ae-032e-4bed-9f20-125a11f65413: shutdown FollowerState
2019-10-20 17:40:53,643 [grpc-default-executor-1] INFO  impl.RoleInfo (RoleInfo.java:updateAndGet(143)) - 8a63e1ae-032e-4bed-9f20-125a11f65413: start FollowerState
2019-10-20 17:40:53,643 [Thread-2816] INFO  impl.FollowerState (FollowerState.java:run(117)) - 8a63e1ae-032e-4bed-9f20-125a11f65413@group-091950D56227-FollowerState was interrupted: java.lang.InterruptedException: sleep interrupted
2019-10-20 17:40:53,667 [8f18dce1-0a3d-4b65-9c78-af3d58b2da7f@group-091950D56227-LeaderElection390] INFO  impl.LeaderElection (LeaderElection.java:logAndReturn(56)) - 8f18dce1-0a3d-4b65-9c78-af3d58b2da7f@group-091950D56227-LeaderElection390: Election REJECTED; received 2 response(s) [8f18dce1-0a3d-4b65-9c78-af3d58b2da7f<-8a63e1ae-032e-4bed-9f20-125a11f65413#0:FAIL-t469, 8f18dce1-0a3d-4b65-9c78-af3d58b2da7f<-7b1e61a0-7daf-43dd-99d5-9b325c1d31ae#0:FAIL-t469] and 0 exception(s); 8f18dce1-0a3d-4b65-9c78-af3d58b2da7f@group-091950D56227:t469, leader=null, voted=8f18dce1-0a3d-4b65-9c78-af3d58b2da7f, raftlog=8f18dce1-0a3d-4b65-9c78-af3d58b2da7f@group-091950D56227-SegmentedRaftLog:OPENED:c-1,f-1,i0, conf=-1: [8a63e1ae-032e-4bed-9f20-125a11f65413:0.0.0.0:38685, 8f18dce1-0a3d-4b65-9c78-af3d58b2da7f:0.0.0.0:42489, 7b1e61a0-7daf-43dd-99d5-9b325c1d31ae:0.0.0.0:38412], old=null
2019-10-20 17:40:53,667 [8f18dce1-0a3d-4b65-9c78-af3d58b2da7f@group-091950D56227-LeaderElection390] INFO  impl.RaftServerImpl (RaftServerImpl.java:setRole(184)) - 8f18dce1-0a3d-4b65-9c78-af3d58b2da7f@group-091950D56227: changes role from CANDIDATE to FOLLOWER at term 469 for DISCOVERED_A_NEW_TERM
2019-10-20 17:40:53,667 [8f18dce1-0a3d-4b65-9c78-af3d58b2da7f@group-091950D56227-LeaderElection390] INFO  impl.RoleInfo (RoleInfo.java:shutdownLeaderElection(134)) - 8f18dce1-0a3d-4b65-9c78-af3d58b2da7f: shutdown LeaderElection
2019-10-20 17:40:53,667 [8f18dce1-0a3d-4b65-9c78-af3d58b2da7f@group-091950D56227-LeaderElection390] INFO  impl.RoleInfo (RoleInfo.java:updateAndGet(143)) - 8f18dce1-0a3d-4b65-9c78-af3d58b2da7f: start FollowerState
2019-10-20 17:40:53,782 [Thread-2823] INFO  impl.FollowerState (FollowerState.java:run(108)) - 8f18dce1-0a3d-4b65-9c78-af3d58b2da7f@group-091950D56227-FollowerState: change to CANDIDATE, lastRpcTime:114ms, electionTimeout:114ms
2019-10-20 17:40:53,782 [Thread-2823] INFO  impl.RoleInfo (RoleInfo.java:shutdownFollowerState(121)) - 8f18dce1-0a3d-4b65-9c78-af3d58b2da7f: shutdown FollowerState
2019-10-20 17:40:53,782 [Thread-2823] INFO  impl.RaftServerImpl (RaftServerImpl.java:setRole(184)) - 8f18dce1-0a3d-4b65-9c78-af3d58b2da7f@group-091950D56227: changes role from  FOLLOWER to CANDIDATE at term 469 for changeToCandidate
2019-10-20 17:40:53,782 [Thread-2823] INFO  impl.RoleInfo (RoleInfo.java:updateAndGet(143)) - 8f18dce1-0a3d-4b65-9c78-af3d58b2da7f: start LeaderElection
2019-10-20 17:40:53,808 [8f18dce1-0a3d-4b65-9c78-af3d58b2da7f@group-091950D56227-LeaderElection391] INFO  impl.LeaderElection (LeaderElection.java:askForVotes(178)) - 8f18dce1-0a3d-4b65-9c78-af3d58b2da7f@group-091950D56227-LeaderElection391: begin an election at term 470 for -1: [8a63e1ae-032e-4bed-9f20-125a11f65413:0.0.0.0:38685, 8f18dce1-0a3d-4b65-9c78-af3d58b2da7f:0.0.0.0:42489, 7b1e61a0-7daf-43dd-99d5-9b325c1d31ae:0.0.0.0:38412], old=null
2019-10-20 17:40:53,810 [grpc-default-executor-1] INFO  impl.RaftServerImpl (RaftServerImpl.java:setRole(184)) - 8a63e1ae-032e-4bed-9f20-125a11f65413@group-091950D56227: changes role from  FOLLOWER to FOLLOWER at term 470 for recognizeCandidate:8f18dce1-0a3d-4b65-9c78-af3d58b2da7f
2019-10-20 17:40:53,811 [grpc-default-executor-1] INFO  impl.RoleInfo (RoleInfo.java:shutdownFollowerState(121)) - 8a63e1ae-032e-4bed-9f20-125a11f65413: shutdown FollowerState
2019-10-20 17:40:53,810 [grpc-default-executor-2] INFO  impl.RaftServerImpl (RaftServerImpl.java:setRole(184)) - 7b1e61a0-7daf-43dd-99d5-9b325c1d31ae@group-091950D56227: changes role from  FOLLOWER to FOLLOWER at term 470 for recognizeCandidate:8f18dce1-0a3d-4b65-9c78-af3d58b2da7f
2019-10-20 17:40:53,811 [Thread-2822] INFO  impl.FollowerState (FollowerState.java:run(117)) - 8a63e1ae-032e-4bed-9f20-125a11f65413@group-091950D56227-FollowerState was interrupted: java.lang.InterruptedException: sleep interrupted
2019-10-20 17:40:53,811 [grpc-default-executor-1] INFO  impl.RoleInfo (RoleInfo.java:updateAndGet(143)) - 8a63e1ae-032e-4bed-9f20-125a11f65413: start FollowerState
2019-10-20 17:40:53,811 [grpc-default-executor-2] INFO  impl.RoleInfo (RoleInfo.java:shutdownFollowerState(121)) - 7b1e61a0-7daf-43dd-99d5-9b325c1d31ae: shutdown FollowerState
2019-10-20 17:40:53,811 [grpc-default-executor-2] INFO  impl.RoleInfo (RoleInfo.java:updateAndGet(143)) - 7b1e61a0-7daf-43dd-99d5-9b325c1d31ae: start FollowerState
2019-10-20 17:40:53,811 [Thread-2821] INFO  impl.FollowerState (FollowerState.java:run(117)) - 7b1e61a0-7daf-43dd-99d5-9b325c1d31ae@group-091950D56227-FollowerState was interrupted: java.lang.InterruptedException: sleep interrupted
2019-10-20 17:40:53,826 [8f18dce1-0a3d-4b65-9c78-af3d58b2da7f@group-091950D56227-LeaderElection391] INFO  impl.LeaderElection (LeaderElection.java:logAndReturn(56)) - 8f18dce1-0a3d-4b65-9c78-af3d58b2da7f@group-091950D56227-LeaderElection391: Election REJECTED; received 2 response(s) [8f18dce1-0a3d-4b65-9c78-af3d58b2da7f<-8a63e1ae-032e-4bed-9f20-125a11f65413#0:FAIL-t470, 8f18dce1-0a3d-4b65-9c78-af3d58b2da7f<-7b1e61a0-7daf-43dd-99d5-9b325c1d31ae#0:FAIL-t470] and 0 exception(s); 8f18dce1-0a3d-4b65-9c78-af3d58b2da7f@group-091950D56227:t470, leader=null, voted=8f18dce1-0a3d-4b65-9c78-af3d58b2da7f, raftlog=8f18dce1-0a3d-4b65-9c78-af3d58b2da7f@group-091950D56227-SegmentedRaftLog:OPENED:c-1,f-1,i0, conf=-1: [8a63e1ae-032e-4bed-9f20-125a11f65413:0.0.0.0:38685, 8f18dce1-0a3d-4b65-9c78-af3d58b2da7f:0.0.0.0:42489, 7b1e61a0-7daf-43dd-99d5-9b325c1d31ae:0.0.0.0:38412], old=null
2019-10-20 17:40:53,826 [8f18dce1-0a3d-4b65-9c78-af3d58b2da7f@group-091950D56227-LeaderElection391] INFO  impl.RaftServerImpl (RaftServerImpl.java:setRole(184)) - 8f18dce1-0a3d-4b65-9c78-af3d58b2da7f@group-091950D56227: changes role from CANDIDATE to FOLLOWER at term 470 for DISCOVERED_A_NEW_TERM
2019-10-20 17:40:53,827 [8f18dce1-0a3d-4b65-9c78-af3d58b2da7f@group-091950D56227-LeaderElection391] INFO  impl.RoleInfo (RoleInfo.java:shutdownLeaderElection(134)) - 8f18dce1-0a3d-4b65-9c78-af3d58b2da7f: shutdown LeaderElection
2019-10-20 17:40:53,827 [8f18dce1-0a3d-4b65-9c78-af3d58b2da7f@group-091950D56227-LeaderElection391] INFO  impl.RoleInfo (RoleInfo.java:updateAndGet(143)) - 8f18dce1-0a3d-4b65-9c78-af3d58b2da7f: start FollowerState
2019-10-20 17:40:53,920 [Thread-2829] INFO  impl.FollowerState (FollowerState.java:run(108)) - 8f18dce1-0a3d-4b65-9c78-af3d58b2da7f@group-091950D56227-FollowerState: change to CANDIDATE, lastRpcTime:93ms, electionTimeout:93ms
2019-10-20 17:40:53,920 [Thread-2829] INFO  impl.RoleInfo (RoleInfo.java:shutdownFollowerState(121)) - 8f18dce1-0a3d-4b65-9c78-af3d58b2da7f: shutdown FollowerState
2019-10-20 17:40:53,920 [Thread-2829] INFO  impl.RaftServerImpl (RaftServerImpl.java:setRole(184)) - 8f18dce1-0a3d-4b65-9c78-af3d58b2da7f@group-091950D56227: changes role from  FOLLOWER to CANDIDATE at term 470 for changeToCandidate
2019-10-20 17:40:53,920 [Thread-2829] INFO  impl.RoleInfo (RoleInfo.java:updateAndGet(143)) - 8f18dce1-0a3d-4b65-9c78-af3d58b2da7f: start LeaderElection
2019-10-20 17:40:53,943 [8f18dce1-0a3d-4b65-9c78-af3d58b2da7f@group-091950D56227-LeaderElection392] INFO  impl.LeaderElection (LeaderElection.java:askForVotes(178)) - 8f18dce1-0a3d-4b65-9c78-af3d58b2da7f@group-091950D56227-LeaderElection392: begin an election at term 471 for -1: [8a63e1ae-032e-4bed-9f20-125a11f65413:0.0.0.0:38685, 8f18dce1-0a3d-4b65-9c78-af3d58b2da7f:0.0.0.0:42489, 7b1e61a0-7daf-43dd-99d5-9b325c1d31ae:0.0.0.0:38412], old=null
2019-10-20 17:40:53,945 [grpc-default-executor-1] INFO  impl.RaftServerImpl (RaftServerImpl.java:setRole(184)) - 7b1e61a0-7daf-43dd-99d5-9b325c1d31ae@group-091950D56227: changes role from  FOLLOWER to FOLLOWER at term 471 for recognizeCandidate:8f18dce1-0a3d-4b65-9c78-af3d58b2da7f
2019-10-20 17:40:53,946 [grpc-default-executor-1] INFO  impl.RoleInfo (RoleInfo.java:shutdownFollowerState(121)) - 7b1e61a0-7daf-43dd-99d5-9b325c1d31ae: shutdown FollowerState
2019-10-20 17:40:53,946 [Thread-2828] INFO  impl.FollowerState (FollowerState.java:run(117)) - 7b1e61a0-7daf-43dd-99d5-9b325c1d31ae@group-091950D56227-FollowerState was interrupted: java.lang.InterruptedException: sleep interrupted
2019-10-20 17:40:53,946 [grpc-default-executor-2] INFO  impl.RaftServerImpl (RaftServerImpl.java:setRole(184)) - 8a63e1ae-032e-4bed-9f20-125a11f65413@group-091950D56227: changes role from  FOLLOWER to FOLLOWER at term 471 for recognizeCandidate:8f18dce1-0a3d-4b65-9c78-af3d58b2da7f
2019-10-20 17:40:53,946 [grpc-default-executor-2] INFO  impl.RoleInfo (RoleInfo.java:shutdownFollowerState(121)) - 8a63e1ae-032e-4bed-9f20-125a11f65413: shutdown FollowerState
2019-10-20 17:40:53,946 [grpc-default-executor-2] INFO  impl.RoleInfo (RoleInfo.java:updateAndGet(143)) - 8a63e1ae-032e-4bed-9f20-125a11f65413: start FollowerState
2019-10-20 17:40:53,946 [grpc-default-executor-1] INFO  impl.RoleInfo (RoleInfo.java:updateAndGet(143)) - 7b1e61a0-7daf-43dd-99d5-9b325c1d31ae: start FollowerState
2019-10-20 17:40:53,947 [Thread-2827] INFO  impl.FollowerState (FollowerState.java:run(117)) - 8a63e1ae-032e-4bed-9f20-125a11f65413@group-091950D56227-FollowerState was interrupted: java.lang.InterruptedException: sleep interrupted
2019-10-20 17:40:53,969 [8f18dce1-0a3d-4b65-9c78-af3d58b2da7f@group-091950D56227-LeaderElection392] INFO  impl.LeaderElection (LeaderElection.java:logAndReturn(56)) - 8f18dce1-0a3d-4b65-9c78-af3d58b2da7f@group-091950D56227-LeaderElection392: Election REJECTED; received 2 response(s) [8f18dce1-0a3d-4b65-9c78-af3d58b2da7f<-8a63e1ae-032e-4bed-9f20-125a11f65413#0:FAIL-t471, 8f18dce1-0a3d-4b65-9c78-af3d58b2da7f<-7b1e61a0-7daf-43dd-99d5-9b325c1d31ae#0:FAIL-t471] and 0 exception(s); 8f18dce1-0a3d-4b65-9c78-af3d58b2da7f@group-091950D56227:t471, leader=null, voted=8f18dce1-0a3d-4b65-9c78-af3d58b2da7f, raftlog=8f18dce1-0a3d-4b65-9c78-af3d58b2da7f@group-091950D56227-SegmentedRaftLog:OPENED:c-1,f-1,i0, conf=-1: [8a63e1ae-032e-4bed-9f20-125a11f65413:0.0.0.0:38685, 8f18dce1-0a3d-4b65-9c78-af3d58b2da7f:0.0.0.0:42489, 7b1e61a0-7daf-43dd-99d5-9b325c1d31ae:0.0.0.0:38412], old=null
2019-10-20 17:40:53,969 [8f18dce1-0a3d-4b65-9c78-af3d58b2da7f@group-091950D56227-LeaderElection392] INFO  impl.RaftServerImpl (RaftServerImpl.java:setRole(184)) - 8f18dce1-0a3d-4b65-9c78-af3d58b2da7f@group-091950D56227: changes role from CANDIDATE to FOLLOWER at term 471 for DISCOVERED_A_NEW_TERM
2019-10-20 17:40:53,969 [8f18dce1-0a3d-4b65-9c78-af3d58b2da7f@group-091950D56227-LeaderElection392] INFO  impl.RoleInfo (RoleInfo.java:shutdownLeaderElection(134)) - 8f18dce1-0a3d-4b65-9c78-af3d58b2da7f: shutdown LeaderElection
2019-10-20 17:40:53,970 [8f18dce1-0a3d-4b65-9c78-af3d58b2da7f@group-091950D56227-LeaderElection392] INFO  impl.RoleInfo (RoleInfo.java:updateAndGet(143)) - 8f18dce1-0a3d-4b65-9c78-af3d58b2da7f: start FollowerState
2019-10-20 17:40:54,113 [Thread-2835] INFO  impl.FollowerState (FollowerState.java:run(108)) - 8f18dce1-0a3d-4b65-9c78-af3d58b2da7f@group-091950D56227-FollowerState: change to CANDIDATE, lastRpcTime:143ms, electionTimeout:143ms
2019-10-20 17:40:54,113 [Thread-2835] INFO  impl.RoleInfo (RoleInfo.java:shutdownFollowerState(121)) - 8f18dce1-0a3d-4b65-9c78-af3d58b2da7f: shutdown FollowerState
2019-10-20 17:40:54,113 [Thread-2835] INFO  impl.RaftServerImpl (RaftServerImpl.java:setRole(184)) - 8f18dce1-0a3d-4b65-9c78-af3d58b2da7f@group-091950D56227: changes role from  FOLLOWER to CANDIDATE at term 471 for changeToCandidate
2019-10-20 17:40:54,114 [Thread-2835] INFO  impl.RoleInfo (RoleInfo.java:updateAndGet(143)) - 8f18dce1-0a3d-4b65-9c78-af3d58b2da7f: start LeaderElection
2019-10-20 17:40:54,144 [8f18dce1-0a3d-4b65-9c78-af3d58b2da7f@group-091950D56227-LeaderElection393] INFO  impl.LeaderElection (LeaderElection.java:askForVotes(178)) - 8f18dce1-0a3d-4b65-9c78-af3d58b2da7f@group-091950D56227-LeaderElection393: begin an election at term 472 for -1: [8a63e1ae-032e-4bed-9f20-125a11f65413:0.0.0.0:38685, 8f18dce1-0a3d-4b65-9c78-af3d58b2da7f:0.0.0.0:42489, 7b1e61a0-7daf-43dd-99d5-9b325c1d31ae:0.0.0.0:38412], old=null
2019-10-20 17:40:54,146 [grpc-default-executor-1] INFO  impl.RaftServerImpl (RaftServerImpl.java:setRole(184)) - 7b1e61a0-7daf-43dd-99d5-9b325c1d31ae@group-091950D56227: changes role from  FOLLOWER to FOLLOWER at term 472 for recognizeCandidate:8f18dce1-0a3d-4b65-9c78-af3d58b2da7f
2019-10-20 17:40:54,146 [grpc-default-executor-2] INFO  impl.RaftServerImpl (RaftServerImpl.java:setRole(184)) - 8a63e1ae-032e-4bed-9f20-125a11f65413@group-091950D56227: changes role from  FOLLOWER to FOLLOWER at term 472 for recognizeCandidate:8f18dce1-0a3d-4b65-9c78-af3d58b2da7f
2019-10-20 17:40:54,146 [grpc-default-executor-2] INFO  impl.RoleInfo (RoleInfo.java:shutdownFollowerState(121)) - 8a63e1ae-032e-4bed-9f20-125a11f65413: shutdown FollowerState
2019-10-20 17:40:54,146 [grpc-default-executor-1] INFO  impl.RoleInfo (RoleInfo.java:shutdownFollowerState(121)) - 7b1e61a0-7daf-43dd-99d5-9b325c1d31ae: shutdown FollowerState
2019-10-20 17:40:54,147 [Thread-2834] INFO  impl.FollowerState (FollowerState.java:run(117)) - 8a63e1ae-032e-4bed-9f20-125a11f65413@group-091950D56227-FollowerState was interrupted: java.lang.InterruptedException: sleep interrupted
2019-10-20 17:40:54,146 [grpc-default-executor-2] INFO  impl.RoleInfo (RoleInfo.java:updateAndGet(143)) - 8a63e1ae-032e-4bed-9f20-125a11f65413: start FollowerState
2019-10-20 17:40:54,147 [Thread-2833] INFO  impl.FollowerState (FollowerState.java:run(117)) - 7b1e61a0-7daf-43dd-99d5-9b325c1d31ae@group-091950D56227-FollowerState was interrupted: java.lang.InterruptedException: sleep interrupted
2019-10-20 17:40:54,147 [grpc-default-executor-1] INFO  impl.RoleInfo (RoleInfo.java:updateAndGet(143)) - 7b1e61a0-7daf-43dd-99d5-9b325c1d31ae: start FollowerState
2019-10-20 17:40:54,170 [8f18dce1-0a3d-4b65-9c78-af3d58b2da7f@group-091950D56227-LeaderElection393] INFO  impl.LeaderElection (LeaderElection.java:logAndReturn(56)) - 8f18dce1-0a3d-4b65-9c78-af3d58b2da7f@group-091950D56227-LeaderElection393: Election REJECTED; received 2 response(s) [8f18dce1-0a3d-4b65-9c78-af3d58b2da7f<-8a63e1ae-032e-4bed-9f20-125a11f65413#0:FAIL-t472, 8f18dce1-0a3d-4b65-9c78-af3d58b2da7f<-7b1e61a0-7daf-43dd-99d5-9b325c1d31ae#0:FAIL-t472] and 0 exception(s); 8f18dce1-0a3d-4b65-9c78-af3d58b2da7f@group-091950D56227:t472, leader=null, voted=8f18dce1-0a3d-4b65-9c78-af3d58b2da7f, raftlog=8f18dce1-0a3d-4b65-9c78-af3d58b2da7f@group-091950D56227-SegmentedRaftLog:OPENED:c-1,f-1,i0, conf=-1: [8a63e1ae-032e-4bed-9f20-125a11f65413:0.0.0.0:38685, 8f18dce1-0a3d-4b65-9c78-af3d58b2da7f:0.0.0.0:42489, 7b1e61a0-7daf-43dd-99d5-9b325c1d31ae:0.0.0.0:38412], old=null
2019-10-20 17:40:54,170 [8f18dce1-0a3d-4b65-9c78-af3d58b2da7f@group-091950D56227-LeaderElection393] INFO  impl.RaftServerImpl (RaftServerImpl.java:setRole(184)) - 8f18dce1-0a3d-4b65-9c78-af3d58b2da7f@group-091950D56227: changes role from CANDIDATE to FOLLOWER at term 472 for DISCOVERED_A_NEW_TERM
2019-10-20 17:40:54,170 [8f18dce1-0a3d-4b65-9c78-af3d58b2da7f@group-091950D56227-LeaderElection393] INFO  impl.RoleInfo (RoleInfo.java:shutdownLeaderElection(134)) - 8f18dce1-0a3d-4b65-9c78-af3d58b2da7f: shutdown LeaderElection
2019-10-20 17:40:54,170 [8f18dce1-0a3d-4b65-9c78-af3d58b2da7f@group-091950D56227-LeaderElection393] INFO  impl.RoleInfo (RoleInfo.java:updateAndGet(143)) - 8f18dce1-0a3d-4b65-9c78-af3d58b2da7f: start FollowerState
2019-10-20 17:40:54,227 [Thread-2841] INFO  impl.FollowerState (FollowerState.java:run(108)) - 8f18dce1-0a3d-4b65-9c78-af3d58b2da7f@group-091950D56227-FollowerState: change to CANDIDATE, lastRpcTime:56ms, electionTimeout:56ms
2019-10-20 17:40:54,227 [Thread-2841] INFO  impl.RoleInfo (RoleInfo.java:shutdownFollowerState(121)) - 8f18dce1-0a3d-4b65-9c78-af3d58b2da7f: shutdown FollowerState
2019-10-20 17:40:54,227 [Thread-2841] INFO  impl.RaftServerImpl (RaftServerImpl.java:setRole(184)) - 8f18dce1-0a3d-4b65-9c78-af3d58b2da7f@group-091950D56227: changes role from  FOLLOWER to CANDIDATE at term 472 for changeToCandidate
2019-10-20 17:40:54,227 [Thread-2841] INFO  impl.RoleInfo (RoleInfo.java:updateAndGet(143)) - 8f18dce1-0a3d-4b65-9c78-af3d58b2da7f: start LeaderElection
2019-10-20 17:40:54,253 [8f18dce1-0a3d-4b65-9c78-af3d58b2da7f@group-091950D56227-LeaderElection394] INFO  impl.LeaderElection (LeaderElection.java:askForVotes(178)) - 8f18dce1-0a3d-4b65-9c78-af3d58b2da7f@group-091950D56227-LeaderElection394: begin an election at term 473 for -1: [8a63e1ae-032e-4bed-9f20-125a11f65413:0.0.0.0:38685, 8f18dce1-0a3d-4b65-9c78-af3d58b2da7f:0.0.0.0:42489, 7b1e61a0-7daf-43dd-99d5-9b325c1d31ae:0.0.0.0:38412], old=null
2019-10-20 17:40:54,255 [grpc-default-executor-1] INFO  impl.RaftServerImpl (RaftServerImpl.java:setRole(184)) - 8a63e1ae-032e-4bed-9f20-125a11f65413@group-091950D56227: changes role from  FOLLOWER to FOLLOWER at term 473 for recognizeCandidate:8f18dce1-0a3d-4b65-9c78-af3d58b2da7f
2019-10-20 17:40:54,255 [grpc-default-executor-2] INFO  impl.RaftServerImpl (RaftServerImpl.java:setRole(184)) - 7b1e61a0-7daf-43dd-99d5-9b325c1d31ae@group-091950D56227: changes role from  FOLLOWER to FOLLOWER at term 473 for recognizeCandidate:8f18dce1-0a3d-4b65-9c78-af3d58b2da7f
2019-10-20 17:40:54,255 [grpc-default-executor-1] INFO  impl.RoleInfo (RoleInfo.java:shutdownFollowerState(121)) - 8a63e1ae-032e-4bed-9f20-125a11f65413: shutdown FollowerState
2019-10-20 17:40:54,255 [grpc-default-executor-2] INFO  impl.RoleInfo (RoleInfo.java:shutdownFollowerState(121)) - 7b1e61a0-7daf-43dd-99d5-9b325c1d31ae: shutdown FollowerState
2019-10-20 17:40:54,255 [Thread-2839] INFO  impl.FollowerState (FollowerState.java:run(117)) - 8a63e1ae-032e-4bed-9f20-125a11f65413@group-091950D56227-FollowerState was interrupted: java.lang.InterruptedException: sleep interrupted
2019-10-20 17:40:54,255 [grpc-default-executor-1] INFO  impl.RoleInfo (RoleInfo.java:updateAndGet(143)) - 8a63e1ae-032e-4bed-9f20-125a11f65413: start FollowerState
2019-10-20 17:40:54,255 [Thread-2840] INFO  impl.FollowerState (FollowerState.java:run(117)) - 7b1e61a0-7daf-43dd-99d5-9b325c1d31ae@group-091950D56227-FollowerState was interrupted: java.lang.InterruptedException: sleep interrupted
2019-10-20 17:40:54,255 [grpc-default-executor-2] INFO  impl.RoleInfo (RoleInfo.java:updateAndGet(143)) - 7b1e61a0-7daf-43dd-99d5-9b325c1d31ae: start FollowerState
2019-10-20 17:40:54,279 [8f18dce1-0a3d-4b65-9c78-af3d58b2da7f@group-091950D56227-LeaderElection394] INFO  impl.LeaderElection (LeaderElection.java:logAndReturn(56)) - 8f18dce1-0a3d-4b65-9c78-af3d58b2da7f@group-091950D56227-LeaderElection394: Election REJECTED; received 2 response(s) [8f18dce1-0a3d-4b65-9c78-af3d58b2da7f<-8a63e1ae-032e-4bed-9f20-125a11f65413#0:FAIL-t473, 8f18dce1-0a3d-4b65-9c78-af3d58b2da7f<-7b1e61a0-7daf-43dd-99d5-9b325c1d31ae#0:FAIL-t473] and 0 exception(s); 8f18dce1-0a3d-4b65-9c78-af3d58b2da7f@group-091950D56227:t473, leader=null, voted=8f18dce1-0a3d-4b65-9c78-af3d58b2da7f, raftlog=8f18dce1-0a3d-4b65-9c78-af3d58b2da7f@group-091950D56227-SegmentedRaftLog:OPENED:c-1,f-1,i0, conf=-1: [8a63e1ae-032e-4bed-9f20-125a11f65413:0.0.0.0:38685, 8f18dce1-0a3d-4b65-9c78-af3d58b2da7f:0.0.0.0:42489, 7b1e61a0-7daf-43dd-99d5-9b325c1d31ae:0.0.0.0:38412], old=null
2019-10-20 17:40:54,279 [8f18dce1-0a3d-4b65-9c78-af3d58b2da7f@group-091950D56227-LeaderElection394] INFO  impl.RaftServerImpl (RaftServerImpl.java:setRole(184)) - 8f18dce1-0a3d-4b65-9c78-af3d58b2da7f@group-091950D56227: changes role from CANDIDATE to FOLLOWER at term 473 for DISCOVERED_A_NEW_TERM
2019-10-20 17:40:54,279 [8f18dce1-0a3d-4b65-9c78-af3d58b2da7f@group-091950D56227-LeaderElection394] INFO  impl.RoleInfo (RoleInfo.java:shutdownLeaderElection(134)) - 8f18dce1-0a3d-4b65-9c78-af3d58b2da7f: shutdown LeaderElection
2019-10-20 17:40:54,280 [8f18dce1-0a3d-4b65-9c78-af3d58b2da7f@group-091950D56227-LeaderElection394] INFO  impl.RoleInfo (RoleInfo.java:updateAndGet(143)) - 8f18dce1-0a3d-4b65-9c78-af3d58b2da7f: start FollowerState
2019-10-20 17:40:54,433 [Thread-2847] INFO  impl.FollowerState (FollowerState.java:run(108)) - 8f18dce1-0a3d-4b65-9c78-af3d58b2da7f@group-091950D56227-FollowerState: change to CANDIDATE, lastRpcTime:153ms, electionTimeout:153ms
2019-10-20 17:40:54,433 [Thread-2847] INFO  impl.RoleInfo (RoleInfo.java:shutdownFollowerState(121)) - 8f18dce1-0a3d-4b65-9c78-af3d58b2da7f: shutdown FollowerState
2019-10-20 17:40:54,433 [Thread-2847] INFO  impl.RaftServerImpl (RaftServerImpl.java:setRole(184)) - 8f18dce1-0a3d-4b65-9c78-af3d58b2da7f@group-091950D56227: changes role from  FOLLOWER to CANDIDATE at term 473 for changeToCandidate
2019-10-20 17:40:54,433 [Thread-2847] INFO  impl.RoleInfo (RoleInfo.java:updateAndGet(143)) - 8f18dce1-0a3d-4b65-9c78-af3d58b2da7f: start LeaderElection
2019-10-20 17:40:54,462 [8f18dce1-0a3d-4b65-9c78-af3d58b2da7f@group-091950D56227-LeaderElection395] INFO  impl.LeaderElection (LeaderElection.java:askForVotes(178)) - 8f18dce1-0a3d-4b65-9c78-af3d58b2da7f@group-091950D56227-LeaderElection395: begin an election at term 474 for -1: [8a63e1ae-032e-4bed-9f20-125a11f65413:0.0.0.0:38685, 8f18dce1-0a3d-4b65-9c78-af3d58b2da7f:0.0.0.0:42489, 7b1e61a0-7daf-43dd-99d5-9b325c1d31ae:0.0.0.0:38412], old=null
2019-10-20 17:40:54,464 [grpc-default-executor-1] INFO  impl.RaftServerImpl (RaftServerImpl.java:setRole(184)) - 8a63e1ae-032e-4bed-9f20-125a11f65413@group-091950D56227: changes role from  FOLLOWER to FOLLOWER at term 474 for recognizeCandidate:8f18dce1-0a3d-4b65-9c78-af3d58b2da7f
2019-10-20 17:40:54,464 [grpc-default-executor-2] INFO  impl.RaftServerImpl (RaftServerImpl.java:setRole(184)) - 7b1e61a0-7daf-43dd-99d5-9b325c1d31ae@group-091950D56227: changes role from  FOLLOWER to FOLLOWER at term 474 for recognizeCandidate:8f18dce1-0a3d-4b65-9c78-af3d58b2da7f
2019-10-20 17:40:54,464 [grpc-default-executor-1] INFO  impl.RoleInfo (RoleInfo.java:shutdownFollowerState(121)) - 8a63e1ae-032e-4bed-9f20-125a11f65413: shutdown FollowerState
2019-10-20 17:40:54,464 [grpc-default-executor-2] INFO  impl.RoleInfo (RoleInfo.java:shutdownFollowerState(121)) - 7b1e61a0-7daf-43dd-99d5-9b325c1d31ae: shutdown FollowerState
2019-10-20 17:40:54,464 [Thread-2845] INFO  impl.FollowerState (FollowerState.java:run(117)) - 8a63e1ae-032e-4bed-9f20-125a11f65413@group-091950D56227-FollowerState was interrupted: java.lang.InterruptedException: sleep interrupted
2019-10-20 17:40:54,464 [grpc-default-executor-1] INFO  impl.RoleInfo (RoleInfo.java:updateAndGet(143)) - 8a63e1ae-032e-4bed-9f20-125a11f65413: start FollowerState
2019-10-20 17:40:54,464 [Thread-2846] INFO  impl.FollowerState (FollowerState.java:run(117)) - 7b1e61a0-7daf-43dd-99d5-9b325c1d31ae@group-091950D56227-FollowerState was interrupted: java.lang.InterruptedException: sleep interrupted
2019-10-20 17:40:54,464 [grpc-default-executor-2] INFO  impl.RoleInfo (RoleInfo.java:updateAndGet(143)) - 7b1e61a0-7daf-43dd-99d5-9b325c1d31ae: start FollowerState
2019-10-20 17:40:54,488 [8f18dce1-0a3d-4b65-9c78-af3d58b2da7f@group-091950D56227-LeaderElection395] INFO  impl.LeaderElection (LeaderElection.java:logAndReturn(56)) - 8f18dce1-0a3d-4b65-9c78-af3d58b2da7f@group-091950D56227-LeaderElection395: Election REJECTED; received 2 response(s) [8f18dce1-0a3d-4b65-9c78-af3d58b2da7f<-8a63e1ae-032e-4bed-9f20-125a11f65413#0:FAIL-t474, 8f18dce1-0a3d-4b65-9c78-af3d58b2da7f<-7b1e61a0-7daf-43dd-99d5-9b325c1d31ae#0:FAIL-t474] and 0 exception(s); 8f18dce1-0a3d-4b65-9c78-af3d58b2da7f@group-091950D56227:t474, leader=null, voted=8f18dce1-0a3d-4b65-9c78-af3d58b2da7f, raftlog=8f18dce1-0a3d-4b65-9c78-af3d58b2da7f@group-091950D56227-SegmentedRaftLog:OPENED:c-1,f-1,i0, conf=-1: [8a63e1ae-032e-4bed-9f20-125a11f65413:0.0.0.0:38685, 8f18dce1-0a3d-4b65-9c78-af3d58b2da7f:0.0.0.0:42489, 7b1e61a0-7daf-43dd-99d5-9b325c1d31ae:0.0.0.0:38412], old=null
2019-10-20 17:40:54,489 [8f18dce1-0a3d-4b65-9c78-af3d58b2da7f@group-091950D56227-LeaderElection395] INFO  impl.RaftServerImpl (RaftServerImpl.java:setRole(184)) - 8f18dce1-0a3d-4b65-9c78-af3d58b2da7f@group-091950D56227: changes role from CANDIDATE to FOLLOWER at term 474 for DISCOVERED_A_NEW_TERM
2019-10-20 17:40:54,489 [8f18dce1-0a3d-4b65-9c78-af3d58b2da7f@group-091950D56227-LeaderElection395] INFO  impl.RoleInfo (RoleInfo.java:shutdownLeaderElection(134)) - 8f18dce1-0a3d-4b65-9c78-af3d58b2da7f: shutdown LeaderElection
2019-10-20 17:40:54,489 [8f18dce1-0a3d-4b65-9c78-af3d58b2da7f@group-091950D56227-LeaderElection395] INFO  impl.RoleInfo (RoleInfo.java:updateAndGet(143)) - 8f18dce1-0a3d-4b65-9c78-af3d58b2da7f: start FollowerState
2019-10-20 17:40:54,594 [Thread-2855] INFO  impl.FollowerState (FollowerState.java:run(108)) - 8f18dce1-0a3d-4b65-9c78-af3d58b2da7f@group-091950D56227-FollowerState: change to CANDIDATE, lastRpcTime:105ms, electionTimeout:105ms
2019-10-20 17:40:54,594 [Thread-2855] INFO  impl.RoleInfo (RoleInfo.java:shutdownFollowerState(121)) - 8f18dce1-0a3d-4b65-9c78-af3d58b2da7f: shutdown FollowerState
2019-10-20 17:40:54,594 [Thread-2855] INFO  impl.RaftServerImpl (RaftServerImpl.java:setRole(184)) - 8f18dce1-0a3d-4b65-9c78-af3d58b2da7f@group-091950D56227: changes role from  FOLLOWER to CANDIDATE at term 474 for changeToCandidate
2019-10-20 17:40:54,594 [Thread-2855] INFO  impl.RoleInfo (RoleInfo.java:updateAndGet(143)) - 8f18dce1-0a3d-4b65-9c78-af3d58b2da7f: start LeaderElection
2019-10-20 17:40:54,622 [8f18dce1-0a3d-4b65-9c78-af3d58b2da7f@group-091950D56227-LeaderElection396] INFO  impl.LeaderElection (LeaderElection.java:askForVotes(178)) - 8f18dce1-0a3d-4b65-9c78-af3d58b2da7f@group-091950D56227-LeaderElection396: begin an election at term 475 for -1: [8a63e1ae-032e-4bed-9f20-125a11f65413:0.0.0.0:38685, 8f18dce1-0a3d-4b65-9c78-af3d58b2da7f:0.0.0.0:42489, 7b1e61a0-7daf-43dd-99d5-9b325c1d31ae:0.0.0.0:38412], old=null
2019-10-20 17:40:54,623 [grpc-default-executor-0] INFO  impl.RaftServerImpl (RaftServerImpl.java:setRole(184)) - 7b1e61a0-7daf-43dd-99d5-9b325c1d31ae@group-091950D56227: changes role from  FOLLOWER to FOLLOWER at term 475 for recognizeCandidate:8f18dce1-0a3d-4b65-9c78-af3d58b2da7f
2019-10-20 17:40:54,623 [grpc-default-executor-1] INFO  impl.RaftServerImpl (RaftServerImpl.java:setRole(184)) - 8a63e1ae-032e-4bed-9f20-125a11f65413@group-091950D56227: changes role from  FOLLOWER to FOLLOWER at term 475 for recognizeCandidate:8f18dce1-0a3d-4b65-9c78-af3d58b2da7f
2019-10-20 17:40:54,623 [grpc-default-executor-0] INFO  impl.RoleInfo (RoleInfo.java:shutdownFollowerState(121)) - 7b1e61a0-7daf-43dd-99d5-9b325c1d31ae: shutdown FollowerState
2019-10-20 17:40:54,623 [grpc-default-executor-1] INFO  impl.RoleInfo (RoleInfo.java:shutdownFollowerState(121)) - 8a63e1ae-032e-4bed-9f20-125a11f65413: shutdown FollowerState
2019-10-20 17:40:54,624 [Thread-2854] INFO  impl.FollowerState (FollowerState.java:run(117)) - 7b1e61a0-7daf-43dd-99d5-9b325c1d31ae@group-091950D56227-FollowerState was interrupted: java.lang.InterruptedException: sleep interrupted
2019-10-20 17:40:54,624 [grpc-default-executor-0] INFO  impl.RoleInfo (RoleInfo.java:updateAndGet(143)) - 7b1e61a0-7daf-43dd-99d5-9b325c1d31ae: start FollowerState
2019-10-20 17:40:54,624 [Thread-2853] INFO  impl.FollowerState (FollowerState.java:run(117)) - 8a63e1ae-032e-4bed-9f20-125a11f65413@group-091950D56227-FollowerState was interrupted: java.lang.InterruptedException: sleep interrupted
2019-10-20 17:40:54,624 [grpc-default-executor-1] INFO  impl.RoleInfo (RoleInfo.java:updateAndGet(143)) - 8a63e1ae-032e-4bed-9f20-125a11f65413: start FollowerState
2019-10-20 17:40:54,648 [8f18dce1-0a3d-4b65-9c78-af3d58b2da7f@group-091950D56227-LeaderElection396] INFO  impl.LeaderElection (LeaderElection.java:logAndReturn(56)) - 8f18dce1-0a3d-4b65-9c78-af3d58b2da7f@group-091950D56227-LeaderElection396: Election REJECTED; received 2 response(s) [8f18dce1-0a3d-4b65-9c78-af3d58b2da7f<-8a63e1ae-032e-4bed-9f20-125a11f65413#0:FAIL-t475, 8f18dce1-0a3d-4b65-9c78-af3d58b2da7f<-7b1e61a0-7daf-43dd-99d5-9b325c1d31ae#0:FAIL-t475] and 0 exception(s); 8f18dce1-0a3d-4b65-9c78-af3d58b2da7f@group-091950D56227:t475, leader=null, voted=8f18dce1-0a3d-4b65-9c78-af3d58b2da7f, raftlog=8f18dce1-0a3d-4b65-9c78-af3d58b2da7f@group-091950D56227-SegmentedRaftLog:OPENED:c-1,f-1,i0, conf=-1: [8a63e1ae-032e-4bed-9f20-125a11f65413:0.0.0.0:38685, 8f18dce1-0a3d-4b65-9c78-af3d58b2da7f:0.0.0.0:42489, 7b1e61a0-7daf-43dd-99d5-9b325c1d31ae:0.0.0.0:38412], old=null
2019-10-20 17:40:54,648 [8f18dce1-0a3d-4b65-9c78-af3d58b2da7f@group-091950D56227-LeaderElection396] INFO  impl.RaftServerImpl (RaftServerImpl.java:setRole(184)) - 8f18dce1-0a3d-4b65-9c78-af3d58b2da7f@group-091950D56227: changes role from CANDIDATE to FOLLOWER at term 475 for DISCOVERED_A_NEW_TERM
2019-10-20 17:40:54,648 [8f18dce1-0a3d-4b65-9c78-af3d58b2da7f@group-091950D56227-LeaderElection396] INFO  impl.RoleInfo (RoleInfo.java:shutdownLeaderElection(134)) - 8f18dce1-0a3d-4b65-9c78-af3d58b2da7f: shutdown LeaderElection
2019-10-20 17:40:54,648 [8f18dce1-0a3d-4b65-9c78-af3d58b2da7f@group-091950D56227-LeaderElection396] INFO  impl.RoleInfo (RoleInfo.java:updateAndGet(143)) - 8f18dce1-0a3d-4b65-9c78-af3d58b2da7f: start FollowerState
2019-10-20 17:40:54,756 [Thread-2861] INFO  impl.FollowerState (FollowerState.java:run(108)) - 8f18dce1-0a3d-4b65-9c78-af3d58b2da7f@group-091950D56227-FollowerState: change to CANDIDATE, lastRpcTime:108ms, electionTimeout:108ms
2019-10-20 17:40:54,757 [Thread-2861] INFO  impl.RoleInfo (RoleInfo.java:shutdownFollowerState(121)) - 8f18dce1-0a3d-4b65-9c78-af3d58b2da7f: shutdown FollowerState
2019-10-20 17:40:54,757 [Thread-2861] INFO  impl.RaftServerImpl (RaftServerImpl.java:setRole(184)) - 8f18dce1-0a3d-4b65-9c78-af3d58b2da7f@group-091950D56227: changes role from  FOLLOWER to CANDIDATE at term 475 for changeToCandidate
2019-10-20 17:40:54,757 [Thread-2861] INFO  impl.RoleInfo (RoleInfo.java:updateAndGet(143)) - 8f18dce1-0a3d-4b65-9c78-af3d58b2da7f: start LeaderElection
2019-10-20 17:40:54,780 [8f18dce1-0a3d-4b65-9c78-af3d58b2da7f@group-091950D56227-LeaderElection397] INFO  impl.LeaderElection (LeaderElection.java:askForVotes(178)) - 8f18dce1-0a3d-4b65-9c78-af3d58b2da7f@group-091950D56227-LeaderElection397: begin an election at term 476 for -1: [8a63e1ae-032e-4bed-9f20-125a11f65413:0.0.0.0:38685, 8f18dce1-0a3d-4b65-9c78-af3d58b2da7f:0.0.0.0:42489, 7b1e61a0-7daf-43dd-99d5-9b325c1d31ae:0.0.0.0:38412], old=null
2019-10-20 17:40:54,782 [grpc-default-executor-1] INFO  impl.RaftServerImpl (RaftServerImpl.java:setRole(184)) - 8a63e1ae-032e-4bed-9f20-125a11f65413@group-091950D56227: changes role from  FOLLOWER to FOLLOWER at term 476 for recognizeCandidate:8f18dce1-0a3d-4b65-9c78-af3d58b2da7f
2019-10-20 17:40:54,782 [grpc-default-executor-0] INFO  impl.RaftServerImpl (RaftServerImpl.java:setRole(184)) - 7b1e61a0-7daf-43dd-99d5-9b325c1d31ae@group-091950D56227: changes role from  FOLLOWER to FOLLOWER at term 476 for recognizeCandidate:8f18dce1-0a3d-4b65-9c78-af3d58b2da7f
2019-10-20 17:40:54,782 [grpc-default-executor-0] INFO  impl.RoleInfo (RoleInfo.java:shutdownFollowerState(121)) - 7b1e61a0-7daf-43dd-99d5-9b325c1d31ae: shutdown FollowerState
2019-10-20 17:40:54,782 [grpc-default-executor-1] INFO  impl.RoleInfo (RoleInfo.java:shutdownFollowerState(121)) - 8a63e1ae-032e-4bed-9f20-125a11f65413: shutdown FollowerState
2019-10-20 17:40:54,783 [Thread-2859] INFO  impl.FollowerState (FollowerState.java:run(117)) - 7b1e61a0-7daf-43dd-99d5-9b325c1d31ae@group-091950D56227-FollowerState was interrupted: java.lang.InterruptedException: sleep interrupted
2019-10-20 17:40:54,783 [grpc-default-executor-0] INFO  impl.RoleInfo (RoleInfo.java:updateAndGet(143)) - 7b1e61a0-7daf-43dd-99d5-9b325c1d31ae: start FollowerState
2019-10-20 17:40:54,783 [Thread-2860] INFO  impl.FollowerState (FollowerState.java:run(117)) - 8a63e1ae-032e-4bed-9f20-125a11f65413@group-091950D56227-FollowerState was interrupted: java.lang.InterruptedException: sleep interrupted
2019-10-20 17:40:54,783 [grpc-default-executor-1] INFO  impl.RoleInfo (RoleInfo.java:updateAndGet(143)) - 8a63e1ae-032e-4bed-9f20-125a11f65413: start FollowerState
2019-10-20 17:40:54,808 [8f18dce1-0a3d-4b65-9c78-af3d58b2da7f@group-091950D56227-LeaderElection397] INFO  impl.LeaderElection (LeaderElection.java:logAndReturn(56)) - 8f18dce1-0a3d-4b65-9c78-af3d58b2da7f@group-091950D56227-LeaderElection397: Election REJECTED; received 2 response(s) [8f18dce1-0a3d-4b65-9c78-af3d58b2da7f<-8a63e1ae-032e-4bed-9f20-125a11f65413#0:FAIL-t476, 8f18dce1-0a3d-4b65-9c78-af3d58b2da7f<-7b1e61a0-7daf-43dd-99d5-9b325c1d31ae#0:FAIL-t476] and 0 exception(s); 8f18dce1-0a3d-4b65-9c78-af3d58b2da7f@group-091950D56227:t476, leader=null, voted=8f18dce1-0a3d-4b65-9c78-af3d58b2da7f, raftlog=8f18dce1-0a3d-4b65-9c78-af3d58b2da7f@group-091950D56227-SegmentedRaftLog:OPENED:c-1,f-1,i0, conf=-1: [8a63e1ae-032e-4bed-9f20-125a11f65413:0.0.0.0:38685, 8f18dce1-0a3d-4b65-9c78-af3d58b2da7f:0.0.0.0:42489, 7b1e61a0-7daf-43dd-99d5-9b325c1d31ae:0.0.0.0:38412], old=null
2019-10-20 17:40:54,808 [8f18dce1-0a3d-4b65-9c78-af3d58b2da7f@group-091950D56227-LeaderElection397] INFO  impl.RaftServerImpl (RaftServerImpl.java:setRole(184)) - 8f18dce1-0a3d-4b65-9c78-af3d58b2da7f@group-091950D56227: changes role from CANDIDATE to FOLLOWER at term 476 for DISCOVERED_A_NEW_TERM
2019-10-20 17:40:54,808 [8f18dce1-0a3d-4b65-9c78-af3d58b2da7f@group-091950D56227-LeaderElection397] INFO  impl.RoleInfo (RoleInfo.java:shutdownLeaderElection(134)) - 8f18dce1-0a3d-4b65-9c78-af3d58b2da7f: shutdown LeaderElection
2019-10-20 17:40:54,808 [8f18dce1-0a3d-4b65-9c78-af3d58b2da7f@group-091950D56227-LeaderElection397] INFO  impl.RoleInfo (RoleInfo.java:updateAndGet(143)) - 8f18dce1-0a3d-4b65-9c78-af3d58b2da7f: start FollowerState
2019-10-20 17:40:54,867 [Thread-2867] INFO  impl.FollowerState (FollowerState.java:run(108)) - 8f18dce1-0a3d-4b65-9c78-af3d58b2da7f@group-091950D56227-FollowerState: change to CANDIDATE, lastRpcTime:59ms, electionTimeout:59ms
2019-10-20 17:40:54,867 [Thread-2867] INFO  impl.RoleInfo (RoleInfo.java:shutdownFollowerState(121)) - 8f18dce1-0a3d-4b65-9c78-af3d58b2da7f: shutdown FollowerState
2019-10-20 17:40:54,867 [Thread-2867] INFO  impl.RaftServerImpl (RaftServerImpl.java:setRole(184)) - 8f18dce1-0a3d-4b65-9c78-af3d58b2da7f@group-091950D56227: changes role from  FOLLOWER to CANDIDATE at term 476 for changeToCandidate
2019-10-20 17:40:54,868 [Thread-2867] INFO  impl.RoleInfo (RoleInfo.java:updateAndGet(143)) - 8f18dce1-0a3d-4b65-9c78-af3d58b2da7f: start LeaderElection
2019-10-20 17:40:54,891 [8f18dce1-0a3d-4b65-9c78-af3d58b2da7f@group-091950D56227-LeaderElection398] INFO  impl.LeaderElection (LeaderElection.java:askForVotes(178)) - 8f18dce1-0a3d-4b65-9c78-af3d58b2da7f@group-091950D56227-LeaderElection398: begin an election at term 477 for -1: [8a63e1ae-032e-4bed-9f20-125a11f65413:0.0.0.0:38685, 8f18dce1-0a3d-4b65-9c78-af3d58b2da7f:0.0.0.0:42489, 7b1e61a0-7daf-43dd-99d5-9b325c1d31ae:0.0.0.0:38412], old=null
2019-10-20 17:40:54,893 [grpc-default-executor-0] INFO  impl.RaftServerImpl (RaftServerImpl.java:setRole(184)) - 8a63e1ae-032e-4bed-9f20-125a11f65413@group-091950D56227: changes role from  FOLLOWER to FOLLOWER at term 477 for recognizeCandidate:8f18dce1-0a3d-4b65-9c78-af3d58b2da7f
2019-10-20 17:40:54,893 [grpc-default-executor-0] INFO  impl.RoleInfo (RoleInfo.java:shutdownFollowerState(121)) - 8a63e1ae-032e-4bed-9f20-125a11f65413: shutdown FollowerState
2019-10-20 17:40:54,893 [grpc-default-executor-1] INFO  impl.RaftServerImpl (RaftServerImpl.java:setRole(184)) - 7b1e61a0-7daf-43dd-99d5-9b325c1d31ae@group-091950D56227: changes role from  FOLLOWER to FOLLOWER at term 477 for recognizeCandidate:8f18dce1-0a3d-4b65-9c78-af3d58b2da7f
2019-10-20 17:40:54,893 [grpc-default-executor-1] INFO  impl.RoleInfo (RoleInfo.java:shutdownFollowerState(121)) - 7b1e61a0-7daf-43dd-99d5-9b325c1d31ae: shutdown FollowerState
2019-10-20 17:40:54,893 [Thread-2866] INFO  impl.FollowerState (FollowerState.java:run(117)) - 8a63e1ae-032e-4bed-9f20-125a11f65413@group-091950D56227-FollowerState was interrupted: java.lang.InterruptedException: sleep interrupted
2019-10-20 17:40:54,893 [grpc-default-executor-0] INFO  impl.RoleInfo (RoleInfo.java:updateAndGet(143)) - 8a63e1ae-032e-4bed-9f20-125a11f65413: start FollowerState
2019-10-20 17:40:54,894 [Thread-2865] INFO  impl.FollowerState (FollowerState.java:run(117)) - 7b1e61a0-7daf-43dd-99d5-9b325c1d31ae@group-091950D56227-FollowerState was interrupted: java.lang.InterruptedException: sleep interrupted
2019-10-20 17:40:54,893 [grpc-default-executor-1] INFO  impl.RoleInfo (RoleInfo.java:updateAndGet(143)) - 7b1e61a0-7daf-43dd-99d5-9b325c1d31ae: start FollowerState
2019-10-20 17:40:54,910 [8f18dce1-0a3d-4b65-9c78-af3d58b2da7f@group-091950D56227-LeaderElection398] INFO  impl.LeaderElection (LeaderElection.java:logAndReturn(56)) - 8f18dce1-0a3d-4b65-9c78-af3d58b2da7f@group-091950D56227-LeaderElection398: Election REJECTED; received 2 response(s) [8f18dce1-0a3d-4b65-9c78-af3d58b2da7f<-8a63e1ae-032e-4bed-9f20-125a11f65413#0:FAIL-t477, 8f18dce1-0a3d-4b65-9c78-af3d58b2da7f<-7b1e61a0-7daf-43dd-99d5-9b325c1d31ae#0:FAIL-t477] and 0 exception(s); 8f18dce1-0a3d-4b65-9c78-af3d58b2da7f@group-091950D56227:t477, leader=null, voted=8f18dce1-0a3d-4b65-9c78-af3d58b2da7f, raftlog=8f18dce1-0a3d-4b65-9c78-af3d58b2da7f@group-091950D56227-SegmentedRaftLog:OPENED:c-1,f-1,i0, conf=-1: [8a63e1ae-032e-4bed-9f20-125a11f65413:0.0.0.0:38685, 8f18dce1-0a3d-4b65-9c78-af3d58b2da7f:0.0.0.0:42489, 7b1e61a0-7daf-43dd-99d5-9b325c1d31ae:0.0.0.0:38412], old=null
2019-10-20 17:40:54,910 [8f18dce1-0a3d-4b65-9c78-af3d58b2da7f@group-091950D56227-LeaderElection398] INFO  impl.RaftServerImpl (RaftServerImpl.java:setRole(184)) - 8f18dce1-0a3d-4b65-9c78-af3d58b2da7f@group-091950D56227: changes role from CANDIDATE to FOLLOWER at term 477 for DISCOVERED_A_NEW_TERM
2019-10-20 17:40:54,910 [8f18dce1-0a3d-4b65-9c78-af3d58b2da7f@group-091950D56227-LeaderElection398] INFO  impl.RoleInfo (RoleInfo.java:shutdownLeaderElection(134)) - 8f18dce1-0a3d-4b65-9c78-af3d58b2da7f: shutdown LeaderElection
2019-10-20 17:40:54,910 [8f18dce1-0a3d-4b65-9c78-af3d58b2da7f@group-091950D56227-LeaderElection398] INFO  impl.RoleInfo (RoleInfo.java:updateAndGet(143)) - 8f18dce1-0a3d-4b65-9c78-af3d58b2da7f: start FollowerState
2019-10-20 17:40:55,069 [Thread-2873] INFO  impl.FollowerState (FollowerState.java:run(108)) - 8f18dce1-0a3d-4b65-9c78-af3d58b2da7f@group-091950D56227-FollowerState: change to CANDIDATE, lastRpcTime:159ms, electionTimeout:159ms
2019-10-20 17:40:55,070 [Thread-2873] INFO  impl.RoleInfo (RoleInfo.java:shutdownFollowerState(121)) - 8f18dce1-0a3d-4b65-9c78-af3d58b2da7f: shutdown FollowerState
2019-10-20 17:40:55,070 [Thread-2873] INFO  impl.RaftServerImpl (RaftServerImpl.java:setRole(184)) - 8f18dce1-0a3d-4b65-9c78-af3d58b2da7f@group-091950D56227: changes role from  FOLLOWER to CANDIDATE at term 477 for changeToCandidate
2019-10-20 17:40:55,070 [Thread-2873] INFO  impl.RoleInfo (RoleInfo.java:updateAndGet(143)) - 8f18dce1-0a3d-4b65-9c78-af3d58b2da7f: start LeaderElection
2019-10-20 17:40:55,093 [8f18dce1-0a3d-4b65-9c78-af3d58b2da7f@group-091950D56227-LeaderElection399] INFO  impl.LeaderElection (LeaderElection.java:askForVotes(178)) - 8f18dce1-0a3d-4b65-9c78-af3d58b2da7f@group-091950D56227-LeaderElection399: begin an election at term 478 for -1: [8a63e1ae-032e-4bed-9f20-125a11f65413:0.0.0.0:38685, 8f18dce1-0a3d-4b65-9c78-af3d58b2da7f:0.0.0.0:42489, 7b1e61a0-7daf-43dd-99d5-9b325c1d31ae:0.0.0.0:38412], old=null
2019-10-20 17:40:55,095 [grpc-default-executor-0] INFO  impl.RaftServerImpl (RaftServerImpl.java:setRole(184)) - 8a63e1ae-032e-4bed-9f20-125a11f65413@group-091950D56227: changes role from  FOLLOWER to FOLLOWER at term 478 for recognizeCandidate:8f18dce1-0a3d-4b65-9c78-af3d58b2da7f
2019-10-20 17:40:55,095 [grpc-default-executor-1] INFO  impl.RaftServerImpl (RaftServerImpl.java:setRole(184)) - 7b1e61a0-7daf-43dd-99d5-9b325c1d31ae@group-091950D56227: changes role from  FOLLOWER to FOLLOWER at term 478 for recognizeCandidate:8f18dce1-0a3d-4b65-9c78-af3d58b2da7f
2019-10-20 17:40:55,096 [grpc-default-executor-1] INFO  impl.RoleInfo (RoleInfo.java:shutdownFollowerState(121)) - 7b1e61a0-7daf-43dd-99d5-9b325c1d31ae: shutdown FollowerState
2019-10-20 17:40:55,095 [grpc-default-executor-0] INFO  impl.RoleInfo (RoleInfo.java:shutdownFollowerState(121)) - 8a63e1ae-032e-4bed-9f20-125a11f65413: shutdown FollowerState
2019-10-20 17:40:55,096 [Thread-2872] INFO  impl.FollowerState (FollowerState.java:run(117)) - 7b1e61a0-7daf-43dd-99d5-9b325c1d31ae@group-091950D56227-FollowerState was interrupted: java.lang.InterruptedException: sleep interrupted
2019-10-20 17:40:55,096 [Thread-2871] INFO  impl.FollowerState (FollowerState.java:run(117)) - 8a63e1ae-032e-4bed-9f20-125a11f65413@group-091950D56227-FollowerState was interrupted: java.lang.InterruptedException: sleep interrupted
2019-10-20 17:40:55,096 [grpc-default-executor-1] INFO  impl.RoleInfo (RoleInfo.java:updateAndGet(143)) - 7b1e61a0-7daf-43dd-99d5-9b325c1d31ae: start FollowerState
2019-10-20 17:40:55,096 [grpc-default-executor-0] INFO  impl.RoleInfo (RoleInfo.java:updateAndGet(143)) - 8a63e1ae-032e-4bed-9f20-125a11f65413: start FollowerState
2019-10-20 17:40:55,136 [8f18dce1-0a3d-4b65-9c78-af3d58b2da7f@group-091950D56227-LeaderElection399] INFO  impl.LeaderElection (LeaderElection.java:logAndReturn(56)) - 8f18dce1-0a3d-4b65-9c78-af3d58b2da7f@group-091950D56227-LeaderElection399: Election REJECTED; received 2 response(s) [8f18dce1-0a3d-4b65-9c78-af3d58b2da7f<-8a63e1ae-032e-4bed-9f20-125a11f65413#0:FAIL-t478, 8f18dce1-0a3d-4b65-9c78-af3d58b2da7f<-7b1e61a0-7daf-43dd-99d5-9b325c1d31ae#0:FAIL-t478] and 0 exception(s); 8f18dce1-0a3d-4b65-9c78-af3d58b2da7f@group-091950D56227:t478, leader=null, voted=8f18dce1-0a3d-4b65-9c78-af3d58b2da7f, raftlog=8f18dce1-0a3d-4b65-9c78-af3d58b2da7f@group-091950D56227-SegmentedRaftLog:OPENED:c-1,f-1,i0, conf=-1: [8a63e1ae-032e-4bed-9f20-125a11f65413:0.0.0.0:38685, 8f18dce1-0a3d-4b65-9c78-af3d58b2da7f:0.0.0.0:42489, 7b1e61a0-7daf-43dd-99d5-9b325c1d31ae:0.0.0.0:38412], old=null
2019-10-20 17:40:55,136 [8f18dce1-0a3d-4b65-9c78-af3d58b2da7f@group-091950D56227-LeaderElection399] INFO  impl.RaftServerImpl (RaftServerImpl.java:setRole(184)) - 8f18dce1-0a3d-4b65-9c78-af3d58b2da7f@group-091950D56227: changes role from CANDIDATE to FOLLOWER at term 478 for DISCOVERED_A_NEW_TERM
2019-10-20 17:40:55,137 [8f18dce1-0a3d-4b65-9c78-af3d58b2da7f@group-091950D56227-LeaderElection399] INFO  impl.RoleInfo (RoleInfo.java:shutdownLeaderElection(134)) - 8f18dce1-0a3d-4b65-9c78-af3d58b2da7f: shutdown LeaderElection
2019-10-20 17:40:55,137 [8f18dce1-0a3d-4b65-9c78-af3d58b2da7f@group-091950D56227-LeaderElection399] INFO  impl.RoleInfo (RoleInfo.java:updateAndGet(143)) - 8f18dce1-0a3d-4b65-9c78-af3d58b2da7f: start FollowerState
2019-10-20 17:40:55,241 [Thread-2879] INFO  impl.FollowerState (FollowerState.java:run(108)) - 8f18dce1-0a3d-4b65-9c78-af3d58b2da7f@group-091950D56227-FollowerState: change to CANDIDATE, lastRpcTime:104ms, electionTimeout:104ms
2019-10-20 17:40:55,241 [Thread-2879] INFO  impl.RoleInfo (RoleInfo.java:shutdownFollowerState(121)) - 8f18dce1-0a3d-4b65-9c78-af3d58b2da7f: shutdown FollowerState
2019-10-20 17:40:55,241 [Thread-2879] INFO  impl.RaftServerImpl (RaftServerImpl.java:setRole(184)) - 8f18dce1-0a3d-4b65-9c78-af3d58b2da7f@group-091950D56227: changes role from  FOLLOWER to CANDIDATE at term 478 for changeToCandidate
2019-10-20 17:40:55,241 [Thread-2879] INFO  impl.RoleInfo (RoleInfo.java:updateAndGet(143)) - 8f18dce1-0a3d-4b65-9c78-af3d58b2da7f: start LeaderElection
2019-10-20 17:40:55,266 [8f18dce1-0a3d-4b65-9c78-af3d58b2da7f@group-091950D56227-LeaderElection400] INFO  impl.LeaderElection (LeaderElection.java:askForVotes(178)) - 8f18dce1-0a3d-4b65-9c78-af3d58b2da7f@group-091950D56227-LeaderElection400: begin an election at term 479 for -1: [8a63e1ae-032e-4bed-9f20-125a11f65413:0.0.0.0:38685, 8f18dce1-0a3d-4b65-9c78-af3d58b2da7f:0.0.0.0:42489, 7b1e61a0-7daf-43dd-99d5-9b325c1d31ae:0.0.0.0:38412], old=null
2019-10-20 17:40:55,267 [grpc-default-executor-0] INFO  impl.RaftServerImpl (RaftServerImpl.java:setRole(184)) - 8a63e1ae-032e-4bed-9f20-125a11f65413@group-091950D56227: changes role from  FOLLOWER to FOLLOWER at term 479 for recognizeCandidate:8f18dce1-0a3d-4b65-9c78-af3d58b2da7f
2019-10-20 17:40:55,267 [grpc-default-executor-0] INFO  impl.RoleInfo (RoleInfo.java:shutdownFollowerState(121)) - 8a63e1ae-032e-4bed-9f20-125a11f65413: shutdown FollowerState
2019-10-20 17:40:55,268 [grpc-default-executor-0] INFO  impl.RoleInfo (RoleInfo.java:updateAndGet(143)) - 8a63e1ae-032e-4bed-9f20-125a11f65413: start FollowerState
2019-10-20 17:40:55,268 [Thread-2878] INFO  impl.FollowerState (FollowerState.java:run(117)) - 8a63e1ae-032e-4bed-9f20-125a11f65413@group-091950D56227-FollowerState was interrupted: java.lang.InterruptedException: sleep interrupted
2019-10-20 17:40:55,268 [grpc-default-executor-1] INFO  impl.RaftServerImpl (RaftServerImpl.java:setRole(184)) - 7b1e61a0-7daf-43dd-99d5-9b325c1d31ae@group-091950D56227: changes role from  FOLLOWER to FOLLOWER at term 479 for recognizeCandidate:8f18dce1-0a3d-4b65-9c78-af3d58b2da7f
2019-10-20 17:40:55,268 [grpc-default-executor-1] INFO  impl.RoleInfo (RoleInfo.java:shutdownFollowerState(121)) - 7b1e61a0-7daf-43dd-99d5-9b325c1d31ae: shutdown FollowerState
2019-10-20 17:40:55,268 [grpc-default-executor-1] INFO  impl.RoleInfo (RoleInfo.java:updateAndGet(143)) - 7b1e61a0-7daf-43dd-99d5-9b325c1d31ae: start FollowerState
2019-10-20 17:40:55,268 [Thread-2877] INFO  impl.FollowerState (FollowerState.java:run(117)) - 7b1e61a0-7daf-43dd-99d5-9b325c1d31ae@group-091950D56227-FollowerState was interrupted: java.lang.InterruptedException: sleep interrupted
2019-10-20 17:40:55,311 [8f18dce1-0a3d-4b65-9c78-af3d58b2da7f@group-091950D56227-LeaderElection400] INFO  impl.LeaderElection (LeaderElection.java:logAndReturn(56)) - 8f18dce1-0a3d-4b65-9c78-af3d58b2da7f@group-091950D56227-LeaderElection400: Election REJECTED; received 2 response(s) [8f18dce1-0a3d-4b65-9c78-af3d58b2da7f<-8a63e1ae-032e-4bed-9f20-125a11f65413#0:FAIL-t479, 8f18dce1-0a3d-4b65-9c78-af3d58b2da7f<-7b1e61a0-7daf-43dd-99d5-9b325c1d31ae#0:FAIL-t479] and 0 exception(s); 8f18dce1-0a3d-4b65-9c78-af3d58b2da7f@group-091950D56227:t479, leader=null, voted=8f18dce1-0a3d-4b65-9c78-af3d58b2da7f, raftlog=8f18dce1-0a3d-4b65-9c78-af3d58b2da7f@group-091950D56227-SegmentedRaftLog:OPENED:c-1,f-1,i0, conf=-1: [8a63e1ae-032e-4bed-9f20-125a11f65413:0.0.0.0:38685, 8f18dce1-0a3d-4b65-9c78-af3d58b2da7f:0.0.0.0:42489, 7b1e61a0-7daf-43dd-99d5-9b325c1d31ae:0.0.0.0:38412], old=null
2019-10-20 17:40:55,312 [8f18dce1-0a3d-4b65-9c78-af3d58b2da7f@group-091950D56227-LeaderElection400] INFO  impl.RaftServerImpl (RaftServerImpl.java:setRole(184)) - 8f18dce1-0a3d-4b65-9c78-af3d58b2da7f@group-091950D56227: changes role from CANDIDATE to FOLLOWER at term 479 for DISCOVERED_A_NEW_TERM
2019-10-20 17:40:55,314 [8f18dce1-0a3d-4b65-9c78-af3d58b2da7f@group-091950D56227-LeaderElection400] INFO  impl.RoleInfo (RoleInfo.java:shutdownLeaderElection(134)) - 8f18dce1-0a3d-4b65-9c78-af3d58b2da7f: shutdown LeaderElection
2019-10-20 17:40:55,314 [8f18dce1-0a3d-4b65-9c78-af3d58b2da7f@group-091950D56227-LeaderElection400] INFO  impl.RoleInfo (RoleInfo.java:updateAndGet(143)) - 8f18dce1-0a3d-4b65-9c78-af3d58b2da7f: start FollowerState
2019-10-20 17:40:55,416 [Thread-2885] INFO  impl.FollowerState (FollowerState.java:run(108)) - 8f18dce1-0a3d-4b65-9c78-af3d58b2da7f@group-091950D56227-FollowerState: change to CANDIDATE, lastRpcTime:101ms, electionTimeout:101ms
2019-10-20 17:40:55,416 [Thread-2885] INFO  impl.RoleInfo (RoleInfo.java:shutdownFollowerState(121)) - 8f18dce1-0a3d-4b65-9c78-af3d58b2da7f: shutdown FollowerState
2019-10-20 17:40:55,416 [Thread-2885] INFO  impl.RaftServerImpl (RaftServerImpl.java:setRole(184)) - 8f18dce1-0a3d-4b65-9c78-af3d58b2da7f@group-091950D56227: changes role from  FOLLOWER to CANDIDATE at term 479 for changeToCandidate
2019-10-20 17:40:55,416 [Thread-2885] INFO  impl.RoleInfo (RoleInfo.java:updateAndGet(143)) - 8f18dce1-0a3d-4b65-9c78-af3d58b2da7f: start LeaderElection
2019-10-20 17:40:55,453 [8f18dce1-0a3d-4b65-9c78-af3d58b2da7f@group-091950D56227-LeaderElection401] INFO  impl.LeaderElection (LeaderElection.java:askForVotes(178)) - 8f18dce1-0a3d-4b65-9c78-af3d58b2da7f@group-091950D56227-LeaderElection401: begin an election at term 480 for -1: [8a63e1ae-032e-4bed-9f20-125a11f65413:0.0.0.0:38685, 8f18dce1-0a3d-4b65-9c78-af3d58b2da7f:0.0.0.0:42489, 7b1e61a0-7daf-43dd-99d5-9b325c1d31ae:0.0.0.0:38412], old=null
2019-10-20 17:40:55,455 [grpc-default-executor-1] INFO  impl.RaftServerImpl (RaftServerImpl.java:setRole(184)) - 8a63e1ae-032e-4bed-9f20-125a11f65413@group-091950D56227: changes role from  FOLLOWER to FOLLOWER at term 480 for recognizeCandidate:8f18dce1-0a3d-4b65-9c78-af3d58b2da7f
2019-10-20 17:40:55,456 [grpc-default-executor-1] INFO  impl.RoleInfo (RoleInfo.java:shutdownFollowerState(121)) - 8a63e1ae-032e-4bed-9f20-125a11f65413: shutdown FollowerState
2019-10-20 17:40:55,455 [grpc-default-executor-0] INFO  impl.RaftServerImpl (RaftServerImpl.java:setRole(184)) - 7b1e61a0-7daf-43dd-99d5-9b325c1d31ae@group-091950D56227: changes role from  FOLLOWER to FOLLOWER at term 480 for recognizeCandidate:8f18dce1-0a3d-4b65-9c78-af3d58b2da7f
2019-10-20 17:40:55,456 [Thread-2883] INFO  impl.FollowerState (FollowerState.java:run(117)) - 8a63e1ae-032e-4bed-9f20-125a11f65413@group-091950D56227-FollowerState was interrupted: java.lang.InterruptedException: sleep interrupted
2019-10-20 17:40:55,456 [grpc-default-executor-1] INFO  impl.RoleInfo (RoleInfo.java:updateAndGet(143)) - 8a63e1ae-032e-4bed-9f20-125a11f65413: start FollowerState
2019-10-20 17:40:55,456 [grpc-default-executor-0] INFO  impl.RoleInfo (RoleInfo.java:shutdownFollowerState(121)) - 7b1e61a0-7daf-43dd-99d5-9b325c1d31ae: shutdown FollowerState
2019-10-20 17:40:55,456 [grpc-default-executor-0] INFO  impl.RoleInfo (RoleInfo.java:updateAndGet(143)) - 7b1e61a0-7daf-43dd-99d5-9b325c1d31ae: start FollowerState
2019-10-20 17:40:55,457 [Thread-2884] INFO  impl.FollowerState (FollowerState.java:run(117)) - 7b1e61a0-7daf-43dd-99d5-9b325c1d31ae@group-091950D56227-FollowerState was interrupted: java.lang.InterruptedException: sleep interrupted
2019-10-20 17:40:55,479 [8f18dce1-0a3d-4b65-9c78-af3d58b2da7f@group-091950D56227-LeaderElection401] INFO  impl.LeaderElection (LeaderElection.java:logAndReturn(56)) - 8f18dce1-0a3d-4b65-9c78-af3d58b2da7f@group-091950D56227-LeaderElection401: Election REJECTED; received 2 response(s) [8f18dce1-0a3d-4b65-9c78-af3d58b2da7f<-8a63e1ae-032e-4bed-9f20-125a11f65413#0:FAIL-t480, 8f18dce1-0a3d-4b65-9c78-af3d58b2da7f<-7b1e61a0-7daf-43dd-99d5-9b325c1d31ae#0:FAIL-t480] and 0 exception(s); 8f18dce1-0a3d-4b65-9c78-af3d58b2da7f@group-091950D56227:t480, leader=null, voted=8f18dce1-0a3d-4b65-9c78-af3d58b2da7f, raftlog=8f18dce1-0a3d-4b65-9c78-af3d58b2da7f@group-091950D56227-SegmentedRaftLog:OPENED:c-1,f-1,i0, conf=-1: [8a63e1ae-032e-4bed-9f20-125a11f65413:0.0.0.0:38685, 8f18dce1-0a3d-4b65-9c78-af3d58b2da7f:0.0.0.0:42489, 7b1e61a0-7daf-43dd-99d5-9b325c1d31ae:0.0.0.0:38412], old=null
2019-10-20 17:40:55,480 [8f18dce1-0a3d-4b65-9c78-af3d58b2da7f@group-091950D56227-LeaderElection401] INFO  impl.RaftServerImpl (RaftServerImpl.java:setRole(184)) - 8f18dce1-0a3d-4b65-9c78-af3d58b2da7f@group-091950D56227: changes role from CANDIDATE to FOLLOWER at term 480 for DISCOVERED_A_NEW_TERM
2019-10-20 17:40:55,480 [8f18dce1-0a3d-4b65-9c78-af3d58b2da7f@group-091950D56227-LeaderElection401] INFO  impl.RoleInfo (RoleInfo.java:shutdownLeaderElection(134)) - 8f18dce1-0a3d-4b65-9c78-af3d58b2da7f: shutdown LeaderElection
2019-10-20 17:40:55,480 [8f18dce1-0a3d-4b65-9c78-af3d58b2da7f@group-091950D56227-LeaderElection401] INFO  impl.RoleInfo (RoleInfo.java:updateAndGet(143)) - 8f18dce1-0a3d-4b65-9c78-af3d58b2da7f: start FollowerState
2019-10-20 17:40:55,554 [Thread-2893] INFO  impl.FollowerState (FollowerState.java:run(108)) - 8f18dce1-0a3d-4b65-9c78-af3d58b2da7f@group-091950D56227-FollowerState: change to CANDIDATE, lastRpcTime:74ms, electionTimeout:74ms
2019-10-20 17:40:55,554 [Thread-2893] INFO  impl.RoleInfo (RoleInfo.java:shutdownFollowerState(121)) - 8f18dce1-0a3d-4b65-9c78-af3d58b2da7f: shutdown FollowerState
2019-10-20 17:40:55,554 [Thread-2893] INFO  impl.RaftServerImpl (RaftServerImpl.java:setRole(184)) - 8f18dce1-0a3d-4b65-9c78-af3d58b2da7f@group-091950D56227: changes role from  FOLLOWER to CANDIDATE at term 480 for changeToCandidate
2019-10-20 17:40:55,554 [Thread-2893] INFO  impl.RoleInfo (RoleInfo.java:updateAndGet(143)) - 8f18dce1-0a3d-4b65-9c78-af3d58b2da7f: start LeaderElection
2019-10-20 17:40:55,579 [8f18dce1-0a3d-4b65-9c78-af3d58b2da7f@group-091950D56227-LeaderElection402] INFO  impl.LeaderElection (LeaderElection.java:askForVotes(178)) - 8f18dce1-0a3d-4b65-9c78-af3d58b2da7f@group-091950D56227-LeaderElection402: begin an election at term 481 for -1: [8a63e1ae-032e-4bed-9f20-125a11f65413:0.0.0.0:38685, 8f18dce1-0a3d-4b65-9c78-af3d58b2da7f:0.0.0.0:42489, 7b1e61a0-7daf-43dd-99d5-9b325c1d31ae:0.0.0.0:38412], old=null
2019-10-20 17:40:55,581 [grpc-default-executor-0] INFO  impl.RaftServerImpl (RaftServerImpl.java:setRole(184)) - 8a63e1ae-032e-4bed-9f20-125a11f65413@group-091950D56227: changes role from  FOLLOWER to FOLLOWER at term 481 for recognizeCandidate:8f18dce1-0a3d-4b65-9c78-af3d58b2da7f
2019-10-20 17:40:55,581 [grpc-default-executor-0] INFO  impl.RoleInfo (RoleInfo.java:shutdownFollowerState(121)) - 8a63e1ae-032e-4bed-9f20-125a11f65413: shutdown FollowerState
2019-10-20 17:40:55,581 [grpc-default-executor-0] INFO  impl.RoleInfo (RoleInfo.java:updateAndGet(143)) - 8a63e1ae-032e-4bed-9f20-125a11f65413: start FollowerState
2019-10-20 17:40:55,581 [Thread-2891] INFO  impl.FollowerState (FollowerState.java:run(117)) - 8a63e1ae-032e-4bed-9f20-125a11f65413@group-091950D56227-FollowerState was interrupted: java.lang.InterruptedException: sleep interrupted
2019-10-20 17:40:55,581 [grpc-default-executor-1] INFO  impl.RaftServerImpl (RaftServerImpl.java:setRole(184)) - 7b1e61a0-7daf-43dd-99d5-9b325c1d31ae@group-091950D56227: changes role from  FOLLOWER to FOLLOWER at term 481 for recognizeCandidate:8f18dce1-0a3d-4b65-9c78-af3d58b2da7f
2019-10-20 17:40:55,581 [grpc-default-executor-1] INFO  impl.RoleInfo (RoleInfo.java:shutdownFollowerState(121)) - 7b1e61a0-7daf-43dd-99d5-9b325c1d31ae: shutdown FollowerState
2019-10-20 17:40:55,582 [grpc-default-executor-1] INFO  impl.RoleInfo (RoleInfo.java:updateAndGet(143)) - 7b1e61a0-7daf-43dd-99d5-9b325c1d31ae: start FollowerState
2019-10-20 17:40:55,582 [Thread-2892] INFO  impl.FollowerState (FollowerState.java:run(117)) - 7b1e61a0-7daf-43dd-99d5-9b325c1d31ae@group-091950D56227-FollowerState was interrupted: java.lang.InterruptedException: sleep interrupted
2019-10-20 17:40:55,608 [8f18dce1-0a3d-4b65-9c78-af3d58b2da7f@group-091950D56227-LeaderElection402] INFO  impl.LeaderElection (LeaderElection.java:logAndReturn(56)) - 8f18dce1-0a3d-4b65-9c78-af3d58b2da7f@group-091950D56227-LeaderElection402: Election REJECTED; received 2 response(s) [8f18dce1-0a3d-4b65-9c78-af3d58b2da7f<-8a63e1ae-032e-4bed-9f20-125a11f65413#0:FAIL-t481, 8f18dce1-0a3d-4b65-9c78-af3d58b2da7f<-7b1e61a0-7daf-43dd-99d5-9b325c1d31ae#0:FAIL-t481] and 0 exception(s); 8f18dce1-0a3d-4b65-9c78-af3d58b2da7f@group-091950D56227:t481, leader=null, voted=8f18dce1-0a3d-4b65-9c78-af3d58b2da7f, raftlog=8f18dce1-0a3d-4b65-9c78-af3d58b2da7f@group-091950D56227-SegmentedRaftLog:OPENED:c-1,f-1,i0, conf=-1: [8a63e1ae-032e-4bed-9f20-125a11f65413:0.0.0.0:38685, 8f18dce1-0a3d-4b65-9c78-af3d58b2da7f:0.0.0.0:42489, 7b1e61a0-7daf-43dd-99d5-9b325c1d31ae:0.0.0.0:38412], old=null
2019-10-20 17:40:55,608 [8f18dce1-0a3d-4b65-9c78-af3d58b2da7f@group-091950D56227-LeaderElection402] INFO  impl.RaftServerImpl (RaftServerImpl.java:setRole(184)) - 8f18dce1-0a3d-4b65-9c78-af3d58b2da7f@group-091950D56227: changes role from CANDIDATE to FOLLOWER at term 481 for DISCOVERED_A_NEW_TERM
2019-10-20 17:40:55,609 [8f18dce1-0a3d-4b65-9c78-af3d58b2da7f@group-091950D56227-LeaderElection402] INFO  impl.RoleInfo (RoleInfo.java:shutdownLeaderElection(134)) - 8f18dce1-0a3d-4b65-9c78-af3d58b2da7f: shutdown LeaderElection
2019-10-20 17:40:55,609 [8f18dce1-0a3d-4b65-9c78-af3d58b2da7f@group-091950D56227-LeaderElection402] INFO  impl.RoleInfo (RoleInfo.java:updateAndGet(143)) - 8f18dce1-0a3d-4b65-9c78-af3d58b2da7f: start FollowerState
2019-10-20 17:40:55,679 [Thread-2899] INFO  impl.FollowerState (FollowerState.java:run(108)) - 8f18dce1-0a3d-4b65-9c78-af3d58b2da7f@group-091950D56227-FollowerState: change to CANDIDATE, lastRpcTime:70ms, electionTimeout:70ms
2019-10-20 17:40:55,679 [Thread-2899] INFO  impl.RoleInfo (RoleInfo.java:shutdownFollowerState(121)) - 8f18dce1-0a3d-4b65-9c78-af3d58b2da7f: shutdown FollowerState
2019-10-20 17:40:55,679 [Thread-2899] INFO  impl.RaftServerImpl (RaftServerImpl.java:setRole(184)) - 8f18dce1-0a3d-4b65-9c78-af3d58b2da7f@group-091950D56227: changes role from  FOLLOWER to CANDIDATE at term 481 for changeToCandidate
2019-10-20 17:40:55,679 [Thread-2899] INFO  impl.RoleInfo (RoleInfo.java:updateAndGet(143)) - 8f18dce1-0a3d-4b65-9c78-af3d58b2da7f: start LeaderElection
2019-10-20 17:40:55,708 [8f18dce1-0a3d-4b65-9c78-af3d58b2da7f@group-091950D56227-LeaderElection403] INFO  impl.LeaderElection (LeaderElection.java:askForVotes(178)) - 8f18dce1-0a3d-4b65-9c78-af3d58b2da7f@group-091950D56227-LeaderElection403: begin an election at term 482 for -1: [8a63e1ae-032e-4bed-9f20-125a11f65413:0.0.0.0:38685, 8f18dce1-0a3d-4b65-9c78-af3d58b2da7f:0.0.0.0:42489, 7b1e61a0-7daf-43dd-99d5-9b325c1d31ae:0.0.0.0:38412], old=null
2019-10-20 17:40:55,710 [grpc-default-executor-0] INFO  impl.RaftServerImpl (RaftServerImpl.java:setRole(184)) - 8a63e1ae-032e-4bed-9f20-125a11f65413@group-091950D56227: changes role from  FOLLOWER to FOLLOWER at term 482 for recognizeCandidate:8f18dce1-0a3d-4b65-9c78-af3d58b2da7f
2019-10-20 17:40:55,710 [grpc-default-executor-0] INFO  impl.RoleInfo (RoleInfo.java:shutdownFollowerState(121)) - 8a63e1ae-032e-4bed-9f20-125a11f65413: shutdown FollowerState
2019-10-20 17:40:55,710 [grpc-default-executor-1] INFO  impl.RaftServerImpl (RaftServerImpl.java:setRole(184)) - 7b1e61a0-7daf-43dd-99d5-9b325c1d31ae@group-091950D56227: changes role from  FOLLOWER to FOLLOWER at term 482 for recognizeCandidate:8f18dce1-0a3d-4b65-9c78-af3d58b2da7f
2019-10-20 17:40:55,710 [Thread-2897] INFO  impl.FollowerState (FollowerState.java:run(117)) - 8a63e1ae-032e-4bed-9f20-125a11f65413@group-091950D56227-FollowerState was interrupted: java.lang.InterruptedException: sleep interrupted
2019-10-20 17:40:55,710 [grpc-default-executor-0] INFO  impl.RoleInfo (RoleInfo.java:updateAndGet(143)) - 8a63e1ae-032e-4bed-9f20-125a11f65413: start FollowerState
2019-10-20 17:40:55,710 [grpc-default-executor-1] INFO  impl.RoleInfo (RoleInfo.java:shutdownFollowerState(121)) - 7b1e61a0-7daf-43dd-99d5-9b325c1d31ae: shutdown FollowerState
2019-10-20 17:40:55,711 [grpc-default-executor-1] INFO  impl.RoleInfo (RoleInfo.java:updateAndGet(143)) - 7b1e61a0-7daf-43dd-99d5-9b325c1d31ae: start FollowerState
2019-10-20 17:40:55,711 [Thread-2898] INFO  impl.FollowerState (FollowerState.java:run(117)) - 7b1e61a0-7daf-43dd-99d5-9b325c1d31ae@group-091950D56227-FollowerState was interrupted: java.lang.InterruptedException: sleep interrupted
2019-10-20 17:40:55,743 [8f18dce1-0a3d-4b65-9c78-af3d58b2da7f@group-091950D56227-LeaderElection403] INFO  impl.LeaderElection (LeaderElection.java:logAndReturn(56)) - 8f18dce1-0a3d-4b65-9c78-af3d58b2da7f@group-091950D56227-LeaderElection403: Election REJECTED; received 2 response(s) [8f18dce1-0a3d-4b65-9c78-af3d58b2da7f<-8a63e1ae-032e-4bed-9f20-125a11f65413#0:FAIL-t482, 8f18dce1-0a3d-4b65-9c78-af3d58b2da7f<-7b1e61a0-7daf-43dd-99d5-9b325c1d31ae#0:FAIL-t482] and 0 exception(s); 8f18dce1-0a3d-4b65-9c78-af3d58b2da7f@group-091950D56227:t482, leader=null, voted=8f18dce1-0a3d-4b65-9c78-af3d58b2da7f, raftlog=8f18dce1-0a3d-4b65-9c78-af3d58b2da7f@group-091950D56227-SegmentedRaftLog:OPENED:c-1,f-1,i0, conf=-1: [8a63e1ae-032e-4bed-9f20-125a11f65413:0.0.0.0:38685, 8f18dce1-0a3d-4b65-9c78-af3d58b2da7f:0.0.0.0:42489, 7b1e61a0-7daf-43dd-99d5-9b325c1d31ae:0.0.0.0:38412], old=null
2019-10-20 17:40:55,743 [8f18dce1-0a3d-4b65-9c78-af3d58b2da7f@group-091950D56227-LeaderElection403] INFO  impl.RaftServerImpl (RaftServerImpl.java:setRole(184)) - 8f18dce1-0a3d-4b65-9c78-af3d58b2da7f@group-091950D56227: changes role from CANDIDATE to FOLLOWER at term 482 for DISCOVERED_A_NEW_TERM
2019-10-20 17:40:55,743 [8f18dce1-0a3d-4b65-9c78-af3d58b2da7f@group-091950D56227-LeaderElection403] INFO  impl.RoleInfo (RoleInfo.java:shutdownLeaderElection(134)) - 8f18dce1-0a3d-4b65-9c78-af3d58b2da7f: shutdown LeaderElection
2019-10-20 17:40:55,743 [8f18dce1-0a3d-4b65-9c78-af3d58b2da7f@group-091950D56227-LeaderElection403] INFO  impl.RoleInfo (RoleInfo.java:updateAndGet(143)) - 8f18dce1-0a3d-4b65-9c78-af3d58b2da7f: start FollowerState
2019-10-20 17:40:55,878 [Thread-2905] INFO  impl.FollowerState (FollowerState.java:run(108)) - 8f18dce1-0a3d-4b65-9c78-af3d58b2da7f@group-091950D56227-FollowerState: change to CANDIDATE, lastRpcTime:134ms, electionTimeout:134ms
2019-10-20 17:40:55,878 [Thread-2905] INFO  impl.RoleInfo (RoleInfo.java:shutdownFollowerState(121)) - 8f18dce1-0a3d-4b65-9c78-af3d58b2da7f: shutdown FollowerState
2019-10-20 17:40:55,878 [Thread-2905] INFO  impl.RaftServerImpl (RaftServerImpl.java:setRole(184)) - 8f18dce1-0a3d-4b65-9c78-af3d58b2da7f@group-091950D56227: changes role from  FOLLOWER to CANDIDATE at term 482 for changeToCandidate
2019-10-20 17:40:55,878 [Thread-2905] INFO  impl.RoleInfo (RoleInfo.java:updateAndGet(143)) - 8f18dce1-0a3d-4b65-9c78-af3d58b2da7f: start LeaderElection
2019-10-20 17:40:55,909 [8f18dce1-0a3d-4b65-9c78-af3d58b2da7f@group-091950D56227-LeaderElection404] INFO  impl.LeaderElection (LeaderElection.java:askForVotes(178)) - 8f18dce1-0a3d-4b65-9c78-af3d58b2da7f@group-091950D56227-LeaderElection404: begin an election at term 483 for -1: [8a63e1ae-032e-4bed-9f20-125a11f65413:0.0.0.0:38685, 8f18dce1-0a3d-4b65-9c78-af3d58b2da7f:0.0.0.0:42489, 7b1e61a0-7daf-43dd-99d5-9b325c1d31ae:0.0.0.0:38412], old=null
2019-10-20 17:40:55,911 [grpc-default-executor-1] INFO  impl.RaftServerImpl (RaftServerImpl.java:setRole(184)) - 7b1e61a0-7daf-43dd-99d5-9b325c1d31ae@group-091950D56227: changes role from  FOLLOWER to FOLLOWER at term 483 for recognizeCandidate:8f18dce1-0a3d-4b65-9c78-af3d58b2da7f
2019-10-20 17:40:55,911 [grpc-default-executor-1] INFO  impl.RoleInfo (RoleInfo.java:shutdownFollowerState(121)) - 7b1e61a0-7daf-43dd-99d5-9b325c1d31ae: shutdown FollowerState
2019-10-20 17:40:55,911 [grpc-default-executor-0] INFO  impl.RaftServerImpl (RaftServerImpl.java:setRole(184)) - 8a63e1ae-032e-4bed-9f20-125a11f65413@group-091950D56227: changes role from  FOLLOWER to FOLLOWER at term 483 for recognizeCandidate:8f18dce1-0a3d-4b65-9c78-af3d58b2da7f
2019-10-20 17:40:55,911 [grpc-default-executor-0] INFO  impl.RoleInfo (RoleInfo.java:shutdownFollowerState(121)) - 8a63e1ae-032e-4bed-9f20-125a11f65413: shutdown FollowerState
2019-10-20 17:40:55,911 [Thread-2904] INFO  impl.FollowerState (FollowerState.java:run(117)) - 7b1e61a0-7daf-43dd-99d5-9b325c1d31ae@group-091950D56227-FollowerState was interrupted: java.lang.InterruptedException: sleep interrupted
2019-10-20 17:40:55,911 [grpc-default-executor-1] INFO  impl.RoleInfo (RoleInfo.java:updateAndGet(143)) - 7b1e61a0-7daf-43dd-99d5-9b325c1d31ae: start FollowerState
2019-10-20 17:40:55,912 [Thread-2903] INFO  impl.FollowerState (FollowerState.java:run(117)) - 8a63e1ae-032e-4bed-9f20-125a11f65413@group-091950D56227-FollowerState was interrupted: java.lang.InterruptedException: sleep interrupted
2019-10-20 17:40:55,912 [grpc-default-executor-0] INFO  impl.RoleInfo (RoleInfo.java:updateAndGet(143)) - 8a63e1ae-032e-4bed-9f20-125a11f65413: start FollowerState
2019-10-20 17:40:55,935 [8f18dce1-0a3d-4b65-9c78-af3d58b2da7f@group-091950D56227-LeaderElection404] INFO  impl.LeaderElection (LeaderElection.java:logAndReturn(56)) - 8f18dce1-0a3d-4b65-9c78-af3d58b2da7f@group-091950D56227-LeaderElection404: Election REJECTED; received 2 response(s) [8f18dce1-0a3d-4b65-9c78-af3d58b2da7f<-8a63e1ae-032e-4bed-9f20-125a11f65413#0:FAIL-t483, 8f18dce1-0a3d-4b65-9c78-af3d58b2da7f<-7b1e61a0-7daf-43dd-99d5-9b325c1d31ae#0:FAIL-t483] and 0 exception(s); 8f18dce1-0a3d-4b65-9c78-af3d58b2da7f@group-091950D56227:t483, leader=null, voted=8f18dce1-0a3d-4b65-9c78-af3d58b2da7f, raftlog=8f18dce1-0a3d-4b65-9c78-af3d58b2da7f@group-091950D56227-SegmentedRaftLog:OPENED:c-1,f-1,i0, conf=-1: [8a63e1ae-032e-4bed-9f20-125a11f65413:0.0.0.0:38685, 8f18dce1-0a3d-4b65-9c78-af3d58b2da7f:0.0.0.0:42489, 7b1e61a0-7daf-43dd-99d5-9b325c1d31ae:0.0.0.0:38412], old=null
2019-10-20 17:40:55,936 [8f18dce1-0a3d-4b65-9c78-af3d58b2da7f@group-091950D56227-LeaderElection404] INFO  impl.RaftServerImpl (RaftServerImpl.java:setRole(184)) - 8f18dce1-0a3d-4b65-9c78-af3d58b2da7f@group-091950D56227: changes role from CANDIDATE to FOLLOWER at term 483 for DISCOVERED_A_NEW_TERM
2019-10-20 17:40:55,936 [8f18dce1-0a3d-4b65-9c78-af3d58b2da7f@group-091950D56227-LeaderElection404] INFO  impl.RoleInfo (RoleInfo.java:shutdownLeaderElection(134)) - 8f18dce1-0a3d-4b65-9c78-af3d58b2da7f: shutdown LeaderElection
2019-10-20 17:40:55,936 [8f18dce1-0a3d-4b65-9c78-af3d58b2da7f@group-091950D56227-LeaderElection404] INFO  impl.RoleInfo (RoleInfo.java:updateAndGet(143)) - 8f18dce1-0a3d-4b65-9c78-af3d58b2da7f: start FollowerState
2019-10-20 17:40:55,954 [Thread-2911] INFO  impl.FollowerState (FollowerState.java:run(108)) - 8f18dce1-0a3d-4b65-9c78-af3d58b2da7f@group-091950D56227-FollowerState: change to CANDIDATE, lastRpcTime:18ms, electionTimeout:18ms
2019-10-20 17:40:55,955 [Thread-2911] INFO  impl.RoleInfo (RoleInfo.java:shutdownFollowerState(121)) - 8f18dce1-0a3d-4b65-9c78-af3d58b2da7f: shutdown FollowerState
2019-10-20 17:40:55,955 [Thread-2911] INFO  impl.RaftServerImpl (RaftServerImpl.java:setRole(184)) - 8f18dce1-0a3d-4b65-9c78-af3d58b2da7f@group-091950D56227: changes role from  FOLLOWER to CANDIDATE at term 483 for changeToCandidate
2019-10-20 17:40:55,955 [Thread-2911] INFO  impl.RoleInfo (RoleInfo.java:updateAndGet(143)) - 8f18dce1-0a3d-4b65-9c78-af3d58b2da7f: start LeaderElection
2019-10-20 17:40:55,985 [8f18dce1-0a3d-4b65-9c78-af3d58b2da7f@group-091950D56227-LeaderElection405] INFO  impl.LeaderElection (LeaderElection.java:askForVotes(178)) - 8f18dce1-0a3d-4b65-9c78-af3d58b2da7f@group-091950D56227-LeaderElection405: begin an election at term 484 for -1: [8a63e1ae-032e-4bed-9f20-125a11f65413:0.0.0.0:38685, 8f18dce1-0a3d-4b65-9c78-af3d58b2da7f:0.0.0.0:42489, 7b1e61a0-7daf-43dd-99d5-9b325c1d31ae:0.0.0.0:38412], old=null
2019-10-20 17:40:55,987 [grpc-default-executor-0] INFO  impl.RaftServerImpl (RaftServerImpl.java:setRole(184)) - 8a63e1ae-032e-4bed-9f20-125a11f65413@group-091950D56227: changes role from  FOLLOWER to FOLLOWER at term 484 for recognizeCandidate:8f18dce1-0a3d-4b65-9c78-af3d58b2da7f
2019-10-20 17:40:55,988 [grpc-default-executor-0] INFO  impl.RoleInfo (RoleInfo.java:shutdownFollowerState(121)) - 8a63e1ae-032e-4bed-9f20-125a11f65413: shutdown FollowerState
2019-10-20 17:40:55,988 [grpc-default-executor-0] INFO  impl.RoleInfo (RoleInfo.java:updateAndGet(143)) - 8a63e1ae-032e-4bed-9f20-125a11f65413: start FollowerState
2019-10-20 17:40:55,988 [Thread-2910] INFO  impl.FollowerState (FollowerState.java:run(117)) - 8a63e1ae-032e-4bed-9f20-125a11f65413@group-091950D56227-FollowerState was interrupted: java.lang.InterruptedException: sleep interrupted
2019-10-20 17:40:55,988 [grpc-default-executor-1] INFO  impl.RaftServerImpl (RaftServerImpl.java:setRole(184)) - 7b1e61a0-7daf-43dd-99d5-9b325c1d31ae@group-091950D56227: changes role from  FOLLOWER to FOLLOWER at term 484 for recognizeCandidate:8f18dce1-0a3d-4b65-9c78-af3d58b2da7f
2019-10-20 17:40:55,988 [grpc-default-executor-1] INFO  impl.RoleInfo (RoleInfo.java:shutdownFollowerState(121)) - 7b1e61a0-7daf-43dd-99d5-9b325c1d31ae: shutdown FollowerState
2019-10-20 17:40:55,988 [Thread-2909] INFO  impl.FollowerState (FollowerState.java:run(117)) - 7b1e61a0-7daf-43dd-99d5-9b325c1d31ae@group-091950D56227-FollowerState was interrupted: java.lang.InterruptedException: sleep interrupted
2019-10-20 17:40:55,988 [grpc-default-executor-1] INFO  impl.RoleInfo (RoleInfo.java:updateAndGet(143)) - 7b1e61a0-7daf-43dd-99d5-9b325c1d31ae: start FollowerState
2019-10-20 17:40:56,009 [8f18dce1-0a3d-4b65-9c78-af3d58b2da7f@group-091950D56227-LeaderElection405] INFO  impl.LeaderElection (LeaderElection.java:logAndReturn(56)) - 8f18dce1-0a3d-4b65-9c78-af3d58b2da7f@group-091950D56227-LeaderElection405: Election TIMEOUT; received 0 response(s) [] and 0 exception(s); 8f18dce1-0a3d-4b65-9c78-af3d58b2da7f@group-091950D56227:t484, leader=null, voted=8f18dce1-0a3d-4b65-9c78-af3d58b2da7f, raftlog=8f18dce1-0a3d-4b65-9c78-af3d58b2da7f@group-091950D56227-SegmentedRaftLog:OPENED:c-1,f-1,i0, conf=-1: [8a63e1ae-032e-4bed-9f20-125a11f65413:0.0.0.0:38685, 8f18dce1-0a3d-4b65-9c78-af3d58b2da7f:0.0.0.0:42489, 7b1e61a0-7daf-43dd-99d5-9b325c1d31ae:0.0.0.0:38412], old=null
2019-10-20 17:40:56,036 [8f18dce1-0a3d-4b65-9c78-af3d58b2da7f@group-091950D56227-LeaderElection405] INFO  impl.LeaderElection (LeaderElection.java:askForVotes(178)) - 8f18dce1-0a3d-4b65-9c78-af3d58b2da7f@group-091950D56227-LeaderElection405: begin an election at term 485 for -1: [8a63e1ae-032e-4bed-9f20-125a11f65413:0.0.0.0:38685, 8f18dce1-0a3d-4b65-9c78-af3d58b2da7f:0.0.0.0:42489, 7b1e61a0-7daf-43dd-99d5-9b325c1d31ae:0.0.0.0:38412], old=null
2019-10-20 17:40:56,038 [grpc-default-executor-0] INFO  impl.RaftServerImpl (RaftServerImpl.java:setRole(184)) - 8a63e1ae-032e-4bed-9f20-125a11f65413@group-091950D56227: changes role from  FOLLOWER to FOLLOWER at term 485 for recognizeCandidate:8f18dce1-0a3d-4b65-9c78-af3d58b2da7f
2019-10-20 17:40:56,038 [grpc-default-executor-1] INFO  impl.RaftServerImpl (RaftServerImpl.java:setRole(184)) - 7b1e61a0-7daf-43dd-99d5-9b325c1d31ae@group-091950D56227: changes role from  FOLLOWER to FOLLOWER at term 485 for recognizeCandidate:8f18dce1-0a3d-4b65-9c78-af3d58b2da7f
2019-10-20 17:40:56,038 [grpc-default-executor-1] INFO  impl.RoleInfo (RoleInfo.java:shutdownFollowerState(121)) - 7b1e61a0-7daf-43dd-99d5-9b325c1d31ae: shutdown FollowerState
2019-10-20 17:40:56,038 [grpc-default-executor-0] INFO  impl.RoleInfo (RoleInfo.java:shutdownFollowerState(121)) - 8a63e1ae-032e-4bed-9f20-125a11f65413: shutdown FollowerState
2019-10-20 17:40:56,038 [Thread-2916] INFO  impl.FollowerState (FollowerState.java:run(117)) - 7b1e61a0-7daf-43dd-99d5-9b325c1d31ae@group-091950D56227-FollowerState was interrupted: java.lang.InterruptedException: sleep interrupted
2019-10-20 17:40:56,038 [Thread-2915] INFO  impl.FollowerState (FollowerState.java:run(117)) - 8a63e1ae-032e-4bed-9f20-125a11f65413@group-091950D56227-FollowerState was interrupted: java.lang.InterruptedException: sleep interrupted
2019-10-20 17:40:56,038 [grpc-default-executor-0] INFO  impl.RoleInfo (RoleInfo.java:updateAndGet(143)) - 8a63e1ae-032e-4bed-9f20-125a11f65413: start FollowerState
2019-10-20 17:40:56,038 [grpc-default-executor-1] INFO  impl.RoleInfo (RoleInfo.java:updateAndGet(143)) - 7b1e61a0-7daf-43dd-99d5-9b325c1d31ae: start FollowerState
2019-10-20 17:40:56,062 [8f18dce1-0a3d-4b65-9c78-af3d58b2da7f@group-091950D56227-LeaderElection405] INFO  impl.LeaderElection (LeaderElection.java:logAndReturn(56)) - 8f18dce1-0a3d-4b65-9c78-af3d58b2da7f@group-091950D56227-LeaderElection405: Election REJECTED; received 2 response(s) [8f18dce1-0a3d-4b65-9c78-af3d58b2da7f<-8a63e1ae-032e-4bed-9f20-125a11f65413#0:FAIL-t485, 8f18dce1-0a3d-4b65-9c78-af3d58b2da7f<-7b1e61a0-7daf-43dd-99d5-9b325c1d31ae#0:FAIL-t485] and 0 exception(s); 8f18dce1-0a3d-4b65-9c78-af3d58b2da7f@group-091950D56227:t485, leader=null, voted=8f18dce1-0a3d-4b65-9c78-af3d58b2da7f, raftlog=8f18dce1-0a3d-4b65-9c78-af3d58b2da7f@group-091950D56227-SegmentedRaftLog:OPENED:c-1,f-1,i0, conf=-1: [8a63e1ae-032e-4bed-9f20-125a11f65413:0.0.0.0:38685, 8f18dce1-0a3d-4b65-9c78-af3d58b2da7f:0.0.0.0:42489, 7b1e61a0-7daf-43dd-99d5-9b325c1d31ae:0.0.0.0:38412], old=null
2019-10-20 17:40:56,062 [8f18dce1-0a3d-4b65-9c78-af3d58b2da7f@group-091950D56227-LeaderElection405] INFO  impl.RaftServerImpl (RaftServerImpl.java:setRole(184)) - 8f18dce1-0a3d-4b65-9c78-af3d58b2da7f@group-091950D56227: changes role from CANDIDATE to FOLLOWER at term 485 for DISCOVERED_A_NEW_TERM
2019-10-20 17:40:56,063 [8f18dce1-0a3d-4b65-9c78-af3d58b2da7f@group-091950D56227-LeaderElection405] INFO  impl.RoleInfo (RoleInfo.java:shutdownLeaderElection(134)) - 8f18dce1-0a3d-4b65-9c78-af3d58b2da7f: shutdown LeaderElection
2019-10-20 17:40:56,063 [8f18dce1-0a3d-4b65-9c78-af3d58b2da7f@group-091950D56227-LeaderElection405] INFO  impl.RoleInfo (RoleInfo.java:updateAndGet(143)) - 8f18dce1-0a3d-4b65-9c78-af3d58b2da7f: start FollowerState
2019-10-20 17:40:56,143 [Thread-2921] INFO  impl.FollowerState (FollowerState.java:run(108)) - 8f18dce1-0a3d-4b65-9c78-af3d58b2da7f@group-091950D56227-FollowerState: change to CANDIDATE, lastRpcTime:80ms, electionTimeout:80ms
2019-10-20 17:40:56,143 [Thread-2921] INFO  impl.RoleInfo (RoleInfo.java:shutdownFollowerState(121)) - 8f18dce1-0a3d-4b65-9c78-af3d58b2da7f: shutdown FollowerState
2019-10-20 17:40:56,143 [Thread-2921] INFO  impl.RaftServerImpl (RaftServerImpl.java:setRole(184)) - 8f18dce1-0a3d-4b65-9c78-af3d58b2da7f@group-091950D56227: changes role from  FOLLOWER to CANDIDATE at term 485 for changeToCandidate
2019-10-20 17:40:56,143 [Thread-2921] INFO  impl.RoleInfo (RoleInfo.java:updateAndGet(143)) - 8f18dce1-0a3d-4b65-9c78-af3d58b2da7f: start LeaderElection
2019-10-20 17:40:56,170 [8f18dce1-0a3d-4b65-9c78-af3d58b2da7f@group-091950D56227-LeaderElection406] INFO  impl.LeaderElection (LeaderElection.java:askForVotes(178)) - 8f18dce1-0a3d-4b65-9c78-af3d58b2da7f@group-091950D56227-LeaderElection406: begin an election at term 486 for -1: [8a63e1ae-032e-4bed-9f20-125a11f65413:0.0.0.0:38685, 8f18dce1-0a3d-4b65-9c78-af3d58b2da7f:0.0.0.0:42489, 7b1e61a0-7daf-43dd-99d5-9b325c1d31ae:0.0.0.0:38412], old=null
2019-10-20 17:40:56,172 [grpc-default-executor-1] INFO  impl.RaftServerImpl (RaftServerImpl.java:setRole(184)) - 7b1e61a0-7daf-43dd-99d5-9b325c1d31ae@group-091950D56227: changes role from  FOLLOWER to FOLLOWER at term 486 for recognizeCandidate:8f18dce1-0a3d-4b65-9c78-af3d58b2da7f
2019-10-20 17:40:56,172 [grpc-default-executor-1] INFO  impl.RoleInfo (RoleInfo.java:shutdownFollowerState(121)) - 7b1e61a0-7daf-43dd-99d5-9b325c1d31ae: shutdown FollowerState
2019-10-20 17:40:56,172 [grpc-default-executor-1] INFO  impl.RoleInfo (RoleInfo.java:updateAndGet(143)) - 7b1e61a0-7daf-43dd-99d5-9b325c1d31ae: start FollowerState
2019-10-20 17:40:56,172 [grpc-default-executor-0] INFO  impl.RaftServerImpl (RaftServerImpl.java:setRole(184)) - 8a63e1ae-032e-4bed-9f20-125a11f65413@group-091950D56227: changes role from  FOLLOWER to FOLLOWER at term 486 for recognizeCandidate:8f18dce1-0a3d-4b65-9c78-af3d58b2da7f
2019-10-20 17:40:56,172 [Thread-2919] INFO  impl.FollowerState (FollowerState.java:run(117)) - 7b1e61a0-7daf-43dd-99d5-9b325c1d31ae@group-091950D56227-FollowerState was interrupted: java.lang.InterruptedException: sleep interrupted
2019-10-20 17:40:56,172 [grpc-default-executor-0] INFO  impl.RoleInfo (RoleInfo.java:shutdownFollowerState(121)) - 8a63e1ae-032e-4bed-9f20-125a11f65413: shutdown FollowerState
2019-10-20 17:40:56,172 [grpc-default-executor-0] INFO  impl.RoleInfo (RoleInfo.java:updateAndGet(143)) - 8a63e1ae-032e-4bed-9f20-125a11f65413: start FollowerState
2019-10-20 17:40:56,172 [Thread-2920] INFO  impl.FollowerState (FollowerState.java:run(117)) - 8a63e1ae-032e-4bed-9f20-125a11f65413@group-091950D56227-FollowerState was interrupted: java.lang.InterruptedException: sleep interrupted
2019-10-20 17:40:56,196 [8f18dce1-0a3d-4b65-9c78-af3d58b2da7f@group-091950D56227-LeaderElection406] INFO  impl.LeaderElection (LeaderElection.java:logAndReturn(56)) - 8f18dce1-0a3d-4b65-9c78-af3d58b2da7f@group-091950D56227-LeaderElection406: Election REJECTED; received 2 response(s) [8f18dce1-0a3d-4b65-9c78-af3d58b2da7f<-8a63e1ae-032e-4bed-9f20-125a11f65413#0:FAIL-t486, 8f18dce1-0a3d-4b65-9c78-af3d58b2da7f<-7b1e61a0-7daf-43dd-99d5-9b325c1d31ae#0:FAIL-t486] and 0 exception(s); 8f18dce1-0a3d-4b65-9c78-af3d58b2da7f@group-091950D56227:t486, leader=null, voted=8f18dce1-0a3d-4b65-9c78-af3d58b2da7f, raftlog=8f18dce1-0a3d-4b65-9c78-af3d58b2da7f@group-091950D56227-SegmentedRaftLog:OPENED:c-1,f-1,i0, conf=-1: [8a63e1ae-032e-4bed-9f20-125a11f65413:0.0.0.0:38685, 8f18dce1-0a3d-4b65-9c78-af3d58b2da7f:0.0.0.0:42489, 7b1e61a0-7daf-43dd-99d5-9b325c1d31ae:0.0.0.0:38412], old=null
2019-10-20 17:40:56,197 [8f18dce1-0a3d-4b65-9c78-af3d58b2da7f@group-091950D56227-LeaderElection406] INFO  impl.RaftServerImpl (RaftServerImpl.java:setRole(184)) - 8f18dce1-0a3d-4b65-9c78-af3d58b2da7f@group-091950D56227: changes role from CANDIDATE to FOLLOWER at term 486 for DISCOVERED_A_NEW_TERM
2019-10-20 17:40:56,197 [8f18dce1-0a3d-4b65-9c78-af3d58b2da7f@group-091950D56227-LeaderElection406] INFO  impl.RoleInfo (RoleInfo.java:shutdownLeaderElection(134)) - 8f18dce1-0a3d-4b65-9c78-af3d58b2da7f: shutdown LeaderElection
2019-10-20 17:40:56,197 [8f18dce1-0a3d-4b65-9c78-af3d58b2da7f@group-091950D56227-LeaderElection406] INFO  impl.RoleInfo (RoleInfo.java:updateAndGet(143)) - 8f18dce1-0a3d-4b65-9c78-af3d58b2da7f: start FollowerState
2019-10-20 17:40:56,321 [Thread-2927] INFO  impl.FollowerState (FollowerState.java:run(108)) - 8f18dce1-0a3d-4b65-9c78-af3d58b2da7f@group-091950D56227-FollowerState: change to CANDIDATE, lastRpcTime:124ms, electionTimeout:124ms
2019-10-20 17:40:56,321 [Thread-2927] INFO  impl.RoleInfo (RoleInfo.java:shutdownFollowerState(121)) - 8f18dce1-0a3d-4b65-9c78-af3d58b2da7f: shutdown FollowerState
2019-10-20 17:40:56,321 [Thread-2927] INFO  impl.RaftServerImpl (RaftServerImpl.java:setRole(184)) - 8f18dce1-0a3d-4b65-9c78-af3d58b2da7f@group-091950D56227: changes role from  FOLLOWER to CANDIDATE at term 486 for changeToCandidate
2019-10-20 17:40:56,322 [Thread-2927] INFO  impl.RoleInfo (RoleInfo.java:updateAndGet(143)) - 8f18dce1-0a3d-4b65-9c78-af3d58b2da7f: start LeaderElection
2019-10-20 17:40:56,346 [8f18dce1-0a3d-4b65-9c78-af3d58b2da7f@group-091950D56227-LeaderElection407] INFO  impl.LeaderElection (LeaderElection.java:askForVotes(178)) - 8f18dce1-0a3d-4b65-9c78-af3d58b2da7f@group-091950D56227-LeaderElection407: begin an election at term 487 for -1: [8a63e1ae-032e-4bed-9f20-125a11f65413:0.0.0.0:38685, 8f18dce1-0a3d-4b65-9c78-af3d58b2da7f:0.0.0.0:42489, 7b1e61a0-7daf-43dd-99d5-9b325c1d31ae:0.0.0.0:38412], old=null
2019-10-20 17:40:56,348 [grpc-default-executor-1] INFO  impl.RaftServerImpl (RaftServerImpl.java:setRole(184)) - 8a63e1ae-032e-4bed-9f20-125a11f65413@group-091950D56227: changes role from  FOLLOWER to FOLLOWER at term 487 for recognizeCandidate:8f18dce1-0a3d-4b65-9c78-af3d58b2da7f
2019-10-20 17:40:56,348 [grpc-default-executor-1] INFO  impl.RoleInfo (RoleInfo.java:shutdownFollowerState(121)) - 8a63e1ae-032e-4bed-9f20-125a11f65413: shutdown FollowerState
2019-10-20 17:40:56,348 [grpc-default-executor-1] INFO  impl.RoleInfo (RoleInfo.java:updateAndGet(143)) - 8a63e1ae-032e-4bed-9f20-125a11f65413: start FollowerState
2019-10-20 17:40:56,348 [Thread-2926] INFO  impl.FollowerState (FollowerState.java:run(117)) - 8a63e1ae-032e-4bed-9f20-125a11f65413@group-091950D56227-FollowerState was interrupted: java.lang.InterruptedException: sleep interrupted
2019-10-20 17:40:56,348 [grpc-default-executor-0] INFO  impl.RaftServerImpl (RaftServerImpl.java:setRole(184)) - 7b1e61a0-7daf-43dd-99d5-9b325c1d31ae@group-091950D56227: changes role from  FOLLOWER to FOLLOWER at term 487 for recognizeCandidate:8f18dce1-0a3d-4b65-9c78-af3d58b2da7f
2019-10-20 17:40:56,348 [grpc-default-executor-0] INFO  impl.RoleInfo (RoleInfo.java:shutdownFollowerState(121)) - 7b1e61a0-7daf-43dd-99d5-9b325c1d31ae: shutdown FollowerState
2019-10-20 17:40:56,348 [grpc-default-executor-0] INFO  impl.RoleInfo (RoleInfo.java:updateAndGet(143)) - 7b1e61a0-7daf-43dd-99d5-9b325c1d31ae: start FollowerState
2019-10-20 17:40:56,348 [Thread-2925] INFO  impl.FollowerState (FollowerState.java:run(117)) - 7b1e61a0-7daf-43dd-99d5-9b325c1d31ae@group-091950D56227-FollowerState was interrupted: java.lang.InterruptedException: sleep interrupted
2019-10-20 17:40:56,372 [8f18dce1-0a3d-4b65-9c78-af3d58b2da7f@group-091950D56227-LeaderElection407] INFO  impl.LeaderElection (LeaderElection.java:logAndReturn(56)) - 8f18dce1-0a3d-4b65-9c78-af3d58b2da7f@group-091950D56227-LeaderElection407: Election REJECTED; received 2 response(s) [8f18dce1-0a3d-4b65-9c78-af3d58b2da7f<-8a63e1ae-032e-4bed-9f20-125a11f65413#0:FAIL-t487, 8f18dce1-0a3d-4b65-9c78-af3d58b2da7f<-7b1e61a0-7daf-43dd-99d5-9b325c1d31ae#0:FAIL-t487] and 0 exception(s); 8f18dce1-0a3d-4b65-9c78-af3d58b2da7f@group-091950D56227:t487, leader=null, voted=8f18dce1-0a3d-4b65-9c78-af3d58b2da7f, raftlog=8f18dce1-0a3d-4b65-9c78-af3d58b2da7f@group-091950D56227-SegmentedRaftLog:OPENED:c-1,f-1,i0, conf=-1: [8a63e1ae-032e-4bed-9f20-125a11f65413:0.0.0.0:38685, 8f18dce1-0a3d-4b65-9c78-af3d58b2da7f:0.0.0.0:42489, 7b1e61a0-7daf-43dd-99d5-9b325c1d31ae:0.0.0.0:38412], old=null
2019-10-20 17:40:56,373 [8f18dce1-0a3d-4b65-9c78-af3d58b2da7f@group-091950D56227-LeaderElection407] INFO  impl.RaftServerImpl (RaftServerImpl.java:setRole(184)) - 8f18dce1-0a3d-4b65-9c78-af3d58b2da7f@group-091950D56227: changes role from CANDIDATE to FOLLOWER at term 487 for DISCOVERED_A_NEW_TERM
2019-10-20 17:40:56,373 [8f18dce1-0a3d-4b65-9c78-af3d58b2da7f@group-091950D56227-LeaderElection407] INFO  impl.RoleInfo (RoleInfo.java:shutdownLeaderElection(134)) - 8f18dce1-0a3d-4b65-9c78-af3d58b2da7f: shutdown LeaderElection
2019-10-20 17:40:56,373 [8f18dce1-0a3d-4b65-9c78-af3d58b2da7f@group-091950D56227-LeaderElection407] INFO  impl.RoleInfo (RoleInfo.java:updateAndGet(143)) - 8f18dce1-0a3d-4b65-9c78-af3d58b2da7f: start FollowerState
2019-10-20 17:40:56,526 [Thread-2933] INFO  impl.FollowerState (FollowerState.java:run(108)) - 8f18dce1-0a3d-4b65-9c78-af3d58b2da7f@group-091950D56227-FollowerState: change to CANDIDATE, lastRpcTime:153ms, electionTimeout:153ms
2019-10-20 17:40:56,526 [Thread-2933] INFO  impl.RoleInfo (RoleInfo.java:shutdownFollowerState(121)) - 8f18dce1-0a3d-4b65-9c78-af3d58b2da7f: shutdown FollowerState
2019-10-20 17:40:56,527 [Thread-2933] INFO  impl.RaftServerImpl (RaftServerImpl.java:setRole(184)) - 8f18dce1-0a3d-4b65-9c78-af3d58b2da7f@group-091950D56227: changes role from  FOLLOWER to CANDIDATE at term 487 for changeToCandidate
2019-10-20 17:40:56,527 [Thread-2933] INFO  impl.RoleInfo (RoleInfo.java:updateAndGet(143)) - 8f18dce1-0a3d-4b65-9c78-af3d58b2da7f: start LeaderElection
2019-10-20 17:40:56,556 [8f18dce1-0a3d-4b65-9c78-af3d58b2da7f@group-091950D56227-LeaderElection408] INFO  impl.LeaderElection (LeaderElection.java:askForVotes(178)) - 8f18dce1-0a3d-4b65-9c78-af3d58b2da7f@group-091950D56227-LeaderElection408: begin an election at term 488 for -1: [8a63e1ae-032e-4bed-9f20-125a11f65413:0.0.0.0:38685, 8f18dce1-0a3d-4b65-9c78-af3d58b2da7f:0.0.0.0:42489, 7b1e61a0-7daf-43dd-99d5-9b325c1d31ae:0.0.0.0:38412], old=null
2019-10-20 17:40:56,557 [grpc-default-executor-0] INFO  impl.RaftServerImpl (RaftServerImpl.java:setRole(184)) - 7b1e61a0-7daf-43dd-99d5-9b325c1d31ae@group-091950D56227: changes role from  FOLLOWER to FOLLOWER at term 488 for recognizeCandidate:8f18dce1-0a3d-4b65-9c78-af3d58b2da7f
2019-10-20 17:40:56,558 [grpc-default-executor-1] INFO  impl.RaftServerImpl (RaftServerImpl.java:setRole(184)) - 8a63e1ae-032e-4bed-9f20-125a11f65413@group-091950D56227: changes role from  FOLLOWER to FOLLOWER at term 488 for recognizeCandidate:8f18dce1-0a3d-4b65-9c78-af3d58b2da7f
2019-10-20 17:40:56,558 [grpc-default-executor-0] INFO  impl.RoleInfo (RoleInfo.java:shutdownFollowerState(121)) - 7b1e61a0-7daf-43dd-99d5-9b325c1d31ae: shutdown FollowerState
2019-10-20 17:40:56,558 [grpc-default-executor-1] INFO  impl.RoleInfo (RoleInfo.java:shutdownFollowerState(121)) - 8a63e1ae-032e-4bed-9f20-125a11f65413: shutdown FollowerState
2019-10-20 17:40:56,558 [Thread-2932] INFO  impl.FollowerState (FollowerState.java:run(117)) - 7b1e61a0-7daf-43dd-99d5-9b325c1d31ae@group-091950D56227-FollowerState was interrupted: java.lang.InterruptedException: sleep interrupted
2019-10-20 17:40:56,558 [grpc-default-executor-0] INFO  impl.RoleInfo (RoleInfo.java:updateAndGet(143)) - 7b1e61a0-7daf-43dd-99d5-9b325c1d31ae: start FollowerState
2019-10-20 17:40:56,558 [Thread-2931] INFO  impl.FollowerState (FollowerState.java:run(117)) - 8a63e1ae-032e-4bed-9f20-125a11f65413@group-091950D56227-FollowerState was interrupted: java.lang.InterruptedException: sleep interrupted
2019-10-20 17:40:56,558 [grpc-default-executor-1] INFO  impl.RoleInfo (RoleInfo.java:updateAndGet(143)) - 8a63e1ae-032e-4bed-9f20-125a11f65413: start FollowerState
2019-10-20 17:40:56,582 [8f18dce1-0a3d-4b65-9c78-af3d58b2da7f@group-091950D56227-LeaderElection408] INFO  impl.LeaderElection (LeaderElection.java:logAndReturn(56)) - 8f18dce1-0a3d-4b65-9c78-af3d58b2da7f@group-091950D56227-LeaderElection408: Election REJECTED; received 2 response(s) [8f18dce1-0a3d-4b65-9c78-af3d58b2da7f<-8a63e1ae-032e-4bed-9f20-125a11f65413#0:FAIL-t488, 8f18dce1-0a3d-4b65-9c78-af3d58b2da7f<-7b1e61a0-7daf-43dd-99d5-9b325c1d31ae#0:FAIL-t488] and 0 exception(s); 8f18dce1-0a3d-4b65-9c78-af3d58b2da7f@group-091950D56227:t488, leader=null, voted=8f18dce1-0a3d-4b65-9c78-af3d58b2da7f, raftlog=8f18dce1-0a3d-4b65-9c78-af3d58b2da7f@group-091950D56227-SegmentedRaftLog:OPENED:c-1,f-1,i0, conf=-1: [8a63e1ae-032e-4bed-9f20-125a11f65413:0.0.0.0:38685, 8f18dce1-0a3d-4b65-9c78-af3d58b2da7f:0.0.0.0:42489, 7b1e61a0-7daf-43dd-99d5-9b325c1d31ae:0.0.0.0:38412], old=null
2019-10-20 17:40:56,582 [8f18dce1-0a3d-4b65-9c78-af3d58b2da7f@group-091950D56227-LeaderElection408] INFO  impl.RaftServerImpl (RaftServerImpl.java:setRole(184)) - 8f18dce1-0a3d-4b65-9c78-af3d58b2da7f@group-091950D56227: changes role from CANDIDATE to FOLLOWER at term 488 for DISCOVERED_A_NEW_TERM
2019-10-20 17:40:56,582 [8f18dce1-0a3d-4b65-9c78-af3d58b2da7f@group-091950D56227-LeaderElection408] INFO  impl.RoleInfo (RoleInfo.java:shutdownLeaderElection(134)) - 8f18dce1-0a3d-4b65-9c78-af3d58b2da7f: shutdown LeaderElection
2019-10-20 17:40:56,582 [8f18dce1-0a3d-4b65-9c78-af3d58b2da7f@group-091950D56227-LeaderElection408] INFO  impl.RoleInfo (RoleInfo.java:updateAndGet(143)) - 8f18dce1-0a3d-4b65-9c78-af3d58b2da7f: start FollowerState
2019-10-20 17:40:56,597 [Thread-2941] INFO  impl.FollowerState (FollowerState.java:run(108)) - 8f18dce1-0a3d-4b65-9c78-af3d58b2da7f@group-091950D56227-FollowerState: change to CANDIDATE, lastRpcTime:14ms, electionTimeout:14ms
2019-10-20 17:40:56,597 [Thread-2941] INFO  impl.RoleInfo (RoleInfo.java:shutdownFollowerState(121)) - 8f18dce1-0a3d-4b65-9c78-af3d58b2da7f: shutdown FollowerState
2019-10-20 17:40:56,597 [Thread-2941] INFO  impl.RaftServerImpl (RaftServerImpl.java:setRole(184)) - 8f18dce1-0a3d-4b65-9c78-af3d58b2da7f@group-091950D56227: changes role from  FOLLOWER to CANDIDATE at term 488 for changeToCandidate
2019-10-20 17:40:56,597 [Thread-2941] INFO  impl.RoleInfo (RoleInfo.java:updateAndGet(143)) - 8f18dce1-0a3d-4b65-9c78-af3d58b2da7f: start LeaderElection
2019-10-20 17:40:56,624 [8f18dce1-0a3d-4b65-9c78-af3d58b2da7f@group-091950D56227-LeaderElection409] INFO  impl.LeaderElection (LeaderElection.java:askForVotes(178)) - 8f18dce1-0a3d-4b65-9c78-af3d58b2da7f@group-091950D56227-LeaderElection409: begin an election at term 489 for -1: [8a63e1ae-032e-4bed-9f20-125a11f65413:0.0.0.0:38685, 8f18dce1-0a3d-4b65-9c78-af3d58b2da7f:0.0.0.0:42489, 7b1e61a0-7daf-43dd-99d5-9b325c1d31ae:0.0.0.0:38412], old=null
2019-10-20 17:40:56,626 [grpc-default-executor-1] INFO  impl.RaftServerImpl (RaftServerImpl.java:setRole(184)) - 8a63e1ae-032e-4bed-9f20-125a11f65413@group-091950D56227: changes role from  FOLLOWER to FOLLOWER at term 489 for recognizeCandidate:8f18dce1-0a3d-4b65-9c78-af3d58b2da7f
2019-10-20 17:40:56,626 [grpc-default-executor-0] INFO  impl.RaftServerImpl (RaftServerImpl.java:setRole(184)) - 7b1e61a0-7daf-43dd-99d5-9b325c1d31ae@group-091950D56227: changes role from  FOLLOWER to FOLLOWER at term 489 for recognizeCandidate:8f18dce1-0a3d-4b65-9c78-af3d58b2da7f
2019-10-20 17:40:56,626 [grpc-default-executor-0] INFO  impl.RoleInfo (RoleInfo.java:shutdownFollowerState(121)) - 7b1e61a0-7daf-43dd-99d5-9b325c1d31ae: shutdown FollowerState
2019-10-20 17:40:56,626 [grpc-default-executor-1] INFO  impl.RoleInfo (RoleInfo.java:shutdownFollowerState(121)) - 8a63e1ae-032e-4bed-9f20-125a11f65413: shutdown FollowerState
2019-10-20 17:40:56,626 [Thread-2939] INFO  impl.FollowerState (FollowerState.java:run(117)) - 7b1e61a0-7daf-43dd-99d5-9b325c1d31ae@group-091950D56227-FollowerState was interrupted: java.lang.InterruptedException: sleep interrupted
2019-10-20 17:40:56,626 [grpc-default-executor-0] INFO  impl.RoleInfo (RoleInfo.java:updateAndGet(143)) - 7b1e61a0-7daf-43dd-99d5-9b325c1d31ae: start FollowerState
2019-10-20 17:40:56,627 [Thread-2940] INFO  impl.FollowerState (FollowerState.java:run(117)) - 8a63e1ae-032e-4bed-9f20-125a11f65413@group-091950D56227-FollowerState was interrupted: java.lang.InterruptedException: sleep interrupted
2019-10-20 17:40:56,627 [grpc-default-executor-1] INFO  impl.RoleInfo (RoleInfo.java:updateAndGet(143)) - 8a63e1ae-032e-4bed-9f20-125a11f65413: start FollowerState
2019-10-20 17:40:56,650 [8f18dce1-0a3d-4b65-9c78-af3d58b2da7f@group-091950D56227-LeaderElection409] INFO  impl.LeaderElection (LeaderElection.java:logAndReturn(56)) - 8f18dce1-0a3d-4b65-9c78-af3d58b2da7f@group-091950D56227-LeaderElection409: Election REJECTED; received 2 response(s) [8f18dce1-0a3d-4b65-9c78-af3d58b2da7f<-8a63e1ae-032e-4bed-9f20-125a11f65413#0:FAIL-t489, 8f18dce1-0a3d-4b65-9c78-af3d58b2da7f<-7b1e61a0-7daf-43dd-99d5-9b325c1d31ae#0:FAIL-t489] and 0 exception(s); 8f18dce1-0a3d-4b65-9c78-af3d58b2da7f@group-091950D56227:t489, leader=null, voted=8f18dce1-0a3d-4b65-9c78-af3d58b2da7f, raftlog=8f18dce1-0a3d-4b65-9c78-af3d58b2da7f@group-091950D56227-SegmentedRaftLog:OPENED:c-1,f-1,i0, conf=-1: [8a63e1ae-032e-4bed-9f20-125a11f65413:0.0.0.0:38685, 8f18dce1-0a3d-4b65-9c78-af3d58b2da7f:0.0.0.0:42489, 7b1e61a0-7daf-43dd-99d5-9b325c1d31ae:0.0.0.0:38412], old=null
2019-10-20 17:40:56,651 [8f18dce1-0a3d-4b65-9c78-af3d58b2da7f@group-091950D56227-LeaderElection409] INFO  impl.RaftServerImpl (RaftServerImpl.java:setRole(184)) - 8f18dce1-0a3d-4b65-9c78-af3d58b2da7f@group-091950D56227: changes role from CANDIDATE to FOLLOWER at term 489 for DISCOVERED_A_NEW_TERM
2019-10-20 17:40:56,651 [8f18dce1-0a3d-4b65-9c78-af3d58b2da7f@group-091950D56227-LeaderElection409] INFO  impl.RoleInfo (RoleInfo.java:shutdownLeaderElection(134)) - 8f18dce1-0a3d-4b65-9c78-af3d58b2da7f: shutdown LeaderElection
2019-10-20 17:40:56,651 [8f18dce1-0a3d-4b65-9c78-af3d58b2da7f@group-091950D56227-LeaderElection409] INFO  impl.RoleInfo (RoleInfo.java:updateAndGet(143)) - 8f18dce1-0a3d-4b65-9c78-af3d58b2da7f: start FollowerState
2019-10-20 17:40:56,674 [Thread-2947] INFO  impl.FollowerState (FollowerState.java:run(108)) - 8f18dce1-0a3d-4b65-9c78-af3d58b2da7f@group-091950D56227-FollowerState: change to CANDIDATE, lastRpcTime:23ms, electionTimeout:23ms
2019-10-20 17:40:56,674 [Thread-2947] INFO  impl.RoleInfo (RoleInfo.java:shutdownFollowerState(121)) - 8f18dce1-0a3d-4b65-9c78-af3d58b2da7f: shutdown FollowerState
2019-10-20 17:40:56,674 [Thread-2947] INFO  impl.RaftServerImpl (RaftServerImpl.java:setRole(184)) - 8f18dce1-0a3d-4b65-9c78-af3d58b2da7f@group-091950D56227: changes role from  FOLLOWER to CANDIDATE at term 489 for changeToCandidate
2019-10-20 17:40:56,674 [Thread-2947] INFO  impl.RoleInfo (RoleInfo.java:updateAndGet(143)) - 8f18dce1-0a3d-4b65-9c78-af3d58b2da7f: start LeaderElection
2019-10-20 17:40:56,700 [8f18dce1-0a3d-4b65-9c78-af3d58b2da7f@group-091950D56227-LeaderElection410] INFO  impl.LeaderElection (LeaderElection.java:askForVotes(178)) - 8f18dce1-0a3d-4b65-9c78-af3d58b2da7f@group-091950D56227-LeaderElection410: begin an election at term 490 for -1: [8a63e1ae-032e-4bed-9f20-125a11f65413:0.0.0.0:38685, 8f18dce1-0a3d-4b65-9c78-af3d58b2da7f:0.0.0.0:42489, 7b1e61a0-7daf-43dd-99d5-9b325c1d31ae:0.0.0.0:38412], old=null
2019-10-20 17:40:56,702 [grpc-default-executor-1] INFO  impl.RaftServerImpl (RaftServerImpl.java:setRole(184)) - 7b1e61a0-7daf-43dd-99d5-9b325c1d31ae@group-091950D56227: changes role from  FOLLOWER to FOLLOWER at term 490 for recognizeCandidate:8f18dce1-0a3d-4b65-9c78-af3d58b2da7f
2019-10-20 17:40:56,702 [grpc-default-executor-0] INFO  impl.RaftServerImpl (RaftServerImpl.java:setRole(184)) - 8a63e1ae-032e-4bed-9f20-125a11f65413@group-091950D56227: changes role from  FOLLOWER to FOLLOWER at term 490 for recognizeCandidate:8f18dce1-0a3d-4b65-9c78-af3d58b2da7f
2019-10-20 17:40:56,703 [grpc-default-executor-1] INFO  impl.RoleInfo (RoleInfo.java:shutdownFollowerState(121)) - 7b1e61a0-7daf-43dd-99d5-9b325c1d31ae: shutdown FollowerState
2019-10-20 17:40:56,703 [grpc-default-executor-0] INFO  impl.RoleInfo (RoleInfo.java:shutdownFollowerState(121)) - 8a63e1ae-032e-4bed-9f20-125a11f65413: shutdown FollowerState
2019-10-20 17:40:56,703 [Thread-2945] INFO  impl.FollowerState (FollowerState.java:run(117)) - 7b1e61a0-7daf-43dd-99d5-9b325c1d31ae@group-091950D56227-FollowerState was interrupted: java.lang.InterruptedException: sleep interrupted
2019-10-20 17:40:56,703 [Thread-2946] INFO  impl.FollowerState (FollowerState.java:run(117)) - 8a63e1ae-032e-4bed-9f20-125a11f65413@group-091950D56227-FollowerState was interrupted: java.lang.InterruptedException: sleep interrupted
2019-10-20 17:40:56,703 [grpc-default-executor-1] INFO  impl.RoleInfo (RoleInfo.java:updateAndGet(143)) - 7b1e61a0-7daf-43dd-99d5-9b325c1d31ae: start FollowerState
2019-10-20 17:40:56,703 [grpc-default-executor-0] INFO  impl.RoleInfo (RoleInfo.java:updateAndGet(143)) - 8a63e1ae-032e-4bed-9f20-125a11f65413: start FollowerState
2019-10-20 17:40:56,727 [8f18dce1-0a3d-4b65-9c78-af3d58b2da7f@group-091950D56227-LeaderElection410] INFO  impl.LeaderElection (LeaderElection.java:logAndReturn(56)) - 8f18dce1-0a3d-4b65-9c78-af3d58b2da7f@group-091950D56227-LeaderElection410: Election REJECTED; received 2 response(s) [8f18dce1-0a3d-4b65-9c78-af3d58b2da7f<-8a63e1ae-032e-4bed-9f20-125a11f65413#0:FAIL-t490, 8f18dce1-0a3d-4b65-9c78-af3d58b2da7f<-7b1e61a0-7daf-43dd-99d5-9b325c1d31ae#0:FAIL-t490] and 0 exception(s); 8f18dce1-0a3d-4b65-9c78-af3d58b2da7f@group-091950D56227:t490, leader=null, voted=8f18dce1-0a3d-4b65-9c78-af3d58b2da7f, raftlog=8f18dce1-0a3d-4b65-9c78-af3d58b2da7f@group-091950D56227-SegmentedRaftLog:OPENED:c-1,f-1,i0, conf=-1: [8a63e1ae-032e-4bed-9f20-125a11f65413:0.0.0.0:38685, 8f18dce1-0a3d-4b65-9c78-af3d58b2da7f:0.0.0.0:42489, 7b1e61a0-7daf-43dd-99d5-9b325c1d31ae:0.0.0.0:38412], old=null
2019-10-20 17:40:56,727 [8f18dce1-0a3d-4b65-9c78-af3d58b2da7f@group-091950D56227-LeaderElection410] INFO  impl.RaftServerImpl (RaftServerImpl.java:setRole(184)) - 8f18dce1-0a3d-4b65-9c78-af3d58b2da7f@group-091950D56227: changes role from CANDIDATE to FOLLOWER at term 490 for DISCOVERED_A_NEW_TERM
2019-10-20 17:40:56,727 [8f18dce1-0a3d-4b65-9c78-af3d58b2da7f@group-091950D56227-LeaderElection410] INFO  impl.RoleInfo (RoleInfo.java:shutdownLeaderElection(134)) - 8f18dce1-0a3d-4b65-9c78-af3d58b2da7f: shutdown LeaderElection
2019-10-20 17:40:56,727 [8f18dce1-0a3d-4b65-9c78-af3d58b2da7f@group-091950D56227-LeaderElection410] INFO  impl.RoleInfo (RoleInfo.java:updateAndGet(143)) - 8f18dce1-0a3d-4b65-9c78-af3d58b2da7f: start FollowerState
2019-10-20 17:40:56,759 [Thread-2953] INFO  impl.FollowerState (FollowerState.java:run(108)) - 8f18dce1-0a3d-4b65-9c78-af3d58b2da7f@group-091950D56227-FollowerState: change to CANDIDATE, lastRpcTime:32ms, electionTimeout:32ms
2019-10-20 17:40:56,760 [Thread-2953] INFO  impl.RoleInfo (RoleInfo.java:shutdownFollowerState(121)) - 8f18dce1-0a3d-4b65-9c78-af3d58b2da7f: shutdown FollowerState
2019-10-20 17:40:56,760 [Thread-2953] INFO  impl.RaftServerImpl (RaftServerImpl.java:setRole(184)) - 8f18dce1-0a3d-4b65-9c78-af3d58b2da7f@group-091950D56227: changes role from  FOLLOWER to CANDIDATE at term 490 for changeToCandidate
2019-10-20 17:40:56,760 [Thread-2953] INFO  impl.RoleInfo (RoleInfo.java:updateAndGet(143)) - 8f18dce1-0a3d-4b65-9c78-af3d58b2da7f: start LeaderElection
2019-10-20 17:40:56,785 [8f18dce1-0a3d-4b65-9c78-af3d58b2da7f@group-091950D56227-LeaderElection411] INFO  impl.LeaderElection (LeaderElection.java:askForVotes(178)) - 8f18dce1-0a3d-4b65-9c78-af3d58b2da7f@group-091950D56227-LeaderElection411: begin an election at term 491 for -1: [8a63e1ae-032e-4bed-9f20-125a11f65413:0.0.0.0:38685, 8f18dce1-0a3d-4b65-9c78-af3d58b2da7f:0.0.0.0:42489, 7b1e61a0-7daf-43dd-99d5-9b325c1d31ae:0.0.0.0:38412], old=null
2019-10-20 17:40:56,787 [grpc-default-executor-0] INFO  impl.RaftServerImpl (RaftServerImpl.java:setRole(184)) - 8a63e1ae-032e-4bed-9f20-125a11f65413@group-091950D56227: changes role from  FOLLOWER to FOLLOWER at term 491 for recognizeCandidate:8f18dce1-0a3d-4b65-9c78-af3d58b2da7f
2019-10-20 17:40:56,787 [grpc-default-executor-2] INFO  impl.RaftServerImpl (RaftServerImpl.java:setRole(184)) - 7b1e61a0-7daf-43dd-99d5-9b325c1d31ae@group-091950D56227: changes role from  FOLLOWER to FOLLOWER at term 491 for recognizeCandidate:8f18dce1-0a3d-4b65-9c78-af3d58b2da7f
2019-10-20 17:40:56,787 [grpc-default-executor-2] INFO  impl.RoleInfo (RoleInfo.java:shutdownFollowerState(121)) - 7b1e61a0-7daf-43dd-99d5-9b325c1d31ae: shutdown FollowerState
2019-10-20 17:40:56,787 [grpc-default-executor-0] INFO  impl.RoleInfo (RoleInfo.java:shutdownFollowerState(121)) - 8a63e1ae-032e-4bed-9f20-125a11f65413: shutdown FollowerState
2019-10-20 17:40:56,787 [Thread-2951] INFO  impl.FollowerState (FollowerState.java:run(117)) - 7b1e61a0-7daf-43dd-99d5-9b325c1d31ae@group-091950D56227-FollowerState was interrupted: java.lang.InterruptedException: sleep interrupted
2019-10-20 17:40:56,788 [Thread-2952] INFO  impl.FollowerState (FollowerState.java:run(117)) - 8a63e1ae-032e-4bed-9f20-125a11f65413@group-091950D56227-FollowerState was interrupted: java.lang.InterruptedException: sleep interrupted
2019-10-20 17:40:56,787 [grpc-default-executor-2] INFO  impl.RoleInfo (RoleInfo.java:updateAndGet(143)) - 7b1e61a0-7daf-43dd-99d5-9b325c1d31ae: start FollowerState
2019-10-20 17:40:56,787 [grpc-default-executor-0] INFO  impl.RoleInfo (RoleInfo.java:updateAndGet(143)) - 8a63e1ae-032e-4bed-9f20-125a11f65413: start FollowerState
2019-10-20 17:40:56,828 [8f18dce1-0a3d-4b65-9c78-af3d58b2da7f@group-091950D56227-LeaderElection411] INFO  impl.LeaderElection (LeaderElection.java:logAndReturn(56)) - 8f18dce1-0a3d-4b65-9c78-af3d58b2da7f@group-091950D56227-LeaderElection411: Election REJECTED; received 2 response(s) [8f18dce1-0a3d-4b65-9c78-af3d58b2da7f<-8a63e1ae-032e-4bed-9f20-125a11f65413#0:FAIL-t491, 8f18dce1-0a3d-4b65-9c78-af3d58b2da7f<-7b1e61a0-7daf-43dd-99d5-9b325c1d31ae#0:FAIL-t491] and 0 exception(s); 8f18dce1-0a3d-4b65-9c78-af3d58b2da7f@group-091950D56227:t491, leader=null, voted=8f18dce1-0a3d-4b65-9c78-af3d58b2da7f, raftlog=8f18dce1-0a3d-4b65-9c78-af3d58b2da7f@group-091950D56227-SegmentedRaftLog:OPENED:c-1,f-1,i0, conf=-1: [8a63e1ae-032e-4bed-9f20-125a11f65413:0.0.0.0:38685, 8f18dce1-0a3d-4b65-9c78-af3d58b2da7f:0.0.0.0:42489, 7b1e61a0-7daf-43dd-99d5-9b325c1d31ae:0.0.0.0:38412], old=null
2019-10-20 17:40:56,828 [8f18dce1-0a3d-4b65-9c78-af3d58b2da7f@group-091950D56227-LeaderElection411] INFO  impl.RaftServerImpl (RaftServerImpl.java:setRole(184)) - 8f18dce1-0a3d-4b65-9c78-af3d58b2da7f@group-091950D56227: changes role from CANDIDATE to FOLLOWER at term 491 for DISCOVERED_A_NEW_TERM
2019-10-20 17:40:56,828 [8f18dce1-0a3d-4b65-9c78-af3d58b2da7f@group-091950D56227-LeaderElection411] INFO  impl.RoleInfo (RoleInfo.java:shutdownLeaderElection(134)) - 8f18dce1-0a3d-4b65-9c78-af3d58b2da7f: shutdown LeaderElection
2019-10-20 17:40:56,828 [8f18dce1-0a3d-4b65-9c78-af3d58b2da7f@group-091950D56227-LeaderElection411] INFO  impl.RoleInfo (RoleInfo.java:updateAndGet(143)) - 8f18dce1-0a3d-4b65-9c78-af3d58b2da7f: start FollowerState
2019-10-20 17:40:56,965 [Thread-2959] INFO  impl.FollowerState (FollowerState.java:run(108)) - 8f18dce1-0a3d-4b65-9c78-af3d58b2da7f@group-091950D56227-FollowerState: change to CANDIDATE, lastRpcTime:136ms, electionTimeout:136ms
2019-10-20 17:40:56,965 [Thread-2959] INFO  impl.RoleInfo (RoleInfo.java:shutdownFollowerState(121)) - 8f18dce1-0a3d-4b65-9c78-af3d58b2da7f: shutdown FollowerState
2019-10-20 17:40:56,965 [Thread-2959] INFO  impl.RaftServerImpl (RaftServerImpl.java:setRole(184)) - 8f18dce1-0a3d-4b65-9c78-af3d58b2da7f@group-091950D56227: changes role from  FOLLOWER to CANDIDATE at term 491 for changeToCandidate
2019-10-20 17:40:56,965 [Thread-2959] INFO  impl.RoleInfo (RoleInfo.java:updateAndGet(143)) - 8f18dce1-0a3d-4b65-9c78-af3d58b2da7f: start LeaderElection
2019-10-20 17:40:56,994 [8f18dce1-0a3d-4b65-9c78-af3d58b2da7f@group-091950D56227-LeaderElection412] INFO  impl.LeaderElection (LeaderElection.java:askForVotes(178)) - 8f18dce1-0a3d-4b65-9c78-af3d58b2da7f@group-091950D56227-LeaderElection412: begin an election at term 492 for -1: [8a63e1ae-032e-4bed-9f20-125a11f65413:0.0.0.0:38685, 8f18dce1-0a3d-4b65-9c78-af3d58b2da7f:0.0.0.0:42489, 7b1e61a0-7daf-43dd-99d5-9b325c1d31ae:0.0.0.0:38412], old=null
2019-10-20 17:40:56,996 [grpc-default-executor-0] INFO  impl.RaftServerImpl (RaftServerImpl.java:setRole(184)) - 8a63e1ae-032e-4bed-9f20-125a11f65413@group-091950D56227: changes role from  FOLLOWER to FOLLOWER at term 492 for recognizeCandidate:8f18dce1-0a3d-4b65-9c78-af3d58b2da7f
2019-10-20 17:40:56,996 [grpc-default-executor-0] INFO  impl.RoleInfo (RoleInfo.java:shutdownFollowerState(121)) - 8a63e1ae-032e-4bed-9f20-125a11f65413: shutdown FollowerState
2019-10-20 17:40:56,996 [grpc-default-executor-2] INFO  impl.RaftServerImpl (RaftServerImpl.java:setRole(184)) - 7b1e61a0-7daf-43dd-99d5-9b325c1d31ae@group-091950D56227: changes role from  FOLLOWER to FOLLOWER at term 492 for recognizeCandidate:8f18dce1-0a3d-4b65-9c78-af3d58b2da7f
2019-10-20 17:40:56,997 [grpc-default-executor-2] INFO  impl.RoleInfo (RoleInfo.java:shutdownFollowerState(121)) - 7b1e61a0-7daf-43dd-99d5-9b325c1d31ae: shutdown FollowerState
2019-10-20 17:40:56,997 [Thread-2958] INFO  impl.FollowerState (FollowerState.java:run(117)) - 8a63e1ae-032e-4bed-9f20-125a11f65413@group-091950D56227-FollowerState was interrupted: java.lang.InterruptedException: sleep interrupted
2019-10-20 17:40:56,997 [grpc-default-executor-0] INFO  impl.RoleInfo (RoleInfo.java:updateAndGet(143)) - 8a63e1ae-032e-4bed-9f20-125a11f65413: start FollowerState
2019-10-20 17:40:56,997 [Thread-2957] INFO  impl.FollowerState (FollowerState.java:run(117)) - 7b1e61a0-7daf-43dd-99d5-9b325c1d31ae@group-091950D56227-FollowerState was interrupted: java.lang.InterruptedException: sleep interrupted
2019-10-20 17:40:56,997 [grpc-default-executor-2] INFO  impl.RoleInfo (RoleInfo.java:updateAndGet(143)) - 7b1e61a0-7daf-43dd-99d5-9b325c1d31ae: start FollowerState
2019-10-20 17:40:57,020 [8f18dce1-0a3d-4b65-9c78-af3d58b2da7f@group-091950D56227-LeaderElection412] INFO  impl.LeaderElection (LeaderElection.java:logAndReturn(56)) - 8f18dce1-0a3d-4b65-9c78-af3d58b2da7f@group-091950D56227-LeaderElection412: Election REJECTED; received 2 response(s) [8f18dce1-0a3d-4b65-9c78-af3d58b2da7f<-8a63e1ae-032e-4bed-9f20-125a11f65413#0:FAIL-t492, 8f18dce1-0a3d-4b65-9c78-af3d58b2da7f<-7b1e61a0-7daf-43dd-99d5-9b325c1d31ae#0:FAIL-t492] and 0 exception(s); 8f18dce1-0a3d-4b65-9c78-af3d58b2da7f@group-091950D56227:t492, leader=null, voted=8f18dce1-0a3d-4b65-9c78-af3d58b2da7f, raftlog=8f18dce1-0a3d-4b65-9c78-af3d58b2da7f@group-091950D56227-SegmentedRaftLog:OPENED:c-1,f-1,i0, conf=-1: [8a63e1ae-032e-4bed-9f20-125a11f65413:0.0.0.0:38685, 8f18dce1-0a3d-4b65-9c78-af3d58b2da7f:0.0.0.0:42489, 7b1e61a0-7daf-43dd-99d5-9b325c1d31ae:0.0.0.0:38412], old=null
2019-10-20 17:40:57,021 [8f18dce1-0a3d-4b65-9c78-af3d58b2da7f@group-091950D56227-LeaderElection412] INFO  impl.RaftServerImpl (RaftServerImpl.java:setRole(184)) - 8f18dce1-0a3d-4b65-9c78-af3d58b2da7f@group-091950D56227: changes role from CANDIDATE to FOLLOWER at term 492 for DISCOVERED_A_NEW_TERM
2019-10-20 17:40:57,021 [8f18dce1-0a3d-4b65-9c78-af3d58b2da7f@group-091950D56227-LeaderElection412] INFO  impl.RoleInfo (RoleInfo.java:shutdownLeaderElection(134)) - 8f18dce1-0a3d-4b65-9c78-af3d58b2da7f: shutdown LeaderElection
2019-10-20 17:40:57,021 [8f18dce1-0a3d-4b65-9c78-af3d58b2da7f@group-091950D56227-LeaderElection412] INFO  impl.RoleInfo (RoleInfo.java:updateAndGet(143)) - 8f18dce1-0a3d-4b65-9c78-af3d58b2da7f: start FollowerState
2019-10-20 17:40:57,093 [Thread-2965] INFO  impl.FollowerState (FollowerState.java:run(108)) - 8f18dce1-0a3d-4b65-9c78-af3d58b2da7f@group-091950D56227-FollowerState: change to CANDIDATE, lastRpcTime:72ms, electionTimeout:72ms
2019-10-20 17:40:57,093 [Thread-2965] INFO  impl.RoleInfo (RoleInfo.java:shutdownFollowerState(121)) - 8f18dce1-0a3d-4b65-9c78-af3d58b2da7f: shutdown FollowerState
2019-10-20 17:40:57,093 [Thread-2965] INFO  impl.RaftServerImpl (RaftServerImpl.java:setRole(184)) - 8f18dce1-0a3d-4b65-9c78-af3d58b2da7f@group-091950D56227: changes role from  FOLLOWER to CANDIDATE at term 492 for changeToCandidate
2019-10-20 17:40:57,094 [Thread-2965] INFO  impl.RoleInfo (RoleInfo.java:updateAndGet(143)) - 8f18dce1-0a3d-4b65-9c78-af3d58b2da7f: start LeaderElection
2019-10-20 17:40:57,120 [8f18dce1-0a3d-4b65-9c78-af3d58b2da7f@group-091950D56227-LeaderElection413] INFO  impl.LeaderElection (LeaderElection.java:askForVotes(178)) - 8f18dce1-0a3d-4b65-9c78-af3d58b2da7f@group-091950D56227-LeaderElection413: begin an election at term 493 for -1: [8a63e1ae-032e-4bed-9f20-125a11f65413:0.0.0.0:38685, 8f18dce1-0a3d-4b65-9c78-af3d58b2da7f:0.0.0.0:42489, 7b1e61a0-7daf-43dd-99d5-9b325c1d31ae:0.0.0.0:38412], old=null
2019-10-20 17:40:57,121 [grpc-default-executor-0] INFO  impl.RaftServerImpl (RaftServerImpl.java:setRole(184)) - 8a63e1ae-032e-4bed-9f20-125a11f65413@group-091950D56227: changes role from  FOLLOWER to FOLLOWER at term 493 for recognizeCandidate:8f18dce1-0a3d-4b65-9c78-af3d58b2da7f
2019-10-20 17:40:57,122 [grpc-default-executor-2] INFO  impl.RaftServerImpl (RaftServerImpl.java:setRole(184)) - 7b1e61a0-7daf-43dd-99d5-9b325c1d31ae@group-091950D56227: changes role from  FOLLOWER to FOLLOWER at term 493 for recognizeCandidate:8f18dce1-0a3d-4b65-9c78-af3d58b2da7f
2019-10-20 17:40:57,122 [grpc-default-executor-2] INFO  impl.RoleInfo (RoleInfo.java:shutdownFollowerState(121)) - 7b1e61a0-7daf-43dd-99d5-9b325c1d31ae: shutdown FollowerState
2019-10-20 17:40:57,122 [grpc-default-executor-0] INFO  impl.RoleInfo (RoleInfo.java:shutdownFollowerState(121)) - 8a63e1ae-032e-4bed-9f20-125a11f65413: shutdown FollowerState
2019-10-20 17:40:57,122 [Thread-2964] INFO  impl.FollowerState (FollowerState.java:run(117)) - 7b1e61a0-7daf-43dd-99d5-9b325c1d31ae@group-091950D56227-FollowerState was interrupted: java.lang.InterruptedException: sleep interrupted
2019-10-20 17:40:57,122 [grpc-default-executor-2] INFO  impl.RoleInfo (RoleInfo.java:updateAndGet(143)) - 7b1e61a0-7daf-43dd-99d5-9b325c1d31ae: start FollowerState
2019-10-20 17:40:57,122 [Thread-2963] INFO  impl.FollowerState (FollowerState.java:run(117)) - 8a63e1ae-032e-4bed-9f20-125a11f65413@group-091950D56227-FollowerState was interrupted: java.lang.InterruptedException: sleep interrupted
2019-10-20 17:40:57,122 [grpc-default-executor-0] INFO  impl.RoleInfo (RoleInfo.java:updateAndGet(143)) - 8a63e1ae-032e-4bed-9f20-125a11f65413: start FollowerState
2019-10-20 17:40:57,147 [8f18dce1-0a3d-4b65-9c78-af3d58b2da7f@group-091950D56227-LeaderElection413] INFO  impl.LeaderElection (LeaderElection.java:logAndReturn(56)) - 8f18dce1-0a3d-4b65-9c78-af3d58b2da7f@group-091950D56227-LeaderElection413: Election REJECTED; received 2 response(s) [8f18dce1-0a3d-4b65-9c78-af3d58b2da7f<-8a63e1ae-032e-4bed-9f20-125a11f65413#0:FAIL-t493, 8f18dce1-0a3d-4b65-9c78-af3d58b2da7f<-7b1e61a0-7daf-43dd-99d5-9b325c1d31ae#0:FAIL-t493] and 0 exception(s); 8f18dce1-0a3d-4b65-9c78-af3d58b2da7f@group-091950D56227:t493, leader=null, voted=8f18dce1-0a3d-4b65-9c78-af3d58b2da7f, raftlog=8f18dce1-0a3d-4b65-9c78-af3d58b2da7f@group-091950D56227-SegmentedRaftLog:OPENED:c-1,f-1,i0, conf=-1: [8a63e1ae-032e-4bed-9f20-125a11f65413:0.0.0.0:38685, 8f18dce1-0a3d-4b65-9c78-af3d58b2da7f:0.0.0.0:42489, 7b1e61a0-7daf-43dd-99d5-9b325c1d31ae:0.0.0.0:38412], old=null
2019-10-20 17:40:57,147 [8f18dce1-0a3d-4b65-9c78-af3d58b2da7f@group-091950D56227-LeaderElection413] INFO  impl.RaftServerImpl (RaftServerImpl.java:setRole(184)) - 8f18dce1-0a3d-4b65-9c78-af3d58b2da7f@group-091950D56227: changes role from CANDIDATE to FOLLOWER at term 493 for DISCOVERED_A_NEW_TERM
2019-10-20 17:40:57,147 [8f18dce1-0a3d-4b65-9c78-af3d58b2da7f@group-091950D56227-LeaderElection413] INFO  impl.RoleInfo (RoleInfo.java:shutdownLeaderElection(134)) - 8f18dce1-0a3d-4b65-9c78-af3d58b2da7f: shutdown LeaderElection
2019-10-20 17:40:57,147 [8f18dce1-0a3d-4b65-9c78-af3d58b2da7f@group-091950D56227-LeaderElection413] INFO  impl.RoleInfo (RoleInfo.java:updateAndGet(143)) - 8f18dce1-0a3d-4b65-9c78-af3d58b2da7f: start FollowerState
2019-10-20 17:40:57,334 [Thread-2971] INFO  impl.FollowerState (FollowerState.java:run(108)) - 8f18dce1-0a3d-4b65-9c78-af3d58b2da7f@group-091950D56227-FollowerState: change to CANDIDATE, lastRpcTime:187ms, electionTimeout:187ms
2019-10-20 17:40:57,335 [Thread-2971] INFO  impl.RoleInfo (RoleInfo.java:shutdownFollowerState(121)) - 8f18dce1-0a3d-4b65-9c78-af3d58b2da7f: shutdown FollowerState
2019-10-20 17:40:57,335 [Thread-2971] INFO  impl.RaftServerImpl (RaftServerImpl.java:setRole(184)) - 8f18dce1-0a3d-4b65-9c78-af3d58b2da7f@group-091950D56227: changes role from  FOLLOWER to CANDIDATE at term 493 for changeToCandidate
2019-10-20 17:40:57,335 [Thread-2971] INFO  impl.RoleInfo (RoleInfo.java:updateAndGet(143)) - 8f18dce1-0a3d-4b65-9c78-af3d58b2da7f: start LeaderElection
2019-10-20 17:40:57,363 [8f18dce1-0a3d-4b65-9c78-af3d58b2da7f@group-091950D56227-LeaderElection414] INFO  impl.LeaderElection (LeaderElection.java:askForVotes(178)) - 8f18dce1-0a3d-4b65-9c78-af3d58b2da7f@group-091950D56227-LeaderElection414: begin an election at term 494 for -1: [8a63e1ae-032e-4bed-9f20-125a11f65413:0.0.0.0:38685, 8f18dce1-0a3d-4b65-9c78-af3d58b2da7f:0.0.0.0:42489, 7b1e61a0-7daf-43dd-99d5-9b325c1d31ae:0.0.0.0:38412], old=null
2019-10-20 17:40:57,365 [grpc-default-executor-0] INFO  impl.RaftServerImpl (RaftServerImpl.java:setRole(184)) - 8a63e1ae-032e-4bed-9f20-125a11f65413@group-091950D56227: changes role from  FOLLOWER to FOLLOWER at term 494 for recognizeCandidate:8f18dce1-0a3d-4b65-9c78-af3d58b2da7f
2019-10-20 17:40:57,365 [grpc-default-executor-2] INFO  impl.RaftServerImpl (RaftServerImpl.java:setRole(184)) - 7b1e61a0-7daf-43dd-99d5-9b325c1d31ae@group-091950D56227: changes role from  FOLLOWER to FOLLOWER at term 494 for recognizeCandidate:8f18dce1-0a3d-4b65-9c78-af3d58b2da7f
2019-10-20 17:40:57,365 [grpc-default-executor-2] INFO  impl.RoleInfo (RoleInfo.java:shutdownFollowerState(121)) - 7b1e61a0-7daf-43dd-99d5-9b325c1d31ae: shutdown FollowerState
2019-10-20 17:40:57,365 [grpc-default-executor-0] INFO  impl.RoleInfo (RoleInfo.java:shutdownFollowerState(121)) - 8a63e1ae-032e-4bed-9f20-125a11f65413: shutdown FollowerState
2019-10-20 17:40:57,366 [Thread-2969] INFO  impl.FollowerState (FollowerState.java:run(117)) - 7b1e61a0-7daf-43dd-99d5-9b325c1d31ae@group-091950D56227-FollowerState was interrupted: java.lang.InterruptedException: sleep interrupted
2019-10-20 17:40:57,366 [grpc-default-executor-2] INFO  impl.RoleInfo (RoleInfo.java:updateAndGet(143)) - 7b1e61a0-7daf-43dd-99d5-9b325c1d31ae: start FollowerState
2019-10-20 17:40:57,366 [Thread-2970] INFO  impl.FollowerState (FollowerState.java:run(117)) - 8a63e1ae-032e-4bed-9f20-125a11f65413@group-091950D56227-FollowerState was interrupted: java.lang.InterruptedException: sleep interrupted
2019-10-20 17:40:57,366 [grpc-default-executor-0] INFO  impl.RoleInfo (RoleInfo.java:updateAndGet(143)) - 8a63e1ae-032e-4bed-9f20-125a11f65413: start FollowerState
2019-10-20 17:40:57,390 [8f18dce1-0a3d-4b65-9c78-af3d58b2da7f@group-091950D56227-LeaderElection414] INFO  impl.LeaderElection (LeaderElection.java:logAndReturn(56)) - 8f18dce1-0a3d-4b65-9c78-af3d58b2da7f@group-091950D56227-LeaderElection414: Election REJECTED; received 2 response(s) [8f18dce1-0a3d-4b65-9c78-af3d58b2da7f<-8a63e1ae-032e-4bed-9f20-125a11f65413#0:FAIL-t494, 8f18dce1-0a3d-4b65-9c78-af3d58b2da7f<-7b1e61a0-7daf-43dd-99d5-9b325c1d31ae#0:FAIL-t494] and 0 exception(s); 8f18dce1-0a3d-4b65-9c78-af3d58b2da7f@group-091950D56227:t494, leader=null, voted=8f18dce1-0a3d-4b65-9c78-af3d58b2da7f, raftlog=8f18dce1-0a3d-4b65-9c78-af3d58b2da7f@group-091950D56227-SegmentedRaftLog:OPENED:c-1,f-1,i0, conf=-1: [8a63e1ae-032e-4bed-9f20-125a11f65413:0.0.0.0:38685, 8f18dce1-0a3d-4b65-9c78-af3d58b2da7f:0.0.0.0:42489, 7b1e61a0-7daf-43dd-99d5-9b325c1d31ae:0.0.0.0:38412], old=null
2019-10-20 17:40:57,390 [8f18dce1-0a3d-4b65-9c78-af3d58b2da7f@group-091950D56227-LeaderElection414] INFO  impl.RaftServerImpl (RaftServerImpl.java:setRole(184)) - 8f18dce1-0a3d-4b65-9c78-af3d58b2da7f@group-091950D56227: changes role from CANDIDATE to FOLLOWER at term 494 for DISCOVERED_A_NEW_TERM
2019-10-20 17:40:57,390 [8f18dce1-0a3d-4b65-9c78-af3d58b2da7f@group-091950D56227-LeaderElection414] INFO  impl.RoleInfo (RoleInfo.java:shutdownLeaderElection(134)) - 8f18dce1-0a3d-4b65-9c78-af3d58b2da7f: shutdown LeaderElection
2019-10-20 17:40:57,390 [8f18dce1-0a3d-4b65-9c78-af3d58b2da7f@group-091950D56227-LeaderElection414] INFO  impl.RoleInfo (RoleInfo.java:updateAndGet(143)) - 8f18dce1-0a3d-4b65-9c78-af3d58b2da7f: start FollowerState
2019-10-20 17:40:57,511 [Thread-2977] INFO  impl.FollowerState (FollowerState.java:run(108)) - 8f18dce1-0a3d-4b65-9c78-af3d58b2da7f@group-091950D56227-FollowerState: change to CANDIDATE, lastRpcTime:120ms, electionTimeout:120ms
2019-10-20 17:40:57,511 [Thread-2977] INFO  impl.RoleInfo (RoleInfo.java:shutdownFollowerState(121)) - 8f18dce1-0a3d-4b65-9c78-af3d58b2da7f: shutdown FollowerState
2019-10-20 17:40:57,511 [Thread-2977] INFO  impl.RaftServerImpl (RaftServerImpl.java:setRole(184)) - 8f18dce1-0a3d-4b65-9c78-af3d58b2da7f@group-091950D56227: changes role from  FOLLOWER to CANDIDATE at term 494 for changeToCandidate
2019-10-20 17:40:57,511 [Thread-2977] INFO  impl.RoleInfo (RoleInfo.java:updateAndGet(143)) - 8f18dce1-0a3d-4b65-9c78-af3d58b2da7f: start LeaderElection
2019-10-20 17:40:57,540 [8f18dce1-0a3d-4b65-9c78-af3d58b2da7f@group-091950D56227-LeaderElection415] INFO  impl.LeaderElection (LeaderElection.java:askForVotes(178)) - 8f18dce1-0a3d-4b65-9c78-af3d58b2da7f@group-091950D56227-LeaderElection415: begin an election at term 495 for -1: [8a63e1ae-032e-4bed-9f20-125a11f65413:0.0.0.0:38685, 8f18dce1-0a3d-4b65-9c78-af3d58b2da7f:0.0.0.0:42489, 7b1e61a0-7daf-43dd-99d5-9b325c1d31ae:0.0.0.0:38412], old=null
2019-10-20 17:40:57,542 [grpc-default-executor-0] INFO  impl.RaftServerImpl (RaftServerImpl.java:setRole(184)) - 8a63e1ae-032e-4bed-9f20-125a11f65413@group-091950D56227: changes role from  FOLLOWER to FOLLOWER at term 495 for recognizeCandidate:8f18dce1-0a3d-4b65-9c78-af3d58b2da7f
2019-10-20 17:40:57,542 [grpc-default-executor-0] INFO  impl.RoleInfo (RoleInfo.java:shutdownFollowerState(121)) - 8a63e1ae-032e-4bed-9f20-125a11f65413: shutdown FollowerState
2019-10-20 17:40:57,542 [grpc-default-executor-2] INFO  impl.RaftServerImpl (RaftServerImpl.java:setRole(184)) - 7b1e61a0-7daf-43dd-99d5-9b325c1d31ae@group-091950D56227: changes role from  FOLLOWER to FOLLOWER at term 495 for recognizeCandidate:8f18dce1-0a3d-4b65-9c78-af3d58b2da7f
2019-10-20 17:40:57,543 [grpc-default-executor-2] INFO  impl.RoleInfo (RoleInfo.java:shutdownFollowerState(121)) - 7b1e61a0-7daf-43dd-99d5-9b325c1d31ae: shutdown FollowerState
2019-10-20 17:40:57,543 [Thread-2976] INFO  impl.FollowerState (FollowerState.java:run(117)) - 8a63e1ae-032e-4bed-9f20-125a11f65413@group-091950D56227-FollowerState was interrupted: java.lang.InterruptedException: sleep interrupted
2019-10-20 17:40:57,543 [Thread-2975] INFO  impl.FollowerState (FollowerState.java:run(117)) - 7b1e61a0-7daf-43dd-99d5-9b325c1d31ae@group-091950D56227-FollowerState was interrupted: java.lang.InterruptedException: sleep interrupted
2019-10-20 17:40:57,543 [grpc-default-executor-0] INFO  impl.RoleInfo (RoleInfo.java:updateAndGet(143)) - 8a63e1ae-032e-4bed-9f20-125a11f65413: start FollowerState
2019-10-20 17:40:57,543 [grpc-default-executor-2] INFO  impl.RoleInfo (RoleInfo.java:updateAndGet(143)) - 7b1e61a0-7daf-43dd-99d5-9b325c1d31ae: start FollowerState
2019-10-20 17:40:57,566 [8f18dce1-0a3d-4b65-9c78-af3d58b2da7f@group-091950D56227-LeaderElection415] INFO  impl.LeaderElection (LeaderElection.java:logAndReturn(56)) - 8f18dce1-0a3d-4b65-9c78-af3d58b2da7f@group-091950D56227-LeaderElection415: Election REJECTED; received 2 response(s) [8f18dce1-0a3d-4b65-9c78-af3d58b2da7f<-8a63e1ae-032e-4bed-9f20-125a11f65413#0:FAIL-t495, 8f18dce1-0a3d-4b65-9c78-af3d58b2da7f<-7b1e61a0-7daf-43dd-99d5-9b325c1d31ae#0:FAIL-t495] and 0 exception(s); 8f18dce1-0a3d-4b65-9c78-af3d58b2da7f@group-091950D56227:t495, leader=null, voted=8f18dce1-0a3d-4b65-9c78-af3d58b2da7f, raftlog=8f18dce1-0a3d-4b65-9c78-af3d58b2da7f@group-091950D56227-SegmentedRaftLog:OPENED:c-1,f-1,i0, conf=-1: [8a63e1ae-032e-4bed-9f20-125a11f65413:0.0.0.0:38685, 8f18dce1-0a3d-4b65-9c78-af3d58b2da7f:0.0.0.0:42489, 7b1e61a0-7daf-43dd-99d5-9b325c1d31ae:0.0.0.0:38412], old=null
2019-10-20 17:40:57,567 [8f18dce1-0a3d-4b65-9c78-af3d58b2da7f@group-091950D56227-LeaderElection415] INFO  impl.RaftServerImpl (RaftServerImpl.java:setRole(184)) - 8f18dce1-0a3d-4b65-9c78-af3d58b2da7f@group-091950D56227: changes role from CANDIDATE to FOLLOWER at term 495 for DISCOVERED_A_NEW_TERM
2019-10-20 17:40:57,567 [8f18dce1-0a3d-4b65-9c78-af3d58b2da7f@group-091950D56227-LeaderElection415] INFO  impl.RoleInfo (RoleInfo.java:shutdownLeaderElection(134)) - 8f18dce1-0a3d-4b65-9c78-af3d58b2da7f: shutdown LeaderElection
2019-10-20 17:40:57,567 [8f18dce1-0a3d-4b65-9c78-af3d58b2da7f@group-091950D56227-LeaderElection415] INFO  impl.RoleInfo (RoleInfo.java:updateAndGet(143)) - 8f18dce1-0a3d-4b65-9c78-af3d58b2da7f: start FollowerState
2019-10-20 17:40:57,627 [Thread-2985] INFO  impl.FollowerState (FollowerState.java:run(108)) - 8f18dce1-0a3d-4b65-9c78-af3d58b2da7f@group-091950D56227-FollowerState: change to CANDIDATE, lastRpcTime:60ms, electionTimeout:60ms
2019-10-20 17:40:57,628 [Thread-2985] INFO  impl.RoleInfo (RoleInfo.java:shutdownFollowerState(121)) - 8f18dce1-0a3d-4b65-9c78-af3d58b2da7f: shutdown FollowerState
2019-10-20 17:40:57,628 [Thread-2985] INFO  impl.RaftServerImpl (RaftServerImpl.java:setRole(184)) - 8f18dce1-0a3d-4b65-9c78-af3d58b2da7f@group-091950D56227: changes role from  FOLLOWER to CANDIDATE at term 495 for changeToCandidate
2019-10-20 17:40:57,628 [Thread-2985] INFO  impl.RoleInfo (RoleInfo.java:updateAndGet(143)) - 8f18dce1-0a3d-4b65-9c78-af3d58b2da7f: start LeaderElection
2019-10-20 17:40:57,659 [8f18dce1-0a3d-4b65-9c78-af3d58b2da7f@group-091950D56227-LeaderElection416] INFO  impl.LeaderElection (LeaderElection.java:askForVotes(178)) - 8f18dce1-0a3d-4b65-9c78-af3d58b2da7f@group-091950D56227-LeaderElection416: begin an election at term 496 for -1: [8a63e1ae-032e-4bed-9f20-125a11f65413:0.0.0.0:38685, 8f18dce1-0a3d-4b65-9c78-af3d58b2da7f:0.0.0.0:42489, 7b1e61a0-7daf-43dd-99d5-9b325c1d31ae:0.0.0.0:38412], old=null
2019-10-20 17:40:57,661 [grpc-default-executor-2] INFO  impl.RaftServerImpl (RaftServerImpl.java:setRole(184)) - 8a63e1ae-032e-4bed-9f20-125a11f65413@group-091950D56227: changes role from  FOLLOWER to FOLLOWER at term 496 for recognizeCandidate:8f18dce1-0a3d-4b65-9c78-af3d58b2da7f
2019-10-20 17:40:57,661 [grpc-default-executor-2] INFO  impl.RoleInfo (RoleInfo.java:shutdownFollowerState(121)) - 8a63e1ae-032e-4bed-9f20-125a11f65413: shutdown FollowerState
2019-10-20 17:40:57,661 [grpc-default-executor-0] INFO  impl.RaftServerImpl (RaftServerImpl.java:setRole(184)) - 7b1e61a0-7daf-43dd-99d5-9b325c1d31ae@group-091950D56227: changes role from  FOLLOWER to FOLLOWER at term 496 for recognizeCandidate:8f18dce1-0a3d-4b65-9c78-af3d58b2da7f
2019-10-20 17:40:57,661 [Thread-2983] INFO  impl.FollowerState (FollowerState.java:run(117)) - 8a63e1ae-032e-4bed-9f20-125a11f65413@group-091950D56227-FollowerState was interrupted: java.lang.InterruptedException: sleep interrupted
2019-10-20 17:40:57,661 [grpc-default-executor-2] INFO  impl.RoleInfo (RoleInfo.java:updateAndGet(143)) - 8a63e1ae-032e-4bed-9f20-125a11f65413: start FollowerState
2019-10-20 17:40:57,661 [grpc-default-executor-0] INFO  impl.RoleInfo (RoleInfo.java:shutdownFollowerState(121)) - 7b1e61a0-7daf-43dd-99d5-9b325c1d31ae: shutdown FollowerState
2019-10-20 17:40:57,662 [grpc-default-executor-0] INFO  impl.RoleInfo (RoleInfo.java:updateAndGet(143)) - 7b1e61a0-7daf-43dd-99d5-9b325c1d31ae: start FollowerState
2019-10-20 17:40:57,662 [Thread-2984] INFO  impl.FollowerState (FollowerState.java:run(117)) - 7b1e61a0-7daf-43dd-99d5-9b325c1d31ae@group-091950D56227-FollowerState was interrupted: java.lang.InterruptedException: sleep interrupted
2019-10-20 17:40:57,678 [8f18dce1-0a3d-4b65-9c78-af3d58b2da7f@group-091950D56227-LeaderElection416] INFO  impl.LeaderElection (LeaderElection.java:logAndReturn(56)) - 8f18dce1-0a3d-4b65-9c78-af3d58b2da7f@group-091950D56227-LeaderElection416: Election TIMEOUT; received 0 response(s) [] and 0 exception(s); 8f18dce1-0a3d-4b65-9c78-af3d58b2da7f@group-091950D56227:t496, leader=null, voted=8f18dce1-0a3d-4b65-9c78-af3d58b2da7f, raftlog=8f18dce1-0a3d-4b65-9c78-af3d58b2da7f@group-091950D56227-SegmentedRaftLog:OPENED:c-1,f-1,i0, conf=-1: [8a63e1ae-032e-4bed-9f20-125a11f65413:0.0.0.0:38685, 8f18dce1-0a3d-4b65-9c78-af3d58b2da7f:0.0.0.0:42489, 7b1e61a0-7daf-43dd-99d5-9b325c1d31ae:0.0.0.0:38412], old=null
2019-10-20 17:40:57,702 [8f18dce1-0a3d-4b65-9c78-af3d58b2da7f@group-091950D56227-LeaderElection416] INFO  impl.LeaderElection (LeaderElection.java:askForVotes(178)) - 8f18dce1-0a3d-4b65-9c78-af3d58b2da7f@group-091950D56227-LeaderElection416: begin an election at term 497 for -1: [8a63e1ae-032e-4bed-9f20-125a11f65413:0.0.0.0:38685, 8f18dce1-0a3d-4b65-9c78-af3d58b2da7f:0.0.0.0:42489, 7b1e61a0-7daf-43dd-99d5-9b325c1d31ae:0.0.0.0:38412], old=null
2019-10-20 17:40:57,704 [grpc-default-executor-2] INFO  impl.RaftServerImpl (RaftServerImpl.java:setRole(184)) - 8a63e1ae-032e-4bed-9f20-125a11f65413@group-091950D56227: changes role from  FOLLOWER to FOLLOWER at term 497 for recognizeCandidate:8f18dce1-0a3d-4b65-9c78-af3d58b2da7f
2019-10-20 17:40:57,704 [grpc-default-executor-2] INFO  impl.RoleInfo (RoleInfo.java:shutdownFollowerState(121)) - 8a63e1ae-032e-4bed-9f20-125a11f65413: shutdown FollowerState
2019-10-20 17:40:57,704 [grpc-default-executor-2] INFO  impl.RoleInfo (RoleInfo.java:updateAndGet(143)) - 8a63e1ae-032e-4bed-9f20-125a11f65413: start FollowerState
2019-10-20 17:40:57,704 [grpc-default-executor-0] INFO  impl.RaftServerImpl (RaftServerImpl.java:setRole(184)) - 7b1e61a0-7daf-43dd-99d5-9b325c1d31ae@group-091950D56227: changes role from  FOLLOWER to FOLLOWER at term 497 for recognizeCandidate:8f18dce1-0a3d-4b65-9c78-af3d58b2da7f
2019-10-20 17:40:57,704 [Thread-2989] INFO  impl.FollowerState (FollowerState.java:run(117)) - 8a63e1ae-032e-4bed-9f20-125a11f65413@group-091950D56227-FollowerState was interrupted: java.lang.InterruptedException: sleep interrupted
2019-10-20 17:40:57,704 [grpc-default-executor-0] INFO  impl.RoleInfo (RoleInfo.java:shutdownFollowerState(121)) - 7b1e61a0-7daf-43dd-99d5-9b325c1d31ae: shutdown FollowerState
2019-10-20 17:40:57,705 [grpc-default-executor-0] INFO  impl.RoleInfo (RoleInfo.java:updateAndGet(143)) - 7b1e61a0-7daf-43dd-99d5-9b325c1d31ae: start FollowerState
2019-10-20 17:40:57,705 [Thread-2990] INFO  impl.FollowerState (FollowerState.java:run(117)) - 7b1e61a0-7daf-43dd-99d5-9b325c1d31ae@group-091950D56227-FollowerState was interrupted: java.lang.InterruptedException: sleep interrupted
2019-10-20 17:40:57,729 [8f18dce1-0a3d-4b65-9c78-af3d58b2da7f@group-091950D56227-LeaderElection416] INFO  impl.LeaderElection (LeaderElection.java:logAndReturn(56)) - 8f18dce1-0a3d-4b65-9c78-af3d58b2da7f@group-091950D56227-LeaderElection416: Election REJECTED; received 2 response(s) [8f18dce1-0a3d-4b65-9c78-af3d58b2da7f<-8a63e1ae-032e-4bed-9f20-125a11f65413#0:FAIL-t497, 8f18dce1-0a3d-4b65-9c78-af3d58b2da7f<-7b1e61a0-7daf-43dd-99d5-9b325c1d31ae#0:FAIL-t497] and 0 exception(s); 8f18dce1-0a3d-4b65-9c78-af3d58b2da7f@group-091950D56227:t497, leader=null, voted=8f18dce1-0a3d-4b65-9c78-af3d58b2da7f, raftlog=8f18dce1-0a3d-4b65-9c78-af3d58b2da7f@group-091950D56227-SegmentedRaftLog:OPENED:c-1,f-1,i0, conf=-1: [8a63e1ae-032e-4bed-9f20-125a11f65413:0.0.0.0:38685, 8f18dce1-0a3d-4b65-9c78-af3d58b2da7f:0.0.0.0:42489, 7b1e61a0-7daf-43dd-99d5-9b325c1d31ae:0.0.0.0:38412], old=null
2019-10-20 17:40:57,729 [8f18dce1-0a3d-4b65-9c78-af3d58b2da7f@group-091950D56227-LeaderElection416] INFO  impl.RaftServerImpl (RaftServerImpl.java:setRole(184)) - 8f18dce1-0a3d-4b65-9c78-af3d58b2da7f@group-091950D56227: changes role from CANDIDATE to FOLLOWER at term 497 for DISCOVERED_A_NEW_TERM
2019-10-20 17:40:57,729 [8f18dce1-0a3d-4b65-9c78-af3d58b2da7f@group-091950D56227-LeaderElection416] INFO  impl.RoleInfo (RoleInfo.java:shutdownLeaderElection(134)) - 8f18dce1-0a3d-4b65-9c78-af3d58b2da7f: shutdown LeaderElection
2019-10-20 17:40:57,729 [8f18dce1-0a3d-4b65-9c78-af3d58b2da7f@group-091950D56227-LeaderElection416] INFO  impl.RoleInfo (RoleInfo.java:updateAndGet(143)) - 8f18dce1-0a3d-4b65-9c78-af3d58b2da7f: start FollowerState
2019-10-20 17:40:57,746 [Thread-2995] INFO  impl.FollowerState (FollowerState.java:run(108)) - 8f18dce1-0a3d-4b65-9c78-af3d58b2da7f@group-091950D56227-FollowerState: change to CANDIDATE, lastRpcTime:17ms, electionTimeout:17ms
2019-10-20 17:40:57,747 [Thread-2995] INFO  impl.RoleInfo (RoleInfo.java:shutdownFollowerState(121)) - 8f18dce1-0a3d-4b65-9c78-af3d58b2da7f: shutdown FollowerState
2019-10-20 17:40:57,747 [Thread-2995] INFO  impl.RaftServerImpl (RaftServerImpl.java:setRole(184)) - 8f18dce1-0a3d-4b65-9c78-af3d58b2da7f@group-091950D56227: changes role from  FOLLOWER to CANDIDATE at term 497 for changeToCandidate
2019-10-20 17:40:57,748 [Thread-2995] INFO  impl.RoleInfo (RoleInfo.java:updateAndGet(143)) - 8f18dce1-0a3d-4b65-9c78-af3d58b2da7f: start LeaderElection
2019-10-20 17:40:57,771 [8f18dce1-0a3d-4b65-9c78-af3d58b2da7f@group-091950D56227-LeaderElection417] INFO  impl.LeaderElection (LeaderElection.java:askForVotes(178)) - 8f18dce1-0a3d-4b65-9c78-af3d58b2da7f@group-091950D56227-LeaderElection417: begin an election at term 498 for -1: [8a63e1ae-032e-4bed-9f20-125a11f65413:0.0.0.0:38685, 8f18dce1-0a3d-4b65-9c78-af3d58b2da7f:0.0.0.0:42489, 7b1e61a0-7daf-43dd-99d5-9b325c1d31ae:0.0.0.0:38412], old=null
2019-10-20 17:40:57,772 [grpc-default-executor-0] INFO  impl.RaftServerImpl (RaftServerImpl.java:setRole(184)) - 8a63e1ae-032e-4bed-9f20-125a11f65413@group-091950D56227: changes role from  FOLLOWER to FOLLOWER at term 498 for recognizeCandidate:8f18dce1-0a3d-4b65-9c78-af3d58b2da7f
2019-10-20 17:40:57,772 [grpc-default-executor-0] INFO  impl.RoleInfo (RoleInfo.java:shutdownFollowerState(121)) - 8a63e1ae-032e-4bed-9f20-125a11f65413: shutdown FollowerState
2019-10-20 17:40:57,772 [grpc-default-executor-2] INFO  impl.RaftServerImpl (RaftServerImpl.java:setRole(184)) - 7b1e61a0-7daf-43dd-99d5-9b325c1d31ae@group-091950D56227: changes role from  FOLLOWER to FOLLOWER at term 498 for recognizeCandidate:8f18dce1-0a3d-4b65-9c78-af3d58b2da7f
2019-10-20 17:40:57,773 [grpc-default-executor-2] INFO  impl.RoleInfo (RoleInfo.java:shutdownFollowerState(121)) - 7b1e61a0-7daf-43dd-99d5-9b325c1d31ae: shutdown FollowerState
2019-10-20 17:40:57,773 [Thread-2993] INFO  impl.FollowerState (FollowerState.java:run(117)) - 8a63e1ae-032e-4bed-9f20-125a11f65413@group-091950D56227-FollowerState was interrupted: java.lang.InterruptedException: sleep interrupted
2019-10-20 17:40:57,772 [grpc-default-executor-0] INFO  impl.RoleInfo (RoleInfo.java:updateAndGet(143)) - 8a63e1ae-032e-4bed-9f20-125a11f65413: start FollowerState
2019-10-20 17:40:57,773 [Thread-2994] INFO  impl.FollowerState (FollowerState.java:run(117)) - 7b1e61a0-7daf-43dd-99d5-9b325c1d31ae@group-091950D56227-FollowerState was interrupted: java.lang.InterruptedException: sleep interrupted
2019-10-20 17:40:57,773 [grpc-default-executor-2] INFO  impl.RoleInfo (RoleInfo.java:updateAndGet(143)) - 7b1e61a0-7daf-43dd-99d5-9b325c1d31ae: start FollowerState
2019-10-20 17:40:57,778 [8f18dce1-0a3d-4b65-9c78-af3d58b2da7f@group-091950D56227-LeaderElection417] INFO  impl.LeaderElection (LeaderElection.java:logAndReturn(56)) - 8f18dce1-0a3d-4b65-9c78-af3d58b2da7f@group-091950D56227-LeaderElection417: Election TIMEOUT; received 0 response(s) [] and 0 exception(s); 8f18dce1-0a3d-4b65-9c78-af3d58b2da7f@group-091950D56227:t498, leader=null, voted=8f18dce1-0a3d-4b65-9c78-af3d58b2da7f, raftlog=8f18dce1-0a3d-4b65-9c78-af3d58b2da7f@group-091950D56227-SegmentedRaftLog:OPENED:c-1,f-1,i0, conf=-1: [8a63e1ae-032e-4bed-9f20-125a11f65413:0.0.0.0:38685, 8f18dce1-0a3d-4b65-9c78-af3d58b2da7f:0.0.0.0:42489, 7b1e61a0-7daf-43dd-99d5-9b325c1d31ae:0.0.0.0:38412], old=null
2019-10-20 17:40:57,797 [8f18dce1-0a3d-4b65-9c78-af3d58b2da7f@group-091950D56227-LeaderElection417] INFO  impl.LeaderElection (LeaderElection.java:askForVotes(178)) - 8f18dce1-0a3d-4b65-9c78-af3d58b2da7f@group-091950D56227-LeaderElection417: begin an election at term 499 for -1: [8a63e1ae-032e-4bed-9f20-125a11f65413:0.0.0.0:38685, 8f18dce1-0a3d-4b65-9c78-af3d58b2da7f:0.0.0.0:42489, 7b1e61a0-7daf-43dd-99d5-9b325c1d31ae:0.0.0.0:38412], old=null
2019-10-20 17:40:57,798 [grpc-default-executor-2] INFO  impl.RaftServerImpl (RaftServerImpl.java:setRole(184)) - 8a63e1ae-032e-4bed-9f20-125a11f65413@group-091950D56227: changes role from  FOLLOWER to FOLLOWER at term 499 for recognizeCandidate:8f18dce1-0a3d-4b65-9c78-af3d58b2da7f
2019-10-20 17:40:57,798 [grpc-default-executor-0] INFO  impl.RaftServerImpl (RaftServerImpl.java:setRole(184)) - 7b1e61a0-7daf-43dd-99d5-9b325c1d31ae@group-091950D56227: changes role from  FOLLOWER to FOLLOWER at term 499 for recognizeCandidate:8f18dce1-0a3d-4b65-9c78-af3d58b2da7f
2019-10-20 17:40:57,798 [grpc-default-executor-2] INFO  impl.RoleInfo (RoleInfo.java:shutdownFollowerState(121)) - 8a63e1ae-032e-4bed-9f20-125a11f65413: shutdown FollowerState
2019-10-20 17:40:57,798 [grpc-default-executor-0] INFO  impl.RoleInfo (RoleInfo.java:shutdownFollowerState(121)) - 7b1e61a0-7daf-43dd-99d5-9b325c1d31ae: shutdown FollowerState
2019-10-20 17:40:57,799 [grpc-default-executor-2] INFO  impl.RoleInfo (RoleInfo.java:updateAndGet(143)) - 8a63e1ae-032e-4bed-9f20-125a11f65413: start FollowerState
2019-10-20 17:40:57,799 [Thread-3000] INFO  impl.FollowerState (FollowerState.java:run(117)) - 7b1e61a0-7daf-43dd-99d5-9b325c1d31ae@group-091950D56227-FollowerState was interrupted: java.lang.InterruptedException: sleep interrupted
2019-10-20 17:40:57,799 [Thread-2999] INFO  impl.FollowerState (FollowerState.java:run(117)) - 8a63e1ae-032e-4bed-9f20-125a11f65413@group-091950D56227-FollowerState was interrupted: java.lang.InterruptedException: sleep interrupted
2019-10-20 17:40:57,799 [grpc-default-executor-0] INFO  impl.RoleInfo (RoleInfo.java:updateAndGet(143)) - 7b1e61a0-7daf-43dd-99d5-9b325c1d31ae: start FollowerState
2019-10-20 17:40:57,823 [8f18dce1-0a3d-4b65-9c78-af3d58b2da7f@group-091950D56227-LeaderElection417] INFO  impl.LeaderElection (LeaderElection.java:logAndReturn(56)) - 8f18dce1-0a3d-4b65-9c78-af3d58b2da7f@group-091950D56227-LeaderElection417: Election REJECTED; received 2 response(s) [8f18dce1-0a3d-4b65-9c78-af3d58b2da7f<-8a63e1ae-032e-4bed-9f20-125a11f65413#0:FAIL-t499, 8f18dce1-0a3d-4b65-9c78-af3d58b2da7f<-7b1e61a0-7daf-43dd-99d5-9b325c1d31ae#0:FAIL-t499] and 0 exception(s); 8f18dce1-0a3d-4b65-9c78-af3d58b2da7f@group-091950D56227:t499, leader=null, voted=8f18dce1-0a3d-4b65-9c78-af3d58b2da7f, raftlog=8f18dce1-0a3d-4b65-9c78-af3d58b2da7f@group-091950D56227-SegmentedRaftLog:OPENED:c-1,f-1,i0, conf=-1: [8a63e1ae-032e-4bed-9f20-125a11f65413:0.0.0.0:38685, 8f18dce1-0a3d-4b65-9c78-af3d58b2da7f:0.0.0.0:42489, 7b1e61a0-7daf-43dd-99d5-9b325c1d31ae:0.0.0.0:38412], old=null
2019-10-20 17:40:57,823 [8f18dce1-0a3d-4b65-9c78-af3d58b2da7f@group-091950D56227-LeaderElection417] INFO  impl.RaftServerImpl (RaftServerImpl.java:setRole(184)) - 8f18dce1-0a3d-4b65-9c78-af3d58b2da7f@group-091950D56227: changes role from CANDIDATE to FOLLOWER at term 499 for DISCOVERED_A_NEW_TERM
2019-10-20 17:40:57,823 [8f18dce1-0a3d-4b65-9c78-af3d58b2da7f@group-091950D56227-LeaderElection417] INFO  impl.RoleInfo (RoleInfo.java:shutdownLeaderElection(134)) - 8f18dce1-0a3d-4b65-9c78-af3d58b2da7f: shutdown LeaderElection
2019-10-20 17:40:57,823 [8f18dce1-0a3d-4b65-9c78-af3d58b2da7f@group-091950D56227-LeaderElection417] INFO  impl.RoleInfo (RoleInfo.java:updateAndGet(143)) - 8f18dce1-0a3d-4b65-9c78-af3d58b2da7f: start FollowerState
2019-10-20 17:40:57,898 [Thread-3005] INFO  impl.FollowerState (FollowerState.java:run(108)) - 8f18dce1-0a3d-4b65-9c78-af3d58b2da7f@group-091950D56227-FollowerState: change to CANDIDATE, lastRpcTime:74ms, electionTimeout:74ms
2019-10-20 17:40:57,898 [Thread-3005] INFO  impl.RoleInfo (RoleInfo.java:shutdownFollowerState(121)) - 8f18dce1-0a3d-4b65-9c78-af3d58b2da7f: shutdown FollowerState
2019-10-20 17:40:57,898 [Thread-3005] INFO  impl.RaftServerImpl (RaftServerImpl.java:setRole(184)) - 8f18dce1-0a3d-4b65-9c78-af3d58b2da7f@group-091950D56227: changes role from  FOLLOWER to CANDIDATE at term 499 for changeToCandidate
2019-10-20 17:40:57,898 [Thread-3005] INFO  impl.RoleInfo (RoleInfo.java:updateAndGet(143)) - 8f18dce1-0a3d-4b65-9c78-af3d58b2da7f: start LeaderElection
2019-10-20 17:40:57,923 [8f18dce1-0a3d-4b65-9c78-af3d58b2da7f@group-091950D56227-LeaderElection418] INFO  impl.LeaderElection (LeaderElection.java:askForVotes(178)) - 8f18dce1-0a3d-4b65-9c78-af3d58b2da7f@group-091950D56227-LeaderElection418: begin an election at term 500 for -1: [8a63e1ae-032e-4bed-9f20-125a11f65413:0.0.0.0:38685, 8f18dce1-0a3d-4b65-9c78-af3d58b2da7f:0.0.0.0:42489, 7b1e61a0-7daf-43dd-99d5-9b325c1d31ae:0.0.0.0:38412], old=null
2019-10-20 17:40:57,924 [8f18dce1-0a3d-4b65-9c78-af3d58b2da7f@group-091950D56227-LeaderElection418] INFO  impl.LeaderElection (LeaderElection.java:logAndReturn(56)) - 8f18dce1-0a3d-4b65-9c78-af3d58b2da7f@group-091950D56227-LeaderElection418: Election TIMEOUT; received 0 response(s) [] and 0 exception(s); 8f18dce1-0a3d-4b65-9c78-af3d58b2da7f@group-091950D56227:t500, leader=null, voted=8f18dce1-0a3d-4b65-9c78-af3d58b2da7f, raftlog=8f18dce1-0a3d-4b65-9c78-af3d58b2da7f@group-091950D56227-SegmentedRaftLog:OPENED:c-1,f-1,i0, conf=-1: [8a63e1ae-032e-4bed-9f20-125a11f65413:0.0.0.0:38685, 8f18dce1-0a3d-4b65-9c78-af3d58b2da7f:0.0.0.0:42489, 7b1e61a0-7daf-43dd-99d5-9b325c1d31ae:0.0.0.0:38412], old=null
2019-10-20 17:40:57,925 [grpc-default-executor-2] INFO  impl.RaftServerImpl (RaftServerImpl.java:setRole(184)) - 7b1e61a0-7daf-43dd-99d5-9b325c1d31ae@group-091950D56227: changes role from  FOLLOWER to FOLLOWER at term 500 for recognizeCandidate:8f18dce1-0a3d-4b65-9c78-af3d58b2da7f
2019-10-20 17:40:57,925 [grpc-default-executor-2] INFO  impl.RoleInfo (RoleInfo.java:shutdownFollowerState(121)) - 7b1e61a0-7daf-43dd-99d5-9b325c1d31ae: shutdown FollowerState
2019-10-20 17:40:57,925 [grpc-default-executor-0] INFO  impl.RaftServerImpl (RaftServerImpl.java:setRole(184)) - 8a63e1ae-032e-4bed-9f20-125a11f65413@group-091950D56227: changes role from  FOLLOWER to FOLLOWER at term 500 for recognizeCandidate:8f18dce1-0a3d-4b65-9c78-af3d58b2da7f
2019-10-20 17:40:57,925 [Thread-3004] INFO  impl.FollowerState (FollowerState.java:run(117)) - 7b1e61a0-7daf-43dd-99d5-9b325c1d31ae@group-091950D56227-FollowerState was interrupted: java.lang.InterruptedException: sleep interrupted
2019-10-20 17:40:57,925 [grpc-default-executor-2] INFO  impl.RoleInfo (RoleInfo.java:updateAndGet(143)) - 7b1e61a0-7daf-43dd-99d5-9b325c1d31ae: start FollowerState
2019-10-20 17:40:57,925 [grpc-default-executor-0] INFO  impl.RoleInfo (RoleInfo.java:shutdownFollowerState(121)) - 8a63e1ae-032e-4bed-9f20-125a11f65413: shutdown FollowerState
2019-10-20 17:40:57,926 [grpc-default-executor-0] INFO  impl.RoleInfo (RoleInfo.java:updateAndGet(143)) - 8a63e1ae-032e-4bed-9f20-125a11f65413: start FollowerState
2019-10-20 17:40:57,926 [Thread-3003] INFO  impl.FollowerState (FollowerState.java:run(117)) - 8a63e1ae-032e-4bed-9f20-125a11f65413@group-091950D56227-FollowerState was interrupted: java.lang.InterruptedException: sleep interrupted
2019-10-20 17:40:57,948 [8f18dce1-0a3d-4b65-9c78-af3d58b2da7f@group-091950D56227-LeaderElection418] INFO  impl.LeaderElection (LeaderElection.java:askForVotes(178)) - 8f18dce1-0a3d-4b65-9c78-af3d58b2da7f@group-091950D56227-LeaderElection418: begin an election at term 501 for -1: [8a63e1ae-032e-4bed-9f20-125a11f65413:0.0.0.0:38685, 8f18dce1-0a3d-4b65-9c78-af3d58b2da7f:0.0.0.0:42489, 7b1e61a0-7daf-43dd-99d5-9b325c1d31ae:0.0.0.0:38412], old=null
2019-10-20 17:40:57,950 [grpc-default-executor-2] INFO  impl.RaftServerImpl (RaftServerImpl.java:setRole(184)) - 7b1e61a0-7daf-43dd-99d5-9b325c1d31ae@group-091950D56227: changes role from  FOLLOWER to FOLLOWER at term 501 for recognizeCandidate:8f18dce1-0a3d-4b65-9c78-af3d58b2da7f
2019-10-20 17:40:57,950 [grpc-default-executor-2] INFO  impl.RoleInfo (RoleInfo.java:shutdownFollowerState(121)) - 7b1e61a0-7daf-43dd-99d5-9b325c1d31ae: shutdown FollowerState
2019-10-20 17:40:57,950 [grpc-default-executor-2] INFO  impl.RoleInfo (RoleInfo.java:updateAndGet(143)) - 7b1e61a0-7daf-43dd-99d5-9b325c1d31ae: start FollowerState
2019-10-20 17:40:57,950 [Thread-3009] INFO  impl.FollowerState (FollowerState.java:run(117)) - 7b1e61a0-7daf-43dd-99d5-9b325c1d31ae@group-091950D56227-FollowerState was interrupted: java.lang.InterruptedException: sleep interrupted
2019-10-20 17:40:57,951 [grpc-default-executor-0] INFO  impl.RaftServerImpl (RaftServerImpl.java:setRole(184)) - 8a63e1ae-032e-4bed-9f20-125a11f65413@group-091950D56227: changes role from  FOLLOWER to FOLLOWER at term 501 for recognizeCandidate:8f18dce1-0a3d-4b65-9c78-af3d58b2da7f
2019-10-20 17:40:57,951 [grpc-default-executor-0] INFO  impl.RoleInfo (RoleInfo.java:shutdownFollowerState(121)) - 8a63e1ae-032e-4bed-9f20-125a11f65413: shutdown FollowerState
2019-10-20 17:40:57,951 [grpc-default-executor-0] INFO  impl.RoleInfo (RoleInfo.java:updateAndGet(143)) - 8a63e1ae-032e-4bed-9f20-125a11f65413: start FollowerState
2019-10-20 17:40:57,951 [Thread-3010] INFO  impl.FollowerState (FollowerState.java:run(117)) - 8a63e1ae-032e-4bed-9f20-125a11f65413@group-091950D56227-FollowerState was interrupted: java.lang.InterruptedException: sleep interrupted
2019-10-20 17:40:57,991 [8f18dce1-0a3d-4b65-9c78-af3d58b2da7f@group-091950D56227-LeaderElection418] INFO  impl.LeaderElection (LeaderElection.java:logAndReturn(56)) - 8f18dce1-0a3d-4b65-9c78-af3d58b2da7f@group-091950D56227-LeaderElection418: Election REJECTED; received 2 response(s) [8f18dce1-0a3d-4b65-9c78-af3d58b2da7f<-8a63e1ae-032e-4bed-9f20-125a11f65413#0:FAIL-t501, 8f18dce1-0a3d-4b65-9c78-af3d58b2da7f<-7b1e61a0-7daf-43dd-99d5-9b325c1d31ae#0:FAIL-t501] and 0 exception(s); 8f18dce1-0a3d-4b65-9c78-af3d58b2da7f@group-091950D56227:t501, leader=null, voted=8f18dce1-0a3d-4b65-9c78-af3d58b2da7f, raftlog=8f18dce1-0a3d-4b65-9c78-af3d58b2da7f@group-091950D56227-SegmentedRaftLog:OPENED:c-1,f-1,i0, conf=-1: [8a63e1ae-032e-4bed-9f20-125a11f65413:0.0.0.0:38685, 8f18dce1-0a3d-4b65-9c78-af3d58b2da7f:0.0.0.0:42489, 7b1e61a0-7daf-43dd-99d5-9b325c1d31ae:0.0.0.0:38412], old=null
2019-10-20 17:40:57,991 [8f18dce1-0a3d-4b65-9c78-af3d58b2da7f@group-091950D56227-LeaderElection418] INFO  impl.RaftServerImpl (RaftServerImpl.java:setRole(184)) - 8f18dce1-0a3d-4b65-9c78-af3d58b2da7f@group-091950D56227: changes role from CANDIDATE to FOLLOWER at term 501 for DISCOVERED_A_NEW_TERM
2019-10-20 17:40:57,992 [8f18dce1-0a3d-4b65-9c78-af3d58b2da7f@group-091950D56227-LeaderElection418] INFO  impl.RoleInfo (RoleInfo.java:shutdownLeaderElection(134)) - 8f18dce1-0a3d-4b65-9c78-af3d58b2da7f: shutdown LeaderElection
2019-10-20 17:40:57,992 [8f18dce1-0a3d-4b65-9c78-af3d58b2da7f@group-091950D56227-LeaderElection418] INFO  impl.RoleInfo (RoleInfo.java:updateAndGet(143)) - 8f18dce1-0a3d-4b65-9c78-af3d58b2da7f: start FollowerState
2019-10-20 17:40:58,151 [Thread-3015] INFO  impl.FollowerState (FollowerState.java:run(108)) - 8f18dce1-0a3d-4b65-9c78-af3d58b2da7f@group-091950D56227-FollowerState: change to CANDIDATE, lastRpcTime:159ms, electionTimeout:159ms
2019-10-20 17:40:58,151 [Thread-3015] INFO  impl.RoleInfo (RoleInfo.java:shutdownFollowerState(121)) - 8f18dce1-0a3d-4b65-9c78-af3d58b2da7f: shutdown FollowerState
2019-10-20 17:40:58,151 [Thread-3015] INFO  impl.RaftServerImpl (RaftServerImpl.java:setRole(184)) - 8f18dce1-0a3d-4b65-9c78-af3d58b2da7f@group-091950D56227: changes role from  FOLLOWER to CANDIDATE at term 501 for changeToCandidate
2019-10-20 17:40:58,151 [Thread-3015] INFO  impl.RoleInfo (RoleInfo.java:updateAndGet(143)) - 8f18dce1-0a3d-4b65-9c78-af3d58b2da7f: start LeaderElection
2019-10-20 17:40:58,182 [8f18dce1-0a3d-4b65-9c78-af3d58b2da7f@group-091950D56227-LeaderElection419] INFO  impl.LeaderElection (LeaderElection.java:askForVotes(178)) - 8f18dce1-0a3d-4b65-9c78-af3d58b2da7f@group-091950D56227-LeaderElection419: begin an election at term 502 for -1: [8a63e1ae-032e-4bed-9f20-125a11f65413:0.0.0.0:38685, 8f18dce1-0a3d-4b65-9c78-af3d58b2da7f:0.0.0.0:42489, 7b1e61a0-7daf-43dd-99d5-9b325c1d31ae:0.0.0.0:38412], old=null
2019-10-20 17:40:58,184 [grpc-default-executor-2] INFO  impl.RaftServerImpl (RaftServerImpl.java:setRole(184)) - 7b1e61a0-7daf-43dd-99d5-9b325c1d31ae@group-091950D56227: changes role from  FOLLOWER to FOLLOWER at term 502 for recognizeCandidate:8f18dce1-0a3d-4b65-9c78-af3d58b2da7f
2019-10-20 17:40:58,184 [grpc-default-executor-0] INFO  impl.RaftServerImpl (RaftServerImpl.java:setRole(184)) - 8a63e1ae-032e-4bed-9f20-125a11f65413@group-091950D56227: changes role from  FOLLOWER to FOLLOWER at term 502 for recognizeCandidate:8f18dce1-0a3d-4b65-9c78-af3d58b2da7f
2019-10-20 17:40:58,184 [grpc-default-executor-2] INFO  impl.RoleInfo (RoleInfo.java:shutdownFollowerState(121)) - 7b1e61a0-7daf-43dd-99d5-9b325c1d31ae: shutdown FollowerState
2019-10-20 17:40:58,184 [grpc-default-executor-0] INFO  impl.RoleInfo (RoleInfo.java:shutdownFollowerState(121)) - 8a63e1ae-032e-4bed-9f20-125a11f65413: shutdown FollowerState
2019-10-20 17:40:58,184 [Thread-3013] INFO  impl.FollowerState (FollowerState.java:run(117)) - 7b1e61a0-7daf-43dd-99d5-9b325c1d31ae@group-091950D56227-FollowerState was interrupted: java.lang.InterruptedException: sleep interrupted
2019-10-20 17:40:58,184 [grpc-default-executor-2] INFO  impl.RoleInfo (RoleInfo.java:updateAndGet(143)) - 7b1e61a0-7daf-43dd-99d5-9b325c1d31ae: start FollowerState
2019-10-20 17:40:58,184 [Thread-3014] INFO  impl.FollowerState (FollowerState.java:run(117)) - 8a63e1ae-032e-4bed-9f20-125a11f65413@group-091950D56227-FollowerState was interrupted: java.lang.InterruptedException: sleep interrupted
2019-10-20 17:40:58,184 [grpc-default-executor-0] INFO  impl.RoleInfo (RoleInfo.java:updateAndGet(143)) - 8a63e1ae-032e-4bed-9f20-125a11f65413: start FollowerState
2019-10-20 17:40:58,209 [8f18dce1-0a3d-4b65-9c78-af3d58b2da7f@group-091950D56227-LeaderElection419] INFO  impl.LeaderElection (LeaderElection.java:logAndReturn(56)) - 8f18dce1-0a3d-4b65-9c78-af3d58b2da7f@group-091950D56227-LeaderElection419: Election REJECTED; received 2 response(s) [8f18dce1-0a3d-4b65-9c78-af3d58b2da7f<-8a63e1ae-032e-4bed-9f20-125a11f65413#0:FAIL-t502, 8f18dce1-0a3d-4b65-9c78-af3d58b2da7f<-7b1e61a0-7daf-43dd-99d5-9b325c1d31ae#0:FAIL-t502] and 0 exception(s); 8f18dce1-0a3d-4b65-9c78-af3d58b2da7f@group-091950D56227:t502, leader=null, voted=8f18dce1-0a3d-4b65-9c78-af3d58b2da7f, raftlog=8f18dce1-0a3d-4b65-9c78-af3d58b2da7f@group-091950D56227-SegmentedRaftLog:OPENED:c-1,f-1,i0, conf=-1: [8a63e1ae-032e-4bed-9f20-125a11f65413:0.0.0.0:38685, 8f18dce1-0a3d-4b65-9c78-af3d58b2da7f:0.0.0.0:42489, 7b1e61a0-7daf-43dd-99d5-9b325c1d31ae:0.0.0.0:38412], old=null
2019-10-20 17:40:58,209 [8f18dce1-0a3d-4b65-9c78-af3d58b2da7f@group-091950D56227-LeaderElection419] INFO  impl.RaftServerImpl (RaftServerImpl.java:setRole(184)) - 8f18dce1-0a3d-4b65-9c78-af3d58b2da7f@group-091950D56227: changes role from CANDIDATE to FOLLOWER at term 502 for DISCOVERED_A_NEW_TERM
2019-10-20 17:40:58,209 [8f18dce1-0a3d-4b65-9c78-af3d58b2da7f@group-091950D56227-LeaderElection419] INFO  impl.RoleInfo (RoleInfo.java:shutdownLeaderElection(134)) - 8f18dce1-0a3d-4b65-9c78-af3d58b2da7f: shutdown LeaderElection
2019-10-20 17:40:58,209 [8f18dce1-0a3d-4b65-9c78-af3d58b2da7f@group-091950D56227-LeaderElection419] INFO  impl.RoleInfo (RoleInfo.java:updateAndGet(143)) - 8f18dce1-0a3d-4b65-9c78-af3d58b2da7f: start FollowerState
2019-10-20 17:40:58,289 [Thread-3021] INFO  impl.FollowerState (FollowerState.java:run(108)) - 8f18dce1-0a3d-4b65-9c78-af3d58b2da7f@group-091950D56227-FollowerState: change to CANDIDATE, lastRpcTime:80ms, electionTimeout:80ms
2019-10-20 17:40:58,289 [Thread-3021] INFO  impl.RoleInfo (RoleInfo.java:shutdownFollowerState(121)) - 8f18dce1-0a3d-4b65-9c78-af3d58b2da7f: shutdown FollowerState
2019-10-20 17:40:58,290 [Thread-3021] INFO  impl.RaftServerImpl (RaftServerImpl.java:setRole(184)) - 8f18dce1-0a3d-4b65-9c78-af3d58b2da7f@group-091950D56227: changes role from  FOLLOWER to CANDIDATE at term 502 for changeToCandidate
2019-10-20 17:40:58,290 [Thread-3021] INFO  impl.RoleInfo (RoleInfo.java:updateAndGet(143)) - 8f18dce1-0a3d-4b65-9c78-af3d58b2da7f: start LeaderElection
2019-10-20 17:40:58,317 [8f18dce1-0a3d-4b65-9c78-af3d58b2da7f@group-091950D56227-LeaderElection420] INFO  impl.LeaderElection (LeaderElection.java:askForVotes(178)) - 8f18dce1-0a3d-4b65-9c78-af3d58b2da7f@group-091950D56227-LeaderElection420: begin an election at term 503 for -1: [8a63e1ae-032e-4bed-9f20-125a11f65413:0.0.0.0:38685, 8f18dce1-0a3d-4b65-9c78-af3d58b2da7f:0.0.0.0:42489, 7b1e61a0-7daf-43dd-99d5-9b325c1d31ae:0.0.0.0:38412], old=null
2019-10-20 17:40:58,319 [grpc-default-executor-2] INFO  impl.RaftServerImpl (RaftServerImpl.java:setRole(184)) - 7b1e61a0-7daf-43dd-99d5-9b325c1d31ae@group-091950D56227: changes role from  FOLLOWER to FOLLOWER at term 503 for recognizeCandidate:8f18dce1-0a3d-4b65-9c78-af3d58b2da7f
2019-10-20 17:40:58,319 [grpc-default-executor-0] INFO  impl.RaftServerImpl (RaftServerImpl.java:setRole(184)) - 8a63e1ae-032e-4bed-9f20-125a11f65413@group-091950D56227: changes role from  FOLLOWER to FOLLOWER at term 503 for recognizeCandidate:8f18dce1-0a3d-4b65-9c78-af3d58b2da7f
2019-10-20 17:40:58,319 [grpc-default-executor-0] INFO  impl.RoleInfo (RoleInfo.java:shutdownFollowerState(121)) - 8a63e1ae-032e-4bed-9f20-125a11f65413: shutdown FollowerState
2019-10-20 17:40:58,319 [grpc-default-executor-2] INFO  impl.RoleInfo (RoleInfo.java:shutdownFollowerState(121)) - 7b1e61a0-7daf-43dd-99d5-9b325c1d31ae: shutdown FollowerState
2019-10-20 17:40:58,319 [Thread-3020] INFO  impl.FollowerState (FollowerState.java:run(117)) - 8a63e1ae-032e-4bed-9f20-125a11f65413@group-091950D56227-FollowerState was interrupted: java.lang.InterruptedException: sleep interrupted
2019-10-20 17:40:58,319 [grpc-default-executor-0] INFO  impl.RoleInfo (RoleInfo.java:updateAndGet(143)) - 8a63e1ae-032e-4bed-9f20-125a11f65413: start FollowerState
2019-10-20 17:40:58,319 [Thread-3019] INFO  impl.FollowerState (FollowerState.java:run(117)) - 7b1e61a0-7daf-43dd-99d5-9b325c1d31ae@group-091950D56227-FollowerState was interrupted: java.lang.InterruptedException: sleep interrupted
2019-10-20 17:40:58,319 [grpc-default-executor-2] INFO  impl.RoleInfo (RoleInfo.java:updateAndGet(143)) - 7b1e61a0-7daf-43dd-99d5-9b325c1d31ae: start FollowerState
2019-10-20 17:40:58,344 [8f18dce1-0a3d-4b65-9c78-af3d58b2da7f@group-091950D56227-LeaderElection420] INFO  impl.LeaderElection (LeaderElection.java:logAndReturn(56)) - 8f18dce1-0a3d-4b65-9c78-af3d58b2da7f@group-091950D56227-LeaderElection420: Election REJECTED; received 2 response(s) [8f18dce1-0a3d-4b65-9c78-af3d58b2da7f<-8a63e1ae-032e-4bed-9f20-125a11f65413#0:FAIL-t503, 8f18dce1-0a3d-4b65-9c78-af3d58b2da7f<-7b1e61a0-7daf-43dd-99d5-9b325c1d31ae#0:FAIL-t503] and 0 exception(s); 8f18dce1-0a3d-4b65-9c78-af3d58b2da7f@group-091950D56227:t503, leader=null, voted=8f18dce1-0a3d-4b65-9c78-af3d58b2da7f, raftlog=8f18dce1-0a3d-4b65-9c78-af3d58b2da7f@group-091950D56227-SegmentedRaftLog:OPENED:c-1,f-1,i0, conf=-1: [8a63e1ae-032e-4bed-9f20-125a11f65413:0.0.0.0:38685, 8f18dce1-0a3d-4b65-9c78-af3d58b2da7f:0.0.0.0:42489, 7b1e61a0-7daf-43dd-99d5-9b325c1d31ae:0.0.0.0:38412], old=null
2019-10-20 17:40:58,344 [8f18dce1-0a3d-4b65-9c78-af3d58b2da7f@group-091950D56227-LeaderElection420] INFO  impl.RaftServerImpl (RaftServerImpl.java:setRole(184)) - 8f18dce1-0a3d-4b65-9c78-af3d58b2da7f@group-091950D56227: changes role from CANDIDATE to FOLLOWER at term 503 for DISCOVERED_A_NEW_TERM
2019-10-20 17:40:58,344 [8f18dce1-0a3d-4b65-9c78-af3d58b2da7f@group-091950D56227-LeaderElection420] INFO  impl.RoleInfo (RoleInfo.java:shutdownLeaderElection(134)) - 8f18dce1-0a3d-4b65-9c78-af3d58b2da7f: shutdown LeaderElection
2019-10-20 17:40:58,344 [8f18dce1-0a3d-4b65-9c78-af3d58b2da7f@group-091950D56227-LeaderElection420] INFO  impl.RoleInfo (RoleInfo.java:updateAndGet(143)) - 8f18dce1-0a3d-4b65-9c78-af3d58b2da7f: start FollowerState
2019-10-20 17:40:58,497 [Thread-3027] INFO  impl.FollowerState (FollowerState.java:run(108)) - 8f18dce1-0a3d-4b65-9c78-af3d58b2da7f@group-091950D56227-FollowerState: change to CANDIDATE, lastRpcTime:152ms, electionTimeout:152ms
2019-10-20 17:40:58,497 [Thread-3027] INFO  impl.RoleInfo (RoleInfo.java:shutdownFollowerState(121)) - 8f18dce1-0a3d-4b65-9c78-af3d58b2da7f: shutdown FollowerState
2019-10-20 17:40:58,497 [Thread-3027] INFO  impl.RaftServerImpl (RaftServerImpl.java:setRole(184)) - 8f18dce1-0a3d-4b65-9c78-af3d58b2da7f@group-091950D56227: changes role from  FOLLOWER to CANDIDATE at term 503 for changeToCandidate
2019-10-20 17:40:58,497 [Thread-3027] INFO  impl.RoleInfo (RoleInfo.java:updateAndGet(143)) - 8f18dce1-0a3d-4b65-9c78-af3d58b2da7f: start LeaderElection
2019-10-20 17:40:58,527 [8f18dce1-0a3d-4b65-9c78-af3d58b2da7f@group-091950D56227-LeaderElection421] INFO  impl.LeaderElection (LeaderElection.java:askForVotes(178)) - 8f18dce1-0a3d-4b65-9c78-af3d58b2da7f@group-091950D56227-LeaderElection421: begin an election at term 504 for -1: [8a63e1ae-032e-4bed-9f20-125a11f65413:0.0.0.0:38685, 8f18dce1-0a3d-4b65-9c78-af3d58b2da7f:0.0.0.0:42489, 7b1e61a0-7daf-43dd-99d5-9b325c1d31ae:0.0.0.0:38412], old=null
2019-10-20 17:40:58,529 [grpc-default-executor-0] INFO  impl.RaftServerImpl (RaftServerImpl.java:setRole(184)) - 8a63e1ae-032e-4bed-9f20-125a11f65413@group-091950D56227: changes role from  FOLLOWER to FOLLOWER at term 504 for recognizeCandidate:8f18dce1-0a3d-4b65-9c78-af3d58b2da7f
2019-10-20 17:40:58,529 [grpc-default-executor-2] INFO  impl.RaftServerImpl (RaftServerImpl.java:setRole(184)) - 7b1e61a0-7daf-43dd-99d5-9b325c1d31ae@group-091950D56227: changes role from  FOLLOWER to FOLLOWER at term 504 for recognizeCandidate:8f18dce1-0a3d-4b65-9c78-af3d58b2da7f
2019-10-20 17:40:58,529 [grpc-default-executor-0] INFO  impl.RoleInfo (RoleInfo.java:shutdownFollowerState(121)) - 8a63e1ae-032e-4bed-9f20-125a11f65413: shutdown FollowerState
2019-10-20 17:40:58,529 [grpc-default-executor-2] INFO  impl.RoleInfo (RoleInfo.java:shutdownFollowerState(121)) - 7b1e61a0-7daf-43dd-99d5-9b325c1d31ae: shutdown FollowerState
2019-10-20 17:40:58,530 [Thread-3025] INFO  impl.FollowerState (FollowerState.java:run(117)) - 8a63e1ae-032e-4bed-9f20-125a11f65413@group-091950D56227-FollowerState was interrupted: java.lang.InterruptedException: sleep interrupted
2019-10-20 17:40:58,530 [Thread-3026] INFO  impl.FollowerState (FollowerState.java:run(117)) - 7b1e61a0-7daf-43dd-99d5-9b325c1d31ae@group-091950D56227-FollowerState was interrupted: java.lang.InterruptedException: sleep interrupted
2019-10-20 17:40:58,530 [grpc-default-executor-0] INFO  impl.RoleInfo (RoleInfo.java:updateAndGet(143)) - 8a63e1ae-032e-4bed-9f20-125a11f65413: start FollowerState
2019-10-20 17:40:58,530 [grpc-default-executor-2] INFO  impl.RoleInfo (RoleInfo.java:updateAndGet(143)) - 7b1e61a0-7daf-43dd-99d5-9b325c1d31ae: start FollowerState
2019-10-20 17:40:58,553 [8f18dce1-0a3d-4b65-9c78-af3d58b2da7f@group-091950D56227-LeaderElection421] INFO  impl.LeaderElection (LeaderElection.java:logAndReturn(56)) - 8f18dce1-0a3d-4b65-9c78-af3d58b2da7f@group-091950D56227-LeaderElection421: Election REJECTED; received 2 response(s) [8f18dce1-0a3d-4b65-9c78-af3d58b2da7f<-8a63e1ae-032e-4bed-9f20-125a11f65413#0:FAIL-t504, 8f18dce1-0a3d-4b65-9c78-af3d58b2da7f<-7b1e61a0-7daf-43dd-99d5-9b325c1d31ae#0:FAIL-t504] and 0 exception(s); 8f18dce1-0a3d-4b65-9c78-af3d58b2da7f@group-091950D56227:t504, leader=null, voted=8f18dce1-0a3d-4b65-9c78-af3d58b2da7f, raftlog=8f18dce1-0a3d-4b65-9c78-af3d58b2da7f@group-091950D56227-SegmentedRaftLog:OPENED:c-1,f-1,i0, conf=-1: [8a63e1ae-032e-4bed-9f20-125a11f65413:0.0.0.0:38685, 8f18dce1-0a3d-4b65-9c78-af3d58b2da7f:0.0.0.0:42489, 7b1e61a0-7daf-43dd-99d5-9b325c1d31ae:0.0.0.0:38412], old=null
2019-10-20 17:40:58,553 [8f18dce1-0a3d-4b65-9c78-af3d58b2da7f@group-091950D56227-LeaderElection421] INFO  impl.RaftServerImpl (RaftServerImpl.java:setRole(184)) - 8f18dce1-0a3d-4b65-9c78-af3d58b2da7f@group-091950D56227: changes role from CANDIDATE to FOLLOWER at term 504 for DISCOVERED_A_NEW_TERM
2019-10-20 17:40:58,554 [8f18dce1-0a3d-4b65-9c78-af3d58b2da7f@group-091950D56227-LeaderElection421] INFO  impl.RoleInfo (RoleInfo.java:shutdownLeaderElection(134)) - 8f18dce1-0a3d-4b65-9c78-af3d58b2da7f: shutdown LeaderElection
2019-10-20 17:40:58,554 [8f18dce1-0a3d-4b65-9c78-af3d58b2da7f@group-091950D56227-LeaderElection421] INFO  impl.RoleInfo (RoleInfo.java:updateAndGet(143)) - 8f18dce1-0a3d-4b65-9c78-af3d58b2da7f: start FollowerState
2019-10-20 17:40:58,635 [Thread-3035] INFO  impl.FollowerState (FollowerState.java:run(108)) - 8f18dce1-0a3d-4b65-9c78-af3d58b2da7f@group-091950D56227-FollowerState: change to CANDIDATE, lastRpcTime:81ms, electionTimeout:81ms
2019-10-20 17:40:58,635 [Thread-3035] INFO  impl.RoleInfo (RoleInfo.java:shutdownFollowerState(121)) - 8f18dce1-0a3d-4b65-9c78-af3d58b2da7f: shutdown FollowerState
2019-10-20 17:40:58,635 [Thread-3035] INFO  impl.RaftServerImpl (RaftServerImpl.java:setRole(184)) - 8f18dce1-0a3d-4b65-9c78-af3d58b2da7f@group-091950D56227: changes role from  FOLLOWER to CANDIDATE at term 504 for changeToCandidate
2019-10-20 17:40:58,635 [Thread-3035] INFO  impl.RoleInfo (RoleInfo.java:updateAndGet(143)) - 8f18dce1-0a3d-4b65-9c78-af3d58b2da7f: start LeaderElection
2019-10-20 17:40:58,662 [8f18dce1-0a3d-4b65-9c78-af3d58b2da7f@group-091950D56227-LeaderElection422] INFO  impl.LeaderElection (LeaderElection.java:askForVotes(178)) - 8f18dce1-0a3d-4b65-9c78-af3d58b2da7f@group-091950D56227-LeaderElection422: begin an election at term 505 for -1: [8a63e1ae-032e-4bed-9f20-125a11f65413:0.0.0.0:38685, 8f18dce1-0a3d-4b65-9c78-af3d58b2da7f:0.0.0.0:42489, 7b1e61a0-7daf-43dd-99d5-9b325c1d31ae:0.0.0.0:38412], old=null
2019-10-20 17:40:58,665 [grpc-default-executor-0] INFO  impl.RaftServerImpl (RaftServerImpl.java:setRole(184)) - 8a63e1ae-032e-4bed-9f20-125a11f65413@group-091950D56227: changes role from  FOLLOWER to FOLLOWER at term 505 for recognizeCandidate:8f18dce1-0a3d-4b65-9c78-af3d58b2da7f
2019-10-20 17:40:58,665 [grpc-default-executor-0] INFO  impl.RoleInfo (RoleInfo.java:shutdownFollowerState(121)) - 8a63e1ae-032e-4bed-9f20-125a11f65413: shutdown FollowerState
2019-10-20 17:40:58,665 [grpc-default-executor-2] INFO  impl.RaftServerImpl (RaftServerImpl.java:setRole(184)) - 7b1e61a0-7daf-43dd-99d5-9b325c1d31ae@group-091950D56227: changes role from  FOLLOWER to FOLLOWER at term 505 for recognizeCandidate:8f18dce1-0a3d-4b65-9c78-af3d58b2da7f
2019-10-20 17:40:58,665 [Thread-3033] INFO  impl.FollowerState (FollowerState.java:run(117)) - 8a63e1ae-032e-4bed-9f20-125a11f65413@group-091950D56227-FollowerState was interrupted: java.lang.InterruptedException: sleep interrupted
2019-10-20 17:40:58,665 [grpc-default-executor-0] INFO  impl.RoleInfo (RoleInfo.java:updateAndGet(143)) - 8a63e1ae-032e-4bed-9f20-125a11f65413: start FollowerState
2019-10-20 17:40:58,665 [grpc-default-executor-2] INFO  impl.RoleInfo (RoleInfo.java:shutdownFollowerState(121)) - 7b1e61a0-7daf-43dd-99d5-9b325c1d31ae: shutdown FollowerState
2019-10-20 17:40:58,666 [grpc-default-executor-2] INFO  impl.RoleInfo (RoleInfo.java:updateAndGet(143)) - 7b1e61a0-7daf-43dd-99d5-9b325c1d31ae: start FollowerState
2019-10-20 17:40:58,666 [Thread-3034] INFO  impl.FollowerState (FollowerState.java:run(117)) - 7b1e61a0-7daf-43dd-99d5-9b325c1d31ae@group-091950D56227-FollowerState was interrupted: java.lang.InterruptedException: sleep interrupted
2019-10-20 17:40:58,688 [8f18dce1-0a3d-4b65-9c78-af3d58b2da7f@group-091950D56227-LeaderElection422] INFO  impl.LeaderElection (LeaderElection.java:logAndReturn(56)) - 8f18dce1-0a3d-4b65-9c78-af3d58b2da7f@group-091950D56227-LeaderElection422: Election REJECTED; received 2 response(s) [8f18dce1-0a3d-4b65-9c78-af3d58b2da7f<-8a63e1ae-032e-4bed-9f20-125a11f65413#0:FAIL-t505, 8f18dce1-0a3d-4b65-9c78-af3d58b2da7f<-7b1e61a0-7daf-43dd-99d5-9b325c1d31ae#0:FAIL-t505] and 0 exception(s); 8f18dce1-0a3d-4b65-9c78-af3d58b2da7f@group-091950D56227:t505, leader=null, voted=8f18dce1-0a3d-4b65-9c78-af3d58b2da7f, raftlog=8f18dce1-0a3d-4b65-9c78-af3d58b2da7f@group-091950D56227-SegmentedRaftLog:OPENED:c-1,f-1,i0, conf=-1: [8a63e1ae-032e-4bed-9f20-125a11f65413:0.0.0.0:38685, 8f18dce1-0a3d-4b65-9c78-af3d58b2da7f:0.0.0.0:42489, 7b1e61a0-7daf-43dd-99d5-9b325c1d31ae:0.0.0.0:38412], old=null
2019-10-20 17:40:58,688 [8f18dce1-0a3d-4b65-9c78-af3d58b2da7f@group-091950D56227-LeaderElection422] INFO  impl.RaftServerImpl (RaftServerImpl.java:setRole(184)) - 8f18dce1-0a3d-4b65-9c78-af3d58b2da7f@group-091950D56227: changes role from CANDIDATE to FOLLOWER at term 505 for DISCOVERED_A_NEW_TERM
2019-10-20 17:40:58,689 [8f18dce1-0a3d-4b65-9c78-af3d58b2da7f@group-091950D56227-LeaderElection422] INFO  impl.RoleInfo (RoleInfo.java:shutdownLeaderElection(134)) - 8f18dce1-0a3d-4b65-9c78-af3d58b2da7f: shutdown LeaderElection
2019-10-20 17:40:58,689 [8f18dce1-0a3d-4b65-9c78-af3d58b2da7f@group-091950D56227-LeaderElection422] INFO  impl.RoleInfo (RoleInfo.java:updateAndGet(143)) - 8f18dce1-0a3d-4b65-9c78-af3d58b2da7f: start FollowerState
2019-10-20 17:40:58,722 [Thread-3041] INFO  impl.FollowerState (FollowerState.java:run(108)) - 8f18dce1-0a3d-4b65-9c78-af3d58b2da7f@group-091950D56227-FollowerState: change to CANDIDATE, lastRpcTime:33ms, electionTimeout:33ms
2019-10-20 17:40:58,722 [Thread-3041] INFO  impl.RoleInfo (RoleInfo.java:shutdownFollowerState(121)) - 8f18dce1-0a3d-4b65-9c78-af3d58b2da7f: shutdown FollowerState
2019-10-20 17:40:58,722 [Thread-3041] INFO  impl.RaftServerImpl (RaftServerImpl.java:setRole(184)) - 8f18dce1-0a3d-4b65-9c78-af3d58b2da7f@group-091950D56227: changes role from  FOLLOWER to CANDIDATE at term 505 for changeToCandidate
2019-10-20 17:40:58,723 [Thread-3041] INFO  impl.RoleInfo (RoleInfo.java:updateAndGet(143)) - 8f18dce1-0a3d-4b65-9c78-af3d58b2da7f: start LeaderElection
2019-10-20 17:40:58,746 [8f18dce1-0a3d-4b65-9c78-af3d58b2da7f@group-091950D56227-LeaderElection423] INFO  impl.LeaderElection (LeaderElection.java:askForVotes(178)) - 8f18dce1-0a3d-4b65-9c78-af3d58b2da7f@group-091950D56227-LeaderElection423: begin an election at term 506 for -1: [8a63e1ae-032e-4bed-9f20-125a11f65413:0.0.0.0:38685, 8f18dce1-0a3d-4b65-9c78-af3d58b2da7f:0.0.0.0:42489, 7b1e61a0-7daf-43dd-99d5-9b325c1d31ae:0.0.0.0:38412], old=null
2019-10-20 17:40:58,748 [grpc-default-executor-0] INFO  impl.RaftServerImpl (RaftServerImpl.java:setRole(184)) - 8a63e1ae-032e-4bed-9f20-125a11f65413@group-091950D56227: changes role from  FOLLOWER to FOLLOWER at term 506 for recognizeCandidate:8f18dce1-0a3d-4b65-9c78-af3d58b2da7f
2019-10-20 17:40:58,748 [grpc-default-executor-0] INFO  impl.RoleInfo (RoleInfo.java:shutdownFollowerState(121)) - 8a63e1ae-032e-4bed-9f20-125a11f65413: shutdown FollowerState
2019-10-20 17:40:58,748 [grpc-default-executor-2] INFO  impl.RaftServerImpl (RaftServerImpl.java:setRole(184)) - 7b1e61a0-7daf-43dd-99d5-9b325c1d31ae@group-091950D56227: changes role from  FOLLOWER to FOLLOWER at term 506 for recognizeCandidate:8f18dce1-0a3d-4b65-9c78-af3d58b2da7f
2019-10-20 17:40:58,749 [grpc-default-executor-0] INFO  impl.RoleInfo (RoleInfo.java:updateAndGet(143)) - 8a63e1ae-032e-4bed-9f20-125a11f65413: start FollowerState
2019-10-20 17:40:58,749 [Thread-3039] INFO  impl.FollowerState (FollowerState.java:run(117)) - 8a63e1ae-032e-4bed-9f20-125a11f65413@group-091950D56227-FollowerState was interrupted: java.lang.InterruptedException: sleep interrupted
2019-10-20 17:40:58,749 [grpc-default-executor-2] INFO  impl.RoleInfo (RoleInfo.java:shutdownFollowerState(121)) - 7b1e61a0-7daf-43dd-99d5-9b325c1d31ae: shutdown FollowerState
2019-10-20 17:40:58,749 [grpc-default-executor-2] INFO  impl.RoleInfo (RoleInfo.java:updateAndGet(143)) - 7b1e61a0-7daf-43dd-99d5-9b325c1d31ae: start FollowerState
2019-10-20 17:40:58,749 [Thread-3040] INFO  impl.FollowerState (FollowerState.java:run(117)) - 7b1e61a0-7daf-43dd-99d5-9b325c1d31ae@group-091950D56227-FollowerState was interrupted: java.lang.InterruptedException: sleep interrupted
2019-10-20 17:40:58,772 [8f18dce1-0a3d-4b65-9c78-af3d58b2da7f@group-091950D56227-LeaderElection423] INFO  impl.LeaderElection (LeaderElection.java:logAndReturn(56)) - 8f18dce1-0a3d-4b65-9c78-af3d58b2da7f@group-091950D56227-LeaderElection423: Election REJECTED; received 2 response(s) [8f18dce1-0a3d-4b65-9c78-af3d58b2da7f<-8a63e1ae-032e-4bed-9f20-125a11f65413#0:FAIL-t506, 8f18dce1-0a3d-4b65-9c78-af3d58b2da7f<-7b1e61a0-7daf-43dd-99d5-9b325c1d31ae#0:FAIL-t506] and 0 exception(s); 8f18dce1-0a3d-4b65-9c78-af3d58b2da7f@group-091950D56227:t506, leader=null, voted=8f18dce1-0a3d-4b65-9c78-af3d58b2da7f, raftlog=8f18dce1-0a3d-4b65-9c78-af3d58b2da7f@group-091950D56227-SegmentedRaftLog:OPENED:c-1,f-1,i0, conf=-1: [8a63e1ae-032e-4bed-9f20-125a11f65413:0.0.0.0:38685, 8f18dce1-0a3d-4b65-9c78-af3d58b2da7f:0.0.0.0:42489, 7b1e61a0-7daf-43dd-99d5-9b325c1d31ae:0.0.0.0:38412], old=null
2019-10-20 17:40:58,773 [8f18dce1-0a3d-4b65-9c78-af3d58b2da7f@group-091950D56227-LeaderElection423] INFO  impl.RaftServerImpl (RaftServerImpl.java:setRole(184)) - 8f18dce1-0a3d-4b65-9c78-af3d58b2da7f@group-091950D56227: changes role from CANDIDATE to FOLLOWER at term 506 for DISCOVERED_A_NEW_TERM
2019-10-20 17:40:58,773 [8f18dce1-0a3d-4b65-9c78-af3d58b2da7f@group-091950D56227-LeaderElection423] INFO  impl.RoleInfo (RoleInfo.java:shutdownLeaderElection(134)) - 8f18dce1-0a3d-4b65-9c78-af3d58b2da7f: shutdown LeaderElection
2019-10-20 17:40:58,773 [8f18dce1-0a3d-4b65-9c78-af3d58b2da7f@group-091950D56227-LeaderElection423] INFO  impl.RoleInfo (RoleInfo.java:updateAndGet(143)) - 8f18dce1-0a3d-4b65-9c78-af3d58b2da7f: start FollowerState
2019-10-20 17:40:58,779 [Thread-3047] INFO  impl.FollowerState (FollowerState.java:run(108)) - 8f18dce1-0a3d-4b65-9c78-af3d58b2da7f@group-091950D56227-FollowerState: change to CANDIDATE, lastRpcTime:6ms, electionTimeout:6ms
2019-10-20 17:40:58,779 [Thread-3047] INFO  impl.RoleInfo (RoleInfo.java:shutdownFollowerState(121)) - 8f18dce1-0a3d-4b65-9c78-af3d58b2da7f: shutdown FollowerState
2019-10-20 17:40:58,779 [Thread-3047] INFO  impl.RaftServerImpl (RaftServerImpl.java:setRole(184)) - 8f18dce1-0a3d-4b65-9c78-af3d58b2da7f@group-091950D56227: changes role from  FOLLOWER to CANDIDATE at term 506 for changeToCandidate
2019-10-20 17:40:58,779 [Thread-3047] INFO  impl.RoleInfo (RoleInfo.java:updateAndGet(143)) - 8f18dce1-0a3d-4b65-9c78-af3d58b2da7f: start LeaderElection
2019-10-20 17:40:58,806 [8f18dce1-0a3d-4b65-9c78-af3d58b2da7f@group-091950D56227-LeaderElection424] INFO  impl.LeaderElection (LeaderElection.java:askForVotes(178)) - 8f18dce1-0a3d-4b65-9c78-af3d58b2da7f@group-091950D56227-LeaderElection424: begin an election at term 507 for -1: [8a63e1ae-032e-4bed-9f20-125a11f65413:0.0.0.0:38685, 8f18dce1-0a3d-4b65-9c78-af3d58b2da7f:0.0.0.0:42489, 7b1e61a0-7daf-43dd-99d5-9b325c1d31ae:0.0.0.0:38412], old=null
2019-10-20 17:40:58,807 [grpc-default-executor-0] INFO  impl.RaftServerImpl (RaftServerImpl.java:setRole(184)) - 8a63e1ae-032e-4bed-9f20-125a11f65413@group-091950D56227: changes role from  FOLLOWER to FOLLOWER at term 507 for recognizeCandidate:8f18dce1-0a3d-4b65-9c78-af3d58b2da7f
2019-10-20 17:40:58,808 [grpc-default-executor-0] INFO  impl.RoleInfo (RoleInfo.java:shutdownFollowerState(121)) - 8a63e1ae-032e-4bed-9f20-125a11f65413: shutdown FollowerState
2019-10-20 17:40:58,807 [grpc-default-executor-2] INFO  impl.RaftServerImpl (RaftServerImpl.java:setRole(184)) - 7b1e61a0-7daf-43dd-99d5-9b325c1d31ae@group-091950D56227: changes role from  FOLLOWER to FOLLOWER at term 507 for recognizeCandidate:8f18dce1-0a3d-4b65-9c78-af3d58b2da7f
2019-10-20 17:40:58,808 [Thread-3045] INFO  impl.FollowerState (FollowerState.java:run(117)) - 8a63e1ae-032e-4bed-9f20-125a11f65413@group-091950D56227-FollowerState was interrupted: java.lang.InterruptedException: sleep interrupted
2019-10-20 17:40:58,808 [grpc-default-executor-0] INFO  impl.RoleInfo (RoleInfo.java:updateAndGet(143)) - 8a63e1ae-032e-4bed-9f20-125a11f65413: start FollowerState
2019-10-20 17:40:58,808 [grpc-default-executor-2] INFO  impl.RoleInfo (RoleInfo.java:shutdownFollowerState(121)) - 7b1e61a0-7daf-43dd-99d5-9b325c1d31ae: shutdown FollowerState
2019-10-20 17:40:58,808 [grpc-default-executor-2] INFO  impl.RoleInfo (RoleInfo.java:updateAndGet(143)) - 7b1e61a0-7daf-43dd-99d5-9b325c1d31ae: start FollowerState
2019-10-20 17:40:58,808 [Thread-3046] INFO  impl.FollowerState (FollowerState.java:run(117)) - 7b1e61a0-7daf-43dd-99d5-9b325c1d31ae@group-091950D56227-FollowerState was interrupted: java.lang.InterruptedException: sleep interrupted
2019-10-20 17:40:58,832 [8f18dce1-0a3d-4b65-9c78-af3d58b2da7f@group-091950D56227-LeaderElection424] INFO  impl.LeaderElection (LeaderElection.java:logAndReturn(56)) - 8f18dce1-0a3d-4b65-9c78-af3d58b2da7f@group-091950D56227-LeaderElection424: Election REJECTED; received 2 response(s) [8f18dce1-0a3d-4b65-9c78-af3d58b2da7f<-8a63e1ae-032e-4bed-9f20-125a11f65413#0:FAIL-t507, 8f18dce1-0a3d-4b65-9c78-af3d58b2da7f<-7b1e61a0-7daf-43dd-99d5-9b325c1d31ae#0:FAIL-t507] and 0 exception(s); 8f18dce1-0a3d-4b65-9c78-af3d58b2da7f@group-091950D56227:t507, leader=null, voted=8f18dce1-0a3d-4b65-9c78-af3d58b2da7f, raftlog=8f18dce1-0a3d-4b65-9c78-af3d58b2da7f@group-091950D56227-SegmentedRaftLog:OPENED:c-1,f-1,i0, conf=-1: [8a63e1ae-032e-4bed-9f20-125a11f65413:0.0.0.0:38685, 8f18dce1-0a3d-4b65-9c78-af3d58b2da7f:0.0.0.0:42489, 7b1e61a0-7daf-43dd-99d5-9b325c1d31ae:0.0.0.0:38412], old=null
2019-10-20 17:40:58,832 [8f18dce1-0a3d-4b65-9c78-af3d58b2da7f@group-091950D56227-LeaderElection424] INFO  impl.RaftServerImpl (RaftServerImpl.java:setRole(184)) - 8f18dce1-0a3d-4b65-9c78-af3d58b2da7f@group-091950D56227: changes role from CANDIDATE to FOLLOWER at term 507 for DISCOVERED_A_NEW_TERM
2019-10-20 17:40:58,832 [8f18dce1-0a3d-4b65-9c78-af3d58b2da7f@group-091950D56227-LeaderElection424] INFO  impl.RoleInfo (RoleInfo.java:shutdownLeaderElection(134)) - 8f18dce1-0a3d-4b65-9c78-af3d58b2da7f: shutdown LeaderElection
2019-10-20 17:40:58,833 [8f18dce1-0a3d-4b65-9c78-af3d58b2da7f@group-091950D56227-LeaderElection424] INFO  impl.RoleInfo (RoleInfo.java:updateAndGet(143)) - 8f18dce1-0a3d-4b65-9c78-af3d58b2da7f: start FollowerState
2019-10-20 17:40:58,874 [Thread-3053] INFO  impl.FollowerState (FollowerState.java:run(108)) - 8f18dce1-0a3d-4b65-9c78-af3d58b2da7f@group-091950D56227-FollowerState: change to CANDIDATE, lastRpcTime:41ms, electionTimeout:41ms
2019-10-20 17:40:58,874 [Thread-3053] INFO  impl.RoleInfo (RoleInfo.java:shutdownFollowerState(121)) - 8f18dce1-0a3d-4b65-9c78-af3d58b2da7f: shutdown FollowerState
2019-10-20 17:40:58,875 [Thread-3053] INFO  impl.RaftServerImpl (RaftServerImpl.java:setRole(184)) - 8f18dce1-0a3d-4b65-9c78-af3d58b2da7f@group-091950D56227: changes role from  FOLLOWER to CANDIDATE at term 507 for changeToCandidate
2019-10-20 17:40:58,875 [Thread-3053] INFO  impl.RoleInfo (RoleInfo.java:updateAndGet(143)) - 8f18dce1-0a3d-4b65-9c78-af3d58b2da7f: start LeaderElection
2019-10-20 17:40:58,899 [8f18dce1-0a3d-4b65-9c78-af3d58b2da7f@group-091950D56227-LeaderElection425] INFO  impl.LeaderElection (LeaderElection.java:askForVotes(178)) - 8f18dce1-0a3d-4b65-9c78-af3d58b2da7f@group-091950D56227-LeaderElection425: begin an election at term 508 for -1: [8a63e1ae-032e-4bed-9f20-125a11f65413:0.0.0.0:38685, 8f18dce1-0a3d-4b65-9c78-af3d58b2da7f:0.0.0.0:42489, 7b1e61a0-7daf-43dd-99d5-9b325c1d31ae:0.0.0.0:38412], old=null
2019-10-20 17:40:58,901 [grpc-default-executor-0] INFO  impl.RaftServerImpl (RaftServerImpl.java:setRole(184)) - 8a63e1ae-032e-4bed-9f20-125a11f65413@group-091950D56227: changes role from  FOLLOWER to FOLLOWER at term 508 for recognizeCandidate:8f18dce1-0a3d-4b65-9c78-af3d58b2da7f
2019-10-20 17:40:58,901 [grpc-default-executor-0] INFO  impl.RoleInfo (RoleInfo.java:shutdownFollowerState(121)) - 8a63e1ae-032e-4bed-9f20-125a11f65413: shutdown FollowerState
2019-10-20 17:40:58,901 [grpc-default-executor-2] INFO  impl.RaftServerImpl (RaftServerImpl.java:setRole(184)) - 7b1e61a0-7daf-43dd-99d5-9b325c1d31ae@group-091950D56227: changes role from  FOLLOWER to FOLLOWER at term 508 for recognizeCandidate:8f18dce1-0a3d-4b65-9c78-af3d58b2da7f
2019-10-20 17:40:58,901 [grpc-default-executor-2] INFO  impl.RoleInfo (RoleInfo.java:shutdownFollowerState(121)) - 7b1e61a0-7daf-43dd-99d5-9b325c1d31ae: shutdown FollowerState
2019-10-20 17:40:58,901 [Thread-3051] INFO  impl.FollowerState (FollowerState.java:run(117)) - 8a63e1ae-032e-4bed-9f20-125a11f65413@group-091950D56227-FollowerState was interrupted: java.lang.InterruptedException: sleep interrupted
2019-10-20 17:40:58,901 [grpc-default-executor-0] INFO  impl.RoleInfo (RoleInfo.java:updateAndGet(143)) - 8a63e1ae-032e-4bed-9f20-125a11f65413: start FollowerState
2019-10-20 17:40:58,901 [Thread-3052] INFO  impl.FollowerState (FollowerState.java:run(117)) - 7b1e61a0-7daf-43dd-99d5-9b325c1d31ae@group-091950D56227-FollowerState was interrupted: java.lang.InterruptedException: sleep interrupted
2019-10-20 17:40:58,901 [grpc-default-executor-2] INFO  impl.RoleInfo (RoleInfo.java:updateAndGet(143)) - 7b1e61a0-7daf-43dd-99d5-9b325c1d31ae: start FollowerState
2019-10-20 17:40:58,925 [8f18dce1-0a3d-4b65-9c78-af3d58b2da7f@group-091950D56227-LeaderElection425] INFO  impl.LeaderElection (LeaderElection.java:logAndReturn(56)) - 8f18dce1-0a3d-4b65-9c78-af3d58b2da7f@group-091950D56227-LeaderElection425: Election REJECTED; received 2 response(s) [8f18dce1-0a3d-4b65-9c78-af3d58b2da7f<-8a63e1ae-032e-4bed-9f20-125a11f65413#0:FAIL-t508, 8f18dce1-0a3d-4b65-9c78-af3d58b2da7f<-7b1e61a0-7daf-43dd-99d5-9b325c1d31ae#0:FAIL-t508] and 0 exception(s); 8f18dce1-0a3d-4b65-9c78-af3d58b2da7f@group-091950D56227:t508, leader=null, voted=8f18dce1-0a3d-4b65-9c78-af3d58b2da7f, raftlog=8f18dce1-0a3d-4b65-9c78-af3d58b2da7f@group-091950D56227-SegmentedRaftLog:OPENED:c-1,f-1,i0, conf=-1: [8a63e1ae-032e-4bed-9f20-125a11f65413:0.0.0.0:38685, 8f18dce1-0a3d-4b65-9c78-af3d58b2da7f:0.0.0.0:42489, 7b1e61a0-7daf-43dd-99d5-9b325c1d31ae:0.0.0.0:38412], old=null
2019-10-20 17:40:58,925 [8f18dce1-0a3d-4b65-9c78-af3d58b2da7f@group-091950D56227-LeaderElection425] INFO  impl.RaftServerImpl (RaftServerImpl.java:setRole(184)) - 8f18dce1-0a3d-4b65-9c78-af3d58b2da7f@group-091950D56227: changes role from CANDIDATE to FOLLOWER at term 508 for DISCOVERED_A_NEW_TERM
2019-10-20 17:40:58,925 [8f18dce1-0a3d-4b65-9c78-af3d58b2da7f@group-091950D56227-LeaderElection425] INFO  impl.RoleInfo (RoleInfo.java:shutdownLeaderElection(134)) - 8f18dce1-0a3d-4b65-9c78-af3d58b2da7f: shutdown LeaderElection
2019-10-20 17:40:58,926 [8f18dce1-0a3d-4b65-9c78-af3d58b2da7f@group-091950D56227-LeaderElection425] INFO  impl.RoleInfo (RoleInfo.java:updateAndGet(143)) - 8f18dce1-0a3d-4b65-9c78-af3d58b2da7f: start FollowerState
2019-10-20 17:40:58,948 [Thread-3059] INFO  impl.FollowerState (FollowerState.java:run(108)) - 8f18dce1-0a3d-4b65-9c78-af3d58b2da7f@group-091950D56227-FollowerState: change to CANDIDATE, lastRpcTime:22ms, electionTimeout:22ms
2019-10-20 17:40:58,948 [Thread-3059] INFO  impl.RoleInfo (RoleInfo.java:shutdownFollowerState(121)) - 8f18dce1-0a3d-4b65-9c78-af3d58b2da7f: shutdown FollowerState
2019-10-20 17:40:58,948 [Thread-3059] INFO  impl.RaftServerImpl (RaftServerImpl.java:setRole(184)) - 8f18dce1-0a3d-4b65-9c78-af3d58b2da7f@group-091950D56227: changes role from  FOLLOWER to CANDIDATE at term 508 for changeToCandidate
2019-10-20 17:40:58,948 [Thread-3059] INFO  impl.RoleInfo (RoleInfo.java:updateAndGet(143)) - 8f18dce1-0a3d-4b65-9c78-af3d58b2da7f: start LeaderElection
2019-10-20 17:40:58,975 [8f18dce1-0a3d-4b65-9c78-af3d58b2da7f@group-091950D56227-LeaderElection426] INFO  impl.LeaderElection (LeaderElection.java:askForVotes(178)) - 8f18dce1-0a3d-4b65-9c78-af3d58b2da7f@group-091950D56227-LeaderElection426: begin an election at term 509 for -1: [8a63e1ae-032e-4bed-9f20-125a11f65413:0.0.0.0:38685, 8f18dce1-0a3d-4b65-9c78-af3d58b2da7f:0.0.0.0:42489, 7b1e61a0-7daf-43dd-99d5-9b325c1d31ae:0.0.0.0:38412], old=null
2019-10-20 17:40:58,977 [grpc-default-executor-2] INFO  impl.RaftServerImpl (RaftServerImpl.java:setRole(184)) - 7b1e61a0-7daf-43dd-99d5-9b325c1d31ae@group-091950D56227: changes role from  FOLLOWER to FOLLOWER at term 509 for recognizeCandidate:8f18dce1-0a3d-4b65-9c78-af3d58b2da7f
2019-10-20 17:40:58,977 [grpc-default-executor-0] INFO  impl.RaftServerImpl (RaftServerImpl.java:setRole(184)) - 8a63e1ae-032e-4bed-9f20-125a11f65413@group-091950D56227: changes role from  FOLLOWER to FOLLOWER at term 509 for recognizeCandidate:8f18dce1-0a3d-4b65-9c78-af3d58b2da7f
2019-10-20 17:40:58,977 [grpc-default-executor-2] INFO  impl.RoleInfo (RoleInfo.java:shutdownFollowerState(121)) - 7b1e61a0-7daf-43dd-99d5-9b325c1d31ae: shutdown FollowerState
2019-10-20 17:40:58,977 [grpc-default-executor-0] INFO  impl.RoleInfo (RoleInfo.java:shutdownFollowerState(121)) - 8a63e1ae-032e-4bed-9f20-125a11f65413: shutdown FollowerState
2019-10-20 17:40:58,977 [grpc-default-executor-2] INFO  impl.RoleInfo (RoleInfo.java:updateAndGet(143)) - 7b1e61a0-7daf-43dd-99d5-9b325c1d31ae: start FollowerState
2019-10-20 17:40:58,977 [Thread-3058] INFO  impl.FollowerState (FollowerState.java:run(117)) - 7b1e61a0-7daf-43dd-99d5-9b325c1d31ae@group-091950D56227-FollowerState was interrupted: java.lang.InterruptedException: sleep interrupted
2019-10-20 17:40:58,978 [Thread-3057] INFO  impl.FollowerState (FollowerState.java:run(117)) - 8a63e1ae-032e-4bed-9f20-125a11f65413@group-091950D56227-FollowerState was interrupted: java.lang.InterruptedException: sleep interrupted
2019-10-20 17:40:58,977 [grpc-default-executor-0] INFO  impl.RoleInfo (RoleInfo.java:updateAndGet(143)) - 8a63e1ae-032e-4bed-9f20-125a11f65413: start FollowerState
2019-10-20 17:40:59,001 [8f18dce1-0a3d-4b65-9c78-af3d58b2da7f@group-091950D56227-LeaderElection426] INFO  impl.LeaderElection (LeaderElection.java:logAndReturn(56)) - 8f18dce1-0a3d-4b65-9c78-af3d58b2da7f@group-091950D56227-LeaderElection426: Election REJECTED; received 2 response(s) [8f18dce1-0a3d-4b65-9c78-af3d58b2da7f<-8a63e1ae-032e-4bed-9f20-125a11f65413#0:FAIL-t509, 8f18dce1-0a3d-4b65-9c78-af3d58b2da7f<-7b1e61a0-7daf-43dd-99d5-9b325c1d31ae#0:FAIL-t509] and 0 exception(s); 8f18dce1-0a3d-4b65-9c78-af3d58b2da7f@group-091950D56227:t509, leader=null, voted=8f18dce1-0a3d-4b65-9c78-af3d58b2da7f, raftlog=8f18dce1-0a3d-4b65-9c78-af3d58b2da7f@group-091950D56227-SegmentedRaftLog:OPENED:c-1,f-1,i0, conf=-1: [8a63e1ae-032e-4bed-9f20-125a11f65413:0.0.0.0:38685, 8f18dce1-0a3d-4b65-9c78-af3d58b2da7f:0.0.0.0:42489, 7b1e61a0-7daf-43dd-99d5-9b325c1d31ae:0.0.0.0:38412], old=null
2019-10-20 17:40:59,001 [8f18dce1-0a3d-4b65-9c78-af3d58b2da7f@group-091950D56227-LeaderElection426] INFO  impl.RaftServerImpl (RaftServerImpl.java:setRole(184)) - 8f18dce1-0a3d-4b65-9c78-af3d58b2da7f@group-091950D56227: changes role from CANDIDATE to FOLLOWER at term 509 for DISCOVERED_A_NEW_TERM
2019-10-20 17:40:59,001 [8f18dce1-0a3d-4b65-9c78-af3d58b2da7f@group-091950D56227-LeaderElection426] INFO  impl.RoleInfo (RoleInfo.java:shutdownLeaderElection(134)) - 8f18dce1-0a3d-4b65-9c78-af3d58b2da7f: shutdown LeaderElection
2019-10-20 17:40:59,002 [8f18dce1-0a3d-4b65-9c78-af3d58b2da7f@group-091950D56227-LeaderElection426] INFO  impl.RoleInfo (RoleInfo.java:updateAndGet(143)) - 8f18dce1-0a3d-4b65-9c78-af3d58b2da7f: start FollowerState
2019-10-20 17:40:59,160 [Thread-3065] INFO  impl.FollowerState (FollowerState.java:run(108)) - 8f18dce1-0a3d-4b65-9c78-af3d58b2da7f@group-091950D56227-FollowerState: change to CANDIDATE, lastRpcTime:158ms, electionTimeout:158ms
2019-10-20 17:40:59,160 [Thread-3065] INFO  impl.RoleInfo (RoleInfo.java:shutdownFollowerState(121)) - 8f18dce1-0a3d-4b65-9c78-af3d58b2da7f: shutdown FollowerState
2019-10-20 17:40:59,160 [Thread-3065] INFO  impl.RaftServerImpl (RaftServerImpl.java:setRole(184)) - 8f18dce1-0a3d-4b65-9c78-af3d58b2da7f@group-091950D56227: changes role from  FOLLOWER to CANDIDATE at term 509 for changeToCandidate
2019-10-20 17:40:59,160 [Thread-3065] INFO  impl.RoleInfo (RoleInfo.java:updateAndGet(143)) - 8f18dce1-0a3d-4b65-9c78-af3d58b2da7f: start LeaderElection
2019-10-20 17:40:59,184 [8f18dce1-0a3d-4b65-9c78-af3d58b2da7f@group-091950D56227-LeaderElection427] INFO  impl.LeaderElection (LeaderElection.java:askForVotes(178)) - 8f18dce1-0a3d-4b65-9c78-af3d58b2da7f@group-091950D56227-LeaderElection427: begin an election at term 510 for -1: [8a63e1ae-032e-4bed-9f20-125a11f65413:0.0.0.0:38685, 8f18dce1-0a3d-4b65-9c78-af3d58b2da7f:0.0.0.0:42489, 7b1e61a0-7daf-43dd-99d5-9b325c1d31ae:0.0.0.0:38412], old=null
2019-10-20 17:40:59,186 [grpc-default-executor-2] INFO  impl.RaftServerImpl (RaftServerImpl.java:setRole(184)) - 8a63e1ae-032e-4bed-9f20-125a11f65413@group-091950D56227: changes role from  FOLLOWER to FOLLOWER at term 510 for recognizeCandidate:8f18dce1-0a3d-4b65-9c78-af3d58b2da7f
2019-10-20 17:40:59,186 [grpc-default-executor-0] INFO  impl.RaftServerImpl (RaftServerImpl.java:setRole(184)) - 7b1e61a0-7daf-43dd-99d5-9b325c1d31ae@group-091950D56227: changes role from  FOLLOWER to FOLLOWER at term 510 for recognizeCandidate:8f18dce1-0a3d-4b65-9c78-af3d58b2da7f
2019-10-20 17:40:59,186 [grpc-default-executor-2] INFO  impl.RoleInfo (RoleInfo.java:shutdownFollowerState(121)) - 8a63e1ae-032e-4bed-9f20-125a11f65413: shutdown FollowerState
2019-10-20 17:40:59,186 [grpc-default-executor-0] INFO  impl.RoleInfo (RoleInfo.java:shutdownFollowerState(121)) - 7b1e61a0-7daf-43dd-99d5-9b325c1d31ae: shutdown FollowerState
2019-10-20 17:40:59,186 [grpc-default-executor-2] INFO  impl.RoleInfo (RoleInfo.java:updateAndGet(143)) - 8a63e1ae-032e-4bed-9f20-125a11f65413: start FollowerState
2019-10-20 17:40:59,186 [grpc-default-executor-0] INFO  impl.RoleInfo (RoleInfo.java:updateAndGet(143)) - 7b1e61a0-7daf-43dd-99d5-9b325c1d31ae: start FollowerState
2019-10-20 17:40:59,186 [Thread-3064] INFO  impl.FollowerState (FollowerState.java:run(117)) - 8a63e1ae-032e-4bed-9f20-125a11f65413@group-091950D56227-FollowerState was interrupted: java.lang.InterruptedException: sleep interrupted
2019-10-20 17:40:59,186 [Thread-3063] INFO  impl.FollowerState (FollowerState.java:run(117)) - 7b1e61a0-7daf-43dd-99d5-9b325c1d31ae@group-091950D56227-FollowerState was interrupted: java.lang.InterruptedException: sleep interrupted
2019-10-20 17:40:59,210 [8f18dce1-0a3d-4b65-9c78-af3d58b2da7f@group-091950D56227-LeaderElection427] INFO  impl.LeaderElection (LeaderElection.java:logAndReturn(56)) - 8f18dce1-0a3d-4b65-9c78-af3d58b2da7f@group-091950D56227-LeaderElection427: Election REJECTED; received 2 response(s) [8f18dce1-0a3d-4b65-9c78-af3d58b2da7f<-8a63e1ae-032e-4bed-9f20-125a11f65413#0:FAIL-t510, 8f18dce1-0a3d-4b65-9c78-af3d58b2da7f<-7b1e61a0-7daf-43dd-99d5-9b325c1d31ae#0:FAIL-t510] and 0 exception(s); 8f18dce1-0a3d-4b65-9c78-af3d58b2da7f@group-091950D56227:t510, leader=null, voted=8f18dce1-0a3d-4b65-9c78-af3d58b2da7f, raftlog=8f18dce1-0a3d-4b65-9c78-af3d58b2da7f@group-091950D56227-SegmentedRaftLog:OPENED:c-1,f-1,i0, conf=-1: [8a63e1ae-032e-4bed-9f20-125a11f65413:0.0.0.0:38685, 8f18dce1-0a3d-4b65-9c78-af3d58b2da7f:0.0.0.0:42489, 7b1e61a0-7daf-43dd-99d5-9b325c1d31ae:0.0.0.0:38412], old=null
2019-10-20 17:40:59,210 [8f18dce1-0a3d-4b65-9c78-af3d58b2da7f@group-091950D56227-LeaderElection427] INFO  impl.RaftServerImpl (RaftServerImpl.java:setRole(184)) - 8f18dce1-0a3d-4b65-9c78-af3d58b2da7f@group-091950D56227: changes role from CANDIDATE to FOLLOWER at term 510 for DISCOVERED_A_NEW_TERM
2019-10-20 17:40:59,211 [8f18dce1-0a3d-4b65-9c78-af3d58b2da7f@group-091950D56227-LeaderElection427] INFO  impl.RoleInfo (RoleInfo.java:shutdownLeaderElection(134)) - 8f18dce1-0a3d-4b65-9c78-af3d58b2da7f: shutdown LeaderElection
2019-10-20 17:40:59,211 [8f18dce1-0a3d-4b65-9c78-af3d58b2da7f@group-091950D56227-LeaderElection427] INFO  impl.RoleInfo (RoleInfo.java:updateAndGet(143)) - 8f18dce1-0a3d-4b65-9c78-af3d58b2da7f: start FollowerState
2019-10-20 17:40:59,288 [Thread-3071] INFO  impl.FollowerState (FollowerState.java:run(108)) - 8f18dce1-0a3d-4b65-9c78-af3d58b2da7f@group-091950D56227-FollowerState: change to CANDIDATE, lastRpcTime:77ms, electionTimeout:77ms
2019-10-20 17:40:59,288 [Thread-3071] INFO  impl.RoleInfo (RoleInfo.java:shutdownFollowerState(121)) - 8f18dce1-0a3d-4b65-9c78-af3d58b2da7f: shutdown FollowerState
2019-10-20 17:40:59,288 [Thread-3071] INFO  impl.RaftServerImpl (RaftServerImpl.java:setRole(184)) - 8f18dce1-0a3d-4b65-9c78-af3d58b2da7f@group-091950D56227: changes role from  FOLLOWER to CANDIDATE at term 510 for changeToCandidate
2019-10-20 17:40:59,288 [Thread-3071] INFO  impl.RoleInfo (RoleInfo.java:updateAndGet(143)) - 8f18dce1-0a3d-4b65-9c78-af3d58b2da7f: start LeaderElection
2019-10-20 17:40:59,320 [8f18dce1-0a3d-4b65-9c78-af3d58b2da7f@group-091950D56227-LeaderElection428] INFO  impl.LeaderElection (LeaderElection.java:askForVotes(178)) - 8f18dce1-0a3d-4b65-9c78-af3d58b2da7f@group-091950D56227-LeaderElection428: begin an election at term 511 for -1: [8a63e1ae-032e-4bed-9f20-125a11f65413:0.0.0.0:38685, 8f18dce1-0a3d-4b65-9c78-af3d58b2da7f:0.0.0.0:42489, 7b1e61a0-7daf-43dd-99d5-9b325c1d31ae:0.0.0.0:38412], old=null
2019-10-20 17:40:59,321 [grpc-default-executor-2] INFO  impl.RaftServerImpl (RaftServerImpl.java:setRole(184)) - 8a63e1ae-032e-4bed-9f20-125a11f65413@group-091950D56227: changes role from  FOLLOWER to FOLLOWER at term 511 for recognizeCandidate:8f18dce1-0a3d-4b65-9c78-af3d58b2da7f
2019-10-20 17:40:59,321 [grpc-default-executor-2] INFO  impl.RoleInfo (RoleInfo.java:shutdownFollowerState(121)) - 8a63e1ae-032e-4bed-9f20-125a11f65413: shutdown FollowerState
2019-10-20 17:40:59,321 [grpc-default-executor-2] INFO  impl.RoleInfo (RoleInfo.java:updateAndGet(143)) - 8a63e1ae-032e-4bed-9f20-125a11f65413: start FollowerState
2019-10-20 17:40:59,321 [Thread-3069] INFO  impl.FollowerState (FollowerState.java:run(117)) - 8a63e1ae-032e-4bed-9f20-125a11f65413@group-091950D56227-FollowerState was interrupted: java.lang.InterruptedException: sleep interrupted
2019-10-20 17:40:59,321 [grpc-default-executor-0] INFO  impl.RaftServerImpl (RaftServerImpl.java:setRole(184)) - 7b1e61a0-7daf-43dd-99d5-9b325c1d31ae@group-091950D56227: changes role from  FOLLOWER to FOLLOWER at term 511 for recognizeCandidate:8f18dce1-0a3d-4b65-9c78-af3d58b2da7f
2019-10-20 17:40:59,322 [grpc-default-executor-0] INFO  impl.RoleInfo (RoleInfo.java:shutdownFollowerState(121)) - 7b1e61a0-7daf-43dd-99d5-9b325c1d31ae: shutdown FollowerState
2019-10-20 17:40:59,322 [grpc-default-executor-0] INFO  impl.RoleInfo (RoleInfo.java:updateAndGet(143)) - 7b1e61a0-7daf-43dd-99d5-9b325c1d31ae: start FollowerState
2019-10-20 17:40:59,322 [Thread-3070] INFO  impl.FollowerState (FollowerState.java:run(117)) - 7b1e61a0-7daf-43dd-99d5-9b325c1d31ae@group-091950D56227-FollowerState was interrupted: java.lang.InterruptedException: sleep interrupted
2019-10-20 17:40:59,346 [8f18dce1-0a3d-4b65-9c78-af3d58b2da7f@group-091950D56227-LeaderElection428] INFO  impl.LeaderElection (LeaderElection.java:logAndReturn(56)) - 8f18dce1-0a3d-4b65-9c78-af3d58b2da7f@group-091950D56227-LeaderElection428: Election REJECTED; received 2 response(s) [8f18dce1-0a3d-4b65-9c78-af3d58b2da7f<-8a63e1ae-032e-4bed-9f20-125a11f65413#0:FAIL-t511, 8f18dce1-0a3d-4b65-9c78-af3d58b2da7f<-7b1e61a0-7daf-43dd-99d5-9b325c1d31ae#0:FAIL-t511] and 0 exception(s); 8f18dce1-0a3d-4b65-9c78-af3d58b2da7f@group-091950D56227:t511, leader=null, voted=8f18dce1-0a3d-4b65-9c78-af3d58b2da7f, raftlog=8f18dce1-0a3d-4b65-9c78-af3d58b2da7f@group-091950D56227-SegmentedRaftLog:OPENED:c-1,f-1,i0, conf=-1: [8a63e1ae-032e-4bed-9f20-125a11f65413:0.0.0.0:38685, 8f18dce1-0a3d-4b65-9c78-af3d58b2da7f:0.0.0.0:42489, 7b1e61a0-7daf-43dd-99d5-9b325c1d31ae:0.0.0.0:38412], old=null
2019-10-20 17:40:59,346 [8f18dce1-0a3d-4b65-9c78-af3d58b2da7f@group-091950D56227-LeaderElection428] INFO  impl.RaftServerImpl (RaftServerImpl.java:setRole(184)) - 8f18dce1-0a3d-4b65-9c78-af3d58b2da7f@group-091950D56227: changes role from CANDIDATE to FOLLOWER at term 511 for DISCOVERED_A_NEW_TERM
2019-10-20 17:40:59,346 [8f18dce1-0a3d-4b65-9c78-af3d58b2da7f@group-091950D56227-LeaderElection428] INFO  impl.RoleInfo (RoleInfo.java:shutdownLeaderElection(134)) - 8f18dce1-0a3d-4b65-9c78-af3d58b2da7f: shutdown LeaderElection
2019-10-20 17:40:59,346 [8f18dce1-0a3d-4b65-9c78-af3d58b2da7f@group-091950D56227-LeaderElection428] INFO  impl.RoleInfo (RoleInfo.java:updateAndGet(143)) - 8f18dce1-0a3d-4b65-9c78-af3d58b2da7f: start FollowerState
2019-10-20 17:40:59,380 [Thread-3077] INFO  impl.FollowerState (FollowerState.java:run(108)) - 8f18dce1-0a3d-4b65-9c78-af3d58b2da7f@group-091950D56227-FollowerState: change to CANDIDATE, lastRpcTime:34ms, electionTimeout:34ms
2019-10-20 17:40:59,381 [Thread-3077] INFO  impl.RoleInfo (RoleInfo.java:shutdownFollowerState(121)) - 8f18dce1-0a3d-4b65-9c78-af3d58b2da7f: shutdown FollowerState
2019-10-20 17:40:59,381 [Thread-3077] INFO  impl.RaftServerImpl (RaftServerImpl.java:setRole(184)) - 8f18dce1-0a3d-4b65-9c78-af3d58b2da7f@group-091950D56227: changes role from  FOLLOWER to CANDIDATE at term 511 for changeToCandidate
2019-10-20 17:40:59,381 [Thread-3077] INFO  impl.RoleInfo (RoleInfo.java:updateAndGet(143)) - 8f18dce1-0a3d-4b65-9c78-af3d58b2da7f: start LeaderElection
2019-10-20 17:40:59,405 [8f18dce1-0a3d-4b65-9c78-af3d58b2da7f@group-091950D56227-LeaderElection429] INFO  impl.LeaderElection (LeaderElection.java:askForVotes(178)) - 8f18dce1-0a3d-4b65-9c78-af3d58b2da7f@group-091950D56227-LeaderElection429: begin an election at term 512 for -1: [8a63e1ae-032e-4bed-9f20-125a11f65413:0.0.0.0:38685, 8f18dce1-0a3d-4b65-9c78-af3d58b2da7f:0.0.0.0:42489, 7b1e61a0-7daf-43dd-99d5-9b325c1d31ae:0.0.0.0:38412], old=null
2019-10-20 17:40:59,406 [grpc-default-executor-2] INFO  impl.RaftServerImpl (RaftServerImpl.java:setRole(184)) - 8a63e1ae-032e-4bed-9f20-125a11f65413@group-091950D56227: changes role from  FOLLOWER to FOLLOWER at term 512 for recognizeCandidate:8f18dce1-0a3d-4b65-9c78-af3d58b2da7f
2019-10-20 17:40:59,406 [grpc-default-executor-2] INFO  impl.RoleInfo (RoleInfo.java:shutdownFollowerState(121)) - 8a63e1ae-032e-4bed-9f20-125a11f65413: shutdown FollowerState
2019-10-20 17:40:59,406 [grpc-default-executor-0] INFO  impl.RaftServerImpl (RaftServerImpl.java:setRole(184)) - 7b1e61a0-7daf-43dd-99d5-9b325c1d31ae@group-091950D56227: changes role from  FOLLOWER to FOLLOWER at term 512 for recognizeCandidate:8f18dce1-0a3d-4b65-9c78-af3d58b2da7f
2019-10-20 17:40:59,407 [grpc-default-executor-0] INFO  impl.RoleInfo (RoleInfo.java:shutdownFollowerState(121)) - 7b1e61a0-7daf-43dd-99d5-9b325c1d31ae: shutdown FollowerState
2019-10-20 17:40:59,407 [Thread-3075] INFO  impl.FollowerState (FollowerState.java:run(117)) - 8a63e1ae-032e-4bed-9f20-125a11f65413@group-091950D56227-FollowerState was interrupted: java.lang.InterruptedException: sleep interrupted
2019-10-20 17:40:59,407 [grpc-default-executor-2] INFO  impl.RoleInfo (RoleInfo.java:updateAndGet(143)) - 8a63e1ae-032e-4bed-9f20-125a11f65413: start FollowerState
2019-10-20 17:40:59,407 [Thread-3076] INFO  impl.FollowerState (FollowerState.java:run(117)) - 7b1e61a0-7daf-43dd-99d5-9b325c1d31ae@group-091950D56227-FollowerState was interrupted: java.lang.InterruptedException: sleep interrupted
2019-10-20 17:40:59,407 [grpc-default-executor-0] INFO  impl.RoleInfo (RoleInfo.java:updateAndGet(143)) - 7b1e61a0-7daf-43dd-99d5-9b325c1d31ae: start FollowerState
2019-10-20 17:40:59,431 [8f18dce1-0a3d-4b65-9c78-af3d58b2da7f@group-091950D56227-LeaderElection429] INFO  impl.LeaderElection (LeaderElection.java:logAndReturn(56)) - 8f18dce1-0a3d-4b65-9c78-af3d58b2da7f@group-091950D56227-LeaderElection429: Election REJECTED; received 2 response(s) [8f18dce1-0a3d-4b65-9c78-af3d58b2da7f<-8a63e1ae-032e-4bed-9f20-125a11f65413#0:FAIL-t512, 8f18dce1-0a3d-4b65-9c78-af3d58b2da7f<-7b1e61a0-7daf-43dd-99d5-9b325c1d31ae#0:FAIL-t512] and 0 exception(s); 8f18dce1-0a3d-4b65-9c78-af3d58b2da7f@group-091950D56227:t512, leader=null, voted=8f18dce1-0a3d-4b65-9c78-af3d58b2da7f, raftlog=8f18dce1-0a3d-4b65-9c78-af3d58b2da7f@group-091950D56227-SegmentedRaftLog:OPENED:c-1,f-1,i0, conf=-1: [8a63e1ae-032e-4bed-9f20-125a11f65413:0.0.0.0:38685, 8f18dce1-0a3d-4b65-9c78-af3d58b2da7f:0.0.0.0:42489, 7b1e61a0-7daf-43dd-99d5-9b325c1d31ae:0.0.0.0:38412], old=null
2019-10-20 17:40:59,431 [8f18dce1-0a3d-4b65-9c78-af3d58b2da7f@group-091950D56227-LeaderElection429] INFO  impl.RaftServerImpl (RaftServerImpl.java:setRole(184)) - 8f18dce1-0a3d-4b65-9c78-af3d58b2da7f@group-091950D56227: changes role from CANDIDATE to FOLLOWER at term 512 for DISCOVERED_A_NEW_TERM
2019-10-20 17:40:59,431 [8f18dce1-0a3d-4b65-9c78-af3d58b2da7f@group-091950D56227-LeaderElection429] INFO  impl.RoleInfo (RoleInfo.java:shutdownLeaderElection(134)) - 8f18dce1-0a3d-4b65-9c78-af3d58b2da7f: shutdown LeaderElection
2019-10-20 17:40:59,431 [8f18dce1-0a3d-4b65-9c78-af3d58b2da7f@group-091950D56227-LeaderElection429] INFO  impl.RoleInfo (RoleInfo.java:updateAndGet(143)) - 8f18dce1-0a3d-4b65-9c78-af3d58b2da7f: start FollowerState
2019-10-20 17:40:59,530 [Thread-3083] INFO  impl.FollowerState (FollowerState.java:run(108)) - 8f18dce1-0a3d-4b65-9c78-af3d58b2da7f@group-091950D56227-FollowerState: change to CANDIDATE, lastRpcTime:98ms, electionTimeout:98ms
2019-10-20 17:40:59,530 [Thread-3083] INFO  impl.RoleInfo (RoleInfo.java:shutdownFollowerState(121)) - 8f18dce1-0a3d-4b65-9c78-af3d58b2da7f: shutdown FollowerState
2019-10-20 17:40:59,530 [Thread-3083] INFO  impl.RaftServerImpl (RaftServerImpl.java:setRole(184)) - 8f18dce1-0a3d-4b65-9c78-af3d58b2da7f@group-091950D56227: changes role from  FOLLOWER to CANDIDATE at term 512 for changeToCandidate
2019-10-20 17:40:59,530 [Thread-3083] INFO  impl.RoleInfo (RoleInfo.java:updateAndGet(143)) - 8f18dce1-0a3d-4b65-9c78-af3d58b2da7f: start LeaderElection
2019-10-20 17:40:59,556 [8f18dce1-0a3d-4b65-9c78-af3d58b2da7f@group-091950D56227-LeaderElection430] INFO  impl.LeaderElection (LeaderElection.java:askForVotes(178)) - 8f18dce1-0a3d-4b65-9c78-af3d58b2da7f@group-091950D56227-LeaderElection430: begin an election at term 513 for -1: [8a63e1ae-032e-4bed-9f20-125a11f65413:0.0.0.0:38685, 8f18dce1-0a3d-4b65-9c78-af3d58b2da7f:0.0.0.0:42489, 7b1e61a0-7daf-43dd-99d5-9b325c1d31ae:0.0.0.0:38412], old=null
2019-10-20 17:40:59,558 [grpc-default-executor-0] INFO  impl.RaftServerImpl (RaftServerImpl.java:setRole(184)) - 8a63e1ae-032e-4bed-9f20-125a11f65413@group-091950D56227: changes role from  FOLLOWER to FOLLOWER at term 513 for recognizeCandidate:8f18dce1-0a3d-4b65-9c78-af3d58b2da7f
2019-10-20 17:40:59,558 [grpc-default-executor-2] INFO  impl.RaftServerImpl (RaftServerImpl.java:setRole(184)) - 7b1e61a0-7daf-43dd-99d5-9b325c1d31ae@group-091950D56227: changes role from  FOLLOWER to FOLLOWER at term 513 for recognizeCandidate:8f18dce1-0a3d-4b65-9c78-af3d58b2da7f
2019-10-20 17:40:59,559 [grpc-default-executor-0] INFO  impl.RoleInfo (RoleInfo.java:shutdownFollowerState(121)) - 8a63e1ae-032e-4bed-9f20-125a11f65413: shutdown FollowerState
2019-10-20 17:40:59,559 [grpc-default-executor-2] INFO  impl.RoleInfo (RoleInfo.java:shutdownFollowerState(121)) - 7b1e61a0-7daf-43dd-99d5-9b325c1d31ae: shutdown FollowerState
2019-10-20 17:40:59,559 [Thread-3081] INFO  impl.FollowerState (FollowerState.java:run(117)) - 8a63e1ae-032e-4bed-9f20-125a11f65413@group-091950D56227-FollowerState was interrupted: java.lang.InterruptedException: sleep interrupted
2019-10-20 17:40:59,559 [grpc-default-executor-0] INFO  impl.RoleInfo (RoleInfo.java:updateAndGet(143)) - 8a63e1ae-032e-4bed-9f20-125a11f65413: start FollowerState
2019-10-20 17:40:59,559 [Thread-3082] INFO  impl.FollowerState (FollowerState.java:run(117)) - 7b1e61a0-7daf-43dd-99d5-9b325c1d31ae@group-091950D56227-FollowerState was interrupted: java.lang.InterruptedException: sleep interrupted
2019-10-20 17:40:59,559 [grpc-default-executor-2] INFO  impl.RoleInfo (RoleInfo.java:updateAndGet(143)) - 7b1e61a0-7daf-43dd-99d5-9b325c1d31ae: start FollowerState
2019-10-20 17:40:59,583 [8f18dce1-0a3d-4b65-9c78-af3d58b2da7f@group-091950D56227-LeaderElection430] INFO  impl.LeaderElection (LeaderElection.java:logAndReturn(56)) - 8f18dce1-0a3d-4b65-9c78-af3d58b2da7f@group-091950D56227-LeaderElection430: Election REJECTED; received 2 response(s) [8f18dce1-0a3d-4b65-9c78-af3d58b2da7f<-8a63e1ae-032e-4bed-9f20-125a11f65413#0:FAIL-t513, 8f18dce1-0a3d-4b65-9c78-af3d58b2da7f<-7b1e61a0-7daf-43dd-99d5-9b325c1d31ae#0:FAIL-t513] and 0 exception(s); 8f18dce1-0a3d-4b65-9c78-af3d58b2da7f@group-091950D56227:t513, leader=null, voted=8f18dce1-0a3d-4b65-9c78-af3d58b2da7f, raftlog=8f18dce1-0a3d-4b65-9c78-af3d58b2da7f@group-091950D56227-SegmentedRaftLog:OPENED:c-1,f-1,i0, conf=-1: [8a63e1ae-032e-4bed-9f20-125a11f65413:0.0.0.0:38685, 8f18dce1-0a3d-4b65-9c78-af3d58b2da7f:0.0.0.0:42489, 7b1e61a0-7daf-43dd-99d5-9b325c1d31ae:0.0.0.0:38412], old=null
2019-10-20 17:40:59,583 [8f18dce1-0a3d-4b65-9c78-af3d58b2da7f@group-091950D56227-LeaderElection430] INFO  impl.RaftServerImpl (RaftServerImpl.java:setRole(184)) - 8f18dce1-0a3d-4b65-9c78-af3d58b2da7f@group-091950D56227: changes role from CANDIDATE to FOLLOWER at term 513 for DISCOVERED_A_NEW_TERM
2019-10-20 17:40:59,583 [8f18dce1-0a3d-4b65-9c78-af3d58b2da7f@group-091950D56227-LeaderElection430] INFO  impl.RoleInfo (RoleInfo.java:shutdownLeaderElection(134)) - 8f18dce1-0a3d-4b65-9c78-af3d58b2da7f: shutdown LeaderElection
2019-10-20 17:40:59,583 [8f18dce1-0a3d-4b65-9c78-af3d58b2da7f@group-091950D56227-LeaderElection430] INFO  impl.RoleInfo (RoleInfo.java:updateAndGet(143)) - 8f18dce1-0a3d-4b65-9c78-af3d58b2da7f: start FollowerState
2019-10-20 17:40:59,736 [Thread-3091] INFO  impl.FollowerState (FollowerState.java:run(108)) - 8f18dce1-0a3d-4b65-9c78-af3d58b2da7f@group-091950D56227-FollowerState: change to CANDIDATE, lastRpcTime:153ms, electionTimeout:153ms
2019-10-20 17:40:59,736 [Thread-3091] INFO  impl.RoleInfo (RoleInfo.java:shutdownFollowerState(121)) - 8f18dce1-0a3d-4b65-9c78-af3d58b2da7f: shutdown FollowerState
2019-10-20 17:40:59,737 [Thread-3091] INFO  impl.RaftServerImpl (RaftServerImpl.java:setRole(184)) - 8f18dce1-0a3d-4b65-9c78-af3d58b2da7f@group-091950D56227: changes role from  FOLLOWER to CANDIDATE at term 513 for changeToCandidate
2019-10-20 17:40:59,737 [Thread-3091] INFO  impl.RoleInfo (RoleInfo.java:updateAndGet(143)) - 8f18dce1-0a3d-4b65-9c78-af3d58b2da7f: start LeaderElection
2019-10-20 17:40:59,766 [8f18dce1-0a3d-4b65-9c78-af3d58b2da7f@group-091950D56227-LeaderElection431] INFO  impl.LeaderElection (LeaderElection.java:askForVotes(178)) - 8f18dce1-0a3d-4b65-9c78-af3d58b2da7f@group-091950D56227-LeaderElection431: begin an election at term 514 for -1: [8a63e1ae-032e-4bed-9f20-125a11f65413:0.0.0.0:38685, 8f18dce1-0a3d-4b65-9c78-af3d58b2da7f:0.0.0.0:42489, 7b1e61a0-7daf-43dd-99d5-9b325c1d31ae:0.0.0.0:38412], old=null
2019-10-20 17:40:59,768 [grpc-default-executor-0] INFO  impl.RaftServerImpl (RaftServerImpl.java:setRole(184)) - 7b1e61a0-7daf-43dd-99d5-9b325c1d31ae@group-091950D56227: changes role from  FOLLOWER to FOLLOWER at term 514 for recognizeCandidate:8f18dce1-0a3d-4b65-9c78-af3d58b2da7f
2019-10-20 17:40:59,768 [grpc-default-executor-0] INFO  impl.RoleInfo (RoleInfo.java:shutdownFollowerState(121)) - 7b1e61a0-7daf-43dd-99d5-9b325c1d31ae: shutdown FollowerState
2019-10-20 17:40:59,768 [grpc-default-executor-2] INFO  impl.RaftServerImpl (RaftServerImpl.java:setRole(184)) - 8a63e1ae-032e-4bed-9f20-125a11f65413@group-091950D56227: changes role from  FOLLOWER to FOLLOWER at term 514 for recognizeCandidate:8f18dce1-0a3d-4b65-9c78-af3d58b2da7f
2019-10-20 17:40:59,768 [Thread-3090] INFO  impl.FollowerState (FollowerState.java:run(117)) - 7b1e61a0-7daf-43dd-99d5-9b325c1d31ae@group-091950D56227-FollowerState was interrupted: java.lang.InterruptedException: sleep interrupted
2019-10-20 17:40:59,768 [grpc-default-executor-0] INFO  impl.RoleInfo (RoleInfo.java:updateAndGet(143)) - 7b1e61a0-7daf-43dd-99d5-9b325c1d31ae: start FollowerState
2019-10-20 17:40:59,768 [grpc-default-executor-2] INFO  impl.RoleInfo (RoleInfo.java:shutdownFollowerState(121)) - 8a63e1ae-032e-4bed-9f20-125a11f65413: shutdown FollowerState
2019-10-20 17:40:59,769 [grpc-default-executor-2] INFO  impl.RoleInfo (RoleInfo.java:updateAndGet(143)) - 8a63e1ae-032e-4bed-9f20-125a11f65413: start FollowerState
2019-10-20 17:40:59,769 [Thread-3089] INFO  impl.FollowerState (FollowerState.java:run(117)) - 8a63e1ae-032e-4bed-9f20-125a11f65413@group-091950D56227-FollowerState was interrupted: java.lang.InterruptedException: sleep interrupted
2019-10-20 17:40:59,792 [8f18dce1-0a3d-4b65-9c78-af3d58b2da7f@group-091950D56227-LeaderElection431] INFO  impl.LeaderElection (LeaderElection.java:logAndReturn(56)) - 8f18dce1-0a3d-4b65-9c78-af3d58b2da7f@group-091950D56227-LeaderElection431: Election REJECTED; received 2 response(s) [8f18dce1-0a3d-4b65-9c78-af3d58b2da7f<-8a63e1ae-032e-4bed-9f20-125a11f65413#0:FAIL-t514, 8f18dce1-0a3d-4b65-9c78-af3d58b2da7f<-7b1e61a0-7daf-43dd-99d5-9b325c1d31ae#0:FAIL-t514] and 0 exception(s); 8f18dce1-0a3d-4b65-9c78-af3d58b2da7f@group-091950D56227:t514, leader=null, voted=8f18dce1-0a3d-4b65-9c78-af3d58b2da7f, raftlog=8f18dce1-0a3d-4b65-9c78-af3d58b2da7f@group-091950D56227-SegmentedRaftLog:OPENED:c-1,f-1,i0, conf=-1: [8a63e1ae-032e-4bed-9f20-125a11f65413:0.0.0.0:38685, 8f18dce1-0a3d-4b65-9c78-af3d58b2da7f:0.0.0.0:42489, 7b1e61a0-7daf-43dd-99d5-9b325c1d31ae:0.0.0.0:38412], old=null
2019-10-20 17:40:59,793 [8f18dce1-0a3d-4b65-9c78-af3d58b2da7f@group-091950D56227-LeaderElection431] INFO  impl.RaftServerImpl (RaftServerImpl.java:setRole(184)) - 8f18dce1-0a3d-4b65-9c78-af3d58b2da7f@group-091950D56227: changes role from CANDIDATE to FOLLOWER at term 514 for DISCOVERED_A_NEW_TERM
2019-10-20 17:40:59,793 [8f18dce1-0a3d-4b65-9c78-af3d58b2da7f@group-091950D56227-LeaderElection431] INFO  impl.RoleInfo (RoleInfo.java:shutdownLeaderElection(134)) - 8f18dce1-0a3d-4b65-9c78-af3d58b2da7f: shutdown LeaderElection
2019-10-20 17:40:59,793 [8f18dce1-0a3d-4b65-9c78-af3d58b2da7f@group-091950D56227-LeaderElection431] INFO  impl.RoleInfo (RoleInfo.java:updateAndGet(143)) - 8f18dce1-0a3d-4b65-9c78-af3d58b2da7f: start FollowerState
2019-10-20 17:40:59,803 [Thread-3097] INFO  impl.FollowerState (FollowerState.java:run(108)) - 8f18dce1-0a3d-4b65-9c78-af3d58b2da7f@group-091950D56227-FollowerState: change to CANDIDATE, lastRpcTime:10ms, electionTimeout:10ms
2019-10-20 17:40:59,803 [Thread-3097] INFO  impl.RoleInfo (RoleInfo.java:shutdownFollowerState(121)) - 8f18dce1-0a3d-4b65-9c78-af3d58b2da7f: shutdown FollowerState
2019-10-20 17:40:59,803 [Thread-3097] INFO  impl.RaftServerImpl (RaftServerImpl.java:setRole(184)) - 8f18dce1-0a3d-4b65-9c78-af3d58b2da7f@group-091950D56227: changes role from  FOLLOWER to CANDIDATE at term 514 for changeToCandidate
2019-10-20 17:40:59,803 [Thread-3097] INFO  impl.RoleInfo (RoleInfo.java:updateAndGet(143)) - 8f18dce1-0a3d-4b65-9c78-af3d58b2da7f: start LeaderElection
2019-10-20 17:40:59,826 [8f18dce1-0a3d-4b65-9c78-af3d58b2da7f@group-091950D56227-LeaderElection432] INFO  impl.LeaderElection (LeaderElection.java:askForVotes(178)) - 8f18dce1-0a3d-4b65-9c78-af3d58b2da7f@group-091950D56227-LeaderElection432: begin an election at term 515 for -1: [8a63e1ae-032e-4bed-9f20-125a11f65413:0.0.0.0:38685, 8f18dce1-0a3d-4b65-9c78-af3d58b2da7f:0.0.0.0:42489, 7b1e61a0-7daf-43dd-99d5-9b325c1d31ae:0.0.0.0:38412], old=null
2019-10-20 17:40:59,827 [grpc-default-executor-2] INFO  impl.RaftServerImpl (RaftServerImpl.java:setRole(184)) - 8a63e1ae-032e-4bed-9f20-125a11f65413@group-091950D56227: changes role from  FOLLOWER to FOLLOWER at term 515 for recognizeCandidate:8f18dce1-0a3d-4b65-9c78-af3d58b2da7f
2019-10-20 17:40:59,828 [grpc-default-executor-0] INFO  impl.RaftServerImpl (RaftServerImpl.java:setRole(184)) - 7b1e61a0-7daf-43dd-99d5-9b325c1d31ae@group-091950D56227: changes role from  FOLLOWER to FOLLOWER at term 515 for recognizeCandidate:8f18dce1-0a3d-4b65-9c78-af3d58b2da7f
2019-10-20 17:40:59,828 [grpc-default-executor-0] INFO  impl.RoleInfo (RoleInfo.java:shutdownFollowerState(121)) - 7b1e61a0-7daf-43dd-99d5-9b325c1d31ae: shutdown FollowerState
2019-10-20 17:40:59,828 [grpc-default-executor-2] INFO  impl.RoleInfo (RoleInfo.java:shutdownFollowerState(121)) - 8a63e1ae-032e-4bed-9f20-125a11f65413: shutdown FollowerState
2019-10-20 17:40:59,828 [Thread-3095] INFO  impl.FollowerState (FollowerState.java:run(117)) - 7b1e61a0-7daf-43dd-99d5-9b325c1d31ae@group-091950D56227-FollowerState was interrupted: java.lang.InterruptedException: sleep interrupted
2019-10-20 17:40:59,828 [grpc-default-executor-0] INFO  impl.RoleInfo (RoleInfo.java:updateAndGet(143)) - 7b1e61a0-7daf-43dd-99d5-9b325c1d31ae: start FollowerState
2019-10-20 17:40:59,828 [Thread-3096] INFO  impl.FollowerState (FollowerState.java:run(117)) - 8a63e1ae-032e-4bed-9f20-125a11f65413@group-091950D56227-FollowerState was interrupted: java.lang.InterruptedException: sleep interrupted
2019-10-20 17:40:59,828 [grpc-default-executor-2] INFO  impl.RoleInfo (RoleInfo.java:updateAndGet(143)) - 8a63e1ae-032e-4bed-9f20-125a11f65413: start FollowerState
2019-10-20 17:40:59,852 [8f18dce1-0a3d-4b65-9c78-af3d58b2da7f@group-091950D56227-LeaderElection432] INFO  impl.LeaderElection (LeaderElection.java:logAndReturn(56)) - 8f18dce1-0a3d-4b65-9c78-af3d58b2da7f@group-091950D56227-LeaderElection432: Election REJECTED; received 2 response(s) [8f18dce1-0a3d-4b65-9c78-af3d58b2da7f<-8a63e1ae-032e-4bed-9f20-125a11f65413#0:FAIL-t515, 8f18dce1-0a3d-4b65-9c78-af3d58b2da7f<-7b1e61a0-7daf-43dd-99d5-9b325c1d31ae#0:FAIL-t515] and 0 exception(s); 8f18dce1-0a3d-4b65-9c78-af3d58b2da7f@group-091950D56227:t515, leader=null, voted=8f18dce1-0a3d-4b65-9c78-af3d58b2da7f, raftlog=8f18dce1-0a3d-4b65-9c78-af3d58b2da7f@group-091950D56227-SegmentedRaftLog:OPENED:c-1,f-1,i0, conf=-1: [8a63e1ae-032e-4bed-9f20-125a11f65413:0.0.0.0:38685, 8f18dce1-0a3d-4b65-9c78-af3d58b2da7f:0.0.0.0:42489, 7b1e61a0-7daf-43dd-99d5-9b325c1d31ae:0.0.0.0:38412], old=null
2019-10-20 17:40:59,852 [8f18dce1-0a3d-4b65-9c78-af3d58b2da7f@group-091950D56227-LeaderElection432] INFO  impl.RaftServerImpl (RaftServerImpl.java:setRole(184)) - 8f18dce1-0a3d-4b65-9c78-af3d58b2da7f@group-091950D56227: changes role from CANDIDATE to FOLLOWER at term 515 for DISCOVERED_A_NEW_TERM
2019-10-20 17:40:59,852 [8f18dce1-0a3d-4b65-9c78-af3d58b2da7f@group-091950D56227-LeaderElection432] INFO  impl.RoleInfo (RoleInfo.java:shutdownLeaderElection(134)) - 8f18dce1-0a3d-4b65-9c78-af3d58b2da7f: shutdown LeaderElection
2019-10-20 17:40:59,852 [8f18dce1-0a3d-4b65-9c78-af3d58b2da7f@group-091950D56227-LeaderElection432] INFO  impl.RoleInfo (RoleInfo.java:updateAndGet(143)) - 8f18dce1-0a3d-4b65-9c78-af3d58b2da7f: start FollowerState
2019-10-20 17:41:00,021 [Thread-3103] INFO  impl.FollowerState (FollowerState.java:run(108)) - 8f18dce1-0a3d-4b65-9c78-af3d58b2da7f@group-091950D56227-FollowerState: change to CANDIDATE, lastRpcTime:168ms, electionTimeout:168ms
2019-10-20 17:41:00,021 [Thread-3103] INFO  impl.RoleInfo (RoleInfo.java:shutdownFollowerState(121)) - 8f18dce1-0a3d-4b65-9c78-af3d58b2da7f: shutdown FollowerState
2019-10-20 17:41:00,021 [Thread-3103] INFO  impl.RaftServerImpl (RaftServerImpl.java:setRole(184)) - 8f18dce1-0a3d-4b65-9c78-af3d58b2da7f@group-091950D56227: changes role from  FOLLOWER to CANDIDATE at term 515 for changeToCandidate
2019-10-20 17:41:00,021 [Thread-3103] INFO  impl.RoleInfo (RoleInfo.java:updateAndGet(143)) - 8f18dce1-0a3d-4b65-9c78-af3d58b2da7f: start LeaderElection
2019-10-20 17:41:00,053 [8f18dce1-0a3d-4b65-9c78-af3d58b2da7f@group-091950D56227-LeaderElection433] INFO  impl.LeaderElection (LeaderElection.java:askForVotes(178)) - 8f18dce1-0a3d-4b65-9c78-af3d58b2da7f@group-091950D56227-LeaderElection433: begin an election at term 516 for -1: [8a63e1ae-032e-4bed-9f20-125a11f65413:0.0.0.0:38685, 8f18dce1-0a3d-4b65-9c78-af3d58b2da7f:0.0.0.0:42489, 7b1e61a0-7daf-43dd-99d5-9b325c1d31ae:0.0.0.0:38412], old=null
2019-10-20 17:41:00,054 [grpc-default-executor-0] INFO  impl.RaftServerImpl (RaftServerImpl.java:setRole(184)) - 8a63e1ae-032e-4bed-9f20-125a11f65413@group-091950D56227: changes role from  FOLLOWER to FOLLOWER at term 516 for recognizeCandidate:8f18dce1-0a3d-4b65-9c78-af3d58b2da7f
2019-10-20 17:41:00,054 [grpc-default-executor-0] INFO  impl.RoleInfo (RoleInfo.java:shutdownFollowerState(121)) - 8a63e1ae-032e-4bed-9f20-125a11f65413: shutdown FollowerState
2019-10-20 17:41:00,054 [grpc-default-executor-2] INFO  impl.RaftServerImpl (RaftServerImpl.java:setRole(184)) - 7b1e61a0-7daf-43dd-99d5-9b325c1d31ae@group-091950D56227: changes role from  FOLLOWER to FOLLOWER at term 516 for recognizeCandidate:8f18dce1-0a3d-4b65-9c78-af3d58b2da7f
2019-10-20 17:41:00,055 [Thread-3102] INFO  impl.FollowerState (FollowerState.java:run(117)) - 8a63e1ae-032e-4bed-9f20-125a11f65413@group-091950D56227-FollowerState was interrupted: java.lang.InterruptedException: sleep interrupted
2019-10-20 17:41:00,055 [grpc-default-executor-0] INFO  impl.RoleInfo (RoleInfo.java:updateAndGet(143)) - 8a63e1ae-032e-4bed-9f20-125a11f65413: start FollowerState
2019-10-20 17:41:00,055 [grpc-default-executor-2] INFO  impl.RoleInfo (RoleInfo.java:shutdownFollowerState(121)) - 7b1e61a0-7daf-43dd-99d5-9b325c1d31ae: shutdown FollowerState
2019-10-20 17:41:00,055 [grpc-default-executor-2] INFO  impl.RoleInfo (RoleInfo.java:updateAndGet(143)) - 7b1e61a0-7daf-43dd-99d5-9b325c1d31ae: start FollowerState
2019-10-20 17:41:00,055 [Thread-3101] INFO  impl.FollowerState (FollowerState.java:run(117)) - 7b1e61a0-7daf-43dd-99d5-9b325c1d31ae@group-091950D56227-FollowerState was interrupted: java.lang.InterruptedException: sleep interrupted
2019-10-20 17:41:00,080 [8f18dce1-0a3d-4b65-9c78-af3d58b2da7f@group-091950D56227-LeaderElection433] INFO  impl.LeaderElection (LeaderElection.java:logAndReturn(56)) - 8f18dce1-0a3d-4b65-9c78-af3d58b2da7f@group-091950D56227-LeaderElection433: Election REJECTED; received 2 response(s) [8f18dce1-0a3d-4b65-9c78-af3d58b2da7f<-8a63e1ae-032e-4bed-9f20-125a11f65413#0:FAIL-t516, 8f18dce1-0a3d-4b65-9c78-af3d58b2da7f<-7b1e61a0-7daf-43dd-99d5-9b325c1d31ae#0:FAIL-t516] and 0 exception(s); 8f18dce1-0a3d-4b65-9c78-af3d58b2da7f@group-091950D56227:t516, leader=null, voted=8f18dce1-0a3d-4b65-9c78-af3d58b2da7f, raftlog=8f18dce1-0a3d-4b65-9c78-af3d58b2da7f@group-091950D56227-SegmentedRaftLog:OPENED:c-1,f-1,i0, conf=-1: [8a63e1ae-032e-4bed-9f20-125a11f65413:0.0.0.0:38685, 8f18dce1-0a3d-4b65-9c78-af3d58b2da7f:0.0.0.0:42489, 7b1e61a0-7daf-43dd-99d5-9b325c1d31ae:0.0.0.0:38412], old=null
2019-10-20 17:41:00,080 [8f18dce1-0a3d-4b65-9c78-af3d58b2da7f@group-091950D56227-LeaderElection433] INFO  impl.RaftServerImpl (RaftServerImpl.java:setRole(184)) - 8f18dce1-0a3d-4b65-9c78-af3d58b2da7f@group-091950D56227: changes role from CANDIDATE to FOLLOWER at term 516 for DISCOVERED_A_NEW_TERM
2019-10-20 17:41:00,080 [8f18dce1-0a3d-4b65-9c78-af3d58b2da7f@group-091950D56227-LeaderElection433] INFO  impl.RoleInfo (RoleInfo.java:shutdownLeaderElection(134)) - 8f18dce1-0a3d-4b65-9c78-af3d58b2da7f: shutdown LeaderElection
2019-10-20 17:41:00,081 [8f18dce1-0a3d-4b65-9c78-af3d58b2da7f@group-091950D56227-LeaderElection433] INFO  impl.RoleInfo (RoleInfo.java:updateAndGet(143)) - 8f18dce1-0a3d-4b65-9c78-af3d58b2da7f: start FollowerState
2019-10-20 17:41:00,188 [Thread-3109] INFO  impl.FollowerState (FollowerState.java:run(108)) - 8f18dce1-0a3d-4b65-9c78-af3d58b2da7f@group-091950D56227-FollowerState: change to CANDIDATE, lastRpcTime:107ms, electionTimeout:107ms
2019-10-20 17:41:00,188 [Thread-3109] INFO  impl.RoleInfo (RoleInfo.java:shutdownFollowerState(121)) - 8f18dce1-0a3d-4b65-9c78-af3d58b2da7f: shutdown FollowerState
2019-10-20 17:41:00,188 [Thread-3109] INFO  impl.RaftServerImpl (RaftServerImpl.java:setRole(184)) - 8f18dce1-0a3d-4b65-9c78-af3d58b2da7f@group-091950D56227: changes role from  FOLLOWER to CANDIDATE at term 516 for changeToCandidate
2019-10-20 17:41:00,188 [Thread-3109] INFO  impl.RoleInfo (RoleInfo.java:updateAndGet(143)) - 8f18dce1-0a3d-4b65-9c78-af3d58b2da7f: start LeaderElection
2019-10-20 17:41:00,307 [8f18dce1-0a3d-4b65-9c78-af3d58b2da7f@group-091950D56227-LeaderElection434] INFO  impl.LeaderElection (LeaderElection.java:askForVotes(178)) - 8f18dce1-0a3d-4b65-9c78-af3d58b2da7f@group-091950D56227-LeaderElection434: begin an election at term 517 for -1: [8a63e1ae-032e-4bed-9f20-125a11f65413:0.0.0.0:38685, 8f18dce1-0a3d-4b65-9c78-af3d58b2da7f:0.0.0.0:42489, 7b1e61a0-7daf-43dd-99d5-9b325c1d31ae:0.0.0.0:38412], old=null
2019-10-20 17:41:00,309 [grpc-default-executor-2] INFO  impl.RaftServerImpl (RaftServerImpl.java:setRole(184)) - 8a63e1ae-032e-4bed-9f20-125a11f65413@group-091950D56227: changes role from  FOLLOWER to FOLLOWER at term 517 for recognizeCandidate:8f18dce1-0a3d-4b65-9c78-af3d58b2da7f
2019-10-20 17:41:00,309 [grpc-default-executor-0] INFO  impl.RaftServerImpl (RaftServerImpl.java:setRole(184)) - 7b1e61a0-7daf-43dd-99d5-9b325c1d31ae@group-091950D56227: changes role from  FOLLOWER to FOLLOWER at term 517 for recognizeCandidate:8f18dce1-0a3d-4b65-9c78-af3d58b2da7f
2019-10-20 17:41:00,310 [grpc-default-executor-2] INFO  impl.RoleInfo (RoleInfo.java:shutdownFollowerState(121)) - 8a63e1ae-032e-4bed-9f20-125a11f65413: shutdown FollowerState
2019-10-20 17:41:00,310 [grpc-default-executor-0] INFO  impl.RoleInfo (RoleInfo.java:shutdownFollowerState(121)) - 7b1e61a0-7daf-43dd-99d5-9b325c1d31ae: shutdown FollowerState
2019-10-20 17:41:00,310 [Thread-3107] INFO  impl.FollowerState (FollowerState.java:run(117)) - 8a63e1ae-032e-4bed-9f20-125a11f65413@group-091950D56227-FollowerState was interrupted: java.lang.InterruptedException: sleep interrupted
2019-10-20 17:41:00,310 [grpc-default-executor-2] INFO  impl.RoleInfo (RoleInfo.java:updateAndGet(143)) - 8a63e1ae-032e-4bed-9f20-125a11f65413: start FollowerState
2019-10-20 17:41:00,310 [Thread-3108] INFO  impl.FollowerState (FollowerState.java:run(117)) - 7b1e61a0-7daf-43dd-99d5-9b325c1d31ae@group-091950D56227-FollowerState was interrupted: java.lang.InterruptedException: sleep interrupted
2019-10-20 17:41:00,310 [grpc-default-executor-0] INFO  impl.RoleInfo (RoleInfo.java:updateAndGet(143)) - 7b1e61a0-7daf-43dd-99d5-9b325c1d31ae: start FollowerState
2019-10-20 17:41:00,334 [8f18dce1-0a3d-4b65-9c78-af3d58b2da7f@group-091950D56227-LeaderElection434] INFO  impl.LeaderElection (LeaderElection.java:logAndReturn(56)) - 8f18dce1-0a3d-4b65-9c78-af3d58b2da7f@group-091950D56227-LeaderElection434: Election REJECTED; received 2 response(s) [8f18dce1-0a3d-4b65-9c78-af3d58b2da7f<-8a63e1ae-032e-4bed-9f20-125a11f65413#0:FAIL-t517, 8f18dce1-0a3d-4b65-9c78-af3d58b2da7f<-7b1e61a0-7daf-43dd-99d5-9b325c1d31ae#0:FAIL-t517] and 0 exception(s); 8f18dce1-0a3d-4b65-9c78-af3d58b2da7f@group-091950D56227:t517, leader=null, voted=8f18dce1-0a3d-4b65-9c78-af3d58b2da7f, raftlog=8f18dce1-0a3d-4b65-9c78-af3d58b2da7f@group-091950D56227-SegmentedRaftLog:OPENED:c-1,f-1,i0, conf=-1: [8a63e1ae-032e-4bed-9f20-125a11f65413:0.0.0.0:38685, 8f18dce1-0a3d-4b65-9c78-af3d58b2da7f:0.0.0.0:42489, 7b1e61a0-7daf-43dd-99d5-9b325c1d31ae:0.0.0.0:38412], old=null
2019-10-20 17:41:00,334 [8f18dce1-0a3d-4b65-9c78-af3d58b2da7f@group-091950D56227-LeaderElection434] INFO  impl.RaftServerImpl (RaftServerImpl.java:setRole(184)) - 8f18dce1-0a3d-4b65-9c78-af3d58b2da7f@group-091950D56227: changes role from CANDIDATE to FOLLOWER at term 517 for DISCOVERED_A_NEW_TERM
2019-10-20 17:41:00,334 [8f18dce1-0a3d-4b65-9c78-af3d58b2da7f@group-091950D56227-LeaderElection434] INFO  impl.RoleInfo (RoleInfo.java:shutdownLeaderElection(134)) - 8f18dce1-0a3d-4b65-9c78-af3d58b2da7f: shutdown LeaderElection
2019-10-20 17:41:00,334 [8f18dce1-0a3d-4b65-9c78-af3d58b2da7f@group-091950D56227-LeaderElection434] INFO  impl.RoleInfo (RoleInfo.java:updateAndGet(143)) - 8f18dce1-0a3d-4b65-9c78-af3d58b2da7f: start FollowerState
2019-10-20 17:41:00,397 [Thread-3115] INFO  impl.FollowerState (FollowerState.java:run(108)) - 8f18dce1-0a3d-4b65-9c78-af3d58b2da7f@group-091950D56227-FollowerState: change to CANDIDATE, lastRpcTime:62ms, electionTimeout:62ms
2019-10-20 17:41:00,397 [Thread-3115] INFO  impl.RoleInfo (RoleInfo.java:shutdownFollowerState(121)) - 8f18dce1-0a3d-4b65-9c78-af3d58b2da7f: shutdown FollowerState
2019-10-20 17:41:00,397 [Thread-3115] INFO  impl.RaftServerImpl (RaftServerImpl.java:setRole(184)) - 8f18dce1-0a3d-4b65-9c78-af3d58b2da7f@group-091950D56227: changes role from  FOLLOWER to CANDIDATE at term 517 for changeToCandidate
2019-10-20 17:41:00,397 [Thread-3115] INFO  impl.RoleInfo (RoleInfo.java:updateAndGet(143)) - 8f18dce1-0a3d-4b65-9c78-af3d58b2da7f: start LeaderElection
2019-10-20 17:41:00,431 [8f18dce1-0a3d-4b65-9c78-af3d58b2da7f@group-091950D56227-LeaderElection435] INFO  impl.LeaderElection (LeaderElection.java:askForVotes(178)) - 8f18dce1-0a3d-4b65-9c78-af3d58b2da7f@group-091950D56227-LeaderElection435: begin an election at term 518 for -1: [8a63e1ae-032e-4bed-9f20-125a11f65413:0.0.0.0:38685, 8f18dce1-0a3d-4b65-9c78-af3d58b2da7f:0.0.0.0:42489, 7b1e61a0-7daf-43dd-99d5-9b325c1d31ae:0.0.0.0:38412], old=null
2019-10-20 17:41:00,433 [grpc-default-executor-2] INFO  impl.RaftServerImpl (RaftServerImpl.java:setRole(184)) - 8a63e1ae-032e-4bed-9f20-125a11f65413@group-091950D56227: changes role from  FOLLOWER to FOLLOWER at term 518 for recognizeCandidate:8f18dce1-0a3d-4b65-9c78-af3d58b2da7f
2019-10-20 17:41:00,433 [grpc-default-executor-2] INFO  impl.RoleInfo (RoleInfo.java:shutdownFollowerState(121)) - 8a63e1ae-032e-4bed-9f20-125a11f65413: shutdown FollowerState
2019-10-20 17:41:00,433 [grpc-default-executor-2] INFO  impl.RoleInfo (RoleInfo.java:updateAndGet(143)) - 8a63e1ae-032e-4bed-9f20-125a11f65413: start FollowerState
2019-10-20 17:41:00,433 [Thread-3113] INFO  impl.FollowerState (FollowerState.java:run(117)) - 8a63e1ae-032e-4bed-9f20-125a11f65413@group-091950D56227-FollowerState was interrupted: java.lang.InterruptedException: sleep interrupted
2019-10-20 17:41:00,433 [grpc-default-executor-0] INFO  impl.RaftServerImpl (RaftServerImpl.java:setRole(184)) - 7b1e61a0-7daf-43dd-99d5-9b325c1d31ae@group-091950D56227: changes role from  FOLLOWER to FOLLOWER at term 518 for recognizeCandidate:8f18dce1-0a3d-4b65-9c78-af3d58b2da7f
2019-10-20 17:41:00,434 [grpc-default-executor-0] INFO  impl.RoleInfo (RoleInfo.java:shutdownFollowerState(121)) - 7b1e61a0-7daf-43dd-99d5-9b325c1d31ae: shutdown FollowerState
2019-10-20 17:41:00,434 [grpc-default-executor-0] INFO  impl.RoleInfo (RoleInfo.java:updateAndGet(143)) - 7b1e61a0-7daf-43dd-99d5-9b325c1d31ae: start FollowerState
2019-10-20 17:41:00,434 [Thread-3114] INFO  impl.FollowerState (FollowerState.java:run(117)) - 7b1e61a0-7daf-43dd-99d5-9b325c1d31ae@group-091950D56227-FollowerState was interrupted: java.lang.InterruptedException: sleep interrupted
2019-10-20 17:41:00,457 [8f18dce1-0a3d-4b65-9c78-af3d58b2da7f@group-091950D56227-LeaderElection435] INFO  impl.LeaderElection (LeaderElection.java:logAndReturn(56)) - 8f18dce1-0a3d-4b65-9c78-af3d58b2da7f@group-091950D56227-LeaderElection435: Election REJECTED; received 2 response(s) [8f18dce1-0a3d-4b65-9c78-af3d58b2da7f<-8a63e1ae-032e-4bed-9f20-125a11f65413#0:FAIL-t518, 8f18dce1-0a3d-4b65-9c78-af3d58b2da7f<-7b1e61a0-7daf-43dd-99d5-9b325c1d31ae#0:FAIL-t518] and 0 exception(s); 8f18dce1-0a3d-4b65-9c78-af3d58b2da7f@group-091950D56227:t518, leader=null, voted=8f18dce1-0a3d-4b65-9c78-af3d58b2da7f, raftlog=8f18dce1-0a3d-4b65-9c78-af3d58b2da7f@group-091950D56227-SegmentedRaftLog:OPENED:c-1,f-1,i0, conf=-1: [8a63e1ae-032e-4bed-9f20-125a11f65413:0.0.0.0:38685, 8f18dce1-0a3d-4b65-9c78-af3d58b2da7f:0.0.0.0:42489, 7b1e61a0-7daf-43dd-99d5-9b325c1d31ae:0.0.0.0:38412], old=null
2019-10-20 17:41:00,457 [8f18dce1-0a3d-4b65-9c78-af3d58b2da7f@group-091950D56227-LeaderElection435] INFO  impl.RaftServerImpl (RaftServerImpl.java:setRole(184)) - 8f18dce1-0a3d-4b65-9c78-af3d58b2da7f@group-091950D56227: changes role from CANDIDATE to FOLLOWER at term 518 for DISCOVERED_A_NEW_TERM
2019-10-20 17:41:00,457 [8f18dce1-0a3d-4b65-9c78-af3d58b2da7f@group-091950D56227-LeaderElection435] INFO  impl.RoleInfo (RoleInfo.java:shutdownLeaderElection(134)) - 8f18dce1-0a3d-4b65-9c78-af3d58b2da7f: shutdown LeaderElection
2019-10-20 17:41:00,457 [8f18dce1-0a3d-4b65-9c78-af3d58b2da7f@group-091950D56227-LeaderElection435] INFO  impl.RoleInfo (RoleInfo.java:updateAndGet(143)) - 8f18dce1-0a3d-4b65-9c78-af3d58b2da7f: start FollowerState
2019-10-20 17:41:00,487 [Thread-3123] INFO  impl.FollowerState (FollowerState.java:run(108)) - 8f18dce1-0a3d-4b65-9c78-af3d58b2da7f@group-091950D56227-FollowerState: change to CANDIDATE, lastRpcTime:29ms, electionTimeout:29ms
2019-10-20 17:41:00,487 [Thread-3123] INFO  impl.RoleInfo (RoleInfo.java:shutdownFollowerState(121)) - 8f18dce1-0a3d-4b65-9c78-af3d58b2da7f: shutdown FollowerState
2019-10-20 17:41:00,487 [Thread-3123] INFO  impl.RaftServerImpl (RaftServerImpl.java:setRole(184)) - 8f18dce1-0a3d-4b65-9c78-af3d58b2da7f@group-091950D56227: changes role from  FOLLOWER to CANDIDATE at term 518 for changeToCandidate
2019-10-20 17:41:00,487 [Thread-3123] INFO  impl.RoleInfo (RoleInfo.java:updateAndGet(143)) - 8f18dce1-0a3d-4b65-9c78-af3d58b2da7f: start LeaderElection
2019-10-20 17:41:00,511 [8f18dce1-0a3d-4b65-9c78-af3d58b2da7f@group-091950D56227-LeaderElection436] INFO  impl.LeaderElection (LeaderElection.java:askForVotes(178)) - 8f18dce1-0a3d-4b65-9c78-af3d58b2da7f@group-091950D56227-LeaderElection436: begin an election at term 519 for -1: [8a63e1ae-032e-4bed-9f20-125a11f65413:0.0.0.0:38685, 8f18dce1-0a3d-4b65-9c78-af3d58b2da7f:0.0.0.0:42489, 7b1e61a0-7daf-43dd-99d5-9b325c1d31ae:0.0.0.0:38412], old=null
2019-10-20 17:41:00,512 [grpc-default-executor-1] INFO  impl.RaftServerImpl (RaftServerImpl.java:setRole(184)) - 8a63e1ae-032e-4bed-9f20-125a11f65413@group-091950D56227: changes role from  FOLLOWER to FOLLOWER at term 519 for recognizeCandidate:8f18dce1-0a3d-4b65-9c78-af3d58b2da7f
2019-10-20 17:41:00,512 [grpc-default-executor-1] INFO  impl.RoleInfo (RoleInfo.java:shutdownFollowerState(121)) - 8a63e1ae-032e-4bed-9f20-125a11f65413: shutdown FollowerState
2019-10-20 17:41:00,512 [grpc-default-executor-3] INFO  impl.RaftServerImpl (RaftServerImpl.java:setRole(184)) - 7b1e61a0-7daf-43dd-99d5-9b325c1d31ae@group-091950D56227: changes role from  FOLLOWER to FOLLOWER at term 519 for recognizeCandidate:8f18dce1-0a3d-4b65-9c78-af3d58b2da7f
2019-10-20 17:41:00,513 [grpc-default-executor-3] INFO  impl.RoleInfo (RoleInfo.java:shutdownFollowerState(121)) - 7b1e61a0-7daf-43dd-99d5-9b325c1d31ae: shutdown FollowerState
2019-10-20 17:41:00,513 [Thread-3119] INFO  impl.FollowerState (FollowerState.java:run(117)) - 8a63e1ae-032e-4bed-9f20-125a11f65413@group-091950D56227-FollowerState was interrupted: java.lang.InterruptedException: sleep interrupted
2019-10-20 17:41:00,513 [Thread-3120] INFO  impl.FollowerState (FollowerState.java:run(117)) - 7b1e61a0-7daf-43dd-99d5-9b325c1d31ae@group-091950D56227-FollowerState was interrupted: java.lang.InterruptedException: sleep interrupted
2019-10-20 17:41:00,513 [grpc-default-executor-1] INFO  impl.RoleInfo (RoleInfo.java:updateAndGet(143)) - 8a63e1ae-032e-4bed-9f20-125a11f65413: start FollowerState
2019-10-20 17:41:00,513 [grpc-default-executor-3] INFO  impl.RoleInfo (RoleInfo.java:updateAndGet(143)) - 7b1e61a0-7daf-43dd-99d5-9b325c1d31ae: start FollowerState
2019-10-20 17:41:00,537 [8f18dce1-0a3d-4b65-9c78-af3d58b2da7f@group-091950D56227-LeaderElection436] INFO  impl.LeaderElection (LeaderElection.java:logAndReturn(56)) - 8f18dce1-0a3d-4b65-9c78-af3d58b2da7f@group-091950D56227-LeaderElection436: Election REJECTED; received 2 response(s) [8f18dce1-0a3d-4b65-9c78-af3d58b2da7f<-8a63e1ae-032e-4bed-9f20-125a11f65413#0:FAIL-t519, 8f18dce1-0a3d-4b65-9c78-af3d58b2da7f<-7b1e61a0-7daf-43dd-99d5-9b325c1d31ae#0:FAIL-t519] and 0 exception(s); 8f18dce1-0a3d-4b65-9c78-af3d58b2da7f@group-091950D56227:t519, leader=null, voted=8f18dce1-0a3d-4b65-9c78-af3d58b2da7f, raftlog=8f18dce1-0a3d-4b65-9c78-af3d58b2da7f@group-091950D56227-SegmentedRaftLog:OPENED:c-1,f-1,i0, conf=-1: [8a63e1ae-032e-4bed-9f20-125a11f65413:0.0.0.0:38685, 8f18dce1-0a3d-4b65-9c78-af3d58b2da7f:0.0.0.0:42489, 7b1e61a0-7daf-43dd-99d5-9b325c1d31ae:0.0.0.0:38412], old=null
2019-10-20 17:41:00,537 [8f18dce1-0a3d-4b65-9c78-af3d58b2da7f@group-091950D56227-LeaderElection436] INFO  impl.RaftServerImpl (RaftServerImpl.java:setRole(184)) - 8f18dce1-0a3d-4b65-9c78-af3d58b2da7f@group-091950D56227: changes role from CANDIDATE to FOLLOWER at term 519 for DISCOVERED_A_NEW_TERM
2019-10-20 17:41:00,538 [8f18dce1-0a3d-4b65-9c78-af3d58b2da7f@group-091950D56227-LeaderElection436] INFO  impl.RoleInfo (RoleInfo.java:shutdownLeaderElection(134)) - 8f18dce1-0a3d-4b65-9c78-af3d58b2da7f: shutdown LeaderElection
2019-10-20 17:41:00,538 [8f18dce1-0a3d-4b65-9c78-af3d58b2da7f@group-091950D56227-LeaderElection436] INFO  impl.RoleInfo (RoleInfo.java:updateAndGet(143)) - 8f18dce1-0a3d-4b65-9c78-af3d58b2da7f: start FollowerState
2019-10-20 17:41:00,729 [Thread-3129] INFO  impl.FollowerState (FollowerState.java:run(108)) - 8f18dce1-0a3d-4b65-9c78-af3d58b2da7f@group-091950D56227-FollowerState: change to CANDIDATE, lastRpcTime:191ms, electionTimeout:191ms
2019-10-20 17:41:00,729 [Thread-3129] INFO  impl.RoleInfo (RoleInfo.java:shutdownFollowerState(121)) - 8f18dce1-0a3d-4b65-9c78-af3d58b2da7f: shutdown FollowerState
2019-10-20 17:41:00,729 [Thread-3129] INFO  impl.RaftServerImpl (RaftServerImpl.java:setRole(184)) - 8f18dce1-0a3d-4b65-9c78-af3d58b2da7f@group-091950D56227: changes role from  FOLLOWER to CANDIDATE at term 519 for changeToCandidate
2019-10-20 17:41:00,729 [Thread-3129] INFO  impl.RoleInfo (RoleInfo.java:updateAndGet(143)) - 8f18dce1-0a3d-4b65-9c78-af3d58b2da7f: start LeaderElection
2019-10-20 17:41:00,752 [8f18dce1-0a3d-4b65-9c78-af3d58b2da7f@group-091950D56227-LeaderElection437] INFO  impl.LeaderElection (LeaderElection.java:askForVotes(178)) - 8f18dce1-0a3d-4b65-9c78-af3d58b2da7f@group-091950D56227-LeaderElection437: begin an election at term 520 for -1: [8a63e1ae-032e-4bed-9f20-125a11f65413:0.0.0.0:38685, 8f18dce1-0a3d-4b65-9c78-af3d58b2da7f:0.0.0.0:42489, 7b1e61a0-7daf-43dd-99d5-9b325c1d31ae:0.0.0.0:38412], old=null
2019-10-20 17:41:00,754 [grpc-default-executor-3] INFO  impl.RaftServerImpl (RaftServerImpl.java:setRole(184)) - 7b1e61a0-7daf-43dd-99d5-9b325c1d31ae@group-091950D56227: changes role from  FOLLOWER to FOLLOWER at term 520 for recognizeCandidate:8f18dce1-0a3d-4b65-9c78-af3d58b2da7f
2019-10-20 17:41:00,755 [grpc-default-executor-3] INFO  impl.RoleInfo (RoleInfo.java:shutdownFollowerState(121)) - 7b1e61a0-7daf-43dd-99d5-9b325c1d31ae: shutdown FollowerState
2019-10-20 17:41:00,754 [grpc-default-executor-1] INFO  impl.RaftServerImpl (RaftServerImpl.java:setRole(184)) - 8a63e1ae-032e-4bed-9f20-125a11f65413@group-091950D56227: changes role from  FOLLOWER to FOLLOWER at term 520 for recognizeCandidate:8f18dce1-0a3d-4b65-9c78-af3d58b2da7f
2019-10-20 17:41:00,755 [grpc-default-executor-1] INFO  impl.RoleInfo (RoleInfo.java:shutdownFollowerState(121)) - 8a63e1ae-032e-4bed-9f20-125a11f65413: shutdown FollowerState
2019-10-20 17:41:00,755 [Thread-3128] INFO  impl.FollowerState (FollowerState.java:run(117)) - 7b1e61a0-7daf-43dd-99d5-9b325c1d31ae@group-091950D56227-FollowerState was interrupted: java.lang.InterruptedException: sleep interrupted
2019-10-20 17:41:00,755 [grpc-default-executor-3] INFO  impl.RoleInfo (RoleInfo.java:updateAndGet(143)) - 7b1e61a0-7daf-43dd-99d5-9b325c1d31ae: start FollowerState
2019-10-20 17:41:00,755 [Thread-3127] INFO  impl.FollowerState (FollowerState.java:run(117)) - 8a63e1ae-032e-4bed-9f20-125a11f65413@group-091950D56227-FollowerState was interrupted: java.lang.InterruptedException: sleep interrupted
2019-10-20 17:41:00,755 [grpc-default-executor-1] INFO  impl.RoleInfo (RoleInfo.java:updateAndGet(143)) - 8a63e1ae-032e-4bed-9f20-125a11f65413: start FollowerState
2019-10-20 17:41:00,794 [8f18dce1-0a3d-4b65-9c78-af3d58b2da7f@group-091950D56227-LeaderElection437] INFO  impl.LeaderElection (LeaderElection.java:logAndReturn(56)) - 8f18dce1-0a3d-4b65-9c78-af3d58b2da7f@group-091950D56227-LeaderElection437: Election REJECTED; received 2 response(s) [8f18dce1-0a3d-4b65-9c78-af3d58b2da7f<-8a63e1ae-032e-4bed-9f20-125a11f65413#0:FAIL-t520, 8f18dce1-0a3d-4b65-9c78-af3d58b2da7f<-7b1e61a0-7daf-43dd-99d5-9b325c1d31ae#0:FAIL-t520] and 0 exception(s); 8f18dce1-0a3d-4b65-9c78-af3d58b2da7f@group-091950D56227:t520, leader=null, voted=8f18dce1-0a3d-4b65-9c78-af3d58b2da7f, raftlog=8f18dce1-0a3d-4b65-9c78-af3d58b2da7f@group-091950D56227-SegmentedRaftLog:OPENED:c-1,f-1,i0, conf=-1: [8a63e1ae-032e-4bed-9f20-125a11f65413:0.0.0.0:38685, 8f18dce1-0a3d-4b65-9c78-af3d58b2da7f:0.0.0.0:42489, 7b1e61a0-7daf-43dd-99d5-9b325c1d31ae:0.0.0.0:38412], old=null
2019-10-20 17:41:00,794 [8f18dce1-0a3d-4b65-9c78-af3d58b2da7f@group-091950D56227-LeaderElection437] INFO  impl.RaftServerImpl (RaftServerImpl.java:setRole(184)) - 8f18dce1-0a3d-4b65-9c78-af3d58b2da7f@group-091950D56227: changes role from CANDIDATE to FOLLOWER at term 520 for DISCOVERED_A_NEW_TERM
2019-10-20 17:41:00,794 [8f18dce1-0a3d-4b65-9c78-af3d58b2da7f@group-091950D56227-LeaderElection437] INFO  impl.RoleInfo (RoleInfo.java:shutdownLeaderElection(134)) - 8f18dce1-0a3d-4b65-9c78-af3d58b2da7f: shutdown LeaderElection
2019-10-20 17:41:00,794 [8f18dce1-0a3d-4b65-9c78-af3d58b2da7f@group-091950D56227-LeaderElection437] INFO  impl.RoleInfo (RoleInfo.java:updateAndGet(143)) - 8f18dce1-0a3d-4b65-9c78-af3d58b2da7f: start FollowerState
2019-10-20 17:41:00,964 [Thread-3135] INFO  impl.FollowerState (FollowerState.java:run(108)) - 8f18dce1-0a3d-4b65-9c78-af3d58b2da7f@group-091950D56227-FollowerState: change to CANDIDATE, lastRpcTime:169ms, electionTimeout:169ms
2019-10-20 17:41:00,964 [Thread-3135] INFO  impl.RoleInfo (RoleInfo.java:shutdownFollowerState(121)) - 8f18dce1-0a3d-4b65-9c78-af3d58b2da7f: shutdown FollowerState
2019-10-20 17:41:00,964 [Thread-3135] INFO  impl.RaftServerImpl (RaftServerImpl.java:setRole(184)) - 8f18dce1-0a3d-4b65-9c78-af3d58b2da7f@group-091950D56227: changes role from  FOLLOWER to CANDIDATE at term 520 for changeToCandidate
2019-10-20 17:41:00,964 [Thread-3135] INFO  impl.RoleInfo (RoleInfo.java:updateAndGet(143)) - 8f18dce1-0a3d-4b65-9c78-af3d58b2da7f: start LeaderElection
2019-10-20 17:41:00,993 [8f18dce1-0a3d-4b65-9c78-af3d58b2da7f@group-091950D56227-LeaderElection438] INFO  impl.LeaderElection (LeaderElection.java:askForVotes(178)) - 8f18dce1-0a3d-4b65-9c78-af3d58b2da7f@group-091950D56227-LeaderElection438: begin an election at term 521 for -1: [8a63e1ae-032e-4bed-9f20-125a11f65413:0.0.0.0:38685, 8f18dce1-0a3d-4b65-9c78-af3d58b2da7f:0.0.0.0:42489, 7b1e61a0-7daf-43dd-99d5-9b325c1d31ae:0.0.0.0:38412], old=null
2019-10-20 17:41:00,995 [grpc-default-executor-1] INFO  impl.RaftServerImpl (RaftServerImpl.java:setRole(184)) - 8a63e1ae-032e-4bed-9f20-125a11f65413@group-091950D56227: changes role from  FOLLOWER to FOLLOWER at term 521 for recognizeCandidate:8f18dce1-0a3d-4b65-9c78-af3d58b2da7f
2019-10-20 17:41:00,995 [grpc-default-executor-1] INFO  impl.RoleInfo (RoleInfo.java:shutdownFollowerState(121)) - 8a63e1ae-032e-4bed-9f20-125a11f65413: shutdown FollowerState
2019-10-20 17:41:00,995 [grpc-default-executor-3] INFO  impl.RaftServerImpl (RaftServerImpl.java:setRole(184)) - 7b1e61a0-7daf-43dd-99d5-9b325c1d31ae@group-091950D56227: changes role from  FOLLOWER to FOLLOWER at term 521 for recognizeCandidate:8f18dce1-0a3d-4b65-9c78-af3d58b2da7f
2019-10-20 17:41:00,996 [grpc-default-executor-3] INFO  impl.RoleInfo (RoleInfo.java:shutdownFollowerState(121)) - 7b1e61a0-7daf-43dd-99d5-9b325c1d31ae: shutdown FollowerState
2019-10-20 17:41:00,996 [Thread-3134] INFO  impl.FollowerState (FollowerState.java:run(117)) - 8a63e1ae-032e-4bed-9f20-125a11f65413@group-091950D56227-FollowerState was interrupted: java.lang.InterruptedException: sleep interrupted
2019-10-20 17:41:00,996 [grpc-default-executor-1] INFO  impl.RoleInfo (RoleInfo.java:updateAndGet(143)) - 8a63e1ae-032e-4bed-9f20-125a11f65413: start FollowerState
2019-10-20 17:41:00,996 [Thread-3133] INFO  impl.FollowerState (FollowerState.java:run(117)) - 7b1e61a0-7daf-43dd-99d5-9b325c1d31ae@group-091950D56227-FollowerState was interrupted: java.lang.InterruptedException: sleep interrupted
2019-10-20 17:41:00,996 [grpc-default-executor-3] INFO  impl.RoleInfo (RoleInfo.java:updateAndGet(143)) - 7b1e61a0-7daf-43dd-99d5-9b325c1d31ae: start FollowerState
2019-10-20 17:41:01,019 [8f18dce1-0a3d-4b65-9c78-af3d58b2da7f@group-091950D56227-LeaderElection438] INFO  impl.LeaderElection (LeaderElection.java:logAndReturn(56)) - 8f18dce1-0a3d-4b65-9c78-af3d58b2da7f@group-091950D56227-LeaderElection438: Election REJECTED; received 2 response(s) [8f18dce1-0a3d-4b65-9c78-af3d58b2da7f<-8a63e1ae-032e-4bed-9f20-125a11f65413#0:FAIL-t521, 8f18dce1-0a3d-4b65-9c78-af3d58b2da7f<-7b1e61a0-7daf-43dd-99d5-9b325c1d31ae#0:FAIL-t521] and 0 exception(s); 8f18dce1-0a3d-4b65-9c78-af3d58b2da7f@group-091950D56227:t521, leader=null, voted=8f18dce1-0a3d-4b65-9c78-af3d58b2da7f, raftlog=8f18dce1-0a3d-4b65-9c78-af3d58b2da7f@group-091950D56227-SegmentedRaftLog:OPENED:c-1,f-1,i0, conf=-1: [8a63e1ae-032e-4bed-9f20-125a11f65413:0.0.0.0:38685, 8f18dce1-0a3d-4b65-9c78-af3d58b2da7f:0.0.0.0:42489, 7b1e61a0-7daf-43dd-99d5-9b325c1d31ae:0.0.0.0:38412], old=null
2019-10-20 17:41:01,020 [8f18dce1-0a3d-4b65-9c78-af3d58b2da7f@group-091950D56227-LeaderElection438] INFO  impl.RaftServerImpl (RaftServerImpl.java:setRole(184)) - 8f18dce1-0a3d-4b65-9c78-af3d58b2da7f@group-091950D56227: changes role from CANDIDATE to FOLLOWER at term 521 for DISCOVERED_A_NEW_TERM
2019-10-20 17:41:01,020 [8f18dce1-0a3d-4b65-9c78-af3d58b2da7f@group-091950D56227-LeaderElection438] INFO  impl.RoleInfo (RoleInfo.java:shutdownLeaderElection(134)) - 8f18dce1-0a3d-4b65-9c78-af3d58b2da7f: shutdown LeaderElection
2019-10-20 17:41:01,020 [8f18dce1-0a3d-4b65-9c78-af3d58b2da7f@group-091950D56227-LeaderElection438] INFO  impl.RoleInfo (RoleInfo.java:updateAndGet(143)) - 8f18dce1-0a3d-4b65-9c78-af3d58b2da7f: start FollowerState
2019-10-20 17:41:01,068 [Thread-3141] INFO  impl.FollowerState (FollowerState.java:run(108)) - 8f18dce1-0a3d-4b65-9c78-af3d58b2da7f@group-091950D56227-FollowerState: change to CANDIDATE, lastRpcTime:48ms, electionTimeout:48ms
2019-10-20 17:41:01,068 [Thread-3141] INFO  impl.RoleInfo (RoleInfo.java:shutdownFollowerState(121)) - 8f18dce1-0a3d-4b65-9c78-af3d58b2da7f: shutdown FollowerState
2019-10-20 17:41:01,068 [Thread-3141] INFO  impl.RaftServerImpl (RaftServerImpl.java:setRole(184)) - 8f18dce1-0a3d-4b65-9c78-af3d58b2da7f@group-091950D56227: changes role from  FOLLOWER to CANDIDATE at term 521 for changeToCandidate
2019-10-20 17:41:01,068 [Thread-3141] INFO  impl.RoleInfo (RoleInfo.java:updateAndGet(143)) - 8f18dce1-0a3d-4b65-9c78-af3d58b2da7f: start LeaderElection
2019-10-20 17:41:01,094 [8f18dce1-0a3d-4b65-9c78-af3d58b2da7f@group-091950D56227-LeaderElection439] INFO  impl.LeaderElection (LeaderElection.java:askForVotes(178)) - 8f18dce1-0a3d-4b65-9c78-af3d58b2da7f@group-091950D56227-LeaderElection439: begin an election at term 522 for -1: [8a63e1ae-032e-4bed-9f20-125a11f65413:0.0.0.0:38685, 8f18dce1-0a3d-4b65-9c78-af3d58b2da7f:0.0.0.0:42489, 7b1e61a0-7daf-43dd-99d5-9b325c1d31ae:0.0.0.0:38412], old=null
2019-10-20 17:41:01,096 [grpc-default-executor-3] INFO  impl.RaftServerImpl (RaftServerImpl.java:setRole(184)) - 8a63e1ae-032e-4bed-9f20-125a11f65413@group-091950D56227: changes role from  FOLLOWER to FOLLOWER at term 522 for recognizeCandidate:8f18dce1-0a3d-4b65-9c78-af3d58b2da7f
2019-10-20 17:41:01,096 [grpc-default-executor-1] INFO  impl.RaftServerImpl (RaftServerImpl.java:setRole(184)) - 7b1e61a0-7daf-43dd-99d5-9b325c1d31ae@group-091950D56227: changes role from  FOLLOWER to FOLLOWER at term 522 for recognizeCandidate:8f18dce1-0a3d-4b65-9c78-af3d58b2da7f
2019-10-20 17:41:01,096 [grpc-default-executor-1] INFO  impl.RoleInfo (RoleInfo.java:shutdownFollowerState(121)) - 7b1e61a0-7daf-43dd-99d5-9b325c1d31ae: shutdown FollowerState
2019-10-20 17:41:01,096 [grpc-default-executor-3] INFO  impl.RoleInfo (RoleInfo.java:shutdownFollowerState(121)) - 8a63e1ae-032e-4bed-9f20-125a11f65413: shutdown FollowerState
2019-10-20 17:41:01,097 [Thread-3140] INFO  impl.FollowerState (FollowerState.java:run(117)) - 7b1e61a0-7daf-43dd-99d5-9b325c1d31ae@group-091950D56227-FollowerState was interrupted: java.lang.InterruptedException: sleep interrupted
2019-10-20 17:41:01,097 [Thread-3139] INFO  impl.FollowerState (FollowerState.java:run(117)) - 8a63e1ae-032e-4bed-9f20-125a11f65413@group-091950D56227-FollowerState was interrupted: java.lang.InterruptedException: sleep interrupted
2019-10-20 17:41:01,097 [grpc-default-executor-1] INFO  impl.RoleInfo (RoleInfo.java:updateAndGet(143)) - 7b1e61a0-7daf-43dd-99d5-9b325c1d31ae: start FollowerState
2019-10-20 17:41:01,097 [grpc-default-executor-3] INFO  impl.RoleInfo (RoleInfo.java:updateAndGet(143)) - 8a63e1ae-032e-4bed-9f20-125a11f65413: start FollowerState
2019-10-20 17:41:01,121 [8f18dce1-0a3d-4b65-9c78-af3d58b2da7f@group-091950D56227-LeaderElection439] INFO  impl.LeaderElection (LeaderElection.java:logAndReturn(56)) - 8f18dce1-0a3d-4b65-9c78-af3d58b2da7f@group-091950D56227-LeaderElection439: Election REJECTED; received 2 response(s) [8f18dce1-0a3d-4b65-9c78-af3d58b2da7f<-8a63e1ae-032e-4bed-9f20-125a11f65413#0:FAIL-t522, 8f18dce1-0a3d-4b65-9c78-af3d58b2da7f<-7b1e61a0-7daf-43dd-99d5-9b325c1d31ae#0:FAIL-t522] and 0 exception(s); 8f18dce1-0a3d-4b65-9c78-af3d58b2da7f@group-091950D56227:t522, leader=null, voted=8f18dce1-0a3d-4b65-9c78-af3d58b2da7f, raftlog=8f18dce1-0a3d-4b65-9c78-af3d58b2da7f@group-091950D56227-SegmentedRaftLog:OPENED:c-1,f-1,i0, conf=-1: [8a63e1ae-032e-4bed-9f20-125a11f65413:0.0.0.0:38685, 8f18dce1-0a3d-4b65-9c78-af3d58b2da7f:0.0.0.0:42489, 7b1e61a0-7daf-43dd-99d5-9b325c1d31ae:0.0.0.0:38412], old=null
2019-10-20 17:41:01,121 [8f18dce1-0a3d-4b65-9c78-af3d58b2da7f@group-091950D56227-LeaderElection439] INFO  impl.RaftServerImpl (RaftServerImpl.java:setRole(184)) - 8f18dce1-0a3d-4b65-9c78-af3d58b2da7f@group-091950D56227: changes role from CANDIDATE to FOLLOWER at term 522 for DISCOVERED_A_NEW_TERM
2019-10-20 17:41:01,121 [8f18dce1-0a3d-4b65-9c78-af3d58b2da7f@group-091950D56227-LeaderElection439] INFO  impl.RoleInfo (RoleInfo.java:shutdownLeaderElection(134)) - 8f18dce1-0a3d-4b65-9c78-af3d58b2da7f: shutdown LeaderElection
2019-10-20 17:41:01,121 [8f18dce1-0a3d-4b65-9c78-af3d58b2da7f@group-091950D56227-LeaderElection439] INFO  impl.RoleInfo (RoleInfo.java:updateAndGet(143)) - 8f18dce1-0a3d-4b65-9c78-af3d58b2da7f: start FollowerState
2019-10-20 17:41:01,207 [Thread-3147] INFO  impl.FollowerState (FollowerState.java:run(108)) - 8f18dce1-0a3d-4b65-9c78-af3d58b2da7f@group-091950D56227-FollowerState: change to CANDIDATE, lastRpcTime:86ms, electionTimeout:86ms
2019-10-20 17:41:01,207 [Thread-3147] INFO  impl.RoleInfo (RoleInfo.java:shutdownFollowerState(121)) - 8f18dce1-0a3d-4b65-9c78-af3d58b2da7f: shutdown FollowerState
2019-10-20 17:41:01,207 [Thread-3147] INFO  impl.RaftServerImpl (RaftServerImpl.java:setRole(184)) - 8f18dce1-0a3d-4b65-9c78-af3d58b2da7f@group-091950D56227: changes role from  FOLLOWER to CANDIDATE at term 522 for changeToCandidate
2019-10-20 17:41:01,208 [Thread-3147] INFO  impl.RoleInfo (RoleInfo.java:updateAndGet(143)) - 8f18dce1-0a3d-4b65-9c78-af3d58b2da7f: start LeaderElection
2019-10-20 17:41:01,237 [8f18dce1-0a3d-4b65-9c78-af3d58b2da7f@group-091950D56227-LeaderElection440] INFO  impl.LeaderElection (LeaderElection.java:askForVotes(178)) - 8f18dce1-0a3d-4b65-9c78-af3d58b2da7f@group-091950D56227-LeaderElection440: begin an election at term 523 for -1: [8a63e1ae-032e-4bed-9f20-125a11f65413:0.0.0.0:38685, 8f18dce1-0a3d-4b65-9c78-af3d58b2da7f:0.0.0.0:42489, 7b1e61a0-7daf-43dd-99d5-9b325c1d31ae:0.0.0.0:38412], old=null
2019-10-20 17:41:01,239 [grpc-default-executor-1] INFO  impl.RaftServerImpl (RaftServerImpl.java:setRole(184)) - 8a63e1ae-032e-4bed-9f20-125a11f65413@group-091950D56227: changes role from  FOLLOWER to FOLLOWER at term 523 for recognizeCandidate:8f18dce1-0a3d-4b65-9c78-af3d58b2da7f
2019-10-20 17:41:01,239 [grpc-default-executor-1] INFO  impl.RoleInfo (RoleInfo.java:shutdownFollowerState(121)) - 8a63e1ae-032e-4bed-9f20-125a11f65413: shutdown FollowerState
2019-10-20 17:41:01,239 [grpc-default-executor-3] INFO  impl.RaftServerImpl (RaftServerImpl.java:setRole(184)) - 7b1e61a0-7daf-43dd-99d5-9b325c1d31ae@group-091950D56227: changes role from  FOLLOWER to FOLLOWER at term 523 for recognizeCandidate:8f18dce1-0a3d-4b65-9c78-af3d58b2da7f
2019-10-20 17:41:01,239 [grpc-default-executor-3] INFO  impl.RoleInfo (RoleInfo.java:shutdownFollowerState(121)) - 7b1e61a0-7daf-43dd-99d5-9b325c1d31ae: shutdown FollowerState
2019-10-20 17:41:01,239 [Thread-3146] INFO  impl.FollowerState (FollowerState.java:run(117)) - 8a63e1ae-032e-4bed-9f20-125a11f65413@group-091950D56227-FollowerState was interrupted: java.lang.InterruptedException: sleep interrupted
2019-10-20 17:41:01,239 [grpc-default-executor-1] INFO  impl.RoleInfo (RoleInfo.java:updateAndGet(143)) - 8a63e1ae-032e-4bed-9f20-125a11f65413: start FollowerState
2019-10-20 17:41:01,240 [Thread-3145] INFO  impl.FollowerState (FollowerState.java:run(117)) - 7b1e61a0-7daf-43dd-99d5-9b325c1d31ae@group-091950D56227-FollowerState was interrupted: java.lang.InterruptedException: sleep interrupted
2019-10-20 17:41:01,240 [grpc-default-executor-3] INFO  impl.RoleInfo (RoleInfo.java:updateAndGet(143)) - 7b1e61a0-7daf-43dd-99d5-9b325c1d31ae: start FollowerState
2019-10-20 17:41:01,264 [8f18dce1-0a3d-4b65-9c78-af3d58b2da7f@group-091950D56227-LeaderElection440] INFO  impl.LeaderElection (LeaderElection.java:logAndReturn(56)) - 8f18dce1-0a3d-4b65-9c78-af3d58b2da7f@group-091950D56227-LeaderElection440: Election REJECTED; received 2 response(s) [8f18dce1-0a3d-4b65-9c78-af3d58b2da7f<-8a63e1ae-032e-4bed-9f20-125a11f65413#0:FAIL-t523, 8f18dce1-0a3d-4b65-9c78-af3d58b2da7f<-7b1e61a0-7daf-43dd-99d5-9b325c1d31ae#0:FAIL-t523] and 0 exception(s); 8f18dce1-0a3d-4b65-9c78-af3d58b2da7f@group-091950D56227:t523, leader=null, voted=8f18dce1-0a3d-4b65-9c78-af3d58b2da7f, raftlog=8f18dce1-0a3d-4b65-9c78-af3d58b2da7f@group-091950D56227-SegmentedRaftLog:OPENED:c-1,f-1,i0, conf=-1: [8a63e1ae-032e-4bed-9f20-125a11f65413:0.0.0.0:38685, 8f18dce1-0a3d-4b65-9c78-af3d58b2da7f:0.0.0.0:42489, 7b1e61a0-7daf-43dd-99d5-9b325c1d31ae:0.0.0.0:38412], old=null
2019-10-20 17:41:01,264 [8f18dce1-0a3d-4b65-9c78-af3d58b2da7f@group-091950D56227-LeaderElection440] INFO  impl.RaftServerImpl (RaftServerImpl.java:setRole(184)) - 8f18dce1-0a3d-4b65-9c78-af3d58b2da7f@group-091950D56227: changes role from CANDIDATE to FOLLOWER at term 523 for DISCOVERED_A_NEW_TERM
2019-10-20 17:41:01,265 [8f18dce1-0a3d-4b65-9c78-af3d58b2da7f@group-091950D56227-LeaderElection440] INFO  impl.RoleInfo (RoleInfo.java:shutdownLeaderElection(134)) - 8f18dce1-0a3d-4b65-9c78-af3d58b2da7f: shutdown LeaderElection
2019-10-20 17:41:01,265 [8f18dce1-0a3d-4b65-9c78-af3d58b2da7f@group-091950D56227-LeaderElection440] INFO  impl.RoleInfo (RoleInfo.java:updateAndGet(143)) - 8f18dce1-0a3d-4b65-9c78-af3d58b2da7f: start FollowerState
2019-10-20 17:41:01,390 [Thread-3153] INFO  impl.FollowerState (FollowerState.java:run(108)) - 8f18dce1-0a3d-4b65-9c78-af3d58b2da7f@group-091950D56227-FollowerState: change to CANDIDATE, lastRpcTime:125ms, electionTimeout:125ms
2019-10-20 17:41:01,390 [Thread-3153] INFO  impl.RoleInfo (RoleInfo.java:shutdownFollowerState(121)) - 8f18dce1-0a3d-4b65-9c78-af3d58b2da7f: shutdown FollowerState
2019-10-20 17:41:01,390 [Thread-3153] INFO  impl.RaftServerImpl (RaftServerImpl.java:setRole(184)) - 8f18dce1-0a3d-4b65-9c78-af3d58b2da7f@group-091950D56227: changes role from  FOLLOWER to CANDIDATE at term 523 for changeToCandidate
2019-10-20 17:41:01,390 [Thread-3153] INFO  impl.RoleInfo (RoleInfo.java:updateAndGet(143)) - 8f18dce1-0a3d-4b65-9c78-af3d58b2da7f: start LeaderElection
2019-10-20 17:41:01,414 [8f18dce1-0a3d-4b65-9c78-af3d58b2da7f@group-091950D56227-LeaderElection441] INFO  impl.LeaderElection (LeaderElection.java:askForVotes(178)) - 8f18dce1-0a3d-4b65-9c78-af3d58b2da7f@group-091950D56227-LeaderElection441: begin an election at term 524 for -1: [8a63e1ae-032e-4bed-9f20-125a11f65413:0.0.0.0:38685, 8f18dce1-0a3d-4b65-9c78-af3d58b2da7f:0.0.0.0:42489, 7b1e61a0-7daf-43dd-99d5-9b325c1d31ae:0.0.0.0:38412], old=null
2019-10-20 17:41:01,416 [grpc-default-executor-3] INFO  impl.RaftServerImpl (RaftServerImpl.java:setRole(184)) - 8a63e1ae-032e-4bed-9f20-125a11f65413@group-091950D56227: changes role from  FOLLOWER to FOLLOWER at term 524 for recognizeCandidate:8f18dce1-0a3d-4b65-9c78-af3d58b2da7f
2019-10-20 17:41:01,416 [grpc-default-executor-3] INFO  impl.RoleInfo (RoleInfo.java:shutdownFollowerState(121)) - 8a63e1ae-032e-4bed-9f20-125a11f65413: shutdown FollowerState
2019-10-20 17:41:01,416 [grpc-default-executor-1] INFO  impl.RaftServerImpl (RaftServerImpl.java:setRole(184)) - 7b1e61a0-7daf-43dd-99d5-9b325c1d31ae@group-091950D56227: changes role from  FOLLOWER to FOLLOWER at term 524 for recognizeCandidate:8f18dce1-0a3d-4b65-9c78-af3d58b2da7f
2019-10-20 17:41:01,416 [grpc-default-executor-1] INFO  impl.RoleInfo (RoleInfo.java:shutdownFollowerState(121)) - 7b1e61a0-7daf-43dd-99d5-9b325c1d31ae: shutdown FollowerState
2019-10-20 17:41:01,416 [Thread-3151] INFO  impl.FollowerState (FollowerState.java:run(117)) - 8a63e1ae-032e-4bed-9f20-125a11f65413@group-091950D56227-FollowerState was interrupted: java.lang.InterruptedException: sleep interrupted
2019-10-20 17:41:01,416 [grpc-default-executor-3] INFO  impl.RoleInfo (RoleInfo.java:updateAndGet(143)) - 8a63e1ae-032e-4bed-9f20-125a11f65413: start FollowerState
2019-10-20 17:41:01,417 [Thread-3152] INFO  impl.FollowerState (FollowerState.java:run(117)) - 7b1e61a0-7daf-43dd-99d5-9b325c1d31ae@group-091950D56227-FollowerState was interrupted: java.lang.InterruptedException: sleep interrupted
2019-10-20 17:41:01,417 [grpc-default-executor-1] INFO  impl.RoleInfo (RoleInfo.java:updateAndGet(143)) - 7b1e61a0-7daf-43dd-99d5-9b325c1d31ae: start FollowerState
2019-10-20 17:41:01,440 [8f18dce1-0a3d-4b65-9c78-af3d58b2da7f@group-091950D56227-LeaderElection441] INFO  impl.LeaderElection (LeaderElection.java:logAndReturn(56)) - 8f18dce1-0a3d-4b65-9c78-af3d58b2da7f@group-091950D56227-LeaderElection441: Election REJECTED; received 2 response(s) [8f18dce1-0a3d-4b65-9c78-af3d58b2da7f<-8a63e1ae-032e-4bed-9f20-125a11f65413#0:FAIL-t524, 8f18dce1-0a3d-4b65-9c78-af3d58b2da7f<-7b1e61a0-7daf-43dd-99d5-9b325c1d31ae#0:FAIL-t524] and 0 exception(s); 8f18dce1-0a3d-4b65-9c78-af3d58b2da7f@group-091950D56227:t524, leader=null, voted=8f18dce1-0a3d-4b65-9c78-af3d58b2da7f, raftlog=8f18dce1-0a3d-4b65-9c78-af3d58b2da7f@group-091950D56227-SegmentedRaftLog:OPENED:c-1,f-1,i0, conf=-1: [8a63e1ae-032e-4bed-9f20-125a11f65413:0.0.0.0:38685, 8f18dce1-0a3d-4b65-9c78-af3d58b2da7f:0.0.0.0:42489, 7b1e61a0-7daf-43dd-99d5-9b325c1d31ae:0.0.0.0:38412], old=null
2019-10-20 17:41:01,440 [8f18dce1-0a3d-4b65-9c78-af3d58b2da7f@group-091950D56227-LeaderElection441] INFO  impl.RaftServerImpl (RaftServerImpl.java:setRole(184)) - 8f18dce1-0a3d-4b65-9c78-af3d58b2da7f@group-091950D56227: changes role from CANDIDATE to FOLLOWER at term 524 for DISCOVERED_A_NEW_TERM
2019-10-20 17:41:01,441 [8f18dce1-0a3d-4b65-9c78-af3d58b2da7f@group-091950D56227-LeaderElection441] INFO  impl.RoleInfo (RoleInfo.java:shutdownLeaderElection(134)) - 8f18dce1-0a3d-4b65-9c78-af3d58b2da7f: shutdown LeaderElection
2019-10-20 17:41:01,441 [8f18dce1-0a3d-4b65-9c78-af3d58b2da7f@group-091950D56227-LeaderElection441] INFO  impl.RoleInfo (RoleInfo.java:updateAndGet(143)) - 8f18dce1-0a3d-4b65-9c78-af3d58b2da7f: start FollowerState
2019-10-20 17:41:01,496 [Thread-3159] INFO  impl.FollowerState (FollowerState.java:run(108)) - 8f18dce1-0a3d-4b65-9c78-af3d58b2da7f@group-091950D56227-FollowerState: change to CANDIDATE, lastRpcTime:55ms, electionTimeout:55ms
2019-10-20 17:41:01,496 [Thread-3159] INFO  impl.RoleInfo (RoleInfo.java:shutdownFollowerState(121)) - 8f18dce1-0a3d-4b65-9c78-af3d58b2da7f: shutdown FollowerState
2019-10-20 17:41:01,496 [Thread-3159] INFO  impl.RaftServerImpl (RaftServerImpl.java:setRole(184)) - 8f18dce1-0a3d-4b65-9c78-af3d58b2da7f@group-091950D56227: changes role from  FOLLOWER to CANDIDATE at term 524 for changeToCandidate
2019-10-20 17:41:01,497 [Thread-3159] INFO  impl.RoleInfo (RoleInfo.java:updateAndGet(143)) - 8f18dce1-0a3d-4b65-9c78-af3d58b2da7f: start LeaderElection
2019-10-20 17:41:01,523 [8f18dce1-0a3d-4b65-9c78-af3d58b2da7f@group-091950D56227-LeaderElection442] INFO  impl.LeaderElection (LeaderElection.java:askForVotes(178)) - 8f18dce1-0a3d-4b65-9c78-af3d58b2da7f@group-091950D56227-LeaderElection442: begin an election at term 525 for -1: [8a63e1ae-032e-4bed-9f20-125a11f65413:0.0.0.0:38685, 8f18dce1-0a3d-4b65-9c78-af3d58b2da7f:0.0.0.0:42489, 7b1e61a0-7daf-43dd-99d5-9b325c1d31ae:0.0.0.0:38412], old=null
2019-10-20 17:41:01,525 [grpc-default-executor-1] INFO  impl.RaftServerImpl (RaftServerImpl.java:setRole(184)) - 8a63e1ae-032e-4bed-9f20-125a11f65413@group-091950D56227: changes role from  FOLLOWER to FOLLOWER at term 525 for recognizeCandidate:8f18dce1-0a3d-4b65-9c78-af3d58b2da7f
2019-10-20 17:41:01,525 [grpc-default-executor-1] INFO  impl.RoleInfo (RoleInfo.java:shutdownFollowerState(121)) - 8a63e1ae-032e-4bed-9f20-125a11f65413: shutdown FollowerState
2019-10-20 17:41:01,525 [grpc-default-executor-3] INFO  impl.RaftServerImpl (RaftServerImpl.java:setRole(184)) - 7b1e61a0-7daf-43dd-99d5-9b325c1d31ae@group-091950D56227: changes role from  FOLLOWER to FOLLOWER at term 525 for recognizeCandidate:8f18dce1-0a3d-4b65-9c78-af3d58b2da7f
2019-10-20 17:41:01,525 [grpc-default-executor-3] INFO  impl.RoleInfo (RoleInfo.java:shutdownFollowerState(121)) - 7b1e61a0-7daf-43dd-99d5-9b325c1d31ae: shutdown FollowerState
2019-10-20 17:41:01,525 [Thread-3157] INFO  impl.FollowerState (FollowerState.java:run(117)) - 8a63e1ae-032e-4bed-9f20-125a11f65413@group-091950D56227-FollowerState was interrupted: java.lang.InterruptedException: sleep interrupted
2019-10-20 17:41:01,525 [grpc-default-executor-1] INFO  impl.RoleInfo (RoleInfo.java:updateAndGet(143)) - 8a63e1ae-032e-4bed-9f20-125a11f65413: start FollowerState
2019-10-20 17:41:01,526 [Thread-3158] INFO  impl.FollowerState (FollowerState.java:run(117)) - 7b1e61a0-7daf-43dd-99d5-9b325c1d31ae@group-091950D56227-FollowerState was interrupted: java.lang.InterruptedException: sleep interrupted
2019-10-20 17:41:01,526 [grpc-default-executor-3] INFO  impl.RoleInfo (RoleInfo.java:updateAndGet(143)) - 7b1e61a0-7daf-43dd-99d5-9b325c1d31ae: start FollowerState
2019-10-20 17:41:01,549 [8f18dce1-0a3d-4b65-9c78-af3d58b2da7f@group-091950D56227-LeaderElection442] INFO  impl.LeaderElection (LeaderElection.java:logAndReturn(56)) - 8f18dce1-0a3d-4b65-9c78-af3d58b2da7f@group-091950D56227-LeaderElection442: Election REJECTED; received 2 response(s) [8f18dce1-0a3d-4b65-9c78-af3d58b2da7f<-8a63e1ae-032e-4bed-9f20-125a11f65413#0:FAIL-t525, 8f18dce1-0a3d-4b65-9c78-af3d58b2da7f<-7b1e61a0-7daf-43dd-99d5-9b325c1d31ae#0:FAIL-t525] and 0 exception(s); 8f18dce1-0a3d-4b65-9c78-af3d58b2da7f@group-091950D56227:t525, leader=null, voted=8f18dce1-0a3d-4b65-9c78-af3d58b2da7f, raftlog=8f18dce1-0a3d-4b65-9c78-af3d58b2da7f@group-091950D56227-SegmentedRaftLog:OPENED:c-1,f-1,i0, conf=-1: [8a63e1ae-032e-4bed-9f20-125a11f65413:0.0.0.0:38685, 8f18dce1-0a3d-4b65-9c78-af3d58b2da7f:0.0.0.0:42489, 7b1e61a0-7daf-43dd-99d5-9b325c1d31ae:0.0.0.0:38412], old=null
2019-10-20 17:41:01,550 [8f18dce1-0a3d-4b65-9c78-af3d58b2da7f@group-091950D56227-LeaderElection442] INFO  impl.RaftServerImpl (RaftServerImpl.java:setRole(184)) - 8f18dce1-0a3d-4b65-9c78-af3d58b2da7f@group-091950D56227: changes role from CANDIDATE to FOLLOWER at term 525 for DISCOVERED_A_NEW_TERM
2019-10-20 17:41:01,551 [8f18dce1-0a3d-4b65-9c78-af3d58b2da7f@group-091950D56227-LeaderElection442] INFO  impl.RoleInfo (RoleInfo.java:shutdownLeaderElection(134)) - 8f18dce1-0a3d-4b65-9c78-af3d58b2da7f: shutdown LeaderElection
2019-10-20 17:41:01,552 [8f18dce1-0a3d-4b65-9c78-af3d58b2da7f@group-091950D56227-LeaderElection442] INFO  impl.RoleInfo (RoleInfo.java:updateAndGet(143)) - 8f18dce1-0a3d-4b65-9c78-af3d58b2da7f: start FollowerState
2019-10-20 17:41:01,653 [Thread-3167] INFO  impl.FollowerState (FollowerState.java:run(108)) - 8f18dce1-0a3d-4b65-9c78-af3d58b2da7f@group-091950D56227-FollowerState: change to CANDIDATE, lastRpcTime:101ms, electionTimeout:101ms
2019-10-20 17:41:01,653 [Thread-3167] INFO  impl.RoleInfo (RoleInfo.java:shutdownFollowerState(121)) - 8f18dce1-0a3d-4b65-9c78-af3d58b2da7f: shutdown FollowerState
2019-10-20 17:41:01,653 [Thread-3167] INFO  impl.RaftServerImpl (RaftServerImpl.java:setRole(184)) - 8f18dce1-0a3d-4b65-9c78-af3d58b2da7f@group-091950D56227: changes role from  FOLLOWER to CANDIDATE at term 525 for changeToCandidate
2019-10-20 17:41:01,654 [Thread-3167] INFO  impl.RoleInfo (RoleInfo.java:updateAndGet(143)) - 8f18dce1-0a3d-4b65-9c78-af3d58b2da7f: start LeaderElection
2019-10-20 17:41:01,674 [8f18dce1-0a3d-4b65-9c78-af3d58b2da7f@group-091950D56227-LeaderElection443] INFO  impl.LeaderElection (LeaderElection.java:askForVotes(178)) - 8f18dce1-0a3d-4b65-9c78-af3d58b2da7f@group-091950D56227-LeaderElection443: begin an election at term 526 for -1: [8a63e1ae-032e-4bed-9f20-125a11f65413:0.0.0.0:38685, 8f18dce1-0a3d-4b65-9c78-af3d58b2da7f:0.0.0.0:42489, 7b1e61a0-7daf-43dd-99d5-9b325c1d31ae:0.0.0.0:38412], old=null
2019-10-20 17:41:01,676 [grpc-default-executor-1] INFO  impl.RaftServerImpl (RaftServerImpl.java:setRole(184)) - 8a63e1ae-032e-4bed-9f20-125a11f65413@group-091950D56227: changes role from  FOLLOWER to FOLLOWER at term 526 for recognizeCandidate:8f18dce1-0a3d-4b65-9c78-af3d58b2da7f
2019-10-20 17:41:01,676 [grpc-default-executor-1] INFO  impl.RoleInfo (RoleInfo.java:shutdownFollowerState(121)) - 8a63e1ae-032e-4bed-9f20-125a11f65413: shutdown FollowerState
2019-10-20 17:41:01,676 [grpc-default-executor-3] INFO  impl.RaftServerImpl (RaftServerImpl.java:setRole(184)) - 7b1e61a0-7daf-43dd-99d5-9b325c1d31ae@group-091950D56227: changes role from  FOLLOWER to FOLLOWER at term 526 for recognizeCandidate:8f18dce1-0a3d-4b65-9c78-af3d58b2da7f
2019-10-20 17:41:01,677 [Thread-3165] INFO  impl.FollowerState (FollowerState.java:run(117)) - 8a63e1ae-032e-4bed-9f20-125a11f65413@group-091950D56227-FollowerState was interrupted: java.lang.InterruptedException: sleep interrupted
2019-10-20 17:41:01,677 [grpc-default-executor-1] INFO  impl.RoleInfo (RoleInfo.java:updateAndGet(143)) - 8a63e1ae-032e-4bed-9f20-125a11f65413: start FollowerState
2019-10-20 17:41:01,677 [grpc-default-executor-3] INFO  impl.RoleInfo (RoleInfo.java:shutdownFollowerState(121)) - 7b1e61a0-7daf-43dd-99d5-9b325c1d31ae: shutdown FollowerState
2019-10-20 17:41:01,677 [grpc-default-executor-3] INFO  impl.RoleInfo (RoleInfo.java:updateAndGet(143)) - 7b1e61a0-7daf-43dd-99d5-9b325c1d31ae: start FollowerState
2019-10-20 17:41:01,677 [Thread-3166] INFO  impl.FollowerState (FollowerState.java:run(117)) - 7b1e61a0-7daf-43dd-99d5-9b325c1d31ae@group-091950D56227-FollowerState was interrupted: java.lang.InterruptedException: sleep interrupted
2019-10-20 17:41:01,701 [8f18dce1-0a3d-4b65-9c78-af3d58b2da7f@group-091950D56227-LeaderElection443] INFO  impl.LeaderElection (LeaderElection.java:logAndReturn(56)) - 8f18dce1-0a3d-4b65-9c78-af3d58b2da7f@group-091950D56227-LeaderElection443: Election REJECTED; received 2 response(s) [8f18dce1-0a3d-4b65-9c78-af3d58b2da7f<-8a63e1ae-032e-4bed-9f20-125a11f65413#0:FAIL-t526, 8f18dce1-0a3d-4b65-9c78-af3d58b2da7f<-7b1e61a0-7daf-43dd-99d5-9b325c1d31ae#0:FAIL-t526] and 0 exception(s); 8f18dce1-0a3d-4b65-9c78-af3d58b2da7f@group-091950D56227:t526, leader=null, voted=8f18dce1-0a3d-4b65-9c78-af3d58b2da7f, raftlog=8f18dce1-0a3d-4b65-9c78-af3d58b2da7f@group-091950D56227-SegmentedRaftLog:OPENED:c-1,f-1,i0, conf=-1: [8a63e1ae-032e-4bed-9f20-125a11f65413:0.0.0.0:38685, 8f18dce1-0a3d-4b65-9c78-af3d58b2da7f:0.0.0.0:42489, 7b1e61a0-7daf-43dd-99d5-9b325c1d31ae:0.0.0.0:38412], old=null
2019-10-20 17:41:01,701 [8f18dce1-0a3d-4b65-9c78-af3d58b2da7f@group-091950D56227-LeaderElection443] INFO  impl.RaftServerImpl (RaftServerImpl.java:setRole(184)) - 8f18dce1-0a3d-4b65-9c78-af3d58b2da7f@group-091950D56227: changes role from CANDIDATE to FOLLOWER at term 526 for DISCOVERED_A_NEW_TERM
2019-10-20 17:41:01,701 [8f18dce1-0a3d-4b65-9c78-af3d58b2da7f@group-091950D56227-LeaderElection443] INFO  impl.RoleInfo (RoleInfo.java:shutdownLeaderElection(134)) - 8f18dce1-0a3d-4b65-9c78-af3d58b2da7f: shutdown LeaderElection
2019-10-20 17:41:01,701 [8f18dce1-0a3d-4b65-9c78-af3d58b2da7f@group-091950D56227-LeaderElection443] INFO  impl.RoleInfo (RoleInfo.java:updateAndGet(143)) - 8f18dce1-0a3d-4b65-9c78-af3d58b2da7f: start FollowerState
2019-10-20 17:41:01,889 [Thread-3173] INFO  impl.FollowerState (FollowerState.java:run(108)) - 8f18dce1-0a3d-4b65-9c78-af3d58b2da7f@group-091950D56227-FollowerState: change to CANDIDATE, lastRpcTime:188ms, electionTimeout:188ms
2019-10-20 17:41:01,889 [Thread-3173] INFO  impl.RoleInfo (RoleInfo.java:shutdownFollowerState(121)) - 8f18dce1-0a3d-4b65-9c78-af3d58b2da7f: shutdown FollowerState
2019-10-20 17:41:01,889 [Thread-3173] INFO  impl.RaftServerImpl (RaftServerImpl.java:setRole(184)) - 8f18dce1-0a3d-4b65-9c78-af3d58b2da7f@group-091950D56227: changes role from  FOLLOWER to CANDIDATE at term 526 for changeToCandidate
2019-10-20 17:41:01,890 [Thread-3173] INFO  impl.RoleInfo (RoleInfo.java:updateAndGet(143)) - 8f18dce1-0a3d-4b65-9c78-af3d58b2da7f: start LeaderElection
2019-10-20 17:41:01,917 [8f18dce1-0a3d-4b65-9c78-af3d58b2da7f@group-091950D56227-LeaderElection444] INFO  impl.LeaderElection (LeaderElection.java:askForVotes(178)) - 8f18dce1-0a3d-4b65-9c78-af3d58b2da7f@group-091950D56227-LeaderElection444: begin an election at term 527 for -1: [8a63e1ae-032e-4bed-9f20-125a11f65413:0.0.0.0:38685, 8f18dce1-0a3d-4b65-9c78-af3d58b2da7f:0.0.0.0:42489, 7b1e61a0-7daf-43dd-99d5-9b325c1d31ae:0.0.0.0:38412], old=null
2019-10-20 17:41:01,919 [grpc-default-executor-3] INFO  impl.RaftServerImpl (RaftServerImpl.java:setRole(184)) - 8a63e1ae-032e-4bed-9f20-125a11f65413@group-091950D56227: changes role from  FOLLOWER to FOLLOWER at term 527 for recognizeCandidate:8f18dce1-0a3d-4b65-9c78-af3d58b2da7f
2019-10-20 17:41:01,919 [grpc-default-executor-3] INFO  impl.RoleInfo (RoleInfo.java:shutdownFollowerState(121)) - 8a63e1ae-032e-4bed-9f20-125a11f65413: shutdown FollowerState
2019-10-20 17:41:01,919 [grpc-default-executor-3] INFO  impl.RoleInfo (RoleInfo.java:updateAndGet(143)) - 8a63e1ae-032e-4bed-9f20-125a11f65413: start FollowerState
2019-10-20 17:41:01,919 [grpc-default-executor-1] INFO  impl.RaftServerImpl (RaftServerImpl.java:setRole(184)) - 7b1e61a0-7daf-43dd-99d5-9b325c1d31ae@group-091950D56227: changes role from  FOLLOWER to FOLLOWER at term 527 for recognizeCandidate:8f18dce1-0a3d-4b65-9c78-af3d58b2da7f
2019-10-20 17:41:01,920 [grpc-default-executor-1] INFO  impl.RoleInfo (RoleInfo.java:shutdownFollowerState(121)) - 7b1e61a0-7daf-43dd-99d5-9b325c1d31ae: shutdown FollowerState
2019-10-20 17:41:01,919 [Thread-3171] INFO  impl.FollowerState (FollowerState.java:run(117)) - 8a63e1ae-032e-4bed-9f20-125a11f65413@group-091950D56227-FollowerState was interrupted: java.lang.InterruptedException: sleep interrupted
2019-10-20 17:41:01,920 [Thread-3172] INFO  impl.FollowerState (FollowerState.java:run(117)) - 7b1e61a0-7daf-43dd-99d5-9b325c1d31ae@group-091950D56227-FollowerState was interrupted: java.lang.InterruptedException: sleep interrupted
2019-10-20 17:41:01,920 [grpc-default-executor-1] INFO  impl.RoleInfo (RoleInfo.java:updateAndGet(143)) - 7b1e61a0-7daf-43dd-99d5-9b325c1d31ae: start FollowerState
2019-10-20 17:41:01,960 [8f18dce1-0a3d-4b65-9c78-af3d58b2da7f@group-091950D56227-LeaderElection444] INFO  impl.LeaderElection (LeaderElection.java:logAndReturn(56)) - 8f18dce1-0a3d-4b65-9c78-af3d58b2da7f@group-091950D56227-LeaderElection444: Election REJECTED; received 2 response(s) [8f18dce1-0a3d-4b65-9c78-af3d58b2da7f<-8a63e1ae-032e-4bed-9f20-125a11f65413#0:FAIL-t527, 8f18dce1-0a3d-4b65-9c78-af3d58b2da7f<-7b1e61a0-7daf-43dd-99d5-9b325c1d31ae#0:FAIL-t527] and 0 exception(s); 8f18dce1-0a3d-4b65-9c78-af3d58b2da7f@group-091950D56227:t527, leader=null, voted=8f18dce1-0a3d-4b65-9c78-af3d58b2da7f, raftlog=8f18dce1-0a3d-4b65-9c78-af3d58b2da7f@group-091950D56227-SegmentedRaftLog:OPENED:c-1,f-1,i0, conf=-1: [8a63e1ae-032e-4bed-9f20-125a11f65413:0.0.0.0:38685, 8f18dce1-0a3d-4b65-9c78-af3d58b2da7f:0.0.0.0:42489, 7b1e61a0-7daf-43dd-99d5-9b325c1d31ae:0.0.0.0:38412], old=null
2019-10-20 17:41:01,960 [8f18dce1-0a3d-4b65-9c78-af3d58b2da7f@group-091950D56227-LeaderElection444] INFO  impl.RaftServerImpl (RaftServerImpl.java:setRole(184)) - 8f18dce1-0a3d-4b65-9c78-af3d58b2da7f@group-091950D56227: changes role from CANDIDATE to FOLLOWER at term 527 for DISCOVERED_A_NEW_TERM
2019-10-20 17:41:01,960 [8f18dce1-0a3d-4b65-9c78-af3d58b2da7f@group-091950D56227-LeaderElection444] INFO  impl.RoleInfo (RoleInfo.java:shutdownLeaderElection(134)) - 8f18dce1-0a3d-4b65-9c78-af3d58b2da7f: shutdown LeaderElection
2019-10-20 17:41:01,960 [8f18dce1-0a3d-4b65-9c78-af3d58b2da7f@group-091950D56227-LeaderElection444] INFO  impl.RoleInfo (RoleInfo.java:updateAndGet(143)) - 8f18dce1-0a3d-4b65-9c78-af3d58b2da7f: start FollowerState
2019-10-20 17:41:02,073 [Thread-3179] INFO  impl.FollowerState (FollowerState.java:run(108)) - 8f18dce1-0a3d-4b65-9c78-af3d58b2da7f@group-091950D56227-FollowerState: change to CANDIDATE, lastRpcTime:112ms, electionTimeout:112ms
2019-10-20 17:41:02,073 [Thread-3179] INFO  impl.RoleInfo (RoleInfo.java:shutdownFollowerState(121)) - 8f18dce1-0a3d-4b65-9c78-af3d58b2da7f: shutdown FollowerState
2019-10-20 17:41:02,073 [Thread-3179] INFO  impl.RaftServerImpl (RaftServerImpl.java:setRole(184)) - 8f18dce1-0a3d-4b65-9c78-af3d58b2da7f@group-091950D56227: changes role from  FOLLOWER to CANDIDATE at term 527 for changeToCandidate
2019-10-20 17:41:02,073 [Thread-3179] INFO  impl.RoleInfo (RoleInfo.java:updateAndGet(143)) - 8f18dce1-0a3d-4b65-9c78-af3d58b2da7f: start LeaderElection
2019-10-20 17:41:02,101 [8f18dce1-0a3d-4b65-9c78-af3d58b2da7f@group-091950D56227-LeaderElection445] INFO  impl.LeaderElection (LeaderElection.java:askForVotes(178)) - 8f18dce1-0a3d-4b65-9c78-af3d58b2da7f@group-091950D56227-LeaderElection445: begin an election at term 528 for -1: [8a63e1ae-032e-4bed-9f20-125a11f65413:0.0.0.0:38685, 8f18dce1-0a3d-4b65-9c78-af3d58b2da7f:0.0.0.0:42489, 7b1e61a0-7daf-43dd-99d5-9b325c1d31ae:0.0.0.0:38412], old=null
2019-10-20 17:41:02,103 [grpc-default-executor-1] INFO  impl.RaftServerImpl (RaftServerImpl.java:setRole(184)) - 8a63e1ae-032e-4bed-9f20-125a11f65413@group-091950D56227: changes role from  FOLLOWER to FOLLOWER at term 528 for recognizeCandidate:8f18dce1-0a3d-4b65-9c78-af3d58b2da7f
2019-10-20 17:41:02,103 [grpc-default-executor-3] INFO  impl.RaftServerImpl (RaftServerImpl.java:setRole(184)) - 7b1e61a0-7daf-43dd-99d5-9b325c1d31ae@group-091950D56227: changes role from  FOLLOWER to FOLLOWER at term 528 for recognizeCandidate:8f18dce1-0a3d-4b65-9c78-af3d58b2da7f
2019-10-20 17:41:02,103 [grpc-default-executor-1] INFO  impl.RoleInfo (RoleInfo.java:shutdownFollowerState(121)) - 8a63e1ae-032e-4bed-9f20-125a11f65413: shutdown FollowerState
2019-10-20 17:41:02,103 [grpc-default-executor-3] INFO  impl.RoleInfo (RoleInfo.java:shutdownFollowerState(121)) - 7b1e61a0-7daf-43dd-99d5-9b325c1d31ae: shutdown FollowerState
2019-10-20 17:41:02,103 [grpc-default-executor-1] INFO  impl.RoleInfo (RoleInfo.java:updateAndGet(143)) - 8a63e1ae-032e-4bed-9f20-125a11f65413: start FollowerState
2019-10-20 17:41:02,103 [Thread-3177] INFO  impl.FollowerState (FollowerState.java:run(117)) - 8a63e1ae-032e-4bed-9f20-125a11f65413@group-091950D56227-FollowerState was interrupted: java.lang.InterruptedException: sleep interrupted
2019-10-20 17:41:02,104 [Thread-3178] INFO  impl.FollowerState (FollowerState.java:run(117)) - 7b1e61a0-7daf-43dd-99d5-9b325c1d31ae@group-091950D56227-FollowerState was interrupted: java.lang.InterruptedException: sleep interrupted
2019-10-20 17:41:02,104 [grpc-default-executor-3] INFO  impl.RoleInfo (RoleInfo.java:updateAndGet(143)) - 7b1e61a0-7daf-43dd-99d5-9b325c1d31ae: start FollowerState
2019-10-20 17:41:02,127 [8f18dce1-0a3d-4b65-9c78-af3d58b2da7f@group-091950D56227-LeaderElection445] INFO  impl.LeaderElection (LeaderElection.java:logAndReturn(56)) - 8f18dce1-0a3d-4b65-9c78-af3d58b2da7f@group-091950D56227-LeaderElection445: Election REJECTED; received 2 response(s) [8f18dce1-0a3d-4b65-9c78-af3d58b2da7f<-8a63e1ae-032e-4bed-9f20-125a11f65413#0:FAIL-t528, 8f18dce1-0a3d-4b65-9c78-af3d58b2da7f<-7b1e61a0-7daf-43dd-99d5-9b325c1d31ae#0:FAIL-t528] and 0 exception(s); 8f18dce1-0a3d-4b65-9c78-af3d58b2da7f@group-091950D56227:t528, leader=null, voted=8f18dce1-0a3d-4b65-9c78-af3d58b2da7f, raftlog=8f18dce1-0a3d-4b65-9c78-af3d58b2da7f@group-091950D56227-SegmentedRaftLog:OPENED:c-1,f-1,i0, conf=-1: [8a63e1ae-032e-4bed-9f20-125a11f65413:0.0.0.0:38685, 8f18dce1-0a3d-4b65-9c78-af3d58b2da7f:0.0.0.0:42489, 7b1e61a0-7daf-43dd-99d5-9b325c1d31ae:0.0.0.0:38412], old=null
2019-10-20 17:41:02,128 [8f18dce1-0a3d-4b65-9c78-af3d58b2da7f@group-091950D56227-LeaderElection445] INFO  impl.RaftServerImpl (RaftServerImpl.java:setRole(184)) - 8f18dce1-0a3d-4b65-9c78-af3d58b2da7f@group-091950D56227: changes role from CANDIDATE to FOLLOWER at term 528 for DISCOVERED_A_NEW_TERM
2019-10-20 17:41:02,128 [8f18dce1-0a3d-4b65-9c78-af3d58b2da7f@group-091950D56227-LeaderElection445] INFO  impl.RoleInfo (RoleInfo.java:shutdownLeaderElection(134)) - 8f18dce1-0a3d-4b65-9c78-af3d58b2da7f: shutdown LeaderElection
2019-10-20 17:41:02,128 [8f18dce1-0a3d-4b65-9c78-af3d58b2da7f@group-091950D56227-LeaderElection445] INFO  impl.RoleInfo (RoleInfo.java:updateAndGet(143)) - 8f18dce1-0a3d-4b65-9c78-af3d58b2da7f: start FollowerState
2019-10-20 17:41:02,240 [Thread-3185] INFO  impl.FollowerState (FollowerState.java:run(108)) - 8f18dce1-0a3d-4b65-9c78-af3d58b2da7f@group-091950D56227-FollowerState: change to CANDIDATE, lastRpcTime:112ms, electionTimeout:112ms
2019-10-20 17:41:02,240 [Thread-3185] INFO  impl.RoleInfo (RoleInfo.java:shutdownFollowerState(121)) - 8f18dce1-0a3d-4b65-9c78-af3d58b2da7f: shutdown FollowerState
2019-10-20 17:41:02,240 [Thread-3185] INFO  impl.RaftServerImpl (RaftServerImpl.java:setRole(184)) - 8f18dce1-0a3d-4b65-9c78-af3d58b2da7f@group-091950D56227: changes role from  FOLLOWER to CANDIDATE at term 528 for changeToCandidate
2019-10-20 17:41:02,241 [Thread-3185] INFO  impl.RoleInfo (RoleInfo.java:updateAndGet(143)) - 8f18dce1-0a3d-4b65-9c78-af3d58b2da7f: start LeaderElection
2019-10-20 17:41:02,269 [8f18dce1-0a3d-4b65-9c78-af3d58b2da7f@group-091950D56227-LeaderElection446] INFO  impl.LeaderElection (LeaderElection.java:askForVotes(178)) - 8f18dce1-0a3d-4b65-9c78-af3d58b2da7f@group-091950D56227-LeaderElection446: begin an election at term 529 for -1: [8a63e1ae-032e-4bed-9f20-125a11f65413:0.0.0.0:38685, 8f18dce1-0a3d-4b65-9c78-af3d58b2da7f:0.0.0.0:42489, 7b1e61a0-7daf-43dd-99d5-9b325c1d31ae:0.0.0.0:38412], old=null
2019-10-20 17:41:02,270 [grpc-default-executor-1] INFO  impl.RaftServerImpl (RaftServerImpl.java:setRole(184)) - 7b1e61a0-7daf-43dd-99d5-9b325c1d31ae@group-091950D56227: changes role from  FOLLOWER to FOLLOWER at term 529 for recognizeCandidate:8f18dce1-0a3d-4b65-9c78-af3d58b2da7f
2019-10-20 17:41:02,270 [grpc-default-executor-1] INFO  impl.RoleInfo (RoleInfo.java:shutdownFollowerState(121)) - 7b1e61a0-7daf-43dd-99d5-9b325c1d31ae: shutdown FollowerState
2019-10-20 17:41:02,270 [grpc-default-executor-1] INFO  impl.RoleInfo (RoleInfo.java:updateAndGet(143)) - 7b1e61a0-7daf-43dd-99d5-9b325c1d31ae: start FollowerState
2019-10-20 17:41:02,270 [Thread-3184] INFO  impl.FollowerState (FollowerState.java:run(117)) - 7b1e61a0-7daf-43dd-99d5-9b325c1d31ae@group-091950D56227-FollowerState was interrupted: java.lang.InterruptedException: sleep interrupted
2019-10-20 17:41:02,270 [grpc-default-executor-3] INFO  impl.RaftServerImpl (RaftServerImpl.java:setRole(184)) - 8a63e1ae-032e-4bed-9f20-125a11f65413@group-091950D56227: changes role from  FOLLOWER to FOLLOWER at term 529 for recognizeCandidate:8f18dce1-0a3d-4b65-9c78-af3d58b2da7f
2019-10-20 17:41:02,271 [grpc-default-executor-3] INFO  impl.RoleInfo (RoleInfo.java:shutdownFollowerState(121)) - 8a63e1ae-032e-4bed-9f20-125a11f65413: shutdown FollowerState
2019-10-20 17:41:02,271 [grpc-default-executor-3] INFO  impl.RoleInfo (RoleInfo.java:updateAndGet(143)) - 8a63e1ae-032e-4bed-9f20-125a11f65413: start FollowerState
2019-10-20 17:41:02,271 [Thread-3183] INFO  impl.FollowerState (FollowerState.java:run(117)) - 8a63e1ae-032e-4bed-9f20-125a11f65413@group-091950D56227-FollowerState was interrupted: java.lang.InterruptedException: sleep interrupted
2019-10-20 17:41:02,295 [8f18dce1-0a3d-4b65-9c78-af3d58b2da7f@group-091950D56227-LeaderElection446] INFO  impl.LeaderElection (LeaderElection.java:logAndReturn(56)) - 8f18dce1-0a3d-4b65-9c78-af3d58b2da7f@group-091950D56227-LeaderElection446: Election REJECTED; received 2 response(s) [8f18dce1-0a3d-4b65-9c78-af3d58b2da7f<-8a63e1ae-032e-4bed-9f20-125a11f65413#0:FAIL-t529, 8f18dce1-0a3d-4b65-9c78-af3d58b2da7f<-7b1e61a0-7daf-43dd-99d5-9b325c1d31ae#0:FAIL-t529] and 0 exception(s); 8f18dce1-0a3d-4b65-9c78-af3d58b2da7f@group-091950D56227:t529, leader=null, voted=8f18dce1-0a3d-4b65-9c78-af3d58b2da7f, raftlog=8f18dce1-0a3d-4b65-9c78-af3d58b2da7f@group-091950D56227-SegmentedRaftLog:OPENED:c-1,f-1,i0, conf=-1: [8a63e1ae-032e-4bed-9f20-125a11f65413:0.0.0.0:38685, 8f18dce1-0a3d-4b65-9c78-af3d58b2da7f:0.0.0.0:42489, 7b1e61a0-7daf-43dd-99d5-9b325c1d31ae:0.0.0.0:38412], old=null
2019-10-20 17:41:02,295 [8f18dce1-0a3d-4b65-9c78-af3d58b2da7f@group-091950D56227-LeaderElection446] INFO  impl.RaftServerImpl (RaftServerImpl.java:setRole(184)) - 8f18dce1-0a3d-4b65-9c78-af3d58b2da7f@group-091950D56227: changes role from CANDIDATE to FOLLOWER at term 529 for DISCOVERED_A_NEW_TERM
2019-10-20 17:41:02,295 [8f18dce1-0a3d-4b65-9c78-af3d58b2da7f@group-091950D56227-LeaderElection446] INFO  impl.RoleInfo (RoleInfo.java:shutdownLeaderElection(134)) - 8f18dce1-0a3d-4b65-9c78-af3d58b2da7f: shutdown LeaderElection
2019-10-20 17:41:02,295 [8f18dce1-0a3d-4b65-9c78-af3d58b2da7f@group-091950D56227-LeaderElection446] INFO  impl.RoleInfo (RoleInfo.java:updateAndGet(143)) - 8f18dce1-0a3d-4b65-9c78-af3d58b2da7f: start FollowerState
2019-10-20 17:41:02,453 [Thread-3191] INFO  impl.FollowerState (FollowerState.java:run(108)) - 8f18dce1-0a3d-4b65-9c78-af3d58b2da7f@group-091950D56227-FollowerState: change to CANDIDATE, lastRpcTime:158ms, electionTimeout:158ms
2019-10-20 17:41:02,454 [Thread-3191] INFO  impl.RoleInfo (RoleInfo.java:shutdownFollowerState(121)) - 8f18dce1-0a3d-4b65-9c78-af3d58b2da7f: shutdown FollowerState
2019-10-20 17:41:02,454 [Thread-3191] INFO  impl.RaftServerImpl (RaftServerImpl.java:setRole(184)) - 8f18dce1-0a3d-4b65-9c78-af3d58b2da7f@group-091950D56227: changes role from  FOLLOWER to CANDIDATE at term 529 for changeToCandidate
2019-10-20 17:41:02,454 [Thread-3191] INFO  impl.RoleInfo (RoleInfo.java:updateAndGet(143)) - 8f18dce1-0a3d-4b65-9c78-af3d58b2da7f: start LeaderElection
2019-10-20 17:41:02,478 [8f18dce1-0a3d-4b65-9c78-af3d58b2da7f@group-091950D56227-LeaderElection447] INFO  impl.LeaderElection (LeaderElection.java:askForVotes(178)) - 8f18dce1-0a3d-4b65-9c78-af3d58b2da7f@group-091950D56227-LeaderElection447: begin an election at term 530 for -1: [8a63e1ae-032e-4bed-9f20-125a11f65413:0.0.0.0:38685, 8f18dce1-0a3d-4b65-9c78-af3d58b2da7f:0.0.0.0:42489, 7b1e61a0-7daf-43dd-99d5-9b325c1d31ae:0.0.0.0:38412], old=null
2019-10-20 17:41:02,480 [grpc-default-executor-1] INFO  impl.RaftServerImpl (RaftServerImpl.java:setRole(184)) - 8a63e1ae-032e-4bed-9f20-125a11f65413@group-091950D56227: changes role from  FOLLOWER to FOLLOWER at term 530 for recognizeCandidate:8f18dce1-0a3d-4b65-9c78-af3d58b2da7f
2019-10-20 17:41:02,480 [grpc-default-executor-1] INFO  impl.RoleInfo (RoleInfo.java:shutdownFollowerState(121)) - 8a63e1ae-032e-4bed-9f20-125a11f65413: shutdown FollowerState
2019-10-20 17:41:02,480 [grpc-default-executor-1] INFO  impl.RoleInfo (RoleInfo.java:updateAndGet(143)) - 8a63e1ae-032e-4bed-9f20-125a11f65413: start FollowerState
2019-10-20 17:41:02,480 [Thread-3190] INFO  impl.FollowerState (FollowerState.java:run(117)) - 8a63e1ae-032e-4bed-9f20-125a11f65413@group-091950D56227-FollowerState was interrupted: java.lang.InterruptedException: sleep interrupted
2019-10-20 17:41:02,480 [grpc-default-executor-3] INFO  impl.RaftServerImpl (RaftServerImpl.java:setRole(184)) - 7b1e61a0-7daf-43dd-99d5-9b325c1d31ae@group-091950D56227: changes role from  FOLLOWER to FOLLOWER at term 530 for recognizeCandidate:8f18dce1-0a3d-4b65-9c78-af3d58b2da7f
2019-10-20 17:41:02,481 [grpc-default-executor-3] INFO  impl.RoleInfo (RoleInfo.java:shutdownFollowerState(121)) - 7b1e61a0-7daf-43dd-99d5-9b325c1d31ae: shutdown FollowerState
2019-10-20 17:41:02,481 [grpc-default-executor-3] INFO  impl.RoleInfo (RoleInfo.java:updateAndGet(143)) - 7b1e61a0-7daf-43dd-99d5-9b325c1d31ae: start FollowerState
2019-10-20 17:41:02,481 [Thread-3189] INFO  impl.FollowerState (FollowerState.java:run(117)) - 7b1e61a0-7daf-43dd-99d5-9b325c1d31ae@group-091950D56227-FollowerState was interrupted: java.lang.InterruptedException: sleep interrupted
2019-10-20 17:41:02,496 [8f18dce1-0a3d-4b65-9c78-af3d58b2da7f@group-091950D56227-LeaderElection447] INFO  impl.LeaderElection (LeaderElection.java:logAndReturn(56)) - 8f18dce1-0a3d-4b65-9c78-af3d58b2da7f@group-091950D56227-LeaderElection447: Election REJECTED; received 2 response(s) [8f18dce1-0a3d-4b65-9c78-af3d58b2da7f<-8a63e1ae-032e-4bed-9f20-125a11f65413#0:FAIL-t530, 8f18dce1-0a3d-4b65-9c78-af3d58b2da7f<-7b1e61a0-7daf-43dd-99d5-9b325c1d31ae#0:FAIL-t530] and 0 exception(s); 8f18dce1-0a3d-4b65-9c78-af3d58b2da7f@group-091950D56227:t530, leader=null, voted=8f18dce1-0a3d-4b65-9c78-af3d58b2da7f, raftlog=8f18dce1-0a3d-4b65-9c78-af3d58b2da7f@group-091950D56227-SegmentedRaftLog:OPENED:c-1,f-1,i0, conf=-1: [8a63e1ae-032e-4bed-9f20-125a11f65413:0.0.0.0:38685, 8f18dce1-0a3d-4b65-9c78-af3d58b2da7f:0.0.0.0:42489, 7b1e61a0-7daf-43dd-99d5-9b325c1d31ae:0.0.0.0:38412], old=null
2019-10-20 17:41:02,496 [8f18dce1-0a3d-4b65-9c78-af3d58b2da7f@group-091950D56227-LeaderElection447] INFO  impl.RaftServerImpl (RaftServerImpl.java:setRole(184)) - 8f18dce1-0a3d-4b65-9c78-af3d58b2da7f@group-091950D56227: changes role from CANDIDATE to FOLLOWER at term 530 for DISCOVERED_A_NEW_TERM
2019-10-20 17:41:02,496 [8f18dce1-0a3d-4b65-9c78-af3d58b2da7f@group-091950D56227-LeaderElection447] INFO  impl.RoleInfo (RoleInfo.java:shutdownLeaderElection(134)) - 8f18dce1-0a3d-4b65-9c78-af3d58b2da7f: shutdown LeaderElection
2019-10-20 17:41:02,496 [8f18dce1-0a3d-4b65-9c78-af3d58b2da7f@group-091950D56227-LeaderElection447] INFO  impl.RoleInfo (RoleInfo.java:updateAndGet(143)) - 8f18dce1-0a3d-4b65-9c78-af3d58b2da7f: start FollowerState
2019-10-20 17:41:02,624 [Thread-3199] INFO  impl.FollowerState (FollowerState.java:run(108)) - 8f18dce1-0a3d-4b65-9c78-af3d58b2da7f@group-091950D56227-FollowerState: change to CANDIDATE, lastRpcTime:128ms, electionTimeout:128ms
2019-10-20 17:41:02,625 [Thread-3199] INFO  impl.RoleInfo (RoleInfo.java:shutdownFollowerState(121)) - 8f18dce1-0a3d-4b65-9c78-af3d58b2da7f: shutdown FollowerState
2019-10-20 17:41:02,625 [Thread-3199] INFO  impl.RaftServerImpl (RaftServerImpl.java:setRole(184)) - 8f18dce1-0a3d-4b65-9c78-af3d58b2da7f@group-091950D56227: changes role from  FOLLOWER to CANDIDATE at term 530 for changeToCandidate
2019-10-20 17:41:02,625 [Thread-3199] INFO  impl.RoleInfo (RoleInfo.java:updateAndGet(143)) - 8f18dce1-0a3d-4b65-9c78-af3d58b2da7f: start LeaderElection
2019-10-20 17:41:02,654 [8f18dce1-0a3d-4b65-9c78-af3d58b2da7f@group-091950D56227-LeaderElection448] INFO  impl.LeaderElection (LeaderElection.java:askForVotes(178)) - 8f18dce1-0a3d-4b65-9c78-af3d58b2da7f@group-091950D56227-LeaderElection448: begin an election at term 531 for -1: [8a63e1ae-032e-4bed-9f20-125a11f65413:0.0.0.0:38685, 8f18dce1-0a3d-4b65-9c78-af3d58b2da7f:0.0.0.0:42489, 7b1e61a0-7daf-43dd-99d5-9b325c1d31ae:0.0.0.0:38412], old=null
2019-10-20 17:41:02,656 [grpc-default-executor-3] INFO  impl.RaftServerImpl (RaftServerImpl.java:setRole(184)) - 8a63e1ae-032e-4bed-9f20-125a11f65413@group-091950D56227: changes role from  FOLLOWER to FOLLOWER at term 531 for recognizeCandidate:8f18dce1-0a3d-4b65-9c78-af3d58b2da7f
2019-10-20 17:41:02,656 [grpc-default-executor-1] INFO  impl.RaftServerImpl (RaftServerImpl.java:setRole(184)) - 7b1e61a0-7daf-43dd-99d5-9b325c1d31ae@group-091950D56227: changes role from  FOLLOWER to FOLLOWER at term 531 for recognizeCandidate:8f18dce1-0a3d-4b65-9c78-af3d58b2da7f
2019-10-20 17:41:02,656 [grpc-default-executor-1] INFO  impl.RoleInfo (RoleInfo.java:shutdownFollowerState(121)) - 7b1e61a0-7daf-43dd-99d5-9b325c1d31ae: shutdown FollowerState
2019-10-20 17:41:02,656 [grpc-default-executor-3] INFO  impl.RoleInfo (RoleInfo.java:shutdownFollowerState(121)) - 8a63e1ae-032e-4bed-9f20-125a11f65413: shutdown FollowerState
2019-10-20 17:41:02,656 [Thread-3198] INFO  impl.FollowerState (FollowerState.java:run(117)) - 7b1e61a0-7daf-43dd-99d5-9b325c1d31ae@group-091950D56227-FollowerState was interrupted: java.lang.InterruptedException: sleep interrupted
2019-10-20 17:41:02,656 [Thread-3197] INFO  impl.FollowerState (FollowerState.java:run(117)) - 8a63e1ae-032e-4bed-9f20-125a11f65413@group-091950D56227-FollowerState was interrupted: java.lang.InterruptedException: sleep interrupted
2019-10-20 17:41:02,656 [grpc-default-executor-1] INFO  impl.RoleInfo (RoleInfo.java:updateAndGet(143)) - 7b1e61a0-7daf-43dd-99d5-9b325c1d31ae: start FollowerState
2019-10-20 17:41:02,656 [grpc-default-executor-3] INFO  impl.RoleInfo (RoleInfo.java:updateAndGet(143)) - 8a63e1ae-032e-4bed-9f20-125a11f65413: start FollowerState
2019-10-20 17:41:02,680 [8f18dce1-0a3d-4b65-9c78-af3d58b2da7f@group-091950D56227-LeaderElection448] INFO  impl.LeaderElection (LeaderElection.java:logAndReturn(56)) - 8f18dce1-0a3d-4b65-9c78-af3d58b2da7f@group-091950D56227-LeaderElection448: Election REJECTED; received 2 response(s) [8f18dce1-0a3d-4b65-9c78-af3d58b2da7f<-8a63e1ae-032e-4bed-9f20-125a11f65413#0:FAIL-t531, 8f18dce1-0a3d-4b65-9c78-af3d58b2da7f<-7b1e61a0-7daf-43dd-99d5-9b325c1d31ae#0:FAIL-t531] and 0 exception(s); 8f18dce1-0a3d-4b65-9c78-af3d58b2da7f@group-091950D56227:t531, leader=null, voted=8f18dce1-0a3d-4b65-9c78-af3d58b2da7f, raftlog=8f18dce1-0a3d-4b65-9c78-af3d58b2da7f@group-091950D56227-SegmentedRaftLog:OPENED:c-1,f-1,i0, conf=-1: [8a63e1ae-032e-4bed-9f20-125a11f65413:0.0.0.0:38685, 8f18dce1-0a3d-4b65-9c78-af3d58b2da7f:0.0.0.0:42489, 7b1e61a0-7daf-43dd-99d5-9b325c1d31ae:0.0.0.0:38412], old=null
2019-10-20 17:41:02,680 [8f18dce1-0a3d-4b65-9c78-af3d58b2da7f@group-091950D56227-LeaderElection448] INFO  impl.RaftServerImpl (RaftServerImpl.java:setRole(184)) - 8f18dce1-0a3d-4b65-9c78-af3d58b2da7f@group-091950D56227: changes role from CANDIDATE to FOLLOWER at term 531 for DISCOVERED_A_NEW_TERM
2019-10-20 17:41:02,681 [8f18dce1-0a3d-4b65-9c78-af3d58b2da7f@group-091950D56227-LeaderElection448] INFO  impl.RoleInfo (RoleInfo.java:shutdownLeaderElection(134)) - 8f18dce1-0a3d-4b65-9c78-af3d58b2da7f: shutdown LeaderElection
2019-10-20 17:41:02,681 [8f18dce1-0a3d-4b65-9c78-af3d58b2da7f@group-091950D56227-LeaderElection448] INFO  impl.RoleInfo (RoleInfo.java:updateAndGet(143)) - 8f18dce1-0a3d-4b65-9c78-af3d58b2da7f: start FollowerState
2019-10-20 17:41:02,708 [Thread-3205] INFO  impl.FollowerState (FollowerState.java:run(108)) - 8f18dce1-0a3d-4b65-9c78-af3d58b2da7f@group-091950D56227-FollowerState: change to CANDIDATE, lastRpcTime:27ms, electionTimeout:27ms
2019-10-20 17:41:02,708 [Thread-3205] INFO  impl.RoleInfo (RoleInfo.java:shutdownFollowerState(121)) - 8f18dce1-0a3d-4b65-9c78-af3d58b2da7f: shutdown FollowerState
2019-10-20 17:41:02,708 [Thread-3205] INFO  impl.RaftServerImpl (RaftServerImpl.java:setRole(184)) - 8f18dce1-0a3d-4b65-9c78-af3d58b2da7f@group-091950D56227: changes role from  FOLLOWER to CANDIDATE at term 531 for changeToCandidate
2019-10-20 17:41:02,708 [Thread-3205] INFO  impl.RoleInfo (RoleInfo.java:updateAndGet(143)) - 8f18dce1-0a3d-4b65-9c78-af3d58b2da7f: start LeaderElection
2019-10-20 17:41:02,739 [8f18dce1-0a3d-4b65-9c78-af3d58b2da7f@group-091950D56227-LeaderElection449] INFO  impl.LeaderElection (LeaderElection.java:askForVotes(178)) - 8f18dce1-0a3d-4b65-9c78-af3d58b2da7f@group-091950D56227-LeaderElection449: begin an election at term 532 for -1: [8a63e1ae-032e-4bed-9f20-125a11f65413:0.0.0.0:38685, 8f18dce1-0a3d-4b65-9c78-af3d58b2da7f:0.0.0.0:42489, 7b1e61a0-7daf-43dd-99d5-9b325c1d31ae:0.0.0.0:38412], old=null
2019-10-20 17:41:02,741 [grpc-default-executor-3] INFO  impl.RaftServerImpl (RaftServerImpl.java:setRole(184)) - 8a63e1ae-032e-4bed-9f20-125a11f65413@group-091950D56227: changes role from  FOLLOWER to FOLLOWER at term 532 for recognizeCandidate:8f18dce1-0a3d-4b65-9c78-af3d58b2da7f
2019-10-20 17:41:02,741 [grpc-default-executor-1] INFO  impl.RaftServerImpl (RaftServerImpl.java:setRole(184)) - 7b1e61a0-7daf-43dd-99d5-9b325c1d31ae@group-091950D56227: changes role from  FOLLOWER to FOLLOWER at term 532 for recognizeCandidate:8f18dce1-0a3d-4b65-9c78-af3d58b2da7f
2019-10-20 17:41:02,741 [grpc-default-executor-1] INFO  impl.RoleInfo (RoleInfo.java:shutdownFollowerState(121)) - 7b1e61a0-7daf-43dd-99d5-9b325c1d31ae: shutdown FollowerState
2019-10-20 17:41:02,741 [grpc-default-executor-3] INFO  impl.RoleInfo (RoleInfo.java:shutdownFollowerState(121)) - 8a63e1ae-032e-4bed-9f20-125a11f65413: shutdown FollowerState
2019-10-20 17:41:02,742 [Thread-3203] INFO  impl.FollowerState (FollowerState.java:run(117)) - 7b1e61a0-7daf-43dd-99d5-9b325c1d31ae@group-091950D56227-FollowerState was interrupted: java.lang.InterruptedException: sleep interrupted
2019-10-20 17:41:02,742 [grpc-default-executor-1] INFO  impl.RoleInfo (RoleInfo.java:updateAndGet(143)) - 7b1e61a0-7daf-43dd-99d5-9b325c1d31ae: start FollowerState
2019-10-20 17:41:02,742 [Thread-3204] INFO  impl.FollowerState (FollowerState.java:run(117)) - 8a63e1ae-032e-4bed-9f20-125a11f65413@group-091950D56227-FollowerState was interrupted: java.lang.InterruptedException: sleep interrupted
2019-10-20 17:41:02,742 [grpc-default-executor-3] INFO  impl.RoleInfo (RoleInfo.java:updateAndGet(143)) - 8a63e1ae-032e-4bed-9f20-125a11f65413: start FollowerState
2019-10-20 17:41:02,766 [8f18dce1-0a3d-4b65-9c78-af3d58b2da7f@group-091950D56227-LeaderElection449] INFO  impl.LeaderElection (LeaderElection.java:logAndReturn(56)) - 8f18dce1-0a3d-4b65-9c78-af3d58b2da7f@group-091950D56227-LeaderElection449: Election REJECTED; received 2 response(s) [8f18dce1-0a3d-4b65-9c78-af3d58b2da7f<-8a63e1ae-032e-4bed-9f20-125a11f65413#0:FAIL-t532, 8f18dce1-0a3d-4b65-9c78-af3d58b2da7f<-7b1e61a0-7daf-43dd-99d5-9b325c1d31ae#0:FAIL-t532] and 0 exception(s); 8f18dce1-0a3d-4b65-9c78-af3d58b2da7f@group-091950D56227:t532, leader=null, voted=8f18dce1-0a3d-4b65-9c78-af3d58b2da7f, raftlog=8f18dce1-0a3d-4b65-9c78-af3d58b2da7f@group-091950D56227-SegmentedRaftLog:OPENED:c-1,f-1,i0, conf=-1: [8a63e1ae-032e-4bed-9f20-125a11f65413:0.0.0.0:38685, 8f18dce1-0a3d-4b65-9c78-af3d58b2da7f:0.0.0.0:42489, 7b1e61a0-7daf-43dd-99d5-9b325c1d31ae:0.0.0.0:38412], old=null
2019-10-20 17:41:02,766 [8f18dce1-0a3d-4b65-9c78-af3d58b2da7f@group-091950D56227-LeaderElection449] INFO  impl.RaftServerImpl (RaftServerImpl.java:setRole(184)) - 8f18dce1-0a3d-4b65-9c78-af3d58b2da7f@group-091950D56227: changes role from CANDIDATE to FOLLOWER at term 532 for DISCOVERED_A_NEW_TERM
2019-10-20 17:41:02,766 [8f18dce1-0a3d-4b65-9c78-af3d58b2da7f@group-091950D56227-LeaderElection449] INFO  impl.RoleInfo (RoleInfo.java:shutdownLeaderElection(134)) - 8f18dce1-0a3d-4b65-9c78-af3d58b2da7f: shutdown LeaderElection
2019-10-20 17:41:02,766 [8f18dce1-0a3d-4b65-9c78-af3d58b2da7f@group-091950D56227-LeaderElection449] INFO  impl.RoleInfo (RoleInfo.java:updateAndGet(143)) - 8f18dce1-0a3d-4b65-9c78-af3d58b2da7f: start FollowerState
2019-10-20 17:41:02,865 [Thread-3211] INFO  impl.FollowerState (FollowerState.java:run(108)) - 8f18dce1-0a3d-4b65-9c78-af3d58b2da7f@group-091950D56227-FollowerState: change to CANDIDATE, lastRpcTime:99ms, electionTimeout:99ms
2019-10-20 17:41:02,865 [Thread-3211] INFO  impl.RoleInfo (RoleInfo.java:shutdownFollowerState(121)) - 8f18dce1-0a3d-4b65-9c78-af3d58b2da7f: shutdown FollowerState
2019-10-20 17:41:02,866 [Thread-3211] INFO  impl.RaftServerImpl (RaftServerImpl.java:setRole(184)) - 8f18dce1-0a3d-4b65-9c78-af3d58b2da7f@group-091950D56227: changes role from  FOLLOWER to CANDIDATE at term 532 for changeToCandidate
2019-10-20 17:41:02,866 [Thread-3211] INFO  impl.RoleInfo (RoleInfo.java:updateAndGet(143)) - 8f18dce1-0a3d-4b65-9c78-af3d58b2da7f: start LeaderElection
2019-10-20 17:41:02,890 [8f18dce1-0a3d-4b65-9c78-af3d58b2da7f@group-091950D56227-LeaderElection450] INFO  impl.LeaderElection (LeaderElection.java:askForVotes(178)) - 8f18dce1-0a3d-4b65-9c78-af3d58b2da7f@group-091950D56227-LeaderElection450: begin an election at term 533 for -1: [8a63e1ae-032e-4bed-9f20-125a11f65413:0.0.0.0:38685, 8f18dce1-0a3d-4b65-9c78-af3d58b2da7f:0.0.0.0:42489, 7b1e61a0-7daf-43dd-99d5-9b325c1d31ae:0.0.0.0:38412], old=null
2019-10-20 17:41:02,892 [grpc-default-executor-3] INFO  impl.RaftServerImpl (RaftServerImpl.java:setRole(184)) - 8a63e1ae-032e-4bed-9f20-125a11f65413@group-091950D56227: changes role from  FOLLOWER to FOLLOWER at term 533 for recognizeCandidate:8f18dce1-0a3d-4b65-9c78-af3d58b2da7f
2019-10-20 17:41:02,892 [grpc-default-executor-1] INFO  impl.RaftServerImpl (RaftServerImpl.java:setRole(184)) - 7b1e61a0-7daf-43dd-99d5-9b325c1d31ae@group-091950D56227: changes role from  FOLLOWER to FOLLOWER at term 533 for recognizeCandidate:8f18dce1-0a3d-4b65-9c78-af3d58b2da7f
2019-10-20 17:41:02,892 [grpc-default-executor-1] INFO  impl.RoleInfo (RoleInfo.java:shutdownFollowerState(121)) - 7b1e61a0-7daf-43dd-99d5-9b325c1d31ae: shutdown FollowerState
2019-10-20 17:41:02,892 [grpc-default-executor-3] INFO  impl.RoleInfo (RoleInfo.java:shutdownFollowerState(121)) - 8a63e1ae-032e-4bed-9f20-125a11f65413: shutdown FollowerState
2019-10-20 17:41:02,892 [Thread-3209] INFO  impl.FollowerState (FollowerState.java:run(117)) - 7b1e61a0-7daf-43dd-99d5-9b325c1d31ae@group-091950D56227-FollowerState was interrupted: java.lang.InterruptedException: sleep interrupted
2019-10-20 17:41:02,892 [grpc-default-executor-1] INFO  impl.RoleInfo (RoleInfo.java:updateAndGet(143)) - 7b1e61a0-7daf-43dd-99d5-9b325c1d31ae: start FollowerState
2019-10-20 17:41:02,893 [Thread-3210] INFO  impl.FollowerState (FollowerState.java:run(117)) - 8a63e1ae-032e-4bed-9f20-125a11f65413@group-091950D56227-FollowerState was interrupted: java.lang.InterruptedException: sleep interrupted
2019-10-20 17:41:02,893 [grpc-default-executor-3] INFO  impl.RoleInfo (RoleInfo.java:updateAndGet(143)) - 8a63e1ae-032e-4bed-9f20-125a11f65413: start FollowerState
2019-10-20 17:41:02,917 [8f18dce1-0a3d-4b65-9c78-af3d58b2da7f@group-091950D56227-LeaderElection450] INFO  impl.LeaderElection (LeaderElection.java:logAndReturn(56)) - 8f18dce1-0a3d-4b65-9c78-af3d58b2da7f@group-091950D56227-LeaderElection450: Election REJECTED; received 2 response(s) [8f18dce1-0a3d-4b65-9c78-af3d58b2da7f<-8a63e1ae-032e-4bed-9f20-125a11f65413#0:FAIL-t533, 8f18dce1-0a3d-4b65-9c78-af3d58b2da7f<-7b1e61a0-7daf-43dd-99d5-9b325c1d31ae#0:FAIL-t533] and 0 exception(s); 8f18dce1-0a3d-4b65-9c78-af3d58b2da7f@group-091950D56227:t533, leader=null, voted=8f18dce1-0a3d-4b65-9c78-af3d58b2da7f, raftlog=8f18dce1-0a3d-4b65-9c78-af3d58b2da7f@group-091950D56227-SegmentedRaftLog:OPENED:c-1,f-1,i0, conf=-1: [8a63e1ae-032e-4bed-9f20-125a11f65413:0.0.0.0:38685, 8f18dce1-0a3d-4b65-9c78-af3d58b2da7f:0.0.0.0:42489, 7b1e61a0-7daf-43dd-99d5-9b325c1d31ae:0.0.0.0:38412], old=null
2019-10-20 17:41:02,917 [8f18dce1-0a3d-4b65-9c78-af3d58b2da7f@group-091950D56227-LeaderElection450] INFO  impl.RaftServerImpl (RaftServerImpl.java:setRole(184)) - 8f18dce1-0a3d-4b65-9c78-af3d58b2da7f@group-091950D56227: changes role from CANDIDATE to FOLLOWER at term 533 for DISCOVERED_A_NEW_TERM
2019-10-20 17:41:02,917 [8f18dce1-0a3d-4b65-9c78-af3d58b2da7f@group-091950D56227-LeaderElection450] INFO  impl.RoleInfo (RoleInfo.java:shutdownLeaderElection(134)) - 8f18dce1-0a3d-4b65-9c78-af3d58b2da7f: shutdown LeaderElection
2019-10-20 17:41:02,917 [8f18dce1-0a3d-4b65-9c78-af3d58b2da7f@group-091950D56227-LeaderElection450] INFO  impl.RoleInfo (RoleInfo.java:updateAndGet(143)) - 8f18dce1-0a3d-4b65-9c78-af3d58b2da7f: start FollowerState
2019-10-20 17:41:02,948 [Thread-3217] INFO  impl.FollowerState (FollowerState.java:run(108)) - 8f18dce1-0a3d-4b65-9c78-af3d58b2da7f@group-091950D56227-FollowerState: change to CANDIDATE, lastRpcTime:31ms, electionTimeout:31ms
2019-10-20 17:41:02,948 [Thread-3217] INFO  impl.RoleInfo (RoleInfo.java:shutdownFollowerState(121)) - 8f18dce1-0a3d-4b65-9c78-af3d58b2da7f: shutdown FollowerState
2019-10-20 17:41:02,949 [Thread-3217] INFO  impl.RaftServerImpl (RaftServerImpl.java:setRole(184)) - 8f18dce1-0a3d-4b65-9c78-af3d58b2da7f@group-091950D56227: changes role from  FOLLOWER to CANDIDATE at term 533 for changeToCandidate
2019-10-20 17:41:02,949 [Thread-3217] INFO  impl.RoleInfo (RoleInfo.java:updateAndGet(143)) - 8f18dce1-0a3d-4b65-9c78-af3d58b2da7f: start LeaderElection
2019-10-20 17:41:02,983 [8f18dce1-0a3d-4b65-9c78-af3d58b2da7f@group-091950D56227-LeaderElection451] INFO  impl.LeaderElection (LeaderElection.java:askForVotes(178)) - 8f18dce1-0a3d-4b65-9c78-af3d58b2da7f@group-091950D56227-LeaderElection451: begin an election at term 534 for -1: [8a63e1ae-032e-4bed-9f20-125a11f65413:0.0.0.0:38685, 8f18dce1-0a3d-4b65-9c78-af3d58b2da7f:0.0.0.0:42489, 7b1e61a0-7daf-43dd-99d5-9b325c1d31ae:0.0.0.0:38412], old=null
2019-10-20 17:41:02,984 [grpc-default-executor-3] INFO  impl.RaftServerImpl (RaftServerImpl.java:setRole(184)) - 8a63e1ae-032e-4bed-9f20-125a11f65413@group-091950D56227: changes role from  FOLLOWER to FOLLOWER at term 534 for recognizeCandidate:8f18dce1-0a3d-4b65-9c78-af3d58b2da7f
2019-10-20 17:41:02,985 [grpc-default-executor-3] INFO  impl.RoleInfo (RoleInfo.java:shutdownFollowerState(121)) - 8a63e1ae-032e-4bed-9f20-125a11f65413: shutdown FollowerState
2019-10-20 17:41:02,985 [grpc-default-executor-1] INFO  impl.RaftServerImpl (RaftServerImpl.java:setRole(184)) - 7b1e61a0-7daf-43dd-99d5-9b325c1d31ae@group-091950D56227: changes role from  FOLLOWER to FOLLOWER at term 534 for recognizeCandidate:8f18dce1-0a3d-4b65-9c78-af3d58b2da7f
2019-10-20 17:41:02,985 [Thread-3216] INFO  impl.FollowerState (FollowerState.java:run(117)) - 8a63e1ae-032e-4bed-9f20-125a11f65413@group-091950D56227-FollowerState was interrupted: java.lang.InterruptedException: sleep interrupted
2019-10-20 17:41:02,985 [grpc-default-executor-3] INFO  impl.RoleInfo (RoleInfo.java:updateAndGet(143)) - 8a63e1ae-032e-4bed-9f20-125a11f65413: start FollowerState
2019-10-20 17:41:02,985 [grpc-default-executor-1] INFO  impl.RoleInfo (RoleInfo.java:shutdownFollowerState(121)) - 7b1e61a0-7daf-43dd-99d5-9b325c1d31ae: shutdown FollowerState
2019-10-20 17:41:02,986 [grpc-default-executor-1] INFO  impl.RoleInfo (RoleInfo.java:updateAndGet(143)) - 7b1e61a0-7daf-43dd-99d5-9b325c1d31ae: start FollowerState
2019-10-20 17:41:02,986 [Thread-3215] INFO  impl.FollowerState (FollowerState.java:run(117)) - 7b1e61a0-7daf-43dd-99d5-9b325c1d31ae@group-091950D56227-FollowerState was interrupted: java.lang.InterruptedException: sleep interrupted
2019-10-20 17:41:03,009 [8f18dce1-0a3d-4b65-9c78-af3d58b2da7f@group-091950D56227-LeaderElection451] INFO  impl.LeaderElection (LeaderElection.java:logAndReturn(56)) - 8f18dce1-0a3d-4b65-9c78-af3d58b2da7f@group-091950D56227-LeaderElection451: Election REJECTED; received 2 response(s) [8f18dce1-0a3d-4b65-9c78-af3d58b2da7f<-8a63e1ae-032e-4bed-9f20-125a11f65413#0:FAIL-t534, 8f18dce1-0a3d-4b65-9c78-af3d58b2da7f<-7b1e61a0-7daf-43dd-99d5-9b325c1d31ae#0:FAIL-t534] and 0 exception(s); 8f18dce1-0a3d-4b65-9c78-af3d58b2da7f@group-091950D56227:t534, leader=null, voted=8f18dce1-0a3d-4b65-9c78-af3d58b2da7f, raftlog=8f18dce1-0a3d-4b65-9c78-af3d58b2da7f@group-091950D56227-SegmentedRaftLog:OPENED:c-1,f-1,i0, conf=-1: [8a63e1ae-032e-4bed-9f20-125a11f65413:0.0.0.0:38685, 8f18dce1-0a3d-4b65-9c78-af3d58b2da7f:0.0.0.0:42489, 7b1e61a0-7daf-43dd-99d5-9b325c1d31ae:0.0.0.0:38412], old=null
2019-10-20 17:41:03,010 [8f18dce1-0a3d-4b65-9c78-af3d58b2da7f@group-091950D56227-LeaderElection451] INFO  impl.RaftServerImpl (RaftServerImpl.java:setRole(184)) - 8f18dce1-0a3d-4b65-9c78-af3d58b2da7f@group-091950D56227: changes role from CANDIDATE to FOLLOWER at term 534 for DISCOVERED_A_NEW_TERM
2019-10-20 17:41:03,010 [8f18dce1-0a3d-4b65-9c78-af3d58b2da7f@group-091950D56227-LeaderElection451] INFO  impl.RoleInfo (RoleInfo.java:shutdownLeaderElection(134)) - 8f18dce1-0a3d-4b65-9c78-af3d58b2da7f: shutdown LeaderElection
2019-10-20 17:41:03,010 [8f18dce1-0a3d-4b65-9c78-af3d58b2da7f@group-091950D56227-LeaderElection451] INFO  impl.RoleInfo (RoleInfo.java:updateAndGet(143)) - 8f18dce1-0a3d-4b65-9c78-af3d58b2da7f: start FollowerState
2019-10-20 17:41:03,184 [Thread-3223] INFO  impl.FollowerState (FollowerState.java:run(108)) - 8f18dce1-0a3d-4b65-9c78-af3d58b2da7f@group-091950D56227-FollowerState: change to CANDIDATE, lastRpcTime:173ms, electionTimeout:173ms
2019-10-20 17:41:03,184 [Thread-3223] INFO  impl.RoleInfo (RoleInfo.java:shutdownFollowerState(121)) - 8f18dce1-0a3d-4b65-9c78-af3d58b2da7f: shutdown FollowerState
2019-10-20 17:41:03,184 [Thread-3223] INFO  impl.RaftServerImpl (RaftServerImpl.java:setRole(184)) - 8f18dce1-0a3d-4b65-9c78-af3d58b2da7f@group-091950D56227: changes role from  FOLLOWER to CANDIDATE at term 534 for changeToCandidate
2019-10-20 17:41:03,184 [Thread-3223] INFO  impl.RoleInfo (RoleInfo.java:updateAndGet(143)) - 8f18dce1-0a3d-4b65-9c78-af3d58b2da7f: start LeaderElection
2019-10-20 17:41:03,209 [8f18dce1-0a3d-4b65-9c78-af3d58b2da7f@group-091950D56227-LeaderElection452] INFO  impl.LeaderElection (LeaderElection.java:askForVotes(178)) - 8f18dce1-0a3d-4b65-9c78-af3d58b2da7f@group-091950D56227-LeaderElection452: begin an election at term 535 for -1: [8a63e1ae-032e-4bed-9f20-125a11f65413:0.0.0.0:38685, 8f18dce1-0a3d-4b65-9c78-af3d58b2da7f:0.0.0.0:42489, 7b1e61a0-7daf-43dd-99d5-9b325c1d31ae:0.0.0.0:38412], old=null
2019-10-20 17:41:03,210 [grpc-default-executor-1] INFO  impl.RaftServerImpl (RaftServerImpl.java:setRole(184)) - 8a63e1ae-032e-4bed-9f20-125a11f65413@group-091950D56227: changes role from  FOLLOWER to FOLLOWER at term 535 for recognizeCandidate:8f18dce1-0a3d-4b65-9c78-af3d58b2da7f
2019-10-20 17:41:03,210 [grpc-default-executor-1] INFO  impl.RoleInfo (RoleInfo.java:shutdownFollowerState(121)) - 8a63e1ae-032e-4bed-9f20-125a11f65413: shutdown FollowerState
2019-10-20 17:41:03,210 [grpc-default-executor-1] INFO  impl.RoleInfo (RoleInfo.java:updateAndGet(143)) - 8a63e1ae-032e-4bed-9f20-125a11f65413: start FollowerState
2019-10-20 17:41:03,211 [Thread-3221] INFO  impl.FollowerState (FollowerState.java:run(117)) - 8a63e1ae-032e-4bed-9f20-125a11f65413@group-091950D56227-FollowerState was interrupted: java.lang.InterruptedException: sleep interrupted
2019-10-20 17:41:03,211 [grpc-default-executor-3] INFO  impl.RaftServerImpl (RaftServerImpl.java:setRole(184)) - 7b1e61a0-7daf-43dd-99d5-9b325c1d31ae@group-091950D56227: changes role from  FOLLOWER to FOLLOWER at term 535 for recognizeCandidate:8f18dce1-0a3d-4b65-9c78-af3d58b2da7f
2019-10-20 17:41:03,211 [grpc-default-executor-3] INFO  impl.RoleInfo (RoleInfo.java:shutdownFollowerState(121)) - 7b1e61a0-7daf-43dd-99d5-9b325c1d31ae: shutdown FollowerState
2019-10-20 17:41:03,211 [grpc-default-executor-3] INFO  impl.RoleInfo (RoleInfo.java:updateAndGet(143)) - 7b1e61a0-7daf-43dd-99d5-9b325c1d31ae: start FollowerState
2019-10-20 17:41:03,211 [Thread-3222] INFO  impl.FollowerState (FollowerState.java:run(117)) - 7b1e61a0-7daf-43dd-99d5-9b325c1d31ae@group-091950D56227-FollowerState was interrupted: java.lang.InterruptedException: sleep interrupted
2019-10-20 17:41:03,235 [8f18dce1-0a3d-4b65-9c78-af3d58b2da7f@group-091950D56227-LeaderElection452] INFO  impl.LeaderElection (LeaderElection.java:logAndReturn(56)) - 8f18dce1-0a3d-4b65-9c78-af3d58b2da7f@group-091950D56227-LeaderElection452: Election REJECTED; received 2 response(s) [8f18dce1-0a3d-4b65-9c78-af3d58b2da7f<-8a63e1ae-032e-4bed-9f20-125a11f65413#0:FAIL-t535, 8f18dce1-0a3d-4b65-9c78-af3d58b2da7f<-7b1e61a0-7daf-43dd-99d5-9b325c1d31ae#0:FAIL-t535] and 0 exception(s); 8f18dce1-0a3d-4b65-9c78-af3d58b2da7f@group-091950D56227:t535, leader=null, voted=8f18dce1-0a3d-4b65-9c78-af3d58b2da7f, raftlog=8f18dce1-0a3d-4b65-9c78-af3d58b2da7f@group-091950D56227-SegmentedRaftLog:OPENED:c-1,f-1,i0, conf=-1: [8a63e1ae-032e-4bed-9f20-125a11f65413:0.0.0.0:38685, 8f18dce1-0a3d-4b65-9c78-af3d58b2da7f:0.0.0.0:42489, 7b1e61a0-7daf-43dd-99d5-9b325c1d31ae:0.0.0.0:38412], old=null
2019-10-20 17:41:03,235 [8f18dce1-0a3d-4b65-9c78-af3d58b2da7f@group-091950D56227-LeaderElection452] INFO  impl.RaftServerImpl (RaftServerImpl.java:setRole(184)) - 8f18dce1-0a3d-4b65-9c78-af3d58b2da7f@group-091950D56227: changes role from CANDIDATE to FOLLOWER at term 535 for DISCOVERED_A_NEW_TERM
2019-10-20 17:41:03,235 [8f18dce1-0a3d-4b65-9c78-af3d58b2da7f@group-091950D56227-LeaderElection452] INFO  impl.RoleInfo (RoleInfo.java:shutdownLeaderElection(134)) - 8f18dce1-0a3d-4b65-9c78-af3d58b2da7f: shutdown LeaderElection
2019-10-20 17:41:03,235 [8f18dce1-0a3d-4b65-9c78-af3d58b2da7f@group-091950D56227-LeaderElection452] INFO  impl.RoleInfo (RoleInfo.java:updateAndGet(143)) - 8f18dce1-0a3d-4b65-9c78-af3d58b2da7f: start FollowerState
2019-10-20 17:41:03,252 [Thread-3229] INFO  impl.FollowerState (FollowerState.java:run(108)) - 8f18dce1-0a3d-4b65-9c78-af3d58b2da7f@group-091950D56227-FollowerState: change to CANDIDATE, lastRpcTime:16ms, electionTimeout:16ms
2019-10-20 17:41:03,252 [Thread-3229] INFO  impl.RoleInfo (RoleInfo.java:shutdownFollowerState(121)) - 8f18dce1-0a3d-4b65-9c78-af3d58b2da7f: shutdown FollowerState
2019-10-20 17:41:03,252 [Thread-3229] INFO  impl.RaftServerImpl (RaftServerImpl.java:setRole(184)) - 8f18dce1-0a3d-4b65-9c78-af3d58b2da7f@group-091950D56227: changes role from  FOLLOWER to CANDIDATE at term 535 for changeToCandidate
2019-10-20 17:41:03,252 [Thread-3229] INFO  impl.RoleInfo (RoleInfo.java:updateAndGet(143)) - 8f18dce1-0a3d-4b65-9c78-af3d58b2da7f: start LeaderElection
2019-10-20 17:41:03,277 [8f18dce1-0a3d-4b65-9c78-af3d58b2da7f@group-091950D56227-LeaderElection453] INFO  impl.LeaderElection (LeaderElection.java:askForVotes(178)) - 8f18dce1-0a3d-4b65-9c78-af3d58b2da7f@group-091950D56227-LeaderElection453: begin an election at term 536 for -1: [8a63e1ae-032e-4bed-9f20-125a11f65413:0.0.0.0:38685, 8f18dce1-0a3d-4b65-9c78-af3d58b2da7f:0.0.0.0:42489, 7b1e61a0-7daf-43dd-99d5-9b325c1d31ae:0.0.0.0:38412], old=null
2019-10-20 17:41:03,278 [grpc-default-executor-3] INFO  impl.RaftServerImpl (RaftServerImpl.java:setRole(184)) - 8a63e1ae-032e-4bed-9f20-125a11f65413@group-091950D56227: changes role from  FOLLOWER to FOLLOWER at term 536 for recognizeCandidate:8f18dce1-0a3d-4b65-9c78-af3d58b2da7f
2019-10-20 17:41:03,278 [grpc-default-executor-1] INFO  impl.RaftServerImpl (RaftServerImpl.java:setRole(184)) - 7b1e61a0-7daf-43dd-99d5-9b325c1d31ae@group-091950D56227: changes role from  FOLLOWER to FOLLOWER at term 536 for recognizeCandidate:8f18dce1-0a3d-4b65-9c78-af3d58b2da7f
2019-10-20 17:41:03,279 [grpc-default-executor-1] INFO  impl.RoleInfo (RoleInfo.java:shutdownFollowerState(121)) - 7b1e61a0-7daf-43dd-99d5-9b325c1d31ae: shutdown FollowerState
2019-10-20 17:41:03,278 [grpc-default-executor-3] INFO  impl.RoleInfo (RoleInfo.java:shutdownFollowerState(121)) - 8a63e1ae-032e-4bed-9f20-125a11f65413: shutdown FollowerState
2019-10-20 17:41:03,279 [Thread-3228] INFO  impl.FollowerState (FollowerState.java:run(117)) - 7b1e61a0-7daf-43dd-99d5-9b325c1d31ae@group-091950D56227-FollowerState was interrupted: java.lang.InterruptedException: sleep interrupted
2019-10-20 17:41:03,279 [Thread-3227] INFO  impl.FollowerState (FollowerState.java:run(117)) - 8a63e1ae-032e-4bed-9f20-125a11f65413@group-091950D56227-FollowerState was interrupted: java.lang.InterruptedException: sleep interrupted
2019-10-20 17:41:03,279 [grpc-default-executor-1] INFO  impl.RoleInfo (RoleInfo.java:updateAndGet(143)) - 7b1e61a0-7daf-43dd-99d5-9b325c1d31ae: start FollowerState
2019-10-20 17:41:03,279 [grpc-default-executor-3] INFO  impl.RoleInfo (RoleInfo.java:updateAndGet(143)) - 8a63e1ae-032e-4bed-9f20-125a11f65413: start FollowerState
2019-10-20 17:41:03,303 [8f18dce1-0a3d-4b65-9c78-af3d58b2da7f@group-091950D56227-LeaderElection453] INFO  impl.LeaderElection (LeaderElection.java:logAndReturn(56)) - 8f18dce1-0a3d-4b65-9c78-af3d58b2da7f@group-091950D56227-LeaderElection453: Election REJECTED; received 2 response(s) [8f18dce1-0a3d-4b65-9c78-af3d58b2da7f<-8a63e1ae-032e-4bed-9f20-125a11f65413#0:FAIL-t536, 8f18dce1-0a3d-4b65-9c78-af3d58b2da7f<-7b1e61a0-7daf-43dd-99d5-9b325c1d31ae#0:FAIL-t536] and 0 exception(s); 8f18dce1-0a3d-4b65-9c78-af3d58b2da7f@group-091950D56227:t536, leader=null, voted=8f18dce1-0a3d-4b65-9c78-af3d58b2da7f, raftlog=8f18dce1-0a3d-4b65-9c78-af3d58b2da7f@group-091950D56227-SegmentedRaftLog:OPENED:c-1,f-1,i0, conf=-1: [8a63e1ae-032e-4bed-9f20-125a11f65413:0.0.0.0:38685, 8f18dce1-0a3d-4b65-9c78-af3d58b2da7f:0.0.0.0:42489, 7b1e61a0-7daf-43dd-99d5-9b325c1d31ae:0.0.0.0:38412], old=null
2019-10-20 17:41:03,303 [8f18dce1-0a3d-4b65-9c78-af3d58b2da7f@group-091950D56227-LeaderElection453] INFO  impl.RaftServerImpl (RaftServerImpl.java:setRole(184)) - 8f18dce1-0a3d-4b65-9c78-af3d58b2da7f@group-091950D56227: changes role from CANDIDATE to FOLLOWER at term 536 for DISCOVERED_A_NEW_TERM
2019-10-20 17:41:03,303 [8f18dce1-0a3d-4b65-9c78-af3d58b2da7f@group-091950D56227-LeaderElection453] INFO  impl.RoleInfo (RoleInfo.java:shutdownLeaderElection(134)) - 8f18dce1-0a3d-4b65-9c78-af3d58b2da7f: shutdown LeaderElection
2019-10-20 17:41:03,303 [8f18dce1-0a3d-4b65-9c78-af3d58b2da7f@group-091950D56227-LeaderElection453] INFO  impl.RoleInfo (RoleInfo.java:updateAndGet(143)) - 8f18dce1-0a3d-4b65-9c78-af3d58b2da7f: start FollowerState
2019-10-20 17:41:03,327 [Thread-3235] INFO  impl.FollowerState (FollowerState.java:run(108)) - 8f18dce1-0a3d-4b65-9c78-af3d58b2da7f@group-091950D56227-FollowerState: change to CANDIDATE, lastRpcTime:23ms, electionTimeout:23ms
2019-10-20 17:41:03,327 [Thread-3235] INFO  impl.RoleInfo (RoleInfo.java:shutdownFollowerState(121)) - 8f18dce1-0a3d-4b65-9c78-af3d58b2da7f: shutdown FollowerState
2019-10-20 17:41:03,327 [Thread-3235] INFO  impl.RaftServerImpl (RaftServerImpl.java:setRole(184)) - 8f18dce1-0a3d-4b65-9c78-af3d58b2da7f@group-091950D56227: changes role from  FOLLOWER to CANDIDATE at term 536 for changeToCandidate
2019-10-20 17:41:03,327 [Thread-3235] INFO  impl.RoleInfo (RoleInfo.java:updateAndGet(143)) - 8f18dce1-0a3d-4b65-9c78-af3d58b2da7f: start LeaderElection
2019-10-20 17:41:03,350 [8f18dce1-0a3d-4b65-9c78-af3d58b2da7f@group-091950D56227-LeaderElection454] INFO  impl.LeaderElection (LeaderElection.java:askForVotes(178)) - 8f18dce1-0a3d-4b65-9c78-af3d58b2da7f@group-091950D56227-LeaderElection454: begin an election at term 537 for -1: [8a63e1ae-032e-4bed-9f20-125a11f65413:0.0.0.0:38685, 8f18dce1-0a3d-4b65-9c78-af3d58b2da7f:0.0.0.0:42489, 7b1e61a0-7daf-43dd-99d5-9b325c1d31ae:0.0.0.0:38412], old=null
2019-10-20 17:41:03,351 [grpc-default-executor-1] INFO  impl.RaftServerImpl (RaftServerImpl.java:setRole(184)) - 8a63e1ae-032e-4bed-9f20-125a11f65413@group-091950D56227: changes role from  FOLLOWER to FOLLOWER at term 537 for recognizeCandidate:8f18dce1-0a3d-4b65-9c78-af3d58b2da7f
2019-10-20 17:41:03,351 [grpc-default-executor-1] INFO  impl.RoleInfo (RoleInfo.java:shutdownFollowerState(121)) - 8a63e1ae-032e-4bed-9f20-125a11f65413: shutdown FollowerState
2019-10-20 17:41:03,352 [grpc-default-executor-1] INFO  impl.RoleInfo (RoleInfo.java:updateAndGet(143)) - 8a63e1ae-032e-4bed-9f20-125a11f65413: start FollowerState
2019-10-20 17:41:03,352 [Thread-3234] INFO  impl.FollowerState (FollowerState.java:run(117)) - 8a63e1ae-032e-4bed-9f20-125a11f65413@group-091950D56227-FollowerState was interrupted: java.lang.InterruptedException: sleep interrupted
2019-10-20 17:41:03,352 [grpc-default-executor-3] INFO  impl.RaftServerImpl (RaftServerImpl.java:setRole(184)) - 7b1e61a0-7daf-43dd-99d5-9b325c1d31ae@group-091950D56227: changes role from  FOLLOWER to FOLLOWER at term 537 for recognizeCandidate:8f18dce1-0a3d-4b65-9c78-af3d58b2da7f
2019-10-20 17:41:03,352 [grpc-default-executor-3] INFO  impl.RoleInfo (RoleInfo.java:shutdownFollowerState(121)) - 7b1e61a0-7daf-43dd-99d5-9b325c1d31ae: shutdown FollowerState
2019-10-20 17:41:03,352 [grpc-default-executor-3] INFO  impl.RoleInfo (RoleInfo.java:updateAndGet(143)) - 7b1e61a0-7daf-43dd-99d5-9b325c1d31ae: start FollowerState
2019-10-20 17:41:03,352 [Thread-3233] INFO  impl.FollowerState (FollowerState.java:run(117)) - 7b1e61a0-7daf-43dd-99d5-9b325c1d31ae@group-091950D56227-FollowerState was interrupted: java.lang.InterruptedException: sleep interrupted
2019-10-20 17:41:03,375 [8f18dce1-0a3d-4b65-9c78-af3d58b2da7f@group-091950D56227-LeaderElection454] INFO  impl.LeaderElection (LeaderElection.java:logAndReturn(56)) - 8f18dce1-0a3d-4b65-9c78-af3d58b2da7f@group-091950D56227-LeaderElection454: Election REJECTED; received 2 response(s) [8f18dce1-0a3d-4b65-9c78-af3d58b2da7f<-8a63e1ae-032e-4bed-9f20-125a11f65413#0:FAIL-t537, 8f18dce1-0a3d-4b65-9c78-af3d58b2da7f<-7b1e61a0-7daf-43dd-99d5-9b325c1d31ae#0:FAIL-t537] and 0 exception(s); 8f18dce1-0a3d-4b65-9c78-af3d58b2da7f@group-091950D56227:t537, leader=null, voted=8f18dce1-0a3d-4b65-9c78-af3d58b2da7f, raftlog=8f18dce1-0a3d-4b65-9c78-af3d58b2da7f@group-091950D56227-SegmentedRaftLog:OPENED:c-1,f-1,i0, conf=-1: [8a63e1ae-032e-4bed-9f20-125a11f65413:0.0.0.0:38685, 8f18dce1-0a3d-4b65-9c78-af3d58b2da7f:0.0.0.0:42489, 7b1e61a0-7daf-43dd-99d5-9b325c1d31ae:0.0.0.0:38412], old=null
2019-10-20 17:41:03,375 [8f18dce1-0a3d-4b65-9c78-af3d58b2da7f@group-091950D56227-LeaderElection454] INFO  impl.RaftServerImpl (RaftServerImpl.java:setRole(184)) - 8f18dce1-0a3d-4b65-9c78-af3d58b2da7f@group-091950D56227: changes role from CANDIDATE to FOLLOWER at term 537 for DISCOVERED_A_NEW_TERM
2019-10-20 17:41:03,375 [8f18dce1-0a3d-4b65-9c78-af3d58b2da7f@group-091950D56227-LeaderElection454] INFO  impl.RoleInfo (RoleInfo.java:shutdownLeaderElection(134)) - 8f18dce1-0a3d-4b65-9c78-af3d58b2da7f: shutdown LeaderElection
2019-10-20 17:41:03,375 [8f18dce1-0a3d-4b65-9c78-af3d58b2da7f@group-091950D56227-LeaderElection454] INFO  impl.RoleInfo (RoleInfo.java:updateAndGet(143)) - 8f18dce1-0a3d-4b65-9c78-af3d58b2da7f: start FollowerState
2019-10-20 17:41:03,471 [Thread-3241] INFO  impl.FollowerState (FollowerState.java:run(108)) - 8f18dce1-0a3d-4b65-9c78-af3d58b2da7f@group-091950D56227-FollowerState: change to CANDIDATE, lastRpcTime:95ms, electionTimeout:95ms
2019-10-20 17:41:03,471 [Thread-3241] INFO  impl.RoleInfo (RoleInfo.java:shutdownFollowerState(121)) - 8f18dce1-0a3d-4b65-9c78-af3d58b2da7f: shutdown FollowerState
2019-10-20 17:41:03,471 [Thread-3241] INFO  impl.RaftServerImpl (RaftServerImpl.java:setRole(184)) - 8f18dce1-0a3d-4b65-9c78-af3d58b2da7f@group-091950D56227: changes role from  FOLLOWER to CANDIDATE at term 537 for changeToCandidate
2019-10-20 17:41:03,471 [Thread-3241] INFO  impl.RoleInfo (RoleInfo.java:updateAndGet(143)) - 8f18dce1-0a3d-4b65-9c78-af3d58b2da7f: start LeaderElection
2019-10-20 17:41:03,495 [8f18dce1-0a3d-4b65-9c78-af3d58b2da7f@group-091950D56227-LeaderElection455] INFO  impl.LeaderElection (LeaderElection.java:askForVotes(178)) - 8f18dce1-0a3d-4b65-9c78-af3d58b2da7f@group-091950D56227-LeaderElection455: begin an election at term 538 for -1: [8a63e1ae-032e-4bed-9f20-125a11f65413:0.0.0.0:38685, 8f18dce1-0a3d-4b65-9c78-af3d58b2da7f:0.0.0.0:42489, 7b1e61a0-7daf-43dd-99d5-9b325c1d31ae:0.0.0.0:38412], old=null
2019-10-20 17:41:03,497 [grpc-default-executor-1] INFO  impl.RaftServerImpl (RaftServerImpl.java:setRole(184)) - 8a63e1ae-032e-4bed-9f20-125a11f65413@group-091950D56227: changes role from  FOLLOWER to FOLLOWER at term 538 for recognizeCandidate:8f18dce1-0a3d-4b65-9c78-af3d58b2da7f
2019-10-20 17:41:03,497 [grpc-default-executor-3] INFO  impl.RaftServerImpl (RaftServerImpl.java:setRole(184)) - 7b1e61a0-7daf-43dd-99d5-9b325c1d31ae@group-091950D56227: changes role from  FOLLOWER to FOLLOWER at term 538 for recognizeCandidate:8f18dce1-0a3d-4b65-9c78-af3d58b2da7f
2019-10-20 17:41:03,497 [grpc-default-executor-3] INFO  impl.RoleInfo (RoleInfo.java:shutdownFollowerState(121)) - 7b1e61a0-7daf-43dd-99d5-9b325c1d31ae: shutdown FollowerState
2019-10-20 17:41:03,497 [grpc-default-executor-3] INFO  impl.RoleInfo (RoleInfo.java:updateAndGet(143)) - 7b1e61a0-7daf-43dd-99d5-9b325c1d31ae: start FollowerState
2019-10-20 17:41:03,497 [grpc-default-executor-1] INFO  impl.RoleInfo (RoleInfo.java:shutdownFollowerState(121)) - 8a63e1ae-032e-4bed-9f20-125a11f65413: shutdown FollowerState
2019-10-20 17:41:03,497 [Thread-3240] INFO  impl.FollowerState (FollowerState.java:run(117)) - 7b1e61a0-7daf-43dd-99d5-9b325c1d31ae@group-091950D56227-FollowerState was interrupted: java.lang.InterruptedException: sleep interrupted
2019-10-20 17:41:03,498 [Thread-3239] INFO  impl.FollowerState (FollowerState.java:run(117)) - 8a63e1ae-032e-4bed-9f20-125a11f65413@group-091950D56227-FollowerState was interrupted: java.lang.InterruptedException: sleep interrupted
2019-10-20 17:41:03,498 [grpc-default-executor-1] INFO  impl.RoleInfo (RoleInfo.java:updateAndGet(143)) - 8a63e1ae-032e-4bed-9f20-125a11f65413: start FollowerState
2019-10-20 17:41:03,513 [8f18dce1-0a3d-4b65-9c78-af3d58b2da7f@group-091950D56227-LeaderElection455] INFO  impl.LeaderElection (LeaderElection.java:logAndReturn(56)) - 8f18dce1-0a3d-4b65-9c78-af3d58b2da7f@group-091950D56227-LeaderElection455: Election REJECTED; received 2 response(s) [8f18dce1-0a3d-4b65-9c78-af3d58b2da7f<-8a63e1ae-032e-4bed-9f20-125a11f65413#0:FAIL-t538, 8f18dce1-0a3d-4b65-9c78-af3d58b2da7f<-7b1e61a0-7daf-43dd-99d5-9b325c1d31ae#0:FAIL-t538] and 0 exception(s); 8f18dce1-0a3d-4b65-9c78-af3d58b2da7f@group-091950D56227:t538, leader=null, voted=8f18dce1-0a3d-4b65-9c78-af3d58b2da7f, raftlog=8f18dce1-0a3d-4b65-9c78-af3d58b2da7f@group-091950D56227-SegmentedRaftLog:OPENED:c-1,f-1,i0, conf=-1: [8a63e1ae-032e-4bed-9f20-125a11f65413:0.0.0.0:38685, 8f18dce1-0a3d-4b65-9c78-af3d58b2da7f:0.0.0.0:42489, 7b1e61a0-7daf-43dd-99d5-9b325c1d31ae:0.0.0.0:38412], old=null
2019-10-20 17:41:03,514 [8f18dce1-0a3d-4b65-9c78-af3d58b2da7f@group-091950D56227-LeaderElection455] INFO  impl.RaftServerImpl (RaftServerImpl.java:setRole(184)) - 8f18dce1-0a3d-4b65-9c78-af3d58b2da7f@group-091950D56227: changes role from CANDIDATE to FOLLOWER at term 538 for DISCOVERED_A_NEW_TERM
2019-10-20 17:41:03,514 [8f18dce1-0a3d-4b65-9c78-af3d58b2da7f@group-091950D56227-LeaderElection455] INFO  impl.RoleInfo (RoleInfo.java:shutdownLeaderElection(134)) - 8f18dce1-0a3d-4b65-9c78-af3d58b2da7f: shutdown LeaderElection
2019-10-20 17:41:03,514 [8f18dce1-0a3d-4b65-9c78-af3d58b2da7f@group-091950D56227-LeaderElection455] INFO  impl.RoleInfo (RoleInfo.java:updateAndGet(143)) - 8f18dce1-0a3d-4b65-9c78-af3d58b2da7f: start FollowerState
2019-10-20 17:41:03,671 [Thread-3249] INFO  impl.FollowerState (FollowerState.java:run(108)) - 8f18dce1-0a3d-4b65-9c78-af3d58b2da7f@group-091950D56227-FollowerState: change to CANDIDATE, lastRpcTime:157ms, electionTimeout:157ms
2019-10-20 17:41:03,671 [Thread-3249] INFO  impl.RoleInfo (RoleInfo.java:shutdownFollowerState(121)) - 8f18dce1-0a3d-4b65-9c78-af3d58b2da7f: shutdown FollowerState
2019-10-20 17:41:03,672 [Thread-3249] INFO  impl.RaftServerImpl (RaftServerImpl.java:setRole(184)) - 8f18dce1-0a3d-4b65-9c78-af3d58b2da7f@group-091950D56227: changes role from  FOLLOWER to CANDIDATE at term 538 for changeToCandidate
2019-10-20 17:41:03,672 [Thread-3249] INFO  impl.RoleInfo (RoleInfo.java:updateAndGet(143)) - 8f18dce1-0a3d-4b65-9c78-af3d58b2da7f: start LeaderElection
2019-10-20 17:41:03,697 [8f18dce1-0a3d-4b65-9c78-af3d58b2da7f@group-091950D56227-LeaderElection456] INFO  impl.LeaderElection (LeaderElection.java:askForVotes(178)) - 8f18dce1-0a3d-4b65-9c78-af3d58b2da7f@group-091950D56227-LeaderElection456: begin an election at term 539 for -1: [8a63e1ae-032e-4bed-9f20-125a11f65413:0.0.0.0:38685, 8f18dce1-0a3d-4b65-9c78-af3d58b2da7f:0.0.0.0:42489, 7b1e61a0-7daf-43dd-99d5-9b325c1d31ae:0.0.0.0:38412], old=null
2019-10-20 17:41:03,699 [grpc-default-executor-3] INFO  impl.RaftServerImpl (RaftServerImpl.java:setRole(184)) - 8a63e1ae-032e-4bed-9f20-125a11f65413@group-091950D56227: changes role from  FOLLOWER to FOLLOWER at term 539 for recognizeCandidate:8f18dce1-0a3d-4b65-9c78-af3d58b2da7f
2019-10-20 17:41:03,699 [grpc-default-executor-3] INFO  impl.RoleInfo (RoleInfo.java:shutdownFollowerState(121)) - 8a63e1ae-032e-4bed-9f20-125a11f65413: shutdown FollowerState
2019-10-20 17:41:03,699 [grpc-default-executor-3] INFO  impl.RoleInfo (RoleInfo.java:updateAndGet(143)) - 8a63e1ae-032e-4bed-9f20-125a11f65413: start FollowerState
2019-10-20 17:41:03,699 [grpc-default-executor-1] INFO  impl.RaftServerImpl (RaftServerImpl.java:setRole(184)) - 7b1e61a0-7daf-43dd-99d5-9b325c1d31ae@group-091950D56227: changes role from  FOLLOWER to FOLLOWER at term 539 for recognizeCandidate:8f18dce1-0a3d-4b65-9c78-af3d58b2da7f
2019-10-20 17:41:03,699 [grpc-default-executor-1] INFO  impl.RoleInfo (RoleInfo.java:shutdownFollowerState(121)) - 7b1e61a0-7daf-43dd-99d5-9b325c1d31ae: shutdown FollowerState
2019-10-20 17:41:03,699 [Thread-3248] INFO  impl.FollowerState (FollowerState.java:run(117)) - 8a63e1ae-032e-4bed-9f20-125a11f65413@group-091950D56227-FollowerState was interrupted: java.lang.InterruptedException: sleep interrupted
2019-10-20 17:41:03,700 [Thread-3247] INFO  impl.FollowerState (FollowerState.java:run(117)) - 7b1e61a0-7daf-43dd-99d5-9b325c1d31ae@group-091950D56227-FollowerState was interrupted: java.lang.InterruptedException: sleep interrupted
2019-10-20 17:41:03,700 [grpc-default-executor-1] INFO  impl.RoleInfo (RoleInfo.java:updateAndGet(143)) - 7b1e61a0-7daf-43dd-99d5-9b325c1d31ae: start FollowerState
2019-10-20 17:41:03,723 [8f18dce1-0a3d-4b65-9c78-af3d58b2da7f@group-091950D56227-LeaderElection456] INFO  impl.LeaderElection (LeaderElection.java:logAndReturn(56)) - 8f18dce1-0a3d-4b65-9c78-af3d58b2da7f@group-091950D56227-LeaderElection456: Election REJECTED; received 2 response(s) [8f18dce1-0a3d-4b65-9c78-af3d58b2da7f<-8a63e1ae-032e-4bed-9f20-125a11f65413#0:FAIL-t539, 8f18dce1-0a3d-4b65-9c78-af3d58b2da7f<-7b1e61a0-7daf-43dd-99d5-9b325c1d31ae#0:FAIL-t539] and 0 exception(s); 8f18dce1-0a3d-4b65-9c78-af3d58b2da7f@group-091950D56227:t539, leader=null, voted=8f18dce1-0a3d-4b65-9c78-af3d58b2da7f, raftlog=8f18dce1-0a3d-4b65-9c78-af3d58b2da7f@group-091950D56227-SegmentedRaftLog:OPENED:c-1,f-1,i0, conf=-1: [8a63e1ae-032e-4bed-9f20-125a11f65413:0.0.0.0:38685, 8f18dce1-0a3d-4b65-9c78-af3d58b2da7f:0.0.0.0:42489, 7b1e61a0-7daf-43dd-99d5-9b325c1d31ae:0.0.0.0:38412], old=null
2019-10-20 17:41:03,723 [8f18dce1-0a3d-4b65-9c78-af3d58b2da7f@group-091950D56227-LeaderElection456] INFO  impl.RaftServerImpl (RaftServerImpl.java:setRole(184)) - 8f18dce1-0a3d-4b65-9c78-af3d58b2da7f@group-091950D56227: changes role from CANDIDATE to FOLLOWER at term 539 for DISCOVERED_A_NEW_TERM
2019-10-20 17:41:03,723 [8f18dce1-0a3d-4b65-9c78-af3d58b2da7f@group-091950D56227-LeaderElection456] INFO  impl.RoleInfo (RoleInfo.java:shutdownLeaderElection(134)) - 8f18dce1-0a3d-4b65-9c78-af3d58b2da7f: shutdown LeaderElection
2019-10-20 17:41:03,724 [8f18dce1-0a3d-4b65-9c78-af3d58b2da7f@group-091950D56227-LeaderElection456] INFO  impl.RoleInfo (RoleInfo.java:updateAndGet(143)) - 8f18dce1-0a3d-4b65-9c78-af3d58b2da7f: start FollowerState
2019-10-20 17:41:03,771 [Thread-3255] INFO  impl.FollowerState (FollowerState.java:run(108)) - 8f18dce1-0a3d-4b65-9c78-af3d58b2da7f@group-091950D56227-FollowerState: change to CANDIDATE, lastRpcTime:47ms, electionTimeout:47ms
2019-10-20 17:41:03,771 [Thread-3255] INFO  impl.RoleInfo (RoleInfo.java:shutdownFollowerState(121)) - 8f18dce1-0a3d-4b65-9c78-af3d58b2da7f: shutdown FollowerState
2019-10-20 17:41:03,771 [Thread-3255] INFO  impl.RaftServerImpl (RaftServerImpl.java:setRole(184)) - 8f18dce1-0a3d-4b65-9c78-af3d58b2da7f@group-091950D56227: changes role from  FOLLOWER to CANDIDATE at term 539 for changeToCandidate
2019-10-20 17:41:03,771 [Thread-3255] INFO  impl.RoleInfo (RoleInfo.java:updateAndGet(143)) - 8f18dce1-0a3d-4b65-9c78-af3d58b2da7f: start LeaderElection
2019-10-20 17:41:03,796 [8f18dce1-0a3d-4b65-9c78-af3d58b2da7f@group-091950D56227-LeaderElection457] INFO  impl.LeaderElection (LeaderElection.java:askForVotes(178)) - 8f18dce1-0a3d-4b65-9c78-af3d58b2da7f@group-091950D56227-LeaderElection457: begin an election at term 540 for -1: [8a63e1ae-032e-4bed-9f20-125a11f65413:0.0.0.0:38685, 8f18dce1-0a3d-4b65-9c78-af3d58b2da7f:0.0.0.0:42489, 7b1e61a0-7daf-43dd-99d5-9b325c1d31ae:0.0.0.0:38412], old=null
2019-10-20 17:41:03,798 [grpc-default-executor-1] INFO  impl.RaftServerImpl (RaftServerImpl.java:setRole(184)) - 7b1e61a0-7daf-43dd-99d5-9b325c1d31ae@group-091950D56227: changes role from  FOLLOWER to FOLLOWER at term 540 for recognizeCandidate:8f18dce1-0a3d-4b65-9c78-af3d58b2da7f
2019-10-20 17:41:03,798 [grpc-default-executor-1] INFO  impl.RoleInfo (RoleInfo.java:shutdownFollowerState(121)) - 7b1e61a0-7daf-43dd-99d5-9b325c1d31ae: shutdown FollowerState
2019-10-20 17:41:03,798 [grpc-default-executor-3] INFO  impl.RaftServerImpl (RaftServerImpl.java:setRole(184)) - 8a63e1ae-032e-4bed-9f20-125a11f65413@group-091950D56227: changes role from  FOLLOWER to FOLLOWER at term 540 for recognizeCandidate:8f18dce1-0a3d-4b65-9c78-af3d58b2da7f
2019-10-20 17:41:03,799 [grpc-default-executor-3] INFO  impl.RoleInfo (RoleInfo.java:shutdownFollowerState(121)) - 8a63e1ae-032e-4bed-9f20-125a11f65413: shutdown FollowerState
2019-10-20 17:41:03,799 [grpc-default-executor-3] INFO  impl.RoleInfo (RoleInfo.java:updateAndGet(143)) - 8a63e1ae-032e-4bed-9f20-125a11f65413: start FollowerState
2019-10-20 17:41:03,798 [Thread-3254] INFO  impl.FollowerState (FollowerState.java:run(117)) - 7b1e61a0-7daf-43dd-99d5-9b325c1d31ae@group-091950D56227-FollowerState was interrupted: java.lang.InterruptedException: sleep interrupted
2019-10-20 17:41:03,798 [grpc-default-executor-1] INFO  impl.RoleInfo (RoleInfo.java:updateAndGet(143)) - 7b1e61a0-7daf-43dd-99d5-9b325c1d31ae: start FollowerState
2019-10-20 17:41:03,799 [Thread-3253] INFO  impl.FollowerState (FollowerState.java:run(117)) - 8a63e1ae-032e-4bed-9f20-125a11f65413@group-091950D56227-FollowerState was interrupted: java.lang.InterruptedException: sleep interrupted
2019-10-20 17:41:03,841 [8f18dce1-0a3d-4b65-9c78-af3d58b2da7f@group-091950D56227-LeaderElection457] INFO  impl.LeaderElection (LeaderElection.java:logAndReturn(56)) - 8f18dce1-0a3d-4b65-9c78-af3d58b2da7f@group-091950D56227-LeaderElection457: Election REJECTED; received 2 response(s) [8f18dce1-0a3d-4b65-9c78-af3d58b2da7f<-8a63e1ae-032e-4bed-9f20-125a11f65413#0:FAIL-t540, 8f18dce1-0a3d-4b65-9c78-af3d58b2da7f<-7b1e61a0-7daf-43dd-99d5-9b325c1d31ae#0:FAIL-t540] and 0 exception(s); 8f18dce1-0a3d-4b65-9c78-af3d58b2da7f@group-091950D56227:t540, leader=null, voted=8f18dce1-0a3d-4b65-9c78-af3d58b2da7f, raftlog=8f18dce1-0a3d-4b65-9c78-af3d58b2da7f@group-091950D56227-SegmentedRaftLog:OPENED:c-1,f-1,i0, conf=-1: [8a63e1ae-032e-4bed-9f20-125a11f65413:0.0.0.0:38685, 8f18dce1-0a3d-4b65-9c78-af3d58b2da7f:0.0.0.0:42489, 7b1e61a0-7daf-43dd-99d5-9b325c1d31ae:0.0.0.0:38412], old=null
2019-10-20 17:41:03,842 [8f18dce1-0a3d-4b65-9c78-af3d58b2da7f@group-091950D56227-LeaderElection457] INFO  impl.RaftServerImpl (RaftServerImpl.java:setRole(184)) - 8f18dce1-0a3d-4b65-9c78-af3d58b2da7f@group-091950D56227: changes role from CANDIDATE to FOLLOWER at term 540 for DISCOVERED_A_NEW_TERM
2019-10-20 17:41:03,842 [8f18dce1-0a3d-4b65-9c78-af3d58b2da7f@group-091950D56227-LeaderElection457] INFO  impl.RoleInfo (RoleInfo.java:shutdownLeaderElection(134)) - 8f18dce1-0a3d-4b65-9c78-af3d58b2da7f: shutdown LeaderElection
2019-10-20 17:41:03,842 [8f18dce1-0a3d-4b65-9c78-af3d58b2da7f@group-091950D56227-LeaderElection457] INFO  impl.RoleInfo (RoleInfo.java:updateAndGet(143)) - 8f18dce1-0a3d-4b65-9c78-af3d58b2da7f: start FollowerState
2019-10-20 17:41:03,866 [Thread-3261] INFO  impl.FollowerState (FollowerState.java:run(108)) - 8f18dce1-0a3d-4b65-9c78-af3d58b2da7f@group-091950D56227-FollowerState: change to CANDIDATE, lastRpcTime:24ms, electionTimeout:24ms
2019-10-20 17:41:03,866 [Thread-3261] INFO  impl.RoleInfo (RoleInfo.java:shutdownFollowerState(121)) - 8f18dce1-0a3d-4b65-9c78-af3d58b2da7f: shutdown FollowerState
2019-10-20 17:41:03,867 [Thread-3261] INFO  impl.RaftServerImpl (RaftServerImpl.java:setRole(184)) - 8f18dce1-0a3d-4b65-9c78-af3d58b2da7f@group-091950D56227: changes role from  FOLLOWER to CANDIDATE at term 540 for changeToCandidate
2019-10-20 17:41:03,867 [Thread-3261] INFO  impl.RoleInfo (RoleInfo.java:updateAndGet(143)) - 8f18dce1-0a3d-4b65-9c78-af3d58b2da7f: start LeaderElection
2019-10-20 17:41:03,891 [8f18dce1-0a3d-4b65-9c78-af3d58b2da7f@group-091950D56227-LeaderElection458] INFO  impl.LeaderElection (LeaderElection.java:askForVotes(178)) - 8f18dce1-0a3d-4b65-9c78-af3d58b2da7f@group-091950D56227-LeaderElection458: begin an election at term 541 for -1: [8a63e1ae-032e-4bed-9f20-125a11f65413:0.0.0.0:38685, 8f18dce1-0a3d-4b65-9c78-af3d58b2da7f:0.0.0.0:42489, 7b1e61a0-7daf-43dd-99d5-9b325c1d31ae:0.0.0.0:38412], old=null
2019-10-20 17:41:03,893 [grpc-default-executor-3] INFO  impl.RaftServerImpl (RaftServerImpl.java:setRole(184)) - 8a63e1ae-032e-4bed-9f20-125a11f65413@group-091950D56227: changes role from  FOLLOWER to FOLLOWER at term 541 for recognizeCandidate:8f18dce1-0a3d-4b65-9c78-af3d58b2da7f
2019-10-20 17:41:03,893 [grpc-default-executor-1] INFO  impl.RaftServerImpl (RaftServerImpl.java:setRole(184)) - 7b1e61a0-7daf-43dd-99d5-9b325c1d31ae@group-091950D56227: changes role from  FOLLOWER to FOLLOWER at term 541 for recognizeCandidate:8f18dce1-0a3d-4b65-9c78-af3d58b2da7f
2019-10-20 17:41:03,893 [grpc-default-executor-1] INFO  impl.RoleInfo (RoleInfo.java:shutdownFollowerState(121)) - 7b1e61a0-7daf-43dd-99d5-9b325c1d31ae: shutdown FollowerState
2019-10-20 17:41:03,893 [grpc-default-executor-3] INFO  impl.RoleInfo (RoleInfo.java:shutdownFollowerState(121)) - 8a63e1ae-032e-4bed-9f20-125a11f65413: shutdown FollowerState
2019-10-20 17:41:03,893 [Thread-3259] INFO  impl.FollowerState (FollowerState.java:run(117)) - 7b1e61a0-7daf-43dd-99d5-9b325c1d31ae@group-091950D56227-FollowerState was interrupted: java.lang.InterruptedException: sleep interrupted
2019-10-20 17:41:03,893 [grpc-default-executor-1] INFO  impl.RoleInfo (RoleInfo.java:updateAndGet(143)) - 7b1e61a0-7daf-43dd-99d5-9b325c1d31ae: start FollowerState
2019-10-20 17:41:03,894 [Thread-3260] INFO  impl.FollowerState (FollowerState.java:run(117)) - 8a63e1ae-032e-4bed-9f20-125a11f65413@group-091950D56227-FollowerState was interrupted: java.lang.InterruptedException: sleep interrupted
2019-10-20 17:41:03,894 [grpc-default-executor-3] INFO  impl.RoleInfo (RoleInfo.java:updateAndGet(143)) - 8a63e1ae-032e-4bed-9f20-125a11f65413: start FollowerState
2019-10-20 17:41:03,918 [8f18dce1-0a3d-4b65-9c78-af3d58b2da7f@group-091950D56227-LeaderElection458] INFO  impl.LeaderElection (LeaderElection.java:logAndReturn(56)) - 8f18dce1-0a3d-4b65-9c78-af3d58b2da7f@group-091950D56227-LeaderElection458: Election REJECTED; received 2 response(s) [8f18dce1-0a3d-4b65-9c78-af3d58b2da7f<-8a63e1ae-032e-4bed-9f20-125a11f65413#0:FAIL-t541, 8f18dce1-0a3d-4b65-9c78-af3d58b2da7f<-7b1e61a0-7daf-43dd-99d5-9b325c1d31ae#0:FAIL-t541] and 0 exception(s); 8f18dce1-0a3d-4b65-9c78-af3d58b2da7f@group-091950D56227:t541, leader=null, voted=8f18dce1-0a3d-4b65-9c78-af3d58b2da7f, raftlog=8f18dce1-0a3d-4b65-9c78-af3d58b2da7f@group-091950D56227-SegmentedRaftLog:OPENED:c-1,f-1,i0, conf=-1: [8a63e1ae-032e-4bed-9f20-125a11f65413:0.0.0.0:38685, 8f18dce1-0a3d-4b65-9c78-af3d58b2da7f:0.0.0.0:42489, 7b1e61a0-7daf-43dd-99d5-9b325c1d31ae:0.0.0.0:38412], old=null
2019-10-20 17:41:03,918 [8f18dce1-0a3d-4b65-9c78-af3d58b2da7f@group-091950D56227-LeaderElection458] INFO  impl.RaftServerImpl (RaftServerImpl.java:setRole(184)) - 8f18dce1-0a3d-4b65-9c78-af3d58b2da7f@group-091950D56227: changes role from CANDIDATE to FOLLOWER at term 541 for DISCOVERED_A_NEW_TERM
2019-10-20 17:41:03,918 [8f18dce1-0a3d-4b65-9c78-af3d58b2da7f@group-091950D56227-LeaderElection458] INFO  impl.RoleInfo (RoleInfo.java:shutdownLeaderElection(134)) - 8f18dce1-0a3d-4b65-9c78-af3d58b2da7f: shutdown LeaderElection
2019-10-20 17:41:03,918 [8f18dce1-0a3d-4b65-9c78-af3d58b2da7f@group-091950D56227-LeaderElection458] INFO  impl.RoleInfo (RoleInfo.java:updateAndGet(143)) - 8f18dce1-0a3d-4b65-9c78-af3d58b2da7f: start FollowerState
2019-10-20 17:41:04,011 [Thread-3267] INFO  impl.FollowerState (FollowerState.java:run(108)) - 8f18dce1-0a3d-4b65-9c78-af3d58b2da7f@group-091950D56227-FollowerState: change to CANDIDATE, lastRpcTime:93ms, electionTimeout:93ms
2019-10-20 17:41:04,012 [Thread-3267] INFO  impl.RoleInfo (RoleInfo.java:shutdownFollowerState(121)) - 8f18dce1-0a3d-4b65-9c78-af3d58b2da7f: shutdown FollowerState
2019-10-20 17:41:04,012 [Thread-3267] INFO  impl.RaftServerImpl (RaftServerImpl.java:setRole(184)) - 8f18dce1-0a3d-4b65-9c78-af3d58b2da7f@group-091950D56227: changes role from  FOLLOWER to CANDIDATE at term 541 for changeToCandidate
2019-10-20 17:41:04,012 [Thread-3267] INFO  impl.RoleInfo (RoleInfo.java:updateAndGet(143)) - 8f18dce1-0a3d-4b65-9c78-af3d58b2da7f: start LeaderElection
2019-10-20 17:41:04,042 [8f18dce1-0a3d-4b65-9c78-af3d58b2da7f@group-091950D56227-LeaderElection459] INFO  impl.LeaderElection (LeaderElection.java:askForVotes(178)) - 8f18dce1-0a3d-4b65-9c78-af3d58b2da7f@group-091950D56227-LeaderElection459: begin an election at term 542 for -1: [8a63e1ae-032e-4bed-9f20-125a11f65413:0.0.0.0:38685, 8f18dce1-0a3d-4b65-9c78-af3d58b2da7f:0.0.0.0:42489, 7b1e61a0-7daf-43dd-99d5-9b325c1d31ae:0.0.0.0:38412], old=null
2019-10-20 17:41:04,044 [grpc-default-executor-1] INFO  impl.RaftServerImpl (RaftServerImpl.java:setRole(184)) - 8a63e1ae-032e-4bed-9f20-125a11f65413@group-091950D56227: changes role from  FOLLOWER to FOLLOWER at term 542 for recognizeCandidate:8f18dce1-0a3d-4b65-9c78-af3d58b2da7f
2019-10-20 17:41:04,044 [grpc-default-executor-1] INFO  impl.RoleInfo (RoleInfo.java:shutdownFollowerState(121)) - 8a63e1ae-032e-4bed-9f20-125a11f65413: shutdown FollowerState
2019-10-20 17:41:04,044 [grpc-default-executor-1] INFO  impl.RoleInfo (RoleInfo.java:updateAndGet(143)) - 8a63e1ae-032e-4bed-9f20-125a11f65413: start FollowerState
2019-10-20 17:41:04,044 [Thread-3266] INFO  impl.FollowerState (FollowerState.java:run(117)) - 8a63e1ae-032e-4bed-9f20-125a11f65413@group-091950D56227-FollowerState was interrupted: java.lang.InterruptedException: sleep interrupted
2019-10-20 17:41:04,044 [grpc-default-executor-3] INFO  impl.RaftServerImpl (RaftServerImpl.java:setRole(184)) - 7b1e61a0-7daf-43dd-99d5-9b325c1d31ae@group-091950D56227: changes role from  FOLLOWER to FOLLOWER at term 542 for recognizeCandidate:8f18dce1-0a3d-4b65-9c78-af3d58b2da7f
2019-10-20 17:41:04,045 [grpc-default-executor-3] INFO  impl.RoleInfo (RoleInfo.java:shutdownFollowerState(121)) - 7b1e61a0-7daf-43dd-99d5-9b325c1d31ae: shutdown FollowerState
2019-10-20 17:41:04,045 [grpc-default-executor-3] INFO  impl.RoleInfo (RoleInfo.java:updateAndGet(143)) - 7b1e61a0-7daf-43dd-99d5-9b325c1d31ae: start FollowerState
2019-10-20 17:41:04,045 [Thread-3265] INFO  impl.FollowerState (FollowerState.java:run(117)) - 7b1e61a0-7daf-43dd-99d5-9b325c1d31ae@group-091950D56227-FollowerState was interrupted: java.lang.InterruptedException: sleep interrupted
2019-10-20 17:41:04,068 [8f18dce1-0a3d-4b65-9c78-af3d58b2da7f@group-091950D56227-LeaderElection459] INFO  impl.LeaderElection (LeaderElection.java:logAndReturn(56)) - 8f18dce1-0a3d-4b65-9c78-af3d58b2da7f@group-091950D56227-LeaderElection459: Election REJECTED; received 2 response(s) [8f18dce1-0a3d-4b65-9c78-af3d58b2da7f<-8a63e1ae-032e-4bed-9f20-125a11f65413#0:FAIL-t542, 8f18dce1-0a3d-4b65-9c78-af3d58b2da7f<-7b1e61a0-7daf-43dd-99d5-9b325c1d31ae#0:FAIL-t542] and 0 exception(s); 8f18dce1-0a3d-4b65-9c78-af3d58b2da7f@group-091950D56227:t542, leader=null, voted=8f18dce1-0a3d-4b65-9c78-af3d58b2da7f, raftlog=8f18dce1-0a3d-4b65-9c78-af3d58b2da7f@group-091950D56227-SegmentedRaftLog:OPENED:c-1,f-1,i0, conf=-1: [8a63e1ae-032e-4bed-9f20-125a11f65413:0.0.0.0:38685, 8f18dce1-0a3d-4b65-9c78-af3d58b2da7f:0.0.0.0:42489, 7b1e61a0-7daf-43dd-99d5-9b325c1d31ae:0.0.0.0:38412], old=null
2019-10-20 17:41:04,068 [8f18dce1-0a3d-4b65-9c78-af3d58b2da7f@group-091950D56227-LeaderElection459] INFO  impl.RaftServerImpl (RaftServerImpl.java:setRole(184)) - 8f18dce1-0a3d-4b65-9c78-af3d58b2da7f@group-091950D56227: changes role from CANDIDATE to FOLLOWER at term 542 for DISCOVERED_A_NEW_TERM
2019-10-20 17:41:04,069 [8f18dce1-0a3d-4b65-9c78-af3d58b2da7f@group-091950D56227-LeaderElection459] INFO  impl.RoleInfo (RoleInfo.java:shutdownLeaderElection(134)) - 8f18dce1-0a3d-4b65-9c78-af3d58b2da7f: shutdown LeaderElection
2019-10-20 17:41:04,069 [8f18dce1-0a3d-4b65-9c78-af3d58b2da7f@group-091950D56227-LeaderElection459] INFO  impl.RoleInfo (RoleInfo.java:updateAndGet(143)) - 8f18dce1-0a3d-4b65-9c78-af3d58b2da7f: start FollowerState
2019-10-20 17:41:04,194 [Thread-3273] INFO  impl.FollowerState (FollowerState.java:run(108)) - 8f18dce1-0a3d-4b65-9c78-af3d58b2da7f@group-091950D56227-FollowerState: change to CANDIDATE, lastRpcTime:125ms, electionTimeout:125ms
2019-10-20 17:41:04,194 [Thread-3273] INFO  impl.RoleInfo (RoleInfo.java:shutdownFollowerState(121)) - 8f18dce1-0a3d-4b65-9c78-af3d58b2da7f: shutdown FollowerState
2019-10-20 17:41:04,194 [Thread-3273] INFO  impl.RaftServerImpl (RaftServerImpl.java:setRole(184)) - 8f18dce1-0a3d-4b65-9c78-af3d58b2da7f@group-091950D56227: changes role from  FOLLOWER to CANDIDATE at term 542 for changeToCandidate
2019-10-20 17:41:04,195 [Thread-3273] INFO  impl.RoleInfo (RoleInfo.java:updateAndGet(143)) - 8f18dce1-0a3d-4b65-9c78-af3d58b2da7f: start LeaderElection
2019-10-20 17:41:04,219 [8f18dce1-0a3d-4b65-9c78-af3d58b2da7f@group-091950D56227-LeaderElection460] INFO  impl.LeaderElection (LeaderElection.java:askForVotes(178)) - 8f18dce1-0a3d-4b65-9c78-af3d58b2da7f@group-091950D56227-LeaderElection460: begin an election at term 543 for -1: [8a63e1ae-032e-4bed-9f20-125a11f65413:0.0.0.0:38685, 8f18dce1-0a3d-4b65-9c78-af3d58b2da7f:0.0.0.0:42489, 7b1e61a0-7daf-43dd-99d5-9b325c1d31ae:0.0.0.0:38412], old=null
2019-10-20 17:41:04,220 [grpc-default-executor-1] INFO  impl.RaftServerImpl (RaftServerImpl.java:setRole(184)) - 7b1e61a0-7daf-43dd-99d5-9b325c1d31ae@group-091950D56227: changes role from  FOLLOWER to FOLLOWER at term 543 for recognizeCandidate:8f18dce1-0a3d-4b65-9c78-af3d58b2da7f
2019-10-20 17:41:04,220 [grpc-default-executor-1] INFO  impl.RoleInfo (RoleInfo.java:shutdownFollowerState(121)) - 7b1e61a0-7daf-43dd-99d5-9b325c1d31ae: shutdown FollowerState
2019-10-20 17:41:04,220 [grpc-default-executor-3] INFO  impl.RaftServerImpl (RaftServerImpl.java:setRole(184)) - 8a63e1ae-032e-4bed-9f20-125a11f65413@group-091950D56227: changes role from  FOLLOWER to FOLLOWER at term 543 for recognizeCandidate:8f18dce1-0a3d-4b65-9c78-af3d58b2da7f
2019-10-20 17:41:04,220 [Thread-3272] INFO  impl.FollowerState (FollowerState.java:run(117)) - 7b1e61a0-7daf-43dd-99d5-9b325c1d31ae@group-091950D56227-FollowerState was interrupted: java.lang.InterruptedException: sleep interrupted
2019-10-20 17:41:04,220 [grpc-default-executor-1] INFO  impl.RoleInfo (RoleInfo.java:updateAndGet(143)) - 7b1e61a0-7daf-43dd-99d5-9b325c1d31ae: start FollowerState
2019-10-20 17:41:04,221 [grpc-default-executor-3] INFO  impl.RoleInfo (RoleInfo.java:shutdownFollowerState(121)) - 8a63e1ae-032e-4bed-9f20-125a11f65413: shutdown FollowerState
2019-10-20 17:41:04,221 [grpc-default-executor-3] INFO  impl.RoleInfo (RoleInfo.java:updateAndGet(143)) - 8a63e1ae-032e-4bed-9f20-125a11f65413: start FollowerState
2019-10-20 17:41:04,221 [Thread-3271] INFO  impl.FollowerState (FollowerState.java:run(117)) - 8a63e1ae-032e-4bed-9f20-125a11f65413@group-091950D56227-FollowerState was interrupted: java.lang.InterruptedException: sleep interrupted
2019-10-20 17:41:04,245 [8f18dce1-0a3d-4b65-9c78-af3d58b2da7f@group-091950D56227-LeaderElection460] INFO  impl.LeaderElection (LeaderElection.java:logAndReturn(56)) - 8f18dce1-0a3d-4b65-9c78-af3d58b2da7f@group-091950D56227-LeaderElection460: Election REJECTED; received 2 response(s) [8f18dce1-0a3d-4b65-9c78-af3d58b2da7f<-8a63e1ae-032e-4bed-9f20-125a11f65413#0:FAIL-t543, 8f18dce1-0a3d-4b65-9c78-af3d58b2da7f<-7b1e61a0-7daf-43dd-99d5-9b325c1d31ae#0:FAIL-t543] and 0 exception(s); 8f18dce1-0a3d-4b65-9c78-af3d58b2da7f@group-091950D56227:t543, leader=null, voted=8f18dce1-0a3d-4b65-9c78-af3d58b2da7f, raftlog=8f18dce1-0a3d-4b65-9c78-af3d58b2da7f@group-091950D56227-SegmentedRaftLog:OPENED:c-1,f-1,i0, conf=-1: [8a63e1ae-032e-4bed-9f20-125a11f65413:0.0.0.0:38685, 8f18dce1-0a3d-4b65-9c78-af3d58b2da7f:0.0.0.0:42489, 7b1e61a0-7daf-43dd-99d5-9b325c1d31ae:0.0.0.0:38412], old=null
2019-10-20 17:41:04,245 [8f18dce1-0a3d-4b65-9c78-af3d58b2da7f@group-091950D56227-LeaderElection460] INFO  impl.RaftServerImpl (RaftServerImpl.java:setRole(184)) - 8f18dce1-0a3d-4b65-9c78-af3d58b2da7f@group-091950D56227: changes role from CANDIDATE to FOLLOWER at term 543 for DISCOVERED_A_NEW_TERM
2019-10-20 17:41:04,245 [8f18dce1-0a3d-4b65-9c78-af3d58b2da7f@group-091950D56227-LeaderElection460] INFO  impl.RoleInfo (RoleInfo.java:shutdownLeaderElection(134)) - 8f18dce1-0a3d-4b65-9c78-af3d58b2da7f: shutdown LeaderElection
2019-10-20 17:41:04,245 [8f18dce1-0a3d-4b65-9c78-af3d58b2da7f@group-091950D56227-LeaderElection460] INFO  impl.RoleInfo (RoleInfo.java:updateAndGet(143)) - 8f18dce1-0a3d-4b65-9c78-af3d58b2da7f: start FollowerState
2019-10-20 17:41:04,387 [Thread-3279] INFO  impl.FollowerState (FollowerState.java:run(108)) - 8f18dce1-0a3d-4b65-9c78-af3d58b2da7f@group-091950D56227-FollowerState: change to CANDIDATE, lastRpcTime:142ms, electionTimeout:142ms
2019-10-20 17:41:04,388 [Thread-3279] INFO  impl.RoleInfo (RoleInfo.java:shutdownFollowerState(121)) - 8f18dce1-0a3d-4b65-9c78-af3d58b2da7f: shutdown FollowerState
2019-10-20 17:41:04,388 [Thread-3279] INFO  impl.RaftServerImpl (RaftServerImpl.java:setRole(184)) - 8f18dce1-0a3d-4b65-9c78-af3d58b2da7f@group-091950D56227: changes role from  FOLLOWER to CANDIDATE at term 543 for changeToCandidate
2019-10-20 17:41:04,388 [Thread-3279] INFO  impl.RoleInfo (RoleInfo.java:updateAndGet(143)) - 8f18dce1-0a3d-4b65-9c78-af3d58b2da7f: start LeaderElection
2019-10-20 17:41:04,411 [8f18dce1-0a3d-4b65-9c78-af3d58b2da7f@group-091950D56227-LeaderElection461] INFO  impl.LeaderElection (LeaderElection.java:askForVotes(178)) - 8f18dce1-0a3d-4b65-9c78-af3d58b2da7f@group-091950D56227-LeaderElection461: begin an election at term 544 for -1: [8a63e1ae-032e-4bed-9f20-125a11f65413:0.0.0.0:38685, 8f18dce1-0a3d-4b65-9c78-af3d58b2da7f:0.0.0.0:42489, 7b1e61a0-7daf-43dd-99d5-9b325c1d31ae:0.0.0.0:38412], old=null
2019-10-20 17:41:04,413 [grpc-default-executor-1] INFO  impl.RaftServerImpl (RaftServerImpl.java:setRole(184)) - 8a63e1ae-032e-4bed-9f20-125a11f65413@group-091950D56227: changes role from  FOLLOWER to FOLLOWER at term 544 for recognizeCandidate:8f18dce1-0a3d-4b65-9c78-af3d58b2da7f
2019-10-20 17:41:04,413 [grpc-default-executor-1] INFO  impl.RoleInfo (RoleInfo.java:shutdownFollowerState(121)) - 8a63e1ae-032e-4bed-9f20-125a11f65413: shutdown FollowerState
2019-10-20 17:41:04,413 [grpc-default-executor-3] INFO  impl.RaftServerImpl (RaftServerImpl.java:setRole(184)) - 7b1e61a0-7daf-43dd-99d5-9b325c1d31ae@group-091950D56227: changes role from  FOLLOWER to FOLLOWER at term 544 for recognizeCandidate:8f18dce1-0a3d-4b65-9c78-af3d58b2da7f
2019-10-20 17:41:04,413 [grpc-default-executor-1] INFO  impl.RoleInfo (RoleInfo.java:updateAndGet(143)) - 8a63e1ae-032e-4bed-9f20-125a11f65413: start FollowerState
2019-10-20 17:41:04,413 [Thread-3278] INFO  impl.FollowerState (FollowerState.java:run(117)) - 8a63e1ae-032e-4bed-9f20-125a11f65413@group-091950D56227-FollowerState was interrupted: java.lang.InterruptedException: sleep interrupted
2019-10-20 17:41:04,413 [grpc-default-executor-3] INFO  impl.RoleInfo (RoleInfo.java:shutdownFollowerState(121)) - 7b1e61a0-7daf-43dd-99d5-9b325c1d31ae: shutdown FollowerState
2019-10-20 17:41:04,413 [grpc-default-executor-3] INFO  impl.RoleInfo (RoleInfo.java:updateAndGet(143)) - 7b1e61a0-7daf-43dd-99d5-9b325c1d31ae: start FollowerState
2019-10-20 17:41:04,413 [Thread-3277] INFO  impl.FollowerState (FollowerState.java:run(117)) - 7b1e61a0-7daf-43dd-99d5-9b325c1d31ae@group-091950D56227-FollowerState was interrupted: java.lang.InterruptedException: sleep interrupted
2019-10-20 17:41:04,437 [8f18dce1-0a3d-4b65-9c78-af3d58b2da7f@group-091950D56227-LeaderElection461] INFO  impl.LeaderElection (LeaderElection.java:logAndReturn(56)) - 8f18dce1-0a3d-4b65-9c78-af3d58b2da7f@group-091950D56227-LeaderElection461: Election REJECTED; received 2 response(s) [8f18dce1-0a3d-4b65-9c78-af3d58b2da7f<-8a63e1ae-032e-4bed-9f20-125a11f65413#0:FAIL-t544, 8f18dce1-0a3d-4b65-9c78-af3d58b2da7f<-7b1e61a0-7daf-43dd-99d5-9b325c1d31ae#0:FAIL-t544] and 0 exception(s); 8f18dce1-0a3d-4b65-9c78-af3d58b2da7f@group-091950D56227:t544, leader=null, voted=8f18dce1-0a3d-4b65-9c78-af3d58b2da7f, raftlog=8f18dce1-0a3d-4b65-9c78-af3d58b2da7f@group-091950D56227-SegmentedRaftLog:OPENED:c-1,f-1,i0, conf=-1: [8a63e1ae-032e-4bed-9f20-125a11f65413:0.0.0.0:38685, 8f18dce1-0a3d-4b65-9c78-af3d58b2da7f:0.0.0.0:42489, 7b1e61a0-7daf-43dd-99d5-9b325c1d31ae:0.0.0.0:38412], old=null
2019-10-20 17:41:04,437 [8f18dce1-0a3d-4b65-9c78-af3d58b2da7f@group-091950D56227-LeaderElection461] INFO  impl.RaftServerImpl (RaftServerImpl.java:setRole(184)) - 8f18dce1-0a3d-4b65-9c78-af3d58b2da7f@group-091950D56227: changes role from CANDIDATE to FOLLOWER at term 544 for DISCOVERED_A_NEW_TERM
2019-10-20 17:41:04,438 [8f18dce1-0a3d-4b65-9c78-af3d58b2da7f@group-091950D56227-LeaderElection461] INFO  impl.RoleInfo (RoleInfo.java:shutdownLeaderElection(134)) - 8f18dce1-0a3d-4b65-9c78-af3d58b2da7f: shutdown LeaderElection
2019-10-20 17:41:04,438 [8f18dce1-0a3d-4b65-9c78-af3d58b2da7f@group-091950D56227-LeaderElection461] INFO  impl.RoleInfo (RoleInfo.java:updateAndGet(143)) - 8f18dce1-0a3d-4b65-9c78-af3d58b2da7f: start FollowerState
2019-10-20 17:41:04,552 [Thread-3285] INFO  impl.FollowerState (FollowerState.java:run(108)) - 8f18dce1-0a3d-4b65-9c78-af3d58b2da7f@group-091950D56227-FollowerState: change to CANDIDATE, lastRpcTime:114ms, electionTimeout:114ms
2019-10-20 17:41:04,552 [Thread-3285] INFO  impl.RoleInfo (RoleInfo.java:shutdownFollowerState(121)) - 8f18dce1-0a3d-4b65-9c78-af3d58b2da7f: shutdown FollowerState
2019-10-20 17:41:04,552 [Thread-3285] INFO  impl.RaftServerImpl (RaftServerImpl.java:setRole(184)) - 8f18dce1-0a3d-4b65-9c78-af3d58b2da7f@group-091950D56227: changes role from  FOLLOWER to CANDIDATE at term 544 for changeToCandidate
2019-10-20 17:41:04,552 [Thread-3285] INFO  impl.RoleInfo (RoleInfo.java:updateAndGet(143)) - 8f18dce1-0a3d-4b65-9c78-af3d58b2da7f: start LeaderElection
2019-10-20 17:41:04,579 [8f18dce1-0a3d-4b65-9c78-af3d58b2da7f@group-091950D56227-LeaderElection462] INFO  impl.LeaderElection (LeaderElection.java:askForVotes(178)) - 8f18dce1-0a3d-4b65-9c78-af3d58b2da7f@group-091950D56227-LeaderElection462: begin an election at term 545 for -1: [8a63e1ae-032e-4bed-9f20-125a11f65413:0.0.0.0:38685, 8f18dce1-0a3d-4b65-9c78-af3d58b2da7f:0.0.0.0:42489, 7b1e61a0-7daf-43dd-99d5-9b325c1d31ae:0.0.0.0:38412], old=null
2019-10-20 17:41:04,580 [grpc-default-executor-3] INFO  impl.RaftServerImpl (RaftServerImpl.java:setRole(184)) - 8a63e1ae-032e-4bed-9f20-125a11f65413@group-091950D56227: changes role from  FOLLOWER to FOLLOWER at term 545 for recognizeCandidate:8f18dce1-0a3d-4b65-9c78-af3d58b2da7f
2019-10-20 17:41:04,580 [grpc-default-executor-1] INFO  impl.RaftServerImpl (RaftServerImpl.java:setRole(184)) - 7b1e61a0-7daf-43dd-99d5-9b325c1d31ae@group-091950D56227: changes role from  FOLLOWER to FOLLOWER at term 545 for recognizeCandidate:8f18dce1-0a3d-4b65-9c78-af3d58b2da7f
2019-10-20 17:41:04,581 [grpc-default-executor-1] INFO  impl.RoleInfo (RoleInfo.java:shutdownFollowerState(121)) - 7b1e61a0-7daf-43dd-99d5-9b325c1d31ae: shutdown FollowerState
2019-10-20 17:41:04,581 [grpc-default-executor-3] INFO  impl.RoleInfo (RoleInfo.java:shutdownFollowerState(121)) - 8a63e1ae-032e-4bed-9f20-125a11f65413: shutdown FollowerState
2019-10-20 17:41:04,581 [Thread-3284] INFO  impl.FollowerState (FollowerState.java:run(117)) - 7b1e61a0-7daf-43dd-99d5-9b325c1d31ae@group-091950D56227-FollowerState was interrupted: java.lang.InterruptedException: sleep interrupted
2019-10-20 17:41:04,581 [grpc-default-executor-1] INFO  impl.RoleInfo (RoleInfo.java:updateAndGet(143)) - 7b1e61a0-7daf-43dd-99d5-9b325c1d31ae: start FollowerState
2019-10-20 17:41:04,581 [Thread-3283] INFO  impl.FollowerState (FollowerState.java:run(117)) - 8a63e1ae-032e-4bed-9f20-125a11f65413@group-091950D56227-FollowerState was interrupted: java.lang.InterruptedException: sleep interrupted
2019-10-20 17:41:04,581 [grpc-default-executor-3] INFO  impl.RoleInfo (RoleInfo.java:updateAndGet(143)) - 8a63e1ae-032e-4bed-9f20-125a11f65413: start FollowerState
2019-10-20 17:41:04,605 [8f18dce1-0a3d-4b65-9c78-af3d58b2da7f@group-091950D56227-LeaderElection462] INFO  impl.LeaderElection (LeaderElection.java:logAndReturn(56)) - 8f18dce1-0a3d-4b65-9c78-af3d58b2da7f@group-091950D56227-LeaderElection462: Election REJECTED; received 2 response(s) [8f18dce1-0a3d-4b65-9c78-af3d58b2da7f<-8a63e1ae-032e-4bed-9f20-125a11f65413#0:FAIL-t545, 8f18dce1-0a3d-4b65-9c78-af3d58b2da7f<-7b1e61a0-7daf-43dd-99d5-9b325c1d31ae#0:FAIL-t545] and 0 exception(s); 8f18dce1-0a3d-4b65-9c78-af3d58b2da7f@group-091950D56227:t545, leader=null, voted=8f18dce1-0a3d-4b65-9c78-af3d58b2da7f, raftlog=8f18dce1-0a3d-4b65-9c78-af3d58b2da7f@group-091950D56227-SegmentedRaftLog:OPENED:c-1,f-1,i0, conf=-1: [8a63e1ae-032e-4bed-9f20-125a11f65413:0.0.0.0:38685, 8f18dce1-0a3d-4b65-9c78-af3d58b2da7f:0.0.0.0:42489, 7b1e61a0-7daf-43dd-99d5-9b325c1d31ae:0.0.0.0:38412], old=null
2019-10-20 17:41:04,605 [8f18dce1-0a3d-4b65-9c78-af3d58b2da7f@group-091950D56227-LeaderElection462] INFO  impl.RaftServerImpl (RaftServerImpl.java:setRole(184)) - 8f18dce1-0a3d-4b65-9c78-af3d58b2da7f@group-091950D56227: changes role from CANDIDATE to FOLLOWER at term 545 for DISCOVERED_A_NEW_TERM
2019-10-20 17:41:04,605 [8f18dce1-0a3d-4b65-9c78-af3d58b2da7f@group-091950D56227-LeaderElection462] INFO  impl.RoleInfo (RoleInfo.java:shutdownLeaderElection(134)) - 8f18dce1-0a3d-4b65-9c78-af3d58b2da7f: shutdown LeaderElection
2019-10-20 17:41:04,605 [8f18dce1-0a3d-4b65-9c78-af3d58b2da7f@group-091950D56227-LeaderElection462] INFO  impl.RoleInfo (RoleInfo.java:updateAndGet(143)) - 8f18dce1-0a3d-4b65-9c78-af3d58b2da7f: start FollowerState
2019-10-20 17:41:04,680 [Thread-3293] INFO  impl.FollowerState (FollowerState.java:run(108)) - 8f18dce1-0a3d-4b65-9c78-af3d58b2da7f@group-091950D56227-FollowerState: change to CANDIDATE, lastRpcTime:74ms, electionTimeout:74ms
2019-10-20 17:41:04,680 [Thread-3293] INFO  impl.RoleInfo (RoleInfo.java:shutdownFollowerState(121)) - 8f18dce1-0a3d-4b65-9c78-af3d58b2da7f: shutdown FollowerState
2019-10-20 17:41:04,680 [Thread-3293] INFO  impl.RaftServerImpl (RaftServerImpl.java:setRole(184)) - 8f18dce1-0a3d-4b65-9c78-af3d58b2da7f@group-091950D56227: changes role from  FOLLOWER to CANDIDATE at term 545 for changeToCandidate
2019-10-20 17:41:04,680 [Thread-3293] INFO  impl.RoleInfo (RoleInfo.java:updateAndGet(143)) - 8f18dce1-0a3d-4b65-9c78-af3d58b2da7f: start LeaderElection
2019-10-20 17:41:04,705 [8f18dce1-0a3d-4b65-9c78-af3d58b2da7f@group-091950D56227-LeaderElection463] INFO  impl.LeaderElection (LeaderElection.java:askForVotes(178)) - 8f18dce1-0a3d-4b65-9c78-af3d58b2da7f@group-091950D56227-LeaderElection463: begin an election at term 546 for -1: [8a63e1ae-032e-4bed-9f20-125a11f65413:0.0.0.0:38685, 8f18dce1-0a3d-4b65-9c78-af3d58b2da7f:0.0.0.0:42489, 7b1e61a0-7daf-43dd-99d5-9b325c1d31ae:0.0.0.0:38412], old=null
2019-10-20 17:41:04,706 [grpc-default-executor-1] INFO  impl.RaftServerImpl (RaftServerImpl.java:setRole(184)) - 8a63e1ae-032e-4bed-9f20-125a11f65413@group-091950D56227: changes role from  FOLLOWER to FOLLOWER at term 546 for recognizeCandidate:8f18dce1-0a3d-4b65-9c78-af3d58b2da7f
2019-10-20 17:41:04,706 [grpc-default-executor-1] INFO  impl.RoleInfo (RoleInfo.java:shutdownFollowerState(121)) - 8a63e1ae-032e-4bed-9f20-125a11f65413: shutdown FollowerState
2019-10-20 17:41:04,707 [grpc-default-executor-1] INFO  impl.RoleInfo (RoleInfo.java:updateAndGet(143)) - 8a63e1ae-032e-4bed-9f20-125a11f65413: start FollowerState
2019-10-20 17:41:04,707 [Thread-3292] INFO  impl.FollowerState (FollowerState.java:run(117)) - 8a63e1ae-032e-4bed-9f20-125a11f65413@group-091950D56227-FollowerState was interrupted: java.lang.InterruptedException: sleep interrupted
2019-10-20 17:41:04,707 [grpc-default-executor-3] INFO  impl.RaftServerImpl (RaftServerImpl.java:setRole(184)) - 7b1e61a0-7daf-43dd-99d5-9b325c1d31ae@group-091950D56227: changes role from  FOLLOWER to FOLLOWER at term 546 for recognizeCandidate:8f18dce1-0a3d-4b65-9c78-af3d58b2da7f
2019-10-20 17:41:04,707 [grpc-default-executor-3] INFO  impl.RoleInfo (RoleInfo.java:shutdownFollowerState(121)) - 7b1e61a0-7daf-43dd-99d5-9b325c1d31ae: shutdown FollowerState
2019-10-20 17:41:04,707 [grpc-default-executor-3] INFO  impl.RoleInfo (RoleInfo.java:updateAndGet(143)) - 7b1e61a0-7daf-43dd-99d5-9b325c1d31ae: start FollowerState
2019-10-20 17:41:04,707 [Thread-3291] INFO  impl.FollowerState (FollowerState.java:run(117)) - 7b1e61a0-7daf-43dd-99d5-9b325c1d31ae@group-091950D56227-FollowerState was interrupted: java.lang.InterruptedException: sleep interrupted
2019-10-20 17:41:04,731 [8f18dce1-0a3d-4b65-9c78-af3d58b2da7f@group-091950D56227-LeaderElection463] INFO  impl.LeaderElection (LeaderElection.java:logAndReturn(56)) - 8f18dce1-0a3d-4b65-9c78-af3d58b2da7f@group-091950D56227-LeaderElection463: Election REJECTED; received 2 response(s) [8f18dce1-0a3d-4b65-9c78-af3d58b2da7f<-8a63e1ae-032e-4bed-9f20-125a11f65413#0:FAIL-t546, 8f18dce1-0a3d-4b65-9c78-af3d58b2da7f<-7b1e61a0-7daf-43dd-99d5-9b325c1d31ae#0:FAIL-t546] and 0 exception(s); 8f18dce1-0a3d-4b65-9c78-af3d58b2da7f@group-091950D56227:t546, leader=null, voted=8f18dce1-0a3d-4b65-9c78-af3d58b2da7f, raftlog=8f18dce1-0a3d-4b65-9c78-af3d58b2da7f@group-091950D56227-SegmentedRaftLog:OPENED:c-1,f-1,i0, conf=-1: [8a63e1ae-032e-4bed-9f20-125a11f65413:0.0.0.0:38685, 8f18dce1-0a3d-4b65-9c78-af3d58b2da7f:0.0.0.0:42489, 7b1e61a0-7daf-43dd-99d5-9b325c1d31ae:0.0.0.0:38412], old=null
2019-10-20 17:41:04,731 [8f18dce1-0a3d-4b65-9c78-af3d58b2da7f@group-091950D56227-LeaderElection463] INFO  impl.RaftServerImpl (RaftServerImpl.java:setRole(184)) - 8f18dce1-0a3d-4b65-9c78-af3d58b2da7f@group-091950D56227: changes role from CANDIDATE to FOLLOWER at term 546 for DISCOVERED_A_NEW_TERM
2019-10-20 17:41:04,731 [8f18dce1-0a3d-4b65-9c78-af3d58b2da7f@group-091950D56227-LeaderElection463] INFO  impl.RoleInfo (RoleInfo.java:shutdownLeaderElection(134)) - 8f18dce1-0a3d-4b65-9c78-af3d58b2da7f: shutdown LeaderElection
2019-10-20 17:41:04,731 [8f18dce1-0a3d-4b65-9c78-af3d58b2da7f@group-091950D56227-LeaderElection463] INFO  impl.RoleInfo (RoleInfo.java:updateAndGet(143)) - 8f18dce1-0a3d-4b65-9c78-af3d58b2da7f: start FollowerState
2019-10-20 17:41:04,800 [Thread-3299] INFO  impl.FollowerState (FollowerState.java:run(108)) - 8f18dce1-0a3d-4b65-9c78-af3d58b2da7f@group-091950D56227-FollowerState: change to CANDIDATE, lastRpcTime:68ms, electionTimeout:68ms
2019-10-20 17:41:04,800 [Thread-3299] INFO  impl.RoleInfo (RoleInfo.java:shutdownFollowerState(121)) - 8f18dce1-0a3d-4b65-9c78-af3d58b2da7f: shutdown FollowerState
2019-10-20 17:41:04,800 [Thread-3299] INFO  impl.RaftServerImpl (RaftServerImpl.java:setRole(184)) - 8f18dce1-0a3d-4b65-9c78-af3d58b2da7f@group-091950D56227: changes role from  FOLLOWER to CANDIDATE at term 546 for changeToCandidate
2019-10-20 17:41:04,800 [Thread-3299] INFO  impl.RoleInfo (RoleInfo.java:updateAndGet(143)) - 8f18dce1-0a3d-4b65-9c78-af3d58b2da7f: start LeaderElection
2019-10-20 17:41:04,831 [8f18dce1-0a3d-4b65-9c78-af3d58b2da7f@group-091950D56227-LeaderElection464] INFO  impl.LeaderElection (LeaderElection.java:askForVotes(178)) - 8f18dce1-0a3d-4b65-9c78-af3d58b2da7f@group-091950D56227-LeaderElection464: begin an election at term 547 for -1: [8a63e1ae-032e-4bed-9f20-125a11f65413:0.0.0.0:38685, 8f18dce1-0a3d-4b65-9c78-af3d58b2da7f:0.0.0.0:42489, 7b1e61a0-7daf-43dd-99d5-9b325c1d31ae:0.0.0.0:38412], old=null
2019-10-20 17:41:04,833 [grpc-default-executor-1] INFO  impl.RaftServerImpl (RaftServerImpl.java:setRole(184)) - 7b1e61a0-7daf-43dd-99d5-9b325c1d31ae@group-091950D56227: changes role from  FOLLOWER to FOLLOWER at term 547 for recognizeCandidate:8f18dce1-0a3d-4b65-9c78-af3d58b2da7f
2019-10-20 17:41:04,833 [grpc-default-executor-1] INFO  impl.RoleInfo (RoleInfo.java:shutdownFollowerState(121)) - 7b1e61a0-7daf-43dd-99d5-9b325c1d31ae: shutdown FollowerState
2019-10-20 17:41:04,833 [grpc-default-executor-3] INFO  impl.RaftServerImpl (RaftServerImpl.java:setRole(184)) - 8a63e1ae-032e-4bed-9f20-125a11f65413@group-091950D56227: changes role from  FOLLOWER to FOLLOWER at term 547 for recognizeCandidate:8f18dce1-0a3d-4b65-9c78-af3d58b2da7f
2019-10-20 17:41:04,833 [Thread-3298] INFO  impl.FollowerState (FollowerState.java:run(117)) - 7b1e61a0-7daf-43dd-99d5-9b325c1d31ae@group-091950D56227-FollowerState was interrupted: java.lang.InterruptedException: sleep interrupted
2019-10-20 17:41:04,833 [grpc-default-executor-1] INFO  impl.RoleInfo (RoleInfo.java:updateAndGet(143)) - 7b1e61a0-7daf-43dd-99d5-9b325c1d31ae: start FollowerState
2019-10-20 17:41:04,833 [grpc-default-executor-3] INFO  impl.RoleInfo (RoleInfo.java:shutdownFollowerState(121)) - 8a63e1ae-032e-4bed-9f20-125a11f65413: shutdown FollowerState
2019-10-20 17:41:04,834 [grpc-default-executor-3] INFO  impl.RoleInfo (RoleInfo.java:updateAndGet(143)) - 8a63e1ae-032e-4bed-9f20-125a11f65413: start FollowerState
2019-10-20 17:41:04,834 [Thread-3297] INFO  impl.FollowerState (FollowerState.java:run(117)) - 8a63e1ae-032e-4bed-9f20-125a11f65413@group-091950D56227-FollowerState was interrupted: java.lang.InterruptedException: sleep interrupted
2019-10-20 17:41:04,849 [8f18dce1-0a3d-4b65-9c78-af3d58b2da7f@group-091950D56227-LeaderElection464] INFO  impl.LeaderElection (LeaderElection.java:logAndReturn(56)) - 8f18dce1-0a3d-4b65-9c78-af3d58b2da7f@group-091950D56227-LeaderElection464: Election REJECTED; received 2 response(s) [8f18dce1-0a3d-4b65-9c78-af3d58b2da7f<-8a63e1ae-032e-4bed-9f20-125a11f65413#0:FAIL-t547, 8f18dce1-0a3d-4b65-9c78-af3d58b2da7f<-7b1e61a0-7daf-43dd-99d5-9b325c1d31ae#0:FAIL-t547] and 0 exception(s); 8f18dce1-0a3d-4b65-9c78-af3d58b2da7f@group-091950D56227:t547, leader=null, voted=8f18dce1-0a3d-4b65-9c78-af3d58b2da7f, raftlog=8f18dce1-0a3d-4b65-9c78-af3d58b2da7f@group-091950D56227-SegmentedRaftLog:OPENED:c-1,f-1,i0, conf=-1: [8a63e1ae-032e-4bed-9f20-125a11f65413:0.0.0.0:38685, 8f18dce1-0a3d-4b65-9c78-af3d58b2da7f:0.0.0.0:42489, 7b1e61a0-7daf-43dd-99d5-9b325c1d31ae:0.0.0.0:38412], old=null
2019-10-20 17:41:04,849 [8f18dce1-0a3d-4b65-9c78-af3d58b2da7f@group-091950D56227-LeaderElection464] INFO  impl.RaftServerImpl (RaftServerImpl.java:setRole(184)) - 8f18dce1-0a3d-4b65-9c78-af3d58b2da7f@group-091950D56227: changes role from CANDIDATE to FOLLOWER at term 547 for DISCOVERED_A_NEW_TERM
2019-10-20 17:41:04,849 [8f18dce1-0a3d-4b65-9c78-af3d58b2da7f@group-091950D56227-LeaderElection464] INFO  impl.RoleInfo (RoleInfo.java:shutdownLeaderElection(134)) - 8f18dce1-0a3d-4b65-9c78-af3d58b2da7f: shutdown LeaderElection
2019-10-20 17:41:04,849 [8f18dce1-0a3d-4b65-9c78-af3d58b2da7f@group-091950D56227-LeaderElection464] INFO  impl.RoleInfo (RoleInfo.java:updateAndGet(143)) - 8f18dce1-0a3d-4b65-9c78-af3d58b2da7f: start FollowerState
2019-10-20 17:41:04,914 [Thread-3305] INFO  impl.FollowerState (FollowerState.java:run(108)) - 8f18dce1-0a3d-4b65-9c78-af3d58b2da7f@group-091950D56227-FollowerState: change to CANDIDATE, lastRpcTime:65ms, electionTimeout:65ms
2019-10-20 17:41:04,915 [Thread-3305] INFO  impl.RoleInfo (RoleInfo.java:shutdownFollowerState(121)) - 8f18dce1-0a3d-4b65-9c78-af3d58b2da7f: shutdown FollowerState
2019-10-20 17:41:04,915 [Thread-3305] INFO  impl.RaftServerImpl (RaftServerImpl.java:setRole(184)) - 8f18dce1-0a3d-4b65-9c78-af3d58b2da7f@group-091950D56227: changes role from  FOLLOWER to CANDIDATE at term 547 for changeToCandidate
2019-10-20 17:41:04,915 [Thread-3305] INFO  impl.RoleInfo (RoleInfo.java:updateAndGet(143)) - 8f18dce1-0a3d-4b65-9c78-af3d58b2da7f: start LeaderElection
2019-10-20 17:41:04,940 [8f18dce1-0a3d-4b65-9c78-af3d58b2da7f@group-091950D56227-LeaderElection465] INFO  impl.LeaderElection (LeaderElection.java:askForVotes(178)) - 8f18dce1-0a3d-4b65-9c78-af3d58b2da7f@group-091950D56227-LeaderElection465: begin an election at term 548 for -1: [8a63e1ae-032e-4bed-9f20-125a11f65413:0.0.0.0:38685, 8f18dce1-0a3d-4b65-9c78-af3d58b2da7f:0.0.0.0:42489, 7b1e61a0-7daf-43dd-99d5-9b325c1d31ae:0.0.0.0:38412], old=null
2019-10-20 17:41:04,942 [grpc-default-executor-1] INFO  impl.RaftServerImpl (RaftServerImpl.java:setRole(184)) - 8a63e1ae-032e-4bed-9f20-125a11f65413@group-091950D56227: changes role from  FOLLOWER to FOLLOWER at term 548 for recognizeCandidate:8f18dce1-0a3d-4b65-9c78-af3d58b2da7f
2019-10-20 17:41:04,942 [grpc-default-executor-3] INFO  impl.RaftServerImpl (RaftServerImpl.java:setRole(184)) - 7b1e61a0-7daf-43dd-99d5-9b325c1d31ae@group-091950D56227: changes role from  FOLLOWER to FOLLOWER at term 548 for recognizeCandidate:8f18dce1-0a3d-4b65-9c78-af3d58b2da7f
2019-10-20 17:41:04,942 [grpc-default-executor-1] INFO  impl.RoleInfo (RoleInfo.java:shutdownFollowerState(121)) - 8a63e1ae-032e-4bed-9f20-125a11f65413: shutdown FollowerState
2019-10-20 17:41:04,942 [grpc-default-executor-3] INFO  impl.RoleInfo (RoleInfo.java:shutdownFollowerState(121)) - 7b1e61a0-7daf-43dd-99d5-9b325c1d31ae: shutdown FollowerState
2019-10-20 17:41:04,943 [Thread-3304] INFO  impl.FollowerState (FollowerState.java:run(117)) - 8a63e1ae-032e-4bed-9f20-125a11f65413@group-091950D56227-FollowerState was interrupted: java.lang.InterruptedException: sleep interrupted
2019-10-20 17:41:04,943 [grpc-default-executor-1] INFO  impl.RoleInfo (RoleInfo.java:updateAndGet(143)) - 8a63e1ae-032e-4bed-9f20-125a11f65413: start FollowerState
2019-10-20 17:41:04,943 [Thread-3303] INFO  impl.FollowerState (FollowerState.java:run(117)) - 7b1e61a0-7daf-43dd-99d5-9b325c1d31ae@group-091950D56227-FollowerState was interrupted: java.lang.InterruptedException: sleep interrupted
2019-10-20 17:41:04,943 [grpc-default-executor-3] INFO  impl.RoleInfo (RoleInfo.java:updateAndGet(143)) - 7b1e61a0-7daf-43dd-99d5-9b325c1d31ae: start FollowerState
2019-10-20 17:41:04,967 [8f18dce1-0a3d-4b65-9c78-af3d58b2da7f@group-091950D56227-LeaderElection465] INFO  impl.LeaderElection (LeaderElection.java:logAndReturn(56)) - 8f18dce1-0a3d-4b65-9c78-af3d58b2da7f@group-091950D56227-LeaderElection465: Election REJECTED; received 2 response(s) [8f18dce1-0a3d-4b65-9c78-af3d58b2da7f<-8a63e1ae-032e-4bed-9f20-125a11f65413#0:FAIL-t548, 8f18dce1-0a3d-4b65-9c78-af3d58b2da7f<-7b1e61a0-7daf-43dd-99d5-9b325c1d31ae#0:FAIL-t548] and 0 exception(s); 8f18dce1-0a3d-4b65-9c78-af3d58b2da7f@group-091950D56227:t548, leader=null, voted=8f18dce1-0a3d-4b65-9c78-af3d58b2da7f, raftlog=8f18dce1-0a3d-4b65-9c78-af3d58b2da7f@group-091950D56227-SegmentedRaftLog:OPENED:c-1,f-1,i0, conf=-1: [8a63e1ae-032e-4bed-9f20-125a11f65413:0.0.0.0:38685, 8f18dce1-0a3d-4b65-9c78-af3d58b2da7f:0.0.0.0:42489, 7b1e61a0-7daf-43dd-99d5-9b325c1d31ae:0.0.0.0:38412], old=null
2019-10-20 17:41:04,968 [8f18dce1-0a3d-4b65-9c78-af3d58b2da7f@group-091950D56227-LeaderElection465] INFO  impl.RaftServerImpl (RaftServerImpl.java:setRole(184)) - 8f18dce1-0a3d-4b65-9c78-af3d58b2da7f@group-091950D56227: changes role from CANDIDATE to FOLLOWER at term 548 for DISCOVERED_A_NEW_TERM
2019-10-20 17:41:04,968 [8f18dce1-0a3d-4b65-9c78-af3d58b2da7f@group-091950D56227-LeaderElection465] INFO  impl.RoleInfo (RoleInfo.java:shutdownLeaderElection(134)) - 8f18dce1-0a3d-4b65-9c78-af3d58b2da7f: shutdown LeaderElection
2019-10-20 17:41:04,968 [8f18dce1-0a3d-4b65-9c78-af3d58b2da7f@group-091950D56227-LeaderElection465] INFO  impl.RoleInfo (RoleInfo.java:updateAndGet(143)) - 8f18dce1-0a3d-4b65-9c78-af3d58b2da7f: start FollowerState
2019-10-20 17:41:05,044 [Thread-3311] INFO  impl.FollowerState (FollowerState.java:run(108)) - 8f18dce1-0a3d-4b65-9c78-af3d58b2da7f@group-091950D56227-FollowerState: change to CANDIDATE, lastRpcTime:76ms, electionTimeout:76ms
2019-10-20 17:41:05,045 [Thread-3311] INFO  impl.RoleInfo (RoleInfo.java:shutdownFollowerState(121)) - 8f18dce1-0a3d-4b65-9c78-af3d58b2da7f: shutdown FollowerState
2019-10-20 17:41:05,045 [Thread-3311] INFO  impl.RaftServerImpl (RaftServerImpl.java:setRole(184)) - 8f18dce1-0a3d-4b65-9c78-af3d58b2da7f@group-091950D56227: changes role from  FOLLOWER to CANDIDATE at term 548 for changeToCandidate
2019-10-20 17:41:05,045 [Thread-3311] INFO  impl.RoleInfo (RoleInfo.java:updateAndGet(143)) - 8f18dce1-0a3d-4b65-9c78-af3d58b2da7f: start LeaderElection
2019-10-20 17:41:05,067 [8f18dce1-0a3d-4b65-9c78-af3d58b2da7f@group-091950D56227-LeaderElection466] INFO  impl.LeaderElection (LeaderElection.java:askForVotes(178)) - 8f18dce1-0a3d-4b65-9c78-af3d58b2da7f@group-091950D56227-LeaderElection466: begin an election at term 549 for -1: [8a63e1ae-032e-4bed-9f20-125a11f65413:0.0.0.0:38685, 8f18dce1-0a3d-4b65-9c78-af3d58b2da7f:0.0.0.0:42489, 7b1e61a0-7daf-43dd-99d5-9b325c1d31ae:0.0.0.0:38412], old=null
2019-10-20 17:41:05,069 [grpc-default-executor-1] INFO  impl.RaftServerImpl (RaftServerImpl.java:setRole(184)) - 8a63e1ae-032e-4bed-9f20-125a11f65413@group-091950D56227: changes role from  FOLLOWER to FOLLOWER at term 549 for recognizeCandidate:8f18dce1-0a3d-4b65-9c78-af3d58b2da7f
2019-10-20 17:41:05,069 [grpc-default-executor-1] INFO  impl.RoleInfo (RoleInfo.java:shutdownFollowerState(121)) - 8a63e1ae-032e-4bed-9f20-125a11f65413: shutdown FollowerState
2019-10-20 17:41:05,070 [grpc-default-executor-1] INFO  impl.RoleInfo (RoleInfo.java:updateAndGet(143)) - 8a63e1ae-032e-4bed-9f20-125a11f65413: start FollowerState
2019-10-20 17:41:05,070 [Thread-3309] INFO  impl.FollowerState (FollowerState.java:run(117)) - 8a63e1ae-032e-4bed-9f20-125a11f65413@group-091950D56227-FollowerState was interrupted: java.lang.InterruptedException: sleep interrupted
2019-10-20 17:41:05,070 [grpc-default-executor-3] INFO  impl.RaftServerImpl (RaftServerImpl.java:setRole(184)) - 7b1e61a0-7daf-43dd-99d5-9b325c1d31ae@group-091950D56227: changes role from  FOLLOWER to FOLLOWER at term 549 for recognizeCandidate:8f18dce1-0a3d-4b65-9c78-af3d58b2da7f
2019-10-20 17:41:05,070 [grpc-default-executor-3] INFO  impl.RoleInfo (RoleInfo.java:shutdownFollowerState(121)) - 7b1e61a0-7daf-43dd-99d5-9b325c1d31ae: shutdown FollowerState
2019-10-20 17:41:05,070 [grpc-default-executor-3] INFO  impl.RoleInfo (RoleInfo.java:updateAndGet(143)) - 7b1e61a0-7daf-43dd-99d5-9b325c1d31ae: start FollowerState
2019-10-20 17:41:05,070 [Thread-3310] INFO  impl.FollowerState (FollowerState.java:run(117)) - 7b1e61a0-7daf-43dd-99d5-9b325c1d31ae@group-091950D56227-FollowerState was interrupted: java.lang.InterruptedException: sleep interrupted
2019-10-20 17:41:05,093 [8f18dce1-0a3d-4b65-9c78-af3d58b2da7f@group-091950D56227-LeaderElection466] INFO  impl.LeaderElection (LeaderElection.java:logAndReturn(56)) - 8f18dce1-0a3d-4b65-9c78-af3d58b2da7f@group-091950D56227-LeaderElection466: Election REJECTED; received 2 response(s) [8f18dce1-0a3d-4b65-9c78-af3d58b2da7f<-8a63e1ae-032e-4bed-9f20-125a11f65413#0:FAIL-t549, 8f18dce1-0a3d-4b65-9c78-af3d58b2da7f<-7b1e61a0-7daf-43dd-99d5-9b325c1d31ae#0:FAIL-t549] and 0 exception(s); 8f18dce1-0a3d-4b65-9c78-af3d58b2da7f@group-091950D56227:t549, leader=null, voted=8f18dce1-0a3d-4b65-9c78-af3d58b2da7f, raftlog=8f18dce1-0a3d-4b65-9c78-af3d58b2da7f@group-091950D56227-SegmentedRaftLog:OPENED:c-1,f-1,i0, conf=-1: [8a63e1ae-032e-4bed-9f20-125a11f65413:0.0.0.0:38685, 8f18dce1-0a3d-4b65-9c78-af3d58b2da7f:0.0.0.0:42489, 7b1e61a0-7daf-43dd-99d5-9b325c1d31ae:0.0.0.0:38412], old=null
2019-10-20 17:41:05,094 [8f18dce1-0a3d-4b65-9c78-af3d58b2da7f@group-091950D56227-LeaderElection466] INFO  impl.RaftServerImpl (RaftServerImpl.java:setRole(184)) - 8f18dce1-0a3d-4b65-9c78-af3d58b2da7f@group-091950D56227: changes role from CANDIDATE to FOLLOWER at term 549 for DISCOVERED_A_NEW_TERM
2019-10-20 17:41:05,094 [8f18dce1-0a3d-4b65-9c78-af3d58b2da7f@group-091950D56227-LeaderElection466] INFO  impl.RoleInfo (RoleInfo.java:shutdownLeaderElection(134)) - 8f18dce1-0a3d-4b65-9c78-af3d58b2da7f: shutdown LeaderElection
2019-10-20 17:41:05,094 [8f18dce1-0a3d-4b65-9c78-af3d58b2da7f@group-091950D56227-LeaderElection466] INFO  impl.RoleInfo (RoleInfo.java:updateAndGet(143)) - 8f18dce1-0a3d-4b65-9c78-af3d58b2da7f: start FollowerState
2019-10-20 17:41:05,281 [Thread-3317] INFO  impl.FollowerState (FollowerState.java:run(108)) - 8f18dce1-0a3d-4b65-9c78-af3d58b2da7f@group-091950D56227-FollowerState: change to CANDIDATE, lastRpcTime:187ms, electionTimeout:187ms
2019-10-20 17:41:05,281 [Thread-3317] INFO  impl.RoleInfo (RoleInfo.java:shutdownFollowerState(121)) - 8f18dce1-0a3d-4b65-9c78-af3d58b2da7f: shutdown FollowerState
2019-10-20 17:41:05,281 [Thread-3317] INFO  impl.RaftServerImpl (RaftServerImpl.java:setRole(184)) - 8f18dce1-0a3d-4b65-9c78-af3d58b2da7f@group-091950D56227: changes role from  FOLLOWER to CANDIDATE at term 549 for changeToCandidate
2019-10-20 17:41:05,281 [Thread-3317] INFO  impl.RoleInfo (RoleInfo.java:updateAndGet(143)) - 8f18dce1-0a3d-4b65-9c78-af3d58b2da7f: start LeaderElection
2019-10-20 17:41:05,310 [8f18dce1-0a3d-4b65-9c78-af3d58b2da7f@group-091950D56227-LeaderElection467] INFO  impl.LeaderElection (LeaderElection.java:askForVotes(178)) - 8f18dce1-0a3d-4b65-9c78-af3d58b2da7f@group-091950D56227-LeaderElection467: begin an election at term 550 for -1: [8a63e1ae-032e-4bed-9f20-125a11f65413:0.0.0.0:38685, 8f18dce1-0a3d-4b65-9c78-af3d58b2da7f:0.0.0.0:42489, 7b1e61a0-7daf-43dd-99d5-9b325c1d31ae:0.0.0.0:38412], old=null
2019-10-20 17:41:05,311 [grpc-default-executor-3] INFO  impl.RaftServerImpl (RaftServerImpl.java:setRole(184)) - 8a63e1ae-032e-4bed-9f20-125a11f65413@group-091950D56227: changes role from  FOLLOWER to FOLLOWER at term 550 for recognizeCandidate:8f18dce1-0a3d-4b65-9c78-af3d58b2da7f
2019-10-20 17:41:05,312 [grpc-default-executor-3] INFO  impl.RoleInfo (RoleInfo.java:shutdownFollowerState(121)) - 8a63e1ae-032e-4bed-9f20-125a11f65413: shutdown FollowerState
2019-10-20 17:41:05,312 [grpc-default-executor-1] INFO  impl.RaftServerImpl (RaftServerImpl.java:setRole(184)) - 7b1e61a0-7daf-43dd-99d5-9b325c1d31ae@group-091950D56227: changes role from  FOLLOWER to FOLLOWER at term 550 for recognizeCandidate:8f18dce1-0a3d-4b65-9c78-af3d58b2da7f
2019-10-20 17:41:05,312 [grpc-default-executor-1] INFO  impl.RoleInfo (RoleInfo.java:shutdownFollowerState(121)) - 7b1e61a0-7daf-43dd-99d5-9b325c1d31ae: shutdown FollowerState
2019-10-20 17:41:05,312 [Thread-3315] INFO  impl.FollowerState (FollowerState.java:run(117)) - 8a63e1ae-032e-4bed-9f20-125a11f65413@group-091950D56227-FollowerState was interrupted: java.lang.InterruptedException: sleep interrupted
2019-10-20 17:41:05,312 [grpc-default-executor-3] INFO  impl.RoleInfo (RoleInfo.java:updateAndGet(143)) - 8a63e1ae-032e-4bed-9f20-125a11f65413: start FollowerState
2019-10-20 17:41:05,312 [grpc-default-executor-1] INFO  impl.RoleInfo (RoleInfo.java:updateAndGet(143)) - 7b1e61a0-7daf-43dd-99d5-9b325c1d31ae: start FollowerState
2019-10-20 17:41:05,312 [Thread-3316] INFO  impl.FollowerState (FollowerState.java:run(117)) - 7b1e61a0-7daf-43dd-99d5-9b325c1d31ae@group-091950D56227-FollowerState was interrupted: java.lang.InterruptedException: sleep interrupted
2019-10-20 17:41:05,336 [8f18dce1-0a3d-4b65-9c78-af3d58b2da7f@group-091950D56227-LeaderElection467] INFO  impl.LeaderElection (LeaderElection.java:logAndReturn(56)) - 8f18dce1-0a3d-4b65-9c78-af3d58b2da7f@group-091950D56227-LeaderElection467: Election REJECTED; received 2 response(s) [8f18dce1-0a3d-4b65-9c78-af3d58b2da7f<-8a63e1ae-032e-4bed-9f20-125a11f65413#0:FAIL-t550, 8f18dce1-0a3d-4b65-9c78-af3d58b2da7f<-7b1e61a0-7daf-43dd-99d5-9b325c1d31ae#0:FAIL-t550] and 0 exception(s); 8f18dce1-0a3d-4b65-9c78-af3d58b2da7f@group-091950D56227:t550, leader=null, voted=8f18dce1-0a3d-4b65-9c78-af3d58b2da7f, raftlog=8f18dce1-0a3d-4b65-9c78-af3d58b2da7f@group-091950D56227-SegmentedRaftLog:OPENED:c-1,f-1,i0, conf=-1: [8a63e1ae-032e-4bed-9f20-125a11f65413:0.0.0.0:38685, 8f18dce1-0a3d-4b65-9c78-af3d58b2da7f:0.0.0.0:42489, 7b1e61a0-7daf-43dd-99d5-9b325c1d31ae:0.0.0.0:38412], old=null
2019-10-20 17:41:05,336 [8f18dce1-0a3d-4b65-9c78-af3d58b2da7f@group-091950D56227-LeaderElection467] INFO  impl.RaftServerImpl (RaftServerImpl.java:setRole(184)) - 8f18dce1-0a3d-4b65-9c78-af3d58b2da7f@group-091950D56227: changes role from CANDIDATE to FOLLOWER at term 550 for DISCOVERED_A_NEW_TERM
2019-10-20 17:41:05,336 [8f18dce1-0a3d-4b65-9c78-af3d58b2da7f@group-091950D56227-LeaderElection467] INFO  impl.RoleInfo (RoleInfo.java:shutdownLeaderElection(134)) - 8f18dce1-0a3d-4b65-9c78-af3d58b2da7f: shutdown LeaderElection
2019-10-20 17:41:05,336 [8f18dce1-0a3d-4b65-9c78-af3d58b2da7f@group-091950D56227-LeaderElection467] INFO  impl.RoleInfo (RoleInfo.java:updateAndGet(143)) - 8f18dce1-0a3d-4b65-9c78-af3d58b2da7f: start FollowerState
2019-10-20 17:41:05,450 [Thread-3323] INFO  impl.FollowerState (FollowerState.java:run(108)) - 8f18dce1-0a3d-4b65-9c78-af3d58b2da7f@group-091950D56227-FollowerState: change to CANDIDATE, lastRpcTime:114ms, electionTimeout:114ms
2019-10-20 17:41:05,451 [Thread-3323] INFO  impl.RoleInfo (RoleInfo.java:shutdownFollowerState(121)) - 8f18dce1-0a3d-4b65-9c78-af3d58b2da7f: shutdown FollowerState
2019-10-20 17:41:05,451 [Thread-3323] INFO  impl.RaftServerImpl (RaftServerImpl.java:setRole(184)) - 8f18dce1-0a3d-4b65-9c78-af3d58b2da7f@group-091950D56227: changes role from  FOLLOWER to CANDIDATE at term 550 for changeToCandidate
2019-10-20 17:41:05,451 [Thread-3323] INFO  impl.RoleInfo (RoleInfo.java:updateAndGet(143)) - 8f18dce1-0a3d-4b65-9c78-af3d58b2da7f: start LeaderElection
2019-10-20 17:41:05,478 [8f18dce1-0a3d-4b65-9c78-af3d58b2da7f@group-091950D56227-LeaderElection468] INFO  impl.LeaderElection (LeaderElection.java:askForVotes(178)) - 8f18dce1-0a3d-4b65-9c78-af3d58b2da7f@group-091950D56227-LeaderElection468: begin an election at term 551 for -1: [8a63e1ae-032e-4bed-9f20-125a11f65413:0.0.0.0:38685, 8f18dce1-0a3d-4b65-9c78-af3d58b2da7f:0.0.0.0:42489, 7b1e61a0-7daf-43dd-99d5-9b325c1d31ae:0.0.0.0:38412], old=null
2019-10-20 17:41:05,479 [grpc-default-executor-1] INFO  impl.RaftServerImpl (RaftServerImpl.java:setRole(184)) - 8a63e1ae-032e-4bed-9f20-125a11f65413@group-091950D56227: changes role from  FOLLOWER to FOLLOWER at term 551 for recognizeCandidate:8f18dce1-0a3d-4b65-9c78-af3d58b2da7f
2019-10-20 17:41:05,479 [grpc-default-executor-1] INFO  impl.RoleInfo (RoleInfo.java:shutdownFollowerState(121)) - 8a63e1ae-032e-4bed-9f20-125a11f65413: shutdown FollowerState
2019-10-20 17:41:05,479 [grpc-default-executor-1] INFO  impl.RoleInfo (RoleInfo.java:updateAndGet(143)) - 8a63e1ae-032e-4bed-9f20-125a11f65413: start FollowerState
2019-10-20 17:41:05,479 [Thread-3321] INFO  impl.FollowerState (FollowerState.java:run(117)) - 8a63e1ae-032e-4bed-9f20-125a11f65413@group-091950D56227-FollowerState was interrupted: java.lang.InterruptedException: sleep interrupted
2019-10-20 17:41:05,479 [grpc-default-executor-3] INFO  impl.RaftServerImpl (RaftServerImpl.java:setRole(184)) - 7b1e61a0-7daf-43dd-99d5-9b325c1d31ae@group-091950D56227: changes role from  FOLLOWER to FOLLOWER at term 551 for recognizeCandidate:8f18dce1-0a3d-4b65-9c78-af3d58b2da7f
2019-10-20 17:41:05,480 [grpc-default-executor-3] INFO  impl.RoleInfo (RoleInfo.java:shutdownFollowerState(121)) - 7b1e61a0-7daf-43dd-99d5-9b325c1d31ae: shutdown FollowerState
2019-10-20 17:41:05,480 [grpc-default-executor-3] INFO  impl.RoleInfo (RoleInfo.java:updateAndGet(143)) - 7b1e61a0-7daf-43dd-99d5-9b325c1d31ae: start FollowerState
2019-10-20 17:41:05,480 [Thread-3322] INFO  impl.FollowerState (FollowerState.java:run(117)) - 7b1e61a0-7daf-43dd-99d5-9b325c1d31ae@group-091950D56227-FollowerState was interrupted: java.lang.InterruptedException: sleep interrupted
2019-10-20 17:41:05,504 [8f18dce1-0a3d-4b65-9c78-af3d58b2da7f@group-091950D56227-LeaderElection468] INFO  impl.LeaderElection (LeaderElection.java:logAndReturn(56)) - 8f18dce1-0a3d-4b65-9c78-af3d58b2da7f@group-091950D56227-LeaderElection468: Election REJECTED; received 2 response(s) [8f18dce1-0a3d-4b65-9c78-af3d58b2da7f<-8a63e1ae-032e-4bed-9f20-125a11f65413#0:FAIL-t551, 8f18dce1-0a3d-4b65-9c78-af3d58b2da7f<-7b1e61a0-7daf-43dd-99d5-9b325c1d31ae#0:FAIL-t551] and 0 exception(s); 8f18dce1-0a3d-4b65-9c78-af3d58b2da7f@group-091950D56227:t551, leader=null, voted=8f18dce1-0a3d-4b65-9c78-af3d58b2da7f, raftlog=8f18dce1-0a3d-4b65-9c78-af3d58b2da7f@group-091950D56227-SegmentedRaftLog:OPENED:c-1,f-1,i0, conf=-1: [8a63e1ae-032e-4bed-9f20-125a11f65413:0.0.0.0:38685, 8f18dce1-0a3d-4b65-9c78-af3d58b2da7f:0.0.0.0:42489, 7b1e61a0-7daf-43dd-99d5-9b325c1d31ae:0.0.0.0:38412], old=null
2019-10-20 17:41:05,504 [8f18dce1-0a3d-4b65-9c78-af3d58b2da7f@group-091950D56227-LeaderElection468] INFO  impl.RaftServerImpl (RaftServerImpl.java:setRole(184)) - 8f18dce1-0a3d-4b65-9c78-af3d58b2da7f@group-091950D56227: changes role from CANDIDATE to FOLLOWER at term 551 for DISCOVERED_A_NEW_TERM
2019-10-20 17:41:05,504 [8f18dce1-0a3d-4b65-9c78-af3d58b2da7f@group-091950D56227-LeaderElection468] INFO  impl.RoleInfo (RoleInfo.java:shutdownLeaderElection(134)) - 8f18dce1-0a3d-4b65-9c78-af3d58b2da7f: shutdown LeaderElection
2019-10-20 17:41:05,504 [8f18dce1-0a3d-4b65-9c78-af3d58b2da7f@group-091950D56227-LeaderElection468] INFO  impl.RoleInfo (RoleInfo.java:updateAndGet(143)) - 8f18dce1-0a3d-4b65-9c78-af3d58b2da7f: start FollowerState
2019-10-20 17:41:05,579 [Thread-3331] INFO  impl.FollowerState (FollowerState.java:run(108)) - 8f18dce1-0a3d-4b65-9c78-af3d58b2da7f@group-091950D56227-FollowerState: change to CANDIDATE, lastRpcTime:75ms, electionTimeout:75ms
2019-10-20 17:41:05,579 [Thread-3331] INFO  impl.RoleInfo (RoleInfo.java:shutdownFollowerState(121)) - 8f18dce1-0a3d-4b65-9c78-af3d58b2da7f: shutdown FollowerState
2019-10-20 17:41:05,580 [Thread-3331] INFO  impl.RaftServerImpl (RaftServerImpl.java:setRole(184)) - 8f18dce1-0a3d-4b65-9c78-af3d58b2da7f@group-091950D56227: changes role from  FOLLOWER to CANDIDATE at term 551 for changeToCandidate
2019-10-20 17:41:05,580 [Thread-3331] INFO  impl.RoleInfo (RoleInfo.java:updateAndGet(143)) - 8f18dce1-0a3d-4b65-9c78-af3d58b2da7f: start LeaderElection
2019-10-20 17:41:05,604 [8f18dce1-0a3d-4b65-9c78-af3d58b2da7f@group-091950D56227-LeaderElection469] INFO  impl.LeaderElection (LeaderElection.java:askForVotes(178)) - 8f18dce1-0a3d-4b65-9c78-af3d58b2da7f@group-091950D56227-LeaderElection469: begin an election at term 552 for -1: [8a63e1ae-032e-4bed-9f20-125a11f65413:0.0.0.0:38685, 8f18dce1-0a3d-4b65-9c78-af3d58b2da7f:0.0.0.0:42489, 7b1e61a0-7daf-43dd-99d5-9b325c1d31ae:0.0.0.0:38412], old=null
2019-10-20 17:41:05,605 [grpc-default-executor-3] INFO  impl.RaftServerImpl (RaftServerImpl.java:setRole(184)) - 8a63e1ae-032e-4bed-9f20-125a11f65413@group-091950D56227: changes role from  FOLLOWER to FOLLOWER at term 552 for recognizeCandidate:8f18dce1-0a3d-4b65-9c78-af3d58b2da7f
2019-10-20 17:41:05,605 [grpc-default-executor-1] INFO  impl.RaftServerImpl (RaftServerImpl.java:setRole(184)) - 7b1e61a0-7daf-43dd-99d5-9b325c1d31ae@group-091950D56227: changes role from  FOLLOWER to FOLLOWER at term 552 for recognizeCandidate:8f18dce1-0a3d-4b65-9c78-af3d58b2da7f
2019-10-20 17:41:05,605 [grpc-default-executor-1] INFO  impl.RoleInfo (RoleInfo.java:shutdownFollowerState(121)) - 7b1e61a0-7daf-43dd-99d5-9b325c1d31ae: shutdown FollowerState
2019-10-20 17:41:05,605 [grpc-default-executor-3] INFO  impl.RoleInfo (RoleInfo.java:shutdownFollowerState(121)) - 8a63e1ae-032e-4bed-9f20-125a11f65413: shutdown FollowerState
2019-10-20 17:41:05,606 [Thread-3328] INFO  impl.FollowerState (FollowerState.java:run(117)) - 7b1e61a0-7daf-43dd-99d5-9b325c1d31ae@group-091950D56227-FollowerState was interrupted: java.lang.InterruptedException: sleep interrupted
2019-10-20 17:41:05,606 [grpc-default-executor-1] INFO  impl.RoleInfo (RoleInfo.java:updateAndGet(143)) - 7b1e61a0-7daf-43dd-99d5-9b325c1d31ae: start FollowerState
2019-10-20 17:41:05,606 [Thread-3327] INFO  impl.FollowerState (FollowerState.java:run(117)) - 8a63e1ae-032e-4bed-9f20-125a11f65413@group-091950D56227-FollowerState was interrupted: java.lang.InterruptedException: sleep interrupted
2019-10-20 17:41:05,606 [grpc-default-executor-3] INFO  impl.RoleInfo (RoleInfo.java:updateAndGet(143)) - 8a63e1ae-032e-4bed-9f20-125a11f65413: start FollowerState
2019-10-20 17:41:05,630 [8f18dce1-0a3d-4b65-9c78-af3d58b2da7f@group-091950D56227-LeaderElection469] INFO  impl.LeaderElection (LeaderElection.java:logAndReturn(56)) - 8f18dce1-0a3d-4b65-9c78-af3d58b2da7f@group-091950D56227-LeaderElection469: Election REJECTED; received 2 response(s) [8f18dce1-0a3d-4b65-9c78-af3d58b2da7f<-8a63e1ae-032e-4bed-9f20-125a11f65413#0:FAIL-t552, 8f18dce1-0a3d-4b65-9c78-af3d58b2da7f<-7b1e61a0-7daf-43dd-99d5-9b325c1d31ae#0:FAIL-t552] and 0 exception(s); 8f18dce1-0a3d-4b65-9c78-af3d58b2da7f@group-091950D56227:t552, leader=null, voted=8f18dce1-0a3d-4b65-9c78-af3d58b2da7f, raftlog=8f18dce1-0a3d-4b65-9c78-af3d58b2da7f@group-091950D56227-SegmentedRaftLog:OPENED:c-1,f-1,i0, conf=-1: [8a63e1ae-032e-4bed-9f20-125a11f65413:0.0.0.0:38685, 8f18dce1-0a3d-4b65-9c78-af3d58b2da7f:0.0.0.0:42489, 7b1e61a0-7daf-43dd-99d5-9b325c1d31ae:0.0.0.0:38412], old=null
2019-10-20 17:41:05,630 [8f18dce1-0a3d-4b65-9c78-af3d58b2da7f@group-091950D56227-LeaderElection469] INFO  impl.RaftServerImpl (RaftServerImpl.java:setRole(184)) - 8f18dce1-0a3d-4b65-9c78-af3d58b2da7f@group-091950D56227: changes role from CANDIDATE to FOLLOWER at term 552 for DISCOVERED_A_NEW_TERM
2019-10-20 17:41:05,630 [8f18dce1-0a3d-4b65-9c78-af3d58b2da7f@group-091950D56227-LeaderElection469] INFO  impl.RoleInfo (RoleInfo.java:shutdownLeaderElection(134)) - 8f18dce1-0a3d-4b65-9c78-af3d58b2da7f: shutdown LeaderElection
2019-10-20 17:41:05,630 [8f18dce1-0a3d-4b65-9c78-af3d58b2da7f@group-091950D56227-LeaderElection469] INFO  impl.RoleInfo (RoleInfo.java:updateAndGet(143)) - 8f18dce1-0a3d-4b65-9c78-af3d58b2da7f: start FollowerState
2019-10-20 17:41:05,631 [Thread-3337] INFO  impl.FollowerState (FollowerState.java:run(108)) - 8f18dce1-0a3d-4b65-9c78-af3d58b2da7f@group-091950D56227-FollowerState: change to CANDIDATE, lastRpcTime:1ms, electionTimeout:1ms
2019-10-20 17:41:05,631 [Thread-3337] INFO  impl.RoleInfo (RoleInfo.java:shutdownFollowerState(121)) - 8f18dce1-0a3d-4b65-9c78-af3d58b2da7f: shutdown FollowerState
2019-10-20 17:41:05,631 [Thread-3337] INFO  impl.RaftServerImpl (RaftServerImpl.java:setRole(184)) - 8f18dce1-0a3d-4b65-9c78-af3d58b2da7f@group-091950D56227: changes role from  FOLLOWER to CANDIDATE at term 552 for changeToCandidate
2019-10-20 17:41:05,631 [Thread-3337] INFO  impl.RoleInfo (RoleInfo.java:updateAndGet(143)) - 8f18dce1-0a3d-4b65-9c78-af3d58b2da7f: start LeaderElection
2019-10-20 17:41:05,655 [8f18dce1-0a3d-4b65-9c78-af3d58b2da7f@group-091950D56227-LeaderElection470] INFO  impl.LeaderElection (LeaderElection.java:askForVotes(178)) - 8f18dce1-0a3d-4b65-9c78-af3d58b2da7f@group-091950D56227-LeaderElection470: begin an election at term 553 for -1: [8a63e1ae-032e-4bed-9f20-125a11f65413:0.0.0.0:38685, 8f18dce1-0a3d-4b65-9c78-af3d58b2da7f:0.0.0.0:42489, 7b1e61a0-7daf-43dd-99d5-9b325c1d31ae:0.0.0.0:38412], old=null
2019-10-20 17:41:05,656 [grpc-default-executor-1] INFO  impl.RaftServerImpl (RaftServerImpl.java:setRole(184)) - 8a63e1ae-032e-4bed-9f20-125a11f65413@group-091950D56227: changes role from  FOLLOWER to FOLLOWER at term 553 for recognizeCandidate:8f18dce1-0a3d-4b65-9c78-af3d58b2da7f
2019-10-20 17:41:05,656 [grpc-default-executor-1] INFO  impl.RoleInfo (RoleInfo.java:shutdownFollowerState(121)) - 8a63e1ae-032e-4bed-9f20-125a11f65413: shutdown FollowerState
2019-10-20 17:41:05,656 [grpc-default-executor-3] INFO  impl.RaftServerImpl (RaftServerImpl.java:setRole(184)) - 7b1e61a0-7daf-43dd-99d5-9b325c1d31ae@group-091950D56227: changes role from  FOLLOWER to FOLLOWER at term 553 for recognizeCandidate:8f18dce1-0a3d-4b65-9c78-af3d58b2da7f
2019-10-20 17:41:05,656 [grpc-default-executor-3] INFO  impl.RoleInfo (RoleInfo.java:shutdownFollowerState(121)) - 7b1e61a0-7daf-43dd-99d5-9b325c1d31ae: shutdown FollowerState
2019-10-20 17:41:05,656 [Thread-3336] INFO  impl.FollowerState (FollowerState.java:run(117)) - 8a63e1ae-032e-4bed-9f20-125a11f65413@group-091950D56227-FollowerState was interrupted: java.lang.InterruptedException: sleep interrupted
2019-10-20 17:41:05,656 [grpc-default-executor-1] INFO  impl.RoleInfo (RoleInfo.java:updateAndGet(143)) - 8a63e1ae-032e-4bed-9f20-125a11f65413: start FollowerState
2019-10-20 17:41:05,657 [Thread-3335] INFO  impl.FollowerState (FollowerState.java:run(117)) - 7b1e61a0-7daf-43dd-99d5-9b325c1d31ae@group-091950D56227-FollowerState was interrupted: java.lang.InterruptedException: sleep interrupted
2019-10-20 17:41:05,657 [grpc-default-executor-3] INFO  impl.RoleInfo (RoleInfo.java:updateAndGet(143)) - 7b1e61a0-7daf-43dd-99d5-9b325c1d31ae: start FollowerState
2019-10-20 17:41:05,681 [8f18dce1-0a3d-4b65-9c78-af3d58b2da7f@group-091950D56227-LeaderElection470] INFO  impl.LeaderElection (LeaderElection.java:logAndReturn(56)) - 8f18dce1-0a3d-4b65-9c78-af3d58b2da7f@group-091950D56227-LeaderElection470: Election REJECTED; received 2 response(s) [8f18dce1-0a3d-4b65-9c78-af3d58b2da7f<-8a63e1ae-032e-4bed-9f20-125a11f65413#0:FAIL-t553, 8f18dce1-0a3d-4b65-9c78-af3d58b2da7f<-7b1e61a0-7daf-43dd-99d5-9b325c1d31ae#0:FAIL-t553] and 0 exception(s); 8f18dce1-0a3d-4b65-9c78-af3d58b2da7f@group-091950D56227:t553, leader=null, voted=8f18dce1-0a3d-4b65-9c78-af3d58b2da7f, raftlog=8f18dce1-0a3d-4b65-9c78-af3d58b2da7f@group-091950D56227-SegmentedRaftLog:OPENED:c-1,f-1,i0, conf=-1: [8a63e1ae-032e-4bed-9f20-125a11f65413:0.0.0.0:38685, 8f18dce1-0a3d-4b65-9c78-af3d58b2da7f:0.0.0.0:42489, 7b1e61a0-7daf-43dd-99d5-9b325c1d31ae:0.0.0.0:38412], old=null
2019-10-20 17:41:05,681 [8f18dce1-0a3d-4b65-9c78-af3d58b2da7f@group-091950D56227-LeaderElection470] INFO  impl.RaftServerImpl (RaftServerImpl.java:setRole(184)) - 8f18dce1-0a3d-4b65-9c78-af3d58b2da7f@group-091950D56227: changes role from CANDIDATE to FOLLOWER at term 553 for DISCOVERED_A_NEW_TERM
2019-10-20 17:41:05,681 [8f18dce1-0a3d-4b65-9c78-af3d58b2da7f@group-091950D56227-LeaderElection470] INFO  impl.RoleInfo (RoleInfo.java:shutdownLeaderElection(134)) - 8f18dce1-0a3d-4b65-9c78-af3d58b2da7f: shutdown LeaderElection
2019-10-20 17:41:05,681 [8f18dce1-0a3d-4b65-9c78-af3d58b2da7f@group-091950D56227-LeaderElection470] INFO  impl.RoleInfo (RoleInfo.java:updateAndGet(143)) - 8f18dce1-0a3d-4b65-9c78-af3d58b2da7f: start FollowerState
2019-10-20 17:41:05,712 [Thread-3343] INFO  impl.FollowerState (FollowerState.java:run(108)) - 8f18dce1-0a3d-4b65-9c78-af3d58b2da7f@group-091950D56227-FollowerState: change to CANDIDATE, lastRpcTime:31ms, electionTimeout:31ms
2019-10-20 17:41:05,712 [Thread-3343] INFO  impl.RoleInfo (RoleInfo.java:shutdownFollowerState(121)) - 8f18dce1-0a3d-4b65-9c78-af3d58b2da7f: shutdown FollowerState
2019-10-20 17:41:05,712 [Thread-3343] INFO  impl.RaftServerImpl (RaftServerImpl.java:setRole(184)) - 8f18dce1-0a3d-4b65-9c78-af3d58b2da7f@group-091950D56227: changes role from  FOLLOWER to CANDIDATE at term 553 for changeToCandidate
2019-10-20 17:41:05,713 [Thread-3343] INFO  impl.RoleInfo (RoleInfo.java:updateAndGet(143)) - 8f18dce1-0a3d-4b65-9c78-af3d58b2da7f: start LeaderElection
2019-10-20 17:41:05,739 [8f18dce1-0a3d-4b65-9c78-af3d58b2da7f@group-091950D56227-LeaderElection471] INFO  impl.LeaderElection (LeaderElection.java:askForVotes(178)) - 8f18dce1-0a3d-4b65-9c78-af3d58b2da7f@group-091950D56227-LeaderElection471: begin an election at term 554 for -1: [8a63e1ae-032e-4bed-9f20-125a11f65413:0.0.0.0:38685, 8f18dce1-0a3d-4b65-9c78-af3d58b2da7f:0.0.0.0:42489, 7b1e61a0-7daf-43dd-99d5-9b325c1d31ae:0.0.0.0:38412], old=null
2019-10-20 17:41:05,740 [grpc-default-executor-1] INFO  impl.RaftServerImpl (RaftServerImpl.java:setRole(184)) - 8a63e1ae-032e-4bed-9f20-125a11f65413@group-091950D56227: changes role from  FOLLOWER to FOLLOWER at term 554 for recognizeCandidate:8f18dce1-0a3d-4b65-9c78-af3d58b2da7f
2019-10-20 17:41:05,740 [grpc-default-executor-1] INFO  impl.RoleInfo (RoleInfo.java:shutdownFollowerState(121)) - 8a63e1ae-032e-4bed-9f20-125a11f65413: shutdown FollowerState
2019-10-20 17:41:05,740 [grpc-default-executor-1] INFO  impl.RoleInfo (RoleInfo.java:updateAndGet(143)) - 8a63e1ae-032e-4bed-9f20-125a11f65413: start FollowerState
2019-10-20 17:41:05,740 [Thread-3341] INFO  impl.FollowerState (FollowerState.java:run(117)) - 8a63e1ae-032e-4bed-9f20-125a11f65413@group-091950D56227-FollowerState was interrupted: java.lang.InterruptedException: sleep interrupted
2019-10-20 17:41:05,741 [grpc-default-executor-3] INFO  impl.RaftServerImpl (RaftServerImpl.java:setRole(184)) - 7b1e61a0-7daf-43dd-99d5-9b325c1d31ae@group-091950D56227: changes role from  FOLLOWER to FOLLOWER at term 554 for recognizeCandidate:8f18dce1-0a3d-4b65-9c78-af3d58b2da7f
2019-10-20 17:41:05,741 [grpc-default-executor-3] INFO  impl.RoleInfo (RoleInfo.java:shutdownFollowerState(121)) - 7b1e61a0-7daf-43dd-99d5-9b325c1d31ae: shutdown FollowerState
2019-10-20 17:41:05,741 [grpc-default-executor-3] INFO  impl.RoleInfo (RoleInfo.java:updateAndGet(143)) - 7b1e61a0-7daf-43dd-99d5-9b325c1d31ae: start FollowerState
2019-10-20 17:41:05,741 [Thread-3342] INFO  impl.FollowerState (FollowerState.java:run(117)) - 7b1e61a0-7daf-43dd-99d5-9b325c1d31ae@group-091950D56227-FollowerState was interrupted: java.lang.InterruptedException: sleep interrupted
2019-10-20 17:41:05,765 [8f18dce1-0a3d-4b65-9c78-af3d58b2da7f@group-091950D56227-LeaderElection471] INFO  impl.LeaderElection (LeaderElection.java:logAndReturn(56)) - 8f18dce1-0a3d-4b65-9c78-af3d58b2da7f@group-091950D56227-LeaderElection471: Election REJECTED; received 2 response(s) [8f18dce1-0a3d-4b65-9c78-af3d58b2da7f<-8a63e1ae-032e-4bed-9f20-125a11f65413#0:FAIL-t554, 8f18dce1-0a3d-4b65-9c78-af3d58b2da7f<-7b1e61a0-7daf-43dd-99d5-9b325c1d31ae#0:FAIL-t554] and 0 exception(s); 8f18dce1-0a3d-4b65-9c78-af3d58b2da7f@group-091950D56227:t554, leader=null, voted=8f18dce1-0a3d-4b65-9c78-af3d58b2da7f, raftlog=8f18dce1-0a3d-4b65-9c78-af3d58b2da7f@group-091950D56227-SegmentedRaftLog:OPENED:c-1,f-1,i0, conf=-1: [8a63e1ae-032e-4bed-9f20-125a11f65413:0.0.0.0:38685, 8f18dce1-0a3d-4b65-9c78-af3d58b2da7f:0.0.0.0:42489, 7b1e61a0-7daf-43dd-99d5-9b325c1d31ae:0.0.0.0:38412], old=null
2019-10-20 17:41:05,765 [8f18dce1-0a3d-4b65-9c78-af3d58b2da7f@group-091950D56227-LeaderElection471] INFO  impl.RaftServerImpl (RaftServerImpl.java:setRole(184)) - 8f18dce1-0a3d-4b65-9c78-af3d58b2da7f@group-091950D56227: changes role from CANDIDATE to FOLLOWER at term 554 for DISCOVERED_A_NEW_TERM
2019-10-20 17:41:05,765 [8f18dce1-0a3d-4b65-9c78-af3d58b2da7f@group-091950D56227-LeaderElection471] INFO  impl.RoleInfo (RoleInfo.java:shutdownLeaderElection(134)) - 8f18dce1-0a3d-4b65-9c78-af3d58b2da7f: shutdown LeaderElection
2019-10-20 17:41:05,765 [8f18dce1-0a3d-4b65-9c78-af3d58b2da7f@group-091950D56227-LeaderElection471] INFO  impl.RoleInfo (RoleInfo.java:updateAndGet(143)) - 8f18dce1-0a3d-4b65-9c78-af3d58b2da7f: start FollowerState
2019-10-20 17:41:05,885 [Thread-3349] INFO  impl.FollowerState (FollowerState.java:run(108)) - 8f18dce1-0a3d-4b65-9c78-af3d58b2da7f@group-091950D56227-FollowerState: change to CANDIDATE, lastRpcTime:119ms, electionTimeout:119ms
2019-10-20 17:41:05,885 [Thread-3349] INFO  impl.RoleInfo (RoleInfo.java:shutdownFollowerState(121)) - 8f18dce1-0a3d-4b65-9c78-af3d58b2da7f: shutdown FollowerState
2019-10-20 17:41:05,885 [Thread-3349] INFO  impl.RaftServerImpl (RaftServerImpl.java:setRole(184)) - 8f18dce1-0a3d-4b65-9c78-af3d58b2da7f@group-091950D56227: changes role from  FOLLOWER to CANDIDATE at term 554 for changeToCandidate
2019-10-20 17:41:05,885 [Thread-3349] INFO  impl.RoleInfo (RoleInfo.java:updateAndGet(143)) - 8f18dce1-0a3d-4b65-9c78-af3d58b2da7f: start LeaderElection
2019-10-20 17:41:05,915 [8f18dce1-0a3d-4b65-9c78-af3d58b2da7f@group-091950D56227-LeaderElection472] INFO  impl.LeaderElection (LeaderElection.java:askForVotes(178)) - 8f18dce1-0a3d-4b65-9c78-af3d58b2da7f@group-091950D56227-LeaderElection472: begin an election at term 555 for -1: [8a63e1ae-032e-4bed-9f20-125a11f65413:0.0.0.0:38685, 8f18dce1-0a3d-4b65-9c78-af3d58b2da7f:0.0.0.0:42489, 7b1e61a0-7daf-43dd-99d5-9b325c1d31ae:0.0.0.0:38412], old=null
2019-10-20 17:41:05,917 [grpc-default-executor-1] INFO  impl.RaftServerImpl (RaftServerImpl.java:setRole(184)) - 8a63e1ae-032e-4bed-9f20-125a11f65413@group-091950D56227: changes role from  FOLLOWER to FOLLOWER at term 555 for recognizeCandidate:8f18dce1-0a3d-4b65-9c78-af3d58b2da7f
2019-10-20 17:41:05,917 [grpc-default-executor-1] INFO  impl.RoleInfo (RoleInfo.java:shutdownFollowerState(121)) - 8a63e1ae-032e-4bed-9f20-125a11f65413: shutdown FollowerState
2019-10-20 17:41:05,917 [grpc-default-executor-3] INFO  impl.RaftServerImpl (RaftServerImpl.java:setRole(184)) - 7b1e61a0-7daf-43dd-99d5-9b325c1d31ae@group-091950D56227: changes role from  FOLLOWER to FOLLOWER at term 555 for recognizeCandidate:8f18dce1-0a3d-4b65-9c78-af3d58b2da7f
2019-10-20 17:41:05,917 [grpc-default-executor-3] INFO  impl.RoleInfo (RoleInfo.java:shutdownFollowerState(121)) - 7b1e61a0-7daf-43dd-99d5-9b325c1d31ae: shutdown FollowerState
2019-10-20 17:41:05,917 [Thread-3347] INFO  impl.FollowerState (FollowerState.java:run(117)) - 8a63e1ae-032e-4bed-9f20-125a11f65413@group-091950D56227-FollowerState was interrupted: java.lang.InterruptedException: sleep interrupted
2019-10-20 17:41:05,917 [grpc-default-executor-1] INFO  impl.RoleInfo (RoleInfo.java:updateAndGet(143)) - 8a63e1ae-032e-4bed-9f20-125a11f65413: start FollowerState
2019-10-20 17:41:05,918 [Thread-3348] INFO  impl.FollowerState (FollowerState.java:run(117)) - 7b1e61a0-7daf-43dd-99d5-9b325c1d31ae@group-091950D56227-FollowerState was interrupted: java.lang.InterruptedException: sleep interrupted
2019-10-20 17:41:05,918 [grpc-default-executor-3] INFO  impl.RoleInfo (RoleInfo.java:updateAndGet(143)) - 7b1e61a0-7daf-43dd-99d5-9b325c1d31ae: start FollowerState
2019-10-20 17:41:05,941 [8f18dce1-0a3d-4b65-9c78-af3d58b2da7f@group-091950D56227-LeaderElection472] INFO  impl.LeaderElection (LeaderElection.java:logAndReturn(56)) - 8f18dce1-0a3d-4b65-9c78-af3d58b2da7f@group-091950D56227-LeaderElection472: Election REJECTED; received 2 response(s) [8f18dce1-0a3d-4b65-9c78-af3d58b2da7f<-8a63e1ae-032e-4bed-9f20-125a11f65413#0:FAIL-t555, 8f18dce1-0a3d-4b65-9c78-af3d58b2da7f<-7b1e61a0-7daf-43dd-99d5-9b325c1d31ae#0:FAIL-t555] and 0 exception(s); 8f18dce1-0a3d-4b65-9c78-af3d58b2da7f@group-091950D56227:t555, leader=null, voted=8f18dce1-0a3d-4b65-9c78-af3d58b2da7f, raftlog=8f18dce1-0a3d-4b65-9c78-af3d58b2da7f@group-091950D56227-SegmentedRaftLog:OPENED:c-1,f-1,i0, conf=-1: [8a63e1ae-032e-4bed-9f20-125a11f65413:0.0.0.0:38685, 8f18dce1-0a3d-4b65-9c78-af3d58b2da7f:0.0.0.0:42489, 7b1e61a0-7daf-43dd-99d5-9b325c1d31ae:0.0.0.0:38412], old=null
2019-10-20 17:41:05,941 [8f18dce1-0a3d-4b65-9c78-af3d58b2da7f@group-091950D56227-LeaderElection472] INFO  impl.RaftServerImpl (RaftServerImpl.java:setRole(184)) - 8f18dce1-0a3d-4b65-9c78-af3d58b2da7f@group-091950D56227: changes role from CANDIDATE to FOLLOWER at term 555 for DISCOVERED_A_NEW_TERM
2019-10-20 17:41:05,941 [8f18dce1-0a3d-4b65-9c78-af3d58b2da7f@group-091950D56227-LeaderElection472] INFO  impl.RoleInfo (RoleInfo.java:shutdownLeaderElection(134)) - 8f18dce1-0a3d-4b65-9c78-af3d58b2da7f: shutdown LeaderElection
2019-10-20 17:41:05,942 [8f18dce1-0a3d-4b65-9c78-af3d58b2da7f@group-091950D56227-LeaderElection472] INFO  impl.RoleInfo (RoleInfo.java:updateAndGet(143)) - 8f18dce1-0a3d-4b65-9c78-af3d58b2da7f: start FollowerState
2019-10-20 17:41:06,136 [Thread-3355] INFO  impl.FollowerState (FollowerState.java:run(108)) - 8f18dce1-0a3d-4b65-9c78-af3d58b2da7f@group-091950D56227-FollowerState: change to CANDIDATE, lastRpcTime:194ms, electionTimeout:194ms
2019-10-20 17:41:06,136 [Thread-3355] INFO  impl.RoleInfo (RoleInfo.java:shutdownFollowerState(121)) - 8f18dce1-0a3d-4b65-9c78-af3d58b2da7f: shutdown FollowerState
2019-10-20 17:41:06,136 [Thread-3355] INFO  impl.RaftServerImpl (RaftServerImpl.java:setRole(184)) - 8f18dce1-0a3d-4b65-9c78-af3d58b2da7f@group-091950D56227: changes role from  FOLLOWER to CANDIDATE at term 555 for changeToCandidate
2019-10-20 17:41:06,137 [Thread-3355] INFO  impl.RoleInfo (RoleInfo.java:updateAndGet(143)) - 8f18dce1-0a3d-4b65-9c78-af3d58b2da7f: start LeaderElection
2019-10-20 17:41:06,174 [8f18dce1-0a3d-4b65-9c78-af3d58b2da7f@group-091950D56227-LeaderElection473] INFO  impl.LeaderElection (LeaderElection.java:askForVotes(178)) - 8f18dce1-0a3d-4b65-9c78-af3d58b2da7f@group-091950D56227-LeaderElection473: begin an election at term 556 for -1: [8a63e1ae-032e-4bed-9f20-125a11f65413:0.0.0.0:38685, 8f18dce1-0a3d-4b65-9c78-af3d58b2da7f:0.0.0.0:42489, 7b1e61a0-7daf-43dd-99d5-9b325c1d31ae:0.0.0.0:38412], old=null
2019-10-20 17:41:06,176 [grpc-default-executor-1] INFO  impl.RaftServerImpl (RaftServerImpl.java:setRole(184)) - 7b1e61a0-7daf-43dd-99d5-9b325c1d31ae@group-091950D56227: changes role from  FOLLOWER to FOLLOWER at term 556 for recognizeCandidate:8f18dce1-0a3d-4b65-9c78-af3d58b2da7f
2019-10-20 17:41:06,176 [grpc-default-executor-3] INFO  impl.RaftServerImpl (RaftServerImpl.java:setRole(184)) - 8a63e1ae-032e-4bed-9f20-125a11f65413@group-091950D56227: changes role from  FOLLOWER to FOLLOWER at term 556 for recognizeCandidate:8f18dce1-0a3d-4b65-9c78-af3d58b2da7f
2019-10-20 17:41:06,176 [grpc-default-executor-1] INFO  impl.RoleInfo (RoleInfo.java:shutdownFollowerState(121)) - 7b1e61a0-7daf-43dd-99d5-9b325c1d31ae: shutdown FollowerState
2019-10-20 17:41:06,176 [grpc-default-executor-3] INFO  impl.RoleInfo (RoleInfo.java:shutdownFollowerState(121)) - 8a63e1ae-032e-4bed-9f20-125a11f65413: shutdown FollowerState
2019-10-20 17:41:06,177 [Thread-3354] INFO  impl.FollowerState (FollowerState.java:run(117)) - 7b1e61a0-7daf-43dd-99d5-9b325c1d31ae@group-091950D56227-FollowerState was interrupted: java.lang.InterruptedException: sleep interrupted
2019-10-20 17:41:06,176 [grpc-default-executor-1] INFO  impl.RoleInfo (RoleInfo.java:updateAndGet(143)) - 7b1e61a0-7daf-43dd-99d5-9b325c1d31ae: start FollowerState
2019-10-20 17:41:06,177 [Thread-3353] INFO  impl.FollowerState (FollowerState.java:run(117)) - 8a63e1ae-032e-4bed-9f20-125a11f65413@group-091950D56227-FollowerState was interrupted: java.lang.InterruptedException: sleep interrupted
2019-10-20 17:41:06,177 [grpc-default-executor-3] INFO  impl.RoleInfo (RoleInfo.java:updateAndGet(143)) - 8a63e1ae-032e-4bed-9f20-125a11f65413: start FollowerState
2019-10-20 17:41:06,200 [8f18dce1-0a3d-4b65-9c78-af3d58b2da7f@group-091950D56227-LeaderElection473] INFO  impl.LeaderElection (LeaderElection.java:logAndReturn(56)) - 8f18dce1-0a3d-4b65-9c78-af3d58b2da7f@group-091950D56227-LeaderElection473: Election REJECTED; received 2 response(s) [8f18dce1-0a3d-4b65-9c78-af3d58b2da7f<-8a63e1ae-032e-4bed-9f20-125a11f65413#0:FAIL-t556, 8f18dce1-0a3d-4b65-9c78-af3d58b2da7f<-7b1e61a0-7daf-43dd-99d5-9b325c1d31ae#0:FAIL-t556] and 0 exception(s); 8f18dce1-0a3d-4b65-9c78-af3d58b2da7f@group-091950D56227:t556, leader=null, voted=8f18dce1-0a3d-4b65-9c78-af3d58b2da7f, raftlog=8f18dce1-0a3d-4b65-9c78-af3d58b2da7f@group-091950D56227-SegmentedRaftLog:OPENED:c-1,f-1,i0, conf=-1: [8a63e1ae-032e-4bed-9f20-125a11f65413:0.0.0.0:38685, 8f18dce1-0a3d-4b65-9c78-af3d58b2da7f:0.0.0.0:42489, 7b1e61a0-7daf-43dd-99d5-9b325c1d31ae:0.0.0.0:38412], old=null
2019-10-20 17:41:06,200 [8f18dce1-0a3d-4b65-9c78-af3d58b2da7f@group-091950D56227-LeaderElection473] INFO  impl.RaftServerImpl (RaftServerImpl.java:setRole(184)) - 8f18dce1-0a3d-4b65-9c78-af3d58b2da7f@group-091950D56227: changes role from CANDIDATE to FOLLOWER at term 556 for DISCOVERED_A_NEW_TERM
2019-10-20 17:41:06,200 [8f18dce1-0a3d-4b65-9c78-af3d58b2da7f@group-091950D56227-LeaderElection473] INFO  impl.RoleInfo (RoleInfo.java:shutdownLeaderElection(134)) - 8f18dce1-0a3d-4b65-9c78-af3d58b2da7f: shutdown LeaderElection
2019-10-20 17:41:06,201 [8f18dce1-0a3d-4b65-9c78-af3d58b2da7f@group-091950D56227-LeaderElection473] INFO  impl.RoleInfo (RoleInfo.java:updateAndGet(143)) - 8f18dce1-0a3d-4b65-9c78-af3d58b2da7f: start FollowerState
2019-10-20 17:41:06,208 [Thread-3361] INFO  impl.FollowerState (FollowerState.java:run(108)) - 8f18dce1-0a3d-4b65-9c78-af3d58b2da7f@group-091950D56227-FollowerState: change to CANDIDATE, lastRpcTime:7ms, electionTimeout:7ms
2019-10-20 17:41:06,208 [Thread-3361] INFO  impl.RoleInfo (RoleInfo.java:shutdownFollowerState(121)) - 8f18dce1-0a3d-4b65-9c78-af3d58b2da7f: shutdown FollowerState
2019-10-20 17:41:06,208 [Thread-3361] INFO  impl.RaftServerImpl (RaftServerImpl.java:setRole(184)) - 8f18dce1-0a3d-4b65-9c78-af3d58b2da7f@group-091950D56227: changes role from  FOLLOWER to CANDIDATE at term 556 for changeToCandidate
2019-10-20 17:41:06,208 [Thread-3361] INFO  impl.RoleInfo (RoleInfo.java:updateAndGet(143)) - 8f18dce1-0a3d-4b65-9c78-af3d58b2da7f: start LeaderElection
2019-10-20 17:41:06,235 [8f18dce1-0a3d-4b65-9c78-af3d58b2da7f@group-091950D56227-LeaderElection474] INFO  impl.LeaderElection (LeaderElection.java:askForVotes(178)) - 8f18dce1-0a3d-4b65-9c78-af3d58b2da7f@group-091950D56227-LeaderElection474: begin an election at term 557 for -1: [8a63e1ae-032e-4bed-9f20-125a11f65413:0.0.0.0:38685, 8f18dce1-0a3d-4b65-9c78-af3d58b2da7f:0.0.0.0:42489, 7b1e61a0-7daf-43dd-99d5-9b325c1d31ae:0.0.0.0:38412], old=null
2019-10-20 17:41:06,236 [grpc-default-executor-3] INFO  impl.RaftServerImpl (RaftServerImpl.java:setRole(184)) - 8a63e1ae-032e-4bed-9f20-125a11f65413@group-091950D56227: changes role from  FOLLOWER to FOLLOWER at term 557 for recognizeCandidate:8f18dce1-0a3d-4b65-9c78-af3d58b2da7f
2019-10-20 17:41:06,236 [grpc-default-executor-1] INFO  impl.RaftServerImpl (RaftServerImpl.java:setRole(184)) - 7b1e61a0-7daf-43dd-99d5-9b325c1d31ae@group-091950D56227: changes role from  FOLLOWER to FOLLOWER at term 557 for recognizeCandidate:8f18dce1-0a3d-4b65-9c78-af3d58b2da7f
2019-10-20 17:41:06,236 [grpc-default-executor-1] INFO  impl.RoleInfo (RoleInfo.java:shutdownFollowerState(121)) - 7b1e61a0-7daf-43dd-99d5-9b325c1d31ae: shutdown FollowerState
2019-10-20 17:41:06,236 [grpc-default-executor-3] INFO  impl.RoleInfo (RoleInfo.java:shutdownFollowerState(121)) - 8a63e1ae-032e-4bed-9f20-125a11f65413: shutdown FollowerState
2019-10-20 17:41:06,236 [grpc-default-executor-1] INFO  impl.RoleInfo (RoleInfo.java:updateAndGet(143)) - 7b1e61a0-7daf-43dd-99d5-9b325c1d31ae: start FollowerState
2019-10-20 17:41:06,236 [Thread-3359] INFO  impl.FollowerState (FollowerState.java:run(117)) - 7b1e61a0-7daf-43dd-99d5-9b325c1d31ae@group-091950D56227-FollowerState was interrupted: java.lang.InterruptedException: sleep interrupted
2019-10-20 17:41:06,237 [Thread-3360] INFO  impl.FollowerState (FollowerState.java:run(117)) - 8a63e1ae-032e-4bed-9f20-125a11f65413@group-091950D56227-FollowerState was interrupted: java.lang.InterruptedException: sleep interrupted
2019-10-20 17:41:06,237 [grpc-default-executor-3] INFO  impl.RoleInfo (RoleInfo.java:updateAndGet(143)) - 8a63e1ae-032e-4bed-9f20-125a11f65413: start FollowerState
2019-10-20 17:41:06,261 [8f18dce1-0a3d-4b65-9c78-af3d58b2da7f@group-091950D56227-LeaderElection474] INFO  impl.LeaderElection (LeaderElection.java:logAndReturn(56)) - 8f18dce1-0a3d-4b65-9c78-af3d58b2da7f@group-091950D56227-LeaderElection474: Election REJECTED; received 2 response(s) [8f18dce1-0a3d-4b65-9c78-af3d58b2da7f<-8a63e1ae-032e-4bed-9f20-125a11f65413#0:FAIL-t557, 8f18dce1-0a3d-4b65-9c78-af3d58b2da7f<-7b1e61a0-7daf-43dd-99d5-9b325c1d31ae#0:FAIL-t557] and 0 exception(s); 8f18dce1-0a3d-4b65-9c78-af3d58b2da7f@group-091950D56227:t557, leader=null, voted=8f18dce1-0a3d-4b65-9c78-af3d58b2da7f, raftlog=8f18dce1-0a3d-4b65-9c78-af3d58b2da7f@group-091950D56227-SegmentedRaftLog:OPENED:c-1,f-1,i0, conf=-1: [8a63e1ae-032e-4bed-9f20-125a11f65413:0.0.0.0:38685, 8f18dce1-0a3d-4b65-9c78-af3d58b2da7f:0.0.0.0:42489, 7b1e61a0-7daf-43dd-99d5-9b325c1d31ae:0.0.0.0:38412], old=null
2019-10-20 17:41:06,261 [8f18dce1-0a3d-4b65-9c78-af3d58b2da7f@group-091950D56227-LeaderElection474] INFO  impl.RaftServerImpl (RaftServerImpl.java:setRole(184)) - 8f18dce1-0a3d-4b65-9c78-af3d58b2da7f@group-091950D56227: changes role from CANDIDATE to FOLLOWER at term 557 for DISCOVERED_A_NEW_TERM
2019-10-20 17:41:06,261 [8f18dce1-0a3d-4b65-9c78-af3d58b2da7f@group-091950D56227-LeaderElection474] INFO  impl.RoleInfo (RoleInfo.java:shutdownLeaderElection(134)) - 8f18dce1-0a3d-4b65-9c78-af3d58b2da7f: shutdown LeaderElection
2019-10-20 17:41:06,261 [8f18dce1-0a3d-4b65-9c78-af3d58b2da7f@group-091950D56227-LeaderElection474] INFO  impl.RoleInfo (RoleInfo.java:updateAndGet(143)) - 8f18dce1-0a3d-4b65-9c78-af3d58b2da7f: start FollowerState
2019-10-20 17:41:06,393 [Thread-3367] INFO  impl.FollowerState (FollowerState.java:run(108)) - 8f18dce1-0a3d-4b65-9c78-af3d58b2da7f@group-091950D56227-FollowerState: change to CANDIDATE, lastRpcTime:132ms, electionTimeout:132ms
2019-10-20 17:41:06,394 [Thread-3367] INFO  impl.RoleInfo (RoleInfo.java:shutdownFollowerState(121)) - 8f18dce1-0a3d-4b65-9c78-af3d58b2da7f: shutdown FollowerState
2019-10-20 17:41:06,394 [Thread-3367] INFO  impl.RaftServerImpl (RaftServerImpl.java:setRole(184)) - 8f18dce1-0a3d-4b65-9c78-af3d58b2da7f@group-091950D56227: changes role from  FOLLOWER to CANDIDATE at term 557 for changeToCandidate
2019-10-20 17:41:06,394 [Thread-3367] INFO  impl.RoleInfo (RoleInfo.java:updateAndGet(143)) - 8f18dce1-0a3d-4b65-9c78-af3d58b2da7f: start LeaderElection
2019-10-20 17:41:06,419 [8f18dce1-0a3d-4b65-9c78-af3d58b2da7f@group-091950D56227-LeaderElection475] INFO  impl.LeaderElection (LeaderElection.java:askForVotes(178)) - 8f18dce1-0a3d-4b65-9c78-af3d58b2da7f@group-091950D56227-LeaderElection475: begin an election at term 558 for -1: [8a63e1ae-032e-4bed-9f20-125a11f65413:0.0.0.0:38685, 8f18dce1-0a3d-4b65-9c78-af3d58b2da7f:0.0.0.0:42489, 7b1e61a0-7daf-43dd-99d5-9b325c1d31ae:0.0.0.0:38412], old=null
2019-10-20 17:41:06,421 [grpc-default-executor-3] INFO  impl.RaftServerImpl (RaftServerImpl.java:setRole(184)) - 8a63e1ae-032e-4bed-9f20-125a11f65413@group-091950D56227: changes role from  FOLLOWER to FOLLOWER at term 558 for recognizeCandidate:8f18dce1-0a3d-4b65-9c78-af3d58b2da7f
2019-10-20 17:41:06,421 [grpc-default-executor-3] INFO  impl.RoleInfo (RoleInfo.java:shutdownFollowerState(121)) - 8a63e1ae-032e-4bed-9f20-125a11f65413: shutdown FollowerState
2019-10-20 17:41:06,421 [grpc-default-executor-1] INFO  impl.RaftServerImpl (RaftServerImpl.java:setRole(184)) - 7b1e61a0-7daf-43dd-99d5-9b325c1d31ae@group-091950D56227: changes role from  FOLLOWER to FOLLOWER at term 558 for recognizeCandidate:8f18dce1-0a3d-4b65-9c78-af3d58b2da7f
2019-10-20 17:41:06,421 [grpc-default-executor-1] INFO  impl.RoleInfo (RoleInfo.java:shutdownFollowerState(121)) - 7b1e61a0-7daf-43dd-99d5-9b325c1d31ae: shutdown FollowerState
2019-10-20 17:41:06,421 [Thread-3366] INFO  impl.FollowerState (FollowerState.java:run(117)) - 8a63e1ae-032e-4bed-9f20-125a11f65413@group-091950D56227-FollowerState was interrupted: java.lang.InterruptedException: sleep interrupted
2019-10-20 17:41:06,422 [Thread-3365] INFO  impl.FollowerState (FollowerState.java:run(117)) - 7b1e61a0-7daf-43dd-99d5-9b325c1d31ae@group-091950D56227-FollowerState was interrupted: java.lang.InterruptedException: sleep interrupted
2019-10-20 17:41:06,421 [grpc-default-executor-3] INFO  impl.RoleInfo (RoleInfo.java:updateAndGet(143)) - 8a63e1ae-032e-4bed-9f20-125a11f65413: start FollowerState
2019-10-20 17:41:06,422 [grpc-default-executor-1] INFO  impl.RoleInfo (RoleInfo.java:updateAndGet(143)) - 7b1e61a0-7daf-43dd-99d5-9b325c1d31ae: start FollowerState
2019-10-20 17:41:06,445 [8f18dce1-0a3d-4b65-9c78-af3d58b2da7f@group-091950D56227-LeaderElection475] INFO  impl.LeaderElection (LeaderElection.java:logAndReturn(56)) - 8f18dce1-0a3d-4b65-9c78-af3d58b2da7f@group-091950D56227-LeaderElection475: Election REJECTED; received 2 response(s) [8f18dce1-0a3d-4b65-9c78-af3d58b2da7f<-8a63e1ae-032e-4bed-9f20-125a11f65413#0:FAIL-t558, 8f18dce1-0a3d-4b65-9c78-af3d58b2da7f<-7b1e61a0-7daf-43dd-99d5-9b325c1d31ae#0:FAIL-t558] and 0 exception(s); 8f18dce1-0a3d-4b65-9c78-af3d58b2da7f@group-091950D56227:t558, leader=null, voted=8f18dce1-0a3d-4b65-9c78-af3d58b2da7f, raftlog=8f18dce1-0a3d-4b65-9c78-af3d58b2da7f@group-091950D56227-SegmentedRaftLog:OPENED:c-1,f-1,i0, conf=-1: [8a63e1ae-032e-4bed-9f20-125a11f65413:0.0.0.0:38685, 8f18dce1-0a3d-4b65-9c78-af3d58b2da7f:0.0.0.0:42489, 7b1e61a0-7daf-43dd-99d5-9b325c1d31ae:0.0.0.0:38412], old=null
2019-10-20 17:41:06,446 [8f18dce1-0a3d-4b65-9c78-af3d58b2da7f@group-091950D56227-LeaderElection475] INFO  impl.RaftServerImpl (RaftServerImpl.java:setRole(184)) - 8f18dce1-0a3d-4b65-9c78-af3d58b2da7f@group-091950D56227: changes role from CANDIDATE to FOLLOWER at term 558 for DISCOVERED_A_NEW_TERM
2019-10-20 17:41:06,446 [8f18dce1-0a3d-4b65-9c78-af3d58b2da7f@group-091950D56227-LeaderElection475] INFO  impl.RoleInfo (RoleInfo.java:shutdownLeaderElection(134)) - 8f18dce1-0a3d-4b65-9c78-af3d58b2da7f: shutdown LeaderElection
2019-10-20 17:41:06,446 [8f18dce1-0a3d-4b65-9c78-af3d58b2da7f@group-091950D56227-LeaderElection475] INFO  impl.RoleInfo (RoleInfo.java:updateAndGet(143)) - 8f18dce1-0a3d-4b65-9c78-af3d58b2da7f: start FollowerState
2019-10-20 17:41:06,572 [Thread-3373] INFO  impl.FollowerState (FollowerState.java:run(108)) - 8f18dce1-0a3d-4b65-9c78-af3d58b2da7f@group-091950D56227-FollowerState: change to CANDIDATE, lastRpcTime:126ms, electionTimeout:126ms
2019-10-20 17:41:06,573 [Thread-3373] INFO  impl.RoleInfo (RoleInfo.java:shutdownFollowerState(121)) - 8f18dce1-0a3d-4b65-9c78-af3d58b2da7f: shutdown FollowerState
2019-10-20 17:41:06,573 [Thread-3373] INFO  impl.RaftServerImpl (RaftServerImpl.java:setRole(184)) - 8f18dce1-0a3d-4b65-9c78-af3d58b2da7f@group-091950D56227: changes role from  FOLLOWER to CANDIDATE at term 558 for changeToCandidate
2019-10-20 17:41:06,573 [Thread-3373] INFO  impl.RoleInfo (RoleInfo.java:updateAndGet(143)) - 8f18dce1-0a3d-4b65-9c78-af3d58b2da7f: start LeaderElection
2019-10-20 17:41:06,603 [8f18dce1-0a3d-4b65-9c78-af3d58b2da7f@group-091950D56227-LeaderElection476] INFO  impl.LeaderElection (LeaderElection.java:askForVotes(178)) - 8f18dce1-0a3d-4b65-9c78-af3d58b2da7f@group-091950D56227-LeaderElection476: begin an election at term 559 for -1: [8a63e1ae-032e-4bed-9f20-125a11f65413:0.0.0.0:38685, 8f18dce1-0a3d-4b65-9c78-af3d58b2da7f:0.0.0.0:42489, 7b1e61a0-7daf-43dd-99d5-9b325c1d31ae:0.0.0.0:38412], old=null
2019-10-20 17:41:06,606 [grpc-default-executor-3] INFO  impl.RaftServerImpl (RaftServerImpl.java:setRole(184)) - 8a63e1ae-032e-4bed-9f20-125a11f65413@group-091950D56227: changes role from  FOLLOWER to FOLLOWER at term 559 for recognizeCandidate:8f18dce1-0a3d-4b65-9c78-af3d58b2da7f
2019-10-20 17:41:06,606 [grpc-default-executor-3] INFO  impl.RoleInfo (RoleInfo.java:shutdownFollowerState(121)) - 8a63e1ae-032e-4bed-9f20-125a11f65413: shutdown FollowerState
2019-10-20 17:41:06,606 [grpc-default-executor-3] INFO  impl.RoleInfo (RoleInfo.java:updateAndGet(143)) - 8a63e1ae-032e-4bed-9f20-125a11f65413: start FollowerState
2019-10-20 17:41:06,606 [grpc-default-executor-1] INFO  impl.RaftServerImpl (RaftServerImpl.java:setRole(184)) - 7b1e61a0-7daf-43dd-99d5-9b325c1d31ae@group-091950D56227: changes role from  FOLLOWER to FOLLOWER at term 559 for recognizeCandidate:8f18dce1-0a3d-4b65-9c78-af3d58b2da7f
2019-10-20 17:41:06,608 [grpc-default-executor-1] INFO  impl.RoleInfo (RoleInfo.java:shutdownFollowerState(121)) - 7b1e61a0-7daf-43dd-99d5-9b325c1d31ae: shutdown FollowerState
2019-10-20 17:41:06,606 [Thread-3371] INFO  impl.FollowerState (FollowerState.java:run(117)) - 8a63e1ae-032e-4bed-9f20-125a11f65413@group-091950D56227-FollowerState was interrupted: java.lang.InterruptedException: sleep interrupted
2019-10-20 17:41:06,608 [Thread-3372] INFO  impl.FollowerState (FollowerState.java:run(117)) - 7b1e61a0-7daf-43dd-99d5-9b325c1d31ae@group-091950D56227-FollowerState was interrupted: java.lang.InterruptedException: sleep interrupted
2019-10-20 17:41:06,608 [grpc-default-executor-1] INFO  impl.RoleInfo (RoleInfo.java:updateAndGet(143)) - 7b1e61a0-7daf-43dd-99d5-9b325c1d31ae: start FollowerState
2019-10-20 17:41:06,629 [8f18dce1-0a3d-4b65-9c78-af3d58b2da7f@group-091950D56227-LeaderElection476] INFO  impl.LeaderElection (LeaderElection.java:logAndReturn(56)) - 8f18dce1-0a3d-4b65-9c78-af3d58b2da7f@group-091950D56227-LeaderElection476: Election REJECTED; received 2 response(s) [8f18dce1-0a3d-4b65-9c78-af3d58b2da7f<-8a63e1ae-032e-4bed-9f20-125a11f65413#0:FAIL-t559, 8f18dce1-0a3d-4b65-9c78-af3d58b2da7f<-7b1e61a0-7daf-43dd-99d5-9b325c1d31ae#0:FAIL-t559] and 0 exception(s); 8f18dce1-0a3d-4b65-9c78-af3d58b2da7f@group-091950D56227:t559, leader=null, voted=8f18dce1-0a3d-4b65-9c78-af3d58b2da7f, raftlog=8f18dce1-0a3d-4b65-9c78-af3d58b2da7f@group-091950D56227-SegmentedRaftLog:OPENED:c-1,f-1,i0, conf=-1: [8a63e1ae-032e-4bed-9f20-125a11f65413:0.0.0.0:38685, 8f18dce1-0a3d-4b65-9c78-af3d58b2da7f:0.0.0.0:42489, 7b1e61a0-7daf-43dd-99d5-9b325c1d31ae:0.0.0.0:38412], old=null
2019-10-20 17:41:06,630 [8f18dce1-0a3d-4b65-9c78-af3d58b2da7f@group-091950D56227-LeaderElection476] INFO  impl.RaftServerImpl (RaftServerImpl.java:setRole(184)) - 8f18dce1-0a3d-4b65-9c78-af3d58b2da7f@group-091950D56227: changes role from CANDIDATE to FOLLOWER at term 559 for DISCOVERED_A_NEW_TERM
2019-10-20 17:41:06,630 [8f18dce1-0a3d-4b65-9c78-af3d58b2da7f@group-091950D56227-LeaderElection476] INFO  impl.RoleInfo (RoleInfo.java:shutdownLeaderElection(134)) - 8f18dce1-0a3d-4b65-9c78-af3d58b2da7f: shutdown LeaderElection
2019-10-20 17:41:06,630 [8f18dce1-0a3d-4b65-9c78-af3d58b2da7f@group-091950D56227-LeaderElection476] INFO  impl.RoleInfo (RoleInfo.java:updateAndGet(143)) - 8f18dce1-0a3d-4b65-9c78-af3d58b2da7f: start FollowerState
2019-10-20 17:41:06,763 [Thread-3381] INFO  impl.FollowerState (FollowerState.java:run(108)) - 8f18dce1-0a3d-4b65-9c78-af3d58b2da7f@group-091950D56227-FollowerState: change to CANDIDATE, lastRpcTime:133ms, electionTimeout:133ms
2019-10-20 17:41:06,763 [Thread-3381] INFO  impl.RoleInfo (RoleInfo.java:shutdownFollowerState(121)) - 8f18dce1-0a3d-4b65-9c78-af3d58b2da7f: shutdown FollowerState
2019-10-20 17:41:06,764 [Thread-3381] INFO  impl.RaftServerImpl (RaftServerImpl.java:setRole(184)) - 8f18dce1-0a3d-4b65-9c78-af3d58b2da7f@group-091950D56227: changes role from  FOLLOWER to CANDIDATE at term 559 for changeToCandidate
2019-10-20 17:41:06,764 [Thread-3381] INFO  impl.RoleInfo (RoleInfo.java:updateAndGet(143)) - 8f18dce1-0a3d-4b65-9c78-af3d58b2da7f: start LeaderElection
2019-10-20 17:41:06,796 [8f18dce1-0a3d-4b65-9c78-af3d58b2da7f@group-091950D56227-LeaderElection477] INFO  impl.LeaderElection (LeaderElection.java:askForVotes(178)) - 8f18dce1-0a3d-4b65-9c78-af3d58b2da7f@group-091950D56227-LeaderElection477: begin an election at term 560 for -1: [8a63e1ae-032e-4bed-9f20-125a11f65413:0.0.0.0:38685, 8f18dce1-0a3d-4b65-9c78-af3d58b2da7f:0.0.0.0:42489, 7b1e61a0-7daf-43dd-99d5-9b325c1d31ae:0.0.0.0:38412], old=null
2019-10-20 17:41:06,798 [grpc-default-executor-3] INFO  impl.RaftServerImpl (RaftServerImpl.java:setRole(184)) - 8a63e1ae-032e-4bed-9f20-125a11f65413@group-091950D56227: changes role from  FOLLOWER to FOLLOWER at term 560 for recognizeCandidate:8f18dce1-0a3d-4b65-9c78-af3d58b2da7f
2019-10-20 17:41:06,798 [grpc-default-executor-3] INFO  impl.RoleInfo (RoleInfo.java:shutdownFollowerState(121)) - 8a63e1ae-032e-4bed-9f20-125a11f65413: shutdown FollowerState
2019-10-20 17:41:06,798 [grpc-default-executor-1] INFO  impl.RaftServerImpl (RaftServerImpl.java:setRole(184)) - 7b1e61a0-7daf-43dd-99d5-9b325c1d31ae@group-091950D56227: changes role from  FOLLOWER to FOLLOWER at term 560 for recognizeCandidate:8f18dce1-0a3d-4b65-9c78-af3d58b2da7f
2019-10-20 17:41:06,799 [Thread-3379] INFO  impl.FollowerState (FollowerState.java:run(117)) - 8a63e1ae-032e-4bed-9f20-125a11f65413@group-091950D56227-FollowerState was interrupted: java.lang.InterruptedException: sleep interrupted
2019-10-20 17:41:06,798 [grpc-default-executor-3] INFO  impl.RoleInfo (RoleInfo.java:updateAndGet(143)) - 8a63e1ae-032e-4bed-9f20-125a11f65413: start FollowerState
2019-10-20 17:41:06,799 [grpc-default-executor-1] INFO  impl.RoleInfo (RoleInfo.java:shutdownFollowerState(121)) - 7b1e61a0-7daf-43dd-99d5-9b325c1d31ae: shutdown FollowerState
2019-10-20 17:41:06,799 [grpc-default-executor-1] INFO  impl.RoleInfo (RoleInfo.java:updateAndGet(143)) - 7b1e61a0-7daf-43dd-99d5-9b325c1d31ae: start FollowerState
2019-10-20 17:41:06,799 [Thread-3380] INFO  impl.FollowerState (FollowerState.java:run(117)) - 7b1e61a0-7daf-43dd-99d5-9b325c1d31ae@group-091950D56227-FollowerState was interrupted: java.lang.InterruptedException: sleep interrupted
2019-10-20 17:41:06,822 [8f18dce1-0a3d-4b65-9c78-af3d58b2da7f@group-091950D56227-LeaderElection477] INFO  impl.LeaderElection (LeaderElection.java:logAndReturn(56)) - 8f18dce1-0a3d-4b65-9c78-af3d58b2da7f@group-091950D56227-LeaderElection477: Election REJECTED; received 2 response(s) [8f18dce1-0a3d-4b65-9c78-af3d58b2da7f<-8a63e1ae-032e-4bed-9f20-125a11f65413#0:FAIL-t560, 8f18dce1-0a3d-4b65-9c78-af3d58b2da7f<-7b1e61a0-7daf-43dd-99d5-9b325c1d31ae#0:FAIL-t560] and 0 exception(s); 8f18dce1-0a3d-4b65-9c78-af3d58b2da7f@group-091950D56227:t560, leader=null, voted=8f18dce1-0a3d-4b65-9c78-af3d58b2da7f, raftlog=8f18dce1-0a3d-4b65-9c78-af3d58b2da7f@group-091950D56227-SegmentedRaftLog:OPENED:c-1,f-1,i0, conf=-1: [8a63e1ae-032e-4bed-9f20-125a11f65413:0.0.0.0:38685, 8f18dce1-0a3d-4b65-9c78-af3d58b2da7f:0.0.0.0:42489, 7b1e61a0-7daf-43dd-99d5-9b325c1d31ae:0.0.0.0:38412], old=null
2019-10-20 17:41:06,822 [8f18dce1-0a3d-4b65-9c78-af3d58b2da7f@group-091950D56227-LeaderElection477] INFO  impl.RaftServerImpl (RaftServerImpl.java:setRole(184)) - 8f18dce1-0a3d-4b65-9c78-af3d58b2da7f@group-091950D56227: changes role from CANDIDATE to FOLLOWER at term 560 for DISCOVERED_A_NEW_TERM
2019-10-20 17:41:06,822 [8f18dce1-0a3d-4b65-9c78-af3d58b2da7f@group-091950D56227-LeaderElection477] INFO  impl.RoleInfo (RoleInfo.java:shutdownLeaderElection(134)) - 8f18dce1-0a3d-4b65-9c78-af3d58b2da7f: shutdown LeaderElection
2019-10-20 17:41:06,822 [8f18dce1-0a3d-4b65-9c78-af3d58b2da7f@group-091950D56227-LeaderElection477] INFO  impl.RoleInfo (RoleInfo.java:updateAndGet(143)) - 8f18dce1-0a3d-4b65-9c78-af3d58b2da7f: start FollowerState
2019-10-20 17:41:06,862 [Thread-3387] INFO  impl.FollowerState (FollowerState.java:run(108)) - 8f18dce1-0a3d-4b65-9c78-af3d58b2da7f@group-091950D56227-FollowerState: change to CANDIDATE, lastRpcTime:39ms, electionTimeout:39ms
2019-10-20 17:41:06,862 [Thread-3387] INFO  impl.RoleInfo (RoleInfo.java:shutdownFollowerState(121)) - 8f18dce1-0a3d-4b65-9c78-af3d58b2da7f: shutdown FollowerState
2019-10-20 17:41:06,862 [Thread-3387] INFO  impl.RaftServerImpl (RaftServerImpl.java:setRole(184)) - 8f18dce1-0a3d-4b65-9c78-af3d58b2da7f@group-091950D56227: changes role from  FOLLOWER to CANDIDATE at term 560 for changeToCandidate
2019-10-20 17:41:06,862 [Thread-3387] INFO  impl.RoleInfo (RoleInfo.java:updateAndGet(143)) - 8f18dce1-0a3d-4b65-9c78-af3d58b2da7f: start LeaderElection
2019-10-20 17:41:06,889 [8f18dce1-0a3d-4b65-9c78-af3d58b2da7f@group-091950D56227-LeaderElection478] INFO  impl.LeaderElection (LeaderElection.java:askForVotes(178)) - 8f18dce1-0a3d-4b65-9c78-af3d58b2da7f@group-091950D56227-LeaderElection478: begin an election at term 561 for -1: [8a63e1ae-032e-4bed-9f20-125a11f65413:0.0.0.0:38685, 8f18dce1-0a3d-4b65-9c78-af3d58b2da7f:0.0.0.0:42489, 7b1e61a0-7daf-43dd-99d5-9b325c1d31ae:0.0.0.0:38412], old=null
2019-10-20 17:41:06,890 [grpc-default-executor-1] INFO  impl.RaftServerImpl (RaftServerImpl.java:setRole(184)) - 8a63e1ae-032e-4bed-9f20-125a11f65413@group-091950D56227: changes role from  FOLLOWER to FOLLOWER at term 561 for recognizeCandidate:8f18dce1-0a3d-4b65-9c78-af3d58b2da7f
2019-10-20 17:41:06,890 [grpc-default-executor-3] INFO  impl.RaftServerImpl (RaftServerImpl.java:setRole(184)) - 7b1e61a0-7daf-43dd-99d5-9b325c1d31ae@group-091950D56227: changes role from  FOLLOWER to FOLLOWER at term 561 for recognizeCandidate:8f18dce1-0a3d-4b65-9c78-af3d58b2da7f
2019-10-20 17:41:06,891 [grpc-default-executor-3] INFO  impl.RoleInfo (RoleInfo.java:shutdownFollowerState(121)) - 7b1e61a0-7daf-43dd-99d5-9b325c1d31ae: shutdown FollowerState
2019-10-20 17:41:06,890 [grpc-default-executor-1] INFO  impl.RoleInfo (RoleInfo.java:shutdownFollowerState(121)) - 8a63e1ae-032e-4bed-9f20-125a11f65413: shutdown FollowerState
2019-10-20 17:41:06,891 [Thread-3386] INFO  impl.FollowerState (FollowerState.java:run(117)) - 7b1e61a0-7daf-43dd-99d5-9b325c1d31ae@group-091950D56227-FollowerState was interrupted: java.lang.InterruptedException: sleep interrupted
2019-10-20 17:41:06,891 [grpc-default-executor-3] INFO  impl.RoleInfo (RoleInfo.java:updateAndGet(143)) - 7b1e61a0-7daf-43dd-99d5-9b325c1d31ae: start FollowerState
2019-10-20 17:41:06,891 [Thread-3385] INFO  impl.FollowerState (FollowerState.java:run(117)) - 8a63e1ae-032e-4bed-9f20-125a11f65413@group-091950D56227-FollowerState was interrupted: java.lang.InterruptedException: sleep interrupted
2019-10-20 17:41:06,891 [grpc-default-executor-1] INFO  impl.RoleInfo (RoleInfo.java:updateAndGet(143)) - 8a63e1ae-032e-4bed-9f20-125a11f65413: start FollowerState
2019-10-20 17:41:06,915 [8f18dce1-0a3d-4b65-9c78-af3d58b2da7f@group-091950D56227-LeaderElection478] INFO  impl.LeaderElection (LeaderElection.java:logAndReturn(56)) - 8f18dce1-0a3d-4b65-9c78-af3d58b2da7f@group-091950D56227-LeaderElection478: Election REJECTED; received 2 response(s) [8f18dce1-0a3d-4b65-9c78-af3d58b2da7f<-8a63e1ae-032e-4bed-9f20-125a11f65413#0:FAIL-t561, 8f18dce1-0a3d-4b65-9c78-af3d58b2da7f<-7b1e61a0-7daf-43dd-99d5-9b325c1d31ae#0:FAIL-t561] and 0 exception(s); 8f18dce1-0a3d-4b65-9c78-af3d58b2da7f@group-091950D56227:t561, leader=null, voted=8f18dce1-0a3d-4b65-9c78-af3d58b2da7f, raftlog=8f18dce1-0a3d-4b65-9c78-af3d58b2da7f@group-091950D56227-SegmentedRaftLog:OPENED:c-1,f-1,i0, conf=-1: [8a63e1ae-032e-4bed-9f20-125a11f65413:0.0.0.0:38685, 8f18dce1-0a3d-4b65-9c78-af3d58b2da7f:0.0.0.0:42489, 7b1e61a0-7daf-43dd-99d5-9b325c1d31ae:0.0.0.0:38412], old=null
2019-10-20 17:41:06,915 [8f18dce1-0a3d-4b65-9c78-af3d58b2da7f@group-091950D56227-LeaderElection478] INFO  impl.RaftServerImpl (RaftServerImpl.java:setRole(184)) - 8f18dce1-0a3d-4b65-9c78-af3d58b2da7f@group-091950D56227: changes role from CANDIDATE to FOLLOWER at term 561 for DISCOVERED_A_NEW_TERM
2019-10-20 17:41:06,915 [8f18dce1-0a3d-4b65-9c78-af3d58b2da7f@group-091950D56227-LeaderElection478] INFO  impl.RoleInfo (RoleInfo.java:shutdownLeaderElection(134)) - 8f18dce1-0a3d-4b65-9c78-af3d58b2da7f: shutdown LeaderElection
2019-10-20 17:41:06,915 [8f18dce1-0a3d-4b65-9c78-af3d58b2da7f@group-091950D56227-LeaderElection478] INFO  impl.RoleInfo (RoleInfo.java:updateAndGet(143)) - 8f18dce1-0a3d-4b65-9c78-af3d58b2da7f: start FollowerState
2019-10-20 17:41:07,069 [Thread-3393] INFO  impl.FollowerState (FollowerState.java:run(108)) - 8f18dce1-0a3d-4b65-9c78-af3d58b2da7f@group-091950D56227-FollowerState: change to CANDIDATE, lastRpcTime:154ms, electionTimeout:154ms
2019-10-20 17:41:07,070 [Thread-3393] INFO  impl.RoleInfo (RoleInfo.java:shutdownFollowerState(121)) - 8f18dce1-0a3d-4b65-9c78-af3d58b2da7f: shutdown FollowerState
2019-10-20 17:41:07,070 [Thread-3393] INFO  impl.RaftServerImpl (RaftServerImpl.java:setRole(184)) - 8f18dce1-0a3d-4b65-9c78-af3d58b2da7f@group-091950D56227: changes role from  FOLLOWER to CANDIDATE at term 561 for changeToCandidate
2019-10-20 17:41:07,070 [Thread-3393] INFO  impl.RoleInfo (RoleInfo.java:updateAndGet(143)) - 8f18dce1-0a3d-4b65-9c78-af3d58b2da7f: start LeaderElection
2019-10-20 17:41:07,098 [8f18dce1-0a3d-4b65-9c78-af3d58b2da7f@group-091950D56227-LeaderElection479] INFO  impl.LeaderElection (LeaderElection.java:askForVotes(178)) - 8f18dce1-0a3d-4b65-9c78-af3d58b2da7f@group-091950D56227-LeaderElection479: begin an election at term 562 for -1: [8a63e1ae-032e-4bed-9f20-125a11f65413:0.0.0.0:38685, 8f18dce1-0a3d-4b65-9c78-af3d58b2da7f:0.0.0.0:42489, 7b1e61a0-7daf-43dd-99d5-9b325c1d31ae:0.0.0.0:38412], old=null
2019-10-20 17:41:07,100 [grpc-default-executor-1] INFO  impl.RaftServerImpl (RaftServerImpl.java:setRole(184)) - 8a63e1ae-032e-4bed-9f20-125a11f65413@group-091950D56227: changes role from  FOLLOWER to FOLLOWER at term 562 for recognizeCandidate:8f18dce1-0a3d-4b65-9c78-af3d58b2da7f
2019-10-20 17:41:07,100 [grpc-default-executor-3] INFO  impl.RaftServerImpl (RaftServerImpl.java:setRole(184)) - 7b1e61a0-7daf-43dd-99d5-9b325c1d31ae@group-091950D56227: changes role from  FOLLOWER to FOLLOWER at term 562 for recognizeCandidate:8f18dce1-0a3d-4b65-9c78-af3d58b2da7f
2019-10-20 17:41:07,100 [grpc-default-executor-3] INFO  impl.RoleInfo (RoleInfo.java:shutdownFollowerState(121)) - 7b1e61a0-7daf-43dd-99d5-9b325c1d31ae: shutdown FollowerState
2019-10-20 17:41:07,100 [grpc-default-executor-1] INFO  impl.RoleInfo (RoleInfo.java:shutdownFollowerState(121)) - 8a63e1ae-032e-4bed-9f20-125a11f65413: shutdown FollowerState
2019-10-20 17:41:07,100 [Thread-3391] INFO  impl.FollowerState (FollowerState.java:run(117)) - 7b1e61a0-7daf-43dd-99d5-9b325c1d31ae@group-091950D56227-FollowerState was interrupted: java.lang.InterruptedException: sleep interrupted
2019-10-20 17:41:07,100 [grpc-default-executor-3] INFO  impl.RoleInfo (RoleInfo.java:updateAndGet(143)) - 7b1e61a0-7daf-43dd-99d5-9b325c1d31ae: start FollowerState
2019-10-20 17:41:07,100 [Thread-3392] INFO  impl.FollowerState (FollowerState.java:run(117)) - 8a63e1ae-032e-4bed-9f20-125a11f65413@group-091950D56227-FollowerState was interrupted: java.lang.InterruptedException: sleep interrupted
2019-10-20 17:41:07,100 [grpc-default-executor-1] INFO  impl.RoleInfo (RoleInfo.java:updateAndGet(143)) - 8a63e1ae-032e-4bed-9f20-125a11f65413: start FollowerState
2019-10-20 17:41:07,123 [8f18dce1-0a3d-4b65-9c78-af3d58b2da7f@group-091950D56227-LeaderElection479] INFO  impl.LeaderElection (LeaderElection.java:logAndReturn(56)) - 8f18dce1-0a3d-4b65-9c78-af3d58b2da7f@group-091950D56227-LeaderElection479: Election TIMEOUT; received 0 response(s) [] and 0 exception(s); 8f18dce1-0a3d-4b65-9c78-af3d58b2da7f@group-091950D56227:t562, leader=null, voted=8f18dce1-0a3d-4b65-9c78-af3d58b2da7f, raftlog=8f18dce1-0a3d-4b65-9c78-af3d58b2da7f@group-091950D56227-SegmentedRaftLog:OPENED:c-1,f-1,i0, conf=-1: [8a63e1ae-032e-4bed-9f20-125a11f65413:0.0.0.0:38685, 8f18dce1-0a3d-4b65-9c78-af3d58b2da7f:0.0.0.0:42489, 7b1e61a0-7daf-43dd-99d5-9b325c1d31ae:0.0.0.0:38412], old=null
2019-10-20 17:41:07,149 [8f18dce1-0a3d-4b65-9c78-af3d58b2da7f@group-091950D56227-LeaderElection479] INFO  impl.LeaderElection (LeaderElection.java:askForVotes(178)) - 8f18dce1-0a3d-4b65-9c78-af3d58b2da7f@group-091950D56227-LeaderElection479: begin an election at term 563 for -1: [8a63e1ae-032e-4bed-9f20-125a11f65413:0.0.0.0:38685, 8f18dce1-0a3d-4b65-9c78-af3d58b2da7f:0.0.0.0:42489, 7b1e61a0-7daf-43dd-99d5-9b325c1d31ae:0.0.0.0:38412], old=null
2019-10-20 17:41:07,150 [grpc-default-executor-1] INFO  impl.RaftServerImpl (RaftServerImpl.java:setRole(184)) - 8a63e1ae-032e-4bed-9f20-125a11f65413@group-091950D56227: changes role from  FOLLOWER to FOLLOWER at term 563 for recognizeCandidate:8f18dce1-0a3d-4b65-9c78-af3d58b2da7f
2019-10-20 17:41:07,150 [grpc-default-executor-3] INFO  impl.RaftServerImpl (RaftServerImpl.java:setRole(184)) - 7b1e61a0-7daf-43dd-99d5-9b325c1d31ae@group-091950D56227: changes role from  FOLLOWER to FOLLOWER at term 563 for recognizeCandidate:8f18dce1-0a3d-4b65-9c78-af3d58b2da7f
2019-10-20 17:41:07,151 [grpc-default-executor-3] INFO  impl.RoleInfo (RoleInfo.java:shutdownFollowerState(121)) - 7b1e61a0-7daf-43dd-99d5-9b325c1d31ae: shutdown FollowerState
2019-10-20 17:41:07,150 [grpc-default-executor-1] INFO  impl.RoleInfo (RoleInfo.java:shutdownFollowerState(121)) - 8a63e1ae-032e-4bed-9f20-125a11f65413: shutdown FollowerState
2019-10-20 17:41:07,151 [Thread-3397] INFO  impl.FollowerState (FollowerState.java:run(117)) - 7b1e61a0-7daf-43dd-99d5-9b325c1d31ae@group-091950D56227-FollowerState was interrupted: java.lang.InterruptedException: sleep interrupted
2019-10-20 17:41:07,151 [Thread-3398] INFO  impl.FollowerState (FollowerState.java:run(117)) - 8a63e1ae-032e-4bed-9f20-125a11f65413@group-091950D56227-FollowerState was interrupted: java.lang.InterruptedException: sleep interrupted
2019-10-20 17:41:07,151 [grpc-default-executor-3] INFO  impl.RoleInfo (RoleInfo.java:updateAndGet(143)) - 7b1e61a0-7daf-43dd-99d5-9b325c1d31ae: start FollowerState
2019-10-20 17:41:07,151 [grpc-default-executor-1] INFO  impl.RoleInfo (RoleInfo.java:updateAndGet(143)) - 8a63e1ae-032e-4bed-9f20-125a11f65413: start FollowerState
2019-10-20 17:41:07,175 [8f18dce1-0a3d-4b65-9c78-af3d58b2da7f@group-091950D56227-LeaderElection479] INFO  impl.LeaderElection (LeaderElection.java:logAndReturn(56)) - 8f18dce1-0a3d-4b65-9c78-af3d58b2da7f@group-091950D56227-LeaderElection479: Election REJECTED; received 2 response(s) [8f18dce1-0a3d-4b65-9c78-af3d58b2da7f<-8a63e1ae-032e-4bed-9f20-125a11f65413#0:FAIL-t563, 8f18dce1-0a3d-4b65-9c78-af3d58b2da7f<-7b1e61a0-7daf-43dd-99d5-9b325c1d31ae#0:FAIL-t563] and 0 exception(s); 8f18dce1-0a3d-4b65-9c78-af3d58b2da7f@group-091950D56227:t563, leader=null, voted=8f18dce1-0a3d-4b65-9c78-af3d58b2da7f, raftlog=8f18dce1-0a3d-4b65-9c78-af3d58b2da7f@group-091950D56227-SegmentedRaftLog:OPENED:c-1,f-1,i0, conf=-1: [8a63e1ae-032e-4bed-9f20-125a11f65413:0.0.0.0:38685, 8f18dce1-0a3d-4b65-9c78-af3d58b2da7f:0.0.0.0:42489, 7b1e61a0-7daf-43dd-99d5-9b325c1d31ae:0.0.0.0:38412], old=null
2019-10-20 17:41:07,175 [8f18dce1-0a3d-4b65-9c78-af3d58b2da7f@group-091950D56227-LeaderElection479] INFO  impl.RaftServerImpl (RaftServerImpl.java:setRole(184)) - 8f18dce1-0a3d-4b65-9c78-af3d58b2da7f@group-091950D56227: changes role from CANDIDATE to FOLLOWER at term 563 for DISCOVERED_A_NEW_TERM
2019-10-20 17:41:07,175 [8f18dce1-0a3d-4b65-9c78-af3d58b2da7f@group-091950D56227-LeaderElection479] INFO  impl.RoleInfo (RoleInfo.java:shutdownLeaderElection(134)) - 8f18dce1-0a3d-4b65-9c78-af3d58b2da7f: shutdown LeaderElection
2019-10-20 17:41:07,175 [8f18dce1-0a3d-4b65-9c78-af3d58b2da7f@group-091950D56227-LeaderElection479] INFO  impl.RoleInfo (RoleInfo.java:updateAndGet(143)) - 8f18dce1-0a3d-4b65-9c78-af3d58b2da7f: start FollowerState
2019-10-20 17:41:07,233 [Thread-3403] INFO  impl.FollowerState (FollowerState.java:run(108)) - 8f18dce1-0a3d-4b65-9c78-af3d58b2da7f@group-091950D56227-FollowerState: change to CANDIDATE, lastRpcTime:57ms, electionTimeout:57ms
2019-10-20 17:41:07,233 [Thread-3403] INFO  impl.RoleInfo (RoleInfo.java:shutdownFollowerState(121)) - 8f18dce1-0a3d-4b65-9c78-af3d58b2da7f: shutdown FollowerState
2019-10-20 17:41:07,233 [Thread-3403] INFO  impl.RaftServerImpl (RaftServerImpl.java:setRole(184)) - 8f18dce1-0a3d-4b65-9c78-af3d58b2da7f@group-091950D56227: changes role from  FOLLOWER to CANDIDATE at term 563 for changeToCandidate
2019-10-20 17:41:07,233 [Thread-3403] INFO  impl.RoleInfo (RoleInfo.java:updateAndGet(143)) - 8f18dce1-0a3d-4b65-9c78-af3d58b2da7f: start LeaderElection
2019-10-20 17:41:07,258 [8f18dce1-0a3d-4b65-9c78-af3d58b2da7f@group-091950D56227-LeaderElection480] INFO  impl.LeaderElection (LeaderElection.java:askForVotes(178)) - 8f18dce1-0a3d-4b65-9c78-af3d58b2da7f@group-091950D56227-LeaderElection480: begin an election at term 564 for -1: [8a63e1ae-032e-4bed-9f20-125a11f65413:0.0.0.0:38685, 8f18dce1-0a3d-4b65-9c78-af3d58b2da7f:0.0.0.0:42489, 7b1e61a0-7daf-43dd-99d5-9b325c1d31ae:0.0.0.0:38412], old=null
2019-10-20 17:41:07,260 [grpc-default-executor-1] INFO  impl.RaftServerImpl (RaftServerImpl.java:setRole(184)) - 7b1e61a0-7daf-43dd-99d5-9b325c1d31ae@group-091950D56227: changes role from  FOLLOWER to FOLLOWER at term 564 for recognizeCandidate:8f18dce1-0a3d-4b65-9c78-af3d58b2da7f
2019-10-20 17:41:07,260 [grpc-default-executor-1] INFO  impl.RoleInfo (RoleInfo.java:shutdownFollowerState(121)) - 7b1e61a0-7daf-43dd-99d5-9b325c1d31ae: shutdown FollowerState
2019-10-20 17:41:07,260 [grpc-default-executor-3] INFO  impl.RaftServerImpl (RaftServerImpl.java:setRole(184)) - 8a63e1ae-032e-4bed-9f20-125a11f65413@group-091950D56227: changes role from  FOLLOWER to FOLLOWER at term 564 for recognizeCandidate:8f18dce1-0a3d-4b65-9c78-af3d58b2da7f
2019-10-20 17:41:07,260 [grpc-default-executor-3] INFO  impl.RoleInfo (RoleInfo.java:shutdownFollowerState(121)) - 8a63e1ae-032e-4bed-9f20-125a11f65413: shutdown FollowerState
2019-10-20 17:41:07,260 [Thread-3401] INFO  impl.FollowerState (FollowerState.java:run(117)) - 7b1e61a0-7daf-43dd-99d5-9b325c1d31ae@group-091950D56227-FollowerState was interrupted: java.lang.InterruptedException: sleep interrupted
2019-10-20 17:41:07,260 [grpc-default-executor-1] INFO  impl.RoleInfo (RoleInfo.java:updateAndGet(143)) - 7b1e61a0-7daf-43dd-99d5-9b325c1d31ae: start FollowerState
2019-10-20 17:41:07,260 [Thread-3402] INFO  impl.FollowerState (FollowerState.java:run(117)) - 8a63e1ae-032e-4bed-9f20-125a11f65413@group-091950D56227-FollowerState was interrupted: java.lang.InterruptedException: sleep interrupted
2019-10-20 17:41:07,260 [grpc-default-executor-3] INFO  impl.RoleInfo (RoleInfo.java:updateAndGet(143)) - 8a63e1ae-032e-4bed-9f20-125a11f65413: start FollowerState
2019-10-20 17:41:07,285 [8f18dce1-0a3d-4b65-9c78-af3d58b2da7f@group-091950D56227-LeaderElection480] INFO  impl.LeaderElection (LeaderElection.java:logAndReturn(56)) - 8f18dce1-0a3d-4b65-9c78-af3d58b2da7f@group-091950D56227-LeaderElection480: Election REJECTED; received 2 response(s) [8f18dce1-0a3d-4b65-9c78-af3d58b2da7f<-8a63e1ae-032e-4bed-9f20-125a11f65413#0:FAIL-t564, 8f18dce1-0a3d-4b65-9c78-af3d58b2da7f<-7b1e61a0-7daf-43dd-99d5-9b325c1d31ae#0:FAIL-t564] and 0 exception(s); 8f18dce1-0a3d-4b65-9c78-af3d58b2da7f@group-091950D56227:t564, leader=null, voted=8f18dce1-0a3d-4b65-9c78-af3d58b2da7f, raftlog=8f18dce1-0a3d-4b65-9c78-af3d58b2da7f@group-091950D56227-SegmentedRaftLog:OPENED:c-1,f-1,i0, conf=-1: [8a63e1ae-032e-4bed-9f20-125a11f65413:0.0.0.0:38685, 8f18dce1-0a3d-4b65-9c78-af3d58b2da7f:0.0.0.0:42489, 7b1e61a0-7daf-43dd-99d5-9b325c1d31ae:0.0.0.0:38412], old=null
2019-10-20 17:41:07,285 [8f18dce1-0a3d-4b65-9c78-af3d58b2da7f@group-091950D56227-LeaderElection480] INFO  impl.RaftServerImpl (RaftServerImpl.java:setRole(184)) - 8f18dce1-0a3d-4b65-9c78-af3d58b2da7f@group-091950D56227: changes role from CANDIDATE to FOLLOWER at term 564 for DISCOVERED_A_NEW_TERM
2019-10-20 17:41:07,285 [8f18dce1-0a3d-4b65-9c78-af3d58b2da7f@group-091950D56227-LeaderElection480] INFO  impl.RoleInfo (RoleInfo.java:shutdownLeaderElection(134)) - 8f18dce1-0a3d-4b65-9c78-af3d58b2da7f: shutdown LeaderElection
2019-10-20 17:41:07,285 [8f18dce1-0a3d-4b65-9c78-af3d58b2da7f@group-091950D56227-LeaderElection480] INFO  impl.RoleInfo (RoleInfo.java:updateAndGet(143)) - 8f18dce1-0a3d-4b65-9c78-af3d58b2da7f: start FollowerState
2019-10-20 17:41:07,319 [Thread-3409] INFO  impl.FollowerState (FollowerState.java:run(108)) - 8f18dce1-0a3d-4b65-9c78-af3d58b2da7f@group-091950D56227-FollowerState: change to CANDIDATE, lastRpcTime:33ms, electionTimeout:33ms
2019-10-20 17:41:07,319 [Thread-3409] INFO  impl.RoleInfo (RoleInfo.java:shutdownFollowerState(121)) - 8f18dce1-0a3d-4b65-9c78-af3d58b2da7f: shutdown FollowerState
2019-10-20 17:41:07,319 [Thread-3409] INFO  impl.RaftServerImpl (RaftServerImpl.java:setRole(184)) - 8f18dce1-0a3d-4b65-9c78-af3d58b2da7f@group-091950D56227: changes role from  FOLLOWER to CANDIDATE at term 564 for changeToCandidate
2019-10-20 17:41:07,319 [Thread-3409] INFO  impl.RoleInfo (RoleInfo.java:updateAndGet(143)) - 8f18dce1-0a3d-4b65-9c78-af3d58b2da7f: start LeaderElection
2019-10-20 17:41:07,344 [8f18dce1-0a3d-4b65-9c78-af3d58b2da7f@group-091950D56227-LeaderElection481] INFO  impl.LeaderElection (LeaderElection.java:askForVotes(178)) - 8f18dce1-0a3d-4b65-9c78-af3d58b2da7f@group-091950D56227-LeaderElection481: begin an election at term 565 for -1: [8a63e1ae-032e-4bed-9f20-125a11f65413:0.0.0.0:38685, 8f18dce1-0a3d-4b65-9c78-af3d58b2da7f:0.0.0.0:42489, 7b1e61a0-7daf-43dd-99d5-9b325c1d31ae:0.0.0.0:38412], old=null
2019-10-20 17:41:07,345 [grpc-default-executor-1] INFO  impl.RaftServerImpl (RaftServerImpl.java:setRole(184)) - 8a63e1ae-032e-4bed-9f20-125a11f65413@group-091950D56227: changes role from  FOLLOWER to FOLLOWER at term 565 for recognizeCandidate:8f18dce1-0a3d-4b65-9c78-af3d58b2da7f
2019-10-20 17:41:07,345 [grpc-default-executor-1] INFO  impl.RoleInfo (RoleInfo.java:shutdownFollowerState(121)) - 8a63e1ae-032e-4bed-9f20-125a11f65413: shutdown FollowerState
2019-10-20 17:41:07,345 [grpc-default-executor-3] INFO  impl.RaftServerImpl (RaftServerImpl.java:setRole(184)) - 7b1e61a0-7daf-43dd-99d5-9b325c1d31ae@group-091950D56227: changes role from  FOLLOWER to FOLLOWER at term 565 for recognizeCandidate:8f18dce1-0a3d-4b65-9c78-af3d58b2da7f
2019-10-20 17:41:07,346 [grpc-default-executor-3] INFO  impl.RoleInfo (RoleInfo.java:shutdownFollowerState(121)) - 7b1e61a0-7daf-43dd-99d5-9b325c1d31ae: shutdown FollowerState
2019-10-20 17:41:07,345 [Thread-3408] INFO  impl.FollowerState (FollowerState.java:run(117)) - 8a63e1ae-032e-4bed-9f20-125a11f65413@group-091950D56227-FollowerState was interrupted: java.lang.InterruptedException: sleep interrupted
2019-10-20 17:41:07,345 [grpc-default-executor-1] INFO  impl.RoleInfo (RoleInfo.java:updateAndGet(143)) - 8a63e1ae-032e-4bed-9f20-125a11f65413: start FollowerState
2019-10-20 17:41:07,346 [Thread-3407] INFO  impl.FollowerState (FollowerState.java:run(117)) - 7b1e61a0-7daf-43dd-99d5-9b325c1d31ae@group-091950D56227-FollowerState was interrupted: java.lang.InterruptedException: sleep interrupted
2019-10-20 17:41:07,346 [grpc-default-executor-3] INFO  impl.RoleInfo (RoleInfo.java:updateAndGet(143)) - 7b1e61a0-7daf-43dd-99d5-9b325c1d31ae: start FollowerState
2019-10-20 17:41:07,371 [8f18dce1-0a3d-4b65-9c78-af3d58b2da7f@group-091950D56227-LeaderElection481] INFO  impl.LeaderElection (LeaderElection.java:logAndReturn(56)) - 8f18dce1-0a3d-4b65-9c78-af3d58b2da7f@group-091950D56227-LeaderElection481: Election REJECTED; received 2 response(s) [8f18dce1-0a3d-4b65-9c78-af3d58b2da7f<-8a63e1ae-032e-4bed-9f20-125a11f65413#0:FAIL-t565, 8f18dce1-0a3d-4b65-9c78-af3d58b2da7f<-7b1e61a0-7daf-43dd-99d5-9b325c1d31ae#0:FAIL-t565] and 0 exception(s); 8f18dce1-0a3d-4b65-9c78-af3d58b2da7f@group-091950D56227:t565, leader=null, voted=8f18dce1-0a3d-4b65-9c78-af3d58b2da7f, raftlog=8f18dce1-0a3d-4b65-9c78-af3d58b2da7f@group-091950D56227-SegmentedRaftLog:OPENED:c-1,f-1,i0, conf=-1: [8a63e1ae-032e-4bed-9f20-125a11f65413:0.0.0.0:38685, 8f18dce1-0a3d-4b65-9c78-af3d58b2da7f:0.0.0.0:42489, 7b1e61a0-7daf-43dd-99d5-9b325c1d31ae:0.0.0.0:38412], old=null
2019-10-20 17:41:07,371 [8f18dce1-0a3d-4b65-9c78-af3d58b2da7f@group-091950D56227-LeaderElection481] INFO  impl.RaftServerImpl (RaftServerImpl.java:setRole(184)) - 8f18dce1-0a3d-4b65-9c78-af3d58b2da7f@group-091950D56227: changes role from CANDIDATE to FOLLOWER at term 565 for DISCOVERED_A_NEW_TERM
2019-10-20 17:41:07,371 [8f18dce1-0a3d-4b65-9c78-af3d58b2da7f@group-091950D56227-LeaderElection481] INFO  impl.RoleInfo (RoleInfo.java:shutdownLeaderElection(134)) - 8f18dce1-0a3d-4b65-9c78-af3d58b2da7f: shutdown LeaderElection
2019-10-20 17:41:07,371 [8f18dce1-0a3d-4b65-9c78-af3d58b2da7f@group-091950D56227-LeaderElection481] INFO  impl.RoleInfo (RoleInfo.java:updateAndGet(143)) - 8f18dce1-0a3d-4b65-9c78-af3d58b2da7f: start FollowerState
2019-10-20 17:41:07,386 [Thread-3415] INFO  impl.FollowerState (FollowerState.java:run(108)) - 8f18dce1-0a3d-4b65-9c78-af3d58b2da7f@group-091950D56227-FollowerState: change to CANDIDATE, lastRpcTime:15ms, electionTimeout:15ms
2019-10-20 17:41:07,386 [Thread-3415] INFO  impl.RoleInfo (RoleInfo.java:shutdownFollowerState(121)) - 8f18dce1-0a3d-4b65-9c78-af3d58b2da7f: shutdown FollowerState
2019-10-20 17:41:07,386 [Thread-3415] INFO  impl.RaftServerImpl (RaftServerImpl.java:setRole(184)) - 8f18dce1-0a3d-4b65-9c78-af3d58b2da7f@group-091950D56227: changes role from  FOLLOWER to CANDIDATE at term 565 for changeToCandidate
2019-10-20 17:41:07,387 [Thread-3415] INFO  impl.RoleInfo (RoleInfo.java:updateAndGet(143)) - 8f18dce1-0a3d-4b65-9c78-af3d58b2da7f: start LeaderElection
2019-10-20 17:41:07,412 [8f18dce1-0a3d-4b65-9c78-af3d58b2da7f@group-091950D56227-LeaderElection482] INFO  impl.LeaderElection (LeaderElection.java:askForVotes(178)) - 8f18dce1-0a3d-4b65-9c78-af3d58b2da7f@group-091950D56227-LeaderElection482: begin an election at term 566 for -1: [8a63e1ae-032e-4bed-9f20-125a11f65413:0.0.0.0:38685, 8f18dce1-0a3d-4b65-9c78-af3d58b2da7f:0.0.0.0:42489, 7b1e61a0-7daf-43dd-99d5-9b325c1d31ae:0.0.0.0:38412], old=null
2019-10-20 17:41:07,414 [grpc-default-executor-1] INFO  impl.RaftServerImpl (RaftServerImpl.java:setRole(184)) - 7b1e61a0-7daf-43dd-99d5-9b325c1d31ae@group-091950D56227: changes role from  FOLLOWER to FOLLOWER at term 566 for recognizeCandidate:8f18dce1-0a3d-4b65-9c78-af3d58b2da7f
2019-10-20 17:41:07,414 [grpc-default-executor-1] INFO  impl.RoleInfo (RoleInfo.java:shutdownFollowerState(121)) - 7b1e61a0-7daf-43dd-99d5-9b325c1d31ae: shutdown FollowerState
2019-10-20 17:41:07,414 [grpc-default-executor-3] INFO  impl.RaftServerImpl (RaftServerImpl.java:setRole(184)) - 8a63e1ae-032e-4bed-9f20-125a11f65413@group-091950D56227: changes role from  FOLLOWER to FOLLOWER at term 566 for recognizeCandidate:8f18dce1-0a3d-4b65-9c78-af3d58b2da7f
2019-10-20 17:41:07,414 [Thread-3414] INFO  impl.FollowerState (FollowerState.java:run(117)) - 7b1e61a0-7daf-43dd-99d5-9b325c1d31ae@group-091950D56227-FollowerState was interrupted: java.lang.InterruptedException: sleep interrupted
2019-10-20 17:41:07,414 [grpc-default-executor-1] INFO  impl.RoleInfo (RoleInfo.java:updateAndGet(143)) - 7b1e61a0-7daf-43dd-99d5-9b325c1d31ae: start FollowerState
2019-10-20 17:41:07,415 [grpc-default-executor-3] INFO  impl.RoleInfo (RoleInfo.java:shutdownFollowerState(121)) - 8a63e1ae-032e-4bed-9f20-125a11f65413: shutdown FollowerState
2019-10-20 17:41:07,415 [grpc-default-executor-3] INFO  impl.RoleInfo (RoleInfo.java:updateAndGet(143)) - 8a63e1ae-032e-4bed-9f20-125a11f65413: start FollowerState
2019-10-20 17:41:07,415 [Thread-3413] INFO  impl.FollowerState (FollowerState.java:run(117)) - 8a63e1ae-032e-4bed-9f20-125a11f65413@group-091950D56227-FollowerState was interrupted: java.lang.InterruptedException: sleep interrupted
2019-10-20 17:41:07,438 [8f18dce1-0a3d-4b65-9c78-af3d58b2da7f@group-091950D56227-LeaderElection482] INFO  impl.LeaderElection (LeaderElection.java:logAndReturn(56)) - 8f18dce1-0a3d-4b65-9c78-af3d58b2da7f@group-091950D56227-LeaderElection482: Election REJECTED; received 2 response(s) [8f18dce1-0a3d-4b65-9c78-af3d58b2da7f<-8a63e1ae-032e-4bed-9f20-125a11f65413#0:FAIL-t566, 8f18dce1-0a3d-4b65-9c78-af3d58b2da7f<-7b1e61a0-7daf-43dd-99d5-9b325c1d31ae#0:FAIL-t566] and 0 exception(s); 8f18dce1-0a3d-4b65-9c78-af3d58b2da7f@group-091950D56227:t566, leader=null, voted=8f18dce1-0a3d-4b65-9c78-af3d58b2da7f, raftlog=8f18dce1-0a3d-4b65-9c78-af3d58b2da7f@group-091950D56227-SegmentedRaftLog:OPENED:c-1,f-1,i0, conf=-1: [8a63e1ae-032e-4bed-9f20-125a11f65413:0.0.0.0:38685, 8f18dce1-0a3d-4b65-9c78-af3d58b2da7f:0.0.0.0:42489, 7b1e61a0-7daf-43dd-99d5-9b325c1d31ae:0.0.0.0:38412], old=null
2019-10-20 17:41:07,439 [8f18dce1-0a3d-4b65-9c78-af3d58b2da7f@group-091950D56227-LeaderElection482] INFO  impl.RaftServerImpl (RaftServerImpl.java:setRole(184)) - 8f18dce1-0a3d-4b65-9c78-af3d58b2da7f@group-091950D56227: changes role from CANDIDATE to FOLLOWER at term 566 for DISCOVERED_A_NEW_TERM
2019-10-20 17:41:07,439 [8f18dce1-0a3d-4b65-9c78-af3d58b2da7f@group-091950D56227-LeaderElection482] INFO  impl.RoleInfo (RoleInfo.java:shutdownLeaderElection(134)) - 8f18dce1-0a3d-4b65-9c78-af3d58b2da7f: shutdown LeaderElection
2019-10-20 17:41:07,439 [8f18dce1-0a3d-4b65-9c78-af3d58b2da7f@group-091950D56227-LeaderElection482] INFO  impl.RoleInfo (RoleInfo.java:updateAndGet(143)) - 8f18dce1-0a3d-4b65-9c78-af3d58b2da7f: start FollowerState
2019-10-20 17:41:07,625 [Thread-3421] INFO  impl.FollowerState (FollowerState.java:run(108)) - 8f18dce1-0a3d-4b65-9c78-af3d58b2da7f@group-091950D56227-FollowerState: change to CANDIDATE, lastRpcTime:186ms, electionTimeout:186ms
2019-10-20 17:41:07,625 [Thread-3421] INFO  impl.RoleInfo (RoleInfo.java:shutdownFollowerState(121)) - 8f18dce1-0a3d-4b65-9c78-af3d58b2da7f: shutdown FollowerState
2019-10-20 17:41:07,625 [Thread-3421] INFO  impl.RaftServerImpl (RaftServerImpl.java:setRole(184)) - 8f18dce1-0a3d-4b65-9c78-af3d58b2da7f@group-091950D56227: changes role from  FOLLOWER to CANDIDATE at term 566 for changeToCandidate
2019-10-20 17:41:07,626 [Thread-3421] INFO  impl.RoleInfo (RoleInfo.java:updateAndGet(143)) - 8f18dce1-0a3d-4b65-9c78-af3d58b2da7f: start LeaderElection
2019-10-20 17:41:07,655 [8f18dce1-0a3d-4b65-9c78-af3d58b2da7f@group-091950D56227-LeaderElection483] INFO  impl.LeaderElection (LeaderElection.java:askForVotes(178)) - 8f18dce1-0a3d-4b65-9c78-af3d58b2da7f@group-091950D56227-LeaderElection483: begin an election at term 567 for -1: [8a63e1ae-032e-4bed-9f20-125a11f65413:0.0.0.0:38685, 8f18dce1-0a3d-4b65-9c78-af3d58b2da7f:0.0.0.0:42489, 7b1e61a0-7daf-43dd-99d5-9b325c1d31ae:0.0.0.0:38412], old=null
2019-10-20 17:41:07,657 [grpc-default-executor-1] INFO  impl.RaftServerImpl (RaftServerImpl.java:setRole(184)) - 7b1e61a0-7daf-43dd-99d5-9b325c1d31ae@group-091950D56227: changes role from  FOLLOWER to FOLLOWER at term 567 for recognizeCandidate:8f18dce1-0a3d-4b65-9c78-af3d58b2da7f
2019-10-20 17:41:07,657 [grpc-default-executor-1] INFO  impl.RoleInfo (RoleInfo.java:shutdownFollowerState(121)) - 7b1e61a0-7daf-43dd-99d5-9b325c1d31ae: shutdown FollowerState
2019-10-20 17:41:07,657 [grpc-default-executor-3] INFO  impl.RaftServerImpl (RaftServerImpl.java:setRole(184)) - 8a63e1ae-032e-4bed-9f20-125a11f65413@group-091950D56227: changes role from  FOLLOWER to FOLLOWER at term 567 for recognizeCandidate:8f18dce1-0a3d-4b65-9c78-af3d58b2da7f
2019-10-20 17:41:07,658 [grpc-default-executor-3] INFO  impl.RoleInfo (RoleInfo.java:shutdownFollowerState(121)) - 8a63e1ae-032e-4bed-9f20-125a11f65413: shutdown FollowerState
2019-10-20 17:41:07,657 [Thread-3419] INFO  impl.FollowerState (FollowerState.java:run(117)) - 7b1e61a0-7daf-43dd-99d5-9b325c1d31ae@group-091950D56227-FollowerState was interrupted: java.lang.InterruptedException: sleep interrupted
2019-10-20 17:41:07,658 [Thread-3420] INFO  impl.FollowerState (FollowerState.java:run(117)) - 8a63e1ae-032e-4bed-9f20-125a11f65413@group-091950D56227-FollowerState was interrupted: java.lang.InterruptedException: sleep interrupted
2019-10-20 17:41:07,657 [grpc-default-executor-1] INFO  impl.RoleInfo (RoleInfo.java:updateAndGet(143)) - 7b1e61a0-7daf-43dd-99d5-9b325c1d31ae: start FollowerState
2019-10-20 17:41:07,658 [grpc-default-executor-3] INFO  impl.RoleInfo (RoleInfo.java:updateAndGet(143)) - 8a63e1ae-032e-4bed-9f20-125a11f65413: start FollowerState
2019-10-20 17:41:07,681 [8f18dce1-0a3d-4b65-9c78-af3d58b2da7f@group-091950D56227-LeaderElection483] INFO  impl.LeaderElection (LeaderElection.java:logAndReturn(56)) - 8f18dce1-0a3d-4b65-9c78-af3d58b2da7f@group-091950D56227-LeaderElection483: Election REJECTED; received 2 response(s) [8f18dce1-0a3d-4b65-9c78-af3d58b2da7f<-8a63e1ae-032e-4bed-9f20-125a11f65413#0:FAIL-t567, 8f18dce1-0a3d-4b65-9c78-af3d58b2da7f<-7b1e61a0-7daf-43dd-99d5-9b325c1d31ae#0:FAIL-t567] and 0 exception(s); 8f18dce1-0a3d-4b65-9c78-af3d58b2da7f@group-091950D56227:t567, leader=null, voted=8f18dce1-0a3d-4b65-9c78-af3d58b2da7f, raftlog=8f18dce1-0a3d-4b65-9c78-af3d58b2da7f@group-091950D56227-SegmentedRaftLog:OPENED:c-1,f-1,i0, conf=-1: [8a63e1ae-032e-4bed-9f20-125a11f65413:0.0.0.0:38685, 8f18dce1-0a3d-4b65-9c78-af3d58b2da7f:0.0.0.0:42489, 7b1e61a0-7daf-43dd-99d5-9b325c1d31ae:0.0.0.0:38412], old=null
2019-10-20 17:41:07,681 [8f18dce1-0a3d-4b65-9c78-af3d58b2da7f@group-091950D56227-LeaderElection483] INFO  impl.RaftServerImpl (RaftServerImpl.java:setRole(184)) - 8f18dce1-0a3d-4b65-9c78-af3d58b2da7f@group-091950D56227: changes role from CANDIDATE to FOLLOWER at term 567 for DISCOVERED_A_NEW_TERM
2019-10-20 17:41:07,682 [8f18dce1-0a3d-4b65-9c78-af3d58b2da7f@group-091950D56227-LeaderElection483] INFO  impl.RoleInfo (RoleInfo.java:shutdownLeaderElection(134)) - 8f18dce1-0a3d-4b65-9c78-af3d58b2da7f: shutdown LeaderElection
2019-10-20 17:41:07,682 [8f18dce1-0a3d-4b65-9c78-af3d58b2da7f@group-091950D56227-LeaderElection483] INFO  impl.RoleInfo (RoleInfo.java:updateAndGet(143)) - 8f18dce1-0a3d-4b65-9c78-af3d58b2da7f: start FollowerState
2019-10-20 17:41:07,741 [Thread-3429] INFO  impl.FollowerState (FollowerState.java:run(108)) - 8f18dce1-0a3d-4b65-9c78-af3d58b2da7f@group-091950D56227-FollowerState: change to CANDIDATE, lastRpcTime:59ms, electionTimeout:59ms
2019-10-20 17:41:07,741 [Thread-3429] INFO  impl.RoleInfo (RoleInfo.java:shutdownFollowerState(121)) - 8f18dce1-0a3d-4b65-9c78-af3d58b2da7f: shutdown FollowerState
2019-10-20 17:41:07,741 [Thread-3429] INFO  impl.RaftServerImpl (RaftServerImpl.java:setRole(184)) - 8f18dce1-0a3d-4b65-9c78-af3d58b2da7f@group-091950D56227: changes role from  FOLLOWER to CANDIDATE at term 567 for changeToCandidate
2019-10-20 17:41:07,741 [Thread-3429] INFO  impl.RoleInfo (RoleInfo.java:updateAndGet(143)) - 8f18dce1-0a3d-4b65-9c78-af3d58b2da7f: start LeaderElection
2019-10-20 17:41:07,764 [8f18dce1-0a3d-4b65-9c78-af3d58b2da7f@group-091950D56227-LeaderElection484] INFO  impl.LeaderElection (LeaderElection.java:askForVotes(178)) - 8f18dce1-0a3d-4b65-9c78-af3d58b2da7f@group-091950D56227-LeaderElection484: begin an election at term 568 for -1: [8a63e1ae-032e-4bed-9f20-125a11f65413:0.0.0.0:38685, 8f18dce1-0a3d-4b65-9c78-af3d58b2da7f:0.0.0.0:42489, 7b1e61a0-7daf-43dd-99d5-9b325c1d31ae:0.0.0.0:38412], old=null
2019-10-20 17:41:07,766 [grpc-default-executor-1] INFO  impl.RaftServerImpl (RaftServerImpl.java:setRole(184)) - 8a63e1ae-032e-4bed-9f20-125a11f65413@group-091950D56227: changes role from  FOLLOWER to FOLLOWER at term 568 for recognizeCandidate:8f18dce1-0a3d-4b65-9c78-af3d58b2da7f
2019-10-20 17:41:07,766 [grpc-default-executor-3] INFO  impl.RaftServerImpl (RaftServerImpl.java:setRole(184)) - 7b1e61a0-7daf-43dd-99d5-9b325c1d31ae@group-091950D56227: changes role from  FOLLOWER to FOLLOWER at term 568 for recognizeCandidate:8f18dce1-0a3d-4b65-9c78-af3d58b2da7f
2019-10-20 17:41:07,767 [grpc-default-executor-3] INFO  impl.RoleInfo (RoleInfo.java:shutdownFollowerState(121)) - 7b1e61a0-7daf-43dd-99d5-9b325c1d31ae: shutdown FollowerState
2019-10-20 17:41:07,766 [grpc-default-executor-1] INFO  impl.RoleInfo (RoleInfo.java:shutdownFollowerState(121)) - 8a63e1ae-032e-4bed-9f20-125a11f65413: shutdown FollowerState
2019-10-20 17:41:07,767 [Thread-3427] INFO  impl.FollowerState (FollowerState.java:run(117)) - 7b1e61a0-7daf-43dd-99d5-9b325c1d31ae@group-091950D56227-FollowerState was interrupted: java.lang.InterruptedException: sleep interrupted
2019-10-20 17:41:07,767 [grpc-default-executor-3] INFO  impl.RoleInfo (RoleInfo.java:updateAndGet(143)) - 7b1e61a0-7daf-43dd-99d5-9b325c1d31ae: start FollowerState
2019-10-20 17:41:07,767 [Thread-3428] INFO  impl.FollowerState (FollowerState.java:run(117)) - 8a63e1ae-032e-4bed-9f20-125a11f65413@group-091950D56227-FollowerState was interrupted: java.lang.InterruptedException: sleep interrupted
2019-10-20 17:41:07,767 [grpc-default-executor-1] INFO  impl.RoleInfo (RoleInfo.java:updateAndGet(143)) - 8a63e1ae-032e-4bed-9f20-125a11f65413: start FollowerState
2019-10-20 17:41:07,791 [8f18dce1-0a3d-4b65-9c78-af3d58b2da7f@group-091950D56227-LeaderElection484] INFO  impl.LeaderElection (LeaderElection.java:logAndReturn(56)) - 8f18dce1-0a3d-4b65-9c78-af3d58b2da7f@group-091950D56227-LeaderElection484: Election REJECTED; received 2 response(s) [8f18dce1-0a3d-4b65-9c78-af3d58b2da7f<-8a63e1ae-032e-4bed-9f20-125a11f65413#0:FAIL-t568, 8f18dce1-0a3d-4b65-9c78-af3d58b2da7f<-7b1e61a0-7daf-43dd-99d5-9b325c1d31ae#0:FAIL-t568] and 0 exception(s); 8f18dce1-0a3d-4b65-9c78-af3d58b2da7f@group-091950D56227:t568, leader=null, voted=8f18dce1-0a3d-4b65-9c78-af3d58b2da7f, raftlog=8f18dce1-0a3d-4b65-9c78-af3d58b2da7f@group-091950D56227-SegmentedRaftLog:OPENED:c-1,f-1,i0, conf=-1: [8a63e1ae-032e-4bed-9f20-125a11f65413:0.0.0.0:38685, 8f18dce1-0a3d-4b65-9c78-af3d58b2da7f:0.0.0.0:42489, 7b1e61a0-7daf-43dd-99d5-9b325c1d31ae:0.0.0.0:38412], old=null
2019-10-20 17:41:07,791 [8f18dce1-0a3d-4b65-9c78-af3d58b2da7f@group-091950D56227-LeaderElection484] INFO  impl.RaftServerImpl (RaftServerImpl.java:setRole(184)) - 8f18dce1-0a3d-4b65-9c78-af3d58b2da7f@group-091950D56227: changes role from CANDIDATE to FOLLOWER at term 568 for DISCOVERED_A_NEW_TERM
2019-10-20 17:41:07,791 [8f18dce1-0a3d-4b65-9c78-af3d58b2da7f@group-091950D56227-LeaderElection484] INFO  impl.RoleInfo (RoleInfo.java:shutdownLeaderElection(134)) - 8f18dce1-0a3d-4b65-9c78-af3d58b2da7f: shutdown LeaderElection
2019-10-20 17:41:07,791 [8f18dce1-0a3d-4b65-9c78-af3d58b2da7f@group-091950D56227-LeaderElection484] INFO  impl.RoleInfo (RoleInfo.java:updateAndGet(143)) - 8f18dce1-0a3d-4b65-9c78-af3d58b2da7f: start FollowerState
2019-10-20 17:41:07,950 [Thread-3435] INFO  impl.FollowerState (FollowerState.java:run(108)) - 8f18dce1-0a3d-4b65-9c78-af3d58b2da7f@group-091950D56227-FollowerState: change to CANDIDATE, lastRpcTime:158ms, electionTimeout:158ms
2019-10-20 17:41:07,950 [Thread-3435] INFO  impl.RoleInfo (RoleInfo.java:shutdownFollowerState(121)) - 8f18dce1-0a3d-4b65-9c78-af3d58b2da7f: shutdown FollowerState
2019-10-20 17:41:07,950 [Thread-3435] INFO  impl.RaftServerImpl (RaftServerImpl.java:setRole(184)) - 8f18dce1-0a3d-4b65-9c78-af3d58b2da7f@group-091950D56227: changes role from  FOLLOWER to CANDIDATE at term 568 for changeToCandidate
2019-10-20 17:41:07,950 [Thread-3435] INFO  impl.RoleInfo (RoleInfo.java:updateAndGet(143)) - 8f18dce1-0a3d-4b65-9c78-af3d58b2da7f: start LeaderElection
2019-10-20 17:41:07,982 [8f18dce1-0a3d-4b65-9c78-af3d58b2da7f@group-091950D56227-LeaderElection485] INFO  impl.LeaderElection (LeaderElection.java:askForVotes(178)) - 8f18dce1-0a3d-4b65-9c78-af3d58b2da7f@group-091950D56227-LeaderElection485: begin an election at term 569 for -1: [8a63e1ae-032e-4bed-9f20-125a11f65413:0.0.0.0:38685, 8f18dce1-0a3d-4b65-9c78-af3d58b2da7f:0.0.0.0:42489, 7b1e61a0-7daf-43dd-99d5-9b325c1d31ae:0.0.0.0:38412], old=null
2019-10-20 17:41:07,984 [grpc-default-executor-1] INFO  impl.RaftServerImpl (RaftServerImpl.java:setRole(184)) - 8a63e1ae-032e-4bed-9f20-125a11f65413@group-091950D56227: changes role from  FOLLOWER to FOLLOWER at term 569 for recognizeCandidate:8f18dce1-0a3d-4b65-9c78-af3d58b2da7f
2019-10-20 17:41:07,985 [grpc-default-executor-1] INFO  impl.RoleInfo (RoleInfo.java:shutdownFollowerState(121)) - 8a63e1ae-032e-4bed-9f20-125a11f65413: shutdown FollowerState
2019-10-20 17:41:07,984 [grpc-default-executor-3] INFO  impl.RaftServerImpl (RaftServerImpl.java:setRole(184)) - 7b1e61a0-7daf-43dd-99d5-9b325c1d31ae@group-091950D56227: changes role from  FOLLOWER to FOLLOWER at term 569 for recognizeCandidate:8f18dce1-0a3d-4b65-9c78-af3d58b2da7f
2019-10-20 17:41:07,985 [grpc-default-executor-3] INFO  impl.RoleInfo (RoleInfo.java:shutdownFollowerState(121)) - 7b1e61a0-7daf-43dd-99d5-9b325c1d31ae: shutdown FollowerState
2019-10-20 17:41:07,985 [Thread-3434] INFO  impl.FollowerState (FollowerState.java:run(117)) - 8a63e1ae-032e-4bed-9f20-125a11f65413@group-091950D56227-FollowerState was interrupted: java.lang.InterruptedException: sleep interrupted
2019-10-20 17:41:07,985 [grpc-default-executor-1] INFO  impl.RoleInfo (RoleInfo.java:updateAndGet(143)) - 8a63e1ae-032e-4bed-9f20-125a11f65413: start FollowerState
2019-10-20 17:41:07,985 [Thread-3433] INFO  impl.FollowerState (FollowerState.java:run(117)) - 7b1e61a0-7daf-43dd-99d5-9b325c1d31ae@group-091950D56227-FollowerState was interrupted: java.lang.InterruptedException: sleep interrupted
2019-10-20 17:41:07,985 [grpc-default-executor-3] INFO  impl.RoleInfo (RoleInfo.java:updateAndGet(143)) - 7b1e61a0-7daf-43dd-99d5-9b325c1d31ae: start FollowerState
2019-10-20 17:41:08,008 [8f18dce1-0a3d-4b65-9c78-af3d58b2da7f@group-091950D56227-LeaderElection485] INFO  impl.LeaderElection (LeaderElection.java:logAndReturn(56)) - 8f18dce1-0a3d-4b65-9c78-af3d58b2da7f@group-091950D56227-LeaderElection485: Election REJECTED; received 2 response(s) [8f18dce1-0a3d-4b65-9c78-af3d58b2da7f<-8a63e1ae-032e-4bed-9f20-125a11f65413#0:FAIL-t569, 8f18dce1-0a3d-4b65-9c78-af3d58b2da7f<-7b1e61a0-7daf-43dd-99d5-9b325c1d31ae#0:FAIL-t569] and 0 exception(s); 8f18dce1-0a3d-4b65-9c78-af3d58b2da7f@group-091950D56227:t569, leader=null, voted=8f18dce1-0a3d-4b65-9c78-af3d58b2da7f, raftlog=8f18dce1-0a3d-4b65-9c78-af3d58b2da7f@group-091950D56227-SegmentedRaftLog:OPENED:c-1,f-1,i0, conf=-1: [8a63e1ae-032e-4bed-9f20-125a11f65413:0.0.0.0:38685, 8f18dce1-0a3d-4b65-9c78-af3d58b2da7f:0.0.0.0:42489, 7b1e61a0-7daf-43dd-99d5-9b325c1d31ae:0.0.0.0:38412], old=null
2019-10-20 17:41:08,009 [8f18dce1-0a3d-4b65-9c78-af3d58b2da7f@group-091950D56227-LeaderElection485] INFO  impl.RaftServerImpl (RaftServerImpl.java:setRole(184)) - 8f18dce1-0a3d-4b65-9c78-af3d58b2da7f@group-091950D56227: changes role from CANDIDATE to FOLLOWER at term 569 for DISCOVERED_A_NEW_TERM
2019-10-20 17:41:08,009 [8f18dce1-0a3d-4b65-9c78-af3d58b2da7f@group-091950D56227-LeaderElection485] INFO  impl.RoleInfo (RoleInfo.java:shutdownLeaderElection(134)) - 8f18dce1-0a3d-4b65-9c78-af3d58b2da7f: shutdown LeaderElection
2019-10-20 17:41:08,009 [8f18dce1-0a3d-4b65-9c78-af3d58b2da7f@group-091950D56227-LeaderElection485] INFO  impl.RoleInfo (RoleInfo.java:updateAndGet(143)) - 8f18dce1-0a3d-4b65-9c78-af3d58b2da7f: start FollowerState
2019-10-20 17:41:08,144 [Thread-3441] INFO  impl.FollowerState (FollowerState.java:run(108)) - 8f18dce1-0a3d-4b65-9c78-af3d58b2da7f@group-091950D56227-FollowerState: change to CANDIDATE, lastRpcTime:135ms, electionTimeout:135ms
2019-10-20 17:41:08,144 [Thread-3441] INFO  impl.RoleInfo (RoleInfo.java:shutdownFollowerState(121)) - 8f18dce1-0a3d-4b65-9c78-af3d58b2da7f: shutdown FollowerState
2019-10-20 17:41:08,145 [Thread-3441] INFO  impl.RaftServerImpl (RaftServerImpl.java:setRole(184)) - 8f18dce1-0a3d-4b65-9c78-af3d58b2da7f@group-091950D56227: changes role from  FOLLOWER to CANDIDATE at term 569 for changeToCandidate
2019-10-20 17:41:08,145 [Thread-3441] INFO  impl.RoleInfo (RoleInfo.java:updateAndGet(143)) - 8f18dce1-0a3d-4b65-9c78-af3d58b2da7f: start LeaderElection
2019-10-20 17:41:08,175 [8f18dce1-0a3d-4b65-9c78-af3d58b2da7f@group-091950D56227-LeaderElection486] INFO  impl.LeaderElection (LeaderElection.java:askForVotes(178)) - 8f18dce1-0a3d-4b65-9c78-af3d58b2da7f@group-091950D56227-LeaderElection486: begin an election at term 570 for -1: [8a63e1ae-032e-4bed-9f20-125a11f65413:0.0.0.0:38685, 8f18dce1-0a3d-4b65-9c78-af3d58b2da7f:0.0.0.0:42489, 7b1e61a0-7daf-43dd-99d5-9b325c1d31ae:0.0.0.0:38412], old=null
2019-10-20 17:41:08,176 [grpc-default-executor-1] INFO  impl.RaftServerImpl (RaftServerImpl.java:setRole(184)) - 7b1e61a0-7daf-43dd-99d5-9b325c1d31ae@group-091950D56227: changes role from  FOLLOWER to FOLLOWER at term 570 for recognizeCandidate:8f18dce1-0a3d-4b65-9c78-af3d58b2da7f
2019-10-20 17:41:08,176 [grpc-default-executor-3] INFO  impl.RaftServerImpl (RaftServerImpl.java:setRole(184)) - 8a63e1ae-032e-4bed-9f20-125a11f65413@group-091950D56227: changes role from  FOLLOWER to FOLLOWER at term 570 for recognizeCandidate:8f18dce1-0a3d-4b65-9c78-af3d58b2da7f
2019-10-20 17:41:08,176 [grpc-default-executor-1] INFO  impl.RoleInfo (RoleInfo.java:shutdownFollowerState(121)) - 7b1e61a0-7daf-43dd-99d5-9b325c1d31ae: shutdown FollowerState
2019-10-20 17:41:08,176 [grpc-default-executor-3] INFO  impl.RoleInfo (RoleInfo.java:shutdownFollowerState(121)) - 8a63e1ae-032e-4bed-9f20-125a11f65413: shutdown FollowerState
2019-10-20 17:41:08,177 [Thread-3440] INFO  impl.FollowerState (FollowerState.java:run(117)) - 7b1e61a0-7daf-43dd-99d5-9b325c1d31ae@group-091950D56227-FollowerState was interrupted: java.lang.InterruptedException: sleep interrupted
2019-10-20 17:41:08,177 [grpc-default-executor-1] INFO  impl.RoleInfo (RoleInfo.java:updateAndGet(143)) - 7b1e61a0-7daf-43dd-99d5-9b325c1d31ae: start FollowerState
2019-10-20 17:41:08,177 [Thread-3439] INFO  impl.FollowerState (FollowerState.java:run(117)) - 8a63e1ae-032e-4bed-9f20-125a11f65413@group-091950D56227-FollowerState was interrupted: java.lang.InterruptedException: sleep interrupted
2019-10-20 17:41:08,177 [grpc-default-executor-3] INFO  impl.RoleInfo (RoleInfo.java:updateAndGet(143)) - 8a63e1ae-032e-4bed-9f20-125a11f65413: start FollowerState
2019-10-20 17:41:08,201 [8f18dce1-0a3d-4b65-9c78-af3d58b2da7f@group-091950D56227-LeaderElection486] INFO  impl.LeaderElection (LeaderElection.java:logAndReturn(56)) - 8f18dce1-0a3d-4b65-9c78-af3d58b2da7f@group-091950D56227-LeaderElection486: Election REJECTED; received 2 response(s) [8f18dce1-0a3d-4b65-9c78-af3d58b2da7f<-8a63e1ae-032e-4bed-9f20-125a11f65413#0:FAIL-t570, 8f18dce1-0a3d-4b65-9c78-af3d58b2da7f<-7b1e61a0-7daf-43dd-99d5-9b325c1d31ae#0:FAIL-t570] and 0 exception(s); 8f18dce1-0a3d-4b65-9c78-af3d58b2da7f@group-091950D56227:t570, leader=null, voted=8f18dce1-0a3d-4b65-9c78-af3d58b2da7f, raftlog=8f18dce1-0a3d-4b65-9c78-af3d58b2da7f@group-091950D56227-SegmentedRaftLog:OPENED:c-1,f-1,i0, conf=-1: [8a63e1ae-032e-4bed-9f20-125a11f65413:0.0.0.0:38685, 8f18dce1-0a3d-4b65-9c78-af3d58b2da7f:0.0.0.0:42489, 7b1e61a0-7daf-43dd-99d5-9b325c1d31ae:0.0.0.0:38412], old=null
2019-10-20 17:41:08,201 [8f18dce1-0a3d-4b65-9c78-af3d58b2da7f@group-091950D56227-LeaderElection486] INFO  impl.RaftServerImpl (RaftServerImpl.java:setRole(184)) - 8f18dce1-0a3d-4b65-9c78-af3d58b2da7f@group-091950D56227: changes role from CANDIDATE to FOLLOWER at term 570 for DISCOVERED_A_NEW_TERM
2019-10-20 17:41:08,201 [8f18dce1-0a3d-4b65-9c78-af3d58b2da7f@group-091950D56227-LeaderElection486] INFO  impl.RoleInfo (RoleInfo.java:shutdownLeaderElection(134)) - 8f18dce1-0a3d-4b65-9c78-af3d58b2da7f: shutdown LeaderElection
2019-10-20 17:41:08,201 [8f18dce1-0a3d-4b65-9c78-af3d58b2da7f@group-091950D56227-LeaderElection486] INFO  impl.RoleInfo (RoleInfo.java:updateAndGet(143)) - 8f18dce1-0a3d-4b65-9c78-af3d58b2da7f: start FollowerState
2019-10-20 17:41:08,391 [Thread-3447] INFO  impl.FollowerState (FollowerState.java:run(108)) - 8f18dce1-0a3d-4b65-9c78-af3d58b2da7f@group-091950D56227-FollowerState: change to CANDIDATE, lastRpcTime:189ms, electionTimeout:189ms
2019-10-20 17:41:08,391 [Thread-3447] INFO  impl.RoleInfo (RoleInfo.java:shutdownFollowerState(121)) - 8f18dce1-0a3d-4b65-9c78-af3d58b2da7f: shutdown FollowerState
2019-10-20 17:41:08,391 [Thread-3447] INFO  impl.RaftServerImpl (RaftServerImpl.java:setRole(184)) - 8f18dce1-0a3d-4b65-9c78-af3d58b2da7f@group-091950D56227: changes role from  FOLLOWER to CANDIDATE at term 570 for changeToCandidate
2019-10-20 17:41:08,391 [Thread-3447] INFO  impl.RoleInfo (RoleInfo.java:updateAndGet(143)) - 8f18dce1-0a3d-4b65-9c78-af3d58b2da7f: start LeaderElection
2019-10-20 17:41:08,417 [8f18dce1-0a3d-4b65-9c78-af3d58b2da7f@group-091950D56227-LeaderElection487] INFO  impl.LeaderElection (LeaderElection.java:askForVotes(178)) - 8f18dce1-0a3d-4b65-9c78-af3d58b2da7f@group-091950D56227-LeaderElection487: begin an election at term 571 for -1: [8a63e1ae-032e-4bed-9f20-125a11f65413:0.0.0.0:38685, 8f18dce1-0a3d-4b65-9c78-af3d58b2da7f:0.0.0.0:42489, 7b1e61a0-7daf-43dd-99d5-9b325c1d31ae:0.0.0.0:38412], old=null
2019-10-20 17:41:08,419 [grpc-default-executor-1] INFO  impl.RaftServerImpl (RaftServerImpl.java:setRole(184)) - 8a63e1ae-032e-4bed-9f20-125a11f65413@group-091950D56227: changes role from  FOLLOWER to FOLLOWER at term 571 for recognizeCandidate:8f18dce1-0a3d-4b65-9c78-af3d58b2da7f
2019-10-20 17:41:08,419 [grpc-default-executor-1] INFO  impl.RoleInfo (RoleInfo.java:shutdownFollowerState(121)) - 8a63e1ae-032e-4bed-9f20-125a11f65413: shutdown FollowerState
2019-10-20 17:41:08,419 [grpc-default-executor-3] INFO  impl.RaftServerImpl (RaftServerImpl.java:setRole(184)) - 7b1e61a0-7daf-43dd-99d5-9b325c1d31ae@group-091950D56227: changes role from  FOLLOWER to FOLLOWER at term 571 for recognizeCandidate:8f18dce1-0a3d-4b65-9c78-af3d58b2da7f
2019-10-20 17:41:08,419 [grpc-default-executor-3] INFO  impl.RoleInfo (RoleInfo.java:shutdownFollowerState(121)) - 7b1e61a0-7daf-43dd-99d5-9b325c1d31ae: shutdown FollowerState
2019-10-20 17:41:08,419 [Thread-3446] INFO  impl.FollowerState (FollowerState.java:run(117)) - 8a63e1ae-032e-4bed-9f20-125a11f65413@group-091950D56227-FollowerState was interrupted: java.lang.InterruptedException: sleep interrupted
2019-10-20 17:41:08,419 [grpc-default-executor-1] INFO  impl.RoleInfo (RoleInfo.java:updateAndGet(143)) - 8a63e1ae-032e-4bed-9f20-125a11f65413: start FollowerState
2019-10-20 17:41:08,419 [Thread-3445] INFO  impl.FollowerState (FollowerState.java:run(117)) - 7b1e61a0-7daf-43dd-99d5-9b325c1d31ae@group-091950D56227-FollowerState was interrupted: java.lang.InterruptedException: sleep interrupted
2019-10-20 17:41:08,419 [grpc-default-executor-3] INFO  impl.RoleInfo (RoleInfo.java:updateAndGet(143)) - 7b1e61a0-7daf-43dd-99d5-9b325c1d31ae: start FollowerState
2019-10-20 17:41:08,443 [8f18dce1-0a3d-4b65-9c78-af3d58b2da7f@group-091950D56227-LeaderElection487] INFO  impl.LeaderElection (LeaderElection.java:logAndReturn(56)) - 8f18dce1-0a3d-4b65-9c78-af3d58b2da7f@group-091950D56227-LeaderElection487: Election REJECTED; received 2 response(s) [8f18dce1-0a3d-4b65-9c78-af3d58b2da7f<-8a63e1ae-032e-4bed-9f20-125a11f65413#0:FAIL-t571, 8f18dce1-0a3d-4b65-9c78-af3d58b2da7f<-7b1e61a0-7daf-43dd-99d5-9b325c1d31ae#0:FAIL-t571] and 0 exception(s); 8f18dce1-0a3d-4b65-9c78-af3d58b2da7f@group-091950D56227:t571, leader=null, voted=8f18dce1-0a3d-4b65-9c78-af3d58b2da7f, raftlog=8f18dce1-0a3d-4b65-9c78-af3d58b2da7f@group-091950D56227-SegmentedRaftLog:OPENED:c-1,f-1,i0, conf=-1: [8a63e1ae-032e-4bed-9f20-125a11f65413:0.0.0.0:38685, 8f18dce1-0a3d-4b65-9c78-af3d58b2da7f:0.0.0.0:42489, 7b1e61a0-7daf-43dd-99d5-9b325c1d31ae:0.0.0.0:38412], old=null
2019-10-20 17:41:08,443 [8f18dce1-0a3d-4b65-9c78-af3d58b2da7f@group-091950D56227-LeaderElection487] INFO  impl.RaftServerImpl (RaftServerImpl.java:setRole(184)) - 8f18dce1-0a3d-4b65-9c78-af3d58b2da7f@group-091950D56227: changes role from CANDIDATE to FOLLOWER at term 571 for DISCOVERED_A_NEW_TERM
2019-10-20 17:41:08,443 [8f18dce1-0a3d-4b65-9c78-af3d58b2da7f@group-091950D56227-LeaderElection487] INFO  impl.RoleInfo (RoleInfo.java:shutdownLeaderElection(134)) - 8f18dce1-0a3d-4b65-9c78-af3d58b2da7f: shutdown LeaderElection
2019-10-20 17:41:08,444 [8f18dce1-0a3d-4b65-9c78-af3d58b2da7f@group-091950D56227-LeaderElection487] INFO  impl.RoleInfo (RoleInfo.java:updateAndGet(143)) - 8f18dce1-0a3d-4b65-9c78-af3d58b2da7f: start FollowerState
2019-10-20 17:41:08,600 [Thread-3453] INFO  impl.FollowerState (FollowerState.java:run(108)) - 8f18dce1-0a3d-4b65-9c78-af3d58b2da7f@group-091950D56227-FollowerState: change to CANDIDATE, lastRpcTime:156ms, electionTimeout:156ms
2019-10-20 17:41:08,600 [Thread-3453] INFO  impl.RoleInfo (RoleInfo.java:shutdownFollowerState(121)) - 8f18dce1-0a3d-4b65-9c78-af3d58b2da7f: shutdown FollowerState
2019-10-20 17:41:08,600 [Thread-3453] INFO  impl.RaftServerImpl (RaftServerImpl.java:setRole(184)) - 8f18dce1-0a3d-4b65-9c78-af3d58b2da7f@group-091950D56227: changes role from  FOLLOWER to CANDIDATE at term 571 for changeToCandidate
2019-10-20 17:41:08,600 [Thread-3453] INFO  impl.RoleInfo (RoleInfo.java:updateAndGet(143)) - 8f18dce1-0a3d-4b65-9c78-af3d58b2da7f: start LeaderElection
2019-10-20 17:41:08,627 [8f18dce1-0a3d-4b65-9c78-af3d58b2da7f@group-091950D56227-LeaderElection488] INFO  impl.LeaderElection (LeaderElection.java:askForVotes(178)) - 8f18dce1-0a3d-4b65-9c78-af3d58b2da7f@group-091950D56227-LeaderElection488: begin an election at term 572 for -1: [8a63e1ae-032e-4bed-9f20-125a11f65413:0.0.0.0:38685, 8f18dce1-0a3d-4b65-9c78-af3d58b2da7f:0.0.0.0:42489, 7b1e61a0-7daf-43dd-99d5-9b325c1d31ae:0.0.0.0:38412], old=null
2019-10-20 17:41:08,629 [grpc-default-executor-3] INFO  impl.RaftServerImpl (RaftServerImpl.java:setRole(184)) - 8a63e1ae-032e-4bed-9f20-125a11f65413@group-091950D56227: changes role from  FOLLOWER to FOLLOWER at term 572 for recognizeCandidate:8f18dce1-0a3d-4b65-9c78-af3d58b2da7f
2019-10-20 17:41:08,629 [grpc-default-executor-3] INFO  impl.RoleInfo (RoleInfo.java:shutdownFollowerState(121)) - 8a63e1ae-032e-4bed-9f20-125a11f65413: shutdown FollowerState
2019-10-20 17:41:08,629 [grpc-default-executor-1] INFO  impl.RaftServerImpl (RaftServerImpl.java:setRole(184)) - 7b1e61a0-7daf-43dd-99d5-9b325c1d31ae@group-091950D56227: changes role from  FOLLOWER to FOLLOWER at term 572 for recognizeCandidate:8f18dce1-0a3d-4b65-9c78-af3d58b2da7f
2019-10-20 17:41:08,629 [Thread-3451] INFO  impl.FollowerState (FollowerState.java:run(117)) - 8a63e1ae-032e-4bed-9f20-125a11f65413@group-091950D56227-FollowerState was interrupted: java.lang.InterruptedException: sleep interrupted
2019-10-20 17:41:08,629 [grpc-default-executor-3] INFO  impl.RoleInfo (RoleInfo.java:updateAndGet(143)) - 8a63e1ae-032e-4bed-9f20-125a11f65413: start FollowerState
2019-10-20 17:41:08,629 [grpc-default-executor-1] INFO  impl.RoleInfo (RoleInfo.java:shutdownFollowerState(121)) - 7b1e61a0-7daf-43dd-99d5-9b325c1d31ae: shutdown FollowerState
2019-10-20 17:41:08,630 [grpc-default-executor-1] INFO  impl.RoleInfo (RoleInfo.java:updateAndGet(143)) - 7b1e61a0-7daf-43dd-99d5-9b325c1d31ae: start FollowerState
2019-10-20 17:41:08,630 [Thread-3452] INFO  impl.FollowerState (FollowerState.java:run(117)) - 7b1e61a0-7daf-43dd-99d5-9b325c1d31ae@group-091950D56227-FollowerState was interrupted: java.lang.InterruptedException: sleep interrupted
2019-10-20 17:41:08,653 [8f18dce1-0a3d-4b65-9c78-af3d58b2da7f@group-091950D56227-LeaderElection488] INFO  impl.LeaderElection (LeaderElection.java:logAndReturn(56)) - 8f18dce1-0a3d-4b65-9c78-af3d58b2da7f@group-091950D56227-LeaderElection488: Election REJECTED; received 2 response(s) [8f18dce1-0a3d-4b65-9c78-af3d58b2da7f<-8a63e1ae-032e-4bed-9f20-125a11f65413#0:FAIL-t572, 8f18dce1-0a3d-4b65-9c78-af3d58b2da7f<-7b1e61a0-7daf-43dd-99d5-9b325c1d31ae#0:FAIL-t572] and 0 exception(s); 8f18dce1-0a3d-4b65-9c78-af3d58b2da7f@group-091950D56227:t572, leader=null, voted=8f18dce1-0a3d-4b65-9c78-af3d58b2da7f, raftlog=8f18dce1-0a3d-4b65-9c78-af3d58b2da7f@group-091950D56227-SegmentedRaftLog:OPENED:c-1,f-1,i0, conf=-1: [8a63e1ae-032e-4bed-9f20-125a11f65413:0.0.0.0:38685, 8f18dce1-0a3d-4b65-9c78-af3d58b2da7f:0.0.0.0:42489, 7b1e61a0-7daf-43dd-99d5-9b325c1d31ae:0.0.0.0:38412], old=null
2019-10-20 17:41:08,653 [8f18dce1-0a3d-4b65-9c78-af3d58b2da7f@group-091950D56227-LeaderElection488] INFO  impl.RaftServerImpl (RaftServerImpl.java:setRole(184)) - 8f18dce1-0a3d-4b65-9c78-af3d58b2da7f@group-091950D56227: changes role from CANDIDATE to FOLLOWER at term 572 for DISCOVERED_A_NEW_TERM
2019-10-20 17:41:08,653 [8f18dce1-0a3d-4b65-9c78-af3d58b2da7f@group-091950D56227-LeaderElection488] INFO  impl.RoleInfo (RoleInfo.java:shutdownLeaderElection(134)) - 8f18dce1-0a3d-4b65-9c78-af3d58b2da7f: shutdown LeaderElection
2019-10-20 17:41:08,653 [8f18dce1-0a3d-4b65-9c78-af3d58b2da7f@group-091950D56227-LeaderElection488] INFO  impl.RoleInfo (RoleInfo.java:updateAndGet(143)) - 8f18dce1-0a3d-4b65-9c78-af3d58b2da7f: start FollowerState
2019-10-20 17:41:08,824 [Thread-3461] INFO  impl.FollowerState (FollowerState.java:run(108)) - 8f18dce1-0a3d-4b65-9c78-af3d58b2da7f@group-091950D56227-FollowerState: change to CANDIDATE, lastRpcTime:170ms, electionTimeout:170ms
2019-10-20 17:41:08,824 [Thread-3461] INFO  impl.RoleInfo (RoleInfo.java:shutdownFollowerState(121)) - 8f18dce1-0a3d-4b65-9c78-af3d58b2da7f: shutdown FollowerState
2019-10-20 17:41:08,824 [Thread-3461] INFO  impl.RaftServerImpl (RaftServerImpl.java:setRole(184)) - 8f18dce1-0a3d-4b65-9c78-af3d58b2da7f@group-091950D56227: changes role from  FOLLOWER to CANDIDATE at term 572 for changeToCandidate
2019-10-20 17:41:08,824 [Thread-3461] INFO  impl.RoleInfo (RoleInfo.java:updateAndGet(143)) - 8f18dce1-0a3d-4b65-9c78-af3d58b2da7f: start LeaderElection
2019-10-20 17:41:08,854 [8f18dce1-0a3d-4b65-9c78-af3d58b2da7f@group-091950D56227-LeaderElection489] INFO  impl.LeaderElection (LeaderElection.java:askForVotes(178)) - 8f18dce1-0a3d-4b65-9c78-af3d58b2da7f@group-091950D56227-LeaderElection489: begin an election at term 573 for -1: [8a63e1ae-032e-4bed-9f20-125a11f65413:0.0.0.0:38685, 8f18dce1-0a3d-4b65-9c78-af3d58b2da7f:0.0.0.0:42489, 7b1e61a0-7daf-43dd-99d5-9b325c1d31ae:0.0.0.0:38412], old=null
2019-10-20 17:41:08,855 [grpc-default-executor-1] INFO  impl.RaftServerImpl (RaftServerImpl.java:setRole(184)) - 8a63e1ae-032e-4bed-9f20-125a11f65413@group-091950D56227: changes role from  FOLLOWER to FOLLOWER at term 573 for recognizeCandidate:8f18dce1-0a3d-4b65-9c78-af3d58b2da7f
2019-10-20 17:41:08,856 [grpc-default-executor-1] INFO  impl.RoleInfo (RoleInfo.java:shutdownFollowerState(121)) - 8a63e1ae-032e-4bed-9f20-125a11f65413: shutdown FollowerState
2019-10-20 17:41:08,856 [grpc-default-executor-3] INFO  impl.RaftServerImpl (RaftServerImpl.java:setRole(184)) - 7b1e61a0-7daf-43dd-99d5-9b325c1d31ae@group-091950D56227: changes role from  FOLLOWER to FOLLOWER at term 573 for recognizeCandidate:8f18dce1-0a3d-4b65-9c78-af3d58b2da7f
2019-10-20 17:41:08,856 [grpc-default-executor-3] INFO  impl.RoleInfo (RoleInfo.java:shutdownFollowerState(121)) - 7b1e61a0-7daf-43dd-99d5-9b325c1d31ae: shutdown FollowerState
2019-10-20 17:41:08,856 [grpc-default-executor-1] INFO  impl.RoleInfo (RoleInfo.java:updateAndGet(143)) - 8a63e1ae-032e-4bed-9f20-125a11f65413: start FollowerState
2019-10-20 17:41:08,856 [Thread-3459] INFO  impl.FollowerState (FollowerState.java:run(117)) - 8a63e1ae-032e-4bed-9f20-125a11f65413@group-091950D56227-FollowerState was interrupted: java.lang.InterruptedException: sleep interrupted
2019-10-20 17:41:08,856 [Thread-3460] INFO  impl.FollowerState (FollowerState.java:run(117)) - 7b1e61a0-7daf-43dd-99d5-9b325c1d31ae@group-091950D56227-FollowerState was interrupted: java.lang.InterruptedException: sleep interrupted
2019-10-20 17:41:08,856 [grpc-default-executor-3] INFO  impl.RoleInfo (RoleInfo.java:updateAndGet(143)) - 7b1e61a0-7daf-43dd-99d5-9b325c1d31ae: start FollowerState
2019-10-20 17:41:08,880 [8f18dce1-0a3d-4b65-9c78-af3d58b2da7f@group-091950D56227-LeaderElection489] INFO  impl.LeaderElection (LeaderElection.java:logAndReturn(56)) - 8f18dce1-0a3d-4b65-9c78-af3d58b2da7f@group-091950D56227-LeaderElection489: Election REJECTED; received 2 response(s) [8f18dce1-0a3d-4b65-9c78-af3d58b2da7f<-8a63e1ae-032e-4bed-9f20-125a11f65413#0:FAIL-t573, 8f18dce1-0a3d-4b65-9c78-af3d58b2da7f<-7b1e61a0-7daf-43dd-99d5-9b325c1d31ae#0:FAIL-t573] and 0 exception(s); 8f18dce1-0a3d-4b65-9c78-af3d58b2da7f@group-091950D56227:t573, leader=null, voted=8f18dce1-0a3d-4b65-9c78-af3d58b2da7f, raftlog=8f18dce1-0a3d-4b65-9c78-af3d58b2da7f@group-091950D56227-SegmentedRaftLog:OPENED:c-1,f-1,i0, conf=-1: [8a63e1ae-032e-4bed-9f20-125a11f65413:0.0.0.0:38685, 8f18dce1-0a3d-4b65-9c78-af3d58b2da7f:0.0.0.0:42489, 7b1e61a0-7daf-43dd-99d5-9b325c1d31ae:0.0.0.0:38412], old=null
2019-10-20 17:41:08,880 [8f18dce1-0a3d-4b65-9c78-af3d58b2da7f@group-091950D56227-LeaderElection489] INFO  impl.RaftServerImpl (RaftServerImpl.java:setRole(184)) - 8f18dce1-0a3d-4b65-9c78-af3d58b2da7f@group-091950D56227: changes role from CANDIDATE to FOLLOWER at term 573 for DISCOVERED_A_NEW_TERM
2019-10-20 17:41:08,881 [8f18dce1-0a3d-4b65-9c78-af3d58b2da7f@group-091950D56227-LeaderElection489] INFO  impl.RoleInfo (RoleInfo.java:shutdownLeaderElection(134)) - 8f18dce1-0a3d-4b65-9c78-af3d58b2da7f: shutdown LeaderElection
2019-10-20 17:41:08,881 [8f18dce1-0a3d-4b65-9c78-af3d58b2da7f@group-091950D56227-LeaderElection489] INFO  impl.RoleInfo (RoleInfo.java:updateAndGet(143)) - 8f18dce1-0a3d-4b65-9c78-af3d58b2da7f: start FollowerState
2019-10-20 17:41:08,915 [Thread-3467] INFO  impl.FollowerState (FollowerState.java:run(108)) - 8f18dce1-0a3d-4b65-9c78-af3d58b2da7f@group-091950D56227-FollowerState: change to CANDIDATE, lastRpcTime:34ms, electionTimeout:34ms
2019-10-20 17:41:08,916 [Thread-3467] INFO  impl.RoleInfo (RoleInfo.java:shutdownFollowerState(121)) - 8f18dce1-0a3d-4b65-9c78-af3d58b2da7f: shutdown FollowerState
2019-10-20 17:41:08,916 [Thread-3467] INFO  impl.RaftServerImpl (RaftServerImpl.java:setRole(184)) - 8f18dce1-0a3d-4b65-9c78-af3d58b2da7f@group-091950D56227: changes role from  FOLLOWER to CANDIDATE at term 573 for changeToCandidate
2019-10-20 17:41:08,916 [Thread-3467] INFO  impl.RoleInfo (RoleInfo.java:updateAndGet(143)) - 8f18dce1-0a3d-4b65-9c78-af3d58b2da7f: start LeaderElection
2019-10-20 17:41:08,946 [8f18dce1-0a3d-4b65-9c78-af3d58b2da7f@group-091950D56227-LeaderElection490] INFO  impl.LeaderElection (LeaderElection.java:askForVotes(178)) - 8f18dce1-0a3d-4b65-9c78-af3d58b2da7f@group-091950D56227-LeaderElection490: begin an election at term 574 for -1: [8a63e1ae-032e-4bed-9f20-125a11f65413:0.0.0.0:38685, 8f18dce1-0a3d-4b65-9c78-af3d58b2da7f:0.0.0.0:42489, 7b1e61a0-7daf-43dd-99d5-9b325c1d31ae:0.0.0.0:38412], old=null
2019-10-20 17:41:08,948 [grpc-default-executor-1] INFO  impl.RaftServerImpl (RaftServerImpl.java:setRole(184)) - 8a63e1ae-032e-4bed-9f20-125a11f65413@group-091950D56227: changes role from  FOLLOWER to FOLLOWER at term 574 for recognizeCandidate:8f18dce1-0a3d-4b65-9c78-af3d58b2da7f
2019-10-20 17:41:08,948 [grpc-default-executor-1] INFO  impl.RoleInfo (RoleInfo.java:shutdownFollowerState(121)) - 8a63e1ae-032e-4bed-9f20-125a11f65413: shutdown FollowerState
2019-10-20 17:41:08,948 [grpc-default-executor-3] INFO  impl.RaftServerImpl (RaftServerImpl.java:setRole(184)) - 7b1e61a0-7daf-43dd-99d5-9b325c1d31ae@group-091950D56227: changes role from  FOLLOWER to FOLLOWER at term 574 for recognizeCandidate:8f18dce1-0a3d-4b65-9c78-af3d58b2da7f
2019-10-20 17:41:08,948 [Thread-3465] INFO  impl.FollowerState (FollowerState.java:run(117)) - 8a63e1ae-032e-4bed-9f20-125a11f65413@group-091950D56227-FollowerState was interrupted: java.lang.InterruptedException: sleep interrupted
2019-10-20 17:41:08,948 [grpc-default-executor-1] INFO  impl.RoleInfo (RoleInfo.java:updateAndGet(143)) - 8a63e1ae-032e-4bed-9f20-125a11f65413: start FollowerState
2019-10-20 17:41:08,949 [grpc-default-executor-3] INFO  impl.RoleInfo (RoleInfo.java:shutdownFollowerState(121)) - 7b1e61a0-7daf-43dd-99d5-9b325c1d31ae: shutdown FollowerState
2019-10-20 17:41:08,949 [grpc-default-executor-3] INFO  impl.RoleInfo (RoleInfo.java:updateAndGet(143)) - 7b1e61a0-7daf-43dd-99d5-9b325c1d31ae: start FollowerState
2019-10-20 17:41:08,949 [Thread-3466] INFO  impl.FollowerState (FollowerState.java:run(117)) - 7b1e61a0-7daf-43dd-99d5-9b325c1d31ae@group-091950D56227-FollowerState was interrupted: java.lang.InterruptedException: sleep interrupted
2019-10-20 17:41:08,972 [8f18dce1-0a3d-4b65-9c78-af3d58b2da7f@group-091950D56227-LeaderElection490] INFO  impl.LeaderElection (LeaderElection.java:logAndReturn(56)) - 8f18dce1-0a3d-4b65-9c78-af3d58b2da7f@group-091950D56227-LeaderElection490: Election REJECTED; received 2 response(s) [8f18dce1-0a3d-4b65-9c78-af3d58b2da7f<-8a63e1ae-032e-4bed-9f20-125a11f65413#0:FAIL-t574, 8f18dce1-0a3d-4b65-9c78-af3d58b2da7f<-7b1e61a0-7daf-43dd-99d5-9b325c1d31ae#0:FAIL-t574] and 0 exception(s); 8f18dce1-0a3d-4b65-9c78-af3d58b2da7f@group-091950D56227:t574, leader=null, voted=8f18dce1-0a3d-4b65-9c78-af3d58b2da7f, raftlog=8f18dce1-0a3d-4b65-9c78-af3d58b2da7f@group-091950D56227-SegmentedRaftLog:OPENED:c-1,f-1,i0, conf=-1: [8a63e1ae-032e-4bed-9f20-125a11f65413:0.0.0.0:38685, 8f18dce1-0a3d-4b65-9c78-af3d58b2da7f:0.0.0.0:42489, 7b1e61a0-7daf-43dd-99d5-9b325c1d31ae:0.0.0.0:38412], old=null
2019-10-20 17:41:08,973 [8f18dce1-0a3d-4b65-9c78-af3d58b2da7f@group-091950D56227-LeaderElection490] INFO  impl.RaftServerImpl (RaftServerImpl.java:setRole(184)) - 8f18dce1-0a3d-4b65-9c78-af3d58b2da7f@group-091950D56227: changes role from CANDIDATE to FOLLOWER at term 574 for DISCOVERED_A_NEW_TERM
2019-10-20 17:41:08,973 [8f18dce1-0a3d-4b65-9c78-af3d58b2da7f@group-091950D56227-LeaderElection490] INFO  impl.RoleInfo (RoleInfo.java:shutdownLeaderElection(134)) - 8f18dce1-0a3d-4b65-9c78-af3d58b2da7f: shutdown LeaderElection
2019-10-20 17:41:08,973 [8f18dce1-0a3d-4b65-9c78-af3d58b2da7f@group-091950D56227-LeaderElection490] INFO  impl.RoleInfo (RoleInfo.java:updateAndGet(143)) - 8f18dce1-0a3d-4b65-9c78-af3d58b2da7f: start FollowerState
2019-10-20 17:41:09,159 [Thread-3473] INFO  impl.FollowerState (FollowerState.java:run(108)) - 8f18dce1-0a3d-4b65-9c78-af3d58b2da7f@group-091950D56227-FollowerState: change to CANDIDATE, lastRpcTime:186ms, electionTimeout:186ms
2019-10-20 17:41:09,160 [Thread-3473] INFO  impl.RoleInfo (RoleInfo.java:shutdownFollowerState(121)) - 8f18dce1-0a3d-4b65-9c78-af3d58b2da7f: shutdown FollowerState
2019-10-20 17:41:09,160 [Thread-3473] INFO  impl.RaftServerImpl (RaftServerImpl.java:setRole(184)) - 8f18dce1-0a3d-4b65-9c78-af3d58b2da7f@group-091950D56227: changes role from  FOLLOWER to CANDIDATE at term 574 for changeToCandidate
2019-10-20 17:41:09,160 [Thread-3473] INFO  impl.RoleInfo (RoleInfo.java:updateAndGet(143)) - 8f18dce1-0a3d-4b65-9c78-af3d58b2da7f: start LeaderElection
2019-10-20 17:41:09,189 [8f18dce1-0a3d-4b65-9c78-af3d58b2da7f@group-091950D56227-LeaderElection491] INFO  impl.LeaderElection (LeaderElection.java:askForVotes(178)) - 8f18dce1-0a3d-4b65-9c78-af3d58b2da7f@group-091950D56227-LeaderElection491: begin an election at term 575 for -1: [8a63e1ae-032e-4bed-9f20-125a11f65413:0.0.0.0:38685, 8f18dce1-0a3d-4b65-9c78-af3d58b2da7f:0.0.0.0:42489, 7b1e61a0-7daf-43dd-99d5-9b325c1d31ae:0.0.0.0:38412], old=null
2019-10-20 17:41:09,191 [grpc-default-executor-3] INFO  impl.RaftServerImpl (RaftServerImpl.java:setRole(184)) - 7b1e61a0-7daf-43dd-99d5-9b325c1d31ae@group-091950D56227: changes role from  FOLLOWER to FOLLOWER at term 575 for recognizeCandidate:8f18dce1-0a3d-4b65-9c78-af3d58b2da7f
2019-10-20 17:41:09,191 [grpc-default-executor-1] INFO  impl.RaftServerImpl (RaftServerImpl.java:setRole(184)) - 8a63e1ae-032e-4bed-9f20-125a11f65413@group-091950D56227: changes role from  FOLLOWER to FOLLOWER at term 575 for recognizeCandidate:8f18dce1-0a3d-4b65-9c78-af3d58b2da7f
2019-10-20 17:41:09,191 [grpc-default-executor-3] INFO  impl.RoleInfo (RoleInfo.java:shutdownFollowerState(121)) - 7b1e61a0-7daf-43dd-99d5-9b325c1d31ae: shutdown FollowerState
2019-10-20 17:41:09,191 [grpc-default-executor-3] INFO  impl.RoleInfo (RoleInfo.java:updateAndGet(143)) - 7b1e61a0-7daf-43dd-99d5-9b325c1d31ae: start FollowerState
2019-10-20 17:41:09,191 [grpc-default-executor-1] INFO  impl.RoleInfo (RoleInfo.java:shutdownFollowerState(121)) - 8a63e1ae-032e-4bed-9f20-125a11f65413: shutdown FollowerState
2019-10-20 17:41:09,191 [Thread-3472] INFO  impl.FollowerState (FollowerState.java:run(117)) - 7b1e61a0-7daf-43dd-99d5-9b325c1d31ae@group-091950D56227-FollowerState was interrupted: java.lang.InterruptedException: sleep interrupted
2019-10-20 17:41:09,192 [Thread-3471] INFO  impl.FollowerState (FollowerState.java:run(117)) - 8a63e1ae-032e-4bed-9f20-125a11f65413@group-091950D56227-FollowerState was interrupted: java.lang.InterruptedException: sleep interrupted
2019-10-20 17:41:09,191 [grpc-default-executor-1] INFO  impl.RoleInfo (RoleInfo.java:updateAndGet(143)) - 8a63e1ae-032e-4bed-9f20-125a11f65413: start FollowerState
2019-10-20 17:41:09,215 [8f18dce1-0a3d-4b65-9c78-af3d58b2da7f@group-091950D56227-LeaderElection491] INFO  impl.LeaderElection (LeaderElection.java:logAndReturn(56)) - 8f18dce1-0a3d-4b65-9c78-af3d58b2da7f@group-091950D56227-LeaderElection491: Election REJECTED; received 2 response(s) [8f18dce1-0a3d-4b65-9c78-af3d58b2da7f<-8a63e1ae-032e-4bed-9f20-125a11f65413#0:FAIL-t575, 8f18dce1-0a3d-4b65-9c78-af3d58b2da7f<-7b1e61a0-7daf-43dd-99d5-9b325c1d31ae#0:FAIL-t575] and 0 exception(s); 8f18dce1-0a3d-4b65-9c78-af3d58b2da7f@group-091950D56227:t575, leader=null, voted=8f18dce1-0a3d-4b65-9c78-af3d58b2da7f, raftlog=8f18dce1-0a3d-4b65-9c78-af3d58b2da7f@group-091950D56227-SegmentedRaftLog:OPENED:c-1,f-1,i0, conf=-1: [8a63e1ae-032e-4bed-9f20-125a11f65413:0.0.0.0:38685, 8f18dce1-0a3d-4b65-9c78-af3d58b2da7f:0.0.0.0:42489, 7b1e61a0-7daf-43dd-99d5-9b325c1d31ae:0.0.0.0:38412], old=null
2019-10-20 17:41:09,215 [8f18dce1-0a3d-4b65-9c78-af3d58b2da7f@group-091950D56227-LeaderElection491] INFO  impl.RaftServerImpl (RaftServerImpl.java:setRole(184)) - 8f18dce1-0a3d-4b65-9c78-af3d58b2da7f@group-091950D56227: changes role from CANDIDATE to FOLLOWER at term 575 for DISCOVERED_A_NEW_TERM
2019-10-20 17:41:09,215 [8f18dce1-0a3d-4b65-9c78-af3d58b2da7f@group-091950D56227-LeaderElection491] INFO  impl.RoleInfo (RoleInfo.java:shutdownLeaderElection(134)) - 8f18dce1-0a3d-4b65-9c78-af3d58b2da7f: shutdown LeaderElection
2019-10-20 17:41:09,215 [8f18dce1-0a3d-4b65-9c78-af3d58b2da7f@group-091950D56227-LeaderElection491] INFO  impl.RoleInfo (RoleInfo.java:updateAndGet(143)) - 8f18dce1-0a3d-4b65-9c78-af3d58b2da7f: start FollowerState
2019-10-20 17:41:09,310 [Thread-3479] INFO  impl.FollowerState (FollowerState.java:run(108)) - 8f18dce1-0a3d-4b65-9c78-af3d58b2da7f@group-091950D56227-FollowerState: change to CANDIDATE, lastRpcTime:94ms, electionTimeout:94ms
2019-10-20 17:41:09,310 [Thread-3479] INFO  impl.RoleInfo (RoleInfo.java:shutdownFollowerState(121)) - 8f18dce1-0a3d-4b65-9c78-af3d58b2da7f: shutdown FollowerState
2019-10-20 17:41:09,310 [Thread-3479] INFO  impl.RaftServerImpl (RaftServerImpl.java:setRole(184)) - 8f18dce1-0a3d-4b65-9c78-af3d58b2da7f@group-091950D56227: changes role from  FOLLOWER to CANDIDATE at term 575 for changeToCandidate
2019-10-20 17:41:09,310 [Thread-3479] INFO  impl.RoleInfo (RoleInfo.java:updateAndGet(143)) - 8f18dce1-0a3d-4b65-9c78-af3d58b2da7f: start LeaderElection
2019-10-20 17:41:09,340 [8f18dce1-0a3d-4b65-9c78-af3d58b2da7f@group-091950D56227-LeaderElection492] INFO  impl.LeaderElection (LeaderElection.java:askForVotes(178)) - 8f18dce1-0a3d-4b65-9c78-af3d58b2da7f@group-091950D56227-LeaderElection492: begin an election at term 576 for -1: [8a63e1ae-032e-4bed-9f20-125a11f65413:0.0.0.0:38685, 8f18dce1-0a3d-4b65-9c78-af3d58b2da7f:0.0.0.0:42489, 7b1e61a0-7daf-43dd-99d5-9b325c1d31ae:0.0.0.0:38412], old=null
2019-10-20 17:41:09,342 [grpc-default-executor-3] INFO  impl.RaftServerImpl (RaftServerImpl.java:setRole(184)) - 8a63e1ae-032e-4bed-9f20-125a11f65413@group-091950D56227: changes role from  FOLLOWER to FOLLOWER at term 576 for recognizeCandidate:8f18dce1-0a3d-4b65-9c78-af3d58b2da7f
2019-10-20 17:41:09,342 [grpc-default-executor-3] INFO  impl.RoleInfo (RoleInfo.java:shutdownFollowerState(121)) - 8a63e1ae-032e-4bed-9f20-125a11f65413: shutdown FollowerState
2019-10-20 17:41:09,342 [grpc-default-executor-1] INFO  impl.RaftServerImpl (RaftServerImpl.java:setRole(184)) - 7b1e61a0-7daf-43dd-99d5-9b325c1d31ae@group-091950D56227: changes role from  FOLLOWER to FOLLOWER at term 576 for recognizeCandidate:8f18dce1-0a3d-4b65-9c78-af3d58b2da7f
2019-10-20 17:41:09,342 [grpc-default-executor-1] INFO  impl.RoleInfo (RoleInfo.java:shutdownFollowerState(121)) - 7b1e61a0-7daf-43dd-99d5-9b325c1d31ae: shutdown FollowerState
2019-10-20 17:41:09,342 [Thread-3478] INFO  impl.FollowerState (FollowerState.java:run(117)) - 8a63e1ae-032e-4bed-9f20-125a11f65413@group-091950D56227-FollowerState was interrupted: java.lang.InterruptedException: sleep interrupted
2019-10-20 17:41:09,342 [grpc-default-executor-3] INFO  impl.RoleInfo (RoleInfo.java:updateAndGet(143)) - 8a63e1ae-032e-4bed-9f20-125a11f65413: start FollowerState
2019-10-20 17:41:09,342 [Thread-3477] INFO  impl.FollowerState (FollowerState.java:run(117)) - 7b1e61a0-7daf-43dd-99d5-9b325c1d31ae@group-091950D56227-FollowerState was interrupted: java.lang.InterruptedException: sleep interrupted
2019-10-20 17:41:09,342 [grpc-default-executor-1] INFO  impl.RoleInfo (RoleInfo.java:updateAndGet(143)) - 7b1e61a0-7daf-43dd-99d5-9b325c1d31ae: start FollowerState
2019-10-20 17:41:09,366 [8f18dce1-0a3d-4b65-9c78-af3d58b2da7f@group-091950D56227-LeaderElection492] INFO  impl.LeaderElection (LeaderElection.java:logAndReturn(56)) - 8f18dce1-0a3d-4b65-9c78-af3d58b2da7f@group-091950D56227-LeaderElection492: Election REJECTED; received 2 response(s) [8f18dce1-0a3d-4b65-9c78-af3d58b2da7f<-8a63e1ae-032e-4bed-9f20-125a11f65413#0:FAIL-t576, 8f18dce1-0a3d-4b65-9c78-af3d58b2da7f<-7b1e61a0-7daf-43dd-99d5-9b325c1d31ae#0:FAIL-t576] and 0 exception(s); 8f18dce1-0a3d-4b65-9c78-af3d58b2da7f@group-091950D56227:t576, leader=null, voted=8f18dce1-0a3d-4b65-9c78-af3d58b2da7f, raftlog=8f18dce1-0a3d-4b65-9c78-af3d58b2da7f@group-091950D56227-SegmentedRaftLog:OPENED:c-1,f-1,i0, conf=-1: [8a63e1ae-032e-4bed-9f20-125a11f65413:0.0.0.0:38685, 8f18dce1-0a3d-4b65-9c78-af3d58b2da7f:0.0.0.0:42489, 7b1e61a0-7daf-43dd-99d5-9b325c1d31ae:0.0.0.0:38412], old=null
2019-10-20 17:41:09,366 [8f18dce1-0a3d-4b65-9c78-af3d58b2da7f@group-091950D56227-LeaderElection492] INFO  impl.RaftServerImpl (RaftServerImpl.java:setRole(184)) - 8f18dce1-0a3d-4b65-9c78-af3d58b2da7f@group-091950D56227: changes role from CANDIDATE to FOLLOWER at term 576 for DISCOVERED_A_NEW_TERM
2019-10-20 17:41:09,366 [8f18dce1-0a3d-4b65-9c78-af3d58b2da7f@group-091950D56227-LeaderElection492] INFO  impl.RoleInfo (RoleInfo.java:shutdownLeaderElection(134)) - 8f18dce1-0a3d-4b65-9c78-af3d58b2da7f: shutdown LeaderElection
2019-10-20 17:41:09,366 [8f18dce1-0a3d-4b65-9c78-af3d58b2da7f@group-091950D56227-LeaderElection492] INFO  impl.RoleInfo (RoleInfo.java:updateAndGet(143)) - 8f18dce1-0a3d-4b65-9c78-af3d58b2da7f: start FollowerState
2019-10-20 17:41:09,392 [Thread-3485] INFO  impl.FollowerState (FollowerState.java:run(108)) - 8f18dce1-0a3d-4b65-9c78-af3d58b2da7f@group-091950D56227-FollowerState: change to CANDIDATE, lastRpcTime:25ms, electionTimeout:25ms
2019-10-20 17:41:09,392 [Thread-3485] INFO  impl.RoleInfo (RoleInfo.java:shutdownFollowerState(121)) - 8f18dce1-0a3d-4b65-9c78-af3d58b2da7f: shutdown FollowerState
2019-10-20 17:41:09,392 [Thread-3485] INFO  impl.RaftServerImpl (RaftServerImpl.java:setRole(184)) - 8f18dce1-0a3d-4b65-9c78-af3d58b2da7f@group-091950D56227: changes role from  FOLLOWER to CANDIDATE at term 576 for changeToCandidate
2019-10-20 17:41:09,392 [Thread-3485] INFO  impl.RoleInfo (RoleInfo.java:updateAndGet(143)) - 8f18dce1-0a3d-4b65-9c78-af3d58b2da7f: start LeaderElection
2019-10-20 17:41:09,416 [8f18dce1-0a3d-4b65-9c78-af3d58b2da7f@group-091950D56227-LeaderElection493] INFO  impl.LeaderElection (LeaderElection.java:askForVotes(178)) - 8f18dce1-0a3d-4b65-9c78-af3d58b2da7f@group-091950D56227-LeaderElection493: begin an election at term 577 for -1: [8a63e1ae-032e-4bed-9f20-125a11f65413:0.0.0.0:38685, 8f18dce1-0a3d-4b65-9c78-af3d58b2da7f:0.0.0.0:42489, 7b1e61a0-7daf-43dd-99d5-9b325c1d31ae:0.0.0.0:38412], old=null
2019-10-20 17:41:09,417 [grpc-default-executor-3] INFO  impl.RaftServerImpl (RaftServerImpl.java:setRole(184)) - 8a63e1ae-032e-4bed-9f20-125a11f65413@group-091950D56227: changes role from  FOLLOWER to FOLLOWER at term 577 for recognizeCandidate:8f18dce1-0a3d-4b65-9c78-af3d58b2da7f
2019-10-20 17:41:09,418 [grpc-default-executor-3] INFO  impl.RoleInfo (RoleInfo.java:shutdownFollowerState(121)) - 8a63e1ae-032e-4bed-9f20-125a11f65413: shutdown FollowerState
2019-10-20 17:41:09,417 [grpc-default-executor-1] INFO  impl.RaftServerImpl (RaftServerImpl.java:setRole(184)) - 7b1e61a0-7daf-43dd-99d5-9b325c1d31ae@group-091950D56227: changes role from  FOLLOWER to FOLLOWER at term 577 for recognizeCandidate:8f18dce1-0a3d-4b65-9c78-af3d58b2da7f
2019-10-20 17:41:09,418 [Thread-3483] INFO  impl.FollowerState (FollowerState.java:run(117)) - 8a63e1ae-032e-4bed-9f20-125a11f65413@group-091950D56227-FollowerState was interrupted: java.lang.InterruptedException: sleep interrupted
2019-10-20 17:41:09,418 [grpc-default-executor-3] INFO  impl.RoleInfo (RoleInfo.java:updateAndGet(143)) - 8a63e1ae-032e-4bed-9f20-125a11f65413: start FollowerState
2019-10-20 17:41:09,418 [grpc-default-executor-1] INFO  impl.RoleInfo (RoleInfo.java:shutdownFollowerState(121)) - 7b1e61a0-7daf-43dd-99d5-9b325c1d31ae: shutdown FollowerState
2019-10-20 17:41:09,418 [grpc-default-executor-1] INFO  impl.RoleInfo (RoleInfo.java:updateAndGet(143)) - 7b1e61a0-7daf-43dd-99d5-9b325c1d31ae: start FollowerState
2019-10-20 17:41:09,418 [Thread-3484] INFO  impl.FollowerState (FollowerState.java:run(117)) - 7b1e61a0-7daf-43dd-99d5-9b325c1d31ae@group-091950D56227-FollowerState was interrupted: java.lang.InterruptedException: sleep interrupted
2019-10-20 17:41:09,442 [8f18dce1-0a3d-4b65-9c78-af3d58b2da7f@group-091950D56227-LeaderElection493] INFO  impl.LeaderElection (LeaderElection.java:logAndReturn(56)) - 8f18dce1-0a3d-4b65-9c78-af3d58b2da7f@group-091950D56227-LeaderElection493: Election REJECTED; received 2 response(s) [8f18dce1-0a3d-4b65-9c78-af3d58b2da7f<-8a63e1ae-032e-4bed-9f20-125a11f65413#0:FAIL-t577, 8f18dce1-0a3d-4b65-9c78-af3d58b2da7f<-7b1e61a0-7daf-43dd-99d5-9b325c1d31ae#0:FAIL-t577] and 0 exception(s); 8f18dce1-0a3d-4b65-9c78-af3d58b2da7f@group-091950D56227:t577, leader=null, voted=8f18dce1-0a3d-4b65-9c78-af3d58b2da7f, raftlog=8f18dce1-0a3d-4b65-9c78-af3d58b2da7f@group-091950D56227-SegmentedRaftLog:OPENED:c-1,f-1,i0, conf=-1: [8a63e1ae-032e-4bed-9f20-125a11f65413:0.0.0.0:38685, 8f18dce1-0a3d-4b65-9c78-af3d58b2da7f:0.0.0.0:42489, 7b1e61a0-7daf-43dd-99d5-9b325c1d31ae:0.0.0.0:38412], old=null
2019-10-20 17:41:09,442 [8f18dce1-0a3d-4b65-9c78-af3d58b2da7f@group-091950D56227-LeaderElection493] INFO  impl.RaftServerImpl (RaftServerImpl.java:setRole(184)) - 8f18dce1-0a3d-4b65-9c78-af3d58b2da7f@group-091950D56227: changes role from CANDIDATE to FOLLOWER at term 577 for DISCOVERED_A_NEW_TERM
2019-10-20 17:41:09,442 [8f18dce1-0a3d-4b65-9c78-af3d58b2da7f@group-091950D56227-LeaderElection493] INFO  impl.RoleInfo (RoleInfo.java:shutdownLeaderElection(134)) - 8f18dce1-0a3d-4b65-9c78-af3d58b2da7f: shutdown LeaderElection
2019-10-20 17:41:09,442 [8f18dce1-0a3d-4b65-9c78-af3d58b2da7f@group-091950D56227-LeaderElection493] INFO  impl.RoleInfo (RoleInfo.java:updateAndGet(143)) - 8f18dce1-0a3d-4b65-9c78-af3d58b2da7f: start FollowerState
2019-10-20 17:41:09,488 [Thread-3491] INFO  impl.FollowerState (FollowerState.java:run(108)) - 8f18dce1-0a3d-4b65-9c78-af3d58b2da7f@group-091950D56227-FollowerState: change to CANDIDATE, lastRpcTime:45ms, electionTimeout:45ms
2019-10-20 17:41:09,488 [Thread-3491] INFO  impl.RoleInfo (RoleInfo.java:shutdownFollowerState(121)) - 8f18dce1-0a3d-4b65-9c78-af3d58b2da7f: shutdown FollowerState
2019-10-20 17:41:09,488 [Thread-3491] INFO  impl.RaftServerImpl (RaftServerImpl.java:setRole(184)) - 8f18dce1-0a3d-4b65-9c78-af3d58b2da7f@group-091950D56227: changes role from  FOLLOWER to CANDIDATE at term 577 for changeToCandidate
2019-10-20 17:41:09,488 [Thread-3491] INFO  impl.RoleInfo (RoleInfo.java:updateAndGet(143)) - 8f18dce1-0a3d-4b65-9c78-af3d58b2da7f: start LeaderElection
2019-10-20 17:41:09,550 [8f18dce1-0a3d-4b65-9c78-af3d58b2da7f@group-091950D56227-LeaderElection494] INFO  impl.LeaderElection (LeaderElection.java:askForVotes(178)) - 8f18dce1-0a3d-4b65-9c78-af3d58b2da7f@group-091950D56227-LeaderElection494: begin an election at term 578 for -1: [8a63e1ae-032e-4bed-9f20-125a11f65413:0.0.0.0:38685, 8f18dce1-0a3d-4b65-9c78-af3d58b2da7f:0.0.0.0:42489, 7b1e61a0-7daf-43dd-99d5-9b325c1d31ae:0.0.0.0:38412], old=null
2019-10-20 17:41:09,552 [grpc-default-executor-3] INFO  impl.RaftServerImpl (RaftServerImpl.java:setRole(184)) - 8a63e1ae-032e-4bed-9f20-125a11f65413@group-091950D56227: changes role from  FOLLOWER to FOLLOWER at term 578 for recognizeCandidate:8f18dce1-0a3d-4b65-9c78-af3d58b2da7f
2019-10-20 17:41:09,552 [grpc-default-executor-3] INFO  impl.RoleInfo (RoleInfo.java:shutdownFollowerState(121)) - 8a63e1ae-032e-4bed-9f20-125a11f65413: shutdown FollowerState
2019-10-20 17:41:09,552 [grpc-default-executor-1] INFO  impl.RaftServerImpl (RaftServerImpl.java:setRole(184)) - 7b1e61a0-7daf-43dd-99d5-9b325c1d31ae@group-091950D56227: changes role from  FOLLOWER to FOLLOWER at term 578 for recognizeCandidate:8f18dce1-0a3d-4b65-9c78-af3d58b2da7f
2019-10-20 17:41:09,553 [grpc-default-executor-1] INFO  impl.RoleInfo (RoleInfo.java:shutdownFollowerState(121)) - 7b1e61a0-7daf-43dd-99d5-9b325c1d31ae: shutdown FollowerState
2019-10-20 17:41:09,552 [Thread-3489] INFO  impl.FollowerState (FollowerState.java:run(117)) - 8a63e1ae-032e-4bed-9f20-125a11f65413@group-091950D56227-FollowerState was interrupted: java.lang.InterruptedException: sleep interrupted
2019-10-20 17:41:09,552 [grpc-default-executor-3] INFO  impl.RoleInfo (RoleInfo.java:updateAndGet(143)) - 8a63e1ae-032e-4bed-9f20-125a11f65413: start FollowerState
2019-10-20 17:41:09,553 [Thread-3490] INFO  impl.FollowerState (FollowerState.java:run(117)) - 7b1e61a0-7daf-43dd-99d5-9b325c1d31ae@group-091950D56227-FollowerState was interrupted: java.lang.InterruptedException: sleep interrupted
2019-10-20 17:41:09,553 [grpc-default-executor-1] INFO  impl.RoleInfo (RoleInfo.java:updateAndGet(143)) - 7b1e61a0-7daf-43dd-99d5-9b325c1d31ae: start FollowerState
2019-10-20 17:41:09,576 [8f18dce1-0a3d-4b65-9c78-af3d58b2da7f@group-091950D56227-LeaderElection494] INFO  impl.LeaderElection (LeaderElection.java:logAndReturn(56)) - 8f18dce1-0a3d-4b65-9c78-af3d58b2da7f@group-091950D56227-LeaderElection494: Election REJECTED; received 2 response(s) [8f18dce1-0a3d-4b65-9c78-af3d58b2da7f<-8a63e1ae-032e-4bed-9f20-125a11f65413#0:FAIL-t578, 8f18dce1-0a3d-4b65-9c78-af3d58b2da7f<-7b1e61a0-7daf-43dd-99d5-9b325c1d31ae#0:FAIL-t578] and 0 exception(s); 8f18dce1-0a3d-4b65-9c78-af3d58b2da7f@group-091950D56227:t578, leader=null, voted=8f18dce1-0a3d-4b65-9c78-af3d58b2da7f, raftlog=8f18dce1-0a3d-4b65-9c78-af3d58b2da7f@group-091950D56227-SegmentedRaftLog:OPENED:c-1,f-1,i0, conf=-1: [8a63e1ae-032e-4bed-9f20-125a11f65413:0.0.0.0:38685, 8f18dce1-0a3d-4b65-9c78-af3d58b2da7f:0.0.0.0:42489, 7b1e61a0-7daf-43dd-99d5-9b325c1d31ae:0.0.0.0:38412], old=null
2019-10-20 17:41:09,577 [8f18dce1-0a3d-4b65-9c78-af3d58b2da7f@group-091950D56227-LeaderElection494] INFO  impl.RaftServerImpl (RaftServerImpl.java:setRole(184)) - 8f18dce1-0a3d-4b65-9c78-af3d58b2da7f@group-091950D56227: changes role from CANDIDATE to FOLLOWER at term 578 for DISCOVERED_A_NEW_TERM
2019-10-20 17:41:09,577 [8f18dce1-0a3d-4b65-9c78-af3d58b2da7f@group-091950D56227-LeaderElection494] INFO  impl.RoleInfo (RoleInfo.java:shutdownLeaderElection(134)) - 8f18dce1-0a3d-4b65-9c78-af3d58b2da7f: shutdown LeaderElection
2019-10-20 17:41:09,577 [8f18dce1-0a3d-4b65-9c78-af3d58b2da7f@group-091950D56227-LeaderElection494] INFO  impl.RoleInfo (RoleInfo.java:updateAndGet(143)) - 8f18dce1-0a3d-4b65-9c78-af3d58b2da7f: start FollowerState
2019-10-20 17:41:09,619 [Thread-3499] INFO  impl.FollowerState (FollowerState.java:run(108)) - 8f18dce1-0a3d-4b65-9c78-af3d58b2da7f@group-091950D56227-FollowerState: change to CANDIDATE, lastRpcTime:42ms, electionTimeout:42ms
2019-10-20 17:41:09,619 [Thread-3499] INFO  impl.RoleInfo (RoleInfo.java:shutdownFollowerState(121)) - 8f18dce1-0a3d-4b65-9c78-af3d58b2da7f: shutdown FollowerState
2019-10-20 17:41:09,620 [Thread-3499] INFO  impl.RaftServerImpl (RaftServerImpl.java:setRole(184)) - 8f18dce1-0a3d-4b65-9c78-af3d58b2da7f@group-091950D56227: changes role from  FOLLOWER to CANDIDATE at term 578 for changeToCandidate
2019-10-20 17:41:09,620 [Thread-3499] INFO  impl.RoleInfo (RoleInfo.java:updateAndGet(143)) - 8f18dce1-0a3d-4b65-9c78-af3d58b2da7f: start LeaderElection
2019-10-20 17:41:09,651 [8f18dce1-0a3d-4b65-9c78-af3d58b2da7f@group-091950D56227-LeaderElection495] INFO  impl.LeaderElection (LeaderElection.java:askForVotes(178)) - 8f18dce1-0a3d-4b65-9c78-af3d58b2da7f@group-091950D56227-LeaderElection495: begin an election at term 579 for -1: [8a63e1ae-032e-4bed-9f20-125a11f65413:0.0.0.0:38685, 8f18dce1-0a3d-4b65-9c78-af3d58b2da7f:0.0.0.0:42489, 7b1e61a0-7daf-43dd-99d5-9b325c1d31ae:0.0.0.0:38412], old=null
2019-10-20 17:41:09,654 [grpc-default-executor-3] INFO  impl.RaftServerImpl (RaftServerImpl.java:setRole(184)) - 8a63e1ae-032e-4bed-9f20-125a11f65413@group-091950D56227: changes role from  FOLLOWER to FOLLOWER at term 579 for recognizeCandidate:8f18dce1-0a3d-4b65-9c78-af3d58b2da7f
2019-10-20 17:41:09,655 [grpc-default-executor-3] INFO  impl.RoleInfo (RoleInfo.java:shutdownFollowerState(121)) - 8a63e1ae-032e-4bed-9f20-125a11f65413: shutdown FollowerState
2019-10-20 17:41:09,654 [grpc-default-executor-1] INFO  impl.RaftServerImpl (RaftServerImpl.java:setRole(184)) - 7b1e61a0-7daf-43dd-99d5-9b325c1d31ae@group-091950D56227: changes role from  FOLLOWER to FOLLOWER at term 579 for recognizeCandidate:8f18dce1-0a3d-4b65-9c78-af3d58b2da7f
2019-10-20 17:41:09,655 [Thread-3497] INFO  impl.FollowerState (FollowerState.java:run(117)) - 8a63e1ae-032e-4bed-9f20-125a11f65413@group-091950D56227-FollowerState was interrupted: java.lang.InterruptedException: sleep interrupted
2019-10-20 17:41:09,655 [grpc-default-executor-3] INFO  impl.RoleInfo (RoleInfo.java:updateAndGet(143)) - 8a63e1ae-032e-4bed-9f20-125a11f65413: start FollowerState
2019-10-20 17:41:09,655 [grpc-default-executor-1] INFO  impl.RoleInfo (RoleInfo.java:shutdownFollowerState(121)) - 7b1e61a0-7daf-43dd-99d5-9b325c1d31ae: shutdown FollowerState
2019-10-20 17:41:09,655 [grpc-default-executor-1] INFO  impl.RoleInfo (RoleInfo.java:updateAndGet(143)) - 7b1e61a0-7daf-43dd-99d5-9b325c1d31ae: start FollowerState
2019-10-20 17:41:09,655 [Thread-3498] INFO  impl.FollowerState (FollowerState.java:run(117)) - 7b1e61a0-7daf-43dd-99d5-9b325c1d31ae@group-091950D56227-FollowerState was interrupted: java.lang.InterruptedException: sleep interrupted
2019-10-20 17:41:09,671 [8f18dce1-0a3d-4b65-9c78-af3d58b2da7f@group-091950D56227-LeaderElection495] INFO  impl.LeaderElection (LeaderElection.java:logAndReturn(56)) - 8f18dce1-0a3d-4b65-9c78-af3d58b2da7f@group-091950D56227-LeaderElection495: Election TIMEOUT; received 0 response(s) [] and 0 exception(s); 8f18dce1-0a3d-4b65-9c78-af3d58b2da7f@group-091950D56227:t579, leader=null, voted=8f18dce1-0a3d-4b65-9c78-af3d58b2da7f, raftlog=8f18dce1-0a3d-4b65-9c78-af3d58b2da7f@group-091950D56227-SegmentedRaftLog:OPENED:c-1,f-1,i0, conf=-1: [8a63e1ae-032e-4bed-9f20-125a11f65413:0.0.0.0:38685, 8f18dce1-0a3d-4b65-9c78-af3d58b2da7f:0.0.0.0:42489, 7b1e61a0-7daf-43dd-99d5-9b325c1d31ae:0.0.0.0:38412], old=null
2019-10-20 17:41:09,694 [8f18dce1-0a3d-4b65-9c78-af3d58b2da7f@group-091950D56227-LeaderElection495] INFO  impl.LeaderElection (LeaderElection.java:askForVotes(178)) - 8f18dce1-0a3d-4b65-9c78-af3d58b2da7f@group-091950D56227-LeaderElection495: begin an election at term 580 for -1: [8a63e1ae-032e-4bed-9f20-125a11f65413:0.0.0.0:38685, 8f18dce1-0a3d-4b65-9c78-af3d58b2da7f:0.0.0.0:42489, 7b1e61a0-7daf-43dd-99d5-9b325c1d31ae:0.0.0.0:38412], old=null
2019-10-20 17:41:09,695 [grpc-default-executor-3] INFO  impl.RaftServerImpl (RaftServerImpl.java:setRole(184)) - 8a63e1ae-032e-4bed-9f20-125a11f65413@group-091950D56227: changes role from  FOLLOWER to FOLLOWER at term 580 for recognizeCandidate:8f18dce1-0a3d-4b65-9c78-af3d58b2da7f
2019-10-20 17:41:09,695 [grpc-default-executor-3] INFO  impl.RoleInfo (RoleInfo.java:shutdownFollowerState(121)) - 8a63e1ae-032e-4bed-9f20-125a11f65413: shutdown FollowerState
2019-10-20 17:41:09,695 [grpc-default-executor-1] INFO  impl.RaftServerImpl (RaftServerImpl.java:setRole(184)) - 7b1e61a0-7daf-43dd-99d5-9b325c1d31ae@group-091950D56227: changes role from  FOLLOWER to FOLLOWER at term 580 for recognizeCandidate:8f18dce1-0a3d-4b65-9c78-af3d58b2da7f
2019-10-20 17:41:09,695 [grpc-default-executor-1] INFO  impl.RoleInfo (RoleInfo.java:shutdownFollowerState(121)) - 7b1e61a0-7daf-43dd-99d5-9b325c1d31ae: shutdown FollowerState
2019-10-20 17:41:09,695 [Thread-3503] INFO  impl.FollowerState (FollowerState.java:run(117)) - 8a63e1ae-032e-4bed-9f20-125a11f65413@group-091950D56227-FollowerState was interrupted: java.lang.InterruptedException: sleep interrupted
2019-10-20 17:41:09,695 [grpc-default-executor-3] INFO  impl.RoleInfo (RoleInfo.java:updateAndGet(143)) - 8a63e1ae-032e-4bed-9f20-125a11f65413: start FollowerState
2019-10-20 17:41:09,696 [Thread-3504] INFO  impl.FollowerState (FollowerState.java:run(117)) - 7b1e61a0-7daf-43dd-99d5-9b325c1d31ae@group-091950D56227-FollowerState was interrupted: java.lang.InterruptedException: sleep interrupted
2019-10-20 17:41:09,696 [grpc-default-executor-1] INFO  impl.RoleInfo (RoleInfo.java:updateAndGet(143)) - 7b1e61a0-7daf-43dd-99d5-9b325c1d31ae: start FollowerState
2019-10-20 17:41:09,720 [8f18dce1-0a3d-4b65-9c78-af3d58b2da7f@group-091950D56227-LeaderElection495] INFO  impl.LeaderElection (LeaderElection.java:logAndReturn(56)) - 8f18dce1-0a3d-4b65-9c78-af3d58b2da7f@group-091950D56227-LeaderElection495: Election REJECTED; received 2 response(s) [8f18dce1-0a3d-4b65-9c78-af3d58b2da7f<-8a63e1ae-032e-4bed-9f20-125a11f65413#0:FAIL-t580, 8f18dce1-0a3d-4b65-9c78-af3d58b2da7f<-7b1e61a0-7daf-43dd-99d5-9b325c1d31ae#0:FAIL-t580] and 0 exception(s); 8f18dce1-0a3d-4b65-9c78-af3d58b2da7f@group-091950D56227:t580, leader=null, voted=8f18dce1-0a3d-4b65-9c78-af3d58b2da7f, raftlog=8f18dce1-0a3d-4b65-9c78-af3d58b2da7f@group-091950D56227-SegmentedRaftLog:OPENED:c-1,f-1,i0, conf=-1: [8a63e1ae-032e-4bed-9f20-125a11f65413:0.0.0.0:38685, 8f18dce1-0a3d-4b65-9c78-af3d58b2da7f:0.0.0.0:42489, 7b1e61a0-7daf-43dd-99d5-9b325c1d31ae:0.0.0.0:38412], old=null
2019-10-20 17:41:09,720 [8f18dce1-0a3d-4b65-9c78-af3d58b2da7f@group-091950D56227-LeaderElection495] INFO  impl.RaftServerImpl (RaftServerImpl.java:setRole(184)) - 8f18dce1-0a3d-4b65-9c78-af3d58b2da7f@group-091950D56227: changes role from CANDIDATE to FOLLOWER at term 580 for DISCOVERED_A_NEW_TERM
2019-10-20 17:41:09,720 [8f18dce1-0a3d-4b65-9c78-af3d58b2da7f@group-091950D56227-LeaderElection495] INFO  impl.RoleInfo (RoleInfo.java:shutdownLeaderElection(134)) - 8f18dce1-0a3d-4b65-9c78-af3d58b2da7f: shutdown LeaderElection
2019-10-20 17:41:09,721 [8f18dce1-0a3d-4b65-9c78-af3d58b2da7f@group-091950D56227-LeaderElection495] INFO  impl.RoleInfo (RoleInfo.java:updateAndGet(143)) - 8f18dce1-0a3d-4b65-9c78-af3d58b2da7f: start FollowerState
2019-10-20 17:41:09,772 [Thread-3509] INFO  impl.FollowerState (FollowerState.java:run(108)) - 8f18dce1-0a3d-4b65-9c78-af3d58b2da7f@group-091950D56227-FollowerState: change to CANDIDATE, lastRpcTime:51ms, electionTimeout:51ms
2019-10-20 17:41:09,772 [Thread-3509] INFO  impl.RoleInfo (RoleInfo.java:shutdownFollowerState(121)) - 8f18dce1-0a3d-4b65-9c78-af3d58b2da7f: shutdown FollowerState
2019-10-20 17:41:09,772 [Thread-3509] INFO  impl.RaftServerImpl (RaftServerImpl.java:setRole(184)) - 8f18dce1-0a3d-4b65-9c78-af3d58b2da7f@group-091950D56227: changes role from  FOLLOWER to CANDIDATE at term 580 for changeToCandidate
2019-10-20 17:41:09,772 [Thread-3509] INFO  impl.RoleInfo (RoleInfo.java:updateAndGet(143)) - 8f18dce1-0a3d-4b65-9c78-af3d58b2da7f: start LeaderElection
2019-10-20 17:41:09,803 [8f18dce1-0a3d-4b65-9c78-af3d58b2da7f@group-091950D56227-LeaderElection496] INFO  impl.LeaderElection (LeaderElection.java:askForVotes(178)) - 8f18dce1-0a3d-4b65-9c78-af3d58b2da7f@group-091950D56227-LeaderElection496: begin an election at term 581 for -1: [8a63e1ae-032e-4bed-9f20-125a11f65413:0.0.0.0:38685, 8f18dce1-0a3d-4b65-9c78-af3d58b2da7f:0.0.0.0:42489, 7b1e61a0-7daf-43dd-99d5-9b325c1d31ae:0.0.0.0:38412], old=null
2019-10-20 17:41:09,805 [grpc-default-executor-3] INFO  impl.RaftServerImpl (RaftServerImpl.java:setRole(184)) - 8a63e1ae-032e-4bed-9f20-125a11f65413@group-091950D56227: changes role from  FOLLOWER to FOLLOWER at term 581 for recognizeCandidate:8f18dce1-0a3d-4b65-9c78-af3d58b2da7f
2019-10-20 17:41:09,805 [grpc-default-executor-3] INFO  impl.RoleInfo (RoleInfo.java:shutdownFollowerState(121)) - 8a63e1ae-032e-4bed-9f20-125a11f65413: shutdown FollowerState
2019-10-20 17:41:09,805 [grpc-default-executor-1] INFO  impl.RaftServerImpl (RaftServerImpl.java:setRole(184)) - 7b1e61a0-7daf-43dd-99d5-9b325c1d31ae@group-091950D56227: changes role from  FOLLOWER to FOLLOWER at term 581 for recognizeCandidate:8f18dce1-0a3d-4b65-9c78-af3d58b2da7f
2019-10-20 17:41:09,805 [Thread-3507] INFO  impl.FollowerState (FollowerState.java:run(117)) - 8a63e1ae-032e-4bed-9f20-125a11f65413@group-091950D56227-FollowerState was interrupted: java.lang.InterruptedException: sleep interrupted
2019-10-20 17:41:09,805 [grpc-default-executor-3] INFO  impl.RoleInfo (RoleInfo.java:updateAndGet(143)) - 8a63e1ae-032e-4bed-9f20-125a11f65413: start FollowerState
2019-10-20 17:41:09,805 [grpc-default-executor-1] INFO  impl.RoleInfo (RoleInfo.java:shutdownFollowerState(121)) - 7b1e61a0-7daf-43dd-99d5-9b325c1d31ae: shutdown FollowerState
2019-10-20 17:41:09,806 [grpc-default-executor-1] INFO  impl.RoleInfo (RoleInfo.java:updateAndGet(143)) - 7b1e61a0-7daf-43dd-99d5-9b325c1d31ae: start FollowerState
2019-10-20 17:41:09,806 [Thread-3508] INFO  impl.FollowerState (FollowerState.java:run(117)) - 7b1e61a0-7daf-43dd-99d5-9b325c1d31ae@group-091950D56227-FollowerState was interrupted: java.lang.InterruptedException: sleep interrupted
2019-10-20 17:41:09,831 [8f18dce1-0a3d-4b65-9c78-af3d58b2da7f@group-091950D56227-LeaderElection496] INFO  impl.LeaderElection (LeaderElection.java:logAndReturn(56)) - 8f18dce1-0a3d-4b65-9c78-af3d58b2da7f@group-091950D56227-LeaderElection496: Election REJECTED; received 2 response(s) [8f18dce1-0a3d-4b65-9c78-af3d58b2da7f<-8a63e1ae-032e-4bed-9f20-125a11f65413#0:FAIL-t581, 8f18dce1-0a3d-4b65-9c78-af3d58b2da7f<-7b1e61a0-7daf-43dd-99d5-9b325c1d31ae#0:FAIL-t581] and 0 exception(s); 8f18dce1-0a3d-4b65-9c78-af3d58b2da7f@group-091950D56227:t581, leader=null, voted=8f18dce1-0a3d-4b65-9c78-af3d58b2da7f, raftlog=8f18dce1-0a3d-4b65-9c78-af3d58b2da7f@group-091950D56227-SegmentedRaftLog:OPENED:c-1,f-1,i0, conf=-1: [8a63e1ae-032e-4bed-9f20-125a11f65413:0.0.0.0:38685, 8f18dce1-0a3d-4b65-9c78-af3d58b2da7f:0.0.0.0:42489, 7b1e61a0-7daf-43dd-99d5-9b325c1d31ae:0.0.0.0:38412], old=null
2019-10-20 17:41:09,831 [8f18dce1-0a3d-4b65-9c78-af3d58b2da7f@group-091950D56227-LeaderElection496] INFO  impl.RaftServerImpl (RaftServerImpl.java:setRole(184)) - 8f18dce1-0a3d-4b65-9c78-af3d58b2da7f@group-091950D56227: changes role from CANDIDATE to FOLLOWER at term 581 for DISCOVERED_A_NEW_TERM
2019-10-20 17:41:09,831 [8f18dce1-0a3d-4b65-9c78-af3d58b2da7f@group-091950D56227-LeaderElection496] INFO  impl.RoleInfo (RoleInfo.java:shutdownLeaderElection(134)) - 8f18dce1-0a3d-4b65-9c78-af3d58b2da7f: shutdown LeaderElection
2019-10-20 17:41:09,831 [8f18dce1-0a3d-4b65-9c78-af3d58b2da7f@group-091950D56227-LeaderElection496] INFO  impl.RoleInfo (RoleInfo.java:updateAndGet(143)) - 8f18dce1-0a3d-4b65-9c78-af3d58b2da7f: start FollowerState
2019-10-20 17:41:09,924 [Thread-3515] INFO  impl.FollowerState (FollowerState.java:run(108)) - 8f18dce1-0a3d-4b65-9c78-af3d58b2da7f@group-091950D56227-FollowerState: change to CANDIDATE, lastRpcTime:93ms, electionTimeout:93ms
2019-10-20 17:41:09,925 [Thread-3515] INFO  impl.RoleInfo (RoleInfo.java:shutdownFollowerState(121)) - 8f18dce1-0a3d-4b65-9c78-af3d58b2da7f: shutdown FollowerState
2019-10-20 17:41:09,925 [Thread-3515] INFO  impl.RaftServerImpl (RaftServerImpl.java:setRole(184)) - 8f18dce1-0a3d-4b65-9c78-af3d58b2da7f@group-091950D56227: changes role from  FOLLOWER to CANDIDATE at term 581 for changeToCandidate
2019-10-20 17:41:09,925 [Thread-3515] INFO  impl.RoleInfo (RoleInfo.java:updateAndGet(143)) - 8f18dce1-0a3d-4b65-9c78-af3d58b2da7f: start LeaderElection
2019-10-20 17:41:09,955 [8f18dce1-0a3d-4b65-9c78-af3d58b2da7f@group-091950D56227-LeaderElection497] INFO  impl.LeaderElection (LeaderElection.java:askForVotes(178)) - 8f18dce1-0a3d-4b65-9c78-af3d58b2da7f@group-091950D56227-LeaderElection497: begin an election at term 582 for -1: [8a63e1ae-032e-4bed-9f20-125a11f65413:0.0.0.0:38685, 8f18dce1-0a3d-4b65-9c78-af3d58b2da7f:0.0.0.0:42489, 7b1e61a0-7daf-43dd-99d5-9b325c1d31ae:0.0.0.0:38412], old=null
2019-10-20 17:41:09,957 [grpc-default-executor-3] INFO  impl.RaftServerImpl (RaftServerImpl.java:setRole(184)) - 8a63e1ae-032e-4bed-9f20-125a11f65413@group-091950D56227: changes role from  FOLLOWER to FOLLOWER at term 582 for recognizeCandidate:8f18dce1-0a3d-4b65-9c78-af3d58b2da7f
2019-10-20 17:41:09,958 [grpc-default-executor-3] INFO  impl.RoleInfo (RoleInfo.java:shutdownFollowerState(121)) - 8a63e1ae-032e-4bed-9f20-125a11f65413: shutdown FollowerState
2019-10-20 17:41:09,957 [grpc-default-executor-1] INFO  impl.RaftServerImpl (RaftServerImpl.java:setRole(184)) - 7b1e61a0-7daf-43dd-99d5-9b325c1d31ae@group-091950D56227: changes role from  FOLLOWER to FOLLOWER at term 582 for recognizeCandidate:8f18dce1-0a3d-4b65-9c78-af3d58b2da7f
2019-10-20 17:41:09,958 [grpc-default-executor-1] INFO  impl.RoleInfo (RoleInfo.java:shutdownFollowerState(121)) - 7b1e61a0-7daf-43dd-99d5-9b325c1d31ae: shutdown FollowerState
2019-10-20 17:41:09,958 [Thread-3513] INFO  impl.FollowerState (FollowerState.java:run(117)) - 8a63e1ae-032e-4bed-9f20-125a11f65413@group-091950D56227-FollowerState was interrupted: java.lang.InterruptedException: sleep interrupted
2019-10-20 17:41:09,958 [grpc-default-executor-3] INFO  impl.RoleInfo (RoleInfo.java:updateAndGet(143)) - 8a63e1ae-032e-4bed-9f20-125a11f65413: start FollowerState
2019-10-20 17:41:09,958 [Thread-3514] INFO  impl.FollowerState (FollowerState.java:run(117)) - 7b1e61a0-7daf-43dd-99d5-9b325c1d31ae@group-091950D56227-FollowerState was interrupted: java.lang.InterruptedException: sleep interrupted
2019-10-20 17:41:09,958 [grpc-default-executor-1] INFO  impl.RoleInfo (RoleInfo.java:updateAndGet(143)) - 7b1e61a0-7daf-43dd-99d5-9b325c1d31ae: start FollowerState
2019-10-20 17:41:09,982 [8f18dce1-0a3d-4b65-9c78-af3d58b2da7f@group-091950D56227-LeaderElection497] INFO  impl.LeaderElection (LeaderElection.java:logAndReturn(56)) - 8f18dce1-0a3d-4b65-9c78-af3d58b2da7f@group-091950D56227-LeaderElection497: Election REJECTED; received 2 response(s) [8f18dce1-0a3d-4b65-9c78-af3d58b2da7f<-8a63e1ae-032e-4bed-9f20-125a11f65413#0:FAIL-t582, 8f18dce1-0a3d-4b65-9c78-af3d58b2da7f<-7b1e61a0-7daf-43dd-99d5-9b325c1d31ae#0:FAIL-t582] and 0 exception(s); 8f18dce1-0a3d-4b65-9c78-af3d58b2da7f@group-091950D56227:t582, leader=null, voted=8f18dce1-0a3d-4b65-9c78-af3d58b2da7f, raftlog=8f18dce1-0a3d-4b65-9c78-af3d58b2da7f@group-091950D56227-SegmentedRaftLog:OPENED:c-1,f-1,i0, conf=-1: [8a63e1ae-032e-4bed-9f20-125a11f65413:0.0.0.0:38685, 8f18dce1-0a3d-4b65-9c78-af3d58b2da7f:0.0.0.0:42489, 7b1e61a0-7daf-43dd-99d5-9b325c1d31ae:0.0.0.0:38412], old=null
2019-10-20 17:41:09,982 [8f18dce1-0a3d-4b65-9c78-af3d58b2da7f@group-091950D56227-LeaderElection497] INFO  impl.RaftServerImpl (RaftServerImpl.java:setRole(184)) - 8f18dce1-0a3d-4b65-9c78-af3d58b2da7f@group-091950D56227: changes role from CANDIDATE to FOLLOWER at term 582 for DISCOVERED_A_NEW_TERM
2019-10-20 17:41:09,982 [8f18dce1-0a3d-4b65-9c78-af3d58b2da7f@group-091950D56227-LeaderElection497] INFO  impl.RoleInfo (RoleInfo.java:shutdownLeaderElection(134)) - 8f18dce1-0a3d-4b65-9c78-af3d58b2da7f: shutdown LeaderElection
2019-10-20 17:41:09,982 [8f18dce1-0a3d-4b65-9c78-af3d58b2da7f@group-091950D56227-LeaderElection497] INFO  impl.RoleInfo (RoleInfo.java:updateAndGet(143)) - 8f18dce1-0a3d-4b65-9c78-af3d58b2da7f: start FollowerState
2019-10-20 17:41:10,156 [Thread-3521] INFO  impl.FollowerState (FollowerState.java:run(108)) - 8f18dce1-0a3d-4b65-9c78-af3d58b2da7f@group-091950D56227-FollowerState: change to CANDIDATE, lastRpcTime:173ms, electionTimeout:173ms
2019-10-20 17:41:10,156 [Thread-3521] INFO  impl.RoleInfo (RoleInfo.java:shutdownFollowerState(121)) - 8f18dce1-0a3d-4b65-9c78-af3d58b2da7f: shutdown FollowerState
2019-10-20 17:41:10,156 [Thread-3521] INFO  impl.RaftServerImpl (RaftServerImpl.java:setRole(184)) - 8f18dce1-0a3d-4b65-9c78-af3d58b2da7f@group-091950D56227: changes role from  FOLLOWER to CANDIDATE at term 582 for changeToCandidate
2019-10-20 17:41:10,156 [Thread-3521] INFO  impl.RoleInfo (RoleInfo.java:updateAndGet(143)) - 8f18dce1-0a3d-4b65-9c78-af3d58b2da7f: start LeaderElection
2019-10-20 17:41:10,181 [8f18dce1-0a3d-4b65-9c78-af3d58b2da7f@group-091950D56227-LeaderElection498] INFO  impl.LeaderElection (LeaderElection.java:askForVotes(178)) - 8f18dce1-0a3d-4b65-9c78-af3d58b2da7f@group-091950D56227-LeaderElection498: begin an election at term 583 for -1: [8a63e1ae-032e-4bed-9f20-125a11f65413:0.0.0.0:38685, 8f18dce1-0a3d-4b65-9c78-af3d58b2da7f:0.0.0.0:42489, 7b1e61a0-7daf-43dd-99d5-9b325c1d31ae:0.0.0.0:38412], old=null
2019-10-20 17:41:10,183 [grpc-default-executor-3] INFO  impl.RaftServerImpl (RaftServerImpl.java:setRole(184)) - 8a63e1ae-032e-4bed-9f20-125a11f65413@group-091950D56227: changes role from  FOLLOWER to FOLLOWER at term 583 for recognizeCandidate:8f18dce1-0a3d-4b65-9c78-af3d58b2da7f
2019-10-20 17:41:10,183 [grpc-default-executor-3] INFO  impl.RoleInfo (RoleInfo.java:shutdownFollowerState(121)) - 8a63e1ae-032e-4bed-9f20-125a11f65413: shutdown FollowerState
2019-10-20 17:41:10,183 [grpc-default-executor-1] INFO  impl.RaftServerImpl (RaftServerImpl.java:setRole(184)) - 7b1e61a0-7daf-43dd-99d5-9b325c1d31ae@group-091950D56227: changes role from  FOLLOWER to FOLLOWER at term 583 for recognizeCandidate:8f18dce1-0a3d-4b65-9c78-af3d58b2da7f
2019-10-20 17:41:10,183 [grpc-default-executor-1] INFO  impl.RoleInfo (RoleInfo.java:shutdownFollowerState(121)) - 7b1e61a0-7daf-43dd-99d5-9b325c1d31ae: shutdown FollowerState
2019-10-20 17:41:10,183 [Thread-3519] INFO  impl.FollowerState (FollowerState.java:run(117)) - 8a63e1ae-032e-4bed-9f20-125a11f65413@group-091950D56227-FollowerState was interrupted: java.lang.InterruptedException: sleep interrupted
2019-10-20 17:41:10,183 [grpc-default-executor-3] INFO  impl.RoleInfo (RoleInfo.java:updateAndGet(143)) - 8a63e1ae-032e-4bed-9f20-125a11f65413: start FollowerState
2019-10-20 17:41:10,184 [Thread-3520] INFO  impl.FollowerState (FollowerState.java:run(117)) - 7b1e61a0-7daf-43dd-99d5-9b325c1d31ae@group-091950D56227-FollowerState was interrupted: java.lang.InterruptedException: sleep interrupted
2019-10-20 17:41:10,184 [grpc-default-executor-1] INFO  impl.RoleInfo (RoleInfo.java:updateAndGet(143)) - 7b1e61a0-7daf-43dd-99d5-9b325c1d31ae: start FollowerState
2019-10-20 17:41:10,198 [8f18dce1-0a3d-4b65-9c78-af3d58b2da7f@group-091950D56227-LeaderElection498] INFO  impl.LeaderElection (LeaderElection.java:logAndReturn(56)) - 8f18dce1-0a3d-4b65-9c78-af3d58b2da7f@group-091950D56227-LeaderElection498: Election TIMEOUT; received 0 response(s) [] and 0 exception(s); 8f18dce1-0a3d-4b65-9c78-af3d58b2da7f@group-091950D56227:t583, leader=null, voted=8f18dce1-0a3d-4b65-9c78-af3d58b2da7f, raftlog=8f18dce1-0a3d-4b65-9c78-af3d58b2da7f@group-091950D56227-SegmentedRaftLog:OPENED:c-1,f-1,i0, conf=-1: [8a63e1ae-032e-4bed-9f20-125a11f65413:0.0.0.0:38685, 8f18dce1-0a3d-4b65-9c78-af3d58b2da7f:0.0.0.0:42489, 7b1e61a0-7daf-43dd-99d5-9b325c1d31ae:0.0.0.0:38412], old=null
2019-10-20 17:41:10,224 [8f18dce1-0a3d-4b65-9c78-af3d58b2da7f@group-091950D56227-LeaderElection498] INFO  impl.LeaderElection (LeaderElection.java:askForVotes(178)) - 8f18dce1-0a3d-4b65-9c78-af3d58b2da7f@group-091950D56227-LeaderElection498: begin an election at term 584 for -1: [8a63e1ae-032e-4bed-9f20-125a11f65413:0.0.0.0:38685, 8f18dce1-0a3d-4b65-9c78-af3d58b2da7f:0.0.0.0:42489, 7b1e61a0-7daf-43dd-99d5-9b325c1d31ae:0.0.0.0:38412], old=null
2019-10-20 17:41:10,225 [grpc-default-executor-1] INFO  impl.RaftServerImpl (RaftServerImpl.java:setRole(184)) - 7b1e61a0-7daf-43dd-99d5-9b325c1d31ae@group-091950D56227: changes role from  FOLLOWER to FOLLOWER at term 584 for recognizeCandidate:8f18dce1-0a3d-4b65-9c78-af3d58b2da7f
2019-10-20 17:41:10,226 [grpc-default-executor-1] INFO  impl.RoleInfo (RoleInfo.java:shutdownFollowerState(121)) - 7b1e61a0-7daf-43dd-99d5-9b325c1d31ae: shutdown FollowerState
2019-10-20 17:41:10,225 [grpc-default-executor-3] INFO  impl.RaftServerImpl (RaftServerImpl.java:setRole(184)) - 8a63e1ae-032e-4bed-9f20-125a11f65413@group-091950D56227: changes role from  FOLLOWER to FOLLOWER at term 584 for recognizeCandidate:8f18dce1-0a3d-4b65-9c78-af3d58b2da7f
2019-10-20 17:41:10,226 [Thread-3526] INFO  impl.FollowerState (FollowerState.java:run(117)) - 7b1e61a0-7daf-43dd-99d5-9b325c1d31ae@group-091950D56227-FollowerState was interrupted: java.lang.InterruptedException: sleep interrupted
2019-10-20 17:41:10,226 [grpc-default-executor-1] INFO  impl.RoleInfo (RoleInfo.java:updateAndGet(143)) - 7b1e61a0-7daf-43dd-99d5-9b325c1d31ae: start FollowerState
2019-10-20 17:41:10,226 [grpc-default-executor-3] INFO  impl.RoleInfo (RoleInfo.java:shutdownFollowerState(121)) - 8a63e1ae-032e-4bed-9f20-125a11f65413: shutdown FollowerState
2019-10-20 17:41:10,226 [grpc-default-executor-3] INFO  impl.RoleInfo (RoleInfo.java:updateAndGet(143)) - 8a63e1ae-032e-4bed-9f20-125a11f65413: start FollowerState
2019-10-20 17:41:10,226 [Thread-3525] INFO  impl.FollowerState (FollowerState.java:run(117)) - 8a63e1ae-032e-4bed-9f20-125a11f65413@group-091950D56227-FollowerState was interrupted: java.lang.InterruptedException: sleep interrupted
2019-10-20 17:41:10,231 [8f18dce1-0a3d-4b65-9c78-af3d58b2da7f@group-091950D56227-LeaderElection498] INFO  impl.LeaderElection (LeaderElection.java:logAndReturn(56)) - 8f18dce1-0a3d-4b65-9c78-af3d58b2da7f@group-091950D56227-LeaderElection498: Election TIMEOUT; received 0 response(s) [] and 0 exception(s); 8f18dce1-0a3d-4b65-9c78-af3d58b2da7f@group-091950D56227:t584, leader=null, voted=8f18dce1-0a3d-4b65-9c78-af3d58b2da7f, raftlog=8f18dce1-0a3d-4b65-9c78-af3d58b2da7f@group-091950D56227-SegmentedRaftLog:OPENED:c-1,f-1,i0, conf=-1: [8a63e1ae-032e-4bed-9f20-125a11f65413:0.0.0.0:38685, 8f18dce1-0a3d-4b65-9c78-af3d58b2da7f:0.0.0.0:42489, 7b1e61a0-7daf-43dd-99d5-9b325c1d31ae:0.0.0.0:38412], old=null
2019-10-20 17:41:10,248 [8f18dce1-0a3d-4b65-9c78-af3d58b2da7f@group-091950D56227-LeaderElection498] INFO  impl.LeaderElection (LeaderElection.java:askForVotes(178)) - 8f18dce1-0a3d-4b65-9c78-af3d58b2da7f@group-091950D56227-LeaderElection498: begin an election at term 585 for -1: [8a63e1ae-032e-4bed-9f20-125a11f65413:0.0.0.0:38685, 8f18dce1-0a3d-4b65-9c78-af3d58b2da7f:0.0.0.0:42489, 7b1e61a0-7daf-43dd-99d5-9b325c1d31ae:0.0.0.0:38412], old=null
2019-10-20 17:41:10,250 [grpc-default-executor-3] INFO  impl.RaftServerImpl (RaftServerImpl.java:setRole(184)) - 8a63e1ae-032e-4bed-9f20-125a11f65413@group-091950D56227: changes role from  FOLLOWER to FOLLOWER at term 585 for recognizeCandidate:8f18dce1-0a3d-4b65-9c78-af3d58b2da7f
2019-10-20 17:41:10,250 [grpc-default-executor-3] INFO  impl.RoleInfo (RoleInfo.java:shutdownFollowerState(121)) - 8a63e1ae-032e-4bed-9f20-125a11f65413: shutdown FollowerState
2019-10-20 17:41:10,250 [grpc-default-executor-1] INFO  impl.RaftServerImpl (RaftServerImpl.java:setRole(184)) - 7b1e61a0-7daf-43dd-99d5-9b325c1d31ae@group-091950D56227: changes role from  FOLLOWER to FOLLOWER at term 585 for recognizeCandidate:8f18dce1-0a3d-4b65-9c78-af3d58b2da7f
2019-10-20 17:41:10,250 [Thread-3530] INFO  impl.FollowerState (FollowerState.java:run(117)) - 8a63e1ae-032e-4bed-9f20-125a11f65413@group-091950D56227-FollowerState was interrupted: java.lang.InterruptedException: sleep interrupted
2019-10-20 17:41:10,250 [grpc-default-executor-3] INFO  impl.RoleInfo (RoleInfo.java:updateAndGet(143)) - 8a63e1ae-032e-4bed-9f20-125a11f65413: start FollowerState
2019-10-20 17:41:10,250 [grpc-default-executor-1] INFO  impl.RoleInfo (RoleInfo.java:shutdownFollowerState(121)) - 7b1e61a0-7daf-43dd-99d5-9b325c1d31ae: shutdown FollowerState
2019-10-20 17:41:10,251 [grpc-default-executor-1] INFO  impl.RoleInfo (RoleInfo.java:updateAndGet(143)) - 7b1e61a0-7daf-43dd-99d5-9b325c1d31ae: start FollowerState
2019-10-20 17:41:10,251 [Thread-3529] INFO  impl.FollowerState (FollowerState.java:run(117)) - 7b1e61a0-7daf-43dd-99d5-9b325c1d31ae@group-091950D56227-FollowerState was interrupted: java.lang.InterruptedException: sleep interrupted
2019-10-20 17:41:10,274 [8f18dce1-0a3d-4b65-9c78-af3d58b2da7f@group-091950D56227-LeaderElection498] INFO  impl.LeaderElection (LeaderElection.java:logAndReturn(56)) - 8f18dce1-0a3d-4b65-9c78-af3d58b2da7f@group-091950D56227-LeaderElection498: Election REJECTED; received 2 response(s) [8f18dce1-0a3d-4b65-9c78-af3d58b2da7f<-8a63e1ae-032e-4bed-9f20-125a11f65413#0:FAIL-t585, 8f18dce1-0a3d-4b65-9c78-af3d58b2da7f<-7b1e61a0-7daf-43dd-99d5-9b325c1d31ae#0:FAIL-t585] and 0 exception(s); 8f18dce1-0a3d-4b65-9c78-af3d58b2da7f@group-091950D56227:t585, leader=null, voted=8f18dce1-0a3d-4b65-9c78-af3d58b2da7f, raftlog=8f18dce1-0a3d-4b65-9c78-af3d58b2da7f@group-091950D56227-SegmentedRaftLog:OPENED:c-1,f-1,i0, conf=-1: [8a63e1ae-032e-4bed-9f20-125a11f65413:0.0.0.0:38685, 8f18dce1-0a3d-4b65-9c78-af3d58b2da7f:0.0.0.0:42489, 7b1e61a0-7daf-43dd-99d5-9b325c1d31ae:0.0.0.0:38412], old=null
2019-10-20 17:41:10,274 [8f18dce1-0a3d-4b65-9c78-af3d58b2da7f@group-091950D56227-LeaderElection498] INFO  impl.RaftServerImpl (RaftServerImpl.java:setRole(184)) - 8f18dce1-0a3d-4b65-9c78-af3d58b2da7f@group-091950D56227: changes role from CANDIDATE to FOLLOWER at term 585 for DISCOVERED_A_NEW_TERM
2019-10-20 17:41:10,274 [8f18dce1-0a3d-4b65-9c78-af3d58b2da7f@group-091950D56227-LeaderElection498] INFO  impl.RoleInfo (RoleInfo.java:shutdownLeaderElection(134)) - 8f18dce1-0a3d-4b65-9c78-af3d58b2da7f: shutdown LeaderElection
2019-10-20 17:41:10,275 [8f18dce1-0a3d-4b65-9c78-af3d58b2da7f@group-091950D56227-LeaderElection498] INFO  impl.RoleInfo (RoleInfo.java:updateAndGet(143)) - 8f18dce1-0a3d-4b65-9c78-af3d58b2da7f: start FollowerState
2019-10-20 17:41:10,345 [Thread-3535] INFO  impl.FollowerState (FollowerState.java:run(108)) - 8f18dce1-0a3d-4b65-9c78-af3d58b2da7f@group-091950D56227-FollowerState: change to CANDIDATE, lastRpcTime:70ms, electionTimeout:70ms
2019-10-20 17:41:10,345 [Thread-3535] INFO  impl.RoleInfo (RoleInfo.java:shutdownFollowerState(121)) - 8f18dce1-0a3d-4b65-9c78-af3d58b2da7f: shutdown FollowerState
2019-10-20 17:41:10,345 [Thread-3535] INFO  impl.RaftServerImpl (RaftServerImpl.java:setRole(184)) - 8f18dce1-0a3d-4b65-9c78-af3d58b2da7f@group-091950D56227: changes role from  FOLLOWER to CANDIDATE at term 585 for changeToCandidate
2019-10-20 17:41:10,345 [Thread-3535] INFO  impl.RoleInfo (RoleInfo.java:updateAndGet(143)) - 8f18dce1-0a3d-4b65-9c78-af3d58b2da7f: start LeaderElection
2019-10-20 17:41:10,372 [8f18dce1-0a3d-4b65-9c78-af3d58b2da7f@group-091950D56227-LeaderElection499] INFO  impl.LeaderElection (LeaderElection.java:askForVotes(178)) - 8f18dce1-0a3d-4b65-9c78-af3d58b2da7f@group-091950D56227-LeaderElection499: begin an election at term 586 for -1: [8a63e1ae-032e-4bed-9f20-125a11f65413:0.0.0.0:38685, 8f18dce1-0a3d-4b65-9c78-af3d58b2da7f:0.0.0.0:42489, 7b1e61a0-7daf-43dd-99d5-9b325c1d31ae:0.0.0.0:38412], old=null
2019-10-20 17:41:10,374 [grpc-default-executor-3] INFO  impl.RaftServerImpl (RaftServerImpl.java:setRole(184)) - 8a63e1ae-032e-4bed-9f20-125a11f65413@group-091950D56227: changes role from  FOLLOWER to FOLLOWER at term 586 for recognizeCandidate:8f18dce1-0a3d-4b65-9c78-af3d58b2da7f
2019-10-20 17:41:10,374 [grpc-default-executor-3] INFO  impl.RoleInfo (RoleInfo.java:shutdownFollowerState(121)) - 8a63e1ae-032e-4bed-9f20-125a11f65413: shutdown FollowerState
2019-10-20 17:41:10,374 [grpc-default-executor-1] INFO  impl.RaftServerImpl (RaftServerImpl.java:setRole(184)) - 7b1e61a0-7daf-43dd-99d5-9b325c1d31ae@group-091950D56227: changes role from  FOLLOWER to FOLLOWER at term 586 for recognizeCandidate:8f18dce1-0a3d-4b65-9c78-af3d58b2da7f
2019-10-20 17:41:10,375 [grpc-default-executor-1] INFO  impl.RoleInfo (RoleInfo.java:shutdownFollowerState(121)) - 7b1e61a0-7daf-43dd-99d5-9b325c1d31ae: shutdown FollowerState
2019-10-20 17:41:10,374 [Thread-3533] INFO  impl.FollowerState (FollowerState.java:run(117)) - 8a63e1ae-032e-4bed-9f20-125a11f65413@group-091950D56227-FollowerState was interrupted: java.lang.InterruptedException: sleep interrupted
2019-10-20 17:41:10,375 [Thread-3534] INFO  impl.FollowerState (FollowerState.java:run(117)) - 7b1e61a0-7daf-43dd-99d5-9b325c1d31ae@group-091950D56227-FollowerState was interrupted: java.lang.InterruptedException: sleep interrupted
2019-10-20 17:41:10,374 [grpc-default-executor-3] INFO  impl.RoleInfo (RoleInfo.java:updateAndGet(143)) - 8a63e1ae-032e-4bed-9f20-125a11f65413: start FollowerState
2019-10-20 17:41:10,375 [grpc-default-executor-1] INFO  impl.RoleInfo (RoleInfo.java:updateAndGet(143)) - 7b1e61a0-7daf-43dd-99d5-9b325c1d31ae: start FollowerState
2019-10-20 17:41:10,380 [8f18dce1-0a3d-4b65-9c78-af3d58b2da7f@group-091950D56227-LeaderElection499] INFO  impl.LeaderElection (LeaderElection.java:logAndReturn(56)) - 8f18dce1-0a3d-4b65-9c78-af3d58b2da7f@group-091950D56227-LeaderElection499: Election TIMEOUT; received 0 response(s) [] and 0 exception(s); 8f18dce1-0a3d-4b65-9c78-af3d58b2da7f@group-091950D56227:t586, leader=null, voted=8f18dce1-0a3d-4b65-9c78-af3d58b2da7f, raftlog=8f18dce1-0a3d-4b65-9c78-af3d58b2da7f@group-091950D56227-SegmentedRaftLog:OPENED:c-1,f-1,i0, conf=-1: [8a63e1ae-032e-4bed-9f20-125a11f65413:0.0.0.0:38685, 8f18dce1-0a3d-4b65-9c78-af3d58b2da7f:0.0.0.0:42489, 7b1e61a0-7daf-43dd-99d5-9b325c1d31ae:0.0.0.0:38412], old=null
2019-10-20 17:41:10,398 [8f18dce1-0a3d-4b65-9c78-af3d58b2da7f@group-091950D56227-LeaderElection499] INFO  impl.LeaderElection (LeaderElection.java:askForVotes(178)) - 8f18dce1-0a3d-4b65-9c78-af3d58b2da7f@group-091950D56227-LeaderElection499: begin an election at term 587 for -1: [8a63e1ae-032e-4bed-9f20-125a11f65413:0.0.0.0:38685, 8f18dce1-0a3d-4b65-9c78-af3d58b2da7f:0.0.0.0:42489, 7b1e61a0-7daf-43dd-99d5-9b325c1d31ae:0.0.0.0:38412], old=null
2019-10-20 17:41:10,399 [grpc-default-executor-3] INFO  impl.RaftServerImpl (RaftServerImpl.java:setRole(184)) - 8a63e1ae-032e-4bed-9f20-125a11f65413@group-091950D56227: changes role from  FOLLOWER to FOLLOWER at term 587 for recognizeCandidate:8f18dce1-0a3d-4b65-9c78-af3d58b2da7f
2019-10-20 17:41:10,400 [grpc-default-executor-3] INFO  impl.RoleInfo (RoleInfo.java:shutdownFollowerState(121)) - 8a63e1ae-032e-4bed-9f20-125a11f65413: shutdown FollowerState
2019-10-20 17:41:10,400 [grpc-default-executor-3] INFO  impl.RoleInfo (RoleInfo.java:updateAndGet(143)) - 8a63e1ae-032e-4bed-9f20-125a11f65413: start FollowerState
2019-10-20 17:41:10,400 [Thread-3539] INFO  impl.FollowerState (FollowerState.java:run(117)) - 8a63e1ae-032e-4bed-9f20-125a11f65413@group-091950D56227-FollowerState was interrupted: java.lang.InterruptedException: sleep interrupted
2019-10-20 17:41:10,400 [grpc-default-executor-1] INFO  impl.RaftServerImpl (RaftServerImpl.java:setRole(184)) - 7b1e61a0-7daf-43dd-99d5-9b325c1d31ae@group-091950D56227: changes role from  FOLLOWER to FOLLOWER at term 587 for recognizeCandidate:8f18dce1-0a3d-4b65-9c78-af3d58b2da7f
2019-10-20 17:41:10,400 [grpc-default-executor-1] INFO  impl.RoleInfo (RoleInfo.java:shutdownFollowerState(121)) - 7b1e61a0-7daf-43dd-99d5-9b325c1d31ae: shutdown FollowerState
2019-10-20 17:41:10,400 [grpc-default-executor-1] INFO  impl.RoleInfo (RoleInfo.java:updateAndGet(143)) - 7b1e61a0-7daf-43dd-99d5-9b325c1d31ae: start FollowerState
2019-10-20 17:41:10,400 [Thread-3540] INFO  impl.FollowerState (FollowerState.java:run(117)) - 7b1e61a0-7daf-43dd-99d5-9b325c1d31ae@group-091950D56227-FollowerState was interrupted: java.lang.InterruptedException: sleep interrupted
2019-10-20 17:41:10,423 [8f18dce1-0a3d-4b65-9c78-af3d58b2da7f@group-091950D56227-LeaderElection499] INFO  impl.LeaderElection (LeaderElection.java:logAndReturn(56)) - 8f18dce1-0a3d-4b65-9c78-af3d58b2da7f@group-091950D56227-LeaderElection499: Election REJECTED; received 2 response(s) [8f18dce1-0a3d-4b65-9c78-af3d58b2da7f<-8a63e1ae-032e-4bed-9f20-125a11f65413#0:FAIL-t587, 8f18dce1-0a3d-4b65-9c78-af3d58b2da7f<-7b1e61a0-7daf-43dd-99d5-9b325c1d31ae#0:FAIL-t587] and 0 exception(s); 8f18dce1-0a3d-4b65-9c78-af3d58b2da7f@group-091950D56227:t587, leader=null, voted=8f18dce1-0a3d-4b65-9c78-af3d58b2da7f, raftlog=8f18dce1-0a3d-4b65-9c78-af3d58b2da7f@group-091950D56227-SegmentedRaftLog:OPENED:c-1,f-1,i0, conf=-1: [8a63e1ae-032e-4bed-9f20-125a11f65413:0.0.0.0:38685, 8f18dce1-0a3d-4b65-9c78-af3d58b2da7f:0.0.0.0:42489, 7b1e61a0-7daf-43dd-99d5-9b325c1d31ae:0.0.0.0:38412], old=null
2019-10-20 17:41:10,424 [8f18dce1-0a3d-4b65-9c78-af3d58b2da7f@group-091950D56227-LeaderElection499] INFO  impl.RaftServerImpl (RaftServerImpl.java:setRole(184)) - 8f18dce1-0a3d-4b65-9c78-af3d58b2da7f@group-091950D56227: changes role from CANDIDATE to FOLLOWER at term 587 for DISCOVERED_A_NEW_TERM
2019-10-20 17:41:10,424 [8f18dce1-0a3d-4b65-9c78-af3d58b2da7f@group-091950D56227-LeaderElection499] INFO  impl.RoleInfo (RoleInfo.java:shutdownLeaderElection(134)) - 8f18dce1-0a3d-4b65-9c78-af3d58b2da7f: shutdown LeaderElection
2019-10-20 17:41:10,424 [8f18dce1-0a3d-4b65-9c78-af3d58b2da7f@group-091950D56227-LeaderElection499] INFO  impl.RoleInfo (RoleInfo.java:updateAndGet(143)) - 8f18dce1-0a3d-4b65-9c78-af3d58b2da7f: start FollowerState
2019-10-20 17:41:10,540 [Thread-3545] INFO  impl.FollowerState (FollowerState.java:run(108)) - 8f18dce1-0a3d-4b65-9c78-af3d58b2da7f@group-091950D56227-FollowerState: change to CANDIDATE, lastRpcTime:116ms, electionTimeout:116ms
2019-10-20 17:41:10,540 [Thread-3545] INFO  impl.RoleInfo (RoleInfo.java:shutdownFollowerState(121)) - 8f18dce1-0a3d-4b65-9c78-af3d58b2da7f: shutdown FollowerState
2019-10-20 17:41:10,541 [Thread-3545] INFO  impl.RaftServerImpl (RaftServerImpl.java:setRole(184)) - 8f18dce1-0a3d-4b65-9c78-af3d58b2da7f@group-091950D56227: changes role from  FOLLOWER to CANDIDATE at term 587 for changeToCandidate
2019-10-20 17:41:10,541 [Thread-3545] INFO  impl.RoleInfo (RoleInfo.java:updateAndGet(143)) - 8f18dce1-0a3d-4b65-9c78-af3d58b2da7f: start LeaderElection
2019-10-20 17:41:10,564 [8f18dce1-0a3d-4b65-9c78-af3d58b2da7f@group-091950D56227-LeaderElection500] INFO  impl.LeaderElection (LeaderElection.java:askForVotes(178)) - 8f18dce1-0a3d-4b65-9c78-af3d58b2da7f@group-091950D56227-LeaderElection500: begin an election at term 588 for -1: [8a63e1ae-032e-4bed-9f20-125a11f65413:0.0.0.0:38685, 8f18dce1-0a3d-4b65-9c78-af3d58b2da7f:0.0.0.0:42489, 7b1e61a0-7daf-43dd-99d5-9b325c1d31ae:0.0.0.0:38412], old=null
2019-10-20 17:41:10,566 [grpc-default-executor-1] INFO  impl.RaftServerImpl (RaftServerImpl.java:setRole(184)) - 7b1e61a0-7daf-43dd-99d5-9b325c1d31ae@group-091950D56227: changes role from  FOLLOWER to FOLLOWER at term 588 for recognizeCandidate:8f18dce1-0a3d-4b65-9c78-af3d58b2da7f
2019-10-20 17:41:10,566 [grpc-default-executor-1] INFO  impl.RoleInfo (RoleInfo.java:shutdownFollowerState(121)) - 7b1e61a0-7daf-43dd-99d5-9b325c1d31ae: shutdown FollowerState
2019-10-20 17:41:10,566 [grpc-default-executor-3] INFO  impl.RaftServerImpl (RaftServerImpl.java:setRole(184)) - 8a63e1ae-032e-4bed-9f20-125a11f65413@group-091950D56227: changes role from  FOLLOWER to FOLLOWER at term 588 for recognizeCandidate:8f18dce1-0a3d-4b65-9c78-af3d58b2da7f
2019-10-20 17:41:10,566 [Thread-3544] INFO  impl.FollowerState (FollowerState.java:run(117)) - 7b1e61a0-7daf-43dd-99d5-9b325c1d31ae@group-091950D56227-FollowerState was interrupted: java.lang.InterruptedException: sleep interrupted
2019-10-20 17:41:10,566 [grpc-default-executor-1] INFO  impl.RoleInfo (RoleInfo.java:updateAndGet(143)) - 7b1e61a0-7daf-43dd-99d5-9b325c1d31ae: start FollowerState
2019-10-20 17:41:10,566 [grpc-default-executor-3] INFO  impl.RoleInfo (RoleInfo.java:shutdownFollowerState(121)) - 8a63e1ae-032e-4bed-9f20-125a11f65413: shutdown FollowerState
2019-10-20 17:41:10,567 [grpc-default-executor-3] INFO  impl.RoleInfo (RoleInfo.java:updateAndGet(143)) - 8a63e1ae-032e-4bed-9f20-125a11f65413: start FollowerState
2019-10-20 17:41:10,567 [Thread-3543] INFO  impl.FollowerState (FollowerState.java:run(117)) - 8a63e1ae-032e-4bed-9f20-125a11f65413@group-091950D56227-FollowerState was interrupted: java.lang.InterruptedException: sleep interrupted
2019-10-20 17:41:10,591 [8f18dce1-0a3d-4b65-9c78-af3d58b2da7f@group-091950D56227-LeaderElection500] INFO  impl.LeaderElection (LeaderElection.java:logAndReturn(56)) - 8f18dce1-0a3d-4b65-9c78-af3d58b2da7f@group-091950D56227-LeaderElection500: Election REJECTED; received 2 response(s) [8f18dce1-0a3d-4b65-9c78-af3d58b2da7f<-8a63e1ae-032e-4bed-9f20-125a11f65413#0:FAIL-t588, 8f18dce1-0a3d-4b65-9c78-af3d58b2da7f<-7b1e61a0-7daf-43dd-99d5-9b325c1d31ae#0:FAIL-t588] and 0 exception(s); 8f18dce1-0a3d-4b65-9c78-af3d58b2da7f@group-091950D56227:t588, leader=null, voted=8f18dce1-0a3d-4b65-9c78-af3d58b2da7f, raftlog=8f18dce1-0a3d-4b65-9c78-af3d58b2da7f@group-091950D56227-SegmentedRaftLog:OPENED:c-1,f-1,i0, conf=-1: [8a63e1ae-032e-4bed-9f20-125a11f65413:0.0.0.0:38685, 8f18dce1-0a3d-4b65-9c78-af3d58b2da7f:0.0.0.0:42489, 7b1e61a0-7daf-43dd-99d5-9b325c1d31ae:0.0.0.0:38412], old=null
2019-10-20 17:41:10,591 [8f18dce1-0a3d-4b65-9c78-af3d58b2da7f@group-091950D56227-LeaderElection500] INFO  impl.RaftServerImpl (RaftServerImpl.java:setRole(184)) - 8f18dce1-0a3d-4b65-9c78-af3d58b2da7f@group-091950D56227: changes role from CANDIDATE to FOLLOWER at term 588 for DISCOVERED_A_NEW_TERM
2019-10-20 17:41:10,592 [8f18dce1-0a3d-4b65-9c78-af3d58b2da7f@group-091950D56227-LeaderElection500] INFO  impl.RoleInfo (RoleInfo.java:shutdownLeaderElection(134)) - 8f18dce1-0a3d-4b65-9c78-af3d58b2da7f: shutdown LeaderElection
2019-10-20 17:41:10,592 [8f18dce1-0a3d-4b65-9c78-af3d58b2da7f@group-091950D56227-LeaderElection500] INFO  impl.RoleInfo (RoleInfo.java:updateAndGet(143)) - 8f18dce1-0a3d-4b65-9c78-af3d58b2da7f: start FollowerState
2019-10-20 17:41:10,765 [Thread-3553] INFO  impl.FollowerState (FollowerState.java:run(108)) - 8f18dce1-0a3d-4b65-9c78-af3d58b2da7f@group-091950D56227-FollowerState: change to CANDIDATE, lastRpcTime:173ms, electionTimeout:173ms
2019-10-20 17:41:10,765 [Thread-3553] INFO  impl.RoleInfo (RoleInfo.java:shutdownFollowerState(121)) - 8f18dce1-0a3d-4b65-9c78-af3d58b2da7f: shutdown FollowerState
2019-10-20 17:41:10,765 [Thread-3553] INFO  impl.RaftServerImpl (RaftServerImpl.java:setRole(184)) - 8f18dce1-0a3d-4b65-9c78-af3d58b2da7f@group-091950D56227: changes role from  FOLLOWER to CANDIDATE at term 588 for changeToCandidate
2019-10-20 17:41:10,765 [Thread-3553] INFO  impl.RoleInfo (RoleInfo.java:updateAndGet(143)) - 8f18dce1-0a3d-4b65-9c78-af3d58b2da7f: start LeaderElection
2019-10-20 17:41:10,783 [8f18dce1-0a3d-4b65-9c78-af3d58b2da7f@group-091950D56227-LeaderElection501] INFO  impl.LeaderElection (LeaderElection.java:askForVotes(178)) - 8f18dce1-0a3d-4b65-9c78-af3d58b2da7f@group-091950D56227-LeaderElection501: begin an election at term 589 for -1: [8a63e1ae-032e-4bed-9f20-125a11f65413:0.0.0.0:38685, 8f18dce1-0a3d-4b65-9c78-af3d58b2da7f:0.0.0.0:42489, 7b1e61a0-7daf-43dd-99d5-9b325c1d31ae:0.0.0.0:38412], old=null
2019-10-20 17:41:10,785 [grpc-default-executor-1] INFO  impl.RaftServerImpl (RaftServerImpl.java:setRole(184)) - 7b1e61a0-7daf-43dd-99d5-9b325c1d31ae@group-091950D56227: changes role from  FOLLOWER to FOLLOWER at term 589 for recognizeCandidate:8f18dce1-0a3d-4b65-9c78-af3d58b2da7f
2019-10-20 17:41:10,785 [grpc-default-executor-1] INFO  impl.RoleInfo (RoleInfo.java:shutdownFollowerState(121)) - 7b1e61a0-7daf-43dd-99d5-9b325c1d31ae: shutdown FollowerState
2019-10-20 17:41:10,785 [grpc-default-executor-1] INFO  impl.RoleInfo (RoleInfo.java:updateAndGet(143)) - 7b1e61a0-7daf-43dd-99d5-9b325c1d31ae: start FollowerState
2019-10-20 17:41:10,785 [Thread-3551] INFO  impl.FollowerState (FollowerState.java:run(117)) - 7b1e61a0-7daf-43dd-99d5-9b325c1d31ae@group-091950D56227-FollowerState was interrupted: java.lang.InterruptedException: sleep interrupted
2019-10-20 17:41:10,785 [grpc-default-executor-3] INFO  impl.RaftServerImpl (RaftServerImpl.java:setRole(184)) - 8a63e1ae-032e-4bed-9f20-125a11f65413@group-091950D56227: changes role from  FOLLOWER to FOLLOWER at term 589 for recognizeCandidate:8f18dce1-0a3d-4b65-9c78-af3d58b2da7f
2019-10-20 17:41:10,785 [grpc-default-executor-3] INFO  impl.RoleInfo (RoleInfo.java:shutdownFollowerState(121)) - 8a63e1ae-032e-4bed-9f20-125a11f65413: shutdown FollowerState
2019-10-20 17:41:10,786 [grpc-default-executor-3] INFO  impl.RoleInfo (RoleInfo.java:updateAndGet(143)) - 8a63e1ae-032e-4bed-9f20-125a11f65413: start FollowerState
2019-10-20 17:41:10,786 [Thread-3552] INFO  impl.FollowerState (FollowerState.java:run(117)) - 8a63e1ae-032e-4bed-9f20-125a11f65413@group-091950D56227-FollowerState was interrupted: java.lang.InterruptedException: sleep interrupted
2019-10-20 17:41:10,790 [8f18dce1-0a3d-4b65-9c78-af3d58b2da7f@group-091950D56227-LeaderElection501] INFO  impl.LeaderElection (LeaderElection.java:logAndReturn(56)) - 8f18dce1-0a3d-4b65-9c78-af3d58b2da7f@group-091950D56227-LeaderElection501: Election TIMEOUT; received 0 response(s) [] and 0 exception(s); 8f18dce1-0a3d-4b65-9c78-af3d58b2da7f@group-091950D56227:t589, leader=null, voted=8f18dce1-0a3d-4b65-9c78-af3d58b2da7f, raftlog=8f18dce1-0a3d-4b65-9c78-af3d58b2da7f@group-091950D56227-SegmentedRaftLog:OPENED:c-1,f-1,i0, conf=-1: [8a63e1ae-032e-4bed-9f20-125a11f65413:0.0.0.0:38685, 8f18dce1-0a3d-4b65-9c78-af3d58b2da7f:0.0.0.0:42489, 7b1e61a0-7daf-43dd-99d5-9b325c1d31ae:0.0.0.0:38412], old=null
2019-10-20 17:41:10,809 [8f18dce1-0a3d-4b65-9c78-af3d58b2da7f@group-091950D56227-LeaderElection501] INFO  impl.LeaderElection (LeaderElection.java:askForVotes(178)) - 8f18dce1-0a3d-4b65-9c78-af3d58b2da7f@group-091950D56227-LeaderElection501: begin an election at term 590 for -1: [8a63e1ae-032e-4bed-9f20-125a11f65413:0.0.0.0:38685, 8f18dce1-0a3d-4b65-9c78-af3d58b2da7f:0.0.0.0:42489, 7b1e61a0-7daf-43dd-99d5-9b325c1d31ae:0.0.0.0:38412], old=null
2019-10-20 17:41:10,811 [grpc-default-executor-1] INFO  impl.RaftServerImpl (RaftServerImpl.java:setRole(184)) - 8a63e1ae-032e-4bed-9f20-125a11f65413@group-091950D56227: changes role from  FOLLOWER to FOLLOWER at term 590 for recognizeCandidate:8f18dce1-0a3d-4b65-9c78-af3d58b2da7f
2019-10-20 17:41:10,811 [grpc-default-executor-1] INFO  impl.RoleInfo (RoleInfo.java:shutdownFollowerState(121)) - 8a63e1ae-032e-4bed-9f20-125a11f65413: shutdown FollowerState
2019-10-20 17:41:10,811 [grpc-default-executor-1] INFO  impl.RoleInfo (RoleInfo.java:updateAndGet(143)) - 8a63e1ae-032e-4bed-9f20-125a11f65413: start FollowerState
2019-10-20 17:41:10,811 [grpc-default-executor-3] INFO  impl.RaftServerImpl (RaftServerImpl.java:setRole(184)) - 7b1e61a0-7daf-43dd-99d5-9b325c1d31ae@group-091950D56227: changes role from  FOLLOWER to FOLLOWER at term 590 for recognizeCandidate:8f18dce1-0a3d-4b65-9c78-af3d58b2da7f
2019-10-20 17:41:10,811 [Thread-3558] INFO  impl.FollowerState (FollowerState.java:run(117)) - 8a63e1ae-032e-4bed-9f20-125a11f65413@group-091950D56227-FollowerState was interrupted: java.lang.InterruptedException: sleep interrupted
2019-10-20 17:41:10,811 [grpc-default-executor-3] INFO  impl.RoleInfo (RoleInfo.java:shutdownFollowerState(121)) - 7b1e61a0-7daf-43dd-99d5-9b325c1d31ae: shutdown FollowerState
2019-10-20 17:41:10,812 [grpc-default-executor-3] INFO  impl.RoleInfo (RoleInfo.java:updateAndGet(143)) - 7b1e61a0-7daf-43dd-99d5-9b325c1d31ae: start FollowerState
2019-10-20 17:41:10,812 [Thread-3557] INFO  impl.FollowerState (FollowerState.java:run(117)) - 7b1e61a0-7daf-43dd-99d5-9b325c1d31ae@group-091950D56227-FollowerState was interrupted: java.lang.InterruptedException: sleep interrupted
2019-10-20 17:41:10,835 [8f18dce1-0a3d-4b65-9c78-af3d58b2da7f@group-091950D56227-LeaderElection501] INFO  impl.LeaderElection (LeaderElection.java:logAndReturn(56)) - 8f18dce1-0a3d-4b65-9c78-af3d58b2da7f@group-091950D56227-LeaderElection501: Election REJECTED; received 2 response(s) [8f18dce1-0a3d-4b65-9c78-af3d58b2da7f<-8a63e1ae-032e-4bed-9f20-125a11f65413#0:FAIL-t590, 8f18dce1-0a3d-4b65-9c78-af3d58b2da7f<-7b1e61a0-7daf-43dd-99d5-9b325c1d31ae#0:FAIL-t590] and 0 exception(s); 8f18dce1-0a3d-4b65-9c78-af3d58b2da7f@group-091950D56227:t590, leader=null, voted=8f18dce1-0a3d-4b65-9c78-af3d58b2da7f, raftlog=8f18dce1-0a3d-4b65-9c78-af3d58b2da7f@group-091950D56227-SegmentedRaftLog:OPENED:c-1,f-1,i0, conf=-1: [8a63e1ae-032e-4bed-9f20-125a11f65413:0.0.0.0:38685, 8f18dce1-0a3d-4b65-9c78-af3d58b2da7f:0.0.0.0:42489, 7b1e61a0-7daf-43dd-99d5-9b325c1d31ae:0.0.0.0:38412], old=null
2019-10-20 17:41:10,835 [8f18dce1-0a3d-4b65-9c78-af3d58b2da7f@group-091950D56227-LeaderElection501] INFO  impl.RaftServerImpl (RaftServerImpl.java:setRole(184)) - 8f18dce1-0a3d-4b65-9c78-af3d58b2da7f@group-091950D56227: changes role from CANDIDATE to FOLLOWER at term 590 for DISCOVERED_A_NEW_TERM
2019-10-20 17:41:10,835 [8f18dce1-0a3d-4b65-9c78-af3d58b2da7f@group-091950D56227-LeaderElection501] INFO  impl.RoleInfo (RoleInfo.java:shutdownLeaderElection(134)) - 8f18dce1-0a3d-4b65-9c78-af3d58b2da7f: shutdown LeaderElection
2019-10-20 17:41:10,835 [8f18dce1-0a3d-4b65-9c78-af3d58b2da7f@group-091950D56227-LeaderElection501] INFO  impl.RoleInfo (RoleInfo.java:updateAndGet(143)) - 8f18dce1-0a3d-4b65-9c78-af3d58b2da7f: start FollowerState
2019-10-20 17:41:11,011 [Thread-3563] INFO  impl.FollowerState (FollowerState.java:run(108)) - 8f18dce1-0a3d-4b65-9c78-af3d58b2da7f@group-091950D56227-FollowerState: change to CANDIDATE, lastRpcTime:176ms, electionTimeout:176ms
2019-10-20 17:41:11,012 [Thread-3563] INFO  impl.RoleInfo (RoleInfo.java:shutdownFollowerState(121)) - 8f18dce1-0a3d-4b65-9c78-af3d58b2da7f: shutdown FollowerState
2019-10-20 17:41:11,012 [Thread-3563] INFO  impl.RaftServerImpl (RaftServerImpl.java:setRole(184)) - 8f18dce1-0a3d-4b65-9c78-af3d58b2da7f@group-091950D56227: changes role from  FOLLOWER to CANDIDATE at term 590 for changeToCandidate
2019-10-20 17:41:11,012 [Thread-3563] INFO  impl.RoleInfo (RoleInfo.java:updateAndGet(143)) - 8f18dce1-0a3d-4b65-9c78-af3d58b2da7f: start LeaderElection
2019-10-20 17:41:11,036 [8f18dce1-0a3d-4b65-9c78-af3d58b2da7f@group-091950D56227-LeaderElection502] INFO  impl.LeaderElection (LeaderElection.java:askForVotes(178)) - 8f18dce1-0a3d-4b65-9c78-af3d58b2da7f@group-091950D56227-LeaderElection502: begin an election at term 591 for -1: [8a63e1ae-032e-4bed-9f20-125a11f65413:0.0.0.0:38685, 8f18dce1-0a3d-4b65-9c78-af3d58b2da7f:0.0.0.0:42489, 7b1e61a0-7daf-43dd-99d5-9b325c1d31ae:0.0.0.0:38412], old=null
2019-10-20 17:41:11,038 [grpc-default-executor-1] INFO  impl.RaftServerImpl (RaftServerImpl.java:setRole(184)) - 8a63e1ae-032e-4bed-9f20-125a11f65413@group-091950D56227: changes role from  FOLLOWER to FOLLOWER at term 591 for recognizeCandidate:8f18dce1-0a3d-4b65-9c78-af3d58b2da7f
2019-10-20 17:41:11,038 [grpc-default-executor-3] INFO  impl.RaftServerImpl (RaftServerImpl.java:setRole(184)) - 7b1e61a0-7daf-43dd-99d5-9b325c1d31ae@group-091950D56227: changes role from  FOLLOWER to FOLLOWER at term 591 for recognizeCandidate:8f18dce1-0a3d-4b65-9c78-af3d58b2da7f
2019-10-20 17:41:11,039 [grpc-default-executor-3] INFO  impl.RoleInfo (RoleInfo.java:shutdownFollowerState(121)) - 7b1e61a0-7daf-43dd-99d5-9b325c1d31ae: shutdown FollowerState
2019-10-20 17:41:11,038 [grpc-default-executor-1] INFO  impl.RoleInfo (RoleInfo.java:shutdownFollowerState(121)) - 8a63e1ae-032e-4bed-9f20-125a11f65413: shutdown FollowerState
2019-10-20 17:41:11,039 [grpc-default-executor-3] INFO  impl.RoleInfo (RoleInfo.java:updateAndGet(143)) - 7b1e61a0-7daf-43dd-99d5-9b325c1d31ae: start FollowerState
2019-10-20 17:41:11,039 [Thread-3562] INFO  impl.FollowerState (FollowerState.java:run(117)) - 7b1e61a0-7daf-43dd-99d5-9b325c1d31ae@group-091950D56227-FollowerState was interrupted: java.lang.InterruptedException: sleep interrupted
2019-10-20 17:41:11,039 [Thread-3561] INFO  impl.FollowerState (FollowerState.java:run(117)) - 8a63e1ae-032e-4bed-9f20-125a11f65413@group-091950D56227-FollowerState was interrupted: java.lang.InterruptedException: sleep interrupted
2019-10-20 17:41:11,039 [grpc-default-executor-1] INFO  impl.RoleInfo (RoleInfo.java:updateAndGet(143)) - 8a63e1ae-032e-4bed-9f20-125a11f65413: start FollowerState
2019-10-20 17:41:11,063 [8f18dce1-0a3d-4b65-9c78-af3d58b2da7f@group-091950D56227-LeaderElection502] INFO  impl.LeaderElection (LeaderElection.java:logAndReturn(56)) - 8f18dce1-0a3d-4b65-9c78-af3d58b2da7f@group-091950D56227-LeaderElection502: Election REJECTED; received 2 response(s) [8f18dce1-0a3d-4b65-9c78-af3d58b2da7f<-8a63e1ae-032e-4bed-9f20-125a11f65413#0:FAIL-t591, 8f18dce1-0a3d-4b65-9c78-af3d58b2da7f<-7b1e61a0-7daf-43dd-99d5-9b325c1d31ae#0:FAIL-t591] and 0 exception(s); 8f18dce1-0a3d-4b65-9c78-af3d58b2da7f@group-091950D56227:t591, leader=null, voted=8f18dce1-0a3d-4b65-9c78-af3d58b2da7f, raftlog=8f18dce1-0a3d-4b65-9c78-af3d58b2da7f@group-091950D56227-SegmentedRaftLog:OPENED:c-1,f-1,i0, conf=-1: [8a63e1ae-032e-4bed-9f20-125a11f65413:0.0.0.0:38685, 8f18dce1-0a3d-4b65-9c78-af3d58b2da7f:0.0.0.0:42489, 7b1e61a0-7daf-43dd-99d5-9b325c1d31ae:0.0.0.0:38412], old=null
2019-10-20 17:41:11,063 [8f18dce1-0a3d-4b65-9c78-af3d58b2da7f@group-091950D56227-LeaderElection502] INFO  impl.RaftServerImpl (RaftServerImpl.java:setRole(184)) - 8f18dce1-0a3d-4b65-9c78-af3d58b2da7f@group-091950D56227: changes role from CANDIDATE to FOLLOWER at term 591 for DISCOVERED_A_NEW_TERM
2019-10-20 17:41:11,063 [8f18dce1-0a3d-4b65-9c78-af3d58b2da7f@group-091950D56227-LeaderElection502] INFO  impl.RoleInfo (RoleInfo.java:shutdownLeaderElection(134)) - 8f18dce1-0a3d-4b65-9c78-af3d58b2da7f: shutdown LeaderElection
2019-10-20 17:41:11,063 [8f18dce1-0a3d-4b65-9c78-af3d58b2da7f@group-091950D56227-LeaderElection502] INFO  impl.RoleInfo (RoleInfo.java:updateAndGet(143)) - 8f18dce1-0a3d-4b65-9c78-af3d58b2da7f: start FollowerState
2019-10-20 17:41:11,175 [Thread-3569] INFO  impl.FollowerState (FollowerState.java:run(108)) - 8f18dce1-0a3d-4b65-9c78-af3d58b2da7f@group-091950D56227-FollowerState: change to CANDIDATE, lastRpcTime:111ms, electionTimeout:111ms
2019-10-20 17:41:11,175 [Thread-3569] INFO  impl.RoleInfo (RoleInfo.java:shutdownFollowerState(121)) - 8f18dce1-0a3d-4b65-9c78-af3d58b2da7f: shutdown FollowerState
2019-10-20 17:41:11,175 [Thread-3569] INFO  impl.RaftServerImpl (RaftServerImpl.java:setRole(184)) - 8f18dce1-0a3d-4b65-9c78-af3d58b2da7f@group-091950D56227: changes role from  FOLLOWER to CANDIDATE at term 591 for changeToCandidate
2019-10-20 17:41:11,175 [Thread-3569] INFO  impl.RoleInfo (RoleInfo.java:updateAndGet(143)) - 8f18dce1-0a3d-4b65-9c78-af3d58b2da7f: start LeaderElection
2019-10-20 17:41:11,199 [8f18dce1-0a3d-4b65-9c78-af3d58b2da7f@group-091950D56227-LeaderElection503] INFO  impl.LeaderElection (LeaderElection.java:askForVotes(178)) - 8f18dce1-0a3d-4b65-9c78-af3d58b2da7f@group-091950D56227-LeaderElection503: begin an election at term 592 for -1: [8a63e1ae-032e-4bed-9f20-125a11f65413:0.0.0.0:38685, 8f18dce1-0a3d-4b65-9c78-af3d58b2da7f:0.0.0.0:42489, 7b1e61a0-7daf-43dd-99d5-9b325c1d31ae:0.0.0.0:38412], old=null
2019-10-20 17:41:11,201 [grpc-default-executor-3] INFO  impl.RaftServerImpl (RaftServerImpl.java:setRole(184)) - 8a63e1ae-032e-4bed-9f20-125a11f65413@group-091950D56227: changes role from  FOLLOWER to FOLLOWER at term 592 for recognizeCandidate:8f18dce1-0a3d-4b65-9c78-af3d58b2da7f
2019-10-20 17:41:11,201 [grpc-default-executor-1] INFO  impl.RaftServerImpl (RaftServerImpl.java:setRole(184)) - 7b1e61a0-7daf-43dd-99d5-9b325c1d31ae@group-091950D56227: changes role from  FOLLOWER to FOLLOWER at term 592 for recognizeCandidate:8f18dce1-0a3d-4b65-9c78-af3d58b2da7f
2019-10-20 17:41:11,201 [grpc-default-executor-3] INFO  impl.RoleInfo (RoleInfo.java:shutdownFollowerState(121)) - 8a63e1ae-032e-4bed-9f20-125a11f65413: shutdown FollowerState
2019-10-20 17:41:11,201 [grpc-default-executor-1] INFO  impl.RoleInfo (RoleInfo.java:shutdownFollowerState(121)) - 7b1e61a0-7daf-43dd-99d5-9b325c1d31ae: shutdown FollowerState
2019-10-20 17:41:11,202 [Thread-3568] INFO  impl.FollowerState (FollowerState.java:run(117)) - 8a63e1ae-032e-4bed-9f20-125a11f65413@group-091950D56227-FollowerState was interrupted: java.lang.InterruptedException: sleep interrupted
2019-10-20 17:41:11,202 [grpc-default-executor-3] INFO  impl.RoleInfo (RoleInfo.java:updateAndGet(143)) - 8a63e1ae-032e-4bed-9f20-125a11f65413: start FollowerState
2019-10-20 17:41:11,202 [Thread-3567] INFO  impl.FollowerState (FollowerState.java:run(117)) - 7b1e61a0-7daf-43dd-99d5-9b325c1d31ae@group-091950D56227-FollowerState was interrupted: java.lang.InterruptedException: sleep interrupted
2019-10-20 17:41:11,202 [grpc-default-executor-1] INFO  impl.RoleInfo (RoleInfo.java:updateAndGet(143)) - 7b1e61a0-7daf-43dd-99d5-9b325c1d31ae: start FollowerState
2019-10-20 17:41:11,224 [8f18dce1-0a3d-4b65-9c78-af3d58b2da7f@group-091950D56227-LeaderElection503] INFO  impl.LeaderElection (LeaderElection.java:logAndReturn(56)) - 8f18dce1-0a3d-4b65-9c78-af3d58b2da7f@group-091950D56227-LeaderElection503: Election REJECTED; received 2 response(s) [8f18dce1-0a3d-4b65-9c78-af3d58b2da7f<-8a63e1ae-032e-4bed-9f20-125a11f65413#0:FAIL-t592, 8f18dce1-0a3d-4b65-9c78-af3d58b2da7f<-7b1e61a0-7daf-43dd-99d5-9b325c1d31ae#0:FAIL-t592] and 0 exception(s); 8f18dce1-0a3d-4b65-9c78-af3d58b2da7f@group-091950D56227:t592, leader=null, voted=8f18dce1-0a3d-4b65-9c78-af3d58b2da7f, raftlog=8f18dce1-0a3d-4b65-9c78-af3d58b2da7f@group-091950D56227-SegmentedRaftLog:OPENED:c-1,f-1,i0, conf=-1: [8a63e1ae-032e-4bed-9f20-125a11f65413:0.0.0.0:38685, 8f18dce1-0a3d-4b65-9c78-af3d58b2da7f:0.0.0.0:42489, 7b1e61a0-7daf-43dd-99d5-9b325c1d31ae:0.0.0.0:38412], old=null
2019-10-20 17:41:11,224 [8f18dce1-0a3d-4b65-9c78-af3d58b2da7f@group-091950D56227-LeaderElection503] INFO  impl.RaftServerImpl (RaftServerImpl.java:setRole(184)) - 8f18dce1-0a3d-4b65-9c78-af3d58b2da7f@group-091950D56227: changes role from CANDIDATE to FOLLOWER at term 592 for DISCOVERED_A_NEW_TERM
2019-10-20 17:41:11,224 [8f18dce1-0a3d-4b65-9c78-af3d58b2da7f@group-091950D56227-LeaderElection503] INFO  impl.RoleInfo (RoleInfo.java:shutdownLeaderElection(134)) - 8f18dce1-0a3d-4b65-9c78-af3d58b2da7f: shutdown LeaderElection
2019-10-20 17:41:11,224 [8f18dce1-0a3d-4b65-9c78-af3d58b2da7f@group-091950D56227-LeaderElection503] INFO  impl.RoleInfo (RoleInfo.java:updateAndGet(143)) - 8f18dce1-0a3d-4b65-9c78-af3d58b2da7f: start FollowerState
2019-10-20 17:41:11,283 [Thread-3575] INFO  impl.FollowerState (FollowerState.java:run(108)) - 8f18dce1-0a3d-4b65-9c78-af3d58b2da7f@group-091950D56227-FollowerState: change to CANDIDATE, lastRpcTime:59ms, electionTimeout:59ms
2019-10-20 17:41:11,284 [Thread-3575] INFO  impl.RoleInfo (RoleInfo.java:shutdownFollowerState(121)) - 8f18dce1-0a3d-4b65-9c78-af3d58b2da7f: shutdown FollowerState
2019-10-20 17:41:11,284 [Thread-3575] INFO  impl.RaftServerImpl (RaftServerImpl.java:setRole(184)) - 8f18dce1-0a3d-4b65-9c78-af3d58b2da7f@group-091950D56227: changes role from  FOLLOWER to CANDIDATE at term 592 for changeToCandidate
2019-10-20 17:41:11,284 [Thread-3575] INFO  impl.RoleInfo (RoleInfo.java:updateAndGet(143)) - 8f18dce1-0a3d-4b65-9c78-af3d58b2da7f: start LeaderElection
2019-10-20 17:41:11,307 [8f18dce1-0a3d-4b65-9c78-af3d58b2da7f@group-091950D56227-LeaderElection504] INFO  impl.LeaderElection (LeaderElection.java:askForVotes(178)) - 8f18dce1-0a3d-4b65-9c78-af3d58b2da7f@group-091950D56227-LeaderElection504: begin an election at term 593 for -1: [8a63e1ae-032e-4bed-9f20-125a11f65413:0.0.0.0:38685, 8f18dce1-0a3d-4b65-9c78-af3d58b2da7f:0.0.0.0:42489, 7b1e61a0-7daf-43dd-99d5-9b325c1d31ae:0.0.0.0:38412], old=null
2019-10-20 17:41:11,308 [grpc-default-executor-1] INFO  impl.RaftServerImpl (RaftServerImpl.java:setRole(184)) - 8a63e1ae-032e-4bed-9f20-125a11f65413@group-091950D56227: changes role from  FOLLOWER to FOLLOWER at term 593 for recognizeCandidate:8f18dce1-0a3d-4b65-9c78-af3d58b2da7f
2019-10-20 17:41:11,308 [grpc-default-executor-1] INFO  impl.RoleInfo (RoleInfo.java:shutdownFollowerState(121)) - 8a63e1ae-032e-4bed-9f20-125a11f65413: shutdown FollowerState
2019-10-20 17:41:11,308 [grpc-default-executor-3] INFO  impl.RaftServerImpl (RaftServerImpl.java:setRole(184)) - 7b1e61a0-7daf-43dd-99d5-9b325c1d31ae@group-091950D56227: changes role from  FOLLOWER to FOLLOWER at term 593 for recognizeCandidate:8f18dce1-0a3d-4b65-9c78-af3d58b2da7f
2019-10-20 17:41:11,309 [grpc-default-executor-3] INFO  impl.RoleInfo (RoleInfo.java:shutdownFollowerState(121)) - 7b1e61a0-7daf-43dd-99d5-9b325c1d31ae: shutdown FollowerState
2019-10-20 17:41:11,309 [Thread-3573] INFO  impl.FollowerState (FollowerState.java:run(117)) - 8a63e1ae-032e-4bed-9f20-125a11f65413@group-091950D56227-FollowerState was interrupted: java.lang.InterruptedException: sleep interrupted
2019-10-20 17:41:11,308 [grpc-default-executor-1] INFO  impl.RoleInfo (RoleInfo.java:updateAndGet(143)) - 8a63e1ae-032e-4bed-9f20-125a11f65413: start FollowerState
2019-10-20 17:41:11,309 [Thread-3574] INFO  impl.FollowerState (FollowerState.java:run(117)) - 7b1e61a0-7daf-43dd-99d5-9b325c1d31ae@group-091950D56227-FollowerState was interrupted: java.lang.InterruptedException: sleep interrupted
2019-10-20 17:41:11,309 [grpc-default-executor-3] INFO  impl.RoleInfo (RoleInfo.java:updateAndGet(143)) - 7b1e61a0-7daf-43dd-99d5-9b325c1d31ae: start FollowerState
2019-10-20 17:41:11,344 [8f18dce1-0a3d-4b65-9c78-af3d58b2da7f@group-091950D56227-LeaderElection504] INFO  impl.LeaderElection (LeaderElection.java:logAndReturn(56)) - 8f18dce1-0a3d-4b65-9c78-af3d58b2da7f@group-091950D56227-LeaderElection504: Election REJECTED; received 2 response(s) [8f18dce1-0a3d-4b65-9c78-af3d58b2da7f<-8a63e1ae-032e-4bed-9f20-125a11f65413#0:FAIL-t593, 8f18dce1-0a3d-4b65-9c78-af3d58b2da7f<-7b1e61a0-7daf-43dd-99d5-9b325c1d31ae#0:FAIL-t593] and 0 exception(s); 8f18dce1-0a3d-4b65-9c78-af3d58b2da7f@group-091950D56227:t593, leader=null, voted=8f18dce1-0a3d-4b65-9c78-af3d58b2da7f, raftlog=8f18dce1-0a3d-4b65-9c78-af3d58b2da7f@group-091950D56227-SegmentedRaftLog:OPENED:c-1,f-1,i0, conf=-1: [8a63e1ae-032e-4bed-9f20-125a11f65413:0.0.0.0:38685, 8f18dce1-0a3d-4b65-9c78-af3d58b2da7f:0.0.0.0:42489, 7b1e61a0-7daf-43dd-99d5-9b325c1d31ae:0.0.0.0:38412], old=null
2019-10-20 17:41:11,345 [8f18dce1-0a3d-4b65-9c78-af3d58b2da7f@group-091950D56227-LeaderElection504] INFO  impl.RaftServerImpl (RaftServerImpl.java:setRole(184)) - 8f18dce1-0a3d-4b65-9c78-af3d58b2da7f@group-091950D56227: changes role from CANDIDATE to FOLLOWER at term 593 for DISCOVERED_A_NEW_TERM
2019-10-20 17:41:11,345 [8f18dce1-0a3d-4b65-9c78-af3d58b2da7f@group-091950D56227-LeaderElection504] INFO  impl.RoleInfo (RoleInfo.java:shutdownLeaderElection(134)) - 8f18dce1-0a3d-4b65-9c78-af3d58b2da7f: shutdown LeaderElection
2019-10-20 17:41:11,345 [8f18dce1-0a3d-4b65-9c78-af3d58b2da7f@group-091950D56227-LeaderElection504] INFO  impl.RoleInfo (RoleInfo.java:updateAndGet(143)) - 8f18dce1-0a3d-4b65-9c78-af3d58b2da7f: start FollowerState
2019-10-20 17:41:11,345 [Thread-3581] INFO  impl.FollowerState (FollowerState.java:run(108)) - 8f18dce1-0a3d-4b65-9c78-af3d58b2da7f@group-091950D56227-FollowerState: change to CANDIDATE, lastRpcTime:0ms, electionTimeout:0ms
2019-10-20 17:41:11,345 [Thread-3581] INFO  impl.RoleInfo (RoleInfo.java:shutdownFollowerState(121)) - 8f18dce1-0a3d-4b65-9c78-af3d58b2da7f: shutdown FollowerState
2019-10-20 17:41:11,345 [Thread-3581] INFO  impl.RaftServerImpl (RaftServerImpl.java:setRole(184)) - 8f18dce1-0a3d-4b65-9c78-af3d58b2da7f@group-091950D56227: changes role from  FOLLOWER to CANDIDATE at term 593 for changeToCandidate
2019-10-20 17:41:11,346 [Thread-3581] INFO  impl.RoleInfo (RoleInfo.java:updateAndGet(143)) - 8f18dce1-0a3d-4b65-9c78-af3d58b2da7f: start LeaderElection
2019-10-20 17:41:11,369 [8f18dce1-0a3d-4b65-9c78-af3d58b2da7f@group-091950D56227-LeaderElection505] INFO  impl.LeaderElection (LeaderElection.java:askForVotes(178)) - 8f18dce1-0a3d-4b65-9c78-af3d58b2da7f@group-091950D56227-LeaderElection505: begin an election at term 594 for -1: [8a63e1ae-032e-4bed-9f20-125a11f65413:0.0.0.0:38685, 8f18dce1-0a3d-4b65-9c78-af3d58b2da7f:0.0.0.0:42489, 7b1e61a0-7daf-43dd-99d5-9b325c1d31ae:0.0.0.0:38412], old=null
2019-10-20 17:41:11,370 [grpc-default-executor-3] INFO  impl.RaftServerImpl (RaftServerImpl.java:setRole(184)) - 7b1e61a0-7daf-43dd-99d5-9b325c1d31ae@group-091950D56227: changes role from  FOLLOWER to FOLLOWER at term 594 for recognizeCandidate:8f18dce1-0a3d-4b65-9c78-af3d58b2da7f
2019-10-20 17:41:11,371 [grpc-default-executor-3] INFO  impl.RoleInfo (RoleInfo.java:shutdownFollowerState(121)) - 7b1e61a0-7daf-43dd-99d5-9b325c1d31ae: shutdown FollowerState
2019-10-20 17:41:11,370 [grpc-default-executor-1] INFO  impl.RaftServerImpl (RaftServerImpl.java:setRole(184)) - 8a63e1ae-032e-4bed-9f20-125a11f65413@group-091950D56227: changes role from  FOLLOWER to FOLLOWER at term 594 for recognizeCandidate:8f18dce1-0a3d-4b65-9c78-af3d58b2da7f
2019-10-20 17:41:11,371 [Thread-3580] INFO  impl.FollowerState (FollowerState.java:run(117)) - 7b1e61a0-7daf-43dd-99d5-9b325c1d31ae@group-091950D56227-FollowerState was interrupted: java.lang.InterruptedException: sleep interrupted
2019-10-20 17:41:11,371 [grpc-default-executor-3] INFO  impl.RoleInfo (RoleInfo.java:updateAndGet(143)) - 7b1e61a0-7daf-43dd-99d5-9b325c1d31ae: start FollowerState
2019-10-20 17:41:11,371 [grpc-default-executor-1] INFO  impl.RoleInfo (RoleInfo.java:shutdownFollowerState(121)) - 8a63e1ae-032e-4bed-9f20-125a11f65413: shutdown FollowerState
2019-10-20 17:41:11,371 [grpc-default-executor-1] INFO  impl.RoleInfo (RoleInfo.java:updateAndGet(143)) - 8a63e1ae-032e-4bed-9f20-125a11f65413: start FollowerState
2019-10-20 17:41:11,371 [Thread-3579] INFO  impl.FollowerState (FollowerState.java:run(117)) - 8a63e1ae-032e-4bed-9f20-125a11f65413@group-091950D56227-FollowerState was interrupted: java.lang.InterruptedException: sleep interrupted
2019-10-20 17:41:11,420 [8f18dce1-0a3d-4b65-9c78-af3d58b2da7f@group-091950D56227-LeaderElection505] INFO  impl.LeaderElection (LeaderElection.java:logAndReturn(56)) - 8f18dce1-0a3d-4b65-9c78-af3d58b2da7f@group-091950D56227-LeaderElection505: Election REJECTED; received 2 response(s) [8f18dce1-0a3d-4b65-9c78-af3d58b2da7f<-8a63e1ae-032e-4bed-9f20-125a11f65413#0:FAIL-t594, 8f18dce1-0a3d-4b65-9c78-af3d58b2da7f<-7b1e61a0-7daf-43dd-99d5-9b325c1d31ae#0:FAIL-t594] and 0 exception(s); 8f18dce1-0a3d-4b65-9c78-af3d58b2da7f@group-091950D56227:t594, leader=null, voted=8f18dce1-0a3d-4b65-9c78-af3d58b2da7f, raftlog=8f18dce1-0a3d-4b65-9c78-af3d58b2da7f@group-091950D56227-SegmentedRaftLog:OPENED:c-1,f-1,i0, conf=-1: [8a63e1ae-032e-4bed-9f20-125a11f65413:0.0.0.0:38685, 8f18dce1-0a3d-4b65-9c78-af3d58b2da7f:0.0.0.0:42489, 7b1e61a0-7daf-43dd-99d5-9b325c1d31ae:0.0.0.0:38412], old=null
2019-10-20 17:41:11,421 [8f18dce1-0a3d-4b65-9c78-af3d58b2da7f@group-091950D56227-LeaderElection505] INFO  impl.RaftServerImpl (RaftServerImpl.java:setRole(184)) - 8f18dce1-0a3d-4b65-9c78-af3d58b2da7f@group-091950D56227: changes role from CANDIDATE to FOLLOWER at term 594 for DISCOVERED_A_NEW_TERM
2019-10-20 17:41:11,421 [8f18dce1-0a3d-4b65-9c78-af3d58b2da7f@group-091950D56227-LeaderElection505] INFO  impl.RoleInfo (RoleInfo.java:shutdownLeaderElection(134)) - 8f18dce1-0a3d-4b65-9c78-af3d58b2da7f: shutdown LeaderElection
2019-10-20 17:41:11,421 [8f18dce1-0a3d-4b65-9c78-af3d58b2da7f@group-091950D56227-LeaderElection505] INFO  impl.RoleInfo (RoleInfo.java:updateAndGet(143)) - 8f18dce1-0a3d-4b65-9c78-af3d58b2da7f: start FollowerState
2019-10-20 17:41:11,518 [Thread-3587] INFO  impl.FollowerState (FollowerState.java:run(108)) - 8f18dce1-0a3d-4b65-9c78-af3d58b2da7f@group-091950D56227-FollowerState: change to CANDIDATE, lastRpcTime:97ms, electionTimeout:97ms
2019-10-20 17:41:11,518 [Thread-3587] INFO  impl.RoleInfo (RoleInfo.java:shutdownFollowerState(121)) - 8f18dce1-0a3d-4b65-9c78-af3d58b2da7f: shutdown FollowerState
2019-10-20 17:41:11,518 [Thread-3587] INFO  impl.RaftServerImpl (RaftServerImpl.java:setRole(184)) - 8f18dce1-0a3d-4b65-9c78-af3d58b2da7f@group-091950D56227: changes role from  FOLLOWER to CANDIDATE at term 594 for changeToCandidate
2019-10-20 17:41:11,519 [Thread-3587] INFO  impl.RoleInfo (RoleInfo.java:updateAndGet(143)) - 8f18dce1-0a3d-4b65-9c78-af3d58b2da7f: start LeaderElection
2019-10-20 17:41:11,545 [8f18dce1-0a3d-4b65-9c78-af3d58b2da7f@group-091950D56227-LeaderElection506] INFO  impl.LeaderElection (LeaderElection.java:askForVotes(178)) - 8f18dce1-0a3d-4b65-9c78-af3d58b2da7f@group-091950D56227-LeaderElection506: begin an election at term 595 for -1: [8a63e1ae-032e-4bed-9f20-125a11f65413:0.0.0.0:38685, 8f18dce1-0a3d-4b65-9c78-af3d58b2da7f:0.0.0.0:42489, 7b1e61a0-7daf-43dd-99d5-9b325c1d31ae:0.0.0.0:38412], old=null
2019-10-20 17:41:11,547 [grpc-default-executor-3] INFO  impl.RaftServerImpl (RaftServerImpl.java:setRole(184)) - 8a63e1ae-032e-4bed-9f20-125a11f65413@group-091950D56227: changes role from  FOLLOWER to FOLLOWER at term 595 for recognizeCandidate:8f18dce1-0a3d-4b65-9c78-af3d58b2da7f
2019-10-20 17:41:11,547 [grpc-default-executor-1] INFO  impl.RaftServerImpl (RaftServerImpl.java:setRole(184)) - 7b1e61a0-7daf-43dd-99d5-9b325c1d31ae@group-091950D56227: changes role from  FOLLOWER to FOLLOWER at term 595 for recognizeCandidate:8f18dce1-0a3d-4b65-9c78-af3d58b2da7f
2019-10-20 17:41:11,547 [grpc-default-executor-1] INFO  impl.RoleInfo (RoleInfo.java:shutdownFollowerState(121)) - 7b1e61a0-7daf-43dd-99d5-9b325c1d31ae: shutdown FollowerState
2019-10-20 17:41:11,547 [grpc-default-executor-3] INFO  impl.RoleInfo (RoleInfo.java:shutdownFollowerState(121)) - 8a63e1ae-032e-4bed-9f20-125a11f65413: shutdown FollowerState
2019-10-20 17:41:11,547 [Thread-3585] INFO  impl.FollowerState (FollowerState.java:run(117)) - 7b1e61a0-7daf-43dd-99d5-9b325c1d31ae@group-091950D56227-FollowerState was interrupted: java.lang.InterruptedException: sleep interrupted
2019-10-20 17:41:11,547 [grpc-default-executor-1] INFO  impl.RoleInfo (RoleInfo.java:updateAndGet(143)) - 7b1e61a0-7daf-43dd-99d5-9b325c1d31ae: start FollowerState
2019-10-20 17:41:11,547 [Thread-3586] INFO  impl.FollowerState (FollowerState.java:run(117)) - 8a63e1ae-032e-4bed-9f20-125a11f65413@group-091950D56227-FollowerState was interrupted: java.lang.InterruptedException: sleep interrupted
2019-10-20 17:41:11,547 [grpc-default-executor-3] INFO  impl.RoleInfo (RoleInfo.java:updateAndGet(143)) - 8a63e1ae-032e-4bed-9f20-125a11f65413: start FollowerState
2019-10-20 17:41:11,611 [8f18dce1-0a3d-4b65-9c78-af3d58b2da7f@group-091950D56227-LeaderElection506] INFO  impl.LeaderElection (LeaderElection.java:logAndReturn(56)) - 8f18dce1-0a3d-4b65-9c78-af3d58b2da7f@group-091950D56227-LeaderElection506: Election TIMEOUT; received 0 response(s) [] and 0 exception(s); 8f18dce1-0a3d-4b65-9c78-af3d58b2da7f@group-091950D56227:t595, leader=null, voted=8f18dce1-0a3d-4b65-9c78-af3d58b2da7f, raftlog=8f18dce1-0a3d-4b65-9c78-af3d58b2da7f@group-091950D56227-SegmentedRaftLog:OPENED:c-1,f-1,i0, conf=-1: [8a63e1ae-032e-4bed-9f20-125a11f65413:0.0.0.0:38685, 8f18dce1-0a3d-4b65-9c78-af3d58b2da7f:0.0.0.0:42489, 7b1e61a0-7daf-43dd-99d5-9b325c1d31ae:0.0.0.0:38412], old=null
2019-10-20 17:41:11,655 [8f18dce1-0a3d-4b65-9c78-af3d58b2da7f@group-091950D56227-LeaderElection506] INFO  impl.LeaderElection (LeaderElection.java:askForVotes(178)) - 8f18dce1-0a3d-4b65-9c78-af3d58b2da7f@group-091950D56227-LeaderElection506: begin an election at term 596 for -1: [8a63e1ae-032e-4bed-9f20-125a11f65413:0.0.0.0:38685, 8f18dce1-0a3d-4b65-9c78-af3d58b2da7f:0.0.0.0:42489, 7b1e61a0-7daf-43dd-99d5-9b325c1d31ae:0.0.0.0:38412], old=null
2019-10-20 17:41:11,656 [grpc-default-executor-3] INFO  impl.RaftServerImpl (RaftServerImpl.java:setRole(184)) - 8a63e1ae-032e-4bed-9f20-125a11f65413@group-091950D56227: changes role from  FOLLOWER to FOLLOWER at term 596 for recognizeCandidate:8f18dce1-0a3d-4b65-9c78-af3d58b2da7f
2019-10-20 17:41:11,657 [grpc-default-executor-3] INFO  impl.RoleInfo (RoleInfo.java:shutdownFollowerState(121)) - 8a63e1ae-032e-4bed-9f20-125a11f65413: shutdown FollowerState
2019-10-20 17:41:11,657 [grpc-default-executor-1] INFO  impl.RaftServerImpl (RaftServerImpl.java:setRole(184)) - 7b1e61a0-7daf-43dd-99d5-9b325c1d31ae@group-091950D56227: changes role from  FOLLOWER to FOLLOWER at term 596 for recognizeCandidate:8f18dce1-0a3d-4b65-9c78-af3d58b2da7f
2019-10-20 17:41:11,657 [Thread-3594] INFO  impl.FollowerState (FollowerState.java:run(117)) - 8a63e1ae-032e-4bed-9f20-125a11f65413@group-091950D56227-FollowerState was interrupted: java.lang.InterruptedException: sleep interrupted
2019-10-20 17:41:11,657 [grpc-default-executor-3] INFO  impl.RoleInfo (RoleInfo.java:updateAndGet(143)) - 8a63e1ae-032e-4bed-9f20-125a11f65413: start FollowerState
2019-10-20 17:41:11,657 [grpc-default-executor-1] INFO  impl.RoleInfo (RoleInfo.java:shutdownFollowerState(121)) - 7b1e61a0-7daf-43dd-99d5-9b325c1d31ae: shutdown FollowerState
2019-10-20 17:41:11,657 [grpc-default-executor-1] INFO  impl.RoleInfo (RoleInfo.java:updateAndGet(143)) - 7b1e61a0-7daf-43dd-99d5-9b325c1d31ae: start FollowerState
2019-10-20 17:41:11,657 [Thread-3593] INFO  impl.FollowerState (FollowerState.java:run(117)) - 7b1e61a0-7daf-43dd-99d5-9b325c1d31ae@group-091950D56227-FollowerState was interrupted: java.lang.InterruptedException: sleep interrupted
2019-10-20 17:41:11,698 [8f18dce1-0a3d-4b65-9c78-af3d58b2da7f@group-091950D56227-LeaderElection506] INFO  impl.LeaderElection (LeaderElection.java:logAndReturn(56)) - 8f18dce1-0a3d-4b65-9c78-af3d58b2da7f@group-091950D56227-LeaderElection506: Election REJECTED; received 2 response(s) [8f18dce1-0a3d-4b65-9c78-af3d58b2da7f<-8a63e1ae-032e-4bed-9f20-125a11f65413#0:FAIL-t596, 8f18dce1-0a3d-4b65-9c78-af3d58b2da7f<-7b1e61a0-7daf-43dd-99d5-9b325c1d31ae#0:FAIL-t596] and 0 exception(s); 8f18dce1-0a3d-4b65-9c78-af3d58b2da7f@group-091950D56227:t596, leader=null, voted=8f18dce1-0a3d-4b65-9c78-af3d58b2da7f, raftlog=8f18dce1-0a3d-4b65-9c78-af3d58b2da7f@group-091950D56227-SegmentedRaftLog:OPENED:c-1,f-1,i0, conf=-1: [8a63e1ae-032e-4bed-9f20-125a11f65413:0.0.0.0:38685, 8f18dce1-0a3d-4b65-9c78-af3d58b2da7f:0.0.0.0:42489, 7b1e61a0-7daf-43dd-99d5-9b325c1d31ae:0.0.0.0:38412], old=null
2019-10-20 17:41:11,698 [8f18dce1-0a3d-4b65-9c78-af3d58b2da7f@group-091950D56227-LeaderElection506] INFO  impl.RaftServerImpl (RaftServerImpl.java:setRole(184)) - 8f18dce1-0a3d-4b65-9c78-af3d58b2da7f@group-091950D56227: changes role from CANDIDATE to FOLLOWER at term 596 for DISCOVERED_A_NEW_TERM
2019-10-20 17:41:11,698 [8f18dce1-0a3d-4b65-9c78-af3d58b2da7f@group-091950D56227-LeaderElection506] INFO  impl.RoleInfo (RoleInfo.java:shutdownLeaderElection(134)) - 8f18dce1-0a3d-4b65-9c78-af3d58b2da7f: shutdown LeaderElection
2019-10-20 17:41:11,698 [8f18dce1-0a3d-4b65-9c78-af3d58b2da7f@group-091950D56227-LeaderElection506] INFO  impl.RoleInfo (RoleInfo.java:updateAndGet(143)) - 8f18dce1-0a3d-4b65-9c78-af3d58b2da7f: start FollowerState
2019-10-20 17:41:11,759 [Thread-3599] INFO  impl.FollowerState (FollowerState.java:run(108)) - 8f18dce1-0a3d-4b65-9c78-af3d58b2da7f@group-091950D56227-FollowerState: change to CANDIDATE, lastRpcTime:61ms, electionTimeout:61ms
2019-10-20 17:41:11,760 [Thread-3599] INFO  impl.RoleInfo (RoleInfo.java:shutdownFollowerState(121)) - 8f18dce1-0a3d-4b65-9c78-af3d58b2da7f: shutdown FollowerState
2019-10-20 17:41:11,760 [Thread-3599] INFO  impl.RaftServerImpl (RaftServerImpl.java:setRole(184)) - 8f18dce1-0a3d-4b65-9c78-af3d58b2da7f@group-091950D56227: changes role from  FOLLOWER to CANDIDATE at term 596 for changeToCandidate
2019-10-20 17:41:11,760 [Thread-3599] INFO  impl.RoleInfo (RoleInfo.java:updateAndGet(143)) - 8f18dce1-0a3d-4b65-9c78-af3d58b2da7f: start LeaderElection
2019-10-20 17:41:11,789 [8f18dce1-0a3d-4b65-9c78-af3d58b2da7f@group-091950D56227-LeaderElection507] INFO  impl.LeaderElection (LeaderElection.java:askForVotes(178)) - 8f18dce1-0a3d-4b65-9c78-af3d58b2da7f@group-091950D56227-LeaderElection507: begin an election at term 597 for -1: [8a63e1ae-032e-4bed-9f20-125a11f65413:0.0.0.0:38685, 8f18dce1-0a3d-4b65-9c78-af3d58b2da7f:0.0.0.0:42489, 7b1e61a0-7daf-43dd-99d5-9b325c1d31ae:0.0.0.0:38412], old=null
2019-10-20 17:41:11,791 [grpc-default-executor-3] INFO  impl.RaftServerImpl (RaftServerImpl.java:setRole(184)) - 8a63e1ae-032e-4bed-9f20-125a11f65413@group-091950D56227: changes role from  FOLLOWER to FOLLOWER at term 597 for recognizeCandidate:8f18dce1-0a3d-4b65-9c78-af3d58b2da7f
2019-10-20 17:41:11,791 [grpc-default-executor-3] INFO  impl.RoleInfo (RoleInfo.java:shutdownFollowerState(121)) - 8a63e1ae-032e-4bed-9f20-125a11f65413: shutdown FollowerState
2019-10-20 17:41:11,791 [grpc-default-executor-1] INFO  impl.RaftServerImpl (RaftServerImpl.java:setRole(184)) - 7b1e61a0-7daf-43dd-99d5-9b325c1d31ae@group-091950D56227: changes role from  FOLLOWER to FOLLOWER at term 597 for recognizeCandidate:8f18dce1-0a3d-4b65-9c78-af3d58b2da7f
2019-10-20 17:41:11,791 [Thread-3597] INFO  impl.FollowerState (FollowerState.java:run(117)) - 8a63e1ae-032e-4bed-9f20-125a11f65413@group-091950D56227-FollowerState was interrupted: java.lang.InterruptedException: sleep interrupted
2019-10-20 17:41:11,791 [grpc-default-executor-3] INFO  impl.RoleInfo (RoleInfo.java:updateAndGet(143)) - 8a63e1ae-032e-4bed-9f20-125a11f65413: start FollowerState
2019-10-20 17:41:11,791 [grpc-default-executor-1] INFO  impl.RoleInfo (RoleInfo.java:shutdownFollowerState(121)) - 7b1e61a0-7daf-43dd-99d5-9b325c1d31ae: shutdown FollowerState
2019-10-20 17:41:11,792 [grpc-default-executor-1] INFO  impl.RoleInfo (RoleInfo.java:updateAndGet(143)) - 7b1e61a0-7daf-43dd-99d5-9b325c1d31ae: start FollowerState
2019-10-20 17:41:11,792 [Thread-3598] INFO  impl.FollowerState (FollowerState.java:run(117)) - 7b1e61a0-7daf-43dd-99d5-9b325c1d31ae@group-091950D56227-FollowerState was interrupted: java.lang.InterruptedException: sleep interrupted
2019-10-20 17:41:11,816 [8f18dce1-0a3d-4b65-9c78-af3d58b2da7f@group-091950D56227-LeaderElection507] INFO  impl.LeaderElection (LeaderElection.java:logAndReturn(56)) - 8f18dce1-0a3d-4b65-9c78-af3d58b2da7f@group-091950D56227-LeaderElection507: Election REJECTED; received 2 response(s) [8f18dce1-0a3d-4b65-9c78-af3d58b2da7f<-8a63e1ae-032e-4bed-9f20-125a11f65413#0:FAIL-t597, 8f18dce1-0a3d-4b65-9c78-af3d58b2da7f<-7b1e61a0-7daf-43dd-99d5-9b325c1d31ae#0:FAIL-t597] and 0 exception(s); 8f18dce1-0a3d-4b65-9c78-af3d58b2da7f@group-091950D56227:t597, leader=null, voted=8f18dce1-0a3d-4b65-9c78-af3d58b2da7f, raftlog=8f18dce1-0a3d-4b65-9c78-af3d58b2da7f@group-091950D56227-SegmentedRaftLog:OPENED:c-1,f-1,i0, conf=-1: [8a63e1ae-032e-4bed-9f20-125a11f65413:0.0.0.0:38685, 8f18dce1-0a3d-4b65-9c78-af3d58b2da7f:0.0.0.0:42489, 7b1e61a0-7daf-43dd-99d5-9b325c1d31ae:0.0.0.0:38412], old=null
2019-10-20 17:41:11,816 [8f18dce1-0a3d-4b65-9c78-af3d58b2da7f@group-091950D56227-LeaderElection507] INFO  impl.RaftServerImpl (RaftServerImpl.java:setRole(184)) - 8f18dce1-0a3d-4b65-9c78-af3d58b2da7f@group-091950D56227: changes role from CANDIDATE to FOLLOWER at term 597 for DISCOVERED_A_NEW_TERM
2019-10-20 17:41:11,817 [8f18dce1-0a3d-4b65-9c78-af3d58b2da7f@group-091950D56227-LeaderElection507] INFO  impl.RoleInfo (RoleInfo.java:shutdownLeaderElection(134)) - 8f18dce1-0a3d-4b65-9c78-af3d58b2da7f: shutdown LeaderElection
2019-10-20 17:41:11,817 [8f18dce1-0a3d-4b65-9c78-af3d58b2da7f@group-091950D56227-LeaderElection507] INFO  impl.RoleInfo (RoleInfo.java:updateAndGet(143)) - 8f18dce1-0a3d-4b65-9c78-af3d58b2da7f: start FollowerState
2019-10-20 17:41:11,858 [Thread-3605] INFO  impl.FollowerState (FollowerState.java:run(108)) - 8f18dce1-0a3d-4b65-9c78-af3d58b2da7f@group-091950D56227-FollowerState: change to CANDIDATE, lastRpcTime:41ms, electionTimeout:41ms
2019-10-20 17:41:11,858 [Thread-3605] INFO  impl.RoleInfo (RoleInfo.java:shutdownFollowerState(121)) - 8f18dce1-0a3d-4b65-9c78-af3d58b2da7f: shutdown FollowerState
2019-10-20 17:41:11,858 [Thread-3605] INFO  impl.RaftServerImpl (RaftServerImpl.java:setRole(184)) - 8f18dce1-0a3d-4b65-9c78-af3d58b2da7f@group-091950D56227: changes role from  FOLLOWER to CANDIDATE at term 597 for changeToCandidate
2019-10-20 17:41:11,859 [Thread-3605] INFO  impl.RoleInfo (RoleInfo.java:updateAndGet(143)) - 8f18dce1-0a3d-4b65-9c78-af3d58b2da7f: start LeaderElection
2019-10-20 17:41:11,883 [8f18dce1-0a3d-4b65-9c78-af3d58b2da7f@group-091950D56227-LeaderElection508] INFO  impl.LeaderElection (LeaderElection.java:askForVotes(178)) - 8f18dce1-0a3d-4b65-9c78-af3d58b2da7f@group-091950D56227-LeaderElection508: begin an election at term 598 for -1: [8a63e1ae-032e-4bed-9f20-125a11f65413:0.0.0.0:38685, 8f18dce1-0a3d-4b65-9c78-af3d58b2da7f:0.0.0.0:42489, 7b1e61a0-7daf-43dd-99d5-9b325c1d31ae:0.0.0.0:38412], old=null
2019-10-20 17:41:11,885 [grpc-default-executor-1] INFO  impl.RaftServerImpl (RaftServerImpl.java:setRole(184)) - 7b1e61a0-7daf-43dd-99d5-9b325c1d31ae@group-091950D56227: changes role from  FOLLOWER to FOLLOWER at term 598 for recognizeCandidate:8f18dce1-0a3d-4b65-9c78-af3d58b2da7f
2019-10-20 17:41:11,885 [grpc-default-executor-3] INFO  impl.RaftServerImpl (RaftServerImpl.java:setRole(184)) - 8a63e1ae-032e-4bed-9f20-125a11f65413@group-091950D56227: changes role from  FOLLOWER to FOLLOWER at term 598 for recognizeCandidate:8f18dce1-0a3d-4b65-9c78-af3d58b2da7f
2019-10-20 17:41:11,885 [grpc-default-executor-3] INFO  impl.RoleInfo (RoleInfo.java:shutdownFollowerState(121)) - 8a63e1ae-032e-4bed-9f20-125a11f65413: shutdown FollowerState
2019-10-20 17:41:11,885 [grpc-default-executor-1] INFO  impl.RoleInfo (RoleInfo.java:shutdownFollowerState(121)) - 7b1e61a0-7daf-43dd-99d5-9b325c1d31ae: shutdown FollowerState
2019-10-20 17:41:11,885 [Thread-3603] INFO  impl.FollowerState (FollowerState.java:run(117)) - 8a63e1ae-032e-4bed-9f20-125a11f65413@group-091950D56227-FollowerState was interrupted: java.lang.InterruptedException: sleep interrupted
2019-10-20 17:41:11,885 [grpc-default-executor-3] INFO  impl.RoleInfo (RoleInfo.java:updateAndGet(143)) - 8a63e1ae-032e-4bed-9f20-125a11f65413: start FollowerState
2019-10-20 17:41:11,885 [Thread-3604] INFO  impl.FollowerState (FollowerState.java:run(117)) - 7b1e61a0-7daf-43dd-99d5-9b325c1d31ae@group-091950D56227-FollowerState was interrupted: java.lang.InterruptedException: sleep interrupted
2019-10-20 17:41:11,885 [grpc-default-executor-1] INFO  impl.RoleInfo (RoleInfo.java:updateAndGet(143)) - 7b1e61a0-7daf-43dd-99d5-9b325c1d31ae: start FollowerState
2019-10-20 17:41:11,917 [8f18dce1-0a3d-4b65-9c78-af3d58b2da7f@group-091950D56227-LeaderElection508] INFO  impl.LeaderElection (LeaderElection.java:logAndReturn(56)) - 8f18dce1-0a3d-4b65-9c78-af3d58b2da7f@group-091950D56227-LeaderElection508: Election REJECTED; received 2 response(s) [8f18dce1-0a3d-4b65-9c78-af3d58b2da7f<-8a63e1ae-032e-4bed-9f20-125a11f65413#0:FAIL-t598, 8f18dce1-0a3d-4b65-9c78-af3d58b2da7f<-7b1e61a0-7daf-43dd-99d5-9b325c1d31ae#0:FAIL-t598] and 0 exception(s); 8f18dce1-0a3d-4b65-9c78-af3d58b2da7f@group-091950D56227:t598, leader=null, voted=8f18dce1-0a3d-4b65-9c78-af3d58b2da7f, raftlog=8f18dce1-0a3d-4b65-9c78-af3d58b2da7f@group-091950D56227-SegmentedRaftLog:OPENED:c-1,f-1,i0, conf=-1: [8a63e1ae-032e-4bed-9f20-125a11f65413:0.0.0.0:38685, 8f18dce1-0a3d-4b65-9c78-af3d58b2da7f:0.0.0.0:42489, 7b1e61a0-7daf-43dd-99d5-9b325c1d31ae:0.0.0.0:38412], old=null
2019-10-20 17:41:11,918 [8f18dce1-0a3d-4b65-9c78-af3d58b2da7f@group-091950D56227-LeaderElection508] INFO  impl.RaftServerImpl (RaftServerImpl.java:setRole(184)) - 8f18dce1-0a3d-4b65-9c78-af3d58b2da7f@group-091950D56227: changes role from CANDIDATE to FOLLOWER at term 598 for DISCOVERED_A_NEW_TERM
2019-10-20 17:41:11,918 [8f18dce1-0a3d-4b65-9c78-af3d58b2da7f@group-091950D56227-LeaderElection508] INFO  impl.RoleInfo (RoleInfo.java:shutdownLeaderElection(134)) - 8f18dce1-0a3d-4b65-9c78-af3d58b2da7f: shutdown LeaderElection
2019-10-20 17:41:11,918 [8f18dce1-0a3d-4b65-9c78-af3d58b2da7f@group-091950D56227-LeaderElection508] INFO  impl.RoleInfo (RoleInfo.java:updateAndGet(143)) - 8f18dce1-0a3d-4b65-9c78-af3d58b2da7f: start FollowerState
2019-10-20 17:41:12,043 [Thread-3611] INFO  impl.FollowerState (FollowerState.java:run(108)) - 8f18dce1-0a3d-4b65-9c78-af3d58b2da7f@group-091950D56227-FollowerState: change to CANDIDATE, lastRpcTime:125ms, electionTimeout:125ms
2019-10-20 17:41:12,044 [Thread-3611] INFO  impl.RoleInfo (RoleInfo.java:shutdownFollowerState(121)) - 8f18dce1-0a3d-4b65-9c78-af3d58b2da7f: shutdown FollowerState
2019-10-20 17:41:12,044 [Thread-3611] INFO  impl.RaftServerImpl (RaftServerImpl.java:setRole(184)) - 8f18dce1-0a3d-4b65-9c78-af3d58b2da7f@group-091950D56227: changes role from  FOLLOWER to CANDIDATE at term 598 for changeToCandidate
2019-10-20 17:41:12,044 [Thread-3611] INFO  impl.RoleInfo (RoleInfo.java:updateAndGet(143)) - 8f18dce1-0a3d-4b65-9c78-af3d58b2da7f: start LeaderElection
2019-10-20 17:41:12,084 [8f18dce1-0a3d-4b65-9c78-af3d58b2da7f@group-091950D56227-LeaderElection509] INFO  impl.LeaderElection (LeaderElection.java:askForVotes(178)) - 8f18dce1-0a3d-4b65-9c78-af3d58b2da7f@group-091950D56227-LeaderElection509: begin an election at term 599 for -1: [8a63e1ae-032e-4bed-9f20-125a11f65413:0.0.0.0:38685, 8f18dce1-0a3d-4b65-9c78-af3d58b2da7f:0.0.0.0:42489, 7b1e61a0-7daf-43dd-99d5-9b325c1d31ae:0.0.0.0:38412], old=null
2019-10-20 17:41:12,085 [grpc-default-executor-3] INFO  impl.RaftServerImpl (RaftServerImpl.java:setRole(184)) - 8a63e1ae-032e-4bed-9f20-125a11f65413@group-091950D56227: changes role from  FOLLOWER to FOLLOWER at term 599 for recognizeCandidate:8f18dce1-0a3d-4b65-9c78-af3d58b2da7f
2019-10-20 17:41:12,086 [grpc-default-executor-1] INFO  impl.RaftServerImpl (RaftServerImpl.java:setRole(184)) - 7b1e61a0-7daf-43dd-99d5-9b325c1d31ae@group-091950D56227: changes role from  FOLLOWER to FOLLOWER at term 599 for recognizeCandidate:8f18dce1-0a3d-4b65-9c78-af3d58b2da7f
2019-10-20 17:41:12,086 [grpc-default-executor-1] INFO  impl.RoleInfo (RoleInfo.java:shutdownFollowerState(121)) - 7b1e61a0-7daf-43dd-99d5-9b325c1d31ae: shutdown FollowerState
2019-10-20 17:41:12,086 [grpc-default-executor-3] INFO  impl.RoleInfo (RoleInfo.java:shutdownFollowerState(121)) - 8a63e1ae-032e-4bed-9f20-125a11f65413: shutdown FollowerState
2019-10-20 17:41:12,086 [grpc-default-executor-1] INFO  impl.RoleInfo (RoleInfo.java:updateAndGet(143)) - 7b1e61a0-7daf-43dd-99d5-9b325c1d31ae: start FollowerState
2019-10-20 17:41:12,086 [Thread-3609] INFO  impl.FollowerState (FollowerState.java:run(117)) - 8a63e1ae-032e-4bed-9f20-125a11f65413@group-091950D56227-FollowerState was interrupted: java.lang.InterruptedException: sleep interrupted
2019-10-20 17:41:12,086 [grpc-default-executor-3] INFO  impl.RoleInfo (RoleInfo.java:updateAndGet(143)) - 8a63e1ae-032e-4bed-9f20-125a11f65413: start FollowerState
2019-10-20 17:41:12,086 [Thread-3610] INFO  impl.FollowerState (FollowerState.java:run(117)) - 7b1e61a0-7daf-43dd-99d5-9b325c1d31ae@group-091950D56227-FollowerState was interrupted: java.lang.InterruptedException: sleep interrupted
2019-10-20 17:41:12,110 [8f18dce1-0a3d-4b65-9c78-af3d58b2da7f@group-091950D56227-LeaderElection509] INFO  impl.LeaderElection (LeaderElection.java:logAndReturn(56)) - 8f18dce1-0a3d-4b65-9c78-af3d58b2da7f@group-091950D56227-LeaderElection509: Election REJECTED; received 2 response(s) [8f18dce1-0a3d-4b65-9c78-af3d58b2da7f<-8a63e1ae-032e-4bed-9f20-125a11f65413#0:FAIL-t599, 8f18dce1-0a3d-4b65-9c78-af3d58b2da7f<-7b1e61a0-7daf-43dd-99d5-9b325c1d31ae#0:FAIL-t599] and 0 exception(s); 8f18dce1-0a3d-4b65-9c78-af3d58b2da7f@group-091950D56227:t599, leader=null, voted=8f18dce1-0a3d-4b65-9c78-af3d58b2da7f, raftlog=8f18dce1-0a3d-4b65-9c78-af3d58b2da7f@group-091950D56227-SegmentedRaftLog:OPENED:c-1,f-1,i0, conf=-1: [8a63e1ae-032e-4bed-9f20-125a11f65413:0.0.0.0:38685, 8f18dce1-0a3d-4b65-9c78-af3d58b2da7f:0.0.0.0:42489, 7b1e61a0-7daf-43dd-99d5-9b325c1d31ae:0.0.0.0:38412], old=null
2019-10-20 17:41:12,110 [8f18dce1-0a3d-4b65-9c78-af3d58b2da7f@group-091950D56227-LeaderElection509] INFO  impl.RaftServerImpl (RaftServerImpl.java:setRole(184)) - 8f18dce1-0a3d-4b65-9c78-af3d58b2da7f@group-091950D56227: changes role from CANDIDATE to FOLLOWER at term 599 for DISCOVERED_A_NEW_TERM
2019-10-20 17:41:12,110 [8f18dce1-0a3d-4b65-9c78-af3d58b2da7f@group-091950D56227-LeaderElection509] INFO  impl.RoleInfo (RoleInfo.java:shutdownLeaderElection(134)) - 8f18dce1-0a3d-4b65-9c78-af3d58b2da7f: shutdown LeaderElection
2019-10-20 17:41:12,110 [8f18dce1-0a3d-4b65-9c78-af3d58b2da7f@group-091950D56227-LeaderElection509] INFO  impl.RoleInfo (RoleInfo.java:updateAndGet(143)) - 8f18dce1-0a3d-4b65-9c78-af3d58b2da7f: start FollowerState
2019-10-20 17:41:12,236 [Thread-3617] INFO  impl.FollowerState (FollowerState.java:run(108)) - 8f18dce1-0a3d-4b65-9c78-af3d58b2da7f@group-091950D56227-FollowerState: change to CANDIDATE, lastRpcTime:125ms, electionTimeout:125ms
2019-10-20 17:41:12,236 [Thread-3617] INFO  impl.RoleInfo (RoleInfo.java:shutdownFollowerState(121)) - 8f18dce1-0a3d-4b65-9c78-af3d58b2da7f: shutdown FollowerState
2019-10-20 17:41:12,236 [Thread-3617] INFO  impl.RaftServerImpl (RaftServerImpl.java:setRole(184)) - 8f18dce1-0a3d-4b65-9c78-af3d58b2da7f@group-091950D56227: changes role from  FOLLOWER to CANDIDATE at term 599 for changeToCandidate
2019-10-20 17:41:12,236 [Thread-3617] INFO  impl.RoleInfo (RoleInfo.java:updateAndGet(143)) - 8f18dce1-0a3d-4b65-9c78-af3d58b2da7f: start LeaderElection
2019-10-20 17:41:12,276 [8f18dce1-0a3d-4b65-9c78-af3d58b2da7f@group-091950D56227-LeaderElection510] INFO  impl.LeaderElection (LeaderElection.java:askForVotes(178)) - 8f18dce1-0a3d-4b65-9c78-af3d58b2da7f@group-091950D56227-LeaderElection510: begin an election at term 600 for -1: [8a63e1ae-032e-4bed-9f20-125a11f65413:0.0.0.0:38685, 8f18dce1-0a3d-4b65-9c78-af3d58b2da7f:0.0.0.0:42489, 7b1e61a0-7daf-43dd-99d5-9b325c1d31ae:0.0.0.0:38412], old=null
2019-10-20 17:41:12,278 [grpc-default-executor-1] INFO  impl.RaftServerImpl (RaftServerImpl.java:setRole(184)) - 8a63e1ae-032e-4bed-9f20-125a11f65413@group-091950D56227: changes role from  FOLLOWER to FOLLOWER at term 600 for recognizeCandidate:8f18dce1-0a3d-4b65-9c78-af3d58b2da7f
2019-10-20 17:41:12,278 [grpc-default-executor-1] INFO  impl.RoleInfo (RoleInfo.java:shutdownFollowerState(121)) - 8a63e1ae-032e-4bed-9f20-125a11f65413: shutdown FollowerState
2019-10-20 17:41:12,278 [grpc-default-executor-3] INFO  impl.RaftServerImpl (RaftServerImpl.java:setRole(184)) - 7b1e61a0-7daf-43dd-99d5-9b325c1d31ae@group-091950D56227: changes role from  FOLLOWER to FOLLOWER at term 600 for recognizeCandidate:8f18dce1-0a3d-4b65-9c78-af3d58b2da7f
2019-10-20 17:41:12,278 [grpc-default-executor-1] INFO  impl.RoleInfo (RoleInfo.java:updateAndGet(143)) - 8a63e1ae-032e-4bed-9f20-125a11f65413: start FollowerState
2019-10-20 17:41:12,278 [Thread-3616] INFO  impl.FollowerState (FollowerState.java:run(117)) - 8a63e1ae-032e-4bed-9f20-125a11f65413@group-091950D56227-FollowerState was interrupted: java.lang.InterruptedException: sleep interrupted
2019-10-20 17:41:12,278 [grpc-default-executor-3] INFO  impl.RoleInfo (RoleInfo.java:shutdownFollowerState(121)) - 7b1e61a0-7daf-43dd-99d5-9b325c1d31ae: shutdown FollowerState
2019-10-20 17:41:12,279 [Thread-3615] INFO  impl.FollowerState (FollowerState.java:run(117)) - 7b1e61a0-7daf-43dd-99d5-9b325c1d31ae@group-091950D56227-FollowerState was interrupted: java.lang.InterruptedException: sleep interrupted
2019-10-20 17:41:12,279 [grpc-default-executor-3] INFO  impl.RoleInfo (RoleInfo.java:updateAndGet(143)) - 7b1e61a0-7daf-43dd-99d5-9b325c1d31ae: start FollowerState
2019-10-20 17:41:12,302 [8f18dce1-0a3d-4b65-9c78-af3d58b2da7f@group-091950D56227-LeaderElection510] INFO  impl.LeaderElection (LeaderElection.java:logAndReturn(56)) - 8f18dce1-0a3d-4b65-9c78-af3d58b2da7f@group-091950D56227-LeaderElection510: Election REJECTED; received 2 response(s) [8f18dce1-0a3d-4b65-9c78-af3d58b2da7f<-8a63e1ae-032e-4bed-9f20-125a11f65413#0:FAIL-t600, 8f18dce1-0a3d-4b65-9c78-af3d58b2da7f<-7b1e61a0-7daf-43dd-99d5-9b325c1d31ae#0:FAIL-t600] and 0 exception(s); 8f18dce1-0a3d-4b65-9c78-af3d58b2da7f@group-091950D56227:t600, leader=null, voted=8f18dce1-0a3d-4b65-9c78-af3d58b2da7f, raftlog=8f18dce1-0a3d-4b65-9c78-af3d58b2da7f@group-091950D56227-SegmentedRaftLog:OPENED:c-1,f-1,i0, conf=-1: [8a63e1ae-032e-4bed-9f20-125a11f65413:0.0.0.0:38685, 8f18dce1-0a3d-4b65-9c78-af3d58b2da7f:0.0.0.0:42489, 7b1e61a0-7daf-43dd-99d5-9b325c1d31ae:0.0.0.0:38412], old=null
2019-10-20 17:41:12,302 [8f18dce1-0a3d-4b65-9c78-af3d58b2da7f@group-091950D56227-LeaderElection510] INFO  impl.RaftServerImpl (RaftServerImpl.java:setRole(184)) - 8f18dce1-0a3d-4b65-9c78-af3d58b2da7f@group-091950D56227: changes role from CANDIDATE to FOLLOWER at term 600 for DISCOVERED_A_NEW_TERM
2019-10-20 17:41:12,302 [8f18dce1-0a3d-4b65-9c78-af3d58b2da7f@group-091950D56227-LeaderElection510] INFO  impl.RoleInfo (RoleInfo.java:shutdownLeaderElection(134)) - 8f18dce1-0a3d-4b65-9c78-af3d58b2da7f: shutdown LeaderElection
2019-10-20 17:41:12,303 [8f18dce1-0a3d-4b65-9c78-af3d58b2da7f@group-091950D56227-LeaderElection510] INFO  impl.RoleInfo (RoleInfo.java:updateAndGet(143)) - 8f18dce1-0a3d-4b65-9c78-af3d58b2da7f: start FollowerState
2019-10-20 17:41:12,350 [Thread-3623] INFO  impl.FollowerState (FollowerState.java:run(108)) - 8f18dce1-0a3d-4b65-9c78-af3d58b2da7f@group-091950D56227-FollowerState: change to CANDIDATE, lastRpcTime:47ms, electionTimeout:47ms
2019-10-20 17:41:12,350 [Thread-3623] INFO  impl.RoleInfo (RoleInfo.java:shutdownFollowerState(121)) - 8f18dce1-0a3d-4b65-9c78-af3d58b2da7f: shutdown FollowerState
2019-10-20 17:41:12,350 [Thread-3623] INFO  impl.RaftServerImpl (RaftServerImpl.java:setRole(184)) - 8f18dce1-0a3d-4b65-9c78-af3d58b2da7f@group-091950D56227: changes role from  FOLLOWER to CANDIDATE at term 600 for changeToCandidate
2019-10-20 17:41:12,350 [Thread-3623] INFO  impl.RoleInfo (RoleInfo.java:updateAndGet(143)) - 8f18dce1-0a3d-4b65-9c78-af3d58b2da7f: start LeaderElection
2019-10-20 17:41:12,377 [8f18dce1-0a3d-4b65-9c78-af3d58b2da7f@group-091950D56227-LeaderElection511] INFO  impl.LeaderElection (LeaderElection.java:askForVotes(178)) - 8f18dce1-0a3d-4b65-9c78-af3d58b2da7f@group-091950D56227-LeaderElection511: begin an election at term 601 for -1: [8a63e1ae-032e-4bed-9f20-125a11f65413:0.0.0.0:38685, 8f18dce1-0a3d-4b65-9c78-af3d58b2da7f:0.0.0.0:42489, 7b1e61a0-7daf-43dd-99d5-9b325c1d31ae:0.0.0.0:38412], old=null
2019-10-20 17:41:12,379 [grpc-default-executor-1] INFO  impl.RaftServerImpl (RaftServerImpl.java:setRole(184)) - 8a63e1ae-032e-4bed-9f20-125a11f65413@group-091950D56227: changes role from  FOLLOWER to FOLLOWER at term 601 for recognizeCandidate:8f18dce1-0a3d-4b65-9c78-af3d58b2da7f
2019-10-20 17:41:12,379 [grpc-default-executor-1] INFO  impl.RoleInfo (RoleInfo.java:shutdownFollowerState(121)) - 8a63e1ae-032e-4bed-9f20-125a11f65413: shutdown FollowerState
2019-10-20 17:41:12,379 [grpc-default-executor-3] INFO  impl.RaftServerImpl (RaftServerImpl.java:setRole(184)) - 7b1e61a0-7daf-43dd-99d5-9b325c1d31ae@group-091950D56227: changes role from  FOLLOWER to FOLLOWER at term 601 for recognizeCandidate:8f18dce1-0a3d-4b65-9c78-af3d58b2da7f
2019-10-20 17:41:12,380 [grpc-default-executor-3] INFO  impl.RoleInfo (RoleInfo.java:shutdownFollowerState(121)) - 7b1e61a0-7daf-43dd-99d5-9b325c1d31ae: shutdown FollowerState
2019-10-20 17:41:12,379 [grpc-default-executor-1] INFO  impl.RoleInfo (RoleInfo.java:updateAndGet(143)) - 8a63e1ae-032e-4bed-9f20-125a11f65413: start FollowerState
2019-10-20 17:41:12,379 [Thread-3621] INFO  impl.FollowerState (FollowerState.java:run(117)) - 8a63e1ae-032e-4bed-9f20-125a11f65413@group-091950D56227-FollowerState was interrupted: java.lang.InterruptedException: sleep interrupted
2019-10-20 17:41:12,380 [Thread-3622] INFO  impl.FollowerState (FollowerState.java:run(117)) - 7b1e61a0-7daf-43dd-99d5-9b325c1d31ae@group-091950D56227-FollowerState was interrupted: java.lang.InterruptedException: sleep interrupted
2019-10-20 17:41:12,380 [grpc-default-executor-3] INFO  impl.RoleInfo (RoleInfo.java:updateAndGet(143)) - 7b1e61a0-7daf-43dd-99d5-9b325c1d31ae: start FollowerState
2019-10-20 17:41:12,403 [8f18dce1-0a3d-4b65-9c78-af3d58b2da7f@group-091950D56227-LeaderElection511] INFO  impl.LeaderElection (LeaderElection.java:logAndReturn(56)) - 8f18dce1-0a3d-4b65-9c78-af3d58b2da7f@group-091950D56227-LeaderElection511: Election REJECTED; received 2 response(s) [8f18dce1-0a3d-4b65-9c78-af3d58b2da7f<-8a63e1ae-032e-4bed-9f20-125a11f65413#0:FAIL-t601, 8f18dce1-0a3d-4b65-9c78-af3d58b2da7f<-7b1e61a0-7daf-43dd-99d5-9b325c1d31ae#0:FAIL-t601] and 0 exception(s); 8f18dce1-0a3d-4b65-9c78-af3d58b2da7f@group-091950D56227:t601, leader=null, voted=8f18dce1-0a3d-4b65-9c78-af3d58b2da7f, raftlog=8f18dce1-0a3d-4b65-9c78-af3d58b2da7f@group-091950D56227-SegmentedRaftLog:OPENED:c-1,f-1,i0, conf=-1: [8a63e1ae-032e-4bed-9f20-125a11f65413:0.0.0.0:38685, 8f18dce1-0a3d-4b65-9c78-af3d58b2da7f:0.0.0.0:42489, 7b1e61a0-7daf-43dd-99d5-9b325c1d31ae:0.0.0.0:38412], old=null
2019-10-20 17:41:12,404 [8f18dce1-0a3d-4b65-9c78-af3d58b2da7f@group-091950D56227-LeaderElection511] INFO  impl.RaftServerImpl (RaftServerImpl.java:setRole(184)) - 8f18dce1-0a3d-4b65-9c78-af3d58b2da7f@group-091950D56227: changes role from CANDIDATE to FOLLOWER at term 601 for DISCOVERED_A_NEW_TERM
2019-10-20 17:41:12,404 [8f18dce1-0a3d-4b65-9c78-af3d58b2da7f@group-091950D56227-LeaderElection511] INFO  impl.RoleInfo (RoleInfo.java:shutdownLeaderElection(134)) - 8f18dce1-0a3d-4b65-9c78-af3d58b2da7f: shutdown LeaderElection
2019-10-20 17:41:12,404 [8f18dce1-0a3d-4b65-9c78-af3d58b2da7f@group-091950D56227-LeaderElection511] INFO  impl.RoleInfo (RoleInfo.java:updateAndGet(143)) - 8f18dce1-0a3d-4b65-9c78-af3d58b2da7f: start FollowerState
2019-10-20 17:41:12,467 [Thread-3629] INFO  impl.FollowerState (FollowerState.java:run(108)) - 8f18dce1-0a3d-4b65-9c78-af3d58b2da7f@group-091950D56227-FollowerState: change to CANDIDATE, lastRpcTime:63ms, electionTimeout:63ms
2019-10-20 17:41:12,467 [Thread-3629] INFO  impl.RoleInfo (RoleInfo.java:shutdownFollowerState(121)) - 8f18dce1-0a3d-4b65-9c78-af3d58b2da7f: shutdown FollowerState
2019-10-20 17:41:12,468 [Thread-3629] INFO  impl.RaftServerImpl (RaftServerImpl.java:setRole(184)) - 8f18dce1-0a3d-4b65-9c78-af3d58b2da7f@group-091950D56227: changes role from  FOLLOWER to CANDIDATE at term 601 for changeToCandidate
2019-10-20 17:41:12,468 [Thread-3629] INFO  impl.RoleInfo (RoleInfo.java:updateAndGet(143)) - 8f18dce1-0a3d-4b65-9c78-af3d58b2da7f: start LeaderElection
2019-10-20 17:41:12,503 [8f18dce1-0a3d-4b65-9c78-af3d58b2da7f@group-091950D56227-LeaderElection512] INFO  impl.LeaderElection (LeaderElection.java:askForVotes(178)) - 8f18dce1-0a3d-4b65-9c78-af3d58b2da7f@group-091950D56227-LeaderElection512: begin an election at term 602 for -1: [8a63e1ae-032e-4bed-9f20-125a11f65413:0.0.0.0:38685, 8f18dce1-0a3d-4b65-9c78-af3d58b2da7f:0.0.0.0:42489, 7b1e61a0-7daf-43dd-99d5-9b325c1d31ae:0.0.0.0:38412], old=null
2019-10-20 17:41:12,505 [grpc-default-executor-1] INFO  impl.RaftServerImpl (RaftServerImpl.java:setRole(184)) - 7b1e61a0-7daf-43dd-99d5-9b325c1d31ae@group-091950D56227: changes role from  FOLLOWER to FOLLOWER at term 602 for recognizeCandidate:8f18dce1-0a3d-4b65-9c78-af3d58b2da7f
2019-10-20 17:41:12,505 [grpc-default-executor-1] INFO  impl.RoleInfo (RoleInfo.java:shutdownFollowerState(121)) - 7b1e61a0-7daf-43dd-99d5-9b325c1d31ae: shutdown FollowerState
2019-10-20 17:41:12,505 [grpc-default-executor-3] INFO  impl.RaftServerImpl (RaftServerImpl.java:setRole(184)) - 8a63e1ae-032e-4bed-9f20-125a11f65413@group-091950D56227: changes role from  FOLLOWER to FOLLOWER at term 602 for recognizeCandidate:8f18dce1-0a3d-4b65-9c78-af3d58b2da7f
2019-10-20 17:41:12,506 [Thread-3628] INFO  impl.FollowerState (FollowerState.java:run(117)) - 7b1e61a0-7daf-43dd-99d5-9b325c1d31ae@group-091950D56227-FollowerState was interrupted: java.lang.InterruptedException: sleep interrupted
2019-10-20 17:41:12,506 [grpc-default-executor-1] INFO  impl.RoleInfo (RoleInfo.java:updateAndGet(143)) - 7b1e61a0-7daf-43dd-99d5-9b325c1d31ae: start FollowerState
2019-10-20 17:41:12,506 [grpc-default-executor-3] INFO  impl.RoleInfo (RoleInfo.java:shutdownFollowerState(121)) - 8a63e1ae-032e-4bed-9f20-125a11f65413: shutdown FollowerState
2019-10-20 17:41:12,506 [grpc-default-executor-3] INFO  impl.RoleInfo (RoleInfo.java:updateAndGet(143)) - 8a63e1ae-032e-4bed-9f20-125a11f65413: start FollowerState
2019-10-20 17:41:12,506 [Thread-3627] INFO  impl.FollowerState (FollowerState.java:run(117)) - 8a63e1ae-032e-4bed-9f20-125a11f65413@group-091950D56227-FollowerState was interrupted: java.lang.InterruptedException: sleep interrupted
2019-10-20 17:41:12,522 [8f18dce1-0a3d-4b65-9c78-af3d58b2da7f@group-091950D56227-LeaderElection512] INFO  impl.LeaderElection (LeaderElection.java:logAndReturn(56)) - 8f18dce1-0a3d-4b65-9c78-af3d58b2da7f@group-091950D56227-LeaderElection512: Election TIMEOUT; received 0 response(s) [] and 0 exception(s); 8f18dce1-0a3d-4b65-9c78-af3d58b2da7f@group-091950D56227:t602, leader=null, voted=8f18dce1-0a3d-4b65-9c78-af3d58b2da7f, raftlog=8f18dce1-0a3d-4b65-9c78-af3d58b2da7f@group-091950D56227-SegmentedRaftLog:OPENED:c-1,f-1,i0, conf=-1: [8a63e1ae-032e-4bed-9f20-125a11f65413:0.0.0.0:38685, 8f18dce1-0a3d-4b65-9c78-af3d58b2da7f:0.0.0.0:42489, 7b1e61a0-7daf-43dd-99d5-9b325c1d31ae:0.0.0.0:38412], old=null
2019-10-20 17:41:12,546 [8f18dce1-0a3d-4b65-9c78-af3d58b2da7f@group-091950D56227-LeaderElection512] INFO  impl.LeaderElection (LeaderElection.java:askForVotes(178)) - 8f18dce1-0a3d-4b65-9c78-af3d58b2da7f@group-091950D56227-LeaderElection512: begin an election at term 603 for -1: [8a63e1ae-032e-4bed-9f20-125a11f65413:0.0.0.0:38685, 8f18dce1-0a3d-4b65-9c78-af3d58b2da7f:0.0.0.0:42489, 7b1e61a0-7daf-43dd-99d5-9b325c1d31ae:0.0.0.0:38412], old=null
2019-10-20 17:41:12,547 [grpc-default-executor-0] INFO  impl.RaftServerImpl (RaftServerImpl.java:setRole(184)) - 8a63e1ae-032e-4bed-9f20-125a11f65413@group-091950D56227: changes role from  FOLLOWER to FOLLOWER at term 603 for recognizeCandidate:8f18dce1-0a3d-4b65-9c78-af3d58b2da7f
2019-10-20 17:41:12,547 [grpc-default-executor-1] INFO  impl.RaftServerImpl (RaftServerImpl.java:setRole(184)) - 7b1e61a0-7daf-43dd-99d5-9b325c1d31ae@group-091950D56227: changes role from  FOLLOWER to FOLLOWER at term 603 for recognizeCandidate:8f18dce1-0a3d-4b65-9c78-af3d58b2da7f
2019-10-20 17:41:12,547 [grpc-default-executor-0] INFO  impl.RoleInfo (RoleInfo.java:shutdownFollowerState(121)) - 8a63e1ae-032e-4bed-9f20-125a11f65413: shutdown FollowerState
2019-10-20 17:41:12,547 [grpc-default-executor-1] INFO  impl.RoleInfo (RoleInfo.java:shutdownFollowerState(121)) - 7b1e61a0-7daf-43dd-99d5-9b325c1d31ae: shutdown FollowerState
2019-10-20 17:41:12,548 [Thread-3634] INFO  impl.FollowerState (FollowerState.java:run(117)) - 8a63e1ae-032e-4bed-9f20-125a11f65413@group-091950D56227-FollowerState was interrupted: java.lang.InterruptedException: sleep interrupted
2019-10-20 17:41:12,548 [grpc-default-executor-0] INFO  impl.RoleInfo (RoleInfo.java:updateAndGet(143)) - 8a63e1ae-032e-4bed-9f20-125a11f65413: start FollowerState
2019-10-20 17:41:12,548 [Thread-3633] INFO  impl.FollowerState (FollowerState.java:run(117)) - 7b1e61a0-7daf-43dd-99d5-9b325c1d31ae@group-091950D56227-FollowerState was interrupted: java.lang.InterruptedException: sleep interrupted
2019-10-20 17:41:12,548 [grpc-default-executor-1] INFO  impl.RoleInfo (RoleInfo.java:updateAndGet(143)) - 7b1e61a0-7daf-43dd-99d5-9b325c1d31ae: start FollowerState
2019-10-20 17:41:12,572 [8f18dce1-0a3d-4b65-9c78-af3d58b2da7f@group-091950D56227-LeaderElection512] INFO  impl.LeaderElection (LeaderElection.java:logAndReturn(56)) - 8f18dce1-0a3d-4b65-9c78-af3d58b2da7f@group-091950D56227-LeaderElection512: Election REJECTED; received 2 response(s) [8f18dce1-0a3d-4b65-9c78-af3d58b2da7f<-8a63e1ae-032e-4bed-9f20-125a11f65413#0:FAIL-t603, 8f18dce1-0a3d-4b65-9c78-af3d58b2da7f<-7b1e61a0-7daf-43dd-99d5-9b325c1d31ae#0:FAIL-t603] and 0 exception(s); 8f18dce1-0a3d-4b65-9c78-af3d58b2da7f@group-091950D56227:t603, leader=null, voted=8f18dce1-0a3d-4b65-9c78-af3d58b2da7f, raftlog=8f18dce1-0a3d-4b65-9c78-af3d58b2da7f@group-091950D56227-SegmentedRaftLog:OPENED:c-1,f-1,i0, conf=-1: [8a63e1ae-032e-4bed-9f20-125a11f65413:0.0.0.0:38685, 8f18dce1-0a3d-4b65-9c78-af3d58b2da7f:0.0.0.0:42489, 7b1e61a0-7daf-43dd-99d5-9b325c1d31ae:0.0.0.0:38412], old=null
2019-10-20 17:41:12,572 [8f18dce1-0a3d-4b65-9c78-af3d58b2da7f@group-091950D56227-LeaderElection512] INFO  impl.RaftServerImpl (RaftServerImpl.java:setRole(184)) - 8f18dce1-0a3d-4b65-9c78-af3d58b2da7f@group-091950D56227: changes role from CANDIDATE to FOLLOWER at term 603 for DISCOVERED_A_NEW_TERM
2019-10-20 17:41:12,572 [8f18dce1-0a3d-4b65-9c78-af3d58b2da7f@group-091950D56227-LeaderElection512] INFO  impl.RoleInfo (RoleInfo.java:shutdownLeaderElection(134)) - 8f18dce1-0a3d-4b65-9c78-af3d58b2da7f: shutdown LeaderElection
2019-10-20 17:41:12,572 [8f18dce1-0a3d-4b65-9c78-af3d58b2da7f@group-091950D56227-LeaderElection512] INFO  impl.RoleInfo (RoleInfo.java:updateAndGet(143)) - 8f18dce1-0a3d-4b65-9c78-af3d58b2da7f: start FollowerState
2019-10-20 17:41:12,635 [Thread-3641] INFO  impl.FollowerState (FollowerState.java:run(108)) - 8f18dce1-0a3d-4b65-9c78-af3d58b2da7f@group-091950D56227-FollowerState: change to CANDIDATE, lastRpcTime:62ms, electionTimeout:62ms
2019-10-20 17:41:12,635 [Thread-3641] INFO  impl.RoleInfo (RoleInfo.java:shutdownFollowerState(121)) - 8f18dce1-0a3d-4b65-9c78-af3d58b2da7f: shutdown FollowerState
2019-10-20 17:41:12,635 [Thread-3641] INFO  impl.RaftServerImpl (RaftServerImpl.java:setRole(184)) - 8f18dce1-0a3d-4b65-9c78-af3d58b2da7f@group-091950D56227: changes role from  FOLLOWER to CANDIDATE at term 603 for changeToCandidate
2019-10-20 17:41:12,635 [Thread-3641] INFO  impl.RoleInfo (RoleInfo.java:updateAndGet(143)) - 8f18dce1-0a3d-4b65-9c78-af3d58b2da7f: start LeaderElection
2019-10-20 17:41:12,664 [8f18dce1-0a3d-4b65-9c78-af3d58b2da7f@group-091950D56227-LeaderElection513] INFO  impl.LeaderElection (LeaderElection.java:askForVotes(178)) - 8f18dce1-0a3d-4b65-9c78-af3d58b2da7f@group-091950D56227-LeaderElection513: begin an election at term 604 for -1: [8a63e1ae-032e-4bed-9f20-125a11f65413:0.0.0.0:38685, 8f18dce1-0a3d-4b65-9c78-af3d58b2da7f:0.0.0.0:42489, 7b1e61a0-7daf-43dd-99d5-9b325c1d31ae:0.0.0.0:38412], old=null
2019-10-20 17:41:12,665 [grpc-default-executor-1] INFO  impl.RaftServerImpl (RaftServerImpl.java:setRole(184)) - 8a63e1ae-032e-4bed-9f20-125a11f65413@group-091950D56227: changes role from  FOLLOWER to FOLLOWER at term 604 for recognizeCandidate:8f18dce1-0a3d-4b65-9c78-af3d58b2da7f
2019-10-20 17:41:12,665 [grpc-default-executor-1] INFO  impl.RoleInfo (RoleInfo.java:shutdownFollowerState(121)) - 8a63e1ae-032e-4bed-9f20-125a11f65413: shutdown FollowerState
2019-10-20 17:41:12,665 [grpc-default-executor-0] INFO  impl.RaftServerImpl (RaftServerImpl.java:setRole(184)) - 7b1e61a0-7daf-43dd-99d5-9b325c1d31ae@group-091950D56227: changes role from  FOLLOWER to FOLLOWER at term 604 for recognizeCandidate:8f18dce1-0a3d-4b65-9c78-af3d58b2da7f
2019-10-20 17:41:12,666 [grpc-default-executor-0] INFO  impl.RoleInfo (RoleInfo.java:shutdownFollowerState(121)) - 7b1e61a0-7daf-43dd-99d5-9b325c1d31ae: shutdown FollowerState
2019-10-20 17:41:12,666 [Thread-3639] INFO  impl.FollowerState (FollowerState.java:run(117)) - 8a63e1ae-032e-4bed-9f20-125a11f65413@group-091950D56227-FollowerState was interrupted: java.lang.InterruptedException: sleep interrupted
2019-10-20 17:41:12,666 [grpc-default-executor-1] INFO  impl.RoleInfo (RoleInfo.java:updateAndGet(143)) - 8a63e1ae-032e-4bed-9f20-125a11f65413: start FollowerState
2019-10-20 17:41:12,666 [grpc-default-executor-0] INFO  impl.RoleInfo (RoleInfo.java:updateAndGet(143)) - 7b1e61a0-7daf-43dd-99d5-9b325c1d31ae: start FollowerState
2019-10-20 17:41:12,666 [Thread-3640] INFO  impl.FollowerState (FollowerState.java:run(117)) - 7b1e61a0-7daf-43dd-99d5-9b325c1d31ae@group-091950D56227-FollowerState was interrupted: java.lang.InterruptedException: sleep interrupted
2019-10-20 17:41:12,690 [8f18dce1-0a3d-4b65-9c78-af3d58b2da7f@group-091950D56227-LeaderElection513] INFO  impl.LeaderElection (LeaderElection.java:logAndReturn(56)) - 8f18dce1-0a3d-4b65-9c78-af3d58b2da7f@group-091950D56227-LeaderElection513: Election REJECTED; received 2 response(s) [8f18dce1-0a3d-4b65-9c78-af3d58b2da7f<-8a63e1ae-032e-4bed-9f20-125a11f65413#0:FAIL-t604, 8f18dce1-0a3d-4b65-9c78-af3d58b2da7f<-7b1e61a0-7daf-43dd-99d5-9b325c1d31ae#0:FAIL-t604] and 0 exception(s); 8f18dce1-0a3d-4b65-9c78-af3d58b2da7f@group-091950D56227:t604, leader=null, voted=8f18dce1-0a3d-4b65-9c78-af3d58b2da7f, raftlog=8f18dce1-0a3d-4b65-9c78-af3d58b2da7f@group-091950D56227-SegmentedRaftLog:OPENED:c-1,f-1,i0, conf=-1: [8a63e1ae-032e-4bed-9f20-125a11f65413:0.0.0.0:38685, 8f18dce1-0a3d-4b65-9c78-af3d58b2da7f:0.0.0.0:42489, 7b1e61a0-7daf-43dd-99d5-9b325c1d31ae:0.0.0.0:38412], old=null
2019-10-20 17:41:12,690 [8f18dce1-0a3d-4b65-9c78-af3d58b2da7f@group-091950D56227-LeaderElection513] INFO  impl.RaftServerImpl (RaftServerImpl.java:setRole(184)) - 8f18dce1-0a3d-4b65-9c78-af3d58b2da7f@group-091950D56227: changes role from CANDIDATE to FOLLOWER at term 604 for DISCOVERED_A_NEW_TERM
2019-10-20 17:41:12,690 [8f18dce1-0a3d-4b65-9c78-af3d58b2da7f@group-091950D56227-LeaderElection513] INFO  impl.RoleInfo (RoleInfo.java:shutdownLeaderElection(134)) - 8f18dce1-0a3d-4b65-9c78-af3d58b2da7f: shutdown LeaderElection
2019-10-20 17:41:12,690 [8f18dce1-0a3d-4b65-9c78-af3d58b2da7f@group-091950D56227-LeaderElection513] INFO  impl.RoleInfo (RoleInfo.java:updateAndGet(143)) - 8f18dce1-0a3d-4b65-9c78-af3d58b2da7f: start FollowerState
2019-10-20 17:41:12,813 [Thread-3647] INFO  impl.FollowerState (FollowerState.java:run(108)) - 8f18dce1-0a3d-4b65-9c78-af3d58b2da7f@group-091950D56227-FollowerState: change to CANDIDATE, lastRpcTime:123ms, electionTimeout:123ms
2019-10-20 17:41:12,813 [Thread-3647] INFO  impl.RoleInfo (RoleInfo.java:shutdownFollowerState(121)) - 8f18dce1-0a3d-4b65-9c78-af3d58b2da7f: shutdown FollowerState
2019-10-20 17:41:12,814 [Thread-3647] INFO  impl.RaftServerImpl (RaftServerImpl.java:setRole(184)) - 8f18dce1-0a3d-4b65-9c78-af3d58b2da7f@group-091950D56227: changes role from  FOLLOWER to CANDIDATE at term 604 for changeToCandidate
2019-10-20 17:41:12,814 [Thread-3647] INFO  impl.RoleInfo (RoleInfo.java:updateAndGet(143)) - 8f18dce1-0a3d-4b65-9c78-af3d58b2da7f: start LeaderElection
2019-10-20 17:41:12,840 [8f18dce1-0a3d-4b65-9c78-af3d58b2da7f@group-091950D56227-LeaderElection514] INFO  impl.LeaderElection (LeaderElection.java:askForVotes(178)) - 8f18dce1-0a3d-4b65-9c78-af3d58b2da7f@group-091950D56227-LeaderElection514: begin an election at term 605 for -1: [8a63e1ae-032e-4bed-9f20-125a11f65413:0.0.0.0:38685, 8f18dce1-0a3d-4b65-9c78-af3d58b2da7f:0.0.0.0:42489, 7b1e61a0-7daf-43dd-99d5-9b325c1d31ae:0.0.0.0:38412], old=null
2019-10-20 17:41:12,841 [grpc-default-executor-0] INFO  impl.RaftServerImpl (RaftServerImpl.java:setRole(184)) - 8a63e1ae-032e-4bed-9f20-125a11f65413@group-091950D56227: changes role from  FOLLOWER to FOLLOWER at term 605 for recognizeCandidate:8f18dce1-0a3d-4b65-9c78-af3d58b2da7f
2019-10-20 17:41:12,841 [grpc-default-executor-0] INFO  impl.RoleInfo (RoleInfo.java:shutdownFollowerState(121)) - 8a63e1ae-032e-4bed-9f20-125a11f65413: shutdown FollowerState
2019-10-20 17:41:12,841 [grpc-default-executor-1] INFO  impl.RaftServerImpl (RaftServerImpl.java:setRole(184)) - 7b1e61a0-7daf-43dd-99d5-9b325c1d31ae@group-091950D56227: changes role from  FOLLOWER to FOLLOWER at term 605 for recognizeCandidate:8f18dce1-0a3d-4b65-9c78-af3d58b2da7f
2019-10-20 17:41:12,842 [grpc-default-executor-0] INFO  impl.RoleInfo (RoleInfo.java:updateAndGet(143)) - 8a63e1ae-032e-4bed-9f20-125a11f65413: start FollowerState
2019-10-20 17:41:12,842 [Thread-3645] INFO  impl.FollowerState (FollowerState.java:run(117)) - 8a63e1ae-032e-4bed-9f20-125a11f65413@group-091950D56227-FollowerState was interrupted: java.lang.InterruptedException: sleep interrupted
2019-10-20 17:41:12,842 [grpc-default-executor-1] INFO  impl.RoleInfo (RoleInfo.java:shutdownFollowerState(121)) - 7b1e61a0-7daf-43dd-99d5-9b325c1d31ae: shutdown FollowerState
2019-10-20 17:41:12,842 [grpc-default-executor-1] INFO  impl.RoleInfo (RoleInfo.java:updateAndGet(143)) - 7b1e61a0-7daf-43dd-99d5-9b325c1d31ae: start FollowerState
2019-10-20 17:41:12,842 [Thread-3646] INFO  impl.FollowerState (FollowerState.java:run(117)) - 7b1e61a0-7daf-43dd-99d5-9b325c1d31ae@group-091950D56227-FollowerState was interrupted: java.lang.InterruptedException: sleep interrupted
2019-10-20 17:41:12,866 [8f18dce1-0a3d-4b65-9c78-af3d58b2da7f@group-091950D56227-LeaderElection514] INFO  impl.LeaderElection (LeaderElection.java:logAndReturn(56)) - 8f18dce1-0a3d-4b65-9c78-af3d58b2da7f@group-091950D56227-LeaderElection514: Election REJECTED; received 2 response(s) [8f18dce1-0a3d-4b65-9c78-af3d58b2da7f<-8a63e1ae-032e-4bed-9f20-125a11f65413#0:FAIL-t605, 8f18dce1-0a3d-4b65-9c78-af3d58b2da7f<-7b1e61a0-7daf-43dd-99d5-9b325c1d31ae#0:FAIL-t605] and 0 exception(s); 8f18dce1-0a3d-4b65-9c78-af3d58b2da7f@group-091950D56227:t605, leader=null, voted=8f18dce1-0a3d-4b65-9c78-af3d58b2da7f, raftlog=8f18dce1-0a3d-4b65-9c78-af3d58b2da7f@group-091950D56227-SegmentedRaftLog:OPENED:c-1,f-1,i0, conf=-1: [8a63e1ae-032e-4bed-9f20-125a11f65413:0.0.0.0:38685, 8f18dce1-0a3d-4b65-9c78-af3d58b2da7f:0.0.0.0:42489, 7b1e61a0-7daf-43dd-99d5-9b325c1d31ae:0.0.0.0:38412], old=null
2019-10-20 17:41:12,866 [8f18dce1-0a3d-4b65-9c78-af3d58b2da7f@group-091950D56227-LeaderElection514] INFO  impl.RaftServerImpl (RaftServerImpl.java:setRole(184)) - 8f18dce1-0a3d-4b65-9c78-af3d58b2da7f@group-091950D56227: changes role from CANDIDATE to FOLLOWER at term 605 for DISCOVERED_A_NEW_TERM
2019-10-20 17:41:12,866 [8f18dce1-0a3d-4b65-9c78-af3d58b2da7f@group-091950D56227-LeaderElection514] INFO  impl.RoleInfo (RoleInfo.java:shutdownLeaderElection(134)) - 8f18dce1-0a3d-4b65-9c78-af3d58b2da7f: shutdown LeaderElection
2019-10-20 17:41:12,866 [8f18dce1-0a3d-4b65-9c78-af3d58b2da7f@group-091950D56227-LeaderElection514] INFO  impl.RoleInfo (RoleInfo.java:updateAndGet(143)) - 8f18dce1-0a3d-4b65-9c78-af3d58b2da7f: start FollowerState
2019-10-20 17:41:13,022 [Thread-3653] INFO  impl.FollowerState (FollowerState.java:run(108)) - 8f18dce1-0a3d-4b65-9c78-af3d58b2da7f@group-091950D56227-FollowerState: change to CANDIDATE, lastRpcTime:156ms, electionTimeout:156ms
2019-10-20 17:41:13,023 [Thread-3653] INFO  impl.RoleInfo (RoleInfo.java:shutdownFollowerState(121)) - 8f18dce1-0a3d-4b65-9c78-af3d58b2da7f: shutdown FollowerState
2019-10-20 17:41:13,023 [Thread-3653] INFO  impl.RaftServerImpl (RaftServerImpl.java:setRole(184)) - 8f18dce1-0a3d-4b65-9c78-af3d58b2da7f@group-091950D56227: changes role from  FOLLOWER to CANDIDATE at term 605 for changeToCandidate
2019-10-20 17:41:13,023 [Thread-3653] INFO  impl.RoleInfo (RoleInfo.java:updateAndGet(143)) - 8f18dce1-0a3d-4b65-9c78-af3d58b2da7f: start LeaderElection
2019-10-20 17:41:13,108 [8f18dce1-0a3d-4b65-9c78-af3d58b2da7f@group-091950D56227-LeaderElection515] INFO  impl.LeaderElection (LeaderElection.java:askForVotes(178)) - 8f18dce1-0a3d-4b65-9c78-af3d58b2da7f@group-091950D56227-LeaderElection515: begin an election at term 606 for -1: [8a63e1ae-032e-4bed-9f20-125a11f65413:0.0.0.0:38685, 8f18dce1-0a3d-4b65-9c78-af3d58b2da7f:0.0.0.0:42489, 7b1e61a0-7daf-43dd-99d5-9b325c1d31ae:0.0.0.0:38412], old=null
2019-10-20 17:41:13,110 [grpc-default-executor-0] INFO  impl.RaftServerImpl (RaftServerImpl.java:setRole(184)) - 7b1e61a0-7daf-43dd-99d5-9b325c1d31ae@group-091950D56227: changes role from  FOLLOWER to FOLLOWER at term 606 for recognizeCandidate:8f18dce1-0a3d-4b65-9c78-af3d58b2da7f
2019-10-20 17:41:13,110 [grpc-default-executor-1] INFO  impl.RaftServerImpl (RaftServerImpl.java:setRole(184)) - 8a63e1ae-032e-4bed-9f20-125a11f65413@group-091950D56227: changes role from  FOLLOWER to FOLLOWER at term 606 for recognizeCandidate:8f18dce1-0a3d-4b65-9c78-af3d58b2da7f
2019-10-20 17:41:13,111 [grpc-default-executor-1] INFO  impl.RoleInfo (RoleInfo.java:shutdownFollowerState(121)) - 8a63e1ae-032e-4bed-9f20-125a11f65413: shutdown FollowerState
2019-10-20 17:41:13,110 [grpc-default-executor-0] INFO  impl.RoleInfo (RoleInfo.java:shutdownFollowerState(121)) - 7b1e61a0-7daf-43dd-99d5-9b325c1d31ae: shutdown FollowerState
2019-10-20 17:41:13,111 [Thread-3651] INFO  impl.FollowerState (FollowerState.java:run(117)) - 8a63e1ae-032e-4bed-9f20-125a11f65413@group-091950D56227-FollowerState was interrupted: java.lang.InterruptedException: sleep interrupted
2019-10-20 17:41:13,111 [grpc-default-executor-1] INFO  impl.RoleInfo (RoleInfo.java:updateAndGet(143)) - 8a63e1ae-032e-4bed-9f20-125a11f65413: start FollowerState
2019-10-20 17:41:13,111 [Thread-3652] INFO  impl.FollowerState (FollowerState.java:run(117)) - 7b1e61a0-7daf-43dd-99d5-9b325c1d31ae@group-091950D56227-FollowerState was interrupted: java.lang.InterruptedException: sleep interrupted
2019-10-20 17:41:13,111 [grpc-default-executor-0] INFO  impl.RoleInfo (RoleInfo.java:updateAndGet(143)) - 7b1e61a0-7daf-43dd-99d5-9b325c1d31ae: start FollowerState
2019-10-20 17:41:13,134 [8f18dce1-0a3d-4b65-9c78-af3d58b2da7f@group-091950D56227-LeaderElection515] INFO  impl.LeaderElection (LeaderElection.java:logAndReturn(56)) - 8f18dce1-0a3d-4b65-9c78-af3d58b2da7f@group-091950D56227-LeaderElection515: Election REJECTED; received 2 response(s) [8f18dce1-0a3d-4b65-9c78-af3d58b2da7f<-8a63e1ae-032e-4bed-9f20-125a11f65413#0:FAIL-t606, 8f18dce1-0a3d-4b65-9c78-af3d58b2da7f<-7b1e61a0-7daf-43dd-99d5-9b325c1d31ae#0:FAIL-t606] and 0 exception(s); 8f18dce1-0a3d-4b65-9c78-af3d58b2da7f@group-091950D56227:t606, leader=null, voted=8f18dce1-0a3d-4b65-9c78-af3d58b2da7f, raftlog=8f18dce1-0a3d-4b65-9c78-af3d58b2da7f@group-091950D56227-SegmentedRaftLog:OPENED:c-1,f-1,i0, conf=-1: [8a63e1ae-032e-4bed-9f20-125a11f65413:0.0.0.0:38685, 8f18dce1-0a3d-4b65-9c78-af3d58b2da7f:0.0.0.0:42489, 7b1e61a0-7daf-43dd-99d5-9b325c1d31ae:0.0.0.0:38412], old=null
2019-10-20 17:41:13,134 [8f18dce1-0a3d-4b65-9c78-af3d58b2da7f@group-091950D56227-LeaderElection515] INFO  impl.RaftServerImpl (RaftServerImpl.java:setRole(184)) - 8f18dce1-0a3d-4b65-9c78-af3d58b2da7f@group-091950D56227: changes role from CANDIDATE to FOLLOWER at term 606 for DISCOVERED_A_NEW_TERM
2019-10-20 17:41:13,135 [8f18dce1-0a3d-4b65-9c78-af3d58b2da7f@group-091950D56227-LeaderElection515] INFO  impl.RoleInfo (RoleInfo.java:shutdownLeaderElection(134)) - 8f18dce1-0a3d-4b65-9c78-af3d58b2da7f: shutdown LeaderElection
2019-10-20 17:41:13,135 [8f18dce1-0a3d-4b65-9c78-af3d58b2da7f@group-091950D56227-LeaderElection515] INFO  impl.RoleInfo (RoleInfo.java:updateAndGet(143)) - 8f18dce1-0a3d-4b65-9c78-af3d58b2da7f: start FollowerState
2019-10-20 17:41:13,165 [Thread-3659] INFO  impl.FollowerState (FollowerState.java:run(108)) - 8f18dce1-0a3d-4b65-9c78-af3d58b2da7f@group-091950D56227-FollowerState: change to CANDIDATE, lastRpcTime:30ms, electionTimeout:30ms
2019-10-20 17:41:13,165 [Thread-3659] INFO  impl.RoleInfo (RoleInfo.java:shutdownFollowerState(121)) - 8f18dce1-0a3d-4b65-9c78-af3d58b2da7f: shutdown FollowerState
2019-10-20 17:41:13,165 [Thread-3659] INFO  impl.RaftServerImpl (RaftServerImpl.java:setRole(184)) - 8f18dce1-0a3d-4b65-9c78-af3d58b2da7f@group-091950D56227: changes role from  FOLLOWER to CANDIDATE at term 606 for changeToCandidate
2019-10-20 17:41:13,165 [Thread-3659] INFO  impl.RoleInfo (RoleInfo.java:updateAndGet(143)) - 8f18dce1-0a3d-4b65-9c78-af3d58b2da7f: start LeaderElection
2019-10-20 17:41:13,193 [8f18dce1-0a3d-4b65-9c78-af3d58b2da7f@group-091950D56227-LeaderElection516] INFO  impl.LeaderElection (LeaderElection.java:askForVotes(178)) - 8f18dce1-0a3d-4b65-9c78-af3d58b2da7f@group-091950D56227-LeaderElection516: begin an election at term 607 for -1: [8a63e1ae-032e-4bed-9f20-125a11f65413:0.0.0.0:38685, 8f18dce1-0a3d-4b65-9c78-af3d58b2da7f:0.0.0.0:42489, 7b1e61a0-7daf-43dd-99d5-9b325c1d31ae:0.0.0.0:38412], old=null
2019-10-20 17:41:13,194 [grpc-default-executor-1] INFO  impl.RaftServerImpl (RaftServerImpl.java:setRole(184)) - 8a63e1ae-032e-4bed-9f20-125a11f65413@group-091950D56227: changes role from  FOLLOWER to FOLLOWER at term 607 for recognizeCandidate:8f18dce1-0a3d-4b65-9c78-af3d58b2da7f
2019-10-20 17:41:13,194 [grpc-default-executor-1] INFO  impl.RoleInfo (RoleInfo.java:shutdownFollowerState(121)) - 8a63e1ae-032e-4bed-9f20-125a11f65413: shutdown FollowerState
2019-10-20 17:41:13,194 [grpc-default-executor-1] INFO  impl.RoleInfo (RoleInfo.java:updateAndGet(143)) - 8a63e1ae-032e-4bed-9f20-125a11f65413: start FollowerState
2019-10-20 17:41:13,194 [Thread-3657] INFO  impl.FollowerState (FollowerState.java:run(117)) - 8a63e1ae-032e-4bed-9f20-125a11f65413@group-091950D56227-FollowerState was interrupted: java.lang.InterruptedException: sleep interrupted
2019-10-20 17:41:13,194 [grpc-default-executor-0] INFO  impl.RaftServerImpl (RaftServerImpl.java:setRole(184)) - 7b1e61a0-7daf-43dd-99d5-9b325c1d31ae@group-091950D56227: changes role from  FOLLOWER to FOLLOWER at term 607 for recognizeCandidate:8f18dce1-0a3d-4b65-9c78-af3d58b2da7f
2019-10-20 17:41:13,195 [grpc-default-executor-0] INFO  impl.RoleInfo (RoleInfo.java:shutdownFollowerState(121)) - 7b1e61a0-7daf-43dd-99d5-9b325c1d31ae: shutdown FollowerState
2019-10-20 17:41:13,195 [grpc-default-executor-0] INFO  impl.RoleInfo (RoleInfo.java:updateAndGet(143)) - 7b1e61a0-7daf-43dd-99d5-9b325c1d31ae: start FollowerState
2019-10-20 17:41:13,195 [Thread-3658] INFO  impl.FollowerState (FollowerState.java:run(117)) - 7b1e61a0-7daf-43dd-99d5-9b325c1d31ae@group-091950D56227-FollowerState was interrupted: java.lang.InterruptedException: sleep interrupted
2019-10-20 17:41:13,254 [8f18dce1-0a3d-4b65-9c78-af3d58b2da7f@group-091950D56227-LeaderElection516] INFO  impl.LeaderElection (LeaderElection.java:logAndReturn(56)) - 8f18dce1-0a3d-4b65-9c78-af3d58b2da7f@group-091950D56227-LeaderElection516: Election REJECTED; received 2 response(s) [8f18dce1-0a3d-4b65-9c78-af3d58b2da7f<-8a63e1ae-032e-4bed-9f20-125a11f65413#0:FAIL-t607, 8f18dce1-0a3d-4b65-9c78-af3d58b2da7f<-7b1e61a0-7daf-43dd-99d5-9b325c1d31ae#0:FAIL-t607] and 0 exception(s); 8f18dce1-0a3d-4b65-9c78-af3d58b2da7f@group-091950D56227:t607, leader=null, voted=8f18dce1-0a3d-4b65-9c78-af3d58b2da7f, raftlog=8f18dce1-0a3d-4b65-9c78-af3d58b2da7f@group-091950D56227-SegmentedRaftLog:OPENED:c-1,f-1,i0, conf=-1: [8a63e1ae-032e-4bed-9f20-125a11f65413:0.0.0.0:38685, 8f18dce1-0a3d-4b65-9c78-af3d58b2da7f:0.0.0.0:42489, 7b1e61a0-7daf-43dd-99d5-9b325c1d31ae:0.0.0.0:38412], old=null
2019-10-20 17:41:13,256 [8f18dce1-0a3d-4b65-9c78-af3d58b2da7f@group-091950D56227-LeaderElection516] INFO  impl.RaftServerImpl (RaftServerImpl.java:setRole(184)) - 8f18dce1-0a3d-4b65-9c78-af3d58b2da7f@group-091950D56227: changes role from CANDIDATE to FOLLOWER at term 607 for DISCOVERED_A_NEW_TERM
2019-10-20 17:41:13,256 [8f18dce1-0a3d-4b65-9c78-af3d58b2da7f@group-091950D56227-LeaderElection516] INFO  impl.RoleInfo (RoleInfo.java:shutdownLeaderElection(134)) - 8f18dce1-0a3d-4b65-9c78-af3d58b2da7f: shutdown LeaderElection
2019-10-20 17:41:13,256 [8f18dce1-0a3d-4b65-9c78-af3d58b2da7f@group-091950D56227-LeaderElection516] INFO  impl.RoleInfo (RoleInfo.java:updateAndGet(143)) - 8f18dce1-0a3d-4b65-9c78-af3d58b2da7f: start FollowerState
2019-10-20 17:41:13,417 [Thread-3665] INFO  impl.FollowerState (FollowerState.java:run(108)) - 8f18dce1-0a3d-4b65-9c78-af3d58b2da7f@group-091950D56227-FollowerState: change to CANDIDATE, lastRpcTime:161ms, electionTimeout:161ms
2019-10-20 17:41:13,417 [Thread-3665] INFO  impl.RoleInfo (RoleInfo.java:shutdownFollowerState(121)) - 8f18dce1-0a3d-4b65-9c78-af3d58b2da7f: shutdown FollowerState
2019-10-20 17:41:13,417 [Thread-3665] INFO  impl.RaftServerImpl (RaftServerImpl.java:setRole(184)) - 8f18dce1-0a3d-4b65-9c78-af3d58b2da7f@group-091950D56227: changes role from  FOLLOWER to CANDIDATE at term 607 for changeToCandidate
2019-10-20 17:41:13,418 [Thread-3665] INFO  impl.RoleInfo (RoleInfo.java:updateAndGet(143)) - 8f18dce1-0a3d-4b65-9c78-af3d58b2da7f: start LeaderElection
2019-10-20 17:41:13,444 [8f18dce1-0a3d-4b65-9c78-af3d58b2da7f@group-091950D56227-LeaderElection517] INFO  impl.LeaderElection (LeaderElection.java:askForVotes(178)) - 8f18dce1-0a3d-4b65-9c78-af3d58b2da7f@group-091950D56227-LeaderElection517: begin an election at term 608 for -1: [8a63e1ae-032e-4bed-9f20-125a11f65413:0.0.0.0:38685, 8f18dce1-0a3d-4b65-9c78-af3d58b2da7f:0.0.0.0:42489, 7b1e61a0-7daf-43dd-99d5-9b325c1d31ae:0.0.0.0:38412], old=null
2019-10-20 17:41:13,447 [grpc-default-executor-0] INFO  impl.RaftServerImpl (RaftServerImpl.java:setRole(184)) - 8a63e1ae-032e-4bed-9f20-125a11f65413@group-091950D56227: changes role from  FOLLOWER to FOLLOWER at term 608 for recognizeCandidate:8f18dce1-0a3d-4b65-9c78-af3d58b2da7f
2019-10-20 17:41:13,447 [grpc-default-executor-0] INFO  impl.RoleInfo (RoleInfo.java:shutdownFollowerState(121)) - 8a63e1ae-032e-4bed-9f20-125a11f65413: shutdown FollowerState
2019-10-20 17:41:13,447 [grpc-default-executor-1] INFO  impl.RaftServerImpl (RaftServerImpl.java:setRole(184)) - 7b1e61a0-7daf-43dd-99d5-9b325c1d31ae@group-091950D56227: changes role from  FOLLOWER to FOLLOWER at term 608 for recognizeCandidate:8f18dce1-0a3d-4b65-9c78-af3d58b2da7f
2019-10-20 17:41:13,448 [grpc-default-executor-1] INFO  impl.RoleInfo (RoleInfo.java:shutdownFollowerState(121)) - 7b1e61a0-7daf-43dd-99d5-9b325c1d31ae: shutdown FollowerState
2019-10-20 17:41:13,448 [Thread-3663] INFO  impl.FollowerState (FollowerState.java:run(117)) - 8a63e1ae-032e-4bed-9f20-125a11f65413@group-091950D56227-FollowerState was interrupted: java.lang.InterruptedException: sleep interrupted
2019-10-20 17:41:13,448 [Thread-3664] INFO  impl.FollowerState (FollowerState.java:run(117)) - 7b1e61a0-7daf-43dd-99d5-9b325c1d31ae@group-091950D56227-FollowerState was interrupted: java.lang.InterruptedException: sleep interrupted
2019-10-20 17:41:13,447 [grpc-default-executor-0] INFO  impl.RoleInfo (RoleInfo.java:updateAndGet(143)) - 8a63e1ae-032e-4bed-9f20-125a11f65413: start FollowerState
2019-10-20 17:41:13,448 [grpc-default-executor-1] INFO  impl.RoleInfo (RoleInfo.java:updateAndGet(143)) - 7b1e61a0-7daf-43dd-99d5-9b325c1d31ae: start FollowerState
2019-10-20 17:41:13,470 [8f18dce1-0a3d-4b65-9c78-af3d58b2da7f@group-091950D56227-LeaderElection517] INFO  impl.LeaderElection (LeaderElection.java:logAndReturn(56)) - 8f18dce1-0a3d-4b65-9c78-af3d58b2da7f@group-091950D56227-LeaderElection517: Election REJECTED; received 2 response(s) [8f18dce1-0a3d-4b65-9c78-af3d58b2da7f<-8a63e1ae-032e-4bed-9f20-125a11f65413#0:FAIL-t608, 8f18dce1-0a3d-4b65-9c78-af3d58b2da7f<-7b1e61a0-7daf-43dd-99d5-9b325c1d31ae#0:FAIL-t608] and 0 exception(s); 8f18dce1-0a3d-4b65-9c78-af3d58b2da7f@group-091950D56227:t608, leader=null, voted=8f18dce1-0a3d-4b65-9c78-af3d58b2da7f, raftlog=8f18dce1-0a3d-4b65-9c78-af3d58b2da7f@group-091950D56227-SegmentedRaftLog:OPENED:c-1,f-1,i0, conf=-1: [8a63e1ae-032e-4bed-9f20-125a11f65413:0.0.0.0:38685, 8f18dce1-0a3d-4b65-9c78-af3d58b2da7f:0.0.0.0:42489, 7b1e61a0-7daf-43dd-99d5-9b325c1d31ae:0.0.0.0:38412], old=null
2019-10-20 17:41:13,470 [8f18dce1-0a3d-4b65-9c78-af3d58b2da7f@group-091950D56227-LeaderElection517] INFO  impl.RaftServerImpl (RaftServerImpl.java:setRole(184)) - 8f18dce1-0a3d-4b65-9c78-af3d58b2da7f@group-091950D56227: changes role from CANDIDATE to FOLLOWER at term 608 for DISCOVERED_A_NEW_TERM
2019-10-20 17:41:13,470 [8f18dce1-0a3d-4b65-9c78-af3d58b2da7f@group-091950D56227-LeaderElection517] INFO  impl.RoleInfo (RoleInfo.java:shutdownLeaderElection(134)) - 8f18dce1-0a3d-4b65-9c78-af3d58b2da7f: shutdown LeaderElection
2019-10-20 17:41:13,470 [8f18dce1-0a3d-4b65-9c78-af3d58b2da7f@group-091950D56227-LeaderElection517] INFO  impl.RoleInfo (RoleInfo.java:updateAndGet(143)) - 8f18dce1-0a3d-4b65-9c78-af3d58b2da7f: start FollowerState
2019-10-20 17:41:13,618 [Thread-3671] INFO  impl.FollowerState (FollowerState.java:run(108)) - 8f18dce1-0a3d-4b65-9c78-af3d58b2da7f@group-091950D56227-FollowerState: change to CANDIDATE, lastRpcTime:147ms, electionTimeout:147ms
2019-10-20 17:41:13,618 [Thread-3671] INFO  impl.RoleInfo (RoleInfo.java:shutdownFollowerState(121)) - 8f18dce1-0a3d-4b65-9c78-af3d58b2da7f: shutdown FollowerState
2019-10-20 17:41:13,618 [Thread-3671] INFO  impl.RaftServerImpl (RaftServerImpl.java:setRole(184)) - 8f18dce1-0a3d-4b65-9c78-af3d58b2da7f@group-091950D56227: changes role from  FOLLOWER to CANDIDATE at term 608 for changeToCandidate
2019-10-20 17:41:13,618 [Thread-3671] INFO  impl.RoleInfo (RoleInfo.java:updateAndGet(143)) - 8f18dce1-0a3d-4b65-9c78-af3d58b2da7f: start LeaderElection
2019-10-20 17:41:13,645 [8f18dce1-0a3d-4b65-9c78-af3d58b2da7f@group-091950D56227-LeaderElection518] INFO  impl.LeaderElection (LeaderElection.java:askForVotes(178)) - 8f18dce1-0a3d-4b65-9c78-af3d58b2da7f@group-091950D56227-LeaderElection518: begin an election at term 609 for -1: [8a63e1ae-032e-4bed-9f20-125a11f65413:0.0.0.0:38685, 8f18dce1-0a3d-4b65-9c78-af3d58b2da7f:0.0.0.0:42489, 7b1e61a0-7daf-43dd-99d5-9b325c1d31ae:0.0.0.0:38412], old=null
2019-10-20 17:41:13,646 [grpc-default-executor-0] INFO  impl.RaftServerImpl (RaftServerImpl.java:setRole(184)) - 8a63e1ae-032e-4bed-9f20-125a11f65413@group-091950D56227: changes role from  FOLLOWER to FOLLOWER at term 609 for recognizeCandidate:8f18dce1-0a3d-4b65-9c78-af3d58b2da7f
2019-10-20 17:41:13,646 [grpc-default-executor-0] INFO  impl.RoleInfo (RoleInfo.java:shutdownFollowerState(121)) - 8a63e1ae-032e-4bed-9f20-125a11f65413: shutdown FollowerState
2019-10-20 17:41:13,646 [grpc-default-executor-1] INFO  impl.RaftServerImpl (RaftServerImpl.java:setRole(184)) - 7b1e61a0-7daf-43dd-99d5-9b325c1d31ae@group-091950D56227: changes role from  FOLLOWER to FOLLOWER at term 609 for recognizeCandidate:8f18dce1-0a3d-4b65-9c78-af3d58b2da7f
2019-10-20 17:41:13,646 [Thread-3669] INFO  impl.FollowerState (FollowerState.java:run(117)) - 8a63e1ae-032e-4bed-9f20-125a11f65413@group-091950D56227-FollowerState was interrupted: java.lang.InterruptedException: sleep interrupted
2019-10-20 17:41:13,646 [grpc-default-executor-0] INFO  impl.RoleInfo (RoleInfo.java:updateAndGet(143)) - 8a63e1ae-032e-4bed-9f20-125a11f65413: start FollowerState
2019-10-20 17:41:13,646 [grpc-default-executor-1] INFO  impl.RoleInfo (RoleInfo.java:shutdownFollowerState(121)) - 7b1e61a0-7daf-43dd-99d5-9b325c1d31ae: shutdown FollowerState
2019-10-20 17:41:13,647 [grpc-default-executor-1] INFO  impl.RoleInfo (RoleInfo.java:updateAndGet(143)) - 7b1e61a0-7daf-43dd-99d5-9b325c1d31ae: start FollowerState
2019-10-20 17:41:13,647 [Thread-3670] INFO  impl.FollowerState (FollowerState.java:run(117)) - 7b1e61a0-7daf-43dd-99d5-9b325c1d31ae@group-091950D56227-FollowerState was interrupted: java.lang.InterruptedException: sleep interrupted
2019-10-20 17:41:13,650 [8f18dce1-0a3d-4b65-9c78-af3d58b2da7f@group-091950D56227-LeaderElection518] INFO  impl.LeaderElection (LeaderElection.java:logAndReturn(56)) - 8f18dce1-0a3d-4b65-9c78-af3d58b2da7f@group-091950D56227-LeaderElection518: Election TIMEOUT; received 0 response(s) [] and 0 exception(s); 8f18dce1-0a3d-4b65-9c78-af3d58b2da7f@group-091950D56227:t609, leader=null, voted=8f18dce1-0a3d-4b65-9c78-af3d58b2da7f, raftlog=8f18dce1-0a3d-4b65-9c78-af3d58b2da7f@group-091950D56227-SegmentedRaftLog:OPENED:c-1,f-1,i0, conf=-1: [8a63e1ae-032e-4bed-9f20-125a11f65413:0.0.0.0:38685, 8f18dce1-0a3d-4b65-9c78-af3d58b2da7f:0.0.0.0:42489, 7b1e61a0-7daf-43dd-99d5-9b325c1d31ae:0.0.0.0:38412], old=null
2019-10-20 17:41:13,670 [8f18dce1-0a3d-4b65-9c78-af3d58b2da7f@group-091950D56227-LeaderElection518] INFO  impl.LeaderElection (LeaderElection.java:askForVotes(178)) - 8f18dce1-0a3d-4b65-9c78-af3d58b2da7f@group-091950D56227-LeaderElection518: begin an election at term 610 for -1: [8a63e1ae-032e-4bed-9f20-125a11f65413:0.0.0.0:38685, 8f18dce1-0a3d-4b65-9c78-af3d58b2da7f:0.0.0.0:42489, 7b1e61a0-7daf-43dd-99d5-9b325c1d31ae:0.0.0.0:38412], old=null
2019-10-20 17:41:13,671 [grpc-default-executor-0] INFO  impl.RaftServerImpl (RaftServerImpl.java:setRole(184)) - 8a63e1ae-032e-4bed-9f20-125a11f65413@group-091950D56227: changes role from  FOLLOWER to FOLLOWER at term 610 for recognizeCandidate:8f18dce1-0a3d-4b65-9c78-af3d58b2da7f
2019-10-20 17:41:13,671 [grpc-default-executor-0] INFO  impl.RoleInfo (RoleInfo.java:shutdownFollowerState(121)) - 8a63e1ae-032e-4bed-9f20-125a11f65413: shutdown FollowerState
2019-10-20 17:41:13,672 [grpc-default-executor-0] INFO  impl.RoleInfo (RoleInfo.java:updateAndGet(143)) - 8a63e1ae-032e-4bed-9f20-125a11f65413: start FollowerState
2019-10-20 17:41:13,672 [grpc-default-executor-1] INFO  impl.RaftServerImpl (RaftServerImpl.java:setRole(184)) - 7b1e61a0-7daf-43dd-99d5-9b325c1d31ae@group-091950D56227: changes role from  FOLLOWER to FOLLOWER at term 610 for recognizeCandidate:8f18dce1-0a3d-4b65-9c78-af3d58b2da7f
2019-10-20 17:41:13,672 [grpc-default-executor-1] INFO  impl.RoleInfo (RoleInfo.java:shutdownFollowerState(121)) - 7b1e61a0-7daf-43dd-99d5-9b325c1d31ae: shutdown FollowerState
2019-10-20 17:41:13,672 [Thread-3677] INFO  impl.FollowerState (FollowerState.java:run(117)) - 8a63e1ae-032e-4bed-9f20-125a11f65413@group-091950D56227-FollowerState was interrupted: java.lang.InterruptedException: sleep interrupted
2019-10-20 17:41:13,672 [Thread-3678] INFO  impl.FollowerState (FollowerState.java:run(117)) - 7b1e61a0-7daf-43dd-99d5-9b325c1d31ae@group-091950D56227-FollowerState was interrupted: java.lang.InterruptedException: sleep interrupted
2019-10-20 17:41:13,672 [grpc-default-executor-1] INFO  impl.RoleInfo (RoleInfo.java:updateAndGet(143)) - 7b1e61a0-7daf-43dd-99d5-9b325c1d31ae: start FollowerState
2019-10-20 17:41:13,686 [8f18dce1-0a3d-4b65-9c78-af3d58b2da7f@group-091950D56227-LeaderElection518] INFO  impl.LeaderElection (LeaderElection.java:logAndReturn(56)) - 8f18dce1-0a3d-4b65-9c78-af3d58b2da7f@group-091950D56227-LeaderElection518: Election TIMEOUT; received 0 response(s) [] and 0 exception(s); 8f18dce1-0a3d-4b65-9c78-af3d58b2da7f@group-091950D56227:t610, leader=null, voted=8f18dce1-0a3d-4b65-9c78-af3d58b2da7f, raftlog=8f18dce1-0a3d-4b65-9c78-af3d58b2da7f@group-091950D56227-SegmentedRaftLog:OPENED:c-1,f-1,i0, conf=-1: [8a63e1ae-032e-4bed-9f20-125a11f65413:0.0.0.0:38685, 8f18dce1-0a3d-4b65-9c78-af3d58b2da7f:0.0.0.0:42489, 7b1e61a0-7daf-43dd-99d5-9b325c1d31ae:0.0.0.0:38412], old=null
2019-10-20 17:41:13,713 [8f18dce1-0a3d-4b65-9c78-af3d58b2da7f@group-091950D56227-LeaderElection518] INFO  impl.LeaderElection (LeaderElection.java:askForVotes(178)) - 8f18dce1-0a3d-4b65-9c78-af3d58b2da7f@group-091950D56227-LeaderElection518: begin an election at term 611 for -1: [8a63e1ae-032e-4bed-9f20-125a11f65413:0.0.0.0:38685, 8f18dce1-0a3d-4b65-9c78-af3d58b2da7f:0.0.0.0:42489, 7b1e61a0-7daf-43dd-99d5-9b325c1d31ae:0.0.0.0:38412], old=null
2019-10-20 17:41:13,714 [grpc-default-executor-0] INFO  impl.RaftServerImpl (RaftServerImpl.java:setRole(184)) - 8a63e1ae-032e-4bed-9f20-125a11f65413@group-091950D56227: changes role from  FOLLOWER to FOLLOWER at term 611 for recognizeCandidate:8f18dce1-0a3d-4b65-9c78-af3d58b2da7f
2019-10-20 17:41:13,714 [grpc-default-executor-0] INFO  impl.RoleInfo (RoleInfo.java:shutdownFollowerState(121)) - 8a63e1ae-032e-4bed-9f20-125a11f65413: shutdown FollowerState
2019-10-20 17:41:13,714 [grpc-default-executor-1] INFO  impl.RaftServerImpl (RaftServerImpl.java:setRole(184)) - 7b1e61a0-7daf-43dd-99d5-9b325c1d31ae@group-091950D56227: changes role from  FOLLOWER to FOLLOWER at term 611 for recognizeCandidate:8f18dce1-0a3d-4b65-9c78-af3d58b2da7f
2019-10-20 17:41:13,714 [Thread-3681] INFO  impl.FollowerState (FollowerState.java:run(117)) - 8a63e1ae-032e-4bed-9f20-125a11f65413@group-091950D56227-FollowerState was interrupted: java.lang.InterruptedException: sleep interrupted
2019-10-20 17:41:13,714 [grpc-default-executor-0] INFO  impl.RoleInfo (RoleInfo.java:updateAndGet(143)) - 8a63e1ae-032e-4bed-9f20-125a11f65413: start FollowerState
2019-10-20 17:41:13,714 [grpc-default-executor-1] INFO  impl.RoleInfo (RoleInfo.java:shutdownFollowerState(121)) - 7b1e61a0-7daf-43dd-99d5-9b325c1d31ae: shutdown FollowerState
2019-10-20 17:41:13,715 [grpc-default-executor-1] INFO  impl.RoleInfo (RoleInfo.java:updateAndGet(143)) - 7b1e61a0-7daf-43dd-99d5-9b325c1d31ae: start FollowerState
2019-10-20 17:41:13,715 [Thread-3682] INFO  impl.FollowerState (FollowerState.java:run(117)) - 7b1e61a0-7daf-43dd-99d5-9b325c1d31ae@group-091950D56227-FollowerState was interrupted: java.lang.InterruptedException: sleep interrupted
2019-10-20 17:41:13,739 [8f18dce1-0a3d-4b65-9c78-af3d58b2da7f@group-091950D56227-LeaderElection518] INFO  impl.LeaderElection (LeaderElection.java:logAndReturn(56)) - 8f18dce1-0a3d-4b65-9c78-af3d58b2da7f@group-091950D56227-LeaderElection518: Election REJECTED; received 2 response(s) [8f18dce1-0a3d-4b65-9c78-af3d58b2da7f<-8a63e1ae-032e-4bed-9f20-125a11f65413#0:FAIL-t611, 8f18dce1-0a3d-4b65-9c78-af3d58b2da7f<-7b1e61a0-7daf-43dd-99d5-9b325c1d31ae#0:FAIL-t611] and 0 exception(s); 8f18dce1-0a3d-4b65-9c78-af3d58b2da7f@group-091950D56227:t611, leader=null, voted=8f18dce1-0a3d-4b65-9c78-af3d58b2da7f, raftlog=8f18dce1-0a3d-4b65-9c78-af3d58b2da7f@group-091950D56227-SegmentedRaftLog:OPENED:c-1,f-1,i0, conf=-1: [8a63e1ae-032e-4bed-9f20-125a11f65413:0.0.0.0:38685, 8f18dce1-0a3d-4b65-9c78-af3d58b2da7f:0.0.0.0:42489, 7b1e61a0-7daf-43dd-99d5-9b325c1d31ae:0.0.0.0:38412], old=null
2019-10-20 17:41:13,739 [8f18dce1-0a3d-4b65-9c78-af3d58b2da7f@group-091950D56227-LeaderElection518] INFO  impl.RaftServerImpl (RaftServerImpl.java:setRole(184)) - 8f18dce1-0a3d-4b65-9c78-af3d58b2da7f@group-091950D56227: changes role from CANDIDATE to FOLLOWER at term 611 for DISCOVERED_A_NEW_TERM
2019-10-20 17:41:13,739 [8f18dce1-0a3d-4b65-9c78-af3d58b2da7f@group-091950D56227-LeaderElection518] INFO  impl.RoleInfo (RoleInfo.java:shutdownLeaderElection(134)) - 8f18dce1-0a3d-4b65-9c78-af3d58b2da7f: shutdown LeaderElection
2019-10-20 17:41:13,739 [8f18dce1-0a3d-4b65-9c78-af3d58b2da7f@group-091950D56227-LeaderElection518] INFO  impl.RoleInfo (RoleInfo.java:updateAndGet(143)) - 8f18dce1-0a3d-4b65-9c78-af3d58b2da7f: start FollowerState
2019-10-20 17:41:13,836 [Thread-3687] INFO  impl.FollowerState (FollowerState.java:run(108)) - 8f18dce1-0a3d-4b65-9c78-af3d58b2da7f@group-091950D56227-FollowerState: change to CANDIDATE, lastRpcTime:96ms, electionTimeout:96ms
2019-10-20 17:41:13,836 [Thread-3687] INFO  impl.RoleInfo (RoleInfo.java:shutdownFollowerState(121)) - 8f18dce1-0a3d-4b65-9c78-af3d58b2da7f: shutdown FollowerState
2019-10-20 17:41:13,836 [Thread-3687] INFO  impl.RaftServerImpl (RaftServerImpl.java:setRole(184)) - 8f18dce1-0a3d-4b65-9c78-af3d58b2da7f@group-091950D56227: changes role from  FOLLOWER to CANDIDATE at term 611 for changeToCandidate
2019-10-20 17:41:13,836 [Thread-3687] INFO  impl.RoleInfo (RoleInfo.java:updateAndGet(143)) - 8f18dce1-0a3d-4b65-9c78-af3d58b2da7f: start LeaderElection
2019-10-20 17:41:13,864 [8f18dce1-0a3d-4b65-9c78-af3d58b2da7f@group-091950D56227-LeaderElection519] INFO  impl.LeaderElection (LeaderElection.java:askForVotes(178)) - 8f18dce1-0a3d-4b65-9c78-af3d58b2da7f@group-091950D56227-LeaderElection519: begin an election at term 612 for -1: [8a63e1ae-032e-4bed-9f20-125a11f65413:0.0.0.0:38685, 8f18dce1-0a3d-4b65-9c78-af3d58b2da7f:0.0.0.0:42489, 7b1e61a0-7daf-43dd-99d5-9b325c1d31ae:0.0.0.0:38412], old=null
2019-10-20 17:41:13,868 [grpc-default-executor-0] INFO  impl.RaftServerImpl (RaftServerImpl.java:setRole(184)) - 8a63e1ae-032e-4bed-9f20-125a11f65413@group-091950D56227: changes role from  FOLLOWER to FOLLOWER at term 612 for recognizeCandidate:8f18dce1-0a3d-4b65-9c78-af3d58b2da7f
2019-10-20 17:41:13,868 [grpc-default-executor-0] INFO  impl.RoleInfo (RoleInfo.java:shutdownFollowerState(121)) - 8a63e1ae-032e-4bed-9f20-125a11f65413: shutdown FollowerState
2019-10-20 17:41:13,868 [grpc-default-executor-0] INFO  impl.RoleInfo (RoleInfo.java:updateAndGet(143)) - 8a63e1ae-032e-4bed-9f20-125a11f65413: start FollowerState
2019-10-20 17:41:13,868 [Thread-3685] INFO  impl.FollowerState (FollowerState.java:run(117)) - 8a63e1ae-032e-4bed-9f20-125a11f65413@group-091950D56227-FollowerState was interrupted: java.lang.InterruptedException: sleep interrupted
2019-10-20 17:41:13,869 [grpc-default-executor-1] INFO  impl.RaftServerImpl (RaftServerImpl.java:setRole(184)) - 7b1e61a0-7daf-43dd-99d5-9b325c1d31ae@group-091950D56227: changes role from  FOLLOWER to FOLLOWER at term 612 for recognizeCandidate:8f18dce1-0a3d-4b65-9c78-af3d58b2da7f
2019-10-20 17:41:13,870 [grpc-default-executor-1] INFO  impl.RoleInfo (RoleInfo.java:shutdownFollowerState(121)) - 7b1e61a0-7daf-43dd-99d5-9b325c1d31ae: shutdown FollowerState
2019-10-20 17:41:13,870 [grpc-default-executor-1] INFO  impl.RoleInfo (RoleInfo.java:updateAndGet(143)) - 7b1e61a0-7daf-43dd-99d5-9b325c1d31ae: start FollowerState
2019-10-20 17:41:13,870 [Thread-3686] INFO  impl.FollowerState (FollowerState.java:run(117)) - 7b1e61a0-7daf-43dd-99d5-9b325c1d31ae@group-091950D56227-FollowerState was interrupted: java.lang.InterruptedException: sleep interrupted
2019-10-20 17:41:13,878 [8f18dce1-0a3d-4b65-9c78-af3d58b2da7f@group-091950D56227-LeaderElection519] INFO  impl.LeaderElection (LeaderElection.java:logAndReturn(56)) - 8f18dce1-0a3d-4b65-9c78-af3d58b2da7f@group-091950D56227-LeaderElection519: Election TIMEOUT; received 0 response(s) [] and 0 exception(s); 8f18dce1-0a3d-4b65-9c78-af3d58b2da7f@group-091950D56227:t612, leader=null, voted=8f18dce1-0a3d-4b65-9c78-af3d58b2da7f, raftlog=8f18dce1-0a3d-4b65-9c78-af3d58b2da7f@group-091950D56227-SegmentedRaftLog:OPENED:c-1,f-1,i0, conf=-1: [8a63e1ae-032e-4bed-9f20-125a11f65413:0.0.0.0:38685, 8f18dce1-0a3d-4b65-9c78-af3d58b2da7f:0.0.0.0:42489, 7b1e61a0-7daf-43dd-99d5-9b325c1d31ae:0.0.0.0:38412], old=null
2019-10-20 17:41:13,898 [8f18dce1-0a3d-4b65-9c78-af3d58b2da7f@group-091950D56227-LeaderElection519] INFO  impl.LeaderElection (LeaderElection.java:askForVotes(178)) - 8f18dce1-0a3d-4b65-9c78-af3d58b2da7f@group-091950D56227-LeaderElection519: begin an election at term 613 for -1: [8a63e1ae-032e-4bed-9f20-125a11f65413:0.0.0.0:38685, 8f18dce1-0a3d-4b65-9c78-af3d58b2da7f:0.0.0.0:42489, 7b1e61a0-7daf-43dd-99d5-9b325c1d31ae:0.0.0.0:38412], old=null
2019-10-20 17:41:13,899 [grpc-default-executor-1] INFO  impl.RaftServerImpl (RaftServerImpl.java:setRole(184)) - 7b1e61a0-7daf-43dd-99d5-9b325c1d31ae@group-091950D56227: changes role from  FOLLOWER to FOLLOWER at term 613 for recognizeCandidate:8f18dce1-0a3d-4b65-9c78-af3d58b2da7f
2019-10-20 17:41:13,899 [grpc-default-executor-1] INFO  impl.RoleInfo (RoleInfo.java:shutdownFollowerState(121)) - 7b1e61a0-7daf-43dd-99d5-9b325c1d31ae: shutdown FollowerState
2019-10-20 17:41:13,899 [grpc-default-executor-0] INFO  impl.RaftServerImpl (RaftServerImpl.java:setRole(184)) - 8a63e1ae-032e-4bed-9f20-125a11f65413@group-091950D56227: changes role from  FOLLOWER to FOLLOWER at term 613 for recognizeCandidate:8f18dce1-0a3d-4b65-9c78-af3d58b2da7f
2019-10-20 17:41:13,899 [Thread-3692] INFO  impl.FollowerState (FollowerState.java:run(117)) - 7b1e61a0-7daf-43dd-99d5-9b325c1d31ae@group-091950D56227-FollowerState was interrupted: java.lang.InterruptedException: sleep interrupted
2019-10-20 17:41:13,899 [grpc-default-executor-1] INFO  impl.RoleInfo (RoleInfo.java:updateAndGet(143)) - 7b1e61a0-7daf-43dd-99d5-9b325c1d31ae: start FollowerState
2019-10-20 17:41:13,899 [grpc-default-executor-0] INFO  impl.RoleInfo (RoleInfo.java:shutdownFollowerState(121)) - 8a63e1ae-032e-4bed-9f20-125a11f65413: shutdown FollowerState
2019-10-20 17:41:13,900 [grpc-default-executor-0] INFO  impl.RoleInfo (RoleInfo.java:updateAndGet(143)) - 8a63e1ae-032e-4bed-9f20-125a11f65413: start FollowerState
2019-10-20 17:41:13,900 [Thread-3691] INFO  impl.FollowerState (FollowerState.java:run(117)) - 8a63e1ae-032e-4bed-9f20-125a11f65413@group-091950D56227-FollowerState was interrupted: java.lang.InterruptedException: sleep interrupted
2019-10-20 17:41:13,920 [8f18dce1-0a3d-4b65-9c78-af3d58b2da7f@group-091950D56227-LeaderElection519] INFO  impl.LeaderElection (LeaderElection.java:logAndReturn(56)) - 8f18dce1-0a3d-4b65-9c78-af3d58b2da7f@group-091950D56227-LeaderElection519: Election TIMEOUT; received 0 response(s) [] and 0 exception(s); 8f18dce1-0a3d-4b65-9c78-af3d58b2da7f@group-091950D56227:t613, leader=null, voted=8f18dce1-0a3d-4b65-9c78-af3d58b2da7f, raftlog=8f18dce1-0a3d-4b65-9c78-af3d58b2da7f@group-091950D56227-SegmentedRaftLog:OPENED:c-1,f-1,i0, conf=-1: [8a63e1ae-032e-4bed-9f20-125a11f65413:0.0.0.0:38685, 8f18dce1-0a3d-4b65-9c78-af3d58b2da7f:0.0.0.0:42489, 7b1e61a0-7daf-43dd-99d5-9b325c1d31ae:0.0.0.0:38412], old=null
2019-10-20 17:41:13,940 [8f18dce1-0a3d-4b65-9c78-af3d58b2da7f@group-091950D56227-LeaderElection519] INFO  impl.LeaderElection (LeaderElection.java:askForVotes(178)) - 8f18dce1-0a3d-4b65-9c78-af3d58b2da7f@group-091950D56227-LeaderElection519: begin an election at term 614 for -1: [8a63e1ae-032e-4bed-9f20-125a11f65413:0.0.0.0:38685, 8f18dce1-0a3d-4b65-9c78-af3d58b2da7f:0.0.0.0:42489, 7b1e61a0-7daf-43dd-99d5-9b325c1d31ae:0.0.0.0:38412], old=null
2019-10-20 17:41:13,942 [grpc-default-executor-0] INFO  impl.RaftServerImpl (RaftServerImpl.java:setRole(184)) - 8a63e1ae-032e-4bed-9f20-125a11f65413@group-091950D56227: changes role from  FOLLOWER to FOLLOWER at term 614 for recognizeCandidate:8f18dce1-0a3d-4b65-9c78-af3d58b2da7f
2019-10-20 17:41:13,942 [grpc-default-executor-1] INFO  impl.RaftServerImpl (RaftServerImpl.java:setRole(184)) - 7b1e61a0-7daf-43dd-99d5-9b325c1d31ae@group-091950D56227: changes role from  FOLLOWER to FOLLOWER at term 614 for recognizeCandidate:8f18dce1-0a3d-4b65-9c78-af3d58b2da7f
2019-10-20 17:41:13,942 [grpc-default-executor-1] INFO  impl.RoleInfo (RoleInfo.java:shutdownFollowerState(121)) - 7b1e61a0-7daf-43dd-99d5-9b325c1d31ae: shutdown FollowerState
2019-10-20 17:41:13,942 [grpc-default-executor-0] INFO  impl.RoleInfo (RoleInfo.java:shutdownFollowerState(121)) - 8a63e1ae-032e-4bed-9f20-125a11f65413: shutdown FollowerState
2019-10-20 17:41:13,943 [Thread-3695] INFO  impl.FollowerState (FollowerState.java:run(117)) - 7b1e61a0-7daf-43dd-99d5-9b325c1d31ae@group-091950D56227-FollowerState was interrupted: java.lang.InterruptedException: sleep interrupted
2019-10-20 17:41:13,942 [grpc-default-executor-1] INFO  impl.RoleInfo (RoleInfo.java:updateAndGet(143)) - 7b1e61a0-7daf-43dd-99d5-9b325c1d31ae: start FollowerState
2019-10-20 17:41:13,943 [Thread-3696] INFO  impl.FollowerState (FollowerState.java:run(117)) - 8a63e1ae-032e-4bed-9f20-125a11f65413@group-091950D56227-FollowerState was interrupted: java.lang.InterruptedException: sleep interrupted
2019-10-20 17:41:13,943 [grpc-default-executor-0] INFO  impl.RoleInfo (RoleInfo.java:updateAndGet(143)) - 8a63e1ae-032e-4bed-9f20-125a11f65413: start FollowerState
2019-10-20 17:41:13,966 [8f18dce1-0a3d-4b65-9c78-af3d58b2da7f@group-091950D56227-LeaderElection519] INFO  impl.LeaderElection (LeaderElection.java:logAndReturn(56)) - 8f18dce1-0a3d-4b65-9c78-af3d58b2da7f@group-091950D56227-LeaderElection519: Election REJECTED; received 2 response(s) [8f18dce1-0a3d-4b65-9c78-af3d58b2da7f<-8a63e1ae-032e-4bed-9f20-125a11f65413#0:FAIL-t614, 8f18dce1-0a3d-4b65-9c78-af3d58b2da7f<-7b1e61a0-7daf-43dd-99d5-9b325c1d31ae#0:FAIL-t614] and 0 exception(s); 8f18dce1-0a3d-4b65-9c78-af3d58b2da7f@group-091950D56227:t614, leader=null, voted=8f18dce1-0a3d-4b65-9c78-af3d58b2da7f, raftlog=8f18dce1-0a3d-4b65-9c78-af3d58b2da7f@group-091950D56227-SegmentedRaftLog:OPENED:c-1,f-1,i0, conf=-1: [8a63e1ae-032e-4bed-9f20-125a11f65413:0.0.0.0:38685, 8f18dce1-0a3d-4b65-9c78-af3d58b2da7f:0.0.0.0:42489, 7b1e61a0-7daf-43dd-99d5-9b325c1d31ae:0.0.0.0:38412], old=null
2019-10-20 17:41:13,967 [8f18dce1-0a3d-4b65-9c78-af3d58b2da7f@group-091950D56227-LeaderElection519] INFO  impl.RaftServerImpl (RaftServerImpl.java:setRole(184)) - 8f18dce1-0a3d-4b65-9c78-af3d58b2da7f@group-091950D56227: changes role from CANDIDATE to FOLLOWER at term 614 for DISCOVERED_A_NEW_TERM
2019-10-20 17:41:13,967 [8f18dce1-0a3d-4b65-9c78-af3d58b2da7f@group-091950D56227-LeaderElection519] INFO  impl.RoleInfo (RoleInfo.java:shutdownLeaderElection(134)) - 8f18dce1-0a3d-4b65-9c78-af3d58b2da7f: shutdown LeaderElection
2019-10-20 17:41:13,967 [8f18dce1-0a3d-4b65-9c78-af3d58b2da7f@group-091950D56227-LeaderElection519] INFO  impl.RoleInfo (RoleInfo.java:updateAndGet(143)) - 8f18dce1-0a3d-4b65-9c78-af3d58b2da7f: start FollowerState
2019-10-20 17:41:14,085 [Thread-3701] INFO  impl.FollowerState (FollowerState.java:run(108)) - 8f18dce1-0a3d-4b65-9c78-af3d58b2da7f@group-091950D56227-FollowerState: change to CANDIDATE, lastRpcTime:118ms, electionTimeout:118ms
2019-10-20 17:41:14,086 [Thread-3701] INFO  impl.RoleInfo (RoleInfo.java:shutdownFollowerState(121)) - 8f18dce1-0a3d-4b65-9c78-af3d58b2da7f: shutdown FollowerState
2019-10-20 17:41:14,086 [Thread-3701] INFO  impl.RaftServerImpl (RaftServerImpl.java:setRole(184)) - 8f18dce1-0a3d-4b65-9c78-af3d58b2da7f@group-091950D56227: changes role from  FOLLOWER to CANDIDATE at term 614 for changeToCandidate
2019-10-20 17:41:14,086 [Thread-3701] INFO  impl.RoleInfo (RoleInfo.java:updateAndGet(143)) - 8f18dce1-0a3d-4b65-9c78-af3d58b2da7f: start LeaderElection
2019-10-20 17:41:14,116 [8f18dce1-0a3d-4b65-9c78-af3d58b2da7f@group-091950D56227-LeaderElection520] INFO  impl.LeaderElection (LeaderElection.java:askForVotes(178)) - 8f18dce1-0a3d-4b65-9c78-af3d58b2da7f@group-091950D56227-LeaderElection520: begin an election at term 615 for -1: [8a63e1ae-032e-4bed-9f20-125a11f65413:0.0.0.0:38685, 8f18dce1-0a3d-4b65-9c78-af3d58b2da7f:0.0.0.0:42489, 7b1e61a0-7daf-43dd-99d5-9b325c1d31ae:0.0.0.0:38412], old=null
2019-10-20 17:41:14,118 [grpc-default-executor-1] INFO  impl.RaftServerImpl (RaftServerImpl.java:setRole(184)) - 8a63e1ae-032e-4bed-9f20-125a11f65413@group-091950D56227: changes role from  FOLLOWER to FOLLOWER at term 615 for recognizeCandidate:8f18dce1-0a3d-4b65-9c78-af3d58b2da7f
2019-10-20 17:41:14,118 [grpc-default-executor-0] INFO  impl.RaftServerImpl (RaftServerImpl.java:setRole(184)) - 7b1e61a0-7daf-43dd-99d5-9b325c1d31ae@group-091950D56227: changes role from  FOLLOWER to FOLLOWER at term 615 for recognizeCandidate:8f18dce1-0a3d-4b65-9c78-af3d58b2da7f
2019-10-20 17:41:14,118 [grpc-default-executor-1] INFO  impl.RoleInfo (RoleInfo.java:shutdownFollowerState(121)) - 8a63e1ae-032e-4bed-9f20-125a11f65413: shutdown FollowerState
2019-10-20 17:41:14,118 [grpc-default-executor-0] INFO  impl.RoleInfo (RoleInfo.java:shutdownFollowerState(121)) - 7b1e61a0-7daf-43dd-99d5-9b325c1d31ae: shutdown FollowerState
2019-10-20 17:41:14,118 [Thread-3700] INFO  impl.FollowerState (FollowerState.java:run(117)) - 8a63e1ae-032e-4bed-9f20-125a11f65413@group-091950D56227-FollowerState was interrupted: java.lang.InterruptedException: sleep interrupted
2019-10-20 17:41:14,118 [grpc-default-executor-1] INFO  impl.RoleInfo (RoleInfo.java:updateAndGet(143)) - 8a63e1ae-032e-4bed-9f20-125a11f65413: start FollowerState
2019-10-20 17:41:14,119 [Thread-3699] INFO  impl.FollowerState (FollowerState.java:run(117)) - 7b1e61a0-7daf-43dd-99d5-9b325c1d31ae@group-091950D56227-FollowerState was interrupted: java.lang.InterruptedException: sleep interrupted
2019-10-20 17:41:14,119 [grpc-default-executor-0] INFO  impl.RoleInfo (RoleInfo.java:updateAndGet(143)) - 7b1e61a0-7daf-43dd-99d5-9b325c1d31ae: start FollowerState
2019-10-20 17:41:14,143 [8f18dce1-0a3d-4b65-9c78-af3d58b2da7f@group-091950D56227-LeaderElection520] INFO  impl.LeaderElection (LeaderElection.java:logAndReturn(56)) - 8f18dce1-0a3d-4b65-9c78-af3d58b2da7f@group-091950D56227-LeaderElection520: Election REJECTED; received 2 response(s) [8f18dce1-0a3d-4b65-9c78-af3d58b2da7f<-8a63e1ae-032e-4bed-9f20-125a11f65413#0:FAIL-t615, 8f18dce1-0a3d-4b65-9c78-af3d58b2da7f<-7b1e61a0-7daf-43dd-99d5-9b325c1d31ae#0:FAIL-t615] and 0 exception(s); 8f18dce1-0a3d-4b65-9c78-af3d58b2da7f@group-091950D56227:t615, leader=null, voted=8f18dce1-0a3d-4b65-9c78-af3d58b2da7f, raftlog=8f18dce1-0a3d-4b65-9c78-af3d58b2da7f@group-091950D56227-SegmentedRaftLog:OPENED:c-1,f-1,i0, conf=-1: [8a63e1ae-032e-4bed-9f20-125a11f65413:0.0.0.0:38685, 8f18dce1-0a3d-4b65-9c78-af3d58b2da7f:0.0.0.0:42489, 7b1e61a0-7daf-43dd-99d5-9b325c1d31ae:0.0.0.0:38412], old=null
2019-10-20 17:41:14,144 [8f18dce1-0a3d-4b65-9c78-af3d58b2da7f@group-091950D56227-LeaderElection520] INFO  impl.RaftServerImpl (RaftServerImpl.java:setRole(184)) - 8f18dce1-0a3d-4b65-9c78-af3d58b2da7f@group-091950D56227: changes role from CANDIDATE to FOLLOWER at term 615 for DISCOVERED_A_NEW_TERM
2019-10-20 17:41:14,144 [8f18dce1-0a3d-4b65-9c78-af3d58b2da7f@group-091950D56227-LeaderElection520] INFO  impl.RoleInfo (RoleInfo.java:shutdownLeaderElection(134)) - 8f18dce1-0a3d-4b65-9c78-af3d58b2da7f: shutdown LeaderElection
2019-10-20 17:41:14,144 [8f18dce1-0a3d-4b65-9c78-af3d58b2da7f@group-091950D56227-LeaderElection520] INFO  impl.RoleInfo (RoleInfo.java:updateAndGet(143)) - 8f18dce1-0a3d-4b65-9c78-af3d58b2da7f: start FollowerState
2019-10-20 17:41:14,331 [Thread-3707] INFO  impl.FollowerState (FollowerState.java:run(108)) - 8f18dce1-0a3d-4b65-9c78-af3d58b2da7f@group-091950D56227-FollowerState: change to CANDIDATE, lastRpcTime:187ms, electionTimeout:187ms
2019-10-20 17:41:14,331 [Thread-3707] INFO  impl.RoleInfo (RoleInfo.java:shutdownFollowerState(121)) - 8f18dce1-0a3d-4b65-9c78-af3d58b2da7f: shutdown FollowerState
2019-10-20 17:41:14,331 [Thread-3707] INFO  impl.RaftServerImpl (RaftServerImpl.java:setRole(184)) - 8f18dce1-0a3d-4b65-9c78-af3d58b2da7f@group-091950D56227: changes role from  FOLLOWER to CANDIDATE at term 615 for changeToCandidate
2019-10-20 17:41:14,332 [Thread-3707] INFO  impl.RoleInfo (RoleInfo.java:updateAndGet(143)) - 8f18dce1-0a3d-4b65-9c78-af3d58b2da7f: start LeaderElection
2019-10-20 17:41:14,360 [8f18dce1-0a3d-4b65-9c78-af3d58b2da7f@group-091950D56227-LeaderElection521] INFO  impl.LeaderElection (LeaderElection.java:askForVotes(178)) - 8f18dce1-0a3d-4b65-9c78-af3d58b2da7f@group-091950D56227-LeaderElection521: begin an election at term 616 for -1: [8a63e1ae-032e-4bed-9f20-125a11f65413:0.0.0.0:38685, 8f18dce1-0a3d-4b65-9c78-af3d58b2da7f:0.0.0.0:42489, 7b1e61a0-7daf-43dd-99d5-9b325c1d31ae:0.0.0.0:38412], old=null
2019-10-20 17:41:14,361 [grpc-default-executor-1] INFO  impl.RaftServerImpl (RaftServerImpl.java:setRole(184)) - 7b1e61a0-7daf-43dd-99d5-9b325c1d31ae@group-091950D56227: changes role from  FOLLOWER to FOLLOWER at term 616 for recognizeCandidate:8f18dce1-0a3d-4b65-9c78-af3d58b2da7f
2019-10-20 17:41:14,362 [grpc-default-executor-1] INFO  impl.RoleInfo (RoleInfo.java:shutdownFollowerState(121)) - 7b1e61a0-7daf-43dd-99d5-9b325c1d31ae: shutdown FollowerState
2019-10-20 17:41:14,362 [grpc-default-executor-1] INFO  impl.RoleInfo (RoleInfo.java:updateAndGet(143)) - 7b1e61a0-7daf-43dd-99d5-9b325c1d31ae: start FollowerState
2019-10-20 17:41:14,362 [Thread-3706] INFO  impl.FollowerState (FollowerState.java:run(117)) - 7b1e61a0-7daf-43dd-99d5-9b325c1d31ae@group-091950D56227-FollowerState was interrupted: java.lang.InterruptedException: sleep interrupted
2019-10-20 17:41:14,362 [grpc-default-executor-0] INFO  impl.RaftServerImpl (RaftServerImpl.java:setRole(184)) - 8a63e1ae-032e-4bed-9f20-125a11f65413@group-091950D56227: changes role from  FOLLOWER to FOLLOWER at term 616 for recognizeCandidate:8f18dce1-0a3d-4b65-9c78-af3d58b2da7f
2019-10-20 17:41:14,362 [grpc-default-executor-0] INFO  impl.RoleInfo (RoleInfo.java:shutdownFollowerState(121)) - 8a63e1ae-032e-4bed-9f20-125a11f65413: shutdown FollowerState
2019-10-20 17:41:14,362 [grpc-default-executor-0] INFO  impl.RoleInfo (RoleInfo.java:updateAndGet(143)) - 8a63e1ae-032e-4bed-9f20-125a11f65413: start FollowerState
2019-10-20 17:41:14,362 [Thread-3705] INFO  impl.FollowerState (FollowerState.java:run(117)) - 8a63e1ae-032e-4bed-9f20-125a11f65413@group-091950D56227-FollowerState was interrupted: java.lang.InterruptedException: sleep interrupted
2019-10-20 17:41:14,386 [8f18dce1-0a3d-4b65-9c78-af3d58b2da7f@group-091950D56227-LeaderElection521] INFO  impl.LeaderElection (LeaderElection.java:logAndReturn(56)) - 8f18dce1-0a3d-4b65-9c78-af3d58b2da7f@group-091950D56227-LeaderElection521: Election REJECTED; received 2 response(s) [8f18dce1-0a3d-4b65-9c78-af3d58b2da7f<-8a63e1ae-032e-4bed-9f20-125a11f65413#0:FAIL-t616, 8f18dce1-0a3d-4b65-9c78-af3d58b2da7f<-7b1e61a0-7daf-43dd-99d5-9b325c1d31ae#0:FAIL-t616] and 0 exception(s); 8f18dce1-0a3d-4b65-9c78-af3d58b2da7f@group-091950D56227:t616, leader=null, voted=8f18dce1-0a3d-4b65-9c78-af3d58b2da7f, raftlog=8f18dce1-0a3d-4b65-9c78-af3d58b2da7f@group-091950D56227-SegmentedRaftLog:OPENED:c-1,f-1,i0, conf=-1: [8a63e1ae-032e-4bed-9f20-125a11f65413:0.0.0.0:38685, 8f18dce1-0a3d-4b65-9c78-af3d58b2da7f:0.0.0.0:42489, 7b1e61a0-7daf-43dd-99d5-9b325c1d31ae:0.0.0.0:38412], old=null
2019-10-20 17:41:14,386 [8f18dce1-0a3d-4b65-9c78-af3d58b2da7f@group-091950D56227-LeaderElection521] INFO  impl.RaftServerImpl (RaftServerImpl.java:setRole(184)) - 8f18dce1-0a3d-4b65-9c78-af3d58b2da7f@group-091950D56227: changes role from CANDIDATE to FOLLOWER at term 616 for DISCOVERED_A_NEW_TERM
2019-10-20 17:41:14,386 [8f18dce1-0a3d-4b65-9c78-af3d58b2da7f@group-091950D56227-LeaderElection521] INFO  impl.RoleInfo (RoleInfo.java:shutdownLeaderElection(134)) - 8f18dce1-0a3d-4b65-9c78-af3d58b2da7f: shutdown LeaderElection
2019-10-20 17:41:14,386 [8f18dce1-0a3d-4b65-9c78-af3d58b2da7f@group-091950D56227-LeaderElection521] INFO  impl.RoleInfo (RoleInfo.java:updateAndGet(143)) - 8f18dce1-0a3d-4b65-9c78-af3d58b2da7f: start FollowerState
2019-10-20 17:41:14,522 [Thread-3713] INFO  impl.FollowerState (FollowerState.java:run(108)) - 8f18dce1-0a3d-4b65-9c78-af3d58b2da7f@group-091950D56227-FollowerState: change to CANDIDATE, lastRpcTime:135ms, electionTimeout:135ms
2019-10-20 17:41:14,522 [Thread-3713] INFO  impl.RoleInfo (RoleInfo.java:shutdownFollowerState(121)) - 8f18dce1-0a3d-4b65-9c78-af3d58b2da7f: shutdown FollowerState
2019-10-20 17:41:14,522 [Thread-3713] INFO  impl.RaftServerImpl (RaftServerImpl.java:setRole(184)) - 8f18dce1-0a3d-4b65-9c78-af3d58b2da7f@group-091950D56227: changes role from  FOLLOWER to CANDIDATE at term 616 for changeToCandidate
2019-10-20 17:41:14,522 [Thread-3713] INFO  impl.RoleInfo (RoleInfo.java:updateAndGet(143)) - 8f18dce1-0a3d-4b65-9c78-af3d58b2da7f: start LeaderElection
2019-10-20 17:41:14,553 [8f18dce1-0a3d-4b65-9c78-af3d58b2da7f@group-091950D56227-LeaderElection522] INFO  impl.LeaderElection (LeaderElection.java:askForVotes(178)) - 8f18dce1-0a3d-4b65-9c78-af3d58b2da7f@group-091950D56227-LeaderElection522: begin an election at term 617 for -1: [8a63e1ae-032e-4bed-9f20-125a11f65413:0.0.0.0:38685, 8f18dce1-0a3d-4b65-9c78-af3d58b2da7f:0.0.0.0:42489, 7b1e61a0-7daf-43dd-99d5-9b325c1d31ae:0.0.0.0:38412], old=null
2019-10-20 17:41:14,554 [grpc-default-executor-0] INFO  impl.RaftServerImpl (RaftServerImpl.java:setRole(184)) - 8a63e1ae-032e-4bed-9f20-125a11f65413@group-091950D56227: changes role from  FOLLOWER to FOLLOWER at term 617 for recognizeCandidate:8f18dce1-0a3d-4b65-9c78-af3d58b2da7f
2019-10-20 17:41:14,554 [grpc-default-executor-0] INFO  impl.RoleInfo (RoleInfo.java:shutdownFollowerState(121)) - 8a63e1ae-032e-4bed-9f20-125a11f65413: shutdown FollowerState
2019-10-20 17:41:14,554 [grpc-default-executor-1] INFO  impl.RaftServerImpl (RaftServerImpl.java:setRole(184)) - 7b1e61a0-7daf-43dd-99d5-9b325c1d31ae@group-091950D56227: changes role from  FOLLOWER to FOLLOWER at term 617 for recognizeCandidate:8f18dce1-0a3d-4b65-9c78-af3d58b2da7f
2019-10-20 17:41:14,554 [Thread-3712] INFO  impl.FollowerState (FollowerState.java:run(117)) - 8a63e1ae-032e-4bed-9f20-125a11f65413@group-091950D56227-FollowerState was interrupted: java.lang.InterruptedException: sleep interrupted
2019-10-20 17:41:14,554 [grpc-default-executor-0] INFO  impl.RoleInfo (RoleInfo.java:updateAndGet(143)) - 8a63e1ae-032e-4bed-9f20-125a11f65413: start FollowerState
2019-10-20 17:41:14,554 [grpc-default-executor-1] INFO  impl.RoleInfo (RoleInfo.java:shutdownFollowerState(121)) - 7b1e61a0-7daf-43dd-99d5-9b325c1d31ae: shutdown FollowerState
2019-10-20 17:41:14,555 [grpc-default-executor-1] INFO  impl.RoleInfo (RoleInfo.java:updateAndGet(143)) - 7b1e61a0-7daf-43dd-99d5-9b325c1d31ae: start FollowerState
2019-10-20 17:41:14,555 [Thread-3711] INFO  impl.FollowerState (FollowerState.java:run(117)) - 7b1e61a0-7daf-43dd-99d5-9b325c1d31ae@group-091950D56227-FollowerState was interrupted: java.lang.InterruptedException: sleep interrupted
2019-10-20 17:41:14,579 [8f18dce1-0a3d-4b65-9c78-af3d58b2da7f@group-091950D56227-LeaderElection522] INFO  impl.LeaderElection (LeaderElection.java:logAndReturn(56)) - 8f18dce1-0a3d-4b65-9c78-af3d58b2da7f@group-091950D56227-LeaderElection522: Election REJECTED; received 2 response(s) [8f18dce1-0a3d-4b65-9c78-af3d58b2da7f<-8a63e1ae-032e-4bed-9f20-125a11f65413#0:FAIL-t617, 8f18dce1-0a3d-4b65-9c78-af3d58b2da7f<-7b1e61a0-7daf-43dd-99d5-9b325c1d31ae#0:FAIL-t617] and 0 exception(s); 8f18dce1-0a3d-4b65-9c78-af3d58b2da7f@group-091950D56227:t617, leader=null, voted=8f18dce1-0a3d-4b65-9c78-af3d58b2da7f, raftlog=8f18dce1-0a3d-4b65-9c78-af3d58b2da7f@group-091950D56227-SegmentedRaftLog:OPENED:c-1,f-1,i0, conf=-1: [8a63e1ae-032e-4bed-9f20-125a11f65413:0.0.0.0:38685, 8f18dce1-0a3d-4b65-9c78-af3d58b2da7f:0.0.0.0:42489, 7b1e61a0-7daf-43dd-99d5-9b325c1d31ae:0.0.0.0:38412], old=null
2019-10-20 17:41:14,579 [8f18dce1-0a3d-4b65-9c78-af3d58b2da7f@group-091950D56227-LeaderElection522] INFO  impl.RaftServerImpl (RaftServerImpl.java:setRole(184)) - 8f18dce1-0a3d-4b65-9c78-af3d58b2da7f@group-091950D56227: changes role from CANDIDATE to FOLLOWER at term 617 for DISCOVERED_A_NEW_TERM
2019-10-20 17:41:14,579 [8f18dce1-0a3d-4b65-9c78-af3d58b2da7f@group-091950D56227-LeaderElection522] INFO  impl.RoleInfo (RoleInfo.java:shutdownLeaderElection(134)) - 8f18dce1-0a3d-4b65-9c78-af3d58b2da7f: shutdown LeaderElection
2019-10-20 17:41:14,579 [8f18dce1-0a3d-4b65-9c78-af3d58b2da7f@group-091950D56227-LeaderElection522] INFO  impl.RoleInfo (RoleInfo.java:updateAndGet(143)) - 8f18dce1-0a3d-4b65-9c78-af3d58b2da7f: start FollowerState
2019-10-20 17:41:14,730 [Thread-3721] INFO  impl.FollowerState (FollowerState.java:run(108)) - 8f18dce1-0a3d-4b65-9c78-af3d58b2da7f@group-091950D56227-FollowerState: change to CANDIDATE, lastRpcTime:151ms, electionTimeout:151ms
2019-10-20 17:41:14,730 [Thread-3721] INFO  impl.RoleInfo (RoleInfo.java:shutdownFollowerState(121)) - 8f18dce1-0a3d-4b65-9c78-af3d58b2da7f: shutdown FollowerState
2019-10-20 17:41:14,731 [Thread-3721] INFO  impl.RaftServerImpl (RaftServerImpl.java:setRole(184)) - 8f18dce1-0a3d-4b65-9c78-af3d58b2da7f@group-091950D56227: changes role from  FOLLOWER to CANDIDATE at term 617 for changeToCandidate
2019-10-20 17:41:14,731 [Thread-3721] INFO  impl.RoleInfo (RoleInfo.java:updateAndGet(143)) - 8f18dce1-0a3d-4b65-9c78-af3d58b2da7f: start LeaderElection
2019-10-20 17:41:14,762 [8f18dce1-0a3d-4b65-9c78-af3d58b2da7f@group-091950D56227-LeaderElection523] INFO  impl.LeaderElection (LeaderElection.java:askForVotes(178)) - 8f18dce1-0a3d-4b65-9c78-af3d58b2da7f@group-091950D56227-LeaderElection523: begin an election at term 618 for -1: [8a63e1ae-032e-4bed-9f20-125a11f65413:0.0.0.0:38685, 8f18dce1-0a3d-4b65-9c78-af3d58b2da7f:0.0.0.0:42489, 7b1e61a0-7daf-43dd-99d5-9b325c1d31ae:0.0.0.0:38412], old=null
2019-10-20 17:41:14,764 [grpc-default-executor-0] INFO  impl.RaftServerImpl (RaftServerImpl.java:setRole(184)) - 8a63e1ae-032e-4bed-9f20-125a11f65413@group-091950D56227: changes role from  FOLLOWER to FOLLOWER at term 618 for recognizeCandidate:8f18dce1-0a3d-4b65-9c78-af3d58b2da7f
2019-10-20 17:41:14,764 [grpc-default-executor-3] INFO  impl.RaftServerImpl (RaftServerImpl.java:setRole(184)) - 7b1e61a0-7daf-43dd-99d5-9b325c1d31ae@group-091950D56227: changes role from  FOLLOWER to FOLLOWER at term 618 for recognizeCandidate:8f18dce1-0a3d-4b65-9c78-af3d58b2da7f
2019-10-20 17:41:14,764 [grpc-default-executor-3] INFO  impl.RoleInfo (RoleInfo.java:shutdownFollowerState(121)) - 7b1e61a0-7daf-43dd-99d5-9b325c1d31ae: shutdown FollowerState
2019-10-20 17:41:14,764 [grpc-default-executor-0] INFO  impl.RoleInfo (RoleInfo.java:shutdownFollowerState(121)) - 8a63e1ae-032e-4bed-9f20-125a11f65413: shutdown FollowerState
2019-10-20 17:41:14,764 [Thread-3720] INFO  impl.FollowerState (FollowerState.java:run(117)) - 7b1e61a0-7daf-43dd-99d5-9b325c1d31ae@group-091950D56227-FollowerState was interrupted: java.lang.InterruptedException: sleep interrupted
2019-10-20 17:41:14,764 [grpc-default-executor-0] INFO  impl.RoleInfo (RoleInfo.java:updateAndGet(143)) - 8a63e1ae-032e-4bed-9f20-125a11f65413: start FollowerState
2019-10-20 17:41:14,764 [grpc-default-executor-3] INFO  impl.RoleInfo (RoleInfo.java:updateAndGet(143)) - 7b1e61a0-7daf-43dd-99d5-9b325c1d31ae: start FollowerState
2019-10-20 17:41:14,764 [Thread-3719] INFO  impl.FollowerState (FollowerState.java:run(117)) - 8a63e1ae-032e-4bed-9f20-125a11f65413@group-091950D56227-FollowerState was interrupted: java.lang.InterruptedException: sleep interrupted
2019-10-20 17:41:14,780 [8f18dce1-0a3d-4b65-9c78-af3d58b2da7f@group-091950D56227-LeaderElection523] INFO  impl.LeaderElection (LeaderElection.java:logAndReturn(56)) - 8f18dce1-0a3d-4b65-9c78-af3d58b2da7f@group-091950D56227-LeaderElection523: Election REJECTED; received 2 response(s) [8f18dce1-0a3d-4b65-9c78-af3d58b2da7f<-8a63e1ae-032e-4bed-9f20-125a11f65413#0:FAIL-t618, 8f18dce1-0a3d-4b65-9c78-af3d58b2da7f<-7b1e61a0-7daf-43dd-99d5-9b325c1d31ae#0:FAIL-t618] and 0 exception(s); 8f18dce1-0a3d-4b65-9c78-af3d58b2da7f@group-091950D56227:t618, leader=null, voted=8f18dce1-0a3d-4b65-9c78-af3d58b2da7f, raftlog=8f18dce1-0a3d-4b65-9c78-af3d58b2da7f@group-091950D56227-SegmentedRaftLog:OPENED:c-1,f-1,i0, conf=-1: [8a63e1ae-032e-4bed-9f20-125a11f65413:0.0.0.0:38685, 8f18dce1-0a3d-4b65-9c78-af3d58b2da7f:0.0.0.0:42489, 7b1e61a0-7daf-43dd-99d5-9b325c1d31ae:0.0.0.0:38412], old=null
2019-10-20 17:41:14,780 [8f18dce1-0a3d-4b65-9c78-af3d58b2da7f@group-091950D56227-LeaderElection523] INFO  impl.RaftServerImpl (RaftServerImpl.java:setRole(184)) - 8f18dce1-0a3d-4b65-9c78-af3d58b2da7f@group-091950D56227: changes role from CANDIDATE to FOLLOWER at term 618 for DISCOVERED_A_NEW_TERM
2019-10-20 17:41:14,780 [8f18dce1-0a3d-4b65-9c78-af3d58b2da7f@group-091950D56227-LeaderElection523] INFO  impl.RoleInfo (RoleInfo.java:shutdownLeaderElection(134)) - 8f18dce1-0a3d-4b65-9c78-af3d58b2da7f: shutdown LeaderElection
2019-10-20 17:41:14,780 [8f18dce1-0a3d-4b65-9c78-af3d58b2da7f@group-091950D56227-LeaderElection523] INFO  impl.RoleInfo (RoleInfo.java:updateAndGet(143)) - 8f18dce1-0a3d-4b65-9c78-af3d58b2da7f: start FollowerState
2019-10-20 17:41:14,937 [Thread-3727] INFO  impl.FollowerState (FollowerState.java:run(108)) - 8f18dce1-0a3d-4b65-9c78-af3d58b2da7f@group-091950D56227-FollowerState: change to CANDIDATE, lastRpcTime:157ms, electionTimeout:157ms
2019-10-20 17:41:14,938 [Thread-3727] INFO  impl.RoleInfo (RoleInfo.java:shutdownFollowerState(121)) - 8f18dce1-0a3d-4b65-9c78-af3d58b2da7f: shutdown FollowerState
2019-10-20 17:41:14,938 [Thread-3727] INFO  impl.RaftServerImpl (RaftServerImpl.java:setRole(184)) - 8f18dce1-0a3d-4b65-9c78-af3d58b2da7f@group-091950D56227: changes role from  FOLLOWER to CANDIDATE at term 618 for changeToCandidate
2019-10-20 17:41:14,938 [Thread-3727] INFO  impl.RoleInfo (RoleInfo.java:updateAndGet(143)) - 8f18dce1-0a3d-4b65-9c78-af3d58b2da7f: start LeaderElection
2019-10-20 17:41:14,962 [8f18dce1-0a3d-4b65-9c78-af3d58b2da7f@group-091950D56227-LeaderElection524] INFO  impl.LeaderElection (LeaderElection.java:askForVotes(178)) - 8f18dce1-0a3d-4b65-9c78-af3d58b2da7f@group-091950D56227-LeaderElection524: begin an election at term 619 for -1: [8a63e1ae-032e-4bed-9f20-125a11f65413:0.0.0.0:38685, 8f18dce1-0a3d-4b65-9c78-af3d58b2da7f:0.0.0.0:42489, 7b1e61a0-7daf-43dd-99d5-9b325c1d31ae:0.0.0.0:38412], old=null
2019-10-20 17:41:14,964 [grpc-default-executor-0] INFO  impl.RaftServerImpl (RaftServerImpl.java:setRole(184)) - 7b1e61a0-7daf-43dd-99d5-9b325c1d31ae@group-091950D56227: changes role from  FOLLOWER to FOLLOWER at term 619 for recognizeCandidate:8f18dce1-0a3d-4b65-9c78-af3d58b2da7f
2019-10-20 17:41:14,964 [grpc-default-executor-0] INFO  impl.RoleInfo (RoleInfo.java:shutdownFollowerState(121)) - 7b1e61a0-7daf-43dd-99d5-9b325c1d31ae: shutdown FollowerState
2019-10-20 17:41:14,964 [grpc-default-executor-3] INFO  impl.RaftServerImpl (RaftServerImpl.java:setRole(184)) - 8a63e1ae-032e-4bed-9f20-125a11f65413@group-091950D56227: changes role from  FOLLOWER to FOLLOWER at term 619 for recognizeCandidate:8f18dce1-0a3d-4b65-9c78-af3d58b2da7f
2019-10-20 17:41:14,964 [Thread-3725] INFO  impl.FollowerState (FollowerState.java:run(117)) - 7b1e61a0-7daf-43dd-99d5-9b325c1d31ae@group-091950D56227-FollowerState was interrupted: java.lang.InterruptedException: sleep interrupted
2019-10-20 17:41:14,964 [grpc-default-executor-0] INFO  impl.RoleInfo (RoleInfo.java:updateAndGet(143)) - 7b1e61a0-7daf-43dd-99d5-9b325c1d31ae: start FollowerState
2019-10-20 17:41:14,964 [grpc-default-executor-3] INFO  impl.RoleInfo (RoleInfo.java:shutdownFollowerState(121)) - 8a63e1ae-032e-4bed-9f20-125a11f65413: shutdown FollowerState
2019-10-20 17:41:14,965 [grpc-default-executor-3] INFO  impl.RoleInfo (RoleInfo.java:updateAndGet(143)) - 8a63e1ae-032e-4bed-9f20-125a11f65413: start FollowerState
2019-10-20 17:41:14,965 [Thread-3726] INFO  impl.FollowerState (FollowerState.java:run(117)) - 8a63e1ae-032e-4bed-9f20-125a11f65413@group-091950D56227-FollowerState was interrupted: java.lang.InterruptedException: sleep interrupted
2019-10-20 17:41:14,966 [8f18dce1-0a3d-4b65-9c78-af3d58b2da7f@group-091950D56227-LeaderElection524] INFO  impl.LeaderElection (LeaderElection.java:logAndReturn(56)) - 8f18dce1-0a3d-4b65-9c78-af3d58b2da7f@group-091950D56227-LeaderElection524: Election TIMEOUT; received 0 response(s) [] and 0 exception(s); 8f18dce1-0a3d-4b65-9c78-af3d58b2da7f@group-091950D56227:t619, leader=null, voted=8f18dce1-0a3d-4b65-9c78-af3d58b2da7f, raftlog=8f18dce1-0a3d-4b65-9c78-af3d58b2da7f@group-091950D56227-SegmentedRaftLog:OPENED:c-1,f-1,i0, conf=-1: [8a63e1ae-032e-4bed-9f20-125a11f65413:0.0.0.0:38685, 8f18dce1-0a3d-4b65-9c78-af3d58b2da7f:0.0.0.0:42489, 7b1e61a0-7daf-43dd-99d5-9b325c1d31ae:0.0.0.0:38412], old=null
2019-10-20 17:41:14,988 [8f18dce1-0a3d-4b65-9c78-af3d58b2da7f@group-091950D56227-LeaderElection524] INFO  impl.LeaderElection (LeaderElection.java:askForVotes(178)) - 8f18dce1-0a3d-4b65-9c78-af3d58b2da7f@group-091950D56227-LeaderElection524: begin an election at term 620 for -1: [8a63e1ae-032e-4bed-9f20-125a11f65413:0.0.0.0:38685, 8f18dce1-0a3d-4b65-9c78-af3d58b2da7f:0.0.0.0:42489, 7b1e61a0-7daf-43dd-99d5-9b325c1d31ae:0.0.0.0:38412], old=null
2019-10-20 17:41:14,990 [grpc-default-executor-0] INFO  impl.RaftServerImpl (RaftServerImpl.java:setRole(184)) - 8a63e1ae-032e-4bed-9f20-125a11f65413@group-091950D56227: changes role from  FOLLOWER to FOLLOWER at term 620 for recognizeCandidate:8f18dce1-0a3d-4b65-9c78-af3d58b2da7f
2019-10-20 17:41:14,990 [grpc-default-executor-3] INFO  impl.RaftServerImpl (RaftServerImpl.java:setRole(184)) - 7b1e61a0-7daf-43dd-99d5-9b325c1d31ae@group-091950D56227: changes role from  FOLLOWER to FOLLOWER at term 620 for recognizeCandidate:8f18dce1-0a3d-4b65-9c78-af3d58b2da7f
2019-10-20 17:41:14,990 [grpc-default-executor-3] INFO  impl.RoleInfo (RoleInfo.java:shutdownFollowerState(121)) - 7b1e61a0-7daf-43dd-99d5-9b325c1d31ae: shutdown FollowerState
2019-10-20 17:41:14,990 [grpc-default-executor-0] INFO  impl.RoleInfo (RoleInfo.java:shutdownFollowerState(121)) - 8a63e1ae-032e-4bed-9f20-125a11f65413: shutdown FollowerState
2019-10-20 17:41:14,990 [Thread-3731] INFO  impl.FollowerState (FollowerState.java:run(117)) - 7b1e61a0-7daf-43dd-99d5-9b325c1d31ae@group-091950D56227-FollowerState was interrupted: java.lang.InterruptedException: sleep interrupted
2019-10-20 17:41:14,990 [grpc-default-executor-3] INFO  impl.RoleInfo (RoleInfo.java:updateAndGet(143)) - 7b1e61a0-7daf-43dd-99d5-9b325c1d31ae: start FollowerState
2019-10-20 17:41:14,990 [Thread-3732] INFO  impl.FollowerState (FollowerState.java:run(117)) - 8a63e1ae-032e-4bed-9f20-125a11f65413@group-091950D56227-FollowerState was interrupted: java.lang.InterruptedException: sleep interrupted
2019-10-20 17:41:14,990 [grpc-default-executor-0] INFO  impl.RoleInfo (RoleInfo.java:updateAndGet(143)) - 8a63e1ae-032e-4bed-9f20-125a11f65413: start FollowerState
2019-10-20 17:41:15,015 [8f18dce1-0a3d-4b65-9c78-af3d58b2da7f@group-091950D56227-LeaderElection524] INFO  impl.LeaderElection (LeaderElection.java:logAndReturn(56)) - 8f18dce1-0a3d-4b65-9c78-af3d58b2da7f@group-091950D56227-LeaderElection524: Election REJECTED; received 2 response(s) [8f18dce1-0a3d-4b65-9c78-af3d58b2da7f<-8a63e1ae-032e-4bed-9f20-125a11f65413#0:FAIL-t620, 8f18dce1-0a3d-4b65-9c78-af3d58b2da7f<-7b1e61a0-7daf-43dd-99d5-9b325c1d31ae#0:FAIL-t620] and 0 exception(s); 8f18dce1-0a3d-4b65-9c78-af3d58b2da7f@group-091950D56227:t620, leader=null, voted=8f18dce1-0a3d-4b65-9c78-af3d58b2da7f, raftlog=8f18dce1-0a3d-4b65-9c78-af3d58b2da7f@group-091950D56227-SegmentedRaftLog:OPENED:c-1,f-1,i0, conf=-1: [8a63e1ae-032e-4bed-9f20-125a11f65413:0.0.0.0:38685, 8f18dce1-0a3d-4b65-9c78-af3d58b2da7f:0.0.0.0:42489, 7b1e61a0-7daf-43dd-99d5-9b325c1d31ae:0.0.0.0:38412], old=null
2019-10-20 17:41:15,015 [8f18dce1-0a3d-4b65-9c78-af3d58b2da7f@group-091950D56227-LeaderElection524] INFO  impl.RaftServerImpl (RaftServerImpl.java:setRole(184)) - 8f18dce1-0a3d-4b65-9c78-af3d58b2da7f@group-091950D56227: changes role from CANDIDATE to FOLLOWER at term 620 for DISCOVERED_A_NEW_TERM
2019-10-20 17:41:15,015 [8f18dce1-0a3d-4b65-9c78-af3d58b2da7f@group-091950D56227-LeaderElection524] INFO  impl.RoleInfo (RoleInfo.java:shutdownLeaderElection(134)) - 8f18dce1-0a3d-4b65-9c78-af3d58b2da7f: shutdown LeaderElection
2019-10-20 17:41:15,015 [8f18dce1-0a3d-4b65-9c78-af3d58b2da7f@group-091950D56227-LeaderElection524] INFO  impl.RoleInfo (RoleInfo.java:updateAndGet(143)) - 8f18dce1-0a3d-4b65-9c78-af3d58b2da7f: start FollowerState
2019-10-20 17:41:15,132 [Thread-3737] INFO  impl.FollowerState (FollowerState.java:run(108)) - 8f18dce1-0a3d-4b65-9c78-af3d58b2da7f@group-091950D56227-FollowerState: change to CANDIDATE, lastRpcTime:116ms, electionTimeout:116ms
2019-10-20 17:41:15,132 [Thread-3737] INFO  impl.RoleInfo (RoleInfo.java:shutdownFollowerState(121)) - 8f18dce1-0a3d-4b65-9c78-af3d58b2da7f: shutdown FollowerState
2019-10-20 17:41:15,132 [Thread-3737] INFO  impl.RaftServerImpl (RaftServerImpl.java:setRole(184)) - 8f18dce1-0a3d-4b65-9c78-af3d58b2da7f@group-091950D56227: changes role from  FOLLOWER to CANDIDATE at term 620 for changeToCandidate
2019-10-20 17:41:15,132 [Thread-3737] INFO  impl.RoleInfo (RoleInfo.java:updateAndGet(143)) - 8f18dce1-0a3d-4b65-9c78-af3d58b2da7f: start LeaderElection
2019-10-20 17:41:15,156 [8f18dce1-0a3d-4b65-9c78-af3d58b2da7f@group-091950D56227-LeaderElection525] INFO  impl.LeaderElection (LeaderElection.java:askForVotes(178)) - 8f18dce1-0a3d-4b65-9c78-af3d58b2da7f@group-091950D56227-LeaderElection525: begin an election at term 621 for -1: [8a63e1ae-032e-4bed-9f20-125a11f65413:0.0.0.0:38685, 8f18dce1-0a3d-4b65-9c78-af3d58b2da7f:0.0.0.0:42489, 7b1e61a0-7daf-43dd-99d5-9b325c1d31ae:0.0.0.0:38412], old=null
2019-10-20 17:41:15,157 [grpc-default-executor-3] INFO  impl.RaftServerImpl (RaftServerImpl.java:setRole(184)) - 7b1e61a0-7daf-43dd-99d5-9b325c1d31ae@group-091950D56227: changes role from  FOLLOWER to FOLLOWER at term 621 for recognizeCandidate:8f18dce1-0a3d-4b65-9c78-af3d58b2da7f
2019-10-20 17:41:15,158 [grpc-default-executor-3] INFO  impl.RoleInfo (RoleInfo.java:shutdownFollowerState(121)) - 7b1e61a0-7daf-43dd-99d5-9b325c1d31ae: shutdown FollowerState
2019-10-20 17:41:15,158 [grpc-default-executor-3] INFO  impl.RoleInfo (RoleInfo.java:updateAndGet(143)) - 7b1e61a0-7daf-43dd-99d5-9b325c1d31ae: start FollowerState
2019-10-20 17:41:15,158 [grpc-default-executor-0] INFO  impl.RaftServerImpl (RaftServerImpl.java:setRole(184)) - 8a63e1ae-032e-4bed-9f20-125a11f65413@group-091950D56227: changes role from  FOLLOWER to FOLLOWER at term 621 for recognizeCandidate:8f18dce1-0a3d-4b65-9c78-af3d58b2da7f
2019-10-20 17:41:15,158 [grpc-default-executor-0] INFO  impl.RoleInfo (RoleInfo.java:shutdownFollowerState(121)) - 8a63e1ae-032e-4bed-9f20-125a11f65413: shutdown FollowerState
2019-10-20 17:41:15,158 [Thread-3735] INFO  impl.FollowerState (FollowerState.java:run(117)) - 7b1e61a0-7daf-43dd-99d5-9b325c1d31ae@group-091950D56227-FollowerState was interrupted: java.lang.InterruptedException: sleep interrupted
2019-10-20 17:41:15,158 [Thread-3736] INFO  impl.FollowerState (FollowerState.java:run(117)) - 8a63e1ae-032e-4bed-9f20-125a11f65413@group-091950D56227-FollowerState was interrupted: java.lang.InterruptedException: sleep interrupted
2019-10-20 17:41:15,158 [grpc-default-executor-0] INFO  impl.RoleInfo (RoleInfo.java:updateAndGet(143)) - 8a63e1ae-032e-4bed-9f20-125a11f65413: start FollowerState
2019-10-20 17:41:15,178 [8f18dce1-0a3d-4b65-9c78-af3d58b2da7f@group-091950D56227-LeaderElection525] INFO  impl.LeaderElection (LeaderElection.java:logAndReturn(56)) - 8f18dce1-0a3d-4b65-9c78-af3d58b2da7f@group-091950D56227-LeaderElection525: Election REJECTED; received 2 response(s) [8f18dce1-0a3d-4b65-9c78-af3d58b2da7f<-8a63e1ae-032e-4bed-9f20-125a11f65413#0:FAIL-t621, 8f18dce1-0a3d-4b65-9c78-af3d58b2da7f<-7b1e61a0-7daf-43dd-99d5-9b325c1d31ae#0:FAIL-t621] and 0 exception(s); 8f18dce1-0a3d-4b65-9c78-af3d58b2da7f@group-091950D56227:t621, leader=null, voted=8f18dce1-0a3d-4b65-9c78-af3d58b2da7f, raftlog=8f18dce1-0a3d-4b65-9c78-af3d58b2da7f@group-091950D56227-SegmentedRaftLog:OPENED:c-1,f-1,i0, conf=-1: [8a63e1ae-032e-4bed-9f20-125a11f65413:0.0.0.0:38685, 8f18dce1-0a3d-4b65-9c78-af3d58b2da7f:0.0.0.0:42489, 7b1e61a0-7daf-43dd-99d5-9b325c1d31ae:0.0.0.0:38412], old=null
2019-10-20 17:41:15,178 [8f18dce1-0a3d-4b65-9c78-af3d58b2da7f@group-091950D56227-LeaderElection525] INFO  impl.RaftServerImpl (RaftServerImpl.java:setRole(184)) - 8f18dce1-0a3d-4b65-9c78-af3d58b2da7f@group-091950D56227: changes role from CANDIDATE to FOLLOWER at term 621 for DISCOVERED_A_NEW_TERM
2019-10-20 17:41:15,178 [8f18dce1-0a3d-4b65-9c78-af3d58b2da7f@group-091950D56227-LeaderElection525] INFO  impl.RoleInfo (RoleInfo.java:shutdownLeaderElection(134)) - 8f18dce1-0a3d-4b65-9c78-af3d58b2da7f: shutdown LeaderElection
2019-10-20 17:41:15,178 [8f18dce1-0a3d-4b65-9c78-af3d58b2da7f@group-091950D56227-LeaderElection525] INFO  impl.RoleInfo (RoleInfo.java:updateAndGet(143)) - 8f18dce1-0a3d-4b65-9c78-af3d58b2da7f: start FollowerState
2019-10-20 17:41:15,348 [Thread-3743] INFO  impl.FollowerState (FollowerState.java:run(108)) - 8f18dce1-0a3d-4b65-9c78-af3d58b2da7f@group-091950D56227-FollowerState: change to CANDIDATE, lastRpcTime:169ms, electionTimeout:169ms
2019-10-20 17:41:15,348 [Thread-3743] INFO  impl.RoleInfo (RoleInfo.java:shutdownFollowerState(121)) - 8f18dce1-0a3d-4b65-9c78-af3d58b2da7f: shutdown FollowerState
2019-10-20 17:41:15,348 [Thread-3743] INFO  impl.RaftServerImpl (RaftServerImpl.java:setRole(184)) - 8f18dce1-0a3d-4b65-9c78-af3d58b2da7f@group-091950D56227: changes role from  FOLLOWER to CANDIDATE at term 621 for changeToCandidate
2019-10-20 17:41:15,348 [Thread-3743] INFO  impl.RoleInfo (RoleInfo.java:updateAndGet(143)) - 8f18dce1-0a3d-4b65-9c78-af3d58b2da7f: start LeaderElection
2019-10-20 17:41:15,367 [8f18dce1-0a3d-4b65-9c78-af3d58b2da7f@group-091950D56227-LeaderElection526] INFO  impl.LeaderElection (LeaderElection.java:askForVotes(178)) - 8f18dce1-0a3d-4b65-9c78-af3d58b2da7f@group-091950D56227-LeaderElection526: begin an election at term 622 for -1: [8a63e1ae-032e-4bed-9f20-125a11f65413:0.0.0.0:38685, 8f18dce1-0a3d-4b65-9c78-af3d58b2da7f:0.0.0.0:42489, 7b1e61a0-7daf-43dd-99d5-9b325c1d31ae:0.0.0.0:38412], old=null
2019-10-20 17:41:15,369 [grpc-default-executor-3] INFO  impl.RaftServerImpl (RaftServerImpl.java:setRole(184)) - 8a63e1ae-032e-4bed-9f20-125a11f65413@group-091950D56227: changes role from  FOLLOWER to FOLLOWER at term 622 for recognizeCandidate:8f18dce1-0a3d-4b65-9c78-af3d58b2da7f
2019-10-20 17:41:15,369 [grpc-default-executor-3] INFO  impl.RoleInfo (RoleInfo.java:shutdownFollowerState(121)) - 8a63e1ae-032e-4bed-9f20-125a11f65413: shutdown FollowerState
2019-10-20 17:41:15,369 [grpc-default-executor-0] INFO  impl.RaftServerImpl (RaftServerImpl.java:setRole(184)) - 7b1e61a0-7daf-43dd-99d5-9b325c1d31ae@group-091950D56227: changes role from  FOLLOWER to FOLLOWER at term 622 for recognizeCandidate:8f18dce1-0a3d-4b65-9c78-af3d58b2da7f
2019-10-20 17:41:15,369 [Thread-3742] INFO  impl.FollowerState (FollowerState.java:run(117)) - 8a63e1ae-032e-4bed-9f20-125a11f65413@group-091950D56227-FollowerState was interrupted: java.lang.InterruptedException: sleep interrupted
2019-10-20 17:41:15,369 [grpc-default-executor-3] INFO  impl.RoleInfo (RoleInfo.java:updateAndGet(143)) - 8a63e1ae-032e-4bed-9f20-125a11f65413: start FollowerState
2019-10-20 17:41:15,370 [grpc-default-executor-0] INFO  impl.RoleInfo (RoleInfo.java:shutdownFollowerState(121)) - 7b1e61a0-7daf-43dd-99d5-9b325c1d31ae: shutdown FollowerState
2019-10-20 17:41:15,370 [grpc-default-executor-0] INFO  impl.RoleInfo (RoleInfo.java:updateAndGet(143)) - 7b1e61a0-7daf-43dd-99d5-9b325c1d31ae: start FollowerState
2019-10-20 17:41:15,370 [Thread-3741] INFO  impl.FollowerState (FollowerState.java:run(117)) - 7b1e61a0-7daf-43dd-99d5-9b325c1d31ae@group-091950D56227-FollowerState was interrupted: java.lang.InterruptedException: sleep interrupted
2019-10-20 17:41:15,387 [8f18dce1-0a3d-4b65-9c78-af3d58b2da7f@group-091950D56227-LeaderElection526] INFO  impl.LeaderElection (LeaderElection.java:logAndReturn(56)) - 8f18dce1-0a3d-4b65-9c78-af3d58b2da7f@group-091950D56227-LeaderElection526: Election REJECTED; received 2 response(s) [8f18dce1-0a3d-4b65-9c78-af3d58b2da7f<-8a63e1ae-032e-4bed-9f20-125a11f65413#0:FAIL-t622, 8f18dce1-0a3d-4b65-9c78-af3d58b2da7f<-7b1e61a0-7daf-43dd-99d5-9b325c1d31ae#0:FAIL-t622] and 0 exception(s); 8f18dce1-0a3d-4b65-9c78-af3d58b2da7f@group-091950D56227:t622, leader=null, voted=8f18dce1-0a3d-4b65-9c78-af3d58b2da7f, raftlog=8f18dce1-0a3d-4b65-9c78-af3d58b2da7f@group-091950D56227-SegmentedRaftLog:OPENED:c-1,f-1,i0, conf=-1: [8a63e1ae-032e-4bed-9f20-125a11f65413:0.0.0.0:38685, 8f18dce1-0a3d-4b65-9c78-af3d58b2da7f:0.0.0.0:42489, 7b1e61a0-7daf-43dd-99d5-9b325c1d31ae:0.0.0.0:38412], old=null
2019-10-20 17:41:15,387 [8f18dce1-0a3d-4b65-9c78-af3d58b2da7f@group-091950D56227-LeaderElection526] INFO  impl.RaftServerImpl (RaftServerImpl.java:setRole(184)) - 8f18dce1-0a3d-4b65-9c78-af3d58b2da7f@group-091950D56227: changes role from CANDIDATE to FOLLOWER at term 622 for DISCOVERED_A_NEW_TERM
2019-10-20 17:41:15,387 [8f18dce1-0a3d-4b65-9c78-af3d58b2da7f@group-091950D56227-LeaderElection526] INFO  impl.RoleInfo (RoleInfo.java:shutdownLeaderElection(134)) - 8f18dce1-0a3d-4b65-9c78-af3d58b2da7f: shutdown LeaderElection
2019-10-20 17:41:15,388 [8f18dce1-0a3d-4b65-9c78-af3d58b2da7f@group-091950D56227-LeaderElection526] INFO  impl.RoleInfo (RoleInfo.java:updateAndGet(143)) - 8f18dce1-0a3d-4b65-9c78-af3d58b2da7f: start FollowerState
2019-10-20 17:41:15,539 [Thread-3749] INFO  impl.FollowerState (FollowerState.java:run(108)) - 8f18dce1-0a3d-4b65-9c78-af3d58b2da7f@group-091950D56227-FollowerState: change to CANDIDATE, lastRpcTime:151ms, electionTimeout:151ms
2019-10-20 17:41:15,539 [Thread-3749] INFO  impl.RoleInfo (RoleInfo.java:shutdownFollowerState(121)) - 8f18dce1-0a3d-4b65-9c78-af3d58b2da7f: shutdown FollowerState
2019-10-20 17:41:15,539 [Thread-3749] INFO  impl.RaftServerImpl (RaftServerImpl.java:setRole(184)) - 8f18dce1-0a3d-4b65-9c78-af3d58b2da7f@group-091950D56227: changes role from  FOLLOWER to CANDIDATE at term 622 for changeToCandidate
2019-10-20 17:41:15,539 [Thread-3749] INFO  impl.RoleInfo (RoleInfo.java:updateAndGet(143)) - 8f18dce1-0a3d-4b65-9c78-af3d58b2da7f: start LeaderElection
2019-10-20 17:41:15,563 [8f18dce1-0a3d-4b65-9c78-af3d58b2da7f@group-091950D56227-LeaderElection527] INFO  impl.LeaderElection (LeaderElection.java:askForVotes(178)) - 8f18dce1-0a3d-4b65-9c78-af3d58b2da7f@group-091950D56227-LeaderElection527: begin an election at term 623 for -1: [8a63e1ae-032e-4bed-9f20-125a11f65413:0.0.0.0:38685, 8f18dce1-0a3d-4b65-9c78-af3d58b2da7f:0.0.0.0:42489, 7b1e61a0-7daf-43dd-99d5-9b325c1d31ae:0.0.0.0:38412], old=null
2019-10-20 17:41:15,564 [8f18dce1-0a3d-4b65-9c78-af3d58b2da7f@group-091950D56227-LeaderElection527] INFO  impl.LeaderElection (LeaderElection.java:logAndReturn(56)) - 8f18dce1-0a3d-4b65-9c78-af3d58b2da7f@group-091950D56227-LeaderElection527: Election TIMEOUT; received 0 response(s) [] and 0 exception(s); 8f18dce1-0a3d-4b65-9c78-af3d58b2da7f@group-091950D56227:t623, leader=null, voted=8f18dce1-0a3d-4b65-9c78-af3d58b2da7f, raftlog=8f18dce1-0a3d-4b65-9c78-af3d58b2da7f@group-091950D56227-SegmentedRaftLog:OPENED:c-1,f-1,i0, conf=-1: [8a63e1ae-032e-4bed-9f20-125a11f65413:0.0.0.0:38685, 8f18dce1-0a3d-4b65-9c78-af3d58b2da7f:0.0.0.0:42489, 7b1e61a0-7daf-43dd-99d5-9b325c1d31ae:0.0.0.0:38412], old=null
2019-10-20 17:41:15,565 [grpc-default-executor-3] INFO  impl.RaftServerImpl (RaftServerImpl.java:setRole(184)) - 8a63e1ae-032e-4bed-9f20-125a11f65413@group-091950D56227: changes role from  FOLLOWER to FOLLOWER at term 623 for recognizeCandidate:8f18dce1-0a3d-4b65-9c78-af3d58b2da7f
2019-10-20 17:41:15,565 [grpc-default-executor-3] INFO  impl.RoleInfo (RoleInfo.java:shutdownFollowerState(121)) - 8a63e1ae-032e-4bed-9f20-125a11f65413: shutdown FollowerState
2019-10-20 17:41:15,565 [grpc-default-executor-0] INFO  impl.RaftServerImpl (RaftServerImpl.java:setRole(184)) - 7b1e61a0-7daf-43dd-99d5-9b325c1d31ae@group-091950D56227: changes role from  FOLLOWER to FOLLOWER at term 623 for recognizeCandidate:8f18dce1-0a3d-4b65-9c78-af3d58b2da7f
2019-10-20 17:41:15,565 [Thread-3747] INFO  impl.FollowerState (FollowerState.java:run(117)) - 8a63e1ae-032e-4bed-9f20-125a11f65413@group-091950D56227-FollowerState was interrupted: java.lang.InterruptedException: sleep interrupted
2019-10-20 17:41:15,565 [grpc-default-executor-3] INFO  impl.RoleInfo (RoleInfo.java:updateAndGet(143)) - 8a63e1ae-032e-4bed-9f20-125a11f65413: start FollowerState
2019-10-20 17:41:15,565 [grpc-default-executor-0] INFO  impl.RoleInfo (RoleInfo.java:shutdownFollowerState(121)) - 7b1e61a0-7daf-43dd-99d5-9b325c1d31ae: shutdown FollowerState
2019-10-20 17:41:15,566 [grpc-default-executor-0] INFO  impl.RoleInfo (RoleInfo.java:updateAndGet(143)) - 7b1e61a0-7daf-43dd-99d5-9b325c1d31ae: start FollowerState
2019-10-20 17:41:15,566 [Thread-3748] INFO  impl.FollowerState (FollowerState.java:run(117)) - 7b1e61a0-7daf-43dd-99d5-9b325c1d31ae@group-091950D56227-FollowerState was interrupted: java.lang.InterruptedException: sleep interrupted
2019-10-20 17:41:15,587 [8f18dce1-0a3d-4b65-9c78-af3d58b2da7f@group-091950D56227-LeaderElection527] INFO  impl.LeaderElection (LeaderElection.java:askForVotes(178)) - 8f18dce1-0a3d-4b65-9c78-af3d58b2da7f@group-091950D56227-LeaderElection527: begin an election at term 624 for -1: [8a63e1ae-032e-4bed-9f20-125a11f65413:0.0.0.0:38685, 8f18dce1-0a3d-4b65-9c78-af3d58b2da7f:0.0.0.0:42489, 7b1e61a0-7daf-43dd-99d5-9b325c1d31ae:0.0.0.0:38412], old=null
2019-10-20 17:41:15,588 [grpc-default-executor-0] INFO  impl.RaftServerImpl (RaftServerImpl.java:setRole(184)) - 8a63e1ae-032e-4bed-9f20-125a11f65413@group-091950D56227: changes role from  FOLLOWER to FOLLOWER at term 624 for recognizeCandidate:8f18dce1-0a3d-4b65-9c78-af3d58b2da7f
2019-10-20 17:41:15,589 [grpc-default-executor-0] INFO  impl.RoleInfo (RoleInfo.java:shutdownFollowerState(121)) - 8a63e1ae-032e-4bed-9f20-125a11f65413: shutdown FollowerState
2019-10-20 17:41:15,589 [grpc-default-executor-0] INFO  impl.RoleInfo (RoleInfo.java:updateAndGet(143)) - 8a63e1ae-032e-4bed-9f20-125a11f65413: start FollowerState
2019-10-20 17:41:15,589 [grpc-default-executor-3] INFO  impl.RaftServerImpl (RaftServerImpl.java:setRole(184)) - 7b1e61a0-7daf-43dd-99d5-9b325c1d31ae@group-091950D56227: changes role from  FOLLOWER to FOLLOWER at term 624 for recognizeCandidate:8f18dce1-0a3d-4b65-9c78-af3d58b2da7f
2019-10-20 17:41:15,589 [grpc-default-executor-3] INFO  impl.RoleInfo (RoleInfo.java:shutdownFollowerState(121)) - 7b1e61a0-7daf-43dd-99d5-9b325c1d31ae: shutdown FollowerState
2019-10-20 17:41:15,589 [Thread-3755] INFO  impl.FollowerState (FollowerState.java:run(117)) - 8a63e1ae-032e-4bed-9f20-125a11f65413@group-091950D56227-FollowerState was interrupted: java.lang.InterruptedException: sleep interrupted
2019-10-20 17:41:15,589 [Thread-3756] INFO  impl.FollowerState (FollowerState.java:run(117)) - 7b1e61a0-7daf-43dd-99d5-9b325c1d31ae@group-091950D56227-FollowerState was interrupted: java.lang.InterruptedException: sleep interrupted
2019-10-20 17:41:15,589 [grpc-default-executor-3] INFO  impl.RoleInfo (RoleInfo.java:updateAndGet(143)) - 7b1e61a0-7daf-43dd-99d5-9b325c1d31ae: start FollowerState
2019-10-20 17:41:15,606 [8f18dce1-0a3d-4b65-9c78-af3d58b2da7f@group-091950D56227-LeaderElection527] INFO  impl.LeaderElection (LeaderElection.java:logAndReturn(56)) - 8f18dce1-0a3d-4b65-9c78-af3d58b2da7f@group-091950D56227-LeaderElection527: Election REJECTED; received 2 response(s) [8f18dce1-0a3d-4b65-9c78-af3d58b2da7f<-8a63e1ae-032e-4bed-9f20-125a11f65413#0:FAIL-t624, 8f18dce1-0a3d-4b65-9c78-af3d58b2da7f<-7b1e61a0-7daf-43dd-99d5-9b325c1d31ae#0:FAIL-t624] and 0 exception(s); 8f18dce1-0a3d-4b65-9c78-af3d58b2da7f@group-091950D56227:t624, leader=null, voted=8f18dce1-0a3d-4b65-9c78-af3d58b2da7f, raftlog=8f18dce1-0a3d-4b65-9c78-af3d58b2da7f@group-091950D56227-SegmentedRaftLog:OPENED:c-1,f-1,i0, conf=-1: [8a63e1ae-032e-4bed-9f20-125a11f65413:0.0.0.0:38685, 8f18dce1-0a3d-4b65-9c78-af3d58b2da7f:0.0.0.0:42489, 7b1e61a0-7daf-43dd-99d5-9b325c1d31ae:0.0.0.0:38412], old=null
2019-10-20 17:41:15,606 [8f18dce1-0a3d-4b65-9c78-af3d58b2da7f@group-091950D56227-LeaderElection527] INFO  impl.RaftServerImpl (RaftServerImpl.java:setRole(184)) - 8f18dce1-0a3d-4b65-9c78-af3d58b2da7f@group-091950D56227: changes role from CANDIDATE to FOLLOWER at term 624 for DISCOVERED_A_NEW_TERM
2019-10-20 17:41:15,606 [8f18dce1-0a3d-4b65-9c78-af3d58b2da7f@group-091950D56227-LeaderElection527] INFO  impl.RoleInfo (RoleInfo.java:shutdownLeaderElection(134)) - 8f18dce1-0a3d-4b65-9c78-af3d58b2da7f: shutdown LeaderElection
2019-10-20 17:41:15,606 [8f18dce1-0a3d-4b65-9c78-af3d58b2da7f@group-091950D56227-LeaderElection527] INFO  impl.RoleInfo (RoleInfo.java:updateAndGet(143)) - 8f18dce1-0a3d-4b65-9c78-af3d58b2da7f: start FollowerState
2019-10-20 17:41:15,777 [Thread-3761] INFO  impl.FollowerState (FollowerState.java:run(108)) - 8f18dce1-0a3d-4b65-9c78-af3d58b2da7f@group-091950D56227-FollowerState: change to CANDIDATE, lastRpcTime:170ms, electionTimeout:170ms
2019-10-20 17:41:15,777 [Thread-3761] INFO  impl.RoleInfo (RoleInfo.java:shutdownFollowerState(121)) - 8f18dce1-0a3d-4b65-9c78-af3d58b2da7f: shutdown FollowerState
2019-10-20 17:41:15,777 [Thread-3761] INFO  impl.RaftServerImpl (RaftServerImpl.java:setRole(184)) - 8f18dce1-0a3d-4b65-9c78-af3d58b2da7f@group-091950D56227: changes role from  FOLLOWER to CANDIDATE at term 624 for changeToCandidate
2019-10-20 17:41:15,777 [Thread-3761] INFO  impl.RoleInfo (RoleInfo.java:updateAndGet(143)) - 8f18dce1-0a3d-4b65-9c78-af3d58b2da7f: start LeaderElection
2019-10-20 17:41:15,801 [8f18dce1-0a3d-4b65-9c78-af3d58b2da7f@group-091950D56227-LeaderElection528] INFO  impl.LeaderElection (LeaderElection.java:askForVotes(178)) - 8f18dce1-0a3d-4b65-9c78-af3d58b2da7f@group-091950D56227-LeaderElection528: begin an election at term 625 for -1: [8a63e1ae-032e-4bed-9f20-125a11f65413:0.0.0.0:38685, 8f18dce1-0a3d-4b65-9c78-af3d58b2da7f:0.0.0.0:42489, 7b1e61a0-7daf-43dd-99d5-9b325c1d31ae:0.0.0.0:38412], old=null
2019-10-20 17:41:15,802 [grpc-default-executor-3] INFO  impl.RaftServerImpl (RaftServerImpl.java:setRole(184)) - 8a63e1ae-032e-4bed-9f20-125a11f65413@group-091950D56227: changes role from  FOLLOWER to FOLLOWER at term 625 for recognizeCandidate:8f18dce1-0a3d-4b65-9c78-af3d58b2da7f
2019-10-20 17:41:15,803 [grpc-default-executor-3] INFO  impl.RoleInfo (RoleInfo.java:shutdownFollowerState(121)) - 8a63e1ae-032e-4bed-9f20-125a11f65413: shutdown FollowerState
2019-10-20 17:41:15,802 [grpc-default-executor-0] INFO  impl.RaftServerImpl (RaftServerImpl.java:setRole(184)) - 7b1e61a0-7daf-43dd-99d5-9b325c1d31ae@group-091950D56227: changes role from  FOLLOWER to FOLLOWER at term 625 for recognizeCandidate:8f18dce1-0a3d-4b65-9c78-af3d58b2da7f
2019-10-20 17:41:15,803 [grpc-default-executor-0] INFO  impl.RoleInfo (RoleInfo.java:shutdownFollowerState(121)) - 7b1e61a0-7daf-43dd-99d5-9b325c1d31ae: shutdown FollowerState
2019-10-20 17:41:15,803 [Thread-3759] INFO  impl.FollowerState (FollowerState.java:run(117)) - 8a63e1ae-032e-4bed-9f20-125a11f65413@group-091950D56227-FollowerState was interrupted: java.lang.InterruptedException: sleep interrupted
2019-10-20 17:41:15,803 [grpc-default-executor-3] INFO  impl.RoleInfo (RoleInfo.java:updateAndGet(143)) - 8a63e1ae-032e-4bed-9f20-125a11f65413: start FollowerState
2019-10-20 17:41:15,803 [Thread-3760] INFO  impl.FollowerState (FollowerState.java:run(117)) - 7b1e61a0-7daf-43dd-99d5-9b325c1d31ae@group-091950D56227-FollowerState was interrupted: java.lang.InterruptedException: sleep interrupted
2019-10-20 17:41:15,803 [grpc-default-executor-0] INFO  impl.RoleInfo (RoleInfo.java:updateAndGet(143)) - 7b1e61a0-7daf-43dd-99d5-9b325c1d31ae: start FollowerState
2019-10-20 17:41:15,828 [8f18dce1-0a3d-4b65-9c78-af3d58b2da7f@group-091950D56227-LeaderElection528] INFO  impl.LeaderElection (LeaderElection.java:logAndReturn(56)) - 8f18dce1-0a3d-4b65-9c78-af3d58b2da7f@group-091950D56227-LeaderElection528: Election REJECTED; received 2 response(s) [8f18dce1-0a3d-4b65-9c78-af3d58b2da7f<-8a63e1ae-032e-4bed-9f20-125a11f65413#0:FAIL-t625, 8f18dce1-0a3d-4b65-9c78-af3d58b2da7f<-7b1e61a0-7daf-43dd-99d5-9b325c1d31ae#0:FAIL-t625] and 0 exception(s); 8f18dce1-0a3d-4b65-9c78-af3d58b2da7f@group-091950D56227:t625, leader=null, voted=8f18dce1-0a3d-4b65-9c78-af3d58b2da7f, raftlog=8f18dce1-0a3d-4b65-9c78-af3d58b2da7f@group-091950D56227-SegmentedRaftLog:OPENED:c-1,f-1,i0, conf=-1: [8a63e1ae-032e-4bed-9f20-125a11f65413:0.0.0.0:38685, 8f18dce1-0a3d-4b65-9c78-af3d58b2da7f:0.0.0.0:42489, 7b1e61a0-7daf-43dd-99d5-9b325c1d31ae:0.0.0.0:38412], old=null
2019-10-20 17:41:15,828 [8f18dce1-0a3d-4b65-9c78-af3d58b2da7f@group-091950D56227-LeaderElection528] INFO  impl.RaftServerImpl (RaftServerImpl.java:setRole(184)) - 8f18dce1-0a3d-4b65-9c78-af3d58b2da7f@group-091950D56227: changes role from CANDIDATE to FOLLOWER at term 625 for DISCOVERED_A_NEW_TERM
2019-10-20 17:41:15,828 [8f18dce1-0a3d-4b65-9c78-af3d58b2da7f@group-091950D56227-LeaderElection528] INFO  impl.RoleInfo (RoleInfo.java:shutdownLeaderElection(134)) - 8f18dce1-0a3d-4b65-9c78-af3d58b2da7f: shutdown LeaderElection
2019-10-20 17:41:15,828 [8f18dce1-0a3d-4b65-9c78-af3d58b2da7f@group-091950D56227-LeaderElection528] INFO  impl.RoleInfo (RoleInfo.java:updateAndGet(143)) - 8f18dce1-0a3d-4b65-9c78-af3d58b2da7f: start FollowerState
2019-10-20 17:41:15,900 [Thread-3767] INFO  impl.FollowerState (FollowerState.java:run(108)) - 8f18dce1-0a3d-4b65-9c78-af3d58b2da7f@group-091950D56227-FollowerState: change to CANDIDATE, lastRpcTime:72ms, electionTimeout:72ms
2019-10-20 17:41:15,900 [Thread-3767] INFO  impl.RoleInfo (RoleInfo.java:shutdownFollowerState(121)) - 8f18dce1-0a3d-4b65-9c78-af3d58b2da7f: shutdown FollowerState
2019-10-20 17:41:15,901 [Thread-3767] INFO  impl.RaftServerImpl (RaftServerImpl.java:setRole(184)) - 8f18dce1-0a3d-4b65-9c78-af3d58b2da7f@group-091950D56227: changes role from  FOLLOWER to CANDIDATE at term 625 for changeToCandidate
2019-10-20 17:41:15,901 [Thread-3767] INFO  impl.RoleInfo (RoleInfo.java:updateAndGet(143)) - 8f18dce1-0a3d-4b65-9c78-af3d58b2da7f: start LeaderElection
2019-10-20 17:41:15,919 [8f18dce1-0a3d-4b65-9c78-af3d58b2da7f@group-091950D56227-LeaderElection529] INFO  impl.LeaderElection (LeaderElection.java:askForVotes(178)) - 8f18dce1-0a3d-4b65-9c78-af3d58b2da7f@group-091950D56227-LeaderElection529: begin an election at term 626 for -1: [8a63e1ae-032e-4bed-9f20-125a11f65413:0.0.0.0:38685, 8f18dce1-0a3d-4b65-9c78-af3d58b2da7f:0.0.0.0:42489, 7b1e61a0-7daf-43dd-99d5-9b325c1d31ae:0.0.0.0:38412], old=null
2019-10-20 17:41:15,921 [grpc-default-executor-0] INFO  impl.RaftServerImpl (RaftServerImpl.java:setRole(184)) - 8a63e1ae-032e-4bed-9f20-125a11f65413@group-091950D56227: changes role from  FOLLOWER to FOLLOWER at term 626 for recognizeCandidate:8f18dce1-0a3d-4b65-9c78-af3d58b2da7f
2019-10-20 17:41:15,921 [grpc-default-executor-0] INFO  impl.RoleInfo (RoleInfo.java:shutdownFollowerState(121)) - 8a63e1ae-032e-4bed-9f20-125a11f65413: shutdown FollowerState
2019-10-20 17:41:15,921 [grpc-default-executor-0] INFO  impl.RoleInfo (RoleInfo.java:updateAndGet(143)) - 8a63e1ae-032e-4bed-9f20-125a11f65413: start FollowerState
2019-10-20 17:41:15,921 [grpc-default-executor-3] INFO  impl.RaftServerImpl (RaftServerImpl.java:setRole(184)) - 7b1e61a0-7daf-43dd-99d5-9b325c1d31ae@group-091950D56227: changes role from  FOLLOWER to FOLLOWER at term 626 for recognizeCandidate:8f18dce1-0a3d-4b65-9c78-af3d58b2da7f
2019-10-20 17:41:15,921 [grpc-default-executor-3] INFO  impl.RoleInfo (RoleInfo.java:shutdownFollowerState(121)) - 7b1e61a0-7daf-43dd-99d5-9b325c1d31ae: shutdown FollowerState
2019-10-20 17:41:15,921 [Thread-3765] INFO  impl.FollowerState (FollowerState.java:run(117)) - 8a63e1ae-032e-4bed-9f20-125a11f65413@group-091950D56227-FollowerState was interrupted: java.lang.InterruptedException: sleep interrupted
2019-10-20 17:41:15,922 [Thread-3766] INFO  impl.FollowerState (FollowerState.java:run(117)) - 7b1e61a0-7daf-43dd-99d5-9b325c1d31ae@group-091950D56227-FollowerState was interrupted: java.lang.InterruptedException: sleep interrupted
2019-10-20 17:41:15,922 [grpc-default-executor-3] INFO  impl.RoleInfo (RoleInfo.java:updateAndGet(143)) - 7b1e61a0-7daf-43dd-99d5-9b325c1d31ae: start FollowerState
2019-10-20 17:41:15,945 [8f18dce1-0a3d-4b65-9c78-af3d58b2da7f@group-091950D56227-LeaderElection529] INFO  impl.LeaderElection (LeaderElection.java:logAndReturn(56)) - 8f18dce1-0a3d-4b65-9c78-af3d58b2da7f@group-091950D56227-LeaderElection529: Election REJECTED; received 2 response(s) [8f18dce1-0a3d-4b65-9c78-af3d58b2da7f<-8a63e1ae-032e-4bed-9f20-125a11f65413#0:FAIL-t626, 8f18dce1-0a3d-4b65-9c78-af3d58b2da7f<-7b1e61a0-7daf-43dd-99d5-9b325c1d31ae#0:FAIL-t626] and 0 exception(s); 8f18dce1-0a3d-4b65-9c78-af3d58b2da7f@group-091950D56227:t626, leader=null, voted=8f18dce1-0a3d-4b65-9c78-af3d58b2da7f, raftlog=8f18dce1-0a3d-4b65-9c78-af3d58b2da7f@group-091950D56227-SegmentedRaftLog:OPENED:c-1,f-1,i0, conf=-1: [8a63e1ae-032e-4bed-9f20-125a11f65413:0.0.0.0:38685, 8f18dce1-0a3d-4b65-9c78-af3d58b2da7f:0.0.0.0:42489, 7b1e61a0-7daf-43dd-99d5-9b325c1d31ae:0.0.0.0:38412], old=null
2019-10-20 17:41:15,945 [8f18dce1-0a3d-4b65-9c78-af3d58b2da7f@group-091950D56227-LeaderElection529] INFO  impl.RaftServerImpl (RaftServerImpl.java:setRole(184)) - 8f18dce1-0a3d-4b65-9c78-af3d58b2da7f@group-091950D56227: changes role from CANDIDATE to FOLLOWER at term 626 for DISCOVERED_A_NEW_TERM
2019-10-20 17:41:15,945 [8f18dce1-0a3d-4b65-9c78-af3d58b2da7f@group-091950D56227-LeaderElection529] INFO  impl.RoleInfo (RoleInfo.java:shutdownLeaderElection(134)) - 8f18dce1-0a3d-4b65-9c78-af3d58b2da7f: shutdown LeaderElection
2019-10-20 17:41:15,945 [8f18dce1-0a3d-4b65-9c78-af3d58b2da7f@group-091950D56227-LeaderElection529] INFO  impl.RoleInfo (RoleInfo.java:updateAndGet(143)) - 8f18dce1-0a3d-4b65-9c78-af3d58b2da7f: start FollowerState
2019-10-20 17:41:16,102 [Thread-3773] INFO  impl.FollowerState (FollowerState.java:run(108)) - 8f18dce1-0a3d-4b65-9c78-af3d58b2da7f@group-091950D56227-FollowerState: change to CANDIDATE, lastRpcTime:156ms, electionTimeout:156ms
2019-10-20 17:41:16,102 [Thread-3773] INFO  impl.RoleInfo (RoleInfo.java:shutdownFollowerState(121)) - 8f18dce1-0a3d-4b65-9c78-af3d58b2da7f: shutdown FollowerState
2019-10-20 17:41:16,102 [Thread-3773] INFO  impl.RaftServerImpl (RaftServerImpl.java:setRole(184)) - 8f18dce1-0a3d-4b65-9c78-af3d58b2da7f@group-091950D56227: changes role from  FOLLOWER to CANDIDATE at term 626 for changeToCandidate
2019-10-20 17:41:16,102 [Thread-3773] INFO  impl.RoleInfo (RoleInfo.java:updateAndGet(143)) - 8f18dce1-0a3d-4b65-9c78-af3d58b2da7f: start LeaderElection
2019-10-20 17:41:16,131 [8f18dce1-0a3d-4b65-9c78-af3d58b2da7f@group-091950D56227-LeaderElection530] INFO  impl.LeaderElection (LeaderElection.java:askForVotes(178)) - 8f18dce1-0a3d-4b65-9c78-af3d58b2da7f@group-091950D56227-LeaderElection530: begin an election at term 627 for -1: [8a63e1ae-032e-4bed-9f20-125a11f65413:0.0.0.0:38685, 8f18dce1-0a3d-4b65-9c78-af3d58b2da7f:0.0.0.0:42489, 7b1e61a0-7daf-43dd-99d5-9b325c1d31ae:0.0.0.0:38412], old=null
2019-10-20 17:41:16,133 [grpc-default-executor-3] INFO  impl.RaftServerImpl (RaftServerImpl.java:setRole(184)) - 7b1e61a0-7daf-43dd-99d5-9b325c1d31ae@group-091950D56227: changes role from  FOLLOWER to FOLLOWER at term 627 for recognizeCandidate:8f18dce1-0a3d-4b65-9c78-af3d58b2da7f
2019-10-20 17:41:16,133 [grpc-default-executor-1] INFO  impl.RaftServerImpl (RaftServerImpl.java:setRole(184)) - 8a63e1ae-032e-4bed-9f20-125a11f65413@group-091950D56227: changes role from  FOLLOWER to FOLLOWER at term 627 for recognizeCandidate:8f18dce1-0a3d-4b65-9c78-af3d58b2da7f
2019-10-20 17:41:16,133 [grpc-default-executor-1] INFO  impl.RoleInfo (RoleInfo.java:shutdownFollowerState(121)) - 8a63e1ae-032e-4bed-9f20-125a11f65413: shutdown FollowerState
2019-10-20 17:41:16,133 [grpc-default-executor-3] INFO  impl.RoleInfo (RoleInfo.java:shutdownFollowerState(121)) - 7b1e61a0-7daf-43dd-99d5-9b325c1d31ae: shutdown FollowerState
2019-10-20 17:41:16,134 [Thread-3771] INFO  impl.FollowerState (FollowerState.java:run(117)) - 8a63e1ae-032e-4bed-9f20-125a11f65413@group-091950D56227-FollowerState was interrupted: java.lang.InterruptedException: sleep interrupted
2019-10-20 17:41:16,133 [grpc-default-executor-1] INFO  impl.RoleInfo (RoleInfo.java:updateAndGet(143)) - 8a63e1ae-032e-4bed-9f20-125a11f65413: start FollowerState
2019-10-20 17:41:16,134 [Thread-3772] INFO  impl.FollowerState (FollowerState.java:run(117)) - 7b1e61a0-7daf-43dd-99d5-9b325c1d31ae@group-091950D56227-FollowerState was interrupted: java.lang.InterruptedException: sleep interrupted
2019-10-20 17:41:16,134 [grpc-default-executor-3] INFO  impl.RoleInfo (RoleInfo.java:updateAndGet(143)) - 7b1e61a0-7daf-43dd-99d5-9b325c1d31ae: start FollowerState
2019-10-20 17:41:16,157 [8f18dce1-0a3d-4b65-9c78-af3d58b2da7f@group-091950D56227-LeaderElection530] INFO  impl.LeaderElection (LeaderElection.java:logAndReturn(56)) - 8f18dce1-0a3d-4b65-9c78-af3d58b2da7f@group-091950D56227-LeaderElection530: Election REJECTED; received 2 response(s) [8f18dce1-0a3d-4b65-9c78-af3d58b2da7f<-8a63e1ae-032e-4bed-9f20-125a11f65413#0:FAIL-t627, 8f18dce1-0a3d-4b65-9c78-af3d58b2da7f<-7b1e61a0-7daf-43dd-99d5-9b325c1d31ae#0:FAIL-t627] and 0 exception(s); 8f18dce1-0a3d-4b65-9c78-af3d58b2da7f@group-091950D56227:t627, leader=null, voted=8f18dce1-0a3d-4b65-9c78-af3d58b2da7f, raftlog=8f18dce1-0a3d-4b65-9c78-af3d58b2da7f@group-091950D56227-SegmentedRaftLog:OPENED:c-1,f-1,i0, conf=-1: [8a63e1ae-032e-4bed-9f20-125a11f65413:0.0.0.0:38685, 8f18dce1-0a3d-4b65-9c78-af3d58b2da7f:0.0.0.0:42489, 7b1e61a0-7daf-43dd-99d5-9b325c1d31ae:0.0.0.0:38412], old=null
2019-10-20 17:41:16,158 [8f18dce1-0a3d-4b65-9c78-af3d58b2da7f@group-091950D56227-LeaderElection530] INFO  impl.RaftServerImpl (RaftServerImpl.java:setRole(184)) - 8f18dce1-0a3d-4b65-9c78-af3d58b2da7f@group-091950D56227: changes role from CANDIDATE to FOLLOWER at term 627 for DISCOVERED_A_NEW_TERM
2019-10-20 17:41:16,158 [8f18dce1-0a3d-4b65-9c78-af3d58b2da7f@group-091950D56227-LeaderElection530] INFO  impl.RoleInfo (RoleInfo.java:shutdownLeaderElection(134)) - 8f18dce1-0a3d-4b65-9c78-af3d58b2da7f: shutdown LeaderElection
2019-10-20 17:41:16,158 [8f18dce1-0a3d-4b65-9c78-af3d58b2da7f@group-091950D56227-LeaderElection530] INFO  impl.RoleInfo (RoleInfo.java:updateAndGet(143)) - 8f18dce1-0a3d-4b65-9c78-af3d58b2da7f: start FollowerState
2019-10-20 17:41:16,279 [Thread-3779] INFO  impl.FollowerState (FollowerState.java:run(108)) - 8f18dce1-0a3d-4b65-9c78-af3d58b2da7f@group-091950D56227-FollowerState: change to CANDIDATE, lastRpcTime:121ms, electionTimeout:121ms
2019-10-20 17:41:16,279 [Thread-3779] INFO  impl.RoleInfo (RoleInfo.java:shutdownFollowerState(121)) - 8f18dce1-0a3d-4b65-9c78-af3d58b2da7f: shutdown FollowerState
2019-10-20 17:41:16,280 [Thread-3779] INFO  impl.RaftServerImpl (RaftServerImpl.java:setRole(184)) - 8f18dce1-0a3d-4b65-9c78-af3d58b2da7f@group-091950D56227: changes role from  FOLLOWER to CANDIDATE at term 627 for changeToCandidate
2019-10-20 17:41:16,280 [Thread-3779] INFO  impl.RoleInfo (RoleInfo.java:updateAndGet(143)) - 8f18dce1-0a3d-4b65-9c78-af3d58b2da7f: start LeaderElection
2019-10-20 17:41:16,307 [8f18dce1-0a3d-4b65-9c78-af3d58b2da7f@group-091950D56227-LeaderElection531] INFO  impl.LeaderElection (LeaderElection.java:askForVotes(178)) - 8f18dce1-0a3d-4b65-9c78-af3d58b2da7f@group-091950D56227-LeaderElection531: begin an election at term 628 for -1: [8a63e1ae-032e-4bed-9f20-125a11f65413:0.0.0.0:38685, 8f18dce1-0a3d-4b65-9c78-af3d58b2da7f:0.0.0.0:42489, 7b1e61a0-7daf-43dd-99d5-9b325c1d31ae:0.0.0.0:38412], old=null
2019-10-20 17:41:16,309 [grpc-default-executor-1] INFO  impl.RaftServerImpl (RaftServerImpl.java:setRole(184)) - 8a63e1ae-032e-4bed-9f20-125a11f65413@group-091950D56227: changes role from  FOLLOWER to FOLLOWER at term 628 for recognizeCandidate:8f18dce1-0a3d-4b65-9c78-af3d58b2da7f
2019-10-20 17:41:16,310 [grpc-default-executor-1] INFO  impl.RoleInfo (RoleInfo.java:shutdownFollowerState(121)) - 8a63e1ae-032e-4bed-9f20-125a11f65413: shutdown FollowerState
2019-10-20 17:41:16,310 [grpc-default-executor-1] INFO  impl.RoleInfo (RoleInfo.java:updateAndGet(143)) - 8a63e1ae-032e-4bed-9f20-125a11f65413: start FollowerState
2019-10-20 17:41:16,310 [Thread-3777] INFO  impl.FollowerState (FollowerState.java:run(117)) - 8a63e1ae-032e-4bed-9f20-125a11f65413@group-091950D56227-FollowerState was interrupted: java.lang.InterruptedException: sleep interrupted
2019-10-20 17:41:16,310 [grpc-default-executor-3] INFO  impl.RaftServerImpl (RaftServerImpl.java:setRole(184)) - 7b1e61a0-7daf-43dd-99d5-9b325c1d31ae@group-091950D56227: changes role from  FOLLOWER to FOLLOWER at term 628 for recognizeCandidate:8f18dce1-0a3d-4b65-9c78-af3d58b2da7f
2019-10-20 17:41:16,310 [grpc-default-executor-3] INFO  impl.RoleInfo (RoleInfo.java:shutdownFollowerState(121)) - 7b1e61a0-7daf-43dd-99d5-9b325c1d31ae: shutdown FollowerState
2019-10-20 17:41:16,311 [grpc-default-executor-3] INFO  impl.RoleInfo (RoleInfo.java:updateAndGet(143)) - 7b1e61a0-7daf-43dd-99d5-9b325c1d31ae: start FollowerState
2019-10-20 17:41:16,311 [Thread-3778] INFO  impl.FollowerState (FollowerState.java:run(117)) - 7b1e61a0-7daf-43dd-99d5-9b325c1d31ae@group-091950D56227-FollowerState was interrupted: java.lang.InterruptedException: sleep interrupted
2019-10-20 17:41:16,314 [8f18dce1-0a3d-4b65-9c78-af3d58b2da7f@group-091950D56227-LeaderElection531] INFO  impl.LeaderElection (LeaderElection.java:logAndReturn(56)) - 8f18dce1-0a3d-4b65-9c78-af3d58b2da7f@group-091950D56227-LeaderElection531: Election TIMEOUT; received 0 response(s) [] and 0 exception(s); 8f18dce1-0a3d-4b65-9c78-af3d58b2da7f@group-091950D56227:t628, leader=null, voted=8f18dce1-0a3d-4b65-9c78-af3d58b2da7f, raftlog=8f18dce1-0a3d-4b65-9c78-af3d58b2da7f@group-091950D56227-SegmentedRaftLog:OPENED:c-1,f-1,i0, conf=-1: [8a63e1ae-032e-4bed-9f20-125a11f65413:0.0.0.0:38685, 8f18dce1-0a3d-4b65-9c78-af3d58b2da7f:0.0.0.0:42489, 7b1e61a0-7daf-43dd-99d5-9b325c1d31ae:0.0.0.0:38412], old=null
2019-10-20 17:41:16,333 [8f18dce1-0a3d-4b65-9c78-af3d58b2da7f@group-091950D56227-LeaderElection531] INFO  impl.LeaderElection (LeaderElection.java:askForVotes(178)) - 8f18dce1-0a3d-4b65-9c78-af3d58b2da7f@group-091950D56227-LeaderElection531: begin an election at term 629 for -1: [8a63e1ae-032e-4bed-9f20-125a11f65413:0.0.0.0:38685, 8f18dce1-0a3d-4b65-9c78-af3d58b2da7f:0.0.0.0:42489, 7b1e61a0-7daf-43dd-99d5-9b325c1d31ae:0.0.0.0:38412], old=null
2019-10-20 17:41:16,334 [grpc-default-executor-1] INFO  impl.RaftServerImpl (RaftServerImpl.java:setRole(184)) - 8a63e1ae-032e-4bed-9f20-125a11f65413@group-091950D56227: changes role from  FOLLOWER to FOLLOWER at term 629 for recognizeCandidate:8f18dce1-0a3d-4b65-9c78-af3d58b2da7f
2019-10-20 17:41:16,334 [grpc-default-executor-3] INFO  impl.RaftServerImpl (RaftServerImpl.java:setRole(184)) - 7b1e61a0-7daf-43dd-99d5-9b325c1d31ae@group-091950D56227: changes role from  FOLLOWER to FOLLOWER at term 629 for recognizeCandidate:8f18dce1-0a3d-4b65-9c78-af3d58b2da7f
2019-10-20 17:41:16,334 [grpc-default-executor-3] INFO  impl.RoleInfo (RoleInfo.java:shutdownFollowerState(121)) - 7b1e61a0-7daf-43dd-99d5-9b325c1d31ae: shutdown FollowerState
2019-10-20 17:41:16,334 [grpc-default-executor-1] INFO  impl.RoleInfo (RoleInfo.java:shutdownFollowerState(121)) - 8a63e1ae-032e-4bed-9f20-125a11f65413: shutdown FollowerState
2019-10-20 17:41:16,334 [Thread-3784] INFO  impl.FollowerState (FollowerState.java:run(117)) - 7b1e61a0-7daf-43dd-99d5-9b325c1d31ae@group-091950D56227-FollowerState was interrupted: java.lang.InterruptedException: sleep interrupted
2019-10-20 17:41:16,335 [Thread-3783] INFO  impl.FollowerState (FollowerState.java:run(117)) - 8a63e1ae-032e-4bed-9f20-125a11f65413@group-091950D56227-FollowerState was interrupted: java.lang.InterruptedException: sleep interrupted
2019-10-20 17:41:16,334 [grpc-default-executor-3] INFO  impl.RoleInfo (RoleInfo.java:updateAndGet(143)) - 7b1e61a0-7daf-43dd-99d5-9b325c1d31ae: start FollowerState
2019-10-20 17:41:16,334 [grpc-default-executor-1] INFO  impl.RoleInfo (RoleInfo.java:updateAndGet(143)) - 8a63e1ae-032e-4bed-9f20-125a11f65413: start FollowerState
2019-10-20 17:41:16,359 [8f18dce1-0a3d-4b65-9c78-af3d58b2da7f@group-091950D56227-LeaderElection531] INFO  impl.LeaderElection (LeaderElection.java:logAndReturn(56)) - 8f18dce1-0a3d-4b65-9c78-af3d58b2da7f@group-091950D56227-LeaderElection531: Election REJECTED; received 2 response(s) [8f18dce1-0a3d-4b65-9c78-af3d58b2da7f<-8a63e1ae-032e-4bed-9f20-125a11f65413#0:FAIL-t629, 8f18dce1-0a3d-4b65-9c78-af3d58b2da7f<-7b1e61a0-7daf-43dd-99d5-9b325c1d31ae#0:FAIL-t629] and 0 exception(s); 8f18dce1-0a3d-4b65-9c78-af3d58b2da7f@group-091950D56227:t629, leader=null, voted=8f18dce1-0a3d-4b65-9c78-af3d58b2da7f, raftlog=8f18dce1-0a3d-4b65-9c78-af3d58b2da7f@group-091950D56227-SegmentedRaftLog:OPENED:c-1,f-1,i0, conf=-1: [8a63e1ae-032e-4bed-9f20-125a11f65413:0.0.0.0:38685, 8f18dce1-0a3d-4b65-9c78-af3d58b2da7f:0.0.0.0:42489, 7b1e61a0-7daf-43dd-99d5-9b325c1d31ae:0.0.0.0:38412], old=null
2019-10-20 17:41:16,359 [8f18dce1-0a3d-4b65-9c78-af3d58b2da7f@group-091950D56227-LeaderElection531] INFO  impl.RaftServerImpl (RaftServerImpl.java:setRole(184)) - 8f18dce1-0a3d-4b65-9c78-af3d58b2da7f@group-091950D56227: changes role from CANDIDATE to FOLLOWER at term 629 for DISCOVERED_A_NEW_TERM
2019-10-20 17:41:16,359 [8f18dce1-0a3d-4b65-9c78-af3d58b2da7f@group-091950D56227-LeaderElection531] INFO  impl.RoleInfo (RoleInfo.java:shutdownLeaderElection(134)) - 8f18dce1-0a3d-4b65-9c78-af3d58b2da7f: shutdown LeaderElection
2019-10-20 17:41:16,359 [8f18dce1-0a3d-4b65-9c78-af3d58b2da7f@group-091950D56227-LeaderElection531] INFO  impl.RoleInfo (RoleInfo.java:updateAndGet(143)) - 8f18dce1-0a3d-4b65-9c78-af3d58b2da7f: start FollowerState
2019-10-20 17:41:16,492 [Thread-3789] INFO  impl.FollowerState (FollowerState.java:run(108)) - 8f18dce1-0a3d-4b65-9c78-af3d58b2da7f@group-091950D56227-FollowerState: change to CANDIDATE, lastRpcTime:132ms, electionTimeout:132ms
2019-10-20 17:41:16,492 [Thread-3789] INFO  impl.RoleInfo (RoleInfo.java:shutdownFollowerState(121)) - 8f18dce1-0a3d-4b65-9c78-af3d58b2da7f: shutdown FollowerState
2019-10-20 17:41:16,492 [Thread-3789] INFO  impl.RaftServerImpl (RaftServerImpl.java:setRole(184)) - 8f18dce1-0a3d-4b65-9c78-af3d58b2da7f@group-091950D56227: changes role from  FOLLOWER to CANDIDATE at term 629 for changeToCandidate
2019-10-20 17:41:16,492 [Thread-3789] INFO  impl.RoleInfo (RoleInfo.java:updateAndGet(143)) - 8f18dce1-0a3d-4b65-9c78-af3d58b2da7f: start LeaderElection
2019-10-20 17:41:16,526 [8f18dce1-0a3d-4b65-9c78-af3d58b2da7f@group-091950D56227-LeaderElection532] INFO  impl.LeaderElection (LeaderElection.java:askForVotes(178)) - 8f18dce1-0a3d-4b65-9c78-af3d58b2da7f@group-091950D56227-LeaderElection532: begin an election at term 630 for -1: [8a63e1ae-032e-4bed-9f20-125a11f65413:0.0.0.0:38685, 8f18dce1-0a3d-4b65-9c78-af3d58b2da7f:0.0.0.0:42489, 7b1e61a0-7daf-43dd-99d5-9b325c1d31ae:0.0.0.0:38412], old=null
2019-10-20 17:41:16,527 [grpc-default-executor-3] INFO  impl.RaftServerImpl (RaftServerImpl.java:setRole(184)) - 8a63e1ae-032e-4bed-9f20-125a11f65413@group-091950D56227: changes role from  FOLLOWER to FOLLOWER at term 630 for recognizeCandidate:8f18dce1-0a3d-4b65-9c78-af3d58b2da7f
2019-10-20 17:41:16,527 [grpc-default-executor-1] INFO  impl.RaftServerImpl (RaftServerImpl.java:setRole(184)) - 7b1e61a0-7daf-43dd-99d5-9b325c1d31ae@group-091950D56227: changes role from  FOLLOWER to FOLLOWER at term 630 for recognizeCandidate:8f18dce1-0a3d-4b65-9c78-af3d58b2da7f
2019-10-20 17:41:16,528 [grpc-default-executor-1] INFO  impl.RoleInfo (RoleInfo.java:shutdownFollowerState(121)) - 7b1e61a0-7daf-43dd-99d5-9b325c1d31ae: shutdown FollowerState
2019-10-20 17:41:16,528 [grpc-default-executor-3] INFO  impl.RoleInfo (RoleInfo.java:shutdownFollowerState(121)) - 8a63e1ae-032e-4bed-9f20-125a11f65413: shutdown FollowerState
2019-10-20 17:41:16,528 [Thread-3787] INFO  impl.FollowerState (FollowerState.java:run(117)) - 7b1e61a0-7daf-43dd-99d5-9b325c1d31ae@group-091950D56227-FollowerState was interrupted: java.lang.InterruptedException: sleep interrupted
2019-10-20 17:41:16,528 [grpc-default-executor-1] INFO  impl.RoleInfo (RoleInfo.java:updateAndGet(143)) - 7b1e61a0-7daf-43dd-99d5-9b325c1d31ae: start FollowerState
2019-10-20 17:41:16,528 [Thread-3788] INFO  impl.FollowerState (FollowerState.java:run(117)) - 8a63e1ae-032e-4bed-9f20-125a11f65413@group-091950D56227-FollowerState was interrupted: java.lang.InterruptedException: sleep interrupted
2019-10-20 17:41:16,528 [grpc-default-executor-3] INFO  impl.RoleInfo (RoleInfo.java:updateAndGet(143)) - 8a63e1ae-032e-4bed-9f20-125a11f65413: start FollowerState
2019-10-20 17:41:16,552 [8f18dce1-0a3d-4b65-9c78-af3d58b2da7f@group-091950D56227-LeaderElection532] INFO  impl.LeaderElection (LeaderElection.java:logAndReturn(56)) - 8f18dce1-0a3d-4b65-9c78-af3d58b2da7f@group-091950D56227-LeaderElection532: Election REJECTED; received 2 response(s) [8f18dce1-0a3d-4b65-9c78-af3d58b2da7f<-8a63e1ae-032e-4bed-9f20-125a11f65413#0:FAIL-t630, 8f18dce1-0a3d-4b65-9c78-af3d58b2da7f<-7b1e61a0-7daf-43dd-99d5-9b325c1d31ae#0:FAIL-t630] and 0 exception(s); 8f18dce1-0a3d-4b65-9c78-af3d58b2da7f@group-091950D56227:t630, leader=null, voted=8f18dce1-0a3d-4b65-9c78-af3d58b2da7f, raftlog=8f18dce1-0a3d-4b65-9c78-af3d58b2da7f@group-091950D56227-SegmentedRaftLog:OPENED:c-1,f-1,i0, conf=-1: [8a63e1ae-032e-4bed-9f20-125a11f65413:0.0.0.0:38685, 8f18dce1-0a3d-4b65-9c78-af3d58b2da7f:0.0.0.0:42489, 7b1e61a0-7daf-43dd-99d5-9b325c1d31ae:0.0.0.0:38412], old=null
2019-10-20 17:41:16,552 [8f18dce1-0a3d-4b65-9c78-af3d58b2da7f@group-091950D56227-LeaderElection532] INFO  impl.RaftServerImpl (RaftServerImpl.java:setRole(184)) - 8f18dce1-0a3d-4b65-9c78-af3d58b2da7f@group-091950D56227: changes role from CANDIDATE to FOLLOWER at term 630 for DISCOVERED_A_NEW_TERM
2019-10-20 17:41:16,552 [8f18dce1-0a3d-4b65-9c78-af3d58b2da7f@group-091950D56227-LeaderElection532] INFO  impl.RoleInfo (RoleInfo.java:shutdownLeaderElection(134)) - 8f18dce1-0a3d-4b65-9c78-af3d58b2da7f: shutdown LeaderElection
2019-10-20 17:41:16,552 [8f18dce1-0a3d-4b65-9c78-af3d58b2da7f@group-091950D56227-LeaderElection532] INFO  impl.RoleInfo (RoleInfo.java:updateAndGet(143)) - 8f18dce1-0a3d-4b65-9c78-af3d58b2da7f: start FollowerState
2019-10-20 17:41:16,657 [Thread-3796] INFO  impl.FollowerState (FollowerState.java:run(108)) - 8f18dce1-0a3d-4b65-9c78-af3d58b2da7f@group-091950D56227-FollowerState: change to CANDIDATE, lastRpcTime:105ms, electionTimeout:105ms
2019-10-20 17:41:16,658 [Thread-3796] INFO  impl.RoleInfo (RoleInfo.java:shutdownFollowerState(121)) - 8f18dce1-0a3d-4b65-9c78-af3d58b2da7f: shutdown FollowerState
2019-10-20 17:41:16,658 [Thread-3796] INFO  impl.RaftServerImpl (RaftServerImpl.java:setRole(184)) - 8f18dce1-0a3d-4b65-9c78-af3d58b2da7f@group-091950D56227: changes role from  FOLLOWER to CANDIDATE at term 630 for changeToCandidate
2019-10-20 17:41:16,658 [Thread-3796] INFO  impl.RoleInfo (RoleInfo.java:updateAndGet(143)) - 8f18dce1-0a3d-4b65-9c78-af3d58b2da7f: start LeaderElection
2019-10-20 17:41:16,685 [8f18dce1-0a3d-4b65-9c78-af3d58b2da7f@group-091950D56227-LeaderElection533] INFO  impl.LeaderElection (LeaderElection.java:askForVotes(178)) - 8f18dce1-0a3d-4b65-9c78-af3d58b2da7f@group-091950D56227-LeaderElection533: begin an election at term 631 for -1: [8a63e1ae-032e-4bed-9f20-125a11f65413:0.0.0.0:38685, 8f18dce1-0a3d-4b65-9c78-af3d58b2da7f:0.0.0.0:42489, 7b1e61a0-7daf-43dd-99d5-9b325c1d31ae:0.0.0.0:38412], old=null
2019-10-20 17:41:16,686 [grpc-default-executor-3] INFO  impl.RaftServerImpl (RaftServerImpl.java:setRole(184)) - 8a63e1ae-032e-4bed-9f20-125a11f65413@group-091950D56227: changes role from  FOLLOWER to FOLLOWER at term 631 for recognizeCandidate:8f18dce1-0a3d-4b65-9c78-af3d58b2da7f
2019-10-20 17:41:16,686 [grpc-default-executor-3] INFO  impl.RoleInfo (RoleInfo.java:shutdownFollowerState(121)) - 8a63e1ae-032e-4bed-9f20-125a11f65413: shutdown FollowerState
2019-10-20 17:41:16,687 [grpc-default-executor-1] INFO  impl.RaftServerImpl (RaftServerImpl.java:setRole(184)) - 7b1e61a0-7daf-43dd-99d5-9b325c1d31ae@group-091950D56227: changes role from  FOLLOWER to FOLLOWER at term 631 for recognizeCandidate:8f18dce1-0a3d-4b65-9c78-af3d58b2da7f
2019-10-20 17:41:16,687 [Thread-3794] INFO  impl.FollowerState (FollowerState.java:run(117)) - 8a63e1ae-032e-4bed-9f20-125a11f65413@group-091950D56227-FollowerState was interrupted: java.lang.InterruptedException: sleep interrupted
2019-10-20 17:41:16,687 [grpc-default-executor-3] INFO  impl.RoleInfo (RoleInfo.java:updateAndGet(143)) - 8a63e1ae-032e-4bed-9f20-125a11f65413: start FollowerState
2019-10-20 17:41:16,687 [grpc-default-executor-1] INFO  impl.RoleInfo (RoleInfo.java:shutdownFollowerState(121)) - 7b1e61a0-7daf-43dd-99d5-9b325c1d31ae: shutdown FollowerState
2019-10-20 17:41:16,687 [grpc-default-executor-1] INFO  impl.RoleInfo (RoleInfo.java:updateAndGet(143)) - 7b1e61a0-7daf-43dd-99d5-9b325c1d31ae: start FollowerState
2019-10-20 17:41:16,687 [Thread-3793] INFO  impl.FollowerState (FollowerState.java:run(117)) - 7b1e61a0-7daf-43dd-99d5-9b325c1d31ae@group-091950D56227-FollowerState was interrupted: java.lang.InterruptedException: sleep interrupted
2019-10-20 17:41:16,712 [8f18dce1-0a3d-4b65-9c78-af3d58b2da7f@group-091950D56227-LeaderElection533] INFO  impl.LeaderElection (LeaderElection.java:logAndReturn(56)) - 8f18dce1-0a3d-4b65-9c78-af3d58b2da7f@group-091950D56227-LeaderElection533: Election REJECTED; received 2 response(s) [8f18dce1-0a3d-4b65-9c78-af3d58b2da7f<-8a63e1ae-032e-4bed-9f20-125a11f65413#0:FAIL-t631, 8f18dce1-0a3d-4b65-9c78-af3d58b2da7f<-7b1e61a0-7daf-43dd-99d5-9b325c1d31ae#0:FAIL-t631] and 0 exception(s); 8f18dce1-0a3d-4b65-9c78-af3d58b2da7f@group-091950D56227:t631, leader=null, voted=8f18dce1-0a3d-4b65-9c78-af3d58b2da7f, raftlog=8f18dce1-0a3d-4b65-9c78-af3d58b2da7f@group-091950D56227-SegmentedRaftLog:OPENED:c-1,f-1,i0, conf=-1: [8a63e1ae-032e-4bed-9f20-125a11f65413:0.0.0.0:38685, 8f18dce1-0a3d-4b65-9c78-af3d58b2da7f:0.0.0.0:42489, 7b1e61a0-7daf-43dd-99d5-9b325c1d31ae:0.0.0.0:38412], old=null
2019-10-20 17:41:16,712 [8f18dce1-0a3d-4b65-9c78-af3d58b2da7f@group-091950D56227-LeaderElection533] INFO  impl.RaftServerImpl (RaftServerImpl.java:setRole(184)) - 8f18dce1-0a3d-4b65-9c78-af3d58b2da7f@group-091950D56227: changes role from CANDIDATE to FOLLOWER at term 631 for DISCOVERED_A_NEW_TERM
2019-10-20 17:41:16,712 [8f18dce1-0a3d-4b65-9c78-af3d58b2da7f@group-091950D56227-LeaderElection533] INFO  impl.RoleInfo (RoleInfo.java:shutdownLeaderElection(134)) - 8f18dce1-0a3d-4b65-9c78-af3d58b2da7f: shutdown LeaderElection
2019-10-20 17:41:16,713 [8f18dce1-0a3d-4b65-9c78-af3d58b2da7f@group-091950D56227-LeaderElection533] INFO  impl.RoleInfo (RoleInfo.java:updateAndGet(143)) - 8f18dce1-0a3d-4b65-9c78-af3d58b2da7f: start FollowerState
2019-10-20 17:41:16,733 [Thread-3803] INFO  impl.FollowerState (FollowerState.java:run(108)) - 8f18dce1-0a3d-4b65-9c78-af3d58b2da7f@group-091950D56227-FollowerState: change to CANDIDATE, lastRpcTime:20ms, electionTimeout:20ms
2019-10-20 17:41:16,733 [Thread-3803] INFO  impl.RoleInfo (RoleInfo.java:shutdownFollowerState(121)) - 8f18dce1-0a3d-4b65-9c78-af3d58b2da7f: shutdown FollowerState
2019-10-20 17:41:16,733 [Thread-3803] INFO  impl.RaftServerImpl (RaftServerImpl.java:setRole(184)) - 8f18dce1-0a3d-4b65-9c78-af3d58b2da7f@group-091950D56227: changes role from  FOLLOWER to CANDIDATE at term 631 for changeToCandidate
2019-10-20 17:41:16,733 [Thread-3803] INFO  impl.RoleInfo (RoleInfo.java:updateAndGet(143)) - 8f18dce1-0a3d-4b65-9c78-af3d58b2da7f: start LeaderElection
2019-10-20 17:41:16,762 [8f18dce1-0a3d-4b65-9c78-af3d58b2da7f@group-091950D56227-LeaderElection534] INFO  impl.LeaderElection (LeaderElection.java:askForVotes(178)) - 8f18dce1-0a3d-4b65-9c78-af3d58b2da7f@group-091950D56227-LeaderElection534: begin an election at term 632 for -1: [8a63e1ae-032e-4bed-9f20-125a11f65413:0.0.0.0:38685, 8f18dce1-0a3d-4b65-9c78-af3d58b2da7f:0.0.0.0:42489, 7b1e61a0-7daf-43dd-99d5-9b325c1d31ae:0.0.0.0:38412], old=null
2019-10-20 17:41:16,763 [grpc-default-executor-1] INFO  impl.RaftServerImpl (RaftServerImpl.java:setRole(184)) - 8a63e1ae-032e-4bed-9f20-125a11f65413@group-091950D56227: changes role from  FOLLOWER to FOLLOWER at term 632 for recognizeCandidate:8f18dce1-0a3d-4b65-9c78-af3d58b2da7f
2019-10-20 17:41:16,763 [grpc-default-executor-1] INFO  impl.RoleInfo (RoleInfo.java:shutdownFollowerState(121)) - 8a63e1ae-032e-4bed-9f20-125a11f65413: shutdown FollowerState
2019-10-20 17:41:16,763 [grpc-default-executor-1] INFO  impl.RoleInfo (RoleInfo.java:updateAndGet(143)) - 8a63e1ae-032e-4bed-9f20-125a11f65413: start FollowerState
2019-10-20 17:41:16,764 [Thread-3801] INFO  impl.FollowerState (FollowerState.java:run(117)) - 8a63e1ae-032e-4bed-9f20-125a11f65413@group-091950D56227-FollowerState was interrupted: java.lang.InterruptedException: sleep interrupted
2019-10-20 17:41:16,764 [grpc-default-executor-3] INFO  impl.RaftServerImpl (RaftServerImpl.java:setRole(184)) - 7b1e61a0-7daf-43dd-99d5-9b325c1d31ae@group-091950D56227: changes role from  FOLLOWER to FOLLOWER at term 632 for recognizeCandidate:8f18dce1-0a3d-4b65-9c78-af3d58b2da7f
2019-10-20 17:41:16,764 [grpc-default-executor-3] INFO  impl.RoleInfo (RoleInfo.java:shutdownFollowerState(121)) - 7b1e61a0-7daf-43dd-99d5-9b325c1d31ae: shutdown FollowerState
2019-10-20 17:41:16,764 [grpc-default-executor-3] INFO  impl.RoleInfo (RoleInfo.java:updateAndGet(143)) - 7b1e61a0-7daf-43dd-99d5-9b325c1d31ae: start FollowerState
2019-10-20 17:41:16,764 [Thread-3802] INFO  impl.FollowerState (FollowerState.java:run(117)) - 7b1e61a0-7daf-43dd-99d5-9b325c1d31ae@group-091950D56227-FollowerState was interrupted: java.lang.InterruptedException: sleep interrupted
2019-10-20 17:41:16,788 [8f18dce1-0a3d-4b65-9c78-af3d58b2da7f@group-091950D56227-LeaderElection534] INFO  impl.LeaderElection (LeaderElection.java:logAndReturn(56)) - 8f18dce1-0a3d-4b65-9c78-af3d58b2da7f@group-091950D56227-LeaderElection534: Election REJECTED; received 2 response(s) [8f18dce1-0a3d-4b65-9c78-af3d58b2da7f<-8a63e1ae-032e-4bed-9f20-125a11f65413#0:FAIL-t632, 8f18dce1-0a3d-4b65-9c78-af3d58b2da7f<-7b1e61a0-7daf-43dd-99d5-9b325c1d31ae#0:FAIL-t632] and 0 exception(s); 8f18dce1-0a3d-4b65-9c78-af3d58b2da7f@group-091950D56227:t632, leader=null, voted=8f18dce1-0a3d-4b65-9c78-af3d58b2da7f, raftlog=8f18dce1-0a3d-4b65-9c78-af3d58b2da7f@group-091950D56227-SegmentedRaftLog:OPENED:c-1,f-1,i0, conf=-1: [8a63e1ae-032e-4bed-9f20-125a11f65413:0.0.0.0:38685, 8f18dce1-0a3d-4b65-9c78-af3d58b2da7f:0.0.0.0:42489, 7b1e61a0-7daf-43dd-99d5-9b325c1d31ae:0.0.0.0:38412], old=null
2019-10-20 17:41:16,788 [8f18dce1-0a3d-4b65-9c78-af3d58b2da7f@group-091950D56227-LeaderElection534] INFO  impl.RaftServerImpl (RaftServerImpl.java:setRole(184)) - 8f18dce1-0a3d-4b65-9c78-af3d58b2da7f@group-091950D56227: changes role from CANDIDATE to FOLLOWER at term 632 for DISCOVERED_A_NEW_TERM
2019-10-20 17:41:16,788 [8f18dce1-0a3d-4b65-9c78-af3d58b2da7f@group-091950D56227-LeaderElection534] INFO  impl.RoleInfo (RoleInfo.java:shutdownLeaderElection(134)) - 8f18dce1-0a3d-4b65-9c78-af3d58b2da7f: shutdown LeaderElection
2019-10-20 17:41:16,789 [8f18dce1-0a3d-4b65-9c78-af3d58b2da7f@group-091950D56227-LeaderElection534] INFO  impl.RoleInfo (RoleInfo.java:updateAndGet(143)) - 8f18dce1-0a3d-4b65-9c78-af3d58b2da7f: start FollowerState
2019-10-20 17:41:16,918 [Thread-3809] INFO  impl.FollowerState (FollowerState.java:run(108)) - 8f18dce1-0a3d-4b65-9c78-af3d58b2da7f@group-091950D56227-FollowerState: change to CANDIDATE, lastRpcTime:129ms, electionTimeout:129ms
2019-10-20 17:41:16,918 [Thread-3809] INFO  impl.RoleInfo (RoleInfo.java:shutdownFollowerState(121)) - 8f18dce1-0a3d-4b65-9c78-af3d58b2da7f: shutdown FollowerState
2019-10-20 17:41:16,918 [Thread-3809] INFO  impl.RaftServerImpl (RaftServerImpl.java:setRole(184)) - 8f18dce1-0a3d-4b65-9c78-af3d58b2da7f@group-091950D56227: changes role from  FOLLOWER to CANDIDATE at term 632 for changeToCandidate
2019-10-20 17:41:16,918 [Thread-3809] INFO  impl.RoleInfo (RoleInfo.java:updateAndGet(143)) - 8f18dce1-0a3d-4b65-9c78-af3d58b2da7f: start LeaderElection
2019-10-20 17:41:16,946 [8f18dce1-0a3d-4b65-9c78-af3d58b2da7f@group-091950D56227-LeaderElection535] INFO  impl.LeaderElection (LeaderElection.java:askForVotes(178)) - 8f18dce1-0a3d-4b65-9c78-af3d58b2da7f@group-091950D56227-LeaderElection535: begin an election at term 633 for -1: [8a63e1ae-032e-4bed-9f20-125a11f65413:0.0.0.0:38685, 8f18dce1-0a3d-4b65-9c78-af3d58b2da7f:0.0.0.0:42489, 7b1e61a0-7daf-43dd-99d5-9b325c1d31ae:0.0.0.0:38412], old=null
2019-10-20 17:41:16,948 [grpc-default-executor-1] INFO  impl.RaftServerImpl (RaftServerImpl.java:setRole(184)) - 8a63e1ae-032e-4bed-9f20-125a11f65413@group-091950D56227: changes role from  FOLLOWER to FOLLOWER at term 633 for recognizeCandidate:8f18dce1-0a3d-4b65-9c78-af3d58b2da7f
2019-10-20 17:41:16,948 [grpc-default-executor-3] INFO  impl.RaftServerImpl (RaftServerImpl.java:setRole(184)) - 7b1e61a0-7daf-43dd-99d5-9b325c1d31ae@group-091950D56227: changes role from  FOLLOWER to FOLLOWER at term 633 for recognizeCandidate:8f18dce1-0a3d-4b65-9c78-af3d58b2da7f
2019-10-20 17:41:16,949 [grpc-default-executor-3] INFO  impl.RoleInfo (RoleInfo.java:shutdownFollowerState(121)) - 7b1e61a0-7daf-43dd-99d5-9b325c1d31ae: shutdown FollowerState
2019-10-20 17:41:16,949 [grpc-default-executor-1] INFO  impl.RoleInfo (RoleInfo.java:shutdownFollowerState(121)) - 8a63e1ae-032e-4bed-9f20-125a11f65413: shutdown FollowerState
2019-10-20 17:41:16,949 [Thread-3808] INFO  impl.FollowerState (FollowerState.java:run(117)) - 7b1e61a0-7daf-43dd-99d5-9b325c1d31ae@group-091950D56227-FollowerState was interrupted: java.lang.InterruptedException: sleep interrupted
2019-10-20 17:41:16,949 [Thread-3807] INFO  impl.FollowerState (FollowerState.java:run(117)) - 8a63e1ae-032e-4bed-9f20-125a11f65413@group-091950D56227-FollowerState was interrupted: java.lang.InterruptedException: sleep interrupted
2019-10-20 17:41:16,949 [grpc-default-executor-3] INFO  impl.RoleInfo (RoleInfo.java:updateAndGet(143)) - 7b1e61a0-7daf-43dd-99d5-9b325c1d31ae: start FollowerState
2019-10-20 17:41:16,949 [grpc-default-executor-1] INFO  impl.RoleInfo (RoleInfo.java:updateAndGet(143)) - 8a63e1ae-032e-4bed-9f20-125a11f65413: start FollowerState
2019-10-20 17:41:16,972 [8f18dce1-0a3d-4b65-9c78-af3d58b2da7f@group-091950D56227-LeaderElection535] INFO  impl.LeaderElection (LeaderElection.java:logAndReturn(56)) - 8f18dce1-0a3d-4b65-9c78-af3d58b2da7f@group-091950D56227-LeaderElection535: Election REJECTED; received 2 response(s) [8f18dce1-0a3d-4b65-9c78-af3d58b2da7f<-8a63e1ae-032e-4bed-9f20-125a11f65413#0:FAIL-t633, 8f18dce1-0a3d-4b65-9c78-af3d58b2da7f<-7b1e61a0-7daf-43dd-99d5-9b325c1d31ae#0:FAIL-t633] and 0 exception(s); 8f18dce1-0a3d-4b65-9c78-af3d58b2da7f@group-091950D56227:t633, leader=null, voted=8f18dce1-0a3d-4b65-9c78-af3d58b2da7f, raftlog=8f18dce1-0a3d-4b65-9c78-af3d58b2da7f@group-091950D56227-SegmentedRaftLog:OPENED:c-1,f-1,i0, conf=-1: [8a63e1ae-032e-4bed-9f20-125a11f65413:0.0.0.0:38685, 8f18dce1-0a3d-4b65-9c78-af3d58b2da7f:0.0.0.0:42489, 7b1e61a0-7daf-43dd-99d5-9b325c1d31ae:0.0.0.0:38412], old=null
2019-10-20 17:41:16,973 [8f18dce1-0a3d-4b65-9c78-af3d58b2da7f@group-091950D56227-LeaderElection535] INFO  impl.RaftServerImpl (RaftServerImpl.java:setRole(184)) - 8f18dce1-0a3d-4b65-9c78-af3d58b2da7f@group-091950D56227: changes role from CANDIDATE to FOLLOWER at term 633 for DISCOVERED_A_NEW_TERM
2019-10-20 17:41:16,973 [8f18dce1-0a3d-4b65-9c78-af3d58b2da7f@group-091950D56227-LeaderElection535] INFO  impl.RoleInfo (RoleInfo.java:shutdownLeaderElection(134)) - 8f18dce1-0a3d-4b65-9c78-af3d58b2da7f: shutdown LeaderElection
2019-10-20 17:41:16,973 [8f18dce1-0a3d-4b65-9c78-af3d58b2da7f@group-091950D56227-LeaderElection535] INFO  impl.RoleInfo (RoleInfo.java:updateAndGet(143)) - 8f18dce1-0a3d-4b65-9c78-af3d58b2da7f: start FollowerState
2019-10-20 17:41:17,067 [Thread-3815] INFO  impl.FollowerState (FollowerState.java:run(108)) - 8f18dce1-0a3d-4b65-9c78-af3d58b2da7f@group-091950D56227-FollowerState: change to CANDIDATE, lastRpcTime:94ms, electionTimeout:94ms
2019-10-20 17:41:17,068 [Thread-3815] INFO  impl.RoleInfo (RoleInfo.java:shutdownFollowerState(121)) - 8f18dce1-0a3d-4b65-9c78-af3d58b2da7f: shutdown FollowerState
2019-10-20 17:41:17,068 [Thread-3815] INFO  impl.RaftServerImpl (RaftServerImpl.java:setRole(184)) - 8f18dce1-0a3d-4b65-9c78-af3d58b2da7f@group-091950D56227: changes role from  FOLLOWER to CANDIDATE at term 633 for changeToCandidate
2019-10-20 17:41:17,068 [Thread-3815] INFO  impl.RoleInfo (RoleInfo.java:updateAndGet(143)) - 8f18dce1-0a3d-4b65-9c78-af3d58b2da7f: start LeaderElection
2019-10-20 17:41:17,097 [8f18dce1-0a3d-4b65-9c78-af3d58b2da7f@group-091950D56227-LeaderElection536] INFO  impl.LeaderElection (LeaderElection.java:askForVotes(178)) - 8f18dce1-0a3d-4b65-9c78-af3d58b2da7f@group-091950D56227-LeaderElection536: begin an election at term 634 for -1: [8a63e1ae-032e-4bed-9f20-125a11f65413:0.0.0.0:38685, 8f18dce1-0a3d-4b65-9c78-af3d58b2da7f:0.0.0.0:42489, 7b1e61a0-7daf-43dd-99d5-9b325c1d31ae:0.0.0.0:38412], old=null
2019-10-20 17:41:17,099 [grpc-default-executor-1] INFO  impl.RaftServerImpl (RaftServerImpl.java:setRole(184)) - 8a63e1ae-032e-4bed-9f20-125a11f65413@group-091950D56227: changes role from  FOLLOWER to FOLLOWER at term 634 for recognizeCandidate:8f18dce1-0a3d-4b65-9c78-af3d58b2da7f
2019-10-20 17:41:17,099 [grpc-default-executor-3] INFO  impl.RaftServerImpl (RaftServerImpl.java:setRole(184)) - 7b1e61a0-7daf-43dd-99d5-9b325c1d31ae@group-091950D56227: changes role from  FOLLOWER to FOLLOWER at term 634 for recognizeCandidate:8f18dce1-0a3d-4b65-9c78-af3d58b2da7f
2019-10-20 17:41:17,099 [grpc-default-executor-3] INFO  impl.RoleInfo (RoleInfo.java:shutdownFollowerState(121)) - 7b1e61a0-7daf-43dd-99d5-9b325c1d31ae: shutdown FollowerState
2019-10-20 17:41:17,099 [grpc-default-executor-1] INFO  impl.RoleInfo (RoleInfo.java:shutdownFollowerState(121)) - 8a63e1ae-032e-4bed-9f20-125a11f65413: shutdown FollowerState
2019-10-20 17:41:17,100 [Thread-3813] INFO  impl.FollowerState (FollowerState.java:run(117)) - 7b1e61a0-7daf-43dd-99d5-9b325c1d31ae@group-091950D56227-FollowerState was interrupted: java.lang.InterruptedException: sleep interrupted
2019-10-20 17:41:17,100 [grpc-default-executor-3] INFO  impl.RoleInfo (RoleInfo.java:updateAndGet(143)) - 7b1e61a0-7daf-43dd-99d5-9b325c1d31ae: start FollowerState
2019-10-20 17:41:17,100 [Thread-3814] INFO  impl.FollowerState (FollowerState.java:run(117)) - 8a63e1ae-032e-4bed-9f20-125a11f65413@group-091950D56227-FollowerState was interrupted: java.lang.InterruptedException: sleep interrupted
2019-10-20 17:41:17,100 [grpc-default-executor-1] INFO  impl.RoleInfo (RoleInfo.java:updateAndGet(143)) - 8a63e1ae-032e-4bed-9f20-125a11f65413: start FollowerState
2019-10-20 17:41:17,123 [8f18dce1-0a3d-4b65-9c78-af3d58b2da7f@group-091950D56227-LeaderElection536] INFO  impl.LeaderElection (LeaderElection.java:logAndReturn(56)) - 8f18dce1-0a3d-4b65-9c78-af3d58b2da7f@group-091950D56227-LeaderElection536: Election REJECTED; received 2 response(s) [8f18dce1-0a3d-4b65-9c78-af3d58b2da7f<-8a63e1ae-032e-4bed-9f20-125a11f65413#0:FAIL-t634, 8f18dce1-0a3d-4b65-9c78-af3d58b2da7f<-7b1e61a0-7daf-43dd-99d5-9b325c1d31ae#0:FAIL-t634] and 0 exception(s); 8f18dce1-0a3d-4b65-9c78-af3d58b2da7f@group-091950D56227:t634, leader=null, voted=8f18dce1-0a3d-4b65-9c78-af3d58b2da7f, raftlog=8f18dce1-0a3d-4b65-9c78-af3d58b2da7f@group-091950D56227-SegmentedRaftLog:OPENED:c-1,f-1,i0, conf=-1: [8a63e1ae-032e-4bed-9f20-125a11f65413:0.0.0.0:38685, 8f18dce1-0a3d-4b65-9c78-af3d58b2da7f:0.0.0.0:42489, 7b1e61a0-7daf-43dd-99d5-9b325c1d31ae:0.0.0.0:38412], old=null
2019-10-20 17:41:17,124 [8f18dce1-0a3d-4b65-9c78-af3d58b2da7f@group-091950D56227-LeaderElection536] INFO  impl.RaftServerImpl (RaftServerImpl.java:setRole(184)) - 8f18dce1-0a3d-4b65-9c78-af3d58b2da7f@group-091950D56227: changes role from CANDIDATE to FOLLOWER at term 634 for DISCOVERED_A_NEW_TERM
2019-10-20 17:41:17,124 [8f18dce1-0a3d-4b65-9c78-af3d58b2da7f@group-091950D56227-LeaderElection536] INFO  impl.RoleInfo (RoleInfo.java:shutdownLeaderElection(134)) - 8f18dce1-0a3d-4b65-9c78-af3d58b2da7f: shutdown LeaderElection
2019-10-20 17:41:17,124 [8f18dce1-0a3d-4b65-9c78-af3d58b2da7f@group-091950D56227-LeaderElection536] INFO  impl.RoleInfo (RoleInfo.java:updateAndGet(143)) - 8f18dce1-0a3d-4b65-9c78-af3d58b2da7f: start FollowerState
2019-10-20 17:41:17,172 [Thread-3821] INFO  impl.FollowerState (FollowerState.java:run(108)) - 8f18dce1-0a3d-4b65-9c78-af3d58b2da7f@group-091950D56227-FollowerState: change to CANDIDATE, lastRpcTime:48ms, electionTimeout:48ms
2019-10-20 17:41:17,172 [Thread-3821] INFO  impl.RoleInfo (RoleInfo.java:shutdownFollowerState(121)) - 8f18dce1-0a3d-4b65-9c78-af3d58b2da7f: shutdown FollowerState
2019-10-20 17:41:17,172 [Thread-3821] INFO  impl.RaftServerImpl (RaftServerImpl.java:setRole(184)) - 8f18dce1-0a3d-4b65-9c78-af3d58b2da7f@group-091950D56227: changes role from  FOLLOWER to CANDIDATE at term 634 for changeToCandidate
2019-10-20 17:41:17,172 [Thread-3821] INFO  impl.RoleInfo (RoleInfo.java:updateAndGet(143)) - 8f18dce1-0a3d-4b65-9c78-af3d58b2da7f: start LeaderElection
2019-10-20 17:41:17,198 [8f18dce1-0a3d-4b65-9c78-af3d58b2da7f@group-091950D56227-LeaderElection537] INFO  impl.LeaderElection (LeaderElection.java:askForVotes(178)) - 8f18dce1-0a3d-4b65-9c78-af3d58b2da7f@group-091950D56227-LeaderElection537: begin an election at term 635 for -1: [8a63e1ae-032e-4bed-9f20-125a11f65413:0.0.0.0:38685, 8f18dce1-0a3d-4b65-9c78-af3d58b2da7f:0.0.0.0:42489, 7b1e61a0-7daf-43dd-99d5-9b325c1d31ae:0.0.0.0:38412], old=null
2019-10-20 17:41:17,200 [grpc-default-executor-1] INFO  impl.RaftServerImpl (RaftServerImpl.java:setRole(184)) - 7b1e61a0-7daf-43dd-99d5-9b325c1d31ae@group-091950D56227: changes role from  FOLLOWER to FOLLOWER at term 635 for recognizeCandidate:8f18dce1-0a3d-4b65-9c78-af3d58b2da7f
2019-10-20 17:41:17,200 [grpc-default-executor-1] INFO  impl.RoleInfo (RoleInfo.java:shutdownFollowerState(121)) - 7b1e61a0-7daf-43dd-99d5-9b325c1d31ae: shutdown FollowerState
2019-10-20 17:41:17,200 [grpc-default-executor-3] INFO  impl.RaftServerImpl (RaftServerImpl.java:setRole(184)) - 8a63e1ae-032e-4bed-9f20-125a11f65413@group-091950D56227: changes role from  FOLLOWER to FOLLOWER at term 635 for recognizeCandidate:8f18dce1-0a3d-4b65-9c78-af3d58b2da7f
2019-10-20 17:41:17,201 [grpc-default-executor-3] INFO  impl.RoleInfo (RoleInfo.java:shutdownFollowerState(121)) - 8a63e1ae-032e-4bed-9f20-125a11f65413: shutdown FollowerState
2019-10-20 17:41:17,201 [Thread-3819] INFO  impl.FollowerState (FollowerState.java:run(117)) - 7b1e61a0-7daf-43dd-99d5-9b325c1d31ae@group-091950D56227-FollowerState was interrupted: java.lang.InterruptedException: sleep interrupted
2019-10-20 17:41:17,201 [grpc-default-executor-1] INFO  impl.RoleInfo (RoleInfo.java:updateAndGet(143)) - 7b1e61a0-7daf-43dd-99d5-9b325c1d31ae: start FollowerState
2019-10-20 17:41:17,201 [Thread-3820] INFO  impl.FollowerState (FollowerState.java:run(117)) - 8a63e1ae-032e-4bed-9f20-125a11f65413@group-091950D56227-FollowerState was interrupted: java.lang.InterruptedException: sleep interrupted
2019-10-20 17:41:17,201 [grpc-default-executor-3] INFO  impl.RoleInfo (RoleInfo.java:updateAndGet(143)) - 8a63e1ae-032e-4bed-9f20-125a11f65413: start FollowerState
2019-10-20 17:41:17,222 [8f18dce1-0a3d-4b65-9c78-af3d58b2da7f@group-091950D56227-LeaderElection537] INFO  impl.LeaderElection (LeaderElection.java:logAndReturn(56)) - 8f18dce1-0a3d-4b65-9c78-af3d58b2da7f@group-091950D56227-LeaderElection537: Election TIMEOUT; received 0 response(s) [] and 0 exception(s); 8f18dce1-0a3d-4b65-9c78-af3d58b2da7f@group-091950D56227:t635, leader=null, voted=8f18dce1-0a3d-4b65-9c78-af3d58b2da7f, raftlog=8f18dce1-0a3d-4b65-9c78-af3d58b2da7f@group-091950D56227-SegmentedRaftLog:OPENED:c-1,f-1,i0, conf=-1: [8a63e1ae-032e-4bed-9f20-125a11f65413:0.0.0.0:38685, 8f18dce1-0a3d-4b65-9c78-af3d58b2da7f:0.0.0.0:42489, 7b1e61a0-7daf-43dd-99d5-9b325c1d31ae:0.0.0.0:38412], old=null
2019-10-20 17:41:17,249 [8f18dce1-0a3d-4b65-9c78-af3d58b2da7f@group-091950D56227-LeaderElection537] INFO  impl.LeaderElection (LeaderElection.java:askForVotes(178)) - 8f18dce1-0a3d-4b65-9c78-af3d58b2da7f@group-091950D56227-LeaderElection537: begin an election at term 636 for -1: [8a63e1ae-032e-4bed-9f20-125a11f65413:0.0.0.0:38685, 8f18dce1-0a3d-4b65-9c78-af3d58b2da7f:0.0.0.0:42489, 7b1e61a0-7daf-43dd-99d5-9b325c1d31ae:0.0.0.0:38412], old=null
2019-10-20 17:41:17,250 [grpc-default-executor-3] INFO  impl.RaftServerImpl (RaftServerImpl.java:setRole(184)) - 8a63e1ae-032e-4bed-9f20-125a11f65413@group-091950D56227: changes role from  FOLLOWER to FOLLOWER at term 636 for recognizeCandidate:8f18dce1-0a3d-4b65-9c78-af3d58b2da7f
2019-10-20 17:41:17,251 [grpc-default-executor-3] INFO  impl.RoleInfo (RoleInfo.java:shutdownFollowerState(121)) - 8a63e1ae-032e-4bed-9f20-125a11f65413: shutdown FollowerState
2019-10-20 17:41:17,251 [grpc-default-executor-3] INFO  impl.RoleInfo (RoleInfo.java:updateAndGet(143)) - 8a63e1ae-032e-4bed-9f20-125a11f65413: start FollowerState
2019-10-20 17:41:17,251 [Thread-3826] INFO  impl.FollowerState (FollowerState.java:run(117)) - 8a63e1ae-032e-4bed-9f20-125a11f65413@group-091950D56227-FollowerState was interrupted: java.lang.InterruptedException: sleep interrupted
2019-10-20 17:41:17,251 [grpc-default-executor-1] INFO  impl.RaftServerImpl (RaftServerImpl.java:setRole(184)) - 7b1e61a0-7daf-43dd-99d5-9b325c1d31ae@group-091950D56227: changes role from  FOLLOWER to FOLLOWER at term 636 for recognizeCandidate:8f18dce1-0a3d-4b65-9c78-af3d58b2da7f
2019-10-20 17:41:17,251 [grpc-default-executor-1] INFO  impl.RoleInfo (RoleInfo.java:shutdownFollowerState(121)) - 7b1e61a0-7daf-43dd-99d5-9b325c1d31ae: shutdown FollowerState
2019-10-20 17:41:17,251 [8f18dce1-0a3d-4b65-9c78-af3d58b2da7f@group-091950D56227-LeaderElection537] INFO  impl.LeaderElection (LeaderElection.java:logAndReturn(56)) - 8f18dce1-0a3d-4b65-9c78-af3d58b2da7f@group-091950D56227-LeaderElection537: Election TIMEOUT; received 0 response(s) [] and 0 exception(s); 8f18dce1-0a3d-4b65-9c78-af3d58b2da7f@group-091950D56227:t636, leader=null, voted=8f18dce1-0a3d-4b65-9c78-af3d58b2da7f, raftlog=8f18dce1-0a3d-4b65-9c78-af3d58b2da7f@group-091950D56227-SegmentedRaftLog:OPENED:c-1,f-1,i0, conf=-1: [8a63e1ae-032e-4bed-9f20-125a11f65413:0.0.0.0:38685, 8f18dce1-0a3d-4b65-9c78-af3d58b2da7f:0.0.0.0:42489, 7b1e61a0-7daf-43dd-99d5-9b325c1d31ae:0.0.0.0:38412], old=null
2019-10-20 17:41:17,251 [Thread-3825] INFO  impl.FollowerState (FollowerState.java:run(117)) - 7b1e61a0-7daf-43dd-99d5-9b325c1d31ae@group-091950D56227-FollowerState was interrupted: java.lang.InterruptedException: sleep interrupted
2019-10-20 17:41:17,251 [grpc-default-executor-1] INFO  impl.RoleInfo (RoleInfo.java:updateAndGet(143)) - 7b1e61a0-7daf-43dd-99d5-9b325c1d31ae: start FollowerState
2019-10-20 17:41:17,275 [8f18dce1-0a3d-4b65-9c78-af3d58b2da7f@group-091950D56227-LeaderElection537] INFO  impl.LeaderElection (LeaderElection.java:askForVotes(178)) - 8f18dce1-0a3d-4b65-9c78-af3d58b2da7f@group-091950D56227-LeaderElection537: begin an election at term 637 for -1: [8a63e1ae-032e-4bed-9f20-125a11f65413:0.0.0.0:38685, 8f18dce1-0a3d-4b65-9c78-af3d58b2da7f:0.0.0.0:42489, 7b1e61a0-7daf-43dd-99d5-9b325c1d31ae:0.0.0.0:38412], old=null
2019-10-20 17:41:17,276 [grpc-default-executor-3] INFO  impl.RaftServerImpl (RaftServerImpl.java:setRole(184)) - 7b1e61a0-7daf-43dd-99d5-9b325c1d31ae@group-091950D56227: changes role from  FOLLOWER to FOLLOWER at term 637 for recognizeCandidate:8f18dce1-0a3d-4b65-9c78-af3d58b2da7f
2019-10-20 17:41:17,276 [grpc-default-executor-1] INFO  impl.RaftServerImpl (RaftServerImpl.java:setRole(184)) - 8a63e1ae-032e-4bed-9f20-125a11f65413@group-091950D56227: changes role from  FOLLOWER to FOLLOWER at term 637 for recognizeCandidate:8f18dce1-0a3d-4b65-9c78-af3d58b2da7f
2019-10-20 17:41:17,276 [grpc-default-executor-1] INFO  impl.RoleInfo (RoleInfo.java:shutdownFollowerState(121)) - 8a63e1ae-032e-4bed-9f20-125a11f65413: shutdown FollowerState
2019-10-20 17:41:17,276 [grpc-default-executor-3] INFO  impl.RoleInfo (RoleInfo.java:shutdownFollowerState(121)) - 7b1e61a0-7daf-43dd-99d5-9b325c1d31ae: shutdown FollowerState
2019-10-20 17:41:17,276 [Thread-3829] INFO  impl.FollowerState (FollowerState.java:run(117)) - 8a63e1ae-032e-4bed-9f20-125a11f65413@group-091950D56227-FollowerState was interrupted: java.lang.InterruptedException: sleep interrupted
2019-10-20 17:41:17,276 [grpc-default-executor-1] INFO  impl.RoleInfo (RoleInfo.java:updateAndGet(143)) - 8a63e1ae-032e-4bed-9f20-125a11f65413: start FollowerState
2019-10-20 17:41:17,277 [Thread-3830] INFO  impl.FollowerState (FollowerState.java:run(117)) - 7b1e61a0-7daf-43dd-99d5-9b325c1d31ae@group-091950D56227-FollowerState was interrupted: java.lang.InterruptedException: sleep interrupted
2019-10-20 17:41:17,277 [grpc-default-executor-3] INFO  impl.RoleInfo (RoleInfo.java:updateAndGet(143)) - 7b1e61a0-7daf-43dd-99d5-9b325c1d31ae: start FollowerState
2019-10-20 17:41:17,301 [8f18dce1-0a3d-4b65-9c78-af3d58b2da7f@group-091950D56227-LeaderElection537] INFO  impl.LeaderElection (LeaderElection.java:logAndReturn(56)) - 8f18dce1-0a3d-4b65-9c78-af3d58b2da7f@group-091950D56227-LeaderElection537: Election REJECTED; received 2 response(s) [8f18dce1-0a3d-4b65-9c78-af3d58b2da7f<-8a63e1ae-032e-4bed-9f20-125a11f65413#0:FAIL-t637, 8f18dce1-0a3d-4b65-9c78-af3d58b2da7f<-7b1e61a0-7daf-43dd-99d5-9b325c1d31ae#0:FAIL-t637] and 0 exception(s); 8f18dce1-0a3d-4b65-9c78-af3d58b2da7f@group-091950D56227:t637, leader=null, voted=8f18dce1-0a3d-4b65-9c78-af3d58b2da7f, raftlog=8f18dce1-0a3d-4b65-9c78-af3d58b2da7f@group-091950D56227-SegmentedRaftLog:OPENED:c-1,f-1,i0, conf=-1: [8a63e1ae-032e-4bed-9f20-125a11f65413:0.0.0.0:38685, 8f18dce1-0a3d-4b65-9c78-af3d58b2da7f:0.0.0.0:42489, 7b1e61a0-7daf-43dd-99d5-9b325c1d31ae:0.0.0.0:38412], old=null
2019-10-20 17:41:17,301 [8f18dce1-0a3d-4b65-9c78-af3d58b2da7f@group-091950D56227-LeaderElection537] INFO  impl.RaftServerImpl (RaftServerImpl.java:setRole(184)) - 8f18dce1-0a3d-4b65-9c78-af3d58b2da7f@group-091950D56227: changes role from CANDIDATE to FOLLOWER at term 637 for DISCOVERED_A_NEW_TERM
2019-10-20 17:41:17,301 [8f18dce1-0a3d-4b65-9c78-af3d58b2da7f@group-091950D56227-LeaderElection537] INFO  impl.RoleInfo (RoleInfo.java:shutdownLeaderElection(134)) - 8f18dce1-0a3d-4b65-9c78-af3d58b2da7f: shutdown LeaderElection
2019-10-20 17:41:17,301 [8f18dce1-0a3d-4b65-9c78-af3d58b2da7f@group-091950D56227-LeaderElection537] INFO  impl.RoleInfo (RoleInfo.java:updateAndGet(143)) - 8f18dce1-0a3d-4b65-9c78-af3d58b2da7f: start FollowerState
2019-10-20 17:41:17,447 [Thread-3835] INFO  impl.FollowerState (FollowerState.java:run(108)) - 8f18dce1-0a3d-4b65-9c78-af3d58b2da7f@group-091950D56227-FollowerState: change to CANDIDATE, lastRpcTime:146ms, electionTimeout:146ms
2019-10-20 17:41:17,448 [Thread-3835] INFO  impl.RoleInfo (RoleInfo.java:shutdownFollowerState(121)) - 8f18dce1-0a3d-4b65-9c78-af3d58b2da7f: shutdown FollowerState
2019-10-20 17:41:17,448 [Thread-3835] INFO  impl.RaftServerImpl (RaftServerImpl.java:setRole(184)) - 8f18dce1-0a3d-4b65-9c78-af3d58b2da7f@group-091950D56227: changes role from  FOLLOWER to CANDIDATE at term 637 for changeToCandidate
2019-10-20 17:41:17,448 [Thread-3835] INFO  impl.RoleInfo (RoleInfo.java:updateAndGet(143)) - 8f18dce1-0a3d-4b65-9c78-af3d58b2da7f: start LeaderElection
2019-10-20 17:41:17,476 [8f18dce1-0a3d-4b65-9c78-af3d58b2da7f@group-091950D56227-LeaderElection538] INFO  impl.LeaderElection (LeaderElection.java:askForVotes(178)) - 8f18dce1-0a3d-4b65-9c78-af3d58b2da7f@group-091950D56227-LeaderElection538: begin an election at term 638 for -1: [8a63e1ae-032e-4bed-9f20-125a11f65413:0.0.0.0:38685, 8f18dce1-0a3d-4b65-9c78-af3d58b2da7f:0.0.0.0:42489, 7b1e61a0-7daf-43dd-99d5-9b325c1d31ae:0.0.0.0:38412], old=null
2019-10-20 17:41:17,478 [grpc-default-executor-3] INFO  impl.RaftServerImpl (RaftServerImpl.java:setRole(184)) - 8a63e1ae-032e-4bed-9f20-125a11f65413@group-091950D56227: changes role from  FOLLOWER to FOLLOWER at term 638 for recognizeCandidate:8f18dce1-0a3d-4b65-9c78-af3d58b2da7f
2019-10-20 17:41:17,478 [grpc-default-executor-3] INFO  impl.RoleInfo (RoleInfo.java:shutdownFollowerState(121)) - 8a63e1ae-032e-4bed-9f20-125a11f65413: shutdown FollowerState
2019-10-20 17:41:17,478 [grpc-default-executor-3] INFO  impl.RoleInfo (RoleInfo.java:updateAndGet(143)) - 8a63e1ae-032e-4bed-9f20-125a11f65413: start FollowerState
2019-10-20 17:41:17,478 [Thread-3833] INFO  impl.FollowerState (FollowerState.java:run(117)) - 8a63e1ae-032e-4bed-9f20-125a11f65413@group-091950D56227-FollowerState was interrupted: java.lang.InterruptedException: sleep interrupted
2019-10-20 17:41:17,478 [grpc-default-executor-1] INFO  impl.RaftServerImpl (RaftServerImpl.java:setRole(184)) - 7b1e61a0-7daf-43dd-99d5-9b325c1d31ae@group-091950D56227: changes role from  FOLLOWER to FOLLOWER at term 638 for recognizeCandidate:8f18dce1-0a3d-4b65-9c78-af3d58b2da7f
2019-10-20 17:41:17,478 [grpc-default-executor-1] INFO  impl.RoleInfo (RoleInfo.java:shutdownFollowerState(121)) - 7b1e61a0-7daf-43dd-99d5-9b325c1d31ae: shutdown FollowerState
2019-10-20 17:41:17,479 [grpc-default-executor-1] INFO  impl.RoleInfo (RoleInfo.java:updateAndGet(143)) - 7b1e61a0-7daf-43dd-99d5-9b325c1d31ae: start FollowerState
2019-10-20 17:41:17,479 [Thread-3834] INFO  impl.FollowerState (FollowerState.java:run(117)) - 7b1e61a0-7daf-43dd-99d5-9b325c1d31ae@group-091950D56227-FollowerState was interrupted: java.lang.InterruptedException: sleep interrupted
2019-10-20 17:41:17,502 [8f18dce1-0a3d-4b65-9c78-af3d58b2da7f@group-091950D56227-LeaderElection538] INFO  impl.LeaderElection (LeaderElection.java:logAndReturn(56)) - 8f18dce1-0a3d-4b65-9c78-af3d58b2da7f@group-091950D56227-LeaderElection538: Election REJECTED; received 2 response(s) [8f18dce1-0a3d-4b65-9c78-af3d58b2da7f<-8a63e1ae-032e-4bed-9f20-125a11f65413#0:FAIL-t638, 8f18dce1-0a3d-4b65-9c78-af3d58b2da7f<-7b1e61a0-7daf-43dd-99d5-9b325c1d31ae#0:FAIL-t638] and 0 exception(s); 8f18dce1-0a3d-4b65-9c78-af3d58b2da7f@group-091950D56227:t638, leader=null, voted=8f18dce1-0a3d-4b65-9c78-af3d58b2da7f, raftlog=8f18dce1-0a3d-4b65-9c78-af3d58b2da7f@group-091950D56227-SegmentedRaftLog:OPENED:c-1,f-1,i0, conf=-1: [8a63e1ae-032e-4bed-9f20-125a11f65413:0.0.0.0:38685, 8f18dce1-0a3d-4b65-9c78-af3d58b2da7f:0.0.0.0:42489, 7b1e61a0-7daf-43dd-99d5-9b325c1d31ae:0.0.0.0:38412], old=null
2019-10-20 17:41:17,502 [8f18dce1-0a3d-4b65-9c78-af3d58b2da7f@group-091950D56227-LeaderElection538] INFO  impl.RaftServerImpl (RaftServerImpl.java:setRole(184)) - 8f18dce1-0a3d-4b65-9c78-af3d58b2da7f@group-091950D56227: changes role from CANDIDATE to FOLLOWER at term 638 for DISCOVERED_A_NEW_TERM
2019-10-20 17:41:17,502 [8f18dce1-0a3d-4b65-9c78-af3d58b2da7f@group-091950D56227-LeaderElection538] INFO  impl.RoleInfo (RoleInfo.java:shutdownLeaderElection(134)) - 8f18dce1-0a3d-4b65-9c78-af3d58b2da7f: shutdown LeaderElection
2019-10-20 17:41:17,502 [8f18dce1-0a3d-4b65-9c78-af3d58b2da7f@group-091950D56227-LeaderElection538] INFO  impl.RoleInfo (RoleInfo.java:updateAndGet(143)) - 8f18dce1-0a3d-4b65-9c78-af3d58b2da7f: start FollowerState
2019-10-20 17:41:17,605 [Thread-3841] INFO  impl.FollowerState (FollowerState.java:run(108)) - 8f18dce1-0a3d-4b65-9c78-af3d58b2da7f@group-091950D56227-FollowerState: change to CANDIDATE, lastRpcTime:102ms, electionTimeout:102ms
2019-10-20 17:41:17,605 [Thread-3841] INFO  impl.RoleInfo (RoleInfo.java:shutdownFollowerState(121)) - 8f18dce1-0a3d-4b65-9c78-af3d58b2da7f: shutdown FollowerState
2019-10-20 17:41:17,605 [Thread-3841] INFO  impl.RaftServerImpl (RaftServerImpl.java:setRole(184)) - 8f18dce1-0a3d-4b65-9c78-af3d58b2da7f@group-091950D56227: changes role from  FOLLOWER to CANDIDATE at term 638 for changeToCandidate
2019-10-20 17:41:17,605 [Thread-3841] INFO  impl.RoleInfo (RoleInfo.java:updateAndGet(143)) - 8f18dce1-0a3d-4b65-9c78-af3d58b2da7f: start LeaderElection
2019-10-20 17:41:17,635 [8f18dce1-0a3d-4b65-9c78-af3d58b2da7f@group-091950D56227-LeaderElection539] INFO  impl.LeaderElection (LeaderElection.java:askForVotes(178)) - 8f18dce1-0a3d-4b65-9c78-af3d58b2da7f@group-091950D56227-LeaderElection539: begin an election at term 639 for -1: [8a63e1ae-032e-4bed-9f20-125a11f65413:0.0.0.0:38685, 8f18dce1-0a3d-4b65-9c78-af3d58b2da7f:0.0.0.0:42489, 7b1e61a0-7daf-43dd-99d5-9b325c1d31ae:0.0.0.0:38412], old=null
2019-10-20 17:41:17,637 [grpc-default-executor-3] INFO  impl.RaftServerImpl (RaftServerImpl.java:setRole(184)) - 8a63e1ae-032e-4bed-9f20-125a11f65413@group-091950D56227: changes role from  FOLLOWER to FOLLOWER at term 639 for recognizeCandidate:8f18dce1-0a3d-4b65-9c78-af3d58b2da7f
2019-10-20 17:41:17,637 [grpc-default-executor-1] INFO  impl.RaftServerImpl (RaftServerImpl.java:setRole(184)) - 7b1e61a0-7daf-43dd-99d5-9b325c1d31ae@group-091950D56227: changes role from  FOLLOWER to FOLLOWER at term 639 for recognizeCandidate:8f18dce1-0a3d-4b65-9c78-af3d58b2da7f
2019-10-20 17:41:17,637 [grpc-default-executor-3] INFO  impl.RoleInfo (RoleInfo.java:shutdownFollowerState(121)) - 8a63e1ae-032e-4bed-9f20-125a11f65413: shutdown FollowerState
2019-10-20 17:41:17,637 [grpc-default-executor-1] INFO  impl.RoleInfo (RoleInfo.java:shutdownFollowerState(121)) - 7b1e61a0-7daf-43dd-99d5-9b325c1d31ae: shutdown FollowerState
2019-10-20 17:41:17,637 [grpc-default-executor-3] INFO  impl.RoleInfo (RoleInfo.java:updateAndGet(143)) - 8a63e1ae-032e-4bed-9f20-125a11f65413: start FollowerState
2019-10-20 17:41:17,637 [Thread-3839] INFO  impl.FollowerState (FollowerState.java:run(117)) - 8a63e1ae-032e-4bed-9f20-125a11f65413@group-091950D56227-FollowerState was interrupted: java.lang.InterruptedException: sleep interrupted
2019-10-20 17:41:17,638 [Thread-3840] INFO  impl.FollowerState (FollowerState.java:run(117)) - 7b1e61a0-7daf-43dd-99d5-9b325c1d31ae@group-091950D56227-FollowerState was interrupted: java.lang.InterruptedException: sleep interrupted
2019-10-20 17:41:17,638 [grpc-default-executor-1] INFO  impl.RoleInfo (RoleInfo.java:updateAndGet(143)) - 7b1e61a0-7daf-43dd-99d5-9b325c1d31ae: start FollowerState
2019-10-20 17:41:17,661 [8f18dce1-0a3d-4b65-9c78-af3d58b2da7f@group-091950D56227-LeaderElection539] INFO  impl.LeaderElection (LeaderElection.java:logAndReturn(56)) - 8f18dce1-0a3d-4b65-9c78-af3d58b2da7f@group-091950D56227-LeaderElection539: Election REJECTED; received 2 response(s) [8f18dce1-0a3d-4b65-9c78-af3d58b2da7f<-8a63e1ae-032e-4bed-9f20-125a11f65413#0:FAIL-t639, 8f18dce1-0a3d-4b65-9c78-af3d58b2da7f<-7b1e61a0-7daf-43dd-99d5-9b325c1d31ae#0:FAIL-t639] and 0 exception(s); 8f18dce1-0a3d-4b65-9c78-af3d58b2da7f@group-091950D56227:t639, leader=null, voted=8f18dce1-0a3d-4b65-9c78-af3d58b2da7f, raftlog=8f18dce1-0a3d-4b65-9c78-af3d58b2da7f@group-091950D56227-SegmentedRaftLog:OPENED:c-1,f-1,i0, conf=-1: [8a63e1ae-032e-4bed-9f20-125a11f65413:0.0.0.0:38685, 8f18dce1-0a3d-4b65-9c78-af3d58b2da7f:0.0.0.0:42489, 7b1e61a0-7daf-43dd-99d5-9b325c1d31ae:0.0.0.0:38412], old=null
2019-10-20 17:41:17,661 [8f18dce1-0a3d-4b65-9c78-af3d58b2da7f@group-091950D56227-LeaderElection539] INFO  impl.RaftServerImpl (RaftServerImpl.java:setRole(184)) - 8f18dce1-0a3d-4b65-9c78-af3d58b2da7f@group-091950D56227: changes role from CANDIDATE to FOLLOWER at term 639 for DISCOVERED_A_NEW_TERM
2019-10-20 17:41:17,662 [8f18dce1-0a3d-4b65-9c78-af3d58b2da7f@group-091950D56227-LeaderElection539] INFO  impl.RoleInfo (RoleInfo.java:shutdownLeaderElection(134)) - 8f18dce1-0a3d-4b65-9c78-af3d58b2da7f: shutdown LeaderElection
2019-10-20 17:41:17,662 [8f18dce1-0a3d-4b65-9c78-af3d58b2da7f@group-091950D56227-LeaderElection539] INFO  impl.RoleInfo (RoleInfo.java:updateAndGet(143)) - 8f18dce1-0a3d-4b65-9c78-af3d58b2da7f: start FollowerState
2019-10-20 17:41:17,817 [Thread-3849] INFO  impl.FollowerState (FollowerState.java:run(108)) - 8f18dce1-0a3d-4b65-9c78-af3d58b2da7f@group-091950D56227-FollowerState: change to CANDIDATE, lastRpcTime:155ms, electionTimeout:155ms
2019-10-20 17:41:17,817 [Thread-3849] INFO  impl.RoleInfo (RoleInfo.java:shutdownFollowerState(121)) - 8f18dce1-0a3d-4b65-9c78-af3d58b2da7f: shutdown FollowerState
2019-10-20 17:41:17,817 [Thread-3849] INFO  impl.RaftServerImpl (RaftServerImpl.java:setRole(184)) - 8f18dce1-0a3d-4b65-9c78-af3d58b2da7f@group-091950D56227: changes role from  FOLLOWER to CANDIDATE at term 639 for changeToCandidate
2019-10-20 17:41:17,818 [Thread-3849] INFO  impl.RoleInfo (RoleInfo.java:updateAndGet(143)) - 8f18dce1-0a3d-4b65-9c78-af3d58b2da7f: start LeaderElection
2019-10-20 17:41:17,844 [8f18dce1-0a3d-4b65-9c78-af3d58b2da7f@group-091950D56227-LeaderElection540] INFO  impl.LeaderElection (LeaderElection.java:askForVotes(178)) - 8f18dce1-0a3d-4b65-9c78-af3d58b2da7f@group-091950D56227-LeaderElection540: begin an election at term 640 for -1: [8a63e1ae-032e-4bed-9f20-125a11f65413:0.0.0.0:38685, 8f18dce1-0a3d-4b65-9c78-af3d58b2da7f:0.0.0.0:42489, 7b1e61a0-7daf-43dd-99d5-9b325c1d31ae:0.0.0.0:38412], old=null
2019-10-20 17:41:17,846 [grpc-default-executor-1] INFO  impl.RaftServerImpl (RaftServerImpl.java:setRole(184)) - 8a63e1ae-032e-4bed-9f20-125a11f65413@group-091950D56227: changes role from  FOLLOWER to FOLLOWER at term 640 for recognizeCandidate:8f18dce1-0a3d-4b65-9c78-af3d58b2da7f
2019-10-20 17:41:17,847 [grpc-default-executor-3] INFO  impl.RaftServerImpl (RaftServerImpl.java:setRole(184)) - 7b1e61a0-7daf-43dd-99d5-9b325c1d31ae@group-091950D56227: changes role from  FOLLOWER to FOLLOWER at term 640 for recognizeCandidate:8f18dce1-0a3d-4b65-9c78-af3d58b2da7f
2019-10-20 17:41:17,847 [grpc-default-executor-3] INFO  impl.RoleInfo (RoleInfo.java:shutdownFollowerState(121)) - 7b1e61a0-7daf-43dd-99d5-9b325c1d31ae: shutdown FollowerState
2019-10-20 17:41:17,847 [grpc-default-executor-1] INFO  impl.RoleInfo (RoleInfo.java:shutdownFollowerState(121)) - 8a63e1ae-032e-4bed-9f20-125a11f65413: shutdown FollowerState
2019-10-20 17:41:17,847 [Thread-3848] INFO  impl.FollowerState (FollowerState.java:run(117)) - 7b1e61a0-7daf-43dd-99d5-9b325c1d31ae@group-091950D56227-FollowerState was interrupted: java.lang.InterruptedException: sleep interrupted
2019-10-20 17:41:17,847 [grpc-default-executor-3] INFO  impl.RoleInfo (RoleInfo.java:updateAndGet(143)) - 7b1e61a0-7daf-43dd-99d5-9b325c1d31ae: start FollowerState
2019-10-20 17:41:17,847 [Thread-3847] INFO  impl.FollowerState (FollowerState.java:run(117)) - 8a63e1ae-032e-4bed-9f20-125a11f65413@group-091950D56227-FollowerState was interrupted: java.lang.InterruptedException: sleep interrupted
2019-10-20 17:41:17,847 [grpc-default-executor-1] INFO  impl.RoleInfo (RoleInfo.java:updateAndGet(143)) - 8a63e1ae-032e-4bed-9f20-125a11f65413: start FollowerState
2019-10-20 17:41:17,872 [8f18dce1-0a3d-4b65-9c78-af3d58b2da7f@group-091950D56227-LeaderElection540] INFO  impl.LeaderElection (LeaderElection.java:logAndReturn(56)) - 8f18dce1-0a3d-4b65-9c78-af3d58b2da7f@group-091950D56227-LeaderElection540: Election REJECTED; received 2 response(s) [8f18dce1-0a3d-4b65-9c78-af3d58b2da7f<-8a63e1ae-032e-4bed-9f20-125a11f65413#0:FAIL-t640, 8f18dce1-0a3d-4b65-9c78-af3d58b2da7f<-7b1e61a0-7daf-43dd-99d5-9b325c1d31ae#0:FAIL-t640] and 0 exception(s); 8f18dce1-0a3d-4b65-9c78-af3d58b2da7f@group-091950D56227:t640, leader=null, voted=8f18dce1-0a3d-4b65-9c78-af3d58b2da7f, raftlog=8f18dce1-0a3d-4b65-9c78-af3d58b2da7f@group-091950D56227-SegmentedRaftLog:OPENED:c-1,f-1,i0, conf=-1: [8a63e1ae-032e-4bed-9f20-125a11f65413:0.0.0.0:38685, 8f18dce1-0a3d-4b65-9c78-af3d58b2da7f:0.0.0.0:42489, 7b1e61a0-7daf-43dd-99d5-9b325c1d31ae:0.0.0.0:38412], old=null
2019-10-20 17:41:17,872 [8f18dce1-0a3d-4b65-9c78-af3d58b2da7f@group-091950D56227-LeaderElection540] INFO  impl.RaftServerImpl (RaftServerImpl.java:setRole(184)) - 8f18dce1-0a3d-4b65-9c78-af3d58b2da7f@group-091950D56227: changes role from CANDIDATE to FOLLOWER at term 640 for DISCOVERED_A_NEW_TERM
2019-10-20 17:41:17,872 [8f18dce1-0a3d-4b65-9c78-af3d58b2da7f@group-091950D56227-LeaderElection540] INFO  impl.RoleInfo (RoleInfo.java:shutdownLeaderElection(134)) - 8f18dce1-0a3d-4b65-9c78-af3d58b2da7f: shutdown LeaderElection
2019-10-20 17:41:17,872 [8f18dce1-0a3d-4b65-9c78-af3d58b2da7f@group-091950D56227-LeaderElection540] INFO  impl.RoleInfo (RoleInfo.java:updateAndGet(143)) - 8f18dce1-0a3d-4b65-9c78-af3d58b2da7f: start FollowerState
2019-10-20 17:41:17,883 [Thread-3855] INFO  impl.FollowerState (FollowerState.java:run(108)) - 8f18dce1-0a3d-4b65-9c78-af3d58b2da7f@group-091950D56227-FollowerState: change to CANDIDATE, lastRpcTime:10ms, electionTimeout:10ms
2019-10-20 17:41:17,883 [Thread-3855] INFO  impl.RoleInfo (RoleInfo.java:shutdownFollowerState(121)) - 8f18dce1-0a3d-4b65-9c78-af3d58b2da7f: shutdown FollowerState
2019-10-20 17:41:17,883 [Thread-3855] INFO  impl.RaftServerImpl (RaftServerImpl.java:setRole(184)) - 8f18dce1-0a3d-4b65-9c78-af3d58b2da7f@group-091950D56227: changes role from  FOLLOWER to CANDIDATE at term 640 for changeToCandidate
2019-10-20 17:41:17,883 [Thread-3855] INFO  impl.RoleInfo (RoleInfo.java:updateAndGet(143)) - 8f18dce1-0a3d-4b65-9c78-af3d58b2da7f: start LeaderElection
2019-10-20 17:41:17,905 [8f18dce1-0a3d-4b65-9c78-af3d58b2da7f@group-091950D56227-LeaderElection541] INFO  impl.LeaderElection (LeaderElection.java:askForVotes(178)) - 8f18dce1-0a3d-4b65-9c78-af3d58b2da7f@group-091950D56227-LeaderElection541: begin an election at term 641 for -1: [8a63e1ae-032e-4bed-9f20-125a11f65413:0.0.0.0:38685, 8f18dce1-0a3d-4b65-9c78-af3d58b2da7f:0.0.0.0:42489, 7b1e61a0-7daf-43dd-99d5-9b325c1d31ae:0.0.0.0:38412], old=null
2019-10-20 17:41:17,906 [grpc-default-executor-3] INFO  impl.RaftServerImpl (RaftServerImpl.java:setRole(184)) - 8a63e1ae-032e-4bed-9f20-125a11f65413@group-091950D56227: changes role from  FOLLOWER to FOLLOWER at term 641 for recognizeCandidate:8f18dce1-0a3d-4b65-9c78-af3d58b2da7f
2019-10-20 17:41:17,907 [grpc-default-executor-1] INFO  impl.RaftServerImpl (RaftServerImpl.java:setRole(184)) - 7b1e61a0-7daf-43dd-99d5-9b325c1d31ae@group-091950D56227: changes role from  FOLLOWER to FOLLOWER at term 641 for recognizeCandidate:8f18dce1-0a3d-4b65-9c78-af3d58b2da7f
2019-10-20 17:41:17,907 [grpc-default-executor-1] INFO  impl.RoleInfo (RoleInfo.java:shutdownFollowerState(121)) - 7b1e61a0-7daf-43dd-99d5-9b325c1d31ae: shutdown FollowerState
2019-10-20 17:41:17,907 [grpc-default-executor-3] INFO  impl.RoleInfo (RoleInfo.java:shutdownFollowerState(121)) - 8a63e1ae-032e-4bed-9f20-125a11f65413: shutdown FollowerState
2019-10-20 17:41:17,907 [Thread-3853] INFO  impl.FollowerState (FollowerState.java:run(117)) - 7b1e61a0-7daf-43dd-99d5-9b325c1d31ae@group-091950D56227-FollowerState was interrupted: java.lang.InterruptedException: sleep interrupted
2019-10-20 17:41:17,907 [grpc-default-executor-1] INFO  impl.RoleInfo (RoleInfo.java:updateAndGet(143)) - 7b1e61a0-7daf-43dd-99d5-9b325c1d31ae: start FollowerState
2019-10-20 17:41:17,907 [Thread-3854] INFO  impl.FollowerState (FollowerState.java:run(117)) - 8a63e1ae-032e-4bed-9f20-125a11f65413@group-091950D56227-FollowerState was interrupted: java.lang.InterruptedException: sleep interrupted
2019-10-20 17:41:17,907 [grpc-default-executor-3] INFO  impl.RoleInfo (RoleInfo.java:updateAndGet(143)) - 8a63e1ae-032e-4bed-9f20-125a11f65413: start FollowerState
2019-10-20 17:41:17,931 [8f18dce1-0a3d-4b65-9c78-af3d58b2da7f@group-091950D56227-LeaderElection541] INFO  impl.LeaderElection (LeaderElection.java:logAndReturn(56)) - 8f18dce1-0a3d-4b65-9c78-af3d58b2da7f@group-091950D56227-LeaderElection541: Election REJECTED; received 2 response(s) [8f18dce1-0a3d-4b65-9c78-af3d58b2da7f<-8a63e1ae-032e-4bed-9f20-125a11f65413#0:FAIL-t641, 8f18dce1-0a3d-4b65-9c78-af3d58b2da7f<-7b1e61a0-7daf-43dd-99d5-9b325c1d31ae#0:FAIL-t641] and 0 exception(s); 8f18dce1-0a3d-4b65-9c78-af3d58b2da7f@group-091950D56227:t641, leader=null, voted=8f18dce1-0a3d-4b65-9c78-af3d58b2da7f, raftlog=8f18dce1-0a3d-4b65-9c78-af3d58b2da7f@group-091950D56227-SegmentedRaftLog:OPENED:c-1,f-1,i0, conf=-1: [8a63e1ae-032e-4bed-9f20-125a11f65413:0.0.0.0:38685, 8f18dce1-0a3d-4b65-9c78-af3d58b2da7f:0.0.0.0:42489, 7b1e61a0-7daf-43dd-99d5-9b325c1d31ae:0.0.0.0:38412], old=null
2019-10-20 17:41:17,931 [8f18dce1-0a3d-4b65-9c78-af3d58b2da7f@group-091950D56227-LeaderElection541] INFO  impl.RaftServerImpl (RaftServerImpl.java:setRole(184)) - 8f18dce1-0a3d-4b65-9c78-af3d58b2da7f@group-091950D56227: changes role from CANDIDATE to FOLLOWER at term 641 for DISCOVERED_A_NEW_TERM
2019-10-20 17:41:17,931 [8f18dce1-0a3d-4b65-9c78-af3d58b2da7f@group-091950D56227-LeaderElection541] INFO  impl.RoleInfo (RoleInfo.java:shutdownLeaderElection(134)) - 8f18dce1-0a3d-4b65-9c78-af3d58b2da7f: shutdown LeaderElection
2019-10-20 17:41:17,931 [8f18dce1-0a3d-4b65-9c78-af3d58b2da7f@group-091950D56227-LeaderElection541] INFO  impl.RoleInfo (RoleInfo.java:updateAndGet(143)) - 8f18dce1-0a3d-4b65-9c78-af3d58b2da7f: start FollowerState
2019-10-20 17:41:17,968 [Thread-3861] INFO  impl.FollowerState (FollowerState.java:run(108)) - 8f18dce1-0a3d-4b65-9c78-af3d58b2da7f@group-091950D56227-FollowerState: change to CANDIDATE, lastRpcTime:36ms, electionTimeout:36ms
2019-10-20 17:41:17,968 [Thread-3861] INFO  impl.RoleInfo (RoleInfo.java:shutdownFollowerState(121)) - 8f18dce1-0a3d-4b65-9c78-af3d58b2da7f: shutdown FollowerState
2019-10-20 17:41:17,968 [Thread-3861] INFO  impl.RaftServerImpl (RaftServerImpl.java:setRole(184)) - 8f18dce1-0a3d-4b65-9c78-af3d58b2da7f@group-091950D56227: changes role from  FOLLOWER to CANDIDATE at term 641 for changeToCandidate
2019-10-20 17:41:17,968 [Thread-3861] INFO  impl.RoleInfo (RoleInfo.java:updateAndGet(143)) - 8f18dce1-0a3d-4b65-9c78-af3d58b2da7f: start LeaderElection
2019-10-20 17:41:17,997 [8f18dce1-0a3d-4b65-9c78-af3d58b2da7f@group-091950D56227-LeaderElection542] INFO  impl.LeaderElection (LeaderElection.java:askForVotes(178)) - 8f18dce1-0a3d-4b65-9c78-af3d58b2da7f@group-091950D56227-LeaderElection542: begin an election at term 642 for -1: [8a63e1ae-032e-4bed-9f20-125a11f65413:0.0.0.0:38685, 8f18dce1-0a3d-4b65-9c78-af3d58b2da7f:0.0.0.0:42489, 7b1e61a0-7daf-43dd-99d5-9b325c1d31ae:0.0.0.0:38412], old=null
2019-10-20 17:41:17,999 [grpc-default-executor-1] INFO  impl.RaftServerImpl (RaftServerImpl.java:setRole(184)) - 8a63e1ae-032e-4bed-9f20-125a11f65413@group-091950D56227: changes role from  FOLLOWER to FOLLOWER at term 642 for recognizeCandidate:8f18dce1-0a3d-4b65-9c78-af3d58b2da7f
2019-10-20 17:41:17,999 [grpc-default-executor-1] INFO  impl.RoleInfo (RoleInfo.java:shutdownFollowerState(121)) - 8a63e1ae-032e-4bed-9f20-125a11f65413: shutdown FollowerState
2019-10-20 17:41:17,999 [grpc-default-executor-1] INFO  impl.RoleInfo (RoleInfo.java:updateAndGet(143)) - 8a63e1ae-032e-4bed-9f20-125a11f65413: start FollowerState
2019-10-20 17:41:17,999 [Thread-3860] INFO  impl.FollowerState (FollowerState.java:run(117)) - 8a63e1ae-032e-4bed-9f20-125a11f65413@group-091950D56227-FollowerState was interrupted: java.lang.InterruptedException: sleep interrupted
2019-10-20 17:41:17,999 [grpc-default-executor-3] INFO  impl.RaftServerImpl (RaftServerImpl.java:setRole(184)) - 7b1e61a0-7daf-43dd-99d5-9b325c1d31ae@group-091950D56227: changes role from  FOLLOWER to FOLLOWER at term 642 for recognizeCandidate:8f18dce1-0a3d-4b65-9c78-af3d58b2da7f
2019-10-20 17:41:17,999 [grpc-default-executor-3] INFO  impl.RoleInfo (RoleInfo.java:shutdownFollowerState(121)) - 7b1e61a0-7daf-43dd-99d5-9b325c1d31ae: shutdown FollowerState
2019-10-20 17:41:17,999 [grpc-default-executor-3] INFO  impl.RoleInfo (RoleInfo.java:updateAndGet(143)) - 7b1e61a0-7daf-43dd-99d5-9b325c1d31ae: start FollowerState
2019-10-20 17:41:17,999 [Thread-3859] INFO  impl.FollowerState (FollowerState.java:run(117)) - 7b1e61a0-7daf-43dd-99d5-9b325c1d31ae@group-091950D56227-FollowerState was interrupted: java.lang.InterruptedException: sleep interrupted
2019-10-20 17:41:18,023 [8f18dce1-0a3d-4b65-9c78-af3d58b2da7f@group-091950D56227-LeaderElection542] INFO  impl.LeaderElection (LeaderElection.java:logAndReturn(56)) - 8f18dce1-0a3d-4b65-9c78-af3d58b2da7f@group-091950D56227-LeaderElection542: Election REJECTED; received 2 response(s) [8f18dce1-0a3d-4b65-9c78-af3d58b2da7f<-8a63e1ae-032e-4bed-9f20-125a11f65413#0:FAIL-t642, 8f18dce1-0a3d-4b65-9c78-af3d58b2da7f<-7b1e61a0-7daf-43dd-99d5-9b325c1d31ae#0:FAIL-t642] and 0 exception(s); 8f18dce1-0a3d-4b65-9c78-af3d58b2da7f@group-091950D56227:t642, leader=null, voted=8f18dce1-0a3d-4b65-9c78-af3d58b2da7f, raftlog=8f18dce1-0a3d-4b65-9c78-af3d58b2da7f@group-091950D56227-SegmentedRaftLog:OPENED:c-1,f-1,i0, conf=-1: [8a63e1ae-032e-4bed-9f20-125a11f65413:0.0.0.0:38685, 8f18dce1-0a3d-4b65-9c78-af3d58b2da7f:0.0.0.0:42489, 7b1e61a0-7daf-43dd-99d5-9b325c1d31ae:0.0.0.0:38412], old=null
2019-10-20 17:41:18,023 [8f18dce1-0a3d-4b65-9c78-af3d58b2da7f@group-091950D56227-LeaderElection542] INFO  impl.RaftServerImpl (RaftServerImpl.java:setRole(184)) - 8f18dce1-0a3d-4b65-9c78-af3d58b2da7f@group-091950D56227: changes role from CANDIDATE to FOLLOWER at term 642 for DISCOVERED_A_NEW_TERM
2019-10-20 17:41:18,024 [8f18dce1-0a3d-4b65-9c78-af3d58b2da7f@group-091950D56227-LeaderElection542] INFO  impl.RoleInfo (RoleInfo.java:shutdownLeaderElection(134)) - 8f18dce1-0a3d-4b65-9c78-af3d58b2da7f: shutdown LeaderElection
2019-10-20 17:41:18,024 [8f18dce1-0a3d-4b65-9c78-af3d58b2da7f@group-091950D56227-LeaderElection542] INFO  impl.RoleInfo (RoleInfo.java:updateAndGet(143)) - 8f18dce1-0a3d-4b65-9c78-af3d58b2da7f: start FollowerState
2019-10-20 17:41:18,074 [Thread-3867] INFO  impl.FollowerState (FollowerState.java:run(108)) - 8f18dce1-0a3d-4b65-9c78-af3d58b2da7f@group-091950D56227-FollowerState: change to CANDIDATE, lastRpcTime:50ms, electionTimeout:50ms
2019-10-20 17:41:18,074 [Thread-3867] INFO  impl.RoleInfo (RoleInfo.java:shutdownFollowerState(121)) - 8f18dce1-0a3d-4b65-9c78-af3d58b2da7f: shutdown FollowerState
2019-10-20 17:41:18,074 [Thread-3867] INFO  impl.RaftServerImpl (RaftServerImpl.java:setRole(184)) - 8f18dce1-0a3d-4b65-9c78-af3d58b2da7f@group-091950D56227: changes role from  FOLLOWER to CANDIDATE at term 642 for changeToCandidate
2019-10-20 17:41:18,074 [Thread-3867] INFO  impl.RoleInfo (RoleInfo.java:updateAndGet(143)) - 8f18dce1-0a3d-4b65-9c78-af3d58b2da7f: start LeaderElection
2019-10-20 17:41:18,098 [8f18dce1-0a3d-4b65-9c78-af3d58b2da7f@group-091950D56227-LeaderElection543] INFO  impl.LeaderElection (LeaderElection.java:askForVotes(178)) - 8f18dce1-0a3d-4b65-9c78-af3d58b2da7f@group-091950D56227-LeaderElection543: begin an election at term 643 for -1: [8a63e1ae-032e-4bed-9f20-125a11f65413:0.0.0.0:38685, 8f18dce1-0a3d-4b65-9c78-af3d58b2da7f:0.0.0.0:42489, 7b1e61a0-7daf-43dd-99d5-9b325c1d31ae:0.0.0.0:38412], old=null
2019-10-20 17:41:18,100 [grpc-default-executor-3] INFO  impl.RaftServerImpl (RaftServerImpl.java:setRole(184)) - 8a63e1ae-032e-4bed-9f20-125a11f65413@group-091950D56227: changes role from  FOLLOWER to FOLLOWER at term 643 for recognizeCandidate:8f18dce1-0a3d-4b65-9c78-af3d58b2da7f
2019-10-20 17:41:18,100 [grpc-default-executor-3] INFO  impl.RoleInfo (RoleInfo.java:shutdownFollowerState(121)) - 8a63e1ae-032e-4bed-9f20-125a11f65413: shutdown FollowerState
2019-10-20 17:41:18,100 [grpc-default-executor-3] INFO  impl.RoleInfo (RoleInfo.java:updateAndGet(143)) - 8a63e1ae-032e-4bed-9f20-125a11f65413: start FollowerState
2019-10-20 17:41:18,100 [Thread-3865] INFO  impl.FollowerState (FollowerState.java:run(117)) - 8a63e1ae-032e-4bed-9f20-125a11f65413@group-091950D56227-FollowerState was interrupted: java.lang.InterruptedException: sleep interrupted
2019-10-20 17:41:18,100 [grpc-default-executor-1] INFO  impl.RaftServerImpl (RaftServerImpl.java:setRole(184)) - 7b1e61a0-7daf-43dd-99d5-9b325c1d31ae@group-091950D56227: changes role from  FOLLOWER to FOLLOWER at term 643 for recognizeCandidate:8f18dce1-0a3d-4b65-9c78-af3d58b2da7f
2019-10-20 17:41:18,100 [grpc-default-executor-1] INFO  impl.RoleInfo (RoleInfo.java:shutdownFollowerState(121)) - 7b1e61a0-7daf-43dd-99d5-9b325c1d31ae: shutdown FollowerState
2019-10-20 17:41:18,101 [grpc-default-executor-1] INFO  impl.RoleInfo (RoleInfo.java:updateAndGet(143)) - 7b1e61a0-7daf-43dd-99d5-9b325c1d31ae: start FollowerState
2019-10-20 17:41:18,101 [Thread-3866] INFO  impl.FollowerState (FollowerState.java:run(117)) - 7b1e61a0-7daf-43dd-99d5-9b325c1d31ae@group-091950D56227-FollowerState was interrupted: java.lang.InterruptedException: sleep interrupted
2019-10-20 17:41:18,114 [8f18dce1-0a3d-4b65-9c78-af3d58b2da7f@group-091950D56227-LeaderElection543] INFO  impl.LeaderElection (LeaderElection.java:logAndReturn(56)) - 8f18dce1-0a3d-4b65-9c78-af3d58b2da7f@group-091950D56227-LeaderElection543: Election TIMEOUT; received 0 response(s) [] and 0 exception(s); 8f18dce1-0a3d-4b65-9c78-af3d58b2da7f@group-091950D56227:t643, leader=null, voted=8f18dce1-0a3d-4b65-9c78-af3d58b2da7f, raftlog=8f18dce1-0a3d-4b65-9c78-af3d58b2da7f@group-091950D56227-SegmentedRaftLog:OPENED:c-1,f-1,i0, conf=-1: [8a63e1ae-032e-4bed-9f20-125a11f65413:0.0.0.0:38685, 8f18dce1-0a3d-4b65-9c78-af3d58b2da7f:0.0.0.0:42489, 7b1e61a0-7daf-43dd-99d5-9b325c1d31ae:0.0.0.0:38412], old=null
2019-10-20 17:41:18,141 [8f18dce1-0a3d-4b65-9c78-af3d58b2da7f@group-091950D56227-LeaderElection543] INFO  impl.LeaderElection (LeaderElection.java:askForVotes(178)) - 8f18dce1-0a3d-4b65-9c78-af3d58b2da7f@group-091950D56227-LeaderElection543: begin an election at term 644 for -1: [8a63e1ae-032e-4bed-9f20-125a11f65413:0.0.0.0:38685, 8f18dce1-0a3d-4b65-9c78-af3d58b2da7f:0.0.0.0:42489, 7b1e61a0-7daf-43dd-99d5-9b325c1d31ae:0.0.0.0:38412], old=null
2019-10-20 17:41:18,142 [grpc-default-executor-3] INFO  impl.RaftServerImpl (RaftServerImpl.java:setRole(184)) - 8a63e1ae-032e-4bed-9f20-125a11f65413@group-091950D56227: changes role from  FOLLOWER to FOLLOWER at term 644 for recognizeCandidate:8f18dce1-0a3d-4b65-9c78-af3d58b2da7f
2019-10-20 17:41:18,142 [grpc-default-executor-0] INFO  impl.RaftServerImpl (RaftServerImpl.java:setRole(184)) - 7b1e61a0-7daf-43dd-99d5-9b325c1d31ae@group-091950D56227: changes role from  FOLLOWER to FOLLOWER at term 644 for recognizeCandidate:8f18dce1-0a3d-4b65-9c78-af3d58b2da7f
2019-10-20 17:41:18,142 [grpc-default-executor-3] INFO  impl.RoleInfo (RoleInfo.java:shutdownFollowerState(121)) - 8a63e1ae-032e-4bed-9f20-125a11f65413: shutdown FollowerState
2019-10-20 17:41:18,143 [grpc-default-executor-0] INFO  impl.RoleInfo (RoleInfo.java:shutdownFollowerState(121)) - 7b1e61a0-7daf-43dd-99d5-9b325c1d31ae: shutdown FollowerState
2019-10-20 17:41:18,143 [Thread-3871] INFO  impl.FollowerState (FollowerState.java:run(117)) - 8a63e1ae-032e-4bed-9f20-125a11f65413@group-091950D56227-FollowerState was interrupted: java.lang.InterruptedException: sleep interrupted
2019-10-20 17:41:18,143 [grpc-default-executor-3] INFO  impl.RoleInfo (RoleInfo.java:updateAndGet(143)) - 8a63e1ae-032e-4bed-9f20-125a11f65413: start FollowerState
2019-10-20 17:41:18,143 [Thread-3872] INFO  impl.FollowerState (FollowerState.java:run(117)) - 7b1e61a0-7daf-43dd-99d5-9b325c1d31ae@group-091950D56227-FollowerState was interrupted: java.lang.InterruptedException: sleep interrupted
2019-10-20 17:41:18,143 [grpc-default-executor-0] INFO  impl.RoleInfo (RoleInfo.java:updateAndGet(143)) - 7b1e61a0-7daf-43dd-99d5-9b325c1d31ae: start FollowerState
2019-10-20 17:41:18,167 [8f18dce1-0a3d-4b65-9c78-af3d58b2da7f@group-091950D56227-LeaderElection543] INFO  impl.LeaderElection (LeaderElection.java:logAndReturn(56)) - 8f18dce1-0a3d-4b65-9c78-af3d58b2da7f@group-091950D56227-LeaderElection543: Election REJECTED; received 2 response(s) [8f18dce1-0a3d-4b65-9c78-af3d58b2da7f<-8a63e1ae-032e-4bed-9f20-125a11f65413#0:FAIL-t644, 8f18dce1-0a3d-4b65-9c78-af3d58b2da7f<-7b1e61a0-7daf-43dd-99d5-9b325c1d31ae#0:FAIL-t644] and 0 exception(s); 8f18dce1-0a3d-4b65-9c78-af3d58b2da7f@group-091950D56227:t644, leader=null, voted=8f18dce1-0a3d-4b65-9c78-af3d58b2da7f, raftlog=8f18dce1-0a3d-4b65-9c78-af3d58b2da7f@group-091950D56227-SegmentedRaftLog:OPENED:c-1,f-1,i0, conf=-1: [8a63e1ae-032e-4bed-9f20-125a11f65413:0.0.0.0:38685, 8f18dce1-0a3d-4b65-9c78-af3d58b2da7f:0.0.0.0:42489, 7b1e61a0-7daf-43dd-99d5-9b325c1d31ae:0.0.0.0:38412], old=null
2019-10-20 17:41:18,167 [8f18dce1-0a3d-4b65-9c78-af3d58b2da7f@group-091950D56227-LeaderElection543] INFO  impl.RaftServerImpl (RaftServerImpl.java:setRole(184)) - 8f18dce1-0a3d-4b65-9c78-af3d58b2da7f@group-091950D56227: changes role from CANDIDATE to FOLLOWER at term 644 for DISCOVERED_A_NEW_TERM
2019-10-20 17:41:18,167 [8f18dce1-0a3d-4b65-9c78-af3d58b2da7f@group-091950D56227-LeaderElection543] INFO  impl.RoleInfo (RoleInfo.java:shutdownLeaderElection(134)) - 8f18dce1-0a3d-4b65-9c78-af3d58b2da7f: shutdown LeaderElection
2019-10-20 17:41:18,167 [8f18dce1-0a3d-4b65-9c78-af3d58b2da7f@group-091950D56227-LeaderElection543] INFO  impl.RoleInfo (RoleInfo.java:updateAndGet(143)) - 8f18dce1-0a3d-4b65-9c78-af3d58b2da7f: start FollowerState
2019-10-20 17:41:18,275 [Thread-3877] INFO  impl.FollowerState (FollowerState.java:run(108)) - 8f18dce1-0a3d-4b65-9c78-af3d58b2da7f@group-091950D56227-FollowerState: change to CANDIDATE, lastRpcTime:108ms, electionTimeout:108ms
2019-10-20 17:41:18,276 [Thread-3877] INFO  impl.RoleInfo (RoleInfo.java:shutdownFollowerState(121)) - 8f18dce1-0a3d-4b65-9c78-af3d58b2da7f: shutdown FollowerState
2019-10-20 17:41:18,276 [Thread-3877] INFO  impl.RaftServerImpl (RaftServerImpl.java:setRole(184)) - 8f18dce1-0a3d-4b65-9c78-af3d58b2da7f@group-091950D56227: changes role from  FOLLOWER to CANDIDATE at term 644 for changeToCandidate
2019-10-20 17:41:18,276 [Thread-3877] INFO  impl.RoleInfo (RoleInfo.java:updateAndGet(143)) - 8f18dce1-0a3d-4b65-9c78-af3d58b2da7f: start LeaderElection
2019-10-20 17:41:18,300 [8f18dce1-0a3d-4b65-9c78-af3d58b2da7f@group-091950D56227-LeaderElection544] INFO  impl.LeaderElection (LeaderElection.java:askForVotes(178)) - 8f18dce1-0a3d-4b65-9c78-af3d58b2da7f@group-091950D56227-LeaderElection544: begin an election at term 645 for -1: [8a63e1ae-032e-4bed-9f20-125a11f65413:0.0.0.0:38685, 8f18dce1-0a3d-4b65-9c78-af3d58b2da7f:0.0.0.0:42489, 7b1e61a0-7daf-43dd-99d5-9b325c1d31ae:0.0.0.0:38412], old=null
2019-10-20 17:41:18,302 [grpc-default-executor-0] INFO  impl.RaftServerImpl (RaftServerImpl.java:setRole(184)) - 7b1e61a0-7daf-43dd-99d5-9b325c1d31ae@group-091950D56227: changes role from  FOLLOWER to FOLLOWER at term 645 for recognizeCandidate:8f18dce1-0a3d-4b65-9c78-af3d58b2da7f
2019-10-20 17:41:18,302 [grpc-default-executor-3] INFO  impl.RaftServerImpl (RaftServerImpl.java:setRole(184)) - 8a63e1ae-032e-4bed-9f20-125a11f65413@group-091950D56227: changes role from  FOLLOWER to FOLLOWER at term 645 for recognizeCandidate:8f18dce1-0a3d-4b65-9c78-af3d58b2da7f
2019-10-20 17:41:18,302 [grpc-default-executor-0] INFO  impl.RoleInfo (RoleInfo.java:shutdownFollowerState(121)) - 7b1e61a0-7daf-43dd-99d5-9b325c1d31ae: shutdown FollowerState
2019-10-20 17:41:18,302 [grpc-default-executor-3] INFO  impl.RoleInfo (RoleInfo.java:shutdownFollowerState(121)) - 8a63e1ae-032e-4bed-9f20-125a11f65413: shutdown FollowerState
2019-10-20 17:41:18,302 [Thread-3876] INFO  impl.FollowerState (FollowerState.java:run(117)) - 7b1e61a0-7daf-43dd-99d5-9b325c1d31ae@group-091950D56227-FollowerState was interrupted: java.lang.InterruptedException: sleep interrupted
2019-10-20 17:41:18,302 [Thread-3875] INFO  impl.FollowerState (FollowerState.java:run(117)) - 8a63e1ae-032e-4bed-9f20-125a11f65413@group-091950D56227-FollowerState was interrupted: java.lang.InterruptedException: sleep interrupted
2019-10-20 17:41:18,302 [grpc-default-executor-0] INFO  impl.RoleInfo (RoleInfo.java:updateAndGet(143)) - 7b1e61a0-7daf-43dd-99d5-9b325c1d31ae: start FollowerState
2019-10-20 17:41:18,302 [grpc-default-executor-3] INFO  impl.RoleInfo (RoleInfo.java:updateAndGet(143)) - 8a63e1ae-032e-4bed-9f20-125a11f65413: start FollowerState
2019-10-20 17:41:18,327 [8f18dce1-0a3d-4b65-9c78-af3d58b2da7f@group-091950D56227-LeaderElection544] INFO  impl.LeaderElection (LeaderElection.java:logAndReturn(56)) - 8f18dce1-0a3d-4b65-9c78-af3d58b2da7f@group-091950D56227-LeaderElection544: Election REJECTED; received 2 response(s) [8f18dce1-0a3d-4b65-9c78-af3d58b2da7f<-8a63e1ae-032e-4bed-9f20-125a11f65413#0:FAIL-t645, 8f18dce1-0a3d-4b65-9c78-af3d58b2da7f<-7b1e61a0-7daf-43dd-99d5-9b325c1d31ae#0:FAIL-t645] and 0 exception(s); 8f18dce1-0a3d-4b65-9c78-af3d58b2da7f@group-091950D56227:t645, leader=null, voted=8f18dce1-0a3d-4b65-9c78-af3d58b2da7f, raftlog=8f18dce1-0a3d-4b65-9c78-af3d58b2da7f@group-091950D56227-SegmentedRaftLog:OPENED:c-1,f-1,i0, conf=-1: [8a63e1ae-032e-4bed-9f20-125a11f65413:0.0.0.0:38685, 8f18dce1-0a3d-4b65-9c78-af3d58b2da7f:0.0.0.0:42489, 7b1e61a0-7daf-43dd-99d5-9b325c1d31ae:0.0.0.0:38412], old=null
2019-10-20 17:41:18,327 [8f18dce1-0a3d-4b65-9c78-af3d58b2da7f@group-091950D56227-LeaderElection544] INFO  impl.RaftServerImpl (RaftServerImpl.java:setRole(184)) - 8f18dce1-0a3d-4b65-9c78-af3d58b2da7f@group-091950D56227: changes role from CANDIDATE to FOLLOWER at term 645 for DISCOVERED_A_NEW_TERM
2019-10-20 17:41:18,327 [8f18dce1-0a3d-4b65-9c78-af3d58b2da7f@group-091950D56227-LeaderElection544] INFO  impl.RoleInfo (RoleInfo.java:shutdownLeaderElection(134)) - 8f18dce1-0a3d-4b65-9c78-af3d58b2da7f: shutdown LeaderElection
2019-10-20 17:41:18,327 [8f18dce1-0a3d-4b65-9c78-af3d58b2da7f@group-091950D56227-LeaderElection544] INFO  impl.RoleInfo (RoleInfo.java:updateAndGet(143)) - 8f18dce1-0a3d-4b65-9c78-af3d58b2da7f: start FollowerState
2019-10-20 17:41:18,515 [Thread-3883] INFO  impl.FollowerState (FollowerState.java:run(108)) - 8f18dce1-0a3d-4b65-9c78-af3d58b2da7f@group-091950D56227-FollowerState: change to CANDIDATE, lastRpcTime:187ms, electionTimeout:187ms
2019-10-20 17:41:18,515 [Thread-3883] INFO  impl.RoleInfo (RoleInfo.java:shutdownFollowerState(121)) - 8f18dce1-0a3d-4b65-9c78-af3d58b2da7f: shutdown FollowerState
2019-10-20 17:41:18,515 [Thread-3883] INFO  impl.RaftServerImpl (RaftServerImpl.java:setRole(184)) - 8f18dce1-0a3d-4b65-9c78-af3d58b2da7f@group-091950D56227: changes role from  FOLLOWER to CANDIDATE at term 645 for changeToCandidate
2019-10-20 17:41:18,515 [Thread-3883] INFO  impl.RoleInfo (RoleInfo.java:updateAndGet(143)) - 8f18dce1-0a3d-4b65-9c78-af3d58b2da7f: start LeaderElection
2019-10-20 17:41:18,543 [8f18dce1-0a3d-4b65-9c78-af3d58b2da7f@group-091950D56227-LeaderElection545] INFO  impl.LeaderElection (LeaderElection.java:askForVotes(178)) - 8f18dce1-0a3d-4b65-9c78-af3d58b2da7f@group-091950D56227-LeaderElection545: begin an election at term 646 for -1: [8a63e1ae-032e-4bed-9f20-125a11f65413:0.0.0.0:38685, 8f18dce1-0a3d-4b65-9c78-af3d58b2da7f:0.0.0.0:42489, 7b1e61a0-7daf-43dd-99d5-9b325c1d31ae:0.0.0.0:38412], old=null
2019-10-20 17:41:18,545 [grpc-default-executor-0] INFO  impl.RaftServerImpl (RaftServerImpl.java:setRole(184)) - 8a63e1ae-032e-4bed-9f20-125a11f65413@group-091950D56227: changes role from  FOLLOWER to FOLLOWER at term 646 for recognizeCandidate:8f18dce1-0a3d-4b65-9c78-af3d58b2da7f
2019-10-20 17:41:18,545 [grpc-default-executor-0] INFO  impl.RoleInfo (RoleInfo.java:shutdownFollowerState(121)) - 8a63e1ae-032e-4bed-9f20-125a11f65413: shutdown FollowerState
2019-10-20 17:41:18,545 [grpc-default-executor-3] INFO  impl.RaftServerImpl (RaftServerImpl.java:setRole(184)) - 7b1e61a0-7daf-43dd-99d5-9b325c1d31ae@group-091950D56227: changes role from  FOLLOWER to FOLLOWER at term 646 for recognizeCandidate:8f18dce1-0a3d-4b65-9c78-af3d58b2da7f
2019-10-20 17:41:18,545 [grpc-default-executor-3] INFO  impl.RoleInfo (RoleInfo.java:shutdownFollowerState(121)) - 7b1e61a0-7daf-43dd-99d5-9b325c1d31ae: shutdown FollowerState
2019-10-20 17:41:18,545 [Thread-3882] INFO  impl.FollowerState (FollowerState.java:run(117)) - 8a63e1ae-032e-4bed-9f20-125a11f65413@group-091950D56227-FollowerState was interrupted: java.lang.InterruptedException: sleep interrupted
2019-10-20 17:41:18,545 [grpc-default-executor-0] INFO  impl.RoleInfo (RoleInfo.java:updateAndGet(143)) - 8a63e1ae-032e-4bed-9f20-125a11f65413: start FollowerState
2019-10-20 17:41:18,546 [Thread-3881] INFO  impl.FollowerState (FollowerState.java:run(117)) - 7b1e61a0-7daf-43dd-99d5-9b325c1d31ae@group-091950D56227-FollowerState was interrupted: java.lang.InterruptedException: sleep interrupted
2019-10-20 17:41:18,546 [grpc-default-executor-3] INFO  impl.RoleInfo (RoleInfo.java:updateAndGet(143)) - 7b1e61a0-7daf-43dd-99d5-9b325c1d31ae: start FollowerState
2019-10-20 17:41:18,569 [8f18dce1-0a3d-4b65-9c78-af3d58b2da7f@group-091950D56227-LeaderElection545] INFO  impl.LeaderElection (LeaderElection.java:logAndReturn(56)) - 8f18dce1-0a3d-4b65-9c78-af3d58b2da7f@group-091950D56227-LeaderElection545: Election REJECTED; received 2 response(s) [8f18dce1-0a3d-4b65-9c78-af3d58b2da7f<-8a63e1ae-032e-4bed-9f20-125a11f65413#0:FAIL-t646, 8f18dce1-0a3d-4b65-9c78-af3d58b2da7f<-7b1e61a0-7daf-43dd-99d5-9b325c1d31ae#0:FAIL-t646] and 0 exception(s); 8f18dce1-0a3d-4b65-9c78-af3d58b2da7f@group-091950D56227:t646, leader=null, voted=8f18dce1-0a3d-4b65-9c78-af3d58b2da7f, raftlog=8f18dce1-0a3d-4b65-9c78-af3d58b2da7f@group-091950D56227-SegmentedRaftLog:OPENED:c-1,f-1,i0, conf=-1: [8a63e1ae-032e-4bed-9f20-125a11f65413:0.0.0.0:38685, 8f18dce1-0a3d-4b65-9c78-af3d58b2da7f:0.0.0.0:42489, 7b1e61a0-7daf-43dd-99d5-9b325c1d31ae:0.0.0.0:38412], old=null
2019-10-20 17:41:18,569 [8f18dce1-0a3d-4b65-9c78-af3d58b2da7f@group-091950D56227-LeaderElection545] INFO  impl.RaftServerImpl (RaftServerImpl.java:setRole(184)) - 8f18dce1-0a3d-4b65-9c78-af3d58b2da7f@group-091950D56227: changes role from CANDIDATE to FOLLOWER at term 646 for DISCOVERED_A_NEW_TERM
2019-10-20 17:41:18,569 [8f18dce1-0a3d-4b65-9c78-af3d58b2da7f@group-091950D56227-LeaderElection545] INFO  impl.RoleInfo (RoleInfo.java:shutdownLeaderElection(134)) - 8f18dce1-0a3d-4b65-9c78-af3d58b2da7f: shutdown LeaderElection
2019-10-20 17:41:18,569 [8f18dce1-0a3d-4b65-9c78-af3d58b2da7f@group-091950D56227-LeaderElection545] INFO  impl.RoleInfo (RoleInfo.java:updateAndGet(143)) - 8f18dce1-0a3d-4b65-9c78-af3d58b2da7f: start FollowerState
2019-10-20 17:41:18,727 [Thread-3891] INFO  impl.FollowerState (FollowerState.java:run(108)) - 8f18dce1-0a3d-4b65-9c78-af3d58b2da7f@group-091950D56227-FollowerState: change to CANDIDATE, lastRpcTime:157ms, electionTimeout:157ms
2019-10-20 17:41:18,727 [Thread-3891] INFO  impl.RoleInfo (RoleInfo.java:shutdownFollowerState(121)) - 8f18dce1-0a3d-4b65-9c78-af3d58b2da7f: shutdown FollowerState
2019-10-20 17:41:18,727 [Thread-3891] INFO  impl.RaftServerImpl (RaftServerImpl.java:setRole(184)) - 8f18dce1-0a3d-4b65-9c78-af3d58b2da7f@group-091950D56227: changes role from  FOLLOWER to CANDIDATE at term 646 for changeToCandidate
2019-10-20 17:41:18,727 [Thread-3891] INFO  impl.RoleInfo (RoleInfo.java:updateAndGet(143)) - 8f18dce1-0a3d-4b65-9c78-af3d58b2da7f: start LeaderElection
2019-10-20 17:41:18,752 [8f18dce1-0a3d-4b65-9c78-af3d58b2da7f@group-091950D56227-LeaderElection546] INFO  impl.LeaderElection (LeaderElection.java:askForVotes(178)) - 8f18dce1-0a3d-4b65-9c78-af3d58b2da7f@group-091950D56227-LeaderElection546: begin an election at term 647 for -1: [8a63e1ae-032e-4bed-9f20-125a11f65413:0.0.0.0:38685, 8f18dce1-0a3d-4b65-9c78-af3d58b2da7f:0.0.0.0:42489, 7b1e61a0-7daf-43dd-99d5-9b325c1d31ae:0.0.0.0:38412], old=null
2019-10-20 17:41:18,754 [grpc-default-executor-0] INFO  impl.RaftServerImpl (RaftServerImpl.java:setRole(184)) - 8a63e1ae-032e-4bed-9f20-125a11f65413@group-091950D56227: changes role from  FOLLOWER to FOLLOWER at term 647 for recognizeCandidate:8f18dce1-0a3d-4b65-9c78-af3d58b2da7f
2019-10-20 17:41:18,754 [grpc-default-executor-3] INFO  impl.RaftServerImpl (RaftServerImpl.java:setRole(184)) - 7b1e61a0-7daf-43dd-99d5-9b325c1d31ae@group-091950D56227: changes role from  FOLLOWER to FOLLOWER at term 647 for recognizeCandidate:8f18dce1-0a3d-4b65-9c78-af3d58b2da7f
2019-10-20 17:41:18,754 [grpc-default-executor-3] INFO  impl.RoleInfo (RoleInfo.java:shutdownFollowerState(121)) - 7b1e61a0-7daf-43dd-99d5-9b325c1d31ae: shutdown FollowerState
2019-10-20 17:41:18,754 [grpc-default-executor-0] INFO  impl.RoleInfo (RoleInfo.java:shutdownFollowerState(121)) - 8a63e1ae-032e-4bed-9f20-125a11f65413: shutdown FollowerState
2019-10-20 17:41:18,754 [grpc-default-executor-3] INFO  impl.RoleInfo (RoleInfo.java:updateAndGet(143)) - 7b1e61a0-7daf-43dd-99d5-9b325c1d31ae: start FollowerState
2019-10-20 17:41:18,754 [grpc-default-executor-0] INFO  impl.RoleInfo (RoleInfo.java:updateAndGet(143)) - 8a63e1ae-032e-4bed-9f20-125a11f65413: start FollowerState
2019-10-20 17:41:18,754 [Thread-3888] INFO  impl.FollowerState (FollowerState.java:run(117)) - 7b1e61a0-7daf-43dd-99d5-9b325c1d31ae@group-091950D56227-FollowerState was interrupted: java.lang.InterruptedException: sleep interrupted
2019-10-20 17:41:18,754 [Thread-3887] INFO  impl.FollowerState (FollowerState.java:run(117)) - 8a63e1ae-032e-4bed-9f20-125a11f65413@group-091950D56227-FollowerState was interrupted: java.lang.InterruptedException: sleep interrupted
2019-10-20 17:41:18,778 [8f18dce1-0a3d-4b65-9c78-af3d58b2da7f@group-091950D56227-LeaderElection546] INFO  impl.LeaderElection (LeaderElection.java:logAndReturn(56)) - 8f18dce1-0a3d-4b65-9c78-af3d58b2da7f@group-091950D56227-LeaderElection546: Election REJECTED; received 2 response(s) [8f18dce1-0a3d-4b65-9c78-af3d58b2da7f<-8a63e1ae-032e-4bed-9f20-125a11f65413#0:FAIL-t647, 8f18dce1-0a3d-4b65-9c78-af3d58b2da7f<-7b1e61a0-7daf-43dd-99d5-9b325c1d31ae#0:FAIL-t647] and 0 exception(s); 8f18dce1-0a3d-4b65-9c78-af3d58b2da7f@group-091950D56227:t647, leader=null, voted=8f18dce1-0a3d-4b65-9c78-af3d58b2da7f, raftlog=8f18dce1-0a3d-4b65-9c78-af3d58b2da7f@group-091950D56227-SegmentedRaftLog:OPENED:c-1,f-1,i0, conf=-1: [8a63e1ae-032e-4bed-9f20-125a11f65413:0.0.0.0:38685, 8f18dce1-0a3d-4b65-9c78-af3d58b2da7f:0.0.0.0:42489, 7b1e61a0-7daf-43dd-99d5-9b325c1d31ae:0.0.0.0:38412], old=null
2019-10-20 17:41:18,778 [8f18dce1-0a3d-4b65-9c78-af3d58b2da7f@group-091950D56227-LeaderElection546] INFO  impl.RaftServerImpl (RaftServerImpl.java:setRole(184)) - 8f18dce1-0a3d-4b65-9c78-af3d58b2da7f@group-091950D56227: changes role from CANDIDATE to FOLLOWER at term 647 for DISCOVERED_A_NEW_TERM
2019-10-20 17:41:18,779 [8f18dce1-0a3d-4b65-9c78-af3d58b2da7f@group-091950D56227-LeaderElection546] INFO  impl.RoleInfo (RoleInfo.java:shutdownLeaderElection(134)) - 8f18dce1-0a3d-4b65-9c78-af3d58b2da7f: shutdown LeaderElection
2019-10-20 17:41:18,779 [8f18dce1-0a3d-4b65-9c78-af3d58b2da7f@group-091950D56227-LeaderElection546] INFO  impl.RoleInfo (RoleInfo.java:updateAndGet(143)) - 8f18dce1-0a3d-4b65-9c78-af3d58b2da7f: start FollowerState
2019-10-20 17:41:18,829 [Thread-3897] INFO  impl.FollowerState (FollowerState.java:run(108)) - 8f18dce1-0a3d-4b65-9c78-af3d58b2da7f@group-091950D56227-FollowerState: change to CANDIDATE, lastRpcTime:50ms, electionTimeout:50ms
2019-10-20 17:41:18,829 [Thread-3897] INFO  impl.RoleInfo (RoleInfo.java:shutdownFollowerState(121)) - 8f18dce1-0a3d-4b65-9c78-af3d58b2da7f: shutdown FollowerState
2019-10-20 17:41:18,829 [Thread-3897] INFO  impl.RaftServerImpl (RaftServerImpl.java:setRole(184)) - 8f18dce1-0a3d-4b65-9c78-af3d58b2da7f@group-091950D56227: changes role from  FOLLOWER to CANDIDATE at term 647 for changeToCandidate
2019-10-20 17:41:18,829 [Thread-3897] INFO  impl.RoleInfo (RoleInfo.java:updateAndGet(143)) - 8f18dce1-0a3d-4b65-9c78-af3d58b2da7f: start LeaderElection
2019-10-20 17:41:18,853 [8f18dce1-0a3d-4b65-9c78-af3d58b2da7f@group-091950D56227-LeaderElection547] INFO  impl.LeaderElection (LeaderElection.java:askForVotes(178)) - 8f18dce1-0a3d-4b65-9c78-af3d58b2da7f@group-091950D56227-LeaderElection547: begin an election at term 648 for -1: [8a63e1ae-032e-4bed-9f20-125a11f65413:0.0.0.0:38685, 8f18dce1-0a3d-4b65-9c78-af3d58b2da7f:0.0.0.0:42489, 7b1e61a0-7daf-43dd-99d5-9b325c1d31ae:0.0.0.0:38412], old=null
2019-10-20 17:41:18,854 [grpc-default-executor-0] INFO  impl.RaftServerImpl (RaftServerImpl.java:setRole(184)) - 8a63e1ae-032e-4bed-9f20-125a11f65413@group-091950D56227: changes role from  FOLLOWER to FOLLOWER at term 648 for recognizeCandidate:8f18dce1-0a3d-4b65-9c78-af3d58b2da7f
2019-10-20 17:41:18,855 [grpc-default-executor-0] INFO  impl.RoleInfo (RoleInfo.java:shutdownFollowerState(121)) - 8a63e1ae-032e-4bed-9f20-125a11f65413: shutdown FollowerState
2019-10-20 17:41:18,855 [grpc-default-executor-0] INFO  impl.RoleInfo (RoleInfo.java:updateAndGet(143)) - 8a63e1ae-032e-4bed-9f20-125a11f65413: start FollowerState
2019-10-20 17:41:18,855 [Thread-3896] INFO  impl.FollowerState (FollowerState.java:run(117)) - 8a63e1ae-032e-4bed-9f20-125a11f65413@group-091950D56227-FollowerState was interrupted: java.lang.InterruptedException: sleep interrupted
2019-10-20 17:41:18,855 [grpc-default-executor-3] INFO  impl.RaftServerImpl (RaftServerImpl.java:setRole(184)) - 7b1e61a0-7daf-43dd-99d5-9b325c1d31ae@group-091950D56227: changes role from  FOLLOWER to FOLLOWER at term 648 for recognizeCandidate:8f18dce1-0a3d-4b65-9c78-af3d58b2da7f
2019-10-20 17:41:18,855 [grpc-default-executor-3] INFO  impl.RoleInfo (RoleInfo.java:shutdownFollowerState(121)) - 7b1e61a0-7daf-43dd-99d5-9b325c1d31ae: shutdown FollowerState
2019-10-20 17:41:18,855 [grpc-default-executor-3] INFO  impl.RoleInfo (RoleInfo.java:updateAndGet(143)) - 7b1e61a0-7daf-43dd-99d5-9b325c1d31ae: start FollowerState
2019-10-20 17:41:18,855 [Thread-3895] INFO  impl.FollowerState (FollowerState.java:run(117)) - 7b1e61a0-7daf-43dd-99d5-9b325c1d31ae@group-091950D56227-FollowerState was interrupted: java.lang.InterruptedException: sleep interrupted
2019-10-20 17:41:18,879 [8f18dce1-0a3d-4b65-9c78-af3d58b2da7f@group-091950D56227-LeaderElection547] INFO  impl.LeaderElection (LeaderElection.java:logAndReturn(56)) - 8f18dce1-0a3d-4b65-9c78-af3d58b2da7f@group-091950D56227-LeaderElection547: Election REJECTED; received 2 response(s) [8f18dce1-0a3d-4b65-9c78-af3d58b2da7f<-8a63e1ae-032e-4bed-9f20-125a11f65413#0:FAIL-t648, 8f18dce1-0a3d-4b65-9c78-af3d58b2da7f<-7b1e61a0-7daf-43dd-99d5-9b325c1d31ae#0:FAIL-t648] and 0 exception(s); 8f18dce1-0a3d-4b65-9c78-af3d58b2da7f@group-091950D56227:t648, leader=null, voted=8f18dce1-0a3d-4b65-9c78-af3d58b2da7f, raftlog=8f18dce1-0a3d-4b65-9c78-af3d58b2da7f@group-091950D56227-SegmentedRaftLog:OPENED:c-1,f-1,i0, conf=-1: [8a63e1ae-032e-4bed-9f20-125a11f65413:0.0.0.0:38685, 8f18dce1-0a3d-4b65-9c78-af3d58b2da7f:0.0.0.0:42489, 7b1e61a0-7daf-43dd-99d5-9b325c1d31ae:0.0.0.0:38412], old=null
2019-10-20 17:41:18,879 [8f18dce1-0a3d-4b65-9c78-af3d58b2da7f@group-091950D56227-LeaderElection547] INFO  impl.RaftServerImpl (RaftServerImpl.java:setRole(184)) - 8f18dce1-0a3d-4b65-9c78-af3d58b2da7f@group-091950D56227: changes role from CANDIDATE to FOLLOWER at term 648 for DISCOVERED_A_NEW_TERM
2019-10-20 17:41:18,880 [8f18dce1-0a3d-4b65-9c78-af3d58b2da7f@group-091950D56227-LeaderElection547] INFO  impl.RoleInfo (RoleInfo.java:shutdownLeaderElection(134)) - 8f18dce1-0a3d-4b65-9c78-af3d58b2da7f: shutdown LeaderElection
2019-10-20 17:41:18,880 [8f18dce1-0a3d-4b65-9c78-af3d58b2da7f@group-091950D56227-LeaderElection547] INFO  impl.RoleInfo (RoleInfo.java:updateAndGet(143)) - 8f18dce1-0a3d-4b65-9c78-af3d58b2da7f: start FollowerState
2019-10-20 17:41:19,009 [Thread-3903] INFO  impl.FollowerState (FollowerState.java:run(108)) - 8f18dce1-0a3d-4b65-9c78-af3d58b2da7f@group-091950D56227-FollowerState: change to CANDIDATE, lastRpcTime:129ms, electionTimeout:129ms
2019-10-20 17:41:19,010 [Thread-3903] INFO  impl.RoleInfo (RoleInfo.java:shutdownFollowerState(121)) - 8f18dce1-0a3d-4b65-9c78-af3d58b2da7f: shutdown FollowerState
2019-10-20 17:41:19,010 [Thread-3903] INFO  impl.RaftServerImpl (RaftServerImpl.java:setRole(184)) - 8f18dce1-0a3d-4b65-9c78-af3d58b2da7f@group-091950D56227: changes role from  FOLLOWER to CANDIDATE at term 648 for changeToCandidate
2019-10-20 17:41:19,010 [Thread-3903] INFO  impl.RoleInfo (RoleInfo.java:updateAndGet(143)) - 8f18dce1-0a3d-4b65-9c78-af3d58b2da7f: start LeaderElection
2019-10-20 17:41:19,039 [8f18dce1-0a3d-4b65-9c78-af3d58b2da7f@group-091950D56227-LeaderElection548] INFO  impl.LeaderElection (LeaderElection.java:askForVotes(178)) - 8f18dce1-0a3d-4b65-9c78-af3d58b2da7f@group-091950D56227-LeaderElection548: begin an election at term 649 for -1: [8a63e1ae-032e-4bed-9f20-125a11f65413:0.0.0.0:38685, 8f18dce1-0a3d-4b65-9c78-af3d58b2da7f:0.0.0.0:42489, 7b1e61a0-7daf-43dd-99d5-9b325c1d31ae:0.0.0.0:38412], old=null
2019-10-20 17:41:19,041 [grpc-default-executor-0] INFO  impl.RaftServerImpl (RaftServerImpl.java:setRole(184)) - 8a63e1ae-032e-4bed-9f20-125a11f65413@group-091950D56227: changes role from  FOLLOWER to FOLLOWER at term 649 for recognizeCandidate:8f18dce1-0a3d-4b65-9c78-af3d58b2da7f
2019-10-20 17:41:19,041 [grpc-default-executor-3] INFO  impl.RaftServerImpl (RaftServerImpl.java:setRole(184)) - 7b1e61a0-7daf-43dd-99d5-9b325c1d31ae@group-091950D56227: changes role from  FOLLOWER to FOLLOWER at term 649 for recognizeCandidate:8f18dce1-0a3d-4b65-9c78-af3d58b2da7f
2019-10-20 17:41:19,041 [grpc-default-executor-3] INFO  impl.RoleInfo (RoleInfo.java:shutdownFollowerState(121)) - 7b1e61a0-7daf-43dd-99d5-9b325c1d31ae: shutdown FollowerState
2019-10-20 17:41:19,041 [grpc-default-executor-0] INFO  impl.RoleInfo (RoleInfo.java:shutdownFollowerState(121)) - 8a63e1ae-032e-4bed-9f20-125a11f65413: shutdown FollowerState
2019-10-20 17:41:19,041 [Thread-3902] INFO  impl.FollowerState (FollowerState.java:run(117)) - 7b1e61a0-7daf-43dd-99d5-9b325c1d31ae@group-091950D56227-FollowerState was interrupted: java.lang.InterruptedException: sleep interrupted
2019-10-20 17:41:19,041 [grpc-default-executor-3] INFO  impl.RoleInfo (RoleInfo.java:updateAndGet(143)) - 7b1e61a0-7daf-43dd-99d5-9b325c1d31ae: start FollowerState
2019-10-20 17:41:19,041 [Thread-3901] INFO  impl.FollowerState (FollowerState.java:run(117)) - 8a63e1ae-032e-4bed-9f20-125a11f65413@group-091950D56227-FollowerState was interrupted: java.lang.InterruptedException: sleep interrupted
2019-10-20 17:41:19,041 [grpc-default-executor-0] INFO  impl.RoleInfo (RoleInfo.java:updateAndGet(143)) - 8a63e1ae-032e-4bed-9f20-125a11f65413: start FollowerState
2019-10-20 17:41:19,065 [8f18dce1-0a3d-4b65-9c78-af3d58b2da7f@group-091950D56227-LeaderElection548] INFO  impl.LeaderElection (LeaderElection.java:logAndReturn(56)) - 8f18dce1-0a3d-4b65-9c78-af3d58b2da7f@group-091950D56227-LeaderElection548: Election REJECTED; received 2 response(s) [8f18dce1-0a3d-4b65-9c78-af3d58b2da7f<-8a63e1ae-032e-4bed-9f20-125a11f65413#0:FAIL-t649, 8f18dce1-0a3d-4b65-9c78-af3d58b2da7f<-7b1e61a0-7daf-43dd-99d5-9b325c1d31ae#0:FAIL-t649] and 0 exception(s); 8f18dce1-0a3d-4b65-9c78-af3d58b2da7f@group-091950D56227:t649, leader=null, voted=8f18dce1-0a3d-4b65-9c78-af3d58b2da7f, raftlog=8f18dce1-0a3d-4b65-9c78-af3d58b2da7f@group-091950D56227-SegmentedRaftLog:OPENED:c-1,f-1,i0, conf=-1: [8a63e1ae-032e-4bed-9f20-125a11f65413:0.0.0.0:38685, 8f18dce1-0a3d-4b65-9c78-af3d58b2da7f:0.0.0.0:42489, 7b1e61a0-7daf-43dd-99d5-9b325c1d31ae:0.0.0.0:38412], old=null
2019-10-20 17:41:19,065 [8f18dce1-0a3d-4b65-9c78-af3d58b2da7f@group-091950D56227-LeaderElection548] INFO  impl.RaftServerImpl (RaftServerImpl.java:setRole(184)) - 8f18dce1-0a3d-4b65-9c78-af3d58b2da7f@group-091950D56227: changes role from CANDIDATE to FOLLOWER at term 649 for DISCOVERED_A_NEW_TERM
2019-10-20 17:41:19,065 [8f18dce1-0a3d-4b65-9c78-af3d58b2da7f@group-091950D56227-LeaderElection548] INFO  impl.RoleInfo (RoleInfo.java:shutdownLeaderElection(134)) - 8f18dce1-0a3d-4b65-9c78-af3d58b2da7f: shutdown LeaderElection
2019-10-20 17:41:19,065 [8f18dce1-0a3d-4b65-9c78-af3d58b2da7f@group-091950D56227-LeaderElection548] INFO  impl.RoleInfo (RoleInfo.java:updateAndGet(143)) - 8f18dce1-0a3d-4b65-9c78-af3d58b2da7f: start FollowerState
2019-10-20 17:41:19,165 [Thread-3909] INFO  impl.FollowerState (FollowerState.java:run(108)) - 8f18dce1-0a3d-4b65-9c78-af3d58b2da7f@group-091950D56227-FollowerState: change to CANDIDATE, lastRpcTime:99ms, electionTimeout:99ms
2019-10-20 17:41:19,165 [Thread-3909] INFO  impl.RoleInfo (RoleInfo.java:shutdownFollowerState(121)) - 8f18dce1-0a3d-4b65-9c78-af3d58b2da7f: shutdown FollowerState
2019-10-20 17:41:19,165 [Thread-3909] INFO  impl.RaftServerImpl (RaftServerImpl.java:setRole(184)) - 8f18dce1-0a3d-4b65-9c78-af3d58b2da7f@group-091950D56227: changes role from  FOLLOWER to CANDIDATE at term 649 for changeToCandidate
2019-10-20 17:41:19,165 [Thread-3909] INFO  impl.RoleInfo (RoleInfo.java:updateAndGet(143)) - 8f18dce1-0a3d-4b65-9c78-af3d58b2da7f: start LeaderElection
2019-10-20 17:41:19,190 [8f18dce1-0a3d-4b65-9c78-af3d58b2da7f@group-091950D56227-LeaderElection549] INFO  impl.LeaderElection (LeaderElection.java:askForVotes(178)) - 8f18dce1-0a3d-4b65-9c78-af3d58b2da7f@group-091950D56227-LeaderElection549: begin an election at term 650 for -1: [8a63e1ae-032e-4bed-9f20-125a11f65413:0.0.0.0:38685, 8f18dce1-0a3d-4b65-9c78-af3d58b2da7f:0.0.0.0:42489, 7b1e61a0-7daf-43dd-99d5-9b325c1d31ae:0.0.0.0:38412], old=null
2019-10-20 17:41:19,191 [grpc-default-executor-0] INFO  impl.RaftServerImpl (RaftServerImpl.java:setRole(184)) - 8a63e1ae-032e-4bed-9f20-125a11f65413@group-091950D56227: changes role from  FOLLOWER to FOLLOWER at term 650 for recognizeCandidate:8f18dce1-0a3d-4b65-9c78-af3d58b2da7f
2019-10-20 17:41:19,191 [grpc-default-executor-3] INFO  impl.RaftServerImpl (RaftServerImpl.java:setRole(184)) - 7b1e61a0-7daf-43dd-99d5-9b325c1d31ae@group-091950D56227: changes role from  FOLLOWER to FOLLOWER at term 650 for recognizeCandidate:8f18dce1-0a3d-4b65-9c78-af3d58b2da7f
2019-10-20 17:41:19,191 [grpc-default-executor-0] INFO  impl.RoleInfo (RoleInfo.java:shutdownFollowerState(121)) - 8a63e1ae-032e-4bed-9f20-125a11f65413: shutdown FollowerState
2019-10-20 17:41:19,192 [grpc-default-executor-3] INFO  impl.RoleInfo (RoleInfo.java:shutdownFollowerState(121)) - 7b1e61a0-7daf-43dd-99d5-9b325c1d31ae: shutdown FollowerState
2019-10-20 17:41:19,192 [grpc-default-executor-0] INFO  impl.RoleInfo (RoleInfo.java:updateAndGet(143)) - 8a63e1ae-032e-4bed-9f20-125a11f65413: start FollowerState
2019-10-20 17:41:19,192 [Thread-3907] INFO  impl.FollowerState (FollowerState.java:run(117)) - 7b1e61a0-7daf-43dd-99d5-9b325c1d31ae@group-091950D56227-FollowerState was interrupted: java.lang.InterruptedException: sleep interrupted
2019-10-20 17:41:19,192 [grpc-default-executor-3] INFO  impl.RoleInfo (RoleInfo.java:updateAndGet(143)) - 7b1e61a0-7daf-43dd-99d5-9b325c1d31ae: start FollowerState
2019-10-20 17:41:19,192 [Thread-3908] INFO  impl.FollowerState (FollowerState.java:run(117)) - 8a63e1ae-032e-4bed-9f20-125a11f65413@group-091950D56227-FollowerState was interrupted: java.lang.InterruptedException: sleep interrupted
2019-10-20 17:41:19,216 [8f18dce1-0a3d-4b65-9c78-af3d58b2da7f@group-091950D56227-LeaderElection549] INFO  impl.LeaderElection (LeaderElection.java:logAndReturn(56)) - 8f18dce1-0a3d-4b65-9c78-af3d58b2da7f@group-091950D56227-LeaderElection549: Election REJECTED; received 2 response(s) [8f18dce1-0a3d-4b65-9c78-af3d58b2da7f<-8a63e1ae-032e-4bed-9f20-125a11f65413#0:FAIL-t650, 8f18dce1-0a3d-4b65-9c78-af3d58b2da7f<-7b1e61a0-7daf-43dd-99d5-9b325c1d31ae#0:FAIL-t650] and 0 exception(s); 8f18dce1-0a3d-4b65-9c78-af3d58b2da7f@group-091950D56227:t650, leader=null, voted=8f18dce1-0a3d-4b65-9c78-af3d58b2da7f, raftlog=8f18dce1-0a3d-4b65-9c78-af3d58b2da7f@group-091950D56227-SegmentedRaftLog:OPENED:c-1,f-1,i0, conf=-1: [8a63e1ae-032e-4bed-9f20-125a11f65413:0.0.0.0:38685, 8f18dce1-0a3d-4b65-9c78-af3d58b2da7f:0.0.0.0:42489, 7b1e61a0-7daf-43dd-99d5-9b325c1d31ae:0.0.0.0:38412], old=null
2019-10-20 17:41:19,216 [8f18dce1-0a3d-4b65-9c78-af3d58b2da7f@group-091950D56227-LeaderElection549] INFO  impl.RaftServerImpl (RaftServerImpl.java:setRole(184)) - 8f18dce1-0a3d-4b65-9c78-af3d58b2da7f@group-091950D56227: changes role from CANDIDATE to FOLLOWER at term 650 for DISCOVERED_A_NEW_TERM
2019-10-20 17:41:19,216 [8f18dce1-0a3d-4b65-9c78-af3d58b2da7f@group-091950D56227-LeaderElection549] INFO  impl.RoleInfo (RoleInfo.java:shutdownLeaderElection(134)) - 8f18dce1-0a3d-4b65-9c78-af3d58b2da7f: shutdown LeaderElection
2019-10-20 17:41:19,216 [8f18dce1-0a3d-4b65-9c78-af3d58b2da7f@group-091950D56227-LeaderElection549] INFO  impl.RoleInfo (RoleInfo.java:updateAndGet(143)) - 8f18dce1-0a3d-4b65-9c78-af3d58b2da7f: start FollowerState
2019-10-20 17:41:19,308 [Thread-3915] INFO  impl.FollowerState (FollowerState.java:run(108)) - 8f18dce1-0a3d-4b65-9c78-af3d58b2da7f@group-091950D56227-FollowerState: change to CANDIDATE, lastRpcTime:91ms, electionTimeout:91ms
2019-10-20 17:41:19,308 [Thread-3915] INFO  impl.RoleInfo (RoleInfo.java:shutdownFollowerState(121)) - 8f18dce1-0a3d-4b65-9c78-af3d58b2da7f: shutdown FollowerState
2019-10-20 17:41:19,308 [Thread-3915] INFO  impl.RaftServerImpl (RaftServerImpl.java:setRole(184)) - 8f18dce1-0a3d-4b65-9c78-af3d58b2da7f@group-091950D56227: changes role from  FOLLOWER to CANDIDATE at term 650 for changeToCandidate
2019-10-20 17:41:19,308 [Thread-3915] INFO  impl.RoleInfo (RoleInfo.java:updateAndGet(143)) - 8f18dce1-0a3d-4b65-9c78-af3d58b2da7f: start LeaderElection
2019-10-20 17:41:19,332 [8f18dce1-0a3d-4b65-9c78-af3d58b2da7f@group-091950D56227-LeaderElection550] INFO  impl.LeaderElection (LeaderElection.java:askForVotes(178)) - 8f18dce1-0a3d-4b65-9c78-af3d58b2da7f@group-091950D56227-LeaderElection550: begin an election at term 651 for -1: [8a63e1ae-032e-4bed-9f20-125a11f65413:0.0.0.0:38685, 8f18dce1-0a3d-4b65-9c78-af3d58b2da7f:0.0.0.0:42489, 7b1e61a0-7daf-43dd-99d5-9b325c1d31ae:0.0.0.0:38412], old=null
2019-10-20 17:41:19,334 [grpc-default-executor-3] INFO  impl.RaftServerImpl (RaftServerImpl.java:setRole(184)) - 8a63e1ae-032e-4bed-9f20-125a11f65413@group-091950D56227: changes role from  FOLLOWER to FOLLOWER at term 651 for recognizeCandidate:8f18dce1-0a3d-4b65-9c78-af3d58b2da7f
2019-10-20 17:41:19,334 [grpc-default-executor-0] INFO  impl.RaftServerImpl (RaftServerImpl.java:setRole(184)) - 7b1e61a0-7daf-43dd-99d5-9b325c1d31ae@group-091950D56227: changes role from  FOLLOWER to FOLLOWER at term 651 for recognizeCandidate:8f18dce1-0a3d-4b65-9c78-af3d58b2da7f
2019-10-20 17:41:19,334 [grpc-default-executor-0] INFO  impl.RoleInfo (RoleInfo.java:shutdownFollowerState(121)) - 7b1e61a0-7daf-43dd-99d5-9b325c1d31ae: shutdown FollowerState
2019-10-20 17:41:19,334 [grpc-default-executor-3] INFO  impl.RoleInfo (RoleInfo.java:shutdownFollowerState(121)) - 8a63e1ae-032e-4bed-9f20-125a11f65413: shutdown FollowerState
2019-10-20 17:41:19,335 [Thread-3914] INFO  impl.FollowerState (FollowerState.java:run(117)) - 7b1e61a0-7daf-43dd-99d5-9b325c1d31ae@group-091950D56227-FollowerState was interrupted: java.lang.InterruptedException: sleep interrupted
2019-10-20 17:41:19,335 [grpc-default-executor-0] INFO  impl.RoleInfo (RoleInfo.java:updateAndGet(143)) - 7b1e61a0-7daf-43dd-99d5-9b325c1d31ae: start FollowerState
2019-10-20 17:41:19,335 [Thread-3913] INFO  impl.FollowerState (FollowerState.java:run(117)) - 8a63e1ae-032e-4bed-9f20-125a11f65413@group-091950D56227-FollowerState was interrupted: java.lang.InterruptedException: sleep interrupted
2019-10-20 17:41:19,335 [grpc-default-executor-3] INFO  impl.RoleInfo (RoleInfo.java:updateAndGet(143)) - 8a63e1ae-032e-4bed-9f20-125a11f65413: start FollowerState
2019-10-20 17:41:19,343 [8f18dce1-0a3d-4b65-9c78-af3d58b2da7f@group-091950D56227-LeaderElection550] INFO  impl.LeaderElection (LeaderElection.java:logAndReturn(56)) - 8f18dce1-0a3d-4b65-9c78-af3d58b2da7f@group-091950D56227-LeaderElection550: Election TIMEOUT; received 0 response(s) [] and 0 exception(s); 8f18dce1-0a3d-4b65-9c78-af3d58b2da7f@group-091950D56227:t651, leader=null, voted=8f18dce1-0a3d-4b65-9c78-af3d58b2da7f, raftlog=8f18dce1-0a3d-4b65-9c78-af3d58b2da7f@group-091950D56227-SegmentedRaftLog:OPENED:c-1,f-1,i0, conf=-1: [8a63e1ae-032e-4bed-9f20-125a11f65413:0.0.0.0:38685, 8f18dce1-0a3d-4b65-9c78-af3d58b2da7f:0.0.0.0:42489, 7b1e61a0-7daf-43dd-99d5-9b325c1d31ae:0.0.0.0:38412], old=null
2019-10-20 17:41:19,358 [8f18dce1-0a3d-4b65-9c78-af3d58b2da7f@group-091950D56227-LeaderElection550] INFO  impl.LeaderElection (LeaderElection.java:askForVotes(178)) - 8f18dce1-0a3d-4b65-9c78-af3d58b2da7f@group-091950D56227-LeaderElection550: begin an election at term 652 for -1: [8a63e1ae-032e-4bed-9f20-125a11f65413:0.0.0.0:38685, 8f18dce1-0a3d-4b65-9c78-af3d58b2da7f:0.0.0.0:42489, 7b1e61a0-7daf-43dd-99d5-9b325c1d31ae:0.0.0.0:38412], old=null
2019-10-20 17:41:19,359 [grpc-default-executor-0] INFO  impl.RaftServerImpl (RaftServerImpl.java:setRole(184)) - 8a63e1ae-032e-4bed-9f20-125a11f65413@group-091950D56227: changes role from  FOLLOWER to FOLLOWER at term 652 for recognizeCandidate:8f18dce1-0a3d-4b65-9c78-af3d58b2da7f
2019-10-20 17:41:19,359 [grpc-default-executor-0] INFO  impl.RoleInfo (RoleInfo.java:shutdownFollowerState(121)) - 8a63e1ae-032e-4bed-9f20-125a11f65413: shutdown FollowerState
2019-10-20 17:41:19,360 [grpc-default-executor-0] INFO  impl.RoleInfo (RoleInfo.java:updateAndGet(143)) - 8a63e1ae-032e-4bed-9f20-125a11f65413: start FollowerState
2019-10-20 17:41:19,360 [Thread-3920] INFO  impl.FollowerState (FollowerState.java:run(117)) - 8a63e1ae-032e-4bed-9f20-125a11f65413@group-091950D56227-FollowerState was interrupted: java.lang.InterruptedException: sleep interrupted
2019-10-20 17:41:19,360 [grpc-default-executor-3] INFO  impl.RaftServerImpl (RaftServerImpl.java:setRole(184)) - 7b1e61a0-7daf-43dd-99d5-9b325c1d31ae@group-091950D56227: changes role from  FOLLOWER to FOLLOWER at term 652 for recognizeCandidate:8f18dce1-0a3d-4b65-9c78-af3d58b2da7f
2019-10-20 17:41:19,360 [grpc-default-executor-3] INFO  impl.RoleInfo (RoleInfo.java:shutdownFollowerState(121)) - 7b1e61a0-7daf-43dd-99d5-9b325c1d31ae: shutdown FollowerState
2019-10-20 17:41:19,360 [grpc-default-executor-3] INFO  impl.RoleInfo (RoleInfo.java:updateAndGet(143)) - 7b1e61a0-7daf-43dd-99d5-9b325c1d31ae: start FollowerState
2019-10-20 17:41:19,360 [Thread-3919] INFO  impl.FollowerState (FollowerState.java:run(117)) - 7b1e61a0-7daf-43dd-99d5-9b325c1d31ae@group-091950D56227-FollowerState was interrupted: java.lang.InterruptedException: sleep interrupted
2019-10-20 17:41:19,384 [8f18dce1-0a3d-4b65-9c78-af3d58b2da7f@group-091950D56227-LeaderElection550] INFO  impl.LeaderElection (LeaderElection.java:logAndReturn(56)) - 8f18dce1-0a3d-4b65-9c78-af3d58b2da7f@group-091950D56227-LeaderElection550: Election REJECTED; received 2 response(s) [8f18dce1-0a3d-4b65-9c78-af3d58b2da7f<-8a63e1ae-032e-4bed-9f20-125a11f65413#0:FAIL-t652, 8f18dce1-0a3d-4b65-9c78-af3d58b2da7f<-7b1e61a0-7daf-43dd-99d5-9b325c1d31ae#0:FAIL-t652] and 0 exception(s); 8f18dce1-0a3d-4b65-9c78-af3d58b2da7f@group-091950D56227:t652, leader=null, voted=8f18dce1-0a3d-4b65-9c78-af3d58b2da7f, raftlog=8f18dce1-0a3d-4b65-9c78-af3d58b2da7f@group-091950D56227-SegmentedRaftLog:OPENED:c-1,f-1,i0, conf=-1: [8a63e1ae-032e-4bed-9f20-125a11f65413:0.0.0.0:38685, 8f18dce1-0a3d-4b65-9c78-af3d58b2da7f:0.0.0.0:42489, 7b1e61a0-7daf-43dd-99d5-9b325c1d31ae:0.0.0.0:38412], old=null
2019-10-20 17:41:19,384 [8f18dce1-0a3d-4b65-9c78-af3d58b2da7f@group-091950D56227-LeaderElection550] INFO  impl.RaftServerImpl (RaftServerImpl.java:setRole(184)) - 8f18dce1-0a3d-4b65-9c78-af3d58b2da7f@group-091950D56227: changes role from CANDIDATE to FOLLOWER at term 652 for DISCOVERED_A_NEW_TERM
2019-10-20 17:41:19,384 [8f18dce1-0a3d-4b65-9c78-af3d58b2da7f@group-091950D56227-LeaderElection550] INFO  impl.RoleInfo (RoleInfo.java:shutdownLeaderElection(134)) - 8f18dce1-0a3d-4b65-9c78-af3d58b2da7f: shutdown LeaderElection
2019-10-20 17:41:19,384 [8f18dce1-0a3d-4b65-9c78-af3d58b2da7f@group-091950D56227-LeaderElection550] INFO  impl.RoleInfo (RoleInfo.java:updateAndGet(143)) - 8f18dce1-0a3d-4b65-9c78-af3d58b2da7f: start FollowerState
2019-10-20 17:41:19,492 [Thread-3925] INFO  impl.FollowerState (FollowerState.java:run(108)) - 8f18dce1-0a3d-4b65-9c78-af3d58b2da7f@group-091950D56227-FollowerState: change to CANDIDATE, lastRpcTime:107ms, electionTimeout:107ms
2019-10-20 17:41:19,492 [Thread-3925] INFO  impl.RoleInfo (RoleInfo.java:shutdownFollowerState(121)) - 8f18dce1-0a3d-4b65-9c78-af3d58b2da7f: shutdown FollowerState
2019-10-20 17:41:19,492 [Thread-3925] INFO  impl.RaftServerImpl (RaftServerImpl.java:setRole(184)) - 8f18dce1-0a3d-4b65-9c78-af3d58b2da7f@group-091950D56227: changes role from  FOLLOWER to CANDIDATE at term 652 for changeToCandidate
2019-10-20 17:41:19,492 [Thread-3925] INFO  impl.RoleInfo (RoleInfo.java:updateAndGet(143)) - 8f18dce1-0a3d-4b65-9c78-af3d58b2da7f: start LeaderElection
2019-10-20 17:41:19,517 [8f18dce1-0a3d-4b65-9c78-af3d58b2da7f@group-091950D56227-LeaderElection551] INFO  impl.LeaderElection (LeaderElection.java:askForVotes(178)) - 8f18dce1-0a3d-4b65-9c78-af3d58b2da7f@group-091950D56227-LeaderElection551: begin an election at term 653 for -1: [8a63e1ae-032e-4bed-9f20-125a11f65413:0.0.0.0:38685, 8f18dce1-0a3d-4b65-9c78-af3d58b2da7f:0.0.0.0:42489, 7b1e61a0-7daf-43dd-99d5-9b325c1d31ae:0.0.0.0:38412], old=null
2019-10-20 17:41:19,519 [grpc-default-executor-3] INFO  impl.RaftServerImpl (RaftServerImpl.java:setRole(184)) - 8a63e1ae-032e-4bed-9f20-125a11f65413@group-091950D56227: changes role from  FOLLOWER to FOLLOWER at term 653 for recognizeCandidate:8f18dce1-0a3d-4b65-9c78-af3d58b2da7f
2019-10-20 17:41:19,519 [grpc-default-executor-3] INFO  impl.RoleInfo (RoleInfo.java:shutdownFollowerState(121)) - 8a63e1ae-032e-4bed-9f20-125a11f65413: shutdown FollowerState
2019-10-20 17:41:19,519 [grpc-default-executor-3] INFO  impl.RoleInfo (RoleInfo.java:updateAndGet(143)) - 8a63e1ae-032e-4bed-9f20-125a11f65413: start FollowerState
2019-10-20 17:41:19,519 [grpc-default-executor-0] INFO  impl.RaftServerImpl (RaftServerImpl.java:setRole(184)) - 7b1e61a0-7daf-43dd-99d5-9b325c1d31ae@group-091950D56227: changes role from  FOLLOWER to FOLLOWER at term 653 for recognizeCandidate:8f18dce1-0a3d-4b65-9c78-af3d58b2da7f
2019-10-20 17:41:19,520 [grpc-default-executor-0] INFO  impl.RoleInfo (RoleInfo.java:shutdownFollowerState(121)) - 7b1e61a0-7daf-43dd-99d5-9b325c1d31ae: shutdown FollowerState
2019-10-20 17:41:19,519 [Thread-3923] INFO  impl.FollowerState (FollowerState.java:run(117)) - 8a63e1ae-032e-4bed-9f20-125a11f65413@group-091950D56227-FollowerState was interrupted: java.lang.InterruptedException: sleep interrupted
2019-10-20 17:41:19,520 [Thread-3924] INFO  impl.FollowerState (FollowerState.java:run(117)) - 7b1e61a0-7daf-43dd-99d5-9b325c1d31ae@group-091950D56227-FollowerState was interrupted: java.lang.InterruptedException: sleep interrupted
2019-10-20 17:41:19,520 [grpc-default-executor-0] INFO  impl.RoleInfo (RoleInfo.java:updateAndGet(143)) - 7b1e61a0-7daf-43dd-99d5-9b325c1d31ae: start FollowerState
2019-10-20 17:41:19,543 [8f18dce1-0a3d-4b65-9c78-af3d58b2da7f@group-091950D56227-LeaderElection551] INFO  impl.LeaderElection (LeaderElection.java:logAndReturn(56)) - 8f18dce1-0a3d-4b65-9c78-af3d58b2da7f@group-091950D56227-LeaderElection551: Election REJECTED; received 2 response(s) [8f18dce1-0a3d-4b65-9c78-af3d58b2da7f<-8a63e1ae-032e-4bed-9f20-125a11f65413#0:FAIL-t653, 8f18dce1-0a3d-4b65-9c78-af3d58b2da7f<-7b1e61a0-7daf-43dd-99d5-9b325c1d31ae#0:FAIL-t653] and 0 exception(s); 8f18dce1-0a3d-4b65-9c78-af3d58b2da7f@group-091950D56227:t653, leader=null, voted=8f18dce1-0a3d-4b65-9c78-af3d58b2da7f, raftlog=8f18dce1-0a3d-4b65-9c78-af3d58b2da7f@group-091950D56227-SegmentedRaftLog:OPENED:c-1,f-1,i0, conf=-1: [8a63e1ae-032e-4bed-9f20-125a11f65413:0.0.0.0:38685, 8f18dce1-0a3d-4b65-9c78-af3d58b2da7f:0.0.0.0:42489, 7b1e61a0-7daf-43dd-99d5-9b325c1d31ae:0.0.0.0:38412], old=null
2019-10-20 17:41:19,544 [8f18dce1-0a3d-4b65-9c78-af3d58b2da7f@group-091950D56227-LeaderElection551] INFO  impl.RaftServerImpl (RaftServerImpl.java:setRole(184)) - 8f18dce1-0a3d-4b65-9c78-af3d58b2da7f@group-091950D56227: changes role from CANDIDATE to FOLLOWER at term 653 for DISCOVERED_A_NEW_TERM
2019-10-20 17:41:19,544 [8f18dce1-0a3d-4b65-9c78-af3d58b2da7f@group-091950D56227-LeaderElection551] INFO  impl.RoleInfo (RoleInfo.java:shutdownLeaderElection(134)) - 8f18dce1-0a3d-4b65-9c78-af3d58b2da7f: shutdown LeaderElection
2019-10-20 17:41:19,544 [8f18dce1-0a3d-4b65-9c78-af3d58b2da7f@group-091950D56227-LeaderElection551] INFO  impl.RoleInfo (RoleInfo.java:updateAndGet(143)) - 8f18dce1-0a3d-4b65-9c78-af3d58b2da7f: start FollowerState
2019-10-20 17:41:19,552 [Thread-3931] INFO  impl.FollowerState (FollowerState.java:run(108)) - 8f18dce1-0a3d-4b65-9c78-af3d58b2da7f@group-091950D56227-FollowerState: change to CANDIDATE, lastRpcTime:8ms, electionTimeout:8ms
2019-10-20 17:41:19,552 [Thread-3931] INFO  impl.RoleInfo (RoleInfo.java:shutdownFollowerState(121)) - 8f18dce1-0a3d-4b65-9c78-af3d58b2da7f: shutdown FollowerState
2019-10-20 17:41:19,552 [Thread-3931] INFO  impl.RaftServerImpl (RaftServerImpl.java:setRole(184)) - 8f18dce1-0a3d-4b65-9c78-af3d58b2da7f@group-091950D56227: changes role from  FOLLOWER to CANDIDATE at term 653 for changeToCandidate
2019-10-20 17:41:19,553 [Thread-3931] INFO  impl.RoleInfo (RoleInfo.java:updateAndGet(143)) - 8f18dce1-0a3d-4b65-9c78-af3d58b2da7f: start LeaderElection
2019-10-20 17:41:19,577 [8f18dce1-0a3d-4b65-9c78-af3d58b2da7f@group-091950D56227-LeaderElection552] INFO  impl.LeaderElection (LeaderElection.java:askForVotes(178)) - 8f18dce1-0a3d-4b65-9c78-af3d58b2da7f@group-091950D56227-LeaderElection552: begin an election at term 654 for -1: [8a63e1ae-032e-4bed-9f20-125a11f65413:0.0.0.0:38685, 8f18dce1-0a3d-4b65-9c78-af3d58b2da7f:0.0.0.0:42489, 7b1e61a0-7daf-43dd-99d5-9b325c1d31ae:0.0.0.0:38412], old=null
2019-10-20 17:41:19,578 [grpc-default-executor-3] INFO  impl.RaftServerImpl (RaftServerImpl.java:setRole(184)) - 8a63e1ae-032e-4bed-9f20-125a11f65413@group-091950D56227: changes role from  FOLLOWER to FOLLOWER at term 654 for recognizeCandidate:8f18dce1-0a3d-4b65-9c78-af3d58b2da7f
2019-10-20 17:41:19,578 [grpc-default-executor-3] INFO  impl.RoleInfo (RoleInfo.java:shutdownFollowerState(121)) - 8a63e1ae-032e-4bed-9f20-125a11f65413: shutdown FollowerState
2019-10-20 17:41:19,578 [grpc-default-executor-3] INFO  impl.RoleInfo (RoleInfo.java:updateAndGet(143)) - 8a63e1ae-032e-4bed-9f20-125a11f65413: start FollowerState
2019-10-20 17:41:19,578 [Thread-3929] INFO  impl.FollowerState (FollowerState.java:run(117)) - 8a63e1ae-032e-4bed-9f20-125a11f65413@group-091950D56227-FollowerState was interrupted: java.lang.InterruptedException: sleep interrupted
2019-10-20 17:41:19,578 [grpc-default-executor-0] INFO  impl.RaftServerImpl (RaftServerImpl.java:setRole(184)) - 7b1e61a0-7daf-43dd-99d5-9b325c1d31ae@group-091950D56227: changes role from  FOLLOWER to FOLLOWER at term 654 for recognizeCandidate:8f18dce1-0a3d-4b65-9c78-af3d58b2da7f
2019-10-20 17:41:19,579 [grpc-default-executor-0] INFO  impl.RoleInfo (RoleInfo.java:shutdownFollowerState(121)) - 7b1e61a0-7daf-43dd-99d5-9b325c1d31ae: shutdown FollowerState
2019-10-20 17:41:19,579 [grpc-default-executor-0] INFO  impl.RoleInfo (RoleInfo.java:updateAndGet(143)) - 7b1e61a0-7daf-43dd-99d5-9b325c1d31ae: start FollowerState
2019-10-20 17:41:19,579 [Thread-3930] INFO  impl.FollowerState (FollowerState.java:run(117)) - 7b1e61a0-7daf-43dd-99d5-9b325c1d31ae@group-091950D56227-FollowerState was interrupted: java.lang.InterruptedException: sleep interrupted
2019-10-20 17:41:19,594 [8f18dce1-0a3d-4b65-9c78-af3d58b2da7f@group-091950D56227-LeaderElection552] INFO  impl.LeaderElection (LeaderElection.java:logAndReturn(56)) - 8f18dce1-0a3d-4b65-9c78-af3d58b2da7f@group-091950D56227-LeaderElection552: Election REJECTED; received 2 response(s) [8f18dce1-0a3d-4b65-9c78-af3d58b2da7f<-8a63e1ae-032e-4bed-9f20-125a11f65413#0:FAIL-t654, 8f18dce1-0a3d-4b65-9c78-af3d58b2da7f<-7b1e61a0-7daf-43dd-99d5-9b325c1d31ae#0:FAIL-t654] and 0 exception(s); 8f18dce1-0a3d-4b65-9c78-af3d58b2da7f@group-091950D56227:t654, leader=null, voted=8f18dce1-0a3d-4b65-9c78-af3d58b2da7f, raftlog=8f18dce1-0a3d-4b65-9c78-af3d58b2da7f@group-091950D56227-SegmentedRaftLog:OPENED:c-1,f-1,i0, conf=-1: [8a63e1ae-032e-4bed-9f20-125a11f65413:0.0.0.0:38685, 8f18dce1-0a3d-4b65-9c78-af3d58b2da7f:0.0.0.0:42489, 7b1e61a0-7daf-43dd-99d5-9b325c1d31ae:0.0.0.0:38412], old=null
2019-10-20 17:41:19,595 [8f18dce1-0a3d-4b65-9c78-af3d58b2da7f@group-091950D56227-LeaderElection552] INFO  impl.RaftServerImpl (RaftServerImpl.java:setRole(184)) - 8f18dce1-0a3d-4b65-9c78-af3d58b2da7f@group-091950D56227: changes role from CANDIDATE to FOLLOWER at term 654 for DISCOVERED_A_NEW_TERM
2019-10-20 17:41:19,595 [8f18dce1-0a3d-4b65-9c78-af3d58b2da7f@group-091950D56227-LeaderElection552] INFO  impl.RoleInfo (RoleInfo.java:shutdownLeaderElection(134)) - 8f18dce1-0a3d-4b65-9c78-af3d58b2da7f: shutdown LeaderElection
2019-10-20 17:41:19,595 [8f18dce1-0a3d-4b65-9c78-af3d58b2da7f@group-091950D56227-LeaderElection552] INFO  impl.RoleInfo (RoleInfo.java:updateAndGet(143)) - 8f18dce1-0a3d-4b65-9c78-af3d58b2da7f: start FollowerState
2019-10-20 17:41:19,771 [Thread-3939] INFO  impl.FollowerState (FollowerState.java:run(108)) - 8f18dce1-0a3d-4b65-9c78-af3d58b2da7f@group-091950D56227-FollowerState: change to CANDIDATE, lastRpcTime:176ms, electionTimeout:176ms
2019-10-20 17:41:19,772 [Thread-3939] INFO  impl.RoleInfo (RoleInfo.java:shutdownFollowerState(121)) - 8f18dce1-0a3d-4b65-9c78-af3d58b2da7f: shutdown FollowerState
2019-10-20 17:41:19,772 [Thread-3939] INFO  impl.RaftServerImpl (RaftServerImpl.java:setRole(184)) - 8f18dce1-0a3d-4b65-9c78-af3d58b2da7f@group-091950D56227: changes role from  FOLLOWER to CANDIDATE at term 654 for changeToCandidate
2019-10-20 17:41:19,772 [Thread-3939] INFO  impl.RoleInfo (RoleInfo.java:updateAndGet(143)) - 8f18dce1-0a3d-4b65-9c78-af3d58b2da7f: start LeaderElection
2019-10-20 17:41:19,802 [8f18dce1-0a3d-4b65-9c78-af3d58b2da7f@group-091950D56227-LeaderElection553] INFO  impl.LeaderElection (LeaderElection.java:askForVotes(178)) - 8f18dce1-0a3d-4b65-9c78-af3d58b2da7f@group-091950D56227-LeaderElection553: begin an election at term 655 for -1: [8a63e1ae-032e-4bed-9f20-125a11f65413:0.0.0.0:38685, 8f18dce1-0a3d-4b65-9c78-af3d58b2da7f:0.0.0.0:42489, 7b1e61a0-7daf-43dd-99d5-9b325c1d31ae:0.0.0.0:38412], old=null
2019-10-20 17:41:19,804 [grpc-default-executor-0] INFO  impl.RaftServerImpl (RaftServerImpl.java:setRole(184)) - 8a63e1ae-032e-4bed-9f20-125a11f65413@group-091950D56227: changes role from  FOLLOWER to FOLLOWER at term 655 for recognizeCandidate:8f18dce1-0a3d-4b65-9c78-af3d58b2da7f
2019-10-20 17:41:19,804 [grpc-default-executor-0] INFO  impl.RoleInfo (RoleInfo.java:shutdownFollowerState(121)) - 8a63e1ae-032e-4bed-9f20-125a11f65413: shutdown FollowerState
2019-10-20 17:41:19,804 [grpc-default-executor-3] INFO  impl.RaftServerImpl (RaftServerImpl.java:setRole(184)) - 7b1e61a0-7daf-43dd-99d5-9b325c1d31ae@group-091950D56227: changes role from  FOLLOWER to FOLLOWER at term 655 for recognizeCandidate:8f18dce1-0a3d-4b65-9c78-af3d58b2da7f
2019-10-20 17:41:19,804 [Thread-3937] INFO  impl.FollowerState (FollowerState.java:run(117)) - 8a63e1ae-032e-4bed-9f20-125a11f65413@group-091950D56227-FollowerState was interrupted: java.lang.InterruptedException: sleep interrupted
2019-10-20 17:41:19,804 [grpc-default-executor-0] INFO  impl.RoleInfo (RoleInfo.java:updateAndGet(143)) - 8a63e1ae-032e-4bed-9f20-125a11f65413: start FollowerState
2019-10-20 17:41:19,804 [grpc-default-executor-3] INFO  impl.RoleInfo (RoleInfo.java:shutdownFollowerState(121)) - 7b1e61a0-7daf-43dd-99d5-9b325c1d31ae: shutdown FollowerState
2019-10-20 17:41:19,805 [grpc-default-executor-3] INFO  impl.RoleInfo (RoleInfo.java:updateAndGet(143)) - 7b1e61a0-7daf-43dd-99d5-9b325c1d31ae: start FollowerState
2019-10-20 17:41:19,805 [Thread-3938] INFO  impl.FollowerState (FollowerState.java:run(117)) - 7b1e61a0-7daf-43dd-99d5-9b325c1d31ae@group-091950D56227-FollowerState was interrupted: java.lang.InterruptedException: sleep interrupted
2019-10-20 17:41:19,829 [8f18dce1-0a3d-4b65-9c78-af3d58b2da7f@group-091950D56227-LeaderElection553] INFO  impl.LeaderElection (LeaderElection.java:logAndReturn(56)) - 8f18dce1-0a3d-4b65-9c78-af3d58b2da7f@group-091950D56227-LeaderElection553: Election REJECTED; received 2 response(s) [8f18dce1-0a3d-4b65-9c78-af3d58b2da7f<-8a63e1ae-032e-4bed-9f20-125a11f65413#0:FAIL-t655, 8f18dce1-0a3d-4b65-9c78-af3d58b2da7f<-7b1e61a0-7daf-43dd-99d5-9b325c1d31ae#0:FAIL-t655] and 0 exception(s); 8f18dce1-0a3d-4b65-9c78-af3d58b2da7f@group-091950D56227:t655, leader=null, voted=8f18dce1-0a3d-4b65-9c78-af3d58b2da7f, raftlog=8f18dce1-0a3d-4b65-9c78-af3d58b2da7f@group-091950D56227-SegmentedRaftLog:OPENED:c-1,f-1,i0, conf=-1: [8a63e1ae-032e-4bed-9f20-125a11f65413:0.0.0.0:38685, 8f18dce1-0a3d-4b65-9c78-af3d58b2da7f:0.0.0.0:42489, 7b1e61a0-7daf-43dd-99d5-9b325c1d31ae:0.0.0.0:38412], old=null
2019-10-20 17:41:19,829 [8f18dce1-0a3d-4b65-9c78-af3d58b2da7f@group-091950D56227-LeaderElection553] INFO  impl.RaftServerImpl (RaftServerImpl.java:setRole(184)) - 8f18dce1-0a3d-4b65-9c78-af3d58b2da7f@group-091950D56227: changes role from CANDIDATE to FOLLOWER at term 655 for DISCOVERED_A_NEW_TERM
2019-10-20 17:41:19,829 [8f18dce1-0a3d-4b65-9c78-af3d58b2da7f@group-091950D56227-LeaderElection553] INFO  impl.RoleInfo (RoleInfo.java:shutdownLeaderElection(134)) - 8f18dce1-0a3d-4b65-9c78-af3d58b2da7f: shutdown LeaderElection
2019-10-20 17:41:19,829 [8f18dce1-0a3d-4b65-9c78-af3d58b2da7f@group-091950D56227-LeaderElection553] INFO  impl.RoleInfo (RoleInfo.java:updateAndGet(143)) - 8f18dce1-0a3d-4b65-9c78-af3d58b2da7f: start FollowerState
2019-10-20 17:41:19,864 [Thread-3945] INFO  impl.FollowerState (FollowerState.java:run(108)) - 8f18dce1-0a3d-4b65-9c78-af3d58b2da7f@group-091950D56227-FollowerState: change to CANDIDATE, lastRpcTime:35ms, electionTimeout:35ms
2019-10-20 17:41:19,864 [Thread-3945] INFO  impl.RoleInfo (RoleInfo.java:shutdownFollowerState(121)) - 8f18dce1-0a3d-4b65-9c78-af3d58b2da7f: shutdown FollowerState
2019-10-20 17:41:19,865 [Thread-3945] INFO  impl.RaftServerImpl (RaftServerImpl.java:setRole(184)) - 8f18dce1-0a3d-4b65-9c78-af3d58b2da7f@group-091950D56227: changes role from  FOLLOWER to CANDIDATE at term 655 for changeToCandidate
2019-10-20 17:41:19,865 [Thread-3945] INFO  impl.RoleInfo (RoleInfo.java:updateAndGet(143)) - 8f18dce1-0a3d-4b65-9c78-af3d58b2da7f: start LeaderElection
2019-10-20 17:41:19,895 [8f18dce1-0a3d-4b65-9c78-af3d58b2da7f@group-091950D56227-LeaderElection554] INFO  impl.LeaderElection (LeaderElection.java:askForVotes(178)) - 8f18dce1-0a3d-4b65-9c78-af3d58b2da7f@group-091950D56227-LeaderElection554: begin an election at term 656 for -1: [8a63e1ae-032e-4bed-9f20-125a11f65413:0.0.0.0:38685, 8f18dce1-0a3d-4b65-9c78-af3d58b2da7f:0.0.0.0:42489, 7b1e61a0-7daf-43dd-99d5-9b325c1d31ae:0.0.0.0:38412], old=null
2019-10-20 17:41:19,897 [grpc-default-executor-0] INFO  impl.RaftServerImpl (RaftServerImpl.java:setRole(184)) - 7b1e61a0-7daf-43dd-99d5-9b325c1d31ae@group-091950D56227: changes role from  FOLLOWER to FOLLOWER at term 656 for recognizeCandidate:8f18dce1-0a3d-4b65-9c78-af3d58b2da7f
2019-10-20 17:41:19,897 [grpc-default-executor-0] INFO  impl.RoleInfo (RoleInfo.java:shutdownFollowerState(121)) - 7b1e61a0-7daf-43dd-99d5-9b325c1d31ae: shutdown FollowerState
2019-10-20 17:41:19,897 [grpc-default-executor-3] INFO  impl.RaftServerImpl (RaftServerImpl.java:setRole(184)) - 8a63e1ae-032e-4bed-9f20-125a11f65413@group-091950D56227: changes role from  FOLLOWER to FOLLOWER at term 656 for recognizeCandidate:8f18dce1-0a3d-4b65-9c78-af3d58b2da7f
2019-10-20 17:41:19,898 [grpc-default-executor-3] INFO  impl.RoleInfo (RoleInfo.java:shutdownFollowerState(121)) - 8a63e1ae-032e-4bed-9f20-125a11f65413: shutdown FollowerState
2019-10-20 17:41:19,898 [Thread-3944] INFO  impl.FollowerState (FollowerState.java:run(117)) - 7b1e61a0-7daf-43dd-99d5-9b325c1d31ae@group-091950D56227-FollowerState was interrupted: java.lang.InterruptedException: sleep interrupted
2019-10-20 17:41:19,898 [grpc-default-executor-0] INFO  impl.RoleInfo (RoleInfo.java:updateAndGet(143)) - 7b1e61a0-7daf-43dd-99d5-9b325c1d31ae: start FollowerState
2019-10-20 17:41:19,898 [Thread-3943] INFO  impl.FollowerState (FollowerState.java:run(117)) - 8a63e1ae-032e-4bed-9f20-125a11f65413@group-091950D56227-FollowerState was interrupted: java.lang.InterruptedException: sleep interrupted
2019-10-20 17:41:19,898 [grpc-default-executor-3] INFO  impl.RoleInfo (RoleInfo.java:updateAndGet(143)) - 8a63e1ae-032e-4bed-9f20-125a11f65413: start FollowerState
2019-10-20 17:41:19,921 [8f18dce1-0a3d-4b65-9c78-af3d58b2da7f@group-091950D56227-LeaderElection554] INFO  impl.LeaderElection (LeaderElection.java:logAndReturn(56)) - 8f18dce1-0a3d-4b65-9c78-af3d58b2da7f@group-091950D56227-LeaderElection554: Election REJECTED; received 2 response(s) [8f18dce1-0a3d-4b65-9c78-af3d58b2da7f<-8a63e1ae-032e-4bed-9f20-125a11f65413#0:FAIL-t656, 8f18dce1-0a3d-4b65-9c78-af3d58b2da7f<-7b1e61a0-7daf-43dd-99d5-9b325c1d31ae#0:FAIL-t656] and 0 exception(s); 8f18dce1-0a3d-4b65-9c78-af3d58b2da7f@group-091950D56227:t656, leader=null, voted=8f18dce1-0a3d-4b65-9c78-af3d58b2da7f, raftlog=8f18dce1-0a3d-4b65-9c78-af3d58b2da7f@group-091950D56227-SegmentedRaftLog:OPENED:c-1,f-1,i0, conf=-1: [8a63e1ae-032e-4bed-9f20-125a11f65413:0.0.0.0:38685, 8f18dce1-0a3d-4b65-9c78-af3d58b2da7f:0.0.0.0:42489, 7b1e61a0-7daf-43dd-99d5-9b325c1d31ae:0.0.0.0:38412], old=null
2019-10-20 17:41:19,922 [8f18dce1-0a3d-4b65-9c78-af3d58b2da7f@group-091950D56227-LeaderElection554] INFO  impl.RaftServerImpl (RaftServerImpl.java:setRole(184)) - 8f18dce1-0a3d-4b65-9c78-af3d58b2da7f@group-091950D56227: changes role from CANDIDATE to FOLLOWER at term 656 for DISCOVERED_A_NEW_TERM
2019-10-20 17:41:19,922 [8f18dce1-0a3d-4b65-9c78-af3d58b2da7f@group-091950D56227-LeaderElection554] INFO  impl.RoleInfo (RoleInfo.java:shutdownLeaderElection(134)) - 8f18dce1-0a3d-4b65-9c78-af3d58b2da7f: shutdown LeaderElection
2019-10-20 17:41:19,922 [8f18dce1-0a3d-4b65-9c78-af3d58b2da7f@group-091950D56227-LeaderElection554] INFO  impl.RoleInfo (RoleInfo.java:updateAndGet(143)) - 8f18dce1-0a3d-4b65-9c78-af3d58b2da7f: start FollowerState
2019-10-20 17:41:20,043 [Thread-3951] INFO  impl.FollowerState (FollowerState.java:run(108)) - 8f18dce1-0a3d-4b65-9c78-af3d58b2da7f@group-091950D56227-FollowerState: change to CANDIDATE, lastRpcTime:121ms, electionTimeout:121ms
2019-10-20 17:41:20,043 [Thread-3951] INFO  impl.RoleInfo (RoleInfo.java:shutdownFollowerState(121)) - 8f18dce1-0a3d-4b65-9c78-af3d58b2da7f: shutdown FollowerState
2019-10-20 17:41:20,044 [Thread-3951] INFO  impl.RaftServerImpl (RaftServerImpl.java:setRole(184)) - 8f18dce1-0a3d-4b65-9c78-af3d58b2da7f@group-091950D56227: changes role from  FOLLOWER to CANDIDATE at term 656 for changeToCandidate
2019-10-20 17:41:20,044 [Thread-3951] INFO  impl.RoleInfo (RoleInfo.java:updateAndGet(143)) - 8f18dce1-0a3d-4b65-9c78-af3d58b2da7f: start LeaderElection
2019-10-20 17:41:20,071 [8f18dce1-0a3d-4b65-9c78-af3d58b2da7f@group-091950D56227-LeaderElection555] INFO  impl.LeaderElection (LeaderElection.java:askForVotes(178)) - 8f18dce1-0a3d-4b65-9c78-af3d58b2da7f@group-091950D56227-LeaderElection555: begin an election at term 657 for -1: [8a63e1ae-032e-4bed-9f20-125a11f65413:0.0.0.0:38685, 8f18dce1-0a3d-4b65-9c78-af3d58b2da7f:0.0.0.0:42489, 7b1e61a0-7daf-43dd-99d5-9b325c1d31ae:0.0.0.0:38412], old=null
2019-10-20 17:41:20,073 [grpc-default-executor-0] INFO  impl.RaftServerImpl (RaftServerImpl.java:setRole(184)) - 8a63e1ae-032e-4bed-9f20-125a11f65413@group-091950D56227: changes role from  FOLLOWER to FOLLOWER at term 657 for recognizeCandidate:8f18dce1-0a3d-4b65-9c78-af3d58b2da7f
2019-10-20 17:41:20,074 [grpc-default-executor-0] INFO  impl.RoleInfo (RoleInfo.java:shutdownFollowerState(121)) - 8a63e1ae-032e-4bed-9f20-125a11f65413: shutdown FollowerState
2019-10-20 17:41:20,073 [grpc-default-executor-3] INFO  impl.RaftServerImpl (RaftServerImpl.java:setRole(184)) - 7b1e61a0-7daf-43dd-99d5-9b325c1d31ae@group-091950D56227: changes role from  FOLLOWER to FOLLOWER at term 657 for recognizeCandidate:8f18dce1-0a3d-4b65-9c78-af3d58b2da7f
2019-10-20 17:41:20,074 [Thread-3950] INFO  impl.FollowerState (FollowerState.java:run(117)) - 8a63e1ae-032e-4bed-9f20-125a11f65413@group-091950D56227-FollowerState was interrupted: java.lang.InterruptedException: sleep interrupted
2019-10-20 17:41:20,074 [grpc-default-executor-0] INFO  impl.RoleInfo (RoleInfo.java:updateAndGet(143)) - 8a63e1ae-032e-4bed-9f20-125a11f65413: start FollowerState
2019-10-20 17:41:20,074 [grpc-default-executor-3] INFO  impl.RoleInfo (RoleInfo.java:shutdownFollowerState(121)) - 7b1e61a0-7daf-43dd-99d5-9b325c1d31ae: shutdown FollowerState
2019-10-20 17:41:20,075 [grpc-default-executor-3] INFO  impl.RoleInfo (RoleInfo.java:updateAndGet(143)) - 7b1e61a0-7daf-43dd-99d5-9b325c1d31ae: start FollowerState
2019-10-20 17:41:20,075 [Thread-3949] INFO  impl.FollowerState (FollowerState.java:run(117)) - 7b1e61a0-7daf-43dd-99d5-9b325c1d31ae@group-091950D56227-FollowerState was interrupted: java.lang.InterruptedException: sleep interrupted
2019-10-20 17:41:20,093 [8f18dce1-0a3d-4b65-9c78-af3d58b2da7f@group-091950D56227-LeaderElection555] INFO  impl.LeaderElection (LeaderElection.java:logAndReturn(56)) - 8f18dce1-0a3d-4b65-9c78-af3d58b2da7f@group-091950D56227-LeaderElection555: Election TIMEOUT; received 0 response(s) [] and 0 exception(s); 8f18dce1-0a3d-4b65-9c78-af3d58b2da7f@group-091950D56227:t657, leader=null, voted=8f18dce1-0a3d-4b65-9c78-af3d58b2da7f, raftlog=8f18dce1-0a3d-4b65-9c78-af3d58b2da7f@group-091950D56227-SegmentedRaftLog:OPENED:c-1,f-1,i0, conf=-1: [8a63e1ae-032e-4bed-9f20-125a11f65413:0.0.0.0:38685, 8f18dce1-0a3d-4b65-9c78-af3d58b2da7f:0.0.0.0:42489, 7b1e61a0-7daf-43dd-99d5-9b325c1d31ae:0.0.0.0:38412], old=null
2019-10-20 17:41:20,123 [8f18dce1-0a3d-4b65-9c78-af3d58b2da7f@group-091950D56227-LeaderElection555] INFO  impl.LeaderElection (LeaderElection.java:askForVotes(178)) - 8f18dce1-0a3d-4b65-9c78-af3d58b2da7f@group-091950D56227-LeaderElection555: begin an election at term 658 for -1: [8a63e1ae-032e-4bed-9f20-125a11f65413:0.0.0.0:38685, 8f18dce1-0a3d-4b65-9c78-af3d58b2da7f:0.0.0.0:42489, 7b1e61a0-7daf-43dd-99d5-9b325c1d31ae:0.0.0.0:38412], old=null
2019-10-20 17:41:20,125 [grpc-default-executor-3] INFO  impl.RaftServerImpl (RaftServerImpl.java:setRole(184)) - 8a63e1ae-032e-4bed-9f20-125a11f65413@group-091950D56227: changes role from  FOLLOWER to FOLLOWER at term 658 for recognizeCandidate:8f18dce1-0a3d-4b65-9c78-af3d58b2da7f
2019-10-20 17:41:20,125 [grpc-default-executor-3] INFO  impl.RoleInfo (RoleInfo.java:shutdownFollowerState(121)) - 8a63e1ae-032e-4bed-9f20-125a11f65413: shutdown FollowerState
2019-10-20 17:41:20,125 [grpc-default-executor-0] INFO  impl.RaftServerImpl (RaftServerImpl.java:setRole(184)) - 7b1e61a0-7daf-43dd-99d5-9b325c1d31ae@group-091950D56227: changes role from  FOLLOWER to FOLLOWER at term 658 for recognizeCandidate:8f18dce1-0a3d-4b65-9c78-af3d58b2da7f
2019-10-20 17:41:20,125 [Thread-3955] INFO  impl.FollowerState (FollowerState.java:run(117)) - 8a63e1ae-032e-4bed-9f20-125a11f65413@group-091950D56227-FollowerState was interrupted: java.lang.InterruptedException: sleep interrupted
2019-10-20 17:41:20,125 [grpc-default-executor-3] INFO  impl.RoleInfo (RoleInfo.java:updateAndGet(143)) - 8a63e1ae-032e-4bed-9f20-125a11f65413: start FollowerState
2019-10-20 17:41:20,126 [grpc-default-executor-0] INFO  impl.RoleInfo (RoleInfo.java:shutdownFollowerState(121)) - 7b1e61a0-7daf-43dd-99d5-9b325c1d31ae: shutdown FollowerState
2019-10-20 17:41:20,126 [grpc-default-executor-0] INFO  impl.RoleInfo (RoleInfo.java:updateAndGet(143)) - 7b1e61a0-7daf-43dd-99d5-9b325c1d31ae: start FollowerState
2019-10-20 17:41:20,126 [Thread-3956] INFO  impl.FollowerState (FollowerState.java:run(117)) - 7b1e61a0-7daf-43dd-99d5-9b325c1d31ae@group-091950D56227-FollowerState was interrupted: java.lang.InterruptedException: sleep interrupted
2019-10-20 17:41:20,149 [8f18dce1-0a3d-4b65-9c78-af3d58b2da7f@group-091950D56227-LeaderElection555] INFO  impl.LeaderElection (LeaderElection.java:logAndReturn(56)) - 8f18dce1-0a3d-4b65-9c78-af3d58b2da7f@group-091950D56227-LeaderElection555: Election REJECTED; received 2 response(s) [8f18dce1-0a3d-4b65-9c78-af3d58b2da7f<-8a63e1ae-032e-4bed-9f20-125a11f65413#0:FAIL-t658, 8f18dce1-0a3d-4b65-9c78-af3d58b2da7f<-7b1e61a0-7daf-43dd-99d5-9b325c1d31ae#0:FAIL-t658] and 0 exception(s); 8f18dce1-0a3d-4b65-9c78-af3d58b2da7f@group-091950D56227:t658, leader=null, voted=8f18dce1-0a3d-4b65-9c78-af3d58b2da7f, raftlog=8f18dce1-0a3d-4b65-9c78-af3d58b2da7f@group-091950D56227-SegmentedRaftLog:OPENED:c-1,f-1,i0, conf=-1: [8a63e1ae-032e-4bed-9f20-125a11f65413:0.0.0.0:38685, 8f18dce1-0a3d-4b65-9c78-af3d58b2da7f:0.0.0.0:42489, 7b1e61a0-7daf-43dd-99d5-9b325c1d31ae:0.0.0.0:38412], old=null
2019-10-20 17:41:20,150 [8f18dce1-0a3d-4b65-9c78-af3d58b2da7f@group-091950D56227-LeaderElection555] INFO  impl.RaftServerImpl (RaftServerImpl.java:setRole(184)) - 8f18dce1-0a3d-4b65-9c78-af3d58b2da7f@group-091950D56227: changes role from CANDIDATE to FOLLOWER at term 658 for DISCOVERED_A_NEW_TERM
2019-10-20 17:41:20,150 [8f18dce1-0a3d-4b65-9c78-af3d58b2da7f@group-091950D56227-LeaderElection555] INFO  impl.RoleInfo (RoleInfo.java:shutdownLeaderElection(134)) - 8f18dce1-0a3d-4b65-9c78-af3d58b2da7f: shutdown LeaderElection
2019-10-20 17:41:20,150 [8f18dce1-0a3d-4b65-9c78-af3d58b2da7f@group-091950D56227-LeaderElection555] INFO  impl.RoleInfo (RoleInfo.java:updateAndGet(143)) - 8f18dce1-0a3d-4b65-9c78-af3d58b2da7f: start FollowerState
2019-10-20 17:41:20,318 [Thread-3961] INFO  impl.FollowerState (FollowerState.java:run(108)) - 8f18dce1-0a3d-4b65-9c78-af3d58b2da7f@group-091950D56227-FollowerState: change to CANDIDATE, lastRpcTime:168ms, electionTimeout:168ms
2019-10-20 17:41:20,318 [Thread-3961] INFO  impl.RoleInfo (RoleInfo.java:shutdownFollowerState(121)) - 8f18dce1-0a3d-4b65-9c78-af3d58b2da7f: shutdown FollowerState
2019-10-20 17:41:20,319 [Thread-3961] INFO  impl.RaftServerImpl (RaftServerImpl.java:setRole(184)) - 8f18dce1-0a3d-4b65-9c78-af3d58b2da7f@group-091950D56227: changes role from  FOLLOWER to CANDIDATE at term 658 for changeToCandidate
2019-10-20 17:41:20,319 [Thread-3961] INFO  impl.RoleInfo (RoleInfo.java:updateAndGet(143)) - 8f18dce1-0a3d-4b65-9c78-af3d58b2da7f: start LeaderElection
2019-10-20 17:41:20,349 [8f18dce1-0a3d-4b65-9c78-af3d58b2da7f@group-091950D56227-LeaderElection556] INFO  impl.LeaderElection (LeaderElection.java:askForVotes(178)) - 8f18dce1-0a3d-4b65-9c78-af3d58b2da7f@group-091950D56227-LeaderElection556: begin an election at term 659 for -1: [8a63e1ae-032e-4bed-9f20-125a11f65413:0.0.0.0:38685, 8f18dce1-0a3d-4b65-9c78-af3d58b2da7f:0.0.0.0:42489, 7b1e61a0-7daf-43dd-99d5-9b325c1d31ae:0.0.0.0:38412], old=null
2019-10-20 17:41:20,351 [grpc-default-executor-0] INFO  impl.RaftServerImpl (RaftServerImpl.java:setRole(184)) - 8a63e1ae-032e-4bed-9f20-125a11f65413@group-091950D56227: changes role from  FOLLOWER to FOLLOWER at term 659 for recognizeCandidate:8f18dce1-0a3d-4b65-9c78-af3d58b2da7f
2019-10-20 17:41:20,352 [grpc-default-executor-0] INFO  impl.RoleInfo (RoleInfo.java:shutdownFollowerState(121)) - 8a63e1ae-032e-4bed-9f20-125a11f65413: shutdown FollowerState
2019-10-20 17:41:20,351 [grpc-default-executor-3] INFO  impl.RaftServerImpl (RaftServerImpl.java:setRole(184)) - 7b1e61a0-7daf-43dd-99d5-9b325c1d31ae@group-091950D56227: changes role from  FOLLOWER to FOLLOWER at term 659 for recognizeCandidate:8f18dce1-0a3d-4b65-9c78-af3d58b2da7f
2019-10-20 17:41:20,352 [grpc-default-executor-3] INFO  impl.RoleInfo (RoleInfo.java:shutdownFollowerState(121)) - 7b1e61a0-7daf-43dd-99d5-9b325c1d31ae: shutdown FollowerState
2019-10-20 17:41:20,352 [Thread-3959] INFO  impl.FollowerState (FollowerState.java:run(117)) - 8a63e1ae-032e-4bed-9f20-125a11f65413@group-091950D56227-FollowerState was interrupted: java.lang.InterruptedException: sleep interrupted
2019-10-20 17:41:20,352 [grpc-default-executor-0] INFO  impl.RoleInfo (RoleInfo.java:updateAndGet(143)) - 8a63e1ae-032e-4bed-9f20-125a11f65413: start FollowerState
2019-10-20 17:41:20,352 [Thread-3960] INFO  impl.FollowerState (FollowerState.java:run(117)) - 7b1e61a0-7daf-43dd-99d5-9b325c1d31ae@group-091950D56227-FollowerState was interrupted: java.lang.InterruptedException: sleep interrupted
2019-10-20 17:41:20,352 [grpc-default-executor-3] INFO  impl.RoleInfo (RoleInfo.java:updateAndGet(143)) - 7b1e61a0-7daf-43dd-99d5-9b325c1d31ae: start FollowerState
2019-10-20 17:41:20,375 [8f18dce1-0a3d-4b65-9c78-af3d58b2da7f@group-091950D56227-LeaderElection556] INFO  impl.LeaderElection (LeaderElection.java:logAndReturn(56)) - 8f18dce1-0a3d-4b65-9c78-af3d58b2da7f@group-091950D56227-LeaderElection556: Election REJECTED; received 2 response(s) [8f18dce1-0a3d-4b65-9c78-af3d58b2da7f<-8a63e1ae-032e-4bed-9f20-125a11f65413#0:FAIL-t659, 8f18dce1-0a3d-4b65-9c78-af3d58b2da7f<-7b1e61a0-7daf-43dd-99d5-9b325c1d31ae#0:FAIL-t659] and 0 exception(s); 8f18dce1-0a3d-4b65-9c78-af3d58b2da7f@group-091950D56227:t659, leader=null, voted=8f18dce1-0a3d-4b65-9c78-af3d58b2da7f, raftlog=8f18dce1-0a3d-4b65-9c78-af3d58b2da7f@group-091950D56227-SegmentedRaftLog:OPENED:c-1,f-1,i0, conf=-1: [8a63e1ae-032e-4bed-9f20-125a11f65413:0.0.0.0:38685, 8f18dce1-0a3d-4b65-9c78-af3d58b2da7f:0.0.0.0:42489, 7b1e61a0-7daf-43dd-99d5-9b325c1d31ae:0.0.0.0:38412], old=null
2019-10-20 17:41:20,376 [8f18dce1-0a3d-4b65-9c78-af3d58b2da7f@group-091950D56227-LeaderElection556] INFO  impl.RaftServerImpl (RaftServerImpl.java:setRole(184)) - 8f18dce1-0a3d-4b65-9c78-af3d58b2da7f@group-091950D56227: changes role from CANDIDATE to FOLLOWER at term 659 for DISCOVERED_A_NEW_TERM
2019-10-20 17:41:20,376 [8f18dce1-0a3d-4b65-9c78-af3d58b2da7f@group-091950D56227-LeaderElection556] INFO  impl.RoleInfo (RoleInfo.java:shutdownLeaderElection(134)) - 8f18dce1-0a3d-4b65-9c78-af3d58b2da7f: shutdown LeaderElection
2019-10-20 17:41:20,376 [8f18dce1-0a3d-4b65-9c78-af3d58b2da7f@group-091950D56227-LeaderElection556] INFO  impl.RoleInfo (RoleInfo.java:updateAndGet(143)) - 8f18dce1-0a3d-4b65-9c78-af3d58b2da7f: start FollowerState
2019-10-20 17:41:20,576 [Thread-3967] INFO  impl.FollowerState (FollowerState.java:run(108)) - 8f18dce1-0a3d-4b65-9c78-af3d58b2da7f@group-091950D56227-FollowerState: change to CANDIDATE, lastRpcTime:200ms, electionTimeout:200ms
2019-10-20 17:41:20,576 [Thread-3967] INFO  impl.RoleInfo (RoleInfo.java:shutdownFollowerState(121)) - 8f18dce1-0a3d-4b65-9c78-af3d58b2da7f: shutdown FollowerState
2019-10-20 17:41:20,576 [Thread-3967] INFO  impl.RaftServerImpl (RaftServerImpl.java:setRole(184)) - 8f18dce1-0a3d-4b65-9c78-af3d58b2da7f@group-091950D56227: changes role from  FOLLOWER to CANDIDATE at term 659 for changeToCandidate
2019-10-20 17:41:20,577 [Thread-3967] INFO  impl.RoleInfo (RoleInfo.java:updateAndGet(143)) - 8f18dce1-0a3d-4b65-9c78-af3d58b2da7f: start LeaderElection
2019-10-20 17:41:20,600 [8f18dce1-0a3d-4b65-9c78-af3d58b2da7f@group-091950D56227-LeaderElection557] INFO  impl.LeaderElection (LeaderElection.java:askForVotes(178)) - 8f18dce1-0a3d-4b65-9c78-af3d58b2da7f@group-091950D56227-LeaderElection557: begin an election at term 660 for -1: [8a63e1ae-032e-4bed-9f20-125a11f65413:0.0.0.0:38685, 8f18dce1-0a3d-4b65-9c78-af3d58b2da7f:0.0.0.0:42489, 7b1e61a0-7daf-43dd-99d5-9b325c1d31ae:0.0.0.0:38412], old=null
2019-10-20 17:41:20,601 [grpc-default-executor-0] INFO  impl.RaftServerImpl (RaftServerImpl.java:setRole(184)) - 8a63e1ae-032e-4bed-9f20-125a11f65413@group-091950D56227: changes role from  FOLLOWER to FOLLOWER at term 660 for recognizeCandidate:8f18dce1-0a3d-4b65-9c78-af3d58b2da7f
2019-10-20 17:41:20,602 [grpc-default-executor-0] INFO  impl.RoleInfo (RoleInfo.java:shutdownFollowerState(121)) - 8a63e1ae-032e-4bed-9f20-125a11f65413: shutdown FollowerState
2019-10-20 17:41:20,602 [grpc-default-executor-0] INFO  impl.RoleInfo (RoleInfo.java:updateAndGet(143)) - 8a63e1ae-032e-4bed-9f20-125a11f65413: start FollowerState
2019-10-20 17:41:20,602 [Thread-3965] INFO  impl.FollowerState (FollowerState.java:run(117)) - 8a63e1ae-032e-4bed-9f20-125a11f65413@group-091950D56227-FollowerState was interrupted: java.lang.InterruptedException: sleep interrupted
2019-10-20 17:41:20,602 [grpc-default-executor-3] INFO  impl.RaftServerImpl (RaftServerImpl.java:setRole(184)) - 7b1e61a0-7daf-43dd-99d5-9b325c1d31ae@group-091950D56227: changes role from  FOLLOWER to FOLLOWER at term 660 for recognizeCandidate:8f18dce1-0a3d-4b65-9c78-af3d58b2da7f
2019-10-20 17:41:20,602 [grpc-default-executor-3] INFO  impl.RoleInfo (RoleInfo.java:shutdownFollowerState(121)) - 7b1e61a0-7daf-43dd-99d5-9b325c1d31ae: shutdown FollowerState
2019-10-20 17:41:20,602 [grpc-default-executor-3] INFO  impl.RoleInfo (RoleInfo.java:updateAndGet(143)) - 7b1e61a0-7daf-43dd-99d5-9b325c1d31ae: start FollowerState
2019-10-20 17:41:20,602 [Thread-3966] INFO  impl.FollowerState (FollowerState.java:run(117)) - 7b1e61a0-7daf-43dd-99d5-9b325c1d31ae@group-091950D56227-FollowerState was interrupted: java.lang.InterruptedException: sleep interrupted
2019-10-20 17:41:20,626 [8f18dce1-0a3d-4b65-9c78-af3d58b2da7f@group-091950D56227-LeaderElection557] INFO  impl.LeaderElection (LeaderElection.java:logAndReturn(56)) - 8f18dce1-0a3d-4b65-9c78-af3d58b2da7f@group-091950D56227-LeaderElection557: Election REJECTED; received 2 response(s) [8f18dce1-0a3d-4b65-9c78-af3d58b2da7f<-8a63e1ae-032e-4bed-9f20-125a11f65413#0:FAIL-t660, 8f18dce1-0a3d-4b65-9c78-af3d58b2da7f<-7b1e61a0-7daf-43dd-99d5-9b325c1d31ae#0:FAIL-t660] and 0 exception(s); 8f18dce1-0a3d-4b65-9c78-af3d58b2da7f@group-091950D56227:t660, leader=null, voted=8f18dce1-0a3d-4b65-9c78-af3d58b2da7f, raftlog=8f18dce1-0a3d-4b65-9c78-af3d58b2da7f@group-091950D56227-SegmentedRaftLog:OPENED:c-1,f-1,i0, conf=-1: [8a63e1ae-032e-4bed-9f20-125a11f65413:0.0.0.0:38685, 8f18dce1-0a3d-4b65-9c78-af3d58b2da7f:0.0.0.0:42489, 7b1e61a0-7daf-43dd-99d5-9b325c1d31ae:0.0.0.0:38412], old=null
2019-10-20 17:41:20,626 [8f18dce1-0a3d-4b65-9c78-af3d58b2da7f@group-091950D56227-LeaderElection557] INFO  impl.RaftServerImpl (RaftServerImpl.java:setRole(184)) - 8f18dce1-0a3d-4b65-9c78-af3d58b2da7f@group-091950D56227: changes role from CANDIDATE to FOLLOWER at term 660 for DISCOVERED_A_NEW_TERM
2019-10-20 17:41:20,626 [8f18dce1-0a3d-4b65-9c78-af3d58b2da7f@group-091950D56227-LeaderElection557] INFO  impl.RoleInfo (RoleInfo.java:shutdownLeaderElection(134)) - 8f18dce1-0a3d-4b65-9c78-af3d58b2da7f: shutdown LeaderElection
2019-10-20 17:41:20,626 [8f18dce1-0a3d-4b65-9c78-af3d58b2da7f@group-091950D56227-LeaderElection557] INFO  impl.RoleInfo (RoleInfo.java:updateAndGet(143)) - 8f18dce1-0a3d-4b65-9c78-af3d58b2da7f: start FollowerState
2019-10-20 17:41:20,696 [Thread-3975] INFO  impl.FollowerState (FollowerState.java:run(108)) - 8f18dce1-0a3d-4b65-9c78-af3d58b2da7f@group-091950D56227-FollowerState: change to CANDIDATE, lastRpcTime:69ms, electionTimeout:69ms
2019-10-20 17:41:20,696 [Thread-3975] INFO  impl.RoleInfo (RoleInfo.java:shutdownFollowerState(121)) - 8f18dce1-0a3d-4b65-9c78-af3d58b2da7f: shutdown FollowerState
2019-10-20 17:41:20,696 [Thread-3975] INFO  impl.RaftServerImpl (RaftServerImpl.java:setRole(184)) - 8f18dce1-0a3d-4b65-9c78-af3d58b2da7f@group-091950D56227: changes role from  FOLLOWER to CANDIDATE at term 660 for changeToCandidate
2019-10-20 17:41:20,696 [Thread-3975] INFO  impl.RoleInfo (RoleInfo.java:updateAndGet(143)) - 8f18dce1-0a3d-4b65-9c78-af3d58b2da7f: start LeaderElection
2019-10-20 17:41:20,726 [8f18dce1-0a3d-4b65-9c78-af3d58b2da7f@group-091950D56227-LeaderElection558] INFO  impl.LeaderElection (LeaderElection.java:askForVotes(178)) - 8f18dce1-0a3d-4b65-9c78-af3d58b2da7f@group-091950D56227-LeaderElection558: begin an election at term 661 for -1: [8a63e1ae-032e-4bed-9f20-125a11f65413:0.0.0.0:38685, 8f18dce1-0a3d-4b65-9c78-af3d58b2da7f:0.0.0.0:42489, 7b1e61a0-7daf-43dd-99d5-9b325c1d31ae:0.0.0.0:38412], old=null
2019-10-20 17:41:20,728 [grpc-default-executor-3] INFO  impl.RaftServerImpl (RaftServerImpl.java:setRole(184)) - 8a63e1ae-032e-4bed-9f20-125a11f65413@group-091950D56227: changes role from  FOLLOWER to FOLLOWER at term 661 for recognizeCandidate:8f18dce1-0a3d-4b65-9c78-af3d58b2da7f
2019-10-20 17:41:20,728 [grpc-default-executor-3] INFO  impl.RoleInfo (RoleInfo.java:shutdownFollowerState(121)) - 8a63e1ae-032e-4bed-9f20-125a11f65413: shutdown FollowerState
2019-10-20 17:41:20,728 [grpc-default-executor-1] INFO  impl.RaftServerImpl (RaftServerImpl.java:setRole(184)) - 7b1e61a0-7daf-43dd-99d5-9b325c1d31ae@group-091950D56227: changes role from  FOLLOWER to FOLLOWER at term 661 for recognizeCandidate:8f18dce1-0a3d-4b65-9c78-af3d58b2da7f
2019-10-20 17:41:20,729 [grpc-default-executor-1] INFO  impl.RoleInfo (RoleInfo.java:shutdownFollowerState(121)) - 7b1e61a0-7daf-43dd-99d5-9b325c1d31ae: shutdown FollowerState
2019-10-20 17:41:20,729 [Thread-3973] INFO  impl.FollowerState (FollowerState.java:run(117)) - 8a63e1ae-032e-4bed-9f20-125a11f65413@group-091950D56227-FollowerState was interrupted: java.lang.InterruptedException: sleep interrupted
2019-10-20 17:41:20,729 [grpc-default-executor-3] INFO  impl.RoleInfo (RoleInfo.java:updateAndGet(143)) - 8a63e1ae-032e-4bed-9f20-125a11f65413: start FollowerState
2019-10-20 17:41:20,729 [Thread-3974] INFO  impl.FollowerState (FollowerState.java:run(117)) - 7b1e61a0-7daf-43dd-99d5-9b325c1d31ae@group-091950D56227-FollowerState was interrupted: java.lang.InterruptedException: sleep interrupted
2019-10-20 17:41:20,729 [grpc-default-executor-1] INFO  impl.RoleInfo (RoleInfo.java:updateAndGet(143)) - 7b1e61a0-7daf-43dd-99d5-9b325c1d31ae: start FollowerState
2019-10-20 17:41:20,752 [8f18dce1-0a3d-4b65-9c78-af3d58b2da7f@group-091950D56227-LeaderElection558] INFO  impl.LeaderElection (LeaderElection.java:logAndReturn(56)) - 8f18dce1-0a3d-4b65-9c78-af3d58b2da7f@group-091950D56227-LeaderElection558: Election REJECTED; received 2 response(s) [8f18dce1-0a3d-4b65-9c78-af3d58b2da7f<-8a63e1ae-032e-4bed-9f20-125a11f65413#0:FAIL-t661, 8f18dce1-0a3d-4b65-9c78-af3d58b2da7f<-7b1e61a0-7daf-43dd-99d5-9b325c1d31ae#0:FAIL-t661] and 0 exception(s); 8f18dce1-0a3d-4b65-9c78-af3d58b2da7f@group-091950D56227:t661, leader=null, voted=8f18dce1-0a3d-4b65-9c78-af3d58b2da7f, raftlog=8f18dce1-0a3d-4b65-9c78-af3d58b2da7f@group-091950D56227-SegmentedRaftLog:OPENED:c-1,f-1,i0, conf=-1: [8a63e1ae-032e-4bed-9f20-125a11f65413:0.0.0.0:38685, 8f18dce1-0a3d-4b65-9c78-af3d58b2da7f:0.0.0.0:42489, 7b1e61a0-7daf-43dd-99d5-9b325c1d31ae:0.0.0.0:38412], old=null
2019-10-20 17:41:20,753 [8f18dce1-0a3d-4b65-9c78-af3d58b2da7f@group-091950D56227-LeaderElection558] INFO  impl.RaftServerImpl (RaftServerImpl.java:setRole(184)) - 8f18dce1-0a3d-4b65-9c78-af3d58b2da7f@group-091950D56227: changes role from CANDIDATE to FOLLOWER at term 661 for DISCOVERED_A_NEW_TERM
2019-10-20 17:41:20,753 [8f18dce1-0a3d-4b65-9c78-af3d58b2da7f@group-091950D56227-LeaderElection558] INFO  impl.RoleInfo (RoleInfo.java:shutdownLeaderElection(134)) - 8f18dce1-0a3d-4b65-9c78-af3d58b2da7f: shutdown LeaderElection
2019-10-20 17:41:20,753 [8f18dce1-0a3d-4b65-9c78-af3d58b2da7f@group-091950D56227-LeaderElection558] INFO  impl.RoleInfo (RoleInfo.java:updateAndGet(143)) - 8f18dce1-0a3d-4b65-9c78-af3d58b2da7f: start FollowerState
2019-10-20 17:41:20,914 [Thread-3981] INFO  impl.FollowerState (FollowerState.java:run(108)) - 8f18dce1-0a3d-4b65-9c78-af3d58b2da7f@group-091950D56227-FollowerState: change to CANDIDATE, lastRpcTime:161ms, electionTimeout:161ms
2019-10-20 17:41:20,914 [Thread-3981] INFO  impl.RoleInfo (RoleInfo.java:shutdownFollowerState(121)) - 8f18dce1-0a3d-4b65-9c78-af3d58b2da7f: shutdown FollowerState
2019-10-20 17:41:20,914 [Thread-3981] INFO  impl.RaftServerImpl (RaftServerImpl.java:setRole(184)) - 8f18dce1-0a3d-4b65-9c78-af3d58b2da7f@group-091950D56227: changes role from  FOLLOWER to CANDIDATE at term 661 for changeToCandidate
2019-10-20 17:41:20,915 [Thread-3981] INFO  impl.RoleInfo (RoleInfo.java:updateAndGet(143)) - 8f18dce1-0a3d-4b65-9c78-af3d58b2da7f: start LeaderElection
2019-10-20 17:41:20,944 [8f18dce1-0a3d-4b65-9c78-af3d58b2da7f@group-091950D56227-LeaderElection559] INFO  impl.LeaderElection (LeaderElection.java:askForVotes(178)) - 8f18dce1-0a3d-4b65-9c78-af3d58b2da7f@group-091950D56227-LeaderElection559: begin an election at term 662 for -1: [8a63e1ae-032e-4bed-9f20-125a11f65413:0.0.0.0:38685, 8f18dce1-0a3d-4b65-9c78-af3d58b2da7f:0.0.0.0:42489, 7b1e61a0-7daf-43dd-99d5-9b325c1d31ae:0.0.0.0:38412], old=null
2019-10-20 17:41:20,946 [grpc-default-executor-1] INFO  impl.RaftServerImpl (RaftServerImpl.java:setRole(184)) - 8a63e1ae-032e-4bed-9f20-125a11f65413@group-091950D56227: changes role from  FOLLOWER to FOLLOWER at term 662 for recognizeCandidate:8f18dce1-0a3d-4b65-9c78-af3d58b2da7f
2019-10-20 17:41:20,946 [grpc-default-executor-1] INFO  impl.RoleInfo (RoleInfo.java:shutdownFollowerState(121)) - 8a63e1ae-032e-4bed-9f20-125a11f65413: shutdown FollowerState
2019-10-20 17:41:20,946 [grpc-default-executor-3] INFO  impl.RaftServerImpl (RaftServerImpl.java:setRole(184)) - 7b1e61a0-7daf-43dd-99d5-9b325c1d31ae@group-091950D56227: changes role from  FOLLOWER to FOLLOWER at term 662 for recognizeCandidate:8f18dce1-0a3d-4b65-9c78-af3d58b2da7f
2019-10-20 17:41:20,946 [Thread-3979] INFO  impl.FollowerState (FollowerState.java:run(117)) - 8a63e1ae-032e-4bed-9f20-125a11f65413@group-091950D56227-FollowerState was interrupted: java.lang.InterruptedException: sleep interrupted
2019-10-20 17:41:20,946 [grpc-default-executor-1] INFO  impl.RoleInfo (RoleInfo.java:updateAndGet(143)) - 8a63e1ae-032e-4bed-9f20-125a11f65413: start FollowerState
2019-10-20 17:41:20,946 [grpc-default-executor-3] INFO  impl.RoleInfo (RoleInfo.java:shutdownFollowerState(121)) - 7b1e61a0-7daf-43dd-99d5-9b325c1d31ae: shutdown FollowerState
2019-10-20 17:41:20,947 [grpc-default-executor-3] INFO  impl.RoleInfo (RoleInfo.java:updateAndGet(143)) - 7b1e61a0-7daf-43dd-99d5-9b325c1d31ae: start FollowerState
2019-10-20 17:41:20,947 [Thread-3980] INFO  impl.FollowerState (FollowerState.java:run(117)) - 7b1e61a0-7daf-43dd-99d5-9b325c1d31ae@group-091950D56227-FollowerState was interrupted: java.lang.InterruptedException: sleep interrupted
2019-10-20 17:41:21,011 [8f18dce1-0a3d-4b65-9c78-af3d58b2da7f@group-091950D56227-LeaderElection559] INFO  impl.LeaderElection (LeaderElection.java:logAndReturn(56)) - 8f18dce1-0a3d-4b65-9c78-af3d58b2da7f@group-091950D56227-LeaderElection559: Election REJECTED; received 2 response(s) [8f18dce1-0a3d-4b65-9c78-af3d58b2da7f<-8a63e1ae-032e-4bed-9f20-125a11f65413#0:FAIL-t662, 8f18dce1-0a3d-4b65-9c78-af3d58b2da7f<-7b1e61a0-7daf-43dd-99d5-9b325c1d31ae#0:FAIL-t662] and 0 exception(s); 8f18dce1-0a3d-4b65-9c78-af3d58b2da7f@group-091950D56227:t662, leader=null, voted=8f18dce1-0a3d-4b65-9c78-af3d58b2da7f, raftlog=8f18dce1-0a3d-4b65-9c78-af3d58b2da7f@group-091950D56227-SegmentedRaftLog:OPENED:c-1,f-1,i0, conf=-1: [8a63e1ae-032e-4bed-9f20-125a11f65413:0.0.0.0:38685, 8f18dce1-0a3d-4b65-9c78-af3d58b2da7f:0.0.0.0:42489, 7b1e61a0-7daf-43dd-99d5-9b325c1d31ae:0.0.0.0:38412], old=null
2019-10-20 17:41:21,012 [8f18dce1-0a3d-4b65-9c78-af3d58b2da7f@group-091950D56227-LeaderElection559] INFO  impl.RaftServerImpl (RaftServerImpl.java:setRole(184)) - 8f18dce1-0a3d-4b65-9c78-af3d58b2da7f@group-091950D56227: changes role from CANDIDATE to FOLLOWER at term 662 for DISCOVERED_A_NEW_TERM
2019-10-20 17:41:21,012 [8f18dce1-0a3d-4b65-9c78-af3d58b2da7f@group-091950D56227-LeaderElection559] INFO  impl.RoleInfo (RoleInfo.java:shutdownLeaderElection(134)) - 8f18dce1-0a3d-4b65-9c78-af3d58b2da7f: shutdown LeaderElection
2019-10-20 17:41:21,012 [8f18dce1-0a3d-4b65-9c78-af3d58b2da7f@group-091950D56227-LeaderElection559] INFO  impl.RoleInfo (RoleInfo.java:updateAndGet(143)) - 8f18dce1-0a3d-4b65-9c78-af3d58b2da7f: start FollowerState
2019-10-20 17:41:21,071 [Thread-3987] INFO  impl.FollowerState (FollowerState.java:run(108)) - 8f18dce1-0a3d-4b65-9c78-af3d58b2da7f@group-091950D56227-FollowerState: change to CANDIDATE, lastRpcTime:58ms, electionTimeout:58ms
2019-10-20 17:41:21,071 [Thread-3987] INFO  impl.RoleInfo (RoleInfo.java:shutdownFollowerState(121)) - 8f18dce1-0a3d-4b65-9c78-af3d58b2da7f: shutdown FollowerState
2019-10-20 17:41:21,071 [Thread-3987] INFO  impl.RaftServerImpl (RaftServerImpl.java:setRole(184)) - 8f18dce1-0a3d-4b65-9c78-af3d58b2da7f@group-091950D56227: changes role from  FOLLOWER to CANDIDATE at term 662 for changeToCandidate
2019-10-20 17:41:21,071 [Thread-3987] INFO  impl.RoleInfo (RoleInfo.java:updateAndGet(143)) - 8f18dce1-0a3d-4b65-9c78-af3d58b2da7f: start LeaderElection
2019-10-20 17:41:21,095 [8f18dce1-0a3d-4b65-9c78-af3d58b2da7f@group-091950D56227-LeaderElection560] INFO  impl.LeaderElection (LeaderElection.java:askForVotes(178)) - 8f18dce1-0a3d-4b65-9c78-af3d58b2da7f@group-091950D56227-LeaderElection560: begin an election at term 663 for -1: [8a63e1ae-032e-4bed-9f20-125a11f65413:0.0.0.0:38685, 8f18dce1-0a3d-4b65-9c78-af3d58b2da7f:0.0.0.0:42489, 7b1e61a0-7daf-43dd-99d5-9b325c1d31ae:0.0.0.0:38412], old=null
2019-10-20 17:41:21,097 [grpc-default-executor-3] INFO  impl.RaftServerImpl (RaftServerImpl.java:setRole(184)) - 8a63e1ae-032e-4bed-9f20-125a11f65413@group-091950D56227: changes role from  FOLLOWER to FOLLOWER at term 663 for recognizeCandidate:8f18dce1-0a3d-4b65-9c78-af3d58b2da7f
2019-10-20 17:41:21,097 [grpc-default-executor-3] INFO  impl.RoleInfo (RoleInfo.java:shutdownFollowerState(121)) - 8a63e1ae-032e-4bed-9f20-125a11f65413: shutdown FollowerState
2019-10-20 17:41:21,097 [grpc-default-executor-1] INFO  impl.RaftServerImpl (RaftServerImpl.java:setRole(184)) - 7b1e61a0-7daf-43dd-99d5-9b325c1d31ae@group-091950D56227: changes role from  FOLLOWER to FOLLOWER at term 663 for recognizeCandidate:8f18dce1-0a3d-4b65-9c78-af3d58b2da7f
2019-10-20 17:41:21,097 [Thread-3985] INFO  impl.FollowerState (FollowerState.java:run(117)) - 8a63e1ae-032e-4bed-9f20-125a11f65413@group-091950D56227-FollowerState was interrupted: java.lang.InterruptedException: sleep interrupted
2019-10-20 17:41:21,097 [grpc-default-executor-3] INFO  impl.RoleInfo (RoleInfo.java:updateAndGet(143)) - 8a63e1ae-032e-4bed-9f20-125a11f65413: start FollowerState
2019-10-20 17:41:21,097 [grpc-default-executor-1] INFO  impl.RoleInfo (RoleInfo.java:shutdownFollowerState(121)) - 7b1e61a0-7daf-43dd-99d5-9b325c1d31ae: shutdown FollowerState
2019-10-20 17:41:21,098 [grpc-default-executor-1] INFO  impl.RoleInfo (RoleInfo.java:updateAndGet(143)) - 7b1e61a0-7daf-43dd-99d5-9b325c1d31ae: start FollowerState
2019-10-20 17:41:21,098 [Thread-3986] INFO  impl.FollowerState (FollowerState.java:run(117)) - 7b1e61a0-7daf-43dd-99d5-9b325c1d31ae@group-091950D56227-FollowerState was interrupted: java.lang.InterruptedException: sleep interrupted
2019-10-20 17:41:21,121 [8f18dce1-0a3d-4b65-9c78-af3d58b2da7f@group-091950D56227-LeaderElection560] INFO  impl.LeaderElection (LeaderElection.java:logAndReturn(56)) - 8f18dce1-0a3d-4b65-9c78-af3d58b2da7f@group-091950D56227-LeaderElection560: Election REJECTED; received 2 response(s) [8f18dce1-0a3d-4b65-9c78-af3d58b2da7f<-8a63e1ae-032e-4bed-9f20-125a11f65413#0:FAIL-t663, 8f18dce1-0a3d-4b65-9c78-af3d58b2da7f<-7b1e61a0-7daf-43dd-99d5-9b325c1d31ae#0:FAIL-t663] and 0 exception(s); 8f18dce1-0a3d-4b65-9c78-af3d58b2da7f@group-091950D56227:t663, leader=null, voted=8f18dce1-0a3d-4b65-9c78-af3d58b2da7f, raftlog=8f18dce1-0a3d-4b65-9c78-af3d58b2da7f@group-091950D56227-SegmentedRaftLog:OPENED:c-1,f-1,i0, conf=-1: [8a63e1ae-032e-4bed-9f20-125a11f65413:0.0.0.0:38685, 8f18dce1-0a3d-4b65-9c78-af3d58b2da7f:0.0.0.0:42489, 7b1e61a0-7daf-43dd-99d5-9b325c1d31ae:0.0.0.0:38412], old=null
2019-10-20 17:41:21,121 [8f18dce1-0a3d-4b65-9c78-af3d58b2da7f@group-091950D56227-LeaderElection560] INFO  impl.RaftServerImpl (RaftServerImpl.java:setRole(184)) - 8f18dce1-0a3d-4b65-9c78-af3d58b2da7f@group-091950D56227: changes role from CANDIDATE to FOLLOWER at term 663 for DISCOVERED_A_NEW_TERM
2019-10-20 17:41:21,121 [8f18dce1-0a3d-4b65-9c78-af3d58b2da7f@group-091950D56227-LeaderElection560] INFO  impl.RoleInfo (RoleInfo.java:shutdownLeaderElection(134)) - 8f18dce1-0a3d-4b65-9c78-af3d58b2da7f: shutdown LeaderElection
2019-10-20 17:41:21,121 [8f18dce1-0a3d-4b65-9c78-af3d58b2da7f@group-091950D56227-LeaderElection560] INFO  impl.RoleInfo (RoleInfo.java:updateAndGet(143)) - 8f18dce1-0a3d-4b65-9c78-af3d58b2da7f: start FollowerState
2019-10-20 17:41:21,256 [Thread-3993] INFO  impl.FollowerState (FollowerState.java:run(108)) - 8f18dce1-0a3d-4b65-9c78-af3d58b2da7f@group-091950D56227-FollowerState: change to CANDIDATE, lastRpcTime:134ms, electionTimeout:134ms
2019-10-20 17:41:21,256 [Thread-3993] INFO  impl.RoleInfo (RoleInfo.java:shutdownFollowerState(121)) - 8f18dce1-0a3d-4b65-9c78-af3d58b2da7f: shutdown FollowerState
2019-10-20 17:41:21,256 [Thread-3993] INFO  impl.RaftServerImpl (RaftServerImpl.java:setRole(184)) - 8f18dce1-0a3d-4b65-9c78-af3d58b2da7f@group-091950D56227: changes role from  FOLLOWER to CANDIDATE at term 663 for changeToCandidate
2019-10-20 17:41:21,256 [Thread-3993] INFO  impl.RoleInfo (RoleInfo.java:updateAndGet(143)) - 8f18dce1-0a3d-4b65-9c78-af3d58b2da7f: start LeaderElection
2019-10-20 17:41:21,279 [8f18dce1-0a3d-4b65-9c78-af3d58b2da7f@group-091950D56227-LeaderElection561] INFO  impl.LeaderElection (LeaderElection.java:askForVotes(178)) - 8f18dce1-0a3d-4b65-9c78-af3d58b2da7f@group-091950D56227-LeaderElection561: begin an election at term 664 for -1: [8a63e1ae-032e-4bed-9f20-125a11f65413:0.0.0.0:38685, 8f18dce1-0a3d-4b65-9c78-af3d58b2da7f:0.0.0.0:42489, 7b1e61a0-7daf-43dd-99d5-9b325c1d31ae:0.0.0.0:38412], old=null
2019-10-20 17:41:21,280 [grpc-default-executor-3] INFO  impl.RaftServerImpl (RaftServerImpl.java:setRole(184)) - 8a63e1ae-032e-4bed-9f20-125a11f65413@group-091950D56227: changes role from  FOLLOWER to FOLLOWER at term 664 for recognizeCandidate:8f18dce1-0a3d-4b65-9c78-af3d58b2da7f
2019-10-20 17:41:21,280 [grpc-default-executor-3] INFO  impl.RoleInfo (RoleInfo.java:shutdownFollowerState(121)) - 8a63e1ae-032e-4bed-9f20-125a11f65413: shutdown FollowerState
2019-10-20 17:41:21,280 [grpc-default-executor-1] INFO  impl.RaftServerImpl (RaftServerImpl.java:setRole(184)) - 7b1e61a0-7daf-43dd-99d5-9b325c1d31ae@group-091950D56227: changes role from  FOLLOWER to FOLLOWER at term 664 for recognizeCandidate:8f18dce1-0a3d-4b65-9c78-af3d58b2da7f
2019-10-20 17:41:21,280 [grpc-default-executor-1] INFO  impl.RoleInfo (RoleInfo.java:shutdownFollowerState(121)) - 7b1e61a0-7daf-43dd-99d5-9b325c1d31ae: shutdown FollowerState
2019-10-20 17:41:21,280 [Thread-3991] INFO  impl.FollowerState (FollowerState.java:run(117)) - 8a63e1ae-032e-4bed-9f20-125a11f65413@group-091950D56227-FollowerState was interrupted: java.lang.InterruptedException: sleep interrupted
2019-10-20 17:41:21,280 [grpc-default-executor-3] INFO  impl.RoleInfo (RoleInfo.java:updateAndGet(143)) - 8a63e1ae-032e-4bed-9f20-125a11f65413: start FollowerState
2019-10-20 17:41:21,281 [Thread-3992] INFO  impl.FollowerState (FollowerState.java:run(117)) - 7b1e61a0-7daf-43dd-99d5-9b325c1d31ae@group-091950D56227-FollowerState was interrupted: java.lang.InterruptedException: sleep interrupted
2019-10-20 17:41:21,281 [grpc-default-executor-1] INFO  impl.RoleInfo (RoleInfo.java:updateAndGet(143)) - 7b1e61a0-7daf-43dd-99d5-9b325c1d31ae: start FollowerState
2019-10-20 17:41:21,305 [8f18dce1-0a3d-4b65-9c78-af3d58b2da7f@group-091950D56227-LeaderElection561] INFO  impl.LeaderElection (LeaderElection.java:logAndReturn(56)) - 8f18dce1-0a3d-4b65-9c78-af3d58b2da7f@group-091950D56227-LeaderElection561: Election REJECTED; received 2 response(s) [8f18dce1-0a3d-4b65-9c78-af3d58b2da7f<-8a63e1ae-032e-4bed-9f20-125a11f65413#0:FAIL-t664, 8f18dce1-0a3d-4b65-9c78-af3d58b2da7f<-7b1e61a0-7daf-43dd-99d5-9b325c1d31ae#0:FAIL-t664] and 0 exception(s); 8f18dce1-0a3d-4b65-9c78-af3d58b2da7f@group-091950D56227:t664, leader=null, voted=8f18dce1-0a3d-4b65-9c78-af3d58b2da7f, raftlog=8f18dce1-0a3d-4b65-9c78-af3d58b2da7f@group-091950D56227-SegmentedRaftLog:OPENED:c-1,f-1,i0, conf=-1: [8a63e1ae-032e-4bed-9f20-125a11f65413:0.0.0.0:38685, 8f18dce1-0a3d-4b65-9c78-af3d58b2da7f:0.0.0.0:42489, 7b1e61a0-7daf-43dd-99d5-9b325c1d31ae:0.0.0.0:38412], old=null
2019-10-20 17:41:21,305 [8f18dce1-0a3d-4b65-9c78-af3d58b2da7f@group-091950D56227-LeaderElection561] INFO  impl.RaftServerImpl (RaftServerImpl.java:setRole(184)) - 8f18dce1-0a3d-4b65-9c78-af3d58b2da7f@group-091950D56227: changes role from CANDIDATE to FOLLOWER at term 664 for DISCOVERED_A_NEW_TERM
2019-10-20 17:41:21,305 [8f18dce1-0a3d-4b65-9c78-af3d58b2da7f@group-091950D56227-LeaderElection561] INFO  impl.RoleInfo (RoleInfo.java:shutdownLeaderElection(134)) - 8f18dce1-0a3d-4b65-9c78-af3d58b2da7f: shutdown LeaderElection
2019-10-20 17:41:21,305 [8f18dce1-0a3d-4b65-9c78-af3d58b2da7f@group-091950D56227-LeaderElection561] INFO  impl.RoleInfo (RoleInfo.java:updateAndGet(143)) - 8f18dce1-0a3d-4b65-9c78-af3d58b2da7f: start FollowerState
2019-10-20 17:41:21,312 [Thread-3999] INFO  impl.FollowerState (FollowerState.java:run(108)) - 8f18dce1-0a3d-4b65-9c78-af3d58b2da7f@group-091950D56227-FollowerState: change to CANDIDATE, lastRpcTime:6ms, electionTimeout:6ms
2019-10-20 17:41:21,312 [Thread-3999] INFO  impl.RoleInfo (RoleInfo.java:shutdownFollowerState(121)) - 8f18dce1-0a3d-4b65-9c78-af3d58b2da7f: shutdown FollowerState
2019-10-20 17:41:21,312 [Thread-3999] INFO  impl.RaftServerImpl (RaftServerImpl.java:setRole(184)) - 8f18dce1-0a3d-4b65-9c78-af3d58b2da7f@group-091950D56227: changes role from  FOLLOWER to CANDIDATE at term 664 for changeToCandidate
2019-10-20 17:41:21,312 [Thread-3999] INFO  impl.RoleInfo (RoleInfo.java:updateAndGet(143)) - 8f18dce1-0a3d-4b65-9c78-af3d58b2da7f: start LeaderElection
2019-10-20 17:41:21,338 [8f18dce1-0a3d-4b65-9c78-af3d58b2da7f@group-091950D56227-LeaderElection562] INFO  impl.LeaderElection (LeaderElection.java:askForVotes(178)) - 8f18dce1-0a3d-4b65-9c78-af3d58b2da7f@group-091950D56227-LeaderElection562: begin an election at term 665 for -1: [8a63e1ae-032e-4bed-9f20-125a11f65413:0.0.0.0:38685, 8f18dce1-0a3d-4b65-9c78-af3d58b2da7f:0.0.0.0:42489, 7b1e61a0-7daf-43dd-99d5-9b325c1d31ae:0.0.0.0:38412], old=null
2019-10-20 17:41:21,340 [grpc-default-executor-3] INFO  impl.RaftServerImpl (RaftServerImpl.java:setRole(184)) - 8a63e1ae-032e-4bed-9f20-125a11f65413@group-091950D56227: changes role from  FOLLOWER to FOLLOWER at term 665 for recognizeCandidate:8f18dce1-0a3d-4b65-9c78-af3d58b2da7f
2019-10-20 17:41:21,340 [grpc-default-executor-1] INFO  impl.RaftServerImpl (RaftServerImpl.java:setRole(184)) - 7b1e61a0-7daf-43dd-99d5-9b325c1d31ae@group-091950D56227: changes role from  FOLLOWER to FOLLOWER at term 665 for recognizeCandidate:8f18dce1-0a3d-4b65-9c78-af3d58b2da7f
2019-10-20 17:41:21,340 [grpc-default-executor-3] INFO  impl.RoleInfo (RoleInfo.java:shutdownFollowerState(121)) - 8a63e1ae-032e-4bed-9f20-125a11f65413: shutdown FollowerState
2019-10-20 17:41:21,340 [grpc-default-executor-1] INFO  impl.RoleInfo (RoleInfo.java:shutdownFollowerState(121)) - 7b1e61a0-7daf-43dd-99d5-9b325c1d31ae: shutdown FollowerState
2019-10-20 17:41:21,340 [Thread-3997] INFO  impl.FollowerState (FollowerState.java:run(117)) - 8a63e1ae-032e-4bed-9f20-125a11f65413@group-091950D56227-FollowerState was interrupted: java.lang.InterruptedException: sleep interrupted
2019-10-20 17:41:21,340 [grpc-default-executor-3] INFO  impl.RoleInfo (RoleInfo.java:updateAndGet(143)) - 8a63e1ae-032e-4bed-9f20-125a11f65413: start FollowerState
2019-10-20 17:41:21,340 [Thread-3998] INFO  impl.FollowerState (FollowerState.java:run(117)) - 7b1e61a0-7daf-43dd-99d5-9b325c1d31ae@group-091950D56227-FollowerState was interrupted: java.lang.InterruptedException: sleep interrupted
2019-10-20 17:41:21,340 [grpc-default-executor-1] INFO  impl.RoleInfo (RoleInfo.java:updateAndGet(143)) - 7b1e61a0-7daf-43dd-99d5-9b325c1d31ae: start FollowerState
2019-10-20 17:41:21,364 [8f18dce1-0a3d-4b65-9c78-af3d58b2da7f@group-091950D56227-LeaderElection562] INFO  impl.LeaderElection (LeaderElection.java:logAndReturn(56)) - 8f18dce1-0a3d-4b65-9c78-af3d58b2da7f@group-091950D56227-LeaderElection562: Election REJECTED; received 2 response(s) [8f18dce1-0a3d-4b65-9c78-af3d58b2da7f<-8a63e1ae-032e-4bed-9f20-125a11f65413#0:FAIL-t665, 8f18dce1-0a3d-4b65-9c78-af3d58b2da7f<-7b1e61a0-7daf-43dd-99d5-9b325c1d31ae#0:FAIL-t665] and 0 exception(s); 8f18dce1-0a3d-4b65-9c78-af3d58b2da7f@group-091950D56227:t665, leader=null, voted=8f18dce1-0a3d-4b65-9c78-af3d58b2da7f, raftlog=8f18dce1-0a3d-4b65-9c78-af3d58b2da7f@group-091950D56227-SegmentedRaftLog:OPENED:c-1,f-1,i0, conf=-1: [8a63e1ae-032e-4bed-9f20-125a11f65413:0.0.0.0:38685, 8f18dce1-0a3d-4b65-9c78-af3d58b2da7f:0.0.0.0:42489, 7b1e61a0-7daf-43dd-99d5-9b325c1d31ae:0.0.0.0:38412], old=null
2019-10-20 17:41:21,365 [8f18dce1-0a3d-4b65-9c78-af3d58b2da7f@group-091950D56227-LeaderElection562] INFO  impl.RaftServerImpl (RaftServerImpl.java:setRole(184)) - 8f18dce1-0a3d-4b65-9c78-af3d58b2da7f@group-091950D56227: changes role from CANDIDATE to FOLLOWER at term 665 for DISCOVERED_A_NEW_TERM
2019-10-20 17:41:21,365 [8f18dce1-0a3d-4b65-9c78-af3d58b2da7f@group-091950D56227-LeaderElection562] INFO  impl.RoleInfo (RoleInfo.java:shutdownLeaderElection(134)) - 8f18dce1-0a3d-4b65-9c78-af3d58b2da7f: shutdown LeaderElection
2019-10-20 17:41:21,365 [8f18dce1-0a3d-4b65-9c78-af3d58b2da7f@group-091950D56227-LeaderElection562] INFO  impl.RoleInfo (RoleInfo.java:updateAndGet(143)) - 8f18dce1-0a3d-4b65-9c78-af3d58b2da7f: start FollowerState
2019-10-20 17:41:21,498 [Thread-4005] INFO  impl.FollowerState (FollowerState.java:run(108)) - 8f18dce1-0a3d-4b65-9c78-af3d58b2da7f@group-091950D56227-FollowerState: change to CANDIDATE, lastRpcTime:133ms, electionTimeout:133ms
2019-10-20 17:41:21,498 [Thread-4005] INFO  impl.RoleInfo (RoleInfo.java:shutdownFollowerState(121)) - 8f18dce1-0a3d-4b65-9c78-af3d58b2da7f: shutdown FollowerState
2019-10-20 17:41:21,499 [Thread-4005] INFO  impl.RaftServerImpl (RaftServerImpl.java:setRole(184)) - 8f18dce1-0a3d-4b65-9c78-af3d58b2da7f@group-091950D56227: changes role from  FOLLOWER to CANDIDATE at term 665 for changeToCandidate
2019-10-20 17:41:21,499 [Thread-4005] INFO  impl.RoleInfo (RoleInfo.java:updateAndGet(143)) - 8f18dce1-0a3d-4b65-9c78-af3d58b2da7f: start LeaderElection
2019-10-20 17:41:21,523 [8f18dce1-0a3d-4b65-9c78-af3d58b2da7f@group-091950D56227-LeaderElection563] INFO  impl.LeaderElection (LeaderElection.java:askForVotes(178)) - 8f18dce1-0a3d-4b65-9c78-af3d58b2da7f@group-091950D56227-LeaderElection563: begin an election at term 666 for -1: [8a63e1ae-032e-4bed-9f20-125a11f65413:0.0.0.0:38685, 8f18dce1-0a3d-4b65-9c78-af3d58b2da7f:0.0.0.0:42489, 7b1e61a0-7daf-43dd-99d5-9b325c1d31ae:0.0.0.0:38412], old=null
2019-10-20 17:41:21,524 [grpc-default-executor-3] INFO  impl.RaftServerImpl (RaftServerImpl.java:setRole(184)) - 8a63e1ae-032e-4bed-9f20-125a11f65413@group-091950D56227: changes role from  FOLLOWER to FOLLOWER at term 666 for recognizeCandidate:8f18dce1-0a3d-4b65-9c78-af3d58b2da7f
2019-10-20 17:41:21,524 [grpc-default-executor-3] INFO  impl.RoleInfo (RoleInfo.java:shutdownFollowerState(121)) - 8a63e1ae-032e-4bed-9f20-125a11f65413: shutdown FollowerState
2019-10-20 17:41:21,524 [grpc-default-executor-1] INFO  impl.RaftServerImpl (RaftServerImpl.java:setRole(184)) - 7b1e61a0-7daf-43dd-99d5-9b325c1d31ae@group-091950D56227: changes role from  FOLLOWER to FOLLOWER at term 666 for recognizeCandidate:8f18dce1-0a3d-4b65-9c78-af3d58b2da7f
2019-10-20 17:41:21,524 [grpc-default-executor-1] INFO  impl.RoleInfo (RoleInfo.java:shutdownFollowerState(121)) - 7b1e61a0-7daf-43dd-99d5-9b325c1d31ae: shutdown FollowerState
2019-10-20 17:41:21,524 [Thread-4003] INFO  impl.FollowerState (FollowerState.java:run(117)) - 8a63e1ae-032e-4bed-9f20-125a11f65413@group-091950D56227-FollowerState was interrupted: java.lang.InterruptedException: sleep interrupted
2019-10-20 17:41:21,524 [grpc-default-executor-3] INFO  impl.RoleInfo (RoleInfo.java:updateAndGet(143)) - 8a63e1ae-032e-4bed-9f20-125a11f65413: start FollowerState
2019-10-20 17:41:21,525 [Thread-4004] INFO  impl.FollowerState (FollowerState.java:run(117)) - 7b1e61a0-7daf-43dd-99d5-9b325c1d31ae@group-091950D56227-FollowerState was interrupted: java.lang.InterruptedException: sleep interrupted
2019-10-20 17:41:21,525 [grpc-default-executor-1] INFO  impl.RoleInfo (RoleInfo.java:updateAndGet(143)) - 7b1e61a0-7daf-43dd-99d5-9b325c1d31ae: start FollowerState
2019-10-20 17:41:21,550 [8f18dce1-0a3d-4b65-9c78-af3d58b2da7f@group-091950D56227-LeaderElection563] INFO  impl.LeaderElection (LeaderElection.java:logAndReturn(56)) - 8f18dce1-0a3d-4b65-9c78-af3d58b2da7f@group-091950D56227-LeaderElection563: Election REJECTED; received 2 response(s) [8f18dce1-0a3d-4b65-9c78-af3d58b2da7f<-8a63e1ae-032e-4bed-9f20-125a11f65413#0:FAIL-t666, 8f18dce1-0a3d-4b65-9c78-af3d58b2da7f<-7b1e61a0-7daf-43dd-99d5-9b325c1d31ae#0:FAIL-t666] and 0 exception(s); 8f18dce1-0a3d-4b65-9c78-af3d58b2da7f@group-091950D56227:t666, leader=null, voted=8f18dce1-0a3d-4b65-9c78-af3d58b2da7f, raftlog=8f18dce1-0a3d-4b65-9c78-af3d58b2da7f@group-091950D56227-SegmentedRaftLog:OPENED:c-1,f-1,i0, conf=-1: [8a63e1ae-032e-4bed-9f20-125a11f65413:0.0.0.0:38685, 8f18dce1-0a3d-4b65-9c78-af3d58b2da7f:0.0.0.0:42489, 7b1e61a0-7daf-43dd-99d5-9b325c1d31ae:0.0.0.0:38412], old=null
2019-10-20 17:41:21,550 [8f18dce1-0a3d-4b65-9c78-af3d58b2da7f@group-091950D56227-LeaderElection563] INFO  impl.RaftServerImpl (RaftServerImpl.java:setRole(184)) - 8f18dce1-0a3d-4b65-9c78-af3d58b2da7f@group-091950D56227: changes role from CANDIDATE to FOLLOWER at term 666 for DISCOVERED_A_NEW_TERM
2019-10-20 17:41:21,550 [8f18dce1-0a3d-4b65-9c78-af3d58b2da7f@group-091950D56227-LeaderElection563] INFO  impl.RoleInfo (RoleInfo.java:shutdownLeaderElection(134)) - 8f18dce1-0a3d-4b65-9c78-af3d58b2da7f: shutdown LeaderElection
2019-10-20 17:41:21,550 [8f18dce1-0a3d-4b65-9c78-af3d58b2da7f@group-091950D56227-LeaderElection563] INFO  impl.RoleInfo (RoleInfo.java:updateAndGet(143)) - 8f18dce1-0a3d-4b65-9c78-af3d58b2da7f: start FollowerState
2019-10-20 17:41:21,716 [Thread-4011] INFO  impl.FollowerState (FollowerState.java:run(108)) - 8f18dce1-0a3d-4b65-9c78-af3d58b2da7f@group-091950D56227-FollowerState: change to CANDIDATE, lastRpcTime:165ms, electionTimeout:165ms
2019-10-20 17:41:21,716 [Thread-4011] INFO  impl.RoleInfo (RoleInfo.java:shutdownFollowerState(121)) - 8f18dce1-0a3d-4b65-9c78-af3d58b2da7f: shutdown FollowerState
2019-10-20 17:41:21,716 [Thread-4011] INFO  impl.RaftServerImpl (RaftServerImpl.java:setRole(184)) - 8f18dce1-0a3d-4b65-9c78-af3d58b2da7f@group-091950D56227: changes role from  FOLLOWER to CANDIDATE at term 666 for changeToCandidate
2019-10-20 17:41:21,716 [Thread-4011] INFO  impl.RoleInfo (RoleInfo.java:updateAndGet(143)) - 8f18dce1-0a3d-4b65-9c78-af3d58b2da7f: start LeaderElection
2019-10-20 17:41:21,742 [8f18dce1-0a3d-4b65-9c78-af3d58b2da7f@group-091950D56227-LeaderElection564] INFO  impl.LeaderElection (LeaderElection.java:askForVotes(178)) - 8f18dce1-0a3d-4b65-9c78-af3d58b2da7f@group-091950D56227-LeaderElection564: begin an election at term 667 for -1: [8a63e1ae-032e-4bed-9f20-125a11f65413:0.0.0.0:38685, 8f18dce1-0a3d-4b65-9c78-af3d58b2da7f:0.0.0.0:42489, 7b1e61a0-7daf-43dd-99d5-9b325c1d31ae:0.0.0.0:38412], old=null
2019-10-20 17:41:21,743 [grpc-default-executor-1] INFO  impl.RaftServerImpl (RaftServerImpl.java:setRole(184)) - 8a63e1ae-032e-4bed-9f20-125a11f65413@group-091950D56227: changes role from  FOLLOWER to FOLLOWER at term 667 for recognizeCandidate:8f18dce1-0a3d-4b65-9c78-af3d58b2da7f
2019-10-20 17:41:21,744 [grpc-default-executor-3] INFO  impl.RaftServerImpl (RaftServerImpl.java:setRole(184)) - 7b1e61a0-7daf-43dd-99d5-9b325c1d31ae@group-091950D56227: changes role from  FOLLOWER to FOLLOWER at term 667 for recognizeCandidate:8f18dce1-0a3d-4b65-9c78-af3d58b2da7f
2019-10-20 17:41:21,744 [grpc-default-executor-3] INFO  impl.RoleInfo (RoleInfo.java:shutdownFollowerState(121)) - 7b1e61a0-7daf-43dd-99d5-9b325c1d31ae: shutdown FollowerState
2019-10-20 17:41:21,744 [grpc-default-executor-1] INFO  impl.RoleInfo (RoleInfo.java:shutdownFollowerState(121)) - 8a63e1ae-032e-4bed-9f20-125a11f65413: shutdown FollowerState
2019-10-20 17:41:21,744 [Thread-4010] INFO  impl.FollowerState (FollowerState.java:run(117)) - 7b1e61a0-7daf-43dd-99d5-9b325c1d31ae@group-091950D56227-FollowerState was interrupted: java.lang.InterruptedException: sleep interrupted
2019-10-20 17:41:21,744 [grpc-default-executor-3] INFO  impl.RoleInfo (RoleInfo.java:updateAndGet(143)) - 7b1e61a0-7daf-43dd-99d5-9b325c1d31ae: start FollowerState
2019-10-20 17:41:21,744 [Thread-4009] INFO  impl.FollowerState (FollowerState.java:run(117)) - 8a63e1ae-032e-4bed-9f20-125a11f65413@group-091950D56227-FollowerState was interrupted: java.lang.InterruptedException: sleep interrupted
2019-10-20 17:41:21,744 [grpc-default-executor-1] INFO  impl.RoleInfo (RoleInfo.java:updateAndGet(143)) - 8a63e1ae-032e-4bed-9f20-125a11f65413: start FollowerState
2019-10-20 17:41:21,764 [8f18dce1-0a3d-4b65-9c78-af3d58b2da7f@group-091950D56227-LeaderElection564] INFO  impl.LeaderElection (LeaderElection.java:logAndReturn(56)) - 8f18dce1-0a3d-4b65-9c78-af3d58b2da7f@group-091950D56227-LeaderElection564: Election TIMEOUT; received 0 response(s) [] and 0 exception(s); 8f18dce1-0a3d-4b65-9c78-af3d58b2da7f@group-091950D56227:t667, leader=null, voted=8f18dce1-0a3d-4b65-9c78-af3d58b2da7f, raftlog=8f18dce1-0a3d-4b65-9c78-af3d58b2da7f@group-091950D56227-SegmentedRaftLog:OPENED:c-1,f-1,i0, conf=-1: [8a63e1ae-032e-4bed-9f20-125a11f65413:0.0.0.0:38685, 8f18dce1-0a3d-4b65-9c78-af3d58b2da7f:0.0.0.0:42489, 7b1e61a0-7daf-43dd-99d5-9b325c1d31ae:0.0.0.0:38412], old=null
2019-10-20 17:41:21,792 [8f18dce1-0a3d-4b65-9c78-af3d58b2da7f@group-091950D56227-LeaderElection564] INFO  impl.LeaderElection (LeaderElection.java:askForVotes(178)) - 8f18dce1-0a3d-4b65-9c78-af3d58b2da7f@group-091950D56227-LeaderElection564: begin an election at term 668 for -1: [8a63e1ae-032e-4bed-9f20-125a11f65413:0.0.0.0:38685, 8f18dce1-0a3d-4b65-9c78-af3d58b2da7f:0.0.0.0:42489, 7b1e61a0-7daf-43dd-99d5-9b325c1d31ae:0.0.0.0:38412], old=null
2019-10-20 17:41:21,794 [grpc-default-executor-3] INFO  impl.RaftServerImpl (RaftServerImpl.java:setRole(184)) - 8a63e1ae-032e-4bed-9f20-125a11f65413@group-091950D56227: changes role from  FOLLOWER to FOLLOWER at term 668 for recognizeCandidate:8f18dce1-0a3d-4b65-9c78-af3d58b2da7f
2019-10-20 17:41:21,795 [grpc-default-executor-1] INFO  impl.RaftServerImpl (RaftServerImpl.java:setRole(184)) - 7b1e61a0-7daf-43dd-99d5-9b325c1d31ae@group-091950D56227: changes role from  FOLLOWER to FOLLOWER at term 668 for recognizeCandidate:8f18dce1-0a3d-4b65-9c78-af3d58b2da7f
2019-10-20 17:41:21,795 [grpc-default-executor-1] INFO  impl.RoleInfo (RoleInfo.java:shutdownFollowerState(121)) - 7b1e61a0-7daf-43dd-99d5-9b325c1d31ae: shutdown FollowerState
2019-10-20 17:41:21,795 [grpc-default-executor-3] INFO  impl.RoleInfo (RoleInfo.java:shutdownFollowerState(121)) - 8a63e1ae-032e-4bed-9f20-125a11f65413: shutdown FollowerState
2019-10-20 17:41:21,795 [Thread-4017] INFO  impl.FollowerState (FollowerState.java:run(117)) - 7b1e61a0-7daf-43dd-99d5-9b325c1d31ae@group-091950D56227-FollowerState was interrupted: java.lang.InterruptedException: sleep interrupted
2019-10-20 17:41:21,795 [Thread-4018] INFO  impl.FollowerState (FollowerState.java:run(117)) - 8a63e1ae-032e-4bed-9f20-125a11f65413@group-091950D56227-FollowerState was interrupted: java.lang.InterruptedException: sleep interrupted
2019-10-20 17:41:21,795 [grpc-default-executor-1] INFO  impl.RoleInfo (RoleInfo.java:updateAndGet(143)) - 7b1e61a0-7daf-43dd-99d5-9b325c1d31ae: start FollowerState
2019-10-20 17:41:21,795 [grpc-default-executor-3] INFO  impl.RoleInfo (RoleInfo.java:updateAndGet(143)) - 8a63e1ae-032e-4bed-9f20-125a11f65413: start FollowerState
2019-10-20 17:41:21,818 [8f18dce1-0a3d-4b65-9c78-af3d58b2da7f@group-091950D56227-LeaderElection564] INFO  impl.LeaderElection (LeaderElection.java:logAndReturn(56)) - 8f18dce1-0a3d-4b65-9c78-af3d58b2da7f@group-091950D56227-LeaderElection564: Election REJECTED; received 2 response(s) [8f18dce1-0a3d-4b65-9c78-af3d58b2da7f<-8a63e1ae-032e-4bed-9f20-125a11f65413#0:FAIL-t668, 8f18dce1-0a3d-4b65-9c78-af3d58b2da7f<-7b1e61a0-7daf-43dd-99d5-9b325c1d31ae#0:FAIL-t668] and 0 exception(s); 8f18dce1-0a3d-4b65-9c78-af3d58b2da7f@group-091950D56227:t668, leader=null, voted=8f18dce1-0a3d-4b65-9c78-af3d58b2da7f, raftlog=8f18dce1-0a3d-4b65-9c78-af3d58b2da7f@group-091950D56227-SegmentedRaftLog:OPENED:c-1,f-1,i0, conf=-1: [8a63e1ae-032e-4bed-9f20-125a11f65413:0.0.0.0:38685, 8f18dce1-0a3d-4b65-9c78-af3d58b2da7f:0.0.0.0:42489, 7b1e61a0-7daf-43dd-99d5-9b325c1d31ae:0.0.0.0:38412], old=null
2019-10-20 17:41:21,819 [8f18dce1-0a3d-4b65-9c78-af3d58b2da7f@group-091950D56227-LeaderElection564] INFO  impl.RaftServerImpl (RaftServerImpl.java:setRole(184)) - 8f18dce1-0a3d-4b65-9c78-af3d58b2da7f@group-091950D56227: changes role from CANDIDATE to FOLLOWER at term 668 for DISCOVERED_A_NEW_TERM
2019-10-20 17:41:21,819 [8f18dce1-0a3d-4b65-9c78-af3d58b2da7f@group-091950D56227-LeaderElection564] INFO  impl.RoleInfo (RoleInfo.java:shutdownLeaderElection(134)) - 8f18dce1-0a3d-4b65-9c78-af3d58b2da7f: shutdown LeaderElection
2019-10-20 17:41:21,819 [8f18dce1-0a3d-4b65-9c78-af3d58b2da7f@group-091950D56227-LeaderElection564] INFO  impl.RoleInfo (RoleInfo.java:updateAndGet(143)) - 8f18dce1-0a3d-4b65-9c78-af3d58b2da7f: start FollowerState
2019-10-20 17:41:21,820 [Thread-4023] INFO  impl.FollowerState (FollowerState.java:run(108)) - 8f18dce1-0a3d-4b65-9c78-af3d58b2da7f@group-091950D56227-FollowerState: change to CANDIDATE, lastRpcTime:1ms, electionTimeout:1ms
2019-10-20 17:41:21,820 [Thread-4023] INFO  impl.RoleInfo (RoleInfo.java:shutdownFollowerState(121)) - 8f18dce1-0a3d-4b65-9c78-af3d58b2da7f: shutdown FollowerState
2019-10-20 17:41:21,821 [Thread-4023] INFO  impl.RaftServerImpl (RaftServerImpl.java:setRole(184)) - 8f18dce1-0a3d-4b65-9c78-af3d58b2da7f@group-091950D56227: changes role from  FOLLOWER to CANDIDATE at term 668 for changeToCandidate
2019-10-20 17:41:21,821 [Thread-4023] INFO  impl.RoleInfo (RoleInfo.java:updateAndGet(143)) - 8f18dce1-0a3d-4b65-9c78-af3d58b2da7f: start LeaderElection
2019-10-20 17:41:21,843 [8f18dce1-0a3d-4b65-9c78-af3d58b2da7f@group-091950D56227-LeaderElection565] INFO  impl.LeaderElection (LeaderElection.java:askForVotes(178)) - 8f18dce1-0a3d-4b65-9c78-af3d58b2da7f@group-091950D56227-LeaderElection565: begin an election at term 669 for -1: [8a63e1ae-032e-4bed-9f20-125a11f65413:0.0.0.0:38685, 8f18dce1-0a3d-4b65-9c78-af3d58b2da7f:0.0.0.0:42489, 7b1e61a0-7daf-43dd-99d5-9b325c1d31ae:0.0.0.0:38412], old=null
2019-10-20 17:41:22,026 [8f18dce1-0a3d-4b65-9c78-af3d58b2da7f@group-091950D56227-LeaderElection565] INFO  impl.LeaderElection (LeaderElection.java:logAndReturn(56)) - 8f18dce1-0a3d-4b65-9c78-af3d58b2da7f@group-091950D56227-LeaderElection565: Election TIMEOUT; received 0 response(s) [] and 0 exception(s); 8f18dce1-0a3d-4b65-9c78-af3d58b2da7f@group-091950D56227:t669, leader=null, voted=8f18dce1-0a3d-4b65-9c78-af3d58b2da7f, raftlog=8f18dce1-0a3d-4b65-9c78-af3d58b2da7f@group-091950D56227-SegmentedRaftLog:OPENED:c-1,f-1,i0, conf=-1: [8a63e1ae-032e-4bed-9f20-125a11f65413:0.0.0.0:38685, 8f18dce1-0a3d-4b65-9c78-af3d58b2da7f:0.0.0.0:42489, 7b1e61a0-7daf-43dd-99d5-9b325c1d31ae:0.0.0.0:38412], old=null
2019-10-20 17:41:22,027 [grpc-default-executor-1] INFO  impl.RaftServerImpl (RaftServerImpl.java:setRole(184)) - 8a63e1ae-032e-4bed-9f20-125a11f65413@group-091950D56227: changes role from  FOLLOWER to FOLLOWER at term 669 for recognizeCandidate:8f18dce1-0a3d-4b65-9c78-af3d58b2da7f
2019-10-20 17:41:22,027 [grpc-default-executor-3] INFO  impl.RaftServerImpl (RaftServerImpl.java:setRole(184)) - 7b1e61a0-7daf-43dd-99d5-9b325c1d31ae@group-091950D56227: changes role from  FOLLOWER to FOLLOWER at term 669 for recognizeCandidate:8f18dce1-0a3d-4b65-9c78-af3d58b2da7f
2019-10-20 17:41:22,028 [grpc-default-executor-3] INFO  impl.RoleInfo (RoleInfo.java:shutdownFollowerState(121)) - 7b1e61a0-7daf-43dd-99d5-9b325c1d31ae: shutdown FollowerState
2019-10-20 17:41:22,027 [grpc-default-executor-1] INFO  impl.RoleInfo (RoleInfo.java:shutdownFollowerState(121)) - 8a63e1ae-032e-4bed-9f20-125a11f65413: shutdown FollowerState
2019-10-20 17:41:22,028 [grpc-default-executor-3] INFO  impl.RoleInfo (RoleInfo.java:updateAndGet(143)) - 7b1e61a0-7daf-43dd-99d5-9b325c1d31ae: start FollowerState
2019-10-20 17:41:22,028 [Thread-4022] INFO  impl.FollowerState (FollowerState.java:run(117)) - 8a63e1ae-032e-4bed-9f20-125a11f65413@group-091950D56227-FollowerState was interrupted: java.lang.InterruptedException: sleep interrupted
2019-10-20 17:41:22,028 [grpc-default-executor-1] INFO  impl.RoleInfo (RoleInfo.java:updateAndGet(143)) - 8a63e1ae-032e-4bed-9f20-125a11f65413: start FollowerState
2019-10-20 17:41:22,028 [Thread-4021] INFO  impl.FollowerState (FollowerState.java:run(117)) - 7b1e61a0-7daf-43dd-99d5-9b325c1d31ae@group-091950D56227-FollowerState was interrupted: java.lang.InterruptedException: sleep interrupted
2019-10-20 17:41:22,052 [8f18dce1-0a3d-4b65-9c78-af3d58b2da7f@group-091950D56227-LeaderElection565] INFO  impl.LeaderElection (LeaderElection.java:askForVotes(178)) - 8f18dce1-0a3d-4b65-9c78-af3d58b2da7f@group-091950D56227-LeaderElection565: begin an election at term 670 for -1: [8a63e1ae-032e-4bed-9f20-125a11f65413:0.0.0.0:38685, 8f18dce1-0a3d-4b65-9c78-af3d58b2da7f:0.0.0.0:42489, 7b1e61a0-7daf-43dd-99d5-9b325c1d31ae:0.0.0.0:38412], old=null
2019-10-20 17:41:22,054 [grpc-default-executor-1] INFO  impl.RaftServerImpl (RaftServerImpl.java:setRole(184)) - 8a63e1ae-032e-4bed-9f20-125a11f65413@group-091950D56227: changes role from  FOLLOWER to FOLLOWER at term 670 for recognizeCandidate:8f18dce1-0a3d-4b65-9c78-af3d58b2da7f
2019-10-20 17:41:22,054 [grpc-default-executor-1] INFO  impl.RoleInfo (RoleInfo.java:shutdownFollowerState(121)) - 8a63e1ae-032e-4bed-9f20-125a11f65413: shutdown FollowerState
2019-10-20 17:41:22,054 [grpc-default-executor-1] INFO  impl.RoleInfo (RoleInfo.java:updateAndGet(143)) - 8a63e1ae-032e-4bed-9f20-125a11f65413: start FollowerState
2019-10-20 17:41:22,054 [Thread-4028] INFO  impl.FollowerState (FollowerState.java:run(117)) - 8a63e1ae-032e-4bed-9f20-125a11f65413@group-091950D56227-FollowerState was interrupted: java.lang.InterruptedException: sleep interrupted
2019-10-20 17:41:22,054 [grpc-default-executor-3] INFO  impl.RaftServerImpl (RaftServerImpl.java:setRole(184)) - 7b1e61a0-7daf-43dd-99d5-9b325c1d31ae@group-091950D56227: changes role from  FOLLOWER to FOLLOWER at term 670 for recognizeCandidate:8f18dce1-0a3d-4b65-9c78-af3d58b2da7f
2019-10-20 17:41:22,055 [grpc-default-executor-3] INFO  impl.RoleInfo (RoleInfo.java:shutdownFollowerState(121)) - 7b1e61a0-7daf-43dd-99d5-9b325c1d31ae: shutdown FollowerState
2019-10-20 17:41:22,055 [grpc-default-executor-3] INFO  impl.RoleInfo (RoleInfo.java:updateAndGet(143)) - 7b1e61a0-7daf-43dd-99d5-9b325c1d31ae: start FollowerState
2019-10-20 17:41:22,055 [Thread-4027] INFO  impl.FollowerState (FollowerState.java:run(117)) - 7b1e61a0-7daf-43dd-99d5-9b325c1d31ae@group-091950D56227-FollowerState was interrupted: java.lang.InterruptedException: sleep interrupted
2019-10-20 17:41:22,078 [8f18dce1-0a3d-4b65-9c78-af3d58b2da7f@group-091950D56227-LeaderElection565] INFO  impl.LeaderElection (LeaderElection.java:logAndReturn(56)) - 8f18dce1-0a3d-4b65-9c78-af3d58b2da7f@group-091950D56227-LeaderElection565: Election REJECTED; received 2 response(s) [8f18dce1-0a3d-4b65-9c78-af3d58b2da7f<-8a63e1ae-032e-4bed-9f20-125a11f65413#0:FAIL-t670, 8f18dce1-0a3d-4b65-9c78-af3d58b2da7f<-7b1e61a0-7daf-43dd-99d5-9b325c1d31ae#0:FAIL-t670] and 0 exception(s); 8f18dce1-0a3d-4b65-9c78-af3d58b2da7f@group-091950D56227:t670, leader=null, voted=8f18dce1-0a3d-4b65-9c78-af3d58b2da7f, raftlog=8f18dce1-0a3d-4b65-9c78-af3d58b2da7f@group-091950D56227-SegmentedRaftLog:OPENED:c-1,f-1,i0, conf=-1: [8a63e1ae-032e-4bed-9f20-125a11f65413:0.0.0.0:38685, 8f18dce1-0a3d-4b65-9c78-af3d58b2da7f:0.0.0.0:42489, 7b1e61a0-7daf-43dd-99d5-9b325c1d31ae:0.0.0.0:38412], old=null
2019-10-20 17:41:22,078 [8f18dce1-0a3d-4b65-9c78-af3d58b2da7f@group-091950D56227-LeaderElection565] INFO  impl.RaftServerImpl (RaftServerImpl.java:setRole(184)) - 8f18dce1-0a3d-4b65-9c78-af3d58b2da7f@group-091950D56227: changes role from CANDIDATE to FOLLOWER at term 670 for DISCOVERED_A_NEW_TERM
2019-10-20 17:41:22,078 [8f18dce1-0a3d-4b65-9c78-af3d58b2da7f@group-091950D56227-LeaderElection565] INFO  impl.RoleInfo (RoleInfo.java:shutdownLeaderElection(134)) - 8f18dce1-0a3d-4b65-9c78-af3d58b2da7f: shutdown LeaderElection
2019-10-20 17:41:22,079 [8f18dce1-0a3d-4b65-9c78-af3d58b2da7f@group-091950D56227-LeaderElection565] INFO  impl.RoleInfo (RoleInfo.java:updateAndGet(143)) - 8f18dce1-0a3d-4b65-9c78-af3d58b2da7f: start FollowerState
2019-10-20 17:41:22,257 [Thread-4033] INFO  impl.FollowerState (FollowerState.java:run(108)) - 8f18dce1-0a3d-4b65-9c78-af3d58b2da7f@group-091950D56227-FollowerState: change to CANDIDATE, lastRpcTime:178ms, electionTimeout:178ms
2019-10-20 17:41:22,257 [Thread-4033] INFO  impl.RoleInfo (RoleInfo.java:shutdownFollowerState(121)) - 8f18dce1-0a3d-4b65-9c78-af3d58b2da7f: shutdown FollowerState
2019-10-20 17:41:22,257 [Thread-4033] INFO  impl.RaftServerImpl (RaftServerImpl.java:setRole(184)) - 8f18dce1-0a3d-4b65-9c78-af3d58b2da7f@group-091950D56227: changes role from  FOLLOWER to CANDIDATE at term 670 for changeToCandidate
2019-10-20 17:41:22,257 [Thread-4033] INFO  impl.RoleInfo (RoleInfo.java:updateAndGet(143)) - 8f18dce1-0a3d-4b65-9c78-af3d58b2da7f: start LeaderElection
2019-10-20 17:41:22,287 [8f18dce1-0a3d-4b65-9c78-af3d58b2da7f@group-091950D56227-LeaderElection566] INFO  impl.LeaderElection (LeaderElection.java:askForVotes(178)) - 8f18dce1-0a3d-4b65-9c78-af3d58b2da7f@group-091950D56227-LeaderElection566: begin an election at term 671 for -1: [8a63e1ae-032e-4bed-9f20-125a11f65413:0.0.0.0:38685, 8f18dce1-0a3d-4b65-9c78-af3d58b2da7f:0.0.0.0:42489, 7b1e61a0-7daf-43dd-99d5-9b325c1d31ae:0.0.0.0:38412], old=null
2019-10-20 17:41:22,288 [grpc-default-executor-3] INFO  impl.RaftServerImpl (RaftServerImpl.java:setRole(184)) - 8a63e1ae-032e-4bed-9f20-125a11f65413@group-091950D56227: changes role from  FOLLOWER to FOLLOWER at term 671 for recognizeCandidate:8f18dce1-0a3d-4b65-9c78-af3d58b2da7f
2019-10-20 17:41:22,288 [grpc-default-executor-3] INFO  impl.RoleInfo (RoleInfo.java:shutdownFollowerState(121)) - 8a63e1ae-032e-4bed-9f20-125a11f65413: shutdown FollowerState
2019-10-20 17:41:22,288 [grpc-default-executor-1] INFO  impl.RaftServerImpl (RaftServerImpl.java:setRole(184)) - 7b1e61a0-7daf-43dd-99d5-9b325c1d31ae@group-091950D56227: changes role from  FOLLOWER to FOLLOWER at term 671 for recognizeCandidate:8f18dce1-0a3d-4b65-9c78-af3d58b2da7f
2019-10-20 17:41:22,288 [grpc-default-executor-1] INFO  impl.RoleInfo (RoleInfo.java:shutdownFollowerState(121)) - 7b1e61a0-7daf-43dd-99d5-9b325c1d31ae: shutdown FollowerState
2019-10-20 17:41:22,288 [Thread-4031] INFO  impl.FollowerState (FollowerState.java:run(117)) - 8a63e1ae-032e-4bed-9f20-125a11f65413@group-091950D56227-FollowerState was interrupted: java.lang.InterruptedException: sleep interrupted
2019-10-20 17:41:22,288 [grpc-default-executor-3] INFO  impl.RoleInfo (RoleInfo.java:updateAndGet(143)) - 8a63e1ae-032e-4bed-9f20-125a11f65413: start FollowerState
2019-10-20 17:41:22,288 [Thread-4032] INFO  impl.FollowerState (FollowerState.java:run(117)) - 7b1e61a0-7daf-43dd-99d5-9b325c1d31ae@group-091950D56227-FollowerState was interrupted: java.lang.InterruptedException: sleep interrupted
2019-10-20 17:41:22,288 [grpc-default-executor-1] INFO  impl.RoleInfo (RoleInfo.java:updateAndGet(143)) - 7b1e61a0-7daf-43dd-99d5-9b325c1d31ae: start FollowerState
2019-10-20 17:41:22,312 [8f18dce1-0a3d-4b65-9c78-af3d58b2da7f@group-091950D56227-LeaderElection566] INFO  impl.LeaderElection (LeaderElection.java:logAndReturn(56)) - 8f18dce1-0a3d-4b65-9c78-af3d58b2da7f@group-091950D56227-LeaderElection566: Election REJECTED; received 2 response(s) [8f18dce1-0a3d-4b65-9c78-af3d58b2da7f<-8a63e1ae-032e-4bed-9f20-125a11f65413#0:FAIL-t671, 8f18dce1-0a3d-4b65-9c78-af3d58b2da7f<-7b1e61a0-7daf-43dd-99d5-9b325c1d31ae#0:FAIL-t671] and 0 exception(s); 8f18dce1-0a3d-4b65-9c78-af3d58b2da7f@group-091950D56227:t671, leader=null, voted=8f18dce1-0a3d-4b65-9c78-af3d58b2da7f, raftlog=8f18dce1-0a3d-4b65-9c78-af3d58b2da7f@group-091950D56227-SegmentedRaftLog:OPENED:c-1,f-1,i0, conf=-1: [8a63e1ae-032e-4bed-9f20-125a11f65413:0.0.0.0:38685, 8f18dce1-0a3d-4b65-9c78-af3d58b2da7f:0.0.0.0:42489, 7b1e61a0-7daf-43dd-99d5-9b325c1d31ae:0.0.0.0:38412], old=null
2019-10-20 17:41:22,313 [8f18dce1-0a3d-4b65-9c78-af3d58b2da7f@group-091950D56227-LeaderElection566] INFO  impl.RaftServerImpl (RaftServerImpl.java:setRole(184)) - 8f18dce1-0a3d-4b65-9c78-af3d58b2da7f@group-091950D56227: changes role from CANDIDATE to FOLLOWER at term 671 for DISCOVERED_A_NEW_TERM
2019-10-20 17:41:22,313 [8f18dce1-0a3d-4b65-9c78-af3d58b2da7f@group-091950D56227-LeaderElection566] INFO  impl.RoleInfo (RoleInfo.java:shutdownLeaderElection(134)) - 8f18dce1-0a3d-4b65-9c78-af3d58b2da7f: shutdown LeaderElection
2019-10-20 17:41:22,313 [8f18dce1-0a3d-4b65-9c78-af3d58b2da7f@group-091950D56227-LeaderElection566] INFO  impl.RoleInfo (RoleInfo.java:updateAndGet(143)) - 8f18dce1-0a3d-4b65-9c78-af3d58b2da7f: start FollowerState
2019-10-20 17:41:22,504 [Thread-4039] INFO  impl.FollowerState (FollowerState.java:run(108)) - 8f18dce1-0a3d-4b65-9c78-af3d58b2da7f@group-091950D56227-FollowerState: change to CANDIDATE, lastRpcTime:190ms, electionTimeout:190ms
2019-10-20 17:41:22,504 [Thread-4039] INFO  impl.RoleInfo (RoleInfo.java:shutdownFollowerState(121)) - 8f18dce1-0a3d-4b65-9c78-af3d58b2da7f: shutdown FollowerState
2019-10-20 17:41:22,504 [Thread-4039] INFO  impl.RaftServerImpl (RaftServerImpl.java:setRole(184)) - 8f18dce1-0a3d-4b65-9c78-af3d58b2da7f@group-091950D56227: changes role from  FOLLOWER to CANDIDATE at term 671 for changeToCandidate
2019-10-20 17:41:22,504 [Thread-4039] INFO  impl.RoleInfo (RoleInfo.java:updateAndGet(143)) - 8f18dce1-0a3d-4b65-9c78-af3d58b2da7f: start LeaderElection
2019-10-20 17:41:22,529 [8f18dce1-0a3d-4b65-9c78-af3d58b2da7f@group-091950D56227-LeaderElection567] INFO  impl.LeaderElection (LeaderElection.java:askForVotes(178)) - 8f18dce1-0a3d-4b65-9c78-af3d58b2da7f@group-091950D56227-LeaderElection567: begin an election at term 672 for -1: [8a63e1ae-032e-4bed-9f20-125a11f65413:0.0.0.0:38685, 8f18dce1-0a3d-4b65-9c78-af3d58b2da7f:0.0.0.0:42489, 7b1e61a0-7daf-43dd-99d5-9b325c1d31ae:0.0.0.0:38412], old=null
2019-10-20 17:41:22,531 [grpc-default-executor-3] INFO  impl.RaftServerImpl (RaftServerImpl.java:setRole(184)) - 8a63e1ae-032e-4bed-9f20-125a11f65413@group-091950D56227: changes role from  FOLLOWER to FOLLOWER at term 672 for recognizeCandidate:8f18dce1-0a3d-4b65-9c78-af3d58b2da7f
2019-10-20 17:41:22,531 [grpc-default-executor-3] INFO  impl.RoleInfo (RoleInfo.java:shutdownFollowerState(121)) - 8a63e1ae-032e-4bed-9f20-125a11f65413: shutdown FollowerState
2019-10-20 17:41:22,531 [grpc-default-executor-1] INFO  impl.RaftServerImpl (RaftServerImpl.java:setRole(184)) - 7b1e61a0-7daf-43dd-99d5-9b325c1d31ae@group-091950D56227: changes role from  FOLLOWER to FOLLOWER at term 672 for recognizeCandidate:8f18dce1-0a3d-4b65-9c78-af3d58b2da7f
2019-10-20 17:41:22,531 [Thread-4037] INFO  impl.FollowerState (FollowerState.java:run(117)) - 8a63e1ae-032e-4bed-9f20-125a11f65413@group-091950D56227-FollowerState was interrupted: java.lang.InterruptedException: sleep interrupted
2019-10-20 17:41:22,531 [grpc-default-executor-3] INFO  impl.RoleInfo (RoleInfo.java:updateAndGet(143)) - 8a63e1ae-032e-4bed-9f20-125a11f65413: start FollowerState
2019-10-20 17:41:22,531 [grpc-default-executor-1] INFO  impl.RoleInfo (RoleInfo.java:shutdownFollowerState(121)) - 7b1e61a0-7daf-43dd-99d5-9b325c1d31ae: shutdown FollowerState
2019-10-20 17:41:22,532 [grpc-default-executor-1] INFO  impl.RoleInfo (RoleInfo.java:updateAndGet(143)) - 7b1e61a0-7daf-43dd-99d5-9b325c1d31ae: start FollowerState
2019-10-20 17:41:22,532 [Thread-4038] INFO  impl.FollowerState (FollowerState.java:run(117)) - 7b1e61a0-7daf-43dd-99d5-9b325c1d31ae@group-091950D56227-FollowerState was interrupted: java.lang.InterruptedException: sleep interrupted
2019-10-20 17:41:22,555 [8f18dce1-0a3d-4b65-9c78-af3d58b2da7f@group-091950D56227-LeaderElection567] INFO  impl.LeaderElection (LeaderElection.java:logAndReturn(56)) - 8f18dce1-0a3d-4b65-9c78-af3d58b2da7f@group-091950D56227-LeaderElection567: Election REJECTED; received 2 response(s) [8f18dce1-0a3d-4b65-9c78-af3d58b2da7f<-8a63e1ae-032e-4bed-9f20-125a11f65413#0:FAIL-t672, 8f18dce1-0a3d-4b65-9c78-af3d58b2da7f<-7b1e61a0-7daf-43dd-99d5-9b325c1d31ae#0:FAIL-t672] and 0 exception(s); 8f18dce1-0a3d-4b65-9c78-af3d58b2da7f@group-091950D56227:t672, leader=null, voted=8f18dce1-0a3d-4b65-9c78-af3d58b2da7f, raftlog=8f18dce1-0a3d-4b65-9c78-af3d58b2da7f@group-091950D56227-SegmentedRaftLog:OPENED:c-1,f-1,i0, conf=-1: [8a63e1ae-032e-4bed-9f20-125a11f65413:0.0.0.0:38685, 8f18dce1-0a3d-4b65-9c78-af3d58b2da7f:0.0.0.0:42489, 7b1e61a0-7daf-43dd-99d5-9b325c1d31ae:0.0.0.0:38412], old=null
2019-10-20 17:41:22,555 [8f18dce1-0a3d-4b65-9c78-af3d58b2da7f@group-091950D56227-LeaderElection567] INFO  impl.RaftServerImpl (RaftServerImpl.java:setRole(184)) - 8f18dce1-0a3d-4b65-9c78-af3d58b2da7f@group-091950D56227: changes role from CANDIDATE to FOLLOWER at term 672 for DISCOVERED_A_NEW_TERM
2019-10-20 17:41:22,556 [8f18dce1-0a3d-4b65-9c78-af3d58b2da7f@group-091950D56227-LeaderElection567] INFO  impl.RoleInfo (RoleInfo.java:shutdownLeaderElection(134)) - 8f18dce1-0a3d-4b65-9c78-af3d58b2da7f: shutdown LeaderElection
2019-10-20 17:41:22,556 [8f18dce1-0a3d-4b65-9c78-af3d58b2da7f@group-091950D56227-LeaderElection567] INFO  impl.RoleInfo (RoleInfo.java:updateAndGet(143)) - 8f18dce1-0a3d-4b65-9c78-af3d58b2da7f: start FollowerState
2019-10-20 17:41:22,705 [Thread-4045] INFO  impl.FollowerState (FollowerState.java:run(108)) - 8f18dce1-0a3d-4b65-9c78-af3d58b2da7f@group-091950D56227-FollowerState: change to CANDIDATE, lastRpcTime:149ms, electionTimeout:149ms
2019-10-20 17:41:22,705 [Thread-4045] INFO  impl.RoleInfo (RoleInfo.java:shutdownFollowerState(121)) - 8f18dce1-0a3d-4b65-9c78-af3d58b2da7f: shutdown FollowerState
2019-10-20 17:41:22,705 [Thread-4045] INFO  impl.RaftServerImpl (RaftServerImpl.java:setRole(184)) - 8f18dce1-0a3d-4b65-9c78-af3d58b2da7f@group-091950D56227: changes role from  FOLLOWER to CANDIDATE at term 672 for changeToCandidate
2019-10-20 17:41:22,706 [Thread-4045] INFO  impl.RoleInfo (RoleInfo.java:updateAndGet(143)) - 8f18dce1-0a3d-4b65-9c78-af3d58b2da7f: start LeaderElection
2019-10-20 17:41:22,730 [8f18dce1-0a3d-4b65-9c78-af3d58b2da7f@group-091950D56227-LeaderElection568] INFO  impl.LeaderElection (LeaderElection.java:askForVotes(178)) - 8f18dce1-0a3d-4b65-9c78-af3d58b2da7f@group-091950D56227-LeaderElection568: begin an election at term 673 for -1: [8a63e1ae-032e-4bed-9f20-125a11f65413:0.0.0.0:38685, 8f18dce1-0a3d-4b65-9c78-af3d58b2da7f:0.0.0.0:42489, 7b1e61a0-7daf-43dd-99d5-9b325c1d31ae:0.0.0.0:38412], old=null
2019-10-20 17:41:22,733 [grpc-default-executor-1] INFO  impl.RaftServerImpl (RaftServerImpl.java:setRole(184)) - 8a63e1ae-032e-4bed-9f20-125a11f65413@group-091950D56227: changes role from  FOLLOWER to FOLLOWER at term 673 for recognizeCandidate:8f18dce1-0a3d-4b65-9c78-af3d58b2da7f
2019-10-20 17:41:22,733 [grpc-default-executor-1] INFO  impl.RoleInfo (RoleInfo.java:shutdownFollowerState(121)) - 8a63e1ae-032e-4bed-9f20-125a11f65413: shutdown FollowerState
2019-10-20 17:41:22,733 [grpc-default-executor-3] INFO  impl.RaftServerImpl (RaftServerImpl.java:setRole(184)) - 7b1e61a0-7daf-43dd-99d5-9b325c1d31ae@group-091950D56227: changes role from  FOLLOWER to FOLLOWER at term 673 for recognizeCandidate:8f18dce1-0a3d-4b65-9c78-af3d58b2da7f
2019-10-20 17:41:22,733 [grpc-default-executor-3] INFO  impl.RoleInfo (RoleInfo.java:shutdownFollowerState(121)) - 7b1e61a0-7daf-43dd-99d5-9b325c1d31ae: shutdown FollowerState
2019-10-20 17:41:22,733 [Thread-4043] INFO  impl.FollowerState (FollowerState.java:run(117)) - 8a63e1ae-032e-4bed-9f20-125a11f65413@group-091950D56227-FollowerState was interrupted: java.lang.InterruptedException: sleep interrupted
2019-10-20 17:41:22,733 [grpc-default-executor-1] INFO  impl.RoleInfo (RoleInfo.java:updateAndGet(143)) - 8a63e1ae-032e-4bed-9f20-125a11f65413: start FollowerState
2019-10-20 17:41:22,733 [Thread-4044] INFO  impl.FollowerState (FollowerState.java:run(117)) - 7b1e61a0-7daf-43dd-99d5-9b325c1d31ae@group-091950D56227-FollowerState was interrupted: java.lang.InterruptedException: sleep interrupted
2019-10-20 17:41:22,733 [grpc-default-executor-3] INFO  impl.RoleInfo (RoleInfo.java:updateAndGet(143)) - 7b1e61a0-7daf-43dd-99d5-9b325c1d31ae: start FollowerState
2019-10-20 17:41:22,756 [8f18dce1-0a3d-4b65-9c78-af3d58b2da7f@group-091950D56227-LeaderElection568] INFO  impl.LeaderElection (LeaderElection.java:logAndReturn(56)) - 8f18dce1-0a3d-4b65-9c78-af3d58b2da7f@group-091950D56227-LeaderElection568: Election REJECTED; received 2 response(s) [8f18dce1-0a3d-4b65-9c78-af3d58b2da7f<-8a63e1ae-032e-4bed-9f20-125a11f65413#0:FAIL-t673, 8f18dce1-0a3d-4b65-9c78-af3d58b2da7f<-7b1e61a0-7daf-43dd-99d5-9b325c1d31ae#0:FAIL-t673] and 0 exception(s); 8f18dce1-0a3d-4b65-9c78-af3d58b2da7f@group-091950D56227:t673, leader=null, voted=8f18dce1-0a3d-4b65-9c78-af3d58b2da7f, raftlog=8f18dce1-0a3d-4b65-9c78-af3d58b2da7f@group-091950D56227-SegmentedRaftLog:OPENED:c-1,f-1,i0, conf=-1: [8a63e1ae-032e-4bed-9f20-125a11f65413:0.0.0.0:38685, 8f18dce1-0a3d-4b65-9c78-af3d58b2da7f:0.0.0.0:42489, 7b1e61a0-7daf-43dd-99d5-9b325c1d31ae:0.0.0.0:38412], old=null
2019-10-20 17:41:22,756 [8f18dce1-0a3d-4b65-9c78-af3d58b2da7f@group-091950D56227-LeaderElection568] INFO  impl.RaftServerImpl (RaftServerImpl.java:setRole(184)) - 8f18dce1-0a3d-4b65-9c78-af3d58b2da7f@group-091950D56227: changes role from CANDIDATE to FOLLOWER at term 673 for DISCOVERED_A_NEW_TERM
2019-10-20 17:41:22,756 [8f18dce1-0a3d-4b65-9c78-af3d58b2da7f@group-091950D56227-LeaderElection568] INFO  impl.RoleInfo (RoleInfo.java:shutdownLeaderElection(134)) - 8f18dce1-0a3d-4b65-9c78-af3d58b2da7f: shutdown LeaderElection
2019-10-20 17:41:22,757 [8f18dce1-0a3d-4b65-9c78-af3d58b2da7f@group-091950D56227-LeaderElection568] INFO  impl.RoleInfo (RoleInfo.java:updateAndGet(143)) - 8f18dce1-0a3d-4b65-9c78-af3d58b2da7f: start FollowerState
2019-10-20 17:41:22,932 [Thread-4053] INFO  impl.FollowerState (FollowerState.java:run(108)) - 8f18dce1-0a3d-4b65-9c78-af3d58b2da7f@group-091950D56227-FollowerState: change to CANDIDATE, lastRpcTime:175ms, electionTimeout:175ms
2019-10-20 17:41:22,932 [Thread-4053] INFO  impl.RoleInfo (RoleInfo.java:shutdownFollowerState(121)) - 8f18dce1-0a3d-4b65-9c78-af3d58b2da7f: shutdown FollowerState
2019-10-20 17:41:22,932 [Thread-4053] INFO  impl.RaftServerImpl (RaftServerImpl.java:setRole(184)) - 8f18dce1-0a3d-4b65-9c78-af3d58b2da7f@group-091950D56227: changes role from  FOLLOWER to CANDIDATE at term 673 for changeToCandidate
2019-10-20 17:41:22,932 [Thread-4053] INFO  impl.RoleInfo (RoleInfo.java:updateAndGet(143)) - 8f18dce1-0a3d-4b65-9c78-af3d58b2da7f: start LeaderElection
2019-10-20 17:41:22,956 [8f18dce1-0a3d-4b65-9c78-af3d58b2da7f@group-091950D56227-LeaderElection569] INFO  impl.LeaderElection (LeaderElection.java:askForVotes(178)) - 8f18dce1-0a3d-4b65-9c78-af3d58b2da7f@group-091950D56227-LeaderElection569: begin an election at term 674 for -1: [8a63e1ae-032e-4bed-9f20-125a11f65413:0.0.0.0:38685, 8f18dce1-0a3d-4b65-9c78-af3d58b2da7f:0.0.0.0:42489, 7b1e61a0-7daf-43dd-99d5-9b325c1d31ae:0.0.0.0:38412], old=null
2019-10-20 17:41:22,958 [grpc-default-executor-1] INFO  impl.RaftServerImpl (RaftServerImpl.java:setRole(184)) - 8a63e1ae-032e-4bed-9f20-125a11f65413@group-091950D56227: changes role from  FOLLOWER to FOLLOWER at term 674 for recognizeCandidate:8f18dce1-0a3d-4b65-9c78-af3d58b2da7f
2019-10-20 17:41:22,958 [grpc-default-executor-3] INFO  impl.RaftServerImpl (RaftServerImpl.java:setRole(184)) - 7b1e61a0-7daf-43dd-99d5-9b325c1d31ae@group-091950D56227: changes role from  FOLLOWER to FOLLOWER at term 674 for recognizeCandidate:8f18dce1-0a3d-4b65-9c78-af3d58b2da7f
2019-10-20 17:41:22,958 [grpc-default-executor-1] INFO  impl.RoleInfo (RoleInfo.java:shutdownFollowerState(121)) - 8a63e1ae-032e-4bed-9f20-125a11f65413: shutdown FollowerState
2019-10-20 17:41:22,958 [grpc-default-executor-3] INFO  impl.RoleInfo (RoleInfo.java:shutdownFollowerState(121)) - 7b1e61a0-7daf-43dd-99d5-9b325c1d31ae: shutdown FollowerState
2019-10-20 17:41:22,959 [Thread-4051] INFO  impl.FollowerState (FollowerState.java:run(117)) - 8a63e1ae-032e-4bed-9f20-125a11f65413@group-091950D56227-FollowerState was interrupted: java.lang.InterruptedException: sleep interrupted
2019-10-20 17:41:22,959 [grpc-default-executor-1] INFO  impl.RoleInfo (RoleInfo.java:updateAndGet(143)) - 8a63e1ae-032e-4bed-9f20-125a11f65413: start FollowerState
2019-10-20 17:41:22,959 [Thread-4052] INFO  impl.FollowerState (FollowerState.java:run(117)) - 7b1e61a0-7daf-43dd-99d5-9b325c1d31ae@group-091950D56227-FollowerState was interrupted: java.lang.InterruptedException: sleep interrupted
2019-10-20 17:41:22,959 [grpc-default-executor-3] INFO  impl.RoleInfo (RoleInfo.java:updateAndGet(143)) - 7b1e61a0-7daf-43dd-99d5-9b325c1d31ae: start FollowerState
2019-10-20 17:41:22,996 [8f18dce1-0a3d-4b65-9c78-af3d58b2da7f@group-091950D56227-LeaderElection569] INFO  impl.LeaderElection (LeaderElection.java:logAndReturn(56)) - 8f18dce1-0a3d-4b65-9c78-af3d58b2da7f@group-091950D56227-LeaderElection569: Election TIMEOUT; received 0 response(s) [] and 0 exception(s); 8f18dce1-0a3d-4b65-9c78-af3d58b2da7f@group-091950D56227:t674, leader=null, voted=8f18dce1-0a3d-4b65-9c78-af3d58b2da7f, raftlog=8f18dce1-0a3d-4b65-9c78-af3d58b2da7f@group-091950D56227-SegmentedRaftLog:OPENED:c-1,f-1,i0, conf=-1: [8a63e1ae-032e-4bed-9f20-125a11f65413:0.0.0.0:38685, 8f18dce1-0a3d-4b65-9c78-af3d58b2da7f:0.0.0.0:42489, 7b1e61a0-7daf-43dd-99d5-9b325c1d31ae:0.0.0.0:38412], old=null
2019-10-20 17:41:23,024 [8f18dce1-0a3d-4b65-9c78-af3d58b2da7f@group-091950D56227-LeaderElection569] INFO  impl.LeaderElection (LeaderElection.java:askForVotes(178)) - 8f18dce1-0a3d-4b65-9c78-af3d58b2da7f@group-091950D56227-LeaderElection569: begin an election at term 675 for -1: [8a63e1ae-032e-4bed-9f20-125a11f65413:0.0.0.0:38685, 8f18dce1-0a3d-4b65-9c78-af3d58b2da7f:0.0.0.0:42489, 7b1e61a0-7daf-43dd-99d5-9b325c1d31ae:0.0.0.0:38412], old=null
2019-10-20 17:41:23,025 [grpc-default-executor-1] INFO  impl.RaftServerImpl (RaftServerImpl.java:setRole(184)) - 8a63e1ae-032e-4bed-9f20-125a11f65413@group-091950D56227: changes role from  FOLLOWER to FOLLOWER at term 675 for recognizeCandidate:8f18dce1-0a3d-4b65-9c78-af3d58b2da7f
2019-10-20 17:41:23,025 [grpc-default-executor-3] INFO  impl.RaftServerImpl (RaftServerImpl.java:setRole(184)) - 7b1e61a0-7daf-43dd-99d5-9b325c1d31ae@group-091950D56227: changes role from  FOLLOWER to FOLLOWER at term 675 for recognizeCandidate:8f18dce1-0a3d-4b65-9c78-af3d58b2da7f
2019-10-20 17:41:23,026 [grpc-default-executor-3] INFO  impl.RoleInfo (RoleInfo.java:shutdownFollowerState(121)) - 7b1e61a0-7daf-43dd-99d5-9b325c1d31ae: shutdown FollowerState
2019-10-20 17:41:23,026 [grpc-default-executor-1] INFO  impl.RoleInfo (RoleInfo.java:shutdownFollowerState(121)) - 8a63e1ae-032e-4bed-9f20-125a11f65413: shutdown FollowerState
2019-10-20 17:41:23,026 [Thread-4058] INFO  impl.FollowerState (FollowerState.java:run(117)) - 7b1e61a0-7daf-43dd-99d5-9b325c1d31ae@group-091950D56227-FollowerState was interrupted: java.lang.InterruptedException: sleep interrupted
2019-10-20 17:41:23,026 [grpc-default-executor-3] INFO  impl.RoleInfo (RoleInfo.java:updateAndGet(143)) - 7b1e61a0-7daf-43dd-99d5-9b325c1d31ae: start FollowerState
2019-10-20 17:41:23,027 [Thread-4057] INFO  impl.FollowerState (FollowerState.java:run(117)) - 8a63e1ae-032e-4bed-9f20-125a11f65413@group-091950D56227-FollowerState was interrupted: java.lang.InterruptedException: sleep interrupted
2019-10-20 17:41:23,026 [grpc-default-executor-1] INFO  impl.RoleInfo (RoleInfo.java:updateAndGet(143)) - 8a63e1ae-032e-4bed-9f20-125a11f65413: start FollowerState
2019-10-20 17:41:23,050 [8f18dce1-0a3d-4b65-9c78-af3d58b2da7f@group-091950D56227-LeaderElection569] INFO  impl.LeaderElection (LeaderElection.java:logAndReturn(56)) - 8f18dce1-0a3d-4b65-9c78-af3d58b2da7f@group-091950D56227-LeaderElection569: Election REJECTED; received 2 response(s) [8f18dce1-0a3d-4b65-9c78-af3d58b2da7f<-8a63e1ae-032e-4bed-9f20-125a11f65413#0:FAIL-t675, 8f18dce1-0a3d-4b65-9c78-af3d58b2da7f<-7b1e61a0-7daf-43dd-99d5-9b325c1d31ae#0:FAIL-t675] and 0 exception(s); 8f18dce1-0a3d-4b65-9c78-af3d58b2da7f@group-091950D56227:t675, leader=null, voted=8f18dce1-0a3d-4b65-9c78-af3d58b2da7f, raftlog=8f18dce1-0a3d-4b65-9c78-af3d58b2da7f@group-091950D56227-SegmentedRaftLog:OPENED:c-1,f-1,i0, conf=-1: [8a63e1ae-032e-4bed-9f20-125a11f65413:0.0.0.0:38685, 8f18dce1-0a3d-4b65-9c78-af3d58b2da7f:0.0.0.0:42489, 7b1e61a0-7daf-43dd-99d5-9b325c1d31ae:0.0.0.0:38412], old=null
2019-10-20 17:41:23,050 [8f18dce1-0a3d-4b65-9c78-af3d58b2da7f@group-091950D56227-LeaderElection569] INFO  impl.RaftServerImpl (RaftServerImpl.java:setRole(184)) - 8f18dce1-0a3d-4b65-9c78-af3d58b2da7f@group-091950D56227: changes role from CANDIDATE to FOLLOWER at term 675 for DISCOVERED_A_NEW_TERM
2019-10-20 17:41:23,050 [8f18dce1-0a3d-4b65-9c78-af3d58b2da7f@group-091950D56227-LeaderElection569] INFO  impl.RoleInfo (RoleInfo.java:shutdownLeaderElection(134)) - 8f18dce1-0a3d-4b65-9c78-af3d58b2da7f: shutdown LeaderElection
2019-10-20 17:41:23,050 [8f18dce1-0a3d-4b65-9c78-af3d58b2da7f@group-091950D56227-LeaderElection569] INFO  impl.RoleInfo (RoleInfo.java:updateAndGet(143)) - 8f18dce1-0a3d-4b65-9c78-af3d58b2da7f: start FollowerState
2019-10-20 17:41:23,191 [Thread-4063] INFO  impl.FollowerState (FollowerState.java:run(108)) - 8f18dce1-0a3d-4b65-9c78-af3d58b2da7f@group-091950D56227-FollowerState: change to CANDIDATE, lastRpcTime:140ms, electionTimeout:140ms
2019-10-20 17:41:23,191 [Thread-4063] INFO  impl.RoleInfo (RoleInfo.java:shutdownFollowerState(121)) - 8f18dce1-0a3d-4b65-9c78-af3d58b2da7f: shutdown FollowerState
2019-10-20 17:41:23,191 [Thread-4063] INFO  impl.RaftServerImpl (RaftServerImpl.java:setRole(184)) - 8f18dce1-0a3d-4b65-9c78-af3d58b2da7f@group-091950D56227: changes role from  FOLLOWER to CANDIDATE at term 675 for changeToCandidate
2019-10-20 17:41:23,191 [Thread-4063] INFO  impl.RoleInfo (RoleInfo.java:updateAndGet(143)) - 8f18dce1-0a3d-4b65-9c78-af3d58b2da7f: start LeaderElection
2019-10-20 17:41:23,217 [8f18dce1-0a3d-4b65-9c78-af3d58b2da7f@group-091950D56227-LeaderElection570] INFO  impl.LeaderElection (LeaderElection.java:askForVotes(178)) - 8f18dce1-0a3d-4b65-9c78-af3d58b2da7f@group-091950D56227-LeaderElection570: begin an election at term 676 for -1: [8a63e1ae-032e-4bed-9f20-125a11f65413:0.0.0.0:38685, 8f18dce1-0a3d-4b65-9c78-af3d58b2da7f:0.0.0.0:42489, 7b1e61a0-7daf-43dd-99d5-9b325c1d31ae:0.0.0.0:38412], old=null
2019-10-20 17:41:23,219 [grpc-default-executor-1] INFO  impl.RaftServerImpl (RaftServerImpl.java:setRole(184)) - 8a63e1ae-032e-4bed-9f20-125a11f65413@group-091950D56227: changes role from  FOLLOWER to FOLLOWER at term 676 for recognizeCandidate:8f18dce1-0a3d-4b65-9c78-af3d58b2da7f
2019-10-20 17:41:23,219 [grpc-default-executor-3] INFO  impl.RaftServerImpl (RaftServerImpl.java:setRole(184)) - 7b1e61a0-7daf-43dd-99d5-9b325c1d31ae@group-091950D56227: changes role from  FOLLOWER to FOLLOWER at term 676 for recognizeCandidate:8f18dce1-0a3d-4b65-9c78-af3d58b2da7f
2019-10-20 17:41:23,219 [grpc-default-executor-3] INFO  impl.RoleInfo (RoleInfo.java:shutdownFollowerState(121)) - 7b1e61a0-7daf-43dd-99d5-9b325c1d31ae: shutdown FollowerState
2019-10-20 17:41:23,219 [grpc-default-executor-1] INFO  impl.RoleInfo (RoleInfo.java:shutdownFollowerState(121)) - 8a63e1ae-032e-4bed-9f20-125a11f65413: shutdown FollowerState
2019-10-20 17:41:23,219 [Thread-4061] INFO  impl.FollowerState (FollowerState.java:run(117)) - 7b1e61a0-7daf-43dd-99d5-9b325c1d31ae@group-091950D56227-FollowerState was interrupted: java.lang.InterruptedException: sleep interrupted
2019-10-20 17:41:23,219 [grpc-default-executor-3] INFO  impl.RoleInfo (RoleInfo.java:updateAndGet(143)) - 7b1e61a0-7daf-43dd-99d5-9b325c1d31ae: start FollowerState
2019-10-20 17:41:23,219 [Thread-4062] INFO  impl.FollowerState (FollowerState.java:run(117)) - 8a63e1ae-032e-4bed-9f20-125a11f65413@group-091950D56227-FollowerState was interrupted: java.lang.InterruptedException: sleep interrupted
2019-10-20 17:41:23,219 [grpc-default-executor-1] INFO  impl.RoleInfo (RoleInfo.java:updateAndGet(143)) - 8a63e1ae-032e-4bed-9f20-125a11f65413: start FollowerState
2019-10-20 17:41:23,243 [8f18dce1-0a3d-4b65-9c78-af3d58b2da7f@group-091950D56227-LeaderElection570] INFO  impl.LeaderElection (LeaderElection.java:logAndReturn(56)) - 8f18dce1-0a3d-4b65-9c78-af3d58b2da7f@group-091950D56227-LeaderElection570: Election REJECTED; received 2 response(s) [8f18dce1-0a3d-4b65-9c78-af3d58b2da7f<-8a63e1ae-032e-4bed-9f20-125a11f65413#0:FAIL-t676, 8f18dce1-0a3d-4b65-9c78-af3d58b2da7f<-7b1e61a0-7daf-43dd-99d5-9b325c1d31ae#0:FAIL-t676] and 0 exception(s); 8f18dce1-0a3d-4b65-9c78-af3d58b2da7f@group-091950D56227:t676, leader=null, voted=8f18dce1-0a3d-4b65-9c78-af3d58b2da7f, raftlog=8f18dce1-0a3d-4b65-9c78-af3d58b2da7f@group-091950D56227-SegmentedRaftLog:OPENED:c-1,f-1,i0, conf=-1: [8a63e1ae-032e-4bed-9f20-125a11f65413:0.0.0.0:38685, 8f18dce1-0a3d-4b65-9c78-af3d58b2da7f:0.0.0.0:42489, 7b1e61a0-7daf-43dd-99d5-9b325c1d31ae:0.0.0.0:38412], old=null
2019-10-20 17:41:23,243 [8f18dce1-0a3d-4b65-9c78-af3d58b2da7f@group-091950D56227-LeaderElection570] INFO  impl.RaftServerImpl (RaftServerImpl.java:setRole(184)) - 8f18dce1-0a3d-4b65-9c78-af3d58b2da7f@group-091950D56227: changes role from CANDIDATE to FOLLOWER at term 676 for DISCOVERED_A_NEW_TERM
2019-10-20 17:41:23,244 [8f18dce1-0a3d-4b65-9c78-af3d58b2da7f@group-091950D56227-LeaderElection570] INFO  impl.RoleInfo (RoleInfo.java:shutdownLeaderElection(134)) - 8f18dce1-0a3d-4b65-9c78-af3d58b2da7f: shutdown LeaderElection
2019-10-20 17:41:23,244 [8f18dce1-0a3d-4b65-9c78-af3d58b2da7f@group-091950D56227-LeaderElection570] INFO  impl.RoleInfo (RoleInfo.java:updateAndGet(143)) - 8f18dce1-0a3d-4b65-9c78-af3d58b2da7f: start FollowerState
2019-10-20 17:41:23,403 [Thread-4069] INFO  impl.FollowerState (FollowerState.java:run(108)) - 8f18dce1-0a3d-4b65-9c78-af3d58b2da7f@group-091950D56227-FollowerState: change to CANDIDATE, lastRpcTime:159ms, electionTimeout:159ms
2019-10-20 17:41:23,403 [Thread-4069] INFO  impl.RoleInfo (RoleInfo.java:shutdownFollowerState(121)) - 8f18dce1-0a3d-4b65-9c78-af3d58b2da7f: shutdown FollowerState
2019-10-20 17:41:23,403 [Thread-4069] INFO  impl.RaftServerImpl (RaftServerImpl.java:setRole(184)) - 8f18dce1-0a3d-4b65-9c78-af3d58b2da7f@group-091950D56227: changes role from  FOLLOWER to CANDIDATE at term 676 for changeToCandidate
2019-10-20 17:41:23,404 [Thread-4069] INFO  impl.RoleInfo (RoleInfo.java:updateAndGet(143)) - 8f18dce1-0a3d-4b65-9c78-af3d58b2da7f: start LeaderElection
2019-10-20 17:41:23,435 [8f18dce1-0a3d-4b65-9c78-af3d58b2da7f@group-091950D56227-LeaderElection571] INFO  impl.LeaderElection (LeaderElection.java:askForVotes(178)) - 8f18dce1-0a3d-4b65-9c78-af3d58b2da7f@group-091950D56227-LeaderElection571: begin an election at term 677 for -1: [8a63e1ae-032e-4bed-9f20-125a11f65413:0.0.0.0:38685, 8f18dce1-0a3d-4b65-9c78-af3d58b2da7f:0.0.0.0:42489, 7b1e61a0-7daf-43dd-99d5-9b325c1d31ae:0.0.0.0:38412], old=null
2019-10-20 17:41:23,437 [grpc-default-executor-1] INFO  impl.RaftServerImpl (RaftServerImpl.java:setRole(184)) - 8a63e1ae-032e-4bed-9f20-125a11f65413@group-091950D56227: changes role from  FOLLOWER to FOLLOWER at term 677 for recognizeCandidate:8f18dce1-0a3d-4b65-9c78-af3d58b2da7f
2019-10-20 17:41:23,437 [grpc-default-executor-1] INFO  impl.RoleInfo (RoleInfo.java:shutdownFollowerState(121)) - 8a63e1ae-032e-4bed-9f20-125a11f65413: shutdown FollowerState
2019-10-20 17:41:23,437 [grpc-default-executor-3] INFO  impl.RaftServerImpl (RaftServerImpl.java:setRole(184)) - 7b1e61a0-7daf-43dd-99d5-9b325c1d31ae@group-091950D56227: changes role from  FOLLOWER to FOLLOWER at term 677 for recognizeCandidate:8f18dce1-0a3d-4b65-9c78-af3d58b2da7f
2019-10-20 17:41:23,438 [grpc-default-executor-3] INFO  impl.RoleInfo (RoleInfo.java:shutdownFollowerState(121)) - 7b1e61a0-7daf-43dd-99d5-9b325c1d31ae: shutdown FollowerState
2019-10-20 17:41:23,437 [Thread-4068] INFO  impl.FollowerState (FollowerState.java:run(117)) - 8a63e1ae-032e-4bed-9f20-125a11f65413@group-091950D56227-FollowerState was interrupted: java.lang.InterruptedException: sleep interrupted
2019-10-20 17:41:23,437 [grpc-default-executor-1] INFO  impl.RoleInfo (RoleInfo.java:updateAndGet(143)) - 8a63e1ae-032e-4bed-9f20-125a11f65413: start FollowerState
2019-10-20 17:41:23,438 [Thread-4067] INFO  impl.FollowerState (FollowerState.java:run(117)) - 7b1e61a0-7daf-43dd-99d5-9b325c1d31ae@group-091950D56227-FollowerState was interrupted: java.lang.InterruptedException: sleep interrupted
2019-10-20 17:41:23,438 [grpc-default-executor-3] INFO  impl.RoleInfo (RoleInfo.java:updateAndGet(143)) - 7b1e61a0-7daf-43dd-99d5-9b325c1d31ae: start FollowerState
2019-10-20 17:41:23,461 [8f18dce1-0a3d-4b65-9c78-af3d58b2da7f@group-091950D56227-LeaderElection571] INFO  impl.LeaderElection (LeaderElection.java:logAndReturn(56)) - 8f18dce1-0a3d-4b65-9c78-af3d58b2da7f@group-091950D56227-LeaderElection571: Election REJECTED; received 2 response(s) [8f18dce1-0a3d-4b65-9c78-af3d58b2da7f<-8a63e1ae-032e-4bed-9f20-125a11f65413#0:FAIL-t677, 8f18dce1-0a3d-4b65-9c78-af3d58b2da7f<-7b1e61a0-7daf-43dd-99d5-9b325c1d31ae#0:FAIL-t677] and 0 exception(s); 8f18dce1-0a3d-4b65-9c78-af3d58b2da7f@group-091950D56227:t677, leader=null, voted=8f18dce1-0a3d-4b65-9c78-af3d58b2da7f, raftlog=8f18dce1-0a3d-4b65-9c78-af3d58b2da7f@group-091950D56227-SegmentedRaftLog:OPENED:c-1,f-1,i0, conf=-1: [8a63e1ae-032e-4bed-9f20-125a11f65413:0.0.0.0:38685, 8f18dce1-0a3d-4b65-9c78-af3d58b2da7f:0.0.0.0:42489, 7b1e61a0-7daf-43dd-99d5-9b325c1d31ae:0.0.0.0:38412], old=null
2019-10-20 17:41:23,461 [8f18dce1-0a3d-4b65-9c78-af3d58b2da7f@group-091950D56227-LeaderElection571] INFO  impl.RaftServerImpl (RaftServerImpl.java:setRole(184)) - 8f18dce1-0a3d-4b65-9c78-af3d58b2da7f@group-091950D56227: changes role from CANDIDATE to FOLLOWER at term 677 for DISCOVERED_A_NEW_TERM
2019-10-20 17:41:23,461 [8f18dce1-0a3d-4b65-9c78-af3d58b2da7f@group-091950D56227-LeaderElection571] INFO  impl.RoleInfo (RoleInfo.java:shutdownLeaderElection(134)) - 8f18dce1-0a3d-4b65-9c78-af3d58b2da7f: shutdown LeaderElection
2019-10-20 17:41:23,462 [8f18dce1-0a3d-4b65-9c78-af3d58b2da7f@group-091950D56227-LeaderElection571] INFO  impl.RoleInfo (RoleInfo.java:updateAndGet(143)) - 8f18dce1-0a3d-4b65-9c78-af3d58b2da7f: start FollowerState
2019-10-20 17:41:23,600 [Thread-4075] INFO  impl.FollowerState (FollowerState.java:run(108)) - 8f18dce1-0a3d-4b65-9c78-af3d58b2da7f@group-091950D56227-FollowerState: change to CANDIDATE, lastRpcTime:138ms, electionTimeout:138ms
2019-10-20 17:41:23,600 [Thread-4075] INFO  impl.RoleInfo (RoleInfo.java:shutdownFollowerState(121)) - 8f18dce1-0a3d-4b65-9c78-af3d58b2da7f: shutdown FollowerState
2019-10-20 17:41:23,600 [Thread-4075] INFO  impl.RaftServerImpl (RaftServerImpl.java:setRole(184)) - 8f18dce1-0a3d-4b65-9c78-af3d58b2da7f@group-091950D56227: changes role from  FOLLOWER to CANDIDATE at term 677 for changeToCandidate
2019-10-20 17:41:23,600 [Thread-4075] INFO  impl.RoleInfo (RoleInfo.java:updateAndGet(143)) - 8f18dce1-0a3d-4b65-9c78-af3d58b2da7f: start LeaderElection
2019-10-20 17:41:23,628 [8f18dce1-0a3d-4b65-9c78-af3d58b2da7f@group-091950D56227-LeaderElection572] INFO  impl.LeaderElection (LeaderElection.java:askForVotes(178)) - 8f18dce1-0a3d-4b65-9c78-af3d58b2da7f@group-091950D56227-LeaderElection572: begin an election at term 678 for -1: [8a63e1ae-032e-4bed-9f20-125a11f65413:0.0.0.0:38685, 8f18dce1-0a3d-4b65-9c78-af3d58b2da7f:0.0.0.0:42489, 7b1e61a0-7daf-43dd-99d5-9b325c1d31ae:0.0.0.0:38412], old=null
2019-10-20 17:41:23,629 [grpc-default-executor-3] INFO  impl.RaftServerImpl (RaftServerImpl.java:setRole(184)) - 8a63e1ae-032e-4bed-9f20-125a11f65413@group-091950D56227: changes role from  FOLLOWER to FOLLOWER at term 678 for recognizeCandidate:8f18dce1-0a3d-4b65-9c78-af3d58b2da7f
2019-10-20 17:41:23,629 [grpc-default-executor-1] INFO  impl.RaftServerImpl (RaftServerImpl.java:setRole(184)) - 7b1e61a0-7daf-43dd-99d5-9b325c1d31ae@group-091950D56227: changes role from  FOLLOWER to FOLLOWER at term 678 for recognizeCandidate:8f18dce1-0a3d-4b65-9c78-af3d58b2da7f
2019-10-20 17:41:23,629 [grpc-default-executor-1] INFO  impl.RoleInfo (RoleInfo.java:shutdownFollowerState(121)) - 7b1e61a0-7daf-43dd-99d5-9b325c1d31ae: shutdown FollowerState
2019-10-20 17:41:23,629 [grpc-default-executor-3] INFO  impl.RoleInfo (RoleInfo.java:shutdownFollowerState(121)) - 8a63e1ae-032e-4bed-9f20-125a11f65413: shutdown FollowerState
2019-10-20 17:41:23,630 [Thread-4074] INFO  impl.FollowerState (FollowerState.java:run(117)) - 7b1e61a0-7daf-43dd-99d5-9b325c1d31ae@group-091950D56227-FollowerState was interrupted: java.lang.InterruptedException: sleep interrupted
2019-10-20 17:41:23,630 [grpc-default-executor-1] INFO  impl.RoleInfo (RoleInfo.java:updateAndGet(143)) - 7b1e61a0-7daf-43dd-99d5-9b325c1d31ae: start FollowerState
2019-10-20 17:41:23,630 [Thread-4073] INFO  impl.FollowerState (FollowerState.java:run(117)) - 8a63e1ae-032e-4bed-9f20-125a11f65413@group-091950D56227-FollowerState was interrupted: java.lang.InterruptedException: sleep interrupted
2019-10-20 17:41:23,630 [grpc-default-executor-3] INFO  impl.RoleInfo (RoleInfo.java:updateAndGet(143)) - 8a63e1ae-032e-4bed-9f20-125a11f65413: start FollowerState
2019-10-20 17:41:23,654 [8f18dce1-0a3d-4b65-9c78-af3d58b2da7f@group-091950D56227-LeaderElection572] INFO  impl.LeaderElection (LeaderElection.java:logAndReturn(56)) - 8f18dce1-0a3d-4b65-9c78-af3d58b2da7f@group-091950D56227-LeaderElection572: Election REJECTED; received 2 response(s) [8f18dce1-0a3d-4b65-9c78-af3d58b2da7f<-8a63e1ae-032e-4bed-9f20-125a11f65413#0:FAIL-t678, 8f18dce1-0a3d-4b65-9c78-af3d58b2da7f<-7b1e61a0-7daf-43dd-99d5-9b325c1d31ae#0:FAIL-t678] and 0 exception(s); 8f18dce1-0a3d-4b65-9c78-af3d58b2da7f@group-091950D56227:t678, leader=null, voted=8f18dce1-0a3d-4b65-9c78-af3d58b2da7f, raftlog=8f18dce1-0a3d-4b65-9c78-af3d58b2da7f@group-091950D56227-SegmentedRaftLog:OPENED:c-1,f-1,i0, conf=-1: [8a63e1ae-032e-4bed-9f20-125a11f65413:0.0.0.0:38685, 8f18dce1-0a3d-4b65-9c78-af3d58b2da7f:0.0.0.0:42489, 7b1e61a0-7daf-43dd-99d5-9b325c1d31ae:0.0.0.0:38412], old=null
2019-10-20 17:41:23,654 [8f18dce1-0a3d-4b65-9c78-af3d58b2da7f@group-091950D56227-LeaderElection572] INFO  impl.RaftServerImpl (RaftServerImpl.java:setRole(184)) - 8f18dce1-0a3d-4b65-9c78-af3d58b2da7f@group-091950D56227: changes role from CANDIDATE to FOLLOWER at term 678 for DISCOVERED_A_NEW_TERM
2019-10-20 17:41:23,654 [8f18dce1-0a3d-4b65-9c78-af3d58b2da7f@group-091950D56227-LeaderElection572] INFO  impl.RoleInfo (RoleInfo.java:shutdownLeaderElection(134)) - 8f18dce1-0a3d-4b65-9c78-af3d58b2da7f: shutdown LeaderElection
2019-10-20 17:41:23,654 [8f18dce1-0a3d-4b65-9c78-af3d58b2da7f@group-091950D56227-LeaderElection572] INFO  impl.RoleInfo (RoleInfo.java:updateAndGet(143)) - 8f18dce1-0a3d-4b65-9c78-af3d58b2da7f: start FollowerState
2019-10-20 17:41:23,855 [Thread-4083] INFO  impl.FollowerState (FollowerState.java:run(108)) - 8f18dce1-0a3d-4b65-9c78-af3d58b2da7f@group-091950D56227-FollowerState: change to CANDIDATE, lastRpcTime:200ms, electionTimeout:200ms
2019-10-20 17:41:23,855 [Thread-4083] INFO  impl.RoleInfo (RoleInfo.java:shutdownFollowerState(121)) - 8f18dce1-0a3d-4b65-9c78-af3d58b2da7f: shutdown FollowerState
2019-10-20 17:41:23,855 [Thread-4083] INFO  impl.RaftServerImpl (RaftServerImpl.java:setRole(184)) - 8f18dce1-0a3d-4b65-9c78-af3d58b2da7f@group-091950D56227: changes role from  FOLLOWER to CANDIDATE at term 678 for changeToCandidate
2019-10-20 17:41:23,855 [Thread-4083] INFO  impl.RoleInfo (RoleInfo.java:updateAndGet(143)) - 8f18dce1-0a3d-4b65-9c78-af3d58b2da7f: start LeaderElection
2019-10-20 17:41:23,879 [8f18dce1-0a3d-4b65-9c78-af3d58b2da7f@group-091950D56227-LeaderElection573] INFO  impl.LeaderElection (LeaderElection.java:askForVotes(178)) - 8f18dce1-0a3d-4b65-9c78-af3d58b2da7f@group-091950D56227-LeaderElection573: begin an election at term 679 for -1: [8a63e1ae-032e-4bed-9f20-125a11f65413:0.0.0.0:38685, 8f18dce1-0a3d-4b65-9c78-af3d58b2da7f:0.0.0.0:42489, 7b1e61a0-7daf-43dd-99d5-9b325c1d31ae:0.0.0.0:38412], old=null
2019-10-20 17:41:23,880 [grpc-default-executor-1] INFO  impl.RaftServerImpl (RaftServerImpl.java:setRole(184)) - 8a63e1ae-032e-4bed-9f20-125a11f65413@group-091950D56227: changes role from  FOLLOWER to FOLLOWER at term 679 for recognizeCandidate:8f18dce1-0a3d-4b65-9c78-af3d58b2da7f
2019-10-20 17:41:23,880 [grpc-default-executor-3] INFO  impl.RaftServerImpl (RaftServerImpl.java:setRole(184)) - 7b1e61a0-7daf-43dd-99d5-9b325c1d31ae@group-091950D56227: changes role from  FOLLOWER to FOLLOWER at term 679 for recognizeCandidate:8f18dce1-0a3d-4b65-9c78-af3d58b2da7f
2019-10-20 17:41:23,880 [grpc-default-executor-1] INFO  impl.RoleInfo (RoleInfo.java:shutdownFollowerState(121)) - 8a63e1ae-032e-4bed-9f20-125a11f65413: shutdown FollowerState
2019-10-20 17:41:23,880 [grpc-default-executor-3] INFO  impl.RoleInfo (RoleInfo.java:shutdownFollowerState(121)) - 7b1e61a0-7daf-43dd-99d5-9b325c1d31ae: shutdown FollowerState
2019-10-20 17:41:23,880 [grpc-default-executor-1] INFO  impl.RoleInfo (RoleInfo.java:updateAndGet(143)) - 8a63e1ae-032e-4bed-9f20-125a11f65413: start FollowerState
2019-10-20 17:41:23,881 [Thread-4081] INFO  impl.FollowerState (FollowerState.java:run(117)) - 7b1e61a0-7daf-43dd-99d5-9b325c1d31ae@group-091950D56227-FollowerState was interrupted: java.lang.InterruptedException: sleep interrupted
2019-10-20 17:41:23,880 [grpc-default-executor-3] INFO  impl.RoleInfo (RoleInfo.java:updateAndGet(143)) - 7b1e61a0-7daf-43dd-99d5-9b325c1d31ae: start FollowerState
2019-10-20 17:41:23,880 [Thread-4082] INFO  impl.FollowerState (FollowerState.java:run(117)) - 8a63e1ae-032e-4bed-9f20-125a11f65413@group-091950D56227-FollowerState was interrupted: java.lang.InterruptedException: sleep interrupted
2019-10-20 17:41:23,905 [8f18dce1-0a3d-4b65-9c78-af3d58b2da7f@group-091950D56227-LeaderElection573] INFO  impl.LeaderElection (LeaderElection.java:logAndReturn(56)) - 8f18dce1-0a3d-4b65-9c78-af3d58b2da7f@group-091950D56227-LeaderElection573: Election REJECTED; received 2 response(s) [8f18dce1-0a3d-4b65-9c78-af3d58b2da7f<-8a63e1ae-032e-4bed-9f20-125a11f65413#0:FAIL-t679, 8f18dce1-0a3d-4b65-9c78-af3d58b2da7f<-7b1e61a0-7daf-43dd-99d5-9b325c1d31ae#0:FAIL-t679] and 0 exception(s); 8f18dce1-0a3d-4b65-9c78-af3d58b2da7f@group-091950D56227:t679, leader=null, voted=8f18dce1-0a3d-4b65-9c78-af3d58b2da7f, raftlog=8f18dce1-0a3d-4b65-9c78-af3d58b2da7f@group-091950D56227-SegmentedRaftLog:OPENED:c-1,f-1,i0, conf=-1: [8a63e1ae-032e-4bed-9f20-125a11f65413:0.0.0.0:38685, 8f18dce1-0a3d-4b65-9c78-af3d58b2da7f:0.0.0.0:42489, 7b1e61a0-7daf-43dd-99d5-9b325c1d31ae:0.0.0.0:38412], old=null
2019-10-20 17:41:23,905 [8f18dce1-0a3d-4b65-9c78-af3d58b2da7f@group-091950D56227-LeaderElection573] INFO  impl.RaftServerImpl (RaftServerImpl.java:setRole(184)) - 8f18dce1-0a3d-4b65-9c78-af3d58b2da7f@group-091950D56227: changes role from CANDIDATE to FOLLOWER at term 679 for DISCOVERED_A_NEW_TERM
2019-10-20 17:41:23,905 [8f18dce1-0a3d-4b65-9c78-af3d58b2da7f@group-091950D56227-LeaderElection573] INFO  impl.RoleInfo (RoleInfo.java:shutdownLeaderElection(134)) - 8f18dce1-0a3d-4b65-9c78-af3d58b2da7f: shutdown LeaderElection
2019-10-20 17:41:23,905 [8f18dce1-0a3d-4b65-9c78-af3d58b2da7f@group-091950D56227-LeaderElection573] INFO  impl.RoleInfo (RoleInfo.java:updateAndGet(143)) - 8f18dce1-0a3d-4b65-9c78-af3d58b2da7f: start FollowerState
2019-10-20 17:41:23,983 [Thread-4089] INFO  impl.FollowerState (FollowerState.java:run(108)) - 8f18dce1-0a3d-4b65-9c78-af3d58b2da7f@group-091950D56227-FollowerState: change to CANDIDATE, lastRpcTime:78ms, electionTimeout:78ms
2019-10-20 17:41:23,984 [Thread-4089] INFO  impl.RoleInfo (RoleInfo.java:shutdownFollowerState(121)) - 8f18dce1-0a3d-4b65-9c78-af3d58b2da7f: shutdown FollowerState
2019-10-20 17:41:23,984 [Thread-4089] INFO  impl.RaftServerImpl (RaftServerImpl.java:setRole(184)) - 8f18dce1-0a3d-4b65-9c78-af3d58b2da7f@group-091950D56227: changes role from  FOLLOWER to CANDIDATE at term 679 for changeToCandidate
2019-10-20 17:41:23,984 [Thread-4089] INFO  impl.RoleInfo (RoleInfo.java:updateAndGet(143)) - 8f18dce1-0a3d-4b65-9c78-af3d58b2da7f: start LeaderElection
2019-10-20 17:41:24,013 [8f18dce1-0a3d-4b65-9c78-af3d58b2da7f@group-091950D56227-LeaderElection574] INFO  impl.LeaderElection (LeaderElection.java:askForVotes(178)) - 8f18dce1-0a3d-4b65-9c78-af3d58b2da7f@group-091950D56227-LeaderElection574: begin an election at term 680 for -1: [8a63e1ae-032e-4bed-9f20-125a11f65413:0.0.0.0:38685, 8f18dce1-0a3d-4b65-9c78-af3d58b2da7f:0.0.0.0:42489, 7b1e61a0-7daf-43dd-99d5-9b325c1d31ae:0.0.0.0:38412], old=null
2019-10-20 17:41:24,015 [grpc-default-executor-1] INFO  impl.RaftServerImpl (RaftServerImpl.java:setRole(184)) - 7b1e61a0-7daf-43dd-99d5-9b325c1d31ae@group-091950D56227: changes role from  FOLLOWER to FOLLOWER at term 680 for recognizeCandidate:8f18dce1-0a3d-4b65-9c78-af3d58b2da7f
2019-10-20 17:41:24,015 [grpc-default-executor-1] INFO  impl.RoleInfo (RoleInfo.java:shutdownFollowerState(121)) - 7b1e61a0-7daf-43dd-99d5-9b325c1d31ae: shutdown FollowerState
2019-10-20 17:41:24,015 [grpc-default-executor-3] INFO  impl.RaftServerImpl (RaftServerImpl.java:setRole(184)) - 8a63e1ae-032e-4bed-9f20-125a11f65413@group-091950D56227: changes role from  FOLLOWER to FOLLOWER at term 680 for recognizeCandidate:8f18dce1-0a3d-4b65-9c78-af3d58b2da7f
2019-10-20 17:41:24,015 [grpc-default-executor-3] INFO  impl.RoleInfo (RoleInfo.java:shutdownFollowerState(121)) - 8a63e1ae-032e-4bed-9f20-125a11f65413: shutdown FollowerState
2019-10-20 17:41:24,015 [Thread-4088] INFO  impl.FollowerState (FollowerState.java:run(117)) - 7b1e61a0-7daf-43dd-99d5-9b325c1d31ae@group-091950D56227-FollowerState was interrupted: java.lang.InterruptedException: sleep interrupted
2019-10-20 17:41:24,015 [grpc-default-executor-1] INFO  impl.RoleInfo (RoleInfo.java:updateAndGet(143)) - 7b1e61a0-7daf-43dd-99d5-9b325c1d31ae: start FollowerState
2019-10-20 17:41:24,015 [grpc-default-executor-3] INFO  impl.RoleInfo (RoleInfo.java:updateAndGet(143)) - 8a63e1ae-032e-4bed-9f20-125a11f65413: start FollowerState
2019-10-20 17:41:24,015 [Thread-4087] INFO  impl.FollowerState (FollowerState.java:run(117)) - 8a63e1ae-032e-4bed-9f20-125a11f65413@group-091950D56227-FollowerState was interrupted: java.lang.InterruptedException: sleep interrupted
2019-10-20 17:41:24,029 [8f18dce1-0a3d-4b65-9c78-af3d58b2da7f@group-091950D56227-LeaderElection574] INFO  impl.LeaderElection (LeaderElection.java:logAndReturn(56)) - 8f18dce1-0a3d-4b65-9c78-af3d58b2da7f@group-091950D56227-LeaderElection574: Election TIMEOUT; received 0 response(s) [] and 0 exception(s); 8f18dce1-0a3d-4b65-9c78-af3d58b2da7f@group-091950D56227:t680, leader=null, voted=8f18dce1-0a3d-4b65-9c78-af3d58b2da7f, raftlog=8f18dce1-0a3d-4b65-9c78-af3d58b2da7f@group-091950D56227-SegmentedRaftLog:OPENED:c-1,f-1,i0, conf=-1: [8a63e1ae-032e-4bed-9f20-125a11f65413:0.0.0.0:38685, 8f18dce1-0a3d-4b65-9c78-af3d58b2da7f:0.0.0.0:42489, 7b1e61a0-7daf-43dd-99d5-9b325c1d31ae:0.0.0.0:38412], old=null
2019-10-20 17:41:24,055 [8f18dce1-0a3d-4b65-9c78-af3d58b2da7f@group-091950D56227-LeaderElection574] INFO  impl.LeaderElection (LeaderElection.java:askForVotes(178)) - 8f18dce1-0a3d-4b65-9c78-af3d58b2da7f@group-091950D56227-LeaderElection574: begin an election at term 681 for -1: [8a63e1ae-032e-4bed-9f20-125a11f65413:0.0.0.0:38685, 8f18dce1-0a3d-4b65-9c78-af3d58b2da7f:0.0.0.0:42489, 7b1e61a0-7daf-43dd-99d5-9b325c1d31ae:0.0.0.0:38412], old=null
2019-10-20 17:41:24,057 [grpc-default-executor-3] INFO  impl.RaftServerImpl (RaftServerImpl.java:setRole(184)) - 8a63e1ae-032e-4bed-9f20-125a11f65413@group-091950D56227: changes role from  FOLLOWER to FOLLOWER at term 681 for recognizeCandidate:8f18dce1-0a3d-4b65-9c78-af3d58b2da7f
2019-10-20 17:41:24,057 [grpc-default-executor-3] INFO  impl.RoleInfo (RoleInfo.java:shutdownFollowerState(121)) - 8a63e1ae-032e-4bed-9f20-125a11f65413: shutdown FollowerState
2019-10-20 17:41:24,057 [grpc-default-executor-1] INFO  impl.RaftServerImpl (RaftServerImpl.java:setRole(184)) - 7b1e61a0-7daf-43dd-99d5-9b325c1d31ae@group-091950D56227: changes role from  FOLLOWER to FOLLOWER at term 681 for recognizeCandidate:8f18dce1-0a3d-4b65-9c78-af3d58b2da7f
2019-10-20 17:41:24,057 [grpc-default-executor-1] INFO  impl.RoleInfo (RoleInfo.java:shutdownFollowerState(121)) - 7b1e61a0-7daf-43dd-99d5-9b325c1d31ae: shutdown FollowerState
2019-10-20 17:41:24,057 [Thread-4094] INFO  impl.FollowerState (FollowerState.java:run(117)) - 8a63e1ae-032e-4bed-9f20-125a11f65413@group-091950D56227-FollowerState was interrupted: java.lang.InterruptedException: sleep interrupted
2019-10-20 17:41:24,057 [grpc-default-executor-3] INFO  impl.RoleInfo (RoleInfo.java:updateAndGet(143)) - 8a63e1ae-032e-4bed-9f20-125a11f65413: start FollowerState
2019-10-20 17:41:24,057 [Thread-4093] INFO  impl.FollowerState (FollowerState.java:run(117)) - 7b1e61a0-7daf-43dd-99d5-9b325c1d31ae@group-091950D56227-FollowerState was interrupted: java.lang.InterruptedException: sleep interrupted
2019-10-20 17:41:24,057 [grpc-default-executor-1] INFO  impl.RoleInfo (RoleInfo.java:updateAndGet(143)) - 7b1e61a0-7daf-43dd-99d5-9b325c1d31ae: start FollowerState
2019-10-20 17:41:24,081 [8f18dce1-0a3d-4b65-9c78-af3d58b2da7f@group-091950D56227-LeaderElection574] INFO  impl.LeaderElection (LeaderElection.java:logAndReturn(56)) - 8f18dce1-0a3d-4b65-9c78-af3d58b2da7f@group-091950D56227-LeaderElection574: Election REJECTED; received 2 response(s) [8f18dce1-0a3d-4b65-9c78-af3d58b2da7f<-8a63e1ae-032e-4bed-9f20-125a11f65413#0:FAIL-t681, 8f18dce1-0a3d-4b65-9c78-af3d58b2da7f<-7b1e61a0-7daf-43dd-99d5-9b325c1d31ae#0:FAIL-t681] and 0 exception(s); 8f18dce1-0a3d-4b65-9c78-af3d58b2da7f@group-091950D56227:t681, leader=null, voted=8f18dce1-0a3d-4b65-9c78-af3d58b2da7f, raftlog=8f18dce1-0a3d-4b65-9c78-af3d58b2da7f@group-091950D56227-SegmentedRaftLog:OPENED:c-1,f-1,i0, conf=-1: [8a63e1ae-032e-4bed-9f20-125a11f65413:0.0.0.0:38685, 8f18dce1-0a3d-4b65-9c78-af3d58b2da7f:0.0.0.0:42489, 7b1e61a0-7daf-43dd-99d5-9b325c1d31ae:0.0.0.0:38412], old=null
2019-10-20 17:41:24,082 [8f18dce1-0a3d-4b65-9c78-af3d58b2da7f@group-091950D56227-LeaderElection574] INFO  impl.RaftServerImpl (RaftServerImpl.java:setRole(184)) - 8f18dce1-0a3d-4b65-9c78-af3d58b2da7f@group-091950D56227: changes role from CANDIDATE to FOLLOWER at term 681 for DISCOVERED_A_NEW_TERM
2019-10-20 17:41:24,082 [8f18dce1-0a3d-4b65-9c78-af3d58b2da7f@group-091950D56227-LeaderElection574] INFO  impl.RoleInfo (RoleInfo.java:shutdownLeaderElection(134)) - 8f18dce1-0a3d-4b65-9c78-af3d58b2da7f: shutdown LeaderElection
2019-10-20 17:41:24,082 [8f18dce1-0a3d-4b65-9c78-af3d58b2da7f@group-091950D56227-LeaderElection574] INFO  impl.RoleInfo (RoleInfo.java:updateAndGet(143)) - 8f18dce1-0a3d-4b65-9c78-af3d58b2da7f: start FollowerState
2019-10-20 17:41:24,195 [Thread-4099] INFO  impl.FollowerState (FollowerState.java:run(108)) - 8f18dce1-0a3d-4b65-9c78-af3d58b2da7f@group-091950D56227-FollowerState: change to CANDIDATE, lastRpcTime:113ms, electionTimeout:113ms
2019-10-20 17:41:24,195 [Thread-4099] INFO  impl.RoleInfo (RoleInfo.java:shutdownFollowerState(121)) - 8f18dce1-0a3d-4b65-9c78-af3d58b2da7f: shutdown FollowerState
2019-10-20 17:41:24,196 [Thread-4099] INFO  impl.RaftServerImpl (RaftServerImpl.java:setRole(184)) - 8f18dce1-0a3d-4b65-9c78-af3d58b2da7f@group-091950D56227: changes role from  FOLLOWER to CANDIDATE at term 681 for changeToCandidate
2019-10-20 17:41:24,196 [Thread-4099] INFO  impl.RoleInfo (RoleInfo.java:updateAndGet(143)) - 8f18dce1-0a3d-4b65-9c78-af3d58b2da7f: start LeaderElection
2019-10-20 17:41:24,223 [8f18dce1-0a3d-4b65-9c78-af3d58b2da7f@group-091950D56227-LeaderElection575] INFO  impl.LeaderElection (LeaderElection.java:askForVotes(178)) - 8f18dce1-0a3d-4b65-9c78-af3d58b2da7f@group-091950D56227-LeaderElection575: begin an election at term 682 for -1: [8a63e1ae-032e-4bed-9f20-125a11f65413:0.0.0.0:38685, 8f18dce1-0a3d-4b65-9c78-af3d58b2da7f:0.0.0.0:42489, 7b1e61a0-7daf-43dd-99d5-9b325c1d31ae:0.0.0.0:38412], old=null
2019-10-20 17:41:24,224 [grpc-default-executor-3] INFO  impl.RaftServerImpl (RaftServerImpl.java:setRole(184)) - 8a63e1ae-032e-4bed-9f20-125a11f65413@group-091950D56227: changes role from  FOLLOWER to FOLLOWER at term 682 for recognizeCandidate:8f18dce1-0a3d-4b65-9c78-af3d58b2da7f
2019-10-20 17:41:24,224 [grpc-default-executor-3] INFO  impl.RoleInfo (RoleInfo.java:shutdownFollowerState(121)) - 8a63e1ae-032e-4bed-9f20-125a11f65413: shutdown FollowerState
2019-10-20 17:41:24,224 [grpc-default-executor-1] INFO  impl.RaftServerImpl (RaftServerImpl.java:setRole(184)) - 7b1e61a0-7daf-43dd-99d5-9b325c1d31ae@group-091950D56227: changes role from  FOLLOWER to FOLLOWER at term 682 for recognizeCandidate:8f18dce1-0a3d-4b65-9c78-af3d58b2da7f
2019-10-20 17:41:24,224 [grpc-default-executor-1] INFO  impl.RoleInfo (RoleInfo.java:shutdownFollowerState(121)) - 7b1e61a0-7daf-43dd-99d5-9b325c1d31ae: shutdown FollowerState
2019-10-20 17:41:24,224 [Thread-4097] INFO  impl.FollowerState (FollowerState.java:run(117)) - 8a63e1ae-032e-4bed-9f20-125a11f65413@group-091950D56227-FollowerState was interrupted: java.lang.InterruptedException: sleep interrupted
2019-10-20 17:41:24,224 [grpc-default-executor-3] INFO  impl.RoleInfo (RoleInfo.java:updateAndGet(143)) - 8a63e1ae-032e-4bed-9f20-125a11f65413: start FollowerState
2019-10-20 17:41:24,224 [Thread-4098] INFO  impl.FollowerState (FollowerState.java:run(117)) - 7b1e61a0-7daf-43dd-99d5-9b325c1d31ae@group-091950D56227-FollowerState was interrupted: java.lang.InterruptedException: sleep interrupted
2019-10-20 17:41:24,224 [grpc-default-executor-1] INFO  impl.RoleInfo (RoleInfo.java:updateAndGet(143)) - 7b1e61a0-7daf-43dd-99d5-9b325c1d31ae: start FollowerState
2019-10-20 17:41:24,249 [8f18dce1-0a3d-4b65-9c78-af3d58b2da7f@group-091950D56227-LeaderElection575] INFO  impl.LeaderElection (LeaderElection.java:logAndReturn(56)) - 8f18dce1-0a3d-4b65-9c78-af3d58b2da7f@group-091950D56227-LeaderElection575: Election REJECTED; received 2 response(s) [8f18dce1-0a3d-4b65-9c78-af3d58b2da7f<-8a63e1ae-032e-4bed-9f20-125a11f65413#0:FAIL-t682, 8f18dce1-0a3d-4b65-9c78-af3d58b2da7f<-7b1e61a0-7daf-43dd-99d5-9b325c1d31ae#0:FAIL-t682] and 0 exception(s); 8f18dce1-0a3d-4b65-9c78-af3d58b2da7f@group-091950D56227:t682, leader=null, voted=8f18dce1-0a3d-4b65-9c78-af3d58b2da7f, raftlog=8f18dce1-0a3d-4b65-9c78-af3d58b2da7f@group-091950D56227-SegmentedRaftLog:OPENED:c-1,f-1,i0, conf=-1: [8a63e1ae-032e-4bed-9f20-125a11f65413:0.0.0.0:38685, 8f18dce1-0a3d-4b65-9c78-af3d58b2da7f:0.0.0.0:42489, 7b1e61a0-7daf-43dd-99d5-9b325c1d31ae:0.0.0.0:38412], old=null
2019-10-20 17:41:24,249 [8f18dce1-0a3d-4b65-9c78-af3d58b2da7f@group-091950D56227-LeaderElection575] INFO  impl.RaftServerImpl (RaftServerImpl.java:setRole(184)) - 8f18dce1-0a3d-4b65-9c78-af3d58b2da7f@group-091950D56227: changes role from CANDIDATE to FOLLOWER at term 682 for DISCOVERED_A_NEW_TERM
2019-10-20 17:41:24,249 [8f18dce1-0a3d-4b65-9c78-af3d58b2da7f@group-091950D56227-LeaderElection575] INFO  impl.RoleInfo (RoleInfo.java:shutdownLeaderElection(134)) - 8f18dce1-0a3d-4b65-9c78-af3d58b2da7f: shutdown LeaderElection
2019-10-20 17:41:24,249 [8f18dce1-0a3d-4b65-9c78-af3d58b2da7f@group-091950D56227-LeaderElection575] INFO  impl.RoleInfo (RoleInfo.java:updateAndGet(143)) - 8f18dce1-0a3d-4b65-9c78-af3d58b2da7f: start FollowerState
2019-10-20 17:41:24,313 [Thread-4105] INFO  impl.FollowerState (FollowerState.java:run(108)) - 8f18dce1-0a3d-4b65-9c78-af3d58b2da7f@group-091950D56227-FollowerState: change to CANDIDATE, lastRpcTime:64ms, electionTimeout:64ms
2019-10-20 17:41:24,313 [Thread-4105] INFO  impl.RoleInfo (RoleInfo.java:shutdownFollowerState(121)) - 8f18dce1-0a3d-4b65-9c78-af3d58b2da7f: shutdown FollowerState
2019-10-20 17:41:24,314 [Thread-4105] INFO  impl.RaftServerImpl (RaftServerImpl.java:setRole(184)) - 8f18dce1-0a3d-4b65-9c78-af3d58b2da7f@group-091950D56227: changes role from  FOLLOWER to CANDIDATE at term 682 for changeToCandidate
2019-10-20 17:41:24,314 [Thread-4105] INFO  impl.RoleInfo (RoleInfo.java:updateAndGet(143)) - 8f18dce1-0a3d-4b65-9c78-af3d58b2da7f: start LeaderElection
2019-10-20 17:41:24,340 [8f18dce1-0a3d-4b65-9c78-af3d58b2da7f@group-091950D56227-LeaderElection576] INFO  impl.LeaderElection (LeaderElection.java:askForVotes(178)) - 8f18dce1-0a3d-4b65-9c78-af3d58b2da7f@group-091950D56227-LeaderElection576: begin an election at term 683 for -1: [8a63e1ae-032e-4bed-9f20-125a11f65413:0.0.0.0:38685, 8f18dce1-0a3d-4b65-9c78-af3d58b2da7f:0.0.0.0:42489, 7b1e61a0-7daf-43dd-99d5-9b325c1d31ae:0.0.0.0:38412], old=null
2019-10-20 17:41:24,342 [grpc-default-executor-1] INFO  impl.RaftServerImpl (RaftServerImpl.java:setRole(184)) - 8a63e1ae-032e-4bed-9f20-125a11f65413@group-091950D56227: changes role from  FOLLOWER to FOLLOWER at term 683 for recognizeCandidate:8f18dce1-0a3d-4b65-9c78-af3d58b2da7f
2019-10-20 17:41:24,342 [grpc-default-executor-1] INFO  impl.RoleInfo (RoleInfo.java:shutdownFollowerState(121)) - 8a63e1ae-032e-4bed-9f20-125a11f65413: shutdown FollowerState
2019-10-20 17:41:24,342 [grpc-default-executor-3] INFO  impl.RaftServerImpl (RaftServerImpl.java:setRole(184)) - 7b1e61a0-7daf-43dd-99d5-9b325c1d31ae@group-091950D56227: changes role from  FOLLOWER to FOLLOWER at term 683 for recognizeCandidate:8f18dce1-0a3d-4b65-9c78-af3d58b2da7f
2019-10-20 17:41:24,342 [grpc-default-executor-3] INFO  impl.RoleInfo (RoleInfo.java:shutdownFollowerState(121)) - 7b1e61a0-7daf-43dd-99d5-9b325c1d31ae: shutdown FollowerState
2019-10-20 17:41:24,342 [Thread-4103] INFO  impl.FollowerState (FollowerState.java:run(117)) - 8a63e1ae-032e-4bed-9f20-125a11f65413@group-091950D56227-FollowerState was interrupted: java.lang.InterruptedException: sleep interrupted
2019-10-20 17:41:24,342 [grpc-default-executor-1] INFO  impl.RoleInfo (RoleInfo.java:updateAndGet(143)) - 8a63e1ae-032e-4bed-9f20-125a11f65413: start FollowerState
2019-10-20 17:41:24,342 [Thread-4104] INFO  impl.FollowerState (FollowerState.java:run(117)) - 7b1e61a0-7daf-43dd-99d5-9b325c1d31ae@group-091950D56227-FollowerState was interrupted: java.lang.InterruptedException: sleep interrupted
2019-10-20 17:41:24,342 [grpc-default-executor-3] INFO  impl.RoleInfo (RoleInfo.java:updateAndGet(143)) - 7b1e61a0-7daf-43dd-99d5-9b325c1d31ae: start FollowerState
2019-10-20 17:41:24,367 [8f18dce1-0a3d-4b65-9c78-af3d58b2da7f@group-091950D56227-LeaderElection576] INFO  impl.LeaderElection (LeaderElection.java:logAndReturn(56)) - 8f18dce1-0a3d-4b65-9c78-af3d58b2da7f@group-091950D56227-LeaderElection576: Election REJECTED; received 2 response(s) [8f18dce1-0a3d-4b65-9c78-af3d58b2da7f<-8a63e1ae-032e-4bed-9f20-125a11f65413#0:FAIL-t683, 8f18dce1-0a3d-4b65-9c78-af3d58b2da7f<-7b1e61a0-7daf-43dd-99d5-9b325c1d31ae#0:FAIL-t683] and 0 exception(s); 8f18dce1-0a3d-4b65-9c78-af3d58b2da7f@group-091950D56227:t683, leader=null, voted=8f18dce1-0a3d-4b65-9c78-af3d58b2da7f, raftlog=8f18dce1-0a3d-4b65-9c78-af3d58b2da7f@group-091950D56227-SegmentedRaftLog:OPENED:c-1,f-1,i0, conf=-1: [8a63e1ae-032e-4bed-9f20-125a11f65413:0.0.0.0:38685, 8f18dce1-0a3d-4b65-9c78-af3d58b2da7f:0.0.0.0:42489, 7b1e61a0-7daf-43dd-99d5-9b325c1d31ae:0.0.0.0:38412], old=null
2019-10-20 17:41:24,367 [8f18dce1-0a3d-4b65-9c78-af3d58b2da7f@group-091950D56227-LeaderElection576] INFO  impl.RaftServerImpl (RaftServerImpl.java:setRole(184)) - 8f18dce1-0a3d-4b65-9c78-af3d58b2da7f@group-091950D56227: changes role from CANDIDATE to FOLLOWER at term 683 for DISCOVERED_A_NEW_TERM
2019-10-20 17:41:24,367 [8f18dce1-0a3d-4b65-9c78-af3d58b2da7f@group-091950D56227-LeaderElection576] INFO  impl.RoleInfo (RoleInfo.java:shutdownLeaderElection(134)) - 8f18dce1-0a3d-4b65-9c78-af3d58b2da7f: shutdown LeaderElection
2019-10-20 17:41:24,367 [8f18dce1-0a3d-4b65-9c78-af3d58b2da7f@group-091950D56227-LeaderElection576] INFO  impl.RoleInfo (RoleInfo.java:updateAndGet(143)) - 8f18dce1-0a3d-4b65-9c78-af3d58b2da7f: start FollowerState
2019-10-20 17:41:24,555 [Thread-4111] INFO  impl.FollowerState (FollowerState.java:run(108)) - 8f18dce1-0a3d-4b65-9c78-af3d58b2da7f@group-091950D56227-FollowerState: change to CANDIDATE, lastRpcTime:188ms, electionTimeout:188ms
2019-10-20 17:41:24,555 [Thread-4111] INFO  impl.RoleInfo (RoleInfo.java:shutdownFollowerState(121)) - 8f18dce1-0a3d-4b65-9c78-af3d58b2da7f: shutdown FollowerState
2019-10-20 17:41:24,555 [Thread-4111] INFO  impl.RaftServerImpl (RaftServerImpl.java:setRole(184)) - 8f18dce1-0a3d-4b65-9c78-af3d58b2da7f@group-091950D56227: changes role from  FOLLOWER to CANDIDATE at term 683 for changeToCandidate
2019-10-20 17:41:24,555 [Thread-4111] INFO  impl.RoleInfo (RoleInfo.java:updateAndGet(143)) - 8f18dce1-0a3d-4b65-9c78-af3d58b2da7f: start LeaderElection
2019-10-20 17:41:24,583 [8f18dce1-0a3d-4b65-9c78-af3d58b2da7f@group-091950D56227-LeaderElection577] INFO  impl.LeaderElection (LeaderElection.java:askForVotes(178)) - 8f18dce1-0a3d-4b65-9c78-af3d58b2da7f@group-091950D56227-LeaderElection577: begin an election at term 684 for -1: [8a63e1ae-032e-4bed-9f20-125a11f65413:0.0.0.0:38685, 8f18dce1-0a3d-4b65-9c78-af3d58b2da7f:0.0.0.0:42489, 7b1e61a0-7daf-43dd-99d5-9b325c1d31ae:0.0.0.0:38412], old=null
2019-10-20 17:41:24,584 [grpc-default-executor-3] INFO  impl.RaftServerImpl (RaftServerImpl.java:setRole(184)) - 7b1e61a0-7daf-43dd-99d5-9b325c1d31ae@group-091950D56227: changes role from  FOLLOWER to FOLLOWER at term 684 for recognizeCandidate:8f18dce1-0a3d-4b65-9c78-af3d58b2da7f
2019-10-20 17:41:24,584 [grpc-default-executor-3] INFO  impl.RoleInfo (RoleInfo.java:shutdownFollowerState(121)) - 7b1e61a0-7daf-43dd-99d5-9b325c1d31ae: shutdown FollowerState
2019-10-20 17:41:24,584 [grpc-default-executor-1] INFO  impl.RaftServerImpl (RaftServerImpl.java:setRole(184)) - 8a63e1ae-032e-4bed-9f20-125a11f65413@group-091950D56227: changes role from  FOLLOWER to FOLLOWER at term 684 for recognizeCandidate:8f18dce1-0a3d-4b65-9c78-af3d58b2da7f
2019-10-20 17:41:24,585 [grpc-default-executor-1] INFO  impl.RoleInfo (RoleInfo.java:shutdownFollowerState(121)) - 8a63e1ae-032e-4bed-9f20-125a11f65413: shutdown FollowerState
2019-10-20 17:41:24,585 [Thread-4110] INFO  impl.FollowerState (FollowerState.java:run(117)) - 7b1e61a0-7daf-43dd-99d5-9b325c1d31ae@group-091950D56227-FollowerState was interrupted: java.lang.InterruptedException: sleep interrupted
2019-10-20 17:41:24,585 [grpc-default-executor-3] INFO  impl.RoleInfo (RoleInfo.java:updateAndGet(143)) - 7b1e61a0-7daf-43dd-99d5-9b325c1d31ae: start FollowerState
2019-10-20 17:41:24,585 [Thread-4109] INFO  impl.FollowerState (FollowerState.java:run(117)) - 8a63e1ae-032e-4bed-9f20-125a11f65413@group-091950D56227-FollowerState was interrupted: java.lang.InterruptedException: sleep interrupted
2019-10-20 17:41:24,585 [grpc-default-executor-1] INFO  impl.RoleInfo (RoleInfo.java:updateAndGet(143)) - 8a63e1ae-032e-4bed-9f20-125a11f65413: start FollowerState
2019-10-20 17:41:24,609 [8f18dce1-0a3d-4b65-9c78-af3d58b2da7f@group-091950D56227-LeaderElection577] INFO  impl.LeaderElection (LeaderElection.java:logAndReturn(56)) - 8f18dce1-0a3d-4b65-9c78-af3d58b2da7f@group-091950D56227-LeaderElection577: Election REJECTED; received 2 response(s) [8f18dce1-0a3d-4b65-9c78-af3d58b2da7f<-8a63e1ae-032e-4bed-9f20-125a11f65413#0:FAIL-t684, 8f18dce1-0a3d-4b65-9c78-af3d58b2da7f<-7b1e61a0-7daf-43dd-99d5-9b325c1d31ae#0:FAIL-t684] and 0 exception(s); 8f18dce1-0a3d-4b65-9c78-af3d58b2da7f@group-091950D56227:t684, leader=null, voted=8f18dce1-0a3d-4b65-9c78-af3d58b2da7f, raftlog=8f18dce1-0a3d-4b65-9c78-af3d58b2da7f@group-091950D56227-SegmentedRaftLog:OPENED:c-1,f-1,i0, conf=-1: [8a63e1ae-032e-4bed-9f20-125a11f65413:0.0.0.0:38685, 8f18dce1-0a3d-4b65-9c78-af3d58b2da7f:0.0.0.0:42489, 7b1e61a0-7daf-43dd-99d5-9b325c1d31ae:0.0.0.0:38412], old=null
2019-10-20 17:41:24,609 [8f18dce1-0a3d-4b65-9c78-af3d58b2da7f@group-091950D56227-LeaderElection577] INFO  impl.RaftServerImpl (RaftServerImpl.java:setRole(184)) - 8f18dce1-0a3d-4b65-9c78-af3d58b2da7f@group-091950D56227: changes role from CANDIDATE to FOLLOWER at term 684 for DISCOVERED_A_NEW_TERM
2019-10-20 17:41:24,609 [8f18dce1-0a3d-4b65-9c78-af3d58b2da7f@group-091950D56227-LeaderElection577] INFO  impl.RoleInfo (RoleInfo.java:shutdownLeaderElection(134)) - 8f18dce1-0a3d-4b65-9c78-af3d58b2da7f: shutdown LeaderElection
2019-10-20 17:41:24,609 [8f18dce1-0a3d-4b65-9c78-af3d58b2da7f@group-091950D56227-LeaderElection577] INFO  impl.RoleInfo (RoleInfo.java:updateAndGet(143)) - 8f18dce1-0a3d-4b65-9c78-af3d58b2da7f: start FollowerState
2019-10-20 17:41:24,660 [Thread-4119] INFO  impl.FollowerState (FollowerState.java:run(108)) - 8f18dce1-0a3d-4b65-9c78-af3d58b2da7f@group-091950D56227-FollowerState: change to CANDIDATE, lastRpcTime:50ms, electionTimeout:50ms
2019-10-20 17:41:24,660 [Thread-4119] INFO  impl.RoleInfo (RoleInfo.java:shutdownFollowerState(121)) - 8f18dce1-0a3d-4b65-9c78-af3d58b2da7f: shutdown FollowerState
2019-10-20 17:41:24,660 [Thread-4119] INFO  impl.RaftServerImpl (RaftServerImpl.java:setRole(184)) - 8f18dce1-0a3d-4b65-9c78-af3d58b2da7f@group-091950D56227: changes role from  FOLLOWER to CANDIDATE at term 684 for changeToCandidate
2019-10-20 17:41:24,660 [Thread-4119] INFO  impl.RoleInfo (RoleInfo.java:updateAndGet(143)) - 8f18dce1-0a3d-4b65-9c78-af3d58b2da7f: start LeaderElection
2019-10-20 17:41:24,685 [8f18dce1-0a3d-4b65-9c78-af3d58b2da7f@group-091950D56227-LeaderElection578] INFO  impl.LeaderElection (LeaderElection.java:askForVotes(178)) - 8f18dce1-0a3d-4b65-9c78-af3d58b2da7f@group-091950D56227-LeaderElection578: begin an election at term 685 for -1: [8a63e1ae-032e-4bed-9f20-125a11f65413:0.0.0.0:38685, 8f18dce1-0a3d-4b65-9c78-af3d58b2da7f:0.0.0.0:42489, 7b1e61a0-7daf-43dd-99d5-9b325c1d31ae:0.0.0.0:38412], old=null
2019-10-20 17:41:24,687 [grpc-default-executor-3] INFO  impl.RaftServerImpl (RaftServerImpl.java:setRole(184)) - 8a63e1ae-032e-4bed-9f20-125a11f65413@group-091950D56227: changes role from  FOLLOWER to FOLLOWER at term 685 for recognizeCandidate:8f18dce1-0a3d-4b65-9c78-af3d58b2da7f
2019-10-20 17:41:24,687 [grpc-default-executor-3] INFO  impl.RoleInfo (RoleInfo.java:shutdownFollowerState(121)) - 8a63e1ae-032e-4bed-9f20-125a11f65413: shutdown FollowerState
2019-10-20 17:41:24,687 [grpc-default-executor-1] INFO  impl.RaftServerImpl (RaftServerImpl.java:setRole(184)) - 7b1e61a0-7daf-43dd-99d5-9b325c1d31ae@group-091950D56227: changes role from  FOLLOWER to FOLLOWER at term 685 for recognizeCandidate:8f18dce1-0a3d-4b65-9c78-af3d58b2da7f
2019-10-20 17:41:24,687 [Thread-4116] INFO  impl.FollowerState (FollowerState.java:run(117)) - 8a63e1ae-032e-4bed-9f20-125a11f65413@group-091950D56227-FollowerState was interrupted: java.lang.InterruptedException: sleep interrupted
2019-10-20 17:41:24,687 [grpc-default-executor-3] INFO  impl.RoleInfo (RoleInfo.java:updateAndGet(143)) - 8a63e1ae-032e-4bed-9f20-125a11f65413: start FollowerState
2019-10-20 17:41:24,687 [grpc-default-executor-1] INFO  impl.RoleInfo (RoleInfo.java:shutdownFollowerState(121)) - 7b1e61a0-7daf-43dd-99d5-9b325c1d31ae: shutdown FollowerState
2019-10-20 17:41:24,687 [grpc-default-executor-1] INFO  impl.RoleInfo (RoleInfo.java:updateAndGet(143)) - 7b1e61a0-7daf-43dd-99d5-9b325c1d31ae: start FollowerState
2019-10-20 17:41:24,687 [Thread-4115] INFO  impl.FollowerState (FollowerState.java:run(117)) - 7b1e61a0-7daf-43dd-99d5-9b325c1d31ae@group-091950D56227-FollowerState was interrupted: java.lang.InterruptedException: sleep interrupted
2019-10-20 17:41:24,711 [8f18dce1-0a3d-4b65-9c78-af3d58b2da7f@group-091950D56227-LeaderElection578] INFO  impl.LeaderElection (LeaderElection.java:logAndReturn(56)) - 8f18dce1-0a3d-4b65-9c78-af3d58b2da7f@group-091950D56227-LeaderElection578: Election REJECTED; received 2 response(s) [8f18dce1-0a3d-4b65-9c78-af3d58b2da7f<-8a63e1ae-032e-4bed-9f20-125a11f65413#0:FAIL-t685, 8f18dce1-0a3d-4b65-9c78-af3d58b2da7f<-7b1e61a0-7daf-43dd-99d5-9b325c1d31ae#0:FAIL-t685] and 0 exception(s); 8f18dce1-0a3d-4b65-9c78-af3d58b2da7f@group-091950D56227:t685, leader=null, voted=8f18dce1-0a3d-4b65-9c78-af3d58b2da7f, raftlog=8f18dce1-0a3d-4b65-9c78-af3d58b2da7f@group-091950D56227-SegmentedRaftLog:OPENED:c-1,f-1,i0, conf=-1: [8a63e1ae-032e-4bed-9f20-125a11f65413:0.0.0.0:38685, 8f18dce1-0a3d-4b65-9c78-af3d58b2da7f:0.0.0.0:42489, 7b1e61a0-7daf-43dd-99d5-9b325c1d31ae:0.0.0.0:38412], old=null
2019-10-20 17:41:24,711 [8f18dce1-0a3d-4b65-9c78-af3d58b2da7f@group-091950D56227-LeaderElection578] INFO  impl.RaftServerImpl (RaftServerImpl.java:setRole(184)) - 8f18dce1-0a3d-4b65-9c78-af3d58b2da7f@group-091950D56227: changes role from CANDIDATE to FOLLOWER at term 685 for DISCOVERED_A_NEW_TERM
2019-10-20 17:41:24,711 [8f18dce1-0a3d-4b65-9c78-af3d58b2da7f@group-091950D56227-LeaderElection578] INFO  impl.RoleInfo (RoleInfo.java:shutdownLeaderElection(134)) - 8f18dce1-0a3d-4b65-9c78-af3d58b2da7f: shutdown LeaderElection
2019-10-20 17:41:24,711 [8f18dce1-0a3d-4b65-9c78-af3d58b2da7f@group-091950D56227-LeaderElection578] INFO  impl.RoleInfo (RoleInfo.java:updateAndGet(143)) - 8f18dce1-0a3d-4b65-9c78-af3d58b2da7f: start FollowerState
2019-10-20 17:41:24,779 [Thread-4125] INFO  impl.FollowerState (FollowerState.java:run(108)) - 8f18dce1-0a3d-4b65-9c78-af3d58b2da7f@group-091950D56227-FollowerState: change to CANDIDATE, lastRpcTime:67ms, electionTimeout:67ms
2019-10-20 17:41:24,779 [Thread-4125] INFO  impl.RoleInfo (RoleInfo.java:shutdownFollowerState(121)) - 8f18dce1-0a3d-4b65-9c78-af3d58b2da7f: shutdown FollowerState
2019-10-20 17:41:24,779 [Thread-4125] INFO  impl.RaftServerImpl (RaftServerImpl.java:setRole(184)) - 8f18dce1-0a3d-4b65-9c78-af3d58b2da7f@group-091950D56227: changes role from  FOLLOWER to CANDIDATE at term 685 for changeToCandidate
2019-10-20 17:41:24,779 [Thread-4125] INFO  impl.RoleInfo (RoleInfo.java:updateAndGet(143)) - 8f18dce1-0a3d-4b65-9c78-af3d58b2da7f: start LeaderElection
2019-10-20 17:41:24,803 [8f18dce1-0a3d-4b65-9c78-af3d58b2da7f@group-091950D56227-LeaderElection579] INFO  impl.LeaderElection (LeaderElection.java:askForVotes(178)) - 8f18dce1-0a3d-4b65-9c78-af3d58b2da7f@group-091950D56227-LeaderElection579: begin an election at term 686 for -1: [8a63e1ae-032e-4bed-9f20-125a11f65413:0.0.0.0:38685, 8f18dce1-0a3d-4b65-9c78-af3d58b2da7f:0.0.0.0:42489, 7b1e61a0-7daf-43dd-99d5-9b325c1d31ae:0.0.0.0:38412], old=null
2019-10-20 17:41:24,805 [grpc-default-executor-3] INFO  impl.RaftServerImpl (RaftServerImpl.java:setRole(184)) - 8a63e1ae-032e-4bed-9f20-125a11f65413@group-091950D56227: changes role from  FOLLOWER to FOLLOWER at term 686 for recognizeCandidate:8f18dce1-0a3d-4b65-9c78-af3d58b2da7f
2019-10-20 17:41:24,805 [grpc-default-executor-3] INFO  impl.RoleInfo (RoleInfo.java:shutdownFollowerState(121)) - 8a63e1ae-032e-4bed-9f20-125a11f65413: shutdown FollowerState
2019-10-20 17:41:24,805 [grpc-default-executor-1] INFO  impl.RaftServerImpl (RaftServerImpl.java:setRole(184)) - 7b1e61a0-7daf-43dd-99d5-9b325c1d31ae@group-091950D56227: changes role from  FOLLOWER to FOLLOWER at term 686 for recognizeCandidate:8f18dce1-0a3d-4b65-9c78-af3d58b2da7f
2019-10-20 17:41:24,805 [Thread-4123] INFO  impl.FollowerState (FollowerState.java:run(117)) - 8a63e1ae-032e-4bed-9f20-125a11f65413@group-091950D56227-FollowerState was interrupted: java.lang.InterruptedException: sleep interrupted
2019-10-20 17:41:24,805 [grpc-default-executor-3] INFO  impl.RoleInfo (RoleInfo.java:updateAndGet(143)) - 8a63e1ae-032e-4bed-9f20-125a11f65413: start FollowerState
2019-10-20 17:41:24,805 [grpc-default-executor-1] INFO  impl.RoleInfo (RoleInfo.java:shutdownFollowerState(121)) - 7b1e61a0-7daf-43dd-99d5-9b325c1d31ae: shutdown FollowerState
2019-10-20 17:41:24,805 [grpc-default-executor-1] INFO  impl.RoleInfo (RoleInfo.java:updateAndGet(143)) - 7b1e61a0-7daf-43dd-99d5-9b325c1d31ae: start FollowerState
2019-10-20 17:41:24,806 [Thread-4124] INFO  impl.FollowerState (FollowerState.java:run(117)) - 7b1e61a0-7daf-43dd-99d5-9b325c1d31ae@group-091950D56227-FollowerState was interrupted: java.lang.InterruptedException: sleep interrupted
2019-10-20 17:41:24,814 [8f18dce1-0a3d-4b65-9c78-af3d58b2da7f@group-091950D56227-LeaderElection579] INFO  impl.LeaderElection (LeaderElection.java:logAndReturn(56)) - 8f18dce1-0a3d-4b65-9c78-af3d58b2da7f@group-091950D56227-LeaderElection579: Election TIMEOUT; received 0 response(s) [] and 0 exception(s); 8f18dce1-0a3d-4b65-9c78-af3d58b2da7f@group-091950D56227:t686, leader=null, voted=8f18dce1-0a3d-4b65-9c78-af3d58b2da7f, raftlog=8f18dce1-0a3d-4b65-9c78-af3d58b2da7f@group-091950D56227-SegmentedRaftLog:OPENED:c-1,f-1,i0, conf=-1: [8a63e1ae-032e-4bed-9f20-125a11f65413:0.0.0.0:38685, 8f18dce1-0a3d-4b65-9c78-af3d58b2da7f:0.0.0.0:42489, 7b1e61a0-7daf-43dd-99d5-9b325c1d31ae:0.0.0.0:38412], old=null
2019-10-20 17:41:24,829 [8f18dce1-0a3d-4b65-9c78-af3d58b2da7f@group-091950D56227-LeaderElection579] INFO  impl.LeaderElection (LeaderElection.java:askForVotes(178)) - 8f18dce1-0a3d-4b65-9c78-af3d58b2da7f@group-091950D56227-LeaderElection579: begin an election at term 687 for -1: [8a63e1ae-032e-4bed-9f20-125a11f65413:0.0.0.0:38685, 8f18dce1-0a3d-4b65-9c78-af3d58b2da7f:0.0.0.0:42489, 7b1e61a0-7daf-43dd-99d5-9b325c1d31ae:0.0.0.0:38412], old=null
2019-10-20 17:41:24,830 [grpc-default-executor-1] INFO  impl.RaftServerImpl (RaftServerImpl.java:setRole(184)) - 8a63e1ae-032e-4bed-9f20-125a11f65413@group-091950D56227: changes role from  FOLLOWER to FOLLOWER at term 687 for recognizeCandidate:8f18dce1-0a3d-4b65-9c78-af3d58b2da7f
2019-10-20 17:41:24,830 [grpc-default-executor-1] INFO  impl.RoleInfo (RoleInfo.java:shutdownFollowerState(121)) - 8a63e1ae-032e-4bed-9f20-125a11f65413: shutdown FollowerState
2019-10-20 17:41:24,830 [grpc-default-executor-1] INFO  impl.RoleInfo (RoleInfo.java:updateAndGet(143)) - 8a63e1ae-032e-4bed-9f20-125a11f65413: start FollowerState
2019-10-20 17:41:24,830 [grpc-default-executor-3] INFO  impl.RaftServerImpl (RaftServerImpl.java:setRole(184)) - 7b1e61a0-7daf-43dd-99d5-9b325c1d31ae@group-091950D56227: changes role from  FOLLOWER to FOLLOWER at term 687 for recognizeCandidate:8f18dce1-0a3d-4b65-9c78-af3d58b2da7f
2019-10-20 17:41:24,830 [Thread-4129] INFO  impl.FollowerState (FollowerState.java:run(117)) - 8a63e1ae-032e-4bed-9f20-125a11f65413@group-091950D56227-FollowerState was interrupted: java.lang.InterruptedException: sleep interrupted
2019-10-20 17:41:24,830 [grpc-default-executor-3] INFO  impl.RoleInfo (RoleInfo.java:shutdownFollowerState(121)) - 7b1e61a0-7daf-43dd-99d5-9b325c1d31ae: shutdown FollowerState
2019-10-20 17:41:24,831 [grpc-default-executor-3] INFO  impl.RoleInfo (RoleInfo.java:updateAndGet(143)) - 7b1e61a0-7daf-43dd-99d5-9b325c1d31ae: start FollowerState
2019-10-20 17:41:24,831 [Thread-4130] INFO  impl.FollowerState (FollowerState.java:run(117)) - 7b1e61a0-7daf-43dd-99d5-9b325c1d31ae@group-091950D56227-FollowerState was interrupted: java.lang.InterruptedException: sleep interrupted
2019-10-20 17:41:24,855 [8f18dce1-0a3d-4b65-9c78-af3d58b2da7f@group-091950D56227-LeaderElection579] INFO  impl.LeaderElection (LeaderElection.java:logAndReturn(56)) - 8f18dce1-0a3d-4b65-9c78-af3d58b2da7f@group-091950D56227-LeaderElection579: Election REJECTED; received 2 response(s) [8f18dce1-0a3d-4b65-9c78-af3d58b2da7f<-8a63e1ae-032e-4bed-9f20-125a11f65413#0:FAIL-t687, 8f18dce1-0a3d-4b65-9c78-af3d58b2da7f<-7b1e61a0-7daf-43dd-99d5-9b325c1d31ae#0:FAIL-t687] and 0 exception(s); 8f18dce1-0a3d-4b65-9c78-af3d58b2da7f@group-091950D56227:t687, leader=null, voted=8f18dce1-0a3d-4b65-9c78-af3d58b2da7f, raftlog=8f18dce1-0a3d-4b65-9c78-af3d58b2da7f@group-091950D56227-SegmentedRaftLog:OPENED:c-1,f-1,i0, conf=-1: [8a63e1ae-032e-4bed-9f20-125a11f65413:0.0.0.0:38685, 8f18dce1-0a3d-4b65-9c78-af3d58b2da7f:0.0.0.0:42489, 7b1e61a0-7daf-43dd-99d5-9b325c1d31ae:0.0.0.0:38412], old=null
2019-10-20 17:41:24,855 [8f18dce1-0a3d-4b65-9c78-af3d58b2da7f@group-091950D56227-LeaderElection579] INFO  impl.RaftServerImpl (RaftServerImpl.java:setRole(184)) - 8f18dce1-0a3d-4b65-9c78-af3d58b2da7f@group-091950D56227: changes role from CANDIDATE to FOLLOWER at term 687 for DISCOVERED_A_NEW_TERM
2019-10-20 17:41:24,855 [8f18dce1-0a3d-4b65-9c78-af3d58b2da7f@group-091950D56227-LeaderElection579] INFO  impl.RoleInfo (RoleInfo.java:shutdownLeaderElection(134)) - 8f18dce1-0a3d-4b65-9c78-af3d58b2da7f: shutdown LeaderElection
2019-10-20 17:41:24,855 [8f18dce1-0a3d-4b65-9c78-af3d58b2da7f@group-091950D56227-LeaderElection579] INFO  impl.RoleInfo (RoleInfo.java:updateAndGet(143)) - 8f18dce1-0a3d-4b65-9c78-af3d58b2da7f: start FollowerState
2019-10-20 17:41:25,004 [Thread-4135] INFO  impl.FollowerState (FollowerState.java:run(108)) - 8f18dce1-0a3d-4b65-9c78-af3d58b2da7f@group-091950D56227-FollowerState: change to CANDIDATE, lastRpcTime:149ms, electionTimeout:149ms
2019-10-20 17:41:25,005 [Thread-4135] INFO  impl.RoleInfo (RoleInfo.java:shutdownFollowerState(121)) - 8f18dce1-0a3d-4b65-9c78-af3d58b2da7f: shutdown FollowerState
2019-10-20 17:41:25,005 [Thread-4135] INFO  impl.RaftServerImpl (RaftServerImpl.java:setRole(184)) - 8f18dce1-0a3d-4b65-9c78-af3d58b2da7f@group-091950D56227: changes role from  FOLLOWER to CANDIDATE at term 687 for changeToCandidate
2019-10-20 17:41:25,005 [Thread-4135] INFO  impl.RoleInfo (RoleInfo.java:updateAndGet(143)) - 8f18dce1-0a3d-4b65-9c78-af3d58b2da7f: start LeaderElection
2019-10-20 17:41:25,029 [8f18dce1-0a3d-4b65-9c78-af3d58b2da7f@group-091950D56227-LeaderElection580] INFO  impl.LeaderElection (LeaderElection.java:askForVotes(178)) - 8f18dce1-0a3d-4b65-9c78-af3d58b2da7f@group-091950D56227-LeaderElection580: begin an election at term 688 for -1: [8a63e1ae-032e-4bed-9f20-125a11f65413:0.0.0.0:38685, 8f18dce1-0a3d-4b65-9c78-af3d58b2da7f:0.0.0.0:42489, 7b1e61a0-7daf-43dd-99d5-9b325c1d31ae:0.0.0.0:38412], old=null
2019-10-20 17:41:25,031 [grpc-default-executor-1] INFO  impl.RaftServerImpl (RaftServerImpl.java:setRole(184)) - 8a63e1ae-032e-4bed-9f20-125a11f65413@group-091950D56227: changes role from  FOLLOWER to FOLLOWER at term 688 for recognizeCandidate:8f18dce1-0a3d-4b65-9c78-af3d58b2da7f
2019-10-20 17:41:25,031 [grpc-default-executor-1] INFO  impl.RoleInfo (RoleInfo.java:shutdownFollowerState(121)) - 8a63e1ae-032e-4bed-9f20-125a11f65413: shutdown FollowerState
2019-10-20 17:41:25,031 [grpc-default-executor-3] INFO  impl.RaftServerImpl (RaftServerImpl.java:setRole(184)) - 7b1e61a0-7daf-43dd-99d5-9b325c1d31ae@group-091950D56227: changes role from  FOLLOWER to FOLLOWER at term 688 for recognizeCandidate:8f18dce1-0a3d-4b65-9c78-af3d58b2da7f
2019-10-20 17:41:25,031 [grpc-default-executor-3] INFO  impl.RoleInfo (RoleInfo.java:shutdownFollowerState(121)) - 7b1e61a0-7daf-43dd-99d5-9b325c1d31ae: shutdown FollowerState
2019-10-20 17:41:25,031 [Thread-4133] INFO  impl.FollowerState (FollowerState.java:run(117)) - 8a63e1ae-032e-4bed-9f20-125a11f65413@group-091950D56227-FollowerState was interrupted: java.lang.InterruptedException: sleep interrupted
2019-10-20 17:41:25,032 [Thread-4134] INFO  impl.FollowerState (FollowerState.java:run(117)) - 7b1e61a0-7daf-43dd-99d5-9b325c1d31ae@group-091950D56227-FollowerState was interrupted: java.lang.InterruptedException: sleep interrupted
2019-10-20 17:41:25,031 [grpc-default-executor-1] INFO  impl.RoleInfo (RoleInfo.java:updateAndGet(143)) - 8a63e1ae-032e-4bed-9f20-125a11f65413: start FollowerState
2019-10-20 17:41:25,032 [grpc-default-executor-3] INFO  impl.RoleInfo (RoleInfo.java:updateAndGet(143)) - 7b1e61a0-7daf-43dd-99d5-9b325c1d31ae: start FollowerState
2019-10-20 17:41:25,055 [8f18dce1-0a3d-4b65-9c78-af3d58b2da7f@group-091950D56227-LeaderElection580] INFO  impl.LeaderElection (LeaderElection.java:logAndReturn(56)) - 8f18dce1-0a3d-4b65-9c78-af3d58b2da7f@group-091950D56227-LeaderElection580: Election REJECTED; received 2 response(s) [8f18dce1-0a3d-4b65-9c78-af3d58b2da7f<-8a63e1ae-032e-4bed-9f20-125a11f65413#0:FAIL-t688, 8f18dce1-0a3d-4b65-9c78-af3d58b2da7f<-7b1e61a0-7daf-43dd-99d5-9b325c1d31ae#0:FAIL-t688] and 0 exception(s); 8f18dce1-0a3d-4b65-9c78-af3d58b2da7f@group-091950D56227:t688, leader=null, voted=8f18dce1-0a3d-4b65-9c78-af3d58b2da7f, raftlog=8f18dce1-0a3d-4b65-9c78-af3d58b2da7f@group-091950D56227-SegmentedRaftLog:OPENED:c-1,f-1,i0, conf=-1: [8a63e1ae-032e-4bed-9f20-125a11f65413:0.0.0.0:38685, 8f18dce1-0a3d-4b65-9c78-af3d58b2da7f:0.0.0.0:42489, 7b1e61a0-7daf-43dd-99d5-9b325c1d31ae:0.0.0.0:38412], old=null
2019-10-20 17:41:25,056 [8f18dce1-0a3d-4b65-9c78-af3d58b2da7f@group-091950D56227-LeaderElection580] INFO  impl.RaftServerImpl (RaftServerImpl.java:setRole(184)) - 8f18dce1-0a3d-4b65-9c78-af3d58b2da7f@group-091950D56227: changes role from CANDIDATE to FOLLOWER at term 688 for DISCOVERED_A_NEW_TERM
2019-10-20 17:41:25,056 [8f18dce1-0a3d-4b65-9c78-af3d58b2da7f@group-091950D56227-LeaderElection580] INFO  impl.RoleInfo (RoleInfo.java:shutdownLeaderElection(134)) - 8f18dce1-0a3d-4b65-9c78-af3d58b2da7f: shutdown LeaderElection
2019-10-20 17:41:25,056 [8f18dce1-0a3d-4b65-9c78-af3d58b2da7f@group-091950D56227-LeaderElection580] INFO  impl.RoleInfo (RoleInfo.java:updateAndGet(143)) - 8f18dce1-0a3d-4b65-9c78-af3d58b2da7f: start FollowerState
2019-10-20 17:41:25,074 [Thread-4141] INFO  impl.FollowerState (FollowerState.java:run(108)) - 8f18dce1-0a3d-4b65-9c78-af3d58b2da7f@group-091950D56227-FollowerState: change to CANDIDATE, lastRpcTime:18ms, electionTimeout:18ms
2019-10-20 17:41:25,074 [Thread-4141] INFO  impl.RoleInfo (RoleInfo.java:shutdownFollowerState(121)) - 8f18dce1-0a3d-4b65-9c78-af3d58b2da7f: shutdown FollowerState
2019-10-20 17:41:25,074 [Thread-4141] INFO  impl.RaftServerImpl (RaftServerImpl.java:setRole(184)) - 8f18dce1-0a3d-4b65-9c78-af3d58b2da7f@group-091950D56227: changes role from  FOLLOWER to CANDIDATE at term 688 for changeToCandidate
2019-10-20 17:41:25,074 [Thread-4141] INFO  impl.RoleInfo (RoleInfo.java:updateAndGet(143)) - 8f18dce1-0a3d-4b65-9c78-af3d58b2da7f: start LeaderElection
2019-10-20 17:41:25,097 [8f18dce1-0a3d-4b65-9c78-af3d58b2da7f@group-091950D56227-LeaderElection581] INFO  impl.LeaderElection (LeaderElection.java:askForVotes(178)) - 8f18dce1-0a3d-4b65-9c78-af3d58b2da7f@group-091950D56227-LeaderElection581: begin an election at term 689 for -1: [8a63e1ae-032e-4bed-9f20-125a11f65413:0.0.0.0:38685, 8f18dce1-0a3d-4b65-9c78-af3d58b2da7f:0.0.0.0:42489, 7b1e61a0-7daf-43dd-99d5-9b325c1d31ae:0.0.0.0:38412], old=null
2019-10-20 17:41:25,098 [grpc-default-executor-3] INFO  impl.RaftServerImpl (RaftServerImpl.java:setRole(184)) - 8a63e1ae-032e-4bed-9f20-125a11f65413@group-091950D56227: changes role from  FOLLOWER to FOLLOWER at term 689 for recognizeCandidate:8f18dce1-0a3d-4b65-9c78-af3d58b2da7f
2019-10-20 17:41:25,098 [grpc-default-executor-1] INFO  impl.RaftServerImpl (RaftServerImpl.java:setRole(184)) - 7b1e61a0-7daf-43dd-99d5-9b325c1d31ae@group-091950D56227: changes role from  FOLLOWER to FOLLOWER at term 689 for recognizeCandidate:8f18dce1-0a3d-4b65-9c78-af3d58b2da7f
2019-10-20 17:41:25,098 [grpc-default-executor-3] INFO  impl.RoleInfo (RoleInfo.java:shutdownFollowerState(121)) - 8a63e1ae-032e-4bed-9f20-125a11f65413: shutdown FollowerState
2019-10-20 17:41:25,098 [grpc-default-executor-1] INFO  impl.RoleInfo (RoleInfo.java:shutdownFollowerState(121)) - 7b1e61a0-7daf-43dd-99d5-9b325c1d31ae: shutdown FollowerState
2019-10-20 17:41:25,099 [Thread-4139] INFO  impl.FollowerState (FollowerState.java:run(117)) - 8a63e1ae-032e-4bed-9f20-125a11f65413@group-091950D56227-FollowerState was interrupted: java.lang.InterruptedException: sleep interrupted
2019-10-20 17:41:25,099 [Thread-4140] INFO  impl.FollowerState (FollowerState.java:run(117)) - 7b1e61a0-7daf-43dd-99d5-9b325c1d31ae@group-091950D56227-FollowerState was interrupted: java.lang.InterruptedException: sleep interrupted
2019-10-20 17:41:25,099 [grpc-default-executor-3] INFO  impl.RoleInfo (RoleInfo.java:updateAndGet(143)) - 8a63e1ae-032e-4bed-9f20-125a11f65413: start FollowerState
2019-10-20 17:41:25,099 [grpc-default-executor-1] INFO  impl.RoleInfo (RoleInfo.java:updateAndGet(143)) - 7b1e61a0-7daf-43dd-99d5-9b325c1d31ae: start FollowerState
2019-10-20 17:41:25,131 [8f18dce1-0a3d-4b65-9c78-af3d58b2da7f@group-091950D56227-LeaderElection581] INFO  impl.LeaderElection (LeaderElection.java:logAndReturn(56)) - 8f18dce1-0a3d-4b65-9c78-af3d58b2da7f@group-091950D56227-LeaderElection581: Election REJECTED; received 2 response(s) [8f18dce1-0a3d-4b65-9c78-af3d58b2da7f<-8a63e1ae-032e-4bed-9f20-125a11f65413#0:FAIL-t689, 8f18dce1-0a3d-4b65-9c78-af3d58b2da7f<-7b1e61a0-7daf-43dd-99d5-9b325c1d31ae#0:FAIL-t689] and 0 exception(s); 8f18dce1-0a3d-4b65-9c78-af3d58b2da7f@group-091950D56227:t689, leader=null, voted=8f18dce1-0a3d-4b65-9c78-af3d58b2da7f, raftlog=8f18dce1-0a3d-4b65-9c78-af3d58b2da7f@group-091950D56227-SegmentedRaftLog:OPENED:c-1,f-1,i0, conf=-1: [8a63e1ae-032e-4bed-9f20-125a11f65413:0.0.0.0:38685, 8f18dce1-0a3d-4b65-9c78-af3d58b2da7f:0.0.0.0:42489, 7b1e61a0-7daf-43dd-99d5-9b325c1d31ae:0.0.0.0:38412], old=null
2019-10-20 17:41:25,131 [8f18dce1-0a3d-4b65-9c78-af3d58b2da7f@group-091950D56227-LeaderElection581] INFO  impl.RaftServerImpl (RaftServerImpl.java:setRole(184)) - 8f18dce1-0a3d-4b65-9c78-af3d58b2da7f@group-091950D56227: changes role from CANDIDATE to FOLLOWER at term 689 for DISCOVERED_A_NEW_TERM
2019-10-20 17:41:25,132 [8f18dce1-0a3d-4b65-9c78-af3d58b2da7f@group-091950D56227-LeaderElection581] INFO  impl.RoleInfo (RoleInfo.java:shutdownLeaderElection(134)) - 8f18dce1-0a3d-4b65-9c78-af3d58b2da7f: shutdown LeaderElection
2019-10-20 17:41:25,132 [8f18dce1-0a3d-4b65-9c78-af3d58b2da7f@group-091950D56227-LeaderElection581] INFO  impl.RoleInfo (RoleInfo.java:updateAndGet(143)) - 8f18dce1-0a3d-4b65-9c78-af3d58b2da7f: start FollowerState
2019-10-20 17:41:25,281 [Thread-4147] INFO  impl.FollowerState (FollowerState.java:run(108)) - 8f18dce1-0a3d-4b65-9c78-af3d58b2da7f@group-091950D56227-FollowerState: change to CANDIDATE, lastRpcTime:149ms, electionTimeout:149ms
2019-10-20 17:41:25,281 [Thread-4147] INFO  impl.RoleInfo (RoleInfo.java:shutdownFollowerState(121)) - 8f18dce1-0a3d-4b65-9c78-af3d58b2da7f: shutdown FollowerState
2019-10-20 17:41:25,281 [Thread-4147] INFO  impl.RaftServerImpl (RaftServerImpl.java:setRole(184)) - 8f18dce1-0a3d-4b65-9c78-af3d58b2da7f@group-091950D56227: changes role from  FOLLOWER to CANDIDATE at term 689 for changeToCandidate
2019-10-20 17:41:25,281 [Thread-4147] INFO  impl.RoleInfo (RoleInfo.java:updateAndGet(143)) - 8f18dce1-0a3d-4b65-9c78-af3d58b2da7f: start LeaderElection
2019-10-20 17:41:25,306 [8f18dce1-0a3d-4b65-9c78-af3d58b2da7f@group-091950D56227-LeaderElection582] INFO  impl.LeaderElection (LeaderElection.java:askForVotes(178)) - 8f18dce1-0a3d-4b65-9c78-af3d58b2da7f@group-091950D56227-LeaderElection582: begin an election at term 690 for -1: [8a63e1ae-032e-4bed-9f20-125a11f65413:0.0.0.0:38685, 8f18dce1-0a3d-4b65-9c78-af3d58b2da7f:0.0.0.0:42489, 7b1e61a0-7daf-43dd-99d5-9b325c1d31ae:0.0.0.0:38412], old=null
2019-10-20 17:41:25,307 [grpc-default-executor-3] INFO  impl.RaftServerImpl (RaftServerImpl.java:setRole(184)) - 7b1e61a0-7daf-43dd-99d5-9b325c1d31ae@group-091950D56227: changes role from  FOLLOWER to FOLLOWER at term 690 for recognizeCandidate:8f18dce1-0a3d-4b65-9c78-af3d58b2da7f
2019-10-20 17:41:25,308 [grpc-default-executor-3] INFO  impl.RoleInfo (RoleInfo.java:shutdownFollowerState(121)) - 7b1e61a0-7daf-43dd-99d5-9b325c1d31ae: shutdown FollowerState
2019-10-20 17:41:25,308 [grpc-default-executor-3] INFO  impl.RoleInfo (RoleInfo.java:updateAndGet(143)) - 7b1e61a0-7daf-43dd-99d5-9b325c1d31ae: start FollowerState
2019-10-20 17:41:25,308 [grpc-default-executor-1] INFO  impl.RaftServerImpl (RaftServerImpl.java:setRole(184)) - 8a63e1ae-032e-4bed-9f20-125a11f65413@group-091950D56227: changes role from  FOLLOWER to FOLLOWER at term 690 for recognizeCandidate:8f18dce1-0a3d-4b65-9c78-af3d58b2da7f
2019-10-20 17:41:25,308 [grpc-default-executor-1] INFO  impl.RoleInfo (RoleInfo.java:shutdownFollowerState(121)) - 8a63e1ae-032e-4bed-9f20-125a11f65413: shutdown FollowerState
2019-10-20 17:41:25,308 [Thread-4146] INFO  impl.FollowerState (FollowerState.java:run(117)) - 7b1e61a0-7daf-43dd-99d5-9b325c1d31ae@group-091950D56227-FollowerState was interrupted: java.lang.InterruptedException: sleep interrupted
2019-10-20 17:41:25,308 [Thread-4145] INFO  impl.FollowerState (FollowerState.java:run(117)) - 8a63e1ae-032e-4bed-9f20-125a11f65413@group-091950D56227-FollowerState was interrupted: java.lang.InterruptedException: sleep interrupted
2019-10-20 17:41:25,308 [grpc-default-executor-1] INFO  impl.RoleInfo (RoleInfo.java:updateAndGet(143)) - 8a63e1ae-032e-4bed-9f20-125a11f65413: start FollowerState
2019-10-20 17:41:25,332 [8f18dce1-0a3d-4b65-9c78-af3d58b2da7f@group-091950D56227-LeaderElection582] INFO  impl.LeaderElection (LeaderElection.java:logAndReturn(56)) - 8f18dce1-0a3d-4b65-9c78-af3d58b2da7f@group-091950D56227-LeaderElection582: Election REJECTED; received 2 response(s) [8f18dce1-0a3d-4b65-9c78-af3d58b2da7f<-8a63e1ae-032e-4bed-9f20-125a11f65413#0:FAIL-t690, 8f18dce1-0a3d-4b65-9c78-af3d58b2da7f<-7b1e61a0-7daf-43dd-99d5-9b325c1d31ae#0:FAIL-t690] and 0 exception(s); 8f18dce1-0a3d-4b65-9c78-af3d58b2da7f@group-091950D56227:t690, leader=null, voted=8f18dce1-0a3d-4b65-9c78-af3d58b2da7f, raftlog=8f18dce1-0a3d-4b65-9c78-af3d58b2da7f@group-091950D56227-SegmentedRaftLog:OPENED:c-1,f-1,i0, conf=-1: [8a63e1ae-032e-4bed-9f20-125a11f65413:0.0.0.0:38685, 8f18dce1-0a3d-4b65-9c78-af3d58b2da7f:0.0.0.0:42489, 7b1e61a0-7daf-43dd-99d5-9b325c1d31ae:0.0.0.0:38412], old=null
2019-10-20 17:41:25,332 [8f18dce1-0a3d-4b65-9c78-af3d58b2da7f@group-091950D56227-LeaderElection582] INFO  impl.RaftServerImpl (RaftServerImpl.java:setRole(184)) - 8f18dce1-0a3d-4b65-9c78-af3d58b2da7f@group-091950D56227: changes role from CANDIDATE to FOLLOWER at term 690 for DISCOVERED_A_NEW_TERM
2019-10-20 17:41:25,333 [8f18dce1-0a3d-4b65-9c78-af3d58b2da7f@group-091950D56227-LeaderElection582] INFO  impl.RoleInfo (RoleInfo.java:shutdownLeaderElection(134)) - 8f18dce1-0a3d-4b65-9c78-af3d58b2da7f: shutdown LeaderElection
2019-10-20 17:41:25,333 [8f18dce1-0a3d-4b65-9c78-af3d58b2da7f@group-091950D56227-LeaderElection582] INFO  impl.RoleInfo (RoleInfo.java:updateAndGet(143)) - 8f18dce1-0a3d-4b65-9c78-af3d58b2da7f: start FollowerState
2019-10-20 17:41:25,416 [Thread-4153] INFO  impl.FollowerState (FollowerState.java:run(108)) - 8f18dce1-0a3d-4b65-9c78-af3d58b2da7f@group-091950D56227-FollowerState: change to CANDIDATE, lastRpcTime:83ms, electionTimeout:83ms
2019-10-20 17:41:25,416 [Thread-4153] INFO  impl.RoleInfo (RoleInfo.java:shutdownFollowerState(121)) - 8f18dce1-0a3d-4b65-9c78-af3d58b2da7f: shutdown FollowerState
2019-10-20 17:41:25,416 [Thread-4153] INFO  impl.RaftServerImpl (RaftServerImpl.java:setRole(184)) - 8f18dce1-0a3d-4b65-9c78-af3d58b2da7f@group-091950D56227: changes role from  FOLLOWER to CANDIDATE at term 690 for changeToCandidate
2019-10-20 17:41:25,417 [Thread-4153] INFO  impl.RoleInfo (RoleInfo.java:updateAndGet(143)) - 8f18dce1-0a3d-4b65-9c78-af3d58b2da7f: start LeaderElection
2019-10-20 17:41:25,441 [8f18dce1-0a3d-4b65-9c78-af3d58b2da7f@group-091950D56227-LeaderElection583] INFO  impl.LeaderElection (LeaderElection.java:askForVotes(178)) - 8f18dce1-0a3d-4b65-9c78-af3d58b2da7f@group-091950D56227-LeaderElection583: begin an election at term 691 for -1: [8a63e1ae-032e-4bed-9f20-125a11f65413:0.0.0.0:38685, 8f18dce1-0a3d-4b65-9c78-af3d58b2da7f:0.0.0.0:42489, 7b1e61a0-7daf-43dd-99d5-9b325c1d31ae:0.0.0.0:38412], old=null
2019-10-20 17:41:25,442 [grpc-default-executor-1] INFO  impl.RaftServerImpl (RaftServerImpl.java:setRole(184)) - 7b1e61a0-7daf-43dd-99d5-9b325c1d31ae@group-091950D56227: changes role from  FOLLOWER to FOLLOWER at term 691 for recognizeCandidate:8f18dce1-0a3d-4b65-9c78-af3d58b2da7f
2019-10-20 17:41:25,442 [grpc-default-executor-1] INFO  impl.RoleInfo (RoleInfo.java:shutdownFollowerState(121)) - 7b1e61a0-7daf-43dd-99d5-9b325c1d31ae: shutdown FollowerState
2019-10-20 17:41:25,442 [grpc-default-executor-3] INFO  impl.RaftServerImpl (RaftServerImpl.java:setRole(184)) - 8a63e1ae-032e-4bed-9f20-125a11f65413@group-091950D56227: changes role from  FOLLOWER to FOLLOWER at term 691 for recognizeCandidate:8f18dce1-0a3d-4b65-9c78-af3d58b2da7f
2019-10-20 17:41:25,443 [grpc-default-executor-3] INFO  impl.RoleInfo (RoleInfo.java:shutdownFollowerState(121)) - 8a63e1ae-032e-4bed-9f20-125a11f65413: shutdown FollowerState
2019-10-20 17:41:25,443 [Thread-4151] INFO  impl.FollowerState (FollowerState.java:run(117)) - 7b1e61a0-7daf-43dd-99d5-9b325c1d31ae@group-091950D56227-FollowerState was interrupted: java.lang.InterruptedException: sleep interrupted
2019-10-20 17:41:25,443 [grpc-default-executor-1] INFO  impl.RoleInfo (RoleInfo.java:updateAndGet(143)) - 7b1e61a0-7daf-43dd-99d5-9b325c1d31ae: start FollowerState
2019-10-20 17:41:25,443 [Thread-4152] INFO  impl.FollowerState (FollowerState.java:run(117)) - 8a63e1ae-032e-4bed-9f20-125a11f65413@group-091950D56227-FollowerState was interrupted: java.lang.InterruptedException: sleep interrupted
2019-10-20 17:41:25,443 [grpc-default-executor-3] INFO  impl.RoleInfo (RoleInfo.java:updateAndGet(143)) - 8a63e1ae-032e-4bed-9f20-125a11f65413: start FollowerState
2019-10-20 17:41:25,467 [8f18dce1-0a3d-4b65-9c78-af3d58b2da7f@group-091950D56227-LeaderElection583] INFO  impl.LeaderElection (LeaderElection.java:logAndReturn(56)) - 8f18dce1-0a3d-4b65-9c78-af3d58b2da7f@group-091950D56227-LeaderElection583: Election REJECTED; received 2 response(s) [8f18dce1-0a3d-4b65-9c78-af3d58b2da7f<-8a63e1ae-032e-4bed-9f20-125a11f65413#0:FAIL-t691, 8f18dce1-0a3d-4b65-9c78-af3d58b2da7f<-7b1e61a0-7daf-43dd-99d5-9b325c1d31ae#0:FAIL-t691] and 0 exception(s); 8f18dce1-0a3d-4b65-9c78-af3d58b2da7f@group-091950D56227:t691, leader=null, voted=8f18dce1-0a3d-4b65-9c78-af3d58b2da7f, raftlog=8f18dce1-0a3d-4b65-9c78-af3d58b2da7f@group-091950D56227-SegmentedRaftLog:OPENED:c-1,f-1,i0, conf=-1: [8a63e1ae-032e-4bed-9f20-125a11f65413:0.0.0.0:38685, 8f18dce1-0a3d-4b65-9c78-af3d58b2da7f:0.0.0.0:42489, 7b1e61a0-7daf-43dd-99d5-9b325c1d31ae:0.0.0.0:38412], old=null
2019-10-20 17:41:25,467 [8f18dce1-0a3d-4b65-9c78-af3d58b2da7f@group-091950D56227-LeaderElection583] INFO  impl.RaftServerImpl (RaftServerImpl.java:setRole(184)) - 8f18dce1-0a3d-4b65-9c78-af3d58b2da7f@group-091950D56227: changes role from CANDIDATE to FOLLOWER at term 691 for DISCOVERED_A_NEW_TERM
2019-10-20 17:41:25,467 [8f18dce1-0a3d-4b65-9c78-af3d58b2da7f@group-091950D56227-LeaderElection583] INFO  impl.RoleInfo (RoleInfo.java:shutdownLeaderElection(134)) - 8f18dce1-0a3d-4b65-9c78-af3d58b2da7f: shutdown LeaderElection
2019-10-20 17:41:25,467 [8f18dce1-0a3d-4b65-9c78-af3d58b2da7f@group-091950D56227-LeaderElection583] INFO  impl.RoleInfo (RoleInfo.java:updateAndGet(143)) - 8f18dce1-0a3d-4b65-9c78-af3d58b2da7f: start FollowerState
2019-10-20 17:41:25,534 [Thread-4159] INFO  impl.FollowerState (FollowerState.java:run(108)) - 8f18dce1-0a3d-4b65-9c78-af3d58b2da7f@group-091950D56227-FollowerState: change to CANDIDATE, lastRpcTime:66ms, electionTimeout:66ms
2019-10-20 17:41:25,534 [Thread-4159] INFO  impl.RoleInfo (RoleInfo.java:shutdownFollowerState(121)) - 8f18dce1-0a3d-4b65-9c78-af3d58b2da7f: shutdown FollowerState
2019-10-20 17:41:25,534 [Thread-4159] INFO  impl.RaftServerImpl (RaftServerImpl.java:setRole(184)) - 8f18dce1-0a3d-4b65-9c78-af3d58b2da7f@group-091950D56227: changes role from  FOLLOWER to CANDIDATE at term 691 for changeToCandidate
2019-10-20 17:41:25,534 [Thread-4159] INFO  impl.RoleInfo (RoleInfo.java:updateAndGet(143)) - 8f18dce1-0a3d-4b65-9c78-af3d58b2da7f: start LeaderElection
2019-10-20 17:41:25,567 [8f18dce1-0a3d-4b65-9c78-af3d58b2da7f@group-091950D56227-LeaderElection584] INFO  impl.LeaderElection (LeaderElection.java:askForVotes(178)) - 8f18dce1-0a3d-4b65-9c78-af3d58b2da7f@group-091950D56227-LeaderElection584: begin an election at term 692 for -1: [8a63e1ae-032e-4bed-9f20-125a11f65413:0.0.0.0:38685, 8f18dce1-0a3d-4b65-9c78-af3d58b2da7f:0.0.0.0:42489, 7b1e61a0-7daf-43dd-99d5-9b325c1d31ae:0.0.0.0:38412], old=null
2019-10-20 17:41:25,568 [grpc-default-executor-3] INFO  impl.RaftServerImpl (RaftServerImpl.java:setRole(184)) - 8a63e1ae-032e-4bed-9f20-125a11f65413@group-091950D56227: changes role from  FOLLOWER to FOLLOWER at term 692 for recognizeCandidate:8f18dce1-0a3d-4b65-9c78-af3d58b2da7f
2019-10-20 17:41:25,569 [grpc-default-executor-3] INFO  impl.RoleInfo (RoleInfo.java:shutdownFollowerState(121)) - 8a63e1ae-032e-4bed-9f20-125a11f65413: shutdown FollowerState
2019-10-20 17:41:25,568 [grpc-default-executor-1] INFO  impl.RaftServerImpl (RaftServerImpl.java:setRole(184)) - 7b1e61a0-7daf-43dd-99d5-9b325c1d31ae@group-091950D56227: changes role from  FOLLOWER to FOLLOWER at term 692 for recognizeCandidate:8f18dce1-0a3d-4b65-9c78-af3d58b2da7f
2019-10-20 17:41:25,569 [Thread-4158] INFO  impl.FollowerState (FollowerState.java:run(117)) - 8a63e1ae-032e-4bed-9f20-125a11f65413@group-091950D56227-FollowerState was interrupted: java.lang.InterruptedException: sleep interrupted
2019-10-20 17:41:25,569 [grpc-default-executor-3] INFO  impl.RoleInfo (RoleInfo.java:updateAndGet(143)) - 8a63e1ae-032e-4bed-9f20-125a11f65413: start FollowerState
2019-10-20 17:41:25,569 [grpc-default-executor-1] INFO  impl.RoleInfo (RoleInfo.java:shutdownFollowerState(121)) - 7b1e61a0-7daf-43dd-99d5-9b325c1d31ae: shutdown FollowerState
2019-10-20 17:41:25,569 [grpc-default-executor-1] INFO  impl.RoleInfo (RoleInfo.java:updateAndGet(143)) - 7b1e61a0-7daf-43dd-99d5-9b325c1d31ae: start FollowerState
2019-10-20 17:41:25,570 [Thread-4157] INFO  impl.FollowerState (FollowerState.java:run(117)) - 7b1e61a0-7daf-43dd-99d5-9b325c1d31ae@group-091950D56227-FollowerState was interrupted: java.lang.InterruptedException: sleep interrupted
2019-10-20 17:41:25,585 [8f18dce1-0a3d-4b65-9c78-af3d58b2da7f@group-091950D56227-LeaderElection584] INFO  impl.LeaderElection (LeaderElection.java:logAndReturn(56)) - 8f18dce1-0a3d-4b65-9c78-af3d58b2da7f@group-091950D56227-LeaderElection584: Election TIMEOUT; received 0 response(s) [] and 0 exception(s); 8f18dce1-0a3d-4b65-9c78-af3d58b2da7f@group-091950D56227:t692, leader=null, voted=8f18dce1-0a3d-4b65-9c78-af3d58b2da7f, raftlog=8f18dce1-0a3d-4b65-9c78-af3d58b2da7f@group-091950D56227-SegmentedRaftLog:OPENED:c-1,f-1,i0, conf=-1: [8a63e1ae-032e-4bed-9f20-125a11f65413:0.0.0.0:38685, 8f18dce1-0a3d-4b65-9c78-af3d58b2da7f:0.0.0.0:42489, 7b1e61a0-7daf-43dd-99d5-9b325c1d31ae:0.0.0.0:38412], old=null
2019-10-20 17:41:25,609 [8f18dce1-0a3d-4b65-9c78-af3d58b2da7f@group-091950D56227-LeaderElection584] INFO  impl.LeaderElection (LeaderElection.java:askForVotes(178)) - 8f18dce1-0a3d-4b65-9c78-af3d58b2da7f@group-091950D56227-LeaderElection584: begin an election at term 693 for -1: [8a63e1ae-032e-4bed-9f20-125a11f65413:0.0.0.0:38685, 8f18dce1-0a3d-4b65-9c78-af3d58b2da7f:0.0.0.0:42489, 7b1e61a0-7daf-43dd-99d5-9b325c1d31ae:0.0.0.0:38412], old=null
2019-10-20 17:41:25,610 [grpc-default-executor-1] INFO  impl.RaftServerImpl (RaftServerImpl.java:setRole(184)) - 8a63e1ae-032e-4bed-9f20-125a11f65413@group-091950D56227: changes role from  FOLLOWER to FOLLOWER at term 693 for recognizeCandidate:8f18dce1-0a3d-4b65-9c78-af3d58b2da7f
2019-10-20 17:41:25,610 [grpc-default-executor-1] INFO  impl.RoleInfo (RoleInfo.java:shutdownFollowerState(121)) - 8a63e1ae-032e-4bed-9f20-125a11f65413: shutdown FollowerState
2019-10-20 17:41:25,611 [grpc-default-executor-3] INFO  impl.RaftServerImpl (RaftServerImpl.java:setRole(184)) - 7b1e61a0-7daf-43dd-99d5-9b325c1d31ae@group-091950D56227: changes role from  FOLLOWER to FOLLOWER at term 693 for recognizeCandidate:8f18dce1-0a3d-4b65-9c78-af3d58b2da7f
2019-10-20 17:41:25,611 [grpc-default-executor-3] INFO  impl.RoleInfo (RoleInfo.java:shutdownFollowerState(121)) - 7b1e61a0-7daf-43dd-99d5-9b325c1d31ae: shutdown FollowerState
2019-10-20 17:41:25,611 [Thread-4163] INFO  impl.FollowerState (FollowerState.java:run(117)) - 8a63e1ae-032e-4bed-9f20-125a11f65413@group-091950D56227-FollowerState was interrupted: java.lang.InterruptedException: sleep interrupted
2019-10-20 17:41:25,611 [grpc-default-executor-1] INFO  impl.RoleInfo (RoleInfo.java:updateAndGet(143)) - 8a63e1ae-032e-4bed-9f20-125a11f65413: start FollowerState
2019-10-20 17:41:25,611 [Thread-4164] INFO  impl.FollowerState (FollowerState.java:run(117)) - 7b1e61a0-7daf-43dd-99d5-9b325c1d31ae@group-091950D56227-FollowerState was interrupted: java.lang.InterruptedException: sleep interrupted
2019-10-20 17:41:25,611 [grpc-default-executor-3] INFO  impl.RoleInfo (RoleInfo.java:updateAndGet(143)) - 7b1e61a0-7daf-43dd-99d5-9b325c1d31ae: start FollowerState
2019-10-20 17:41:25,628 [8f18dce1-0a3d-4b65-9c78-af3d58b2da7f@group-091950D56227-LeaderElection584] INFO  impl.LeaderElection (LeaderElection.java:logAndReturn(56)) - 8f18dce1-0a3d-4b65-9c78-af3d58b2da7f@group-091950D56227-LeaderElection584: Election TIMEOUT; received 0 response(s) [] and 0 exception(s); 8f18dce1-0a3d-4b65-9c78-af3d58b2da7f@group-091950D56227:t693, leader=null, voted=8f18dce1-0a3d-4b65-9c78-af3d58b2da7f, raftlog=8f18dce1-0a3d-4b65-9c78-af3d58b2da7f@group-091950D56227-SegmentedRaftLog:OPENED:c-1,f-1,i0, conf=-1: [8a63e1ae-032e-4bed-9f20-125a11f65413:0.0.0.0:38685, 8f18dce1-0a3d-4b65-9c78-af3d58b2da7f:0.0.0.0:42489, 7b1e61a0-7daf-43dd-99d5-9b325c1d31ae:0.0.0.0:38412], old=null
2019-10-20 17:41:25,653 [8f18dce1-0a3d-4b65-9c78-af3d58b2da7f@group-091950D56227-LeaderElection584] INFO  impl.LeaderElection (LeaderElection.java:askForVotes(178)) - 8f18dce1-0a3d-4b65-9c78-af3d58b2da7f@group-091950D56227-LeaderElection584: begin an election at term 694 for -1: [8a63e1ae-032e-4bed-9f20-125a11f65413:0.0.0.0:38685, 8f18dce1-0a3d-4b65-9c78-af3d58b2da7f:0.0.0.0:42489, 7b1e61a0-7daf-43dd-99d5-9b325c1d31ae:0.0.0.0:38412], old=null
2019-10-20 17:41:25,654 [grpc-default-executor-1] INFO  impl.RaftServerImpl (RaftServerImpl.java:setRole(184)) - 8a63e1ae-032e-4bed-9f20-125a11f65413@group-091950D56227: changes role from  FOLLOWER to FOLLOWER at term 694 for recognizeCandidate:8f18dce1-0a3d-4b65-9c78-af3d58b2da7f
2019-10-20 17:41:25,654 [grpc-default-executor-1] INFO  impl.RoleInfo (RoleInfo.java:shutdownFollowerState(121)) - 8a63e1ae-032e-4bed-9f20-125a11f65413: shutdown FollowerState
2019-10-20 17:41:25,654 [grpc-default-executor-3] INFO  impl.RaftServerImpl (RaftServerImpl.java:setRole(184)) - 7b1e61a0-7daf-43dd-99d5-9b325c1d31ae@group-091950D56227: changes role from  FOLLOWER to FOLLOWER at term 694 for recognizeCandidate:8f18dce1-0a3d-4b65-9c78-af3d58b2da7f
2019-10-20 17:41:25,655 [grpc-default-executor-3] INFO  impl.RoleInfo (RoleInfo.java:shutdownFollowerState(121)) - 7b1e61a0-7daf-43dd-99d5-9b325c1d31ae: shutdown FollowerState
2019-10-20 17:41:25,655 [Thread-4169] INFO  impl.FollowerState (FollowerState.java:run(117)) - 8a63e1ae-032e-4bed-9f20-125a11f65413@group-091950D56227-FollowerState was interrupted: java.lang.InterruptedException: sleep interrupted
2019-10-20 17:41:25,655 [Thread-4170] INFO  impl.FollowerState (FollowerState.java:run(117)) - 7b1e61a0-7daf-43dd-99d5-9b325c1d31ae@group-091950D56227-FollowerState was interrupted: java.lang.InterruptedException: sleep interrupted
2019-10-20 17:41:25,654 [grpc-default-executor-1] INFO  impl.RoleInfo (RoleInfo.java:updateAndGet(143)) - 8a63e1ae-032e-4bed-9f20-125a11f65413: start FollowerState
2019-10-20 17:41:25,655 [grpc-default-executor-3] INFO  impl.RoleInfo (RoleInfo.java:updateAndGet(143)) - 7b1e61a0-7daf-43dd-99d5-9b325c1d31ae: start FollowerState
2019-10-20 17:41:25,679 [8f18dce1-0a3d-4b65-9c78-af3d58b2da7f@group-091950D56227-LeaderElection584] INFO  impl.LeaderElection (LeaderElection.java:logAndReturn(56)) - 8f18dce1-0a3d-4b65-9c78-af3d58b2da7f@group-091950D56227-LeaderElection584: Election REJECTED; received 2 response(s) [8f18dce1-0a3d-4b65-9c78-af3d58b2da7f<-8a63e1ae-032e-4bed-9f20-125a11f65413#0:FAIL-t694, 8f18dce1-0a3d-4b65-9c78-af3d58b2da7f<-7b1e61a0-7daf-43dd-99d5-9b325c1d31ae#0:FAIL-t694] and 0 exception(s); 8f18dce1-0a3d-4b65-9c78-af3d58b2da7f@group-091950D56227:t694, leader=null, voted=8f18dce1-0a3d-4b65-9c78-af3d58b2da7f, raftlog=8f18dce1-0a3d-4b65-9c78-af3d58b2da7f@group-091950D56227-SegmentedRaftLog:OPENED:c-1,f-1,i0, conf=-1: [8a63e1ae-032e-4bed-9f20-125a11f65413:0.0.0.0:38685, 8f18dce1-0a3d-4b65-9c78-af3d58b2da7f:0.0.0.0:42489, 7b1e61a0-7daf-43dd-99d5-9b325c1d31ae:0.0.0.0:38412], old=null
2019-10-20 17:41:25,679 [8f18dce1-0a3d-4b65-9c78-af3d58b2da7f@group-091950D56227-LeaderElection584] INFO  impl.RaftServerImpl (RaftServerImpl.java:setRole(184)) - 8f18dce1-0a3d-4b65-9c78-af3d58b2da7f@group-091950D56227: changes role from CANDIDATE to FOLLOWER at term 694 for DISCOVERED_A_NEW_TERM
2019-10-20 17:41:25,679 [8f18dce1-0a3d-4b65-9c78-af3d58b2da7f@group-091950D56227-LeaderElection584] INFO  impl.RoleInfo (RoleInfo.java:shutdownLeaderElection(134)) - 8f18dce1-0a3d-4b65-9c78-af3d58b2da7f: shutdown LeaderElection
2019-10-20 17:41:25,680 [8f18dce1-0a3d-4b65-9c78-af3d58b2da7f@group-091950D56227-LeaderElection584] INFO  impl.RoleInfo (RoleInfo.java:updateAndGet(143)) - 8f18dce1-0a3d-4b65-9c78-af3d58b2da7f: start FollowerState
2019-10-20 17:41:25,719 [Thread-4175] INFO  impl.FollowerState (FollowerState.java:run(108)) - 8f18dce1-0a3d-4b65-9c78-af3d58b2da7f@group-091950D56227-FollowerState: change to CANDIDATE, lastRpcTime:39ms, electionTimeout:39ms
2019-10-20 17:41:25,719 [Thread-4175] INFO  impl.RoleInfo (RoleInfo.java:shutdownFollowerState(121)) - 8f18dce1-0a3d-4b65-9c78-af3d58b2da7f: shutdown FollowerState
2019-10-20 17:41:25,719 [Thread-4175] INFO  impl.RaftServerImpl (RaftServerImpl.java:setRole(184)) - 8f18dce1-0a3d-4b65-9c78-af3d58b2da7f@group-091950D56227: changes role from  FOLLOWER to CANDIDATE at term 694 for changeToCandidate
2019-10-20 17:41:25,719 [Thread-4175] INFO  impl.RoleInfo (RoleInfo.java:updateAndGet(143)) - 8f18dce1-0a3d-4b65-9c78-af3d58b2da7f: start LeaderElection
2019-10-20 17:41:25,746 [8f18dce1-0a3d-4b65-9c78-af3d58b2da7f@group-091950D56227-LeaderElection585] INFO  impl.LeaderElection (LeaderElection.java:askForVotes(178)) - 8f18dce1-0a3d-4b65-9c78-af3d58b2da7f@group-091950D56227-LeaderElection585: begin an election at term 695 for -1: [8a63e1ae-032e-4bed-9f20-125a11f65413:0.0.0.0:38685, 8f18dce1-0a3d-4b65-9c78-af3d58b2da7f:0.0.0.0:42489, 7b1e61a0-7daf-43dd-99d5-9b325c1d31ae:0.0.0.0:38412], old=null
2019-10-20 17:41:25,747 [grpc-default-executor-3] INFO  impl.RaftServerImpl (RaftServerImpl.java:setRole(184)) - 7b1e61a0-7daf-43dd-99d5-9b325c1d31ae@group-091950D56227: changes role from  FOLLOWER to FOLLOWER at term 695 for recognizeCandidate:8f18dce1-0a3d-4b65-9c78-af3d58b2da7f
2019-10-20 17:41:25,747 [grpc-default-executor-3] INFO  impl.RoleInfo (RoleInfo.java:shutdownFollowerState(121)) - 7b1e61a0-7daf-43dd-99d5-9b325c1d31ae: shutdown FollowerState
2019-10-20 17:41:25,747 [grpc-default-executor-1] INFO  impl.RaftServerImpl (RaftServerImpl.java:setRole(184)) - 8a63e1ae-032e-4bed-9f20-125a11f65413@group-091950D56227: changes role from  FOLLOWER to FOLLOWER at term 695 for recognizeCandidate:8f18dce1-0a3d-4b65-9c78-af3d58b2da7f
2019-10-20 17:41:25,748 [grpc-default-executor-1] INFO  impl.RoleInfo (RoleInfo.java:shutdownFollowerState(121)) - 8a63e1ae-032e-4bed-9f20-125a11f65413: shutdown FollowerState
2019-10-20 17:41:25,748 [Thread-4174] INFO  impl.FollowerState (FollowerState.java:run(117)) - 7b1e61a0-7daf-43dd-99d5-9b325c1d31ae@group-091950D56227-FollowerState was interrupted: java.lang.InterruptedException: sleep interrupted
2019-10-20 17:41:25,747 [grpc-default-executor-3] INFO  impl.RoleInfo (RoleInfo.java:updateAndGet(143)) - 7b1e61a0-7daf-43dd-99d5-9b325c1d31ae: start FollowerState
2019-10-20 17:41:25,748 [Thread-4173] INFO  impl.FollowerState (FollowerState.java:run(117)) - 8a63e1ae-032e-4bed-9f20-125a11f65413@group-091950D56227-FollowerState was interrupted: java.lang.InterruptedException: sleep interrupted
2019-10-20 17:41:25,748 [grpc-default-executor-1] INFO  impl.RoleInfo (RoleInfo.java:updateAndGet(143)) - 8a63e1ae-032e-4bed-9f20-125a11f65413: start FollowerState
2019-10-20 17:41:25,772 [8f18dce1-0a3d-4b65-9c78-af3d58b2da7f@group-091950D56227-LeaderElection585] INFO  impl.LeaderElection (LeaderElection.java:logAndReturn(56)) - 8f18dce1-0a3d-4b65-9c78-af3d58b2da7f@group-091950D56227-LeaderElection585: Election REJECTED; received 2 response(s) [8f18dce1-0a3d-4b65-9c78-af3d58b2da7f<-8a63e1ae-032e-4bed-9f20-125a11f65413#0:FAIL-t695, 8f18dce1-0a3d-4b65-9c78-af3d58b2da7f<-7b1e61a0-7daf-43dd-99d5-9b325c1d31ae#0:FAIL-t695] and 0 exception(s); 8f18dce1-0a3d-4b65-9c78-af3d58b2da7f@group-091950D56227:t695, leader=null, voted=8f18dce1-0a3d-4b65-9c78-af3d58b2da7f, raftlog=8f18dce1-0a3d-4b65-9c78-af3d58b2da7f@group-091950D56227-SegmentedRaftLog:OPENED:c-1,f-1,i0, conf=-1: [8a63e1ae-032e-4bed-9f20-125a11f65413:0.0.0.0:38685, 8f18dce1-0a3d-4b65-9c78-af3d58b2da7f:0.0.0.0:42489, 7b1e61a0-7daf-43dd-99d5-9b325c1d31ae:0.0.0.0:38412], old=null
2019-10-20 17:41:25,773 [8f18dce1-0a3d-4b65-9c78-af3d58b2da7f@group-091950D56227-LeaderElection585] INFO  impl.RaftServerImpl (RaftServerImpl.java:setRole(184)) - 8f18dce1-0a3d-4b65-9c78-af3d58b2da7f@group-091950D56227: changes role from CANDIDATE to FOLLOWER at term 695 for DISCOVERED_A_NEW_TERM
2019-10-20 17:41:25,773 [8f18dce1-0a3d-4b65-9c78-af3d58b2da7f@group-091950D56227-LeaderElection585] INFO  impl.RoleInfo (RoleInfo.java:shutdownLeaderElection(134)) - 8f18dce1-0a3d-4b65-9c78-af3d58b2da7f: shutdown LeaderElection
2019-10-20 17:41:25,773 [8f18dce1-0a3d-4b65-9c78-af3d58b2da7f@group-091950D56227-LeaderElection585] INFO  impl.RoleInfo (RoleInfo.java:updateAndGet(143)) - 8f18dce1-0a3d-4b65-9c78-af3d58b2da7f: start FollowerState
2019-10-20 17:41:25,906 [Thread-4181] INFO  impl.FollowerState (FollowerState.java:run(108)) - 8f18dce1-0a3d-4b65-9c78-af3d58b2da7f@group-091950D56227-FollowerState: change to CANDIDATE, lastRpcTime:132ms, electionTimeout:132ms
2019-10-20 17:41:25,906 [Thread-4181] INFO  impl.RoleInfo (RoleInfo.java:shutdownFollowerState(121)) - 8f18dce1-0a3d-4b65-9c78-af3d58b2da7f: shutdown FollowerState
2019-10-20 17:41:25,906 [Thread-4181] INFO  impl.RaftServerImpl (RaftServerImpl.java:setRole(184)) - 8f18dce1-0a3d-4b65-9c78-af3d58b2da7f@group-091950D56227: changes role from  FOLLOWER to CANDIDATE at term 695 for changeToCandidate
2019-10-20 17:41:25,906 [Thread-4181] INFO  impl.RoleInfo (RoleInfo.java:updateAndGet(143)) - 8f18dce1-0a3d-4b65-9c78-af3d58b2da7f: start LeaderElection
2019-10-20 17:41:25,931 [8f18dce1-0a3d-4b65-9c78-af3d58b2da7f@group-091950D56227-LeaderElection586] INFO  impl.LeaderElection (LeaderElection.java:askForVotes(178)) - 8f18dce1-0a3d-4b65-9c78-af3d58b2da7f@group-091950D56227-LeaderElection586: begin an election at term 696 for -1: [8a63e1ae-032e-4bed-9f20-125a11f65413:0.0.0.0:38685, 8f18dce1-0a3d-4b65-9c78-af3d58b2da7f:0.0.0.0:42489, 7b1e61a0-7daf-43dd-99d5-9b325c1d31ae:0.0.0.0:38412], old=null
2019-10-20 17:41:25,932 [grpc-default-executor-3] INFO  impl.RaftServerImpl (RaftServerImpl.java:setRole(184)) - 8a63e1ae-032e-4bed-9f20-125a11f65413@group-091950D56227: changes role from  FOLLOWER to FOLLOWER at term 696 for recognizeCandidate:8f18dce1-0a3d-4b65-9c78-af3d58b2da7f
2019-10-20 17:41:25,932 [grpc-default-executor-3] INFO  impl.RoleInfo (RoleInfo.java:shutdownFollowerState(121)) - 8a63e1ae-032e-4bed-9f20-125a11f65413: shutdown FollowerState
2019-10-20 17:41:25,932 [grpc-default-executor-1] INFO  impl.RaftServerImpl (RaftServerImpl.java:setRole(184)) - 7b1e61a0-7daf-43dd-99d5-9b325c1d31ae@group-091950D56227: changes role from  FOLLOWER to FOLLOWER at term 696 for recognizeCandidate:8f18dce1-0a3d-4b65-9c78-af3d58b2da7f
2019-10-20 17:41:25,933 [grpc-default-executor-1] INFO  impl.RoleInfo (RoleInfo.java:shutdownFollowerState(121)) - 7b1e61a0-7daf-43dd-99d5-9b325c1d31ae: shutdown FollowerState
2019-10-20 17:41:25,933 [Thread-4180] INFO  impl.FollowerState (FollowerState.java:run(117)) - 8a63e1ae-032e-4bed-9f20-125a11f65413@group-091950D56227-FollowerState was interrupted: java.lang.InterruptedException: sleep interrupted
2019-10-20 17:41:25,933 [Thread-4179] INFO  impl.FollowerState (FollowerState.java:run(117)) - 7b1e61a0-7daf-43dd-99d5-9b325c1d31ae@group-091950D56227-FollowerState was interrupted: java.lang.InterruptedException: sleep interrupted
2019-10-20 17:41:25,933 [grpc-default-executor-3] INFO  impl.RoleInfo (RoleInfo.java:updateAndGet(143)) - 8a63e1ae-032e-4bed-9f20-125a11f65413: start FollowerState
2019-10-20 17:41:25,933 [grpc-default-executor-1] INFO  impl.RoleInfo (RoleInfo.java:updateAndGet(143)) - 7b1e61a0-7daf-43dd-99d5-9b325c1d31ae: start FollowerState
2019-10-20 17:41:25,957 [8f18dce1-0a3d-4b65-9c78-af3d58b2da7f@group-091950D56227-LeaderElection586] INFO  impl.LeaderElection (LeaderElection.java:logAndReturn(56)) - 8f18dce1-0a3d-4b65-9c78-af3d58b2da7f@group-091950D56227-LeaderElection586: Election REJECTED; received 2 response(s) [8f18dce1-0a3d-4b65-9c78-af3d58b2da7f<-8a63e1ae-032e-4bed-9f20-125a11f65413#0:FAIL-t696, 8f18dce1-0a3d-4b65-9c78-af3d58b2da7f<-7b1e61a0-7daf-43dd-99d5-9b325c1d31ae#0:FAIL-t696] and 0 exception(s); 8f18dce1-0a3d-4b65-9c78-af3d58b2da7f@group-091950D56227:t696, leader=null, voted=8f18dce1-0a3d-4b65-9c78-af3d58b2da7f, raftlog=8f18dce1-0a3d-4b65-9c78-af3d58b2da7f@group-091950D56227-SegmentedRaftLog:OPENED:c-1,f-1,i0, conf=-1: [8a63e1ae-032e-4bed-9f20-125a11f65413:0.0.0.0:38685, 8f18dce1-0a3d-4b65-9c78-af3d58b2da7f:0.0.0.0:42489, 7b1e61a0-7daf-43dd-99d5-9b325c1d31ae:0.0.0.0:38412], old=null
2019-10-20 17:41:25,957 [8f18dce1-0a3d-4b65-9c78-af3d58b2da7f@group-091950D56227-LeaderElection586] INFO  impl.RaftServerImpl (RaftServerImpl.java:setRole(184)) - 8f18dce1-0a3d-4b65-9c78-af3d58b2da7f@group-091950D56227: changes role from CANDIDATE to FOLLOWER at term 696 for DISCOVERED_A_NEW_TERM
2019-10-20 17:41:25,957 [8f18dce1-0a3d-4b65-9c78-af3d58b2da7f@group-091950D56227-LeaderElection586] INFO  impl.RoleInfo (RoleInfo.java:shutdownLeaderElection(134)) - 8f18dce1-0a3d-4b65-9c78-af3d58b2da7f: shutdown LeaderElection
2019-10-20 17:41:25,957 [8f18dce1-0a3d-4b65-9c78-af3d58b2da7f@group-091950D56227-LeaderElection586] INFO  impl.RoleInfo (RoleInfo.java:updateAndGet(143)) - 8f18dce1-0a3d-4b65-9c78-af3d58b2da7f: start FollowerState
2019-10-20 17:41:25,959 [Thread-4187] INFO  impl.FollowerState (FollowerState.java:run(108)) - 8f18dce1-0a3d-4b65-9c78-af3d58b2da7f@group-091950D56227-FollowerState: change to CANDIDATE, lastRpcTime:1ms, electionTimeout:1ms
2019-10-20 17:41:25,959 [Thread-4187] INFO  impl.RoleInfo (RoleInfo.java:shutdownFollowerState(121)) - 8f18dce1-0a3d-4b65-9c78-af3d58b2da7f: shutdown FollowerState
2019-10-20 17:41:25,959 [Thread-4187] INFO  impl.RaftServerImpl (RaftServerImpl.java:setRole(184)) - 8f18dce1-0a3d-4b65-9c78-af3d58b2da7f@group-091950D56227: changes role from  FOLLOWER to CANDIDATE at term 696 for changeToCandidate
2019-10-20 17:41:25,959 [Thread-4187] INFO  impl.RoleInfo (RoleInfo.java:updateAndGet(143)) - 8f18dce1-0a3d-4b65-9c78-af3d58b2da7f: start LeaderElection
2019-10-20 17:41:25,982 [8f18dce1-0a3d-4b65-9c78-af3d58b2da7f@group-091950D56227-LeaderElection587] INFO  impl.LeaderElection (LeaderElection.java:askForVotes(178)) - 8f18dce1-0a3d-4b65-9c78-af3d58b2da7f@group-091950D56227-LeaderElection587: begin an election at term 697 for -1: [8a63e1ae-032e-4bed-9f20-125a11f65413:0.0.0.0:38685, 8f18dce1-0a3d-4b65-9c78-af3d58b2da7f:0.0.0.0:42489, 7b1e61a0-7daf-43dd-99d5-9b325c1d31ae:0.0.0.0:38412], old=null
2019-10-20 17:41:25,983 [grpc-default-executor-1] INFO  impl.RaftServerImpl (RaftServerImpl.java:setRole(184)) - 7b1e61a0-7daf-43dd-99d5-9b325c1d31ae@group-091950D56227: changes role from  FOLLOWER to FOLLOWER at term 697 for recognizeCandidate:8f18dce1-0a3d-4b65-9c78-af3d58b2da7f
2019-10-20 17:41:25,983 [grpc-default-executor-1] INFO  impl.RoleInfo (RoleInfo.java:shutdownFollowerState(121)) - 7b1e61a0-7daf-43dd-99d5-9b325c1d31ae: shutdown FollowerState
2019-10-20 17:41:25,983 [grpc-default-executor-3] INFO  impl.RaftServerImpl (RaftServerImpl.java:setRole(184)) - 8a63e1ae-032e-4bed-9f20-125a11f65413@group-091950D56227: changes role from  FOLLOWER to FOLLOWER at term 697 for recognizeCandidate:8f18dce1-0a3d-4b65-9c78-af3d58b2da7f
2019-10-20 17:41:25,983 [grpc-default-executor-3] INFO  impl.RoleInfo (RoleInfo.java:shutdownFollowerState(121)) - 8a63e1ae-032e-4bed-9f20-125a11f65413: shutdown FollowerState
2019-10-20 17:41:25,983 [Thread-4186] INFO  impl.FollowerState (FollowerState.java:run(117)) - 7b1e61a0-7daf-43dd-99d5-9b325c1d31ae@group-091950D56227-FollowerState was interrupted: java.lang.InterruptedException: sleep interrupted
2019-10-20 17:41:25,983 [grpc-default-executor-1] INFO  impl.RoleInfo (RoleInfo.java:updateAndGet(143)) - 7b1e61a0-7daf-43dd-99d5-9b325c1d31ae: start FollowerState
2019-10-20 17:41:25,983 [Thread-4185] INFO  impl.FollowerState (FollowerState.java:run(117)) - 8a63e1ae-032e-4bed-9f20-125a11f65413@group-091950D56227-FollowerState was interrupted: java.lang.InterruptedException: sleep interrupted
2019-10-20 17:41:25,983 [grpc-default-executor-3] INFO  impl.RoleInfo (RoleInfo.java:updateAndGet(143)) - 8a63e1ae-032e-4bed-9f20-125a11f65413: start FollowerState
2019-10-20 17:41:26,008 [8f18dce1-0a3d-4b65-9c78-af3d58b2da7f@group-091950D56227-LeaderElection587] INFO  impl.LeaderElection (LeaderElection.java:logAndReturn(56)) - 8f18dce1-0a3d-4b65-9c78-af3d58b2da7f@group-091950D56227-LeaderElection587: Election REJECTED; received 2 response(s) [8f18dce1-0a3d-4b65-9c78-af3d58b2da7f<-8a63e1ae-032e-4bed-9f20-125a11f65413#0:FAIL-t697, 8f18dce1-0a3d-4b65-9c78-af3d58b2da7f<-7b1e61a0-7daf-43dd-99d5-9b325c1d31ae#0:FAIL-t697] and 0 exception(s); 8f18dce1-0a3d-4b65-9c78-af3d58b2da7f@group-091950D56227:t697, leader=null, voted=8f18dce1-0a3d-4b65-9c78-af3d58b2da7f, raftlog=8f18dce1-0a3d-4b65-9c78-af3d58b2da7f@group-091950D56227-SegmentedRaftLog:OPENED:c-1,f-1,i0, conf=-1: [8a63e1ae-032e-4bed-9f20-125a11f65413:0.0.0.0:38685, 8f18dce1-0a3d-4b65-9c78-af3d58b2da7f:0.0.0.0:42489, 7b1e61a0-7daf-43dd-99d5-9b325c1d31ae:0.0.0.0:38412], old=null
2019-10-20 17:41:26,008 [8f18dce1-0a3d-4b65-9c78-af3d58b2da7f@group-091950D56227-LeaderElection587] INFO  impl.RaftServerImpl (RaftServerImpl.java:setRole(184)) - 8f18dce1-0a3d-4b65-9c78-af3d58b2da7f@group-091950D56227: changes role from CANDIDATE to FOLLOWER at term 697 for DISCOVERED_A_NEW_TERM
2019-10-20 17:41:26,009 [8f18dce1-0a3d-4b65-9c78-af3d58b2da7f@group-091950D56227-LeaderElection587] INFO  impl.RoleInfo (RoleInfo.java:shutdownLeaderElection(134)) - 8f18dce1-0a3d-4b65-9c78-af3d58b2da7f: shutdown LeaderElection
2019-10-20 17:41:26,009 [8f18dce1-0a3d-4b65-9c78-af3d58b2da7f@group-091950D56227-LeaderElection587] INFO  impl.RoleInfo (RoleInfo.java:updateAndGet(143)) - 8f18dce1-0a3d-4b65-9c78-af3d58b2da7f: start FollowerState
2019-10-20 17:41:26,051 [Thread-4193] INFO  impl.FollowerState (FollowerState.java:run(108)) - 8f18dce1-0a3d-4b65-9c78-af3d58b2da7f@group-091950D56227-FollowerState: change to CANDIDATE, lastRpcTime:42ms, electionTimeout:42ms
2019-10-20 17:41:26,051 [Thread-4193] INFO  impl.RoleInfo (RoleInfo.java:shutdownFollowerState(121)) - 8f18dce1-0a3d-4b65-9c78-af3d58b2da7f: shutdown FollowerState
2019-10-20 17:41:26,051 [Thread-4193] INFO  impl.RaftServerImpl (RaftServerImpl.java:setRole(184)) - 8f18dce1-0a3d-4b65-9c78-af3d58b2da7f@group-091950D56227: changes role from  FOLLOWER to CANDIDATE at term 697 for changeToCandidate
2019-10-20 17:41:26,051 [Thread-4193] INFO  impl.RoleInfo (RoleInfo.java:updateAndGet(143)) - 8f18dce1-0a3d-4b65-9c78-af3d58b2da7f: start LeaderElection
2019-10-20 17:41:26,075 [8f18dce1-0a3d-4b65-9c78-af3d58b2da7f@group-091950D56227-LeaderElection588] INFO  impl.LeaderElection (LeaderElection.java:askForVotes(178)) - 8f18dce1-0a3d-4b65-9c78-af3d58b2da7f@group-091950D56227-LeaderElection588: begin an election at term 698 for -1: [8a63e1ae-032e-4bed-9f20-125a11f65413:0.0.0.0:38685, 8f18dce1-0a3d-4b65-9c78-af3d58b2da7f:0.0.0.0:42489, 7b1e61a0-7daf-43dd-99d5-9b325c1d31ae:0.0.0.0:38412], old=null
2019-10-20 17:41:26,076 [grpc-default-executor-3] INFO  impl.RaftServerImpl (RaftServerImpl.java:setRole(184)) - 7b1e61a0-7daf-43dd-99d5-9b325c1d31ae@group-091950D56227: changes role from  FOLLOWER to FOLLOWER at term 698 for recognizeCandidate:8f18dce1-0a3d-4b65-9c78-af3d58b2da7f
2019-10-20 17:41:26,076 [grpc-default-executor-1] INFO  impl.RaftServerImpl (RaftServerImpl.java:setRole(184)) - 8a63e1ae-032e-4bed-9f20-125a11f65413@group-091950D56227: changes role from  FOLLOWER to FOLLOWER at term 698 for recognizeCandidate:8f18dce1-0a3d-4b65-9c78-af3d58b2da7f
2019-10-20 17:41:26,076 [grpc-default-executor-1] INFO  impl.RoleInfo (RoleInfo.java:shutdownFollowerState(121)) - 8a63e1ae-032e-4bed-9f20-125a11f65413: shutdown FollowerState
2019-10-20 17:41:26,076 [grpc-default-executor-3] INFO  impl.RoleInfo (RoleInfo.java:shutdownFollowerState(121)) - 7b1e61a0-7daf-43dd-99d5-9b325c1d31ae: shutdown FollowerState
2019-10-20 17:41:26,076 [Thread-4192] INFO  impl.FollowerState (FollowerState.java:run(117)) - 8a63e1ae-032e-4bed-9f20-125a11f65413@group-091950D56227-FollowerState was interrupted: java.lang.InterruptedException: sleep interrupted
2019-10-20 17:41:26,076 [grpc-default-executor-1] INFO  impl.RoleInfo (RoleInfo.java:updateAndGet(143)) - 8a63e1ae-032e-4bed-9f20-125a11f65413: start FollowerState
2019-10-20 17:41:26,077 [Thread-4191] INFO  impl.FollowerState (FollowerState.java:run(117)) - 7b1e61a0-7daf-43dd-99d5-9b325c1d31ae@group-091950D56227-FollowerState was interrupted: java.lang.InterruptedException: sleep interrupted
2019-10-20 17:41:26,077 [grpc-default-executor-3] INFO  impl.RoleInfo (RoleInfo.java:updateAndGet(143)) - 7b1e61a0-7daf-43dd-99d5-9b325c1d31ae: start FollowerState
2019-10-20 17:41:26,101 [8f18dce1-0a3d-4b65-9c78-af3d58b2da7f@group-091950D56227-LeaderElection588] INFO  impl.LeaderElection (LeaderElection.java:logAndReturn(56)) - 8f18dce1-0a3d-4b65-9c78-af3d58b2da7f@group-091950D56227-LeaderElection588: Election REJECTED; received 2 response(s) [8f18dce1-0a3d-4b65-9c78-af3d58b2da7f<-8a63e1ae-032e-4bed-9f20-125a11f65413#0:FAIL-t698, 8f18dce1-0a3d-4b65-9c78-af3d58b2da7f<-7b1e61a0-7daf-43dd-99d5-9b325c1d31ae#0:FAIL-t698] and 0 exception(s); 8f18dce1-0a3d-4b65-9c78-af3d58b2da7f@group-091950D56227:t698, leader=null, voted=8f18dce1-0a3d-4b65-9c78-af3d58b2da7f, raftlog=8f18dce1-0a3d-4b65-9c78-af3d58b2da7f@group-091950D56227-SegmentedRaftLog:OPENED:c-1,f-1,i0, conf=-1: [8a63e1ae-032e-4bed-9f20-125a11f65413:0.0.0.0:38685, 8f18dce1-0a3d-4b65-9c78-af3d58b2da7f:0.0.0.0:42489, 7b1e61a0-7daf-43dd-99d5-9b325c1d31ae:0.0.0.0:38412], old=null
2019-10-20 17:41:26,101 [8f18dce1-0a3d-4b65-9c78-af3d58b2da7f@group-091950D56227-LeaderElection588] INFO  impl.RaftServerImpl (RaftServerImpl.java:setRole(184)) - 8f18dce1-0a3d-4b65-9c78-af3d58b2da7f@group-091950D56227: changes role from CANDIDATE to FOLLOWER at term 698 for DISCOVERED_A_NEW_TERM
2019-10-20 17:41:26,101 [8f18dce1-0a3d-4b65-9c78-af3d58b2da7f@group-091950D56227-LeaderElection588] INFO  impl.RoleInfo (RoleInfo.java:shutdownLeaderElection(134)) - 8f18dce1-0a3d-4b65-9c78-af3d58b2da7f: shutdown LeaderElection
2019-10-20 17:41:26,101 [8f18dce1-0a3d-4b65-9c78-af3d58b2da7f@group-091950D56227-LeaderElection588] INFO  impl.RoleInfo (RoleInfo.java:updateAndGet(143)) - 8f18dce1-0a3d-4b65-9c78-af3d58b2da7f: start FollowerState
2019-10-20 17:41:26,249 [Thread-4199] INFO  impl.FollowerState (FollowerState.java:run(108)) - 8f18dce1-0a3d-4b65-9c78-af3d58b2da7f@group-091950D56227-FollowerState: change to CANDIDATE, lastRpcTime:148ms, electionTimeout:148ms
2019-10-20 17:41:26,250 [Thread-4199] INFO  impl.RoleInfo (RoleInfo.java:shutdownFollowerState(121)) - 8f18dce1-0a3d-4b65-9c78-af3d58b2da7f: shutdown FollowerState
2019-10-20 17:41:26,250 [Thread-4199] INFO  impl.RaftServerImpl (RaftServerImpl.java:setRole(184)) - 8f18dce1-0a3d-4b65-9c78-af3d58b2da7f@group-091950D56227: changes role from  FOLLOWER to CANDIDATE at term 698 for changeToCandidate
2019-10-20 17:41:26,250 [Thread-4199] INFO  impl.RoleInfo (RoleInfo.java:updateAndGet(143)) - 8f18dce1-0a3d-4b65-9c78-af3d58b2da7f: start LeaderElection
2019-10-20 17:41:26,275 [8f18dce1-0a3d-4b65-9c78-af3d58b2da7f@group-091950D56227-LeaderElection589] INFO  impl.LeaderElection (LeaderElection.java:askForVotes(178)) - 8f18dce1-0a3d-4b65-9c78-af3d58b2da7f@group-091950D56227-LeaderElection589: begin an election at term 699 for -1: [8a63e1ae-032e-4bed-9f20-125a11f65413:0.0.0.0:38685, 8f18dce1-0a3d-4b65-9c78-af3d58b2da7f:0.0.0.0:42489, 7b1e61a0-7daf-43dd-99d5-9b325c1d31ae:0.0.0.0:38412], old=null
2019-10-20 17:41:26,277 [grpc-default-executor-3] INFO  impl.RaftServerImpl (RaftServerImpl.java:setRole(184)) - 8a63e1ae-032e-4bed-9f20-125a11f65413@group-091950D56227: changes role from  FOLLOWER to FOLLOWER at term 699 for recognizeCandidate:8f18dce1-0a3d-4b65-9c78-af3d58b2da7f
2019-10-20 17:41:26,277 [grpc-default-executor-1] INFO  impl.RaftServerImpl (RaftServerImpl.java:setRole(184)) - 7b1e61a0-7daf-43dd-99d5-9b325c1d31ae@group-091950D56227: changes role from  FOLLOWER to FOLLOWER at term 699 for recognizeCandidate:8f18dce1-0a3d-4b65-9c78-af3d58b2da7f
2019-10-20 17:41:26,277 [grpc-default-executor-1] INFO  impl.RoleInfo (RoleInfo.java:shutdownFollowerState(121)) - 7b1e61a0-7daf-43dd-99d5-9b325c1d31ae: shutdown FollowerState
2019-10-20 17:41:26,277 [grpc-default-executor-3] INFO  impl.RoleInfo (RoleInfo.java:shutdownFollowerState(121)) - 8a63e1ae-032e-4bed-9f20-125a11f65413: shutdown FollowerState
2019-10-20 17:41:26,277 [Thread-4198] INFO  impl.FollowerState (FollowerState.java:run(117)) - 7b1e61a0-7daf-43dd-99d5-9b325c1d31ae@group-091950D56227-FollowerState was interrupted: java.lang.InterruptedException: sleep interrupted
2019-10-20 17:41:26,277 [grpc-default-executor-1] INFO  impl.RoleInfo (RoleInfo.java:updateAndGet(143)) - 7b1e61a0-7daf-43dd-99d5-9b325c1d31ae: start FollowerState
2019-10-20 17:41:26,277 [Thread-4197] INFO  impl.FollowerState (FollowerState.java:run(117)) - 8a63e1ae-032e-4bed-9f20-125a11f65413@group-091950D56227-FollowerState was interrupted: java.lang.InterruptedException: sleep interrupted
2019-10-20 17:41:26,277 [grpc-default-executor-3] INFO  impl.RoleInfo (RoleInfo.java:updateAndGet(143)) - 8a63e1ae-032e-4bed-9f20-125a11f65413: start FollowerState
2019-10-20 17:41:26,285 [8f18dce1-0a3d-4b65-9c78-af3d58b2da7f@group-091950D56227-LeaderElection589] INFO  impl.LeaderElection (LeaderElection.java:logAndReturn(56)) - 8f18dce1-0a3d-4b65-9c78-af3d58b2da7f@group-091950D56227-LeaderElection589: Election TIMEOUT; received 0 response(s) [] and 0 exception(s); 8f18dce1-0a3d-4b65-9c78-af3d58b2da7f@group-091950D56227:t699, leader=null, voted=8f18dce1-0a3d-4b65-9c78-af3d58b2da7f, raftlog=8f18dce1-0a3d-4b65-9c78-af3d58b2da7f@group-091950D56227-SegmentedRaftLog:OPENED:c-1,f-1,i0, conf=-1: [8a63e1ae-032e-4bed-9f20-125a11f65413:0.0.0.0:38685, 8f18dce1-0a3d-4b65-9c78-af3d58b2da7f:0.0.0.0:42489, 7b1e61a0-7daf-43dd-99d5-9b325c1d31ae:0.0.0.0:38412], old=null
2019-10-20 17:41:26,301 [8f18dce1-0a3d-4b65-9c78-af3d58b2da7f@group-091950D56227-LeaderElection589] INFO  impl.LeaderElection (LeaderElection.java:askForVotes(178)) - 8f18dce1-0a3d-4b65-9c78-af3d58b2da7f@group-091950D56227-LeaderElection589: begin an election at term 700 for -1: [8a63e1ae-032e-4bed-9f20-125a11f65413:0.0.0.0:38685, 8f18dce1-0a3d-4b65-9c78-af3d58b2da7f:0.0.0.0:42489, 7b1e61a0-7daf-43dd-99d5-9b325c1d31ae:0.0.0.0:38412], old=null
2019-10-20 17:41:26,302 [grpc-default-executor-1] INFO  impl.RaftServerImpl (RaftServerImpl.java:setRole(184)) - 7b1e61a0-7daf-43dd-99d5-9b325c1d31ae@group-091950D56227: changes role from  FOLLOWER to FOLLOWER at term 700 for recognizeCandidate:8f18dce1-0a3d-4b65-9c78-af3d58b2da7f
2019-10-20 17:41:26,302 [grpc-default-executor-1] INFO  impl.RoleInfo (RoleInfo.java:shutdownFollowerState(121)) - 7b1e61a0-7daf-43dd-99d5-9b325c1d31ae: shutdown FollowerState
2019-10-20 17:41:26,302 [grpc-default-executor-1] INFO  impl.RoleInfo (RoleInfo.java:updateAndGet(143)) - 7b1e61a0-7daf-43dd-99d5-9b325c1d31ae: start FollowerState
2019-10-20 17:41:26,302 [Thread-4203] INFO  impl.FollowerState (FollowerState.java:run(117)) - 7b1e61a0-7daf-43dd-99d5-9b325c1d31ae@group-091950D56227-FollowerState was interrupted: java.lang.InterruptedException: sleep interrupted
2019-10-20 17:41:26,302 [grpc-default-executor-3] INFO  impl.RaftServerImpl (RaftServerImpl.java:setRole(184)) - 8a63e1ae-032e-4bed-9f20-125a11f65413@group-091950D56227: changes role from  FOLLOWER to FOLLOWER at term 700 for recognizeCandidate:8f18dce1-0a3d-4b65-9c78-af3d58b2da7f
2019-10-20 17:41:26,302 [grpc-default-executor-3] INFO  impl.RoleInfo (RoleInfo.java:shutdownFollowerState(121)) - 8a63e1ae-032e-4bed-9f20-125a11f65413: shutdown FollowerState
2019-10-20 17:41:26,302 [grpc-default-executor-3] INFO  impl.RoleInfo (RoleInfo.java:updateAndGet(143)) - 8a63e1ae-032e-4bed-9f20-125a11f65413: start FollowerState
2019-10-20 17:41:26,302 [Thread-4204] INFO  impl.FollowerState (FollowerState.java:run(117)) - 8a63e1ae-032e-4bed-9f20-125a11f65413@group-091950D56227-FollowerState was interrupted: java.lang.InterruptedException: sleep interrupted
2019-10-20 17:41:26,305 [8f18dce1-0a3d-4b65-9c78-af3d58b2da7f@group-091950D56227-LeaderElection589] INFO  impl.LeaderElection (LeaderElection.java:logAndReturn(56)) - 8f18dce1-0a3d-4b65-9c78-af3d58b2da7f@group-091950D56227-LeaderElection589: Election TIMEOUT; received 0 response(s) [] and 0 exception(s); 8f18dce1-0a3d-4b65-9c78-af3d58b2da7f@group-091950D56227:t700, leader=null, voted=8f18dce1-0a3d-4b65-9c78-af3d58b2da7f, raftlog=8f18dce1-0a3d-4b65-9c78-af3d58b2da7f@group-091950D56227-SegmentedRaftLog:OPENED:c-1,f-1,i0, conf=-1: [8a63e1ae-032e-4bed-9f20-125a11f65413:0.0.0.0:38685, 8f18dce1-0a3d-4b65-9c78-af3d58b2da7f:0.0.0.0:42489, 7b1e61a0-7daf-43dd-99d5-9b325c1d31ae:0.0.0.0:38412], old=null
2019-10-20 17:41:26,326 [8f18dce1-0a3d-4b65-9c78-af3d58b2da7f@group-091950D56227-LeaderElection589] INFO  impl.LeaderElection (LeaderElection.java:askForVotes(178)) - 8f18dce1-0a3d-4b65-9c78-af3d58b2da7f@group-091950D56227-LeaderElection589: begin an election at term 701 for -1: [8a63e1ae-032e-4bed-9f20-125a11f65413:0.0.0.0:38685, 8f18dce1-0a3d-4b65-9c78-af3d58b2da7f:0.0.0.0:42489, 7b1e61a0-7daf-43dd-99d5-9b325c1d31ae:0.0.0.0:38412], old=null
2019-10-20 17:41:26,328 [grpc-default-executor-1] INFO  impl.RaftServerImpl (RaftServerImpl.java:setRole(184)) - 8a63e1ae-032e-4bed-9f20-125a11f65413@group-091950D56227: changes role from  FOLLOWER to FOLLOWER at term 701 for recognizeCandidate:8f18dce1-0a3d-4b65-9c78-af3d58b2da7f
2019-10-20 17:41:26,328 [grpc-default-executor-1] INFO  impl.RoleInfo (RoleInfo.java:shutdownFollowerState(121)) - 8a63e1ae-032e-4bed-9f20-125a11f65413: shutdown FollowerState
2019-10-20 17:41:26,328 [grpc-default-executor-3] INFO  impl.RaftServerImpl (RaftServerImpl.java:setRole(184)) - 7b1e61a0-7daf-43dd-99d5-9b325c1d31ae@group-091950D56227: changes role from  FOLLOWER to FOLLOWER at term 701 for recognizeCandidate:8f18dce1-0a3d-4b65-9c78-af3d58b2da7f
2019-10-20 17:41:26,328 [grpc-default-executor-3] INFO  impl.RoleInfo (RoleInfo.java:shutdownFollowerState(121)) - 7b1e61a0-7daf-43dd-99d5-9b325c1d31ae: shutdown FollowerState
2019-10-20 17:41:26,328 [Thread-4208] INFO  impl.FollowerState (FollowerState.java:run(117)) - 8a63e1ae-032e-4bed-9f20-125a11f65413@group-091950D56227-FollowerState was interrupted: java.lang.InterruptedException: sleep interrupted
2019-10-20 17:41:26,328 [grpc-default-executor-1] INFO  impl.RoleInfo (RoleInfo.java:updateAndGet(143)) - 8a63e1ae-032e-4bed-9f20-125a11f65413: start FollowerState
2019-10-20 17:41:26,328 [Thread-4207] INFO  impl.FollowerState (FollowerState.java:run(117)) - 7b1e61a0-7daf-43dd-99d5-9b325c1d31ae@group-091950D56227-FollowerState was interrupted: java.lang.InterruptedException: sleep interrupted
2019-10-20 17:41:26,328 [grpc-default-executor-3] INFO  impl.RoleInfo (RoleInfo.java:updateAndGet(143)) - 7b1e61a0-7daf-43dd-99d5-9b325c1d31ae: start FollowerState
2019-10-20 17:41:26,352 [8f18dce1-0a3d-4b65-9c78-af3d58b2da7f@group-091950D56227-LeaderElection589] INFO  impl.LeaderElection (LeaderElection.java:logAndReturn(56)) - 8f18dce1-0a3d-4b65-9c78-af3d58b2da7f@group-091950D56227-LeaderElection589: Election REJECTED; received 2 response(s) [8f18dce1-0a3d-4b65-9c78-af3d58b2da7f<-8a63e1ae-032e-4bed-9f20-125a11f65413#0:FAIL-t701, 8f18dce1-0a3d-4b65-9c78-af3d58b2da7f<-7b1e61a0-7daf-43dd-99d5-9b325c1d31ae#0:FAIL-t701] and 0 exception(s); 8f18dce1-0a3d-4b65-9c78-af3d58b2da7f@group-091950D56227:t701, leader=null, voted=8f18dce1-0a3d-4b65-9c78-af3d58b2da7f, raftlog=8f18dce1-0a3d-4b65-9c78-af3d58b2da7f@group-091950D56227-SegmentedRaftLog:OPENED:c-1,f-1,i0, conf=-1: [8a63e1ae-032e-4bed-9f20-125a11f65413:0.0.0.0:38685, 8f18dce1-0a3d-4b65-9c78-af3d58b2da7f:0.0.0.0:42489, 7b1e61a0-7daf-43dd-99d5-9b325c1d31ae:0.0.0.0:38412], old=null
2019-10-20 17:41:26,352 [8f18dce1-0a3d-4b65-9c78-af3d58b2da7f@group-091950D56227-LeaderElection589] INFO  impl.RaftServerImpl (RaftServerImpl.java:setRole(184)) - 8f18dce1-0a3d-4b65-9c78-af3d58b2da7f@group-091950D56227: changes role from CANDIDATE to FOLLOWER at term 701 for DISCOVERED_A_NEW_TERM
2019-10-20 17:41:26,353 [8f18dce1-0a3d-4b65-9c78-af3d58b2da7f@group-091950D56227-LeaderElection589] INFO  impl.RoleInfo (RoleInfo.java:shutdownLeaderElection(134)) - 8f18dce1-0a3d-4b65-9c78-af3d58b2da7f: shutdown LeaderElection
2019-10-20 17:41:26,353 [8f18dce1-0a3d-4b65-9c78-af3d58b2da7f@group-091950D56227-LeaderElection589] INFO  impl.RoleInfo (RoleInfo.java:updateAndGet(143)) - 8f18dce1-0a3d-4b65-9c78-af3d58b2da7f: start FollowerState
2019-10-20 17:41:26,536 [Thread-4213] INFO  impl.FollowerState (FollowerState.java:run(108)) - 8f18dce1-0a3d-4b65-9c78-af3d58b2da7f@group-091950D56227-FollowerState: change to CANDIDATE, lastRpcTime:183ms, electionTimeout:183ms
2019-10-20 17:41:26,536 [Thread-4213] INFO  impl.RoleInfo (RoleInfo.java:shutdownFollowerState(121)) - 8f18dce1-0a3d-4b65-9c78-af3d58b2da7f: shutdown FollowerState
2019-10-20 17:41:26,536 [Thread-4213] INFO  impl.RaftServerImpl (RaftServerImpl.java:setRole(184)) - 8f18dce1-0a3d-4b65-9c78-af3d58b2da7f@group-091950D56227: changes role from  FOLLOWER to CANDIDATE at term 701 for changeToCandidate
2019-10-20 17:41:26,536 [Thread-4213] INFO  impl.RoleInfo (RoleInfo.java:updateAndGet(143)) - 8f18dce1-0a3d-4b65-9c78-af3d58b2da7f: start LeaderElection
2019-10-20 17:41:26,561 [8f18dce1-0a3d-4b65-9c78-af3d58b2da7f@group-091950D56227-LeaderElection590] INFO  impl.LeaderElection (LeaderElection.java:askForVotes(178)) - 8f18dce1-0a3d-4b65-9c78-af3d58b2da7f@group-091950D56227-LeaderElection590: begin an election at term 702 for -1: [8a63e1ae-032e-4bed-9f20-125a11f65413:0.0.0.0:38685, 8f18dce1-0a3d-4b65-9c78-af3d58b2da7f:0.0.0.0:42489, 7b1e61a0-7daf-43dd-99d5-9b325c1d31ae:0.0.0.0:38412], old=null
2019-10-20 17:41:26,562 [grpc-default-executor-1] INFO  impl.RaftServerImpl (RaftServerImpl.java:setRole(184)) - 8a63e1ae-032e-4bed-9f20-125a11f65413@group-091950D56227: changes role from  FOLLOWER to FOLLOWER at term 702 for recognizeCandidate:8f18dce1-0a3d-4b65-9c78-af3d58b2da7f
2019-10-20 17:41:26,562 [grpc-default-executor-1] INFO  impl.RoleInfo (RoleInfo.java:shutdownFollowerState(121)) - 8a63e1ae-032e-4bed-9f20-125a11f65413: shutdown FollowerState
2019-10-20 17:41:26,562 [grpc-default-executor-3] INFO  impl.RaftServerImpl (RaftServerImpl.java:setRole(184)) - 7b1e61a0-7daf-43dd-99d5-9b325c1d31ae@group-091950D56227: changes role from  FOLLOWER to FOLLOWER at term 702 for recognizeCandidate:8f18dce1-0a3d-4b65-9c78-af3d58b2da7f
2019-10-20 17:41:26,563 [grpc-default-executor-3] INFO  impl.RoleInfo (RoleInfo.java:shutdownFollowerState(121)) - 7b1e61a0-7daf-43dd-99d5-9b325c1d31ae: shutdown FollowerState
2019-10-20 17:41:26,562 [Thread-4211] INFO  impl.FollowerState (FollowerState.java:run(117)) - 8a63e1ae-032e-4bed-9f20-125a11f65413@group-091950D56227-FollowerState was interrupted: java.lang.InterruptedException: sleep interrupted
2019-10-20 17:41:26,563 [Thread-4212] INFO  impl.FollowerState (FollowerState.java:run(117)) - 7b1e61a0-7daf-43dd-99d5-9b325c1d31ae@group-091950D56227-FollowerState was interrupted: java.lang.InterruptedException: sleep interrupted
2019-10-20 17:41:26,562 [grpc-default-executor-1] INFO  impl.RoleInfo (RoleInfo.java:updateAndGet(143)) - 8a63e1ae-032e-4bed-9f20-125a11f65413: start FollowerState
2019-10-20 17:41:26,563 [grpc-default-executor-3] INFO  impl.RoleInfo (RoleInfo.java:updateAndGet(143)) - 7b1e61a0-7daf-43dd-99d5-9b325c1d31ae: start FollowerState
2019-10-20 17:41:26,588 [8f18dce1-0a3d-4b65-9c78-af3d58b2da7f@group-091950D56227-LeaderElection590] INFO  impl.LeaderElection (LeaderElection.java:logAndReturn(56)) - 8f18dce1-0a3d-4b65-9c78-af3d58b2da7f@group-091950D56227-LeaderElection590: Election REJECTED; received 2 response(s) [8f18dce1-0a3d-4b65-9c78-af3d58b2da7f<-8a63e1ae-032e-4bed-9f20-125a11f65413#0:FAIL-t702, 8f18dce1-0a3d-4b65-9c78-af3d58b2da7f<-7b1e61a0-7daf-43dd-99d5-9b325c1d31ae#0:FAIL-t702] and 0 exception(s); 8f18dce1-0a3d-4b65-9c78-af3d58b2da7f@group-091950D56227:t702, leader=null, voted=8f18dce1-0a3d-4b65-9c78-af3d58b2da7f, raftlog=8f18dce1-0a3d-4b65-9c78-af3d58b2da7f@group-091950D56227-SegmentedRaftLog:OPENED:c-1,f-1,i0, conf=-1: [8a63e1ae-032e-4bed-9f20-125a11f65413:0.0.0.0:38685, 8f18dce1-0a3d-4b65-9c78-af3d58b2da7f:0.0.0.0:42489, 7b1e61a0-7daf-43dd-99d5-9b325c1d31ae:0.0.0.0:38412], old=null
2019-10-20 17:41:26,588 [8f18dce1-0a3d-4b65-9c78-af3d58b2da7f@group-091950D56227-LeaderElection590] INFO  impl.RaftServerImpl (RaftServerImpl.java:setRole(184)) - 8f18dce1-0a3d-4b65-9c78-af3d58b2da7f@group-091950D56227: changes role from CANDIDATE to FOLLOWER at term 702 for DISCOVERED_A_NEW_TERM
2019-10-20 17:41:26,588 [8f18dce1-0a3d-4b65-9c78-af3d58b2da7f@group-091950D56227-LeaderElection590] INFO  impl.RoleInfo (RoleInfo.java:shutdownLeaderElection(134)) - 8f18dce1-0a3d-4b65-9c78-af3d58b2da7f: shutdown LeaderElection
2019-10-20 17:41:26,588 [8f18dce1-0a3d-4b65-9c78-af3d58b2da7f@group-091950D56227-LeaderElection590] INFO  impl.RoleInfo (RoleInfo.java:updateAndGet(143)) - 8f18dce1-0a3d-4b65-9c78-af3d58b2da7f: start FollowerState
2019-10-20 17:41:26,623 [Thread-4219] INFO  impl.FollowerState (FollowerState.java:run(108)) - 8f18dce1-0a3d-4b65-9c78-af3d58b2da7f@group-091950D56227-FollowerState: change to CANDIDATE, lastRpcTime:34ms, electionTimeout:34ms
2019-10-20 17:41:26,623 [Thread-4219] INFO  impl.RoleInfo (RoleInfo.java:shutdownFollowerState(121)) - 8f18dce1-0a3d-4b65-9c78-af3d58b2da7f: shutdown FollowerState
2019-10-20 17:41:26,623 [Thread-4219] INFO  impl.RaftServerImpl (RaftServerImpl.java:setRole(184)) - 8f18dce1-0a3d-4b65-9c78-af3d58b2da7f@group-091950D56227: changes role from  FOLLOWER to CANDIDATE at term 702 for changeToCandidate
2019-10-20 17:41:26,623 [Thread-4219] INFO  impl.RoleInfo (RoleInfo.java:updateAndGet(143)) - 8f18dce1-0a3d-4b65-9c78-af3d58b2da7f: start LeaderElection
2019-10-20 17:41:26,646 [8f18dce1-0a3d-4b65-9c78-af3d58b2da7f@group-091950D56227-LeaderElection591] INFO  impl.LeaderElection (LeaderElection.java:askForVotes(178)) - 8f18dce1-0a3d-4b65-9c78-af3d58b2da7f@group-091950D56227-LeaderElection591: begin an election at term 703 for -1: [8a63e1ae-032e-4bed-9f20-125a11f65413:0.0.0.0:38685, 8f18dce1-0a3d-4b65-9c78-af3d58b2da7f:0.0.0.0:42489, 7b1e61a0-7daf-43dd-99d5-9b325c1d31ae:0.0.0.0:38412], old=null
2019-10-20 17:41:26,647 [grpc-default-executor-1] INFO  impl.RaftServerImpl (RaftServerImpl.java:setRole(184)) - 8a63e1ae-032e-4bed-9f20-125a11f65413@group-091950D56227: changes role from  FOLLOWER to FOLLOWER at term 703 for recognizeCandidate:8f18dce1-0a3d-4b65-9c78-af3d58b2da7f
2019-10-20 17:41:26,647 [grpc-default-executor-1] INFO  impl.RoleInfo (RoleInfo.java:shutdownFollowerState(121)) - 8a63e1ae-032e-4bed-9f20-125a11f65413: shutdown FollowerState
2019-10-20 17:41:26,647 [grpc-default-executor-3] INFO  impl.RaftServerImpl (RaftServerImpl.java:setRole(184)) - 7b1e61a0-7daf-43dd-99d5-9b325c1d31ae@group-091950D56227: changes role from  FOLLOWER to FOLLOWER at term 703 for recognizeCandidate:8f18dce1-0a3d-4b65-9c78-af3d58b2da7f
2019-10-20 17:41:26,647 [Thread-4217] INFO  impl.FollowerState (FollowerState.java:run(117)) - 8a63e1ae-032e-4bed-9f20-125a11f65413@group-091950D56227-FollowerState was interrupted: java.lang.InterruptedException: sleep interrupted
2019-10-20 17:41:26,647 [grpc-default-executor-1] INFO  impl.RoleInfo (RoleInfo.java:updateAndGet(143)) - 8a63e1ae-032e-4bed-9f20-125a11f65413: start FollowerState
2019-10-20 17:41:26,648 [grpc-default-executor-3] INFO  impl.RoleInfo (RoleInfo.java:shutdownFollowerState(121)) - 7b1e61a0-7daf-43dd-99d5-9b325c1d31ae: shutdown FollowerState
2019-10-20 17:41:26,648 [grpc-default-executor-3] INFO  impl.RoleInfo (RoleInfo.java:updateAndGet(143)) - 7b1e61a0-7daf-43dd-99d5-9b325c1d31ae: start FollowerState
2019-10-20 17:41:26,648 [Thread-4218] INFO  impl.FollowerState (FollowerState.java:run(117)) - 7b1e61a0-7daf-43dd-99d5-9b325c1d31ae@group-091950D56227-FollowerState was interrupted: java.lang.InterruptedException: sleep interrupted
2019-10-20 17:41:26,672 [8f18dce1-0a3d-4b65-9c78-af3d58b2da7f@group-091950D56227-LeaderElection591] INFO  impl.LeaderElection (LeaderElection.java:logAndReturn(56)) - 8f18dce1-0a3d-4b65-9c78-af3d58b2da7f@group-091950D56227-LeaderElection591: Election REJECTED; received 2 response(s) [8f18dce1-0a3d-4b65-9c78-af3d58b2da7f<-8a63e1ae-032e-4bed-9f20-125a11f65413#0:FAIL-t703, 8f18dce1-0a3d-4b65-9c78-af3d58b2da7f<-7b1e61a0-7daf-43dd-99d5-9b325c1d31ae#0:FAIL-t703] and 0 exception(s); 8f18dce1-0a3d-4b65-9c78-af3d58b2da7f@group-091950D56227:t703, leader=null, voted=8f18dce1-0a3d-4b65-9c78-af3d58b2da7f, raftlog=8f18dce1-0a3d-4b65-9c78-af3d58b2da7f@group-091950D56227-SegmentedRaftLog:OPENED:c-1,f-1,i0, conf=-1: [8a63e1ae-032e-4bed-9f20-125a11f65413:0.0.0.0:38685, 8f18dce1-0a3d-4b65-9c78-af3d58b2da7f:0.0.0.0:42489, 7b1e61a0-7daf-43dd-99d5-9b325c1d31ae:0.0.0.0:38412], old=null
2019-10-20 17:41:26,672 [8f18dce1-0a3d-4b65-9c78-af3d58b2da7f@group-091950D56227-LeaderElection591] INFO  impl.RaftServerImpl (RaftServerImpl.java:setRole(184)) - 8f18dce1-0a3d-4b65-9c78-af3d58b2da7f@group-091950D56227: changes role from CANDIDATE to FOLLOWER at term 703 for DISCOVERED_A_NEW_TERM
2019-10-20 17:41:26,672 [8f18dce1-0a3d-4b65-9c78-af3d58b2da7f@group-091950D56227-LeaderElection591] INFO  impl.RoleInfo (RoleInfo.java:shutdownLeaderElection(134)) - 8f18dce1-0a3d-4b65-9c78-af3d58b2da7f: shutdown LeaderElection
2019-10-20 17:41:26,672 [8f18dce1-0a3d-4b65-9c78-af3d58b2da7f@group-091950D56227-LeaderElection591] INFO  impl.RoleInfo (RoleInfo.java:updateAndGet(143)) - 8f18dce1-0a3d-4b65-9c78-af3d58b2da7f: start FollowerState
2019-10-20 17:41:26,862 [Thread-4227] INFO  impl.FollowerState (FollowerState.java:run(108)) - 8f18dce1-0a3d-4b65-9c78-af3d58b2da7f@group-091950D56227-FollowerState: change to CANDIDATE, lastRpcTime:189ms, electionTimeout:189ms
2019-10-20 17:41:26,862 [Thread-4227] INFO  impl.RoleInfo (RoleInfo.java:shutdownFollowerState(121)) - 8f18dce1-0a3d-4b65-9c78-af3d58b2da7f: shutdown FollowerState
2019-10-20 17:41:26,862 [Thread-4227] INFO  impl.RaftServerImpl (RaftServerImpl.java:setRole(184)) - 8f18dce1-0a3d-4b65-9c78-af3d58b2da7f@group-091950D56227: changes role from  FOLLOWER to CANDIDATE at term 703 for changeToCandidate
2019-10-20 17:41:26,862 [Thread-4227] INFO  impl.RoleInfo (RoleInfo.java:updateAndGet(143)) - 8f18dce1-0a3d-4b65-9c78-af3d58b2da7f: start LeaderElection
2019-10-20 17:41:26,889 [8f18dce1-0a3d-4b65-9c78-af3d58b2da7f@group-091950D56227-LeaderElection592] INFO  impl.LeaderElection (LeaderElection.java:askForVotes(178)) - 8f18dce1-0a3d-4b65-9c78-af3d58b2da7f@group-091950D56227-LeaderElection592: begin an election at term 704 for -1: [8a63e1ae-032e-4bed-9f20-125a11f65413:0.0.0.0:38685, 8f18dce1-0a3d-4b65-9c78-af3d58b2da7f:0.0.0.0:42489, 7b1e61a0-7daf-43dd-99d5-9b325c1d31ae:0.0.0.0:38412], old=null
2019-10-20 17:41:26,890 [grpc-default-executor-1] INFO  impl.RaftServerImpl (RaftServerImpl.java:setRole(184)) - 8a63e1ae-032e-4bed-9f20-125a11f65413@group-091950D56227: changes role from  FOLLOWER to FOLLOWER at term 704 for recognizeCandidate:8f18dce1-0a3d-4b65-9c78-af3d58b2da7f
2019-10-20 17:41:26,890 [grpc-default-executor-1] INFO  impl.RoleInfo (RoleInfo.java:shutdownFollowerState(121)) - 8a63e1ae-032e-4bed-9f20-125a11f65413: shutdown FollowerState
2019-10-20 17:41:26,890 [grpc-default-executor-1] INFO  impl.RoleInfo (RoleInfo.java:updateAndGet(143)) - 8a63e1ae-032e-4bed-9f20-125a11f65413: start FollowerState
2019-10-20 17:41:26,890 [Thread-4225] INFO  impl.FollowerState (FollowerState.java:run(117)) - 8a63e1ae-032e-4bed-9f20-125a11f65413@group-091950D56227-FollowerState was interrupted: java.lang.InterruptedException: sleep interrupted
2019-10-20 17:41:26,890 [grpc-default-executor-3] INFO  impl.RaftServerImpl (RaftServerImpl.java:setRole(184)) - 7b1e61a0-7daf-43dd-99d5-9b325c1d31ae@group-091950D56227: changes role from  FOLLOWER to FOLLOWER at term 704 for recognizeCandidate:8f18dce1-0a3d-4b65-9c78-af3d58b2da7f
2019-10-20 17:41:26,891 [grpc-default-executor-3] INFO  impl.RoleInfo (RoleInfo.java:shutdownFollowerState(121)) - 7b1e61a0-7daf-43dd-99d5-9b325c1d31ae: shutdown FollowerState
2019-10-20 17:41:26,891 [grpc-default-executor-3] INFO  impl.RoleInfo (RoleInfo.java:updateAndGet(143)) - 7b1e61a0-7daf-43dd-99d5-9b325c1d31ae: start FollowerState
2019-10-20 17:41:26,891 [Thread-4226] INFO  impl.FollowerState (FollowerState.java:run(117)) - 7b1e61a0-7daf-43dd-99d5-9b325c1d31ae@group-091950D56227-FollowerState was interrupted: java.lang.InterruptedException: sleep interrupted
2019-10-20 17:41:26,923 [8f18dce1-0a3d-4b65-9c78-af3d58b2da7f@group-091950D56227-LeaderElection592] INFO  impl.LeaderElection (LeaderElection.java:logAndReturn(56)) - 8f18dce1-0a3d-4b65-9c78-af3d58b2da7f@group-091950D56227-LeaderElection592: Election REJECTED; received 2 response(s) [8f18dce1-0a3d-4b65-9c78-af3d58b2da7f<-8a63e1ae-032e-4bed-9f20-125a11f65413#0:FAIL-t704, 8f18dce1-0a3d-4b65-9c78-af3d58b2da7f<-7b1e61a0-7daf-43dd-99d5-9b325c1d31ae#0:FAIL-t704] and 0 exception(s); 8f18dce1-0a3d-4b65-9c78-af3d58b2da7f@group-091950D56227:t704, leader=null, voted=8f18dce1-0a3d-4b65-9c78-af3d58b2da7f, raftlog=8f18dce1-0a3d-4b65-9c78-af3d58b2da7f@group-091950D56227-SegmentedRaftLog:OPENED:c-1,f-1,i0, conf=-1: [8a63e1ae-032e-4bed-9f20-125a11f65413:0.0.0.0:38685, 8f18dce1-0a3d-4b65-9c78-af3d58b2da7f:0.0.0.0:42489, 7b1e61a0-7daf-43dd-99d5-9b325c1d31ae:0.0.0.0:38412], old=null
2019-10-20 17:41:26,923 [8f18dce1-0a3d-4b65-9c78-af3d58b2da7f@group-091950D56227-LeaderElection592] INFO  impl.RaftServerImpl (RaftServerImpl.java:setRole(184)) - 8f18dce1-0a3d-4b65-9c78-af3d58b2da7f@group-091950D56227: changes role from CANDIDATE to FOLLOWER at term 704 for DISCOVERED_A_NEW_TERM
2019-10-20 17:41:26,923 [8f18dce1-0a3d-4b65-9c78-af3d58b2da7f@group-091950D56227-LeaderElection592] INFO  impl.RoleInfo (RoleInfo.java:shutdownLeaderElection(134)) - 8f18dce1-0a3d-4b65-9c78-af3d58b2da7f: shutdown LeaderElection
2019-10-20 17:41:26,923 [8f18dce1-0a3d-4b65-9c78-af3d58b2da7f@group-091950D56227-LeaderElection592] INFO  impl.RoleInfo (RoleInfo.java:updateAndGet(143)) - 8f18dce1-0a3d-4b65-9c78-af3d58b2da7f: start FollowerState
2019-10-20 17:41:26,952 [Thread-4233] INFO  impl.FollowerState (FollowerState.java:run(108)) - 8f18dce1-0a3d-4b65-9c78-af3d58b2da7f@group-091950D56227-FollowerState: change to CANDIDATE, lastRpcTime:28ms, electionTimeout:28ms
2019-10-20 17:41:26,952 [Thread-4233] INFO  impl.RoleInfo (RoleInfo.java:shutdownFollowerState(121)) - 8f18dce1-0a3d-4b65-9c78-af3d58b2da7f: shutdown FollowerState
2019-10-20 17:41:26,952 [Thread-4233] INFO  impl.RaftServerImpl (RaftServerImpl.java:setRole(184)) - 8f18dce1-0a3d-4b65-9c78-af3d58b2da7f@group-091950D56227: changes role from  FOLLOWER to CANDIDATE at term 704 for changeToCandidate
2019-10-20 17:41:26,952 [Thread-4233] INFO  impl.RoleInfo (RoleInfo.java:updateAndGet(143)) - 8f18dce1-0a3d-4b65-9c78-af3d58b2da7f: start LeaderElection
2019-10-20 17:41:26,981 [8f18dce1-0a3d-4b65-9c78-af3d58b2da7f@group-091950D56227-LeaderElection593] INFO  impl.LeaderElection (LeaderElection.java:askForVotes(178)) - 8f18dce1-0a3d-4b65-9c78-af3d58b2da7f@group-091950D56227-LeaderElection593: begin an election at term 705 for -1: [8a63e1ae-032e-4bed-9f20-125a11f65413:0.0.0.0:38685, 8f18dce1-0a3d-4b65-9c78-af3d58b2da7f:0.0.0.0:42489, 7b1e61a0-7daf-43dd-99d5-9b325c1d31ae:0.0.0.0:38412], old=null
2019-10-20 17:41:26,983 [grpc-default-executor-1] INFO  impl.RaftServerImpl (RaftServerImpl.java:setRole(184)) - 7b1e61a0-7daf-43dd-99d5-9b325c1d31ae@group-091950D56227: changes role from  FOLLOWER to FOLLOWER at term 705 for recognizeCandidate:8f18dce1-0a3d-4b65-9c78-af3d58b2da7f
2019-10-20 17:41:26,983 [grpc-default-executor-1] INFO  impl.RoleInfo (RoleInfo.java:shutdownFollowerState(121)) - 7b1e61a0-7daf-43dd-99d5-9b325c1d31ae: shutdown FollowerState
2019-10-20 17:41:26,983 [grpc-default-executor-1] INFO  impl.RoleInfo (RoleInfo.java:updateAndGet(143)) - 7b1e61a0-7daf-43dd-99d5-9b325c1d31ae: start FollowerState
2019-10-20 17:41:26,983 [Thread-4232] INFO  impl.FollowerState (FollowerState.java:run(117)) - 7b1e61a0-7daf-43dd-99d5-9b325c1d31ae@group-091950D56227-FollowerState was interrupted: java.lang.InterruptedException: sleep interrupted
2019-10-20 17:41:26,983 [grpc-default-executor-3] INFO  impl.RaftServerImpl (RaftServerImpl.java:setRole(184)) - 8a63e1ae-032e-4bed-9f20-125a11f65413@group-091950D56227: changes role from  FOLLOWER to FOLLOWER at term 705 for recognizeCandidate:8f18dce1-0a3d-4b65-9c78-af3d58b2da7f
2019-10-20 17:41:26,983 [grpc-default-executor-3] INFO  impl.RoleInfo (RoleInfo.java:shutdownFollowerState(121)) - 8a63e1ae-032e-4bed-9f20-125a11f65413: shutdown FollowerState
2019-10-20 17:41:26,983 [grpc-default-executor-3] INFO  impl.RoleInfo (RoleInfo.java:updateAndGet(143)) - 8a63e1ae-032e-4bed-9f20-125a11f65413: start FollowerState
2019-10-20 17:41:26,983 [Thread-4231] INFO  impl.FollowerState (FollowerState.java:run(117)) - 8a63e1ae-032e-4bed-9f20-125a11f65413@group-091950D56227-FollowerState was interrupted: java.lang.InterruptedException: sleep interrupted
2019-10-20 17:41:27,007 [8f18dce1-0a3d-4b65-9c78-af3d58b2da7f@group-091950D56227-LeaderElection593] INFO  impl.LeaderElection (LeaderElection.java:logAndReturn(56)) - 8f18dce1-0a3d-4b65-9c78-af3d58b2da7f@group-091950D56227-LeaderElection593: Election REJECTED; received 2 response(s) [8f18dce1-0a3d-4b65-9c78-af3d58b2da7f<-8a63e1ae-032e-4bed-9f20-125a11f65413#0:FAIL-t705, 8f18dce1-0a3d-4b65-9c78-af3d58b2da7f<-7b1e61a0-7daf-43dd-99d5-9b325c1d31ae#0:FAIL-t705] and 0 exception(s); 8f18dce1-0a3d-4b65-9c78-af3d58b2da7f@group-091950D56227:t705, leader=null, voted=8f18dce1-0a3d-4b65-9c78-af3d58b2da7f, raftlog=8f18dce1-0a3d-4b65-9c78-af3d58b2da7f@group-091950D56227-SegmentedRaftLog:OPENED:c-1,f-1,i0, conf=-1: [8a63e1ae-032e-4bed-9f20-125a11f65413:0.0.0.0:38685, 8f18dce1-0a3d-4b65-9c78-af3d58b2da7f:0.0.0.0:42489, 7b1e61a0-7daf-43dd-99d5-9b325c1d31ae:0.0.0.0:38412], old=null
2019-10-20 17:41:27,008 [8f18dce1-0a3d-4b65-9c78-af3d58b2da7f@group-091950D56227-LeaderElection593] INFO  impl.RaftServerImpl (RaftServerImpl.java:setRole(184)) - 8f18dce1-0a3d-4b65-9c78-af3d58b2da7f@group-091950D56227: changes role from CANDIDATE to FOLLOWER at term 705 for DISCOVERED_A_NEW_TERM
2019-10-20 17:41:27,008 [8f18dce1-0a3d-4b65-9c78-af3d58b2da7f@group-091950D56227-LeaderElection593] INFO  impl.RoleInfo (RoleInfo.java:shutdownLeaderElection(134)) - 8f18dce1-0a3d-4b65-9c78-af3d58b2da7f: shutdown LeaderElection
2019-10-20 17:41:27,008 [8f18dce1-0a3d-4b65-9c78-af3d58b2da7f@group-091950D56227-LeaderElection593] INFO  impl.RoleInfo (RoleInfo.java:updateAndGet(143)) - 8f18dce1-0a3d-4b65-9c78-af3d58b2da7f: start FollowerState
2019-10-20 17:41:27,154 [Thread-4239] INFO  impl.FollowerState (FollowerState.java:run(108)) - 8f18dce1-0a3d-4b65-9c78-af3d58b2da7f@group-091950D56227-FollowerState: change to CANDIDATE, lastRpcTime:146ms, electionTimeout:146ms
2019-10-20 17:41:27,154 [Thread-4239] INFO  impl.RoleInfo (RoleInfo.java:shutdownFollowerState(121)) - 8f18dce1-0a3d-4b65-9c78-af3d58b2da7f: shutdown FollowerState
2019-10-20 17:41:27,154 [Thread-4239] INFO  impl.RaftServerImpl (RaftServerImpl.java:setRole(184)) - 8f18dce1-0a3d-4b65-9c78-af3d58b2da7f@group-091950D56227: changes role from  FOLLOWER to CANDIDATE at term 705 for changeToCandidate
2019-10-20 17:41:27,155 [Thread-4239] INFO  impl.RoleInfo (RoleInfo.java:updateAndGet(143)) - 8f18dce1-0a3d-4b65-9c78-af3d58b2da7f: start LeaderElection
2019-10-20 17:41:27,174 [8f18dce1-0a3d-4b65-9c78-af3d58b2da7f@group-091950D56227-LeaderElection594] INFO  impl.LeaderElection (LeaderElection.java:askForVotes(178)) - 8f18dce1-0a3d-4b65-9c78-af3d58b2da7f@group-091950D56227-LeaderElection594: begin an election at term 706 for -1: [8a63e1ae-032e-4bed-9f20-125a11f65413:0.0.0.0:38685, 8f18dce1-0a3d-4b65-9c78-af3d58b2da7f:0.0.0.0:42489, 7b1e61a0-7daf-43dd-99d5-9b325c1d31ae:0.0.0.0:38412], old=null
2019-10-20 17:41:27,175 [grpc-default-executor-3] INFO  impl.RaftServerImpl (RaftServerImpl.java:setRole(184)) - 7b1e61a0-7daf-43dd-99d5-9b325c1d31ae@group-091950D56227: changes role from  FOLLOWER to FOLLOWER at term 706 for recognizeCandidate:8f18dce1-0a3d-4b65-9c78-af3d58b2da7f
2019-10-20 17:41:27,175 [grpc-default-executor-1] INFO  impl.RaftServerImpl (RaftServerImpl.java:setRole(184)) - 8a63e1ae-032e-4bed-9f20-125a11f65413@group-091950D56227: changes role from  FOLLOWER to FOLLOWER at term 706 for recognizeCandidate:8f18dce1-0a3d-4b65-9c78-af3d58b2da7f
2019-10-20 17:41:27,176 [grpc-default-executor-3] INFO  impl.RoleInfo (RoleInfo.java:shutdownFollowerState(121)) - 7b1e61a0-7daf-43dd-99d5-9b325c1d31ae: shutdown FollowerState
2019-10-20 17:41:27,176 [grpc-default-executor-1] INFO  impl.RoleInfo (RoleInfo.java:shutdownFollowerState(121)) - 8a63e1ae-032e-4bed-9f20-125a11f65413: shutdown FollowerState
2019-10-20 17:41:27,176 [grpc-default-executor-3] INFO  impl.RoleInfo (RoleInfo.java:updateAndGet(143)) - 7b1e61a0-7daf-43dd-99d5-9b325c1d31ae: start FollowerState
2019-10-20 17:41:27,176 [grpc-default-executor-1] INFO  impl.RoleInfo (RoleInfo.java:updateAndGet(143)) - 8a63e1ae-032e-4bed-9f20-125a11f65413: start FollowerState
2019-10-20 17:41:27,176 [Thread-4237] INFO  impl.FollowerState (FollowerState.java:run(117)) - 7b1e61a0-7daf-43dd-99d5-9b325c1d31ae@group-091950D56227-FollowerState was interrupted: java.lang.InterruptedException: sleep interrupted
2019-10-20 17:41:27,176 [Thread-4238] INFO  impl.FollowerState (FollowerState.java:run(117)) - 8a63e1ae-032e-4bed-9f20-125a11f65413@group-091950D56227-FollowerState was interrupted: java.lang.InterruptedException: sleep interrupted
2019-10-20 17:41:27,200 [8f18dce1-0a3d-4b65-9c78-af3d58b2da7f@group-091950D56227-LeaderElection594] INFO  impl.LeaderElection (LeaderElection.java:logAndReturn(56)) - 8f18dce1-0a3d-4b65-9c78-af3d58b2da7f@group-091950D56227-LeaderElection594: Election REJECTED; received 2 response(s) [8f18dce1-0a3d-4b65-9c78-af3d58b2da7f<-8a63e1ae-032e-4bed-9f20-125a11f65413#0:FAIL-t706, 8f18dce1-0a3d-4b65-9c78-af3d58b2da7f<-7b1e61a0-7daf-43dd-99d5-9b325c1d31ae#0:FAIL-t706] and 0 exception(s); 8f18dce1-0a3d-4b65-9c78-af3d58b2da7f@group-091950D56227:t706, leader=null, voted=8f18dce1-0a3d-4b65-9c78-af3d58b2da7f, raftlog=8f18dce1-0a3d-4b65-9c78-af3d58b2da7f@group-091950D56227-SegmentedRaftLog:OPENED:c-1,f-1,i0, conf=-1: [8a63e1ae-032e-4bed-9f20-125a11f65413:0.0.0.0:38685, 8f18dce1-0a3d-4b65-9c78-af3d58b2da7f:0.0.0.0:42489, 7b1e61a0-7daf-43dd-99d5-9b325c1d31ae:0.0.0.0:38412], old=null
2019-10-20 17:41:27,200 [8f18dce1-0a3d-4b65-9c78-af3d58b2da7f@group-091950D56227-LeaderElection594] INFO  impl.RaftServerImpl (RaftServerImpl.java:setRole(184)) - 8f18dce1-0a3d-4b65-9c78-af3d58b2da7f@group-091950D56227: changes role from CANDIDATE to FOLLOWER at term 706 for DISCOVERED_A_NEW_TERM
2019-10-20 17:41:27,200 [8f18dce1-0a3d-4b65-9c78-af3d58b2da7f@group-091950D56227-LeaderElection594] INFO  impl.RoleInfo (RoleInfo.java:shutdownLeaderElection(134)) - 8f18dce1-0a3d-4b65-9c78-af3d58b2da7f: shutdown LeaderElection
2019-10-20 17:41:27,200 [8f18dce1-0a3d-4b65-9c78-af3d58b2da7f@group-091950D56227-LeaderElection594] INFO  impl.RoleInfo (RoleInfo.java:updateAndGet(143)) - 8f18dce1-0a3d-4b65-9c78-af3d58b2da7f: start FollowerState
2019-10-20 17:41:27,292 [Thread-4245] INFO  impl.FollowerState (FollowerState.java:run(108)) - 8f18dce1-0a3d-4b65-9c78-af3d58b2da7f@group-091950D56227-FollowerState: change to CANDIDATE, lastRpcTime:91ms, electionTimeout:91ms
2019-10-20 17:41:27,292 [Thread-4245] INFO  impl.RoleInfo (RoleInfo.java:shutdownFollowerState(121)) - 8f18dce1-0a3d-4b65-9c78-af3d58b2da7f: shutdown FollowerState
2019-10-20 17:41:27,292 [Thread-4245] INFO  impl.RaftServerImpl (RaftServerImpl.java:setRole(184)) - 8f18dce1-0a3d-4b65-9c78-af3d58b2da7f@group-091950D56227: changes role from  FOLLOWER to CANDIDATE at term 706 for changeToCandidate
2019-10-20 17:41:27,292 [Thread-4245] INFO  impl.RoleInfo (RoleInfo.java:updateAndGet(143)) - 8f18dce1-0a3d-4b65-9c78-af3d58b2da7f: start LeaderElection
2019-10-20 17:41:27,316 [8f18dce1-0a3d-4b65-9c78-af3d58b2da7f@group-091950D56227-LeaderElection595] INFO  impl.LeaderElection (LeaderElection.java:askForVotes(178)) - 8f18dce1-0a3d-4b65-9c78-af3d58b2da7f@group-091950D56227-LeaderElection595: begin an election at term 707 for -1: [8a63e1ae-032e-4bed-9f20-125a11f65413:0.0.0.0:38685, 8f18dce1-0a3d-4b65-9c78-af3d58b2da7f:0.0.0.0:42489, 7b1e61a0-7daf-43dd-99d5-9b325c1d31ae:0.0.0.0:38412], old=null
2019-10-20 17:41:27,318 [grpc-default-executor-3] INFO  impl.RaftServerImpl (RaftServerImpl.java:setRole(184)) - 8a63e1ae-032e-4bed-9f20-125a11f65413@group-091950D56227: changes role from  FOLLOWER to FOLLOWER at term 707 for recognizeCandidate:8f18dce1-0a3d-4b65-9c78-af3d58b2da7f
2019-10-20 17:41:27,318 [grpc-default-executor-1] INFO  impl.RaftServerImpl (RaftServerImpl.java:setRole(184)) - 7b1e61a0-7daf-43dd-99d5-9b325c1d31ae@group-091950D56227: changes role from  FOLLOWER to FOLLOWER at term 707 for recognizeCandidate:8f18dce1-0a3d-4b65-9c78-af3d58b2da7f
2019-10-20 17:41:27,318 [grpc-default-executor-1] INFO  impl.RoleInfo (RoleInfo.java:shutdownFollowerState(121)) - 7b1e61a0-7daf-43dd-99d5-9b325c1d31ae: shutdown FollowerState
2019-10-20 17:41:27,318 [grpc-default-executor-3] INFO  impl.RoleInfo (RoleInfo.java:shutdownFollowerState(121)) - 8a63e1ae-032e-4bed-9f20-125a11f65413: shutdown FollowerState
2019-10-20 17:41:27,318 [grpc-default-executor-1] INFO  impl.RoleInfo (RoleInfo.java:updateAndGet(143)) - 7b1e61a0-7daf-43dd-99d5-9b325c1d31ae: start FollowerState
2019-10-20 17:41:27,318 [grpc-default-executor-3] INFO  impl.RoleInfo (RoleInfo.java:updateAndGet(143)) - 8a63e1ae-032e-4bed-9f20-125a11f65413: start FollowerState
2019-10-20 17:41:27,318 [Thread-4244] INFO  impl.FollowerState (FollowerState.java:run(117)) - 8a63e1ae-032e-4bed-9f20-125a11f65413@group-091950D56227-FollowerState was interrupted: java.lang.InterruptedException: sleep interrupted
2019-10-20 17:41:27,318 [Thread-4243] INFO  impl.FollowerState (FollowerState.java:run(117)) - 7b1e61a0-7daf-43dd-99d5-9b325c1d31ae@group-091950D56227-FollowerState was interrupted: java.lang.InterruptedException: sleep interrupted
2019-10-20 17:41:27,342 [8f18dce1-0a3d-4b65-9c78-af3d58b2da7f@group-091950D56227-LeaderElection595] INFO  impl.LeaderElection (LeaderElection.java:logAndReturn(56)) - 8f18dce1-0a3d-4b65-9c78-af3d58b2da7f@group-091950D56227-LeaderElection595: Election REJECTED; received 2 response(s) [8f18dce1-0a3d-4b65-9c78-af3d58b2da7f<-8a63e1ae-032e-4bed-9f20-125a11f65413#0:FAIL-t707, 8f18dce1-0a3d-4b65-9c78-af3d58b2da7f<-7b1e61a0-7daf-43dd-99d5-9b325c1d31ae#0:FAIL-t707] and 0 exception(s); 8f18dce1-0a3d-4b65-9c78-af3d58b2da7f@group-091950D56227:t707, leader=null, voted=8f18dce1-0a3d-4b65-9c78-af3d58b2da7f, raftlog=8f18dce1-0a3d-4b65-9c78-af3d58b2da7f@group-091950D56227-SegmentedRaftLog:OPENED:c-1,f-1,i0, conf=-1: [8a63e1ae-032e-4bed-9f20-125a11f65413:0.0.0.0:38685, 8f18dce1-0a3d-4b65-9c78-af3d58b2da7f:0.0.0.0:42489, 7b1e61a0-7daf-43dd-99d5-9b325c1d31ae:0.0.0.0:38412], old=null
2019-10-20 17:41:27,343 [8f18dce1-0a3d-4b65-9c78-af3d58b2da7f@group-091950D56227-LeaderElection595] INFO  impl.RaftServerImpl (RaftServerImpl.java:setRole(184)) - 8f18dce1-0a3d-4b65-9c78-af3d58b2da7f@group-091950D56227: changes role from CANDIDATE to FOLLOWER at term 707 for DISCOVERED_A_NEW_TERM
2019-10-20 17:41:27,343 [8f18dce1-0a3d-4b65-9c78-af3d58b2da7f@group-091950D56227-LeaderElection595] INFO  impl.RoleInfo (RoleInfo.java:shutdownLeaderElection(134)) - 8f18dce1-0a3d-4b65-9c78-af3d58b2da7f: shutdown LeaderElection
2019-10-20 17:41:27,343 [8f18dce1-0a3d-4b65-9c78-af3d58b2da7f@group-091950D56227-LeaderElection595] INFO  impl.RoleInfo (RoleInfo.java:updateAndGet(143)) - 8f18dce1-0a3d-4b65-9c78-af3d58b2da7f: start FollowerState
2019-10-20 17:41:27,500 [Thread-4251] INFO  impl.FollowerState (FollowerState.java:run(108)) - 8f18dce1-0a3d-4b65-9c78-af3d58b2da7f@group-091950D56227-FollowerState: change to CANDIDATE, lastRpcTime:157ms, electionTimeout:157ms
2019-10-20 17:41:27,500 [Thread-4251] INFO  impl.RoleInfo (RoleInfo.java:shutdownFollowerState(121)) - 8f18dce1-0a3d-4b65-9c78-af3d58b2da7f: shutdown FollowerState
2019-10-20 17:41:27,501 [Thread-4251] INFO  impl.RaftServerImpl (RaftServerImpl.java:setRole(184)) - 8f18dce1-0a3d-4b65-9c78-af3d58b2da7f@group-091950D56227: changes role from  FOLLOWER to CANDIDATE at term 707 for changeToCandidate
2019-10-20 17:41:27,501 [Thread-4251] INFO  impl.RoleInfo (RoleInfo.java:updateAndGet(143)) - 8f18dce1-0a3d-4b65-9c78-af3d58b2da7f: start LeaderElection
2019-10-20 17:41:27,526 [8f18dce1-0a3d-4b65-9c78-af3d58b2da7f@group-091950D56227-LeaderElection596] INFO  impl.LeaderElection (LeaderElection.java:askForVotes(178)) - 8f18dce1-0a3d-4b65-9c78-af3d58b2da7f@group-091950D56227-LeaderElection596: begin an election at term 708 for -1: [8a63e1ae-032e-4bed-9f20-125a11f65413:0.0.0.0:38685, 8f18dce1-0a3d-4b65-9c78-af3d58b2da7f:0.0.0.0:42489, 7b1e61a0-7daf-43dd-99d5-9b325c1d31ae:0.0.0.0:38412], old=null
2019-10-20 17:41:27,527 [grpc-default-executor-1] INFO  impl.RaftServerImpl (RaftServerImpl.java:setRole(184)) - 8a63e1ae-032e-4bed-9f20-125a11f65413@group-091950D56227: changes role from  FOLLOWER to FOLLOWER at term 708 for recognizeCandidate:8f18dce1-0a3d-4b65-9c78-af3d58b2da7f
2019-10-20 17:41:27,527 [grpc-default-executor-3] INFO  impl.RaftServerImpl (RaftServerImpl.java:setRole(184)) - 7b1e61a0-7daf-43dd-99d5-9b325c1d31ae@group-091950D56227: changes role from  FOLLOWER to FOLLOWER at term 708 for recognizeCandidate:8f18dce1-0a3d-4b65-9c78-af3d58b2da7f
2019-10-20 17:41:27,527 [grpc-default-executor-1] INFO  impl.RoleInfo (RoleInfo.java:shutdownFollowerState(121)) - 8a63e1ae-032e-4bed-9f20-125a11f65413: shutdown FollowerState
2019-10-20 17:41:27,528 [grpc-default-executor-3] INFO  impl.RoleInfo (RoleInfo.java:shutdownFollowerState(121)) - 7b1e61a0-7daf-43dd-99d5-9b325c1d31ae: shutdown FollowerState
2019-10-20 17:41:27,528 [grpc-default-executor-1] INFO  impl.RoleInfo (RoleInfo.java:updateAndGet(143)) - 8a63e1ae-032e-4bed-9f20-125a11f65413: start FollowerState
2019-10-20 17:41:27,528 [Thread-4249] INFO  impl.FollowerState (FollowerState.java:run(117)) - 7b1e61a0-7daf-43dd-99d5-9b325c1d31ae@group-091950D56227-FollowerState was interrupted: java.lang.InterruptedException: sleep interrupted
2019-10-20 17:41:27,528 [Thread-4250] INFO  impl.FollowerState (FollowerState.java:run(117)) - 8a63e1ae-032e-4bed-9f20-125a11f65413@group-091950D56227-FollowerState was interrupted: java.lang.InterruptedException: sleep interrupted
2019-10-20 17:41:27,528 [grpc-default-executor-3] INFO  impl.RoleInfo (RoleInfo.java:updateAndGet(143)) - 7b1e61a0-7daf-43dd-99d5-9b325c1d31ae: start FollowerState
2019-10-20 17:41:27,552 [8f18dce1-0a3d-4b65-9c78-af3d58b2da7f@group-091950D56227-LeaderElection596] INFO  impl.LeaderElection (LeaderElection.java:logAndReturn(56)) - 8f18dce1-0a3d-4b65-9c78-af3d58b2da7f@group-091950D56227-LeaderElection596: Election REJECTED; received 2 response(s) [8f18dce1-0a3d-4b65-9c78-af3d58b2da7f<-8a63e1ae-032e-4bed-9f20-125a11f65413#0:FAIL-t708, 8f18dce1-0a3d-4b65-9c78-af3d58b2da7f<-7b1e61a0-7daf-43dd-99d5-9b325c1d31ae#0:FAIL-t708] and 0 exception(s); 8f18dce1-0a3d-4b65-9c78-af3d58b2da7f@group-091950D56227:t708, leader=null, voted=8f18dce1-0a3d-4b65-9c78-af3d58b2da7f, raftlog=8f18dce1-0a3d-4b65-9c78-af3d58b2da7f@group-091950D56227-SegmentedRaftLog:OPENED:c-1,f-1,i0, conf=-1: [8a63e1ae-032e-4bed-9f20-125a11f65413:0.0.0.0:38685, 8f18dce1-0a3d-4b65-9c78-af3d58b2da7f:0.0.0.0:42489, 7b1e61a0-7daf-43dd-99d5-9b325c1d31ae:0.0.0.0:38412], old=null
2019-10-20 17:41:27,552 [8f18dce1-0a3d-4b65-9c78-af3d58b2da7f@group-091950D56227-LeaderElection596] INFO  impl.RaftServerImpl (RaftServerImpl.java:setRole(184)) - 8f18dce1-0a3d-4b65-9c78-af3d58b2da7f@group-091950D56227: changes role from CANDIDATE to FOLLOWER at term 708 for DISCOVERED_A_NEW_TERM
2019-10-20 17:41:27,552 [8f18dce1-0a3d-4b65-9c78-af3d58b2da7f@group-091950D56227-LeaderElection596] INFO  impl.RoleInfo (RoleInfo.java:shutdownLeaderElection(134)) - 8f18dce1-0a3d-4b65-9c78-af3d58b2da7f: shutdown LeaderElection
2019-10-20 17:41:27,552 [8f18dce1-0a3d-4b65-9c78-af3d58b2da7f@group-091950D56227-LeaderElection596] INFO  impl.RoleInfo (RoleInfo.java:updateAndGet(143)) - 8f18dce1-0a3d-4b65-9c78-af3d58b2da7f: start FollowerState
2019-10-20 17:41:27,555 [Thread-4257] INFO  impl.FollowerState (FollowerState.java:run(108)) - 8f18dce1-0a3d-4b65-9c78-af3d58b2da7f@group-091950D56227-FollowerState: change to CANDIDATE, lastRpcTime:3ms, electionTimeout:3ms
2019-10-20 17:41:27,555 [Thread-4257] INFO  impl.RoleInfo (RoleInfo.java:shutdownFollowerState(121)) - 8f18dce1-0a3d-4b65-9c78-af3d58b2da7f: shutdown FollowerState
2019-10-20 17:41:27,555 [Thread-4257] INFO  impl.RaftServerImpl (RaftServerImpl.java:setRole(184)) - 8f18dce1-0a3d-4b65-9c78-af3d58b2da7f@group-091950D56227: changes role from  FOLLOWER to CANDIDATE at term 708 for changeToCandidate
2019-10-20 17:41:27,556 [Thread-4257] INFO  impl.RoleInfo (RoleInfo.java:updateAndGet(143)) - 8f18dce1-0a3d-4b65-9c78-af3d58b2da7f: start LeaderElection
2019-10-20 17:41:27,585 [8f18dce1-0a3d-4b65-9c78-af3d58b2da7f@group-091950D56227-LeaderElection597] INFO  impl.LeaderElection (LeaderElection.java:askForVotes(178)) - 8f18dce1-0a3d-4b65-9c78-af3d58b2da7f@group-091950D56227-LeaderElection597: begin an election at term 709 for -1: [8a63e1ae-032e-4bed-9f20-125a11f65413:0.0.0.0:38685, 8f18dce1-0a3d-4b65-9c78-af3d58b2da7f:0.0.0.0:42489, 7b1e61a0-7daf-43dd-99d5-9b325c1d31ae:0.0.0.0:38412], old=null
2019-10-20 17:41:27,586 [grpc-default-executor-3] INFO  impl.RaftServerImpl (RaftServerImpl.java:setRole(184)) - 7b1e61a0-7daf-43dd-99d5-9b325c1d31ae@group-091950D56227: changes role from  FOLLOWER to FOLLOWER at term 709 for recognizeCandidate:8f18dce1-0a3d-4b65-9c78-af3d58b2da7f
2019-10-20 17:41:27,586 [grpc-default-executor-1] INFO  impl.RaftServerImpl (RaftServerImpl.java:setRole(184)) - 8a63e1ae-032e-4bed-9f20-125a11f65413@group-091950D56227: changes role from  FOLLOWER to FOLLOWER at term 709 for recognizeCandidate:8f18dce1-0a3d-4b65-9c78-af3d58b2da7f
2019-10-20 17:41:27,587 [grpc-default-executor-1] INFO  impl.RoleInfo (RoleInfo.java:shutdownFollowerState(121)) - 8a63e1ae-032e-4bed-9f20-125a11f65413: shutdown FollowerState
2019-10-20 17:41:27,586 [grpc-default-executor-3] INFO  impl.RoleInfo (RoleInfo.java:shutdownFollowerState(121)) - 7b1e61a0-7daf-43dd-99d5-9b325c1d31ae: shutdown FollowerState
2019-10-20 17:41:27,587 [Thread-4255] INFO  impl.FollowerState (FollowerState.java:run(117)) - 8a63e1ae-032e-4bed-9f20-125a11f65413@group-091950D56227-FollowerState was interrupted: java.lang.InterruptedException: sleep interrupted
2019-10-20 17:41:27,587 [Thread-4256] INFO  impl.FollowerState (FollowerState.java:run(117)) - 7b1e61a0-7daf-43dd-99d5-9b325c1d31ae@group-091950D56227-FollowerState was interrupted: java.lang.InterruptedException: sleep interrupted
2019-10-20 17:41:27,587 [grpc-default-executor-1] INFO  impl.RoleInfo (RoleInfo.java:updateAndGet(143)) - 8a63e1ae-032e-4bed-9f20-125a11f65413: start FollowerState
2019-10-20 17:41:27,587 [grpc-default-executor-3] INFO  impl.RoleInfo (RoleInfo.java:updateAndGet(143)) - 7b1e61a0-7daf-43dd-99d5-9b325c1d31ae: start FollowerState
2019-10-20 17:41:27,611 [8f18dce1-0a3d-4b65-9c78-af3d58b2da7f@group-091950D56227-LeaderElection597] INFO  impl.LeaderElection (LeaderElection.java:logAndReturn(56)) - 8f18dce1-0a3d-4b65-9c78-af3d58b2da7f@group-091950D56227-LeaderElection597: Election REJECTED; received 2 response(s) [8f18dce1-0a3d-4b65-9c78-af3d58b2da7f<-8a63e1ae-032e-4bed-9f20-125a11f65413#0:FAIL-t709, 8f18dce1-0a3d-4b65-9c78-af3d58b2da7f<-7b1e61a0-7daf-43dd-99d5-9b325c1d31ae#0:FAIL-t709] and 0 exception(s); 8f18dce1-0a3d-4b65-9c78-af3d58b2da7f@group-091950D56227:t709, leader=null, voted=8f18dce1-0a3d-4b65-9c78-af3d58b2da7f, raftlog=8f18dce1-0a3d-4b65-9c78-af3d58b2da7f@group-091950D56227-SegmentedRaftLog:OPENED:c-1,f-1,i0, conf=-1: [8a63e1ae-032e-4bed-9f20-125a11f65413:0.0.0.0:38685, 8f18dce1-0a3d-4b65-9c78-af3d58b2da7f:0.0.0.0:42489, 7b1e61a0-7daf-43dd-99d5-9b325c1d31ae:0.0.0.0:38412], old=null
2019-10-20 17:41:27,611 [8f18dce1-0a3d-4b65-9c78-af3d58b2da7f@group-091950D56227-LeaderElection597] INFO  impl.RaftServerImpl (RaftServerImpl.java:setRole(184)) - 8f18dce1-0a3d-4b65-9c78-af3d58b2da7f@group-091950D56227: changes role from CANDIDATE to FOLLOWER at term 709 for DISCOVERED_A_NEW_TERM
2019-10-20 17:41:27,611 [8f18dce1-0a3d-4b65-9c78-af3d58b2da7f@group-091950D56227-LeaderElection597] INFO  impl.RoleInfo (RoleInfo.java:shutdownLeaderElection(134)) - 8f18dce1-0a3d-4b65-9c78-af3d58b2da7f: shutdown LeaderElection
2019-10-20 17:41:27,611 [8f18dce1-0a3d-4b65-9c78-af3d58b2da7f@group-091950D56227-LeaderElection597] INFO  impl.RoleInfo (RoleInfo.java:updateAndGet(143)) - 8f18dce1-0a3d-4b65-9c78-af3d58b2da7f: start FollowerState
2019-10-20 17:41:27,732 [Thread-4263] INFO  impl.FollowerState (FollowerState.java:run(108)) - 8f18dce1-0a3d-4b65-9c78-af3d58b2da7f@group-091950D56227-FollowerState: change to CANDIDATE, lastRpcTime:120ms, electionTimeout:120ms
2019-10-20 17:41:27,732 [Thread-4263] INFO  impl.RoleInfo (RoleInfo.java:shutdownFollowerState(121)) - 8f18dce1-0a3d-4b65-9c78-af3d58b2da7f: shutdown FollowerState
2019-10-20 17:41:27,732 [Thread-4263] INFO  impl.RaftServerImpl (RaftServerImpl.java:setRole(184)) - 8f18dce1-0a3d-4b65-9c78-af3d58b2da7f@group-091950D56227: changes role from  FOLLOWER to CANDIDATE at term 709 for changeToCandidate
2019-10-20 17:41:27,732 [Thread-4263] INFO  impl.RoleInfo (RoleInfo.java:updateAndGet(143)) - 8f18dce1-0a3d-4b65-9c78-af3d58b2da7f: start LeaderElection
2019-10-20 17:41:27,761 [8f18dce1-0a3d-4b65-9c78-af3d58b2da7f@group-091950D56227-LeaderElection598] INFO  impl.LeaderElection (LeaderElection.java:askForVotes(178)) - 8f18dce1-0a3d-4b65-9c78-af3d58b2da7f@group-091950D56227-LeaderElection598: begin an election at term 710 for -1: [8a63e1ae-032e-4bed-9f20-125a11f65413:0.0.0.0:38685, 8f18dce1-0a3d-4b65-9c78-af3d58b2da7f:0.0.0.0:42489, 7b1e61a0-7daf-43dd-99d5-9b325c1d31ae:0.0.0.0:38412], old=null
2019-10-20 17:41:27,763 [grpc-default-executor-1] INFO  impl.RaftServerImpl (RaftServerImpl.java:setRole(184)) - 8a63e1ae-032e-4bed-9f20-125a11f65413@group-091950D56227: changes role from  FOLLOWER to FOLLOWER at term 710 for recognizeCandidate:8f18dce1-0a3d-4b65-9c78-af3d58b2da7f
2019-10-20 17:41:27,763 [grpc-default-executor-1] INFO  impl.RoleInfo (RoleInfo.java:shutdownFollowerState(121)) - 8a63e1ae-032e-4bed-9f20-125a11f65413: shutdown FollowerState
2019-10-20 17:41:27,763 [grpc-default-executor-3] INFO  impl.RaftServerImpl (RaftServerImpl.java:setRole(184)) - 7b1e61a0-7daf-43dd-99d5-9b325c1d31ae@group-091950D56227: changes role from  FOLLOWER to FOLLOWER at term 710 for recognizeCandidate:8f18dce1-0a3d-4b65-9c78-af3d58b2da7f
2019-10-20 17:41:27,763 [grpc-default-executor-3] INFO  impl.RoleInfo (RoleInfo.java:shutdownFollowerState(121)) - 7b1e61a0-7daf-43dd-99d5-9b325c1d31ae: shutdown FollowerState
2019-10-20 17:41:27,763 [Thread-4261] INFO  impl.FollowerState (FollowerState.java:run(117)) - 8a63e1ae-032e-4bed-9f20-125a11f65413@group-091950D56227-FollowerState was interrupted: java.lang.InterruptedException: sleep interrupted
2019-10-20 17:41:27,763 [grpc-default-executor-1] INFO  impl.RoleInfo (RoleInfo.java:updateAndGet(143)) - 8a63e1ae-032e-4bed-9f20-125a11f65413: start FollowerState
2019-10-20 17:41:27,763 [Thread-4262] INFO  impl.FollowerState (FollowerState.java:run(117)) - 7b1e61a0-7daf-43dd-99d5-9b325c1d31ae@group-091950D56227-FollowerState was interrupted: java.lang.InterruptedException: sleep interrupted
2019-10-20 17:41:27,763 [grpc-default-executor-3] INFO  impl.RoleInfo (RoleInfo.java:updateAndGet(143)) - 7b1e61a0-7daf-43dd-99d5-9b325c1d31ae: start FollowerState
2019-10-20 17:41:27,787 [8f18dce1-0a3d-4b65-9c78-af3d58b2da7f@group-091950D56227-LeaderElection598] INFO  impl.LeaderElection (LeaderElection.java:logAndReturn(56)) - 8f18dce1-0a3d-4b65-9c78-af3d58b2da7f@group-091950D56227-LeaderElection598: Election REJECTED; received 2 response(s) [8f18dce1-0a3d-4b65-9c78-af3d58b2da7f<-8a63e1ae-032e-4bed-9f20-125a11f65413#0:FAIL-t710, 8f18dce1-0a3d-4b65-9c78-af3d58b2da7f<-7b1e61a0-7daf-43dd-99d5-9b325c1d31ae#0:FAIL-t710] and 0 exception(s); 8f18dce1-0a3d-4b65-9c78-af3d58b2da7f@group-091950D56227:t710, leader=null, voted=8f18dce1-0a3d-4b65-9c78-af3d58b2da7f, raftlog=8f18dce1-0a3d-4b65-9c78-af3d58b2da7f@group-091950D56227-SegmentedRaftLog:OPENED:c-1,f-1,i0, conf=-1: [8a63e1ae-032e-4bed-9f20-125a11f65413:0.0.0.0:38685, 8f18dce1-0a3d-4b65-9c78-af3d58b2da7f:0.0.0.0:42489, 7b1e61a0-7daf-43dd-99d5-9b325c1d31ae:0.0.0.0:38412], old=null
2019-10-20 17:41:27,787 [8f18dce1-0a3d-4b65-9c78-af3d58b2da7f@group-091950D56227-LeaderElection598] INFO  impl.RaftServerImpl (RaftServerImpl.java:setRole(184)) - 8f18dce1-0a3d-4b65-9c78-af3d58b2da7f@group-091950D56227: changes role from CANDIDATE to FOLLOWER at term 710 for DISCOVERED_A_NEW_TERM
2019-10-20 17:41:27,787 [8f18dce1-0a3d-4b65-9c78-af3d58b2da7f@group-091950D56227-LeaderElection598] INFO  impl.RoleInfo (RoleInfo.java:shutdownLeaderElection(134)) - 8f18dce1-0a3d-4b65-9c78-af3d58b2da7f: shutdown LeaderElection
2019-10-20 17:41:27,788 [8f18dce1-0a3d-4b65-9c78-af3d58b2da7f@group-091950D56227-LeaderElection598] INFO  impl.RoleInfo (RoleInfo.java:updateAndGet(143)) - 8f18dce1-0a3d-4b65-9c78-af3d58b2da7f: start FollowerState
2019-10-20 17:41:27,902 [Thread-4271] INFO  impl.FollowerState (FollowerState.java:run(108)) - 8f18dce1-0a3d-4b65-9c78-af3d58b2da7f@group-091950D56227-FollowerState: change to CANDIDATE, lastRpcTime:114ms, electionTimeout:114ms
2019-10-20 17:41:27,902 [Thread-4271] INFO  impl.RoleInfo (RoleInfo.java:shutdownFollowerState(121)) - 8f18dce1-0a3d-4b65-9c78-af3d58b2da7f: shutdown FollowerState
2019-10-20 17:41:27,902 [Thread-4271] INFO  impl.RaftServerImpl (RaftServerImpl.java:setRole(184)) - 8f18dce1-0a3d-4b65-9c78-af3d58b2da7f@group-091950D56227: changes role from  FOLLOWER to CANDIDATE at term 710 for changeToCandidate
2019-10-20 17:41:27,902 [Thread-4271] INFO  impl.RoleInfo (RoleInfo.java:updateAndGet(143)) - 8f18dce1-0a3d-4b65-9c78-af3d58b2da7f: start LeaderElection
2019-10-20 17:41:27,929 [8f18dce1-0a3d-4b65-9c78-af3d58b2da7f@group-091950D56227-LeaderElection599] INFO  impl.LeaderElection (LeaderElection.java:askForVotes(178)) - 8f18dce1-0a3d-4b65-9c78-af3d58b2da7f@group-091950D56227-LeaderElection599: begin an election at term 711 for -1: [8a63e1ae-032e-4bed-9f20-125a11f65413:0.0.0.0:38685, 8f18dce1-0a3d-4b65-9c78-af3d58b2da7f:0.0.0.0:42489, 7b1e61a0-7daf-43dd-99d5-9b325c1d31ae:0.0.0.0:38412], old=null
2019-10-20 17:41:27,930 [grpc-default-executor-3] INFO  impl.RaftServerImpl (RaftServerImpl.java:setRole(184)) - 7b1e61a0-7daf-43dd-99d5-9b325c1d31ae@group-091950D56227: changes role from  FOLLOWER to FOLLOWER at term 711 for recognizeCandidate:8f18dce1-0a3d-4b65-9c78-af3d58b2da7f
2019-10-20 17:41:27,930 [grpc-default-executor-1] INFO  impl.RaftServerImpl (RaftServerImpl.java:setRole(184)) - 8a63e1ae-032e-4bed-9f20-125a11f65413@group-091950D56227: changes role from  FOLLOWER to FOLLOWER at term 711 for recognizeCandidate:8f18dce1-0a3d-4b65-9c78-af3d58b2da7f
2019-10-20 17:41:27,930 [grpc-default-executor-3] INFO  impl.RoleInfo (RoleInfo.java:shutdownFollowerState(121)) - 7b1e61a0-7daf-43dd-99d5-9b325c1d31ae: shutdown FollowerState
2019-10-20 17:41:27,931 [grpc-default-executor-1] INFO  impl.RoleInfo (RoleInfo.java:shutdownFollowerState(121)) - 8a63e1ae-032e-4bed-9f20-125a11f65413: shutdown FollowerState
2019-10-20 17:41:27,931 [Thread-4270] INFO  impl.FollowerState (FollowerState.java:run(117)) - 7b1e61a0-7daf-43dd-99d5-9b325c1d31ae@group-091950D56227-FollowerState was interrupted: java.lang.InterruptedException: sleep interrupted
2019-10-20 17:41:27,931 [Thread-4269] INFO  impl.FollowerState (FollowerState.java:run(117)) - 8a63e1ae-032e-4bed-9f20-125a11f65413@group-091950D56227-FollowerState was interrupted: java.lang.InterruptedException: sleep interrupted
2019-10-20 17:41:27,931 [grpc-default-executor-3] INFO  impl.RoleInfo (RoleInfo.java:updateAndGet(143)) - 7b1e61a0-7daf-43dd-99d5-9b325c1d31ae: start FollowerState
2019-10-20 17:41:27,931 [grpc-default-executor-1] INFO  impl.RoleInfo (RoleInfo.java:updateAndGet(143)) - 8a63e1ae-032e-4bed-9f20-125a11f65413: start FollowerState
2019-10-20 17:41:27,956 [8f18dce1-0a3d-4b65-9c78-af3d58b2da7f@group-091950D56227-LeaderElection599] INFO  impl.LeaderElection (LeaderElection.java:logAndReturn(56)) - 8f18dce1-0a3d-4b65-9c78-af3d58b2da7f@group-091950D56227-LeaderElection599: Election REJECTED; received 2 response(s) [8f18dce1-0a3d-4b65-9c78-af3d58b2da7f<-8a63e1ae-032e-4bed-9f20-125a11f65413#0:FAIL-t711, 8f18dce1-0a3d-4b65-9c78-af3d58b2da7f<-7b1e61a0-7daf-43dd-99d5-9b325c1d31ae#0:FAIL-t711] and 0 exception(s); 8f18dce1-0a3d-4b65-9c78-af3d58b2da7f@group-091950D56227:t711, leader=null, voted=8f18dce1-0a3d-4b65-9c78-af3d58b2da7f, raftlog=8f18dce1-0a3d-4b65-9c78-af3d58b2da7f@group-091950D56227-SegmentedRaftLog:OPENED:c-1,f-1,i0, conf=-1: [8a63e1ae-032e-4bed-9f20-125a11f65413:0.0.0.0:38685, 8f18dce1-0a3d-4b65-9c78-af3d58b2da7f:0.0.0.0:42489, 7b1e61a0-7daf-43dd-99d5-9b325c1d31ae:0.0.0.0:38412], old=null
2019-10-20 17:41:27,956 [8f18dce1-0a3d-4b65-9c78-af3d58b2da7f@group-091950D56227-LeaderElection599] INFO  impl.RaftServerImpl (RaftServerImpl.java:setRole(184)) - 8f18dce1-0a3d-4b65-9c78-af3d58b2da7f@group-091950D56227: changes role from CANDIDATE to FOLLOWER at term 711 for DISCOVERED_A_NEW_TERM
2019-10-20 17:41:27,956 [8f18dce1-0a3d-4b65-9c78-af3d58b2da7f@group-091950D56227-LeaderElection599] INFO  impl.RoleInfo (RoleInfo.java:shutdownLeaderElection(134)) - 8f18dce1-0a3d-4b65-9c78-af3d58b2da7f: shutdown LeaderElection
2019-10-20 17:41:27,957 [8f18dce1-0a3d-4b65-9c78-af3d58b2da7f@group-091950D56227-LeaderElection599] INFO  impl.RoleInfo (RoleInfo.java:updateAndGet(143)) - 8f18dce1-0a3d-4b65-9c78-af3d58b2da7f: start FollowerState
2019-10-20 17:41:28,116 [Thread-4277] INFO  impl.FollowerState (FollowerState.java:run(108)) - 8f18dce1-0a3d-4b65-9c78-af3d58b2da7f@group-091950D56227-FollowerState: change to CANDIDATE, lastRpcTime:159ms, electionTimeout:159ms
2019-10-20 17:41:28,116 [Thread-4277] INFO  impl.RoleInfo (RoleInfo.java:shutdownFollowerState(121)) - 8f18dce1-0a3d-4b65-9c78-af3d58b2da7f: shutdown FollowerState
2019-10-20 17:41:28,116 [Thread-4277] INFO  impl.RaftServerImpl (RaftServerImpl.java:setRole(184)) - 8f18dce1-0a3d-4b65-9c78-af3d58b2da7f@group-091950D56227: changes role from  FOLLOWER to CANDIDATE at term 711 for changeToCandidate
2019-10-20 17:41:28,116 [Thread-4277] INFO  impl.RoleInfo (RoleInfo.java:updateAndGet(143)) - 8f18dce1-0a3d-4b65-9c78-af3d58b2da7f: start LeaderElection
2019-10-20 17:41:28,156 [8f18dce1-0a3d-4b65-9c78-af3d58b2da7f@group-091950D56227-LeaderElection600] INFO  impl.LeaderElection (LeaderElection.java:askForVotes(178)) - 8f18dce1-0a3d-4b65-9c78-af3d58b2da7f@group-091950D56227-LeaderElection600: begin an election at term 712 for -1: [8a63e1ae-032e-4bed-9f20-125a11f65413:0.0.0.0:38685, 8f18dce1-0a3d-4b65-9c78-af3d58b2da7f:0.0.0.0:42489, 7b1e61a0-7daf-43dd-99d5-9b325c1d31ae:0.0.0.0:38412], old=null
2019-10-20 17:41:28,157 [grpc-default-executor-3] INFO  impl.RaftServerImpl (RaftServerImpl.java:setRole(184)) - 7b1e61a0-7daf-43dd-99d5-9b325c1d31ae@group-091950D56227: changes role from  FOLLOWER to FOLLOWER at term 712 for recognizeCandidate:8f18dce1-0a3d-4b65-9c78-af3d58b2da7f
2019-10-20 17:41:28,158 [grpc-default-executor-3] INFO  impl.RoleInfo (RoleInfo.java:shutdownFollowerState(121)) - 7b1e61a0-7daf-43dd-99d5-9b325c1d31ae: shutdown FollowerState
2019-10-20 17:41:28,157 [grpc-default-executor-1] INFO  impl.RaftServerImpl (RaftServerImpl.java:setRole(184)) - 8a63e1ae-032e-4bed-9f20-125a11f65413@group-091950D56227: changes role from  FOLLOWER to FOLLOWER at term 712 for recognizeCandidate:8f18dce1-0a3d-4b65-9c78-af3d58b2da7f
2019-10-20 17:41:28,158 [Thread-4275] INFO  impl.FollowerState (FollowerState.java:run(117)) - 7b1e61a0-7daf-43dd-99d5-9b325c1d31ae@group-091950D56227-FollowerState was interrupted: java.lang.InterruptedException: sleep interrupted
2019-10-20 17:41:28,158 [grpc-default-executor-3] INFO  impl.RoleInfo (RoleInfo.java:updateAndGet(143)) - 7b1e61a0-7daf-43dd-99d5-9b325c1d31ae: start FollowerState
2019-10-20 17:41:28,158 [grpc-default-executor-1] INFO  impl.RoleInfo (RoleInfo.java:shutdownFollowerState(121)) - 8a63e1ae-032e-4bed-9f20-125a11f65413: shutdown FollowerState
2019-10-20 17:41:28,158 [grpc-default-executor-1] INFO  impl.RoleInfo (RoleInfo.java:updateAndGet(143)) - 8a63e1ae-032e-4bed-9f20-125a11f65413: start FollowerState
2019-10-20 17:41:28,158 [Thread-4276] INFO  impl.FollowerState (FollowerState.java:run(117)) - 8a63e1ae-032e-4bed-9f20-125a11f65413@group-091950D56227-FollowerState was interrupted: java.lang.InterruptedException: sleep interrupted
2019-10-20 17:41:28,182 [8f18dce1-0a3d-4b65-9c78-af3d58b2da7f@group-091950D56227-LeaderElection600] INFO  impl.LeaderElection (LeaderElection.java:logAndReturn(56)) - 8f18dce1-0a3d-4b65-9c78-af3d58b2da7f@group-091950D56227-LeaderElection600: Election REJECTED; received 2 response(s) [8f18dce1-0a3d-4b65-9c78-af3d58b2da7f<-8a63e1ae-032e-4bed-9f20-125a11f65413#0:FAIL-t712, 8f18dce1-0a3d-4b65-9c78-af3d58b2da7f<-7b1e61a0-7daf-43dd-99d5-9b325c1d31ae#0:FAIL-t712] and 0 exception(s); 8f18dce1-0a3d-4b65-9c78-af3d58b2da7f@group-091950D56227:t712, leader=null, voted=8f18dce1-0a3d-4b65-9c78-af3d58b2da7f, raftlog=8f18dce1-0a3d-4b65-9c78-af3d58b2da7f@group-091950D56227-SegmentedRaftLog:OPENED:c-1,f-1,i0, conf=-1: [8a63e1ae-032e-4bed-9f20-125a11f65413:0.0.0.0:38685, 8f18dce1-0a3d-4b65-9c78-af3d58b2da7f:0.0.0.0:42489, 7b1e61a0-7daf-43dd-99d5-9b325c1d31ae:0.0.0.0:38412], old=null
2019-10-20 17:41:28,182 [8f18dce1-0a3d-4b65-9c78-af3d58b2da7f@group-091950D56227-LeaderElection600] INFO  impl.RaftServerImpl (RaftServerImpl.java:setRole(184)) - 8f18dce1-0a3d-4b65-9c78-af3d58b2da7f@group-091950D56227: changes role from CANDIDATE to FOLLOWER at term 712 for DISCOVERED_A_NEW_TERM
2019-10-20 17:41:28,182 [8f18dce1-0a3d-4b65-9c78-af3d58b2da7f@group-091950D56227-LeaderElection600] INFO  impl.RoleInfo (RoleInfo.java:shutdownLeaderElection(134)) - 8f18dce1-0a3d-4b65-9c78-af3d58b2da7f: shutdown LeaderElection
2019-10-20 17:41:28,182 [8f18dce1-0a3d-4b65-9c78-af3d58b2da7f@group-091950D56227-LeaderElection600] INFO  impl.RoleInfo (RoleInfo.java:updateAndGet(143)) - 8f18dce1-0a3d-4b65-9c78-af3d58b2da7f: start FollowerState
2019-10-20 17:41:28,244 [Thread-4283] INFO  impl.FollowerState (FollowerState.java:run(108)) - 8f18dce1-0a3d-4b65-9c78-af3d58b2da7f@group-091950D56227-FollowerState: change to CANDIDATE, lastRpcTime:62ms, electionTimeout:62ms
2019-10-20 17:41:28,244 [Thread-4283] INFO  impl.RoleInfo (RoleInfo.java:shutdownFollowerState(121)) - 8f18dce1-0a3d-4b65-9c78-af3d58b2da7f: shutdown FollowerState
2019-10-20 17:41:28,245 [Thread-4283] INFO  impl.RaftServerImpl (RaftServerImpl.java:setRole(184)) - 8f18dce1-0a3d-4b65-9c78-af3d58b2da7f@group-091950D56227: changes role from  FOLLOWER to CANDIDATE at term 712 for changeToCandidate
2019-10-20 17:41:28,245 [Thread-4283] INFO  impl.RoleInfo (RoleInfo.java:updateAndGet(143)) - 8f18dce1-0a3d-4b65-9c78-af3d58b2da7f: start LeaderElection
2019-10-20 17:41:28,273 [8f18dce1-0a3d-4b65-9c78-af3d58b2da7f@group-091950D56227-LeaderElection601] INFO  impl.LeaderElection (LeaderElection.java:askForVotes(178)) - 8f18dce1-0a3d-4b65-9c78-af3d58b2da7f@group-091950D56227-LeaderElection601: begin an election at term 713 for -1: [8a63e1ae-032e-4bed-9f20-125a11f65413:0.0.0.0:38685, 8f18dce1-0a3d-4b65-9c78-af3d58b2da7f:0.0.0.0:42489, 7b1e61a0-7daf-43dd-99d5-9b325c1d31ae:0.0.0.0:38412], old=null
2019-10-20 17:41:28,274 [grpc-default-executor-3] INFO  impl.RaftServerImpl (RaftServerImpl.java:setRole(184)) - 8a63e1ae-032e-4bed-9f20-125a11f65413@group-091950D56227: changes role from  FOLLOWER to FOLLOWER at term 713 for recognizeCandidate:8f18dce1-0a3d-4b65-9c78-af3d58b2da7f
2019-10-20 17:41:28,275 [grpc-default-executor-1] INFO  impl.RaftServerImpl (RaftServerImpl.java:setRole(184)) - 7b1e61a0-7daf-43dd-99d5-9b325c1d31ae@group-091950D56227: changes role from  FOLLOWER to FOLLOWER at term 713 for recognizeCandidate:8f18dce1-0a3d-4b65-9c78-af3d58b2da7f
2019-10-20 17:41:28,275 [grpc-default-executor-1] INFO  impl.RoleInfo (RoleInfo.java:shutdownFollowerState(121)) - 7b1e61a0-7daf-43dd-99d5-9b325c1d31ae: shutdown FollowerState
2019-10-20 17:41:28,275 [grpc-default-executor-3] INFO  impl.RoleInfo (RoleInfo.java:shutdownFollowerState(121)) - 8a63e1ae-032e-4bed-9f20-125a11f65413: shutdown FollowerState
2019-10-20 17:41:28,275 [Thread-4281] INFO  impl.FollowerState (FollowerState.java:run(117)) - 7b1e61a0-7daf-43dd-99d5-9b325c1d31ae@group-091950D56227-FollowerState was interrupted: java.lang.InterruptedException: sleep interrupted
2019-10-20 17:41:28,275 [grpc-default-executor-1] INFO  impl.RoleInfo (RoleInfo.java:updateAndGet(143)) - 7b1e61a0-7daf-43dd-99d5-9b325c1d31ae: start FollowerState
2019-10-20 17:41:28,275 [Thread-4282] INFO  impl.FollowerState (FollowerState.java:run(117)) - 8a63e1ae-032e-4bed-9f20-125a11f65413@group-091950D56227-FollowerState was interrupted: java.lang.InterruptedException: sleep interrupted
2019-10-20 17:41:28,275 [grpc-default-executor-3] INFO  impl.RoleInfo (RoleInfo.java:updateAndGet(143)) - 8a63e1ae-032e-4bed-9f20-125a11f65413: start FollowerState
2019-10-20 17:41:28,299 [8f18dce1-0a3d-4b65-9c78-af3d58b2da7f@group-091950D56227-LeaderElection601] INFO  impl.LeaderElection (LeaderElection.java:logAndReturn(56)) - 8f18dce1-0a3d-4b65-9c78-af3d58b2da7f@group-091950D56227-LeaderElection601: Election REJECTED; received 2 response(s) [8f18dce1-0a3d-4b65-9c78-af3d58b2da7f<-8a63e1ae-032e-4bed-9f20-125a11f65413#0:FAIL-t713, 8f18dce1-0a3d-4b65-9c78-af3d58b2da7f<-7b1e61a0-7daf-43dd-99d5-9b325c1d31ae#0:FAIL-t713] and 0 exception(s); 8f18dce1-0a3d-4b65-9c78-af3d58b2da7f@group-091950D56227:t713, leader=null, voted=8f18dce1-0a3d-4b65-9c78-af3d58b2da7f, raftlog=8f18dce1-0a3d-4b65-9c78-af3d58b2da7f@group-091950D56227-SegmentedRaftLog:OPENED:c-1,f-1,i0, conf=-1: [8a63e1ae-032e-4bed-9f20-125a11f65413:0.0.0.0:38685, 8f18dce1-0a3d-4b65-9c78-af3d58b2da7f:0.0.0.0:42489, 7b1e61a0-7daf-43dd-99d5-9b325c1d31ae:0.0.0.0:38412], old=null
2019-10-20 17:41:28,299 [8f18dce1-0a3d-4b65-9c78-af3d58b2da7f@group-091950D56227-LeaderElection601] INFO  impl.RaftServerImpl (RaftServerImpl.java:setRole(184)) - 8f18dce1-0a3d-4b65-9c78-af3d58b2da7f@group-091950D56227: changes role from CANDIDATE to FOLLOWER at term 713 for DISCOVERED_A_NEW_TERM
2019-10-20 17:41:28,299 [8f18dce1-0a3d-4b65-9c78-af3d58b2da7f@group-091950D56227-LeaderElection601] INFO  impl.RoleInfo (RoleInfo.java:shutdownLeaderElection(134)) - 8f18dce1-0a3d-4b65-9c78-af3d58b2da7f: shutdown LeaderElection
2019-10-20 17:41:28,299 [8f18dce1-0a3d-4b65-9c78-af3d58b2da7f@group-091950D56227-LeaderElection601] INFO  impl.RoleInfo (RoleInfo.java:updateAndGet(143)) - 8f18dce1-0a3d-4b65-9c78-af3d58b2da7f: start FollowerState
2019-10-20 17:41:28,384 [Thread-4289] INFO  impl.FollowerState (FollowerState.java:run(108)) - 8f18dce1-0a3d-4b65-9c78-af3d58b2da7f@group-091950D56227-FollowerState: change to CANDIDATE, lastRpcTime:84ms, electionTimeout:84ms
2019-10-20 17:41:28,384 [Thread-4289] INFO  impl.RoleInfo (RoleInfo.java:shutdownFollowerState(121)) - 8f18dce1-0a3d-4b65-9c78-af3d58b2da7f: shutdown FollowerState
2019-10-20 17:41:28,384 [Thread-4289] INFO  impl.RaftServerImpl (RaftServerImpl.java:setRole(184)) - 8f18dce1-0a3d-4b65-9c78-af3d58b2da7f@group-091950D56227: changes role from  FOLLOWER to CANDIDATE at term 713 for changeToCandidate
2019-10-20 17:41:28,384 [Thread-4289] INFO  impl.RoleInfo (RoleInfo.java:updateAndGet(143)) - 8f18dce1-0a3d-4b65-9c78-af3d58b2da7f: start LeaderElection
2019-10-20 17:41:28,408 [8f18dce1-0a3d-4b65-9c78-af3d58b2da7f@group-091950D56227-LeaderElection602] INFO  impl.LeaderElection (LeaderElection.java:askForVotes(178)) - 8f18dce1-0a3d-4b65-9c78-af3d58b2da7f@group-091950D56227-LeaderElection602: begin an election at term 714 for -1: [8a63e1ae-032e-4bed-9f20-125a11f65413:0.0.0.0:38685, 8f18dce1-0a3d-4b65-9c78-af3d58b2da7f:0.0.0.0:42489, 7b1e61a0-7daf-43dd-99d5-9b325c1d31ae:0.0.0.0:38412], old=null
2019-10-20 17:41:28,410 [grpc-default-executor-3] INFO  impl.RaftServerImpl (RaftServerImpl.java:setRole(184)) - 8a63e1ae-032e-4bed-9f20-125a11f65413@group-091950D56227: changes role from  FOLLOWER to FOLLOWER at term 714 for recognizeCandidate:8f18dce1-0a3d-4b65-9c78-af3d58b2da7f
2019-10-20 17:41:28,410 [grpc-default-executor-3] INFO  impl.RoleInfo (RoleInfo.java:shutdownFollowerState(121)) - 8a63e1ae-032e-4bed-9f20-125a11f65413: shutdown FollowerState
2019-10-20 17:41:28,410 [grpc-default-executor-1] INFO  impl.RaftServerImpl (RaftServerImpl.java:setRole(184)) - 7b1e61a0-7daf-43dd-99d5-9b325c1d31ae@group-091950D56227: changes role from  FOLLOWER to FOLLOWER at term 714 for recognizeCandidate:8f18dce1-0a3d-4b65-9c78-af3d58b2da7f
2019-10-20 17:41:28,410 [grpc-default-executor-1] INFO  impl.RoleInfo (RoleInfo.java:shutdownFollowerState(121)) - 7b1e61a0-7daf-43dd-99d5-9b325c1d31ae: shutdown FollowerState
2019-10-20 17:41:28,410 [Thread-4288] INFO  impl.FollowerState (FollowerState.java:run(117)) - 8a63e1ae-032e-4bed-9f20-125a11f65413@group-091950D56227-FollowerState was interrupted: java.lang.InterruptedException: sleep interrupted
2019-10-20 17:41:28,410 [Thread-4287] INFO  impl.FollowerState (FollowerState.java:run(117)) - 7b1e61a0-7daf-43dd-99d5-9b325c1d31ae@group-091950D56227-FollowerState was interrupted: java.lang.InterruptedException: sleep interrupted
2019-10-20 17:41:28,410 [grpc-default-executor-3] INFO  impl.RoleInfo (RoleInfo.java:updateAndGet(143)) - 8a63e1ae-032e-4bed-9f20-125a11f65413: start FollowerState
2019-10-20 17:41:28,410 [grpc-default-executor-1] INFO  impl.RoleInfo (RoleInfo.java:updateAndGet(143)) - 7b1e61a0-7daf-43dd-99d5-9b325c1d31ae: start FollowerState
2019-10-20 17:41:28,434 [8f18dce1-0a3d-4b65-9c78-af3d58b2da7f@group-091950D56227-LeaderElection602] INFO  impl.LeaderElection (LeaderElection.java:logAndReturn(56)) - 8f18dce1-0a3d-4b65-9c78-af3d58b2da7f@group-091950D56227-LeaderElection602: Election REJECTED; received 2 response(s) [8f18dce1-0a3d-4b65-9c78-af3d58b2da7f<-8a63e1ae-032e-4bed-9f20-125a11f65413#0:FAIL-t714, 8f18dce1-0a3d-4b65-9c78-af3d58b2da7f<-7b1e61a0-7daf-43dd-99d5-9b325c1d31ae#0:FAIL-t714] and 0 exception(s); 8f18dce1-0a3d-4b65-9c78-af3d58b2da7f@group-091950D56227:t714, leader=null, voted=8f18dce1-0a3d-4b65-9c78-af3d58b2da7f, raftlog=8f18dce1-0a3d-4b65-9c78-af3d58b2da7f@group-091950D56227-SegmentedRaftLog:OPENED:c-1,f-1,i0, conf=-1: [8a63e1ae-032e-4bed-9f20-125a11f65413:0.0.0.0:38685, 8f18dce1-0a3d-4b65-9c78-af3d58b2da7f:0.0.0.0:42489, 7b1e61a0-7daf-43dd-99d5-9b325c1d31ae:0.0.0.0:38412], old=null
2019-10-20 17:41:28,434 [8f18dce1-0a3d-4b65-9c78-af3d58b2da7f@group-091950D56227-LeaderElection602] INFO  impl.RaftServerImpl (RaftServerImpl.java:setRole(184)) - 8f18dce1-0a3d-4b65-9c78-af3d58b2da7f@group-091950D56227: changes role from CANDIDATE to FOLLOWER at term 714 for DISCOVERED_A_NEW_TERM
2019-10-20 17:41:28,434 [8f18dce1-0a3d-4b65-9c78-af3d58b2da7f@group-091950D56227-LeaderElection602] INFO  impl.RoleInfo (RoleInfo.java:shutdownLeaderElection(134)) - 8f18dce1-0a3d-4b65-9c78-af3d58b2da7f: shutdown LeaderElection
2019-10-20 17:41:28,434 [8f18dce1-0a3d-4b65-9c78-af3d58b2da7f@group-091950D56227-LeaderElection602] INFO  impl.RoleInfo (RoleInfo.java:updateAndGet(143)) - 8f18dce1-0a3d-4b65-9c78-af3d58b2da7f: start FollowerState
2019-10-20 17:41:28,533 [Thread-4295] INFO  impl.FollowerState (FollowerState.java:run(108)) - 8f18dce1-0a3d-4b65-9c78-af3d58b2da7f@group-091950D56227-FollowerState: change to CANDIDATE, lastRpcTime:99ms, electionTimeout:99ms
2019-10-20 17:41:28,534 [Thread-4295] INFO  impl.RoleInfo (RoleInfo.java:shutdownFollowerState(121)) - 8f18dce1-0a3d-4b65-9c78-af3d58b2da7f: shutdown FollowerState
2019-10-20 17:41:28,534 [Thread-4295] INFO  impl.RaftServerImpl (RaftServerImpl.java:setRole(184)) - 8f18dce1-0a3d-4b65-9c78-af3d58b2da7f@group-091950D56227: changes role from  FOLLOWER to CANDIDATE at term 714 for changeToCandidate
2019-10-20 17:41:28,534 [Thread-4295] INFO  impl.RoleInfo (RoleInfo.java:updateAndGet(143)) - 8f18dce1-0a3d-4b65-9c78-af3d58b2da7f: start LeaderElection
2019-10-20 17:41:28,567 [8f18dce1-0a3d-4b65-9c78-af3d58b2da7f@group-091950D56227-LeaderElection603] INFO  impl.LeaderElection (LeaderElection.java:askForVotes(178)) - 8f18dce1-0a3d-4b65-9c78-af3d58b2da7f@group-091950D56227-LeaderElection603: begin an election at term 715 for -1: [8a63e1ae-032e-4bed-9f20-125a11f65413:0.0.0.0:38685, 8f18dce1-0a3d-4b65-9c78-af3d58b2da7f:0.0.0.0:42489, 7b1e61a0-7daf-43dd-99d5-9b325c1d31ae:0.0.0.0:38412], old=null
2019-10-20 17:41:28,568 [grpc-default-executor-3] INFO  impl.RaftServerImpl (RaftServerImpl.java:setRole(184)) - 8a63e1ae-032e-4bed-9f20-125a11f65413@group-091950D56227: changes role from  FOLLOWER to FOLLOWER at term 715 for recognizeCandidate:8f18dce1-0a3d-4b65-9c78-af3d58b2da7f
2019-10-20 17:41:28,568 [grpc-default-executor-1] INFO  impl.RaftServerImpl (RaftServerImpl.java:setRole(184)) - 7b1e61a0-7daf-43dd-99d5-9b325c1d31ae@group-091950D56227: changes role from  FOLLOWER to FOLLOWER at term 715 for recognizeCandidate:8f18dce1-0a3d-4b65-9c78-af3d58b2da7f
2019-10-20 17:41:28,569 [grpc-default-executor-1] INFO  impl.RoleInfo (RoleInfo.java:shutdownFollowerState(121)) - 7b1e61a0-7daf-43dd-99d5-9b325c1d31ae: shutdown FollowerState
2019-10-20 17:41:28,568 [grpc-default-executor-3] INFO  impl.RoleInfo (RoleInfo.java:shutdownFollowerState(121)) - 8a63e1ae-032e-4bed-9f20-125a11f65413: shutdown FollowerState
2019-10-20 17:41:28,569 [Thread-4294] INFO  impl.FollowerState (FollowerState.java:run(117)) - 7b1e61a0-7daf-43dd-99d5-9b325c1d31ae@group-091950D56227-FollowerState was interrupted: java.lang.InterruptedException: sleep interrupted
2019-10-20 17:41:28,569 [grpc-default-executor-1] INFO  impl.RoleInfo (RoleInfo.java:updateAndGet(143)) - 7b1e61a0-7daf-43dd-99d5-9b325c1d31ae: start FollowerState
2019-10-20 17:41:28,569 [Thread-4293] INFO  impl.FollowerState (FollowerState.java:run(117)) - 8a63e1ae-032e-4bed-9f20-125a11f65413@group-091950D56227-FollowerState was interrupted: java.lang.InterruptedException: sleep interrupted
2019-10-20 17:41:28,569 [grpc-default-executor-3] INFO  impl.RoleInfo (RoleInfo.java:updateAndGet(143)) - 8a63e1ae-032e-4bed-9f20-125a11f65413: start FollowerState
2019-10-20 17:41:28,593 [8f18dce1-0a3d-4b65-9c78-af3d58b2da7f@group-091950D56227-LeaderElection603] INFO  impl.LeaderElection (LeaderElection.java:logAndReturn(56)) - 8f18dce1-0a3d-4b65-9c78-af3d58b2da7f@group-091950D56227-LeaderElection603: Election REJECTED; received 2 response(s) [8f18dce1-0a3d-4b65-9c78-af3d58b2da7f<-8a63e1ae-032e-4bed-9f20-125a11f65413#0:FAIL-t715, 8f18dce1-0a3d-4b65-9c78-af3d58b2da7f<-7b1e61a0-7daf-43dd-99d5-9b325c1d31ae#0:FAIL-t715] and 0 exception(s); 8f18dce1-0a3d-4b65-9c78-af3d58b2da7f@group-091950D56227:t715, leader=null, voted=8f18dce1-0a3d-4b65-9c78-af3d58b2da7f, raftlog=8f18dce1-0a3d-4b65-9c78-af3d58b2da7f@group-091950D56227-SegmentedRaftLog:OPENED:c-1,f-1,i0, conf=-1: [8a63e1ae-032e-4bed-9f20-125a11f65413:0.0.0.0:38685, 8f18dce1-0a3d-4b65-9c78-af3d58b2da7f:0.0.0.0:42489, 7b1e61a0-7daf-43dd-99d5-9b325c1d31ae:0.0.0.0:38412], old=null
2019-10-20 17:41:28,593 [8f18dce1-0a3d-4b65-9c78-af3d58b2da7f@group-091950D56227-LeaderElection603] INFO  impl.RaftServerImpl (RaftServerImpl.java:setRole(184)) - 8f18dce1-0a3d-4b65-9c78-af3d58b2da7f@group-091950D56227: changes role from CANDIDATE to FOLLOWER at term 715 for DISCOVERED_A_NEW_TERM
2019-10-20 17:41:28,593 [8f18dce1-0a3d-4b65-9c78-af3d58b2da7f@group-091950D56227-LeaderElection603] INFO  impl.RoleInfo (RoleInfo.java:shutdownLeaderElection(134)) - 8f18dce1-0a3d-4b65-9c78-af3d58b2da7f: shutdown LeaderElection
2019-10-20 17:41:28,594 [8f18dce1-0a3d-4b65-9c78-af3d58b2da7f@group-091950D56227-LeaderElection603] INFO  impl.RoleInfo (RoleInfo.java:updateAndGet(143)) - 8f18dce1-0a3d-4b65-9c78-af3d58b2da7f: start FollowerState
2019-10-20 17:41:28,629 [Thread-4301] INFO  impl.FollowerState (FollowerState.java:run(108)) - 8f18dce1-0a3d-4b65-9c78-af3d58b2da7f@group-091950D56227-FollowerState: change to CANDIDATE, lastRpcTime:35ms, electionTimeout:35ms
2019-10-20 17:41:28,629 [Thread-4301] INFO  impl.RoleInfo (RoleInfo.java:shutdownFollowerState(121)) - 8f18dce1-0a3d-4b65-9c78-af3d58b2da7f: shutdown FollowerState
2019-10-20 17:41:28,629 [Thread-4301] INFO  impl.RaftServerImpl (RaftServerImpl.java:setRole(184)) - 8f18dce1-0a3d-4b65-9c78-af3d58b2da7f@group-091950D56227: changes role from  FOLLOWER to CANDIDATE at term 715 for changeToCandidate
2019-10-20 17:41:28,629 [Thread-4301] INFO  impl.RoleInfo (RoleInfo.java:updateAndGet(143)) - 8f18dce1-0a3d-4b65-9c78-af3d58b2da7f: start LeaderElection
2019-10-20 17:41:28,651 [8f18dce1-0a3d-4b65-9c78-af3d58b2da7f@group-091950D56227-LeaderElection604] INFO  impl.LeaderElection (LeaderElection.java:askForVotes(178)) - 8f18dce1-0a3d-4b65-9c78-af3d58b2da7f@group-091950D56227-LeaderElection604: begin an election at term 716 for -1: [8a63e1ae-032e-4bed-9f20-125a11f65413:0.0.0.0:38685, 8f18dce1-0a3d-4b65-9c78-af3d58b2da7f:0.0.0.0:42489, 7b1e61a0-7daf-43dd-99d5-9b325c1d31ae:0.0.0.0:38412], old=null
2019-10-20 17:41:28,653 [grpc-default-executor-3] INFO  impl.RaftServerImpl (RaftServerImpl.java:setRole(184)) - 8a63e1ae-032e-4bed-9f20-125a11f65413@group-091950D56227: changes role from  FOLLOWER to FOLLOWER at term 716 for recognizeCandidate:8f18dce1-0a3d-4b65-9c78-af3d58b2da7f
2019-10-20 17:41:28,653 [grpc-default-executor-3] INFO  impl.RoleInfo (RoleInfo.java:shutdownFollowerState(121)) - 8a63e1ae-032e-4bed-9f20-125a11f65413: shutdown FollowerState
2019-10-20 17:41:28,653 [grpc-default-executor-1] INFO  impl.RaftServerImpl (RaftServerImpl.java:setRole(184)) - 7b1e61a0-7daf-43dd-99d5-9b325c1d31ae@group-091950D56227: changes role from  FOLLOWER to FOLLOWER at term 716 for recognizeCandidate:8f18dce1-0a3d-4b65-9c78-af3d58b2da7f
2019-10-20 17:41:28,653 [grpc-default-executor-1] INFO  impl.RoleInfo (RoleInfo.java:shutdownFollowerState(121)) - 7b1e61a0-7daf-43dd-99d5-9b325c1d31ae: shutdown FollowerState
2019-10-20 17:41:28,653 [Thread-4300] INFO  impl.FollowerState (FollowerState.java:run(117)) - 8a63e1ae-032e-4bed-9f20-125a11f65413@group-091950D56227-FollowerState was interrupted: java.lang.InterruptedException: sleep interrupted
2019-10-20 17:41:28,653 [grpc-default-executor-3] INFO  impl.RoleInfo (RoleInfo.java:updateAndGet(143)) - 8a63e1ae-032e-4bed-9f20-125a11f65413: start FollowerState
2019-10-20 17:41:28,653 [Thread-4299] INFO  impl.FollowerState (FollowerState.java:run(117)) - 7b1e61a0-7daf-43dd-99d5-9b325c1d31ae@group-091950D56227-FollowerState was interrupted: java.lang.InterruptedException: sleep interrupted
2019-10-20 17:41:28,653 [grpc-default-executor-1] INFO  impl.RoleInfo (RoleInfo.java:updateAndGet(143)) - 7b1e61a0-7daf-43dd-99d5-9b325c1d31ae: start FollowerState
2019-10-20 17:41:28,677 [8f18dce1-0a3d-4b65-9c78-af3d58b2da7f@group-091950D56227-LeaderElection604] INFO  impl.LeaderElection (LeaderElection.java:logAndReturn(56)) - 8f18dce1-0a3d-4b65-9c78-af3d58b2da7f@group-091950D56227-LeaderElection604: Election REJECTED; received 2 response(s) [8f18dce1-0a3d-4b65-9c78-af3d58b2da7f<-8a63e1ae-032e-4bed-9f20-125a11f65413#0:FAIL-t716, 8f18dce1-0a3d-4b65-9c78-af3d58b2da7f<-7b1e61a0-7daf-43dd-99d5-9b325c1d31ae#0:FAIL-t716] and 0 exception(s); 8f18dce1-0a3d-4b65-9c78-af3d58b2da7f@group-091950D56227:t716, leader=null, voted=8f18dce1-0a3d-4b65-9c78-af3d58b2da7f, raftlog=8f18dce1-0a3d-4b65-9c78-af3d58b2da7f@group-091950D56227-SegmentedRaftLog:OPENED:c-1,f-1,i0, conf=-1: [8a63e1ae-032e-4bed-9f20-125a11f65413:0.0.0.0:38685, 8f18dce1-0a3d-4b65-9c78-af3d58b2da7f:0.0.0.0:42489, 7b1e61a0-7daf-43dd-99d5-9b325c1d31ae:0.0.0.0:38412], old=null
2019-10-20 17:41:28,678 [8f18dce1-0a3d-4b65-9c78-af3d58b2da7f@group-091950D56227-LeaderElection604] INFO  impl.RaftServerImpl (RaftServerImpl.java:setRole(184)) - 8f18dce1-0a3d-4b65-9c78-af3d58b2da7f@group-091950D56227: changes role from CANDIDATE to FOLLOWER at term 716 for DISCOVERED_A_NEW_TERM
2019-10-20 17:41:28,678 [8f18dce1-0a3d-4b65-9c78-af3d58b2da7f@group-091950D56227-LeaderElection604] INFO  impl.RoleInfo (RoleInfo.java:shutdownLeaderElection(134)) - 8f18dce1-0a3d-4b65-9c78-af3d58b2da7f: shutdown LeaderElection
2019-10-20 17:41:28,678 [8f18dce1-0a3d-4b65-9c78-af3d58b2da7f@group-091950D56227-LeaderElection604] INFO  impl.RoleInfo (RoleInfo.java:updateAndGet(143)) - 8f18dce1-0a3d-4b65-9c78-af3d58b2da7f: start FollowerState
2019-10-20 17:41:28,722 [Thread-4309] INFO  impl.FollowerState (FollowerState.java:run(108)) - 8f18dce1-0a3d-4b65-9c78-af3d58b2da7f@group-091950D56227-FollowerState: change to CANDIDATE, lastRpcTime:44ms, electionTimeout:44ms
2019-10-20 17:41:28,722 [Thread-4309] INFO  impl.RoleInfo (RoleInfo.java:shutdownFollowerState(121)) - 8f18dce1-0a3d-4b65-9c78-af3d58b2da7f: shutdown FollowerState
2019-10-20 17:41:28,722 [Thread-4309] INFO  impl.RaftServerImpl (RaftServerImpl.java:setRole(184)) - 8f18dce1-0a3d-4b65-9c78-af3d58b2da7f@group-091950D56227: changes role from  FOLLOWER to CANDIDATE at term 716 for changeToCandidate
2019-10-20 17:41:28,723 [Thread-4309] INFO  impl.RoleInfo (RoleInfo.java:updateAndGet(143)) - 8f18dce1-0a3d-4b65-9c78-af3d58b2da7f: start LeaderElection
2019-10-20 17:41:28,752 [8f18dce1-0a3d-4b65-9c78-af3d58b2da7f@group-091950D56227-LeaderElection605] INFO  impl.LeaderElection (LeaderElection.java:askForVotes(178)) - 8f18dce1-0a3d-4b65-9c78-af3d58b2da7f@group-091950D56227-LeaderElection605: begin an election at term 717 for -1: [8a63e1ae-032e-4bed-9f20-125a11f65413:0.0.0.0:38685, 8f18dce1-0a3d-4b65-9c78-af3d58b2da7f:0.0.0.0:42489, 7b1e61a0-7daf-43dd-99d5-9b325c1d31ae:0.0.0.0:38412], old=null
2019-10-20 17:41:28,754 [grpc-default-executor-1] INFO  impl.RaftServerImpl (RaftServerImpl.java:setRole(184)) - 8a63e1ae-032e-4bed-9f20-125a11f65413@group-091950D56227: changes role from  FOLLOWER to FOLLOWER at term 717 for recognizeCandidate:8f18dce1-0a3d-4b65-9c78-af3d58b2da7f
2019-10-20 17:41:28,754 [grpc-default-executor-1] INFO  impl.RoleInfo (RoleInfo.java:shutdownFollowerState(121)) - 8a63e1ae-032e-4bed-9f20-125a11f65413: shutdown FollowerState
2019-10-20 17:41:28,754 [grpc-default-executor-3] INFO  impl.RaftServerImpl (RaftServerImpl.java:setRole(184)) - 7b1e61a0-7daf-43dd-99d5-9b325c1d31ae@group-091950D56227: changes role from  FOLLOWER to FOLLOWER at term 717 for recognizeCandidate:8f18dce1-0a3d-4b65-9c78-af3d58b2da7f
2019-10-20 17:41:28,754 [grpc-default-executor-3] INFO  impl.RoleInfo (RoleInfo.java:shutdownFollowerState(121)) - 7b1e61a0-7daf-43dd-99d5-9b325c1d31ae: shutdown FollowerState
2019-10-20 17:41:28,754 [Thread-4307] INFO  impl.FollowerState (FollowerState.java:run(117)) - 8a63e1ae-032e-4bed-9f20-125a11f65413@group-091950D56227-FollowerState was interrupted: java.lang.InterruptedException: sleep interrupted
2019-10-20 17:41:28,754 [grpc-default-executor-1] INFO  impl.RoleInfo (RoleInfo.java:updateAndGet(143)) - 8a63e1ae-032e-4bed-9f20-125a11f65413: start FollowerState
2019-10-20 17:41:28,754 [Thread-4308] INFO  impl.FollowerState (FollowerState.java:run(117)) - 7b1e61a0-7daf-43dd-99d5-9b325c1d31ae@group-091950D56227-FollowerState was interrupted: java.lang.InterruptedException: sleep interrupted
2019-10-20 17:41:28,754 [grpc-default-executor-3] INFO  impl.RoleInfo (RoleInfo.java:updateAndGet(143)) - 7b1e61a0-7daf-43dd-99d5-9b325c1d31ae: start FollowerState
2019-10-20 17:41:28,778 [8f18dce1-0a3d-4b65-9c78-af3d58b2da7f@group-091950D56227-LeaderElection605] INFO  impl.LeaderElection (LeaderElection.java:logAndReturn(56)) - 8f18dce1-0a3d-4b65-9c78-af3d58b2da7f@group-091950D56227-LeaderElection605: Election REJECTED; received 2 response(s) [8f18dce1-0a3d-4b65-9c78-af3d58b2da7f<-8a63e1ae-032e-4bed-9f20-125a11f65413#0:FAIL-t717, 8f18dce1-0a3d-4b65-9c78-af3d58b2da7f<-7b1e61a0-7daf-43dd-99d5-9b325c1d31ae#0:FAIL-t717] and 0 exception(s); 8f18dce1-0a3d-4b65-9c78-af3d58b2da7f@group-091950D56227:t717, leader=null, voted=8f18dce1-0a3d-4b65-9c78-af3d58b2da7f, raftlog=8f18dce1-0a3d-4b65-9c78-af3d58b2da7f@group-091950D56227-SegmentedRaftLog:OPENED:c-1,f-1,i0, conf=-1: [8a63e1ae-032e-4bed-9f20-125a11f65413:0.0.0.0:38685, 8f18dce1-0a3d-4b65-9c78-af3d58b2da7f:0.0.0.0:42489, 7b1e61a0-7daf-43dd-99d5-9b325c1d31ae:0.0.0.0:38412], old=null
2019-10-20 17:41:28,779 [8f18dce1-0a3d-4b65-9c78-af3d58b2da7f@group-091950D56227-LeaderElection605] INFO  impl.RaftServerImpl (RaftServerImpl.java:setRole(184)) - 8f18dce1-0a3d-4b65-9c78-af3d58b2da7f@group-091950D56227: changes role from CANDIDATE to FOLLOWER at term 717 for DISCOVERED_A_NEW_TERM
2019-10-20 17:41:28,779 [8f18dce1-0a3d-4b65-9c78-af3d58b2da7f@group-091950D56227-LeaderElection605] INFO  impl.RoleInfo (RoleInfo.java:shutdownLeaderElection(134)) - 8f18dce1-0a3d-4b65-9c78-af3d58b2da7f: shutdown LeaderElection
2019-10-20 17:41:28,779 [8f18dce1-0a3d-4b65-9c78-af3d58b2da7f@group-091950D56227-LeaderElection605] INFO  impl.RoleInfo (RoleInfo.java:updateAndGet(143)) - 8f18dce1-0a3d-4b65-9c78-af3d58b2da7f: start FollowerState
2019-10-20 17:41:28,946 [Thread-4315] INFO  impl.FollowerState (FollowerState.java:run(108)) - 8f18dce1-0a3d-4b65-9c78-af3d58b2da7f@group-091950D56227-FollowerState: change to CANDIDATE, lastRpcTime:167ms, electionTimeout:167ms
2019-10-20 17:41:28,946 [Thread-4315] INFO  impl.RoleInfo (RoleInfo.java:shutdownFollowerState(121)) - 8f18dce1-0a3d-4b65-9c78-af3d58b2da7f: shutdown FollowerState
2019-10-20 17:41:28,946 [Thread-4315] INFO  impl.RaftServerImpl (RaftServerImpl.java:setRole(184)) - 8f18dce1-0a3d-4b65-9c78-af3d58b2da7f@group-091950D56227: changes role from  FOLLOWER to CANDIDATE at term 717 for changeToCandidate
2019-10-20 17:41:28,946 [Thread-4315] INFO  impl.RoleInfo (RoleInfo.java:updateAndGet(143)) - 8f18dce1-0a3d-4b65-9c78-af3d58b2da7f: start LeaderElection
2019-10-20 17:41:28,970 [8f18dce1-0a3d-4b65-9c78-af3d58b2da7f@group-091950D56227-LeaderElection606] INFO  impl.LeaderElection (LeaderElection.java:askForVotes(178)) - 8f18dce1-0a3d-4b65-9c78-af3d58b2da7f@group-091950D56227-LeaderElection606: begin an election at term 718 for -1: [8a63e1ae-032e-4bed-9f20-125a11f65413:0.0.0.0:38685, 8f18dce1-0a3d-4b65-9c78-af3d58b2da7f:0.0.0.0:42489, 7b1e61a0-7daf-43dd-99d5-9b325c1d31ae:0.0.0.0:38412], old=null
2019-10-20 17:41:28,971 [grpc-default-executor-1] INFO  impl.RaftServerImpl (RaftServerImpl.java:setRole(184)) - 8a63e1ae-032e-4bed-9f20-125a11f65413@group-091950D56227: changes role from  FOLLOWER to FOLLOWER at term 718 for recognizeCandidate:8f18dce1-0a3d-4b65-9c78-af3d58b2da7f
2019-10-20 17:41:28,971 [grpc-default-executor-1] INFO  impl.RoleInfo (RoleInfo.java:shutdownFollowerState(121)) - 8a63e1ae-032e-4bed-9f20-125a11f65413: shutdown FollowerState
2019-10-20 17:41:28,971 [grpc-default-executor-3] INFO  impl.RaftServerImpl (RaftServerImpl.java:setRole(184)) - 7b1e61a0-7daf-43dd-99d5-9b325c1d31ae@group-091950D56227: changes role from  FOLLOWER to FOLLOWER at term 718 for recognizeCandidate:8f18dce1-0a3d-4b65-9c78-af3d58b2da7f
2019-10-20 17:41:28,972 [grpc-default-executor-3] INFO  impl.RoleInfo (RoleInfo.java:shutdownFollowerState(121)) - 7b1e61a0-7daf-43dd-99d5-9b325c1d31ae: shutdown FollowerState
2019-10-20 17:41:28,971 [Thread-4313] INFO  impl.FollowerState (FollowerState.java:run(117)) - 8a63e1ae-032e-4bed-9f20-125a11f65413@group-091950D56227-FollowerState was interrupted: java.lang.InterruptedException: sleep interrupted
2019-10-20 17:41:28,971 [grpc-default-executor-1] INFO  impl.RoleInfo (RoleInfo.java:updateAndGet(143)) - 8a63e1ae-032e-4bed-9f20-125a11f65413: start FollowerState
2019-10-20 17:41:28,972 [Thread-4314] INFO  impl.FollowerState (FollowerState.java:run(117)) - 7b1e61a0-7daf-43dd-99d5-9b325c1d31ae@group-091950D56227-FollowerState was interrupted: java.lang.InterruptedException: sleep interrupted
2019-10-20 17:41:28,972 [grpc-default-executor-3] INFO  impl.RoleInfo (RoleInfo.java:updateAndGet(143)) - 7b1e61a0-7daf-43dd-99d5-9b325c1d31ae: start FollowerState
2019-10-20 17:41:28,996 [8f18dce1-0a3d-4b65-9c78-af3d58b2da7f@group-091950D56227-LeaderElection606] INFO  impl.LeaderElection (LeaderElection.java:logAndReturn(56)) - 8f18dce1-0a3d-4b65-9c78-af3d58b2da7f@group-091950D56227-LeaderElection606: Election REJECTED; received 2 response(s) [8f18dce1-0a3d-4b65-9c78-af3d58b2da7f<-8a63e1ae-032e-4bed-9f20-125a11f65413#0:FAIL-t718, 8f18dce1-0a3d-4b65-9c78-af3d58b2da7f<-7b1e61a0-7daf-43dd-99d5-9b325c1d31ae#0:FAIL-t718] and 0 exception(s); 8f18dce1-0a3d-4b65-9c78-af3d58b2da7f@group-091950D56227:t718, leader=null, voted=8f18dce1-0a3d-4b65-9c78-af3d58b2da7f, raftlog=8f18dce1-0a3d-4b65-9c78-af3d58b2da7f@group-091950D56227-SegmentedRaftLog:OPENED:c-1,f-1,i0, conf=-1: [8a63e1ae-032e-4bed-9f20-125a11f65413:0.0.0.0:38685, 8f18dce1-0a3d-4b65-9c78-af3d58b2da7f:0.0.0.0:42489, 7b1e61a0-7daf-43dd-99d5-9b325c1d31ae:0.0.0.0:38412], old=null
2019-10-20 17:41:28,996 [8f18dce1-0a3d-4b65-9c78-af3d58b2da7f@group-091950D56227-LeaderElection606] INFO  impl.RaftServerImpl (RaftServerImpl.java:setRole(184)) - 8f18dce1-0a3d-4b65-9c78-af3d58b2da7f@group-091950D56227: changes role from CANDIDATE to FOLLOWER at term 718 for DISCOVERED_A_NEW_TERM
2019-10-20 17:41:28,996 [8f18dce1-0a3d-4b65-9c78-af3d58b2da7f@group-091950D56227-LeaderElection606] INFO  impl.RoleInfo (RoleInfo.java:shutdownLeaderElection(134)) - 8f18dce1-0a3d-4b65-9c78-af3d58b2da7f: shutdown LeaderElection
2019-10-20 17:41:28,996 [8f18dce1-0a3d-4b65-9c78-af3d58b2da7f@group-091950D56227-LeaderElection606] INFO  impl.RoleInfo (RoleInfo.java:updateAndGet(143)) - 8f18dce1-0a3d-4b65-9c78-af3d58b2da7f: start FollowerState
2019-10-20 17:41:29,028 [Thread-4321] INFO  impl.FollowerState (FollowerState.java:run(108)) - 8f18dce1-0a3d-4b65-9c78-af3d58b2da7f@group-091950D56227-FollowerState: change to CANDIDATE, lastRpcTime:31ms, electionTimeout:31ms
2019-10-20 17:41:29,028 [Thread-4321] INFO  impl.RoleInfo (RoleInfo.java:shutdownFollowerState(121)) - 8f18dce1-0a3d-4b65-9c78-af3d58b2da7f: shutdown FollowerState
2019-10-20 17:41:29,028 [Thread-4321] INFO  impl.RaftServerImpl (RaftServerImpl.java:setRole(184)) - 8f18dce1-0a3d-4b65-9c78-af3d58b2da7f@group-091950D56227: changes role from  FOLLOWER to CANDIDATE at term 718 for changeToCandidate
2019-10-20 17:41:29,028 [Thread-4321] INFO  impl.RoleInfo (RoleInfo.java:updateAndGet(143)) - 8f18dce1-0a3d-4b65-9c78-af3d58b2da7f: start LeaderElection
2019-10-20 17:41:29,054 [8f18dce1-0a3d-4b65-9c78-af3d58b2da7f@group-091950D56227-LeaderElection607] INFO  impl.LeaderElection (LeaderElection.java:askForVotes(178)) - 8f18dce1-0a3d-4b65-9c78-af3d58b2da7f@group-091950D56227-LeaderElection607: begin an election at term 719 for -1: [8a63e1ae-032e-4bed-9f20-125a11f65413:0.0.0.0:38685, 8f18dce1-0a3d-4b65-9c78-af3d58b2da7f:0.0.0.0:42489, 7b1e61a0-7daf-43dd-99d5-9b325c1d31ae:0.0.0.0:38412], old=null
2019-10-20 17:41:29,056 [grpc-default-executor-1] INFO  impl.RaftServerImpl (RaftServerImpl.java:setRole(184)) - 7b1e61a0-7daf-43dd-99d5-9b325c1d31ae@group-091950D56227: changes role from  FOLLOWER to FOLLOWER at term 719 for recognizeCandidate:8f18dce1-0a3d-4b65-9c78-af3d58b2da7f
2019-10-20 17:41:29,056 [grpc-default-executor-1] INFO  impl.RoleInfo (RoleInfo.java:shutdownFollowerState(121)) - 7b1e61a0-7daf-43dd-99d5-9b325c1d31ae: shutdown FollowerState
2019-10-20 17:41:29,056 [grpc-default-executor-3] INFO  impl.RaftServerImpl (RaftServerImpl.java:setRole(184)) - 8a63e1ae-032e-4bed-9f20-125a11f65413@group-091950D56227: changes role from  FOLLOWER to FOLLOWER at term 719 for recognizeCandidate:8f18dce1-0a3d-4b65-9c78-af3d58b2da7f
2019-10-20 17:41:29,056 [grpc-default-executor-3] INFO  impl.RoleInfo (RoleInfo.java:shutdownFollowerState(121)) - 8a63e1ae-032e-4bed-9f20-125a11f65413: shutdown FollowerState
2019-10-20 17:41:29,056 [Thread-4320] INFO  impl.FollowerState (FollowerState.java:run(117)) - 7b1e61a0-7daf-43dd-99d5-9b325c1d31ae@group-091950D56227-FollowerState was interrupted: java.lang.InterruptedException: sleep interrupted
2019-10-20 17:41:29,056 [Thread-4319] INFO  impl.FollowerState (FollowerState.java:run(117)) - 8a63e1ae-032e-4bed-9f20-125a11f65413@group-091950D56227-FollowerState was interrupted: java.lang.InterruptedException: sleep interrupted
2019-10-20 17:41:29,056 [grpc-default-executor-1] INFO  impl.RoleInfo (RoleInfo.java:updateAndGet(143)) - 7b1e61a0-7daf-43dd-99d5-9b325c1d31ae: start FollowerState
2019-10-20 17:41:29,056 [grpc-default-executor-3] INFO  impl.RoleInfo (RoleInfo.java:updateAndGet(143)) - 8a63e1ae-032e-4bed-9f20-125a11f65413: start FollowerState
2019-10-20 17:41:29,081 [8f18dce1-0a3d-4b65-9c78-af3d58b2da7f@group-091950D56227-LeaderElection607] INFO  impl.LeaderElection (LeaderElection.java:logAndReturn(56)) - 8f18dce1-0a3d-4b65-9c78-af3d58b2da7f@group-091950D56227-LeaderElection607: Election REJECTED; received 2 response(s) [8f18dce1-0a3d-4b65-9c78-af3d58b2da7f<-8a63e1ae-032e-4bed-9f20-125a11f65413#0:FAIL-t719, 8f18dce1-0a3d-4b65-9c78-af3d58b2da7f<-7b1e61a0-7daf-43dd-99d5-9b325c1d31ae#0:FAIL-t719] and 0 exception(s); 8f18dce1-0a3d-4b65-9c78-af3d58b2da7f@group-091950D56227:t719, leader=null, voted=8f18dce1-0a3d-4b65-9c78-af3d58b2da7f, raftlog=8f18dce1-0a3d-4b65-9c78-af3d58b2da7f@group-091950D56227-SegmentedRaftLog:OPENED:c-1,f-1,i0, conf=-1: [8a63e1ae-032e-4bed-9f20-125a11f65413:0.0.0.0:38685, 8f18dce1-0a3d-4b65-9c78-af3d58b2da7f:0.0.0.0:42489, 7b1e61a0-7daf-43dd-99d5-9b325c1d31ae:0.0.0.0:38412], old=null
2019-10-20 17:41:29,081 [8f18dce1-0a3d-4b65-9c78-af3d58b2da7f@group-091950D56227-LeaderElection607] INFO  impl.RaftServerImpl (RaftServerImpl.java:setRole(184)) - 8f18dce1-0a3d-4b65-9c78-af3d58b2da7f@group-091950D56227: changes role from CANDIDATE to FOLLOWER at term 719 for DISCOVERED_A_NEW_TERM
2019-10-20 17:41:29,081 [8f18dce1-0a3d-4b65-9c78-af3d58b2da7f@group-091950D56227-LeaderElection607] INFO  impl.RoleInfo (RoleInfo.java:shutdownLeaderElection(134)) - 8f18dce1-0a3d-4b65-9c78-af3d58b2da7f: shutdown LeaderElection
2019-10-20 17:41:29,081 [8f18dce1-0a3d-4b65-9c78-af3d58b2da7f@group-091950D56227-LeaderElection607] INFO  impl.RoleInfo (RoleInfo.java:updateAndGet(143)) - 8f18dce1-0a3d-4b65-9c78-af3d58b2da7f: start FollowerState
2019-10-20 17:41:29,094 [Thread-4327] INFO  impl.FollowerState (FollowerState.java:run(108)) - 8f18dce1-0a3d-4b65-9c78-af3d58b2da7f@group-091950D56227-FollowerState: change to CANDIDATE, lastRpcTime:13ms, electionTimeout:13ms
2019-10-20 17:41:29,095 [Thread-4327] INFO  impl.RoleInfo (RoleInfo.java:shutdownFollowerState(121)) - 8f18dce1-0a3d-4b65-9c78-af3d58b2da7f: shutdown FollowerState
2019-10-20 17:41:29,095 [Thread-4327] INFO  impl.RaftServerImpl (RaftServerImpl.java:setRole(184)) - 8f18dce1-0a3d-4b65-9c78-af3d58b2da7f@group-091950D56227: changes role from  FOLLOWER to CANDIDATE at term 719 for changeToCandidate
2019-10-20 17:41:29,095 [Thread-4327] INFO  impl.RoleInfo (RoleInfo.java:updateAndGet(143)) - 8f18dce1-0a3d-4b65-9c78-af3d58b2da7f: start LeaderElection
2019-10-20 17:41:29,123 [8f18dce1-0a3d-4b65-9c78-af3d58b2da7f@group-091950D56227-LeaderElection608] INFO  impl.LeaderElection (LeaderElection.java:askForVotes(178)) - 8f18dce1-0a3d-4b65-9c78-af3d58b2da7f@group-091950D56227-LeaderElection608: begin an election at term 720 for -1: [8a63e1ae-032e-4bed-9f20-125a11f65413:0.0.0.0:38685, 8f18dce1-0a3d-4b65-9c78-af3d58b2da7f:0.0.0.0:42489, 7b1e61a0-7daf-43dd-99d5-9b325c1d31ae:0.0.0.0:38412], old=null
2019-10-20 17:41:29,124 [grpc-default-executor-1] INFO  impl.RaftServerImpl (RaftServerImpl.java:setRole(184)) - 8a63e1ae-032e-4bed-9f20-125a11f65413@group-091950D56227: changes role from  FOLLOWER to FOLLOWER at term 720 for recognizeCandidate:8f18dce1-0a3d-4b65-9c78-af3d58b2da7f
2019-10-20 17:41:29,124 [grpc-default-executor-3] INFO  impl.RaftServerImpl (RaftServerImpl.java:setRole(184)) - 7b1e61a0-7daf-43dd-99d5-9b325c1d31ae@group-091950D56227: changes role from  FOLLOWER to FOLLOWER at term 720 for recognizeCandidate:8f18dce1-0a3d-4b65-9c78-af3d58b2da7f
2019-10-20 17:41:29,125 [grpc-default-executor-3] INFO  impl.RoleInfo (RoleInfo.java:shutdownFollowerState(121)) - 7b1e61a0-7daf-43dd-99d5-9b325c1d31ae: shutdown FollowerState
2019-10-20 17:41:29,125 [grpc-default-executor-1] INFO  impl.RoleInfo (RoleInfo.java:shutdownFollowerState(121)) - 8a63e1ae-032e-4bed-9f20-125a11f65413: shutdown FollowerState
2019-10-20 17:41:29,125 [Thread-4325] INFO  impl.FollowerState (FollowerState.java:run(117)) - 7b1e61a0-7daf-43dd-99d5-9b325c1d31ae@group-091950D56227-FollowerState was interrupted: java.lang.InterruptedException: sleep interrupted
2019-10-20 17:41:29,125 [grpc-default-executor-3] INFO  impl.RoleInfo (RoleInfo.java:updateAndGet(143)) - 7b1e61a0-7daf-43dd-99d5-9b325c1d31ae: start FollowerState
2019-10-20 17:41:29,125 [Thread-4326] INFO  impl.FollowerState (FollowerState.java:run(117)) - 8a63e1ae-032e-4bed-9f20-125a11f65413@group-091950D56227-FollowerState was interrupted: java.lang.InterruptedException: sleep interrupted
2019-10-20 17:41:29,125 [grpc-default-executor-1] INFO  impl.RoleInfo (RoleInfo.java:updateAndGet(143)) - 8a63e1ae-032e-4bed-9f20-125a11f65413: start FollowerState
2019-10-20 17:41:29,149 [8f18dce1-0a3d-4b65-9c78-af3d58b2da7f@group-091950D56227-LeaderElection608] INFO  impl.LeaderElection (LeaderElection.java:logAndReturn(56)) - 8f18dce1-0a3d-4b65-9c78-af3d58b2da7f@group-091950D56227-LeaderElection608: Election REJECTED; received 2 response(s) [8f18dce1-0a3d-4b65-9c78-af3d58b2da7f<-8a63e1ae-032e-4bed-9f20-125a11f65413#0:FAIL-t720, 8f18dce1-0a3d-4b65-9c78-af3d58b2da7f<-7b1e61a0-7daf-43dd-99d5-9b325c1d31ae#0:FAIL-t720] and 0 exception(s); 8f18dce1-0a3d-4b65-9c78-af3d58b2da7f@group-091950D56227:t720, leader=null, voted=8f18dce1-0a3d-4b65-9c78-af3d58b2da7f, raftlog=8f18dce1-0a3d-4b65-9c78-af3d58b2da7f@group-091950D56227-SegmentedRaftLog:OPENED:c-1,f-1,i0, conf=-1: [8a63e1ae-032e-4bed-9f20-125a11f65413:0.0.0.0:38685, 8f18dce1-0a3d-4b65-9c78-af3d58b2da7f:0.0.0.0:42489, 7b1e61a0-7daf-43dd-99d5-9b325c1d31ae:0.0.0.0:38412], old=null
2019-10-20 17:41:29,149 [8f18dce1-0a3d-4b65-9c78-af3d58b2da7f@group-091950D56227-LeaderElection608] INFO  impl.RaftServerImpl (RaftServerImpl.java:setRole(184)) - 8f18dce1-0a3d-4b65-9c78-af3d58b2da7f@group-091950D56227: changes role from CANDIDATE to FOLLOWER at term 720 for DISCOVERED_A_NEW_TERM
2019-10-20 17:41:29,149 [8f18dce1-0a3d-4b65-9c78-af3d58b2da7f@group-091950D56227-LeaderElection608] INFO  impl.RoleInfo (RoleInfo.java:shutdownLeaderElection(134)) - 8f18dce1-0a3d-4b65-9c78-af3d58b2da7f: shutdown LeaderElection
2019-10-20 17:41:29,150 [8f18dce1-0a3d-4b65-9c78-af3d58b2da7f@group-091950D56227-LeaderElection608] INFO  impl.RoleInfo (RoleInfo.java:updateAndGet(143)) - 8f18dce1-0a3d-4b65-9c78-af3d58b2da7f: start FollowerState
2019-10-20 17:41:29,279 [Thread-4333] INFO  impl.FollowerState (FollowerState.java:run(108)) - 8f18dce1-0a3d-4b65-9c78-af3d58b2da7f@group-091950D56227-FollowerState: change to CANDIDATE, lastRpcTime:129ms, electionTimeout:129ms
2019-10-20 17:41:29,279 [Thread-4333] INFO  impl.RoleInfo (RoleInfo.java:shutdownFollowerState(121)) - 8f18dce1-0a3d-4b65-9c78-af3d58b2da7f: shutdown FollowerState
2019-10-20 17:41:29,279 [Thread-4333] INFO  impl.RaftServerImpl (RaftServerImpl.java:setRole(184)) - 8f18dce1-0a3d-4b65-9c78-af3d58b2da7f@group-091950D56227: changes role from  FOLLOWER to CANDIDATE at term 720 for changeToCandidate
2019-10-20 17:41:29,279 [Thread-4333] INFO  impl.RoleInfo (RoleInfo.java:updateAndGet(143)) - 8f18dce1-0a3d-4b65-9c78-af3d58b2da7f: start LeaderElection
2019-10-20 17:41:29,307 [8f18dce1-0a3d-4b65-9c78-af3d58b2da7f@group-091950D56227-LeaderElection609] INFO  impl.LeaderElection (LeaderElection.java:askForVotes(178)) - 8f18dce1-0a3d-4b65-9c78-af3d58b2da7f@group-091950D56227-LeaderElection609: begin an election at term 721 for -1: [8a63e1ae-032e-4bed-9f20-125a11f65413:0.0.0.0:38685, 8f18dce1-0a3d-4b65-9c78-af3d58b2da7f:0.0.0.0:42489, 7b1e61a0-7daf-43dd-99d5-9b325c1d31ae:0.0.0.0:38412], old=null
2019-10-20 17:41:29,309 [grpc-default-executor-1] INFO  impl.RaftServerImpl (RaftServerImpl.java:setRole(184)) - 8a63e1ae-032e-4bed-9f20-125a11f65413@group-091950D56227: changes role from  FOLLOWER to FOLLOWER at term 721 for recognizeCandidate:8f18dce1-0a3d-4b65-9c78-af3d58b2da7f
2019-10-20 17:41:29,309 [grpc-default-executor-1] INFO  impl.RoleInfo (RoleInfo.java:shutdownFollowerState(121)) - 8a63e1ae-032e-4bed-9f20-125a11f65413: shutdown FollowerState
2019-10-20 17:41:29,309 [grpc-default-executor-3] INFO  impl.RaftServerImpl (RaftServerImpl.java:setRole(184)) - 7b1e61a0-7daf-43dd-99d5-9b325c1d31ae@group-091950D56227: changes role from  FOLLOWER to FOLLOWER at term 721 for recognizeCandidate:8f18dce1-0a3d-4b65-9c78-af3d58b2da7f
2019-10-20 17:41:29,309 [grpc-default-executor-3] INFO  impl.RoleInfo (RoleInfo.java:shutdownFollowerState(121)) - 7b1e61a0-7daf-43dd-99d5-9b325c1d31ae: shutdown FollowerState
2019-10-20 17:41:29,309 [Thread-4332] INFO  impl.FollowerState (FollowerState.java:run(117)) - 8a63e1ae-032e-4bed-9f20-125a11f65413@group-091950D56227-FollowerState was interrupted: java.lang.InterruptedException: sleep interrupted
2019-10-20 17:41:29,309 [grpc-default-executor-1] INFO  impl.RoleInfo (RoleInfo.java:updateAndGet(143)) - 8a63e1ae-032e-4bed-9f20-125a11f65413: start FollowerState
2019-10-20 17:41:29,310 [Thread-4331] INFO  impl.FollowerState (FollowerState.java:run(117)) - 7b1e61a0-7daf-43dd-99d5-9b325c1d31ae@group-091950D56227-FollowerState was interrupted: java.lang.InterruptedException: sleep interrupted
2019-10-20 17:41:29,309 [grpc-default-executor-3] INFO  impl.RoleInfo (RoleInfo.java:updateAndGet(143)) - 7b1e61a0-7daf-43dd-99d5-9b325c1d31ae: start FollowerState
2019-10-20 17:41:29,333 [8f18dce1-0a3d-4b65-9c78-af3d58b2da7f@group-091950D56227-LeaderElection609] INFO  impl.LeaderElection (LeaderElection.java:logAndReturn(56)) - 8f18dce1-0a3d-4b65-9c78-af3d58b2da7f@group-091950D56227-LeaderElection609: Election REJECTED; received 2 response(s) [8f18dce1-0a3d-4b65-9c78-af3d58b2da7f<-8a63e1ae-032e-4bed-9f20-125a11f65413#0:FAIL-t721, 8f18dce1-0a3d-4b65-9c78-af3d58b2da7f<-7b1e61a0-7daf-43dd-99d5-9b325c1d31ae#0:FAIL-t721] and 0 exception(s); 8f18dce1-0a3d-4b65-9c78-af3d58b2da7f@group-091950D56227:t721, leader=null, voted=8f18dce1-0a3d-4b65-9c78-af3d58b2da7f, raftlog=8f18dce1-0a3d-4b65-9c78-af3d58b2da7f@group-091950D56227-SegmentedRaftLog:OPENED:c-1,f-1,i0, conf=-1: [8a63e1ae-032e-4bed-9f20-125a11f65413:0.0.0.0:38685, 8f18dce1-0a3d-4b65-9c78-af3d58b2da7f:0.0.0.0:42489, 7b1e61a0-7daf-43dd-99d5-9b325c1d31ae:0.0.0.0:38412], old=null
2019-10-20 17:41:29,333 [8f18dce1-0a3d-4b65-9c78-af3d58b2da7f@group-091950D56227-LeaderElection609] INFO  impl.RaftServerImpl (RaftServerImpl.java:setRole(184)) - 8f18dce1-0a3d-4b65-9c78-af3d58b2da7f@group-091950D56227: changes role from CANDIDATE to FOLLOWER at term 721 for DISCOVERED_A_NEW_TERM
2019-10-20 17:41:29,334 [8f18dce1-0a3d-4b65-9c78-af3d58b2da7f@group-091950D56227-LeaderElection609] INFO  impl.RoleInfo (RoleInfo.java:shutdownLeaderElection(134)) - 8f18dce1-0a3d-4b65-9c78-af3d58b2da7f: shutdown LeaderElection
2019-10-20 17:41:29,334 [8f18dce1-0a3d-4b65-9c78-af3d58b2da7f@group-091950D56227-LeaderElection609] INFO  impl.RoleInfo (RoleInfo.java:updateAndGet(143)) - 8f18dce1-0a3d-4b65-9c78-af3d58b2da7f: start FollowerState
2019-10-20 17:41:29,516 [Thread-4339] INFO  impl.FollowerState (FollowerState.java:run(108)) - 8f18dce1-0a3d-4b65-9c78-af3d58b2da7f@group-091950D56227-FollowerState: change to CANDIDATE, lastRpcTime:182ms, electionTimeout:182ms
2019-10-20 17:41:29,516 [Thread-4339] INFO  impl.RoleInfo (RoleInfo.java:shutdownFollowerState(121)) - 8f18dce1-0a3d-4b65-9c78-af3d58b2da7f: shutdown FollowerState
2019-10-20 17:41:29,516 [Thread-4339] INFO  impl.RaftServerImpl (RaftServerImpl.java:setRole(184)) - 8f18dce1-0a3d-4b65-9c78-af3d58b2da7f@group-091950D56227: changes role from  FOLLOWER to CANDIDATE at term 721 for changeToCandidate
2019-10-20 17:41:29,517 [Thread-4339] INFO  impl.RoleInfo (RoleInfo.java:updateAndGet(143)) - 8f18dce1-0a3d-4b65-9c78-af3d58b2da7f: start LeaderElection
2019-10-20 17:41:29,542 [8f18dce1-0a3d-4b65-9c78-af3d58b2da7f@group-091950D56227-LeaderElection610] INFO  impl.LeaderElection (LeaderElection.java:askForVotes(178)) - 8f18dce1-0a3d-4b65-9c78-af3d58b2da7f@group-091950D56227-LeaderElection610: begin an election at term 722 for -1: [8a63e1ae-032e-4bed-9f20-125a11f65413:0.0.0.0:38685, 8f18dce1-0a3d-4b65-9c78-af3d58b2da7f:0.0.0.0:42489, 7b1e61a0-7daf-43dd-99d5-9b325c1d31ae:0.0.0.0:38412], old=null
2019-10-20 17:41:29,543 [grpc-default-executor-3] INFO  impl.RaftServerImpl (RaftServerImpl.java:setRole(184)) - 8a63e1ae-032e-4bed-9f20-125a11f65413@group-091950D56227: changes role from  FOLLOWER to FOLLOWER at term 722 for recognizeCandidate:8f18dce1-0a3d-4b65-9c78-af3d58b2da7f
2019-10-20 17:41:29,543 [grpc-default-executor-1] INFO  impl.RaftServerImpl (RaftServerImpl.java:setRole(184)) - 7b1e61a0-7daf-43dd-99d5-9b325c1d31ae@group-091950D56227: changes role from  FOLLOWER to FOLLOWER at term 722 for recognizeCandidate:8f18dce1-0a3d-4b65-9c78-af3d58b2da7f
2019-10-20 17:41:29,544 [grpc-default-executor-1] INFO  impl.RoleInfo (RoleInfo.java:shutdownFollowerState(121)) - 7b1e61a0-7daf-43dd-99d5-9b325c1d31ae: shutdown FollowerState
2019-10-20 17:41:29,543 [grpc-default-executor-3] INFO  impl.RoleInfo (RoleInfo.java:shutdownFollowerState(121)) - 8a63e1ae-032e-4bed-9f20-125a11f65413: shutdown FollowerState
2019-10-20 17:41:29,544 [Thread-4338] INFO  impl.FollowerState (FollowerState.java:run(117)) - 7b1e61a0-7daf-43dd-99d5-9b325c1d31ae@group-091950D56227-FollowerState was interrupted: java.lang.InterruptedException: sleep interrupted
2019-10-20 17:41:29,544 [grpc-default-executor-1] INFO  impl.RoleInfo (RoleInfo.java:updateAndGet(143)) - 7b1e61a0-7daf-43dd-99d5-9b325c1d31ae: start FollowerState
2019-10-20 17:41:29,544 [Thread-4337] INFO  impl.FollowerState (FollowerState.java:run(117)) - 8a63e1ae-032e-4bed-9f20-125a11f65413@group-091950D56227-FollowerState was interrupted: java.lang.InterruptedException: sleep interrupted
2019-10-20 17:41:29,544 [grpc-default-executor-3] INFO  impl.RoleInfo (RoleInfo.java:updateAndGet(143)) - 8a63e1ae-032e-4bed-9f20-125a11f65413: start FollowerState
2019-10-20 17:41:29,568 [8f18dce1-0a3d-4b65-9c78-af3d58b2da7f@group-091950D56227-LeaderElection610] INFO  impl.LeaderElection (LeaderElection.java:logAndReturn(56)) - 8f18dce1-0a3d-4b65-9c78-af3d58b2da7f@group-091950D56227-LeaderElection610: Election REJECTED; received 2 response(s) [8f18dce1-0a3d-4b65-9c78-af3d58b2da7f<-8a63e1ae-032e-4bed-9f20-125a11f65413#0:FAIL-t722, 8f18dce1-0a3d-4b65-9c78-af3d58b2da7f<-7b1e61a0-7daf-43dd-99d5-9b325c1d31ae#0:FAIL-t722] and 0 exception(s); 8f18dce1-0a3d-4b65-9c78-af3d58b2da7f@group-091950D56227:t722, leader=null, voted=8f18dce1-0a3d-4b65-9c78-af3d58b2da7f, raftlog=8f18dce1-0a3d-4b65-9c78-af3d58b2da7f@group-091950D56227-SegmentedRaftLog:OPENED:c-1,f-1,i0, conf=-1: [8a63e1ae-032e-4bed-9f20-125a11f65413:0.0.0.0:38685, 8f18dce1-0a3d-4b65-9c78-af3d58b2da7f:0.0.0.0:42489, 7b1e61a0-7daf-43dd-99d5-9b325c1d31ae:0.0.0.0:38412], old=null
2019-10-20 17:41:29,568 [8f18dce1-0a3d-4b65-9c78-af3d58b2da7f@group-091950D56227-LeaderElection610] INFO  impl.RaftServerImpl (RaftServerImpl.java:setRole(184)) - 8f18dce1-0a3d-4b65-9c78-af3d58b2da7f@group-091950D56227: changes role from CANDIDATE to FOLLOWER at term 722 for DISCOVERED_A_NEW_TERM
2019-10-20 17:41:29,568 [8f18dce1-0a3d-4b65-9c78-af3d58b2da7f@group-091950D56227-LeaderElection610] INFO  impl.RoleInfo (RoleInfo.java:shutdownLeaderElection(134)) - 8f18dce1-0a3d-4b65-9c78-af3d58b2da7f: shutdown LeaderElection
2019-10-20 17:41:29,568 [8f18dce1-0a3d-4b65-9c78-af3d58b2da7f@group-091950D56227-LeaderElection610] INFO  impl.RoleInfo (RoleInfo.java:updateAndGet(143)) - 8f18dce1-0a3d-4b65-9c78-af3d58b2da7f: start FollowerState
2019-10-20 17:41:29,733 [Thread-4345] INFO  impl.FollowerState (FollowerState.java:run(108)) - 8f18dce1-0a3d-4b65-9c78-af3d58b2da7f@group-091950D56227-FollowerState: change to CANDIDATE, lastRpcTime:164ms, electionTimeout:164ms
2019-10-20 17:41:29,733 [Thread-4345] INFO  impl.RoleInfo (RoleInfo.java:shutdownFollowerState(121)) - 8f18dce1-0a3d-4b65-9c78-af3d58b2da7f: shutdown FollowerState
2019-10-20 17:41:29,733 [Thread-4345] INFO  impl.RaftServerImpl (RaftServerImpl.java:setRole(184)) - 8f18dce1-0a3d-4b65-9c78-af3d58b2da7f@group-091950D56227: changes role from  FOLLOWER to CANDIDATE at term 722 for changeToCandidate
2019-10-20 17:41:29,733 [Thread-4345] INFO  impl.RoleInfo (RoleInfo.java:updateAndGet(143)) - 8f18dce1-0a3d-4b65-9c78-af3d58b2da7f: start LeaderElection
2019-10-20 17:41:29,759 [8f18dce1-0a3d-4b65-9c78-af3d58b2da7f@group-091950D56227-LeaderElection611] INFO  impl.LeaderElection (LeaderElection.java:askForVotes(178)) - 8f18dce1-0a3d-4b65-9c78-af3d58b2da7f@group-091950D56227-LeaderElection611: begin an election at term 723 for -1: [8a63e1ae-032e-4bed-9f20-125a11f65413:0.0.0.0:38685, 8f18dce1-0a3d-4b65-9c78-af3d58b2da7f:0.0.0.0:42489, 7b1e61a0-7daf-43dd-99d5-9b325c1d31ae:0.0.0.0:38412], old=null
2019-10-20 17:41:29,760 [grpc-default-executor-1] INFO  impl.RaftServerImpl (RaftServerImpl.java:setRole(184)) - 8a63e1ae-032e-4bed-9f20-125a11f65413@group-091950D56227: changes role from  FOLLOWER to FOLLOWER at term 723 for recognizeCandidate:8f18dce1-0a3d-4b65-9c78-af3d58b2da7f
2019-10-20 17:41:29,761 [grpc-default-executor-1] INFO  impl.RoleInfo (RoleInfo.java:shutdownFollowerState(121)) - 8a63e1ae-032e-4bed-9f20-125a11f65413: shutdown FollowerState
2019-10-20 17:41:29,761 [grpc-default-executor-3] INFO  impl.RaftServerImpl (RaftServerImpl.java:setRole(184)) - 7b1e61a0-7daf-43dd-99d5-9b325c1d31ae@group-091950D56227: changes role from  FOLLOWER to FOLLOWER at term 723 for recognizeCandidate:8f18dce1-0a3d-4b65-9c78-af3d58b2da7f
2019-10-20 17:41:29,761 [grpc-default-executor-3] INFO  impl.RoleInfo (RoleInfo.java:shutdownFollowerState(121)) - 7b1e61a0-7daf-43dd-99d5-9b325c1d31ae: shutdown FollowerState
2019-10-20 17:41:29,761 [Thread-4344] INFO  impl.FollowerState (FollowerState.java:run(117)) - 8a63e1ae-032e-4bed-9f20-125a11f65413@group-091950D56227-FollowerState was interrupted: java.lang.InterruptedException: sleep interrupted
2019-10-20 17:41:29,761 [Thread-4343] INFO  impl.FollowerState (FollowerState.java:run(117)) - 7b1e61a0-7daf-43dd-99d5-9b325c1d31ae@group-091950D56227-FollowerState was interrupted: java.lang.InterruptedException: sleep interrupted
2019-10-20 17:41:29,761 [grpc-default-executor-1] INFO  impl.RoleInfo (RoleInfo.java:updateAndGet(143)) - 8a63e1ae-032e-4bed-9f20-125a11f65413: start FollowerState
2019-10-20 17:41:29,761 [grpc-default-executor-3] INFO  impl.RoleInfo (RoleInfo.java:updateAndGet(143)) - 7b1e61a0-7daf-43dd-99d5-9b325c1d31ae: start FollowerState
2019-10-20 17:41:29,785 [8f18dce1-0a3d-4b65-9c78-af3d58b2da7f@group-091950D56227-LeaderElection611] INFO  impl.LeaderElection (LeaderElection.java:logAndReturn(56)) - 8f18dce1-0a3d-4b65-9c78-af3d58b2da7f@group-091950D56227-LeaderElection611: Election REJECTED; received 2 response(s) [8f18dce1-0a3d-4b65-9c78-af3d58b2da7f<-8a63e1ae-032e-4bed-9f20-125a11f65413#0:FAIL-t723, 8f18dce1-0a3d-4b65-9c78-af3d58b2da7f<-7b1e61a0-7daf-43dd-99d5-9b325c1d31ae#0:FAIL-t723] and 0 exception(s); 8f18dce1-0a3d-4b65-9c78-af3d58b2da7f@group-091950D56227:t723, leader=null, voted=8f18dce1-0a3d-4b65-9c78-af3d58b2da7f, raftlog=8f18dce1-0a3d-4b65-9c78-af3d58b2da7f@group-091950D56227-SegmentedRaftLog:OPENED:c-1,f-1,i0, conf=-1: [8a63e1ae-032e-4bed-9f20-125a11f65413:0.0.0.0:38685, 8f18dce1-0a3d-4b65-9c78-af3d58b2da7f:0.0.0.0:42489, 7b1e61a0-7daf-43dd-99d5-9b325c1d31ae:0.0.0.0:38412], old=null
2019-10-20 17:41:29,785 [8f18dce1-0a3d-4b65-9c78-af3d58b2da7f@group-091950D56227-LeaderElection611] INFO  impl.RaftServerImpl (RaftServerImpl.java:setRole(184)) - 8f18dce1-0a3d-4b65-9c78-af3d58b2da7f@group-091950D56227: changes role from CANDIDATE to FOLLOWER at term 723 for DISCOVERED_A_NEW_TERM
2019-10-20 17:41:29,785 [8f18dce1-0a3d-4b65-9c78-af3d58b2da7f@group-091950D56227-LeaderElection611] INFO  impl.RoleInfo (RoleInfo.java:shutdownLeaderElection(134)) - 8f18dce1-0a3d-4b65-9c78-af3d58b2da7f: shutdown LeaderElection
2019-10-20 17:41:29,786 [8f18dce1-0a3d-4b65-9c78-af3d58b2da7f@group-091950D56227-LeaderElection611] INFO  impl.RoleInfo (RoleInfo.java:updateAndGet(143)) - 8f18dce1-0a3d-4b65-9c78-af3d58b2da7f: start FollowerState
2019-10-20 17:41:29,922 [Thread-4353] INFO  impl.FollowerState (FollowerState.java:run(108)) - 8f18dce1-0a3d-4b65-9c78-af3d58b2da7f@group-091950D56227-FollowerState: change to CANDIDATE, lastRpcTime:136ms, electionTimeout:136ms
2019-10-20 17:41:29,922 [Thread-4353] INFO  impl.RoleInfo (RoleInfo.java:shutdownFollowerState(121)) - 8f18dce1-0a3d-4b65-9c78-af3d58b2da7f: shutdown FollowerState
2019-10-20 17:41:29,922 [Thread-4353] INFO  impl.RaftServerImpl (RaftServerImpl.java:setRole(184)) - 8f18dce1-0a3d-4b65-9c78-af3d58b2da7f@group-091950D56227: changes role from  FOLLOWER to CANDIDATE at term 723 for changeToCandidate
2019-10-20 17:41:29,922 [Thread-4353] INFO  impl.RoleInfo (RoleInfo.java:updateAndGet(143)) - 8f18dce1-0a3d-4b65-9c78-af3d58b2da7f: start LeaderElection
2019-10-20 17:41:29,952 [8f18dce1-0a3d-4b65-9c78-af3d58b2da7f@group-091950D56227-LeaderElection612] INFO  impl.LeaderElection (LeaderElection.java:askForVotes(178)) - 8f18dce1-0a3d-4b65-9c78-af3d58b2da7f@group-091950D56227-LeaderElection612: begin an election at term 724 for -1: [8a63e1ae-032e-4bed-9f20-125a11f65413:0.0.0.0:38685, 8f18dce1-0a3d-4b65-9c78-af3d58b2da7f:0.0.0.0:42489, 7b1e61a0-7daf-43dd-99d5-9b325c1d31ae:0.0.0.0:38412], old=null
2019-10-20 17:41:29,954 [grpc-default-executor-3] INFO  impl.RaftServerImpl (RaftServerImpl.java:setRole(184)) - 8a63e1ae-032e-4bed-9f20-125a11f65413@group-091950D56227: changes role from  FOLLOWER to FOLLOWER at term 724 for recognizeCandidate:8f18dce1-0a3d-4b65-9c78-af3d58b2da7f
2019-10-20 17:41:29,954 [grpc-default-executor-3] INFO  impl.RoleInfo (RoleInfo.java:shutdownFollowerState(121)) - 8a63e1ae-032e-4bed-9f20-125a11f65413: shutdown FollowerState
2019-10-20 17:41:29,954 [grpc-default-executor-1] INFO  impl.RaftServerImpl (RaftServerImpl.java:setRole(184)) - 7b1e61a0-7daf-43dd-99d5-9b325c1d31ae@group-091950D56227: changes role from  FOLLOWER to FOLLOWER at term 724 for recognizeCandidate:8f18dce1-0a3d-4b65-9c78-af3d58b2da7f
2019-10-20 17:41:29,954 [grpc-default-executor-1] INFO  impl.RoleInfo (RoleInfo.java:shutdownFollowerState(121)) - 7b1e61a0-7daf-43dd-99d5-9b325c1d31ae: shutdown FollowerState
2019-10-20 17:41:29,954 [Thread-4351] INFO  impl.FollowerState (FollowerState.java:run(117)) - 8a63e1ae-032e-4bed-9f20-125a11f65413@group-091950D56227-FollowerState was interrupted: java.lang.InterruptedException: sleep interrupted
2019-10-20 17:41:29,954 [grpc-default-executor-3] INFO  impl.RoleInfo (RoleInfo.java:updateAndGet(143)) - 8a63e1ae-032e-4bed-9f20-125a11f65413: start FollowerState
2019-10-20 17:41:29,954 [Thread-4352] INFO  impl.FollowerState (FollowerState.java:run(117)) - 7b1e61a0-7daf-43dd-99d5-9b325c1d31ae@group-091950D56227-FollowerState was interrupted: java.lang.InterruptedException: sleep interrupted
2019-10-20 17:41:29,954 [grpc-default-executor-1] INFO  impl.RoleInfo (RoleInfo.java:updateAndGet(143)) - 7b1e61a0-7daf-43dd-99d5-9b325c1d31ae: start FollowerState
2019-10-20 17:41:29,978 [8f18dce1-0a3d-4b65-9c78-af3d58b2da7f@group-091950D56227-LeaderElection612] INFO  impl.LeaderElection (LeaderElection.java:logAndReturn(56)) - 8f18dce1-0a3d-4b65-9c78-af3d58b2da7f@group-091950D56227-LeaderElection612: Election REJECTED; received 2 response(s) [8f18dce1-0a3d-4b65-9c78-af3d58b2da7f<-8a63e1ae-032e-4bed-9f20-125a11f65413#0:FAIL-t724, 8f18dce1-0a3d-4b65-9c78-af3d58b2da7f<-7b1e61a0-7daf-43dd-99d5-9b325c1d31ae#0:FAIL-t724] and 0 exception(s); 8f18dce1-0a3d-4b65-9c78-af3d58b2da7f@group-091950D56227:t724, leader=null, voted=8f18dce1-0a3d-4b65-9c78-af3d58b2da7f, raftlog=8f18dce1-0a3d-4b65-9c78-af3d58b2da7f@group-091950D56227-SegmentedRaftLog:OPENED:c-1,f-1,i0, conf=-1: [8a63e1ae-032e-4bed-9f20-125a11f65413:0.0.0.0:38685, 8f18dce1-0a3d-4b65-9c78-af3d58b2da7f:0.0.0.0:42489, 7b1e61a0-7daf-43dd-99d5-9b325c1d31ae:0.0.0.0:38412], old=null
2019-10-20 17:41:29,978 [8f18dce1-0a3d-4b65-9c78-af3d58b2da7f@group-091950D56227-LeaderElection612] INFO  impl.RaftServerImpl (RaftServerImpl.java:setRole(184)) - 8f18dce1-0a3d-4b65-9c78-af3d58b2da7f@group-091950D56227: changes role from CANDIDATE to FOLLOWER at term 724 for DISCOVERED_A_NEW_TERM
2019-10-20 17:41:29,978 [8f18dce1-0a3d-4b65-9c78-af3d58b2da7f@group-091950D56227-LeaderElection612] INFO  impl.RoleInfo (RoleInfo.java:shutdownLeaderElection(134)) - 8f18dce1-0a3d-4b65-9c78-af3d58b2da7f: shutdown LeaderElection
2019-10-20 17:41:29,979 [8f18dce1-0a3d-4b65-9c78-af3d58b2da7f@group-091950D56227-LeaderElection612] INFO  impl.RoleInfo (RoleInfo.java:updateAndGet(143)) - 8f18dce1-0a3d-4b65-9c78-af3d58b2da7f: start FollowerState
2019-10-20 17:41:30,086 [Thread-4359] INFO  impl.FollowerState (FollowerState.java:run(108)) - 8f18dce1-0a3d-4b65-9c78-af3d58b2da7f@group-091950D56227-FollowerState: change to CANDIDATE, lastRpcTime:107ms, electionTimeout:107ms
2019-10-20 17:41:30,086 [Thread-4359] INFO  impl.RoleInfo (RoleInfo.java:shutdownFollowerState(121)) - 8f18dce1-0a3d-4b65-9c78-af3d58b2da7f: shutdown FollowerState
2019-10-20 17:41:30,086 [Thread-4359] INFO  impl.RaftServerImpl (RaftServerImpl.java:setRole(184)) - 8f18dce1-0a3d-4b65-9c78-af3d58b2da7f@group-091950D56227: changes role from  FOLLOWER to CANDIDATE at term 724 for changeToCandidate
2019-10-20 17:41:30,086 [Thread-4359] INFO  impl.RoleInfo (RoleInfo.java:updateAndGet(143)) - 8f18dce1-0a3d-4b65-9c78-af3d58b2da7f: start LeaderElection
2019-10-20 17:41:30,111 [8f18dce1-0a3d-4b65-9c78-af3d58b2da7f@group-091950D56227-LeaderElection613] INFO  impl.LeaderElection (LeaderElection.java:askForVotes(178)) - 8f18dce1-0a3d-4b65-9c78-af3d58b2da7f@group-091950D56227-LeaderElection613: begin an election at term 725 for -1: [8a63e1ae-032e-4bed-9f20-125a11f65413:0.0.0.0:38685, 8f18dce1-0a3d-4b65-9c78-af3d58b2da7f:0.0.0.0:42489, 7b1e61a0-7daf-43dd-99d5-9b325c1d31ae:0.0.0.0:38412], old=null
2019-10-20 17:41:30,113 [grpc-default-executor-3] INFO  impl.RaftServerImpl (RaftServerImpl.java:setRole(184)) - 8a63e1ae-032e-4bed-9f20-125a11f65413@group-091950D56227: changes role from  FOLLOWER to FOLLOWER at term 725 for recognizeCandidate:8f18dce1-0a3d-4b65-9c78-af3d58b2da7f
2019-10-20 17:41:30,113 [grpc-default-executor-3] INFO  impl.RoleInfo (RoleInfo.java:shutdownFollowerState(121)) - 8a63e1ae-032e-4bed-9f20-125a11f65413: shutdown FollowerState
2019-10-20 17:41:30,113 [grpc-default-executor-0] INFO  impl.RaftServerImpl (RaftServerImpl.java:setRole(184)) - 7b1e61a0-7daf-43dd-99d5-9b325c1d31ae@group-091950D56227: changes role from  FOLLOWER to FOLLOWER at term 725 for recognizeCandidate:8f18dce1-0a3d-4b65-9c78-af3d58b2da7f
2019-10-20 17:41:30,113 [grpc-default-executor-0] INFO  impl.RoleInfo (RoleInfo.java:shutdownFollowerState(121)) - 7b1e61a0-7daf-43dd-99d5-9b325c1d31ae: shutdown FollowerState
2019-10-20 17:41:30,113 [Thread-4357] INFO  impl.FollowerState (FollowerState.java:run(117)) - 8a63e1ae-032e-4bed-9f20-125a11f65413@group-091950D56227-FollowerState was interrupted: java.lang.InterruptedException: sleep interrupted
2019-10-20 17:41:30,113 [Thread-4358] INFO  impl.FollowerState (FollowerState.java:run(117)) - 7b1e61a0-7daf-43dd-99d5-9b325c1d31ae@group-091950D56227-FollowerState was interrupted: java.lang.InterruptedException: sleep interrupted
2019-10-20 17:41:30,113 [grpc-default-executor-3] INFO  impl.RoleInfo (RoleInfo.java:updateAndGet(143)) - 8a63e1ae-032e-4bed-9f20-125a11f65413: start FollowerState
2019-10-20 17:41:30,113 [grpc-default-executor-0] INFO  impl.RoleInfo (RoleInfo.java:updateAndGet(143)) - 7b1e61a0-7daf-43dd-99d5-9b325c1d31ae: start FollowerState
2019-10-20 17:41:30,137 [8f18dce1-0a3d-4b65-9c78-af3d58b2da7f@group-091950D56227-LeaderElection613] INFO  impl.LeaderElection (LeaderElection.java:logAndReturn(56)) - 8f18dce1-0a3d-4b65-9c78-af3d58b2da7f@group-091950D56227-LeaderElection613: Election REJECTED; received 2 response(s) [8f18dce1-0a3d-4b65-9c78-af3d58b2da7f<-8a63e1ae-032e-4bed-9f20-125a11f65413#0:FAIL-t725, 8f18dce1-0a3d-4b65-9c78-af3d58b2da7f<-7b1e61a0-7daf-43dd-99d5-9b325c1d31ae#0:FAIL-t725] and 0 exception(s); 8f18dce1-0a3d-4b65-9c78-af3d58b2da7f@group-091950D56227:t725, leader=null, voted=8f18dce1-0a3d-4b65-9c78-af3d58b2da7f, raftlog=8f18dce1-0a3d-4b65-9c78-af3d58b2da7f@group-091950D56227-SegmentedRaftLog:OPENED:c-1,f-1,i0, conf=-1: [8a63e1ae-032e-4bed-9f20-125a11f65413:0.0.0.0:38685, 8f18dce1-0a3d-4b65-9c78-af3d58b2da7f:0.0.0.0:42489, 7b1e61a0-7daf-43dd-99d5-9b325c1d31ae:0.0.0.0:38412], old=null
2019-10-20 17:41:30,137 [8f18dce1-0a3d-4b65-9c78-af3d58b2da7f@group-091950D56227-LeaderElection613] INFO  impl.RaftServerImpl (RaftServerImpl.java:setRole(184)) - 8f18dce1-0a3d-4b65-9c78-af3d58b2da7f@group-091950D56227: changes role from CANDIDATE to FOLLOWER at term 725 for DISCOVERED_A_NEW_TERM
2019-10-20 17:41:30,137 [8f18dce1-0a3d-4b65-9c78-af3d58b2da7f@group-091950D56227-LeaderElection613] INFO  impl.RoleInfo (RoleInfo.java:shutdownLeaderElection(134)) - 8f18dce1-0a3d-4b65-9c78-af3d58b2da7f: shutdown LeaderElection
2019-10-20 17:41:30,138 [8f18dce1-0a3d-4b65-9c78-af3d58b2da7f@group-091950D56227-LeaderElection613] INFO  impl.RoleInfo (RoleInfo.java:updateAndGet(143)) - 8f18dce1-0a3d-4b65-9c78-af3d58b2da7f: start FollowerState
2019-10-20 17:41:30,144 [Thread-4365] INFO  impl.FollowerState (FollowerState.java:run(108)) - 8f18dce1-0a3d-4b65-9c78-af3d58b2da7f@group-091950D56227-FollowerState: change to CANDIDATE, lastRpcTime:6ms, electionTimeout:6ms
2019-10-20 17:41:30,144 [Thread-4365] INFO  impl.RoleInfo (RoleInfo.java:shutdownFollowerState(121)) - 8f18dce1-0a3d-4b65-9c78-af3d58b2da7f: shutdown FollowerState
2019-10-20 17:41:30,144 [Thread-4365] INFO  impl.RaftServerImpl (RaftServerImpl.java:setRole(184)) - 8f18dce1-0a3d-4b65-9c78-af3d58b2da7f@group-091950D56227: changes role from  FOLLOWER to CANDIDATE at term 725 for changeToCandidate
2019-10-20 17:41:30,144 [Thread-4365] INFO  impl.RoleInfo (RoleInfo.java:updateAndGet(143)) - 8f18dce1-0a3d-4b65-9c78-af3d58b2da7f: start LeaderElection
2019-10-20 17:41:30,170 [8f18dce1-0a3d-4b65-9c78-af3d58b2da7f@group-091950D56227-LeaderElection614] INFO  impl.LeaderElection (LeaderElection.java:askForVotes(178)) - 8f18dce1-0a3d-4b65-9c78-af3d58b2da7f@group-091950D56227-LeaderElection614: begin an election at term 726 for -1: [8a63e1ae-032e-4bed-9f20-125a11f65413:0.0.0.0:38685, 8f18dce1-0a3d-4b65-9c78-af3d58b2da7f:0.0.0.0:42489, 7b1e61a0-7daf-43dd-99d5-9b325c1d31ae:0.0.0.0:38412], old=null
2019-10-20 17:41:30,171 [grpc-default-executor-0] INFO  impl.RaftServerImpl (RaftServerImpl.java:setRole(184)) - 8a63e1ae-032e-4bed-9f20-125a11f65413@group-091950D56227: changes role from  FOLLOWER to FOLLOWER at term 726 for recognizeCandidate:8f18dce1-0a3d-4b65-9c78-af3d58b2da7f
2019-10-20 17:41:30,172 [grpc-default-executor-0] INFO  impl.RoleInfo (RoleInfo.java:shutdownFollowerState(121)) - 8a63e1ae-032e-4bed-9f20-125a11f65413: shutdown FollowerState
2019-10-20 17:41:30,172 [grpc-default-executor-3] INFO  impl.RaftServerImpl (RaftServerImpl.java:setRole(184)) - 7b1e61a0-7daf-43dd-99d5-9b325c1d31ae@group-091950D56227: changes role from  FOLLOWER to FOLLOWER at term 726 for recognizeCandidate:8f18dce1-0a3d-4b65-9c78-af3d58b2da7f
2019-10-20 17:41:30,172 [grpc-default-executor-3] INFO  impl.RoleInfo (RoleInfo.java:shutdownFollowerState(121)) - 7b1e61a0-7daf-43dd-99d5-9b325c1d31ae: shutdown FollowerState
2019-10-20 17:41:30,172 [Thread-4363] INFO  impl.FollowerState (FollowerState.java:run(117)) - 8a63e1ae-032e-4bed-9f20-125a11f65413@group-091950D56227-FollowerState was interrupted: java.lang.InterruptedException: sleep interrupted
2019-10-20 17:41:30,172 [grpc-default-executor-0] INFO  impl.RoleInfo (RoleInfo.java:updateAndGet(143)) - 8a63e1ae-032e-4bed-9f20-125a11f65413: start FollowerState
2019-10-20 17:41:30,172 [Thread-4364] INFO  impl.FollowerState (FollowerState.java:run(117)) - 7b1e61a0-7daf-43dd-99d5-9b325c1d31ae@group-091950D56227-FollowerState was interrupted: java.lang.InterruptedException: sleep interrupted
2019-10-20 17:41:30,172 [grpc-default-executor-3] INFO  impl.RoleInfo (RoleInfo.java:updateAndGet(143)) - 7b1e61a0-7daf-43dd-99d5-9b325c1d31ae: start FollowerState
2019-10-20 17:41:30,197 [8f18dce1-0a3d-4b65-9c78-af3d58b2da7f@group-091950D56227-LeaderElection614] INFO  impl.LeaderElection (LeaderElection.java:logAndReturn(56)) - 8f18dce1-0a3d-4b65-9c78-af3d58b2da7f@group-091950D56227-LeaderElection614: Election REJECTED; received 2 response(s) [8f18dce1-0a3d-4b65-9c78-af3d58b2da7f<-8a63e1ae-032e-4bed-9f20-125a11f65413#0:FAIL-t726, 8f18dce1-0a3d-4b65-9c78-af3d58b2da7f<-7b1e61a0-7daf-43dd-99d5-9b325c1d31ae#0:FAIL-t726] and 0 exception(s); 8f18dce1-0a3d-4b65-9c78-af3d58b2da7f@group-091950D56227:t726, leader=null, voted=8f18dce1-0a3d-4b65-9c78-af3d58b2da7f, raftlog=8f18dce1-0a3d-4b65-9c78-af3d58b2da7f@group-091950D56227-SegmentedRaftLog:OPENED:c-1,f-1,i0, conf=-1: [8a63e1ae-032e-4bed-9f20-125a11f65413:0.0.0.0:38685, 8f18dce1-0a3d-4b65-9c78-af3d58b2da7f:0.0.0.0:42489, 7b1e61a0-7daf-43dd-99d5-9b325c1d31ae:0.0.0.0:38412], old=null
2019-10-20 17:41:30,197 [8f18dce1-0a3d-4b65-9c78-af3d58b2da7f@group-091950D56227-LeaderElection614] INFO  impl.RaftServerImpl (RaftServerImpl.java:setRole(184)) - 8f18dce1-0a3d-4b65-9c78-af3d58b2da7f@group-091950D56227: changes role from CANDIDATE to FOLLOWER at term 726 for DISCOVERED_A_NEW_TERM
2019-10-20 17:41:30,197 [8f18dce1-0a3d-4b65-9c78-af3d58b2da7f@group-091950D56227-LeaderElection614] INFO  impl.RoleInfo (RoleInfo.java:shutdownLeaderElection(134)) - 8f18dce1-0a3d-4b65-9c78-af3d58b2da7f: shutdown LeaderElection
2019-10-20 17:41:30,197 [8f18dce1-0a3d-4b65-9c78-af3d58b2da7f@group-091950D56227-LeaderElection614] INFO  impl.RoleInfo (RoleInfo.java:updateAndGet(143)) - 8f18dce1-0a3d-4b65-9c78-af3d58b2da7f: start FollowerState
2019-10-20 17:41:30,239 [Thread-4371] INFO  impl.FollowerState (FollowerState.java:run(108)) - 8f18dce1-0a3d-4b65-9c78-af3d58b2da7f@group-091950D56227-FollowerState: change to CANDIDATE, lastRpcTime:41ms, electionTimeout:41ms
2019-10-20 17:41:30,239 [Thread-4371] INFO  impl.RoleInfo (RoleInfo.java:shutdownFollowerState(121)) - 8f18dce1-0a3d-4b65-9c78-af3d58b2da7f: shutdown FollowerState
2019-10-20 17:41:30,239 [Thread-4371] INFO  impl.RaftServerImpl (RaftServerImpl.java:setRole(184)) - 8f18dce1-0a3d-4b65-9c78-af3d58b2da7f@group-091950D56227: changes role from  FOLLOWER to CANDIDATE at term 726 for changeToCandidate
2019-10-20 17:41:30,239 [Thread-4371] INFO  impl.RoleInfo (RoleInfo.java:updateAndGet(143)) - 8f18dce1-0a3d-4b65-9c78-af3d58b2da7f: start LeaderElection
2019-10-20 17:41:30,271 [8f18dce1-0a3d-4b65-9c78-af3d58b2da7f@group-091950D56227-LeaderElection615] INFO  impl.LeaderElection (LeaderElection.java:askForVotes(178)) - 8f18dce1-0a3d-4b65-9c78-af3d58b2da7f@group-091950D56227-LeaderElection615: begin an election at term 727 for -1: [8a63e1ae-032e-4bed-9f20-125a11f65413:0.0.0.0:38685, 8f18dce1-0a3d-4b65-9c78-af3d58b2da7f:0.0.0.0:42489, 7b1e61a0-7daf-43dd-99d5-9b325c1d31ae:0.0.0.0:38412], old=null
2019-10-20 17:41:30,273 [grpc-default-executor-0] INFO  impl.RaftServerImpl (RaftServerImpl.java:setRole(184)) - 8a63e1ae-032e-4bed-9f20-125a11f65413@group-091950D56227: changes role from  FOLLOWER to FOLLOWER at term 727 for recognizeCandidate:8f18dce1-0a3d-4b65-9c78-af3d58b2da7f
2019-10-20 17:41:30,273 [grpc-default-executor-0] INFO  impl.RoleInfo (RoleInfo.java:shutdownFollowerState(121)) - 8a63e1ae-032e-4bed-9f20-125a11f65413: shutdown FollowerState
2019-10-20 17:41:30,273 [grpc-default-executor-3] INFO  impl.RaftServerImpl (RaftServerImpl.java:setRole(184)) - 7b1e61a0-7daf-43dd-99d5-9b325c1d31ae@group-091950D56227: changes role from  FOLLOWER to FOLLOWER at term 727 for recognizeCandidate:8f18dce1-0a3d-4b65-9c78-af3d58b2da7f
2019-10-20 17:41:30,273 [grpc-default-executor-0] INFO  impl.RoleInfo (RoleInfo.java:updateAndGet(143)) - 8a63e1ae-032e-4bed-9f20-125a11f65413: start FollowerState
2019-10-20 17:41:30,273 [Thread-4369] INFO  impl.FollowerState (FollowerState.java:run(117)) - 8a63e1ae-032e-4bed-9f20-125a11f65413@group-091950D56227-FollowerState was interrupted: java.lang.InterruptedException: sleep interrupted
2019-10-20 17:41:30,273 [grpc-default-executor-3] INFO  impl.RoleInfo (RoleInfo.java:shutdownFollowerState(121)) - 7b1e61a0-7daf-43dd-99d5-9b325c1d31ae: shutdown FollowerState
2019-10-20 17:41:30,273 [grpc-default-executor-3] INFO  impl.RoleInfo (RoleInfo.java:updateAndGet(143)) - 7b1e61a0-7daf-43dd-99d5-9b325c1d31ae: start FollowerState
2019-10-20 17:41:30,273 [Thread-4370] INFO  impl.FollowerState (FollowerState.java:run(117)) - 7b1e61a0-7daf-43dd-99d5-9b325c1d31ae@group-091950D56227-FollowerState was interrupted: java.lang.InterruptedException: sleep interrupted
2019-10-20 17:41:30,280 [8f18dce1-0a3d-4b65-9c78-af3d58b2da7f@group-091950D56227-LeaderElection615] INFO  impl.LeaderElection (LeaderElection.java:logAndReturn(56)) - 8f18dce1-0a3d-4b65-9c78-af3d58b2da7f@group-091950D56227-LeaderElection615: Election TIMEOUT; received 0 response(s) [] and 0 exception(s); 8f18dce1-0a3d-4b65-9c78-af3d58b2da7f@group-091950D56227:t727, leader=null, voted=8f18dce1-0a3d-4b65-9c78-af3d58b2da7f, raftlog=8f18dce1-0a3d-4b65-9c78-af3d58b2da7f@group-091950D56227-SegmentedRaftLog:OPENED:c-1,f-1,i0, conf=-1: [8a63e1ae-032e-4bed-9f20-125a11f65413:0.0.0.0:38685, 8f18dce1-0a3d-4b65-9c78-af3d58b2da7f:0.0.0.0:42489, 7b1e61a0-7daf-43dd-99d5-9b325c1d31ae:0.0.0.0:38412], old=null
2019-10-20 17:41:30,297 [8f18dce1-0a3d-4b65-9c78-af3d58b2da7f@group-091950D56227-LeaderElection615] INFO  impl.LeaderElection (LeaderElection.java:askForVotes(178)) - 8f18dce1-0a3d-4b65-9c78-af3d58b2da7f@group-091950D56227-LeaderElection615: begin an election at term 728 for -1: [8a63e1ae-032e-4bed-9f20-125a11f65413:0.0.0.0:38685, 8f18dce1-0a3d-4b65-9c78-af3d58b2da7f:0.0.0.0:42489, 7b1e61a0-7daf-43dd-99d5-9b325c1d31ae:0.0.0.0:38412], old=null
2019-10-20 17:41:30,298 [grpc-default-executor-3] INFO  impl.RaftServerImpl (RaftServerImpl.java:setRole(184)) - 8a63e1ae-032e-4bed-9f20-125a11f65413@group-091950D56227: changes role from  FOLLOWER to FOLLOWER at term 728 for recognizeCandidate:8f18dce1-0a3d-4b65-9c78-af3d58b2da7f
2019-10-20 17:41:30,298 [grpc-default-executor-0] INFO  impl.RaftServerImpl (RaftServerImpl.java:setRole(184)) - 7b1e61a0-7daf-43dd-99d5-9b325c1d31ae@group-091950D56227: changes role from  FOLLOWER to FOLLOWER at term 728 for recognizeCandidate:8f18dce1-0a3d-4b65-9c78-af3d58b2da7f
2019-10-20 17:41:30,298 [grpc-default-executor-0] INFO  impl.RoleInfo (RoleInfo.java:shutdownFollowerState(121)) - 7b1e61a0-7daf-43dd-99d5-9b325c1d31ae: shutdown FollowerState
2019-10-20 17:41:30,298 [grpc-default-executor-3] INFO  impl.RoleInfo (RoleInfo.java:shutdownFollowerState(121)) - 8a63e1ae-032e-4bed-9f20-125a11f65413: shutdown FollowerState
2019-10-20 17:41:30,298 [Thread-4376] INFO  impl.FollowerState (FollowerState.java:run(117)) - 7b1e61a0-7daf-43dd-99d5-9b325c1d31ae@group-091950D56227-FollowerState was interrupted: java.lang.InterruptedException: sleep interrupted
2019-10-20 17:41:30,298 [grpc-default-executor-0] INFO  impl.RoleInfo (RoleInfo.java:updateAndGet(143)) - 7b1e61a0-7daf-43dd-99d5-9b325c1d31ae: start FollowerState
2019-10-20 17:41:30,299 [Thread-4375] INFO  impl.FollowerState (FollowerState.java:run(117)) - 8a63e1ae-032e-4bed-9f20-125a11f65413@group-091950D56227-FollowerState was interrupted: java.lang.InterruptedException: sleep interrupted
2019-10-20 17:41:30,298 [grpc-default-executor-3] INFO  impl.RoleInfo (RoleInfo.java:updateAndGet(143)) - 8a63e1ae-032e-4bed-9f20-125a11f65413: start FollowerState
2019-10-20 17:41:30,323 [8f18dce1-0a3d-4b65-9c78-af3d58b2da7f@group-091950D56227-LeaderElection615] INFO  impl.LeaderElection (LeaderElection.java:logAndReturn(56)) - 8f18dce1-0a3d-4b65-9c78-af3d58b2da7f@group-091950D56227-LeaderElection615: Election REJECTED; received 2 response(s) [8f18dce1-0a3d-4b65-9c78-af3d58b2da7f<-8a63e1ae-032e-4bed-9f20-125a11f65413#0:FAIL-t728, 8f18dce1-0a3d-4b65-9c78-af3d58b2da7f<-7b1e61a0-7daf-43dd-99d5-9b325c1d31ae#0:FAIL-t728] and 0 exception(s); 8f18dce1-0a3d-4b65-9c78-af3d58b2da7f@group-091950D56227:t728, leader=null, voted=8f18dce1-0a3d-4b65-9c78-af3d58b2da7f, raftlog=8f18dce1-0a3d-4b65-9c78-af3d58b2da7f@group-091950D56227-SegmentedRaftLog:OPENED:c-1,f-1,i0, conf=-1: [8a63e1ae-032e-4bed-9f20-125a11f65413:0.0.0.0:38685, 8f18dce1-0a3d-4b65-9c78-af3d58b2da7f:0.0.0.0:42489, 7b1e61a0-7daf-43dd-99d5-9b325c1d31ae:0.0.0.0:38412], old=null
2019-10-20 17:41:30,323 [8f18dce1-0a3d-4b65-9c78-af3d58b2da7f@group-091950D56227-LeaderElection615] INFO  impl.RaftServerImpl (RaftServerImpl.java:setRole(184)) - 8f18dce1-0a3d-4b65-9c78-af3d58b2da7f@group-091950D56227: changes role from CANDIDATE to FOLLOWER at term 728 for DISCOVERED_A_NEW_TERM
2019-10-20 17:41:30,323 [8f18dce1-0a3d-4b65-9c78-af3d58b2da7f@group-091950D56227-LeaderElection615] INFO  impl.RoleInfo (RoleInfo.java:shutdownLeaderElection(134)) - 8f18dce1-0a3d-4b65-9c78-af3d58b2da7f: shutdown LeaderElection
2019-10-20 17:41:30,323 [8f18dce1-0a3d-4b65-9c78-af3d58b2da7f@group-091950D56227-LeaderElection615] INFO  impl.RoleInfo (RoleInfo.java:updateAndGet(143)) - 8f18dce1-0a3d-4b65-9c78-af3d58b2da7f: start FollowerState
2019-10-20 17:41:30,508 [Thread-4381] INFO  impl.FollowerState (FollowerState.java:run(108)) - 8f18dce1-0a3d-4b65-9c78-af3d58b2da7f@group-091950D56227-FollowerState: change to CANDIDATE, lastRpcTime:184ms, electionTimeout:184ms
2019-10-20 17:41:30,508 [Thread-4381] INFO  impl.RoleInfo (RoleInfo.java:shutdownFollowerState(121)) - 8f18dce1-0a3d-4b65-9c78-af3d58b2da7f: shutdown FollowerState
2019-10-20 17:41:30,508 [Thread-4381] INFO  impl.RaftServerImpl (RaftServerImpl.java:setRole(184)) - 8f18dce1-0a3d-4b65-9c78-af3d58b2da7f@group-091950D56227: changes role from  FOLLOWER to CANDIDATE at term 728 for changeToCandidate
2019-10-20 17:41:30,508 [Thread-4381] INFO  impl.RoleInfo (RoleInfo.java:updateAndGet(143)) - 8f18dce1-0a3d-4b65-9c78-af3d58b2da7f: start LeaderElection
2019-10-20 17:41:30,533 [8f18dce1-0a3d-4b65-9c78-af3d58b2da7f@group-091950D56227-LeaderElection616] INFO  impl.LeaderElection (LeaderElection.java:askForVotes(178)) - 8f18dce1-0a3d-4b65-9c78-af3d58b2da7f@group-091950D56227-LeaderElection616: begin an election at term 729 for -1: [8a63e1ae-032e-4bed-9f20-125a11f65413:0.0.0.0:38685, 8f18dce1-0a3d-4b65-9c78-af3d58b2da7f:0.0.0.0:42489, 7b1e61a0-7daf-43dd-99d5-9b325c1d31ae:0.0.0.0:38412], old=null
2019-10-20 17:41:30,535 [grpc-default-executor-0] INFO  impl.RaftServerImpl (RaftServerImpl.java:setRole(184)) - 8a63e1ae-032e-4bed-9f20-125a11f65413@group-091950D56227: changes role from  FOLLOWER to FOLLOWER at term 729 for recognizeCandidate:8f18dce1-0a3d-4b65-9c78-af3d58b2da7f
2019-10-20 17:41:30,535 [grpc-default-executor-3] INFO  impl.RaftServerImpl (RaftServerImpl.java:setRole(184)) - 7b1e61a0-7daf-43dd-99d5-9b325c1d31ae@group-091950D56227: changes role from  FOLLOWER to FOLLOWER at term 729 for recognizeCandidate:8f18dce1-0a3d-4b65-9c78-af3d58b2da7f
2019-10-20 17:41:30,536 [grpc-default-executor-0] INFO  impl.RoleInfo (RoleInfo.java:shutdownFollowerState(121)) - 8a63e1ae-032e-4bed-9f20-125a11f65413: shutdown FollowerState
2019-10-20 17:41:30,536 [grpc-default-executor-3] INFO  impl.RoleInfo (RoleInfo.java:shutdownFollowerState(121)) - 7b1e61a0-7daf-43dd-99d5-9b325c1d31ae: shutdown FollowerState
2019-10-20 17:41:30,536 [Thread-4380] INFO  impl.FollowerState (FollowerState.java:run(117)) - 8a63e1ae-032e-4bed-9f20-125a11f65413@group-091950D56227-FollowerState was interrupted: java.lang.InterruptedException: sleep interrupted
2019-10-20 17:41:30,536 [grpc-default-executor-0] INFO  impl.RoleInfo (RoleInfo.java:updateAndGet(143)) - 8a63e1ae-032e-4bed-9f20-125a11f65413: start FollowerState
2019-10-20 17:41:30,536 [Thread-4379] INFO  impl.FollowerState (FollowerState.java:run(117)) - 7b1e61a0-7daf-43dd-99d5-9b325c1d31ae@group-091950D56227-FollowerState was interrupted: java.lang.InterruptedException: sleep interrupted
2019-10-20 17:41:30,536 [grpc-default-executor-3] INFO  impl.RoleInfo (RoleInfo.java:updateAndGet(143)) - 7b1e61a0-7daf-43dd-99d5-9b325c1d31ae: start FollowerState
2019-10-20 17:41:30,561 [8f18dce1-0a3d-4b65-9c78-af3d58b2da7f@group-091950D56227-LeaderElection616] INFO  impl.LeaderElection (LeaderElection.java:logAndReturn(56)) - 8f18dce1-0a3d-4b65-9c78-af3d58b2da7f@group-091950D56227-LeaderElection616: Election REJECTED; received 2 response(s) [8f18dce1-0a3d-4b65-9c78-af3d58b2da7f<-8a63e1ae-032e-4bed-9f20-125a11f65413#0:FAIL-t729, 8f18dce1-0a3d-4b65-9c78-af3d58b2da7f<-7b1e61a0-7daf-43dd-99d5-9b325c1d31ae#0:FAIL-t729] and 0 exception(s); 8f18dce1-0a3d-4b65-9c78-af3d58b2da7f@group-091950D56227:t729, leader=null, voted=8f18dce1-0a3d-4b65-9c78-af3d58b2da7f, raftlog=8f18dce1-0a3d-4b65-9c78-af3d58b2da7f@group-091950D56227-SegmentedRaftLog:OPENED:c-1,f-1,i0, conf=-1: [8a63e1ae-032e-4bed-9f20-125a11f65413:0.0.0.0:38685, 8f18dce1-0a3d-4b65-9c78-af3d58b2da7f:0.0.0.0:42489, 7b1e61a0-7daf-43dd-99d5-9b325c1d31ae:0.0.0.0:38412], old=null
2019-10-20 17:41:30,561 [8f18dce1-0a3d-4b65-9c78-af3d58b2da7f@group-091950D56227-LeaderElection616] INFO  impl.RaftServerImpl (RaftServerImpl.java:setRole(184)) - 8f18dce1-0a3d-4b65-9c78-af3d58b2da7f@group-091950D56227: changes role from CANDIDATE to FOLLOWER at term 729 for DISCOVERED_A_NEW_TERM
2019-10-20 17:41:30,561 [8f18dce1-0a3d-4b65-9c78-af3d58b2da7f@group-091950D56227-LeaderElection616] INFO  impl.RoleInfo (RoleInfo.java:shutdownLeaderElection(134)) - 8f18dce1-0a3d-4b65-9c78-af3d58b2da7f: shutdown LeaderElection
2019-10-20 17:41:30,561 [8f18dce1-0a3d-4b65-9c78-af3d58b2da7f@group-091950D56227-LeaderElection616] INFO  impl.RoleInfo (RoleInfo.java:updateAndGet(143)) - 8f18dce1-0a3d-4b65-9c78-af3d58b2da7f: start FollowerState
2019-10-20 17:41:30,562 [Thread-4387] INFO  impl.FollowerState (FollowerState.java:run(108)) - 8f18dce1-0a3d-4b65-9c78-af3d58b2da7f@group-091950D56227-FollowerState: change to CANDIDATE, lastRpcTime:0ms, electionTimeout:0ms
2019-10-20 17:41:30,562 [Thread-4387] INFO  impl.RoleInfo (RoleInfo.java:shutdownFollowerState(121)) - 8f18dce1-0a3d-4b65-9c78-af3d58b2da7f: shutdown FollowerState
2019-10-20 17:41:30,562 [Thread-4387] INFO  impl.RaftServerImpl (RaftServerImpl.java:setRole(184)) - 8f18dce1-0a3d-4b65-9c78-af3d58b2da7f@group-091950D56227: changes role from  FOLLOWER to CANDIDATE at term 729 for changeToCandidate
2019-10-20 17:41:30,562 [Thread-4387] INFO  impl.RoleInfo (RoleInfo.java:updateAndGet(143)) - 8f18dce1-0a3d-4b65-9c78-af3d58b2da7f: start LeaderElection
2019-10-20 17:41:30,586 [8f18dce1-0a3d-4b65-9c78-af3d58b2da7f@group-091950D56227-LeaderElection617] INFO  impl.LeaderElection (LeaderElection.java:askForVotes(178)) - 8f18dce1-0a3d-4b65-9c78-af3d58b2da7f@group-091950D56227-LeaderElection617: begin an election at term 730 for -1: [8a63e1ae-032e-4bed-9f20-125a11f65413:0.0.0.0:38685, 8f18dce1-0a3d-4b65-9c78-af3d58b2da7f:0.0.0.0:42489, 7b1e61a0-7daf-43dd-99d5-9b325c1d31ae:0.0.0.0:38412], old=null
2019-10-20 17:41:30,588 [grpc-default-executor-0] INFO  impl.RaftServerImpl (RaftServerImpl.java:setRole(184)) - 8a63e1ae-032e-4bed-9f20-125a11f65413@group-091950D56227: changes role from  FOLLOWER to FOLLOWER at term 730 for recognizeCandidate:8f18dce1-0a3d-4b65-9c78-af3d58b2da7f
2019-10-20 17:41:30,588 [grpc-default-executor-0] INFO  impl.RoleInfo (RoleInfo.java:shutdownFollowerState(121)) - 8a63e1ae-032e-4bed-9f20-125a11f65413: shutdown FollowerState
2019-10-20 17:41:30,588 [grpc-default-executor-3] INFO  impl.RaftServerImpl (RaftServerImpl.java:setRole(184)) - 7b1e61a0-7daf-43dd-99d5-9b325c1d31ae@group-091950D56227: changes role from  FOLLOWER to FOLLOWER at term 730 for recognizeCandidate:8f18dce1-0a3d-4b65-9c78-af3d58b2da7f
2019-10-20 17:41:30,588 [grpc-default-executor-3] INFO  impl.RoleInfo (RoleInfo.java:shutdownFollowerState(121)) - 7b1e61a0-7daf-43dd-99d5-9b325c1d31ae: shutdown FollowerState
2019-10-20 17:41:30,588 [Thread-4385] INFO  impl.FollowerState (FollowerState.java:run(117)) - 8a63e1ae-032e-4bed-9f20-125a11f65413@group-091950D56227-FollowerState was interrupted: java.lang.InterruptedException: sleep interrupted
2019-10-20 17:41:30,588 [grpc-default-executor-0] INFO  impl.RoleInfo (RoleInfo.java:updateAndGet(143)) - 8a63e1ae-032e-4bed-9f20-125a11f65413: start FollowerState
2019-10-20 17:41:30,588 [Thread-4386] INFO  impl.FollowerState (FollowerState.java:run(117)) - 7b1e61a0-7daf-43dd-99d5-9b325c1d31ae@group-091950D56227-FollowerState was interrupted: java.lang.InterruptedException: sleep interrupted
2019-10-20 17:41:30,588 [grpc-default-executor-3] INFO  impl.RoleInfo (RoleInfo.java:updateAndGet(143)) - 7b1e61a0-7daf-43dd-99d5-9b325c1d31ae: start FollowerState
2019-10-20 17:41:30,625 [8f18dce1-0a3d-4b65-9c78-af3d58b2da7f@group-091950D56227-LeaderElection617] INFO  impl.LeaderElection (LeaderElection.java:logAndReturn(56)) - 8f18dce1-0a3d-4b65-9c78-af3d58b2da7f@group-091950D56227-LeaderElection617: Election REJECTED; received 2 response(s) [8f18dce1-0a3d-4b65-9c78-af3d58b2da7f<-8a63e1ae-032e-4bed-9f20-125a11f65413#0:FAIL-t730, 8f18dce1-0a3d-4b65-9c78-af3d58b2da7f<-7b1e61a0-7daf-43dd-99d5-9b325c1d31ae#0:FAIL-t730] and 0 exception(s); 8f18dce1-0a3d-4b65-9c78-af3d58b2da7f@group-091950D56227:t730, leader=null, voted=8f18dce1-0a3d-4b65-9c78-af3d58b2da7f, raftlog=8f18dce1-0a3d-4b65-9c78-af3d58b2da7f@group-091950D56227-SegmentedRaftLog:OPENED:c-1,f-1,i0, conf=-1: [8a63e1ae-032e-4bed-9f20-125a11f65413:0.0.0.0:38685, 8f18dce1-0a3d-4b65-9c78-af3d58b2da7f:0.0.0.0:42489, 7b1e61a0-7daf-43dd-99d5-9b325c1d31ae:0.0.0.0:38412], old=null
2019-10-20 17:41:30,625 [8f18dce1-0a3d-4b65-9c78-af3d58b2da7f@group-091950D56227-LeaderElection617] INFO  impl.RaftServerImpl (RaftServerImpl.java:setRole(184)) - 8f18dce1-0a3d-4b65-9c78-af3d58b2da7f@group-091950D56227: changes role from CANDIDATE to FOLLOWER at term 730 for DISCOVERED_A_NEW_TERM
2019-10-20 17:41:30,626 [8f18dce1-0a3d-4b65-9c78-af3d58b2da7f@group-091950D56227-LeaderElection617] INFO  impl.RoleInfo (RoleInfo.java:shutdownLeaderElection(134)) - 8f18dce1-0a3d-4b65-9c78-af3d58b2da7f: shutdown LeaderElection
2019-10-20 17:41:30,626 [8f18dce1-0a3d-4b65-9c78-af3d58b2da7f@group-091950D56227-LeaderElection617] INFO  impl.RoleInfo (RoleInfo.java:updateAndGet(143)) - 8f18dce1-0a3d-4b65-9c78-af3d58b2da7f: start FollowerState
2019-10-20 17:41:30,656 [Thread-4393] INFO  impl.FollowerState (FollowerState.java:run(108)) - 8f18dce1-0a3d-4b65-9c78-af3d58b2da7f@group-091950D56227-FollowerState: change to CANDIDATE, lastRpcTime:30ms, electionTimeout:30ms
2019-10-20 17:41:30,656 [Thread-4393] INFO  impl.RoleInfo (RoleInfo.java:shutdownFollowerState(121)) - 8f18dce1-0a3d-4b65-9c78-af3d58b2da7f: shutdown FollowerState
2019-10-20 17:41:30,656 [Thread-4393] INFO  impl.RaftServerImpl (RaftServerImpl.java:setRole(184)) - 8f18dce1-0a3d-4b65-9c78-af3d58b2da7f@group-091950D56227: changes role from  FOLLOWER to CANDIDATE at term 730 for changeToCandidate
2019-10-20 17:41:30,657 [Thread-4393] INFO  impl.RoleInfo (RoleInfo.java:updateAndGet(143)) - 8f18dce1-0a3d-4b65-9c78-af3d58b2da7f: start LeaderElection
2019-10-20 17:41:30,681 [8f18dce1-0a3d-4b65-9c78-af3d58b2da7f@group-091950D56227-LeaderElection618] INFO  impl.LeaderElection (LeaderElection.java:askForVotes(178)) - 8f18dce1-0a3d-4b65-9c78-af3d58b2da7f@group-091950D56227-LeaderElection618: begin an election at term 731 for -1: [8a63e1ae-032e-4bed-9f20-125a11f65413:0.0.0.0:38685, 8f18dce1-0a3d-4b65-9c78-af3d58b2da7f:0.0.0.0:42489, 7b1e61a0-7daf-43dd-99d5-9b325c1d31ae:0.0.0.0:38412], old=null
2019-10-20 17:41:30,682 [grpc-default-executor-3] INFO  impl.RaftServerImpl (RaftServerImpl.java:setRole(184)) - 8a63e1ae-032e-4bed-9f20-125a11f65413@group-091950D56227: changes role from  FOLLOWER to FOLLOWER at term 731 for recognizeCandidate:8f18dce1-0a3d-4b65-9c78-af3d58b2da7f
2019-10-20 17:41:30,682 [grpc-default-executor-3] INFO  impl.RoleInfo (RoleInfo.java:shutdownFollowerState(121)) - 8a63e1ae-032e-4bed-9f20-125a11f65413: shutdown FollowerState
2019-10-20 17:41:30,682 [grpc-default-executor-0] INFO  impl.RaftServerImpl (RaftServerImpl.java:setRole(184)) - 7b1e61a0-7daf-43dd-99d5-9b325c1d31ae@group-091950D56227: changes role from  FOLLOWER to FOLLOWER at term 731 for recognizeCandidate:8f18dce1-0a3d-4b65-9c78-af3d58b2da7f
2019-10-20 17:41:30,683 [Thread-4391] INFO  impl.FollowerState (FollowerState.java:run(117)) - 8a63e1ae-032e-4bed-9f20-125a11f65413@group-091950D56227-FollowerState was interrupted: java.lang.InterruptedException: sleep interrupted
2019-10-20 17:41:30,683 [grpc-default-executor-3] INFO  impl.RoleInfo (RoleInfo.java:updateAndGet(143)) - 8a63e1ae-032e-4bed-9f20-125a11f65413: start FollowerState
2019-10-20 17:41:30,683 [grpc-default-executor-0] INFO  impl.RoleInfo (RoleInfo.java:shutdownFollowerState(121)) - 7b1e61a0-7daf-43dd-99d5-9b325c1d31ae: shutdown FollowerState
2019-10-20 17:41:30,683 [grpc-default-executor-0] INFO  impl.RoleInfo (RoleInfo.java:updateAndGet(143)) - 7b1e61a0-7daf-43dd-99d5-9b325c1d31ae: start FollowerState
2019-10-20 17:41:30,683 [Thread-4392] INFO  impl.FollowerState (FollowerState.java:run(117)) - 7b1e61a0-7daf-43dd-99d5-9b325c1d31ae@group-091950D56227-FollowerState was interrupted: java.lang.InterruptedException: sleep interrupted
2019-10-20 17:41:30,707 [8f18dce1-0a3d-4b65-9c78-af3d58b2da7f@group-091950D56227-LeaderElection618] INFO  impl.LeaderElection (LeaderElection.java:logAndReturn(56)) - 8f18dce1-0a3d-4b65-9c78-af3d58b2da7f@group-091950D56227-LeaderElection618: Election REJECTED; received 2 response(s) [8f18dce1-0a3d-4b65-9c78-af3d58b2da7f<-8a63e1ae-032e-4bed-9f20-125a11f65413#0:FAIL-t731, 8f18dce1-0a3d-4b65-9c78-af3d58b2da7f<-7b1e61a0-7daf-43dd-99d5-9b325c1d31ae#0:FAIL-t731] and 0 exception(s); 8f18dce1-0a3d-4b65-9c78-af3d58b2da7f@group-091950D56227:t731, leader=null, voted=8f18dce1-0a3d-4b65-9c78-af3d58b2da7f, raftlog=8f18dce1-0a3d-4b65-9c78-af3d58b2da7f@group-091950D56227-SegmentedRaftLog:OPENED:c-1,f-1,i0, conf=-1: [8a63e1ae-032e-4bed-9f20-125a11f65413:0.0.0.0:38685, 8f18dce1-0a3d-4b65-9c78-af3d58b2da7f:0.0.0.0:42489, 7b1e61a0-7daf-43dd-99d5-9b325c1d31ae:0.0.0.0:38412], old=null
2019-10-20 17:41:30,707 [8f18dce1-0a3d-4b65-9c78-af3d58b2da7f@group-091950D56227-LeaderElection618] INFO  impl.RaftServerImpl (RaftServerImpl.java:setRole(184)) - 8f18dce1-0a3d-4b65-9c78-af3d58b2da7f@group-091950D56227: changes role from CANDIDATE to FOLLOWER at term 731 for DISCOVERED_A_NEW_TERM
2019-10-20 17:41:30,707 [8f18dce1-0a3d-4b65-9c78-af3d58b2da7f@group-091950D56227-LeaderElection618] INFO  impl.RoleInfo (RoleInfo.java:shutdownLeaderElection(134)) - 8f18dce1-0a3d-4b65-9c78-af3d58b2da7f: shutdown LeaderElection
2019-10-20 17:41:30,707 [8f18dce1-0a3d-4b65-9c78-af3d58b2da7f@group-091950D56227-LeaderElection618] INFO  impl.RoleInfo (RoleInfo.java:updateAndGet(143)) - 8f18dce1-0a3d-4b65-9c78-af3d58b2da7f: start FollowerState
2019-10-20 17:41:30,740 [Thread-4401] INFO  impl.FollowerState (FollowerState.java:run(108)) - 8f18dce1-0a3d-4b65-9c78-af3d58b2da7f@group-091950D56227-FollowerState: change to CANDIDATE, lastRpcTime:33ms, electionTimeout:33ms
2019-10-20 17:41:30,740 [Thread-4401] INFO  impl.RoleInfo (RoleInfo.java:shutdownFollowerState(121)) - 8f18dce1-0a3d-4b65-9c78-af3d58b2da7f: shutdown FollowerState
2019-10-20 17:41:30,740 [Thread-4401] INFO  impl.RaftServerImpl (RaftServerImpl.java:setRole(184)) - 8f18dce1-0a3d-4b65-9c78-af3d58b2da7f@group-091950D56227: changes role from  FOLLOWER to CANDIDATE at term 731 for changeToCandidate
2019-10-20 17:41:30,741 [Thread-4401] INFO  impl.RoleInfo (RoleInfo.java:updateAndGet(143)) - 8f18dce1-0a3d-4b65-9c78-af3d58b2da7f: start LeaderElection
2019-10-20 17:41:30,764 [8f18dce1-0a3d-4b65-9c78-af3d58b2da7f@group-091950D56227-LeaderElection619] INFO  impl.LeaderElection (LeaderElection.java:askForVotes(178)) - 8f18dce1-0a3d-4b65-9c78-af3d58b2da7f@group-091950D56227-LeaderElection619: begin an election at term 732 for -1: [8a63e1ae-032e-4bed-9f20-125a11f65413:0.0.0.0:38685, 8f18dce1-0a3d-4b65-9c78-af3d58b2da7f:0.0.0.0:42489, 7b1e61a0-7daf-43dd-99d5-9b325c1d31ae:0.0.0.0:38412], old=null
2019-10-20 17:41:30,766 [grpc-default-executor-0] INFO  impl.RaftServerImpl (RaftServerImpl.java:setRole(184)) - 7b1e61a0-7daf-43dd-99d5-9b325c1d31ae@group-091950D56227: changes role from  FOLLOWER to FOLLOWER at term 732 for recognizeCandidate:8f18dce1-0a3d-4b65-9c78-af3d58b2da7f
2019-10-20 17:41:30,766 [grpc-default-executor-0] INFO  impl.RoleInfo (RoleInfo.java:shutdownFollowerState(121)) - 7b1e61a0-7daf-43dd-99d5-9b325c1d31ae: shutdown FollowerState
2019-10-20 17:41:30,766 [grpc-default-executor-3] INFO  impl.RaftServerImpl (RaftServerImpl.java:setRole(184)) - 8a63e1ae-032e-4bed-9f20-125a11f65413@group-091950D56227: changes role from  FOLLOWER to FOLLOWER at term 732 for recognizeCandidate:8f18dce1-0a3d-4b65-9c78-af3d58b2da7f
2019-10-20 17:41:30,767 [grpc-default-executor-3] INFO  impl.RoleInfo (RoleInfo.java:shutdownFollowerState(121)) - 8a63e1ae-032e-4bed-9f20-125a11f65413: shutdown FollowerState
2019-10-20 17:41:30,767 [grpc-default-executor-3] INFO  impl.RoleInfo (RoleInfo.java:updateAndGet(143)) - 8a63e1ae-032e-4bed-9f20-125a11f65413: start FollowerState
2019-10-20 17:41:30,767 [Thread-4400] INFO  impl.FollowerState (FollowerState.java:run(117)) - 7b1e61a0-7daf-43dd-99d5-9b325c1d31ae@group-091950D56227-FollowerState was interrupted: java.lang.InterruptedException: sleep interrupted
2019-10-20 17:41:30,767 [grpc-default-executor-0] INFO  impl.RoleInfo (RoleInfo.java:updateAndGet(143)) - 7b1e61a0-7daf-43dd-99d5-9b325c1d31ae: start FollowerState
2019-10-20 17:41:30,767 [Thread-4399] INFO  impl.FollowerState (FollowerState.java:run(117)) - 8a63e1ae-032e-4bed-9f20-125a11f65413@group-091950D56227-FollowerState was interrupted: java.lang.InterruptedException: sleep interrupted
2019-10-20 17:41:30,803 [8f18dce1-0a3d-4b65-9c78-af3d58b2da7f@group-091950D56227-LeaderElection619] INFO  impl.LeaderElection (LeaderElection.java:logAndReturn(56)) - 8f18dce1-0a3d-4b65-9c78-af3d58b2da7f@group-091950D56227-LeaderElection619: Election REJECTED; received 2 response(s) [8f18dce1-0a3d-4b65-9c78-af3d58b2da7f<-8a63e1ae-032e-4bed-9f20-125a11f65413#0:FAIL-t732, 8f18dce1-0a3d-4b65-9c78-af3d58b2da7f<-7b1e61a0-7daf-43dd-99d5-9b325c1d31ae#0:FAIL-t732] and 0 exception(s); 8f18dce1-0a3d-4b65-9c78-af3d58b2da7f@group-091950D56227:t732, leader=null, voted=8f18dce1-0a3d-4b65-9c78-af3d58b2da7f, raftlog=8f18dce1-0a3d-4b65-9c78-af3d58b2da7f@group-091950D56227-SegmentedRaftLog:OPENED:c-1,f-1,i0, conf=-1: [8a63e1ae-032e-4bed-9f20-125a11f65413:0.0.0.0:38685, 8f18dce1-0a3d-4b65-9c78-af3d58b2da7f:0.0.0.0:42489, 7b1e61a0-7daf-43dd-99d5-9b325c1d31ae:0.0.0.0:38412], old=null
2019-10-20 17:41:30,804 [8f18dce1-0a3d-4b65-9c78-af3d58b2da7f@group-091950D56227-LeaderElection619] INFO  impl.RaftServerImpl (RaftServerImpl.java:setRole(184)) - 8f18dce1-0a3d-4b65-9c78-af3d58b2da7f@group-091950D56227: changes role from CANDIDATE to FOLLOWER at term 732 for DISCOVERED_A_NEW_TERM
2019-10-20 17:41:30,804 [8f18dce1-0a3d-4b65-9c78-af3d58b2da7f@group-091950D56227-LeaderElection619] INFO  impl.RoleInfo (RoleInfo.java:shutdownLeaderElection(134)) - 8f18dce1-0a3d-4b65-9c78-af3d58b2da7f: shutdown LeaderElection
2019-10-20 17:41:30,804 [8f18dce1-0a3d-4b65-9c78-af3d58b2da7f@group-091950D56227-LeaderElection619] INFO  impl.RoleInfo (RoleInfo.java:updateAndGet(143)) - 8f18dce1-0a3d-4b65-9c78-af3d58b2da7f: start FollowerState
2019-10-20 17:41:30,939 [Thread-4407] INFO  impl.FollowerState (FollowerState.java:run(108)) - 8f18dce1-0a3d-4b65-9c78-af3d58b2da7f@group-091950D56227-FollowerState: change to CANDIDATE, lastRpcTime:135ms, electionTimeout:135ms
2019-10-20 17:41:30,939 [Thread-4407] INFO  impl.RoleInfo (RoleInfo.java:shutdownFollowerState(121)) - 8f18dce1-0a3d-4b65-9c78-af3d58b2da7f: shutdown FollowerState
2019-10-20 17:41:30,940 [Thread-4407] INFO  impl.RaftServerImpl (RaftServerImpl.java:setRole(184)) - 8f18dce1-0a3d-4b65-9c78-af3d58b2da7f@group-091950D56227: changes role from  FOLLOWER to CANDIDATE at term 732 for changeToCandidate
2019-10-20 17:41:30,940 [Thread-4407] INFO  impl.RoleInfo (RoleInfo.java:updateAndGet(143)) - 8f18dce1-0a3d-4b65-9c78-af3d58b2da7f: start LeaderElection
2019-10-20 17:41:30,970 [8f18dce1-0a3d-4b65-9c78-af3d58b2da7f@group-091950D56227-LeaderElection620] INFO  impl.LeaderElection (LeaderElection.java:askForVotes(178)) - 8f18dce1-0a3d-4b65-9c78-af3d58b2da7f@group-091950D56227-LeaderElection620: begin an election at term 733 for -1: [8a63e1ae-032e-4bed-9f20-125a11f65413:0.0.0.0:38685, 8f18dce1-0a3d-4b65-9c78-af3d58b2da7f:0.0.0.0:42489, 7b1e61a0-7daf-43dd-99d5-9b325c1d31ae:0.0.0.0:38412], old=null
2019-10-20 17:41:30,971 [grpc-default-executor-3] INFO  impl.RaftServerImpl (RaftServerImpl.java:setRole(184)) - 8a63e1ae-032e-4bed-9f20-125a11f65413@group-091950D56227: changes role from  FOLLOWER to FOLLOWER at term 733 for recognizeCandidate:8f18dce1-0a3d-4b65-9c78-af3d58b2da7f
2019-10-20 17:41:30,971 [grpc-default-executor-0] INFO  impl.RaftServerImpl (RaftServerImpl.java:setRole(184)) - 7b1e61a0-7daf-43dd-99d5-9b325c1d31ae@group-091950D56227: changes role from  FOLLOWER to FOLLOWER at term 733 for recognizeCandidate:8f18dce1-0a3d-4b65-9c78-af3d58b2da7f
2019-10-20 17:41:30,972 [grpc-default-executor-0] INFO  impl.RoleInfo (RoleInfo.java:shutdownFollowerState(121)) - 7b1e61a0-7daf-43dd-99d5-9b325c1d31ae: shutdown FollowerState
2019-10-20 17:41:30,971 [grpc-default-executor-3] INFO  impl.RoleInfo (RoleInfo.java:shutdownFollowerState(121)) - 8a63e1ae-032e-4bed-9f20-125a11f65413: shutdown FollowerState
2019-10-20 17:41:30,972 [Thread-4405] INFO  impl.FollowerState (FollowerState.java:run(117)) - 7b1e61a0-7daf-43dd-99d5-9b325c1d31ae@group-091950D56227-FollowerState was interrupted: java.lang.InterruptedException: sleep interrupted
2019-10-20 17:41:30,972 [grpc-default-executor-0] INFO  impl.RoleInfo (RoleInfo.java:updateAndGet(143)) - 7b1e61a0-7daf-43dd-99d5-9b325c1d31ae: start FollowerState
2019-10-20 17:41:30,972 [grpc-default-executor-3] INFO  impl.RoleInfo (RoleInfo.java:updateAndGet(143)) - 8a63e1ae-032e-4bed-9f20-125a11f65413: start FollowerState
2019-10-20 17:41:30,972 [Thread-4406] INFO  impl.FollowerState (FollowerState.java:run(117)) - 8a63e1ae-032e-4bed-9f20-125a11f65413@group-091950D56227-FollowerState was interrupted: java.lang.InterruptedException: sleep interrupted
2019-10-20 17:41:30,996 [8f18dce1-0a3d-4b65-9c78-af3d58b2da7f@group-091950D56227-LeaderElection620] INFO  impl.LeaderElection (LeaderElection.java:logAndReturn(56)) - 8f18dce1-0a3d-4b65-9c78-af3d58b2da7f@group-091950D56227-LeaderElection620: Election REJECTED; received 2 response(s) [8f18dce1-0a3d-4b65-9c78-af3d58b2da7f<-8a63e1ae-032e-4bed-9f20-125a11f65413#0:FAIL-t733, 8f18dce1-0a3d-4b65-9c78-af3d58b2da7f<-7b1e61a0-7daf-43dd-99d5-9b325c1d31ae#0:FAIL-t733] and 0 exception(s); 8f18dce1-0a3d-4b65-9c78-af3d58b2da7f@group-091950D56227:t733, leader=null, voted=8f18dce1-0a3d-4b65-9c78-af3d58b2da7f, raftlog=8f18dce1-0a3d-4b65-9c78-af3d58b2da7f@group-091950D56227-SegmentedRaftLog:OPENED:c-1,f-1,i0, conf=-1: [8a63e1ae-032e-4bed-9f20-125a11f65413:0.0.0.0:38685, 8f18dce1-0a3d-4b65-9c78-af3d58b2da7f:0.0.0.0:42489, 7b1e61a0-7daf-43dd-99d5-9b325c1d31ae:0.0.0.0:38412], old=null
2019-10-20 17:41:30,996 [8f18dce1-0a3d-4b65-9c78-af3d58b2da7f@group-091950D56227-LeaderElection620] INFO  impl.RaftServerImpl (RaftServerImpl.java:setRole(184)) - 8f18dce1-0a3d-4b65-9c78-af3d58b2da7f@group-091950D56227: changes role from CANDIDATE to FOLLOWER at term 733 for DISCOVERED_A_NEW_TERM
2019-10-20 17:41:30,996 [8f18dce1-0a3d-4b65-9c78-af3d58b2da7f@group-091950D56227-LeaderElection620] INFO  impl.RoleInfo (RoleInfo.java:shutdownLeaderElection(134)) - 8f18dce1-0a3d-4b65-9c78-af3d58b2da7f: shutdown LeaderElection
2019-10-20 17:41:30,996 [8f18dce1-0a3d-4b65-9c78-af3d58b2da7f@group-091950D56227-LeaderElection620] INFO  impl.RoleInfo (RoleInfo.java:updateAndGet(143)) - 8f18dce1-0a3d-4b65-9c78-af3d58b2da7f: start FollowerState
2019-10-20 17:41:31,145 [Thread-4413] INFO  impl.FollowerState (FollowerState.java:run(108)) - 8f18dce1-0a3d-4b65-9c78-af3d58b2da7f@group-091950D56227-FollowerState: change to CANDIDATE, lastRpcTime:149ms, electionTimeout:149ms
2019-10-20 17:41:31,146 [Thread-4413] INFO  impl.RoleInfo (RoleInfo.java:shutdownFollowerState(121)) - 8f18dce1-0a3d-4b65-9c78-af3d58b2da7f: shutdown FollowerState
2019-10-20 17:41:31,146 [Thread-4413] INFO  impl.RaftServerImpl (RaftServerImpl.java:setRole(184)) - 8f18dce1-0a3d-4b65-9c78-af3d58b2da7f@group-091950D56227: changes role from  FOLLOWER to CANDIDATE at term 733 for changeToCandidate
2019-10-20 17:41:31,146 [Thread-4413] INFO  impl.RoleInfo (RoleInfo.java:updateAndGet(143)) - 8f18dce1-0a3d-4b65-9c78-af3d58b2da7f: start LeaderElection
2019-10-20 17:41:31,171 [8f18dce1-0a3d-4b65-9c78-af3d58b2da7f@group-091950D56227-LeaderElection621] INFO  impl.LeaderElection (LeaderElection.java:askForVotes(178)) - 8f18dce1-0a3d-4b65-9c78-af3d58b2da7f@group-091950D56227-LeaderElection621: begin an election at term 734 for -1: [8a63e1ae-032e-4bed-9f20-125a11f65413:0.0.0.0:38685, 8f18dce1-0a3d-4b65-9c78-af3d58b2da7f:0.0.0.0:42489, 7b1e61a0-7daf-43dd-99d5-9b325c1d31ae:0.0.0.0:38412], old=null
2019-10-20 17:41:31,172 [grpc-default-executor-0] INFO  impl.RaftServerImpl (RaftServerImpl.java:setRole(184)) - 8a63e1ae-032e-4bed-9f20-125a11f65413@group-091950D56227: changes role from  FOLLOWER to FOLLOWER at term 734 for recognizeCandidate:8f18dce1-0a3d-4b65-9c78-af3d58b2da7f
2019-10-20 17:41:31,172 [grpc-default-executor-3] INFO  impl.RaftServerImpl (RaftServerImpl.java:setRole(184)) - 7b1e61a0-7daf-43dd-99d5-9b325c1d31ae@group-091950D56227: changes role from  FOLLOWER to FOLLOWER at term 734 for recognizeCandidate:8f18dce1-0a3d-4b65-9c78-af3d58b2da7f
2019-10-20 17:41:31,172 [grpc-default-executor-3] INFO  impl.RoleInfo (RoleInfo.java:shutdownFollowerState(121)) - 7b1e61a0-7daf-43dd-99d5-9b325c1d31ae: shutdown FollowerState
2019-10-20 17:41:31,172 [grpc-default-executor-0] INFO  impl.RoleInfo (RoleInfo.java:shutdownFollowerState(121)) - 8a63e1ae-032e-4bed-9f20-125a11f65413: shutdown FollowerState
2019-10-20 17:41:31,173 [Thread-4411] INFO  impl.FollowerState (FollowerState.java:run(117)) - 7b1e61a0-7daf-43dd-99d5-9b325c1d31ae@group-091950D56227-FollowerState was interrupted: java.lang.InterruptedException: sleep interrupted
2019-10-20 17:41:31,173 [grpc-default-executor-3] INFO  impl.RoleInfo (RoleInfo.java:updateAndGet(143)) - 7b1e61a0-7daf-43dd-99d5-9b325c1d31ae: start FollowerState
2019-10-20 17:41:31,173 [Thread-4412] INFO  impl.FollowerState (FollowerState.java:run(117)) - 8a63e1ae-032e-4bed-9f20-125a11f65413@group-091950D56227-FollowerState was interrupted: java.lang.InterruptedException: sleep interrupted
2019-10-20 17:41:31,173 [grpc-default-executor-0] INFO  impl.RoleInfo (RoleInfo.java:updateAndGet(143)) - 8a63e1ae-032e-4bed-9f20-125a11f65413: start FollowerState
2019-10-20 17:41:31,186 [8f18dce1-0a3d-4b65-9c78-af3d58b2da7f@group-091950D56227-LeaderElection621] INFO  impl.LeaderElection (LeaderElection.java:logAndReturn(56)) - 8f18dce1-0a3d-4b65-9c78-af3d58b2da7f@group-091950D56227-LeaderElection621: Election TIMEOUT; received 0 response(s) [] and 0 exception(s); 8f18dce1-0a3d-4b65-9c78-af3d58b2da7f@group-091950D56227:t734, leader=null, voted=8f18dce1-0a3d-4b65-9c78-af3d58b2da7f, raftlog=8f18dce1-0a3d-4b65-9c78-af3d58b2da7f@group-091950D56227-SegmentedRaftLog:OPENED:c-1,f-1,i0, conf=-1: [8a63e1ae-032e-4bed-9f20-125a11f65413:0.0.0.0:38685, 8f18dce1-0a3d-4b65-9c78-af3d58b2da7f:0.0.0.0:42489, 7b1e61a0-7daf-43dd-99d5-9b325c1d31ae:0.0.0.0:38412], old=null
2019-10-20 17:41:31,213 [8f18dce1-0a3d-4b65-9c78-af3d58b2da7f@group-091950D56227-LeaderElection621] INFO  impl.LeaderElection (LeaderElection.java:askForVotes(178)) - 8f18dce1-0a3d-4b65-9c78-af3d58b2da7f@group-091950D56227-LeaderElection621: begin an election at term 735 for -1: [8a63e1ae-032e-4bed-9f20-125a11f65413:0.0.0.0:38685, 8f18dce1-0a3d-4b65-9c78-af3d58b2da7f:0.0.0.0:42489, 7b1e61a0-7daf-43dd-99d5-9b325c1d31ae:0.0.0.0:38412], old=null
2019-10-20 17:41:31,215 [grpc-default-executor-0] INFO  impl.RaftServerImpl (RaftServerImpl.java:setRole(184)) - 8a63e1ae-032e-4bed-9f20-125a11f65413@group-091950D56227: changes role from  FOLLOWER to FOLLOWER at term 735 for recognizeCandidate:8f18dce1-0a3d-4b65-9c78-af3d58b2da7f
2019-10-20 17:41:31,215 [grpc-default-executor-3] INFO  impl.RaftServerImpl (RaftServerImpl.java:setRole(184)) - 7b1e61a0-7daf-43dd-99d5-9b325c1d31ae@group-091950D56227: changes role from  FOLLOWER to FOLLOWER at term 735 for recognizeCandidate:8f18dce1-0a3d-4b65-9c78-af3d58b2da7f
2019-10-20 17:41:31,215 [grpc-default-executor-0] INFO  impl.RoleInfo (RoleInfo.java:shutdownFollowerState(121)) - 8a63e1ae-032e-4bed-9f20-125a11f65413: shutdown FollowerState
2019-10-20 17:41:31,215 [grpc-default-executor-3] INFO  impl.RoleInfo (RoleInfo.java:shutdownFollowerState(121)) - 7b1e61a0-7daf-43dd-99d5-9b325c1d31ae: shutdown FollowerState
2019-10-20 17:41:31,215 [grpc-default-executor-0] INFO  impl.RoleInfo (RoleInfo.java:updateAndGet(143)) - 8a63e1ae-032e-4bed-9f20-125a11f65413: start FollowerState
2019-10-20 17:41:31,215 [Thread-4417] INFO  impl.FollowerState (FollowerState.java:run(117)) - 7b1e61a0-7daf-43dd-99d5-9b325c1d31ae@group-091950D56227-FollowerState was interrupted: java.lang.InterruptedException: sleep interrupted
2019-10-20 17:41:31,215 [Thread-4418] INFO  impl.FollowerState (FollowerState.java:run(117)) - 8a63e1ae-032e-4bed-9f20-125a11f65413@group-091950D56227-FollowerState was interrupted: java.lang.InterruptedException: sleep interrupted
2019-10-20 17:41:31,215 [grpc-default-executor-3] INFO  impl.RoleInfo (RoleInfo.java:updateAndGet(143)) - 7b1e61a0-7daf-43dd-99d5-9b325c1d31ae: start FollowerState
2019-10-20 17:41:31,239 [8f18dce1-0a3d-4b65-9c78-af3d58b2da7f@group-091950D56227-LeaderElection621] INFO  impl.LeaderElection (LeaderElection.java:logAndReturn(56)) - 8f18dce1-0a3d-4b65-9c78-af3d58b2da7f@group-091950D56227-LeaderElection621: Election REJECTED; received 2 response(s) [8f18dce1-0a3d-4b65-9c78-af3d58b2da7f<-8a63e1ae-032e-4bed-9f20-125a11f65413#0:FAIL-t735, 8f18dce1-0a3d-4b65-9c78-af3d58b2da7f<-7b1e61a0-7daf-43dd-99d5-9b325c1d31ae#0:FAIL-t735] and 0 exception(s); 8f18dce1-0a3d-4b65-9c78-af3d58b2da7f@group-091950D56227:t735, leader=null, voted=8f18dce1-0a3d-4b65-9c78-af3d58b2da7f, raftlog=8f18dce1-0a3d-4b65-9c78-af3d58b2da7f@group-091950D56227-SegmentedRaftLog:OPENED:c-1,f-1,i0, conf=-1: [8a63e1ae-032e-4bed-9f20-125a11f65413:0.0.0.0:38685, 8f18dce1-0a3d-4b65-9c78-af3d58b2da7f:0.0.0.0:42489, 7b1e61a0-7daf-43dd-99d5-9b325c1d31ae:0.0.0.0:38412], old=null
2019-10-20 17:41:31,239 [8f18dce1-0a3d-4b65-9c78-af3d58b2da7f@group-091950D56227-LeaderElection621] INFO  impl.RaftServerImpl (RaftServerImpl.java:setRole(184)) - 8f18dce1-0a3d-4b65-9c78-af3d58b2da7f@group-091950D56227: changes role from CANDIDATE to FOLLOWER at term 735 for DISCOVERED_A_NEW_TERM
2019-10-20 17:41:31,239 [8f18dce1-0a3d-4b65-9c78-af3d58b2da7f@group-091950D56227-LeaderElection621] INFO  impl.RoleInfo (RoleInfo.java:shutdownLeaderElection(134)) - 8f18dce1-0a3d-4b65-9c78-af3d58b2da7f: shutdown LeaderElection
2019-10-20 17:41:31,240 [8f18dce1-0a3d-4b65-9c78-af3d58b2da7f@group-091950D56227-LeaderElection621] INFO  impl.RoleInfo (RoleInfo.java:updateAndGet(143)) - 8f18dce1-0a3d-4b65-9c78-af3d58b2da7f: start FollowerState
2019-10-20 17:41:31,380 [Thread-4423] INFO  impl.FollowerState (FollowerState.java:run(108)) - 8f18dce1-0a3d-4b65-9c78-af3d58b2da7f@group-091950D56227-FollowerState: change to CANDIDATE, lastRpcTime:140ms, electionTimeout:140ms
2019-10-20 17:41:31,380 [Thread-4423] INFO  impl.RoleInfo (RoleInfo.java:shutdownFollowerState(121)) - 8f18dce1-0a3d-4b65-9c78-af3d58b2da7f: shutdown FollowerState
2019-10-20 17:41:31,380 [Thread-4423] INFO  impl.RaftServerImpl (RaftServerImpl.java:setRole(184)) - 8f18dce1-0a3d-4b65-9c78-af3d58b2da7f@group-091950D56227: changes role from  FOLLOWER to CANDIDATE at term 735 for changeToCandidate
2019-10-20 17:41:31,380 [Thread-4423] INFO  impl.RoleInfo (RoleInfo.java:updateAndGet(143)) - 8f18dce1-0a3d-4b65-9c78-af3d58b2da7f: start LeaderElection
2019-10-20 17:41:31,406 [8f18dce1-0a3d-4b65-9c78-af3d58b2da7f@group-091950D56227-LeaderElection622] INFO  impl.LeaderElection (LeaderElection.java:askForVotes(178)) - 8f18dce1-0a3d-4b65-9c78-af3d58b2da7f@group-091950D56227-LeaderElection622: begin an election at term 736 for -1: [8a63e1ae-032e-4bed-9f20-125a11f65413:0.0.0.0:38685, 8f18dce1-0a3d-4b65-9c78-af3d58b2da7f:0.0.0.0:42489, 7b1e61a0-7daf-43dd-99d5-9b325c1d31ae:0.0.0.0:38412], old=null
2019-10-20 17:41:31,407 [grpc-default-executor-0] INFO  impl.RaftServerImpl (RaftServerImpl.java:setRole(184)) - 8a63e1ae-032e-4bed-9f20-125a11f65413@group-091950D56227: changes role from  FOLLOWER to FOLLOWER at term 736 for recognizeCandidate:8f18dce1-0a3d-4b65-9c78-af3d58b2da7f
2019-10-20 17:41:31,407 [grpc-default-executor-3] INFO  impl.RaftServerImpl (RaftServerImpl.java:setRole(184)) - 7b1e61a0-7daf-43dd-99d5-9b325c1d31ae@group-091950D56227: changes role from  FOLLOWER to FOLLOWER at term 736 for recognizeCandidate:8f18dce1-0a3d-4b65-9c78-af3d58b2da7f
2019-10-20 17:41:31,408 [grpc-default-executor-3] INFO  impl.RoleInfo (RoleInfo.java:shutdownFollowerState(121)) - 7b1e61a0-7daf-43dd-99d5-9b325c1d31ae: shutdown FollowerState
2019-10-20 17:41:31,408 [grpc-default-executor-0] INFO  impl.RoleInfo (RoleInfo.java:shutdownFollowerState(121)) - 8a63e1ae-032e-4bed-9f20-125a11f65413: shutdown FollowerState
2019-10-20 17:41:31,408 [Thread-4422] INFO  impl.FollowerState (FollowerState.java:run(117)) - 7b1e61a0-7daf-43dd-99d5-9b325c1d31ae@group-091950D56227-FollowerState was interrupted: java.lang.InterruptedException: sleep interrupted
2019-10-20 17:41:31,408 [Thread-4421] INFO  impl.FollowerState (FollowerState.java:run(117)) - 8a63e1ae-032e-4bed-9f20-125a11f65413@group-091950D56227-FollowerState was interrupted: java.lang.InterruptedException: sleep interrupted
2019-10-20 17:41:31,408 [grpc-default-executor-3] INFO  impl.RoleInfo (RoleInfo.java:updateAndGet(143)) - 7b1e61a0-7daf-43dd-99d5-9b325c1d31ae: start FollowerState
2019-10-20 17:41:31,408 [grpc-default-executor-0] INFO  impl.RoleInfo (RoleInfo.java:updateAndGet(143)) - 8a63e1ae-032e-4bed-9f20-125a11f65413: start FollowerState
2019-10-20 17:41:31,432 [8f18dce1-0a3d-4b65-9c78-af3d58b2da7f@group-091950D56227-LeaderElection622] INFO  impl.LeaderElection (LeaderElection.java:logAndReturn(56)) - 8f18dce1-0a3d-4b65-9c78-af3d58b2da7f@group-091950D56227-LeaderElection622: Election REJECTED; received 2 response(s) [8f18dce1-0a3d-4b65-9c78-af3d58b2da7f<-8a63e1ae-032e-4bed-9f20-125a11f65413#0:FAIL-t736, 8f18dce1-0a3d-4b65-9c78-af3d58b2da7f<-7b1e61a0-7daf-43dd-99d5-9b325c1d31ae#0:FAIL-t736] and 0 exception(s); 8f18dce1-0a3d-4b65-9c78-af3d58b2da7f@group-091950D56227:t736, leader=null, voted=8f18dce1-0a3d-4b65-9c78-af3d58b2da7f, raftlog=8f18dce1-0a3d-4b65-9c78-af3d58b2da7f@group-091950D56227-SegmentedRaftLog:OPENED:c-1,f-1,i0, conf=-1: [8a63e1ae-032e-4bed-9f20-125a11f65413:0.0.0.0:38685, 8f18dce1-0a3d-4b65-9c78-af3d58b2da7f:0.0.0.0:42489, 7b1e61a0-7daf-43dd-99d5-9b325c1d31ae:0.0.0.0:38412], old=null
2019-10-20 17:41:31,432 [8f18dce1-0a3d-4b65-9c78-af3d58b2da7f@group-091950D56227-LeaderElection622] INFO  impl.RaftServerImpl (RaftServerImpl.java:setRole(184)) - 8f18dce1-0a3d-4b65-9c78-af3d58b2da7f@group-091950D56227: changes role from CANDIDATE to FOLLOWER at term 736 for DISCOVERED_A_NEW_TERM
2019-10-20 17:41:31,432 [8f18dce1-0a3d-4b65-9c78-af3d58b2da7f@group-091950D56227-LeaderElection622] INFO  impl.RoleInfo (RoleInfo.java:shutdownLeaderElection(134)) - 8f18dce1-0a3d-4b65-9c78-af3d58b2da7f: shutdown LeaderElection
2019-10-20 17:41:31,433 [8f18dce1-0a3d-4b65-9c78-af3d58b2da7f@group-091950D56227-LeaderElection622] INFO  impl.RoleInfo (RoleInfo.java:updateAndGet(143)) - 8f18dce1-0a3d-4b65-9c78-af3d58b2da7f: start FollowerState
2019-10-20 17:41:31,633 [Thread-4429] INFO  impl.FollowerState (FollowerState.java:run(108)) - 8f18dce1-0a3d-4b65-9c78-af3d58b2da7f@group-091950D56227-FollowerState: change to CANDIDATE, lastRpcTime:200ms, electionTimeout:200ms
2019-10-20 17:41:31,633 [Thread-4429] INFO  impl.RoleInfo (RoleInfo.java:shutdownFollowerState(121)) - 8f18dce1-0a3d-4b65-9c78-af3d58b2da7f: shutdown FollowerState
2019-10-20 17:41:31,633 [Thread-4429] INFO  impl.RaftServerImpl (RaftServerImpl.java:setRole(184)) - 8f18dce1-0a3d-4b65-9c78-af3d58b2da7f@group-091950D56227: changes role from  FOLLOWER to CANDIDATE at term 736 for changeToCandidate
2019-10-20 17:41:31,633 [Thread-4429] INFO  impl.RoleInfo (RoleInfo.java:updateAndGet(143)) - 8f18dce1-0a3d-4b65-9c78-af3d58b2da7f: start LeaderElection
2019-10-20 17:41:31,665 [8f18dce1-0a3d-4b65-9c78-af3d58b2da7f@group-091950D56227-LeaderElection623] INFO  impl.LeaderElection (LeaderElection.java:askForVotes(178)) - 8f18dce1-0a3d-4b65-9c78-af3d58b2da7f@group-091950D56227-LeaderElection623: begin an election at term 737 for -1: [8a63e1ae-032e-4bed-9f20-125a11f65413:0.0.0.0:38685, 8f18dce1-0a3d-4b65-9c78-af3d58b2da7f:0.0.0.0:42489, 7b1e61a0-7daf-43dd-99d5-9b325c1d31ae:0.0.0.0:38412], old=null
2019-10-20 17:41:31,667 [grpc-default-executor-0] INFO  impl.RaftServerImpl (RaftServerImpl.java:setRole(184)) - 8a63e1ae-032e-4bed-9f20-125a11f65413@group-091950D56227: changes role from  FOLLOWER to FOLLOWER at term 737 for recognizeCandidate:8f18dce1-0a3d-4b65-9c78-af3d58b2da7f
2019-10-20 17:41:31,667 [grpc-default-executor-0] INFO  impl.RoleInfo (RoleInfo.java:shutdownFollowerState(121)) - 8a63e1ae-032e-4bed-9f20-125a11f65413: shutdown FollowerState
2019-10-20 17:41:31,667 [grpc-default-executor-3] INFO  impl.RaftServerImpl (RaftServerImpl.java:setRole(184)) - 7b1e61a0-7daf-43dd-99d5-9b325c1d31ae@group-091950D56227: changes role from  FOLLOWER to FOLLOWER at term 737 for recognizeCandidate:8f18dce1-0a3d-4b65-9c78-af3d58b2da7f
2019-10-20 17:41:31,667 [grpc-default-executor-3] INFO  impl.RoleInfo (RoleInfo.java:shutdownFollowerState(121)) - 7b1e61a0-7daf-43dd-99d5-9b325c1d31ae: shutdown FollowerState
2019-10-20 17:41:31,667 [grpc-default-executor-3] INFO  impl.RoleInfo (RoleInfo.java:updateAndGet(143)) - 7b1e61a0-7daf-43dd-99d5-9b325c1d31ae: start FollowerState
2019-10-20 17:41:31,667 [Thread-4428] INFO  impl.FollowerState (FollowerState.java:run(117)) - 8a63e1ae-032e-4bed-9f20-125a11f65413@group-091950D56227-FollowerState was interrupted: java.lang.InterruptedException: sleep interrupted
2019-10-20 17:41:31,667 [grpc-default-executor-0] INFO  impl.RoleInfo (RoleInfo.java:updateAndGet(143)) - 8a63e1ae-032e-4bed-9f20-125a11f65413: start FollowerState
2019-10-20 17:41:31,668 [Thread-4427] INFO  impl.FollowerState (FollowerState.java:run(117)) - 7b1e61a0-7daf-43dd-99d5-9b325c1d31ae@group-091950D56227-FollowerState was interrupted: java.lang.InterruptedException: sleep interrupted
2019-10-20 17:41:31,692 [8f18dce1-0a3d-4b65-9c78-af3d58b2da7f@group-091950D56227-LeaderElection623] INFO  impl.LeaderElection (LeaderElection.java:logAndReturn(56)) - 8f18dce1-0a3d-4b65-9c78-af3d58b2da7f@group-091950D56227-LeaderElection623: Election REJECTED; received 2 response(s) [8f18dce1-0a3d-4b65-9c78-af3d58b2da7f<-8a63e1ae-032e-4bed-9f20-125a11f65413#0:FAIL-t737, 8f18dce1-0a3d-4b65-9c78-af3d58b2da7f<-7b1e61a0-7daf-43dd-99d5-9b325c1d31ae#0:FAIL-t737] and 0 exception(s); 8f18dce1-0a3d-4b65-9c78-af3d58b2da7f@group-091950D56227:t737, leader=null, voted=8f18dce1-0a3d-4b65-9c78-af3d58b2da7f, raftlog=8f18dce1-0a3d-4b65-9c78-af3d58b2da7f@group-091950D56227-SegmentedRaftLog:OPENED:c-1,f-1,i0, conf=-1: [8a63e1ae-032e-4bed-9f20-125a11f65413:0.0.0.0:38685, 8f18dce1-0a3d-4b65-9c78-af3d58b2da7f:0.0.0.0:42489, 7b1e61a0-7daf-43dd-99d5-9b325c1d31ae:0.0.0.0:38412], old=null
2019-10-20 17:41:31,693 [8f18dce1-0a3d-4b65-9c78-af3d58b2da7f@group-091950D56227-LeaderElection623] INFO  impl.RaftServerImpl (RaftServerImpl.java:setRole(184)) - 8f18dce1-0a3d-4b65-9c78-af3d58b2da7f@group-091950D56227: changes role from CANDIDATE to FOLLOWER at term 737 for DISCOVERED_A_NEW_TERM
2019-10-20 17:41:31,693 [8f18dce1-0a3d-4b65-9c78-af3d58b2da7f@group-091950D56227-LeaderElection623] INFO  impl.RoleInfo (RoleInfo.java:shutdownLeaderElection(134)) - 8f18dce1-0a3d-4b65-9c78-af3d58b2da7f: shutdown LeaderElection
2019-10-20 17:41:31,693 [8f18dce1-0a3d-4b65-9c78-af3d58b2da7f@group-091950D56227-LeaderElection623] INFO  impl.RoleInfo (RoleInfo.java:updateAndGet(143)) - 8f18dce1-0a3d-4b65-9c78-af3d58b2da7f: start FollowerState
2019-10-20 17:41:31,774 [Thread-4437] INFO  impl.FollowerState (FollowerState.java:run(108)) - 8f18dce1-0a3d-4b65-9c78-af3d58b2da7f@group-091950D56227-FollowerState: change to CANDIDATE, lastRpcTime:81ms, electionTimeout:81ms
2019-10-20 17:41:31,775 [Thread-4437] INFO  impl.RoleInfo (RoleInfo.java:shutdownFollowerState(121)) - 8f18dce1-0a3d-4b65-9c78-af3d58b2da7f: shutdown FollowerState
2019-10-20 17:41:31,775 [Thread-4437] INFO  impl.RaftServerImpl (RaftServerImpl.java:setRole(184)) - 8f18dce1-0a3d-4b65-9c78-af3d58b2da7f@group-091950D56227: changes role from  FOLLOWER to CANDIDATE at term 737 for changeToCandidate
2019-10-20 17:41:31,775 [Thread-4437] INFO  impl.RoleInfo (RoleInfo.java:updateAndGet(143)) - 8f18dce1-0a3d-4b65-9c78-af3d58b2da7f: start LeaderElection
2019-10-20 17:41:31,801 [8f18dce1-0a3d-4b65-9c78-af3d58b2da7f@group-091950D56227-LeaderElection624] INFO  impl.LeaderElection (LeaderElection.java:askForVotes(178)) - 8f18dce1-0a3d-4b65-9c78-af3d58b2da7f@group-091950D56227-LeaderElection624: begin an election at term 738 for -1: [8a63e1ae-032e-4bed-9f20-125a11f65413:0.0.0.0:38685, 8f18dce1-0a3d-4b65-9c78-af3d58b2da7f:0.0.0.0:42489, 7b1e61a0-7daf-43dd-99d5-9b325c1d31ae:0.0.0.0:38412], old=null
2019-10-20 17:41:31,802 [grpc-default-executor-0] INFO  impl.RaftServerImpl (RaftServerImpl.java:setRole(184)) - 8a63e1ae-032e-4bed-9f20-125a11f65413@group-091950D56227: changes role from  FOLLOWER to FOLLOWER at term 738 for recognizeCandidate:8f18dce1-0a3d-4b65-9c78-af3d58b2da7f
2019-10-20 17:41:31,802 [grpc-default-executor-0] INFO  impl.RoleInfo (RoleInfo.java:shutdownFollowerState(121)) - 8a63e1ae-032e-4bed-9f20-125a11f65413: shutdown FollowerState
2019-10-20 17:41:31,802 [grpc-default-executor-3] INFO  impl.RaftServerImpl (RaftServerImpl.java:setRole(184)) - 7b1e61a0-7daf-43dd-99d5-9b325c1d31ae@group-091950D56227: changes role from  FOLLOWER to FOLLOWER at term 738 for recognizeCandidate:8f18dce1-0a3d-4b65-9c78-af3d58b2da7f
2019-10-20 17:41:31,803 [grpc-default-executor-3] INFO  impl.RoleInfo (RoleInfo.java:shutdownFollowerState(121)) - 7b1e61a0-7daf-43dd-99d5-9b325c1d31ae: shutdown FollowerState
2019-10-20 17:41:31,803 [Thread-4435] INFO  impl.FollowerState (FollowerState.java:run(117)) - 8a63e1ae-032e-4bed-9f20-125a11f65413@group-091950D56227-FollowerState was interrupted: java.lang.InterruptedException: sleep interrupted
2019-10-20 17:41:31,803 [grpc-default-executor-0] INFO  impl.RoleInfo (RoleInfo.java:updateAndGet(143)) - 8a63e1ae-032e-4bed-9f20-125a11f65413: start FollowerState
2019-10-20 17:41:31,803 [Thread-4436] INFO  impl.FollowerState (FollowerState.java:run(117)) - 7b1e61a0-7daf-43dd-99d5-9b325c1d31ae@group-091950D56227-FollowerState was interrupted: java.lang.InterruptedException: sleep interrupted
2019-10-20 17:41:31,803 [grpc-default-executor-3] INFO  impl.RoleInfo (RoleInfo.java:updateAndGet(143)) - 7b1e61a0-7daf-43dd-99d5-9b325c1d31ae: start FollowerState
2019-10-20 17:41:31,827 [8f18dce1-0a3d-4b65-9c78-af3d58b2da7f@group-091950D56227-LeaderElection624] INFO  impl.LeaderElection (LeaderElection.java:logAndReturn(56)) - 8f18dce1-0a3d-4b65-9c78-af3d58b2da7f@group-091950D56227-LeaderElection624: Election REJECTED; received 2 response(s) [8f18dce1-0a3d-4b65-9c78-af3d58b2da7f<-8a63e1ae-032e-4bed-9f20-125a11f65413#0:FAIL-t738, 8f18dce1-0a3d-4b65-9c78-af3d58b2da7f<-7b1e61a0-7daf-43dd-99d5-9b325c1d31ae#0:FAIL-t738] and 0 exception(s); 8f18dce1-0a3d-4b65-9c78-af3d58b2da7f@group-091950D56227:t738, leader=null, voted=8f18dce1-0a3d-4b65-9c78-af3d58b2da7f, raftlog=8f18dce1-0a3d-4b65-9c78-af3d58b2da7f@group-091950D56227-SegmentedRaftLog:OPENED:c-1,f-1,i0, conf=-1: [8a63e1ae-032e-4bed-9f20-125a11f65413:0.0.0.0:38685, 8f18dce1-0a3d-4b65-9c78-af3d58b2da7f:0.0.0.0:42489, 7b1e61a0-7daf-43dd-99d5-9b325c1d31ae:0.0.0.0:38412], old=null
2019-10-20 17:41:31,827 [8f18dce1-0a3d-4b65-9c78-af3d58b2da7f@group-091950D56227-LeaderElection624] INFO  impl.RaftServerImpl (RaftServerImpl.java:setRole(184)) - 8f18dce1-0a3d-4b65-9c78-af3d58b2da7f@group-091950D56227: changes role from CANDIDATE to FOLLOWER at term 738 for DISCOVERED_A_NEW_TERM
2019-10-20 17:41:31,827 [8f18dce1-0a3d-4b65-9c78-af3d58b2da7f@group-091950D56227-LeaderElection624] INFO  impl.RoleInfo (RoleInfo.java:shutdownLeaderElection(134)) - 8f18dce1-0a3d-4b65-9c78-af3d58b2da7f: shutdown LeaderElection
2019-10-20 17:41:31,827 [8f18dce1-0a3d-4b65-9c78-af3d58b2da7f@group-091950D56227-LeaderElection624] INFO  impl.RoleInfo (RoleInfo.java:updateAndGet(143)) - 8f18dce1-0a3d-4b65-9c78-af3d58b2da7f: start FollowerState
2019-10-20 17:41:31,913 [Thread-4443] INFO  impl.FollowerState (FollowerState.java:run(108)) - 8f18dce1-0a3d-4b65-9c78-af3d58b2da7f@group-091950D56227-FollowerState: change to CANDIDATE, lastRpcTime:85ms, electionTimeout:85ms
2019-10-20 17:41:31,913 [Thread-4443] INFO  impl.RoleInfo (RoleInfo.java:shutdownFollowerState(121)) - 8f18dce1-0a3d-4b65-9c78-af3d58b2da7f: shutdown FollowerState
2019-10-20 17:41:31,913 [Thread-4443] INFO  impl.RaftServerImpl (RaftServerImpl.java:setRole(184)) - 8f18dce1-0a3d-4b65-9c78-af3d58b2da7f@group-091950D56227: changes role from  FOLLOWER to CANDIDATE at term 738 for changeToCandidate
2019-10-20 17:41:31,913 [Thread-4443] INFO  impl.RoleInfo (RoleInfo.java:updateAndGet(143)) - 8f18dce1-0a3d-4b65-9c78-af3d58b2da7f: start LeaderElection
2019-10-20 17:41:31,943 [8f18dce1-0a3d-4b65-9c78-af3d58b2da7f@group-091950D56227-LeaderElection625] INFO  impl.LeaderElection (LeaderElection.java:askForVotes(178)) - 8f18dce1-0a3d-4b65-9c78-af3d58b2da7f@group-091950D56227-LeaderElection625: begin an election at term 739 for -1: [8a63e1ae-032e-4bed-9f20-125a11f65413:0.0.0.0:38685, 8f18dce1-0a3d-4b65-9c78-af3d58b2da7f:0.0.0.0:42489, 7b1e61a0-7daf-43dd-99d5-9b325c1d31ae:0.0.0.0:38412], old=null
2019-10-20 17:41:31,945 [grpc-default-executor-3] INFO  impl.RaftServerImpl (RaftServerImpl.java:setRole(184)) - 8a63e1ae-032e-4bed-9f20-125a11f65413@group-091950D56227: changes role from  FOLLOWER to FOLLOWER at term 739 for recognizeCandidate:8f18dce1-0a3d-4b65-9c78-af3d58b2da7f
2019-10-20 17:41:31,945 [grpc-default-executor-3] INFO  impl.RoleInfo (RoleInfo.java:shutdownFollowerState(121)) - 8a63e1ae-032e-4bed-9f20-125a11f65413: shutdown FollowerState
2019-10-20 17:41:31,945 [grpc-default-executor-0] INFO  impl.RaftServerImpl (RaftServerImpl.java:setRole(184)) - 7b1e61a0-7daf-43dd-99d5-9b325c1d31ae@group-091950D56227: changes role from  FOLLOWER to FOLLOWER at term 739 for recognizeCandidate:8f18dce1-0a3d-4b65-9c78-af3d58b2da7f
2019-10-20 17:41:31,946 [grpc-default-executor-0] INFO  impl.RoleInfo (RoleInfo.java:shutdownFollowerState(121)) - 7b1e61a0-7daf-43dd-99d5-9b325c1d31ae: shutdown FollowerState
2019-10-20 17:41:31,945 [Thread-4441] INFO  impl.FollowerState (FollowerState.java:run(117)) - 8a63e1ae-032e-4bed-9f20-125a11f65413@group-091950D56227-FollowerState was interrupted: java.lang.InterruptedException: sleep interrupted
2019-10-20 17:41:31,945 [grpc-default-executor-3] INFO  impl.RoleInfo (RoleInfo.java:updateAndGet(143)) - 8a63e1ae-032e-4bed-9f20-125a11f65413: start FollowerState
2019-10-20 17:41:31,946 [Thread-4442] INFO  impl.FollowerState (FollowerState.java:run(117)) - 7b1e61a0-7daf-43dd-99d5-9b325c1d31ae@group-091950D56227-FollowerState was interrupted: java.lang.InterruptedException: sleep interrupted
2019-10-20 17:41:31,946 [grpc-default-executor-0] INFO  impl.RoleInfo (RoleInfo.java:updateAndGet(143)) - 7b1e61a0-7daf-43dd-99d5-9b325c1d31ae: start FollowerState
2019-10-20 17:41:31,970 [8f18dce1-0a3d-4b65-9c78-af3d58b2da7f@group-091950D56227-LeaderElection625] INFO  impl.LeaderElection (LeaderElection.java:logAndReturn(56)) - 8f18dce1-0a3d-4b65-9c78-af3d58b2da7f@group-091950D56227-LeaderElection625: Election REJECTED; received 2 response(s) [8f18dce1-0a3d-4b65-9c78-af3d58b2da7f<-8a63e1ae-032e-4bed-9f20-125a11f65413#0:FAIL-t739, 8f18dce1-0a3d-4b65-9c78-af3d58b2da7f<-7b1e61a0-7daf-43dd-99d5-9b325c1d31ae#0:FAIL-t739] and 0 exception(s); 8f18dce1-0a3d-4b65-9c78-af3d58b2da7f@group-091950D56227:t739, leader=null, voted=8f18dce1-0a3d-4b65-9c78-af3d58b2da7f, raftlog=8f18dce1-0a3d-4b65-9c78-af3d58b2da7f@group-091950D56227-SegmentedRaftLog:OPENED:c-1,f-1,i0, conf=-1: [8a63e1ae-032e-4bed-9f20-125a11f65413:0.0.0.0:38685, 8f18dce1-0a3d-4b65-9c78-af3d58b2da7f:0.0.0.0:42489, 7b1e61a0-7daf-43dd-99d5-9b325c1d31ae:0.0.0.0:38412], old=null
2019-10-20 17:41:31,970 [8f18dce1-0a3d-4b65-9c78-af3d58b2da7f@group-091950D56227-LeaderElection625] INFO  impl.RaftServerImpl (RaftServerImpl.java:setRole(184)) - 8f18dce1-0a3d-4b65-9c78-af3d58b2da7f@group-091950D56227: changes role from CANDIDATE to FOLLOWER at term 739 for DISCOVERED_A_NEW_TERM
2019-10-20 17:41:31,970 [8f18dce1-0a3d-4b65-9c78-af3d58b2da7f@group-091950D56227-LeaderElection625] INFO  impl.RoleInfo (RoleInfo.java:shutdownLeaderElection(134)) - 8f18dce1-0a3d-4b65-9c78-af3d58b2da7f: shutdown LeaderElection
2019-10-20 17:41:31,970 [8f18dce1-0a3d-4b65-9c78-af3d58b2da7f@group-091950D56227-LeaderElection625] INFO  impl.RoleInfo (RoleInfo.java:updateAndGet(143)) - 8f18dce1-0a3d-4b65-9c78-af3d58b2da7f: start FollowerState
2019-10-20 17:41:32,049 [Thread-4449] INFO  impl.FollowerState (FollowerState.java:run(108)) - 8f18dce1-0a3d-4b65-9c78-af3d58b2da7f@group-091950D56227-FollowerState: change to CANDIDATE, lastRpcTime:78ms, electionTimeout:78ms
2019-10-20 17:41:32,049 [Thread-4449] INFO  impl.RoleInfo (RoleInfo.java:shutdownFollowerState(121)) - 8f18dce1-0a3d-4b65-9c78-af3d58b2da7f: shutdown FollowerState
2019-10-20 17:41:32,049 [Thread-4449] INFO  impl.RaftServerImpl (RaftServerImpl.java:setRole(184)) - 8f18dce1-0a3d-4b65-9c78-af3d58b2da7f@group-091950D56227: changes role from  FOLLOWER to CANDIDATE at term 739 for changeToCandidate
2019-10-20 17:41:32,049 [Thread-4449] INFO  impl.RoleInfo (RoleInfo.java:updateAndGet(143)) - 8f18dce1-0a3d-4b65-9c78-af3d58b2da7f: start LeaderElection
2019-10-20 17:41:32,078 [8f18dce1-0a3d-4b65-9c78-af3d58b2da7f@group-091950D56227-LeaderElection626] INFO  impl.LeaderElection (LeaderElection.java:askForVotes(178)) - 8f18dce1-0a3d-4b65-9c78-af3d58b2da7f@group-091950D56227-LeaderElection626: begin an election at term 740 for -1: [8a63e1ae-032e-4bed-9f20-125a11f65413:0.0.0.0:38685, 8f18dce1-0a3d-4b65-9c78-af3d58b2da7f:0.0.0.0:42489, 7b1e61a0-7daf-43dd-99d5-9b325c1d31ae:0.0.0.0:38412], old=null
2019-10-20 17:41:32,079 [grpc-default-executor-0] INFO  impl.RaftServerImpl (RaftServerImpl.java:setRole(184)) - 8a63e1ae-032e-4bed-9f20-125a11f65413@group-091950D56227: changes role from  FOLLOWER to FOLLOWER at term 740 for recognizeCandidate:8f18dce1-0a3d-4b65-9c78-af3d58b2da7f
2019-10-20 17:41:32,079 [grpc-default-executor-3] INFO  impl.RaftServerImpl (RaftServerImpl.java:setRole(184)) - 7b1e61a0-7daf-43dd-99d5-9b325c1d31ae@group-091950D56227: changes role from  FOLLOWER to FOLLOWER at term 740 for recognizeCandidate:8f18dce1-0a3d-4b65-9c78-af3d58b2da7f
2019-10-20 17:41:32,080 [grpc-default-executor-3] INFO  impl.RoleInfo (RoleInfo.java:shutdownFollowerState(121)) - 7b1e61a0-7daf-43dd-99d5-9b325c1d31ae: shutdown FollowerState
2019-10-20 17:41:32,079 [grpc-default-executor-0] INFO  impl.RoleInfo (RoleInfo.java:shutdownFollowerState(121)) - 8a63e1ae-032e-4bed-9f20-125a11f65413: shutdown FollowerState
2019-10-20 17:41:32,080 [Thread-4448] INFO  impl.FollowerState (FollowerState.java:run(117)) - 7b1e61a0-7daf-43dd-99d5-9b325c1d31ae@group-091950D56227-FollowerState was interrupted: java.lang.InterruptedException: sleep interrupted
2019-10-20 17:41:32,080 [grpc-default-executor-3] INFO  impl.RoleInfo (RoleInfo.java:updateAndGet(143)) - 7b1e61a0-7daf-43dd-99d5-9b325c1d31ae: start FollowerState
2019-10-20 17:41:32,080 [Thread-4447] INFO  impl.FollowerState (FollowerState.java:run(117)) - 8a63e1ae-032e-4bed-9f20-125a11f65413@group-091950D56227-FollowerState was interrupted: java.lang.InterruptedException: sleep interrupted
2019-10-20 17:41:32,080 [grpc-default-executor-0] INFO  impl.RoleInfo (RoleInfo.java:updateAndGet(143)) - 8a63e1ae-032e-4bed-9f20-125a11f65413: start FollowerState
2019-10-20 17:41:32,104 [8f18dce1-0a3d-4b65-9c78-af3d58b2da7f@group-091950D56227-LeaderElection626] INFO  impl.LeaderElection (LeaderElection.java:logAndReturn(56)) - 8f18dce1-0a3d-4b65-9c78-af3d58b2da7f@group-091950D56227-LeaderElection626: Election REJECTED; received 2 response(s) [8f18dce1-0a3d-4b65-9c78-af3d58b2da7f<-8a63e1ae-032e-4bed-9f20-125a11f65413#0:FAIL-t740, 8f18dce1-0a3d-4b65-9c78-af3d58b2da7f<-7b1e61a0-7daf-43dd-99d5-9b325c1d31ae#0:FAIL-t740] and 0 exception(s); 8f18dce1-0a3d-4b65-9c78-af3d58b2da7f@group-091950D56227:t740, leader=null, voted=8f18dce1-0a3d-4b65-9c78-af3d58b2da7f, raftlog=8f18dce1-0a3d-4b65-9c78-af3d58b2da7f@group-091950D56227-SegmentedRaftLog:OPENED:c-1,f-1,i0, conf=-1: [8a63e1ae-032e-4bed-9f20-125a11f65413:0.0.0.0:38685, 8f18dce1-0a3d-4b65-9c78-af3d58b2da7f:0.0.0.0:42489, 7b1e61a0-7daf-43dd-99d5-9b325c1d31ae:0.0.0.0:38412], old=null
2019-10-20 17:41:32,104 [8f18dce1-0a3d-4b65-9c78-af3d58b2da7f@group-091950D56227-LeaderElection626] INFO  impl.RaftServerImpl (RaftServerImpl.java:setRole(184)) - 8f18dce1-0a3d-4b65-9c78-af3d58b2da7f@group-091950D56227: changes role from CANDIDATE to FOLLOWER at term 740 for DISCOVERED_A_NEW_TERM
2019-10-20 17:41:32,104 [8f18dce1-0a3d-4b65-9c78-af3d58b2da7f@group-091950D56227-LeaderElection626] INFO  impl.RoleInfo (RoleInfo.java:shutdownLeaderElection(134)) - 8f18dce1-0a3d-4b65-9c78-af3d58b2da7f: shutdown LeaderElection
2019-10-20 17:41:32,105 [8f18dce1-0a3d-4b65-9c78-af3d58b2da7f@group-091950D56227-LeaderElection626] INFO  impl.RoleInfo (RoleInfo.java:updateAndGet(143)) - 8f18dce1-0a3d-4b65-9c78-af3d58b2da7f: start FollowerState
2019-10-20 17:41:32,120 [Thread-4455] INFO  impl.FollowerState (FollowerState.java:run(108)) - 8f18dce1-0a3d-4b65-9c78-af3d58b2da7f@group-091950D56227-FollowerState: change to CANDIDATE, lastRpcTime:15ms, electionTimeout:15ms
2019-10-20 17:41:32,120 [Thread-4455] INFO  impl.RoleInfo (RoleInfo.java:shutdownFollowerState(121)) - 8f18dce1-0a3d-4b65-9c78-af3d58b2da7f: shutdown FollowerState
2019-10-20 17:41:32,120 [Thread-4455] INFO  impl.RaftServerImpl (RaftServerImpl.java:setRole(184)) - 8f18dce1-0a3d-4b65-9c78-af3d58b2da7f@group-091950D56227: changes role from  FOLLOWER to CANDIDATE at term 740 for changeToCandidate
2019-10-20 17:41:32,120 [Thread-4455] INFO  impl.RoleInfo (RoleInfo.java:updateAndGet(143)) - 8f18dce1-0a3d-4b65-9c78-af3d58b2da7f: start LeaderElection
2019-10-20 17:41:32,145 [8f18dce1-0a3d-4b65-9c78-af3d58b2da7f@group-091950D56227-LeaderElection627] INFO  impl.LeaderElection (LeaderElection.java:askForVotes(178)) - 8f18dce1-0a3d-4b65-9c78-af3d58b2da7f@group-091950D56227-LeaderElection627: begin an election at term 741 for -1: [8a63e1ae-032e-4bed-9f20-125a11f65413:0.0.0.0:38685, 8f18dce1-0a3d-4b65-9c78-af3d58b2da7f:0.0.0.0:42489, 7b1e61a0-7daf-43dd-99d5-9b325c1d31ae:0.0.0.0:38412], old=null
2019-10-20 17:41:32,147 [grpc-default-executor-0] INFO  impl.RaftServerImpl (RaftServerImpl.java:setRole(184)) - 7b1e61a0-7daf-43dd-99d5-9b325c1d31ae@group-091950D56227: changes role from  FOLLOWER to FOLLOWER at term 741 for recognizeCandidate:8f18dce1-0a3d-4b65-9c78-af3d58b2da7f
2019-10-20 17:41:32,147 [grpc-default-executor-0] INFO  impl.RoleInfo (RoleInfo.java:shutdownFollowerState(121)) - 7b1e61a0-7daf-43dd-99d5-9b325c1d31ae: shutdown FollowerState
2019-10-20 17:41:32,147 [grpc-default-executor-3] INFO  impl.RaftServerImpl (RaftServerImpl.java:setRole(184)) - 8a63e1ae-032e-4bed-9f20-125a11f65413@group-091950D56227: changes role from  FOLLOWER to FOLLOWER at term 741 for recognizeCandidate:8f18dce1-0a3d-4b65-9c78-af3d58b2da7f
2019-10-20 17:41:32,147 [Thread-4453] INFO  impl.FollowerState (FollowerState.java:run(117)) - 7b1e61a0-7daf-43dd-99d5-9b325c1d31ae@group-091950D56227-FollowerState was interrupted: java.lang.InterruptedException: sleep interrupted
2019-10-20 17:41:32,147 [grpc-default-executor-0] INFO  impl.RoleInfo (RoleInfo.java:updateAndGet(143)) - 7b1e61a0-7daf-43dd-99d5-9b325c1d31ae: start FollowerState
2019-10-20 17:41:32,147 [grpc-default-executor-3] INFO  impl.RoleInfo (RoleInfo.java:shutdownFollowerState(121)) - 8a63e1ae-032e-4bed-9f20-125a11f65413: shutdown FollowerState
2019-10-20 17:41:32,147 [grpc-default-executor-3] INFO  impl.RoleInfo (RoleInfo.java:updateAndGet(143)) - 8a63e1ae-032e-4bed-9f20-125a11f65413: start FollowerState
2019-10-20 17:41:32,147 [Thread-4454] INFO  impl.FollowerState (FollowerState.java:run(117)) - 8a63e1ae-032e-4bed-9f20-125a11f65413@group-091950D56227-FollowerState was interrupted: java.lang.InterruptedException: sleep interrupted
2019-10-20 17:41:32,171 [8f18dce1-0a3d-4b65-9c78-af3d58b2da7f@group-091950D56227-LeaderElection627] INFO  impl.LeaderElection (LeaderElection.java:logAndReturn(56)) - 8f18dce1-0a3d-4b65-9c78-af3d58b2da7f@group-091950D56227-LeaderElection627: Election REJECTED; received 2 response(s) [8f18dce1-0a3d-4b65-9c78-af3d58b2da7f<-8a63e1ae-032e-4bed-9f20-125a11f65413#0:FAIL-t741, 8f18dce1-0a3d-4b65-9c78-af3d58b2da7f<-7b1e61a0-7daf-43dd-99d5-9b325c1d31ae#0:FAIL-t741] and 0 exception(s); 8f18dce1-0a3d-4b65-9c78-af3d58b2da7f@group-091950D56227:t741, leader=null, voted=8f18dce1-0a3d-4b65-9c78-af3d58b2da7f, raftlog=8f18dce1-0a3d-4b65-9c78-af3d58b2da7f@group-091950D56227-SegmentedRaftLog:OPENED:c-1,f-1,i0, conf=-1: [8a63e1ae-032e-4bed-9f20-125a11f65413:0.0.0.0:38685, 8f18dce1-0a3d-4b65-9c78-af3d58b2da7f:0.0.0.0:42489, 7b1e61a0-7daf-43dd-99d5-9b325c1d31ae:0.0.0.0:38412], old=null
2019-10-20 17:41:32,171 [8f18dce1-0a3d-4b65-9c78-af3d58b2da7f@group-091950D56227-LeaderElection627] INFO  impl.RaftServerImpl (RaftServerImpl.java:setRole(184)) - 8f18dce1-0a3d-4b65-9c78-af3d58b2da7f@group-091950D56227: changes role from CANDIDATE to FOLLOWER at term 741 for DISCOVERED_A_NEW_TERM
2019-10-20 17:41:32,171 [8f18dce1-0a3d-4b65-9c78-af3d58b2da7f@group-091950D56227-LeaderElection627] INFO  impl.RoleInfo (RoleInfo.java:shutdownLeaderElection(134)) - 8f18dce1-0a3d-4b65-9c78-af3d58b2da7f: shutdown LeaderElection
2019-10-20 17:41:32,172 [8f18dce1-0a3d-4b65-9c78-af3d58b2da7f@group-091950D56227-LeaderElection627] INFO  impl.RoleInfo (RoleInfo.java:updateAndGet(143)) - 8f18dce1-0a3d-4b65-9c78-af3d58b2da7f: start FollowerState
2019-10-20 17:41:32,354 [Thread-4461] INFO  impl.FollowerState (FollowerState.java:run(108)) - 8f18dce1-0a3d-4b65-9c78-af3d58b2da7f@group-091950D56227-FollowerState: change to CANDIDATE, lastRpcTime:182ms, electionTimeout:182ms
2019-10-20 17:41:32,354 [Thread-4461] INFO  impl.RoleInfo (RoleInfo.java:shutdownFollowerState(121)) - 8f18dce1-0a3d-4b65-9c78-af3d58b2da7f: shutdown FollowerState
2019-10-20 17:41:32,354 [Thread-4461] INFO  impl.RaftServerImpl (RaftServerImpl.java:setRole(184)) - 8f18dce1-0a3d-4b65-9c78-af3d58b2da7f@group-091950D56227: changes role from  FOLLOWER to CANDIDATE at term 741 for changeToCandidate
2019-10-20 17:41:32,354 [Thread-4461] INFO  impl.RoleInfo (RoleInfo.java:updateAndGet(143)) - 8f18dce1-0a3d-4b65-9c78-af3d58b2da7f: start LeaderElection
2019-10-20 17:41:32,379 [8f18dce1-0a3d-4b65-9c78-af3d58b2da7f@group-091950D56227-LeaderElection628] INFO  impl.LeaderElection (LeaderElection.java:askForVotes(178)) - 8f18dce1-0a3d-4b65-9c78-af3d58b2da7f@group-091950D56227-LeaderElection628: begin an election at term 742 for -1: [8a63e1ae-032e-4bed-9f20-125a11f65413:0.0.0.0:38685, 8f18dce1-0a3d-4b65-9c78-af3d58b2da7f:0.0.0.0:42489, 7b1e61a0-7daf-43dd-99d5-9b325c1d31ae:0.0.0.0:38412], old=null
2019-10-20 17:41:32,381 [grpc-default-executor-3] INFO  impl.RaftServerImpl (RaftServerImpl.java:setRole(184)) - 7b1e61a0-7daf-43dd-99d5-9b325c1d31ae@group-091950D56227: changes role from  FOLLOWER to FOLLOWER at term 742 for recognizeCandidate:8f18dce1-0a3d-4b65-9c78-af3d58b2da7f
2019-10-20 17:41:32,381 [grpc-default-executor-0] INFO  impl.RaftServerImpl (RaftServerImpl.java:setRole(184)) - 8a63e1ae-032e-4bed-9f20-125a11f65413@group-091950D56227: changes role from  FOLLOWER to FOLLOWER at term 742 for recognizeCandidate:8f18dce1-0a3d-4b65-9c78-af3d58b2da7f
2019-10-20 17:41:32,381 [grpc-default-executor-0] INFO  impl.RoleInfo (RoleInfo.java:shutdownFollowerState(121)) - 8a63e1ae-032e-4bed-9f20-125a11f65413: shutdown FollowerState
2019-10-20 17:41:32,381 [grpc-default-executor-3] INFO  impl.RoleInfo (RoleInfo.java:shutdownFollowerState(121)) - 7b1e61a0-7daf-43dd-99d5-9b325c1d31ae: shutdown FollowerState
2019-10-20 17:41:32,382 [Thread-4460] INFO  impl.FollowerState (FollowerState.java:run(117)) - 8a63e1ae-032e-4bed-9f20-125a11f65413@group-091950D56227-FollowerState was interrupted: java.lang.InterruptedException: sleep interrupted
2019-10-20 17:41:32,381 [grpc-default-executor-0] INFO  impl.RoleInfo (RoleInfo.java:updateAndGet(143)) - 8a63e1ae-032e-4bed-9f20-125a11f65413: start FollowerState
2019-10-20 17:41:32,382 [Thread-4459] INFO  impl.FollowerState (FollowerState.java:run(117)) - 7b1e61a0-7daf-43dd-99d5-9b325c1d31ae@group-091950D56227-FollowerState was interrupted: java.lang.InterruptedException: sleep interrupted
2019-10-20 17:41:32,382 [grpc-default-executor-3] INFO  impl.RoleInfo (RoleInfo.java:updateAndGet(143)) - 7b1e61a0-7daf-43dd-99d5-9b325c1d31ae: start FollowerState
2019-10-20 17:41:32,406 [8f18dce1-0a3d-4b65-9c78-af3d58b2da7f@group-091950D56227-LeaderElection628] INFO  impl.LeaderElection (LeaderElection.java:logAndReturn(56)) - 8f18dce1-0a3d-4b65-9c78-af3d58b2da7f@group-091950D56227-LeaderElection628: Election REJECTED; received 2 response(s) [8f18dce1-0a3d-4b65-9c78-af3d58b2da7f<-8a63e1ae-032e-4bed-9f20-125a11f65413#0:FAIL-t742, 8f18dce1-0a3d-4b65-9c78-af3d58b2da7f<-7b1e61a0-7daf-43dd-99d5-9b325c1d31ae#0:FAIL-t742] and 0 exception(s); 8f18dce1-0a3d-4b65-9c78-af3d58b2da7f@group-091950D56227:t742, leader=null, voted=8f18dce1-0a3d-4b65-9c78-af3d58b2da7f, raftlog=8f18dce1-0a3d-4b65-9c78-af3d58b2da7f@group-091950D56227-SegmentedRaftLog:OPENED:c-1,f-1,i0, conf=-1: [8a63e1ae-032e-4bed-9f20-125a11f65413:0.0.0.0:38685, 8f18dce1-0a3d-4b65-9c78-af3d58b2da7f:0.0.0.0:42489, 7b1e61a0-7daf-43dd-99d5-9b325c1d31ae:0.0.0.0:38412], old=null
2019-10-20 17:41:32,406 [8f18dce1-0a3d-4b65-9c78-af3d58b2da7f@group-091950D56227-LeaderElection628] INFO  impl.RaftServerImpl (RaftServerImpl.java:setRole(184)) - 8f18dce1-0a3d-4b65-9c78-af3d58b2da7f@group-091950D56227: changes role from CANDIDATE to FOLLOWER at term 742 for DISCOVERED_A_NEW_TERM
2019-10-20 17:41:32,406 [8f18dce1-0a3d-4b65-9c78-af3d58b2da7f@group-091950D56227-LeaderElection628] INFO  impl.RoleInfo (RoleInfo.java:shutdownLeaderElection(134)) - 8f18dce1-0a3d-4b65-9c78-af3d58b2da7f: shutdown LeaderElection
2019-10-20 17:41:32,406 [8f18dce1-0a3d-4b65-9c78-af3d58b2da7f@group-091950D56227-LeaderElection628] INFO  impl.RoleInfo (RoleInfo.java:updateAndGet(143)) - 8f18dce1-0a3d-4b65-9c78-af3d58b2da7f: start FollowerState
2019-10-20 17:41:32,530 [Thread-4467] INFO  impl.FollowerState (FollowerState.java:run(108)) - 8f18dce1-0a3d-4b65-9c78-af3d58b2da7f@group-091950D56227-FollowerState: change to CANDIDATE, lastRpcTime:124ms, electionTimeout:124ms
2019-10-20 17:41:32,530 [Thread-4467] INFO  impl.RoleInfo (RoleInfo.java:shutdownFollowerState(121)) - 8f18dce1-0a3d-4b65-9c78-af3d58b2da7f: shutdown FollowerState
2019-10-20 17:41:32,531 [Thread-4467] INFO  impl.RaftServerImpl (RaftServerImpl.java:setRole(184)) - 8f18dce1-0a3d-4b65-9c78-af3d58b2da7f@group-091950D56227: changes role from  FOLLOWER to CANDIDATE at term 742 for changeToCandidate
2019-10-20 17:41:32,531 [Thread-4467] INFO  impl.RoleInfo (RoleInfo.java:updateAndGet(143)) - 8f18dce1-0a3d-4b65-9c78-af3d58b2da7f: start LeaderElection
2019-10-20 17:41:32,555 [8f18dce1-0a3d-4b65-9c78-af3d58b2da7f@group-091950D56227-LeaderElection629] INFO  impl.LeaderElection (LeaderElection.java:askForVotes(178)) - 8f18dce1-0a3d-4b65-9c78-af3d58b2da7f@group-091950D56227-LeaderElection629: begin an election at term 743 for -1: [8a63e1ae-032e-4bed-9f20-125a11f65413:0.0.0.0:38685, 8f18dce1-0a3d-4b65-9c78-af3d58b2da7f:0.0.0.0:42489, 7b1e61a0-7daf-43dd-99d5-9b325c1d31ae:0.0.0.0:38412], old=null
2019-10-20 17:41:32,557 [grpc-default-executor-3] INFO  impl.RaftServerImpl (RaftServerImpl.java:setRole(184)) - 8a63e1ae-032e-4bed-9f20-125a11f65413@group-091950D56227: changes role from  FOLLOWER to FOLLOWER at term 743 for recognizeCandidate:8f18dce1-0a3d-4b65-9c78-af3d58b2da7f
2019-10-20 17:41:32,557 [grpc-default-executor-3] INFO  impl.RoleInfo (RoleInfo.java:shutdownFollowerState(121)) - 8a63e1ae-032e-4bed-9f20-125a11f65413: shutdown FollowerState
2019-10-20 17:41:32,557 [grpc-default-executor-0] INFO  impl.RaftServerImpl (RaftServerImpl.java:setRole(184)) - 7b1e61a0-7daf-43dd-99d5-9b325c1d31ae@group-091950D56227: changes role from  FOLLOWER to FOLLOWER at term 743 for recognizeCandidate:8f18dce1-0a3d-4b65-9c78-af3d58b2da7f
2019-10-20 17:41:32,557 [grpc-default-executor-3] INFO  impl.RoleInfo (RoleInfo.java:updateAndGet(143)) - 8a63e1ae-032e-4bed-9f20-125a11f65413: start FollowerState
2019-10-20 17:41:32,557 [Thread-4465] INFO  impl.FollowerState (FollowerState.java:run(117)) - 8a63e1ae-032e-4bed-9f20-125a11f65413@group-091950D56227-FollowerState was interrupted: java.lang.InterruptedException: sleep interrupted
2019-10-20 17:41:32,558 [grpc-default-executor-0] INFO  impl.RoleInfo (RoleInfo.java:shutdownFollowerState(121)) - 7b1e61a0-7daf-43dd-99d5-9b325c1d31ae: shutdown FollowerState
2019-10-20 17:41:32,558 [grpc-default-executor-0] INFO  impl.RoleInfo (RoleInfo.java:updateAndGet(143)) - 7b1e61a0-7daf-43dd-99d5-9b325c1d31ae: start FollowerState
2019-10-20 17:41:32,558 [Thread-4466] INFO  impl.FollowerState (FollowerState.java:run(117)) - 7b1e61a0-7daf-43dd-99d5-9b325c1d31ae@group-091950D56227-FollowerState was interrupted: java.lang.InterruptedException: sleep interrupted
2019-10-20 17:41:32,581 [8f18dce1-0a3d-4b65-9c78-af3d58b2da7f@group-091950D56227-LeaderElection629] INFO  impl.LeaderElection (LeaderElection.java:logAndReturn(56)) - 8f18dce1-0a3d-4b65-9c78-af3d58b2da7f@group-091950D56227-LeaderElection629: Election REJECTED; received 2 response(s) [8f18dce1-0a3d-4b65-9c78-af3d58b2da7f<-8a63e1ae-032e-4bed-9f20-125a11f65413#0:FAIL-t743, 8f18dce1-0a3d-4b65-9c78-af3d58b2da7f<-7b1e61a0-7daf-43dd-99d5-9b325c1d31ae#0:FAIL-t743] and 0 exception(s); 8f18dce1-0a3d-4b65-9c78-af3d58b2da7f@group-091950D56227:t743, leader=null, voted=8f18dce1-0a3d-4b65-9c78-af3d58b2da7f, raftlog=8f18dce1-0a3d-4b65-9c78-af3d58b2da7f@group-091950D56227-SegmentedRaftLog:OPENED:c-1,f-1,i0, conf=-1: [8a63e1ae-032e-4bed-9f20-125a11f65413:0.0.0.0:38685, 8f18dce1-0a3d-4b65-9c78-af3d58b2da7f:0.0.0.0:42489, 7b1e61a0-7daf-43dd-99d5-9b325c1d31ae:0.0.0.0:38412], old=null
2019-10-20 17:41:32,582 [8f18dce1-0a3d-4b65-9c78-af3d58b2da7f@group-091950D56227-LeaderElection629] INFO  impl.RaftServerImpl (RaftServerImpl.java:setRole(184)) - 8f18dce1-0a3d-4b65-9c78-af3d58b2da7f@group-091950D56227: changes role from CANDIDATE to FOLLOWER at term 743 for DISCOVERED_A_NEW_TERM
2019-10-20 17:41:32,582 [8f18dce1-0a3d-4b65-9c78-af3d58b2da7f@group-091950D56227-LeaderElection629] INFO  impl.RoleInfo (RoleInfo.java:shutdownLeaderElection(134)) - 8f18dce1-0a3d-4b65-9c78-af3d58b2da7f: shutdown LeaderElection
2019-10-20 17:41:32,582 [8f18dce1-0a3d-4b65-9c78-af3d58b2da7f@group-091950D56227-LeaderElection629] INFO  impl.RoleInfo (RoleInfo.java:updateAndGet(143)) - 8f18dce1-0a3d-4b65-9c78-af3d58b2da7f: start FollowerState
2019-10-20 17:41:32,614 [Thread-4473] INFO  impl.FollowerState (FollowerState.java:run(108)) - 8f18dce1-0a3d-4b65-9c78-af3d58b2da7f@group-091950D56227-FollowerState: change to CANDIDATE, lastRpcTime:32ms, electionTimeout:32ms
2019-10-20 17:41:32,614 [Thread-4473] INFO  impl.RoleInfo (RoleInfo.java:shutdownFollowerState(121)) - 8f18dce1-0a3d-4b65-9c78-af3d58b2da7f: shutdown FollowerState
2019-10-20 17:41:32,615 [Thread-4473] INFO  impl.RaftServerImpl (RaftServerImpl.java:setRole(184)) - 8f18dce1-0a3d-4b65-9c78-af3d58b2da7f@group-091950D56227: changes role from  FOLLOWER to CANDIDATE at term 743 for changeToCandidate
2019-10-20 17:41:32,615 [Thread-4473] INFO  impl.RoleInfo (RoleInfo.java:updateAndGet(143)) - 8f18dce1-0a3d-4b65-9c78-af3d58b2da7f: start LeaderElection
2019-10-20 17:41:32,640 [8f18dce1-0a3d-4b65-9c78-af3d58b2da7f@group-091950D56227-LeaderElection630] INFO  impl.LeaderElection (LeaderElection.java:askForVotes(178)) - 8f18dce1-0a3d-4b65-9c78-af3d58b2da7f@group-091950D56227-LeaderElection630: begin an election at term 744 for -1: [8a63e1ae-032e-4bed-9f20-125a11f65413:0.0.0.0:38685, 8f18dce1-0a3d-4b65-9c78-af3d58b2da7f:0.0.0.0:42489, 7b1e61a0-7daf-43dd-99d5-9b325c1d31ae:0.0.0.0:38412], old=null
2019-10-20 17:41:32,642 [grpc-default-executor-3] INFO  impl.RaftServerImpl (RaftServerImpl.java:setRole(184)) - 7b1e61a0-7daf-43dd-99d5-9b325c1d31ae@group-091950D56227: changes role from  FOLLOWER to FOLLOWER at term 744 for recognizeCandidate:8f18dce1-0a3d-4b65-9c78-af3d58b2da7f
2019-10-20 17:41:32,642 [grpc-default-executor-3] INFO  impl.RoleInfo (RoleInfo.java:shutdownFollowerState(121)) - 7b1e61a0-7daf-43dd-99d5-9b325c1d31ae: shutdown FollowerState
2019-10-20 17:41:32,642 [grpc-default-executor-0] INFO  impl.RaftServerImpl (RaftServerImpl.java:setRole(184)) - 8a63e1ae-032e-4bed-9f20-125a11f65413@group-091950D56227: changes role from  FOLLOWER to FOLLOWER at term 744 for recognizeCandidate:8f18dce1-0a3d-4b65-9c78-af3d58b2da7f
2019-10-20 17:41:32,642 [grpc-default-executor-0] INFO  impl.RoleInfo (RoleInfo.java:shutdownFollowerState(121)) - 8a63e1ae-032e-4bed-9f20-125a11f65413: shutdown FollowerState
2019-10-20 17:41:32,642 [Thread-4472] INFO  impl.FollowerState (FollowerState.java:run(117)) - 7b1e61a0-7daf-43dd-99d5-9b325c1d31ae@group-091950D56227-FollowerState was interrupted: java.lang.InterruptedException: sleep interrupted
2019-10-20 17:41:32,642 [grpc-default-executor-3] INFO  impl.RoleInfo (RoleInfo.java:updateAndGet(143)) - 7b1e61a0-7daf-43dd-99d5-9b325c1d31ae: start FollowerState
2019-10-20 17:41:32,642 [Thread-4471] INFO  impl.FollowerState (FollowerState.java:run(117)) - 8a63e1ae-032e-4bed-9f20-125a11f65413@group-091950D56227-FollowerState was interrupted: java.lang.InterruptedException: sleep interrupted
2019-10-20 17:41:32,642 [grpc-default-executor-0] INFO  impl.RoleInfo (RoleInfo.java:updateAndGet(143)) - 8a63e1ae-032e-4bed-9f20-125a11f65413: start FollowerState
2019-10-20 17:41:32,666 [8f18dce1-0a3d-4b65-9c78-af3d58b2da7f@group-091950D56227-LeaderElection630] INFO  impl.LeaderElection (LeaderElection.java:logAndReturn(56)) - 8f18dce1-0a3d-4b65-9c78-af3d58b2da7f@group-091950D56227-LeaderElection630: Election REJECTED; received 2 response(s) [8f18dce1-0a3d-4b65-9c78-af3d58b2da7f<-8a63e1ae-032e-4bed-9f20-125a11f65413#0:FAIL-t744, 8f18dce1-0a3d-4b65-9c78-af3d58b2da7f<-7b1e61a0-7daf-43dd-99d5-9b325c1d31ae#0:FAIL-t744] and 0 exception(s); 8f18dce1-0a3d-4b65-9c78-af3d58b2da7f@group-091950D56227:t744, leader=null, voted=8f18dce1-0a3d-4b65-9c78-af3d58b2da7f, raftlog=8f18dce1-0a3d-4b65-9c78-af3d58b2da7f@group-091950D56227-SegmentedRaftLog:OPENED:c-1,f-1,i0, conf=-1: [8a63e1ae-032e-4bed-9f20-125a11f65413:0.0.0.0:38685, 8f18dce1-0a3d-4b65-9c78-af3d58b2da7f:0.0.0.0:42489, 7b1e61a0-7daf-43dd-99d5-9b325c1d31ae:0.0.0.0:38412], old=null
2019-10-20 17:41:32,666 [8f18dce1-0a3d-4b65-9c78-af3d58b2da7f@group-091950D56227-LeaderElection630] INFO  impl.RaftServerImpl (RaftServerImpl.java:setRole(184)) - 8f18dce1-0a3d-4b65-9c78-af3d58b2da7f@group-091950D56227: changes role from CANDIDATE to FOLLOWER at term 744 for DISCOVERED_A_NEW_TERM
2019-10-20 17:41:32,666 [8f18dce1-0a3d-4b65-9c78-af3d58b2da7f@group-091950D56227-LeaderElection630] INFO  impl.RoleInfo (RoleInfo.java:shutdownLeaderElection(134)) - 8f18dce1-0a3d-4b65-9c78-af3d58b2da7f: shutdown LeaderElection
2019-10-20 17:41:32,666 [8f18dce1-0a3d-4b65-9c78-af3d58b2da7f@group-091950D56227-LeaderElection630] INFO  impl.RoleInfo (RoleInfo.java:updateAndGet(143)) - 8f18dce1-0a3d-4b65-9c78-af3d58b2da7f: start FollowerState
2019-10-20 17:41:32,744 [Thread-4481] INFO  impl.FollowerState (FollowerState.java:run(108)) - 8f18dce1-0a3d-4b65-9c78-af3d58b2da7f@group-091950D56227-FollowerState: change to CANDIDATE, lastRpcTime:77ms, electionTimeout:77ms
2019-10-20 17:41:32,744 [Thread-4481] INFO  impl.RoleInfo (RoleInfo.java:shutdownFollowerState(121)) - 8f18dce1-0a3d-4b65-9c78-af3d58b2da7f: shutdown FollowerState
2019-10-20 17:41:32,744 [Thread-4481] INFO  impl.RaftServerImpl (RaftServerImpl.java:setRole(184)) - 8f18dce1-0a3d-4b65-9c78-af3d58b2da7f@group-091950D56227: changes role from  FOLLOWER to CANDIDATE at term 744 for changeToCandidate
2019-10-20 17:41:32,744 [Thread-4481] INFO  impl.RoleInfo (RoleInfo.java:updateAndGet(143)) - 8f18dce1-0a3d-4b65-9c78-af3d58b2da7f: start LeaderElection
2019-10-20 17:41:32,774 [8f18dce1-0a3d-4b65-9c78-af3d58b2da7f@group-091950D56227-LeaderElection631] INFO  impl.LeaderElection (LeaderElection.java:askForVotes(178)) - 8f18dce1-0a3d-4b65-9c78-af3d58b2da7f@group-091950D56227-LeaderElection631: begin an election at term 745 for -1: [8a63e1ae-032e-4bed-9f20-125a11f65413:0.0.0.0:38685, 8f18dce1-0a3d-4b65-9c78-af3d58b2da7f:0.0.0.0:42489, 7b1e61a0-7daf-43dd-99d5-9b325c1d31ae:0.0.0.0:38412], old=null
2019-10-20 17:41:32,776 [grpc-default-executor-0] INFO  impl.RaftServerImpl (RaftServerImpl.java:setRole(184)) - 7b1e61a0-7daf-43dd-99d5-9b325c1d31ae@group-091950D56227: changes role from  FOLLOWER to FOLLOWER at term 745 for recognizeCandidate:8f18dce1-0a3d-4b65-9c78-af3d58b2da7f
2019-10-20 17:41:32,776 [grpc-default-executor-3] INFO  impl.RaftServerImpl (RaftServerImpl.java:setRole(184)) - 8a63e1ae-032e-4bed-9f20-125a11f65413@group-091950D56227: changes role from  FOLLOWER to FOLLOWER at term 745 for recognizeCandidate:8f18dce1-0a3d-4b65-9c78-af3d58b2da7f
2019-10-20 17:41:32,776 [grpc-default-executor-3] INFO  impl.RoleInfo (RoleInfo.java:shutdownFollowerState(121)) - 8a63e1ae-032e-4bed-9f20-125a11f65413: shutdown FollowerState
2019-10-20 17:41:32,776 [grpc-default-executor-0] INFO  impl.RoleInfo (RoleInfo.java:shutdownFollowerState(121)) - 7b1e61a0-7daf-43dd-99d5-9b325c1d31ae: shutdown FollowerState
2019-10-20 17:41:32,777 [Thread-4479] INFO  impl.FollowerState (FollowerState.java:run(117)) - 8a63e1ae-032e-4bed-9f20-125a11f65413@group-091950D56227-FollowerState was interrupted: java.lang.InterruptedException: sleep interrupted
2019-10-20 17:41:32,777 [Thread-4478] INFO  impl.FollowerState (FollowerState.java:run(117)) - 7b1e61a0-7daf-43dd-99d5-9b325c1d31ae@group-091950D56227-FollowerState was interrupted: java.lang.InterruptedException: sleep interrupted
2019-10-20 17:41:32,776 [grpc-default-executor-3] INFO  impl.RoleInfo (RoleInfo.java:updateAndGet(143)) - 8a63e1ae-032e-4bed-9f20-125a11f65413: start FollowerState
2019-10-20 17:41:32,777 [grpc-default-executor-0] INFO  impl.RoleInfo (RoleInfo.java:updateAndGet(143)) - 7b1e61a0-7daf-43dd-99d5-9b325c1d31ae: start FollowerState
2019-10-20 17:41:32,792 [8f18dce1-0a3d-4b65-9c78-af3d58b2da7f@group-091950D56227-LeaderElection631] INFO  impl.LeaderElection (LeaderElection.java:logAndReturn(56)) - 8f18dce1-0a3d-4b65-9c78-af3d58b2da7f@group-091950D56227-LeaderElection631: Election REJECTED; received 2 response(s) [8f18dce1-0a3d-4b65-9c78-af3d58b2da7f<-8a63e1ae-032e-4bed-9f20-125a11f65413#0:FAIL-t745, 8f18dce1-0a3d-4b65-9c78-af3d58b2da7f<-7b1e61a0-7daf-43dd-99d5-9b325c1d31ae#0:FAIL-t745] and 0 exception(s); 8f18dce1-0a3d-4b65-9c78-af3d58b2da7f@group-091950D56227:t745, leader=null, voted=8f18dce1-0a3d-4b65-9c78-af3d58b2da7f, raftlog=8f18dce1-0a3d-4b65-9c78-af3d58b2da7f@group-091950D56227-SegmentedRaftLog:OPENED:c-1,f-1,i0, conf=-1: [8a63e1ae-032e-4bed-9f20-125a11f65413:0.0.0.0:38685, 8f18dce1-0a3d-4b65-9c78-af3d58b2da7f:0.0.0.0:42489, 7b1e61a0-7daf-43dd-99d5-9b325c1d31ae:0.0.0.0:38412], old=null
2019-10-20 17:41:32,792 [8f18dce1-0a3d-4b65-9c78-af3d58b2da7f@group-091950D56227-LeaderElection631] INFO  impl.RaftServerImpl (RaftServerImpl.java:setRole(184)) - 8f18dce1-0a3d-4b65-9c78-af3d58b2da7f@group-091950D56227: changes role from CANDIDATE to FOLLOWER at term 745 for DISCOVERED_A_NEW_TERM
2019-10-20 17:41:32,792 [8f18dce1-0a3d-4b65-9c78-af3d58b2da7f@group-091950D56227-LeaderElection631] INFO  impl.RoleInfo (RoleInfo.java:shutdownLeaderElection(134)) - 8f18dce1-0a3d-4b65-9c78-af3d58b2da7f: shutdown LeaderElection
2019-10-20 17:41:32,792 [8f18dce1-0a3d-4b65-9c78-af3d58b2da7f@group-091950D56227-LeaderElection631] INFO  impl.RoleInfo (RoleInfo.java:updateAndGet(143)) - 8f18dce1-0a3d-4b65-9c78-af3d58b2da7f: start FollowerState
2019-10-20 17:41:32,962 [Thread-4487] INFO  impl.FollowerState (FollowerState.java:run(108)) - 8f18dce1-0a3d-4b65-9c78-af3d58b2da7f@group-091950D56227-FollowerState: change to CANDIDATE, lastRpcTime:170ms, electionTimeout:170ms
2019-10-20 17:41:32,963 [Thread-4487] INFO  impl.RoleInfo (RoleInfo.java:shutdownFollowerState(121)) - 8f18dce1-0a3d-4b65-9c78-af3d58b2da7f: shutdown FollowerState
2019-10-20 17:41:32,963 [Thread-4487] INFO  impl.RaftServerImpl (RaftServerImpl.java:setRole(184)) - 8f18dce1-0a3d-4b65-9c78-af3d58b2da7f@group-091950D56227: changes role from  FOLLOWER to CANDIDATE at term 745 for changeToCandidate
2019-10-20 17:41:32,963 [Thread-4487] INFO  impl.RoleInfo (RoleInfo.java:updateAndGet(143)) - 8f18dce1-0a3d-4b65-9c78-af3d58b2da7f: start LeaderElection
2019-10-20 17:41:33,000 [8f18dce1-0a3d-4b65-9c78-af3d58b2da7f@group-091950D56227-LeaderElection632] INFO  impl.LeaderElection (LeaderElection.java:askForVotes(178)) - 8f18dce1-0a3d-4b65-9c78-af3d58b2da7f@group-091950D56227-LeaderElection632: begin an election at term 746 for -1: [8a63e1ae-032e-4bed-9f20-125a11f65413:0.0.0.0:38685, 8f18dce1-0a3d-4b65-9c78-af3d58b2da7f:0.0.0.0:42489, 7b1e61a0-7daf-43dd-99d5-9b325c1d31ae:0.0.0.0:38412], old=null
2019-10-20 17:41:33,002 [grpc-default-executor-3] INFO  impl.RaftServerImpl (RaftServerImpl.java:setRole(184)) - 8a63e1ae-032e-4bed-9f20-125a11f65413@group-091950D56227: changes role from  FOLLOWER to FOLLOWER at term 746 for recognizeCandidate:8f18dce1-0a3d-4b65-9c78-af3d58b2da7f
2019-10-20 17:41:33,002 [grpc-default-executor-0] INFO  impl.RaftServerImpl (RaftServerImpl.java:setRole(184)) - 7b1e61a0-7daf-43dd-99d5-9b325c1d31ae@group-091950D56227: changes role from  FOLLOWER to FOLLOWER at term 746 for recognizeCandidate:8f18dce1-0a3d-4b65-9c78-af3d58b2da7f
2019-10-20 17:41:33,002 [grpc-default-executor-0] INFO  impl.RoleInfo (RoleInfo.java:shutdownFollowerState(121)) - 7b1e61a0-7daf-43dd-99d5-9b325c1d31ae: shutdown FollowerState
2019-10-20 17:41:33,002 [grpc-default-executor-3] INFO  impl.RoleInfo (RoleInfo.java:shutdownFollowerState(121)) - 8a63e1ae-032e-4bed-9f20-125a11f65413: shutdown FollowerState
2019-10-20 17:41:33,002 [grpc-default-executor-0] INFO  impl.RoleInfo (RoleInfo.java:updateAndGet(143)) - 7b1e61a0-7daf-43dd-99d5-9b325c1d31ae: start FollowerState
2019-10-20 17:41:33,002 [Thread-4486] INFO  impl.FollowerState (FollowerState.java:run(117)) - 7b1e61a0-7daf-43dd-99d5-9b325c1d31ae@group-091950D56227-FollowerState was interrupted: java.lang.InterruptedException: sleep interrupted
2019-10-20 17:41:33,002 [Thread-4485] INFO  impl.FollowerState (FollowerState.java:run(117)) - 8a63e1ae-032e-4bed-9f20-125a11f65413@group-091950D56227-FollowerState was interrupted: java.lang.InterruptedException: sleep interrupted
2019-10-20 17:41:33,002 [grpc-default-executor-3] INFO  impl.RoleInfo (RoleInfo.java:updateAndGet(143)) - 8a63e1ae-032e-4bed-9f20-125a11f65413: start FollowerState
2019-10-20 17:41:33,027 [8f18dce1-0a3d-4b65-9c78-af3d58b2da7f@group-091950D56227-LeaderElection632] INFO  impl.LeaderElection (LeaderElection.java:logAndReturn(56)) - 8f18dce1-0a3d-4b65-9c78-af3d58b2da7f@group-091950D56227-LeaderElection632: Election REJECTED; received 2 response(s) [8f18dce1-0a3d-4b65-9c78-af3d58b2da7f<-8a63e1ae-032e-4bed-9f20-125a11f65413#0:FAIL-t746, 8f18dce1-0a3d-4b65-9c78-af3d58b2da7f<-7b1e61a0-7daf-43dd-99d5-9b325c1d31ae#0:FAIL-t746] and 0 exception(s); 8f18dce1-0a3d-4b65-9c78-af3d58b2da7f@group-091950D56227:t746, leader=null, voted=8f18dce1-0a3d-4b65-9c78-af3d58b2da7f, raftlog=8f18dce1-0a3d-4b65-9c78-af3d58b2da7f@group-091950D56227-SegmentedRaftLog:OPENED:c-1,f-1,i0, conf=-1: [8a63e1ae-032e-4bed-9f20-125a11f65413:0.0.0.0:38685, 8f18dce1-0a3d-4b65-9c78-af3d58b2da7f:0.0.0.0:42489, 7b1e61a0-7daf-43dd-99d5-9b325c1d31ae:0.0.0.0:38412], old=null
2019-10-20 17:41:33,027 [8f18dce1-0a3d-4b65-9c78-af3d58b2da7f@group-091950D56227-LeaderElection632] INFO  impl.RaftServerImpl (RaftServerImpl.java:setRole(184)) - 8f18dce1-0a3d-4b65-9c78-af3d58b2da7f@group-091950D56227: changes role from CANDIDATE to FOLLOWER at term 746 for DISCOVERED_A_NEW_TERM
2019-10-20 17:41:33,027 [8f18dce1-0a3d-4b65-9c78-af3d58b2da7f@group-091950D56227-LeaderElection632] INFO  impl.RoleInfo (RoleInfo.java:shutdownLeaderElection(134)) - 8f18dce1-0a3d-4b65-9c78-af3d58b2da7f: shutdown LeaderElection
2019-10-20 17:41:33,028 [8f18dce1-0a3d-4b65-9c78-af3d58b2da7f@group-091950D56227-LeaderElection632] INFO  impl.RoleInfo (RoleInfo.java:updateAndGet(143)) - 8f18dce1-0a3d-4b65-9c78-af3d58b2da7f: start FollowerState
2019-10-20 17:41:33,131 [Thread-4493] INFO  impl.FollowerState (FollowerState.java:run(108)) - 8f18dce1-0a3d-4b65-9c78-af3d58b2da7f@group-091950D56227-FollowerState: change to CANDIDATE, lastRpcTime:103ms, electionTimeout:103ms
2019-10-20 17:41:33,131 [Thread-4493] INFO  impl.RoleInfo (RoleInfo.java:shutdownFollowerState(121)) - 8f18dce1-0a3d-4b65-9c78-af3d58b2da7f: shutdown FollowerState
2019-10-20 17:41:33,131 [Thread-4493] INFO  impl.RaftServerImpl (RaftServerImpl.java:setRole(184)) - 8f18dce1-0a3d-4b65-9c78-af3d58b2da7f@group-091950D56227: changes role from  FOLLOWER to CANDIDATE at term 746 for changeToCandidate
2019-10-20 17:41:33,131 [Thread-4493] INFO  impl.RoleInfo (RoleInfo.java:updateAndGet(143)) - 8f18dce1-0a3d-4b65-9c78-af3d58b2da7f: start LeaderElection
2019-10-20 17:41:33,160 [8f18dce1-0a3d-4b65-9c78-af3d58b2da7f@group-091950D56227-LeaderElection633] INFO  impl.LeaderElection (LeaderElection.java:askForVotes(178)) - 8f18dce1-0a3d-4b65-9c78-af3d58b2da7f@group-091950D56227-LeaderElection633: begin an election at term 747 for -1: [8a63e1ae-032e-4bed-9f20-125a11f65413:0.0.0.0:38685, 8f18dce1-0a3d-4b65-9c78-af3d58b2da7f:0.0.0.0:42489, 7b1e61a0-7daf-43dd-99d5-9b325c1d31ae:0.0.0.0:38412], old=null
2019-10-20 17:41:33,162 [grpc-default-executor-0] INFO  impl.RaftServerImpl (RaftServerImpl.java:setRole(184)) - 8a63e1ae-032e-4bed-9f20-125a11f65413@group-091950D56227: changes role from  FOLLOWER to FOLLOWER at term 747 for recognizeCandidate:8f18dce1-0a3d-4b65-9c78-af3d58b2da7f
2019-10-20 17:41:33,162 [grpc-default-executor-3] INFO  impl.RaftServerImpl (RaftServerImpl.java:setRole(184)) - 7b1e61a0-7daf-43dd-99d5-9b325c1d31ae@group-091950D56227: changes role from  FOLLOWER to FOLLOWER at term 747 for recognizeCandidate:8f18dce1-0a3d-4b65-9c78-af3d58b2da7f
2019-10-20 17:41:33,162 [grpc-default-executor-0] INFO  impl.RoleInfo (RoleInfo.java:shutdownFollowerState(121)) - 8a63e1ae-032e-4bed-9f20-125a11f65413: shutdown FollowerState
2019-10-20 17:41:33,162 [grpc-default-executor-3] INFO  impl.RoleInfo (RoleInfo.java:shutdownFollowerState(121)) - 7b1e61a0-7daf-43dd-99d5-9b325c1d31ae: shutdown FollowerState
2019-10-20 17:41:33,162 [Thread-4492] INFO  impl.FollowerState (FollowerState.java:run(117)) - 8a63e1ae-032e-4bed-9f20-125a11f65413@group-091950D56227-FollowerState was interrupted: java.lang.InterruptedException: sleep interrupted
2019-10-20 17:41:33,162 [grpc-default-executor-0] INFO  impl.RoleInfo (RoleInfo.java:updateAndGet(143)) - 8a63e1ae-032e-4bed-9f20-125a11f65413: start FollowerState
2019-10-20 17:41:33,162 [Thread-4491] INFO  impl.FollowerState (FollowerState.java:run(117)) - 7b1e61a0-7daf-43dd-99d5-9b325c1d31ae@group-091950D56227-FollowerState was interrupted: java.lang.InterruptedException: sleep interrupted
2019-10-20 17:41:33,162 [grpc-default-executor-3] INFO  impl.RoleInfo (RoleInfo.java:updateAndGet(143)) - 7b1e61a0-7daf-43dd-99d5-9b325c1d31ae: start FollowerState
2019-10-20 17:41:33,186 [8f18dce1-0a3d-4b65-9c78-af3d58b2da7f@group-091950D56227-LeaderElection633] INFO  impl.LeaderElection (LeaderElection.java:logAndReturn(56)) - 8f18dce1-0a3d-4b65-9c78-af3d58b2da7f@group-091950D56227-LeaderElection633: Election REJECTED; received 2 response(s) [8f18dce1-0a3d-4b65-9c78-af3d58b2da7f<-8a63e1ae-032e-4bed-9f20-125a11f65413#0:FAIL-t747, 8f18dce1-0a3d-4b65-9c78-af3d58b2da7f<-7b1e61a0-7daf-43dd-99d5-9b325c1d31ae#0:FAIL-t747] and 0 exception(s); 8f18dce1-0a3d-4b65-9c78-af3d58b2da7f@group-091950D56227:t747, leader=null, voted=8f18dce1-0a3d-4b65-9c78-af3d58b2da7f, raftlog=8f18dce1-0a3d-4b65-9c78-af3d58b2da7f@group-091950D56227-SegmentedRaftLog:OPENED:c-1,f-1,i0, conf=-1: [8a63e1ae-032e-4bed-9f20-125a11f65413:0.0.0.0:38685, 8f18dce1-0a3d-4b65-9c78-af3d58b2da7f:0.0.0.0:42489, 7b1e61a0-7daf-43dd-99d5-9b325c1d31ae:0.0.0.0:38412], old=null
2019-10-20 17:41:33,187 [8f18dce1-0a3d-4b65-9c78-af3d58b2da7f@group-091950D56227-LeaderElection633] INFO  impl.RaftServerImpl (RaftServerImpl.java:setRole(184)) - 8f18dce1-0a3d-4b65-9c78-af3d58b2da7f@group-091950D56227: changes role from CANDIDATE to FOLLOWER at term 747 for DISCOVERED_A_NEW_TERM
2019-10-20 17:41:33,187 [8f18dce1-0a3d-4b65-9c78-af3d58b2da7f@group-091950D56227-LeaderElection633] INFO  impl.RoleInfo (RoleInfo.java:shutdownLeaderElection(134)) - 8f18dce1-0a3d-4b65-9c78-af3d58b2da7f: shutdown LeaderElection
2019-10-20 17:41:33,187 [8f18dce1-0a3d-4b65-9c78-af3d58b2da7f@group-091950D56227-LeaderElection633] INFO  impl.RoleInfo (RoleInfo.java:updateAndGet(143)) - 8f18dce1-0a3d-4b65-9c78-af3d58b2da7f: start FollowerState
2019-10-20 17:41:33,386 [Thread-4499] INFO  impl.FollowerState (FollowerState.java:run(108)) - 8f18dce1-0a3d-4b65-9c78-af3d58b2da7f@group-091950D56227-FollowerState: change to CANDIDATE, lastRpcTime:199ms, electionTimeout:199ms
2019-10-20 17:41:33,387 [Thread-4499] INFO  impl.RoleInfo (RoleInfo.java:shutdownFollowerState(121)) - 8f18dce1-0a3d-4b65-9c78-af3d58b2da7f: shutdown FollowerState
2019-10-20 17:41:33,387 [Thread-4499] INFO  impl.RaftServerImpl (RaftServerImpl.java:setRole(184)) - 8f18dce1-0a3d-4b65-9c78-af3d58b2da7f@group-091950D56227: changes role from  FOLLOWER to CANDIDATE at term 747 for changeToCandidate
2019-10-20 17:41:33,387 [Thread-4499] INFO  impl.RoleInfo (RoleInfo.java:updateAndGet(143)) - 8f18dce1-0a3d-4b65-9c78-af3d58b2da7f: start LeaderElection
2019-10-20 17:41:33,411 [8f18dce1-0a3d-4b65-9c78-af3d58b2da7f@group-091950D56227-LeaderElection634] INFO  impl.LeaderElection (LeaderElection.java:askForVotes(178)) - 8f18dce1-0a3d-4b65-9c78-af3d58b2da7f@group-091950D56227-LeaderElection634: begin an election at term 748 for -1: [8a63e1ae-032e-4bed-9f20-125a11f65413:0.0.0.0:38685, 8f18dce1-0a3d-4b65-9c78-af3d58b2da7f:0.0.0.0:42489, 7b1e61a0-7daf-43dd-99d5-9b325c1d31ae:0.0.0.0:38412], old=null
2019-10-20 17:41:33,413 [grpc-default-executor-0] INFO  impl.RaftServerImpl (RaftServerImpl.java:setRole(184)) - 7b1e61a0-7daf-43dd-99d5-9b325c1d31ae@group-091950D56227: changes role from  FOLLOWER to FOLLOWER at term 748 for recognizeCandidate:8f18dce1-0a3d-4b65-9c78-af3d58b2da7f
2019-10-20 17:41:33,413 [grpc-default-executor-3] INFO  impl.RaftServerImpl (RaftServerImpl.java:setRole(184)) - 8a63e1ae-032e-4bed-9f20-125a11f65413@group-091950D56227: changes role from  FOLLOWER to FOLLOWER at term 748 for recognizeCandidate:8f18dce1-0a3d-4b65-9c78-af3d58b2da7f
2019-10-20 17:41:33,413 [grpc-default-executor-3] INFO  impl.RoleInfo (RoleInfo.java:shutdownFollowerState(121)) - 8a63e1ae-032e-4bed-9f20-125a11f65413: shutdown FollowerState
2019-10-20 17:41:33,413 [grpc-default-executor-0] INFO  impl.RoleInfo (RoleInfo.java:shutdownFollowerState(121)) - 7b1e61a0-7daf-43dd-99d5-9b325c1d31ae: shutdown FollowerState
2019-10-20 17:41:33,413 [Thread-4497] INFO  impl.FollowerState (FollowerState.java:run(117)) - 8a63e1ae-032e-4bed-9f20-125a11f65413@group-091950D56227-FollowerState was interrupted: java.lang.InterruptedException: sleep interrupted
2019-10-20 17:41:33,413 [grpc-default-executor-3] INFO  impl.RoleInfo (RoleInfo.java:updateAndGet(143)) - 8a63e1ae-032e-4bed-9f20-125a11f65413: start FollowerState
2019-10-20 17:41:33,414 [Thread-4498] INFO  impl.FollowerState (FollowerState.java:run(117)) - 7b1e61a0-7daf-43dd-99d5-9b325c1d31ae@group-091950D56227-FollowerState was interrupted: java.lang.InterruptedException: sleep interrupted
2019-10-20 17:41:33,414 [grpc-default-executor-0] INFO  impl.RoleInfo (RoleInfo.java:updateAndGet(143)) - 7b1e61a0-7daf-43dd-99d5-9b325c1d31ae: start FollowerState
2019-10-20 17:41:33,437 [8f18dce1-0a3d-4b65-9c78-af3d58b2da7f@group-091950D56227-LeaderElection634] INFO  impl.LeaderElection (LeaderElection.java:logAndReturn(56)) - 8f18dce1-0a3d-4b65-9c78-af3d58b2da7f@group-091950D56227-LeaderElection634: Election REJECTED; received 2 response(s) [8f18dce1-0a3d-4b65-9c78-af3d58b2da7f<-8a63e1ae-032e-4bed-9f20-125a11f65413#0:FAIL-t748, 8f18dce1-0a3d-4b65-9c78-af3d58b2da7f<-7b1e61a0-7daf-43dd-99d5-9b325c1d31ae#0:FAIL-t748] and 0 exception(s); 8f18dce1-0a3d-4b65-9c78-af3d58b2da7f@group-091950D56227:t748, leader=null, voted=8f18dce1-0a3d-4b65-9c78-af3d58b2da7f, raftlog=8f18dce1-0a3d-4b65-9c78-af3d58b2da7f@group-091950D56227-SegmentedRaftLog:OPENED:c-1,f-1,i0, conf=-1: [8a63e1ae-032e-4bed-9f20-125a11f65413:0.0.0.0:38685, 8f18dce1-0a3d-4b65-9c78-af3d58b2da7f:0.0.0.0:42489, 7b1e61a0-7daf-43dd-99d5-9b325c1d31ae:0.0.0.0:38412], old=null
2019-10-20 17:41:33,438 [8f18dce1-0a3d-4b65-9c78-af3d58b2da7f@group-091950D56227-LeaderElection634] INFO  impl.RaftServerImpl (RaftServerImpl.java:setRole(184)) - 8f18dce1-0a3d-4b65-9c78-af3d58b2da7f@group-091950D56227: changes role from CANDIDATE to FOLLOWER at term 748 for DISCOVERED_A_NEW_TERM
2019-10-20 17:41:33,438 [8f18dce1-0a3d-4b65-9c78-af3d58b2da7f@group-091950D56227-LeaderElection634] INFO  impl.RoleInfo (RoleInfo.java:shutdownLeaderElection(134)) - 8f18dce1-0a3d-4b65-9c78-af3d58b2da7f: shutdown LeaderElection
2019-10-20 17:41:33,438 [8f18dce1-0a3d-4b65-9c78-af3d58b2da7f@group-091950D56227-LeaderElection634] INFO  impl.RoleInfo (RoleInfo.java:updateAndGet(143)) - 8f18dce1-0a3d-4b65-9c78-af3d58b2da7f: start FollowerState
2019-10-20 17:41:33,531 [Thread-4505] INFO  impl.FollowerState (FollowerState.java:run(108)) - 8f18dce1-0a3d-4b65-9c78-af3d58b2da7f@group-091950D56227-FollowerState: change to CANDIDATE, lastRpcTime:93ms, electionTimeout:93ms
2019-10-20 17:41:33,531 [Thread-4505] INFO  impl.RoleInfo (RoleInfo.java:shutdownFollowerState(121)) - 8f18dce1-0a3d-4b65-9c78-af3d58b2da7f: shutdown FollowerState
2019-10-20 17:41:33,531 [Thread-4505] INFO  impl.RaftServerImpl (RaftServerImpl.java:setRole(184)) - 8f18dce1-0a3d-4b65-9c78-af3d58b2da7f@group-091950D56227: changes role from  FOLLOWER to CANDIDATE at term 748 for changeToCandidate
2019-10-20 17:41:33,531 [Thread-4505] INFO  impl.RoleInfo (RoleInfo.java:updateAndGet(143)) - 8f18dce1-0a3d-4b65-9c78-af3d58b2da7f: start LeaderElection
2019-10-20 17:41:33,554 [8f18dce1-0a3d-4b65-9c78-af3d58b2da7f@group-091950D56227-LeaderElection635] INFO  impl.LeaderElection (LeaderElection.java:askForVotes(178)) - 8f18dce1-0a3d-4b65-9c78-af3d58b2da7f@group-091950D56227-LeaderElection635: begin an election at term 749 for -1: [8a63e1ae-032e-4bed-9f20-125a11f65413:0.0.0.0:38685, 8f18dce1-0a3d-4b65-9c78-af3d58b2da7f:0.0.0.0:42489, 7b1e61a0-7daf-43dd-99d5-9b325c1d31ae:0.0.0.0:38412], old=null
2019-10-20 17:41:33,555 [grpc-default-executor-3] INFO  impl.RaftServerImpl (RaftServerImpl.java:setRole(184)) - 8a63e1ae-032e-4bed-9f20-125a11f65413@group-091950D56227: changes role from  FOLLOWER to FOLLOWER at term 749 for recognizeCandidate:8f18dce1-0a3d-4b65-9c78-af3d58b2da7f
2019-10-20 17:41:33,556 [grpc-default-executor-3] INFO  impl.RoleInfo (RoleInfo.java:shutdownFollowerState(121)) - 8a63e1ae-032e-4bed-9f20-125a11f65413: shutdown FollowerState
2019-10-20 17:41:33,556 [grpc-default-executor-3] INFO  impl.RoleInfo (RoleInfo.java:updateAndGet(143)) - 8a63e1ae-032e-4bed-9f20-125a11f65413: start FollowerState
2019-10-20 17:41:33,556 [Thread-4503] INFO  impl.FollowerState (FollowerState.java:run(117)) - 8a63e1ae-032e-4bed-9f20-125a11f65413@group-091950D56227-FollowerState was interrupted: java.lang.InterruptedException: sleep interrupted
2019-10-20 17:41:33,556 [grpc-default-executor-0] INFO  impl.RaftServerImpl (RaftServerImpl.java:setRole(184)) - 7b1e61a0-7daf-43dd-99d5-9b325c1d31ae@group-091950D56227: changes role from  FOLLOWER to FOLLOWER at term 749 for recognizeCandidate:8f18dce1-0a3d-4b65-9c78-af3d58b2da7f
2019-10-20 17:41:33,556 [grpc-default-executor-0] INFO  impl.RoleInfo (RoleInfo.java:shutdownFollowerState(121)) - 7b1e61a0-7daf-43dd-99d5-9b325c1d31ae: shutdown FollowerState
2019-10-20 17:41:33,557 [grpc-default-executor-0] INFO  impl.RoleInfo (RoleInfo.java:updateAndGet(143)) - 7b1e61a0-7daf-43dd-99d5-9b325c1d31ae: start FollowerState
2019-10-20 17:41:33,557 [Thread-4504] INFO  impl.FollowerState (FollowerState.java:run(117)) - 7b1e61a0-7daf-43dd-99d5-9b325c1d31ae@group-091950D56227-FollowerState was interrupted: java.lang.InterruptedException: sleep interrupted
2019-10-20 17:41:33,580 [8f18dce1-0a3d-4b65-9c78-af3d58b2da7f@group-091950D56227-LeaderElection635] INFO  impl.LeaderElection (LeaderElection.java:logAndReturn(56)) - 8f18dce1-0a3d-4b65-9c78-af3d58b2da7f@group-091950D56227-LeaderElection635: Election REJECTED; received 2 response(s) [8f18dce1-0a3d-4b65-9c78-af3d58b2da7f<-8a63e1ae-032e-4bed-9f20-125a11f65413#0:FAIL-t749, 8f18dce1-0a3d-4b65-9c78-af3d58b2da7f<-7b1e61a0-7daf-43dd-99d5-9b325c1d31ae#0:FAIL-t749] and 0 exception(s); 8f18dce1-0a3d-4b65-9c78-af3d58b2da7f@group-091950D56227:t749, leader=null, voted=8f18dce1-0a3d-4b65-9c78-af3d58b2da7f, raftlog=8f18dce1-0a3d-4b65-9c78-af3d58b2da7f@group-091950D56227-SegmentedRaftLog:OPENED:c-1,f-1,i0, conf=-1: [8a63e1ae-032e-4bed-9f20-125a11f65413:0.0.0.0:38685, 8f18dce1-0a3d-4b65-9c78-af3d58b2da7f:0.0.0.0:42489, 7b1e61a0-7daf-43dd-99d5-9b325c1d31ae:0.0.0.0:38412], old=null
2019-10-20 17:41:33,580 [8f18dce1-0a3d-4b65-9c78-af3d58b2da7f@group-091950D56227-LeaderElection635] INFO  impl.RaftServerImpl (RaftServerImpl.java:setRole(184)) - 8f18dce1-0a3d-4b65-9c78-af3d58b2da7f@group-091950D56227: changes role from CANDIDATE to FOLLOWER at term 749 for DISCOVERED_A_NEW_TERM
2019-10-20 17:41:33,580 [8f18dce1-0a3d-4b65-9c78-af3d58b2da7f@group-091950D56227-LeaderElection635] INFO  impl.RoleInfo (RoleInfo.java:shutdownLeaderElection(134)) - 8f18dce1-0a3d-4b65-9c78-af3d58b2da7f: shutdown LeaderElection
2019-10-20 17:41:33,581 [8f18dce1-0a3d-4b65-9c78-af3d58b2da7f@group-091950D56227-LeaderElection635] INFO  impl.RoleInfo (RoleInfo.java:updateAndGet(143)) - 8f18dce1-0a3d-4b65-9c78-af3d58b2da7f: start FollowerState
2019-10-20 17:41:33,668 [Thread-4511] INFO  impl.FollowerState (FollowerState.java:run(108)) - 8f18dce1-0a3d-4b65-9c78-af3d58b2da7f@group-091950D56227-FollowerState: change to CANDIDATE, lastRpcTime:87ms, electionTimeout:87ms
2019-10-20 17:41:33,668 [Thread-4511] INFO  impl.RoleInfo (RoleInfo.java:shutdownFollowerState(121)) - 8f18dce1-0a3d-4b65-9c78-af3d58b2da7f: shutdown FollowerState
2019-10-20 17:41:33,668 [Thread-4511] INFO  impl.RaftServerImpl (RaftServerImpl.java:setRole(184)) - 8f18dce1-0a3d-4b65-9c78-af3d58b2da7f@group-091950D56227: changes role from  FOLLOWER to CANDIDATE at term 749 for changeToCandidate
2019-10-20 17:41:33,668 [Thread-4511] INFO  impl.RoleInfo (RoleInfo.java:updateAndGet(143)) - 8f18dce1-0a3d-4b65-9c78-af3d58b2da7f: start LeaderElection
2019-10-20 17:41:33,697 [8f18dce1-0a3d-4b65-9c78-af3d58b2da7f@group-091950D56227-LeaderElection636] INFO  impl.LeaderElection (LeaderElection.java:askForVotes(178)) - 8f18dce1-0a3d-4b65-9c78-af3d58b2da7f@group-091950D56227-LeaderElection636: begin an election at term 750 for -1: [8a63e1ae-032e-4bed-9f20-125a11f65413:0.0.0.0:38685, 8f18dce1-0a3d-4b65-9c78-af3d58b2da7f:0.0.0.0:42489, 7b1e61a0-7daf-43dd-99d5-9b325c1d31ae:0.0.0.0:38412], old=null
2019-10-20 17:41:33,698 [grpc-default-executor-3] INFO  impl.RaftServerImpl (RaftServerImpl.java:setRole(184)) - 8a63e1ae-032e-4bed-9f20-125a11f65413@group-091950D56227: changes role from  FOLLOWER to FOLLOWER at term 750 for recognizeCandidate:8f18dce1-0a3d-4b65-9c78-af3d58b2da7f
2019-10-20 17:41:33,698 [grpc-default-executor-3] INFO  impl.RoleInfo (RoleInfo.java:shutdownFollowerState(121)) - 8a63e1ae-032e-4bed-9f20-125a11f65413: shutdown FollowerState
2019-10-20 17:41:33,698 [grpc-default-executor-1] INFO  impl.RaftServerImpl (RaftServerImpl.java:setRole(184)) - 7b1e61a0-7daf-43dd-99d5-9b325c1d31ae@group-091950D56227: changes role from  FOLLOWER to FOLLOWER at term 750 for recognizeCandidate:8f18dce1-0a3d-4b65-9c78-af3d58b2da7f
2019-10-20 17:41:33,698 [grpc-default-executor-3] INFO  impl.RoleInfo (RoleInfo.java:updateAndGet(143)) - 8a63e1ae-032e-4bed-9f20-125a11f65413: start FollowerState
2019-10-20 17:41:33,698 [Thread-4509] INFO  impl.FollowerState (FollowerState.java:run(117)) - 8a63e1ae-032e-4bed-9f20-125a11f65413@group-091950D56227-FollowerState was interrupted: java.lang.InterruptedException: sleep interrupted
2019-10-20 17:41:33,699 [grpc-default-executor-1] INFO  impl.RoleInfo (RoleInfo.java:shutdownFollowerState(121)) - 7b1e61a0-7daf-43dd-99d5-9b325c1d31ae: shutdown FollowerState
2019-10-20 17:41:33,699 [grpc-default-executor-1] INFO  impl.RoleInfo (RoleInfo.java:updateAndGet(143)) - 7b1e61a0-7daf-43dd-99d5-9b325c1d31ae: start FollowerState
2019-10-20 17:41:33,699 [Thread-4510] INFO  impl.FollowerState (FollowerState.java:run(117)) - 7b1e61a0-7daf-43dd-99d5-9b325c1d31ae@group-091950D56227-FollowerState was interrupted: java.lang.InterruptedException: sleep interrupted
2019-10-20 17:41:33,723 [8f18dce1-0a3d-4b65-9c78-af3d58b2da7f@group-091950D56227-LeaderElection636] INFO  impl.LeaderElection (LeaderElection.java:logAndReturn(56)) - 8f18dce1-0a3d-4b65-9c78-af3d58b2da7f@group-091950D56227-LeaderElection636: Election REJECTED; received 2 response(s) [8f18dce1-0a3d-4b65-9c78-af3d58b2da7f<-8a63e1ae-032e-4bed-9f20-125a11f65413#0:FAIL-t750, 8f18dce1-0a3d-4b65-9c78-af3d58b2da7f<-7b1e61a0-7daf-43dd-99d5-9b325c1d31ae#0:FAIL-t750] and 0 exception(s); 8f18dce1-0a3d-4b65-9c78-af3d58b2da7f@group-091950D56227:t750, leader=null, voted=8f18dce1-0a3d-4b65-9c78-af3d58b2da7f, raftlog=8f18dce1-0a3d-4b65-9c78-af3d58b2da7f@group-091950D56227-SegmentedRaftLog:OPENED:c-1,f-1,i0, conf=-1: [8a63e1ae-032e-4bed-9f20-125a11f65413:0.0.0.0:38685, 8f18dce1-0a3d-4b65-9c78-af3d58b2da7f:0.0.0.0:42489, 7b1e61a0-7daf-43dd-99d5-9b325c1d31ae:0.0.0.0:38412], old=null
2019-10-20 17:41:33,723 [8f18dce1-0a3d-4b65-9c78-af3d58b2da7f@group-091950D56227-LeaderElection636] INFO  impl.RaftServerImpl (RaftServerImpl.java:setRole(184)) - 8f18dce1-0a3d-4b65-9c78-af3d58b2da7f@group-091950D56227: changes role from CANDIDATE to FOLLOWER at term 750 for DISCOVERED_A_NEW_TERM
2019-10-20 17:41:33,723 [8f18dce1-0a3d-4b65-9c78-af3d58b2da7f@group-091950D56227-LeaderElection636] INFO  impl.RoleInfo (RoleInfo.java:shutdownLeaderElection(134)) - 8f18dce1-0a3d-4b65-9c78-af3d58b2da7f: shutdown LeaderElection
2019-10-20 17:41:33,723 [8f18dce1-0a3d-4b65-9c78-af3d58b2da7f@group-091950D56227-LeaderElection636] INFO  impl.RoleInfo (RoleInfo.java:updateAndGet(143)) - 8f18dce1-0a3d-4b65-9c78-af3d58b2da7f: start FollowerState
2019-10-20 17:41:33,904 [Thread-4519] INFO  impl.FollowerState (FollowerState.java:run(108)) - 8f18dce1-0a3d-4b65-9c78-af3d58b2da7f@group-091950D56227-FollowerState: change to CANDIDATE, lastRpcTime:181ms, electionTimeout:181ms
2019-10-20 17:41:33,905 [Thread-4519] INFO  impl.RoleInfo (RoleInfo.java:shutdownFollowerState(121)) - 8f18dce1-0a3d-4b65-9c78-af3d58b2da7f: shutdown FollowerState
2019-10-20 17:41:33,905 [Thread-4519] INFO  impl.RaftServerImpl (RaftServerImpl.java:setRole(184)) - 8f18dce1-0a3d-4b65-9c78-af3d58b2da7f@group-091950D56227: changes role from  FOLLOWER to CANDIDATE at term 750 for changeToCandidate
2019-10-20 17:41:33,905 [Thread-4519] INFO  impl.RoleInfo (RoleInfo.java:updateAndGet(143)) - 8f18dce1-0a3d-4b65-9c78-af3d58b2da7f: start LeaderElection
2019-10-20 17:41:33,931 [8f18dce1-0a3d-4b65-9c78-af3d58b2da7f@group-091950D56227-LeaderElection637] INFO  impl.LeaderElection (LeaderElection.java:askForVotes(178)) - 8f18dce1-0a3d-4b65-9c78-af3d58b2da7f@group-091950D56227-LeaderElection637: begin an election at term 751 for -1: [8a63e1ae-032e-4bed-9f20-125a11f65413:0.0.0.0:38685, 8f18dce1-0a3d-4b65-9c78-af3d58b2da7f:0.0.0.0:42489, 7b1e61a0-7daf-43dd-99d5-9b325c1d31ae:0.0.0.0:38412], old=null
2019-10-20 17:41:33,933 [grpc-default-executor-1] INFO  impl.RaftServerImpl (RaftServerImpl.java:setRole(184)) - 8a63e1ae-032e-4bed-9f20-125a11f65413@group-091950D56227: changes role from  FOLLOWER to FOLLOWER at term 751 for recognizeCandidate:8f18dce1-0a3d-4b65-9c78-af3d58b2da7f
2019-10-20 17:41:33,933 [grpc-default-executor-1] INFO  impl.RoleInfo (RoleInfo.java:shutdownFollowerState(121)) - 8a63e1ae-032e-4bed-9f20-125a11f65413: shutdown FollowerState
2019-10-20 17:41:33,933 [grpc-default-executor-3] INFO  impl.RaftServerImpl (RaftServerImpl.java:setRole(184)) - 7b1e61a0-7daf-43dd-99d5-9b325c1d31ae@group-091950D56227: changes role from  FOLLOWER to FOLLOWER at term 751 for recognizeCandidate:8f18dce1-0a3d-4b65-9c78-af3d58b2da7f
2019-10-20 17:41:33,933 [grpc-default-executor-3] INFO  impl.RoleInfo (RoleInfo.java:shutdownFollowerState(121)) - 7b1e61a0-7daf-43dd-99d5-9b325c1d31ae: shutdown FollowerState
2019-10-20 17:41:33,933 [Thread-4517] INFO  impl.FollowerState (FollowerState.java:run(117)) - 8a63e1ae-032e-4bed-9f20-125a11f65413@group-091950D56227-FollowerState was interrupted: java.lang.InterruptedException: sleep interrupted
2019-10-20 17:41:33,933 [grpc-default-executor-1] INFO  impl.RoleInfo (RoleInfo.java:updateAndGet(143)) - 8a63e1ae-032e-4bed-9f20-125a11f65413: start FollowerState
2019-10-20 17:41:33,933 [Thread-4518] INFO  impl.FollowerState (FollowerState.java:run(117)) - 7b1e61a0-7daf-43dd-99d5-9b325c1d31ae@group-091950D56227-FollowerState was interrupted: java.lang.InterruptedException: sleep interrupted
2019-10-20 17:41:33,933 [grpc-default-executor-3] INFO  impl.RoleInfo (RoleInfo.java:updateAndGet(143)) - 7b1e61a0-7daf-43dd-99d5-9b325c1d31ae: start FollowerState
2019-10-20 17:41:33,947 [8f18dce1-0a3d-4b65-9c78-af3d58b2da7f@group-091950D56227-LeaderElection637] INFO  impl.LeaderElection (LeaderElection.java:logAndReturn(56)) - 8f18dce1-0a3d-4b65-9c78-af3d58b2da7f@group-091950D56227-LeaderElection637: Election TIMEOUT; received 0 response(s) [] and 0 exception(s); 8f18dce1-0a3d-4b65-9c78-af3d58b2da7f@group-091950D56227:t751, leader=null, voted=8f18dce1-0a3d-4b65-9c78-af3d58b2da7f, raftlog=8f18dce1-0a3d-4b65-9c78-af3d58b2da7f@group-091950D56227-SegmentedRaftLog:OPENED:c-1,f-1,i0, conf=-1: [8a63e1ae-032e-4bed-9f20-125a11f65413:0.0.0.0:38685, 8f18dce1-0a3d-4b65-9c78-af3d58b2da7f:0.0.0.0:42489, 7b1e61a0-7daf-43dd-99d5-9b325c1d31ae:0.0.0.0:38412], old=null
2019-10-20 17:41:33,973 [8f18dce1-0a3d-4b65-9c78-af3d58b2da7f@group-091950D56227-LeaderElection637] INFO  impl.LeaderElection (LeaderElection.java:askForVotes(178)) - 8f18dce1-0a3d-4b65-9c78-af3d58b2da7f@group-091950D56227-LeaderElection637: begin an election at term 752 for -1: [8a63e1ae-032e-4bed-9f20-125a11f65413:0.0.0.0:38685, 8f18dce1-0a3d-4b65-9c78-af3d58b2da7f:0.0.0.0:42489, 7b1e61a0-7daf-43dd-99d5-9b325c1d31ae:0.0.0.0:38412], old=null
2019-10-20 17:41:33,975 [grpc-default-executor-3] INFO  impl.RaftServerImpl (RaftServerImpl.java:setRole(184)) - 8a63e1ae-032e-4bed-9f20-125a11f65413@group-091950D56227: changes role from  FOLLOWER to FOLLOWER at term 752 for recognizeCandidate:8f18dce1-0a3d-4b65-9c78-af3d58b2da7f
2019-10-20 17:41:33,975 [grpc-default-executor-3] INFO  impl.RoleInfo (RoleInfo.java:shutdownFollowerState(121)) - 8a63e1ae-032e-4bed-9f20-125a11f65413: shutdown FollowerState
2019-10-20 17:41:33,975 [grpc-default-executor-1] INFO  impl.RaftServerImpl (RaftServerImpl.java:setRole(184)) - 7b1e61a0-7daf-43dd-99d5-9b325c1d31ae@group-091950D56227: changes role from  FOLLOWER to FOLLOWER at term 752 for recognizeCandidate:8f18dce1-0a3d-4b65-9c78-af3d58b2da7f
2019-10-20 17:41:33,975 [grpc-default-executor-1] INFO  impl.RoleInfo (RoleInfo.java:shutdownFollowerState(121)) - 7b1e61a0-7daf-43dd-99d5-9b325c1d31ae: shutdown FollowerState
2019-10-20 17:41:33,975 [Thread-4523] INFO  impl.FollowerState (FollowerState.java:run(117)) - 8a63e1ae-032e-4bed-9f20-125a11f65413@group-091950D56227-FollowerState was interrupted: java.lang.InterruptedException: sleep interrupted
2019-10-20 17:41:33,975 [grpc-default-executor-3] INFO  impl.RoleInfo (RoleInfo.java:updateAndGet(143)) - 8a63e1ae-032e-4bed-9f20-125a11f65413: start FollowerState
2019-10-20 17:41:33,975 [Thread-4524] INFO  impl.FollowerState (FollowerState.java:run(117)) - 7b1e61a0-7daf-43dd-99d5-9b325c1d31ae@group-091950D56227-FollowerState was interrupted: java.lang.InterruptedException: sleep interrupted
2019-10-20 17:41:33,975 [grpc-default-executor-1] INFO  impl.RoleInfo (RoleInfo.java:updateAndGet(143)) - 7b1e61a0-7daf-43dd-99d5-9b325c1d31ae: start FollowerState
2019-10-20 17:41:33,999 [8f18dce1-0a3d-4b65-9c78-af3d58b2da7f@group-091950D56227-LeaderElection637] INFO  impl.LeaderElection (LeaderElection.java:logAndReturn(56)) - 8f18dce1-0a3d-4b65-9c78-af3d58b2da7f@group-091950D56227-LeaderElection637: Election REJECTED; received 2 response(s) [8f18dce1-0a3d-4b65-9c78-af3d58b2da7f<-8a63e1ae-032e-4bed-9f20-125a11f65413#0:FAIL-t752, 8f18dce1-0a3d-4b65-9c78-af3d58b2da7f<-7b1e61a0-7daf-43dd-99d5-9b325c1d31ae#0:FAIL-t752] and 0 exception(s); 8f18dce1-0a3d-4b65-9c78-af3d58b2da7f@group-091950D56227:t752, leader=null, voted=8f18dce1-0a3d-4b65-9c78-af3d58b2da7f, raftlog=8f18dce1-0a3d-4b65-9c78-af3d58b2da7f@group-091950D56227-SegmentedRaftLog:OPENED:c-1,f-1,i0, conf=-1: [8a63e1ae-032e-4bed-9f20-125a11f65413:0.0.0.0:38685, 8f18dce1-0a3d-4b65-9c78-af3d58b2da7f:0.0.0.0:42489, 7b1e61a0-7daf-43dd-99d5-9b325c1d31ae:0.0.0.0:38412], old=null
2019-10-20 17:41:34,000 [8f18dce1-0a3d-4b65-9c78-af3d58b2da7f@group-091950D56227-LeaderElection637] INFO  impl.RaftServerImpl (RaftServerImpl.java:setRole(184)) - 8f18dce1-0a3d-4b65-9c78-af3d58b2da7f@group-091950D56227: changes role from CANDIDATE to FOLLOWER at term 752 for DISCOVERED_A_NEW_TERM
2019-10-20 17:41:34,000 [8f18dce1-0a3d-4b65-9c78-af3d58b2da7f@group-091950D56227-LeaderElection637] INFO  impl.RoleInfo (RoleInfo.java:shutdownLeaderElection(134)) - 8f18dce1-0a3d-4b65-9c78-af3d58b2da7f: shutdown LeaderElection
2019-10-20 17:41:34,000 [8f18dce1-0a3d-4b65-9c78-af3d58b2da7f@group-091950D56227-LeaderElection637] INFO  impl.RoleInfo (RoleInfo.java:updateAndGet(143)) - 8f18dce1-0a3d-4b65-9c78-af3d58b2da7f: start FollowerState
2019-10-20 17:41:34,065 [Thread-4529] INFO  impl.FollowerState (FollowerState.java:run(108)) - 8f18dce1-0a3d-4b65-9c78-af3d58b2da7f@group-091950D56227-FollowerState: change to CANDIDATE, lastRpcTime:65ms, electionTimeout:65ms
2019-10-20 17:41:34,065 [Thread-4529] INFO  impl.RoleInfo (RoleInfo.java:shutdownFollowerState(121)) - 8f18dce1-0a3d-4b65-9c78-af3d58b2da7f: shutdown FollowerState
2019-10-20 17:41:34,066 [Thread-4529] INFO  impl.RaftServerImpl (RaftServerImpl.java:setRole(184)) - 8f18dce1-0a3d-4b65-9c78-af3d58b2da7f@group-091950D56227: changes role from  FOLLOWER to CANDIDATE at term 752 for changeToCandidate
2019-10-20 17:41:34,066 [Thread-4529] INFO  impl.RoleInfo (RoleInfo.java:updateAndGet(143)) - 8f18dce1-0a3d-4b65-9c78-af3d58b2da7f: start LeaderElection
2019-10-20 17:41:34,091 [8f18dce1-0a3d-4b65-9c78-af3d58b2da7f@group-091950D56227-LeaderElection638] INFO  impl.LeaderElection (LeaderElection.java:askForVotes(178)) - 8f18dce1-0a3d-4b65-9c78-af3d58b2da7f@group-091950D56227-LeaderElection638: begin an election at term 753 for -1: [8a63e1ae-032e-4bed-9f20-125a11f65413:0.0.0.0:38685, 8f18dce1-0a3d-4b65-9c78-af3d58b2da7f:0.0.0.0:42489, 7b1e61a0-7daf-43dd-99d5-9b325c1d31ae:0.0.0.0:38412], old=null
2019-10-20 17:41:34,093 [grpc-default-executor-1] INFO  impl.RaftServerImpl (RaftServerImpl.java:setRole(184)) - 8a63e1ae-032e-4bed-9f20-125a11f65413@group-091950D56227: changes role from  FOLLOWER to FOLLOWER at term 753 for recognizeCandidate:8f18dce1-0a3d-4b65-9c78-af3d58b2da7f
2019-10-20 17:41:34,093 [grpc-default-executor-1] INFO  impl.RoleInfo (RoleInfo.java:shutdownFollowerState(121)) - 8a63e1ae-032e-4bed-9f20-125a11f65413: shutdown FollowerState
2019-10-20 17:41:34,093 [grpc-default-executor-3] INFO  impl.RaftServerImpl (RaftServerImpl.java:setRole(184)) - 7b1e61a0-7daf-43dd-99d5-9b325c1d31ae@group-091950D56227: changes role from  FOLLOWER to FOLLOWER at term 753 for recognizeCandidate:8f18dce1-0a3d-4b65-9c78-af3d58b2da7f
2019-10-20 17:41:34,093 [Thread-4527] INFO  impl.FollowerState (FollowerState.java:run(117)) - 8a63e1ae-032e-4bed-9f20-125a11f65413@group-091950D56227-FollowerState was interrupted: java.lang.InterruptedException: sleep interrupted
2019-10-20 17:41:34,093 [grpc-default-executor-1] INFO  impl.RoleInfo (RoleInfo.java:updateAndGet(143)) - 8a63e1ae-032e-4bed-9f20-125a11f65413: start FollowerState
2019-10-20 17:41:34,093 [grpc-default-executor-3] INFO  impl.RoleInfo (RoleInfo.java:shutdownFollowerState(121)) - 7b1e61a0-7daf-43dd-99d5-9b325c1d31ae: shutdown FollowerState
2019-10-20 17:41:34,094 [grpc-default-executor-3] INFO  impl.RoleInfo (RoleInfo.java:updateAndGet(143)) - 7b1e61a0-7daf-43dd-99d5-9b325c1d31ae: start FollowerState
2019-10-20 17:41:34,094 [Thread-4528] INFO  impl.FollowerState (FollowerState.java:run(117)) - 7b1e61a0-7daf-43dd-99d5-9b325c1d31ae@group-091950D56227-FollowerState was interrupted: java.lang.InterruptedException: sleep interrupted
2019-10-20 17:41:34,117 [8f18dce1-0a3d-4b65-9c78-af3d58b2da7f@group-091950D56227-LeaderElection638] INFO  impl.LeaderElection (LeaderElection.java:logAndReturn(56)) - 8f18dce1-0a3d-4b65-9c78-af3d58b2da7f@group-091950D56227-LeaderElection638: Election REJECTED; received 2 response(s) [8f18dce1-0a3d-4b65-9c78-af3d58b2da7f<-8a63e1ae-032e-4bed-9f20-125a11f65413#0:FAIL-t753, 8f18dce1-0a3d-4b65-9c78-af3d58b2da7f<-7b1e61a0-7daf-43dd-99d5-9b325c1d31ae#0:FAIL-t753] and 0 exception(s); 8f18dce1-0a3d-4b65-9c78-af3d58b2da7f@group-091950D56227:t753, leader=null, voted=8f18dce1-0a3d-4b65-9c78-af3d58b2da7f, raftlog=8f18dce1-0a3d-4b65-9c78-af3d58b2da7f@group-091950D56227-SegmentedRaftLog:OPENED:c-1,f-1,i0, conf=-1: [8a63e1ae-032e-4bed-9f20-125a11f65413:0.0.0.0:38685, 8f18dce1-0a3d-4b65-9c78-af3d58b2da7f:0.0.0.0:42489, 7b1e61a0-7daf-43dd-99d5-9b325c1d31ae:0.0.0.0:38412], old=null
2019-10-20 17:41:34,117 [8f18dce1-0a3d-4b65-9c78-af3d58b2da7f@group-091950D56227-LeaderElection638] INFO  impl.RaftServerImpl (RaftServerImpl.java:setRole(184)) - 8f18dce1-0a3d-4b65-9c78-af3d58b2da7f@group-091950D56227: changes role from CANDIDATE to FOLLOWER at term 753 for DISCOVERED_A_NEW_TERM
2019-10-20 17:41:34,117 [8f18dce1-0a3d-4b65-9c78-af3d58b2da7f@group-091950D56227-LeaderElection638] INFO  impl.RoleInfo (RoleInfo.java:shutdownLeaderElection(134)) - 8f18dce1-0a3d-4b65-9c78-af3d58b2da7f: shutdown LeaderElection
2019-10-20 17:41:34,117 [8f18dce1-0a3d-4b65-9c78-af3d58b2da7f@group-091950D56227-LeaderElection638] INFO  impl.RoleInfo (RoleInfo.java:updateAndGet(143)) - 8f18dce1-0a3d-4b65-9c78-af3d58b2da7f: start FollowerState
2019-10-20 17:41:34,301 [Thread-4535] INFO  impl.FollowerState (FollowerState.java:run(108)) - 8f18dce1-0a3d-4b65-9c78-af3d58b2da7f@group-091950D56227-FollowerState: change to CANDIDATE, lastRpcTime:183ms, electionTimeout:183ms
2019-10-20 17:41:34,301 [Thread-4535] INFO  impl.RoleInfo (RoleInfo.java:shutdownFollowerState(121)) - 8f18dce1-0a3d-4b65-9c78-af3d58b2da7f: shutdown FollowerState
2019-10-20 17:41:34,301 [Thread-4535] INFO  impl.RaftServerImpl (RaftServerImpl.java:setRole(184)) - 8f18dce1-0a3d-4b65-9c78-af3d58b2da7f@group-091950D56227: changes role from  FOLLOWER to CANDIDATE at term 753 for changeToCandidate
2019-10-20 17:41:34,301 [Thread-4535] INFO  impl.RoleInfo (RoleInfo.java:updateAndGet(143)) - 8f18dce1-0a3d-4b65-9c78-af3d58b2da7f: start LeaderElection
2019-10-20 17:41:34,325 [8f18dce1-0a3d-4b65-9c78-af3d58b2da7f@group-091950D56227-LeaderElection639] INFO  impl.LeaderElection (LeaderElection.java:askForVotes(178)) - 8f18dce1-0a3d-4b65-9c78-af3d58b2da7f@group-091950D56227-LeaderElection639: begin an election at term 754 for -1: [8a63e1ae-032e-4bed-9f20-125a11f65413:0.0.0.0:38685, 8f18dce1-0a3d-4b65-9c78-af3d58b2da7f:0.0.0.0:42489, 7b1e61a0-7daf-43dd-99d5-9b325c1d31ae:0.0.0.0:38412], old=null
2019-10-20 17:41:34,327 [grpc-default-executor-1] INFO  impl.RaftServerImpl (RaftServerImpl.java:setRole(184)) - 8a63e1ae-032e-4bed-9f20-125a11f65413@group-091950D56227: changes role from  FOLLOWER to FOLLOWER at term 754 for recognizeCandidate:8f18dce1-0a3d-4b65-9c78-af3d58b2da7f
2019-10-20 17:41:34,327 [grpc-default-executor-3] INFO  impl.RaftServerImpl (RaftServerImpl.java:setRole(184)) - 7b1e61a0-7daf-43dd-99d5-9b325c1d31ae@group-091950D56227: changes role from  FOLLOWER to FOLLOWER at term 754 for recognizeCandidate:8f18dce1-0a3d-4b65-9c78-af3d58b2da7f
2019-10-20 17:41:34,327 [grpc-default-executor-3] INFO  impl.RoleInfo (RoleInfo.java:shutdownFollowerState(121)) - 7b1e61a0-7daf-43dd-99d5-9b325c1d31ae: shutdown FollowerState
2019-10-20 17:41:34,327 [grpc-default-executor-1] INFO  impl.RoleInfo (RoleInfo.java:shutdownFollowerState(121)) - 8a63e1ae-032e-4bed-9f20-125a11f65413: shutdown FollowerState
2019-10-20 17:41:34,327 [grpc-default-executor-3] INFO  impl.RoleInfo (RoleInfo.java:updateAndGet(143)) - 7b1e61a0-7daf-43dd-99d5-9b325c1d31ae: start FollowerState
2019-10-20 17:41:34,328 [Thread-4533] INFO  impl.FollowerState (FollowerState.java:run(117)) - 8a63e1ae-032e-4bed-9f20-125a11f65413@group-091950D56227-FollowerState was interrupted: java.lang.InterruptedException: sleep interrupted
2019-10-20 17:41:34,327 [grpc-default-executor-1] INFO  impl.RoleInfo (RoleInfo.java:updateAndGet(143)) - 8a63e1ae-032e-4bed-9f20-125a11f65413: start FollowerState
2019-10-20 17:41:34,327 [Thread-4534] INFO  impl.FollowerState (FollowerState.java:run(117)) - 7b1e61a0-7daf-43dd-99d5-9b325c1d31ae@group-091950D56227-FollowerState was interrupted: java.lang.InterruptedException: sleep interrupted
2019-10-20 17:41:34,330 [8f18dce1-0a3d-4b65-9c78-af3d58b2da7f@group-091950D56227-LeaderElection639] INFO  impl.LeaderElection (LeaderElection.java:logAndReturn(56)) - 8f18dce1-0a3d-4b65-9c78-af3d58b2da7f@group-091950D56227-LeaderElection639: Election TIMEOUT; received 0 response(s) [] and 0 exception(s); 8f18dce1-0a3d-4b65-9c78-af3d58b2da7f@group-091950D56227:t754, leader=null, voted=8f18dce1-0a3d-4b65-9c78-af3d58b2da7f, raftlog=8f18dce1-0a3d-4b65-9c78-af3d58b2da7f@group-091950D56227-SegmentedRaftLog:OPENED:c-1,f-1,i0, conf=-1: [8a63e1ae-032e-4bed-9f20-125a11f65413:0.0.0.0:38685, 8f18dce1-0a3d-4b65-9c78-af3d58b2da7f:0.0.0.0:42489, 7b1e61a0-7daf-43dd-99d5-9b325c1d31ae:0.0.0.0:38412], old=null
2019-10-20 17:41:34,351 [8f18dce1-0a3d-4b65-9c78-af3d58b2da7f@group-091950D56227-LeaderElection639] INFO  impl.LeaderElection (LeaderElection.java:askForVotes(178)) - 8f18dce1-0a3d-4b65-9c78-af3d58b2da7f@group-091950D56227-LeaderElection639: begin an election at term 755 for -1: [8a63e1ae-032e-4bed-9f20-125a11f65413:0.0.0.0:38685, 8f18dce1-0a3d-4b65-9c78-af3d58b2da7f:0.0.0.0:42489, 7b1e61a0-7daf-43dd-99d5-9b325c1d31ae:0.0.0.0:38412], old=null
2019-10-20 17:41:34,352 [grpc-default-executor-3] INFO  impl.RaftServerImpl (RaftServerImpl.java:setRole(184)) - 7b1e61a0-7daf-43dd-99d5-9b325c1d31ae@group-091950D56227: changes role from  FOLLOWER to FOLLOWER at term 755 for recognizeCandidate:8f18dce1-0a3d-4b65-9c78-af3d58b2da7f
2019-10-20 17:41:34,352 [grpc-default-executor-3] INFO  impl.RoleInfo (RoleInfo.java:shutdownFollowerState(121)) - 7b1e61a0-7daf-43dd-99d5-9b325c1d31ae: shutdown FollowerState
2019-10-20 17:41:34,352 [grpc-default-executor-3] INFO  impl.RoleInfo (RoleInfo.java:updateAndGet(143)) - 7b1e61a0-7daf-43dd-99d5-9b325c1d31ae: start FollowerState
2019-10-20 17:41:34,352 [Thread-4539] INFO  impl.FollowerState (FollowerState.java:run(117)) - 7b1e61a0-7daf-43dd-99d5-9b325c1d31ae@group-091950D56227-FollowerState was interrupted: java.lang.InterruptedException: sleep interrupted
2019-10-20 17:41:34,352 [grpc-default-executor-1] INFO  impl.RaftServerImpl (RaftServerImpl.java:setRole(184)) - 8a63e1ae-032e-4bed-9f20-125a11f65413@group-091950D56227: changes role from  FOLLOWER to FOLLOWER at term 755 for recognizeCandidate:8f18dce1-0a3d-4b65-9c78-af3d58b2da7f
2019-10-20 17:41:34,352 [grpc-default-executor-1] INFO  impl.RoleInfo (RoleInfo.java:shutdownFollowerState(121)) - 8a63e1ae-032e-4bed-9f20-125a11f65413: shutdown FollowerState
2019-10-20 17:41:34,352 [grpc-default-executor-1] INFO  impl.RoleInfo (RoleInfo.java:updateAndGet(143)) - 8a63e1ae-032e-4bed-9f20-125a11f65413: start FollowerState
2019-10-20 17:41:34,353 [Thread-4540] INFO  impl.FollowerState (FollowerState.java:run(117)) - 8a63e1ae-032e-4bed-9f20-125a11f65413@group-091950D56227-FollowerState was interrupted: java.lang.InterruptedException: sleep interrupted
2019-10-20 17:41:34,378 [8f18dce1-0a3d-4b65-9c78-af3d58b2da7f@group-091950D56227-LeaderElection639] INFO  impl.LeaderElection (LeaderElection.java:logAndReturn(56)) - 8f18dce1-0a3d-4b65-9c78-af3d58b2da7f@group-091950D56227-LeaderElection639: Election REJECTED; received 2 response(s) [8f18dce1-0a3d-4b65-9c78-af3d58b2da7f<-8a63e1ae-032e-4bed-9f20-125a11f65413#0:FAIL-t755, 8f18dce1-0a3d-4b65-9c78-af3d58b2da7f<-7b1e61a0-7daf-43dd-99d5-9b325c1d31ae#0:FAIL-t755] and 0 exception(s); 8f18dce1-0a3d-4b65-9c78-af3d58b2da7f@group-091950D56227:t755, leader=null, voted=8f18dce1-0a3d-4b65-9c78-af3d58b2da7f, raftlog=8f18dce1-0a3d-4b65-9c78-af3d58b2da7f@group-091950D56227-SegmentedRaftLog:OPENED:c-1,f-1,i0, conf=-1: [8a63e1ae-032e-4bed-9f20-125a11f65413:0.0.0.0:38685, 8f18dce1-0a3d-4b65-9c78-af3d58b2da7f:0.0.0.0:42489, 7b1e61a0-7daf-43dd-99d5-9b325c1d31ae:0.0.0.0:38412], old=null
2019-10-20 17:41:34,378 [8f18dce1-0a3d-4b65-9c78-af3d58b2da7f@group-091950D56227-LeaderElection639] INFO  impl.RaftServerImpl (RaftServerImpl.java:setRole(184)) - 8f18dce1-0a3d-4b65-9c78-af3d58b2da7f@group-091950D56227: changes role from CANDIDATE to FOLLOWER at term 755 for DISCOVERED_A_NEW_TERM
2019-10-20 17:41:34,378 [8f18dce1-0a3d-4b65-9c78-af3d58b2da7f@group-091950D56227-LeaderElection639] INFO  impl.RoleInfo (RoleInfo.java:shutdownLeaderElection(134)) - 8f18dce1-0a3d-4b65-9c78-af3d58b2da7f: shutdown LeaderElection
2019-10-20 17:41:34,378 [8f18dce1-0a3d-4b65-9c78-af3d58b2da7f@group-091950D56227-LeaderElection639] INFO  impl.RoleInfo (RoleInfo.java:updateAndGet(143)) - 8f18dce1-0a3d-4b65-9c78-af3d58b2da7f: start FollowerState
2019-10-20 17:41:34,552 [Thread-4545] INFO  impl.FollowerState (FollowerState.java:run(108)) - 8f18dce1-0a3d-4b65-9c78-af3d58b2da7f@group-091950D56227-FollowerState: change to CANDIDATE, lastRpcTime:173ms, electionTimeout:173ms
2019-10-20 17:41:34,552 [Thread-4545] INFO  impl.RoleInfo (RoleInfo.java:shutdownFollowerState(121)) - 8f18dce1-0a3d-4b65-9c78-af3d58b2da7f: shutdown FollowerState
2019-10-20 17:41:34,552 [Thread-4545] INFO  impl.RaftServerImpl (RaftServerImpl.java:setRole(184)) - 8f18dce1-0a3d-4b65-9c78-af3d58b2da7f@group-091950D56227: changes role from  FOLLOWER to CANDIDATE at term 755 for changeToCandidate
2019-10-20 17:41:34,552 [Thread-4545] INFO  impl.RoleInfo (RoleInfo.java:updateAndGet(143)) - 8f18dce1-0a3d-4b65-9c78-af3d58b2da7f: start LeaderElection
2019-10-20 17:41:34,578 [8f18dce1-0a3d-4b65-9c78-af3d58b2da7f@group-091950D56227-LeaderElection640] INFO  impl.LeaderElection (LeaderElection.java:askForVotes(178)) - 8f18dce1-0a3d-4b65-9c78-af3d58b2da7f@group-091950D56227-LeaderElection640: begin an election at term 756 for -1: [8a63e1ae-032e-4bed-9f20-125a11f65413:0.0.0.0:38685, 8f18dce1-0a3d-4b65-9c78-af3d58b2da7f:0.0.0.0:42489, 7b1e61a0-7daf-43dd-99d5-9b325c1d31ae:0.0.0.0:38412], old=null
2019-10-20 17:41:34,580 [grpc-default-executor-0] INFO  impl.RaftServerImpl (RaftServerImpl.java:setRole(184)) - 8a63e1ae-032e-4bed-9f20-125a11f65413@group-091950D56227: changes role from  FOLLOWER to FOLLOWER at term 756 for recognizeCandidate:8f18dce1-0a3d-4b65-9c78-af3d58b2da7f
2019-10-20 17:41:34,580 [grpc-default-executor-1] INFO  impl.RaftServerImpl (RaftServerImpl.java:setRole(184)) - 7b1e61a0-7daf-43dd-99d5-9b325c1d31ae@group-091950D56227: changes role from  FOLLOWER to FOLLOWER at term 756 for recognizeCandidate:8f18dce1-0a3d-4b65-9c78-af3d58b2da7f
2019-10-20 17:41:34,580 [grpc-default-executor-1] INFO  impl.RoleInfo (RoleInfo.java:shutdownFollowerState(121)) - 7b1e61a0-7daf-43dd-99d5-9b325c1d31ae: shutdown FollowerState
2019-10-20 17:41:34,580 [grpc-default-executor-0] INFO  impl.RoleInfo (RoleInfo.java:shutdownFollowerState(121)) - 8a63e1ae-032e-4bed-9f20-125a11f65413: shutdown FollowerState
2019-10-20 17:41:34,580 [Thread-4543] INFO  impl.FollowerState (FollowerState.java:run(117)) - 7b1e61a0-7daf-43dd-99d5-9b325c1d31ae@group-091950D56227-FollowerState was interrupted: java.lang.InterruptedException: sleep interrupted
2019-10-20 17:41:34,580 [Thread-4544] INFO  impl.FollowerState (FollowerState.java:run(117)) - 8a63e1ae-032e-4bed-9f20-125a11f65413@group-091950D56227-FollowerState was interrupted: java.lang.InterruptedException: sleep interrupted
2019-10-20 17:41:34,580 [grpc-default-executor-1] INFO  impl.RoleInfo (RoleInfo.java:updateAndGet(143)) - 7b1e61a0-7daf-43dd-99d5-9b325c1d31ae: start FollowerState
2019-10-20 17:41:34,580 [grpc-default-executor-0] INFO  impl.RoleInfo (RoleInfo.java:updateAndGet(143)) - 8a63e1ae-032e-4bed-9f20-125a11f65413: start FollowerState
2019-10-20 17:41:34,604 [8f18dce1-0a3d-4b65-9c78-af3d58b2da7f@group-091950D56227-LeaderElection640] INFO  impl.LeaderElection (LeaderElection.java:logAndReturn(56)) - 8f18dce1-0a3d-4b65-9c78-af3d58b2da7f@group-091950D56227-LeaderElection640: Election REJECTED; received 2 response(s) [8f18dce1-0a3d-4b65-9c78-af3d58b2da7f<-8a63e1ae-032e-4bed-9f20-125a11f65413#0:FAIL-t756, 8f18dce1-0a3d-4b65-9c78-af3d58b2da7f<-7b1e61a0-7daf-43dd-99d5-9b325c1d31ae#0:FAIL-t756] and 0 exception(s); 8f18dce1-0a3d-4b65-9c78-af3d58b2da7f@group-091950D56227:t756, leader=null, voted=8f18dce1-0a3d-4b65-9c78-af3d58b2da7f, raftlog=8f18dce1-0a3d-4b65-9c78-af3d58b2da7f@group-091950D56227-SegmentedRaftLog:OPENED:c-1,f-1,i0, conf=-1: [8a63e1ae-032e-4bed-9f20-125a11f65413:0.0.0.0:38685, 8f18dce1-0a3d-4b65-9c78-af3d58b2da7f:0.0.0.0:42489, 7b1e61a0-7daf-43dd-99d5-9b325c1d31ae:0.0.0.0:38412], old=null
2019-10-20 17:41:34,604 [8f18dce1-0a3d-4b65-9c78-af3d58b2da7f@group-091950D56227-LeaderElection640] INFO  impl.RaftServerImpl (RaftServerImpl.java:setRole(184)) - 8f18dce1-0a3d-4b65-9c78-af3d58b2da7f@group-091950D56227: changes role from CANDIDATE to FOLLOWER at term 756 for DISCOVERED_A_NEW_TERM
2019-10-20 17:41:34,604 [8f18dce1-0a3d-4b65-9c78-af3d58b2da7f@group-091950D56227-LeaderElection640] INFO  impl.RoleInfo (RoleInfo.java:shutdownLeaderElection(134)) - 8f18dce1-0a3d-4b65-9c78-af3d58b2da7f: shutdown LeaderElection
2019-10-20 17:41:34,604 [8f18dce1-0a3d-4b65-9c78-af3d58b2da7f@group-091950D56227-LeaderElection640] INFO  impl.RoleInfo (RoleInfo.java:updateAndGet(143)) - 8f18dce1-0a3d-4b65-9c78-af3d58b2da7f: start FollowerState
2019-10-20 17:41:34,619 [Thread-4551] INFO  impl.FollowerState (FollowerState.java:run(108)) - 8f18dce1-0a3d-4b65-9c78-af3d58b2da7f@group-091950D56227-FollowerState: change to CANDIDATE, lastRpcTime:14ms, electionTimeout:14ms
2019-10-20 17:41:34,619 [Thread-4551] INFO  impl.RoleInfo (RoleInfo.java:shutdownFollowerState(121)) - 8f18dce1-0a3d-4b65-9c78-af3d58b2da7f: shutdown FollowerState
2019-10-20 17:41:34,619 [Thread-4551] INFO  impl.RaftServerImpl (RaftServerImpl.java:setRole(184)) - 8f18dce1-0a3d-4b65-9c78-af3d58b2da7f@group-091950D56227: changes role from  FOLLOWER to CANDIDATE at term 756 for changeToCandidate
2019-10-20 17:41:34,619 [Thread-4551] INFO  impl.RoleInfo (RoleInfo.java:updateAndGet(143)) - 8f18dce1-0a3d-4b65-9c78-af3d58b2da7f: start LeaderElection
2019-10-20 17:41:34,646 [8f18dce1-0a3d-4b65-9c78-af3d58b2da7f@group-091950D56227-LeaderElection641] INFO  impl.LeaderElection (LeaderElection.java:askForVotes(178)) - 8f18dce1-0a3d-4b65-9c78-af3d58b2da7f@group-091950D56227-LeaderElection641: begin an election at term 757 for -1: [8a63e1ae-032e-4bed-9f20-125a11f65413:0.0.0.0:38685, 8f18dce1-0a3d-4b65-9c78-af3d58b2da7f:0.0.0.0:42489, 7b1e61a0-7daf-43dd-99d5-9b325c1d31ae:0.0.0.0:38412], old=null
2019-10-20 17:41:34,647 [grpc-default-executor-0] INFO  impl.RaftServerImpl (RaftServerImpl.java:setRole(184)) - 8a63e1ae-032e-4bed-9f20-125a11f65413@group-091950D56227: changes role from  FOLLOWER to FOLLOWER at term 757 for recognizeCandidate:8f18dce1-0a3d-4b65-9c78-af3d58b2da7f
2019-10-20 17:41:34,647 [grpc-default-executor-0] INFO  impl.RoleInfo (RoleInfo.java:shutdownFollowerState(121)) - 8a63e1ae-032e-4bed-9f20-125a11f65413: shutdown FollowerState
2019-10-20 17:41:34,647 [grpc-default-executor-1] INFO  impl.RaftServerImpl (RaftServerImpl.java:setRole(184)) - 7b1e61a0-7daf-43dd-99d5-9b325c1d31ae@group-091950D56227: changes role from  FOLLOWER to FOLLOWER at term 757 for recognizeCandidate:8f18dce1-0a3d-4b65-9c78-af3d58b2da7f
2019-10-20 17:41:34,647 [grpc-default-executor-1] INFO  impl.RoleInfo (RoleInfo.java:shutdownFollowerState(121)) - 7b1e61a0-7daf-43dd-99d5-9b325c1d31ae: shutdown FollowerState
2019-10-20 17:41:34,647 [Thread-4550] INFO  impl.FollowerState (FollowerState.java:run(117)) - 8a63e1ae-032e-4bed-9f20-125a11f65413@group-091950D56227-FollowerState was interrupted: java.lang.InterruptedException: sleep interrupted
2019-10-20 17:41:34,647 [grpc-default-executor-0] INFO  impl.RoleInfo (RoleInfo.java:updateAndGet(143)) - 8a63e1ae-032e-4bed-9f20-125a11f65413: start FollowerState
2019-10-20 17:41:34,647 [Thread-4549] INFO  impl.FollowerState (FollowerState.java:run(117)) - 7b1e61a0-7daf-43dd-99d5-9b325c1d31ae@group-091950D56227-FollowerState was interrupted: java.lang.InterruptedException: sleep interrupted
2019-10-20 17:41:34,647 [grpc-default-executor-1] INFO  impl.RoleInfo (RoleInfo.java:updateAndGet(143)) - 7b1e61a0-7daf-43dd-99d5-9b325c1d31ae: start FollowerState
2019-10-20 17:41:34,671 [8f18dce1-0a3d-4b65-9c78-af3d58b2da7f@group-091950D56227-LeaderElection641] INFO  impl.LeaderElection (LeaderElection.java:logAndReturn(56)) - 8f18dce1-0a3d-4b65-9c78-af3d58b2da7f@group-091950D56227-LeaderElection641: Election REJECTED; received 2 response(s) [8f18dce1-0a3d-4b65-9c78-af3d58b2da7f<-8a63e1ae-032e-4bed-9f20-125a11f65413#0:FAIL-t757, 8f18dce1-0a3d-4b65-9c78-af3d58b2da7f<-7b1e61a0-7daf-43dd-99d5-9b325c1d31ae#0:FAIL-t757] and 0 exception(s); 8f18dce1-0a3d-4b65-9c78-af3d58b2da7f@group-091950D56227:t757, leader=null, voted=8f18dce1-0a3d-4b65-9c78-af3d58b2da7f, raftlog=8f18dce1-0a3d-4b65-9c78-af3d58b2da7f@group-091950D56227-SegmentedRaftLog:OPENED:c-1,f-1,i0, conf=-1: [8a63e1ae-032e-4bed-9f20-125a11f65413:0.0.0.0:38685, 8f18dce1-0a3d-4b65-9c78-af3d58b2da7f:0.0.0.0:42489, 7b1e61a0-7daf-43dd-99d5-9b325c1d31ae:0.0.0.0:38412], old=null
2019-10-20 17:41:34,672 [8f18dce1-0a3d-4b65-9c78-af3d58b2da7f@group-091950D56227-LeaderElection641] INFO  impl.RaftServerImpl (RaftServerImpl.java:setRole(184)) - 8f18dce1-0a3d-4b65-9c78-af3d58b2da7f@group-091950D56227: changes role from CANDIDATE to FOLLOWER at term 757 for DISCOVERED_A_NEW_TERM
2019-10-20 17:41:34,672 [8f18dce1-0a3d-4b65-9c78-af3d58b2da7f@group-091950D56227-LeaderElection641] INFO  impl.RoleInfo (RoleInfo.java:shutdownLeaderElection(134)) - 8f18dce1-0a3d-4b65-9c78-af3d58b2da7f: shutdown LeaderElection
2019-10-20 17:41:34,672 [8f18dce1-0a3d-4b65-9c78-af3d58b2da7f@group-091950D56227-LeaderElection641] INFO  impl.RoleInfo (RoleInfo.java:updateAndGet(143)) - 8f18dce1-0a3d-4b65-9c78-af3d58b2da7f: start FollowerState
2019-10-20 17:41:34,786 [Thread-4559] INFO  impl.FollowerState (FollowerState.java:run(108)) - 8f18dce1-0a3d-4b65-9c78-af3d58b2da7f@group-091950D56227-FollowerState: change to CANDIDATE, lastRpcTime:114ms, electionTimeout:114ms
2019-10-20 17:41:34,786 [Thread-4559] INFO  impl.RoleInfo (RoleInfo.java:shutdownFollowerState(121)) - 8f18dce1-0a3d-4b65-9c78-af3d58b2da7f: shutdown FollowerState
2019-10-20 17:41:34,786 [Thread-4559] INFO  impl.RaftServerImpl (RaftServerImpl.java:setRole(184)) - 8f18dce1-0a3d-4b65-9c78-af3d58b2da7f@group-091950D56227: changes role from  FOLLOWER to CANDIDATE at term 757 for changeToCandidate
2019-10-20 17:41:34,786 [Thread-4559] INFO  impl.RoleInfo (RoleInfo.java:updateAndGet(143)) - 8f18dce1-0a3d-4b65-9c78-af3d58b2da7f: start LeaderElection
2019-10-20 17:41:34,813 [8f18dce1-0a3d-4b65-9c78-af3d58b2da7f@group-091950D56227-LeaderElection642] INFO  impl.LeaderElection (LeaderElection.java:askForVotes(178)) - 8f18dce1-0a3d-4b65-9c78-af3d58b2da7f@group-091950D56227-LeaderElection642: begin an election at term 758 for -1: [8a63e1ae-032e-4bed-9f20-125a11f65413:0.0.0.0:38685, 8f18dce1-0a3d-4b65-9c78-af3d58b2da7f:0.0.0.0:42489, 7b1e61a0-7daf-43dd-99d5-9b325c1d31ae:0.0.0.0:38412], old=null
2019-10-20 17:41:34,815 [grpc-default-executor-0] INFO  impl.RaftServerImpl (RaftServerImpl.java:setRole(184)) - 8a63e1ae-032e-4bed-9f20-125a11f65413@group-091950D56227: changes role from  FOLLOWER to FOLLOWER at term 758 for recognizeCandidate:8f18dce1-0a3d-4b65-9c78-af3d58b2da7f
2019-10-20 17:41:34,815 [grpc-default-executor-0] INFO  impl.RoleInfo (RoleInfo.java:shutdownFollowerState(121)) - 8a63e1ae-032e-4bed-9f20-125a11f65413: shutdown FollowerState
2019-10-20 17:41:34,815 [grpc-default-executor-1] INFO  impl.RaftServerImpl (RaftServerImpl.java:setRole(184)) - 7b1e61a0-7daf-43dd-99d5-9b325c1d31ae@group-091950D56227: changes role from  FOLLOWER to FOLLOWER at term 758 for recognizeCandidate:8f18dce1-0a3d-4b65-9c78-af3d58b2da7f
2019-10-20 17:41:34,815 [grpc-default-executor-1] INFO  impl.RoleInfo (RoleInfo.java:shutdownFollowerState(121)) - 7b1e61a0-7daf-43dd-99d5-9b325c1d31ae: shutdown FollowerState
2019-10-20 17:41:34,815 [Thread-4555] INFO  impl.FollowerState (FollowerState.java:run(117)) - 8a63e1ae-032e-4bed-9f20-125a11f65413@group-091950D56227-FollowerState was interrupted: java.lang.InterruptedException: sleep interrupted
2019-10-20 17:41:34,815 [grpc-default-executor-0] INFO  impl.RoleInfo (RoleInfo.java:updateAndGet(143)) - 8a63e1ae-032e-4bed-9f20-125a11f65413: start FollowerState
2019-10-20 17:41:34,815 [Thread-4556] INFO  impl.FollowerState (FollowerState.java:run(117)) - 7b1e61a0-7daf-43dd-99d5-9b325c1d31ae@group-091950D56227-FollowerState was interrupted: java.lang.InterruptedException: sleep interrupted
2019-10-20 17:41:34,815 [grpc-default-executor-1] INFO  impl.RoleInfo (RoleInfo.java:updateAndGet(143)) - 7b1e61a0-7daf-43dd-99d5-9b325c1d31ae: start FollowerState
2019-10-20 17:41:34,839 [8f18dce1-0a3d-4b65-9c78-af3d58b2da7f@group-091950D56227-LeaderElection642] INFO  impl.LeaderElection (LeaderElection.java:logAndReturn(56)) - 8f18dce1-0a3d-4b65-9c78-af3d58b2da7f@group-091950D56227-LeaderElection642: Election REJECTED; received 2 response(s) [8f18dce1-0a3d-4b65-9c78-af3d58b2da7f<-8a63e1ae-032e-4bed-9f20-125a11f65413#0:FAIL-t758, 8f18dce1-0a3d-4b65-9c78-af3d58b2da7f<-7b1e61a0-7daf-43dd-99d5-9b325c1d31ae#0:FAIL-t758] and 0 exception(s); 8f18dce1-0a3d-4b65-9c78-af3d58b2da7f@group-091950D56227:t758, leader=null, voted=8f18dce1-0a3d-4b65-9c78-af3d58b2da7f, raftlog=8f18dce1-0a3d-4b65-9c78-af3d58b2da7f@group-091950D56227-SegmentedRaftLog:OPENED:c-1,f-1,i0, conf=-1: [8a63e1ae-032e-4bed-9f20-125a11f65413:0.0.0.0:38685, 8f18dce1-0a3d-4b65-9c78-af3d58b2da7f:0.0.0.0:42489, 7b1e61a0-7daf-43dd-99d5-9b325c1d31ae:0.0.0.0:38412], old=null
2019-10-20 17:41:34,840 [8f18dce1-0a3d-4b65-9c78-af3d58b2da7f@group-091950D56227-LeaderElection642] INFO  impl.RaftServerImpl (RaftServerImpl.java:setRole(184)) - 8f18dce1-0a3d-4b65-9c78-af3d58b2da7f@group-091950D56227: changes role from CANDIDATE to FOLLOWER at term 758 for DISCOVERED_A_NEW_TERM
2019-10-20 17:41:34,840 [8f18dce1-0a3d-4b65-9c78-af3d58b2da7f@group-091950D56227-LeaderElection642] INFO  impl.RoleInfo (RoleInfo.java:shutdownLeaderElection(134)) - 8f18dce1-0a3d-4b65-9c78-af3d58b2da7f: shutdown LeaderElection
2019-10-20 17:41:34,840 [8f18dce1-0a3d-4b65-9c78-af3d58b2da7f@group-091950D56227-LeaderElection642] INFO  impl.RoleInfo (RoleInfo.java:updateAndGet(143)) - 8f18dce1-0a3d-4b65-9c78-af3d58b2da7f: start FollowerState
2019-10-20 17:41:34,945 [Thread-4565] INFO  impl.FollowerState (FollowerState.java:run(108)) - 8f18dce1-0a3d-4b65-9c78-af3d58b2da7f@group-091950D56227-FollowerState: change to CANDIDATE, lastRpcTime:105ms, electionTimeout:105ms
2019-10-20 17:41:34,945 [Thread-4565] INFO  impl.RoleInfo (RoleInfo.java:shutdownFollowerState(121)) - 8f18dce1-0a3d-4b65-9c78-af3d58b2da7f: shutdown FollowerState
2019-10-20 17:41:34,945 [Thread-4565] INFO  impl.RaftServerImpl (RaftServerImpl.java:setRole(184)) - 8f18dce1-0a3d-4b65-9c78-af3d58b2da7f@group-091950D56227: changes role from  FOLLOWER to CANDIDATE at term 758 for changeToCandidate
2019-10-20 17:41:34,945 [Thread-4565] INFO  impl.RoleInfo (RoleInfo.java:updateAndGet(143)) - 8f18dce1-0a3d-4b65-9c78-af3d58b2da7f: start LeaderElection
2019-10-20 17:41:34,973 [8f18dce1-0a3d-4b65-9c78-af3d58b2da7f@group-091950D56227-LeaderElection643] INFO  impl.LeaderElection (LeaderElection.java:askForVotes(178)) - 8f18dce1-0a3d-4b65-9c78-af3d58b2da7f@group-091950D56227-LeaderElection643: begin an election at term 759 for -1: [8a63e1ae-032e-4bed-9f20-125a11f65413:0.0.0.0:38685, 8f18dce1-0a3d-4b65-9c78-af3d58b2da7f:0.0.0.0:42489, 7b1e61a0-7daf-43dd-99d5-9b325c1d31ae:0.0.0.0:38412], old=null
2019-10-20 17:41:34,974 [grpc-default-executor-0] INFO  impl.RaftServerImpl (RaftServerImpl.java:setRole(184)) - 8a63e1ae-032e-4bed-9f20-125a11f65413@group-091950D56227: changes role from  FOLLOWER to FOLLOWER at term 759 for recognizeCandidate:8f18dce1-0a3d-4b65-9c78-af3d58b2da7f
2019-10-20 17:41:34,974 [grpc-default-executor-0] INFO  impl.RoleInfo (RoleInfo.java:shutdownFollowerState(121)) - 8a63e1ae-032e-4bed-9f20-125a11f65413: shutdown FollowerState
2019-10-20 17:41:34,974 [grpc-default-executor-1] INFO  impl.RaftServerImpl (RaftServerImpl.java:setRole(184)) - 7b1e61a0-7daf-43dd-99d5-9b325c1d31ae@group-091950D56227: changes role from  FOLLOWER to FOLLOWER at term 759 for recognizeCandidate:8f18dce1-0a3d-4b65-9c78-af3d58b2da7f
2019-10-20 17:41:34,974 [grpc-default-executor-1] INFO  impl.RoleInfo (RoleInfo.java:shutdownFollowerState(121)) - 7b1e61a0-7daf-43dd-99d5-9b325c1d31ae: shutdown FollowerState
2019-10-20 17:41:34,974 [Thread-4563] INFO  impl.FollowerState (FollowerState.java:run(117)) - 8a63e1ae-032e-4bed-9f20-125a11f65413@group-091950D56227-FollowerState was interrupted: java.lang.InterruptedException: sleep interrupted
2019-10-20 17:41:34,974 [grpc-default-executor-0] INFO  impl.RoleInfo (RoleInfo.java:updateAndGet(143)) - 8a63e1ae-032e-4bed-9f20-125a11f65413: start FollowerState
2019-10-20 17:41:34,974 [Thread-4564] INFO  impl.FollowerState (FollowerState.java:run(117)) - 7b1e61a0-7daf-43dd-99d5-9b325c1d31ae@group-091950D56227-FollowerState was interrupted: java.lang.InterruptedException: sleep interrupted
2019-10-20 17:41:34,974 [grpc-default-executor-1] INFO  impl.RoleInfo (RoleInfo.java:updateAndGet(143)) - 7b1e61a0-7daf-43dd-99d5-9b325c1d31ae: start FollowerState
2019-10-20 17:41:34,988 [8f18dce1-0a3d-4b65-9c78-af3d58b2da7f@group-091950D56227-LeaderElection643] INFO  impl.LeaderElection (LeaderElection.java:logAndReturn(56)) - 8f18dce1-0a3d-4b65-9c78-af3d58b2da7f@group-091950D56227-LeaderElection643: Election TIMEOUT; received 0 response(s) [] and 0 exception(s); 8f18dce1-0a3d-4b65-9c78-af3d58b2da7f@group-091950D56227:t759, leader=null, voted=8f18dce1-0a3d-4b65-9c78-af3d58b2da7f, raftlog=8f18dce1-0a3d-4b65-9c78-af3d58b2da7f@group-091950D56227-SegmentedRaftLog:OPENED:c-1,f-1,i0, conf=-1: [8a63e1ae-032e-4bed-9f20-125a11f65413:0.0.0.0:38685, 8f18dce1-0a3d-4b65-9c78-af3d58b2da7f:0.0.0.0:42489, 7b1e61a0-7daf-43dd-99d5-9b325c1d31ae:0.0.0.0:38412], old=null
2019-10-20 17:41:35,015 [8f18dce1-0a3d-4b65-9c78-af3d58b2da7f@group-091950D56227-LeaderElection643] INFO  impl.LeaderElection (LeaderElection.java:askForVotes(178)) - 8f18dce1-0a3d-4b65-9c78-af3d58b2da7f@group-091950D56227-LeaderElection643: begin an election at term 760 for -1: [8a63e1ae-032e-4bed-9f20-125a11f65413:0.0.0.0:38685, 8f18dce1-0a3d-4b65-9c78-af3d58b2da7f:0.0.0.0:42489, 7b1e61a0-7daf-43dd-99d5-9b325c1d31ae:0.0.0.0:38412], old=null
2019-10-20 17:41:35,017 [grpc-default-executor-0] INFO  impl.RaftServerImpl (RaftServerImpl.java:setRole(184)) - 8a63e1ae-032e-4bed-9f20-125a11f65413@group-091950D56227: changes role from  FOLLOWER to FOLLOWER at term 760 for recognizeCandidate:8f18dce1-0a3d-4b65-9c78-af3d58b2da7f
2019-10-20 17:41:35,017 [grpc-default-executor-0] INFO  impl.RoleInfo (RoleInfo.java:shutdownFollowerState(121)) - 8a63e1ae-032e-4bed-9f20-125a11f65413: shutdown FollowerState
2019-10-20 17:41:35,017 [grpc-default-executor-1] INFO  impl.RaftServerImpl (RaftServerImpl.java:setRole(184)) - 7b1e61a0-7daf-43dd-99d5-9b325c1d31ae@group-091950D56227: changes role from  FOLLOWER to FOLLOWER at term 760 for recognizeCandidate:8f18dce1-0a3d-4b65-9c78-af3d58b2da7f
2019-10-20 17:41:35,018 [Thread-4569] INFO  impl.FollowerState (FollowerState.java:run(117)) - 8a63e1ae-032e-4bed-9f20-125a11f65413@group-091950D56227-FollowerState was interrupted: java.lang.InterruptedException: sleep interrupted
2019-10-20 17:41:35,017 [grpc-default-executor-0] INFO  impl.RoleInfo (RoleInfo.java:updateAndGet(143)) - 8a63e1ae-032e-4bed-9f20-125a11f65413: start FollowerState
2019-10-20 17:41:35,018 [grpc-default-executor-1] INFO  impl.RoleInfo (RoleInfo.java:shutdownFollowerState(121)) - 7b1e61a0-7daf-43dd-99d5-9b325c1d31ae: shutdown FollowerState
2019-10-20 17:41:35,018 [grpc-default-executor-1] INFO  impl.RoleInfo (RoleInfo.java:updateAndGet(143)) - 7b1e61a0-7daf-43dd-99d5-9b325c1d31ae: start FollowerState
2019-10-20 17:41:35,018 [Thread-4570] INFO  impl.FollowerState (FollowerState.java:run(117)) - 7b1e61a0-7daf-43dd-99d5-9b325c1d31ae@group-091950D56227-FollowerState was interrupted: java.lang.InterruptedException: sleep interrupted
2019-10-20 17:41:35,042 [8f18dce1-0a3d-4b65-9c78-af3d58b2da7f@group-091950D56227-LeaderElection643] INFO  impl.LeaderElection (LeaderElection.java:logAndReturn(56)) - 8f18dce1-0a3d-4b65-9c78-af3d58b2da7f@group-091950D56227-LeaderElection643: Election REJECTED; received 2 response(s) [8f18dce1-0a3d-4b65-9c78-af3d58b2da7f<-8a63e1ae-032e-4bed-9f20-125a11f65413#0:FAIL-t760, 8f18dce1-0a3d-4b65-9c78-af3d58b2da7f<-7b1e61a0-7daf-43dd-99d5-9b325c1d31ae#0:FAIL-t760] and 0 exception(s); 8f18dce1-0a3d-4b65-9c78-af3d58b2da7f@group-091950D56227:t760, leader=null, voted=8f18dce1-0a3d-4b65-9c78-af3d58b2da7f, raftlog=8f18dce1-0a3d-4b65-9c78-af3d58b2da7f@group-091950D56227-SegmentedRaftLog:OPENED:c-1,f-1,i0, conf=-1: [8a63e1ae-032e-4bed-9f20-125a11f65413:0.0.0.0:38685, 8f18dce1-0a3d-4b65-9c78-af3d58b2da7f:0.0.0.0:42489, 7b1e61a0-7daf-43dd-99d5-9b325c1d31ae:0.0.0.0:38412], old=null
2019-10-20 17:41:35,042 [8f18dce1-0a3d-4b65-9c78-af3d58b2da7f@group-091950D56227-LeaderElection643] INFO  impl.RaftServerImpl (RaftServerImpl.java:setRole(184)) - 8f18dce1-0a3d-4b65-9c78-af3d58b2da7f@group-091950D56227: changes role from CANDIDATE to FOLLOWER at term 760 for DISCOVERED_A_NEW_TERM
2019-10-20 17:41:35,042 [8f18dce1-0a3d-4b65-9c78-af3d58b2da7f@group-091950D56227-LeaderElection643] INFO  impl.RoleInfo (RoleInfo.java:shutdownLeaderElection(134)) - 8f18dce1-0a3d-4b65-9c78-af3d58b2da7f: shutdown LeaderElection
2019-10-20 17:41:35,042 [8f18dce1-0a3d-4b65-9c78-af3d58b2da7f@group-091950D56227-LeaderElection643] INFO  impl.RoleInfo (RoleInfo.java:updateAndGet(143)) - 8f18dce1-0a3d-4b65-9c78-af3d58b2da7f: start FollowerState
2019-10-20 17:41:35,161 [Thread-4575] INFO  impl.FollowerState (FollowerState.java:run(108)) - 8f18dce1-0a3d-4b65-9c78-af3d58b2da7f@group-091950D56227-FollowerState: change to CANDIDATE, lastRpcTime:119ms, electionTimeout:119ms
2019-10-20 17:41:35,162 [Thread-4575] INFO  impl.RoleInfo (RoleInfo.java:shutdownFollowerState(121)) - 8f18dce1-0a3d-4b65-9c78-af3d58b2da7f: shutdown FollowerState
2019-10-20 17:41:35,162 [Thread-4575] INFO  impl.RaftServerImpl (RaftServerImpl.java:setRole(184)) - 8f18dce1-0a3d-4b65-9c78-af3d58b2da7f@group-091950D56227: changes role from  FOLLOWER to CANDIDATE at term 760 for changeToCandidate
2019-10-20 17:41:35,162 [Thread-4575] INFO  impl.RoleInfo (RoleInfo.java:updateAndGet(143)) - 8f18dce1-0a3d-4b65-9c78-af3d58b2da7f: start LeaderElection
2019-10-20 17:41:35,191 [8f18dce1-0a3d-4b65-9c78-af3d58b2da7f@group-091950D56227-LeaderElection644] INFO  impl.LeaderElection (LeaderElection.java:askForVotes(178)) - 8f18dce1-0a3d-4b65-9c78-af3d58b2da7f@group-091950D56227-LeaderElection644: begin an election at term 761 for -1: [8a63e1ae-032e-4bed-9f20-125a11f65413:0.0.0.0:38685, 8f18dce1-0a3d-4b65-9c78-af3d58b2da7f:0.0.0.0:42489, 7b1e61a0-7daf-43dd-99d5-9b325c1d31ae:0.0.0.0:38412], old=null
2019-10-20 17:41:35,193 [grpc-default-executor-0] INFO  impl.RaftServerImpl (RaftServerImpl.java:setRole(184)) - 8a63e1ae-032e-4bed-9f20-125a11f65413@group-091950D56227: changes role from  FOLLOWER to FOLLOWER at term 761 for recognizeCandidate:8f18dce1-0a3d-4b65-9c78-af3d58b2da7f
2019-10-20 17:41:35,193 [grpc-default-executor-1] INFO  impl.RaftServerImpl (RaftServerImpl.java:setRole(184)) - 7b1e61a0-7daf-43dd-99d5-9b325c1d31ae@group-091950D56227: changes role from  FOLLOWER to FOLLOWER at term 761 for recognizeCandidate:8f18dce1-0a3d-4b65-9c78-af3d58b2da7f
2019-10-20 17:41:35,193 [grpc-default-executor-1] INFO  impl.RoleInfo (RoleInfo.java:shutdownFollowerState(121)) - 7b1e61a0-7daf-43dd-99d5-9b325c1d31ae: shutdown FollowerState
2019-10-20 17:41:35,193 [grpc-default-executor-0] INFO  impl.RoleInfo (RoleInfo.java:shutdownFollowerState(121)) - 8a63e1ae-032e-4bed-9f20-125a11f65413: shutdown FollowerState
2019-10-20 17:41:35,194 [grpc-default-executor-0] INFO  impl.RoleInfo (RoleInfo.java:updateAndGet(143)) - 8a63e1ae-032e-4bed-9f20-125a11f65413: start FollowerState
2019-10-20 17:41:35,194 [Thread-4574] INFO  impl.FollowerState (FollowerState.java:run(117)) - 7b1e61a0-7daf-43dd-99d5-9b325c1d31ae@group-091950D56227-FollowerState was interrupted: java.lang.InterruptedException: sleep interrupted
2019-10-20 17:41:35,194 [grpc-default-executor-1] INFO  impl.RoleInfo (RoleInfo.java:updateAndGet(143)) - 7b1e61a0-7daf-43dd-99d5-9b325c1d31ae: start FollowerState
2019-10-20 17:41:35,194 [Thread-4573] INFO  impl.FollowerState (FollowerState.java:run(117)) - 8a63e1ae-032e-4bed-9f20-125a11f65413@group-091950D56227-FollowerState was interrupted: java.lang.InterruptedException: sleep interrupted
2019-10-20 17:41:35,217 [8f18dce1-0a3d-4b65-9c78-af3d58b2da7f@group-091950D56227-LeaderElection644] INFO  impl.LeaderElection (LeaderElection.java:logAndReturn(56)) - 8f18dce1-0a3d-4b65-9c78-af3d58b2da7f@group-091950D56227-LeaderElection644: Election REJECTED; received 2 response(s) [8f18dce1-0a3d-4b65-9c78-af3d58b2da7f<-8a63e1ae-032e-4bed-9f20-125a11f65413#0:FAIL-t761, 8f18dce1-0a3d-4b65-9c78-af3d58b2da7f<-7b1e61a0-7daf-43dd-99d5-9b325c1d31ae#0:FAIL-t761] and 0 exception(s); 8f18dce1-0a3d-4b65-9c78-af3d58b2da7f@group-091950D56227:t761, leader=null, voted=8f18dce1-0a3d-4b65-9c78-af3d58b2da7f, raftlog=8f18dce1-0a3d-4b65-9c78-af3d58b2da7f@group-091950D56227-SegmentedRaftLog:OPENED:c-1,f-1,i0, conf=-1: [8a63e1ae-032e-4bed-9f20-125a11f65413:0.0.0.0:38685, 8f18dce1-0a3d-4b65-9c78-af3d58b2da7f:0.0.0.0:42489, 7b1e61a0-7daf-43dd-99d5-9b325c1d31ae:0.0.0.0:38412], old=null
2019-10-20 17:41:35,218 [8f18dce1-0a3d-4b65-9c78-af3d58b2da7f@group-091950D56227-LeaderElection644] INFO  impl.RaftServerImpl (RaftServerImpl.java:setRole(184)) - 8f18dce1-0a3d-4b65-9c78-af3d58b2da7f@group-091950D56227: changes role from CANDIDATE to FOLLOWER at term 761 for DISCOVERED_A_NEW_TERM
2019-10-20 17:41:35,218 [8f18dce1-0a3d-4b65-9c78-af3d58b2da7f@group-091950D56227-LeaderElection644] INFO  impl.RoleInfo (RoleInfo.java:shutdownLeaderElection(134)) - 8f18dce1-0a3d-4b65-9c78-af3d58b2da7f: shutdown LeaderElection
2019-10-20 17:41:35,218 [8f18dce1-0a3d-4b65-9c78-af3d58b2da7f@group-091950D56227-LeaderElection644] INFO  impl.RoleInfo (RoleInfo.java:updateAndGet(143)) - 8f18dce1-0a3d-4b65-9c78-af3d58b2da7f: start FollowerState
2019-10-20 17:41:35,260 [Thread-4581] INFO  impl.FollowerState (FollowerState.java:run(108)) - 8f18dce1-0a3d-4b65-9c78-af3d58b2da7f@group-091950D56227-FollowerState: change to CANDIDATE, lastRpcTime:42ms, electionTimeout:42ms
2019-10-20 17:41:35,260 [Thread-4581] INFO  impl.RoleInfo (RoleInfo.java:shutdownFollowerState(121)) - 8f18dce1-0a3d-4b65-9c78-af3d58b2da7f: shutdown FollowerState
2019-10-20 17:41:35,261 [Thread-4581] INFO  impl.RaftServerImpl (RaftServerImpl.java:setRole(184)) - 8f18dce1-0a3d-4b65-9c78-af3d58b2da7f@group-091950D56227: changes role from  FOLLOWER to CANDIDATE at term 761 for changeToCandidate
2019-10-20 17:41:35,261 [Thread-4581] INFO  impl.RoleInfo (RoleInfo.java:updateAndGet(143)) - 8f18dce1-0a3d-4b65-9c78-af3d58b2da7f: start LeaderElection
2019-10-20 17:41:35,284 [8f18dce1-0a3d-4b65-9c78-af3d58b2da7f@group-091950D56227-LeaderElection645] INFO  impl.LeaderElection (LeaderElection.java:askForVotes(178)) - 8f18dce1-0a3d-4b65-9c78-af3d58b2da7f@group-091950D56227-LeaderElection645: begin an election at term 762 for -1: [8a63e1ae-032e-4bed-9f20-125a11f65413:0.0.0.0:38685, 8f18dce1-0a3d-4b65-9c78-af3d58b2da7f:0.0.0.0:42489, 7b1e61a0-7daf-43dd-99d5-9b325c1d31ae:0.0.0.0:38412], old=null
2019-10-20 17:41:35,285 [grpc-default-executor-0] INFO  impl.RaftServerImpl (RaftServerImpl.java:setRole(184)) - 8a63e1ae-032e-4bed-9f20-125a11f65413@group-091950D56227: changes role from  FOLLOWER to FOLLOWER at term 762 for recognizeCandidate:8f18dce1-0a3d-4b65-9c78-af3d58b2da7f
2019-10-20 17:41:35,286 [grpc-default-executor-0] INFO  impl.RoleInfo (RoleInfo.java:shutdownFollowerState(121)) - 8a63e1ae-032e-4bed-9f20-125a11f65413: shutdown FollowerState
2019-10-20 17:41:35,286 [grpc-default-executor-1] INFO  impl.RaftServerImpl (RaftServerImpl.java:setRole(184)) - 7b1e61a0-7daf-43dd-99d5-9b325c1d31ae@group-091950D56227: changes role from  FOLLOWER to FOLLOWER at term 762 for recognizeCandidate:8f18dce1-0a3d-4b65-9c78-af3d58b2da7f
2019-10-20 17:41:35,286 [grpc-default-executor-1] INFO  impl.RoleInfo (RoleInfo.java:shutdownFollowerState(121)) - 7b1e61a0-7daf-43dd-99d5-9b325c1d31ae: shutdown FollowerState
2019-10-20 17:41:35,286 [Thread-4580] INFO  impl.FollowerState (FollowerState.java:run(117)) - 8a63e1ae-032e-4bed-9f20-125a11f65413@group-091950D56227-FollowerState was interrupted: java.lang.InterruptedException: sleep interrupted
2019-10-20 17:41:35,286 [grpc-default-executor-0] INFO  impl.RoleInfo (RoleInfo.java:updateAndGet(143)) - 8a63e1ae-032e-4bed-9f20-125a11f65413: start FollowerState
2019-10-20 17:41:35,286 [Thread-4579] INFO  impl.FollowerState (FollowerState.java:run(117)) - 7b1e61a0-7daf-43dd-99d5-9b325c1d31ae@group-091950D56227-FollowerState was interrupted: java.lang.InterruptedException: sleep interrupted
2019-10-20 17:41:35,286 [grpc-default-executor-1] INFO  impl.RoleInfo (RoleInfo.java:updateAndGet(143)) - 7b1e61a0-7daf-43dd-99d5-9b325c1d31ae: start FollowerState
2019-10-20 17:41:35,286 [8f18dce1-0a3d-4b65-9c78-af3d58b2da7f@group-091950D56227-LeaderElection645] INFO  impl.LeaderElection (LeaderElection.java:logAndReturn(56)) - 8f18dce1-0a3d-4b65-9c78-af3d58b2da7f@group-091950D56227-LeaderElection645: Election TIMEOUT; received 0 response(s) [] and 0 exception(s); 8f18dce1-0a3d-4b65-9c78-af3d58b2da7f@group-091950D56227:t762, leader=null, voted=8f18dce1-0a3d-4b65-9c78-af3d58b2da7f, raftlog=8f18dce1-0a3d-4b65-9c78-af3d58b2da7f@group-091950D56227-SegmentedRaftLog:OPENED:c-1,f-1,i0, conf=-1: [8a63e1ae-032e-4bed-9f20-125a11f65413:0.0.0.0:38685, 8f18dce1-0a3d-4b65-9c78-af3d58b2da7f:0.0.0.0:42489, 7b1e61a0-7daf-43dd-99d5-9b325c1d31ae:0.0.0.0:38412], old=null
2019-10-20 17:41:35,309 [8f18dce1-0a3d-4b65-9c78-af3d58b2da7f@group-091950D56227-LeaderElection645] INFO  impl.LeaderElection (LeaderElection.java:askForVotes(178)) - 8f18dce1-0a3d-4b65-9c78-af3d58b2da7f@group-091950D56227-LeaderElection645: begin an election at term 763 for -1: [8a63e1ae-032e-4bed-9f20-125a11f65413:0.0.0.0:38685, 8f18dce1-0a3d-4b65-9c78-af3d58b2da7f:0.0.0.0:42489, 7b1e61a0-7daf-43dd-99d5-9b325c1d31ae:0.0.0.0:38412], old=null
2019-10-20 17:41:35,311 [grpc-default-executor-1] INFO  impl.RaftServerImpl (RaftServerImpl.java:setRole(184)) - 8a63e1ae-032e-4bed-9f20-125a11f65413@group-091950D56227: changes role from  FOLLOWER to FOLLOWER at term 763 for recognizeCandidate:8f18dce1-0a3d-4b65-9c78-af3d58b2da7f
2019-10-20 17:41:35,311 [grpc-default-executor-1] INFO  impl.RoleInfo (RoleInfo.java:shutdownFollowerState(121)) - 8a63e1ae-032e-4bed-9f20-125a11f65413: shutdown FollowerState
2019-10-20 17:41:35,311 [grpc-default-executor-1] INFO  impl.RoleInfo (RoleInfo.java:updateAndGet(143)) - 8a63e1ae-032e-4bed-9f20-125a11f65413: start FollowerState
2019-10-20 17:41:35,311 [Thread-4585] INFO  impl.FollowerState (FollowerState.java:run(117)) - 8a63e1ae-032e-4bed-9f20-125a11f65413@group-091950D56227-FollowerState was interrupted: java.lang.InterruptedException: sleep interrupted
2019-10-20 17:41:35,311 [grpc-default-executor-0] INFO  impl.RaftServerImpl (RaftServerImpl.java:setRole(184)) - 7b1e61a0-7daf-43dd-99d5-9b325c1d31ae@group-091950D56227: changes role from  FOLLOWER to FOLLOWER at term 763 for recognizeCandidate:8f18dce1-0a3d-4b65-9c78-af3d58b2da7f
2019-10-20 17:41:35,312 [grpc-default-executor-0] INFO  impl.RoleInfo (RoleInfo.java:shutdownFollowerState(121)) - 7b1e61a0-7daf-43dd-99d5-9b325c1d31ae: shutdown FollowerState
2019-10-20 17:41:35,312 [grpc-default-executor-0] INFO  impl.RoleInfo (RoleInfo.java:updateAndGet(143)) - 7b1e61a0-7daf-43dd-99d5-9b325c1d31ae: start FollowerState
2019-10-20 17:41:35,312 [Thread-4586] INFO  impl.FollowerState (FollowerState.java:run(117)) - 7b1e61a0-7daf-43dd-99d5-9b325c1d31ae@group-091950D56227-FollowerState was interrupted: java.lang.InterruptedException: sleep interrupted
2019-10-20 17:41:35,336 [8f18dce1-0a3d-4b65-9c78-af3d58b2da7f@group-091950D56227-LeaderElection645] INFO  impl.LeaderElection (LeaderElection.java:logAndReturn(56)) - 8f18dce1-0a3d-4b65-9c78-af3d58b2da7f@group-091950D56227-LeaderElection645: Election REJECTED; received 2 response(s) [8f18dce1-0a3d-4b65-9c78-af3d58b2da7f<-8a63e1ae-032e-4bed-9f20-125a11f65413#0:FAIL-t763, 8f18dce1-0a3d-4b65-9c78-af3d58b2da7f<-7b1e61a0-7daf-43dd-99d5-9b325c1d31ae#0:FAIL-t763] and 0 exception(s); 8f18dce1-0a3d-4b65-9c78-af3d58b2da7f@group-091950D56227:t763, leader=null, voted=8f18dce1-0a3d-4b65-9c78-af3d58b2da7f, raftlog=8f18dce1-0a3d-4b65-9c78-af3d58b2da7f@group-091950D56227-SegmentedRaftLog:OPENED:c-1,f-1,i0, conf=-1: [8a63e1ae-032e-4bed-9f20-125a11f65413:0.0.0.0:38685, 8f18dce1-0a3d-4b65-9c78-af3d58b2da7f:0.0.0.0:42489, 7b1e61a0-7daf-43dd-99d5-9b325c1d31ae:0.0.0.0:38412], old=null
2019-10-20 17:41:35,336 [8f18dce1-0a3d-4b65-9c78-af3d58b2da7f@group-091950D56227-LeaderElection645] INFO  impl.RaftServerImpl (RaftServerImpl.java:setRole(184)) - 8f18dce1-0a3d-4b65-9c78-af3d58b2da7f@group-091950D56227: changes role from CANDIDATE to FOLLOWER at term 763 for DISCOVERED_A_NEW_TERM
2019-10-20 17:41:35,336 [8f18dce1-0a3d-4b65-9c78-af3d58b2da7f@group-091950D56227-LeaderElection645] INFO  impl.RoleInfo (RoleInfo.java:shutdownLeaderElection(134)) - 8f18dce1-0a3d-4b65-9c78-af3d58b2da7f: shutdown LeaderElection
2019-10-20 17:41:35,336 [8f18dce1-0a3d-4b65-9c78-af3d58b2da7f@group-091950D56227-LeaderElection645] INFO  impl.RoleInfo (RoleInfo.java:updateAndGet(143)) - 8f18dce1-0a3d-4b65-9c78-af3d58b2da7f: start FollowerState
2019-10-20 17:41:35,399 [Thread-4591] INFO  impl.FollowerState (FollowerState.java:run(108)) - 8f18dce1-0a3d-4b65-9c78-af3d58b2da7f@group-091950D56227-FollowerState: change to CANDIDATE, lastRpcTime:63ms, electionTimeout:63ms
2019-10-20 17:41:35,399 [Thread-4591] INFO  impl.RoleInfo (RoleInfo.java:shutdownFollowerState(121)) - 8f18dce1-0a3d-4b65-9c78-af3d58b2da7f: shutdown FollowerState
2019-10-20 17:41:35,400 [Thread-4591] INFO  impl.RaftServerImpl (RaftServerImpl.java:setRole(184)) - 8f18dce1-0a3d-4b65-9c78-af3d58b2da7f@group-091950D56227: changes role from  FOLLOWER to CANDIDATE at term 763 for changeToCandidate
2019-10-20 17:41:35,400 [Thread-4591] INFO  impl.RoleInfo (RoleInfo.java:updateAndGet(143)) - 8f18dce1-0a3d-4b65-9c78-af3d58b2da7f: start LeaderElection
2019-10-20 17:41:35,427 [8f18dce1-0a3d-4b65-9c78-af3d58b2da7f@group-091950D56227-LeaderElection646] INFO  impl.LeaderElection (LeaderElection.java:askForVotes(178)) - 8f18dce1-0a3d-4b65-9c78-af3d58b2da7f@group-091950D56227-LeaderElection646: begin an election at term 764 for -1: [8a63e1ae-032e-4bed-9f20-125a11f65413:0.0.0.0:38685, 8f18dce1-0a3d-4b65-9c78-af3d58b2da7f:0.0.0.0:42489, 7b1e61a0-7daf-43dd-99d5-9b325c1d31ae:0.0.0.0:38412], old=null
2019-10-20 17:41:35,429 [grpc-default-executor-1] INFO  impl.RaftServerImpl (RaftServerImpl.java:setRole(184)) - 8a63e1ae-032e-4bed-9f20-125a11f65413@group-091950D56227: changes role from  FOLLOWER to FOLLOWER at term 764 for recognizeCandidate:8f18dce1-0a3d-4b65-9c78-af3d58b2da7f
2019-10-20 17:41:35,429 [grpc-default-executor-0] INFO  impl.RaftServerImpl (RaftServerImpl.java:setRole(184)) - 7b1e61a0-7daf-43dd-99d5-9b325c1d31ae@group-091950D56227: changes role from  FOLLOWER to FOLLOWER at term 764 for recognizeCandidate:8f18dce1-0a3d-4b65-9c78-af3d58b2da7f
2019-10-20 17:41:35,429 [grpc-default-executor-1] INFO  impl.RoleInfo (RoleInfo.java:shutdownFollowerState(121)) - 8a63e1ae-032e-4bed-9f20-125a11f65413: shutdown FollowerState
2019-10-20 17:41:35,429 [grpc-default-executor-0] INFO  impl.RoleInfo (RoleInfo.java:shutdownFollowerState(121)) - 7b1e61a0-7daf-43dd-99d5-9b325c1d31ae: shutdown FollowerState
2019-10-20 17:41:35,429 [Thread-4589] INFO  impl.FollowerState (FollowerState.java:run(117)) - 8a63e1ae-032e-4bed-9f20-125a11f65413@group-091950D56227-FollowerState was interrupted: java.lang.InterruptedException: sleep interrupted
2019-10-20 17:41:35,429 [grpc-default-executor-1] INFO  impl.RoleInfo (RoleInfo.java:updateAndGet(143)) - 8a63e1ae-032e-4bed-9f20-125a11f65413: start FollowerState
2019-10-20 17:41:35,430 [Thread-4590] INFO  impl.FollowerState (FollowerState.java:run(117)) - 7b1e61a0-7daf-43dd-99d5-9b325c1d31ae@group-091950D56227-FollowerState was interrupted: java.lang.InterruptedException: sleep interrupted
2019-10-20 17:41:35,429 [grpc-default-executor-0] INFO  impl.RoleInfo (RoleInfo.java:updateAndGet(143)) - 7b1e61a0-7daf-43dd-99d5-9b325c1d31ae: start FollowerState
2019-10-20 17:41:35,454 [8f18dce1-0a3d-4b65-9c78-af3d58b2da7f@group-091950D56227-LeaderElection646] INFO  impl.LeaderElection (LeaderElection.java:logAndReturn(56)) - 8f18dce1-0a3d-4b65-9c78-af3d58b2da7f@group-091950D56227-LeaderElection646: Election REJECTED; received 2 response(s) [8f18dce1-0a3d-4b65-9c78-af3d58b2da7f<-8a63e1ae-032e-4bed-9f20-125a11f65413#0:FAIL-t764, 8f18dce1-0a3d-4b65-9c78-af3d58b2da7f<-7b1e61a0-7daf-43dd-99d5-9b325c1d31ae#0:FAIL-t764] and 0 exception(s); 8f18dce1-0a3d-4b65-9c78-af3d58b2da7f@group-091950D56227:t764, leader=null, voted=8f18dce1-0a3d-4b65-9c78-af3d58b2da7f, raftlog=8f18dce1-0a3d-4b65-9c78-af3d58b2da7f@group-091950D56227-SegmentedRaftLog:OPENED:c-1,f-1,i0, conf=-1: [8a63e1ae-032e-4bed-9f20-125a11f65413:0.0.0.0:38685, 8f18dce1-0a3d-4b65-9c78-af3d58b2da7f:0.0.0.0:42489, 7b1e61a0-7daf-43dd-99d5-9b325c1d31ae:0.0.0.0:38412], old=null
2019-10-20 17:41:35,454 [8f18dce1-0a3d-4b65-9c78-af3d58b2da7f@group-091950D56227-LeaderElection646] INFO  impl.RaftServerImpl (RaftServerImpl.java:setRole(184)) - 8f18dce1-0a3d-4b65-9c78-af3d58b2da7f@group-091950D56227: changes role from CANDIDATE to FOLLOWER at term 764 for DISCOVERED_A_NEW_TERM
2019-10-20 17:41:35,454 [8f18dce1-0a3d-4b65-9c78-af3d58b2da7f@group-091950D56227-LeaderElection646] INFO  impl.RoleInfo (RoleInfo.java:shutdownLeaderElection(134)) - 8f18dce1-0a3d-4b65-9c78-af3d58b2da7f: shutdown LeaderElection
2019-10-20 17:41:35,455 [8f18dce1-0a3d-4b65-9c78-af3d58b2da7f@group-091950D56227-LeaderElection646] INFO  impl.RoleInfo (RoleInfo.java:updateAndGet(143)) - 8f18dce1-0a3d-4b65-9c78-af3d58b2da7f: start FollowerState
2019-10-20 17:41:35,645 [Thread-4597] INFO  impl.FollowerState (FollowerState.java:run(108)) - 8f18dce1-0a3d-4b65-9c78-af3d58b2da7f@group-091950D56227-FollowerState: change to CANDIDATE, lastRpcTime:190ms, electionTimeout:190ms
2019-10-20 17:41:35,645 [Thread-4597] INFO  impl.RoleInfo (RoleInfo.java:shutdownFollowerState(121)) - 8f18dce1-0a3d-4b65-9c78-af3d58b2da7f: shutdown FollowerState
2019-10-20 17:41:35,645 [Thread-4597] INFO  impl.RaftServerImpl (RaftServerImpl.java:setRole(184)) - 8f18dce1-0a3d-4b65-9c78-af3d58b2da7f@group-091950D56227: changes role from  FOLLOWER to CANDIDATE at term 764 for changeToCandidate
2019-10-20 17:41:35,645 [Thread-4597] INFO  impl.RoleInfo (RoleInfo.java:updateAndGet(143)) - 8f18dce1-0a3d-4b65-9c78-af3d58b2da7f: start LeaderElection
2019-10-20 17:41:35,671 [8f18dce1-0a3d-4b65-9c78-af3d58b2da7f@group-091950D56227-LeaderElection647] INFO  impl.LeaderElection (LeaderElection.java:askForVotes(178)) - 8f18dce1-0a3d-4b65-9c78-af3d58b2da7f@group-091950D56227-LeaderElection647: begin an election at term 765 for -1: [8a63e1ae-032e-4bed-9f20-125a11f65413:0.0.0.0:38685, 8f18dce1-0a3d-4b65-9c78-af3d58b2da7f:0.0.0.0:42489, 7b1e61a0-7daf-43dd-99d5-9b325c1d31ae:0.0.0.0:38412], old=null
2019-10-20 17:41:35,672 [grpc-default-executor-0] INFO  impl.RaftServerImpl (RaftServerImpl.java:setRole(184)) - 8a63e1ae-032e-4bed-9f20-125a11f65413@group-091950D56227: changes role from  FOLLOWER to FOLLOWER at term 765 for recognizeCandidate:8f18dce1-0a3d-4b65-9c78-af3d58b2da7f
2019-10-20 17:41:35,672 [grpc-default-executor-0] INFO  impl.RoleInfo (RoleInfo.java:shutdownFollowerState(121)) - 8a63e1ae-032e-4bed-9f20-125a11f65413: shutdown FollowerState
2019-10-20 17:41:35,672 [grpc-default-executor-1] INFO  impl.RaftServerImpl (RaftServerImpl.java:setRole(184)) - 7b1e61a0-7daf-43dd-99d5-9b325c1d31ae@group-091950D56227: changes role from  FOLLOWER to FOLLOWER at term 765 for recognizeCandidate:8f18dce1-0a3d-4b65-9c78-af3d58b2da7f
2019-10-20 17:41:35,673 [Thread-4595] INFO  impl.FollowerState (FollowerState.java:run(117)) - 8a63e1ae-032e-4bed-9f20-125a11f65413@group-091950D56227-FollowerState was interrupted: java.lang.InterruptedException: sleep interrupted
2019-10-20 17:41:35,672 [grpc-default-executor-0] INFO  impl.RoleInfo (RoleInfo.java:updateAndGet(143)) - 8a63e1ae-032e-4bed-9f20-125a11f65413: start FollowerState
2019-10-20 17:41:35,673 [grpc-default-executor-1] INFO  impl.RoleInfo (RoleInfo.java:shutdownFollowerState(121)) - 7b1e61a0-7daf-43dd-99d5-9b325c1d31ae: shutdown FollowerState
2019-10-20 17:41:35,673 [grpc-default-executor-1] INFO  impl.RoleInfo (RoleInfo.java:updateAndGet(143)) - 7b1e61a0-7daf-43dd-99d5-9b325c1d31ae: start FollowerState
2019-10-20 17:41:35,673 [Thread-4596] INFO  impl.FollowerState (FollowerState.java:run(117)) - 7b1e61a0-7daf-43dd-99d5-9b325c1d31ae@group-091950D56227-FollowerState was interrupted: java.lang.InterruptedException: sleep interrupted
2019-10-20 17:41:35,697 [8f18dce1-0a3d-4b65-9c78-af3d58b2da7f@group-091950D56227-LeaderElection647] INFO  impl.LeaderElection (LeaderElection.java:logAndReturn(56)) - 8f18dce1-0a3d-4b65-9c78-af3d58b2da7f@group-091950D56227-LeaderElection647: Election REJECTED; received 2 response(s) [8f18dce1-0a3d-4b65-9c78-af3d58b2da7f<-8a63e1ae-032e-4bed-9f20-125a11f65413#0:FAIL-t765, 8f18dce1-0a3d-4b65-9c78-af3d58b2da7f<-7b1e61a0-7daf-43dd-99d5-9b325c1d31ae#0:FAIL-t765] and 0 exception(s); 8f18dce1-0a3d-4b65-9c78-af3d58b2da7f@group-091950D56227:t765, leader=null, voted=8f18dce1-0a3d-4b65-9c78-af3d58b2da7f, raftlog=8f18dce1-0a3d-4b65-9c78-af3d58b2da7f@group-091950D56227-SegmentedRaftLog:OPENED:c-1,f-1,i0, conf=-1: [8a63e1ae-032e-4bed-9f20-125a11f65413:0.0.0.0:38685, 8f18dce1-0a3d-4b65-9c78-af3d58b2da7f:0.0.0.0:42489, 7b1e61a0-7daf-43dd-99d5-9b325c1d31ae:0.0.0.0:38412], old=null
2019-10-20 17:41:35,697 [8f18dce1-0a3d-4b65-9c78-af3d58b2da7f@group-091950D56227-LeaderElection647] INFO  impl.RaftServerImpl (RaftServerImpl.java:setRole(184)) - 8f18dce1-0a3d-4b65-9c78-af3d58b2da7f@group-091950D56227: changes role from CANDIDATE to FOLLOWER at term 765 for DISCOVERED_A_NEW_TERM
2019-10-20 17:41:35,697 [8f18dce1-0a3d-4b65-9c78-af3d58b2da7f@group-091950D56227-LeaderElection647] INFO  impl.RoleInfo (RoleInfo.java:shutdownLeaderElection(134)) - 8f18dce1-0a3d-4b65-9c78-af3d58b2da7f: shutdown LeaderElection
2019-10-20 17:41:35,697 [8f18dce1-0a3d-4b65-9c78-af3d58b2da7f@group-091950D56227-LeaderElection647] INFO  impl.RoleInfo (RoleInfo.java:updateAndGet(143)) - 8f18dce1-0a3d-4b65-9c78-af3d58b2da7f: start FollowerState
2019-10-20 17:41:35,739 [Thread-4605] INFO  impl.FollowerState (FollowerState.java:run(108)) - 8f18dce1-0a3d-4b65-9c78-af3d58b2da7f@group-091950D56227-FollowerState: change to CANDIDATE, lastRpcTime:41ms, electionTimeout:41ms
2019-10-20 17:41:35,739 [Thread-4605] INFO  impl.RoleInfo (RoleInfo.java:shutdownFollowerState(121)) - 8f18dce1-0a3d-4b65-9c78-af3d58b2da7f: shutdown FollowerState
2019-10-20 17:41:35,739 [Thread-4605] INFO  impl.RaftServerImpl (RaftServerImpl.java:setRole(184)) - 8f18dce1-0a3d-4b65-9c78-af3d58b2da7f@group-091950D56227: changes role from  FOLLOWER to CANDIDATE at term 765 for changeToCandidate
2019-10-20 17:41:35,739 [Thread-4605] INFO  impl.RoleInfo (RoleInfo.java:updateAndGet(143)) - 8f18dce1-0a3d-4b65-9c78-af3d58b2da7f: start LeaderElection
2019-10-20 17:41:35,764 [8f18dce1-0a3d-4b65-9c78-af3d58b2da7f@group-091950D56227-LeaderElection648] INFO  impl.LeaderElection (LeaderElection.java:askForVotes(178)) - 8f18dce1-0a3d-4b65-9c78-af3d58b2da7f@group-091950D56227-LeaderElection648: begin an election at term 766 for -1: [8a63e1ae-032e-4bed-9f20-125a11f65413:0.0.0.0:38685, 8f18dce1-0a3d-4b65-9c78-af3d58b2da7f:0.0.0.0:42489, 7b1e61a0-7daf-43dd-99d5-9b325c1d31ae:0.0.0.0:38412], old=null
2019-10-20 17:41:35,765 [grpc-default-executor-1] INFO  impl.RaftServerImpl (RaftServerImpl.java:setRole(184)) - 7b1e61a0-7daf-43dd-99d5-9b325c1d31ae@group-091950D56227: changes role from  FOLLOWER to FOLLOWER at term 766 for recognizeCandidate:8f18dce1-0a3d-4b65-9c78-af3d58b2da7f
2019-10-20 17:41:35,765 [grpc-default-executor-0] INFO  impl.RaftServerImpl (RaftServerImpl.java:setRole(184)) - 8a63e1ae-032e-4bed-9f20-125a11f65413@group-091950D56227: changes role from  FOLLOWER to FOLLOWER at term 766 for recognizeCandidate:8f18dce1-0a3d-4b65-9c78-af3d58b2da7f
2019-10-20 17:41:35,765 [grpc-default-executor-0] INFO  impl.RoleInfo (RoleInfo.java:shutdownFollowerState(121)) - 8a63e1ae-032e-4bed-9f20-125a11f65413: shutdown FollowerState
2019-10-20 17:41:35,765 [grpc-default-executor-1] INFO  impl.RoleInfo (RoleInfo.java:shutdownFollowerState(121)) - 7b1e61a0-7daf-43dd-99d5-9b325c1d31ae: shutdown FollowerState
2019-10-20 17:41:35,766 [grpc-default-executor-0] INFO  impl.RoleInfo (RoleInfo.java:updateAndGet(143)) - 8a63e1ae-032e-4bed-9f20-125a11f65413: start FollowerState
2019-10-20 17:41:35,766 [Thread-4603] INFO  impl.FollowerState (FollowerState.java:run(117)) - 8a63e1ae-032e-4bed-9f20-125a11f65413@group-091950D56227-FollowerState was interrupted: java.lang.InterruptedException: sleep interrupted
2019-10-20 17:41:35,766 [Thread-4604] INFO  impl.FollowerState (FollowerState.java:run(117)) - 7b1e61a0-7daf-43dd-99d5-9b325c1d31ae@group-091950D56227-FollowerState was interrupted: java.lang.InterruptedException: sleep interrupted
2019-10-20 17:41:35,766 [grpc-default-executor-1] INFO  impl.RoleInfo (RoleInfo.java:updateAndGet(143)) - 7b1e61a0-7daf-43dd-99d5-9b325c1d31ae: start FollowerState
2019-10-20 17:41:35,790 [8f18dce1-0a3d-4b65-9c78-af3d58b2da7f@group-091950D56227-LeaderElection648] INFO  impl.LeaderElection (LeaderElection.java:logAndReturn(56)) - 8f18dce1-0a3d-4b65-9c78-af3d58b2da7f@group-091950D56227-LeaderElection648: Election REJECTED; received 2 response(s) [8f18dce1-0a3d-4b65-9c78-af3d58b2da7f<-8a63e1ae-032e-4bed-9f20-125a11f65413#0:FAIL-t766, 8f18dce1-0a3d-4b65-9c78-af3d58b2da7f<-7b1e61a0-7daf-43dd-99d5-9b325c1d31ae#0:FAIL-t766] and 0 exception(s); 8f18dce1-0a3d-4b65-9c78-af3d58b2da7f@group-091950D56227:t766, leader=null, voted=8f18dce1-0a3d-4b65-9c78-af3d58b2da7f, raftlog=8f18dce1-0a3d-4b65-9c78-af3d58b2da7f@group-091950D56227-SegmentedRaftLog:OPENED:c-1,f-1,i0, conf=-1: [8a63e1ae-032e-4bed-9f20-125a11f65413:0.0.0.0:38685, 8f18dce1-0a3d-4b65-9c78-af3d58b2da7f:0.0.0.0:42489, 7b1e61a0-7daf-43dd-99d5-9b325c1d31ae:0.0.0.0:38412], old=null
2019-10-20 17:41:35,790 [8f18dce1-0a3d-4b65-9c78-af3d58b2da7f@group-091950D56227-LeaderElection648] INFO  impl.RaftServerImpl (RaftServerImpl.java:setRole(184)) - 8f18dce1-0a3d-4b65-9c78-af3d58b2da7f@group-091950D56227: changes role from CANDIDATE to FOLLOWER at term 766 for DISCOVERED_A_NEW_TERM
2019-10-20 17:41:35,790 [8f18dce1-0a3d-4b65-9c78-af3d58b2da7f@group-091950D56227-LeaderElection648] INFO  impl.RoleInfo (RoleInfo.java:shutdownLeaderElection(134)) - 8f18dce1-0a3d-4b65-9c78-af3d58b2da7f: shutdown LeaderElection
2019-10-20 17:41:35,790 [8f18dce1-0a3d-4b65-9c78-af3d58b2da7f@group-091950D56227-LeaderElection648] INFO  impl.RoleInfo (RoleInfo.java:updateAndGet(143)) - 8f18dce1-0a3d-4b65-9c78-af3d58b2da7f: start FollowerState
2019-10-20 17:41:35,863 [Thread-4611] INFO  impl.FollowerState (FollowerState.java:run(108)) - 8f18dce1-0a3d-4b65-9c78-af3d58b2da7f@group-091950D56227-FollowerState: change to CANDIDATE, lastRpcTime:72ms, electionTimeout:72ms
2019-10-20 17:41:35,863 [Thread-4611] INFO  impl.RoleInfo (RoleInfo.java:shutdownFollowerState(121)) - 8f18dce1-0a3d-4b65-9c78-af3d58b2da7f: shutdown FollowerState
2019-10-20 17:41:35,863 [Thread-4611] INFO  impl.RaftServerImpl (RaftServerImpl.java:setRole(184)) - 8f18dce1-0a3d-4b65-9c78-af3d58b2da7f@group-091950D56227: changes role from  FOLLOWER to CANDIDATE at term 766 for changeToCandidate
2019-10-20 17:41:35,863 [Thread-4611] INFO  impl.RoleInfo (RoleInfo.java:updateAndGet(143)) - 8f18dce1-0a3d-4b65-9c78-af3d58b2da7f: start LeaderElection
2019-10-20 17:41:35,890 [8f18dce1-0a3d-4b65-9c78-af3d58b2da7f@group-091950D56227-LeaderElection649] INFO  impl.LeaderElection (LeaderElection.java:askForVotes(178)) - 8f18dce1-0a3d-4b65-9c78-af3d58b2da7f@group-091950D56227-LeaderElection649: begin an election at term 767 for -1: [8a63e1ae-032e-4bed-9f20-125a11f65413:0.0.0.0:38685, 8f18dce1-0a3d-4b65-9c78-af3d58b2da7f:0.0.0.0:42489, 7b1e61a0-7daf-43dd-99d5-9b325c1d31ae:0.0.0.0:38412], old=null
2019-10-20 17:41:35,891 [grpc-default-executor-0] INFO  impl.RaftServerImpl (RaftServerImpl.java:setRole(184)) - 8a63e1ae-032e-4bed-9f20-125a11f65413@group-091950D56227: changes role from  FOLLOWER to FOLLOWER at term 767 for recognizeCandidate:8f18dce1-0a3d-4b65-9c78-af3d58b2da7f
2019-10-20 17:41:35,891 [grpc-default-executor-0] INFO  impl.RoleInfo (RoleInfo.java:shutdownFollowerState(121)) - 8a63e1ae-032e-4bed-9f20-125a11f65413: shutdown FollowerState
2019-10-20 17:41:35,891 [grpc-default-executor-1] INFO  impl.RaftServerImpl (RaftServerImpl.java:setRole(184)) - 7b1e61a0-7daf-43dd-99d5-9b325c1d31ae@group-091950D56227: changes role from  FOLLOWER to FOLLOWER at term 767 for recognizeCandidate:8f18dce1-0a3d-4b65-9c78-af3d58b2da7f
2019-10-20 17:41:35,892 [grpc-default-executor-1] INFO  impl.RoleInfo (RoleInfo.java:shutdownFollowerState(121)) - 7b1e61a0-7daf-43dd-99d5-9b325c1d31ae: shutdown FollowerState
2019-10-20 17:41:35,892 [Thread-4609] INFO  impl.FollowerState (FollowerState.java:run(117)) - 8a63e1ae-032e-4bed-9f20-125a11f65413@group-091950D56227-FollowerState was interrupted: java.lang.InterruptedException: sleep interrupted
2019-10-20 17:41:35,892 [grpc-default-executor-0] INFO  impl.RoleInfo (RoleInfo.java:updateAndGet(143)) - 8a63e1ae-032e-4bed-9f20-125a11f65413: start FollowerState
2019-10-20 17:41:35,892 [Thread-4610] INFO  impl.FollowerState (FollowerState.java:run(117)) - 7b1e61a0-7daf-43dd-99d5-9b325c1d31ae@group-091950D56227-FollowerState was interrupted: java.lang.InterruptedException: sleep interrupted
2019-10-20 17:41:35,892 [grpc-default-executor-1] INFO  impl.RoleInfo (RoleInfo.java:updateAndGet(143)) - 7b1e61a0-7daf-43dd-99d5-9b325c1d31ae: start FollowerState
2019-10-20 17:41:35,916 [8f18dce1-0a3d-4b65-9c78-af3d58b2da7f@group-091950D56227-LeaderElection649] INFO  impl.LeaderElection (LeaderElection.java:logAndReturn(56)) - 8f18dce1-0a3d-4b65-9c78-af3d58b2da7f@group-091950D56227-LeaderElection649: Election REJECTED; received 2 response(s) [8f18dce1-0a3d-4b65-9c78-af3d58b2da7f<-8a63e1ae-032e-4bed-9f20-125a11f65413#0:FAIL-t767, 8f18dce1-0a3d-4b65-9c78-af3d58b2da7f<-7b1e61a0-7daf-43dd-99d5-9b325c1d31ae#0:FAIL-t767] and 0 exception(s); 8f18dce1-0a3d-4b65-9c78-af3d58b2da7f@group-091950D56227:t767, leader=null, voted=8f18dce1-0a3d-4b65-9c78-af3d58b2da7f, raftlog=8f18dce1-0a3d-4b65-9c78-af3d58b2da7f@group-091950D56227-SegmentedRaftLog:OPENED:c-1,f-1,i0, conf=-1: [8a63e1ae-032e-4bed-9f20-125a11f65413:0.0.0.0:38685, 8f18dce1-0a3d-4b65-9c78-af3d58b2da7f:0.0.0.0:42489, 7b1e61a0-7daf-43dd-99d5-9b325c1d31ae:0.0.0.0:38412], old=null
2019-10-20 17:41:35,916 [8f18dce1-0a3d-4b65-9c78-af3d58b2da7f@group-091950D56227-LeaderElection649] INFO  impl.RaftServerImpl (RaftServerImpl.java:setRole(184)) - 8f18dce1-0a3d-4b65-9c78-af3d58b2da7f@group-091950D56227: changes role from CANDIDATE to FOLLOWER at term 767 for DISCOVERED_A_NEW_TERM
2019-10-20 17:41:35,916 [8f18dce1-0a3d-4b65-9c78-af3d58b2da7f@group-091950D56227-LeaderElection649] INFO  impl.RoleInfo (RoleInfo.java:shutdownLeaderElection(134)) - 8f18dce1-0a3d-4b65-9c78-af3d58b2da7f: shutdown LeaderElection
2019-10-20 17:41:35,917 [8f18dce1-0a3d-4b65-9c78-af3d58b2da7f@group-091950D56227-LeaderElection649] INFO  impl.RoleInfo (RoleInfo.java:updateAndGet(143)) - 8f18dce1-0a3d-4b65-9c78-af3d58b2da7f: start FollowerState
2019-10-20 17:41:35,934 [Thread-4617] INFO  impl.FollowerState (FollowerState.java:run(108)) - 8f18dce1-0a3d-4b65-9c78-af3d58b2da7f@group-091950D56227-FollowerState: change to CANDIDATE, lastRpcTime:17ms, electionTimeout:15ms
2019-10-20 17:41:35,935 [Thread-4617] INFO  impl.RoleInfo (RoleInfo.java:shutdownFollowerState(121)) - 8f18dce1-0a3d-4b65-9c78-af3d58b2da7f: shutdown FollowerState
2019-10-20 17:41:35,935 [Thread-4617] INFO  impl.RaftServerImpl (RaftServerImpl.java:setRole(184)) - 8f18dce1-0a3d-4b65-9c78-af3d58b2da7f@group-091950D56227: changes role from  FOLLOWER to CANDIDATE at term 767 for changeToCandidate
2019-10-20 17:41:35,935 [Thread-4617] INFO  impl.RoleInfo (RoleInfo.java:updateAndGet(143)) - 8f18dce1-0a3d-4b65-9c78-af3d58b2da7f: start LeaderElection
2019-10-20 17:41:35,966 [8f18dce1-0a3d-4b65-9c78-af3d58b2da7f@group-091950D56227-LeaderElection650] INFO  impl.LeaderElection (LeaderElection.java:askForVotes(178)) - 8f18dce1-0a3d-4b65-9c78-af3d58b2da7f@group-091950D56227-LeaderElection650: begin an election at term 768 for -1: [8a63e1ae-032e-4bed-9f20-125a11f65413:0.0.0.0:38685, 8f18dce1-0a3d-4b65-9c78-af3d58b2da7f:0.0.0.0:42489, 7b1e61a0-7daf-43dd-99d5-9b325c1d31ae:0.0.0.0:38412], old=null
2019-10-20 17:41:35,967 [grpc-default-executor-1] INFO  impl.RaftServerImpl (RaftServerImpl.java:setRole(184)) - 8a63e1ae-032e-4bed-9f20-125a11f65413@group-091950D56227: changes role from  FOLLOWER to FOLLOWER at term 768 for recognizeCandidate:8f18dce1-0a3d-4b65-9c78-af3d58b2da7f
2019-10-20 17:41:35,967 [grpc-default-executor-1] INFO  impl.RoleInfo (RoleInfo.java:shutdownFollowerState(121)) - 8a63e1ae-032e-4bed-9f20-125a11f65413: shutdown FollowerState
2019-10-20 17:41:35,967 [grpc-default-executor-0] INFO  impl.RaftServerImpl (RaftServerImpl.java:setRole(184)) - 7b1e61a0-7daf-43dd-99d5-9b325c1d31ae@group-091950D56227: changes role from  FOLLOWER to FOLLOWER at term 768 for recognizeCandidate:8f18dce1-0a3d-4b65-9c78-af3d58b2da7f
2019-10-20 17:41:35,967 [grpc-default-executor-0] INFO  impl.RoleInfo (RoleInfo.java:shutdownFollowerState(121)) - 7b1e61a0-7daf-43dd-99d5-9b325c1d31ae: shutdown FollowerState
2019-10-20 17:41:35,967 [Thread-4615] INFO  impl.FollowerState (FollowerState.java:run(117)) - 8a63e1ae-032e-4bed-9f20-125a11f65413@group-091950D56227-FollowerState was interrupted: java.lang.InterruptedException: sleep interrupted
2019-10-20 17:41:35,967 [grpc-default-executor-1] INFO  impl.RoleInfo (RoleInfo.java:updateAndGet(143)) - 8a63e1ae-032e-4bed-9f20-125a11f65413: start FollowerState
2019-10-20 17:41:35,968 [Thread-4616] INFO  impl.FollowerState (FollowerState.java:run(117)) - 7b1e61a0-7daf-43dd-99d5-9b325c1d31ae@group-091950D56227-FollowerState was interrupted: java.lang.InterruptedException: sleep interrupted
2019-10-20 17:41:35,968 [grpc-default-executor-0] INFO  impl.RoleInfo (RoleInfo.java:updateAndGet(143)) - 7b1e61a0-7daf-43dd-99d5-9b325c1d31ae: start FollowerState
2019-10-20 17:41:35,991 [8f18dce1-0a3d-4b65-9c78-af3d58b2da7f@group-091950D56227-LeaderElection650] INFO  impl.LeaderElection (LeaderElection.java:logAndReturn(56)) - 8f18dce1-0a3d-4b65-9c78-af3d58b2da7f@group-091950D56227-LeaderElection650: Election REJECTED; received 2 response(s) [8f18dce1-0a3d-4b65-9c78-af3d58b2da7f<-8a63e1ae-032e-4bed-9f20-125a11f65413#0:FAIL-t768, 8f18dce1-0a3d-4b65-9c78-af3d58b2da7f<-7b1e61a0-7daf-43dd-99d5-9b325c1d31ae#0:FAIL-t768] and 0 exception(s); 8f18dce1-0a3d-4b65-9c78-af3d58b2da7f@group-091950D56227:t768, leader=null, voted=8f18dce1-0a3d-4b65-9c78-af3d58b2da7f, raftlog=8f18dce1-0a3d-4b65-9c78-af3d58b2da7f@group-091950D56227-SegmentedRaftLog:OPENED:c-1,f-1,i0, conf=-1: [8a63e1ae-032e-4bed-9f20-125a11f65413:0.0.0.0:38685, 8f18dce1-0a3d-4b65-9c78-af3d58b2da7f:0.0.0.0:42489, 7b1e61a0-7daf-43dd-99d5-9b325c1d31ae:0.0.0.0:38412], old=null
2019-10-20 17:41:35,992 [8f18dce1-0a3d-4b65-9c78-af3d58b2da7f@group-091950D56227-LeaderElection650] INFO  impl.RaftServerImpl (RaftServerImpl.java:setRole(184)) - 8f18dce1-0a3d-4b65-9c78-af3d58b2da7f@group-091950D56227: changes role from CANDIDATE to FOLLOWER at term 768 for DISCOVERED_A_NEW_TERM
2019-10-20 17:41:35,992 [8f18dce1-0a3d-4b65-9c78-af3d58b2da7f@group-091950D56227-LeaderElection650] INFO  impl.RoleInfo (RoleInfo.java:shutdownLeaderElection(134)) - 8f18dce1-0a3d-4b65-9c78-af3d58b2da7f: shutdown LeaderElection
2019-10-20 17:41:35,992 [8f18dce1-0a3d-4b65-9c78-af3d58b2da7f@group-091950D56227-LeaderElection650] INFO  impl.RoleInfo (RoleInfo.java:updateAndGet(143)) - 8f18dce1-0a3d-4b65-9c78-af3d58b2da7f: start FollowerState
2019-10-20 17:41:35,992 [Thread-4623] INFO  impl.FollowerState (FollowerState.java:run(108)) - 8f18dce1-0a3d-4b65-9c78-af3d58b2da7f@group-091950D56227-FollowerState: change to CANDIDATE, lastRpcTime:0ms, electionTimeout:0ms
2019-10-20 17:41:35,992 [Thread-4623] INFO  impl.RoleInfo (RoleInfo.java:shutdownFollowerState(121)) - 8f18dce1-0a3d-4b65-9c78-af3d58b2da7f: shutdown FollowerState
2019-10-20 17:41:35,992 [Thread-4623] INFO  impl.RaftServerImpl (RaftServerImpl.java:setRole(184)) - 8f18dce1-0a3d-4b65-9c78-af3d58b2da7f@group-091950D56227: changes role from  FOLLOWER to CANDIDATE at term 768 for changeToCandidate
2019-10-20 17:41:35,992 [Thread-4623] INFO  impl.RoleInfo (RoleInfo.java:updateAndGet(143)) - 8f18dce1-0a3d-4b65-9c78-af3d58b2da7f: start LeaderElection
2019-10-20 17:41:36,016 [8f18dce1-0a3d-4b65-9c78-af3d58b2da7f@group-091950D56227-LeaderElection651] INFO  impl.LeaderElection (LeaderElection.java:askForVotes(178)) - 8f18dce1-0a3d-4b65-9c78-af3d58b2da7f@group-091950D56227-LeaderElection651: begin an election at term 769 for -1: [8a63e1ae-032e-4bed-9f20-125a11f65413:0.0.0.0:38685, 8f18dce1-0a3d-4b65-9c78-af3d58b2da7f:0.0.0.0:42489, 7b1e61a0-7daf-43dd-99d5-9b325c1d31ae:0.0.0.0:38412], old=null
2019-10-20 17:41:36,018 [grpc-default-executor-1] INFO  impl.RaftServerImpl (RaftServerImpl.java:setRole(184)) - 7b1e61a0-7daf-43dd-99d5-9b325c1d31ae@group-091950D56227: changes role from  FOLLOWER to FOLLOWER at term 769 for recognizeCandidate:8f18dce1-0a3d-4b65-9c78-af3d58b2da7f
2019-10-20 17:41:36,018 [grpc-default-executor-1] INFO  impl.RoleInfo (RoleInfo.java:shutdownFollowerState(121)) - 7b1e61a0-7daf-43dd-99d5-9b325c1d31ae: shutdown FollowerState
2019-10-20 17:41:36,019 [grpc-default-executor-1] INFO  impl.RoleInfo (RoleInfo.java:updateAndGet(143)) - 7b1e61a0-7daf-43dd-99d5-9b325c1d31ae: start FollowerState
2019-10-20 17:41:36,019 [Thread-4622] INFO  impl.FollowerState (FollowerState.java:run(117)) - 7b1e61a0-7daf-43dd-99d5-9b325c1d31ae@group-091950D56227-FollowerState was interrupted: java.lang.InterruptedException: sleep interrupted
2019-10-20 17:41:36,019 [grpc-default-executor-0] INFO  impl.RaftServerImpl (RaftServerImpl.java:setRole(184)) - 8a63e1ae-032e-4bed-9f20-125a11f65413@group-091950D56227: changes role from  FOLLOWER to FOLLOWER at term 769 for recognizeCandidate:8f18dce1-0a3d-4b65-9c78-af3d58b2da7f
2019-10-20 17:41:36,019 [grpc-default-executor-0] INFO  impl.RoleInfo (RoleInfo.java:shutdownFollowerState(121)) - 8a63e1ae-032e-4bed-9f20-125a11f65413: shutdown FollowerState
2019-10-20 17:41:36,019 [grpc-default-executor-0] INFO  impl.RoleInfo (RoleInfo.java:updateAndGet(143)) - 8a63e1ae-032e-4bed-9f20-125a11f65413: start FollowerState
2019-10-20 17:41:36,019 [Thread-4621] INFO  impl.FollowerState (FollowerState.java:run(117)) - 8a63e1ae-032e-4bed-9f20-125a11f65413@group-091950D56227-FollowerState was interrupted: java.lang.InterruptedException: sleep interrupted
2019-10-20 17:41:36,043 [8f18dce1-0a3d-4b65-9c78-af3d58b2da7f@group-091950D56227-LeaderElection651] INFO  impl.LeaderElection (LeaderElection.java:logAndReturn(56)) - 8f18dce1-0a3d-4b65-9c78-af3d58b2da7f@group-091950D56227-LeaderElection651: Election REJECTED; received 2 response(s) [8f18dce1-0a3d-4b65-9c78-af3d58b2da7f<-8a63e1ae-032e-4bed-9f20-125a11f65413#0:FAIL-t769, 8f18dce1-0a3d-4b65-9c78-af3d58b2da7f<-7b1e61a0-7daf-43dd-99d5-9b325c1d31ae#0:FAIL-t769] and 0 exception(s); 8f18dce1-0a3d-4b65-9c78-af3d58b2da7f@group-091950D56227:t769, leader=null, voted=8f18dce1-0a3d-4b65-9c78-af3d58b2da7f, raftlog=8f18dce1-0a3d-4b65-9c78-af3d58b2da7f@group-091950D56227-SegmentedRaftLog:OPENED:c-1,f-1,i0, conf=-1: [8a63e1ae-032e-4bed-9f20-125a11f65413:0.0.0.0:38685, 8f18dce1-0a3d-4b65-9c78-af3d58b2da7f:0.0.0.0:42489, 7b1e61a0-7daf-43dd-99d5-9b325c1d31ae:0.0.0.0:38412], old=null
2019-10-20 17:41:36,043 [8f18dce1-0a3d-4b65-9c78-af3d58b2da7f@group-091950D56227-LeaderElection651] INFO  impl.RaftServerImpl (RaftServerImpl.java:setRole(184)) - 8f18dce1-0a3d-4b65-9c78-af3d58b2da7f@group-091950D56227: changes role from CANDIDATE to FOLLOWER at term 769 for DISCOVERED_A_NEW_TERM
2019-10-20 17:41:36,043 [8f18dce1-0a3d-4b65-9c78-af3d58b2da7f@group-091950D56227-LeaderElection651] INFO  impl.RoleInfo (RoleInfo.java:shutdownLeaderElection(134)) - 8f18dce1-0a3d-4b65-9c78-af3d58b2da7f: shutdown LeaderElection
2019-10-20 17:41:36,043 [8f18dce1-0a3d-4b65-9c78-af3d58b2da7f@group-091950D56227-LeaderElection651] INFO  impl.RoleInfo (RoleInfo.java:updateAndGet(143)) - 8f18dce1-0a3d-4b65-9c78-af3d58b2da7f: start FollowerState
2019-10-20 17:41:36,101 [Thread-4629] INFO  impl.FollowerState (FollowerState.java:run(108)) - 8f18dce1-0a3d-4b65-9c78-af3d58b2da7f@group-091950D56227-FollowerState: change to CANDIDATE, lastRpcTime:58ms, electionTimeout:58ms
2019-10-20 17:41:36,102 [Thread-4629] INFO  impl.RoleInfo (RoleInfo.java:shutdownFollowerState(121)) - 8f18dce1-0a3d-4b65-9c78-af3d58b2da7f: shutdown FollowerState
2019-10-20 17:41:36,102 [Thread-4629] INFO  impl.RaftServerImpl (RaftServerImpl.java:setRole(184)) - 8f18dce1-0a3d-4b65-9c78-af3d58b2da7f@group-091950D56227: changes role from  FOLLOWER to CANDIDATE at term 769 for changeToCandidate
2019-10-20 17:41:36,102 [Thread-4629] INFO  impl.RoleInfo (RoleInfo.java:updateAndGet(143)) - 8f18dce1-0a3d-4b65-9c78-af3d58b2da7f: start LeaderElection
2019-10-20 17:41:36,126 [8f18dce1-0a3d-4b65-9c78-af3d58b2da7f@group-091950D56227-LeaderElection652] INFO  impl.LeaderElection (LeaderElection.java:askForVotes(178)) - 8f18dce1-0a3d-4b65-9c78-af3d58b2da7f@group-091950D56227-LeaderElection652: begin an election at term 770 for -1: [8a63e1ae-032e-4bed-9f20-125a11f65413:0.0.0.0:38685, 8f18dce1-0a3d-4b65-9c78-af3d58b2da7f:0.0.0.0:42489, 7b1e61a0-7daf-43dd-99d5-9b325c1d31ae:0.0.0.0:38412], old=null
2019-10-20 17:41:36,127 [grpc-default-executor-1] INFO  impl.RaftServerImpl (RaftServerImpl.java:setRole(184)) - 7b1e61a0-7daf-43dd-99d5-9b325c1d31ae@group-091950D56227: changes role from  FOLLOWER to FOLLOWER at term 770 for recognizeCandidate:8f18dce1-0a3d-4b65-9c78-af3d58b2da7f
2019-10-20 17:41:36,127 [grpc-default-executor-0] INFO  impl.RaftServerImpl (RaftServerImpl.java:setRole(184)) - 8a63e1ae-032e-4bed-9f20-125a11f65413@group-091950D56227: changes role from  FOLLOWER to FOLLOWER at term 770 for recognizeCandidate:8f18dce1-0a3d-4b65-9c78-af3d58b2da7f
2019-10-20 17:41:36,128 [grpc-default-executor-0] INFO  impl.RoleInfo (RoleInfo.java:shutdownFollowerState(121)) - 8a63e1ae-032e-4bed-9f20-125a11f65413: shutdown FollowerState
2019-10-20 17:41:36,128 [grpc-default-executor-1] INFO  impl.RoleInfo (RoleInfo.java:shutdownFollowerState(121)) - 7b1e61a0-7daf-43dd-99d5-9b325c1d31ae: shutdown FollowerState
2019-10-20 17:41:36,128 [Thread-4628] INFO  impl.FollowerState (FollowerState.java:run(117)) - 8a63e1ae-032e-4bed-9f20-125a11f65413@group-091950D56227-FollowerState was interrupted: java.lang.InterruptedException: sleep interrupted
2019-10-20 17:41:36,128 [grpc-default-executor-0] INFO  impl.RoleInfo (RoleInfo.java:updateAndGet(143)) - 8a63e1ae-032e-4bed-9f20-125a11f65413: start FollowerState
2019-10-20 17:41:36,128 [Thread-4627] INFO  impl.FollowerState (FollowerState.java:run(117)) - 7b1e61a0-7daf-43dd-99d5-9b325c1d31ae@group-091950D56227-FollowerState was interrupted: java.lang.InterruptedException: sleep interrupted
2019-10-20 17:41:36,128 [grpc-default-executor-1] INFO  impl.RoleInfo (RoleInfo.java:updateAndGet(143)) - 7b1e61a0-7daf-43dd-99d5-9b325c1d31ae: start FollowerState
2019-10-20 17:41:36,152 [8f18dce1-0a3d-4b65-9c78-af3d58b2da7f@group-091950D56227-LeaderElection652] INFO  impl.LeaderElection (LeaderElection.java:logAndReturn(56)) - 8f18dce1-0a3d-4b65-9c78-af3d58b2da7f@group-091950D56227-LeaderElection652: Election REJECTED; received 2 response(s) [8f18dce1-0a3d-4b65-9c78-af3d58b2da7f<-8a63e1ae-032e-4bed-9f20-125a11f65413#0:FAIL-t770, 8f18dce1-0a3d-4b65-9c78-af3d58b2da7f<-7b1e61a0-7daf-43dd-99d5-9b325c1d31ae#0:FAIL-t770] and 0 exception(s); 8f18dce1-0a3d-4b65-9c78-af3d58b2da7f@group-091950D56227:t770, leader=null, voted=8f18dce1-0a3d-4b65-9c78-af3d58b2da7f, raftlog=8f18dce1-0a3d-4b65-9c78-af3d58b2da7f@group-091950D56227-SegmentedRaftLog:OPENED:c-1,f-1,i0, conf=-1: [8a63e1ae-032e-4bed-9f20-125a11f65413:0.0.0.0:38685, 8f18dce1-0a3d-4b65-9c78-af3d58b2da7f:0.0.0.0:42489, 7b1e61a0-7daf-43dd-99d5-9b325c1d31ae:0.0.0.0:38412], old=null
2019-10-20 17:41:36,152 [8f18dce1-0a3d-4b65-9c78-af3d58b2da7f@group-091950D56227-LeaderElection652] INFO  impl.RaftServerImpl (RaftServerImpl.java:setRole(184)) - 8f18dce1-0a3d-4b65-9c78-af3d58b2da7f@group-091950D56227: changes role from CANDIDATE to FOLLOWER at term 770 for DISCOVERED_A_NEW_TERM
2019-10-20 17:41:36,152 [8f18dce1-0a3d-4b65-9c78-af3d58b2da7f@group-091950D56227-LeaderElection652] INFO  impl.RoleInfo (RoleInfo.java:shutdownLeaderElection(134)) - 8f18dce1-0a3d-4b65-9c78-af3d58b2da7f: shutdown LeaderElection
2019-10-20 17:41:36,152 [8f18dce1-0a3d-4b65-9c78-af3d58b2da7f@group-091950D56227-LeaderElection652] INFO  impl.RoleInfo (RoleInfo.java:updateAndGet(143)) - 8f18dce1-0a3d-4b65-9c78-af3d58b2da7f: start FollowerState
2019-10-20 17:41:36,300 [Thread-4635] INFO  impl.FollowerState (FollowerState.java:run(108)) - 8f18dce1-0a3d-4b65-9c78-af3d58b2da7f@group-091950D56227-FollowerState: change to CANDIDATE, lastRpcTime:147ms, electionTimeout:147ms
2019-10-20 17:41:36,300 [Thread-4635] INFO  impl.RoleInfo (RoleInfo.java:shutdownFollowerState(121)) - 8f18dce1-0a3d-4b65-9c78-af3d58b2da7f: shutdown FollowerState
2019-10-20 17:41:36,300 [Thread-4635] INFO  impl.RaftServerImpl (RaftServerImpl.java:setRole(184)) - 8f18dce1-0a3d-4b65-9c78-af3d58b2da7f@group-091950D56227: changes role from  FOLLOWER to CANDIDATE at term 770 for changeToCandidate
2019-10-20 17:41:36,300 [Thread-4635] INFO  impl.RoleInfo (RoleInfo.java:updateAndGet(143)) - 8f18dce1-0a3d-4b65-9c78-af3d58b2da7f: start LeaderElection
2019-10-20 17:41:36,327 [8f18dce1-0a3d-4b65-9c78-af3d58b2da7f@group-091950D56227-LeaderElection653] INFO  impl.LeaderElection (LeaderElection.java:askForVotes(178)) - 8f18dce1-0a3d-4b65-9c78-af3d58b2da7f@group-091950D56227-LeaderElection653: begin an election at term 771 for -1: [8a63e1ae-032e-4bed-9f20-125a11f65413:0.0.0.0:38685, 8f18dce1-0a3d-4b65-9c78-af3d58b2da7f:0.0.0.0:42489, 7b1e61a0-7daf-43dd-99d5-9b325c1d31ae:0.0.0.0:38412], old=null
2019-10-20 17:41:36,328 [grpc-default-executor-0] INFO  impl.RaftServerImpl (RaftServerImpl.java:setRole(184)) - 8a63e1ae-032e-4bed-9f20-125a11f65413@group-091950D56227: changes role from  FOLLOWER to FOLLOWER at term 771 for recognizeCandidate:8f18dce1-0a3d-4b65-9c78-af3d58b2da7f
2019-10-20 17:41:36,328 [grpc-default-executor-1] INFO  impl.RaftServerImpl (RaftServerImpl.java:setRole(184)) - 7b1e61a0-7daf-43dd-99d5-9b325c1d31ae@group-091950D56227: changes role from  FOLLOWER to FOLLOWER at term 771 for recognizeCandidate:8f18dce1-0a3d-4b65-9c78-af3d58b2da7f
2019-10-20 17:41:36,329 [grpc-default-executor-1] INFO  impl.RoleInfo (RoleInfo.java:shutdownFollowerState(121)) - 7b1e61a0-7daf-43dd-99d5-9b325c1d31ae: shutdown FollowerState
2019-10-20 17:41:36,328 [grpc-default-executor-0] INFO  impl.RoleInfo (RoleInfo.java:shutdownFollowerState(121)) - 8a63e1ae-032e-4bed-9f20-125a11f65413: shutdown FollowerState
2019-10-20 17:41:36,329 [Thread-4634] INFO  impl.FollowerState (FollowerState.java:run(117)) - 7b1e61a0-7daf-43dd-99d5-9b325c1d31ae@group-091950D56227-FollowerState was interrupted: java.lang.InterruptedException: sleep interrupted
2019-10-20 17:41:36,329 [grpc-default-executor-1] INFO  impl.RoleInfo (RoleInfo.java:updateAndGet(143)) - 7b1e61a0-7daf-43dd-99d5-9b325c1d31ae: start FollowerState
2019-10-20 17:41:36,329 [Thread-4633] INFO  impl.FollowerState (FollowerState.java:run(117)) - 8a63e1ae-032e-4bed-9f20-125a11f65413@group-091950D56227-FollowerState was interrupted: java.lang.InterruptedException: sleep interrupted
2019-10-20 17:41:36,329 [grpc-default-executor-0] INFO  impl.RoleInfo (RoleInfo.java:updateAndGet(143)) - 8a63e1ae-032e-4bed-9f20-125a11f65413: start FollowerState
2019-10-20 17:41:36,353 [8f18dce1-0a3d-4b65-9c78-af3d58b2da7f@group-091950D56227-LeaderElection653] INFO  impl.LeaderElection (LeaderElection.java:logAndReturn(56)) - 8f18dce1-0a3d-4b65-9c78-af3d58b2da7f@group-091950D56227-LeaderElection653: Election REJECTED; received 2 response(s) [8f18dce1-0a3d-4b65-9c78-af3d58b2da7f<-8a63e1ae-032e-4bed-9f20-125a11f65413#0:FAIL-t771, 8f18dce1-0a3d-4b65-9c78-af3d58b2da7f<-7b1e61a0-7daf-43dd-99d5-9b325c1d31ae#0:FAIL-t771] and 0 exception(s); 8f18dce1-0a3d-4b65-9c78-af3d58b2da7f@group-091950D56227:t771, leader=null, voted=8f18dce1-0a3d-4b65-9c78-af3d58b2da7f, raftlog=8f18dce1-0a3d-4b65-9c78-af3d58b2da7f@group-091950D56227-SegmentedRaftLog:OPENED:c-1,f-1,i0, conf=-1: [8a63e1ae-032e-4bed-9f20-125a11f65413:0.0.0.0:38685, 8f18dce1-0a3d-4b65-9c78-af3d58b2da7f:0.0.0.0:42489, 7b1e61a0-7daf-43dd-99d5-9b325c1d31ae:0.0.0.0:38412], old=null
2019-10-20 17:41:36,353 [8f18dce1-0a3d-4b65-9c78-af3d58b2da7f@group-091950D56227-LeaderElection653] INFO  impl.RaftServerImpl (RaftServerImpl.java:setRole(184)) - 8f18dce1-0a3d-4b65-9c78-af3d58b2da7f@group-091950D56227: changes role from CANDIDATE to FOLLOWER at term 771 for DISCOVERED_A_NEW_TERM
2019-10-20 17:41:36,353 [8f18dce1-0a3d-4b65-9c78-af3d58b2da7f@group-091950D56227-LeaderElection653] INFO  impl.RoleInfo (RoleInfo.java:shutdownLeaderElection(134)) - 8f18dce1-0a3d-4b65-9c78-af3d58b2da7f: shutdown LeaderElection
2019-10-20 17:41:36,353 [8f18dce1-0a3d-4b65-9c78-af3d58b2da7f@group-091950D56227-LeaderElection653] INFO  impl.RoleInfo (RoleInfo.java:updateAndGet(143)) - 8f18dce1-0a3d-4b65-9c78-af3d58b2da7f: start FollowerState
2019-10-20 17:41:36,474 [Thread-4641] INFO  impl.FollowerState (FollowerState.java:run(108)) - 8f18dce1-0a3d-4b65-9c78-af3d58b2da7f@group-091950D56227-FollowerState: change to CANDIDATE, lastRpcTime:121ms, electionTimeout:121ms
2019-10-20 17:41:36,474 [Thread-4641] INFO  impl.RoleInfo (RoleInfo.java:shutdownFollowerState(121)) - 8f18dce1-0a3d-4b65-9c78-af3d58b2da7f: shutdown FollowerState
2019-10-20 17:41:36,474 [Thread-4641] INFO  impl.RaftServerImpl (RaftServerImpl.java:setRole(184)) - 8f18dce1-0a3d-4b65-9c78-af3d58b2da7f@group-091950D56227: changes role from  FOLLOWER to CANDIDATE at term 771 for changeToCandidate
2019-10-20 17:41:36,474 [Thread-4641] INFO  impl.RoleInfo (RoleInfo.java:updateAndGet(143)) - 8f18dce1-0a3d-4b65-9c78-af3d58b2da7f: start LeaderElection
2019-10-20 17:41:36,503 [8f18dce1-0a3d-4b65-9c78-af3d58b2da7f@group-091950D56227-LeaderElection654] INFO  impl.LeaderElection (LeaderElection.java:askForVotes(178)) - 8f18dce1-0a3d-4b65-9c78-af3d58b2da7f@group-091950D56227-LeaderElection654: begin an election at term 772 for -1: [8a63e1ae-032e-4bed-9f20-125a11f65413:0.0.0.0:38685, 8f18dce1-0a3d-4b65-9c78-af3d58b2da7f:0.0.0.0:42489, 7b1e61a0-7daf-43dd-99d5-9b325c1d31ae:0.0.0.0:38412], old=null
2019-10-20 17:41:36,504 [grpc-default-executor-1] INFO  impl.RaftServerImpl (RaftServerImpl.java:setRole(184)) - 8a63e1ae-032e-4bed-9f20-125a11f65413@group-091950D56227: changes role from  FOLLOWER to FOLLOWER at term 772 for recognizeCandidate:8f18dce1-0a3d-4b65-9c78-af3d58b2da7f
2019-10-20 17:41:36,504 [grpc-default-executor-1] INFO  impl.RoleInfo (RoleInfo.java:shutdownFollowerState(121)) - 8a63e1ae-032e-4bed-9f20-125a11f65413: shutdown FollowerState
2019-10-20 17:41:36,504 [grpc-default-executor-1] INFO  impl.RoleInfo (RoleInfo.java:updateAndGet(143)) - 8a63e1ae-032e-4bed-9f20-125a11f65413: start FollowerState
2019-10-20 17:41:36,504 [Thread-4640] INFO  impl.FollowerState (FollowerState.java:run(117)) - 8a63e1ae-032e-4bed-9f20-125a11f65413@group-091950D56227-FollowerState was interrupted: java.lang.InterruptedException: sleep interrupted
2019-10-20 17:41:36,504 [grpc-default-executor-0] INFO  impl.RaftServerImpl (RaftServerImpl.java:setRole(184)) - 7b1e61a0-7daf-43dd-99d5-9b325c1d31ae@group-091950D56227: changes role from  FOLLOWER to FOLLOWER at term 772 for recognizeCandidate:8f18dce1-0a3d-4b65-9c78-af3d58b2da7f
2019-10-20 17:41:36,504 [grpc-default-executor-0] INFO  impl.RoleInfo (RoleInfo.java:shutdownFollowerState(121)) - 7b1e61a0-7daf-43dd-99d5-9b325c1d31ae: shutdown FollowerState
2019-10-20 17:41:36,504 [grpc-default-executor-0] INFO  impl.RoleInfo (RoleInfo.java:updateAndGet(143)) - 7b1e61a0-7daf-43dd-99d5-9b325c1d31ae: start FollowerState
2019-10-20 17:41:36,504 [Thread-4639] INFO  impl.FollowerState (FollowerState.java:run(117)) - 7b1e61a0-7daf-43dd-99d5-9b325c1d31ae@group-091950D56227-FollowerState was interrupted: java.lang.InterruptedException: sleep interrupted
2019-10-20 17:41:36,520 [8f18dce1-0a3d-4b65-9c78-af3d58b2da7f@group-091950D56227-LeaderElection654] INFO  impl.LeaderElection (LeaderElection.java:logAndReturn(56)) - 8f18dce1-0a3d-4b65-9c78-af3d58b2da7f@group-091950D56227-LeaderElection654: Election REJECTED; received 2 response(s) [8f18dce1-0a3d-4b65-9c78-af3d58b2da7f<-8a63e1ae-032e-4bed-9f20-125a11f65413#0:FAIL-t772, 8f18dce1-0a3d-4b65-9c78-af3d58b2da7f<-7b1e61a0-7daf-43dd-99d5-9b325c1d31ae#0:FAIL-t772] and 0 exception(s); 8f18dce1-0a3d-4b65-9c78-af3d58b2da7f@group-091950D56227:t772, leader=null, voted=8f18dce1-0a3d-4b65-9c78-af3d58b2da7f, raftlog=8f18dce1-0a3d-4b65-9c78-af3d58b2da7f@group-091950D56227-SegmentedRaftLog:OPENED:c-1,f-1,i0, conf=-1: [8a63e1ae-032e-4bed-9f20-125a11f65413:0.0.0.0:38685, 8f18dce1-0a3d-4b65-9c78-af3d58b2da7f:0.0.0.0:42489, 7b1e61a0-7daf-43dd-99d5-9b325c1d31ae:0.0.0.0:38412], old=null
2019-10-20 17:41:36,521 [8f18dce1-0a3d-4b65-9c78-af3d58b2da7f@group-091950D56227-LeaderElection654] INFO  impl.RaftServerImpl (RaftServerImpl.java:setRole(184)) - 8f18dce1-0a3d-4b65-9c78-af3d58b2da7f@group-091950D56227: changes role from CANDIDATE to FOLLOWER at term 772 for DISCOVERED_A_NEW_TERM
2019-10-20 17:41:36,521 [8f18dce1-0a3d-4b65-9c78-af3d58b2da7f@group-091950D56227-LeaderElection654] INFO  impl.RoleInfo (RoleInfo.java:shutdownLeaderElection(134)) - 8f18dce1-0a3d-4b65-9c78-af3d58b2da7f: shutdown LeaderElection
2019-10-20 17:41:36,521 [8f18dce1-0a3d-4b65-9c78-af3d58b2da7f@group-091950D56227-LeaderElection654] INFO  impl.RoleInfo (RoleInfo.java:updateAndGet(143)) - 8f18dce1-0a3d-4b65-9c78-af3d58b2da7f: start FollowerState
2019-10-20 17:41:36,706 [Thread-4647] INFO  impl.FollowerState (FollowerState.java:run(108)) - 8f18dce1-0a3d-4b65-9c78-af3d58b2da7f@group-091950D56227-FollowerState: change to CANDIDATE, lastRpcTime:185ms, electionTimeout:185ms
2019-10-20 17:41:36,706 [Thread-4647] INFO  impl.RoleInfo (RoleInfo.java:shutdownFollowerState(121)) - 8f18dce1-0a3d-4b65-9c78-af3d58b2da7f: shutdown FollowerState
2019-10-20 17:41:36,706 [Thread-4647] INFO  impl.RaftServerImpl (RaftServerImpl.java:setRole(184)) - 8f18dce1-0a3d-4b65-9c78-af3d58b2da7f@group-091950D56227: changes role from  FOLLOWER to CANDIDATE at term 772 for changeToCandidate
2019-10-20 17:41:36,706 [Thread-4647] INFO  impl.RoleInfo (RoleInfo.java:updateAndGet(143)) - 8f18dce1-0a3d-4b65-9c78-af3d58b2da7f: start LeaderElection
2019-10-20 17:41:36,738 [8f18dce1-0a3d-4b65-9c78-af3d58b2da7f@group-091950D56227-LeaderElection655] INFO  impl.LeaderElection (LeaderElection.java:askForVotes(178)) - 8f18dce1-0a3d-4b65-9c78-af3d58b2da7f@group-091950D56227-LeaderElection655: begin an election at term 773 for -1: [8a63e1ae-032e-4bed-9f20-125a11f65413:0.0.0.0:38685, 8f18dce1-0a3d-4b65-9c78-af3d58b2da7f:0.0.0.0:42489, 7b1e61a0-7daf-43dd-99d5-9b325c1d31ae:0.0.0.0:38412], old=null
2019-10-20 17:41:36,739 [grpc-default-executor-1] INFO  impl.RaftServerImpl (RaftServerImpl.java:setRole(184)) - 8a63e1ae-032e-4bed-9f20-125a11f65413@group-091950D56227: changes role from  FOLLOWER to FOLLOWER at term 773 for recognizeCandidate:8f18dce1-0a3d-4b65-9c78-af3d58b2da7f
2019-10-20 17:41:36,740 [grpc-default-executor-0] INFO  impl.RaftServerImpl (RaftServerImpl.java:setRole(184)) - 7b1e61a0-7daf-43dd-99d5-9b325c1d31ae@group-091950D56227: changes role from  FOLLOWER to FOLLOWER at term 773 for recognizeCandidate:8f18dce1-0a3d-4b65-9c78-af3d58b2da7f
2019-10-20 17:41:36,740 [grpc-default-executor-1] INFO  impl.RoleInfo (RoleInfo.java:shutdownFollowerState(121)) - 8a63e1ae-032e-4bed-9f20-125a11f65413: shutdown FollowerState
2019-10-20 17:41:36,740 [grpc-default-executor-0] INFO  impl.RoleInfo (RoleInfo.java:shutdownFollowerState(121)) - 7b1e61a0-7daf-43dd-99d5-9b325c1d31ae: shutdown FollowerState
2019-10-20 17:41:36,740 [Thread-4645] INFO  impl.FollowerState (FollowerState.java:run(117)) - 8a63e1ae-032e-4bed-9f20-125a11f65413@group-091950D56227-FollowerState was interrupted: java.lang.InterruptedException: sleep interrupted
2019-10-20 17:41:36,740 [grpc-default-executor-1] INFO  impl.RoleInfo (RoleInfo.java:updateAndGet(143)) - 8a63e1ae-032e-4bed-9f20-125a11f65413: start FollowerState
2019-10-20 17:41:36,740 [Thread-4646] INFO  impl.FollowerState (FollowerState.java:run(117)) - 7b1e61a0-7daf-43dd-99d5-9b325c1d31ae@group-091950D56227-FollowerState was interrupted: java.lang.InterruptedException: sleep interrupted
2019-10-20 17:41:36,740 [grpc-default-executor-0] INFO  impl.RoleInfo (RoleInfo.java:updateAndGet(143)) - 7b1e61a0-7daf-43dd-99d5-9b325c1d31ae: start FollowerState
2019-10-20 17:41:36,764 [8f18dce1-0a3d-4b65-9c78-af3d58b2da7f@group-091950D56227-LeaderElection655] INFO  impl.LeaderElection (LeaderElection.java:logAndReturn(56)) - 8f18dce1-0a3d-4b65-9c78-af3d58b2da7f@group-091950D56227-LeaderElection655: Election REJECTED; received 2 response(s) [8f18dce1-0a3d-4b65-9c78-af3d58b2da7f<-8a63e1ae-032e-4bed-9f20-125a11f65413#0:FAIL-t773, 8f18dce1-0a3d-4b65-9c78-af3d58b2da7f<-7b1e61a0-7daf-43dd-99d5-9b325c1d31ae#0:FAIL-t773] and 0 exception(s); 8f18dce1-0a3d-4b65-9c78-af3d58b2da7f@group-091950D56227:t773, leader=null, voted=8f18dce1-0a3d-4b65-9c78-af3d58b2da7f, raftlog=8f18dce1-0a3d-4b65-9c78-af3d58b2da7f@group-091950D56227-SegmentedRaftLog:OPENED:c-1,f-1,i0, conf=-1: [8a63e1ae-032e-4bed-9f20-125a11f65413:0.0.0.0:38685, 8f18dce1-0a3d-4b65-9c78-af3d58b2da7f:0.0.0.0:42489, 7b1e61a0-7daf-43dd-99d5-9b325c1d31ae:0.0.0.0:38412], old=null
2019-10-20 17:41:36,764 [8f18dce1-0a3d-4b65-9c78-af3d58b2da7f@group-091950D56227-LeaderElection655] INFO  impl.RaftServerImpl (RaftServerImpl.java:setRole(184)) - 8f18dce1-0a3d-4b65-9c78-af3d58b2da7f@group-091950D56227: changes role from CANDIDATE to FOLLOWER at term 773 for DISCOVERED_A_NEW_TERM
2019-10-20 17:41:36,765 [8f18dce1-0a3d-4b65-9c78-af3d58b2da7f@group-091950D56227-LeaderElection655] INFO  impl.RoleInfo (RoleInfo.java:shutdownLeaderElection(134)) - 8f18dce1-0a3d-4b65-9c78-af3d58b2da7f: shutdown LeaderElection
2019-10-20 17:41:36,765 [8f18dce1-0a3d-4b65-9c78-af3d58b2da7f@group-091950D56227-LeaderElection655] INFO  impl.RoleInfo (RoleInfo.java:updateAndGet(143)) - 8f18dce1-0a3d-4b65-9c78-af3d58b2da7f: start FollowerState
2019-10-20 17:41:36,933 [Thread-4655] INFO  impl.FollowerState (FollowerState.java:run(108)) - 8f18dce1-0a3d-4b65-9c78-af3d58b2da7f@group-091950D56227-FollowerState: change to CANDIDATE, lastRpcTime:168ms, electionTimeout:168ms
2019-10-20 17:41:36,933 [Thread-4655] INFO  impl.RoleInfo (RoleInfo.java:shutdownFollowerState(121)) - 8f18dce1-0a3d-4b65-9c78-af3d58b2da7f: shutdown FollowerState
2019-10-20 17:41:36,933 [Thread-4655] INFO  impl.RaftServerImpl (RaftServerImpl.java:setRole(184)) - 8f18dce1-0a3d-4b65-9c78-af3d58b2da7f@group-091950D56227: changes role from  FOLLOWER to CANDIDATE at term 773 for changeToCandidate
2019-10-20 17:41:36,934 [Thread-4655] INFO  impl.RoleInfo (RoleInfo.java:updateAndGet(143)) - 8f18dce1-0a3d-4b65-9c78-af3d58b2da7f: start LeaderElection
2019-10-20 17:41:36,964 [8f18dce1-0a3d-4b65-9c78-af3d58b2da7f@group-091950D56227-LeaderElection656] INFO  impl.LeaderElection (LeaderElection.java:askForVotes(178)) - 8f18dce1-0a3d-4b65-9c78-af3d58b2da7f@group-091950D56227-LeaderElection656: begin an election at term 774 for -1: [8a63e1ae-032e-4bed-9f20-125a11f65413:0.0.0.0:38685, 8f18dce1-0a3d-4b65-9c78-af3d58b2da7f:0.0.0.0:42489, 7b1e61a0-7daf-43dd-99d5-9b325c1d31ae:0.0.0.0:38412], old=null
2019-10-20 17:41:36,966 [grpc-default-executor-1] INFO  impl.RaftServerImpl (RaftServerImpl.java:setRole(184)) - 8a63e1ae-032e-4bed-9f20-125a11f65413@group-091950D56227: changes role from  FOLLOWER to FOLLOWER at term 774 for recognizeCandidate:8f18dce1-0a3d-4b65-9c78-af3d58b2da7f
2019-10-20 17:41:36,966 [grpc-default-executor-1] INFO  impl.RoleInfo (RoleInfo.java:shutdownFollowerState(121)) - 8a63e1ae-032e-4bed-9f20-125a11f65413: shutdown FollowerState
2019-10-20 17:41:36,966 [grpc-default-executor-0] INFO  impl.RaftServerImpl (RaftServerImpl.java:setRole(184)) - 7b1e61a0-7daf-43dd-99d5-9b325c1d31ae@group-091950D56227: changes role from  FOLLOWER to FOLLOWER at term 774 for recognizeCandidate:8f18dce1-0a3d-4b65-9c78-af3d58b2da7f
2019-10-20 17:41:36,966 [grpc-default-executor-0] INFO  impl.RoleInfo (RoleInfo.java:shutdownFollowerState(121)) - 7b1e61a0-7daf-43dd-99d5-9b325c1d31ae: shutdown FollowerState
2019-10-20 17:41:36,966 [Thread-4653] INFO  impl.FollowerState (FollowerState.java:run(117)) - 8a63e1ae-032e-4bed-9f20-125a11f65413@group-091950D56227-FollowerState was interrupted: java.lang.InterruptedException: sleep interrupted
2019-10-20 17:41:36,966 [grpc-default-executor-1] INFO  impl.RoleInfo (RoleInfo.java:updateAndGet(143)) - 8a63e1ae-032e-4bed-9f20-125a11f65413: start FollowerState
2019-10-20 17:41:36,966 [Thread-4654] INFO  impl.FollowerState (FollowerState.java:run(117)) - 7b1e61a0-7daf-43dd-99d5-9b325c1d31ae@group-091950D56227-FollowerState was interrupted: java.lang.InterruptedException: sleep interrupted
2019-10-20 17:41:36,966 [grpc-default-executor-0] INFO  impl.RoleInfo (RoleInfo.java:updateAndGet(143)) - 7b1e61a0-7daf-43dd-99d5-9b325c1d31ae: start FollowerState
2019-10-20 17:41:36,990 [8f18dce1-0a3d-4b65-9c78-af3d58b2da7f@group-091950D56227-LeaderElection656] INFO  impl.LeaderElection (LeaderElection.java:logAndReturn(56)) - 8f18dce1-0a3d-4b65-9c78-af3d58b2da7f@group-091950D56227-LeaderElection656: Election REJECTED; received 2 response(s) [8f18dce1-0a3d-4b65-9c78-af3d58b2da7f<-8a63e1ae-032e-4bed-9f20-125a11f65413#0:FAIL-t774, 8f18dce1-0a3d-4b65-9c78-af3d58b2da7f<-7b1e61a0-7daf-43dd-99d5-9b325c1d31ae#0:FAIL-t774] and 0 exception(s); 8f18dce1-0a3d-4b65-9c78-af3d58b2da7f@group-091950D56227:t774, leader=null, voted=8f18dce1-0a3d-4b65-9c78-af3d58b2da7f, raftlog=8f18dce1-0a3d-4b65-9c78-af3d58b2da7f@group-091950D56227-SegmentedRaftLog:OPENED:c-1,f-1,i0, conf=-1: [8a63e1ae-032e-4bed-9f20-125a11f65413:0.0.0.0:38685, 8f18dce1-0a3d-4b65-9c78-af3d58b2da7f:0.0.0.0:42489, 7b1e61a0-7daf-43dd-99d5-9b325c1d31ae:0.0.0.0:38412], old=null
2019-10-20 17:41:36,990 [8f18dce1-0a3d-4b65-9c78-af3d58b2da7f@group-091950D56227-LeaderElection656] INFO  impl.RaftServerImpl (RaftServerImpl.java:setRole(184)) - 8f18dce1-0a3d-4b65-9c78-af3d58b2da7f@group-091950D56227: changes role from CANDIDATE to FOLLOWER at term 774 for DISCOVERED_A_NEW_TERM
2019-10-20 17:41:36,991 [8f18dce1-0a3d-4b65-9c78-af3d58b2da7f@group-091950D56227-LeaderElection656] INFO  impl.RoleInfo (RoleInfo.java:shutdownLeaderElection(134)) - 8f18dce1-0a3d-4b65-9c78-af3d58b2da7f: shutdown LeaderElection
2019-10-20 17:41:36,991 [8f18dce1-0a3d-4b65-9c78-af3d58b2da7f@group-091950D56227-LeaderElection656] INFO  impl.RoleInfo (RoleInfo.java:updateAndGet(143)) - 8f18dce1-0a3d-4b65-9c78-af3d58b2da7f: start FollowerState
2019-10-20 17:41:37,165 [Thread-4661] INFO  impl.FollowerState (FollowerState.java:run(108)) - 8f18dce1-0a3d-4b65-9c78-af3d58b2da7f@group-091950D56227-FollowerState: change to CANDIDATE, lastRpcTime:174ms, electionTimeout:174ms
2019-10-20 17:41:37,165 [Thread-4661] INFO  impl.RoleInfo (RoleInfo.java:shutdownFollowerState(121)) - 8f18dce1-0a3d-4b65-9c78-af3d58b2da7f: shutdown FollowerState
2019-10-20 17:41:37,165 [Thread-4661] INFO  impl.RaftServerImpl (RaftServerImpl.java:setRole(184)) - 8f18dce1-0a3d-4b65-9c78-af3d58b2da7f@group-091950D56227: changes role from  FOLLOWER to CANDIDATE at term 774 for changeToCandidate
2019-10-20 17:41:37,166 [Thread-4661] INFO  impl.RoleInfo (RoleInfo.java:updateAndGet(143)) - 8f18dce1-0a3d-4b65-9c78-af3d58b2da7f: start LeaderElection
2019-10-20 17:41:37,190 [8f18dce1-0a3d-4b65-9c78-af3d58b2da7f@group-091950D56227-LeaderElection657] INFO  impl.LeaderElection (LeaderElection.java:askForVotes(178)) - 8f18dce1-0a3d-4b65-9c78-af3d58b2da7f@group-091950D56227-LeaderElection657: begin an election at term 775 for -1: [8a63e1ae-032e-4bed-9f20-125a11f65413:0.0.0.0:38685, 8f18dce1-0a3d-4b65-9c78-af3d58b2da7f:0.0.0.0:42489, 7b1e61a0-7daf-43dd-99d5-9b325c1d31ae:0.0.0.0:38412], old=null
2019-10-20 17:41:37,191 [grpc-default-executor-3] INFO  impl.RaftServerImpl (RaftServerImpl.java:setRole(184)) - 8a63e1ae-032e-4bed-9f20-125a11f65413@group-091950D56227: changes role from  FOLLOWER to FOLLOWER at term 775 for recognizeCandidate:8f18dce1-0a3d-4b65-9c78-af3d58b2da7f
2019-10-20 17:41:37,192 [grpc-default-executor-3] INFO  impl.RoleInfo (RoleInfo.java:shutdownFollowerState(121)) - 8a63e1ae-032e-4bed-9f20-125a11f65413: shutdown FollowerState
2019-10-20 17:41:37,191 [grpc-default-executor-0] INFO  impl.RaftServerImpl (RaftServerImpl.java:setRole(184)) - 7b1e61a0-7daf-43dd-99d5-9b325c1d31ae@group-091950D56227: changes role from  FOLLOWER to FOLLOWER at term 775 for recognizeCandidate:8f18dce1-0a3d-4b65-9c78-af3d58b2da7f
2019-10-20 17:41:37,192 [Thread-4659] INFO  impl.FollowerState (FollowerState.java:run(117)) - 8a63e1ae-032e-4bed-9f20-125a11f65413@group-091950D56227-FollowerState was interrupted: java.lang.InterruptedException: sleep interrupted
2019-10-20 17:41:37,192 [grpc-default-executor-3] INFO  impl.RoleInfo (RoleInfo.java:updateAndGet(143)) - 8a63e1ae-032e-4bed-9f20-125a11f65413: start FollowerState
2019-10-20 17:41:37,192 [grpc-default-executor-0] INFO  impl.RoleInfo (RoleInfo.java:shutdownFollowerState(121)) - 7b1e61a0-7daf-43dd-99d5-9b325c1d31ae: shutdown FollowerState
2019-10-20 17:41:37,192 [grpc-default-executor-0] INFO  impl.RoleInfo (RoleInfo.java:updateAndGet(143)) - 7b1e61a0-7daf-43dd-99d5-9b325c1d31ae: start FollowerState
2019-10-20 17:41:37,192 [Thread-4660] INFO  impl.FollowerState (FollowerState.java:run(117)) - 7b1e61a0-7daf-43dd-99d5-9b325c1d31ae@group-091950D56227-FollowerState was interrupted: java.lang.InterruptedException: sleep interrupted
2019-10-20 17:41:37,216 [8f18dce1-0a3d-4b65-9c78-af3d58b2da7f@group-091950D56227-LeaderElection657] INFO  impl.LeaderElection (LeaderElection.java:logAndReturn(56)) - 8f18dce1-0a3d-4b65-9c78-af3d58b2da7f@group-091950D56227-LeaderElection657: Election REJECTED; received 2 response(s) [8f18dce1-0a3d-4b65-9c78-af3d58b2da7f<-8a63e1ae-032e-4bed-9f20-125a11f65413#0:FAIL-t775, 8f18dce1-0a3d-4b65-9c78-af3d58b2da7f<-7b1e61a0-7daf-43dd-99d5-9b325c1d31ae#0:FAIL-t775] and 0 exception(s); 8f18dce1-0a3d-4b65-9c78-af3d58b2da7f@group-091950D56227:t775, leader=null, voted=8f18dce1-0a3d-4b65-9c78-af3d58b2da7f, raftlog=8f18dce1-0a3d-4b65-9c78-af3d58b2da7f@group-091950D56227-SegmentedRaftLog:OPENED:c-1,f-1,i0, conf=-1: [8a63e1ae-032e-4bed-9f20-125a11f65413:0.0.0.0:38685, 8f18dce1-0a3d-4b65-9c78-af3d58b2da7f:0.0.0.0:42489, 7b1e61a0-7daf-43dd-99d5-9b325c1d31ae:0.0.0.0:38412], old=null
2019-10-20 17:41:37,216 [8f18dce1-0a3d-4b65-9c78-af3d58b2da7f@group-091950D56227-LeaderElection657] INFO  impl.RaftServerImpl (RaftServerImpl.java:setRole(184)) - 8f18dce1-0a3d-4b65-9c78-af3d58b2da7f@group-091950D56227: changes role from CANDIDATE to FOLLOWER at term 775 for DISCOVERED_A_NEW_TERM
2019-10-20 17:41:37,216 [8f18dce1-0a3d-4b65-9c78-af3d58b2da7f@group-091950D56227-LeaderElection657] INFO  impl.RoleInfo (RoleInfo.java:shutdownLeaderElection(134)) - 8f18dce1-0a3d-4b65-9c78-af3d58b2da7f: shutdown LeaderElection
2019-10-20 17:41:37,216 [8f18dce1-0a3d-4b65-9c78-af3d58b2da7f@group-091950D56227-LeaderElection657] INFO  impl.RoleInfo (RoleInfo.java:updateAndGet(143)) - 8f18dce1-0a3d-4b65-9c78-af3d58b2da7f: start FollowerState
2019-10-20 17:41:37,262 [Thread-4667] INFO  impl.FollowerState (FollowerState.java:run(108)) - 8f18dce1-0a3d-4b65-9c78-af3d58b2da7f@group-091950D56227-FollowerState: change to CANDIDATE, lastRpcTime:45ms, electionTimeout:45ms
2019-10-20 17:41:37,262 [Thread-4667] INFO  impl.RoleInfo (RoleInfo.java:shutdownFollowerState(121)) - 8f18dce1-0a3d-4b65-9c78-af3d58b2da7f: shutdown FollowerState
2019-10-20 17:41:37,262 [Thread-4667] INFO  impl.RaftServerImpl (RaftServerImpl.java:setRole(184)) - 8f18dce1-0a3d-4b65-9c78-af3d58b2da7f@group-091950D56227: changes role from  FOLLOWER to CANDIDATE at term 775 for changeToCandidate
2019-10-20 17:41:37,262 [Thread-4667] INFO  impl.RoleInfo (RoleInfo.java:updateAndGet(143)) - 8f18dce1-0a3d-4b65-9c78-af3d58b2da7f: start LeaderElection
2019-10-20 17:41:37,291 [8f18dce1-0a3d-4b65-9c78-af3d58b2da7f@group-091950D56227-LeaderElection658] INFO  impl.LeaderElection (LeaderElection.java:askForVotes(178)) - 8f18dce1-0a3d-4b65-9c78-af3d58b2da7f@group-091950D56227-LeaderElection658: begin an election at term 776 for -1: [8a63e1ae-032e-4bed-9f20-125a11f65413:0.0.0.0:38685, 8f18dce1-0a3d-4b65-9c78-af3d58b2da7f:0.0.0.0:42489, 7b1e61a0-7daf-43dd-99d5-9b325c1d31ae:0.0.0.0:38412], old=null
2019-10-20 17:41:37,292 [grpc-default-executor-0] INFO  impl.RaftServerImpl (RaftServerImpl.java:setRole(184)) - 7b1e61a0-7daf-43dd-99d5-9b325c1d31ae@group-091950D56227: changes role from  FOLLOWER to FOLLOWER at term 776 for recognizeCandidate:8f18dce1-0a3d-4b65-9c78-af3d58b2da7f
2019-10-20 17:41:37,293 [grpc-default-executor-0] INFO  impl.RoleInfo (RoleInfo.java:shutdownFollowerState(121)) - 7b1e61a0-7daf-43dd-99d5-9b325c1d31ae: shutdown FollowerState
2019-10-20 17:41:37,293 [grpc-default-executor-0] INFO  impl.RoleInfo (RoleInfo.java:updateAndGet(143)) - 7b1e61a0-7daf-43dd-99d5-9b325c1d31ae: start FollowerState
2019-10-20 17:41:37,293 [Thread-4666] INFO  impl.FollowerState (FollowerState.java:run(117)) - 7b1e61a0-7daf-43dd-99d5-9b325c1d31ae@group-091950D56227-FollowerState was interrupted: java.lang.InterruptedException: sleep interrupted
2019-10-20 17:41:37,293 [grpc-default-executor-3] INFO  impl.RaftServerImpl (RaftServerImpl.java:setRole(184)) - 8a63e1ae-032e-4bed-9f20-125a11f65413@group-091950D56227: changes role from  FOLLOWER to FOLLOWER at term 776 for recognizeCandidate:8f18dce1-0a3d-4b65-9c78-af3d58b2da7f
2019-10-20 17:41:37,293 [grpc-default-executor-3] INFO  impl.RoleInfo (RoleInfo.java:shutdownFollowerState(121)) - 8a63e1ae-032e-4bed-9f20-125a11f65413: shutdown FollowerState
2019-10-20 17:41:37,293 [grpc-default-executor-3] INFO  impl.RoleInfo (RoleInfo.java:updateAndGet(143)) - 8a63e1ae-032e-4bed-9f20-125a11f65413: start FollowerState
2019-10-20 17:41:37,293 [Thread-4665] INFO  impl.FollowerState (FollowerState.java:run(117)) - 8a63e1ae-032e-4bed-9f20-125a11f65413@group-091950D56227-FollowerState was interrupted: java.lang.InterruptedException: sleep interrupted
2019-10-20 17:41:37,317 [8f18dce1-0a3d-4b65-9c78-af3d58b2da7f@group-091950D56227-LeaderElection658] INFO  impl.LeaderElection (LeaderElection.java:logAndReturn(56)) - 8f18dce1-0a3d-4b65-9c78-af3d58b2da7f@group-091950D56227-LeaderElection658: Election REJECTED; received 2 response(s) [8f18dce1-0a3d-4b65-9c78-af3d58b2da7f<-8a63e1ae-032e-4bed-9f20-125a11f65413#0:FAIL-t776, 8f18dce1-0a3d-4b65-9c78-af3d58b2da7f<-7b1e61a0-7daf-43dd-99d5-9b325c1d31ae#0:FAIL-t776] and 0 exception(s); 8f18dce1-0a3d-4b65-9c78-af3d58b2da7f@group-091950D56227:t776, leader=null, voted=8f18dce1-0a3d-4b65-9c78-af3d58b2da7f, raftlog=8f18dce1-0a3d-4b65-9c78-af3d58b2da7f@group-091950D56227-SegmentedRaftLog:OPENED:c-1,f-1,i0, conf=-1: [8a63e1ae-032e-4bed-9f20-125a11f65413:0.0.0.0:38685, 8f18dce1-0a3d-4b65-9c78-af3d58b2da7f:0.0.0.0:42489, 7b1e61a0-7daf-43dd-99d5-9b325c1d31ae:0.0.0.0:38412], old=null
2019-10-20 17:41:37,317 [8f18dce1-0a3d-4b65-9c78-af3d58b2da7f@group-091950D56227-LeaderElection658] INFO  impl.RaftServerImpl (RaftServerImpl.java:setRole(184)) - 8f18dce1-0a3d-4b65-9c78-af3d58b2da7f@group-091950D56227: changes role from CANDIDATE to FOLLOWER at term 776 for DISCOVERED_A_NEW_TERM
2019-10-20 17:41:37,317 [8f18dce1-0a3d-4b65-9c78-af3d58b2da7f@group-091950D56227-LeaderElection658] INFO  impl.RoleInfo (RoleInfo.java:shutdownLeaderElection(134)) - 8f18dce1-0a3d-4b65-9c78-af3d58b2da7f: shutdown LeaderElection
2019-10-20 17:41:37,317 [8f18dce1-0a3d-4b65-9c78-af3d58b2da7f@group-091950D56227-LeaderElection658] INFO  impl.RoleInfo (RoleInfo.java:updateAndGet(143)) - 8f18dce1-0a3d-4b65-9c78-af3d58b2da7f: start FollowerState
2019-10-20 17:41:37,491 [Thread-4673] INFO  impl.FollowerState (FollowerState.java:run(108)) - 8f18dce1-0a3d-4b65-9c78-af3d58b2da7f@group-091950D56227-FollowerState: change to CANDIDATE, lastRpcTime:173ms, electionTimeout:173ms
2019-10-20 17:41:37,491 [Thread-4673] INFO  impl.RoleInfo (RoleInfo.java:shutdownFollowerState(121)) - 8f18dce1-0a3d-4b65-9c78-af3d58b2da7f: shutdown FollowerState
2019-10-20 17:41:37,491 [Thread-4673] INFO  impl.RaftServerImpl (RaftServerImpl.java:setRole(184)) - 8f18dce1-0a3d-4b65-9c78-af3d58b2da7f@group-091950D56227: changes role from  FOLLOWER to CANDIDATE at term 776 for changeToCandidate
2019-10-20 17:41:37,491 [Thread-4673] INFO  impl.RoleInfo (RoleInfo.java:updateAndGet(143)) - 8f18dce1-0a3d-4b65-9c78-af3d58b2da7f: start LeaderElection
2019-10-20 17:41:37,517 [8f18dce1-0a3d-4b65-9c78-af3d58b2da7f@group-091950D56227-LeaderElection659] INFO  impl.LeaderElection (LeaderElection.java:askForVotes(178)) - 8f18dce1-0a3d-4b65-9c78-af3d58b2da7f@group-091950D56227-LeaderElection659: begin an election at term 777 for -1: [8a63e1ae-032e-4bed-9f20-125a11f65413:0.0.0.0:38685, 8f18dce1-0a3d-4b65-9c78-af3d58b2da7f:0.0.0.0:42489, 7b1e61a0-7daf-43dd-99d5-9b325c1d31ae:0.0.0.0:38412], old=null
2019-10-20 17:41:37,519 [grpc-default-executor-0] INFO  impl.RaftServerImpl (RaftServerImpl.java:setRole(184)) - 8a63e1ae-032e-4bed-9f20-125a11f65413@group-091950D56227: changes role from  FOLLOWER to FOLLOWER at term 777 for recognizeCandidate:8f18dce1-0a3d-4b65-9c78-af3d58b2da7f
2019-10-20 17:41:37,519 [grpc-default-executor-0] INFO  impl.RoleInfo (RoleInfo.java:shutdownFollowerState(121)) - 8a63e1ae-032e-4bed-9f20-125a11f65413: shutdown FollowerState
2019-10-20 17:41:37,519 [grpc-default-executor-3] INFO  impl.RaftServerImpl (RaftServerImpl.java:setRole(184)) - 7b1e61a0-7daf-43dd-99d5-9b325c1d31ae@group-091950D56227: changes role from  FOLLOWER to FOLLOWER at term 777 for recognizeCandidate:8f18dce1-0a3d-4b65-9c78-af3d58b2da7f
2019-10-20 17:41:37,519 [grpc-default-executor-3] INFO  impl.RoleInfo (RoleInfo.java:shutdownFollowerState(121)) - 7b1e61a0-7daf-43dd-99d5-9b325c1d31ae: shutdown FollowerState
2019-10-20 17:41:37,519 [Thread-4672] INFO  impl.FollowerState (FollowerState.java:run(117)) - 8a63e1ae-032e-4bed-9f20-125a11f65413@group-091950D56227-FollowerState was interrupted: java.lang.InterruptedException: sleep interrupted
2019-10-20 17:41:37,520 [Thread-4671] INFO  impl.FollowerState (FollowerState.java:run(117)) - 7b1e61a0-7daf-43dd-99d5-9b325c1d31ae@group-091950D56227-FollowerState was interrupted: java.lang.InterruptedException: sleep interrupted
2019-10-20 17:41:37,519 [grpc-default-executor-0] INFO  impl.RoleInfo (RoleInfo.java:updateAndGet(143)) - 8a63e1ae-032e-4bed-9f20-125a11f65413: start FollowerState
2019-10-20 17:41:37,520 [grpc-default-executor-3] INFO  impl.RoleInfo (RoleInfo.java:updateAndGet(143)) - 7b1e61a0-7daf-43dd-99d5-9b325c1d31ae: start FollowerState
2019-10-20 17:41:37,543 [8f18dce1-0a3d-4b65-9c78-af3d58b2da7f@group-091950D56227-LeaderElection659] INFO  impl.LeaderElection (LeaderElection.java:logAndReturn(56)) - 8f18dce1-0a3d-4b65-9c78-af3d58b2da7f@group-091950D56227-LeaderElection659: Election REJECTED; received 2 response(s) [8f18dce1-0a3d-4b65-9c78-af3d58b2da7f<-8a63e1ae-032e-4bed-9f20-125a11f65413#0:FAIL-t777, 8f18dce1-0a3d-4b65-9c78-af3d58b2da7f<-7b1e61a0-7daf-43dd-99d5-9b325c1d31ae#0:FAIL-t777] and 0 exception(s); 8f18dce1-0a3d-4b65-9c78-af3d58b2da7f@group-091950D56227:t777, leader=null, voted=8f18dce1-0a3d-4b65-9c78-af3d58b2da7f, raftlog=8f18dce1-0a3d-4b65-9c78-af3d58b2da7f@group-091950D56227-SegmentedRaftLog:OPENED:c-1,f-1,i0, conf=-1: [8a63e1ae-032e-4bed-9f20-125a11f65413:0.0.0.0:38685, 8f18dce1-0a3d-4b65-9c78-af3d58b2da7f:0.0.0.0:42489, 7b1e61a0-7daf-43dd-99d5-9b325c1d31ae:0.0.0.0:38412], old=null
2019-10-20 17:41:37,543 [8f18dce1-0a3d-4b65-9c78-af3d58b2da7f@group-091950D56227-LeaderElection659] INFO  impl.RaftServerImpl (RaftServerImpl.java:setRole(184)) - 8f18dce1-0a3d-4b65-9c78-af3d58b2da7f@group-091950D56227: changes role from CANDIDATE to FOLLOWER at term 777 for DISCOVERED_A_NEW_TERM
2019-10-20 17:41:37,544 [8f18dce1-0a3d-4b65-9c78-af3d58b2da7f@group-091950D56227-LeaderElection659] INFO  impl.RoleInfo (RoleInfo.java:shutdownLeaderElection(134)) - 8f18dce1-0a3d-4b65-9c78-af3d58b2da7f: shutdown LeaderElection
2019-10-20 17:41:37,544 [8f18dce1-0a3d-4b65-9c78-af3d58b2da7f@group-091950D56227-LeaderElection659] INFO  impl.RoleInfo (RoleInfo.java:updateAndGet(143)) - 8f18dce1-0a3d-4b65-9c78-af3d58b2da7f: start FollowerState
2019-10-20 17:41:37,653 [Thread-4679] INFO  impl.FollowerState (FollowerState.java:run(108)) - 8f18dce1-0a3d-4b65-9c78-af3d58b2da7f@group-091950D56227-FollowerState: change to CANDIDATE, lastRpcTime:109ms, electionTimeout:109ms
2019-10-20 17:41:37,653 [Thread-4679] INFO  impl.RoleInfo (RoleInfo.java:shutdownFollowerState(121)) - 8f18dce1-0a3d-4b65-9c78-af3d58b2da7f: shutdown FollowerState
2019-10-20 17:41:37,653 [Thread-4679] INFO  impl.RaftServerImpl (RaftServerImpl.java:setRole(184)) - 8f18dce1-0a3d-4b65-9c78-af3d58b2da7f@group-091950D56227: changes role from  FOLLOWER to CANDIDATE at term 777 for changeToCandidate
2019-10-20 17:41:37,654 [Thread-4679] INFO  impl.RoleInfo (RoleInfo.java:updateAndGet(143)) - 8f18dce1-0a3d-4b65-9c78-af3d58b2da7f: start LeaderElection
2019-10-20 17:41:37,676 [8f18dce1-0a3d-4b65-9c78-af3d58b2da7f@group-091950D56227-LeaderElection660] INFO  impl.LeaderElection (LeaderElection.java:askForVotes(178)) - 8f18dce1-0a3d-4b65-9c78-af3d58b2da7f@group-091950D56227-LeaderElection660: begin an election at term 778 for -1: [8a63e1ae-032e-4bed-9f20-125a11f65413:0.0.0.0:38685, 8f18dce1-0a3d-4b65-9c78-af3d58b2da7f:0.0.0.0:42489, 7b1e61a0-7daf-43dd-99d5-9b325c1d31ae:0.0.0.0:38412], old=null
2019-10-20 17:41:37,678 [grpc-default-executor-0] INFO  impl.RaftServerImpl (RaftServerImpl.java:setRole(184)) - 8a63e1ae-032e-4bed-9f20-125a11f65413@group-091950D56227: changes role from  FOLLOWER to FOLLOWER at term 778 for recognizeCandidate:8f18dce1-0a3d-4b65-9c78-af3d58b2da7f
2019-10-20 17:41:37,678 [grpc-default-executor-0] INFO  impl.RoleInfo (RoleInfo.java:shutdownFollowerState(121)) - 8a63e1ae-032e-4bed-9f20-125a11f65413: shutdown FollowerState
2019-10-20 17:41:37,678 [grpc-default-executor-3] INFO  impl.RaftServerImpl (RaftServerImpl.java:setRole(184)) - 7b1e61a0-7daf-43dd-99d5-9b325c1d31ae@group-091950D56227: changes role from  FOLLOWER to FOLLOWER at term 778 for recognizeCandidate:8f18dce1-0a3d-4b65-9c78-af3d58b2da7f
2019-10-20 17:41:37,678 [grpc-default-executor-3] INFO  impl.RoleInfo (RoleInfo.java:shutdownFollowerState(121)) - 7b1e61a0-7daf-43dd-99d5-9b325c1d31ae: shutdown FollowerState
2019-10-20 17:41:37,678 [Thread-4677] INFO  impl.FollowerState (FollowerState.java:run(117)) - 8a63e1ae-032e-4bed-9f20-125a11f65413@group-091950D56227-FollowerState was interrupted: java.lang.InterruptedException: sleep interrupted
2019-10-20 17:41:37,678 [grpc-default-executor-0] INFO  impl.RoleInfo (RoleInfo.java:updateAndGet(143)) - 8a63e1ae-032e-4bed-9f20-125a11f65413: start FollowerState
2019-10-20 17:41:37,678 [Thread-4678] INFO  impl.FollowerState (FollowerState.java:run(117)) - 7b1e61a0-7daf-43dd-99d5-9b325c1d31ae@group-091950D56227-FollowerState was interrupted: java.lang.InterruptedException: sleep interrupted
2019-10-20 17:41:37,678 [grpc-default-executor-3] INFO  impl.RoleInfo (RoleInfo.java:updateAndGet(143)) - 7b1e61a0-7daf-43dd-99d5-9b325c1d31ae: start FollowerState
2019-10-20 17:41:37,702 [8f18dce1-0a3d-4b65-9c78-af3d58b2da7f@group-091950D56227-LeaderElection660] INFO  impl.LeaderElection (LeaderElection.java:logAndReturn(56)) - 8f18dce1-0a3d-4b65-9c78-af3d58b2da7f@group-091950D56227-LeaderElection660: Election REJECTED; received 2 response(s) [8f18dce1-0a3d-4b65-9c78-af3d58b2da7f<-8a63e1ae-032e-4bed-9f20-125a11f65413#0:FAIL-t778, 8f18dce1-0a3d-4b65-9c78-af3d58b2da7f<-7b1e61a0-7daf-43dd-99d5-9b325c1d31ae#0:FAIL-t778] and 0 exception(s); 8f18dce1-0a3d-4b65-9c78-af3d58b2da7f@group-091950D56227:t778, leader=null, voted=8f18dce1-0a3d-4b65-9c78-af3d58b2da7f, raftlog=8f18dce1-0a3d-4b65-9c78-af3d58b2da7f@group-091950D56227-SegmentedRaftLog:OPENED:c-1,f-1,i0, conf=-1: [8a63e1ae-032e-4bed-9f20-125a11f65413:0.0.0.0:38685, 8f18dce1-0a3d-4b65-9c78-af3d58b2da7f:0.0.0.0:42489, 7b1e61a0-7daf-43dd-99d5-9b325c1d31ae:0.0.0.0:38412], old=null
2019-10-20 17:41:37,702 [8f18dce1-0a3d-4b65-9c78-af3d58b2da7f@group-091950D56227-LeaderElection660] INFO  impl.RaftServerImpl (RaftServerImpl.java:setRole(184)) - 8f18dce1-0a3d-4b65-9c78-af3d58b2da7f@group-091950D56227: changes role from CANDIDATE to FOLLOWER at term 778 for DISCOVERED_A_NEW_TERM
2019-10-20 17:41:37,703 [8f18dce1-0a3d-4b65-9c78-af3d58b2da7f@group-091950D56227-LeaderElection660] INFO  impl.RoleInfo (RoleInfo.java:shutdownLeaderElection(134)) - 8f18dce1-0a3d-4b65-9c78-af3d58b2da7f: shutdown LeaderElection
2019-10-20 17:41:37,703 [8f18dce1-0a3d-4b65-9c78-af3d58b2da7f@group-091950D56227-LeaderElection660] INFO  impl.RoleInfo (RoleInfo.java:updateAndGet(143)) - 8f18dce1-0a3d-4b65-9c78-af3d58b2da7f: start FollowerState
2019-10-20 17:41:37,886 [Thread-4687] INFO  impl.FollowerState (FollowerState.java:run(108)) - 8f18dce1-0a3d-4b65-9c78-af3d58b2da7f@group-091950D56227-FollowerState: change to CANDIDATE, lastRpcTime:183ms, electionTimeout:183ms
2019-10-20 17:41:37,886 [Thread-4687] INFO  impl.RoleInfo (RoleInfo.java:shutdownFollowerState(121)) - 8f18dce1-0a3d-4b65-9c78-af3d58b2da7f: shutdown FollowerState
2019-10-20 17:41:37,886 [Thread-4687] INFO  impl.RaftServerImpl (RaftServerImpl.java:setRole(184)) - 8f18dce1-0a3d-4b65-9c78-af3d58b2da7f@group-091950D56227: changes role from  FOLLOWER to CANDIDATE at term 778 for changeToCandidate
2019-10-20 17:41:37,886 [Thread-4687] INFO  impl.RoleInfo (RoleInfo.java:updateAndGet(143)) - 8f18dce1-0a3d-4b65-9c78-af3d58b2da7f: start LeaderElection
2019-10-20 17:41:37,927 [8f18dce1-0a3d-4b65-9c78-af3d58b2da7f@group-091950D56227-LeaderElection661] INFO  impl.LeaderElection (LeaderElection.java:askForVotes(178)) - 8f18dce1-0a3d-4b65-9c78-af3d58b2da7f@group-091950D56227-LeaderElection661: begin an election at term 779 for -1: [8a63e1ae-032e-4bed-9f20-125a11f65413:0.0.0.0:38685, 8f18dce1-0a3d-4b65-9c78-af3d58b2da7f:0.0.0.0:42489, 7b1e61a0-7daf-43dd-99d5-9b325c1d31ae:0.0.0.0:38412], old=null
2019-10-20 17:41:37,930 [grpc-default-executor-0] INFO  impl.RaftServerImpl (RaftServerImpl.java:setRole(184)) - 8a63e1ae-032e-4bed-9f20-125a11f65413@group-091950D56227: changes role from  FOLLOWER to FOLLOWER at term 779 for recognizeCandidate:8f18dce1-0a3d-4b65-9c78-af3d58b2da7f
2019-10-20 17:41:37,930 [grpc-default-executor-3] INFO  impl.RaftServerImpl (RaftServerImpl.java:setRole(184)) - 7b1e61a0-7daf-43dd-99d5-9b325c1d31ae@group-091950D56227: changes role from  FOLLOWER to FOLLOWER at term 779 for recognizeCandidate:8f18dce1-0a3d-4b65-9c78-af3d58b2da7f
2019-10-20 17:41:37,930 [grpc-default-executor-0] INFO  impl.RoleInfo (RoleInfo.java:shutdownFollowerState(121)) - 8a63e1ae-032e-4bed-9f20-125a11f65413: shutdown FollowerState
2019-10-20 17:41:37,930 [grpc-default-executor-3] INFO  impl.RoleInfo (RoleInfo.java:shutdownFollowerState(121)) - 7b1e61a0-7daf-43dd-99d5-9b325c1d31ae: shutdown FollowerState
2019-10-20 17:41:37,930 [Thread-4685] INFO  impl.FollowerState (FollowerState.java:run(117)) - 8a63e1ae-032e-4bed-9f20-125a11f65413@group-091950D56227-FollowerState was interrupted: java.lang.InterruptedException: sleep interrupted
2019-10-20 17:41:37,930 [Thread-4686] INFO  impl.FollowerState (FollowerState.java:run(117)) - 7b1e61a0-7daf-43dd-99d5-9b325c1d31ae@group-091950D56227-FollowerState was interrupted: java.lang.InterruptedException: sleep interrupted
2019-10-20 17:41:37,930 [grpc-default-executor-0] INFO  impl.RoleInfo (RoleInfo.java:updateAndGet(143)) - 8a63e1ae-032e-4bed-9f20-125a11f65413: start FollowerState
2019-10-20 17:41:37,930 [grpc-default-executor-3] INFO  impl.RoleInfo (RoleInfo.java:updateAndGet(143)) - 7b1e61a0-7daf-43dd-99d5-9b325c1d31ae: start FollowerState
2019-10-20 17:41:37,953 [8f18dce1-0a3d-4b65-9c78-af3d58b2da7f@group-091950D56227-LeaderElection661] INFO  impl.LeaderElection (LeaderElection.java:logAndReturn(56)) - 8f18dce1-0a3d-4b65-9c78-af3d58b2da7f@group-091950D56227-LeaderElection661: Election REJECTED; received 2 response(s) [8f18dce1-0a3d-4b65-9c78-af3d58b2da7f<-8a63e1ae-032e-4bed-9f20-125a11f65413#0:FAIL-t779, 8f18dce1-0a3d-4b65-9c78-af3d58b2da7f<-7b1e61a0-7daf-43dd-99d5-9b325c1d31ae#0:FAIL-t779] and 0 exception(s); 8f18dce1-0a3d-4b65-9c78-af3d58b2da7f@group-091950D56227:t779, leader=null, voted=8f18dce1-0a3d-4b65-9c78-af3d58b2da7f, raftlog=8f18dce1-0a3d-4b65-9c78-af3d58b2da7f@group-091950D56227-SegmentedRaftLog:OPENED:c-1,f-1,i0, conf=-1: [8a63e1ae-032e-4bed-9f20-125a11f65413:0.0.0.0:38685, 8f18dce1-0a3d-4b65-9c78-af3d58b2da7f:0.0.0.0:42489, 7b1e61a0-7daf-43dd-99d5-9b325c1d31ae:0.0.0.0:38412], old=null
2019-10-20 17:41:37,954 [8f18dce1-0a3d-4b65-9c78-af3d58b2da7f@group-091950D56227-LeaderElection661] INFO  impl.RaftServerImpl (RaftServerImpl.java:setRole(184)) - 8f18dce1-0a3d-4b65-9c78-af3d58b2da7f@group-091950D56227: changes role from CANDIDATE to FOLLOWER at term 779 for DISCOVERED_A_NEW_TERM
2019-10-20 17:41:37,954 [8f18dce1-0a3d-4b65-9c78-af3d58b2da7f@group-091950D56227-LeaderElection661] INFO  impl.RoleInfo (RoleInfo.java:shutdownLeaderElection(134)) - 8f18dce1-0a3d-4b65-9c78-af3d58b2da7f: shutdown LeaderElection
2019-10-20 17:41:37,954 [8f18dce1-0a3d-4b65-9c78-af3d58b2da7f@group-091950D56227-LeaderElection661] INFO  impl.RoleInfo (RoleInfo.java:updateAndGet(143)) - 8f18dce1-0a3d-4b65-9c78-af3d58b2da7f: start FollowerState
2019-10-20 17:41:38,140 [Thread-4693] INFO  impl.FollowerState (FollowerState.java:run(108)) - 8f18dce1-0a3d-4b65-9c78-af3d58b2da7f@group-091950D56227-FollowerState: change to CANDIDATE, lastRpcTime:186ms, electionTimeout:186ms
2019-10-20 17:41:38,141 [Thread-4693] INFO  impl.RoleInfo (RoleInfo.java:shutdownFollowerState(121)) - 8f18dce1-0a3d-4b65-9c78-af3d58b2da7f: shutdown FollowerState
2019-10-20 17:41:38,141 [Thread-4693] INFO  impl.RaftServerImpl (RaftServerImpl.java:setRole(184)) - 8f18dce1-0a3d-4b65-9c78-af3d58b2da7f@group-091950D56227: changes role from  FOLLOWER to CANDIDATE at term 779 for changeToCandidate
2019-10-20 17:41:38,141 [Thread-4693] INFO  impl.RoleInfo (RoleInfo.java:updateAndGet(143)) - 8f18dce1-0a3d-4b65-9c78-af3d58b2da7f: start LeaderElection
2019-10-20 17:41:38,170 [8f18dce1-0a3d-4b65-9c78-af3d58b2da7f@group-091950D56227-LeaderElection662] INFO  impl.LeaderElection (LeaderElection.java:askForVotes(178)) - 8f18dce1-0a3d-4b65-9c78-af3d58b2da7f@group-091950D56227-LeaderElection662: begin an election at term 780 for -1: [8a63e1ae-032e-4bed-9f20-125a11f65413:0.0.0.0:38685, 8f18dce1-0a3d-4b65-9c78-af3d58b2da7f:0.0.0.0:42489, 7b1e61a0-7daf-43dd-99d5-9b325c1d31ae:0.0.0.0:38412], old=null
2019-10-20 17:41:38,171 [grpc-default-executor-0] INFO  impl.RaftServerImpl (RaftServerImpl.java:setRole(184)) - 8a63e1ae-032e-4bed-9f20-125a11f65413@group-091950D56227: changes role from  FOLLOWER to FOLLOWER at term 780 for recognizeCandidate:8f18dce1-0a3d-4b65-9c78-af3d58b2da7f
2019-10-20 17:41:38,171 [grpc-default-executor-3] INFO  impl.RaftServerImpl (RaftServerImpl.java:setRole(184)) - 7b1e61a0-7daf-43dd-99d5-9b325c1d31ae@group-091950D56227: changes role from  FOLLOWER to FOLLOWER at term 780 for recognizeCandidate:8f18dce1-0a3d-4b65-9c78-af3d58b2da7f
2019-10-20 17:41:38,171 [grpc-default-executor-3] INFO  impl.RoleInfo (RoleInfo.java:shutdownFollowerState(121)) - 7b1e61a0-7daf-43dd-99d5-9b325c1d31ae: shutdown FollowerState
2019-10-20 17:41:38,171 [grpc-default-executor-0] INFO  impl.RoleInfo (RoleInfo.java:shutdownFollowerState(121)) - 8a63e1ae-032e-4bed-9f20-125a11f65413: shutdown FollowerState
2019-10-20 17:41:38,172 [Thread-4692] INFO  impl.FollowerState (FollowerState.java:run(117)) - 7b1e61a0-7daf-43dd-99d5-9b325c1d31ae@group-091950D56227-FollowerState was interrupted: java.lang.InterruptedException: sleep interrupted
2019-10-20 17:41:38,172 [grpc-default-executor-3] INFO  impl.RoleInfo (RoleInfo.java:updateAndGet(143)) - 7b1e61a0-7daf-43dd-99d5-9b325c1d31ae: start FollowerState
2019-10-20 17:41:38,172 [Thread-4691] INFO  impl.FollowerState (FollowerState.java:run(117)) - 8a63e1ae-032e-4bed-9f20-125a11f65413@group-091950D56227-FollowerState was interrupted: java.lang.InterruptedException: sleep interrupted
2019-10-20 17:41:38,172 [grpc-default-executor-0] INFO  impl.RoleInfo (RoleInfo.java:updateAndGet(143)) - 8a63e1ae-032e-4bed-9f20-125a11f65413: start FollowerState
2019-10-20 17:41:38,204 [8f18dce1-0a3d-4b65-9c78-af3d58b2da7f@group-091950D56227-LeaderElection662] INFO  impl.LeaderElection (LeaderElection.java:logAndReturn(56)) - 8f18dce1-0a3d-4b65-9c78-af3d58b2da7f@group-091950D56227-LeaderElection662: Election REJECTED; received 2 response(s) [8f18dce1-0a3d-4b65-9c78-af3d58b2da7f<-8a63e1ae-032e-4bed-9f20-125a11f65413#0:FAIL-t780, 8f18dce1-0a3d-4b65-9c78-af3d58b2da7f<-7b1e61a0-7daf-43dd-99d5-9b325c1d31ae#0:FAIL-t780] and 0 exception(s); 8f18dce1-0a3d-4b65-9c78-af3d58b2da7f@group-091950D56227:t780, leader=null, voted=8f18dce1-0a3d-4b65-9c78-af3d58b2da7f, raftlog=8f18dce1-0a3d-4b65-9c78-af3d58b2da7f@group-091950D56227-SegmentedRaftLog:OPENED:c-1,f-1,i0, conf=-1: [8a63e1ae-032e-4bed-9f20-125a11f65413:0.0.0.0:38685, 8f18dce1-0a3d-4b65-9c78-af3d58b2da7f:0.0.0.0:42489, 7b1e61a0-7daf-43dd-99d5-9b325c1d31ae:0.0.0.0:38412], old=null
2019-10-20 17:41:38,205 [8f18dce1-0a3d-4b65-9c78-af3d58b2da7f@group-091950D56227-LeaderElection662] INFO  impl.RaftServerImpl (RaftServerImpl.java:setRole(184)) - 8f18dce1-0a3d-4b65-9c78-af3d58b2da7f@group-091950D56227: changes role from CANDIDATE to FOLLOWER at term 780 for DISCOVERED_A_NEW_TERM
2019-10-20 17:41:38,205 [8f18dce1-0a3d-4b65-9c78-af3d58b2da7f@group-091950D56227-LeaderElection662] INFO  impl.RoleInfo (RoleInfo.java:shutdownLeaderElection(134)) - 8f18dce1-0a3d-4b65-9c78-af3d58b2da7f: shutdown LeaderElection
2019-10-20 17:41:38,205 [8f18dce1-0a3d-4b65-9c78-af3d58b2da7f@group-091950D56227-LeaderElection662] INFO  impl.RoleInfo (RoleInfo.java:updateAndGet(143)) - 8f18dce1-0a3d-4b65-9c78-af3d58b2da7f: start FollowerState
2019-10-20 17:41:38,395 [Thread-4699] INFO  impl.FollowerState (FollowerState.java:run(108)) - 8f18dce1-0a3d-4b65-9c78-af3d58b2da7f@group-091950D56227-FollowerState: change to CANDIDATE, lastRpcTime:190ms, electionTimeout:190ms
2019-10-20 17:41:38,395 [Thread-4699] INFO  impl.RoleInfo (RoleInfo.java:shutdownFollowerState(121)) - 8f18dce1-0a3d-4b65-9c78-af3d58b2da7f: shutdown FollowerState
2019-10-20 17:41:38,395 [Thread-4699] INFO  impl.RaftServerImpl (RaftServerImpl.java:setRole(184)) - 8f18dce1-0a3d-4b65-9c78-af3d58b2da7f@group-091950D56227: changes role from  FOLLOWER to CANDIDATE at term 780 for changeToCandidate
2019-10-20 17:41:38,395 [Thread-4699] INFO  impl.RoleInfo (RoleInfo.java:updateAndGet(143)) - 8f18dce1-0a3d-4b65-9c78-af3d58b2da7f: start LeaderElection
2019-10-20 17:41:38,421 [8f18dce1-0a3d-4b65-9c78-af3d58b2da7f@group-091950D56227-LeaderElection663] INFO  impl.LeaderElection (LeaderElection.java:askForVotes(178)) - 8f18dce1-0a3d-4b65-9c78-af3d58b2da7f@group-091950D56227-LeaderElection663: begin an election at term 781 for -1: [8a63e1ae-032e-4bed-9f20-125a11f65413:0.0.0.0:38685, 8f18dce1-0a3d-4b65-9c78-af3d58b2da7f:0.0.0.0:42489, 7b1e61a0-7daf-43dd-99d5-9b325c1d31ae:0.0.0.0:38412], old=null
2019-10-20 17:41:38,423 [grpc-default-executor-0] INFO  impl.RaftServerImpl (RaftServerImpl.java:setRole(184)) - 8a63e1ae-032e-4bed-9f20-125a11f65413@group-091950D56227: changes role from  FOLLOWER to FOLLOWER at term 781 for recognizeCandidate:8f18dce1-0a3d-4b65-9c78-af3d58b2da7f
2019-10-20 17:41:38,423 [grpc-default-executor-0] INFO  impl.RoleInfo (RoleInfo.java:shutdownFollowerState(121)) - 8a63e1ae-032e-4bed-9f20-125a11f65413: shutdown FollowerState
2019-10-20 17:41:38,423 [grpc-default-executor-3] INFO  impl.RaftServerImpl (RaftServerImpl.java:setRole(184)) - 7b1e61a0-7daf-43dd-99d5-9b325c1d31ae@group-091950D56227: changes role from  FOLLOWER to FOLLOWER at term 781 for recognizeCandidate:8f18dce1-0a3d-4b65-9c78-af3d58b2da7f
2019-10-20 17:41:38,423 [grpc-default-executor-3] INFO  impl.RoleInfo (RoleInfo.java:shutdownFollowerState(121)) - 7b1e61a0-7daf-43dd-99d5-9b325c1d31ae: shutdown FollowerState
2019-10-20 17:41:38,423 [Thread-4698] INFO  impl.FollowerState (FollowerState.java:run(117)) - 8a63e1ae-032e-4bed-9f20-125a11f65413@group-091950D56227-FollowerState was interrupted: java.lang.InterruptedException: sleep interrupted
2019-10-20 17:41:38,423 [grpc-default-executor-0] INFO  impl.RoleInfo (RoleInfo.java:updateAndGet(143)) - 8a63e1ae-032e-4bed-9f20-125a11f65413: start FollowerState
2019-10-20 17:41:38,423 [Thread-4697] INFO  impl.FollowerState (FollowerState.java:run(117)) - 7b1e61a0-7daf-43dd-99d5-9b325c1d31ae@group-091950D56227-FollowerState was interrupted: java.lang.InterruptedException: sleep interrupted
2019-10-20 17:41:38,423 [grpc-default-executor-3] INFO  impl.RoleInfo (RoleInfo.java:updateAndGet(143)) - 7b1e61a0-7daf-43dd-99d5-9b325c1d31ae: start FollowerState
2019-10-20 17:41:38,448 [8f18dce1-0a3d-4b65-9c78-af3d58b2da7f@group-091950D56227-LeaderElection663] INFO  impl.LeaderElection (LeaderElection.java:logAndReturn(56)) - 8f18dce1-0a3d-4b65-9c78-af3d58b2da7f@group-091950D56227-LeaderElection663: Election REJECTED; received 2 response(s) [8f18dce1-0a3d-4b65-9c78-af3d58b2da7f<-8a63e1ae-032e-4bed-9f20-125a11f65413#0:FAIL-t781, 8f18dce1-0a3d-4b65-9c78-af3d58b2da7f<-7b1e61a0-7daf-43dd-99d5-9b325c1d31ae#0:FAIL-t781] and 0 exception(s); 8f18dce1-0a3d-4b65-9c78-af3d58b2da7f@group-091950D56227:t781, leader=null, voted=8f18dce1-0a3d-4b65-9c78-af3d58b2da7f, raftlog=8f18dce1-0a3d-4b65-9c78-af3d58b2da7f@group-091950D56227-SegmentedRaftLog:OPENED:c-1,f-1,i0, conf=-1: [8a63e1ae-032e-4bed-9f20-125a11f65413:0.0.0.0:38685, 8f18dce1-0a3d-4b65-9c78-af3d58b2da7f:0.0.0.0:42489, 7b1e61a0-7daf-43dd-99d5-9b325c1d31ae:0.0.0.0:38412], old=null
2019-10-20 17:41:38,448 [8f18dce1-0a3d-4b65-9c78-af3d58b2da7f@group-091950D56227-LeaderElection663] INFO  impl.RaftServerImpl (RaftServerImpl.java:setRole(184)) - 8f18dce1-0a3d-4b65-9c78-af3d58b2da7f@group-091950D56227: changes role from CANDIDATE to FOLLOWER at term 781 for DISCOVERED_A_NEW_TERM
2019-10-20 17:41:38,448 [8f18dce1-0a3d-4b65-9c78-af3d58b2da7f@group-091950D56227-LeaderElection663] INFO  impl.RoleInfo (RoleInfo.java:shutdownLeaderElection(134)) - 8f18dce1-0a3d-4b65-9c78-af3d58b2da7f: shutdown LeaderElection
2019-10-20 17:41:38,448 [8f18dce1-0a3d-4b65-9c78-af3d58b2da7f@group-091950D56227-LeaderElection663] INFO  impl.RoleInfo (RoleInfo.java:updateAndGet(143)) - 8f18dce1-0a3d-4b65-9c78-af3d58b2da7f: start FollowerState
2019-10-20 17:41:38,520 [Thread-4705] INFO  impl.FollowerState (FollowerState.java:run(108)) - 8f18dce1-0a3d-4b65-9c78-af3d58b2da7f@group-091950D56227-FollowerState: change to CANDIDATE, lastRpcTime:71ms, electionTimeout:71ms
2019-10-20 17:41:38,520 [Thread-4705] INFO  impl.RoleInfo (RoleInfo.java:shutdownFollowerState(121)) - 8f18dce1-0a3d-4b65-9c78-af3d58b2da7f: shutdown FollowerState
2019-10-20 17:41:38,520 [Thread-4705] INFO  impl.RaftServerImpl (RaftServerImpl.java:setRole(184)) - 8f18dce1-0a3d-4b65-9c78-af3d58b2da7f@group-091950D56227: changes role from  FOLLOWER to CANDIDATE at term 781 for changeToCandidate
2019-10-20 17:41:38,520 [Thread-4705] INFO  impl.RoleInfo (RoleInfo.java:updateAndGet(143)) - 8f18dce1-0a3d-4b65-9c78-af3d58b2da7f: start LeaderElection
2019-10-20 17:41:38,548 [8f18dce1-0a3d-4b65-9c78-af3d58b2da7f@group-091950D56227-LeaderElection664] INFO  impl.LeaderElection (LeaderElection.java:askForVotes(178)) - 8f18dce1-0a3d-4b65-9c78-af3d58b2da7f@group-091950D56227-LeaderElection664: begin an election at term 782 for -1: [8a63e1ae-032e-4bed-9f20-125a11f65413:0.0.0.0:38685, 8f18dce1-0a3d-4b65-9c78-af3d58b2da7f:0.0.0.0:42489, 7b1e61a0-7daf-43dd-99d5-9b325c1d31ae:0.0.0.0:38412], old=null
2019-10-20 17:41:38,550 [grpc-default-executor-3] INFO  impl.RaftServerImpl (RaftServerImpl.java:setRole(184)) - 8a63e1ae-032e-4bed-9f20-125a11f65413@group-091950D56227: changes role from  FOLLOWER to FOLLOWER at term 782 for recognizeCandidate:8f18dce1-0a3d-4b65-9c78-af3d58b2da7f
2019-10-20 17:41:38,550 [grpc-default-executor-0] INFO  impl.RaftServerImpl (RaftServerImpl.java:setRole(184)) - 7b1e61a0-7daf-43dd-99d5-9b325c1d31ae@group-091950D56227: changes role from  FOLLOWER to FOLLOWER at term 782 for recognizeCandidate:8f18dce1-0a3d-4b65-9c78-af3d58b2da7f
2019-10-20 17:41:38,550 [grpc-default-executor-3] INFO  impl.RoleInfo (RoleInfo.java:shutdownFollowerState(121)) - 8a63e1ae-032e-4bed-9f20-125a11f65413: shutdown FollowerState
2019-10-20 17:41:38,550 [grpc-default-executor-0] INFO  impl.RoleInfo (RoleInfo.java:shutdownFollowerState(121)) - 7b1e61a0-7daf-43dd-99d5-9b325c1d31ae: shutdown FollowerState
2019-10-20 17:41:38,550 [Thread-4703] INFO  impl.FollowerState (FollowerState.java:run(117)) - 8a63e1ae-032e-4bed-9f20-125a11f65413@group-091950D56227-FollowerState was interrupted: java.lang.InterruptedException: sleep interrupted
2019-10-20 17:41:38,550 [grpc-default-executor-3] INFO  impl.RoleInfo (RoleInfo.java:updateAndGet(143)) - 8a63e1ae-032e-4bed-9f20-125a11f65413: start FollowerState
2019-10-20 17:41:38,550 [Thread-4704] INFO  impl.FollowerState (FollowerState.java:run(117)) - 7b1e61a0-7daf-43dd-99d5-9b325c1d31ae@group-091950D56227-FollowerState was interrupted: java.lang.InterruptedException: sleep interrupted
2019-10-20 17:41:38,550 [grpc-default-executor-0] INFO  impl.RoleInfo (RoleInfo.java:updateAndGet(143)) - 7b1e61a0-7daf-43dd-99d5-9b325c1d31ae: start FollowerState
2019-10-20 17:41:38,574 [8f18dce1-0a3d-4b65-9c78-af3d58b2da7f@group-091950D56227-LeaderElection664] INFO  impl.LeaderElection (LeaderElection.java:logAndReturn(56)) - 8f18dce1-0a3d-4b65-9c78-af3d58b2da7f@group-091950D56227-LeaderElection664: Election REJECTED; received 2 response(s) [8f18dce1-0a3d-4b65-9c78-af3d58b2da7f<-8a63e1ae-032e-4bed-9f20-125a11f65413#0:FAIL-t782, 8f18dce1-0a3d-4b65-9c78-af3d58b2da7f<-7b1e61a0-7daf-43dd-99d5-9b325c1d31ae#0:FAIL-t782] and 0 exception(s); 8f18dce1-0a3d-4b65-9c78-af3d58b2da7f@group-091950D56227:t782, leader=null, voted=8f18dce1-0a3d-4b65-9c78-af3d58b2da7f, raftlog=8f18dce1-0a3d-4b65-9c78-af3d58b2da7f@group-091950D56227-SegmentedRaftLog:OPENED:c-1,f-1,i0, conf=-1: [8a63e1ae-032e-4bed-9f20-125a11f65413:0.0.0.0:38685, 8f18dce1-0a3d-4b65-9c78-af3d58b2da7f:0.0.0.0:42489, 7b1e61a0-7daf-43dd-99d5-9b325c1d31ae:0.0.0.0:38412], old=null
2019-10-20 17:41:38,574 [8f18dce1-0a3d-4b65-9c78-af3d58b2da7f@group-091950D56227-LeaderElection664] INFO  impl.RaftServerImpl (RaftServerImpl.java:setRole(184)) - 8f18dce1-0a3d-4b65-9c78-af3d58b2da7f@group-091950D56227: changes role from CANDIDATE to FOLLOWER at term 782 for DISCOVERED_A_NEW_TERM
2019-10-20 17:41:38,574 [8f18dce1-0a3d-4b65-9c78-af3d58b2da7f@group-091950D56227-LeaderElection664] INFO  impl.RoleInfo (RoleInfo.java:shutdownLeaderElection(134)) - 8f18dce1-0a3d-4b65-9c78-af3d58b2da7f: shutdown LeaderElection
2019-10-20 17:41:38,574 [8f18dce1-0a3d-4b65-9c78-af3d58b2da7f@group-091950D56227-LeaderElection664] INFO  impl.RoleInfo (RoleInfo.java:updateAndGet(143)) - 8f18dce1-0a3d-4b65-9c78-af3d58b2da7f: start FollowerState
2019-10-20 17:41:38,700 [Thread-4711] INFO  impl.FollowerState (FollowerState.java:run(108)) - 8f18dce1-0a3d-4b65-9c78-af3d58b2da7f@group-091950D56227-FollowerState: change to CANDIDATE, lastRpcTime:125ms, electionTimeout:125ms
2019-10-20 17:41:38,700 [Thread-4711] INFO  impl.RoleInfo (RoleInfo.java:shutdownFollowerState(121)) - 8f18dce1-0a3d-4b65-9c78-af3d58b2da7f: shutdown FollowerState
2019-10-20 17:41:38,700 [Thread-4711] INFO  impl.RaftServerImpl (RaftServerImpl.java:setRole(184)) - 8f18dce1-0a3d-4b65-9c78-af3d58b2da7f@group-091950D56227: changes role from  FOLLOWER to CANDIDATE at term 782 for changeToCandidate
2019-10-20 17:41:38,700 [Thread-4711] INFO  impl.RoleInfo (RoleInfo.java:updateAndGet(143)) - 8f18dce1-0a3d-4b65-9c78-af3d58b2da7f: start LeaderElection
2019-10-20 17:41:38,716 [8f18dce1-0a3d-4b65-9c78-af3d58b2da7f@group-091950D56227-LeaderElection665] INFO  impl.LeaderElection (LeaderElection.java:askForVotes(178)) - 8f18dce1-0a3d-4b65-9c78-af3d58b2da7f@group-091950D56227-LeaderElection665: begin an election at term 783 for -1: [8a63e1ae-032e-4bed-9f20-125a11f65413:0.0.0.0:38685, 8f18dce1-0a3d-4b65-9c78-af3d58b2da7f:0.0.0.0:42489, 7b1e61a0-7daf-43dd-99d5-9b325c1d31ae:0.0.0.0:38412], old=null
2019-10-20 17:41:38,717 [grpc-default-executor-0] INFO  impl.RaftServerImpl (RaftServerImpl.java:setRole(184)) - 8a63e1ae-032e-4bed-9f20-125a11f65413@group-091950D56227: changes role from  FOLLOWER to FOLLOWER at term 783 for recognizeCandidate:8f18dce1-0a3d-4b65-9c78-af3d58b2da7f
2019-10-20 17:41:38,718 [grpc-default-executor-0] INFO  impl.RoleInfo (RoleInfo.java:shutdownFollowerState(121)) - 8a63e1ae-032e-4bed-9f20-125a11f65413: shutdown FollowerState
2019-10-20 17:41:38,718 [grpc-default-executor-3] INFO  impl.RaftServerImpl (RaftServerImpl.java:setRole(184)) - 7b1e61a0-7daf-43dd-99d5-9b325c1d31ae@group-091950D56227: changes role from  FOLLOWER to FOLLOWER at term 783 for recognizeCandidate:8f18dce1-0a3d-4b65-9c78-af3d58b2da7f
2019-10-20 17:41:38,718 [grpc-default-executor-3] INFO  impl.RoleInfo (RoleInfo.java:shutdownFollowerState(121)) - 7b1e61a0-7daf-43dd-99d5-9b325c1d31ae: shutdown FollowerState
2019-10-20 17:41:38,718 [Thread-4709] INFO  impl.FollowerState (FollowerState.java:run(117)) - 8a63e1ae-032e-4bed-9f20-125a11f65413@group-091950D56227-FollowerState was interrupted: java.lang.InterruptedException: sleep interrupted
2019-10-20 17:41:38,718 [grpc-default-executor-0] INFO  impl.RoleInfo (RoleInfo.java:updateAndGet(143)) - 8a63e1ae-032e-4bed-9f20-125a11f65413: start FollowerState
2019-10-20 17:41:38,718 [Thread-4710] INFO  impl.FollowerState (FollowerState.java:run(117)) - 7b1e61a0-7daf-43dd-99d5-9b325c1d31ae@group-091950D56227-FollowerState was interrupted: java.lang.InterruptedException: sleep interrupted
2019-10-20 17:41:38,718 [grpc-default-executor-3] INFO  impl.RoleInfo (RoleInfo.java:updateAndGet(143)) - 7b1e61a0-7daf-43dd-99d5-9b325c1d31ae: start FollowerState
2019-10-20 17:41:38,742 [8f18dce1-0a3d-4b65-9c78-af3d58b2da7f@group-091950D56227-LeaderElection665] INFO  impl.LeaderElection (LeaderElection.java:logAndReturn(56)) - 8f18dce1-0a3d-4b65-9c78-af3d58b2da7f@group-091950D56227-LeaderElection665: Election REJECTED; received 2 response(s) [8f18dce1-0a3d-4b65-9c78-af3d58b2da7f<-8a63e1ae-032e-4bed-9f20-125a11f65413#0:FAIL-t783, 8f18dce1-0a3d-4b65-9c78-af3d58b2da7f<-7b1e61a0-7daf-43dd-99d5-9b325c1d31ae#0:FAIL-t783] and 0 exception(s); 8f18dce1-0a3d-4b65-9c78-af3d58b2da7f@group-091950D56227:t783, leader=null, voted=8f18dce1-0a3d-4b65-9c78-af3d58b2da7f, raftlog=8f18dce1-0a3d-4b65-9c78-af3d58b2da7f@group-091950D56227-SegmentedRaftLog:OPENED:c-1,f-1,i0, conf=-1: [8a63e1ae-032e-4bed-9f20-125a11f65413:0.0.0.0:38685, 8f18dce1-0a3d-4b65-9c78-af3d58b2da7f:0.0.0.0:42489, 7b1e61a0-7daf-43dd-99d5-9b325c1d31ae:0.0.0.0:38412], old=null
2019-10-20 17:41:38,742 [8f18dce1-0a3d-4b65-9c78-af3d58b2da7f@group-091950D56227-LeaderElection665] INFO  impl.RaftServerImpl (RaftServerImpl.java:setRole(184)) - 8f18dce1-0a3d-4b65-9c78-af3d58b2da7f@group-091950D56227: changes role from CANDIDATE to FOLLOWER at term 783 for DISCOVERED_A_NEW_TERM
2019-10-20 17:41:38,742 [8f18dce1-0a3d-4b65-9c78-af3d58b2da7f@group-091950D56227-LeaderElection665] INFO  impl.RoleInfo (RoleInfo.java:shutdownLeaderElection(134)) - 8f18dce1-0a3d-4b65-9c78-af3d58b2da7f: shutdown LeaderElection
2019-10-20 17:41:38,742 [8f18dce1-0a3d-4b65-9c78-af3d58b2da7f@group-091950D56227-LeaderElection665] INFO  impl.RoleInfo (RoleInfo.java:updateAndGet(143)) - 8f18dce1-0a3d-4b65-9c78-af3d58b2da7f: start FollowerState
2019-10-20 17:41:38,854 [Thread-4719] INFO  impl.FollowerState (FollowerState.java:run(108)) - 8f18dce1-0a3d-4b65-9c78-af3d58b2da7f@group-091950D56227-FollowerState: change to CANDIDATE, lastRpcTime:112ms, electionTimeout:112ms
2019-10-20 17:41:38,855 [Thread-4719] INFO  impl.RoleInfo (RoleInfo.java:shutdownFollowerState(121)) - 8f18dce1-0a3d-4b65-9c78-af3d58b2da7f: shutdown FollowerState
2019-10-20 17:41:38,855 [Thread-4719] INFO  impl.RaftServerImpl (RaftServerImpl.java:setRole(184)) - 8f18dce1-0a3d-4b65-9c78-af3d58b2da7f@group-091950D56227: changes role from  FOLLOWER to CANDIDATE at term 783 for changeToCandidate
2019-10-20 17:41:38,855 [Thread-4719] INFO  impl.RoleInfo (RoleInfo.java:updateAndGet(143)) - 8f18dce1-0a3d-4b65-9c78-af3d58b2da7f: start LeaderElection
2019-10-20 17:41:38,883 [8f18dce1-0a3d-4b65-9c78-af3d58b2da7f@group-091950D56227-LeaderElection666] INFO  impl.LeaderElection (LeaderElection.java:askForVotes(178)) - 8f18dce1-0a3d-4b65-9c78-af3d58b2da7f@group-091950D56227-LeaderElection666: begin an election at term 784 for -1: [8a63e1ae-032e-4bed-9f20-125a11f65413:0.0.0.0:38685, 8f18dce1-0a3d-4b65-9c78-af3d58b2da7f:0.0.0.0:42489, 7b1e61a0-7daf-43dd-99d5-9b325c1d31ae:0.0.0.0:38412], old=null
2019-10-20 17:41:38,885 [grpc-default-executor-3] INFO  impl.RaftServerImpl (RaftServerImpl.java:setRole(184)) - 8a63e1ae-032e-4bed-9f20-125a11f65413@group-091950D56227: changes role from  FOLLOWER to FOLLOWER at term 784 for recognizeCandidate:8f18dce1-0a3d-4b65-9c78-af3d58b2da7f
2019-10-20 17:41:38,886 [grpc-default-executor-3] INFO  impl.RoleInfo (RoleInfo.java:shutdownFollowerState(121)) - 8a63e1ae-032e-4bed-9f20-125a11f65413: shutdown FollowerState
2019-10-20 17:41:38,886 [grpc-default-executor-0] INFO  impl.RaftServerImpl (RaftServerImpl.java:setRole(184)) - 7b1e61a0-7daf-43dd-99d5-9b325c1d31ae@group-091950D56227: changes role from  FOLLOWER to FOLLOWER at term 784 for recognizeCandidate:8f18dce1-0a3d-4b65-9c78-af3d58b2da7f
2019-10-20 17:41:38,886 [grpc-default-executor-0] INFO  impl.RoleInfo (RoleInfo.java:shutdownFollowerState(121)) - 7b1e61a0-7daf-43dd-99d5-9b325c1d31ae: shutdown FollowerState
2019-10-20 17:41:38,886 [Thread-4717] INFO  impl.FollowerState (FollowerState.java:run(117)) - 8a63e1ae-032e-4bed-9f20-125a11f65413@group-091950D56227-FollowerState was interrupted: java.lang.InterruptedException: sleep interrupted
2019-10-20 17:41:38,886 [grpc-default-executor-3] INFO  impl.RoleInfo (RoleInfo.java:updateAndGet(143)) - 8a63e1ae-032e-4bed-9f20-125a11f65413: start FollowerState
2019-10-20 17:41:38,886 [Thread-4718] INFO  impl.FollowerState (FollowerState.java:run(117)) - 7b1e61a0-7daf-43dd-99d5-9b325c1d31ae@group-091950D56227-FollowerState was interrupted: java.lang.InterruptedException: sleep interrupted
2019-10-20 17:41:38,886 [grpc-default-executor-0] INFO  impl.RoleInfo (RoleInfo.java:updateAndGet(143)) - 7b1e61a0-7daf-43dd-99d5-9b325c1d31ae: start FollowerState
2019-10-20 17:41:38,909 [8f18dce1-0a3d-4b65-9c78-af3d58b2da7f@group-091950D56227-LeaderElection666] INFO  impl.LeaderElection (LeaderElection.java:logAndReturn(56)) - 8f18dce1-0a3d-4b65-9c78-af3d58b2da7f@group-091950D56227-LeaderElection666: Election REJECTED; received 2 response(s) [8f18dce1-0a3d-4b65-9c78-af3d58b2da7f<-8a63e1ae-032e-4bed-9f20-125a11f65413#0:FAIL-t784, 8f18dce1-0a3d-4b65-9c78-af3d58b2da7f<-7b1e61a0-7daf-43dd-99d5-9b325c1d31ae#0:FAIL-t784] and 0 exception(s); 8f18dce1-0a3d-4b65-9c78-af3d58b2da7f@group-091950D56227:t784, leader=null, voted=8f18dce1-0a3d-4b65-9c78-af3d58b2da7f, raftlog=8f18dce1-0a3d-4b65-9c78-af3d58b2da7f@group-091950D56227-SegmentedRaftLog:OPENED:c-1,f-1,i0, conf=-1: [8a63e1ae-032e-4bed-9f20-125a11f65413:0.0.0.0:38685, 8f18dce1-0a3d-4b65-9c78-af3d58b2da7f:0.0.0.0:42489, 7b1e61a0-7daf-43dd-99d5-9b325c1d31ae:0.0.0.0:38412], old=null
2019-10-20 17:41:38,909 [8f18dce1-0a3d-4b65-9c78-af3d58b2da7f@group-091950D56227-LeaderElection666] INFO  impl.RaftServerImpl (RaftServerImpl.java:setRole(184)) - 8f18dce1-0a3d-4b65-9c78-af3d58b2da7f@group-091950D56227: changes role from CANDIDATE to FOLLOWER at term 784 for DISCOVERED_A_NEW_TERM
2019-10-20 17:41:38,910 [8f18dce1-0a3d-4b65-9c78-af3d58b2da7f@group-091950D56227-LeaderElection666] INFO  impl.RoleInfo (RoleInfo.java:shutdownLeaderElection(134)) - 8f18dce1-0a3d-4b65-9c78-af3d58b2da7f: shutdown LeaderElection
2019-10-20 17:41:38,910 [8f18dce1-0a3d-4b65-9c78-af3d58b2da7f@group-091950D56227-LeaderElection666] INFO  impl.RoleInfo (RoleInfo.java:updateAndGet(143)) - 8f18dce1-0a3d-4b65-9c78-af3d58b2da7f: start FollowerState
2019-10-20 17:41:38,928 [Thread-4725] INFO  impl.FollowerState (FollowerState.java:run(108)) - 8f18dce1-0a3d-4b65-9c78-af3d58b2da7f@group-091950D56227-FollowerState: change to CANDIDATE, lastRpcTime:18ms, electionTimeout:18ms
2019-10-20 17:41:38,928 [Thread-4725] INFO  impl.RoleInfo (RoleInfo.java:shutdownFollowerState(121)) - 8f18dce1-0a3d-4b65-9c78-af3d58b2da7f: shutdown FollowerState
2019-10-20 17:41:38,928 [Thread-4725] INFO  impl.RaftServerImpl (RaftServerImpl.java:setRole(184)) - 8f18dce1-0a3d-4b65-9c78-af3d58b2da7f@group-091950D56227: changes role from  FOLLOWER to CANDIDATE at term 784 for changeToCandidate
2019-10-20 17:41:38,928 [Thread-4725] INFO  impl.RoleInfo (RoleInfo.java:updateAndGet(143)) - 8f18dce1-0a3d-4b65-9c78-af3d58b2da7f: start LeaderElection
2019-10-20 17:41:38,959 [8f18dce1-0a3d-4b65-9c78-af3d58b2da7f@group-091950D56227-LeaderElection667] INFO  impl.LeaderElection (LeaderElection.java:askForVotes(178)) - 8f18dce1-0a3d-4b65-9c78-af3d58b2da7f@group-091950D56227-LeaderElection667: begin an election at term 785 for -1: [8a63e1ae-032e-4bed-9f20-125a11f65413:0.0.0.0:38685, 8f18dce1-0a3d-4b65-9c78-af3d58b2da7f:0.0.0.0:42489, 7b1e61a0-7daf-43dd-99d5-9b325c1d31ae:0.0.0.0:38412], old=null
2019-10-20 17:41:38,961 [grpc-default-executor-3] INFO  impl.RaftServerImpl (RaftServerImpl.java:setRole(184)) - 8a63e1ae-032e-4bed-9f20-125a11f65413@group-091950D56227: changes role from  FOLLOWER to FOLLOWER at term 785 for recognizeCandidate:8f18dce1-0a3d-4b65-9c78-af3d58b2da7f
2019-10-20 17:41:38,961 [grpc-default-executor-0] INFO  impl.RaftServerImpl (RaftServerImpl.java:setRole(184)) - 7b1e61a0-7daf-43dd-99d5-9b325c1d31ae@group-091950D56227: changes role from  FOLLOWER to FOLLOWER at term 785 for recognizeCandidate:8f18dce1-0a3d-4b65-9c78-af3d58b2da7f
2019-10-20 17:41:38,962 [grpc-default-executor-0] INFO  impl.RoleInfo (RoleInfo.java:shutdownFollowerState(121)) - 7b1e61a0-7daf-43dd-99d5-9b325c1d31ae: shutdown FollowerState
2019-10-20 17:41:38,961 [grpc-default-executor-3] INFO  impl.RoleInfo (RoleInfo.java:shutdownFollowerState(121)) - 8a63e1ae-032e-4bed-9f20-125a11f65413: shutdown FollowerState
2019-10-20 17:41:38,962 [Thread-4724] INFO  impl.FollowerState (FollowerState.java:run(117)) - 7b1e61a0-7daf-43dd-99d5-9b325c1d31ae@group-091950D56227-FollowerState was interrupted: java.lang.InterruptedException: sleep interrupted
2019-10-20 17:41:38,962 [Thread-4723] INFO  impl.FollowerState (FollowerState.java:run(117)) - 8a63e1ae-032e-4bed-9f20-125a11f65413@group-091950D56227-FollowerState was interrupted: java.lang.InterruptedException: sleep interrupted
2019-10-20 17:41:38,962 [grpc-default-executor-0] INFO  impl.RoleInfo (RoleInfo.java:updateAndGet(143)) - 7b1e61a0-7daf-43dd-99d5-9b325c1d31ae: start FollowerState
2019-10-20 17:41:38,962 [grpc-default-executor-3] INFO  impl.RoleInfo (RoleInfo.java:updateAndGet(143)) - 8a63e1ae-032e-4bed-9f20-125a11f65413: start FollowerState
2019-10-20 17:41:38,985 [8f18dce1-0a3d-4b65-9c78-af3d58b2da7f@group-091950D56227-LeaderElection667] INFO  impl.LeaderElection (LeaderElection.java:logAndReturn(56)) - 8f18dce1-0a3d-4b65-9c78-af3d58b2da7f@group-091950D56227-LeaderElection667: Election REJECTED; received 2 response(s) [8f18dce1-0a3d-4b65-9c78-af3d58b2da7f<-8a63e1ae-032e-4bed-9f20-125a11f65413#0:FAIL-t785, 8f18dce1-0a3d-4b65-9c78-af3d58b2da7f<-7b1e61a0-7daf-43dd-99d5-9b325c1d31ae#0:FAIL-t785] and 0 exception(s); 8f18dce1-0a3d-4b65-9c78-af3d58b2da7f@group-091950D56227:t785, leader=null, voted=8f18dce1-0a3d-4b65-9c78-af3d58b2da7f, raftlog=8f18dce1-0a3d-4b65-9c78-af3d58b2da7f@group-091950D56227-SegmentedRaftLog:OPENED:c-1,f-1,i0, conf=-1: [8a63e1ae-032e-4bed-9f20-125a11f65413:0.0.0.0:38685, 8f18dce1-0a3d-4b65-9c78-af3d58b2da7f:0.0.0.0:42489, 7b1e61a0-7daf-43dd-99d5-9b325c1d31ae:0.0.0.0:38412], old=null
2019-10-20 17:41:38,986 [8f18dce1-0a3d-4b65-9c78-af3d58b2da7f@group-091950D56227-LeaderElection667] INFO  impl.RaftServerImpl (RaftServerImpl.java:setRole(184)) - 8f18dce1-0a3d-4b65-9c78-af3d58b2da7f@group-091950D56227: changes role from CANDIDATE to FOLLOWER at term 785 for DISCOVERED_A_NEW_TERM
2019-10-20 17:41:38,986 [8f18dce1-0a3d-4b65-9c78-af3d58b2da7f@group-091950D56227-LeaderElection667] INFO  impl.RoleInfo (RoleInfo.java:shutdownLeaderElection(134)) - 8f18dce1-0a3d-4b65-9c78-af3d58b2da7f: shutdown LeaderElection
2019-10-20 17:41:38,986 [8f18dce1-0a3d-4b65-9c78-af3d58b2da7f@group-091950D56227-LeaderElection667] INFO  impl.RoleInfo (RoleInfo.java:updateAndGet(143)) - 8f18dce1-0a3d-4b65-9c78-af3d58b2da7f: start FollowerState
2019-10-20 17:41:39,067 [Thread-4731] INFO  impl.FollowerState (FollowerState.java:run(108)) - 8f18dce1-0a3d-4b65-9c78-af3d58b2da7f@group-091950D56227-FollowerState: change to CANDIDATE, lastRpcTime:81ms, electionTimeout:81ms
2019-10-20 17:41:39,068 [Thread-4731] INFO  impl.RoleInfo (RoleInfo.java:shutdownFollowerState(121)) - 8f18dce1-0a3d-4b65-9c78-af3d58b2da7f: shutdown FollowerState
2019-10-20 17:41:39,068 [Thread-4731] INFO  impl.RaftServerImpl (RaftServerImpl.java:setRole(184)) - 8f18dce1-0a3d-4b65-9c78-af3d58b2da7f@group-091950D56227: changes role from  FOLLOWER to CANDIDATE at term 785 for changeToCandidate
2019-10-20 17:41:39,068 [Thread-4731] INFO  impl.RoleInfo (RoleInfo.java:updateAndGet(143)) - 8f18dce1-0a3d-4b65-9c78-af3d58b2da7f: start LeaderElection
2019-10-20 17:41:39,094 [8f18dce1-0a3d-4b65-9c78-af3d58b2da7f@group-091950D56227-LeaderElection668] INFO  impl.LeaderElection (LeaderElection.java:askForVotes(178)) - 8f18dce1-0a3d-4b65-9c78-af3d58b2da7f@group-091950D56227-LeaderElection668: begin an election at term 786 for -1: [8a63e1ae-032e-4bed-9f20-125a11f65413:0.0.0.0:38685, 8f18dce1-0a3d-4b65-9c78-af3d58b2da7f:0.0.0.0:42489, 7b1e61a0-7daf-43dd-99d5-9b325c1d31ae:0.0.0.0:38412], old=null
2019-10-20 17:41:39,095 [grpc-default-executor-3] INFO  impl.RaftServerImpl (RaftServerImpl.java:setRole(184)) - 8a63e1ae-032e-4bed-9f20-125a11f65413@group-091950D56227: changes role from  FOLLOWER to FOLLOWER at term 786 for recognizeCandidate:8f18dce1-0a3d-4b65-9c78-af3d58b2da7f
2019-10-20 17:41:39,095 [grpc-default-executor-0] INFO  impl.RaftServerImpl (RaftServerImpl.java:setRole(184)) - 7b1e61a0-7daf-43dd-99d5-9b325c1d31ae@group-091950D56227: changes role from  FOLLOWER to FOLLOWER at term 786 for recognizeCandidate:8f18dce1-0a3d-4b65-9c78-af3d58b2da7f
2019-10-20 17:41:39,095 [grpc-default-executor-3] INFO  impl.RoleInfo (RoleInfo.java:shutdownFollowerState(121)) - 8a63e1ae-032e-4bed-9f20-125a11f65413: shutdown FollowerState
2019-10-20 17:41:39,096 [grpc-default-executor-0] INFO  impl.RoleInfo (RoleInfo.java:shutdownFollowerState(121)) - 7b1e61a0-7daf-43dd-99d5-9b325c1d31ae: shutdown FollowerState
2019-10-20 17:41:39,096 [Thread-4730] INFO  impl.FollowerState (FollowerState.java:run(117)) - 8a63e1ae-032e-4bed-9f20-125a11f65413@group-091950D56227-FollowerState was interrupted: java.lang.InterruptedException: sleep interrupted
2019-10-20 17:41:39,096 [grpc-default-executor-3] INFO  impl.RoleInfo (RoleInfo.java:updateAndGet(143)) - 8a63e1ae-032e-4bed-9f20-125a11f65413: start FollowerState
2019-10-20 17:41:39,096 [Thread-4729] INFO  impl.FollowerState (FollowerState.java:run(117)) - 7b1e61a0-7daf-43dd-99d5-9b325c1d31ae@group-091950D56227-FollowerState was interrupted: java.lang.InterruptedException: sleep interrupted
2019-10-20 17:41:39,096 [grpc-default-executor-0] INFO  impl.RoleInfo (RoleInfo.java:updateAndGet(143)) - 7b1e61a0-7daf-43dd-99d5-9b325c1d31ae: start FollowerState
2019-10-20 17:41:39,120 [8f18dce1-0a3d-4b65-9c78-af3d58b2da7f@group-091950D56227-LeaderElection668] INFO  impl.LeaderElection (LeaderElection.java:logAndReturn(56)) - 8f18dce1-0a3d-4b65-9c78-af3d58b2da7f@group-091950D56227-LeaderElection668: Election REJECTED; received 2 response(s) [8f18dce1-0a3d-4b65-9c78-af3d58b2da7f<-8a63e1ae-032e-4bed-9f20-125a11f65413#0:FAIL-t786, 8f18dce1-0a3d-4b65-9c78-af3d58b2da7f<-7b1e61a0-7daf-43dd-99d5-9b325c1d31ae#0:FAIL-t786] and 0 exception(s); 8f18dce1-0a3d-4b65-9c78-af3d58b2da7f@group-091950D56227:t786, leader=null, voted=8f18dce1-0a3d-4b65-9c78-af3d58b2da7f, raftlog=8f18dce1-0a3d-4b65-9c78-af3d58b2da7f@group-091950D56227-SegmentedRaftLog:OPENED:c-1,f-1,i0, conf=-1: [8a63e1ae-032e-4bed-9f20-125a11f65413:0.0.0.0:38685, 8f18dce1-0a3d-4b65-9c78-af3d58b2da7f:0.0.0.0:42489, 7b1e61a0-7daf-43dd-99d5-9b325c1d31ae:0.0.0.0:38412], old=null
2019-10-20 17:41:39,120 [8f18dce1-0a3d-4b65-9c78-af3d58b2da7f@group-091950D56227-LeaderElection668] INFO  impl.RaftServerImpl (RaftServerImpl.java:setRole(184)) - 8f18dce1-0a3d-4b65-9c78-af3d58b2da7f@group-091950D56227: changes role from CANDIDATE to FOLLOWER at term 786 for DISCOVERED_A_NEW_TERM
2019-10-20 17:41:39,120 [8f18dce1-0a3d-4b65-9c78-af3d58b2da7f@group-091950D56227-LeaderElection668] INFO  impl.RoleInfo (RoleInfo.java:shutdownLeaderElection(134)) - 8f18dce1-0a3d-4b65-9c78-af3d58b2da7f: shutdown LeaderElection
2019-10-20 17:41:39,120 [8f18dce1-0a3d-4b65-9c78-af3d58b2da7f@group-091950D56227-LeaderElection668] INFO  impl.RoleInfo (RoleInfo.java:updateAndGet(143)) - 8f18dce1-0a3d-4b65-9c78-af3d58b2da7f: start FollowerState
2019-10-20 17:41:39,259 [Thread-4737] INFO  impl.FollowerState (FollowerState.java:run(108)) - 8f18dce1-0a3d-4b65-9c78-af3d58b2da7f@group-091950D56227-FollowerState: change to CANDIDATE, lastRpcTime:138ms, electionTimeout:138ms
2019-10-20 17:41:39,259 [Thread-4737] INFO  impl.RoleInfo (RoleInfo.java:shutdownFollowerState(121)) - 8f18dce1-0a3d-4b65-9c78-af3d58b2da7f: shutdown FollowerState
2019-10-20 17:41:39,259 [Thread-4737] INFO  impl.RaftServerImpl (RaftServerImpl.java:setRole(184)) - 8f18dce1-0a3d-4b65-9c78-af3d58b2da7f@group-091950D56227: changes role from  FOLLOWER to CANDIDATE at term 786 for changeToCandidate
2019-10-20 17:41:39,259 [Thread-4737] INFO  impl.RoleInfo (RoleInfo.java:updateAndGet(143)) - 8f18dce1-0a3d-4b65-9c78-af3d58b2da7f: start LeaderElection
2019-10-20 17:41:39,286 [8f18dce1-0a3d-4b65-9c78-af3d58b2da7f@group-091950D56227-LeaderElection669] INFO  impl.LeaderElection (LeaderElection.java:askForVotes(178)) - 8f18dce1-0a3d-4b65-9c78-af3d58b2da7f@group-091950D56227-LeaderElection669: begin an election at term 787 for -1: [8a63e1ae-032e-4bed-9f20-125a11f65413:0.0.0.0:38685, 8f18dce1-0a3d-4b65-9c78-af3d58b2da7f:0.0.0.0:42489, 7b1e61a0-7daf-43dd-99d5-9b325c1d31ae:0.0.0.0:38412], old=null
2019-10-20 17:41:39,288 [grpc-default-executor-0] INFO  impl.RaftServerImpl (RaftServerImpl.java:setRole(184)) - 8a63e1ae-032e-4bed-9f20-125a11f65413@group-091950D56227: changes role from  FOLLOWER to FOLLOWER at term 787 for recognizeCandidate:8f18dce1-0a3d-4b65-9c78-af3d58b2da7f
2019-10-20 17:41:39,288 [grpc-default-executor-3] INFO  impl.RaftServerImpl (RaftServerImpl.java:setRole(184)) - 7b1e61a0-7daf-43dd-99d5-9b325c1d31ae@group-091950D56227: changes role from  FOLLOWER to FOLLOWER at term 787 for recognizeCandidate:8f18dce1-0a3d-4b65-9c78-af3d58b2da7f
2019-10-20 17:41:39,288 [grpc-default-executor-3] INFO  impl.RoleInfo (RoleInfo.java:shutdownFollowerState(121)) - 7b1e61a0-7daf-43dd-99d5-9b325c1d31ae: shutdown FollowerState
2019-10-20 17:41:39,288 [grpc-default-executor-0] INFO  impl.RoleInfo (RoleInfo.java:shutdownFollowerState(121)) - 8a63e1ae-032e-4bed-9f20-125a11f65413: shutdown FollowerState
2019-10-20 17:41:39,288 [grpc-default-executor-0] INFO  impl.RoleInfo (RoleInfo.java:updateAndGet(143)) - 8a63e1ae-032e-4bed-9f20-125a11f65413: start FollowerState
2019-10-20 17:41:39,288 [Thread-4736] INFO  impl.FollowerState (FollowerState.java:run(117)) - 7b1e61a0-7daf-43dd-99d5-9b325c1d31ae@group-091950D56227-FollowerState was interrupted: java.lang.InterruptedException: sleep interrupted
2019-10-20 17:41:39,288 [grpc-default-executor-3] INFO  impl.RoleInfo (RoleInfo.java:updateAndGet(143)) - 7b1e61a0-7daf-43dd-99d5-9b325c1d31ae: start FollowerState
2019-10-20 17:41:39,288 [Thread-4735] INFO  impl.FollowerState (FollowerState.java:run(117)) - 8a63e1ae-032e-4bed-9f20-125a11f65413@group-091950D56227-FollowerState was interrupted: java.lang.InterruptedException: sleep interrupted
2019-10-20 17:41:39,312 [8f18dce1-0a3d-4b65-9c78-af3d58b2da7f@group-091950D56227-LeaderElection669] INFO  impl.LeaderElection (LeaderElection.java:logAndReturn(56)) - 8f18dce1-0a3d-4b65-9c78-af3d58b2da7f@group-091950D56227-LeaderElection669: Election REJECTED; received 2 response(s) [8f18dce1-0a3d-4b65-9c78-af3d58b2da7f<-8a63e1ae-032e-4bed-9f20-125a11f65413#0:FAIL-t787, 8f18dce1-0a3d-4b65-9c78-af3d58b2da7f<-7b1e61a0-7daf-43dd-99d5-9b325c1d31ae#0:FAIL-t787] and 0 exception(s); 8f18dce1-0a3d-4b65-9c78-af3d58b2da7f@group-091950D56227:t787, leader=null, voted=8f18dce1-0a3d-4b65-9c78-af3d58b2da7f, raftlog=8f18dce1-0a3d-4b65-9c78-af3d58b2da7f@group-091950D56227-SegmentedRaftLog:OPENED:c-1,f-1,i0, conf=-1: [8a63e1ae-032e-4bed-9f20-125a11f65413:0.0.0.0:38685, 8f18dce1-0a3d-4b65-9c78-af3d58b2da7f:0.0.0.0:42489, 7b1e61a0-7daf-43dd-99d5-9b325c1d31ae:0.0.0.0:38412], old=null
2019-10-20 17:41:39,313 [8f18dce1-0a3d-4b65-9c78-af3d58b2da7f@group-091950D56227-LeaderElection669] INFO  impl.RaftServerImpl (RaftServerImpl.java:setRole(184)) - 8f18dce1-0a3d-4b65-9c78-af3d58b2da7f@group-091950D56227: changes role from CANDIDATE to FOLLOWER at term 787 for DISCOVERED_A_NEW_TERM
2019-10-20 17:41:39,313 [8f18dce1-0a3d-4b65-9c78-af3d58b2da7f@group-091950D56227-LeaderElection669] INFO  impl.RoleInfo (RoleInfo.java:shutdownLeaderElection(134)) - 8f18dce1-0a3d-4b65-9c78-af3d58b2da7f: shutdown LeaderElection
2019-10-20 17:41:39,313 [8f18dce1-0a3d-4b65-9c78-af3d58b2da7f@group-091950D56227-LeaderElection669] INFO  impl.RoleInfo (RoleInfo.java:updateAndGet(143)) - 8f18dce1-0a3d-4b65-9c78-af3d58b2da7f: start FollowerState
2019-10-20 17:41:39,452 [Thread-4743] INFO  impl.FollowerState (FollowerState.java:run(108)) - 8f18dce1-0a3d-4b65-9c78-af3d58b2da7f@group-091950D56227-FollowerState: change to CANDIDATE, lastRpcTime:139ms, electionTimeout:139ms
2019-10-20 17:41:39,452 [Thread-4743] INFO  impl.RoleInfo (RoleInfo.java:shutdownFollowerState(121)) - 8f18dce1-0a3d-4b65-9c78-af3d58b2da7f: shutdown FollowerState
2019-10-20 17:41:39,452 [Thread-4743] INFO  impl.RaftServerImpl (RaftServerImpl.java:setRole(184)) - 8f18dce1-0a3d-4b65-9c78-af3d58b2da7f@group-091950D56227: changes role from  FOLLOWER to CANDIDATE at term 787 for changeToCandidate
2019-10-20 17:41:39,453 [Thread-4743] INFO  impl.RoleInfo (RoleInfo.java:updateAndGet(143)) - 8f18dce1-0a3d-4b65-9c78-af3d58b2da7f: start LeaderElection
2019-10-20 17:41:39,479 [8f18dce1-0a3d-4b65-9c78-af3d58b2da7f@group-091950D56227-LeaderElection670] INFO  impl.LeaderElection (LeaderElection.java:askForVotes(178)) - 8f18dce1-0a3d-4b65-9c78-af3d58b2da7f@group-091950D56227-LeaderElection670: begin an election at term 788 for -1: [8a63e1ae-032e-4bed-9f20-125a11f65413:0.0.0.0:38685, 8f18dce1-0a3d-4b65-9c78-af3d58b2da7f:0.0.0.0:42489, 7b1e61a0-7daf-43dd-99d5-9b325c1d31ae:0.0.0.0:38412], old=null
2019-10-20 17:41:39,480 [grpc-default-executor-0] INFO  impl.RaftServerImpl (RaftServerImpl.java:setRole(184)) - 7b1e61a0-7daf-43dd-99d5-9b325c1d31ae@group-091950D56227: changes role from  FOLLOWER to FOLLOWER at term 788 for recognizeCandidate:8f18dce1-0a3d-4b65-9c78-af3d58b2da7f
2019-10-20 17:41:39,481 [grpc-default-executor-0] INFO  impl.RoleInfo (RoleInfo.java:shutdownFollowerState(121)) - 7b1e61a0-7daf-43dd-99d5-9b325c1d31ae: shutdown FollowerState
2019-10-20 17:41:39,481 [grpc-default-executor-0] INFO  impl.RoleInfo (RoleInfo.java:updateAndGet(143)) - 7b1e61a0-7daf-43dd-99d5-9b325c1d31ae: start FollowerState
2019-10-20 17:41:39,481 [Thread-4741] INFO  impl.FollowerState (FollowerState.java:run(117)) - 7b1e61a0-7daf-43dd-99d5-9b325c1d31ae@group-091950D56227-FollowerState was interrupted: java.lang.InterruptedException: sleep interrupted
2019-10-20 17:41:39,481 [grpc-default-executor-3] INFO  impl.RaftServerImpl (RaftServerImpl.java:setRole(184)) - 8a63e1ae-032e-4bed-9f20-125a11f65413@group-091950D56227: changes role from  FOLLOWER to FOLLOWER at term 788 for recognizeCandidate:8f18dce1-0a3d-4b65-9c78-af3d58b2da7f
2019-10-20 17:41:39,481 [grpc-default-executor-3] INFO  impl.RoleInfo (RoleInfo.java:shutdownFollowerState(121)) - 8a63e1ae-032e-4bed-9f20-125a11f65413: shutdown FollowerState
2019-10-20 17:41:39,481 [grpc-default-executor-3] INFO  impl.RoleInfo (RoleInfo.java:updateAndGet(143)) - 8a63e1ae-032e-4bed-9f20-125a11f65413: start FollowerState
2019-10-20 17:41:39,481 [Thread-4742] INFO  impl.FollowerState (FollowerState.java:run(117)) - 8a63e1ae-032e-4bed-9f20-125a11f65413@group-091950D56227-FollowerState was interrupted: java.lang.InterruptedException: sleep interrupted
2019-10-20 17:41:39,482 [8f18dce1-0a3d-4b65-9c78-af3d58b2da7f@group-091950D56227-LeaderElection670] INFO  impl.LeaderElection (LeaderElection.java:logAndReturn(56)) - 8f18dce1-0a3d-4b65-9c78-af3d58b2da7f@group-091950D56227-LeaderElection670: Election TIMEOUT; received 0 response(s) [] and 0 exception(s); 8f18dce1-0a3d-4b65-9c78-af3d58b2da7f@group-091950D56227:t788, leader=null, voted=8f18dce1-0a3d-4b65-9c78-af3d58b2da7f, raftlog=8f18dce1-0a3d-4b65-9c78-af3d58b2da7f@group-091950D56227-SegmentedRaftLog:OPENED:c-1,f-1,i0, conf=-1: [8a63e1ae-032e-4bed-9f20-125a11f65413:0.0.0.0:38685, 8f18dce1-0a3d-4b65-9c78-af3d58b2da7f:0.0.0.0:42489, 7b1e61a0-7daf-43dd-99d5-9b325c1d31ae:0.0.0.0:38412], old=null
2019-10-20 17:41:39,504 [8f18dce1-0a3d-4b65-9c78-af3d58b2da7f@group-091950D56227-LeaderElection670] INFO  impl.LeaderElection (LeaderElection.java:askForVotes(178)) - 8f18dce1-0a3d-4b65-9c78-af3d58b2da7f@group-091950D56227-LeaderElection670: begin an election at term 789 for -1: [8a63e1ae-032e-4bed-9f20-125a11f65413:0.0.0.0:38685, 8f18dce1-0a3d-4b65-9c78-af3d58b2da7f:0.0.0.0:42489, 7b1e61a0-7daf-43dd-99d5-9b325c1d31ae:0.0.0.0:38412], old=null
2019-10-20 17:41:39,506 [grpc-default-executor-0] INFO  impl.RaftServerImpl (RaftServerImpl.java:setRole(184)) - 8a63e1ae-032e-4bed-9f20-125a11f65413@group-091950D56227: changes role from  FOLLOWER to FOLLOWER at term 789 for recognizeCandidate:8f18dce1-0a3d-4b65-9c78-af3d58b2da7f
2019-10-20 17:41:39,507 [grpc-default-executor-0] INFO  impl.RoleInfo (RoleInfo.java:shutdownFollowerState(121)) - 8a63e1ae-032e-4bed-9f20-125a11f65413: shutdown FollowerState
2019-10-20 17:41:39,507 [grpc-default-executor-3] INFO  impl.RaftServerImpl (RaftServerImpl.java:setRole(184)) - 7b1e61a0-7daf-43dd-99d5-9b325c1d31ae@group-091950D56227: changes role from  FOLLOWER to FOLLOWER at term 789 for recognizeCandidate:8f18dce1-0a3d-4b65-9c78-af3d58b2da7f
2019-10-20 17:41:39,507 [grpc-default-executor-0] INFO  impl.RoleInfo (RoleInfo.java:updateAndGet(143)) - 8a63e1ae-032e-4bed-9f20-125a11f65413: start FollowerState
2019-10-20 17:41:39,507 [Thread-4748] INFO  impl.FollowerState (FollowerState.java:run(117)) - 8a63e1ae-032e-4bed-9f20-125a11f65413@group-091950D56227-FollowerState was interrupted: java.lang.InterruptedException: sleep interrupted
2019-10-20 17:41:39,507 [grpc-default-executor-3] INFO  impl.RoleInfo (RoleInfo.java:shutdownFollowerState(121)) - 7b1e61a0-7daf-43dd-99d5-9b325c1d31ae: shutdown FollowerState
2019-10-20 17:41:39,507 [grpc-default-executor-3] INFO  impl.RoleInfo (RoleInfo.java:updateAndGet(143)) - 7b1e61a0-7daf-43dd-99d5-9b325c1d31ae: start FollowerState
2019-10-20 17:41:39,507 [Thread-4747] INFO  impl.FollowerState (FollowerState.java:run(117)) - 7b1e61a0-7daf-43dd-99d5-9b325c1d31ae@group-091950D56227-FollowerState was interrupted: java.lang.InterruptedException: sleep interrupted
2019-10-20 17:41:39,530 [8f18dce1-0a3d-4b65-9c78-af3d58b2da7f@group-091950D56227-LeaderElection670] INFO  impl.LeaderElection (LeaderElection.java:logAndReturn(56)) - 8f18dce1-0a3d-4b65-9c78-af3d58b2da7f@group-091950D56227-LeaderElection670: Election REJECTED; received 2 response(s) [8f18dce1-0a3d-4b65-9c78-af3d58b2da7f<-8a63e1ae-032e-4bed-9f20-125a11f65413#0:FAIL-t789, 8f18dce1-0a3d-4b65-9c78-af3d58b2da7f<-7b1e61a0-7daf-43dd-99d5-9b325c1d31ae#0:FAIL-t789] and 0 exception(s); 8f18dce1-0a3d-4b65-9c78-af3d58b2da7f@group-091950D56227:t789, leader=null, voted=8f18dce1-0a3d-4b65-9c78-af3d58b2da7f, raftlog=8f18dce1-0a3d-4b65-9c78-af3d58b2da7f@group-091950D56227-SegmentedRaftLog:OPENED:c-1,f-1,i0, conf=-1: [8a63e1ae-032e-4bed-9f20-125a11f65413:0.0.0.0:38685, 8f18dce1-0a3d-4b65-9c78-af3d58b2da7f:0.0.0.0:42489, 7b1e61a0-7daf-43dd-99d5-9b325c1d31ae:0.0.0.0:38412], old=null
2019-10-20 17:41:39,531 [8f18dce1-0a3d-4b65-9c78-af3d58b2da7f@group-091950D56227-LeaderElection670] INFO  impl.RaftServerImpl (RaftServerImpl.java:setRole(184)) - 8f18dce1-0a3d-4b65-9c78-af3d58b2da7f@group-091950D56227: changes role from CANDIDATE to FOLLOWER at term 789 for DISCOVERED_A_NEW_TERM
2019-10-20 17:41:39,531 [8f18dce1-0a3d-4b65-9c78-af3d58b2da7f@group-091950D56227-LeaderElection670] INFO  impl.RoleInfo (RoleInfo.java:shutdownLeaderElection(134)) - 8f18dce1-0a3d-4b65-9c78-af3d58b2da7f: shutdown LeaderElection
2019-10-20 17:41:39,531 [8f18dce1-0a3d-4b65-9c78-af3d58b2da7f@group-091950D56227-LeaderElection670] INFO  impl.RoleInfo (RoleInfo.java:updateAndGet(143)) - 8f18dce1-0a3d-4b65-9c78-af3d58b2da7f: start FollowerState
2019-10-20 17:41:39,632 [Thread-4753] INFO  impl.FollowerState (FollowerState.java:run(108)) - 8f18dce1-0a3d-4b65-9c78-af3d58b2da7f@group-091950D56227-FollowerState: change to CANDIDATE, lastRpcTime:101ms, electionTimeout:101ms
2019-10-20 17:41:39,632 [Thread-4753] INFO  impl.RoleInfo (RoleInfo.java:shutdownFollowerState(121)) - 8f18dce1-0a3d-4b65-9c78-af3d58b2da7f: shutdown FollowerState
2019-10-20 17:41:39,633 [Thread-4753] INFO  impl.RaftServerImpl (RaftServerImpl.java:setRole(184)) - 8f18dce1-0a3d-4b65-9c78-af3d58b2da7f@group-091950D56227: changes role from  FOLLOWER to CANDIDATE at term 789 for changeToCandidate
2019-10-20 17:41:39,633 [Thread-4753] INFO  impl.RoleInfo (RoleInfo.java:updateAndGet(143)) - 8f18dce1-0a3d-4b65-9c78-af3d58b2da7f: start LeaderElection
2019-10-20 17:41:39,664 [8f18dce1-0a3d-4b65-9c78-af3d58b2da7f@group-091950D56227-LeaderElection671] INFO  impl.LeaderElection (LeaderElection.java:askForVotes(178)) - 8f18dce1-0a3d-4b65-9c78-af3d58b2da7f@group-091950D56227-LeaderElection671: begin an election at term 790 for -1: [8a63e1ae-032e-4bed-9f20-125a11f65413:0.0.0.0:38685, 8f18dce1-0a3d-4b65-9c78-af3d58b2da7f:0.0.0.0:42489, 7b1e61a0-7daf-43dd-99d5-9b325c1d31ae:0.0.0.0:38412], old=null
2019-10-20 17:41:39,665 [grpc-default-executor-3] INFO  impl.RaftServerImpl (RaftServerImpl.java:setRole(184)) - 8a63e1ae-032e-4bed-9f20-125a11f65413@group-091950D56227: changes role from  FOLLOWER to FOLLOWER at term 790 for recognizeCandidate:8f18dce1-0a3d-4b65-9c78-af3d58b2da7f
2019-10-20 17:41:39,665 [grpc-default-executor-3] INFO  impl.RoleInfo (RoleInfo.java:shutdownFollowerState(121)) - 8a63e1ae-032e-4bed-9f20-125a11f65413: shutdown FollowerState
2019-10-20 17:41:39,666 [grpc-default-executor-0] INFO  impl.RaftServerImpl (RaftServerImpl.java:setRole(184)) - 7b1e61a0-7daf-43dd-99d5-9b325c1d31ae@group-091950D56227: changes role from  FOLLOWER to FOLLOWER at term 790 for recognizeCandidate:8f18dce1-0a3d-4b65-9c78-af3d58b2da7f
2019-10-20 17:41:39,666 [Thread-4751] INFO  impl.FollowerState (FollowerState.java:run(117)) - 8a63e1ae-032e-4bed-9f20-125a11f65413@group-091950D56227-FollowerState was interrupted: java.lang.InterruptedException: sleep interrupted
2019-10-20 17:41:39,666 [grpc-default-executor-3] INFO  impl.RoleInfo (RoleInfo.java:updateAndGet(143)) - 8a63e1ae-032e-4bed-9f20-125a11f65413: start FollowerState
2019-10-20 17:41:39,666 [grpc-default-executor-0] INFO  impl.RoleInfo (RoleInfo.java:shutdownFollowerState(121)) - 7b1e61a0-7daf-43dd-99d5-9b325c1d31ae: shutdown FollowerState
2019-10-20 17:41:39,666 [grpc-default-executor-0] INFO  impl.RoleInfo (RoleInfo.java:updateAndGet(143)) - 7b1e61a0-7daf-43dd-99d5-9b325c1d31ae: start FollowerState
2019-10-20 17:41:39,666 [Thread-4752] INFO  impl.FollowerState (FollowerState.java:run(117)) - 7b1e61a0-7daf-43dd-99d5-9b325c1d31ae@group-091950D56227-FollowerState was interrupted: java.lang.InterruptedException: sleep interrupted
2019-10-20 17:41:39,691 [8f18dce1-0a3d-4b65-9c78-af3d58b2da7f@group-091950D56227-LeaderElection671] INFO  impl.LeaderElection (LeaderElection.java:logAndReturn(56)) - 8f18dce1-0a3d-4b65-9c78-af3d58b2da7f@group-091950D56227-LeaderElection671: Election REJECTED; received 2 response(s) [8f18dce1-0a3d-4b65-9c78-af3d58b2da7f<-8a63e1ae-032e-4bed-9f20-125a11f65413#0:FAIL-t790, 8f18dce1-0a3d-4b65-9c78-af3d58b2da7f<-7b1e61a0-7daf-43dd-99d5-9b325c1d31ae#0:FAIL-t790] and 0 exception(s); 8f18dce1-0a3d-4b65-9c78-af3d58b2da7f@group-091950D56227:t790, leader=null, voted=8f18dce1-0a3d-4b65-9c78-af3d58b2da7f, raftlog=8f18dce1-0a3d-4b65-9c78-af3d58b2da7f@group-091950D56227-SegmentedRaftLog:OPENED:c-1,f-1,i0, conf=-1: [8a63e1ae-032e-4bed-9f20-125a11f65413:0.0.0.0:38685, 8f18dce1-0a3d-4b65-9c78-af3d58b2da7f:0.0.0.0:42489, 7b1e61a0-7daf-43dd-99d5-9b325c1d31ae:0.0.0.0:38412], old=null
2019-10-20 17:41:39,691 [8f18dce1-0a3d-4b65-9c78-af3d58b2da7f@group-091950D56227-LeaderElection671] INFO  impl.RaftServerImpl (RaftServerImpl.java:setRole(184)) - 8f18dce1-0a3d-4b65-9c78-af3d58b2da7f@group-091950D56227: changes role from CANDIDATE to FOLLOWER at term 790 for DISCOVERED_A_NEW_TERM
2019-10-20 17:41:39,691 [8f18dce1-0a3d-4b65-9c78-af3d58b2da7f@group-091950D56227-LeaderElection671] INFO  impl.RoleInfo (RoleInfo.java:shutdownLeaderElection(134)) - 8f18dce1-0a3d-4b65-9c78-af3d58b2da7f: shutdown LeaderElection
2019-10-20 17:41:39,692 [8f18dce1-0a3d-4b65-9c78-af3d58b2da7f@group-091950D56227-LeaderElection671] INFO  impl.RoleInfo (RoleInfo.java:updateAndGet(143)) - 8f18dce1-0a3d-4b65-9c78-af3d58b2da7f: start FollowerState
2019-10-20 17:41:39,887 [Thread-4761] INFO  impl.FollowerState (FollowerState.java:run(108)) - 8f18dce1-0a3d-4b65-9c78-af3d58b2da7f@group-091950D56227-FollowerState: change to CANDIDATE, lastRpcTime:195ms, electionTimeout:195ms
2019-10-20 17:41:39,887 [Thread-4761] INFO  impl.RoleInfo (RoleInfo.java:shutdownFollowerState(121)) - 8f18dce1-0a3d-4b65-9c78-af3d58b2da7f: shutdown FollowerState
2019-10-20 17:41:39,887 [Thread-4761] INFO  impl.RaftServerImpl (RaftServerImpl.java:setRole(184)) - 8f18dce1-0a3d-4b65-9c78-af3d58b2da7f@group-091950D56227: changes role from  FOLLOWER to CANDIDATE at term 790 for changeToCandidate
2019-10-20 17:41:39,887 [Thread-4761] INFO  impl.RoleInfo (RoleInfo.java:updateAndGet(143)) - 8f18dce1-0a3d-4b65-9c78-af3d58b2da7f: start LeaderElection
2019-10-20 17:41:39,916 [8f18dce1-0a3d-4b65-9c78-af3d58b2da7f@group-091950D56227-LeaderElection672] INFO  impl.LeaderElection (LeaderElection.java:askForVotes(178)) - 8f18dce1-0a3d-4b65-9c78-af3d58b2da7f@group-091950D56227-LeaderElection672: begin an election at term 791 for -1: [8a63e1ae-032e-4bed-9f20-125a11f65413:0.0.0.0:38685, 8f18dce1-0a3d-4b65-9c78-af3d58b2da7f:0.0.0.0:42489, 7b1e61a0-7daf-43dd-99d5-9b325c1d31ae:0.0.0.0:38412], old=null
2019-10-20 17:41:39,918 [grpc-default-executor-3] INFO  impl.RaftServerImpl (RaftServerImpl.java:setRole(184)) - 8a63e1ae-032e-4bed-9f20-125a11f65413@group-091950D56227: changes role from  FOLLOWER to FOLLOWER at term 791 for recognizeCandidate:8f18dce1-0a3d-4b65-9c78-af3d58b2da7f
2019-10-20 17:41:39,918 [grpc-default-executor-3] INFO  impl.RoleInfo (RoleInfo.java:shutdownFollowerState(121)) - 8a63e1ae-032e-4bed-9f20-125a11f65413: shutdown FollowerState
2019-10-20 17:41:39,918 [grpc-default-executor-3] INFO  impl.RoleInfo (RoleInfo.java:updateAndGet(143)) - 8a63e1ae-032e-4bed-9f20-125a11f65413: start FollowerState
2019-10-20 17:41:39,918 [Thread-4757] INFO  impl.FollowerState (FollowerState.java:run(117)) - 8a63e1ae-032e-4bed-9f20-125a11f65413@group-091950D56227-FollowerState was interrupted: java.lang.InterruptedException: sleep interrupted
2019-10-20 17:41:39,919 [grpc-default-executor-0] INFO  impl.RaftServerImpl (RaftServerImpl.java:setRole(184)) - 7b1e61a0-7daf-43dd-99d5-9b325c1d31ae@group-091950D56227: changes role from  FOLLOWER to FOLLOWER at term 791 for recognizeCandidate:8f18dce1-0a3d-4b65-9c78-af3d58b2da7f
2019-10-20 17:41:39,920 [grpc-default-executor-0] INFO  impl.RoleInfo (RoleInfo.java:shutdownFollowerState(121)) - 7b1e61a0-7daf-43dd-99d5-9b325c1d31ae: shutdown FollowerState
2019-10-20 17:41:39,920 [grpc-default-executor-0] INFO  impl.RoleInfo (RoleInfo.java:updateAndGet(143)) - 7b1e61a0-7daf-43dd-99d5-9b325c1d31ae: start FollowerState
2019-10-20 17:41:39,920 [Thread-4758] INFO  impl.FollowerState (FollowerState.java:run(117)) - 7b1e61a0-7daf-43dd-99d5-9b325c1d31ae@group-091950D56227-FollowerState was interrupted: java.lang.InterruptedException: sleep interrupted
2019-10-20 17:41:39,942 [8f18dce1-0a3d-4b65-9c78-af3d58b2da7f@group-091950D56227-LeaderElection672] INFO  impl.LeaderElection (LeaderElection.java:logAndReturn(56)) - 8f18dce1-0a3d-4b65-9c78-af3d58b2da7f@group-091950D56227-LeaderElection672: Election REJECTED; received 2 response(s) [8f18dce1-0a3d-4b65-9c78-af3d58b2da7f<-8a63e1ae-032e-4bed-9f20-125a11f65413#0:FAIL-t791, 8f18dce1-0a3d-4b65-9c78-af3d58b2da7f<-7b1e61a0-7daf-43dd-99d5-9b325c1d31ae#0:FAIL-t791] and 0 exception(s); 8f18dce1-0a3d-4b65-9c78-af3d58b2da7f@group-091950D56227:t791, leader=null, voted=8f18dce1-0a3d-4b65-9c78-af3d58b2da7f, raftlog=8f18dce1-0a3d-4b65-9c78-af3d58b2da7f@group-091950D56227-SegmentedRaftLog:OPENED:c-1,f-1,i0, conf=-1: [8a63e1ae-032e-4bed-9f20-125a11f65413:0.0.0.0:38685, 8f18dce1-0a3d-4b65-9c78-af3d58b2da7f:0.0.0.0:42489, 7b1e61a0-7daf-43dd-99d5-9b325c1d31ae:0.0.0.0:38412], old=null
2019-10-20 17:41:39,942 [8f18dce1-0a3d-4b65-9c78-af3d58b2da7f@group-091950D56227-LeaderElection672] INFO  impl.RaftServerImpl (RaftServerImpl.java:setRole(184)) - 8f18dce1-0a3d-4b65-9c78-af3d58b2da7f@group-091950D56227: changes role from CANDIDATE to FOLLOWER at term 791 for DISCOVERED_A_NEW_TERM
2019-10-20 17:41:39,942 [8f18dce1-0a3d-4b65-9c78-af3d58b2da7f@group-091950D56227-LeaderElection672] INFO  impl.RoleInfo (RoleInfo.java:shutdownLeaderElection(134)) - 8f18dce1-0a3d-4b65-9c78-af3d58b2da7f: shutdown LeaderElection
2019-10-20 17:41:39,942 [8f18dce1-0a3d-4b65-9c78-af3d58b2da7f@group-091950D56227-LeaderElection672] INFO  impl.RoleInfo (RoleInfo.java:updateAndGet(143)) - 8f18dce1-0a3d-4b65-9c78-af3d58b2da7f: start FollowerState
2019-10-20 17:41:40,060 [Thread-4767] INFO  impl.FollowerState (FollowerState.java:run(108)) - 8f18dce1-0a3d-4b65-9c78-af3d58b2da7f@group-091950D56227-FollowerState: change to CANDIDATE, lastRpcTime:117ms, electionTimeout:117ms
2019-10-20 17:41:40,060 [Thread-4767] INFO  impl.RoleInfo (RoleInfo.java:shutdownFollowerState(121)) - 8f18dce1-0a3d-4b65-9c78-af3d58b2da7f: shutdown FollowerState
2019-10-20 17:41:40,060 [Thread-4767] INFO  impl.RaftServerImpl (RaftServerImpl.java:setRole(184)) - 8f18dce1-0a3d-4b65-9c78-af3d58b2da7f@group-091950D56227: changes role from  FOLLOWER to CANDIDATE at term 791 for changeToCandidate
2019-10-20 17:41:40,061 [Thread-4767] INFO  impl.RoleInfo (RoleInfo.java:updateAndGet(143)) - 8f18dce1-0a3d-4b65-9c78-af3d58b2da7f: start LeaderElection
2019-10-20 17:41:40,083 [8f18dce1-0a3d-4b65-9c78-af3d58b2da7f@group-091950D56227-LeaderElection673] INFO  impl.LeaderElection (LeaderElection.java:askForVotes(178)) - 8f18dce1-0a3d-4b65-9c78-af3d58b2da7f@group-091950D56227-LeaderElection673: begin an election at term 792 for -1: [8a63e1ae-032e-4bed-9f20-125a11f65413:0.0.0.0:38685, 8f18dce1-0a3d-4b65-9c78-af3d58b2da7f:0.0.0.0:42489, 7b1e61a0-7daf-43dd-99d5-9b325c1d31ae:0.0.0.0:38412], old=null
2019-10-20 17:41:40,085 [grpc-default-executor-0] INFO  impl.RaftServerImpl (RaftServerImpl.java:setRole(184)) - 8a63e1ae-032e-4bed-9f20-125a11f65413@group-091950D56227: changes role from  FOLLOWER to FOLLOWER at term 792 for recognizeCandidate:8f18dce1-0a3d-4b65-9c78-af3d58b2da7f
2019-10-20 17:41:40,085 [grpc-default-executor-0] INFO  impl.RoleInfo (RoleInfo.java:shutdownFollowerState(121)) - 8a63e1ae-032e-4bed-9f20-125a11f65413: shutdown FollowerState
2019-10-20 17:41:40,086 [grpc-default-executor-3] INFO  impl.RaftServerImpl (RaftServerImpl.java:setRole(184)) - 7b1e61a0-7daf-43dd-99d5-9b325c1d31ae@group-091950D56227: changes role from  FOLLOWER to FOLLOWER at term 792 for recognizeCandidate:8f18dce1-0a3d-4b65-9c78-af3d58b2da7f
2019-10-20 17:41:40,086 [grpc-default-executor-3] INFO  impl.RoleInfo (RoleInfo.java:shutdownFollowerState(121)) - 7b1e61a0-7daf-43dd-99d5-9b325c1d31ae: shutdown FollowerState
2019-10-20 17:41:40,086 [Thread-4765] INFO  impl.FollowerState (FollowerState.java:run(117)) - 8a63e1ae-032e-4bed-9f20-125a11f65413@group-091950D56227-FollowerState was interrupted: java.lang.InterruptedException: sleep interrupted
2019-10-20 17:41:40,086 [Thread-4766] INFO  impl.FollowerState (FollowerState.java:run(117)) - 7b1e61a0-7daf-43dd-99d5-9b325c1d31ae@group-091950D56227-FollowerState was interrupted: java.lang.InterruptedException: sleep interrupted
2019-10-20 17:41:40,086 [grpc-default-executor-0] INFO  impl.RoleInfo (RoleInfo.java:updateAndGet(143)) - 8a63e1ae-032e-4bed-9f20-125a11f65413: start FollowerState
2019-10-20 17:41:40,086 [grpc-default-executor-3] INFO  impl.RoleInfo (RoleInfo.java:updateAndGet(143)) - 7b1e61a0-7daf-43dd-99d5-9b325c1d31ae: start FollowerState
2019-10-20 17:41:40,109 [8f18dce1-0a3d-4b65-9c78-af3d58b2da7f@group-091950D56227-LeaderElection673] INFO  impl.LeaderElection (LeaderElection.java:logAndReturn(56)) - 8f18dce1-0a3d-4b65-9c78-af3d58b2da7f@group-091950D56227-LeaderElection673: Election REJECTED; received 2 response(s) [8f18dce1-0a3d-4b65-9c78-af3d58b2da7f<-8a63e1ae-032e-4bed-9f20-125a11f65413#0:FAIL-t792, 8f18dce1-0a3d-4b65-9c78-af3d58b2da7f<-7b1e61a0-7daf-43dd-99d5-9b325c1d31ae#0:FAIL-t792] and 0 exception(s); 8f18dce1-0a3d-4b65-9c78-af3d58b2da7f@group-091950D56227:t792, leader=null, voted=8f18dce1-0a3d-4b65-9c78-af3d58b2da7f, raftlog=8f18dce1-0a3d-4b65-9c78-af3d58b2da7f@group-091950D56227-SegmentedRaftLog:OPENED:c-1,f-1,i0, conf=-1: [8a63e1ae-032e-4bed-9f20-125a11f65413:0.0.0.0:38685, 8f18dce1-0a3d-4b65-9c78-af3d58b2da7f:0.0.0.0:42489, 7b1e61a0-7daf-43dd-99d5-9b325c1d31ae:0.0.0.0:38412], old=null
2019-10-20 17:41:40,110 [8f18dce1-0a3d-4b65-9c78-af3d58b2da7f@group-091950D56227-LeaderElection673] INFO  impl.RaftServerImpl (RaftServerImpl.java:setRole(184)) - 8f18dce1-0a3d-4b65-9c78-af3d58b2da7f@group-091950D56227: changes role from CANDIDATE to FOLLOWER at term 792 for DISCOVERED_A_NEW_TERM
2019-10-20 17:41:40,110 [8f18dce1-0a3d-4b65-9c78-af3d58b2da7f@group-091950D56227-LeaderElection673] INFO  impl.RoleInfo (RoleInfo.java:shutdownLeaderElection(134)) - 8f18dce1-0a3d-4b65-9c78-af3d58b2da7f: shutdown LeaderElection
2019-10-20 17:41:40,110 [8f18dce1-0a3d-4b65-9c78-af3d58b2da7f@group-091950D56227-LeaderElection673] INFO  impl.RoleInfo (RoleInfo.java:updateAndGet(143)) - 8f18dce1-0a3d-4b65-9c78-af3d58b2da7f: start FollowerState
2019-10-20 17:41:40,145 [Thread-4773] INFO  impl.FollowerState (FollowerState.java:run(108)) - 8f18dce1-0a3d-4b65-9c78-af3d58b2da7f@group-091950D56227-FollowerState: change to CANDIDATE, lastRpcTime:35ms, electionTimeout:35ms
2019-10-20 17:41:40,145 [Thread-4773] INFO  impl.RoleInfo (RoleInfo.java:shutdownFollowerState(121)) - 8f18dce1-0a3d-4b65-9c78-af3d58b2da7f: shutdown FollowerState
2019-10-20 17:41:40,145 [Thread-4773] INFO  impl.RaftServerImpl (RaftServerImpl.java:setRole(184)) - 8f18dce1-0a3d-4b65-9c78-af3d58b2da7f@group-091950D56227: changes role from  FOLLOWER to CANDIDATE at term 792 for changeToCandidate
2019-10-20 17:41:40,145 [Thread-4773] INFO  impl.RoleInfo (RoleInfo.java:updateAndGet(143)) - 8f18dce1-0a3d-4b65-9c78-af3d58b2da7f: start LeaderElection
2019-10-20 17:41:40,176 [8f18dce1-0a3d-4b65-9c78-af3d58b2da7f@group-091950D56227-LeaderElection674] INFO  impl.LeaderElection (LeaderElection.java:askForVotes(178)) - 8f18dce1-0a3d-4b65-9c78-af3d58b2da7f@group-091950D56227-LeaderElection674: begin an election at term 793 for -1: [8a63e1ae-032e-4bed-9f20-125a11f65413:0.0.0.0:38685, 8f18dce1-0a3d-4b65-9c78-af3d58b2da7f:0.0.0.0:42489, 7b1e61a0-7daf-43dd-99d5-9b325c1d31ae:0.0.0.0:38412], old=null
2019-10-20 17:41:40,178 [grpc-default-executor-3] INFO  impl.RaftServerImpl (RaftServerImpl.java:setRole(184)) - 8a63e1ae-032e-4bed-9f20-125a11f65413@group-091950D56227: changes role from  FOLLOWER to FOLLOWER at term 793 for recognizeCandidate:8f18dce1-0a3d-4b65-9c78-af3d58b2da7f
2019-10-20 17:41:40,178 [grpc-default-executor-3] INFO  impl.RoleInfo (RoleInfo.java:shutdownFollowerState(121)) - 8a63e1ae-032e-4bed-9f20-125a11f65413: shutdown FollowerState
2019-10-20 17:41:40,178 [grpc-default-executor-1] INFO  impl.RaftServerImpl (RaftServerImpl.java:setRole(184)) - 7b1e61a0-7daf-43dd-99d5-9b325c1d31ae@group-091950D56227: changes role from  FOLLOWER to FOLLOWER at term 793 for recognizeCandidate:8f18dce1-0a3d-4b65-9c78-af3d58b2da7f
2019-10-20 17:41:40,179 [grpc-default-executor-1] INFO  impl.RoleInfo (RoleInfo.java:shutdownFollowerState(121)) - 7b1e61a0-7daf-43dd-99d5-9b325c1d31ae: shutdown FollowerState
2019-10-20 17:41:40,179 [Thread-4771] INFO  impl.FollowerState (FollowerState.java:run(117)) - 8a63e1ae-032e-4bed-9f20-125a11f65413@group-091950D56227-FollowerState was interrupted: java.lang.InterruptedException: sleep interrupted
2019-10-20 17:41:40,178 [grpc-default-executor-3] INFO  impl.RoleInfo (RoleInfo.java:updateAndGet(143)) - 8a63e1ae-032e-4bed-9f20-125a11f65413: start FollowerState
2019-10-20 17:41:40,179 [grpc-default-executor-1] INFO  impl.RoleInfo (RoleInfo.java:updateAndGet(143)) - 7b1e61a0-7daf-43dd-99d5-9b325c1d31ae: start FollowerState
2019-10-20 17:41:40,179 [Thread-4772] INFO  impl.FollowerState (FollowerState.java:run(117)) - 7b1e61a0-7daf-43dd-99d5-9b325c1d31ae@group-091950D56227-FollowerState was interrupted: java.lang.InterruptedException: sleep interrupted
2019-10-20 17:41:40,202 [8f18dce1-0a3d-4b65-9c78-af3d58b2da7f@group-091950D56227-LeaderElection674] INFO  impl.LeaderElection (LeaderElection.java:logAndReturn(56)) - 8f18dce1-0a3d-4b65-9c78-af3d58b2da7f@group-091950D56227-LeaderElection674: Election REJECTED; received 2 response(s) [8f18dce1-0a3d-4b65-9c78-af3d58b2da7f<-8a63e1ae-032e-4bed-9f20-125a11f65413#0:FAIL-t793, 8f18dce1-0a3d-4b65-9c78-af3d58b2da7f<-7b1e61a0-7daf-43dd-99d5-9b325c1d31ae#0:FAIL-t793] and 0 exception(s); 8f18dce1-0a3d-4b65-9c78-af3d58b2da7f@group-091950D56227:t793, leader=null, voted=8f18dce1-0a3d-4b65-9c78-af3d58b2da7f, raftlog=8f18dce1-0a3d-4b65-9c78-af3d58b2da7f@group-091950D56227-SegmentedRaftLog:OPENED:c-1,f-1,i0, conf=-1: [8a63e1ae-032e-4bed-9f20-125a11f65413:0.0.0.0:38685, 8f18dce1-0a3d-4b65-9c78-af3d58b2da7f:0.0.0.0:42489, 7b1e61a0-7daf-43dd-99d5-9b325c1d31ae:0.0.0.0:38412], old=null
2019-10-20 17:41:40,202 [8f18dce1-0a3d-4b65-9c78-af3d58b2da7f@group-091950D56227-LeaderElection674] INFO  impl.RaftServerImpl (RaftServerImpl.java:setRole(184)) - 8f18dce1-0a3d-4b65-9c78-af3d58b2da7f@group-091950D56227: changes role from CANDIDATE to FOLLOWER at term 793 for DISCOVERED_A_NEW_TERM
2019-10-20 17:41:40,203 [8f18dce1-0a3d-4b65-9c78-af3d58b2da7f@group-091950D56227-LeaderElection674] INFO  impl.RoleInfo (RoleInfo.java:shutdownLeaderElection(134)) - 8f18dce1-0a3d-4b65-9c78-af3d58b2da7f: shutdown LeaderElection
2019-10-20 17:41:40,203 [8f18dce1-0a3d-4b65-9c78-af3d58b2da7f@group-091950D56227-LeaderElection674] INFO  impl.RoleInfo (RoleInfo.java:updateAndGet(143)) - 8f18dce1-0a3d-4b65-9c78-af3d58b2da7f: start FollowerState
2019-10-20 17:41:40,329 [Thread-4779] INFO  impl.FollowerState (FollowerState.java:run(108)) - 8f18dce1-0a3d-4b65-9c78-af3d58b2da7f@group-091950D56227-FollowerState: change to CANDIDATE, lastRpcTime:126ms, electionTimeout:126ms
2019-10-20 17:41:40,329 [Thread-4779] INFO  impl.RoleInfo (RoleInfo.java:shutdownFollowerState(121)) - 8f18dce1-0a3d-4b65-9c78-af3d58b2da7f: shutdown FollowerState
2019-10-20 17:41:40,329 [Thread-4779] INFO  impl.RaftServerImpl (RaftServerImpl.java:setRole(184)) - 8f18dce1-0a3d-4b65-9c78-af3d58b2da7f@group-091950D56227: changes role from  FOLLOWER to CANDIDATE at term 793 for changeToCandidate
2019-10-20 17:41:40,329 [Thread-4779] INFO  impl.RoleInfo (RoleInfo.java:updateAndGet(143)) - 8f18dce1-0a3d-4b65-9c78-af3d58b2da7f: start LeaderElection
2019-10-20 17:41:40,352 [8f18dce1-0a3d-4b65-9c78-af3d58b2da7f@group-091950D56227-LeaderElection675] INFO  impl.LeaderElection (LeaderElection.java:askForVotes(178)) - 8f18dce1-0a3d-4b65-9c78-af3d58b2da7f@group-091950D56227-LeaderElection675: begin an election at term 794 for -1: [8a63e1ae-032e-4bed-9f20-125a11f65413:0.0.0.0:38685, 8f18dce1-0a3d-4b65-9c78-af3d58b2da7f:0.0.0.0:42489, 7b1e61a0-7daf-43dd-99d5-9b325c1d31ae:0.0.0.0:38412], old=null
2019-10-20 17:41:40,353 [grpc-default-executor-1] INFO  impl.RaftServerImpl (RaftServerImpl.java:setRole(184)) - 8a63e1ae-032e-4bed-9f20-125a11f65413@group-091950D56227: changes role from  FOLLOWER to FOLLOWER at term 794 for recognizeCandidate:8f18dce1-0a3d-4b65-9c78-af3d58b2da7f
2019-10-20 17:41:40,353 [grpc-default-executor-3] INFO  impl.RaftServerImpl (RaftServerImpl.java:setRole(184)) - 7b1e61a0-7daf-43dd-99d5-9b325c1d31ae@group-091950D56227: changes role from  FOLLOWER to FOLLOWER at term 794 for recognizeCandidate:8f18dce1-0a3d-4b65-9c78-af3d58b2da7f
2019-10-20 17:41:40,353 [grpc-default-executor-1] INFO  impl.RoleInfo (RoleInfo.java:shutdownFollowerState(121)) - 8a63e1ae-032e-4bed-9f20-125a11f65413: shutdown FollowerState
2019-10-20 17:41:40,354 [grpc-default-executor-3] INFO  impl.RoleInfo (RoleInfo.java:shutdownFollowerState(121)) - 7b1e61a0-7daf-43dd-99d5-9b325c1d31ae: shutdown FollowerState
2019-10-20 17:41:40,354 [Thread-4777] INFO  impl.FollowerState (FollowerState.java:run(117)) - 8a63e1ae-032e-4bed-9f20-125a11f65413@group-091950D56227-FollowerState was interrupted: java.lang.InterruptedException: sleep interrupted
2019-10-20 17:41:40,354 [grpc-default-executor-1] INFO  impl.RoleInfo (RoleInfo.java:updateAndGet(143)) - 8a63e1ae-032e-4bed-9f20-125a11f65413: start FollowerState
2019-10-20 17:41:40,354 [Thread-4778] INFO  impl.FollowerState (FollowerState.java:run(117)) - 7b1e61a0-7daf-43dd-99d5-9b325c1d31ae@group-091950D56227-FollowerState was interrupted: java.lang.InterruptedException: sleep interrupted
2019-10-20 17:41:40,354 [grpc-default-executor-3] INFO  impl.RoleInfo (RoleInfo.java:updateAndGet(143)) - 7b1e61a0-7daf-43dd-99d5-9b325c1d31ae: start FollowerState
2019-10-20 17:41:40,430 [8f18dce1-0a3d-4b65-9c78-af3d58b2da7f@group-091950D56227-LeaderElection675] INFO  impl.LeaderElection (LeaderElection.java:logAndReturn(56)) - 8f18dce1-0a3d-4b65-9c78-af3d58b2da7f@group-091950D56227-LeaderElection675: Election REJECTED; received 2 response(s) [8f18dce1-0a3d-4b65-9c78-af3d58b2da7f<-8a63e1ae-032e-4bed-9f20-125a11f65413#0:FAIL-t794, 8f18dce1-0a3d-4b65-9c78-af3d58b2da7f<-7b1e61a0-7daf-43dd-99d5-9b325c1d31ae#0:FAIL-t794] and 0 exception(s); 8f18dce1-0a3d-4b65-9c78-af3d58b2da7f@group-091950D56227:t794, leader=null, voted=8f18dce1-0a3d-4b65-9c78-af3d58b2da7f, raftlog=8f18dce1-0a3d-4b65-9c78-af3d58b2da7f@group-091950D56227-SegmentedRaftLog:OPENED:c-1,f-1,i0, conf=-1: [8a63e1ae-032e-4bed-9f20-125a11f65413:0.0.0.0:38685, 8f18dce1-0a3d-4b65-9c78-af3d58b2da7f:0.0.0.0:42489, 7b1e61a0-7daf-43dd-99d5-9b325c1d31ae:0.0.0.0:38412], old=null
2019-10-20 17:41:40,430 [8f18dce1-0a3d-4b65-9c78-af3d58b2da7f@group-091950D56227-LeaderElection675] INFO  impl.RaftServerImpl (RaftServerImpl.java:setRole(184)) - 8f18dce1-0a3d-4b65-9c78-af3d58b2da7f@group-091950D56227: changes role from CANDIDATE to FOLLOWER at term 794 for DISCOVERED_A_NEW_TERM
2019-10-20 17:41:40,430 [8f18dce1-0a3d-4b65-9c78-af3d58b2da7f@group-091950D56227-LeaderElection675] INFO  impl.RoleInfo (RoleInfo.java:shutdownLeaderElection(134)) - 8f18dce1-0a3d-4b65-9c78-af3d58b2da7f: shutdown LeaderElection
2019-10-20 17:41:40,430 [8f18dce1-0a3d-4b65-9c78-af3d58b2da7f@group-091950D56227-LeaderElection675] INFO  impl.RoleInfo (RoleInfo.java:updateAndGet(143)) - 8f18dce1-0a3d-4b65-9c78-af3d58b2da7f: start FollowerState
2019-10-20 17:41:40,595 [Thread-4785] INFO  impl.FollowerState (FollowerState.java:run(108)) - 8f18dce1-0a3d-4b65-9c78-af3d58b2da7f@group-091950D56227-FollowerState: change to CANDIDATE, lastRpcTime:164ms, electionTimeout:164ms
2019-10-20 17:41:40,595 [Thread-4785] INFO  impl.RoleInfo (RoleInfo.java:shutdownFollowerState(121)) - 8f18dce1-0a3d-4b65-9c78-af3d58b2da7f: shutdown FollowerState
2019-10-20 17:41:40,595 [Thread-4785] INFO  impl.RaftServerImpl (RaftServerImpl.java:setRole(184)) - 8f18dce1-0a3d-4b65-9c78-af3d58b2da7f@group-091950D56227: changes role from  FOLLOWER to CANDIDATE at term 794 for changeToCandidate
2019-10-20 17:41:40,595 [Thread-4785] INFO  impl.RoleInfo (RoleInfo.java:updateAndGet(143)) - 8f18dce1-0a3d-4b65-9c78-af3d58b2da7f: start LeaderElection
2019-10-20 17:41:40,620 [8f18dce1-0a3d-4b65-9c78-af3d58b2da7f@group-091950D56227-LeaderElection676] INFO  impl.LeaderElection (LeaderElection.java:askForVotes(178)) - 8f18dce1-0a3d-4b65-9c78-af3d58b2da7f@group-091950D56227-LeaderElection676: begin an election at term 795 for -1: [8a63e1ae-032e-4bed-9f20-125a11f65413:0.0.0.0:38685, 8f18dce1-0a3d-4b65-9c78-af3d58b2da7f:0.0.0.0:42489, 7b1e61a0-7daf-43dd-99d5-9b325c1d31ae:0.0.0.0:38412], old=null
2019-10-20 17:41:40,622 [grpc-default-executor-3] INFO  impl.RaftServerImpl (RaftServerImpl.java:setRole(184)) - 8a63e1ae-032e-4bed-9f20-125a11f65413@group-091950D56227: changes role from  FOLLOWER to FOLLOWER at term 795 for recognizeCandidate:8f18dce1-0a3d-4b65-9c78-af3d58b2da7f
2019-10-20 17:41:40,622 [grpc-default-executor-3] INFO  impl.RoleInfo (RoleInfo.java:shutdownFollowerState(121)) - 8a63e1ae-032e-4bed-9f20-125a11f65413: shutdown FollowerState
2019-10-20 17:41:40,622 [grpc-default-executor-1] INFO  impl.RaftServerImpl (RaftServerImpl.java:setRole(184)) - 7b1e61a0-7daf-43dd-99d5-9b325c1d31ae@group-091950D56227: changes role from  FOLLOWER to FOLLOWER at term 795 for recognizeCandidate:8f18dce1-0a3d-4b65-9c78-af3d58b2da7f
2019-10-20 17:41:40,623 [grpc-default-executor-1] INFO  impl.RoleInfo (RoleInfo.java:shutdownFollowerState(121)) - 7b1e61a0-7daf-43dd-99d5-9b325c1d31ae: shutdown FollowerState
2019-10-20 17:41:40,623 [Thread-4783] INFO  impl.FollowerState (FollowerState.java:run(117)) - 8a63e1ae-032e-4bed-9f20-125a11f65413@group-091950D56227-FollowerState was interrupted: java.lang.InterruptedException: sleep interrupted
2019-10-20 17:41:40,622 [grpc-default-executor-3] INFO  impl.RoleInfo (RoleInfo.java:updateAndGet(143)) - 8a63e1ae-032e-4bed-9f20-125a11f65413: start FollowerState
2019-10-20 17:41:40,623 [Thread-4784] INFO  impl.FollowerState (FollowerState.java:run(117)) - 7b1e61a0-7daf-43dd-99d5-9b325c1d31ae@group-091950D56227-FollowerState was interrupted: java.lang.InterruptedException: sleep interrupted
2019-10-20 17:41:40,623 [grpc-default-executor-1] INFO  impl.RoleInfo (RoleInfo.java:updateAndGet(143)) - 7b1e61a0-7daf-43dd-99d5-9b325c1d31ae: start FollowerState
2019-10-20 17:41:40,647 [8f18dce1-0a3d-4b65-9c78-af3d58b2da7f@group-091950D56227-LeaderElection676] INFO  impl.LeaderElection (LeaderElection.java:logAndReturn(56)) - 8f18dce1-0a3d-4b65-9c78-af3d58b2da7f@group-091950D56227-LeaderElection676: Election REJECTED; received 2 response(s) [8f18dce1-0a3d-4b65-9c78-af3d58b2da7f<-8a63e1ae-032e-4bed-9f20-125a11f65413#0:FAIL-t795, 8f18dce1-0a3d-4b65-9c78-af3d58b2da7f<-7b1e61a0-7daf-43dd-99d5-9b325c1d31ae#0:FAIL-t795] and 0 exception(s); 8f18dce1-0a3d-4b65-9c78-af3d58b2da7f@group-091950D56227:t795, leader=null, voted=8f18dce1-0a3d-4b65-9c78-af3d58b2da7f, raftlog=8f18dce1-0a3d-4b65-9c78-af3d58b2da7f@group-091950D56227-SegmentedRaftLog:OPENED:c-1,f-1,i0, conf=-1: [8a63e1ae-032e-4bed-9f20-125a11f65413:0.0.0.0:38685, 8f18dce1-0a3d-4b65-9c78-af3d58b2da7f:0.0.0.0:42489, 7b1e61a0-7daf-43dd-99d5-9b325c1d31ae:0.0.0.0:38412], old=null
2019-10-20 17:41:40,648 [8f18dce1-0a3d-4b65-9c78-af3d58b2da7f@group-091950D56227-LeaderElection676] INFO  impl.RaftServerImpl (RaftServerImpl.java:setRole(184)) - 8f18dce1-0a3d-4b65-9c78-af3d58b2da7f@group-091950D56227: changes role from CANDIDATE to FOLLOWER at term 795 for DISCOVERED_A_NEW_TERM
2019-10-20 17:41:40,648 [8f18dce1-0a3d-4b65-9c78-af3d58b2da7f@group-091950D56227-LeaderElection676] INFO  impl.RoleInfo (RoleInfo.java:shutdownLeaderElection(134)) - 8f18dce1-0a3d-4b65-9c78-af3d58b2da7f: shutdown LeaderElection
2019-10-20 17:41:40,648 [8f18dce1-0a3d-4b65-9c78-af3d58b2da7f@group-091950D56227-LeaderElection676] INFO  impl.RoleInfo (RoleInfo.java:updateAndGet(143)) - 8f18dce1-0a3d-4b65-9c78-af3d58b2da7f: start FollowerState
2019-10-20 17:41:40,832 [Thread-4791] INFO  impl.FollowerState (FollowerState.java:run(108)) - 8f18dce1-0a3d-4b65-9c78-af3d58b2da7f@group-091950D56227-FollowerState: change to CANDIDATE, lastRpcTime:184ms, electionTimeout:184ms
2019-10-20 17:41:40,833 [Thread-4791] INFO  impl.RoleInfo (RoleInfo.java:shutdownFollowerState(121)) - 8f18dce1-0a3d-4b65-9c78-af3d58b2da7f: shutdown FollowerState
2019-10-20 17:41:40,833 [Thread-4791] INFO  impl.RaftServerImpl (RaftServerImpl.java:setRole(184)) - 8f18dce1-0a3d-4b65-9c78-af3d58b2da7f@group-091950D56227: changes role from  FOLLOWER to CANDIDATE at term 795 for changeToCandidate
2019-10-20 17:41:40,833 [Thread-4791] INFO  impl.RoleInfo (RoleInfo.java:updateAndGet(143)) - 8f18dce1-0a3d-4b65-9c78-af3d58b2da7f: start LeaderElection
2019-10-20 17:41:40,878 [8f18dce1-0a3d-4b65-9c78-af3d58b2da7f@group-091950D56227-LeaderElection677] INFO  impl.LeaderElection (LeaderElection.java:askForVotes(178)) - 8f18dce1-0a3d-4b65-9c78-af3d58b2da7f@group-091950D56227-LeaderElection677: begin an election at term 796 for -1: [8a63e1ae-032e-4bed-9f20-125a11f65413:0.0.0.0:38685, 8f18dce1-0a3d-4b65-9c78-af3d58b2da7f:0.0.0.0:42489, 7b1e61a0-7daf-43dd-99d5-9b325c1d31ae:0.0.0.0:38412], old=null
2019-10-20 17:41:40,879 [grpc-default-executor-1] INFO  impl.RaftServerImpl (RaftServerImpl.java:setRole(184)) - 8a63e1ae-032e-4bed-9f20-125a11f65413@group-091950D56227: changes role from  FOLLOWER to FOLLOWER at term 796 for recognizeCandidate:8f18dce1-0a3d-4b65-9c78-af3d58b2da7f
2019-10-20 17:41:40,880 [grpc-default-executor-1] INFO  impl.RoleInfo (RoleInfo.java:shutdownFollowerState(121)) - 8a63e1ae-032e-4bed-9f20-125a11f65413: shutdown FollowerState
2019-10-20 17:41:40,879 [grpc-default-executor-3] INFO  impl.RaftServerImpl (RaftServerImpl.java:setRole(184)) - 7b1e61a0-7daf-43dd-99d5-9b325c1d31ae@group-091950D56227: changes role from  FOLLOWER to FOLLOWER at term 796 for recognizeCandidate:8f18dce1-0a3d-4b65-9c78-af3d58b2da7f
2019-10-20 17:41:40,880 [grpc-default-executor-3] INFO  impl.RoleInfo (RoleInfo.java:shutdownFollowerState(121)) - 7b1e61a0-7daf-43dd-99d5-9b325c1d31ae: shutdown FollowerState
2019-10-20 17:41:40,880 [Thread-4789] INFO  impl.FollowerState (FollowerState.java:run(117)) - 8a63e1ae-032e-4bed-9f20-125a11f65413@group-091950D56227-FollowerState was interrupted: java.lang.InterruptedException: sleep interrupted
2019-10-20 17:41:40,880 [grpc-default-executor-1] INFO  impl.RoleInfo (RoleInfo.java:updateAndGet(143)) - 8a63e1ae-032e-4bed-9f20-125a11f65413: start FollowerState
2019-10-20 17:41:40,880 [Thread-4790] INFO  impl.FollowerState (FollowerState.java:run(117)) - 7b1e61a0-7daf-43dd-99d5-9b325c1d31ae@group-091950D56227-FollowerState was interrupted: java.lang.InterruptedException: sleep interrupted
2019-10-20 17:41:40,880 [grpc-default-executor-3] INFO  impl.RoleInfo (RoleInfo.java:updateAndGet(143)) - 7b1e61a0-7daf-43dd-99d5-9b325c1d31ae: start FollowerState
2019-10-20 17:41:40,893 [8f18dce1-0a3d-4b65-9c78-af3d58b2da7f@group-091950D56227-LeaderElection677] INFO  impl.LeaderElection (LeaderElection.java:logAndReturn(56)) - 8f18dce1-0a3d-4b65-9c78-af3d58b2da7f@group-091950D56227-LeaderElection677: Election TIMEOUT; received 0 response(s) [] and 0 exception(s); 8f18dce1-0a3d-4b65-9c78-af3d58b2da7f@group-091950D56227:t796, leader=null, voted=8f18dce1-0a3d-4b65-9c78-af3d58b2da7f, raftlog=8f18dce1-0a3d-4b65-9c78-af3d58b2da7f@group-091950D56227-SegmentedRaftLog:OPENED:c-1,f-1,i0, conf=-1: [8a63e1ae-032e-4bed-9f20-125a11f65413:0.0.0.0:38685, 8f18dce1-0a3d-4b65-9c78-af3d58b2da7f:0.0.0.0:42489, 7b1e61a0-7daf-43dd-99d5-9b325c1d31ae:0.0.0.0:38412], old=null
2019-10-20 17:41:40,934 [8f18dce1-0a3d-4b65-9c78-af3d58b2da7f@group-091950D56227-LeaderElection677] INFO  impl.LeaderElection (LeaderElection.java:askForVotes(178)) - 8f18dce1-0a3d-4b65-9c78-af3d58b2da7f@group-091950D56227-LeaderElection677: begin an election at term 797 for -1: [8a63e1ae-032e-4bed-9f20-125a11f65413:0.0.0.0:38685, 8f18dce1-0a3d-4b65-9c78-af3d58b2da7f:0.0.0.0:42489, 7b1e61a0-7daf-43dd-99d5-9b325c1d31ae:0.0.0.0:38412], old=null
2019-10-20 17:41:40,936 [grpc-default-executor-2] INFO  impl.RaftServerImpl (RaftServerImpl.java:setRole(184)) - 7b1e61a0-7daf-43dd-99d5-9b325c1d31ae@group-091950D56227: changes role from  FOLLOWER to FOLLOWER at term 797 for recognizeCandidate:8f18dce1-0a3d-4b65-9c78-af3d58b2da7f
2019-10-20 17:41:40,937 [grpc-default-executor-2] INFO  impl.RoleInfo (RoleInfo.java:shutdownFollowerState(121)) - 7b1e61a0-7daf-43dd-99d5-9b325c1d31ae: shutdown FollowerState
2019-10-20 17:41:40,936 [grpc-default-executor-0] INFO  impl.RaftServerImpl (RaftServerImpl.java:setRole(184)) - 8a63e1ae-032e-4bed-9f20-125a11f65413@group-091950D56227: changes role from  FOLLOWER to FOLLOWER at term 797 for recognizeCandidate:8f18dce1-0a3d-4b65-9c78-af3d58b2da7f
2019-10-20 17:41:40,937 [grpc-default-executor-0] INFO  impl.RoleInfo (RoleInfo.java:shutdownFollowerState(121)) - 8a63e1ae-032e-4bed-9f20-125a11f65413: shutdown FollowerState
2019-10-20 17:41:40,937 [Thread-4798] INFO  impl.FollowerState (FollowerState.java:run(117)) - 7b1e61a0-7daf-43dd-99d5-9b325c1d31ae@group-091950D56227-FollowerState was interrupted: java.lang.InterruptedException: sleep interrupted
2019-10-20 17:41:40,937 [grpc-default-executor-2] INFO  impl.RoleInfo (RoleInfo.java:updateAndGet(143)) - 7b1e61a0-7daf-43dd-99d5-9b325c1d31ae: start FollowerState
2019-10-20 17:41:40,937 [Thread-4797] INFO  impl.FollowerState (FollowerState.java:run(117)) - 8a63e1ae-032e-4bed-9f20-125a11f65413@group-091950D56227-FollowerState was interrupted: java.lang.InterruptedException: sleep interrupted
2019-10-20 17:41:40,937 [grpc-default-executor-0] INFO  impl.RoleInfo (RoleInfo.java:updateAndGet(143)) - 8a63e1ae-032e-4bed-9f20-125a11f65413: start FollowerState
2019-10-20 17:41:40,961 [8f18dce1-0a3d-4b65-9c78-af3d58b2da7f@group-091950D56227-LeaderElection677] INFO  impl.LeaderElection (LeaderElection.java:logAndReturn(56)) - 8f18dce1-0a3d-4b65-9c78-af3d58b2da7f@group-091950D56227-LeaderElection677: Election REJECTED; received 2 response(s) [8f18dce1-0a3d-4b65-9c78-af3d58b2da7f<-8a63e1ae-032e-4bed-9f20-125a11f65413#0:FAIL-t797, 8f18dce1-0a3d-4b65-9c78-af3d58b2da7f<-7b1e61a0-7daf-43dd-99d5-9b325c1d31ae#0:FAIL-t797] and 0 exception(s); 8f18dce1-0a3d-4b65-9c78-af3d58b2da7f@group-091950D56227:t797, leader=null, voted=8f18dce1-0a3d-4b65-9c78-af3d58b2da7f, raftlog=8f18dce1-0a3d-4b65-9c78-af3d58b2da7f@group-091950D56227-SegmentedRaftLog:OPENED:c-1,f-1,i0, conf=-1: [8a63e1ae-032e-4bed-9f20-125a11f65413:0.0.0.0:38685, 8f18dce1-0a3d-4b65-9c78-af3d58b2da7f:0.0.0.0:42489, 7b1e61a0-7daf-43dd-99d5-9b325c1d31ae:0.0.0.0:38412], old=null
2019-10-20 17:41:40,961 [8f18dce1-0a3d-4b65-9c78-af3d58b2da7f@group-091950D56227-LeaderElection677] INFO  impl.RaftServerImpl (RaftServerImpl.java:setRole(184)) - 8f18dce1-0a3d-4b65-9c78-af3d58b2da7f@group-091950D56227: changes role from CANDIDATE to FOLLOWER at term 797 for DISCOVERED_A_NEW_TERM
2019-10-20 17:41:40,962 [8f18dce1-0a3d-4b65-9c78-af3d58b2da7f@group-091950D56227-LeaderElection677] INFO  impl.RoleInfo (RoleInfo.java:shutdownLeaderElection(134)) - 8f18dce1-0a3d-4b65-9c78-af3d58b2da7f: shutdown LeaderElection
2019-10-20 17:41:40,962 [8f18dce1-0a3d-4b65-9c78-af3d58b2da7f@group-091950D56227-LeaderElection677] INFO  impl.RoleInfo (RoleInfo.java:updateAndGet(143)) - 8f18dce1-0a3d-4b65-9c78-af3d58b2da7f: start FollowerState
2019-10-20 17:41:41,040 [Thread-4803] INFO  impl.FollowerState (FollowerState.java:run(108)) - 8f18dce1-0a3d-4b65-9c78-af3d58b2da7f@group-091950D56227-FollowerState: change to CANDIDATE, lastRpcTime:78ms, electionTimeout:78ms
2019-10-20 17:41:41,040 [Thread-4803] INFO  impl.RoleInfo (RoleInfo.java:shutdownFollowerState(121)) - 8f18dce1-0a3d-4b65-9c78-af3d58b2da7f: shutdown FollowerState
2019-10-20 17:41:41,040 [Thread-4803] INFO  impl.RaftServerImpl (RaftServerImpl.java:setRole(184)) - 8f18dce1-0a3d-4b65-9c78-af3d58b2da7f@group-091950D56227: changes role from  FOLLOWER to CANDIDATE at term 797 for changeToCandidate
2019-10-20 17:41:41,040 [Thread-4803] INFO  impl.RoleInfo (RoleInfo.java:updateAndGet(143)) - 8f18dce1-0a3d-4b65-9c78-af3d58b2da7f: start LeaderElection
2019-10-20 17:41:41,064 [8f18dce1-0a3d-4b65-9c78-af3d58b2da7f@group-091950D56227-LeaderElection678] INFO  impl.LeaderElection (LeaderElection.java:askForVotes(178)) - 8f18dce1-0a3d-4b65-9c78-af3d58b2da7f@group-091950D56227-LeaderElection678: begin an election at term 798 for -1: [8a63e1ae-032e-4bed-9f20-125a11f65413:0.0.0.0:38685, 8f18dce1-0a3d-4b65-9c78-af3d58b2da7f:0.0.0.0:42489, 7b1e61a0-7daf-43dd-99d5-9b325c1d31ae:0.0.0.0:38412], old=null
2019-10-20 17:41:41,066 [grpc-default-executor-0] INFO  impl.RaftServerImpl (RaftServerImpl.java:setRole(184)) - 8a63e1ae-032e-4bed-9f20-125a11f65413@group-091950D56227: changes role from  FOLLOWER to FOLLOWER at term 798 for recognizeCandidate:8f18dce1-0a3d-4b65-9c78-af3d58b2da7f
2019-10-20 17:41:41,066 [grpc-default-executor-0] INFO  impl.RoleInfo (RoleInfo.java:shutdownFollowerState(121)) - 8a63e1ae-032e-4bed-9f20-125a11f65413: shutdown FollowerState
2019-10-20 17:41:41,066 [grpc-default-executor-2] INFO  impl.RaftServerImpl (RaftServerImpl.java:setRole(184)) - 7b1e61a0-7daf-43dd-99d5-9b325c1d31ae@group-091950D56227: changes role from  FOLLOWER to FOLLOWER at term 798 for recognizeCandidate:8f18dce1-0a3d-4b65-9c78-af3d58b2da7f
2019-10-20 17:41:41,066 [grpc-default-executor-2] INFO  impl.RoleInfo (RoleInfo.java:shutdownFollowerState(121)) - 7b1e61a0-7daf-43dd-99d5-9b325c1d31ae: shutdown FollowerState
2019-10-20 17:41:41,066 [Thread-4802] INFO  impl.FollowerState (FollowerState.java:run(117)) - 8a63e1ae-032e-4bed-9f20-125a11f65413@group-091950D56227-FollowerState was interrupted: java.lang.InterruptedException: sleep interrupted
2019-10-20 17:41:41,066 [Thread-4801] INFO  impl.FollowerState (FollowerState.java:run(117)) - 7b1e61a0-7daf-43dd-99d5-9b325c1d31ae@group-091950D56227-FollowerState was interrupted: java.lang.InterruptedException: sleep interrupted
2019-10-20 17:41:41,066 [grpc-default-executor-0] INFO  impl.RoleInfo (RoleInfo.java:updateAndGet(143)) - 8a63e1ae-032e-4bed-9f20-125a11f65413: start FollowerState
2019-10-20 17:41:41,066 [grpc-default-executor-2] INFO  impl.RoleInfo (RoleInfo.java:updateAndGet(143)) - 7b1e61a0-7daf-43dd-99d5-9b325c1d31ae: start FollowerState
2019-10-20 17:41:41,090 [8f18dce1-0a3d-4b65-9c78-af3d58b2da7f@group-091950D56227-LeaderElection678] INFO  impl.LeaderElection (LeaderElection.java:logAndReturn(56)) - 8f18dce1-0a3d-4b65-9c78-af3d58b2da7f@group-091950D56227-LeaderElection678: Election REJECTED; received 2 response(s) [8f18dce1-0a3d-4b65-9c78-af3d58b2da7f<-8a63e1ae-032e-4bed-9f20-125a11f65413#0:FAIL-t798, 8f18dce1-0a3d-4b65-9c78-af3d58b2da7f<-7b1e61a0-7daf-43dd-99d5-9b325c1d31ae#0:FAIL-t798] and 0 exception(s); 8f18dce1-0a3d-4b65-9c78-af3d58b2da7f@group-091950D56227:t798, leader=null, voted=8f18dce1-0a3d-4b65-9c78-af3d58b2da7f, raftlog=8f18dce1-0a3d-4b65-9c78-af3d58b2da7f@group-091950D56227-SegmentedRaftLog:OPENED:c-1,f-1,i0, conf=-1: [8a63e1ae-032e-4bed-9f20-125a11f65413:0.0.0.0:38685, 8f18dce1-0a3d-4b65-9c78-af3d58b2da7f:0.0.0.0:42489, 7b1e61a0-7daf-43dd-99d5-9b325c1d31ae:0.0.0.0:38412], old=null
2019-10-20 17:41:41,090 [8f18dce1-0a3d-4b65-9c78-af3d58b2da7f@group-091950D56227-LeaderElection678] INFO  impl.RaftServerImpl (RaftServerImpl.java:setRole(184)) - 8f18dce1-0a3d-4b65-9c78-af3d58b2da7f@group-091950D56227: changes role from CANDIDATE to FOLLOWER at term 798 for DISCOVERED_A_NEW_TERM
2019-10-20 17:41:41,091 [8f18dce1-0a3d-4b65-9c78-af3d58b2da7f@group-091950D56227-LeaderElection678] INFO  impl.RoleInfo (RoleInfo.java:shutdownLeaderElection(134)) - 8f18dce1-0a3d-4b65-9c78-af3d58b2da7f: shutdown LeaderElection
2019-10-20 17:41:41,091 [8f18dce1-0a3d-4b65-9c78-af3d58b2da7f@group-091950D56227-LeaderElection678] INFO  impl.RoleInfo (RoleInfo.java:updateAndGet(143)) - 8f18dce1-0a3d-4b65-9c78-af3d58b2da7f: start FollowerState
2019-10-20 17:41:41,156 [Thread-4809] INFO  impl.FollowerState (FollowerState.java:run(108)) - 8f18dce1-0a3d-4b65-9c78-af3d58b2da7f@group-091950D56227-FollowerState: change to CANDIDATE, lastRpcTime:65ms, electionTimeout:65ms
2019-10-20 17:41:41,156 [Thread-4809] INFO  impl.RoleInfo (RoleInfo.java:shutdownFollowerState(121)) - 8f18dce1-0a3d-4b65-9c78-af3d58b2da7f: shutdown FollowerState
2019-10-20 17:41:41,156 [Thread-4809] INFO  impl.RaftServerImpl (RaftServerImpl.java:setRole(184)) - 8f18dce1-0a3d-4b65-9c78-af3d58b2da7f@group-091950D56227: changes role from  FOLLOWER to CANDIDATE at term 798 for changeToCandidate
2019-10-20 17:41:41,156 [Thread-4809] INFO  impl.RoleInfo (RoleInfo.java:updateAndGet(143)) - 8f18dce1-0a3d-4b65-9c78-af3d58b2da7f: start LeaderElection
2019-10-20 17:41:41,186 [8f18dce1-0a3d-4b65-9c78-af3d58b2da7f@group-091950D56227-LeaderElection679] INFO  impl.LeaderElection (LeaderElection.java:askForVotes(178)) - 8f18dce1-0a3d-4b65-9c78-af3d58b2da7f@group-091950D56227-LeaderElection679: begin an election at term 799 for -1: [8a63e1ae-032e-4bed-9f20-125a11f65413:0.0.0.0:38685, 8f18dce1-0a3d-4b65-9c78-af3d58b2da7f:0.0.0.0:42489, 7b1e61a0-7daf-43dd-99d5-9b325c1d31ae:0.0.0.0:38412], old=null
2019-10-20 17:41:41,187 [grpc-default-executor-0] INFO  impl.RaftServerImpl (RaftServerImpl.java:setRole(184)) - 7b1e61a0-7daf-43dd-99d5-9b325c1d31ae@group-091950D56227: changes role from  FOLLOWER to FOLLOWER at term 799 for recognizeCandidate:8f18dce1-0a3d-4b65-9c78-af3d58b2da7f
2019-10-20 17:41:41,187 [grpc-default-executor-0] INFO  impl.RoleInfo (RoleInfo.java:shutdownFollowerState(121)) - 7b1e61a0-7daf-43dd-99d5-9b325c1d31ae: shutdown FollowerState
2019-10-20 17:41:41,187 [grpc-default-executor-2] INFO  impl.RaftServerImpl (RaftServerImpl.java:setRole(184)) - 8a63e1ae-032e-4bed-9f20-125a11f65413@group-091950D56227: changes role from  FOLLOWER to FOLLOWER at term 799 for recognizeCandidate:8f18dce1-0a3d-4b65-9c78-af3d58b2da7f
2019-10-20 17:41:41,188 [grpc-default-executor-2] INFO  impl.RoleInfo (RoleInfo.java:shutdownFollowerState(121)) - 8a63e1ae-032e-4bed-9f20-125a11f65413: shutdown FollowerState
2019-10-20 17:41:41,188 [Thread-4808] INFO  impl.FollowerState (FollowerState.java:run(117)) - 7b1e61a0-7daf-43dd-99d5-9b325c1d31ae@group-091950D56227-FollowerState was interrupted: java.lang.InterruptedException: sleep interrupted
2019-10-20 17:41:41,188 [grpc-default-executor-0] INFO  impl.RoleInfo (RoleInfo.java:updateAndGet(143)) - 7b1e61a0-7daf-43dd-99d5-9b325c1d31ae: start FollowerState
2019-10-20 17:41:41,188 [Thread-4807] INFO  impl.FollowerState (FollowerState.java:run(117)) - 8a63e1ae-032e-4bed-9f20-125a11f65413@group-091950D56227-FollowerState was interrupted: java.lang.InterruptedException: sleep interrupted
2019-10-20 17:41:41,188 [grpc-default-executor-2] INFO  impl.RoleInfo (RoleInfo.java:updateAndGet(143)) - 8a63e1ae-032e-4bed-9f20-125a11f65413: start FollowerState
2019-10-20 17:41:41,226 [8f18dce1-0a3d-4b65-9c78-af3d58b2da7f@group-091950D56227-LeaderElection679] INFO  impl.LeaderElection (LeaderElection.java:logAndReturn(56)) - 8f18dce1-0a3d-4b65-9c78-af3d58b2da7f@group-091950D56227-LeaderElection679: Election REJECTED; received 2 response(s) [8f18dce1-0a3d-4b65-9c78-af3d58b2da7f<-8a63e1ae-032e-4bed-9f20-125a11f65413#0:FAIL-t799, 8f18dce1-0a3d-4b65-9c78-af3d58b2da7f<-7b1e61a0-7daf-43dd-99d5-9b325c1d31ae#0:FAIL-t799] and 0 exception(s); 8f18dce1-0a3d-4b65-9c78-af3d58b2da7f@group-091950D56227:t799, leader=null, voted=8f18dce1-0a3d-4b65-9c78-af3d58b2da7f, raftlog=8f18dce1-0a3d-4b65-9c78-af3d58b2da7f@group-091950D56227-SegmentedRaftLog:OPENED:c-1,f-1,i0, conf=-1: [8a63e1ae-032e-4bed-9f20-125a11f65413:0.0.0.0:38685, 8f18dce1-0a3d-4b65-9c78-af3d58b2da7f:0.0.0.0:42489, 7b1e61a0-7daf-43dd-99d5-9b325c1d31ae:0.0.0.0:38412], old=null
2019-10-20 17:41:41,226 [8f18dce1-0a3d-4b65-9c78-af3d58b2da7f@group-091950D56227-LeaderElection679] INFO  impl.RaftServerImpl (RaftServerImpl.java:setRole(184)) - 8f18dce1-0a3d-4b65-9c78-af3d58b2da7f@group-091950D56227: changes role from CANDIDATE to FOLLOWER at term 799 for DISCOVERED_A_NEW_TERM
2019-10-20 17:41:41,226 [8f18dce1-0a3d-4b65-9c78-af3d58b2da7f@group-091950D56227-LeaderElection679] INFO  impl.RoleInfo (RoleInfo.java:shutdownLeaderElection(134)) - 8f18dce1-0a3d-4b65-9c78-af3d58b2da7f: shutdown LeaderElection
2019-10-20 17:41:41,226 [8f18dce1-0a3d-4b65-9c78-af3d58b2da7f@group-091950D56227-LeaderElection679] INFO  impl.RoleInfo (RoleInfo.java:updateAndGet(143)) - 8f18dce1-0a3d-4b65-9c78-af3d58b2da7f: start FollowerState
2019-10-20 17:41:41,233 [Thread-4815] INFO  impl.FollowerState (FollowerState.java:run(108)) - 8f18dce1-0a3d-4b65-9c78-af3d58b2da7f@group-091950D56227-FollowerState: change to CANDIDATE, lastRpcTime:6ms, electionTimeout:6ms
2019-10-20 17:41:41,233 [Thread-4815] INFO  impl.RoleInfo (RoleInfo.java:shutdownFollowerState(121)) - 8f18dce1-0a3d-4b65-9c78-af3d58b2da7f: shutdown FollowerState
2019-10-20 17:41:41,233 [Thread-4815] INFO  impl.RaftServerImpl (RaftServerImpl.java:setRole(184)) - 8f18dce1-0a3d-4b65-9c78-af3d58b2da7f@group-091950D56227: changes role from  FOLLOWER to CANDIDATE at term 799 for changeToCandidate
2019-10-20 17:41:41,233 [Thread-4815] INFO  impl.RoleInfo (RoleInfo.java:updateAndGet(143)) - 8f18dce1-0a3d-4b65-9c78-af3d58b2da7f: start LeaderElection
2019-10-20 17:41:41,259 [8f18dce1-0a3d-4b65-9c78-af3d58b2da7f@group-091950D56227-LeaderElection680] INFO  impl.LeaderElection (LeaderElection.java:askForVotes(178)) - 8f18dce1-0a3d-4b65-9c78-af3d58b2da7f@group-091950D56227-LeaderElection680: begin an election at term 800 for -1: [8a63e1ae-032e-4bed-9f20-125a11f65413:0.0.0.0:38685, 8f18dce1-0a3d-4b65-9c78-af3d58b2da7f:0.0.0.0:42489, 7b1e61a0-7daf-43dd-99d5-9b325c1d31ae:0.0.0.0:38412], old=null
2019-10-20 17:41:41,260 [grpc-default-executor-2] INFO  impl.RaftServerImpl (RaftServerImpl.java:setRole(184)) - 8a63e1ae-032e-4bed-9f20-125a11f65413@group-091950D56227: changes role from  FOLLOWER to FOLLOWER at term 800 for recognizeCandidate:8f18dce1-0a3d-4b65-9c78-af3d58b2da7f
2019-10-20 17:41:41,260 [grpc-default-executor-0] INFO  impl.RaftServerImpl (RaftServerImpl.java:setRole(184)) - 7b1e61a0-7daf-43dd-99d5-9b325c1d31ae@group-091950D56227: changes role from  FOLLOWER to FOLLOWER at term 800 for recognizeCandidate:8f18dce1-0a3d-4b65-9c78-af3d58b2da7f
2019-10-20 17:41:41,260 [grpc-default-executor-0] INFO  impl.RoleInfo (RoleInfo.java:shutdownFollowerState(121)) - 7b1e61a0-7daf-43dd-99d5-9b325c1d31ae: shutdown FollowerState
2019-10-20 17:41:41,260 [grpc-default-executor-2] INFO  impl.RoleInfo (RoleInfo.java:shutdownFollowerState(121)) - 8a63e1ae-032e-4bed-9f20-125a11f65413: shutdown FollowerState
2019-10-20 17:41:41,260 [grpc-default-executor-0] INFO  impl.RoleInfo (RoleInfo.java:updateAndGet(143)) - 7b1e61a0-7daf-43dd-99d5-9b325c1d31ae: start FollowerState
2019-10-20 17:41:41,260 [Thread-4814] INFO  impl.FollowerState (FollowerState.java:run(117)) - 8a63e1ae-032e-4bed-9f20-125a11f65413@group-091950D56227-FollowerState was interrupted: java.lang.InterruptedException: sleep interrupted
2019-10-20 17:41:41,260 [Thread-4813] INFO  impl.FollowerState (FollowerState.java:run(117)) - 7b1e61a0-7daf-43dd-99d5-9b325c1d31ae@group-091950D56227-FollowerState was interrupted: java.lang.InterruptedException: sleep interrupted
2019-10-20 17:41:41,260 [grpc-default-executor-2] INFO  impl.RoleInfo (RoleInfo.java:updateAndGet(143)) - 8a63e1ae-032e-4bed-9f20-125a11f65413: start FollowerState
2019-10-20 17:41:41,285 [8f18dce1-0a3d-4b65-9c78-af3d58b2da7f@group-091950D56227-LeaderElection680] INFO  impl.LeaderElection (LeaderElection.java:logAndReturn(56)) - 8f18dce1-0a3d-4b65-9c78-af3d58b2da7f@group-091950D56227-LeaderElection680: Election REJECTED; received 2 response(s) [8f18dce1-0a3d-4b65-9c78-af3d58b2da7f<-8a63e1ae-032e-4bed-9f20-125a11f65413#0:FAIL-t800, 8f18dce1-0a3d-4b65-9c78-af3d58b2da7f<-7b1e61a0-7daf-43dd-99d5-9b325c1d31ae#0:FAIL-t800] and 0 exception(s); 8f18dce1-0a3d-4b65-9c78-af3d58b2da7f@group-091950D56227:t800, leader=null, voted=8f18dce1-0a3d-4b65-9c78-af3d58b2da7f, raftlog=8f18dce1-0a3d-4b65-9c78-af3d58b2da7f@group-091950D56227-SegmentedRaftLog:OPENED:c-1,f-1,i0, conf=-1: [8a63e1ae-032e-4bed-9f20-125a11f65413:0.0.0.0:38685, 8f18dce1-0a3d-4b65-9c78-af3d58b2da7f:0.0.0.0:42489, 7b1e61a0-7daf-43dd-99d5-9b325c1d31ae:0.0.0.0:38412], old=null
2019-10-20 17:41:41,285 [8f18dce1-0a3d-4b65-9c78-af3d58b2da7f@group-091950D56227-LeaderElection680] INFO  impl.RaftServerImpl (RaftServerImpl.java:setRole(184)) - 8f18dce1-0a3d-4b65-9c78-af3d58b2da7f@group-091950D56227: changes role from CANDIDATE to FOLLOWER at term 800 for DISCOVERED_A_NEW_TERM
2019-10-20 17:41:41,285 [8f18dce1-0a3d-4b65-9c78-af3d58b2da7f@group-091950D56227-LeaderElection680] INFO  impl.RoleInfo (RoleInfo.java:shutdownLeaderElection(134)) - 8f18dce1-0a3d-4b65-9c78-af3d58b2da7f: shutdown LeaderElection
2019-10-20 17:41:41,285 [8f18dce1-0a3d-4b65-9c78-af3d58b2da7f@group-091950D56227-LeaderElection680] INFO  impl.RoleInfo (RoleInfo.java:updateAndGet(143)) - 8f18dce1-0a3d-4b65-9c78-af3d58b2da7f: start FollowerState
2019-10-20 17:41:41,347 [Thread-4821] INFO  impl.FollowerState (FollowerState.java:run(108)) - 8f18dce1-0a3d-4b65-9c78-af3d58b2da7f@group-091950D56227-FollowerState: change to CANDIDATE, lastRpcTime:61ms, electionTimeout:61ms
2019-10-20 17:41:41,347 [Thread-4821] INFO  impl.RoleInfo (RoleInfo.java:shutdownFollowerState(121)) - 8f18dce1-0a3d-4b65-9c78-af3d58b2da7f: shutdown FollowerState
2019-10-20 17:41:41,347 [Thread-4821] INFO  impl.RaftServerImpl (RaftServerImpl.java:setRole(184)) - 8f18dce1-0a3d-4b65-9c78-af3d58b2da7f@group-091950D56227: changes role from  FOLLOWER to CANDIDATE at term 800 for changeToCandidate
2019-10-20 17:41:41,347 [Thread-4821] INFO  impl.RoleInfo (RoleInfo.java:updateAndGet(143)) - 8f18dce1-0a3d-4b65-9c78-af3d58b2da7f: start LeaderElection
2019-10-20 17:41:41,377 [8f18dce1-0a3d-4b65-9c78-af3d58b2da7f@group-091950D56227-LeaderElection681] INFO  impl.LeaderElection (LeaderElection.java:askForVotes(178)) - 8f18dce1-0a3d-4b65-9c78-af3d58b2da7f@group-091950D56227-LeaderElection681: begin an election at term 801 for -1: [8a63e1ae-032e-4bed-9f20-125a11f65413:0.0.0.0:38685, 8f18dce1-0a3d-4b65-9c78-af3d58b2da7f:0.0.0.0:42489, 7b1e61a0-7daf-43dd-99d5-9b325c1d31ae:0.0.0.0:38412], old=null
2019-10-20 17:41:41,378 [grpc-default-executor-2] INFO  impl.RaftServerImpl (RaftServerImpl.java:setRole(184)) - 8a63e1ae-032e-4bed-9f20-125a11f65413@group-091950D56227: changes role from  FOLLOWER to FOLLOWER at term 801 for recognizeCandidate:8f18dce1-0a3d-4b65-9c78-af3d58b2da7f
2019-10-20 17:41:41,378 [grpc-default-executor-2] INFO  impl.RoleInfo (RoleInfo.java:shutdownFollowerState(121)) - 8a63e1ae-032e-4bed-9f20-125a11f65413: shutdown FollowerState
2019-10-20 17:41:41,378 [grpc-default-executor-0] INFO  impl.RaftServerImpl (RaftServerImpl.java:setRole(184)) - 7b1e61a0-7daf-43dd-99d5-9b325c1d31ae@group-091950D56227: changes role from  FOLLOWER to FOLLOWER at term 801 for recognizeCandidate:8f18dce1-0a3d-4b65-9c78-af3d58b2da7f
2019-10-20 17:41:41,379 [grpc-default-executor-0] INFO  impl.RoleInfo (RoleInfo.java:shutdownFollowerState(121)) - 7b1e61a0-7daf-43dd-99d5-9b325c1d31ae: shutdown FollowerState
2019-10-20 17:41:41,379 [Thread-4820] INFO  impl.FollowerState (FollowerState.java:run(117)) - 8a63e1ae-032e-4bed-9f20-125a11f65413@group-091950D56227-FollowerState was interrupted: java.lang.InterruptedException: sleep interrupted
2019-10-20 17:41:41,379 [grpc-default-executor-2] INFO  impl.RoleInfo (RoleInfo.java:updateAndGet(143)) - 8a63e1ae-032e-4bed-9f20-125a11f65413: start FollowerState
2019-10-20 17:41:41,379 [Thread-4819] INFO  impl.FollowerState (FollowerState.java:run(117)) - 7b1e61a0-7daf-43dd-99d5-9b325c1d31ae@group-091950D56227-FollowerState was interrupted: java.lang.InterruptedException: sleep interrupted
2019-10-20 17:41:41,379 [grpc-default-executor-0] INFO  impl.RoleInfo (RoleInfo.java:updateAndGet(143)) - 7b1e61a0-7daf-43dd-99d5-9b325c1d31ae: start FollowerState
2019-10-20 17:41:41,403 [8f18dce1-0a3d-4b65-9c78-af3d58b2da7f@group-091950D56227-LeaderElection681] INFO  impl.LeaderElection (LeaderElection.java:logAndReturn(56)) - 8f18dce1-0a3d-4b65-9c78-af3d58b2da7f@group-091950D56227-LeaderElection681: Election REJECTED; received 2 response(s) [8f18dce1-0a3d-4b65-9c78-af3d58b2da7f<-8a63e1ae-032e-4bed-9f20-125a11f65413#0:FAIL-t801, 8f18dce1-0a3d-4b65-9c78-af3d58b2da7f<-7b1e61a0-7daf-43dd-99d5-9b325c1d31ae#0:FAIL-t801] and 0 exception(s); 8f18dce1-0a3d-4b65-9c78-af3d58b2da7f@group-091950D56227:t801, leader=null, voted=8f18dce1-0a3d-4b65-9c78-af3d58b2da7f, raftlog=8f18dce1-0a3d-4b65-9c78-af3d58b2da7f@group-091950D56227-SegmentedRaftLog:OPENED:c-1,f-1,i0, conf=-1: [8a63e1ae-032e-4bed-9f20-125a11f65413:0.0.0.0:38685, 8f18dce1-0a3d-4b65-9c78-af3d58b2da7f:0.0.0.0:42489, 7b1e61a0-7daf-43dd-99d5-9b325c1d31ae:0.0.0.0:38412], old=null
2019-10-20 17:41:41,403 [8f18dce1-0a3d-4b65-9c78-af3d58b2da7f@group-091950D56227-LeaderElection681] INFO  impl.RaftServerImpl (RaftServerImpl.java:setRole(184)) - 8f18dce1-0a3d-4b65-9c78-af3d58b2da7f@group-091950D56227: changes role from CANDIDATE to FOLLOWER at term 801 for DISCOVERED_A_NEW_TERM
2019-10-20 17:41:41,403 [8f18dce1-0a3d-4b65-9c78-af3d58b2da7f@group-091950D56227-LeaderElection681] INFO  impl.RoleInfo (RoleInfo.java:shutdownLeaderElection(134)) - 8f18dce1-0a3d-4b65-9c78-af3d58b2da7f: shutdown LeaderElection
2019-10-20 17:41:41,403 [8f18dce1-0a3d-4b65-9c78-af3d58b2da7f@group-091950D56227-LeaderElection681] INFO  impl.RoleInfo (RoleInfo.java:updateAndGet(143)) - 8f18dce1-0a3d-4b65-9c78-af3d58b2da7f: start FollowerState
2019-10-20 17:41:41,418 [Thread-4827] INFO  impl.FollowerState (FollowerState.java:run(108)) - 8f18dce1-0a3d-4b65-9c78-af3d58b2da7f@group-091950D56227-FollowerState: change to CANDIDATE, lastRpcTime:14ms, electionTimeout:14ms
2019-10-20 17:41:41,418 [Thread-4827] INFO  impl.RoleInfo (RoleInfo.java:shutdownFollowerState(121)) - 8f18dce1-0a3d-4b65-9c78-af3d58b2da7f: shutdown FollowerState
2019-10-20 17:41:41,418 [Thread-4827] INFO  impl.RaftServerImpl (RaftServerImpl.java:setRole(184)) - 8f18dce1-0a3d-4b65-9c78-af3d58b2da7f@group-091950D56227: changes role from  FOLLOWER to CANDIDATE at term 801 for changeToCandidate
2019-10-20 17:41:41,418 [Thread-4827] INFO  impl.RoleInfo (RoleInfo.java:updateAndGet(143)) - 8f18dce1-0a3d-4b65-9c78-af3d58b2da7f: start LeaderElection
2019-10-20 17:41:41,453 [8f18dce1-0a3d-4b65-9c78-af3d58b2da7f@group-091950D56227-LeaderElection682] INFO  impl.LeaderElection (LeaderElection.java:askForVotes(178)) - 8f18dce1-0a3d-4b65-9c78-af3d58b2da7f@group-091950D56227-LeaderElection682: begin an election at term 802 for -1: [8a63e1ae-032e-4bed-9f20-125a11f65413:0.0.0.0:38685, 8f18dce1-0a3d-4b65-9c78-af3d58b2da7f:0.0.0.0:42489, 7b1e61a0-7daf-43dd-99d5-9b325c1d31ae:0.0.0.0:38412], old=null
2019-10-20 17:41:41,454 [grpc-default-executor-2] INFO  impl.RaftServerImpl (RaftServerImpl.java:setRole(184)) - 7b1e61a0-7daf-43dd-99d5-9b325c1d31ae@group-091950D56227: changes role from  FOLLOWER to FOLLOWER at term 802 for recognizeCandidate:8f18dce1-0a3d-4b65-9c78-af3d58b2da7f
2019-10-20 17:41:41,454 [grpc-default-executor-2] INFO  impl.RoleInfo (RoleInfo.java:shutdownFollowerState(121)) - 7b1e61a0-7daf-43dd-99d5-9b325c1d31ae: shutdown FollowerState
2019-10-20 17:41:41,454 [grpc-default-executor-0] INFO  impl.RaftServerImpl (RaftServerImpl.java:setRole(184)) - 8a63e1ae-032e-4bed-9f20-125a11f65413@group-091950D56227: changes role from  FOLLOWER to FOLLOWER at term 802 for recognizeCandidate:8f18dce1-0a3d-4b65-9c78-af3d58b2da7f
2019-10-20 17:41:41,455 [grpc-default-executor-0] INFO  impl.RoleInfo (RoleInfo.java:shutdownFollowerState(121)) - 8a63e1ae-032e-4bed-9f20-125a11f65413: shutdown FollowerState
2019-10-20 17:41:41,455 [Thread-4826] INFO  impl.FollowerState (FollowerState.java:run(117)) - 7b1e61a0-7daf-43dd-99d5-9b325c1d31ae@group-091950D56227-FollowerState was interrupted: java.lang.InterruptedException: sleep interrupted
2019-10-20 17:41:41,454 [grpc-default-executor-2] INFO  impl.RoleInfo (RoleInfo.java:updateAndGet(143)) - 7b1e61a0-7daf-43dd-99d5-9b325c1d31ae: start FollowerState
2019-10-20 17:41:41,455 [Thread-4825] INFO  impl.FollowerState (FollowerState.java:run(117)) - 8a63e1ae-032e-4bed-9f20-125a11f65413@group-091950D56227-FollowerState was interrupted: java.lang.InterruptedException: sleep interrupted
2019-10-20 17:41:41,455 [grpc-default-executor-0] INFO  impl.RoleInfo (RoleInfo.java:updateAndGet(143)) - 8a63e1ae-032e-4bed-9f20-125a11f65413: start FollowerState
2019-10-20 17:41:41,479 [8f18dce1-0a3d-4b65-9c78-af3d58b2da7f@group-091950D56227-LeaderElection682] INFO  impl.LeaderElection (LeaderElection.java:logAndReturn(56)) - 8f18dce1-0a3d-4b65-9c78-af3d58b2da7f@group-091950D56227-LeaderElection682: Election REJECTED; received 2 response(s) [8f18dce1-0a3d-4b65-9c78-af3d58b2da7f<-8a63e1ae-032e-4bed-9f20-125a11f65413#0:FAIL-t802, 8f18dce1-0a3d-4b65-9c78-af3d58b2da7f<-7b1e61a0-7daf-43dd-99d5-9b325c1d31ae#0:FAIL-t802] and 0 exception(s); 8f18dce1-0a3d-4b65-9c78-af3d58b2da7f@group-091950D56227:t802, leader=null, voted=8f18dce1-0a3d-4b65-9c78-af3d58b2da7f, raftlog=8f18dce1-0a3d-4b65-9c78-af3d58b2da7f@group-091950D56227-SegmentedRaftLog:OPENED:c-1,f-1,i0, conf=-1: [8a63e1ae-032e-4bed-9f20-125a11f65413:0.0.0.0:38685, 8f18dce1-0a3d-4b65-9c78-af3d58b2da7f:0.0.0.0:42489, 7b1e61a0-7daf-43dd-99d5-9b325c1d31ae:0.0.0.0:38412], old=null
2019-10-20 17:41:41,479 [8f18dce1-0a3d-4b65-9c78-af3d58b2da7f@group-091950D56227-LeaderElection682] INFO  impl.RaftServerImpl (RaftServerImpl.java:setRole(184)) - 8f18dce1-0a3d-4b65-9c78-af3d58b2da7f@group-091950D56227: changes role from CANDIDATE to FOLLOWER at term 802 for DISCOVERED_A_NEW_TERM
2019-10-20 17:41:41,479 [8f18dce1-0a3d-4b65-9c78-af3d58b2da7f@group-091950D56227-LeaderElection682] INFO  impl.RoleInfo (RoleInfo.java:shutdownLeaderElection(134)) - 8f18dce1-0a3d-4b65-9c78-af3d58b2da7f: shutdown LeaderElection
2019-10-20 17:41:41,479 [8f18dce1-0a3d-4b65-9c78-af3d58b2da7f@group-091950D56227-LeaderElection682] INFO  impl.RoleInfo (RoleInfo.java:updateAndGet(143)) - 8f18dce1-0a3d-4b65-9c78-af3d58b2da7f: start FollowerState
2019-10-20 17:41:41,524 [Thread-4833] INFO  impl.FollowerState (FollowerState.java:run(108)) - 8f18dce1-0a3d-4b65-9c78-af3d58b2da7f@group-091950D56227-FollowerState: change to CANDIDATE, lastRpcTime:44ms, electionTimeout:44ms
2019-10-20 17:41:41,524 [Thread-4833] INFO  impl.RoleInfo (RoleInfo.java:shutdownFollowerState(121)) - 8f18dce1-0a3d-4b65-9c78-af3d58b2da7f: shutdown FollowerState
2019-10-20 17:41:41,524 [Thread-4833] INFO  impl.RaftServerImpl (RaftServerImpl.java:setRole(184)) - 8f18dce1-0a3d-4b65-9c78-af3d58b2da7f@group-091950D56227: changes role from  FOLLOWER to CANDIDATE at term 802 for changeToCandidate
2019-10-20 17:41:41,524 [Thread-4833] INFO  impl.RoleInfo (RoleInfo.java:updateAndGet(143)) - 8f18dce1-0a3d-4b65-9c78-af3d58b2da7f: start LeaderElection
2019-10-20 17:41:41,554 [8f18dce1-0a3d-4b65-9c78-af3d58b2da7f@group-091950D56227-LeaderElection683] INFO  impl.LeaderElection (LeaderElection.java:askForVotes(178)) - 8f18dce1-0a3d-4b65-9c78-af3d58b2da7f@group-091950D56227-LeaderElection683: begin an election at term 803 for -1: [8a63e1ae-032e-4bed-9f20-125a11f65413:0.0.0.0:38685, 8f18dce1-0a3d-4b65-9c78-af3d58b2da7f:0.0.0.0:42489, 7b1e61a0-7daf-43dd-99d5-9b325c1d31ae:0.0.0.0:38412], old=null
2019-10-20 17:41:41,555 [grpc-default-executor-2] INFO  impl.RaftServerImpl (RaftServerImpl.java:setRole(184)) - 8a63e1ae-032e-4bed-9f20-125a11f65413@group-091950D56227: changes role from  FOLLOWER to FOLLOWER at term 803 for recognizeCandidate:8f18dce1-0a3d-4b65-9c78-af3d58b2da7f
2019-10-20 17:41:41,556 [grpc-default-executor-2] INFO  impl.RoleInfo (RoleInfo.java:shutdownFollowerState(121)) - 8a63e1ae-032e-4bed-9f20-125a11f65413: shutdown FollowerState
2019-10-20 17:41:41,556 [grpc-default-executor-0] INFO  impl.RaftServerImpl (RaftServerImpl.java:setRole(184)) - 7b1e61a0-7daf-43dd-99d5-9b325c1d31ae@group-091950D56227: changes role from  FOLLOWER to FOLLOWER at term 803 for recognizeCandidate:8f18dce1-0a3d-4b65-9c78-af3d58b2da7f
2019-10-20 17:41:41,556 [Thread-4832] INFO  impl.FollowerState (FollowerState.java:run(117)) - 8a63e1ae-032e-4bed-9f20-125a11f65413@group-091950D56227-FollowerState was interrupted: java.lang.InterruptedException: sleep interrupted
2019-10-20 17:41:41,556 [grpc-default-executor-2] INFO  impl.RoleInfo (RoleInfo.java:updateAndGet(143)) - 8a63e1ae-032e-4bed-9f20-125a11f65413: start FollowerState
2019-10-20 17:41:41,556 [grpc-default-executor-0] INFO  impl.RoleInfo (RoleInfo.java:shutdownFollowerState(121)) - 7b1e61a0-7daf-43dd-99d5-9b325c1d31ae: shutdown FollowerState
2019-10-20 17:41:41,556 [grpc-default-executor-0] INFO  impl.RoleInfo (RoleInfo.java:updateAndGet(143)) - 7b1e61a0-7daf-43dd-99d5-9b325c1d31ae: start FollowerState
2019-10-20 17:41:41,557 [Thread-4831] INFO  impl.FollowerState (FollowerState.java:run(117)) - 7b1e61a0-7daf-43dd-99d5-9b325c1d31ae@group-091950D56227-FollowerState was interrupted: java.lang.InterruptedException: sleep interrupted
2019-10-20 17:41:41,580 [8f18dce1-0a3d-4b65-9c78-af3d58b2da7f@group-091950D56227-LeaderElection683] INFO  impl.LeaderElection (LeaderElection.java:logAndReturn(56)) - 8f18dce1-0a3d-4b65-9c78-af3d58b2da7f@group-091950D56227-LeaderElection683: Election REJECTED; received 2 response(s) [8f18dce1-0a3d-4b65-9c78-af3d58b2da7f<-8a63e1ae-032e-4bed-9f20-125a11f65413#0:FAIL-t803, 8f18dce1-0a3d-4b65-9c78-af3d58b2da7f<-7b1e61a0-7daf-43dd-99d5-9b325c1d31ae#0:FAIL-t803] and 0 exception(s); 8f18dce1-0a3d-4b65-9c78-af3d58b2da7f@group-091950D56227:t803, leader=null, voted=8f18dce1-0a3d-4b65-9c78-af3d58b2da7f, raftlog=8f18dce1-0a3d-4b65-9c78-af3d58b2da7f@group-091950D56227-SegmentedRaftLog:OPENED:c-1,f-1,i0, conf=-1: [8a63e1ae-032e-4bed-9f20-125a11f65413:0.0.0.0:38685, 8f18dce1-0a3d-4b65-9c78-af3d58b2da7f:0.0.0.0:42489, 7b1e61a0-7daf-43dd-99d5-9b325c1d31ae:0.0.0.0:38412], old=null
2019-10-20 17:41:41,580 [8f18dce1-0a3d-4b65-9c78-af3d58b2da7f@group-091950D56227-LeaderElection683] INFO  impl.RaftServerImpl (RaftServerImpl.java:setRole(184)) - 8f18dce1-0a3d-4b65-9c78-af3d58b2da7f@group-091950D56227: changes role from CANDIDATE to FOLLOWER at term 803 for DISCOVERED_A_NEW_TERM
2019-10-20 17:41:41,580 [8f18dce1-0a3d-4b65-9c78-af3d58b2da7f@group-091950D56227-LeaderElection683] INFO  impl.RoleInfo (RoleInfo.java:shutdownLeaderElection(134)) - 8f18dce1-0a3d-4b65-9c78-af3d58b2da7f: shutdown LeaderElection
2019-10-20 17:41:41,580 [8f18dce1-0a3d-4b65-9c78-af3d58b2da7f@group-091950D56227-LeaderElection683] INFO  impl.RoleInfo (RoleInfo.java:updateAndGet(143)) - 8f18dce1-0a3d-4b65-9c78-af3d58b2da7f: start FollowerState
2019-10-20 17:41:41,633 [Thread-4839] INFO  impl.FollowerState (FollowerState.java:run(108)) - 8f18dce1-0a3d-4b65-9c78-af3d58b2da7f@group-091950D56227-FollowerState: change to CANDIDATE, lastRpcTime:52ms, electionTimeout:52ms
2019-10-20 17:41:41,633 [Thread-4839] INFO  impl.RoleInfo (RoleInfo.java:shutdownFollowerState(121)) - 8f18dce1-0a3d-4b65-9c78-af3d58b2da7f: shutdown FollowerState
2019-10-20 17:41:41,633 [Thread-4839] INFO  impl.RaftServerImpl (RaftServerImpl.java:setRole(184)) - 8f18dce1-0a3d-4b65-9c78-af3d58b2da7f@group-091950D56227: changes role from  FOLLOWER to CANDIDATE at term 803 for changeToCandidate
2019-10-20 17:41:41,633 [Thread-4839] INFO  impl.RoleInfo (RoleInfo.java:updateAndGet(143)) - 8f18dce1-0a3d-4b65-9c78-af3d58b2da7f: start LeaderElection
2019-10-20 17:41:41,663 [8f18dce1-0a3d-4b65-9c78-af3d58b2da7f@group-091950D56227-LeaderElection684] INFO  impl.LeaderElection (LeaderElection.java:askForVotes(178)) - 8f18dce1-0a3d-4b65-9c78-af3d58b2da7f@group-091950D56227-LeaderElection684: begin an election at term 804 for -1: [8a63e1ae-032e-4bed-9f20-125a11f65413:0.0.0.0:38685, 8f18dce1-0a3d-4b65-9c78-af3d58b2da7f:0.0.0.0:42489, 7b1e61a0-7daf-43dd-99d5-9b325c1d31ae:0.0.0.0:38412], old=null
2019-10-20 17:41:41,664 [grpc-default-executor-2] INFO  impl.RaftServerImpl (RaftServerImpl.java:setRole(184)) - 8a63e1ae-032e-4bed-9f20-125a11f65413@group-091950D56227: changes role from  FOLLOWER to FOLLOWER at term 804 for recognizeCandidate:8f18dce1-0a3d-4b65-9c78-af3d58b2da7f
2019-10-20 17:41:41,665 [grpc-default-executor-2] INFO  impl.RoleInfo (RoleInfo.java:shutdownFollowerState(121)) - 8a63e1ae-032e-4bed-9f20-125a11f65413: shutdown FollowerState
2019-10-20 17:41:41,665 [grpc-default-executor-0] INFO  impl.RaftServerImpl (RaftServerImpl.java:setRole(184)) - 7b1e61a0-7daf-43dd-99d5-9b325c1d31ae@group-091950D56227: changes role from  FOLLOWER to FOLLOWER at term 804 for recognizeCandidate:8f18dce1-0a3d-4b65-9c78-af3d58b2da7f
2019-10-20 17:41:41,665 [Thread-4837] INFO  impl.FollowerState (FollowerState.java:run(117)) - 8a63e1ae-032e-4bed-9f20-125a11f65413@group-091950D56227-FollowerState was interrupted: java.lang.InterruptedException: sleep interrupted
2019-10-20 17:41:41,665 [grpc-default-executor-2] INFO  impl.RoleInfo (RoleInfo.java:updateAndGet(143)) - 8a63e1ae-032e-4bed-9f20-125a11f65413: start FollowerState
2019-10-20 17:41:41,665 [grpc-default-executor-0] INFO  impl.RoleInfo (RoleInfo.java:shutdownFollowerState(121)) - 7b1e61a0-7daf-43dd-99d5-9b325c1d31ae: shutdown FollowerState
2019-10-20 17:41:41,665 [grpc-default-executor-0] INFO  impl.RoleInfo (RoleInfo.java:updateAndGet(143)) - 7b1e61a0-7daf-43dd-99d5-9b325c1d31ae: start FollowerState
2019-10-20 17:41:41,665 [Thread-4838] INFO  impl.FollowerState (FollowerState.java:run(117)) - 7b1e61a0-7daf-43dd-99d5-9b325c1d31ae@group-091950D56227-FollowerState was interrupted: java.lang.InterruptedException: sleep interrupted
2019-10-20 17:41:41,714 [8f18dce1-0a3d-4b65-9c78-af3d58b2da7f@group-091950D56227-LeaderElection684] INFO  impl.LeaderElection (LeaderElection.java:logAndReturn(56)) - 8f18dce1-0a3d-4b65-9c78-af3d58b2da7f@group-091950D56227-LeaderElection684: Election REJECTED; received 2 response(s) [8f18dce1-0a3d-4b65-9c78-af3d58b2da7f<-8a63e1ae-032e-4bed-9f20-125a11f65413#0:FAIL-t804, 8f18dce1-0a3d-4b65-9c78-af3d58b2da7f<-7b1e61a0-7daf-43dd-99d5-9b325c1d31ae#0:FAIL-t804] and 0 exception(s); 8f18dce1-0a3d-4b65-9c78-af3d58b2da7f@group-091950D56227:t804, leader=null, voted=8f18dce1-0a3d-4b65-9c78-af3d58b2da7f, raftlog=8f18dce1-0a3d-4b65-9c78-af3d58b2da7f@group-091950D56227-SegmentedRaftLog:OPENED:c-1,f-1,i0, conf=-1: [8a63e1ae-032e-4bed-9f20-125a11f65413:0.0.0.0:38685, 8f18dce1-0a3d-4b65-9c78-af3d58b2da7f:0.0.0.0:42489, 7b1e61a0-7daf-43dd-99d5-9b325c1d31ae:0.0.0.0:38412], old=null
2019-10-20 17:41:41,714 [8f18dce1-0a3d-4b65-9c78-af3d58b2da7f@group-091950D56227-LeaderElection684] INFO  impl.RaftServerImpl (RaftServerImpl.java:setRole(184)) - 8f18dce1-0a3d-4b65-9c78-af3d58b2da7f@group-091950D56227: changes role from CANDIDATE to FOLLOWER at term 804 for DISCOVERED_A_NEW_TERM
2019-10-20 17:41:41,714 [8f18dce1-0a3d-4b65-9c78-af3d58b2da7f@group-091950D56227-LeaderElection684] INFO  impl.RoleInfo (RoleInfo.java:shutdownLeaderElection(134)) - 8f18dce1-0a3d-4b65-9c78-af3d58b2da7f: shutdown LeaderElection
2019-10-20 17:41:41,714 [8f18dce1-0a3d-4b65-9c78-af3d58b2da7f@group-091950D56227-LeaderElection684] INFO  impl.RoleInfo (RoleInfo.java:updateAndGet(143)) - 8f18dce1-0a3d-4b65-9c78-af3d58b2da7f: start FollowerState
2019-10-20 17:41:41,721 [Thread-4847] INFO  impl.FollowerState (FollowerState.java:run(108)) - 8f18dce1-0a3d-4b65-9c78-af3d58b2da7f@group-091950D56227-FollowerState: change to CANDIDATE, lastRpcTime:6ms, electionTimeout:6ms
2019-10-20 17:41:41,721 [Thread-4847] INFO  impl.RoleInfo (RoleInfo.java:shutdownFollowerState(121)) - 8f18dce1-0a3d-4b65-9c78-af3d58b2da7f: shutdown FollowerState
2019-10-20 17:41:41,721 [Thread-4847] INFO  impl.RaftServerImpl (RaftServerImpl.java:setRole(184)) - 8f18dce1-0a3d-4b65-9c78-af3d58b2da7f@group-091950D56227: changes role from  FOLLOWER to CANDIDATE at term 804 for changeToCandidate
2019-10-20 17:41:41,721 [Thread-4847] INFO  impl.RoleInfo (RoleInfo.java:updateAndGet(143)) - 8f18dce1-0a3d-4b65-9c78-af3d58b2da7f: start LeaderElection
2019-10-20 17:41:41,747 [8f18dce1-0a3d-4b65-9c78-af3d58b2da7f@group-091950D56227-LeaderElection685] INFO  impl.LeaderElection (LeaderElection.java:askForVotes(178)) - 8f18dce1-0a3d-4b65-9c78-af3d58b2da7f@group-091950D56227-LeaderElection685: begin an election at term 805 for -1: [8a63e1ae-032e-4bed-9f20-125a11f65413:0.0.0.0:38685, 8f18dce1-0a3d-4b65-9c78-af3d58b2da7f:0.0.0.0:42489, 7b1e61a0-7daf-43dd-99d5-9b325c1d31ae:0.0.0.0:38412], old=null
2019-10-20 17:41:41,749 [grpc-default-executor-2] INFO  impl.RaftServerImpl (RaftServerImpl.java:setRole(184)) - 8a63e1ae-032e-4bed-9f20-125a11f65413@group-091950D56227: changes role from  FOLLOWER to FOLLOWER at term 805 for recognizeCandidate:8f18dce1-0a3d-4b65-9c78-af3d58b2da7f
2019-10-20 17:41:41,749 [grpc-default-executor-2] INFO  impl.RoleInfo (RoleInfo.java:shutdownFollowerState(121)) - 8a63e1ae-032e-4bed-9f20-125a11f65413: shutdown FollowerState
2019-10-20 17:41:41,749 [grpc-default-executor-2] INFO  impl.RoleInfo (RoleInfo.java:updateAndGet(143)) - 8a63e1ae-032e-4bed-9f20-125a11f65413: start FollowerState
2019-10-20 17:41:41,749 [Thread-4843] INFO  impl.FollowerState (FollowerState.java:run(117)) - 8a63e1ae-032e-4bed-9f20-125a11f65413@group-091950D56227-FollowerState was interrupted: java.lang.InterruptedException: sleep interrupted
2019-10-20 17:41:41,749 [grpc-default-executor-0] INFO  impl.RaftServerImpl (RaftServerImpl.java:setRole(184)) - 7b1e61a0-7daf-43dd-99d5-9b325c1d31ae@group-091950D56227: changes role from  FOLLOWER to FOLLOWER at term 805 for recognizeCandidate:8f18dce1-0a3d-4b65-9c78-af3d58b2da7f
2019-10-20 17:41:41,749 [grpc-default-executor-0] INFO  impl.RoleInfo (RoleInfo.java:shutdownFollowerState(121)) - 7b1e61a0-7daf-43dd-99d5-9b325c1d31ae: shutdown FollowerState
2019-10-20 17:41:41,749 [grpc-default-executor-0] INFO  impl.RoleInfo (RoleInfo.java:updateAndGet(143)) - 7b1e61a0-7daf-43dd-99d5-9b325c1d31ae: start FollowerState
2019-10-20 17:41:41,749 [Thread-4844] INFO  impl.FollowerState (FollowerState.java:run(117)) - 7b1e61a0-7daf-43dd-99d5-9b325c1d31ae@group-091950D56227-FollowerState was interrupted: java.lang.InterruptedException: sleep interrupted
2019-10-20 17:41:41,770 [8f18dce1-0a3d-4b65-9c78-af3d58b2da7f@group-091950D56227-LeaderElection685] INFO  impl.LeaderElection (LeaderElection.java:logAndReturn(56)) - 8f18dce1-0a3d-4b65-9c78-af3d58b2da7f@group-091950D56227-LeaderElection685: Election TIMEOUT; received 0 response(s) [] and 0 exception(s); 8f18dce1-0a3d-4b65-9c78-af3d58b2da7f@group-091950D56227:t805, leader=null, voted=8f18dce1-0a3d-4b65-9c78-af3d58b2da7f, raftlog=8f18dce1-0a3d-4b65-9c78-af3d58b2da7f@group-091950D56227-SegmentedRaftLog:OPENED:c-1,f-1,i0, conf=-1: [8a63e1ae-032e-4bed-9f20-125a11f65413:0.0.0.0:38685, 8f18dce1-0a3d-4b65-9c78-af3d58b2da7f:0.0.0.0:42489, 7b1e61a0-7daf-43dd-99d5-9b325c1d31ae:0.0.0.0:38412], old=null
2019-10-20 17:41:41,798 [8f18dce1-0a3d-4b65-9c78-af3d58b2da7f@group-091950D56227-LeaderElection685] INFO  impl.LeaderElection (LeaderElection.java:askForVotes(178)) - 8f18dce1-0a3d-4b65-9c78-af3d58b2da7f@group-091950D56227-LeaderElection685: begin an election at term 806 for -1: [8a63e1ae-032e-4bed-9f20-125a11f65413:0.0.0.0:38685, 8f18dce1-0a3d-4b65-9c78-af3d58b2da7f:0.0.0.0:42489, 7b1e61a0-7daf-43dd-99d5-9b325c1d31ae:0.0.0.0:38412], old=null
2019-10-20 17:41:41,800 [grpc-default-executor-0] INFO  impl.RaftServerImpl (RaftServerImpl.java:setRole(184)) - 8a63e1ae-032e-4bed-9f20-125a11f65413@group-091950D56227: changes role from  FOLLOWER to FOLLOWER at term 806 for recognizeCandidate:8f18dce1-0a3d-4b65-9c78-af3d58b2da7f
2019-10-20 17:41:41,800 [grpc-default-executor-0] INFO  impl.RoleInfo (RoleInfo.java:shutdownFollowerState(121)) - 8a63e1ae-032e-4bed-9f20-125a11f65413: shutdown FollowerState
2019-10-20 17:41:41,800 [grpc-default-executor-2] INFO  impl.RaftServerImpl (RaftServerImpl.java:setRole(184)) - 7b1e61a0-7daf-43dd-99d5-9b325c1d31ae@group-091950D56227: changes role from  FOLLOWER to FOLLOWER at term 806 for recognizeCandidate:8f18dce1-0a3d-4b65-9c78-af3d58b2da7f
2019-10-20 17:41:41,800 [Thread-4851] INFO  impl.FollowerState (FollowerState.java:run(117)) - 8a63e1ae-032e-4bed-9f20-125a11f65413@group-091950D56227-FollowerState was interrupted: java.lang.InterruptedException: sleep interrupted
2019-10-20 17:41:41,800 [grpc-default-executor-0] INFO  impl.RoleInfo (RoleInfo.java:updateAndGet(143)) - 8a63e1ae-032e-4bed-9f20-125a11f65413: start FollowerState
2019-10-20 17:41:41,800 [grpc-default-executor-2] INFO  impl.RoleInfo (RoleInfo.java:shutdownFollowerState(121)) - 7b1e61a0-7daf-43dd-99d5-9b325c1d31ae: shutdown FollowerState
2019-10-20 17:41:41,801 [grpc-default-executor-2] INFO  impl.RoleInfo (RoleInfo.java:updateAndGet(143)) - 7b1e61a0-7daf-43dd-99d5-9b325c1d31ae: start FollowerState
2019-10-20 17:41:41,801 [Thread-4852] INFO  impl.FollowerState (FollowerState.java:run(117)) - 7b1e61a0-7daf-43dd-99d5-9b325c1d31ae@group-091950D56227-FollowerState was interrupted: java.lang.InterruptedException: sleep interrupted
2019-10-20 17:41:41,824 [8f18dce1-0a3d-4b65-9c78-af3d58b2da7f@group-091950D56227-LeaderElection685] INFO  impl.LeaderElection (LeaderElection.java:logAndReturn(56)) - 8f18dce1-0a3d-4b65-9c78-af3d58b2da7f@group-091950D56227-LeaderElection685: Election REJECTED; received 2 response(s) [8f18dce1-0a3d-4b65-9c78-af3d58b2da7f<-8a63e1ae-032e-4bed-9f20-125a11f65413#0:FAIL-t806, 8f18dce1-0a3d-4b65-9c78-af3d58b2da7f<-7b1e61a0-7daf-43dd-99d5-9b325c1d31ae#0:FAIL-t806] and 0 exception(s); 8f18dce1-0a3d-4b65-9c78-af3d58b2da7f@group-091950D56227:t806, leader=null, voted=8f18dce1-0a3d-4b65-9c78-af3d58b2da7f, raftlog=8f18dce1-0a3d-4b65-9c78-af3d58b2da7f@group-091950D56227-SegmentedRaftLog:OPENED:c-1,f-1,i0, conf=-1: [8a63e1ae-032e-4bed-9f20-125a11f65413:0.0.0.0:38685, 8f18dce1-0a3d-4b65-9c78-af3d58b2da7f:0.0.0.0:42489, 7b1e61a0-7daf-43dd-99d5-9b325c1d31ae:0.0.0.0:38412], old=null
2019-10-20 17:41:41,825 [8f18dce1-0a3d-4b65-9c78-af3d58b2da7f@group-091950D56227-LeaderElection685] INFO  impl.RaftServerImpl (RaftServerImpl.java:setRole(184)) - 8f18dce1-0a3d-4b65-9c78-af3d58b2da7f@group-091950D56227: changes role from CANDIDATE to FOLLOWER at term 806 for DISCOVERED_A_NEW_TERM
2019-10-20 17:41:41,825 [8f18dce1-0a3d-4b65-9c78-af3d58b2da7f@group-091950D56227-LeaderElection685] INFO  impl.RoleInfo (RoleInfo.java:shutdownLeaderElection(134)) - 8f18dce1-0a3d-4b65-9c78-af3d58b2da7f: shutdown LeaderElection
2019-10-20 17:41:41,825 [8f18dce1-0a3d-4b65-9c78-af3d58b2da7f@group-091950D56227-LeaderElection685] INFO  impl.RoleInfo (RoleInfo.java:updateAndGet(143)) - 8f18dce1-0a3d-4b65-9c78-af3d58b2da7f: start FollowerState
2019-10-20 17:41:41,865 [Thread-4857] INFO  impl.FollowerState (FollowerState.java:run(108)) - 8f18dce1-0a3d-4b65-9c78-af3d58b2da7f@group-091950D56227-FollowerState: change to CANDIDATE, lastRpcTime:40ms, electionTimeout:40ms
2019-10-20 17:41:41,865 [Thread-4857] INFO  impl.RoleInfo (RoleInfo.java:shutdownFollowerState(121)) - 8f18dce1-0a3d-4b65-9c78-af3d58b2da7f: shutdown FollowerState
2019-10-20 17:41:41,865 [Thread-4857] INFO  impl.RaftServerImpl (RaftServerImpl.java:setRole(184)) - 8f18dce1-0a3d-4b65-9c78-af3d58b2da7f@group-091950D56227: changes role from  FOLLOWER to CANDIDATE at term 806 for changeToCandidate
2019-10-20 17:41:41,865 [Thread-4857] INFO  impl.RoleInfo (RoleInfo.java:updateAndGet(143)) - 8f18dce1-0a3d-4b65-9c78-af3d58b2da7f: start LeaderElection
2019-10-20 17:41:41,891 [8f18dce1-0a3d-4b65-9c78-af3d58b2da7f@group-091950D56227-LeaderElection686] INFO  impl.LeaderElection (LeaderElection.java:askForVotes(178)) - 8f18dce1-0a3d-4b65-9c78-af3d58b2da7f@group-091950D56227-LeaderElection686: begin an election at term 807 for -1: [8a63e1ae-032e-4bed-9f20-125a11f65413:0.0.0.0:38685, 8f18dce1-0a3d-4b65-9c78-af3d58b2da7f:0.0.0.0:42489, 7b1e61a0-7daf-43dd-99d5-9b325c1d31ae:0.0.0.0:38412], old=null
2019-10-20 17:41:41,892 [grpc-default-executor-0] INFO  impl.RaftServerImpl (RaftServerImpl.java:setRole(184)) - 8a63e1ae-032e-4bed-9f20-125a11f65413@group-091950D56227: changes role from  FOLLOWER to FOLLOWER at term 807 for recognizeCandidate:8f18dce1-0a3d-4b65-9c78-af3d58b2da7f
2019-10-20 17:41:41,892 [grpc-default-executor-0] INFO  impl.RoleInfo (RoleInfo.java:shutdownFollowerState(121)) - 8a63e1ae-032e-4bed-9f20-125a11f65413: shutdown FollowerState
2019-10-20 17:41:41,893 [grpc-default-executor-0] INFO  impl.RoleInfo (RoleInfo.java:updateAndGet(143)) - 8a63e1ae-032e-4bed-9f20-125a11f65413: start FollowerState
2019-10-20 17:41:41,893 [grpc-default-executor-2] INFO  impl.RaftServerImpl (RaftServerImpl.java:setRole(184)) - 7b1e61a0-7daf-43dd-99d5-9b325c1d31ae@group-091950D56227: changes role from  FOLLOWER to FOLLOWER at term 807 for recognizeCandidate:8f18dce1-0a3d-4b65-9c78-af3d58b2da7f
2019-10-20 17:41:41,893 [Thread-4855] INFO  impl.FollowerState (FollowerState.java:run(117)) - 8a63e1ae-032e-4bed-9f20-125a11f65413@group-091950D56227-FollowerState was interrupted: java.lang.InterruptedException: sleep interrupted
2019-10-20 17:41:41,893 [grpc-default-executor-2] INFO  impl.RoleInfo (RoleInfo.java:shutdownFollowerState(121)) - 7b1e61a0-7daf-43dd-99d5-9b325c1d31ae: shutdown FollowerState
2019-10-20 17:41:41,893 [grpc-default-executor-2] INFO  impl.RoleInfo (RoleInfo.java:updateAndGet(143)) - 7b1e61a0-7daf-43dd-99d5-9b325c1d31ae: start FollowerState
2019-10-20 17:41:41,893 [Thread-4856] INFO  impl.FollowerState (FollowerState.java:run(117)) - 7b1e61a0-7daf-43dd-99d5-9b325c1d31ae@group-091950D56227-FollowerState was interrupted: java.lang.InterruptedException: sleep interrupted
2019-10-20 17:41:41,918 [8f18dce1-0a3d-4b65-9c78-af3d58b2da7f@group-091950D56227-LeaderElection686] INFO  impl.LeaderElection (LeaderElection.java:logAndReturn(56)) - 8f18dce1-0a3d-4b65-9c78-af3d58b2da7f@group-091950D56227-LeaderElection686: Election REJECTED; received 2 response(s) [8f18dce1-0a3d-4b65-9c78-af3d58b2da7f<-8a63e1ae-032e-4bed-9f20-125a11f65413#0:FAIL-t807, 8f18dce1-0a3d-4b65-9c78-af3d58b2da7f<-7b1e61a0-7daf-43dd-99d5-9b325c1d31ae#0:FAIL-t807] and 0 exception(s); 8f18dce1-0a3d-4b65-9c78-af3d58b2da7f@group-091950D56227:t807, leader=null, voted=8f18dce1-0a3d-4b65-9c78-af3d58b2da7f, raftlog=8f18dce1-0a3d-4b65-9c78-af3d58b2da7f@group-091950D56227-SegmentedRaftLog:OPENED:c-1,f-1,i0, conf=-1: [8a63e1ae-032e-4bed-9f20-125a11f65413:0.0.0.0:38685, 8f18dce1-0a3d-4b65-9c78-af3d58b2da7f:0.0.0.0:42489, 7b1e61a0-7daf-43dd-99d5-9b325c1d31ae:0.0.0.0:38412], old=null
2019-10-20 17:41:41,918 [8f18dce1-0a3d-4b65-9c78-af3d58b2da7f@group-091950D56227-LeaderElection686] INFO  impl.RaftServerImpl (RaftServerImpl.java:setRole(184)) - 8f18dce1-0a3d-4b65-9c78-af3d58b2da7f@group-091950D56227: changes role from CANDIDATE to FOLLOWER at term 807 for DISCOVERED_A_NEW_TERM
2019-10-20 17:41:41,918 [8f18dce1-0a3d-4b65-9c78-af3d58b2da7f@group-091950D56227-LeaderElection686] INFO  impl.RoleInfo (RoleInfo.java:shutdownLeaderElection(134)) - 8f18dce1-0a3d-4b65-9c78-af3d58b2da7f: shutdown LeaderElection
2019-10-20 17:41:41,918 [8f18dce1-0a3d-4b65-9c78-af3d58b2da7f@group-091950D56227-LeaderElection686] INFO  impl.RoleInfo (RoleInfo.java:updateAndGet(143)) - 8f18dce1-0a3d-4b65-9c78-af3d58b2da7f: start FollowerState
2019-10-20 17:41:41,991 [Thread-4863] INFO  impl.FollowerState (FollowerState.java:run(108)) - 8f18dce1-0a3d-4b65-9c78-af3d58b2da7f@group-091950D56227-FollowerState: change to CANDIDATE, lastRpcTime:72ms, electionTimeout:72ms
2019-10-20 17:41:41,991 [Thread-4863] INFO  impl.RoleInfo (RoleInfo.java:shutdownFollowerState(121)) - 8f18dce1-0a3d-4b65-9c78-af3d58b2da7f: shutdown FollowerState
2019-10-20 17:41:41,991 [Thread-4863] INFO  impl.RaftServerImpl (RaftServerImpl.java:setRole(184)) - 8f18dce1-0a3d-4b65-9c78-af3d58b2da7f@group-091950D56227: changes role from  FOLLOWER to CANDIDATE at term 807 for changeToCandidate
2019-10-20 17:41:41,991 [Thread-4863] INFO  impl.RoleInfo (RoleInfo.java:updateAndGet(143)) - 8f18dce1-0a3d-4b65-9c78-af3d58b2da7f: start LeaderElection
2019-10-20 17:41:42,026 [8f18dce1-0a3d-4b65-9c78-af3d58b2da7f@group-091950D56227-LeaderElection687] INFO  impl.LeaderElection (LeaderElection.java:askForVotes(178)) - 8f18dce1-0a3d-4b65-9c78-af3d58b2da7f@group-091950D56227-LeaderElection687: begin an election at term 808 for -1: [8a63e1ae-032e-4bed-9f20-125a11f65413:0.0.0.0:38685, 8f18dce1-0a3d-4b65-9c78-af3d58b2da7f:0.0.0.0:42489, 7b1e61a0-7daf-43dd-99d5-9b325c1d31ae:0.0.0.0:38412], old=null
2019-10-20 17:41:42,029 [grpc-default-executor-3] INFO  impl.RaftServerImpl (RaftServerImpl.java:setRole(184)) - 7b1e61a0-7daf-43dd-99d5-9b325c1d31ae@group-091950D56227: changes role from  FOLLOWER to FOLLOWER at term 808 for recognizeCandidate:8f18dce1-0a3d-4b65-9c78-af3d58b2da7f
2019-10-20 17:41:42,029 [grpc-default-executor-0] INFO  impl.RaftServerImpl (RaftServerImpl.java:setRole(184)) - 8a63e1ae-032e-4bed-9f20-125a11f65413@group-091950D56227: changes role from  FOLLOWER to FOLLOWER at term 808 for recognizeCandidate:8f18dce1-0a3d-4b65-9c78-af3d58b2da7f
2019-10-20 17:41:42,029 [grpc-default-executor-0] INFO  impl.RoleInfo (RoleInfo.java:shutdownFollowerState(121)) - 8a63e1ae-032e-4bed-9f20-125a11f65413: shutdown FollowerState
2019-10-20 17:41:42,029 [grpc-default-executor-3] INFO  impl.RoleInfo (RoleInfo.java:shutdownFollowerState(121)) - 7b1e61a0-7daf-43dd-99d5-9b325c1d31ae: shutdown FollowerState
2019-10-20 17:41:42,030 [Thread-4861] INFO  impl.FollowerState (FollowerState.java:run(117)) - 8a63e1ae-032e-4bed-9f20-125a11f65413@group-091950D56227-FollowerState was interrupted: java.lang.InterruptedException: sleep interrupted
2019-10-20 17:41:42,029 [grpc-default-executor-0] INFO  impl.RoleInfo (RoleInfo.java:updateAndGet(143)) - 8a63e1ae-032e-4bed-9f20-125a11f65413: start FollowerState
2019-10-20 17:41:42,030 [grpc-default-executor-3] INFO  impl.RoleInfo (RoleInfo.java:updateAndGet(143)) - 7b1e61a0-7daf-43dd-99d5-9b325c1d31ae: start FollowerState
2019-10-20 17:41:42,030 [Thread-4862] INFO  impl.FollowerState (FollowerState.java:run(117)) - 7b1e61a0-7daf-43dd-99d5-9b325c1d31ae@group-091950D56227-FollowerState was interrupted: java.lang.InterruptedException: sleep interrupted
2019-10-20 17:41:42,053 [8f18dce1-0a3d-4b65-9c78-af3d58b2da7f@group-091950D56227-LeaderElection687] INFO  impl.LeaderElection (LeaderElection.java:logAndReturn(56)) - 8f18dce1-0a3d-4b65-9c78-af3d58b2da7f@group-091950D56227-LeaderElection687: Election REJECTED; received 2 response(s) [8f18dce1-0a3d-4b65-9c78-af3d58b2da7f<-8a63e1ae-032e-4bed-9f20-125a11f65413#0:FAIL-t808, 8f18dce1-0a3d-4b65-9c78-af3d58b2da7f<-7b1e61a0-7daf-43dd-99d5-9b325c1d31ae#0:FAIL-t808] and 0 exception(s); 8f18dce1-0a3d-4b65-9c78-af3d58b2da7f@group-091950D56227:t808, leader=null, voted=8f18dce1-0a3d-4b65-9c78-af3d58b2da7f, raftlog=8f18dce1-0a3d-4b65-9c78-af3d58b2da7f@group-091950D56227-SegmentedRaftLog:OPENED:c-1,f-1,i0, conf=-1: [8a63e1ae-032e-4bed-9f20-125a11f65413:0.0.0.0:38685, 8f18dce1-0a3d-4b65-9c78-af3d58b2da7f:0.0.0.0:42489, 7b1e61a0-7daf-43dd-99d5-9b325c1d31ae:0.0.0.0:38412], old=null
2019-10-20 17:41:42,053 [8f18dce1-0a3d-4b65-9c78-af3d58b2da7f@group-091950D56227-LeaderElection687] INFO  impl.RaftServerImpl (RaftServerImpl.java:setRole(184)) - 8f18dce1-0a3d-4b65-9c78-af3d58b2da7f@group-091950D56227: changes role from CANDIDATE to FOLLOWER at term 808 for DISCOVERED_A_NEW_TERM
2019-10-20 17:41:42,053 [8f18dce1-0a3d-4b65-9c78-af3d58b2da7f@group-091950D56227-LeaderElection687] INFO  impl.RoleInfo (RoleInfo.java:shutdownLeaderElection(134)) - 8f18dce1-0a3d-4b65-9c78-af3d58b2da7f: shutdown LeaderElection
2019-10-20 17:41:42,053 [8f18dce1-0a3d-4b65-9c78-af3d58b2da7f@group-091950D56227-LeaderElection687] INFO  impl.RoleInfo (RoleInfo.java:updateAndGet(143)) - 8f18dce1-0a3d-4b65-9c78-af3d58b2da7f: start FollowerState
2019-10-20 17:41:42,115 [Thread-4869] INFO  impl.FollowerState (FollowerState.java:run(108)) - 8f18dce1-0a3d-4b65-9c78-af3d58b2da7f@group-091950D56227-FollowerState: change to CANDIDATE, lastRpcTime:61ms, electionTimeout:61ms
2019-10-20 17:41:42,115 [Thread-4869] INFO  impl.RoleInfo (RoleInfo.java:shutdownFollowerState(121)) - 8f18dce1-0a3d-4b65-9c78-af3d58b2da7f: shutdown FollowerState
2019-10-20 17:41:42,115 [Thread-4869] INFO  impl.RaftServerImpl (RaftServerImpl.java:setRole(184)) - 8f18dce1-0a3d-4b65-9c78-af3d58b2da7f@group-091950D56227: changes role from  FOLLOWER to CANDIDATE at term 808 for changeToCandidate
2019-10-20 17:41:42,115 [Thread-4869] INFO  impl.RoleInfo (RoleInfo.java:updateAndGet(143)) - 8f18dce1-0a3d-4b65-9c78-af3d58b2da7f: start LeaderElection
2019-10-20 17:41:42,144 [8f18dce1-0a3d-4b65-9c78-af3d58b2da7f@group-091950D56227-LeaderElection688] INFO  impl.LeaderElection (LeaderElection.java:askForVotes(178)) - 8f18dce1-0a3d-4b65-9c78-af3d58b2da7f@group-091950D56227-LeaderElection688: begin an election at term 809 for -1: [8a63e1ae-032e-4bed-9f20-125a11f65413:0.0.0.0:38685, 8f18dce1-0a3d-4b65-9c78-af3d58b2da7f:0.0.0.0:42489, 7b1e61a0-7daf-43dd-99d5-9b325c1d31ae:0.0.0.0:38412], old=null
2019-10-20 17:41:42,146 [grpc-default-executor-0] INFO  impl.RaftServerImpl (RaftServerImpl.java:setRole(184)) - 8a63e1ae-032e-4bed-9f20-125a11f65413@group-091950D56227: changes role from  FOLLOWER to FOLLOWER at term 809 for recognizeCandidate:8f18dce1-0a3d-4b65-9c78-af3d58b2da7f
2019-10-20 17:41:42,146 [grpc-default-executor-3] INFO  impl.RaftServerImpl (RaftServerImpl.java:setRole(184)) - 7b1e61a0-7daf-43dd-99d5-9b325c1d31ae@group-091950D56227: changes role from  FOLLOWER to FOLLOWER at term 809 for recognizeCandidate:8f18dce1-0a3d-4b65-9c78-af3d58b2da7f
2019-10-20 17:41:42,146 [grpc-default-executor-3] INFO  impl.RoleInfo (RoleInfo.java:shutdownFollowerState(121)) - 7b1e61a0-7daf-43dd-99d5-9b325c1d31ae: shutdown FollowerState
2019-10-20 17:41:42,146 [grpc-default-executor-0] INFO  impl.RoleInfo (RoleInfo.java:shutdownFollowerState(121)) - 8a63e1ae-032e-4bed-9f20-125a11f65413: shutdown FollowerState
2019-10-20 17:41:42,146 [Thread-4868] INFO  impl.FollowerState (FollowerState.java:run(117)) - 7b1e61a0-7daf-43dd-99d5-9b325c1d31ae@group-091950D56227-FollowerState was interrupted: java.lang.InterruptedException: sleep interrupted
2019-10-20 17:41:42,146 [grpc-default-executor-3] INFO  impl.RoleInfo (RoleInfo.java:updateAndGet(143)) - 7b1e61a0-7daf-43dd-99d5-9b325c1d31ae: start FollowerState
2019-10-20 17:41:42,147 [Thread-4867] INFO  impl.FollowerState (FollowerState.java:run(117)) - 8a63e1ae-032e-4bed-9f20-125a11f65413@group-091950D56227-FollowerState was interrupted: java.lang.InterruptedException: sleep interrupted
2019-10-20 17:41:42,147 [grpc-default-executor-0] INFO  impl.RoleInfo (RoleInfo.java:updateAndGet(143)) - 8a63e1ae-032e-4bed-9f20-125a11f65413: start FollowerState
2019-10-20 17:41:42,170 [8f18dce1-0a3d-4b65-9c78-af3d58b2da7f@group-091950D56227-LeaderElection688] INFO  impl.LeaderElection (LeaderElection.java:logAndReturn(56)) - 8f18dce1-0a3d-4b65-9c78-af3d58b2da7f@group-091950D56227-LeaderElection688: Election REJECTED; received 2 response(s) [8f18dce1-0a3d-4b65-9c78-af3d58b2da7f<-8a63e1ae-032e-4bed-9f20-125a11f65413#0:FAIL-t809, 8f18dce1-0a3d-4b65-9c78-af3d58b2da7f<-7b1e61a0-7daf-43dd-99d5-9b325c1d31ae#0:FAIL-t809] and 0 exception(s); 8f18dce1-0a3d-4b65-9c78-af3d58b2da7f@group-091950D56227:t809, leader=null, voted=8f18dce1-0a3d-4b65-9c78-af3d58b2da7f, raftlog=8f18dce1-0a3d-4b65-9c78-af3d58b2da7f@group-091950D56227-SegmentedRaftLog:OPENED:c-1,f-1,i0, conf=-1: [8a63e1ae-032e-4bed-9f20-125a11f65413:0.0.0.0:38685, 8f18dce1-0a3d-4b65-9c78-af3d58b2da7f:0.0.0.0:42489, 7b1e61a0-7daf-43dd-99d5-9b325c1d31ae:0.0.0.0:38412], old=null
2019-10-20 17:41:42,170 [8f18dce1-0a3d-4b65-9c78-af3d58b2da7f@group-091950D56227-LeaderElection688] INFO  impl.RaftServerImpl (RaftServerImpl.java:setRole(184)) - 8f18dce1-0a3d-4b65-9c78-af3d58b2da7f@group-091950D56227: changes role from CANDIDATE to FOLLOWER at term 809 for DISCOVERED_A_NEW_TERM
2019-10-20 17:41:42,170 [8f18dce1-0a3d-4b65-9c78-af3d58b2da7f@group-091950D56227-LeaderElection688] INFO  impl.RoleInfo (RoleInfo.java:shutdownLeaderElection(134)) - 8f18dce1-0a3d-4b65-9c78-af3d58b2da7f: shutdown LeaderElection
2019-10-20 17:41:42,171 [8f18dce1-0a3d-4b65-9c78-af3d58b2da7f@group-091950D56227-LeaderElection688] INFO  impl.RoleInfo (RoleInfo.java:updateAndGet(143)) - 8f18dce1-0a3d-4b65-9c78-af3d58b2da7f: start FollowerState
2019-10-20 17:41:42,192 [Thread-4875] INFO  impl.FollowerState (FollowerState.java:run(108)) - 8f18dce1-0a3d-4b65-9c78-af3d58b2da7f@group-091950D56227-FollowerState: change to CANDIDATE, lastRpcTime:21ms, electionTimeout:21ms
2019-10-20 17:41:42,192 [Thread-4875] INFO  impl.RoleInfo (RoleInfo.java:shutdownFollowerState(121)) - 8f18dce1-0a3d-4b65-9c78-af3d58b2da7f: shutdown FollowerState
2019-10-20 17:41:42,192 [Thread-4875] INFO  impl.RaftServerImpl (RaftServerImpl.java:setRole(184)) - 8f18dce1-0a3d-4b65-9c78-af3d58b2da7f@group-091950D56227: changes role from  FOLLOWER to CANDIDATE at term 809 for changeToCandidate
2019-10-20 17:41:42,192 [Thread-4875] INFO  impl.RoleInfo (RoleInfo.java:updateAndGet(143)) - 8f18dce1-0a3d-4b65-9c78-af3d58b2da7f: start LeaderElection
2019-10-20 17:41:42,220 [8f18dce1-0a3d-4b65-9c78-af3d58b2da7f@group-091950D56227-LeaderElection689] INFO  impl.LeaderElection (LeaderElection.java:askForVotes(178)) - 8f18dce1-0a3d-4b65-9c78-af3d58b2da7f@group-091950D56227-LeaderElection689: begin an election at term 810 for -1: [8a63e1ae-032e-4bed-9f20-125a11f65413:0.0.0.0:38685, 8f18dce1-0a3d-4b65-9c78-af3d58b2da7f:0.0.0.0:42489, 7b1e61a0-7daf-43dd-99d5-9b325c1d31ae:0.0.0.0:38412], old=null
2019-10-20 17:41:42,222 [grpc-default-executor-3] INFO  impl.RaftServerImpl (RaftServerImpl.java:setRole(184)) - 8a63e1ae-032e-4bed-9f20-125a11f65413@group-091950D56227: changes role from  FOLLOWER to FOLLOWER at term 810 for recognizeCandidate:8f18dce1-0a3d-4b65-9c78-af3d58b2da7f
2019-10-20 17:41:42,222 [grpc-default-executor-3] INFO  impl.RoleInfo (RoleInfo.java:shutdownFollowerState(121)) - 8a63e1ae-032e-4bed-9f20-125a11f65413: shutdown FollowerState
2019-10-20 17:41:42,222 [grpc-default-executor-0] INFO  impl.RaftServerImpl (RaftServerImpl.java:setRole(184)) - 7b1e61a0-7daf-43dd-99d5-9b325c1d31ae@group-091950D56227: changes role from  FOLLOWER to FOLLOWER at term 810 for recognizeCandidate:8f18dce1-0a3d-4b65-9c78-af3d58b2da7f
2019-10-20 17:41:42,222 [Thread-4874] INFO  impl.FollowerState (FollowerState.java:run(117)) - 8a63e1ae-032e-4bed-9f20-125a11f65413@group-091950D56227-FollowerState was interrupted: java.lang.InterruptedException: sleep interrupted
2019-10-20 17:41:42,222 [grpc-default-executor-3] INFO  impl.RoleInfo (RoleInfo.java:updateAndGet(143)) - 8a63e1ae-032e-4bed-9f20-125a11f65413: start FollowerState
2019-10-20 17:41:42,222 [grpc-default-executor-0] INFO  impl.RoleInfo (RoleInfo.java:shutdownFollowerState(121)) - 7b1e61a0-7daf-43dd-99d5-9b325c1d31ae: shutdown FollowerState
2019-10-20 17:41:42,222 [grpc-default-executor-0] INFO  impl.RoleInfo (RoleInfo.java:updateAndGet(143)) - 7b1e61a0-7daf-43dd-99d5-9b325c1d31ae: start FollowerState
2019-10-20 17:41:42,222 [Thread-4873] INFO  impl.FollowerState (FollowerState.java:run(117)) - 7b1e61a0-7daf-43dd-99d5-9b325c1d31ae@group-091950D56227-FollowerState was interrupted: java.lang.InterruptedException: sleep interrupted
2019-10-20 17:41:42,246 [8f18dce1-0a3d-4b65-9c78-af3d58b2da7f@group-091950D56227-LeaderElection689] INFO  impl.LeaderElection (LeaderElection.java:logAndReturn(56)) - 8f18dce1-0a3d-4b65-9c78-af3d58b2da7f@group-091950D56227-LeaderElection689: Election REJECTED; received 2 response(s) [8f18dce1-0a3d-4b65-9c78-af3d58b2da7f<-8a63e1ae-032e-4bed-9f20-125a11f65413#0:FAIL-t810, 8f18dce1-0a3d-4b65-9c78-af3d58b2da7f<-7b1e61a0-7daf-43dd-99d5-9b325c1d31ae#0:FAIL-t810] and 0 exception(s); 8f18dce1-0a3d-4b65-9c78-af3d58b2da7f@group-091950D56227:t810, leader=null, voted=8f18dce1-0a3d-4b65-9c78-af3d58b2da7f, raftlog=8f18dce1-0a3d-4b65-9c78-af3d58b2da7f@group-091950D56227-SegmentedRaftLog:OPENED:c-1,f-1,i0, conf=-1: [8a63e1ae-032e-4bed-9f20-125a11f65413:0.0.0.0:38685, 8f18dce1-0a3d-4b65-9c78-af3d58b2da7f:0.0.0.0:42489, 7b1e61a0-7daf-43dd-99d5-9b325c1d31ae:0.0.0.0:38412], old=null
2019-10-20 17:41:42,246 [8f18dce1-0a3d-4b65-9c78-af3d58b2da7f@group-091950D56227-LeaderElection689] INFO  impl.RaftServerImpl (RaftServerImpl.java:setRole(184)) - 8f18dce1-0a3d-4b65-9c78-af3d58b2da7f@group-091950D56227: changes role from CANDIDATE to FOLLOWER at term 810 for DISCOVERED_A_NEW_TERM
2019-10-20 17:41:42,246 [8f18dce1-0a3d-4b65-9c78-af3d58b2da7f@group-091950D56227-LeaderElection689] INFO  impl.RoleInfo (RoleInfo.java:shutdownLeaderElection(134)) - 8f18dce1-0a3d-4b65-9c78-af3d58b2da7f: shutdown LeaderElection
2019-10-20 17:41:42,246 [8f18dce1-0a3d-4b65-9c78-af3d58b2da7f@group-091950D56227-LeaderElection689] INFO  impl.RoleInfo (RoleInfo.java:updateAndGet(143)) - 8f18dce1-0a3d-4b65-9c78-af3d58b2da7f: start FollowerState
2019-10-20 17:41:42,321 [Thread-4881] INFO  impl.FollowerState (FollowerState.java:run(108)) - 8f18dce1-0a3d-4b65-9c78-af3d58b2da7f@group-091950D56227-FollowerState: change to CANDIDATE, lastRpcTime:74ms, electionTimeout:74ms
2019-10-20 17:41:42,321 [Thread-4881] INFO  impl.RoleInfo (RoleInfo.java:shutdownFollowerState(121)) - 8f18dce1-0a3d-4b65-9c78-af3d58b2da7f: shutdown FollowerState
2019-10-20 17:41:42,321 [Thread-4881] INFO  impl.RaftServerImpl (RaftServerImpl.java:setRole(184)) - 8f18dce1-0a3d-4b65-9c78-af3d58b2da7f@group-091950D56227: changes role from  FOLLOWER to CANDIDATE at term 810 for changeToCandidate
2019-10-20 17:41:42,321 [Thread-4881] INFO  impl.RoleInfo (RoleInfo.java:updateAndGet(143)) - 8f18dce1-0a3d-4b65-9c78-af3d58b2da7f: start LeaderElection
2019-10-20 17:41:42,346 [8f18dce1-0a3d-4b65-9c78-af3d58b2da7f@group-091950D56227-LeaderElection690] INFO  impl.LeaderElection (LeaderElection.java:askForVotes(178)) - 8f18dce1-0a3d-4b65-9c78-af3d58b2da7f@group-091950D56227-LeaderElection690: begin an election at term 811 for -1: [8a63e1ae-032e-4bed-9f20-125a11f65413:0.0.0.0:38685, 8f18dce1-0a3d-4b65-9c78-af3d58b2da7f:0.0.0.0:42489, 7b1e61a0-7daf-43dd-99d5-9b325c1d31ae:0.0.0.0:38412], old=null
2019-10-20 17:41:42,347 [grpc-default-executor-0] INFO  impl.RaftServerImpl (RaftServerImpl.java:setRole(184)) - 8a63e1ae-032e-4bed-9f20-125a11f65413@group-091950D56227: changes role from  FOLLOWER to FOLLOWER at term 811 for recognizeCandidate:8f18dce1-0a3d-4b65-9c78-af3d58b2da7f
2019-10-20 17:41:42,347 [grpc-default-executor-3] INFO  impl.RaftServerImpl (RaftServerImpl.java:setRole(184)) - 7b1e61a0-7daf-43dd-99d5-9b325c1d31ae@group-091950D56227: changes role from  FOLLOWER to FOLLOWER at term 811 for recognizeCandidate:8f18dce1-0a3d-4b65-9c78-af3d58b2da7f
2019-10-20 17:41:42,347 [grpc-default-executor-3] INFO  impl.RoleInfo (RoleInfo.java:shutdownFollowerState(121)) - 7b1e61a0-7daf-43dd-99d5-9b325c1d31ae: shutdown FollowerState
2019-10-20 17:41:42,347 [grpc-default-executor-0] INFO  impl.RoleInfo (RoleInfo.java:shutdownFollowerState(121)) - 8a63e1ae-032e-4bed-9f20-125a11f65413: shutdown FollowerState
2019-10-20 17:41:42,347 [Thread-4880] INFO  impl.FollowerState (FollowerState.java:run(117)) - 7b1e61a0-7daf-43dd-99d5-9b325c1d31ae@group-091950D56227-FollowerState was interrupted: java.lang.InterruptedException: sleep interrupted
2019-10-20 17:41:42,347 [grpc-default-executor-3] INFO  impl.RoleInfo (RoleInfo.java:updateAndGet(143)) - 7b1e61a0-7daf-43dd-99d5-9b325c1d31ae: start FollowerState
2019-10-20 17:41:42,348 [Thread-4879] INFO  impl.FollowerState (FollowerState.java:run(117)) - 8a63e1ae-032e-4bed-9f20-125a11f65413@group-091950D56227-FollowerState was interrupted: java.lang.InterruptedException: sleep interrupted
2019-10-20 17:41:42,348 [grpc-default-executor-0] INFO  impl.RoleInfo (RoleInfo.java:updateAndGet(143)) - 8a63e1ae-032e-4bed-9f20-125a11f65413: start FollowerState
2019-10-20 17:41:42,372 [8f18dce1-0a3d-4b65-9c78-af3d58b2da7f@group-091950D56227-LeaderElection690] INFO  impl.LeaderElection (LeaderElection.java:logAndReturn(56)) - 8f18dce1-0a3d-4b65-9c78-af3d58b2da7f@group-091950D56227-LeaderElection690: Election REJECTED; received 2 response(s) [8f18dce1-0a3d-4b65-9c78-af3d58b2da7f<-8a63e1ae-032e-4bed-9f20-125a11f65413#0:FAIL-t811, 8f18dce1-0a3d-4b65-9c78-af3d58b2da7f<-7b1e61a0-7daf-43dd-99d5-9b325c1d31ae#0:FAIL-t811] and 0 exception(s); 8f18dce1-0a3d-4b65-9c78-af3d58b2da7f@group-091950D56227:t811, leader=null, voted=8f18dce1-0a3d-4b65-9c78-af3d58b2da7f, raftlog=8f18dce1-0a3d-4b65-9c78-af3d58b2da7f@group-091950D56227-SegmentedRaftLog:OPENED:c-1,f-1,i0, conf=-1: [8a63e1ae-032e-4bed-9f20-125a11f65413:0.0.0.0:38685, 8f18dce1-0a3d-4b65-9c78-af3d58b2da7f:0.0.0.0:42489, 7b1e61a0-7daf-43dd-99d5-9b325c1d31ae:0.0.0.0:38412], old=null
2019-10-20 17:41:42,372 [8f18dce1-0a3d-4b65-9c78-af3d58b2da7f@group-091950D56227-LeaderElection690] INFO  impl.RaftServerImpl (RaftServerImpl.java:setRole(184)) - 8f18dce1-0a3d-4b65-9c78-af3d58b2da7f@group-091950D56227: changes role from CANDIDATE to FOLLOWER at term 811 for DISCOVERED_A_NEW_TERM
2019-10-20 17:41:42,372 [8f18dce1-0a3d-4b65-9c78-af3d58b2da7f@group-091950D56227-LeaderElection690] INFO  impl.RoleInfo (RoleInfo.java:shutdownLeaderElection(134)) - 8f18dce1-0a3d-4b65-9c78-af3d58b2da7f: shutdown LeaderElection
2019-10-20 17:41:42,372 [8f18dce1-0a3d-4b65-9c78-af3d58b2da7f@group-091950D56227-LeaderElection690] INFO  impl.RoleInfo (RoleInfo.java:updateAndGet(143)) - 8f18dce1-0a3d-4b65-9c78-af3d58b2da7f: start FollowerState
2019-10-20 17:41:42,404 [Thread-4887] INFO  impl.FollowerState (FollowerState.java:run(108)) - 8f18dce1-0a3d-4b65-9c78-af3d58b2da7f@group-091950D56227-FollowerState: change to CANDIDATE, lastRpcTime:31ms, electionTimeout:31ms
2019-10-20 17:41:42,404 [Thread-4887] INFO  impl.RoleInfo (RoleInfo.java:shutdownFollowerState(121)) - 8f18dce1-0a3d-4b65-9c78-af3d58b2da7f: shutdown FollowerState
2019-10-20 17:41:42,404 [Thread-4887] INFO  impl.RaftServerImpl (RaftServerImpl.java:setRole(184)) - 8f18dce1-0a3d-4b65-9c78-af3d58b2da7f@group-091950D56227: changes role from  FOLLOWER to CANDIDATE at term 811 for changeToCandidate
2019-10-20 17:41:42,404 [Thread-4887] INFO  impl.RoleInfo (RoleInfo.java:updateAndGet(143)) - 8f18dce1-0a3d-4b65-9c78-af3d58b2da7f: start LeaderElection
2019-10-20 17:41:42,430 [8f18dce1-0a3d-4b65-9c78-af3d58b2da7f@group-091950D56227-LeaderElection691] INFO  impl.LeaderElection (LeaderElection.java:askForVotes(178)) - 8f18dce1-0a3d-4b65-9c78-af3d58b2da7f@group-091950D56227-LeaderElection691: begin an election at term 812 for -1: [8a63e1ae-032e-4bed-9f20-125a11f65413:0.0.0.0:38685, 8f18dce1-0a3d-4b65-9c78-af3d58b2da7f:0.0.0.0:42489, 7b1e61a0-7daf-43dd-99d5-9b325c1d31ae:0.0.0.0:38412], old=null
2019-10-20 17:41:42,432 [grpc-default-executor-0] INFO  impl.RaftServerImpl (RaftServerImpl.java:setRole(184)) - 8a63e1ae-032e-4bed-9f20-125a11f65413@group-091950D56227: changes role from  FOLLOWER to FOLLOWER at term 812 for recognizeCandidate:8f18dce1-0a3d-4b65-9c78-af3d58b2da7f
2019-10-20 17:41:42,432 [grpc-default-executor-0] INFO  impl.RoleInfo (RoleInfo.java:shutdownFollowerState(121)) - 8a63e1ae-032e-4bed-9f20-125a11f65413: shutdown FollowerState
2019-10-20 17:41:42,432 [grpc-default-executor-3] INFO  impl.RaftServerImpl (RaftServerImpl.java:setRole(184)) - 7b1e61a0-7daf-43dd-99d5-9b325c1d31ae@group-091950D56227: changes role from  FOLLOWER to FOLLOWER at term 812 for recognizeCandidate:8f18dce1-0a3d-4b65-9c78-af3d58b2da7f
2019-10-20 17:41:42,432 [grpc-default-executor-3] INFO  impl.RoleInfo (RoleInfo.java:shutdownFollowerState(121)) - 7b1e61a0-7daf-43dd-99d5-9b325c1d31ae: shutdown FollowerState
2019-10-20 17:41:42,432 [Thread-4886] INFO  impl.FollowerState (FollowerState.java:run(117)) - 8a63e1ae-032e-4bed-9f20-125a11f65413@group-091950D56227-FollowerState was interrupted: java.lang.InterruptedException: sleep interrupted
2019-10-20 17:41:42,432 [Thread-4885] INFO  impl.FollowerState (FollowerState.java:run(117)) - 7b1e61a0-7daf-43dd-99d5-9b325c1d31ae@group-091950D56227-FollowerState was interrupted: java.lang.InterruptedException: sleep interrupted
2019-10-20 17:41:42,432 [grpc-default-executor-0] INFO  impl.RoleInfo (RoleInfo.java:updateAndGet(143)) - 8a63e1ae-032e-4bed-9f20-125a11f65413: start FollowerState
2019-10-20 17:41:42,432 [grpc-default-executor-3] INFO  impl.RoleInfo (RoleInfo.java:updateAndGet(143)) - 7b1e61a0-7daf-43dd-99d5-9b325c1d31ae: start FollowerState
2019-10-20 17:41:42,465 [8f18dce1-0a3d-4b65-9c78-af3d58b2da7f@group-091950D56227-LeaderElection691] INFO  impl.LeaderElection (LeaderElection.java:logAndReturn(56)) - 8f18dce1-0a3d-4b65-9c78-af3d58b2da7f@group-091950D56227-LeaderElection691: Election REJECTED; received 2 response(s) [8f18dce1-0a3d-4b65-9c78-af3d58b2da7f<-8a63e1ae-032e-4bed-9f20-125a11f65413#0:FAIL-t812, 8f18dce1-0a3d-4b65-9c78-af3d58b2da7f<-7b1e61a0-7daf-43dd-99d5-9b325c1d31ae#0:FAIL-t812] and 0 exception(s); 8f18dce1-0a3d-4b65-9c78-af3d58b2da7f@group-091950D56227:t812, leader=null, voted=8f18dce1-0a3d-4b65-9c78-af3d58b2da7f, raftlog=8f18dce1-0a3d-4b65-9c78-af3d58b2da7f@group-091950D56227-SegmentedRaftLog:OPENED:c-1,f-1,i0, conf=-1: [8a63e1ae-032e-4bed-9f20-125a11f65413:0.0.0.0:38685, 8f18dce1-0a3d-4b65-9c78-af3d58b2da7f:0.0.0.0:42489, 7b1e61a0-7daf-43dd-99d5-9b325c1d31ae:0.0.0.0:38412], old=null
2019-10-20 17:41:42,465 [8f18dce1-0a3d-4b65-9c78-af3d58b2da7f@group-091950D56227-LeaderElection691] INFO  impl.RaftServerImpl (RaftServerImpl.java:setRole(184)) - 8f18dce1-0a3d-4b65-9c78-af3d58b2da7f@group-091950D56227: changes role from CANDIDATE to FOLLOWER at term 812 for DISCOVERED_A_NEW_TERM
2019-10-20 17:41:42,465 [8f18dce1-0a3d-4b65-9c78-af3d58b2da7f@group-091950D56227-LeaderElection691] INFO  impl.RoleInfo (RoleInfo.java:shutdownLeaderElection(134)) - 8f18dce1-0a3d-4b65-9c78-af3d58b2da7f: shutdown LeaderElection
2019-10-20 17:41:42,465 [8f18dce1-0a3d-4b65-9c78-af3d58b2da7f@group-091950D56227-LeaderElection691] INFO  impl.RoleInfo (RoleInfo.java:updateAndGet(143)) - 8f18dce1-0a3d-4b65-9c78-af3d58b2da7f: start FollowerState
2019-10-20 17:41:42,607 [Thread-4893] INFO  impl.FollowerState (FollowerState.java:run(108)) - 8f18dce1-0a3d-4b65-9c78-af3d58b2da7f@group-091950D56227-FollowerState: change to CANDIDATE, lastRpcTime:142ms, electionTimeout:142ms
2019-10-20 17:41:42,607 [Thread-4893] INFO  impl.RoleInfo (RoleInfo.java:shutdownFollowerState(121)) - 8f18dce1-0a3d-4b65-9c78-af3d58b2da7f: shutdown FollowerState
2019-10-20 17:41:42,608 [Thread-4893] INFO  impl.RaftServerImpl (RaftServerImpl.java:setRole(184)) - 8f18dce1-0a3d-4b65-9c78-af3d58b2da7f@group-091950D56227: changes role from  FOLLOWER to CANDIDATE at term 812 for changeToCandidate
2019-10-20 17:41:42,608 [Thread-4893] INFO  impl.RoleInfo (RoleInfo.java:updateAndGet(143)) - 8f18dce1-0a3d-4b65-9c78-af3d58b2da7f: start LeaderElection
2019-10-20 17:41:42,631 [8f18dce1-0a3d-4b65-9c78-af3d58b2da7f@group-091950D56227-LeaderElection692] INFO  impl.LeaderElection (LeaderElection.java:askForVotes(178)) - 8f18dce1-0a3d-4b65-9c78-af3d58b2da7f@group-091950D56227-LeaderElection692: begin an election at term 813 for -1: [8a63e1ae-032e-4bed-9f20-125a11f65413:0.0.0.0:38685, 8f18dce1-0a3d-4b65-9c78-af3d58b2da7f:0.0.0.0:42489, 7b1e61a0-7daf-43dd-99d5-9b325c1d31ae:0.0.0.0:38412], old=null
2019-10-20 17:41:42,633 [grpc-default-executor-0] INFO  impl.RaftServerImpl (RaftServerImpl.java:setRole(184)) - 8a63e1ae-032e-4bed-9f20-125a11f65413@group-091950D56227: changes role from  FOLLOWER to FOLLOWER at term 813 for recognizeCandidate:8f18dce1-0a3d-4b65-9c78-af3d58b2da7f
2019-10-20 17:41:42,633 [grpc-default-executor-0] INFO  impl.RoleInfo (RoleInfo.java:shutdownFollowerState(121)) - 8a63e1ae-032e-4bed-9f20-125a11f65413: shutdown FollowerState
2019-10-20 17:41:42,633 [grpc-default-executor-3] INFO  impl.RaftServerImpl (RaftServerImpl.java:setRole(184)) - 7b1e61a0-7daf-43dd-99d5-9b325c1d31ae@group-091950D56227: changes role from  FOLLOWER to FOLLOWER at term 813 for recognizeCandidate:8f18dce1-0a3d-4b65-9c78-af3d58b2da7f
2019-10-20 17:41:42,633 [Thread-4891] INFO  impl.FollowerState (FollowerState.java:run(117)) - 8a63e1ae-032e-4bed-9f20-125a11f65413@group-091950D56227-FollowerState was interrupted: java.lang.InterruptedException: sleep interrupted
2019-10-20 17:41:42,633 [grpc-default-executor-0] INFO  impl.RoleInfo (RoleInfo.java:updateAndGet(143)) - 8a63e1ae-032e-4bed-9f20-125a11f65413: start FollowerState
2019-10-20 17:41:42,633 [grpc-default-executor-3] INFO  impl.RoleInfo (RoleInfo.java:shutdownFollowerState(121)) - 7b1e61a0-7daf-43dd-99d5-9b325c1d31ae: shutdown FollowerState
2019-10-20 17:41:42,634 [grpc-default-executor-3] INFO  impl.RoleInfo (RoleInfo.java:updateAndGet(143)) - 7b1e61a0-7daf-43dd-99d5-9b325c1d31ae: start FollowerState
2019-10-20 17:41:42,634 [Thread-4892] INFO  impl.FollowerState (FollowerState.java:run(117)) - 7b1e61a0-7daf-43dd-99d5-9b325c1d31ae@group-091950D56227-FollowerState was interrupted: java.lang.InterruptedException: sleep interrupted
2019-10-20 17:41:42,657 [8f18dce1-0a3d-4b65-9c78-af3d58b2da7f@group-091950D56227-LeaderElection692] INFO  impl.LeaderElection (LeaderElection.java:logAndReturn(56)) - 8f18dce1-0a3d-4b65-9c78-af3d58b2da7f@group-091950D56227-LeaderElection692: Election REJECTED; received 2 response(s) [8f18dce1-0a3d-4b65-9c78-af3d58b2da7f<-8a63e1ae-032e-4bed-9f20-125a11f65413#0:FAIL-t813, 8f18dce1-0a3d-4b65-9c78-af3d58b2da7f<-7b1e61a0-7daf-43dd-99d5-9b325c1d31ae#0:FAIL-t813] and 0 exception(s); 8f18dce1-0a3d-4b65-9c78-af3d58b2da7f@group-091950D56227:t813, leader=null, voted=8f18dce1-0a3d-4b65-9c78-af3d58b2da7f, raftlog=8f18dce1-0a3d-4b65-9c78-af3d58b2da7f@group-091950D56227-SegmentedRaftLog:OPENED:c-1,f-1,i0, conf=-1: [8a63e1ae-032e-4bed-9f20-125a11f65413:0.0.0.0:38685, 8f18dce1-0a3d-4b65-9c78-af3d58b2da7f:0.0.0.0:42489, 7b1e61a0-7daf-43dd-99d5-9b325c1d31ae:0.0.0.0:38412], old=null
2019-10-20 17:41:42,658 [8f18dce1-0a3d-4b65-9c78-af3d58b2da7f@group-091950D56227-LeaderElection692] INFO  impl.RaftServerImpl (RaftServerImpl.java:setRole(184)) - 8f18dce1-0a3d-4b65-9c78-af3d58b2da7f@group-091950D56227: changes role from CANDIDATE to FOLLOWER at term 813 for DISCOVERED_A_NEW_TERM
2019-10-20 17:41:42,658 [8f18dce1-0a3d-4b65-9c78-af3d58b2da7f@group-091950D56227-LeaderElection692] INFO  impl.RoleInfo (RoleInfo.java:shutdownLeaderElection(134)) - 8f18dce1-0a3d-4b65-9c78-af3d58b2da7f: shutdown LeaderElection
2019-10-20 17:41:42,658 [8f18dce1-0a3d-4b65-9c78-af3d58b2da7f@group-091950D56227-LeaderElection692] INFO  impl.RoleInfo (RoleInfo.java:updateAndGet(143)) - 8f18dce1-0a3d-4b65-9c78-af3d58b2da7f: start FollowerState
2019-10-20 17:41:42,791 [Thread-4899] INFO  impl.FollowerState (FollowerState.java:run(108)) - 8f18dce1-0a3d-4b65-9c78-af3d58b2da7f@group-091950D56227-FollowerState: change to CANDIDATE, lastRpcTime:133ms, electionTimeout:133ms
2019-10-20 17:41:42,791 [Thread-4899] INFO  impl.RoleInfo (RoleInfo.java:shutdownFollowerState(121)) - 8f18dce1-0a3d-4b65-9c78-af3d58b2da7f: shutdown FollowerState
2019-10-20 17:41:42,791 [Thread-4899] INFO  impl.RaftServerImpl (RaftServerImpl.java:setRole(184)) - 8f18dce1-0a3d-4b65-9c78-af3d58b2da7f@group-091950D56227: changes role from  FOLLOWER to CANDIDATE at term 813 for changeToCandidate
2019-10-20 17:41:42,792 [Thread-4899] INFO  impl.RoleInfo (RoleInfo.java:updateAndGet(143)) - 8f18dce1-0a3d-4b65-9c78-af3d58b2da7f: start LeaderElection
2019-10-20 17:41:42,815 [8f18dce1-0a3d-4b65-9c78-af3d58b2da7f@group-091950D56227-LeaderElection693] INFO  impl.LeaderElection (LeaderElection.java:askForVotes(178)) - 8f18dce1-0a3d-4b65-9c78-af3d58b2da7f@group-091950D56227-LeaderElection693: begin an election at term 814 for -1: [8a63e1ae-032e-4bed-9f20-125a11f65413:0.0.0.0:38685, 8f18dce1-0a3d-4b65-9c78-af3d58b2da7f:0.0.0.0:42489, 7b1e61a0-7daf-43dd-99d5-9b325c1d31ae:0.0.0.0:38412], old=null
2019-10-20 17:41:42,817 [grpc-default-executor-0] INFO  impl.RaftServerImpl (RaftServerImpl.java:setRole(184)) - 8a63e1ae-032e-4bed-9f20-125a11f65413@group-091950D56227: changes role from  FOLLOWER to FOLLOWER at term 814 for recognizeCandidate:8f18dce1-0a3d-4b65-9c78-af3d58b2da7f
2019-10-20 17:41:42,817 [grpc-default-executor-3] INFO  impl.RaftServerImpl (RaftServerImpl.java:setRole(184)) - 7b1e61a0-7daf-43dd-99d5-9b325c1d31ae@group-091950D56227: changes role from  FOLLOWER to FOLLOWER at term 814 for recognizeCandidate:8f18dce1-0a3d-4b65-9c78-af3d58b2da7f
2019-10-20 17:41:42,817 [grpc-default-executor-3] INFO  impl.RoleInfo (RoleInfo.java:shutdownFollowerState(121)) - 7b1e61a0-7daf-43dd-99d5-9b325c1d31ae: shutdown FollowerState
2019-10-20 17:41:42,817 [grpc-default-executor-0] INFO  impl.RoleInfo (RoleInfo.java:shutdownFollowerState(121)) - 8a63e1ae-032e-4bed-9f20-125a11f65413: shutdown FollowerState
2019-10-20 17:41:42,818 [Thread-4898] INFO  impl.FollowerState (FollowerState.java:run(117)) - 7b1e61a0-7daf-43dd-99d5-9b325c1d31ae@group-091950D56227-FollowerState was interrupted: java.lang.InterruptedException: sleep interrupted
2019-10-20 17:41:42,818 [grpc-default-executor-3] INFO  impl.RoleInfo (RoleInfo.java:updateAndGet(143)) - 7b1e61a0-7daf-43dd-99d5-9b325c1d31ae: start FollowerState
2019-10-20 17:41:42,818 [Thread-4897] INFO  impl.FollowerState (FollowerState.java:run(117)) - 8a63e1ae-032e-4bed-9f20-125a11f65413@group-091950D56227-FollowerState was interrupted: java.lang.InterruptedException: sleep interrupted
2019-10-20 17:41:42,818 [grpc-default-executor-0] INFO  impl.RoleInfo (RoleInfo.java:updateAndGet(143)) - 8a63e1ae-032e-4bed-9f20-125a11f65413: start FollowerState
2019-10-20 17:41:42,842 [8f18dce1-0a3d-4b65-9c78-af3d58b2da7f@group-091950D56227-LeaderElection693] INFO  impl.LeaderElection (LeaderElection.java:logAndReturn(56)) - 8f18dce1-0a3d-4b65-9c78-af3d58b2da7f@group-091950D56227-LeaderElection693: Election REJECTED; received 2 response(s) [8f18dce1-0a3d-4b65-9c78-af3d58b2da7f<-8a63e1ae-032e-4bed-9f20-125a11f65413#0:FAIL-t814, 8f18dce1-0a3d-4b65-9c78-af3d58b2da7f<-7b1e61a0-7daf-43dd-99d5-9b325c1d31ae#0:FAIL-t814] and 0 exception(s); 8f18dce1-0a3d-4b65-9c78-af3d58b2da7f@group-091950D56227:t814, leader=null, voted=8f18dce1-0a3d-4b65-9c78-af3d58b2da7f, raftlog=8f18dce1-0a3d-4b65-9c78-af3d58b2da7f@group-091950D56227-SegmentedRaftLog:OPENED:c-1,f-1,i0, conf=-1: [8a63e1ae-032e-4bed-9f20-125a11f65413:0.0.0.0:38685, 8f18dce1-0a3d-4b65-9c78-af3d58b2da7f:0.0.0.0:42489, 7b1e61a0-7daf-43dd-99d5-9b325c1d31ae:0.0.0.0:38412], old=null
2019-10-20 17:41:42,842 [8f18dce1-0a3d-4b65-9c78-af3d58b2da7f@group-091950D56227-LeaderElection693] INFO  impl.RaftServerImpl (RaftServerImpl.java:setRole(184)) - 8f18dce1-0a3d-4b65-9c78-af3d58b2da7f@group-091950D56227: changes role from CANDIDATE to FOLLOWER at term 814 for DISCOVERED_A_NEW_TERM
2019-10-20 17:41:42,842 [8f18dce1-0a3d-4b65-9c78-af3d58b2da7f@group-091950D56227-LeaderElection693] INFO  impl.RoleInfo (RoleInfo.java:shutdownLeaderElection(134)) - 8f18dce1-0a3d-4b65-9c78-af3d58b2da7f: shutdown LeaderElection
2019-10-20 17:41:42,842 [8f18dce1-0a3d-4b65-9c78-af3d58b2da7f@group-091950D56227-LeaderElection693] INFO  impl.RoleInfo (RoleInfo.java:updateAndGet(143)) - 8f18dce1-0a3d-4b65-9c78-af3d58b2da7f: start FollowerState
2019-10-20 17:41:42,930 [Thread-4907] INFO  impl.FollowerState (FollowerState.java:run(108)) - 8f18dce1-0a3d-4b65-9c78-af3d58b2da7f@group-091950D56227-FollowerState: change to CANDIDATE, lastRpcTime:88ms, electionTimeout:88ms
2019-10-20 17:41:42,931 [Thread-4907] INFO  impl.RoleInfo (RoleInfo.java:shutdownFollowerState(121)) - 8f18dce1-0a3d-4b65-9c78-af3d58b2da7f: shutdown FollowerState
2019-10-20 17:41:42,931 [Thread-4907] INFO  impl.RaftServerImpl (RaftServerImpl.java:setRole(184)) - 8f18dce1-0a3d-4b65-9c78-af3d58b2da7f@group-091950D56227: changes role from  FOLLOWER to CANDIDATE at term 814 for changeToCandidate
2019-10-20 17:41:42,931 [Thread-4907] INFO  impl.RoleInfo (RoleInfo.java:updateAndGet(143)) - 8f18dce1-0a3d-4b65-9c78-af3d58b2da7f: start LeaderElection
2019-10-20 17:41:42,958 [8f18dce1-0a3d-4b65-9c78-af3d58b2da7f@group-091950D56227-LeaderElection694] INFO  impl.LeaderElection (LeaderElection.java:askForVotes(178)) - 8f18dce1-0a3d-4b65-9c78-af3d58b2da7f@group-091950D56227-LeaderElection694: begin an election at term 815 for -1: [8a63e1ae-032e-4bed-9f20-125a11f65413:0.0.0.0:38685, 8f18dce1-0a3d-4b65-9c78-af3d58b2da7f:0.0.0.0:42489, 7b1e61a0-7daf-43dd-99d5-9b325c1d31ae:0.0.0.0:38412], old=null
2019-10-20 17:41:42,960 [grpc-default-executor-3] INFO  impl.RaftServerImpl (RaftServerImpl.java:setRole(184)) - 8a63e1ae-032e-4bed-9f20-125a11f65413@group-091950D56227: changes role from  FOLLOWER to FOLLOWER at term 815 for recognizeCandidate:8f18dce1-0a3d-4b65-9c78-af3d58b2da7f
2019-10-20 17:41:42,960 [grpc-default-executor-3] INFO  impl.RoleInfo (RoleInfo.java:shutdownFollowerState(121)) - 8a63e1ae-032e-4bed-9f20-125a11f65413: shutdown FollowerState
2019-10-20 17:41:42,960 [grpc-default-executor-0] INFO  impl.RaftServerImpl (RaftServerImpl.java:setRole(184)) - 7b1e61a0-7daf-43dd-99d5-9b325c1d31ae@group-091950D56227: changes role from  FOLLOWER to FOLLOWER at term 815 for recognizeCandidate:8f18dce1-0a3d-4b65-9c78-af3d58b2da7f
2019-10-20 17:41:42,960 [grpc-default-executor-0] INFO  impl.RoleInfo (RoleInfo.java:shutdownFollowerState(121)) - 7b1e61a0-7daf-43dd-99d5-9b325c1d31ae: shutdown FollowerState
2019-10-20 17:41:42,960 [Thread-4906] INFO  impl.FollowerState (FollowerState.java:run(117)) - 8a63e1ae-032e-4bed-9f20-125a11f65413@group-091950D56227-FollowerState was interrupted: java.lang.InterruptedException: sleep interrupted
2019-10-20 17:41:42,961 [Thread-4905] INFO  impl.FollowerState (FollowerState.java:run(117)) - 7b1e61a0-7daf-43dd-99d5-9b325c1d31ae@group-091950D56227-FollowerState was interrupted: java.lang.InterruptedException: sleep interrupted
2019-10-20 17:41:42,960 [grpc-default-executor-3] INFO  impl.RoleInfo (RoleInfo.java:updateAndGet(143)) - 8a63e1ae-032e-4bed-9f20-125a11f65413: start FollowerState
2019-10-20 17:41:42,961 [grpc-default-executor-0] INFO  impl.RoleInfo (RoleInfo.java:updateAndGet(143)) - 7b1e61a0-7daf-43dd-99d5-9b325c1d31ae: start FollowerState
2019-10-20 17:41:42,964 [8f18dce1-0a3d-4b65-9c78-af3d58b2da7f@group-091950D56227-LeaderElection694] INFO  impl.LeaderElection (LeaderElection.java:logAndReturn(56)) - 8f18dce1-0a3d-4b65-9c78-af3d58b2da7f@group-091950D56227-LeaderElection694: Election TIMEOUT; received 0 response(s) [] and 0 exception(s); 8f18dce1-0a3d-4b65-9c78-af3d58b2da7f@group-091950D56227:t815, leader=null, voted=8f18dce1-0a3d-4b65-9c78-af3d58b2da7f, raftlog=8f18dce1-0a3d-4b65-9c78-af3d58b2da7f@group-091950D56227-SegmentedRaftLog:OPENED:c-1,f-1,i0, conf=-1: [8a63e1ae-032e-4bed-9f20-125a11f65413:0.0.0.0:38685, 8f18dce1-0a3d-4b65-9c78-af3d58b2da7f:0.0.0.0:42489, 7b1e61a0-7daf-43dd-99d5-9b325c1d31ae:0.0.0.0:38412], old=null
2019-10-20 17:41:42,984 [8f18dce1-0a3d-4b65-9c78-af3d58b2da7f@group-091950D56227-LeaderElection694] INFO  impl.LeaderElection (LeaderElection.java:askForVotes(178)) - 8f18dce1-0a3d-4b65-9c78-af3d58b2da7f@group-091950D56227-LeaderElection694: begin an election at term 816 for -1: [8a63e1ae-032e-4bed-9f20-125a11f65413:0.0.0.0:38685, 8f18dce1-0a3d-4b65-9c78-af3d58b2da7f:0.0.0.0:42489, 7b1e61a0-7daf-43dd-99d5-9b325c1d31ae:0.0.0.0:38412], old=null
2019-10-20 17:41:42,985 [grpc-default-executor-3] INFO  impl.RaftServerImpl (RaftServerImpl.java:setRole(184)) - 8a63e1ae-032e-4bed-9f20-125a11f65413@group-091950D56227: changes role from  FOLLOWER to FOLLOWER at term 816 for recognizeCandidate:8f18dce1-0a3d-4b65-9c78-af3d58b2da7f
2019-10-20 17:41:42,986 [grpc-default-executor-2] INFO  impl.RaftServerImpl (RaftServerImpl.java:setRole(184)) - 7b1e61a0-7daf-43dd-99d5-9b325c1d31ae@group-091950D56227: changes role from  FOLLOWER to FOLLOWER at term 816 for recognizeCandidate:8f18dce1-0a3d-4b65-9c78-af3d58b2da7f
2019-10-20 17:41:42,986 [grpc-default-executor-2] INFO  impl.RoleInfo (RoleInfo.java:shutdownFollowerState(121)) - 7b1e61a0-7daf-43dd-99d5-9b325c1d31ae: shutdown FollowerState
2019-10-20 17:41:42,986 [grpc-default-executor-3] INFO  impl.RoleInfo (RoleInfo.java:shutdownFollowerState(121)) - 8a63e1ae-032e-4bed-9f20-125a11f65413: shutdown FollowerState
2019-10-20 17:41:42,986 [Thread-4912] INFO  impl.FollowerState (FollowerState.java:run(117)) - 7b1e61a0-7daf-43dd-99d5-9b325c1d31ae@group-091950D56227-FollowerState was interrupted: java.lang.InterruptedException: sleep interrupted
2019-10-20 17:41:42,986 [grpc-default-executor-2] INFO  impl.RoleInfo (RoleInfo.java:updateAndGet(143)) - 7b1e61a0-7daf-43dd-99d5-9b325c1d31ae: start FollowerState
2019-10-20 17:41:42,986 [Thread-4911] INFO  impl.FollowerState (FollowerState.java:run(117)) - 8a63e1ae-032e-4bed-9f20-125a11f65413@group-091950D56227-FollowerState was interrupted: java.lang.InterruptedException: sleep interrupted
2019-10-20 17:41:42,986 [grpc-default-executor-3] INFO  impl.RoleInfo (RoleInfo.java:updateAndGet(143)) - 8a63e1ae-032e-4bed-9f20-125a11f65413: start FollowerState
2019-10-20 17:41:43,002 [8f18dce1-0a3d-4b65-9c78-af3d58b2da7f@group-091950D56227-LeaderElection694] INFO  impl.LeaderElection (LeaderElection.java:logAndReturn(56)) - 8f18dce1-0a3d-4b65-9c78-af3d58b2da7f@group-091950D56227-LeaderElection694: Election REJECTED; received 2 response(s) [8f18dce1-0a3d-4b65-9c78-af3d58b2da7f<-8a63e1ae-032e-4bed-9f20-125a11f65413#0:FAIL-t816, 8f18dce1-0a3d-4b65-9c78-af3d58b2da7f<-7b1e61a0-7daf-43dd-99d5-9b325c1d31ae#0:FAIL-t816] and 0 exception(s); 8f18dce1-0a3d-4b65-9c78-af3d58b2da7f@group-091950D56227:t816, leader=null, voted=8f18dce1-0a3d-4b65-9c78-af3d58b2da7f, raftlog=8f18dce1-0a3d-4b65-9c78-af3d58b2da7f@group-091950D56227-SegmentedRaftLog:OPENED:c-1,f-1,i0, conf=-1: [8a63e1ae-032e-4bed-9f20-125a11f65413:0.0.0.0:38685, 8f18dce1-0a3d-4b65-9c78-af3d58b2da7f:0.0.0.0:42489, 7b1e61a0-7daf-43dd-99d5-9b325c1d31ae:0.0.0.0:38412], old=null
2019-10-20 17:41:43,003 [8f18dce1-0a3d-4b65-9c78-af3d58b2da7f@group-091950D56227-LeaderElection694] INFO  impl.RaftServerImpl (RaftServerImpl.java:setRole(184)) - 8f18dce1-0a3d-4b65-9c78-af3d58b2da7f@group-091950D56227: changes role from CANDIDATE to FOLLOWER at term 816 for DISCOVERED_A_NEW_TERM
2019-10-20 17:41:43,003 [8f18dce1-0a3d-4b65-9c78-af3d58b2da7f@group-091950D56227-LeaderElection694] INFO  impl.RoleInfo (RoleInfo.java:shutdownLeaderElection(134)) - 8f18dce1-0a3d-4b65-9c78-af3d58b2da7f: shutdown LeaderElection
2019-10-20 17:41:43,003 [8f18dce1-0a3d-4b65-9c78-af3d58b2da7f@group-091950D56227-LeaderElection694] INFO  impl.RoleInfo (RoleInfo.java:updateAndGet(143)) - 8f18dce1-0a3d-4b65-9c78-af3d58b2da7f: start FollowerState
2019-10-20 17:41:43,072 [Thread-4917] INFO  impl.FollowerState (FollowerState.java:run(108)) - 8f18dce1-0a3d-4b65-9c78-af3d58b2da7f@group-091950D56227-FollowerState: change to CANDIDATE, lastRpcTime:69ms, electionTimeout:69ms
2019-10-20 17:41:43,072 [Thread-4917] INFO  impl.RoleInfo (RoleInfo.java:shutdownFollowerState(121)) - 8f18dce1-0a3d-4b65-9c78-af3d58b2da7f: shutdown FollowerState
2019-10-20 17:41:43,072 [Thread-4917] INFO  impl.RaftServerImpl (RaftServerImpl.java:setRole(184)) - 8f18dce1-0a3d-4b65-9c78-af3d58b2da7f@group-091950D56227: changes role from  FOLLOWER to CANDIDATE at term 816 for changeToCandidate
2019-10-20 17:41:43,073 [Thread-4917] INFO  impl.RoleInfo (RoleInfo.java:updateAndGet(143)) - 8f18dce1-0a3d-4b65-9c78-af3d58b2da7f: start LeaderElection
2019-10-20 17:41:43,102 [8f18dce1-0a3d-4b65-9c78-af3d58b2da7f@group-091950D56227-LeaderElection695] INFO  impl.LeaderElection (LeaderElection.java:askForVotes(178)) - 8f18dce1-0a3d-4b65-9c78-af3d58b2da7f@group-091950D56227-LeaderElection695: begin an election at term 817 for -1: [8a63e1ae-032e-4bed-9f20-125a11f65413:0.0.0.0:38685, 8f18dce1-0a3d-4b65-9c78-af3d58b2da7f:0.0.0.0:42489, 7b1e61a0-7daf-43dd-99d5-9b325c1d31ae:0.0.0.0:38412], old=null
2019-10-20 17:41:43,104 [grpc-default-executor-2] INFO  impl.RaftServerImpl (RaftServerImpl.java:setRole(184)) - 8a63e1ae-032e-4bed-9f20-125a11f65413@group-091950D56227: changes role from  FOLLOWER to FOLLOWER at term 817 for recognizeCandidate:8f18dce1-0a3d-4b65-9c78-af3d58b2da7f
2019-10-20 17:41:43,104 [grpc-default-executor-2] INFO  impl.RoleInfo (RoleInfo.java:shutdownFollowerState(121)) - 8a63e1ae-032e-4bed-9f20-125a11f65413: shutdown FollowerState
2019-10-20 17:41:43,104 [grpc-default-executor-2] INFO  impl.RoleInfo (RoleInfo.java:updateAndGet(143)) - 8a63e1ae-032e-4bed-9f20-125a11f65413: start FollowerState
2019-10-20 17:41:43,104 [Thread-4916] INFO  impl.FollowerState (FollowerState.java:run(117)) - 8a63e1ae-032e-4bed-9f20-125a11f65413@group-091950D56227-FollowerState was interrupted: java.lang.InterruptedException: sleep interrupted
2019-10-20 17:41:43,104 [grpc-default-executor-3] INFO  impl.RaftServerImpl (RaftServerImpl.java:setRole(184)) - 7b1e61a0-7daf-43dd-99d5-9b325c1d31ae@group-091950D56227: changes role from  FOLLOWER to FOLLOWER at term 817 for recognizeCandidate:8f18dce1-0a3d-4b65-9c78-af3d58b2da7f
2019-10-20 17:41:43,104 [grpc-default-executor-3] INFO  impl.RoleInfo (RoleInfo.java:shutdownFollowerState(121)) - 7b1e61a0-7daf-43dd-99d5-9b325c1d31ae: shutdown FollowerState
2019-10-20 17:41:43,105 [grpc-default-executor-3] INFO  impl.RoleInfo (RoleInfo.java:updateAndGet(143)) - 7b1e61a0-7daf-43dd-99d5-9b325c1d31ae: start FollowerState
2019-10-20 17:41:43,105 [Thread-4915] INFO  impl.FollowerState (FollowerState.java:run(117)) - 7b1e61a0-7daf-43dd-99d5-9b325c1d31ae@group-091950D56227-FollowerState was interrupted: java.lang.InterruptedException: sleep interrupted
2019-10-20 17:41:43,128 [8f18dce1-0a3d-4b65-9c78-af3d58b2da7f@group-091950D56227-LeaderElection695] INFO  impl.LeaderElection (LeaderElection.java:logAndReturn(56)) - 8f18dce1-0a3d-4b65-9c78-af3d58b2da7f@group-091950D56227-LeaderElection695: Election REJECTED; received 2 response(s) [8f18dce1-0a3d-4b65-9c78-af3d58b2da7f<-8a63e1ae-032e-4bed-9f20-125a11f65413#0:FAIL-t817, 8f18dce1-0a3d-4b65-9c78-af3d58b2da7f<-7b1e61a0-7daf-43dd-99d5-9b325c1d31ae#0:FAIL-t817] and 0 exception(s); 8f18dce1-0a3d-4b65-9c78-af3d58b2da7f@group-091950D56227:t817, leader=null, voted=8f18dce1-0a3d-4b65-9c78-af3d58b2da7f, raftlog=8f18dce1-0a3d-4b65-9c78-af3d58b2da7f@group-091950D56227-SegmentedRaftLog:OPENED:c-1,f-1,i0, conf=-1: [8a63e1ae-032e-4bed-9f20-125a11f65413:0.0.0.0:38685, 8f18dce1-0a3d-4b65-9c78-af3d58b2da7f:0.0.0.0:42489, 7b1e61a0-7daf-43dd-99d5-9b325c1d31ae:0.0.0.0:38412], old=null
2019-10-20 17:41:43,128 [8f18dce1-0a3d-4b65-9c78-af3d58b2da7f@group-091950D56227-LeaderElection695] INFO  impl.RaftServerImpl (RaftServerImpl.java:setRole(184)) - 8f18dce1-0a3d-4b65-9c78-af3d58b2da7f@group-091950D56227: changes role from CANDIDATE to FOLLOWER at term 817 for DISCOVERED_A_NEW_TERM
2019-10-20 17:41:43,128 [8f18dce1-0a3d-4b65-9c78-af3d58b2da7f@group-091950D56227-LeaderElection695] INFO  impl.RoleInfo (RoleInfo.java:shutdownLeaderElection(134)) - 8f18dce1-0a3d-4b65-9c78-af3d58b2da7f: shutdown LeaderElection
2019-10-20 17:41:43,129 [8f18dce1-0a3d-4b65-9c78-af3d58b2da7f@group-091950D56227-LeaderElection695] INFO  impl.RoleInfo (RoleInfo.java:updateAndGet(143)) - 8f18dce1-0a3d-4b65-9c78-af3d58b2da7f: start FollowerState
2019-10-20 17:41:43,174 [Thread-4923] INFO  impl.FollowerState (FollowerState.java:run(108)) - 8f18dce1-0a3d-4b65-9c78-af3d58b2da7f@group-091950D56227-FollowerState: change to CANDIDATE, lastRpcTime:45ms, electionTimeout:45ms
2019-10-20 17:41:43,174 [Thread-4923] INFO  impl.RoleInfo (RoleInfo.java:shutdownFollowerState(121)) - 8f18dce1-0a3d-4b65-9c78-af3d58b2da7f: shutdown FollowerState
2019-10-20 17:41:43,174 [Thread-4923] INFO  impl.RaftServerImpl (RaftServerImpl.java:setRole(184)) - 8f18dce1-0a3d-4b65-9c78-af3d58b2da7f@group-091950D56227: changes role from  FOLLOWER to CANDIDATE at term 817 for changeToCandidate
2019-10-20 17:41:43,174 [Thread-4923] INFO  impl.RoleInfo (RoleInfo.java:updateAndGet(143)) - 8f18dce1-0a3d-4b65-9c78-af3d58b2da7f: start LeaderElection
2019-10-20 17:41:43,203 [8f18dce1-0a3d-4b65-9c78-af3d58b2da7f@group-091950D56227-LeaderElection696] INFO  impl.LeaderElection (LeaderElection.java:askForVotes(178)) - 8f18dce1-0a3d-4b65-9c78-af3d58b2da7f@group-091950D56227-LeaderElection696: begin an election at term 818 for -1: [8a63e1ae-032e-4bed-9f20-125a11f65413:0.0.0.0:38685, 8f18dce1-0a3d-4b65-9c78-af3d58b2da7f:0.0.0.0:42489, 7b1e61a0-7daf-43dd-99d5-9b325c1d31ae:0.0.0.0:38412], old=null
2019-10-20 17:41:43,205 [grpc-default-executor-3] INFO  impl.RaftServerImpl (RaftServerImpl.java:setRole(184)) - 8a63e1ae-032e-4bed-9f20-125a11f65413@group-091950D56227: changes role from  FOLLOWER to FOLLOWER at term 818 for recognizeCandidate:8f18dce1-0a3d-4b65-9c78-af3d58b2da7f
2019-10-20 17:41:43,205 [grpc-default-executor-3] INFO  impl.RoleInfo (RoleInfo.java:shutdownFollowerState(121)) - 8a63e1ae-032e-4bed-9f20-125a11f65413: shutdown FollowerState
2019-10-20 17:41:43,205 [grpc-default-executor-2] INFO  impl.RaftServerImpl (RaftServerImpl.java:setRole(184)) - 7b1e61a0-7daf-43dd-99d5-9b325c1d31ae@group-091950D56227: changes role from  FOLLOWER to FOLLOWER at term 818 for recognizeCandidate:8f18dce1-0a3d-4b65-9c78-af3d58b2da7f
2019-10-20 17:41:43,206 [grpc-default-executor-2] INFO  impl.RoleInfo (RoleInfo.java:shutdownFollowerState(121)) - 7b1e61a0-7daf-43dd-99d5-9b325c1d31ae: shutdown FollowerState
2019-10-20 17:41:43,206 [Thread-4921] INFO  impl.FollowerState (FollowerState.java:run(117)) - 8a63e1ae-032e-4bed-9f20-125a11f65413@group-091950D56227-FollowerState was interrupted: java.lang.InterruptedException: sleep interrupted
2019-10-20 17:41:43,206 [grpc-default-executor-3] INFO  impl.RoleInfo (RoleInfo.java:updateAndGet(143)) - 8a63e1ae-032e-4bed-9f20-125a11f65413: start FollowerState
2019-10-20 17:41:43,206 [Thread-4922] INFO  impl.FollowerState (FollowerState.java:run(117)) - 7b1e61a0-7daf-43dd-99d5-9b325c1d31ae@group-091950D56227-FollowerState was interrupted: java.lang.InterruptedException: sleep interrupted
2019-10-20 17:41:43,206 [grpc-default-executor-2] INFO  impl.RoleInfo (RoleInfo.java:updateAndGet(143)) - 7b1e61a0-7daf-43dd-99d5-9b325c1d31ae: start FollowerState
2019-10-20 17:41:43,229 [8f18dce1-0a3d-4b65-9c78-af3d58b2da7f@group-091950D56227-LeaderElection696] INFO  impl.LeaderElection (LeaderElection.java:logAndReturn(56)) - 8f18dce1-0a3d-4b65-9c78-af3d58b2da7f@group-091950D56227-LeaderElection696: Election REJECTED; received 2 response(s) [8f18dce1-0a3d-4b65-9c78-af3d58b2da7f<-8a63e1ae-032e-4bed-9f20-125a11f65413#0:FAIL-t818, 8f18dce1-0a3d-4b65-9c78-af3d58b2da7f<-7b1e61a0-7daf-43dd-99d5-9b325c1d31ae#0:FAIL-t818] and 0 exception(s); 8f18dce1-0a3d-4b65-9c78-af3d58b2da7f@group-091950D56227:t818, leader=null, voted=8f18dce1-0a3d-4b65-9c78-af3d58b2da7f, raftlog=8f18dce1-0a3d-4b65-9c78-af3d58b2da7f@group-091950D56227-SegmentedRaftLog:OPENED:c-1,f-1,i0, conf=-1: [8a63e1ae-032e-4bed-9f20-125a11f65413:0.0.0.0:38685, 8f18dce1-0a3d-4b65-9c78-af3d58b2da7f:0.0.0.0:42489, 7b1e61a0-7daf-43dd-99d5-9b325c1d31ae:0.0.0.0:38412], old=null
2019-10-20 17:41:43,230 [8f18dce1-0a3d-4b65-9c78-af3d58b2da7f@group-091950D56227-LeaderElection696] INFO  impl.RaftServerImpl (RaftServerImpl.java:setRole(184)) - 8f18dce1-0a3d-4b65-9c78-af3d58b2da7f@group-091950D56227: changes role from CANDIDATE to FOLLOWER at term 818 for DISCOVERED_A_NEW_TERM
2019-10-20 17:41:43,230 [8f18dce1-0a3d-4b65-9c78-af3d58b2da7f@group-091950D56227-LeaderElection696] INFO  impl.RoleInfo (RoleInfo.java:shutdownLeaderElection(134)) - 8f18dce1-0a3d-4b65-9c78-af3d58b2da7f: shutdown LeaderElection
2019-10-20 17:41:43,230 [8f18dce1-0a3d-4b65-9c78-af3d58b2da7f@group-091950D56227-LeaderElection696] INFO  impl.RoleInfo (RoleInfo.java:updateAndGet(143)) - 8f18dce1-0a3d-4b65-9c78-af3d58b2da7f: start FollowerState
2019-10-20 17:41:43,235 [Thread-4929] INFO  impl.FollowerState (FollowerState.java:run(108)) - 8f18dce1-0a3d-4b65-9c78-af3d58b2da7f@group-091950D56227-FollowerState: change to CANDIDATE, lastRpcTime:5ms, electionTimeout:5ms
2019-10-20 17:41:43,235 [Thread-4929] INFO  impl.RoleInfo (RoleInfo.java:shutdownFollowerState(121)) - 8f18dce1-0a3d-4b65-9c78-af3d58b2da7f: shutdown FollowerState
2019-10-20 17:41:43,236 [Thread-4929] INFO  impl.RaftServerImpl (RaftServerImpl.java:setRole(184)) - 8f18dce1-0a3d-4b65-9c78-af3d58b2da7f@group-091950D56227: changes role from  FOLLOWER to CANDIDATE at term 818 for changeToCandidate
2019-10-20 17:41:43,236 [Thread-4929] INFO  impl.RoleInfo (RoleInfo.java:updateAndGet(143)) - 8f18dce1-0a3d-4b65-9c78-af3d58b2da7f: start LeaderElection
2019-10-20 17:41:43,263 [8f18dce1-0a3d-4b65-9c78-af3d58b2da7f@group-091950D56227-LeaderElection697] INFO  impl.LeaderElection (LeaderElection.java:askForVotes(178)) - 8f18dce1-0a3d-4b65-9c78-af3d58b2da7f@group-091950D56227-LeaderElection697: begin an election at term 819 for -1: [8a63e1ae-032e-4bed-9f20-125a11f65413:0.0.0.0:38685, 8f18dce1-0a3d-4b65-9c78-af3d58b2da7f:0.0.0.0:42489, 7b1e61a0-7daf-43dd-99d5-9b325c1d31ae:0.0.0.0:38412], old=null
2019-10-20 17:41:43,264 [grpc-default-executor-3] INFO  impl.RaftServerImpl (RaftServerImpl.java:setRole(184)) - 8a63e1ae-032e-4bed-9f20-125a11f65413@group-091950D56227: changes role from  FOLLOWER to FOLLOWER at term 819 for recognizeCandidate:8f18dce1-0a3d-4b65-9c78-af3d58b2da7f
2019-10-20 17:41:43,264 [grpc-default-executor-2] INFO  impl.RaftServerImpl (RaftServerImpl.java:setRole(184)) - 7b1e61a0-7daf-43dd-99d5-9b325c1d31ae@group-091950D56227: changes role from  FOLLOWER to FOLLOWER at term 819 for recognizeCandidate:8f18dce1-0a3d-4b65-9c78-af3d58b2da7f
2019-10-20 17:41:43,265 [grpc-default-executor-2] INFO  impl.RoleInfo (RoleInfo.java:shutdownFollowerState(121)) - 7b1e61a0-7daf-43dd-99d5-9b325c1d31ae: shutdown FollowerState
2019-10-20 17:41:43,265 [grpc-default-executor-3] INFO  impl.RoleInfo (RoleInfo.java:shutdownFollowerState(121)) - 8a63e1ae-032e-4bed-9f20-125a11f65413: shutdown FollowerState
2019-10-20 17:41:43,265 [Thread-4928] INFO  impl.FollowerState (FollowerState.java:run(117)) - 7b1e61a0-7daf-43dd-99d5-9b325c1d31ae@group-091950D56227-FollowerState was interrupted: java.lang.InterruptedException: sleep interrupted
2019-10-20 17:41:43,265 [grpc-default-executor-2] INFO  impl.RoleInfo (RoleInfo.java:updateAndGet(143)) - 7b1e61a0-7daf-43dd-99d5-9b325c1d31ae: start FollowerState
2019-10-20 17:41:43,265 [Thread-4927] INFO  impl.FollowerState (FollowerState.java:run(117)) - 8a63e1ae-032e-4bed-9f20-125a11f65413@group-091950D56227-FollowerState was interrupted: java.lang.InterruptedException: sleep interrupted
2019-10-20 17:41:43,265 [grpc-default-executor-3] INFO  impl.RoleInfo (RoleInfo.java:updateAndGet(143)) - 8a63e1ae-032e-4bed-9f20-125a11f65413: start FollowerState
2019-10-20 17:41:43,289 [8f18dce1-0a3d-4b65-9c78-af3d58b2da7f@group-091950D56227-LeaderElection697] INFO  impl.LeaderElection (LeaderElection.java:logAndReturn(56)) - 8f18dce1-0a3d-4b65-9c78-af3d58b2da7f@group-091950D56227-LeaderElection697: Election REJECTED; received 2 response(s) [8f18dce1-0a3d-4b65-9c78-af3d58b2da7f<-8a63e1ae-032e-4bed-9f20-125a11f65413#0:FAIL-t819, 8f18dce1-0a3d-4b65-9c78-af3d58b2da7f<-7b1e61a0-7daf-43dd-99d5-9b325c1d31ae#0:FAIL-t819] and 0 exception(s); 8f18dce1-0a3d-4b65-9c78-af3d58b2da7f@group-091950D56227:t819, leader=null, voted=8f18dce1-0a3d-4b65-9c78-af3d58b2da7f, raftlog=8f18dce1-0a3d-4b65-9c78-af3d58b2da7f@group-091950D56227-SegmentedRaftLog:OPENED:c-1,f-1,i0, conf=-1: [8a63e1ae-032e-4bed-9f20-125a11f65413:0.0.0.0:38685, 8f18dce1-0a3d-4b65-9c78-af3d58b2da7f:0.0.0.0:42489, 7b1e61a0-7daf-43dd-99d5-9b325c1d31ae:0.0.0.0:38412], old=null
2019-10-20 17:41:43,289 [8f18dce1-0a3d-4b65-9c78-af3d58b2da7f@group-091950D56227-LeaderElection697] INFO  impl.RaftServerImpl (RaftServerImpl.java:setRole(184)) - 8f18dce1-0a3d-4b65-9c78-af3d58b2da7f@group-091950D56227: changes role from CANDIDATE to FOLLOWER at term 819 for DISCOVERED_A_NEW_TERM
2019-10-20 17:41:43,289 [8f18dce1-0a3d-4b65-9c78-af3d58b2da7f@group-091950D56227-LeaderElection697] INFO  impl.RoleInfo (RoleInfo.java:shutdownLeaderElection(134)) - 8f18dce1-0a3d-4b65-9c78-af3d58b2da7f: shutdown LeaderElection
2019-10-20 17:41:43,289 [8f18dce1-0a3d-4b65-9c78-af3d58b2da7f@group-091950D56227-LeaderElection697] INFO  impl.RoleInfo (RoleInfo.java:updateAndGet(143)) - 8f18dce1-0a3d-4b65-9c78-af3d58b2da7f: start FollowerState
2019-10-20 17:41:43,437 [Thread-4935] INFO  impl.FollowerState (FollowerState.java:run(108)) - 8f18dce1-0a3d-4b65-9c78-af3d58b2da7f@group-091950D56227-FollowerState: change to CANDIDATE, lastRpcTime:147ms, electionTimeout:147ms
2019-10-20 17:41:43,437 [Thread-4935] INFO  impl.RoleInfo (RoleInfo.java:shutdownFollowerState(121)) - 8f18dce1-0a3d-4b65-9c78-af3d58b2da7f: shutdown FollowerState
2019-10-20 17:41:43,437 [Thread-4935] INFO  impl.RaftServerImpl (RaftServerImpl.java:setRole(184)) - 8f18dce1-0a3d-4b65-9c78-af3d58b2da7f@group-091950D56227: changes role from  FOLLOWER to CANDIDATE at term 819 for changeToCandidate
2019-10-20 17:41:43,437 [Thread-4935] INFO  impl.RoleInfo (RoleInfo.java:updateAndGet(143)) - 8f18dce1-0a3d-4b65-9c78-af3d58b2da7f: start LeaderElection
2019-10-20 17:41:43,464 [8f18dce1-0a3d-4b65-9c78-af3d58b2da7f@group-091950D56227-LeaderElection698] INFO  impl.LeaderElection (LeaderElection.java:askForVotes(178)) - 8f18dce1-0a3d-4b65-9c78-af3d58b2da7f@group-091950D56227-LeaderElection698: begin an election at term 820 for -1: [8a63e1ae-032e-4bed-9f20-125a11f65413:0.0.0.0:38685, 8f18dce1-0a3d-4b65-9c78-af3d58b2da7f:0.0.0.0:42489, 7b1e61a0-7daf-43dd-99d5-9b325c1d31ae:0.0.0.0:38412], old=null
2019-10-20 17:41:43,465 [grpc-default-executor-2] INFO  impl.RaftServerImpl (RaftServerImpl.java:setRole(184)) - 7b1e61a0-7daf-43dd-99d5-9b325c1d31ae@group-091950D56227: changes role from  FOLLOWER to FOLLOWER at term 820 for recognizeCandidate:8f18dce1-0a3d-4b65-9c78-af3d58b2da7f
2019-10-20 17:41:43,466 [grpc-default-executor-2] INFO  impl.RoleInfo (RoleInfo.java:shutdownFollowerState(121)) - 7b1e61a0-7daf-43dd-99d5-9b325c1d31ae: shutdown FollowerState
2019-10-20 17:41:43,465 [grpc-default-executor-3] INFO  impl.RaftServerImpl (RaftServerImpl.java:setRole(184)) - 8a63e1ae-032e-4bed-9f20-125a11f65413@group-091950D56227: changes role from  FOLLOWER to FOLLOWER at term 820 for recognizeCandidate:8f18dce1-0a3d-4b65-9c78-af3d58b2da7f
2019-10-20 17:41:43,466 [grpc-default-executor-3] INFO  impl.RoleInfo (RoleInfo.java:shutdownFollowerState(121)) - 8a63e1ae-032e-4bed-9f20-125a11f65413: shutdown FollowerState
2019-10-20 17:41:43,466 [Thread-4933] INFO  impl.FollowerState (FollowerState.java:run(117)) - 7b1e61a0-7daf-43dd-99d5-9b325c1d31ae@group-091950D56227-FollowerState was interrupted: java.lang.InterruptedException: sleep interrupted
2019-10-20 17:41:43,466 [grpc-default-executor-2] INFO  impl.RoleInfo (RoleInfo.java:updateAndGet(143)) - 7b1e61a0-7daf-43dd-99d5-9b325c1d31ae: start FollowerState
2019-10-20 17:41:43,466 [Thread-4934] INFO  impl.FollowerState (FollowerState.java:run(117)) - 8a63e1ae-032e-4bed-9f20-125a11f65413@group-091950D56227-FollowerState was interrupted: java.lang.InterruptedException: sleep interrupted
2019-10-20 17:41:43,466 [grpc-default-executor-3] INFO  impl.RoleInfo (RoleInfo.java:updateAndGet(143)) - 8a63e1ae-032e-4bed-9f20-125a11f65413: start FollowerState
2019-10-20 17:41:43,490 [8f18dce1-0a3d-4b65-9c78-af3d58b2da7f@group-091950D56227-LeaderElection698] INFO  impl.LeaderElection (LeaderElection.java:logAndReturn(56)) - 8f18dce1-0a3d-4b65-9c78-af3d58b2da7f@group-091950D56227-LeaderElection698: Election REJECTED; received 2 response(s) [8f18dce1-0a3d-4b65-9c78-af3d58b2da7f<-8a63e1ae-032e-4bed-9f20-125a11f65413#0:FAIL-t820, 8f18dce1-0a3d-4b65-9c78-af3d58b2da7f<-7b1e61a0-7daf-43dd-99d5-9b325c1d31ae#0:FAIL-t820] and 0 exception(s); 8f18dce1-0a3d-4b65-9c78-af3d58b2da7f@group-091950D56227:t820, leader=null, voted=8f18dce1-0a3d-4b65-9c78-af3d58b2da7f, raftlog=8f18dce1-0a3d-4b65-9c78-af3d58b2da7f@group-091950D56227-SegmentedRaftLog:OPENED:c-1,f-1,i0, conf=-1: [8a63e1ae-032e-4bed-9f20-125a11f65413:0.0.0.0:38685, 8f18dce1-0a3d-4b65-9c78-af3d58b2da7f:0.0.0.0:42489, 7b1e61a0-7daf-43dd-99d5-9b325c1d31ae:0.0.0.0:38412], old=null
2019-10-20 17:41:43,490 [8f18dce1-0a3d-4b65-9c78-af3d58b2da7f@group-091950D56227-LeaderElection698] INFO  impl.RaftServerImpl (RaftServerImpl.java:setRole(184)) - 8f18dce1-0a3d-4b65-9c78-af3d58b2da7f@group-091950D56227: changes role from CANDIDATE to FOLLOWER at term 820 for DISCOVERED_A_NEW_TERM
2019-10-20 17:41:43,490 [8f18dce1-0a3d-4b65-9c78-af3d58b2da7f@group-091950D56227-LeaderElection698] INFO  impl.RoleInfo (RoleInfo.java:shutdownLeaderElection(134)) - 8f18dce1-0a3d-4b65-9c78-af3d58b2da7f: shutdown LeaderElection
2019-10-20 17:41:43,490 [8f18dce1-0a3d-4b65-9c78-af3d58b2da7f@group-091950D56227-LeaderElection698] INFO  impl.RoleInfo (RoleInfo.java:updateAndGet(143)) - 8f18dce1-0a3d-4b65-9c78-af3d58b2da7f: start FollowerState
2019-10-20 17:41:43,526 [Thread-4941] INFO  impl.FollowerState (FollowerState.java:run(108)) - 8f18dce1-0a3d-4b65-9c78-af3d58b2da7f@group-091950D56227-FollowerState: change to CANDIDATE, lastRpcTime:35ms, electionTimeout:35ms
2019-10-20 17:41:43,526 [Thread-4941] INFO  impl.RoleInfo (RoleInfo.java:shutdownFollowerState(121)) - 8f18dce1-0a3d-4b65-9c78-af3d58b2da7f: shutdown FollowerState
2019-10-20 17:41:43,526 [Thread-4941] INFO  impl.RaftServerImpl (RaftServerImpl.java:setRole(184)) - 8f18dce1-0a3d-4b65-9c78-af3d58b2da7f@group-091950D56227: changes role from  FOLLOWER to CANDIDATE at term 820 for changeToCandidate
2019-10-20 17:41:43,526 [Thread-4941] INFO  impl.RoleInfo (RoleInfo.java:updateAndGet(143)) - 8f18dce1-0a3d-4b65-9c78-af3d58b2da7f: start LeaderElection
2019-10-20 17:41:43,556 [8f18dce1-0a3d-4b65-9c78-af3d58b2da7f@group-091950D56227-LeaderElection699] INFO  impl.LeaderElection (LeaderElection.java:askForVotes(178)) - 8f18dce1-0a3d-4b65-9c78-af3d58b2da7f@group-091950D56227-LeaderElection699: begin an election at term 821 for -1: [8a63e1ae-032e-4bed-9f20-125a11f65413:0.0.0.0:38685, 8f18dce1-0a3d-4b65-9c78-af3d58b2da7f:0.0.0.0:42489, 7b1e61a0-7daf-43dd-99d5-9b325c1d31ae:0.0.0.0:38412], old=null
2019-10-20 17:41:43,558 [grpc-default-executor-2] INFO  impl.RaftServerImpl (RaftServerImpl.java:setRole(184)) - 7b1e61a0-7daf-43dd-99d5-9b325c1d31ae@group-091950D56227: changes role from  FOLLOWER to FOLLOWER at term 821 for recognizeCandidate:8f18dce1-0a3d-4b65-9c78-af3d58b2da7f
2019-10-20 17:41:43,558 [grpc-default-executor-2] INFO  impl.RoleInfo (RoleInfo.java:shutdownFollowerState(121)) - 7b1e61a0-7daf-43dd-99d5-9b325c1d31ae: shutdown FollowerState
2019-10-20 17:41:43,558 [grpc-default-executor-3] INFO  impl.RaftServerImpl (RaftServerImpl.java:setRole(184)) - 8a63e1ae-032e-4bed-9f20-125a11f65413@group-091950D56227: changes role from  FOLLOWER to FOLLOWER at term 821 for recognizeCandidate:8f18dce1-0a3d-4b65-9c78-af3d58b2da7f
2019-10-20 17:41:43,558 [Thread-4939] INFO  impl.FollowerState (FollowerState.java:run(117)) - 7b1e61a0-7daf-43dd-99d5-9b325c1d31ae@group-091950D56227-FollowerState was interrupted: java.lang.InterruptedException: sleep interrupted
2019-10-20 17:41:43,558 [grpc-default-executor-2] INFO  impl.RoleInfo (RoleInfo.java:updateAndGet(143)) - 7b1e61a0-7daf-43dd-99d5-9b325c1d31ae: start FollowerState
2019-10-20 17:41:43,558 [grpc-default-executor-3] INFO  impl.RoleInfo (RoleInfo.java:shutdownFollowerState(121)) - 8a63e1ae-032e-4bed-9f20-125a11f65413: shutdown FollowerState
2019-10-20 17:41:43,559 [grpc-default-executor-3] INFO  impl.RoleInfo (RoleInfo.java:updateAndGet(143)) - 8a63e1ae-032e-4bed-9f20-125a11f65413: start FollowerState
2019-10-20 17:41:43,559 [Thread-4940] INFO  impl.FollowerState (FollowerState.java:run(117)) - 8a63e1ae-032e-4bed-9f20-125a11f65413@group-091950D56227-FollowerState was interrupted: java.lang.InterruptedException: sleep interrupted
2019-10-20 17:41:43,582 [8f18dce1-0a3d-4b65-9c78-af3d58b2da7f@group-091950D56227-LeaderElection699] INFO  impl.LeaderElection (LeaderElection.java:logAndReturn(56)) - 8f18dce1-0a3d-4b65-9c78-af3d58b2da7f@group-091950D56227-LeaderElection699: Election REJECTED; received 2 response(s) [8f18dce1-0a3d-4b65-9c78-af3d58b2da7f<-8a63e1ae-032e-4bed-9f20-125a11f65413#0:FAIL-t821, 8f18dce1-0a3d-4b65-9c78-af3d58b2da7f<-7b1e61a0-7daf-43dd-99d5-9b325c1d31ae#0:FAIL-t821] and 0 exception(s); 8f18dce1-0a3d-4b65-9c78-af3d58b2da7f@group-091950D56227:t821, leader=null, voted=8f18dce1-0a3d-4b65-9c78-af3d58b2da7f, raftlog=8f18dce1-0a3d-4b65-9c78-af3d58b2da7f@group-091950D56227-SegmentedRaftLog:OPENED:c-1,f-1,i0, conf=-1: [8a63e1ae-032e-4bed-9f20-125a11f65413:0.0.0.0:38685, 8f18dce1-0a3d-4b65-9c78-af3d58b2da7f:0.0.0.0:42489, 7b1e61a0-7daf-43dd-99d5-9b325c1d31ae:0.0.0.0:38412], old=null
2019-10-20 17:41:43,583 [8f18dce1-0a3d-4b65-9c78-af3d58b2da7f@group-091950D56227-LeaderElection699] INFO  impl.RaftServerImpl (RaftServerImpl.java:setRole(184)) - 8f18dce1-0a3d-4b65-9c78-af3d58b2da7f@group-091950D56227: changes role from CANDIDATE to FOLLOWER at term 821 for DISCOVERED_A_NEW_TERM
2019-10-20 17:41:43,583 [8f18dce1-0a3d-4b65-9c78-af3d58b2da7f@group-091950D56227-LeaderElection699] INFO  impl.RoleInfo (RoleInfo.java:shutdownLeaderElection(134)) - 8f18dce1-0a3d-4b65-9c78-af3d58b2da7f: shutdown LeaderElection
2019-10-20 17:41:43,583 [8f18dce1-0a3d-4b65-9c78-af3d58b2da7f@group-091950D56227-LeaderElection699] INFO  impl.RoleInfo (RoleInfo.java:updateAndGet(143)) - 8f18dce1-0a3d-4b65-9c78-af3d58b2da7f: start FollowerState
2019-10-20 17:41:43,771 [Thread-4947] INFO  impl.FollowerState (FollowerState.java:run(108)) - 8f18dce1-0a3d-4b65-9c78-af3d58b2da7f@group-091950D56227-FollowerState: change to CANDIDATE, lastRpcTime:188ms, electionTimeout:188ms
2019-10-20 17:41:43,772 [Thread-4947] INFO  impl.RoleInfo (RoleInfo.java:shutdownFollowerState(121)) - 8f18dce1-0a3d-4b65-9c78-af3d58b2da7f: shutdown FollowerState
2019-10-20 17:41:43,772 [Thread-4947] INFO  impl.RaftServerImpl (RaftServerImpl.java:setRole(184)) - 8f18dce1-0a3d-4b65-9c78-af3d58b2da7f@group-091950D56227: changes role from  FOLLOWER to CANDIDATE at term 821 for changeToCandidate
2019-10-20 17:41:43,772 [Thread-4947] INFO  impl.RoleInfo (RoleInfo.java:updateAndGet(143)) - 8f18dce1-0a3d-4b65-9c78-af3d58b2da7f: start LeaderElection
2019-10-20 17:41:43,799 [8f18dce1-0a3d-4b65-9c78-af3d58b2da7f@group-091950D56227-LeaderElection700] INFO  impl.LeaderElection (LeaderElection.java:askForVotes(178)) - 8f18dce1-0a3d-4b65-9c78-af3d58b2da7f@group-091950D56227-LeaderElection700: begin an election at term 822 for -1: [8a63e1ae-032e-4bed-9f20-125a11f65413:0.0.0.0:38685, 8f18dce1-0a3d-4b65-9c78-af3d58b2da7f:0.0.0.0:42489, 7b1e61a0-7daf-43dd-99d5-9b325c1d31ae:0.0.0.0:38412], old=null
2019-10-20 17:41:43,801 [grpc-default-executor-3] INFO  impl.RaftServerImpl (RaftServerImpl.java:setRole(184)) - 8a63e1ae-032e-4bed-9f20-125a11f65413@group-091950D56227: changes role from  FOLLOWER to FOLLOWER at term 822 for recognizeCandidate:8f18dce1-0a3d-4b65-9c78-af3d58b2da7f
2019-10-20 17:41:43,801 [grpc-default-executor-2] INFO  impl.RaftServerImpl (RaftServerImpl.java:setRole(184)) - 7b1e61a0-7daf-43dd-99d5-9b325c1d31ae@group-091950D56227: changes role from  FOLLOWER to FOLLOWER at term 822 for recognizeCandidate:8f18dce1-0a3d-4b65-9c78-af3d58b2da7f
2019-10-20 17:41:43,801 [grpc-default-executor-2] INFO  impl.RoleInfo (RoleInfo.java:shutdownFollowerState(121)) - 7b1e61a0-7daf-43dd-99d5-9b325c1d31ae: shutdown FollowerState
2019-10-20 17:41:43,801 [grpc-default-executor-3] INFO  impl.RoleInfo (RoleInfo.java:shutdownFollowerState(121)) - 8a63e1ae-032e-4bed-9f20-125a11f65413: shutdown FollowerState
2019-10-20 17:41:43,801 [Thread-4945] INFO  impl.FollowerState (FollowerState.java:run(117)) - 7b1e61a0-7daf-43dd-99d5-9b325c1d31ae@group-091950D56227-FollowerState was interrupted: java.lang.InterruptedException: sleep interrupted
2019-10-20 17:41:43,801 [grpc-default-executor-2] INFO  impl.RoleInfo (RoleInfo.java:updateAndGet(143)) - 7b1e61a0-7daf-43dd-99d5-9b325c1d31ae: start FollowerState
2019-10-20 17:41:43,801 [Thread-4946] INFO  impl.FollowerState (FollowerState.java:run(117)) - 8a63e1ae-032e-4bed-9f20-125a11f65413@group-091950D56227-FollowerState was interrupted: java.lang.InterruptedException: sleep interrupted
2019-10-20 17:41:43,801 [grpc-default-executor-3] INFO  impl.RoleInfo (RoleInfo.java:updateAndGet(143)) - 8a63e1ae-032e-4bed-9f20-125a11f65413: start FollowerState
2019-10-20 17:41:43,825 [8f18dce1-0a3d-4b65-9c78-af3d58b2da7f@group-091950D56227-LeaderElection700] INFO  impl.LeaderElection (LeaderElection.java:logAndReturn(56)) - 8f18dce1-0a3d-4b65-9c78-af3d58b2da7f@group-091950D56227-LeaderElection700: Election REJECTED; received 2 response(s) [8f18dce1-0a3d-4b65-9c78-af3d58b2da7f<-8a63e1ae-032e-4bed-9f20-125a11f65413#0:FAIL-t822, 8f18dce1-0a3d-4b65-9c78-af3d58b2da7f<-7b1e61a0-7daf-43dd-99d5-9b325c1d31ae#0:FAIL-t822] and 0 exception(s); 8f18dce1-0a3d-4b65-9c78-af3d58b2da7f@group-091950D56227:t822, leader=null, voted=8f18dce1-0a3d-4b65-9c78-af3d58b2da7f, raftlog=8f18dce1-0a3d-4b65-9c78-af3d58b2da7f@group-091950D56227-SegmentedRaftLog:OPENED:c-1,f-1,i0, conf=-1: [8a63e1ae-032e-4bed-9f20-125a11f65413:0.0.0.0:38685, 8f18dce1-0a3d-4b65-9c78-af3d58b2da7f:0.0.0.0:42489, 7b1e61a0-7daf-43dd-99d5-9b325c1d31ae:0.0.0.0:38412], old=null
2019-10-20 17:41:43,826 [8f18dce1-0a3d-4b65-9c78-af3d58b2da7f@group-091950D56227-LeaderElection700] INFO  impl.RaftServerImpl (RaftServerImpl.java:setRole(184)) - 8f18dce1-0a3d-4b65-9c78-af3d58b2da7f@group-091950D56227: changes role from CANDIDATE to FOLLOWER at term 822 for DISCOVERED_A_NEW_TERM
2019-10-20 17:41:43,826 [8f18dce1-0a3d-4b65-9c78-af3d58b2da7f@group-091950D56227-LeaderElection700] INFO  impl.RoleInfo (RoleInfo.java:shutdownLeaderElection(134)) - 8f18dce1-0a3d-4b65-9c78-af3d58b2da7f: shutdown LeaderElection
2019-10-20 17:41:43,826 [8f18dce1-0a3d-4b65-9c78-af3d58b2da7f@group-091950D56227-LeaderElection700] INFO  impl.RoleInfo (RoleInfo.java:updateAndGet(143)) - 8f18dce1-0a3d-4b65-9c78-af3d58b2da7f: start FollowerState
2019-10-20 17:41:43,950 [Thread-4955] INFO  impl.FollowerState (FollowerState.java:run(108)) - 8f18dce1-0a3d-4b65-9c78-af3d58b2da7f@group-091950D56227-FollowerState: change to CANDIDATE, lastRpcTime:124ms, electionTimeout:124ms
2019-10-20 17:41:43,951 [Thread-4955] INFO  impl.RoleInfo (RoleInfo.java:shutdownFollowerState(121)) - 8f18dce1-0a3d-4b65-9c78-af3d58b2da7f: shutdown FollowerState
2019-10-20 17:41:43,951 [Thread-4955] INFO  impl.RaftServerImpl (RaftServerImpl.java:setRole(184)) - 8f18dce1-0a3d-4b65-9c78-af3d58b2da7f@group-091950D56227: changes role from  FOLLOWER to CANDIDATE at term 822 for changeToCandidate
2019-10-20 17:41:43,951 [Thread-4955] INFO  impl.RoleInfo (RoleInfo.java:updateAndGet(143)) - 8f18dce1-0a3d-4b65-9c78-af3d58b2da7f: start LeaderElection
2019-10-20 17:41:43,975 [8f18dce1-0a3d-4b65-9c78-af3d58b2da7f@group-091950D56227-LeaderElection701] INFO  impl.LeaderElection (LeaderElection.java:askForVotes(178)) - 8f18dce1-0a3d-4b65-9c78-af3d58b2da7f@group-091950D56227-LeaderElection701: begin an election at term 823 for -1: [8a63e1ae-032e-4bed-9f20-125a11f65413:0.0.0.0:38685, 8f18dce1-0a3d-4b65-9c78-af3d58b2da7f:0.0.0.0:42489, 7b1e61a0-7daf-43dd-99d5-9b325c1d31ae:0.0.0.0:38412], old=null
2019-10-20 17:41:43,977 [grpc-default-executor-3] INFO  impl.RaftServerImpl (RaftServerImpl.java:setRole(184)) - 7b1e61a0-7daf-43dd-99d5-9b325c1d31ae@group-091950D56227: changes role from  FOLLOWER to FOLLOWER at term 823 for recognizeCandidate:8f18dce1-0a3d-4b65-9c78-af3d58b2da7f
2019-10-20 17:41:43,977 [grpc-default-executor-2] INFO  impl.RaftServerImpl (RaftServerImpl.java:setRole(184)) - 8a63e1ae-032e-4bed-9f20-125a11f65413@group-091950D56227: changes role from  FOLLOWER to FOLLOWER at term 823 for recognizeCandidate:8f18dce1-0a3d-4b65-9c78-af3d58b2da7f
2019-10-20 17:41:43,977 [grpc-default-executor-2] INFO  impl.RoleInfo (RoleInfo.java:shutdownFollowerState(121)) - 8a63e1ae-032e-4bed-9f20-125a11f65413: shutdown FollowerState
2019-10-20 17:41:43,977 [grpc-default-executor-3] INFO  impl.RoleInfo (RoleInfo.java:shutdownFollowerState(121)) - 7b1e61a0-7daf-43dd-99d5-9b325c1d31ae: shutdown FollowerState
2019-10-20 17:41:43,977 [Thread-4954] INFO  impl.FollowerState (FollowerState.java:run(117)) - 8a63e1ae-032e-4bed-9f20-125a11f65413@group-091950D56227-FollowerState was interrupted: java.lang.InterruptedException: sleep interrupted
2019-10-20 17:41:43,977 [grpc-default-executor-2] INFO  impl.RoleInfo (RoleInfo.java:updateAndGet(143)) - 8a63e1ae-032e-4bed-9f20-125a11f65413: start FollowerState
2019-10-20 17:41:43,977 [Thread-4953] INFO  impl.FollowerState (FollowerState.java:run(117)) - 7b1e61a0-7daf-43dd-99d5-9b325c1d31ae@group-091950D56227-FollowerState was interrupted: java.lang.InterruptedException: sleep interrupted
2019-10-20 17:41:43,977 [grpc-default-executor-3] INFO  impl.RoleInfo (RoleInfo.java:updateAndGet(143)) - 7b1e61a0-7daf-43dd-99d5-9b325c1d31ae: start FollowerState
2019-10-20 17:41:43,997 [8f18dce1-0a3d-4b65-9c78-af3d58b2da7f@group-091950D56227-LeaderElection701] INFO  impl.LeaderElection (LeaderElection.java:logAndReturn(56)) - 8f18dce1-0a3d-4b65-9c78-af3d58b2da7f@group-091950D56227-LeaderElection701: Election TIMEOUT; received 0 response(s) [] and 0 exception(s); 8f18dce1-0a3d-4b65-9c78-af3d58b2da7f@group-091950D56227:t823, leader=null, voted=8f18dce1-0a3d-4b65-9c78-af3d58b2da7f, raftlog=8f18dce1-0a3d-4b65-9c78-af3d58b2da7f@group-091950D56227-SegmentedRaftLog:OPENED:c-1,f-1,i0, conf=-1: [8a63e1ae-032e-4bed-9f20-125a11f65413:0.0.0.0:38685, 8f18dce1-0a3d-4b65-9c78-af3d58b2da7f:0.0.0.0:42489, 7b1e61a0-7daf-43dd-99d5-9b325c1d31ae:0.0.0.0:38412], old=null
2019-10-20 17:41:44,018 [8f18dce1-0a3d-4b65-9c78-af3d58b2da7f@group-091950D56227-LeaderElection701] INFO  impl.LeaderElection (LeaderElection.java:askForVotes(178)) - 8f18dce1-0a3d-4b65-9c78-af3d58b2da7f@group-091950D56227-LeaderElection701: begin an election at term 824 for -1: [8a63e1ae-032e-4bed-9f20-125a11f65413:0.0.0.0:38685, 8f18dce1-0a3d-4b65-9c78-af3d58b2da7f:0.0.0.0:42489, 7b1e61a0-7daf-43dd-99d5-9b325c1d31ae:0.0.0.0:38412], old=null
2019-10-20 17:41:44,020 [grpc-default-executor-3] INFO  impl.RaftServerImpl (RaftServerImpl.java:setRole(184)) - 8a63e1ae-032e-4bed-9f20-125a11f65413@group-091950D56227: changes role from  FOLLOWER to FOLLOWER at term 824 for recognizeCandidate:8f18dce1-0a3d-4b65-9c78-af3d58b2da7f
2019-10-20 17:41:44,020 [grpc-default-executor-2] INFO  impl.RaftServerImpl (RaftServerImpl.java:setRole(184)) - 7b1e61a0-7daf-43dd-99d5-9b325c1d31ae@group-091950D56227: changes role from  FOLLOWER to FOLLOWER at term 824 for recognizeCandidate:8f18dce1-0a3d-4b65-9c78-af3d58b2da7f
2019-10-20 17:41:44,020 [grpc-default-executor-2] INFO  impl.RoleInfo (RoleInfo.java:shutdownFollowerState(121)) - 7b1e61a0-7daf-43dd-99d5-9b325c1d31ae: shutdown FollowerState
2019-10-20 17:41:44,020 [grpc-default-executor-3] INFO  impl.RoleInfo (RoleInfo.java:shutdownFollowerState(121)) - 8a63e1ae-032e-4bed-9f20-125a11f65413: shutdown FollowerState
2019-10-20 17:41:44,020 [Thread-4960] INFO  impl.FollowerState (FollowerState.java:run(117)) - 7b1e61a0-7daf-43dd-99d5-9b325c1d31ae@group-091950D56227-FollowerState was interrupted: java.lang.InterruptedException: sleep interrupted
2019-10-20 17:41:44,020 [grpc-default-executor-2] INFO  impl.RoleInfo (RoleInfo.java:updateAndGet(143)) - 7b1e61a0-7daf-43dd-99d5-9b325c1d31ae: start FollowerState
2019-10-20 17:41:44,020 [Thread-4959] INFO  impl.FollowerState (FollowerState.java:run(117)) - 8a63e1ae-032e-4bed-9f20-125a11f65413@group-091950D56227-FollowerState was interrupted: java.lang.InterruptedException: sleep interrupted
2019-10-20 17:41:44,020 [grpc-default-executor-3] INFO  impl.RoleInfo (RoleInfo.java:updateAndGet(143)) - 8a63e1ae-032e-4bed-9f20-125a11f65413: start FollowerState
2019-10-20 17:41:44,044 [8f18dce1-0a3d-4b65-9c78-af3d58b2da7f@group-091950D56227-LeaderElection701] INFO  impl.LeaderElection (LeaderElection.java:logAndReturn(56)) - 8f18dce1-0a3d-4b65-9c78-af3d58b2da7f@group-091950D56227-LeaderElection701: Election REJECTED; received 2 response(s) [8f18dce1-0a3d-4b65-9c78-af3d58b2da7f<-8a63e1ae-032e-4bed-9f20-125a11f65413#0:FAIL-t824, 8f18dce1-0a3d-4b65-9c78-af3d58b2da7f<-7b1e61a0-7daf-43dd-99d5-9b325c1d31ae#0:FAIL-t824] and 0 exception(s); 8f18dce1-0a3d-4b65-9c78-af3d58b2da7f@group-091950D56227:t824, leader=null, voted=8f18dce1-0a3d-4b65-9c78-af3d58b2da7f, raftlog=8f18dce1-0a3d-4b65-9c78-af3d58b2da7f@group-091950D56227-SegmentedRaftLog:OPENED:c-1,f-1,i0, conf=-1: [8a63e1ae-032e-4bed-9f20-125a11f65413:0.0.0.0:38685, 8f18dce1-0a3d-4b65-9c78-af3d58b2da7f:0.0.0.0:42489, 7b1e61a0-7daf-43dd-99d5-9b325c1d31ae:0.0.0.0:38412], old=null
2019-10-20 17:41:44,044 [8f18dce1-0a3d-4b65-9c78-af3d58b2da7f@group-091950D56227-LeaderElection701] INFO  impl.RaftServerImpl (RaftServerImpl.java:setRole(184)) - 8f18dce1-0a3d-4b65-9c78-af3d58b2da7f@group-091950D56227: changes role from CANDIDATE to FOLLOWER at term 824 for DISCOVERED_A_NEW_TERM
2019-10-20 17:41:44,044 [8f18dce1-0a3d-4b65-9c78-af3d58b2da7f@group-091950D56227-LeaderElection701] INFO  impl.RoleInfo (RoleInfo.java:shutdownLeaderElection(134)) - 8f18dce1-0a3d-4b65-9c78-af3d58b2da7f: shutdown LeaderElection
2019-10-20 17:41:44,044 [8f18dce1-0a3d-4b65-9c78-af3d58b2da7f@group-091950D56227-LeaderElection701] INFO  impl.RoleInfo (RoleInfo.java:updateAndGet(143)) - 8f18dce1-0a3d-4b65-9c78-af3d58b2da7f: start FollowerState
2019-10-20 17:41:44,227 [Thread-4965] INFO  impl.FollowerState (FollowerState.java:run(108)) - 8f18dce1-0a3d-4b65-9c78-af3d58b2da7f@group-091950D56227-FollowerState: change to CANDIDATE, lastRpcTime:183ms, electionTimeout:183ms
2019-10-20 17:41:44,228 [Thread-4965] INFO  impl.RoleInfo (RoleInfo.java:shutdownFollowerState(121)) - 8f18dce1-0a3d-4b65-9c78-af3d58b2da7f: shutdown FollowerState
2019-10-20 17:41:44,228 [Thread-4965] INFO  impl.RaftServerImpl (RaftServerImpl.java:setRole(184)) - 8f18dce1-0a3d-4b65-9c78-af3d58b2da7f@group-091950D56227: changes role from  FOLLOWER to CANDIDATE at term 824 for changeToCandidate
2019-10-20 17:41:44,228 [Thread-4965] INFO  impl.RoleInfo (RoleInfo.java:updateAndGet(143)) - 8f18dce1-0a3d-4b65-9c78-af3d58b2da7f: start LeaderElection
2019-10-20 17:41:44,253 [8f18dce1-0a3d-4b65-9c78-af3d58b2da7f@group-091950D56227-LeaderElection702] INFO  impl.LeaderElection (LeaderElection.java:askForVotes(178)) - 8f18dce1-0a3d-4b65-9c78-af3d58b2da7f@group-091950D56227-LeaderElection702: begin an election at term 825 for -1: [8a63e1ae-032e-4bed-9f20-125a11f65413:0.0.0.0:38685, 8f18dce1-0a3d-4b65-9c78-af3d58b2da7f:0.0.0.0:42489, 7b1e61a0-7daf-43dd-99d5-9b325c1d31ae:0.0.0.0:38412], old=null
2019-10-20 17:41:44,255 [grpc-default-executor-2] INFO  impl.RaftServerImpl (RaftServerImpl.java:setRole(184)) - 7b1e61a0-7daf-43dd-99d5-9b325c1d31ae@group-091950D56227: changes role from  FOLLOWER to FOLLOWER at term 825 for recognizeCandidate:8f18dce1-0a3d-4b65-9c78-af3d58b2da7f
2019-10-20 17:41:44,255 [grpc-default-executor-2] INFO  impl.RoleInfo (RoleInfo.java:shutdownFollowerState(121)) - 7b1e61a0-7daf-43dd-99d5-9b325c1d31ae: shutdown FollowerState
2019-10-20 17:41:44,255 [grpc-default-executor-3] INFO  impl.RaftServerImpl (RaftServerImpl.java:setRole(184)) - 8a63e1ae-032e-4bed-9f20-125a11f65413@group-091950D56227: changes role from  FOLLOWER to FOLLOWER at term 825 for recognizeCandidate:8f18dce1-0a3d-4b65-9c78-af3d58b2da7f
2019-10-20 17:41:44,255 [Thread-4963] INFO  impl.FollowerState (FollowerState.java:run(117)) - 7b1e61a0-7daf-43dd-99d5-9b325c1d31ae@group-091950D56227-FollowerState was interrupted: java.lang.InterruptedException: sleep interrupted
2019-10-20 17:41:44,255 [grpc-default-executor-2] INFO  impl.RoleInfo (RoleInfo.java:updateAndGet(143)) - 7b1e61a0-7daf-43dd-99d5-9b325c1d31ae: start FollowerState
2019-10-20 17:41:44,255 [grpc-default-executor-3] INFO  impl.RoleInfo (RoleInfo.java:shutdownFollowerState(121)) - 8a63e1ae-032e-4bed-9f20-125a11f65413: shutdown FollowerState
2019-10-20 17:41:44,255 [grpc-default-executor-3] INFO  impl.RoleInfo (RoleInfo.java:updateAndGet(143)) - 8a63e1ae-032e-4bed-9f20-125a11f65413: start FollowerState
2019-10-20 17:41:44,255 [Thread-4964] INFO  impl.FollowerState (FollowerState.java:run(117)) - 8a63e1ae-032e-4bed-9f20-125a11f65413@group-091950D56227-FollowerState was interrupted: java.lang.InterruptedException: sleep interrupted
2019-10-20 17:41:44,279 [8f18dce1-0a3d-4b65-9c78-af3d58b2da7f@group-091950D56227-LeaderElection702] INFO  impl.LeaderElection (LeaderElection.java:logAndReturn(56)) - 8f18dce1-0a3d-4b65-9c78-af3d58b2da7f@group-091950D56227-LeaderElection702: Election REJECTED; received 2 response(s) [8f18dce1-0a3d-4b65-9c78-af3d58b2da7f<-8a63e1ae-032e-4bed-9f20-125a11f65413#0:FAIL-t825, 8f18dce1-0a3d-4b65-9c78-af3d58b2da7f<-7b1e61a0-7daf-43dd-99d5-9b325c1d31ae#0:FAIL-t825] and 0 exception(s); 8f18dce1-0a3d-4b65-9c78-af3d58b2da7f@group-091950D56227:t825, leader=null, voted=8f18dce1-0a3d-4b65-9c78-af3d58b2da7f, raftlog=8f18dce1-0a3d-4b65-9c78-af3d58b2da7f@group-091950D56227-SegmentedRaftLog:OPENED:c-1,f-1,i0, conf=-1: [8a63e1ae-032e-4bed-9f20-125a11f65413:0.0.0.0:38685, 8f18dce1-0a3d-4b65-9c78-af3d58b2da7f:0.0.0.0:42489, 7b1e61a0-7daf-43dd-99d5-9b325c1d31ae:0.0.0.0:38412], old=null
2019-10-20 17:41:44,279 [8f18dce1-0a3d-4b65-9c78-af3d58b2da7f@group-091950D56227-LeaderElection702] INFO  impl.RaftServerImpl (RaftServerImpl.java:setRole(184)) - 8f18dce1-0a3d-4b65-9c78-af3d58b2da7f@group-091950D56227: changes role from CANDIDATE to FOLLOWER at term 825 for DISCOVERED_A_NEW_TERM
2019-10-20 17:41:44,280 [8f18dce1-0a3d-4b65-9c78-af3d58b2da7f@group-091950D56227-LeaderElection702] INFO  impl.RoleInfo (RoleInfo.java:shutdownLeaderElection(134)) - 8f18dce1-0a3d-4b65-9c78-af3d58b2da7f: shutdown LeaderElection
2019-10-20 17:41:44,280 [8f18dce1-0a3d-4b65-9c78-af3d58b2da7f@group-091950D56227-LeaderElection702] INFO  impl.RoleInfo (RoleInfo.java:updateAndGet(143)) - 8f18dce1-0a3d-4b65-9c78-af3d58b2da7f: start FollowerState
2019-10-20 17:41:44,383 [Thread-4971] INFO  impl.FollowerState (FollowerState.java:run(108)) - 8f18dce1-0a3d-4b65-9c78-af3d58b2da7f@group-091950D56227-FollowerState: change to CANDIDATE, lastRpcTime:103ms, electionTimeout:103ms
2019-10-20 17:41:44,383 [Thread-4971] INFO  impl.RoleInfo (RoleInfo.java:shutdownFollowerState(121)) - 8f18dce1-0a3d-4b65-9c78-af3d58b2da7f: shutdown FollowerState
2019-10-20 17:41:44,383 [Thread-4971] INFO  impl.RaftServerImpl (RaftServerImpl.java:setRole(184)) - 8f18dce1-0a3d-4b65-9c78-af3d58b2da7f@group-091950D56227: changes role from  FOLLOWER to CANDIDATE at term 825 for changeToCandidate
2019-10-20 17:41:44,383 [Thread-4971] INFO  impl.RoleInfo (RoleInfo.java:updateAndGet(143)) - 8f18dce1-0a3d-4b65-9c78-af3d58b2da7f: start LeaderElection
2019-10-20 17:41:44,412 [8f18dce1-0a3d-4b65-9c78-af3d58b2da7f@group-091950D56227-LeaderElection703] INFO  impl.LeaderElection (LeaderElection.java:askForVotes(178)) - 8f18dce1-0a3d-4b65-9c78-af3d58b2da7f@group-091950D56227-LeaderElection703: begin an election at term 826 for -1: [8a63e1ae-032e-4bed-9f20-125a11f65413:0.0.0.0:38685, 8f18dce1-0a3d-4b65-9c78-af3d58b2da7f:0.0.0.0:42489, 7b1e61a0-7daf-43dd-99d5-9b325c1d31ae:0.0.0.0:38412], old=null
2019-10-20 17:41:44,414 [grpc-default-executor-2] INFO  impl.RaftServerImpl (RaftServerImpl.java:setRole(184)) - 8a63e1ae-032e-4bed-9f20-125a11f65413@group-091950D56227: changes role from  FOLLOWER to FOLLOWER at term 826 for recognizeCandidate:8f18dce1-0a3d-4b65-9c78-af3d58b2da7f
2019-10-20 17:41:44,414 [grpc-default-executor-3] INFO  impl.RaftServerImpl (RaftServerImpl.java:setRole(184)) - 7b1e61a0-7daf-43dd-99d5-9b325c1d31ae@group-091950D56227: changes role from  FOLLOWER to FOLLOWER at term 826 for recognizeCandidate:8f18dce1-0a3d-4b65-9c78-af3d58b2da7f
2019-10-20 17:41:44,414 [grpc-default-executor-3] INFO  impl.RoleInfo (RoleInfo.java:shutdownFollowerState(121)) - 7b1e61a0-7daf-43dd-99d5-9b325c1d31ae: shutdown FollowerState
2019-10-20 17:41:44,414 [grpc-default-executor-2] INFO  impl.RoleInfo (RoleInfo.java:shutdownFollowerState(121)) - 8a63e1ae-032e-4bed-9f20-125a11f65413: shutdown FollowerState
2019-10-20 17:41:44,414 [Thread-4969] INFO  impl.FollowerState (FollowerState.java:run(117)) - 7b1e61a0-7daf-43dd-99d5-9b325c1d31ae@group-091950D56227-FollowerState was interrupted: java.lang.InterruptedException: sleep interrupted
2019-10-20 17:41:44,414 [grpc-default-executor-3] INFO  impl.RoleInfo (RoleInfo.java:updateAndGet(143)) - 7b1e61a0-7daf-43dd-99d5-9b325c1d31ae: start FollowerState
2019-10-20 17:41:44,414 [Thread-4970] INFO  impl.FollowerState (FollowerState.java:run(117)) - 8a63e1ae-032e-4bed-9f20-125a11f65413@group-091950D56227-FollowerState was interrupted: java.lang.InterruptedException: sleep interrupted
2019-10-20 17:41:44,414 [grpc-default-executor-2] INFO  impl.RoleInfo (RoleInfo.java:updateAndGet(143)) - 8a63e1ae-032e-4bed-9f20-125a11f65413: start FollowerState
2019-10-20 17:41:44,438 [8f18dce1-0a3d-4b65-9c78-af3d58b2da7f@group-091950D56227-LeaderElection703] INFO  impl.LeaderElection (LeaderElection.java:logAndReturn(56)) - 8f18dce1-0a3d-4b65-9c78-af3d58b2da7f@group-091950D56227-LeaderElection703: Election REJECTED; received 2 response(s) [8f18dce1-0a3d-4b65-9c78-af3d58b2da7f<-8a63e1ae-032e-4bed-9f20-125a11f65413#0:FAIL-t826, 8f18dce1-0a3d-4b65-9c78-af3d58b2da7f<-7b1e61a0-7daf-43dd-99d5-9b325c1d31ae#0:FAIL-t826] and 0 exception(s); 8f18dce1-0a3d-4b65-9c78-af3d58b2da7f@group-091950D56227:t826, leader=null, voted=8f18dce1-0a3d-4b65-9c78-af3d58b2da7f, raftlog=8f18dce1-0a3d-4b65-9c78-af3d58b2da7f@group-091950D56227-SegmentedRaftLog:OPENED:c-1,f-1,i0, conf=-1: [8a63e1ae-032e-4bed-9f20-125a11f65413:0.0.0.0:38685, 8f18dce1-0a3d-4b65-9c78-af3d58b2da7f:0.0.0.0:42489, 7b1e61a0-7daf-43dd-99d5-9b325c1d31ae:0.0.0.0:38412], old=null
2019-10-20 17:41:44,439 [8f18dce1-0a3d-4b65-9c78-af3d58b2da7f@group-091950D56227-LeaderElection703] INFO  impl.RaftServerImpl (RaftServerImpl.java:setRole(184)) - 8f18dce1-0a3d-4b65-9c78-af3d58b2da7f@group-091950D56227: changes role from CANDIDATE to FOLLOWER at term 826 for DISCOVERED_A_NEW_TERM
2019-10-20 17:41:44,439 [8f18dce1-0a3d-4b65-9c78-af3d58b2da7f@group-091950D56227-LeaderElection703] INFO  impl.RoleInfo (RoleInfo.java:shutdownLeaderElection(134)) - 8f18dce1-0a3d-4b65-9c78-af3d58b2da7f: shutdown LeaderElection
2019-10-20 17:41:44,439 [8f18dce1-0a3d-4b65-9c78-af3d58b2da7f@group-091950D56227-LeaderElection703] INFO  impl.RoleInfo (RoleInfo.java:updateAndGet(143)) - 8f18dce1-0a3d-4b65-9c78-af3d58b2da7f: start FollowerState
2019-10-20 17:41:44,623 [Thread-4977] INFO  impl.FollowerState (FollowerState.java:run(108)) - 8f18dce1-0a3d-4b65-9c78-af3d58b2da7f@group-091950D56227-FollowerState: change to CANDIDATE, lastRpcTime:184ms, electionTimeout:184ms
2019-10-20 17:41:44,623 [Thread-4977] INFO  impl.RoleInfo (RoleInfo.java:shutdownFollowerState(121)) - 8f18dce1-0a3d-4b65-9c78-af3d58b2da7f: shutdown FollowerState
2019-10-20 17:41:44,623 [Thread-4977] INFO  impl.RaftServerImpl (RaftServerImpl.java:setRole(184)) - 8f18dce1-0a3d-4b65-9c78-af3d58b2da7f@group-091950D56227: changes role from  FOLLOWER to CANDIDATE at term 826 for changeToCandidate
2019-10-20 17:41:44,624 [Thread-4977] INFO  impl.RoleInfo (RoleInfo.java:updateAndGet(143)) - 8f18dce1-0a3d-4b65-9c78-af3d58b2da7f: start LeaderElection
2019-10-20 17:41:44,647 [8f18dce1-0a3d-4b65-9c78-af3d58b2da7f@group-091950D56227-LeaderElection704] INFO  impl.LeaderElection (LeaderElection.java:askForVotes(178)) - 8f18dce1-0a3d-4b65-9c78-af3d58b2da7f@group-091950D56227-LeaderElection704: begin an election at term 827 for -1: [8a63e1ae-032e-4bed-9f20-125a11f65413:0.0.0.0:38685, 8f18dce1-0a3d-4b65-9c78-af3d58b2da7f:0.0.0.0:42489, 7b1e61a0-7daf-43dd-99d5-9b325c1d31ae:0.0.0.0:38412], old=null
2019-10-20 17:41:44,648 [grpc-default-executor-3] INFO  impl.RaftServerImpl (RaftServerImpl.java:setRole(184)) - 7b1e61a0-7daf-43dd-99d5-9b325c1d31ae@group-091950D56227: changes role from  FOLLOWER to FOLLOWER at term 827 for recognizeCandidate:8f18dce1-0a3d-4b65-9c78-af3d58b2da7f
2019-10-20 17:41:44,649 [grpc-default-executor-3] INFO  impl.RoleInfo (RoleInfo.java:shutdownFollowerState(121)) - 7b1e61a0-7daf-43dd-99d5-9b325c1d31ae: shutdown FollowerState
2019-10-20 17:41:44,649 [grpc-default-executor-2] INFO  impl.RaftServerImpl (RaftServerImpl.java:setRole(184)) - 8a63e1ae-032e-4bed-9f20-125a11f65413@group-091950D56227: changes role from  FOLLOWER to FOLLOWER at term 827 for recognizeCandidate:8f18dce1-0a3d-4b65-9c78-af3d58b2da7f
2019-10-20 17:41:44,649 [grpc-default-executor-2] INFO  impl.RoleInfo (RoleInfo.java:shutdownFollowerState(121)) - 8a63e1ae-032e-4bed-9f20-125a11f65413: shutdown FollowerState
2019-10-20 17:41:44,649 [Thread-4975] INFO  impl.FollowerState (FollowerState.java:run(117)) - 7b1e61a0-7daf-43dd-99d5-9b325c1d31ae@group-091950D56227-FollowerState was interrupted: java.lang.InterruptedException: sleep interrupted
2019-10-20 17:41:44,649 [grpc-default-executor-3] INFO  impl.RoleInfo (RoleInfo.java:updateAndGet(143)) - 7b1e61a0-7daf-43dd-99d5-9b325c1d31ae: start FollowerState
2019-10-20 17:41:44,649 [Thread-4976] INFO  impl.FollowerState (FollowerState.java:run(117)) - 8a63e1ae-032e-4bed-9f20-125a11f65413@group-091950D56227-FollowerState was interrupted: java.lang.InterruptedException: sleep interrupted
2019-10-20 17:41:44,649 [grpc-default-executor-2] INFO  impl.RoleInfo (RoleInfo.java:updateAndGet(143)) - 8a63e1ae-032e-4bed-9f20-125a11f65413: start FollowerState
2019-10-20 17:41:44,673 [8f18dce1-0a3d-4b65-9c78-af3d58b2da7f@group-091950D56227-LeaderElection704] INFO  impl.LeaderElection (LeaderElection.java:logAndReturn(56)) - 8f18dce1-0a3d-4b65-9c78-af3d58b2da7f@group-091950D56227-LeaderElection704: Election TIMEOUT; received 1 response(s) [8f18dce1-0a3d-4b65-9c78-af3d58b2da7f<-7b1e61a0-7daf-43dd-99d5-9b325c1d31ae#0:FAIL-t827] and 0 exception(s); 8f18dce1-0a3d-4b65-9c78-af3d58b2da7f@group-091950D56227:t827, leader=null, voted=8f18dce1-0a3d-4b65-9c78-af3d58b2da7f, raftlog=8f18dce1-0a3d-4b65-9c78-af3d58b2da7f@group-091950D56227-SegmentedRaftLog:OPENED:c-1,f-1,i0, conf=-1: [8a63e1ae-032e-4bed-9f20-125a11f65413:0.0.0.0:38685, 8f18dce1-0a3d-4b65-9c78-af3d58b2da7f:0.0.0.0:42489, 7b1e61a0-7daf-43dd-99d5-9b325c1d31ae:0.0.0.0:38412], old=null
2019-10-20 17:41:44,698 [8f18dce1-0a3d-4b65-9c78-af3d58b2da7f@group-091950D56227-LeaderElection704] INFO  impl.LeaderElection (LeaderElection.java:askForVotes(178)) - 8f18dce1-0a3d-4b65-9c78-af3d58b2da7f@group-091950D56227-LeaderElection704: begin an election at term 828 for -1: [8a63e1ae-032e-4bed-9f20-125a11f65413:0.0.0.0:38685, 8f18dce1-0a3d-4b65-9c78-af3d58b2da7f:0.0.0.0:42489, 7b1e61a0-7daf-43dd-99d5-9b325c1d31ae:0.0.0.0:38412], old=null
2019-10-20 17:41:44,699 [grpc-default-executor-2] INFO  impl.RaftServerImpl (RaftServerImpl.java:setRole(184)) - 8a63e1ae-032e-4bed-9f20-125a11f65413@group-091950D56227: changes role from  FOLLOWER to FOLLOWER at term 828 for recognizeCandidate:8f18dce1-0a3d-4b65-9c78-af3d58b2da7f
2019-10-20 17:41:44,699 [grpc-default-executor-2] INFO  impl.RoleInfo (RoleInfo.java:shutdownFollowerState(121)) - 8a63e1ae-032e-4bed-9f20-125a11f65413: shutdown FollowerState
2019-10-20 17:41:44,699 [grpc-default-executor-3] INFO  impl.RaftServerImpl (RaftServerImpl.java:setRole(184)) - 7b1e61a0-7daf-43dd-99d5-9b325c1d31ae@group-091950D56227: changes role from  FOLLOWER to FOLLOWER at term 828 for recognizeCandidate:8f18dce1-0a3d-4b65-9c78-af3d58b2da7f
2019-10-20 17:41:44,699 [grpc-default-executor-3] INFO  impl.RoleInfo (RoleInfo.java:shutdownFollowerState(121)) - 7b1e61a0-7daf-43dd-99d5-9b325c1d31ae: shutdown FollowerState
2019-10-20 17:41:44,699 [Thread-4982] INFO  impl.FollowerState (FollowerState.java:run(117)) - 8a63e1ae-032e-4bed-9f20-125a11f65413@group-091950D56227-FollowerState was interrupted: java.lang.InterruptedException: sleep interrupted
2019-10-20 17:41:44,699 [grpc-default-executor-2] INFO  impl.RoleInfo (RoleInfo.java:updateAndGet(143)) - 8a63e1ae-032e-4bed-9f20-125a11f65413: start FollowerState
2019-10-20 17:41:44,699 [Thread-4981] INFO  impl.FollowerState (FollowerState.java:run(117)) - 7b1e61a0-7daf-43dd-99d5-9b325c1d31ae@group-091950D56227-FollowerState was interrupted: java.lang.InterruptedException: sleep interrupted
2019-10-20 17:41:44,699 [grpc-default-executor-3] INFO  impl.RoleInfo (RoleInfo.java:updateAndGet(143)) - 7b1e61a0-7daf-43dd-99d5-9b325c1d31ae: start FollowerState
2019-10-20 17:41:44,724 [8f18dce1-0a3d-4b65-9c78-af3d58b2da7f@group-091950D56227-LeaderElection704] INFO  impl.LeaderElection (LeaderElection.java:logAndReturn(56)) - 8f18dce1-0a3d-4b65-9c78-af3d58b2da7f@group-091950D56227-LeaderElection704: Election REJECTED; received 2 response(s) [8f18dce1-0a3d-4b65-9c78-af3d58b2da7f<-8a63e1ae-032e-4bed-9f20-125a11f65413#0:FAIL-t828, 8f18dce1-0a3d-4b65-9c78-af3d58b2da7f<-7b1e61a0-7daf-43dd-99d5-9b325c1d31ae#0:FAIL-t828] and 0 exception(s); 8f18dce1-0a3d-4b65-9c78-af3d58b2da7f@group-091950D56227:t828, leader=null, voted=8f18dce1-0a3d-4b65-9c78-af3d58b2da7f, raftlog=8f18dce1-0a3d-4b65-9c78-af3d58b2da7f@group-091950D56227-SegmentedRaftLog:OPENED:c-1,f-1,i0, conf=-1: [8a63e1ae-032e-4bed-9f20-125a11f65413:0.0.0.0:38685, 8f18dce1-0a3d-4b65-9c78-af3d58b2da7f:0.0.0.0:42489, 7b1e61a0-7daf-43dd-99d5-9b325c1d31ae:0.0.0.0:38412], old=null
2019-10-20 17:41:44,724 [8f18dce1-0a3d-4b65-9c78-af3d58b2da7f@group-091950D56227-LeaderElection704] INFO  impl.RaftServerImpl (RaftServerImpl.java:setRole(184)) - 8f18dce1-0a3d-4b65-9c78-af3d58b2da7f@group-091950D56227: changes role from CANDIDATE to FOLLOWER at term 828 for DISCOVERED_A_NEW_TERM
2019-10-20 17:41:44,724 [8f18dce1-0a3d-4b65-9c78-af3d58b2da7f@group-091950D56227-LeaderElection704] INFO  impl.RoleInfo (RoleInfo.java:shutdownLeaderElection(134)) - 8f18dce1-0a3d-4b65-9c78-af3d58b2da7f: shutdown LeaderElection
2019-10-20 17:41:44,724 [8f18dce1-0a3d-4b65-9c78-af3d58b2da7f@group-091950D56227-LeaderElection704] INFO  impl.RoleInfo (RoleInfo.java:updateAndGet(143)) - 8f18dce1-0a3d-4b65-9c78-af3d58b2da7f: start FollowerState
2019-10-20 17:41:44,814 [Thread-4989] INFO  impl.FollowerState (FollowerState.java:run(108)) - 8f18dce1-0a3d-4b65-9c78-af3d58b2da7f@group-091950D56227-FollowerState: change to CANDIDATE, lastRpcTime:89ms, electionTimeout:89ms
2019-10-20 17:41:44,814 [Thread-4989] INFO  impl.RoleInfo (RoleInfo.java:shutdownFollowerState(121)) - 8f18dce1-0a3d-4b65-9c78-af3d58b2da7f: shutdown FollowerState
2019-10-20 17:41:44,814 [Thread-4989] INFO  impl.RaftServerImpl (RaftServerImpl.java:setRole(184)) - 8f18dce1-0a3d-4b65-9c78-af3d58b2da7f@group-091950D56227: changes role from  FOLLOWER to CANDIDATE at term 828 for changeToCandidate
2019-10-20 17:41:44,814 [Thread-4989] INFO  impl.RoleInfo (RoleInfo.java:updateAndGet(143)) - 8f18dce1-0a3d-4b65-9c78-af3d58b2da7f: start LeaderElection
2019-10-20 17:41:44,841 [8f18dce1-0a3d-4b65-9c78-af3d58b2da7f@group-091950D56227-LeaderElection705] INFO  impl.LeaderElection (LeaderElection.java:askForVotes(178)) - 8f18dce1-0a3d-4b65-9c78-af3d58b2da7f@group-091950D56227-LeaderElection705: begin an election at term 829 for -1: [8a63e1ae-032e-4bed-9f20-125a11f65413:0.0.0.0:38685, 8f18dce1-0a3d-4b65-9c78-af3d58b2da7f:0.0.0.0:42489, 7b1e61a0-7daf-43dd-99d5-9b325c1d31ae:0.0.0.0:38412], old=null
2019-10-20 17:41:44,842 [grpc-default-executor-2] INFO  impl.RaftServerImpl (RaftServerImpl.java:setRole(184)) - 8a63e1ae-032e-4bed-9f20-125a11f65413@group-091950D56227: changes role from  FOLLOWER to FOLLOWER at term 829 for recognizeCandidate:8f18dce1-0a3d-4b65-9c78-af3d58b2da7f
2019-10-20 17:41:44,842 [grpc-default-executor-3] INFO  impl.RaftServerImpl (RaftServerImpl.java:setRole(184)) - 7b1e61a0-7daf-43dd-99d5-9b325c1d31ae@group-091950D56227: changes role from  FOLLOWER to FOLLOWER at term 829 for recognizeCandidate:8f18dce1-0a3d-4b65-9c78-af3d58b2da7f
2019-10-20 17:41:44,843 [grpc-default-executor-2] INFO  impl.RoleInfo (RoleInfo.java:shutdownFollowerState(121)) - 8a63e1ae-032e-4bed-9f20-125a11f65413: shutdown FollowerState
2019-10-20 17:41:44,843 [grpc-default-executor-3] INFO  impl.RoleInfo (RoleInfo.java:shutdownFollowerState(121)) - 7b1e61a0-7daf-43dd-99d5-9b325c1d31ae: shutdown FollowerState
2019-10-20 17:41:44,843 [Thread-4985] INFO  impl.FollowerState (FollowerState.java:run(117)) - 8a63e1ae-032e-4bed-9f20-125a11f65413@group-091950D56227-FollowerState was interrupted: java.lang.InterruptedException: sleep interrupted
2019-10-20 17:41:44,843 [grpc-default-executor-2] INFO  impl.RoleInfo (RoleInfo.java:updateAndGet(143)) - 8a63e1ae-032e-4bed-9f20-125a11f65413: start FollowerState
2019-10-20 17:41:44,843 [Thread-4986] INFO  impl.FollowerState (FollowerState.java:run(117)) - 7b1e61a0-7daf-43dd-99d5-9b325c1d31ae@group-091950D56227-FollowerState was interrupted: java.lang.InterruptedException: sleep interrupted
2019-10-20 17:41:44,843 [grpc-default-executor-3] INFO  impl.RoleInfo (RoleInfo.java:updateAndGet(143)) - 7b1e61a0-7daf-43dd-99d5-9b325c1d31ae: start FollowerState
2019-10-20 17:41:44,867 [8f18dce1-0a3d-4b65-9c78-af3d58b2da7f@group-091950D56227-LeaderElection705] INFO  impl.LeaderElection (LeaderElection.java:logAndReturn(56)) - 8f18dce1-0a3d-4b65-9c78-af3d58b2da7f@group-091950D56227-LeaderElection705: Election REJECTED; received 2 response(s) [8f18dce1-0a3d-4b65-9c78-af3d58b2da7f<-8a63e1ae-032e-4bed-9f20-125a11f65413#0:FAIL-t829, 8f18dce1-0a3d-4b65-9c78-af3d58b2da7f<-7b1e61a0-7daf-43dd-99d5-9b325c1d31ae#0:FAIL-t829] and 0 exception(s); 8f18dce1-0a3d-4b65-9c78-af3d58b2da7f@group-091950D56227:t829, leader=null, voted=8f18dce1-0a3d-4b65-9c78-af3d58b2da7f, raftlog=8f18dce1-0a3d-4b65-9c78-af3d58b2da7f@group-091950D56227-SegmentedRaftLog:OPENED:c-1,f-1,i0, conf=-1: [8a63e1ae-032e-4bed-9f20-125a11f65413:0.0.0.0:38685, 8f18dce1-0a3d-4b65-9c78-af3d58b2da7f:0.0.0.0:42489, 7b1e61a0-7daf-43dd-99d5-9b325c1d31ae:0.0.0.0:38412], old=null
2019-10-20 17:41:44,867 [8f18dce1-0a3d-4b65-9c78-af3d58b2da7f@group-091950D56227-LeaderElection705] INFO  impl.RaftServerImpl (RaftServerImpl.java:setRole(184)) - 8f18dce1-0a3d-4b65-9c78-af3d58b2da7f@group-091950D56227: changes role from CANDIDATE to FOLLOWER at term 829 for DISCOVERED_A_NEW_TERM
2019-10-20 17:41:44,867 [8f18dce1-0a3d-4b65-9c78-af3d58b2da7f@group-091950D56227-LeaderElection705] INFO  impl.RoleInfo (RoleInfo.java:shutdownLeaderElection(134)) - 8f18dce1-0a3d-4b65-9c78-af3d58b2da7f: shutdown LeaderElection
2019-10-20 17:41:44,867 [8f18dce1-0a3d-4b65-9c78-af3d58b2da7f@group-091950D56227-LeaderElection705] INFO  impl.RoleInfo (RoleInfo.java:updateAndGet(143)) - 8f18dce1-0a3d-4b65-9c78-af3d58b2da7f: start FollowerState
2019-10-20 17:41:44,995 [Thread-4995] INFO  impl.FollowerState (FollowerState.java:run(108)) - 8f18dce1-0a3d-4b65-9c78-af3d58b2da7f@group-091950D56227-FollowerState: change to CANDIDATE, lastRpcTime:127ms, electionTimeout:127ms
2019-10-20 17:41:44,995 [Thread-4995] INFO  impl.RoleInfo (RoleInfo.java:shutdownFollowerState(121)) - 8f18dce1-0a3d-4b65-9c78-af3d58b2da7f: shutdown FollowerState
2019-10-20 17:41:44,995 [Thread-4995] INFO  impl.RaftServerImpl (RaftServerImpl.java:setRole(184)) - 8f18dce1-0a3d-4b65-9c78-af3d58b2da7f@group-091950D56227: changes role from  FOLLOWER to CANDIDATE at term 829 for changeToCandidate
2019-10-20 17:41:44,995 [Thread-4995] INFO  impl.RoleInfo (RoleInfo.java:updateAndGet(143)) - 8f18dce1-0a3d-4b65-9c78-af3d58b2da7f: start LeaderElection
2019-10-20 17:41:45,025 [8f18dce1-0a3d-4b65-9c78-af3d58b2da7f@group-091950D56227-LeaderElection706] INFO  impl.LeaderElection (LeaderElection.java:askForVotes(178)) - 8f18dce1-0a3d-4b65-9c78-af3d58b2da7f@group-091950D56227-LeaderElection706: begin an election at term 830 for -1: [8a63e1ae-032e-4bed-9f20-125a11f65413:0.0.0.0:38685, 8f18dce1-0a3d-4b65-9c78-af3d58b2da7f:0.0.0.0:42489, 7b1e61a0-7daf-43dd-99d5-9b325c1d31ae:0.0.0.0:38412], old=null
2019-10-20 17:41:45,027 [grpc-default-executor-2] INFO  impl.RaftServerImpl (RaftServerImpl.java:setRole(184)) - 8a63e1ae-032e-4bed-9f20-125a11f65413@group-091950D56227: changes role from  FOLLOWER to FOLLOWER at term 830 for recognizeCandidate:8f18dce1-0a3d-4b65-9c78-af3d58b2da7f
2019-10-20 17:41:45,027 [grpc-default-executor-2] INFO  impl.RoleInfo (RoleInfo.java:shutdownFollowerState(121)) - 8a63e1ae-032e-4bed-9f20-125a11f65413: shutdown FollowerState
2019-10-20 17:41:45,027 [grpc-default-executor-3] INFO  impl.RaftServerImpl (RaftServerImpl.java:setRole(184)) - 7b1e61a0-7daf-43dd-99d5-9b325c1d31ae@group-091950D56227: changes role from  FOLLOWER to FOLLOWER at term 830 for recognizeCandidate:8f18dce1-0a3d-4b65-9c78-af3d58b2da7f
2019-10-20 17:41:45,027 [grpc-default-executor-3] INFO  impl.RoleInfo (RoleInfo.java:shutdownFollowerState(121)) - 7b1e61a0-7daf-43dd-99d5-9b325c1d31ae: shutdown FollowerState
2019-10-20 17:41:45,027 [Thread-4993] INFO  impl.FollowerState (FollowerState.java:run(117)) - 8a63e1ae-032e-4bed-9f20-125a11f65413@group-091950D56227-FollowerState was interrupted: java.lang.InterruptedException: sleep interrupted
2019-10-20 17:41:45,027 [grpc-default-executor-2] INFO  impl.RoleInfo (RoleInfo.java:updateAndGet(143)) - 8a63e1ae-032e-4bed-9f20-125a11f65413: start FollowerState
2019-10-20 17:41:45,028 [Thread-4994] INFO  impl.FollowerState (FollowerState.java:run(117)) - 7b1e61a0-7daf-43dd-99d5-9b325c1d31ae@group-091950D56227-FollowerState was interrupted: java.lang.InterruptedException: sleep interrupted
2019-10-20 17:41:45,028 [grpc-default-executor-3] INFO  impl.RoleInfo (RoleInfo.java:updateAndGet(143)) - 7b1e61a0-7daf-43dd-99d5-9b325c1d31ae: start FollowerState
2019-10-20 17:41:45,051 [8f18dce1-0a3d-4b65-9c78-af3d58b2da7f@group-091950D56227-LeaderElection706] INFO  impl.LeaderElection (LeaderElection.java:logAndReturn(56)) - 8f18dce1-0a3d-4b65-9c78-af3d58b2da7f@group-091950D56227-LeaderElection706: Election REJECTED; received 2 response(s) [8f18dce1-0a3d-4b65-9c78-af3d58b2da7f<-8a63e1ae-032e-4bed-9f20-125a11f65413#0:FAIL-t830, 8f18dce1-0a3d-4b65-9c78-af3d58b2da7f<-7b1e61a0-7daf-43dd-99d5-9b325c1d31ae#0:FAIL-t830] and 0 exception(s); 8f18dce1-0a3d-4b65-9c78-af3d58b2da7f@group-091950D56227:t830, leader=null, voted=8f18dce1-0a3d-4b65-9c78-af3d58b2da7f, raftlog=8f18dce1-0a3d-4b65-9c78-af3d58b2da7f@group-091950D56227-SegmentedRaftLog:OPENED:c-1,f-1,i0, conf=-1: [8a63e1ae-032e-4bed-9f20-125a11f65413:0.0.0.0:38685, 8f18dce1-0a3d-4b65-9c78-af3d58b2da7f:0.0.0.0:42489, 7b1e61a0-7daf-43dd-99d5-9b325c1d31ae:0.0.0.0:38412], old=null
2019-10-20 17:41:45,051 [8f18dce1-0a3d-4b65-9c78-af3d58b2da7f@group-091950D56227-LeaderElection706] INFO  impl.RaftServerImpl (RaftServerImpl.java:setRole(184)) - 8f18dce1-0a3d-4b65-9c78-af3d58b2da7f@group-091950D56227: changes role from CANDIDATE to FOLLOWER at term 830 for DISCOVERED_A_NEW_TERM
2019-10-20 17:41:45,052 [8f18dce1-0a3d-4b65-9c78-af3d58b2da7f@group-091950D56227-LeaderElection706] INFO  impl.RoleInfo (RoleInfo.java:shutdownLeaderElection(134)) - 8f18dce1-0a3d-4b65-9c78-af3d58b2da7f: shutdown LeaderElection
2019-10-20 17:41:45,052 [8f18dce1-0a3d-4b65-9c78-af3d58b2da7f@group-091950D56227-LeaderElection706] INFO  impl.RoleInfo (RoleInfo.java:updateAndGet(143)) - 8f18dce1-0a3d-4b65-9c78-af3d58b2da7f: start FollowerState
2019-10-20 17:41:45,077 [Thread-5001] INFO  impl.FollowerState (FollowerState.java:run(108)) - 8f18dce1-0a3d-4b65-9c78-af3d58b2da7f@group-091950D56227-FollowerState: change to CANDIDATE, lastRpcTime:25ms, electionTimeout:25ms
2019-10-20 17:41:45,077 [Thread-5001] INFO  impl.RoleInfo (RoleInfo.java:shutdownFollowerState(121)) - 8f18dce1-0a3d-4b65-9c78-af3d58b2da7f: shutdown FollowerState
2019-10-20 17:41:45,077 [Thread-5001] INFO  impl.RaftServerImpl (RaftServerImpl.java:setRole(184)) - 8f18dce1-0a3d-4b65-9c78-af3d58b2da7f@group-091950D56227: changes role from  FOLLOWER to CANDIDATE at term 830 for changeToCandidate
2019-10-20 17:41:45,077 [Thread-5001] INFO  impl.RoleInfo (RoleInfo.java:updateAndGet(143)) - 8f18dce1-0a3d-4b65-9c78-af3d58b2da7f: start LeaderElection
2019-10-20 17:41:45,101 [8f18dce1-0a3d-4b65-9c78-af3d58b2da7f@group-091950D56227-LeaderElection707] INFO  impl.LeaderElection (LeaderElection.java:askForVotes(178)) - 8f18dce1-0a3d-4b65-9c78-af3d58b2da7f@group-091950D56227-LeaderElection707: begin an election at term 831 for -1: [8a63e1ae-032e-4bed-9f20-125a11f65413:0.0.0.0:38685, 8f18dce1-0a3d-4b65-9c78-af3d58b2da7f:0.0.0.0:42489, 7b1e61a0-7daf-43dd-99d5-9b325c1d31ae:0.0.0.0:38412], old=null
2019-10-20 17:41:45,103 [grpc-default-executor-3] INFO  impl.RaftServerImpl (RaftServerImpl.java:setRole(184)) - 8a63e1ae-032e-4bed-9f20-125a11f65413@group-091950D56227: changes role from  FOLLOWER to FOLLOWER at term 831 for recognizeCandidate:8f18dce1-0a3d-4b65-9c78-af3d58b2da7f
2019-10-20 17:41:45,103 [grpc-default-executor-3] INFO  impl.RoleInfo (RoleInfo.java:shutdownFollowerState(121)) - 8a63e1ae-032e-4bed-9f20-125a11f65413: shutdown FollowerState
2019-10-20 17:41:45,103 [grpc-default-executor-3] INFO  impl.RoleInfo (RoleInfo.java:updateAndGet(143)) - 8a63e1ae-032e-4bed-9f20-125a11f65413: start FollowerState
2019-10-20 17:41:45,103 [Thread-4999] INFO  impl.FollowerState (FollowerState.java:run(117)) - 8a63e1ae-032e-4bed-9f20-125a11f65413@group-091950D56227-FollowerState was interrupted: java.lang.InterruptedException: sleep interrupted
2019-10-20 17:41:45,103 [grpc-default-executor-2] INFO  impl.RaftServerImpl (RaftServerImpl.java:setRole(184)) - 7b1e61a0-7daf-43dd-99d5-9b325c1d31ae@group-091950D56227: changes role from  FOLLOWER to FOLLOWER at term 831 for recognizeCandidate:8f18dce1-0a3d-4b65-9c78-af3d58b2da7f
2019-10-20 17:41:45,104 [grpc-default-executor-2] INFO  impl.RoleInfo (RoleInfo.java:shutdownFollowerState(121)) - 7b1e61a0-7daf-43dd-99d5-9b325c1d31ae: shutdown FollowerState
2019-10-20 17:41:45,104 [grpc-default-executor-2] INFO  impl.RoleInfo (RoleInfo.java:updateAndGet(143)) - 7b1e61a0-7daf-43dd-99d5-9b325c1d31ae: start FollowerState
2019-10-20 17:41:45,104 [Thread-5000] INFO  impl.FollowerState (FollowerState.java:run(117)) - 7b1e61a0-7daf-43dd-99d5-9b325c1d31ae@group-091950D56227-FollowerState was interrupted: java.lang.InterruptedException: sleep interrupted
2019-10-20 17:41:45,127 [8f18dce1-0a3d-4b65-9c78-af3d58b2da7f@group-091950D56227-LeaderElection707] INFO  impl.LeaderElection (LeaderElection.java:logAndReturn(56)) - 8f18dce1-0a3d-4b65-9c78-af3d58b2da7f@group-091950D56227-LeaderElection707: Election REJECTED; received 2 response(s) [8f18dce1-0a3d-4b65-9c78-af3d58b2da7f<-8a63e1ae-032e-4bed-9f20-125a11f65413#0:FAIL-t831, 8f18dce1-0a3d-4b65-9c78-af3d58b2da7f<-7b1e61a0-7daf-43dd-99d5-9b325c1d31ae#0:FAIL-t831] and 0 exception(s); 8f18dce1-0a3d-4b65-9c78-af3d58b2da7f@group-091950D56227:t831, leader=null, voted=8f18dce1-0a3d-4b65-9c78-af3d58b2da7f, raftlog=8f18dce1-0a3d-4b65-9c78-af3d58b2da7f@group-091950D56227-SegmentedRaftLog:OPENED:c-1,f-1,i0, conf=-1: [8a63e1ae-032e-4bed-9f20-125a11f65413:0.0.0.0:38685, 8f18dce1-0a3d-4b65-9c78-af3d58b2da7f:0.0.0.0:42489, 7b1e61a0-7daf-43dd-99d5-9b325c1d31ae:0.0.0.0:38412], old=null
2019-10-20 17:41:45,127 [8f18dce1-0a3d-4b65-9c78-af3d58b2da7f@group-091950D56227-LeaderElection707] INFO  impl.RaftServerImpl (RaftServerImpl.java:setRole(184)) - 8f18dce1-0a3d-4b65-9c78-af3d58b2da7f@group-091950D56227: changes role from CANDIDATE to FOLLOWER at term 831 for DISCOVERED_A_NEW_TERM
2019-10-20 17:41:45,127 [8f18dce1-0a3d-4b65-9c78-af3d58b2da7f@group-091950D56227-LeaderElection707] INFO  impl.RoleInfo (RoleInfo.java:shutdownLeaderElection(134)) - 8f18dce1-0a3d-4b65-9c78-af3d58b2da7f: shutdown LeaderElection
2019-10-20 17:41:45,128 [8f18dce1-0a3d-4b65-9c78-af3d58b2da7f@group-091950D56227-LeaderElection707] INFO  impl.RoleInfo (RoleInfo.java:updateAndGet(143)) - 8f18dce1-0a3d-4b65-9c78-af3d58b2da7f: start FollowerState
2019-10-20 17:41:45,146 [Thread-5007] INFO  impl.FollowerState (FollowerState.java:run(108)) - 8f18dce1-0a3d-4b65-9c78-af3d58b2da7f@group-091950D56227-FollowerState: change to CANDIDATE, lastRpcTime:18ms, electionTimeout:18ms
2019-10-20 17:41:45,146 [Thread-5007] INFO  impl.RoleInfo (RoleInfo.java:shutdownFollowerState(121)) - 8f18dce1-0a3d-4b65-9c78-af3d58b2da7f: shutdown FollowerState
2019-10-20 17:41:45,146 [Thread-5007] INFO  impl.RaftServerImpl (RaftServerImpl.java:setRole(184)) - 8f18dce1-0a3d-4b65-9c78-af3d58b2da7f@group-091950D56227: changes role from  FOLLOWER to CANDIDATE at term 831 for changeToCandidate
2019-10-20 17:41:45,146 [Thread-5007] INFO  impl.RoleInfo (RoleInfo.java:updateAndGet(143)) - 8f18dce1-0a3d-4b65-9c78-af3d58b2da7f: start LeaderElection
2019-10-20 17:41:45,169 [8f18dce1-0a3d-4b65-9c78-af3d58b2da7f@group-091950D56227-LeaderElection708] INFO  impl.LeaderElection (LeaderElection.java:askForVotes(178)) - 8f18dce1-0a3d-4b65-9c78-af3d58b2da7f@group-091950D56227-LeaderElection708: begin an election at term 832 for -1: [8a63e1ae-032e-4bed-9f20-125a11f65413:0.0.0.0:38685, 8f18dce1-0a3d-4b65-9c78-af3d58b2da7f:0.0.0.0:42489, 7b1e61a0-7daf-43dd-99d5-9b325c1d31ae:0.0.0.0:38412], old=null
2019-10-20 17:41:45,170 [grpc-default-executor-3] INFO  impl.RaftServerImpl (RaftServerImpl.java:setRole(184)) - 8a63e1ae-032e-4bed-9f20-125a11f65413@group-091950D56227: changes role from  FOLLOWER to FOLLOWER at term 832 for recognizeCandidate:8f18dce1-0a3d-4b65-9c78-af3d58b2da7f
2019-10-20 17:41:45,170 [grpc-default-executor-2] INFO  impl.RaftServerImpl (RaftServerImpl.java:setRole(184)) - 7b1e61a0-7daf-43dd-99d5-9b325c1d31ae@group-091950D56227: changes role from  FOLLOWER to FOLLOWER at term 832 for recognizeCandidate:8f18dce1-0a3d-4b65-9c78-af3d58b2da7f
2019-10-20 17:41:45,170 [grpc-default-executor-2] INFO  impl.RoleInfo (RoleInfo.java:shutdownFollowerState(121)) - 7b1e61a0-7daf-43dd-99d5-9b325c1d31ae: shutdown FollowerState
2019-10-20 17:41:45,170 [grpc-default-executor-3] INFO  impl.RoleInfo (RoleInfo.java:shutdownFollowerState(121)) - 8a63e1ae-032e-4bed-9f20-125a11f65413: shutdown FollowerState
2019-10-20 17:41:45,170 [grpc-default-executor-3] INFO  impl.RoleInfo (RoleInfo.java:updateAndGet(143)) - 8a63e1ae-032e-4bed-9f20-125a11f65413: start FollowerState
2019-10-20 17:41:45,170 [Thread-5006] INFO  impl.FollowerState (FollowerState.java:run(117)) - 7b1e61a0-7daf-43dd-99d5-9b325c1d31ae@group-091950D56227-FollowerState was interrupted: java.lang.InterruptedException: sleep interrupted
2019-10-20 17:41:45,170 [grpc-default-executor-2] INFO  impl.RoleInfo (RoleInfo.java:updateAndGet(143)) - 7b1e61a0-7daf-43dd-99d5-9b325c1d31ae: start FollowerState
2019-10-20 17:41:45,170 [Thread-5005] INFO  impl.FollowerState (FollowerState.java:run(117)) - 8a63e1ae-032e-4bed-9f20-125a11f65413@group-091950D56227-FollowerState was interrupted: java.lang.InterruptedException: sleep interrupted
2019-10-20 17:41:45,195 [8f18dce1-0a3d-4b65-9c78-af3d58b2da7f@group-091950D56227-LeaderElection708] INFO  impl.LeaderElection (LeaderElection.java:logAndReturn(56)) - 8f18dce1-0a3d-4b65-9c78-af3d58b2da7f@group-091950D56227-LeaderElection708: Election REJECTED; received 2 response(s) [8f18dce1-0a3d-4b65-9c78-af3d58b2da7f<-8a63e1ae-032e-4bed-9f20-125a11f65413#0:FAIL-t832, 8f18dce1-0a3d-4b65-9c78-af3d58b2da7f<-7b1e61a0-7daf-43dd-99d5-9b325c1d31ae#0:FAIL-t832] and 0 exception(s); 8f18dce1-0a3d-4b65-9c78-af3d58b2da7f@group-091950D56227:t832, leader=null, voted=8f18dce1-0a3d-4b65-9c78-af3d58b2da7f, raftlog=8f18dce1-0a3d-4b65-9c78-af3d58b2da7f@group-091950D56227-SegmentedRaftLog:OPENED:c-1,f-1,i0, conf=-1: [8a63e1ae-032e-4bed-9f20-125a11f65413:0.0.0.0:38685, 8f18dce1-0a3d-4b65-9c78-af3d58b2da7f:0.0.0.0:42489, 7b1e61a0-7daf-43dd-99d5-9b325c1d31ae:0.0.0.0:38412], old=null
2019-10-20 17:41:45,195 [8f18dce1-0a3d-4b65-9c78-af3d58b2da7f@group-091950D56227-LeaderElection708] INFO  impl.RaftServerImpl (RaftServerImpl.java:setRole(184)) - 8f18dce1-0a3d-4b65-9c78-af3d58b2da7f@group-091950D56227: changes role from CANDIDATE to FOLLOWER at term 832 for DISCOVERED_A_NEW_TERM
2019-10-20 17:41:45,195 [8f18dce1-0a3d-4b65-9c78-af3d58b2da7f@group-091950D56227-LeaderElection708] INFO  impl.RoleInfo (RoleInfo.java:shutdownLeaderElection(134)) - 8f18dce1-0a3d-4b65-9c78-af3d58b2da7f: shutdown LeaderElection
2019-10-20 17:41:45,195 [8f18dce1-0a3d-4b65-9c78-af3d58b2da7f@group-091950D56227-LeaderElection708] INFO  impl.RoleInfo (RoleInfo.java:updateAndGet(143)) - 8f18dce1-0a3d-4b65-9c78-af3d58b2da7f: start FollowerState
2019-10-20 17:41:45,320 [Thread-5013] INFO  impl.FollowerState (FollowerState.java:run(108)) - 8f18dce1-0a3d-4b65-9c78-af3d58b2da7f@group-091950D56227-FollowerState: change to CANDIDATE, lastRpcTime:125ms, electionTimeout:125ms
2019-10-20 17:41:45,321 [Thread-5013] INFO  impl.RoleInfo (RoleInfo.java:shutdownFollowerState(121)) - 8f18dce1-0a3d-4b65-9c78-af3d58b2da7f: shutdown FollowerState
2019-10-20 17:41:45,321 [Thread-5013] INFO  impl.RaftServerImpl (RaftServerImpl.java:setRole(184)) - 8f18dce1-0a3d-4b65-9c78-af3d58b2da7f@group-091950D56227: changes role from  FOLLOWER to CANDIDATE at term 832 for changeToCandidate
2019-10-20 17:41:45,321 [Thread-5013] INFO  impl.RoleInfo (RoleInfo.java:updateAndGet(143)) - 8f18dce1-0a3d-4b65-9c78-af3d58b2da7f: start LeaderElection
2019-10-20 17:41:45,345 [8f18dce1-0a3d-4b65-9c78-af3d58b2da7f@group-091950D56227-LeaderElection709] INFO  impl.LeaderElection (LeaderElection.java:askForVotes(178)) - 8f18dce1-0a3d-4b65-9c78-af3d58b2da7f@group-091950D56227-LeaderElection709: begin an election at term 833 for -1: [8a63e1ae-032e-4bed-9f20-125a11f65413:0.0.0.0:38685, 8f18dce1-0a3d-4b65-9c78-af3d58b2da7f:0.0.0.0:42489, 7b1e61a0-7daf-43dd-99d5-9b325c1d31ae:0.0.0.0:38412], old=null
2019-10-20 17:41:45,346 [grpc-default-executor-3] INFO  impl.RaftServerImpl (RaftServerImpl.java:setRole(184)) - 8a63e1ae-032e-4bed-9f20-125a11f65413@group-091950D56227: changes role from  FOLLOWER to FOLLOWER at term 833 for recognizeCandidate:8f18dce1-0a3d-4b65-9c78-af3d58b2da7f
2019-10-20 17:41:45,346 [grpc-default-executor-3] INFO  impl.RoleInfo (RoleInfo.java:shutdownFollowerState(121)) - 8a63e1ae-032e-4bed-9f20-125a11f65413: shutdown FollowerState
2019-10-20 17:41:45,346 [grpc-default-executor-2] INFO  impl.RaftServerImpl (RaftServerImpl.java:setRole(184)) - 7b1e61a0-7daf-43dd-99d5-9b325c1d31ae@group-091950D56227: changes role from  FOLLOWER to FOLLOWER at term 833 for recognizeCandidate:8f18dce1-0a3d-4b65-9c78-af3d58b2da7f
2019-10-20 17:41:45,346 [grpc-default-executor-2] INFO  impl.RoleInfo (RoleInfo.java:shutdownFollowerState(121)) - 7b1e61a0-7daf-43dd-99d5-9b325c1d31ae: shutdown FollowerState
2019-10-20 17:41:45,346 [Thread-5012] INFO  impl.FollowerState (FollowerState.java:run(117)) - 8a63e1ae-032e-4bed-9f20-125a11f65413@group-091950D56227-FollowerState was interrupted: java.lang.InterruptedException: sleep interrupted
2019-10-20 17:41:45,346 [grpc-default-executor-3] INFO  impl.RoleInfo (RoleInfo.java:updateAndGet(143)) - 8a63e1ae-032e-4bed-9f20-125a11f65413: start FollowerState
2019-10-20 17:41:45,346 [Thread-5011] INFO  impl.FollowerState (FollowerState.java:run(117)) - 7b1e61a0-7daf-43dd-99d5-9b325c1d31ae@group-091950D56227-FollowerState was interrupted: java.lang.InterruptedException: sleep interrupted
2019-10-20 17:41:45,346 [grpc-default-executor-2] INFO  impl.RoleInfo (RoleInfo.java:updateAndGet(143)) - 7b1e61a0-7daf-43dd-99d5-9b325c1d31ae: start FollowerState
2019-10-20 17:41:45,363 [8f18dce1-0a3d-4b65-9c78-af3d58b2da7f@group-091950D56227-LeaderElection709] INFO  impl.LeaderElection (LeaderElection.java:logAndReturn(56)) - 8f18dce1-0a3d-4b65-9c78-af3d58b2da7f@group-091950D56227-LeaderElection709: Election REJECTED; received 2 response(s) [8f18dce1-0a3d-4b65-9c78-af3d58b2da7f<-8a63e1ae-032e-4bed-9f20-125a11f65413#0:FAIL-t833, 8f18dce1-0a3d-4b65-9c78-af3d58b2da7f<-7b1e61a0-7daf-43dd-99d5-9b325c1d31ae#0:FAIL-t833] and 0 exception(s); 8f18dce1-0a3d-4b65-9c78-af3d58b2da7f@group-091950D56227:t833, leader=null, voted=8f18dce1-0a3d-4b65-9c78-af3d58b2da7f, raftlog=8f18dce1-0a3d-4b65-9c78-af3d58b2da7f@group-091950D56227-SegmentedRaftLog:OPENED:c-1,f-1,i0, conf=-1: [8a63e1ae-032e-4bed-9f20-125a11f65413:0.0.0.0:38685, 8f18dce1-0a3d-4b65-9c78-af3d58b2da7f:0.0.0.0:42489, 7b1e61a0-7daf-43dd-99d5-9b325c1d31ae:0.0.0.0:38412], old=null
2019-10-20 17:41:45,363 [8f18dce1-0a3d-4b65-9c78-af3d58b2da7f@group-091950D56227-LeaderElection709] INFO  impl.RaftServerImpl (RaftServerImpl.java:setRole(184)) - 8f18dce1-0a3d-4b65-9c78-af3d58b2da7f@group-091950D56227: changes role from CANDIDATE to FOLLOWER at term 833 for DISCOVERED_A_NEW_TERM
2019-10-20 17:41:45,363 [8f18dce1-0a3d-4b65-9c78-af3d58b2da7f@group-091950D56227-LeaderElection709] INFO  impl.RoleInfo (RoleInfo.java:shutdownLeaderElection(134)) - 8f18dce1-0a3d-4b65-9c78-af3d58b2da7f: shutdown LeaderElection
2019-10-20 17:41:45,363 [8f18dce1-0a3d-4b65-9c78-af3d58b2da7f@group-091950D56227-LeaderElection709] INFO  impl.RoleInfo (RoleInfo.java:updateAndGet(143)) - 8f18dce1-0a3d-4b65-9c78-af3d58b2da7f: start FollowerState
2019-10-20 17:41:45,441 [Thread-5019] INFO  impl.FollowerState (FollowerState.java:run(108)) - 8f18dce1-0a3d-4b65-9c78-af3d58b2da7f@group-091950D56227-FollowerState: change to CANDIDATE, lastRpcTime:77ms, electionTimeout:77ms
2019-10-20 17:41:45,441 [Thread-5019] INFO  impl.RoleInfo (RoleInfo.java:shutdownFollowerState(121)) - 8f18dce1-0a3d-4b65-9c78-af3d58b2da7f: shutdown FollowerState
2019-10-20 17:41:45,441 [Thread-5019] INFO  impl.RaftServerImpl (RaftServerImpl.java:setRole(184)) - 8f18dce1-0a3d-4b65-9c78-af3d58b2da7f@group-091950D56227: changes role from  FOLLOWER to CANDIDATE at term 833 for changeToCandidate
2019-10-20 17:41:45,441 [Thread-5019] INFO  impl.RoleInfo (RoleInfo.java:updateAndGet(143)) - 8f18dce1-0a3d-4b65-9c78-af3d58b2da7f: start LeaderElection
2019-10-20 17:41:45,465 [8f18dce1-0a3d-4b65-9c78-af3d58b2da7f@group-091950D56227-LeaderElection710] INFO  impl.LeaderElection (LeaderElection.java:askForVotes(178)) - 8f18dce1-0a3d-4b65-9c78-af3d58b2da7f@group-091950D56227-LeaderElection710: begin an election at term 834 for -1: [8a63e1ae-032e-4bed-9f20-125a11f65413:0.0.0.0:38685, 8f18dce1-0a3d-4b65-9c78-af3d58b2da7f:0.0.0.0:42489, 7b1e61a0-7daf-43dd-99d5-9b325c1d31ae:0.0.0.0:38412], old=null
2019-10-20 17:41:45,466 [grpc-default-executor-3] INFO  impl.RaftServerImpl (RaftServerImpl.java:setRole(184)) - 8a63e1ae-032e-4bed-9f20-125a11f65413@group-091950D56227: changes role from  FOLLOWER to FOLLOWER at term 834 for recognizeCandidate:8f18dce1-0a3d-4b65-9c78-af3d58b2da7f
2019-10-20 17:41:45,467 [grpc-default-executor-3] INFO  impl.RoleInfo (RoleInfo.java:shutdownFollowerState(121)) - 8a63e1ae-032e-4bed-9f20-125a11f65413: shutdown FollowerState
2019-10-20 17:41:45,467 [grpc-default-executor-2] INFO  impl.RaftServerImpl (RaftServerImpl.java:setRole(184)) - 7b1e61a0-7daf-43dd-99d5-9b325c1d31ae@group-091950D56227: changes role from  FOLLOWER to FOLLOWER at term 834 for recognizeCandidate:8f18dce1-0a3d-4b65-9c78-af3d58b2da7f
2019-10-20 17:41:45,467 [grpc-default-executor-2] INFO  impl.RoleInfo (RoleInfo.java:shutdownFollowerState(121)) - 7b1e61a0-7daf-43dd-99d5-9b325c1d31ae: shutdown FollowerState
2019-10-20 17:41:45,467 [Thread-5017] INFO  impl.FollowerState (FollowerState.java:run(117)) - 8a63e1ae-032e-4bed-9f20-125a11f65413@group-091950D56227-FollowerState was interrupted: java.lang.InterruptedException: sleep interrupted
2019-10-20 17:41:45,467 [grpc-default-executor-3] INFO  impl.RoleInfo (RoleInfo.java:updateAndGet(143)) - 8a63e1ae-032e-4bed-9f20-125a11f65413: start FollowerState
2019-10-20 17:41:45,467 [Thread-5018] INFO  impl.FollowerState (FollowerState.java:run(117)) - 7b1e61a0-7daf-43dd-99d5-9b325c1d31ae@group-091950D56227-FollowerState was interrupted: java.lang.InterruptedException: sleep interrupted
2019-10-20 17:41:45,467 [grpc-default-executor-2] INFO  impl.RoleInfo (RoleInfo.java:updateAndGet(143)) - 7b1e61a0-7daf-43dd-99d5-9b325c1d31ae: start FollowerState
2019-10-20 17:41:45,512 [8f18dce1-0a3d-4b65-9c78-af3d58b2da7f@group-091950D56227-LeaderElection710] INFO  impl.LeaderElection (LeaderElection.java:logAndReturn(56)) - 8f18dce1-0a3d-4b65-9c78-af3d58b2da7f@group-091950D56227-LeaderElection710: Election REJECTED; received 2 response(s) [8f18dce1-0a3d-4b65-9c78-af3d58b2da7f<-8a63e1ae-032e-4bed-9f20-125a11f65413#0:FAIL-t834, 8f18dce1-0a3d-4b65-9c78-af3d58b2da7f<-7b1e61a0-7daf-43dd-99d5-9b325c1d31ae#0:FAIL-t834] and 0 exception(s); 8f18dce1-0a3d-4b65-9c78-af3d58b2da7f@group-091950D56227:t834, leader=null, voted=8f18dce1-0a3d-4b65-9c78-af3d58b2da7f, raftlog=8f18dce1-0a3d-4b65-9c78-af3d58b2da7f@group-091950D56227-SegmentedRaftLog:OPENED:c-1,f-1,i0, conf=-1: [8a63e1ae-032e-4bed-9f20-125a11f65413:0.0.0.0:38685, 8f18dce1-0a3d-4b65-9c78-af3d58b2da7f:0.0.0.0:42489, 7b1e61a0-7daf-43dd-99d5-9b325c1d31ae:0.0.0.0:38412], old=null
2019-10-20 17:41:45,512 [8f18dce1-0a3d-4b65-9c78-af3d58b2da7f@group-091950D56227-LeaderElection710] INFO  impl.RaftServerImpl (RaftServerImpl.java:setRole(184)) - 8f18dce1-0a3d-4b65-9c78-af3d58b2da7f@group-091950D56227: changes role from CANDIDATE to FOLLOWER at term 834 for DISCOVERED_A_NEW_TERM
2019-10-20 17:41:45,512 [8f18dce1-0a3d-4b65-9c78-af3d58b2da7f@group-091950D56227-LeaderElection710] INFO  impl.RoleInfo (RoleInfo.java:shutdownLeaderElection(134)) - 8f18dce1-0a3d-4b65-9c78-af3d58b2da7f: shutdown LeaderElection
2019-10-20 17:41:45,512 [8f18dce1-0a3d-4b65-9c78-af3d58b2da7f@group-091950D56227-LeaderElection710] INFO  impl.RoleInfo (RoleInfo.java:updateAndGet(143)) - 8f18dce1-0a3d-4b65-9c78-af3d58b2da7f: start FollowerState
2019-10-20 17:41:45,603 [Thread-5025] INFO  impl.FollowerState (FollowerState.java:run(108)) - 8f18dce1-0a3d-4b65-9c78-af3d58b2da7f@group-091950D56227-FollowerState: change to CANDIDATE, lastRpcTime:90ms, electionTimeout:90ms
2019-10-20 17:41:45,603 [Thread-5025] INFO  impl.RoleInfo (RoleInfo.java:shutdownFollowerState(121)) - 8f18dce1-0a3d-4b65-9c78-af3d58b2da7f: shutdown FollowerState
2019-10-20 17:41:45,603 [Thread-5025] INFO  impl.RaftServerImpl (RaftServerImpl.java:setRole(184)) - 8f18dce1-0a3d-4b65-9c78-af3d58b2da7f@group-091950D56227: changes role from  FOLLOWER to CANDIDATE at term 834 for changeToCandidate
2019-10-20 17:41:45,603 [Thread-5025] INFO  impl.RoleInfo (RoleInfo.java:updateAndGet(143)) - 8f18dce1-0a3d-4b65-9c78-af3d58b2da7f: start LeaderElection
2019-10-20 17:41:45,629 [8f18dce1-0a3d-4b65-9c78-af3d58b2da7f@group-091950D56227-LeaderElection711] INFO  impl.LeaderElection (LeaderElection.java:askForVotes(178)) - 8f18dce1-0a3d-4b65-9c78-af3d58b2da7f@group-091950D56227-LeaderElection711: begin an election at term 835 for -1: [8a63e1ae-032e-4bed-9f20-125a11f65413:0.0.0.0:38685, 8f18dce1-0a3d-4b65-9c78-af3d58b2da7f:0.0.0.0:42489, 7b1e61a0-7daf-43dd-99d5-9b325c1d31ae:0.0.0.0:38412], old=null
2019-10-20 17:41:45,632 [grpc-default-executor-3] INFO  impl.RaftServerImpl (RaftServerImpl.java:setRole(184)) - 7b1e61a0-7daf-43dd-99d5-9b325c1d31ae@group-091950D56227: changes role from  FOLLOWER to FOLLOWER at term 835 for recognizeCandidate:8f18dce1-0a3d-4b65-9c78-af3d58b2da7f
2019-10-20 17:41:45,632 [grpc-default-executor-2] INFO  impl.RaftServerImpl (RaftServerImpl.java:setRole(184)) - 8a63e1ae-032e-4bed-9f20-125a11f65413@group-091950D56227: changes role from  FOLLOWER to FOLLOWER at term 835 for recognizeCandidate:8f18dce1-0a3d-4b65-9c78-af3d58b2da7f
2019-10-20 17:41:45,633 [grpc-default-executor-2] INFO  impl.RoleInfo (RoleInfo.java:shutdownFollowerState(121)) - 8a63e1ae-032e-4bed-9f20-125a11f65413: shutdown FollowerState
2019-10-20 17:41:45,632 [grpc-default-executor-3] INFO  impl.RoleInfo (RoleInfo.java:shutdownFollowerState(121)) - 7b1e61a0-7daf-43dd-99d5-9b325c1d31ae: shutdown FollowerState
2019-10-20 17:41:45,633 [Thread-5023] INFO  impl.FollowerState (FollowerState.java:run(117)) - 8a63e1ae-032e-4bed-9f20-125a11f65413@group-091950D56227-FollowerState was interrupted: java.lang.InterruptedException: sleep interrupted
2019-10-20 17:41:45,633 [grpc-default-executor-2] INFO  impl.RoleInfo (RoleInfo.java:updateAndGet(143)) - 8a63e1ae-032e-4bed-9f20-125a11f65413: start FollowerState
2019-10-20 17:41:45,633 [Thread-5024] INFO  impl.FollowerState (FollowerState.java:run(117)) - 7b1e61a0-7daf-43dd-99d5-9b325c1d31ae@group-091950D56227-FollowerState was interrupted: java.lang.InterruptedException: sleep interrupted
2019-10-20 17:41:45,633 [grpc-default-executor-3] INFO  impl.RoleInfo (RoleInfo.java:updateAndGet(143)) - 7b1e61a0-7daf-43dd-99d5-9b325c1d31ae: start FollowerState
2019-10-20 17:41:45,657 [8f18dce1-0a3d-4b65-9c78-af3d58b2da7f@group-091950D56227-LeaderElection711] INFO  impl.LeaderElection (LeaderElection.java:logAndReturn(56)) - 8f18dce1-0a3d-4b65-9c78-af3d58b2da7f@group-091950D56227-LeaderElection711: Election REJECTED; received 2 response(s) [8f18dce1-0a3d-4b65-9c78-af3d58b2da7f<-8a63e1ae-032e-4bed-9f20-125a11f65413#0:FAIL-t835, 8f18dce1-0a3d-4b65-9c78-af3d58b2da7f<-7b1e61a0-7daf-43dd-99d5-9b325c1d31ae#0:FAIL-t835] and 0 exception(s); 8f18dce1-0a3d-4b65-9c78-af3d58b2da7f@group-091950D56227:t835, leader=null, voted=8f18dce1-0a3d-4b65-9c78-af3d58b2da7f, raftlog=8f18dce1-0a3d-4b65-9c78-af3d58b2da7f@group-091950D56227-SegmentedRaftLog:OPENED:c-1,f-1,i0, conf=-1: [8a63e1ae-032e-4bed-9f20-125a11f65413:0.0.0.0:38685, 8f18dce1-0a3d-4b65-9c78-af3d58b2da7f:0.0.0.0:42489, 7b1e61a0-7daf-43dd-99d5-9b325c1d31ae:0.0.0.0:38412], old=null
2019-10-20 17:41:45,658 [8f18dce1-0a3d-4b65-9c78-af3d58b2da7f@group-091950D56227-LeaderElection711] INFO  impl.RaftServerImpl (RaftServerImpl.java:setRole(184)) - 8f18dce1-0a3d-4b65-9c78-af3d58b2da7f@group-091950D56227: changes role from CANDIDATE to FOLLOWER at term 835 for DISCOVERED_A_NEW_TERM
2019-10-20 17:41:45,658 [8f18dce1-0a3d-4b65-9c78-af3d58b2da7f@group-091950D56227-LeaderElection711] INFO  impl.RoleInfo (RoleInfo.java:shutdownLeaderElection(134)) - 8f18dce1-0a3d-4b65-9c78-af3d58b2da7f: shutdown LeaderElection
2019-10-20 17:41:45,658 [8f18dce1-0a3d-4b65-9c78-af3d58b2da7f@group-091950D56227-LeaderElection711] INFO  impl.RoleInfo (RoleInfo.java:updateAndGet(143)) - 8f18dce1-0a3d-4b65-9c78-af3d58b2da7f: start FollowerState
2019-10-20 17:41:45,855 [Thread-5031] INFO  impl.FollowerState (FollowerState.java:run(108)) - 8f18dce1-0a3d-4b65-9c78-af3d58b2da7f@group-091950D56227-FollowerState: change to CANDIDATE, lastRpcTime:196ms, electionTimeout:196ms
2019-10-20 17:41:45,855 [Thread-5031] INFO  impl.RoleInfo (RoleInfo.java:shutdownFollowerState(121)) - 8f18dce1-0a3d-4b65-9c78-af3d58b2da7f: shutdown FollowerState
2019-10-20 17:41:45,855 [Thread-5031] INFO  impl.RaftServerImpl (RaftServerImpl.java:setRole(184)) - 8f18dce1-0a3d-4b65-9c78-af3d58b2da7f@group-091950D56227: changes role from  FOLLOWER to CANDIDATE at term 835 for changeToCandidate
2019-10-20 17:41:45,855 [Thread-5031] INFO  impl.RoleInfo (RoleInfo.java:updateAndGet(143)) - 8f18dce1-0a3d-4b65-9c78-af3d58b2da7f: start LeaderElection
2019-10-20 17:41:45,879 [8f18dce1-0a3d-4b65-9c78-af3d58b2da7f@group-091950D56227-LeaderElection712] INFO  impl.LeaderElection (LeaderElection.java:askForVotes(178)) - 8f18dce1-0a3d-4b65-9c78-af3d58b2da7f@group-091950D56227-LeaderElection712: begin an election at term 836 for -1: [8a63e1ae-032e-4bed-9f20-125a11f65413:0.0.0.0:38685, 8f18dce1-0a3d-4b65-9c78-af3d58b2da7f:0.0.0.0:42489, 7b1e61a0-7daf-43dd-99d5-9b325c1d31ae:0.0.0.0:38412], old=null
2019-10-20 17:41:45,881 [grpc-default-executor-3] INFO  impl.RaftServerImpl (RaftServerImpl.java:setRole(184)) - 8a63e1ae-032e-4bed-9f20-125a11f65413@group-091950D56227: changes role from  FOLLOWER to FOLLOWER at term 836 for recognizeCandidate:8f18dce1-0a3d-4b65-9c78-af3d58b2da7f
2019-10-20 17:41:45,881 [grpc-default-executor-3] INFO  impl.RoleInfo (RoleInfo.java:shutdownFollowerState(121)) - 8a63e1ae-032e-4bed-9f20-125a11f65413: shutdown FollowerState
2019-10-20 17:41:45,881 [grpc-default-executor-2] INFO  impl.RaftServerImpl (RaftServerImpl.java:setRole(184)) - 7b1e61a0-7daf-43dd-99d5-9b325c1d31ae@group-091950D56227: changes role from  FOLLOWER to FOLLOWER at term 836 for recognizeCandidate:8f18dce1-0a3d-4b65-9c78-af3d58b2da7f
2019-10-20 17:41:45,882 [grpc-default-executor-2] INFO  impl.RoleInfo (RoleInfo.java:shutdownFollowerState(121)) - 7b1e61a0-7daf-43dd-99d5-9b325c1d31ae: shutdown FollowerState
2019-10-20 17:41:45,881 [Thread-5029] INFO  impl.FollowerState (FollowerState.java:run(117)) - 8a63e1ae-032e-4bed-9f20-125a11f65413@group-091950D56227-FollowerState was interrupted: java.lang.InterruptedException: sleep interrupted
2019-10-20 17:41:45,881 [grpc-default-executor-3] INFO  impl.RoleInfo (RoleInfo.java:updateAndGet(143)) - 8a63e1ae-032e-4bed-9f20-125a11f65413: start FollowerState
2019-10-20 17:41:45,882 [Thread-5030] INFO  impl.FollowerState (FollowerState.java:run(117)) - 7b1e61a0-7daf-43dd-99d5-9b325c1d31ae@group-091950D56227-FollowerState was interrupted: java.lang.InterruptedException: sleep interrupted
2019-10-20 17:41:45,882 [grpc-default-executor-2] INFO  impl.RoleInfo (RoleInfo.java:updateAndGet(143)) - 7b1e61a0-7daf-43dd-99d5-9b325c1d31ae: start FollowerState
2019-10-20 17:41:45,910 [8f18dce1-0a3d-4b65-9c78-af3d58b2da7f@group-091950D56227-LeaderElection712] INFO  impl.LeaderElection (LeaderElection.java:logAndReturn(56)) - 8f18dce1-0a3d-4b65-9c78-af3d58b2da7f@group-091950D56227-LeaderElection712: Election REJECTED; received 2 response(s) [8f18dce1-0a3d-4b65-9c78-af3d58b2da7f<-8a63e1ae-032e-4bed-9f20-125a11f65413#0:FAIL-t836, 8f18dce1-0a3d-4b65-9c78-af3d58b2da7f<-7b1e61a0-7daf-43dd-99d5-9b325c1d31ae#0:FAIL-t836] and 0 exception(s); 8f18dce1-0a3d-4b65-9c78-af3d58b2da7f@group-091950D56227:t836, leader=null, voted=8f18dce1-0a3d-4b65-9c78-af3d58b2da7f, raftlog=8f18dce1-0a3d-4b65-9c78-af3d58b2da7f@group-091950D56227-SegmentedRaftLog:OPENED:c-1,f-1,i0, conf=-1: [8a63e1ae-032e-4bed-9f20-125a11f65413:0.0.0.0:38685, 8f18dce1-0a3d-4b65-9c78-af3d58b2da7f:0.0.0.0:42489, 7b1e61a0-7daf-43dd-99d5-9b325c1d31ae:0.0.0.0:38412], old=null
2019-10-20 17:41:45,911 [8f18dce1-0a3d-4b65-9c78-af3d58b2da7f@group-091950D56227-LeaderElection712] INFO  impl.RaftServerImpl (RaftServerImpl.java:setRole(184)) - 8f18dce1-0a3d-4b65-9c78-af3d58b2da7f@group-091950D56227: changes role from CANDIDATE to FOLLOWER at term 836 for DISCOVERED_A_NEW_TERM
2019-10-20 17:41:45,911 [8f18dce1-0a3d-4b65-9c78-af3d58b2da7f@group-091950D56227-LeaderElection712] INFO  impl.RoleInfo (RoleInfo.java:shutdownLeaderElection(134)) - 8f18dce1-0a3d-4b65-9c78-af3d58b2da7f: shutdown LeaderElection
2019-10-20 17:41:45,911 [8f18dce1-0a3d-4b65-9c78-af3d58b2da7f@group-091950D56227-LeaderElection712] INFO  impl.RoleInfo (RoleInfo.java:updateAndGet(143)) - 8f18dce1-0a3d-4b65-9c78-af3d58b2da7f: start FollowerState
2019-10-20 17:41:46,019 [Thread-5039] INFO  impl.FollowerState (FollowerState.java:run(108)) - 8f18dce1-0a3d-4b65-9c78-af3d58b2da7f@group-091950D56227-FollowerState: change to CANDIDATE, lastRpcTime:108ms, electionTimeout:108ms
2019-10-20 17:41:46,020 [Thread-5039] INFO  impl.RoleInfo (RoleInfo.java:shutdownFollowerState(121)) - 8f18dce1-0a3d-4b65-9c78-af3d58b2da7f: shutdown FollowerState
2019-10-20 17:41:46,020 [Thread-5039] INFO  impl.RaftServerImpl (RaftServerImpl.java:setRole(184)) - 8f18dce1-0a3d-4b65-9c78-af3d58b2da7f@group-091950D56227: changes role from  FOLLOWER to CANDIDATE at term 836 for changeToCandidate
2019-10-20 17:41:46,020 [Thread-5039] INFO  impl.RoleInfo (RoleInfo.java:updateAndGet(143)) - 8f18dce1-0a3d-4b65-9c78-af3d58b2da7f: start LeaderElection
2019-10-20 17:41:46,044 [8f18dce1-0a3d-4b65-9c78-af3d58b2da7f@group-091950D56227-LeaderElection713] INFO  impl.LeaderElection (LeaderElection.java:askForVotes(178)) - 8f18dce1-0a3d-4b65-9c78-af3d58b2da7f@group-091950D56227-LeaderElection713: begin an election at term 837 for -1: [8a63e1ae-032e-4bed-9f20-125a11f65413:0.0.0.0:38685, 8f18dce1-0a3d-4b65-9c78-af3d58b2da7f:0.0.0.0:42489, 7b1e61a0-7daf-43dd-99d5-9b325c1d31ae:0.0.0.0:38412], old=null
2019-10-20 17:41:46,046 [grpc-default-executor-3] INFO  impl.RaftServerImpl (RaftServerImpl.java:setRole(184)) - 7b1e61a0-7daf-43dd-99d5-9b325c1d31ae@group-091950D56227: changes role from  FOLLOWER to FOLLOWER at term 837 for recognizeCandidate:8f18dce1-0a3d-4b65-9c78-af3d58b2da7f
2019-10-20 17:41:46,046 [grpc-default-executor-3] INFO  impl.RoleInfo (RoleInfo.java:shutdownFollowerState(121)) - 7b1e61a0-7daf-43dd-99d5-9b325c1d31ae: shutdown FollowerState
2019-10-20 17:41:46,046 [grpc-default-executor-2] INFO  impl.RaftServerImpl (RaftServerImpl.java:setRole(184)) - 8a63e1ae-032e-4bed-9f20-125a11f65413@group-091950D56227: changes role from  FOLLOWER to FOLLOWER at term 837 for recognizeCandidate:8f18dce1-0a3d-4b65-9c78-af3d58b2da7f
2019-10-20 17:41:46,046 [grpc-default-executor-2] INFO  impl.RoleInfo (RoleInfo.java:shutdownFollowerState(121)) - 8a63e1ae-032e-4bed-9f20-125a11f65413: shutdown FollowerState
2019-10-20 17:41:46,046 [Thread-5038] INFO  impl.FollowerState (FollowerState.java:run(117)) - 7b1e61a0-7daf-43dd-99d5-9b325c1d31ae@group-091950D56227-FollowerState was interrupted: java.lang.InterruptedException: sleep interrupted
2019-10-20 17:41:46,046 [grpc-default-executor-3] INFO  impl.RoleInfo (RoleInfo.java:updateAndGet(143)) - 7b1e61a0-7daf-43dd-99d5-9b325c1d31ae: start FollowerState
2019-10-20 17:41:46,047 [Thread-5037] INFO  impl.FollowerState (FollowerState.java:run(117)) - 8a63e1ae-032e-4bed-9f20-125a11f65413@group-091950D56227-FollowerState was interrupted: java.lang.InterruptedException: sleep interrupted
2019-10-20 17:41:46,047 [grpc-default-executor-2] INFO  impl.RoleInfo (RoleInfo.java:updateAndGet(143)) - 8a63e1ae-032e-4bed-9f20-125a11f65413: start FollowerState
2019-10-20 17:41:46,071 [8f18dce1-0a3d-4b65-9c78-af3d58b2da7f@group-091950D56227-LeaderElection713] INFO  impl.LeaderElection (LeaderElection.java:logAndReturn(56)) - 8f18dce1-0a3d-4b65-9c78-af3d58b2da7f@group-091950D56227-LeaderElection713: Election REJECTED; received 2 response(s) [8f18dce1-0a3d-4b65-9c78-af3d58b2da7f<-8a63e1ae-032e-4bed-9f20-125a11f65413#0:FAIL-t837, 8f18dce1-0a3d-4b65-9c78-af3d58b2da7f<-7b1e61a0-7daf-43dd-99d5-9b325c1d31ae#0:FAIL-t837] and 0 exception(s); 8f18dce1-0a3d-4b65-9c78-af3d58b2da7f@group-091950D56227:t837, leader=null, voted=8f18dce1-0a3d-4b65-9c78-af3d58b2da7f, raftlog=8f18dce1-0a3d-4b65-9c78-af3d58b2da7f@group-091950D56227-SegmentedRaftLog:OPENED:c-1,f-1,i0, conf=-1: [8a63e1ae-032e-4bed-9f20-125a11f65413:0.0.0.0:38685, 8f18dce1-0a3d-4b65-9c78-af3d58b2da7f:0.0.0.0:42489, 7b1e61a0-7daf-43dd-99d5-9b325c1d31ae:0.0.0.0:38412], old=null
2019-10-20 17:41:46,071 [8f18dce1-0a3d-4b65-9c78-af3d58b2da7f@group-091950D56227-LeaderElection713] INFO  impl.RaftServerImpl (RaftServerImpl.java:setRole(184)) - 8f18dce1-0a3d-4b65-9c78-af3d58b2da7f@group-091950D56227: changes role from CANDIDATE to FOLLOWER at term 837 for DISCOVERED_A_NEW_TERM
2019-10-20 17:41:46,071 [8f18dce1-0a3d-4b65-9c78-af3d58b2da7f@group-091950D56227-LeaderElection713] INFO  impl.RoleInfo (RoleInfo.java:shutdownLeaderElection(134)) - 8f18dce1-0a3d-4b65-9c78-af3d58b2da7f: shutdown LeaderElection
2019-10-20 17:41:46,071 [8f18dce1-0a3d-4b65-9c78-af3d58b2da7f@group-091950D56227-LeaderElection713] INFO  impl.RoleInfo (RoleInfo.java:updateAndGet(143)) - 8f18dce1-0a3d-4b65-9c78-af3d58b2da7f: start FollowerState
2019-10-20 17:41:46,155 [Thread-5045] INFO  impl.FollowerState (FollowerState.java:run(108)) - 8f18dce1-0a3d-4b65-9c78-af3d58b2da7f@group-091950D56227-FollowerState: change to CANDIDATE, lastRpcTime:83ms, electionTimeout:83ms
2019-10-20 17:41:46,155 [Thread-5045] INFO  impl.RoleInfo (RoleInfo.java:shutdownFollowerState(121)) - 8f18dce1-0a3d-4b65-9c78-af3d58b2da7f: shutdown FollowerState
2019-10-20 17:41:46,155 [Thread-5045] INFO  impl.RaftServerImpl (RaftServerImpl.java:setRole(184)) - 8f18dce1-0a3d-4b65-9c78-af3d58b2da7f@group-091950D56227: changes role from  FOLLOWER to CANDIDATE at term 837 for changeToCandidate
2019-10-20 17:41:46,155 [Thread-5045] INFO  impl.RoleInfo (RoleInfo.java:updateAndGet(143)) - 8f18dce1-0a3d-4b65-9c78-af3d58b2da7f: start LeaderElection
2019-10-20 17:41:46,179 [8f18dce1-0a3d-4b65-9c78-af3d58b2da7f@group-091950D56227-LeaderElection714] INFO  impl.LeaderElection (LeaderElection.java:askForVotes(178)) - 8f18dce1-0a3d-4b65-9c78-af3d58b2da7f@group-091950D56227-LeaderElection714: begin an election at term 838 for -1: [8a63e1ae-032e-4bed-9f20-125a11f65413:0.0.0.0:38685, 8f18dce1-0a3d-4b65-9c78-af3d58b2da7f:0.0.0.0:42489, 7b1e61a0-7daf-43dd-99d5-9b325c1d31ae:0.0.0.0:38412], old=null
2019-10-20 17:41:46,180 [grpc-default-executor-3] INFO  impl.RaftServerImpl (RaftServerImpl.java:setRole(184)) - 7b1e61a0-7daf-43dd-99d5-9b325c1d31ae@group-091950D56227: changes role from  FOLLOWER to FOLLOWER at term 838 for recognizeCandidate:8f18dce1-0a3d-4b65-9c78-af3d58b2da7f
2019-10-20 17:41:46,180 [grpc-default-executor-3] INFO  impl.RoleInfo (RoleInfo.java:shutdownFollowerState(121)) - 7b1e61a0-7daf-43dd-99d5-9b325c1d31ae: shutdown FollowerState
2019-10-20 17:41:46,180 [grpc-default-executor-2] INFO  impl.RaftServerImpl (RaftServerImpl.java:setRole(184)) - 8a63e1ae-032e-4bed-9f20-125a11f65413@group-091950D56227: changes role from  FOLLOWER to FOLLOWER at term 838 for recognizeCandidate:8f18dce1-0a3d-4b65-9c78-af3d58b2da7f
2019-10-20 17:41:46,180 [grpc-default-executor-2] INFO  impl.RoleInfo (RoleInfo.java:shutdownFollowerState(121)) - 8a63e1ae-032e-4bed-9f20-125a11f65413: shutdown FollowerState
2019-10-20 17:41:46,180 [Thread-5043] INFO  impl.FollowerState (FollowerState.java:run(117)) - 7b1e61a0-7daf-43dd-99d5-9b325c1d31ae@group-091950D56227-FollowerState was interrupted: java.lang.InterruptedException: sleep interrupted
2019-10-20 17:41:46,180 [grpc-default-executor-3] INFO  impl.RoleInfo (RoleInfo.java:updateAndGet(143)) - 7b1e61a0-7daf-43dd-99d5-9b325c1d31ae: start FollowerState
2019-10-20 17:41:46,180 [Thread-5044] INFO  impl.FollowerState (FollowerState.java:run(117)) - 8a63e1ae-032e-4bed-9f20-125a11f65413@group-091950D56227-FollowerState was interrupted: java.lang.InterruptedException: sleep interrupted
2019-10-20 17:41:46,180 [grpc-default-executor-2] INFO  impl.RoleInfo (RoleInfo.java:updateAndGet(143)) - 8a63e1ae-032e-4bed-9f20-125a11f65413: start FollowerState
2019-10-20 17:41:46,204 [8f18dce1-0a3d-4b65-9c78-af3d58b2da7f@group-091950D56227-LeaderElection714] INFO  impl.LeaderElection (LeaderElection.java:logAndReturn(56)) - 8f18dce1-0a3d-4b65-9c78-af3d58b2da7f@group-091950D56227-LeaderElection714: Election REJECTED; received 2 response(s) [8f18dce1-0a3d-4b65-9c78-af3d58b2da7f<-8a63e1ae-032e-4bed-9f20-125a11f65413#0:FAIL-t838, 8f18dce1-0a3d-4b65-9c78-af3d58b2da7f<-7b1e61a0-7daf-43dd-99d5-9b325c1d31ae#0:FAIL-t838] and 0 exception(s); 8f18dce1-0a3d-4b65-9c78-af3d58b2da7f@group-091950D56227:t838, leader=null, voted=8f18dce1-0a3d-4b65-9c78-af3d58b2da7f, raftlog=8f18dce1-0a3d-4b65-9c78-af3d58b2da7f@group-091950D56227-SegmentedRaftLog:OPENED:c-1,f-1,i0, conf=-1: [8a63e1ae-032e-4bed-9f20-125a11f65413:0.0.0.0:38685, 8f18dce1-0a3d-4b65-9c78-af3d58b2da7f:0.0.0.0:42489, 7b1e61a0-7daf-43dd-99d5-9b325c1d31ae:0.0.0.0:38412], old=null
2019-10-20 17:41:46,204 [8f18dce1-0a3d-4b65-9c78-af3d58b2da7f@group-091950D56227-LeaderElection714] INFO  impl.RaftServerImpl (RaftServerImpl.java:setRole(184)) - 8f18dce1-0a3d-4b65-9c78-af3d58b2da7f@group-091950D56227: changes role from CANDIDATE to FOLLOWER at term 838 for DISCOVERED_A_NEW_TERM
2019-10-20 17:41:46,204 [8f18dce1-0a3d-4b65-9c78-af3d58b2da7f@group-091950D56227-LeaderElection714] INFO  impl.RoleInfo (RoleInfo.java:shutdownLeaderElection(134)) - 8f18dce1-0a3d-4b65-9c78-af3d58b2da7f: shutdown LeaderElection
2019-10-20 17:41:46,204 [8f18dce1-0a3d-4b65-9c78-af3d58b2da7f@group-091950D56227-LeaderElection714] INFO  impl.RoleInfo (RoleInfo.java:updateAndGet(143)) - 8f18dce1-0a3d-4b65-9c78-af3d58b2da7f: start FollowerState
2019-10-20 17:41:46,334 [Thread-5051] INFO  impl.FollowerState (FollowerState.java:run(108)) - 8f18dce1-0a3d-4b65-9c78-af3d58b2da7f@group-091950D56227-FollowerState: change to CANDIDATE, lastRpcTime:130ms, electionTimeout:130ms
2019-10-20 17:41:46,334 [Thread-5051] INFO  impl.RoleInfo (RoleInfo.java:shutdownFollowerState(121)) - 8f18dce1-0a3d-4b65-9c78-af3d58b2da7f: shutdown FollowerState
2019-10-20 17:41:46,334 [Thread-5051] INFO  impl.RaftServerImpl (RaftServerImpl.java:setRole(184)) - 8f18dce1-0a3d-4b65-9c78-af3d58b2da7f@group-091950D56227: changes role from  FOLLOWER to CANDIDATE at term 838 for changeToCandidate
2019-10-20 17:41:46,335 [Thread-5051] INFO  impl.RoleInfo (RoleInfo.java:updateAndGet(143)) - 8f18dce1-0a3d-4b65-9c78-af3d58b2da7f: start LeaderElection
2019-10-20 17:41:46,358 [8f18dce1-0a3d-4b65-9c78-af3d58b2da7f@group-091950D56227-LeaderElection715] INFO  impl.LeaderElection (LeaderElection.java:askForVotes(178)) - 8f18dce1-0a3d-4b65-9c78-af3d58b2da7f@group-091950D56227-LeaderElection715: begin an election at term 839 for -1: [8a63e1ae-032e-4bed-9f20-125a11f65413:0.0.0.0:38685, 8f18dce1-0a3d-4b65-9c78-af3d58b2da7f:0.0.0.0:42489, 7b1e61a0-7daf-43dd-99d5-9b325c1d31ae:0.0.0.0:38412], old=null
2019-10-20 17:41:46,360 [grpc-default-executor-3] INFO  impl.RaftServerImpl (RaftServerImpl.java:setRole(184)) - 8a63e1ae-032e-4bed-9f20-125a11f65413@group-091950D56227: changes role from  FOLLOWER to FOLLOWER at term 839 for recognizeCandidate:8f18dce1-0a3d-4b65-9c78-af3d58b2da7f
2019-10-20 17:41:46,360 [grpc-default-executor-2] INFO  impl.RaftServerImpl (RaftServerImpl.java:setRole(184)) - 7b1e61a0-7daf-43dd-99d5-9b325c1d31ae@group-091950D56227: changes role from  FOLLOWER to FOLLOWER at term 839 for recognizeCandidate:8f18dce1-0a3d-4b65-9c78-af3d58b2da7f
2019-10-20 17:41:46,360 [grpc-default-executor-2] INFO  impl.RoleInfo (RoleInfo.java:shutdownFollowerState(121)) - 7b1e61a0-7daf-43dd-99d5-9b325c1d31ae: shutdown FollowerState
2019-10-20 17:41:46,360 [grpc-default-executor-3] INFO  impl.RoleInfo (RoleInfo.java:shutdownFollowerState(121)) - 8a63e1ae-032e-4bed-9f20-125a11f65413: shutdown FollowerState
2019-10-20 17:41:46,360 [Thread-5049] INFO  impl.FollowerState (FollowerState.java:run(117)) - 7b1e61a0-7daf-43dd-99d5-9b325c1d31ae@group-091950D56227-FollowerState was interrupted: java.lang.InterruptedException: sleep interrupted
2019-10-20 17:41:46,360 [grpc-default-executor-2] INFO  impl.RoleInfo (RoleInfo.java:updateAndGet(143)) - 7b1e61a0-7daf-43dd-99d5-9b325c1d31ae: start FollowerState
2019-10-20 17:41:46,360 [Thread-5050] INFO  impl.FollowerState (FollowerState.java:run(117)) - 8a63e1ae-032e-4bed-9f20-125a11f65413@group-091950D56227-FollowerState was interrupted: java.lang.InterruptedException: sleep interrupted
2019-10-20 17:41:46,360 [grpc-default-executor-3] INFO  impl.RoleInfo (RoleInfo.java:updateAndGet(143)) - 8a63e1ae-032e-4bed-9f20-125a11f65413: start FollowerState
2019-10-20 17:41:46,403 [8f18dce1-0a3d-4b65-9c78-af3d58b2da7f@group-091950D56227-LeaderElection715] INFO  impl.LeaderElection (LeaderElection.java:logAndReturn(56)) - 8f18dce1-0a3d-4b65-9c78-af3d58b2da7f@group-091950D56227-LeaderElection715: Election REJECTED; received 2 response(s) [8f18dce1-0a3d-4b65-9c78-af3d58b2da7f<-8a63e1ae-032e-4bed-9f20-125a11f65413#0:FAIL-t839, 8f18dce1-0a3d-4b65-9c78-af3d58b2da7f<-7b1e61a0-7daf-43dd-99d5-9b325c1d31ae#0:FAIL-t839] and 0 exception(s); 8f18dce1-0a3d-4b65-9c78-af3d58b2da7f@group-091950D56227:t839, leader=null, voted=8f18dce1-0a3d-4b65-9c78-af3d58b2da7f, raftlog=8f18dce1-0a3d-4b65-9c78-af3d58b2da7f@group-091950D56227-SegmentedRaftLog:OPENED:c-1,f-1,i0, conf=-1: [8a63e1ae-032e-4bed-9f20-125a11f65413:0.0.0.0:38685, 8f18dce1-0a3d-4b65-9c78-af3d58b2da7f:0.0.0.0:42489, 7b1e61a0-7daf-43dd-99d5-9b325c1d31ae:0.0.0.0:38412], old=null
2019-10-20 17:41:46,403 [8f18dce1-0a3d-4b65-9c78-af3d58b2da7f@group-091950D56227-LeaderElection715] INFO  impl.RaftServerImpl (RaftServerImpl.java:setRole(184)) - 8f18dce1-0a3d-4b65-9c78-af3d58b2da7f@group-091950D56227: changes role from CANDIDATE to FOLLOWER at term 839 for DISCOVERED_A_NEW_TERM
2019-10-20 17:41:46,403 [8f18dce1-0a3d-4b65-9c78-af3d58b2da7f@group-091950D56227-LeaderElection715] INFO  impl.RoleInfo (RoleInfo.java:shutdownLeaderElection(134)) - 8f18dce1-0a3d-4b65-9c78-af3d58b2da7f: shutdown LeaderElection
2019-10-20 17:41:46,403 [8f18dce1-0a3d-4b65-9c78-af3d58b2da7f@group-091950D56227-LeaderElection715] INFO  impl.RoleInfo (RoleInfo.java:updateAndGet(143)) - 8f18dce1-0a3d-4b65-9c78-af3d58b2da7f: start FollowerState
2019-10-20 17:41:46,575 [Thread-5057] INFO  impl.FollowerState (FollowerState.java:run(108)) - 8f18dce1-0a3d-4b65-9c78-af3d58b2da7f@group-091950D56227-FollowerState: change to CANDIDATE, lastRpcTime:171ms, electionTimeout:171ms
2019-10-20 17:41:46,575 [Thread-5057] INFO  impl.RoleInfo (RoleInfo.java:shutdownFollowerState(121)) - 8f18dce1-0a3d-4b65-9c78-af3d58b2da7f: shutdown FollowerState
2019-10-20 17:41:46,575 [Thread-5057] INFO  impl.RaftServerImpl (RaftServerImpl.java:setRole(184)) - 8f18dce1-0a3d-4b65-9c78-af3d58b2da7f@group-091950D56227: changes role from  FOLLOWER to CANDIDATE at term 839 for changeToCandidate
2019-10-20 17:41:46,575 [Thread-5057] INFO  impl.RoleInfo (RoleInfo.java:updateAndGet(143)) - 8f18dce1-0a3d-4b65-9c78-af3d58b2da7f: start LeaderElection
2019-10-20 17:41:46,611 [8f18dce1-0a3d-4b65-9c78-af3d58b2da7f@group-091950D56227-LeaderElection716] INFO  impl.LeaderElection (LeaderElection.java:askForVotes(178)) - 8f18dce1-0a3d-4b65-9c78-af3d58b2da7f@group-091950D56227-LeaderElection716: begin an election at term 840 for -1: [8a63e1ae-032e-4bed-9f20-125a11f65413:0.0.0.0:38685, 8f18dce1-0a3d-4b65-9c78-af3d58b2da7f:0.0.0.0:42489, 7b1e61a0-7daf-43dd-99d5-9b325c1d31ae:0.0.0.0:38412], old=null
2019-10-20 17:41:46,613 [grpc-default-executor-2] INFO  impl.RaftServerImpl (RaftServerImpl.java:setRole(184)) - 8a63e1ae-032e-4bed-9f20-125a11f65413@group-091950D56227: changes role from  FOLLOWER to FOLLOWER at term 840 for recognizeCandidate:8f18dce1-0a3d-4b65-9c78-af3d58b2da7f
2019-10-20 17:41:46,613 [grpc-default-executor-3] INFO  impl.RaftServerImpl (RaftServerImpl.java:setRole(184)) - 7b1e61a0-7daf-43dd-99d5-9b325c1d31ae@group-091950D56227: changes role from  FOLLOWER to FOLLOWER at term 840 for recognizeCandidate:8f18dce1-0a3d-4b65-9c78-af3d58b2da7f
2019-10-20 17:41:46,613 [grpc-default-executor-3] INFO  impl.RoleInfo (RoleInfo.java:shutdownFollowerState(121)) - 7b1e61a0-7daf-43dd-99d5-9b325c1d31ae: shutdown FollowerState
2019-10-20 17:41:46,613 [grpc-default-executor-2] INFO  impl.RoleInfo (RoleInfo.java:shutdownFollowerState(121)) - 8a63e1ae-032e-4bed-9f20-125a11f65413: shutdown FollowerState
2019-10-20 17:41:46,613 [Thread-5055] INFO  impl.FollowerState (FollowerState.java:run(117)) - 7b1e61a0-7daf-43dd-99d5-9b325c1d31ae@group-091950D56227-FollowerState was interrupted: java.lang.InterruptedException: sleep interrupted
2019-10-20 17:41:46,613 [Thread-5056] INFO  impl.FollowerState (FollowerState.java:run(117)) - 8a63e1ae-032e-4bed-9f20-125a11f65413@group-091950D56227-FollowerState was interrupted: java.lang.InterruptedException: sleep interrupted
2019-10-20 17:41:46,613 [grpc-default-executor-3] INFO  impl.RoleInfo (RoleInfo.java:updateAndGet(143)) - 7b1e61a0-7daf-43dd-99d5-9b325c1d31ae: start FollowerState
2019-10-20 17:41:46,613 [grpc-default-executor-2] INFO  impl.RoleInfo (RoleInfo.java:updateAndGet(143)) - 8a63e1ae-032e-4bed-9f20-125a11f65413: start FollowerState
2019-10-20 17:41:46,637 [8f18dce1-0a3d-4b65-9c78-af3d58b2da7f@group-091950D56227-LeaderElection716] INFO  impl.LeaderElection (LeaderElection.java:logAndReturn(56)) - 8f18dce1-0a3d-4b65-9c78-af3d58b2da7f@group-091950D56227-LeaderElection716: Election REJECTED; received 2 response(s) [8f18dce1-0a3d-4b65-9c78-af3d58b2da7f<-8a63e1ae-032e-4bed-9f20-125a11f65413#0:FAIL-t840, 8f18dce1-0a3d-4b65-9c78-af3d58b2da7f<-7b1e61a0-7daf-43dd-99d5-9b325c1d31ae#0:FAIL-t840] and 0 exception(s); 8f18dce1-0a3d-4b65-9c78-af3d58b2da7f@group-091950D56227:t840, leader=null, voted=8f18dce1-0a3d-4b65-9c78-af3d58b2da7f, raftlog=8f18dce1-0a3d-4b65-9c78-af3d58b2da7f@group-091950D56227-SegmentedRaftLog:OPENED:c-1,f-1,i0, conf=-1: [8a63e1ae-032e-4bed-9f20-125a11f65413:0.0.0.0:38685, 8f18dce1-0a3d-4b65-9c78-af3d58b2da7f:0.0.0.0:42489, 7b1e61a0-7daf-43dd-99d5-9b325c1d31ae:0.0.0.0:38412], old=null
2019-10-20 17:41:46,637 [8f18dce1-0a3d-4b65-9c78-af3d58b2da7f@group-091950D56227-LeaderElection716] INFO  impl.RaftServerImpl (RaftServerImpl.java:setRole(184)) - 8f18dce1-0a3d-4b65-9c78-af3d58b2da7f@group-091950D56227: changes role from CANDIDATE to FOLLOWER at term 840 for DISCOVERED_A_NEW_TERM
2019-10-20 17:41:46,637 [8f18dce1-0a3d-4b65-9c78-af3d58b2da7f@group-091950D56227-LeaderElection716] INFO  impl.RoleInfo (RoleInfo.java:shutdownLeaderElection(134)) - 8f18dce1-0a3d-4b65-9c78-af3d58b2da7f: shutdown LeaderElection
2019-10-20 17:41:46,637 [8f18dce1-0a3d-4b65-9c78-af3d58b2da7f@group-091950D56227-LeaderElection716] INFO  impl.RoleInfo (RoleInfo.java:updateAndGet(143)) - 8f18dce1-0a3d-4b65-9c78-af3d58b2da7f: start FollowerState
2019-10-20 17:41:46,755 [Thread-5063] INFO  impl.FollowerState (FollowerState.java:run(108)) - 8f18dce1-0a3d-4b65-9c78-af3d58b2da7f@group-091950D56227-FollowerState: change to CANDIDATE, lastRpcTime:117ms, electionTimeout:117ms
2019-10-20 17:41:46,755 [Thread-5063] INFO  impl.RoleInfo (RoleInfo.java:shutdownFollowerState(121)) - 8f18dce1-0a3d-4b65-9c78-af3d58b2da7f: shutdown FollowerState
2019-10-20 17:41:46,755 [Thread-5063] INFO  impl.RaftServerImpl (RaftServerImpl.java:setRole(184)) - 8f18dce1-0a3d-4b65-9c78-af3d58b2da7f@group-091950D56227: changes role from  FOLLOWER to CANDIDATE at term 840 for changeToCandidate
2019-10-20 17:41:46,755 [Thread-5063] INFO  impl.RoleInfo (RoleInfo.java:updateAndGet(143)) - 8f18dce1-0a3d-4b65-9c78-af3d58b2da7f: start LeaderElection
2019-10-20 17:41:46,787 [8f18dce1-0a3d-4b65-9c78-af3d58b2da7f@group-091950D56227-LeaderElection717] INFO  impl.LeaderElection (LeaderElection.java:askForVotes(178)) - 8f18dce1-0a3d-4b65-9c78-af3d58b2da7f@group-091950D56227-LeaderElection717: begin an election at term 841 for -1: [8a63e1ae-032e-4bed-9f20-125a11f65413:0.0.0.0:38685, 8f18dce1-0a3d-4b65-9c78-af3d58b2da7f:0.0.0.0:42489, 7b1e61a0-7daf-43dd-99d5-9b325c1d31ae:0.0.0.0:38412], old=null
2019-10-20 17:41:46,788 [grpc-default-executor-2] INFO  impl.RaftServerImpl (RaftServerImpl.java:setRole(184)) - 8a63e1ae-032e-4bed-9f20-125a11f65413@group-091950D56227: changes role from  FOLLOWER to FOLLOWER at term 841 for recognizeCandidate:8f18dce1-0a3d-4b65-9c78-af3d58b2da7f
2019-10-20 17:41:46,789 [grpc-default-executor-2] INFO  impl.RoleInfo (RoleInfo.java:shutdownFollowerState(121)) - 8a63e1ae-032e-4bed-9f20-125a11f65413: shutdown FollowerState
2019-10-20 17:41:46,789 [grpc-default-executor-3] INFO  impl.RaftServerImpl (RaftServerImpl.java:setRole(184)) - 7b1e61a0-7daf-43dd-99d5-9b325c1d31ae@group-091950D56227: changes role from  FOLLOWER to FOLLOWER at term 841 for recognizeCandidate:8f18dce1-0a3d-4b65-9c78-af3d58b2da7f
2019-10-20 17:41:46,789 [grpc-default-executor-3] INFO  impl.RoleInfo (RoleInfo.java:shutdownFollowerState(121)) - 7b1e61a0-7daf-43dd-99d5-9b325c1d31ae: shutdown FollowerState
2019-10-20 17:41:46,789 [Thread-5062] INFO  impl.FollowerState (FollowerState.java:run(117)) - 8a63e1ae-032e-4bed-9f20-125a11f65413@group-091950D56227-FollowerState was interrupted: java.lang.InterruptedException: sleep interrupted
2019-10-20 17:41:46,789 [grpc-default-executor-2] INFO  impl.RoleInfo (RoleInfo.java:updateAndGet(143)) - 8a63e1ae-032e-4bed-9f20-125a11f65413: start FollowerState
2019-10-20 17:41:46,789 [Thread-5061] INFO  impl.FollowerState (FollowerState.java:run(117)) - 7b1e61a0-7daf-43dd-99d5-9b325c1d31ae@group-091950D56227-FollowerState was interrupted: java.lang.InterruptedException: sleep interrupted
2019-10-20 17:41:46,789 [grpc-default-executor-3] INFO  impl.RoleInfo (RoleInfo.java:updateAndGet(143)) - 7b1e61a0-7daf-43dd-99d5-9b325c1d31ae: start FollowerState
2019-10-20 17:41:46,813 [8f18dce1-0a3d-4b65-9c78-af3d58b2da7f@group-091950D56227-LeaderElection717] INFO  impl.LeaderElection (LeaderElection.java:logAndReturn(56)) - 8f18dce1-0a3d-4b65-9c78-af3d58b2da7f@group-091950D56227-LeaderElection717: Election REJECTED; received 2 response(s) [8f18dce1-0a3d-4b65-9c78-af3d58b2da7f<-8a63e1ae-032e-4bed-9f20-125a11f65413#0:FAIL-t841, 8f18dce1-0a3d-4b65-9c78-af3d58b2da7f<-7b1e61a0-7daf-43dd-99d5-9b325c1d31ae#0:FAIL-t841] and 0 exception(s); 8f18dce1-0a3d-4b65-9c78-af3d58b2da7f@group-091950D56227:t841, leader=null, voted=8f18dce1-0a3d-4b65-9c78-af3d58b2da7f, raftlog=8f18dce1-0a3d-4b65-9c78-af3d58b2da7f@group-091950D56227-SegmentedRaftLog:OPENED:c-1,f-1,i0, conf=-1: [8a63e1ae-032e-4bed-9f20-125a11f65413:0.0.0.0:38685, 8f18dce1-0a3d-4b65-9c78-af3d58b2da7f:0.0.0.0:42489, 7b1e61a0-7daf-43dd-99d5-9b325c1d31ae:0.0.0.0:38412], old=null
2019-10-20 17:41:46,813 [8f18dce1-0a3d-4b65-9c78-af3d58b2da7f@group-091950D56227-LeaderElection717] INFO  impl.RaftServerImpl (RaftServerImpl.java:setRole(184)) - 8f18dce1-0a3d-4b65-9c78-af3d58b2da7f@group-091950D56227: changes role from CANDIDATE to FOLLOWER at term 841 for DISCOVERED_A_NEW_TERM
2019-10-20 17:41:46,814 [8f18dce1-0a3d-4b65-9c78-af3d58b2da7f@group-091950D56227-LeaderElection717] INFO  impl.RoleInfo (RoleInfo.java:shutdownLeaderElection(134)) - 8f18dce1-0a3d-4b65-9c78-af3d58b2da7f: shutdown LeaderElection
2019-10-20 17:41:46,814 [8f18dce1-0a3d-4b65-9c78-af3d58b2da7f@group-091950D56227-LeaderElection717] INFO  impl.RoleInfo (RoleInfo.java:updateAndGet(143)) - 8f18dce1-0a3d-4b65-9c78-af3d58b2da7f: start FollowerState
2019-10-20 17:41:46,991 [Thread-5071] INFO  impl.FollowerState (FollowerState.java:run(108)) - 8f18dce1-0a3d-4b65-9c78-af3d58b2da7f@group-091950D56227-FollowerState: change to CANDIDATE, lastRpcTime:177ms, electionTimeout:177ms
2019-10-20 17:41:46,991 [Thread-5071] INFO  impl.RoleInfo (RoleInfo.java:shutdownFollowerState(121)) - 8f18dce1-0a3d-4b65-9c78-af3d58b2da7f: shutdown FollowerState
2019-10-20 17:41:46,991 [Thread-5071] INFO  impl.RaftServerImpl (RaftServerImpl.java:setRole(184)) - 8f18dce1-0a3d-4b65-9c78-af3d58b2da7f@group-091950D56227: changes role from  FOLLOWER to CANDIDATE at term 841 for changeToCandidate
2019-10-20 17:41:46,991 [Thread-5071] INFO  impl.RoleInfo (RoleInfo.java:updateAndGet(143)) - 8f18dce1-0a3d-4b65-9c78-af3d58b2da7f: start LeaderElection
2019-10-20 17:41:47,047 [8f18dce1-0a3d-4b65-9c78-af3d58b2da7f@group-091950D56227-LeaderElection718] INFO  impl.LeaderElection (LeaderElection.java:askForVotes(178)) - 8f18dce1-0a3d-4b65-9c78-af3d58b2da7f@group-091950D56227-LeaderElection718: begin an election at term 842 for -1: [8a63e1ae-032e-4bed-9f20-125a11f65413:0.0.0.0:38685, 8f18dce1-0a3d-4b65-9c78-af3d58b2da7f:0.0.0.0:42489, 7b1e61a0-7daf-43dd-99d5-9b325c1d31ae:0.0.0.0:38412], old=null
2019-10-20 17:41:47,049 [grpc-default-executor-3] INFO  impl.RaftServerImpl (RaftServerImpl.java:setRole(184)) - 8a63e1ae-032e-4bed-9f20-125a11f65413@group-091950D56227: changes role from  FOLLOWER to FOLLOWER at term 842 for recognizeCandidate:8f18dce1-0a3d-4b65-9c78-af3d58b2da7f
2019-10-20 17:41:47,049 [grpc-default-executor-2] INFO  impl.RaftServerImpl (RaftServerImpl.java:setRole(184)) - 7b1e61a0-7daf-43dd-99d5-9b325c1d31ae@group-091950D56227: changes role from  FOLLOWER to FOLLOWER at term 842 for recognizeCandidate:8f18dce1-0a3d-4b65-9c78-af3d58b2da7f
2019-10-20 17:41:47,050 [grpc-default-executor-2] INFO  impl.RoleInfo (RoleInfo.java:shutdownFollowerState(121)) - 7b1e61a0-7daf-43dd-99d5-9b325c1d31ae: shutdown FollowerState
2019-10-20 17:41:47,049 [grpc-default-executor-3] INFO  impl.RoleInfo (RoleInfo.java:shutdownFollowerState(121)) - 8a63e1ae-032e-4bed-9f20-125a11f65413: shutdown FollowerState
2019-10-20 17:41:47,050 [Thread-5070] INFO  impl.FollowerState (FollowerState.java:run(117)) - 7b1e61a0-7daf-43dd-99d5-9b325c1d31ae@group-091950D56227-FollowerState was interrupted: java.lang.InterruptedException: sleep interrupted
2019-10-20 17:41:47,050 [grpc-default-executor-2] INFO  impl.RoleInfo (RoleInfo.java:updateAndGet(143)) - 7b1e61a0-7daf-43dd-99d5-9b325c1d31ae: start FollowerState
2019-10-20 17:41:47,050 [Thread-5069] INFO  impl.FollowerState (FollowerState.java:run(117)) - 8a63e1ae-032e-4bed-9f20-125a11f65413@group-091950D56227-FollowerState was interrupted: java.lang.InterruptedException: sleep interrupted
2019-10-20 17:41:47,050 [grpc-default-executor-3] INFO  impl.RoleInfo (RoleInfo.java:updateAndGet(143)) - 8a63e1ae-032e-4bed-9f20-125a11f65413: start FollowerState
2019-10-20 17:41:47,073 [8f18dce1-0a3d-4b65-9c78-af3d58b2da7f@group-091950D56227-LeaderElection718] INFO  impl.LeaderElection (LeaderElection.java:logAndReturn(56)) - 8f18dce1-0a3d-4b65-9c78-af3d58b2da7f@group-091950D56227-LeaderElection718: Election REJECTED; received 2 response(s) [8f18dce1-0a3d-4b65-9c78-af3d58b2da7f<-8a63e1ae-032e-4bed-9f20-125a11f65413#0:FAIL-t842, 8f18dce1-0a3d-4b65-9c78-af3d58b2da7f<-7b1e61a0-7daf-43dd-99d5-9b325c1d31ae#0:FAIL-t842] and 0 exception(s); 8f18dce1-0a3d-4b65-9c78-af3d58b2da7f@group-091950D56227:t842, leader=null, voted=8f18dce1-0a3d-4b65-9c78-af3d58b2da7f, raftlog=8f18dce1-0a3d-4b65-9c78-af3d58b2da7f@group-091950D56227-SegmentedRaftLog:OPENED:c-1,f-1,i0, conf=-1: [8a63e1ae-032e-4bed-9f20-125a11f65413:0.0.0.0:38685, 8f18dce1-0a3d-4b65-9c78-af3d58b2da7f:0.0.0.0:42489, 7b1e61a0-7daf-43dd-99d5-9b325c1d31ae:0.0.0.0:38412], old=null
2019-10-20 17:41:47,074 [8f18dce1-0a3d-4b65-9c78-af3d58b2da7f@group-091950D56227-LeaderElection718] INFO  impl.RaftServerImpl (RaftServerImpl.java:setRole(184)) - 8f18dce1-0a3d-4b65-9c78-af3d58b2da7f@group-091950D56227: changes role from CANDIDATE to FOLLOWER at term 842 for DISCOVERED_A_NEW_TERM
2019-10-20 17:41:47,074 [8f18dce1-0a3d-4b65-9c78-af3d58b2da7f@group-091950D56227-LeaderElection718] INFO  impl.RoleInfo (RoleInfo.java:shutdownLeaderElection(134)) - 8f18dce1-0a3d-4b65-9c78-af3d58b2da7f: shutdown LeaderElection
2019-10-20 17:41:47,074 [8f18dce1-0a3d-4b65-9c78-af3d58b2da7f@group-091950D56227-LeaderElection718] INFO  impl.RoleInfo (RoleInfo.java:updateAndGet(143)) - 8f18dce1-0a3d-4b65-9c78-af3d58b2da7f: start FollowerState
2019-10-20 17:41:47,102 [Thread-5077] INFO  impl.FollowerState (FollowerState.java:run(108)) - 8f18dce1-0a3d-4b65-9c78-af3d58b2da7f@group-091950D56227-FollowerState: change to CANDIDATE, lastRpcTime:28ms, electionTimeout:28ms
2019-10-20 17:41:47,102 [Thread-5077] INFO  impl.RoleInfo (RoleInfo.java:shutdownFollowerState(121)) - 8f18dce1-0a3d-4b65-9c78-af3d58b2da7f: shutdown FollowerState
2019-10-20 17:41:47,102 [Thread-5077] INFO  impl.RaftServerImpl (RaftServerImpl.java:setRole(184)) - 8f18dce1-0a3d-4b65-9c78-af3d58b2da7f@group-091950D56227: changes role from  FOLLOWER to CANDIDATE at term 842 for changeToCandidate
2019-10-20 17:41:47,103 [Thread-5077] INFO  impl.RoleInfo (RoleInfo.java:updateAndGet(143)) - 8f18dce1-0a3d-4b65-9c78-af3d58b2da7f: start LeaderElection
2019-10-20 17:41:47,132 [8f18dce1-0a3d-4b65-9c78-af3d58b2da7f@group-091950D56227-LeaderElection719] INFO  impl.LeaderElection (LeaderElection.java:askForVotes(178)) - 8f18dce1-0a3d-4b65-9c78-af3d58b2da7f@group-091950D56227-LeaderElection719: begin an election at term 843 for -1: [8a63e1ae-032e-4bed-9f20-125a11f65413:0.0.0.0:38685, 8f18dce1-0a3d-4b65-9c78-af3d58b2da7f:0.0.0.0:42489, 7b1e61a0-7daf-43dd-99d5-9b325c1d31ae:0.0.0.0:38412], old=null
2019-10-20 17:41:47,133 [grpc-default-executor-2] INFO  impl.RaftServerImpl (RaftServerImpl.java:setRole(184)) - 7b1e61a0-7daf-43dd-99d5-9b325c1d31ae@group-091950D56227: changes role from  FOLLOWER to FOLLOWER at term 843 for recognizeCandidate:8f18dce1-0a3d-4b65-9c78-af3d58b2da7f
2019-10-20 17:41:47,133 [grpc-default-executor-2] INFO  impl.RoleInfo (RoleInfo.java:shutdownFollowerState(121)) - 7b1e61a0-7daf-43dd-99d5-9b325c1d31ae: shutdown FollowerState
2019-10-20 17:41:47,133 [grpc-default-executor-3] INFO  impl.RaftServerImpl (RaftServerImpl.java:setRole(184)) - 8a63e1ae-032e-4bed-9f20-125a11f65413@group-091950D56227: changes role from  FOLLOWER to FOLLOWER at term 843 for recognizeCandidate:8f18dce1-0a3d-4b65-9c78-af3d58b2da7f
2019-10-20 17:41:47,133 [grpc-default-executor-3] INFO  impl.RoleInfo (RoleInfo.java:shutdownFollowerState(121)) - 8a63e1ae-032e-4bed-9f20-125a11f65413: shutdown FollowerState
2019-10-20 17:41:47,133 [Thread-5075] INFO  impl.FollowerState (FollowerState.java:run(117)) - 7b1e61a0-7daf-43dd-99d5-9b325c1d31ae@group-091950D56227-FollowerState was interrupted: java.lang.InterruptedException: sleep interrupted
2019-10-20 17:41:47,133 [grpc-default-executor-2] INFO  impl.RoleInfo (RoleInfo.java:updateAndGet(143)) - 7b1e61a0-7daf-43dd-99d5-9b325c1d31ae: start FollowerState
2019-10-20 17:41:47,134 [Thread-5076] INFO  impl.FollowerState (FollowerState.java:run(117)) - 8a63e1ae-032e-4bed-9f20-125a11f65413@group-091950D56227-FollowerState was interrupted: java.lang.InterruptedException: sleep interrupted
2019-10-20 17:41:47,133 [grpc-default-executor-3] INFO  impl.RoleInfo (RoleInfo.java:updateAndGet(143)) - 8a63e1ae-032e-4bed-9f20-125a11f65413: start FollowerState
2019-10-20 17:41:47,158 [8f18dce1-0a3d-4b65-9c78-af3d58b2da7f@group-091950D56227-LeaderElection719] INFO  impl.LeaderElection (LeaderElection.java:logAndReturn(56)) - 8f18dce1-0a3d-4b65-9c78-af3d58b2da7f@group-091950D56227-LeaderElection719: Election REJECTED; received 2 response(s) [8f18dce1-0a3d-4b65-9c78-af3d58b2da7f<-8a63e1ae-032e-4bed-9f20-125a11f65413#0:FAIL-t843, 8f18dce1-0a3d-4b65-9c78-af3d58b2da7f<-7b1e61a0-7daf-43dd-99d5-9b325c1d31ae#0:FAIL-t843] and 0 exception(s); 8f18dce1-0a3d-4b65-9c78-af3d58b2da7f@group-091950D56227:t843, leader=null, voted=8f18dce1-0a3d-4b65-9c78-af3d58b2da7f, raftlog=8f18dce1-0a3d-4b65-9c78-af3d58b2da7f@group-091950D56227-SegmentedRaftLog:OPENED:c-1,f-1,i0, conf=-1: [8a63e1ae-032e-4bed-9f20-125a11f65413:0.0.0.0:38685, 8f18dce1-0a3d-4b65-9c78-af3d58b2da7f:0.0.0.0:42489, 7b1e61a0-7daf-43dd-99d5-9b325c1d31ae:0.0.0.0:38412], old=null
2019-10-20 17:41:47,158 [8f18dce1-0a3d-4b65-9c78-af3d58b2da7f@group-091950D56227-LeaderElection719] INFO  impl.RaftServerImpl (RaftServerImpl.java:setRole(184)) - 8f18dce1-0a3d-4b65-9c78-af3d58b2da7f@group-091950D56227: changes role from CANDIDATE to FOLLOWER at term 843 for DISCOVERED_A_NEW_TERM
2019-10-20 17:41:47,158 [8f18dce1-0a3d-4b65-9c78-af3d58b2da7f@group-091950D56227-LeaderElection719] INFO  impl.RoleInfo (RoleInfo.java:shutdownLeaderElection(134)) - 8f18dce1-0a3d-4b65-9c78-af3d58b2da7f: shutdown LeaderElection
2019-10-20 17:41:47,158 [8f18dce1-0a3d-4b65-9c78-af3d58b2da7f@group-091950D56227-LeaderElection719] INFO  impl.RoleInfo (RoleInfo.java:updateAndGet(143)) - 8f18dce1-0a3d-4b65-9c78-af3d58b2da7f: start FollowerState
2019-10-20 17:41:47,269 [Thread-5083] INFO  impl.FollowerState (FollowerState.java:run(108)) - 8f18dce1-0a3d-4b65-9c78-af3d58b2da7f@group-091950D56227-FollowerState: change to CANDIDATE, lastRpcTime:111ms, electionTimeout:111ms
2019-10-20 17:41:47,269 [Thread-5083] INFO  impl.RoleInfo (RoleInfo.java:shutdownFollowerState(121)) - 8f18dce1-0a3d-4b65-9c78-af3d58b2da7f: shutdown FollowerState
2019-10-20 17:41:47,269 [Thread-5083] INFO  impl.RaftServerImpl (RaftServerImpl.java:setRole(184)) - 8f18dce1-0a3d-4b65-9c78-af3d58b2da7f@group-091950D56227: changes role from  FOLLOWER to CANDIDATE at term 843 for changeToCandidate
2019-10-20 17:41:47,270 [Thread-5083] INFO  impl.RoleInfo (RoleInfo.java:updateAndGet(143)) - 8f18dce1-0a3d-4b65-9c78-af3d58b2da7f: start LeaderElection
2019-10-20 17:41:47,299 [8f18dce1-0a3d-4b65-9c78-af3d58b2da7f@group-091950D56227-LeaderElection720] INFO  impl.LeaderElection (LeaderElection.java:askForVotes(178)) - 8f18dce1-0a3d-4b65-9c78-af3d58b2da7f@group-091950D56227-LeaderElection720: begin an election at term 844 for -1: [8a63e1ae-032e-4bed-9f20-125a11f65413:0.0.0.0:38685, 8f18dce1-0a3d-4b65-9c78-af3d58b2da7f:0.0.0.0:42489, 7b1e61a0-7daf-43dd-99d5-9b325c1d31ae:0.0.0.0:38412], old=null
2019-10-20 17:41:47,300 [grpc-default-executor-3] INFO  impl.RaftServerImpl (RaftServerImpl.java:setRole(184)) - 8a63e1ae-032e-4bed-9f20-125a11f65413@group-091950D56227: changes role from  FOLLOWER to FOLLOWER at term 844 for recognizeCandidate:8f18dce1-0a3d-4b65-9c78-af3d58b2da7f
2019-10-20 17:41:47,300 [grpc-default-executor-3] INFO  impl.RoleInfo (RoleInfo.java:shutdownFollowerState(121)) - 8a63e1ae-032e-4bed-9f20-125a11f65413: shutdown FollowerState
2019-10-20 17:41:47,300 [grpc-default-executor-3] INFO  impl.RoleInfo (RoleInfo.java:updateAndGet(143)) - 8a63e1ae-032e-4bed-9f20-125a11f65413: start FollowerState
2019-10-20 17:41:47,301 [Thread-5082] INFO  impl.FollowerState (FollowerState.java:run(117)) - 8a63e1ae-032e-4bed-9f20-125a11f65413@group-091950D56227-FollowerState was interrupted: java.lang.InterruptedException: sleep interrupted
2019-10-20 17:41:47,301 [grpc-default-executor-2] INFO  impl.RaftServerImpl (RaftServerImpl.java:setRole(184)) - 7b1e61a0-7daf-43dd-99d5-9b325c1d31ae@group-091950D56227: changes role from  FOLLOWER to FOLLOWER at term 844 for recognizeCandidate:8f18dce1-0a3d-4b65-9c78-af3d58b2da7f
2019-10-20 17:41:47,301 [grpc-default-executor-2] INFO  impl.RoleInfo (RoleInfo.java:shutdownFollowerState(121)) - 7b1e61a0-7daf-43dd-99d5-9b325c1d31ae: shutdown FollowerState
2019-10-20 17:41:47,301 [grpc-default-executor-2] INFO  impl.RoleInfo (RoleInfo.java:updateAndGet(143)) - 7b1e61a0-7daf-43dd-99d5-9b325c1d31ae: start FollowerState
2019-10-20 17:41:47,301 [Thread-5081] INFO  impl.FollowerState (FollowerState.java:run(117)) - 7b1e61a0-7daf-43dd-99d5-9b325c1d31ae@group-091950D56227-FollowerState was interrupted: java.lang.InterruptedException: sleep interrupted
2019-10-20 17:41:47,333 [8f18dce1-0a3d-4b65-9c78-af3d58b2da7f@group-091950D56227-LeaderElection720] INFO  impl.LeaderElection (LeaderElection.java:logAndReturn(56)) - 8f18dce1-0a3d-4b65-9c78-af3d58b2da7f@group-091950D56227-LeaderElection720: Election REJECTED; received 2 response(s) [8f18dce1-0a3d-4b65-9c78-af3d58b2da7f<-8a63e1ae-032e-4bed-9f20-125a11f65413#0:FAIL-t844, 8f18dce1-0a3d-4b65-9c78-af3d58b2da7f<-7b1e61a0-7daf-43dd-99d5-9b325c1d31ae#0:FAIL-t844] and 0 exception(s); 8f18dce1-0a3d-4b65-9c78-af3d58b2da7f@group-091950D56227:t844, leader=null, voted=8f18dce1-0a3d-4b65-9c78-af3d58b2da7f, raftlog=8f18dce1-0a3d-4b65-9c78-af3d58b2da7f@group-091950D56227-SegmentedRaftLog:OPENED:c-1,f-1,i0, conf=-1: [8a63e1ae-032e-4bed-9f20-125a11f65413:0.0.0.0:38685, 8f18dce1-0a3d-4b65-9c78-af3d58b2da7f:0.0.0.0:42489, 7b1e61a0-7daf-43dd-99d5-9b325c1d31ae:0.0.0.0:38412], old=null
2019-10-20 17:41:47,333 [8f18dce1-0a3d-4b65-9c78-af3d58b2da7f@group-091950D56227-LeaderElection720] INFO  impl.RaftServerImpl (RaftServerImpl.java:setRole(184)) - 8f18dce1-0a3d-4b65-9c78-af3d58b2da7f@group-091950D56227: changes role from CANDIDATE to FOLLOWER at term 844 for DISCOVERED_A_NEW_TERM
2019-10-20 17:41:47,334 [8f18dce1-0a3d-4b65-9c78-af3d58b2da7f@group-091950D56227-LeaderElection720] INFO  impl.RoleInfo (RoleInfo.java:shutdownLeaderElection(134)) - 8f18dce1-0a3d-4b65-9c78-af3d58b2da7f: shutdown LeaderElection
2019-10-20 17:41:47,334 [8f18dce1-0a3d-4b65-9c78-af3d58b2da7f@group-091950D56227-LeaderElection720] INFO  impl.RoleInfo (RoleInfo.java:updateAndGet(143)) - 8f18dce1-0a3d-4b65-9c78-af3d58b2da7f: start FollowerState
2019-10-20 17:41:47,505 [Thread-5089] INFO  impl.FollowerState (FollowerState.java:run(108)) - 8f18dce1-0a3d-4b65-9c78-af3d58b2da7f@group-091950D56227-FollowerState: change to CANDIDATE, lastRpcTime:171ms, electionTimeout:171ms
2019-10-20 17:41:47,505 [Thread-5089] INFO  impl.RoleInfo (RoleInfo.java:shutdownFollowerState(121)) - 8f18dce1-0a3d-4b65-9c78-af3d58b2da7f: shutdown FollowerState
2019-10-20 17:41:47,505 [Thread-5089] INFO  impl.RaftServerImpl (RaftServerImpl.java:setRole(184)) - 8f18dce1-0a3d-4b65-9c78-af3d58b2da7f@group-091950D56227: changes role from  FOLLOWER to CANDIDATE at term 844 for changeToCandidate
2019-10-20 17:41:47,505 [Thread-5089] INFO  impl.RoleInfo (RoleInfo.java:updateAndGet(143)) - 8f18dce1-0a3d-4b65-9c78-af3d58b2da7f: start LeaderElection
2019-10-20 17:41:47,534 [8f18dce1-0a3d-4b65-9c78-af3d58b2da7f@group-091950D56227-LeaderElection721] INFO  impl.LeaderElection (LeaderElection.java:askForVotes(178)) - 8f18dce1-0a3d-4b65-9c78-af3d58b2da7f@group-091950D56227-LeaderElection721: begin an election at term 845 for -1: [8a63e1ae-032e-4bed-9f20-125a11f65413:0.0.0.0:38685, 8f18dce1-0a3d-4b65-9c78-af3d58b2da7f:0.0.0.0:42489, 7b1e61a0-7daf-43dd-99d5-9b325c1d31ae:0.0.0.0:38412], old=null
2019-10-20 17:41:47,535 [grpc-default-executor-2] INFO  impl.RaftServerImpl (RaftServerImpl.java:setRole(184)) - 8a63e1ae-032e-4bed-9f20-125a11f65413@group-091950D56227: changes role from  FOLLOWER to FOLLOWER at term 845 for recognizeCandidate:8f18dce1-0a3d-4b65-9c78-af3d58b2da7f
2019-10-20 17:41:47,536 [grpc-default-executor-2] INFO  impl.RoleInfo (RoleInfo.java:shutdownFollowerState(121)) - 8a63e1ae-032e-4bed-9f20-125a11f65413: shutdown FollowerState
2019-10-20 17:41:47,536 [grpc-default-executor-2] INFO  impl.RoleInfo (RoleInfo.java:updateAndGet(143)) - 8a63e1ae-032e-4bed-9f20-125a11f65413: start FollowerState
2019-10-20 17:41:47,536 [Thread-5087] INFO  impl.FollowerState (FollowerState.java:run(117)) - 8a63e1ae-032e-4bed-9f20-125a11f65413@group-091950D56227-FollowerState was interrupted: java.lang.InterruptedException: sleep interrupted
2019-10-20 17:41:47,536 [grpc-default-executor-3] INFO  impl.RaftServerImpl (RaftServerImpl.java:setRole(184)) - 7b1e61a0-7daf-43dd-99d5-9b325c1d31ae@group-091950D56227: changes role from  FOLLOWER to FOLLOWER at term 845 for recognizeCandidate:8f18dce1-0a3d-4b65-9c78-af3d58b2da7f
2019-10-20 17:41:47,536 [grpc-default-executor-3] INFO  impl.RoleInfo (RoleInfo.java:shutdownFollowerState(121)) - 7b1e61a0-7daf-43dd-99d5-9b325c1d31ae: shutdown FollowerState
2019-10-20 17:41:47,537 [grpc-default-executor-3] INFO  impl.RoleInfo (RoleInfo.java:updateAndGet(143)) - 7b1e61a0-7daf-43dd-99d5-9b325c1d31ae: start FollowerState
2019-10-20 17:41:47,537 [Thread-5088] INFO  impl.FollowerState (FollowerState.java:run(117)) - 7b1e61a0-7daf-43dd-99d5-9b325c1d31ae@group-091950D56227-FollowerState was interrupted: java.lang.InterruptedException: sleep interrupted
2019-10-20 17:41:47,577 [8f18dce1-0a3d-4b65-9c78-af3d58b2da7f@group-091950D56227-LeaderElection721] INFO  impl.LeaderElection (LeaderElection.java:logAndReturn(56)) - 8f18dce1-0a3d-4b65-9c78-af3d58b2da7f@group-091950D56227-LeaderElection721: Election REJECTED; received 2 response(s) [8f18dce1-0a3d-4b65-9c78-af3d58b2da7f<-8a63e1ae-032e-4bed-9f20-125a11f65413#0:FAIL-t845, 8f18dce1-0a3d-4b65-9c78-af3d58b2da7f<-7b1e61a0-7daf-43dd-99d5-9b325c1d31ae#0:FAIL-t845] and 0 exception(s); 8f18dce1-0a3d-4b65-9c78-af3d58b2da7f@group-091950D56227:t845, leader=null, voted=8f18dce1-0a3d-4b65-9c78-af3d58b2da7f, raftlog=8f18dce1-0a3d-4b65-9c78-af3d58b2da7f@group-091950D56227-SegmentedRaftLog:OPENED:c-1,f-1,i0, conf=-1: [8a63e1ae-032e-4bed-9f20-125a11f65413:0.0.0.0:38685, 8f18dce1-0a3d-4b65-9c78-af3d58b2da7f:0.0.0.0:42489, 7b1e61a0-7daf-43dd-99d5-9b325c1d31ae:0.0.0.0:38412], old=null
2019-10-20 17:41:47,577 [8f18dce1-0a3d-4b65-9c78-af3d58b2da7f@group-091950D56227-LeaderElection721] INFO  impl.RaftServerImpl (RaftServerImpl.java:setRole(184)) - 8f18dce1-0a3d-4b65-9c78-af3d58b2da7f@group-091950D56227: changes role from CANDIDATE to FOLLOWER at term 845 for DISCOVERED_A_NEW_TERM
2019-10-20 17:41:47,577 [8f18dce1-0a3d-4b65-9c78-af3d58b2da7f@group-091950D56227-LeaderElection721] INFO  impl.RoleInfo (RoleInfo.java:shutdownLeaderElection(134)) - 8f18dce1-0a3d-4b65-9c78-af3d58b2da7f: shutdown LeaderElection
2019-10-20 17:41:47,577 [8f18dce1-0a3d-4b65-9c78-af3d58b2da7f@group-091950D56227-LeaderElection721] INFO  impl.RoleInfo (RoleInfo.java:updateAndGet(143)) - 8f18dce1-0a3d-4b65-9c78-af3d58b2da7f: start FollowerState
2019-10-20 17:41:47,649 [Thread-5095] INFO  impl.FollowerState (FollowerState.java:run(108)) - 8f18dce1-0a3d-4b65-9c78-af3d58b2da7f@group-091950D56227-FollowerState: change to CANDIDATE, lastRpcTime:71ms, electionTimeout:71ms
2019-10-20 17:41:47,649 [Thread-5095] INFO  impl.RoleInfo (RoleInfo.java:shutdownFollowerState(121)) - 8f18dce1-0a3d-4b65-9c78-af3d58b2da7f: shutdown FollowerState
2019-10-20 17:41:47,649 [Thread-5095] INFO  impl.RaftServerImpl (RaftServerImpl.java:setRole(184)) - 8f18dce1-0a3d-4b65-9c78-af3d58b2da7f@group-091950D56227: changes role from  FOLLOWER to CANDIDATE at term 845 for changeToCandidate
2019-10-20 17:41:47,649 [Thread-5095] INFO  impl.RoleInfo (RoleInfo.java:updateAndGet(143)) - 8f18dce1-0a3d-4b65-9c78-af3d58b2da7f: start LeaderElection
2019-10-20 17:41:47,676 [8f18dce1-0a3d-4b65-9c78-af3d58b2da7f@group-091950D56227-LeaderElection722] INFO  impl.LeaderElection (LeaderElection.java:askForVotes(178)) - 8f18dce1-0a3d-4b65-9c78-af3d58b2da7f@group-091950D56227-LeaderElection722: begin an election at term 846 for -1: [8a63e1ae-032e-4bed-9f20-125a11f65413:0.0.0.0:38685, 8f18dce1-0a3d-4b65-9c78-af3d58b2da7f:0.0.0.0:42489, 7b1e61a0-7daf-43dd-99d5-9b325c1d31ae:0.0.0.0:38412], old=null
2019-10-20 17:41:47,677 [8f18dce1-0a3d-4b65-9c78-af3d58b2da7f@group-091950D56227-LeaderElection722] INFO  impl.LeaderElection (LeaderElection.java:logAndReturn(56)) - 8f18dce1-0a3d-4b65-9c78-af3d58b2da7f@group-091950D56227-LeaderElection722: Election TIMEOUT; received 0 response(s) [] and 0 exception(s); 8f18dce1-0a3d-4b65-9c78-af3d58b2da7f@group-091950D56227:t846, leader=null, voted=8f18dce1-0a3d-4b65-9c78-af3d58b2da7f, raftlog=8f18dce1-0a3d-4b65-9c78-af3d58b2da7f@group-091950D56227-SegmentedRaftLog:OPENED:c-1,f-1,i0, conf=-1: [8a63e1ae-032e-4bed-9f20-125a11f65413:0.0.0.0:38685, 8f18dce1-0a3d-4b65-9c78-af3d58b2da7f:0.0.0.0:42489, 7b1e61a0-7daf-43dd-99d5-9b325c1d31ae:0.0.0.0:38412], old=null
2019-10-20 17:41:47,678 [grpc-default-executor-3] INFO  impl.RaftServerImpl (RaftServerImpl.java:setRole(184)) - 7b1e61a0-7daf-43dd-99d5-9b325c1d31ae@group-091950D56227: changes role from  FOLLOWER to FOLLOWER at term 846 for recognizeCandidate:8f18dce1-0a3d-4b65-9c78-af3d58b2da7f
2019-10-20 17:41:47,678 [grpc-default-executor-3] INFO  impl.RoleInfo (RoleInfo.java:shutdownFollowerState(121)) - 7b1e61a0-7daf-43dd-99d5-9b325c1d31ae: shutdown FollowerState
2019-10-20 17:41:47,678 [grpc-default-executor-2] INFO  impl.RaftServerImpl (RaftServerImpl.java:setRole(184)) - 8a63e1ae-032e-4bed-9f20-125a11f65413@group-091950D56227: changes role from  FOLLOWER to FOLLOWER at term 846 for recognizeCandidate:8f18dce1-0a3d-4b65-9c78-af3d58b2da7f
2019-10-20 17:41:47,679 [grpc-default-executor-2] INFO  impl.RoleInfo (RoleInfo.java:shutdownFollowerState(121)) - 8a63e1ae-032e-4bed-9f20-125a11f65413: shutdown FollowerState
2019-10-20 17:41:47,678 [Thread-5094] INFO  impl.FollowerState (FollowerState.java:run(117)) - 7b1e61a0-7daf-43dd-99d5-9b325c1d31ae@group-091950D56227-FollowerState was interrupted: java.lang.InterruptedException: sleep interrupted
2019-10-20 17:41:47,678 [grpc-default-executor-3] INFO  impl.RoleInfo (RoleInfo.java:updateAndGet(143)) - 7b1e61a0-7daf-43dd-99d5-9b325c1d31ae: start FollowerState
2019-10-20 17:41:47,679 [Thread-5093] INFO  impl.FollowerState (FollowerState.java:run(117)) - 8a63e1ae-032e-4bed-9f20-125a11f65413@group-091950D56227-FollowerState was interrupted: java.lang.InterruptedException: sleep interrupted
2019-10-20 17:41:47,679 [grpc-default-executor-2] INFO  impl.RoleInfo (RoleInfo.java:updateAndGet(143)) - 8a63e1ae-032e-4bed-9f20-125a11f65413: start FollowerState
2019-10-20 17:41:47,702 [8f18dce1-0a3d-4b65-9c78-af3d58b2da7f@group-091950D56227-LeaderElection722] INFO  impl.LeaderElection (LeaderElection.java:askForVotes(178)) - 8f18dce1-0a3d-4b65-9c78-af3d58b2da7f@group-091950D56227-LeaderElection722: begin an election at term 847 for -1: [8a63e1ae-032e-4bed-9f20-125a11f65413:0.0.0.0:38685, 8f18dce1-0a3d-4b65-9c78-af3d58b2da7f:0.0.0.0:42489, 7b1e61a0-7daf-43dd-99d5-9b325c1d31ae:0.0.0.0:38412], old=null
2019-10-20 17:41:47,703 [grpc-default-executor-2] INFO  impl.RaftServerImpl (RaftServerImpl.java:setRole(184)) - 8a63e1ae-032e-4bed-9f20-125a11f65413@group-091950D56227: changes role from  FOLLOWER to FOLLOWER at term 847 for recognizeCandidate:8f18dce1-0a3d-4b65-9c78-af3d58b2da7f
2019-10-20 17:41:47,703 [grpc-default-executor-2] INFO  impl.RoleInfo (RoleInfo.java:shutdownFollowerState(121)) - 8a63e1ae-032e-4bed-9f20-125a11f65413: shutdown FollowerState
2019-10-20 17:41:47,703 [grpc-default-executor-2] INFO  impl.RoleInfo (RoleInfo.java:updateAndGet(143)) - 8a63e1ae-032e-4bed-9f20-125a11f65413: start FollowerState
2019-10-20 17:41:47,703 [grpc-default-executor-3] INFO  impl.RaftServerImpl (RaftServerImpl.java:setRole(184)) - 7b1e61a0-7daf-43dd-99d5-9b325c1d31ae@group-091950D56227: changes role from  FOLLOWER to FOLLOWER at term 847 for recognizeCandidate:8f18dce1-0a3d-4b65-9c78-af3d58b2da7f
2019-10-20 17:41:47,704 [grpc-default-executor-3] INFO  impl.RoleInfo (RoleInfo.java:shutdownFollowerState(121)) - 7b1e61a0-7daf-43dd-99d5-9b325c1d31ae: shutdown FollowerState
2019-10-20 17:41:47,703 [Thread-5100] INFO  impl.FollowerState (FollowerState.java:run(117)) - 8a63e1ae-032e-4bed-9f20-125a11f65413@group-091950D56227-FollowerState was interrupted: java.lang.InterruptedException: sleep interrupted
2019-10-20 17:41:47,704 [Thread-5099] INFO  impl.FollowerState (FollowerState.java:run(117)) - 7b1e61a0-7daf-43dd-99d5-9b325c1d31ae@group-091950D56227-FollowerState was interrupted: java.lang.InterruptedException: sleep interrupted
2019-10-20 17:41:47,704 [grpc-default-executor-3] INFO  impl.RoleInfo (RoleInfo.java:updateAndGet(143)) - 7b1e61a0-7daf-43dd-99d5-9b325c1d31ae: start FollowerState
2019-10-20 17:41:47,728 [8f18dce1-0a3d-4b65-9c78-af3d58b2da7f@group-091950D56227-LeaderElection722] INFO  impl.LeaderElection (LeaderElection.java:logAndReturn(56)) - 8f18dce1-0a3d-4b65-9c78-af3d58b2da7f@group-091950D56227-LeaderElection722: Election REJECTED; received 2 response(s) [8f18dce1-0a3d-4b65-9c78-af3d58b2da7f<-8a63e1ae-032e-4bed-9f20-125a11f65413#0:FAIL-t847, 8f18dce1-0a3d-4b65-9c78-af3d58b2da7f<-7b1e61a0-7daf-43dd-99d5-9b325c1d31ae#0:FAIL-t847] and 0 exception(s); 8f18dce1-0a3d-4b65-9c78-af3d58b2da7f@group-091950D56227:t847, leader=null, voted=8f18dce1-0a3d-4b65-9c78-af3d58b2da7f, raftlog=8f18dce1-0a3d-4b65-9c78-af3d58b2da7f@group-091950D56227-SegmentedRaftLog:OPENED:c-1,f-1,i0, conf=-1: [8a63e1ae-032e-4bed-9f20-125a11f65413:0.0.0.0:38685, 8f18dce1-0a3d-4b65-9c78-af3d58b2da7f:0.0.0.0:42489, 7b1e61a0-7daf-43dd-99d5-9b325c1d31ae:0.0.0.0:38412], old=null
2019-10-20 17:41:47,728 [8f18dce1-0a3d-4b65-9c78-af3d58b2da7f@group-091950D56227-LeaderElection722] INFO  impl.RaftServerImpl (RaftServerImpl.java:setRole(184)) - 8f18dce1-0a3d-4b65-9c78-af3d58b2da7f@group-091950D56227: changes role from CANDIDATE to FOLLOWER at term 847 for DISCOVERED_A_NEW_TERM
2019-10-20 17:41:47,728 [8f18dce1-0a3d-4b65-9c78-af3d58b2da7f@group-091950D56227-LeaderElection722] INFO  impl.RoleInfo (RoleInfo.java:shutdownLeaderElection(134)) - 8f18dce1-0a3d-4b65-9c78-af3d58b2da7f: shutdown LeaderElection
2019-10-20 17:41:47,728 [8f18dce1-0a3d-4b65-9c78-af3d58b2da7f@group-091950D56227-LeaderElection722] INFO  impl.RoleInfo (RoleInfo.java:updateAndGet(143)) - 8f18dce1-0a3d-4b65-9c78-af3d58b2da7f: start FollowerState
2019-10-20 17:41:47,804 [Thread-5106] INFO  impl.FollowerState (FollowerState.java:run(108)) - 8f18dce1-0a3d-4b65-9c78-af3d58b2da7f@group-091950D56227-FollowerState: change to CANDIDATE, lastRpcTime:75ms, electionTimeout:75ms
2019-10-20 17:41:47,804 [Thread-5106] INFO  impl.RoleInfo (RoleInfo.java:shutdownFollowerState(121)) - 8f18dce1-0a3d-4b65-9c78-af3d58b2da7f: shutdown FollowerState
2019-10-20 17:41:47,804 [Thread-5106] INFO  impl.RaftServerImpl (RaftServerImpl.java:setRole(184)) - 8f18dce1-0a3d-4b65-9c78-af3d58b2da7f@group-091950D56227: changes role from  FOLLOWER to CANDIDATE at term 847 for changeToCandidate
2019-10-20 17:41:47,820 [Thread-5106] WARN  impl.FollowerState (FollowerState.java:run(121)) - 8f18dce1-0a3d-4b65-9c78-af3d58b2da7f@group-091950D56227-FollowerState caught an exception
java.lang.NullPointerException
	at org.apache.hadoop.ozone.container.common.transport.server.ratis.XceiverServerRatis.triggerPipelineClose(XceiverServerRatis.java:577)
	at org.apache.hadoop.ozone.container.common.transport.server.ratis.XceiverServerRatis.handlePipelineFailure(XceiverServerRatis.java:560)
	at org.apache.hadoop.ozone.container.common.transport.server.ratis.XceiverServerRatis.handleNoLeader(XceiverServerRatis.java:625)
	at org.apache.hadoop.ozone.container.common.transport.server.ratis.ContainerStateMachine.notifyExtendedNoLeader(ContainerStateMachine.java:825)
	at org.apache.ratis.server.impl.RaftServerImpl.changeToCandidate(RaftServerImpl.java:432)
	at org.apache.ratis.server.impl.FollowerState.run(FollowerState.java:112)
2019-10-20 17:41:52,846 [Thread-5104] INFO  impl.FollowerState (FollowerState.java:run(108)) - 7b1e61a0-7daf-43dd-99d5-9b325c1d31ae@group-091950D56227-FollowerState: change to CANDIDATE, lastRpcTime:5141ms, electionTimeout:5141ms
2019-10-20 17:41:52,846 [Thread-5104] INFO  impl.RoleInfo (RoleInfo.java:shutdownFollowerState(121)) - 7b1e61a0-7daf-43dd-99d5-9b325c1d31ae: shutdown FollowerState
2019-10-20 17:41:52,847 [Thread-5104] INFO  impl.RaftServerImpl (RaftServerImpl.java:setRole(184)) - 7b1e61a0-7daf-43dd-99d5-9b325c1d31ae@group-091950D56227: changes role from  FOLLOWER to CANDIDATE at term 847 for changeToCandidate
2019-10-20 17:41:52,847 [Thread-5104] WARN  impl.FollowerState (FollowerState.java:run(121)) - 7b1e61a0-7daf-43dd-99d5-9b325c1d31ae@group-091950D56227-FollowerState caught an exception
java.lang.NullPointerException
	at org.apache.hadoop.ozone.container.common.transport.server.ratis.XceiverServerRatis.triggerPipelineClose(XceiverServerRatis.java:577)
	at org.apache.hadoop.ozone.container.common.transport.server.ratis.XceiverServerRatis.handlePipelineFailure(XceiverServerRatis.java:560)
	at org.apache.hadoop.ozone.container.common.transport.server.ratis.XceiverServerRatis.handleNoLeader(XceiverServerRatis.java:625)
	at org.apache.hadoop.ozone.container.common.transport.server.ratis.ContainerStateMachine.notifyExtendedNoLeader(ContainerStateMachine.java:825)
	at org.apache.ratis.server.impl.RaftServerImpl.changeToCandidate(RaftServerImpl.java:432)
	at org.apache.ratis.server.impl.FollowerState.run(FollowerState.java:112)
2019-10-20 17:41:52,884 [Thread-5103] INFO  impl.FollowerState (FollowerState.java:run(108)) - 8a63e1ae-032e-4bed-9f20-125a11f65413@group-091950D56227-FollowerState: change to CANDIDATE, lastRpcTime:5180ms, electionTimeout:5180ms
2019-10-20 17:41:52,884 [Thread-5103] INFO  impl.RoleInfo (RoleInfo.java:shutdownFollowerState(121)) - 8a63e1ae-032e-4bed-9f20-125a11f65413: shutdown FollowerState
2019-10-20 17:41:52,884 [Thread-5103] INFO  impl.RaftServerImpl (RaftServerImpl.java:setRole(184)) - 8a63e1ae-032e-4bed-9f20-125a11f65413@group-091950D56227: changes role from  FOLLOWER to CANDIDATE at term 847 for changeToCandidate
2019-10-20 17:41:52,885 [Thread-5103] WARN  impl.FollowerState (FollowerState.java:run(121)) - 8a63e1ae-032e-4bed-9f20-125a11f65413@group-091950D56227-FollowerState caught an exception
java.lang.NullPointerException
	at org.apache.hadoop.ozone.container.common.transport.server.ratis.XceiverServerRatis.triggerPipelineClose(XceiverServerRatis.java:577)
	at org.apache.hadoop.ozone.container.common.transport.server.ratis.XceiverServerRatis.handlePipelineFailure(XceiverServerRatis.java:560)
	at org.apache.hadoop.ozone.container.common.transport.server.ratis.XceiverServerRatis.handleNoLeader(XceiverServerRatis.java:625)
	at org.apache.hadoop.ozone.container.common.transport.server.ratis.ContainerStateMachine.notifyExtendedNoLeader(ContainerStateMachine.java:825)
	at org.apache.ratis.server.impl.RaftServerImpl.changeToCandidate(RaftServerImpl.java:432)
	at org.apache.ratis.server.impl.FollowerState.run(FollowerState.java:112)
2019-10-20 17:42:48,080 [main] INFO  impl.RaftServerProxy (RaftServerProxy.java:lambda$close$4(314)) - 7b1e61a0-7daf-43dd-99d5-9b325c1d31ae: close
2019-10-20 17:42:48,081 [main] INFO  impl.RaftServerImpl (RaftServerImpl.java:lambda$shutdown$3(261)) - 7b1e61a0-7daf-43dd-99d5-9b325c1d31ae@group-091950D56227: shutdown
2019-10-20 17:42:48,081 [main] INFO  util.JmxRegister (JmxRegister.java:unregister(73)) - Successfully un-registered JMX Bean with object name Ratis:service=RaftServer,group=group-091950D56227,id=7b1e61a0-7daf-43dd-99d5-9b325c1d31ae
2019-10-20 17:42:48,081 [main] INFO  impl.StateMachineUpdater (StateMachineUpdater.java:stopAndJoin(136)) - 7b1e61a0-7daf-43dd-99d5-9b325c1d31ae@group-091950D56227-StateMachineUpdater: set stopIndex = 0
2019-10-20 17:42:48,082 [main] INFO  impl.RaftServerImpl (ServerState.java:close(388)) - 7b1e61a0-7daf-43dd-99d5-9b325c1d31ae@group-091950D56227: closes. applyIndex: 0
2019-10-20 17:42:48,082 [7b1e61a0-7daf-43dd-99d5-9b325c1d31ae@group-091950D56227-SegmentedRaftLogWorker] INFO  segmented.SegmentedRaftLogWorker (SegmentedRaftLogWorker.java:run(316)) - 7b1e61a0-7daf-43dd-99d5-9b325c1d31ae@group-091950D56227-SegmentedRaftLogWorker was interrupted, exiting. There are 0 tasks remaining in the queue.
2019-10-20 17:42:48,083 [main] INFO  segmented.SegmentedRaftLogWorker (SegmentedRaftLogWorker.java:close(224)) - 7b1e61a0-7daf-43dd-99d5-9b325c1d31ae@group-091950D56227-SegmentedRaftLogWorker close()
2019-10-20 17:42:48,084 [main] INFO  server.GrpcService (GrpcService.java:closeImpl(164)) - 7b1e61a0-7daf-43dd-99d5-9b325c1d31ae: shutdown server with port 38412 now
2019-10-20 17:42:48,085 [main] INFO  server.GrpcService (GrpcService.java:closeImpl(172)) - 7b1e61a0-7daf-43dd-99d5-9b325c1d31ae: shutdown server with port 38412 successfully
2019-10-20 17:42:48,086 [main] INFO  impl.RaftServerProxy (RaftServerProxy.java:lambda$close$4(314)) - 8a63e1ae-032e-4bed-9f20-125a11f65413: close
2019-10-20 17:42:48,086 [main] INFO  impl.RaftServerImpl (RaftServerImpl.java:lambda$shutdown$3(261)) - 8a63e1ae-032e-4bed-9f20-125a11f65413@group-091950D56227: shutdown
2019-10-20 17:42:48,086 [main] INFO  util.JmxRegister (JmxRegister.java:unregister(73)) - Successfully un-registered JMX Bean with object name Ratis:service=RaftServer,group=group-091950D56227,id=8a63e1ae-032e-4bed-9f20-125a11f65413
2019-10-20 17:42:48,087 [main] INFO  impl.StateMachineUpdater (StateMachineUpdater.java:stopAndJoin(136)) - 8a63e1ae-032e-4bed-9f20-125a11f65413@group-091950D56227-StateMachineUpdater: set stopIndex = -1
2019-10-20 17:42:48,087 [main] INFO  impl.RaftServerImpl (ServerState.java:close(388)) - 8a63e1ae-032e-4bed-9f20-125a11f65413@group-091950D56227: closes. applyIndex: -1
2019-10-20 17:42:48,088 [8a63e1ae-032e-4bed-9f20-125a11f65413@group-091950D56227-SegmentedRaftLogWorker] INFO  segmented.SegmentedRaftLogWorker (SegmentedRaftLogWorker.java:run(316)) - 8a63e1ae-032e-4bed-9f20-125a11f65413@group-091950D56227-SegmentedRaftLogWorker was interrupted, exiting. There are 0 tasks remaining in the queue.
2019-10-20 17:42:48,088 [main] INFO  segmented.SegmentedRaftLogWorker (SegmentedRaftLogWorker.java:close(224)) - 8a63e1ae-032e-4bed-9f20-125a11f65413@group-091950D56227-SegmentedRaftLogWorker close()
2019-10-20 17:42:48,090 [main] INFO  server.GrpcService (GrpcService.java:closeImpl(164)) - 8a63e1ae-032e-4bed-9f20-125a11f65413: shutdown server with port 38685 now
2019-10-20 17:42:48,090 [main] INFO  server.GrpcService (GrpcService.java:closeImpl(172)) - 8a63e1ae-032e-4bed-9f20-125a11f65413: shutdown server with port 38685 successfully
2019-10-20 17:42:48,091 [main] INFO  impl.RaftServerProxy (RaftServerProxy.java:lambda$close$4(314)) - 8f18dce1-0a3d-4b65-9c78-af3d58b2da7f: close
2019-10-20 17:42:48,092 [main] INFO  impl.RaftServerImpl (RaftServerImpl.java:lambda$shutdown$3(261)) - 8f18dce1-0a3d-4b65-9c78-af3d58b2da7f@group-091950D56227: shutdown
2019-10-20 17:42:48,093 [main] INFO  util.JmxRegister (JmxRegister.java:unregister(73)) - Successfully un-registered JMX Bean with object name Ratis:service=RaftServer,group=group-091950D56227,id=8f18dce1-0a3d-4b65-9c78-af3d58b2da7f
2019-10-20 17:42:48,093 [main] INFO  impl.StateMachineUpdater (StateMachineUpdater.java:stopAndJoin(136)) - 8f18dce1-0a3d-4b65-9c78-af3d58b2da7f@group-091950D56227-StateMachineUpdater: set stopIndex = -1
2019-10-20 17:42:48,094 [main] INFO  impl.RaftServerImpl (ServerState.java:close(388)) - 8f18dce1-0a3d-4b65-9c78-af3d58b2da7f@group-091950D56227: closes. applyIndex: -1
2019-10-20 17:42:48,095 [8f18dce1-0a3d-4b65-9c78-af3d58b2da7f@group-091950D56227-SegmentedRaftLogWorker] INFO  segmented.SegmentedRaftLogWorker (SegmentedRaftLogWorker.java:run(316)) - 8f18dce1-0a3d-4b65-9c78-af3d58b2da7f@group-091950D56227-SegmentedRaftLogWorker was interrupted, exiting. There are 0 tasks remaining in the queue.
2019-10-20 17:42:48,095 [main] INFO  segmented.SegmentedRaftLogWorker (SegmentedRaftLogWorker.java:close(224)) - 8f18dce1-0a3d-4b65-9c78-af3d58b2da7f@group-091950D56227-SegmentedRaftLogWorker close()
2019-10-20 17:42:48,096 [main] INFO  server.GrpcService (GrpcService.java:closeImpl(164)) - 8f18dce1-0a3d-4b65-9c78-af3d58b2da7f: shutdown server with port 42489 now
2019-10-20 17:42:48,262 [main] INFO  server.GrpcService (GrpcService.java:closeImpl(172)) - 8f18dce1-0a3d-4b65-9c78-af3d58b2da7f: shutdown server with port 42489 successfully
]]></system-out>
    <system-err><![CDATA[Oct 20, 2019 5:39:45 PM org.apache.ratis.thirdparty.io.grpc.internal.ManagedChannelOrphanWrapper$ManagedChannelReference cleanQueue
SEVERE: *~*~*~ Channel ManagedChannelImpl{logId=9, target=0.0.0.0:35344} was not shutdown properly!!! ~*~*~*
    Make sure to call shutdown()/shutdownNow() and wait until awaitTermination() returns true.
java.lang.RuntimeException: ManagedChannel allocation site
	at org.apache.ratis.thirdparty.io.grpc.internal.ManagedChannelOrphanWrapper$ManagedChannelReference.<init>(ManagedChannelOrphanWrapper.java:103)
	at org.apache.ratis.thirdparty.io.grpc.internal.ManagedChannelOrphanWrapper.<init>(ManagedChannelOrphanWrapper.java:53)
	at org.apache.ratis.thirdparty.io.grpc.internal.ManagedChannelOrphanWrapper.<init>(ManagedChannelOrphanWrapper.java:44)
	at org.apache.ratis.thirdparty.io.grpc.internal.AbstractManagedChannelImplBuilder.build(AbstractManagedChannelImplBuilder.java:411)
	at org.apache.hadoop.hdds.scm.XceiverClientGrpc.connectToDatanode(XceiverClientGrpc.java:183)
	at org.apache.hadoop.hdds.scm.XceiverClientGrpc.connect(XceiverClientGrpc.java:146)
	at org.apache.hadoop.ozone.container.server.TestSecureContainerServer.runTestClientServer(TestSecureContainerServer.java:234)
	at org.apache.hadoop.ozone.container.server.TestSecureContainerServer.testClientServer(TestSecureContainerServer.java:116)
	at sun.reflect.NativeMethodAccessorImpl.invoke0(Native Method)
	at sun.reflect.NativeMethodAccessorImpl.invoke(NativeMethodAccessorImpl.java:62)
	at sun.reflect.DelegatingMethodAccessorImpl.invoke(DelegatingMethodAccessorImpl.java:43)
	at java.lang.reflect.Method.invoke(Method.java:498)
	at org.junit.runners.model.FrameworkMethod$1.runReflectiveCall(FrameworkMethod.java:47)
	at org.junit.internal.runners.model.ReflectiveCallable.run(ReflectiveCallable.java:12)
	at org.junit.runners.model.FrameworkMethod.invokeExplosively(FrameworkMethod.java:44)
	at org.junit.internal.runners.statements.InvokeMethod.evaluate(InvokeMethod.java:17)
	at org.junit.runners.ParentRunner.runLeaf(ParentRunner.java:271)
	at org.junit.runners.BlockJUnit4ClassRunner.runChild(BlockJUnit4ClassRunner.java:70)
	at org.junit.runners.BlockJUnit4ClassRunner.runChild(BlockJUnit4ClassRunner.java:50)
	at org.junit.runners.ParentRunner$3.run(ParentRunner.java:238)
	at org.junit.runners.ParentRunner$1.schedule(ParentRunner.java:63)
	at org.junit.runners.ParentRunner.runChildren(ParentRunner.java:236)
	at org.junit.runners.ParentRunner.access$000(ParentRunner.java:53)
	at org.junit.runners.ParentRunner$2.evaluate(ParentRunner.java:229)
	at org.junit.internal.runners.statements.RunBefores.evaluate(RunBefores.java:26)
	at org.junit.runners.ParentRunner.run(ParentRunner.java:309)
	at org.apache.maven.surefire.junit4.JUnit4Provider.execute(JUnit4Provider.java:365)
	at org.apache.maven.surefire.junit4.JUnit4Provider.executeWithRerun(JUnit4Provider.java:273)
	at org.apache.maven.surefire.junit4.JUnit4Provider.executeTestSet(JUnit4Provider.java:238)
	at org.apache.maven.surefire.junit4.JUnit4Provider.invoke(JUnit4Provider.java:159)
	at org.apache.maven.surefire.booter.ForkedBooter.invokeProviderInSameClassLoader(ForkedBooter.java:384)
	at org.apache.maven.surefire.booter.ForkedBooter.runSuitesInProcess(ForkedBooter.java:345)
	at org.apache.maven.surefire.booter.ForkedBooter.execute(ForkedBooter.java:126)
	at org.apache.maven.surefire.booter.ForkedBooter.main(ForkedBooter.java:418)

Oct 20, 2019 5:39:49 PM org.apache.ratis.thirdparty.io.grpc.internal.ManagedChannelOrphanWrapper$ManagedChannelReference cleanQueue
SEVERE: *~*~*~ Channel ManagedChannelImpl{logId=40, target=0.0.0.0:38412} was not shutdown properly!!! ~*~*~*
    Make sure to call shutdown()/shutdownNow() and wait until awaitTermination() returns true.
java.lang.RuntimeException: ManagedChannel allocation site
	at org.apache.ratis.thirdparty.io.grpc.internal.ManagedChannelOrphanWrapper$ManagedChannelReference.<init>(ManagedChannelOrphanWrapper.java:103)
	at org.apache.ratis.thirdparty.io.grpc.internal.ManagedChannelOrphanWrapper.<init>(ManagedChannelOrphanWrapper.java:53)
	at org.apache.ratis.thirdparty.io.grpc.internal.ManagedChannelOrphanWrapper.<init>(ManagedChannelOrphanWrapper.java:44)
	at org.apache.ratis.thirdparty.io.grpc.internal.AbstractManagedChannelImplBuilder.build(AbstractManagedChannelImplBuilder.java:411)
	at org.apache.ratis.grpc.client.GrpcClientProtocolClient.<init>(GrpcClientProtocolClient.java:128)
	at org.apache.ratis.grpc.client.GrpcClientRpc.lambda$new$0(GrpcClientRpc.java:55)
	at org.apache.ratis.util.PeerProxyMap$PeerAndProxy.lambda$getProxy$0(PeerProxyMap.java:61)
	at org.apache.ratis.util.LifeCycle.startAndTransition(LifeCycle.java:202)
	at org.apache.ratis.util.PeerProxyMap$PeerAndProxy.getProxy(PeerProxyMap.java:60)
	at org.apache.ratis.util.PeerProxyMap.getProxy(PeerProxyMap.java:108)
	at org.apache.ratis.grpc.client.GrpcClientRpc.sendRequest(GrpcClientRpc.java:91)
	at org.apache.ratis.client.impl.RaftClientImpl.sendRequest(RaftClientImpl.java:278)
	at org.apache.ratis.client.impl.RaftClientImpl.groupAdd(RaftClientImpl.java:205)
	at org.apache.hadoop.ozone.RatisTestHelper.initXceiverServerRatis(RatisTestHelper.java:133)
	at org.apache.hadoop.ozone.container.server.TestSecureContainerServer.lambda$runTestClientServerRatis$4(TestSecureContainerServer.java:164)
	at org.apache.hadoop.ozone.container.server.TestSecureContainerServer.runTestClientServer(TestSecureContainerServer.java:189)
	at org.apache.hadoop.ozone.container.server.TestSecureContainerServer.runTestClientServerRatis(TestSecureContainerServer.java:160)
	at org.apache.hadoop.ozone.container.server.TestSecureContainerServer.testClientServerRatisGrpc(TestSecureContainerServer.java:135)
	at sun.reflect.NativeMethodAccessorImpl.invoke0(Native Method)
	at sun.reflect.NativeMethodAccessorImpl.invoke(NativeMethodAccessorImpl.java:62)
	at sun.reflect.DelegatingMethodAccessorImpl.invoke(DelegatingMethodAccessorImpl.java:43)
	at java.lang.reflect.Method.invoke(Method.java:498)
	at org.junit.runners.model.FrameworkMethod$1.runReflectiveCall(FrameworkMethod.java:47)
	at org.junit.internal.runners.model.ReflectiveCallable.run(ReflectiveCallable.java:12)
	at org.junit.runners.model.FrameworkMethod.invokeExplosively(FrameworkMethod.java:44)
	at org.junit.internal.runners.statements.InvokeMethod.evaluate(InvokeMethod.java:17)
	at org.junit.runners.ParentRunner.runLeaf(ParentRunner.java:271)
	at org.junit.runners.BlockJUnit4ClassRunner.runChild(BlockJUnit4ClassRunner.java:70)
	at org.junit.runners.BlockJUnit4ClassRunner.runChild(BlockJUnit4ClassRunner.java:50)
	at org.junit.runners.ParentRunner$3.run(ParentRunner.java:238)
	at org.junit.runners.ParentRunner$1.schedule(ParentRunner.java:63)
	at org.junit.runners.ParentRunner.runChildren(ParentRunner.java:236)
	at org.junit.runners.ParentRunner.access$000(ParentRunner.java:53)
	at org.junit.runners.ParentRunner$2.evaluate(ParentRunner.java:229)
	at org.junit.internal.runners.statements.RunBefores.evaluate(RunBefores.java:26)
	at org.junit.runners.ParentRunner.run(ParentRunner.java:309)
	at org.apache.maven.surefire.junit4.JUnit4Provider.execute(JUnit4Provider.java:365)
	at org.apache.maven.surefire.junit4.JUnit4Provider.executeWithRerun(JUnit4Provider.java:273)
	at org.apache.maven.surefire.junit4.JUnit4Provider.executeTestSet(JUnit4Provider.java:238)
	at org.apache.maven.surefire.junit4.JUnit4Provider.invoke(JUnit4Provider.java:159)
	at org.apache.maven.surefire.booter.ForkedBooter.invokeProviderInSameClassLoader(ForkedBooter.java:384)
	at org.apache.maven.surefire.booter.ForkedBooter.runSuitesInProcess(ForkedBooter.java:345)
	at org.apache.maven.surefire.booter.ForkedBooter.execute(ForkedBooter.java:126)
	at org.apache.maven.surefire.booter.ForkedBooter.main(ForkedBooter.java:418)

Oct 20, 2019 5:39:49 PM org.apache.ratis.thirdparty.io.grpc.internal.ManagedChannelOrphanWrapper$ManagedChannelReference cleanQueue
SEVERE: *~*~*~ Channel ManagedChannelImpl{logId=48, target=0.0.0.0:38685} was not shutdown properly!!! ~*~*~*
    Make sure to call shutdown()/shutdownNow() and wait until awaitTermination() returns true.
java.lang.RuntimeException: ManagedChannel allocation site
	at org.apache.ratis.thirdparty.io.grpc.internal.ManagedChannelOrphanWrapper$ManagedChannelReference.<init>(ManagedChannelOrphanWrapper.java:103)
	at org.apache.ratis.thirdparty.io.grpc.internal.ManagedChannelOrphanWrapper.<init>(ManagedChannelOrphanWrapper.java:53)
	at org.apache.ratis.thirdparty.io.grpc.internal.ManagedChannelOrphanWrapper.<init>(ManagedChannelOrphanWrapper.java:44)
	at org.apache.ratis.thirdparty.io.grpc.internal.AbstractManagedChannelImplBuilder.build(AbstractManagedChannelImplBuilder.java:411)
	at org.apache.ratis.grpc.client.GrpcClientProtocolClient.<init>(GrpcClientProtocolClient.java:128)
	at org.apache.ratis.grpc.client.GrpcClientRpc.lambda$new$0(GrpcClientRpc.java:55)
	at org.apache.ratis.util.PeerProxyMap$PeerAndProxy.lambda$getProxy$0(PeerProxyMap.java:61)
	at org.apache.ratis.util.LifeCycle.startAndTransition(LifeCycle.java:202)
	at org.apache.ratis.util.PeerProxyMap$PeerAndProxy.getProxy(PeerProxyMap.java:60)
	at org.apache.ratis.util.PeerProxyMap.getProxy(PeerProxyMap.java:108)
	at org.apache.ratis.grpc.client.GrpcClientRpc.sendRequest(GrpcClientRpc.java:91)
	at org.apache.ratis.client.impl.RaftClientImpl.sendRequest(RaftClientImpl.java:278)
	at org.apache.ratis.client.impl.RaftClientImpl.groupAdd(RaftClientImpl.java:205)
	at org.apache.hadoop.ozone.RatisTestHelper.initXceiverServerRatis(RatisTestHelper.java:133)
	at org.apache.hadoop.ozone.container.server.TestSecureContainerServer.lambda$runTestClientServerRatis$4(TestSecureContainerServer.java:164)
	at org.apache.hadoop.ozone.container.server.TestSecureContainerServer.runTestClientServer(TestSecureContainerServer.java:189)
	at org.apache.hadoop.ozone.container.server.TestSecureContainerServer.runTestClientServerRatis(TestSecureContainerServer.java:160)
	at org.apache.hadoop.ozone.container.server.TestSecureContainerServer.testClientServerRatisGrpc(TestSecureContainerServer.java:135)
	at sun.reflect.NativeMethodAccessorImpl.invoke0(Native Method)
	at sun.reflect.NativeMethodAccessorImpl.invoke(NativeMethodAccessorImpl.java:62)
	at sun.reflect.DelegatingMethodAccessorImpl.invoke(DelegatingMethodAccessorImpl.java:43)
	at java.lang.reflect.Method.invoke(Method.java:498)
	at org.junit.runners.model.FrameworkMethod$1.runReflectiveCall(FrameworkMethod.java:47)
	at org.junit.internal.runners.model.ReflectiveCallable.run(ReflectiveCallable.java:12)
	at org.junit.runners.model.FrameworkMethod.invokeExplosively(FrameworkMethod.java:44)
	at org.junit.internal.runners.statements.InvokeMethod.evaluate(InvokeMethod.java:17)
	at org.junit.runners.ParentRunner.runLeaf(ParentRunner.java:271)
	at org.junit.runners.BlockJUnit4ClassRunner.runChild(BlockJUnit4ClassRunner.java:70)
	at org.junit.runners.BlockJUnit4ClassRunner.runChild(BlockJUnit4ClassRunner.java:50)
	at org.junit.runners.ParentRunner$3.run(ParentRunner.java:238)
	at org.junit.runners.ParentRunner$1.schedule(ParentRunner.java:63)
	at org.junit.runners.ParentRunner.runChildren(ParentRunner.java:236)
	at org.junit.runners.ParentRunner.access$000(ParentRunner.java:53)
	at org.junit.runners.ParentRunner$2.evaluate(ParentRunner.java:229)
	at org.junit.internal.runners.statements.RunBefores.evaluate(RunBefores.java:26)
	at org.junit.runners.ParentRunner.run(ParentRunner.java:309)
	at org.apache.maven.surefire.junit4.JUnit4Provider.execute(JUnit4Provider.java:365)
	at org.apache.maven.surefire.junit4.JUnit4Provider.executeWithRerun(JUnit4Provider.java:273)
	at org.apache.maven.surefire.junit4.JUnit4Provider.executeTestSet(JUnit4Provider.java:238)
	at org.apache.maven.surefire.junit4.JUnit4Provider.invoke(JUnit4Provider.java:159)
	at org.apache.maven.surefire.booter.ForkedBooter.invokeProviderInSameClassLoader(ForkedBooter.java:384)
	at org.apache.maven.surefire.booter.ForkedBooter.runSuitesInProcess(ForkedBooter.java:345)
	at org.apache.maven.surefire.booter.ForkedBooter.execute(ForkedBooter.java:126)
	at org.apache.maven.surefire.booter.ForkedBooter.main(ForkedBooter.java:418)

Oct 20, 2019 5:39:49 PM org.apache.ratis.thirdparty.io.grpc.internal.ManagedChannelOrphanWrapper$ManagedChannelReference cleanQueue
SEVERE: *~*~*~ Channel ManagedChannelImpl{logId=66, target=0.0.0.0:42489} was not shutdown properly!!! ~*~*~*
    Make sure to call shutdown()/shutdownNow() and wait until awaitTermination() returns true.
java.lang.RuntimeException: ManagedChannel allocation site
	at org.apache.ratis.thirdparty.io.grpc.internal.ManagedChannelOrphanWrapper$ManagedChannelReference.<init>(ManagedChannelOrphanWrapper.java:103)
	at org.apache.ratis.thirdparty.io.grpc.internal.ManagedChannelOrphanWrapper.<init>(ManagedChannelOrphanWrapper.java:53)
	at org.apache.ratis.thirdparty.io.grpc.internal.ManagedChannelOrphanWrapper.<init>(ManagedChannelOrphanWrapper.java:44)
	at org.apache.ratis.thirdparty.io.grpc.internal.AbstractManagedChannelImplBuilder.build(AbstractManagedChannelImplBuilder.java:411)
	at org.apache.ratis.grpc.client.GrpcClientProtocolClient.<init>(GrpcClientProtocolClient.java:128)
	at org.apache.ratis.grpc.client.GrpcClientRpc.lambda$new$0(GrpcClientRpc.java:55)
	at org.apache.ratis.util.PeerProxyMap$PeerAndProxy.lambda$getProxy$0(PeerProxyMap.java:61)
	at org.apache.ratis.util.LifeCycle.startAndTransition(LifeCycle.java:202)
	at org.apache.ratis.util.PeerProxyMap$PeerAndProxy.getProxy(PeerProxyMap.java:60)
	at org.apache.ratis.util.PeerProxyMap.getProxy(PeerProxyMap.java:108)
	at org.apache.ratis.grpc.client.GrpcClientRpc.sendRequest(GrpcClientRpc.java:91)
	at org.apache.ratis.client.impl.RaftClientImpl.sendRequest(RaftClientImpl.java:278)
	at org.apache.ratis.client.impl.RaftClientImpl.groupAdd(RaftClientImpl.java:205)
	at org.apache.hadoop.ozone.RatisTestHelper.initXceiverServerRatis(RatisTestHelper.java:133)
	at org.apache.hadoop.ozone.container.server.TestSecureContainerServer.lambda$runTestClientServerRatis$4(TestSecureContainerServer.java:164)
	at org.apache.hadoop.ozone.container.server.TestSecureContainerServer.runTestClientServer(TestSecureContainerServer.java:189)
	at org.apache.hadoop.ozone.container.server.TestSecureContainerServer.runTestClientServerRatis(TestSecureContainerServer.java:160)
	at org.apache.hadoop.ozone.container.server.TestSecureContainerServer.testClientServerRatisGrpc(TestSecureContainerServer.java:135)
	at sun.reflect.NativeMethodAccessorImpl.invoke0(Native Method)
	at sun.reflect.NativeMethodAccessorImpl.invoke(NativeMethodAccessorImpl.java:62)
	at sun.reflect.DelegatingMethodAccessorImpl.invoke(DelegatingMethodAccessorImpl.java:43)
	at java.lang.reflect.Method.invoke(Method.java:498)
	at org.junit.runners.model.FrameworkMethod$1.runReflectiveCall(FrameworkMethod.java:47)
	at org.junit.internal.runners.model.ReflectiveCallable.run(ReflectiveCallable.java:12)
	at org.junit.runners.model.FrameworkMethod.invokeExplosively(FrameworkMethod.java:44)
	at org.junit.internal.runners.statements.InvokeMethod.evaluate(InvokeMethod.java:17)
	at org.junit.runners.ParentRunner.runLeaf(ParentRunner.java:271)
	at org.junit.runners.BlockJUnit4ClassRunner.runChild(BlockJUnit4ClassRunner.java:70)
	at org.junit.runners.BlockJUnit4ClassRunner.runChild(BlockJUnit4ClassRunner.java:50)
	at org.junit.runners.ParentRunner$3.run(ParentRunner.java:238)
	at org.junit.runners.ParentRunner$1.schedule(ParentRunner.java:63)
	at org.junit.runners.ParentRunner.runChildren(ParentRunner.java:236)
	at org.junit.runners.ParentRunner.access$000(ParentRunner.java:53)
	at org.junit.runners.ParentRunner$2.evaluate(ParentRunner.java:229)
	at org.junit.internal.runners.statements.RunBefores.evaluate(RunBefores.java:26)
	at org.junit.runners.ParentRunner.run(ParentRunner.java:309)
	at org.apache.maven.surefire.junit4.JUnit4Provider.execute(JUnit4Provider.java:365)
	at org.apache.maven.surefire.junit4.JUnit4Provider.executeWithRerun(JUnit4Provider.java:273)
	at org.apache.maven.surefire.junit4.JUnit4Provider.executeTestSet(JUnit4Provider.java:238)
	at org.apache.maven.surefire.junit4.JUnit4Provider.invoke(JUnit4Provider.java:159)
	at org.apache.maven.surefire.booter.ForkedBooter.invokeProviderInSameClassLoader(ForkedBooter.java:384)
	at org.apache.maven.surefire.booter.ForkedBooter.runSuitesInProcess(ForkedBooter.java:345)
	at org.apache.maven.surefire.booter.ForkedBooter.execute(ForkedBooter.java:126)
	at org.apache.maven.surefire.booter.ForkedBooter.main(ForkedBooter.java:418)

Oct 20, 2019 5:40:12 PM org.apache.ratis.thirdparty.io.grpc.internal.ManagedChannelOrphanWrapper$ManagedChannelReference cleanQueue
SEVERE: *~*~*~ Channel ManagedChannelImpl{logId=32, target=0.0.0.0:34903} was not shutdown properly!!! ~*~*~*
    Make sure to call shutdown()/shutdownNow() and wait until awaitTermination() returns true.
java.lang.RuntimeException: ManagedChannel allocation site
	at org.apache.ratis.thirdparty.io.grpc.internal.ManagedChannelOrphanWrapper$ManagedChannelReference.<init>(ManagedChannelOrphanWrapper.java:103)
	at org.apache.ratis.thirdparty.io.grpc.internal.ManagedChannelOrphanWrapper.<init>(ManagedChannelOrphanWrapper.java:53)
	at org.apache.ratis.thirdparty.io.grpc.internal.ManagedChannelOrphanWrapper.<init>(ManagedChannelOrphanWrapper.java:44)
	at org.apache.ratis.thirdparty.io.grpc.internal.AbstractManagedChannelImplBuilder.build(AbstractManagedChannelImplBuilder.java:411)
	at org.apache.ratis.grpc.client.GrpcClientProtocolClient.<init>(GrpcClientProtocolClient.java:128)
	at org.apache.ratis.grpc.client.GrpcClientRpc.lambda$new$0(GrpcClientRpc.java:55)
	at org.apache.ratis.util.PeerProxyMap$PeerAndProxy.lambda$getProxy$0(PeerProxyMap.java:61)
	at org.apache.ratis.util.LifeCycle.startAndTransition(LifeCycle.java:202)
	at org.apache.ratis.util.PeerProxyMap$PeerAndProxy.getProxy(PeerProxyMap.java:60)
	at org.apache.ratis.util.PeerProxyMap.getProxy(PeerProxyMap.java:108)
	at org.apache.ratis.grpc.client.GrpcClientRpc.sendRequestAsync(GrpcClientRpc.java:66)
	at org.apache.ratis.client.impl.OrderedAsync.sendRequest(OrderedAsync.java:208)
	at org.apache.ratis.client.impl.OrderedAsync.sendRequestWithRetry(OrderedAsync.java:169)
	at org.apache.ratis.util.SlidingWindow$Client.sendOrDelayRequest(SlidingWindow.java:278)
	at org.apache.ratis.util.SlidingWindow$Client.submitNewRequest(SlidingWindow.java:257)
	at org.apache.ratis.client.impl.OrderedAsync.send(OrderedAsync.java:155)
	at org.apache.ratis.client.impl.RaftClientImpl.sendAsync(RaftClientImpl.java:144)
	at org.apache.ratis.client.impl.RaftClientImpl.sendAsync(RaftClientImpl.java:124)
	at org.apache.hadoop.hdds.scm.XceiverClientRatis.sendRequestAsync(XceiverClientRatis.java:236)
	at org.apache.hadoop.hdds.scm.XceiverClientRatis.sendCommandAsync(XceiverClientRatis.java:317)
	at org.apache.hadoop.hdds.scm.XceiverClientSpi.sendCommand(XceiverClientSpi.java:109)
	at org.apache.hadoop.ozone.container.server.TestSecureContainerServer.runTestClientServer(TestSecureContainerServer.java:241)
	at org.apache.hadoop.ozone.container.server.TestSecureContainerServer.runTestClientServerRatis(TestSecureContainerServer.java:160)
	at org.apache.hadoop.ozone.container.server.TestSecureContainerServer.testClientServerRatisGrpc(TestSecureContainerServer.java:134)
	at sun.reflect.NativeMethodAccessorImpl.invoke0(Native Method)
	at sun.reflect.NativeMethodAccessorImpl.invoke(NativeMethodAccessorImpl.java:62)
	at sun.reflect.DelegatingMethodAccessorImpl.invoke(DelegatingMethodAccessorImpl.java:43)
	at java.lang.reflect.Method.invoke(Method.java:498)
	at org.junit.runners.model.FrameworkMethod$1.runReflectiveCall(FrameworkMethod.java:47)
	at org.junit.internal.runners.model.ReflectiveCallable.run(ReflectiveCallable.java:12)
	at org.junit.runners.model.FrameworkMethod.invokeExplosively(FrameworkMethod.java:44)
	at org.junit.internal.runners.statements.InvokeMethod.evaluate(InvokeMethod.java:17)
	at org.junit.runners.ParentRunner.runLeaf(ParentRunner.java:271)
	at org.junit.runners.BlockJUnit4ClassRunner.runChild(BlockJUnit4ClassRunner.java:70)
	at org.junit.runners.BlockJUnit4ClassRunner.runChild(BlockJUnit4ClassRunner.java:50)
	at org.junit.runners.ParentRunner$3.run(ParentRunner.java:238)
	at org.junit.runners.ParentRunner$1.schedule(ParentRunner.java:63)
	at org.junit.runners.ParentRunner.runChildren(ParentRunner.java:236)
	at org.junit.runners.ParentRunner.access$000(ParentRunner.java:53)
	at org.junit.runners.ParentRunner$2.evaluate(ParentRunner.java:229)
	at org.junit.internal.runners.statements.RunBefores.evaluate(RunBefores.java:26)
	at org.junit.runners.ParentRunner.run(ParentRunner.java:309)
	at org.apache.maven.surefire.junit4.JUnit4Provider.execute(JUnit4Provider.java:365)
	at org.apache.maven.surefire.junit4.JUnit4Provider.executeWithRerun(JUnit4Provider.java:273)
	at org.apache.maven.surefire.junit4.JUnit4Provider.executeTestSet(JUnit4Provider.java:238)
	at org.apache.maven.surefire.junit4.JUnit4Provider.invoke(JUnit4Provider.java:159)
	at org.apache.maven.surefire.booter.ForkedBooter.invokeProviderInSameClassLoader(ForkedBooter.java:384)
	at org.apache.maven.surefire.booter.ForkedBooter.runSuitesInProcess(ForkedBooter.java:345)
	at org.apache.maven.surefire.booter.ForkedBooter.execute(ForkedBooter.java:126)
	at org.apache.maven.surefire.booter.ForkedBooter.main(ForkedBooter.java:418)

]]></system-err>
  </testcase>
</testsuite>