<?xml version="1.0" encoding="UTF-8"?>
<testsuite xmlns:xsi="http://www.w3.org/2001/XMLSchema-instance" xsi:noNamespaceSchemaLocation="https://maven.apache.org/surefire/maven-surefire-plugin/xsd/surefire-test-report.xsd" name="org.apache.hadoop.ozone.client.rpc.TestWatchForCommit" time="243.022" tests="5" errors="1" skipped="0" failures="1">
  <properties>
    <property name="awt.toolkit" value="sun.awt.X11.XToolkit"/>
    <property name="file.encoding.pkg" value="sun.io"/>
    <property name="java.specification.version" value="1.8"/>
    <property name="sun.cpu.isalist" value=""/>
    <property name="sun.jnu.encoding" value="UTF-8"/>
    <property name="java.class.path" value="/workdir/hadoop-ozone/integration-test/target/test-classes:/workdir/hadoop-ozone/integration-test/target/classes:/home/user/.m2/repository/org/apache/hadoop/hadoop-ozone-common/0.5.0-SNAPSHOT/hadoop-ozone-common-0.5.0-SNAPSHOT.jar:/home/user/.m2/repository/org/apache/commons/commons-compress/1.4.1/commons-compress-1.4.1.jar:/home/user/.m2/repository/org/tukaani/xz/1.0/xz-1.0.jar:/home/user/.m2/repository/org/apache/hadoop/hadoop-common/3.2.0/hadoop-common-3.2.0.jar:/home/user/.m2/repository/org/apache/hadoop/hadoop-hdfs/3.2.0/hadoop-hdfs-3.2.0.jar:/home/user/.m2/repository/org/apache/hadoop/hadoop-hdfs-client/3.2.0/hadoop-hdfs-client-3.2.0.jar:/home/user/.m2/repository/com/fasterxml/jackson/core/jackson-annotations/2.9.9/jackson-annotations-2.9.9.jar:/home/user/.m2/repository/org/apache/hadoop/hadoop-hdds-common/0.5.0-SNAPSHOT/hadoop-hdds-common-0.5.0-SNAPSHOT.jar:/home/user/.m2/repository/javax/annotation/javax.annotation-api/1.2/javax.annotation-api-1.2.jar:/home/user/.m2/repository/org/apache/ratis/ratis-server/0.5.0-201fc85-SNAPSHOT/ratis-server-0.5.0-201fc85-SNAPSHOT.jar:/home/user/.m2/repository/org/apache/ratis/ratis-thirdparty-misc/0.2.0/ratis-thirdparty-misc-0.2.0.jar:/home/user/.m2/repository/org/apache/ratis/ratis-proto/0.5.0-201fc85-SNAPSHOT/ratis-proto-0.5.0-201fc85-SNAPSHOT.jar:/home/user/.m2/repository/org/apache/ratis/ratis-common/0.5.0-201fc85-SNAPSHOT/ratis-common-0.5.0-201fc85-SNAPSHOT.jar:/home/user/.m2/repository/org/apache/ratis/ratis-client/0.5.0-201fc85-SNAPSHOT/ratis-client-0.5.0-201fc85-SNAPSHOT.jar:/home/user/.m2/repository/org/apache/ratis/ratis-metrics/0.5.0-201fc85-SNAPSHOT/ratis-metrics-0.5.0-201fc85-SNAPSHOT.jar:/home/user/.m2/repository/com/github/joshelser/dropwizard-metrics-hadoop-metrics2-reporter/0.1.2/dropwizard-metrics-hadoop-metrics2-reporter-0.1.2.jar:/home/user/.m2/repository/io/dropwizard/metrics/metrics-jvm/3.2.5/metrics-jvm-3.2.5.jar:/home/user/.m2/repository/io/dropwizard/metrics/metrics-ganglia/3.2.5/metrics-ganglia-3.2.5.jar:/home/user/.m2/repository/info/ganglia/gmetric4j/gmetric4j/1.0.7/gmetric4j-1.0.7.jar:/home/user/.m2/repository/org/apache/ratis/ratis-netty/0.5.0-201fc85-SNAPSHOT/ratis-netty-0.5.0-201fc85-SNAPSHOT.jar:/home/user/.m2/repository/org/apache/ratis/ratis-grpc/0.5.0-201fc85-SNAPSHOT/ratis-grpc-0.5.0-201fc85-SNAPSHOT.jar:/home/user/.m2/repository/org/rocksdb/rocksdbjni/6.0.1/rocksdbjni-6.0.1.jar:/home/user/.m2/repository/org/apache/logging/log4j/log4j-api/2.11.0/log4j-api-2.11.0.jar:/home/user/.m2/repository/org/apache/logging/log4j/log4j-core/2.11.0/log4j-core-2.11.0.jar:/home/user/.m2/repository/com/lmax/disruptor/3.4.2/disruptor-3.4.2.jar:/home/user/.m2/repository/org/apache/commons/commons-pool2/2.6.0/commons-pool2-2.6.0.jar:/home/user/.m2/repository/org/bouncycastle/bcpkix-jdk15on/1.60/bcpkix-jdk15on-1.60.jar:/home/user/.m2/repository/commons-validator/commons-validator/1.6/commons-validator-1.6.jar:/home/user/.m2/repository/commons-digester/commons-digester/1.8.1/commons-digester-1.8.1.jar:/home/user/.m2/repository/io/jaegertracing/jaeger-client/0.34.0/jaeger-client-0.34.0.jar:/home/user/.m2/repository/io/jaegertracing/jaeger-thrift/0.34.0/jaeger-thrift-0.34.0.jar:/home/user/.m2/repository/org/apache/thrift/libthrift/0.12.0/libthrift-0.12.0.jar:/home/user/.m2/repository/com/squareup/okhttp3/okhttp/3.9.0/okhttp-3.9.0.jar:/home/user/.m2/repository/com/squareup/okio/okio/1.13.0/okio-1.13.0.jar:/home/user/.m2/repository/io/jaegertracing/jaeger-core/0.34.0/jaeger-core-0.34.0.jar:/home/user/.m2/repository/io/jaegertracing/jaeger-tracerresolver/0.34.0/jaeger-tracerresolver-0.34.0.jar:/home/user/.m2/repository/io/opentracing/contrib/opentracing-tracerresolver/0.1.5/opentracing-tracerresolver-0.1.5.jar:/home/user/.m2/repository/io/opentracing/opentracing-util/0.31.0/opentracing-util-0.31.0.jar:/home/user/.m2/repository/io/opentracing/opentracing-api/0.31.0/opentracing-api-0.31.0.jar:/home/user/.m2/repository/io/opentracing/opentracing-noop/0.31.0/opentracing-noop-0.31.0.jar:/home/user/.m2/repository/org/apache/hadoop/hadoop-hdds-server-framework/0.5.0-SNAPSHOT/hadoop-hdds-server-framework-0.5.0-SNAPSHOT.jar:/home/user/.m2/repository/org/apache/hadoop/hadoop-hdds-container-service/0.5.0-SNAPSHOT/hadoop-hdds-container-service-0.5.0-SNAPSHOT.jar:/home/user/.m2/repository/org/apache/hadoop/hadoop-hdds-client/0.5.0-SNAPSHOT/hadoop-hdds-client-0.5.0-SNAPSHOT.jar:/home/user/.m2/repository/org/apache/hadoop/hadoop-hdds-tools/0.5.0-SNAPSHOT/hadoop-hdds-tools-0.5.0-SNAPSHOT.jar:/home/user/.m2/repository/org/apache/hadoop/hadoop-hdds-server-scm/0.5.0-SNAPSHOT/hadoop-hdds-server-scm-0.5.0-SNAPSHOT.jar:/home/user/.m2/repository/org/apache/hadoop/hadoop-hdds-docs/0.5.0-SNAPSHOT/hadoop-hdds-docs-0.5.0-SNAPSHOT.jar:/home/user/.m2/repository/io/dropwizard/metrics/metrics-core/3.2.4/metrics-core-3.2.4.jar:/home/user/.m2/repository/org/hamcrest/hamcrest-all/1.3/hamcrest-all-1.3.jar:/home/user/.m2/repository/org/bouncycastle/bcprov-jdk15on/1.60/bcprov-jdk15on-1.60.jar:/home/user/.m2/repository/info/picocli/picocli/3.9.6/picocli-3.9.6.jar:/home/user/.m2/repository/com/google/protobuf/protobuf-java/2.5.0/protobuf-java-2.5.0.jar:/home/user/.m2/repository/com/google/guava/guava/11.0.2/guava-11.0.2.jar:/home/user/.m2/repository/org/apache/hadoop/hadoop-ozone-ozone-manager/0.5.0-SNAPSHOT/hadoop-ozone-ozone-manager-0.5.0-SNAPSHOT.jar:/home/user/.m2/repository/org/apache/hadoop/hadoop-minikdc/3.2.0/hadoop-minikdc-3.2.0.jar:/home/user/.m2/repository/commons-io/commons-io/2.5/commons-io-2.5.jar:/home/user/.m2/repository/org/apache/kerby/kerb-simplekdc/1.0.1/kerb-simplekdc-1.0.1.jar:/home/user/.m2/repository/org/apache/kerby/kerb-client/1.0.1/kerb-client-1.0.1.jar:/home/user/.m2/repository/org/apache/kerby/kerby-config/1.0.1/kerby-config-1.0.1.jar:/home/user/.m2/repository/org/apache/kerby/kerb-core/1.0.1/kerb-core-1.0.1.jar:/home/user/.m2/repository/org/apache/kerby/kerby-pkix/1.0.1/kerby-pkix-1.0.1.jar:/home/user/.m2/repository/org/apache/kerby/kerby-asn1/1.0.1/kerby-asn1-1.0.1.jar:/home/user/.m2/repository/org/apache/kerby/kerby-util/1.0.1/kerby-util-1.0.1.jar:/home/user/.m2/repository/org/apache/kerby/kerb-common/1.0.1/kerb-common-1.0.1.jar:/home/user/.m2/repository/org/apache/kerby/kerb-crypto/1.0.1/kerb-crypto-1.0.1.jar:/home/user/.m2/repository/org/apache/kerby/kerb-util/1.0.1/kerb-util-1.0.1.jar:/home/user/.m2/repository/org/apache/kerby/token-provider/1.0.1/token-provider-1.0.1.jar:/home/user/.m2/repository/org/apache/kerby/kerb-admin/1.0.1/kerb-admin-1.0.1.jar:/home/user/.m2/repository/org/apache/kerby/kerb-server/1.0.1/kerb-server-1.0.1.jar:/home/user/.m2/repository/org/apache/kerby/kerb-identity/1.0.1/kerb-identity-1.0.1.jar:/home/user/.m2/repository/org/apache/kerby/kerby-xdr/1.0.1/kerby-xdr-1.0.1.jar:/home/user/.m2/repository/org/slf4j/slf4j-log4j12/1.7.25/slf4j-log4j12-1.7.25.jar:/home/user/.m2/repository/org/apache/hadoop/hadoop-ozone-s3gateway/0.5.0-SNAPSHOT/hadoop-ozone-s3gateway-0.5.0-SNAPSHOT.jar:/home/user/.m2/repository/org/jboss/weld/servlet/weld-servlet/2.4.7.Final/weld-servlet-2.4.7.Final.jar:/home/user/.m2/repository/org/glassfish/jersey/containers/jersey-container-servlet-core/2.27/jersey-container-servlet-core-2.27.jar:/home/user/.m2/repository/org/glassfish/hk2/external/javax.inject/2.5.0-b42/javax.inject-2.5.0-b42.jar:/home/user/.m2/repository/org/glassfish/jersey/core/jersey-common/2.27/jersey-common-2.27.jar:/home/user/.m2/repository/org/glassfish/hk2/osgi-resource-locator/1.0.1/osgi-resource-locator-1.0.1.jar:/home/user/.m2/repository/javax/ws/rs/javax.ws.rs-api/2.1/javax.ws.rs-api-2.1.jar:/home/user/.m2/repository/org/glassfish/jersey/ext/cdi/jersey-cdi1x/2.27/jersey-cdi1x-2.27.jar:/home/user/.m2/repository/org/glassfish/jersey/inject/jersey-hk2/2.27/jersey-hk2-2.27.jar:/home/user/.m2/repository/org/glassfish/hk2/hk2-locator/2.5.0-b42/hk2-locator-2.5.0-b42.jar:/home/user/.m2/repository/org/javassist/javassist/3.22.0-CR2/javassist-3.22.0-CR2.jar:/home/user/.m2/repository/org/glassfish/hk2/hk2-api/2.5.0/hk2-api-2.5.0.jar:/home/user/.m2/repository/org/glassfish/hk2/external/jakarta.inject/2.5.0/jakarta.inject-2.5.0.jar:/home/user/.m2/repository/org/glassfish/hk2/hk2-utils/2.5.0/hk2-utils-2.5.0.jar:/home/user/.m2/repository/jakarta/annotation/jakarta.annotation-api/1.3.4/jakarta.annotation-api-1.3.4.jar:/home/user/.m2/repository/org/glassfish/hk2/external/aopalliance-repackaged/2.5.0/aopalliance-repackaged-2.5.0.jar:/home/user/.m2/repository/com/fasterxml/jackson/dataformat/jackson-dataformat-xml/2.9.0/jackson-dataformat-xml-2.9.0.jar:/home/user/.m2/repository/com/fasterxml/jackson/core/jackson-core/2.9.9/jackson-core-2.9.9.jar:/home/user/.m2/repository/com/fasterxml/jackson/module/jackson-module-jaxb-annotations/2.9.9/jackson-module-jaxb-annotations-2.9.9.jar:/home/user/.m2/repository/javax/enterprise/cdi-api/1.2/cdi-api-1.2.jar:/home/user/.m2/repository/javax/el/javax.el-api/3.0.0/javax.el-api-3.0.0.jar:/home/user/.m2/repository/javax/interceptor/javax.interceptor-api/1.2/javax.interceptor-api-1.2.jar:/home/user/.m2/repository/javax/inject/javax.inject/1/javax.inject-1.jar:/home/user/.m2/repository/com/sun/xml/bind/jaxb-impl/2.3.0.1/jaxb-impl-2.3.0.1.jar:/home/user/.m2/repository/com/sun/xml/bind/jaxb-core/2.3.0.1/jaxb-core-2.3.0.1.jar:/home/user/.m2/repository/javax/xml/bind/jaxb-api/2.3.0/jaxb-api-2.3.0.jar:/home/user/.m2/repository/javax/activation/activation/1.1.1/activation-1.1.1.jar:/home/user/.m2/repository/org/apache/hadoop/hadoop-ozone-csi/0.5.0-SNAPSHOT/hadoop-ozone-csi-0.5.0-SNAPSHOT.jar:/home/user/.m2/repository/com/google/protobuf/protobuf-java-util/3.5.1/protobuf-java-util-3.5.1.jar:/home/user/.m2/repository/org/apache/hadoop/hadoop-hdds-config/0.5.0-SNAPSHOT/hadoop-hdds-config-0.5.0-SNAPSHOT.jar:/home/user/.m2/repository/io/grpc/grpc-netty/1.17.1/grpc-netty-1.17.1.jar:/home/user/.m2/repository/io/grpc/grpc-core/1.17.1/grpc-core-1.17.1.jar:/home/user/.m2/repository/io/grpc/grpc-context/1.17.1/grpc-context-1.17.1.jar:/home/user/.m2/repository/com/google/errorprone/error_prone_annotations/2.2.0/error_prone_annotations-2.2.0.jar:/home/user/.m2/repository/org/codehaus/mojo/animal-sniffer-annotations/1.17/animal-sniffer-annotations-1.17.jar:/home/user/.m2/repository/io/opencensus/opencensus-api/0.17.0/opencensus-api-0.17.0.jar:/home/user/.m2/repository/io/opencensus/opencensus-contrib-grpc-metrics/0.17.0/opencensus-contrib-grpc-metrics-0.17.0.jar:/home/user/.m2/repository/io/netty/netty-codec-http2/4.1.30.Final/netty-codec-http2-4.1.30.Final.jar:/home/user/.m2/repository/io/netty/netty-codec-http/4.1.30.Final/netty-codec-http-4.1.30.Final.jar:/home/user/.m2/repository/io/netty/netty-codec/4.1.30.Final/netty-codec-4.1.30.Final.jar:/home/user/.m2/repository/io/netty/netty-handler/4.1.30.Final/netty-handler-4.1.30.Final.jar:/home/user/.m2/repository/io/netty/netty-handler-proxy/4.1.30.Final/netty-handler-proxy-4.1.30.Final.jar:/home/user/.m2/repository/io/netty/netty-codec-socks/4.1.30.Final/netty-codec-socks-4.1.30.Final.jar:/home/user/.m2/repository/io/netty/netty-transport-native-epoll/4.1.30.Final/netty-transport-native-epoll-4.1.30.Final.jar:/home/user/.m2/repository/io/netty/netty-common/4.1.30.Final/netty-common-4.1.30.Final.jar:/home/user/.m2/repository/io/netty/netty-buffer/4.1.30.Final/netty-buffer-4.1.30.Final.jar:/home/user/.m2/repository/io/netty/netty-transport/4.1.30.Final/netty-transport-4.1.30.Final.jar:/home/user/.m2/repository/io/netty/netty-resolver/4.1.30.Final/netty-resolver-4.1.30.Final.jar:/home/user/.m2/repository/io/netty/netty-transport-native-unix-common/4.1.30.Final/netty-transport-native-unix-common-4.1.30.Final.jar:/home/user/.m2/repository/io/grpc/grpc-protobuf/1.17.1/grpc-protobuf-1.17.1.jar:/home/user/.m2/repository/com/google/api/grpc/proto-google-common-protos/1.0.0/proto-google-common-protos-1.0.0.jar:/home/user/.m2/repository/io/grpc/grpc-protobuf-lite/1.17.1/grpc-protobuf-lite-1.17.1.jar:/home/user/.m2/repository/io/grpc/grpc-stub/1.17.1/grpc-stub-1.17.1.jar:/home/user/.m2/repository/org/apache/hadoop/hadoop-ozone-recon/0.5.0-SNAPSHOT/hadoop-ozone-recon-0.5.0-SNAPSHOT.jar:/home/user/.m2/repository/org/apache/hadoop/hadoop-ozone-reconcodegen/0.5.0-SNAPSHOT/hadoop-ozone-reconcodegen-0.5.0-SNAPSHOT.jar:/home/user/.m2/repository/com/google/inject/extensions/guice-multibindings/4.0/guice-multibindings-4.0.jar:/home/user/.m2/repository/com/google/inject/guice/4.0/guice-4.0.jar:/home/user/.m2/repository/aopalliance/aopalliance/1.0/aopalliance-1.0.jar:/home/user/.m2/repository/com/google/inject/extensions/guice-servlet/4.0/guice-servlet-4.0.jar:/home/user/.m2/repository/org/glassfish/jersey/containers/jersey-container-servlet/2.27/jersey-container-servlet-2.27.jar:/home/user/.m2/repository/org/glassfish/hk2/guice-bridge/2.5.0/guice-bridge-2.5.0.jar:/home/user/.m2/repository/org/glassfish/jersey/core/jersey-server/2.27/jersey-server-2.27.jar:/home/user/.m2/repository/org/glassfish/jersey/core/jersey-client/2.27/jersey-client-2.27.jar:/home/user/.m2/repository/org/glassfish/jersey/media/jersey-media-jaxb/2.27/jersey-media-jaxb-2.27.jar:/home/user/.m2/repository/javax/validation/validation-api/1.1.0.Final/validation-api-1.1.0.Final.jar:/home/user/.m2/repository/org/glassfish/jersey/media/jersey-media-json-jackson/2.27/jersey-media-json-jackson-2.27.jar:/home/user/.m2/repository/org/glassfish/jersey/ext/jersey-entity-filtering/2.27/jersey-entity-filtering-2.27.jar:/home/user/.m2/repository/com/google/inject/extensions/guice-assistedinject/4.0/guice-assistedinject-4.0.jar:/home/user/.m2/repository/org/jooq/jooq/3.11.10/jooq-3.11.10.jar:/home/user/.m2/repository/org/jooq/jooq-meta/3.11.10/jooq-meta-3.11.10.jar:/home/user/.m2/repository/org/jooq/jooq-codegen/3.11.10/jooq-codegen-3.11.10.jar:/home/user/.m2/repository/com/jolbox/bonecp/0.8.0.RELEASE/bonecp-0.8.0.RELEASE.jar:/home/user/.m2/repository/org/xerial/sqlite-jdbc/3.25.2/sqlite-jdbc-3.25.2.jar:/home/user/.m2/repository/org/springframework/spring-jdbc/5.1.3.RELEASE/spring-jdbc-5.1.3.RELEASE.jar:/home/user/.m2/repository/org/springframework/spring-beans/5.1.3.RELEASE/spring-beans-5.1.3.RELEASE.jar:/home/user/.m2/repository/org/springframework/spring-core/5.1.3.RELEASE/spring-core-5.1.3.RELEASE.jar:/home/user/.m2/repository/org/springframework/spring-jcl/5.1.3.RELEASE/spring-jcl-5.1.3.RELEASE.jar:/home/user/.m2/repository/org/springframework/spring-tx/5.1.3.RELEASE/spring-tx-5.1.3.RELEASE.jar:/home/user/.m2/repository/org/apache/hadoop/hadoop-ozone-client/0.5.0-SNAPSHOT/hadoop-ozone-client-0.5.0-SNAPSHOT.jar:/home/user/.m2/repository/commons-lang/commons-lang/2.6/commons-lang-2.6.jar:/home/user/.m2/repository/org/apache/hadoop/hadoop-ozone-ozone-manager/0.5.0-SNAPSHOT/hadoop-ozone-ozone-manager-0.5.0-SNAPSHOT-tests.jar:/home/user/.m2/repository/junit/junit/4.11/junit-4.11.jar:/home/user/.m2/repository/org/hamcrest/hamcrest-core/1.3/hamcrest-core-1.3.jar:/home/user/.m2/repository/org/openjdk/jmh/jmh-core/1.19/jmh-core-1.19.jar:/home/user/.m2/repository/net/sf/jopt-simple/jopt-simple/4.6/jopt-simple-4.6.jar:/home/user/.m2/repository/org/apache/commons/commons-math3/3.1.1/commons-math3-3.1.1.jar:/home/user/.m2/repository/org/openjdk/jmh/jmh-generator-annprocess/1.19/jmh-generator-annprocess-1.19.jar:/home/user/.m2/repository/org/mockito/mockito-all/1.8.5/mockito-all-1.8.5.jar:/home/user/.m2/repository/org/apache/hadoop/hadoop-kms/3.2.0/hadoop-kms-3.2.0.jar:/home/user/.m2/repository/org/apache/hadoop/hadoop-auth/3.2.0/hadoop-auth-3.2.0.jar:/home/user/.m2/repository/com/nimbusds/nimbus-jose-jwt/4.41.1/nimbus-jose-jwt-4.41.1.jar:/home/user/.m2/repository/com/github/stephenc/jcip/jcip-annotations/1.0-1/jcip-annotations-1.0-1.jar:/home/user/.m2/repository/net/minidev/json-smart/2.3/json-smart-2.3.jar:/home/user/.m2/repository/net/minidev/accessors-smart/1.2/accessors-smart-1.2.jar:/home/user/.m2/repository/org/ow2/asm/asm/5.0.4/asm-5.0.4.jar:/home/user/.m2/repository/org/apache/curator/curator-framework/2.12.0/curator-framework-2.12.0.jar:/home/user/.m2/repository/com/sun/jersey/jersey-core/1.19/jersey-core-1.19.jar:/home/user/.m2/repository/javax/ws/rs/jsr311-api/1.1.1/jsr311-api-1.1.1.jar:/home/user/.m2/repository/com/sun/jersey/jersey-server/1.19/jersey-server-1.19.jar:/home/user/.m2/repository/javax/servlet/javax.servlet-api/3.1.0/javax.servlet-api-3.1.0.jar:/home/user/.m2/repository/org/eclipse/jetty/jetty-server/9.3.25.v20180904/jetty-server-9.3.25.v20180904.jar:/home/user/.m2/repository/org/eclipse/jetty/jetty-http/9.3.25.v20180904/jetty-http-9.3.25.v20180904.jar:/home/user/.m2/repository/org/eclipse/jetty/jetty-io/9.3.25.v20180904/jetty-io-9.3.25.v20180904.jar:/home/user/.m2/repository/org/eclipse/jetty/jetty-webapp/9.3.25.v20180904/jetty-webapp-9.3.25.v20180904.jar:/home/user/.m2/repository/org/eclipse/jetty/jetty-xml/9.3.25.v20180904/jetty-xml-9.3.25.v20180904.jar:/home/user/.m2/repository/log4j/log4j/1.2.17/log4j-1.2.17.jar:/home/user/.m2/repository/org/slf4j/slf4j-api/1.7.25/slf4j-api-1.7.25.jar:/home/user/.m2/repository/org/slf4j/jul-to-slf4j/1.7.25/jul-to-slf4j-1.7.25.jar:/home/user/.m2/repository/org/eclipse/jetty/jetty-util/9.3.25.v20180904/jetty-util-9.3.25.v20180904.jar:/home/user/.m2/repository/com/fasterxml/jackson/core/jackson-databind/2.9.9/jackson-databind-2.9.9.jar:/home/user/.m2/repository/org/apache/hadoop/hadoop-kms/3.2.0/hadoop-kms-3.2.0-tests.jar:/home/user/.m2/repository/org/apache/hadoop/hadoop-hdds-server-scm/0.5.0-SNAPSHOT/hadoop-hdds-server-scm-0.5.0-SNAPSHOT-tests.jar:/home/user/.m2/repository/org/apache/hadoop/hadoop-hdds-container-service/0.5.0-SNAPSHOT/hadoop-hdds-container-service-0.5.0-SNAPSHOT-tests.jar:/home/user/.m2/repository/org/yaml/snakeyaml/1.16/snakeyaml-1.16.jar:/home/user/.m2/repository/org/apache/hadoop/hadoop-common/3.2.0/hadoop-common-3.2.0-tests.jar:/home/user/.m2/repository/org/apache/hadoop/hadoop-annotations/3.2.0/hadoop-annotations-3.2.0.jar:/usr/lib/jvm/java-1.8-openjdk/jre/../lib/tools.jar:/home/user/.m2/repository/commons-cli/commons-cli/1.2/commons-cli-1.2.jar:/home/user/.m2/repository/org/apache/httpcomponents/httpclient/4.5.2/httpclient-4.5.2.jar:/home/user/.m2/repository/org/apache/httpcomponents/httpcore/4.4.4/httpcore-4.4.4.jar:/home/user/.m2/repository/commons-codec/commons-codec/1.11/commons-codec-1.11.jar:/home/user/.m2/repository/commons-net/commons-net/3.6/commons-net-3.6.jar:/home/user/.m2/repository/commons-collections/commons-collections/3.2.2/commons-collections-3.2.2.jar:/home/user/.m2/repository/org/eclipse/jetty/jetty-servlet/9.3.25.v20180904/jetty-servlet-9.3.25.v20180904.jar:/home/user/.m2/repository/org/eclipse/jetty/jetty-security/9.3.25.v20180904/jetty-security-9.3.25.v20180904.jar:/home/user/.m2/repository/javax/servlet/jsp/jsp-api/2.1/jsp-api-2.1.jar:/home/user/.m2/repository/com/sun/jersey/jersey-servlet/1.19/jersey-servlet-1.19.jar:/home/user/.m2/repository/com/sun/jersey/jersey-json/1.19/jersey-json-1.19.jar:/home/user/.m2/repository/org/codehaus/jettison/jettison/1.1/jettison-1.1.jar:/home/user/.m2/repository/org/codehaus/jackson/jackson-core-asl/1.9.13/jackson-core-asl-1.9.13.jar:/home/user/.m2/repository/org/codehaus/jackson/jackson-mapper-asl/1.9.13/jackson-mapper-asl-1.9.13.jar:/home/user/.m2/repository/org/codehaus/jackson/jackson-jaxrs/1.9.13/jackson-jaxrs-1.9.13.jar:/home/user/.m2/repository/org/codehaus/jackson/jackson-xc/1.9.13/jackson-xc-1.9.13.jar:/home/user/.m2/repository/commons-logging/commons-logging/1.1.3/commons-logging-1.1.3.jar:/home/user/.m2/repository/commons-beanutils/commons-beanutils/1.9.4/commons-beanutils-1.9.4.jar:/home/user/.m2/repository/org/apache/commons/commons-configuration2/2.1.1/commons-configuration2-2.1.1.jar:/home/user/.m2/repository/org/apache/commons/commons-lang3/3.7/commons-lang3-3.7.jar:/home/user/.m2/repository/org/apache/commons/commons-text/1.4/commons-text-1.4.jar:/home/user/.m2/repository/org/apache/avro/avro/1.7.7/avro-1.7.7.jar:/home/user/.m2/repository/com/thoughtworks/paranamer/paranamer/2.3/paranamer-2.3.jar:/home/user/.m2/repository/org/xerial/snappy/snappy-java/1.0.5/snappy-java-1.0.5.jar:/home/user/.m2/repository/com/google/re2j/re2j/1.1/re2j-1.1.jar:/home/user/.m2/repository/com/google/code/gson/gson/2.2.4/gson-2.2.4.jar:/home/user/.m2/repository/com/jcraft/jsch/0.1.54/jsch-0.1.54.jar:/home/user/.m2/repository/org/apache/curator/curator-client/2.12.0/curator-client-2.12.0.jar:/home/user/.m2/repository/org/apache/curator/curator-recipes/2.12.0/curator-recipes-2.12.0.jar:/home/user/.m2/repository/com/google/code/findbugs/jsr305/3.0.0/jsr305-3.0.0.jar:/home/user/.m2/repository/org/apache/htrace/htrace-core4/4.1.0-incubating/htrace-core4-4.1.0-incubating.jar:/home/user/.m2/repository/org/apache/zookeeper/zookeeper/3.4.13/zookeeper-3.4.13.jar:/home/user/.m2/repository/jline/jline/0.9.94/jline-0.9.94.jar:/home/user/.m2/repository/org/apache/yetus/audience-annotations/0.5.0/audience-annotations-0.5.0.jar:/home/user/.m2/repository/org/codehaus/woodstox/stax2-api/3.1.4/stax2-api-3.1.4.jar:/home/user/.m2/repository/com/fasterxml/woodstox/woodstox-core/5.0.3/woodstox-core-5.0.3.jar:/home/user/.m2/repository/dnsjava/dnsjava/2.1.7/dnsjava-2.1.7.jar:/home/user/.m2/repository/org/apache/hadoop/hadoop-hdfs/3.2.0/hadoop-hdfs-3.2.0-tests.jar:/home/user/.m2/repository/org/eclipse/jetty/jetty-util-ajax/9.3.25.v20180904/jetty-util-ajax-9.3.25.v20180904.jar:/home/user/.m2/repository/commons-daemon/commons-daemon/1.0.13/commons-daemon-1.0.13.jar:/home/user/.m2/repository/io/netty/netty/3.10.5.Final/netty-3.10.5.Final.jar:/home/user/.m2/repository/io/netty/netty-all/4.0.52.Final/netty-all-4.0.52.Final.jar:/home/user/.m2/repository/org/fusesource/leveldbjni/leveldbjni-all/1.8/leveldbjni-all-1.8.jar:"/>
    <property name="java.vm.vendor" value="IcedTea"/>
    <property name="sun.arch.data.model" value="64"/>
    <property name="test.build.dir" value="/workdir/hadoop-ozone/integration-test/target/test-dir"/>
    <property name="test.cache.data" value=""/>
    <property name="java.vendor.url" value="https://icedtea.classpath.org"/>
    <property name="user.timezone" value=""/>
    <property name="java.vm.specification.version" value="1.8"/>
    <property name="os.name" value="Linux"/>
    <property name="test.build.data" value="/workdir/hadoop-ozone/integration-test/target/test-dir"/>
    <property name="user.country" value="US"/>
    <property name="sun.java.launcher" value="SUN_STANDARD"/>
    <property name="sun.boot.library.path" value="/usr/lib/jvm/java-1.8-openjdk/jre/lib/amd64"/>
    <property name="sun.java.command" value="/workdir/hadoop-ozone/integration-test/target/surefire/surefirebooter6383610546221467875.jar /workdir/hadoop-ozone/integration-test/target/surefire 2019-10-14T12-20-40_645-jvmRun1 surefire8731926834642432498tmp surefire_777420389870819850635tmp"/>
    <property name="test" value="!TestMiniChaosOzoneCluster"/>
    <property name="surefire.test.class.path" value="/workdir/hadoop-ozone/integration-test/target/test-classes:/workdir/hadoop-ozone/integration-test/target/classes:/home/user/.m2/repository/org/apache/hadoop/hadoop-ozone-common/0.5.0-SNAPSHOT/hadoop-ozone-common-0.5.0-SNAPSHOT.jar:/home/user/.m2/repository/org/apache/commons/commons-compress/1.4.1/commons-compress-1.4.1.jar:/home/user/.m2/repository/org/tukaani/xz/1.0/xz-1.0.jar:/home/user/.m2/repository/org/apache/hadoop/hadoop-common/3.2.0/hadoop-common-3.2.0.jar:/home/user/.m2/repository/org/apache/hadoop/hadoop-hdfs/3.2.0/hadoop-hdfs-3.2.0.jar:/home/user/.m2/repository/org/apache/hadoop/hadoop-hdfs-client/3.2.0/hadoop-hdfs-client-3.2.0.jar:/home/user/.m2/repository/com/fasterxml/jackson/core/jackson-annotations/2.9.9/jackson-annotations-2.9.9.jar:/home/user/.m2/repository/org/apache/hadoop/hadoop-hdds-common/0.5.0-SNAPSHOT/hadoop-hdds-common-0.5.0-SNAPSHOT.jar:/home/user/.m2/repository/javax/annotation/javax.annotation-api/1.2/javax.annotation-api-1.2.jar:/home/user/.m2/repository/org/apache/ratis/ratis-server/0.5.0-201fc85-SNAPSHOT/ratis-server-0.5.0-201fc85-SNAPSHOT.jar:/home/user/.m2/repository/org/apache/ratis/ratis-thirdparty-misc/0.2.0/ratis-thirdparty-misc-0.2.0.jar:/home/user/.m2/repository/org/apache/ratis/ratis-proto/0.5.0-201fc85-SNAPSHOT/ratis-proto-0.5.0-201fc85-SNAPSHOT.jar:/home/user/.m2/repository/org/apache/ratis/ratis-common/0.5.0-201fc85-SNAPSHOT/ratis-common-0.5.0-201fc85-SNAPSHOT.jar:/home/user/.m2/repository/org/apache/ratis/ratis-client/0.5.0-201fc85-SNAPSHOT/ratis-client-0.5.0-201fc85-SNAPSHOT.jar:/home/user/.m2/repository/org/apache/ratis/ratis-metrics/0.5.0-201fc85-SNAPSHOT/ratis-metrics-0.5.0-201fc85-SNAPSHOT.jar:/home/user/.m2/repository/com/github/joshelser/dropwizard-metrics-hadoop-metrics2-reporter/0.1.2/dropwizard-metrics-hadoop-metrics2-reporter-0.1.2.jar:/home/user/.m2/repository/io/dropwizard/metrics/metrics-jvm/3.2.5/metrics-jvm-3.2.5.jar:/home/user/.m2/repository/io/dropwizard/metrics/metrics-ganglia/3.2.5/metrics-ganglia-3.2.5.jar:/home/user/.m2/repository/info/ganglia/gmetric4j/gmetric4j/1.0.7/gmetric4j-1.0.7.jar:/home/user/.m2/repository/org/apache/ratis/ratis-netty/0.5.0-201fc85-SNAPSHOT/ratis-netty-0.5.0-201fc85-SNAPSHOT.jar:/home/user/.m2/repository/org/apache/ratis/ratis-grpc/0.5.0-201fc85-SNAPSHOT/ratis-grpc-0.5.0-201fc85-SNAPSHOT.jar:/home/user/.m2/repository/org/rocksdb/rocksdbjni/6.0.1/rocksdbjni-6.0.1.jar:/home/user/.m2/repository/org/apache/logging/log4j/log4j-api/2.11.0/log4j-api-2.11.0.jar:/home/user/.m2/repository/org/apache/logging/log4j/log4j-core/2.11.0/log4j-core-2.11.0.jar:/home/user/.m2/repository/com/lmax/disruptor/3.4.2/disruptor-3.4.2.jar:/home/user/.m2/repository/org/apache/commons/commons-pool2/2.6.0/commons-pool2-2.6.0.jar:/home/user/.m2/repository/org/bouncycastle/bcpkix-jdk15on/1.60/bcpkix-jdk15on-1.60.jar:/home/user/.m2/repository/commons-validator/commons-validator/1.6/commons-validator-1.6.jar:/home/user/.m2/repository/commons-digester/commons-digester/1.8.1/commons-digester-1.8.1.jar:/home/user/.m2/repository/io/jaegertracing/jaeger-client/0.34.0/jaeger-client-0.34.0.jar:/home/user/.m2/repository/io/jaegertracing/jaeger-thrift/0.34.0/jaeger-thrift-0.34.0.jar:/home/user/.m2/repository/org/apache/thrift/libthrift/0.12.0/libthrift-0.12.0.jar:/home/user/.m2/repository/com/squareup/okhttp3/okhttp/3.9.0/okhttp-3.9.0.jar:/home/user/.m2/repository/com/squareup/okio/okio/1.13.0/okio-1.13.0.jar:/home/user/.m2/repository/io/jaegertracing/jaeger-core/0.34.0/jaeger-core-0.34.0.jar:/home/user/.m2/repository/io/jaegertracing/jaeger-tracerresolver/0.34.0/jaeger-tracerresolver-0.34.0.jar:/home/user/.m2/repository/io/opentracing/contrib/opentracing-tracerresolver/0.1.5/opentracing-tracerresolver-0.1.5.jar:/home/user/.m2/repository/io/opentracing/opentracing-util/0.31.0/opentracing-util-0.31.0.jar:/home/user/.m2/repository/io/opentracing/opentracing-api/0.31.0/opentracing-api-0.31.0.jar:/home/user/.m2/repository/io/opentracing/opentracing-noop/0.31.0/opentracing-noop-0.31.0.jar:/home/user/.m2/repository/org/apache/hadoop/hadoop-hdds-server-framework/0.5.0-SNAPSHOT/hadoop-hdds-server-framework-0.5.0-SNAPSHOT.jar:/home/user/.m2/repository/org/apache/hadoop/hadoop-hdds-container-service/0.5.0-SNAPSHOT/hadoop-hdds-container-service-0.5.0-SNAPSHOT.jar:/home/user/.m2/repository/org/apache/hadoop/hadoop-hdds-client/0.5.0-SNAPSHOT/hadoop-hdds-client-0.5.0-SNAPSHOT.jar:/home/user/.m2/repository/org/apache/hadoop/hadoop-hdds-tools/0.5.0-SNAPSHOT/hadoop-hdds-tools-0.5.0-SNAPSHOT.jar:/home/user/.m2/repository/org/apache/hadoop/hadoop-hdds-server-scm/0.5.0-SNAPSHOT/hadoop-hdds-server-scm-0.5.0-SNAPSHOT.jar:/home/user/.m2/repository/org/apache/hadoop/hadoop-hdds-docs/0.5.0-SNAPSHOT/hadoop-hdds-docs-0.5.0-SNAPSHOT.jar:/home/user/.m2/repository/io/dropwizard/metrics/metrics-core/3.2.4/metrics-core-3.2.4.jar:/home/user/.m2/repository/org/hamcrest/hamcrest-all/1.3/hamcrest-all-1.3.jar:/home/user/.m2/repository/org/bouncycastle/bcprov-jdk15on/1.60/bcprov-jdk15on-1.60.jar:/home/user/.m2/repository/info/picocli/picocli/3.9.6/picocli-3.9.6.jar:/home/user/.m2/repository/com/google/protobuf/protobuf-java/2.5.0/protobuf-java-2.5.0.jar:/home/user/.m2/repository/com/google/guava/guava/11.0.2/guava-11.0.2.jar:/home/user/.m2/repository/org/apache/hadoop/hadoop-ozone-ozone-manager/0.5.0-SNAPSHOT/hadoop-ozone-ozone-manager-0.5.0-SNAPSHOT.jar:/home/user/.m2/repository/org/apache/hadoop/hadoop-minikdc/3.2.0/hadoop-minikdc-3.2.0.jar:/home/user/.m2/repository/commons-io/commons-io/2.5/commons-io-2.5.jar:/home/user/.m2/repository/org/apache/kerby/kerb-simplekdc/1.0.1/kerb-simplekdc-1.0.1.jar:/home/user/.m2/repository/org/apache/kerby/kerb-client/1.0.1/kerb-client-1.0.1.jar:/home/user/.m2/repository/org/apache/kerby/kerby-config/1.0.1/kerby-config-1.0.1.jar:/home/user/.m2/repository/org/apache/kerby/kerb-core/1.0.1/kerb-core-1.0.1.jar:/home/user/.m2/repository/org/apache/kerby/kerby-pkix/1.0.1/kerby-pkix-1.0.1.jar:/home/user/.m2/repository/org/apache/kerby/kerby-asn1/1.0.1/kerby-asn1-1.0.1.jar:/home/user/.m2/repository/org/apache/kerby/kerby-util/1.0.1/kerby-util-1.0.1.jar:/home/user/.m2/repository/org/apache/kerby/kerb-common/1.0.1/kerb-common-1.0.1.jar:/home/user/.m2/repository/org/apache/kerby/kerb-crypto/1.0.1/kerb-crypto-1.0.1.jar:/home/user/.m2/repository/org/apache/kerby/kerb-util/1.0.1/kerb-util-1.0.1.jar:/home/user/.m2/repository/org/apache/kerby/token-provider/1.0.1/token-provider-1.0.1.jar:/home/user/.m2/repository/org/apache/kerby/kerb-admin/1.0.1/kerb-admin-1.0.1.jar:/home/user/.m2/repository/org/apache/kerby/kerb-server/1.0.1/kerb-server-1.0.1.jar:/home/user/.m2/repository/org/apache/kerby/kerb-identity/1.0.1/kerb-identity-1.0.1.jar:/home/user/.m2/repository/org/apache/kerby/kerby-xdr/1.0.1/kerby-xdr-1.0.1.jar:/home/user/.m2/repository/org/slf4j/slf4j-log4j12/1.7.25/slf4j-log4j12-1.7.25.jar:/home/user/.m2/repository/org/apache/hadoop/hadoop-ozone-s3gateway/0.5.0-SNAPSHOT/hadoop-ozone-s3gateway-0.5.0-SNAPSHOT.jar:/home/user/.m2/repository/org/jboss/weld/servlet/weld-servlet/2.4.7.Final/weld-servlet-2.4.7.Final.jar:/home/user/.m2/repository/org/glassfish/jersey/containers/jersey-container-servlet-core/2.27/jersey-container-servlet-core-2.27.jar:/home/user/.m2/repository/org/glassfish/hk2/external/javax.inject/2.5.0-b42/javax.inject-2.5.0-b42.jar:/home/user/.m2/repository/org/glassfish/jersey/core/jersey-common/2.27/jersey-common-2.27.jar:/home/user/.m2/repository/org/glassfish/hk2/osgi-resource-locator/1.0.1/osgi-resource-locator-1.0.1.jar:/home/user/.m2/repository/javax/ws/rs/javax.ws.rs-api/2.1/javax.ws.rs-api-2.1.jar:/home/user/.m2/repository/org/glassfish/jersey/ext/cdi/jersey-cdi1x/2.27/jersey-cdi1x-2.27.jar:/home/user/.m2/repository/org/glassfish/jersey/inject/jersey-hk2/2.27/jersey-hk2-2.27.jar:/home/user/.m2/repository/org/glassfish/hk2/hk2-locator/2.5.0-b42/hk2-locator-2.5.0-b42.jar:/home/user/.m2/repository/org/javassist/javassist/3.22.0-CR2/javassist-3.22.0-CR2.jar:/home/user/.m2/repository/org/glassfish/hk2/hk2-api/2.5.0/hk2-api-2.5.0.jar:/home/user/.m2/repository/org/glassfish/hk2/external/jakarta.inject/2.5.0/jakarta.inject-2.5.0.jar:/home/user/.m2/repository/org/glassfish/hk2/hk2-utils/2.5.0/hk2-utils-2.5.0.jar:/home/user/.m2/repository/jakarta/annotation/jakarta.annotation-api/1.3.4/jakarta.annotation-api-1.3.4.jar:/home/user/.m2/repository/org/glassfish/hk2/external/aopalliance-repackaged/2.5.0/aopalliance-repackaged-2.5.0.jar:/home/user/.m2/repository/com/fasterxml/jackson/dataformat/jackson-dataformat-xml/2.9.0/jackson-dataformat-xml-2.9.0.jar:/home/user/.m2/repository/com/fasterxml/jackson/core/jackson-core/2.9.9/jackson-core-2.9.9.jar:/home/user/.m2/repository/com/fasterxml/jackson/module/jackson-module-jaxb-annotations/2.9.9/jackson-module-jaxb-annotations-2.9.9.jar:/home/user/.m2/repository/javax/enterprise/cdi-api/1.2/cdi-api-1.2.jar:/home/user/.m2/repository/javax/el/javax.el-api/3.0.0/javax.el-api-3.0.0.jar:/home/user/.m2/repository/javax/interceptor/javax.interceptor-api/1.2/javax.interceptor-api-1.2.jar:/home/user/.m2/repository/javax/inject/javax.inject/1/javax.inject-1.jar:/home/user/.m2/repository/com/sun/xml/bind/jaxb-impl/2.3.0.1/jaxb-impl-2.3.0.1.jar:/home/user/.m2/repository/com/sun/xml/bind/jaxb-core/2.3.0.1/jaxb-core-2.3.0.1.jar:/home/user/.m2/repository/javax/xml/bind/jaxb-api/2.3.0/jaxb-api-2.3.0.jar:/home/user/.m2/repository/javax/activation/activation/1.1.1/activation-1.1.1.jar:/home/user/.m2/repository/org/apache/hadoop/hadoop-ozone-csi/0.5.0-SNAPSHOT/hadoop-ozone-csi-0.5.0-SNAPSHOT.jar:/home/user/.m2/repository/com/google/protobuf/protobuf-java-util/3.5.1/protobuf-java-util-3.5.1.jar:/home/user/.m2/repository/org/apache/hadoop/hadoop-hdds-config/0.5.0-SNAPSHOT/hadoop-hdds-config-0.5.0-SNAPSHOT.jar:/home/user/.m2/repository/io/grpc/grpc-netty/1.17.1/grpc-netty-1.17.1.jar:/home/user/.m2/repository/io/grpc/grpc-core/1.17.1/grpc-core-1.17.1.jar:/home/user/.m2/repository/io/grpc/grpc-context/1.17.1/grpc-context-1.17.1.jar:/home/user/.m2/repository/com/google/errorprone/error_prone_annotations/2.2.0/error_prone_annotations-2.2.0.jar:/home/user/.m2/repository/org/codehaus/mojo/animal-sniffer-annotations/1.17/animal-sniffer-annotations-1.17.jar:/home/user/.m2/repository/io/opencensus/opencensus-api/0.17.0/opencensus-api-0.17.0.jar:/home/user/.m2/repository/io/opencensus/opencensus-contrib-grpc-metrics/0.17.0/opencensus-contrib-grpc-metrics-0.17.0.jar:/home/user/.m2/repository/io/netty/netty-codec-http2/4.1.30.Final/netty-codec-http2-4.1.30.Final.jar:/home/user/.m2/repository/io/netty/netty-codec-http/4.1.30.Final/netty-codec-http-4.1.30.Final.jar:/home/user/.m2/repository/io/netty/netty-codec/4.1.30.Final/netty-codec-4.1.30.Final.jar:/home/user/.m2/repository/io/netty/netty-handler/4.1.30.Final/netty-handler-4.1.30.Final.jar:/home/user/.m2/repository/io/netty/netty-handler-proxy/4.1.30.Final/netty-handler-proxy-4.1.30.Final.jar:/home/user/.m2/repository/io/netty/netty-codec-socks/4.1.30.Final/netty-codec-socks-4.1.30.Final.jar:/home/user/.m2/repository/io/netty/netty-transport-native-epoll/4.1.30.Final/netty-transport-native-epoll-4.1.30.Final.jar:/home/user/.m2/repository/io/netty/netty-common/4.1.30.Final/netty-common-4.1.30.Final.jar:/home/user/.m2/repository/io/netty/netty-buffer/4.1.30.Final/netty-buffer-4.1.30.Final.jar:/home/user/.m2/repository/io/netty/netty-transport/4.1.30.Final/netty-transport-4.1.30.Final.jar:/home/user/.m2/repository/io/netty/netty-resolver/4.1.30.Final/netty-resolver-4.1.30.Final.jar:/home/user/.m2/repository/io/netty/netty-transport-native-unix-common/4.1.30.Final/netty-transport-native-unix-common-4.1.30.Final.jar:/home/user/.m2/repository/io/grpc/grpc-protobuf/1.17.1/grpc-protobuf-1.17.1.jar:/home/user/.m2/repository/com/google/api/grpc/proto-google-common-protos/1.0.0/proto-google-common-protos-1.0.0.jar:/home/user/.m2/repository/io/grpc/grpc-protobuf-lite/1.17.1/grpc-protobuf-lite-1.17.1.jar:/home/user/.m2/repository/io/grpc/grpc-stub/1.17.1/grpc-stub-1.17.1.jar:/home/user/.m2/repository/org/apache/hadoop/hadoop-ozone-recon/0.5.0-SNAPSHOT/hadoop-ozone-recon-0.5.0-SNAPSHOT.jar:/home/user/.m2/repository/org/apache/hadoop/hadoop-ozone-reconcodegen/0.5.0-SNAPSHOT/hadoop-ozone-reconcodegen-0.5.0-SNAPSHOT.jar:/home/user/.m2/repository/com/google/inject/extensions/guice-multibindings/4.0/guice-multibindings-4.0.jar:/home/user/.m2/repository/com/google/inject/guice/4.0/guice-4.0.jar:/home/user/.m2/repository/aopalliance/aopalliance/1.0/aopalliance-1.0.jar:/home/user/.m2/repository/com/google/inject/extensions/guice-servlet/4.0/guice-servlet-4.0.jar:/home/user/.m2/repository/org/glassfish/jersey/containers/jersey-container-servlet/2.27/jersey-container-servlet-2.27.jar:/home/user/.m2/repository/org/glassfish/hk2/guice-bridge/2.5.0/guice-bridge-2.5.0.jar:/home/user/.m2/repository/org/glassfish/jersey/core/jersey-server/2.27/jersey-server-2.27.jar:/home/user/.m2/repository/org/glassfish/jersey/core/jersey-client/2.27/jersey-client-2.27.jar:/home/user/.m2/repository/org/glassfish/jersey/media/jersey-media-jaxb/2.27/jersey-media-jaxb-2.27.jar:/home/user/.m2/repository/javax/validation/validation-api/1.1.0.Final/validation-api-1.1.0.Final.jar:/home/user/.m2/repository/org/glassfish/jersey/media/jersey-media-json-jackson/2.27/jersey-media-json-jackson-2.27.jar:/home/user/.m2/repository/org/glassfish/jersey/ext/jersey-entity-filtering/2.27/jersey-entity-filtering-2.27.jar:/home/user/.m2/repository/com/google/inject/extensions/guice-assistedinject/4.0/guice-assistedinject-4.0.jar:/home/user/.m2/repository/org/jooq/jooq/3.11.10/jooq-3.11.10.jar:/home/user/.m2/repository/org/jooq/jooq-meta/3.11.10/jooq-meta-3.11.10.jar:/home/user/.m2/repository/org/jooq/jooq-codegen/3.11.10/jooq-codegen-3.11.10.jar:/home/user/.m2/repository/com/jolbox/bonecp/0.8.0.RELEASE/bonecp-0.8.0.RELEASE.jar:/home/user/.m2/repository/org/xerial/sqlite-jdbc/3.25.2/sqlite-jdbc-3.25.2.jar:/home/user/.m2/repository/org/springframework/spring-jdbc/5.1.3.RELEASE/spring-jdbc-5.1.3.RELEASE.jar:/home/user/.m2/repository/org/springframework/spring-beans/5.1.3.RELEASE/spring-beans-5.1.3.RELEASE.jar:/home/user/.m2/repository/org/springframework/spring-core/5.1.3.RELEASE/spring-core-5.1.3.RELEASE.jar:/home/user/.m2/repository/org/springframework/spring-jcl/5.1.3.RELEASE/spring-jcl-5.1.3.RELEASE.jar:/home/user/.m2/repository/org/springframework/spring-tx/5.1.3.RELEASE/spring-tx-5.1.3.RELEASE.jar:/home/user/.m2/repository/org/apache/hadoop/hadoop-ozone-client/0.5.0-SNAPSHOT/hadoop-ozone-client-0.5.0-SNAPSHOT.jar:/home/user/.m2/repository/commons-lang/commons-lang/2.6/commons-lang-2.6.jar:/home/user/.m2/repository/org/apache/hadoop/hadoop-ozone-ozone-manager/0.5.0-SNAPSHOT/hadoop-ozone-ozone-manager-0.5.0-SNAPSHOT-tests.jar:/home/user/.m2/repository/junit/junit/4.11/junit-4.11.jar:/home/user/.m2/repository/org/hamcrest/hamcrest-core/1.3/hamcrest-core-1.3.jar:/home/user/.m2/repository/org/openjdk/jmh/jmh-core/1.19/jmh-core-1.19.jar:/home/user/.m2/repository/net/sf/jopt-simple/jopt-simple/4.6/jopt-simple-4.6.jar:/home/user/.m2/repository/org/apache/commons/commons-math3/3.1.1/commons-math3-3.1.1.jar:/home/user/.m2/repository/org/openjdk/jmh/jmh-generator-annprocess/1.19/jmh-generator-annprocess-1.19.jar:/home/user/.m2/repository/org/mockito/mockito-all/1.8.5/mockito-all-1.8.5.jar:/home/user/.m2/repository/org/apache/hadoop/hadoop-kms/3.2.0/hadoop-kms-3.2.0.jar:/home/user/.m2/repository/org/apache/hadoop/hadoop-auth/3.2.0/hadoop-auth-3.2.0.jar:/home/user/.m2/repository/com/nimbusds/nimbus-jose-jwt/4.41.1/nimbus-jose-jwt-4.41.1.jar:/home/user/.m2/repository/com/github/stephenc/jcip/jcip-annotations/1.0-1/jcip-annotations-1.0-1.jar:/home/user/.m2/repository/net/minidev/json-smart/2.3/json-smart-2.3.jar:/home/user/.m2/repository/net/minidev/accessors-smart/1.2/accessors-smart-1.2.jar:/home/user/.m2/repository/org/ow2/asm/asm/5.0.4/asm-5.0.4.jar:/home/user/.m2/repository/org/apache/curator/curator-framework/2.12.0/curator-framework-2.12.0.jar:/home/user/.m2/repository/com/sun/jersey/jersey-core/1.19/jersey-core-1.19.jar:/home/user/.m2/repository/javax/ws/rs/jsr311-api/1.1.1/jsr311-api-1.1.1.jar:/home/user/.m2/repository/com/sun/jersey/jersey-server/1.19/jersey-server-1.19.jar:/home/user/.m2/repository/javax/servlet/javax.servlet-api/3.1.0/javax.servlet-api-3.1.0.jar:/home/user/.m2/repository/org/eclipse/jetty/jetty-server/9.3.25.v20180904/jetty-server-9.3.25.v20180904.jar:/home/user/.m2/repository/org/eclipse/jetty/jetty-http/9.3.25.v20180904/jetty-http-9.3.25.v20180904.jar:/home/user/.m2/repository/org/eclipse/jetty/jetty-io/9.3.25.v20180904/jetty-io-9.3.25.v20180904.jar:/home/user/.m2/repository/org/eclipse/jetty/jetty-webapp/9.3.25.v20180904/jetty-webapp-9.3.25.v20180904.jar:/home/user/.m2/repository/org/eclipse/jetty/jetty-xml/9.3.25.v20180904/jetty-xml-9.3.25.v20180904.jar:/home/user/.m2/repository/log4j/log4j/1.2.17/log4j-1.2.17.jar:/home/user/.m2/repository/org/slf4j/slf4j-api/1.7.25/slf4j-api-1.7.25.jar:/home/user/.m2/repository/org/slf4j/jul-to-slf4j/1.7.25/jul-to-slf4j-1.7.25.jar:/home/user/.m2/repository/org/eclipse/jetty/jetty-util/9.3.25.v20180904/jetty-util-9.3.25.v20180904.jar:/home/user/.m2/repository/com/fasterxml/jackson/core/jackson-databind/2.9.9/jackson-databind-2.9.9.jar:/home/user/.m2/repository/org/apache/hadoop/hadoop-kms/3.2.0/hadoop-kms-3.2.0-tests.jar:/home/user/.m2/repository/org/apache/hadoop/hadoop-hdds-server-scm/0.5.0-SNAPSHOT/hadoop-hdds-server-scm-0.5.0-SNAPSHOT-tests.jar:/home/user/.m2/repository/org/apache/hadoop/hadoop-hdds-container-service/0.5.0-SNAPSHOT/hadoop-hdds-container-service-0.5.0-SNAPSHOT-tests.jar:/home/user/.m2/repository/org/yaml/snakeyaml/1.16/snakeyaml-1.16.jar:/home/user/.m2/repository/org/apache/hadoop/hadoop-common/3.2.0/hadoop-common-3.2.0-tests.jar:/home/user/.m2/repository/org/apache/hadoop/hadoop-annotations/3.2.0/hadoop-annotations-3.2.0.jar:/usr/lib/jvm/java-1.8-openjdk/jre/../lib/tools.jar:/home/user/.m2/repository/commons-cli/commons-cli/1.2/commons-cli-1.2.jar:/home/user/.m2/repository/org/apache/httpcomponents/httpclient/4.5.2/httpclient-4.5.2.jar:/home/user/.m2/repository/org/apache/httpcomponents/httpcore/4.4.4/httpcore-4.4.4.jar:/home/user/.m2/repository/commons-codec/commons-codec/1.11/commons-codec-1.11.jar:/home/user/.m2/repository/commons-net/commons-net/3.6/commons-net-3.6.jar:/home/user/.m2/repository/commons-collections/commons-collections/3.2.2/commons-collections-3.2.2.jar:/home/user/.m2/repository/org/eclipse/jetty/jetty-servlet/9.3.25.v20180904/jetty-servlet-9.3.25.v20180904.jar:/home/user/.m2/repository/org/eclipse/jetty/jetty-security/9.3.25.v20180904/jetty-security-9.3.25.v20180904.jar:/home/user/.m2/repository/javax/servlet/jsp/jsp-api/2.1/jsp-api-2.1.jar:/home/user/.m2/repository/com/sun/jersey/jersey-servlet/1.19/jersey-servlet-1.19.jar:/home/user/.m2/repository/com/sun/jersey/jersey-json/1.19/jersey-json-1.19.jar:/home/user/.m2/repository/org/codehaus/jettison/jettison/1.1/jettison-1.1.jar:/home/user/.m2/repository/org/codehaus/jackson/jackson-core-asl/1.9.13/jackson-core-asl-1.9.13.jar:/home/user/.m2/repository/org/codehaus/jackson/jackson-mapper-asl/1.9.13/jackson-mapper-asl-1.9.13.jar:/home/user/.m2/repository/org/codehaus/jackson/jackson-jaxrs/1.9.13/jackson-jaxrs-1.9.13.jar:/home/user/.m2/repository/org/codehaus/jackson/jackson-xc/1.9.13/jackson-xc-1.9.13.jar:/home/user/.m2/repository/commons-logging/commons-logging/1.1.3/commons-logging-1.1.3.jar:/home/user/.m2/repository/commons-beanutils/commons-beanutils/1.9.4/commons-beanutils-1.9.4.jar:/home/user/.m2/repository/org/apache/commons/commons-configuration2/2.1.1/commons-configuration2-2.1.1.jar:/home/user/.m2/repository/org/apache/commons/commons-lang3/3.7/commons-lang3-3.7.jar:/home/user/.m2/repository/org/apache/commons/commons-text/1.4/commons-text-1.4.jar:/home/user/.m2/repository/org/apache/avro/avro/1.7.7/avro-1.7.7.jar:/home/user/.m2/repository/com/thoughtworks/paranamer/paranamer/2.3/paranamer-2.3.jar:/home/user/.m2/repository/org/xerial/snappy/snappy-java/1.0.5/snappy-java-1.0.5.jar:/home/user/.m2/repository/com/google/re2j/re2j/1.1/re2j-1.1.jar:/home/user/.m2/repository/com/google/code/gson/gson/2.2.4/gson-2.2.4.jar:/home/user/.m2/repository/com/jcraft/jsch/0.1.54/jsch-0.1.54.jar:/home/user/.m2/repository/org/apache/curator/curator-client/2.12.0/curator-client-2.12.0.jar:/home/user/.m2/repository/org/apache/curator/curator-recipes/2.12.0/curator-recipes-2.12.0.jar:/home/user/.m2/repository/com/google/code/findbugs/jsr305/3.0.0/jsr305-3.0.0.jar:/home/user/.m2/repository/org/apache/htrace/htrace-core4/4.1.0-incubating/htrace-core4-4.1.0-incubating.jar:/home/user/.m2/repository/org/apache/zookeeper/zookeeper/3.4.13/zookeeper-3.4.13.jar:/home/user/.m2/repository/jline/jline/0.9.94/jline-0.9.94.jar:/home/user/.m2/repository/org/apache/yetus/audience-annotations/0.5.0/audience-annotations-0.5.0.jar:/home/user/.m2/repository/org/codehaus/woodstox/stax2-api/3.1.4/stax2-api-3.1.4.jar:/home/user/.m2/repository/com/fasterxml/woodstox/woodstox-core/5.0.3/woodstox-core-5.0.3.jar:/home/user/.m2/repository/dnsjava/dnsjava/2.1.7/dnsjava-2.1.7.jar:/home/user/.m2/repository/org/apache/hadoop/hadoop-hdfs/3.2.0/hadoop-hdfs-3.2.0-tests.jar:/home/user/.m2/repository/org/eclipse/jetty/jetty-util-ajax/9.3.25.v20180904/jetty-util-ajax-9.3.25.v20180904.jar:/home/user/.m2/repository/commons-daemon/commons-daemon/1.0.13/commons-daemon-1.0.13.jar:/home/user/.m2/repository/io/netty/netty/3.10.5.Final/netty-3.10.5.Final.jar:/home/user/.m2/repository/io/netty/netty-all/4.0.52.Final/netty-all-4.0.52.Final.jar:/home/user/.m2/repository/org/fusesource/leveldbjni/leveldbjni-all/1.8/leveldbjni-all-1.8.jar:"/>
    <property name="sun.cpu.endian" value="little"/>
    <property name="user.home" value="/home/user"/>
    <property name="user.language" value="en"/>
    <property name="java.specification.vendor" value="Oracle Corporation"/>
    <property name="java.home" value="/usr/lib/jvm/java-1.8-openjdk/jre"/>
    <property name="java.security.krb5.conf" value="/workdir/hadoop-ozone/integration-test/target/test-classes/krb5.conf"/>
    <property name="basedir" value="/workdir/hadoop-ozone/integration-test"/>
    <property name="file.separator" value="/"/>
    <property name="line.separator" value="&#10;"/>
    <property name="java.vm.specification.vendor" value="Oracle Corporation"/>
    <property name="java.specification.name" value="Java Platform API Specification"/>
    <property name="java.awt.graphicsenv" value="sun.awt.X11GraphicsEnvironment"/>
    <property name="surefire.real.class.path" value="/workdir/hadoop-ozone/integration-test/target/surefire/surefirebooter6383610546221467875.jar"/>
    <property name="hadoop.log.dir" value="/workdir/hadoop-ozone/integration-test/target/log"/>
    <property name="sun.boot.class.path" value="/usr/lib/jvm/java-1.8-openjdk/jre/lib/resources.jar:/usr/lib/jvm/java-1.8-openjdk/jre/lib/rt.jar:/usr/lib/jvm/java-1.8-openjdk/jre/lib/sunrsasign.jar:/usr/lib/jvm/java-1.8-openjdk/jre/lib/jsse.jar:/usr/lib/jvm/java-1.8-openjdk/jre/lib/jce.jar:/usr/lib/jvm/java-1.8-openjdk/jre/lib/charsets.jar:/usr/lib/jvm/java-1.8-openjdk/jre/lib/jfr.jar:/usr/lib/jvm/java-1.8-openjdk/jre/classes"/>
    <property name="sun.management.compiler" value="HotSpot 64-Bit Tiered Compilers"/>
    <property name="java.runtime.version" value="1.8.0_212-b04"/>
    <property name="java.net.preferIPv4Stack" value="true"/>
    <property name="user.name" value="jenkins1000"/>
    <property name="path.separator" value=":"/>
    <property name="java.security.egd" value="file:///dev/urandom"/>
    <property name="os.version" value="3.10.0-957.12.2.el7.x86_64"/>
    <property name="java.endorsed.dirs" value="/usr/lib/jvm/java-1.8-openjdk/jre/lib/endorsed"/>
    <property name="java.runtime.name" value="OpenJDK Runtime Environment"/>
    <property name="file.encoding" value="UTF-8"/>
    <property name="java.vm.name" value="OpenJDK 64-Bit Server VM"/>
    <property name="test.build.webapps" value=""/>
    <property name="localRepository" value="/home/user/.m2/repository"/>
    <property name="java.vendor.url.bug" value="https://icedtea.classpath.org/bugzilla"/>
    <property name="java.io.tmpdir" value="/tmp"/>
    <property name="require.test.libhadoop" value=""/>
    <property name="java.version" value="1.8.0_212"/>
    <property name="user.dir" value="/workdir/hadoop-ozone/integration-test"/>
    <property name="os.arch" value="amd64"/>
    <property name="java.vm.specification.name" value="Java Virtual Machine Specification"/>
    <property name="test.build.classes" value="/workdir/hadoop-ozone/integration-test/target/test-classes"/>
    <property name="java.awt.printerjob" value="sun.print.PSPrinterJob"/>
    <property name="sun.os.patch.level" value="unknown"/>
    <property name="hadoop.tmp.dir" value="/workdir/hadoop-ozone/integration-test/target/tmp"/>
    <property name="java.library.path" value="/usr/lib/jvm/java-1.8-openjdk/jre/lib/amd64/server:/usr/lib/jvm/java-1.8-openjdk/jre/lib/amd64:/usr/lib/jvm/java-1.8-openjdk/jre/../lib/amd64:/workdir/hadoop-ozone/integration-test/target/native/target/usr/local/lib:/workdir/hadoop-ozone/integration-test/../../hadoop-common-project/hadoop-common/target/native/target/usr/local/lib:/usr/java/packages/lib/amd64:/usr/lib64:/lib64:/lib:/usr/lib"/>
    <property name="java.vm.info" value="mixed mode"/>
    <property name="java.vendor" value="IcedTea"/>
    <property name="java.vm.version" value="25.212-b04"/>
    <property name="java.ext.dirs" value="/usr/lib/jvm/java-1.8-openjdk/jre/lib/ext:/usr/java/packages/lib/ext"/>
    <property name="sun.io.unicode.encoding" value="UnicodeLittle"/>
    <property name="java.class.version" value="52.0"/>
  </properties>
  <testcase name="testWatchForCommitWithKeyWrite" classname="org.apache.hadoop.ozone.client.rpc.TestWatchForCommit" time="82.269"/>
  <testcase name="testWatchForCommitWithSmallerTimeoutValue" classname="org.apache.hadoop.ozone.client.rpc.TestWatchForCommit" time="44.467"/>
  <testcase name="testWatchForCommitForRetryfailure" classname="org.apache.hadoop.ozone.client.rpc.TestWatchForCommit" time="61.015">
    <failure type="java.lang.AssertionError">java.lang.AssertionError
	at org.junit.Assert.fail(Assert.java:86)
	at org.junit.Assert.assertTrue(Assert.java:41)
	at org.junit.Assert.assertTrue(Assert.java:52)
	at org.apache.hadoop.ozone.client.rpc.TestWatchForCommit.testWatchForCommitForRetryfailure(TestWatchForCommit.java:348)
	at sun.reflect.NativeMethodAccessorImpl.invoke0(Native Method)
	at sun.reflect.NativeMethodAccessorImpl.invoke(NativeMethodAccessorImpl.java:62)
	at sun.reflect.DelegatingMethodAccessorImpl.invoke(DelegatingMethodAccessorImpl.java:43)
	at java.lang.reflect.Method.invoke(Method.java:498)
	at org.junit.runners.model.FrameworkMethod$1.runReflectiveCall(FrameworkMethod.java:47)
	at org.junit.internal.runners.model.ReflectiveCallable.run(ReflectiveCallable.java:12)
	at org.junit.runners.model.FrameworkMethod.invokeExplosively(FrameworkMethod.java:44)
	at org.junit.internal.runners.statements.InvokeMethod.evaluate(InvokeMethod.java:17)
	at org.junit.runners.ParentRunner.runLeaf(ParentRunner.java:271)
	at org.junit.runners.BlockJUnit4ClassRunner.runChild(BlockJUnit4ClassRunner.java:70)
	at org.junit.runners.BlockJUnit4ClassRunner.runChild(BlockJUnit4ClassRunner.java:50)
	at org.junit.runners.ParentRunner$3.run(ParentRunner.java:238)
	at org.junit.runners.ParentRunner$1.schedule(ParentRunner.java:63)
	at org.junit.runners.ParentRunner.runChildren(ParentRunner.java:236)
	at org.junit.runners.ParentRunner.access$000(ParentRunner.java:53)
	at org.junit.runners.ParentRunner$2.evaluate(ParentRunner.java:229)
	at org.junit.runners.ParentRunner.run(ParentRunner.java:309)
	at org.apache.maven.surefire.junit4.JUnit4Provider.execute(JUnit4Provider.java:365)
	at org.apache.maven.surefire.junit4.JUnit4Provider.executeWithRerun(JUnit4Provider.java:273)
	at org.apache.maven.surefire.junit4.JUnit4Provider.executeTestSet(JUnit4Provider.java:238)
	at org.apache.maven.surefire.junit4.JUnit4Provider.invoke(JUnit4Provider.java:159)
	at org.apache.maven.surefire.booter.ForkedBooter.invokeProviderInSameClassLoader(ForkedBooter.java:384)
	at org.apache.maven.surefire.booter.ForkedBooter.runSuitesInProcess(ForkedBooter.java:345)
	at org.apache.maven.surefire.booter.ForkedBooter.execute(ForkedBooter.java:126)
	at org.apache.maven.surefire.booter.ForkedBooter.main(ForkedBooter.java:418)
</failure>
    <system-out><![CDATA[2019-10-14 13:34:11,001 [main] WARN  server.ServerUtils (ServerUtils.java:getScmDbDir(145)) - ozone.scm.db.dirs is not configured. We recommend adding this setting. Falling back to ozone.metadata.dirs instead.
2019-10-14 13:34:11,016 [main] WARN  server.ServerUtils (ServerUtils.java:getScmDbDir(145)) - ozone.scm.db.dirs is not configured. We recommend adding this setting. Falling back to ozone.metadata.dirs instead.
2019-10-14 13:34:11,017 [main] WARN  server.ServerUtils (ServerUtils.java:getScmDbDir(145)) - ozone.scm.db.dirs is not configured. We recommend adding this setting. Falling back to ozone.metadata.dirs instead.
2019-10-14 13:34:11,017 [main] INFO  db.DBStoreBuilder (DBStoreBuilder.java:addTable(117)) - using custom profile for table: deletedBlocks
2019-10-14 13:34:11,017 [main] INFO  db.DBStoreBuilder (DBStoreBuilder.java:processTables(168)) - Using default column profile:DBProfile.DISK for Table:deletedBlocks
2019-10-14 13:34:11,018 [main] INFO  db.DBStoreBuilder (DBStoreBuilder.java:addTable(117)) - using custom profile for table: validCerts
2019-10-14 13:34:11,018 [main] INFO  db.DBStoreBuilder (DBStoreBuilder.java:processTables(168)) - Using default column profile:DBProfile.DISK for Table:validCerts
2019-10-14 13:34:11,018 [main] INFO  db.DBStoreBuilder (DBStoreBuilder.java:addTable(117)) - using custom profile for table: revokedCerts
2019-10-14 13:34:11,018 [main] INFO  db.DBStoreBuilder (DBStoreBuilder.java:processTables(168)) - Using default column profile:DBProfile.DISK for Table:revokedCerts
2019-10-14 13:34:11,018 [main] INFO  db.DBStoreBuilder (DBStoreBuilder.java:addTable(117)) - using custom profile for table: default
2019-10-14 13:34:11,019 [main] INFO  db.DBStoreBuilder (DBStoreBuilder.java:processTables(174)) - Using default column profile:DBProfile.DISK for Table:default
2019-10-14 13:34:11,019 [main] INFO  db.DBStoreBuilder (DBStoreBuilder.java:getDbProfile(205)) - Using default options. DBProfile.DISK
2019-10-14 13:34:11,112 [main] INFO  net.NodeSchemaLoader (NodeSchemaLoader.java:loadSchemaFromFile(125)) - Loading file from sun.misc.CompoundEnumeration@70a898b0
2019-10-14 13:34:11,112 [main] INFO  net.NodeSchemaLoader (NodeSchemaLoader.java:loadSchema(171)) - Loading network topology layer schema file
2019-10-14 13:34:11,116 [main] WARN  server.ServerUtils (ServerUtils.java:sanitizeUserArgs(70)) - ozone.scm.stale.node.interval value = 300000 is larger than max = 100000 based on the key value of ozone.scm.heartbeat.thread.interval, reset to the max value 100000.
2019-10-14 13:34:11,116 [main] WARN  server.ServerUtils (ServerUtils.java:sanitizeUserArgs(70)) - ozone.scm.stale.node.interval value = 300000 is larger than max = 100000 based on the key value of ozone.scm.heartbeat.thread.interval, reset to the max value 100000.
2019-10-14 13:34:11,117 [main] INFO  node.SCMNodeManager (SCMNodeManager.java:<init>(117)) - Entering startup safe mode.
2019-10-14 13:34:11,117 [main] INFO  algorithms.ContainerPlacementPolicyFactory (ContainerPlacementPolicyFactory.java:getPolicy(57)) - Create container placement policy of type org.apache.hadoop.hdds.scm.container.placement.algorithms.SCMContainerPlacementRandom
2019-10-14 13:34:11,118 [main] WARN  server.ServerUtils (ServerUtils.java:getScmDbDir(145)) - ozone.scm.db.dirs is not configured. We recommend adding this setting. Falling back to ozone.metadata.dirs instead.
2019-10-14 13:34:11,139 [main] INFO  pipeline.SCMPipelineManager (SCMPipelineManager.java:initializePipelineState(132)) - No pipeline exists in current db
2019-10-14 13:34:11,139 [main] WARN  server.ServerUtils (ServerUtils.java:getScmDbDir(145)) - ozone.scm.db.dirs is not configured. We recommend adding this setting. Falling back to ozone.metadata.dirs instead.
2019-10-14 13:34:11,161 [main] WARN  events.EventQueue (EventQueue.java:fireEvent(183)) - No event handler registered for event TypedEvent{payloadType=SafeModeStatus, name='SafeModeStatus'}
2019-10-14 13:34:11,161 [main] INFO  ipc.CallQueueManager (CallQueueManager.java:<init>(84)) - Using callQueue: class java.util.concurrent.LinkedBlockingQueue, queueCapacity: 2000, scheduler: class org.apache.hadoop.ipc.DefaultRpcScheduler, ipcBackoff: false.
2019-10-14 13:34:11,162 [Socket Reader #1 for port 34827] INFO  ipc.Server (Server.java:run(1074)) - Starting Socket Reader #1 for port 34827
2019-10-14 13:34:11,163 [main] INFO  ipc.CallQueueManager (CallQueueManager.java:<init>(84)) - Using callQueue: class java.util.concurrent.LinkedBlockingQueue, queueCapacity: 2000, scheduler: class org.apache.hadoop.ipc.DefaultRpcScheduler, ipcBackoff: false.
2019-10-14 13:34:11,164 [Socket Reader #1 for port 37735] INFO  ipc.Server (Server.java:run(1074)) - Starting Socket Reader #1 for port 37735
2019-10-14 13:34:11,165 [main] INFO  ipc.CallQueueManager (CallQueueManager.java:<init>(84)) - Using callQueue: class java.util.concurrent.LinkedBlockingQueue, queueCapacity: 2000, scheduler: class org.apache.hadoop.ipc.DefaultRpcScheduler, ipcBackoff: false.
2019-10-14 13:34:11,165 [Socket Reader #1 for port 39730] INFO  ipc.Server (Server.java:run(1074)) - Starting Socket Reader #1 for port 39730
2019-10-14 13:34:11,168 [main] INFO  hdfs.DFSUtil (DFSUtil.java:httpServerTemplateForNNAndJN(1641)) - Starting Web-server for scm at: http://0.0.0.0:0
2019-10-14 13:34:11,171 [main] INFO  server.AuthenticationFilter (AuthenticationFilter.java:constructSecretProvider(240)) - Unable to initialize FileSignerSecretProvider, falling back to use random secrets.
2019-10-14 13:34:11,172 [main] WARN  http.HttpRequestLog (HttpRequestLog.java:getRequestLog(97)) - Jetty request log can only be enabled using Log4j
2019-10-14 13:34:11,175 [main] INFO  http.HttpServer2 (HttpServer2.java:addGlobalFilter(975)) - Added global filter 'safety' (class=org.apache.hadoop.http.HttpServer2$QuotingInputFilter)
2019-10-14 13:34:11,175 [main] INFO  http.HttpServer2 (HttpServer2.java:addFilter(948)) - Added filter static_user_filter (class=org.apache.hadoop.http.lib.StaticUserWebFilter$StaticUserFilter) to context scm
2019-10-14 13:34:11,176 [main] INFO  http.HttpServer2 (HttpServer2.java:addFilter(958)) - Added filter static_user_filter (class=org.apache.hadoop.http.lib.StaticUserWebFilter$StaticUserFilter) to context static
2019-10-14 13:34:11,176 [main] INFO  http.HttpServer2 (HttpServer2.java:addFilter(958)) - Added filter static_user_filter (class=org.apache.hadoop.http.lib.StaticUserWebFilter$StaticUserFilter) to context logs
2019-10-14 13:34:11,179 [main] INFO  server.StorageContainerManager (StorageContainerManager.java:start(775)) - StorageContainerLocationProtocol RPC server is listening at /0.0.0.0:39730
2019-10-14 13:34:11,182 [main] WARN  impl.MetricsConfig (MetricsConfig.java:loadFirst(134)) - Cannot locate configuration: tried hadoop-metrics2-storagecontainermanager.properties,hadoop-metrics2.properties
2019-10-14 13:34:11,183 [main] INFO  impl.MetricsSystemImpl (MetricsSystemImpl.java:startTimer(374)) - Scheduled Metric snapshot period at 10 second(s).
2019-10-14 13:34:11,183 [main] INFO  impl.MetricsSystemImpl (MetricsSystemImpl.java:start(191)) - StorageContainerManager metrics system started
2019-10-14 13:34:11,230 [main] INFO  lib.Interns (Interns.java:removeEldestEntry(50)) - Metrics intern cache overflow at 2011 for MetricsSystem={MetricsSystem=MetricsInfoImpl{name=MetricsSystem, description=MetricsSystem}, MetricsSystem record=MetricsInfoImpl{name=MetricsSystem, description=MetricsSystem record}}
2019-10-14 13:34:11,246 [main] WARN  impl.MetricsSystemImpl (MetricsSystemImpl.java:register(276)) - Sink prometheus already exists!
2019-10-14 13:34:11,287 [main] INFO  server.SCMClientProtocolServer (SCMClientProtocolServer.java:start(159)) - RPC server for Client  is listening at /0.0.0.0:39730
2019-10-14 13:34:11,287 [IPC Server Responder] INFO  ipc.Server (Server.java:run(1314)) - IPC Server Responder: starting
2019-10-14 13:34:11,287 [IPC Server listener on 39730] INFO  ipc.Server (Server.java:run(1153)) - IPC Server listener on 39730: starting
2019-10-14 13:34:11,290 [main] INFO  server.StorageContainerManager (StorageContainerManager.java:start(785)) - ScmBlockLocationProtocol RPC server is listening at /0.0.0.0:37735
2019-10-14 13:34:11,291 [main] INFO  server.SCMBlockProtocolServer (SCMBlockProtocolServer.java:start(146)) - RPC server for Block Protocol is listening at /0.0.0.0:37735
2019-10-14 13:34:11,291 [IPC Server Responder] INFO  ipc.Server (Server.java:run(1314)) - IPC Server Responder: starting
2019-10-14 13:34:11,291 [IPC Server listener on 37735] INFO  ipc.Server (Server.java:run(1153)) - IPC Server listener on 37735: starting
2019-10-14 13:34:11,295 [main] INFO  server.StorageContainerManager (StorageContainerManager.java:start(789)) - ScmDatanodeProtocl RPC server is listening at /0.0.0.0:34827
2019-10-14 13:34:11,295 [main] INFO  server.SCMDatanodeProtocolServer (SCMDatanodeProtocolServer.java:start(169)) - RPC server for DataNodes is listening at /0.0.0.0:34827
2019-10-14 13:34:11,295 [IPC Server Responder] INFO  ipc.Server (Server.java:run(1314)) - IPC Server Responder: starting
2019-10-14 13:34:11,296 [IPC Server listener on 34827] INFO  ipc.Server (Server.java:run(1153)) - IPC Server listener on 34827: starting
2019-10-14 13:34:11,298 [main] INFO  http.HttpServer2 (HttpServer2.java:bindListener(1191)) - Jetty bound to port 39910
2019-10-14 13:34:11,299 [main] INFO  server.Server (Server.java:doStart(351)) - jetty-9.3.25.v20180904, build timestamp: 2018-09-04T21:11:46Z, git hash: 3ce520221d0240229c862b122d2b06c12a625732
2019-10-14 13:34:11,300 [main] INFO  handler.ContextHandler (ContextHandler.java:doStart(781)) - Started o.e.j.s.ServletContextHandler@58ae402b{/logs,file:///workdir/hadoop-ozone/integration-test/target/log,AVAILABLE}
2019-10-14 13:34:11,301 [main] INFO  handler.ContextHandler (ContextHandler.java:doStart(781)) - Started o.e.j.s.ServletContextHandler@43ac0a68{/static,file:///workdir/hadoop-ozone/integration-test/target/test-classes/webapps/static,AVAILABLE}
2019-10-14 13:34:11,305 [main] INFO  handler.ContextHandler (ContextHandler.java:doStart(781)) - Started o.e.j.w.WebAppContext@7944b8b4{/,file:///workdir/hadoop-ozone/integration-test/target/test-classes/webapps/scm/,AVAILABLE}{/scm}
2019-10-14 13:34:11,305 [main] INFO  server.AbstractConnector (AbstractConnector.java:doStart(278)) - Started ServerConnector@d7bbf12{HTTP/1.1,[http/1.1]}{0.0.0.0:39910}
2019-10-14 13:34:11,306 [main] INFO  server.Server (Server.java:doStart(419)) - Started @127475ms
2019-10-14 13:34:11,306 [main] WARN  impl.MetricsSystemImpl (MetricsSystemImpl.java:register(276)) - Sink prometheus already exists!
2019-10-14 13:34:11,308 [main] INFO  server.BaseHttpServer (BaseHttpServer.java:updateConnectorAddress(215)) - HTTP server of SCM is listening at http://0.0.0.0:39910
2019-10-14 13:34:11,309 [main] WARN  server.ServerUtils (ServerUtils.java:getDBPath(222)) - ozone.om.db.dirs is not configured. We recommend adding this setting. Falling back to ozone.metadata.dirs instead.
2019-10-14 13:34:11,309 [org.apache.hadoop.util.JvmPauseMonitor$Monitor@5f7eee96] INFO  util.JvmPauseMonitor (JvmPauseMonitor.java:run(188)) - Starting JVM pause monitor
2019-10-14 13:34:11,323 [main] INFO  ha.OMHANodeDetails (OMHANodeDetails.java:loadOMHAConfig(190)) - Configuration either no ozone.om.address set. Falling back to the default OM address /127.0.0.1:0
2019-10-14 13:34:11,323 [main] INFO  ha.OMHANodeDetails (OMHANodeDetails.java:getOMNodeDetails(220)) - OM Service ID is not set. Setting it to the default ID: omServiceIdDefault
2019-10-14 13:34:11,323 [main] WARN  server.ServerUtils (ServerUtils.java:getDBPath(222)) - ozone.om.db.dirs is not configured. We recommend adding this setting. Falling back to ozone.metadata.dirs instead.
2019-10-14 13:34:11,324 [main] WARN  server.ServerUtils (ServerUtils.java:getDBPath(222)) - ozone.om.db.dirs is not configured. We recommend adding this setting. Falling back to ozone.metadata.dirs instead.
2019-10-14 13:34:11,334 [main] WARN  server.ServerUtils (ServerUtils.java:getDBPath(222)) - ozone.om.db.dirs is not configured. We recommend adding this setting. Falling back to ozone.metadata.dirs instead.
2019-10-14 13:34:11,335 [main] INFO  db.DBStoreBuilder (DBStoreBuilder.java:addTable(117)) - using custom profile for table: userTable
2019-10-14 13:34:11,335 [main] INFO  db.DBStoreBuilder (DBStoreBuilder.java:processTables(168)) - Using default column profile:DBProfile.DISK for Table:userTable
2019-10-14 13:34:11,335 [main] INFO  db.DBStoreBuilder (DBStoreBuilder.java:addTable(117)) - using custom profile for table: volumeTable
2019-10-14 13:34:11,335 [main] INFO  db.DBStoreBuilder (DBStoreBuilder.java:processTables(168)) - Using default column profile:DBProfile.DISK for Table:volumeTable
2019-10-14 13:34:11,336 [main] INFO  db.DBStoreBuilder (DBStoreBuilder.java:addTable(117)) - using custom profile for table: bucketTable
2019-10-14 13:34:11,336 [main] INFO  db.DBStoreBuilder (DBStoreBuilder.java:processTables(168)) - Using default column profile:DBProfile.DISK for Table:bucketTable
2019-10-14 13:34:11,336 [main] INFO  db.DBStoreBuilder (DBStoreBuilder.java:addTable(117)) - using custom profile for table: keyTable
2019-10-14 13:34:11,336 [main] INFO  db.DBStoreBuilder (DBStoreBuilder.java:processTables(168)) - Using default column profile:DBProfile.DISK for Table:keyTable
2019-10-14 13:34:11,337 [main] INFO  db.DBStoreBuilder (DBStoreBuilder.java:addTable(117)) - using custom profile for table: deletedTable
2019-10-14 13:34:11,337 [main] INFO  db.DBStoreBuilder (DBStoreBuilder.java:processTables(168)) - Using default column profile:DBProfile.DISK for Table:deletedTable
2019-10-14 13:34:11,337 [main] INFO  db.DBStoreBuilder (DBStoreBuilder.java:addTable(117)) - using custom profile for table: openKeyTable
2019-10-14 13:34:11,337 [main] INFO  db.DBStoreBuilder (DBStoreBuilder.java:processTables(168)) - Using default column profile:DBProfile.DISK for Table:openKeyTable
2019-10-14 13:34:11,338 [main] INFO  db.DBStoreBuilder (DBStoreBuilder.java:addTable(117)) - using custom profile for table: s3Table
2019-10-14 13:34:11,338 [main] INFO  db.DBStoreBuilder (DBStoreBuilder.java:processTables(168)) - Using default column profile:DBProfile.DISK for Table:s3Table
2019-10-14 13:34:11,338 [main] INFO  db.DBStoreBuilder (DBStoreBuilder.java:addTable(117)) - using custom profile for table: multipartInfoTable
2019-10-14 13:34:11,338 [main] INFO  db.DBStoreBuilder (DBStoreBuilder.java:processTables(168)) - Using default column profile:DBProfile.DISK for Table:multipartInfoTable
2019-10-14 13:34:11,339 [main] INFO  db.DBStoreBuilder (DBStoreBuilder.java:addTable(117)) - using custom profile for table: dTokenTable
2019-10-14 13:34:11,339 [main] INFO  db.DBStoreBuilder (DBStoreBuilder.java:processTables(168)) - Using default column profile:DBProfile.DISK for Table:dTokenTable
2019-10-14 13:34:11,339 [main] INFO  db.DBStoreBuilder (DBStoreBuilder.java:addTable(117)) - using custom profile for table: s3SecretTable
2019-10-14 13:34:11,339 [main] INFO  db.DBStoreBuilder (DBStoreBuilder.java:processTables(168)) - Using default column profile:DBProfile.DISK for Table:s3SecretTable
2019-10-14 13:34:11,340 [main] INFO  db.DBStoreBuilder (DBStoreBuilder.java:addTable(117)) - using custom profile for table: prefixTable
2019-10-14 13:34:11,340 [main] INFO  db.DBStoreBuilder (DBStoreBuilder.java:processTables(168)) - Using default column profile:DBProfile.DISK for Table:prefixTable
2019-10-14 13:34:11,340 [main] INFO  db.DBStoreBuilder (DBStoreBuilder.java:addTable(117)) - using custom profile for table: default
2019-10-14 13:34:11,340 [main] INFO  db.DBStoreBuilder (DBStoreBuilder.java:processTables(174)) - Using default column profile:DBProfile.DISK for Table:default
2019-10-14 13:34:11,341 [main] INFO  db.DBStoreBuilder (DBStoreBuilder.java:getDbProfile(205)) - Using default options. DBProfile.DISK
2019-10-14 13:34:11,797 [main] INFO  ipc.CallQueueManager (CallQueueManager.java:<init>(84)) - Using callQueue: class java.util.concurrent.LinkedBlockingQueue, queueCapacity: 2000, scheduler: class org.apache.hadoop.ipc.DefaultRpcScheduler, ipcBackoff: false.
2019-10-14 13:34:11,798 [Socket Reader #1 for port 36168] INFO  ipc.Server (Server.java:run(1074)) - Starting Socket Reader #1 for port 36168
2019-10-14 13:34:11,812 [main] INFO  om.OzoneManager (OzoneManager.java:start(1069)) - OzoneManager RPC server is listening at localhost/127.0.0.1:36168
2019-10-14 13:34:11,812 [main] INFO  impl.MetricsSystemImpl (MetricsSystemImpl.java:init(158)) - OzoneManager metrics system started (again)
2019-10-14 13:34:11,813 [IPC Server Responder] INFO  ipc.Server (Server.java:run(1314)) - IPC Server Responder: starting
2019-10-14 13:34:11,813 [IPC Server listener on 36168] INFO  ipc.Server (Server.java:run(1153)) - IPC Server listener on 36168: starting
2019-10-14 13:34:11,818 [main] INFO  hdfs.DFSUtil (DFSUtil.java:httpServerTemplateForNNAndJN(1641)) - Starting Web-server for ozoneManager at: http://0.0.0.0:0
2019-10-14 13:34:11,819 [main] INFO  server.AuthenticationFilter (AuthenticationFilter.java:constructSecretProvider(240)) - Unable to initialize FileSignerSecretProvider, falling back to use random secrets.
2019-10-14 13:34:11,819 [main] WARN  http.HttpRequestLog (HttpRequestLog.java:getRequestLog(97)) - Jetty request log can only be enabled using Log4j
2019-10-14 13:34:11,821 [main] INFO  http.HttpServer2 (HttpServer2.java:addGlobalFilter(975)) - Added global filter 'safety' (class=org.apache.hadoop.http.HttpServer2$QuotingInputFilter)
2019-10-14 13:34:11,823 [main] INFO  http.HttpServer2 (HttpServer2.java:addFilter(948)) - Added filter static_user_filter (class=org.apache.hadoop.http.lib.StaticUserWebFilter$StaticUserFilter) to context ozoneManager
2019-10-14 13:34:11,823 [main] INFO  http.HttpServer2 (HttpServer2.java:addFilter(958)) - Added filter static_user_filter (class=org.apache.hadoop.http.lib.StaticUserWebFilter$StaticUserFilter) to context logs
2019-10-14 13:34:11,823 [main] INFO  http.HttpServer2 (HttpServer2.java:addFilter(958)) - Added filter static_user_filter (class=org.apache.hadoop.http.lib.StaticUserWebFilter$StaticUserFilter) to context static
2019-10-14 13:34:11,824 [main] INFO  http.HttpServer2 (HttpServer2.java:bindListener(1191)) - Jetty bound to port 37220
2019-10-14 13:34:11,824 [main] INFO  server.Server (Server.java:doStart(351)) - jetty-9.3.25.v20180904, build timestamp: 2018-09-04T21:11:46Z, git hash: 3ce520221d0240229c862b122d2b06c12a625732
2019-10-14 13:34:11,825 [main] INFO  handler.ContextHandler (ContextHandler.java:doStart(781)) - Started o.e.j.s.ServletContextHandler@14447be{/logs,file:///workdir/hadoop-ozone/integration-test/target/log,AVAILABLE}
2019-10-14 13:34:11,826 [main] INFO  handler.ContextHandler (ContextHandler.java:doStart(781)) - Started o.e.j.s.ServletContextHandler@4a50d04a{/static,file:///workdir/hadoop-ozone/integration-test/target/test-classes/webapps/static,AVAILABLE}
2019-10-14 13:34:11,829 [main] INFO  handler.ContextHandler (ContextHandler.java:doStart(781)) - Started o.e.j.w.WebAppContext@4b862408{/,file:///workdir/hadoop-ozone/integration-test/target/test-classes/webapps/ozoneManager/,AVAILABLE}{/ozoneManager}
2019-10-14 13:34:11,830 [main] INFO  server.AbstractConnector (AbstractConnector.java:doStart(278)) - Started ServerConnector@6ddee60f{HTTP/1.1,[http/1.1]}{0.0.0.0:37220}
2019-10-14 13:34:11,830 [main] INFO  server.Server (Server.java:doStart(419)) - Started @128000ms
2019-10-14 13:34:11,830 [main] WARN  impl.MetricsSystemImpl (MetricsSystemImpl.java:register(276)) - Sink prometheus already exists!
2019-10-14 13:34:11,831 [main] INFO  server.BaseHttpServer (BaseHttpServer.java:updateConnectorAddress(215)) - HTTP server of OZONEMANAGER is listening at http://0.0.0.0:37220
2019-10-14 13:34:11,847 [main] INFO  impl.MetricsSystemImpl (MetricsSystemImpl.java:init(158)) - HddsDatanode metrics system started (again)
2019-10-14 13:34:11,849 [main] INFO  ozone.HddsDatanodeService (HddsDatanodeService.java:start(184)) - HddsDatanodeService host:pr-hdds-2196-2-8n2dq-3116116325 ip:192.168.151.106
2019-10-14 13:34:11,854 [main] INFO  volume.HddsVolume (HddsVolume.java:<init>(176)) - Creating Volume: /workdir/hadoop-ozone/integration-test/target/test-dir/MiniOzoneClusterImpl-a6752234-aa73-4bf4-a580-9e4e2df21123/datanode-0/data/containers/hdds of  storage type : DISK and capacity : 1482555576320
2019-10-14 13:34:11,855 [main] INFO  volume.VolumeSet (VolumeSet.java:initializeVolumeSet(170)) - Added Volume : /workdir/hadoop-ozone/integration-test/target/test-dir/MiniOzoneClusterImpl-a6752234-aa73-4bf4-a580-9e4e2df21123/datanode-0/data/containers/hdds to VolumeSet
2019-10-14 13:34:11,855 [main] INFO  volume.ThrottledAsyncChecker (ThrottledAsyncChecker.java:schedule(139)) - Scheduling a check for org.apache.hadoop.ozone.container.common.volume.HddsVolume@6003ad65
2019-10-14 13:34:11,856 [main] INFO  volume.HddsVolumeChecker (HddsVolumeChecker.java:checkAllVolumes(202)) - Scheduled health check for volume org.apache.hadoop.ozone.container.common.volume.HddsVolume@6003ad65
2019-10-14 13:34:11,870 [main] INFO  impl.RaftServerProxy (ConfUtils.java:logGet(43)) - raft.rpc.type = GRPC (default)
2019-10-14 13:34:11,870 [main] INFO  grpc.GrpcFactory (GrpcFactory.java:checkPooledByteBufAllocatorUseCacheForAllThreads(45)) - PERFORMANCE WARNING: useCacheForAllThreads is true that may cause Netty to create a lot garbage objects and, as a result, trigger GC.
	It is recommended to disable useCacheForAllThreads by setting -Dorg.apache.ratis.thirdparty.io.netty.allocator.useCacheForAllThreads=false in command line.
2019-10-14 13:34:11,870 [main] INFO  grpc.GrpcConfigKeys$Server (ConfUtils.java:logGet(43)) - raft.grpc.server.port = 0 (default)
2019-10-14 13:34:11,870 [main] INFO  server.GrpcService (ConfUtils.java:logGet(43)) - raft.grpc.message.size.max = 33570816 (custom)
2019-10-14 13:34:11,871 [main] INFO  server.RaftServerConfigKeys (ConfUtils.java:logGet(43)) - raft.server.log.appender.buffer.byte-limit = 33554432 (custom)
2019-10-14 13:34:11,871 [main] INFO  server.GrpcService (ConfUtils.java:logGet(43)) - raft.grpc.flow.control.window = 1MB (=1048576) (default)
2019-10-14 13:34:11,871 [main] INFO  server.RaftServerConfigKeys (ConfUtils.java:logGet(43)) - raft.server.rpc.request.timeout = 3000ms (default)
2019-10-14 13:34:11,872 [main] INFO  server.RaftServerConfigKeys (ConfUtils.java:logGet(43)) - raft.server.storage.dir = [/workdir/hadoop-ozone/integration-test/target/test-dir/MiniOzoneClusterImpl-a6752234-aa73-4bf4-a580-9e4e2df21123/datanode-0/data/ratis] (custom)
2019-10-14 13:34:11,873 [main] INFO  hdfs.DFSUtil (DFSUtil.java:httpServerTemplateForNNAndJN(1641)) - Starting Web-server for hddsDatanode at: http://0.0.0.0:0
2019-10-14 13:34:11,874 [main] INFO  server.AuthenticationFilter (AuthenticationFilter.java:constructSecretProvider(240)) - Unable to initialize FileSignerSecretProvider, falling back to use random secrets.
2019-10-14 13:34:11,875 [main] WARN  http.HttpRequestLog (HttpRequestLog.java:getRequestLog(97)) - Jetty request log can only be enabled using Log4j
2019-10-14 13:34:11,876 [main] INFO  http.HttpServer2 (HttpServer2.java:addGlobalFilter(975)) - Added global filter 'safety' (class=org.apache.hadoop.http.HttpServer2$QuotingInputFilter)
2019-10-14 13:34:11,876 [main] INFO  http.HttpServer2 (HttpServer2.java:addFilter(948)) - Added filter static_user_filter (class=org.apache.hadoop.http.lib.StaticUserWebFilter$StaticUserFilter) to context hddsDatanode
2019-10-14 13:34:11,877 [main] INFO  http.HttpServer2 (HttpServer2.java:addFilter(958)) - Added filter static_user_filter (class=org.apache.hadoop.http.lib.StaticUserWebFilter$StaticUserFilter) to context static
2019-10-14 13:34:11,877 [main] INFO  http.HttpServer2 (HttpServer2.java:addFilter(958)) - Added filter static_user_filter (class=org.apache.hadoop.http.lib.StaticUserWebFilter$StaticUserFilter) to context logs
2019-10-14 13:34:11,877 [main] INFO  http.HttpServer2 (HttpServer2.java:bindListener(1191)) - Jetty bound to port 35622
2019-10-14 13:34:11,878 [main] INFO  server.Server (Server.java:doStart(351)) - jetty-9.3.25.v20180904, build timestamp: 2018-09-04T21:11:46Z, git hash: 3ce520221d0240229c862b122d2b06c12a625732
2019-10-14 13:34:11,881 [main] INFO  handler.ContextHandler (ContextHandler.java:doStart(781)) - Started o.e.j.s.ServletContextHandler@62b57479{/logs,file:///workdir/hadoop-ozone/integration-test/target/log,AVAILABLE}
2019-10-14 13:34:11,882 [main] INFO  handler.ContextHandler (ContextHandler.java:doStart(781)) - Started o.e.j.s.ServletContextHandler@ea04cab{/static,jar:file:/home/user/.m2/repository/org/apache/hadoop/hadoop-hdds-container-service/0.5.0-SNAPSHOT/hadoop-hdds-container-service-0.5.0-SNAPSHOT.jar!/webapps/static,AVAILABLE}
2019-10-14 13:34:11,911 [main] INFO  handler.ContextHandler (ContextHandler.java:doStart(781)) - Started o.e.j.w.WebAppContext@7f6329cb{/,file:///tmp/jetty-0.0.0.0-35622-hddsDatanode-_-any-7112136422634601429.dir/webapp/,AVAILABLE}{/hddsDatanode}
2019-10-14 13:34:11,911 [main] INFO  server.AbstractConnector (AbstractConnector.java:doStart(278)) - Started ServerConnector@4b8137c5{HTTP/1.1,[http/1.1]}{0.0.0.0:35622}
2019-10-14 13:34:11,912 [main] INFO  server.Server (Server.java:doStart(419)) - Started @128082ms
2019-10-14 13:34:11,912 [main] WARN  impl.MetricsSystemImpl (MetricsSystemImpl.java:register(276)) - Sink prometheus already exists!
2019-10-14 13:34:11,913 [main] INFO  server.BaseHttpServer (BaseHttpServer.java:updateConnectorAddress(215)) - HTTP server of HDDSDATANODE is listening at http://0.0.0.0:35622
2019-10-14 13:34:11,913 [main] INFO  impl.MetricsSystemImpl (MetricsSystemImpl.java:init(158)) - HddsDatanode metrics system started (again)
2019-10-14 13:34:11,916 [org.apache.hadoop.util.JvmPauseMonitor$Monitor@319c41bb] INFO  util.JvmPauseMonitor (JvmPauseMonitor.java:run(188)) - Starting JVM pause monitor
2019-10-14 13:34:11,916 [main] INFO  ozone.HddsDatanodeService (HddsDatanodeService.java:start(184)) - HddsDatanodeService host:pr-hdds-2196-2-8n2dq-3116116325 ip:192.168.151.106
2019-10-14 13:34:11,917 [Datanode State Machine Thread - 0] INFO  datanode.InitDatanodeState (InitDatanodeState.java:persistContainerDatanodeDetails(140)) - DatanodeDetails is persisted to /workdir/hadoop-ozone/integration-test/target/test-dir/MiniOzoneClusterImpl-a6752234-aa73-4bf4-a580-9e4e2df21123/datanode-0/meta/datanode.id
2019-10-14 13:34:11,921 [main] INFO  volume.HddsVolume (HddsVolume.java:<init>(176)) - Creating Volume: /workdir/hadoop-ozone/integration-test/target/test-dir/MiniOzoneClusterImpl-a6752234-aa73-4bf4-a580-9e4e2df21123/datanode-1/data/containers/hdds of  storage type : DISK and capacity : 1482555576320
2019-10-14 13:34:11,921 [main] INFO  volume.VolumeSet (VolumeSet.java:initializeVolumeSet(170)) - Added Volume : /workdir/hadoop-ozone/integration-test/target/test-dir/MiniOzoneClusterImpl-a6752234-aa73-4bf4-a580-9e4e2df21123/datanode-1/data/containers/hdds to VolumeSet
2019-10-14 13:34:11,921 [main] INFO  volume.ThrottledAsyncChecker (ThrottledAsyncChecker.java:schedule(139)) - Scheduling a check for org.apache.hadoop.ozone.container.common.volume.HddsVolume@7364eed1
2019-10-14 13:34:11,922 [main] INFO  volume.HddsVolumeChecker (HddsVolumeChecker.java:checkAllVolumes(202)) - Scheduled health check for volume org.apache.hadoop.ozone.container.common.volume.HddsVolume@7364eed1
2019-10-14 13:34:11,934 [main] INFO  impl.RaftServerProxy (ConfUtils.java:logGet(43)) - raft.rpc.type = GRPC (default)
2019-10-14 13:34:11,935 [main] INFO  grpc.GrpcFactory (GrpcFactory.java:checkPooledByteBufAllocatorUseCacheForAllThreads(45)) - PERFORMANCE WARNING: useCacheForAllThreads is true that may cause Netty to create a lot garbage objects and, as a result, trigger GC.
	It is recommended to disable useCacheForAllThreads by setting -Dorg.apache.ratis.thirdparty.io.netty.allocator.useCacheForAllThreads=false in command line.
2019-10-14 13:34:11,935 [main] INFO  grpc.GrpcConfigKeys$Server (ConfUtils.java:logGet(43)) - raft.grpc.server.port = 0 (default)
2019-10-14 13:34:11,935 [main] INFO  server.GrpcService (ConfUtils.java:logGet(43)) - raft.grpc.message.size.max = 33570816 (custom)
2019-10-14 13:34:11,935 [main] INFO  server.RaftServerConfigKeys (ConfUtils.java:logGet(43)) - raft.server.log.appender.buffer.byte-limit = 33554432 (custom)
2019-10-14 13:34:11,935 [main] INFO  server.GrpcService (ConfUtils.java:logGet(43)) - raft.grpc.flow.control.window = 1MB (=1048576) (default)
2019-10-14 13:34:11,936 [main] INFO  server.RaftServerConfigKeys (ConfUtils.java:logGet(43)) - raft.server.rpc.request.timeout = 3000ms (default)
2019-10-14 13:34:11,936 [main] INFO  server.RaftServerConfigKeys (ConfUtils.java:logGet(43)) - raft.server.storage.dir = [/workdir/hadoop-ozone/integration-test/target/test-dir/MiniOzoneClusterImpl-a6752234-aa73-4bf4-a580-9e4e2df21123/datanode-1/data/ratis] (custom)
2019-10-14 13:34:11,938 [main] INFO  hdfs.DFSUtil (DFSUtil.java:httpServerTemplateForNNAndJN(1641)) - Starting Web-server for hddsDatanode at: http://0.0.0.0:0
2019-10-14 13:34:11,941 [main] INFO  server.AuthenticationFilter (AuthenticationFilter.java:constructSecretProvider(240)) - Unable to initialize FileSignerSecretProvider, falling back to use random secrets.
2019-10-14 13:34:11,942 [main] WARN  http.HttpRequestLog (HttpRequestLog.java:getRequestLog(97)) - Jetty request log can only be enabled using Log4j
2019-10-14 13:34:11,943 [main] INFO  http.HttpServer2 (HttpServer2.java:addGlobalFilter(975)) - Added global filter 'safety' (class=org.apache.hadoop.http.HttpServer2$QuotingInputFilter)
2019-10-14 13:34:11,943 [main] INFO  http.HttpServer2 (HttpServer2.java:addFilter(948)) - Added filter static_user_filter (class=org.apache.hadoop.http.lib.StaticUserWebFilter$StaticUserFilter) to context hddsDatanode
2019-10-14 13:34:11,944 [main] INFO  http.HttpServer2 (HttpServer2.java:addFilter(958)) - Added filter static_user_filter (class=org.apache.hadoop.http.lib.StaticUserWebFilter$StaticUserFilter) to context static
2019-10-14 13:34:11,944 [main] INFO  http.HttpServer2 (HttpServer2.java:addFilter(958)) - Added filter static_user_filter (class=org.apache.hadoop.http.lib.StaticUserWebFilter$StaticUserFilter) to context logs
2019-10-14 13:34:11,944 [main] INFO  http.HttpServer2 (HttpServer2.java:bindListener(1191)) - Jetty bound to port 39019
2019-10-14 13:34:11,944 [main] INFO  server.Server (Server.java:doStart(351)) - jetty-9.3.25.v20180904, build timestamp: 2018-09-04T21:11:46Z, git hash: 3ce520221d0240229c862b122d2b06c12a625732
2019-10-14 13:34:11,946 [main] INFO  handler.ContextHandler (ContextHandler.java:doStart(781)) - Started o.e.j.s.ServletContextHandler@69de5bed{/logs,file:///workdir/hadoop-ozone/integration-test/target/log,AVAILABLE}
2019-10-14 13:34:11,946 [main] INFO  handler.ContextHandler (ContextHandler.java:doStart(781)) - Started o.e.j.s.ServletContextHandler@996a546{/static,jar:file:/home/user/.m2/repository/org/apache/hadoop/hadoop-hdds-container-service/0.5.0-SNAPSHOT/hadoop-hdds-container-service-0.5.0-SNAPSHOT.jar!/webapps/static,AVAILABLE}
2019-10-14 13:34:11,980 [main] INFO  handler.ContextHandler (ContextHandler.java:doStart(781)) - Started o.e.j.w.WebAppContext@42507640{/,file:///tmp/jetty-0.0.0.0-39019-hddsDatanode-_-any-5862081797309232472.dir/webapp/,AVAILABLE}{/hddsDatanode}
2019-10-14 13:34:11,981 [main] INFO  server.AbstractConnector (AbstractConnector.java:doStart(278)) - Started ServerConnector@4dfe8b37{HTTP/1.1,[http/1.1]}{0.0.0.0:39019}
2019-10-14 13:34:11,985 [main] INFO  server.Server (Server.java:doStart(419)) - Started @128155ms
2019-10-14 13:34:11,985 [main] WARN  impl.MetricsSystemImpl (MetricsSystemImpl.java:register(276)) - Sink prometheus already exists!
2019-10-14 13:34:11,986 [main] INFO  server.BaseHttpServer (BaseHttpServer.java:updateConnectorAddress(215)) - HTTP server of HDDSDATANODE is listening at http://0.0.0.0:39019
2019-10-14 13:34:11,986 [main] INFO  impl.MetricsSystemImpl (MetricsSystemImpl.java:init(158)) - HddsDatanode metrics system started (again)
2019-10-14 13:34:11,989 [org.apache.hadoop.util.JvmPauseMonitor$Monitor@60be8779] INFO  util.JvmPauseMonitor (JvmPauseMonitor.java:run(188)) - Starting JVM pause monitor
2019-10-14 13:34:11,989 [main] INFO  ozone.HddsDatanodeService (HddsDatanodeService.java:start(184)) - HddsDatanodeService host:pr-hdds-2196-2-8n2dq-3116116325 ip:192.168.151.106
2019-10-14 13:34:11,991 [Datanode State Machine Thread - 0] INFO  datanode.InitDatanodeState (InitDatanodeState.java:persistContainerDatanodeDetails(140)) - DatanodeDetails is persisted to /workdir/hadoop-ozone/integration-test/target/test-dir/MiniOzoneClusterImpl-a6752234-aa73-4bf4-a580-9e4e2df21123/datanode-1/meta/datanode.id
2019-10-14 13:34:11,994 [main] INFO  volume.HddsVolume (HddsVolume.java:<init>(176)) - Creating Volume: /workdir/hadoop-ozone/integration-test/target/test-dir/MiniOzoneClusterImpl-a6752234-aa73-4bf4-a580-9e4e2df21123/datanode-2/data/containers/hdds of  storage type : DISK and capacity : 1482555576320
2019-10-14 13:34:11,994 [main] INFO  volume.VolumeSet (VolumeSet.java:initializeVolumeSet(170)) - Added Volume : /workdir/hadoop-ozone/integration-test/target/test-dir/MiniOzoneClusterImpl-a6752234-aa73-4bf4-a580-9e4e2df21123/datanode-2/data/containers/hdds to VolumeSet
2019-10-14 13:34:11,994 [main] INFO  volume.ThrottledAsyncChecker (ThrottledAsyncChecker.java:schedule(139)) - Scheduling a check for org.apache.hadoop.ozone.container.common.volume.HddsVolume@73894c5a
2019-10-14 13:34:11,995 [main] INFO  volume.HddsVolumeChecker (HddsVolumeChecker.java:checkAllVolumes(202)) - Scheduled health check for volume org.apache.hadoop.ozone.container.common.volume.HddsVolume@73894c5a
2019-10-14 13:34:12,007 [main] INFO  impl.RaftServerProxy (ConfUtils.java:logGet(43)) - raft.rpc.type = GRPC (default)
2019-10-14 13:34:12,007 [main] INFO  grpc.GrpcFactory (GrpcFactory.java:checkPooledByteBufAllocatorUseCacheForAllThreads(45)) - PERFORMANCE WARNING: useCacheForAllThreads is true that may cause Netty to create a lot garbage objects and, as a result, trigger GC.
	It is recommended to disable useCacheForAllThreads by setting -Dorg.apache.ratis.thirdparty.io.netty.allocator.useCacheForAllThreads=false in command line.
2019-10-14 13:34:12,008 [main] INFO  grpc.GrpcConfigKeys$Server (ConfUtils.java:logGet(43)) - raft.grpc.server.port = 0 (default)
2019-10-14 13:34:12,008 [main] INFO  server.GrpcService (ConfUtils.java:logGet(43)) - raft.grpc.message.size.max = 33570816 (custom)
2019-10-14 13:34:12,008 [main] INFO  server.RaftServerConfigKeys (ConfUtils.java:logGet(43)) - raft.server.log.appender.buffer.byte-limit = 33554432 (custom)
2019-10-14 13:34:12,008 [main] INFO  server.GrpcService (ConfUtils.java:logGet(43)) - raft.grpc.flow.control.window = 1MB (=1048576) (default)
2019-10-14 13:34:12,008 [main] INFO  server.RaftServerConfigKeys (ConfUtils.java:logGet(43)) - raft.server.rpc.request.timeout = 3000ms (default)
2019-10-14 13:34:12,009 [main] INFO  server.RaftServerConfigKeys (ConfUtils.java:logGet(43)) - raft.server.storage.dir = [/workdir/hadoop-ozone/integration-test/target/test-dir/MiniOzoneClusterImpl-a6752234-aa73-4bf4-a580-9e4e2df21123/datanode-2/data/ratis] (custom)
2019-10-14 13:34:12,010 [main] INFO  hdfs.DFSUtil (DFSUtil.java:httpServerTemplateForNNAndJN(1641)) - Starting Web-server for hddsDatanode at: http://0.0.0.0:0
2019-10-14 13:34:12,011 [main] INFO  server.AuthenticationFilter (AuthenticationFilter.java:constructSecretProvider(240)) - Unable to initialize FileSignerSecretProvider, falling back to use random secrets.
2019-10-14 13:34:12,012 [main] WARN  http.HttpRequestLog (HttpRequestLog.java:getRequestLog(97)) - Jetty request log can only be enabled using Log4j
2019-10-14 13:34:12,013 [main] INFO  http.HttpServer2 (HttpServer2.java:addGlobalFilter(975)) - Added global filter 'safety' (class=org.apache.hadoop.http.HttpServer2$QuotingInputFilter)
2019-10-14 13:34:12,014 [main] INFO  http.HttpServer2 (HttpServer2.java:addFilter(948)) - Added filter static_user_filter (class=org.apache.hadoop.http.lib.StaticUserWebFilter$StaticUserFilter) to context hddsDatanode
2019-10-14 13:34:12,014 [main] INFO  http.HttpServer2 (HttpServer2.java:addFilter(958)) - Added filter static_user_filter (class=org.apache.hadoop.http.lib.StaticUserWebFilter$StaticUserFilter) to context logs
2019-10-14 13:34:12,014 [main] INFO  http.HttpServer2 (HttpServer2.java:addFilter(958)) - Added filter static_user_filter (class=org.apache.hadoop.http.lib.StaticUserWebFilter$StaticUserFilter) to context static
2019-10-14 13:34:12,014 [main] INFO  http.HttpServer2 (HttpServer2.java:bindListener(1191)) - Jetty bound to port 46354
2019-10-14 13:34:12,015 [main] INFO  server.Server (Server.java:doStart(351)) - jetty-9.3.25.v20180904, build timestamp: 2018-09-04T21:11:46Z, git hash: 3ce520221d0240229c862b122d2b06c12a625732
2019-10-14 13:34:12,016 [main] INFO  handler.ContextHandler (ContextHandler.java:doStart(781)) - Started o.e.j.s.ServletContextHandler@3f1a9a53{/logs,file:///workdir/hadoop-ozone/integration-test/target/log,AVAILABLE}
2019-10-14 13:34:12,017 [main] INFO  handler.ContextHandler (ContextHandler.java:doStart(781)) - Started o.e.j.s.ServletContextHandler@2287395{/static,jar:file:/home/user/.m2/repository/org/apache/hadoop/hadoop-hdds-container-service/0.5.0-SNAPSHOT/hadoop-hdds-container-service-0.5.0-SNAPSHOT.jar!/webapps/static,AVAILABLE}
2019-10-14 13:34:12,045 [main] INFO  handler.ContextHandler (ContextHandler.java:doStart(781)) - Started o.e.j.w.WebAppContext@3d8d17a3{/,file:///tmp/jetty-0.0.0.0-46354-hddsDatanode-_-any-7161250829230807468.dir/webapp/,AVAILABLE}{/hddsDatanode}
2019-10-14 13:34:12,046 [main] INFO  server.AbstractConnector (AbstractConnector.java:doStart(278)) - Started ServerConnector@ac91282{HTTP/1.1,[http/1.1]}{0.0.0.0:46354}
2019-10-14 13:34:12,047 [main] INFO  server.Server (Server.java:doStart(419)) - Started @128217ms
2019-10-14 13:34:12,047 [main] WARN  impl.MetricsSystemImpl (MetricsSystemImpl.java:register(276)) - Sink prometheus already exists!
2019-10-14 13:34:12,048 [main] INFO  server.BaseHttpServer (BaseHttpServer.java:updateConnectorAddress(215)) - HTTP server of HDDSDATANODE is listening at http://0.0.0.0:46354
2019-10-14 13:34:12,048 [main] INFO  impl.MetricsSystemImpl (MetricsSystemImpl.java:init(158)) - HddsDatanode metrics system started (again)
2019-10-14 13:34:12,051 [org.apache.hadoop.util.JvmPauseMonitor$Monitor@225c395b] INFO  util.JvmPauseMonitor (JvmPauseMonitor.java:run(188)) - Starting JVM pause monitor
2019-10-14 13:34:12,052 [main] INFO  ozone.HddsDatanodeService (HddsDatanodeService.java:start(184)) - HddsDatanodeService host:pr-hdds-2196-2-8n2dq-3116116325 ip:192.168.151.106
2019-10-14 13:34:12,052 [Datanode State Machine Thread - 0] INFO  datanode.InitDatanodeState (InitDatanodeState.java:persistContainerDatanodeDetails(140)) - DatanodeDetails is persisted to /workdir/hadoop-ozone/integration-test/target/test-dir/MiniOzoneClusterImpl-a6752234-aa73-4bf4-a580-9e4e2df21123/datanode-2/meta/datanode.id
2019-10-14 13:34:12,057 [main] INFO  volume.HddsVolume (HddsVolume.java:<init>(176)) - Creating Volume: /workdir/hadoop-ozone/integration-test/target/test-dir/MiniOzoneClusterImpl-a6752234-aa73-4bf4-a580-9e4e2df21123/datanode-3/data/containers/hdds of  storage type : DISK and capacity : 1482555576320
2019-10-14 13:34:12,057 [main] INFO  volume.VolumeSet (VolumeSet.java:initializeVolumeSet(170)) - Added Volume : /workdir/hadoop-ozone/integration-test/target/test-dir/MiniOzoneClusterImpl-a6752234-aa73-4bf4-a580-9e4e2df21123/datanode-3/data/containers/hdds to VolumeSet
2019-10-14 13:34:12,057 [main] INFO  volume.ThrottledAsyncChecker (ThrottledAsyncChecker.java:schedule(139)) - Scheduling a check for org.apache.hadoop.ozone.container.common.volume.HddsVolume@40d52be7
2019-10-14 13:34:12,057 [main] INFO  volume.HddsVolumeChecker (HddsVolumeChecker.java:checkAllVolumes(202)) - Scheduled health check for volume org.apache.hadoop.ozone.container.common.volume.HddsVolume@40d52be7
2019-10-14 13:34:12,069 [main] INFO  impl.RaftServerProxy (ConfUtils.java:logGet(43)) - raft.rpc.type = GRPC (default)
2019-10-14 13:34:12,070 [main] INFO  grpc.GrpcFactory (GrpcFactory.java:checkPooledByteBufAllocatorUseCacheForAllThreads(45)) - PERFORMANCE WARNING: useCacheForAllThreads is true that may cause Netty to create a lot garbage objects and, as a result, trigger GC.
	It is recommended to disable useCacheForAllThreads by setting -Dorg.apache.ratis.thirdparty.io.netty.allocator.useCacheForAllThreads=false in command line.
2019-10-14 13:34:12,070 [main] INFO  grpc.GrpcConfigKeys$Server (ConfUtils.java:logGet(43)) - raft.grpc.server.port = 0 (default)
2019-10-14 13:34:12,070 [main] INFO  server.GrpcService (ConfUtils.java:logGet(43)) - raft.grpc.message.size.max = 33570816 (custom)
2019-10-14 13:34:12,070 [main] INFO  server.RaftServerConfigKeys (ConfUtils.java:logGet(43)) - raft.server.log.appender.buffer.byte-limit = 33554432 (custom)
2019-10-14 13:34:12,070 [main] INFO  server.GrpcService (ConfUtils.java:logGet(43)) - raft.grpc.flow.control.window = 1MB (=1048576) (default)
2019-10-14 13:34:12,071 [main] INFO  server.RaftServerConfigKeys (ConfUtils.java:logGet(43)) - raft.server.rpc.request.timeout = 3000ms (default)
2019-10-14 13:34:12,071 [main] INFO  server.RaftServerConfigKeys (ConfUtils.java:logGet(43)) - raft.server.storage.dir = [/workdir/hadoop-ozone/integration-test/target/test-dir/MiniOzoneClusterImpl-a6752234-aa73-4bf4-a580-9e4e2df21123/datanode-3/data/ratis] (custom)
2019-10-14 13:34:12,072 [main] INFO  hdfs.DFSUtil (DFSUtil.java:httpServerTemplateForNNAndJN(1641)) - Starting Web-server for hddsDatanode at: http://0.0.0.0:0
2019-10-14 13:34:12,073 [main] INFO  server.AuthenticationFilter (AuthenticationFilter.java:constructSecretProvider(240)) - Unable to initialize FileSignerSecretProvider, falling back to use random secrets.
2019-10-14 13:34:12,074 [main] WARN  http.HttpRequestLog (HttpRequestLog.java:getRequestLog(97)) - Jetty request log can only be enabled using Log4j
2019-10-14 13:34:12,075 [main] INFO  http.HttpServer2 (HttpServer2.java:addGlobalFilter(975)) - Added global filter 'safety' (class=org.apache.hadoop.http.HttpServer2$QuotingInputFilter)
2019-10-14 13:34:12,076 [main] INFO  http.HttpServer2 (HttpServer2.java:addFilter(948)) - Added filter static_user_filter (class=org.apache.hadoop.http.lib.StaticUserWebFilter$StaticUserFilter) to context hddsDatanode
2019-10-14 13:34:12,076 [main] INFO  http.HttpServer2 (HttpServer2.java:addFilter(958)) - Added filter static_user_filter (class=org.apache.hadoop.http.lib.StaticUserWebFilter$StaticUserFilter) to context logs
2019-10-14 13:34:12,076 [main] INFO  http.HttpServer2 (HttpServer2.java:addFilter(958)) - Added filter static_user_filter (class=org.apache.hadoop.http.lib.StaticUserWebFilter$StaticUserFilter) to context static
2019-10-14 13:34:12,077 [main] INFO  http.HttpServer2 (HttpServer2.java:bindListener(1191)) - Jetty bound to port 40769
2019-10-14 13:34:12,077 [main] INFO  server.Server (Server.java:doStart(351)) - jetty-9.3.25.v20180904, build timestamp: 2018-09-04T21:11:46Z, git hash: 3ce520221d0240229c862b122d2b06c12a625732
2019-10-14 13:34:12,078 [main] INFO  handler.ContextHandler (ContextHandler.java:doStart(781)) - Started o.e.j.s.ServletContextHandler@7c1a8f0f{/logs,file:///workdir/hadoop-ozone/integration-test/target/log,AVAILABLE}
2019-10-14 13:34:12,079 [main] INFO  handler.ContextHandler (ContextHandler.java:doStart(781)) - Started o.e.j.s.ServletContextHandler@7730ef88{/static,jar:file:/home/user/.m2/repository/org/apache/hadoop/hadoop-hdds-container-service/0.5.0-SNAPSHOT/hadoop-hdds-container-service-0.5.0-SNAPSHOT.jar!/webapps/static,AVAILABLE}
2019-10-14 13:34:12,106 [main] INFO  handler.ContextHandler (ContextHandler.java:doStart(781)) - Started o.e.j.w.WebAppContext@3a7b2e2{/,file:///tmp/jetty-0.0.0.0-40769-hddsDatanode-_-any-3114851771199215391.dir/webapp/,AVAILABLE}{/hddsDatanode}
2019-10-14 13:34:12,107 [main] INFO  server.AbstractConnector (AbstractConnector.java:doStart(278)) - Started ServerConnector@337a6d30{HTTP/1.1,[http/1.1]}{0.0.0.0:40769}
2019-10-14 13:34:12,108 [main] INFO  server.Server (Server.java:doStart(419)) - Started @128277ms
2019-10-14 13:34:12,108 [main] WARN  impl.MetricsSystemImpl (MetricsSystemImpl.java:register(276)) - Sink prometheus already exists!
2019-10-14 13:34:12,109 [main] INFO  server.BaseHttpServer (BaseHttpServer.java:updateConnectorAddress(215)) - HTTP server of HDDSDATANODE is listening at http://0.0.0.0:40769
2019-10-14 13:34:12,109 [main] INFO  impl.MetricsSystemImpl (MetricsSystemImpl.java:init(158)) - HddsDatanode metrics system started (again)
2019-10-14 13:34:12,112 [org.apache.hadoop.util.JvmPauseMonitor$Monitor@113ed330] INFO  util.JvmPauseMonitor (JvmPauseMonitor.java:run(188)) - Starting JVM pause monitor
2019-10-14 13:34:12,112 [main] INFO  ozone.HddsDatanodeService (HddsDatanodeService.java:start(184)) - HddsDatanodeService host:pr-hdds-2196-2-8n2dq-3116116325 ip:192.168.151.106
2019-10-14 13:34:12,113 [Datanode State Machine Thread - 0] INFO  datanode.InitDatanodeState (InitDatanodeState.java:persistContainerDatanodeDetails(140)) - DatanodeDetails is persisted to /workdir/hadoop-ozone/integration-test/target/test-dir/MiniOzoneClusterImpl-a6752234-aa73-4bf4-a580-9e4e2df21123/datanode-3/meta/datanode.id
2019-10-14 13:34:12,121 [main] INFO  volume.HddsVolume (HddsVolume.java:<init>(176)) - Creating Volume: /workdir/hadoop-ozone/integration-test/target/test-dir/MiniOzoneClusterImpl-a6752234-aa73-4bf4-a580-9e4e2df21123/datanode-4/data/containers/hdds of  storage type : DISK and capacity : 1482555576320
2019-10-14 13:34:12,122 [main] INFO  volume.VolumeSet (VolumeSet.java:initializeVolumeSet(170)) - Added Volume : /workdir/hadoop-ozone/integration-test/target/test-dir/MiniOzoneClusterImpl-a6752234-aa73-4bf4-a580-9e4e2df21123/datanode-4/data/containers/hdds to VolumeSet
2019-10-14 13:34:12,122 [main] INFO  volume.ThrottledAsyncChecker (ThrottledAsyncChecker.java:schedule(139)) - Scheduling a check for org.apache.hadoop.ozone.container.common.volume.HddsVolume@566e142
2019-10-14 13:34:12,122 [main] INFO  volume.HddsVolumeChecker (HddsVolumeChecker.java:checkAllVolumes(202)) - Scheduled health check for volume org.apache.hadoop.ozone.container.common.volume.HddsVolume@566e142
2019-10-14 13:34:12,138 [main] INFO  impl.RaftServerProxy (ConfUtils.java:logGet(43)) - raft.rpc.type = GRPC (default)
2019-10-14 13:34:12,138 [main] INFO  grpc.GrpcFactory (GrpcFactory.java:checkPooledByteBufAllocatorUseCacheForAllThreads(45)) - PERFORMANCE WARNING: useCacheForAllThreads is true that may cause Netty to create a lot garbage objects and, as a result, trigger GC.
	It is recommended to disable useCacheForAllThreads by setting -Dorg.apache.ratis.thirdparty.io.netty.allocator.useCacheForAllThreads=false in command line.
2019-10-14 13:34:12,138 [main] INFO  grpc.GrpcConfigKeys$Server (ConfUtils.java:logGet(43)) - raft.grpc.server.port = 0 (default)
2019-10-14 13:34:12,139 [main] INFO  server.GrpcService (ConfUtils.java:logGet(43)) - raft.grpc.message.size.max = 33570816 (custom)
2019-10-14 13:34:12,139 [main] INFO  server.RaftServerConfigKeys (ConfUtils.java:logGet(43)) - raft.server.log.appender.buffer.byte-limit = 33554432 (custom)
2019-10-14 13:34:12,139 [main] INFO  server.GrpcService (ConfUtils.java:logGet(43)) - raft.grpc.flow.control.window = 1MB (=1048576) (default)
2019-10-14 13:34:12,139 [main] INFO  server.RaftServerConfigKeys (ConfUtils.java:logGet(43)) - raft.server.rpc.request.timeout = 3000ms (default)
2019-10-14 13:34:12,140 [main] INFO  server.RaftServerConfigKeys (ConfUtils.java:logGet(43)) - raft.server.storage.dir = [/workdir/hadoop-ozone/integration-test/target/test-dir/MiniOzoneClusterImpl-a6752234-aa73-4bf4-a580-9e4e2df21123/datanode-4/data/ratis] (custom)
2019-10-14 13:34:12,142 [main] INFO  hdfs.DFSUtil (DFSUtil.java:httpServerTemplateForNNAndJN(1641)) - Starting Web-server for hddsDatanode at: http://0.0.0.0:0
2019-10-14 13:34:12,143 [main] INFO  server.AuthenticationFilter (AuthenticationFilter.java:constructSecretProvider(240)) - Unable to initialize FileSignerSecretProvider, falling back to use random secrets.
2019-10-14 13:34:12,144 [main] WARN  http.HttpRequestLog (HttpRequestLog.java:getRequestLog(97)) - Jetty request log can only be enabled using Log4j
2019-10-14 13:34:12,145 [main] INFO  http.HttpServer2 (HttpServer2.java:addGlobalFilter(975)) - Added global filter 'safety' (class=org.apache.hadoop.http.HttpServer2$QuotingInputFilter)
2019-10-14 13:34:12,146 [main] INFO  http.HttpServer2 (HttpServer2.java:addFilter(948)) - Added filter static_user_filter (class=org.apache.hadoop.http.lib.StaticUserWebFilter$StaticUserFilter) to context hddsDatanode
2019-10-14 13:34:12,146 [main] INFO  http.HttpServer2 (HttpServer2.java:addFilter(958)) - Added filter static_user_filter (class=org.apache.hadoop.http.lib.StaticUserWebFilter$StaticUserFilter) to context static
2019-10-14 13:34:12,146 [main] INFO  http.HttpServer2 (HttpServer2.java:addFilter(958)) - Added filter static_user_filter (class=org.apache.hadoop.http.lib.StaticUserWebFilter$StaticUserFilter) to context logs
2019-10-14 13:34:12,147 [main] INFO  http.HttpServer2 (HttpServer2.java:bindListener(1191)) - Jetty bound to port 45957
2019-10-14 13:34:12,147 [main] INFO  server.Server (Server.java:doStart(351)) - jetty-9.3.25.v20180904, build timestamp: 2018-09-04T21:11:46Z, git hash: 3ce520221d0240229c862b122d2b06c12a625732
2019-10-14 13:34:12,149 [main] INFO  handler.ContextHandler (ContextHandler.java:doStart(781)) - Started o.e.j.s.ServletContextHandler@75fe1619{/logs,file:///workdir/hadoop-ozone/integration-test/target/log,AVAILABLE}
2019-10-14 13:34:12,149 [main] INFO  handler.ContextHandler (ContextHandler.java:doStart(781)) - Started o.e.j.s.ServletContextHandler@5d66e944{/static,jar:file:/home/user/.m2/repository/org/apache/hadoop/hadoop-hdds-container-service/0.5.0-SNAPSHOT/hadoop-hdds-container-service-0.5.0-SNAPSHOT.jar!/webapps/static,AVAILABLE}
2019-10-14 13:34:12,185 [main] INFO  handler.ContextHandler (ContextHandler.java:doStart(781)) - Started o.e.j.w.WebAppContext@5e593b08{/,file:///tmp/jetty-0.0.0.0-45957-hddsDatanode-_-any-5859808903058576621.dir/webapp/,AVAILABLE}{/hddsDatanode}
2019-10-14 13:34:12,185 [main] INFO  server.AbstractConnector (AbstractConnector.java:doStart(278)) - Started ServerConnector@3946075{HTTP/1.1,[http/1.1]}{0.0.0.0:45957}
2019-10-14 13:34:12,187 [main] INFO  server.Server (Server.java:doStart(419)) - Started @128356ms
2019-10-14 13:34:12,187 [main] WARN  impl.MetricsSystemImpl (MetricsSystemImpl.java:register(276)) - Sink prometheus already exists!
2019-10-14 13:34:12,188 [main] INFO  server.BaseHttpServer (BaseHttpServer.java:updateConnectorAddress(215)) - HTTP server of HDDSDATANODE is listening at http://0.0.0.0:45957
2019-10-14 13:34:12,188 [main] INFO  impl.MetricsSystemImpl (MetricsSystemImpl.java:init(158)) - HddsDatanode metrics system started (again)
2019-10-14 13:34:12,191 [org.apache.hadoop.util.JvmPauseMonitor$Monitor@49f9afea] INFO  util.JvmPauseMonitor (JvmPauseMonitor.java:run(188)) - Starting JVM pause monitor
2019-10-14 13:34:12,191 [main] INFO  ozone.HddsDatanodeService (HddsDatanodeService.java:start(184)) - HddsDatanodeService host:pr-hdds-2196-2-8n2dq-3116116325 ip:192.168.151.106
2019-10-14 13:34:12,192 [Datanode State Machine Thread - 0] INFO  datanode.InitDatanodeState (InitDatanodeState.java:persistContainerDatanodeDetails(140)) - DatanodeDetails is persisted to /workdir/hadoop-ozone/integration-test/target/test-dir/MiniOzoneClusterImpl-a6752234-aa73-4bf4-a580-9e4e2df21123/datanode-4/meta/datanode.id
2019-10-14 13:34:12,197 [main] INFO  volume.HddsVolume (HddsVolume.java:<init>(176)) - Creating Volume: /workdir/hadoop-ozone/integration-test/target/test-dir/MiniOzoneClusterImpl-a6752234-aa73-4bf4-a580-9e4e2df21123/datanode-5/data/containers/hdds of  storage type : DISK and capacity : 1482555576320
2019-10-14 13:34:12,197 [main] INFO  volume.VolumeSet (VolumeSet.java:initializeVolumeSet(170)) - Added Volume : /workdir/hadoop-ozone/integration-test/target/test-dir/MiniOzoneClusterImpl-a6752234-aa73-4bf4-a580-9e4e2df21123/datanode-5/data/containers/hdds to VolumeSet
2019-10-14 13:34:12,197 [main] INFO  volume.ThrottledAsyncChecker (ThrottledAsyncChecker.java:schedule(139)) - Scheduling a check for org.apache.hadoop.ozone.container.common.volume.HddsVolume@4872669f
2019-10-14 13:34:12,197 [main] INFO  volume.HddsVolumeChecker (HddsVolumeChecker.java:checkAllVolumes(202)) - Scheduled health check for volume org.apache.hadoop.ozone.container.common.volume.HddsVolume@4872669f
2019-10-14 13:34:12,209 [main] INFO  impl.RaftServerProxy (ConfUtils.java:logGet(43)) - raft.rpc.type = GRPC (default)
2019-10-14 13:34:12,210 [main] INFO  grpc.GrpcFactory (GrpcFactory.java:checkPooledByteBufAllocatorUseCacheForAllThreads(45)) - PERFORMANCE WARNING: useCacheForAllThreads is true that may cause Netty to create a lot garbage objects and, as a result, trigger GC.
	It is recommended to disable useCacheForAllThreads by setting -Dorg.apache.ratis.thirdparty.io.netty.allocator.useCacheForAllThreads=false in command line.
2019-10-14 13:34:12,210 [main] INFO  grpc.GrpcConfigKeys$Server (ConfUtils.java:logGet(43)) - raft.grpc.server.port = 0 (default)
2019-10-14 13:34:12,210 [main] INFO  server.GrpcService (ConfUtils.java:logGet(43)) - raft.grpc.message.size.max = 33570816 (custom)
2019-10-14 13:34:12,210 [main] INFO  server.RaftServerConfigKeys (ConfUtils.java:logGet(43)) - raft.server.log.appender.buffer.byte-limit = 33554432 (custom)
2019-10-14 13:34:12,211 [main] INFO  server.GrpcService (ConfUtils.java:logGet(43)) - raft.grpc.flow.control.window = 1MB (=1048576) (default)
2019-10-14 13:34:12,211 [main] INFO  server.RaftServerConfigKeys (ConfUtils.java:logGet(43)) - raft.server.rpc.request.timeout = 3000ms (default)
2019-10-14 13:34:12,211 [main] INFO  server.RaftServerConfigKeys (ConfUtils.java:logGet(43)) - raft.server.storage.dir = [/workdir/hadoop-ozone/integration-test/target/test-dir/MiniOzoneClusterImpl-a6752234-aa73-4bf4-a580-9e4e2df21123/datanode-5/data/ratis] (custom)
2019-10-14 13:34:12,213 [main] INFO  hdfs.DFSUtil (DFSUtil.java:httpServerTemplateForNNAndJN(1641)) - Starting Web-server for hddsDatanode at: http://0.0.0.0:0
2019-10-14 13:34:12,214 [main] INFO  server.AuthenticationFilter (AuthenticationFilter.java:constructSecretProvider(240)) - Unable to initialize FileSignerSecretProvider, falling back to use random secrets.
2019-10-14 13:34:12,215 [main] WARN  http.HttpRequestLog (HttpRequestLog.java:getRequestLog(97)) - Jetty request log can only be enabled using Log4j
2019-10-14 13:34:12,216 [main] INFO  http.HttpServer2 (HttpServer2.java:addGlobalFilter(975)) - Added global filter 'safety' (class=org.apache.hadoop.http.HttpServer2$QuotingInputFilter)
2019-10-14 13:34:12,217 [main] INFO  http.HttpServer2 (HttpServer2.java:addFilter(948)) - Added filter static_user_filter (class=org.apache.hadoop.http.lib.StaticUserWebFilter$StaticUserFilter) to context hddsDatanode
2019-10-14 13:34:12,217 [main] INFO  http.HttpServer2 (HttpServer2.java:addFilter(958)) - Added filter static_user_filter (class=org.apache.hadoop.http.lib.StaticUserWebFilter$StaticUserFilter) to context logs
2019-10-14 13:34:12,217 [main] INFO  http.HttpServer2 (HttpServer2.java:addFilter(958)) - Added filter static_user_filter (class=org.apache.hadoop.http.lib.StaticUserWebFilter$StaticUserFilter) to context static
2019-10-14 13:34:12,218 [main] INFO  http.HttpServer2 (HttpServer2.java:bindListener(1191)) - Jetty bound to port 43467
2019-10-14 13:34:12,219 [main] INFO  server.Server (Server.java:doStart(351)) - jetty-9.3.25.v20180904, build timestamp: 2018-09-04T21:11:46Z, git hash: 3ce520221d0240229c862b122d2b06c12a625732
2019-10-14 13:34:12,221 [main] INFO  handler.ContextHandler (ContextHandler.java:doStart(781)) - Started o.e.j.s.ServletContextHandler@13ed066e{/logs,file:///workdir/hadoop-ozone/integration-test/target/log,AVAILABLE}
2019-10-14 13:34:12,221 [main] INFO  handler.ContextHandler (ContextHandler.java:doStart(781)) - Started o.e.j.s.ServletContextHandler@590765c4{/static,jar:file:/home/user/.m2/repository/org/apache/hadoop/hadoop-hdds-container-service/0.5.0-SNAPSHOT/hadoop-hdds-container-service-0.5.0-SNAPSHOT.jar!/webapps/static,AVAILABLE}
2019-10-14 13:34:12,248 [main] INFO  handler.ContextHandler (ContextHandler.java:doStart(781)) - Started o.e.j.w.WebAppContext@131a7516{/,file:///tmp/jetty-0.0.0.0-43467-hddsDatanode-_-any-2696647410235585317.dir/webapp/,AVAILABLE}{/hddsDatanode}
2019-10-14 13:34:12,248 [main] INFO  server.AbstractConnector (AbstractConnector.java:doStart(278)) - Started ServerConnector@5ae15{HTTP/1.1,[http/1.1]}{0.0.0.0:43467}
2019-10-14 13:34:12,249 [main] INFO  server.Server (Server.java:doStart(419)) - Started @128419ms
2019-10-14 13:34:12,249 [main] WARN  impl.MetricsSystemImpl (MetricsSystemImpl.java:register(276)) - Sink prometheus already exists!
2019-10-14 13:34:12,250 [main] INFO  server.BaseHttpServer (BaseHttpServer.java:updateConnectorAddress(215)) - HTTP server of HDDSDATANODE is listening at http://0.0.0.0:43467
2019-10-14 13:34:12,251 [main] INFO  impl.MetricsSystemImpl (MetricsSystemImpl.java:init(158)) - HddsDatanode metrics system started (again)
2019-10-14 13:34:12,254 [org.apache.hadoop.util.JvmPauseMonitor$Monitor@37233786] INFO  util.JvmPauseMonitor (JvmPauseMonitor.java:run(188)) - Starting JVM pause monitor
2019-10-14 13:34:12,254 [main] INFO  ozone.HddsDatanodeService (HddsDatanodeService.java:start(184)) - HddsDatanodeService host:pr-hdds-2196-2-8n2dq-3116116325 ip:192.168.151.106
2019-10-14 13:34:12,255 [Datanode State Machine Thread - 0] INFO  datanode.InitDatanodeState (InitDatanodeState.java:persistContainerDatanodeDetails(140)) - DatanodeDetails is persisted to /workdir/hadoop-ozone/integration-test/target/test-dir/MiniOzoneClusterImpl-a6752234-aa73-4bf4-a580-9e4e2df21123/datanode-5/meta/datanode.id
2019-10-14 13:34:12,261 [main] INFO  volume.HddsVolume (HddsVolume.java:<init>(176)) - Creating Volume: /workdir/hadoop-ozone/integration-test/target/test-dir/MiniOzoneClusterImpl-a6752234-aa73-4bf4-a580-9e4e2df21123/datanode-6/data/containers/hdds of  storage type : DISK and capacity : 1482555576320
2019-10-14 13:34:12,261 [main] INFO  volume.VolumeSet (VolumeSet.java:initializeVolumeSet(170)) - Added Volume : /workdir/hadoop-ozone/integration-test/target/test-dir/MiniOzoneClusterImpl-a6752234-aa73-4bf4-a580-9e4e2df21123/datanode-6/data/containers/hdds to VolumeSet
2019-10-14 13:34:12,262 [main] INFO  volume.ThrottledAsyncChecker (ThrottledAsyncChecker.java:schedule(139)) - Scheduling a check for org.apache.hadoop.ozone.container.common.volume.HddsVolume@46fc522d
2019-10-14 13:34:12,262 [main] INFO  volume.HddsVolumeChecker (HddsVolumeChecker.java:checkAllVolumes(202)) - Scheduled health check for volume org.apache.hadoop.ozone.container.common.volume.HddsVolume@46fc522d
2019-10-14 13:34:12,274 [main] INFO  impl.RaftServerProxy (ConfUtils.java:logGet(43)) - raft.rpc.type = GRPC (default)
2019-10-14 13:34:12,274 [main] INFO  grpc.GrpcFactory (GrpcFactory.java:checkPooledByteBufAllocatorUseCacheForAllThreads(45)) - PERFORMANCE WARNING: useCacheForAllThreads is true that may cause Netty to create a lot garbage objects and, as a result, trigger GC.
	It is recommended to disable useCacheForAllThreads by setting -Dorg.apache.ratis.thirdparty.io.netty.allocator.useCacheForAllThreads=false in command line.
2019-10-14 13:34:12,275 [main] INFO  grpc.GrpcConfigKeys$Server (ConfUtils.java:logGet(43)) - raft.grpc.server.port = 0 (default)
2019-10-14 13:34:12,275 [main] INFO  server.GrpcService (ConfUtils.java:logGet(43)) - raft.grpc.message.size.max = 33570816 (custom)
2019-10-14 13:34:12,275 [main] INFO  server.RaftServerConfigKeys (ConfUtils.java:logGet(43)) - raft.server.log.appender.buffer.byte-limit = 33554432 (custom)
2019-10-14 13:34:12,275 [main] INFO  server.GrpcService (ConfUtils.java:logGet(43)) - raft.grpc.flow.control.window = 1MB (=1048576) (default)
2019-10-14 13:34:12,275 [main] INFO  server.RaftServerConfigKeys (ConfUtils.java:logGet(43)) - raft.server.rpc.request.timeout = 3000ms (default)
2019-10-14 13:34:12,276 [main] INFO  server.RaftServerConfigKeys (ConfUtils.java:logGet(43)) - raft.server.storage.dir = [/workdir/hadoop-ozone/integration-test/target/test-dir/MiniOzoneClusterImpl-a6752234-aa73-4bf4-a580-9e4e2df21123/datanode-6/data/ratis] (custom)
2019-10-14 13:34:12,277 [main] INFO  hdfs.DFSUtil (DFSUtil.java:httpServerTemplateForNNAndJN(1641)) - Starting Web-server for hddsDatanode at: http://0.0.0.0:0
2019-10-14 13:34:12,278 [main] INFO  server.AuthenticationFilter (AuthenticationFilter.java:constructSecretProvider(240)) - Unable to initialize FileSignerSecretProvider, falling back to use random secrets.
2019-10-14 13:34:12,279 [main] WARN  http.HttpRequestLog (HttpRequestLog.java:getRequestLog(97)) - Jetty request log can only be enabled using Log4j
2019-10-14 13:34:12,280 [main] INFO  http.HttpServer2 (HttpServer2.java:addGlobalFilter(975)) - Added global filter 'safety' (class=org.apache.hadoop.http.HttpServer2$QuotingInputFilter)
2019-10-14 13:34:12,280 [main] INFO  http.HttpServer2 (HttpServer2.java:addFilter(948)) - Added filter static_user_filter (class=org.apache.hadoop.http.lib.StaticUserWebFilter$StaticUserFilter) to context hddsDatanode
2019-10-14 13:34:12,280 [main] INFO  http.HttpServer2 (HttpServer2.java:addFilter(958)) - Added filter static_user_filter (class=org.apache.hadoop.http.lib.StaticUserWebFilter$StaticUserFilter) to context logs
2019-10-14 13:34:12,281 [main] INFO  http.HttpServer2 (HttpServer2.java:addFilter(958)) - Added filter static_user_filter (class=org.apache.hadoop.http.lib.StaticUserWebFilter$StaticUserFilter) to context static
2019-10-14 13:34:12,281 [main] INFO  http.HttpServer2 (HttpServer2.java:bindListener(1191)) - Jetty bound to port 34440
2019-10-14 13:34:12,281 [main] INFO  server.Server (Server.java:doStart(351)) - jetty-9.3.25.v20180904, build timestamp: 2018-09-04T21:11:46Z, git hash: 3ce520221d0240229c862b122d2b06c12a625732
2019-10-14 13:34:12,283 [main] INFO  handler.ContextHandler (ContextHandler.java:doStart(781)) - Started o.e.j.s.ServletContextHandler@44286963{/logs,file:///workdir/hadoop-ozone/integration-test/target/log,AVAILABLE}
2019-10-14 13:34:12,283 [main] INFO  handler.ContextHandler (ContextHandler.java:doStart(781)) - Started o.e.j.s.ServletContextHandler@2b736fee{/static,jar:file:/home/user/.m2/repository/org/apache/hadoop/hadoop-hdds-container-service/0.5.0-SNAPSHOT/hadoop-hdds-container-service-0.5.0-SNAPSHOT.jar!/webapps/static,AVAILABLE}
2019-10-14 13:34:12,309 [main] INFO  handler.ContextHandler (ContextHandler.java:doStart(781)) - Started o.e.j.w.WebAppContext@29079032{/,file:///tmp/jetty-0.0.0.0-34440-hddsDatanode-_-any-3252429669188853421.dir/webapp/,AVAILABLE}{/hddsDatanode}
2019-10-14 13:34:12,310 [main] INFO  server.AbstractConnector (AbstractConnector.java:doStart(278)) - Started ServerConnector@7e7743ec{HTTP/1.1,[http/1.1]}{0.0.0.0:34440}
2019-10-14 13:34:12,311 [main] INFO  server.Server (Server.java:doStart(419)) - Started @128480ms
2019-10-14 13:34:12,311 [main] WARN  impl.MetricsSystemImpl (MetricsSystemImpl.java:register(276)) - Sink prometheus already exists!
2019-10-14 13:34:12,312 [main] INFO  server.BaseHttpServer (BaseHttpServer.java:updateConnectorAddress(215)) - HTTP server of HDDSDATANODE is listening at http://0.0.0.0:34440
2019-10-14 13:34:12,312 [main] INFO  ozone.MiniOzoneClusterImpl (MiniOzoneClusterImpl.java:lambda$waitForClusterToBeReady$0(147)) - Waiting for cluster to be ready. Got 0 of 7 DN Heartbeats.
2019-10-14 13:34:12,313 [org.apache.hadoop.util.JvmPauseMonitor$Monitor@254f5b96] INFO  util.JvmPauseMonitor (JvmPauseMonitor.java:run(188)) - Starting JVM pause monitor
2019-10-14 13:34:12,314 [Datanode State Machine Thread - 0] INFO  datanode.InitDatanodeState (InitDatanodeState.java:persistContainerDatanodeDetails(140)) - DatanodeDetails is persisted to /workdir/hadoop-ozone/integration-test/target/test-dir/MiniOzoneClusterImpl-a6752234-aa73-4bf4-a580-9e4e2df21123/datanode-6/meta/datanode.id
2019-10-14 13:34:13,312 [main] INFO  ozone.MiniOzoneClusterImpl (MiniOzoneClusterImpl.java:lambda$waitForClusterToBeReady$0(147)) - Waiting for cluster to be ready. Got 0 of 7 DN Heartbeats.
2019-10-14 13:34:13,940 [Datanode State Machine Thread - 0] INFO  ozoneimpl.OzoneContainer (OzoneContainer.java:start(217)) - Attempting to start container services.
2019-10-14 13:34:13,941 [Datanode State Machine Thread - 0] INFO  ozoneimpl.OzoneContainer (OzoneContainer.java:startContainerScrub(179)) - Background container scanner has been disabled.
2019-10-14 13:34:13,941 [Datanode State Machine Thread - 0] INFO  ratis.XceiverServerRatis (XceiverServerRatis.java:start(417)) - Starting XceiverServerRatis cf8d3001-8af4-4fc5-b72d-8dcaa9baa2e1 at port 0
2019-10-14 13:34:13,947 [Datanode State Machine Thread - 0] INFO  impl.RaftServerProxy (RaftServerProxy.java:lambda$start$3(299)) - cf8d3001-8af4-4fc5-b72d-8dcaa9baa2e1: start RPC server
2019-10-14 13:34:13,949 [Datanode State Machine Thread - 0] INFO  server.GrpcService (GrpcService.java:startImpl(158)) - cf8d3001-8af4-4fc5-b72d-8dcaa9baa2e1: GrpcService started, listening on 0.0.0.0/0.0.0.0:37475
2019-10-14 13:34:13,949 [Datanode State Machine Thread - 0] INFO  ratis.XceiverServerRatis (XceiverServerRatis.java:start(427)) - XceiverServerRatis cf8d3001-8af4-4fc5-b72d-8dcaa9baa2e1 is started using port 37475
2019-10-14 13:34:13,949 [Datanode State Machine Thread - 0] INFO  server.XceiverServerGrpc (XceiverServerGrpc.java:start(149)) - XceiverServerGrpc cf8d3001-8af4-4fc5-b72d-8dcaa9baa2e1 is started using port 35187
2019-10-14 13:34:14,005 [Datanode State Machine Thread - 0] INFO  ozoneimpl.OzoneContainer (OzoneContainer.java:start(217)) - Attempting to start container services.
2019-10-14 13:34:14,005 [Datanode State Machine Thread - 0] INFO  ozoneimpl.OzoneContainer (OzoneContainer.java:startContainerScrub(179)) - Background container scanner has been disabled.
2019-10-14 13:34:14,005 [Datanode State Machine Thread - 0] INFO  ratis.XceiverServerRatis (XceiverServerRatis.java:start(417)) - Starting XceiverServerRatis 677247a7-29f7-4094-aab0-2aa00681ebef at port 0
2019-10-14 13:34:14,009 [Datanode State Machine Thread - 0] INFO  impl.RaftServerProxy (RaftServerProxy.java:lambda$start$3(299)) - 677247a7-29f7-4094-aab0-2aa00681ebef: start RPC server
2019-10-14 13:34:14,009 [Datanode State Machine Thread - 0] INFO  server.GrpcService (GrpcService.java:startImpl(158)) - 677247a7-29f7-4094-aab0-2aa00681ebef: GrpcService started, listening on 0.0.0.0/0.0.0.0:38287
2019-10-14 13:34:14,010 [Datanode State Machine Thread - 0] INFO  ratis.XceiverServerRatis (XceiverServerRatis.java:start(427)) - XceiverServerRatis 677247a7-29f7-4094-aab0-2aa00681ebef is started using port 38287
2019-10-14 13:34:14,010 [Datanode State Machine Thread - 0] INFO  server.XceiverServerGrpc (XceiverServerGrpc.java:start(149)) - XceiverServerGrpc 677247a7-29f7-4094-aab0-2aa00681ebef is started using port 46618
2019-10-14 13:34:14,066 [Datanode State Machine Thread - 0] INFO  ozoneimpl.OzoneContainer (OzoneContainer.java:start(217)) - Attempting to start container services.
2019-10-14 13:34:14,067 [Datanode State Machine Thread - 0] INFO  ozoneimpl.OzoneContainer (OzoneContainer.java:startContainerScrub(179)) - Background container scanner has been disabled.
2019-10-14 13:34:14,068 [Datanode State Machine Thread - 0] INFO  ratis.XceiverServerRatis (XceiverServerRatis.java:start(417)) - Starting XceiverServerRatis 192e12c5-d762-43c7-a534-44a4e83d726f at port 0
2019-10-14 13:34:14,075 [Datanode State Machine Thread - 0] INFO  impl.RaftServerProxy (RaftServerProxy.java:lambda$start$3(299)) - 192e12c5-d762-43c7-a534-44a4e83d726f: start RPC server
2019-10-14 13:34:14,075 [Datanode State Machine Thread - 0] INFO  server.GrpcService (GrpcService.java:startImpl(158)) - 192e12c5-d762-43c7-a534-44a4e83d726f: GrpcService started, listening on 0.0.0.0/0.0.0.0:43637
2019-10-14 13:34:14,075 [Datanode State Machine Thread - 0] INFO  ratis.XceiverServerRatis (XceiverServerRatis.java:start(427)) - XceiverServerRatis 192e12c5-d762-43c7-a534-44a4e83d726f is started using port 43637
2019-10-14 13:34:14,078 [Datanode State Machine Thread - 0] INFO  server.XceiverServerGrpc (XceiverServerGrpc.java:start(149)) - XceiverServerGrpc 192e12c5-d762-43c7-a534-44a4e83d726f is started using port 38371
2019-10-14 13:34:14,125 [Datanode State Machine Thread - 0] INFO  ozoneimpl.OzoneContainer (OzoneContainer.java:start(217)) - Attempting to start container services.
2019-10-14 13:34:14,126 [Datanode State Machine Thread - 0] INFO  ozoneimpl.OzoneContainer (OzoneContainer.java:startContainerScrub(179)) - Background container scanner has been disabled.
2019-10-14 13:34:14,126 [Datanode State Machine Thread - 0] INFO  ratis.XceiverServerRatis (XceiverServerRatis.java:start(417)) - Starting XceiverServerRatis a6712901-e026-4fd7-a922-07387a52e36c at port 0
2019-10-14 13:34:14,130 [Datanode State Machine Thread - 0] INFO  impl.RaftServerProxy (RaftServerProxy.java:lambda$start$3(299)) - a6712901-e026-4fd7-a922-07387a52e36c: start RPC server
2019-10-14 13:34:14,131 [Datanode State Machine Thread - 0] INFO  server.GrpcService (GrpcService.java:startImpl(158)) - a6712901-e026-4fd7-a922-07387a52e36c: GrpcService started, listening on 0.0.0.0/0.0.0.0:35639
2019-10-14 13:34:14,131 [Datanode State Machine Thread - 0] INFO  ratis.XceiverServerRatis (XceiverServerRatis.java:start(427)) - XceiverServerRatis a6712901-e026-4fd7-a922-07387a52e36c is started using port 35639
2019-10-14 13:34:14,131 [Datanode State Machine Thread - 0] INFO  server.XceiverServerGrpc (XceiverServerGrpc.java:start(149)) - XceiverServerGrpc a6712901-e026-4fd7-a922-07387a52e36c is started using port 43481
2019-10-14 13:34:14,206 [Datanode State Machine Thread - 0] INFO  ozoneimpl.OzoneContainer (OzoneContainer.java:start(217)) - Attempting to start container services.
2019-10-14 13:34:14,206 [Datanode State Machine Thread - 0] INFO  ozoneimpl.OzoneContainer (OzoneContainer.java:startContainerScrub(179)) - Background container scanner has been disabled.
2019-10-14 13:34:14,207 [Datanode State Machine Thread - 0] INFO  ratis.XceiverServerRatis (XceiverServerRatis.java:start(417)) - Starting XceiverServerRatis 6128f1ab-045c-4eff-a4af-3985c7b476ad at port 0
2019-10-14 13:34:14,213 [Datanode State Machine Thread - 0] INFO  impl.RaftServerProxy (RaftServerProxy.java:lambda$start$3(299)) - 6128f1ab-045c-4eff-a4af-3985c7b476ad: start RPC server
2019-10-14 13:34:14,216 [Datanode State Machine Thread - 0] INFO  server.GrpcService (GrpcService.java:startImpl(158)) - 6128f1ab-045c-4eff-a4af-3985c7b476ad: GrpcService started, listening on 0.0.0.0/0.0.0.0:46196
2019-10-14 13:34:14,216 [Datanode State Machine Thread - 0] INFO  ratis.XceiverServerRatis (XceiverServerRatis.java:start(427)) - XceiverServerRatis 6128f1ab-045c-4eff-a4af-3985c7b476ad is started using port 46196
2019-10-14 13:34:14,217 [Datanode State Machine Thread - 0] INFO  server.XceiverServerGrpc (XceiverServerGrpc.java:start(149)) - XceiverServerGrpc 6128f1ab-045c-4eff-a4af-3985c7b476ad is started using port 44451
2019-10-14 13:34:14,267 [Datanode State Machine Thread - 0] INFO  ozoneimpl.OzoneContainer (OzoneContainer.java:start(217)) - Attempting to start container services.
2019-10-14 13:34:14,268 [Datanode State Machine Thread - 0] INFO  ozoneimpl.OzoneContainer (OzoneContainer.java:startContainerScrub(179)) - Background container scanner has been disabled.
2019-10-14 13:34:14,268 [Datanode State Machine Thread - 0] INFO  ratis.XceiverServerRatis (XceiverServerRatis.java:start(417)) - Starting XceiverServerRatis 6042bbee-a3dd-471c-98e6-20ab52f267be at port 0
2019-10-14 13:34:14,274 [Datanode State Machine Thread - 0] INFO  impl.RaftServerProxy (RaftServerProxy.java:lambda$start$3(299)) - 6042bbee-a3dd-471c-98e6-20ab52f267be: start RPC server
2019-10-14 13:34:14,277 [Datanode State Machine Thread - 0] INFO  server.GrpcService (GrpcService.java:startImpl(158)) - 6042bbee-a3dd-471c-98e6-20ab52f267be: GrpcService started, listening on 0.0.0.0/0.0.0.0:35072
2019-10-14 13:34:14,277 [Datanode State Machine Thread - 0] INFO  ratis.XceiverServerRatis (XceiverServerRatis.java:start(427)) - XceiverServerRatis 6042bbee-a3dd-471c-98e6-20ab52f267be is started using port 35072
2019-10-14 13:34:14,278 [Datanode State Machine Thread - 0] INFO  server.XceiverServerGrpc (XceiverServerGrpc.java:start(149)) - XceiverServerGrpc 6042bbee-a3dd-471c-98e6-20ab52f267be is started using port 42430
2019-10-14 13:34:14,313 [main] INFO  ozone.MiniOzoneClusterImpl (MiniOzoneClusterImpl.java:lambda$waitForClusterToBeReady$0(147)) - Waiting for cluster to be ready. Got 0 of 7 DN Heartbeats.
2019-10-14 13:34:14,326 [Datanode State Machine Thread - 0] INFO  ozoneimpl.OzoneContainer (OzoneContainer.java:start(217)) - Attempting to start container services.
2019-10-14 13:34:14,326 [Datanode State Machine Thread - 0] INFO  ozoneimpl.OzoneContainer (OzoneContainer.java:startContainerScrub(179)) - Background container scanner has been disabled.
2019-10-14 13:34:14,326 [Datanode State Machine Thread - 0] INFO  ratis.XceiverServerRatis (XceiverServerRatis.java:start(417)) - Starting XceiverServerRatis 0d0d0d52-104b-4e67-b273-225133011c15 at port 0
2019-10-14 13:34:14,331 [Datanode State Machine Thread - 0] INFO  impl.RaftServerProxy (RaftServerProxy.java:lambda$start$3(299)) - 0d0d0d52-104b-4e67-b273-225133011c15: start RPC server
2019-10-14 13:34:14,332 [Datanode State Machine Thread - 0] INFO  server.GrpcService (GrpcService.java:startImpl(158)) - 0d0d0d52-104b-4e67-b273-225133011c15: GrpcService started, listening on 0.0.0.0/0.0.0.0:46861
2019-10-14 13:34:14,332 [Datanode State Machine Thread - 0] INFO  ratis.XceiverServerRatis (XceiverServerRatis.java:start(427)) - XceiverServerRatis 0d0d0d52-104b-4e67-b273-225133011c15 is started using port 46861
2019-10-14 13:34:14,332 [Datanode State Machine Thread - 0] INFO  server.XceiverServerGrpc (XceiverServerGrpc.java:start(149)) - XceiverServerGrpc 0d0d0d52-104b-4e67-b273-225133011c15 is started using port 43704
2019-10-14 13:34:15,314 [main] INFO  ozone.MiniOzoneClusterImpl (MiniOzoneClusterImpl.java:lambda$waitForClusterToBeReady$0(147)) - Waiting for cluster to be ready. Got 0 of 7 DN Heartbeats.
2019-10-14 13:34:15,921 [IPC Server handler 1 on 34827] INFO  net.NetworkTopology (NetworkTopologyImpl.java:add(111)) - Added a new node: /default-rack/cf8d3001-8af4-4fc5-b72d-8dcaa9baa2e1
2019-10-14 13:34:15,924 [IPC Server handler 1 on 34827] INFO  node.SCMNodeManager (SCMNodeManager.java:register(313)) - Registered Data node : cf8d3001-8af4-4fc5-b72d-8dcaa9baa2e1{ip: 192.168.151.106, host: pr-hdds-2196-2-8n2dq-3116116325, networkLocation: /default-rack, certSerialId: null}
2019-10-14 13:34:15,925 [EventQueue-NodeRegistrationContainerReportForDataNodeSafeModeRule] INFO  safemode.SCMSafeModeManager (DataNodeSafeModeRule.java:process(71)) - SCM in safe mode. 1 DataNodes registered, 1 required.
2019-10-14 13:34:15,928 [EventQueue-NodeRegistrationContainerReportForDataNodeSafeModeRule] INFO  safemode.SCMSafeModeManager (SCMSafeModeManager.java:validateSafeModeExitRules(177)) - ScmSafeModeManager, all rules are successfully validated
2019-10-14 13:34:15,928 [EventQueue-NodeRegistrationContainerReportForDataNodeSafeModeRule] INFO  safemode.SCMSafeModeManager (SCMSafeModeManager.java:exitSafeMode(193)) - SCM exiting safe mode.
2019-10-14 13:34:15,939 [grpc-default-executor-5] INFO  impl.RaftServerProxy (RaftServerProxy.java:addNew(89)) - cf8d3001-8af4-4fc5-b72d-8dcaa9baa2e1: addNew group-450A89F2C1F6:[cf8d3001-8af4-4fc5-b72d-8dcaa9baa2e1:192.168.151.106:37475] returns group-450A89F2C1F6:java.util.concurrent.CompletableFuture@104ed397[Not completed]
2019-10-14 13:34:15,941 [pool-207-thread-1] INFO  impl.RaftServerImpl (RaftServerImpl.java:<init>(95)) - cf8d3001-8af4-4fc5-b72d-8dcaa9baa2e1: new RaftServerImpl for group-450A89F2C1F6:[cf8d3001-8af4-4fc5-b72d-8dcaa9baa2e1:192.168.151.106:37475] with ContainerStateMachine:uninitialized
2019-10-14 13:34:15,941 [pool-207-thread-1] INFO  server.RaftServerConfigKeys (ConfUtils.java:logGet(43)) - raft.server.rpc.timeout.min = 5s (custom)
2019-10-14 13:34:15,941 [pool-207-thread-1] INFO  server.RaftServerConfigKeys (ConfUtils.java:logGet(43)) - raft.server.rpc.timeout.max = 5200ms (custom)
2019-10-14 13:34:15,942 [pool-207-thread-1] INFO  server.RaftServerConfigKeys (ConfUtils.java:logGet(43)) - raft.server.rpcslowness.timeout = 120s (custom)
2019-10-14 13:34:15,942 [pool-207-thread-1] INFO  server.RaftServerConfigKeys (ConfUtils.java:logGet(43)) - raft.server.sleep.deviation.threshold = 300 (default)
2019-10-14 13:34:15,942 [pool-207-thread-1] INFO  server.RaftServerConfigKeys (ConfUtils.java:logGet(43)) - raft.server.log.appender.install.snapshot.enabled = false (custom)
2019-10-14 13:34:15,942 [pool-207-thread-1] INFO  impl.RaftServerImpl (ServerState.java:<init>(103)) - cf8d3001-8af4-4fc5-b72d-8dcaa9baa2e1@group-450A89F2C1F6: ConfigurationManager, init=-1: [cf8d3001-8af4-4fc5-b72d-8dcaa9baa2e1:192.168.151.106:37475], old=null, confs=<EMPTY_MAP>
2019-10-14 13:34:15,942 [pool-207-thread-1] INFO  server.RaftServerConfigKeys (ConfUtils.java:logGet(43)) - raft.server.storage.dir = [/workdir/hadoop-ozone/integration-test/target/test-dir/MiniOzoneClusterImpl-a6752234-aa73-4bf4-a580-9e4e2df21123/datanode-0/data/ratis] (custom)
2019-10-14 13:34:15,943 [pool-207-thread-1] INFO  server.RaftServerConfigKeys (ConfUtils.java:logGet(43)) - raft.server.log.corruption.policy = EXCEPTION (default)
2019-10-14 13:34:15,943 [pool-207-thread-1] INFO  storage.RaftStorageDirectory (RaftStorageDirectory.java:analyzeStorage(246)) - The storage directory /workdir/hadoop-ozone/integration-test/target/test-dir/MiniOzoneClusterImpl-a6752234-aa73-4bf4-a580-9e4e2df21123/datanode-0/data/ratis/bc56bd4e-84bb-4fd9-953b-450a89f2c1f6 does not exist. Creating ...
2019-10-14 13:34:15,956 [pool-207-thread-1] INFO  storage.RaftStorageDirectory (RaftStorageDirectory.java:tryLock(328)) - Lock on /workdir/hadoop-ozone/integration-test/target/test-dir/MiniOzoneClusterImpl-a6752234-aa73-4bf4-a580-9e4e2df21123/datanode-0/data/ratis/bc56bd4e-84bb-4fd9-953b-450a89f2c1f6/in_use.lock acquired by nodename 26870@pr-hdds-2196-2-8n2dq-3116116325
2019-10-14 13:34:15,960 [pool-207-thread-1] INFO  storage.RaftStorage (RaftStorage.java:format(84)) - Storage directory /workdir/hadoop-ozone/integration-test/target/test-dir/MiniOzoneClusterImpl-a6752234-aa73-4bf4-a580-9e4e2df21123/datanode-0/data/ratis/bc56bd4e-84bb-4fd9-953b-450a89f2c1f6 has been successfully formatted.
2019-10-14 13:34:15,961 [pool-207-thread-1] INFO  ratis.ContainerStateMachine (ContainerStateMachine.java:loadSnapshot(230)) - group-450A89F2C1F6: The snapshot info is null. Setting the last applied indexto:(t:0, i:~)
2019-10-14 13:34:15,961 [pool-207-thread-1] INFO  server.RaftServerConfigKeys (ConfUtils.java:logGet(43)) - raft.server.notification.no-leader.timeout = 120s (custom)
2019-10-14 13:34:15,961 [pool-207-thread-1] INFO  server.RaftServerConfigKeys (ConfUtils.java:logGet(43)) - raft.server.log.use.memory = false (default)
2019-10-14 13:34:15,961 [pool-207-thread-1] INFO  server.RaftServerConfigKeys (ConfUtils.java:logGet(43)) - raft.server.log.purge.gap = 1000000 (custom)
2019-10-14 13:34:15,961 [pool-207-thread-1] INFO  server.RaftServerConfigKeys (ConfUtils.java:logGet(43)) - raft.server.log.appender.buffer.byte-limit = 33554432 (custom)
2019-10-14 13:34:15,961 [pool-207-thread-1] INFO  server.RaftServerConfigKeys (ConfUtils.java:logGet(43)) - raft.server.log.segment.size.max = 1048576 (custom)
2019-10-14 13:34:15,964 [pool-207-thread-1] INFO  server.RaftServerConfigKeys (ConfUtils.java:logGet(43)) - raft.server.log.segment.cache.num.max = 2 (custom)
2019-10-14 13:34:15,964 [pool-207-thread-1] INFO  segmented.SegmentedRaftLogWorker (SegmentedRaftLogWorker.java:<init>(173)) - new cf8d3001-8af4-4fc5-b72d-8dcaa9baa2e1@group-450A89F2C1F6-SegmentedRaftLogWorker for RaftStorage:Storage Directory /workdir/hadoop-ozone/integration-test/target/test-dir/MiniOzoneClusterImpl-a6752234-aa73-4bf4-a580-9e4e2df21123/datanode-0/data/ratis/bc56bd4e-84bb-4fd9-953b-450a89f2c1f6
2019-10-14 13:34:15,965 [pool-207-thread-1] INFO  server.RaftServerConfigKeys (ConfUtils.java:logGet(43)) - raft.server.log.queue.byte-limit = 2147483647 (custom)
2019-10-14 13:34:15,965 [pool-207-thread-1] INFO  server.RaftServerConfigKeys (ConfUtils.java:logGet(43)) - raft.server.log.queue.element-limit = 1024 (custom)
2019-10-14 13:34:15,965 [pool-207-thread-1] INFO  server.RaftServerConfigKeys (ConfUtils.java:logGet(43)) - raft.server.log.segment.size.max = 1048576 (custom)
2019-10-14 13:34:15,965 [pool-207-thread-1] INFO  server.RaftServerConfigKeys (ConfUtils.java:logGet(43)) - raft.server.log.preallocated.size = 16384 (custom)
2019-10-14 13:34:15,966 [pool-207-thread-1] INFO  server.RaftServerConfigKeys (ConfUtils.java:logGet(43)) - raft.server.log.write.buffer.size = 33554432 (custom)
2019-10-14 13:34:15,966 [pool-207-thread-1] INFO  server.RaftServerConfigKeys (ConfUtils.java:logGet(43)) - raft.server.log.force.sync.num = 128 (default)
2019-10-14 13:34:15,966 [pool-207-thread-1] INFO  server.RaftServerConfigKeys (ConfUtils.java:logGet(43)) - raft.server.log.statemachine.data.sync = true (default)
2019-10-14 13:34:15,966 [pool-207-thread-1] INFO  server.RaftServerConfigKeys (ConfUtils.java:logGet(43)) - raft.server.log.statemachine.data.sync.timeout = 10s (default)
2019-10-14 13:34:15,966 [pool-207-thread-1] INFO  server.RaftServerConfigKeys (ConfUtils.java:logGet(43)) - raft.server.log.statemachine.data.sync.timeout.retry = -1 (default)
2019-10-14 13:34:15,967 [pool-207-thread-1] INFO  server.RaftServerConfigKeys (ConfUtils.java:logGet(43)) - raft.server.log.statemachine.data.caching.enabled = true (custom)
2019-10-14 13:34:15,968 [pool-207-thread-1] INFO  segmented.SegmentedRaftLogWorker (SegmentedRaftLogWorker.java:lambda$new$0(128)) - cf8d3001-8af4-4fc5-b72d-8dcaa9baa2e1@group-450A89F2C1F6-SegmentedRaftLogWorker: flushIndex: setUnconditionally 0 -> -1
2019-10-14 13:34:15,969 [pool-207-thread-1] INFO  server.RaftServerConfigKeys (ConfUtils.java:logGet(43)) - raft.server.snapshot.auto.trigger.enabled = true (custom)
2019-10-14 13:34:15,969 [pool-207-thread-1] INFO  server.RaftServerConfigKeys (ConfUtils.java:logGet(43)) - raft.server.snapshot.auto.trigger.threshold = 10000 (custom)
2019-10-14 13:34:15,969 [pool-207-thread-1] INFO  server.RaftServerConfigKeys (ConfUtils.java:logGet(43)) - raft.server.snapshot.retention.file.num = 5 (custom)
2019-10-14 13:34:15,969 [pool-207-thread-1] INFO  server.RaftServerConfigKeys (ConfUtils.java:logGet(43)) - raft.server.retrycache.expirytime = 600000ms (custom)
2019-10-14 13:34:15,972 [pool-207-thread-1] INFO  impl.RaftServerImpl (RaftServerImpl.java:start(181)) - cf8d3001-8af4-4fc5-b72d-8dcaa9baa2e1@group-450A89F2C1F6: start as a follower, conf=-1: [cf8d3001-8af4-4fc5-b72d-8dcaa9baa2e1:192.168.151.106:37475], old=null
2019-10-14 13:34:15,972 [pool-207-thread-1] INFO  impl.RaftServerImpl (RaftServerImpl.java:setRole(170)) - cf8d3001-8af4-4fc5-b72d-8dcaa9baa2e1@group-450A89F2C1F6: changes role from      null to FOLLOWER at term 0 for startAsFollower
2019-10-14 13:34:15,972 [pool-207-thread-1] INFO  impl.RoleInfo (RoleInfo.java:updateAndGet(143)) - cf8d3001-8af4-4fc5-b72d-8dcaa9baa2e1: start FollowerState
2019-10-14 13:34:15,973 [pool-207-thread-1] INFO  util.JmxRegister (JmxRegister.java:tryRegister(44)) - Successfully registered JMX Bean with object name Ratis:service=RaftServer,group=group-450A89F2C1F6,id=cf8d3001-8af4-4fc5-b72d-8dcaa9baa2e1
2019-10-14 13:34:15,981 [RatisPipelineUtilsThread] INFO  pipeline.PipelineStateManager (PipelineStateManager.java:addPipeline(56)) - Created pipeline Pipeline[ Id: bc56bd4e-84bb-4fd9-953b-450a89f2c1f6, Nodes: cf8d3001-8af4-4fc5-b72d-8dcaa9baa2e1{ip: 192.168.151.106, host: pr-hdds-2196-2-8n2dq-3116116325, networkLocation: /default-rack, certSerialId: null}, Type:RATIS, Factor:ONE, State:OPEN]
2019-10-14 13:34:15,990 [IPC Server handler 2 on 34827] INFO  net.NetworkTopology (NetworkTopologyImpl.java:add(111)) - Added a new node: /default-rack/677247a7-29f7-4094-aab0-2aa00681ebef
2019-10-14 13:34:15,990 [IPC Server handler 2 on 34827] INFO  node.SCMNodeManager (SCMNodeManager.java:register(313)) - Registered Data node : 677247a7-29f7-4094-aab0-2aa00681ebef{ip: 192.168.151.106, host: pr-hdds-2196-2-8n2dq-3116116325, networkLocation: /default-rack, certSerialId: null}
2019-10-14 13:34:16,011 [grpc-default-executor-5] INFO  impl.RaftServerProxy (RaftServerProxy.java:addNew(89)) - 677247a7-29f7-4094-aab0-2aa00681ebef: addNew group-ED3E21EEEB09:[677247a7-29f7-4094-aab0-2aa00681ebef:192.168.151.106:38287] returns group-ED3E21EEEB09:java.util.concurrent.CompletableFuture@334c63cb[Not completed]
2019-10-14 13:34:16,012 [pool-217-thread-1] INFO  impl.RaftServerImpl (RaftServerImpl.java:<init>(95)) - 677247a7-29f7-4094-aab0-2aa00681ebef: new RaftServerImpl for group-ED3E21EEEB09:[677247a7-29f7-4094-aab0-2aa00681ebef:192.168.151.106:38287] with ContainerStateMachine:uninitialized
2019-10-14 13:34:16,012 [pool-217-thread-1] INFO  server.RaftServerConfigKeys (ConfUtils.java:logGet(43)) - raft.server.rpc.timeout.min = 5s (custom)
2019-10-14 13:34:16,013 [pool-217-thread-1] INFO  server.RaftServerConfigKeys (ConfUtils.java:logGet(43)) - raft.server.rpc.timeout.max = 5200ms (custom)
2019-10-14 13:34:16,013 [pool-217-thread-1] INFO  server.RaftServerConfigKeys (ConfUtils.java:logGet(43)) - raft.server.rpcslowness.timeout = 120s (custom)
2019-10-14 13:34:16,013 [pool-217-thread-1] INFO  server.RaftServerConfigKeys (ConfUtils.java:logGet(43)) - raft.server.sleep.deviation.threshold = 300 (default)
2019-10-14 13:34:16,013 [pool-217-thread-1] INFO  server.RaftServerConfigKeys (ConfUtils.java:logGet(43)) - raft.server.log.appender.install.snapshot.enabled = false (custom)
2019-10-14 13:34:16,013 [pool-217-thread-1] INFO  impl.RaftServerImpl (ServerState.java:<init>(103)) - 677247a7-29f7-4094-aab0-2aa00681ebef@group-ED3E21EEEB09: ConfigurationManager, init=-1: [677247a7-29f7-4094-aab0-2aa00681ebef:192.168.151.106:38287], old=null, confs=<EMPTY_MAP>
2019-10-14 13:34:16,013 [pool-217-thread-1] INFO  server.RaftServerConfigKeys (ConfUtils.java:logGet(43)) - raft.server.storage.dir = [/workdir/hadoop-ozone/integration-test/target/test-dir/MiniOzoneClusterImpl-a6752234-aa73-4bf4-a580-9e4e2df21123/datanode-1/data/ratis] (custom)
2019-10-14 13:34:16,014 [pool-217-thread-1] INFO  server.RaftServerConfigKeys (ConfUtils.java:logGet(43)) - raft.server.log.corruption.policy = EXCEPTION (default)
2019-10-14 13:34:16,014 [pool-217-thread-1] INFO  storage.RaftStorageDirectory (RaftStorageDirectory.java:analyzeStorage(246)) - The storage directory /workdir/hadoop-ozone/integration-test/target/test-dir/MiniOzoneClusterImpl-a6752234-aa73-4bf4-a580-9e4e2df21123/datanode-1/data/ratis/12b4c842-78d6-4709-a5e2-ed3e21eeeb09 does not exist. Creating ...
2019-10-14 13:34:16,026 [pool-217-thread-1] INFO  storage.RaftStorageDirectory (RaftStorageDirectory.java:tryLock(328)) - Lock on /workdir/hadoop-ozone/integration-test/target/test-dir/MiniOzoneClusterImpl-a6752234-aa73-4bf4-a580-9e4e2df21123/datanode-1/data/ratis/12b4c842-78d6-4709-a5e2-ed3e21eeeb09/in_use.lock acquired by nodename 26870@pr-hdds-2196-2-8n2dq-3116116325
2019-10-14 13:34:16,030 [pool-217-thread-1] INFO  storage.RaftStorage (RaftStorage.java:format(84)) - Storage directory /workdir/hadoop-ozone/integration-test/target/test-dir/MiniOzoneClusterImpl-a6752234-aa73-4bf4-a580-9e4e2df21123/datanode-1/data/ratis/12b4c842-78d6-4709-a5e2-ed3e21eeeb09 has been successfully formatted.
2019-10-14 13:34:16,030 [pool-217-thread-1] INFO  ratis.ContainerStateMachine (ContainerStateMachine.java:loadSnapshot(230)) - group-ED3E21EEEB09: The snapshot info is null. Setting the last applied indexto:(t:0, i:~)
2019-10-14 13:34:16,030 [pool-217-thread-1] INFO  server.RaftServerConfigKeys (ConfUtils.java:logGet(43)) - raft.server.notification.no-leader.timeout = 120s (custom)
2019-10-14 13:34:16,031 [pool-217-thread-1] INFO  server.RaftServerConfigKeys (ConfUtils.java:logGet(43)) - raft.server.log.use.memory = false (default)
2019-10-14 13:34:16,031 [pool-217-thread-1] INFO  server.RaftServerConfigKeys (ConfUtils.java:logGet(43)) - raft.server.log.purge.gap = 1000000 (custom)
2019-10-14 13:34:16,031 [pool-217-thread-1] INFO  server.RaftServerConfigKeys (ConfUtils.java:logGet(43)) - raft.server.log.appender.buffer.byte-limit = 33554432 (custom)
2019-10-14 13:34:16,031 [pool-217-thread-1] INFO  server.RaftServerConfigKeys (ConfUtils.java:logGet(43)) - raft.server.log.segment.size.max = 1048576 (custom)
2019-10-14 13:34:16,033 [pool-217-thread-1] INFO  server.RaftServerConfigKeys (ConfUtils.java:logGet(43)) - raft.server.log.segment.cache.num.max = 2 (custom)
2019-10-14 13:34:16,033 [pool-217-thread-1] INFO  segmented.SegmentedRaftLogWorker (SegmentedRaftLogWorker.java:<init>(173)) - new 677247a7-29f7-4094-aab0-2aa00681ebef@group-ED3E21EEEB09-SegmentedRaftLogWorker for RaftStorage:Storage Directory /workdir/hadoop-ozone/integration-test/target/test-dir/MiniOzoneClusterImpl-a6752234-aa73-4bf4-a580-9e4e2df21123/datanode-1/data/ratis/12b4c842-78d6-4709-a5e2-ed3e21eeeb09
2019-10-14 13:34:16,033 [pool-217-thread-1] INFO  server.RaftServerConfigKeys (ConfUtils.java:logGet(43)) - raft.server.log.queue.byte-limit = 2147483647 (custom)
2019-10-14 13:34:16,034 [pool-217-thread-1] INFO  server.RaftServerConfigKeys (ConfUtils.java:logGet(43)) - raft.server.log.queue.element-limit = 1024 (custom)
2019-10-14 13:34:16,034 [pool-217-thread-1] INFO  server.RaftServerConfigKeys (ConfUtils.java:logGet(43)) - raft.server.log.segment.size.max = 1048576 (custom)
2019-10-14 13:34:16,034 [pool-217-thread-1] INFO  server.RaftServerConfigKeys (ConfUtils.java:logGet(43)) - raft.server.log.preallocated.size = 16384 (custom)
2019-10-14 13:34:16,034 [pool-217-thread-1] INFO  server.RaftServerConfigKeys (ConfUtils.java:logGet(43)) - raft.server.log.write.buffer.size = 33554432 (custom)
2019-10-14 13:34:16,034 [pool-217-thread-1] INFO  server.RaftServerConfigKeys (ConfUtils.java:logGet(43)) - raft.server.log.force.sync.num = 128 (default)
2019-10-14 13:34:16,034 [pool-217-thread-1] INFO  server.RaftServerConfigKeys (ConfUtils.java:logGet(43)) - raft.server.log.statemachine.data.sync = true (default)
2019-10-14 13:34:16,034 [pool-217-thread-1] INFO  server.RaftServerConfigKeys (ConfUtils.java:logGet(43)) - raft.server.log.statemachine.data.sync.timeout = 10s (default)
2019-10-14 13:34:16,035 [pool-217-thread-1] INFO  server.RaftServerConfigKeys (ConfUtils.java:logGet(43)) - raft.server.log.statemachine.data.sync.timeout.retry = -1 (default)
2019-10-14 13:34:16,035 [pool-217-thread-1] INFO  server.RaftServerConfigKeys (ConfUtils.java:logGet(43)) - raft.server.log.statemachine.data.caching.enabled = true (custom)
2019-10-14 13:34:16,035 [pool-217-thread-1] INFO  segmented.SegmentedRaftLogWorker (SegmentedRaftLogWorker.java:lambda$new$0(128)) - 677247a7-29f7-4094-aab0-2aa00681ebef@group-ED3E21EEEB09-SegmentedRaftLogWorker: flushIndex: setUnconditionally 0 -> -1
2019-10-14 13:34:16,036 [pool-217-thread-1] INFO  server.RaftServerConfigKeys (ConfUtils.java:logGet(43)) - raft.server.snapshot.auto.trigger.enabled = true (custom)
2019-10-14 13:34:16,036 [pool-217-thread-1] INFO  server.RaftServerConfigKeys (ConfUtils.java:logGet(43)) - raft.server.snapshot.auto.trigger.threshold = 10000 (custom)
2019-10-14 13:34:16,036 [pool-217-thread-1] INFO  server.RaftServerConfigKeys (ConfUtils.java:logGet(43)) - raft.server.snapshot.retention.file.num = 5 (custom)
2019-10-14 13:34:16,036 [pool-217-thread-1] INFO  server.RaftServerConfigKeys (ConfUtils.java:logGet(43)) - raft.server.retrycache.expirytime = 600000ms (custom)
2019-10-14 13:34:16,038 [pool-217-thread-1] INFO  impl.RaftServerImpl (RaftServerImpl.java:start(181)) - 677247a7-29f7-4094-aab0-2aa00681ebef@group-ED3E21EEEB09: start as a follower, conf=-1: [677247a7-29f7-4094-aab0-2aa00681ebef:192.168.151.106:38287], old=null
2019-10-14 13:34:16,038 [pool-217-thread-1] INFO  impl.RaftServerImpl (RaftServerImpl.java:setRole(170)) - 677247a7-29f7-4094-aab0-2aa00681ebef@group-ED3E21EEEB09: changes role from      null to FOLLOWER at term 0 for startAsFollower
2019-10-14 13:34:16,038 [pool-217-thread-1] INFO  impl.RoleInfo (RoleInfo.java:updateAndGet(143)) - 677247a7-29f7-4094-aab0-2aa00681ebef: start FollowerState
2019-10-14 13:34:16,038 [pool-217-thread-1] INFO  util.JmxRegister (JmxRegister.java:tryRegister(44)) - Successfully registered JMX Bean with object name Ratis:service=RaftServer,group=group-ED3E21EEEB09,id=677247a7-29f7-4094-aab0-2aa00681ebef
2019-10-14 13:34:16,044 [RatisPipelineUtilsThread] INFO  pipeline.PipelineStateManager (PipelineStateManager.java:addPipeline(56)) - Created pipeline Pipeline[ Id: 12b4c842-78d6-4709-a5e2-ed3e21eeeb09, Nodes: 677247a7-29f7-4094-aab0-2aa00681ebef{ip: 192.168.151.106, host: pr-hdds-2196-2-8n2dq-3116116325, networkLocation: /default-rack, certSerialId: null}, Type:RATIS, Factor:ONE, State:OPEN]
2019-10-14 13:34:16,052 [IPC Server handler 3 on 34827] INFO  net.NetworkTopology (NetworkTopologyImpl.java:add(111)) - Added a new node: /default-rack/192e12c5-d762-43c7-a534-44a4e83d726f
2019-10-14 13:34:16,052 [IPC Server handler 3 on 34827] INFO  node.SCMNodeManager (SCMNodeManager.java:register(313)) - Registered Data node : 192e12c5-d762-43c7-a534-44a4e83d726f{ip: 192.168.151.106, host: pr-hdds-2196-2-8n2dq-3116116325, networkLocation: /default-rack, certSerialId: null}
2019-10-14 13:34:16,059 [grpc-default-executor-5] INFO  impl.RaftServerProxy (RaftServerProxy.java:addNew(89)) - 192e12c5-d762-43c7-a534-44a4e83d726f: addNew group-9E9337FF5116:[192e12c5-d762-43c7-a534-44a4e83d726f:192.168.151.106:43637] returns group-9E9337FF5116:java.util.concurrent.CompletableFuture@2f025a3c[Not completed]
2019-10-14 13:34:16,060 [pool-227-thread-1] INFO  impl.RaftServerImpl (RaftServerImpl.java:<init>(95)) - 192e12c5-d762-43c7-a534-44a4e83d726f: new RaftServerImpl for group-9E9337FF5116:[192e12c5-d762-43c7-a534-44a4e83d726f:192.168.151.106:43637] with ContainerStateMachine:uninitialized
2019-10-14 13:34:16,060 [pool-227-thread-1] INFO  server.RaftServerConfigKeys (ConfUtils.java:logGet(43)) - raft.server.rpc.timeout.min = 5s (custom)
2019-10-14 13:34:16,060 [pool-227-thread-1] INFO  server.RaftServerConfigKeys (ConfUtils.java:logGet(43)) - raft.server.rpc.timeout.max = 5200ms (custom)
2019-10-14 13:34:16,060 [pool-227-thread-1] INFO  server.RaftServerConfigKeys (ConfUtils.java:logGet(43)) - raft.server.rpcslowness.timeout = 120s (custom)
2019-10-14 13:34:16,061 [pool-227-thread-1] INFO  server.RaftServerConfigKeys (ConfUtils.java:logGet(43)) - raft.server.sleep.deviation.threshold = 300 (default)
2019-10-14 13:34:16,061 [pool-227-thread-1] INFO  server.RaftServerConfigKeys (ConfUtils.java:logGet(43)) - raft.server.log.appender.install.snapshot.enabled = false (custom)
2019-10-14 13:34:16,061 [pool-227-thread-1] INFO  impl.RaftServerImpl (ServerState.java:<init>(103)) - 192e12c5-d762-43c7-a534-44a4e83d726f@group-9E9337FF5116: ConfigurationManager, init=-1: [192e12c5-d762-43c7-a534-44a4e83d726f:192.168.151.106:43637], old=null, confs=<EMPTY_MAP>
2019-10-14 13:34:16,061 [pool-227-thread-1] INFO  server.RaftServerConfigKeys (ConfUtils.java:logGet(43)) - raft.server.storage.dir = [/workdir/hadoop-ozone/integration-test/target/test-dir/MiniOzoneClusterImpl-a6752234-aa73-4bf4-a580-9e4e2df21123/datanode-2/data/ratis] (custom)
2019-10-14 13:34:16,061 [pool-227-thread-1] INFO  server.RaftServerConfigKeys (ConfUtils.java:logGet(43)) - raft.server.log.corruption.policy = EXCEPTION (default)
2019-10-14 13:34:16,061 [pool-227-thread-1] INFO  storage.RaftStorageDirectory (RaftStorageDirectory.java:analyzeStorage(246)) - The storage directory /workdir/hadoop-ozone/integration-test/target/test-dir/MiniOzoneClusterImpl-a6752234-aa73-4bf4-a580-9e4e2df21123/datanode-2/data/ratis/15058365-899c-40d2-928f-9e9337ff5116 does not exist. Creating ...
2019-10-14 13:34:16,065 [pool-227-thread-1] INFO  storage.RaftStorageDirectory (RaftStorageDirectory.java:tryLock(328)) - Lock on /workdir/hadoop-ozone/integration-test/target/test-dir/MiniOzoneClusterImpl-a6752234-aa73-4bf4-a580-9e4e2df21123/datanode-2/data/ratis/15058365-899c-40d2-928f-9e9337ff5116/in_use.lock acquired by nodename 26870@pr-hdds-2196-2-8n2dq-3116116325
2019-10-14 13:34:16,071 [pool-227-thread-1] INFO  storage.RaftStorage (RaftStorage.java:format(84)) - Storage directory /workdir/hadoop-ozone/integration-test/target/test-dir/MiniOzoneClusterImpl-a6752234-aa73-4bf4-a580-9e4e2df21123/datanode-2/data/ratis/15058365-899c-40d2-928f-9e9337ff5116 has been successfully formatted.
2019-10-14 13:34:16,071 [pool-227-thread-1] INFO  ratis.ContainerStateMachine (ContainerStateMachine.java:loadSnapshot(230)) - group-9E9337FF5116: The snapshot info is null. Setting the last applied indexto:(t:0, i:~)
2019-10-14 13:34:16,071 [pool-227-thread-1] INFO  server.RaftServerConfigKeys (ConfUtils.java:logGet(43)) - raft.server.notification.no-leader.timeout = 120s (custom)
2019-10-14 13:34:16,071 [pool-227-thread-1] INFO  server.RaftServerConfigKeys (ConfUtils.java:logGet(43)) - raft.server.log.use.memory = false (default)
2019-10-14 13:34:16,072 [pool-227-thread-1] INFO  server.RaftServerConfigKeys (ConfUtils.java:logGet(43)) - raft.server.log.purge.gap = 1000000 (custom)
2019-10-14 13:34:16,072 [pool-227-thread-1] INFO  server.RaftServerConfigKeys (ConfUtils.java:logGet(43)) - raft.server.log.appender.buffer.byte-limit = 33554432 (custom)
2019-10-14 13:34:16,072 [pool-227-thread-1] INFO  server.RaftServerConfigKeys (ConfUtils.java:logGet(43)) - raft.server.log.segment.size.max = 1048576 (custom)
2019-10-14 13:34:16,073 [pool-227-thread-1] INFO  server.RaftServerConfigKeys (ConfUtils.java:logGet(43)) - raft.server.log.segment.cache.num.max = 2 (custom)
2019-10-14 13:34:16,074 [pool-227-thread-1] INFO  segmented.SegmentedRaftLogWorker (SegmentedRaftLogWorker.java:<init>(173)) - new 192e12c5-d762-43c7-a534-44a4e83d726f@group-9E9337FF5116-SegmentedRaftLogWorker for RaftStorage:Storage Directory /workdir/hadoop-ozone/integration-test/target/test-dir/MiniOzoneClusterImpl-a6752234-aa73-4bf4-a580-9e4e2df21123/datanode-2/data/ratis/15058365-899c-40d2-928f-9e9337ff5116
2019-10-14 13:34:16,074 [pool-227-thread-1] INFO  server.RaftServerConfigKeys (ConfUtils.java:logGet(43)) - raft.server.log.queue.byte-limit = 2147483647 (custom)
2019-10-14 13:34:16,074 [pool-227-thread-1] INFO  server.RaftServerConfigKeys (ConfUtils.java:logGet(43)) - raft.server.log.queue.element-limit = 1024 (custom)
2019-10-14 13:34:16,074 [pool-227-thread-1] INFO  server.RaftServerConfigKeys (ConfUtils.java:logGet(43)) - raft.server.log.segment.size.max = 1048576 (custom)
2019-10-14 13:34:16,074 [pool-227-thread-1] INFO  server.RaftServerConfigKeys (ConfUtils.java:logGet(43)) - raft.server.log.preallocated.size = 16384 (custom)
2019-10-14 13:34:16,074 [pool-227-thread-1] INFO  server.RaftServerConfigKeys (ConfUtils.java:logGet(43)) - raft.server.log.write.buffer.size = 33554432 (custom)
2019-10-14 13:34:16,074 [pool-227-thread-1] INFO  server.RaftServerConfigKeys (ConfUtils.java:logGet(43)) - raft.server.log.force.sync.num = 128 (default)
2019-10-14 13:34:16,074 [pool-227-thread-1] INFO  server.RaftServerConfigKeys (ConfUtils.java:logGet(43)) - raft.server.log.statemachine.data.sync = true (default)
2019-10-14 13:34:16,074 [pool-227-thread-1] INFO  server.RaftServerConfigKeys (ConfUtils.java:logGet(43)) - raft.server.log.statemachine.data.sync.timeout = 10s (default)
2019-10-14 13:34:16,075 [pool-227-thread-1] INFO  server.RaftServerConfigKeys (ConfUtils.java:logGet(43)) - raft.server.log.statemachine.data.sync.timeout.retry = -1 (default)
2019-10-14 13:34:16,075 [pool-227-thread-1] INFO  server.RaftServerConfigKeys (ConfUtils.java:logGet(43)) - raft.server.log.statemachine.data.caching.enabled = true (custom)
2019-10-14 13:34:16,075 [pool-227-thread-1] INFO  segmented.SegmentedRaftLogWorker (SegmentedRaftLogWorker.java:lambda$new$0(128)) - 192e12c5-d762-43c7-a534-44a4e83d726f@group-9E9337FF5116-SegmentedRaftLogWorker: flushIndex: setUnconditionally 0 -> -1
2019-10-14 13:34:16,075 [pool-227-thread-1] INFO  server.RaftServerConfigKeys (ConfUtils.java:logGet(43)) - raft.server.snapshot.auto.trigger.enabled = true (custom)
2019-10-14 13:34:16,075 [pool-227-thread-1] INFO  server.RaftServerConfigKeys (ConfUtils.java:logGet(43)) - raft.server.snapshot.auto.trigger.threshold = 10000 (custom)
2019-10-14 13:34:16,076 [pool-227-thread-1] INFO  server.RaftServerConfigKeys (ConfUtils.java:logGet(43)) - raft.server.snapshot.retention.file.num = 5 (custom)
2019-10-14 13:34:16,076 [pool-227-thread-1] INFO  server.RaftServerConfigKeys (ConfUtils.java:logGet(43)) - raft.server.retrycache.expirytime = 600000ms (custom)
2019-10-14 13:34:16,077 [pool-227-thread-1] INFO  impl.RaftServerImpl (RaftServerImpl.java:start(181)) - 192e12c5-d762-43c7-a534-44a4e83d726f@group-9E9337FF5116: start as a follower, conf=-1: [192e12c5-d762-43c7-a534-44a4e83d726f:192.168.151.106:43637], old=null
2019-10-14 13:34:16,077 [pool-227-thread-1] INFO  impl.RaftServerImpl (RaftServerImpl.java:setRole(170)) - 192e12c5-d762-43c7-a534-44a4e83d726f@group-9E9337FF5116: changes role from      null to FOLLOWER at term 0 for startAsFollower
2019-10-14 13:34:16,077 [pool-227-thread-1] INFO  impl.RoleInfo (RoleInfo.java:updateAndGet(143)) - 192e12c5-d762-43c7-a534-44a4e83d726f: start FollowerState
2019-10-14 13:34:16,078 [pool-227-thread-1] INFO  util.JmxRegister (JmxRegister.java:tryRegister(44)) - Successfully registered JMX Bean with object name Ratis:service=RaftServer,group=group-9E9337FF5116,id=192e12c5-d762-43c7-a534-44a4e83d726f
2019-10-14 13:34:16,083 [RatisPipelineUtilsThread] INFO  pipeline.PipelineStateManager (PipelineStateManager.java:addPipeline(56)) - Created pipeline Pipeline[ Id: 15058365-899c-40d2-928f-9e9337ff5116, Nodes: 192e12c5-d762-43c7-a534-44a4e83d726f{ip: 192.168.151.106, host: pr-hdds-2196-2-8n2dq-3116116325, networkLocation: /default-rack, certSerialId: null}, Type:RATIS, Factor:ONE, State:OPEN]
2019-10-14 13:34:16,098 [grpc-default-executor-1] INFO  impl.RaftServerProxy (RaftServerProxy.java:addNew(89)) - 677247a7-29f7-4094-aab0-2aa00681ebef: addNew group-5B0C9F4F55BE:[192e12c5-d762-43c7-a534-44a4e83d726f:192.168.151.106:43637, 677247a7-29f7-4094-aab0-2aa00681ebef:192.168.151.106:38287, cf8d3001-8af4-4fc5-b72d-8dcaa9baa2e1:192.168.151.106:37475] returns group-5B0C9F4F55BE:java.util.concurrent.CompletableFuture@720f43aa[Not completed]
2019-10-14 13:34:16,103 [grpc-default-executor-5] INFO  impl.RaftServerProxy (RaftServerProxy.java:addNew(89)) - 192e12c5-d762-43c7-a534-44a4e83d726f: addNew group-5B0C9F4F55BE:[192e12c5-d762-43c7-a534-44a4e83d726f:192.168.151.106:43637, 677247a7-29f7-4094-aab0-2aa00681ebef:192.168.151.106:38287, cf8d3001-8af4-4fc5-b72d-8dcaa9baa2e1:192.168.151.106:37475] returns group-5B0C9F4F55BE:java.util.concurrent.CompletableFuture@6c090fbe[Not completed]
2019-10-14 13:34:16,104 [grpc-default-executor-4] INFO  impl.RaftServerProxy (RaftServerProxy.java:addNew(89)) - cf8d3001-8af4-4fc5-b72d-8dcaa9baa2e1: addNew group-5B0C9F4F55BE:[192e12c5-d762-43c7-a534-44a4e83d726f:192.168.151.106:43637, 677247a7-29f7-4094-aab0-2aa00681ebef:192.168.151.106:38287, cf8d3001-8af4-4fc5-b72d-8dcaa9baa2e1:192.168.151.106:37475] returns group-5B0C9F4F55BE:java.util.concurrent.CompletableFuture@1ea7199a[Not completed]
2019-10-14 13:34:16,104 [pool-217-thread-1] INFO  impl.RaftServerImpl (RaftServerImpl.java:<init>(95)) - 677247a7-29f7-4094-aab0-2aa00681ebef: new RaftServerImpl for group-5B0C9F4F55BE:[192e12c5-d762-43c7-a534-44a4e83d726f:192.168.151.106:43637, 677247a7-29f7-4094-aab0-2aa00681ebef:192.168.151.106:38287, cf8d3001-8af4-4fc5-b72d-8dcaa9baa2e1:192.168.151.106:37475] with ContainerStateMachine:uninitialized
2019-10-14 13:34:16,105 [pool-217-thread-1] INFO  server.RaftServerConfigKeys (ConfUtils.java:logGet(43)) - raft.server.rpc.timeout.min = 5s (custom)
2019-10-14 13:34:16,105 [pool-217-thread-1] INFO  server.RaftServerConfigKeys (ConfUtils.java:logGet(43)) - raft.server.rpc.timeout.max = 5200ms (custom)
2019-10-14 13:34:16,105 [pool-217-thread-1] INFO  server.RaftServerConfigKeys (ConfUtils.java:logGet(43)) - raft.server.rpcslowness.timeout = 120s (custom)
2019-10-14 13:34:16,105 [pool-217-thread-1] INFO  server.RaftServerConfigKeys (ConfUtils.java:logGet(43)) - raft.server.sleep.deviation.threshold = 300 (default)
2019-10-14 13:34:16,105 [pool-207-thread-1] INFO  impl.RaftServerImpl (RaftServerImpl.java:<init>(95)) - cf8d3001-8af4-4fc5-b72d-8dcaa9baa2e1: new RaftServerImpl for group-5B0C9F4F55BE:[192e12c5-d762-43c7-a534-44a4e83d726f:192.168.151.106:43637, 677247a7-29f7-4094-aab0-2aa00681ebef:192.168.151.106:38287, cf8d3001-8af4-4fc5-b72d-8dcaa9baa2e1:192.168.151.106:37475] with ContainerStateMachine:uninitialized
2019-10-14 13:34:16,105 [pool-217-thread-1] INFO  server.RaftServerConfigKeys (ConfUtils.java:logGet(43)) - raft.server.log.appender.install.snapshot.enabled = false (custom)
2019-10-14 13:34:16,105 [pool-207-thread-1] INFO  server.RaftServerConfigKeys (ConfUtils.java:logGet(43)) - raft.server.rpc.timeout.min = 5s (custom)
2019-10-14 13:34:16,105 [pool-217-thread-1] INFO  impl.RaftServerImpl (ServerState.java:<init>(103)) - 677247a7-29f7-4094-aab0-2aa00681ebef@group-5B0C9F4F55BE: ConfigurationManager, init=-1: [192e12c5-d762-43c7-a534-44a4e83d726f:192.168.151.106:43637, 677247a7-29f7-4094-aab0-2aa00681ebef:192.168.151.106:38287, cf8d3001-8af4-4fc5-b72d-8dcaa9baa2e1:192.168.151.106:37475], old=null, confs=<EMPTY_MAP>
2019-10-14 13:34:16,105 [pool-227-thread-1] INFO  impl.RaftServerImpl (RaftServerImpl.java:<init>(95)) - 192e12c5-d762-43c7-a534-44a4e83d726f: new RaftServerImpl for group-5B0C9F4F55BE:[192e12c5-d762-43c7-a534-44a4e83d726f:192.168.151.106:43637, 677247a7-29f7-4094-aab0-2aa00681ebef:192.168.151.106:38287, cf8d3001-8af4-4fc5-b72d-8dcaa9baa2e1:192.168.151.106:37475] with ContainerStateMachine:uninitialized
2019-10-14 13:34:16,106 [pool-217-thread-1] INFO  server.RaftServerConfigKeys (ConfUtils.java:logGet(43)) - raft.server.storage.dir = [/workdir/hadoop-ozone/integration-test/target/test-dir/MiniOzoneClusterImpl-a6752234-aa73-4bf4-a580-9e4e2df21123/datanode-1/data/ratis] (custom)
2019-10-14 13:34:16,105 [pool-207-thread-1] INFO  server.RaftServerConfigKeys (ConfUtils.java:logGet(43)) - raft.server.rpc.timeout.max = 5200ms (custom)
2019-10-14 13:34:16,106 [pool-227-thread-1] INFO  server.RaftServerConfigKeys (ConfUtils.java:logGet(43)) - raft.server.rpc.timeout.min = 5s (custom)
2019-10-14 13:34:16,106 [pool-217-thread-1] INFO  server.RaftServerConfigKeys (ConfUtils.java:logGet(43)) - raft.server.log.corruption.policy = EXCEPTION (default)
2019-10-14 13:34:16,106 [pool-207-thread-1] INFO  server.RaftServerConfigKeys (ConfUtils.java:logGet(43)) - raft.server.rpcslowness.timeout = 120s (custom)
2019-10-14 13:34:16,106 [pool-217-thread-1] INFO  storage.RaftStorageDirectory (RaftStorageDirectory.java:analyzeStorage(246)) - The storage directory /workdir/hadoop-ozone/integration-test/target/test-dir/MiniOzoneClusterImpl-a6752234-aa73-4bf4-a580-9e4e2df21123/datanode-1/data/ratis/0384f4a6-6322-44ed-abeb-5b0c9f4f55be does not exist. Creating ...
2019-10-14 13:34:16,106 [pool-227-thread-1] INFO  server.RaftServerConfigKeys (ConfUtils.java:logGet(43)) - raft.server.rpc.timeout.max = 5200ms (custom)
2019-10-14 13:34:16,106 [pool-207-thread-1] INFO  server.RaftServerConfigKeys (ConfUtils.java:logGet(43)) - raft.server.sleep.deviation.threshold = 300 (default)
2019-10-14 13:34:16,106 [pool-227-thread-1] INFO  server.RaftServerConfigKeys (ConfUtils.java:logGet(43)) - raft.server.rpcslowness.timeout = 120s (custom)
2019-10-14 13:34:16,106 [pool-207-thread-1] INFO  server.RaftServerConfigKeys (ConfUtils.java:logGet(43)) - raft.server.log.appender.install.snapshot.enabled = false (custom)
2019-10-14 13:34:16,107 [pool-227-thread-1] INFO  server.RaftServerConfigKeys (ConfUtils.java:logGet(43)) - raft.server.sleep.deviation.threshold = 300 (default)
2019-10-14 13:34:16,107 [pool-207-thread-1] INFO  impl.RaftServerImpl (ServerState.java:<init>(103)) - cf8d3001-8af4-4fc5-b72d-8dcaa9baa2e1@group-5B0C9F4F55BE: ConfigurationManager, init=-1: [192e12c5-d762-43c7-a534-44a4e83d726f:192.168.151.106:43637, 677247a7-29f7-4094-aab0-2aa00681ebef:192.168.151.106:38287, cf8d3001-8af4-4fc5-b72d-8dcaa9baa2e1:192.168.151.106:37475], old=null, confs=<EMPTY_MAP>
2019-10-14 13:34:16,107 [pool-227-thread-1] INFO  server.RaftServerConfigKeys (ConfUtils.java:logGet(43)) - raft.server.log.appender.install.snapshot.enabled = false (custom)
2019-10-14 13:34:16,107 [pool-207-thread-1] INFO  server.RaftServerConfigKeys (ConfUtils.java:logGet(43)) - raft.server.storage.dir = [/workdir/hadoop-ozone/integration-test/target/test-dir/MiniOzoneClusterImpl-a6752234-aa73-4bf4-a580-9e4e2df21123/datanode-0/data/ratis] (custom)
2019-10-14 13:34:16,107 [pool-227-thread-1] INFO  impl.RaftServerImpl (ServerState.java:<init>(103)) - 192e12c5-d762-43c7-a534-44a4e83d726f@group-5B0C9F4F55BE: ConfigurationManager, init=-1: [192e12c5-d762-43c7-a534-44a4e83d726f:192.168.151.106:43637, 677247a7-29f7-4094-aab0-2aa00681ebef:192.168.151.106:38287, cf8d3001-8af4-4fc5-b72d-8dcaa9baa2e1:192.168.151.106:37475], old=null, confs=<EMPTY_MAP>
2019-10-14 13:34:16,107 [pool-227-thread-1] INFO  server.RaftServerConfigKeys (ConfUtils.java:logGet(43)) - raft.server.storage.dir = [/workdir/hadoop-ozone/integration-test/target/test-dir/MiniOzoneClusterImpl-a6752234-aa73-4bf4-a580-9e4e2df21123/datanode-2/data/ratis] (custom)
2019-10-14 13:34:16,107 [pool-207-thread-1] INFO  server.RaftServerConfigKeys (ConfUtils.java:logGet(43)) - raft.server.log.corruption.policy = EXCEPTION (default)
2019-10-14 13:34:16,107 [pool-227-thread-1] INFO  server.RaftServerConfigKeys (ConfUtils.java:logGet(43)) - raft.server.log.corruption.policy = EXCEPTION (default)
2019-10-14 13:34:16,108 [pool-207-thread-1] INFO  storage.RaftStorageDirectory (RaftStorageDirectory.java:analyzeStorage(246)) - The storage directory /workdir/hadoop-ozone/integration-test/target/test-dir/MiniOzoneClusterImpl-a6752234-aa73-4bf4-a580-9e4e2df21123/datanode-0/data/ratis/0384f4a6-6322-44ed-abeb-5b0c9f4f55be does not exist. Creating ...
2019-10-14 13:34:16,108 [pool-227-thread-1] INFO  storage.RaftStorageDirectory (RaftStorageDirectory.java:analyzeStorage(246)) - The storage directory /workdir/hadoop-ozone/integration-test/target/test-dir/MiniOzoneClusterImpl-a6752234-aa73-4bf4-a580-9e4e2df21123/datanode-2/data/ratis/0384f4a6-6322-44ed-abeb-5b0c9f4f55be does not exist. Creating ...
2019-10-14 13:34:16,110 [pool-217-thread-1] INFO  storage.RaftStorageDirectory (RaftStorageDirectory.java:tryLock(328)) - Lock on /workdir/hadoop-ozone/integration-test/target/test-dir/MiniOzoneClusterImpl-a6752234-aa73-4bf4-a580-9e4e2df21123/datanode-1/data/ratis/0384f4a6-6322-44ed-abeb-5b0c9f4f55be/in_use.lock acquired by nodename 26870@pr-hdds-2196-2-8n2dq-3116116325
2019-10-14 13:34:16,110 [pool-207-thread-1] INFO  storage.RaftStorageDirectory (RaftStorageDirectory.java:tryLock(328)) - Lock on /workdir/hadoop-ozone/integration-test/target/test-dir/MiniOzoneClusterImpl-a6752234-aa73-4bf4-a580-9e4e2df21123/datanode-0/data/ratis/0384f4a6-6322-44ed-abeb-5b0c9f4f55be/in_use.lock acquired by nodename 26870@pr-hdds-2196-2-8n2dq-3116116325
2019-10-14 13:34:16,110 [pool-227-thread-1] INFO  storage.RaftStorageDirectory (RaftStorageDirectory.java:tryLock(328)) - Lock on /workdir/hadoop-ozone/integration-test/target/test-dir/MiniOzoneClusterImpl-a6752234-aa73-4bf4-a580-9e4e2df21123/datanode-2/data/ratis/0384f4a6-6322-44ed-abeb-5b0c9f4f55be/in_use.lock acquired by nodename 26870@pr-hdds-2196-2-8n2dq-3116116325
2019-10-14 13:34:16,112 [IPC Server handler 4 on 34827] INFO  net.NetworkTopology (NetworkTopologyImpl.java:add(111)) - Added a new node: /default-rack/a6712901-e026-4fd7-a922-07387a52e36c
2019-10-14 13:34:16,113 [IPC Server handler 4 on 34827] INFO  node.SCMNodeManager (SCMNodeManager.java:register(313)) - Registered Data node : a6712901-e026-4fd7-a922-07387a52e36c{ip: 192.168.151.106, host: pr-hdds-2196-2-8n2dq-3116116325, networkLocation: /default-rack, certSerialId: null}
2019-10-14 13:34:16,115 [pool-217-thread-1] INFO  storage.RaftStorage (RaftStorage.java:format(84)) - Storage directory /workdir/hadoop-ozone/integration-test/target/test-dir/MiniOzoneClusterImpl-a6752234-aa73-4bf4-a580-9e4e2df21123/datanode-1/data/ratis/0384f4a6-6322-44ed-abeb-5b0c9f4f55be has been successfully formatted.
2019-10-14 13:34:16,115 [pool-227-thread-1] INFO  storage.RaftStorage (RaftStorage.java:format(84)) - Storage directory /workdir/hadoop-ozone/integration-test/target/test-dir/MiniOzoneClusterImpl-a6752234-aa73-4bf4-a580-9e4e2df21123/datanode-2/data/ratis/0384f4a6-6322-44ed-abeb-5b0c9f4f55be has been successfully formatted.
2019-10-14 13:34:16,115 [pool-207-thread-1] INFO  storage.RaftStorage (RaftStorage.java:format(84)) - Storage directory /workdir/hadoop-ozone/integration-test/target/test-dir/MiniOzoneClusterImpl-a6752234-aa73-4bf4-a580-9e4e2df21123/datanode-0/data/ratis/0384f4a6-6322-44ed-abeb-5b0c9f4f55be has been successfully formatted.
2019-10-14 13:34:16,116 [pool-227-thread-1] INFO  ratis.ContainerStateMachine (ContainerStateMachine.java:loadSnapshot(230)) - group-5B0C9F4F55BE: The snapshot info is null. Setting the last applied indexto:(t:0, i:~)
2019-10-14 13:34:16,116 [pool-217-thread-1] INFO  ratis.ContainerStateMachine (ContainerStateMachine.java:loadSnapshot(230)) - group-5B0C9F4F55BE: The snapshot info is null. Setting the last applied indexto:(t:0, i:~)
2019-10-14 13:34:16,116 [pool-227-thread-1] INFO  server.RaftServerConfigKeys (ConfUtils.java:logGet(43)) - raft.server.notification.no-leader.timeout = 120s (custom)
2019-10-14 13:34:16,116 [pool-207-thread-1] INFO  ratis.ContainerStateMachine (ContainerStateMachine.java:loadSnapshot(230)) - group-5B0C9F4F55BE: The snapshot info is null. Setting the last applied indexto:(t:0, i:~)
2019-10-14 13:34:16,116 [pool-227-thread-1] INFO  server.RaftServerConfigKeys (ConfUtils.java:logGet(43)) - raft.server.log.use.memory = false (default)
2019-10-14 13:34:16,116 [pool-217-thread-1] INFO  server.RaftServerConfigKeys (ConfUtils.java:logGet(43)) - raft.server.notification.no-leader.timeout = 120s (custom)
2019-10-14 13:34:16,116 [pool-227-thread-1] INFO  server.RaftServerConfigKeys (ConfUtils.java:logGet(43)) - raft.server.log.purge.gap = 1000000 (custom)
2019-10-14 13:34:16,116 [pool-207-thread-1] INFO  server.RaftServerConfigKeys (ConfUtils.java:logGet(43)) - raft.server.notification.no-leader.timeout = 120s (custom)
2019-10-14 13:34:16,117 [pool-227-thread-1] INFO  server.RaftServerConfigKeys (ConfUtils.java:logGet(43)) - raft.server.log.appender.buffer.byte-limit = 33554432 (custom)
2019-10-14 13:34:16,116 [pool-217-thread-1] INFO  server.RaftServerConfigKeys (ConfUtils.java:logGet(43)) - raft.server.log.use.memory = false (default)
2019-10-14 13:34:16,117 [pool-227-thread-1] INFO  server.RaftServerConfigKeys (ConfUtils.java:logGet(43)) - raft.server.log.segment.size.max = 1048576 (custom)
2019-10-14 13:34:16,117 [pool-207-thread-1] INFO  server.RaftServerConfigKeys (ConfUtils.java:logGet(43)) - raft.server.log.use.memory = false (default)
2019-10-14 13:34:16,117 [pool-227-thread-1] INFO  server.RaftServerConfigKeys (ConfUtils.java:logGet(43)) - raft.server.log.segment.cache.num.max = 2 (custom)
2019-10-14 13:34:16,117 [pool-217-thread-1] INFO  server.RaftServerConfigKeys (ConfUtils.java:logGet(43)) - raft.server.log.purge.gap = 1000000 (custom)
2019-10-14 13:34:16,117 [pool-227-thread-1] INFO  segmented.SegmentedRaftLogWorker (SegmentedRaftLogWorker.java:<init>(173)) - new 192e12c5-d762-43c7-a534-44a4e83d726f@group-5B0C9F4F55BE-SegmentedRaftLogWorker for RaftStorage:Storage Directory /workdir/hadoop-ozone/integration-test/target/test-dir/MiniOzoneClusterImpl-a6752234-aa73-4bf4-a580-9e4e2df21123/datanode-2/data/ratis/0384f4a6-6322-44ed-abeb-5b0c9f4f55be
2019-10-14 13:34:16,117 [pool-207-thread-1] INFO  server.RaftServerConfigKeys (ConfUtils.java:logGet(43)) - raft.server.log.purge.gap = 1000000 (custom)
2019-10-14 13:34:16,117 [pool-227-thread-1] INFO  server.RaftServerConfigKeys (ConfUtils.java:logGet(43)) - raft.server.log.queue.byte-limit = 2147483647 (custom)
2019-10-14 13:34:16,117 [pool-217-thread-1] INFO  server.RaftServerConfigKeys (ConfUtils.java:logGet(43)) - raft.server.log.appender.buffer.byte-limit = 33554432 (custom)
2019-10-14 13:34:16,118 [pool-227-thread-1] INFO  server.RaftServerConfigKeys (ConfUtils.java:logGet(43)) - raft.server.log.queue.element-limit = 1024 (custom)
2019-10-14 13:34:16,117 [pool-207-thread-1] INFO  server.RaftServerConfigKeys (ConfUtils.java:logGet(43)) - raft.server.log.appender.buffer.byte-limit = 33554432 (custom)
2019-10-14 13:34:16,118 [pool-227-thread-1] INFO  server.RaftServerConfigKeys (ConfUtils.java:logGet(43)) - raft.server.log.segment.size.max = 1048576 (custom)
2019-10-14 13:34:16,118 [pool-217-thread-1] INFO  server.RaftServerConfigKeys (ConfUtils.java:logGet(43)) - raft.server.log.segment.size.max = 1048576 (custom)
2019-10-14 13:34:16,118 [pool-227-thread-1] INFO  server.RaftServerConfigKeys (ConfUtils.java:logGet(43)) - raft.server.log.preallocated.size = 16384 (custom)
2019-10-14 13:34:16,118 [pool-207-thread-1] INFO  server.RaftServerConfigKeys (ConfUtils.java:logGet(43)) - raft.server.log.segment.size.max = 1048576 (custom)
2019-10-14 13:34:16,118 [pool-227-thread-1] INFO  server.RaftServerConfigKeys (ConfUtils.java:logGet(43)) - raft.server.log.write.buffer.size = 33554432 (custom)
2019-10-14 13:34:16,118 [pool-217-thread-1] INFO  server.RaftServerConfigKeys (ConfUtils.java:logGet(43)) - raft.server.log.segment.cache.num.max = 2 (custom)
2019-10-14 13:34:16,118 [pool-227-thread-1] INFO  server.RaftServerConfigKeys (ConfUtils.java:logGet(43)) - raft.server.log.force.sync.num = 128 (default)
2019-10-14 13:34:16,118 [pool-207-thread-1] INFO  server.RaftServerConfigKeys (ConfUtils.java:logGet(43)) - raft.server.log.segment.cache.num.max = 2 (custom)
2019-10-14 13:34:16,119 [pool-227-thread-1] INFO  server.RaftServerConfigKeys (ConfUtils.java:logGet(43)) - raft.server.log.statemachine.data.sync = true (default)
2019-10-14 13:34:16,119 [pool-217-thread-1] INFO  segmented.SegmentedRaftLogWorker (SegmentedRaftLogWorker.java:<init>(173)) - new 677247a7-29f7-4094-aab0-2aa00681ebef@group-5B0C9F4F55BE-SegmentedRaftLogWorker for RaftStorage:Storage Directory /workdir/hadoop-ozone/integration-test/target/test-dir/MiniOzoneClusterImpl-a6752234-aa73-4bf4-a580-9e4e2df21123/datanode-1/data/ratis/0384f4a6-6322-44ed-abeb-5b0c9f4f55be
2019-10-14 13:34:16,119 [pool-227-thread-1] INFO  server.RaftServerConfigKeys (ConfUtils.java:logGet(43)) - raft.server.log.statemachine.data.sync.timeout = 10s (default)
2019-10-14 13:34:16,119 [pool-207-thread-1] INFO  segmented.SegmentedRaftLogWorker (SegmentedRaftLogWorker.java:<init>(173)) - new cf8d3001-8af4-4fc5-b72d-8dcaa9baa2e1@group-5B0C9F4F55BE-SegmentedRaftLogWorker for RaftStorage:Storage Directory /workdir/hadoop-ozone/integration-test/target/test-dir/MiniOzoneClusterImpl-a6752234-aa73-4bf4-a580-9e4e2df21123/datanode-0/data/ratis/0384f4a6-6322-44ed-abeb-5b0c9f4f55be
2019-10-14 13:34:16,119 [pool-227-thread-1] INFO  server.RaftServerConfigKeys (ConfUtils.java:logGet(43)) - raft.server.log.statemachine.data.sync.timeout.retry = -1 (default)
2019-10-14 13:34:16,119 [pool-217-thread-1] INFO  server.RaftServerConfigKeys (ConfUtils.java:logGet(43)) - raft.server.log.queue.byte-limit = 2147483647 (custom)
2019-10-14 13:34:16,119 [pool-227-thread-1] INFO  server.RaftServerConfigKeys (ConfUtils.java:logGet(43)) - raft.server.log.statemachine.data.caching.enabled = true (custom)
2019-10-14 13:34:16,119 [pool-207-thread-1] INFO  server.RaftServerConfigKeys (ConfUtils.java:logGet(43)) - raft.server.log.queue.byte-limit = 2147483647 (custom)
2019-10-14 13:34:16,120 [pool-227-thread-1] INFO  segmented.SegmentedRaftLogWorker (SegmentedRaftLogWorker.java:lambda$new$0(128)) - 192e12c5-d762-43c7-a534-44a4e83d726f@group-5B0C9F4F55BE-SegmentedRaftLogWorker: flushIndex: setUnconditionally 0 -> -1
2019-10-14 13:34:16,120 [pool-217-thread-1] INFO  server.RaftServerConfigKeys (ConfUtils.java:logGet(43)) - raft.server.log.queue.element-limit = 1024 (custom)
2019-10-14 13:34:16,120 [pool-207-thread-1] INFO  server.RaftServerConfigKeys (ConfUtils.java:logGet(43)) - raft.server.log.queue.element-limit = 1024 (custom)
2019-10-14 13:34:16,120 [pool-217-thread-1] INFO  server.RaftServerConfigKeys (ConfUtils.java:logGet(43)) - raft.server.log.segment.size.max = 1048576 (custom)
2019-10-14 13:34:16,120 [pool-227-thread-1] INFO  server.RaftServerConfigKeys (ConfUtils.java:logGet(43)) - raft.server.snapshot.auto.trigger.enabled = true (custom)
2019-10-14 13:34:16,120 [pool-217-thread-1] INFO  server.RaftServerConfigKeys (ConfUtils.java:logGet(43)) - raft.server.log.preallocated.size = 16384 (custom)
2019-10-14 13:34:16,120 [pool-207-thread-1] INFO  server.RaftServerConfigKeys (ConfUtils.java:logGet(43)) - raft.server.log.segment.size.max = 1048576 (custom)
2019-10-14 13:34:16,121 [pool-217-thread-1] INFO  server.RaftServerConfigKeys (ConfUtils.java:logGet(43)) - raft.server.log.write.buffer.size = 33554432 (custom)
2019-10-14 13:34:16,120 [pool-227-thread-1] INFO  server.RaftServerConfigKeys (ConfUtils.java:logGet(43)) - raft.server.snapshot.auto.trigger.threshold = 10000 (custom)
2019-10-14 13:34:16,121 [pool-217-thread-1] INFO  server.RaftServerConfigKeys (ConfUtils.java:logGet(43)) - raft.server.log.force.sync.num = 128 (default)
2019-10-14 13:34:16,121 [pool-207-thread-1] INFO  server.RaftServerConfigKeys (ConfUtils.java:logGet(43)) - raft.server.log.preallocated.size = 16384 (custom)
2019-10-14 13:34:16,121 [pool-217-thread-1] INFO  server.RaftServerConfigKeys (ConfUtils.java:logGet(43)) - raft.server.log.statemachine.data.sync = true (default)
2019-10-14 13:34:16,121 [pool-227-thread-1] INFO  server.RaftServerConfigKeys (ConfUtils.java:logGet(43)) - raft.server.snapshot.retention.file.num = 5 (custom)
2019-10-14 13:34:16,121 [pool-217-thread-1] INFO  server.RaftServerConfigKeys (ConfUtils.java:logGet(43)) - raft.server.log.statemachine.data.sync.timeout = 10s (default)
2019-10-14 13:34:16,121 [pool-207-thread-1] INFO  server.RaftServerConfigKeys (ConfUtils.java:logGet(43)) - raft.server.log.write.buffer.size = 33554432 (custom)
2019-10-14 13:34:16,122 [pool-217-thread-1] INFO  server.RaftServerConfigKeys (ConfUtils.java:logGet(43)) - raft.server.log.statemachine.data.sync.timeout.retry = -1 (default)
2019-10-14 13:34:16,121 [pool-227-thread-1] INFO  server.RaftServerConfigKeys (ConfUtils.java:logGet(43)) - raft.server.retrycache.expirytime = 600000ms (custom)
2019-10-14 13:34:16,122 [pool-217-thread-1] INFO  server.RaftServerConfigKeys (ConfUtils.java:logGet(43)) - raft.server.log.statemachine.data.caching.enabled = true (custom)
2019-10-14 13:34:16,122 [pool-207-thread-1] INFO  server.RaftServerConfigKeys (ConfUtils.java:logGet(43)) - raft.server.log.force.sync.num = 128 (default)
2019-10-14 13:34:16,122 [pool-217-thread-1] INFO  segmented.SegmentedRaftLogWorker (SegmentedRaftLogWorker.java:lambda$new$0(128)) - 677247a7-29f7-4094-aab0-2aa00681ebef@group-5B0C9F4F55BE-SegmentedRaftLogWorker: flushIndex: setUnconditionally 0 -> -1
2019-10-14 13:34:16,122 [pool-207-thread-1] INFO  server.RaftServerConfigKeys (ConfUtils.java:logGet(43)) - raft.server.log.statemachine.data.sync = true (default)
2019-10-14 13:34:16,122 [pool-207-thread-1] INFO  server.RaftServerConfigKeys (ConfUtils.java:logGet(43)) - raft.server.log.statemachine.data.sync.timeout = 10s (default)
2019-10-14 13:34:16,122 [pool-217-thread-1] INFO  server.RaftServerConfigKeys (ConfUtils.java:logGet(43)) - raft.server.snapshot.auto.trigger.enabled = true (custom)
2019-10-14 13:34:16,123 [pool-207-thread-1] INFO  server.RaftServerConfigKeys (ConfUtils.java:logGet(43)) - raft.server.log.statemachine.data.sync.timeout.retry = -1 (default)
2019-10-14 13:34:16,123 [pool-217-thread-1] INFO  server.RaftServerConfigKeys (ConfUtils.java:logGet(43)) - raft.server.snapshot.auto.trigger.threshold = 10000 (custom)
2019-10-14 13:34:16,123 [pool-207-thread-1] INFO  server.RaftServerConfigKeys (ConfUtils.java:logGet(43)) - raft.server.log.statemachine.data.caching.enabled = true (custom)
2019-10-14 13:34:16,123 [pool-217-thread-1] INFO  server.RaftServerConfigKeys (ConfUtils.java:logGet(43)) - raft.server.snapshot.retention.file.num = 5 (custom)
2019-10-14 13:34:16,123 [pool-207-thread-1] INFO  segmented.SegmentedRaftLogWorker (SegmentedRaftLogWorker.java:lambda$new$0(128)) - cf8d3001-8af4-4fc5-b72d-8dcaa9baa2e1@group-5B0C9F4F55BE-SegmentedRaftLogWorker: flushIndex: setUnconditionally 0 -> -1
2019-10-14 13:34:16,123 [pool-217-thread-1] INFO  server.RaftServerConfigKeys (ConfUtils.java:logGet(43)) - raft.server.retrycache.expirytime = 600000ms (custom)
2019-10-14 13:34:16,123 [pool-207-thread-1] INFO  server.RaftServerConfigKeys (ConfUtils.java:logGet(43)) - raft.server.snapshot.auto.trigger.enabled = true (custom)
2019-10-14 13:34:16,123 [pool-207-thread-1] INFO  server.RaftServerConfigKeys (ConfUtils.java:logGet(43)) - raft.server.snapshot.auto.trigger.threshold = 10000 (custom)
2019-10-14 13:34:16,123 [pool-207-thread-1] INFO  server.RaftServerConfigKeys (ConfUtils.java:logGet(43)) - raft.server.snapshot.retention.file.num = 5 (custom)
2019-10-14 13:34:16,124 [pool-207-thread-1] INFO  server.RaftServerConfigKeys (ConfUtils.java:logGet(43)) - raft.server.retrycache.expirytime = 600000ms (custom)
2019-10-14 13:34:16,124 [pool-227-thread-1] INFO  impl.RaftServerImpl (RaftServerImpl.java:start(181)) - 192e12c5-d762-43c7-a534-44a4e83d726f@group-5B0C9F4F55BE: start as a follower, conf=-1: [192e12c5-d762-43c7-a534-44a4e83d726f:192.168.151.106:43637, 677247a7-29f7-4094-aab0-2aa00681ebef:192.168.151.106:38287, cf8d3001-8af4-4fc5-b72d-8dcaa9baa2e1:192.168.151.106:37475], old=null
2019-10-14 13:34:16,124 [pool-227-thread-1] INFO  impl.RaftServerImpl (RaftServerImpl.java:setRole(170)) - 192e12c5-d762-43c7-a534-44a4e83d726f@group-5B0C9F4F55BE: changes role from      null to FOLLOWER at term 0 for startAsFollower
2019-10-14 13:34:16,124 [pool-227-thread-1] INFO  impl.RoleInfo (RoleInfo.java:updateAndGet(143)) - 192e12c5-d762-43c7-a534-44a4e83d726f: start FollowerState
2019-10-14 13:34:16,125 [pool-227-thread-1] INFO  util.JmxRegister (JmxRegister.java:tryRegister(44)) - Successfully registered JMX Bean with object name Ratis:service=RaftServer,group=group-5B0C9F4F55BE,id=192e12c5-d762-43c7-a534-44a4e83d726f
2019-10-14 13:34:16,127 [pool-217-thread-1] INFO  impl.RaftServerImpl (RaftServerImpl.java:start(181)) - 677247a7-29f7-4094-aab0-2aa00681ebef@group-5B0C9F4F55BE: start as a follower, conf=-1: [192e12c5-d762-43c7-a534-44a4e83d726f:192.168.151.106:43637, 677247a7-29f7-4094-aab0-2aa00681ebef:192.168.151.106:38287, cf8d3001-8af4-4fc5-b72d-8dcaa9baa2e1:192.168.151.106:37475], old=null
2019-10-14 13:34:16,127 [pool-217-thread-1] INFO  impl.RaftServerImpl (RaftServerImpl.java:setRole(170)) - 677247a7-29f7-4094-aab0-2aa00681ebef@group-5B0C9F4F55BE: changes role from      null to FOLLOWER at term 0 for startAsFollower
2019-10-14 13:34:16,127 [pool-217-thread-1] INFO  impl.RoleInfo (RoleInfo.java:updateAndGet(143)) - 677247a7-29f7-4094-aab0-2aa00681ebef: start FollowerState
2019-10-14 13:34:16,127 [pool-207-thread-1] INFO  impl.RaftServerImpl (RaftServerImpl.java:start(181)) - cf8d3001-8af4-4fc5-b72d-8dcaa9baa2e1@group-5B0C9F4F55BE: start as a follower, conf=-1: [192e12c5-d762-43c7-a534-44a4e83d726f:192.168.151.106:43637, 677247a7-29f7-4094-aab0-2aa00681ebef:192.168.151.106:38287, cf8d3001-8af4-4fc5-b72d-8dcaa9baa2e1:192.168.151.106:37475], old=null
2019-10-14 13:34:16,127 [pool-207-thread-1] INFO  impl.RaftServerImpl (RaftServerImpl.java:setRole(170)) - cf8d3001-8af4-4fc5-b72d-8dcaa9baa2e1@group-5B0C9F4F55BE: changes role from      null to FOLLOWER at term 0 for startAsFollower
2019-10-14 13:34:16,127 [pool-217-thread-1] INFO  util.JmxRegister (JmxRegister.java:tryRegister(44)) - Successfully registered JMX Bean with object name Ratis:service=RaftServer,group=group-5B0C9F4F55BE,id=677247a7-29f7-4094-aab0-2aa00681ebef
2019-10-14 13:34:16,127 [pool-207-thread-1] INFO  impl.RoleInfo (RoleInfo.java:updateAndGet(143)) - cf8d3001-8af4-4fc5-b72d-8dcaa9baa2e1: start FollowerState
2019-10-14 13:34:16,128 [pool-207-thread-1] INFO  util.JmxRegister (JmxRegister.java:tryRegister(44)) - Successfully registered JMX Bean with object name Ratis:service=RaftServer,group=group-5B0C9F4F55BE,id=cf8d3001-8af4-4fc5-b72d-8dcaa9baa2e1
2019-10-14 13:34:16,142 [RatisPipelineUtilsThread] INFO  pipeline.PipelineStateManager (PipelineStateManager.java:addPipeline(56)) - Created pipeline Pipeline[ Id: 0384f4a6-6322-44ed-abeb-5b0c9f4f55be, Nodes: cf8d3001-8af4-4fc5-b72d-8dcaa9baa2e1{ip: 192.168.151.106, host: pr-hdds-2196-2-8n2dq-3116116325, networkLocation: /default-rack, certSerialId: null}677247a7-29f7-4094-aab0-2aa00681ebef{ip: 192.168.151.106, host: pr-hdds-2196-2-8n2dq-3116116325, networkLocation: /default-rack, certSerialId: null}192e12c5-d762-43c7-a534-44a4e83d726f{ip: 192.168.151.106, host: pr-hdds-2196-2-8n2dq-3116116325, networkLocation: /default-rack, certSerialId: null}, Type:RATIS, Factor:THREE, State:OPEN]
2019-10-14 13:34:16,193 [IPC Server handler 6 on 34827] INFO  net.NetworkTopology (NetworkTopologyImpl.java:add(111)) - Added a new node: /default-rack/6128f1ab-045c-4eff-a4af-3985c7b476ad
2019-10-14 13:34:16,193 [IPC Server handler 6 on 34827] INFO  node.SCMNodeManager (SCMNodeManager.java:register(313)) - Registered Data node : 6128f1ab-045c-4eff-a4af-3985c7b476ad{ip: 192.168.151.106, host: pr-hdds-2196-2-8n2dq-3116116325, networkLocation: /default-rack, certSerialId: null}
2019-10-14 13:34:16,203 [grpc-default-executor-4] INFO  impl.RaftServerProxy (RaftServerProxy.java:addNew(89)) - 6128f1ab-045c-4eff-a4af-3985c7b476ad: addNew group-7F90A8B56E2A:[6128f1ab-045c-4eff-a4af-3985c7b476ad:192.168.151.106:46196] returns group-7F90A8B56E2A:java.util.concurrent.CompletableFuture@7e2c9e8b[Not completed]
2019-10-14 13:34:16,208 [pool-247-thread-1] INFO  impl.RaftServerImpl (RaftServerImpl.java:<init>(95)) - 6128f1ab-045c-4eff-a4af-3985c7b476ad: new RaftServerImpl for group-7F90A8B56E2A:[6128f1ab-045c-4eff-a4af-3985c7b476ad:192.168.151.106:46196] with ContainerStateMachine:uninitialized
2019-10-14 13:34:16,209 [pool-247-thread-1] INFO  server.RaftServerConfigKeys (ConfUtils.java:logGet(43)) - raft.server.rpc.timeout.min = 5s (custom)
2019-10-14 13:34:16,209 [pool-247-thread-1] INFO  server.RaftServerConfigKeys (ConfUtils.java:logGet(43)) - raft.server.rpc.timeout.max = 5200ms (custom)
2019-10-14 13:34:16,209 [pool-247-thread-1] INFO  server.RaftServerConfigKeys (ConfUtils.java:logGet(43)) - raft.server.rpcslowness.timeout = 120s (custom)
2019-10-14 13:34:16,209 [pool-247-thread-1] INFO  server.RaftServerConfigKeys (ConfUtils.java:logGet(43)) - raft.server.sleep.deviation.threshold = 300 (default)
2019-10-14 13:34:16,210 [pool-247-thread-1] INFO  server.RaftServerConfigKeys (ConfUtils.java:logGet(43)) - raft.server.log.appender.install.snapshot.enabled = false (custom)
2019-10-14 13:34:16,210 [pool-247-thread-1] INFO  impl.RaftServerImpl (ServerState.java:<init>(103)) - 6128f1ab-045c-4eff-a4af-3985c7b476ad@group-7F90A8B56E2A: ConfigurationManager, init=-1: [6128f1ab-045c-4eff-a4af-3985c7b476ad:192.168.151.106:46196], old=null, confs=<EMPTY_MAP>
2019-10-14 13:34:16,210 [pool-247-thread-1] INFO  server.RaftServerConfigKeys (ConfUtils.java:logGet(43)) - raft.server.storage.dir = [/workdir/hadoop-ozone/integration-test/target/test-dir/MiniOzoneClusterImpl-a6752234-aa73-4bf4-a580-9e4e2df21123/datanode-4/data/ratis] (custom)
2019-10-14 13:34:16,210 [pool-247-thread-1] INFO  server.RaftServerConfigKeys (ConfUtils.java:logGet(43)) - raft.server.log.corruption.policy = EXCEPTION (default)
2019-10-14 13:34:16,211 [pool-247-thread-1] INFO  storage.RaftStorageDirectory (RaftStorageDirectory.java:analyzeStorage(246)) - The storage directory /workdir/hadoop-ozone/integration-test/target/test-dir/MiniOzoneClusterImpl-a6752234-aa73-4bf4-a580-9e4e2df21123/datanode-4/data/ratis/5ffb4ec6-b89d-4372-8c4e-7f90a8b56e2a does not exist. Creating ...
2019-10-14 13:34:16,215 [pool-247-thread-1] INFO  storage.RaftStorageDirectory (RaftStorageDirectory.java:tryLock(328)) - Lock on /workdir/hadoop-ozone/integration-test/target/test-dir/MiniOzoneClusterImpl-a6752234-aa73-4bf4-a580-9e4e2df21123/datanode-4/data/ratis/5ffb4ec6-b89d-4372-8c4e-7f90a8b56e2a/in_use.lock acquired by nodename 26870@pr-hdds-2196-2-8n2dq-3116116325
2019-10-14 13:34:16,245 [pool-247-thread-1] INFO  storage.RaftStorage (RaftStorage.java:format(84)) - Storage directory /workdir/hadoop-ozone/integration-test/target/test-dir/MiniOzoneClusterImpl-a6752234-aa73-4bf4-a580-9e4e2df21123/datanode-4/data/ratis/5ffb4ec6-b89d-4372-8c4e-7f90a8b56e2a has been successfully formatted.
2019-10-14 13:34:16,245 [pool-247-thread-1] INFO  ratis.ContainerStateMachine (ContainerStateMachine.java:loadSnapshot(230)) - group-7F90A8B56E2A: The snapshot info is null. Setting the last applied indexto:(t:0, i:~)
2019-10-14 13:34:16,245 [pool-247-thread-1] INFO  server.RaftServerConfigKeys (ConfUtils.java:logGet(43)) - raft.server.notification.no-leader.timeout = 120s (custom)
2019-10-14 13:34:16,245 [pool-247-thread-1] INFO  server.RaftServerConfigKeys (ConfUtils.java:logGet(43)) - raft.server.log.use.memory = false (default)
2019-10-14 13:34:16,245 [pool-247-thread-1] INFO  server.RaftServerConfigKeys (ConfUtils.java:logGet(43)) - raft.server.log.purge.gap = 1000000 (custom)
2019-10-14 13:34:16,246 [pool-247-thread-1] INFO  server.RaftServerConfigKeys (ConfUtils.java:logGet(43)) - raft.server.log.appender.buffer.byte-limit = 33554432 (custom)
2019-10-14 13:34:16,246 [pool-247-thread-1] INFO  server.RaftServerConfigKeys (ConfUtils.java:logGet(43)) - raft.server.log.segment.size.max = 1048576 (custom)
2019-10-14 13:34:16,248 [pool-247-thread-1] INFO  server.RaftServerConfigKeys (ConfUtils.java:logGet(43)) - raft.server.log.segment.cache.num.max = 2 (custom)
2019-10-14 13:34:16,248 [pool-247-thread-1] INFO  segmented.SegmentedRaftLogWorker (SegmentedRaftLogWorker.java:<init>(173)) - new 6128f1ab-045c-4eff-a4af-3985c7b476ad@group-7F90A8B56E2A-SegmentedRaftLogWorker for RaftStorage:Storage Directory /workdir/hadoop-ozone/integration-test/target/test-dir/MiniOzoneClusterImpl-a6752234-aa73-4bf4-a580-9e4e2df21123/datanode-4/data/ratis/5ffb4ec6-b89d-4372-8c4e-7f90a8b56e2a
2019-10-14 13:34:16,248 [pool-247-thread-1] INFO  server.RaftServerConfigKeys (ConfUtils.java:logGet(43)) - raft.server.log.queue.byte-limit = 2147483647 (custom)
2019-10-14 13:34:16,248 [pool-247-thread-1] INFO  server.RaftServerConfigKeys (ConfUtils.java:logGet(43)) - raft.server.log.queue.element-limit = 1024 (custom)
2019-10-14 13:34:16,248 [pool-247-thread-1] INFO  server.RaftServerConfigKeys (ConfUtils.java:logGet(43)) - raft.server.log.segment.size.max = 1048576 (custom)
2019-10-14 13:34:16,248 [pool-247-thread-1] INFO  server.RaftServerConfigKeys (ConfUtils.java:logGet(43)) - raft.server.log.preallocated.size = 16384 (custom)
2019-10-14 13:34:16,248 [pool-247-thread-1] INFO  server.RaftServerConfigKeys (ConfUtils.java:logGet(43)) - raft.server.log.write.buffer.size = 33554432 (custom)
2019-10-14 13:34:16,249 [pool-247-thread-1] INFO  server.RaftServerConfigKeys (ConfUtils.java:logGet(43)) - raft.server.log.force.sync.num = 128 (default)
2019-10-14 13:34:16,249 [pool-247-thread-1] INFO  server.RaftServerConfigKeys (ConfUtils.java:logGet(43)) - raft.server.log.statemachine.data.sync = true (default)
2019-10-14 13:34:16,249 [pool-247-thread-1] INFO  server.RaftServerConfigKeys (ConfUtils.java:logGet(43)) - raft.server.log.statemachine.data.sync.timeout = 10s (default)
2019-10-14 13:34:16,249 [pool-247-thread-1] INFO  server.RaftServerConfigKeys (ConfUtils.java:logGet(43)) - raft.server.log.statemachine.data.sync.timeout.retry = -1 (default)
2019-10-14 13:34:16,249 [pool-247-thread-1] INFO  server.RaftServerConfigKeys (ConfUtils.java:logGet(43)) - raft.server.log.statemachine.data.caching.enabled = true (custom)
2019-10-14 13:34:16,250 [pool-247-thread-1] INFO  segmented.SegmentedRaftLogWorker (SegmentedRaftLogWorker.java:lambda$new$0(128)) - 6128f1ab-045c-4eff-a4af-3985c7b476ad@group-7F90A8B56E2A-SegmentedRaftLogWorker: flushIndex: setUnconditionally 0 -> -1
2019-10-14 13:34:16,250 [pool-247-thread-1] INFO  server.RaftServerConfigKeys (ConfUtils.java:logGet(43)) - raft.server.snapshot.auto.trigger.enabled = true (custom)
2019-10-14 13:34:16,250 [pool-247-thread-1] INFO  server.RaftServerConfigKeys (ConfUtils.java:logGet(43)) - raft.server.snapshot.auto.trigger.threshold = 10000 (custom)
2019-10-14 13:34:16,250 [pool-247-thread-1] INFO  server.RaftServerConfigKeys (ConfUtils.java:logGet(43)) - raft.server.snapshot.retention.file.num = 5 (custom)
2019-10-14 13:34:16,250 [pool-247-thread-1] INFO  server.RaftServerConfigKeys (ConfUtils.java:logGet(43)) - raft.server.retrycache.expirytime = 600000ms (custom)
2019-10-14 13:34:16,252 [pool-247-thread-1] INFO  impl.RaftServerImpl (RaftServerImpl.java:start(181)) - 6128f1ab-045c-4eff-a4af-3985c7b476ad@group-7F90A8B56E2A: start as a follower, conf=-1: [6128f1ab-045c-4eff-a4af-3985c7b476ad:192.168.151.106:46196], old=null
2019-10-14 13:34:16,252 [pool-247-thread-1] INFO  impl.RaftServerImpl (RaftServerImpl.java:setRole(170)) - 6128f1ab-045c-4eff-a4af-3985c7b476ad@group-7F90A8B56E2A: changes role from      null to FOLLOWER at term 0 for startAsFollower
2019-10-14 13:34:16,252 [pool-247-thread-1] INFO  impl.RoleInfo (RoleInfo.java:updateAndGet(143)) - 6128f1ab-045c-4eff-a4af-3985c7b476ad: start FollowerState
2019-10-14 13:34:16,252 [pool-247-thread-1] INFO  util.JmxRegister (JmxRegister.java:tryRegister(44)) - Successfully registered JMX Bean with object name Ratis:service=RaftServer,group=group-7F90A8B56E2A,id=6128f1ab-045c-4eff-a4af-3985c7b476ad
2019-10-14 13:34:16,254 [IPC Server handler 7 on 34827] INFO  net.NetworkTopology (NetworkTopologyImpl.java:add(111)) - Added a new node: /default-rack/6042bbee-a3dd-471c-98e6-20ab52f267be
2019-10-14 13:34:16,254 [IPC Server handler 7 on 34827] INFO  node.SCMNodeManager (SCMNodeManager.java:register(313)) - Registered Data node : 6042bbee-a3dd-471c-98e6-20ab52f267be{ip: 192.168.151.106, host: pr-hdds-2196-2-8n2dq-3116116325, networkLocation: /default-rack, certSerialId: null}
2019-10-14 13:34:16,259 [RatisPipelineUtilsThread] INFO  pipeline.PipelineStateManager (PipelineStateManager.java:addPipeline(56)) - Created pipeline Pipeline[ Id: 5ffb4ec6-b89d-4372-8c4e-7f90a8b56e2a, Nodes: 6128f1ab-045c-4eff-a4af-3985c7b476ad{ip: 192.168.151.106, host: pr-hdds-2196-2-8n2dq-3116116325, networkLocation: /default-rack, certSerialId: null}, Type:RATIS, Factor:ONE, State:OPEN]
2019-10-14 13:34:16,269 [grpc-default-executor-4] INFO  impl.RaftServerProxy (RaftServerProxy.java:addNew(89)) - a6712901-e026-4fd7-a922-07387a52e36c: addNew group-8C5AFA48469B:[a6712901-e026-4fd7-a922-07387a52e36c:192.168.151.106:35639] returns group-8C5AFA48469B:java.util.concurrent.CompletableFuture@6c3cab10[Not completed]
2019-10-14 13:34:16,270 [pool-237-thread-1] INFO  impl.RaftServerImpl (RaftServerImpl.java:<init>(95)) - a6712901-e026-4fd7-a922-07387a52e36c: new RaftServerImpl for group-8C5AFA48469B:[a6712901-e026-4fd7-a922-07387a52e36c:192.168.151.106:35639] with ContainerStateMachine:uninitialized
2019-10-14 13:34:16,270 [pool-237-thread-1] INFO  server.RaftServerConfigKeys (ConfUtils.java:logGet(43)) - raft.server.rpc.timeout.min = 5s (custom)
2019-10-14 13:34:16,271 [pool-237-thread-1] INFO  server.RaftServerConfigKeys (ConfUtils.java:logGet(43)) - raft.server.rpc.timeout.max = 5200ms (custom)
2019-10-14 13:34:16,271 [pool-237-thread-1] INFO  server.RaftServerConfigKeys (ConfUtils.java:logGet(43)) - raft.server.rpcslowness.timeout = 120s (custom)
2019-10-14 13:34:16,271 [pool-237-thread-1] INFO  server.RaftServerConfigKeys (ConfUtils.java:logGet(43)) - raft.server.sleep.deviation.threshold = 300 (default)
2019-10-14 13:34:16,271 [pool-237-thread-1] INFO  server.RaftServerConfigKeys (ConfUtils.java:logGet(43)) - raft.server.log.appender.install.snapshot.enabled = false (custom)
2019-10-14 13:34:16,271 [pool-237-thread-1] INFO  impl.RaftServerImpl (ServerState.java:<init>(103)) - a6712901-e026-4fd7-a922-07387a52e36c@group-8C5AFA48469B: ConfigurationManager, init=-1: [a6712901-e026-4fd7-a922-07387a52e36c:192.168.151.106:35639], old=null, confs=<EMPTY_MAP>
2019-10-14 13:34:16,271 [pool-237-thread-1] INFO  server.RaftServerConfigKeys (ConfUtils.java:logGet(43)) - raft.server.storage.dir = [/workdir/hadoop-ozone/integration-test/target/test-dir/MiniOzoneClusterImpl-a6752234-aa73-4bf4-a580-9e4e2df21123/datanode-3/data/ratis] (custom)
2019-10-14 13:34:16,271 [pool-237-thread-1] INFO  server.RaftServerConfigKeys (ConfUtils.java:logGet(43)) - raft.server.log.corruption.policy = EXCEPTION (default)
2019-10-14 13:34:16,272 [pool-237-thread-1] INFO  storage.RaftStorageDirectory (RaftStorageDirectory.java:analyzeStorage(246)) - The storage directory /workdir/hadoop-ozone/integration-test/target/test-dir/MiniOzoneClusterImpl-a6752234-aa73-4bf4-a580-9e4e2df21123/datanode-3/data/ratis/eadfbefd-4607-4358-a255-8c5afa48469b does not exist. Creating ...
2019-10-14 13:34:16,285 [pool-237-thread-1] INFO  storage.RaftStorageDirectory (RaftStorageDirectory.java:tryLock(328)) - Lock on /workdir/hadoop-ozone/integration-test/target/test-dir/MiniOzoneClusterImpl-a6752234-aa73-4bf4-a580-9e4e2df21123/datanode-3/data/ratis/eadfbefd-4607-4358-a255-8c5afa48469b/in_use.lock acquired by nodename 26870@pr-hdds-2196-2-8n2dq-3116116325
2019-10-14 13:34:16,298 [pool-237-thread-1] INFO  storage.RaftStorage (RaftStorage.java:format(84)) - Storage directory /workdir/hadoop-ozone/integration-test/target/test-dir/MiniOzoneClusterImpl-a6752234-aa73-4bf4-a580-9e4e2df21123/datanode-3/data/ratis/eadfbefd-4607-4358-a255-8c5afa48469b has been successfully formatted.
2019-10-14 13:34:16,298 [pool-237-thread-1] INFO  ratis.ContainerStateMachine (ContainerStateMachine.java:loadSnapshot(230)) - group-8C5AFA48469B: The snapshot info is null. Setting the last applied indexto:(t:0, i:~)
2019-10-14 13:34:16,299 [pool-237-thread-1] INFO  server.RaftServerConfigKeys (ConfUtils.java:logGet(43)) - raft.server.notification.no-leader.timeout = 120s (custom)
2019-10-14 13:34:16,299 [pool-237-thread-1] INFO  server.RaftServerConfigKeys (ConfUtils.java:logGet(43)) - raft.server.log.use.memory = false (default)
2019-10-14 13:34:16,299 [pool-237-thread-1] INFO  server.RaftServerConfigKeys (ConfUtils.java:logGet(43)) - raft.server.log.purge.gap = 1000000 (custom)
2019-10-14 13:34:16,299 [pool-237-thread-1] INFO  server.RaftServerConfigKeys (ConfUtils.java:logGet(43)) - raft.server.log.appender.buffer.byte-limit = 33554432 (custom)
2019-10-14 13:34:16,299 [pool-237-thread-1] INFO  server.RaftServerConfigKeys (ConfUtils.java:logGet(43)) - raft.server.log.segment.size.max = 1048576 (custom)
2019-10-14 13:34:16,302 [pool-237-thread-1] INFO  server.RaftServerConfigKeys (ConfUtils.java:logGet(43)) - raft.server.log.segment.cache.num.max = 2 (custom)
2019-10-14 13:34:16,302 [pool-237-thread-1] INFO  segmented.SegmentedRaftLogWorker (SegmentedRaftLogWorker.java:<init>(173)) - new a6712901-e026-4fd7-a922-07387a52e36c@group-8C5AFA48469B-SegmentedRaftLogWorker for RaftStorage:Storage Directory /workdir/hadoop-ozone/integration-test/target/test-dir/MiniOzoneClusterImpl-a6752234-aa73-4bf4-a580-9e4e2df21123/datanode-3/data/ratis/eadfbefd-4607-4358-a255-8c5afa48469b
2019-10-14 13:34:16,302 [pool-237-thread-1] INFO  server.RaftServerConfigKeys (ConfUtils.java:logGet(43)) - raft.server.log.queue.byte-limit = 2147483647 (custom)
2019-10-14 13:34:16,303 [pool-237-thread-1] INFO  server.RaftServerConfigKeys (ConfUtils.java:logGet(43)) - raft.server.log.queue.element-limit = 1024 (custom)
2019-10-14 13:34:16,303 [pool-237-thread-1] INFO  server.RaftServerConfigKeys (ConfUtils.java:logGet(43)) - raft.server.log.segment.size.max = 1048576 (custom)
2019-10-14 13:34:16,303 [pool-237-thread-1] INFO  server.RaftServerConfigKeys (ConfUtils.java:logGet(43)) - raft.server.log.preallocated.size = 16384 (custom)
2019-10-14 13:34:16,303 [pool-237-thread-1] INFO  server.RaftServerConfigKeys (ConfUtils.java:logGet(43)) - raft.server.log.write.buffer.size = 33554432 (custom)
2019-10-14 13:34:16,303 [pool-237-thread-1] INFO  server.RaftServerConfigKeys (ConfUtils.java:logGet(43)) - raft.server.log.force.sync.num = 128 (default)
2019-10-14 13:34:16,303 [pool-237-thread-1] INFO  server.RaftServerConfigKeys (ConfUtils.java:logGet(43)) - raft.server.log.statemachine.data.sync = true (default)
2019-10-14 13:34:16,304 [pool-237-thread-1] INFO  server.RaftServerConfigKeys (ConfUtils.java:logGet(43)) - raft.server.log.statemachine.data.sync.timeout = 10s (default)
2019-10-14 13:34:16,304 [pool-237-thread-1] INFO  server.RaftServerConfigKeys (ConfUtils.java:logGet(43)) - raft.server.log.statemachine.data.sync.timeout.retry = -1 (default)
2019-10-14 13:34:16,304 [pool-237-thread-1] INFO  server.RaftServerConfigKeys (ConfUtils.java:logGet(43)) - raft.server.log.statemachine.data.caching.enabled = true (custom)
2019-10-14 13:34:16,305 [pool-237-thread-1] INFO  segmented.SegmentedRaftLogWorker (SegmentedRaftLogWorker.java:lambda$new$0(128)) - a6712901-e026-4fd7-a922-07387a52e36c@group-8C5AFA48469B-SegmentedRaftLogWorker: flushIndex: setUnconditionally 0 -> -1
2019-10-14 13:34:16,305 [pool-237-thread-1] INFO  server.RaftServerConfigKeys (ConfUtils.java:logGet(43)) - raft.server.snapshot.auto.trigger.enabled = true (custom)
2019-10-14 13:34:16,306 [pool-237-thread-1] INFO  server.RaftServerConfigKeys (ConfUtils.java:logGet(43)) - raft.server.snapshot.auto.trigger.threshold = 10000 (custom)
2019-10-14 13:34:16,306 [pool-237-thread-1] INFO  server.RaftServerConfigKeys (ConfUtils.java:logGet(43)) - raft.server.snapshot.retention.file.num = 5 (custom)
2019-10-14 13:34:16,306 [pool-237-thread-1] INFO  server.RaftServerConfigKeys (ConfUtils.java:logGet(43)) - raft.server.retrycache.expirytime = 600000ms (custom)
2019-10-14 13:34:16,309 [pool-237-thread-1] INFO  impl.RaftServerImpl (RaftServerImpl.java:start(181)) - a6712901-e026-4fd7-a922-07387a52e36c@group-8C5AFA48469B: start as a follower, conf=-1: [a6712901-e026-4fd7-a922-07387a52e36c:192.168.151.106:35639], old=null
2019-10-14 13:34:16,309 [pool-237-thread-1] INFO  impl.RaftServerImpl (RaftServerImpl.java:setRole(170)) - a6712901-e026-4fd7-a922-07387a52e36c@group-8C5AFA48469B: changes role from      null to FOLLOWER at term 0 for startAsFollower
2019-10-14 13:34:16,309 [pool-237-thread-1] INFO  impl.RoleInfo (RoleInfo.java:updateAndGet(143)) - a6712901-e026-4fd7-a922-07387a52e36c: start FollowerState
2019-10-14 13:34:16,310 [pool-237-thread-1] INFO  util.JmxRegister (JmxRegister.java:tryRegister(44)) - Successfully registered JMX Bean with object name Ratis:service=RaftServer,group=group-8C5AFA48469B,id=a6712901-e026-4fd7-a922-07387a52e36c
2019-10-14 13:34:16,314 [IPC Server handler 1 on 34827] INFO  net.NetworkTopology (NetworkTopologyImpl.java:add(111)) - Added a new node: /default-rack/0d0d0d52-104b-4e67-b273-225133011c15
2019-10-14 13:34:16,317 [main] INFO  ozone.MiniOzoneClusterImpl (MiniOzoneClusterImpl.java:lambda$waitForClusterToBeReady$0(147)) - Cluster is ready. Got 7 of 7 DN Heartbeats.
2019-10-14 13:34:16,317 [IPC Server handler 1 on 34827] INFO  node.SCMNodeManager (SCMNodeManager.java:register(313)) - Registered Data node : 0d0d0d52-104b-4e67-b273-225133011c15{ip: 192.168.151.106, host: pr-hdds-2196-2-8n2dq-3116116325, networkLocation: /default-rack, certSerialId: null}
2019-10-14 13:34:16,319 [RatisPipelineUtilsThread] INFO  pipeline.PipelineStateManager (PipelineStateManager.java:addPipeline(56)) - Created pipeline Pipeline[ Id: eadfbefd-4607-4358-a255-8c5afa48469b, Nodes: a6712901-e026-4fd7-a922-07387a52e36c{ip: 192.168.151.106, host: pr-hdds-2196-2-8n2dq-3116116325, networkLocation: /default-rack, certSerialId: null}, Type:RATIS, Factor:ONE, State:OPEN]
2019-10-14 13:34:16,359 [grpc-default-executor-4] INFO  impl.RaftServerProxy (RaftServerProxy.java:addNew(89)) - 0d0d0d52-104b-4e67-b273-225133011c15: addNew group-0E23EFAC7307:[0d0d0d52-104b-4e67-b273-225133011c15:192.168.151.106:46861] returns group-0E23EFAC7307:java.util.concurrent.CompletableFuture@abe076f[Not completed]
2019-10-14 13:34:16,365 [pool-267-thread-1] INFO  impl.RaftServerImpl (RaftServerImpl.java:<init>(95)) - 0d0d0d52-104b-4e67-b273-225133011c15: new RaftServerImpl for group-0E23EFAC7307:[0d0d0d52-104b-4e67-b273-225133011c15:192.168.151.106:46861] with ContainerStateMachine:uninitialized
2019-10-14 13:34:16,365 [pool-267-thread-1] INFO  server.RaftServerConfigKeys (ConfUtils.java:logGet(43)) - raft.server.rpc.timeout.min = 5s (custom)
2019-10-14 13:34:16,366 [pool-267-thread-1] INFO  server.RaftServerConfigKeys (ConfUtils.java:logGet(43)) - raft.server.rpc.timeout.max = 5200ms (custom)
2019-10-14 13:34:16,366 [pool-267-thread-1] INFO  server.RaftServerConfigKeys (ConfUtils.java:logGet(43)) - raft.server.rpcslowness.timeout = 120s (custom)
2019-10-14 13:34:16,366 [pool-267-thread-1] INFO  server.RaftServerConfigKeys (ConfUtils.java:logGet(43)) - raft.server.sleep.deviation.threshold = 300 (default)
2019-10-14 13:34:16,366 [pool-267-thread-1] INFO  server.RaftServerConfigKeys (ConfUtils.java:logGet(43)) - raft.server.log.appender.install.snapshot.enabled = false (custom)
2019-10-14 13:34:16,366 [pool-267-thread-1] INFO  impl.RaftServerImpl (ServerState.java:<init>(103)) - 0d0d0d52-104b-4e67-b273-225133011c15@group-0E23EFAC7307: ConfigurationManager, init=-1: [0d0d0d52-104b-4e67-b273-225133011c15:192.168.151.106:46861], old=null, confs=<EMPTY_MAP>
2019-10-14 13:34:16,366 [pool-267-thread-1] INFO  server.RaftServerConfigKeys (ConfUtils.java:logGet(43)) - raft.server.storage.dir = [/workdir/hadoop-ozone/integration-test/target/test-dir/MiniOzoneClusterImpl-a6752234-aa73-4bf4-a580-9e4e2df21123/datanode-6/data/ratis] (custom)
2019-10-14 13:34:16,367 [pool-267-thread-1] INFO  server.RaftServerConfigKeys (ConfUtils.java:logGet(43)) - raft.server.log.corruption.policy = EXCEPTION (default)
2019-10-14 13:34:16,367 [pool-267-thread-1] INFO  storage.RaftStorageDirectory (RaftStorageDirectory.java:analyzeStorage(246)) - The storage directory /workdir/hadoop-ozone/integration-test/target/test-dir/MiniOzoneClusterImpl-a6752234-aa73-4bf4-a580-9e4e2df21123/datanode-6/data/ratis/d4c20de8-84c6-4d3f-9d4d-0e23efac7307 does not exist. Creating ...
2019-10-14 13:34:16,375 [main] INFO  rpc.RpcClient (RpcClient.java:createVolume(277)) - Creating Volume: watchforcommithandlingtest, with jenkins1000 as owner.
2019-10-14 13:34:16,378 [IPC Server handler 0 on 36168] INFO  volume.OMVolumeCreateRequest (OMVolumeCreateRequest.java:validateAndUpdateCache(193)) - created volume:watchforcommithandlingtest for user:jenkins1000
2019-10-14 13:34:16,382 [pool-267-thread-1] INFO  storage.RaftStorageDirectory (RaftStorageDirectory.java:tryLock(328)) - Lock on /workdir/hadoop-ozone/integration-test/target/test-dir/MiniOzoneClusterImpl-a6752234-aa73-4bf4-a580-9e4e2df21123/datanode-6/data/ratis/d4c20de8-84c6-4d3f-9d4d-0e23efac7307/in_use.lock acquired by nodename 26870@pr-hdds-2196-2-8n2dq-3116116325
2019-10-14 13:34:16,391 [main] INFO  rpc.RpcClient (RpcClient.java:createBucket(416)) - Creating Bucket: watchforcommithandlingtest/watchforcommithandlingtest, with Versioning false and Storage Type set to DISK and Encryption set to false 
2019-10-14 13:34:16,395 [main] INFO  ozone.MiniOzoneClusterImpl (MiniOzoneClusterImpl.java:getStorageContainerLocationClient(234)) - Creating StorageContainerLocationProtocol RPC client with address /0.0.0.0:39730
2019-10-14 13:34:16,396 [pool-267-thread-1] INFO  storage.RaftStorage (RaftStorage.java:format(84)) - Storage directory /workdir/hadoop-ozone/integration-test/target/test-dir/MiniOzoneClusterImpl-a6752234-aa73-4bf4-a580-9e4e2df21123/datanode-6/data/ratis/d4c20de8-84c6-4d3f-9d4d-0e23efac7307 has been successfully formatted.
2019-10-14 13:34:16,396 [pool-267-thread-1] INFO  ratis.ContainerStateMachine (ContainerStateMachine.java:loadSnapshot(230)) - group-0E23EFAC7307: The snapshot info is null. Setting the last applied indexto:(t:0, i:~)
2019-10-14 13:34:16,396 [pool-267-thread-1] INFO  server.RaftServerConfigKeys (ConfUtils.java:logGet(43)) - raft.server.notification.no-leader.timeout = 120s (custom)
2019-10-14 13:34:16,396 [pool-267-thread-1] INFO  server.RaftServerConfigKeys (ConfUtils.java:logGet(43)) - raft.server.log.use.memory = false (default)
2019-10-14 13:34:16,397 [pool-267-thread-1] INFO  server.RaftServerConfigKeys (ConfUtils.java:logGet(43)) - raft.server.log.purge.gap = 1000000 (custom)
2019-10-14 13:34:16,397 [pool-267-thread-1] INFO  server.RaftServerConfigKeys (ConfUtils.java:logGet(43)) - raft.server.log.appender.buffer.byte-limit = 33554432 (custom)
2019-10-14 13:34:16,397 [pool-267-thread-1] INFO  server.RaftServerConfigKeys (ConfUtils.java:logGet(43)) - raft.server.log.segment.size.max = 1048576 (custom)
2019-10-14 13:34:16,399 [pool-267-thread-1] INFO  server.RaftServerConfigKeys (ConfUtils.java:logGet(43)) - raft.server.log.segment.cache.num.max = 2 (custom)
2019-10-14 13:34:16,399 [pool-267-thread-1] INFO  segmented.SegmentedRaftLogWorker (SegmentedRaftLogWorker.java:<init>(173)) - new 0d0d0d52-104b-4e67-b273-225133011c15@group-0E23EFAC7307-SegmentedRaftLogWorker for RaftStorage:Storage Directory /workdir/hadoop-ozone/integration-test/target/test-dir/MiniOzoneClusterImpl-a6752234-aa73-4bf4-a580-9e4e2df21123/datanode-6/data/ratis/d4c20de8-84c6-4d3f-9d4d-0e23efac7307
2019-10-14 13:34:16,399 [pool-267-thread-1] INFO  server.RaftServerConfigKeys (ConfUtils.java:logGet(43)) - raft.server.log.queue.byte-limit = 2147483647 (custom)
2019-10-14 13:34:16,399 [pool-267-thread-1] INFO  server.RaftServerConfigKeys (ConfUtils.java:logGet(43)) - raft.server.log.queue.element-limit = 1024 (custom)
2019-10-14 13:34:16,399 [pool-267-thread-1] INFO  server.RaftServerConfigKeys (ConfUtils.java:logGet(43)) - raft.server.log.segment.size.max = 1048576 (custom)
2019-10-14 13:34:16,399 [pool-267-thread-1] INFO  server.RaftServerConfigKeys (ConfUtils.java:logGet(43)) - raft.server.log.preallocated.size = 16384 (custom)
2019-10-14 13:34:16,399 [pool-267-thread-1] INFO  server.RaftServerConfigKeys (ConfUtils.java:logGet(43)) - raft.server.log.write.buffer.size = 33554432 (custom)
2019-10-14 13:34:16,400 [pool-267-thread-1] INFO  server.RaftServerConfigKeys (ConfUtils.java:logGet(43)) - raft.server.log.force.sync.num = 128 (default)
2019-10-14 13:34:16,400 [pool-267-thread-1] INFO  server.RaftServerConfigKeys (ConfUtils.java:logGet(43)) - raft.server.log.statemachine.data.sync = true (default)
2019-10-14 13:34:16,400 [pool-267-thread-1] INFO  server.RaftServerConfigKeys (ConfUtils.java:logGet(43)) - raft.server.log.statemachine.data.sync.timeout = 10s (default)
2019-10-14 13:34:16,400 [pool-267-thread-1] INFO  server.RaftServerConfigKeys (ConfUtils.java:logGet(43)) - raft.server.log.statemachine.data.sync.timeout.retry = -1 (default)
2019-10-14 13:34:16,401 [pool-267-thread-1] INFO  server.RaftServerConfigKeys (ConfUtils.java:logGet(43)) - raft.server.log.statemachine.data.caching.enabled = true (custom)
2019-10-14 13:34:16,401 [pool-267-thread-1] INFO  segmented.SegmentedRaftLogWorker (SegmentedRaftLogWorker.java:lambda$new$0(128)) - 0d0d0d52-104b-4e67-b273-225133011c15@group-0E23EFAC7307-SegmentedRaftLogWorker: flushIndex: setUnconditionally 0 -> -1
2019-10-14 13:34:16,401 [pool-267-thread-1] INFO  server.RaftServerConfigKeys (ConfUtils.java:logGet(43)) - raft.server.snapshot.auto.trigger.enabled = true (custom)
2019-10-14 13:34:16,401 [pool-267-thread-1] INFO  server.RaftServerConfigKeys (ConfUtils.java:logGet(43)) - raft.server.snapshot.auto.trigger.threshold = 10000 (custom)
2019-10-14 13:34:16,401 [pool-267-thread-1] INFO  server.RaftServerConfigKeys (ConfUtils.java:logGet(43)) - raft.server.snapshot.retention.file.num = 5 (custom)
2019-10-14 13:34:16,402 [pool-267-thread-1] INFO  server.RaftServerConfigKeys (ConfUtils.java:logGet(43)) - raft.server.retrycache.expirytime = 600000ms (custom)
2019-10-14 13:34:16,404 [pool-267-thread-1] INFO  impl.RaftServerImpl (RaftServerImpl.java:start(181)) - 0d0d0d52-104b-4e67-b273-225133011c15@group-0E23EFAC7307: start as a follower, conf=-1: [0d0d0d52-104b-4e67-b273-225133011c15:192.168.151.106:46861], old=null
2019-10-14 13:34:16,404 [pool-267-thread-1] INFO  impl.RaftServerImpl (RaftServerImpl.java:setRole(170)) - 0d0d0d52-104b-4e67-b273-225133011c15@group-0E23EFAC7307: changes role from      null to FOLLOWER at term 0 for startAsFollower
2019-10-14 13:34:16,404 [pool-267-thread-1] INFO  impl.RoleInfo (RoleInfo.java:updateAndGet(143)) - 0d0d0d52-104b-4e67-b273-225133011c15: start FollowerState
2019-10-14 13:34:16,404 [pool-267-thread-1] INFO  util.JmxRegister (JmxRegister.java:tryRegister(44)) - Successfully registered JMX Bean with object name Ratis:service=RaftServer,group=group-0E23EFAC7307,id=0d0d0d52-104b-4e67-b273-225133011c15
2019-10-14 13:34:16,410 [RatisPipelineUtilsThread] INFO  pipeline.PipelineStateManager (PipelineStateManager.java:addPipeline(56)) - Created pipeline Pipeline[ Id: d4c20de8-84c6-4d3f-9d4d-0e23efac7307, Nodes: 0d0d0d52-104b-4e67-b273-225133011c15{ip: 192.168.151.106, host: pr-hdds-2196-2-8n2dq-3116116325, networkLocation: /default-rack, certSerialId: null}, Type:RATIS, Factor:ONE, State:OPEN]
2019-10-14 13:34:16,416 [grpc-default-executor-4] INFO  impl.RaftServerProxy (RaftServerProxy.java:addNew(89)) - 6042bbee-a3dd-471c-98e6-20ab52f267be: addNew group-2F2681A30653:[6042bbee-a3dd-471c-98e6-20ab52f267be:192.168.151.106:35072] returns group-2F2681A30653:java.util.concurrent.CompletableFuture@138b6589[Not completed]
2019-10-14 13:34:16,418 [pool-257-thread-1] INFO  impl.RaftServerImpl (RaftServerImpl.java:<init>(95)) - 6042bbee-a3dd-471c-98e6-20ab52f267be: new RaftServerImpl for group-2F2681A30653:[6042bbee-a3dd-471c-98e6-20ab52f267be:192.168.151.106:35072] with ContainerStateMachine:uninitialized
2019-10-14 13:34:16,418 [pool-257-thread-1] INFO  server.RaftServerConfigKeys (ConfUtils.java:logGet(43)) - raft.server.rpc.timeout.min = 5s (custom)
2019-10-14 13:34:16,419 [pool-257-thread-1] INFO  server.RaftServerConfigKeys (ConfUtils.java:logGet(43)) - raft.server.rpc.timeout.max = 5200ms (custom)
2019-10-14 13:34:16,419 [pool-257-thread-1] INFO  server.RaftServerConfigKeys (ConfUtils.java:logGet(43)) - raft.server.rpcslowness.timeout = 120s (custom)
2019-10-14 13:34:16,419 [pool-257-thread-1] INFO  server.RaftServerConfigKeys (ConfUtils.java:logGet(43)) - raft.server.sleep.deviation.threshold = 300 (default)
2019-10-14 13:34:16,419 [pool-257-thread-1] INFO  server.RaftServerConfigKeys (ConfUtils.java:logGet(43)) - raft.server.log.appender.install.snapshot.enabled = false (custom)
2019-10-14 13:34:16,419 [pool-257-thread-1] INFO  impl.RaftServerImpl (ServerState.java:<init>(103)) - 6042bbee-a3dd-471c-98e6-20ab52f267be@group-2F2681A30653: ConfigurationManager, init=-1: [6042bbee-a3dd-471c-98e6-20ab52f267be:192.168.151.106:35072], old=null, confs=<EMPTY_MAP>
2019-10-14 13:34:16,420 [pool-257-thread-1] INFO  server.RaftServerConfigKeys (ConfUtils.java:logGet(43)) - raft.server.storage.dir = [/workdir/hadoop-ozone/integration-test/target/test-dir/MiniOzoneClusterImpl-a6752234-aa73-4bf4-a580-9e4e2df21123/datanode-5/data/ratis] (custom)
2019-10-14 13:34:16,420 [pool-257-thread-1] INFO  server.RaftServerConfigKeys (ConfUtils.java:logGet(43)) - raft.server.log.corruption.policy = EXCEPTION (default)
2019-10-14 13:34:16,420 [pool-257-thread-1] INFO  storage.RaftStorageDirectory (RaftStorageDirectory.java:analyzeStorage(246)) - The storage directory /workdir/hadoop-ozone/integration-test/target/test-dir/MiniOzoneClusterImpl-a6752234-aa73-4bf4-a580-9e4e2df21123/datanode-5/data/ratis/6f866c35-74d1-44dd-9acb-2f2681a30653 does not exist. Creating ...
2019-10-14 13:34:16,434 [pool-257-thread-1] INFO  storage.RaftStorageDirectory (RaftStorageDirectory.java:tryLock(328)) - Lock on /workdir/hadoop-ozone/integration-test/target/test-dir/MiniOzoneClusterImpl-a6752234-aa73-4bf4-a580-9e4e2df21123/datanode-5/data/ratis/6f866c35-74d1-44dd-9acb-2f2681a30653/in_use.lock acquired by nodename 26870@pr-hdds-2196-2-8n2dq-3116116325
2019-10-14 13:34:16,447 [pool-257-thread-1] INFO  storage.RaftStorage (RaftStorage.java:format(84)) - Storage directory /workdir/hadoop-ozone/integration-test/target/test-dir/MiniOzoneClusterImpl-a6752234-aa73-4bf4-a580-9e4e2df21123/datanode-5/data/ratis/6f866c35-74d1-44dd-9acb-2f2681a30653 has been successfully formatted.
2019-10-14 13:34:16,447 [pool-257-thread-1] INFO  ratis.ContainerStateMachine (ContainerStateMachine.java:loadSnapshot(230)) - group-2F2681A30653: The snapshot info is null. Setting the last applied indexto:(t:0, i:~)
2019-10-14 13:34:16,447 [pool-257-thread-1] INFO  server.RaftServerConfigKeys (ConfUtils.java:logGet(43)) - raft.server.notification.no-leader.timeout = 120s (custom)
2019-10-14 13:34:16,448 [pool-257-thread-1] INFO  server.RaftServerConfigKeys (ConfUtils.java:logGet(43)) - raft.server.log.use.memory = false (default)
2019-10-14 13:34:16,448 [pool-257-thread-1] INFO  server.RaftServerConfigKeys (ConfUtils.java:logGet(43)) - raft.server.log.purge.gap = 1000000 (custom)
2019-10-14 13:34:16,448 [pool-257-thread-1] INFO  server.RaftServerConfigKeys (ConfUtils.java:logGet(43)) - raft.server.log.appender.buffer.byte-limit = 33554432 (custom)
2019-10-14 13:34:16,448 [pool-257-thread-1] INFO  server.RaftServerConfigKeys (ConfUtils.java:logGet(43)) - raft.server.log.segment.size.max = 1048576 (custom)
2019-10-14 13:34:16,451 [pool-257-thread-1] INFO  server.RaftServerConfigKeys (ConfUtils.java:logGet(43)) - raft.server.log.segment.cache.num.max = 2 (custom)
2019-10-14 13:34:16,451 [pool-257-thread-1] INFO  segmented.SegmentedRaftLogWorker (SegmentedRaftLogWorker.java:<init>(173)) - new 6042bbee-a3dd-471c-98e6-20ab52f267be@group-2F2681A30653-SegmentedRaftLogWorker for RaftStorage:Storage Directory /workdir/hadoop-ozone/integration-test/target/test-dir/MiniOzoneClusterImpl-a6752234-aa73-4bf4-a580-9e4e2df21123/datanode-5/data/ratis/6f866c35-74d1-44dd-9acb-2f2681a30653
2019-10-14 13:34:16,451 [pool-257-thread-1] INFO  server.RaftServerConfigKeys (ConfUtils.java:logGet(43)) - raft.server.log.queue.byte-limit = 2147483647 (custom)
2019-10-14 13:34:16,451 [pool-257-thread-1] INFO  server.RaftServerConfigKeys (ConfUtils.java:logGet(43)) - raft.server.log.queue.element-limit = 1024 (custom)
2019-10-14 13:34:16,451 [pool-257-thread-1] INFO  server.RaftServerConfigKeys (ConfUtils.java:logGet(43)) - raft.server.log.segment.size.max = 1048576 (custom)
2019-10-14 13:34:16,451 [pool-257-thread-1] INFO  server.RaftServerConfigKeys (ConfUtils.java:logGet(43)) - raft.server.log.preallocated.size = 16384 (custom)
2019-10-14 13:34:16,451 [pool-257-thread-1] INFO  server.RaftServerConfigKeys (ConfUtils.java:logGet(43)) - raft.server.log.write.buffer.size = 33554432 (custom)
2019-10-14 13:34:16,452 [pool-257-thread-1] INFO  server.RaftServerConfigKeys (ConfUtils.java:logGet(43)) - raft.server.log.force.sync.num = 128 (default)
2019-10-14 13:34:16,452 [pool-257-thread-1] INFO  server.RaftServerConfigKeys (ConfUtils.java:logGet(43)) - raft.server.log.statemachine.data.sync = true (default)
2019-10-14 13:34:16,452 [pool-257-thread-1] INFO  server.RaftServerConfigKeys (ConfUtils.java:logGet(43)) - raft.server.log.statemachine.data.sync.timeout = 10s (default)
2019-10-14 13:34:16,452 [pool-257-thread-1] INFO  server.RaftServerConfigKeys (ConfUtils.java:logGet(43)) - raft.server.log.statemachine.data.sync.timeout.retry = -1 (default)
2019-10-14 13:34:16,453 [pool-257-thread-1] INFO  server.RaftServerConfigKeys (ConfUtils.java:logGet(43)) - raft.server.log.statemachine.data.caching.enabled = true (custom)
2019-10-14 13:34:16,453 [pool-257-thread-1] INFO  segmented.SegmentedRaftLogWorker (SegmentedRaftLogWorker.java:lambda$new$0(128)) - 6042bbee-a3dd-471c-98e6-20ab52f267be@group-2F2681A30653-SegmentedRaftLogWorker: flushIndex: setUnconditionally 0 -> -1
2019-10-14 13:34:16,453 [pool-257-thread-1] INFO  server.RaftServerConfigKeys (ConfUtils.java:logGet(43)) - raft.server.snapshot.auto.trigger.enabled = true (custom)
2019-10-14 13:34:16,453 [pool-257-thread-1] INFO  server.RaftServerConfigKeys (ConfUtils.java:logGet(43)) - raft.server.snapshot.auto.trigger.threshold = 10000 (custom)
2019-10-14 13:34:16,453 [pool-257-thread-1] INFO  server.RaftServerConfigKeys (ConfUtils.java:logGet(43)) - raft.server.snapshot.retention.file.num = 5 (custom)
2019-10-14 13:34:16,454 [pool-257-thread-1] INFO  server.RaftServerConfigKeys (ConfUtils.java:logGet(43)) - raft.server.retrycache.expirytime = 600000ms (custom)
2019-10-14 13:34:16,455 [pool-257-thread-1] INFO  impl.RaftServerImpl (RaftServerImpl.java:start(181)) - 6042bbee-a3dd-471c-98e6-20ab52f267be@group-2F2681A30653: start as a follower, conf=-1: [6042bbee-a3dd-471c-98e6-20ab52f267be:192.168.151.106:35072], old=null
2019-10-14 13:34:16,456 [pool-257-thread-1] INFO  impl.RaftServerImpl (RaftServerImpl.java:setRole(170)) - 6042bbee-a3dd-471c-98e6-20ab52f267be@group-2F2681A30653: changes role from      null to FOLLOWER at term 0 for startAsFollower
2019-10-14 13:34:16,456 [pool-257-thread-1] INFO  impl.RoleInfo (RoleInfo.java:updateAndGet(143)) - 6042bbee-a3dd-471c-98e6-20ab52f267be: start FollowerState
2019-10-14 13:34:16,456 [pool-257-thread-1] INFO  util.JmxRegister (JmxRegister.java:tryRegister(44)) - Successfully registered JMX Bean with object name Ratis:service=RaftServer,group=group-2F2681A30653,id=6042bbee-a3dd-471c-98e6-20ab52f267be
2019-10-14 13:34:16,463 [RatisPipelineUtilsThread] INFO  pipeline.PipelineStateManager (PipelineStateManager.java:addPipeline(56)) - Created pipeline Pipeline[ Id: 6f866c35-74d1-44dd-9acb-2f2681a30653, Nodes: 6042bbee-a3dd-471c-98e6-20ab52f267be{ip: 192.168.151.106, host: pr-hdds-2196-2-8n2dq-3116116325, networkLocation: /default-rack, certSerialId: null}, Type:RATIS, Factor:ONE, State:OPEN]
2019-10-14 13:34:16,476 [grpc-default-executor-4] INFO  impl.RaftServerProxy (RaftServerProxy.java:addNew(89)) - 6128f1ab-045c-4eff-a4af-3985c7b476ad: addNew group-4FB9DE65D985:[a6712901-e026-4fd7-a922-07387a52e36c:192.168.151.106:35639, 0d0d0d52-104b-4e67-b273-225133011c15:192.168.151.106:46861, 6128f1ab-045c-4eff-a4af-3985c7b476ad:192.168.151.106:46196] returns group-4FB9DE65D985:java.util.concurrent.CompletableFuture@70f6ca84[Not completed]
2019-10-14 13:34:16,476 [grpc-default-executor-5] INFO  impl.RaftServerProxy (RaftServerProxy.java:addNew(89)) - a6712901-e026-4fd7-a922-07387a52e36c: addNew group-4FB9DE65D985:[a6712901-e026-4fd7-a922-07387a52e36c:192.168.151.106:35639, 0d0d0d52-104b-4e67-b273-225133011c15:192.168.151.106:46861, 6128f1ab-045c-4eff-a4af-3985c7b476ad:192.168.151.106:46196] returns group-4FB9DE65D985:java.util.concurrent.CompletableFuture@1893ecbc[Not completed]
2019-10-14 13:34:16,476 [grpc-default-executor-1] INFO  impl.RaftServerProxy (RaftServerProxy.java:addNew(89)) - 0d0d0d52-104b-4e67-b273-225133011c15: addNew group-4FB9DE65D985:[a6712901-e026-4fd7-a922-07387a52e36c:192.168.151.106:35639, 0d0d0d52-104b-4e67-b273-225133011c15:192.168.151.106:46861, 6128f1ab-045c-4eff-a4af-3985c7b476ad:192.168.151.106:46196] returns group-4FB9DE65D985:java.util.concurrent.CompletableFuture@7e34e108[Not completed]
2019-10-14 13:34:16,478 [pool-267-thread-1] INFO  impl.RaftServerImpl (RaftServerImpl.java:<init>(95)) - 0d0d0d52-104b-4e67-b273-225133011c15: new RaftServerImpl for group-4FB9DE65D985:[a6712901-e026-4fd7-a922-07387a52e36c:192.168.151.106:35639, 0d0d0d52-104b-4e67-b273-225133011c15:192.168.151.106:46861, 6128f1ab-045c-4eff-a4af-3985c7b476ad:192.168.151.106:46196] with ContainerStateMachine:uninitialized
2019-10-14 13:34:16,478 [pool-267-thread-1] INFO  server.RaftServerConfigKeys (ConfUtils.java:logGet(43)) - raft.server.rpc.timeout.min = 5s (custom)
2019-10-14 13:34:16,478 [pool-267-thread-1] INFO  server.RaftServerConfigKeys (ConfUtils.java:logGet(43)) - raft.server.rpc.timeout.max = 5200ms (custom)
2019-10-14 13:34:16,478 [pool-267-thread-1] INFO  server.RaftServerConfigKeys (ConfUtils.java:logGet(43)) - raft.server.rpcslowness.timeout = 120s (custom)
2019-10-14 13:34:16,478 [pool-267-thread-1] INFO  server.RaftServerConfigKeys (ConfUtils.java:logGet(43)) - raft.server.sleep.deviation.threshold = 300 (default)
2019-10-14 13:34:16,479 [pool-247-thread-1] INFO  impl.RaftServerImpl (RaftServerImpl.java:<init>(95)) - 6128f1ab-045c-4eff-a4af-3985c7b476ad: new RaftServerImpl for group-4FB9DE65D985:[a6712901-e026-4fd7-a922-07387a52e36c:192.168.151.106:35639, 0d0d0d52-104b-4e67-b273-225133011c15:192.168.151.106:46861, 6128f1ab-045c-4eff-a4af-3985c7b476ad:192.168.151.106:46196] with ContainerStateMachine:uninitialized
2019-10-14 13:34:16,479 [pool-267-thread-1] INFO  server.RaftServerConfigKeys (ConfUtils.java:logGet(43)) - raft.server.log.appender.install.snapshot.enabled = false (custom)
2019-10-14 13:34:16,479 [pool-247-thread-1] INFO  server.RaftServerConfigKeys (ConfUtils.java:logGet(43)) - raft.server.rpc.timeout.min = 5s (custom)
2019-10-14 13:34:16,479 [pool-267-thread-1] INFO  impl.RaftServerImpl (ServerState.java:<init>(103)) - 0d0d0d52-104b-4e67-b273-225133011c15@group-4FB9DE65D985: ConfigurationManager, init=-1: [a6712901-e026-4fd7-a922-07387a52e36c:192.168.151.106:35639, 0d0d0d52-104b-4e67-b273-225133011c15:192.168.151.106:46861, 6128f1ab-045c-4eff-a4af-3985c7b476ad:192.168.151.106:46196], old=null, confs=<EMPTY_MAP>
2019-10-14 13:34:16,479 [pool-247-thread-1] INFO  server.RaftServerConfigKeys (ConfUtils.java:logGet(43)) - raft.server.rpc.timeout.max = 5200ms (custom)
2019-10-14 13:34:16,479 [pool-267-thread-1] INFO  server.RaftServerConfigKeys (ConfUtils.java:logGet(43)) - raft.server.storage.dir = [/workdir/hadoop-ozone/integration-test/target/test-dir/MiniOzoneClusterImpl-a6752234-aa73-4bf4-a580-9e4e2df21123/datanode-6/data/ratis] (custom)
2019-10-14 13:34:16,479 [pool-247-thread-1] INFO  server.RaftServerConfigKeys (ConfUtils.java:logGet(43)) - raft.server.rpcslowness.timeout = 120s (custom)
2019-10-14 13:34:16,480 [pool-247-thread-1] INFO  server.RaftServerConfigKeys (ConfUtils.java:logGet(43)) - raft.server.sleep.deviation.threshold = 300 (default)
2019-10-14 13:34:16,480 [pool-267-thread-1] INFO  server.RaftServerConfigKeys (ConfUtils.java:logGet(43)) - raft.server.log.corruption.policy = EXCEPTION (default)
2019-10-14 13:34:16,480 [pool-237-thread-1] INFO  impl.RaftServerImpl (RaftServerImpl.java:<init>(95)) - a6712901-e026-4fd7-a922-07387a52e36c: new RaftServerImpl for group-4FB9DE65D985:[a6712901-e026-4fd7-a922-07387a52e36c:192.168.151.106:35639, 0d0d0d52-104b-4e67-b273-225133011c15:192.168.151.106:46861, 6128f1ab-045c-4eff-a4af-3985c7b476ad:192.168.151.106:46196] with ContainerStateMachine:uninitialized
2019-10-14 13:34:16,480 [pool-267-thread-1] INFO  storage.RaftStorageDirectory (RaftStorageDirectory.java:analyzeStorage(246)) - The storage directory /workdir/hadoop-ozone/integration-test/target/test-dir/MiniOzoneClusterImpl-a6752234-aa73-4bf4-a580-9e4e2df21123/datanode-6/data/ratis/c88fc5a8-505e-4f67-99b5-4fb9de65d985 does not exist. Creating ...
2019-10-14 13:34:16,480 [pool-247-thread-1] INFO  server.RaftServerConfigKeys (ConfUtils.java:logGet(43)) - raft.server.log.appender.install.snapshot.enabled = false (custom)
2019-10-14 13:34:16,480 [pool-237-thread-1] INFO  server.RaftServerConfigKeys (ConfUtils.java:logGet(43)) - raft.server.rpc.timeout.min = 5s (custom)
2019-10-14 13:34:16,481 [pool-247-thread-1] INFO  impl.RaftServerImpl (ServerState.java:<init>(103)) - 6128f1ab-045c-4eff-a4af-3985c7b476ad@group-4FB9DE65D985: ConfigurationManager, init=-1: [a6712901-e026-4fd7-a922-07387a52e36c:192.168.151.106:35639, 0d0d0d52-104b-4e67-b273-225133011c15:192.168.151.106:46861, 6128f1ab-045c-4eff-a4af-3985c7b476ad:192.168.151.106:46196], old=null, confs=<EMPTY_MAP>
2019-10-14 13:34:16,481 [pool-237-thread-1] INFO  server.RaftServerConfigKeys (ConfUtils.java:logGet(43)) - raft.server.rpc.timeout.max = 5200ms (custom)
2019-10-14 13:34:16,481 [pool-247-thread-1] INFO  server.RaftServerConfigKeys (ConfUtils.java:logGet(43)) - raft.server.storage.dir = [/workdir/hadoop-ozone/integration-test/target/test-dir/MiniOzoneClusterImpl-a6752234-aa73-4bf4-a580-9e4e2df21123/datanode-4/data/ratis] (custom)
2019-10-14 13:34:16,481 [pool-237-thread-1] INFO  server.RaftServerConfigKeys (ConfUtils.java:logGet(43)) - raft.server.rpcslowness.timeout = 120s (custom)
2019-10-14 13:34:16,481 [pool-237-thread-1] INFO  server.RaftServerConfigKeys (ConfUtils.java:logGet(43)) - raft.server.sleep.deviation.threshold = 300 (default)
2019-10-14 13:34:16,481 [pool-247-thread-1] INFO  server.RaftServerConfigKeys (ConfUtils.java:logGet(43)) - raft.server.log.corruption.policy = EXCEPTION (default)
2019-10-14 13:34:16,481 [pool-237-thread-1] INFO  server.RaftServerConfigKeys (ConfUtils.java:logGet(43)) - raft.server.log.appender.install.snapshot.enabled = false (custom)
2019-10-14 13:34:16,482 [pool-247-thread-1] INFO  storage.RaftStorageDirectory (RaftStorageDirectory.java:analyzeStorage(246)) - The storage directory /workdir/hadoop-ozone/integration-test/target/test-dir/MiniOzoneClusterImpl-a6752234-aa73-4bf4-a580-9e4e2df21123/datanode-4/data/ratis/c88fc5a8-505e-4f67-99b5-4fb9de65d985 does not exist. Creating ...
2019-10-14 13:34:16,482 [pool-237-thread-1] INFO  impl.RaftServerImpl (ServerState.java:<init>(103)) - a6712901-e026-4fd7-a922-07387a52e36c@group-4FB9DE65D985: ConfigurationManager, init=-1: [a6712901-e026-4fd7-a922-07387a52e36c:192.168.151.106:35639, 0d0d0d52-104b-4e67-b273-225133011c15:192.168.151.106:46861, 6128f1ab-045c-4eff-a4af-3985c7b476ad:192.168.151.106:46196], old=null, confs=<EMPTY_MAP>
2019-10-14 13:34:16,482 [pool-237-thread-1] INFO  server.RaftServerConfigKeys (ConfUtils.java:logGet(43)) - raft.server.storage.dir = [/workdir/hadoop-ozone/integration-test/target/test-dir/MiniOzoneClusterImpl-a6752234-aa73-4bf4-a580-9e4e2df21123/datanode-3/data/ratis] (custom)
2019-10-14 13:34:16,482 [pool-237-thread-1] INFO  server.RaftServerConfigKeys (ConfUtils.java:logGet(43)) - raft.server.log.corruption.policy = EXCEPTION (default)
2019-10-14 13:34:16,482 [pool-237-thread-1] INFO  storage.RaftStorageDirectory (RaftStorageDirectory.java:analyzeStorage(246)) - The storage directory /workdir/hadoop-ozone/integration-test/target/test-dir/MiniOzoneClusterImpl-a6752234-aa73-4bf4-a580-9e4e2df21123/datanode-3/data/ratis/c88fc5a8-505e-4f67-99b5-4fb9de65d985 does not exist. Creating ...
2019-10-14 13:34:16,494 [pool-247-thread-1] INFO  storage.RaftStorageDirectory (RaftStorageDirectory.java:tryLock(328)) - Lock on /workdir/hadoop-ozone/integration-test/target/test-dir/MiniOzoneClusterImpl-a6752234-aa73-4bf4-a580-9e4e2df21123/datanode-4/data/ratis/c88fc5a8-505e-4f67-99b5-4fb9de65d985/in_use.lock acquired by nodename 26870@pr-hdds-2196-2-8n2dq-3116116325
2019-10-14 13:34:16,494 [pool-237-thread-1] INFO  storage.RaftStorageDirectory (RaftStorageDirectory.java:tryLock(328)) - Lock on /workdir/hadoop-ozone/integration-test/target/test-dir/MiniOzoneClusterImpl-a6752234-aa73-4bf4-a580-9e4e2df21123/datanode-3/data/ratis/c88fc5a8-505e-4f67-99b5-4fb9de65d985/in_use.lock acquired by nodename 26870@pr-hdds-2196-2-8n2dq-3116116325
2019-10-14 13:34:16,494 [pool-267-thread-1] INFO  storage.RaftStorageDirectory (RaftStorageDirectory.java:tryLock(328)) - Lock on /workdir/hadoop-ozone/integration-test/target/test-dir/MiniOzoneClusterImpl-a6752234-aa73-4bf4-a580-9e4e2df21123/datanode-6/data/ratis/c88fc5a8-505e-4f67-99b5-4fb9de65d985/in_use.lock acquired by nodename 26870@pr-hdds-2196-2-8n2dq-3116116325
2019-10-14 13:34:16,519 [pool-237-thread-1] INFO  storage.RaftStorage (RaftStorage.java:format(84)) - Storage directory /workdir/hadoop-ozone/integration-test/target/test-dir/MiniOzoneClusterImpl-a6752234-aa73-4bf4-a580-9e4e2df21123/datanode-3/data/ratis/c88fc5a8-505e-4f67-99b5-4fb9de65d985 has been successfully formatted.
2019-10-14 13:34:16,519 [pool-247-thread-1] INFO  storage.RaftStorage (RaftStorage.java:format(84)) - Storage directory /workdir/hadoop-ozone/integration-test/target/test-dir/MiniOzoneClusterImpl-a6752234-aa73-4bf4-a580-9e4e2df21123/datanode-4/data/ratis/c88fc5a8-505e-4f67-99b5-4fb9de65d985 has been successfully formatted.
2019-10-14 13:34:16,519 [pool-267-thread-1] INFO  storage.RaftStorage (RaftStorage.java:format(84)) - Storage directory /workdir/hadoop-ozone/integration-test/target/test-dir/MiniOzoneClusterImpl-a6752234-aa73-4bf4-a580-9e4e2df21123/datanode-6/data/ratis/c88fc5a8-505e-4f67-99b5-4fb9de65d985 has been successfully formatted.
2019-10-14 13:34:16,520 [pool-247-thread-1] INFO  ratis.ContainerStateMachine (ContainerStateMachine.java:loadSnapshot(230)) - group-4FB9DE65D985: The snapshot info is null. Setting the last applied indexto:(t:0, i:~)
2019-10-14 13:34:16,519 [pool-237-thread-1] INFO  ratis.ContainerStateMachine (ContainerStateMachine.java:loadSnapshot(230)) - group-4FB9DE65D985: The snapshot info is null. Setting the last applied indexto:(t:0, i:~)
2019-10-14 13:34:16,520 [pool-247-thread-1] INFO  server.RaftServerConfigKeys (ConfUtils.java:logGet(43)) - raft.server.notification.no-leader.timeout = 120s (custom)
2019-10-14 13:34:16,520 [pool-267-thread-1] INFO  ratis.ContainerStateMachine (ContainerStateMachine.java:loadSnapshot(230)) - group-4FB9DE65D985: The snapshot info is null. Setting the last applied indexto:(t:0, i:~)
2019-10-14 13:34:16,520 [pool-247-thread-1] INFO  server.RaftServerConfigKeys (ConfUtils.java:logGet(43)) - raft.server.log.use.memory = false (default)
2019-10-14 13:34:16,520 [pool-237-thread-1] INFO  server.RaftServerConfigKeys (ConfUtils.java:logGet(43)) - raft.server.notification.no-leader.timeout = 120s (custom)
2019-10-14 13:34:16,520 [pool-247-thread-1] INFO  server.RaftServerConfigKeys (ConfUtils.java:logGet(43)) - raft.server.log.purge.gap = 1000000 (custom)
2019-10-14 13:34:16,520 [pool-267-thread-1] INFO  server.RaftServerConfigKeys (ConfUtils.java:logGet(43)) - raft.server.notification.no-leader.timeout = 120s (custom)
2019-10-14 13:34:16,521 [pool-247-thread-1] INFO  server.RaftServerConfigKeys (ConfUtils.java:logGet(43)) - raft.server.log.appender.buffer.byte-limit = 33554432 (custom)
2019-10-14 13:34:16,521 [pool-247-thread-1] INFO  server.RaftServerConfigKeys (ConfUtils.java:logGet(43)) - raft.server.log.segment.size.max = 1048576 (custom)
2019-10-14 13:34:16,521 [pool-237-thread-1] INFO  server.RaftServerConfigKeys (ConfUtils.java:logGet(43)) - raft.server.log.use.memory = false (default)
2019-10-14 13:34:16,521 [pool-247-thread-1] INFO  server.RaftServerConfigKeys (ConfUtils.java:logGet(43)) - raft.server.log.segment.cache.num.max = 2 (custom)
2019-10-14 13:34:16,522 [pool-247-thread-1] INFO  segmented.SegmentedRaftLogWorker (SegmentedRaftLogWorker.java:<init>(173)) - new 6128f1ab-045c-4eff-a4af-3985c7b476ad@group-4FB9DE65D985-SegmentedRaftLogWorker for RaftStorage:Storage Directory /workdir/hadoop-ozone/integration-test/target/test-dir/MiniOzoneClusterImpl-a6752234-aa73-4bf4-a580-9e4e2df21123/datanode-4/data/ratis/c88fc5a8-505e-4f67-99b5-4fb9de65d985
2019-10-14 13:34:16,521 [pool-267-thread-1] INFO  server.RaftServerConfigKeys (ConfUtils.java:logGet(43)) - raft.server.log.use.memory = false (default)
2019-10-14 13:34:16,522 [pool-247-thread-1] INFO  server.RaftServerConfigKeys (ConfUtils.java:logGet(43)) - raft.server.log.queue.byte-limit = 2147483647 (custom)
2019-10-14 13:34:16,521 [pool-237-thread-1] INFO  server.RaftServerConfigKeys (ConfUtils.java:logGet(43)) - raft.server.log.purge.gap = 1000000 (custom)
2019-10-14 13:34:16,522 [pool-247-thread-1] INFO  server.RaftServerConfigKeys (ConfUtils.java:logGet(43)) - raft.server.log.queue.element-limit = 1024 (custom)
2019-10-14 13:34:16,522 [pool-267-thread-1] INFO  server.RaftServerConfigKeys (ConfUtils.java:logGet(43)) - raft.server.log.purge.gap = 1000000 (custom)
2019-10-14 13:34:16,522 [pool-247-thread-1] INFO  server.RaftServerConfigKeys (ConfUtils.java:logGet(43)) - raft.server.log.segment.size.max = 1048576 (custom)
2019-10-14 13:34:16,523 [pool-247-thread-1] INFO  server.RaftServerConfigKeys (ConfUtils.java:logGet(43)) - raft.server.log.preallocated.size = 16384 (custom)
2019-10-14 13:34:16,522 [pool-237-thread-1] INFO  server.RaftServerConfigKeys (ConfUtils.java:logGet(43)) - raft.server.log.appender.buffer.byte-limit = 33554432 (custom)
2019-10-14 13:34:16,523 [pool-247-thread-1] INFO  server.RaftServerConfigKeys (ConfUtils.java:logGet(43)) - raft.server.log.write.buffer.size = 33554432 (custom)
2019-10-14 13:34:16,523 [pool-247-thread-1] INFO  server.RaftServerConfigKeys (ConfUtils.java:logGet(43)) - raft.server.log.force.sync.num = 128 (default)
2019-10-14 13:34:16,523 [pool-267-thread-1] INFO  server.RaftServerConfigKeys (ConfUtils.java:logGet(43)) - raft.server.log.appender.buffer.byte-limit = 33554432 (custom)
2019-10-14 13:34:16,523 [pool-247-thread-1] INFO  server.RaftServerConfigKeys (ConfUtils.java:logGet(43)) - raft.server.log.statemachine.data.sync = true (default)
2019-10-14 13:34:16,523 [pool-237-thread-1] INFO  server.RaftServerConfigKeys (ConfUtils.java:logGet(43)) - raft.server.log.segment.size.max = 1048576 (custom)
2019-10-14 13:34:16,524 [pool-247-thread-1] INFO  server.RaftServerConfigKeys (ConfUtils.java:logGet(43)) - raft.server.log.statemachine.data.sync.timeout = 10s (default)
2019-10-14 13:34:16,523 [pool-267-thread-1] INFO  server.RaftServerConfigKeys (ConfUtils.java:logGet(43)) - raft.server.log.segment.size.max = 1048576 (custom)
2019-10-14 13:34:16,524 [pool-247-thread-1] INFO  server.RaftServerConfigKeys (ConfUtils.java:logGet(43)) - raft.server.log.statemachine.data.sync.timeout.retry = -1 (default)
2019-10-14 13:34:16,524 [pool-237-thread-1] INFO  server.RaftServerConfigKeys (ConfUtils.java:logGet(43)) - raft.server.log.segment.cache.num.max = 2 (custom)
2019-10-14 13:34:16,524 [pool-247-thread-1] INFO  server.RaftServerConfigKeys (ConfUtils.java:logGet(43)) - raft.server.log.statemachine.data.caching.enabled = true (custom)
2019-10-14 13:34:16,524 [pool-267-thread-1] INFO  server.RaftServerConfigKeys (ConfUtils.java:logGet(43)) - raft.server.log.segment.cache.num.max = 2 (custom)
2019-10-14 13:34:16,525 [pool-237-thread-1] INFO  segmented.SegmentedRaftLogWorker (SegmentedRaftLogWorker.java:<init>(173)) - new a6712901-e026-4fd7-a922-07387a52e36c@group-4FB9DE65D985-SegmentedRaftLogWorker for RaftStorage:Storage Directory /workdir/hadoop-ozone/integration-test/target/test-dir/MiniOzoneClusterImpl-a6752234-aa73-4bf4-a580-9e4e2df21123/datanode-3/data/ratis/c88fc5a8-505e-4f67-99b5-4fb9de65d985
2019-10-14 13:34:16,525 [pool-247-thread-1] INFO  segmented.SegmentedRaftLogWorker (SegmentedRaftLogWorker.java:lambda$new$0(128)) - 6128f1ab-045c-4eff-a4af-3985c7b476ad@group-4FB9DE65D985-SegmentedRaftLogWorker: flushIndex: setUnconditionally 0 -> -1
2019-10-14 13:34:16,525 [pool-267-thread-1] INFO  segmented.SegmentedRaftLogWorker (SegmentedRaftLogWorker.java:<init>(173)) - new 0d0d0d52-104b-4e67-b273-225133011c15@group-4FB9DE65D985-SegmentedRaftLogWorker for RaftStorage:Storage Directory /workdir/hadoop-ozone/integration-test/target/test-dir/MiniOzoneClusterImpl-a6752234-aa73-4bf4-a580-9e4e2df21123/datanode-6/data/ratis/c88fc5a8-505e-4f67-99b5-4fb9de65d985
2019-10-14 13:34:16,525 [pool-247-thread-1] INFO  server.RaftServerConfigKeys (ConfUtils.java:logGet(43)) - raft.server.snapshot.auto.trigger.enabled = true (custom)
2019-10-14 13:34:16,525 [pool-237-thread-1] INFO  server.RaftServerConfigKeys (ConfUtils.java:logGet(43)) - raft.server.log.queue.byte-limit = 2147483647 (custom)
2019-10-14 13:34:16,525 [pool-247-thread-1] INFO  server.RaftServerConfigKeys (ConfUtils.java:logGet(43)) - raft.server.snapshot.auto.trigger.threshold = 10000 (custom)
2019-10-14 13:34:16,526 [pool-247-thread-1] INFO  server.RaftServerConfigKeys (ConfUtils.java:logGet(43)) - raft.server.snapshot.retention.file.num = 5 (custom)
2019-10-14 13:34:16,525 [pool-267-thread-1] INFO  server.RaftServerConfigKeys (ConfUtils.java:logGet(43)) - raft.server.log.queue.byte-limit = 2147483647 (custom)
2019-10-14 13:34:16,526 [pool-247-thread-1] INFO  server.RaftServerConfigKeys (ConfUtils.java:logGet(43)) - raft.server.retrycache.expirytime = 600000ms (custom)
2019-10-14 13:34:16,526 [pool-237-thread-1] INFO  server.RaftServerConfigKeys (ConfUtils.java:logGet(43)) - raft.server.log.queue.element-limit = 1024 (custom)
2019-10-14 13:34:16,526 [pool-267-thread-1] INFO  server.RaftServerConfigKeys (ConfUtils.java:logGet(43)) - raft.server.log.queue.element-limit = 1024 (custom)
2019-10-14 13:34:16,526 [pool-237-thread-1] INFO  server.RaftServerConfigKeys (ConfUtils.java:logGet(43)) - raft.server.log.segment.size.max = 1048576 (custom)
2019-10-14 13:34:16,526 [pool-267-thread-1] INFO  server.RaftServerConfigKeys (ConfUtils.java:logGet(43)) - raft.server.log.segment.size.max = 1048576 (custom)
2019-10-14 13:34:16,527 [pool-237-thread-1] INFO  server.RaftServerConfigKeys (ConfUtils.java:logGet(43)) - raft.server.log.preallocated.size = 16384 (custom)
2019-10-14 13:34:16,527 [pool-267-thread-1] INFO  server.RaftServerConfigKeys (ConfUtils.java:logGet(43)) - raft.server.log.preallocated.size = 16384 (custom)
2019-10-14 13:34:16,527 [pool-237-thread-1] INFO  server.RaftServerConfigKeys (ConfUtils.java:logGet(43)) - raft.server.log.write.buffer.size = 33554432 (custom)
2019-10-14 13:34:16,527 [pool-267-thread-1] INFO  server.RaftServerConfigKeys (ConfUtils.java:logGet(43)) - raft.server.log.write.buffer.size = 33554432 (custom)
2019-10-14 13:34:16,527 [pool-237-thread-1] INFO  server.RaftServerConfigKeys (ConfUtils.java:logGet(43)) - raft.server.log.force.sync.num = 128 (default)
2019-10-14 13:34:16,527 [pool-267-thread-1] INFO  server.RaftServerConfigKeys (ConfUtils.java:logGet(43)) - raft.server.log.force.sync.num = 128 (default)
2019-10-14 13:34:16,527 [pool-237-thread-1] INFO  server.RaftServerConfigKeys (ConfUtils.java:logGet(43)) - raft.server.log.statemachine.data.sync = true (default)
2019-10-14 13:34:16,528 [pool-267-thread-1] INFO  server.RaftServerConfigKeys (ConfUtils.java:logGet(43)) - raft.server.log.statemachine.data.sync = true (default)
2019-10-14 13:34:16,528 [pool-237-thread-1] INFO  server.RaftServerConfigKeys (ConfUtils.java:logGet(43)) - raft.server.log.statemachine.data.sync.timeout = 10s (default)
2019-10-14 13:34:16,528 [pool-267-thread-1] INFO  server.RaftServerConfigKeys (ConfUtils.java:logGet(43)) - raft.server.log.statemachine.data.sync.timeout = 10s (default)
2019-10-14 13:34:16,528 [pool-247-thread-1] INFO  impl.RaftServerImpl (RaftServerImpl.java:start(181)) - 6128f1ab-045c-4eff-a4af-3985c7b476ad@group-4FB9DE65D985: start as a follower, conf=-1: [a6712901-e026-4fd7-a922-07387a52e36c:192.168.151.106:35639, 0d0d0d52-104b-4e67-b273-225133011c15:192.168.151.106:46861, 6128f1ab-045c-4eff-a4af-3985c7b476ad:192.168.151.106:46196], old=null
2019-10-14 13:34:16,528 [pool-237-thread-1] INFO  server.RaftServerConfigKeys (ConfUtils.java:logGet(43)) - raft.server.log.statemachine.data.sync.timeout.retry = -1 (default)
2019-10-14 13:34:16,528 [pool-247-thread-1] INFO  impl.RaftServerImpl (RaftServerImpl.java:setRole(170)) - 6128f1ab-045c-4eff-a4af-3985c7b476ad@group-4FB9DE65D985: changes role from      null to FOLLOWER at term 0 for startAsFollower
2019-10-14 13:34:16,528 [pool-267-thread-1] INFO  server.RaftServerConfigKeys (ConfUtils.java:logGet(43)) - raft.server.log.statemachine.data.sync.timeout.retry = -1 (default)
2019-10-14 13:34:16,529 [pool-247-thread-1] INFO  impl.RoleInfo (RoleInfo.java:updateAndGet(143)) - 6128f1ab-045c-4eff-a4af-3985c7b476ad: start FollowerState
2019-10-14 13:34:16,529 [pool-237-thread-1] INFO  server.RaftServerConfigKeys (ConfUtils.java:logGet(43)) - raft.server.log.statemachine.data.caching.enabled = true (custom)
2019-10-14 13:34:16,529 [pool-267-thread-1] INFO  server.RaftServerConfigKeys (ConfUtils.java:logGet(43)) - raft.server.log.statemachine.data.caching.enabled = true (custom)
2019-10-14 13:34:16,529 [pool-237-thread-1] INFO  segmented.SegmentedRaftLogWorker (SegmentedRaftLogWorker.java:lambda$new$0(128)) - a6712901-e026-4fd7-a922-07387a52e36c@group-4FB9DE65D985-SegmentedRaftLogWorker: flushIndex: setUnconditionally 0 -> -1
2019-10-14 13:34:16,529 [pool-247-thread-1] INFO  util.JmxRegister (JmxRegister.java:tryRegister(44)) - Successfully registered JMX Bean with object name Ratis:service=RaftServer,group=group-4FB9DE65D985,id=6128f1ab-045c-4eff-a4af-3985c7b476ad
2019-10-14 13:34:16,529 [pool-267-thread-1] INFO  segmented.SegmentedRaftLogWorker (SegmentedRaftLogWorker.java:lambda$new$0(128)) - 0d0d0d52-104b-4e67-b273-225133011c15@group-4FB9DE65D985-SegmentedRaftLogWorker: flushIndex: setUnconditionally 0 -> -1
2019-10-14 13:34:16,530 [pool-237-thread-1] INFO  server.RaftServerConfigKeys (ConfUtils.java:logGet(43)) - raft.server.snapshot.auto.trigger.enabled = true (custom)
2019-10-14 13:34:16,530 [pool-237-thread-1] INFO  server.RaftServerConfigKeys (ConfUtils.java:logGet(43)) - raft.server.snapshot.auto.trigger.threshold = 10000 (custom)
2019-10-14 13:34:16,530 [pool-267-thread-1] INFO  server.RaftServerConfigKeys (ConfUtils.java:logGet(43)) - raft.server.snapshot.auto.trigger.enabled = true (custom)
2019-10-14 13:34:16,530 [pool-237-thread-1] INFO  server.RaftServerConfigKeys (ConfUtils.java:logGet(43)) - raft.server.snapshot.retention.file.num = 5 (custom)
2019-10-14 13:34:16,530 [pool-267-thread-1] INFO  server.RaftServerConfigKeys (ConfUtils.java:logGet(43)) - raft.server.snapshot.auto.trigger.threshold = 10000 (custom)
2019-10-14 13:34:16,530 [pool-237-thread-1] INFO  server.RaftServerConfigKeys (ConfUtils.java:logGet(43)) - raft.server.retrycache.expirytime = 600000ms (custom)
2019-10-14 13:34:16,530 [pool-267-thread-1] INFO  server.RaftServerConfigKeys (ConfUtils.java:logGet(43)) - raft.server.snapshot.retention.file.num = 5 (custom)
2019-10-14 13:34:16,531 [pool-267-thread-1] INFO  server.RaftServerConfigKeys (ConfUtils.java:logGet(43)) - raft.server.retrycache.expirytime = 600000ms (custom)
2019-10-14 13:34:16,537 [pool-237-thread-1] INFO  impl.RaftServerImpl (RaftServerImpl.java:start(181)) - a6712901-e026-4fd7-a922-07387a52e36c@group-4FB9DE65D985: start as a follower, conf=-1: [a6712901-e026-4fd7-a922-07387a52e36c:192.168.151.106:35639, 0d0d0d52-104b-4e67-b273-225133011c15:192.168.151.106:46861, 6128f1ab-045c-4eff-a4af-3985c7b476ad:192.168.151.106:46196], old=null
2019-10-14 13:34:16,537 [pool-237-thread-1] INFO  impl.RaftServerImpl (RaftServerImpl.java:setRole(170)) - a6712901-e026-4fd7-a922-07387a52e36c@group-4FB9DE65D985: changes role from      null to FOLLOWER at term 0 for startAsFollower
2019-10-14 13:34:16,537 [pool-267-thread-1] INFO  impl.RaftServerImpl (RaftServerImpl.java:start(181)) - 0d0d0d52-104b-4e67-b273-225133011c15@group-4FB9DE65D985: start as a follower, conf=-1: [a6712901-e026-4fd7-a922-07387a52e36c:192.168.151.106:35639, 0d0d0d52-104b-4e67-b273-225133011c15:192.168.151.106:46861, 6128f1ab-045c-4eff-a4af-3985c7b476ad:192.168.151.106:46196], old=null
2019-10-14 13:34:16,537 [pool-237-thread-1] INFO  impl.RoleInfo (RoleInfo.java:updateAndGet(143)) - a6712901-e026-4fd7-a922-07387a52e36c: start FollowerState
2019-10-14 13:34:16,537 [pool-267-thread-1] INFO  impl.RaftServerImpl (RaftServerImpl.java:setRole(170)) - 0d0d0d52-104b-4e67-b273-225133011c15@group-4FB9DE65D985: changes role from      null to FOLLOWER at term 0 for startAsFollower
2019-10-14 13:34:16,537 [pool-267-thread-1] INFO  impl.RoleInfo (RoleInfo.java:updateAndGet(143)) - 0d0d0d52-104b-4e67-b273-225133011c15: start FollowerState
2019-10-14 13:34:16,537 [pool-237-thread-1] INFO  util.JmxRegister (JmxRegister.java:tryRegister(44)) - Successfully registered JMX Bean with object name Ratis:service=RaftServer,group=group-4FB9DE65D985,id=a6712901-e026-4fd7-a922-07387a52e36c
2019-10-14 13:34:16,538 [pool-267-thread-1] INFO  util.JmxRegister (JmxRegister.java:tryRegister(44)) - Successfully registered JMX Bean with object name Ratis:service=RaftServer,group=group-4FB9DE65D985,id=0d0d0d52-104b-4e67-b273-225133011c15
2019-10-14 13:34:16,548 [RatisPipelineUtilsThread] INFO  pipeline.PipelineStateManager (PipelineStateManager.java:addPipeline(56)) - Created pipeline Pipeline[ Id: c88fc5a8-505e-4f67-99b5-4fb9de65d985, Nodes: 6128f1ab-045c-4eff-a4af-3985c7b476ad{ip: 192.168.151.106, host: pr-hdds-2196-2-8n2dq-3116116325, networkLocation: /default-rack, certSerialId: null}a6712901-e026-4fd7-a922-07387a52e36c{ip: 192.168.151.106, host: pr-hdds-2196-2-8n2dq-3116116325, networkLocation: /default-rack, certSerialId: null}0d0d0d52-104b-4e67-b273-225133011c15{ip: 192.168.151.106, host: pr-hdds-2196-2-8n2dq-3116116325, networkLocation: /default-rack, certSerialId: null}, Type:RATIS, Factor:THREE, State:OPEN]
2019-10-14 13:34:18,930 [Thread-1473] INFO  container.ReplicationManager (ReplicationManager.java:start(162)) - Starting Replication Monitor Thread.
2019-10-14 13:34:18,934 [ReplicationMonitor] INFO  container.ReplicationManager (ReplicationManager.java:run(225)) - Replication Monitor Thread took 0 milliseconds for processing 1 containers.
2019-10-14 13:34:21,106 [Thread-1475] INFO  impl.FollowerState (FollowerState.java:run(108)) - cf8d3001-8af4-4fc5-b72d-8dcaa9baa2e1@group-450A89F2C1F6-FollowerState: change to CANDIDATE, lastRpcTime:5133ms, electionTimeout:5133ms
2019-10-14 13:34:21,106 [Thread-1475] INFO  impl.RoleInfo (RoleInfo.java:shutdownFollowerState(121)) - cf8d3001-8af4-4fc5-b72d-8dcaa9baa2e1: shutdown FollowerState
2019-10-14 13:34:21,106 [Thread-1475] INFO  impl.RaftServerImpl (RaftServerImpl.java:setRole(170)) - cf8d3001-8af4-4fc5-b72d-8dcaa9baa2e1@group-450A89F2C1F6: changes role from  FOLLOWER to CANDIDATE at term 0 for changeToCandidate
2019-10-14 13:34:21,107 [Thread-1475] INFO  impl.RoleInfo (RoleInfo.java:updateAndGet(143)) - cf8d3001-8af4-4fc5-b72d-8dcaa9baa2e1: start LeaderElection
2019-10-14 13:34:21,126 [cf8d3001-8af4-4fc5-b72d-8dcaa9baa2e1@group-450A89F2C1F6-LeaderElection32] INFO  impl.LeaderElection (LeaderElection.java:askForVotes(178)) - cf8d3001-8af4-4fc5-b72d-8dcaa9baa2e1@group-450A89F2C1F6-LeaderElection32: begin an election at term 1 for -1: [cf8d3001-8af4-4fc5-b72d-8dcaa9baa2e1:192.168.151.106:37475], old=null
2019-10-14 13:34:21,127 [cf8d3001-8af4-4fc5-b72d-8dcaa9baa2e1@group-450A89F2C1F6-LeaderElection32] INFO  impl.RoleInfo (RoleInfo.java:shutdownLeaderElection(134)) - cf8d3001-8af4-4fc5-b72d-8dcaa9baa2e1: shutdown LeaderElection
2019-10-14 13:34:21,127 [cf8d3001-8af4-4fc5-b72d-8dcaa9baa2e1@group-450A89F2C1F6-LeaderElection32] INFO  impl.RaftServerImpl (RaftServerImpl.java:setRole(170)) - cf8d3001-8af4-4fc5-b72d-8dcaa9baa2e1@group-450A89F2C1F6: changes role from CANDIDATE to LEADER at term 1 for changeToLeader
2019-10-14 13:34:21,127 [cf8d3001-8af4-4fc5-b72d-8dcaa9baa2e1@group-450A89F2C1F6-LeaderElection32] INFO  impl.RaftServerImpl (ServerState.java:setLeader(255)) - cf8d3001-8af4-4fc5-b72d-8dcaa9baa2e1@group-450A89F2C1F6: change Leader from null to cf8d3001-8af4-4fc5-b72d-8dcaa9baa2e1 at term 1 for becomeLeader, leader elected after 5166ms
2019-10-14 13:34:21,127 [cf8d3001-8af4-4fc5-b72d-8dcaa9baa2e1@group-450A89F2C1F6-LeaderElection32] INFO  server.RaftServerConfigKeys (ConfUtils.java:logGet(43)) - raft.server.staging.catchup.gap = 1000 (default)
2019-10-14 13:34:21,127 [cf8d3001-8af4-4fc5-b72d-8dcaa9baa2e1@group-450A89F2C1F6-LeaderElection32] INFO  server.RaftServerConfigKeys (ConfUtils.java:logGet(43)) - raft.server.rpc.sleep.time = 25ms (default)
2019-10-14 13:34:21,128 [cf8d3001-8af4-4fc5-b72d-8dcaa9baa2e1@group-450A89F2C1F6-LeaderElection32] INFO  server.RaftServerConfigKeys (ConfUtils.java:logGet(43)) - raft.server.write.element-limit = 4096 (default)
2019-10-14 13:34:21,128 [cf8d3001-8af4-4fc5-b72d-8dcaa9baa2e1@group-450A89F2C1F6-LeaderElection32] INFO  server.RaftServerConfigKeys (ConfUtils.java:logGet(43)) - raft.server.watch.timeout = 10s (default)
2019-10-14 13:34:21,128 [cf8d3001-8af4-4fc5-b72d-8dcaa9baa2e1@group-450A89F2C1F6-LeaderElection32] INFO  server.RaftServerConfigKeys (ConfUtils.java:logGet(43)) - raft.server.watch.timeout.denomination = 1s (default)
2019-10-14 13:34:21,128 [cf8d3001-8af4-4fc5-b72d-8dcaa9baa2e1@group-450A89F2C1F6-LeaderElection32] INFO  server.RaftServerConfigKeys (ConfUtils.java:logGet(43)) - raft.server.watch.element-limit = 65536 (default)
2019-10-14 13:34:21,131 [cf8d3001-8af4-4fc5-b72d-8dcaa9baa2e1@group-450A89F2C1F6-LeaderElection32] INFO  impl.RoleInfo (RoleInfo.java:updateAndGet(143)) - cf8d3001-8af4-4fc5-b72d-8dcaa9baa2e1: start LeaderState
2019-10-14 13:34:21,131 [cf8d3001-8af4-4fc5-b72d-8dcaa9baa2e1@group-450A89F2C1F6-LeaderElection32] INFO  segmented.SegmentedRaftLogWorker (SegmentedRaftLogWorker.java:startLogSegment(385)) - cf8d3001-8af4-4fc5-b72d-8dcaa9baa2e1@group-450A89F2C1F6-SegmentedRaftLogWorker: Starting segment from index:0
2019-10-14 13:34:21,132 [cf8d3001-8af4-4fc5-b72d-8dcaa9baa2e1@group-450A89F2C1F6-LeaderElection32] INFO  impl.RaftServerImpl (ServerState.java:setRaftConf(356)) - cf8d3001-8af4-4fc5-b72d-8dcaa9baa2e1@group-450A89F2C1F6: set configuration 0: [cf8d3001-8af4-4fc5-b72d-8dcaa9baa2e1:192.168.151.106:37475], old=null at 0
2019-10-14 13:34:21,164 [Thread-1478] INFO  impl.FollowerState (FollowerState.java:run(108)) - 677247a7-29f7-4094-aab0-2aa00681ebef@group-ED3E21EEEB09-FollowerState: change to CANDIDATE, lastRpcTime:5126ms, electionTimeout:5126ms
2019-10-14 13:34:21,165 [Thread-1478] INFO  impl.RoleInfo (RoleInfo.java:shutdownFollowerState(121)) - 677247a7-29f7-4094-aab0-2aa00681ebef: shutdown FollowerState
2019-10-14 13:34:21,165 [Thread-1478] INFO  impl.RaftServerImpl (RaftServerImpl.java:setRole(170)) - 677247a7-29f7-4094-aab0-2aa00681ebef@group-ED3E21EEEB09: changes role from  FOLLOWER to CANDIDATE at term 0 for changeToCandidate
2019-10-14 13:34:21,165 [Thread-1478] INFO  impl.RoleInfo (RoleInfo.java:updateAndGet(143)) - 677247a7-29f7-4094-aab0-2aa00681ebef: start LeaderElection
2019-10-14 13:34:21,172 [Thread-1481] INFO  impl.FollowerState (FollowerState.java:run(108)) - 192e12c5-d762-43c7-a534-44a4e83d726f@group-9E9337FF5116-FollowerState: change to CANDIDATE, lastRpcTime:5094ms, electionTimeout:5094ms
2019-10-14 13:34:21,172 [Thread-1481] INFO  impl.RoleInfo (RoleInfo.java:shutdownFollowerState(121)) - 192e12c5-d762-43c7-a534-44a4e83d726f: shutdown FollowerState
2019-10-14 13:34:21,172 [Thread-1481] INFO  impl.RaftServerImpl (RaftServerImpl.java:setRole(170)) - 192e12c5-d762-43c7-a534-44a4e83d726f@group-9E9337FF5116: changes role from  FOLLOWER to CANDIDATE at term 0 for changeToCandidate
2019-10-14 13:34:21,172 [cf8d3001-8af4-4fc5-b72d-8dcaa9baa2e1@group-450A89F2C1F6-SegmentedRaftLogWorker] INFO  segmented.SegmentedRaftLogWorker (SegmentedRaftLogWorker.java:execute(574)) - cf8d3001-8af4-4fc5-b72d-8dcaa9baa2e1@group-450A89F2C1F6-SegmentedRaftLogWorker: created new log segment /workdir/hadoop-ozone/integration-test/target/test-dir/MiniOzoneClusterImpl-a6752234-aa73-4bf4-a580-9e4e2df21123/datanode-0/data/ratis/bc56bd4e-84bb-4fd9-953b-450a89f2c1f6/current/log_inprogress_0
2019-10-14 13:34:21,172 [Thread-1481] INFO  impl.RoleInfo (RoleInfo.java:updateAndGet(143)) - 192e12c5-d762-43c7-a534-44a4e83d726f: start LeaderElection
2019-10-14 13:34:21,178 [677247a7-29f7-4094-aab0-2aa00681ebef@group-ED3E21EEEB09-LeaderElection33] INFO  impl.LeaderElection (LeaderElection.java:askForVotes(178)) - 677247a7-29f7-4094-aab0-2aa00681ebef@group-ED3E21EEEB09-LeaderElection33: begin an election at term 1 for -1: [677247a7-29f7-4094-aab0-2aa00681ebef:192.168.151.106:38287], old=null
2019-10-14 13:34:21,178 [677247a7-29f7-4094-aab0-2aa00681ebef@group-ED3E21EEEB09-LeaderElection33] INFO  impl.RoleInfo (RoleInfo.java:shutdownLeaderElection(134)) - 677247a7-29f7-4094-aab0-2aa00681ebef: shutdown LeaderElection
2019-10-14 13:34:21,179 [677247a7-29f7-4094-aab0-2aa00681ebef@group-ED3E21EEEB09-LeaderElection33] INFO  impl.RaftServerImpl (RaftServerImpl.java:setRole(170)) - 677247a7-29f7-4094-aab0-2aa00681ebef@group-ED3E21EEEB09: changes role from CANDIDATE to LEADER at term 1 for changeToLeader
2019-10-14 13:34:21,179 [677247a7-29f7-4094-aab0-2aa00681ebef@group-ED3E21EEEB09-LeaderElection33] INFO  impl.RaftServerImpl (ServerState.java:setLeader(255)) - 677247a7-29f7-4094-aab0-2aa00681ebef@group-ED3E21EEEB09: change Leader from null to 677247a7-29f7-4094-aab0-2aa00681ebef at term 1 for becomeLeader, leader elected after 5148ms
2019-10-14 13:34:21,179 [677247a7-29f7-4094-aab0-2aa00681ebef@group-ED3E21EEEB09-LeaderElection33] INFO  server.RaftServerConfigKeys (ConfUtils.java:logGet(43)) - raft.server.staging.catchup.gap = 1000 (default)
2019-10-14 13:34:21,179 [677247a7-29f7-4094-aab0-2aa00681ebef@group-ED3E21EEEB09-LeaderElection33] INFO  server.RaftServerConfigKeys (ConfUtils.java:logGet(43)) - raft.server.rpc.sleep.time = 25ms (default)
2019-10-14 13:34:21,179 [677247a7-29f7-4094-aab0-2aa00681ebef@group-ED3E21EEEB09-LeaderElection33] INFO  server.RaftServerConfigKeys (ConfUtils.java:logGet(43)) - raft.server.write.element-limit = 4096 (default)
2019-10-14 13:34:21,180 [677247a7-29f7-4094-aab0-2aa00681ebef@group-ED3E21EEEB09-LeaderElection33] INFO  server.RaftServerConfigKeys (ConfUtils.java:logGet(43)) - raft.server.watch.timeout = 10s (default)
2019-10-14 13:34:21,180 [677247a7-29f7-4094-aab0-2aa00681ebef@group-ED3E21EEEB09-LeaderElection33] INFO  server.RaftServerConfigKeys (ConfUtils.java:logGet(43)) - raft.server.watch.timeout.denomination = 1s (default)
2019-10-14 13:34:21,180 [677247a7-29f7-4094-aab0-2aa00681ebef@group-ED3E21EEEB09-LeaderElection33] INFO  server.RaftServerConfigKeys (ConfUtils.java:logGet(43)) - raft.server.watch.element-limit = 65536 (default)
2019-10-14 13:34:21,182 [677247a7-29f7-4094-aab0-2aa00681ebef@group-ED3E21EEEB09-LeaderElection33] INFO  impl.RoleInfo (RoleInfo.java:updateAndGet(143)) - 677247a7-29f7-4094-aab0-2aa00681ebef: start LeaderState
2019-10-14 13:34:21,183 [677247a7-29f7-4094-aab0-2aa00681ebef@group-ED3E21EEEB09-LeaderElection33] INFO  segmented.SegmentedRaftLogWorker (SegmentedRaftLogWorker.java:startLogSegment(385)) - 677247a7-29f7-4094-aab0-2aa00681ebef@group-ED3E21EEEB09-SegmentedRaftLogWorker: Starting segment from index:0
2019-10-14 13:34:21,183 [677247a7-29f7-4094-aab0-2aa00681ebef@group-ED3E21EEEB09-LeaderElection33] INFO  impl.RaftServerImpl (ServerState.java:setRaftConf(356)) - 677247a7-29f7-4094-aab0-2aa00681ebef@group-ED3E21EEEB09: set configuration 0: [677247a7-29f7-4094-aab0-2aa00681ebef:192.168.151.106:38287], old=null at 0
2019-10-14 13:34:21,191 [192e12c5-d762-43c7-a534-44a4e83d726f@group-9E9337FF5116-LeaderElection34] INFO  impl.LeaderElection (LeaderElection.java:askForVotes(178)) - 192e12c5-d762-43c7-a534-44a4e83d726f@group-9E9337FF5116-LeaderElection34: begin an election at term 1 for -1: [192e12c5-d762-43c7-a534-44a4e83d726f:192.168.151.106:43637], old=null
2019-10-14 13:34:21,191 [192e12c5-d762-43c7-a534-44a4e83d726f@group-9E9337FF5116-LeaderElection34] INFO  impl.RoleInfo (RoleInfo.java:shutdownLeaderElection(134)) - 192e12c5-d762-43c7-a534-44a4e83d726f: shutdown LeaderElection
2019-10-14 13:34:21,191 [192e12c5-d762-43c7-a534-44a4e83d726f@group-9E9337FF5116-LeaderElection34] INFO  impl.RaftServerImpl (RaftServerImpl.java:setRole(170)) - 192e12c5-d762-43c7-a534-44a4e83d726f@group-9E9337FF5116: changes role from CANDIDATE to LEADER at term 1 for changeToLeader
2019-10-14 13:34:21,191 [192e12c5-d762-43c7-a534-44a4e83d726f@group-9E9337FF5116-LeaderElection34] INFO  impl.RaftServerImpl (ServerState.java:setLeader(255)) - 192e12c5-d762-43c7-a534-44a4e83d726f@group-9E9337FF5116: change Leader from null to 192e12c5-d762-43c7-a534-44a4e83d726f at term 1 for becomeLeader, leader elected after 5120ms
2019-10-14 13:34:21,192 [192e12c5-d762-43c7-a534-44a4e83d726f@group-9E9337FF5116-LeaderElection34] INFO  server.RaftServerConfigKeys (ConfUtils.java:logGet(43)) - raft.server.staging.catchup.gap = 1000 (default)
2019-10-14 13:34:21,192 [192e12c5-d762-43c7-a534-44a4e83d726f@group-9E9337FF5116-LeaderElection34] INFO  server.RaftServerConfigKeys (ConfUtils.java:logGet(43)) - raft.server.rpc.sleep.time = 25ms (default)
2019-10-14 13:34:21,192 [192e12c5-d762-43c7-a534-44a4e83d726f@group-9E9337FF5116-LeaderElection34] INFO  server.RaftServerConfigKeys (ConfUtils.java:logGet(43)) - raft.server.write.element-limit = 4096 (default)
2019-10-14 13:34:21,192 [192e12c5-d762-43c7-a534-44a4e83d726f@group-9E9337FF5116-LeaderElection34] INFO  server.RaftServerConfigKeys (ConfUtils.java:logGet(43)) - raft.server.watch.timeout = 10s (default)
2019-10-14 13:34:21,192 [192e12c5-d762-43c7-a534-44a4e83d726f@group-9E9337FF5116-LeaderElection34] INFO  server.RaftServerConfigKeys (ConfUtils.java:logGet(43)) - raft.server.watch.timeout.denomination = 1s (default)
2019-10-14 13:34:21,192 [192e12c5-d762-43c7-a534-44a4e83d726f@group-9E9337FF5116-LeaderElection34] INFO  server.RaftServerConfigKeys (ConfUtils.java:logGet(43)) - raft.server.watch.element-limit = 65536 (default)
2019-10-14 13:34:21,194 [192e12c5-d762-43c7-a534-44a4e83d726f@group-9E9337FF5116-LeaderElection34] INFO  impl.RoleInfo (RoleInfo.java:updateAndGet(143)) - 192e12c5-d762-43c7-a534-44a4e83d726f: start LeaderState
2019-10-14 13:34:21,194 [192e12c5-d762-43c7-a534-44a4e83d726f@group-9E9337FF5116-LeaderElection34] INFO  segmented.SegmentedRaftLogWorker (SegmentedRaftLogWorker.java:startLogSegment(385)) - 192e12c5-d762-43c7-a534-44a4e83d726f@group-9E9337FF5116-SegmentedRaftLogWorker: Starting segment from index:0
2019-10-14 13:34:21,195 [192e12c5-d762-43c7-a534-44a4e83d726f@group-9E9337FF5116-LeaderElection34] INFO  impl.RaftServerImpl (ServerState.java:setRaftConf(356)) - 192e12c5-d762-43c7-a534-44a4e83d726f@group-9E9337FF5116: set configuration 0: [192e12c5-d762-43c7-a534-44a4e83d726f:192.168.151.106:43637], old=null at 0
2019-10-14 13:34:21,226 [677247a7-29f7-4094-aab0-2aa00681ebef@group-ED3E21EEEB09-SegmentedRaftLogWorker] INFO  segmented.SegmentedRaftLogWorker (SegmentedRaftLogWorker.java:execute(574)) - 677247a7-29f7-4094-aab0-2aa00681ebef@group-ED3E21EEEB09-SegmentedRaftLogWorker: created new log segment /workdir/hadoop-ozone/integration-test/target/test-dir/MiniOzoneClusterImpl-a6752234-aa73-4bf4-a580-9e4e2df21123/datanode-1/data/ratis/12b4c842-78d6-4709-a5e2-ed3e21eeeb09/current/log_inprogress_0
2019-10-14 13:34:21,239 [192e12c5-d762-43c7-a534-44a4e83d726f@group-9E9337FF5116-SegmentedRaftLogWorker] INFO  segmented.SegmentedRaftLogWorker (SegmentedRaftLogWorker.java:execute(574)) - 192e12c5-d762-43c7-a534-44a4e83d726f@group-9E9337FF5116-SegmentedRaftLogWorker: created new log segment /workdir/hadoop-ozone/integration-test/target/test-dir/MiniOzoneClusterImpl-a6752234-aa73-4bf4-a580-9e4e2df21123/datanode-2/data/ratis/15058365-899c-40d2-928f-9e9337ff5116/current/log_inprogress_0
2019-10-14 13:34:21,290 [Thread-1493] INFO  impl.FollowerState (FollowerState.java:run(108)) - 6128f1ab-045c-4eff-a4af-3985c7b476ad@group-7F90A8B56E2A-FollowerState: change to CANDIDATE, lastRpcTime:5037ms, electionTimeout:5037ms
2019-10-14 13:34:21,290 [Thread-1493] INFO  impl.RoleInfo (RoleInfo.java:shutdownFollowerState(121)) - 6128f1ab-045c-4eff-a4af-3985c7b476ad: shutdown FollowerState
2019-10-14 13:34:21,290 [Thread-1493] INFO  impl.RaftServerImpl (RaftServerImpl.java:setRole(170)) - 6128f1ab-045c-4eff-a4af-3985c7b476ad@group-7F90A8B56E2A: changes role from  FOLLOWER to CANDIDATE at term 0 for changeToCandidate
2019-10-14 13:34:21,290 [Thread-1493] INFO  impl.RoleInfo (RoleInfo.java:updateAndGet(143)) - 6128f1ab-045c-4eff-a4af-3985c7b476ad: start LeaderElection
2019-10-14 13:34:21,300 [Thread-1486] INFO  impl.FollowerState (FollowerState.java:run(108)) - 192e12c5-d762-43c7-a534-44a4e83d726f@group-5B0C9F4F55BE-FollowerState: change to CANDIDATE, lastRpcTime:5175ms, electionTimeout:5175ms
2019-10-14 13:34:21,300 [Thread-1486] INFO  impl.RoleInfo (RoleInfo.java:shutdownFollowerState(121)) - 192e12c5-d762-43c7-a534-44a4e83d726f: shutdown FollowerState
2019-10-14 13:34:21,300 [Thread-1486] INFO  impl.RaftServerImpl (RaftServerImpl.java:setRole(170)) - 192e12c5-d762-43c7-a534-44a4e83d726f@group-5B0C9F4F55BE: changes role from  FOLLOWER to CANDIDATE at term 0 for changeToCandidate
2019-10-14 13:34:21,300 [Thread-1486] INFO  impl.RoleInfo (RoleInfo.java:updateAndGet(143)) - 192e12c5-d762-43c7-a534-44a4e83d726f: start LeaderElection
2019-10-14 13:34:21,313 [6128f1ab-045c-4eff-a4af-3985c7b476ad@group-7F90A8B56E2A-LeaderElection35] INFO  impl.LeaderElection (LeaderElection.java:askForVotes(178)) - 6128f1ab-045c-4eff-a4af-3985c7b476ad@group-7F90A8B56E2A-LeaderElection35: begin an election at term 1 for -1: [6128f1ab-045c-4eff-a4af-3985c7b476ad:192.168.151.106:46196], old=null
2019-10-14 13:34:21,313 [192e12c5-d762-43c7-a534-44a4e83d726f@group-5B0C9F4F55BE-LeaderElection36] INFO  impl.LeaderElection (LeaderElection.java:askForVotes(178)) - 192e12c5-d762-43c7-a534-44a4e83d726f@group-5B0C9F4F55BE-LeaderElection36: begin an election at term 1 for -1: [192e12c5-d762-43c7-a534-44a4e83d726f:192.168.151.106:43637, 677247a7-29f7-4094-aab0-2aa00681ebef:192.168.151.106:38287, cf8d3001-8af4-4fc5-b72d-8dcaa9baa2e1:192.168.151.106:37475], old=null
2019-10-14 13:34:21,313 [6128f1ab-045c-4eff-a4af-3985c7b476ad@group-7F90A8B56E2A-LeaderElection35] INFO  impl.RoleInfo (RoleInfo.java:shutdownLeaderElection(134)) - 6128f1ab-045c-4eff-a4af-3985c7b476ad: shutdown LeaderElection
2019-10-14 13:34:21,313 [6128f1ab-045c-4eff-a4af-3985c7b476ad@group-7F90A8B56E2A-LeaderElection35] INFO  impl.RaftServerImpl (RaftServerImpl.java:setRole(170)) - 6128f1ab-045c-4eff-a4af-3985c7b476ad@group-7F90A8B56E2A: changes role from CANDIDATE to LEADER at term 1 for changeToLeader
2019-10-14 13:34:21,313 [6128f1ab-045c-4eff-a4af-3985c7b476ad@group-7F90A8B56E2A-LeaderElection35] INFO  impl.RaftServerImpl (ServerState.java:setLeader(255)) - 6128f1ab-045c-4eff-a4af-3985c7b476ad@group-7F90A8B56E2A: change Leader from null to 6128f1ab-045c-4eff-a4af-3985c7b476ad at term 1 for becomeLeader, leader elected after 5068ms
2019-10-14 13:34:21,314 [6128f1ab-045c-4eff-a4af-3985c7b476ad@group-7F90A8B56E2A-LeaderElection35] INFO  server.RaftServerConfigKeys (ConfUtils.java:logGet(43)) - raft.server.staging.catchup.gap = 1000 (default)
2019-10-14 13:34:21,314 [6128f1ab-045c-4eff-a4af-3985c7b476ad@group-7F90A8B56E2A-LeaderElection35] INFO  server.RaftServerConfigKeys (ConfUtils.java:logGet(43)) - raft.server.rpc.sleep.time = 25ms (default)
2019-10-14 13:34:21,314 [6128f1ab-045c-4eff-a4af-3985c7b476ad@group-7F90A8B56E2A-LeaderElection35] INFO  server.RaftServerConfigKeys (ConfUtils.java:logGet(43)) - raft.server.write.element-limit = 4096 (default)
2019-10-14 13:34:21,314 [6128f1ab-045c-4eff-a4af-3985c7b476ad@group-7F90A8B56E2A-LeaderElection35] INFO  server.RaftServerConfigKeys (ConfUtils.java:logGet(43)) - raft.server.watch.timeout = 10s (default)
2019-10-14 13:34:21,315 [6128f1ab-045c-4eff-a4af-3985c7b476ad@group-7F90A8B56E2A-LeaderElection35] INFO  server.RaftServerConfigKeys (ConfUtils.java:logGet(43)) - raft.server.watch.timeout.denomination = 1s (default)
2019-10-14 13:34:21,315 [6128f1ab-045c-4eff-a4af-3985c7b476ad@group-7F90A8B56E2A-LeaderElection35] INFO  server.RaftServerConfigKeys (ConfUtils.java:logGet(43)) - raft.server.watch.element-limit = 65536 (default)
2019-10-14 13:34:21,320 [grpc-default-executor-5] INFO  impl.RaftServerImpl (RaftServerImpl.java:setRole(170)) - cf8d3001-8af4-4fc5-b72d-8dcaa9baa2e1@group-5B0C9F4F55BE: changes role from  FOLLOWER to FOLLOWER at term 1 for recognizeCandidate:192e12c5-d762-43c7-a534-44a4e83d726f
2019-10-14 13:34:21,320 [grpc-default-executor-5] INFO  impl.RoleInfo (RoleInfo.java:shutdownFollowerState(121)) - cf8d3001-8af4-4fc5-b72d-8dcaa9baa2e1: shutdown FollowerState
2019-10-14 13:34:21,320 [grpc-default-executor-5] INFO  impl.RoleInfo (RoleInfo.java:updateAndGet(143)) - cf8d3001-8af4-4fc5-b72d-8dcaa9baa2e1: start FollowerState
2019-10-14 13:34:21,321 [Thread-1488] INFO  impl.FollowerState (FollowerState.java:run(117)) - cf8d3001-8af4-4fc5-b72d-8dcaa9baa2e1@group-5B0C9F4F55BE-FollowerState was interrupted: java.lang.InterruptedException: sleep interrupted
2019-10-14 13:34:21,329 [grpc-default-executor-1] INFO  impl.RaftServerImpl (RaftServerImpl.java:setRole(170)) - 677247a7-29f7-4094-aab0-2aa00681ebef@group-5B0C9F4F55BE: changes role from  FOLLOWER to FOLLOWER at term 1 for recognizeCandidate:192e12c5-d762-43c7-a534-44a4e83d726f
2019-10-14 13:34:21,329 [grpc-default-executor-1] INFO  impl.RoleInfo (RoleInfo.java:shutdownFollowerState(121)) - 677247a7-29f7-4094-aab0-2aa00681ebef: shutdown FollowerState
2019-10-14 13:34:21,329 [grpc-default-executor-1] INFO  impl.RoleInfo (RoleInfo.java:updateAndGet(143)) - 677247a7-29f7-4094-aab0-2aa00681ebef: start FollowerState
2019-10-14 13:34:21,330 [6128f1ab-045c-4eff-a4af-3985c7b476ad@group-7F90A8B56E2A-LeaderElection35] INFO  impl.RoleInfo (RoleInfo.java:updateAndGet(143)) - 6128f1ab-045c-4eff-a4af-3985c7b476ad: start LeaderState
2019-10-14 13:34:21,331 [6128f1ab-045c-4eff-a4af-3985c7b476ad@group-7F90A8B56E2A-LeaderElection35] INFO  segmented.SegmentedRaftLogWorker (SegmentedRaftLogWorker.java:startLogSegment(385)) - 6128f1ab-045c-4eff-a4af-3985c7b476ad@group-7F90A8B56E2A-SegmentedRaftLogWorker: Starting segment from index:0
2019-10-14 13:34:21,331 [6128f1ab-045c-4eff-a4af-3985c7b476ad@group-7F90A8B56E2A-LeaderElection35] INFO  impl.RaftServerImpl (ServerState.java:setRaftConf(356)) - 6128f1ab-045c-4eff-a4af-3985c7b476ad@group-7F90A8B56E2A: set configuration 0: [6128f1ab-045c-4eff-a4af-3985c7b476ad:192.168.151.106:46196], old=null at 0
2019-10-14 13:34:21,362 [192e12c5-d762-43c7-a534-44a4e83d726f@group-5B0C9F4F55BE-LeaderElection36] INFO  impl.LeaderElection (LeaderElection.java:logAndReturn(56)) - 192e12c5-d762-43c7-a534-44a4e83d726f@group-5B0C9F4F55BE-LeaderElection36: Election PASSED; received 1 response(s) [192e12c5-d762-43c7-a534-44a4e83d726f<-677247a7-29f7-4094-aab0-2aa00681ebef#0:OK-t1] and 0 exception(s); 192e12c5-d762-43c7-a534-44a4e83d726f@group-5B0C9F4F55BE:t1, leader=null, voted=192e12c5-d762-43c7-a534-44a4e83d726f, raftlog=192e12c5-d762-43c7-a534-44a4e83d726f@group-5B0C9F4F55BE-SegmentedRaftLog:OPENED:c-1,f-1,i0, conf=-1: [192e12c5-d762-43c7-a534-44a4e83d726f:192.168.151.106:43637, 677247a7-29f7-4094-aab0-2aa00681ebef:192.168.151.106:38287, cf8d3001-8af4-4fc5-b72d-8dcaa9baa2e1:192.168.151.106:37475], old=null
2019-10-14 13:34:21,363 [192e12c5-d762-43c7-a534-44a4e83d726f@group-5B0C9F4F55BE-LeaderElection36] INFO  impl.RoleInfo (RoleInfo.java:shutdownLeaderElection(134)) - 192e12c5-d762-43c7-a534-44a4e83d726f: shutdown LeaderElection
2019-10-14 13:34:21,363 [192e12c5-d762-43c7-a534-44a4e83d726f@group-5B0C9F4F55BE-LeaderElection36] INFO  impl.RaftServerImpl (RaftServerImpl.java:setRole(170)) - 192e12c5-d762-43c7-a534-44a4e83d726f@group-5B0C9F4F55BE: changes role from CANDIDATE to LEADER at term 1 for changeToLeader
2019-10-14 13:34:21,363 [192e12c5-d762-43c7-a534-44a4e83d726f@group-5B0C9F4F55BE-LeaderElection36] INFO  impl.RaftServerImpl (ServerState.java:setLeader(255)) - 192e12c5-d762-43c7-a534-44a4e83d726f@group-5B0C9F4F55BE: change Leader from null to 192e12c5-d762-43c7-a534-44a4e83d726f at term 1 for becomeLeader, leader elected after 5247ms
2019-10-14 13:34:21,363 [192e12c5-d762-43c7-a534-44a4e83d726f@group-5B0C9F4F55BE-LeaderElection36] INFO  server.RaftServerConfigKeys (ConfUtils.java:logGet(43)) - raft.server.staging.catchup.gap = 1000 (default)
2019-10-14 13:34:21,364 [192e12c5-d762-43c7-a534-44a4e83d726f@group-5B0C9F4F55BE-LeaderElection36] INFO  server.RaftServerConfigKeys (ConfUtils.java:logGet(43)) - raft.server.rpc.sleep.time = 25ms (default)
2019-10-14 13:34:21,364 [192e12c5-d762-43c7-a534-44a4e83d726f@group-5B0C9F4F55BE-LeaderElection36] INFO  server.RaftServerConfigKeys (ConfUtils.java:logGet(43)) - raft.server.write.element-limit = 4096 (default)
2019-10-14 13:34:21,364 [192e12c5-d762-43c7-a534-44a4e83d726f@group-5B0C9F4F55BE-LeaderElection36] INFO  server.RaftServerConfigKeys (ConfUtils.java:logGet(43)) - raft.server.watch.timeout = 10s (default)
2019-10-14 13:34:21,364 [192e12c5-d762-43c7-a534-44a4e83d726f@group-5B0C9F4F55BE-LeaderElection36] INFO  server.RaftServerConfigKeys (ConfUtils.java:logGet(43)) - raft.server.watch.timeout.denomination = 1s (default)
2019-10-14 13:34:21,364 [192e12c5-d762-43c7-a534-44a4e83d726f@group-5B0C9F4F55BE-LeaderElection36] INFO  server.RaftServerConfigKeys (ConfUtils.java:logGet(43)) - raft.server.watch.element-limit = 65536 (default)
2019-10-14 13:34:21,367 [192e12c5-d762-43c7-a534-44a4e83d726f@group-5B0C9F4F55BE-LeaderElection36] INFO  server.RaftServerConfigKeys (ConfUtils.java:logGet(43)) - raft.server.log.appender.snapshot.chunk.size.max = 16MB (=16777216) (default)
2019-10-14 13:34:21,368 [192e12c5-d762-43c7-a534-44a4e83d726f@group-5B0C9F4F55BE-LeaderElection36] INFO  server.RaftServerConfigKeys (ConfUtils.java:logGet(43)) - raft.server.log.appender.buffer.byte-limit = 33554432 (custom)
2019-10-14 13:34:21,368 [192e12c5-d762-43c7-a534-44a4e83d726f@group-5B0C9F4F55BE-LeaderElection36] INFO  server.RaftServerConfigKeys (ConfUtils.java:logGet(43)) - raft.server.log.appender.buffer.element-limit = 1 (custom)
2019-10-14 13:34:21,368 [192e12c5-d762-43c7-a534-44a4e83d726f@group-5B0C9F4F55BE-LeaderElection36] INFO  grpc.GrpcConfigKeys$Server (ConfUtils.java:logGet(43)) - raft.grpc.server.leader.outstanding.appends.max = 128 (default)
2019-10-14 13:34:21,368 [192e12c5-d762-43c7-a534-44a4e83d726f@group-5B0C9F4F55BE-LeaderElection36] INFO  server.RaftServerConfigKeys (ConfUtils.java:logGet(43)) - raft.server.rpc.request.timeout = 3000ms (default)
2019-10-14 13:34:21,369 [192e12c5-d762-43c7-a534-44a4e83d726f@group-5B0C9F4F55BE-LeaderElection36] INFO  server.RaftServerConfigKeys (ConfUtils.java:logGet(43)) - raft.server.log.appender.install.snapshot.enabled = false (custom)
2019-10-14 13:34:21,369 [192e12c5-d762-43c7-a534-44a4e83d726f@group-5B0C9F4F55BE-LeaderElection36] INFO  server.RaftServerConfigKeys (ConfUtils.java:logGet(43)) - raft.server.log.appender.snapshot.chunk.size.max = 16MB (=16777216) (default)
2019-10-14 13:34:21,369 [192e12c5-d762-43c7-a534-44a4e83d726f@group-5B0C9F4F55BE-LeaderElection36] INFO  server.RaftServerConfigKeys (ConfUtils.java:logGet(43)) - raft.server.log.appender.buffer.byte-limit = 33554432 (custom)
2019-10-14 13:34:21,369 [192e12c5-d762-43c7-a534-44a4e83d726f@group-5B0C9F4F55BE-LeaderElection36] INFO  server.RaftServerConfigKeys (ConfUtils.java:logGet(43)) - raft.server.log.appender.buffer.element-limit = 1 (custom)
2019-10-14 13:34:21,370 [192e12c5-d762-43c7-a534-44a4e83d726f@group-5B0C9F4F55BE-LeaderElection36] INFO  grpc.GrpcConfigKeys$Server (ConfUtils.java:logGet(43)) - raft.grpc.server.leader.outstanding.appends.max = 128 (default)
2019-10-14 13:34:21,370 [192e12c5-d762-43c7-a534-44a4e83d726f@group-5B0C9F4F55BE-LeaderElection36] INFO  server.RaftServerConfigKeys (ConfUtils.java:logGet(43)) - raft.server.rpc.request.timeout = 3000ms (default)
2019-10-14 13:34:21,370 [6128f1ab-045c-4eff-a4af-3985c7b476ad@group-7F90A8B56E2A-SegmentedRaftLogWorker] INFO  segmented.SegmentedRaftLogWorker (SegmentedRaftLogWorker.java:execute(574)) - 6128f1ab-045c-4eff-a4af-3985c7b476ad@group-7F90A8B56E2A-SegmentedRaftLogWorker: created new log segment /workdir/hadoop-ozone/integration-test/target/test-dir/MiniOzoneClusterImpl-a6752234-aa73-4bf4-a580-9e4e2df21123/datanode-4/data/ratis/5ffb4ec6-b89d-4372-8c4e-7f90a8b56e2a/current/log_inprogress_0
2019-10-14 13:34:21,370 [192e12c5-d762-43c7-a534-44a4e83d726f@group-5B0C9F4F55BE-LeaderElection36] INFO  server.RaftServerConfigKeys (ConfUtils.java:logGet(43)) - raft.server.log.appender.install.snapshot.enabled = false (custom)
2019-10-14 13:34:21,372 [192e12c5-d762-43c7-a534-44a4e83d726f@group-5B0C9F4F55BE-LeaderElection36] INFO  impl.RoleInfo (RoleInfo.java:updateAndGet(143)) - 192e12c5-d762-43c7-a534-44a4e83d726f: start LeaderState
2019-10-14 13:34:21,373 [192e12c5-d762-43c7-a534-44a4e83d726f@group-5B0C9F4F55BE-LeaderElection36] INFO  segmented.SegmentedRaftLogWorker (SegmentedRaftLogWorker.java:startLogSegment(385)) - 192e12c5-d762-43c7-a534-44a4e83d726f@group-5B0C9F4F55BE-SegmentedRaftLogWorker: Starting segment from index:0
2019-10-14 13:34:21,374 [192e12c5-d762-43c7-a534-44a4e83d726f@group-5B0C9F4F55BE-LeaderElection36] INFO  impl.RaftServerImpl (ServerState.java:setRaftConf(356)) - 192e12c5-d762-43c7-a534-44a4e83d726f@group-5B0C9F4F55BE: set configuration 0: [192e12c5-d762-43c7-a534-44a4e83d726f:192.168.151.106:43637, 677247a7-29f7-4094-aab0-2aa00681ebef:192.168.151.106:38287, cf8d3001-8af4-4fc5-b72d-8dcaa9baa2e1:192.168.151.106:37475], old=null at 0
2019-10-14 13:34:21,375 [grpc-default-executor-1] INFO  impl.RaftServerImpl (ServerState.java:setLeader(255)) - 677247a7-29f7-4094-aab0-2aa00681ebef@group-5B0C9F4F55BE: change Leader from null to 192e12c5-d762-43c7-a534-44a4e83d726f at term 1 for appendEntries, leader elected after 5259ms
2019-10-14 13:34:21,376 [grpc-default-executor-5] INFO  impl.RaftServerImpl (ServerState.java:setLeader(255)) - cf8d3001-8af4-4fc5-b72d-8dcaa9baa2e1@group-5B0C9F4F55BE: change Leader from null to 192e12c5-d762-43c7-a534-44a4e83d726f at term 1 for appendEntries, leader elected after 5259ms
2019-10-14 13:34:21,408 [Thread-1501] INFO  impl.FollowerState (FollowerState.java:run(108)) - 0d0d0d52-104b-4e67-b273-225133011c15@group-0E23EFAC7307-FollowerState: change to CANDIDATE, lastRpcTime:5003ms, electionTimeout:5000ms
2019-10-14 13:34:21,408 [Thread-1501] INFO  impl.RoleInfo (RoleInfo.java:shutdownFollowerState(121)) - 0d0d0d52-104b-4e67-b273-225133011c15: shutdown FollowerState
2019-10-14 13:34:21,408 [Thread-1501] INFO  impl.RaftServerImpl (RaftServerImpl.java:setRole(170)) - 0d0d0d52-104b-4e67-b273-225133011c15@group-0E23EFAC7307: changes role from  FOLLOWER to CANDIDATE at term 0 for changeToCandidate
2019-10-14 13:34:21,408 [Thread-1501] INFO  impl.RoleInfo (RoleInfo.java:updateAndGet(143)) - 0d0d0d52-104b-4e67-b273-225133011c15: start LeaderElection
2019-10-14 13:34:21,418 [192e12c5-d762-43c7-a534-44a4e83d726f@group-5B0C9F4F55BE-SegmentedRaftLogWorker] INFO  segmented.SegmentedRaftLogWorker (SegmentedRaftLogWorker.java:execute(574)) - 192e12c5-d762-43c7-a534-44a4e83d726f@group-5B0C9F4F55BE-SegmentedRaftLogWorker: created new log segment /workdir/hadoop-ozone/integration-test/target/test-dir/MiniOzoneClusterImpl-a6752234-aa73-4bf4-a580-9e4e2df21123/datanode-2/data/ratis/0384f4a6-6322-44ed-abeb-5b0c9f4f55be/current/log_inprogress_0
2019-10-14 13:34:21,419 [grpc-default-executor-5] INFO  impl.RaftServerImpl (ServerState.java:setRaftConf(356)) - 677247a7-29f7-4094-aab0-2aa00681ebef@group-5B0C9F4F55BE: set configuration 0: [192e12c5-d762-43c7-a534-44a4e83d726f:192.168.151.106:43637, 677247a7-29f7-4094-aab0-2aa00681ebef:192.168.151.106:38287, cf8d3001-8af4-4fc5-b72d-8dcaa9baa2e1:192.168.151.106:37475], old=null at 0
2019-10-14 13:34:21,419 [grpc-default-executor-1] INFO  impl.RaftServerImpl (ServerState.java:setRaftConf(356)) - cf8d3001-8af4-4fc5-b72d-8dcaa9baa2e1@group-5B0C9F4F55BE: set configuration 0: [192e12c5-d762-43c7-a534-44a4e83d726f:192.168.151.106:43637, 677247a7-29f7-4094-aab0-2aa00681ebef:192.168.151.106:38287, cf8d3001-8af4-4fc5-b72d-8dcaa9baa2e1:192.168.151.106:37475], old=null at 0
2019-10-14 13:34:21,419 [grpc-default-executor-5] INFO  segmented.SegmentedRaftLogWorker (SegmentedRaftLogWorker.java:startLogSegment(385)) - 677247a7-29f7-4094-aab0-2aa00681ebef@group-5B0C9F4F55BE-SegmentedRaftLogWorker: Starting segment from index:0
2019-10-14 13:34:21,419 [grpc-default-executor-1] INFO  segmented.SegmentedRaftLogWorker (SegmentedRaftLogWorker.java:startLogSegment(385)) - cf8d3001-8af4-4fc5-b72d-8dcaa9baa2e1@group-5B0C9F4F55BE-SegmentedRaftLogWorker: Starting segment from index:0
2019-10-14 13:34:21,431 [0d0d0d52-104b-4e67-b273-225133011c15@group-0E23EFAC7307-LeaderElection37] INFO  impl.LeaderElection (LeaderElection.java:askForVotes(178)) - 0d0d0d52-104b-4e67-b273-225133011c15@group-0E23EFAC7307-LeaderElection37: begin an election at term 1 for -1: [0d0d0d52-104b-4e67-b273-225133011c15:192.168.151.106:46861], old=null
2019-10-14 13:34:21,431 [0d0d0d52-104b-4e67-b273-225133011c15@group-0E23EFAC7307-LeaderElection37] INFO  impl.RoleInfo (RoleInfo.java:shutdownLeaderElection(134)) - 0d0d0d52-104b-4e67-b273-225133011c15: shutdown LeaderElection
2019-10-14 13:34:21,431 [0d0d0d52-104b-4e67-b273-225133011c15@group-0E23EFAC7307-LeaderElection37] INFO  impl.RaftServerImpl (RaftServerImpl.java:setRole(170)) - 0d0d0d52-104b-4e67-b273-225133011c15@group-0E23EFAC7307: changes role from CANDIDATE to LEADER at term 1 for changeToLeader
2019-10-14 13:34:21,431 [0d0d0d52-104b-4e67-b273-225133011c15@group-0E23EFAC7307-LeaderElection37] INFO  impl.RaftServerImpl (ServerState.java:setLeader(255)) - 0d0d0d52-104b-4e67-b273-225133011c15@group-0E23EFAC7307: change Leader from null to 0d0d0d52-104b-4e67-b273-225133011c15 at term 1 for becomeLeader, leader elected after 5034ms
2019-10-14 13:34:21,431 [0d0d0d52-104b-4e67-b273-225133011c15@group-0E23EFAC7307-LeaderElection37] INFO  server.RaftServerConfigKeys (ConfUtils.java:logGet(43)) - raft.server.staging.catchup.gap = 1000 (default)
2019-10-14 13:34:21,431 [0d0d0d52-104b-4e67-b273-225133011c15@group-0E23EFAC7307-LeaderElection37] INFO  server.RaftServerConfigKeys (ConfUtils.java:logGet(43)) - raft.server.rpc.sleep.time = 25ms (default)
2019-10-14 13:34:21,432 [0d0d0d52-104b-4e67-b273-225133011c15@group-0E23EFAC7307-LeaderElection37] INFO  server.RaftServerConfigKeys (ConfUtils.java:logGet(43)) - raft.server.write.element-limit = 4096 (default)
2019-10-14 13:34:21,432 [Thread-1496] INFO  impl.FollowerState (FollowerState.java:run(108)) - a6712901-e026-4fd7-a922-07387a52e36c@group-8C5AFA48469B-FollowerState: change to CANDIDATE, lastRpcTime:5122ms, electionTimeout:5122ms
2019-10-14 13:34:21,432 [0d0d0d52-104b-4e67-b273-225133011c15@group-0E23EFAC7307-LeaderElection37] INFO  server.RaftServerConfigKeys (ConfUtils.java:logGet(43)) - raft.server.watch.timeout = 10s (default)
2019-10-14 13:34:21,432 [Thread-1496] INFO  impl.RoleInfo (RoleInfo.java:shutdownFollowerState(121)) - a6712901-e026-4fd7-a922-07387a52e36c: shutdown FollowerState
2019-10-14 13:34:21,432 [0d0d0d52-104b-4e67-b273-225133011c15@group-0E23EFAC7307-LeaderElection37] INFO  server.RaftServerConfigKeys (ConfUtils.java:logGet(43)) - raft.server.watch.timeout.denomination = 1s (default)
2019-10-14 13:34:21,432 [Thread-1496] INFO  impl.RaftServerImpl (RaftServerImpl.java:setRole(170)) - a6712901-e026-4fd7-a922-07387a52e36c@group-8C5AFA48469B: changes role from  FOLLOWER to CANDIDATE at term 0 for changeToCandidate
2019-10-14 13:34:21,433 [0d0d0d52-104b-4e67-b273-225133011c15@group-0E23EFAC7307-LeaderElection37] INFO  server.RaftServerConfigKeys (ConfUtils.java:logGet(43)) - raft.server.watch.element-limit = 65536 (default)
2019-10-14 13:34:21,433 [Thread-1496] INFO  impl.RoleInfo (RoleInfo.java:updateAndGet(143)) - a6712901-e026-4fd7-a922-07387a52e36c: start LeaderElection
2019-10-14 13:34:21,454 [0d0d0d52-104b-4e67-b273-225133011c15@group-0E23EFAC7307-LeaderElection37] INFO  impl.RoleInfo (RoleInfo.java:updateAndGet(143)) - 0d0d0d52-104b-4e67-b273-225133011c15: start LeaderState
2019-10-14 13:34:21,454 [0d0d0d52-104b-4e67-b273-225133011c15@group-0E23EFAC7307-LeaderElection37] INFO  segmented.SegmentedRaftLogWorker (SegmentedRaftLogWorker.java:startLogSegment(385)) - 0d0d0d52-104b-4e67-b273-225133011c15@group-0E23EFAC7307-SegmentedRaftLogWorker: Starting segment from index:0
2019-10-14 13:34:21,455 [0d0d0d52-104b-4e67-b273-225133011c15@group-0E23EFAC7307-LeaderElection37] INFO  impl.RaftServerImpl (ServerState.java:setRaftConf(356)) - 0d0d0d52-104b-4e67-b273-225133011c15@group-0E23EFAC7307: set configuration 0: [0d0d0d52-104b-4e67-b273-225133011c15:192.168.151.106:46861], old=null at 0
2019-10-14 13:34:21,461 [677247a7-29f7-4094-aab0-2aa00681ebef@group-5B0C9F4F55BE-SegmentedRaftLogWorker] INFO  segmented.SegmentedRaftLogWorker (SegmentedRaftLogWorker.java:execute(574)) - 677247a7-29f7-4094-aab0-2aa00681ebef@group-5B0C9F4F55BE-SegmentedRaftLogWorker: created new log segment /workdir/hadoop-ozone/integration-test/target/test-dir/MiniOzoneClusterImpl-a6752234-aa73-4bf4-a580-9e4e2df21123/datanode-1/data/ratis/0384f4a6-6322-44ed-abeb-5b0c9f4f55be/current/log_inprogress_0
2019-10-14 13:34:21,461 [cf8d3001-8af4-4fc5-b72d-8dcaa9baa2e1@group-5B0C9F4F55BE-SegmentedRaftLogWorker] INFO  segmented.SegmentedRaftLogWorker (SegmentedRaftLogWorker.java:execute(574)) - cf8d3001-8af4-4fc5-b72d-8dcaa9baa2e1@group-5B0C9F4F55BE-SegmentedRaftLogWorker: created new log segment /workdir/hadoop-ozone/integration-test/target/test-dir/MiniOzoneClusterImpl-a6752234-aa73-4bf4-a580-9e4e2df21123/datanode-0/data/ratis/0384f4a6-6322-44ed-abeb-5b0c9f4f55be/current/log_inprogress_0
2019-10-14 13:34:21,461 [a6712901-e026-4fd7-a922-07387a52e36c@group-8C5AFA48469B-LeaderElection38] INFO  impl.LeaderElection (LeaderElection.java:askForVotes(178)) - a6712901-e026-4fd7-a922-07387a52e36c@group-8C5AFA48469B-LeaderElection38: begin an election at term 1 for -1: [a6712901-e026-4fd7-a922-07387a52e36c:192.168.151.106:35639], old=null
2019-10-14 13:34:21,461 [a6712901-e026-4fd7-a922-07387a52e36c@group-8C5AFA48469B-LeaderElection38] INFO  impl.RoleInfo (RoleInfo.java:shutdownLeaderElection(134)) - a6712901-e026-4fd7-a922-07387a52e36c: shutdown LeaderElection
2019-10-14 13:34:21,461 [a6712901-e026-4fd7-a922-07387a52e36c@group-8C5AFA48469B-LeaderElection38] INFO  impl.RaftServerImpl (RaftServerImpl.java:setRole(170)) - a6712901-e026-4fd7-a922-07387a52e36c@group-8C5AFA48469B: changes role from CANDIDATE to LEADER at term 1 for changeToLeader
2019-10-14 13:34:21,461 [a6712901-e026-4fd7-a922-07387a52e36c@group-8C5AFA48469B-LeaderElection38] INFO  impl.RaftServerImpl (ServerState.java:setLeader(255)) - a6712901-e026-4fd7-a922-07387a52e36c@group-8C5AFA48469B: change Leader from null to a6712901-e026-4fd7-a922-07387a52e36c at term 1 for becomeLeader, leader elected after 5162ms
2019-10-14 13:34:21,461 [a6712901-e026-4fd7-a922-07387a52e36c@group-8C5AFA48469B-LeaderElection38] INFO  server.RaftServerConfigKeys (ConfUtils.java:logGet(43)) - raft.server.staging.catchup.gap = 1000 (default)
2019-10-14 13:34:21,462 [a6712901-e026-4fd7-a922-07387a52e36c@group-8C5AFA48469B-LeaderElection38] INFO  server.RaftServerConfigKeys (ConfUtils.java:logGet(43)) - raft.server.rpc.sleep.time = 25ms (default)
2019-10-14 13:34:21,462 [a6712901-e026-4fd7-a922-07387a52e36c@group-8C5AFA48469B-LeaderElection38] INFO  server.RaftServerConfigKeys (ConfUtils.java:logGet(43)) - raft.server.write.element-limit = 4096 (default)
2019-10-14 13:34:21,462 [a6712901-e026-4fd7-a922-07387a52e36c@group-8C5AFA48469B-LeaderElection38] INFO  server.RaftServerConfigKeys (ConfUtils.java:logGet(43)) - raft.server.watch.timeout = 10s (default)
2019-10-14 13:34:21,462 [a6712901-e026-4fd7-a922-07387a52e36c@group-8C5AFA48469B-LeaderElection38] INFO  server.RaftServerConfigKeys (ConfUtils.java:logGet(43)) - raft.server.watch.timeout.denomination = 1s (default)
2019-10-14 13:34:21,462 [a6712901-e026-4fd7-a922-07387a52e36c@group-8C5AFA48469B-LeaderElection38] INFO  server.RaftServerConfigKeys (ConfUtils.java:logGet(43)) - raft.server.watch.element-limit = 65536 (default)
2019-10-14 13:34:21,465 [a6712901-e026-4fd7-a922-07387a52e36c@group-8C5AFA48469B-LeaderElection38] INFO  impl.RoleInfo (RoleInfo.java:updateAndGet(143)) - a6712901-e026-4fd7-a922-07387a52e36c: start LeaderState
2019-10-14 13:34:21,466 [a6712901-e026-4fd7-a922-07387a52e36c@group-8C5AFA48469B-LeaderElection38] INFO  segmented.SegmentedRaftLogWorker (SegmentedRaftLogWorker.java:startLogSegment(385)) - a6712901-e026-4fd7-a922-07387a52e36c@group-8C5AFA48469B-SegmentedRaftLogWorker: Starting segment from index:0
2019-10-14 13:34:21,466 [a6712901-e026-4fd7-a922-07387a52e36c@group-8C5AFA48469B-LeaderElection38] INFO  impl.RaftServerImpl (ServerState.java:setRaftConf(356)) - a6712901-e026-4fd7-a922-07387a52e36c@group-8C5AFA48469B: set configuration 0: [a6712901-e026-4fd7-a922-07387a52e36c:192.168.151.106:35639], old=null at 0
2019-10-14 13:34:21,491 [0d0d0d52-104b-4e67-b273-225133011c15@group-0E23EFAC7307-SegmentedRaftLogWorker] INFO  segmented.SegmentedRaftLogWorker (SegmentedRaftLogWorker.java:execute(574)) - 0d0d0d52-104b-4e67-b273-225133011c15@group-0E23EFAC7307-SegmentedRaftLogWorker: created new log segment /workdir/hadoop-ozone/integration-test/target/test-dir/MiniOzoneClusterImpl-a6752234-aa73-4bf4-a580-9e4e2df21123/datanode-6/data/ratis/d4c20de8-84c6-4d3f-9d4d-0e23efac7307/current/log_inprogress_0
2019-10-14 13:34:21,505 [a6712901-e026-4fd7-a922-07387a52e36c@group-8C5AFA48469B-SegmentedRaftLogWorker] INFO  segmented.SegmentedRaftLogWorker (SegmentedRaftLogWorker.java:execute(574)) - a6712901-e026-4fd7-a922-07387a52e36c@group-8C5AFA48469B-SegmentedRaftLogWorker: created new log segment /workdir/hadoop-ozone/integration-test/target/test-dir/MiniOzoneClusterImpl-a6752234-aa73-4bf4-a580-9e4e2df21123/datanode-3/data/ratis/eadfbefd-4607-4358-a255-8c5afa48469b/current/log_inprogress_0
2019-10-14 13:34:21,561 [Thread-1504] INFO  impl.FollowerState (FollowerState.java:run(108)) - 6042bbee-a3dd-471c-98e6-20ab52f267be@group-2F2681A30653-FollowerState: change to CANDIDATE, lastRpcTime:5105ms, electionTimeout:5105ms
2019-10-14 13:34:21,561 [Thread-1504] INFO  impl.RoleInfo (RoleInfo.java:shutdownFollowerState(121)) - 6042bbee-a3dd-471c-98e6-20ab52f267be: shutdown FollowerState
2019-10-14 13:34:21,562 [Thread-1504] INFO  impl.RaftServerImpl (RaftServerImpl.java:setRole(170)) - 6042bbee-a3dd-471c-98e6-20ab52f267be@group-2F2681A30653: changes role from  FOLLOWER to CANDIDATE at term 0 for changeToCandidate
2019-10-14 13:34:21,562 [Thread-1504] INFO  impl.RoleInfo (RoleInfo.java:updateAndGet(143)) - 6042bbee-a3dd-471c-98e6-20ab52f267be: start LeaderElection
2019-10-14 13:34:21,571 [Thread-1512] INFO  impl.FollowerState (FollowerState.java:run(108)) - 0d0d0d52-104b-4e67-b273-225133011c15@group-4FB9DE65D985-FollowerState: change to CANDIDATE, lastRpcTime:5033ms, electionTimeout:5032ms
2019-10-14 13:34:21,571 [Thread-1512] INFO  impl.RoleInfo (RoleInfo.java:shutdownFollowerState(121)) - 0d0d0d52-104b-4e67-b273-225133011c15: shutdown FollowerState
2019-10-14 13:34:21,571 [Thread-1512] INFO  impl.RaftServerImpl (RaftServerImpl.java:setRole(170)) - 0d0d0d52-104b-4e67-b273-225133011c15@group-4FB9DE65D985: changes role from  FOLLOWER to CANDIDATE at term 0 for changeToCandidate
2019-10-14 13:34:21,571 [Thread-1512] INFO  impl.RoleInfo (RoleInfo.java:updateAndGet(143)) - 0d0d0d52-104b-4e67-b273-225133011c15: start LeaderElection
2019-10-14 13:34:21,582 [Thread-1511] INFO  impl.FollowerState (FollowerState.java:run(108)) - a6712901-e026-4fd7-a922-07387a52e36c@group-4FB9DE65D985-FollowerState: change to CANDIDATE, lastRpcTime:5044ms, electionTimeout:5044ms
2019-10-14 13:34:21,582 [Thread-1511] INFO  impl.RoleInfo (RoleInfo.java:shutdownFollowerState(121)) - a6712901-e026-4fd7-a922-07387a52e36c: shutdown FollowerState
2019-10-14 13:34:21,582 [Thread-1511] INFO  impl.RaftServerImpl (RaftServerImpl.java:setRole(170)) - a6712901-e026-4fd7-a922-07387a52e36c@group-4FB9DE65D985: changes role from  FOLLOWER to CANDIDATE at term 0 for changeToCandidate
2019-10-14 13:34:21,582 [Thread-1511] INFO  impl.RoleInfo (RoleInfo.java:updateAndGet(143)) - a6712901-e026-4fd7-a922-07387a52e36c: start LeaderElection
2019-10-14 13:34:21,589 [6042bbee-a3dd-471c-98e6-20ab52f267be@group-2F2681A30653-LeaderElection39] INFO  impl.LeaderElection (LeaderElection.java:askForVotes(178)) - 6042bbee-a3dd-471c-98e6-20ab52f267be@group-2F2681A30653-LeaderElection39: begin an election at term 1 for -1: [6042bbee-a3dd-471c-98e6-20ab52f267be:192.168.151.106:35072], old=null
2019-10-14 13:34:21,590 [0d0d0d52-104b-4e67-b273-225133011c15@group-4FB9DE65D985-LeaderElection40] INFO  impl.LeaderElection (LeaderElection.java:askForVotes(178)) - 0d0d0d52-104b-4e67-b273-225133011c15@group-4FB9DE65D985-LeaderElection40: begin an election at term 1 for -1: [a6712901-e026-4fd7-a922-07387a52e36c:192.168.151.106:35639, 0d0d0d52-104b-4e67-b273-225133011c15:192.168.151.106:46861, 6128f1ab-045c-4eff-a4af-3985c7b476ad:192.168.151.106:46196], old=null
2019-10-14 13:34:21,590 [6042bbee-a3dd-471c-98e6-20ab52f267be@group-2F2681A30653-LeaderElection39] INFO  impl.RoleInfo (RoleInfo.java:shutdownLeaderElection(134)) - 6042bbee-a3dd-471c-98e6-20ab52f267be: shutdown LeaderElection
2019-10-14 13:34:21,590 [6042bbee-a3dd-471c-98e6-20ab52f267be@group-2F2681A30653-LeaderElection39] INFO  impl.RaftServerImpl (RaftServerImpl.java:setRole(170)) - 6042bbee-a3dd-471c-98e6-20ab52f267be@group-2F2681A30653: changes role from CANDIDATE to LEADER at term 1 for changeToLeader
2019-10-14 13:34:21,590 [6042bbee-a3dd-471c-98e6-20ab52f267be@group-2F2681A30653-LeaderElection39] INFO  impl.RaftServerImpl (ServerState.java:setLeader(255)) - 6042bbee-a3dd-471c-98e6-20ab52f267be@group-2F2681A30653: change Leader from null to 6042bbee-a3dd-471c-98e6-20ab52f267be at term 1 for becomeLeader, leader elected after 5142ms
2019-10-14 13:34:21,590 [6042bbee-a3dd-471c-98e6-20ab52f267be@group-2F2681A30653-LeaderElection39] INFO  server.RaftServerConfigKeys (ConfUtils.java:logGet(43)) - raft.server.staging.catchup.gap = 1000 (default)
2019-10-14 13:34:21,591 [6042bbee-a3dd-471c-98e6-20ab52f267be@group-2F2681A30653-LeaderElection39] INFO  server.RaftServerConfigKeys (ConfUtils.java:logGet(43)) - raft.server.rpc.sleep.time = 25ms (default)
2019-10-14 13:34:21,591 [6042bbee-a3dd-471c-98e6-20ab52f267be@group-2F2681A30653-LeaderElection39] INFO  server.RaftServerConfigKeys (ConfUtils.java:logGet(43)) - raft.server.write.element-limit = 4096 (default)
2019-10-14 13:34:21,591 [6042bbee-a3dd-471c-98e6-20ab52f267be@group-2F2681A30653-LeaderElection39] INFO  server.RaftServerConfigKeys (ConfUtils.java:logGet(43)) - raft.server.watch.timeout = 10s (default)
2019-10-14 13:34:21,591 [6042bbee-a3dd-471c-98e6-20ab52f267be@group-2F2681A30653-LeaderElection39] INFO  server.RaftServerConfigKeys (ConfUtils.java:logGet(43)) - raft.server.watch.timeout.denomination = 1s (default)
2019-10-14 13:34:21,591 [6042bbee-a3dd-471c-98e6-20ab52f267be@group-2F2681A30653-LeaderElection39] INFO  server.RaftServerConfigKeys (ConfUtils.java:logGet(43)) - raft.server.watch.element-limit = 65536 (default)
2019-10-14 13:34:21,602 [grpc-default-executor-5] INFO  impl.RaftServerImpl (RaftServerImpl.java:setRole(170)) - 6128f1ab-045c-4eff-a4af-3985c7b476ad@group-4FB9DE65D985: changes role from  FOLLOWER to FOLLOWER at term 1 for recognizeCandidate:0d0d0d52-104b-4e67-b273-225133011c15
2019-10-14 13:34:21,602 [6042bbee-a3dd-471c-98e6-20ab52f267be@group-2F2681A30653-LeaderElection39] INFO  impl.RoleInfo (RoleInfo.java:updateAndGet(143)) - 6042bbee-a3dd-471c-98e6-20ab52f267be: start LeaderState
2019-10-14 13:34:21,602 [grpc-default-executor-5] INFO  impl.RoleInfo (RoleInfo.java:shutdownFollowerState(121)) - 6128f1ab-045c-4eff-a4af-3985c7b476ad: shutdown FollowerState
2019-10-14 13:34:21,602 [grpc-default-executor-5] INFO  impl.RoleInfo (RoleInfo.java:updateAndGet(143)) - 6128f1ab-045c-4eff-a4af-3985c7b476ad: start FollowerState
2019-10-14 13:34:21,602 [Thread-1507] INFO  impl.FollowerState (FollowerState.java:run(117)) - 6128f1ab-045c-4eff-a4af-3985c7b476ad@group-4FB9DE65D985-FollowerState was interrupted: java.lang.InterruptedException: sleep interrupted
2019-10-14 13:34:21,603 [6042bbee-a3dd-471c-98e6-20ab52f267be@group-2F2681A30653-LeaderElection39] INFO  segmented.SegmentedRaftLogWorker (SegmentedRaftLogWorker.java:startLogSegment(385)) - 6042bbee-a3dd-471c-98e6-20ab52f267be@group-2F2681A30653-SegmentedRaftLogWorker: Starting segment from index:0
2019-10-14 13:34:21,605 [a6712901-e026-4fd7-a922-07387a52e36c@group-4FB9DE65D985-LeaderElection41] INFO  impl.LeaderElection (LeaderElection.java:askForVotes(178)) - a6712901-e026-4fd7-a922-07387a52e36c@group-4FB9DE65D985-LeaderElection41: begin an election at term 1 for -1: [a6712901-e026-4fd7-a922-07387a52e36c:192.168.151.106:35639, 0d0d0d52-104b-4e67-b273-225133011c15:192.168.151.106:46861, 6128f1ab-045c-4eff-a4af-3985c7b476ad:192.168.151.106:46196], old=null
2019-10-14 13:34:21,641 [6042bbee-a3dd-471c-98e6-20ab52f267be@group-2F2681A30653-LeaderElection39] INFO  impl.RaftServerImpl (ServerState.java:setRaftConf(356)) - 6042bbee-a3dd-471c-98e6-20ab52f267be@group-2F2681A30653: set configuration 0: [6042bbee-a3dd-471c-98e6-20ab52f267be:192.168.151.106:35072], old=null at 0
2019-10-14 13:34:21,645 [0d0d0d52-104b-4e67-b273-225133011c15@group-4FB9DE65D985-LeaderElection40] INFO  impl.LeaderElection (LeaderElection.java:logAndReturn(56)) - 0d0d0d52-104b-4e67-b273-225133011c15@group-4FB9DE65D985-LeaderElection40: Election PASSED; received 2 response(s) [0d0d0d52-104b-4e67-b273-225133011c15<-a6712901-e026-4fd7-a922-07387a52e36c#0:FAIL-t1, 0d0d0d52-104b-4e67-b273-225133011c15<-6128f1ab-045c-4eff-a4af-3985c7b476ad#0:OK-t1] and 0 exception(s); 0d0d0d52-104b-4e67-b273-225133011c15@group-4FB9DE65D985:t1, leader=null, voted=0d0d0d52-104b-4e67-b273-225133011c15, raftlog=0d0d0d52-104b-4e67-b273-225133011c15@group-4FB9DE65D985-SegmentedRaftLog:OPENED:c-1,f-1,i0, conf=-1: [a6712901-e026-4fd7-a922-07387a52e36c:192.168.151.106:35639, 0d0d0d52-104b-4e67-b273-225133011c15:192.168.151.106:46861, 6128f1ab-045c-4eff-a4af-3985c7b476ad:192.168.151.106:46196], old=null
2019-10-14 13:34:21,645 [0d0d0d52-104b-4e67-b273-225133011c15@group-4FB9DE65D985-LeaderElection40] INFO  impl.RoleInfo (RoleInfo.java:shutdownLeaderElection(134)) - 0d0d0d52-104b-4e67-b273-225133011c15: shutdown LeaderElection
2019-10-14 13:34:21,645 [0d0d0d52-104b-4e67-b273-225133011c15@group-4FB9DE65D985-LeaderElection40] INFO  impl.RaftServerImpl (RaftServerImpl.java:setRole(170)) - 0d0d0d52-104b-4e67-b273-225133011c15@group-4FB9DE65D985: changes role from CANDIDATE to LEADER at term 1 for changeToLeader
2019-10-14 13:34:21,645 [0d0d0d52-104b-4e67-b273-225133011c15@group-4FB9DE65D985-LeaderElection40] INFO  impl.RaftServerImpl (ServerState.java:setLeader(255)) - 0d0d0d52-104b-4e67-b273-225133011c15@group-4FB9DE65D985: change Leader from null to 0d0d0d52-104b-4e67-b273-225133011c15 at term 1 for becomeLeader, leader elected after 5124ms
2019-10-14 13:34:21,645 [0d0d0d52-104b-4e67-b273-225133011c15@group-4FB9DE65D985-LeaderElection40] INFO  server.RaftServerConfigKeys (ConfUtils.java:logGet(43)) - raft.server.staging.catchup.gap = 1000 (default)
2019-10-14 13:34:21,645 [0d0d0d52-104b-4e67-b273-225133011c15@group-4FB9DE65D985-LeaderElection40] INFO  server.RaftServerConfigKeys (ConfUtils.java:logGet(43)) - raft.server.rpc.sleep.time = 25ms (default)
2019-10-14 13:34:21,646 [0d0d0d52-104b-4e67-b273-225133011c15@group-4FB9DE65D985-LeaderElection40] INFO  server.RaftServerConfigKeys (ConfUtils.java:logGet(43)) - raft.server.write.element-limit = 4096 (default)
2019-10-14 13:34:21,646 [0d0d0d52-104b-4e67-b273-225133011c15@group-4FB9DE65D985-LeaderElection40] INFO  server.RaftServerConfigKeys (ConfUtils.java:logGet(43)) - raft.server.watch.timeout = 10s (default)
2019-10-14 13:34:21,646 [0d0d0d52-104b-4e67-b273-225133011c15@group-4FB9DE65D985-LeaderElection40] INFO  server.RaftServerConfigKeys (ConfUtils.java:logGet(43)) - raft.server.watch.timeout.denomination = 1s (default)
2019-10-14 13:34:21,646 [0d0d0d52-104b-4e67-b273-225133011c15@group-4FB9DE65D985-LeaderElection40] INFO  server.RaftServerConfigKeys (ConfUtils.java:logGet(43)) - raft.server.watch.element-limit = 65536 (default)
2019-10-14 13:34:21,654 [6042bbee-a3dd-471c-98e6-20ab52f267be@group-2F2681A30653-SegmentedRaftLogWorker] INFO  segmented.SegmentedRaftLogWorker (SegmentedRaftLogWorker.java:execute(574)) - 6042bbee-a3dd-471c-98e6-20ab52f267be@group-2F2681A30653-SegmentedRaftLogWorker: created new log segment /workdir/hadoop-ozone/integration-test/target/test-dir/MiniOzoneClusterImpl-a6752234-aa73-4bf4-a580-9e4e2df21123/datanode-5/data/ratis/6f866c35-74d1-44dd-9acb-2f2681a30653/current/log_inprogress_0
2019-10-14 13:34:21,661 [0d0d0d52-104b-4e67-b273-225133011c15@group-4FB9DE65D985-LeaderElection40] INFO  server.RaftServerConfigKeys (ConfUtils.java:logGet(43)) - raft.server.log.appender.snapshot.chunk.size.max = 16MB (=16777216) (default)
2019-10-14 13:34:21,661 [0d0d0d52-104b-4e67-b273-225133011c15@group-4FB9DE65D985-LeaderElection40] INFO  server.RaftServerConfigKeys (ConfUtils.java:logGet(43)) - raft.server.log.appender.buffer.byte-limit = 33554432 (custom)
2019-10-14 13:34:21,661 [0d0d0d52-104b-4e67-b273-225133011c15@group-4FB9DE65D985-LeaderElection40] INFO  server.RaftServerConfigKeys (ConfUtils.java:logGet(43)) - raft.server.log.appender.buffer.element-limit = 1 (custom)
2019-10-14 13:34:21,661 [0d0d0d52-104b-4e67-b273-225133011c15@group-4FB9DE65D985-LeaderElection40] INFO  grpc.GrpcConfigKeys$Server (ConfUtils.java:logGet(43)) - raft.grpc.server.leader.outstanding.appends.max = 128 (default)
2019-10-14 13:34:21,662 [0d0d0d52-104b-4e67-b273-225133011c15@group-4FB9DE65D985-LeaderElection40] INFO  server.RaftServerConfigKeys (ConfUtils.java:logGet(43)) - raft.server.rpc.request.timeout = 3000ms (default)
2019-10-14 13:34:21,662 [0d0d0d52-104b-4e67-b273-225133011c15@group-4FB9DE65D985-LeaderElection40] INFO  server.RaftServerConfigKeys (ConfUtils.java:logGet(43)) - raft.server.log.appender.install.snapshot.enabled = false (custom)
2019-10-14 13:34:21,662 [0d0d0d52-104b-4e67-b273-225133011c15@group-4FB9DE65D985-LeaderElection40] INFO  server.RaftServerConfigKeys (ConfUtils.java:logGet(43)) - raft.server.log.appender.snapshot.chunk.size.max = 16MB (=16777216) (default)
2019-10-14 13:34:21,662 [0d0d0d52-104b-4e67-b273-225133011c15@group-4FB9DE65D985-LeaderElection40] INFO  server.RaftServerConfigKeys (ConfUtils.java:logGet(43)) - raft.server.log.appender.buffer.byte-limit = 33554432 (custom)
2019-10-14 13:34:21,662 [0d0d0d52-104b-4e67-b273-225133011c15@group-4FB9DE65D985-LeaderElection40] INFO  server.RaftServerConfigKeys (ConfUtils.java:logGet(43)) - raft.server.log.appender.buffer.element-limit = 1 (custom)
2019-10-14 13:34:21,663 [0d0d0d52-104b-4e67-b273-225133011c15@group-4FB9DE65D985-LeaderElection40] INFO  grpc.GrpcConfigKeys$Server (ConfUtils.java:logGet(43)) - raft.grpc.server.leader.outstanding.appends.max = 128 (default)
2019-10-14 13:34:21,663 [0d0d0d52-104b-4e67-b273-225133011c15@group-4FB9DE65D985-LeaderElection40] INFO  server.RaftServerConfigKeys (ConfUtils.java:logGet(43)) - raft.server.rpc.request.timeout = 3000ms (default)
2019-10-14 13:34:21,663 [0d0d0d52-104b-4e67-b273-225133011c15@group-4FB9DE65D985-LeaderElection40] INFO  server.RaftServerConfigKeys (ConfUtils.java:logGet(43)) - raft.server.log.appender.install.snapshot.enabled = false (custom)
2019-10-14 13:34:21,663 [0d0d0d52-104b-4e67-b273-225133011c15@group-4FB9DE65D985-LeaderElection40] INFO  impl.RoleInfo (RoleInfo.java:updateAndGet(143)) - 0d0d0d52-104b-4e67-b273-225133011c15: start LeaderState
2019-10-14 13:34:21,664 [0d0d0d52-104b-4e67-b273-225133011c15@group-4FB9DE65D985-LeaderElection40] INFO  segmented.SegmentedRaftLogWorker (SegmentedRaftLogWorker.java:startLogSegment(385)) - 0d0d0d52-104b-4e67-b273-225133011c15@group-4FB9DE65D985-SegmentedRaftLogWorker: Starting segment from index:0
2019-10-14 13:34:21,664 [0d0d0d52-104b-4e67-b273-225133011c15@group-4FB9DE65D985-LeaderElection40] INFO  impl.RaftServerImpl (ServerState.java:setRaftConf(356)) - 0d0d0d52-104b-4e67-b273-225133011c15@group-4FB9DE65D985: set configuration 0: [a6712901-e026-4fd7-a922-07387a52e36c:192.168.151.106:35639, 0d0d0d52-104b-4e67-b273-225133011c15:192.168.151.106:46861, 6128f1ab-045c-4eff-a4af-3985c7b476ad:192.168.151.106:46196], old=null at 0
2019-10-14 13:34:21,665 [grpc-default-executor-5] INFO  impl.RaftServerImpl (RaftServerImpl.java:requestVote(754)) - 0d0d0d52-104b-4e67-b273-225133011c15@group-4FB9DE65D985-   LEADER: Withhold vote from candidate a6712901-e026-4fd7-a922-07387a52e36c with term 1. State: leader=0d0d0d52-104b-4e67-b273-225133011c15, term=1, lastRpcElapsed=null
2019-10-14 13:34:21,666 [grpc-default-executor-1] INFO  impl.RaftServerImpl (RaftServerImpl.java:setRole(170)) - a6712901-e026-4fd7-a922-07387a52e36c@group-4FB9DE65D985: changes role from CANDIDATE to FOLLOWER at term 1 for appendEntries
2019-10-14 13:34:21,667 [grpc-default-executor-1] INFO  impl.RoleInfo (RoleInfo.java:shutdownLeaderElection(134)) - a6712901-e026-4fd7-a922-07387a52e36c: shutdown LeaderElection
2019-10-14 13:34:21,697 [grpc-default-executor-1] INFO  impl.RoleInfo (RoleInfo.java:updateAndGet(143)) - a6712901-e026-4fd7-a922-07387a52e36c: start FollowerState
2019-10-14 13:34:21,697 [a6712901-e026-4fd7-a922-07387a52e36c@group-4FB9DE65D985-LeaderElection41] INFO  impl.LeaderElection (LeaderElection.java:logAndReturn(56)) - a6712901-e026-4fd7-a922-07387a52e36c@group-4FB9DE65D985-LeaderElection41: Election REJECTED; received 2 response(s) [a6712901-e026-4fd7-a922-07387a52e36c<-0d0d0d52-104b-4e67-b273-225133011c15#0:FAIL-t1, a6712901-e026-4fd7-a922-07387a52e36c<-6128f1ab-045c-4eff-a4af-3985c7b476ad#0:FAIL-t1] and 0 exception(s); a6712901-e026-4fd7-a922-07387a52e36c@group-4FB9DE65D985:t1, leader=null, voted=a6712901-e026-4fd7-a922-07387a52e36c, raftlog=a6712901-e026-4fd7-a922-07387a52e36c@group-4FB9DE65D985-SegmentedRaftLog:OPENED:c-1,f-1,i0, conf=-1: [a6712901-e026-4fd7-a922-07387a52e36c:192.168.151.106:35639, 0d0d0d52-104b-4e67-b273-225133011c15:192.168.151.106:46861, 6128f1ab-045c-4eff-a4af-3985c7b476ad:192.168.151.106:46196], old=null
2019-10-14 13:34:21,697 [grpc-default-executor-5] INFO  impl.RaftServerImpl (ServerState.java:setLeader(255)) - 6128f1ab-045c-4eff-a4af-3985c7b476ad@group-4FB9DE65D985: change Leader from null to 0d0d0d52-104b-4e67-b273-225133011c15 at term 1 for appendEntries, leader elected after 5177ms
2019-10-14 13:34:21,697 [grpc-default-executor-1] INFO  impl.RaftServerImpl (ServerState.java:setLeader(255)) - a6712901-e026-4fd7-a922-07387a52e36c@group-4FB9DE65D985: change Leader from null to 0d0d0d52-104b-4e67-b273-225133011c15 at term 1 for appendEntries, leader elected after 5177ms
2019-10-14 13:34:21,703 [grpc-default-executor-1] INFO  impl.RaftServerImpl (ServerState.java:setRaftConf(356)) - a6712901-e026-4fd7-a922-07387a52e36c@group-4FB9DE65D985: set configuration 0: [a6712901-e026-4fd7-a922-07387a52e36c:192.168.151.106:35639, 0d0d0d52-104b-4e67-b273-225133011c15:192.168.151.106:46861, 6128f1ab-045c-4eff-a4af-3985c7b476ad:192.168.151.106:46196], old=null at 0
2019-10-14 13:34:21,703 [grpc-default-executor-1] INFO  segmented.SegmentedRaftLogWorker (SegmentedRaftLogWorker.java:startLogSegment(385)) - a6712901-e026-4fd7-a922-07387a52e36c@group-4FB9DE65D985-SegmentedRaftLogWorker: Starting segment from index:0
2019-10-14 13:34:21,703 [grpc-default-executor-8] INFO  impl.RaftServerImpl (ServerState.java:setRaftConf(356)) - 6128f1ab-045c-4eff-a4af-3985c7b476ad@group-4FB9DE65D985: set configuration 0: [a6712901-e026-4fd7-a922-07387a52e36c:192.168.151.106:35639, 0d0d0d52-104b-4e67-b273-225133011c15:192.168.151.106:46861, 6128f1ab-045c-4eff-a4af-3985c7b476ad:192.168.151.106:46196], old=null at 0
2019-10-14 13:34:21,704 [grpc-default-executor-8] INFO  segmented.SegmentedRaftLogWorker (SegmentedRaftLogWorker.java:startLogSegment(385)) - 6128f1ab-045c-4eff-a4af-3985c7b476ad@group-4FB9DE65D985-SegmentedRaftLogWorker: Starting segment from index:0
2019-10-14 13:34:21,710 [0d0d0d52-104b-4e67-b273-225133011c15@group-4FB9DE65D985-SegmentedRaftLogWorker] INFO  segmented.SegmentedRaftLogWorker (SegmentedRaftLogWorker.java:execute(574)) - 0d0d0d52-104b-4e67-b273-225133011c15@group-4FB9DE65D985-SegmentedRaftLogWorker: created new log segment /workdir/hadoop-ozone/integration-test/target/test-dir/MiniOzoneClusterImpl-a6752234-aa73-4bf4-a580-9e4e2df21123/datanode-6/data/ratis/c88fc5a8-505e-4f67-99b5-4fb9de65d985/current/log_inprogress_0
2019-10-14 13:34:21,743 [6128f1ab-045c-4eff-a4af-3985c7b476ad@group-4FB9DE65D985-SegmentedRaftLogWorker] INFO  segmented.SegmentedRaftLogWorker (SegmentedRaftLogWorker.java:execute(574)) - 6128f1ab-045c-4eff-a4af-3985c7b476ad@group-4FB9DE65D985-SegmentedRaftLogWorker: created new log segment /workdir/hadoop-ozone/integration-test/target/test-dir/MiniOzoneClusterImpl-a6752234-aa73-4bf4-a580-9e4e2df21123/datanode-4/data/ratis/c88fc5a8-505e-4f67-99b5-4fb9de65d985/current/log_inprogress_0
2019-10-14 13:34:21,743 [a6712901-e026-4fd7-a922-07387a52e36c@group-4FB9DE65D985-SegmentedRaftLogWorker] INFO  segmented.SegmentedRaftLogWorker (SegmentedRaftLogWorker.java:execute(574)) - a6712901-e026-4fd7-a922-07387a52e36c@group-4FB9DE65D985-SegmentedRaftLogWorker: created new log segment /workdir/hadoop-ozone/integration-test/target/test-dir/MiniOzoneClusterImpl-a6752234-aa73-4bf4-a580-9e4e2df21123/datanode-3/data/ratis/c88fc5a8-505e-4f67-99b5-4fb9de65d985/current/log_inprogress_0
2019-10-14 13:34:22,798 [Datanode State Machine Thread - 0] INFO  statemachine.DatanodeStateMachine (DatanodeStateMachine.java:lambda$startDaemon$0(350)) - Ozone container server started.
2019-10-14 13:34:26,813 [main] INFO  ozoneimpl.OzoneContainer (OzoneContainer.java:stop(231)) - Attempting to stop container services.
2019-10-14 13:34:26,814 [main] INFO  impl.RaftServerProxy (RaftServerProxy.java:lambda$close$4(314)) - cf8d3001-8af4-4fc5-b72d-8dcaa9baa2e1: close
2019-10-14 13:34:26,815 [main] INFO  impl.RaftServerImpl (RaftServerImpl.java:lambda$shutdown$3(247)) - cf8d3001-8af4-4fc5-b72d-8dcaa9baa2e1@group-5B0C9F4F55BE: shutdown
2019-10-14 13:34:26,816 [main] INFO  util.JmxRegister (JmxRegister.java:unregister(73)) - Successfully un-registered JMX Bean with object name Ratis:service=RaftServer,group=group-5B0C9F4F55BE,id=cf8d3001-8af4-4fc5-b72d-8dcaa9baa2e1
2019-10-14 13:34:26,816 [main] INFO  impl.RoleInfo (RoleInfo.java:shutdownFollowerState(121)) - cf8d3001-8af4-4fc5-b72d-8dcaa9baa2e1: shutdown FollowerState
2019-10-14 13:34:26,816 [main] INFO  impl.StateMachineUpdater (StateMachineUpdater.java:stopAndJoin(136)) - cf8d3001-8af4-4fc5-b72d-8dcaa9baa2e1@group-5B0C9F4F55BE-StateMachineUpdater: set stopIndex = 2
2019-10-14 13:34:26,817 [Thread-1538] INFO  impl.FollowerState (FollowerState.java:run(117)) - cf8d3001-8af4-4fc5-b72d-8dcaa9baa2e1@group-5B0C9F4F55BE-FollowerState was interrupted: java.lang.InterruptedException: sleep interrupted
2019-10-14 13:34:26,817 [cf8d3001-8af4-4fc5-b72d-8dcaa9baa2e1@group-5B0C9F4F55BE-StateMachineUpdater] INFO  ratis.ContainerStateMachine (ContainerStateMachine.java:takeSnapshot(293)) - group-5B0C9F4F55BE: Taking a snapshot at:(t:1, i:1) file /workdir/hadoop-ozone/integration-test/target/test-dir/MiniOzoneClusterImpl-a6752234-aa73-4bf4-a580-9e4e2df21123/datanode-0/data/ratis/0384f4a6-6322-44ed-abeb-5b0c9f4f55be/sm/snapshot.1_1
2019-10-14 13:34:26,838 [cf8d3001-8af4-4fc5-b72d-8dcaa9baa2e1@group-5B0C9F4F55BE-StateMachineUpdater] INFO  ratis.ContainerStateMachine (ContainerStateMachine.java:takeSnapshot(304)) - group-5B0C9F4F55BE: Finished taking a snapshot at:(t:1, i:1) file:/workdir/hadoop-ozone/integration-test/target/test-dir/MiniOzoneClusterImpl-a6752234-aa73-4bf4-a580-9e4e2df21123/datanode-0/data/ratis/0384f4a6-6322-44ed-abeb-5b0c9f4f55be/sm/snapshot.1_1 time:22
2019-10-14 13:34:26,839 [cf8d3001-8af4-4fc5-b72d-8dcaa9baa2e1@group-5B0C9F4F55BE-StateMachineUpdater] INFO  impl.StateMachineUpdater (StateMachineUpdater.java:takeSnapshot(269)) - cf8d3001-8af4-4fc5-b72d-8dcaa9baa2e1@group-5B0C9F4F55BE-StateMachineUpdater: Took a snapshot at index 1
2019-10-14 13:34:26,839 [cf8d3001-8af4-4fc5-b72d-8dcaa9baa2e1@group-5B0C9F4F55BE-StateMachineUpdater] INFO  impl.StateMachineUpdater (StateMachineUpdater.java:lambda$new$0(84)) - cf8d3001-8af4-4fc5-b72d-8dcaa9baa2e1@group-5B0C9F4F55BE-StateMachineUpdater: snapshotIndex: updateIncreasingly -1 -> 1
2019-10-14 13:34:26,839 [cf8d3001-8af4-4fc5-b72d-8dcaa9baa2e1@group-5B0C9F4F55BE-StateMachineUpdater] INFO  ratis.ContainerStateMachine (ContainerStateMachine.java:takeSnapshot(293)) - group-5B0C9F4F55BE: Taking a snapshot at:(t:1, i:1) file /workdir/hadoop-ozone/integration-test/target/test-dir/MiniOzoneClusterImpl-a6752234-aa73-4bf4-a580-9e4e2df21123/datanode-0/data/ratis/0384f4a6-6322-44ed-abeb-5b0c9f4f55be/sm/snapshot.1_1
2019-10-14 13:34:26,852 [cf8d3001-8af4-4fc5-b72d-8dcaa9baa2e1@group-5B0C9F4F55BE-StateMachineUpdater] INFO  ratis.ContainerStateMachine (ContainerStateMachine.java:takeSnapshot(304)) - group-5B0C9F4F55BE: Finished taking a snapshot at:(t:1, i:1) file:/workdir/hadoop-ozone/integration-test/target/test-dir/MiniOzoneClusterImpl-a6752234-aa73-4bf4-a580-9e4e2df21123/datanode-0/data/ratis/0384f4a6-6322-44ed-abeb-5b0c9f4f55be/sm/snapshot.1_1 time:13
2019-10-14 13:34:26,852 [cf8d3001-8af4-4fc5-b72d-8dcaa9baa2e1@group-5B0C9F4F55BE-StateMachineUpdater] INFO  impl.StateMachineUpdater (StateMachineUpdater.java:takeSnapshot(269)) - cf8d3001-8af4-4fc5-b72d-8dcaa9baa2e1@group-5B0C9F4F55BE-StateMachineUpdater: Took a snapshot at index 1
2019-10-14 13:34:26,853 [cf8d3001-8af4-4fc5-b72d-8dcaa9baa2e1@group-5B0C9F4F55BE-StateMachineUpdater] INFO  impl.StateMachineUpdater (StateMachineUpdater.java:lambda$new$0(84)) - cf8d3001-8af4-4fc5-b72d-8dcaa9baa2e1@group-5B0C9F4F55BE-StateMachineUpdater: snapshotIndex: updateIncreasingly 1 -> 1
2019-10-14 13:34:26,853 [main] INFO  impl.RaftServerImpl (ServerState.java:close(387)) - cf8d3001-8af4-4fc5-b72d-8dcaa9baa2e1@group-5B0C9F4F55BE: closes. applyIndex: 2
2019-10-14 13:34:26,854 [cf8d3001-8af4-4fc5-b72d-8dcaa9baa2e1@group-5B0C9F4F55BE-SegmentedRaftLogWorker] INFO  segmented.SegmentedRaftLogWorker (SegmentedRaftLogWorker.java:run(316)) - cf8d3001-8af4-4fc5-b72d-8dcaa9baa2e1@group-5B0C9F4F55BE-SegmentedRaftLogWorker was interrupted, exiting. There are 0 tasks remaining in the queue.
2019-10-14 13:34:26,857 [main] INFO  segmented.SegmentedRaftLogWorker (SegmentedRaftLogWorker.java:close(224)) - cf8d3001-8af4-4fc5-b72d-8dcaa9baa2e1@group-5B0C9F4F55BE-SegmentedRaftLogWorker close()
2019-10-14 13:34:26,862 [main] INFO  impl.RaftServerImpl (RaftServerImpl.java:lambda$shutdown$3(247)) - cf8d3001-8af4-4fc5-b72d-8dcaa9baa2e1@group-450A89F2C1F6: shutdown
2019-10-14 13:34:26,862 [main] INFO  util.JmxRegister (JmxRegister.java:unregister(73)) - Successfully un-registered JMX Bean with object name Ratis:service=RaftServer,group=group-450A89F2C1F6,id=cf8d3001-8af4-4fc5-b72d-8dcaa9baa2e1
2019-10-14 13:34:26,863 [main] INFO  impl.RoleInfo (RoleInfo.java:shutdownLeaderState(104)) - cf8d3001-8af4-4fc5-b72d-8dcaa9baa2e1: shutdown LeaderState
2019-10-14 13:34:26,863 [main] INFO  impl.PendingRequests (PendingRequests.java:sendNotLeaderResponses(202)) - cf8d3001-8af4-4fc5-b72d-8dcaa9baa2e1@group-450A89F2C1F6-PendingRequests: sendNotLeaderResponses
2019-10-14 13:34:26,864 [main] INFO  impl.StateMachineUpdater (StateMachineUpdater.java:stopAndJoin(136)) - cf8d3001-8af4-4fc5-b72d-8dcaa9baa2e1@group-450A89F2C1F6-StateMachineUpdater: set stopIndex = 0
2019-10-14 13:34:26,864 [main] INFO  impl.RaftServerImpl (ServerState.java:close(387)) - cf8d3001-8af4-4fc5-b72d-8dcaa9baa2e1@group-450A89F2C1F6: closes. applyIndex: 0
2019-10-14 13:34:26,864 [cf8d3001-8af4-4fc5-b72d-8dcaa9baa2e1@group-450A89F2C1F6-SegmentedRaftLogWorker] INFO  segmented.SegmentedRaftLogWorker (SegmentedRaftLogWorker.java:run(316)) - cf8d3001-8af4-4fc5-b72d-8dcaa9baa2e1@group-450A89F2C1F6-SegmentedRaftLogWorker was interrupted, exiting. There are 0 tasks remaining in the queue.
2019-10-14 13:34:26,867 [main] INFO  segmented.SegmentedRaftLogWorker (SegmentedRaftLogWorker.java:close(224)) - cf8d3001-8af4-4fc5-b72d-8dcaa9baa2e1@group-450A89F2C1F6-SegmentedRaftLogWorker close()
2019-10-14 13:34:26,872 [main] INFO  server.GrpcService (GrpcService.java:closeImpl(164)) - cf8d3001-8af4-4fc5-b72d-8dcaa9baa2e1: shutdown server with port 37475 now
2019-10-14 13:34:26,876 [grpc-default-executor-1] WARN  server.GrpcServerProtocolService (LogUtils.java:warn(134)) - cf8d3001-8af4-4fc5-b72d-8dcaa9baa2e1: installSnapshot onError, lastRequest: 192e12c5-d762-43c7-a534-44a4e83d726f->cf8d3001-8af4-4fc5-b72d-8dcaa9baa2e1#5-t1, previous=(t:1, i:2), leaderCommit=2, initializing? false, entries: <empty>: org.apache.ratis.thirdparty.io.grpc.StatusRuntimeException: CANCELLED: cancelled before receiving half close
2019-10-14 13:34:26,876 [main] INFO  server.GrpcService (GrpcService.java:closeImpl(172)) - cf8d3001-8af4-4fc5-b72d-8dcaa9baa2e1: shutdown server with port 37475 successfully
2019-10-14 13:34:26,877 [grpc-default-executor-4] WARN  server.GrpcLogAppender (LogUtils.java:warn(134)) - 192e12c5-d762-43c7-a534-44a4e83d726f@group-5B0C9F4F55BE->cf8d3001-8af4-4fc5-b72d-8dcaa9baa2e1-AppendLogResponseHandler: Failed appendEntries: org.apache.ratis.thirdparty.io.grpc.StatusRuntimeException: CANCELLED: HTTP/2 error code: CANCEL
Received Rst Stream
2019-10-14 13:34:26,877 [grpc-default-executor-4] INFO  impl.FollowerInfo (FollowerInfo.java:lambda$new$0(51)) - 192e12c5-d762-43c7-a534-44a4e83d726f@group-5B0C9F4F55BE->cf8d3001-8af4-4fc5-b72d-8dcaa9baa2e1: nextIndex: updateUnconditionally 3 -> 2
2019-10-14 13:34:26,881 [refreshUsed-/workdir/hadoop-ozone/integration-test/target/test-dir/MiniOzoneClusterImpl-a6752234-aa73-4bf4-a580-9e4e2df21123/datanode-0/data/containers] WARN  fs.CachingGetSpaceUsed (CachingGetSpaceUsed.java:run(183)) - Thread Interrupted waiting to refresh disk information: sleep interrupted
2019-10-14 13:34:26,894 [main] INFO  utils.BackgroundService (BackgroundService.java:shutdown(148)) - Shutting down service BlockDeletingService
2019-10-14 13:34:26,899 [main] INFO  statemachine.DatanodeStateMachine (DatanodeStateMachine.java:stopDaemon(395)) - Ozone container server stopped.
2019-10-14 13:34:26,901 [main] INFO  handler.ContextHandler (ContextHandler.java:doStop(910)) - Stopped o.e.j.w.WebAppContext@7f6329cb{/,null,UNAVAILABLE}{/hddsDatanode}
2019-10-14 13:34:26,901 [main] INFO  server.AbstractConnector (AbstractConnector.java:doStop(318)) - Stopped ServerConnector@4b8137c5{HTTP/1.1,[http/1.1]}{0.0.0.0:0}
2019-10-14 13:34:26,902 [main] INFO  handler.ContextHandler (ContextHandler.java:doStop(910)) - Stopped o.e.j.s.ServletContextHandler@ea04cab{/static,jar:file:/home/user/.m2/repository/org/apache/hadoop/hadoop-hdds-container-service/0.5.0-SNAPSHOT/hadoop-hdds-container-service-0.5.0-SNAPSHOT.jar!/webapps/static,UNAVAILABLE}
2019-10-14 13:34:26,902 [main] INFO  handler.ContextHandler (ContextHandler.java:doStop(910)) - Stopped o.e.j.s.ServletContextHandler@62b57479{/logs,file:///workdir/hadoop-ozone/integration-test/target/log,UNAVAILABLE}
2019-10-14 13:34:27,797 [Datanode State Machine Thread - 0] INFO  statemachine.DatanodeStateMachine (DatanodeStateMachine.java:lambda$startDaemon$0(350)) - Ozone container server started.
2019-10-14 13:34:29,226 [grpc-default-executor-1] WARN  server.GrpcLogAppender (LogUtils.java:warn(134)) - 192e12c5-d762-43c7-a534-44a4e83d726f@group-5B0C9F4F55BE->cf8d3001-8af4-4fc5-b72d-8dcaa9baa2e1-AppendLogResponseHandler: Failed appendEntries: org.apache.ratis.thirdparty.io.grpc.StatusRuntimeException: UNAVAILABLE: io exception
2019-10-14 13:34:29,226 [grpc-default-executor-1] INFO  impl.FollowerInfo (FollowerInfo.java:lambda$new$0(51)) - 192e12c5-d762-43c7-a534-44a4e83d726f@group-5B0C9F4F55BE->cf8d3001-8af4-4fc5-b72d-8dcaa9baa2e1: nextIndex: updateUnconditionally 2 -> 1
2019-10-14 13:34:31,730 [grpc-default-executor-4] WARN  server.GrpcLogAppender (LogUtils.java:warn(134)) - 192e12c5-d762-43c7-a534-44a4e83d726f@group-5B0C9F4F55BE->cf8d3001-8af4-4fc5-b72d-8dcaa9baa2e1-AppendLogResponseHandler: Failed appendEntries: org.apache.ratis.thirdparty.io.grpc.StatusRuntimeException: UNAVAILABLE: io exception
2019-10-14 13:34:31,731 [grpc-default-executor-4] INFO  impl.FollowerInfo (FollowerInfo.java:lambda$new$0(51)) - 192e12c5-d762-43c7-a534-44a4e83d726f@group-5B0C9F4F55BE->cf8d3001-8af4-4fc5-b72d-8dcaa9baa2e1: nextIndex: updateUnconditionally 1 -> 0
2019-10-14 13:34:31,904 [main] INFO  ozoneimpl.OzoneContainer (OzoneContainer.java:stop(231)) - Attempting to stop container services.
2019-10-14 13:34:31,905 [main] INFO  impl.RaftServerProxy (RaftServerProxy.java:lambda$close$4(314)) - 677247a7-29f7-4094-aab0-2aa00681ebef: close
2019-10-14 13:34:31,905 [main] INFO  impl.RaftServerImpl (RaftServerImpl.java:lambda$shutdown$3(247)) - 677247a7-29f7-4094-aab0-2aa00681ebef@group-ED3E21EEEB09: shutdown
2019-10-14 13:34:31,906 [ForkJoinPool.commonPool-worker-1] INFO  impl.RaftServerImpl (RaftServerImpl.java:lambda$shutdown$3(247)) - 677247a7-29f7-4094-aab0-2aa00681ebef@group-5B0C9F4F55BE: shutdown
2019-10-14 13:34:31,906 [main] INFO  util.JmxRegister (JmxRegister.java:unregister(73)) - Successfully un-registered JMX Bean with object name Ratis:service=RaftServer,group=group-ED3E21EEEB09,id=677247a7-29f7-4094-aab0-2aa00681ebef
2019-10-14 13:34:31,906 [ForkJoinPool.commonPool-worker-1] INFO  util.JmxRegister (JmxRegister.java:unregister(73)) - Successfully un-registered JMX Bean with object name Ratis:service=RaftServer,group=group-5B0C9F4F55BE,id=677247a7-29f7-4094-aab0-2aa00681ebef
2019-10-14 13:34:31,907 [main] INFO  impl.RoleInfo (RoleInfo.java:shutdownLeaderState(104)) - 677247a7-29f7-4094-aab0-2aa00681ebef: shutdown LeaderState
2019-10-14 13:34:31,907 [ForkJoinPool.commonPool-worker-1] INFO  impl.RoleInfo (RoleInfo.java:shutdownFollowerState(121)) - 677247a7-29f7-4094-aab0-2aa00681ebef: shutdown FollowerState
2019-10-14 13:34:31,907 [main] INFO  impl.PendingRequests (PendingRequests.java:sendNotLeaderResponses(202)) - 677247a7-29f7-4094-aab0-2aa00681ebef@group-ED3E21EEEB09-PendingRequests: sendNotLeaderResponses
2019-10-14 13:34:31,908 [ForkJoinPool.commonPool-worker-1] INFO  impl.StateMachineUpdater (StateMachineUpdater.java:stopAndJoin(136)) - 677247a7-29f7-4094-aab0-2aa00681ebef@group-5B0C9F4F55BE-StateMachineUpdater: set stopIndex = 2
2019-10-14 13:34:31,908 [Thread-1539] INFO  impl.FollowerState (FollowerState.java:run(117)) - 677247a7-29f7-4094-aab0-2aa00681ebef@group-5B0C9F4F55BE-FollowerState was interrupted: java.lang.InterruptedException: sleep interrupted
2019-10-14 13:34:31,908 [main] INFO  impl.StateMachineUpdater (StateMachineUpdater.java:stopAndJoin(136)) - 677247a7-29f7-4094-aab0-2aa00681ebef@group-ED3E21EEEB09-StateMachineUpdater: set stopIndex = 0
2019-10-14 13:34:31,908 [677247a7-29f7-4094-aab0-2aa00681ebef@group-5B0C9F4F55BE-StateMachineUpdater] INFO  ratis.ContainerStateMachine (ContainerStateMachine.java:takeSnapshot(293)) - group-5B0C9F4F55BE: Taking a snapshot at:(t:1, i:1) file /workdir/hadoop-ozone/integration-test/target/test-dir/MiniOzoneClusterImpl-a6752234-aa73-4bf4-a580-9e4e2df21123/datanode-1/data/ratis/0384f4a6-6322-44ed-abeb-5b0c9f4f55be/sm/snapshot.1_1
2019-10-14 13:34:31,914 [main] INFO  impl.RaftServerImpl (ServerState.java:close(387)) - 677247a7-29f7-4094-aab0-2aa00681ebef@group-ED3E21EEEB09: closes. applyIndex: 0
2019-10-14 13:34:31,915 [677247a7-29f7-4094-aab0-2aa00681ebef@group-ED3E21EEEB09-SegmentedRaftLogWorker] INFO  segmented.SegmentedRaftLogWorker (SegmentedRaftLogWorker.java:run(316)) - 677247a7-29f7-4094-aab0-2aa00681ebef@group-ED3E21EEEB09-SegmentedRaftLogWorker was interrupted, exiting. There are 0 tasks remaining in the queue.
2019-10-14 13:34:31,927 [main] INFO  segmented.SegmentedRaftLogWorker (SegmentedRaftLogWorker.java:close(224)) - 677247a7-29f7-4094-aab0-2aa00681ebef@group-ED3E21EEEB09-SegmentedRaftLogWorker close()
2019-10-14 13:34:31,931 [677247a7-29f7-4094-aab0-2aa00681ebef@group-5B0C9F4F55BE-StateMachineUpdater] INFO  ratis.ContainerStateMachine (ContainerStateMachine.java:takeSnapshot(304)) - group-5B0C9F4F55BE: Finished taking a snapshot at:(t:1, i:1) file:/workdir/hadoop-ozone/integration-test/target/test-dir/MiniOzoneClusterImpl-a6752234-aa73-4bf4-a580-9e4e2df21123/datanode-1/data/ratis/0384f4a6-6322-44ed-abeb-5b0c9f4f55be/sm/snapshot.1_1 time:23
2019-10-14 13:34:31,931 [677247a7-29f7-4094-aab0-2aa00681ebef@group-5B0C9F4F55BE-StateMachineUpdater] INFO  impl.StateMachineUpdater (StateMachineUpdater.java:takeSnapshot(269)) - 677247a7-29f7-4094-aab0-2aa00681ebef@group-5B0C9F4F55BE-StateMachineUpdater: Took a snapshot at index 1
2019-10-14 13:34:31,931 [677247a7-29f7-4094-aab0-2aa00681ebef@group-5B0C9F4F55BE-StateMachineUpdater] INFO  impl.StateMachineUpdater (StateMachineUpdater.java:lambda$new$0(84)) - 677247a7-29f7-4094-aab0-2aa00681ebef@group-5B0C9F4F55BE-StateMachineUpdater: snapshotIndex: updateIncreasingly -1 -> 1
2019-10-14 13:34:31,931 [677247a7-29f7-4094-aab0-2aa00681ebef@group-5B0C9F4F55BE-StateMachineUpdater] INFO  ratis.ContainerStateMachine (ContainerStateMachine.java:takeSnapshot(293)) - group-5B0C9F4F55BE: Taking a snapshot at:(t:1, i:1) file /workdir/hadoop-ozone/integration-test/target/test-dir/MiniOzoneClusterImpl-a6752234-aa73-4bf4-a580-9e4e2df21123/datanode-1/data/ratis/0384f4a6-6322-44ed-abeb-5b0c9f4f55be/sm/snapshot.1_1
2019-10-14 13:34:31,943 [677247a7-29f7-4094-aab0-2aa00681ebef@group-5B0C9F4F55BE-StateMachineUpdater] INFO  ratis.ContainerStateMachine (ContainerStateMachine.java:takeSnapshot(304)) - group-5B0C9F4F55BE: Finished taking a snapshot at:(t:1, i:1) file:/workdir/hadoop-ozone/integration-test/target/test-dir/MiniOzoneClusterImpl-a6752234-aa73-4bf4-a580-9e4e2df21123/datanode-1/data/ratis/0384f4a6-6322-44ed-abeb-5b0c9f4f55be/sm/snapshot.1_1 time:12
2019-10-14 13:34:31,943 [677247a7-29f7-4094-aab0-2aa00681ebef@group-5B0C9F4F55BE-StateMachineUpdater] INFO  impl.StateMachineUpdater (StateMachineUpdater.java:takeSnapshot(269)) - 677247a7-29f7-4094-aab0-2aa00681ebef@group-5B0C9F4F55BE-StateMachineUpdater: Took a snapshot at index 1
2019-10-14 13:34:31,943 [677247a7-29f7-4094-aab0-2aa00681ebef@group-5B0C9F4F55BE-StateMachineUpdater] INFO  impl.StateMachineUpdater (StateMachineUpdater.java:lambda$new$0(84)) - 677247a7-29f7-4094-aab0-2aa00681ebef@group-5B0C9F4F55BE-StateMachineUpdater: snapshotIndex: updateIncreasingly 1 -> 1
2019-10-14 13:34:31,944 [ForkJoinPool.commonPool-worker-1] INFO  impl.RaftServerImpl (ServerState.java:close(387)) - 677247a7-29f7-4094-aab0-2aa00681ebef@group-5B0C9F4F55BE: closes. applyIndex: 2
2019-10-14 13:34:31,944 [677247a7-29f7-4094-aab0-2aa00681ebef@group-5B0C9F4F55BE-SegmentedRaftLogWorker] INFO  segmented.SegmentedRaftLogWorker (SegmentedRaftLogWorker.java:run(316)) - 677247a7-29f7-4094-aab0-2aa00681ebef@group-5B0C9F4F55BE-SegmentedRaftLogWorker was interrupted, exiting. There are 0 tasks remaining in the queue.
2019-10-14 13:34:31,946 [ForkJoinPool.commonPool-worker-1] INFO  segmented.SegmentedRaftLogWorker (SegmentedRaftLogWorker.java:close(224)) - 677247a7-29f7-4094-aab0-2aa00681ebef@group-5B0C9F4F55BE-SegmentedRaftLogWorker close()
2019-10-14 13:34:31,949 [main] INFO  server.GrpcService (GrpcService.java:closeImpl(164)) - 677247a7-29f7-4094-aab0-2aa00681ebef: shutdown server with port 38287 now
2019-10-14 13:34:31,952 [grpc-default-executor-1] WARN  server.GrpcServerProtocolService (LogUtils.java:warn(134)) - 677247a7-29f7-4094-aab0-2aa00681ebef: installSnapshot onError, lastRequest: 192e12c5-d762-43c7-a534-44a4e83d726f->677247a7-29f7-4094-aab0-2aa00681ebef#7-t1, previous=(t:1, i:2), leaderCommit=2, initializing? false, entries: <empty>: org.apache.ratis.thirdparty.io.grpc.StatusRuntimeException: CANCELLED: cancelled before receiving half close
2019-10-14 13:34:31,952 [grpc-default-executor-4] WARN  server.GrpcLogAppender (LogUtils.java:warn(134)) - 192e12c5-d762-43c7-a534-44a4e83d726f@group-5B0C9F4F55BE->677247a7-29f7-4094-aab0-2aa00681ebef-AppendLogResponseHandler: Failed appendEntries: org.apache.ratis.thirdparty.io.grpc.StatusRuntimeException: CANCELLED: HTTP/2 error code: CANCEL
Received Rst Stream
2019-10-14 13:34:31,952 [main] INFO  server.GrpcService (GrpcService.java:closeImpl(172)) - 677247a7-29f7-4094-aab0-2aa00681ebef: shutdown server with port 38287 successfully
2019-10-14 13:34:31,952 [grpc-default-executor-4] INFO  impl.FollowerInfo (FollowerInfo.java:lambda$new$0(51)) - 192e12c5-d762-43c7-a534-44a4e83d726f@group-5B0C9F4F55BE->677247a7-29f7-4094-aab0-2aa00681ebef: nextIndex: updateUnconditionally 3 -> 2
2019-10-14 13:34:31,954 [refreshUsed-/workdir/hadoop-ozone/integration-test/target/test-dir/MiniOzoneClusterImpl-a6752234-aa73-4bf4-a580-9e4e2df21123/datanode-1/data/containers] WARN  fs.CachingGetSpaceUsed (CachingGetSpaceUsed.java:run(183)) - Thread Interrupted waiting to refresh disk information: sleep interrupted
2019-10-14 13:34:31,971 [main] INFO  utils.BackgroundService (BackgroundService.java:shutdown(148)) - Shutting down service BlockDeletingService
2019-10-14 13:34:31,977 [main] INFO  statemachine.DatanodeStateMachine (DatanodeStateMachine.java:stopDaemon(395)) - Ozone container server stopped.
2019-10-14 13:34:31,978 [main] INFO  handler.ContextHandler (ContextHandler.java:doStop(910)) - Stopped o.e.j.w.WebAppContext@42507640{/,null,UNAVAILABLE}{/hddsDatanode}
2019-10-14 13:34:31,980 [main] INFO  server.AbstractConnector (AbstractConnector.java:doStop(318)) - Stopped ServerConnector@4dfe8b37{HTTP/1.1,[http/1.1]}{0.0.0.0:0}
2019-10-14 13:34:31,981 [main] INFO  handler.ContextHandler (ContextHandler.java:doStop(910)) - Stopped o.e.j.s.ServletContextHandler@996a546{/static,jar:file:/home/user/.m2/repository/org/apache/hadoop/hadoop-hdds-container-service/0.5.0-SNAPSHOT/hadoop-hdds-container-service-0.5.0-SNAPSHOT.jar!/webapps/static,UNAVAILABLE}
2019-10-14 13:34:31,981 [main] INFO  handler.ContextHandler (ContextHandler.java:doStop(910)) - Stopped o.e.j.s.ServletContextHandler@69de5bed{/logs,file:///workdir/hadoop-ozone/integration-test/target/log,UNAVAILABLE}
2019-10-14 13:34:34,228 [grpc-default-executor-1] WARN  server.GrpcLogAppender (LogUtils.java:warn(134)) - 192e12c5-d762-43c7-a534-44a4e83d726f@group-5B0C9F4F55BE->cf8d3001-8af4-4fc5-b72d-8dcaa9baa2e1-AppendLogResponseHandler: Failed appendEntries: org.apache.ratis.thirdparty.io.grpc.StatusRuntimeException: UNAVAILABLE: io exception
2019-10-14 13:34:34,228 [grpc-default-executor-1] INFO  impl.FollowerInfo (FollowerInfo.java:lambda$new$0(51)) - 192e12c5-d762-43c7-a534-44a4e83d726f@group-5B0C9F4F55BE->cf8d3001-8af4-4fc5-b72d-8dcaa9baa2e1: nextIndex: updateUnconditionally 0 -> 0
2019-10-14 13:34:34,232 [grpc-default-executor-8] WARN  server.GrpcLogAppender (LogUtils.java:warn(134)) - 192e12c5-d762-43c7-a534-44a4e83d726f@group-5B0C9F4F55BE->677247a7-29f7-4094-aab0-2aa00681ebef-AppendLogResponseHandler: Failed appendEntries: org.apache.ratis.thirdparty.io.grpc.StatusRuntimeException: UNAVAILABLE: io exception
2019-10-14 13:34:34,232 [grpc-default-executor-8] INFO  impl.FollowerInfo (FollowerInfo.java:lambda$new$0(51)) - 192e12c5-d762-43c7-a534-44a4e83d726f@group-5B0C9F4F55BE->677247a7-29f7-4094-aab0-2aa00681ebef: nextIndex: updateUnconditionally 2 -> 1
2019-10-14 13:34:36,734 [grpc-default-executor-10] WARN  server.GrpcLogAppender (LogUtils.java:warn(134)) - 192e12c5-d762-43c7-a534-44a4e83d726f@group-5B0C9F4F55BE->cf8d3001-8af4-4fc5-b72d-8dcaa9baa2e1-AppendLogResponseHandler: Failed appendEntries: org.apache.ratis.thirdparty.io.grpc.StatusRuntimeException: UNAVAILABLE: io exception
2019-10-14 13:34:36,734 [grpc-default-executor-9] WARN  server.GrpcLogAppender (LogUtils.java:warn(134)) - 192e12c5-d762-43c7-a534-44a4e83d726f@group-5B0C9F4F55BE->677247a7-29f7-4094-aab0-2aa00681ebef-AppendLogResponseHandler: Failed appendEntries: org.apache.ratis.thirdparty.io.grpc.StatusRuntimeException: UNAVAILABLE: io exception
2019-10-14 13:34:36,735 [grpc-default-executor-10] INFO  impl.FollowerInfo (FollowerInfo.java:lambda$new$0(51)) - 192e12c5-d762-43c7-a534-44a4e83d726f@group-5B0C9F4F55BE->cf8d3001-8af4-4fc5-b72d-8dcaa9baa2e1: nextIndex: updateUnconditionally 0 -> 0
2019-10-14 13:34:36,735 [grpc-default-executor-9] INFO  impl.FollowerInfo (FollowerInfo.java:lambda$new$0(51)) - 192e12c5-d762-43c7-a534-44a4e83d726f@group-5B0C9F4F55BE->677247a7-29f7-4094-aab0-2aa00681ebef: nextIndex: updateUnconditionally 1 -> 0
2019-10-14 13:34:39,232 [grpc-default-executor-10] WARN  server.GrpcLogAppender (LogUtils.java:warn(134)) - 192e12c5-d762-43c7-a534-44a4e83d726f@group-5B0C9F4F55BE->cf8d3001-8af4-4fc5-b72d-8dcaa9baa2e1-AppendLogResponseHandler: Failed appendEntries: org.apache.ratis.thirdparty.io.grpc.StatusRuntimeException: UNAVAILABLE: io exception
2019-10-14 13:34:39,232 [grpc-default-executor-10] INFO  impl.FollowerInfo (FollowerInfo.java:lambda$new$0(51)) - 192e12c5-d762-43c7-a534-44a4e83d726f@group-5B0C9F4F55BE->cf8d3001-8af4-4fc5-b72d-8dcaa9baa2e1: nextIndex: updateUnconditionally 0 -> 0
2019-10-14 13:34:39,233 [grpc-default-executor-5] WARN  server.GrpcLogAppender (LogUtils.java:warn(134)) - 192e12c5-d762-43c7-a534-44a4e83d726f@group-5B0C9F4F55BE->677247a7-29f7-4094-aab0-2aa00681ebef-AppendLogResponseHandler: Failed appendEntries: org.apache.ratis.thirdparty.io.grpc.StatusRuntimeException: UNAVAILABLE: io exception
2019-10-14 13:34:39,233 [grpc-default-executor-5] INFO  impl.FollowerInfo (FollowerInfo.java:lambda$new$0(51)) - 192e12c5-d762-43c7-a534-44a4e83d726f@group-5B0C9F4F55BE->677247a7-29f7-4094-aab0-2aa00681ebef: nextIndex: updateUnconditionally 0 -> 0
2019-10-14 13:34:41,733 [grpc-default-executor-9] WARN  server.GrpcLogAppender (LogUtils.java:warn(134)) - 192e12c5-d762-43c7-a534-44a4e83d726f@group-5B0C9F4F55BE->cf8d3001-8af4-4fc5-b72d-8dcaa9baa2e1-AppendLogResponseHandler: Failed appendEntries: org.apache.ratis.thirdparty.io.grpc.StatusRuntimeException: UNAVAILABLE: io exception
2019-10-14 13:34:41,734 [grpc-default-executor-9] INFO  impl.FollowerInfo (FollowerInfo.java:lambda$new$0(51)) - 192e12c5-d762-43c7-a534-44a4e83d726f@group-5B0C9F4F55BE->cf8d3001-8af4-4fc5-b72d-8dcaa9baa2e1: nextIndex: updateUnconditionally 0 -> 0
2019-10-14 13:34:41,734 [grpc-default-executor-1] WARN  server.GrpcLogAppender (LogUtils.java:warn(134)) - 192e12c5-d762-43c7-a534-44a4e83d726f@group-5B0C9F4F55BE->677247a7-29f7-4094-aab0-2aa00681ebef-AppendLogResponseHandler: Failed appendEntries: org.apache.ratis.thirdparty.io.grpc.StatusRuntimeException: UNAVAILABLE: io exception
2019-10-14 13:34:41,734 [grpc-default-executor-1] INFO  impl.FollowerInfo (FollowerInfo.java:lambda$new$0(51)) - 192e12c5-d762-43c7-a534-44a4e83d726f@group-5B0C9F4F55BE->677247a7-29f7-4094-aab0-2aa00681ebef: nextIndex: updateUnconditionally 0 -> 0
2019-10-14 13:34:42,059 [Thread-1609] INFO  client.GrpcClientProtocolService (GrpcClientProtocolService.java:lambda$processClientRequest$0(278)) - Failed RaftClientRequest:client-BDA35B1A37A9->192e12c5-d762-43c7-a534-44a4e83d726f@group-5B0C9F4F55BE, cid=67, seq=0, Watch-ALL_COMMITTED(21), Message:<EMPTY>, reply=RaftClientReply:client-BDA35B1A37A9->192e12c5-d762-43c7-a534-44a4e83d726f@group-5B0C9F4F55BE, cid=67, FAILED org.apache.ratis.protocol.NotReplicatedException: Request with call Id 67 and log index 21 is not yet replicated to ALL_COMMITTED, logIndex=21, commits[192e12c5-d762-43c7-a534-44a4e83d726f:c2, 677247a7-29f7-4094-aab0-2aa00681ebef:c2, cf8d3001-8af4-4fc5-b72d-8dcaa9baa2e1:c2]
2019-10-14 13:34:44,234 [grpc-default-executor-1] WARN  server.GrpcLogAppender (LogUtils.java:warn(134)) - 192e12c5-d762-43c7-a534-44a4e83d726f@group-5B0C9F4F55BE->cf8d3001-8af4-4fc5-b72d-8dcaa9baa2e1-AppendLogResponseHandler: Failed appendEntries: org.apache.ratis.thirdparty.io.grpc.StatusRuntimeException: UNAVAILABLE: io exception
2019-10-14 13:34:44,234 [grpc-default-executor-9] WARN  server.GrpcLogAppender (LogUtils.java:warn(134)) - 192e12c5-d762-43c7-a534-44a4e83d726f@group-5B0C9F4F55BE->677247a7-29f7-4094-aab0-2aa00681ebef-AppendLogResponseHandler: Failed appendEntries: org.apache.ratis.thirdparty.io.grpc.StatusRuntimeException: UNAVAILABLE: io exception
2019-10-14 13:34:44,237 [grpc-default-executor-1] INFO  impl.FollowerInfo (FollowerInfo.java:lambda$new$0(51)) - 192e12c5-d762-43c7-a534-44a4e83d726f@group-5B0C9F4F55BE->cf8d3001-8af4-4fc5-b72d-8dcaa9baa2e1: nextIndex: updateUnconditionally 0 -> 0
2019-10-14 13:34:44,237 [grpc-default-executor-9] INFO  impl.FollowerInfo (FollowerInfo.java:lambda$new$0(51)) - 192e12c5-d762-43c7-a534-44a4e83d726f@group-5B0C9F4F55BE->677247a7-29f7-4094-aab0-2aa00681ebef: nextIndex: updateUnconditionally 0 -> 0
2019-10-14 13:34:46,734 [grpc-default-executor-5] WARN  server.GrpcLogAppender (LogUtils.java:warn(134)) - 192e12c5-d762-43c7-a534-44a4e83d726f@group-5B0C9F4F55BE->677247a7-29f7-4094-aab0-2aa00681ebef-AppendLogResponseHandler: Failed appendEntries: org.apache.ratis.thirdparty.io.grpc.StatusRuntimeException: UNAVAILABLE: io exception
2019-10-14 13:34:46,734 [grpc-default-executor-10] WARN  server.GrpcLogAppender (LogUtils.java:warn(134)) - 192e12c5-d762-43c7-a534-44a4e83d726f@group-5B0C9F4F55BE->cf8d3001-8af4-4fc5-b72d-8dcaa9baa2e1-AppendLogResponseHandler: Failed appendEntries: org.apache.ratis.thirdparty.io.grpc.StatusRuntimeException: UNAVAILABLE: io exception
2019-10-14 13:34:46,735 [grpc-default-executor-5] INFO  impl.FollowerInfo (FollowerInfo.java:lambda$new$0(51)) - 192e12c5-d762-43c7-a534-44a4e83d726f@group-5B0C9F4F55BE->677247a7-29f7-4094-aab0-2aa00681ebef: nextIndex: updateUnconditionally 0 -> 0
2019-10-14 13:34:46,735 [grpc-default-executor-10] INFO  impl.FollowerInfo (FollowerInfo.java:lambda$new$0(51)) - 192e12c5-d762-43c7-a534-44a4e83d726f@group-5B0C9F4F55BE->cf8d3001-8af4-4fc5-b72d-8dcaa9baa2e1: nextIndex: updateUnconditionally 0 -> 0
2019-10-14 13:34:49,235 [grpc-default-executor-9] WARN  server.GrpcLogAppender (LogUtils.java:warn(134)) - 192e12c5-d762-43c7-a534-44a4e83d726f@group-5B0C9F4F55BE->677247a7-29f7-4094-aab0-2aa00681ebef-AppendLogResponseHandler: Failed appendEntries: org.apache.ratis.thirdparty.io.grpc.StatusRuntimeException: UNAVAILABLE: io exception
2019-10-14 13:34:49,235 [grpc-default-executor-1] WARN  server.GrpcLogAppender (LogUtils.java:warn(134)) - 192e12c5-d762-43c7-a534-44a4e83d726f@group-5B0C9F4F55BE->cf8d3001-8af4-4fc5-b72d-8dcaa9baa2e1-AppendLogResponseHandler: Failed appendEntries: org.apache.ratis.thirdparty.io.grpc.StatusRuntimeException: UNAVAILABLE: io exception
2019-10-14 13:34:49,235 [grpc-default-executor-9] INFO  impl.FollowerInfo (FollowerInfo.java:lambda$new$0(51)) - 192e12c5-d762-43c7-a534-44a4e83d726f@group-5B0C9F4F55BE->677247a7-29f7-4094-aab0-2aa00681ebef: nextIndex: updateUnconditionally 0 -> 0
2019-10-14 13:34:49,235 [grpc-default-executor-1] INFO  impl.FollowerInfo (FollowerInfo.java:lambda$new$0(51)) - 192e12c5-d762-43c7-a534-44a4e83d726f@group-5B0C9F4F55BE->cf8d3001-8af4-4fc5-b72d-8dcaa9baa2e1: nextIndex: updateUnconditionally 0 -> 0
2019-10-14 13:34:51,736 [grpc-default-executor-1] WARN  server.GrpcLogAppender (LogUtils.java:warn(134)) - 192e12c5-d762-43c7-a534-44a4e83d726f@group-5B0C9F4F55BE->677247a7-29f7-4094-aab0-2aa00681ebef-AppendLogResponseHandler: Failed appendEntries: org.apache.ratis.thirdparty.io.grpc.StatusRuntimeException: UNAVAILABLE: io exception
2019-10-14 13:34:51,736 [grpc-default-executor-8] WARN  server.GrpcLogAppender (LogUtils.java:warn(134)) - 192e12c5-d762-43c7-a534-44a4e83d726f@group-5B0C9F4F55BE->cf8d3001-8af4-4fc5-b72d-8dcaa9baa2e1-AppendLogResponseHandler: Failed appendEntries: org.apache.ratis.thirdparty.io.grpc.StatusRuntimeException: UNAVAILABLE: io exception
2019-10-14 13:34:51,736 [grpc-default-executor-1] INFO  impl.FollowerInfo (FollowerInfo.java:lambda$new$0(51)) - 192e12c5-d762-43c7-a534-44a4e83d726f@group-5B0C9F4F55BE->677247a7-29f7-4094-aab0-2aa00681ebef: nextIndex: updateUnconditionally 0 -> 0
2019-10-14 13:34:51,736 [grpc-default-executor-8] INFO  impl.FollowerInfo (FollowerInfo.java:lambda$new$0(51)) - 192e12c5-d762-43c7-a534-44a4e83d726f@group-5B0C9F4F55BE->cf8d3001-8af4-4fc5-b72d-8dcaa9baa2e1: nextIndex: updateUnconditionally 0 -> 0
2019-10-14 13:34:51,984 [main] WARN  scm.XceiverClientRatis (XceiverClientRatis.java:watchForCommit(292)) - 3 way commit failed on pipeline Pipeline[ Id: 0384f4a6-6322-44ed-abeb-5b0c9f4f55be, Nodes: cf8d3001-8af4-4fc5-b72d-8dcaa9baa2e1{ip: 192.168.151.106, host: pr-hdds-2196-2-8n2dq-3116116325, networkLocation: /default-rack, certSerialId: null}677247a7-29f7-4094-aab0-2aa00681ebef{ip: 192.168.151.106, host: pr-hdds-2196-2-8n2dq-3116116325, networkLocation: /default-rack, certSerialId: null}192e12c5-d762-43c7-a534-44a4e83d726f{ip: 192.168.151.106, host: pr-hdds-2196-2-8n2dq-3116116325, networkLocation: /default-rack, certSerialId: null}, Type:RATIS, Factor:THREE, State:OPEN]
java.util.concurrent.TimeoutException
	at java.util.concurrent.CompletableFuture.timedGet(CompletableFuture.java:1771)
	at java.util.concurrent.CompletableFuture.get(CompletableFuture.java:1915)
	at org.apache.hadoop.hdds.scm.XceiverClientRatis.watchForCommit(XceiverClientRatis.java:289)
	at org.apache.hadoop.ozone.client.rpc.TestWatchForCommit.testWatchForCommitForRetryfailure(TestWatchForCommit.java:345)
	at sun.reflect.NativeMethodAccessorImpl.invoke0(Native Method)
	at sun.reflect.NativeMethodAccessorImpl.invoke(NativeMethodAccessorImpl.java:62)
	at sun.reflect.DelegatingMethodAccessorImpl.invoke(DelegatingMethodAccessorImpl.java:43)
	at java.lang.reflect.Method.invoke(Method.java:498)
	at org.junit.runners.model.FrameworkMethod$1.runReflectiveCall(FrameworkMethod.java:47)
	at org.junit.internal.runners.model.ReflectiveCallable.run(ReflectiveCallable.java:12)
	at org.junit.runners.model.FrameworkMethod.invokeExplosively(FrameworkMethod.java:44)
	at org.junit.internal.runners.statements.InvokeMethod.evaluate(InvokeMethod.java:17)
	at org.junit.runners.ParentRunner.runLeaf(ParentRunner.java:271)
	at org.junit.runners.BlockJUnit4ClassRunner.runChild(BlockJUnit4ClassRunner.java:70)
	at org.junit.runners.BlockJUnit4ClassRunner.runChild(BlockJUnit4ClassRunner.java:50)
	at org.junit.runners.ParentRunner$3.run(ParentRunner.java:238)
	at org.junit.runners.ParentRunner$1.schedule(ParentRunner.java:63)
	at org.junit.runners.ParentRunner.runChildren(ParentRunner.java:236)
	at org.junit.runners.ParentRunner.access$000(ParentRunner.java:53)
	at org.junit.runners.ParentRunner$2.evaluate(ParentRunner.java:229)
	at org.junit.runners.ParentRunner.run(ParentRunner.java:309)
	at org.apache.maven.surefire.junit4.JUnit4Provider.execute(JUnit4Provider.java:365)
	at org.apache.maven.surefire.junit4.JUnit4Provider.executeWithRerun(JUnit4Provider.java:273)
	at org.apache.maven.surefire.junit4.JUnit4Provider.executeTestSet(JUnit4Provider.java:238)
	at org.apache.maven.surefire.junit4.JUnit4Provider.invoke(JUnit4Provider.java:159)
	at org.apache.maven.surefire.booter.ForkedBooter.invokeProviderInSameClassLoader(ForkedBooter.java:384)
	at org.apache.maven.surefire.booter.ForkedBooter.runSuitesInProcess(ForkedBooter.java:345)
	at org.apache.maven.surefire.booter.ForkedBooter.execute(ForkedBooter.java:126)
	at org.apache.maven.surefire.booter.ForkedBooter.main(ForkedBooter.java:418)
2019-10-14 13:34:52,056 [Thread-1622] INFO  client.GrpcClientProtocolService (GrpcClientProtocolService.java:lambda$processClientRequest$0(278)) - Failed RaftClientRequest:client-BDA35B1A37A9->192e12c5-d762-43c7-a534-44a4e83d726f@group-5B0C9F4F55BE, cid=67, seq=0, Watch-ALL_COMMITTED(21), Message:<EMPTY>, reply=RaftClientReply:client-BDA35B1A37A9->192e12c5-d762-43c7-a534-44a4e83d726f@group-5B0C9F4F55BE, cid=67, FAILED org.apache.ratis.protocol.NotReplicatedException: Request with call Id 67 and log index 21 is not yet replicated to ALL_COMMITTED, logIndex=21, commits[192e12c5-d762-43c7-a534-44a4e83d726f:c2, 677247a7-29f7-4094-aab0-2aa00681ebef:c2, cf8d3001-8af4-4fc5-b72d-8dcaa9baa2e1:c2]
2019-10-14 13:34:54,238 [grpc-default-executor-5] WARN  server.GrpcLogAppender (LogUtils.java:warn(134)) - 192e12c5-d762-43c7-a534-44a4e83d726f@group-5B0C9F4F55BE->cf8d3001-8af4-4fc5-b72d-8dcaa9baa2e1-AppendLogResponseHandler: Failed appendEntries: org.apache.ratis.thirdparty.io.grpc.StatusRuntimeException: UNAVAILABLE: io exception
2019-10-14 13:34:54,242 [grpc-default-executor-1] WARN  server.GrpcLogAppender (LogUtils.java:warn(134)) - 192e12c5-d762-43c7-a534-44a4e83d726f@group-5B0C9F4F55BE->677247a7-29f7-4094-aab0-2aa00681ebef-AppendLogResponseHandler: Failed appendEntries: org.apache.ratis.thirdparty.io.grpc.StatusRuntimeException: UNAVAILABLE: io exception
2019-10-14 13:34:54,245 [grpc-default-executor-5] INFO  impl.FollowerInfo (FollowerInfo.java:lambda$new$0(51)) - 192e12c5-d762-43c7-a534-44a4e83d726f@group-5B0C9F4F55BE->cf8d3001-8af4-4fc5-b72d-8dcaa9baa2e1: nextIndex: updateUnconditionally 0 -> 0
2019-10-14 13:34:54,245 [grpc-default-executor-1] INFO  impl.FollowerInfo (FollowerInfo.java:lambda$new$0(51)) - 192e12c5-d762-43c7-a534-44a4e83d726f@group-5B0C9F4F55BE->677247a7-29f7-4094-aab0-2aa00681ebef: nextIndex: updateUnconditionally 0 -> 0
2019-10-14 13:34:56,739 [grpc-default-executor-8] WARN  server.GrpcLogAppender (LogUtils.java:warn(134)) - 192e12c5-d762-43c7-a534-44a4e83d726f@group-5B0C9F4F55BE->677247a7-29f7-4094-aab0-2aa00681ebef-AppendLogResponseHandler: Failed appendEntries: org.apache.ratis.thirdparty.io.grpc.StatusRuntimeException: UNAVAILABLE: io exception
2019-10-14 13:34:56,739 [grpc-default-executor-9] WARN  server.GrpcLogAppender (LogUtils.java:warn(134)) - 192e12c5-d762-43c7-a534-44a4e83d726f@group-5B0C9F4F55BE->cf8d3001-8af4-4fc5-b72d-8dcaa9baa2e1-AppendLogResponseHandler: Failed appendEntries: org.apache.ratis.thirdparty.io.grpc.StatusRuntimeException: UNAVAILABLE: io exception
2019-10-14 13:34:56,740 [grpc-default-executor-8] INFO  impl.FollowerInfo (FollowerInfo.java:lambda$new$0(51)) - 192e12c5-d762-43c7-a534-44a4e83d726f@group-5B0C9F4F55BE->677247a7-29f7-4094-aab0-2aa00681ebef: nextIndex: updateUnconditionally 0 -> 0
2019-10-14 13:34:56,740 [grpc-default-executor-9] INFO  impl.FollowerInfo (FollowerInfo.java:lambda$new$0(51)) - 192e12c5-d762-43c7-a534-44a4e83d726f@group-5B0C9F4F55BE->cf8d3001-8af4-4fc5-b72d-8dcaa9baa2e1: nextIndex: updateUnconditionally 0 -> 0
2019-10-14 13:34:59,239 [grpc-default-executor-9] WARN  server.GrpcLogAppender (LogUtils.java:warn(134)) - 192e12c5-d762-43c7-a534-44a4e83d726f@group-5B0C9F4F55BE->cf8d3001-8af4-4fc5-b72d-8dcaa9baa2e1-AppendLogResponseHandler: Failed appendEntries: org.apache.ratis.thirdparty.io.grpc.StatusRuntimeException: UNAVAILABLE: io exception
2019-10-14 13:34:59,239 [grpc-default-executor-1] WARN  server.GrpcLogAppender (LogUtils.java:warn(134)) - 192e12c5-d762-43c7-a534-44a4e83d726f@group-5B0C9F4F55BE->677247a7-29f7-4094-aab0-2aa00681ebef-AppendLogResponseHandler: Failed appendEntries: org.apache.ratis.thirdparty.io.grpc.StatusRuntimeException: UNAVAILABLE: io exception
2019-10-14 13:34:59,240 [grpc-default-executor-9] INFO  impl.FollowerInfo (FollowerInfo.java:lambda$new$0(51)) - 192e12c5-d762-43c7-a534-44a4e83d726f@group-5B0C9F4F55BE->cf8d3001-8af4-4fc5-b72d-8dcaa9baa2e1: nextIndex: updateUnconditionally 0 -> 0
2019-10-14 13:34:59,240 [grpc-default-executor-1] INFO  impl.FollowerInfo (FollowerInfo.java:lambda$new$0(51)) - 192e12c5-d762-43c7-a534-44a4e83d726f@group-5B0C9F4F55BE->677247a7-29f7-4094-aab0-2aa00681ebef: nextIndex: updateUnconditionally 0 -> 0
2019-10-14 13:35:01,740 [grpc-default-executor-5] WARN  server.GrpcLogAppender (LogUtils.java:warn(134)) - 192e12c5-d762-43c7-a534-44a4e83d726f@group-5B0C9F4F55BE->cf8d3001-8af4-4fc5-b72d-8dcaa9baa2e1-AppendLogResponseHandler: Failed appendEntries: org.apache.ratis.thirdparty.io.grpc.StatusRuntimeException: UNAVAILABLE: io exception
2019-10-14 13:35:01,740 [grpc-default-executor-1] WARN  server.GrpcLogAppender (LogUtils.java:warn(134)) - 192e12c5-d762-43c7-a534-44a4e83d726f@group-5B0C9F4F55BE->677247a7-29f7-4094-aab0-2aa00681ebef-AppendLogResponseHandler: Failed appendEntries: org.apache.ratis.thirdparty.io.grpc.StatusRuntimeException: UNAVAILABLE: io exception
2019-10-14 13:35:01,740 [grpc-default-executor-5] INFO  impl.FollowerInfo (FollowerInfo.java:lambda$new$0(51)) - 192e12c5-d762-43c7-a534-44a4e83d726f@group-5B0C9F4F55BE->cf8d3001-8af4-4fc5-b72d-8dcaa9baa2e1: nextIndex: updateUnconditionally 0 -> 0
2019-10-14 13:35:01,741 [grpc-default-executor-1] INFO  impl.FollowerInfo (FollowerInfo.java:lambda$new$0(51)) - 192e12c5-d762-43c7-a534-44a4e83d726f@group-5B0C9F4F55BE->677247a7-29f7-4094-aab0-2aa00681ebef: nextIndex: updateUnconditionally 0 -> 0
2019-10-14 13:35:02,056 [Thread-1637] INFO  client.GrpcClientProtocolService (GrpcClientProtocolService.java:lambda$processClientRequest$0(278)) - Failed RaftClientRequest:client-BDA35B1A37A9->192e12c5-d762-43c7-a534-44a4e83d726f@group-5B0C9F4F55BE, cid=67, seq=0, Watch-ALL_COMMITTED(21), Message:<EMPTY>, reply=RaftClientReply:client-BDA35B1A37A9->192e12c5-d762-43c7-a534-44a4e83d726f@group-5B0C9F4F55BE, cid=67, FAILED org.apache.ratis.protocol.NotReplicatedException: Request with call Id 67 and log index 21 is not yet replicated to ALL_COMMITTED, logIndex=21, commits[192e12c5-d762-43c7-a534-44a4e83d726f:c2, 677247a7-29f7-4094-aab0-2aa00681ebef:c2, cf8d3001-8af4-4fc5-b72d-8dcaa9baa2e1:c2]
2019-10-14 13:35:02,056 [Thread-1638] INFO  client.GrpcClientProtocolService (GrpcClientProtocolService.java:lambda$processClientRequest$0(278)) - Failed RaftClientRequest:client-BDA35B1A37A9->192e12c5-d762-43c7-a534-44a4e83d726f@group-5B0C9F4F55BE, cid=68, seq=0, Watch-MAJORITY_COMMITTED(21), Message:<EMPTY>, reply=RaftClientReply:client-BDA35B1A37A9->192e12c5-d762-43c7-a534-44a4e83d726f@group-5B0C9F4F55BE, cid=68, FAILED org.apache.ratis.protocol.NotReplicatedException: Request with call Id 68 and log index 21 is not yet replicated to MAJORITY_COMMITTED, logIndex=21, commits[192e12c5-d762-43c7-a534-44a4e83d726f:c2, 677247a7-29f7-4094-aab0-2aa00681ebef:c2, cf8d3001-8af4-4fc5-b72d-8dcaa9baa2e1:c2]
2019-10-14 13:35:04,244 [grpc-default-executor-8] WARN  server.GrpcLogAppender (LogUtils.java:warn(134)) - 192e12c5-d762-43c7-a534-44a4e83d726f@group-5B0C9F4F55BE->cf8d3001-8af4-4fc5-b72d-8dcaa9baa2e1-AppendLogResponseHandler: Failed appendEntries: org.apache.ratis.thirdparty.io.grpc.StatusRuntimeException: UNAVAILABLE: io exception
2019-10-14 13:35:04,244 [grpc-default-executor-9] WARN  server.GrpcLogAppender (LogUtils.java:warn(134)) - 192e12c5-d762-43c7-a534-44a4e83d726f@group-5B0C9F4F55BE->677247a7-29f7-4094-aab0-2aa00681ebef-AppendLogResponseHandler: Failed appendEntries: org.apache.ratis.thirdparty.io.grpc.StatusRuntimeException: UNAVAILABLE: io exception
2019-10-14 13:35:04,251 [grpc-default-executor-9] INFO  impl.FollowerInfo (FollowerInfo.java:lambda$new$0(51)) - 192e12c5-d762-43c7-a534-44a4e83d726f@group-5B0C9F4F55BE->677247a7-29f7-4094-aab0-2aa00681ebef: nextIndex: updateUnconditionally 0 -> 0
2019-10-14 13:35:04,251 [grpc-default-executor-8] INFO  impl.FollowerInfo (FollowerInfo.java:lambda$new$0(51)) - 192e12c5-d762-43c7-a534-44a4e83d726f@group-5B0C9F4F55BE->cf8d3001-8af4-4fc5-b72d-8dcaa9baa2e1: nextIndex: updateUnconditionally 0 -> 0
2019-10-14 13:35:06,744 [grpc-default-executor-10] WARN  server.GrpcLogAppender (LogUtils.java:warn(134)) - 192e12c5-d762-43c7-a534-44a4e83d726f@group-5B0C9F4F55BE->cf8d3001-8af4-4fc5-b72d-8dcaa9baa2e1-AppendLogResponseHandler: Failed appendEntries: org.apache.ratis.thirdparty.io.grpc.StatusRuntimeException: UNAVAILABLE: io exception
2019-10-14 13:35:06,744 [grpc-default-executor-5] WARN  server.GrpcLogAppender (LogUtils.java:warn(134)) - 192e12c5-d762-43c7-a534-44a4e83d726f@group-5B0C9F4F55BE->677247a7-29f7-4094-aab0-2aa00681ebef-AppendLogResponseHandler: Failed appendEntries: org.apache.ratis.thirdparty.io.grpc.StatusRuntimeException: UNAVAILABLE: io exception
2019-10-14 13:35:06,745 [grpc-default-executor-10] INFO  impl.FollowerInfo (FollowerInfo.java:lambda$new$0(51)) - 192e12c5-d762-43c7-a534-44a4e83d726f@group-5B0C9F4F55BE->cf8d3001-8af4-4fc5-b72d-8dcaa9baa2e1: nextIndex: updateUnconditionally 0 -> 0
2019-10-14 13:35:06,745 [grpc-default-executor-5] INFO  impl.FollowerInfo (FollowerInfo.java:lambda$new$0(51)) - 192e12c5-d762-43c7-a534-44a4e83d726f@group-5B0C9F4F55BE->677247a7-29f7-4094-aab0-2aa00681ebef: nextIndex: updateUnconditionally 0 -> 0
2019-10-14 13:35:09,245 [grpc-default-executor-9] WARN  server.GrpcLogAppender (LogUtils.java:warn(134)) - 192e12c5-d762-43c7-a534-44a4e83d726f@group-5B0C9F4F55BE->677247a7-29f7-4094-aab0-2aa00681ebef-AppendLogResponseHandler: Failed appendEntries: org.apache.ratis.thirdparty.io.grpc.StatusRuntimeException: UNAVAILABLE: io exception
2019-10-14 13:35:09,245 [grpc-default-executor-8] WARN  server.GrpcLogAppender (LogUtils.java:warn(134)) - 192e12c5-d762-43c7-a534-44a4e83d726f@group-5B0C9F4F55BE->cf8d3001-8af4-4fc5-b72d-8dcaa9baa2e1-AppendLogResponseHandler: Failed appendEntries: org.apache.ratis.thirdparty.io.grpc.StatusRuntimeException: UNAVAILABLE: io exception
2019-10-14 13:35:09,245 [grpc-default-executor-9] INFO  impl.FollowerInfo (FollowerInfo.java:lambda$new$0(51)) - 192e12c5-d762-43c7-a534-44a4e83d726f@group-5B0C9F4F55BE->677247a7-29f7-4094-aab0-2aa00681ebef: nextIndex: updateUnconditionally 0 -> 0
2019-10-14 13:35:09,246 [grpc-default-executor-8] INFO  impl.FollowerInfo (FollowerInfo.java:lambda$new$0(51)) - 192e12c5-d762-43c7-a534-44a4e83d726f@group-5B0C9F4F55BE->cf8d3001-8af4-4fc5-b72d-8dcaa9baa2e1: nextIndex: updateUnconditionally 0 -> 0
2019-10-14 13:35:11,746 [grpc-default-executor-8] WARN  server.GrpcLogAppender (LogUtils.java:warn(134)) - 192e12c5-d762-43c7-a534-44a4e83d726f@group-5B0C9F4F55BE->677247a7-29f7-4094-aab0-2aa00681ebef-AppendLogResponseHandler: Failed appendEntries: org.apache.ratis.thirdparty.io.grpc.StatusRuntimeException: UNAVAILABLE: io exception
2019-10-14 13:35:11,746 [grpc-default-executor-1] WARN  server.GrpcLogAppender (LogUtils.java:warn(134)) - 192e12c5-d762-43c7-a534-44a4e83d726f@group-5B0C9F4F55BE->cf8d3001-8af4-4fc5-b72d-8dcaa9baa2e1-AppendLogResponseHandler: Failed appendEntries: org.apache.ratis.thirdparty.io.grpc.StatusRuntimeException: UNAVAILABLE: io exception
2019-10-14 13:35:11,746 [grpc-default-executor-8] INFO  impl.FollowerInfo (FollowerInfo.java:lambda$new$0(51)) - 192e12c5-d762-43c7-a534-44a4e83d726f@group-5B0C9F4F55BE->677247a7-29f7-4094-aab0-2aa00681ebef: nextIndex: updateUnconditionally 0 -> 0
2019-10-14 13:35:11,746 [grpc-default-executor-1] INFO  impl.FollowerInfo (FollowerInfo.java:lambda$new$0(51)) - 192e12c5-d762-43c7-a534-44a4e83d726f@group-5B0C9F4F55BE->cf8d3001-8af4-4fc5-b72d-8dcaa9baa2e1: nextIndex: updateUnconditionally 0 -> 0
]]></system-out>
    <system-err><![CDATA[Oct 14, 2019 1:34:26 PM org.apache.ratis.thirdparty.io.grpc.internal.SerializingExecutor run
SEVERE: Exception while executing runnable org.apache.ratis.thirdparty.io.grpc.internal.ServerImpl$JumpToApplicationThreadServerStreamListener$1Closed@62c36f16
org.apache.ratis.thirdparty.io.grpc.StatusRuntimeException: CANCELLED: call already cancelled
	at org.apache.ratis.thirdparty.io.grpc.Status.asRuntimeException(Status.java:517)
	at org.apache.ratis.thirdparty.io.grpc.stub.ServerCalls$ServerCallStreamObserverImpl.onCompleted(ServerCalls.java:356)
	at org.apache.ratis.grpc.server.GrpcServerProtocolService$ServerRequestStreamObserver.onError(GrpcServerProtocolService.java:121)
	at org.apache.ratis.thirdparty.io.grpc.stub.ServerCalls$StreamingServerCallHandler$StreamingServerCallListener.onCancel(ServerCalls.java:269)
	at org.apache.ratis.thirdparty.io.grpc.internal.ServerCallImpl$ServerStreamListenerImpl.closed(ServerCallImpl.java:293)
	at org.apache.ratis.thirdparty.io.grpc.internal.ServerImpl$JumpToApplicationThreadServerStreamListener$1Closed.runInContext(ServerImpl.java:741)
	at org.apache.ratis.thirdparty.io.grpc.internal.ContextRunnable.run(ContextRunnable.java:37)
	at org.apache.ratis.thirdparty.io.grpc.internal.SerializingExecutor.run(SerializingExecutor.java:123)
	at java.util.concurrent.ThreadPoolExecutor.runWorker(ThreadPoolExecutor.java:1149)
	at java.util.concurrent.ThreadPoolExecutor$Worker.run(ThreadPoolExecutor.java:624)
	at java.lang.Thread.run(Thread.java:748)

Oct 14, 2019 1:34:31 PM org.apache.ratis.thirdparty.io.grpc.internal.SerializingExecutor run
SEVERE: Exception while executing runnable org.apache.ratis.thirdparty.io.grpc.internal.ServerImpl$JumpToApplicationThreadServerStreamListener$1Closed@75611ff9
org.apache.ratis.thirdparty.io.grpc.StatusRuntimeException: CANCELLED: call already cancelled
	at org.apache.ratis.thirdparty.io.grpc.Status.asRuntimeException(Status.java:517)
	at org.apache.ratis.thirdparty.io.grpc.stub.ServerCalls$ServerCallStreamObserverImpl.onCompleted(ServerCalls.java:356)
	at org.apache.ratis.grpc.server.GrpcServerProtocolService$ServerRequestStreamObserver.onError(GrpcServerProtocolService.java:121)
	at org.apache.ratis.thirdparty.io.grpc.stub.ServerCalls$StreamingServerCallHandler$StreamingServerCallListener.onCancel(ServerCalls.java:269)
	at org.apache.ratis.thirdparty.io.grpc.internal.ServerCallImpl$ServerStreamListenerImpl.closed(ServerCallImpl.java:293)
	at org.apache.ratis.thirdparty.io.grpc.internal.ServerImpl$JumpToApplicationThreadServerStreamListener$1Closed.runInContext(ServerImpl.java:741)
	at org.apache.ratis.thirdparty.io.grpc.internal.ContextRunnable.run(ContextRunnable.java:37)
	at org.apache.ratis.thirdparty.io.grpc.internal.SerializingExecutor.run(SerializingExecutor.java:123)
	at java.util.concurrent.ThreadPoolExecutor.runWorker(ThreadPoolExecutor.java:1149)
	at java.util.concurrent.ThreadPoolExecutor$Worker.run(ThreadPoolExecutor.java:624)
	at java.lang.Thread.run(Thread.java:748)

]]></system-err>
  </testcase>
  <testcase name="testWatchForCommitForGroupMismatchException" classname="org.apache.hadoop.ozone.client.rpc.TestWatchForCommit" time="32.607"/>
  <testcase name="test2WayCommitForTimeoutException" classname="org.apache.hadoop.ozone.client.rpc.TestWatchForCommit" time="22.6">
    <error type="java.util.concurrent.TimeoutException">java.util.concurrent.TimeoutException
	at java.util.concurrent.CompletableFuture.timedGet(CompletableFuture.java:1771)
	at java.util.concurrent.CompletableFuture.get(CompletableFuture.java:1915)
	at org.apache.hadoop.hdds.scm.XceiverClientRatis.watchForCommit(XceiverClientRatis.java:298)
	at org.apache.hadoop.ozone.client.rpc.TestWatchForCommit.test2WayCommitForTimeoutException(TestWatchForCommit.java:391)
	at sun.reflect.NativeMethodAccessorImpl.invoke0(Native Method)
	at sun.reflect.NativeMethodAccessorImpl.invoke(NativeMethodAccessorImpl.java:62)
	at sun.reflect.DelegatingMethodAccessorImpl.invoke(DelegatingMethodAccessorImpl.java:43)
	at java.lang.reflect.Method.invoke(Method.java:498)
	at org.junit.runners.model.FrameworkMethod$1.runReflectiveCall(FrameworkMethod.java:47)
	at org.junit.internal.runners.model.ReflectiveCallable.run(ReflectiveCallable.java:12)
	at org.junit.runners.model.FrameworkMethod.invokeExplosively(FrameworkMethod.java:44)
	at org.junit.internal.runners.statements.InvokeMethod.evaluate(InvokeMethod.java:17)
	at org.junit.runners.ParentRunner.runLeaf(ParentRunner.java:271)
	at org.junit.runners.BlockJUnit4ClassRunner.runChild(BlockJUnit4ClassRunner.java:70)
	at org.junit.runners.BlockJUnit4ClassRunner.runChild(BlockJUnit4ClassRunner.java:50)
	at org.junit.runners.ParentRunner$3.run(ParentRunner.java:238)
	at org.junit.runners.ParentRunner$1.schedule(ParentRunner.java:63)
	at org.junit.runners.ParentRunner.runChildren(ParentRunner.java:236)
	at org.junit.runners.ParentRunner.access$000(ParentRunner.java:53)
	at org.junit.runners.ParentRunner$2.evaluate(ParentRunner.java:229)
	at org.junit.runners.ParentRunner.run(ParentRunner.java:309)
	at org.apache.maven.surefire.junit4.JUnit4Provider.execute(JUnit4Provider.java:365)
	at org.apache.maven.surefire.junit4.JUnit4Provider.executeWithRerun(JUnit4Provider.java:273)
	at org.apache.maven.surefire.junit4.JUnit4Provider.executeTestSet(JUnit4Provider.java:238)
	at org.apache.maven.surefire.junit4.JUnit4Provider.invoke(JUnit4Provider.java:159)
	at org.apache.maven.surefire.booter.ForkedBooter.invokeProviderInSameClassLoader(ForkedBooter.java:384)
	at org.apache.maven.surefire.booter.ForkedBooter.runSuitesInProcess(ForkedBooter.java:345)
	at org.apache.maven.surefire.booter.ForkedBooter.execute(ForkedBooter.java:126)
	at org.apache.maven.surefire.booter.ForkedBooter.main(ForkedBooter.java:418)
</error>
    <system-out><![CDATA[2019-10-14 13:35:44,625 [main] WARN  server.ServerUtils (ServerUtils.java:getScmDbDir(145)) - ozone.scm.db.dirs is not configured. We recommend adding this setting. Falling back to ozone.metadata.dirs instead.
2019-10-14 13:35:44,640 [main] WARN  server.ServerUtils (ServerUtils.java:getScmDbDir(145)) - ozone.scm.db.dirs is not configured. We recommend adding this setting. Falling back to ozone.metadata.dirs instead.
2019-10-14 13:35:44,641 [main] WARN  server.ServerUtils (ServerUtils.java:getScmDbDir(145)) - ozone.scm.db.dirs is not configured. We recommend adding this setting. Falling back to ozone.metadata.dirs instead.
2019-10-14 13:35:44,642 [main] INFO  db.DBStoreBuilder (DBStoreBuilder.java:addTable(117)) - using custom profile for table: deletedBlocks
2019-10-14 13:35:44,642 [main] INFO  db.DBStoreBuilder (DBStoreBuilder.java:processTables(168)) - Using default column profile:DBProfile.DISK for Table:deletedBlocks
2019-10-14 13:35:44,642 [main] INFO  db.DBStoreBuilder (DBStoreBuilder.java:addTable(117)) - using custom profile for table: validCerts
2019-10-14 13:35:44,642 [main] INFO  db.DBStoreBuilder (DBStoreBuilder.java:processTables(168)) - Using default column profile:DBProfile.DISK for Table:validCerts
2019-10-14 13:35:44,642 [main] INFO  db.DBStoreBuilder (DBStoreBuilder.java:addTable(117)) - using custom profile for table: revokedCerts
2019-10-14 13:35:44,643 [main] INFO  db.DBStoreBuilder (DBStoreBuilder.java:processTables(168)) - Using default column profile:DBProfile.DISK for Table:revokedCerts
2019-10-14 13:35:44,643 [main] INFO  db.DBStoreBuilder (DBStoreBuilder.java:addTable(117)) - using custom profile for table: default
2019-10-14 13:35:44,643 [main] INFO  db.DBStoreBuilder (DBStoreBuilder.java:processTables(174)) - Using default column profile:DBProfile.DISK for Table:default
2019-10-14 13:35:44,643 [main] INFO  db.DBStoreBuilder (DBStoreBuilder.java:getDbProfile(205)) - Using default options. DBProfile.DISK
2019-10-14 13:35:44,817 [main] INFO  net.NodeSchemaLoader (NodeSchemaLoader.java:loadSchemaFromFile(125)) - Loading file from sun.misc.CompoundEnumeration@15d114ce
2019-10-14 13:35:44,817 [main] INFO  net.NodeSchemaLoader (NodeSchemaLoader.java:loadSchema(171)) - Loading network topology layer schema file
2019-10-14 13:35:44,822 [main] WARN  server.ServerUtils (ServerUtils.java:sanitizeUserArgs(70)) - ozone.scm.stale.node.interval value = 300000 is larger than max = 100000 based on the key value of ozone.scm.heartbeat.thread.interval, reset to the max value 100000.
2019-10-14 13:35:44,822 [main] WARN  server.ServerUtils (ServerUtils.java:sanitizeUserArgs(70)) - ozone.scm.stale.node.interval value = 300000 is larger than max = 100000 based on the key value of ozone.scm.heartbeat.thread.interval, reset to the max value 100000.
2019-10-14 13:35:44,823 [main] INFO  node.SCMNodeManager (SCMNodeManager.java:<init>(117)) - Entering startup safe mode.
2019-10-14 13:35:44,824 [main] INFO  algorithms.ContainerPlacementPolicyFactory (ContainerPlacementPolicyFactory.java:getPolicy(57)) - Create container placement policy of type org.apache.hadoop.hdds.scm.container.placement.algorithms.SCMContainerPlacementRandom
2019-10-14 13:35:44,824 [main] WARN  server.ServerUtils (ServerUtils.java:getScmDbDir(145)) - ozone.scm.db.dirs is not configured. We recommend adding this setting. Falling back to ozone.metadata.dirs instead.
2019-10-14 13:35:44,872 [main] INFO  pipeline.SCMPipelineManager (SCMPipelineManager.java:initializePipelineState(132)) - No pipeline exists in current db
2019-10-14 13:35:44,872 [main] WARN  server.ServerUtils (ServerUtils.java:getScmDbDir(145)) - ozone.scm.db.dirs is not configured. We recommend adding this setting. Falling back to ozone.metadata.dirs instead.
2019-10-14 13:35:44,933 [main] WARN  events.EventQueue (EventQueue.java:fireEvent(183)) - No event handler registered for event TypedEvent{payloadType=SafeModeStatus, name='SafeModeStatus'}
2019-10-14 13:35:44,934 [main] INFO  ipc.CallQueueManager (CallQueueManager.java:<init>(84)) - Using callQueue: class java.util.concurrent.LinkedBlockingQueue, queueCapacity: 2000, scheduler: class org.apache.hadoop.ipc.DefaultRpcScheduler, ipcBackoff: false.
2019-10-14 13:35:44,935 [Socket Reader #1 for port 42219] INFO  ipc.Server (Server.java:run(1074)) - Starting Socket Reader #1 for port 42219
2019-10-14 13:35:44,946 [main] INFO  ipc.CallQueueManager (CallQueueManager.java:<init>(84)) - Using callQueue: class java.util.concurrent.LinkedBlockingQueue, queueCapacity: 2000, scheduler: class org.apache.hadoop.ipc.DefaultRpcScheduler, ipcBackoff: false.
2019-10-14 13:35:44,946 [Socket Reader #1 for port 38412] INFO  ipc.Server (Server.java:run(1074)) - Starting Socket Reader #1 for port 38412
2019-10-14 13:35:44,949 [main] INFO  ipc.CallQueueManager (CallQueueManager.java:<init>(84)) - Using callQueue: class java.util.concurrent.LinkedBlockingQueue, queueCapacity: 2000, scheduler: class org.apache.hadoop.ipc.DefaultRpcScheduler, ipcBackoff: false.
2019-10-14 13:35:44,950 [Socket Reader #1 for port 42031] INFO  ipc.Server (Server.java:run(1074)) - Starting Socket Reader #1 for port 42031
2019-10-14 13:35:44,954 [main] INFO  hdfs.DFSUtil (DFSUtil.java:httpServerTemplateForNNAndJN(1641)) - Starting Web-server for scm at: http://0.0.0.0:0
2019-10-14 13:35:44,956 [main] INFO  server.AuthenticationFilter (AuthenticationFilter.java:constructSecretProvider(240)) - Unable to initialize FileSignerSecretProvider, falling back to use random secrets.
2019-10-14 13:35:44,957 [main] WARN  http.HttpRequestLog (HttpRequestLog.java:getRequestLog(97)) - Jetty request log can only be enabled using Log4j
2019-10-14 13:35:44,959 [main] INFO  http.HttpServer2 (HttpServer2.java:addGlobalFilter(975)) - Added global filter 'safety' (class=org.apache.hadoop.http.HttpServer2$QuotingInputFilter)
2019-10-14 13:35:44,960 [main] INFO  http.HttpServer2 (HttpServer2.java:addFilter(948)) - Added filter static_user_filter (class=org.apache.hadoop.http.lib.StaticUserWebFilter$StaticUserFilter) to context scm
2019-10-14 13:35:44,960 [main] INFO  http.HttpServer2 (HttpServer2.java:addFilter(958)) - Added filter static_user_filter (class=org.apache.hadoop.http.lib.StaticUserWebFilter$StaticUserFilter) to context logs
2019-10-14 13:35:44,960 [main] INFO  http.HttpServer2 (HttpServer2.java:addFilter(958)) - Added filter static_user_filter (class=org.apache.hadoop.http.lib.StaticUserWebFilter$StaticUserFilter) to context static
2019-10-14 13:35:44,962 [main] INFO  server.StorageContainerManager (StorageContainerManager.java:start(775)) - StorageContainerLocationProtocol RPC server is listening at /0.0.0.0:42031
2019-10-14 13:35:44,965 [main] WARN  impl.MetricsConfig (MetricsConfig.java:loadFirst(134)) - Cannot locate configuration: tried hadoop-metrics2-storagecontainermanager.properties,hadoop-metrics2.properties
2019-10-14 13:35:44,966 [main] INFO  impl.MetricsSystemImpl (MetricsSystemImpl.java:startTimer(374)) - Scheduled Metric snapshot period at 10 second(s).
2019-10-14 13:35:44,966 [main] INFO  impl.MetricsSystemImpl (MetricsSystemImpl.java:start(191)) - StorageContainerManager metrics system started
2019-10-14 13:35:45,268 [main] WARN  impl.MetricsSystemImpl (MetricsSystemImpl.java:register(276)) - Sink prometheus already exists!
2019-10-14 13:35:45,525 [main] INFO  server.SCMClientProtocolServer (SCMClientProtocolServer.java:start(159)) - RPC server for Client  is listening at /0.0.0.0:42031
2019-10-14 13:35:45,525 [IPC Server Responder] INFO  ipc.Server (Server.java:run(1314)) - IPC Server Responder: starting
2019-10-14 13:35:45,526 [IPC Server listener on 42031] INFO  ipc.Server (Server.java:run(1153)) - IPC Server listener on 42031: starting
2019-10-14 13:35:45,537 [main] INFO  server.StorageContainerManager (StorageContainerManager.java:start(785)) - ScmBlockLocationProtocol RPC server is listening at /0.0.0.0:38412
2019-10-14 13:35:45,537 [main] INFO  server.SCMBlockProtocolServer (SCMBlockProtocolServer.java:start(146)) - RPC server for Block Protocol is listening at /0.0.0.0:38412
2019-10-14 13:35:45,538 [IPC Server Responder] INFO  ipc.Server (Server.java:run(1314)) - IPC Server Responder: starting
2019-10-14 13:35:45,539 [IPC Server listener on 38412] INFO  ipc.Server (Server.java:run(1153)) - IPC Server listener on 38412: starting
2019-10-14 13:35:45,542 [main] INFO  server.StorageContainerManager (StorageContainerManager.java:start(789)) - ScmDatanodeProtocl RPC server is listening at /0.0.0.0:42219
2019-10-14 13:35:45,542 [main] INFO  server.SCMDatanodeProtocolServer (SCMDatanodeProtocolServer.java:start(169)) - RPC server for DataNodes is listening at /0.0.0.0:42219
2019-10-14 13:35:45,542 [IPC Server Responder] INFO  ipc.Server (Server.java:run(1314)) - IPC Server Responder: starting
2019-10-14 13:35:45,542 [IPC Server listener on 42219] INFO  ipc.Server (Server.java:run(1153)) - IPC Server listener on 42219: starting
2019-10-14 13:35:45,546 [main] INFO  http.HttpServer2 (HttpServer2.java:bindListener(1191)) - Jetty bound to port 46444
2019-10-14 13:35:45,547 [main] INFO  server.Server (Server.java:doStart(351)) - jetty-9.3.25.v20180904, build timestamp: 2018-09-04T21:11:46Z, git hash: 3ce520221d0240229c862b122d2b06c12a625732
2019-10-14 13:35:45,548 [main] INFO  handler.ContextHandler (ContextHandler.java:doStart(781)) - Started o.e.j.s.ServletContextHandler@111c229c{/logs,file:///workdir/hadoop-ozone/integration-test/target/log,AVAILABLE}
2019-10-14 13:35:45,549 [main] INFO  handler.ContextHandler (ContextHandler.java:doStart(781)) - Started o.e.j.s.ServletContextHandler@1a14fdf0{/static,file:///workdir/hadoop-ozone/integration-test/target/test-classes/webapps/static,AVAILABLE}
2019-10-14 13:35:45,552 [main] INFO  handler.ContextHandler (ContextHandler.java:doStart(781)) - Started o.e.j.w.WebAppContext@391d1e33{/,file:///workdir/hadoop-ozone/integration-test/target/test-classes/webapps/scm/,AVAILABLE}{/scm}
2019-10-14 13:35:45,552 [main] INFO  server.AbstractConnector (AbstractConnector.java:doStart(278)) - Started ServerConnector@66f16742{HTTP/1.1,[http/1.1]}{0.0.0.0:46444}
2019-10-14 13:35:45,554 [main] INFO  server.Server (Server.java:doStart(419)) - Started @221724ms
2019-10-14 13:35:45,554 [main] WARN  impl.MetricsSystemImpl (MetricsSystemImpl.java:register(276)) - Sink prometheus already exists!
2019-10-14 13:35:45,555 [main] INFO  server.BaseHttpServer (BaseHttpServer.java:updateConnectorAddress(215)) - HTTP server of SCM is listening at http://0.0.0.0:46444
2019-10-14 13:35:45,557 [main] WARN  server.ServerUtils (ServerUtils.java:getDBPath(222)) - ozone.om.db.dirs is not configured. We recommend adding this setting. Falling back to ozone.metadata.dirs instead.
2019-10-14 13:35:45,557 [org.apache.hadoop.util.JvmPauseMonitor$Monitor@3c54ddec] INFO  util.JvmPauseMonitor (JvmPauseMonitor.java:run(188)) - Starting JVM pause monitor
2019-10-14 13:35:45,570 [main] INFO  ha.OMHANodeDetails (OMHANodeDetails.java:loadOMHAConfig(190)) - Configuration either no ozone.om.address set. Falling back to the default OM address /127.0.0.1:0
2019-10-14 13:35:45,570 [main] INFO  ha.OMHANodeDetails (OMHANodeDetails.java:getOMNodeDetails(220)) - OM Service ID is not set. Setting it to the default ID: omServiceIdDefault
2019-10-14 13:35:45,571 [main] WARN  server.ServerUtils (ServerUtils.java:getDBPath(222)) - ozone.om.db.dirs is not configured. We recommend adding this setting. Falling back to ozone.metadata.dirs instead.
2019-10-14 13:35:45,571 [main] WARN  server.ServerUtils (ServerUtils.java:getDBPath(222)) - ozone.om.db.dirs is not configured. We recommend adding this setting. Falling back to ozone.metadata.dirs instead.
2019-10-14 13:35:45,580 [main] WARN  server.ServerUtils (ServerUtils.java:getDBPath(222)) - ozone.om.db.dirs is not configured. We recommend adding this setting. Falling back to ozone.metadata.dirs instead.
2019-10-14 13:35:45,581 [main] INFO  db.DBStoreBuilder (DBStoreBuilder.java:addTable(117)) - using custom profile for table: userTable
2019-10-14 13:35:45,581 [main] INFO  db.DBStoreBuilder (DBStoreBuilder.java:processTables(168)) - Using default column profile:DBProfile.DISK for Table:userTable
2019-10-14 13:35:45,581 [main] INFO  db.DBStoreBuilder (DBStoreBuilder.java:addTable(117)) - using custom profile for table: volumeTable
2019-10-14 13:35:45,581 [main] INFO  db.DBStoreBuilder (DBStoreBuilder.java:processTables(168)) - Using default column profile:DBProfile.DISK for Table:volumeTable
2019-10-14 13:35:45,582 [main] INFO  db.DBStoreBuilder (DBStoreBuilder.java:addTable(117)) - using custom profile for table: bucketTable
2019-10-14 13:35:45,582 [main] INFO  db.DBStoreBuilder (DBStoreBuilder.java:processTables(168)) - Using default column profile:DBProfile.DISK for Table:bucketTable
2019-10-14 13:35:45,582 [main] INFO  db.DBStoreBuilder (DBStoreBuilder.java:addTable(117)) - using custom profile for table: keyTable
2019-10-14 13:35:45,582 [main] INFO  db.DBStoreBuilder (DBStoreBuilder.java:processTables(168)) - Using default column profile:DBProfile.DISK for Table:keyTable
2019-10-14 13:35:45,582 [main] INFO  db.DBStoreBuilder (DBStoreBuilder.java:addTable(117)) - using custom profile for table: deletedTable
2019-10-14 13:35:45,582 [main] INFO  db.DBStoreBuilder (DBStoreBuilder.java:processTables(168)) - Using default column profile:DBProfile.DISK for Table:deletedTable
2019-10-14 13:35:45,582 [main] INFO  db.DBStoreBuilder (DBStoreBuilder.java:addTable(117)) - using custom profile for table: openKeyTable
2019-10-14 13:35:45,583 [main] INFO  db.DBStoreBuilder (DBStoreBuilder.java:processTables(168)) - Using default column profile:DBProfile.DISK for Table:openKeyTable
2019-10-14 13:35:45,583 [main] INFO  db.DBStoreBuilder (DBStoreBuilder.java:addTable(117)) - using custom profile for table: s3Table
2019-10-14 13:35:45,583 [main] INFO  db.DBStoreBuilder (DBStoreBuilder.java:processTables(168)) - Using default column profile:DBProfile.DISK for Table:s3Table
2019-10-14 13:35:45,583 [main] INFO  db.DBStoreBuilder (DBStoreBuilder.java:addTable(117)) - using custom profile for table: multipartInfoTable
2019-10-14 13:35:45,583 [main] INFO  db.DBStoreBuilder (DBStoreBuilder.java:processTables(168)) - Using default column profile:DBProfile.DISK for Table:multipartInfoTable
2019-10-14 13:35:45,583 [main] INFO  db.DBStoreBuilder (DBStoreBuilder.java:addTable(117)) - using custom profile for table: dTokenTable
2019-10-14 13:35:45,583 [main] INFO  db.DBStoreBuilder (DBStoreBuilder.java:processTables(168)) - Using default column profile:DBProfile.DISK for Table:dTokenTable
2019-10-14 13:35:45,584 [main] INFO  db.DBStoreBuilder (DBStoreBuilder.java:addTable(117)) - using custom profile for table: s3SecretTable
2019-10-14 13:35:45,584 [main] INFO  db.DBStoreBuilder (DBStoreBuilder.java:processTables(168)) - Using default column profile:DBProfile.DISK for Table:s3SecretTable
2019-10-14 13:35:45,584 [main] INFO  db.DBStoreBuilder (DBStoreBuilder.java:addTable(117)) - using custom profile for table: prefixTable
2019-10-14 13:35:45,584 [main] INFO  db.DBStoreBuilder (DBStoreBuilder.java:processTables(168)) - Using default column profile:DBProfile.DISK for Table:prefixTable
2019-10-14 13:35:45,584 [main] INFO  db.DBStoreBuilder (DBStoreBuilder.java:addTable(117)) - using custom profile for table: default
2019-10-14 13:35:45,584 [main] INFO  db.DBStoreBuilder (DBStoreBuilder.java:processTables(174)) - Using default column profile:DBProfile.DISK for Table:default
2019-10-14 13:35:45,584 [main] INFO  db.DBStoreBuilder (DBStoreBuilder.java:getDbProfile(205)) - Using default options. DBProfile.DISK
2019-10-14 13:35:46,056 [main] INFO  ipc.CallQueueManager (CallQueueManager.java:<init>(84)) - Using callQueue: class java.util.concurrent.LinkedBlockingQueue, queueCapacity: 2000, scheduler: class org.apache.hadoop.ipc.DefaultRpcScheduler, ipcBackoff: false.
2019-10-14 13:35:46,057 [Socket Reader #1 for port 37198] INFO  ipc.Server (Server.java:run(1074)) - Starting Socket Reader #1 for port 37198
2019-10-14 13:35:46,068 [main] INFO  om.OzoneManager (OzoneManager.java:start(1069)) - OzoneManager RPC server is listening at localhost/127.0.0.1:37198
2019-10-14 13:35:46,068 [main] INFO  impl.MetricsSystemImpl (MetricsSystemImpl.java:init(158)) - OzoneManager metrics system started (again)
2019-10-14 13:35:46,069 [IPC Server Responder] INFO  ipc.Server (Server.java:run(1314)) - IPC Server Responder: starting
2019-10-14 13:35:46,069 [IPC Server listener on 37198] INFO  ipc.Server (Server.java:run(1153)) - IPC Server listener on 37198: starting
2019-10-14 13:35:46,081 [main] INFO  hdfs.DFSUtil (DFSUtil.java:httpServerTemplateForNNAndJN(1641)) - Starting Web-server for ozoneManager at: http://0.0.0.0:0
2019-10-14 13:35:46,082 [main] INFO  server.AuthenticationFilter (AuthenticationFilter.java:constructSecretProvider(240)) - Unable to initialize FileSignerSecretProvider, falling back to use random secrets.
2019-10-14 13:35:46,082 [main] WARN  http.HttpRequestLog (HttpRequestLog.java:getRequestLog(97)) - Jetty request log can only be enabled using Log4j
2019-10-14 13:35:46,084 [main] INFO  http.HttpServer2 (HttpServer2.java:addGlobalFilter(975)) - Added global filter 'safety' (class=org.apache.hadoop.http.HttpServer2$QuotingInputFilter)
2019-10-14 13:35:46,084 [main] INFO  http.HttpServer2 (HttpServer2.java:addFilter(948)) - Added filter static_user_filter (class=org.apache.hadoop.http.lib.StaticUserWebFilter$StaticUserFilter) to context ozoneManager
2019-10-14 13:35:46,084 [main] INFO  http.HttpServer2 (HttpServer2.java:addFilter(958)) - Added filter static_user_filter (class=org.apache.hadoop.http.lib.StaticUserWebFilter$StaticUserFilter) to context static
2019-10-14 13:35:46,084 [main] INFO  http.HttpServer2 (HttpServer2.java:addFilter(958)) - Added filter static_user_filter (class=org.apache.hadoop.http.lib.StaticUserWebFilter$StaticUserFilter) to context logs
2019-10-14 13:35:46,085 [main] INFO  http.HttpServer2 (HttpServer2.java:bindListener(1191)) - Jetty bound to port 41257
2019-10-14 13:35:46,085 [main] INFO  server.Server (Server.java:doStart(351)) - jetty-9.3.25.v20180904, build timestamp: 2018-09-04T21:11:46Z, git hash: 3ce520221d0240229c862b122d2b06c12a625732
2019-10-14 13:35:46,086 [main] INFO  handler.ContextHandler (ContextHandler.java:doStart(781)) - Started o.e.j.s.ServletContextHandler@437ed416{/logs,file:///workdir/hadoop-ozone/integration-test/target/log,AVAILABLE}
2019-10-14 13:35:46,087 [main] INFO  handler.ContextHandler (ContextHandler.java:doStart(781)) - Started o.e.j.s.ServletContextHandler@de77146{/static,file:///workdir/hadoop-ozone/integration-test/target/test-classes/webapps/static,AVAILABLE}
2019-10-14 13:35:46,090 [main] INFO  handler.ContextHandler (ContextHandler.java:doStart(781)) - Started o.e.j.w.WebAppContext@71936a92{/,file:///workdir/hadoop-ozone/integration-test/target/test-classes/webapps/ozoneManager/,AVAILABLE}{/ozoneManager}
2019-10-14 13:35:46,090 [main] INFO  server.AbstractConnector (AbstractConnector.java:doStart(278)) - Started ServerConnector@61359e87{HTTP/1.1,[http/1.1]}{0.0.0.0:41257}
2019-10-14 13:35:46,092 [main] INFO  server.Server (Server.java:doStart(419)) - Started @222261ms
2019-10-14 13:35:46,092 [main] WARN  impl.MetricsSystemImpl (MetricsSystemImpl.java:register(276)) - Sink prometheus already exists!
2019-10-14 13:35:46,093 [main] INFO  server.BaseHttpServer (BaseHttpServer.java:updateConnectorAddress(215)) - HTTP server of OZONEMANAGER is listening at http://0.0.0.0:41257
2019-10-14 13:35:46,106 [main] INFO  impl.MetricsSystemImpl (MetricsSystemImpl.java:init(158)) - HddsDatanode metrics system started (again)
2019-10-14 13:35:46,122 [main] INFO  ozone.HddsDatanodeService (HddsDatanodeService.java:start(184)) - HddsDatanodeService host:pr-hdds-2196-2-8n2dq-3116116325 ip:192.168.151.106
2019-10-14 13:35:46,130 [main] INFO  volume.HddsVolume (HddsVolume.java:<init>(176)) - Creating Volume: /workdir/hadoop-ozone/integration-test/target/test-dir/MiniOzoneClusterImpl-e2ae5675-c21e-42f7-8419-fc156bd6edda/datanode-0/data/containers/hdds of  storage type : DISK and capacity : 1482555576320
2019-10-14 13:35:46,131 [main] INFO  volume.VolumeSet (VolumeSet.java:initializeVolumeSet(170)) - Added Volume : /workdir/hadoop-ozone/integration-test/target/test-dir/MiniOzoneClusterImpl-e2ae5675-c21e-42f7-8419-fc156bd6edda/datanode-0/data/containers/hdds to VolumeSet
2019-10-14 13:35:46,131 [main] INFO  volume.ThrottledAsyncChecker (ThrottledAsyncChecker.java:schedule(139)) - Scheduling a check for org.apache.hadoop.ozone.container.common.volume.HddsVolume@8641b7d
2019-10-14 13:35:46,131 [main] INFO  volume.HddsVolumeChecker (HddsVolumeChecker.java:checkAllVolumes(202)) - Scheduled health check for volume org.apache.hadoop.ozone.container.common.volume.HddsVolume@8641b7d
2019-10-14 13:35:46,154 [main] INFO  impl.RaftServerProxy (ConfUtils.java:logGet(43)) - raft.rpc.type = GRPC (default)
2019-10-14 13:35:46,155 [main] INFO  grpc.GrpcFactory (GrpcFactory.java:checkPooledByteBufAllocatorUseCacheForAllThreads(45)) - PERFORMANCE WARNING: useCacheForAllThreads is true that may cause Netty to create a lot garbage objects and, as a result, trigger GC.
	It is recommended to disable useCacheForAllThreads by setting -Dorg.apache.ratis.thirdparty.io.netty.allocator.useCacheForAllThreads=false in command line.
2019-10-14 13:35:46,155 [main] INFO  grpc.GrpcConfigKeys$Server (ConfUtils.java:logGet(43)) - raft.grpc.server.port = 0 (default)
2019-10-14 13:35:46,155 [main] INFO  server.GrpcService (ConfUtils.java:logGet(43)) - raft.grpc.message.size.max = 33570816 (custom)
2019-10-14 13:35:46,155 [main] INFO  server.RaftServerConfigKeys (ConfUtils.java:logGet(43)) - raft.server.log.appender.buffer.byte-limit = 33554432 (custom)
2019-10-14 13:35:46,156 [main] INFO  server.GrpcService (ConfUtils.java:logGet(43)) - raft.grpc.flow.control.window = 1MB (=1048576) (default)
2019-10-14 13:35:46,156 [main] INFO  server.RaftServerConfigKeys (ConfUtils.java:logGet(43)) - raft.server.rpc.request.timeout = 3000ms (default)
2019-10-14 13:35:46,157 [main] INFO  server.RaftServerConfigKeys (ConfUtils.java:logGet(43)) - raft.server.storage.dir = [/workdir/hadoop-ozone/integration-test/target/test-dir/MiniOzoneClusterImpl-e2ae5675-c21e-42f7-8419-fc156bd6edda/datanode-0/data/ratis] (custom)
2019-10-14 13:35:46,159 [main] INFO  hdfs.DFSUtil (DFSUtil.java:httpServerTemplateForNNAndJN(1641)) - Starting Web-server for hddsDatanode at: http://0.0.0.0:0
2019-10-14 13:35:46,160 [main] INFO  server.AuthenticationFilter (AuthenticationFilter.java:constructSecretProvider(240)) - Unable to initialize FileSignerSecretProvider, falling back to use random secrets.
2019-10-14 13:35:46,161 [main] WARN  http.HttpRequestLog (HttpRequestLog.java:getRequestLog(97)) - Jetty request log can only be enabled using Log4j
2019-10-14 13:35:46,162 [main] INFO  http.HttpServer2 (HttpServer2.java:addGlobalFilter(975)) - Added global filter 'safety' (class=org.apache.hadoop.http.HttpServer2$QuotingInputFilter)
2019-10-14 13:35:46,163 [main] INFO  http.HttpServer2 (HttpServer2.java:addFilter(948)) - Added filter static_user_filter (class=org.apache.hadoop.http.lib.StaticUserWebFilter$StaticUserFilter) to context hddsDatanode
2019-10-14 13:35:46,163 [main] INFO  http.HttpServer2 (HttpServer2.java:addFilter(958)) - Added filter static_user_filter (class=org.apache.hadoop.http.lib.StaticUserWebFilter$StaticUserFilter) to context logs
2019-10-14 13:35:46,163 [main] INFO  http.HttpServer2 (HttpServer2.java:addFilter(958)) - Added filter static_user_filter (class=org.apache.hadoop.http.lib.StaticUserWebFilter$StaticUserFilter) to context static
2019-10-14 13:35:46,164 [main] INFO  http.HttpServer2 (HttpServer2.java:bindListener(1191)) - Jetty bound to port 37285
2019-10-14 13:35:46,164 [main] INFO  server.Server (Server.java:doStart(351)) - jetty-9.3.25.v20180904, build timestamp: 2018-09-04T21:11:46Z, git hash: 3ce520221d0240229c862b122d2b06c12a625732
2019-10-14 13:35:46,165 [main] INFO  handler.ContextHandler (ContextHandler.java:doStart(781)) - Started o.e.j.s.ServletContextHandler@6629643d{/logs,file:///workdir/hadoop-ozone/integration-test/target/log,AVAILABLE}
2019-10-14 13:35:46,166 [main] INFO  handler.ContextHandler (ContextHandler.java:doStart(781)) - Started o.e.j.s.ServletContextHandler@64656b9e{/static,jar:file:/home/user/.m2/repository/org/apache/hadoop/hadoop-hdds-container-service/0.5.0-SNAPSHOT/hadoop-hdds-container-service-0.5.0-SNAPSHOT.jar!/webapps/static,AVAILABLE}
2019-10-14 13:35:46,192 [main] INFO  handler.ContextHandler (ContextHandler.java:doStart(781)) - Started o.e.j.w.WebAppContext@1a914089{/,file:///tmp/jetty-0.0.0.0-37285-hddsDatanode-_-any-2659045163836295429.dir/webapp/,AVAILABLE}{/hddsDatanode}
2019-10-14 13:35:46,193 [main] INFO  server.AbstractConnector (AbstractConnector.java:doStart(278)) - Started ServerConnector@43d76a92{HTTP/1.1,[http/1.1]}{0.0.0.0:37285}
2019-10-14 13:35:46,193 [main] INFO  server.Server (Server.java:doStart(419)) - Started @222363ms
2019-10-14 13:35:46,193 [main] WARN  impl.MetricsSystemImpl (MetricsSystemImpl.java:register(276)) - Sink prometheus already exists!
2019-10-14 13:35:46,198 [main] INFO  server.BaseHttpServer (BaseHttpServer.java:updateConnectorAddress(215)) - HTTP server of HDDSDATANODE is listening at http://0.0.0.0:37285
2019-10-14 13:35:46,199 [main] INFO  impl.MetricsSystemImpl (MetricsSystemImpl.java:init(158)) - HddsDatanode metrics system started (again)
2019-10-14 13:35:46,215 [org.apache.hadoop.util.JvmPauseMonitor$Monitor@c097d0d] INFO  util.JvmPauseMonitor (JvmPauseMonitor.java:run(188)) - Starting JVM pause monitor
2019-10-14 13:35:46,216 [Datanode State Machine Thread - 0] INFO  datanode.InitDatanodeState (InitDatanodeState.java:persistContainerDatanodeDetails(140)) - DatanodeDetails is persisted to /workdir/hadoop-ozone/integration-test/target/test-dir/MiniOzoneClusterImpl-e2ae5675-c21e-42f7-8419-fc156bd6edda/datanode-0/meta/datanode.id
2019-10-14 13:35:46,216 [main] INFO  ozone.HddsDatanodeService (HddsDatanodeService.java:start(184)) - HddsDatanodeService host:pr-hdds-2196-2-8n2dq-3116116325 ip:192.168.151.106
2019-10-14 13:35:46,223 [main] INFO  volume.HddsVolume (HddsVolume.java:<init>(176)) - Creating Volume: /workdir/hadoop-ozone/integration-test/target/test-dir/MiniOzoneClusterImpl-e2ae5675-c21e-42f7-8419-fc156bd6edda/datanode-1/data/containers/hdds of  storage type : DISK and capacity : 1482555576320
2019-10-14 13:35:46,224 [main] INFO  volume.VolumeSet (VolumeSet.java:initializeVolumeSet(170)) - Added Volume : /workdir/hadoop-ozone/integration-test/target/test-dir/MiniOzoneClusterImpl-e2ae5675-c21e-42f7-8419-fc156bd6edda/datanode-1/data/containers/hdds to VolumeSet
2019-10-14 13:35:46,224 [main] INFO  volume.ThrottledAsyncChecker (ThrottledAsyncChecker.java:schedule(139)) - Scheduling a check for org.apache.hadoop.ozone.container.common.volume.HddsVolume@12192604
2019-10-14 13:35:46,224 [main] INFO  volume.HddsVolumeChecker (HddsVolumeChecker.java:checkAllVolumes(202)) - Scheduled health check for volume org.apache.hadoop.ozone.container.common.volume.HddsVolume@12192604
2019-10-14 13:35:46,237 [main] INFO  impl.RaftServerProxy (ConfUtils.java:logGet(43)) - raft.rpc.type = GRPC (default)
2019-10-14 13:35:46,237 [main] INFO  grpc.GrpcFactory (GrpcFactory.java:checkPooledByteBufAllocatorUseCacheForAllThreads(45)) - PERFORMANCE WARNING: useCacheForAllThreads is true that may cause Netty to create a lot garbage objects and, as a result, trigger GC.
	It is recommended to disable useCacheForAllThreads by setting -Dorg.apache.ratis.thirdparty.io.netty.allocator.useCacheForAllThreads=false in command line.
2019-10-14 13:35:46,237 [main] INFO  grpc.GrpcConfigKeys$Server (ConfUtils.java:logGet(43)) - raft.grpc.server.port = 0 (default)
2019-10-14 13:35:46,237 [main] INFO  server.GrpcService (ConfUtils.java:logGet(43)) - raft.grpc.message.size.max = 33570816 (custom)
2019-10-14 13:35:46,238 [main] INFO  server.RaftServerConfigKeys (ConfUtils.java:logGet(43)) - raft.server.log.appender.buffer.byte-limit = 33554432 (custom)
2019-10-14 13:35:46,238 [main] INFO  server.GrpcService (ConfUtils.java:logGet(43)) - raft.grpc.flow.control.window = 1MB (=1048576) (default)
2019-10-14 13:35:46,238 [main] INFO  server.RaftServerConfigKeys (ConfUtils.java:logGet(43)) - raft.server.rpc.request.timeout = 3000ms (default)
2019-10-14 13:35:46,238 [main] INFO  server.RaftServerConfigKeys (ConfUtils.java:logGet(43)) - raft.server.storage.dir = [/workdir/hadoop-ozone/integration-test/target/test-dir/MiniOzoneClusterImpl-e2ae5675-c21e-42f7-8419-fc156bd6edda/datanode-1/data/ratis] (custom)
2019-10-14 13:35:46,240 [main] INFO  hdfs.DFSUtil (DFSUtil.java:httpServerTemplateForNNAndJN(1641)) - Starting Web-server for hddsDatanode at: http://0.0.0.0:0
2019-10-14 13:35:46,241 [main] INFO  server.AuthenticationFilter (AuthenticationFilter.java:constructSecretProvider(240)) - Unable to initialize FileSignerSecretProvider, falling back to use random secrets.
2019-10-14 13:35:46,241 [main] WARN  http.HttpRequestLog (HttpRequestLog.java:getRequestLog(97)) - Jetty request log can only be enabled using Log4j
2019-10-14 13:35:46,242 [main] INFO  http.HttpServer2 (HttpServer2.java:addGlobalFilter(975)) - Added global filter 'safety' (class=org.apache.hadoop.http.HttpServer2$QuotingInputFilter)
2019-10-14 13:35:46,242 [main] INFO  http.HttpServer2 (HttpServer2.java:addFilter(948)) - Added filter static_user_filter (class=org.apache.hadoop.http.lib.StaticUserWebFilter$StaticUserFilter) to context hddsDatanode
2019-10-14 13:35:46,243 [main] INFO  http.HttpServer2 (HttpServer2.java:addFilter(958)) - Added filter static_user_filter (class=org.apache.hadoop.http.lib.StaticUserWebFilter$StaticUserFilter) to context logs
2019-10-14 13:35:46,243 [main] INFO  http.HttpServer2 (HttpServer2.java:addFilter(958)) - Added filter static_user_filter (class=org.apache.hadoop.http.lib.StaticUserWebFilter$StaticUserFilter) to context static
2019-10-14 13:35:46,243 [main] INFO  http.HttpServer2 (HttpServer2.java:bindListener(1191)) - Jetty bound to port 42942
2019-10-14 13:35:46,244 [main] INFO  server.Server (Server.java:doStart(351)) - jetty-9.3.25.v20180904, build timestamp: 2018-09-04T21:11:46Z, git hash: 3ce520221d0240229c862b122d2b06c12a625732
2019-10-14 13:35:46,245 [main] INFO  handler.ContextHandler (ContextHandler.java:doStart(781)) - Started o.e.j.s.ServletContextHandler@55361f03{/logs,file:///workdir/hadoop-ozone/integration-test/target/log,AVAILABLE}
2019-10-14 13:35:46,245 [main] INFO  handler.ContextHandler (ContextHandler.java:doStart(781)) - Started o.e.j.s.ServletContextHandler@138f0661{/static,jar:file:/home/user/.m2/repository/org/apache/hadoop/hadoop-hdds-container-service/0.5.0-SNAPSHOT/hadoop-hdds-container-service-0.5.0-SNAPSHOT.jar!/webapps/static,AVAILABLE}
2019-10-14 13:35:46,273 [main] INFO  handler.ContextHandler (ContextHandler.java:doStart(781)) - Started o.e.j.w.WebAppContext@3b4ef59f{/,file:///tmp/jetty-0.0.0.0-42942-hddsDatanode-_-any-2626987040314576311.dir/webapp/,AVAILABLE}{/hddsDatanode}
2019-10-14 13:35:46,273 [main] INFO  server.AbstractConnector (AbstractConnector.java:doStart(278)) - Started ServerConnector@22cb3d59{HTTP/1.1,[http/1.1]}{0.0.0.0:42942}
2019-10-14 13:35:46,276 [main] INFO  server.Server (Server.java:doStart(419)) - Started @222445ms
2019-10-14 13:35:46,276 [main] WARN  impl.MetricsSystemImpl (MetricsSystemImpl.java:register(276)) - Sink prometheus already exists!
2019-10-14 13:35:46,277 [main] INFO  server.BaseHttpServer (BaseHttpServer.java:updateConnectorAddress(215)) - HTTP server of HDDSDATANODE is listening at http://0.0.0.0:42942
2019-10-14 13:35:46,277 [main] INFO  impl.MetricsSystemImpl (MetricsSystemImpl.java:init(158)) - HddsDatanode metrics system started (again)
2019-10-14 13:35:46,294 [org.apache.hadoop.util.JvmPauseMonitor$Monitor@15b16af7] INFO  util.JvmPauseMonitor (JvmPauseMonitor.java:run(188)) - Starting JVM pause monitor
2019-10-14 13:35:46,295 [main] INFO  ozone.HddsDatanodeService (HddsDatanodeService.java:start(184)) - HddsDatanodeService host:pr-hdds-2196-2-8n2dq-3116116325 ip:192.168.151.106
2019-10-14 13:35:46,295 [Datanode State Machine Thread - 0] INFO  datanode.InitDatanodeState (InitDatanodeState.java:persistContainerDatanodeDetails(140)) - DatanodeDetails is persisted to /workdir/hadoop-ozone/integration-test/target/test-dir/MiniOzoneClusterImpl-e2ae5675-c21e-42f7-8419-fc156bd6edda/datanode-1/meta/datanode.id
2019-10-14 13:35:46,304 [main] INFO  volume.HddsVolume (HddsVolume.java:<init>(176)) - Creating Volume: /workdir/hadoop-ozone/integration-test/target/test-dir/MiniOzoneClusterImpl-e2ae5675-c21e-42f7-8419-fc156bd6edda/datanode-2/data/containers/hdds of  storage type : DISK and capacity : 1482555576320
2019-10-14 13:35:46,304 [main] INFO  volume.VolumeSet (VolumeSet.java:initializeVolumeSet(170)) - Added Volume : /workdir/hadoop-ozone/integration-test/target/test-dir/MiniOzoneClusterImpl-e2ae5675-c21e-42f7-8419-fc156bd6edda/datanode-2/data/containers/hdds to VolumeSet
2019-10-14 13:35:46,304 [main] INFO  volume.ThrottledAsyncChecker (ThrottledAsyncChecker.java:schedule(139)) - Scheduling a check for org.apache.hadoop.ozone.container.common.volume.HddsVolume@2b999ee8
2019-10-14 13:35:46,305 [main] INFO  volume.HddsVolumeChecker (HddsVolumeChecker.java:checkAllVolumes(202)) - Scheduled health check for volume org.apache.hadoop.ozone.container.common.volume.HddsVolume@2b999ee8
2019-10-14 13:35:46,318 [main] INFO  impl.RaftServerProxy (ConfUtils.java:logGet(43)) - raft.rpc.type = GRPC (default)
2019-10-14 13:35:46,318 [main] INFO  grpc.GrpcFactory (GrpcFactory.java:checkPooledByteBufAllocatorUseCacheForAllThreads(45)) - PERFORMANCE WARNING: useCacheForAllThreads is true that may cause Netty to create a lot garbage objects and, as a result, trigger GC.
	It is recommended to disable useCacheForAllThreads by setting -Dorg.apache.ratis.thirdparty.io.netty.allocator.useCacheForAllThreads=false in command line.
2019-10-14 13:35:46,318 [main] INFO  grpc.GrpcConfigKeys$Server (ConfUtils.java:logGet(43)) - raft.grpc.server.port = 0 (default)
2019-10-14 13:35:46,318 [main] INFO  server.GrpcService (ConfUtils.java:logGet(43)) - raft.grpc.message.size.max = 33570816 (custom)
2019-10-14 13:35:46,319 [main] INFO  server.RaftServerConfigKeys (ConfUtils.java:logGet(43)) - raft.server.log.appender.buffer.byte-limit = 33554432 (custom)
2019-10-14 13:35:46,319 [main] INFO  server.GrpcService (ConfUtils.java:logGet(43)) - raft.grpc.flow.control.window = 1MB (=1048576) (default)
2019-10-14 13:35:46,319 [main] INFO  server.RaftServerConfigKeys (ConfUtils.java:logGet(43)) - raft.server.rpc.request.timeout = 3000ms (default)
2019-10-14 13:35:46,319 [main] INFO  server.RaftServerConfigKeys (ConfUtils.java:logGet(43)) - raft.server.storage.dir = [/workdir/hadoop-ozone/integration-test/target/test-dir/MiniOzoneClusterImpl-e2ae5675-c21e-42f7-8419-fc156bd6edda/datanode-2/data/ratis] (custom)
2019-10-14 13:35:46,320 [main] INFO  hdfs.DFSUtil (DFSUtil.java:httpServerTemplateForNNAndJN(1641)) - Starting Web-server for hddsDatanode at: http://0.0.0.0:0
2019-10-14 13:35:46,321 [main] INFO  server.AuthenticationFilter (AuthenticationFilter.java:constructSecretProvider(240)) - Unable to initialize FileSignerSecretProvider, falling back to use random secrets.
2019-10-14 13:35:46,322 [main] WARN  http.HttpRequestLog (HttpRequestLog.java:getRequestLog(97)) - Jetty request log can only be enabled using Log4j
2019-10-14 13:35:46,323 [main] INFO  http.HttpServer2 (HttpServer2.java:addGlobalFilter(975)) - Added global filter 'safety' (class=org.apache.hadoop.http.HttpServer2$QuotingInputFilter)
2019-10-14 13:35:46,323 [main] INFO  http.HttpServer2 (HttpServer2.java:addFilter(948)) - Added filter static_user_filter (class=org.apache.hadoop.http.lib.StaticUserWebFilter$StaticUserFilter) to context hddsDatanode
2019-10-14 13:35:46,324 [main] INFO  http.HttpServer2 (HttpServer2.java:addFilter(958)) - Added filter static_user_filter (class=org.apache.hadoop.http.lib.StaticUserWebFilter$StaticUserFilter) to context logs
2019-10-14 13:35:46,324 [main] INFO  http.HttpServer2 (HttpServer2.java:addFilter(958)) - Added filter static_user_filter (class=org.apache.hadoop.http.lib.StaticUserWebFilter$StaticUserFilter) to context static
2019-10-14 13:35:46,324 [main] INFO  http.HttpServer2 (HttpServer2.java:bindListener(1191)) - Jetty bound to port 37415
2019-10-14 13:35:46,324 [main] INFO  server.Server (Server.java:doStart(351)) - jetty-9.3.25.v20180904, build timestamp: 2018-09-04T21:11:46Z, git hash: 3ce520221d0240229c862b122d2b06c12a625732
2019-10-14 13:35:46,326 [main] INFO  handler.ContextHandler (ContextHandler.java:doStart(781)) - Started o.e.j.s.ServletContextHandler@1b8aaeab{/logs,file:///workdir/hadoop-ozone/integration-test/target/log,AVAILABLE}
2019-10-14 13:35:46,326 [main] INFO  handler.ContextHandler (ContextHandler.java:doStart(781)) - Started o.e.j.s.ServletContextHandler@6812c8cc{/static,jar:file:/home/user/.m2/repository/org/apache/hadoop/hadoop-hdds-container-service/0.5.0-SNAPSHOT/hadoop-hdds-container-service-0.5.0-SNAPSHOT.jar!/webapps/static,AVAILABLE}
2019-10-14 13:35:46,354 [main] INFO  handler.ContextHandler (ContextHandler.java:doStart(781)) - Started o.e.j.w.WebAppContext@5dbab232{/,file:///tmp/jetty-0.0.0.0-37415-hddsDatanode-_-any-1639331102643086450.dir/webapp/,AVAILABLE}{/hddsDatanode}
2019-10-14 13:35:46,355 [main] INFO  server.AbstractConnector (AbstractConnector.java:doStart(278)) - Started ServerConnector@5939e24{HTTP/1.1,[http/1.1]}{0.0.0.0:37415}
2019-10-14 13:35:46,357 [main] INFO  server.Server (Server.java:doStart(419)) - Started @222527ms
2019-10-14 13:35:46,358 [main] WARN  impl.MetricsSystemImpl (MetricsSystemImpl.java:register(276)) - Sink prometheus already exists!
2019-10-14 13:35:46,358 [main] INFO  server.BaseHttpServer (BaseHttpServer.java:updateConnectorAddress(215)) - HTTP server of HDDSDATANODE is listening at http://0.0.0.0:37415
2019-10-14 13:35:46,358 [main] INFO  impl.MetricsSystemImpl (MetricsSystemImpl.java:init(158)) - HddsDatanode metrics system started (again)
2019-10-14 13:35:46,376 [org.apache.hadoop.util.JvmPauseMonitor$Monitor@5ac39e6a] INFO  util.JvmPauseMonitor (JvmPauseMonitor.java:run(188)) - Starting JVM pause monitor
2019-10-14 13:35:46,378 [main] INFO  ozone.HddsDatanodeService (HddsDatanodeService.java:start(184)) - HddsDatanodeService host:pr-hdds-2196-2-8n2dq-3116116325 ip:192.168.151.106
2019-10-14 13:35:46,378 [Datanode State Machine Thread - 0] INFO  datanode.InitDatanodeState (InitDatanodeState.java:persistContainerDatanodeDetails(140)) - DatanodeDetails is persisted to /workdir/hadoop-ozone/integration-test/target/test-dir/MiniOzoneClusterImpl-e2ae5675-c21e-42f7-8419-fc156bd6edda/datanode-2/meta/datanode.id
2019-10-14 13:35:46,391 [main] INFO  volume.HddsVolume (HddsVolume.java:<init>(176)) - Creating Volume: /workdir/hadoop-ozone/integration-test/target/test-dir/MiniOzoneClusterImpl-e2ae5675-c21e-42f7-8419-fc156bd6edda/datanode-3/data/containers/hdds of  storage type : DISK and capacity : 1482555576320
2019-10-14 13:35:46,391 [main] INFO  volume.VolumeSet (VolumeSet.java:initializeVolumeSet(170)) - Added Volume : /workdir/hadoop-ozone/integration-test/target/test-dir/MiniOzoneClusterImpl-e2ae5675-c21e-42f7-8419-fc156bd6edda/datanode-3/data/containers/hdds to VolumeSet
2019-10-14 13:35:46,391 [main] INFO  volume.ThrottledAsyncChecker (ThrottledAsyncChecker.java:schedule(139)) - Scheduling a check for org.apache.hadoop.ozone.container.common.volume.HddsVolume@4645679e
2019-10-14 13:35:46,392 [main] INFO  volume.HddsVolumeChecker (HddsVolumeChecker.java:checkAllVolumes(202)) - Scheduled health check for volume org.apache.hadoop.ozone.container.common.volume.HddsVolume@4645679e
2019-10-14 13:35:46,404 [main] INFO  impl.RaftServerProxy (ConfUtils.java:logGet(43)) - raft.rpc.type = GRPC (default)
2019-10-14 13:35:46,404 [main] INFO  grpc.GrpcFactory (GrpcFactory.java:checkPooledByteBufAllocatorUseCacheForAllThreads(45)) - PERFORMANCE WARNING: useCacheForAllThreads is true that may cause Netty to create a lot garbage objects and, as a result, trigger GC.
	It is recommended to disable useCacheForAllThreads by setting -Dorg.apache.ratis.thirdparty.io.netty.allocator.useCacheForAllThreads=false in command line.
2019-10-14 13:35:46,404 [main] INFO  grpc.GrpcConfigKeys$Server (ConfUtils.java:logGet(43)) - raft.grpc.server.port = 0 (default)
2019-10-14 13:35:46,404 [main] INFO  server.GrpcService (ConfUtils.java:logGet(43)) - raft.grpc.message.size.max = 33570816 (custom)
2019-10-14 13:35:46,404 [main] INFO  server.RaftServerConfigKeys (ConfUtils.java:logGet(43)) - raft.server.log.appender.buffer.byte-limit = 33554432 (custom)
2019-10-14 13:35:46,405 [main] INFO  server.GrpcService (ConfUtils.java:logGet(43)) - raft.grpc.flow.control.window = 1MB (=1048576) (default)
2019-10-14 13:35:46,405 [main] INFO  server.RaftServerConfigKeys (ConfUtils.java:logGet(43)) - raft.server.rpc.request.timeout = 3000ms (default)
2019-10-14 13:35:46,405 [main] INFO  server.RaftServerConfigKeys (ConfUtils.java:logGet(43)) - raft.server.storage.dir = [/workdir/hadoop-ozone/integration-test/target/test-dir/MiniOzoneClusterImpl-e2ae5675-c21e-42f7-8419-fc156bd6edda/datanode-3/data/ratis] (custom)
2019-10-14 13:35:46,406 [main] INFO  hdfs.DFSUtil (DFSUtil.java:httpServerTemplateForNNAndJN(1641)) - Starting Web-server for hddsDatanode at: http://0.0.0.0:0
2019-10-14 13:35:46,407 [main] INFO  server.AuthenticationFilter (AuthenticationFilter.java:constructSecretProvider(240)) - Unable to initialize FileSignerSecretProvider, falling back to use random secrets.
2019-10-14 13:35:46,408 [main] WARN  http.HttpRequestLog (HttpRequestLog.java:getRequestLog(97)) - Jetty request log can only be enabled using Log4j
2019-10-14 13:35:46,409 [main] INFO  http.HttpServer2 (HttpServer2.java:addGlobalFilter(975)) - Added global filter 'safety' (class=org.apache.hadoop.http.HttpServer2$QuotingInputFilter)
2019-10-14 13:35:46,409 [main] INFO  http.HttpServer2 (HttpServer2.java:addFilter(948)) - Added filter static_user_filter (class=org.apache.hadoop.http.lib.StaticUserWebFilter$StaticUserFilter) to context hddsDatanode
2019-10-14 13:35:46,409 [main] INFO  http.HttpServer2 (HttpServer2.java:addFilter(958)) - Added filter static_user_filter (class=org.apache.hadoop.http.lib.StaticUserWebFilter$StaticUserFilter) to context logs
2019-10-14 13:35:46,409 [main] INFO  http.HttpServer2 (HttpServer2.java:addFilter(958)) - Added filter static_user_filter (class=org.apache.hadoop.http.lib.StaticUserWebFilter$StaticUserFilter) to context static
2019-10-14 13:35:46,410 [main] INFO  http.HttpServer2 (HttpServer2.java:bindListener(1191)) - Jetty bound to port 44768
2019-10-14 13:35:46,410 [main] INFO  server.Server (Server.java:doStart(351)) - jetty-9.3.25.v20180904, build timestamp: 2018-09-04T21:11:46Z, git hash: 3ce520221d0240229c862b122d2b06c12a625732
2019-10-14 13:35:46,411 [main] INFO  handler.ContextHandler (ContextHandler.java:doStart(781)) - Started o.e.j.s.ServletContextHandler@c48b543{/logs,file:///workdir/hadoop-ozone/integration-test/target/log,AVAILABLE}
2019-10-14 13:35:46,412 [main] INFO  handler.ContextHandler (ContextHandler.java:doStart(781)) - Started o.e.j.s.ServletContextHandler@4652c74d{/static,jar:file:/home/user/.m2/repository/org/apache/hadoop/hadoop-hdds-container-service/0.5.0-SNAPSHOT/hadoop-hdds-container-service-0.5.0-SNAPSHOT.jar!/webapps/static,AVAILABLE}
2019-10-14 13:35:46,437 [main] INFO  handler.ContextHandler (ContextHandler.java:doStart(781)) - Started o.e.j.w.WebAppContext@1373e3ee{/,file:///tmp/jetty-0.0.0.0-44768-hddsDatanode-_-any-6733674227780424612.dir/webapp/,AVAILABLE}{/hddsDatanode}
2019-10-14 13:35:46,438 [main] INFO  server.AbstractConnector (AbstractConnector.java:doStart(278)) - Started ServerConnector@175c5c3a{HTTP/1.1,[http/1.1]}{0.0.0.0:44768}
2019-10-14 13:35:46,442 [main] INFO  server.Server (Server.java:doStart(419)) - Started @222611ms
2019-10-14 13:35:46,442 [main] WARN  impl.MetricsSystemImpl (MetricsSystemImpl.java:register(276)) - Sink prometheus already exists!
2019-10-14 13:35:46,443 [main] INFO  server.BaseHttpServer (BaseHttpServer.java:updateConnectorAddress(215)) - HTTP server of HDDSDATANODE is listening at http://0.0.0.0:44768
2019-10-14 13:35:46,443 [main] INFO  impl.MetricsSystemImpl (MetricsSystemImpl.java:init(158)) - HddsDatanode metrics system started (again)
2019-10-14 13:35:46,461 [org.apache.hadoop.util.JvmPauseMonitor$Monitor@2ddb1e1e] INFO  util.JvmPauseMonitor (JvmPauseMonitor.java:run(188)) - Starting JVM pause monitor
2019-10-14 13:35:46,462 [main] INFO  ozone.HddsDatanodeService (HddsDatanodeService.java:start(184)) - HddsDatanodeService host:pr-hdds-2196-2-8n2dq-3116116325 ip:192.168.151.106
2019-10-14 13:35:46,462 [Datanode State Machine Thread - 0] INFO  datanode.InitDatanodeState (InitDatanodeState.java:persistContainerDatanodeDetails(140)) - DatanodeDetails is persisted to /workdir/hadoop-ozone/integration-test/target/test-dir/MiniOzoneClusterImpl-e2ae5675-c21e-42f7-8419-fc156bd6edda/datanode-3/meta/datanode.id
2019-10-14 13:35:46,473 [main] INFO  volume.HddsVolume (HddsVolume.java:<init>(176)) - Creating Volume: /workdir/hadoop-ozone/integration-test/target/test-dir/MiniOzoneClusterImpl-e2ae5675-c21e-42f7-8419-fc156bd6edda/datanode-4/data/containers/hdds of  storage type : DISK and capacity : 1482555576320
2019-10-14 13:35:46,473 [main] INFO  volume.VolumeSet (VolumeSet.java:initializeVolumeSet(170)) - Added Volume : /workdir/hadoop-ozone/integration-test/target/test-dir/MiniOzoneClusterImpl-e2ae5675-c21e-42f7-8419-fc156bd6edda/datanode-4/data/containers/hdds to VolumeSet
2019-10-14 13:35:46,473 [main] INFO  volume.ThrottledAsyncChecker (ThrottledAsyncChecker.java:schedule(139)) - Scheduling a check for org.apache.hadoop.ozone.container.common.volume.HddsVolume@60591e1b
2019-10-14 13:35:46,474 [main] INFO  volume.HddsVolumeChecker (HddsVolumeChecker.java:checkAllVolumes(202)) - Scheduled health check for volume org.apache.hadoop.ozone.container.common.volume.HddsVolume@60591e1b
2019-10-14 13:35:46,499 [main] INFO  impl.RaftServerProxy (ConfUtils.java:logGet(43)) - raft.rpc.type = GRPC (default)
2019-10-14 13:35:46,499 [main] INFO  grpc.GrpcFactory (GrpcFactory.java:checkPooledByteBufAllocatorUseCacheForAllThreads(45)) - PERFORMANCE WARNING: useCacheForAllThreads is true that may cause Netty to create a lot garbage objects and, as a result, trigger GC.
	It is recommended to disable useCacheForAllThreads by setting -Dorg.apache.ratis.thirdparty.io.netty.allocator.useCacheForAllThreads=false in command line.
2019-10-14 13:35:46,499 [main] INFO  grpc.GrpcConfigKeys$Server (ConfUtils.java:logGet(43)) - raft.grpc.server.port = 0 (default)
2019-10-14 13:35:46,499 [main] INFO  server.GrpcService (ConfUtils.java:logGet(43)) - raft.grpc.message.size.max = 33570816 (custom)
2019-10-14 13:35:46,499 [main] INFO  server.RaftServerConfigKeys (ConfUtils.java:logGet(43)) - raft.server.log.appender.buffer.byte-limit = 33554432 (custom)
2019-10-14 13:35:46,499 [main] INFO  server.GrpcService (ConfUtils.java:logGet(43)) - raft.grpc.flow.control.window = 1MB (=1048576) (default)
2019-10-14 13:35:46,500 [main] INFO  server.RaftServerConfigKeys (ConfUtils.java:logGet(43)) - raft.server.rpc.request.timeout = 3000ms (default)
2019-10-14 13:35:46,500 [main] INFO  server.RaftServerConfigKeys (ConfUtils.java:logGet(43)) - raft.server.storage.dir = [/workdir/hadoop-ozone/integration-test/target/test-dir/MiniOzoneClusterImpl-e2ae5675-c21e-42f7-8419-fc156bd6edda/datanode-4/data/ratis] (custom)
2019-10-14 13:35:46,501 [main] INFO  hdfs.DFSUtil (DFSUtil.java:httpServerTemplateForNNAndJN(1641)) - Starting Web-server for hddsDatanode at: http://0.0.0.0:0
2019-10-14 13:35:46,502 [main] INFO  server.AuthenticationFilter (AuthenticationFilter.java:constructSecretProvider(240)) - Unable to initialize FileSignerSecretProvider, falling back to use random secrets.
2019-10-14 13:35:46,503 [main] WARN  http.HttpRequestLog (HttpRequestLog.java:getRequestLog(97)) - Jetty request log can only be enabled using Log4j
2019-10-14 13:35:46,504 [main] INFO  http.HttpServer2 (HttpServer2.java:addGlobalFilter(975)) - Added global filter 'safety' (class=org.apache.hadoop.http.HttpServer2$QuotingInputFilter)
2019-10-14 13:35:46,505 [main] INFO  http.HttpServer2 (HttpServer2.java:addFilter(948)) - Added filter static_user_filter (class=org.apache.hadoop.http.lib.StaticUserWebFilter$StaticUserFilter) to context hddsDatanode
2019-10-14 13:35:46,505 [main] INFO  http.HttpServer2 (HttpServer2.java:addFilter(958)) - Added filter static_user_filter (class=org.apache.hadoop.http.lib.StaticUserWebFilter$StaticUserFilter) to context logs
2019-10-14 13:35:46,505 [main] INFO  http.HttpServer2 (HttpServer2.java:addFilter(958)) - Added filter static_user_filter (class=org.apache.hadoop.http.lib.StaticUserWebFilter$StaticUserFilter) to context static
2019-10-14 13:35:46,505 [main] INFO  http.HttpServer2 (HttpServer2.java:bindListener(1191)) - Jetty bound to port 46579
2019-10-14 13:35:46,506 [main] INFO  server.Server (Server.java:doStart(351)) - jetty-9.3.25.v20180904, build timestamp: 2018-09-04T21:11:46Z, git hash: 3ce520221d0240229c862b122d2b06c12a625732
2019-10-14 13:35:46,508 [main] INFO  handler.ContextHandler (ContextHandler.java:doStart(781)) - Started o.e.j.s.ServletContextHandler@4a1a412e{/logs,file:///workdir/hadoop-ozone/integration-test/target/log,AVAILABLE}
2019-10-14 13:35:46,508 [main] INFO  handler.ContextHandler (ContextHandler.java:doStart(781)) - Started o.e.j.s.ServletContextHandler@5fd43e58{/static,jar:file:/home/user/.m2/repository/org/apache/hadoop/hadoop-hdds-container-service/0.5.0-SNAPSHOT/hadoop-hdds-container-service-0.5.0-SNAPSHOT.jar!/webapps/static,AVAILABLE}
2019-10-14 13:35:46,538 [main] INFO  handler.ContextHandler (ContextHandler.java:doStart(781)) - Started o.e.j.w.WebAppContext@33eb0d4{/,file:///tmp/jetty-0.0.0.0-46579-hddsDatanode-_-any-1900251654399552854.dir/webapp/,AVAILABLE}{/hddsDatanode}
2019-10-14 13:35:46,539 [main] INFO  server.AbstractConnector (AbstractConnector.java:doStart(278)) - Started ServerConnector@224d86d2{HTTP/1.1,[http/1.1]}{0.0.0.0:46579}
2019-10-14 13:35:46,542 [main] INFO  server.Server (Server.java:doStart(419)) - Started @222712ms
2019-10-14 13:35:46,542 [main] WARN  impl.MetricsSystemImpl (MetricsSystemImpl.java:register(276)) - Sink prometheus already exists!
2019-10-14 13:35:46,543 [main] INFO  server.BaseHttpServer (BaseHttpServer.java:updateConnectorAddress(215)) - HTTP server of HDDSDATANODE is listening at http://0.0.0.0:46579
2019-10-14 13:35:46,543 [main] INFO  impl.MetricsSystemImpl (MetricsSystemImpl.java:init(158)) - HddsDatanode metrics system started (again)
2019-10-14 13:35:46,563 [org.apache.hadoop.util.JvmPauseMonitor$Monitor@2968a338] INFO  util.JvmPauseMonitor (JvmPauseMonitor.java:run(188)) - Starting JVM pause monitor
2019-10-14 13:35:46,564 [Datanode State Machine Thread - 0] INFO  datanode.InitDatanodeState (InitDatanodeState.java:persistContainerDatanodeDetails(140)) - DatanodeDetails is persisted to /workdir/hadoop-ozone/integration-test/target/test-dir/MiniOzoneClusterImpl-e2ae5675-c21e-42f7-8419-fc156bd6edda/datanode-4/meta/datanode.id
2019-10-14 13:35:46,564 [main] INFO  ozone.HddsDatanodeService (HddsDatanodeService.java:start(184)) - HddsDatanodeService host:pr-hdds-2196-2-8n2dq-3116116325 ip:192.168.151.106
2019-10-14 13:35:46,572 [main] INFO  volume.HddsVolume (HddsVolume.java:<init>(176)) - Creating Volume: /workdir/hadoop-ozone/integration-test/target/test-dir/MiniOzoneClusterImpl-e2ae5675-c21e-42f7-8419-fc156bd6edda/datanode-5/data/containers/hdds of  storage type : DISK and capacity : 1482555576320
2019-10-14 13:35:46,572 [main] INFO  volume.VolumeSet (VolumeSet.java:initializeVolumeSet(170)) - Added Volume : /workdir/hadoop-ozone/integration-test/target/test-dir/MiniOzoneClusterImpl-e2ae5675-c21e-42f7-8419-fc156bd6edda/datanode-5/data/containers/hdds to VolumeSet
2019-10-14 13:35:46,572 [main] INFO  volume.ThrottledAsyncChecker (ThrottledAsyncChecker.java:schedule(139)) - Scheduling a check for org.apache.hadoop.ozone.container.common.volume.HddsVolume@7741ae1b
2019-10-14 13:35:46,573 [main] INFO  volume.HddsVolumeChecker (HddsVolumeChecker.java:checkAllVolumes(202)) - Scheduled health check for volume org.apache.hadoop.ozone.container.common.volume.HddsVolume@7741ae1b
2019-10-14 13:35:46,585 [main] INFO  impl.RaftServerProxy (ConfUtils.java:logGet(43)) - raft.rpc.type = GRPC (default)
2019-10-14 13:35:46,585 [main] INFO  grpc.GrpcFactory (GrpcFactory.java:checkPooledByteBufAllocatorUseCacheForAllThreads(45)) - PERFORMANCE WARNING: useCacheForAllThreads is true that may cause Netty to create a lot garbage objects and, as a result, trigger GC.
	It is recommended to disable useCacheForAllThreads by setting -Dorg.apache.ratis.thirdparty.io.netty.allocator.useCacheForAllThreads=false in command line.
2019-10-14 13:35:46,585 [main] INFO  grpc.GrpcConfigKeys$Server (ConfUtils.java:logGet(43)) - raft.grpc.server.port = 0 (default)
2019-10-14 13:35:46,585 [main] INFO  server.GrpcService (ConfUtils.java:logGet(43)) - raft.grpc.message.size.max = 33570816 (custom)
2019-10-14 13:35:46,585 [main] INFO  server.RaftServerConfigKeys (ConfUtils.java:logGet(43)) - raft.server.log.appender.buffer.byte-limit = 33554432 (custom)
2019-10-14 13:35:46,586 [main] INFO  server.GrpcService (ConfUtils.java:logGet(43)) - raft.grpc.flow.control.window = 1MB (=1048576) (default)
2019-10-14 13:35:46,586 [main] INFO  server.RaftServerConfigKeys (ConfUtils.java:logGet(43)) - raft.server.rpc.request.timeout = 3000ms (default)
2019-10-14 13:35:46,586 [main] INFO  server.RaftServerConfigKeys (ConfUtils.java:logGet(43)) - raft.server.storage.dir = [/workdir/hadoop-ozone/integration-test/target/test-dir/MiniOzoneClusterImpl-e2ae5675-c21e-42f7-8419-fc156bd6edda/datanode-5/data/ratis] (custom)
2019-10-14 13:35:46,587 [main] INFO  hdfs.DFSUtil (DFSUtil.java:httpServerTemplateForNNAndJN(1641)) - Starting Web-server for hddsDatanode at: http://0.0.0.0:0
2019-10-14 13:35:46,588 [main] INFO  server.AuthenticationFilter (AuthenticationFilter.java:constructSecretProvider(240)) - Unable to initialize FileSignerSecretProvider, falling back to use random secrets.
2019-10-14 13:35:46,589 [main] WARN  http.HttpRequestLog (HttpRequestLog.java:getRequestLog(97)) - Jetty request log can only be enabled using Log4j
2019-10-14 13:35:46,590 [main] INFO  http.HttpServer2 (HttpServer2.java:addGlobalFilter(975)) - Added global filter 'safety' (class=org.apache.hadoop.http.HttpServer2$QuotingInputFilter)
2019-10-14 13:35:46,590 [main] INFO  http.HttpServer2 (HttpServer2.java:addFilter(948)) - Added filter static_user_filter (class=org.apache.hadoop.http.lib.StaticUserWebFilter$StaticUserFilter) to context hddsDatanode
2019-10-14 13:35:46,590 [main] INFO  http.HttpServer2 (HttpServer2.java:addFilter(958)) - Added filter static_user_filter (class=org.apache.hadoop.http.lib.StaticUserWebFilter$StaticUserFilter) to context logs
2019-10-14 13:35:46,590 [main] INFO  http.HttpServer2 (HttpServer2.java:addFilter(958)) - Added filter static_user_filter (class=org.apache.hadoop.http.lib.StaticUserWebFilter$StaticUserFilter) to context static
2019-10-14 13:35:46,591 [main] INFO  http.HttpServer2 (HttpServer2.java:bindListener(1191)) - Jetty bound to port 33653
2019-10-14 13:35:46,591 [main] INFO  server.Server (Server.java:doStart(351)) - jetty-9.3.25.v20180904, build timestamp: 2018-09-04T21:11:46Z, git hash: 3ce520221d0240229c862b122d2b06c12a625732
2019-10-14 13:35:46,592 [main] INFO  handler.ContextHandler (ContextHandler.java:doStart(781)) - Started o.e.j.s.ServletContextHandler@565d7d2f{/logs,file:///workdir/hadoop-ozone/integration-test/target/log,AVAILABLE}
2019-10-14 13:35:46,592 [main] INFO  handler.ContextHandler (ContextHandler.java:doStart(781)) - Started o.e.j.s.ServletContextHandler@1c6a0103{/static,jar:file:/home/user/.m2/repository/org/apache/hadoop/hadoop-hdds-container-service/0.5.0-SNAPSHOT/hadoop-hdds-container-service-0.5.0-SNAPSHOT.jar!/webapps/static,AVAILABLE}
2019-10-14 13:35:46,618 [main] INFO  handler.ContextHandler (ContextHandler.java:doStart(781)) - Started o.e.j.w.WebAppContext@2c9fdb64{/,file:///tmp/jetty-0.0.0.0-33653-hddsDatanode-_-any-6349162127465051256.dir/webapp/,AVAILABLE}{/hddsDatanode}
2019-10-14 13:35:46,618 [main] INFO  server.AbstractConnector (AbstractConnector.java:doStart(278)) - Started ServerConnector@27e199ce{HTTP/1.1,[http/1.1]}{0.0.0.0:33653}
2019-10-14 13:35:46,620 [main] INFO  server.Server (Server.java:doStart(419)) - Started @222790ms
2019-10-14 13:35:46,620 [main] WARN  impl.MetricsSystemImpl (MetricsSystemImpl.java:register(276)) - Sink prometheus already exists!
2019-10-14 13:35:46,621 [main] INFO  server.BaseHttpServer (BaseHttpServer.java:updateConnectorAddress(215)) - HTTP server of HDDSDATANODE is listening at http://0.0.0.0:33653
2019-10-14 13:35:46,621 [main] INFO  impl.MetricsSystemImpl (MetricsSystemImpl.java:init(158)) - HddsDatanode metrics system started (again)
2019-10-14 13:35:46,641 [org.apache.hadoop.util.JvmPauseMonitor$Monitor@59993ca4] INFO  util.JvmPauseMonitor (JvmPauseMonitor.java:run(188)) - Starting JVM pause monitor
2019-10-14 13:35:46,642 [main] INFO  ozone.HddsDatanodeService (HddsDatanodeService.java:start(184)) - HddsDatanodeService host:pr-hdds-2196-2-8n2dq-3116116325 ip:192.168.151.106
2019-10-14 13:35:46,643 [Datanode State Machine Thread - 0] INFO  datanode.InitDatanodeState (InitDatanodeState.java:persistContainerDatanodeDetails(140)) - DatanodeDetails is persisted to /workdir/hadoop-ozone/integration-test/target/test-dir/MiniOzoneClusterImpl-e2ae5675-c21e-42f7-8419-fc156bd6edda/datanode-5/meta/datanode.id
2019-10-14 13:35:46,650 [main] INFO  volume.HddsVolume (HddsVolume.java:<init>(176)) - Creating Volume: /workdir/hadoop-ozone/integration-test/target/test-dir/MiniOzoneClusterImpl-e2ae5675-c21e-42f7-8419-fc156bd6edda/datanode-6/data/containers/hdds of  storage type : DISK and capacity : 1482555576320
2019-10-14 13:35:46,650 [main] INFO  volume.VolumeSet (VolumeSet.java:initializeVolumeSet(170)) - Added Volume : /workdir/hadoop-ozone/integration-test/target/test-dir/MiniOzoneClusterImpl-e2ae5675-c21e-42f7-8419-fc156bd6edda/datanode-6/data/containers/hdds to VolumeSet
2019-10-14 13:35:46,650 [main] INFO  volume.ThrottledAsyncChecker (ThrottledAsyncChecker.java:schedule(139)) - Scheduling a check for org.apache.hadoop.ozone.container.common.volume.HddsVolume@79ca7bea
2019-10-14 13:35:46,651 [main] INFO  volume.HddsVolumeChecker (HddsVolumeChecker.java:checkAllVolumes(202)) - Scheduled health check for volume org.apache.hadoop.ozone.container.common.volume.HddsVolume@79ca7bea
2019-10-14 13:35:46,662 [main] INFO  impl.RaftServerProxy (ConfUtils.java:logGet(43)) - raft.rpc.type = GRPC (default)
2019-10-14 13:35:46,662 [main] INFO  grpc.GrpcFactory (GrpcFactory.java:checkPooledByteBufAllocatorUseCacheForAllThreads(45)) - PERFORMANCE WARNING: useCacheForAllThreads is true that may cause Netty to create a lot garbage objects and, as a result, trigger GC.
	It is recommended to disable useCacheForAllThreads by setting -Dorg.apache.ratis.thirdparty.io.netty.allocator.useCacheForAllThreads=false in command line.
2019-10-14 13:35:46,662 [main] INFO  grpc.GrpcConfigKeys$Server (ConfUtils.java:logGet(43)) - raft.grpc.server.port = 0 (default)
2019-10-14 13:35:46,663 [main] INFO  server.GrpcService (ConfUtils.java:logGet(43)) - raft.grpc.message.size.max = 33570816 (custom)
2019-10-14 13:35:46,663 [main] INFO  server.RaftServerConfigKeys (ConfUtils.java:logGet(43)) - raft.server.log.appender.buffer.byte-limit = 33554432 (custom)
2019-10-14 13:35:46,663 [main] INFO  server.GrpcService (ConfUtils.java:logGet(43)) - raft.grpc.flow.control.window = 1MB (=1048576) (default)
2019-10-14 13:35:46,663 [main] INFO  server.RaftServerConfigKeys (ConfUtils.java:logGet(43)) - raft.server.rpc.request.timeout = 3000ms (default)
2019-10-14 13:35:46,663 [main] INFO  server.RaftServerConfigKeys (ConfUtils.java:logGet(43)) - raft.server.storage.dir = [/workdir/hadoop-ozone/integration-test/target/test-dir/MiniOzoneClusterImpl-e2ae5675-c21e-42f7-8419-fc156bd6edda/datanode-6/data/ratis] (custom)
2019-10-14 13:35:46,664 [main] INFO  hdfs.DFSUtil (DFSUtil.java:httpServerTemplateForNNAndJN(1641)) - Starting Web-server for hddsDatanode at: http://0.0.0.0:0
2019-10-14 13:35:46,665 [main] INFO  server.AuthenticationFilter (AuthenticationFilter.java:constructSecretProvider(240)) - Unable to initialize FileSignerSecretProvider, falling back to use random secrets.
2019-10-14 13:35:46,666 [main] WARN  http.HttpRequestLog (HttpRequestLog.java:getRequestLog(97)) - Jetty request log can only be enabled using Log4j
2019-10-14 13:35:46,667 [main] INFO  http.HttpServer2 (HttpServer2.java:addGlobalFilter(975)) - Added global filter 'safety' (class=org.apache.hadoop.http.HttpServer2$QuotingInputFilter)
2019-10-14 13:35:46,667 [main] INFO  http.HttpServer2 (HttpServer2.java:addFilter(948)) - Added filter static_user_filter (class=org.apache.hadoop.http.lib.StaticUserWebFilter$StaticUserFilter) to context hddsDatanode
2019-10-14 13:35:46,667 [main] INFO  http.HttpServer2 (HttpServer2.java:addFilter(958)) - Added filter static_user_filter (class=org.apache.hadoop.http.lib.StaticUserWebFilter$StaticUserFilter) to context static
2019-10-14 13:35:46,667 [main] INFO  http.HttpServer2 (HttpServer2.java:addFilter(958)) - Added filter static_user_filter (class=org.apache.hadoop.http.lib.StaticUserWebFilter$StaticUserFilter) to context logs
2019-10-14 13:35:46,668 [main] INFO  http.HttpServer2 (HttpServer2.java:bindListener(1191)) - Jetty bound to port 37509
2019-10-14 13:35:46,668 [main] INFO  server.Server (Server.java:doStart(351)) - jetty-9.3.25.v20180904, build timestamp: 2018-09-04T21:11:46Z, git hash: 3ce520221d0240229c862b122d2b06c12a625732
2019-10-14 13:35:46,669 [main] INFO  handler.ContextHandler (ContextHandler.java:doStart(781)) - Started o.e.j.s.ServletContextHandler@36d582cb{/logs,file:///workdir/hadoop-ozone/integration-test/target/log,AVAILABLE}
2019-10-14 13:35:46,669 [main] INFO  handler.ContextHandler (ContextHandler.java:doStart(781)) - Started o.e.j.s.ServletContextHandler@24d8f87a{/static,jar:file:/home/user/.m2/repository/org/apache/hadoop/hadoop-hdds-container-service/0.5.0-SNAPSHOT/hadoop-hdds-container-service-0.5.0-SNAPSHOT.jar!/webapps/static,AVAILABLE}
2019-10-14 13:35:46,694 [main] INFO  handler.ContextHandler (ContextHandler.java:doStart(781)) - Started o.e.j.w.WebAppContext@4b4969ea{/,file:///tmp/jetty-0.0.0.0-37509-hddsDatanode-_-any-4576543570351109346.dir/webapp/,AVAILABLE}{/hddsDatanode}
2019-10-14 13:35:46,694 [main] INFO  server.AbstractConnector (AbstractConnector.java:doStart(278)) - Started ServerConnector@11c581a0{HTTP/1.1,[http/1.1]}{0.0.0.0:37509}
2019-10-14 13:35:46,697 [main] INFO  server.Server (Server.java:doStart(419)) - Started @222866ms
2019-10-14 13:35:46,697 [main] WARN  impl.MetricsSystemImpl (MetricsSystemImpl.java:register(276)) - Sink prometheus already exists!
2019-10-14 13:35:46,697 [main] INFO  server.BaseHttpServer (BaseHttpServer.java:updateConnectorAddress(215)) - HTTP server of HDDSDATANODE is listening at http://0.0.0.0:37509
2019-10-14 13:35:46,698 [main] INFO  ozone.MiniOzoneClusterImpl (MiniOzoneClusterImpl.java:lambda$waitForClusterToBeReady$0(147)) - Waiting for cluster to be ready. Got 0 of 7 DN Heartbeats.
2019-10-14 13:35:46,699 [org.apache.hadoop.util.JvmPauseMonitor$Monitor@728feb51] INFO  util.JvmPauseMonitor (JvmPauseMonitor.java:run(188)) - Starting JVM pause monitor
2019-10-14 13:35:46,700 [Datanode State Machine Thread - 0] INFO  datanode.InitDatanodeState (InitDatanodeState.java:persistContainerDatanodeDetails(140)) - DatanodeDetails is persisted to /workdir/hadoop-ozone/integration-test/target/test-dir/MiniOzoneClusterImpl-e2ae5675-c21e-42f7-8419-fc156bd6edda/datanode-6/meta/datanode.id
2019-10-14 13:35:46,755 [grpc-default-executor-4] WARN  server.GrpcLogAppender (LogUtils.java:warn(134)) - 192e12c5-d762-43c7-a534-44a4e83d726f@group-5B0C9F4F55BE->cf8d3001-8af4-4fc5-b72d-8dcaa9baa2e1-AppendLogResponseHandler: Failed appendEntries: org.apache.ratis.thirdparty.io.grpc.StatusRuntimeException: UNAVAILABLE: io exception
2019-10-14 13:35:46,755 [grpc-default-executor-5] WARN  server.GrpcLogAppender (LogUtils.java:warn(134)) - 192e12c5-d762-43c7-a534-44a4e83d726f@group-5B0C9F4F55BE->677247a7-29f7-4094-aab0-2aa00681ebef-AppendLogResponseHandler: Failed appendEntries: org.apache.ratis.thirdparty.io.grpc.StatusRuntimeException: UNAVAILABLE: io exception
2019-10-14 13:35:46,755 [grpc-default-executor-4] INFO  impl.FollowerInfo (FollowerInfo.java:lambda$new$0(51)) - 192e12c5-d762-43c7-a534-44a4e83d726f@group-5B0C9F4F55BE->cf8d3001-8af4-4fc5-b72d-8dcaa9baa2e1: nextIndex: updateUnconditionally 0 -> 0
2019-10-14 13:35:46,755 [grpc-default-executor-5] INFO  impl.FollowerInfo (FollowerInfo.java:lambda$new$0(51)) - 192e12c5-d762-43c7-a534-44a4e83d726f@group-5B0C9F4F55BE->677247a7-29f7-4094-aab0-2aa00681ebef: nextIndex: updateUnconditionally 0 -> 0
2019-10-14 13:35:47,698 [main] INFO  ozone.MiniOzoneClusterImpl (MiniOzoneClusterImpl.java:lambda$waitForClusterToBeReady$0(147)) - Waiting for cluster to be ready. Got 0 of 7 DN Heartbeats.
2019-10-14 13:35:48,285 [Datanode State Machine Thread - 0] INFO  ozoneimpl.OzoneContainer (OzoneContainer.java:start(217)) - Attempting to start container services.
2019-10-14 13:35:48,285 [Datanode State Machine Thread - 0] INFO  ozoneimpl.OzoneContainer (OzoneContainer.java:startContainerScrub(179)) - Background container scanner has been disabled.
2019-10-14 13:35:48,285 [Datanode State Machine Thread - 0] INFO  ratis.XceiverServerRatis (XceiverServerRatis.java:start(417)) - Starting XceiverServerRatis b99a251c-4429-4381-bc0b-b1b84baeee8b at port 0
2019-10-14 13:35:48,289 [Datanode State Machine Thread - 0] INFO  impl.RaftServerProxy (RaftServerProxy.java:lambda$start$3(299)) - b99a251c-4429-4381-bc0b-b1b84baeee8b: start RPC server
2019-10-14 13:35:48,301 [Datanode State Machine Thread - 0] INFO  server.GrpcService (GrpcService.java:startImpl(158)) - b99a251c-4429-4381-bc0b-b1b84baeee8b: GrpcService started, listening on 0.0.0.0/0.0.0.0:40760
2019-10-14 13:35:48,301 [Datanode State Machine Thread - 0] INFO  ratis.XceiverServerRatis (XceiverServerRatis.java:start(427)) - XceiverServerRatis b99a251c-4429-4381-bc0b-b1b84baeee8b is started using port 40760
2019-10-14 13:35:48,303 [Datanode State Machine Thread - 0] INFO  server.XceiverServerGrpc (XceiverServerGrpc.java:start(149)) - XceiverServerGrpc b99a251c-4429-4381-bc0b-b1b84baeee8b is started using port 41129
2019-10-14 13:35:48,316 [Datanode State Machine Thread - 0] INFO  ozoneimpl.OzoneContainer (OzoneContainer.java:start(217)) - Attempting to start container services.
2019-10-14 13:35:48,316 [Datanode State Machine Thread - 0] INFO  ozoneimpl.OzoneContainer (OzoneContainer.java:startContainerScrub(179)) - Background container scanner has been disabled.
2019-10-14 13:35:48,316 [Datanode State Machine Thread - 0] INFO  ratis.XceiverServerRatis (XceiverServerRatis.java:start(417)) - Starting XceiverServerRatis b50efb6b-48db-4cd0-9c2f-05b573e274e8 at port 0
2019-10-14 13:35:48,320 [Datanode State Machine Thread - 0] INFO  impl.RaftServerProxy (RaftServerProxy.java:lambda$start$3(299)) - b50efb6b-48db-4cd0-9c2f-05b573e274e8: start RPC server
2019-10-14 13:35:48,321 [Datanode State Machine Thread - 0] INFO  server.GrpcService (GrpcService.java:startImpl(158)) - b50efb6b-48db-4cd0-9c2f-05b573e274e8: GrpcService started, listening on 0.0.0.0/0.0.0.0:37679
2019-10-14 13:35:48,321 [Datanode State Machine Thread - 0] INFO  ratis.XceiverServerRatis (XceiverServerRatis.java:start(427)) - XceiverServerRatis b50efb6b-48db-4cd0-9c2f-05b573e274e8 is started using port 37679
2019-10-14 13:35:48,321 [Datanode State Machine Thread - 0] INFO  server.XceiverServerGrpc (XceiverServerGrpc.java:start(149)) - XceiverServerGrpc b50efb6b-48db-4cd0-9c2f-05b573e274e8 is started using port 38506
2019-10-14 13:35:48,396 [Datanode State Machine Thread - 0] INFO  ozoneimpl.OzoneContainer (OzoneContainer.java:start(217)) - Attempting to start container services.
2019-10-14 13:35:48,397 [Datanode State Machine Thread - 0] INFO  ozoneimpl.OzoneContainer (OzoneContainer.java:startContainerScrub(179)) - Background container scanner has been disabled.
2019-10-14 13:35:48,397 [Datanode State Machine Thread - 0] INFO  ratis.XceiverServerRatis (XceiverServerRatis.java:start(417)) - Starting XceiverServerRatis 7df77bc0-e3dd-4187-b7ad-dfa30bc702b8 at port 0
2019-10-14 13:35:48,401 [Datanode State Machine Thread - 0] INFO  impl.RaftServerProxy (RaftServerProxy.java:lambda$start$3(299)) - 7df77bc0-e3dd-4187-b7ad-dfa30bc702b8: start RPC server
2019-10-14 13:35:48,404 [Datanode State Machine Thread - 0] INFO  server.GrpcService (GrpcService.java:startImpl(158)) - 7df77bc0-e3dd-4187-b7ad-dfa30bc702b8: GrpcService started, listening on 0.0.0.0/0.0.0.0:43482
2019-10-14 13:35:48,404 [Datanode State Machine Thread - 0] INFO  ratis.XceiverServerRatis (XceiverServerRatis.java:start(427)) - XceiverServerRatis 7df77bc0-e3dd-4187-b7ad-dfa30bc702b8 is started using port 43482
2019-10-14 13:35:48,407 [Datanode State Machine Thread - 0] INFO  server.XceiverServerGrpc (XceiverServerGrpc.java:start(149)) - XceiverServerGrpc 7df77bc0-e3dd-4187-b7ad-dfa30bc702b8 is started using port 46091
2019-10-14 13:35:48,475 [Datanode State Machine Thread - 0] INFO  ozoneimpl.OzoneContainer (OzoneContainer.java:start(217)) - Attempting to start container services.
2019-10-14 13:35:48,475 [Datanode State Machine Thread - 0] INFO  ozoneimpl.OzoneContainer (OzoneContainer.java:startContainerScrub(179)) - Background container scanner has been disabled.
2019-10-14 13:35:48,475 [Datanode State Machine Thread - 0] INFO  ratis.XceiverServerRatis (XceiverServerRatis.java:start(417)) - Starting XceiverServerRatis e7c7f36e-d189-4b90-8525-6de79529cd01 at port 0
2019-10-14 13:35:48,478 [Datanode State Machine Thread - 0] INFO  impl.RaftServerProxy (RaftServerProxy.java:lambda$start$3(299)) - e7c7f36e-d189-4b90-8525-6de79529cd01: start RPC server
2019-10-14 13:35:48,483 [Datanode State Machine Thread - 0] INFO  server.GrpcService (GrpcService.java:startImpl(158)) - e7c7f36e-d189-4b90-8525-6de79529cd01: GrpcService started, listening on 0.0.0.0/0.0.0.0:45463
2019-10-14 13:35:48,483 [Datanode State Machine Thread - 0] INFO  ratis.XceiverServerRatis (XceiverServerRatis.java:start(427)) - XceiverServerRatis e7c7f36e-d189-4b90-8525-6de79529cd01 is started using port 45463
2019-10-14 13:35:48,483 [Datanode State Machine Thread - 0] INFO  server.XceiverServerGrpc (XceiverServerGrpc.java:start(149)) - XceiverServerGrpc e7c7f36e-d189-4b90-8525-6de79529cd01 is started using port 34121
2019-10-14 13:35:48,578 [Datanode State Machine Thread - 0] INFO  ozoneimpl.OzoneContainer (OzoneContainer.java:start(217)) - Attempting to start container services.
2019-10-14 13:35:48,578 [Datanode State Machine Thread - 0] INFO  ozoneimpl.OzoneContainer (OzoneContainer.java:startContainerScrub(179)) - Background container scanner has been disabled.
2019-10-14 13:35:48,578 [Datanode State Machine Thread - 0] INFO  ratis.XceiverServerRatis (XceiverServerRatis.java:start(417)) - Starting XceiverServerRatis 9e115513-e6ec-4a7d-b9c6-4b6d56ff348d at port 0
2019-10-14 13:35:48,583 [Datanode State Machine Thread - 0] INFO  impl.RaftServerProxy (RaftServerProxy.java:lambda$start$3(299)) - 9e115513-e6ec-4a7d-b9c6-4b6d56ff348d: start RPC server
2019-10-14 13:35:48,586 [Datanode State Machine Thread - 0] INFO  server.GrpcService (GrpcService.java:startImpl(158)) - 9e115513-e6ec-4a7d-b9c6-4b6d56ff348d: GrpcService started, listening on 0.0.0.0/0.0.0.0:34973
2019-10-14 13:35:48,586 [Datanode State Machine Thread - 0] INFO  ratis.XceiverServerRatis (XceiverServerRatis.java:start(427)) - XceiverServerRatis 9e115513-e6ec-4a7d-b9c6-4b6d56ff348d is started using port 34973
2019-10-14 13:35:48,589 [Datanode State Machine Thread - 0] INFO  server.XceiverServerGrpc (XceiverServerGrpc.java:start(149)) - XceiverServerGrpc 9e115513-e6ec-4a7d-b9c6-4b6d56ff348d is started using port 40461
2019-10-14 13:35:48,654 [Datanode State Machine Thread - 0] INFO  ozoneimpl.OzoneContainer (OzoneContainer.java:start(217)) - Attempting to start container services.
2019-10-14 13:35:48,655 [Datanode State Machine Thread - 0] INFO  ozoneimpl.OzoneContainer (OzoneContainer.java:startContainerScrub(179)) - Background container scanner has been disabled.
2019-10-14 13:35:48,655 [Datanode State Machine Thread - 0] INFO  ratis.XceiverServerRatis (XceiverServerRatis.java:start(417)) - Starting XceiverServerRatis 555ba9c4-e1fb-4951-8745-8a136c55a872 at port 0
2019-10-14 13:35:48,659 [Datanode State Machine Thread - 0] INFO  impl.RaftServerProxy (RaftServerProxy.java:lambda$start$3(299)) - 555ba9c4-e1fb-4951-8745-8a136c55a872: start RPC server
2019-10-14 13:35:48,660 [Datanode State Machine Thread - 0] INFO  server.GrpcService (GrpcService.java:startImpl(158)) - 555ba9c4-e1fb-4951-8745-8a136c55a872: GrpcService started, listening on 0.0.0.0/0.0.0.0:43434
2019-10-14 13:35:48,660 [Datanode State Machine Thread - 0] INFO  ratis.XceiverServerRatis (XceiverServerRatis.java:start(427)) - XceiverServerRatis 555ba9c4-e1fb-4951-8745-8a136c55a872 is started using port 43434
2019-10-14 13:35:48,660 [Datanode State Machine Thread - 0] INFO  server.XceiverServerGrpc (XceiverServerGrpc.java:start(149)) - XceiverServerGrpc 555ba9c4-e1fb-4951-8745-8a136c55a872 is started using port 37933
2019-10-14 13:35:48,699 [main] INFO  ozone.MiniOzoneClusterImpl (MiniOzoneClusterImpl.java:lambda$waitForClusterToBeReady$0(147)) - Waiting for cluster to be ready. Got 0 of 7 DN Heartbeats.
2019-10-14 13:35:48,712 [Datanode State Machine Thread - 0] INFO  ozoneimpl.OzoneContainer (OzoneContainer.java:start(217)) - Attempting to start container services.
2019-10-14 13:35:48,712 [Datanode State Machine Thread - 0] INFO  ozoneimpl.OzoneContainer (OzoneContainer.java:startContainerScrub(179)) - Background container scanner has been disabled.
2019-10-14 13:35:48,712 [Datanode State Machine Thread - 0] INFO  ratis.XceiverServerRatis (XceiverServerRatis.java:start(417)) - Starting XceiverServerRatis ee8dcdf0-4257-4d09-94a8-3b6061644e06 at port 0
2019-10-14 13:35:48,717 [Datanode State Machine Thread - 0] INFO  impl.RaftServerProxy (RaftServerProxy.java:lambda$start$3(299)) - ee8dcdf0-4257-4d09-94a8-3b6061644e06: start RPC server
2019-10-14 13:35:48,721 [Datanode State Machine Thread - 0] INFO  server.GrpcService (GrpcService.java:startImpl(158)) - ee8dcdf0-4257-4d09-94a8-3b6061644e06: GrpcService started, listening on 0.0.0.0/0.0.0.0:34916
2019-10-14 13:35:48,721 [Datanode State Machine Thread - 0] INFO  ratis.XceiverServerRatis (XceiverServerRatis.java:start(427)) - XceiverServerRatis ee8dcdf0-4257-4d09-94a8-3b6061644e06 is started using port 34916
2019-10-14 13:35:48,734 [Datanode State Machine Thread - 0] INFO  server.XceiverServerGrpc (XceiverServerGrpc.java:start(149)) - XceiverServerGrpc ee8dcdf0-4257-4d09-94a8-3b6061644e06 is started using port 40960
2019-10-14 13:35:49,256 [grpc-default-executor-4] WARN  server.GrpcLogAppender (LogUtils.java:warn(134)) - 192e12c5-d762-43c7-a534-44a4e83d726f@group-5B0C9F4F55BE->677247a7-29f7-4094-aab0-2aa00681ebef-AppendLogResponseHandler: Failed appendEntries: org.apache.ratis.thirdparty.io.grpc.StatusRuntimeException: UNAVAILABLE: io exception
2019-10-14 13:35:49,256 [grpc-default-executor-9] WARN  server.GrpcLogAppender (LogUtils.java:warn(134)) - 192e12c5-d762-43c7-a534-44a4e83d726f@group-5B0C9F4F55BE->cf8d3001-8af4-4fc5-b72d-8dcaa9baa2e1-AppendLogResponseHandler: Failed appendEntries: org.apache.ratis.thirdparty.io.grpc.StatusRuntimeException: UNAVAILABLE: io exception
2019-10-14 13:35:49,257 [grpc-default-executor-4] INFO  impl.FollowerInfo (FollowerInfo.java:lambda$new$0(51)) - 192e12c5-d762-43c7-a534-44a4e83d726f@group-5B0C9F4F55BE->677247a7-29f7-4094-aab0-2aa00681ebef: nextIndex: updateUnconditionally 0 -> 0
2019-10-14 13:35:49,257 [grpc-default-executor-9] INFO  impl.FollowerInfo (FollowerInfo.java:lambda$new$0(51)) - 192e12c5-d762-43c7-a534-44a4e83d726f@group-5B0C9F4F55BE->cf8d3001-8af4-4fc5-b72d-8dcaa9baa2e1: nextIndex: updateUnconditionally 0 -> 0
2019-10-14 13:35:49,700 [main] INFO  ozone.MiniOzoneClusterImpl (MiniOzoneClusterImpl.java:lambda$waitForClusterToBeReady$0(147)) - Waiting for cluster to be ready. Got 0 of 7 DN Heartbeats.
2019-10-14 13:35:50,224 [IPC Server handler 5 on 42219] INFO  net.NetworkTopology (NetworkTopologyImpl.java:add(111)) - Added a new node: /default-rack/b99a251c-4429-4381-bc0b-b1b84baeee8b
2019-10-14 13:35:50,229 [IPC Server handler 5 on 42219] INFO  node.SCMNodeManager (SCMNodeManager.java:register(313)) - Registered Data node : b99a251c-4429-4381-bc0b-b1b84baeee8b{ip: 192.168.151.106, host: pr-hdds-2196-2-8n2dq-3116116325, networkLocation: /default-rack, certSerialId: null}
2019-10-14 13:35:50,230 [EventQueue-NodeRegistrationContainerReportForDataNodeSafeModeRule] INFO  safemode.SCMSafeModeManager (DataNodeSafeModeRule.java:process(71)) - SCM in safe mode. 1 DataNodes registered, 1 required.
2019-10-14 13:35:50,234 [EventQueue-NodeRegistrationContainerReportForDataNodeSafeModeRule] INFO  safemode.SCMSafeModeManager (SCMSafeModeManager.java:validateSafeModeExitRules(177)) - ScmSafeModeManager, all rules are successfully validated
2019-10-14 13:35:50,234 [EventQueue-NodeRegistrationContainerReportForDataNodeSafeModeRule] INFO  safemode.SCMSafeModeManager (SCMSafeModeManager.java:exitSafeMode(193)) - SCM exiting safe mode.
2019-10-14 13:35:50,246 [grpc-default-executor-9] INFO  impl.RaftServerProxy (RaftServerProxy.java:addNew(89)) - b99a251c-4429-4381-bc0b-b1b84baeee8b: addNew group-88EC536D1D5B:[b99a251c-4429-4381-bc0b-b1b84baeee8b:192.168.151.106:40760] returns group-88EC536D1D5B:java.util.concurrent.CompletableFuture@6182b89b[Not completed]
2019-10-14 13:35:50,247 [pool-383-thread-1] INFO  impl.RaftServerImpl (RaftServerImpl.java:<init>(95)) - b99a251c-4429-4381-bc0b-b1b84baeee8b: new RaftServerImpl for group-88EC536D1D5B:[b99a251c-4429-4381-bc0b-b1b84baeee8b:192.168.151.106:40760] with ContainerStateMachine:uninitialized
2019-10-14 13:35:50,247 [pool-383-thread-1] INFO  server.RaftServerConfigKeys (ConfUtils.java:logGet(43)) - raft.server.rpc.timeout.min = 5s (custom)
2019-10-14 13:35:50,248 [pool-383-thread-1] INFO  server.RaftServerConfigKeys (ConfUtils.java:logGet(43)) - raft.server.rpc.timeout.max = 5200ms (custom)
2019-10-14 13:35:50,248 [pool-383-thread-1] INFO  server.RaftServerConfigKeys (ConfUtils.java:logGet(43)) - raft.server.rpcslowness.timeout = 120s (custom)
2019-10-14 13:35:50,248 [pool-383-thread-1] INFO  server.RaftServerConfigKeys (ConfUtils.java:logGet(43)) - raft.server.sleep.deviation.threshold = 300 (default)
2019-10-14 13:35:50,248 [pool-383-thread-1] INFO  server.RaftServerConfigKeys (ConfUtils.java:logGet(43)) - raft.server.log.appender.install.snapshot.enabled = false (custom)
2019-10-14 13:35:50,248 [pool-383-thread-1] INFO  impl.RaftServerImpl (ServerState.java:<init>(103)) - b99a251c-4429-4381-bc0b-b1b84baeee8b@group-88EC536D1D5B: ConfigurationManager, init=-1: [b99a251c-4429-4381-bc0b-b1b84baeee8b:192.168.151.106:40760], old=null, confs=<EMPTY_MAP>
2019-10-14 13:35:50,248 [pool-383-thread-1] INFO  server.RaftServerConfigKeys (ConfUtils.java:logGet(43)) - raft.server.storage.dir = [/workdir/hadoop-ozone/integration-test/target/test-dir/MiniOzoneClusterImpl-e2ae5675-c21e-42f7-8419-fc156bd6edda/datanode-0/data/ratis] (custom)
2019-10-14 13:35:50,248 [pool-383-thread-1] INFO  server.RaftServerConfigKeys (ConfUtils.java:logGet(43)) - raft.server.log.corruption.policy = EXCEPTION (default)
2019-10-14 13:35:50,249 [pool-383-thread-1] INFO  storage.RaftStorageDirectory (RaftStorageDirectory.java:analyzeStorage(246)) - The storage directory /workdir/hadoop-ozone/integration-test/target/test-dir/MiniOzoneClusterImpl-e2ae5675-c21e-42f7-8419-fc156bd6edda/datanode-0/data/ratis/c376150d-f95e-4fb4-85ee-88ec536d1d5b does not exist. Creating ...
2019-10-14 13:35:50,262 [pool-383-thread-1] INFO  storage.RaftStorageDirectory (RaftStorageDirectory.java:tryLock(328)) - Lock on /workdir/hadoop-ozone/integration-test/target/test-dir/MiniOzoneClusterImpl-e2ae5675-c21e-42f7-8419-fc156bd6edda/datanode-0/data/ratis/c376150d-f95e-4fb4-85ee-88ec536d1d5b/in_use.lock acquired by nodename 26870@pr-hdds-2196-2-8n2dq-3116116325
2019-10-14 13:35:50,275 [pool-383-thread-1] INFO  storage.RaftStorage (RaftStorage.java:format(84)) - Storage directory /workdir/hadoop-ozone/integration-test/target/test-dir/MiniOzoneClusterImpl-e2ae5675-c21e-42f7-8419-fc156bd6edda/datanode-0/data/ratis/c376150d-f95e-4fb4-85ee-88ec536d1d5b has been successfully formatted.
2019-10-14 13:35:50,275 [pool-383-thread-1] INFO  ratis.ContainerStateMachine (ContainerStateMachine.java:loadSnapshot(230)) - group-88EC536D1D5B: The snapshot info is null. Setting the last applied indexto:(t:0, i:~)
2019-10-14 13:35:50,275 [pool-383-thread-1] INFO  server.RaftServerConfigKeys (ConfUtils.java:logGet(43)) - raft.server.notification.no-leader.timeout = 120s (custom)
2019-10-14 13:35:50,275 [pool-383-thread-1] INFO  server.RaftServerConfigKeys (ConfUtils.java:logGet(43)) - raft.server.log.use.memory = false (default)
2019-10-14 13:35:50,275 [pool-383-thread-1] INFO  server.RaftServerConfigKeys (ConfUtils.java:logGet(43)) - raft.server.log.purge.gap = 1000000 (custom)
2019-10-14 13:35:50,275 [pool-383-thread-1] INFO  server.RaftServerConfigKeys (ConfUtils.java:logGet(43)) - raft.server.log.appender.buffer.byte-limit = 33554432 (custom)
2019-10-14 13:35:50,276 [pool-383-thread-1] INFO  server.RaftServerConfigKeys (ConfUtils.java:logGet(43)) - raft.server.log.segment.size.max = 1048576 (custom)
2019-10-14 13:35:50,277 [pool-383-thread-1] INFO  server.RaftServerConfigKeys (ConfUtils.java:logGet(43)) - raft.server.log.segment.cache.num.max = 2 (custom)
2019-10-14 13:35:50,277 [pool-383-thread-1] INFO  segmented.SegmentedRaftLogWorker (SegmentedRaftLogWorker.java:<init>(173)) - new b99a251c-4429-4381-bc0b-b1b84baeee8b@group-88EC536D1D5B-SegmentedRaftLogWorker for RaftStorage:Storage Directory /workdir/hadoop-ozone/integration-test/target/test-dir/MiniOzoneClusterImpl-e2ae5675-c21e-42f7-8419-fc156bd6edda/datanode-0/data/ratis/c376150d-f95e-4fb4-85ee-88ec536d1d5b
2019-10-14 13:35:50,278 [pool-383-thread-1] INFO  server.RaftServerConfigKeys (ConfUtils.java:logGet(43)) - raft.server.log.queue.byte-limit = 2147483647 (custom)
2019-10-14 13:35:50,278 [pool-383-thread-1] INFO  server.RaftServerConfigKeys (ConfUtils.java:logGet(43)) - raft.server.log.queue.element-limit = 1024 (custom)
2019-10-14 13:35:50,278 [pool-383-thread-1] INFO  server.RaftServerConfigKeys (ConfUtils.java:logGet(43)) - raft.server.log.segment.size.max = 1048576 (custom)
2019-10-14 13:35:50,278 [pool-383-thread-1] INFO  server.RaftServerConfigKeys (ConfUtils.java:logGet(43)) - raft.server.log.preallocated.size = 16384 (custom)
2019-10-14 13:35:50,278 [pool-383-thread-1] INFO  server.RaftServerConfigKeys (ConfUtils.java:logGet(43)) - raft.server.log.write.buffer.size = 33554432 (custom)
2019-10-14 13:35:50,278 [pool-383-thread-1] INFO  server.RaftServerConfigKeys (ConfUtils.java:logGet(43)) - raft.server.log.force.sync.num = 128 (default)
2019-10-14 13:35:50,278 [pool-383-thread-1] INFO  server.RaftServerConfigKeys (ConfUtils.java:logGet(43)) - raft.server.log.statemachine.data.sync = true (default)
2019-10-14 13:35:50,278 [pool-383-thread-1] INFO  server.RaftServerConfigKeys (ConfUtils.java:logGet(43)) - raft.server.log.statemachine.data.sync.timeout = 10s (default)
2019-10-14 13:35:50,279 [pool-383-thread-1] INFO  server.RaftServerConfigKeys (ConfUtils.java:logGet(43)) - raft.server.log.statemachine.data.sync.timeout.retry = -1 (default)
2019-10-14 13:35:50,279 [pool-383-thread-1] INFO  server.RaftServerConfigKeys (ConfUtils.java:logGet(43)) - raft.server.log.statemachine.data.caching.enabled = true (custom)
2019-10-14 13:35:50,279 [pool-383-thread-1] INFO  segmented.SegmentedRaftLogWorker (SegmentedRaftLogWorker.java:lambda$new$0(128)) - b99a251c-4429-4381-bc0b-b1b84baeee8b@group-88EC536D1D5B-SegmentedRaftLogWorker: flushIndex: setUnconditionally 0 -> -1
2019-10-14 13:35:50,279 [pool-383-thread-1] INFO  server.RaftServerConfigKeys (ConfUtils.java:logGet(43)) - raft.server.snapshot.auto.trigger.enabled = true (custom)
2019-10-14 13:35:50,280 [pool-383-thread-1] INFO  server.RaftServerConfigKeys (ConfUtils.java:logGet(43)) - raft.server.snapshot.auto.trigger.threshold = 10000 (custom)
2019-10-14 13:35:50,280 [pool-383-thread-1] INFO  server.RaftServerConfigKeys (ConfUtils.java:logGet(43)) - raft.server.snapshot.retention.file.num = 5 (custom)
2019-10-14 13:35:50,280 [pool-383-thread-1] INFO  server.RaftServerConfigKeys (ConfUtils.java:logGet(43)) - raft.server.retrycache.expirytime = 600000ms (custom)
2019-10-14 13:35:50,281 [pool-383-thread-1] INFO  impl.RaftServerImpl (RaftServerImpl.java:start(181)) - b99a251c-4429-4381-bc0b-b1b84baeee8b@group-88EC536D1D5B: start as a follower, conf=-1: [b99a251c-4429-4381-bc0b-b1b84baeee8b:192.168.151.106:40760], old=null
2019-10-14 13:35:50,281 [pool-383-thread-1] INFO  impl.RaftServerImpl (RaftServerImpl.java:setRole(170)) - b99a251c-4429-4381-bc0b-b1b84baeee8b@group-88EC536D1D5B: changes role from      null to FOLLOWER at term 0 for startAsFollower
2019-10-14 13:35:50,281 [pool-383-thread-1] INFO  impl.RoleInfo (RoleInfo.java:updateAndGet(143)) - b99a251c-4429-4381-bc0b-b1b84baeee8b: start FollowerState
2019-10-14 13:35:50,282 [pool-383-thread-1] INFO  util.JmxRegister (JmxRegister.java:tryRegister(44)) - Successfully registered JMX Bean with object name Ratis:service=RaftServer,group=group-88EC536D1D5B,id=b99a251c-4429-4381-bc0b-b1b84baeee8b
2019-10-14 13:35:50,289 [RatisPipelineUtilsThread] INFO  pipeline.PipelineStateManager (PipelineStateManager.java:addPipeline(56)) - Created pipeline Pipeline[ Id: c376150d-f95e-4fb4-85ee-88ec536d1d5b, Nodes: b99a251c-4429-4381-bc0b-b1b84baeee8b{ip: 192.168.151.106, host: pr-hdds-2196-2-8n2dq-3116116325, networkLocation: /default-rack, certSerialId: null}, Type:RATIS, Factor:ONE, State:OPEN]
2019-10-14 13:35:50,299 [IPC Server handler 4 on 42219] INFO  net.NetworkTopology (NetworkTopologyImpl.java:add(111)) - Added a new node: /default-rack/b50efb6b-48db-4cd0-9c2f-05b573e274e8
2019-10-14 13:35:50,299 [IPC Server handler 4 on 42219] INFO  node.SCMNodeManager (SCMNodeManager.java:register(313)) - Registered Data node : b50efb6b-48db-4cd0-9c2f-05b573e274e8{ip: 192.168.151.106, host: pr-hdds-2196-2-8n2dq-3116116325, networkLocation: /default-rack, certSerialId: null}
2019-10-14 13:35:50,308 [grpc-default-executor-9] INFO  impl.RaftServerProxy (RaftServerProxy.java:addNew(89)) - b50efb6b-48db-4cd0-9c2f-05b573e274e8: addNew group-A730688590F0:[b50efb6b-48db-4cd0-9c2f-05b573e274e8:192.168.151.106:37679] returns group-A730688590F0:java.util.concurrent.CompletableFuture@7cbcb3fe[Not completed]
2019-10-14 13:35:50,309 [pool-393-thread-1] INFO  impl.RaftServerImpl (RaftServerImpl.java:<init>(95)) - b50efb6b-48db-4cd0-9c2f-05b573e274e8: new RaftServerImpl for group-A730688590F0:[b50efb6b-48db-4cd0-9c2f-05b573e274e8:192.168.151.106:37679] with ContainerStateMachine:uninitialized
2019-10-14 13:35:50,309 [pool-393-thread-1] INFO  server.RaftServerConfigKeys (ConfUtils.java:logGet(43)) - raft.server.rpc.timeout.min = 5s (custom)
2019-10-14 13:35:50,309 [pool-393-thread-1] INFO  server.RaftServerConfigKeys (ConfUtils.java:logGet(43)) - raft.server.rpc.timeout.max = 5200ms (custom)
2019-10-14 13:35:50,310 [pool-393-thread-1] INFO  server.RaftServerConfigKeys (ConfUtils.java:logGet(43)) - raft.server.rpcslowness.timeout = 120s (custom)
2019-10-14 13:35:50,310 [pool-393-thread-1] INFO  server.RaftServerConfigKeys (ConfUtils.java:logGet(43)) - raft.server.sleep.deviation.threshold = 300 (default)
2019-10-14 13:35:50,310 [pool-393-thread-1] INFO  server.RaftServerConfigKeys (ConfUtils.java:logGet(43)) - raft.server.log.appender.install.snapshot.enabled = false (custom)
2019-10-14 13:35:50,310 [pool-393-thread-1] INFO  impl.RaftServerImpl (ServerState.java:<init>(103)) - b50efb6b-48db-4cd0-9c2f-05b573e274e8@group-A730688590F0: ConfigurationManager, init=-1: [b50efb6b-48db-4cd0-9c2f-05b573e274e8:192.168.151.106:37679], old=null, confs=<EMPTY_MAP>
2019-10-14 13:35:50,310 [pool-393-thread-1] INFO  server.RaftServerConfigKeys (ConfUtils.java:logGet(43)) - raft.server.storage.dir = [/workdir/hadoop-ozone/integration-test/target/test-dir/MiniOzoneClusterImpl-e2ae5675-c21e-42f7-8419-fc156bd6edda/datanode-1/data/ratis] (custom)
2019-10-14 13:35:50,310 [pool-393-thread-1] INFO  server.RaftServerConfigKeys (ConfUtils.java:logGet(43)) - raft.server.log.corruption.policy = EXCEPTION (default)
2019-10-14 13:35:50,310 [pool-393-thread-1] INFO  storage.RaftStorageDirectory (RaftStorageDirectory.java:analyzeStorage(246)) - The storage directory /workdir/hadoop-ozone/integration-test/target/test-dir/MiniOzoneClusterImpl-e2ae5675-c21e-42f7-8419-fc156bd6edda/datanode-1/data/ratis/8dc42a81-a4af-4d3f-b994-a730688590f0 does not exist. Creating ...
2019-10-14 13:35:50,323 [pool-393-thread-1] INFO  storage.RaftStorageDirectory (RaftStorageDirectory.java:tryLock(328)) - Lock on /workdir/hadoop-ozone/integration-test/target/test-dir/MiniOzoneClusterImpl-e2ae5675-c21e-42f7-8419-fc156bd6edda/datanode-1/data/ratis/8dc42a81-a4af-4d3f-b994-a730688590f0/in_use.lock acquired by nodename 26870@pr-hdds-2196-2-8n2dq-3116116325
2019-10-14 13:35:50,336 [pool-393-thread-1] INFO  storage.RaftStorage (RaftStorage.java:format(84)) - Storage directory /workdir/hadoop-ozone/integration-test/target/test-dir/MiniOzoneClusterImpl-e2ae5675-c21e-42f7-8419-fc156bd6edda/datanode-1/data/ratis/8dc42a81-a4af-4d3f-b994-a730688590f0 has been successfully formatted.
2019-10-14 13:35:50,337 [pool-393-thread-1] INFO  ratis.ContainerStateMachine (ContainerStateMachine.java:loadSnapshot(230)) - group-A730688590F0: The snapshot info is null. Setting the last applied indexto:(t:0, i:~)
2019-10-14 13:35:50,337 [pool-393-thread-1] INFO  server.RaftServerConfigKeys (ConfUtils.java:logGet(43)) - raft.server.notification.no-leader.timeout = 120s (custom)
2019-10-14 13:35:50,337 [pool-393-thread-1] INFO  server.RaftServerConfigKeys (ConfUtils.java:logGet(43)) - raft.server.log.use.memory = false (default)
2019-10-14 13:35:50,337 [pool-393-thread-1] INFO  server.RaftServerConfigKeys (ConfUtils.java:logGet(43)) - raft.server.log.purge.gap = 1000000 (custom)
2019-10-14 13:35:50,337 [pool-393-thread-1] INFO  server.RaftServerConfigKeys (ConfUtils.java:logGet(43)) - raft.server.log.appender.buffer.byte-limit = 33554432 (custom)
2019-10-14 13:35:50,337 [pool-393-thread-1] INFO  server.RaftServerConfigKeys (ConfUtils.java:logGet(43)) - raft.server.log.segment.size.max = 1048576 (custom)
2019-10-14 13:35:50,338 [pool-393-thread-1] INFO  server.RaftServerConfigKeys (ConfUtils.java:logGet(43)) - raft.server.log.segment.cache.num.max = 2 (custom)
2019-10-14 13:35:50,338 [pool-393-thread-1] INFO  segmented.SegmentedRaftLogWorker (SegmentedRaftLogWorker.java:<init>(173)) - new b50efb6b-48db-4cd0-9c2f-05b573e274e8@group-A730688590F0-SegmentedRaftLogWorker for RaftStorage:Storage Directory /workdir/hadoop-ozone/integration-test/target/test-dir/MiniOzoneClusterImpl-e2ae5675-c21e-42f7-8419-fc156bd6edda/datanode-1/data/ratis/8dc42a81-a4af-4d3f-b994-a730688590f0
2019-10-14 13:35:50,339 [pool-393-thread-1] INFO  server.RaftServerConfigKeys (ConfUtils.java:logGet(43)) - raft.server.log.queue.byte-limit = 2147483647 (custom)
2019-10-14 13:35:50,339 [pool-393-thread-1] INFO  server.RaftServerConfigKeys (ConfUtils.java:logGet(43)) - raft.server.log.queue.element-limit = 1024 (custom)
2019-10-14 13:35:50,339 [pool-393-thread-1] INFO  server.RaftServerConfigKeys (ConfUtils.java:logGet(43)) - raft.server.log.segment.size.max = 1048576 (custom)
2019-10-14 13:35:50,339 [pool-393-thread-1] INFO  server.RaftServerConfigKeys (ConfUtils.java:logGet(43)) - raft.server.log.preallocated.size = 16384 (custom)
2019-10-14 13:35:50,339 [pool-393-thread-1] INFO  server.RaftServerConfigKeys (ConfUtils.java:logGet(43)) - raft.server.log.write.buffer.size = 33554432 (custom)
2019-10-14 13:35:50,339 [pool-393-thread-1] INFO  server.RaftServerConfigKeys (ConfUtils.java:logGet(43)) - raft.server.log.force.sync.num = 128 (default)
2019-10-14 13:35:50,339 [pool-393-thread-1] INFO  server.RaftServerConfigKeys (ConfUtils.java:logGet(43)) - raft.server.log.statemachine.data.sync = true (default)
2019-10-14 13:35:50,339 [pool-393-thread-1] INFO  server.RaftServerConfigKeys (ConfUtils.java:logGet(43)) - raft.server.log.statemachine.data.sync.timeout = 10s (default)
2019-10-14 13:35:50,339 [pool-393-thread-1] INFO  server.RaftServerConfigKeys (ConfUtils.java:logGet(43)) - raft.server.log.statemachine.data.sync.timeout.retry = -1 (default)
2019-10-14 13:35:50,340 [pool-393-thread-1] INFO  server.RaftServerConfigKeys (ConfUtils.java:logGet(43)) - raft.server.log.statemachine.data.caching.enabled = true (custom)
2019-10-14 13:35:50,340 [pool-393-thread-1] INFO  segmented.SegmentedRaftLogWorker (SegmentedRaftLogWorker.java:lambda$new$0(128)) - b50efb6b-48db-4cd0-9c2f-05b573e274e8@group-A730688590F0-SegmentedRaftLogWorker: flushIndex: setUnconditionally 0 -> -1
2019-10-14 13:35:50,340 [pool-393-thread-1] INFO  server.RaftServerConfigKeys (ConfUtils.java:logGet(43)) - raft.server.snapshot.auto.trigger.enabled = true (custom)
2019-10-14 13:35:50,340 [pool-393-thread-1] INFO  server.RaftServerConfigKeys (ConfUtils.java:logGet(43)) - raft.server.snapshot.auto.trigger.threshold = 10000 (custom)
2019-10-14 13:35:50,340 [pool-393-thread-1] INFO  server.RaftServerConfigKeys (ConfUtils.java:logGet(43)) - raft.server.snapshot.retention.file.num = 5 (custom)
2019-10-14 13:35:50,340 [pool-393-thread-1] INFO  server.RaftServerConfigKeys (ConfUtils.java:logGet(43)) - raft.server.retrycache.expirytime = 600000ms (custom)
2019-10-14 13:35:50,342 [pool-393-thread-1] INFO  impl.RaftServerImpl (RaftServerImpl.java:start(181)) - b50efb6b-48db-4cd0-9c2f-05b573e274e8@group-A730688590F0: start as a follower, conf=-1: [b50efb6b-48db-4cd0-9c2f-05b573e274e8:192.168.151.106:37679], old=null
2019-10-14 13:35:50,342 [pool-393-thread-1] INFO  impl.RaftServerImpl (RaftServerImpl.java:setRole(170)) - b50efb6b-48db-4cd0-9c2f-05b573e274e8@group-A730688590F0: changes role from      null to FOLLOWER at term 0 for startAsFollower
2019-10-14 13:35:50,342 [pool-393-thread-1] INFO  impl.RoleInfo (RoleInfo.java:updateAndGet(143)) - b50efb6b-48db-4cd0-9c2f-05b573e274e8: start FollowerState
2019-10-14 13:35:50,342 [pool-393-thread-1] INFO  util.JmxRegister (JmxRegister.java:tryRegister(44)) - Successfully registered JMX Bean with object name Ratis:service=RaftServer,group=group-A730688590F0,id=b50efb6b-48db-4cd0-9c2f-05b573e274e8
2019-10-14 13:35:50,348 [RatisPipelineUtilsThread] INFO  pipeline.PipelineStateManager (PipelineStateManager.java:addPipeline(56)) - Created pipeline Pipeline[ Id: 8dc42a81-a4af-4d3f-b994-a730688590f0, Nodes: b50efb6b-48db-4cd0-9c2f-05b573e274e8{ip: 192.168.151.106, host: pr-hdds-2196-2-8n2dq-3116116325, networkLocation: /default-rack, certSerialId: null}, Type:RATIS, Factor:ONE, State:OPEN]
2019-10-14 13:35:50,377 [IPC Server handler 1 on 42219] INFO  net.NetworkTopology (NetworkTopologyImpl.java:add(111)) - Added a new node: /default-rack/7df77bc0-e3dd-4187-b7ad-dfa30bc702b8
2019-10-14 13:35:50,377 [IPC Server handler 1 on 42219] INFO  node.SCMNodeManager (SCMNodeManager.java:register(313)) - Registered Data node : 7df77bc0-e3dd-4187-b7ad-dfa30bc702b8{ip: 192.168.151.106, host: pr-hdds-2196-2-8n2dq-3116116325, networkLocation: /default-rack, certSerialId: null}
2019-10-14 13:35:50,387 [grpc-default-executor-9] INFO  impl.RaftServerProxy (RaftServerProxy.java:addNew(89)) - 7df77bc0-e3dd-4187-b7ad-dfa30bc702b8: addNew group-D3AE8A128CF0:[7df77bc0-e3dd-4187-b7ad-dfa30bc702b8:192.168.151.106:43482] returns group-D3AE8A128CF0:java.util.concurrent.CompletableFuture@56326512[Not completed]
2019-10-14 13:35:50,390 [pool-403-thread-1] INFO  impl.RaftServerImpl (RaftServerImpl.java:<init>(95)) - 7df77bc0-e3dd-4187-b7ad-dfa30bc702b8: new RaftServerImpl for group-D3AE8A128CF0:[7df77bc0-e3dd-4187-b7ad-dfa30bc702b8:192.168.151.106:43482] with ContainerStateMachine:uninitialized
2019-10-14 13:35:50,391 [pool-403-thread-1] INFO  server.RaftServerConfigKeys (ConfUtils.java:logGet(43)) - raft.server.rpc.timeout.min = 5s (custom)
2019-10-14 13:35:50,391 [pool-403-thread-1] INFO  server.RaftServerConfigKeys (ConfUtils.java:logGet(43)) - raft.server.rpc.timeout.max = 5200ms (custom)
2019-10-14 13:35:50,391 [pool-403-thread-1] INFO  server.RaftServerConfigKeys (ConfUtils.java:logGet(43)) - raft.server.rpcslowness.timeout = 120s (custom)
2019-10-14 13:35:50,391 [pool-403-thread-1] INFO  server.RaftServerConfigKeys (ConfUtils.java:logGet(43)) - raft.server.sleep.deviation.threshold = 300 (default)
2019-10-14 13:35:50,391 [pool-403-thread-1] INFO  server.RaftServerConfigKeys (ConfUtils.java:logGet(43)) - raft.server.log.appender.install.snapshot.enabled = false (custom)
2019-10-14 13:35:50,391 [pool-403-thread-1] INFO  impl.RaftServerImpl (ServerState.java:<init>(103)) - 7df77bc0-e3dd-4187-b7ad-dfa30bc702b8@group-D3AE8A128CF0: ConfigurationManager, init=-1: [7df77bc0-e3dd-4187-b7ad-dfa30bc702b8:192.168.151.106:43482], old=null, confs=<EMPTY_MAP>
2019-10-14 13:35:50,391 [pool-403-thread-1] INFO  server.RaftServerConfigKeys (ConfUtils.java:logGet(43)) - raft.server.storage.dir = [/workdir/hadoop-ozone/integration-test/target/test-dir/MiniOzoneClusterImpl-e2ae5675-c21e-42f7-8419-fc156bd6edda/datanode-2/data/ratis] (custom)
2019-10-14 13:35:50,392 [pool-403-thread-1] INFO  server.RaftServerConfigKeys (ConfUtils.java:logGet(43)) - raft.server.log.corruption.policy = EXCEPTION (default)
2019-10-14 13:35:50,392 [pool-403-thread-1] INFO  storage.RaftStorageDirectory (RaftStorageDirectory.java:analyzeStorage(246)) - The storage directory /workdir/hadoop-ozone/integration-test/target/test-dir/MiniOzoneClusterImpl-e2ae5675-c21e-42f7-8419-fc156bd6edda/datanode-2/data/ratis/41f8e6f0-6348-4bff-a62b-d3ae8a128cf0 does not exist. Creating ...
2019-10-14 13:35:50,405 [pool-403-thread-1] INFO  storage.RaftStorageDirectory (RaftStorageDirectory.java:tryLock(328)) - Lock on /workdir/hadoop-ozone/integration-test/target/test-dir/MiniOzoneClusterImpl-e2ae5675-c21e-42f7-8419-fc156bd6edda/datanode-2/data/ratis/41f8e6f0-6348-4bff-a62b-d3ae8a128cf0/in_use.lock acquired by nodename 26870@pr-hdds-2196-2-8n2dq-3116116325
2019-10-14 13:35:50,418 [pool-403-thread-1] INFO  storage.RaftStorage (RaftStorage.java:format(84)) - Storage directory /workdir/hadoop-ozone/integration-test/target/test-dir/MiniOzoneClusterImpl-e2ae5675-c21e-42f7-8419-fc156bd6edda/datanode-2/data/ratis/41f8e6f0-6348-4bff-a62b-d3ae8a128cf0 has been successfully formatted.
2019-10-14 13:35:50,419 [pool-403-thread-1] INFO  ratis.ContainerStateMachine (ContainerStateMachine.java:loadSnapshot(230)) - group-D3AE8A128CF0: The snapshot info is null. Setting the last applied indexto:(t:0, i:~)
2019-10-14 13:35:50,419 [pool-403-thread-1] INFO  server.RaftServerConfigKeys (ConfUtils.java:logGet(43)) - raft.server.notification.no-leader.timeout = 120s (custom)
2019-10-14 13:35:50,419 [pool-403-thread-1] INFO  server.RaftServerConfigKeys (ConfUtils.java:logGet(43)) - raft.server.log.use.memory = false (default)
2019-10-14 13:35:50,419 [pool-403-thread-1] INFO  server.RaftServerConfigKeys (ConfUtils.java:logGet(43)) - raft.server.log.purge.gap = 1000000 (custom)
2019-10-14 13:35:50,419 [pool-403-thread-1] INFO  server.RaftServerConfigKeys (ConfUtils.java:logGet(43)) - raft.server.log.appender.buffer.byte-limit = 33554432 (custom)
2019-10-14 13:35:50,419 [pool-403-thread-1] INFO  server.RaftServerConfigKeys (ConfUtils.java:logGet(43)) - raft.server.log.segment.size.max = 1048576 (custom)
2019-10-14 13:35:50,421 [pool-403-thread-1] INFO  server.RaftServerConfigKeys (ConfUtils.java:logGet(43)) - raft.server.log.segment.cache.num.max = 2 (custom)
2019-10-14 13:35:50,421 [pool-403-thread-1] INFO  segmented.SegmentedRaftLogWorker (SegmentedRaftLogWorker.java:<init>(173)) - new 7df77bc0-e3dd-4187-b7ad-dfa30bc702b8@group-D3AE8A128CF0-SegmentedRaftLogWorker for RaftStorage:Storage Directory /workdir/hadoop-ozone/integration-test/target/test-dir/MiniOzoneClusterImpl-e2ae5675-c21e-42f7-8419-fc156bd6edda/datanode-2/data/ratis/41f8e6f0-6348-4bff-a62b-d3ae8a128cf0
2019-10-14 13:35:50,421 [pool-403-thread-1] INFO  server.RaftServerConfigKeys (ConfUtils.java:logGet(43)) - raft.server.log.queue.byte-limit = 2147483647 (custom)
2019-10-14 13:35:50,421 [pool-403-thread-1] INFO  server.RaftServerConfigKeys (ConfUtils.java:logGet(43)) - raft.server.log.queue.element-limit = 1024 (custom)
2019-10-14 13:35:50,421 [pool-403-thread-1] INFO  server.RaftServerConfigKeys (ConfUtils.java:logGet(43)) - raft.server.log.segment.size.max = 1048576 (custom)
2019-10-14 13:35:50,421 [pool-403-thread-1] INFO  server.RaftServerConfigKeys (ConfUtils.java:logGet(43)) - raft.server.log.preallocated.size = 16384 (custom)
2019-10-14 13:35:50,421 [pool-403-thread-1] INFO  server.RaftServerConfigKeys (ConfUtils.java:logGet(43)) - raft.server.log.write.buffer.size = 33554432 (custom)
2019-10-14 13:35:50,422 [pool-403-thread-1] INFO  server.RaftServerConfigKeys (ConfUtils.java:logGet(43)) - raft.server.log.force.sync.num = 128 (default)
2019-10-14 13:35:50,422 [pool-403-thread-1] INFO  server.RaftServerConfigKeys (ConfUtils.java:logGet(43)) - raft.server.log.statemachine.data.sync = true (default)
2019-10-14 13:35:50,422 [pool-403-thread-1] INFO  server.RaftServerConfigKeys (ConfUtils.java:logGet(43)) - raft.server.log.statemachine.data.sync.timeout = 10s (default)
2019-10-14 13:35:50,422 [pool-403-thread-1] INFO  server.RaftServerConfigKeys (ConfUtils.java:logGet(43)) - raft.server.log.statemachine.data.sync.timeout.retry = -1 (default)
2019-10-14 13:35:50,422 [pool-403-thread-1] INFO  server.RaftServerConfigKeys (ConfUtils.java:logGet(43)) - raft.server.log.statemachine.data.caching.enabled = true (custom)
2019-10-14 13:35:50,423 [pool-403-thread-1] INFO  segmented.SegmentedRaftLogWorker (SegmentedRaftLogWorker.java:lambda$new$0(128)) - 7df77bc0-e3dd-4187-b7ad-dfa30bc702b8@group-D3AE8A128CF0-SegmentedRaftLogWorker: flushIndex: setUnconditionally 0 -> -1
2019-10-14 13:35:50,423 [pool-403-thread-1] INFO  server.RaftServerConfigKeys (ConfUtils.java:logGet(43)) - raft.server.snapshot.auto.trigger.enabled = true (custom)
2019-10-14 13:35:50,423 [pool-403-thread-1] INFO  server.RaftServerConfigKeys (ConfUtils.java:logGet(43)) - raft.server.snapshot.auto.trigger.threshold = 10000 (custom)
2019-10-14 13:35:50,423 [pool-403-thread-1] INFO  server.RaftServerConfigKeys (ConfUtils.java:logGet(43)) - raft.server.snapshot.retention.file.num = 5 (custom)
2019-10-14 13:35:50,423 [pool-403-thread-1] INFO  server.RaftServerConfigKeys (ConfUtils.java:logGet(43)) - raft.server.retrycache.expirytime = 600000ms (custom)
2019-10-14 13:35:50,425 [pool-403-thread-1] INFO  impl.RaftServerImpl (RaftServerImpl.java:start(181)) - 7df77bc0-e3dd-4187-b7ad-dfa30bc702b8@group-D3AE8A128CF0: start as a follower, conf=-1: [7df77bc0-e3dd-4187-b7ad-dfa30bc702b8:192.168.151.106:43482], old=null
2019-10-14 13:35:50,425 [pool-403-thread-1] INFO  impl.RaftServerImpl (RaftServerImpl.java:setRole(170)) - 7df77bc0-e3dd-4187-b7ad-dfa30bc702b8@group-D3AE8A128CF0: changes role from      null to FOLLOWER at term 0 for startAsFollower
2019-10-14 13:35:50,425 [pool-403-thread-1] INFO  impl.RoleInfo (RoleInfo.java:updateAndGet(143)) - 7df77bc0-e3dd-4187-b7ad-dfa30bc702b8: start FollowerState
2019-10-14 13:35:50,425 [pool-403-thread-1] INFO  util.JmxRegister (JmxRegister.java:tryRegister(44)) - Successfully registered JMX Bean with object name Ratis:service=RaftServer,group=group-D3AE8A128CF0,id=7df77bc0-e3dd-4187-b7ad-dfa30bc702b8
2019-10-14 13:35:50,433 [RatisPipelineUtilsThread] INFO  pipeline.PipelineStateManager (PipelineStateManager.java:addPipeline(56)) - Created pipeline Pipeline[ Id: 41f8e6f0-6348-4bff-a62b-d3ae8a128cf0, Nodes: 7df77bc0-e3dd-4187-b7ad-dfa30bc702b8{ip: 192.168.151.106, host: pr-hdds-2196-2-8n2dq-3116116325, networkLocation: /default-rack, certSerialId: null}, Type:RATIS, Factor:ONE, State:OPEN]
2019-10-14 13:35:50,451 [grpc-default-executor-9] INFO  impl.RaftServerProxy (RaftServerProxy.java:addNew(89)) - 7df77bc0-e3dd-4187-b7ad-dfa30bc702b8: addNew group-DDB366BE461F:[b99a251c-4429-4381-bc0b-b1b84baeee8b:192.168.151.106:40760, 7df77bc0-e3dd-4187-b7ad-dfa30bc702b8:192.168.151.106:43482, b50efb6b-48db-4cd0-9c2f-05b573e274e8:192.168.151.106:37679] returns group-DDB366BE461F:java.util.concurrent.CompletableFuture@2f3f9fd5[Not completed]
2019-10-14 13:35:50,454 [grpc-default-executor-9] INFO  impl.RaftServerProxy (RaftServerProxy.java:addNew(89)) - b99a251c-4429-4381-bc0b-b1b84baeee8b: addNew group-DDB366BE461F:[b99a251c-4429-4381-bc0b-b1b84baeee8b:192.168.151.106:40760, 7df77bc0-e3dd-4187-b7ad-dfa30bc702b8:192.168.151.106:43482, b50efb6b-48db-4cd0-9c2f-05b573e274e8:192.168.151.106:37679] returns group-DDB366BE461F:java.util.concurrent.CompletableFuture@6a6065d5[Not completed]
2019-10-14 13:35:50,455 [pool-403-thread-1] INFO  impl.RaftServerImpl (RaftServerImpl.java:<init>(95)) - 7df77bc0-e3dd-4187-b7ad-dfa30bc702b8: new RaftServerImpl for group-DDB366BE461F:[b99a251c-4429-4381-bc0b-b1b84baeee8b:192.168.151.106:40760, 7df77bc0-e3dd-4187-b7ad-dfa30bc702b8:192.168.151.106:43482, b50efb6b-48db-4cd0-9c2f-05b573e274e8:192.168.151.106:37679] with ContainerStateMachine:uninitialized
2019-10-14 13:35:50,455 [pool-403-thread-1] INFO  server.RaftServerConfigKeys (ConfUtils.java:logGet(43)) - raft.server.rpc.timeout.min = 5s (custom)
2019-10-14 13:35:50,455 [pool-403-thread-1] INFO  server.RaftServerConfigKeys (ConfUtils.java:logGet(43)) - raft.server.rpc.timeout.max = 5200ms (custom)
2019-10-14 13:35:50,455 [pool-403-thread-1] INFO  server.RaftServerConfigKeys (ConfUtils.java:logGet(43)) - raft.server.rpcslowness.timeout = 120s (custom)
2019-10-14 13:35:50,458 [pool-403-thread-1] INFO  server.RaftServerConfigKeys (ConfUtils.java:logGet(43)) - raft.server.sleep.deviation.threshold = 300 (default)
2019-10-14 13:35:50,458 [grpc-default-executor-9] INFO  impl.RaftServerProxy (RaftServerProxy.java:addNew(89)) - b50efb6b-48db-4cd0-9c2f-05b573e274e8: addNew group-DDB366BE461F:[b99a251c-4429-4381-bc0b-b1b84baeee8b:192.168.151.106:40760, 7df77bc0-e3dd-4187-b7ad-dfa30bc702b8:192.168.151.106:43482, b50efb6b-48db-4cd0-9c2f-05b573e274e8:192.168.151.106:37679] returns group-DDB366BE461F:java.util.concurrent.CompletableFuture@651c5ca7[Not completed]
2019-10-14 13:35:50,458 [pool-383-thread-1] INFO  impl.RaftServerImpl (RaftServerImpl.java:<init>(95)) - b99a251c-4429-4381-bc0b-b1b84baeee8b: new RaftServerImpl for group-DDB366BE461F:[b99a251c-4429-4381-bc0b-b1b84baeee8b:192.168.151.106:40760, 7df77bc0-e3dd-4187-b7ad-dfa30bc702b8:192.168.151.106:43482, b50efb6b-48db-4cd0-9c2f-05b573e274e8:192.168.151.106:37679] with ContainerStateMachine:uninitialized
2019-10-14 13:35:50,458 [pool-403-thread-1] INFO  server.RaftServerConfigKeys (ConfUtils.java:logGet(43)) - raft.server.log.appender.install.snapshot.enabled = false (custom)
2019-10-14 13:35:50,458 [pool-383-thread-1] INFO  server.RaftServerConfigKeys (ConfUtils.java:logGet(43)) - raft.server.rpc.timeout.min = 5s (custom)
2019-10-14 13:35:50,459 [pool-393-thread-1] INFO  impl.RaftServerImpl (RaftServerImpl.java:<init>(95)) - b50efb6b-48db-4cd0-9c2f-05b573e274e8: new RaftServerImpl for group-DDB366BE461F:[b99a251c-4429-4381-bc0b-b1b84baeee8b:192.168.151.106:40760, 7df77bc0-e3dd-4187-b7ad-dfa30bc702b8:192.168.151.106:43482, b50efb6b-48db-4cd0-9c2f-05b573e274e8:192.168.151.106:37679] with ContainerStateMachine:uninitialized
2019-10-14 13:35:50,458 [pool-403-thread-1] INFO  impl.RaftServerImpl (ServerState.java:<init>(103)) - 7df77bc0-e3dd-4187-b7ad-dfa30bc702b8@group-DDB366BE461F: ConfigurationManager, init=-1: [b99a251c-4429-4381-bc0b-b1b84baeee8b:192.168.151.106:40760, 7df77bc0-e3dd-4187-b7ad-dfa30bc702b8:192.168.151.106:43482, b50efb6b-48db-4cd0-9c2f-05b573e274e8:192.168.151.106:37679], old=null, confs=<EMPTY_MAP>
2019-10-14 13:35:50,459 [pool-393-thread-1] INFO  server.RaftServerConfigKeys (ConfUtils.java:logGet(43)) - raft.server.rpc.timeout.min = 5s (custom)
2019-10-14 13:35:50,459 [pool-383-thread-1] INFO  server.RaftServerConfigKeys (ConfUtils.java:logGet(43)) - raft.server.rpc.timeout.max = 5200ms (custom)
2019-10-14 13:35:50,459 [pool-393-thread-1] INFO  server.RaftServerConfigKeys (ConfUtils.java:logGet(43)) - raft.server.rpc.timeout.max = 5200ms (custom)
2019-10-14 13:35:50,459 [pool-393-thread-1] INFO  server.RaftServerConfigKeys (ConfUtils.java:logGet(43)) - raft.server.rpcslowness.timeout = 120s (custom)
2019-10-14 13:35:50,459 [pool-403-thread-1] INFO  server.RaftServerConfigKeys (ConfUtils.java:logGet(43)) - raft.server.storage.dir = [/workdir/hadoop-ozone/integration-test/target/test-dir/MiniOzoneClusterImpl-e2ae5675-c21e-42f7-8419-fc156bd6edda/datanode-2/data/ratis] (custom)
2019-10-14 13:35:50,459 [pool-393-thread-1] INFO  server.RaftServerConfigKeys (ConfUtils.java:logGet(43)) - raft.server.sleep.deviation.threshold = 300 (default)
2019-10-14 13:35:50,459 [pool-383-thread-1] INFO  server.RaftServerConfigKeys (ConfUtils.java:logGet(43)) - raft.server.rpcslowness.timeout = 120s (custom)
2019-10-14 13:35:50,459 [pool-403-thread-1] INFO  server.RaftServerConfigKeys (ConfUtils.java:logGet(43)) - raft.server.log.corruption.policy = EXCEPTION (default)
2019-10-14 13:35:50,459 [pool-393-thread-1] INFO  server.RaftServerConfigKeys (ConfUtils.java:logGet(43)) - raft.server.log.appender.install.snapshot.enabled = false (custom)
2019-10-14 13:35:50,460 [pool-403-thread-1] INFO  storage.RaftStorageDirectory (RaftStorageDirectory.java:analyzeStorage(246)) - The storage directory /workdir/hadoop-ozone/integration-test/target/test-dir/MiniOzoneClusterImpl-e2ae5675-c21e-42f7-8419-fc156bd6edda/datanode-2/data/ratis/20624a18-cab5-4977-908a-ddb366be461f does not exist. Creating ...
2019-10-14 13:35:50,460 [pool-383-thread-1] INFO  server.RaftServerConfigKeys (ConfUtils.java:logGet(43)) - raft.server.sleep.deviation.threshold = 300 (default)
2019-10-14 13:35:50,460 [pool-393-thread-1] INFO  impl.RaftServerImpl (ServerState.java:<init>(103)) - b50efb6b-48db-4cd0-9c2f-05b573e274e8@group-DDB366BE461F: ConfigurationManager, init=-1: [b99a251c-4429-4381-bc0b-b1b84baeee8b:192.168.151.106:40760, 7df77bc0-e3dd-4187-b7ad-dfa30bc702b8:192.168.151.106:43482, b50efb6b-48db-4cd0-9c2f-05b573e274e8:192.168.151.106:37679], old=null, confs=<EMPTY_MAP>
2019-10-14 13:35:50,460 [pool-383-thread-1] INFO  server.RaftServerConfigKeys (ConfUtils.java:logGet(43)) - raft.server.log.appender.install.snapshot.enabled = false (custom)
2019-10-14 13:35:50,460 [pool-393-thread-1] INFO  server.RaftServerConfigKeys (ConfUtils.java:logGet(43)) - raft.server.storage.dir = [/workdir/hadoop-ozone/integration-test/target/test-dir/MiniOzoneClusterImpl-e2ae5675-c21e-42f7-8419-fc156bd6edda/datanode-1/data/ratis] (custom)
2019-10-14 13:35:50,460 [pool-383-thread-1] INFO  impl.RaftServerImpl (ServerState.java:<init>(103)) - b99a251c-4429-4381-bc0b-b1b84baeee8b@group-DDB366BE461F: ConfigurationManager, init=-1: [b99a251c-4429-4381-bc0b-b1b84baeee8b:192.168.151.106:40760, 7df77bc0-e3dd-4187-b7ad-dfa30bc702b8:192.168.151.106:43482, b50efb6b-48db-4cd0-9c2f-05b573e274e8:192.168.151.106:37679], old=null, confs=<EMPTY_MAP>
2019-10-14 13:35:50,460 [pool-393-thread-1] INFO  server.RaftServerConfigKeys (ConfUtils.java:logGet(43)) - raft.server.log.corruption.policy = EXCEPTION (default)
2019-10-14 13:35:50,461 [pool-383-thread-1] INFO  server.RaftServerConfigKeys (ConfUtils.java:logGet(43)) - raft.server.storage.dir = [/workdir/hadoop-ozone/integration-test/target/test-dir/MiniOzoneClusterImpl-e2ae5675-c21e-42f7-8419-fc156bd6edda/datanode-0/data/ratis] (custom)
2019-10-14 13:35:50,461 [pool-393-thread-1] INFO  storage.RaftStorageDirectory (RaftStorageDirectory.java:analyzeStorage(246)) - The storage directory /workdir/hadoop-ozone/integration-test/target/test-dir/MiniOzoneClusterImpl-e2ae5675-c21e-42f7-8419-fc156bd6edda/datanode-1/data/ratis/20624a18-cab5-4977-908a-ddb366be461f does not exist. Creating ...
2019-10-14 13:35:50,461 [pool-383-thread-1] INFO  server.RaftServerConfigKeys (ConfUtils.java:logGet(43)) - raft.server.log.corruption.policy = EXCEPTION (default)
2019-10-14 13:35:50,461 [pool-383-thread-1] INFO  storage.RaftStorageDirectory (RaftStorageDirectory.java:analyzeStorage(246)) - The storage directory /workdir/hadoop-ozone/integration-test/target/test-dir/MiniOzoneClusterImpl-e2ae5675-c21e-42f7-8419-fc156bd6edda/datanode-0/data/ratis/20624a18-cab5-4977-908a-ddb366be461f does not exist. Creating ...
2019-10-14 13:35:50,461 [IPC Server handler 8 on 42219] INFO  net.NetworkTopology (NetworkTopologyImpl.java:add(111)) - Added a new node: /default-rack/e7c7f36e-d189-4b90-8525-6de79529cd01
2019-10-14 13:35:50,462 [IPC Server handler 8 on 42219] INFO  node.SCMNodeManager (SCMNodeManager.java:register(313)) - Registered Data node : e7c7f36e-d189-4b90-8525-6de79529cd01{ip: 192.168.151.106, host: pr-hdds-2196-2-8n2dq-3116116325, networkLocation: /default-rack, certSerialId: null}
2019-10-14 13:35:50,473 [pool-383-thread-1] INFO  storage.RaftStorageDirectory (RaftStorageDirectory.java:tryLock(328)) - Lock on /workdir/hadoop-ozone/integration-test/target/test-dir/MiniOzoneClusterImpl-e2ae5675-c21e-42f7-8419-fc156bd6edda/datanode-0/data/ratis/20624a18-cab5-4977-908a-ddb366be461f/in_use.lock acquired by nodename 26870@pr-hdds-2196-2-8n2dq-3116116325
2019-10-14 13:35:50,473 [pool-403-thread-1] INFO  storage.RaftStorageDirectory (RaftStorageDirectory.java:tryLock(328)) - Lock on /workdir/hadoop-ozone/integration-test/target/test-dir/MiniOzoneClusterImpl-e2ae5675-c21e-42f7-8419-fc156bd6edda/datanode-2/data/ratis/20624a18-cab5-4977-908a-ddb366be461f/in_use.lock acquired by nodename 26870@pr-hdds-2196-2-8n2dq-3116116325
2019-10-14 13:35:50,473 [pool-393-thread-1] INFO  storage.RaftStorageDirectory (RaftStorageDirectory.java:tryLock(328)) - Lock on /workdir/hadoop-ozone/integration-test/target/test-dir/MiniOzoneClusterImpl-e2ae5675-c21e-42f7-8419-fc156bd6edda/datanode-1/data/ratis/20624a18-cab5-4977-908a-ddb366be461f/in_use.lock acquired by nodename 26870@pr-hdds-2196-2-8n2dq-3116116325
2019-10-14 13:35:50,486 [pool-403-thread-1] INFO  storage.RaftStorage (RaftStorage.java:format(84)) - Storage directory /workdir/hadoop-ozone/integration-test/target/test-dir/MiniOzoneClusterImpl-e2ae5675-c21e-42f7-8419-fc156bd6edda/datanode-2/data/ratis/20624a18-cab5-4977-908a-ddb366be461f has been successfully formatted.
2019-10-14 13:35:50,486 [pool-393-thread-1] INFO  storage.RaftStorage (RaftStorage.java:format(84)) - Storage directory /workdir/hadoop-ozone/integration-test/target/test-dir/MiniOzoneClusterImpl-e2ae5675-c21e-42f7-8419-fc156bd6edda/datanode-1/data/ratis/20624a18-cab5-4977-908a-ddb366be461f has been successfully formatted.
2019-10-14 13:35:50,486 [pool-403-thread-1] INFO  ratis.ContainerStateMachine (ContainerStateMachine.java:loadSnapshot(230)) - group-DDB366BE461F: The snapshot info is null. Setting the last applied indexto:(t:0, i:~)
2019-10-14 13:35:50,486 [pool-383-thread-1] INFO  storage.RaftStorage (RaftStorage.java:format(84)) - Storage directory /workdir/hadoop-ozone/integration-test/target/test-dir/MiniOzoneClusterImpl-e2ae5675-c21e-42f7-8419-fc156bd6edda/datanode-0/data/ratis/20624a18-cab5-4977-908a-ddb366be461f has been successfully formatted.
2019-10-14 13:35:50,487 [pool-403-thread-1] INFO  server.RaftServerConfigKeys (ConfUtils.java:logGet(43)) - raft.server.notification.no-leader.timeout = 120s (custom)
2019-10-14 13:35:50,487 [pool-403-thread-1] INFO  server.RaftServerConfigKeys (ConfUtils.java:logGet(43)) - raft.server.log.use.memory = false (default)
2019-10-14 13:35:50,487 [pool-383-thread-1] INFO  ratis.ContainerStateMachine (ContainerStateMachine.java:loadSnapshot(230)) - group-DDB366BE461F: The snapshot info is null. Setting the last applied indexto:(t:0, i:~)
2019-10-14 13:35:50,487 [pool-403-thread-1] INFO  server.RaftServerConfigKeys (ConfUtils.java:logGet(43)) - raft.server.log.purge.gap = 1000000 (custom)
2019-10-14 13:35:50,487 [pool-383-thread-1] INFO  server.RaftServerConfigKeys (ConfUtils.java:logGet(43)) - raft.server.notification.no-leader.timeout = 120s (custom)
2019-10-14 13:35:50,487 [pool-393-thread-1] INFO  ratis.ContainerStateMachine (ContainerStateMachine.java:loadSnapshot(230)) - group-DDB366BE461F: The snapshot info is null. Setting the last applied indexto:(t:0, i:~)
2019-10-14 13:35:50,487 [pool-403-thread-1] INFO  server.RaftServerConfigKeys (ConfUtils.java:logGet(43)) - raft.server.log.appender.buffer.byte-limit = 33554432 (custom)
2019-10-14 13:35:50,488 [pool-393-thread-1] INFO  server.RaftServerConfigKeys (ConfUtils.java:logGet(43)) - raft.server.notification.no-leader.timeout = 120s (custom)
2019-10-14 13:35:50,487 [pool-383-thread-1] INFO  server.RaftServerConfigKeys (ConfUtils.java:logGet(43)) - raft.server.log.use.memory = false (default)
2019-10-14 13:35:50,488 [pool-393-thread-1] INFO  server.RaftServerConfigKeys (ConfUtils.java:logGet(43)) - raft.server.log.use.memory = false (default)
2019-10-14 13:35:50,488 [pool-403-thread-1] INFO  server.RaftServerConfigKeys (ConfUtils.java:logGet(43)) - raft.server.log.segment.size.max = 1048576 (custom)
2019-10-14 13:35:50,488 [pool-393-thread-1] INFO  server.RaftServerConfigKeys (ConfUtils.java:logGet(43)) - raft.server.log.purge.gap = 1000000 (custom)
2019-10-14 13:35:50,488 [pool-383-thread-1] INFO  server.RaftServerConfigKeys (ConfUtils.java:logGet(43)) - raft.server.log.purge.gap = 1000000 (custom)
2019-10-14 13:35:50,488 [pool-393-thread-1] INFO  server.RaftServerConfigKeys (ConfUtils.java:logGet(43)) - raft.server.log.appender.buffer.byte-limit = 33554432 (custom)
2019-10-14 13:35:50,488 [pool-403-thread-1] INFO  server.RaftServerConfigKeys (ConfUtils.java:logGet(43)) - raft.server.log.segment.cache.num.max = 2 (custom)
2019-10-14 13:35:50,488 [pool-393-thread-1] INFO  server.RaftServerConfigKeys (ConfUtils.java:logGet(43)) - raft.server.log.segment.size.max = 1048576 (custom)
2019-10-14 13:35:50,488 [pool-383-thread-1] INFO  server.RaftServerConfigKeys (ConfUtils.java:logGet(43)) - raft.server.log.appender.buffer.byte-limit = 33554432 (custom)
2019-10-14 13:35:50,489 [pool-393-thread-1] INFO  server.RaftServerConfigKeys (ConfUtils.java:logGet(43)) - raft.server.log.segment.cache.num.max = 2 (custom)
2019-10-14 13:35:50,489 [pool-403-thread-1] INFO  segmented.SegmentedRaftLogWorker (SegmentedRaftLogWorker.java:<init>(173)) - new 7df77bc0-e3dd-4187-b7ad-dfa30bc702b8@group-DDB366BE461F-SegmentedRaftLogWorker for RaftStorage:Storage Directory /workdir/hadoop-ozone/integration-test/target/test-dir/MiniOzoneClusterImpl-e2ae5675-c21e-42f7-8419-fc156bd6edda/datanode-2/data/ratis/20624a18-cab5-4977-908a-ddb366be461f
2019-10-14 13:35:50,489 [pool-393-thread-1] INFO  segmented.SegmentedRaftLogWorker (SegmentedRaftLogWorker.java:<init>(173)) - new b50efb6b-48db-4cd0-9c2f-05b573e274e8@group-DDB366BE461F-SegmentedRaftLogWorker for RaftStorage:Storage Directory /workdir/hadoop-ozone/integration-test/target/test-dir/MiniOzoneClusterImpl-e2ae5675-c21e-42f7-8419-fc156bd6edda/datanode-1/data/ratis/20624a18-cab5-4977-908a-ddb366be461f
2019-10-14 13:35:50,489 [pool-383-thread-1] INFO  server.RaftServerConfigKeys (ConfUtils.java:logGet(43)) - raft.server.log.segment.size.max = 1048576 (custom)
2019-10-14 13:35:50,489 [pool-393-thread-1] INFO  server.RaftServerConfigKeys (ConfUtils.java:logGet(43)) - raft.server.log.queue.byte-limit = 2147483647 (custom)
2019-10-14 13:35:50,489 [pool-403-thread-1] INFO  server.RaftServerConfigKeys (ConfUtils.java:logGet(43)) - raft.server.log.queue.byte-limit = 2147483647 (custom)
2019-10-14 13:35:50,489 [pool-393-thread-1] INFO  server.RaftServerConfigKeys (ConfUtils.java:logGet(43)) - raft.server.log.queue.element-limit = 1024 (custom)
2019-10-14 13:35:50,489 [pool-383-thread-1] INFO  server.RaftServerConfigKeys (ConfUtils.java:logGet(43)) - raft.server.log.segment.cache.num.max = 2 (custom)
2019-10-14 13:35:50,489 [pool-393-thread-1] INFO  server.RaftServerConfigKeys (ConfUtils.java:logGet(43)) - raft.server.log.segment.size.max = 1048576 (custom)
2019-10-14 13:35:50,489 [pool-403-thread-1] INFO  server.RaftServerConfigKeys (ConfUtils.java:logGet(43)) - raft.server.log.queue.element-limit = 1024 (custom)
2019-10-14 13:35:50,489 [pool-393-thread-1] INFO  server.RaftServerConfigKeys (ConfUtils.java:logGet(43)) - raft.server.log.preallocated.size = 16384 (custom)
2019-10-14 13:35:50,489 [pool-383-thread-1] INFO  segmented.SegmentedRaftLogWorker (SegmentedRaftLogWorker.java:<init>(173)) - new b99a251c-4429-4381-bc0b-b1b84baeee8b@group-DDB366BE461F-SegmentedRaftLogWorker for RaftStorage:Storage Directory /workdir/hadoop-ozone/integration-test/target/test-dir/MiniOzoneClusterImpl-e2ae5675-c21e-42f7-8419-fc156bd6edda/datanode-0/data/ratis/20624a18-cab5-4977-908a-ddb366be461f
2019-10-14 13:35:50,490 [pool-393-thread-1] INFO  server.RaftServerConfigKeys (ConfUtils.java:logGet(43)) - raft.server.log.write.buffer.size = 33554432 (custom)
2019-10-14 13:35:50,490 [pool-403-thread-1] INFO  server.RaftServerConfigKeys (ConfUtils.java:logGet(43)) - raft.server.log.segment.size.max = 1048576 (custom)
2019-10-14 13:35:50,490 [pool-393-thread-1] INFO  server.RaftServerConfigKeys (ConfUtils.java:logGet(43)) - raft.server.log.force.sync.num = 128 (default)
2019-10-14 13:35:50,490 [pool-383-thread-1] INFO  server.RaftServerConfigKeys (ConfUtils.java:logGet(43)) - raft.server.log.queue.byte-limit = 2147483647 (custom)
2019-10-14 13:35:50,490 [pool-393-thread-1] INFO  server.RaftServerConfigKeys (ConfUtils.java:logGet(43)) - raft.server.log.statemachine.data.sync = true (default)
2019-10-14 13:35:50,490 [pool-403-thread-1] INFO  server.RaftServerConfigKeys (ConfUtils.java:logGet(43)) - raft.server.log.preallocated.size = 16384 (custom)
2019-10-14 13:35:50,490 [pool-393-thread-1] INFO  server.RaftServerConfigKeys (ConfUtils.java:logGet(43)) - raft.server.log.statemachine.data.sync.timeout = 10s (default)
2019-10-14 13:35:50,490 [pool-383-thread-1] INFO  server.RaftServerConfigKeys (ConfUtils.java:logGet(43)) - raft.server.log.queue.element-limit = 1024 (custom)
2019-10-14 13:35:50,490 [pool-393-thread-1] INFO  server.RaftServerConfigKeys (ConfUtils.java:logGet(43)) - raft.server.log.statemachine.data.sync.timeout.retry = -1 (default)
2019-10-14 13:35:50,490 [pool-403-thread-1] INFO  server.RaftServerConfigKeys (ConfUtils.java:logGet(43)) - raft.server.log.write.buffer.size = 33554432 (custom)
2019-10-14 13:35:50,491 [pool-393-thread-1] INFO  server.RaftServerConfigKeys (ConfUtils.java:logGet(43)) - raft.server.log.statemachine.data.caching.enabled = true (custom)
2019-10-14 13:35:50,490 [pool-383-thread-1] INFO  server.RaftServerConfigKeys (ConfUtils.java:logGet(43)) - raft.server.log.segment.size.max = 1048576 (custom)
2019-10-14 13:35:50,491 [pool-403-thread-1] INFO  server.RaftServerConfigKeys (ConfUtils.java:logGet(43)) - raft.server.log.force.sync.num = 128 (default)
2019-10-14 13:35:50,491 [pool-393-thread-1] INFO  segmented.SegmentedRaftLogWorker (SegmentedRaftLogWorker.java:lambda$new$0(128)) - b50efb6b-48db-4cd0-9c2f-05b573e274e8@group-DDB366BE461F-SegmentedRaftLogWorker: flushIndex: setUnconditionally 0 -> -1
2019-10-14 13:35:50,491 [pool-383-thread-1] INFO  server.RaftServerConfigKeys (ConfUtils.java:logGet(43)) - raft.server.log.preallocated.size = 16384 (custom)
2019-10-14 13:35:50,491 [pool-393-thread-1] INFO  server.RaftServerConfigKeys (ConfUtils.java:logGet(43)) - raft.server.snapshot.auto.trigger.enabled = true (custom)
2019-10-14 13:35:50,491 [pool-403-thread-1] INFO  server.RaftServerConfigKeys (ConfUtils.java:logGet(43)) - raft.server.log.statemachine.data.sync = true (default)
2019-10-14 13:35:50,491 [pool-393-thread-1] INFO  server.RaftServerConfigKeys (ConfUtils.java:logGet(43)) - raft.server.snapshot.auto.trigger.threshold = 10000 (custom)
2019-10-14 13:35:50,491 [pool-383-thread-1] INFO  server.RaftServerConfigKeys (ConfUtils.java:logGet(43)) - raft.server.log.write.buffer.size = 33554432 (custom)
2019-10-14 13:35:50,491 [pool-393-thread-1] INFO  server.RaftServerConfigKeys (ConfUtils.java:logGet(43)) - raft.server.snapshot.retention.file.num = 5 (custom)
2019-10-14 13:35:50,491 [pool-403-thread-1] INFO  server.RaftServerConfigKeys (ConfUtils.java:logGet(43)) - raft.server.log.statemachine.data.sync.timeout = 10s (default)
2019-10-14 13:35:50,492 [pool-393-thread-1] INFO  server.RaftServerConfigKeys (ConfUtils.java:logGet(43)) - raft.server.retrycache.expirytime = 600000ms (custom)
2019-10-14 13:35:50,491 [pool-383-thread-1] INFO  server.RaftServerConfigKeys (ConfUtils.java:logGet(43)) - raft.server.log.force.sync.num = 128 (default)
2019-10-14 13:35:50,492 [pool-403-thread-1] INFO  server.RaftServerConfigKeys (ConfUtils.java:logGet(43)) - raft.server.log.statemachine.data.sync.timeout.retry = -1 (default)
2019-10-14 13:35:50,492 [pool-383-thread-1] INFO  server.RaftServerConfigKeys (ConfUtils.java:logGet(43)) - raft.server.log.statemachine.data.sync = true (default)
2019-10-14 13:35:50,492 [pool-403-thread-1] INFO  server.RaftServerConfigKeys (ConfUtils.java:logGet(43)) - raft.server.log.statemachine.data.caching.enabled = true (custom)
2019-10-14 13:35:50,492 [pool-383-thread-1] INFO  server.RaftServerConfigKeys (ConfUtils.java:logGet(43)) - raft.server.log.statemachine.data.sync.timeout = 10s (default)
2019-10-14 13:35:50,492 [pool-403-thread-1] INFO  segmented.SegmentedRaftLogWorker (SegmentedRaftLogWorker.java:lambda$new$0(128)) - 7df77bc0-e3dd-4187-b7ad-dfa30bc702b8@group-DDB366BE461F-SegmentedRaftLogWorker: flushIndex: setUnconditionally 0 -> -1
2019-10-14 13:35:50,492 [pool-383-thread-1] INFO  server.RaftServerConfigKeys (ConfUtils.java:logGet(43)) - raft.server.log.statemachine.data.sync.timeout.retry = -1 (default)
2019-10-14 13:35:50,492 [pool-403-thread-1] INFO  server.RaftServerConfigKeys (ConfUtils.java:logGet(43)) - raft.server.snapshot.auto.trigger.enabled = true (custom)
2019-10-14 13:35:50,492 [pool-383-thread-1] INFO  server.RaftServerConfigKeys (ConfUtils.java:logGet(43)) - raft.server.log.statemachine.data.caching.enabled = true (custom)
2019-10-14 13:35:50,492 [pool-403-thread-1] INFO  server.RaftServerConfigKeys (ConfUtils.java:logGet(43)) - raft.server.snapshot.auto.trigger.threshold = 10000 (custom)
2019-10-14 13:35:50,493 [pool-403-thread-1] INFO  server.RaftServerConfigKeys (ConfUtils.java:logGet(43)) - raft.server.snapshot.retention.file.num = 5 (custom)
2019-10-14 13:35:50,493 [pool-383-thread-1] INFO  segmented.SegmentedRaftLogWorker (SegmentedRaftLogWorker.java:lambda$new$0(128)) - b99a251c-4429-4381-bc0b-b1b84baeee8b@group-DDB366BE461F-SegmentedRaftLogWorker: flushIndex: setUnconditionally 0 -> -1
2019-10-14 13:35:50,493 [pool-403-thread-1] INFO  server.RaftServerConfigKeys (ConfUtils.java:logGet(43)) - raft.server.retrycache.expirytime = 600000ms (custom)
2019-10-14 13:35:50,493 [pool-393-thread-1] INFO  impl.RaftServerImpl (RaftServerImpl.java:start(181)) - b50efb6b-48db-4cd0-9c2f-05b573e274e8@group-DDB366BE461F: start as a follower, conf=-1: [b99a251c-4429-4381-bc0b-b1b84baeee8b:192.168.151.106:40760, 7df77bc0-e3dd-4187-b7ad-dfa30bc702b8:192.168.151.106:43482, b50efb6b-48db-4cd0-9c2f-05b573e274e8:192.168.151.106:37679], old=null
2019-10-14 13:35:50,493 [pool-383-thread-1] INFO  server.RaftServerConfigKeys (ConfUtils.java:logGet(43)) - raft.server.snapshot.auto.trigger.enabled = true (custom)
2019-10-14 13:35:50,493 [pool-393-thread-1] INFO  impl.RaftServerImpl (RaftServerImpl.java:setRole(170)) - b50efb6b-48db-4cd0-9c2f-05b573e274e8@group-DDB366BE461F: changes role from      null to FOLLOWER at term 0 for startAsFollower
2019-10-14 13:35:50,493 [pool-383-thread-1] INFO  server.RaftServerConfigKeys (ConfUtils.java:logGet(43)) - raft.server.snapshot.auto.trigger.threshold = 10000 (custom)
2019-10-14 13:35:50,493 [pool-393-thread-1] INFO  impl.RoleInfo (RoleInfo.java:updateAndGet(143)) - b50efb6b-48db-4cd0-9c2f-05b573e274e8: start FollowerState
2019-10-14 13:35:50,493 [pool-383-thread-1] INFO  server.RaftServerConfigKeys (ConfUtils.java:logGet(43)) - raft.server.snapshot.retention.file.num = 5 (custom)
2019-10-14 13:35:50,493 [pool-383-thread-1] INFO  server.RaftServerConfigKeys (ConfUtils.java:logGet(43)) - raft.server.retrycache.expirytime = 600000ms (custom)
2019-10-14 13:35:50,493 [pool-393-thread-1] INFO  util.JmxRegister (JmxRegister.java:tryRegister(44)) - Successfully registered JMX Bean with object name Ratis:service=RaftServer,group=group-DDB366BE461F,id=b50efb6b-48db-4cd0-9c2f-05b573e274e8
2019-10-14 13:35:50,494 [pool-403-thread-1] INFO  impl.RaftServerImpl (RaftServerImpl.java:start(181)) - 7df77bc0-e3dd-4187-b7ad-dfa30bc702b8@group-DDB366BE461F: start as a follower, conf=-1: [b99a251c-4429-4381-bc0b-b1b84baeee8b:192.168.151.106:40760, 7df77bc0-e3dd-4187-b7ad-dfa30bc702b8:192.168.151.106:43482, b50efb6b-48db-4cd0-9c2f-05b573e274e8:192.168.151.106:37679], old=null
2019-10-14 13:35:50,494 [pool-403-thread-1] INFO  impl.RaftServerImpl (RaftServerImpl.java:setRole(170)) - 7df77bc0-e3dd-4187-b7ad-dfa30bc702b8@group-DDB366BE461F: changes role from      null to FOLLOWER at term 0 for startAsFollower
2019-10-14 13:35:50,494 [pool-403-thread-1] INFO  impl.RoleInfo (RoleInfo.java:updateAndGet(143)) - 7df77bc0-e3dd-4187-b7ad-dfa30bc702b8: start FollowerState
2019-10-14 13:35:50,494 [pool-403-thread-1] INFO  util.JmxRegister (JmxRegister.java:tryRegister(44)) - Successfully registered JMX Bean with object name Ratis:service=RaftServer,group=group-DDB366BE461F,id=7df77bc0-e3dd-4187-b7ad-dfa30bc702b8
2019-10-14 13:35:50,496 [pool-383-thread-1] INFO  impl.RaftServerImpl (RaftServerImpl.java:start(181)) - b99a251c-4429-4381-bc0b-b1b84baeee8b@group-DDB366BE461F: start as a follower, conf=-1: [b99a251c-4429-4381-bc0b-b1b84baeee8b:192.168.151.106:40760, 7df77bc0-e3dd-4187-b7ad-dfa30bc702b8:192.168.151.106:43482, b50efb6b-48db-4cd0-9c2f-05b573e274e8:192.168.151.106:37679], old=null
2019-10-14 13:35:50,496 [pool-383-thread-1] INFO  impl.RaftServerImpl (RaftServerImpl.java:setRole(170)) - b99a251c-4429-4381-bc0b-b1b84baeee8b@group-DDB366BE461F: changes role from      null to FOLLOWER at term 0 for startAsFollower
2019-10-14 13:35:50,496 [pool-383-thread-1] INFO  impl.RoleInfo (RoleInfo.java:updateAndGet(143)) - b99a251c-4429-4381-bc0b-b1b84baeee8b: start FollowerState
2019-10-14 13:35:50,496 [pool-383-thread-1] INFO  util.JmxRegister (JmxRegister.java:tryRegister(44)) - Successfully registered JMX Bean with object name Ratis:service=RaftServer,group=group-DDB366BE461F,id=b99a251c-4429-4381-bc0b-b1b84baeee8b
2019-10-14 13:35:50,507 [RatisPipelineUtilsThread] INFO  pipeline.PipelineStateManager (PipelineStateManager.java:addPipeline(56)) - Created pipeline Pipeline[ Id: 20624a18-cab5-4977-908a-ddb366be461f, Nodes: b99a251c-4429-4381-bc0b-b1b84baeee8b{ip: 192.168.151.106, host: pr-hdds-2196-2-8n2dq-3116116325, networkLocation: /default-rack, certSerialId: null}7df77bc0-e3dd-4187-b7ad-dfa30bc702b8{ip: 192.168.151.106, host: pr-hdds-2196-2-8n2dq-3116116325, networkLocation: /default-rack, certSerialId: null}b50efb6b-48db-4cd0-9c2f-05b573e274e8{ip: 192.168.151.106, host: pr-hdds-2196-2-8n2dq-3116116325, networkLocation: /default-rack, certSerialId: null}, Type:RATIS, Factor:THREE, State:OPEN]
2019-10-14 13:35:50,564 [IPC Server handler 0 on 42219] INFO  net.NetworkTopology (NetworkTopologyImpl.java:add(111)) - Added a new node: /default-rack/9e115513-e6ec-4a7d-b9c6-4b6d56ff348d
2019-10-14 13:35:50,564 [IPC Server handler 0 on 42219] INFO  node.SCMNodeManager (SCMNodeManager.java:register(313)) - Registered Data node : 9e115513-e6ec-4a7d-b9c6-4b6d56ff348d{ip: 192.168.151.106, host: pr-hdds-2196-2-8n2dq-3116116325, networkLocation: /default-rack, certSerialId: null}
2019-10-14 13:35:50,574 [grpc-default-executor-9] INFO  impl.RaftServerProxy (RaftServerProxy.java:addNew(89)) - e7c7f36e-d189-4b90-8525-6de79529cd01: addNew group-17BCFB6DBD9F:[e7c7f36e-d189-4b90-8525-6de79529cd01:192.168.151.106:45463] returns group-17BCFB6DBD9F:java.util.concurrent.CompletableFuture@1ef6e7ca[Not completed]
2019-10-14 13:35:50,575 [pool-413-thread-1] INFO  impl.RaftServerImpl (RaftServerImpl.java:<init>(95)) - e7c7f36e-d189-4b90-8525-6de79529cd01: new RaftServerImpl for group-17BCFB6DBD9F:[e7c7f36e-d189-4b90-8525-6de79529cd01:192.168.151.106:45463] with ContainerStateMachine:uninitialized
2019-10-14 13:35:50,575 [pool-413-thread-1] INFO  server.RaftServerConfigKeys (ConfUtils.java:logGet(43)) - raft.server.rpc.timeout.min = 5s (custom)
2019-10-14 13:35:50,575 [pool-413-thread-1] INFO  server.RaftServerConfigKeys (ConfUtils.java:logGet(43)) - raft.server.rpc.timeout.max = 5200ms (custom)
2019-10-14 13:35:50,575 [pool-413-thread-1] INFO  server.RaftServerConfigKeys (ConfUtils.java:logGet(43)) - raft.server.rpcslowness.timeout = 120s (custom)
2019-10-14 13:35:50,575 [pool-413-thread-1] INFO  server.RaftServerConfigKeys (ConfUtils.java:logGet(43)) - raft.server.sleep.deviation.threshold = 300 (default)
2019-10-14 13:35:50,575 [pool-413-thread-1] INFO  server.RaftServerConfigKeys (ConfUtils.java:logGet(43)) - raft.server.log.appender.install.snapshot.enabled = false (custom)
2019-10-14 13:35:50,576 [pool-413-thread-1] INFO  impl.RaftServerImpl (ServerState.java:<init>(103)) - e7c7f36e-d189-4b90-8525-6de79529cd01@group-17BCFB6DBD9F: ConfigurationManager, init=-1: [e7c7f36e-d189-4b90-8525-6de79529cd01:192.168.151.106:45463], old=null, confs=<EMPTY_MAP>
2019-10-14 13:35:50,576 [pool-413-thread-1] INFO  server.RaftServerConfigKeys (ConfUtils.java:logGet(43)) - raft.server.storage.dir = [/workdir/hadoop-ozone/integration-test/target/test-dir/MiniOzoneClusterImpl-e2ae5675-c21e-42f7-8419-fc156bd6edda/datanode-3/data/ratis] (custom)
2019-10-14 13:35:50,576 [pool-413-thread-1] INFO  server.RaftServerConfigKeys (ConfUtils.java:logGet(43)) - raft.server.log.corruption.policy = EXCEPTION (default)
2019-10-14 13:35:50,576 [pool-413-thread-1] INFO  storage.RaftStorageDirectory (RaftStorageDirectory.java:analyzeStorage(246)) - The storage directory /workdir/hadoop-ozone/integration-test/target/test-dir/MiniOzoneClusterImpl-e2ae5675-c21e-42f7-8419-fc156bd6edda/datanode-3/data/ratis/0aba9e32-0884-41b9-9481-17bcfb6dbd9f does not exist. Creating ...
2019-10-14 13:35:50,589 [pool-413-thread-1] INFO  storage.RaftStorageDirectory (RaftStorageDirectory.java:tryLock(328)) - Lock on /workdir/hadoop-ozone/integration-test/target/test-dir/MiniOzoneClusterImpl-e2ae5675-c21e-42f7-8419-fc156bd6edda/datanode-3/data/ratis/0aba9e32-0884-41b9-9481-17bcfb6dbd9f/in_use.lock acquired by nodename 26870@pr-hdds-2196-2-8n2dq-3116116325
2019-10-14 13:35:50,601 [pool-413-thread-1] INFO  storage.RaftStorage (RaftStorage.java:format(84)) - Storage directory /workdir/hadoop-ozone/integration-test/target/test-dir/MiniOzoneClusterImpl-e2ae5675-c21e-42f7-8419-fc156bd6edda/datanode-3/data/ratis/0aba9e32-0884-41b9-9481-17bcfb6dbd9f has been successfully formatted.
2019-10-14 13:35:50,602 [pool-413-thread-1] INFO  ratis.ContainerStateMachine (ContainerStateMachine.java:loadSnapshot(230)) - group-17BCFB6DBD9F: The snapshot info is null. Setting the last applied indexto:(t:0, i:~)
2019-10-14 13:35:50,602 [pool-413-thread-1] INFO  server.RaftServerConfigKeys (ConfUtils.java:logGet(43)) - raft.server.notification.no-leader.timeout = 120s (custom)
2019-10-14 13:35:50,602 [pool-413-thread-1] INFO  server.RaftServerConfigKeys (ConfUtils.java:logGet(43)) - raft.server.log.use.memory = false (default)
2019-10-14 13:35:50,602 [pool-413-thread-1] INFO  server.RaftServerConfigKeys (ConfUtils.java:logGet(43)) - raft.server.log.purge.gap = 1000000 (custom)
2019-10-14 13:35:50,602 [pool-413-thread-1] INFO  server.RaftServerConfigKeys (ConfUtils.java:logGet(43)) - raft.server.log.appender.buffer.byte-limit = 33554432 (custom)
2019-10-14 13:35:50,602 [pool-413-thread-1] INFO  server.RaftServerConfigKeys (ConfUtils.java:logGet(43)) - raft.server.log.segment.size.max = 1048576 (custom)
2019-10-14 13:35:50,604 [pool-413-thread-1] INFO  server.RaftServerConfigKeys (ConfUtils.java:logGet(43)) - raft.server.log.segment.cache.num.max = 2 (custom)
2019-10-14 13:35:50,604 [pool-413-thread-1] INFO  segmented.SegmentedRaftLogWorker (SegmentedRaftLogWorker.java:<init>(173)) - new e7c7f36e-d189-4b90-8525-6de79529cd01@group-17BCFB6DBD9F-SegmentedRaftLogWorker for RaftStorage:Storage Directory /workdir/hadoop-ozone/integration-test/target/test-dir/MiniOzoneClusterImpl-e2ae5675-c21e-42f7-8419-fc156bd6edda/datanode-3/data/ratis/0aba9e32-0884-41b9-9481-17bcfb6dbd9f
2019-10-14 13:35:50,604 [pool-413-thread-1] INFO  server.RaftServerConfigKeys (ConfUtils.java:logGet(43)) - raft.server.log.queue.byte-limit = 2147483647 (custom)
2019-10-14 13:35:50,604 [pool-413-thread-1] INFO  server.RaftServerConfigKeys (ConfUtils.java:logGet(43)) - raft.server.log.queue.element-limit = 1024 (custom)
2019-10-14 13:35:50,604 [pool-413-thread-1] INFO  server.RaftServerConfigKeys (ConfUtils.java:logGet(43)) - raft.server.log.segment.size.max = 1048576 (custom)
2019-10-14 13:35:50,604 [pool-413-thread-1] INFO  server.RaftServerConfigKeys (ConfUtils.java:logGet(43)) - raft.server.log.preallocated.size = 16384 (custom)
2019-10-14 13:35:50,605 [pool-413-thread-1] INFO  server.RaftServerConfigKeys (ConfUtils.java:logGet(43)) - raft.server.log.write.buffer.size = 33554432 (custom)
2019-10-14 13:35:50,605 [pool-413-thread-1] INFO  server.RaftServerConfigKeys (ConfUtils.java:logGet(43)) - raft.server.log.force.sync.num = 128 (default)
2019-10-14 13:35:50,605 [pool-413-thread-1] INFO  server.RaftServerConfigKeys (ConfUtils.java:logGet(43)) - raft.server.log.statemachine.data.sync = true (default)
2019-10-14 13:35:50,605 [pool-413-thread-1] INFO  server.RaftServerConfigKeys (ConfUtils.java:logGet(43)) - raft.server.log.statemachine.data.sync.timeout = 10s (default)
2019-10-14 13:35:50,605 [pool-413-thread-1] INFO  server.RaftServerConfigKeys (ConfUtils.java:logGet(43)) - raft.server.log.statemachine.data.sync.timeout.retry = -1 (default)
2019-10-14 13:35:50,605 [pool-413-thread-1] INFO  server.RaftServerConfigKeys (ConfUtils.java:logGet(43)) - raft.server.log.statemachine.data.caching.enabled = true (custom)
2019-10-14 13:35:50,606 [pool-413-thread-1] INFO  segmented.SegmentedRaftLogWorker (SegmentedRaftLogWorker.java:lambda$new$0(128)) - e7c7f36e-d189-4b90-8525-6de79529cd01@group-17BCFB6DBD9F-SegmentedRaftLogWorker: flushIndex: setUnconditionally 0 -> -1
2019-10-14 13:35:50,606 [pool-413-thread-1] INFO  server.RaftServerConfigKeys (ConfUtils.java:logGet(43)) - raft.server.snapshot.auto.trigger.enabled = true (custom)
2019-10-14 13:35:50,606 [pool-413-thread-1] INFO  server.RaftServerConfigKeys (ConfUtils.java:logGet(43)) - raft.server.snapshot.auto.trigger.threshold = 10000 (custom)
2019-10-14 13:35:50,606 [pool-413-thread-1] INFO  server.RaftServerConfigKeys (ConfUtils.java:logGet(43)) - raft.server.snapshot.retention.file.num = 5 (custom)
2019-10-14 13:35:50,606 [pool-413-thread-1] INFO  server.RaftServerConfigKeys (ConfUtils.java:logGet(43)) - raft.server.retrycache.expirytime = 600000ms (custom)
2019-10-14 13:35:50,608 [pool-413-thread-1] INFO  impl.RaftServerImpl (RaftServerImpl.java:start(181)) - e7c7f36e-d189-4b90-8525-6de79529cd01@group-17BCFB6DBD9F: start as a follower, conf=-1: [e7c7f36e-d189-4b90-8525-6de79529cd01:192.168.151.106:45463], old=null
2019-10-14 13:35:50,608 [pool-413-thread-1] INFO  impl.RaftServerImpl (RaftServerImpl.java:setRole(170)) - e7c7f36e-d189-4b90-8525-6de79529cd01@group-17BCFB6DBD9F: changes role from      null to FOLLOWER at term 0 for startAsFollower
2019-10-14 13:35:50,608 [pool-413-thread-1] INFO  impl.RoleInfo (RoleInfo.java:updateAndGet(143)) - e7c7f36e-d189-4b90-8525-6de79529cd01: start FollowerState
2019-10-14 13:35:50,608 [pool-413-thread-1] INFO  util.JmxRegister (JmxRegister.java:tryRegister(44)) - Successfully registered JMX Bean with object name Ratis:service=RaftServer,group=group-17BCFB6DBD9F,id=e7c7f36e-d189-4b90-8525-6de79529cd01
2019-10-14 13:35:50,615 [RatisPipelineUtilsThread] INFO  pipeline.PipelineStateManager (PipelineStateManager.java:addPipeline(56)) - Created pipeline Pipeline[ Id: 0aba9e32-0884-41b9-9481-17bcfb6dbd9f, Nodes: e7c7f36e-d189-4b90-8525-6de79529cd01{ip: 192.168.151.106, host: pr-hdds-2196-2-8n2dq-3116116325, networkLocation: /default-rack, certSerialId: null}, Type:RATIS, Factor:ONE, State:OPEN]
2019-10-14 13:35:50,623 [grpc-default-executor-9] INFO  impl.RaftServerProxy (RaftServerProxy.java:addNew(89)) - 9e115513-e6ec-4a7d-b9c6-4b6d56ff348d: addNew group-A71CA2C6C98A:[9e115513-e6ec-4a7d-b9c6-4b6d56ff348d:192.168.151.106:34973] returns group-A71CA2C6C98A:java.util.concurrent.CompletableFuture@5d4ddd88[Not completed]
2019-10-14 13:35:50,624 [pool-423-thread-1] INFO  impl.RaftServerImpl (RaftServerImpl.java:<init>(95)) - 9e115513-e6ec-4a7d-b9c6-4b6d56ff348d: new RaftServerImpl for group-A71CA2C6C98A:[9e115513-e6ec-4a7d-b9c6-4b6d56ff348d:192.168.151.106:34973] with ContainerStateMachine:uninitialized
2019-10-14 13:35:50,624 [pool-423-thread-1] INFO  server.RaftServerConfigKeys (ConfUtils.java:logGet(43)) - raft.server.rpc.timeout.min = 5s (custom)
2019-10-14 13:35:50,624 [pool-423-thread-1] INFO  server.RaftServerConfigKeys (ConfUtils.java:logGet(43)) - raft.server.rpc.timeout.max = 5200ms (custom)
2019-10-14 13:35:50,625 [pool-423-thread-1] INFO  server.RaftServerConfigKeys (ConfUtils.java:logGet(43)) - raft.server.rpcslowness.timeout = 120s (custom)
2019-10-14 13:35:50,625 [pool-423-thread-1] INFO  server.RaftServerConfigKeys (ConfUtils.java:logGet(43)) - raft.server.sleep.deviation.threshold = 300 (default)
2019-10-14 13:35:50,625 [pool-423-thread-1] INFO  server.RaftServerConfigKeys (ConfUtils.java:logGet(43)) - raft.server.log.appender.install.snapshot.enabled = false (custom)
2019-10-14 13:35:50,625 [pool-423-thread-1] INFO  impl.RaftServerImpl (ServerState.java:<init>(103)) - 9e115513-e6ec-4a7d-b9c6-4b6d56ff348d@group-A71CA2C6C98A: ConfigurationManager, init=-1: [9e115513-e6ec-4a7d-b9c6-4b6d56ff348d:192.168.151.106:34973], old=null, confs=<EMPTY_MAP>
2019-10-14 13:35:50,625 [pool-423-thread-1] INFO  server.RaftServerConfigKeys (ConfUtils.java:logGet(43)) - raft.server.storage.dir = [/workdir/hadoop-ozone/integration-test/target/test-dir/MiniOzoneClusterImpl-e2ae5675-c21e-42f7-8419-fc156bd6edda/datanode-4/data/ratis] (custom)
2019-10-14 13:35:50,625 [pool-423-thread-1] INFO  server.RaftServerConfigKeys (ConfUtils.java:logGet(43)) - raft.server.log.corruption.policy = EXCEPTION (default)
2019-10-14 13:35:50,625 [pool-423-thread-1] INFO  storage.RaftStorageDirectory (RaftStorageDirectory.java:analyzeStorage(246)) - The storage directory /workdir/hadoop-ozone/integration-test/target/test-dir/MiniOzoneClusterImpl-e2ae5675-c21e-42f7-8419-fc156bd6edda/datanode-4/data/ratis/070ec838-0be6-4dc0-98ed-a71ca2c6c98a does not exist. Creating ...
2019-10-14 13:35:50,638 [pool-423-thread-1] INFO  storage.RaftStorageDirectory (RaftStorageDirectory.java:tryLock(328)) - Lock on /workdir/hadoop-ozone/integration-test/target/test-dir/MiniOzoneClusterImpl-e2ae5675-c21e-42f7-8419-fc156bd6edda/datanode-4/data/ratis/070ec838-0be6-4dc0-98ed-a71ca2c6c98a/in_use.lock acquired by nodename 26870@pr-hdds-2196-2-8n2dq-3116116325
2019-10-14 13:35:50,642 [IPC Server handler 3 on 42219] INFO  net.NetworkTopology (NetworkTopologyImpl.java:add(111)) - Added a new node: /default-rack/555ba9c4-e1fb-4951-8745-8a136c55a872
2019-10-14 13:35:50,643 [IPC Server handler 3 on 42219] INFO  node.SCMNodeManager (SCMNodeManager.java:register(313)) - Registered Data node : 555ba9c4-e1fb-4951-8745-8a136c55a872{ip: 192.168.151.106, host: pr-hdds-2196-2-8n2dq-3116116325, networkLocation: /default-rack, certSerialId: null}
2019-10-14 13:35:50,651 [pool-423-thread-1] INFO  storage.RaftStorage (RaftStorage.java:format(84)) - Storage directory /workdir/hadoop-ozone/integration-test/target/test-dir/MiniOzoneClusterImpl-e2ae5675-c21e-42f7-8419-fc156bd6edda/datanode-4/data/ratis/070ec838-0be6-4dc0-98ed-a71ca2c6c98a has been successfully formatted.
2019-10-14 13:35:50,651 [pool-423-thread-1] INFO  ratis.ContainerStateMachine (ContainerStateMachine.java:loadSnapshot(230)) - group-A71CA2C6C98A: The snapshot info is null. Setting the last applied indexto:(t:0, i:~)
2019-10-14 13:35:50,651 [pool-423-thread-1] INFO  server.RaftServerConfigKeys (ConfUtils.java:logGet(43)) - raft.server.notification.no-leader.timeout = 120s (custom)
2019-10-14 13:35:50,651 [pool-423-thread-1] INFO  server.RaftServerConfigKeys (ConfUtils.java:logGet(43)) - raft.server.log.use.memory = false (default)
2019-10-14 13:35:50,652 [pool-423-thread-1] INFO  server.RaftServerConfigKeys (ConfUtils.java:logGet(43)) - raft.server.log.purge.gap = 1000000 (custom)
2019-10-14 13:35:50,652 [pool-423-thread-1] INFO  server.RaftServerConfigKeys (ConfUtils.java:logGet(43)) - raft.server.log.appender.buffer.byte-limit = 33554432 (custom)
2019-10-14 13:35:50,652 [pool-423-thread-1] INFO  server.RaftServerConfigKeys (ConfUtils.java:logGet(43)) - raft.server.log.segment.size.max = 1048576 (custom)
2019-10-14 13:35:50,653 [pool-423-thread-1] INFO  server.RaftServerConfigKeys (ConfUtils.java:logGet(43)) - raft.server.log.segment.cache.num.max = 2 (custom)
2019-10-14 13:35:50,653 [pool-423-thread-1] INFO  segmented.SegmentedRaftLogWorker (SegmentedRaftLogWorker.java:<init>(173)) - new 9e115513-e6ec-4a7d-b9c6-4b6d56ff348d@group-A71CA2C6C98A-SegmentedRaftLogWorker for RaftStorage:Storage Directory /workdir/hadoop-ozone/integration-test/target/test-dir/MiniOzoneClusterImpl-e2ae5675-c21e-42f7-8419-fc156bd6edda/datanode-4/data/ratis/070ec838-0be6-4dc0-98ed-a71ca2c6c98a
2019-10-14 13:35:50,653 [pool-423-thread-1] INFO  server.RaftServerConfigKeys (ConfUtils.java:logGet(43)) - raft.server.log.queue.byte-limit = 2147483647 (custom)
2019-10-14 13:35:50,654 [pool-423-thread-1] INFO  server.RaftServerConfigKeys (ConfUtils.java:logGet(43)) - raft.server.log.queue.element-limit = 1024 (custom)
2019-10-14 13:35:50,654 [pool-423-thread-1] INFO  server.RaftServerConfigKeys (ConfUtils.java:logGet(43)) - raft.server.log.segment.size.max = 1048576 (custom)
2019-10-14 13:35:50,654 [pool-423-thread-1] INFO  server.RaftServerConfigKeys (ConfUtils.java:logGet(43)) - raft.server.log.preallocated.size = 16384 (custom)
2019-10-14 13:35:50,654 [pool-423-thread-1] INFO  server.RaftServerConfigKeys (ConfUtils.java:logGet(43)) - raft.server.log.write.buffer.size = 33554432 (custom)
2019-10-14 13:35:50,654 [pool-423-thread-1] INFO  server.RaftServerConfigKeys (ConfUtils.java:logGet(43)) - raft.server.log.force.sync.num = 128 (default)
2019-10-14 13:35:50,654 [pool-423-thread-1] INFO  server.RaftServerConfigKeys (ConfUtils.java:logGet(43)) - raft.server.log.statemachine.data.sync = true (default)
2019-10-14 13:35:50,654 [pool-423-thread-1] INFO  server.RaftServerConfigKeys (ConfUtils.java:logGet(43)) - raft.server.log.statemachine.data.sync.timeout = 10s (default)
2019-10-14 13:35:50,654 [pool-423-thread-1] INFO  server.RaftServerConfigKeys (ConfUtils.java:logGet(43)) - raft.server.log.statemachine.data.sync.timeout.retry = -1 (default)
2019-10-14 13:35:50,655 [pool-423-thread-1] INFO  server.RaftServerConfigKeys (ConfUtils.java:logGet(43)) - raft.server.log.statemachine.data.caching.enabled = true (custom)
2019-10-14 13:35:50,655 [pool-423-thread-1] INFO  segmented.SegmentedRaftLogWorker (SegmentedRaftLogWorker.java:lambda$new$0(128)) - 9e115513-e6ec-4a7d-b9c6-4b6d56ff348d@group-A71CA2C6C98A-SegmentedRaftLogWorker: flushIndex: setUnconditionally 0 -> -1
2019-10-14 13:35:50,655 [pool-423-thread-1] INFO  server.RaftServerConfigKeys (ConfUtils.java:logGet(43)) - raft.server.snapshot.auto.trigger.enabled = true (custom)
2019-10-14 13:35:50,655 [pool-423-thread-1] INFO  server.RaftServerConfigKeys (ConfUtils.java:logGet(43)) - raft.server.snapshot.auto.trigger.threshold = 10000 (custom)
2019-10-14 13:35:50,655 [pool-423-thread-1] INFO  server.RaftServerConfigKeys (ConfUtils.java:logGet(43)) - raft.server.snapshot.retention.file.num = 5 (custom)
2019-10-14 13:35:50,656 [pool-423-thread-1] INFO  server.RaftServerConfigKeys (ConfUtils.java:logGet(43)) - raft.server.retrycache.expirytime = 600000ms (custom)
2019-10-14 13:35:50,657 [pool-423-thread-1] INFO  impl.RaftServerImpl (RaftServerImpl.java:start(181)) - 9e115513-e6ec-4a7d-b9c6-4b6d56ff348d@group-A71CA2C6C98A: start as a follower, conf=-1: [9e115513-e6ec-4a7d-b9c6-4b6d56ff348d:192.168.151.106:34973], old=null
2019-10-14 13:35:50,657 [pool-423-thread-1] INFO  impl.RaftServerImpl (RaftServerImpl.java:setRole(170)) - 9e115513-e6ec-4a7d-b9c6-4b6d56ff348d@group-A71CA2C6C98A: changes role from      null to FOLLOWER at term 0 for startAsFollower
2019-10-14 13:35:50,658 [pool-423-thread-1] INFO  impl.RoleInfo (RoleInfo.java:updateAndGet(143)) - 9e115513-e6ec-4a7d-b9c6-4b6d56ff348d: start FollowerState
2019-10-14 13:35:50,658 [pool-423-thread-1] INFO  util.JmxRegister (JmxRegister.java:tryRegister(44)) - Successfully registered JMX Bean with object name Ratis:service=RaftServer,group=group-A71CA2C6C98A,id=9e115513-e6ec-4a7d-b9c6-4b6d56ff348d
2019-10-14 13:35:50,665 [RatisPipelineUtilsThread] INFO  pipeline.PipelineStateManager (PipelineStateManager.java:addPipeline(56)) - Created pipeline Pipeline[ Id: 070ec838-0be6-4dc0-98ed-a71ca2c6c98a, Nodes: 9e115513-e6ec-4a7d-b9c6-4b6d56ff348d{ip: 192.168.151.106, host: pr-hdds-2196-2-8n2dq-3116116325, networkLocation: /default-rack, certSerialId: null}, Type:RATIS, Factor:ONE, State:OPEN]
2019-10-14 13:35:50,675 [grpc-default-executor-9] INFO  impl.RaftServerProxy (RaftServerProxy.java:addNew(89)) - 555ba9c4-e1fb-4951-8745-8a136c55a872: addNew group-86E927E8BE7A:[555ba9c4-e1fb-4951-8745-8a136c55a872:192.168.151.106:43434] returns group-86E927E8BE7A:java.util.concurrent.CompletableFuture@b68e36[Not completed]
2019-10-14 13:35:50,676 [pool-433-thread-1] INFO  impl.RaftServerImpl (RaftServerImpl.java:<init>(95)) - 555ba9c4-e1fb-4951-8745-8a136c55a872: new RaftServerImpl for group-86E927E8BE7A:[555ba9c4-e1fb-4951-8745-8a136c55a872:192.168.151.106:43434] with ContainerStateMachine:uninitialized
2019-10-14 13:35:50,676 [pool-433-thread-1] INFO  server.RaftServerConfigKeys (ConfUtils.java:logGet(43)) - raft.server.rpc.timeout.min = 5s (custom)
2019-10-14 13:35:50,676 [pool-433-thread-1] INFO  server.RaftServerConfigKeys (ConfUtils.java:logGet(43)) - raft.server.rpc.timeout.max = 5200ms (custom)
2019-10-14 13:35:50,676 [pool-433-thread-1] INFO  server.RaftServerConfigKeys (ConfUtils.java:logGet(43)) - raft.server.rpcslowness.timeout = 120s (custom)
2019-10-14 13:35:50,676 [pool-433-thread-1] INFO  server.RaftServerConfigKeys (ConfUtils.java:logGet(43)) - raft.server.sleep.deviation.threshold = 300 (default)
2019-10-14 13:35:50,676 [pool-433-thread-1] INFO  server.RaftServerConfigKeys (ConfUtils.java:logGet(43)) - raft.server.log.appender.install.snapshot.enabled = false (custom)
2019-10-14 13:35:50,676 [pool-433-thread-1] INFO  impl.RaftServerImpl (ServerState.java:<init>(103)) - 555ba9c4-e1fb-4951-8745-8a136c55a872@group-86E927E8BE7A: ConfigurationManager, init=-1: [555ba9c4-e1fb-4951-8745-8a136c55a872:192.168.151.106:43434], old=null, confs=<EMPTY_MAP>
2019-10-14 13:35:50,677 [pool-433-thread-1] INFO  server.RaftServerConfigKeys (ConfUtils.java:logGet(43)) - raft.server.storage.dir = [/workdir/hadoop-ozone/integration-test/target/test-dir/MiniOzoneClusterImpl-e2ae5675-c21e-42f7-8419-fc156bd6edda/datanode-5/data/ratis] (custom)
2019-10-14 13:35:50,677 [pool-433-thread-1] INFO  server.RaftServerConfigKeys (ConfUtils.java:logGet(43)) - raft.server.log.corruption.policy = EXCEPTION (default)
2019-10-14 13:35:50,677 [pool-433-thread-1] INFO  storage.RaftStorageDirectory (RaftStorageDirectory.java:analyzeStorage(246)) - The storage directory /workdir/hadoop-ozone/integration-test/target/test-dir/MiniOzoneClusterImpl-e2ae5675-c21e-42f7-8419-fc156bd6edda/datanode-5/data/ratis/2ca04db0-a020-4b8e-b1ac-86e927e8be7a does not exist. Creating ...
2019-10-14 13:35:50,690 [pool-433-thread-1] INFO  storage.RaftStorageDirectory (RaftStorageDirectory.java:tryLock(328)) - Lock on /workdir/hadoop-ozone/integration-test/target/test-dir/MiniOzoneClusterImpl-e2ae5675-c21e-42f7-8419-fc156bd6edda/datanode-5/data/ratis/2ca04db0-a020-4b8e-b1ac-86e927e8be7a/in_use.lock acquired by nodename 26870@pr-hdds-2196-2-8n2dq-3116116325
2019-10-14 13:35:50,700 [main] INFO  ozone.MiniOzoneClusterImpl (MiniOzoneClusterImpl.java:lambda$waitForClusterToBeReady$0(147)) - Waiting for cluster to be ready. Got 6 of 7 DN Heartbeats.
2019-10-14 13:35:50,701 [IPC Server handler 5 on 42219] INFO  net.NetworkTopology (NetworkTopologyImpl.java:add(111)) - Added a new node: /default-rack/ee8dcdf0-4257-4d09-94a8-3b6061644e06
2019-10-14 13:35:50,701 [IPC Server handler 5 on 42219] INFO  node.SCMNodeManager (SCMNodeManager.java:register(313)) - Registered Data node : ee8dcdf0-4257-4d09-94a8-3b6061644e06{ip: 192.168.151.106, host: pr-hdds-2196-2-8n2dq-3116116325, networkLocation: /default-rack, certSerialId: null}
2019-10-14 13:35:50,703 [pool-433-thread-1] INFO  storage.RaftStorage (RaftStorage.java:format(84)) - Storage directory /workdir/hadoop-ozone/integration-test/target/test-dir/MiniOzoneClusterImpl-e2ae5675-c21e-42f7-8419-fc156bd6edda/datanode-5/data/ratis/2ca04db0-a020-4b8e-b1ac-86e927e8be7a has been successfully formatted.
2019-10-14 13:35:50,703 [pool-433-thread-1] INFO  ratis.ContainerStateMachine (ContainerStateMachine.java:loadSnapshot(230)) - group-86E927E8BE7A: The snapshot info is null. Setting the last applied indexto:(t:0, i:~)
2019-10-14 13:35:50,703 [pool-433-thread-1] INFO  server.RaftServerConfigKeys (ConfUtils.java:logGet(43)) - raft.server.notification.no-leader.timeout = 120s (custom)
2019-10-14 13:35:50,703 [pool-433-thread-1] INFO  server.RaftServerConfigKeys (ConfUtils.java:logGet(43)) - raft.server.log.use.memory = false (default)
2019-10-14 13:35:50,704 [pool-433-thread-1] INFO  server.RaftServerConfigKeys (ConfUtils.java:logGet(43)) - raft.server.log.purge.gap = 1000000 (custom)
2019-10-14 13:35:50,704 [pool-433-thread-1] INFO  server.RaftServerConfigKeys (ConfUtils.java:logGet(43)) - raft.server.log.appender.buffer.byte-limit = 33554432 (custom)
2019-10-14 13:35:50,704 [pool-433-thread-1] INFO  server.RaftServerConfigKeys (ConfUtils.java:logGet(43)) - raft.server.log.segment.size.max = 1048576 (custom)
2019-10-14 13:35:50,705 [pool-433-thread-1] INFO  server.RaftServerConfigKeys (ConfUtils.java:logGet(43)) - raft.server.log.segment.cache.num.max = 2 (custom)
2019-10-14 13:35:50,706 [pool-433-thread-1] INFO  segmented.SegmentedRaftLogWorker (SegmentedRaftLogWorker.java:<init>(173)) - new 555ba9c4-e1fb-4951-8745-8a136c55a872@group-86E927E8BE7A-SegmentedRaftLogWorker for RaftStorage:Storage Directory /workdir/hadoop-ozone/integration-test/target/test-dir/MiniOzoneClusterImpl-e2ae5675-c21e-42f7-8419-fc156bd6edda/datanode-5/data/ratis/2ca04db0-a020-4b8e-b1ac-86e927e8be7a
2019-10-14 13:35:50,706 [pool-433-thread-1] INFO  server.RaftServerConfigKeys (ConfUtils.java:logGet(43)) - raft.server.log.queue.byte-limit = 2147483647 (custom)
2019-10-14 13:35:50,706 [pool-433-thread-1] INFO  server.RaftServerConfigKeys (ConfUtils.java:logGet(43)) - raft.server.log.queue.element-limit = 1024 (custom)
2019-10-14 13:35:50,706 [pool-433-thread-1] INFO  server.RaftServerConfigKeys (ConfUtils.java:logGet(43)) - raft.server.log.segment.size.max = 1048576 (custom)
2019-10-14 13:35:50,706 [pool-433-thread-1] INFO  server.RaftServerConfigKeys (ConfUtils.java:logGet(43)) - raft.server.log.preallocated.size = 16384 (custom)
2019-10-14 13:35:50,706 [pool-433-thread-1] INFO  server.RaftServerConfigKeys (ConfUtils.java:logGet(43)) - raft.server.log.write.buffer.size = 33554432 (custom)
2019-10-14 13:35:50,706 [pool-433-thread-1] INFO  server.RaftServerConfigKeys (ConfUtils.java:logGet(43)) - raft.server.log.force.sync.num = 128 (default)
2019-10-14 13:35:50,706 [pool-433-thread-1] INFO  server.RaftServerConfigKeys (ConfUtils.java:logGet(43)) - raft.server.log.statemachine.data.sync = true (default)
2019-10-14 13:35:50,707 [pool-433-thread-1] INFO  server.RaftServerConfigKeys (ConfUtils.java:logGet(43)) - raft.server.log.statemachine.data.sync.timeout = 10s (default)
2019-10-14 13:35:50,707 [pool-433-thread-1] INFO  server.RaftServerConfigKeys (ConfUtils.java:logGet(43)) - raft.server.log.statemachine.data.sync.timeout.retry = -1 (default)
2019-10-14 13:35:50,707 [pool-433-thread-1] INFO  server.RaftServerConfigKeys (ConfUtils.java:logGet(43)) - raft.server.log.statemachine.data.caching.enabled = true (custom)
2019-10-14 13:35:50,707 [pool-433-thread-1] INFO  segmented.SegmentedRaftLogWorker (SegmentedRaftLogWorker.java:lambda$new$0(128)) - 555ba9c4-e1fb-4951-8745-8a136c55a872@group-86E927E8BE7A-SegmentedRaftLogWorker: flushIndex: setUnconditionally 0 -> -1
2019-10-14 13:35:50,707 [pool-433-thread-1] INFO  server.RaftServerConfigKeys (ConfUtils.java:logGet(43)) - raft.server.snapshot.auto.trigger.enabled = true (custom)
2019-10-14 13:35:50,708 [pool-433-thread-1] INFO  server.RaftServerConfigKeys (ConfUtils.java:logGet(43)) - raft.server.snapshot.auto.trigger.threshold = 10000 (custom)
2019-10-14 13:35:50,708 [pool-433-thread-1] INFO  server.RaftServerConfigKeys (ConfUtils.java:logGet(43)) - raft.server.snapshot.retention.file.num = 5 (custom)
2019-10-14 13:35:50,708 [pool-433-thread-1] INFO  server.RaftServerConfigKeys (ConfUtils.java:logGet(43)) - raft.server.retrycache.expirytime = 600000ms (custom)
2019-10-14 13:35:50,709 [pool-433-thread-1] INFO  impl.RaftServerImpl (RaftServerImpl.java:start(181)) - 555ba9c4-e1fb-4951-8745-8a136c55a872@group-86E927E8BE7A: start as a follower, conf=-1: [555ba9c4-e1fb-4951-8745-8a136c55a872:192.168.151.106:43434], old=null
2019-10-14 13:35:50,709 [pool-433-thread-1] INFO  impl.RaftServerImpl (RaftServerImpl.java:setRole(170)) - 555ba9c4-e1fb-4951-8745-8a136c55a872@group-86E927E8BE7A: changes role from      null to FOLLOWER at term 0 for startAsFollower
2019-10-14 13:35:50,710 [pool-433-thread-1] INFO  impl.RoleInfo (RoleInfo.java:updateAndGet(143)) - 555ba9c4-e1fb-4951-8745-8a136c55a872: start FollowerState
2019-10-14 13:35:50,710 [pool-433-thread-1] INFO  util.JmxRegister (JmxRegister.java:tryRegister(44)) - Successfully registered JMX Bean with object name Ratis:service=RaftServer,group=group-86E927E8BE7A,id=555ba9c4-e1fb-4951-8745-8a136c55a872
2019-10-14 13:35:50,718 [RatisPipelineUtilsThread] INFO  pipeline.PipelineStateManager (PipelineStateManager.java:addPipeline(56)) - Created pipeline Pipeline[ Id: 2ca04db0-a020-4b8e-b1ac-86e927e8be7a, Nodes: 555ba9c4-e1fb-4951-8745-8a136c55a872{ip: 192.168.151.106, host: pr-hdds-2196-2-8n2dq-3116116325, networkLocation: /default-rack, certSerialId: null}, Type:RATIS, Factor:ONE, State:OPEN]
2019-10-14 13:35:50,732 [grpc-default-executor-9] INFO  impl.RaftServerProxy (RaftServerProxy.java:addNew(89)) - ee8dcdf0-4257-4d09-94a8-3b6061644e06: addNew group-D6C07D7B96E3:[ee8dcdf0-4257-4d09-94a8-3b6061644e06:192.168.151.106:34916] returns group-D6C07D7B96E3:java.util.concurrent.CompletableFuture@9cef109[Not completed]
2019-10-14 13:35:50,734 [pool-443-thread-1] INFO  impl.RaftServerImpl (RaftServerImpl.java:<init>(95)) - ee8dcdf0-4257-4d09-94a8-3b6061644e06: new RaftServerImpl for group-D6C07D7B96E3:[ee8dcdf0-4257-4d09-94a8-3b6061644e06:192.168.151.106:34916] with ContainerStateMachine:uninitialized
2019-10-14 13:35:50,734 [pool-443-thread-1] INFO  server.RaftServerConfigKeys (ConfUtils.java:logGet(43)) - raft.server.rpc.timeout.min = 5s (custom)
2019-10-14 13:35:50,734 [pool-443-thread-1] INFO  server.RaftServerConfigKeys (ConfUtils.java:logGet(43)) - raft.server.rpc.timeout.max = 5200ms (custom)
2019-10-14 13:35:50,734 [pool-443-thread-1] INFO  server.RaftServerConfigKeys (ConfUtils.java:logGet(43)) - raft.server.rpcslowness.timeout = 120s (custom)
2019-10-14 13:35:50,734 [pool-443-thread-1] INFO  server.RaftServerConfigKeys (ConfUtils.java:logGet(43)) - raft.server.sleep.deviation.threshold = 300 (default)
2019-10-14 13:35:50,735 [pool-443-thread-1] INFO  server.RaftServerConfigKeys (ConfUtils.java:logGet(43)) - raft.server.log.appender.install.snapshot.enabled = false (custom)
2019-10-14 13:35:50,735 [pool-443-thread-1] INFO  impl.RaftServerImpl (ServerState.java:<init>(103)) - ee8dcdf0-4257-4d09-94a8-3b6061644e06@group-D6C07D7B96E3: ConfigurationManager, init=-1: [ee8dcdf0-4257-4d09-94a8-3b6061644e06:192.168.151.106:34916], old=null, confs=<EMPTY_MAP>
2019-10-14 13:35:50,735 [pool-443-thread-1] INFO  server.RaftServerConfigKeys (ConfUtils.java:logGet(43)) - raft.server.storage.dir = [/workdir/hadoop-ozone/integration-test/target/test-dir/MiniOzoneClusterImpl-e2ae5675-c21e-42f7-8419-fc156bd6edda/datanode-6/data/ratis] (custom)
2019-10-14 13:35:50,735 [pool-443-thread-1] INFO  server.RaftServerConfigKeys (ConfUtils.java:logGet(43)) - raft.server.log.corruption.policy = EXCEPTION (default)
2019-10-14 13:35:50,735 [pool-443-thread-1] INFO  storage.RaftStorageDirectory (RaftStorageDirectory.java:analyzeStorage(246)) - The storage directory /workdir/hadoop-ozone/integration-test/target/test-dir/MiniOzoneClusterImpl-e2ae5675-c21e-42f7-8419-fc156bd6edda/datanode-6/data/ratis/0fe5dfa7-16e0-4cfb-bfad-d6c07d7b96e3 does not exist. Creating ...
2019-10-14 13:35:50,748 [pool-443-thread-1] INFO  storage.RaftStorageDirectory (RaftStorageDirectory.java:tryLock(328)) - Lock on /workdir/hadoop-ozone/integration-test/target/test-dir/MiniOzoneClusterImpl-e2ae5675-c21e-42f7-8419-fc156bd6edda/datanode-6/data/ratis/0fe5dfa7-16e0-4cfb-bfad-d6c07d7b96e3/in_use.lock acquired by nodename 26870@pr-hdds-2196-2-8n2dq-3116116325
2019-10-14 13:35:50,760 [pool-443-thread-1] INFO  storage.RaftStorage (RaftStorage.java:format(84)) - Storage directory /workdir/hadoop-ozone/integration-test/target/test-dir/MiniOzoneClusterImpl-e2ae5675-c21e-42f7-8419-fc156bd6edda/datanode-6/data/ratis/0fe5dfa7-16e0-4cfb-bfad-d6c07d7b96e3 has been successfully formatted.
2019-10-14 13:35:50,761 [pool-443-thread-1] INFO  ratis.ContainerStateMachine (ContainerStateMachine.java:loadSnapshot(230)) - group-D6C07D7B96E3: The snapshot info is null. Setting the last applied indexto:(t:0, i:~)
2019-10-14 13:35:50,761 [pool-443-thread-1] INFO  server.RaftServerConfigKeys (ConfUtils.java:logGet(43)) - raft.server.notification.no-leader.timeout = 120s (custom)
2019-10-14 13:35:50,761 [pool-443-thread-1] INFO  server.RaftServerConfigKeys (ConfUtils.java:logGet(43)) - raft.server.log.use.memory = false (default)
2019-10-14 13:35:50,761 [pool-443-thread-1] INFO  server.RaftServerConfigKeys (ConfUtils.java:logGet(43)) - raft.server.log.purge.gap = 1000000 (custom)
2019-10-14 13:35:50,761 [pool-443-thread-1] INFO  server.RaftServerConfigKeys (ConfUtils.java:logGet(43)) - raft.server.log.appender.buffer.byte-limit = 33554432 (custom)
2019-10-14 13:35:50,761 [pool-443-thread-1] INFO  server.RaftServerConfigKeys (ConfUtils.java:logGet(43)) - raft.server.log.segment.size.max = 1048576 (custom)
2019-10-14 13:35:50,763 [pool-443-thread-1] INFO  server.RaftServerConfigKeys (ConfUtils.java:logGet(43)) - raft.server.log.segment.cache.num.max = 2 (custom)
2019-10-14 13:35:50,763 [pool-443-thread-1] INFO  segmented.SegmentedRaftLogWorker (SegmentedRaftLogWorker.java:<init>(173)) - new ee8dcdf0-4257-4d09-94a8-3b6061644e06@group-D6C07D7B96E3-SegmentedRaftLogWorker for RaftStorage:Storage Directory /workdir/hadoop-ozone/integration-test/target/test-dir/MiniOzoneClusterImpl-e2ae5675-c21e-42f7-8419-fc156bd6edda/datanode-6/data/ratis/0fe5dfa7-16e0-4cfb-bfad-d6c07d7b96e3
2019-10-14 13:35:50,763 [pool-443-thread-1] INFO  server.RaftServerConfigKeys (ConfUtils.java:logGet(43)) - raft.server.log.queue.byte-limit = 2147483647 (custom)
2019-10-14 13:35:50,763 [pool-443-thread-1] INFO  server.RaftServerConfigKeys (ConfUtils.java:logGet(43)) - raft.server.log.queue.element-limit = 1024 (custom)
2019-10-14 13:35:50,763 [pool-443-thread-1] INFO  server.RaftServerConfigKeys (ConfUtils.java:logGet(43)) - raft.server.log.segment.size.max = 1048576 (custom)
2019-10-14 13:35:50,763 [pool-443-thread-1] INFO  server.RaftServerConfigKeys (ConfUtils.java:logGet(43)) - raft.server.log.preallocated.size = 16384 (custom)
2019-10-14 13:35:50,763 [pool-443-thread-1] INFO  server.RaftServerConfigKeys (ConfUtils.java:logGet(43)) - raft.server.log.write.buffer.size = 33554432 (custom)
2019-10-14 13:35:50,764 [pool-443-thread-1] INFO  server.RaftServerConfigKeys (ConfUtils.java:logGet(43)) - raft.server.log.force.sync.num = 128 (default)
2019-10-14 13:35:50,764 [pool-443-thread-1] INFO  server.RaftServerConfigKeys (ConfUtils.java:logGet(43)) - raft.server.log.statemachine.data.sync = true (default)
2019-10-14 13:35:50,764 [pool-443-thread-1] INFO  server.RaftServerConfigKeys (ConfUtils.java:logGet(43)) - raft.server.log.statemachine.data.sync.timeout = 10s (default)
2019-10-14 13:35:50,764 [pool-443-thread-1] INFO  server.RaftServerConfigKeys (ConfUtils.java:logGet(43)) - raft.server.log.statemachine.data.sync.timeout.retry = -1 (default)
2019-10-14 13:35:50,764 [pool-443-thread-1] INFO  server.RaftServerConfigKeys (ConfUtils.java:logGet(43)) - raft.server.log.statemachine.data.caching.enabled = true (custom)
2019-10-14 13:35:50,765 [pool-443-thread-1] INFO  segmented.SegmentedRaftLogWorker (SegmentedRaftLogWorker.java:lambda$new$0(128)) - ee8dcdf0-4257-4d09-94a8-3b6061644e06@group-D6C07D7B96E3-SegmentedRaftLogWorker: flushIndex: setUnconditionally 0 -> -1
2019-10-14 13:35:50,765 [pool-443-thread-1] INFO  server.RaftServerConfigKeys (ConfUtils.java:logGet(43)) - raft.server.snapshot.auto.trigger.enabled = true (custom)
2019-10-14 13:35:50,765 [pool-443-thread-1] INFO  server.RaftServerConfigKeys (ConfUtils.java:logGet(43)) - raft.server.snapshot.auto.trigger.threshold = 10000 (custom)
2019-10-14 13:35:50,765 [pool-443-thread-1] INFO  server.RaftServerConfigKeys (ConfUtils.java:logGet(43)) - raft.server.snapshot.retention.file.num = 5 (custom)
2019-10-14 13:35:50,765 [pool-443-thread-1] INFO  server.RaftServerConfigKeys (ConfUtils.java:logGet(43)) - raft.server.retrycache.expirytime = 600000ms (custom)
2019-10-14 13:35:50,767 [pool-443-thread-1] INFO  impl.RaftServerImpl (RaftServerImpl.java:start(181)) - ee8dcdf0-4257-4d09-94a8-3b6061644e06@group-D6C07D7B96E3: start as a follower, conf=-1: [ee8dcdf0-4257-4d09-94a8-3b6061644e06:192.168.151.106:34916], old=null
2019-10-14 13:35:50,767 [pool-443-thread-1] INFO  impl.RaftServerImpl (RaftServerImpl.java:setRole(170)) - ee8dcdf0-4257-4d09-94a8-3b6061644e06@group-D6C07D7B96E3: changes role from      null to FOLLOWER at term 0 for startAsFollower
2019-10-14 13:35:50,767 [pool-443-thread-1] INFO  impl.RoleInfo (RoleInfo.java:updateAndGet(143)) - ee8dcdf0-4257-4d09-94a8-3b6061644e06: start FollowerState
2019-10-14 13:35:50,767 [pool-443-thread-1] INFO  util.JmxRegister (JmxRegister.java:tryRegister(44)) - Successfully registered JMX Bean with object name Ratis:service=RaftServer,group=group-D6C07D7B96E3,id=ee8dcdf0-4257-4d09-94a8-3b6061644e06
2019-10-14 13:35:50,775 [RatisPipelineUtilsThread] INFO  pipeline.PipelineStateManager (PipelineStateManager.java:addPipeline(56)) - Created pipeline Pipeline[ Id: 0fe5dfa7-16e0-4cfb-bfad-d6c07d7b96e3, Nodes: ee8dcdf0-4257-4d09-94a8-3b6061644e06{ip: 192.168.151.106, host: pr-hdds-2196-2-8n2dq-3116116325, networkLocation: /default-rack, certSerialId: null}, Type:RATIS, Factor:ONE, State:OPEN]
2019-10-14 13:35:50,794 [grpc-default-executor-1] INFO  impl.RaftServerProxy (RaftServerProxy.java:addNew(89)) - ee8dcdf0-4257-4d09-94a8-3b6061644e06: addNew group-1524820A8172:[555ba9c4-e1fb-4951-8745-8a136c55a872:192.168.151.106:43434, ee8dcdf0-4257-4d09-94a8-3b6061644e06:192.168.151.106:34916, e7c7f36e-d189-4b90-8525-6de79529cd01:192.168.151.106:45463] returns group-1524820A8172:java.util.concurrent.CompletableFuture@2be83e46[Not completed]
2019-10-14 13:35:50,794 [grpc-default-executor-9] INFO  impl.RaftServerProxy (RaftServerProxy.java:addNew(89)) - 555ba9c4-e1fb-4951-8745-8a136c55a872: addNew group-1524820A8172:[555ba9c4-e1fb-4951-8745-8a136c55a872:192.168.151.106:43434, ee8dcdf0-4257-4d09-94a8-3b6061644e06:192.168.151.106:34916, e7c7f36e-d189-4b90-8525-6de79529cd01:192.168.151.106:45463] returns group-1524820A8172:java.util.concurrent.CompletableFuture@2b1e31a0[Not completed]
2019-10-14 13:35:50,794 [grpc-default-executor-4] INFO  impl.RaftServerProxy (RaftServerProxy.java:addNew(89)) - e7c7f36e-d189-4b90-8525-6de79529cd01: addNew group-1524820A8172:[555ba9c4-e1fb-4951-8745-8a136c55a872:192.168.151.106:43434, ee8dcdf0-4257-4d09-94a8-3b6061644e06:192.168.151.106:34916, e7c7f36e-d189-4b90-8525-6de79529cd01:192.168.151.106:45463] returns group-1524820A8172:java.util.concurrent.CompletableFuture@c546b05[Not completed]
2019-10-14 13:35:50,795 [pool-433-thread-1] INFO  impl.RaftServerImpl (RaftServerImpl.java:<init>(95)) - 555ba9c4-e1fb-4951-8745-8a136c55a872: new RaftServerImpl for group-1524820A8172:[555ba9c4-e1fb-4951-8745-8a136c55a872:192.168.151.106:43434, ee8dcdf0-4257-4d09-94a8-3b6061644e06:192.168.151.106:34916, e7c7f36e-d189-4b90-8525-6de79529cd01:192.168.151.106:45463] with ContainerStateMachine:uninitialized
2019-10-14 13:35:50,795 [pool-433-thread-1] INFO  server.RaftServerConfigKeys (ConfUtils.java:logGet(43)) - raft.server.rpc.timeout.min = 5s (custom)
2019-10-14 13:35:50,795 [pool-433-thread-1] INFO  server.RaftServerConfigKeys (ConfUtils.java:logGet(43)) - raft.server.rpc.timeout.max = 5200ms (custom)
2019-10-14 13:35:50,795 [pool-433-thread-1] INFO  server.RaftServerConfigKeys (ConfUtils.java:logGet(43)) - raft.server.rpcslowness.timeout = 120s (custom)
2019-10-14 13:35:50,795 [pool-433-thread-1] INFO  server.RaftServerConfigKeys (ConfUtils.java:logGet(43)) - raft.server.sleep.deviation.threshold = 300 (default)
2019-10-14 13:35:50,795 [pool-433-thread-1] INFO  server.RaftServerConfigKeys (ConfUtils.java:logGet(43)) - raft.server.log.appender.install.snapshot.enabled = false (custom)
2019-10-14 13:35:50,795 [pool-433-thread-1] INFO  impl.RaftServerImpl (ServerState.java:<init>(103)) - 555ba9c4-e1fb-4951-8745-8a136c55a872@group-1524820A8172: ConfigurationManager, init=-1: [555ba9c4-e1fb-4951-8745-8a136c55a872:192.168.151.106:43434, ee8dcdf0-4257-4d09-94a8-3b6061644e06:192.168.151.106:34916, e7c7f36e-d189-4b90-8525-6de79529cd01:192.168.151.106:45463], old=null, confs=<EMPTY_MAP>
2019-10-14 13:35:50,796 [pool-433-thread-1] INFO  server.RaftServerConfigKeys (ConfUtils.java:logGet(43)) - raft.server.storage.dir = [/workdir/hadoop-ozone/integration-test/target/test-dir/MiniOzoneClusterImpl-e2ae5675-c21e-42f7-8419-fc156bd6edda/datanode-5/data/ratis] (custom)
2019-10-14 13:35:50,796 [pool-433-thread-1] INFO  server.RaftServerConfigKeys (ConfUtils.java:logGet(43)) - raft.server.log.corruption.policy = EXCEPTION (default)
2019-10-14 13:35:50,796 [pool-433-thread-1] INFO  storage.RaftStorageDirectory (RaftStorageDirectory.java:analyzeStorage(246)) - The storage directory /workdir/hadoop-ozone/integration-test/target/test-dir/MiniOzoneClusterImpl-e2ae5675-c21e-42f7-8419-fc156bd6edda/datanode-5/data/ratis/63d82930-40fb-4187-bc19-1524820a8172 does not exist. Creating ...
2019-10-14 13:35:50,798 [pool-413-thread-1] INFO  impl.RaftServerImpl (RaftServerImpl.java:<init>(95)) - e7c7f36e-d189-4b90-8525-6de79529cd01: new RaftServerImpl for group-1524820A8172:[555ba9c4-e1fb-4951-8745-8a136c55a872:192.168.151.106:43434, ee8dcdf0-4257-4d09-94a8-3b6061644e06:192.168.151.106:34916, e7c7f36e-d189-4b90-8525-6de79529cd01:192.168.151.106:45463] with ContainerStateMachine:uninitialized
2019-10-14 13:35:50,798 [pool-413-thread-1] INFO  server.RaftServerConfigKeys (ConfUtils.java:logGet(43)) - raft.server.rpc.timeout.min = 5s (custom)
2019-10-14 13:35:50,798 [pool-413-thread-1] INFO  server.RaftServerConfigKeys (ConfUtils.java:logGet(43)) - raft.server.rpc.timeout.max = 5200ms (custom)
2019-10-14 13:35:50,798 [pool-413-thread-1] INFO  server.RaftServerConfigKeys (ConfUtils.java:logGet(43)) - raft.server.rpcslowness.timeout = 120s (custom)
2019-10-14 13:35:50,798 [pool-443-thread-1] INFO  impl.RaftServerImpl (RaftServerImpl.java:<init>(95)) - ee8dcdf0-4257-4d09-94a8-3b6061644e06: new RaftServerImpl for group-1524820A8172:[555ba9c4-e1fb-4951-8745-8a136c55a872:192.168.151.106:43434, ee8dcdf0-4257-4d09-94a8-3b6061644e06:192.168.151.106:34916, e7c7f36e-d189-4b90-8525-6de79529cd01:192.168.151.106:45463] with ContainerStateMachine:uninitialized
2019-10-14 13:35:50,798 [pool-413-thread-1] INFO  server.RaftServerConfigKeys (ConfUtils.java:logGet(43)) - raft.server.sleep.deviation.threshold = 300 (default)
2019-10-14 13:35:50,798 [pool-443-thread-1] INFO  server.RaftServerConfigKeys (ConfUtils.java:logGet(43)) - raft.server.rpc.timeout.min = 5s (custom)
2019-10-14 13:35:50,798 [pool-413-thread-1] INFO  server.RaftServerConfigKeys (ConfUtils.java:logGet(43)) - raft.server.log.appender.install.snapshot.enabled = false (custom)
2019-10-14 13:35:50,798 [pool-443-thread-1] INFO  server.RaftServerConfigKeys (ConfUtils.java:logGet(43)) - raft.server.rpc.timeout.max = 5200ms (custom)
2019-10-14 13:35:50,798 [pool-413-thread-1] INFO  impl.RaftServerImpl (ServerState.java:<init>(103)) - e7c7f36e-d189-4b90-8525-6de79529cd01@group-1524820A8172: ConfigurationManager, init=-1: [555ba9c4-e1fb-4951-8745-8a136c55a872:192.168.151.106:43434, ee8dcdf0-4257-4d09-94a8-3b6061644e06:192.168.151.106:34916, e7c7f36e-d189-4b90-8525-6de79529cd01:192.168.151.106:45463], old=null, confs=<EMPTY_MAP>
2019-10-14 13:35:50,799 [pool-443-thread-1] INFO  server.RaftServerConfigKeys (ConfUtils.java:logGet(43)) - raft.server.rpcslowness.timeout = 120s (custom)
2019-10-14 13:35:50,799 [pool-413-thread-1] INFO  server.RaftServerConfigKeys (ConfUtils.java:logGet(43)) - raft.server.storage.dir = [/workdir/hadoop-ozone/integration-test/target/test-dir/MiniOzoneClusterImpl-e2ae5675-c21e-42f7-8419-fc156bd6edda/datanode-3/data/ratis] (custom)
2019-10-14 13:35:50,799 [pool-443-thread-1] INFO  server.RaftServerConfigKeys (ConfUtils.java:logGet(43)) - raft.server.sleep.deviation.threshold = 300 (default)
2019-10-14 13:35:50,799 [pool-413-thread-1] INFO  server.RaftServerConfigKeys (ConfUtils.java:logGet(43)) - raft.server.log.corruption.policy = EXCEPTION (default)
2019-10-14 13:35:50,799 [pool-443-thread-1] INFO  server.RaftServerConfigKeys (ConfUtils.java:logGet(43)) - raft.server.log.appender.install.snapshot.enabled = false (custom)
2019-10-14 13:35:50,799 [pool-413-thread-1] INFO  storage.RaftStorageDirectory (RaftStorageDirectory.java:analyzeStorage(246)) - The storage directory /workdir/hadoop-ozone/integration-test/target/test-dir/MiniOzoneClusterImpl-e2ae5675-c21e-42f7-8419-fc156bd6edda/datanode-3/data/ratis/63d82930-40fb-4187-bc19-1524820a8172 does not exist. Creating ...
2019-10-14 13:35:50,799 [pool-443-thread-1] INFO  impl.RaftServerImpl (ServerState.java:<init>(103)) - ee8dcdf0-4257-4d09-94a8-3b6061644e06@group-1524820A8172: ConfigurationManager, init=-1: [555ba9c4-e1fb-4951-8745-8a136c55a872:192.168.151.106:43434, ee8dcdf0-4257-4d09-94a8-3b6061644e06:192.168.151.106:34916, e7c7f36e-d189-4b90-8525-6de79529cd01:192.168.151.106:45463], old=null, confs=<EMPTY_MAP>
2019-10-14 13:35:50,799 [pool-443-thread-1] INFO  server.RaftServerConfigKeys (ConfUtils.java:logGet(43)) - raft.server.storage.dir = [/workdir/hadoop-ozone/integration-test/target/test-dir/MiniOzoneClusterImpl-e2ae5675-c21e-42f7-8419-fc156bd6edda/datanode-6/data/ratis] (custom)
2019-10-14 13:35:50,800 [pool-443-thread-1] INFO  server.RaftServerConfigKeys (ConfUtils.java:logGet(43)) - raft.server.log.corruption.policy = EXCEPTION (default)
2019-10-14 13:35:50,800 [pool-443-thread-1] INFO  storage.RaftStorageDirectory (RaftStorageDirectory.java:analyzeStorage(246)) - The storage directory /workdir/hadoop-ozone/integration-test/target/test-dir/MiniOzoneClusterImpl-e2ae5675-c21e-42f7-8419-fc156bd6edda/datanode-6/data/ratis/63d82930-40fb-4187-bc19-1524820a8172 does not exist. Creating ...
2019-10-14 13:35:50,810 [pool-443-thread-1] INFO  storage.RaftStorageDirectory (RaftStorageDirectory.java:tryLock(328)) - Lock on /workdir/hadoop-ozone/integration-test/target/test-dir/MiniOzoneClusterImpl-e2ae5675-c21e-42f7-8419-fc156bd6edda/datanode-6/data/ratis/63d82930-40fb-4187-bc19-1524820a8172/in_use.lock acquired by nodename 26870@pr-hdds-2196-2-8n2dq-3116116325
2019-10-14 13:35:50,810 [pool-433-thread-1] INFO  storage.RaftStorageDirectory (RaftStorageDirectory.java:tryLock(328)) - Lock on /workdir/hadoop-ozone/integration-test/target/test-dir/MiniOzoneClusterImpl-e2ae5675-c21e-42f7-8419-fc156bd6edda/datanode-5/data/ratis/63d82930-40fb-4187-bc19-1524820a8172/in_use.lock acquired by nodename 26870@pr-hdds-2196-2-8n2dq-3116116325
2019-10-14 13:35:50,810 [pool-413-thread-1] INFO  storage.RaftStorageDirectory (RaftStorageDirectory.java:tryLock(328)) - Lock on /workdir/hadoop-ozone/integration-test/target/test-dir/MiniOzoneClusterImpl-e2ae5675-c21e-42f7-8419-fc156bd6edda/datanode-3/data/ratis/63d82930-40fb-4187-bc19-1524820a8172/in_use.lock acquired by nodename 26870@pr-hdds-2196-2-8n2dq-3116116325
2019-10-14 13:35:50,823 [pool-413-thread-1] INFO  storage.RaftStorage (RaftStorage.java:format(84)) - Storage directory /workdir/hadoop-ozone/integration-test/target/test-dir/MiniOzoneClusterImpl-e2ae5675-c21e-42f7-8419-fc156bd6edda/datanode-3/data/ratis/63d82930-40fb-4187-bc19-1524820a8172 has been successfully formatted.
2019-10-14 13:35:50,823 [pool-443-thread-1] INFO  storage.RaftStorage (RaftStorage.java:format(84)) - Storage directory /workdir/hadoop-ozone/integration-test/target/test-dir/MiniOzoneClusterImpl-e2ae5675-c21e-42f7-8419-fc156bd6edda/datanode-6/data/ratis/63d82930-40fb-4187-bc19-1524820a8172 has been successfully formatted.
2019-10-14 13:35:50,823 [pool-413-thread-1] INFO  ratis.ContainerStateMachine (ContainerStateMachine.java:loadSnapshot(230)) - group-1524820A8172: The snapshot info is null. Setting the last applied indexto:(t:0, i:~)
2019-10-14 13:35:50,823 [pool-443-thread-1] INFO  ratis.ContainerStateMachine (ContainerStateMachine.java:loadSnapshot(230)) - group-1524820A8172: The snapshot info is null. Setting the last applied indexto:(t:0, i:~)
2019-10-14 13:35:50,823 [pool-433-thread-1] INFO  storage.RaftStorage (RaftStorage.java:format(84)) - Storage directory /workdir/hadoop-ozone/integration-test/target/test-dir/MiniOzoneClusterImpl-e2ae5675-c21e-42f7-8419-fc156bd6edda/datanode-5/data/ratis/63d82930-40fb-4187-bc19-1524820a8172 has been successfully formatted.
2019-10-14 13:35:50,823 [pool-443-thread-1] INFO  server.RaftServerConfigKeys (ConfUtils.java:logGet(43)) - raft.server.notification.no-leader.timeout = 120s (custom)
2019-10-14 13:35:50,824 [pool-443-thread-1] INFO  server.RaftServerConfigKeys (ConfUtils.java:logGet(43)) - raft.server.log.use.memory = false (default)
2019-10-14 13:35:50,823 [pool-413-thread-1] INFO  server.RaftServerConfigKeys (ConfUtils.java:logGet(43)) - raft.server.notification.no-leader.timeout = 120s (custom)
2019-10-14 13:35:50,824 [pool-443-thread-1] INFO  server.RaftServerConfigKeys (ConfUtils.java:logGet(43)) - raft.server.log.purge.gap = 1000000 (custom)
2019-10-14 13:35:50,823 [pool-433-thread-1] INFO  ratis.ContainerStateMachine (ContainerStateMachine.java:loadSnapshot(230)) - group-1524820A8172: The snapshot info is null. Setting the last applied indexto:(t:0, i:~)
2019-10-14 13:35:50,824 [pool-443-thread-1] INFO  server.RaftServerConfigKeys (ConfUtils.java:logGet(43)) - raft.server.log.appender.buffer.byte-limit = 33554432 (custom)
2019-10-14 13:35:50,824 [pool-413-thread-1] INFO  server.RaftServerConfigKeys (ConfUtils.java:logGet(43)) - raft.server.log.use.memory = false (default)
2019-10-14 13:35:50,824 [pool-443-thread-1] INFO  server.RaftServerConfigKeys (ConfUtils.java:logGet(43)) - raft.server.log.segment.size.max = 1048576 (custom)
2019-10-14 13:35:50,824 [pool-433-thread-1] INFO  server.RaftServerConfigKeys (ConfUtils.java:logGet(43)) - raft.server.notification.no-leader.timeout = 120s (custom)
2019-10-14 13:35:50,824 [pool-443-thread-1] INFO  server.RaftServerConfigKeys (ConfUtils.java:logGet(43)) - raft.server.log.segment.cache.num.max = 2 (custom)
2019-10-14 13:35:50,824 [pool-413-thread-1] INFO  server.RaftServerConfigKeys (ConfUtils.java:logGet(43)) - raft.server.log.purge.gap = 1000000 (custom)
2019-10-14 13:35:50,824 [pool-443-thread-1] INFO  segmented.SegmentedRaftLogWorker (SegmentedRaftLogWorker.java:<init>(173)) - new ee8dcdf0-4257-4d09-94a8-3b6061644e06@group-1524820A8172-SegmentedRaftLogWorker for RaftStorage:Storage Directory /workdir/hadoop-ozone/integration-test/target/test-dir/MiniOzoneClusterImpl-e2ae5675-c21e-42f7-8419-fc156bd6edda/datanode-6/data/ratis/63d82930-40fb-4187-bc19-1524820a8172
2019-10-14 13:35:50,824 [pool-433-thread-1] INFO  server.RaftServerConfigKeys (ConfUtils.java:logGet(43)) - raft.server.log.use.memory = false (default)
2019-10-14 13:35:50,824 [pool-443-thread-1] INFO  server.RaftServerConfigKeys (ConfUtils.java:logGet(43)) - raft.server.log.queue.byte-limit = 2147483647 (custom)
2019-10-14 13:35:50,824 [pool-413-thread-1] INFO  server.RaftServerConfigKeys (ConfUtils.java:logGet(43)) - raft.server.log.appender.buffer.byte-limit = 33554432 (custom)
2019-10-14 13:35:50,825 [pool-443-thread-1] INFO  server.RaftServerConfigKeys (ConfUtils.java:logGet(43)) - raft.server.log.queue.element-limit = 1024 (custom)
2019-10-14 13:35:50,825 [pool-433-thread-1] INFO  server.RaftServerConfigKeys (ConfUtils.java:logGet(43)) - raft.server.log.purge.gap = 1000000 (custom)
2019-10-14 13:35:50,825 [pool-443-thread-1] INFO  server.RaftServerConfigKeys (ConfUtils.java:logGet(43)) - raft.server.log.segment.size.max = 1048576 (custom)
2019-10-14 13:35:50,825 [pool-413-thread-1] INFO  server.RaftServerConfigKeys (ConfUtils.java:logGet(43)) - raft.server.log.segment.size.max = 1048576 (custom)
2019-10-14 13:35:50,825 [pool-443-thread-1] INFO  server.RaftServerConfigKeys (ConfUtils.java:logGet(43)) - raft.server.log.preallocated.size = 16384 (custom)
2019-10-14 13:35:50,825 [pool-433-thread-1] INFO  server.RaftServerConfigKeys (ConfUtils.java:logGet(43)) - raft.server.log.appender.buffer.byte-limit = 33554432 (custom)
2019-10-14 13:35:50,825 [pool-443-thread-1] INFO  server.RaftServerConfigKeys (ConfUtils.java:logGet(43)) - raft.server.log.write.buffer.size = 33554432 (custom)
2019-10-14 13:35:50,825 [pool-413-thread-1] INFO  server.RaftServerConfigKeys (ConfUtils.java:logGet(43)) - raft.server.log.segment.cache.num.max = 2 (custom)
2019-10-14 13:35:50,825 [pool-443-thread-1] INFO  server.RaftServerConfigKeys (ConfUtils.java:logGet(43)) - raft.server.log.force.sync.num = 128 (default)
2019-10-14 13:35:50,825 [pool-433-thread-1] INFO  server.RaftServerConfigKeys (ConfUtils.java:logGet(43)) - raft.server.log.segment.size.max = 1048576 (custom)
2019-10-14 13:35:50,825 [pool-443-thread-1] INFO  server.RaftServerConfigKeys (ConfUtils.java:logGet(43)) - raft.server.log.statemachine.data.sync = true (default)
2019-10-14 13:35:50,825 [pool-413-thread-1] INFO  segmented.SegmentedRaftLogWorker (SegmentedRaftLogWorker.java:<init>(173)) - new e7c7f36e-d189-4b90-8525-6de79529cd01@group-1524820A8172-SegmentedRaftLogWorker for RaftStorage:Storage Directory /workdir/hadoop-ozone/integration-test/target/test-dir/MiniOzoneClusterImpl-e2ae5675-c21e-42f7-8419-fc156bd6edda/datanode-3/data/ratis/63d82930-40fb-4187-bc19-1524820a8172
2019-10-14 13:35:50,826 [pool-443-thread-1] INFO  server.RaftServerConfigKeys (ConfUtils.java:logGet(43)) - raft.server.log.statemachine.data.sync.timeout = 10s (default)
2019-10-14 13:35:50,826 [pool-433-thread-1] INFO  server.RaftServerConfigKeys (ConfUtils.java:logGet(43)) - raft.server.log.segment.cache.num.max = 2 (custom)
2019-10-14 13:35:50,826 [pool-443-thread-1] INFO  server.RaftServerConfigKeys (ConfUtils.java:logGet(43)) - raft.server.log.statemachine.data.sync.timeout.retry = -1 (default)
2019-10-14 13:35:50,826 [pool-413-thread-1] INFO  server.RaftServerConfigKeys (ConfUtils.java:logGet(43)) - raft.server.log.queue.byte-limit = 2147483647 (custom)
2019-10-14 13:35:50,826 [pool-443-thread-1] INFO  server.RaftServerConfigKeys (ConfUtils.java:logGet(43)) - raft.server.log.statemachine.data.caching.enabled = true (custom)
2019-10-14 13:35:50,826 [pool-433-thread-1] INFO  segmented.SegmentedRaftLogWorker (SegmentedRaftLogWorker.java:<init>(173)) - new 555ba9c4-e1fb-4951-8745-8a136c55a872@group-1524820A8172-SegmentedRaftLogWorker for RaftStorage:Storage Directory /workdir/hadoop-ozone/integration-test/target/test-dir/MiniOzoneClusterImpl-e2ae5675-c21e-42f7-8419-fc156bd6edda/datanode-5/data/ratis/63d82930-40fb-4187-bc19-1524820a8172
2019-10-14 13:35:50,826 [pool-413-thread-1] INFO  server.RaftServerConfigKeys (ConfUtils.java:logGet(43)) - raft.server.log.queue.element-limit = 1024 (custom)
2019-10-14 13:35:50,826 [pool-443-thread-1] INFO  segmented.SegmentedRaftLogWorker (SegmentedRaftLogWorker.java:lambda$new$0(128)) - ee8dcdf0-4257-4d09-94a8-3b6061644e06@group-1524820A8172-SegmentedRaftLogWorker: flushIndex: setUnconditionally 0 -> -1
2019-10-14 13:35:50,826 [pool-433-thread-1] INFO  server.RaftServerConfigKeys (ConfUtils.java:logGet(43)) - raft.server.log.queue.byte-limit = 2147483647 (custom)
2019-10-14 13:35:50,826 [pool-413-thread-1] INFO  server.RaftServerConfigKeys (ConfUtils.java:logGet(43)) - raft.server.log.segment.size.max = 1048576 (custom)
2019-10-14 13:35:50,827 [pool-443-thread-1] INFO  server.RaftServerConfigKeys (ConfUtils.java:logGet(43)) - raft.server.snapshot.auto.trigger.enabled = true (custom)
2019-10-14 13:35:50,826 [pool-433-thread-1] INFO  server.RaftServerConfigKeys (ConfUtils.java:logGet(43)) - raft.server.log.queue.element-limit = 1024 (custom)
2019-10-14 13:35:50,827 [pool-443-thread-1] INFO  server.RaftServerConfigKeys (ConfUtils.java:logGet(43)) - raft.server.snapshot.auto.trigger.threshold = 10000 (custom)
2019-10-14 13:35:50,827 [pool-413-thread-1] INFO  server.RaftServerConfigKeys (ConfUtils.java:logGet(43)) - raft.server.log.preallocated.size = 16384 (custom)
2019-10-14 13:35:50,827 [pool-443-thread-1] INFO  server.RaftServerConfigKeys (ConfUtils.java:logGet(43)) - raft.server.snapshot.retention.file.num = 5 (custom)
2019-10-14 13:35:50,827 [pool-433-thread-1] INFO  server.RaftServerConfigKeys (ConfUtils.java:logGet(43)) - raft.server.log.segment.size.max = 1048576 (custom)
2019-10-14 13:35:50,827 [pool-443-thread-1] INFO  server.RaftServerConfigKeys (ConfUtils.java:logGet(43)) - raft.server.retrycache.expirytime = 600000ms (custom)
2019-10-14 13:35:50,827 [pool-413-thread-1] INFO  server.RaftServerConfigKeys (ConfUtils.java:logGet(43)) - raft.server.log.write.buffer.size = 33554432 (custom)
2019-10-14 13:35:50,827 [pool-433-thread-1] INFO  server.RaftServerConfigKeys (ConfUtils.java:logGet(43)) - raft.server.log.preallocated.size = 16384 (custom)
2019-10-14 13:35:50,827 [pool-413-thread-1] INFO  server.RaftServerConfigKeys (ConfUtils.java:logGet(43)) - raft.server.log.force.sync.num = 128 (default)
2019-10-14 13:35:50,827 [pool-433-thread-1] INFO  server.RaftServerConfigKeys (ConfUtils.java:logGet(43)) - raft.server.log.write.buffer.size = 33554432 (custom)
2019-10-14 13:35:50,827 [pool-413-thread-1] INFO  server.RaftServerConfigKeys (ConfUtils.java:logGet(43)) - raft.server.log.statemachine.data.sync = true (default)
2019-10-14 13:35:50,828 [pool-433-thread-1] INFO  server.RaftServerConfigKeys (ConfUtils.java:logGet(43)) - raft.server.log.force.sync.num = 128 (default)
2019-10-14 13:35:50,828 [pool-413-thread-1] INFO  server.RaftServerConfigKeys (ConfUtils.java:logGet(43)) - raft.server.log.statemachine.data.sync.timeout = 10s (default)
2019-10-14 13:35:50,828 [pool-433-thread-1] INFO  server.RaftServerConfigKeys (ConfUtils.java:logGet(43)) - raft.server.log.statemachine.data.sync = true (default)
2019-10-14 13:35:50,828 [pool-413-thread-1] INFO  server.RaftServerConfigKeys (ConfUtils.java:logGet(43)) - raft.server.log.statemachine.data.sync.timeout.retry = -1 (default)
2019-10-14 13:35:50,828 [pool-433-thread-1] INFO  server.RaftServerConfigKeys (ConfUtils.java:logGet(43)) - raft.server.log.statemachine.data.sync.timeout = 10s (default)
2019-10-14 13:35:50,828 [pool-413-thread-1] INFO  server.RaftServerConfigKeys (ConfUtils.java:logGet(43)) - raft.server.log.statemachine.data.caching.enabled = true (custom)
2019-10-14 13:35:50,828 [pool-433-thread-1] INFO  server.RaftServerConfigKeys (ConfUtils.java:logGet(43)) - raft.server.log.statemachine.data.sync.timeout.retry = -1 (default)
2019-10-14 13:35:50,828 [pool-413-thread-1] INFO  segmented.SegmentedRaftLogWorker (SegmentedRaftLogWorker.java:lambda$new$0(128)) - e7c7f36e-d189-4b90-8525-6de79529cd01@group-1524820A8172-SegmentedRaftLogWorker: flushIndex: setUnconditionally 0 -> -1
2019-10-14 13:35:50,828 [pool-433-thread-1] INFO  server.RaftServerConfigKeys (ConfUtils.java:logGet(43)) - raft.server.log.statemachine.data.caching.enabled = true (custom)
2019-10-14 13:35:50,829 [pool-413-thread-1] INFO  server.RaftServerConfigKeys (ConfUtils.java:logGet(43)) - raft.server.snapshot.auto.trigger.enabled = true (custom)
2019-10-14 13:35:50,829 [pool-443-thread-1] INFO  impl.RaftServerImpl (RaftServerImpl.java:start(181)) - ee8dcdf0-4257-4d09-94a8-3b6061644e06@group-1524820A8172: start as a follower, conf=-1: [555ba9c4-e1fb-4951-8745-8a136c55a872:192.168.151.106:43434, ee8dcdf0-4257-4d09-94a8-3b6061644e06:192.168.151.106:34916, e7c7f36e-d189-4b90-8525-6de79529cd01:192.168.151.106:45463], old=null
2019-10-14 13:35:50,829 [pool-433-thread-1] INFO  segmented.SegmentedRaftLogWorker (SegmentedRaftLogWorker.java:lambda$new$0(128)) - 555ba9c4-e1fb-4951-8745-8a136c55a872@group-1524820A8172-SegmentedRaftLogWorker: flushIndex: setUnconditionally 0 -> -1
2019-10-14 13:35:50,829 [pool-413-thread-1] INFO  server.RaftServerConfigKeys (ConfUtils.java:logGet(43)) - raft.server.snapshot.auto.trigger.threshold = 10000 (custom)
2019-10-14 13:35:50,829 [pool-443-thread-1] INFO  impl.RaftServerImpl (RaftServerImpl.java:setRole(170)) - ee8dcdf0-4257-4d09-94a8-3b6061644e06@group-1524820A8172: changes role from      null to FOLLOWER at term 0 for startAsFollower
2019-10-14 13:35:50,829 [pool-433-thread-1] INFO  server.RaftServerConfigKeys (ConfUtils.java:logGet(43)) - raft.server.snapshot.auto.trigger.enabled = true (custom)
2019-10-14 13:35:50,829 [pool-413-thread-1] INFO  server.RaftServerConfigKeys (ConfUtils.java:logGet(43)) - raft.server.snapshot.retention.file.num = 5 (custom)
2019-10-14 13:35:50,829 [pool-433-thread-1] INFO  server.RaftServerConfigKeys (ConfUtils.java:logGet(43)) - raft.server.snapshot.auto.trigger.threshold = 10000 (custom)
2019-10-14 13:35:50,829 [pool-443-thread-1] INFO  impl.RoleInfo (RoleInfo.java:updateAndGet(143)) - ee8dcdf0-4257-4d09-94a8-3b6061644e06: start FollowerState
2019-10-14 13:35:50,829 [pool-433-thread-1] INFO  server.RaftServerConfigKeys (ConfUtils.java:logGet(43)) - raft.server.snapshot.retention.file.num = 5 (custom)
2019-10-14 13:35:50,829 [pool-413-thread-1] INFO  server.RaftServerConfigKeys (ConfUtils.java:logGet(43)) - raft.server.retrycache.expirytime = 600000ms (custom)
2019-10-14 13:35:50,829 [pool-443-thread-1] INFO  util.JmxRegister (JmxRegister.java:tryRegister(44)) - Successfully registered JMX Bean with object name Ratis:service=RaftServer,group=group-1524820A8172,id=ee8dcdf0-4257-4d09-94a8-3b6061644e06
2019-10-14 13:35:50,829 [pool-433-thread-1] INFO  server.RaftServerConfigKeys (ConfUtils.java:logGet(43)) - raft.server.retrycache.expirytime = 600000ms (custom)
2019-10-14 13:35:50,832 [pool-413-thread-1] INFO  impl.RaftServerImpl (RaftServerImpl.java:start(181)) - e7c7f36e-d189-4b90-8525-6de79529cd01@group-1524820A8172: start as a follower, conf=-1: [555ba9c4-e1fb-4951-8745-8a136c55a872:192.168.151.106:43434, ee8dcdf0-4257-4d09-94a8-3b6061644e06:192.168.151.106:34916, e7c7f36e-d189-4b90-8525-6de79529cd01:192.168.151.106:45463], old=null
2019-10-14 13:35:50,832 [pool-413-thread-1] INFO  impl.RaftServerImpl (RaftServerImpl.java:setRole(170)) - e7c7f36e-d189-4b90-8525-6de79529cd01@group-1524820A8172: changes role from      null to FOLLOWER at term 0 for startAsFollower
2019-10-14 13:35:50,832 [pool-413-thread-1] INFO  impl.RoleInfo (RoleInfo.java:updateAndGet(143)) - e7c7f36e-d189-4b90-8525-6de79529cd01: start FollowerState
2019-10-14 13:35:50,832 [pool-413-thread-1] INFO  util.JmxRegister (JmxRegister.java:tryRegister(44)) - Successfully registered JMX Bean with object name Ratis:service=RaftServer,group=group-1524820A8172,id=e7c7f36e-d189-4b90-8525-6de79529cd01
2019-10-14 13:35:50,832 [pool-433-thread-1] INFO  impl.RaftServerImpl (RaftServerImpl.java:start(181)) - 555ba9c4-e1fb-4951-8745-8a136c55a872@group-1524820A8172: start as a follower, conf=-1: [555ba9c4-e1fb-4951-8745-8a136c55a872:192.168.151.106:43434, ee8dcdf0-4257-4d09-94a8-3b6061644e06:192.168.151.106:34916, e7c7f36e-d189-4b90-8525-6de79529cd01:192.168.151.106:45463], old=null
2019-10-14 13:35:50,832 [pool-433-thread-1] INFO  impl.RaftServerImpl (RaftServerImpl.java:setRole(170)) - 555ba9c4-e1fb-4951-8745-8a136c55a872@group-1524820A8172: changes role from      null to FOLLOWER at term 0 for startAsFollower
2019-10-14 13:35:50,832 [pool-433-thread-1] INFO  impl.RoleInfo (RoleInfo.java:updateAndGet(143)) - 555ba9c4-e1fb-4951-8745-8a136c55a872: start FollowerState
2019-10-14 13:35:50,833 [pool-433-thread-1] INFO  util.JmxRegister (JmxRegister.java:tryRegister(44)) - Successfully registered JMX Bean with object name Ratis:service=RaftServer,group=group-1524820A8172,id=555ba9c4-e1fb-4951-8745-8a136c55a872
2019-10-14 13:35:50,845 [RatisPipelineUtilsThread] INFO  pipeline.PipelineStateManager (PipelineStateManager.java:addPipeline(56)) - Created pipeline Pipeline[ Id: 63d82930-40fb-4187-bc19-1524820a8172, Nodes: 555ba9c4-e1fb-4951-8745-8a136c55a872{ip: 192.168.151.106, host: pr-hdds-2196-2-8n2dq-3116116325, networkLocation: /default-rack, certSerialId: null}ee8dcdf0-4257-4d09-94a8-3b6061644e06{ip: 192.168.151.106, host: pr-hdds-2196-2-8n2dq-3116116325, networkLocation: /default-rack, certSerialId: null}e7c7f36e-d189-4b90-8525-6de79529cd01{ip: 192.168.151.106, host: pr-hdds-2196-2-8n2dq-3116116325, networkLocation: /default-rack, certSerialId: null}, Type:RATIS, Factor:THREE, State:OPEN]
2019-10-14 13:35:51,701 [main] INFO  ozone.MiniOzoneClusterImpl (MiniOzoneClusterImpl.java:lambda$waitForClusterToBeReady$0(147)) - Cluster is ready. Got 7 of 7 DN Heartbeats.
2019-10-14 13:35:51,753 [main] INFO  rpc.RpcClient (RpcClient.java:createVolume(277)) - Creating Volume: watchforcommithandlingtest, with jenkins1000 as owner.
2019-10-14 13:35:51,757 [IPC Server handler 1 on 37198] INFO  volume.OMVolumeCreateRequest (OMVolumeCreateRequest.java:validateAndUpdateCache(193)) - created volume:watchforcommithandlingtest for user:jenkins1000
2019-10-14 13:35:51,757 [grpc-default-executor-4] WARN  server.GrpcLogAppender (LogUtils.java:warn(134)) - 192e12c5-d762-43c7-a534-44a4e83d726f@group-5B0C9F4F55BE->cf8d3001-8af4-4fc5-b72d-8dcaa9baa2e1-AppendLogResponseHandler: Failed appendEntries: org.apache.ratis.thirdparty.io.grpc.StatusRuntimeException: UNAVAILABLE: io exception
2019-10-14 13:35:51,757 [grpc-default-executor-5] WARN  server.GrpcLogAppender (LogUtils.java:warn(134)) - 192e12c5-d762-43c7-a534-44a4e83d726f@group-5B0C9F4F55BE->677247a7-29f7-4094-aab0-2aa00681ebef-AppendLogResponseHandler: Failed appendEntries: org.apache.ratis.thirdparty.io.grpc.StatusRuntimeException: UNAVAILABLE: io exception
2019-10-14 13:35:51,758 [grpc-default-executor-4] INFO  impl.FollowerInfo (FollowerInfo.java:lambda$new$0(51)) - 192e12c5-d762-43c7-a534-44a4e83d726f@group-5B0C9F4F55BE->cf8d3001-8af4-4fc5-b72d-8dcaa9baa2e1: nextIndex: updateUnconditionally 0 -> 0
2019-10-14 13:35:51,758 [grpc-default-executor-5] INFO  impl.FollowerInfo (FollowerInfo.java:lambda$new$0(51)) - 192e12c5-d762-43c7-a534-44a4e83d726f@group-5B0C9F4F55BE->677247a7-29f7-4094-aab0-2aa00681ebef: nextIndex: updateUnconditionally 0 -> 0
2019-10-14 13:35:51,777 [main] INFO  rpc.RpcClient (RpcClient.java:createBucket(416)) - Creating Bucket: watchforcommithandlingtest/watchforcommithandlingtest, with Versioning false and Storage Type set to DISK and Encryption set to false 
2019-10-14 13:35:51,782 [main] INFO  ozone.MiniOzoneClusterImpl (MiniOzoneClusterImpl.java:getStorageContainerLocationClient(234)) - Creating StorageContainerLocationProtocol RPC client with address /0.0.0.0:42031
2019-10-14 13:35:53,235 [Thread-2341] INFO  container.ReplicationManager (ReplicationManager.java:start(162)) - Starting Replication Monitor Thread.
2019-10-14 13:35:53,239 [ReplicationMonitor] INFO  container.ReplicationManager (ReplicationManager.java:run(225)) - Replication Monitor Thread took 0 milliseconds for processing 1 containers.
2019-10-14 13:35:54,056 [Thread-2394] INFO  client.GrpcClientProtocolService (GrpcClientProtocolService.java:lambda$processClientRequest$0(278)) - Failed RaftClientRequest:client-BDA35B1A37A9->192e12c5-d762-43c7-a534-44a4e83d726f@group-5B0C9F4F55BE, cid=67, seq=0, Watch-ALL_COMMITTED(21), Message:<EMPTY>, reply=RaftClientReply:client-BDA35B1A37A9->192e12c5-d762-43c7-a534-44a4e83d726f@group-5B0C9F4F55BE, cid=67, FAILED org.apache.ratis.protocol.NotReplicatedException: Request with call Id 67 and log index 21 is not yet replicated to ALL_COMMITTED, logIndex=21, commits[192e12c5-d762-43c7-a534-44a4e83d726f:c2, 677247a7-29f7-4094-aab0-2aa00681ebef:c2, cf8d3001-8af4-4fc5-b72d-8dcaa9baa2e1:c2]
2019-10-14 13:35:54,056 [Thread-2395] INFO  client.GrpcClientProtocolService (GrpcClientProtocolService.java:lambda$processClientRequest$0(278)) - Failed RaftClientRequest:client-BDA35B1A37A9->192e12c5-d762-43c7-a534-44a4e83d726f@group-5B0C9F4F55BE, cid=68, seq=0, Watch-MAJORITY_COMMITTED(21), Message:<EMPTY>, reply=RaftClientReply:client-BDA35B1A37A9->192e12c5-d762-43c7-a534-44a4e83d726f@group-5B0C9F4F55BE, cid=68, FAILED org.apache.ratis.protocol.NotReplicatedException: Request with call Id 68 and log index 21 is not yet replicated to MAJORITY_COMMITTED, logIndex=21, commits[192e12c5-d762-43c7-a534-44a4e83d726f:c2, 677247a7-29f7-4094-aab0-2aa00681ebef:c2, cf8d3001-8af4-4fc5-b72d-8dcaa9baa2e1:c2]
2019-10-14 13:35:54,258 [grpc-default-executor-5] WARN  server.GrpcLogAppender (LogUtils.java:warn(134)) - 192e12c5-d762-43c7-a534-44a4e83d726f@group-5B0C9F4F55BE->cf8d3001-8af4-4fc5-b72d-8dcaa9baa2e1-AppendLogResponseHandler: Failed appendEntries: org.apache.ratis.thirdparty.io.grpc.StatusRuntimeException: UNAVAILABLE: io exception
2019-10-14 13:35:54,258 [grpc-default-executor-1] WARN  server.GrpcLogAppender (LogUtils.java:warn(134)) - 192e12c5-d762-43c7-a534-44a4e83d726f@group-5B0C9F4F55BE->677247a7-29f7-4094-aab0-2aa00681ebef-AppendLogResponseHandler: Failed appendEntries: org.apache.ratis.thirdparty.io.grpc.StatusRuntimeException: UNAVAILABLE: io exception
2019-10-14 13:35:54,258 [grpc-default-executor-5] INFO  impl.FollowerInfo (FollowerInfo.java:lambda$new$0(51)) - 192e12c5-d762-43c7-a534-44a4e83d726f@group-5B0C9F4F55BE->cf8d3001-8af4-4fc5-b72d-8dcaa9baa2e1: nextIndex: updateUnconditionally 0 -> 0
2019-10-14 13:35:54,258 [grpc-default-executor-1] INFO  impl.FollowerInfo (FollowerInfo.java:lambda$new$0(51)) - 192e12c5-d762-43c7-a534-44a4e83d726f@group-5B0C9F4F55BE->677247a7-29f7-4094-aab0-2aa00681ebef: nextIndex: updateUnconditionally 0 -> 0
2019-10-14 13:35:55,441 [Thread-2346] INFO  impl.FollowerState (FollowerState.java:run(108)) - b50efb6b-48db-4cd0-9c2f-05b573e274e8@group-A730688590F0-FollowerState: change to CANDIDATE, lastRpcTime:5099ms, electionTimeout:5099ms
2019-10-14 13:35:55,441 [Thread-2346] INFO  impl.RoleInfo (RoleInfo.java:shutdownFollowerState(121)) - b50efb6b-48db-4cd0-9c2f-05b573e274e8: shutdown FollowerState
2019-10-14 13:35:55,442 [Thread-2346] INFO  impl.RaftServerImpl (RaftServerImpl.java:setRole(170)) - b50efb6b-48db-4cd0-9c2f-05b573e274e8@group-A730688590F0: changes role from  FOLLOWER to CANDIDATE at term 0 for changeToCandidate
2019-10-14 13:35:55,442 [Thread-2346] INFO  impl.RoleInfo (RoleInfo.java:updateAndGet(143)) - b50efb6b-48db-4cd0-9c2f-05b573e274e8: start LeaderElection
2019-10-14 13:35:55,454 [Thread-2343] INFO  impl.FollowerState (FollowerState.java:run(108)) - b99a251c-4429-4381-bc0b-b1b84baeee8b@group-88EC536D1D5B-FollowerState: change to CANDIDATE, lastRpcTime:5172ms, electionTimeout:5170ms
2019-10-14 13:35:55,454 [Thread-2343] INFO  impl.RoleInfo (RoleInfo.java:shutdownFollowerState(121)) - b99a251c-4429-4381-bc0b-b1b84baeee8b: shutdown FollowerState
2019-10-14 13:35:55,455 [Thread-2343] INFO  impl.RaftServerImpl (RaftServerImpl.java:setRole(170)) - b99a251c-4429-4381-bc0b-b1b84baeee8b@group-88EC536D1D5B: changes role from  FOLLOWER to CANDIDATE at term 0 for changeToCandidate
2019-10-14 13:35:55,455 [Thread-2343] INFO  impl.RoleInfo (RoleInfo.java:updateAndGet(143)) - b99a251c-4429-4381-bc0b-b1b84baeee8b: start LeaderElection
2019-10-14 13:35:55,469 [b50efb6b-48db-4cd0-9c2f-05b573e274e8@group-A730688590F0-LeaderElection56] INFO  impl.LeaderElection (LeaderElection.java:askForVotes(178)) - b50efb6b-48db-4cd0-9c2f-05b573e274e8@group-A730688590F0-LeaderElection56: begin an election at term 1 for -1: [b50efb6b-48db-4cd0-9c2f-05b573e274e8:192.168.151.106:37679], old=null
2019-10-14 13:35:55,469 [b99a251c-4429-4381-bc0b-b1b84baeee8b@group-88EC536D1D5B-LeaderElection57] INFO  impl.LeaderElection (LeaderElection.java:askForVotes(178)) - b99a251c-4429-4381-bc0b-b1b84baeee8b@group-88EC536D1D5B-LeaderElection57: begin an election at term 1 for -1: [b99a251c-4429-4381-bc0b-b1b84baeee8b:192.168.151.106:40760], old=null
2019-10-14 13:35:55,469 [b50efb6b-48db-4cd0-9c2f-05b573e274e8@group-A730688590F0-LeaderElection56] INFO  impl.RoleInfo (RoleInfo.java:shutdownLeaderElection(134)) - b50efb6b-48db-4cd0-9c2f-05b573e274e8: shutdown LeaderElection
2019-10-14 13:35:55,470 [b99a251c-4429-4381-bc0b-b1b84baeee8b@group-88EC536D1D5B-LeaderElection57] INFO  impl.RoleInfo (RoleInfo.java:shutdownLeaderElection(134)) - b99a251c-4429-4381-bc0b-b1b84baeee8b: shutdown LeaderElection
2019-10-14 13:35:55,470 [b50efb6b-48db-4cd0-9c2f-05b573e274e8@group-A730688590F0-LeaderElection56] INFO  impl.RaftServerImpl (RaftServerImpl.java:setRole(170)) - b50efb6b-48db-4cd0-9c2f-05b573e274e8@group-A730688590F0: changes role from CANDIDATE to LEADER at term 1 for changeToLeader
2019-10-14 13:35:55,470 [b99a251c-4429-4381-bc0b-b1b84baeee8b@group-88EC536D1D5B-LeaderElection57] INFO  impl.RaftServerImpl (RaftServerImpl.java:setRole(170)) - b99a251c-4429-4381-bc0b-b1b84baeee8b@group-88EC536D1D5B: changes role from CANDIDATE to LEADER at term 1 for changeToLeader
2019-10-14 13:35:55,470 [b50efb6b-48db-4cd0-9c2f-05b573e274e8@group-A730688590F0-LeaderElection56] INFO  impl.RaftServerImpl (ServerState.java:setLeader(255)) - b50efb6b-48db-4cd0-9c2f-05b573e274e8@group-A730688590F0: change Leader from null to b50efb6b-48db-4cd0-9c2f-05b573e274e8 at term 1 for becomeLeader, leader elected after 5133ms
2019-10-14 13:35:55,470 [b99a251c-4429-4381-bc0b-b1b84baeee8b@group-88EC536D1D5B-LeaderElection57] INFO  impl.RaftServerImpl (ServerState.java:setLeader(255)) - b99a251c-4429-4381-bc0b-b1b84baeee8b@group-88EC536D1D5B: change Leader from null to b99a251c-4429-4381-bc0b-b1b84baeee8b at term 1 for becomeLeader, leader elected after 5194ms
2019-10-14 13:35:55,470 [b50efb6b-48db-4cd0-9c2f-05b573e274e8@group-A730688590F0-LeaderElection56] INFO  server.RaftServerConfigKeys (ConfUtils.java:logGet(43)) - raft.server.staging.catchup.gap = 1000 (default)
2019-10-14 13:35:55,470 [b99a251c-4429-4381-bc0b-b1b84baeee8b@group-88EC536D1D5B-LeaderElection57] INFO  server.RaftServerConfigKeys (ConfUtils.java:logGet(43)) - raft.server.staging.catchup.gap = 1000 (default)
2019-10-14 13:35:55,470 [b50efb6b-48db-4cd0-9c2f-05b573e274e8@group-A730688590F0-LeaderElection56] INFO  server.RaftServerConfigKeys (ConfUtils.java:logGet(43)) - raft.server.rpc.sleep.time = 25ms (default)
2019-10-14 13:35:55,470 [b99a251c-4429-4381-bc0b-b1b84baeee8b@group-88EC536D1D5B-LeaderElection57] INFO  server.RaftServerConfigKeys (ConfUtils.java:logGet(43)) - raft.server.rpc.sleep.time = 25ms (default)
2019-10-14 13:35:55,471 [b50efb6b-48db-4cd0-9c2f-05b573e274e8@group-A730688590F0-LeaderElection56] INFO  server.RaftServerConfigKeys (ConfUtils.java:logGet(43)) - raft.server.write.element-limit = 4096 (default)
2019-10-14 13:35:55,471 [b99a251c-4429-4381-bc0b-b1b84baeee8b@group-88EC536D1D5B-LeaderElection57] INFO  server.RaftServerConfigKeys (ConfUtils.java:logGet(43)) - raft.server.write.element-limit = 4096 (default)
2019-10-14 13:35:55,471 [b50efb6b-48db-4cd0-9c2f-05b573e274e8@group-A730688590F0-LeaderElection56] INFO  server.RaftServerConfigKeys (ConfUtils.java:logGet(43)) - raft.server.watch.timeout = 10s (default)
2019-10-14 13:35:55,471 [b99a251c-4429-4381-bc0b-b1b84baeee8b@group-88EC536D1D5B-LeaderElection57] INFO  server.RaftServerConfigKeys (ConfUtils.java:logGet(43)) - raft.server.watch.timeout = 10s (default)
2019-10-14 13:35:55,471 [b50efb6b-48db-4cd0-9c2f-05b573e274e8@group-A730688590F0-LeaderElection56] INFO  server.RaftServerConfigKeys (ConfUtils.java:logGet(43)) - raft.server.watch.timeout.denomination = 1s (default)
2019-10-14 13:35:55,471 [b99a251c-4429-4381-bc0b-b1b84baeee8b@group-88EC536D1D5B-LeaderElection57] INFO  server.RaftServerConfigKeys (ConfUtils.java:logGet(43)) - raft.server.watch.timeout.denomination = 1s (default)
2019-10-14 13:35:55,471 [b50efb6b-48db-4cd0-9c2f-05b573e274e8@group-A730688590F0-LeaderElection56] INFO  server.RaftServerConfigKeys (ConfUtils.java:logGet(43)) - raft.server.watch.element-limit = 65536 (default)
2019-10-14 13:35:55,471 [b99a251c-4429-4381-bc0b-b1b84baeee8b@group-88EC536D1D5B-LeaderElection57] INFO  server.RaftServerConfigKeys (ConfUtils.java:logGet(43)) - raft.server.watch.element-limit = 65536 (default)
2019-10-14 13:35:55,474 [b50efb6b-48db-4cd0-9c2f-05b573e274e8@group-A730688590F0-LeaderElection56] INFO  impl.RoleInfo (RoleInfo.java:updateAndGet(143)) - b50efb6b-48db-4cd0-9c2f-05b573e274e8: start LeaderState
2019-10-14 13:35:55,474 [b50efb6b-48db-4cd0-9c2f-05b573e274e8@group-A730688590F0-LeaderElection56] INFO  segmented.SegmentedRaftLogWorker (SegmentedRaftLogWorker.java:startLogSegment(385)) - b50efb6b-48db-4cd0-9c2f-05b573e274e8@group-A730688590F0-SegmentedRaftLogWorker: Starting segment from index:0
2019-10-14 13:35:55,474 [b99a251c-4429-4381-bc0b-b1b84baeee8b@group-88EC536D1D5B-LeaderElection57] INFO  impl.RoleInfo (RoleInfo.java:updateAndGet(143)) - b99a251c-4429-4381-bc0b-b1b84baeee8b: start LeaderState
2019-10-14 13:35:55,474 [b99a251c-4429-4381-bc0b-b1b84baeee8b@group-88EC536D1D5B-LeaderElection57] INFO  segmented.SegmentedRaftLogWorker (SegmentedRaftLogWorker.java:startLogSegment(385)) - b99a251c-4429-4381-bc0b-b1b84baeee8b@group-88EC536D1D5B-SegmentedRaftLogWorker: Starting segment from index:0
2019-10-14 13:35:55,475 [b50efb6b-48db-4cd0-9c2f-05b573e274e8@group-A730688590F0-LeaderElection56] INFO  impl.RaftServerImpl (ServerState.java:setRaftConf(356)) - b50efb6b-48db-4cd0-9c2f-05b573e274e8@group-A730688590F0: set configuration 0: [b50efb6b-48db-4cd0-9c2f-05b573e274e8:192.168.151.106:37679], old=null at 0
2019-10-14 13:35:55,475 [b99a251c-4429-4381-bc0b-b1b84baeee8b@group-88EC536D1D5B-LeaderElection57] INFO  impl.RaftServerImpl (ServerState.java:setRaftConf(356)) - b99a251c-4429-4381-bc0b-b1b84baeee8b@group-88EC536D1D5B: set configuration 0: [b99a251c-4429-4381-bc0b-b1b84baeee8b:192.168.151.106:40760], old=null at 0
2019-10-14 13:35:55,518 [b99a251c-4429-4381-bc0b-b1b84baeee8b@group-88EC536D1D5B-SegmentedRaftLogWorker] INFO  segmented.SegmentedRaftLogWorker (SegmentedRaftLogWorker.java:execute(574)) - b99a251c-4429-4381-bc0b-b1b84baeee8b@group-88EC536D1D5B-SegmentedRaftLogWorker: created new log segment /workdir/hadoop-ozone/integration-test/target/test-dir/MiniOzoneClusterImpl-e2ae5675-c21e-42f7-8419-fc156bd6edda/datanode-0/data/ratis/c376150d-f95e-4fb4-85ee-88ec536d1d5b/current/log_inprogress_0
2019-10-14 13:35:55,518 [b50efb6b-48db-4cd0-9c2f-05b573e274e8@group-A730688590F0-SegmentedRaftLogWorker] INFO  segmented.SegmentedRaftLogWorker (SegmentedRaftLogWorker.java:execute(574)) - b50efb6b-48db-4cd0-9c2f-05b573e274e8@group-A730688590F0-SegmentedRaftLogWorker: created new log segment /workdir/hadoop-ozone/integration-test/target/test-dir/MiniOzoneClusterImpl-e2ae5675-c21e-42f7-8419-fc156bd6edda/datanode-1/data/ratis/8dc42a81-a4af-4d3f-b994-a730688590f0/current/log_inprogress_0
2019-10-14 13:35:55,524 [Thread-2349] INFO  impl.FollowerState (FollowerState.java:run(108)) - 7df77bc0-e3dd-4187-b7ad-dfa30bc702b8@group-D3AE8A128CF0-FollowerState: change to CANDIDATE, lastRpcTime:5098ms, electionTimeout:5098ms
2019-10-14 13:35:55,524 [Thread-2349] INFO  impl.RoleInfo (RoleInfo.java:shutdownFollowerState(121)) - 7df77bc0-e3dd-4187-b7ad-dfa30bc702b8: shutdown FollowerState
2019-10-14 13:35:55,524 [Thread-2349] INFO  impl.RaftServerImpl (RaftServerImpl.java:setRole(170)) - 7df77bc0-e3dd-4187-b7ad-dfa30bc702b8@group-D3AE8A128CF0: changes role from  FOLLOWER to CANDIDATE at term 0 for changeToCandidate
2019-10-14 13:35:55,524 [Thread-2349] INFO  impl.RoleInfo (RoleInfo.java:updateAndGet(143)) - 7df77bc0-e3dd-4187-b7ad-dfa30bc702b8: start LeaderElection
2019-10-14 13:35:55,549 [7df77bc0-e3dd-4187-b7ad-dfa30bc702b8@group-D3AE8A128CF0-LeaderElection58] INFO  impl.LeaderElection (LeaderElection.java:askForVotes(178)) - 7df77bc0-e3dd-4187-b7ad-dfa30bc702b8@group-D3AE8A128CF0-LeaderElection58: begin an election at term 1 for -1: [7df77bc0-e3dd-4187-b7ad-dfa30bc702b8:192.168.151.106:43482], old=null
2019-10-14 13:35:55,549 [7df77bc0-e3dd-4187-b7ad-dfa30bc702b8@group-D3AE8A128CF0-LeaderElection58] INFO  impl.RoleInfo (RoleInfo.java:shutdownLeaderElection(134)) - 7df77bc0-e3dd-4187-b7ad-dfa30bc702b8: shutdown LeaderElection
2019-10-14 13:35:55,549 [7df77bc0-e3dd-4187-b7ad-dfa30bc702b8@group-D3AE8A128CF0-LeaderElection58] INFO  impl.RaftServerImpl (RaftServerImpl.java:setRole(170)) - 7df77bc0-e3dd-4187-b7ad-dfa30bc702b8@group-D3AE8A128CF0: changes role from CANDIDATE to LEADER at term 1 for changeToLeader
2019-10-14 13:35:55,549 [7df77bc0-e3dd-4187-b7ad-dfa30bc702b8@group-D3AE8A128CF0-LeaderElection58] INFO  impl.RaftServerImpl (ServerState.java:setLeader(255)) - 7df77bc0-e3dd-4187-b7ad-dfa30bc702b8@group-D3AE8A128CF0: change Leader from null to 7df77bc0-e3dd-4187-b7ad-dfa30bc702b8 at term 1 for becomeLeader, leader elected after 5130ms
2019-10-14 13:35:55,549 [7df77bc0-e3dd-4187-b7ad-dfa30bc702b8@group-D3AE8A128CF0-LeaderElection58] INFO  server.RaftServerConfigKeys (ConfUtils.java:logGet(43)) - raft.server.staging.catchup.gap = 1000 (default)
2019-10-14 13:35:55,550 [7df77bc0-e3dd-4187-b7ad-dfa30bc702b8@group-D3AE8A128CF0-LeaderElection58] INFO  server.RaftServerConfigKeys (ConfUtils.java:logGet(43)) - raft.server.rpc.sleep.time = 25ms (default)
2019-10-14 13:35:55,550 [7df77bc0-e3dd-4187-b7ad-dfa30bc702b8@group-D3AE8A128CF0-LeaderElection58] INFO  server.RaftServerConfigKeys (ConfUtils.java:logGet(43)) - raft.server.write.element-limit = 4096 (default)
2019-10-14 13:35:55,550 [7df77bc0-e3dd-4187-b7ad-dfa30bc702b8@group-D3AE8A128CF0-LeaderElection58] INFO  server.RaftServerConfigKeys (ConfUtils.java:logGet(43)) - raft.server.watch.timeout = 10s (default)
2019-10-14 13:35:55,550 [7df77bc0-e3dd-4187-b7ad-dfa30bc702b8@group-D3AE8A128CF0-LeaderElection58] INFO  server.RaftServerConfigKeys (ConfUtils.java:logGet(43)) - raft.server.watch.timeout.denomination = 1s (default)
2019-10-14 13:35:55,550 [7df77bc0-e3dd-4187-b7ad-dfa30bc702b8@group-D3AE8A128CF0-LeaderElection58] INFO  server.RaftServerConfigKeys (ConfUtils.java:logGet(43)) - raft.server.watch.element-limit = 65536 (default)
2019-10-14 13:35:55,552 [7df77bc0-e3dd-4187-b7ad-dfa30bc702b8@group-D3AE8A128CF0-LeaderElection58] INFO  impl.RoleInfo (RoleInfo.java:updateAndGet(143)) - 7df77bc0-e3dd-4187-b7ad-dfa30bc702b8: start LeaderState
2019-10-14 13:35:55,552 [7df77bc0-e3dd-4187-b7ad-dfa30bc702b8@group-D3AE8A128CF0-LeaderElection58] INFO  segmented.SegmentedRaftLogWorker (SegmentedRaftLogWorker.java:startLogSegment(385)) - 7df77bc0-e3dd-4187-b7ad-dfa30bc702b8@group-D3AE8A128CF0-SegmentedRaftLogWorker: Starting segment from index:0
2019-10-14 13:35:55,553 [7df77bc0-e3dd-4187-b7ad-dfa30bc702b8@group-D3AE8A128CF0-LeaderElection58] INFO  impl.RaftServerImpl (ServerState.java:setRaftConf(356)) - 7df77bc0-e3dd-4187-b7ad-dfa30bc702b8@group-D3AE8A128CF0: set configuration 0: [7df77bc0-e3dd-4187-b7ad-dfa30bc702b8:192.168.151.106:43482], old=null at 0
2019-10-14 13:35:55,556 [Thread-2355] INFO  impl.FollowerState (FollowerState.java:run(108)) - 7df77bc0-e3dd-4187-b7ad-dfa30bc702b8@group-DDB366BE461F-FollowerState: change to CANDIDATE, lastRpcTime:5062ms, electionTimeout:5062ms
2019-10-14 13:35:55,556 [Thread-2355] INFO  impl.RoleInfo (RoleInfo.java:shutdownFollowerState(121)) - 7df77bc0-e3dd-4187-b7ad-dfa30bc702b8: shutdown FollowerState
2019-10-14 13:35:55,557 [Thread-2355] INFO  impl.RaftServerImpl (RaftServerImpl.java:setRole(170)) - 7df77bc0-e3dd-4187-b7ad-dfa30bc702b8@group-DDB366BE461F: changes role from  FOLLOWER to CANDIDATE at term 0 for changeToCandidate
2019-10-14 13:35:55,557 [Thread-2355] INFO  impl.RoleInfo (RoleInfo.java:updateAndGet(143)) - 7df77bc0-e3dd-4187-b7ad-dfa30bc702b8: start LeaderElection
2019-10-14 13:35:55,594 [Thread-2356] INFO  impl.FollowerState (FollowerState.java:run(108)) - b99a251c-4429-4381-bc0b-b1b84baeee8b@group-DDB366BE461F-FollowerState: change to CANDIDATE, lastRpcTime:5098ms, electionTimeout:5096ms
2019-10-14 13:35:55,595 [Thread-2356] INFO  impl.RoleInfo (RoleInfo.java:shutdownFollowerState(121)) - b99a251c-4429-4381-bc0b-b1b84baeee8b: shutdown FollowerState
2019-10-14 13:35:55,595 [Thread-2356] INFO  impl.RaftServerImpl (RaftServerImpl.java:setRole(170)) - b99a251c-4429-4381-bc0b-b1b84baeee8b@group-DDB366BE461F: changes role from  FOLLOWER to CANDIDATE at term 0 for changeToCandidate
2019-10-14 13:35:55,595 [Thread-2356] INFO  impl.RoleInfo (RoleInfo.java:updateAndGet(143)) - b99a251c-4429-4381-bc0b-b1b84baeee8b: start LeaderElection
2019-10-14 13:35:55,600 [7df77bc0-e3dd-4187-b7ad-dfa30bc702b8@group-D3AE8A128CF0-SegmentedRaftLogWorker] INFO  segmented.SegmentedRaftLogWorker (SegmentedRaftLogWorker.java:execute(574)) - 7df77bc0-e3dd-4187-b7ad-dfa30bc702b8@group-D3AE8A128CF0-SegmentedRaftLogWorker: created new log segment /workdir/hadoop-ozone/integration-test/target/test-dir/MiniOzoneClusterImpl-e2ae5675-c21e-42f7-8419-fc156bd6edda/datanode-2/data/ratis/41f8e6f0-6348-4bff-a62b-d3ae8a128cf0/current/log_inprogress_0
2019-10-14 13:35:55,604 [7df77bc0-e3dd-4187-b7ad-dfa30bc702b8@group-DDB366BE461F-LeaderElection59] INFO  impl.LeaderElection (LeaderElection.java:askForVotes(178)) - 7df77bc0-e3dd-4187-b7ad-dfa30bc702b8@group-DDB366BE461F-LeaderElection59: begin an election at term 1 for -1: [b99a251c-4429-4381-bc0b-b1b84baeee8b:192.168.151.106:40760, 7df77bc0-e3dd-4187-b7ad-dfa30bc702b8:192.168.151.106:43482, b50efb6b-48db-4cd0-9c2f-05b573e274e8:192.168.151.106:37679], old=null
2019-10-14 13:35:55,634 [grpc-default-executor-1] INFO  impl.RaftServerImpl (RaftServerImpl.java:setRole(170)) - b50efb6b-48db-4cd0-9c2f-05b573e274e8@group-DDB366BE461F: changes role from  FOLLOWER to FOLLOWER at term 1 for recognizeCandidate:7df77bc0-e3dd-4187-b7ad-dfa30bc702b8
2019-10-14 13:35:55,635 [b99a251c-4429-4381-bc0b-b1b84baeee8b@group-DDB366BE461F-LeaderElection60] INFO  impl.LeaderElection (LeaderElection.java:askForVotes(178)) - b99a251c-4429-4381-bc0b-b1b84baeee8b@group-DDB366BE461F-LeaderElection60: begin an election at term 1 for -1: [b99a251c-4429-4381-bc0b-b1b84baeee8b:192.168.151.106:40760, 7df77bc0-e3dd-4187-b7ad-dfa30bc702b8:192.168.151.106:43482, b50efb6b-48db-4cd0-9c2f-05b573e274e8:192.168.151.106:37679], old=null
2019-10-14 13:35:55,635 [grpc-default-executor-1] INFO  impl.RoleInfo (RoleInfo.java:shutdownFollowerState(121)) - b50efb6b-48db-4cd0-9c2f-05b573e274e8: shutdown FollowerState
2019-10-14 13:35:55,635 [Thread-2353] INFO  impl.FollowerState (FollowerState.java:run(117)) - b50efb6b-48db-4cd0-9c2f-05b573e274e8@group-DDB366BE461F-FollowerState was interrupted: java.lang.InterruptedException: sleep interrupted
2019-10-14 13:35:55,635 [grpc-default-executor-1] INFO  impl.RoleInfo (RoleInfo.java:updateAndGet(143)) - b50efb6b-48db-4cd0-9c2f-05b573e274e8: start FollowerState
2019-10-14 13:35:55,666 [7df77bc0-e3dd-4187-b7ad-dfa30bc702b8@group-DDB366BE461F-LeaderElection59] INFO  impl.LeaderElection (LeaderElection.java:logAndReturn(56)) - 7df77bc0-e3dd-4187-b7ad-dfa30bc702b8@group-DDB366BE461F-LeaderElection59: Election PASSED; received 2 response(s) [7df77bc0-e3dd-4187-b7ad-dfa30bc702b8<-b99a251c-4429-4381-bc0b-b1b84baeee8b#0:FAIL-t1, 7df77bc0-e3dd-4187-b7ad-dfa30bc702b8<-b50efb6b-48db-4cd0-9c2f-05b573e274e8#0:OK-t1] and 0 exception(s); 7df77bc0-e3dd-4187-b7ad-dfa30bc702b8@group-DDB366BE461F:t1, leader=null, voted=7df77bc0-e3dd-4187-b7ad-dfa30bc702b8, raftlog=7df77bc0-e3dd-4187-b7ad-dfa30bc702b8@group-DDB366BE461F-SegmentedRaftLog:OPENED:c-1,f-1,i0, conf=-1: [b99a251c-4429-4381-bc0b-b1b84baeee8b:192.168.151.106:40760, 7df77bc0-e3dd-4187-b7ad-dfa30bc702b8:192.168.151.106:43482, b50efb6b-48db-4cd0-9c2f-05b573e274e8:192.168.151.106:37679], old=null
2019-10-14 13:35:55,666 [b99a251c-4429-4381-bc0b-b1b84baeee8b@group-DDB366BE461F-LeaderElection60] INFO  impl.LeaderElection (LeaderElection.java:logAndReturn(56)) - b99a251c-4429-4381-bc0b-b1b84baeee8b@group-DDB366BE461F-LeaderElection60: Election REJECTED; received 2 response(s) [b99a251c-4429-4381-bc0b-b1b84baeee8b<-7df77bc0-e3dd-4187-b7ad-dfa30bc702b8#0:FAIL-t1, b99a251c-4429-4381-bc0b-b1b84baeee8b<-b50efb6b-48db-4cd0-9c2f-05b573e274e8#0:FAIL-t1] and 0 exception(s); b99a251c-4429-4381-bc0b-b1b84baeee8b@group-DDB366BE461F:t1, leader=null, voted=b99a251c-4429-4381-bc0b-b1b84baeee8b, raftlog=b99a251c-4429-4381-bc0b-b1b84baeee8b@group-DDB366BE461F-SegmentedRaftLog:OPENED:c-1,f-1,i0, conf=-1: [b99a251c-4429-4381-bc0b-b1b84baeee8b:192.168.151.106:40760, 7df77bc0-e3dd-4187-b7ad-dfa30bc702b8:192.168.151.106:43482, b50efb6b-48db-4cd0-9c2f-05b573e274e8:192.168.151.106:37679], old=null
2019-10-14 13:35:55,666 [7df77bc0-e3dd-4187-b7ad-dfa30bc702b8@group-DDB366BE461F-LeaderElection59] INFO  impl.RoleInfo (RoleInfo.java:shutdownLeaderElection(134)) - 7df77bc0-e3dd-4187-b7ad-dfa30bc702b8: shutdown LeaderElection
2019-10-14 13:35:55,666 [b99a251c-4429-4381-bc0b-b1b84baeee8b@group-DDB366BE461F-LeaderElection60] INFO  impl.RaftServerImpl (RaftServerImpl.java:setRole(170)) - b99a251c-4429-4381-bc0b-b1b84baeee8b@group-DDB366BE461F: changes role from CANDIDATE to FOLLOWER at term 1 for DISCOVERED_A_NEW_TERM
2019-10-14 13:35:55,666 [7df77bc0-e3dd-4187-b7ad-dfa30bc702b8@group-DDB366BE461F-LeaderElection59] INFO  impl.RaftServerImpl (RaftServerImpl.java:setRole(170)) - 7df77bc0-e3dd-4187-b7ad-dfa30bc702b8@group-DDB366BE461F: changes role from CANDIDATE to LEADER at term 1 for changeToLeader
2019-10-14 13:35:55,667 [b99a251c-4429-4381-bc0b-b1b84baeee8b@group-DDB366BE461F-LeaderElection60] INFO  impl.RoleInfo (RoleInfo.java:shutdownLeaderElection(134)) - b99a251c-4429-4381-bc0b-b1b84baeee8b: shutdown LeaderElection
2019-10-14 13:35:55,667 [7df77bc0-e3dd-4187-b7ad-dfa30bc702b8@group-DDB366BE461F-LeaderElection59] INFO  impl.RaftServerImpl (ServerState.java:setLeader(255)) - 7df77bc0-e3dd-4187-b7ad-dfa30bc702b8@group-DDB366BE461F: change Leader from null to 7df77bc0-e3dd-4187-b7ad-dfa30bc702b8 at term 1 for becomeLeader, leader elected after 5179ms
2019-10-14 13:35:55,667 [b99a251c-4429-4381-bc0b-b1b84baeee8b@group-DDB366BE461F-LeaderElection60] INFO  impl.RoleInfo (RoleInfo.java:updateAndGet(143)) - b99a251c-4429-4381-bc0b-b1b84baeee8b: start FollowerState
2019-10-14 13:35:55,667 [7df77bc0-e3dd-4187-b7ad-dfa30bc702b8@group-DDB366BE461F-LeaderElection59] INFO  server.RaftServerConfigKeys (ConfUtils.java:logGet(43)) - raft.server.staging.catchup.gap = 1000 (default)
2019-10-14 13:35:55,667 [7df77bc0-e3dd-4187-b7ad-dfa30bc702b8@group-DDB366BE461F-LeaderElection59] INFO  server.RaftServerConfigKeys (ConfUtils.java:logGet(43)) - raft.server.rpc.sleep.time = 25ms (default)
2019-10-14 13:35:55,667 [7df77bc0-e3dd-4187-b7ad-dfa30bc702b8@group-DDB366BE461F-LeaderElection59] INFO  server.RaftServerConfigKeys (ConfUtils.java:logGet(43)) - raft.server.write.element-limit = 4096 (default)
2019-10-14 13:35:55,667 [7df77bc0-e3dd-4187-b7ad-dfa30bc702b8@group-DDB366BE461F-LeaderElection59] INFO  server.RaftServerConfigKeys (ConfUtils.java:logGet(43)) - raft.server.watch.timeout = 10s (default)
2019-10-14 13:35:55,667 [7df77bc0-e3dd-4187-b7ad-dfa30bc702b8@group-DDB366BE461F-LeaderElection59] INFO  server.RaftServerConfigKeys (ConfUtils.java:logGet(43)) - raft.server.watch.timeout.denomination = 1s (default)
2019-10-14 13:35:55,667 [7df77bc0-e3dd-4187-b7ad-dfa30bc702b8@group-DDB366BE461F-LeaderElection59] INFO  server.RaftServerConfigKeys (ConfUtils.java:logGet(43)) - raft.server.watch.element-limit = 65536 (default)
2019-10-14 13:35:55,669 [7df77bc0-e3dd-4187-b7ad-dfa30bc702b8@group-DDB366BE461F-LeaderElection59] INFO  server.RaftServerConfigKeys (ConfUtils.java:logGet(43)) - raft.server.log.appender.snapshot.chunk.size.max = 16MB (=16777216) (default)
2019-10-14 13:35:55,669 [7df77bc0-e3dd-4187-b7ad-dfa30bc702b8@group-DDB366BE461F-LeaderElection59] INFO  server.RaftServerConfigKeys (ConfUtils.java:logGet(43)) - raft.server.log.appender.buffer.byte-limit = 33554432 (custom)
2019-10-14 13:35:55,669 [7df77bc0-e3dd-4187-b7ad-dfa30bc702b8@group-DDB366BE461F-LeaderElection59] INFO  server.RaftServerConfigKeys (ConfUtils.java:logGet(43)) - raft.server.log.appender.buffer.element-limit = 1 (custom)
2019-10-14 13:35:55,669 [7df77bc0-e3dd-4187-b7ad-dfa30bc702b8@group-DDB366BE461F-LeaderElection59] INFO  grpc.GrpcConfigKeys$Server (ConfUtils.java:logGet(43)) - raft.grpc.server.leader.outstanding.appends.max = 128 (default)
2019-10-14 13:35:55,669 [7df77bc0-e3dd-4187-b7ad-dfa30bc702b8@group-DDB366BE461F-LeaderElection59] INFO  server.RaftServerConfigKeys (ConfUtils.java:logGet(43)) - raft.server.rpc.request.timeout = 3000ms (default)
2019-10-14 13:35:55,669 [7df77bc0-e3dd-4187-b7ad-dfa30bc702b8@group-DDB366BE461F-LeaderElection59] INFO  server.RaftServerConfigKeys (ConfUtils.java:logGet(43)) - raft.server.log.appender.install.snapshot.enabled = false (custom)
2019-10-14 13:35:55,669 [7df77bc0-e3dd-4187-b7ad-dfa30bc702b8@group-DDB366BE461F-LeaderElection59] INFO  server.RaftServerConfigKeys (ConfUtils.java:logGet(43)) - raft.server.log.appender.snapshot.chunk.size.max = 16MB (=16777216) (default)
2019-10-14 13:35:55,670 [7df77bc0-e3dd-4187-b7ad-dfa30bc702b8@group-DDB366BE461F-LeaderElection59] INFO  server.RaftServerConfigKeys (ConfUtils.java:logGet(43)) - raft.server.log.appender.buffer.byte-limit = 33554432 (custom)
2019-10-14 13:35:55,670 [7df77bc0-e3dd-4187-b7ad-dfa30bc702b8@group-DDB366BE461F-LeaderElection59] INFO  server.RaftServerConfigKeys (ConfUtils.java:logGet(43)) - raft.server.log.appender.buffer.element-limit = 1 (custom)
2019-10-14 13:35:55,670 [7df77bc0-e3dd-4187-b7ad-dfa30bc702b8@group-DDB366BE461F-LeaderElection59] INFO  grpc.GrpcConfigKeys$Server (ConfUtils.java:logGet(43)) - raft.grpc.server.leader.outstanding.appends.max = 128 (default)
2019-10-14 13:35:55,670 [7df77bc0-e3dd-4187-b7ad-dfa30bc702b8@group-DDB366BE461F-LeaderElection59] INFO  server.RaftServerConfigKeys (ConfUtils.java:logGet(43)) - raft.server.rpc.request.timeout = 3000ms (default)
2019-10-14 13:35:55,670 [7df77bc0-e3dd-4187-b7ad-dfa30bc702b8@group-DDB366BE461F-LeaderElection59] INFO  server.RaftServerConfigKeys (ConfUtils.java:logGet(43)) - raft.server.log.appender.install.snapshot.enabled = false (custom)
2019-10-14 13:35:55,670 [7df77bc0-e3dd-4187-b7ad-dfa30bc702b8@group-DDB366BE461F-LeaderElection59] INFO  impl.RoleInfo (RoleInfo.java:updateAndGet(143)) - 7df77bc0-e3dd-4187-b7ad-dfa30bc702b8: start LeaderState
2019-10-14 13:35:55,670 [7df77bc0-e3dd-4187-b7ad-dfa30bc702b8@group-DDB366BE461F-LeaderElection59] INFO  segmented.SegmentedRaftLogWorker (SegmentedRaftLogWorker.java:startLogSegment(385)) - 7df77bc0-e3dd-4187-b7ad-dfa30bc702b8@group-DDB366BE461F-SegmentedRaftLogWorker: Starting segment from index:0
2019-10-14 13:35:55,671 [7df77bc0-e3dd-4187-b7ad-dfa30bc702b8@group-DDB366BE461F-LeaderElection59] INFO  impl.RaftServerImpl (ServerState.java:setRaftConf(356)) - 7df77bc0-e3dd-4187-b7ad-dfa30bc702b8@group-DDB366BE461F: set configuration 0: [b99a251c-4429-4381-bc0b-b1b84baeee8b:192.168.151.106:40760, 7df77bc0-e3dd-4187-b7ad-dfa30bc702b8:192.168.151.106:43482, b50efb6b-48db-4cd0-9c2f-05b573e274e8:192.168.151.106:37679], old=null at 0
2019-10-14 13:35:55,672 [grpc-default-executor-1] INFO  impl.RaftServerImpl (ServerState.java:setLeader(255)) - b99a251c-4429-4381-bc0b-b1b84baeee8b@group-DDB366BE461F: change Leader from null to 7df77bc0-e3dd-4187-b7ad-dfa30bc702b8 at term 1 for appendEntries, leader elected after 5184ms
2019-10-14 13:35:55,672 [grpc-default-executor-9] INFO  impl.RaftServerImpl (ServerState.java:setLeader(255)) - b50efb6b-48db-4cd0-9c2f-05b573e274e8@group-DDB366BE461F: change Leader from null to 7df77bc0-e3dd-4187-b7ad-dfa30bc702b8 at term 1 for appendEntries, leader elected after 5184ms
2019-10-14 13:35:55,719 [Thread-2364] INFO  impl.FollowerState (FollowerState.java:run(108)) - 9e115513-e6ec-4a7d-b9c6-4b6d56ff348d@group-A71CA2C6C98A-FollowerState: change to CANDIDATE, lastRpcTime:5061ms, electionTimeout:5031ms
2019-10-14 13:35:55,721 [Thread-2364] INFO  impl.RoleInfo (RoleInfo.java:shutdownFollowerState(121)) - 9e115513-e6ec-4a7d-b9c6-4b6d56ff348d: shutdown FollowerState
2019-10-14 13:35:55,721 [Thread-2364] INFO  impl.RaftServerImpl (RaftServerImpl.java:setRole(170)) - 9e115513-e6ec-4a7d-b9c6-4b6d56ff348d@group-A71CA2C6C98A: changes role from  FOLLOWER to CANDIDATE at term 0 for changeToCandidate
2019-10-14 13:35:55,722 [grpc-default-executor-1] INFO  impl.RaftServerImpl (ServerState.java:setRaftConf(356)) - b99a251c-4429-4381-bc0b-b1b84baeee8b@group-DDB366BE461F: set configuration 0: [b99a251c-4429-4381-bc0b-b1b84baeee8b:192.168.151.106:40760, 7df77bc0-e3dd-4187-b7ad-dfa30bc702b8:192.168.151.106:43482, b50efb6b-48db-4cd0-9c2f-05b573e274e8:192.168.151.106:37679], old=null at 0
2019-10-14 13:35:55,722 [grpc-default-executor-1] INFO  segmented.SegmentedRaftLogWorker (SegmentedRaftLogWorker.java:startLogSegment(385)) - b99a251c-4429-4381-bc0b-b1b84baeee8b@group-DDB366BE461F-SegmentedRaftLogWorker: Starting segment from index:0
2019-10-14 13:35:55,722 [Thread-2364] INFO  impl.RoleInfo (RoleInfo.java:updateAndGet(143)) - 9e115513-e6ec-4a7d-b9c6-4b6d56ff348d: start LeaderElection
2019-10-14 13:35:55,757 [7df77bc0-e3dd-4187-b7ad-dfa30bc702b8@group-DDB366BE461F-SegmentedRaftLogWorker] INFO  segmented.SegmentedRaftLogWorker (SegmentedRaftLogWorker.java:execute(574)) - 7df77bc0-e3dd-4187-b7ad-dfa30bc702b8@group-DDB366BE461F-SegmentedRaftLogWorker: created new log segment /workdir/hadoop-ozone/integration-test/target/test-dir/MiniOzoneClusterImpl-e2ae5675-c21e-42f7-8419-fc156bd6edda/datanode-2/data/ratis/20624a18-cab5-4977-908a-ddb366be461f/current/log_inprogress_0
2019-10-14 13:35:55,757 [Thread-2367] INFO  impl.FollowerState (FollowerState.java:run(108)) - 555ba9c4-e1fb-4951-8745-8a136c55a872@group-86E927E8BE7A-FollowerState: change to CANDIDATE, lastRpcTime:5047ms, electionTimeout:5020ms
2019-10-14 13:35:55,762 [Thread-2367] INFO  impl.RoleInfo (RoleInfo.java:shutdownFollowerState(121)) - 555ba9c4-e1fb-4951-8745-8a136c55a872: shutdown FollowerState
2019-10-14 13:35:55,762 [Thread-2361] INFO  impl.FollowerState (FollowerState.java:run(108)) - e7c7f36e-d189-4b90-8525-6de79529cd01@group-17BCFB6DBD9F-FollowerState: change to CANDIDATE, lastRpcTime:5153ms, electionTimeout:5149ms
2019-10-14 13:35:55,762 [Thread-2367] INFO  impl.RaftServerImpl (RaftServerImpl.java:setRole(170)) - 555ba9c4-e1fb-4951-8745-8a136c55a872@group-86E927E8BE7A: changes role from  FOLLOWER to CANDIDATE at term 0 for changeToCandidate
2019-10-14 13:35:55,762 [Thread-2367] INFO  impl.RoleInfo (RoleInfo.java:updateAndGet(143)) - 555ba9c4-e1fb-4951-8745-8a136c55a872: start LeaderElection
2019-10-14 13:35:55,762 [Thread-2361] INFO  impl.RoleInfo (RoleInfo.java:shutdownFollowerState(121)) - e7c7f36e-d189-4b90-8525-6de79529cd01: shutdown FollowerState
2019-10-14 13:35:55,765 [Thread-2361] INFO  impl.RaftServerImpl (RaftServerImpl.java:setRole(170)) - e7c7f36e-d189-4b90-8525-6de79529cd01@group-17BCFB6DBD9F: changes role from  FOLLOWER to CANDIDATE at term 0 for changeToCandidate
2019-10-14 13:35:55,770 [Thread-2361] INFO  impl.RoleInfo (RoleInfo.java:updateAndGet(143)) - e7c7f36e-d189-4b90-8525-6de79529cd01: start LeaderElection
2019-10-14 13:35:55,770 [b99a251c-4429-4381-bc0b-b1b84baeee8b@group-DDB366BE461F-SegmentedRaftLogWorker] INFO  segmented.SegmentedRaftLogWorker (SegmentedRaftLogWorker.java:execute(574)) - b99a251c-4429-4381-bc0b-b1b84baeee8b@group-DDB366BE461F-SegmentedRaftLogWorker: created new log segment /workdir/hadoop-ozone/integration-test/target/test-dir/MiniOzoneClusterImpl-e2ae5675-c21e-42f7-8419-fc156bd6edda/datanode-0/data/ratis/20624a18-cab5-4977-908a-ddb366be461f/current/log_inprogress_0
2019-10-14 13:35:55,770 [grpc-default-executor-1] INFO  impl.RaftServerImpl (ServerState.java:setRaftConf(356)) - b50efb6b-48db-4cd0-9c2f-05b573e274e8@group-DDB366BE461F: set configuration 0: [b99a251c-4429-4381-bc0b-b1b84baeee8b:192.168.151.106:40760, 7df77bc0-e3dd-4187-b7ad-dfa30bc702b8:192.168.151.106:43482, b50efb6b-48db-4cd0-9c2f-05b573e274e8:192.168.151.106:37679], old=null at 0
2019-10-14 13:35:55,770 [9e115513-e6ec-4a7d-b9c6-4b6d56ff348d@group-A71CA2C6C98A-LeaderElection61] INFO  impl.LeaderElection (LeaderElection.java:askForVotes(178)) - 9e115513-e6ec-4a7d-b9c6-4b6d56ff348d@group-A71CA2C6C98A-LeaderElection61: begin an election at term 1 for -1: [9e115513-e6ec-4a7d-b9c6-4b6d56ff348d:192.168.151.106:34973], old=null
2019-10-14 13:35:55,777 [grpc-default-executor-1] INFO  segmented.SegmentedRaftLogWorker (SegmentedRaftLogWorker.java:startLogSegment(385)) - b50efb6b-48db-4cd0-9c2f-05b573e274e8@group-DDB366BE461F-SegmentedRaftLogWorker: Starting segment from index:0
2019-10-14 13:35:55,777 [9e115513-e6ec-4a7d-b9c6-4b6d56ff348d@group-A71CA2C6C98A-LeaderElection61] INFO  impl.RoleInfo (RoleInfo.java:shutdownLeaderElection(134)) - 9e115513-e6ec-4a7d-b9c6-4b6d56ff348d: shutdown LeaderElection
2019-10-14 13:35:55,777 [9e115513-e6ec-4a7d-b9c6-4b6d56ff348d@group-A71CA2C6C98A-LeaderElection61] INFO  impl.RaftServerImpl (RaftServerImpl.java:setRole(170)) - 9e115513-e6ec-4a7d-b9c6-4b6d56ff348d@group-A71CA2C6C98A: changes role from CANDIDATE to LEADER at term 1 for changeToLeader
2019-10-14 13:35:55,778 [9e115513-e6ec-4a7d-b9c6-4b6d56ff348d@group-A71CA2C6C98A-LeaderElection61] INFO  impl.RaftServerImpl (ServerState.java:setLeader(255)) - 9e115513-e6ec-4a7d-b9c6-4b6d56ff348d@group-A71CA2C6C98A: change Leader from null to 9e115513-e6ec-4a7d-b9c6-4b6d56ff348d at term 1 for becomeLeader, leader elected after 5126ms
2019-10-14 13:35:55,778 [9e115513-e6ec-4a7d-b9c6-4b6d56ff348d@group-A71CA2C6C98A-LeaderElection61] INFO  server.RaftServerConfigKeys (ConfUtils.java:logGet(43)) - raft.server.staging.catchup.gap = 1000 (default)
2019-10-14 13:35:55,778 [9e115513-e6ec-4a7d-b9c6-4b6d56ff348d@group-A71CA2C6C98A-LeaderElection61] INFO  server.RaftServerConfigKeys (ConfUtils.java:logGet(43)) - raft.server.rpc.sleep.time = 25ms (default)
2019-10-14 13:35:55,778 [9e115513-e6ec-4a7d-b9c6-4b6d56ff348d@group-A71CA2C6C98A-LeaderElection61] INFO  server.RaftServerConfigKeys (ConfUtils.java:logGet(43)) - raft.server.write.element-limit = 4096 (default)
2019-10-14 13:35:55,778 [9e115513-e6ec-4a7d-b9c6-4b6d56ff348d@group-A71CA2C6C98A-LeaderElection61] INFO  server.RaftServerConfigKeys (ConfUtils.java:logGet(43)) - raft.server.watch.timeout = 10s (default)
2019-10-14 13:35:55,778 [9e115513-e6ec-4a7d-b9c6-4b6d56ff348d@group-A71CA2C6C98A-LeaderElection61] INFO  server.RaftServerConfigKeys (ConfUtils.java:logGet(43)) - raft.server.watch.timeout.denomination = 1s (default)
2019-10-14 13:35:55,778 [9e115513-e6ec-4a7d-b9c6-4b6d56ff348d@group-A71CA2C6C98A-LeaderElection61] INFO  server.RaftServerConfigKeys (ConfUtils.java:logGet(43)) - raft.server.watch.element-limit = 65536 (default)
2019-10-14 13:35:55,779 [9e115513-e6ec-4a7d-b9c6-4b6d56ff348d@group-A71CA2C6C98A-LeaderElection61] INFO  impl.RoleInfo (RoleInfo.java:updateAndGet(143)) - 9e115513-e6ec-4a7d-b9c6-4b6d56ff348d: start LeaderState
2019-10-14 13:35:55,780 [9e115513-e6ec-4a7d-b9c6-4b6d56ff348d@group-A71CA2C6C98A-LeaderElection61] INFO  segmented.SegmentedRaftLogWorker (SegmentedRaftLogWorker.java:startLogSegment(385)) - 9e115513-e6ec-4a7d-b9c6-4b6d56ff348d@group-A71CA2C6C98A-SegmentedRaftLogWorker: Starting segment from index:0
2019-10-14 13:35:55,780 [9e115513-e6ec-4a7d-b9c6-4b6d56ff348d@group-A71CA2C6C98A-LeaderElection61] INFO  impl.RaftServerImpl (ServerState.java:setRaftConf(356)) - 9e115513-e6ec-4a7d-b9c6-4b6d56ff348d@group-A71CA2C6C98A: set configuration 0: [9e115513-e6ec-4a7d-b9c6-4b6d56ff348d:192.168.151.106:34973], old=null at 0
2019-10-14 13:35:55,794 [e7c7f36e-d189-4b90-8525-6de79529cd01@group-17BCFB6DBD9F-LeaderElection63] INFO  impl.LeaderElection (LeaderElection.java:askForVotes(178)) - e7c7f36e-d189-4b90-8525-6de79529cd01@group-17BCFB6DBD9F-LeaderElection63: begin an election at term 1 for -1: [e7c7f36e-d189-4b90-8525-6de79529cd01:192.168.151.106:45463], old=null
2019-10-14 13:35:55,794 [555ba9c4-e1fb-4951-8745-8a136c55a872@group-86E927E8BE7A-LeaderElection62] INFO  impl.LeaderElection (LeaderElection.java:askForVotes(178)) - 555ba9c4-e1fb-4951-8745-8a136c55a872@group-86E927E8BE7A-LeaderElection62: begin an election at term 1 for -1: [555ba9c4-e1fb-4951-8745-8a136c55a872:192.168.151.106:43434], old=null
2019-10-14 13:35:55,794 [e7c7f36e-d189-4b90-8525-6de79529cd01@group-17BCFB6DBD9F-LeaderElection63] INFO  impl.RoleInfo (RoleInfo.java:shutdownLeaderElection(134)) - e7c7f36e-d189-4b90-8525-6de79529cd01: shutdown LeaderElection
2019-10-14 13:35:55,794 [555ba9c4-e1fb-4951-8745-8a136c55a872@group-86E927E8BE7A-LeaderElection62] INFO  impl.RoleInfo (RoleInfo.java:shutdownLeaderElection(134)) - 555ba9c4-e1fb-4951-8745-8a136c55a872: shutdown LeaderElection
2019-10-14 13:35:55,794 [e7c7f36e-d189-4b90-8525-6de79529cd01@group-17BCFB6DBD9F-LeaderElection63] INFO  impl.RaftServerImpl (RaftServerImpl.java:setRole(170)) - e7c7f36e-d189-4b90-8525-6de79529cd01@group-17BCFB6DBD9F: changes role from CANDIDATE to LEADER at term 1 for changeToLeader
2019-10-14 13:35:55,795 [555ba9c4-e1fb-4951-8745-8a136c55a872@group-86E927E8BE7A-LeaderElection62] INFO  impl.RaftServerImpl (RaftServerImpl.java:setRole(170)) - 555ba9c4-e1fb-4951-8745-8a136c55a872@group-86E927E8BE7A: changes role from CANDIDATE to LEADER at term 1 for changeToLeader
2019-10-14 13:35:55,795 [e7c7f36e-d189-4b90-8525-6de79529cd01@group-17BCFB6DBD9F-LeaderElection63] INFO  impl.RaftServerImpl (ServerState.java:setLeader(255)) - e7c7f36e-d189-4b90-8525-6de79529cd01@group-17BCFB6DBD9F: change Leader from null to e7c7f36e-d189-4b90-8525-6de79529cd01 at term 1 for becomeLeader, leader elected after 5192ms
2019-10-14 13:35:55,795 [555ba9c4-e1fb-4951-8745-8a136c55a872@group-86E927E8BE7A-LeaderElection62] INFO  impl.RaftServerImpl (ServerState.java:setLeader(255)) - 555ba9c4-e1fb-4951-8745-8a136c55a872@group-86E927E8BE7A: change Leader from null to 555ba9c4-e1fb-4951-8745-8a136c55a872 at term 1 for becomeLeader, leader elected after 5091ms
2019-10-14 13:35:55,795 [e7c7f36e-d189-4b90-8525-6de79529cd01@group-17BCFB6DBD9F-LeaderElection63] INFO  server.RaftServerConfigKeys (ConfUtils.java:logGet(43)) - raft.server.staging.catchup.gap = 1000 (default)
2019-10-14 13:35:55,795 [555ba9c4-e1fb-4951-8745-8a136c55a872@group-86E927E8BE7A-LeaderElection62] INFO  server.RaftServerConfigKeys (ConfUtils.java:logGet(43)) - raft.server.staging.catchup.gap = 1000 (default)
2019-10-14 13:35:55,795 [e7c7f36e-d189-4b90-8525-6de79529cd01@group-17BCFB6DBD9F-LeaderElection63] INFO  server.RaftServerConfigKeys (ConfUtils.java:logGet(43)) - raft.server.rpc.sleep.time = 25ms (default)
2019-10-14 13:35:55,795 [555ba9c4-e1fb-4951-8745-8a136c55a872@group-86E927E8BE7A-LeaderElection62] INFO  server.RaftServerConfigKeys (ConfUtils.java:logGet(43)) - raft.server.rpc.sleep.time = 25ms (default)
2019-10-14 13:35:55,795 [e7c7f36e-d189-4b90-8525-6de79529cd01@group-17BCFB6DBD9F-LeaderElection63] INFO  server.RaftServerConfigKeys (ConfUtils.java:logGet(43)) - raft.server.write.element-limit = 4096 (default)
2019-10-14 13:35:55,795 [555ba9c4-e1fb-4951-8745-8a136c55a872@group-86E927E8BE7A-LeaderElection62] INFO  server.RaftServerConfigKeys (ConfUtils.java:logGet(43)) - raft.server.write.element-limit = 4096 (default)
2019-10-14 13:35:55,795 [e7c7f36e-d189-4b90-8525-6de79529cd01@group-17BCFB6DBD9F-LeaderElection63] INFO  server.RaftServerConfigKeys (ConfUtils.java:logGet(43)) - raft.server.watch.timeout = 10s (default)
2019-10-14 13:35:55,796 [555ba9c4-e1fb-4951-8745-8a136c55a872@group-86E927E8BE7A-LeaderElection62] INFO  server.RaftServerConfigKeys (ConfUtils.java:logGet(43)) - raft.server.watch.timeout = 10s (default)
2019-10-14 13:35:55,796 [e7c7f36e-d189-4b90-8525-6de79529cd01@group-17BCFB6DBD9F-LeaderElection63] INFO  server.RaftServerConfigKeys (ConfUtils.java:logGet(43)) - raft.server.watch.timeout.denomination = 1s (default)
2019-10-14 13:35:55,796 [555ba9c4-e1fb-4951-8745-8a136c55a872@group-86E927E8BE7A-LeaderElection62] INFO  server.RaftServerConfigKeys (ConfUtils.java:logGet(43)) - raft.server.watch.timeout.denomination = 1s (default)
2019-10-14 13:35:55,796 [e7c7f36e-d189-4b90-8525-6de79529cd01@group-17BCFB6DBD9F-LeaderElection63] INFO  server.RaftServerConfigKeys (ConfUtils.java:logGet(43)) - raft.server.watch.element-limit = 65536 (default)
2019-10-14 13:35:55,796 [555ba9c4-e1fb-4951-8745-8a136c55a872@group-86E927E8BE7A-LeaderElection62] INFO  server.RaftServerConfigKeys (ConfUtils.java:logGet(43)) - raft.server.watch.element-limit = 65536 (default)
2019-10-14 13:35:55,798 [e7c7f36e-d189-4b90-8525-6de79529cd01@group-17BCFB6DBD9F-LeaderElection63] INFO  impl.RoleInfo (RoleInfo.java:updateAndGet(143)) - e7c7f36e-d189-4b90-8525-6de79529cd01: start LeaderState
2019-10-14 13:35:55,798 [e7c7f36e-d189-4b90-8525-6de79529cd01@group-17BCFB6DBD9F-LeaderElection63] INFO  segmented.SegmentedRaftLogWorker (SegmentedRaftLogWorker.java:startLogSegment(385)) - e7c7f36e-d189-4b90-8525-6de79529cd01@group-17BCFB6DBD9F-SegmentedRaftLogWorker: Starting segment from index:0
2019-10-14 13:35:55,798 [e7c7f36e-d189-4b90-8525-6de79529cd01@group-17BCFB6DBD9F-LeaderElection63] INFO  impl.RaftServerImpl (ServerState.java:setRaftConf(356)) - e7c7f36e-d189-4b90-8525-6de79529cd01@group-17BCFB6DBD9F: set configuration 0: [e7c7f36e-d189-4b90-8525-6de79529cd01:192.168.151.106:45463], old=null at 0
2019-10-14 13:35:55,799 [555ba9c4-e1fb-4951-8745-8a136c55a872@group-86E927E8BE7A-LeaderElection62] INFO  impl.RoleInfo (RoleInfo.java:updateAndGet(143)) - 555ba9c4-e1fb-4951-8745-8a136c55a872: start LeaderState
2019-10-14 13:35:55,799 [555ba9c4-e1fb-4951-8745-8a136c55a872@group-86E927E8BE7A-LeaderElection62] INFO  segmented.SegmentedRaftLogWorker (SegmentedRaftLogWorker.java:startLogSegment(385)) - 555ba9c4-e1fb-4951-8745-8a136c55a872@group-86E927E8BE7A-SegmentedRaftLogWorker: Starting segment from index:0
2019-10-14 13:35:55,799 [555ba9c4-e1fb-4951-8745-8a136c55a872@group-86E927E8BE7A-LeaderElection62] INFO  impl.RaftServerImpl (ServerState.java:setRaftConf(356)) - 555ba9c4-e1fb-4951-8745-8a136c55a872@group-86E927E8BE7A: set configuration 0: [555ba9c4-e1fb-4951-8745-8a136c55a872:192.168.151.106:43434], old=null at 0
2019-10-14 13:35:55,821 [9e115513-e6ec-4a7d-b9c6-4b6d56ff348d@group-A71CA2C6C98A-SegmentedRaftLogWorker] INFO  segmented.SegmentedRaftLogWorker (SegmentedRaftLogWorker.java:execute(574)) - 9e115513-e6ec-4a7d-b9c6-4b6d56ff348d@group-A71CA2C6C98A-SegmentedRaftLogWorker: created new log segment /workdir/hadoop-ozone/integration-test/target/test-dir/MiniOzoneClusterImpl-e2ae5675-c21e-42f7-8419-fc156bd6edda/datanode-4/data/ratis/070ec838-0be6-4dc0-98ed-a71ca2c6c98a/current/log_inprogress_0
2019-10-14 13:35:55,821 [b50efb6b-48db-4cd0-9c2f-05b573e274e8@group-DDB366BE461F-SegmentedRaftLogWorker] INFO  segmented.SegmentedRaftLogWorker (SegmentedRaftLogWorker.java:execute(574)) - b50efb6b-48db-4cd0-9c2f-05b573e274e8@group-DDB366BE461F-SegmentedRaftLogWorker: created new log segment /workdir/hadoop-ozone/integration-test/target/test-dir/MiniOzoneClusterImpl-e2ae5675-c21e-42f7-8419-fc156bd6edda/datanode-1/data/ratis/20624a18-cab5-4977-908a-ddb366be461f/current/log_inprogress_0
2019-10-14 13:35:55,835 [555ba9c4-e1fb-4951-8745-8a136c55a872@group-86E927E8BE7A-SegmentedRaftLogWorker] INFO  segmented.SegmentedRaftLogWorker (SegmentedRaftLogWorker.java:execute(574)) - 555ba9c4-e1fb-4951-8745-8a136c55a872@group-86E927E8BE7A-SegmentedRaftLogWorker: created new log segment /workdir/hadoop-ozone/integration-test/target/test-dir/MiniOzoneClusterImpl-e2ae5675-c21e-42f7-8419-fc156bd6edda/datanode-5/data/ratis/2ca04db0-a020-4b8e-b1ac-86e927e8be7a/current/log_inprogress_0
2019-10-14 13:35:55,835 [e7c7f36e-d189-4b90-8525-6de79529cd01@group-17BCFB6DBD9F-SegmentedRaftLogWorker] INFO  segmented.SegmentedRaftLogWorker (SegmentedRaftLogWorker.java:execute(574)) - e7c7f36e-d189-4b90-8525-6de79529cd01@group-17BCFB6DBD9F-SegmentedRaftLogWorker: created new log segment /workdir/hadoop-ozone/integration-test/target/test-dir/MiniOzoneClusterImpl-e2ae5675-c21e-42f7-8419-fc156bd6edda/datanode-3/data/ratis/0aba9e32-0884-41b9-9481-17bcfb6dbd9f/current/log_inprogress_0
2019-10-14 13:35:55,837 [Thread-2376] INFO  impl.FollowerState (FollowerState.java:run(108)) - e7c7f36e-d189-4b90-8525-6de79529cd01@group-1524820A8172-FollowerState: change to CANDIDATE, lastRpcTime:5005ms, electionTimeout:5005ms
2019-10-14 13:35:55,837 [Thread-2376] INFO  impl.RoleInfo (RoleInfo.java:shutdownFollowerState(121)) - e7c7f36e-d189-4b90-8525-6de79529cd01: shutdown FollowerState
2019-10-14 13:35:55,837 [Thread-2376] INFO  impl.RaftServerImpl (RaftServerImpl.java:setRole(170)) - e7c7f36e-d189-4b90-8525-6de79529cd01@group-1524820A8172: changes role from  FOLLOWER to CANDIDATE at term 0 for changeToCandidate
2019-10-14 13:35:55,837 [Thread-2376] INFO  impl.RoleInfo (RoleInfo.java:updateAndGet(143)) - e7c7f36e-d189-4b90-8525-6de79529cd01: start LeaderElection
2019-10-14 13:35:55,862 [e7c7f36e-d189-4b90-8525-6de79529cd01@group-1524820A8172-LeaderElection64] INFO  impl.LeaderElection (LeaderElection.java:askForVotes(178)) - e7c7f36e-d189-4b90-8525-6de79529cd01@group-1524820A8172-LeaderElection64: begin an election at term 1 for -1: [555ba9c4-e1fb-4951-8745-8a136c55a872:192.168.151.106:43434, ee8dcdf0-4257-4d09-94a8-3b6061644e06:192.168.151.106:34916, e7c7f36e-d189-4b90-8525-6de79529cd01:192.168.151.106:45463], old=null
2019-10-14 13:35:55,872 [grpc-default-executor-9] INFO  impl.RaftServerImpl (RaftServerImpl.java:setRole(170)) - ee8dcdf0-4257-4d09-94a8-3b6061644e06@group-1524820A8172: changes role from  FOLLOWER to FOLLOWER at term 1 for recognizeCandidate:e7c7f36e-d189-4b90-8525-6de79529cd01
2019-10-14 13:35:55,872 [grpc-default-executor-1] INFO  impl.RaftServerImpl (RaftServerImpl.java:setRole(170)) - 555ba9c4-e1fb-4951-8745-8a136c55a872@group-1524820A8172: changes role from  FOLLOWER to FOLLOWER at term 1 for recognizeCandidate:e7c7f36e-d189-4b90-8525-6de79529cd01
2019-10-14 13:35:55,872 [grpc-default-executor-9] INFO  impl.RoleInfo (RoleInfo.java:shutdownFollowerState(121)) - ee8dcdf0-4257-4d09-94a8-3b6061644e06: shutdown FollowerState
2019-10-14 13:35:55,872 [grpc-default-executor-1] INFO  impl.RoleInfo (RoleInfo.java:shutdownFollowerState(121)) - 555ba9c4-e1fb-4951-8745-8a136c55a872: shutdown FollowerState
2019-10-14 13:35:55,873 [Thread-2373] INFO  impl.FollowerState (FollowerState.java:run(117)) - ee8dcdf0-4257-4d09-94a8-3b6061644e06@group-1524820A8172-FollowerState was interrupted: java.lang.InterruptedException: sleep interrupted
2019-10-14 13:35:55,873 [grpc-default-executor-9] INFO  impl.RoleInfo (RoleInfo.java:updateAndGet(143)) - ee8dcdf0-4257-4d09-94a8-3b6061644e06: start FollowerState
2019-10-14 13:35:55,873 [Thread-2378] INFO  impl.FollowerState (FollowerState.java:run(117)) - 555ba9c4-e1fb-4951-8745-8a136c55a872@group-1524820A8172-FollowerState was interrupted: java.lang.InterruptedException: sleep interrupted
2019-10-14 13:35:55,873 [grpc-default-executor-1] INFO  impl.RoleInfo (RoleInfo.java:updateAndGet(143)) - 555ba9c4-e1fb-4951-8745-8a136c55a872: start FollowerState
2019-10-14 13:35:55,898 [e7c7f36e-d189-4b90-8525-6de79529cd01@group-1524820A8172-LeaderElection64] INFO  impl.LeaderElection (LeaderElection.java:logAndReturn(56)) - e7c7f36e-d189-4b90-8525-6de79529cd01@group-1524820A8172-LeaderElection64: Election PASSED; received 1 response(s) [e7c7f36e-d189-4b90-8525-6de79529cd01<-ee8dcdf0-4257-4d09-94a8-3b6061644e06#0:OK-t1] and 0 exception(s); e7c7f36e-d189-4b90-8525-6de79529cd01@group-1524820A8172:t1, leader=null, voted=e7c7f36e-d189-4b90-8525-6de79529cd01, raftlog=e7c7f36e-d189-4b90-8525-6de79529cd01@group-1524820A8172-SegmentedRaftLog:OPENED:c-1,f-1,i0, conf=-1: [555ba9c4-e1fb-4951-8745-8a136c55a872:192.168.151.106:43434, ee8dcdf0-4257-4d09-94a8-3b6061644e06:192.168.151.106:34916, e7c7f36e-d189-4b90-8525-6de79529cd01:192.168.151.106:45463], old=null
2019-10-14 13:35:55,899 [e7c7f36e-d189-4b90-8525-6de79529cd01@group-1524820A8172-LeaderElection64] INFO  impl.RoleInfo (RoleInfo.java:shutdownLeaderElection(134)) - e7c7f36e-d189-4b90-8525-6de79529cd01: shutdown LeaderElection
2019-10-14 13:35:55,899 [e7c7f36e-d189-4b90-8525-6de79529cd01@group-1524820A8172-LeaderElection64] INFO  impl.RaftServerImpl (RaftServerImpl.java:setRole(170)) - e7c7f36e-d189-4b90-8525-6de79529cd01@group-1524820A8172: changes role from CANDIDATE to LEADER at term 1 for changeToLeader
2019-10-14 13:35:55,899 [e7c7f36e-d189-4b90-8525-6de79529cd01@group-1524820A8172-LeaderElection64] INFO  impl.RaftServerImpl (ServerState.java:setLeader(255)) - e7c7f36e-d189-4b90-8525-6de79529cd01@group-1524820A8172: change Leader from null to e7c7f36e-d189-4b90-8525-6de79529cd01 at term 1 for becomeLeader, leader elected after 5075ms
2019-10-14 13:35:55,901 [e7c7f36e-d189-4b90-8525-6de79529cd01@group-1524820A8172-LeaderElection64] INFO  server.RaftServerConfigKeys (ConfUtils.java:logGet(43)) - raft.server.staging.catchup.gap = 1000 (default)
2019-10-14 13:35:55,901 [e7c7f36e-d189-4b90-8525-6de79529cd01@group-1524820A8172-LeaderElection64] INFO  server.RaftServerConfigKeys (ConfUtils.java:logGet(43)) - raft.server.rpc.sleep.time = 25ms (default)
2019-10-14 13:35:55,902 [e7c7f36e-d189-4b90-8525-6de79529cd01@group-1524820A8172-LeaderElection64] INFO  server.RaftServerConfigKeys (ConfUtils.java:logGet(43)) - raft.server.write.element-limit = 4096 (default)
2019-10-14 13:35:55,902 [e7c7f36e-d189-4b90-8525-6de79529cd01@group-1524820A8172-LeaderElection64] INFO  server.RaftServerConfigKeys (ConfUtils.java:logGet(43)) - raft.server.watch.timeout = 10s (default)
2019-10-14 13:35:55,902 [e7c7f36e-d189-4b90-8525-6de79529cd01@group-1524820A8172-LeaderElection64] INFO  server.RaftServerConfigKeys (ConfUtils.java:logGet(43)) - raft.server.watch.timeout.denomination = 1s (default)
2019-10-14 13:35:55,902 [e7c7f36e-d189-4b90-8525-6de79529cd01@group-1524820A8172-LeaderElection64] INFO  server.RaftServerConfigKeys (ConfUtils.java:logGet(43)) - raft.server.watch.element-limit = 65536 (default)
2019-10-14 13:35:55,906 [e7c7f36e-d189-4b90-8525-6de79529cd01@group-1524820A8172-LeaderElection64] INFO  server.RaftServerConfigKeys (ConfUtils.java:logGet(43)) - raft.server.log.appender.snapshot.chunk.size.max = 16MB (=16777216) (default)
2019-10-14 13:35:55,907 [e7c7f36e-d189-4b90-8525-6de79529cd01@group-1524820A8172-LeaderElection64] INFO  server.RaftServerConfigKeys (ConfUtils.java:logGet(43)) - raft.server.log.appender.buffer.byte-limit = 33554432 (custom)
2019-10-14 13:35:55,907 [e7c7f36e-d189-4b90-8525-6de79529cd01@group-1524820A8172-LeaderElection64] INFO  server.RaftServerConfigKeys (ConfUtils.java:logGet(43)) - raft.server.log.appender.buffer.element-limit = 1 (custom)
2019-10-14 13:35:55,907 [e7c7f36e-d189-4b90-8525-6de79529cd01@group-1524820A8172-LeaderElection64] INFO  grpc.GrpcConfigKeys$Server (ConfUtils.java:logGet(43)) - raft.grpc.server.leader.outstanding.appends.max = 128 (default)
2019-10-14 13:35:55,907 [e7c7f36e-d189-4b90-8525-6de79529cd01@group-1524820A8172-LeaderElection64] INFO  server.RaftServerConfigKeys (ConfUtils.java:logGet(43)) - raft.server.rpc.request.timeout = 3000ms (default)
2019-10-14 13:35:55,907 [e7c7f36e-d189-4b90-8525-6de79529cd01@group-1524820A8172-LeaderElection64] INFO  server.RaftServerConfigKeys (ConfUtils.java:logGet(43)) - raft.server.log.appender.install.snapshot.enabled = false (custom)
2019-10-14 13:35:55,907 [e7c7f36e-d189-4b90-8525-6de79529cd01@group-1524820A8172-LeaderElection64] INFO  server.RaftServerConfigKeys (ConfUtils.java:logGet(43)) - raft.server.log.appender.snapshot.chunk.size.max = 16MB (=16777216) (default)
2019-10-14 13:35:55,908 [e7c7f36e-d189-4b90-8525-6de79529cd01@group-1524820A8172-LeaderElection64] INFO  server.RaftServerConfigKeys (ConfUtils.java:logGet(43)) - raft.server.log.appender.buffer.byte-limit = 33554432 (custom)
2019-10-14 13:35:55,908 [e7c7f36e-d189-4b90-8525-6de79529cd01@group-1524820A8172-LeaderElection64] INFO  server.RaftServerConfigKeys (ConfUtils.java:logGet(43)) - raft.server.log.appender.buffer.element-limit = 1 (custom)
2019-10-14 13:35:55,908 [e7c7f36e-d189-4b90-8525-6de79529cd01@group-1524820A8172-LeaderElection64] INFO  grpc.GrpcConfigKeys$Server (ConfUtils.java:logGet(43)) - raft.grpc.server.leader.outstanding.appends.max = 128 (default)
2019-10-14 13:35:55,908 [e7c7f36e-d189-4b90-8525-6de79529cd01@group-1524820A8172-LeaderElection64] INFO  server.RaftServerConfigKeys (ConfUtils.java:logGet(43)) - raft.server.rpc.request.timeout = 3000ms (default)
2019-10-14 13:35:55,908 [e7c7f36e-d189-4b90-8525-6de79529cd01@group-1524820A8172-LeaderElection64] INFO  server.RaftServerConfigKeys (ConfUtils.java:logGet(43)) - raft.server.log.appender.install.snapshot.enabled = false (custom)
2019-10-14 13:35:55,908 [e7c7f36e-d189-4b90-8525-6de79529cd01@group-1524820A8172-LeaderElection64] INFO  impl.RoleInfo (RoleInfo.java:updateAndGet(143)) - e7c7f36e-d189-4b90-8525-6de79529cd01: start LeaderState
2019-10-14 13:35:55,909 [e7c7f36e-d189-4b90-8525-6de79529cd01@group-1524820A8172-LeaderElection64] INFO  segmented.SegmentedRaftLogWorker (SegmentedRaftLogWorker.java:startLogSegment(385)) - e7c7f36e-d189-4b90-8525-6de79529cd01@group-1524820A8172-SegmentedRaftLogWorker: Starting segment from index:0
2019-10-14 13:35:55,909 [e7c7f36e-d189-4b90-8525-6de79529cd01@group-1524820A8172-LeaderElection64] INFO  impl.RaftServerImpl (ServerState.java:setRaftConf(356)) - e7c7f36e-d189-4b90-8525-6de79529cd01@group-1524820A8172: set configuration 0: [555ba9c4-e1fb-4951-8745-8a136c55a872:192.168.151.106:43434, ee8dcdf0-4257-4d09-94a8-3b6061644e06:192.168.151.106:34916, e7c7f36e-d189-4b90-8525-6de79529cd01:192.168.151.106:45463], old=null at 0
2019-10-14 13:35:55,933 [Thread-2370] INFO  impl.FollowerState (FollowerState.java:run(108)) - ee8dcdf0-4257-4d09-94a8-3b6061644e06@group-D6C07D7B96E3-FollowerState: change to CANDIDATE, lastRpcTime:5166ms, electionTimeout:5166ms
2019-10-14 13:35:55,933 [Thread-2370] INFO  impl.RoleInfo (RoleInfo.java:shutdownFollowerState(121)) - ee8dcdf0-4257-4d09-94a8-3b6061644e06: shutdown FollowerState
2019-10-14 13:35:55,933 [Thread-2370] INFO  impl.RaftServerImpl (RaftServerImpl.java:setRole(170)) - ee8dcdf0-4257-4d09-94a8-3b6061644e06@group-D6C07D7B96E3: changes role from  FOLLOWER to CANDIDATE at term 0 for changeToCandidate
2019-10-14 13:35:55,934 [Thread-2370] INFO  impl.RoleInfo (RoleInfo.java:updateAndGet(143)) - ee8dcdf0-4257-4d09-94a8-3b6061644e06: start LeaderElection
2019-10-14 13:35:55,938 [grpc-default-executor-9] INFO  impl.RaftServerImpl (ServerState.java:setLeader(255)) - 555ba9c4-e1fb-4951-8745-8a136c55a872@group-1524820A8172: change Leader from null to e7c7f36e-d189-4b90-8525-6de79529cd01 at term 1 for appendEntries, leader elected after 5114ms
2019-10-14 13:35:55,946 [grpc-default-executor-1] INFO  impl.RaftServerImpl (ServerState.java:setLeader(255)) - ee8dcdf0-4257-4d09-94a8-3b6061644e06@group-1524820A8172: change Leader from null to e7c7f36e-d189-4b90-8525-6de79529cd01 at term 1 for appendEntries, leader elected after 5122ms
2019-10-14 13:35:55,946 [e7c7f36e-d189-4b90-8525-6de79529cd01@group-1524820A8172-SegmentedRaftLogWorker] INFO  segmented.SegmentedRaftLogWorker (SegmentedRaftLogWorker.java:execute(574)) - e7c7f36e-d189-4b90-8525-6de79529cd01@group-1524820A8172-SegmentedRaftLogWorker: created new log segment /workdir/hadoop-ozone/integration-test/target/test-dir/MiniOzoneClusterImpl-e2ae5675-c21e-42f7-8419-fc156bd6edda/datanode-3/data/ratis/63d82930-40fb-4187-bc19-1524820a8172/current/log_inprogress_0
2019-10-14 13:35:55,947 [ee8dcdf0-4257-4d09-94a8-3b6061644e06@group-D6C07D7B96E3-LeaderElection65] INFO  impl.LeaderElection (LeaderElection.java:askForVotes(178)) - ee8dcdf0-4257-4d09-94a8-3b6061644e06@group-D6C07D7B96E3-LeaderElection65: begin an election at term 1 for -1: [ee8dcdf0-4257-4d09-94a8-3b6061644e06:192.168.151.106:34916], old=null
2019-10-14 13:35:55,947 [ee8dcdf0-4257-4d09-94a8-3b6061644e06@group-D6C07D7B96E3-LeaderElection65] INFO  impl.RoleInfo (RoleInfo.java:shutdownLeaderElection(134)) - ee8dcdf0-4257-4d09-94a8-3b6061644e06: shutdown LeaderElection
2019-10-14 13:35:55,947 [ee8dcdf0-4257-4d09-94a8-3b6061644e06@group-D6C07D7B96E3-LeaderElection65] INFO  impl.RaftServerImpl (RaftServerImpl.java:setRole(170)) - ee8dcdf0-4257-4d09-94a8-3b6061644e06@group-D6C07D7B96E3: changes role from CANDIDATE to LEADER at term 1 for changeToLeader
2019-10-14 13:35:55,947 [ee8dcdf0-4257-4d09-94a8-3b6061644e06@group-D6C07D7B96E3-LeaderElection65] INFO  impl.RaftServerImpl (ServerState.java:setLeader(255)) - ee8dcdf0-4257-4d09-94a8-3b6061644e06@group-D6C07D7B96E3: change Leader from null to ee8dcdf0-4257-4d09-94a8-3b6061644e06 at term 1 for becomeLeader, leader elected after 5186ms
2019-10-14 13:35:55,947 [ee8dcdf0-4257-4d09-94a8-3b6061644e06@group-D6C07D7B96E3-LeaderElection65] INFO  server.RaftServerConfigKeys (ConfUtils.java:logGet(43)) - raft.server.staging.catchup.gap = 1000 (default)
2019-10-14 13:35:55,947 [ee8dcdf0-4257-4d09-94a8-3b6061644e06@group-D6C07D7B96E3-LeaderElection65] INFO  server.RaftServerConfigKeys (ConfUtils.java:logGet(43)) - raft.server.rpc.sleep.time = 25ms (default)
2019-10-14 13:35:55,948 [ee8dcdf0-4257-4d09-94a8-3b6061644e06@group-D6C07D7B96E3-LeaderElection65] INFO  server.RaftServerConfigKeys (ConfUtils.java:logGet(43)) - raft.server.write.element-limit = 4096 (default)
2019-10-14 13:35:55,948 [ee8dcdf0-4257-4d09-94a8-3b6061644e06@group-D6C07D7B96E3-LeaderElection65] INFO  server.RaftServerConfigKeys (ConfUtils.java:logGet(43)) - raft.server.watch.timeout = 10s (default)
2019-10-14 13:35:55,948 [ee8dcdf0-4257-4d09-94a8-3b6061644e06@group-D6C07D7B96E3-LeaderElection65] INFO  server.RaftServerConfigKeys (ConfUtils.java:logGet(43)) - raft.server.watch.timeout.denomination = 1s (default)
2019-10-14 13:35:55,948 [grpc-default-executor-1] INFO  impl.RaftServerImpl (ServerState.java:setRaftConf(356)) - 555ba9c4-e1fb-4951-8745-8a136c55a872@group-1524820A8172: set configuration 0: [555ba9c4-e1fb-4951-8745-8a136c55a872:192.168.151.106:43434, ee8dcdf0-4257-4d09-94a8-3b6061644e06:192.168.151.106:34916, e7c7f36e-d189-4b90-8525-6de79529cd01:192.168.151.106:45463], old=null at 0
2019-10-14 13:35:55,948 [ee8dcdf0-4257-4d09-94a8-3b6061644e06@group-D6C07D7B96E3-LeaderElection65] INFO  server.RaftServerConfigKeys (ConfUtils.java:logGet(43)) - raft.server.watch.element-limit = 65536 (default)
2019-10-14 13:35:55,948 [grpc-default-executor-9] INFO  impl.RaftServerImpl (ServerState.java:setRaftConf(356)) - ee8dcdf0-4257-4d09-94a8-3b6061644e06@group-1524820A8172: set configuration 0: [555ba9c4-e1fb-4951-8745-8a136c55a872:192.168.151.106:43434, ee8dcdf0-4257-4d09-94a8-3b6061644e06:192.168.151.106:34916, e7c7f36e-d189-4b90-8525-6de79529cd01:192.168.151.106:45463], old=null at 0
2019-10-14 13:35:55,948 [grpc-default-executor-1] INFO  segmented.SegmentedRaftLogWorker (SegmentedRaftLogWorker.java:startLogSegment(385)) - 555ba9c4-e1fb-4951-8745-8a136c55a872@group-1524820A8172-SegmentedRaftLogWorker: Starting segment from index:0
2019-10-14 13:35:55,949 [grpc-default-executor-9] INFO  segmented.SegmentedRaftLogWorker (SegmentedRaftLogWorker.java:startLogSegment(385)) - ee8dcdf0-4257-4d09-94a8-3b6061644e06@group-1524820A8172-SegmentedRaftLogWorker: Starting segment from index:0
2019-10-14 13:35:55,950 [ee8dcdf0-4257-4d09-94a8-3b6061644e06@group-D6C07D7B96E3-LeaderElection65] INFO  impl.RoleInfo (RoleInfo.java:updateAndGet(143)) - ee8dcdf0-4257-4d09-94a8-3b6061644e06: start LeaderState
2019-10-14 13:35:55,950 [ee8dcdf0-4257-4d09-94a8-3b6061644e06@group-D6C07D7B96E3-LeaderElection65] INFO  segmented.SegmentedRaftLogWorker (SegmentedRaftLogWorker.java:startLogSegment(385)) - ee8dcdf0-4257-4d09-94a8-3b6061644e06@group-D6C07D7B96E3-SegmentedRaftLogWorker: Starting segment from index:0
2019-10-14 13:35:55,950 [ee8dcdf0-4257-4d09-94a8-3b6061644e06@group-D6C07D7B96E3-LeaderElection65] INFO  impl.RaftServerImpl (ServerState.java:setRaftConf(356)) - ee8dcdf0-4257-4d09-94a8-3b6061644e06@group-D6C07D7B96E3: set configuration 0: [ee8dcdf0-4257-4d09-94a8-3b6061644e06:192.168.151.106:34916], old=null at 0
2019-10-14 13:35:55,978 [555ba9c4-e1fb-4951-8745-8a136c55a872@group-1524820A8172-SegmentedRaftLogWorker] INFO  segmented.SegmentedRaftLogWorker (SegmentedRaftLogWorker.java:execute(574)) - 555ba9c4-e1fb-4951-8745-8a136c55a872@group-1524820A8172-SegmentedRaftLogWorker: created new log segment /workdir/hadoop-ozone/integration-test/target/test-dir/MiniOzoneClusterImpl-e2ae5675-c21e-42f7-8419-fc156bd6edda/datanode-5/data/ratis/63d82930-40fb-4187-bc19-1524820a8172/current/log_inprogress_0
2019-10-14 13:35:55,981 [ee8dcdf0-4257-4d09-94a8-3b6061644e06@group-1524820A8172-SegmentedRaftLogWorker] INFO  segmented.SegmentedRaftLogWorker (SegmentedRaftLogWorker.java:execute(574)) - ee8dcdf0-4257-4d09-94a8-3b6061644e06@group-1524820A8172-SegmentedRaftLogWorker: created new log segment /workdir/hadoop-ozone/integration-test/target/test-dir/MiniOzoneClusterImpl-e2ae5675-c21e-42f7-8419-fc156bd6edda/datanode-6/data/ratis/63d82930-40fb-4187-bc19-1524820a8172/current/log_inprogress_0
2019-10-14 13:35:55,983 [ee8dcdf0-4257-4d09-94a8-3b6061644e06@group-D6C07D7B96E3-SegmentedRaftLogWorker] INFO  segmented.SegmentedRaftLogWorker (SegmentedRaftLogWorker.java:execute(574)) - ee8dcdf0-4257-4d09-94a8-3b6061644e06@group-D6C07D7B96E3-SegmentedRaftLogWorker: created new log segment /workdir/hadoop-ozone/integration-test/target/test-dir/MiniOzoneClusterImpl-e2ae5675-c21e-42f7-8419-fc156bd6edda/datanode-6/data/ratis/0fe5dfa7-16e0-4cfb-bfad-d6c07d7b96e3/current/log_inprogress_0
2019-10-14 13:35:56,044 [Datanode State Machine Thread - 0] INFO  statemachine.DatanodeStateMachine (DatanodeStateMachine.java:lambda$startDaemon$0(350)) - Ozone container server started.
2019-10-14 13:35:56,758 [grpc-default-executor-5] WARN  server.GrpcLogAppender (LogUtils.java:warn(134)) - 192e12c5-d762-43c7-a534-44a4e83d726f@group-5B0C9F4F55BE->cf8d3001-8af4-4fc5-b72d-8dcaa9baa2e1-AppendLogResponseHandler: Failed appendEntries: org.apache.ratis.thirdparty.io.grpc.StatusRuntimeException: UNAVAILABLE: io exception
2019-10-14 13:35:56,758 [grpc-default-executor-9] WARN  server.GrpcLogAppender (LogUtils.java:warn(134)) - 192e12c5-d762-43c7-a534-44a4e83d726f@group-5B0C9F4F55BE->677247a7-29f7-4094-aab0-2aa00681ebef-AppendLogResponseHandler: Failed appendEntries: org.apache.ratis.thirdparty.io.grpc.StatusRuntimeException: UNAVAILABLE: io exception
2019-10-14 13:35:56,758 [grpc-default-executor-5] INFO  impl.FollowerInfo (FollowerInfo.java:lambda$new$0(51)) - 192e12c5-d762-43c7-a534-44a4e83d726f@group-5B0C9F4F55BE->cf8d3001-8af4-4fc5-b72d-8dcaa9baa2e1: nextIndex: updateUnconditionally 0 -> 0
2019-10-14 13:35:56,758 [grpc-default-executor-9] INFO  impl.FollowerInfo (FollowerInfo.java:lambda$new$0(51)) - 192e12c5-d762-43c7-a534-44a4e83d726f@group-5B0C9F4F55BE->677247a7-29f7-4094-aab0-2aa00681ebef: nextIndex: updateUnconditionally 0 -> 0
2019-10-14 13:35:59,258 [grpc-default-executor-5] WARN  server.GrpcLogAppender (LogUtils.java:warn(134)) - 192e12c5-d762-43c7-a534-44a4e83d726f@group-5B0C9F4F55BE->cf8d3001-8af4-4fc5-b72d-8dcaa9baa2e1-AppendLogResponseHandler: Failed appendEntries: org.apache.ratis.thirdparty.io.grpc.StatusRuntimeException: UNAVAILABLE: io exception
2019-10-14 13:35:59,258 [grpc-default-executor-8] WARN  server.GrpcLogAppender (LogUtils.java:warn(134)) - 192e12c5-d762-43c7-a534-44a4e83d726f@group-5B0C9F4F55BE->677247a7-29f7-4094-aab0-2aa00681ebef-AppendLogResponseHandler: Failed appendEntries: org.apache.ratis.thirdparty.io.grpc.StatusRuntimeException: UNAVAILABLE: io exception
2019-10-14 13:35:59,258 [grpc-default-executor-5] INFO  impl.FollowerInfo (FollowerInfo.java:lambda$new$0(51)) - 192e12c5-d762-43c7-a534-44a4e83d726f@group-5B0C9F4F55BE->cf8d3001-8af4-4fc5-b72d-8dcaa9baa2e1: nextIndex: updateUnconditionally 0 -> 0
2019-10-14 13:35:59,259 [grpc-default-executor-8] INFO  impl.FollowerInfo (FollowerInfo.java:lambda$new$0(51)) - 192e12c5-d762-43c7-a534-44a4e83d726f@group-5B0C9F4F55BE->677247a7-29f7-4094-aab0-2aa00681ebef: nextIndex: updateUnconditionally 0 -> 0
2019-10-14 13:36:01,032 [main] INFO  ozoneimpl.OzoneContainer (OzoneContainer.java:stop(231)) - Attempting to stop container services.
2019-10-14 13:36:01,032 [main] INFO  impl.RaftServerProxy (RaftServerProxy.java:lambda$close$4(314)) - b99a251c-4429-4381-bc0b-b1b84baeee8b: close
2019-10-14 13:36:01,032 [main] INFO  impl.RaftServerImpl (RaftServerImpl.java:lambda$shutdown$3(247)) - b99a251c-4429-4381-bc0b-b1b84baeee8b@group-DDB366BE461F: shutdown
2019-10-14 13:36:01,033 [main] INFO  util.JmxRegister (JmxRegister.java:unregister(73)) - Successfully un-registered JMX Bean with object name Ratis:service=RaftServer,group=group-DDB366BE461F,id=b99a251c-4429-4381-bc0b-b1b84baeee8b
2019-10-14 13:36:01,033 [main] INFO  impl.RoleInfo (RoleInfo.java:shutdownFollowerState(121)) - b99a251c-4429-4381-bc0b-b1b84baeee8b: shutdown FollowerState
2019-10-14 13:36:01,033 [main] INFO  impl.StateMachineUpdater (StateMachineUpdater.java:stopAndJoin(136)) - b99a251c-4429-4381-bc0b-b1b84baeee8b@group-DDB366BE461F-StateMachineUpdater: set stopIndex = 2
2019-10-14 13:36:01,033 [b99a251c-4429-4381-bc0b-b1b84baeee8b@group-DDB366BE461F-StateMachineUpdater] INFO  ratis.ContainerStateMachine (ContainerStateMachine.java:takeSnapshot(293)) - group-DDB366BE461F: Taking a snapshot at:(t:1, i:1) file /workdir/hadoop-ozone/integration-test/target/test-dir/MiniOzoneClusterImpl-e2ae5675-c21e-42f7-8419-fc156bd6edda/datanode-0/data/ratis/20624a18-cab5-4977-908a-ddb366be461f/sm/snapshot.1_1
2019-10-14 13:36:01,033 [Thread-2415] INFO  impl.FollowerState (FollowerState.java:run(117)) - b99a251c-4429-4381-bc0b-b1b84baeee8b@group-DDB366BE461F-FollowerState was interrupted: java.lang.InterruptedException: sleep interrupted
2019-10-14 13:36:01,059 [b99a251c-4429-4381-bc0b-b1b84baeee8b@group-DDB366BE461F-StateMachineUpdater] INFO  ratis.ContainerStateMachine (ContainerStateMachine.java:takeSnapshot(304)) - group-DDB366BE461F: Finished taking a snapshot at:(t:1, i:1) file:/workdir/hadoop-ozone/integration-test/target/test-dir/MiniOzoneClusterImpl-e2ae5675-c21e-42f7-8419-fc156bd6edda/datanode-0/data/ratis/20624a18-cab5-4977-908a-ddb366be461f/sm/snapshot.1_1 time:26
2019-10-14 13:36:01,059 [b99a251c-4429-4381-bc0b-b1b84baeee8b@group-DDB366BE461F-StateMachineUpdater] INFO  impl.StateMachineUpdater (StateMachineUpdater.java:takeSnapshot(269)) - b99a251c-4429-4381-bc0b-b1b84baeee8b@group-DDB366BE461F-StateMachineUpdater: Took a snapshot at index 1
2019-10-14 13:36:01,060 [b99a251c-4429-4381-bc0b-b1b84baeee8b@group-DDB366BE461F-StateMachineUpdater] INFO  impl.StateMachineUpdater (StateMachineUpdater.java:lambda$new$0(84)) - b99a251c-4429-4381-bc0b-b1b84baeee8b@group-DDB366BE461F-StateMachineUpdater: snapshotIndex: updateIncreasingly -1 -> 1
2019-10-14 13:36:01,060 [b99a251c-4429-4381-bc0b-b1b84baeee8b@group-DDB366BE461F-StateMachineUpdater] INFO  ratis.ContainerStateMachine (ContainerStateMachine.java:takeSnapshot(293)) - group-DDB366BE461F: Taking a snapshot at:(t:1, i:1) file /workdir/hadoop-ozone/integration-test/target/test-dir/MiniOzoneClusterImpl-e2ae5675-c21e-42f7-8419-fc156bd6edda/datanode-0/data/ratis/20624a18-cab5-4977-908a-ddb366be461f/sm/snapshot.1_1
2019-10-14 13:36:01,063 [b99a251c-4429-4381-bc0b-b1b84baeee8b@group-DDB366BE461F-StateMachineUpdater] INFO  ratis.ContainerStateMachine (ContainerStateMachine.java:takeSnapshot(304)) - group-DDB366BE461F: Finished taking a snapshot at:(t:1, i:1) file:/workdir/hadoop-ozone/integration-test/target/test-dir/MiniOzoneClusterImpl-e2ae5675-c21e-42f7-8419-fc156bd6edda/datanode-0/data/ratis/20624a18-cab5-4977-908a-ddb366be461f/sm/snapshot.1_1 time:3
2019-10-14 13:36:01,063 [b99a251c-4429-4381-bc0b-b1b84baeee8b@group-DDB366BE461F-StateMachineUpdater] INFO  impl.StateMachineUpdater (StateMachineUpdater.java:takeSnapshot(269)) - b99a251c-4429-4381-bc0b-b1b84baeee8b@group-DDB366BE461F-StateMachineUpdater: Took a snapshot at index 1
2019-10-14 13:36:01,063 [b99a251c-4429-4381-bc0b-b1b84baeee8b@group-DDB366BE461F-StateMachineUpdater] INFO  impl.StateMachineUpdater (StateMachineUpdater.java:lambda$new$0(84)) - b99a251c-4429-4381-bc0b-b1b84baeee8b@group-DDB366BE461F-StateMachineUpdater: snapshotIndex: updateIncreasingly 1 -> 1
2019-10-14 13:36:01,063 [main] INFO  impl.RaftServerImpl (ServerState.java:close(387)) - b99a251c-4429-4381-bc0b-b1b84baeee8b@group-DDB366BE461F: closes. applyIndex: 2
2019-10-14 13:36:01,064 [b99a251c-4429-4381-bc0b-b1b84baeee8b@group-DDB366BE461F-SegmentedRaftLogWorker] INFO  segmented.SegmentedRaftLogWorker (SegmentedRaftLogWorker.java:run(316)) - b99a251c-4429-4381-bc0b-b1b84baeee8b@group-DDB366BE461F-SegmentedRaftLogWorker was interrupted, exiting. There are 0 tasks remaining in the queue.
2019-10-14 13:36:01,066 [main] INFO  segmented.SegmentedRaftLogWorker (SegmentedRaftLogWorker.java:close(224)) - b99a251c-4429-4381-bc0b-b1b84baeee8b@group-DDB366BE461F-SegmentedRaftLogWorker close()
2019-10-14 13:36:01,071 [main] INFO  impl.RaftServerImpl (RaftServerImpl.java:lambda$shutdown$3(247)) - b99a251c-4429-4381-bc0b-b1b84baeee8b@group-88EC536D1D5B: shutdown
2019-10-14 13:36:01,071 [main] INFO  util.JmxRegister (JmxRegister.java:unregister(73)) - Successfully un-registered JMX Bean with object name Ratis:service=RaftServer,group=group-88EC536D1D5B,id=b99a251c-4429-4381-bc0b-b1b84baeee8b
2019-10-14 13:36:01,071 [main] INFO  impl.RoleInfo (RoleInfo.java:shutdownLeaderState(104)) - b99a251c-4429-4381-bc0b-b1b84baeee8b: shutdown LeaderState
2019-10-14 13:36:01,072 [main] INFO  impl.PendingRequests (PendingRequests.java:sendNotLeaderResponses(202)) - b99a251c-4429-4381-bc0b-b1b84baeee8b@group-88EC536D1D5B-PendingRequests: sendNotLeaderResponses
2019-10-14 13:36:01,072 [main] INFO  impl.StateMachineUpdater (StateMachineUpdater.java:stopAndJoin(136)) - b99a251c-4429-4381-bc0b-b1b84baeee8b@group-88EC536D1D5B-StateMachineUpdater: set stopIndex = 0
2019-10-14 13:36:01,073 [main] INFO  impl.RaftServerImpl (ServerState.java:close(387)) - b99a251c-4429-4381-bc0b-b1b84baeee8b@group-88EC536D1D5B: closes. applyIndex: 0
2019-10-14 13:36:01,073 [b99a251c-4429-4381-bc0b-b1b84baeee8b@group-88EC536D1D5B-SegmentedRaftLogWorker] INFO  segmented.SegmentedRaftLogWorker (SegmentedRaftLogWorker.java:run(316)) - b99a251c-4429-4381-bc0b-b1b84baeee8b@group-88EC536D1D5B-SegmentedRaftLogWorker was interrupted, exiting. There are 0 tasks remaining in the queue.
2019-10-14 13:36:01,075 [main] INFO  segmented.SegmentedRaftLogWorker (SegmentedRaftLogWorker.java:close(224)) - b99a251c-4429-4381-bc0b-b1b84baeee8b@group-88EC536D1D5B-SegmentedRaftLogWorker close()
2019-10-14 13:36:01,080 [main] INFO  server.GrpcService (GrpcService.java:closeImpl(164)) - b99a251c-4429-4381-bc0b-b1b84baeee8b: shutdown server with port 40760 now
2019-10-14 13:36:01,084 [grpc-default-executor-8] WARN  server.GrpcServerProtocolService (LogUtils.java:warn(134)) - b99a251c-4429-4381-bc0b-b1b84baeee8b: installSnapshot onError, lastRequest: 7df77bc0-e3dd-4187-b7ad-dfa30bc702b8->b99a251c-4429-4381-bc0b-b1b84baeee8b#5-t1, previous=(t:1, i:2), leaderCommit=2, initializing? false, entries: <empty>: org.apache.ratis.thirdparty.io.grpc.StatusRuntimeException: CANCELLED: cancelled before receiving half close
2019-10-14 13:36:01,084 [grpc-default-executor-5] WARN  server.GrpcLogAppender (LogUtils.java:warn(134)) - 7df77bc0-e3dd-4187-b7ad-dfa30bc702b8@group-DDB366BE461F->b99a251c-4429-4381-bc0b-b1b84baeee8b-AppendLogResponseHandler: Failed appendEntries: org.apache.ratis.thirdparty.io.grpc.StatusRuntimeException: CANCELLED: HTTP/2 error code: CANCEL
Received Rst Stream
2019-10-14 13:36:01,084 [main] INFO  server.GrpcService (GrpcService.java:closeImpl(172)) - b99a251c-4429-4381-bc0b-b1b84baeee8b: shutdown server with port 40760 successfully
2019-10-14 13:36:01,084 [grpc-default-executor-5] INFO  impl.FollowerInfo (FollowerInfo.java:lambda$new$0(51)) - 7df77bc0-e3dd-4187-b7ad-dfa30bc702b8@group-DDB366BE461F->b99a251c-4429-4381-bc0b-b1b84baeee8b: nextIndex: updateUnconditionally 3 -> 2
2019-10-14 13:36:01,085 [refreshUsed-/workdir/hadoop-ozone/integration-test/target/test-dir/MiniOzoneClusterImpl-e2ae5675-c21e-42f7-8419-fc156bd6edda/datanode-0/data/containers] WARN  fs.CachingGetSpaceUsed (CachingGetSpaceUsed.java:run(183)) - Thread Interrupted waiting to refresh disk information: sleep interrupted
2019-10-14 13:36:01,098 [main] INFO  utils.BackgroundService (BackgroundService.java:shutdown(148)) - Shutting down service BlockDeletingService
2019-10-14 13:36:01,105 [main] INFO  statemachine.DatanodeStateMachine (DatanodeStateMachine.java:stopDaemon(395)) - Ozone container server stopped.
2019-10-14 13:36:01,106 [main] INFO  handler.ContextHandler (ContextHandler.java:doStop(910)) - Stopped o.e.j.w.WebAppContext@1a914089{/,null,UNAVAILABLE}{/hddsDatanode}
2019-10-14 13:36:01,107 [main] INFO  server.AbstractConnector (AbstractConnector.java:doStop(318)) - Stopped ServerConnector@43d76a92{HTTP/1.1,[http/1.1]}{0.0.0.0:0}
2019-10-14 13:36:01,107 [main] INFO  handler.ContextHandler (ContextHandler.java:doStop(910)) - Stopped o.e.j.s.ServletContextHandler@64656b9e{/static,jar:file:/home/user/.m2/repository/org/apache/hadoop/hadoop-hdds-container-service/0.5.0-SNAPSHOT/hadoop-hdds-container-service-0.5.0-SNAPSHOT.jar!/webapps/static,UNAVAILABLE}
2019-10-14 13:36:01,107 [main] INFO  handler.ContextHandler (ContextHandler.java:doStop(910)) - Stopped o.e.j.s.ServletContextHandler@6629643d{/logs,file:///workdir/hadoop-ozone/integration-test/target/log,UNAVAILABLE}
2019-10-14 13:36:01,113 [grpc-default-executor-5] WARN  server.GrpcLogAppender (LogUtils.java:warn(134)) - 7df77bc0-e3dd-4187-b7ad-dfa30bc702b8@group-DDB366BE461F->b99a251c-4429-4381-bc0b-b1b84baeee8b-AppendLogResponseHandler: Failed appendEntries: org.apache.ratis.thirdparty.io.grpc.StatusRuntimeException: UNAVAILABLE: io exception
2019-10-14 13:36:01,113 [grpc-default-executor-5] INFO  impl.FollowerInfo (FollowerInfo.java:lambda$new$0(51)) - 7df77bc0-e3dd-4187-b7ad-dfa30bc702b8@group-DDB366BE461F->b99a251c-4429-4381-bc0b-b1b84baeee8b: nextIndex: updateUnconditionally 3 -> 2
2019-10-14 13:36:01,124 [grpc-default-executor-1] WARN  server.GrpcLogAppender (LogUtils.java:warn(134)) - 7df77bc0-e3dd-4187-b7ad-dfa30bc702b8@group-DDB366BE461F->b99a251c-4429-4381-bc0b-b1b84baeee8b-AppendLogResponseHandler: Failed appendEntries: org.apache.ratis.thirdparty.io.grpc.StatusRuntimeException: UNAVAILABLE: io exception
2019-10-14 13:36:01,125 [grpc-default-executor-1] INFO  impl.FollowerInfo (FollowerInfo.java:lambda$new$0(51)) - 7df77bc0-e3dd-4187-b7ad-dfa30bc702b8@group-DDB366BE461F->b99a251c-4429-4381-bc0b-b1b84baeee8b: nextIndex: updateUnconditionally 3 -> 2
2019-10-14 13:36:01,127 [grpc-default-executor-1] WARN  server.GrpcLogAppender (LogUtils.java:warn(134)) - 7df77bc0-e3dd-4187-b7ad-dfa30bc702b8@group-DDB366BE461F->b99a251c-4429-4381-bc0b-b1b84baeee8b-AppendLogResponseHandler: Failed appendEntries: org.apache.ratis.thirdparty.io.grpc.StatusRuntimeException: UNAVAILABLE: io exception
2019-10-14 13:36:01,127 [grpc-default-executor-1] INFO  impl.FollowerInfo (FollowerInfo.java:lambda$new$0(51)) - 7df77bc0-e3dd-4187-b7ad-dfa30bc702b8@group-DDB366BE461F->b99a251c-4429-4381-bc0b-b1b84baeee8b: nextIndex: updateUnconditionally 3 -> 2
2019-10-14 13:36:01,129 [EventQueue-IncrementalContainerReportForIncrementalContainerReportHandler] WARN  container.IncrementalContainerReportHandler (AbstractContainerReportHandler.java:updateContainerState(143)) - Container #1 is in OPEN state, but the datanode 7df77bc0-e3dd-4187-b7ad-dfa30bc702b8{ip: 192.168.151.106, host: pr-hdds-2196-2-8n2dq-3116116325, networkLocation: /default-rack, certSerialId: null} reports an CLOSING replica.
2019-10-14 13:36:01,130 [EventQueue-IncrementalContainerReportForIncrementalContainerReportHandler] WARN  container.IncrementalContainerReportHandler (AbstractContainerReportHandler.java:updateContainerState(143)) - Container #1 is in OPEN state, but the datanode b50efb6b-48db-4cd0-9c2f-05b573e274e8{ip: 192.168.151.106, host: pr-hdds-2196-2-8n2dq-3116116325, networkLocation: /default-rack, certSerialId: null} reports an CLOSING replica.
2019-10-14 13:36:01,148 [RatisApplyTransactionExecutor 1] INFO  interfaces.Container (KeyValueContainer.java:flushAndSyncDB(386)) - Container 1 is synced with bcsId 0.
2019-10-14 13:36:01,163 [RatisApplyTransactionExecutor 1] INFO  interfaces.Container (KeyValueContainer.java:flushAndSyncDB(386)) - Container 1 is synced with bcsId 0.
2019-10-14 13:36:01,166 [RatisApplyTransactionExecutor 1] INFO  interfaces.Container (KeyValueContainer.java:flushAndSyncDB(386)) - Container 1 is synced with bcsId 0.
2019-10-14 13:36:01,166 [RatisApplyTransactionExecutor 1] INFO  interfaces.Container (KeyValueContainer.java:flushAndSyncDB(386)) - Container 1 is synced with bcsId 0.
2019-10-14 13:36:01,168 [RatisApplyTransactionExecutor 1] INFO  interfaces.Container (KeyValueContainer.java:close(335)) - Container 1 is closed with bcsId 0.
2019-10-14 13:36:01,171 [RatisApplyTransactionExecutor 1] INFO  interfaces.Container (KeyValueContainer.java:close(335)) - Container 1 is closed with bcsId 0.
2019-10-14 13:36:01,179 [EventQueue-IncrementalContainerReportForIncrementalContainerReportHandler] WARN  container.IncrementalContainerReportHandler (AbstractContainerReportHandler.java:updateContainerState(143)) - Container #1 is in OPEN state, but the datanode b50efb6b-48db-4cd0-9c2f-05b573e274e8{ip: 192.168.151.106, host: pr-hdds-2196-2-8n2dq-3116116325, networkLocation: /default-rack, certSerialId: null} reports an CLOSED replica.
2019-10-14 13:36:01,179 [EventQueue-IncrementalContainerReportForIncrementalContainerReportHandler] WARN  container.IncrementalContainerReportHandler (AbstractContainerReportHandler.java:updateContainerState(143)) - Container #1 is in OPEN state, but the datanode 7df77bc0-e3dd-4187-b7ad-dfa30bc702b8{ip: 192.168.151.106, host: pr-hdds-2196-2-8n2dq-3116116325, networkLocation: /default-rack, certSerialId: null} reports an CLOSED replica.
2019-10-14 13:36:01,759 [grpc-default-executor-1] WARN  server.GrpcLogAppender (LogUtils.java:warn(134)) - 192e12c5-d762-43c7-a534-44a4e83d726f@group-5B0C9F4F55BE->677247a7-29f7-4094-aab0-2aa00681ebef-AppendLogResponseHandler: Failed appendEntries: org.apache.ratis.thirdparty.io.grpc.StatusRuntimeException: UNAVAILABLE: io exception
2019-10-14 13:36:01,759 [grpc-default-executor-8] WARN  server.GrpcLogAppender (LogUtils.java:warn(134)) - 192e12c5-d762-43c7-a534-44a4e83d726f@group-5B0C9F4F55BE->cf8d3001-8af4-4fc5-b72d-8dcaa9baa2e1-AppendLogResponseHandler: Failed appendEntries: org.apache.ratis.thirdparty.io.grpc.StatusRuntimeException: UNAVAILABLE: io exception
2019-10-14 13:36:01,759 [grpc-default-executor-1] INFO  impl.FollowerInfo (FollowerInfo.java:lambda$new$0(51)) - 192e12c5-d762-43c7-a534-44a4e83d726f@group-5B0C9F4F55BE->677247a7-29f7-4094-aab0-2aa00681ebef: nextIndex: updateUnconditionally 0 -> 0
2019-10-14 13:36:01,759 [grpc-default-executor-8] INFO  impl.FollowerInfo (FollowerInfo.java:lambda$new$0(51)) - 192e12c5-d762-43c7-a534-44a4e83d726f@group-5B0C9F4F55BE->cf8d3001-8af4-4fc5-b72d-8dcaa9baa2e1: nextIndex: updateUnconditionally 0 -> 0
2019-10-14 13:36:01,862 [EventQueue-StaleNodeForStaleNodeHandler] INFO  node.StaleNodeHandler (StaleNodeHandler.java:onMessage(58)) - Datanode cf8d3001-8af4-4fc5-b72d-8dcaa9baa2e1{ip: 192.168.151.106, host: pr-hdds-2196-2-8n2dq-3116116325, networkLocation: /default-rack, certSerialId: null} moved to stale state. Finalizing its pipelines [PipelineID=0384f4a6-6322-44ed-abeb-5b0c9f4f55be, PipelineID=bc56bd4e-84bb-4fd9-953b-450a89f2c1f6]
2019-10-14 13:36:01,862 [EventQueue-StaleNodeForStaleNodeHandler] INFO  pipeline.SCMPipelineManager (SCMPipelineManager.java:finalizeAndDestroyPipeline(315)) - destroying pipeline:Pipeline[ Id: 0384f4a6-6322-44ed-abeb-5b0c9f4f55be, Nodes: cf8d3001-8af4-4fc5-b72d-8dcaa9baa2e1{ip: 192.168.151.106, host: pr-hdds-2196-2-8n2dq-3116116325, networkLocation: /default-rack, certSerialId: null}677247a7-29f7-4094-aab0-2aa00681ebef{ip: 192.168.151.106, host: pr-hdds-2196-2-8n2dq-3116116325, networkLocation: /default-rack, certSerialId: null}192e12c5-d762-43c7-a534-44a4e83d726f{ip: 192.168.151.106, host: pr-hdds-2196-2-8n2dq-3116116325, networkLocation: /default-rack, certSerialId: null}, Type:RATIS, Factor:THREE, State:OPEN]
2019-10-14 13:36:01,863 [EventQueue-StaleNodeForStaleNodeHandler] INFO  pipeline.PipelineStateManager (PipelineStateManager.java:finalizePipeline(123)) - Pipeline Pipeline[ Id: 0384f4a6-6322-44ed-abeb-5b0c9f4f55be, Nodes: cf8d3001-8af4-4fc5-b72d-8dcaa9baa2e1{ip: 192.168.151.106, host: pr-hdds-2196-2-8n2dq-3116116325, networkLocation: /default-rack, certSerialId: null}677247a7-29f7-4094-aab0-2aa00681ebef{ip: 192.168.151.106, host: pr-hdds-2196-2-8n2dq-3116116325, networkLocation: /default-rack, certSerialId: null}192e12c5-d762-43c7-a534-44a4e83d726f{ip: 192.168.151.106, host: pr-hdds-2196-2-8n2dq-3116116325, networkLocation: /default-rack, certSerialId: null}, Type:RATIS, Factor:THREE, State:CLOSED] moved to CLOSED state
2019-10-14 13:36:01,863 [EventQueue-CloseContainerForCloseContainerEventHandler] INFO  container.CloseContainerEventHandler (CloseContainerEventHandler.java:onMessage(61)) - Close container Event triggered for container : #1
2019-10-14 13:36:01,863 [EventQueue-StaleNodeForStaleNodeHandler] INFO  pipeline.SCMPipelineManager (SCMPipelineManager.java:finalizeAndDestroyPipeline(315)) - destroying pipeline:Pipeline[ Id: bc56bd4e-84bb-4fd9-953b-450a89f2c1f6, Nodes: cf8d3001-8af4-4fc5-b72d-8dcaa9baa2e1{ip: 192.168.151.106, host: pr-hdds-2196-2-8n2dq-3116116325, networkLocation: /default-rack, certSerialId: null}, Type:RATIS, Factor:ONE, State:OPEN]
2019-10-14 13:36:01,863 [EventQueue-StaleNodeForStaleNodeHandler] INFO  pipeline.PipelineStateManager (PipelineStateManager.java:finalizePipeline(123)) - Pipeline Pipeline[ Id: bc56bd4e-84bb-4fd9-953b-450a89f2c1f6, Nodes: cf8d3001-8af4-4fc5-b72d-8dcaa9baa2e1{ip: 192.168.151.106, host: pr-hdds-2196-2-8n2dq-3116116325, networkLocation: /default-rack, certSerialId: null}, Type:RATIS, Factor:ONE, State:CLOSED] moved to CLOSED state
2019-10-14 13:36:03,055 [Thread-2486] INFO  client.GrpcClientProtocolService (GrpcClientProtocolService.java:lambda$processClientRequest$0(278)) - Failed RaftClientRequest:client-BDA35B1A37A9->192e12c5-d762-43c7-a534-44a4e83d726f@group-5B0C9F4F55BE, cid=67, seq=0, Watch-ALL_COMMITTED(21), Message:<EMPTY>, reply=RaftClientReply:client-BDA35B1A37A9->192e12c5-d762-43c7-a534-44a4e83d726f@group-5B0C9F4F55BE, cid=67, FAILED org.apache.ratis.protocol.NotReplicatedException: Request with call Id 67 and log index 21 is not yet replicated to ALL_COMMITTED, logIndex=21, commits[192e12c5-d762-43c7-a534-44a4e83d726f:c2, 677247a7-29f7-4094-aab0-2aa00681ebef:c2, cf8d3001-8af4-4fc5-b72d-8dcaa9baa2e1:c2]
2019-10-14 13:36:03,061 [Thread-2487] INFO  client.GrpcClientProtocolService (GrpcClientProtocolService.java:lambda$processClientRequest$0(278)) - Failed RaftClientRequest:client-BDA35B1A37A9->192e12c5-d762-43c7-a534-44a4e83d726f@group-5B0C9F4F55BE, cid=68, seq=0, Watch-MAJORITY_COMMITTED(21), Message:<EMPTY>, reply=RaftClientReply:client-BDA35B1A37A9->192e12c5-d762-43c7-a534-44a4e83d726f@group-5B0C9F4F55BE, cid=68, FAILED org.apache.ratis.protocol.NotReplicatedException: Request with call Id 68 and log index 21 is not yet replicated to MAJORITY_COMMITTED, logIndex=21, commits[192e12c5-d762-43c7-a534-44a4e83d726f:c2, 677247a7-29f7-4094-aab0-2aa00681ebef:c2, cf8d3001-8af4-4fc5-b72d-8dcaa9baa2e1:c2]
2019-10-14 13:36:03,629 [grpc-default-executor-8] WARN  server.GrpcLogAppender (LogUtils.java:warn(134)) - 7df77bc0-e3dd-4187-b7ad-dfa30bc702b8@group-DDB366BE461F->b99a251c-4429-4381-bc0b-b1b84baeee8b-AppendLogResponseHandler: Failed appendEntries: org.apache.ratis.thirdparty.io.grpc.StatusRuntimeException: UNAVAILABLE: io exception
2019-10-14 13:36:03,630 [grpc-default-executor-8] INFO  impl.FollowerInfo (FollowerInfo.java:lambda$new$0(51)) - 7df77bc0-e3dd-4187-b7ad-dfa30bc702b8@group-DDB366BE461F->b99a251c-4429-4381-bc0b-b1b84baeee8b: nextIndex: updateUnconditionally 2 -> 1
2019-10-14 13:36:04,196 [main] WARN  scm.XceiverClientRatis (XceiverClientRatis.java:watchForCommit(292)) - 3 way commit failed on pipeline Pipeline[ Id: 20624a18-cab5-4977-908a-ddb366be461f, Nodes: b99a251c-4429-4381-bc0b-b1b84baeee8b{ip: 192.168.151.106, host: pr-hdds-2196-2-8n2dq-3116116325, networkLocation: /default-rack, certSerialId: null}7df77bc0-e3dd-4187-b7ad-dfa30bc702b8{ip: 192.168.151.106, host: pr-hdds-2196-2-8n2dq-3116116325, networkLocation: /default-rack, certSerialId: null}b50efb6b-48db-4cd0-9c2f-05b573e274e8{ip: 192.168.151.106, host: pr-hdds-2196-2-8n2dq-3116116325, networkLocation: /default-rack, certSerialId: null}, Type:RATIS, Factor:THREE, State:OPEN]
java.util.concurrent.TimeoutException
	at java.util.concurrent.CompletableFuture.timedGet(CompletableFuture.java:1771)
	at java.util.concurrent.CompletableFuture.get(CompletableFuture.java:1915)
	at org.apache.hadoop.hdds.scm.XceiverClientRatis.watchForCommit(XceiverClientRatis.java:289)
	at org.apache.hadoop.ozone.client.rpc.TestWatchForCommit.test2WayCommitForTimeoutException(TestWatchForCommit.java:391)
	at sun.reflect.NativeMethodAccessorImpl.invoke0(Native Method)
	at sun.reflect.NativeMethodAccessorImpl.invoke(NativeMethodAccessorImpl.java:62)
	at sun.reflect.DelegatingMethodAccessorImpl.invoke(DelegatingMethodAccessorImpl.java:43)
	at java.lang.reflect.Method.invoke(Method.java:498)
	at org.junit.runners.model.FrameworkMethod$1.runReflectiveCall(FrameworkMethod.java:47)
	at org.junit.internal.runners.model.ReflectiveCallable.run(ReflectiveCallable.java:12)
	at org.junit.runners.model.FrameworkMethod.invokeExplosively(FrameworkMethod.java:44)
	at org.junit.internal.runners.statements.InvokeMethod.evaluate(InvokeMethod.java:17)
	at org.junit.runners.ParentRunner.runLeaf(ParentRunner.java:271)
	at org.junit.runners.BlockJUnit4ClassRunner.runChild(BlockJUnit4ClassRunner.java:70)
	at org.junit.runners.BlockJUnit4ClassRunner.runChild(BlockJUnit4ClassRunner.java:50)
	at org.junit.runners.ParentRunner$3.run(ParentRunner.java:238)
	at org.junit.runners.ParentRunner$1.schedule(ParentRunner.java:63)
	at org.junit.runners.ParentRunner.runChildren(ParentRunner.java:236)
	at org.junit.runners.ParentRunner.access$000(ParentRunner.java:53)
	at org.junit.runners.ParentRunner$2.evaluate(ParentRunner.java:229)
	at org.junit.runners.ParentRunner.run(ParentRunner.java:309)
	at org.apache.maven.surefire.junit4.JUnit4Provider.execute(JUnit4Provider.java:365)
	at org.apache.maven.surefire.junit4.JUnit4Provider.executeWithRerun(JUnit4Provider.java:273)
	at org.apache.maven.surefire.junit4.JUnit4Provider.executeTestSet(JUnit4Provider.java:238)
	at org.apache.maven.surefire.junit4.JUnit4Provider.invoke(JUnit4Provider.java:159)
	at org.apache.maven.surefire.booter.ForkedBooter.invokeProviderInSameClassLoader(ForkedBooter.java:384)
	at org.apache.maven.surefire.booter.ForkedBooter.runSuitesInProcess(ForkedBooter.java:345)
	at org.apache.maven.surefire.booter.ForkedBooter.execute(ForkedBooter.java:126)
	at org.apache.maven.surefire.booter.ForkedBooter.main(ForkedBooter.java:418)
2019-10-14 13:36:04,259 [grpc-default-executor-5] WARN  server.GrpcLogAppender (LogUtils.java:warn(134)) - 192e12c5-d762-43c7-a534-44a4e83d726f@group-5B0C9F4F55BE->677247a7-29f7-4094-aab0-2aa00681ebef-AppendLogResponseHandler: Failed appendEntries: org.apache.ratis.thirdparty.io.grpc.StatusRuntimeException: UNAVAILABLE: io exception
2019-10-14 13:36:04,259 [grpc-default-executor-5] INFO  impl.FollowerInfo (FollowerInfo.java:lambda$new$0(51)) - 192e12c5-d762-43c7-a534-44a4e83d726f@group-5B0C9F4F55BE->677247a7-29f7-4094-aab0-2aa00681ebef: nextIndex: updateUnconditionally 0 -> 0
2019-10-14 13:36:04,259 [grpc-default-executor-9] WARN  server.GrpcLogAppender (LogUtils.java:warn(134)) - 192e12c5-d762-43c7-a534-44a4e83d726f@group-5B0C9F4F55BE->cf8d3001-8af4-4fc5-b72d-8dcaa9baa2e1-AppendLogResponseHandler: Failed appendEntries: org.apache.ratis.thirdparty.io.grpc.StatusRuntimeException: UNAVAILABLE: io exception
2019-10-14 13:36:04,259 [grpc-default-executor-9] INFO  impl.FollowerInfo (FollowerInfo.java:lambda$new$0(51)) - 192e12c5-d762-43c7-a534-44a4e83d726f@group-5B0C9F4F55BE->cf8d3001-8af4-4fc5-b72d-8dcaa9baa2e1: nextIndex: updateUnconditionally 0 -> 0
2019-10-14 13:36:04,839 [grpc-default-executor-8] WARN  server.GrpcLogAppender (LogUtils.java:warn(134)) - 192e12c5-d762-43c7-a534-44a4e83d726f@group-5B0C9F4F55BE->cf8d3001-8af4-4fc5-b72d-8dcaa9baa2e1-AppendLogResponseHandler: Failed appendEntries: org.apache.ratis.thirdparty.io.grpc.StatusRuntimeException: UNAVAILABLE: io exception
2019-10-14 13:36:04,839 [grpc-default-executor-4] WARN  server.GrpcLogAppender (LogUtils.java:warn(134)) - 192e12c5-d762-43c7-a534-44a4e83d726f@group-5B0C9F4F55BE->677247a7-29f7-4094-aab0-2aa00681ebef-AppendLogResponseHandler: Failed appendEntries: org.apache.ratis.thirdparty.io.grpc.StatusRuntimeException: UNAVAILABLE: io exception
2019-10-14 13:36:04,839 [grpc-default-executor-8] INFO  impl.FollowerInfo (FollowerInfo.java:lambda$new$0(51)) - 192e12c5-d762-43c7-a534-44a4e83d726f@group-5B0C9F4F55BE->cf8d3001-8af4-4fc5-b72d-8dcaa9baa2e1: nextIndex: updateUnconditionally 1 -> 0
2019-10-14 13:36:04,839 [grpc-default-executor-4] INFO  impl.FollowerInfo (FollowerInfo.java:lambda$new$0(51)) - 192e12c5-d762-43c7-a534-44a4e83d726f@group-5B0C9F4F55BE->677247a7-29f7-4094-aab0-2aa00681ebef: nextIndex: updateUnconditionally 1 -> 0
2019-10-14 13:36:06,129 [grpc-default-executor-8] WARN  server.GrpcLogAppender (LogUtils.java:warn(134)) - 7df77bc0-e3dd-4187-b7ad-dfa30bc702b8@group-DDB366BE461F->b99a251c-4429-4381-bc0b-b1b84baeee8b-AppendLogResponseHandler: Failed appendEntries: org.apache.ratis.thirdparty.io.grpc.StatusRuntimeException: UNAVAILABLE: io exception
2019-10-14 13:36:06,130 [grpc-default-executor-8] INFO  impl.FollowerInfo (FollowerInfo.java:lambda$new$0(51)) - 7df77bc0-e3dd-4187-b7ad-dfa30bc702b8@group-DDB366BE461F->b99a251c-4429-4381-bc0b-b1b84baeee8b: nextIndex: updateUnconditionally 1 -> 0
2019-10-14 13:36:06,868 [EventQueue-StaleNodeForStaleNodeHandler] INFO  node.StaleNodeHandler (StaleNodeHandler.java:onMessage(58)) - Datanode 677247a7-29f7-4094-aab0-2aa00681ebef{ip: 192.168.151.106, host: pr-hdds-2196-2-8n2dq-3116116325, networkLocation: /default-rack, certSerialId: null} moved to stale state. Finalizing its pipelines [PipelineID=12b4c842-78d6-4709-a5e2-ed3e21eeeb09, PipelineID=0384f4a6-6322-44ed-abeb-5b0c9f4f55be]
2019-10-14 13:36:06,868 [EventQueue-StaleNodeForStaleNodeHandler] INFO  pipeline.SCMPipelineManager (SCMPipelineManager.java:finalizeAndDestroyPipeline(315)) - destroying pipeline:Pipeline[ Id: 12b4c842-78d6-4709-a5e2-ed3e21eeeb09, Nodes: 677247a7-29f7-4094-aab0-2aa00681ebef{ip: 192.168.151.106, host: pr-hdds-2196-2-8n2dq-3116116325, networkLocation: /default-rack, certSerialId: null}, Type:RATIS, Factor:ONE, State:OPEN]
2019-10-14 13:36:06,868 [EventQueue-StaleNodeForStaleNodeHandler] INFO  pipeline.PipelineStateManager (PipelineStateManager.java:finalizePipeline(123)) - Pipeline Pipeline[ Id: 12b4c842-78d6-4709-a5e2-ed3e21eeeb09, Nodes: 677247a7-29f7-4094-aab0-2aa00681ebef{ip: 192.168.151.106, host: pr-hdds-2196-2-8n2dq-3116116325, networkLocation: /default-rack, certSerialId: null}, Type:RATIS, Factor:ONE, State:CLOSED] moved to CLOSED state
2019-10-14 13:36:06,869 [EventQueue-StaleNodeForStaleNodeHandler] INFO  pipeline.SCMPipelineManager (SCMPipelineManager.java:finalizeAndDestroyPipeline(315)) - destroying pipeline:Pipeline[ Id: 0384f4a6-6322-44ed-abeb-5b0c9f4f55be, Nodes: cf8d3001-8af4-4fc5-b72d-8dcaa9baa2e1{ip: 192.168.151.106, host: pr-hdds-2196-2-8n2dq-3116116325, networkLocation: /default-rack, certSerialId: null}677247a7-29f7-4094-aab0-2aa00681ebef{ip: 192.168.151.106, host: pr-hdds-2196-2-8n2dq-3116116325, networkLocation: /default-rack, certSerialId: null}192e12c5-d762-43c7-a534-44a4e83d726f{ip: 192.168.151.106, host: pr-hdds-2196-2-8n2dq-3116116325, networkLocation: /default-rack, certSerialId: null}, Type:RATIS, Factor:THREE, State:CLOSED]
]]></system-out>
    <system-err><![CDATA[Oct 14, 2019 1:36:01 PM org.apache.ratis.thirdparty.io.grpc.internal.SerializingExecutor run
SEVERE: Exception while executing runnable org.apache.ratis.thirdparty.io.grpc.internal.ServerImpl$JumpToApplicationThreadServerStreamListener$1Closed@5b186a49
org.apache.ratis.thirdparty.io.grpc.StatusRuntimeException: CANCELLED: call already cancelled
	at org.apache.ratis.thirdparty.io.grpc.Status.asRuntimeException(Status.java:517)
	at org.apache.ratis.thirdparty.io.grpc.stub.ServerCalls$ServerCallStreamObserverImpl.onCompleted(ServerCalls.java:356)
	at org.apache.ratis.grpc.server.GrpcServerProtocolService$ServerRequestStreamObserver.onError(GrpcServerProtocolService.java:121)
	at org.apache.ratis.thirdparty.io.grpc.stub.ServerCalls$StreamingServerCallHandler$StreamingServerCallListener.onCancel(ServerCalls.java:269)
	at org.apache.ratis.thirdparty.io.grpc.internal.ServerCallImpl$ServerStreamListenerImpl.closed(ServerCallImpl.java:293)
	at org.apache.ratis.thirdparty.io.grpc.internal.ServerImpl$JumpToApplicationThreadServerStreamListener$1Closed.runInContext(ServerImpl.java:741)
	at org.apache.ratis.thirdparty.io.grpc.internal.ContextRunnable.run(ContextRunnable.java:37)
	at org.apache.ratis.thirdparty.io.grpc.internal.SerializingExecutor.run(SerializingExecutor.java:123)
	at java.util.concurrent.ThreadPoolExecutor.runWorker(ThreadPoolExecutor.java:1149)
	at java.util.concurrent.ThreadPoolExecutor$Worker.run(ThreadPoolExecutor.java:624)
	at java.lang.Thread.run(Thread.java:748)

]]></system-err>
  </testcase>
</testsuite>