<?xml version="1.0" encoding="UTF-8"?>
<testsuite xmlns:xsi="http://www.w3.org/2001/XMLSchema-instance" xsi:noNamespaceSchemaLocation="https://maven.apache.org/surefire/maven-surefire-plugin/xsd/surefire-test-report.xsd" name="org.apache.hadoop.ozone.client.rpc.TestWatchForCommit" time="250.772" tests="5" errors="1" skipped="0" failures="1">
  <properties>
    <property name="awt.toolkit" value="sun.awt.X11.XToolkit"/>
    <property name="file.encoding.pkg" value="sun.io"/>
    <property name="java.specification.version" value="1.8"/>
    <property name="sun.cpu.isalist" value=""/>
    <property name="sun.jnu.encoding" value="UTF-8"/>
    <property name="java.class.path" value="/workdir/hadoop-ozone/integration-test/target/test-classes:/workdir/hadoop-ozone/integration-test/target/classes:/home/user/.m2/repository/org/apache/hadoop/hadoop-ozone-common/0.5.0-SNAPSHOT/hadoop-ozone-common-0.5.0-SNAPSHOT.jar:/home/user/.m2/repository/org/apache/commons/commons-compress/1.4.1/commons-compress-1.4.1.jar:/home/user/.m2/repository/org/tukaani/xz/1.0/xz-1.0.jar:/home/user/.m2/repository/org/apache/hadoop/hadoop-common/3.2.0/hadoop-common-3.2.0.jar:/home/user/.m2/repository/org/apache/hadoop/hadoop-hdfs/3.2.0/hadoop-hdfs-3.2.0.jar:/home/user/.m2/repository/org/apache/hadoop/hadoop-hdfs-client/3.2.0/hadoop-hdfs-client-3.2.0.jar:/home/user/.m2/repository/com/fasterxml/jackson/core/jackson-annotations/2.9.9/jackson-annotations-2.9.9.jar:/home/user/.m2/repository/org/apache/hadoop/hadoop-hdds-common/0.5.0-SNAPSHOT/hadoop-hdds-common-0.5.0-SNAPSHOT.jar:/home/user/.m2/repository/javax/annotation/javax.annotation-api/1.2/javax.annotation-api-1.2.jar:/home/user/.m2/repository/org/apache/ratis/ratis-server/0.5.0-201fc85-SNAPSHOT/ratis-server-0.5.0-201fc85-SNAPSHOT.jar:/home/user/.m2/repository/org/apache/ratis/ratis-thirdparty-misc/0.2.0/ratis-thirdparty-misc-0.2.0.jar:/home/user/.m2/repository/org/apache/ratis/ratis-proto/0.5.0-201fc85-SNAPSHOT/ratis-proto-0.5.0-201fc85-SNAPSHOT.jar:/home/user/.m2/repository/org/apache/ratis/ratis-common/0.5.0-201fc85-SNAPSHOT/ratis-common-0.5.0-201fc85-SNAPSHOT.jar:/home/user/.m2/repository/org/apache/ratis/ratis-client/0.5.0-201fc85-SNAPSHOT/ratis-client-0.5.0-201fc85-SNAPSHOT.jar:/home/user/.m2/repository/org/apache/ratis/ratis-metrics/0.5.0-201fc85-SNAPSHOT/ratis-metrics-0.5.0-201fc85-SNAPSHOT.jar:/home/user/.m2/repository/com/github/joshelser/dropwizard-metrics-hadoop-metrics2-reporter/0.1.2/dropwizard-metrics-hadoop-metrics2-reporter-0.1.2.jar:/home/user/.m2/repository/io/dropwizard/metrics/metrics-jvm/3.2.5/metrics-jvm-3.2.5.jar:/home/user/.m2/repository/io/dropwizard/metrics/metrics-ganglia/3.2.5/metrics-ganglia-3.2.5.jar:/home/user/.m2/repository/info/ganglia/gmetric4j/gmetric4j/1.0.7/gmetric4j-1.0.7.jar:/home/user/.m2/repository/org/apache/ratis/ratis-netty/0.5.0-201fc85-SNAPSHOT/ratis-netty-0.5.0-201fc85-SNAPSHOT.jar:/home/user/.m2/repository/org/apache/ratis/ratis-grpc/0.5.0-201fc85-SNAPSHOT/ratis-grpc-0.5.0-201fc85-SNAPSHOT.jar:/home/user/.m2/repository/org/rocksdb/rocksdbjni/6.0.1/rocksdbjni-6.0.1.jar:/home/user/.m2/repository/org/apache/logging/log4j/log4j-api/2.11.0/log4j-api-2.11.0.jar:/home/user/.m2/repository/org/apache/logging/log4j/log4j-core/2.11.0/log4j-core-2.11.0.jar:/home/user/.m2/repository/com/lmax/disruptor/3.4.2/disruptor-3.4.2.jar:/home/user/.m2/repository/org/apache/commons/commons-pool2/2.6.0/commons-pool2-2.6.0.jar:/home/user/.m2/repository/org/bouncycastle/bcpkix-jdk15on/1.60/bcpkix-jdk15on-1.60.jar:/home/user/.m2/repository/commons-validator/commons-validator/1.6/commons-validator-1.6.jar:/home/user/.m2/repository/commons-digester/commons-digester/1.8.1/commons-digester-1.8.1.jar:/home/user/.m2/repository/io/jaegertracing/jaeger-client/0.34.0/jaeger-client-0.34.0.jar:/home/user/.m2/repository/io/jaegertracing/jaeger-thrift/0.34.0/jaeger-thrift-0.34.0.jar:/home/user/.m2/repository/org/apache/thrift/libthrift/0.12.0/libthrift-0.12.0.jar:/home/user/.m2/repository/com/squareup/okhttp3/okhttp/3.9.0/okhttp-3.9.0.jar:/home/user/.m2/repository/com/squareup/okio/okio/1.13.0/okio-1.13.0.jar:/home/user/.m2/repository/io/jaegertracing/jaeger-core/0.34.0/jaeger-core-0.34.0.jar:/home/user/.m2/repository/io/jaegertracing/jaeger-tracerresolver/0.34.0/jaeger-tracerresolver-0.34.0.jar:/home/user/.m2/repository/io/opentracing/contrib/opentracing-tracerresolver/0.1.5/opentracing-tracerresolver-0.1.5.jar:/home/user/.m2/repository/io/opentracing/opentracing-util/0.31.0/opentracing-util-0.31.0.jar:/home/user/.m2/repository/io/opentracing/opentracing-api/0.31.0/opentracing-api-0.31.0.jar:/home/user/.m2/repository/io/opentracing/opentracing-noop/0.31.0/opentracing-noop-0.31.0.jar:/home/user/.m2/repository/org/apache/hadoop/hadoop-hdds-server-framework/0.5.0-SNAPSHOT/hadoop-hdds-server-framework-0.5.0-SNAPSHOT.jar:/home/user/.m2/repository/org/apache/hadoop/hadoop-hdds-container-service/0.5.0-SNAPSHOT/hadoop-hdds-container-service-0.5.0-SNAPSHOT.jar:/home/user/.m2/repository/org/apache/hadoop/hadoop-hdds-client/0.5.0-SNAPSHOT/hadoop-hdds-client-0.5.0-SNAPSHOT.jar:/home/user/.m2/repository/org/apache/hadoop/hadoop-hdds-tools/0.5.0-SNAPSHOT/hadoop-hdds-tools-0.5.0-SNAPSHOT.jar:/home/user/.m2/repository/org/apache/hadoop/hadoop-hdds-server-scm/0.5.0-SNAPSHOT/hadoop-hdds-server-scm-0.5.0-SNAPSHOT.jar:/home/user/.m2/repository/org/apache/hadoop/hadoop-hdds-docs/0.5.0-SNAPSHOT/hadoop-hdds-docs-0.5.0-SNAPSHOT.jar:/home/user/.m2/repository/io/dropwizard/metrics/metrics-core/3.2.4/metrics-core-3.2.4.jar:/home/user/.m2/repository/org/hamcrest/hamcrest-all/1.3/hamcrest-all-1.3.jar:/home/user/.m2/repository/org/bouncycastle/bcprov-jdk15on/1.60/bcprov-jdk15on-1.60.jar:/home/user/.m2/repository/info/picocli/picocli/3.9.6/picocli-3.9.6.jar:/home/user/.m2/repository/com/google/protobuf/protobuf-java/2.5.0/protobuf-java-2.5.0.jar:/home/user/.m2/repository/com/google/guava/guava/11.0.2/guava-11.0.2.jar:/home/user/.m2/repository/org/apache/hadoop/hadoop-ozone-ozone-manager/0.5.0-SNAPSHOT/hadoop-ozone-ozone-manager-0.5.0-SNAPSHOT.jar:/home/user/.m2/repository/org/apache/hadoop/hadoop-minikdc/3.2.0/hadoop-minikdc-3.2.0.jar:/home/user/.m2/repository/commons-io/commons-io/2.5/commons-io-2.5.jar:/home/user/.m2/repository/org/apache/kerby/kerb-simplekdc/1.0.1/kerb-simplekdc-1.0.1.jar:/home/user/.m2/repository/org/apache/kerby/kerb-client/1.0.1/kerb-client-1.0.1.jar:/home/user/.m2/repository/org/apache/kerby/kerby-config/1.0.1/kerby-config-1.0.1.jar:/home/user/.m2/repository/org/apache/kerby/kerb-core/1.0.1/kerb-core-1.0.1.jar:/home/user/.m2/repository/org/apache/kerby/kerby-pkix/1.0.1/kerby-pkix-1.0.1.jar:/home/user/.m2/repository/org/apache/kerby/kerby-asn1/1.0.1/kerby-asn1-1.0.1.jar:/home/user/.m2/repository/org/apache/kerby/kerby-util/1.0.1/kerby-util-1.0.1.jar:/home/user/.m2/repository/org/apache/kerby/kerb-common/1.0.1/kerb-common-1.0.1.jar:/home/user/.m2/repository/org/apache/kerby/kerb-crypto/1.0.1/kerb-crypto-1.0.1.jar:/home/user/.m2/repository/org/apache/kerby/kerb-util/1.0.1/kerb-util-1.0.1.jar:/home/user/.m2/repository/org/apache/kerby/token-provider/1.0.1/token-provider-1.0.1.jar:/home/user/.m2/repository/org/apache/kerby/kerb-admin/1.0.1/kerb-admin-1.0.1.jar:/home/user/.m2/repository/org/apache/kerby/kerb-server/1.0.1/kerb-server-1.0.1.jar:/home/user/.m2/repository/org/apache/kerby/kerb-identity/1.0.1/kerb-identity-1.0.1.jar:/home/user/.m2/repository/org/apache/kerby/kerby-xdr/1.0.1/kerby-xdr-1.0.1.jar:/home/user/.m2/repository/org/slf4j/slf4j-log4j12/1.7.25/slf4j-log4j12-1.7.25.jar:/home/user/.m2/repository/org/apache/hadoop/hadoop-ozone-s3gateway/0.5.0-SNAPSHOT/hadoop-ozone-s3gateway-0.5.0-SNAPSHOT.jar:/home/user/.m2/repository/org/jboss/weld/servlet/weld-servlet/2.4.7.Final/weld-servlet-2.4.7.Final.jar:/home/user/.m2/repository/org/glassfish/jersey/containers/jersey-container-servlet-core/2.27/jersey-container-servlet-core-2.27.jar:/home/user/.m2/repository/org/glassfish/hk2/external/javax.inject/2.5.0-b42/javax.inject-2.5.0-b42.jar:/home/user/.m2/repository/org/glassfish/jersey/core/jersey-common/2.27/jersey-common-2.27.jar:/home/user/.m2/repository/org/glassfish/hk2/osgi-resource-locator/1.0.1/osgi-resource-locator-1.0.1.jar:/home/user/.m2/repository/javax/ws/rs/javax.ws.rs-api/2.1/javax.ws.rs-api-2.1.jar:/home/user/.m2/repository/org/glassfish/jersey/ext/cdi/jersey-cdi1x/2.27/jersey-cdi1x-2.27.jar:/home/user/.m2/repository/org/glassfish/jersey/inject/jersey-hk2/2.27/jersey-hk2-2.27.jar:/home/user/.m2/repository/org/glassfish/hk2/hk2-locator/2.5.0-b42/hk2-locator-2.5.0-b42.jar:/home/user/.m2/repository/org/javassist/javassist/3.22.0-CR2/javassist-3.22.0-CR2.jar:/home/user/.m2/repository/org/glassfish/hk2/hk2-api/2.5.0/hk2-api-2.5.0.jar:/home/user/.m2/repository/org/glassfish/hk2/external/jakarta.inject/2.5.0/jakarta.inject-2.5.0.jar:/home/user/.m2/repository/org/glassfish/hk2/hk2-utils/2.5.0/hk2-utils-2.5.0.jar:/home/user/.m2/repository/jakarta/annotation/jakarta.annotation-api/1.3.4/jakarta.annotation-api-1.3.4.jar:/home/user/.m2/repository/org/glassfish/hk2/external/aopalliance-repackaged/2.5.0/aopalliance-repackaged-2.5.0.jar:/home/user/.m2/repository/com/fasterxml/jackson/dataformat/jackson-dataformat-xml/2.9.0/jackson-dataformat-xml-2.9.0.jar:/home/user/.m2/repository/com/fasterxml/jackson/core/jackson-core/2.9.9/jackson-core-2.9.9.jar:/home/user/.m2/repository/com/fasterxml/jackson/module/jackson-module-jaxb-annotations/2.9.9/jackson-module-jaxb-annotations-2.9.9.jar:/home/user/.m2/repository/javax/enterprise/cdi-api/1.2/cdi-api-1.2.jar:/home/user/.m2/repository/javax/el/javax.el-api/3.0.0/javax.el-api-3.0.0.jar:/home/user/.m2/repository/javax/interceptor/javax.interceptor-api/1.2/javax.interceptor-api-1.2.jar:/home/user/.m2/repository/javax/inject/javax.inject/1/javax.inject-1.jar:/home/user/.m2/repository/com/sun/xml/bind/jaxb-impl/2.3.0.1/jaxb-impl-2.3.0.1.jar:/home/user/.m2/repository/com/sun/xml/bind/jaxb-core/2.3.0.1/jaxb-core-2.3.0.1.jar:/home/user/.m2/repository/javax/xml/bind/jaxb-api/2.3.0/jaxb-api-2.3.0.jar:/home/user/.m2/repository/javax/activation/activation/1.1.1/activation-1.1.1.jar:/home/user/.m2/repository/org/apache/hadoop/hadoop-ozone-csi/0.5.0-SNAPSHOT/hadoop-ozone-csi-0.5.0-SNAPSHOT.jar:/home/user/.m2/repository/com/google/protobuf/protobuf-java-util/3.5.1/protobuf-java-util-3.5.1.jar:/home/user/.m2/repository/org/apache/hadoop/hadoop-hdds-config/0.5.0-SNAPSHOT/hadoop-hdds-config-0.5.0-SNAPSHOT.jar:/home/user/.m2/repository/io/grpc/grpc-netty/1.17.1/grpc-netty-1.17.1.jar:/home/user/.m2/repository/io/grpc/grpc-core/1.17.1/grpc-core-1.17.1.jar:/home/user/.m2/repository/io/grpc/grpc-context/1.17.1/grpc-context-1.17.1.jar:/home/user/.m2/repository/com/google/errorprone/error_prone_annotations/2.2.0/error_prone_annotations-2.2.0.jar:/home/user/.m2/repository/org/codehaus/mojo/animal-sniffer-annotations/1.17/animal-sniffer-annotations-1.17.jar:/home/user/.m2/repository/io/opencensus/opencensus-api/0.17.0/opencensus-api-0.17.0.jar:/home/user/.m2/repository/io/opencensus/opencensus-contrib-grpc-metrics/0.17.0/opencensus-contrib-grpc-metrics-0.17.0.jar:/home/user/.m2/repository/io/netty/netty-codec-http2/4.1.30.Final/netty-codec-http2-4.1.30.Final.jar:/home/user/.m2/repository/io/netty/netty-codec-http/4.1.30.Final/netty-codec-http-4.1.30.Final.jar:/home/user/.m2/repository/io/netty/netty-codec/4.1.30.Final/netty-codec-4.1.30.Final.jar:/home/user/.m2/repository/io/netty/netty-handler/4.1.30.Final/netty-handler-4.1.30.Final.jar:/home/user/.m2/repository/io/netty/netty-handler-proxy/4.1.30.Final/netty-handler-proxy-4.1.30.Final.jar:/home/user/.m2/repository/io/netty/netty-codec-socks/4.1.30.Final/netty-codec-socks-4.1.30.Final.jar:/home/user/.m2/repository/io/netty/netty-transport-native-epoll/4.1.30.Final/netty-transport-native-epoll-4.1.30.Final.jar:/home/user/.m2/repository/io/netty/netty-common/4.1.30.Final/netty-common-4.1.30.Final.jar:/home/user/.m2/repository/io/netty/netty-buffer/4.1.30.Final/netty-buffer-4.1.30.Final.jar:/home/user/.m2/repository/io/netty/netty-transport/4.1.30.Final/netty-transport-4.1.30.Final.jar:/home/user/.m2/repository/io/netty/netty-resolver/4.1.30.Final/netty-resolver-4.1.30.Final.jar:/home/user/.m2/repository/io/netty/netty-transport-native-unix-common/4.1.30.Final/netty-transport-native-unix-common-4.1.30.Final.jar:/home/user/.m2/repository/io/grpc/grpc-protobuf/1.17.1/grpc-protobuf-1.17.1.jar:/home/user/.m2/repository/com/google/api/grpc/proto-google-common-protos/1.0.0/proto-google-common-protos-1.0.0.jar:/home/user/.m2/repository/io/grpc/grpc-protobuf-lite/1.17.1/grpc-protobuf-lite-1.17.1.jar:/home/user/.m2/repository/io/grpc/grpc-stub/1.17.1/grpc-stub-1.17.1.jar:/home/user/.m2/repository/org/apache/hadoop/hadoop-ozone-recon/0.5.0-SNAPSHOT/hadoop-ozone-recon-0.5.0-SNAPSHOT.jar:/home/user/.m2/repository/org/apache/hadoop/hadoop-ozone-reconcodegen/0.5.0-SNAPSHOT/hadoop-ozone-reconcodegen-0.5.0-SNAPSHOT.jar:/home/user/.m2/repository/com/google/inject/extensions/guice-multibindings/4.0/guice-multibindings-4.0.jar:/home/user/.m2/repository/com/google/inject/guice/4.0/guice-4.0.jar:/home/user/.m2/repository/aopalliance/aopalliance/1.0/aopalliance-1.0.jar:/home/user/.m2/repository/com/google/inject/extensions/guice-servlet/4.0/guice-servlet-4.0.jar:/home/user/.m2/repository/org/glassfish/jersey/containers/jersey-container-servlet/2.27/jersey-container-servlet-2.27.jar:/home/user/.m2/repository/org/glassfish/hk2/guice-bridge/2.5.0/guice-bridge-2.5.0.jar:/home/user/.m2/repository/org/glassfish/jersey/core/jersey-server/2.27/jersey-server-2.27.jar:/home/user/.m2/repository/org/glassfish/jersey/core/jersey-client/2.27/jersey-client-2.27.jar:/home/user/.m2/repository/org/glassfish/jersey/media/jersey-media-jaxb/2.27/jersey-media-jaxb-2.27.jar:/home/user/.m2/repository/javax/validation/validation-api/1.1.0.Final/validation-api-1.1.0.Final.jar:/home/user/.m2/repository/org/glassfish/jersey/media/jersey-media-json-jackson/2.27/jersey-media-json-jackson-2.27.jar:/home/user/.m2/repository/org/glassfish/jersey/ext/jersey-entity-filtering/2.27/jersey-entity-filtering-2.27.jar:/home/user/.m2/repository/com/google/inject/extensions/guice-assistedinject/4.0/guice-assistedinject-4.0.jar:/home/user/.m2/repository/org/jooq/jooq/3.11.10/jooq-3.11.10.jar:/home/user/.m2/repository/org/jooq/jooq-meta/3.11.10/jooq-meta-3.11.10.jar:/home/user/.m2/repository/org/jooq/jooq-codegen/3.11.10/jooq-codegen-3.11.10.jar:/home/user/.m2/repository/com/jolbox/bonecp/0.8.0.RELEASE/bonecp-0.8.0.RELEASE.jar:/home/user/.m2/repository/org/xerial/sqlite-jdbc/3.25.2/sqlite-jdbc-3.25.2.jar:/home/user/.m2/repository/org/springframework/spring-jdbc/5.1.3.RELEASE/spring-jdbc-5.1.3.RELEASE.jar:/home/user/.m2/repository/org/springframework/spring-beans/5.1.3.RELEASE/spring-beans-5.1.3.RELEASE.jar:/home/user/.m2/repository/org/springframework/spring-core/5.1.3.RELEASE/spring-core-5.1.3.RELEASE.jar:/home/user/.m2/repository/org/springframework/spring-jcl/5.1.3.RELEASE/spring-jcl-5.1.3.RELEASE.jar:/home/user/.m2/repository/org/springframework/spring-tx/5.1.3.RELEASE/spring-tx-5.1.3.RELEASE.jar:/home/user/.m2/repository/org/apache/hadoop/hadoop-ozone-client/0.5.0-SNAPSHOT/hadoop-ozone-client-0.5.0-SNAPSHOT.jar:/home/user/.m2/repository/commons-lang/commons-lang/2.6/commons-lang-2.6.jar:/home/user/.m2/repository/org/apache/hadoop/hadoop-ozone-ozone-manager/0.5.0-SNAPSHOT/hadoop-ozone-ozone-manager-0.5.0-SNAPSHOT-tests.jar:/home/user/.m2/repository/junit/junit/4.11/junit-4.11.jar:/home/user/.m2/repository/org/hamcrest/hamcrest-core/1.3/hamcrest-core-1.3.jar:/home/user/.m2/repository/org/openjdk/jmh/jmh-core/1.19/jmh-core-1.19.jar:/home/user/.m2/repository/net/sf/jopt-simple/jopt-simple/4.6/jopt-simple-4.6.jar:/home/user/.m2/repository/org/apache/commons/commons-math3/3.1.1/commons-math3-3.1.1.jar:/home/user/.m2/repository/org/openjdk/jmh/jmh-generator-annprocess/1.19/jmh-generator-annprocess-1.19.jar:/home/user/.m2/repository/org/mockito/mockito-all/1.8.5/mockito-all-1.8.5.jar:/home/user/.m2/repository/org/apache/hadoop/hadoop-kms/3.2.0/hadoop-kms-3.2.0.jar:/home/user/.m2/repository/org/apache/hadoop/hadoop-auth/3.2.0/hadoop-auth-3.2.0.jar:/home/user/.m2/repository/com/nimbusds/nimbus-jose-jwt/4.41.1/nimbus-jose-jwt-4.41.1.jar:/home/user/.m2/repository/com/github/stephenc/jcip/jcip-annotations/1.0-1/jcip-annotations-1.0-1.jar:/home/user/.m2/repository/net/minidev/json-smart/2.3/json-smart-2.3.jar:/home/user/.m2/repository/net/minidev/accessors-smart/1.2/accessors-smart-1.2.jar:/home/user/.m2/repository/org/ow2/asm/asm/5.0.4/asm-5.0.4.jar:/home/user/.m2/repository/org/apache/curator/curator-framework/2.12.0/curator-framework-2.12.0.jar:/home/user/.m2/repository/com/sun/jersey/jersey-core/1.19/jersey-core-1.19.jar:/home/user/.m2/repository/javax/ws/rs/jsr311-api/1.1.1/jsr311-api-1.1.1.jar:/home/user/.m2/repository/com/sun/jersey/jersey-server/1.19/jersey-server-1.19.jar:/home/user/.m2/repository/javax/servlet/javax.servlet-api/3.1.0/javax.servlet-api-3.1.0.jar:/home/user/.m2/repository/org/eclipse/jetty/jetty-server/9.3.25.v20180904/jetty-server-9.3.25.v20180904.jar:/home/user/.m2/repository/org/eclipse/jetty/jetty-http/9.3.25.v20180904/jetty-http-9.3.25.v20180904.jar:/home/user/.m2/repository/org/eclipse/jetty/jetty-io/9.3.25.v20180904/jetty-io-9.3.25.v20180904.jar:/home/user/.m2/repository/org/eclipse/jetty/jetty-webapp/9.3.25.v20180904/jetty-webapp-9.3.25.v20180904.jar:/home/user/.m2/repository/org/eclipse/jetty/jetty-xml/9.3.25.v20180904/jetty-xml-9.3.25.v20180904.jar:/home/user/.m2/repository/log4j/log4j/1.2.17/log4j-1.2.17.jar:/home/user/.m2/repository/org/slf4j/slf4j-api/1.7.25/slf4j-api-1.7.25.jar:/home/user/.m2/repository/org/slf4j/jul-to-slf4j/1.7.25/jul-to-slf4j-1.7.25.jar:/home/user/.m2/repository/org/eclipse/jetty/jetty-util/9.3.25.v20180904/jetty-util-9.3.25.v20180904.jar:/home/user/.m2/repository/com/fasterxml/jackson/core/jackson-databind/2.9.9/jackson-databind-2.9.9.jar:/home/user/.m2/repository/org/apache/hadoop/hadoop-kms/3.2.0/hadoop-kms-3.2.0-tests.jar:/home/user/.m2/repository/org/apache/hadoop/hadoop-hdds-server-scm/0.5.0-SNAPSHOT/hadoop-hdds-server-scm-0.5.0-SNAPSHOT-tests.jar:/home/user/.m2/repository/org/apache/hadoop/hadoop-hdds-container-service/0.5.0-SNAPSHOT/hadoop-hdds-container-service-0.5.0-SNAPSHOT-tests.jar:/home/user/.m2/repository/org/yaml/snakeyaml/1.16/snakeyaml-1.16.jar:/home/user/.m2/repository/org/apache/hadoop/hadoop-common/3.2.0/hadoop-common-3.2.0-tests.jar:/home/user/.m2/repository/org/apache/hadoop/hadoop-annotations/3.2.0/hadoop-annotations-3.2.0.jar:/usr/lib/jvm/java-1.8-openjdk/jre/../lib/tools.jar:/home/user/.m2/repository/commons-cli/commons-cli/1.2/commons-cli-1.2.jar:/home/user/.m2/repository/org/apache/httpcomponents/httpclient/4.5.2/httpclient-4.5.2.jar:/home/user/.m2/repository/org/apache/httpcomponents/httpcore/4.4.4/httpcore-4.4.4.jar:/home/user/.m2/repository/commons-codec/commons-codec/1.11/commons-codec-1.11.jar:/home/user/.m2/repository/commons-net/commons-net/3.6/commons-net-3.6.jar:/home/user/.m2/repository/commons-collections/commons-collections/3.2.2/commons-collections-3.2.2.jar:/home/user/.m2/repository/org/eclipse/jetty/jetty-servlet/9.3.25.v20180904/jetty-servlet-9.3.25.v20180904.jar:/home/user/.m2/repository/org/eclipse/jetty/jetty-security/9.3.25.v20180904/jetty-security-9.3.25.v20180904.jar:/home/user/.m2/repository/javax/servlet/jsp/jsp-api/2.1/jsp-api-2.1.jar:/home/user/.m2/repository/com/sun/jersey/jersey-servlet/1.19/jersey-servlet-1.19.jar:/home/user/.m2/repository/com/sun/jersey/jersey-json/1.19/jersey-json-1.19.jar:/home/user/.m2/repository/org/codehaus/jettison/jettison/1.1/jettison-1.1.jar:/home/user/.m2/repository/org/codehaus/jackson/jackson-core-asl/1.9.13/jackson-core-asl-1.9.13.jar:/home/user/.m2/repository/org/codehaus/jackson/jackson-mapper-asl/1.9.13/jackson-mapper-asl-1.9.13.jar:/home/user/.m2/repository/org/codehaus/jackson/jackson-jaxrs/1.9.13/jackson-jaxrs-1.9.13.jar:/home/user/.m2/repository/org/codehaus/jackson/jackson-xc/1.9.13/jackson-xc-1.9.13.jar:/home/user/.m2/repository/commons-logging/commons-logging/1.1.3/commons-logging-1.1.3.jar:/home/user/.m2/repository/commons-beanutils/commons-beanutils/1.9.4/commons-beanutils-1.9.4.jar:/home/user/.m2/repository/org/apache/commons/commons-configuration2/2.1.1/commons-configuration2-2.1.1.jar:/home/user/.m2/repository/org/apache/commons/commons-lang3/3.7/commons-lang3-3.7.jar:/home/user/.m2/repository/org/apache/commons/commons-text/1.4/commons-text-1.4.jar:/home/user/.m2/repository/org/apache/avro/avro/1.7.7/avro-1.7.7.jar:/home/user/.m2/repository/com/thoughtworks/paranamer/paranamer/2.3/paranamer-2.3.jar:/home/user/.m2/repository/org/xerial/snappy/snappy-java/1.0.5/snappy-java-1.0.5.jar:/home/user/.m2/repository/com/google/re2j/re2j/1.1/re2j-1.1.jar:/home/user/.m2/repository/com/google/code/gson/gson/2.2.4/gson-2.2.4.jar:/home/user/.m2/repository/com/jcraft/jsch/0.1.54/jsch-0.1.54.jar:/home/user/.m2/repository/org/apache/curator/curator-client/2.12.0/curator-client-2.12.0.jar:/home/user/.m2/repository/org/apache/curator/curator-recipes/2.12.0/curator-recipes-2.12.0.jar:/home/user/.m2/repository/com/google/code/findbugs/jsr305/3.0.0/jsr305-3.0.0.jar:/home/user/.m2/repository/org/apache/htrace/htrace-core4/4.1.0-incubating/htrace-core4-4.1.0-incubating.jar:/home/user/.m2/repository/org/apache/zookeeper/zookeeper/3.4.13/zookeeper-3.4.13.jar:/home/user/.m2/repository/jline/jline/0.9.94/jline-0.9.94.jar:/home/user/.m2/repository/org/apache/yetus/audience-annotations/0.5.0/audience-annotations-0.5.0.jar:/home/user/.m2/repository/org/codehaus/woodstox/stax2-api/3.1.4/stax2-api-3.1.4.jar:/home/user/.m2/repository/com/fasterxml/woodstox/woodstox-core/5.0.3/woodstox-core-5.0.3.jar:/home/user/.m2/repository/dnsjava/dnsjava/2.1.7/dnsjava-2.1.7.jar:/home/user/.m2/repository/org/apache/hadoop/hadoop-hdfs/3.2.0/hadoop-hdfs-3.2.0-tests.jar:/home/user/.m2/repository/org/eclipse/jetty/jetty-util-ajax/9.3.25.v20180904/jetty-util-ajax-9.3.25.v20180904.jar:/home/user/.m2/repository/commons-daemon/commons-daemon/1.0.13/commons-daemon-1.0.13.jar:/home/user/.m2/repository/io/netty/netty/3.10.5.Final/netty-3.10.5.Final.jar:/home/user/.m2/repository/io/netty/netty-all/4.0.52.Final/netty-all-4.0.52.Final.jar:/home/user/.m2/repository/org/fusesource/leveldbjni/leveldbjni-all/1.8/leveldbjni-all-1.8.jar:"/>
    <property name="java.vm.vendor" value="IcedTea"/>
    <property name="sun.arch.data.model" value="64"/>
    <property name="test.build.dir" value="/workdir/hadoop-ozone/integration-test/target/test-dir"/>
    <property name="test.cache.data" value=""/>
    <property name="java.vendor.url" value="https://icedtea.classpath.org"/>
    <property name="user.timezone" value=""/>
    <property name="java.vm.specification.version" value="1.8"/>
    <property name="os.name" value="Linux"/>
    <property name="test.build.data" value="/workdir/hadoop-ozone/integration-test/target/test-dir"/>
    <property name="user.country" value="US"/>
    <property name="sun.java.launcher" value="SUN_STANDARD"/>
    <property name="sun.boot.library.path" value="/usr/lib/jvm/java-1.8-openjdk/jre/lib/amd64"/>
    <property name="sun.java.command" value="/workdir/hadoop-ozone/integration-test/target/surefire/surefirebooter5362998835080351114.jar /workdir/hadoop-ozone/integration-test/target/surefire 2019-10-01T06-16-15_034-jvmRun1 surefire5609056191363660682tmp surefire_617586505307855688553tmp"/>
    <property name="test" value="!TestMiniChaosOzoneCluster"/>
    <property name="surefire.test.class.path" value="/workdir/hadoop-ozone/integration-test/target/test-classes:/workdir/hadoop-ozone/integration-test/target/classes:/home/user/.m2/repository/org/apache/hadoop/hadoop-ozone-common/0.5.0-SNAPSHOT/hadoop-ozone-common-0.5.0-SNAPSHOT.jar:/home/user/.m2/repository/org/apache/commons/commons-compress/1.4.1/commons-compress-1.4.1.jar:/home/user/.m2/repository/org/tukaani/xz/1.0/xz-1.0.jar:/home/user/.m2/repository/org/apache/hadoop/hadoop-common/3.2.0/hadoop-common-3.2.0.jar:/home/user/.m2/repository/org/apache/hadoop/hadoop-hdfs/3.2.0/hadoop-hdfs-3.2.0.jar:/home/user/.m2/repository/org/apache/hadoop/hadoop-hdfs-client/3.2.0/hadoop-hdfs-client-3.2.0.jar:/home/user/.m2/repository/com/fasterxml/jackson/core/jackson-annotations/2.9.9/jackson-annotations-2.9.9.jar:/home/user/.m2/repository/org/apache/hadoop/hadoop-hdds-common/0.5.0-SNAPSHOT/hadoop-hdds-common-0.5.0-SNAPSHOT.jar:/home/user/.m2/repository/javax/annotation/javax.annotation-api/1.2/javax.annotation-api-1.2.jar:/home/user/.m2/repository/org/apache/ratis/ratis-server/0.5.0-201fc85-SNAPSHOT/ratis-server-0.5.0-201fc85-SNAPSHOT.jar:/home/user/.m2/repository/org/apache/ratis/ratis-thirdparty-misc/0.2.0/ratis-thirdparty-misc-0.2.0.jar:/home/user/.m2/repository/org/apache/ratis/ratis-proto/0.5.0-201fc85-SNAPSHOT/ratis-proto-0.5.0-201fc85-SNAPSHOT.jar:/home/user/.m2/repository/org/apache/ratis/ratis-common/0.5.0-201fc85-SNAPSHOT/ratis-common-0.5.0-201fc85-SNAPSHOT.jar:/home/user/.m2/repository/org/apache/ratis/ratis-client/0.5.0-201fc85-SNAPSHOT/ratis-client-0.5.0-201fc85-SNAPSHOT.jar:/home/user/.m2/repository/org/apache/ratis/ratis-metrics/0.5.0-201fc85-SNAPSHOT/ratis-metrics-0.5.0-201fc85-SNAPSHOT.jar:/home/user/.m2/repository/com/github/joshelser/dropwizard-metrics-hadoop-metrics2-reporter/0.1.2/dropwizard-metrics-hadoop-metrics2-reporter-0.1.2.jar:/home/user/.m2/repository/io/dropwizard/metrics/metrics-jvm/3.2.5/metrics-jvm-3.2.5.jar:/home/user/.m2/repository/io/dropwizard/metrics/metrics-ganglia/3.2.5/metrics-ganglia-3.2.5.jar:/home/user/.m2/repository/info/ganglia/gmetric4j/gmetric4j/1.0.7/gmetric4j-1.0.7.jar:/home/user/.m2/repository/org/apache/ratis/ratis-netty/0.5.0-201fc85-SNAPSHOT/ratis-netty-0.5.0-201fc85-SNAPSHOT.jar:/home/user/.m2/repository/org/apache/ratis/ratis-grpc/0.5.0-201fc85-SNAPSHOT/ratis-grpc-0.5.0-201fc85-SNAPSHOT.jar:/home/user/.m2/repository/org/rocksdb/rocksdbjni/6.0.1/rocksdbjni-6.0.1.jar:/home/user/.m2/repository/org/apache/logging/log4j/log4j-api/2.11.0/log4j-api-2.11.0.jar:/home/user/.m2/repository/org/apache/logging/log4j/log4j-core/2.11.0/log4j-core-2.11.0.jar:/home/user/.m2/repository/com/lmax/disruptor/3.4.2/disruptor-3.4.2.jar:/home/user/.m2/repository/org/apache/commons/commons-pool2/2.6.0/commons-pool2-2.6.0.jar:/home/user/.m2/repository/org/bouncycastle/bcpkix-jdk15on/1.60/bcpkix-jdk15on-1.60.jar:/home/user/.m2/repository/commons-validator/commons-validator/1.6/commons-validator-1.6.jar:/home/user/.m2/repository/commons-digester/commons-digester/1.8.1/commons-digester-1.8.1.jar:/home/user/.m2/repository/io/jaegertracing/jaeger-client/0.34.0/jaeger-client-0.34.0.jar:/home/user/.m2/repository/io/jaegertracing/jaeger-thrift/0.34.0/jaeger-thrift-0.34.0.jar:/home/user/.m2/repository/org/apache/thrift/libthrift/0.12.0/libthrift-0.12.0.jar:/home/user/.m2/repository/com/squareup/okhttp3/okhttp/3.9.0/okhttp-3.9.0.jar:/home/user/.m2/repository/com/squareup/okio/okio/1.13.0/okio-1.13.0.jar:/home/user/.m2/repository/io/jaegertracing/jaeger-core/0.34.0/jaeger-core-0.34.0.jar:/home/user/.m2/repository/io/jaegertracing/jaeger-tracerresolver/0.34.0/jaeger-tracerresolver-0.34.0.jar:/home/user/.m2/repository/io/opentracing/contrib/opentracing-tracerresolver/0.1.5/opentracing-tracerresolver-0.1.5.jar:/home/user/.m2/repository/io/opentracing/opentracing-util/0.31.0/opentracing-util-0.31.0.jar:/home/user/.m2/repository/io/opentracing/opentracing-api/0.31.0/opentracing-api-0.31.0.jar:/home/user/.m2/repository/io/opentracing/opentracing-noop/0.31.0/opentracing-noop-0.31.0.jar:/home/user/.m2/repository/org/apache/hadoop/hadoop-hdds-server-framework/0.5.0-SNAPSHOT/hadoop-hdds-server-framework-0.5.0-SNAPSHOT.jar:/home/user/.m2/repository/org/apache/hadoop/hadoop-hdds-container-service/0.5.0-SNAPSHOT/hadoop-hdds-container-service-0.5.0-SNAPSHOT.jar:/home/user/.m2/repository/org/apache/hadoop/hadoop-hdds-client/0.5.0-SNAPSHOT/hadoop-hdds-client-0.5.0-SNAPSHOT.jar:/home/user/.m2/repository/org/apache/hadoop/hadoop-hdds-tools/0.5.0-SNAPSHOT/hadoop-hdds-tools-0.5.0-SNAPSHOT.jar:/home/user/.m2/repository/org/apache/hadoop/hadoop-hdds-server-scm/0.5.0-SNAPSHOT/hadoop-hdds-server-scm-0.5.0-SNAPSHOT.jar:/home/user/.m2/repository/org/apache/hadoop/hadoop-hdds-docs/0.5.0-SNAPSHOT/hadoop-hdds-docs-0.5.0-SNAPSHOT.jar:/home/user/.m2/repository/io/dropwizard/metrics/metrics-core/3.2.4/metrics-core-3.2.4.jar:/home/user/.m2/repository/org/hamcrest/hamcrest-all/1.3/hamcrest-all-1.3.jar:/home/user/.m2/repository/org/bouncycastle/bcprov-jdk15on/1.60/bcprov-jdk15on-1.60.jar:/home/user/.m2/repository/info/picocli/picocli/3.9.6/picocli-3.9.6.jar:/home/user/.m2/repository/com/google/protobuf/protobuf-java/2.5.0/protobuf-java-2.5.0.jar:/home/user/.m2/repository/com/google/guava/guava/11.0.2/guava-11.0.2.jar:/home/user/.m2/repository/org/apache/hadoop/hadoop-ozone-ozone-manager/0.5.0-SNAPSHOT/hadoop-ozone-ozone-manager-0.5.0-SNAPSHOT.jar:/home/user/.m2/repository/org/apache/hadoop/hadoop-minikdc/3.2.0/hadoop-minikdc-3.2.0.jar:/home/user/.m2/repository/commons-io/commons-io/2.5/commons-io-2.5.jar:/home/user/.m2/repository/org/apache/kerby/kerb-simplekdc/1.0.1/kerb-simplekdc-1.0.1.jar:/home/user/.m2/repository/org/apache/kerby/kerb-client/1.0.1/kerb-client-1.0.1.jar:/home/user/.m2/repository/org/apache/kerby/kerby-config/1.0.1/kerby-config-1.0.1.jar:/home/user/.m2/repository/org/apache/kerby/kerb-core/1.0.1/kerb-core-1.0.1.jar:/home/user/.m2/repository/org/apache/kerby/kerby-pkix/1.0.1/kerby-pkix-1.0.1.jar:/home/user/.m2/repository/org/apache/kerby/kerby-asn1/1.0.1/kerby-asn1-1.0.1.jar:/home/user/.m2/repository/org/apache/kerby/kerby-util/1.0.1/kerby-util-1.0.1.jar:/home/user/.m2/repository/org/apache/kerby/kerb-common/1.0.1/kerb-common-1.0.1.jar:/home/user/.m2/repository/org/apache/kerby/kerb-crypto/1.0.1/kerb-crypto-1.0.1.jar:/home/user/.m2/repository/org/apache/kerby/kerb-util/1.0.1/kerb-util-1.0.1.jar:/home/user/.m2/repository/org/apache/kerby/token-provider/1.0.1/token-provider-1.0.1.jar:/home/user/.m2/repository/org/apache/kerby/kerb-admin/1.0.1/kerb-admin-1.0.1.jar:/home/user/.m2/repository/org/apache/kerby/kerb-server/1.0.1/kerb-server-1.0.1.jar:/home/user/.m2/repository/org/apache/kerby/kerb-identity/1.0.1/kerb-identity-1.0.1.jar:/home/user/.m2/repository/org/apache/kerby/kerby-xdr/1.0.1/kerby-xdr-1.0.1.jar:/home/user/.m2/repository/org/slf4j/slf4j-log4j12/1.7.25/slf4j-log4j12-1.7.25.jar:/home/user/.m2/repository/org/apache/hadoop/hadoop-ozone-s3gateway/0.5.0-SNAPSHOT/hadoop-ozone-s3gateway-0.5.0-SNAPSHOT.jar:/home/user/.m2/repository/org/jboss/weld/servlet/weld-servlet/2.4.7.Final/weld-servlet-2.4.7.Final.jar:/home/user/.m2/repository/org/glassfish/jersey/containers/jersey-container-servlet-core/2.27/jersey-container-servlet-core-2.27.jar:/home/user/.m2/repository/org/glassfish/hk2/external/javax.inject/2.5.0-b42/javax.inject-2.5.0-b42.jar:/home/user/.m2/repository/org/glassfish/jersey/core/jersey-common/2.27/jersey-common-2.27.jar:/home/user/.m2/repository/org/glassfish/hk2/osgi-resource-locator/1.0.1/osgi-resource-locator-1.0.1.jar:/home/user/.m2/repository/javax/ws/rs/javax.ws.rs-api/2.1/javax.ws.rs-api-2.1.jar:/home/user/.m2/repository/org/glassfish/jersey/ext/cdi/jersey-cdi1x/2.27/jersey-cdi1x-2.27.jar:/home/user/.m2/repository/org/glassfish/jersey/inject/jersey-hk2/2.27/jersey-hk2-2.27.jar:/home/user/.m2/repository/org/glassfish/hk2/hk2-locator/2.5.0-b42/hk2-locator-2.5.0-b42.jar:/home/user/.m2/repository/org/javassist/javassist/3.22.0-CR2/javassist-3.22.0-CR2.jar:/home/user/.m2/repository/org/glassfish/hk2/hk2-api/2.5.0/hk2-api-2.5.0.jar:/home/user/.m2/repository/org/glassfish/hk2/external/jakarta.inject/2.5.0/jakarta.inject-2.5.0.jar:/home/user/.m2/repository/org/glassfish/hk2/hk2-utils/2.5.0/hk2-utils-2.5.0.jar:/home/user/.m2/repository/jakarta/annotation/jakarta.annotation-api/1.3.4/jakarta.annotation-api-1.3.4.jar:/home/user/.m2/repository/org/glassfish/hk2/external/aopalliance-repackaged/2.5.0/aopalliance-repackaged-2.5.0.jar:/home/user/.m2/repository/com/fasterxml/jackson/dataformat/jackson-dataformat-xml/2.9.0/jackson-dataformat-xml-2.9.0.jar:/home/user/.m2/repository/com/fasterxml/jackson/core/jackson-core/2.9.9/jackson-core-2.9.9.jar:/home/user/.m2/repository/com/fasterxml/jackson/module/jackson-module-jaxb-annotations/2.9.9/jackson-module-jaxb-annotations-2.9.9.jar:/home/user/.m2/repository/javax/enterprise/cdi-api/1.2/cdi-api-1.2.jar:/home/user/.m2/repository/javax/el/javax.el-api/3.0.0/javax.el-api-3.0.0.jar:/home/user/.m2/repository/javax/interceptor/javax.interceptor-api/1.2/javax.interceptor-api-1.2.jar:/home/user/.m2/repository/javax/inject/javax.inject/1/javax.inject-1.jar:/home/user/.m2/repository/com/sun/xml/bind/jaxb-impl/2.3.0.1/jaxb-impl-2.3.0.1.jar:/home/user/.m2/repository/com/sun/xml/bind/jaxb-core/2.3.0.1/jaxb-core-2.3.0.1.jar:/home/user/.m2/repository/javax/xml/bind/jaxb-api/2.3.0/jaxb-api-2.3.0.jar:/home/user/.m2/repository/javax/activation/activation/1.1.1/activation-1.1.1.jar:/home/user/.m2/repository/org/apache/hadoop/hadoop-ozone-csi/0.5.0-SNAPSHOT/hadoop-ozone-csi-0.5.0-SNAPSHOT.jar:/home/user/.m2/repository/com/google/protobuf/protobuf-java-util/3.5.1/protobuf-java-util-3.5.1.jar:/home/user/.m2/repository/org/apache/hadoop/hadoop-hdds-config/0.5.0-SNAPSHOT/hadoop-hdds-config-0.5.0-SNAPSHOT.jar:/home/user/.m2/repository/io/grpc/grpc-netty/1.17.1/grpc-netty-1.17.1.jar:/home/user/.m2/repository/io/grpc/grpc-core/1.17.1/grpc-core-1.17.1.jar:/home/user/.m2/repository/io/grpc/grpc-context/1.17.1/grpc-context-1.17.1.jar:/home/user/.m2/repository/com/google/errorprone/error_prone_annotations/2.2.0/error_prone_annotations-2.2.0.jar:/home/user/.m2/repository/org/codehaus/mojo/animal-sniffer-annotations/1.17/animal-sniffer-annotations-1.17.jar:/home/user/.m2/repository/io/opencensus/opencensus-api/0.17.0/opencensus-api-0.17.0.jar:/home/user/.m2/repository/io/opencensus/opencensus-contrib-grpc-metrics/0.17.0/opencensus-contrib-grpc-metrics-0.17.0.jar:/home/user/.m2/repository/io/netty/netty-codec-http2/4.1.30.Final/netty-codec-http2-4.1.30.Final.jar:/home/user/.m2/repository/io/netty/netty-codec-http/4.1.30.Final/netty-codec-http-4.1.30.Final.jar:/home/user/.m2/repository/io/netty/netty-codec/4.1.30.Final/netty-codec-4.1.30.Final.jar:/home/user/.m2/repository/io/netty/netty-handler/4.1.30.Final/netty-handler-4.1.30.Final.jar:/home/user/.m2/repository/io/netty/netty-handler-proxy/4.1.30.Final/netty-handler-proxy-4.1.30.Final.jar:/home/user/.m2/repository/io/netty/netty-codec-socks/4.1.30.Final/netty-codec-socks-4.1.30.Final.jar:/home/user/.m2/repository/io/netty/netty-transport-native-epoll/4.1.30.Final/netty-transport-native-epoll-4.1.30.Final.jar:/home/user/.m2/repository/io/netty/netty-common/4.1.30.Final/netty-common-4.1.30.Final.jar:/home/user/.m2/repository/io/netty/netty-buffer/4.1.30.Final/netty-buffer-4.1.30.Final.jar:/home/user/.m2/repository/io/netty/netty-transport/4.1.30.Final/netty-transport-4.1.30.Final.jar:/home/user/.m2/repository/io/netty/netty-resolver/4.1.30.Final/netty-resolver-4.1.30.Final.jar:/home/user/.m2/repository/io/netty/netty-transport-native-unix-common/4.1.30.Final/netty-transport-native-unix-common-4.1.30.Final.jar:/home/user/.m2/repository/io/grpc/grpc-protobuf/1.17.1/grpc-protobuf-1.17.1.jar:/home/user/.m2/repository/com/google/api/grpc/proto-google-common-protos/1.0.0/proto-google-common-protos-1.0.0.jar:/home/user/.m2/repository/io/grpc/grpc-protobuf-lite/1.17.1/grpc-protobuf-lite-1.17.1.jar:/home/user/.m2/repository/io/grpc/grpc-stub/1.17.1/grpc-stub-1.17.1.jar:/home/user/.m2/repository/org/apache/hadoop/hadoop-ozone-recon/0.5.0-SNAPSHOT/hadoop-ozone-recon-0.5.0-SNAPSHOT.jar:/home/user/.m2/repository/org/apache/hadoop/hadoop-ozone-reconcodegen/0.5.0-SNAPSHOT/hadoop-ozone-reconcodegen-0.5.0-SNAPSHOT.jar:/home/user/.m2/repository/com/google/inject/extensions/guice-multibindings/4.0/guice-multibindings-4.0.jar:/home/user/.m2/repository/com/google/inject/guice/4.0/guice-4.0.jar:/home/user/.m2/repository/aopalliance/aopalliance/1.0/aopalliance-1.0.jar:/home/user/.m2/repository/com/google/inject/extensions/guice-servlet/4.0/guice-servlet-4.0.jar:/home/user/.m2/repository/org/glassfish/jersey/containers/jersey-container-servlet/2.27/jersey-container-servlet-2.27.jar:/home/user/.m2/repository/org/glassfish/hk2/guice-bridge/2.5.0/guice-bridge-2.5.0.jar:/home/user/.m2/repository/org/glassfish/jersey/core/jersey-server/2.27/jersey-server-2.27.jar:/home/user/.m2/repository/org/glassfish/jersey/core/jersey-client/2.27/jersey-client-2.27.jar:/home/user/.m2/repository/org/glassfish/jersey/media/jersey-media-jaxb/2.27/jersey-media-jaxb-2.27.jar:/home/user/.m2/repository/javax/validation/validation-api/1.1.0.Final/validation-api-1.1.0.Final.jar:/home/user/.m2/repository/org/glassfish/jersey/media/jersey-media-json-jackson/2.27/jersey-media-json-jackson-2.27.jar:/home/user/.m2/repository/org/glassfish/jersey/ext/jersey-entity-filtering/2.27/jersey-entity-filtering-2.27.jar:/home/user/.m2/repository/com/google/inject/extensions/guice-assistedinject/4.0/guice-assistedinject-4.0.jar:/home/user/.m2/repository/org/jooq/jooq/3.11.10/jooq-3.11.10.jar:/home/user/.m2/repository/org/jooq/jooq-meta/3.11.10/jooq-meta-3.11.10.jar:/home/user/.m2/repository/org/jooq/jooq-codegen/3.11.10/jooq-codegen-3.11.10.jar:/home/user/.m2/repository/com/jolbox/bonecp/0.8.0.RELEASE/bonecp-0.8.0.RELEASE.jar:/home/user/.m2/repository/org/xerial/sqlite-jdbc/3.25.2/sqlite-jdbc-3.25.2.jar:/home/user/.m2/repository/org/springframework/spring-jdbc/5.1.3.RELEASE/spring-jdbc-5.1.3.RELEASE.jar:/home/user/.m2/repository/org/springframework/spring-beans/5.1.3.RELEASE/spring-beans-5.1.3.RELEASE.jar:/home/user/.m2/repository/org/springframework/spring-core/5.1.3.RELEASE/spring-core-5.1.3.RELEASE.jar:/home/user/.m2/repository/org/springframework/spring-jcl/5.1.3.RELEASE/spring-jcl-5.1.3.RELEASE.jar:/home/user/.m2/repository/org/springframework/spring-tx/5.1.3.RELEASE/spring-tx-5.1.3.RELEASE.jar:/home/user/.m2/repository/org/apache/hadoop/hadoop-ozone-client/0.5.0-SNAPSHOT/hadoop-ozone-client-0.5.0-SNAPSHOT.jar:/home/user/.m2/repository/commons-lang/commons-lang/2.6/commons-lang-2.6.jar:/home/user/.m2/repository/org/apache/hadoop/hadoop-ozone-ozone-manager/0.5.0-SNAPSHOT/hadoop-ozone-ozone-manager-0.5.0-SNAPSHOT-tests.jar:/home/user/.m2/repository/junit/junit/4.11/junit-4.11.jar:/home/user/.m2/repository/org/hamcrest/hamcrest-core/1.3/hamcrest-core-1.3.jar:/home/user/.m2/repository/org/openjdk/jmh/jmh-core/1.19/jmh-core-1.19.jar:/home/user/.m2/repository/net/sf/jopt-simple/jopt-simple/4.6/jopt-simple-4.6.jar:/home/user/.m2/repository/org/apache/commons/commons-math3/3.1.1/commons-math3-3.1.1.jar:/home/user/.m2/repository/org/openjdk/jmh/jmh-generator-annprocess/1.19/jmh-generator-annprocess-1.19.jar:/home/user/.m2/repository/org/mockito/mockito-all/1.8.5/mockito-all-1.8.5.jar:/home/user/.m2/repository/org/apache/hadoop/hadoop-kms/3.2.0/hadoop-kms-3.2.0.jar:/home/user/.m2/repository/org/apache/hadoop/hadoop-auth/3.2.0/hadoop-auth-3.2.0.jar:/home/user/.m2/repository/com/nimbusds/nimbus-jose-jwt/4.41.1/nimbus-jose-jwt-4.41.1.jar:/home/user/.m2/repository/com/github/stephenc/jcip/jcip-annotations/1.0-1/jcip-annotations-1.0-1.jar:/home/user/.m2/repository/net/minidev/json-smart/2.3/json-smart-2.3.jar:/home/user/.m2/repository/net/minidev/accessors-smart/1.2/accessors-smart-1.2.jar:/home/user/.m2/repository/org/ow2/asm/asm/5.0.4/asm-5.0.4.jar:/home/user/.m2/repository/org/apache/curator/curator-framework/2.12.0/curator-framework-2.12.0.jar:/home/user/.m2/repository/com/sun/jersey/jersey-core/1.19/jersey-core-1.19.jar:/home/user/.m2/repository/javax/ws/rs/jsr311-api/1.1.1/jsr311-api-1.1.1.jar:/home/user/.m2/repository/com/sun/jersey/jersey-server/1.19/jersey-server-1.19.jar:/home/user/.m2/repository/javax/servlet/javax.servlet-api/3.1.0/javax.servlet-api-3.1.0.jar:/home/user/.m2/repository/org/eclipse/jetty/jetty-server/9.3.25.v20180904/jetty-server-9.3.25.v20180904.jar:/home/user/.m2/repository/org/eclipse/jetty/jetty-http/9.3.25.v20180904/jetty-http-9.3.25.v20180904.jar:/home/user/.m2/repository/org/eclipse/jetty/jetty-io/9.3.25.v20180904/jetty-io-9.3.25.v20180904.jar:/home/user/.m2/repository/org/eclipse/jetty/jetty-webapp/9.3.25.v20180904/jetty-webapp-9.3.25.v20180904.jar:/home/user/.m2/repository/org/eclipse/jetty/jetty-xml/9.3.25.v20180904/jetty-xml-9.3.25.v20180904.jar:/home/user/.m2/repository/log4j/log4j/1.2.17/log4j-1.2.17.jar:/home/user/.m2/repository/org/slf4j/slf4j-api/1.7.25/slf4j-api-1.7.25.jar:/home/user/.m2/repository/org/slf4j/jul-to-slf4j/1.7.25/jul-to-slf4j-1.7.25.jar:/home/user/.m2/repository/org/eclipse/jetty/jetty-util/9.3.25.v20180904/jetty-util-9.3.25.v20180904.jar:/home/user/.m2/repository/com/fasterxml/jackson/core/jackson-databind/2.9.9/jackson-databind-2.9.9.jar:/home/user/.m2/repository/org/apache/hadoop/hadoop-kms/3.2.0/hadoop-kms-3.2.0-tests.jar:/home/user/.m2/repository/org/apache/hadoop/hadoop-hdds-server-scm/0.5.0-SNAPSHOT/hadoop-hdds-server-scm-0.5.0-SNAPSHOT-tests.jar:/home/user/.m2/repository/org/apache/hadoop/hadoop-hdds-container-service/0.5.0-SNAPSHOT/hadoop-hdds-container-service-0.5.0-SNAPSHOT-tests.jar:/home/user/.m2/repository/org/yaml/snakeyaml/1.16/snakeyaml-1.16.jar:/home/user/.m2/repository/org/apache/hadoop/hadoop-common/3.2.0/hadoop-common-3.2.0-tests.jar:/home/user/.m2/repository/org/apache/hadoop/hadoop-annotations/3.2.0/hadoop-annotations-3.2.0.jar:/usr/lib/jvm/java-1.8-openjdk/jre/../lib/tools.jar:/home/user/.m2/repository/commons-cli/commons-cli/1.2/commons-cli-1.2.jar:/home/user/.m2/repository/org/apache/httpcomponents/httpclient/4.5.2/httpclient-4.5.2.jar:/home/user/.m2/repository/org/apache/httpcomponents/httpcore/4.4.4/httpcore-4.4.4.jar:/home/user/.m2/repository/commons-codec/commons-codec/1.11/commons-codec-1.11.jar:/home/user/.m2/repository/commons-net/commons-net/3.6/commons-net-3.6.jar:/home/user/.m2/repository/commons-collections/commons-collections/3.2.2/commons-collections-3.2.2.jar:/home/user/.m2/repository/org/eclipse/jetty/jetty-servlet/9.3.25.v20180904/jetty-servlet-9.3.25.v20180904.jar:/home/user/.m2/repository/org/eclipse/jetty/jetty-security/9.3.25.v20180904/jetty-security-9.3.25.v20180904.jar:/home/user/.m2/repository/javax/servlet/jsp/jsp-api/2.1/jsp-api-2.1.jar:/home/user/.m2/repository/com/sun/jersey/jersey-servlet/1.19/jersey-servlet-1.19.jar:/home/user/.m2/repository/com/sun/jersey/jersey-json/1.19/jersey-json-1.19.jar:/home/user/.m2/repository/org/codehaus/jettison/jettison/1.1/jettison-1.1.jar:/home/user/.m2/repository/org/codehaus/jackson/jackson-core-asl/1.9.13/jackson-core-asl-1.9.13.jar:/home/user/.m2/repository/org/codehaus/jackson/jackson-mapper-asl/1.9.13/jackson-mapper-asl-1.9.13.jar:/home/user/.m2/repository/org/codehaus/jackson/jackson-jaxrs/1.9.13/jackson-jaxrs-1.9.13.jar:/home/user/.m2/repository/org/codehaus/jackson/jackson-xc/1.9.13/jackson-xc-1.9.13.jar:/home/user/.m2/repository/commons-logging/commons-logging/1.1.3/commons-logging-1.1.3.jar:/home/user/.m2/repository/commons-beanutils/commons-beanutils/1.9.4/commons-beanutils-1.9.4.jar:/home/user/.m2/repository/org/apache/commons/commons-configuration2/2.1.1/commons-configuration2-2.1.1.jar:/home/user/.m2/repository/org/apache/commons/commons-lang3/3.7/commons-lang3-3.7.jar:/home/user/.m2/repository/org/apache/commons/commons-text/1.4/commons-text-1.4.jar:/home/user/.m2/repository/org/apache/avro/avro/1.7.7/avro-1.7.7.jar:/home/user/.m2/repository/com/thoughtworks/paranamer/paranamer/2.3/paranamer-2.3.jar:/home/user/.m2/repository/org/xerial/snappy/snappy-java/1.0.5/snappy-java-1.0.5.jar:/home/user/.m2/repository/com/google/re2j/re2j/1.1/re2j-1.1.jar:/home/user/.m2/repository/com/google/code/gson/gson/2.2.4/gson-2.2.4.jar:/home/user/.m2/repository/com/jcraft/jsch/0.1.54/jsch-0.1.54.jar:/home/user/.m2/repository/org/apache/curator/curator-client/2.12.0/curator-client-2.12.0.jar:/home/user/.m2/repository/org/apache/curator/curator-recipes/2.12.0/curator-recipes-2.12.0.jar:/home/user/.m2/repository/com/google/code/findbugs/jsr305/3.0.0/jsr305-3.0.0.jar:/home/user/.m2/repository/org/apache/htrace/htrace-core4/4.1.0-incubating/htrace-core4-4.1.0-incubating.jar:/home/user/.m2/repository/org/apache/zookeeper/zookeeper/3.4.13/zookeeper-3.4.13.jar:/home/user/.m2/repository/jline/jline/0.9.94/jline-0.9.94.jar:/home/user/.m2/repository/org/apache/yetus/audience-annotations/0.5.0/audience-annotations-0.5.0.jar:/home/user/.m2/repository/org/codehaus/woodstox/stax2-api/3.1.4/stax2-api-3.1.4.jar:/home/user/.m2/repository/com/fasterxml/woodstox/woodstox-core/5.0.3/woodstox-core-5.0.3.jar:/home/user/.m2/repository/dnsjava/dnsjava/2.1.7/dnsjava-2.1.7.jar:/home/user/.m2/repository/org/apache/hadoop/hadoop-hdfs/3.2.0/hadoop-hdfs-3.2.0-tests.jar:/home/user/.m2/repository/org/eclipse/jetty/jetty-util-ajax/9.3.25.v20180904/jetty-util-ajax-9.3.25.v20180904.jar:/home/user/.m2/repository/commons-daemon/commons-daemon/1.0.13/commons-daemon-1.0.13.jar:/home/user/.m2/repository/io/netty/netty/3.10.5.Final/netty-3.10.5.Final.jar:/home/user/.m2/repository/io/netty/netty-all/4.0.52.Final/netty-all-4.0.52.Final.jar:/home/user/.m2/repository/org/fusesource/leveldbjni/leveldbjni-all/1.8/leveldbjni-all-1.8.jar:"/>
    <property name="sun.cpu.endian" value="little"/>
    <property name="user.home" value="/home/user"/>
    <property name="user.language" value="en"/>
    <property name="java.specification.vendor" value="Oracle Corporation"/>
    <property name="java.home" value="/usr/lib/jvm/java-1.8-openjdk/jre"/>
    <property name="java.security.krb5.conf" value="/workdir/hadoop-ozone/integration-test/target/test-classes/krb5.conf"/>
    <property name="basedir" value="/workdir/hadoop-ozone/integration-test"/>
    <property name="file.separator" value="/"/>
    <property name="line.separator" value="&#10;"/>
    <property name="java.vm.specification.vendor" value="Oracle Corporation"/>
    <property name="java.specification.name" value="Java Platform API Specification"/>
    <property name="java.awt.graphicsenv" value="sun.awt.X11GraphicsEnvironment"/>
    <property name="surefire.real.class.path" value="/workdir/hadoop-ozone/integration-test/target/surefire/surefirebooter5362998835080351114.jar"/>
    <property name="hadoop.log.dir" value="/workdir/hadoop-ozone/integration-test/target/log"/>
    <property name="sun.boot.class.path" value="/usr/lib/jvm/java-1.8-openjdk/jre/lib/resources.jar:/usr/lib/jvm/java-1.8-openjdk/jre/lib/rt.jar:/usr/lib/jvm/java-1.8-openjdk/jre/lib/sunrsasign.jar:/usr/lib/jvm/java-1.8-openjdk/jre/lib/jsse.jar:/usr/lib/jvm/java-1.8-openjdk/jre/lib/jce.jar:/usr/lib/jvm/java-1.8-openjdk/jre/lib/charsets.jar:/usr/lib/jvm/java-1.8-openjdk/jre/lib/jfr.jar:/usr/lib/jvm/java-1.8-openjdk/jre/classes"/>
    <property name="sun.management.compiler" value="HotSpot 64-Bit Tiered Compilers"/>
    <property name="java.runtime.version" value="1.8.0_212-b04"/>
    <property name="java.net.preferIPv4Stack" value="true"/>
    <property name="user.name" value="jenkins1000"/>
    <property name="path.separator" value=":"/>
    <property name="java.security.egd" value="file:///dev/urandom"/>
    <property name="os.version" value="3.10.0-957.12.2.el7.x86_64"/>
    <property name="java.endorsed.dirs" value="/usr/lib/jvm/java-1.8-openjdk/jre/lib/endorsed"/>
    <property name="java.runtime.name" value="OpenJDK Runtime Environment"/>
    <property name="file.encoding" value="UTF-8"/>
    <property name="java.vm.name" value="OpenJDK 64-Bit Server VM"/>
    <property name="test.build.webapps" value=""/>
    <property name="localRepository" value="/home/user/.m2/repository"/>
    <property name="java.vendor.url.bug" value="https://icedtea.classpath.org/bugzilla"/>
    <property name="java.io.tmpdir" value="/tmp"/>
    <property name="require.test.libhadoop" value=""/>
    <property name="java.version" value="1.8.0_212"/>
    <property name="user.dir" value="/workdir/hadoop-ozone/integration-test"/>
    <property name="os.arch" value="amd64"/>
    <property name="java.vm.specification.name" value="Java Virtual Machine Specification"/>
    <property name="test.build.classes" value="/workdir/hadoop-ozone/integration-test/target/test-classes"/>
    <property name="java.awt.printerjob" value="sun.print.PSPrinterJob"/>
    <property name="sun.os.patch.level" value="unknown"/>
    <property name="hadoop.tmp.dir" value="/workdir/hadoop-ozone/integration-test/target/tmp"/>
    <property name="java.library.path" value="/usr/lib/jvm/java-1.8-openjdk/jre/lib/amd64/server:/usr/lib/jvm/java-1.8-openjdk/jre/lib/amd64:/usr/lib/jvm/java-1.8-openjdk/jre/../lib/amd64:/workdir/hadoop-ozone/integration-test/target/native/target/usr/local/lib:/workdir/hadoop-ozone/integration-test/../../hadoop-common-project/hadoop-common/target/native/target/usr/local/lib:/usr/java/packages/lib/amd64:/usr/lib64:/lib64:/lib:/usr/lib"/>
    <property name="java.vm.info" value="mixed mode"/>
    <property name="java.vendor" value="IcedTea"/>
    <property name="java.vm.version" value="25.212-b04"/>
    <property name="java.ext.dirs" value="/usr/lib/jvm/java-1.8-openjdk/jre/lib/ext:/usr/java/packages/lib/ext"/>
    <property name="sun.io.unicode.encoding" value="UnicodeLittle"/>
    <property name="java.class.version" value="52.0"/>
  </properties>
  <testcase name="testWatchForCommitWithKeyWrite" classname="org.apache.hadoop.ozone.client.rpc.TestWatchForCommit" time="82.356"/>
  <testcase name="testWatchForCommitWithSmallerTimeoutValue" classname="org.apache.hadoop.ozone.client.rpc.TestWatchForCommit" time="44.377"/>
  <testcase name="testWatchForCommitForRetryfailure" classname="org.apache.hadoop.ozone.client.rpc.TestWatchForCommit" time="62.331">
    <failure type="java.lang.AssertionError">java.lang.AssertionError
	at org.junit.Assert.fail(Assert.java:86)
	at org.junit.Assert.assertTrue(Assert.java:41)
	at org.junit.Assert.assertTrue(Assert.java:52)
	at org.apache.hadoop.ozone.client.rpc.TestWatchForCommit.testWatchForCommitForRetryfailure(TestWatchForCommit.java:348)
	at sun.reflect.NativeMethodAccessorImpl.invoke0(Native Method)
	at sun.reflect.NativeMethodAccessorImpl.invoke(NativeMethodAccessorImpl.java:62)
	at sun.reflect.DelegatingMethodAccessorImpl.invoke(DelegatingMethodAccessorImpl.java:43)
	at java.lang.reflect.Method.invoke(Method.java:498)
	at org.junit.runners.model.FrameworkMethod$1.runReflectiveCall(FrameworkMethod.java:47)
	at org.junit.internal.runners.model.ReflectiveCallable.run(ReflectiveCallable.java:12)
	at org.junit.runners.model.FrameworkMethod.invokeExplosively(FrameworkMethod.java:44)
	at org.junit.internal.runners.statements.InvokeMethod.evaluate(InvokeMethod.java:17)
	at org.junit.runners.ParentRunner.runLeaf(ParentRunner.java:271)
	at org.junit.runners.BlockJUnit4ClassRunner.runChild(BlockJUnit4ClassRunner.java:70)
	at org.junit.runners.BlockJUnit4ClassRunner.runChild(BlockJUnit4ClassRunner.java:50)
	at org.junit.runners.ParentRunner$3.run(ParentRunner.java:238)
	at org.junit.runners.ParentRunner$1.schedule(ParentRunner.java:63)
	at org.junit.runners.ParentRunner.runChildren(ParentRunner.java:236)
	at org.junit.runners.ParentRunner.access$000(ParentRunner.java:53)
	at org.junit.runners.ParentRunner$2.evaluate(ParentRunner.java:229)
	at org.junit.runners.ParentRunner.run(ParentRunner.java:309)
	at org.apache.maven.surefire.junit4.JUnit4Provider.execute(JUnit4Provider.java:365)
	at org.apache.maven.surefire.junit4.JUnit4Provider.executeWithRerun(JUnit4Provider.java:273)
	at org.apache.maven.surefire.junit4.JUnit4Provider.executeTestSet(JUnit4Provider.java:238)
	at org.apache.maven.surefire.junit4.JUnit4Provider.invoke(JUnit4Provider.java:159)
	at org.apache.maven.surefire.booter.ForkedBooter.invokeProviderInSameClassLoader(ForkedBooter.java:384)
	at org.apache.maven.surefire.booter.ForkedBooter.runSuitesInProcess(ForkedBooter.java:345)
	at org.apache.maven.surefire.booter.ForkedBooter.execute(ForkedBooter.java:126)
	at org.apache.maven.surefire.booter.ForkedBooter.main(ForkedBooter.java:418)
</failure>
    <system-out><![CDATA[2019-10-01 07:25:35,064 [main] WARN  server.ServerUtils (ServerUtils.java:getScmDbDir(145)) - ozone.scm.db.dirs is not configured. We recommend adding this setting. Falling back to ozone.metadata.dirs instead.
2019-10-01 07:25:35,089 [main] WARN  server.ServerUtils (ServerUtils.java:getScmDbDir(145)) - ozone.scm.db.dirs is not configured. We recommend adding this setting. Falling back to ozone.metadata.dirs instead.
2019-10-01 07:25:35,089 [main] WARN  server.ServerUtils (ServerUtils.java:getScmDbDir(145)) - ozone.scm.db.dirs is not configured. We recommend adding this setting. Falling back to ozone.metadata.dirs instead.
2019-10-01 07:25:35,090 [main] INFO  db.DBStoreBuilder (DBStoreBuilder.java:addTable(110)) - using custom profile for table: deletedBlocks
2019-10-01 07:25:35,090 [main] INFO  db.DBStoreBuilder (DBStoreBuilder.java:processTables(161)) - Using default column profile:DBProfile.DISK for Table:deletedBlocks
2019-10-01 07:25:35,090 [main] INFO  db.DBStoreBuilder (DBStoreBuilder.java:addTable(110)) - using custom profile for table: validCerts
2019-10-01 07:25:35,090 [main] INFO  db.DBStoreBuilder (DBStoreBuilder.java:processTables(161)) - Using default column profile:DBProfile.DISK for Table:validCerts
2019-10-01 07:25:35,091 [main] INFO  db.DBStoreBuilder (DBStoreBuilder.java:addTable(110)) - using custom profile for table: revokedCerts
2019-10-01 07:25:35,091 [main] INFO  db.DBStoreBuilder (DBStoreBuilder.java:processTables(161)) - Using default column profile:DBProfile.DISK for Table:revokedCerts
2019-10-01 07:25:35,091 [main] INFO  db.DBStoreBuilder (DBStoreBuilder.java:addTable(110)) - using custom profile for table: default
2019-10-01 07:25:35,091 [main] INFO  db.DBStoreBuilder (DBStoreBuilder.java:processTables(167)) - Using default column profile:DBProfile.DISK for Table:default
2019-10-01 07:25:35,091 [main] INFO  db.DBStoreBuilder (DBStoreBuilder.java:getDbProfile(198)) - Using default options. DBProfile.DISK
2019-10-01 07:25:35,453 [main] INFO  net.NodeSchemaLoader (NodeSchemaLoader.java:loadSchemaFromFile(125)) - Loading file from sun.misc.CompoundEnumeration@86d6bf7
2019-10-01 07:25:35,453 [main] INFO  net.NodeSchemaLoader (NodeSchemaLoader.java:loadSchema(171)) - Loading network topology layer schema file
2019-10-01 07:25:35,460 [main] WARN  server.ServerUtils (ServerUtils.java:sanitizeUserArgs(70)) - ozone.scm.stale.node.interval value = 300000 is larger than max = 100000 based on the key value of ozone.scm.heartbeat.thread.interval, reset to the max value 100000.
2019-10-01 07:25:35,460 [main] WARN  server.ServerUtils (ServerUtils.java:sanitizeUserArgs(70)) - ozone.scm.stale.node.interval value = 300000 is larger than max = 100000 based on the key value of ozone.scm.heartbeat.thread.interval, reset to the max value 100000.
2019-10-01 07:25:35,461 [main] INFO  node.SCMNodeManager (SCMNodeManager.java:<init>(114)) - Entering startup safe mode.
2019-10-01 07:25:35,462 [main] INFO  algorithms.ContainerPlacementPolicyFactory (ContainerPlacementPolicyFactory.java:getPolicy(57)) - Create container placement policy of type org.apache.hadoop.hdds.scm.container.placement.algorithms.SCMContainerPlacementRandom
2019-10-01 07:25:35,462 [main] WARN  server.ServerUtils (ServerUtils.java:getScmDbDir(145)) - ozone.scm.db.dirs is not configured. We recommend adding this setting. Falling back to ozone.metadata.dirs instead.
2019-10-01 07:25:35,601 [main] INFO  pipeline.SCMPipelineManager (SCMPipelineManager.java:initializePipelineState(132)) - No pipeline exists in current db
2019-10-01 07:25:35,602 [main] WARN  server.ServerUtils (ServerUtils.java:getScmDbDir(145)) - ozone.scm.db.dirs is not configured. We recommend adding this setting. Falling back to ozone.metadata.dirs instead.
2019-10-01 07:25:35,738 [main] WARN  events.EventQueue (EventQueue.java:fireEvent(183)) - No event handler registered for event TypedEvent{payloadType=SafeModeStatus, name='SafeModeStatus'}
2019-10-01 07:25:35,739 [main] INFO  ipc.CallQueueManager (CallQueueManager.java:<init>(84)) - Using callQueue: class java.util.concurrent.LinkedBlockingQueue, queueCapacity: 2000, scheduler: class org.apache.hadoop.ipc.DefaultRpcScheduler, ipcBackoff: false.
2019-10-01 07:25:35,741 [Socket Reader #1 for port 39047] INFO  ipc.Server (Server.java:run(1074)) - Starting Socket Reader #1 for port 39047
2019-10-01 07:25:35,743 [main] INFO  ipc.CallQueueManager (CallQueueManager.java:<init>(84)) - Using callQueue: class java.util.concurrent.LinkedBlockingQueue, queueCapacity: 2000, scheduler: class org.apache.hadoop.ipc.DefaultRpcScheduler, ipcBackoff: false.
2019-10-01 07:25:35,743 [Socket Reader #1 for port 46842] INFO  ipc.Server (Server.java:run(1074)) - Starting Socket Reader #1 for port 46842
2019-10-01 07:25:35,745 [main] INFO  ipc.CallQueueManager (CallQueueManager.java:<init>(84)) - Using callQueue: class java.util.concurrent.LinkedBlockingQueue, queueCapacity: 2000, scheduler: class org.apache.hadoop.ipc.DefaultRpcScheduler, ipcBackoff: false.
2019-10-01 07:25:35,746 [Socket Reader #1 for port 44821] INFO  ipc.Server (Server.java:run(1074)) - Starting Socket Reader #1 for port 44821
2019-10-01 07:25:35,749 [main] INFO  hdfs.DFSUtil (DFSUtil.java:httpServerTemplateForNNAndJN(1641)) - Starting Web-server for scm at: http://0.0.0.0:0
2019-10-01 07:25:35,752 [main] INFO  server.AuthenticationFilter (AuthenticationFilter.java:constructSecretProvider(240)) - Unable to initialize FileSignerSecretProvider, falling back to use random secrets.
2019-10-01 07:25:35,753 [main] WARN  http.HttpRequestLog (HttpRequestLog.java:getRequestLog(97)) - Jetty request log can only be enabled using Log4j
2019-10-01 07:25:35,755 [main] INFO  http.HttpServer2 (HttpServer2.java:addGlobalFilter(975)) - Added global filter 'safety' (class=org.apache.hadoop.http.HttpServer2$QuotingInputFilter)
2019-10-01 07:25:35,755 [main] INFO  http.HttpServer2 (HttpServer2.java:addFilter(948)) - Added filter static_user_filter (class=org.apache.hadoop.http.lib.StaticUserWebFilter$StaticUserFilter) to context scm
2019-10-01 07:25:35,755 [main] INFO  http.HttpServer2 (HttpServer2.java:addFilter(958)) - Added filter static_user_filter (class=org.apache.hadoop.http.lib.StaticUserWebFilter$StaticUserFilter) to context logs
2019-10-01 07:25:35,756 [main] INFO  http.HttpServer2 (HttpServer2.java:addFilter(958)) - Added filter static_user_filter (class=org.apache.hadoop.http.lib.StaticUserWebFilter$StaticUserFilter) to context static
2019-10-01 07:25:35,758 [main] INFO  server.StorageContainerManager (StorageContainerManager.java:start(770)) - StorageContainerLocationProtocol RPC server is listening at /0.0.0.0:44821
2019-10-01 07:25:35,760 [main] WARN  impl.MetricsConfig (MetricsConfig.java:loadFirst(134)) - Cannot locate configuration: tried hadoop-metrics2-storagecontainermanager.properties,hadoop-metrics2.properties
2019-10-01 07:25:35,762 [main] INFO  impl.MetricsSystemImpl (MetricsSystemImpl.java:startTimer(374)) - Scheduled Metric snapshot period at 10 second(s).
2019-10-01 07:25:35,762 [main] INFO  impl.MetricsSystemImpl (MetricsSystemImpl.java:start(191)) - StorageContainerManager metrics system started
2019-10-01 07:25:35,781 [main] INFO  lib.Interns (Interns.java:removeEldestEntry(50)) - Metrics intern cache overflow at 2011 for MetricsSystem={MetricsSystem=MetricsInfoImpl{name=MetricsSystem, description=MetricsSystem}, MetricsSystem record=MetricsInfoImpl{name=MetricsSystem, description=MetricsSystem record}}
2019-10-01 07:25:35,804 [main] WARN  impl.MetricsSystemImpl (MetricsSystemImpl.java:register(276)) - Sink prometheus already exists!
2019-10-01 07:25:35,838 [main] INFO  server.SCMClientProtocolServer (SCMClientProtocolServer.java:start(150)) - RPC server for Client  is listening at /0.0.0.0:44821
2019-10-01 07:25:35,838 [IPC Server Responder] INFO  ipc.Server (Server.java:run(1314)) - IPC Server Responder: starting
2019-10-01 07:25:35,838 [IPC Server listener on 44821] INFO  ipc.Server (Server.java:run(1153)) - IPC Server listener on 44821: starting
2019-10-01 07:25:35,843 [main] INFO  server.StorageContainerManager (StorageContainerManager.java:start(780)) - ScmBlockLocationProtocol RPC server is listening at /0.0.0.0:46842
2019-10-01 07:25:35,843 [main] INFO  server.SCMBlockProtocolServer (SCMBlockProtocolServer.java:start(146)) - RPC server for Block Protocol is listening at /0.0.0.0:46842
2019-10-01 07:25:35,844 [IPC Server Responder] INFO  ipc.Server (Server.java:run(1314)) - IPC Server Responder: starting
2019-10-01 07:25:35,844 [IPC Server listener on 46842] INFO  ipc.Server (Server.java:run(1153)) - IPC Server listener on 46842: starting
2019-10-01 07:25:35,848 [main] INFO  server.StorageContainerManager (StorageContainerManager.java:start(784)) - ScmDatanodeProtocl RPC server is listening at /0.0.0.0:39047
2019-10-01 07:25:35,849 [main] INFO  server.SCMDatanodeProtocolServer (SCMDatanodeProtocolServer.java:start(191)) - RPC server for DataNodes is listening at /0.0.0.0:39047
2019-10-01 07:25:35,849 [IPC Server Responder] INFO  ipc.Server (Server.java:run(1314)) - IPC Server Responder: starting
2019-10-01 07:25:35,849 [IPC Server listener on 39047] INFO  ipc.Server (Server.java:run(1153)) - IPC Server listener on 39047: starting
2019-10-01 07:25:35,854 [main] INFO  http.HttpServer2 (HttpServer2.java:bindListener(1191)) - Jetty bound to port 43466
2019-10-01 07:25:35,854 [main] INFO  server.Server (Server.java:doStart(351)) - jetty-9.3.25.v20180904, build timestamp: 2018-09-04T21:11:46Z, git hash: 3ce520221d0240229c862b122d2b06c12a625732
2019-10-01 07:25:35,856 [main] INFO  handler.ContextHandler (ContextHandler.java:doStart(781)) - Started o.e.j.s.ServletContextHandler@60ed12e8{/logs,file:///workdir/hadoop-ozone/integration-test/target/log,AVAILABLE}
2019-10-01 07:25:35,856 [main] INFO  handler.ContextHandler (ContextHandler.java:doStart(781)) - Started o.e.j.s.ServletContextHandler@3290b1a6{/static,file:///workdir/hadoop-ozone/integration-test/target/test-classes/webapps/static,AVAILABLE}
2019-10-01 07:25:35,861 [main] INFO  handler.ContextHandler (ContextHandler.java:doStart(781)) - Started o.e.j.w.WebAppContext@3b2e5c0d{/,file:///workdir/hadoop-ozone/integration-test/target/test-classes/webapps/scm/,AVAILABLE}{/scm}
2019-10-01 07:25:35,861 [main] INFO  server.AbstractConnector (AbstractConnector.java:doStart(278)) - Started ServerConnector@7499eac7{HTTP/1.1,[http/1.1]}{0.0.0.0:43466}
2019-10-01 07:25:35,862 [main] INFO  server.Server (Server.java:doStart(419)) - Started @127983ms
2019-10-01 07:25:35,862 [main] WARN  impl.MetricsSystemImpl (MetricsSystemImpl.java:register(276)) - Sink prometheus already exists!
2019-10-01 07:25:35,864 [main] INFO  server.BaseHttpServer (BaseHttpServer.java:updateConnectorAddress(215)) - HTTP server of SCM is listening at http://0.0.0.0:43466
2019-10-01 07:25:35,866 [main] WARN  server.ServerUtils (ServerUtils.java:getDBPath(222)) - ozone.om.db.dirs is not configured. We recommend adding this setting. Falling back to ozone.metadata.dirs instead.
2019-10-01 07:25:35,866 [org.apache.hadoop.util.JvmPauseMonitor$Monitor@b9d018b] INFO  util.JvmPauseMonitor (JvmPauseMonitor.java:run(188)) - Starting JVM pause monitor
2019-10-01 07:25:35,894 [main] WARN  server.ServerUtils (ServerUtils.java:getDBPath(222)) - ozone.om.db.dirs is not configured. We recommend adding this setting. Falling back to ozone.metadata.dirs instead.
2019-10-01 07:25:35,894 [main] WARN  server.ServerUtils (ServerUtils.java:getDBPath(222)) - ozone.om.db.dirs is not configured. We recommend adding this setting. Falling back to ozone.metadata.dirs instead.
2019-10-01 07:25:35,895 [main] INFO  om.OzoneManager (OzoneManager.java:setOMNodeDetails(652)) - OM Service ID is not set. Setting it to the default ID: omServiceIdDefault
2019-10-01 07:25:35,895 [main] INFO  om.OzoneManager (OzoneManager.java:setOMNodeDetails(658)) - OM Node ID is not set. Setting it to the OmStorage's OmID: 6788cd31-dcdb-42e8-a3e7-18c9d48e1a3b
2019-10-01 07:25:35,895 [main] INFO  om.OzoneManager (OzoneManager.java:loadOMHAConfigs(609)) - Found matching OM address with OMServiceId: null, OMNodeId: null, RPC Address: localhost:0 and Ratis port: 9872
2019-10-01 07:25:35,903 [main] WARN  server.ServerUtils (ServerUtils.java:getDBPath(222)) - ozone.om.db.dirs is not configured. We recommend adding this setting. Falling back to ozone.metadata.dirs instead.
2019-10-01 07:25:35,904 [main] INFO  db.DBStoreBuilder (DBStoreBuilder.java:addTable(110)) - using custom profile for table: userTable
2019-10-01 07:25:35,904 [main] INFO  db.DBStoreBuilder (DBStoreBuilder.java:processTables(161)) - Using default column profile:DBProfile.DISK for Table:userTable
2019-10-01 07:25:35,905 [main] INFO  db.DBStoreBuilder (DBStoreBuilder.java:addTable(110)) - using custom profile for table: volumeTable
2019-10-01 07:25:35,905 [main] INFO  db.DBStoreBuilder (DBStoreBuilder.java:processTables(161)) - Using default column profile:DBProfile.DISK for Table:volumeTable
2019-10-01 07:25:35,905 [main] INFO  db.DBStoreBuilder (DBStoreBuilder.java:addTable(110)) - using custom profile for table: bucketTable
2019-10-01 07:25:35,905 [main] INFO  db.DBStoreBuilder (DBStoreBuilder.java:processTables(161)) - Using default column profile:DBProfile.DISK for Table:bucketTable
2019-10-01 07:25:35,906 [main] INFO  db.DBStoreBuilder (DBStoreBuilder.java:addTable(110)) - using custom profile for table: keyTable
2019-10-01 07:25:35,906 [main] INFO  db.DBStoreBuilder (DBStoreBuilder.java:processTables(161)) - Using default column profile:DBProfile.DISK for Table:keyTable
2019-10-01 07:25:35,906 [main] INFO  db.DBStoreBuilder (DBStoreBuilder.java:addTable(110)) - using custom profile for table: deletedTable
2019-10-01 07:25:35,906 [main] INFO  db.DBStoreBuilder (DBStoreBuilder.java:processTables(161)) - Using default column profile:DBProfile.DISK for Table:deletedTable
2019-10-01 07:25:35,907 [main] INFO  db.DBStoreBuilder (DBStoreBuilder.java:addTable(110)) - using custom profile for table: openKeyTable
2019-10-01 07:25:35,907 [main] INFO  db.DBStoreBuilder (DBStoreBuilder.java:processTables(161)) - Using default column profile:DBProfile.DISK for Table:openKeyTable
2019-10-01 07:25:35,907 [main] INFO  db.DBStoreBuilder (DBStoreBuilder.java:addTable(110)) - using custom profile for table: s3Table
2019-10-01 07:25:35,907 [main] INFO  db.DBStoreBuilder (DBStoreBuilder.java:processTables(161)) - Using default column profile:DBProfile.DISK for Table:s3Table
2019-10-01 07:25:35,908 [main] INFO  db.DBStoreBuilder (DBStoreBuilder.java:addTable(110)) - using custom profile for table: multipartInfoTable
2019-10-01 07:25:35,908 [main] INFO  db.DBStoreBuilder (DBStoreBuilder.java:processTables(161)) - Using default column profile:DBProfile.DISK for Table:multipartInfoTable
2019-10-01 07:25:35,908 [main] INFO  db.DBStoreBuilder (DBStoreBuilder.java:addTable(110)) - using custom profile for table: dTokenTable
2019-10-01 07:25:35,908 [main] INFO  db.DBStoreBuilder (DBStoreBuilder.java:processTables(161)) - Using default column profile:DBProfile.DISK for Table:dTokenTable
2019-10-01 07:25:35,909 [main] INFO  db.DBStoreBuilder (DBStoreBuilder.java:addTable(110)) - using custom profile for table: s3SecretTable
2019-10-01 07:25:35,909 [main] INFO  db.DBStoreBuilder (DBStoreBuilder.java:processTables(161)) - Using default column profile:DBProfile.DISK for Table:s3SecretTable
2019-10-01 07:25:35,909 [main] INFO  db.DBStoreBuilder (DBStoreBuilder.java:addTable(110)) - using custom profile for table: prefixTable
2019-10-01 07:25:35,909 [main] INFO  db.DBStoreBuilder (DBStoreBuilder.java:processTables(161)) - Using default column profile:DBProfile.DISK for Table:prefixTable
2019-10-01 07:25:35,910 [main] INFO  db.DBStoreBuilder (DBStoreBuilder.java:addTable(110)) - using custom profile for table: default
2019-10-01 07:25:35,910 [main] INFO  db.DBStoreBuilder (DBStoreBuilder.java:processTables(167)) - Using default column profile:DBProfile.DISK for Table:default
2019-10-01 07:25:35,910 [main] INFO  db.DBStoreBuilder (DBStoreBuilder.java:getDbProfile(198)) - Using default options. DBProfile.DISK
2019-10-01 07:25:36,829 [main] INFO  ipc.CallQueueManager (CallQueueManager.java:<init>(84)) - Using callQueue: class java.util.concurrent.LinkedBlockingQueue, queueCapacity: 2000, scheduler: class org.apache.hadoop.ipc.DefaultRpcScheduler, ipcBackoff: false.
2019-10-01 07:25:36,830 [Socket Reader #1 for port 37933] INFO  ipc.Server (Server.java:run(1074)) - Starting Socket Reader #1 for port 37933
2019-10-01 07:25:36,845 [main] INFO  om.OzoneManager (OzoneManager.java:start(1243)) - OzoneManager RPC server is listening at localhost/127.0.0.1:37933
2019-10-01 07:25:36,846 [main] INFO  impl.MetricsSystemImpl (MetricsSystemImpl.java:init(158)) - OzoneManager metrics system started (again)
2019-10-01 07:25:36,846 [IPC Server listener on 37933] INFO  ipc.Server (Server.java:run(1153)) - IPC Server listener on 37933: starting
2019-10-01 07:25:36,846 [IPC Server Responder] INFO  ipc.Server (Server.java:run(1314)) - IPC Server Responder: starting
2019-10-01 07:25:36,852 [main] INFO  hdfs.DFSUtil (DFSUtil.java:httpServerTemplateForNNAndJN(1641)) - Starting Web-server for ozoneManager at: http://0.0.0.0:0
2019-10-01 07:25:36,853 [main] INFO  server.AuthenticationFilter (AuthenticationFilter.java:constructSecretProvider(240)) - Unable to initialize FileSignerSecretProvider, falling back to use random secrets.
2019-10-01 07:25:36,854 [main] WARN  http.HttpRequestLog (HttpRequestLog.java:getRequestLog(97)) - Jetty request log can only be enabled using Log4j
2019-10-01 07:25:36,855 [main] INFO  http.HttpServer2 (HttpServer2.java:addGlobalFilter(975)) - Added global filter 'safety' (class=org.apache.hadoop.http.HttpServer2$QuotingInputFilter)
2019-10-01 07:25:36,855 [main] INFO  http.HttpServer2 (HttpServer2.java:addFilter(948)) - Added filter static_user_filter (class=org.apache.hadoop.http.lib.StaticUserWebFilter$StaticUserFilter) to context ozoneManager
2019-10-01 07:25:36,856 [main] INFO  http.HttpServer2 (HttpServer2.java:addFilter(958)) - Added filter static_user_filter (class=org.apache.hadoop.http.lib.StaticUserWebFilter$StaticUserFilter) to context logs
2019-10-01 07:25:36,856 [main] INFO  http.HttpServer2 (HttpServer2.java:addFilter(958)) - Added filter static_user_filter (class=org.apache.hadoop.http.lib.StaticUserWebFilter$StaticUserFilter) to context static
2019-10-01 07:25:36,856 [main] INFO  http.HttpServer2 (HttpServer2.java:bindListener(1191)) - Jetty bound to port 36011
2019-10-01 07:25:36,856 [main] INFO  server.Server (Server.java:doStart(351)) - jetty-9.3.25.v20180904, build timestamp: 2018-09-04T21:11:46Z, git hash: 3ce520221d0240229c862b122d2b06c12a625732
2019-10-01 07:25:36,858 [main] INFO  handler.ContextHandler (ContextHandler.java:doStart(781)) - Started o.e.j.s.ServletContextHandler@1ba467c2{/logs,file:///workdir/hadoop-ozone/integration-test/target/log,AVAILABLE}
2019-10-01 07:25:36,859 [main] INFO  handler.ContextHandler (ContextHandler.java:doStart(781)) - Started o.e.j.s.ServletContextHandler@7ef8eda7{/static,file:///workdir/hadoop-ozone/integration-test/target/test-classes/webapps/static,AVAILABLE}
2019-10-01 07:25:36,862 [main] INFO  handler.ContextHandler (ContextHandler.java:doStart(781)) - Started o.e.j.w.WebAppContext@51f95f0d{/,file:///workdir/hadoop-ozone/integration-test/target/test-classes/webapps/ozoneManager/,AVAILABLE}{/ozoneManager}
2019-10-01 07:25:36,862 [main] INFO  server.AbstractConnector (AbstractConnector.java:doStart(278)) - Started ServerConnector@6fc0bbc6{HTTP/1.1,[http/1.1]}{0.0.0.0:36011}
2019-10-01 07:25:36,863 [main] INFO  server.Server (Server.java:doStart(419)) - Started @128985ms
2019-10-01 07:25:36,864 [main] WARN  impl.MetricsSystemImpl (MetricsSystemImpl.java:register(276)) - Sink prometheus already exists!
2019-10-01 07:25:36,864 [main] INFO  server.BaseHttpServer (BaseHttpServer.java:updateConnectorAddress(215)) - HTTP server of OZONEMANAGER is listening at http://0.0.0.0:36011
2019-10-01 07:25:36,879 [main] INFO  impl.MetricsSystemImpl (MetricsSystemImpl.java:init(158)) - HddsDatanode metrics system started (again)
2019-10-01 07:25:36,881 [main] INFO  ozone.HddsDatanodeService (HddsDatanodeService.java:start(184)) - HddsDatanodeService host:pr-hdds-1984-bsjj8-3390809720 ip:192.168.30.18
2019-10-01 07:25:36,887 [main] INFO  volume.HddsVolume (HddsVolume.java:<init>(176)) - Creating Volume: /workdir/hadoop-ozone/integration-test/target/test-dir/MiniOzoneClusterImpl-54948dff-2f48-4783-91d2-2f208bfbfb90/datanode-0/data/containers/hdds of  storage type : DISK and capacity : 1482555576320
2019-10-01 07:25:36,887 [main] INFO  volume.VolumeSet (VolumeSet.java:initializeVolumeSet(170)) - Added Volume : /workdir/hadoop-ozone/integration-test/target/test-dir/MiniOzoneClusterImpl-54948dff-2f48-4783-91d2-2f208bfbfb90/datanode-0/data/containers/hdds to VolumeSet
2019-10-01 07:25:36,888 [main] INFO  volume.ThrottledAsyncChecker (ThrottledAsyncChecker.java:schedule(139)) - Scheduling a check for org.apache.hadoop.ozone.container.common.volume.HddsVolume@47acd13b
2019-10-01 07:25:36,889 [main] INFO  volume.HddsVolumeChecker (HddsVolumeChecker.java:checkAllVolumes(202)) - Scheduled health check for volume org.apache.hadoop.ozone.container.common.volume.HddsVolume@47acd13b
2019-10-01 07:25:36,900 [main] INFO  impl.RaftServerProxy (ConfUtils.java:logGet(43)) - raft.rpc.type = GRPC (default)
2019-10-01 07:25:36,900 [main] INFO  grpc.GrpcFactory (GrpcFactory.java:checkPooledByteBufAllocatorUseCacheForAllThreads(45)) - PERFORMANCE WARNING: useCacheForAllThreads is true that may cause Netty to create a lot garbage objects and, as a result, trigger GC.
	It is recommended to disable useCacheForAllThreads by setting -Dorg.apache.ratis.thirdparty.io.netty.allocator.useCacheForAllThreads=false in command line.
2019-10-01 07:25:36,901 [main] INFO  grpc.GrpcConfigKeys$Server (ConfUtils.java:logGet(43)) - raft.grpc.server.port = 0 (default)
2019-10-01 07:25:36,901 [main] INFO  server.GrpcService (ConfUtils.java:logGet(43)) - raft.grpc.message.size.max = 33570816 (custom)
2019-10-01 07:25:36,901 [main] INFO  server.RaftServerConfigKeys (ConfUtils.java:logGet(43)) - raft.server.log.appender.buffer.byte-limit = 33554432 (custom)
2019-10-01 07:25:36,901 [main] INFO  server.GrpcService (ConfUtils.java:logGet(43)) - raft.grpc.flow.control.window = 1MB (=1048576) (default)
2019-10-01 07:25:36,901 [main] INFO  server.RaftServerConfigKeys (ConfUtils.java:logGet(43)) - raft.server.rpc.request.timeout = 3000ms (default)
2019-10-01 07:25:36,902 [main] INFO  server.RaftServerConfigKeys (ConfUtils.java:logGet(43)) - raft.server.storage.dir = [/workdir/hadoop-ozone/integration-test/target/test-dir/MiniOzoneClusterImpl-54948dff-2f48-4783-91d2-2f208bfbfb90/datanode-0/data/ratis] (custom)
2019-10-01 07:25:36,904 [main] INFO  hdfs.DFSUtil (DFSUtil.java:httpServerTemplateForNNAndJN(1641)) - Starting Web-server for hddsDatanode at: http://0.0.0.0:0
2019-10-01 07:25:36,908 [main] INFO  server.AuthenticationFilter (AuthenticationFilter.java:constructSecretProvider(240)) - Unable to initialize FileSignerSecretProvider, falling back to use random secrets.
2019-10-01 07:25:36,909 [main] WARN  http.HttpRequestLog (HttpRequestLog.java:getRequestLog(97)) - Jetty request log can only be enabled using Log4j
2019-10-01 07:25:36,910 [main] INFO  http.HttpServer2 (HttpServer2.java:addGlobalFilter(975)) - Added global filter 'safety' (class=org.apache.hadoop.http.HttpServer2$QuotingInputFilter)
2019-10-01 07:25:36,910 [main] INFO  http.HttpServer2 (HttpServer2.java:addFilter(948)) - Added filter static_user_filter (class=org.apache.hadoop.http.lib.StaticUserWebFilter$StaticUserFilter) to context hddsDatanode
2019-10-01 07:25:36,910 [main] INFO  http.HttpServer2 (HttpServer2.java:addFilter(958)) - Added filter static_user_filter (class=org.apache.hadoop.http.lib.StaticUserWebFilter$StaticUserFilter) to context static
2019-10-01 07:25:36,911 [main] INFO  http.HttpServer2 (HttpServer2.java:addFilter(958)) - Added filter static_user_filter (class=org.apache.hadoop.http.lib.StaticUserWebFilter$StaticUserFilter) to context logs
2019-10-01 07:25:36,911 [main] INFO  http.HttpServer2 (HttpServer2.java:bindListener(1191)) - Jetty bound to port 38082
2019-10-01 07:25:36,911 [main] INFO  server.Server (Server.java:doStart(351)) - jetty-9.3.25.v20180904, build timestamp: 2018-09-04T21:11:46Z, git hash: 3ce520221d0240229c862b122d2b06c12a625732
2019-10-01 07:25:36,913 [main] INFO  handler.ContextHandler (ContextHandler.java:doStart(781)) - Started o.e.j.s.ServletContextHandler@5e26f1ed{/logs,file:///workdir/hadoop-ozone/integration-test/target/log,AVAILABLE}
2019-10-01 07:25:36,913 [main] INFO  handler.ContextHandler (ContextHandler.java:doStart(781)) - Started o.e.j.s.ServletContextHandler@25c2a9e3{/static,jar:file:/home/user/.m2/repository/org/apache/hadoop/hadoop-hdds-container-service/0.5.0-SNAPSHOT/hadoop-hdds-container-service-0.5.0-SNAPSHOT.jar!/webapps/static,AVAILABLE}
2019-10-01 07:25:36,940 [main] INFO  handler.ContextHandler (ContextHandler.java:doStart(781)) - Started o.e.j.w.WebAppContext@4dadd690{/,file:///tmp/jetty-0.0.0.0-38082-hddsDatanode-_-any-6227223677720024434.dir/webapp/,AVAILABLE}{/hddsDatanode}
2019-10-01 07:25:36,941 [main] INFO  server.AbstractConnector (AbstractConnector.java:doStart(278)) - Started ServerConnector@707e4fe4{HTTP/1.1,[http/1.1]}{0.0.0.0:38082}
2019-10-01 07:25:36,944 [main] INFO  server.Server (Server.java:doStart(419)) - Started @129065ms
2019-10-01 07:25:36,944 [main] WARN  impl.MetricsSystemImpl (MetricsSystemImpl.java:register(276)) - Sink prometheus already exists!
2019-10-01 07:25:36,945 [main] INFO  server.BaseHttpServer (BaseHttpServer.java:updateConnectorAddress(215)) - HTTP server of HDDSDATANODE is listening at http://0.0.0.0:38082
2019-10-01 07:25:36,945 [main] INFO  impl.MetricsSystemImpl (MetricsSystemImpl.java:init(158)) - HddsDatanode metrics system started (again)
2019-10-01 07:25:36,948 [main] INFO  ozone.HddsDatanodeService (HddsDatanodeService.java:start(184)) - HddsDatanodeService host:pr-hdds-1984-bsjj8-3390809720 ip:192.168.30.18
2019-10-01 07:25:36,948 [org.apache.hadoop.util.JvmPauseMonitor$Monitor@108b34d4] INFO  util.JvmPauseMonitor (JvmPauseMonitor.java:run(188)) - Starting JVM pause monitor
2019-10-01 07:25:36,950 [Datanode State Machine Thread - 0] INFO  datanode.InitDatanodeState (InitDatanodeState.java:persistContainerDatanodeDetails(140)) - DatanodeDetails is persisted to /workdir/hadoop-ozone/integration-test/target/test-dir/MiniOzoneClusterImpl-54948dff-2f48-4783-91d2-2f208bfbfb90/datanode-0/meta/datanode.id
2019-10-01 07:25:36,955 [main] INFO  volume.HddsVolume (HddsVolume.java:<init>(176)) - Creating Volume: /workdir/hadoop-ozone/integration-test/target/test-dir/MiniOzoneClusterImpl-54948dff-2f48-4783-91d2-2f208bfbfb90/datanode-1/data/containers/hdds of  storage type : DISK and capacity : 1482555576320
2019-10-01 07:25:36,955 [main] INFO  volume.VolumeSet (VolumeSet.java:initializeVolumeSet(170)) - Added Volume : /workdir/hadoop-ozone/integration-test/target/test-dir/MiniOzoneClusterImpl-54948dff-2f48-4783-91d2-2f208bfbfb90/datanode-1/data/containers/hdds to VolumeSet
2019-10-01 07:25:36,955 [main] INFO  volume.ThrottledAsyncChecker (ThrottledAsyncChecker.java:schedule(139)) - Scheduling a check for org.apache.hadoop.ozone.container.common.volume.HddsVolume@4f379769
2019-10-01 07:25:36,955 [main] INFO  volume.HddsVolumeChecker (HddsVolumeChecker.java:checkAllVolumes(202)) - Scheduled health check for volume org.apache.hadoop.ozone.container.common.volume.HddsVolume@4f379769
2019-10-01 07:25:36,967 [main] INFO  impl.RaftServerProxy (ConfUtils.java:logGet(43)) - raft.rpc.type = GRPC (default)
2019-10-01 07:25:36,967 [main] INFO  grpc.GrpcFactory (GrpcFactory.java:checkPooledByteBufAllocatorUseCacheForAllThreads(45)) - PERFORMANCE WARNING: useCacheForAllThreads is true that may cause Netty to create a lot garbage objects and, as a result, trigger GC.
	It is recommended to disable useCacheForAllThreads by setting -Dorg.apache.ratis.thirdparty.io.netty.allocator.useCacheForAllThreads=false in command line.
2019-10-01 07:25:36,968 [main] INFO  grpc.GrpcConfigKeys$Server (ConfUtils.java:logGet(43)) - raft.grpc.server.port = 0 (default)
2019-10-01 07:25:36,968 [main] INFO  server.GrpcService (ConfUtils.java:logGet(43)) - raft.grpc.message.size.max = 33570816 (custom)
2019-10-01 07:25:36,968 [main] INFO  server.RaftServerConfigKeys (ConfUtils.java:logGet(43)) - raft.server.log.appender.buffer.byte-limit = 33554432 (custom)
2019-10-01 07:25:36,968 [main] INFO  server.GrpcService (ConfUtils.java:logGet(43)) - raft.grpc.flow.control.window = 1MB (=1048576) (default)
2019-10-01 07:25:36,968 [main] INFO  server.RaftServerConfigKeys (ConfUtils.java:logGet(43)) - raft.server.rpc.request.timeout = 3000ms (default)
2019-10-01 07:25:36,969 [main] INFO  server.RaftServerConfigKeys (ConfUtils.java:logGet(43)) - raft.server.storage.dir = [/workdir/hadoop-ozone/integration-test/target/test-dir/MiniOzoneClusterImpl-54948dff-2f48-4783-91d2-2f208bfbfb90/datanode-1/data/ratis] (custom)
2019-10-01 07:25:36,971 [main] INFO  hdfs.DFSUtil (DFSUtil.java:httpServerTemplateForNNAndJN(1641)) - Starting Web-server for hddsDatanode at: http://0.0.0.0:0
2019-10-01 07:25:36,972 [main] INFO  server.AuthenticationFilter (AuthenticationFilter.java:constructSecretProvider(240)) - Unable to initialize FileSignerSecretProvider, falling back to use random secrets.
2019-10-01 07:25:36,972 [main] WARN  http.HttpRequestLog (HttpRequestLog.java:getRequestLog(97)) - Jetty request log can only be enabled using Log4j
2019-10-01 07:25:36,973 [main] INFO  http.HttpServer2 (HttpServer2.java:addGlobalFilter(975)) - Added global filter 'safety' (class=org.apache.hadoop.http.HttpServer2$QuotingInputFilter)
2019-10-01 07:25:36,973 [main] INFO  http.HttpServer2 (HttpServer2.java:addFilter(948)) - Added filter static_user_filter (class=org.apache.hadoop.http.lib.StaticUserWebFilter$StaticUserFilter) to context hddsDatanode
2019-10-01 07:25:36,974 [main] INFO  http.HttpServer2 (HttpServer2.java:addFilter(958)) - Added filter static_user_filter (class=org.apache.hadoop.http.lib.StaticUserWebFilter$StaticUserFilter) to context static
2019-10-01 07:25:36,974 [main] INFO  http.HttpServer2 (HttpServer2.java:addFilter(958)) - Added filter static_user_filter (class=org.apache.hadoop.http.lib.StaticUserWebFilter$StaticUserFilter) to context logs
2019-10-01 07:25:36,974 [main] INFO  http.HttpServer2 (HttpServer2.java:bindListener(1191)) - Jetty bound to port 41403
2019-10-01 07:25:36,974 [main] INFO  server.Server (Server.java:doStart(351)) - jetty-9.3.25.v20180904, build timestamp: 2018-09-04T21:11:46Z, git hash: 3ce520221d0240229c862b122d2b06c12a625732
2019-10-01 07:25:36,976 [main] INFO  handler.ContextHandler (ContextHandler.java:doStart(781)) - Started o.e.j.s.ServletContextHandler@472d0f4{/logs,file:///workdir/hadoop-ozone/integration-test/target/log,AVAILABLE}
2019-10-01 07:25:36,976 [main] INFO  handler.ContextHandler (ContextHandler.java:doStart(781)) - Started o.e.j.s.ServletContextHandler@4d7a64ca{/static,jar:file:/home/user/.m2/repository/org/apache/hadoop/hadoop-hdds-container-service/0.5.0-SNAPSHOT/hadoop-hdds-container-service-0.5.0-SNAPSHOT.jar!/webapps/static,AVAILABLE}
2019-10-01 07:25:37,004 [main] INFO  handler.ContextHandler (ContextHandler.java:doStart(781)) - Started o.e.j.w.WebAppContext@4c19d42e{/,file:///tmp/jetty-0.0.0.0-41403-hddsDatanode-_-any-7691051135598148628.dir/webapp/,AVAILABLE}{/hddsDatanode}
2019-10-01 07:25:37,005 [main] INFO  server.AbstractConnector (AbstractConnector.java:doStart(278)) - Started ServerConnector@373e6b9d{HTTP/1.1,[http/1.1]}{0.0.0.0:41403}
2019-10-01 07:25:37,006 [main] INFO  server.Server (Server.java:doStart(419)) - Started @129127ms
2019-10-01 07:25:37,006 [main] WARN  impl.MetricsSystemImpl (MetricsSystemImpl.java:register(276)) - Sink prometheus already exists!
2019-10-01 07:25:37,006 [main] INFO  server.BaseHttpServer (BaseHttpServer.java:updateConnectorAddress(215)) - HTTP server of HDDSDATANODE is listening at http://0.0.0.0:41403
2019-10-01 07:25:37,007 [main] INFO  impl.MetricsSystemImpl (MetricsSystemImpl.java:init(158)) - HddsDatanode metrics system started (again)
2019-10-01 07:25:37,010 [org.apache.hadoop.util.JvmPauseMonitor$Monitor@2fb94480] INFO  util.JvmPauseMonitor (JvmPauseMonitor.java:run(188)) - Starting JVM pause monitor
2019-10-01 07:25:37,011 [main] INFO  ozone.HddsDatanodeService (HddsDatanodeService.java:start(184)) - HddsDatanodeService host:pr-hdds-1984-bsjj8-3390809720 ip:192.168.30.18
2019-10-01 07:25:37,012 [Datanode State Machine Thread - 0] INFO  datanode.InitDatanodeState (InitDatanodeState.java:persistContainerDatanodeDetails(140)) - DatanodeDetails is persisted to /workdir/hadoop-ozone/integration-test/target/test-dir/MiniOzoneClusterImpl-54948dff-2f48-4783-91d2-2f208bfbfb90/datanode-1/meta/datanode.id
2019-10-01 07:25:37,018 [main] INFO  volume.HddsVolume (HddsVolume.java:<init>(176)) - Creating Volume: /workdir/hadoop-ozone/integration-test/target/test-dir/MiniOzoneClusterImpl-54948dff-2f48-4783-91d2-2f208bfbfb90/datanode-2/data/containers/hdds of  storage type : DISK and capacity : 1482555576320
2019-10-01 07:25:37,018 [main] INFO  volume.VolumeSet (VolumeSet.java:initializeVolumeSet(170)) - Added Volume : /workdir/hadoop-ozone/integration-test/target/test-dir/MiniOzoneClusterImpl-54948dff-2f48-4783-91d2-2f208bfbfb90/datanode-2/data/containers/hdds to VolumeSet
2019-10-01 07:25:37,018 [main] INFO  volume.ThrottledAsyncChecker (ThrottledAsyncChecker.java:schedule(139)) - Scheduling a check for org.apache.hadoop.ozone.container.common.volume.HddsVolume@654e6a90
2019-10-01 07:25:37,019 [main] INFO  volume.HddsVolumeChecker (HddsVolumeChecker.java:checkAllVolumes(202)) - Scheduled health check for volume org.apache.hadoop.ozone.container.common.volume.HddsVolume@654e6a90
2019-10-01 07:25:37,032 [main] INFO  impl.RaftServerProxy (ConfUtils.java:logGet(43)) - raft.rpc.type = GRPC (default)
2019-10-01 07:25:37,032 [main] INFO  grpc.GrpcFactory (GrpcFactory.java:checkPooledByteBufAllocatorUseCacheForAllThreads(45)) - PERFORMANCE WARNING: useCacheForAllThreads is true that may cause Netty to create a lot garbage objects and, as a result, trigger GC.
	It is recommended to disable useCacheForAllThreads by setting -Dorg.apache.ratis.thirdparty.io.netty.allocator.useCacheForAllThreads=false in command line.
2019-10-01 07:25:37,033 [main] INFO  grpc.GrpcConfigKeys$Server (ConfUtils.java:logGet(43)) - raft.grpc.server.port = 0 (default)
2019-10-01 07:25:37,033 [main] INFO  server.GrpcService (ConfUtils.java:logGet(43)) - raft.grpc.message.size.max = 33570816 (custom)
2019-10-01 07:25:37,033 [main] INFO  server.RaftServerConfigKeys (ConfUtils.java:logGet(43)) - raft.server.log.appender.buffer.byte-limit = 33554432 (custom)
2019-10-01 07:25:37,033 [main] INFO  server.GrpcService (ConfUtils.java:logGet(43)) - raft.grpc.flow.control.window = 1MB (=1048576) (default)
2019-10-01 07:25:37,033 [main] INFO  server.RaftServerConfigKeys (ConfUtils.java:logGet(43)) - raft.server.rpc.request.timeout = 3000ms (default)
2019-10-01 07:25:37,034 [main] INFO  server.RaftServerConfigKeys (ConfUtils.java:logGet(43)) - raft.server.storage.dir = [/workdir/hadoop-ozone/integration-test/target/test-dir/MiniOzoneClusterImpl-54948dff-2f48-4783-91d2-2f208bfbfb90/datanode-2/data/ratis] (custom)
2019-10-01 07:25:37,035 [main] INFO  hdfs.DFSUtil (DFSUtil.java:httpServerTemplateForNNAndJN(1641)) - Starting Web-server for hddsDatanode at: http://0.0.0.0:0
2019-10-01 07:25:37,036 [main] INFO  server.AuthenticationFilter (AuthenticationFilter.java:constructSecretProvider(240)) - Unable to initialize FileSignerSecretProvider, falling back to use random secrets.
2019-10-01 07:25:37,037 [main] WARN  http.HttpRequestLog (HttpRequestLog.java:getRequestLog(97)) - Jetty request log can only be enabled using Log4j
2019-10-01 07:25:37,038 [main] INFO  http.HttpServer2 (HttpServer2.java:addGlobalFilter(975)) - Added global filter 'safety' (class=org.apache.hadoop.http.HttpServer2$QuotingInputFilter)
2019-10-01 07:25:37,039 [main] INFO  http.HttpServer2 (HttpServer2.java:addFilter(948)) - Added filter static_user_filter (class=org.apache.hadoop.http.lib.StaticUserWebFilter$StaticUserFilter) to context hddsDatanode
2019-10-01 07:25:37,039 [main] INFO  http.HttpServer2 (HttpServer2.java:addFilter(958)) - Added filter static_user_filter (class=org.apache.hadoop.http.lib.StaticUserWebFilter$StaticUserFilter) to context logs
2019-10-01 07:25:37,039 [main] INFO  http.HttpServer2 (HttpServer2.java:addFilter(958)) - Added filter static_user_filter (class=org.apache.hadoop.http.lib.StaticUserWebFilter$StaticUserFilter) to context static
2019-10-01 07:25:37,040 [main] INFO  http.HttpServer2 (HttpServer2.java:bindListener(1191)) - Jetty bound to port 44058
2019-10-01 07:25:37,040 [main] INFO  server.Server (Server.java:doStart(351)) - jetty-9.3.25.v20180904, build timestamp: 2018-09-04T21:11:46Z, git hash: 3ce520221d0240229c862b122d2b06c12a625732
2019-10-01 07:25:37,042 [main] INFO  handler.ContextHandler (ContextHandler.java:doStart(781)) - Started o.e.j.s.ServletContextHandler@5ae1c281{/logs,file:///workdir/hadoop-ozone/integration-test/target/log,AVAILABLE}
2019-10-01 07:25:37,043 [main] INFO  handler.ContextHandler (ContextHandler.java:doStart(781)) - Started o.e.j.s.ServletContextHandler@1e957e2f{/static,jar:file:/home/user/.m2/repository/org/apache/hadoop/hadoop-hdds-container-service/0.5.0-SNAPSHOT/hadoop-hdds-container-service-0.5.0-SNAPSHOT.jar!/webapps/static,AVAILABLE}
2019-10-01 07:25:37,077 [main] INFO  handler.ContextHandler (ContextHandler.java:doStart(781)) - Started o.e.j.w.WebAppContext@3d88e6b9{/,file:///tmp/jetty-0.0.0.0-44058-hddsDatanode-_-any-6370226950061785414.dir/webapp/,AVAILABLE}{/hddsDatanode}
2019-10-01 07:25:37,078 [main] INFO  server.AbstractConnector (AbstractConnector.java:doStart(278)) - Started ServerConnector@22bf9122{HTTP/1.1,[http/1.1]}{0.0.0.0:44058}
2019-10-01 07:25:37,079 [main] INFO  server.Server (Server.java:doStart(419)) - Started @129200ms
2019-10-01 07:25:37,079 [main] WARN  impl.MetricsSystemImpl (MetricsSystemImpl.java:register(276)) - Sink prometheus already exists!
2019-10-01 07:25:37,080 [main] INFO  server.BaseHttpServer (BaseHttpServer.java:updateConnectorAddress(215)) - HTTP server of HDDSDATANODE is listening at http://0.0.0.0:44058
2019-10-01 07:25:37,080 [main] INFO  impl.MetricsSystemImpl (MetricsSystemImpl.java:init(158)) - HddsDatanode metrics system started (again)
2019-10-01 07:25:37,083 [org.apache.hadoop.util.JvmPauseMonitor$Monitor@5a15479] INFO  util.JvmPauseMonitor (JvmPauseMonitor.java:run(188)) - Starting JVM pause monitor
2019-10-01 07:25:37,083 [main] INFO  ozone.HddsDatanodeService (HddsDatanodeService.java:start(184)) - HddsDatanodeService host:pr-hdds-1984-bsjj8-3390809720 ip:192.168.30.18
2019-10-01 07:25:37,085 [Datanode State Machine Thread - 0] INFO  datanode.InitDatanodeState (InitDatanodeState.java:persistContainerDatanodeDetails(140)) - DatanodeDetails is persisted to /workdir/hadoop-ozone/integration-test/target/test-dir/MiniOzoneClusterImpl-54948dff-2f48-4783-91d2-2f208bfbfb90/datanode-2/meta/datanode.id
2019-10-01 07:25:37,090 [main] INFO  volume.HddsVolume (HddsVolume.java:<init>(176)) - Creating Volume: /workdir/hadoop-ozone/integration-test/target/test-dir/MiniOzoneClusterImpl-54948dff-2f48-4783-91d2-2f208bfbfb90/datanode-3/data/containers/hdds of  storage type : DISK and capacity : 1482555576320
2019-10-01 07:25:37,091 [main] INFO  volume.VolumeSet (VolumeSet.java:initializeVolumeSet(170)) - Added Volume : /workdir/hadoop-ozone/integration-test/target/test-dir/MiniOzoneClusterImpl-54948dff-2f48-4783-91d2-2f208bfbfb90/datanode-3/data/containers/hdds to VolumeSet
2019-10-01 07:25:37,091 [main] INFO  volume.ThrottledAsyncChecker (ThrottledAsyncChecker.java:schedule(139)) - Scheduling a check for org.apache.hadoop.ozone.container.common.volume.HddsVolume@25ffd826
2019-10-01 07:25:37,091 [main] INFO  volume.HddsVolumeChecker (HddsVolumeChecker.java:checkAllVolumes(202)) - Scheduled health check for volume org.apache.hadoop.ozone.container.common.volume.HddsVolume@25ffd826
2019-10-01 07:25:37,104 [main] INFO  impl.RaftServerProxy (ConfUtils.java:logGet(43)) - raft.rpc.type = GRPC (default)
2019-10-01 07:25:37,104 [main] INFO  grpc.GrpcFactory (GrpcFactory.java:checkPooledByteBufAllocatorUseCacheForAllThreads(45)) - PERFORMANCE WARNING: useCacheForAllThreads is true that may cause Netty to create a lot garbage objects and, as a result, trigger GC.
	It is recommended to disable useCacheForAllThreads by setting -Dorg.apache.ratis.thirdparty.io.netty.allocator.useCacheForAllThreads=false in command line.
2019-10-01 07:25:37,104 [main] INFO  grpc.GrpcConfigKeys$Server (ConfUtils.java:logGet(43)) - raft.grpc.server.port = 0 (default)
2019-10-01 07:25:37,105 [main] INFO  server.GrpcService (ConfUtils.java:logGet(43)) - raft.grpc.message.size.max = 33570816 (custom)
2019-10-01 07:25:37,105 [main] INFO  server.RaftServerConfigKeys (ConfUtils.java:logGet(43)) - raft.server.log.appender.buffer.byte-limit = 33554432 (custom)
2019-10-01 07:25:37,105 [main] INFO  server.GrpcService (ConfUtils.java:logGet(43)) - raft.grpc.flow.control.window = 1MB (=1048576) (default)
2019-10-01 07:25:37,105 [main] INFO  server.RaftServerConfigKeys (ConfUtils.java:logGet(43)) - raft.server.rpc.request.timeout = 3000ms (default)
2019-10-01 07:25:37,106 [main] INFO  server.RaftServerConfigKeys (ConfUtils.java:logGet(43)) - raft.server.storage.dir = [/workdir/hadoop-ozone/integration-test/target/test-dir/MiniOzoneClusterImpl-54948dff-2f48-4783-91d2-2f208bfbfb90/datanode-3/data/ratis] (custom)
2019-10-01 07:25:37,107 [main] INFO  hdfs.DFSUtil (DFSUtil.java:httpServerTemplateForNNAndJN(1641)) - Starting Web-server for hddsDatanode at: http://0.0.0.0:0
2019-10-01 07:25:37,108 [main] INFO  server.AuthenticationFilter (AuthenticationFilter.java:constructSecretProvider(240)) - Unable to initialize FileSignerSecretProvider, falling back to use random secrets.
2019-10-01 07:25:37,108 [main] WARN  http.HttpRequestLog (HttpRequestLog.java:getRequestLog(97)) - Jetty request log can only be enabled using Log4j
2019-10-01 07:25:37,109 [main] INFO  http.HttpServer2 (HttpServer2.java:addGlobalFilter(975)) - Added global filter 'safety' (class=org.apache.hadoop.http.HttpServer2$QuotingInputFilter)
2019-10-01 07:25:37,110 [main] INFO  http.HttpServer2 (HttpServer2.java:addFilter(948)) - Added filter static_user_filter (class=org.apache.hadoop.http.lib.StaticUserWebFilter$StaticUserFilter) to context hddsDatanode
2019-10-01 07:25:37,110 [main] INFO  http.HttpServer2 (HttpServer2.java:addFilter(958)) - Added filter static_user_filter (class=org.apache.hadoop.http.lib.StaticUserWebFilter$StaticUserFilter) to context static
2019-10-01 07:25:37,110 [main] INFO  http.HttpServer2 (HttpServer2.java:addFilter(958)) - Added filter static_user_filter (class=org.apache.hadoop.http.lib.StaticUserWebFilter$StaticUserFilter) to context logs
2019-10-01 07:25:37,111 [main] INFO  http.HttpServer2 (HttpServer2.java:bindListener(1191)) - Jetty bound to port 41770
2019-10-01 07:25:37,111 [main] INFO  server.Server (Server.java:doStart(351)) - jetty-9.3.25.v20180904, build timestamp: 2018-09-04T21:11:46Z, git hash: 3ce520221d0240229c862b122d2b06c12a625732
2019-10-01 07:25:37,112 [main] INFO  handler.ContextHandler (ContextHandler.java:doStart(781)) - Started o.e.j.s.ServletContextHandler@26865482{/logs,file:///workdir/hadoop-ozone/integration-test/target/log,AVAILABLE}
2019-10-01 07:25:37,113 [main] INFO  handler.ContextHandler (ContextHandler.java:doStart(781)) - Started o.e.j.s.ServletContextHandler@c1050f2{/static,jar:file:/home/user/.m2/repository/org/apache/hadoop/hadoop-hdds-container-service/0.5.0-SNAPSHOT/hadoop-hdds-container-service-0.5.0-SNAPSHOT.jar!/webapps/static,AVAILABLE}
2019-10-01 07:25:37,140 [main] INFO  handler.ContextHandler (ContextHandler.java:doStart(781)) - Started o.e.j.w.WebAppContext@834e986{/,file:///tmp/jetty-0.0.0.0-41770-hddsDatanode-_-any-4295727729433997168.dir/webapp/,AVAILABLE}{/hddsDatanode}
2019-10-01 07:25:37,141 [main] INFO  server.AbstractConnector (AbstractConnector.java:doStart(278)) - Started ServerConnector@6cae2e4d{HTTP/1.1,[http/1.1]}{0.0.0.0:41770}
2019-10-01 07:25:37,142 [main] INFO  server.Server (Server.java:doStart(419)) - Started @129263ms
2019-10-01 07:25:37,142 [main] WARN  impl.MetricsSystemImpl (MetricsSystemImpl.java:register(276)) - Sink prometheus already exists!
2019-10-01 07:25:37,142 [main] INFO  server.BaseHttpServer (BaseHttpServer.java:updateConnectorAddress(215)) - HTTP server of HDDSDATANODE is listening at http://0.0.0.0:41770
2019-10-01 07:25:37,143 [main] INFO  impl.MetricsSystemImpl (MetricsSystemImpl.java:init(158)) - HddsDatanode metrics system started (again)
2019-10-01 07:25:37,146 [main] INFO  ozone.HddsDatanodeService (HddsDatanodeService.java:start(184)) - HddsDatanodeService host:pr-hdds-1984-bsjj8-3390809720 ip:192.168.30.18
2019-10-01 07:25:37,146 [org.apache.hadoop.util.JvmPauseMonitor$Monitor@66c86efe] INFO  util.JvmPauseMonitor (JvmPauseMonitor.java:run(188)) - Starting JVM pause monitor
2019-10-01 07:25:37,148 [Datanode State Machine Thread - 0] INFO  datanode.InitDatanodeState (InitDatanodeState.java:persistContainerDatanodeDetails(140)) - DatanodeDetails is persisted to /workdir/hadoop-ozone/integration-test/target/test-dir/MiniOzoneClusterImpl-54948dff-2f48-4783-91d2-2f208bfbfb90/datanode-3/meta/datanode.id
2019-10-01 07:25:37,157 [main] INFO  volume.HddsVolume (HddsVolume.java:<init>(176)) - Creating Volume: /workdir/hadoop-ozone/integration-test/target/test-dir/MiniOzoneClusterImpl-54948dff-2f48-4783-91d2-2f208bfbfb90/datanode-4/data/containers/hdds of  storage type : DISK and capacity : 1482555576320
2019-10-01 07:25:37,157 [main] INFO  volume.VolumeSet (VolumeSet.java:initializeVolumeSet(170)) - Added Volume : /workdir/hadoop-ozone/integration-test/target/test-dir/MiniOzoneClusterImpl-54948dff-2f48-4783-91d2-2f208bfbfb90/datanode-4/data/containers/hdds to VolumeSet
2019-10-01 07:25:37,157 [main] INFO  volume.ThrottledAsyncChecker (ThrottledAsyncChecker.java:schedule(139)) - Scheduling a check for org.apache.hadoop.ozone.container.common.volume.HddsVolume@602f8f94
2019-10-01 07:25:37,157 [main] INFO  volume.HddsVolumeChecker (HddsVolumeChecker.java:checkAllVolumes(202)) - Scheduled health check for volume org.apache.hadoop.ozone.container.common.volume.HddsVolume@602f8f94
2019-10-01 07:25:37,169 [main] INFO  impl.RaftServerProxy (ConfUtils.java:logGet(43)) - raft.rpc.type = GRPC (default)
2019-10-01 07:25:37,169 [main] INFO  grpc.GrpcFactory (GrpcFactory.java:checkPooledByteBufAllocatorUseCacheForAllThreads(45)) - PERFORMANCE WARNING: useCacheForAllThreads is true that may cause Netty to create a lot garbage objects and, as a result, trigger GC.
	It is recommended to disable useCacheForAllThreads by setting -Dorg.apache.ratis.thirdparty.io.netty.allocator.useCacheForAllThreads=false in command line.
2019-10-01 07:25:37,169 [main] INFO  grpc.GrpcConfigKeys$Server (ConfUtils.java:logGet(43)) - raft.grpc.server.port = 0 (default)
2019-10-01 07:25:37,170 [main] INFO  server.GrpcService (ConfUtils.java:logGet(43)) - raft.grpc.message.size.max = 33570816 (custom)
2019-10-01 07:25:37,170 [main] INFO  server.RaftServerConfigKeys (ConfUtils.java:logGet(43)) - raft.server.log.appender.buffer.byte-limit = 33554432 (custom)
2019-10-01 07:25:37,170 [main] INFO  server.GrpcService (ConfUtils.java:logGet(43)) - raft.grpc.flow.control.window = 1MB (=1048576) (default)
2019-10-01 07:25:37,170 [main] INFO  server.RaftServerConfigKeys (ConfUtils.java:logGet(43)) - raft.server.rpc.request.timeout = 3000ms (default)
2019-10-01 07:25:37,171 [main] INFO  server.RaftServerConfigKeys (ConfUtils.java:logGet(43)) - raft.server.storage.dir = [/workdir/hadoop-ozone/integration-test/target/test-dir/MiniOzoneClusterImpl-54948dff-2f48-4783-91d2-2f208bfbfb90/datanode-4/data/ratis] (custom)
2019-10-01 07:25:37,172 [main] INFO  hdfs.DFSUtil (DFSUtil.java:httpServerTemplateForNNAndJN(1641)) - Starting Web-server for hddsDatanode at: http://0.0.0.0:0
2019-10-01 07:25:37,173 [main] INFO  server.AuthenticationFilter (AuthenticationFilter.java:constructSecretProvider(240)) - Unable to initialize FileSignerSecretProvider, falling back to use random secrets.
2019-10-01 07:25:37,173 [main] WARN  http.HttpRequestLog (HttpRequestLog.java:getRequestLog(97)) - Jetty request log can only be enabled using Log4j
2019-10-01 07:25:37,174 [main] INFO  http.HttpServer2 (HttpServer2.java:addGlobalFilter(975)) - Added global filter 'safety' (class=org.apache.hadoop.http.HttpServer2$QuotingInputFilter)
2019-10-01 07:25:37,175 [main] INFO  http.HttpServer2 (HttpServer2.java:addFilter(948)) - Added filter static_user_filter (class=org.apache.hadoop.http.lib.StaticUserWebFilter$StaticUserFilter) to context hddsDatanode
2019-10-01 07:25:37,175 [main] INFO  http.HttpServer2 (HttpServer2.java:addFilter(958)) - Added filter static_user_filter (class=org.apache.hadoop.http.lib.StaticUserWebFilter$StaticUserFilter) to context static
2019-10-01 07:25:37,175 [main] INFO  http.HttpServer2 (HttpServer2.java:addFilter(958)) - Added filter static_user_filter (class=org.apache.hadoop.http.lib.StaticUserWebFilter$StaticUserFilter) to context logs
2019-10-01 07:25:37,175 [main] INFO  http.HttpServer2 (HttpServer2.java:bindListener(1191)) - Jetty bound to port 38719
2019-10-01 07:25:37,176 [main] INFO  server.Server (Server.java:doStart(351)) - jetty-9.3.25.v20180904, build timestamp: 2018-09-04T21:11:46Z, git hash: 3ce520221d0240229c862b122d2b06c12a625732
2019-10-01 07:25:37,177 [main] INFO  handler.ContextHandler (ContextHandler.java:doStart(781)) - Started o.e.j.s.ServletContextHandler@7a9ceddf{/logs,file:///workdir/hadoop-ozone/integration-test/target/log,AVAILABLE}
2019-10-01 07:25:37,178 [main] INFO  handler.ContextHandler (ContextHandler.java:doStart(781)) - Started o.e.j.s.ServletContextHandler@11c713b7{/static,jar:file:/home/user/.m2/repository/org/apache/hadoop/hadoop-hdds-container-service/0.5.0-SNAPSHOT/hadoop-hdds-container-service-0.5.0-SNAPSHOT.jar!/webapps/static,AVAILABLE}
2019-10-01 07:25:37,205 [main] INFO  handler.ContextHandler (ContextHandler.java:doStart(781)) - Started o.e.j.w.WebAppContext@3e214105{/,file:///tmp/jetty-0.0.0.0-38719-hddsDatanode-_-any-3635171201789816227.dir/webapp/,AVAILABLE}{/hddsDatanode}
2019-10-01 07:25:37,205 [main] INFO  server.AbstractConnector (AbstractConnector.java:doStart(278)) - Started ServerConnector@da4cf09{HTTP/1.1,[http/1.1]}{0.0.0.0:38719}
2019-10-01 07:25:37,206 [main] INFO  server.Server (Server.java:doStart(419)) - Started @129328ms
2019-10-01 07:25:37,207 [main] WARN  impl.MetricsSystemImpl (MetricsSystemImpl.java:register(276)) - Sink prometheus already exists!
2019-10-01 07:25:37,207 [main] INFO  server.BaseHttpServer (BaseHttpServer.java:updateConnectorAddress(215)) - HTTP server of HDDSDATANODE is listening at http://0.0.0.0:38719
2019-10-01 07:25:37,208 [main] INFO  impl.MetricsSystemImpl (MetricsSystemImpl.java:init(158)) - HddsDatanode metrics system started (again)
2019-10-01 07:25:37,212 [org.apache.hadoop.util.JvmPauseMonitor$Monitor@367c5d8e] INFO  util.JvmPauseMonitor (JvmPauseMonitor.java:run(188)) - Starting JVM pause monitor
2019-10-01 07:25:37,212 [main] INFO  ozone.HddsDatanodeService (HddsDatanodeService.java:start(184)) - HddsDatanodeService host:pr-hdds-1984-bsjj8-3390809720 ip:192.168.30.18
2019-10-01 07:25:37,213 [Datanode State Machine Thread - 0] INFO  datanode.InitDatanodeState (InitDatanodeState.java:persistContainerDatanodeDetails(140)) - DatanodeDetails is persisted to /workdir/hadoop-ozone/integration-test/target/test-dir/MiniOzoneClusterImpl-54948dff-2f48-4783-91d2-2f208bfbfb90/datanode-4/meta/datanode.id
2019-10-01 07:25:37,219 [main] INFO  volume.HddsVolume (HddsVolume.java:<init>(176)) - Creating Volume: /workdir/hadoop-ozone/integration-test/target/test-dir/MiniOzoneClusterImpl-54948dff-2f48-4783-91d2-2f208bfbfb90/datanode-5/data/containers/hdds of  storage type : DISK and capacity : 1482555576320
2019-10-01 07:25:37,219 [main] INFO  volume.VolumeSet (VolumeSet.java:initializeVolumeSet(170)) - Added Volume : /workdir/hadoop-ozone/integration-test/target/test-dir/MiniOzoneClusterImpl-54948dff-2f48-4783-91d2-2f208bfbfb90/datanode-5/data/containers/hdds to VolumeSet
2019-10-01 07:25:37,220 [main] INFO  volume.ThrottledAsyncChecker (ThrottledAsyncChecker.java:schedule(139)) - Scheduling a check for org.apache.hadoop.ozone.container.common.volume.HddsVolume@1e8fb66f
2019-10-01 07:25:37,220 [main] INFO  volume.HddsVolumeChecker (HddsVolumeChecker.java:checkAllVolumes(202)) - Scheduled health check for volume org.apache.hadoop.ozone.container.common.volume.HddsVolume@1e8fb66f
2019-10-01 07:25:37,235 [main] INFO  impl.RaftServerProxy (ConfUtils.java:logGet(43)) - raft.rpc.type = GRPC (default)
2019-10-01 07:25:37,235 [main] INFO  grpc.GrpcFactory (GrpcFactory.java:checkPooledByteBufAllocatorUseCacheForAllThreads(45)) - PERFORMANCE WARNING: useCacheForAllThreads is true that may cause Netty to create a lot garbage objects and, as a result, trigger GC.
	It is recommended to disable useCacheForAllThreads by setting -Dorg.apache.ratis.thirdparty.io.netty.allocator.useCacheForAllThreads=false in command line.
2019-10-01 07:25:37,235 [main] INFO  grpc.GrpcConfigKeys$Server (ConfUtils.java:logGet(43)) - raft.grpc.server.port = 0 (default)
2019-10-01 07:25:37,236 [main] INFO  server.GrpcService (ConfUtils.java:logGet(43)) - raft.grpc.message.size.max = 33570816 (custom)
2019-10-01 07:25:37,236 [main] INFO  server.RaftServerConfigKeys (ConfUtils.java:logGet(43)) - raft.server.log.appender.buffer.byte-limit = 33554432 (custom)
2019-10-01 07:25:37,236 [main] INFO  server.GrpcService (ConfUtils.java:logGet(43)) - raft.grpc.flow.control.window = 1MB (=1048576) (default)
2019-10-01 07:25:37,236 [main] INFO  server.RaftServerConfigKeys (ConfUtils.java:logGet(43)) - raft.server.rpc.request.timeout = 3000ms (default)
2019-10-01 07:25:37,237 [main] INFO  server.RaftServerConfigKeys (ConfUtils.java:logGet(43)) - raft.server.storage.dir = [/workdir/hadoop-ozone/integration-test/target/test-dir/MiniOzoneClusterImpl-54948dff-2f48-4783-91d2-2f208bfbfb90/datanode-5/data/ratis] (custom)
2019-10-01 07:25:37,238 [main] INFO  hdfs.DFSUtil (DFSUtil.java:httpServerTemplateForNNAndJN(1641)) - Starting Web-server for hddsDatanode at: http://0.0.0.0:0
2019-10-01 07:25:37,239 [main] INFO  server.AuthenticationFilter (AuthenticationFilter.java:constructSecretProvider(240)) - Unable to initialize FileSignerSecretProvider, falling back to use random secrets.
2019-10-01 07:25:37,240 [main] WARN  http.HttpRequestLog (HttpRequestLog.java:getRequestLog(97)) - Jetty request log can only be enabled using Log4j
2019-10-01 07:25:37,241 [main] INFO  http.HttpServer2 (HttpServer2.java:addGlobalFilter(975)) - Added global filter 'safety' (class=org.apache.hadoop.http.HttpServer2$QuotingInputFilter)
2019-10-01 07:25:37,242 [main] INFO  http.HttpServer2 (HttpServer2.java:addFilter(948)) - Added filter static_user_filter (class=org.apache.hadoop.http.lib.StaticUserWebFilter$StaticUserFilter) to context hddsDatanode
2019-10-01 07:25:37,242 [main] INFO  http.HttpServer2 (HttpServer2.java:addFilter(958)) - Added filter static_user_filter (class=org.apache.hadoop.http.lib.StaticUserWebFilter$StaticUserFilter) to context static
2019-10-01 07:25:37,242 [main] INFO  http.HttpServer2 (HttpServer2.java:addFilter(958)) - Added filter static_user_filter (class=org.apache.hadoop.http.lib.StaticUserWebFilter$StaticUserFilter) to context logs
2019-10-01 07:25:37,243 [main] INFO  http.HttpServer2 (HttpServer2.java:bindListener(1191)) - Jetty bound to port 45824
2019-10-01 07:25:37,243 [main] INFO  server.Server (Server.java:doStart(351)) - jetty-9.3.25.v20180904, build timestamp: 2018-09-04T21:11:46Z, git hash: 3ce520221d0240229c862b122d2b06c12a625732
2019-10-01 07:25:37,245 [main] INFO  handler.ContextHandler (ContextHandler.java:doStart(781)) - Started o.e.j.s.ServletContextHandler@1983b48a{/logs,file:///workdir/hadoop-ozone/integration-test/target/log,AVAILABLE}
2019-10-01 07:25:37,245 [main] INFO  handler.ContextHandler (ContextHandler.java:doStart(781)) - Started o.e.j.s.ServletContextHandler@b791a81{/static,jar:file:/home/user/.m2/repository/org/apache/hadoop/hadoop-hdds-container-service/0.5.0-SNAPSHOT/hadoop-hdds-container-service-0.5.0-SNAPSHOT.jar!/webapps/static,AVAILABLE}
2019-10-01 07:25:37,277 [main] INFO  handler.ContextHandler (ContextHandler.java:doStart(781)) - Started o.e.j.w.WebAppContext@373052b5{/,file:///tmp/jetty-0.0.0.0-45824-hddsDatanode-_-any-2480089648166806942.dir/webapp/,AVAILABLE}{/hddsDatanode}
2019-10-01 07:25:37,277 [main] INFO  server.AbstractConnector (AbstractConnector.java:doStart(278)) - Started ServerConnector@67e0ff3a{HTTP/1.1,[http/1.1]}{0.0.0.0:45824}
2019-10-01 07:25:37,279 [main] INFO  server.Server (Server.java:doStart(419)) - Started @129400ms
2019-10-01 07:25:37,279 [main] WARN  impl.MetricsSystemImpl (MetricsSystemImpl.java:register(276)) - Sink prometheus already exists!
2019-10-01 07:25:37,280 [main] INFO  server.BaseHttpServer (BaseHttpServer.java:updateConnectorAddress(215)) - HTTP server of HDDSDATANODE is listening at http://0.0.0.0:45824
2019-10-01 07:25:37,280 [main] INFO  impl.MetricsSystemImpl (MetricsSystemImpl.java:init(158)) - HddsDatanode metrics system started (again)
2019-10-01 07:25:37,284 [org.apache.hadoop.util.JvmPauseMonitor$Monitor@62f187c1] INFO  util.JvmPauseMonitor (JvmPauseMonitor.java:run(188)) - Starting JVM pause monitor
2019-10-01 07:25:37,284 [main] INFO  ozone.HddsDatanodeService (HddsDatanodeService.java:start(184)) - HddsDatanodeService host:pr-hdds-1984-bsjj8-3390809720 ip:192.168.30.18
2019-10-01 07:25:37,285 [Datanode State Machine Thread - 0] INFO  datanode.InitDatanodeState (InitDatanodeState.java:persistContainerDatanodeDetails(140)) - DatanodeDetails is persisted to /workdir/hadoop-ozone/integration-test/target/test-dir/MiniOzoneClusterImpl-54948dff-2f48-4783-91d2-2f208bfbfb90/datanode-5/meta/datanode.id
2019-10-01 07:25:37,291 [main] INFO  volume.HddsVolume (HddsVolume.java:<init>(176)) - Creating Volume: /workdir/hadoop-ozone/integration-test/target/test-dir/MiniOzoneClusterImpl-54948dff-2f48-4783-91d2-2f208bfbfb90/datanode-6/data/containers/hdds of  storage type : DISK and capacity : 1482555576320
2019-10-01 07:25:37,292 [main] INFO  volume.VolumeSet (VolumeSet.java:initializeVolumeSet(170)) - Added Volume : /workdir/hadoop-ozone/integration-test/target/test-dir/MiniOzoneClusterImpl-54948dff-2f48-4783-91d2-2f208bfbfb90/datanode-6/data/containers/hdds to VolumeSet
2019-10-01 07:25:37,292 [main] INFO  volume.ThrottledAsyncChecker (ThrottledAsyncChecker.java:schedule(139)) - Scheduling a check for org.apache.hadoop.ozone.container.common.volume.HddsVolume@5f0bab7e
2019-10-01 07:25:37,292 [main] INFO  volume.HddsVolumeChecker (HddsVolumeChecker.java:checkAllVolumes(202)) - Scheduled health check for volume org.apache.hadoop.ozone.container.common.volume.HddsVolume@5f0bab7e
2019-10-01 07:25:37,307 [main] INFO  impl.RaftServerProxy (ConfUtils.java:logGet(43)) - raft.rpc.type = GRPC (default)
2019-10-01 07:25:37,307 [main] INFO  grpc.GrpcFactory (GrpcFactory.java:checkPooledByteBufAllocatorUseCacheForAllThreads(45)) - PERFORMANCE WARNING: useCacheForAllThreads is true that may cause Netty to create a lot garbage objects and, as a result, trigger GC.
	It is recommended to disable useCacheForAllThreads by setting -Dorg.apache.ratis.thirdparty.io.netty.allocator.useCacheForAllThreads=false in command line.
2019-10-01 07:25:37,307 [main] INFO  grpc.GrpcConfigKeys$Server (ConfUtils.java:logGet(43)) - raft.grpc.server.port = 0 (default)
2019-10-01 07:25:37,307 [main] INFO  server.GrpcService (ConfUtils.java:logGet(43)) - raft.grpc.message.size.max = 33570816 (custom)
2019-10-01 07:25:37,307 [main] INFO  server.RaftServerConfigKeys (ConfUtils.java:logGet(43)) - raft.server.log.appender.buffer.byte-limit = 33554432 (custom)
2019-10-01 07:25:37,308 [main] INFO  server.GrpcService (ConfUtils.java:logGet(43)) - raft.grpc.flow.control.window = 1MB (=1048576) (default)
2019-10-01 07:25:37,308 [main] INFO  server.RaftServerConfigKeys (ConfUtils.java:logGet(43)) - raft.server.rpc.request.timeout = 3000ms (default)
2019-10-01 07:25:37,308 [main] INFO  server.RaftServerConfigKeys (ConfUtils.java:logGet(43)) - raft.server.storage.dir = [/workdir/hadoop-ozone/integration-test/target/test-dir/MiniOzoneClusterImpl-54948dff-2f48-4783-91d2-2f208bfbfb90/datanode-6/data/ratis] (custom)
2019-10-01 07:25:37,310 [main] INFO  hdfs.DFSUtil (DFSUtil.java:httpServerTemplateForNNAndJN(1641)) - Starting Web-server for hddsDatanode at: http://0.0.0.0:0
2019-10-01 07:25:37,311 [main] INFO  server.AuthenticationFilter (AuthenticationFilter.java:constructSecretProvider(240)) - Unable to initialize FileSignerSecretProvider, falling back to use random secrets.
2019-10-01 07:25:37,312 [main] WARN  http.HttpRequestLog (HttpRequestLog.java:getRequestLog(97)) - Jetty request log can only be enabled using Log4j
2019-10-01 07:25:37,314 [main] INFO  http.HttpServer2 (HttpServer2.java:addGlobalFilter(975)) - Added global filter 'safety' (class=org.apache.hadoop.http.HttpServer2$QuotingInputFilter)
2019-10-01 07:25:37,314 [main] INFO  http.HttpServer2 (HttpServer2.java:addFilter(948)) - Added filter static_user_filter (class=org.apache.hadoop.http.lib.StaticUserWebFilter$StaticUserFilter) to context hddsDatanode
2019-10-01 07:25:37,315 [main] INFO  http.HttpServer2 (HttpServer2.java:addFilter(958)) - Added filter static_user_filter (class=org.apache.hadoop.http.lib.StaticUserWebFilter$StaticUserFilter) to context logs
2019-10-01 07:25:37,315 [main] INFO  http.HttpServer2 (HttpServer2.java:addFilter(958)) - Added filter static_user_filter (class=org.apache.hadoop.http.lib.StaticUserWebFilter$StaticUserFilter) to context static
2019-10-01 07:25:37,316 [main] INFO  http.HttpServer2 (HttpServer2.java:bindListener(1191)) - Jetty bound to port 45873
2019-10-01 07:25:37,316 [main] INFO  server.Server (Server.java:doStart(351)) - jetty-9.3.25.v20180904, build timestamp: 2018-09-04T21:11:46Z, git hash: 3ce520221d0240229c862b122d2b06c12a625732
2019-10-01 07:25:37,318 [main] INFO  handler.ContextHandler (ContextHandler.java:doStart(781)) - Started o.e.j.s.ServletContextHandler@1f992a3a{/logs,file:///workdir/hadoop-ozone/integration-test/target/log,AVAILABLE}
2019-10-01 07:25:37,318 [main] INFO  handler.ContextHandler (ContextHandler.java:doStart(781)) - Started o.e.j.s.ServletContextHandler@261bd7b{/static,jar:file:/home/user/.m2/repository/org/apache/hadoop/hadoop-hdds-container-service/0.5.0-SNAPSHOT/hadoop-hdds-container-service-0.5.0-SNAPSHOT.jar!/webapps/static,AVAILABLE}
2019-10-01 07:25:37,355 [main] INFO  handler.ContextHandler (ContextHandler.java:doStart(781)) - Started o.e.j.w.WebAppContext@2574a9e3{/,file:///tmp/jetty-0.0.0.0-45873-hddsDatanode-_-any-4698601329353219042.dir/webapp/,AVAILABLE}{/hddsDatanode}
2019-10-01 07:25:37,356 [main] INFO  server.AbstractConnector (AbstractConnector.java:doStart(278)) - Started ServerConnector@18b6d3c1{HTTP/1.1,[http/1.1]}{0.0.0.0:45873}
2019-10-01 07:25:37,357 [main] INFO  server.Server (Server.java:doStart(419)) - Started @129479ms
2019-10-01 07:25:37,358 [main] WARN  impl.MetricsSystemImpl (MetricsSystemImpl.java:register(276)) - Sink prometheus already exists!
2019-10-01 07:25:37,359 [main] INFO  server.BaseHttpServer (BaseHttpServer.java:updateConnectorAddress(215)) - HTTP server of HDDSDATANODE is listening at http://0.0.0.0:45873
2019-10-01 07:25:37,360 [main] INFO  ozone.MiniOzoneClusterImpl (MiniOzoneClusterImpl.java:lambda$waitForClusterToBeReady$0(147)) - Waiting for cluster to be ready. Got 0 of 7 DN Heartbeats.
2019-10-01 07:25:37,361 [org.apache.hadoop.util.JvmPauseMonitor$Monitor@77b043fd] INFO  util.JvmPauseMonitor (JvmPauseMonitor.java:run(188)) - Starting JVM pause monitor
2019-10-01 07:25:37,363 [Datanode State Machine Thread - 0] INFO  datanode.InitDatanodeState (InitDatanodeState.java:persistContainerDatanodeDetails(140)) - DatanodeDetails is persisted to /workdir/hadoop-ozone/integration-test/target/test-dir/MiniOzoneClusterImpl-54948dff-2f48-4783-91d2-2f208bfbfb90/datanode-6/meta/datanode.id
2019-10-01 07:25:38,360 [main] INFO  ozone.MiniOzoneClusterImpl (MiniOzoneClusterImpl.java:lambda$waitForClusterToBeReady$0(147)) - Waiting for cluster to be ready. Got 0 of 7 DN Heartbeats.
2019-10-01 07:25:38,988 [Datanode State Machine Thread - 0] INFO  ozoneimpl.OzoneContainer (OzoneContainer.java:start(217)) - Attempting to start container services.
2019-10-01 07:25:38,989 [Datanode State Machine Thread - 0] INFO  ozoneimpl.OzoneContainer (OzoneContainer.java:startContainerScrub(179)) - Background container scanner has been disabled.
2019-10-01 07:25:38,989 [Datanode State Machine Thread - 0] INFO  ratis.XceiverServerRatis (XceiverServerRatis.java:start(417)) - Starting XceiverServerRatis a5319893-1770-436a-9567-4b3fd98b83df at port 0
2019-10-01 07:25:38,997 [Datanode State Machine Thread - 0] INFO  impl.RaftServerProxy (RaftServerProxy.java:lambda$start$3(299)) - a5319893-1770-436a-9567-4b3fd98b83df: start RPC server
2019-10-01 07:25:38,999 [Datanode State Machine Thread - 0] INFO  server.GrpcService (GrpcService.java:startImpl(158)) - a5319893-1770-436a-9567-4b3fd98b83df: GrpcService started, listening on 0.0.0.0/0.0.0.0:34489
2019-10-01 07:25:38,999 [Datanode State Machine Thread - 0] INFO  ratis.XceiverServerRatis (XceiverServerRatis.java:start(427)) - XceiverServerRatis a5319893-1770-436a-9567-4b3fd98b83df is started using port 34489
2019-10-01 07:25:38,999 [Datanode State Machine Thread - 0] INFO  server.XceiverServerGrpc (XceiverServerGrpc.java:start(149)) - XceiverServerGrpc a5319893-1770-436a-9567-4b3fd98b83df is started using port 43396
2019-10-01 07:25:39,039 [Datanode State Machine Thread - 0] INFO  ozoneimpl.OzoneContainer (OzoneContainer.java:start(217)) - Attempting to start container services.
2019-10-01 07:25:39,041 [Datanode State Machine Thread - 0] INFO  ozoneimpl.OzoneContainer (OzoneContainer.java:startContainerScrub(179)) - Background container scanner has been disabled.
2019-10-01 07:25:39,041 [Datanode State Machine Thread - 0] INFO  ratis.XceiverServerRatis (XceiverServerRatis.java:start(417)) - Starting XceiverServerRatis be47bb61-472a-4d67-8e1a-05db22c1f3ae at port 0
2019-10-01 07:25:39,049 [Datanode State Machine Thread - 0] INFO  impl.RaftServerProxy (RaftServerProxy.java:lambda$start$3(299)) - be47bb61-472a-4d67-8e1a-05db22c1f3ae: start RPC server
2019-10-01 07:25:39,050 [Datanode State Machine Thread - 0] INFO  server.GrpcService (GrpcService.java:startImpl(158)) - be47bb61-472a-4d67-8e1a-05db22c1f3ae: GrpcService started, listening on 0.0.0.0/0.0.0.0:34478
2019-10-01 07:25:39,050 [Datanode State Machine Thread - 0] INFO  ratis.XceiverServerRatis (XceiverServerRatis.java:start(427)) - XceiverServerRatis be47bb61-472a-4d67-8e1a-05db22c1f3ae is started using port 34478
2019-10-01 07:25:39,051 [Datanode State Machine Thread - 0] INFO  server.XceiverServerGrpc (XceiverServerGrpc.java:start(149)) - XceiverServerGrpc be47bb61-472a-4d67-8e1a-05db22c1f3ae is started using port 38405
2019-10-01 07:25:39,106 [Datanode State Machine Thread - 0] INFO  ozoneimpl.OzoneContainer (OzoneContainer.java:start(217)) - Attempting to start container services.
2019-10-01 07:25:39,106 [Datanode State Machine Thread - 0] INFO  ozoneimpl.OzoneContainer (OzoneContainer.java:startContainerScrub(179)) - Background container scanner has been disabled.
2019-10-01 07:25:39,106 [Datanode State Machine Thread - 0] INFO  ratis.XceiverServerRatis (XceiverServerRatis.java:start(417)) - Starting XceiverServerRatis 8451d732-4754-49d1-b6bb-2cccf437fad4 at port 0
2019-10-01 07:25:39,114 [Datanode State Machine Thread - 0] INFO  impl.RaftServerProxy (RaftServerProxy.java:lambda$start$3(299)) - 8451d732-4754-49d1-b6bb-2cccf437fad4: start RPC server
2019-10-01 07:25:39,117 [Datanode State Machine Thread - 0] INFO  server.GrpcService (GrpcService.java:startImpl(158)) - 8451d732-4754-49d1-b6bb-2cccf437fad4: GrpcService started, listening on 0.0.0.0/0.0.0.0:38107
2019-10-01 07:25:39,117 [Datanode State Machine Thread - 0] INFO  ratis.XceiverServerRatis (XceiverServerRatis.java:start(427)) - XceiverServerRatis 8451d732-4754-49d1-b6bb-2cccf437fad4 is started using port 38107
2019-10-01 07:25:39,117 [Datanode State Machine Thread - 0] INFO  server.XceiverServerGrpc (XceiverServerGrpc.java:start(149)) - XceiverServerGrpc 8451d732-4754-49d1-b6bb-2cccf437fad4 is started using port 41683
2019-10-01 07:25:39,173 [Datanode State Machine Thread - 0] INFO  ozoneimpl.OzoneContainer (OzoneContainer.java:start(217)) - Attempting to start container services.
2019-10-01 07:25:39,173 [Datanode State Machine Thread - 0] INFO  ozoneimpl.OzoneContainer (OzoneContainer.java:startContainerScrub(179)) - Background container scanner has been disabled.
2019-10-01 07:25:39,173 [Datanode State Machine Thread - 0] INFO  ratis.XceiverServerRatis (XceiverServerRatis.java:start(417)) - Starting XceiverServerRatis 3e8b1524-3c14-4a7f-afd7-08a90b27c162 at port 0
2019-10-01 07:25:39,182 [Datanode State Machine Thread - 0] INFO  impl.RaftServerProxy (RaftServerProxy.java:lambda$start$3(299)) - 3e8b1524-3c14-4a7f-afd7-08a90b27c162: start RPC server
2019-10-01 07:25:39,183 [Datanode State Machine Thread - 0] INFO  server.GrpcService (GrpcService.java:startImpl(158)) - 3e8b1524-3c14-4a7f-afd7-08a90b27c162: GrpcService started, listening on 0.0.0.0/0.0.0.0:37349
2019-10-01 07:25:39,183 [Datanode State Machine Thread - 0] INFO  ratis.XceiverServerRatis (XceiverServerRatis.java:start(427)) - XceiverServerRatis 3e8b1524-3c14-4a7f-afd7-08a90b27c162 is started using port 37349
2019-10-01 07:25:39,186 [Datanode State Machine Thread - 0] INFO  server.XceiverServerGrpc (XceiverServerGrpc.java:start(149)) - XceiverServerGrpc 3e8b1524-3c14-4a7f-afd7-08a90b27c162 is started using port 40027
2019-10-01 07:25:39,240 [Datanode State Machine Thread - 0] INFO  ozoneimpl.OzoneContainer (OzoneContainer.java:start(217)) - Attempting to start container services.
2019-10-01 07:25:39,240 [Datanode State Machine Thread - 0] INFO  ozoneimpl.OzoneContainer (OzoneContainer.java:startContainerScrub(179)) - Background container scanner has been disabled.
2019-10-01 07:25:39,240 [Datanode State Machine Thread - 0] INFO  ratis.XceiverServerRatis (XceiverServerRatis.java:start(417)) - Starting XceiverServerRatis 6575efd9-7970-408a-b91b-7d472f892079 at port 0
2019-10-01 07:25:39,248 [Datanode State Machine Thread - 0] INFO  impl.RaftServerProxy (RaftServerProxy.java:lambda$start$3(299)) - 6575efd9-7970-408a-b91b-7d472f892079: start RPC server
2019-10-01 07:25:39,249 [Datanode State Machine Thread - 0] INFO  server.GrpcService (GrpcService.java:startImpl(158)) - 6575efd9-7970-408a-b91b-7d472f892079: GrpcService started, listening on 0.0.0.0/0.0.0.0:45041
2019-10-01 07:25:39,250 [Datanode State Machine Thread - 0] INFO  ratis.XceiverServerRatis (XceiverServerRatis.java:start(427)) - XceiverServerRatis 6575efd9-7970-408a-b91b-7d472f892079 is started using port 45041
2019-10-01 07:25:39,252 [Datanode State Machine Thread - 0] INFO  server.XceiverServerGrpc (XceiverServerGrpc.java:start(149)) - XceiverServerGrpc 6575efd9-7970-408a-b91b-7d472f892079 is started using port 39298
2019-10-01 07:25:39,307 [Datanode State Machine Thread - 0] INFO  ozoneimpl.OzoneContainer (OzoneContainer.java:start(217)) - Attempting to start container services.
2019-10-01 07:25:39,307 [Datanode State Machine Thread - 0] INFO  ozoneimpl.OzoneContainer (OzoneContainer.java:startContainerScrub(179)) - Background container scanner has been disabled.
2019-10-01 07:25:39,307 [Datanode State Machine Thread - 0] INFO  ratis.XceiverServerRatis (XceiverServerRatis.java:start(417)) - Starting XceiverServerRatis 66155c1e-e6d4-4e53-9279-a1359c59a500 at port 0
2019-10-01 07:25:39,315 [Datanode State Machine Thread - 0] INFO  impl.RaftServerProxy (RaftServerProxy.java:lambda$start$3(299)) - 66155c1e-e6d4-4e53-9279-a1359c59a500: start RPC server
2019-10-01 07:25:39,315 [Datanode State Machine Thread - 0] INFO  server.GrpcService (GrpcService.java:startImpl(158)) - 66155c1e-e6d4-4e53-9279-a1359c59a500: GrpcService started, listening on 0.0.0.0/0.0.0.0:33867
2019-10-01 07:25:39,316 [Datanode State Machine Thread - 0] INFO  ratis.XceiverServerRatis (XceiverServerRatis.java:start(427)) - XceiverServerRatis 66155c1e-e6d4-4e53-9279-a1359c59a500 is started using port 33867
2019-10-01 07:25:39,316 [Datanode State Machine Thread - 0] INFO  server.XceiverServerGrpc (XceiverServerGrpc.java:start(149)) - XceiverServerGrpc 66155c1e-e6d4-4e53-9279-a1359c59a500 is started using port 37544
2019-10-01 07:25:39,361 [main] INFO  ozone.MiniOzoneClusterImpl (MiniOzoneClusterImpl.java:lambda$waitForClusterToBeReady$0(147)) - Waiting for cluster to be ready. Got 0 of 7 DN Heartbeats.
2019-10-01 07:25:39,391 [Datanode State Machine Thread - 0] INFO  ozoneimpl.OzoneContainer (OzoneContainer.java:start(217)) - Attempting to start container services.
2019-10-01 07:25:39,394 [Datanode State Machine Thread - 0] INFO  ozoneimpl.OzoneContainer (OzoneContainer.java:startContainerScrub(179)) - Background container scanner has been disabled.
2019-10-01 07:25:39,394 [Datanode State Machine Thread - 0] INFO  ratis.XceiverServerRatis (XceiverServerRatis.java:start(417)) - Starting XceiverServerRatis 2add112b-4fa9-4909-82d3-3ecd2bba7f9b at port 0
2019-10-01 07:25:39,403 [Datanode State Machine Thread - 0] INFO  impl.RaftServerProxy (RaftServerProxy.java:lambda$start$3(299)) - 2add112b-4fa9-4909-82d3-3ecd2bba7f9b: start RPC server
2019-10-01 07:25:39,405 [Datanode State Machine Thread - 0] INFO  server.GrpcService (GrpcService.java:startImpl(158)) - 2add112b-4fa9-4909-82d3-3ecd2bba7f9b: GrpcService started, listening on 0.0.0.0/0.0.0.0:35403
2019-10-01 07:25:39,405 [Datanode State Machine Thread - 0] INFO  ratis.XceiverServerRatis (XceiverServerRatis.java:start(427)) - XceiverServerRatis 2add112b-4fa9-4909-82d3-3ecd2bba7f9b is started using port 35403
2019-10-01 07:25:39,406 [Datanode State Machine Thread - 0] INFO  server.XceiverServerGrpc (XceiverServerGrpc.java:start(149)) - XceiverServerGrpc 2add112b-4fa9-4909-82d3-3ecd2bba7f9b is started using port 46468
2019-10-01 07:25:40,362 [main] INFO  ozone.MiniOzoneClusterImpl (MiniOzoneClusterImpl.java:lambda$waitForClusterToBeReady$0(147)) - Waiting for cluster to be ready. Got 0 of 7 DN Heartbeats.
2019-10-01 07:25:40,955 [IPC Server handler 0 on 39047] INFO  net.NetworkTopology (NetworkTopologyImpl.java:add(111)) - Added a new node: /default-rack/a5319893-1770-436a-9567-4b3fd98b83df
2019-10-01 07:25:40,958 [IPC Server handler 0 on 39047] INFO  node.SCMNodeManager (SCMNodeManager.java:register(266)) - Registered Data node : a5319893-1770-436a-9567-4b3fd98b83df{ip: 192.168.30.18, host: pr-hdds-1984-bsjj8-3390809720, networkLocation: /default-rack, certSerialId: null}
2019-10-01 07:25:40,959 [EventQueue-NodeRegistrationContainerReportForDataNodeSafeModeRule] INFO  safemode.SCMSafeModeManager (DataNodeSafeModeRule.java:process(71)) - SCM in safe mode. 1 DataNodes registered, 1 required.
2019-10-01 07:25:40,962 [EventQueue-NodeRegistrationContainerReportForDataNodeSafeModeRule] INFO  safemode.SCMSafeModeManager (SCMSafeModeManager.java:validateSafeModeExitRules(177)) - ScmSafeModeManager, all rules are successfully validated
2019-10-01 07:25:40,962 [EventQueue-NodeRegistrationContainerReportForDataNodeSafeModeRule] INFO  safemode.SCMSafeModeManager (SCMSafeModeManager.java:exitSafeMode(193)) - SCM exiting safe mode.
2019-10-01 07:25:40,976 [grpc-default-executor-2] INFO  impl.RaftServerProxy (RaftServerProxy.java:addNew(89)) - a5319893-1770-436a-9567-4b3fd98b83df: addNew group-7786C98B1376:[a5319893-1770-436a-9567-4b3fd98b83df:192.168.30.18:34489] returns group-7786C98B1376:java.util.concurrent.CompletableFuture@9924edb[Not completed]
2019-10-01 07:25:40,980 [pool-207-thread-1] INFO  impl.RaftServerImpl (RaftServerImpl.java:<init>(95)) - a5319893-1770-436a-9567-4b3fd98b83df: new RaftServerImpl for group-7786C98B1376:[a5319893-1770-436a-9567-4b3fd98b83df:192.168.30.18:34489] with ContainerStateMachine:uninitialized
2019-10-01 07:25:40,980 [pool-207-thread-1] INFO  server.RaftServerConfigKeys (ConfUtils.java:logGet(43)) - raft.server.rpc.timeout.min = 5s (custom)
2019-10-01 07:25:40,981 [pool-207-thread-1] INFO  server.RaftServerConfigKeys (ConfUtils.java:logGet(43)) - raft.server.rpc.timeout.max = 5200ms (custom)
2019-10-01 07:25:40,981 [pool-207-thread-1] INFO  server.RaftServerConfigKeys (ConfUtils.java:logGet(43)) - raft.server.rpcslowness.timeout = 120s (custom)
2019-10-01 07:25:40,981 [pool-207-thread-1] INFO  server.RaftServerConfigKeys (ConfUtils.java:logGet(43)) - raft.server.sleep.deviation.threshold = 300 (default)
2019-10-01 07:25:40,981 [pool-207-thread-1] INFO  server.RaftServerConfigKeys (ConfUtils.java:logGet(43)) - raft.server.log.appender.install.snapshot.enabled = false (custom)
2019-10-01 07:25:40,981 [pool-207-thread-1] INFO  impl.RaftServerImpl (ServerState.java:<init>(103)) - a5319893-1770-436a-9567-4b3fd98b83df@group-7786C98B1376: ConfigurationManager, init=-1: [a5319893-1770-436a-9567-4b3fd98b83df:192.168.30.18:34489], old=null, confs=<EMPTY_MAP>
2019-10-01 07:25:40,981 [pool-207-thread-1] INFO  server.RaftServerConfigKeys (ConfUtils.java:logGet(43)) - raft.server.storage.dir = [/workdir/hadoop-ozone/integration-test/target/test-dir/MiniOzoneClusterImpl-54948dff-2f48-4783-91d2-2f208bfbfb90/datanode-0/data/ratis] (custom)
2019-10-01 07:25:40,982 [pool-207-thread-1] INFO  server.RaftServerConfigKeys (ConfUtils.java:logGet(43)) - raft.server.log.corruption.policy = EXCEPTION (default)
2019-10-01 07:25:40,982 [pool-207-thread-1] INFO  storage.RaftStorageDirectory (RaftStorageDirectory.java:analyzeStorage(246)) - The storage directory /workdir/hadoop-ozone/integration-test/target/test-dir/MiniOzoneClusterImpl-54948dff-2f48-4783-91d2-2f208bfbfb90/datanode-0/data/ratis/32826e34-e921-4d68-b053-7786c98b1376 does not exist. Creating ...
2019-10-01 07:25:41,007 [pool-207-thread-1] INFO  storage.RaftStorageDirectory (RaftStorageDirectory.java:tryLock(328)) - Lock on /workdir/hadoop-ozone/integration-test/target/test-dir/MiniOzoneClusterImpl-54948dff-2f48-4783-91d2-2f208bfbfb90/datanode-0/data/ratis/32826e34-e921-4d68-b053-7786c98b1376/in_use.lock acquired by nodename 6138@pr-hdds-1984-bsjj8-3390809720
2019-10-01 07:25:41,011 [IPC Server handler 2 on 39047] INFO  net.NetworkTopology (NetworkTopologyImpl.java:add(111)) - Added a new node: /default-rack/be47bb61-472a-4d67-8e1a-05db22c1f3ae
2019-10-01 07:25:41,011 [IPC Server handler 2 on 39047] INFO  node.SCMNodeManager (SCMNodeManager.java:register(266)) - Registered Data node : be47bb61-472a-4d67-8e1a-05db22c1f3ae{ip: 192.168.30.18, host: pr-hdds-1984-bsjj8-3390809720, networkLocation: /default-rack, certSerialId: null}
2019-10-01 07:25:41,033 [pool-207-thread-1] INFO  storage.RaftStorage (RaftStorage.java:format(84)) - Storage directory /workdir/hadoop-ozone/integration-test/target/test-dir/MiniOzoneClusterImpl-54948dff-2f48-4783-91d2-2f208bfbfb90/datanode-0/data/ratis/32826e34-e921-4d68-b053-7786c98b1376 has been successfully formatted.
2019-10-01 07:25:41,033 [pool-207-thread-1] INFO  ratis.ContainerStateMachine (ContainerStateMachine.java:loadSnapshot(230)) - group-7786C98B1376: The snapshot info is null. Setting the last applied indexto:(t:0, i:~)
2019-10-01 07:25:41,033 [pool-207-thread-1] INFO  server.RaftServerConfigKeys (ConfUtils.java:logGet(43)) - raft.server.notification.no-leader.timeout = 120s (custom)
2019-10-01 07:25:41,033 [pool-207-thread-1] INFO  server.RaftServerConfigKeys (ConfUtils.java:logGet(43)) - raft.server.log.use.memory = false (default)
2019-10-01 07:25:41,033 [pool-207-thread-1] INFO  server.RaftServerConfigKeys (ConfUtils.java:logGet(43)) - raft.server.log.purge.gap = 1000000 (custom)
2019-10-01 07:25:41,033 [pool-207-thread-1] INFO  server.RaftServerConfigKeys (ConfUtils.java:logGet(43)) - raft.server.log.appender.buffer.byte-limit = 33554432 (custom)
2019-10-01 07:25:41,034 [pool-207-thread-1] INFO  server.RaftServerConfigKeys (ConfUtils.java:logGet(43)) - raft.server.log.segment.size.max = 1048576 (custom)
2019-10-01 07:25:41,036 [pool-207-thread-1] INFO  server.RaftServerConfigKeys (ConfUtils.java:logGet(43)) - raft.server.log.segment.cache.num.max = 2 (custom)
2019-10-01 07:25:41,036 [pool-207-thread-1] INFO  segmented.SegmentedRaftLogWorker (SegmentedRaftLogWorker.java:<init>(173)) - new a5319893-1770-436a-9567-4b3fd98b83df@group-7786C98B1376-SegmentedRaftLogWorker for RaftStorage:Storage Directory /workdir/hadoop-ozone/integration-test/target/test-dir/MiniOzoneClusterImpl-54948dff-2f48-4783-91d2-2f208bfbfb90/datanode-0/data/ratis/32826e34-e921-4d68-b053-7786c98b1376
2019-10-01 07:25:41,036 [pool-207-thread-1] INFO  server.RaftServerConfigKeys (ConfUtils.java:logGet(43)) - raft.server.log.queue.byte-limit = 2147483647 (custom)
2019-10-01 07:25:41,036 [pool-207-thread-1] INFO  server.RaftServerConfigKeys (ConfUtils.java:logGet(43)) - raft.server.log.queue.element-limit = 1024 (custom)
2019-10-01 07:25:41,036 [pool-207-thread-1] INFO  server.RaftServerConfigKeys (ConfUtils.java:logGet(43)) - raft.server.log.segment.size.max = 1048576 (custom)
2019-10-01 07:25:41,036 [pool-207-thread-1] INFO  server.RaftServerConfigKeys (ConfUtils.java:logGet(43)) - raft.server.log.preallocated.size = 16384 (custom)
2019-10-01 07:25:41,037 [pool-207-thread-1] INFO  server.RaftServerConfigKeys (ConfUtils.java:logGet(43)) - raft.server.log.write.buffer.size = 33554432 (custom)
2019-10-01 07:25:41,037 [pool-207-thread-1] INFO  server.RaftServerConfigKeys (ConfUtils.java:logGet(43)) - raft.server.log.force.sync.num = 128 (default)
2019-10-01 07:25:41,037 [pool-207-thread-1] INFO  server.RaftServerConfigKeys (ConfUtils.java:logGet(43)) - raft.server.log.statemachine.data.sync = true (default)
2019-10-01 07:25:41,037 [pool-207-thread-1] INFO  server.RaftServerConfigKeys (ConfUtils.java:logGet(43)) - raft.server.log.statemachine.data.sync.timeout = 10s (default)
2019-10-01 07:25:41,037 [pool-207-thread-1] INFO  server.RaftServerConfigKeys (ConfUtils.java:logGet(43)) - raft.server.log.statemachine.data.sync.timeout.retry = -1 (default)
2019-10-01 07:25:41,038 [pool-207-thread-1] INFO  server.RaftServerConfigKeys (ConfUtils.java:logGet(43)) - raft.server.log.statemachine.data.caching.enabled = true (custom)
2019-10-01 07:25:41,038 [pool-207-thread-1] INFO  segmented.SegmentedRaftLogWorker (SegmentedRaftLogWorker.java:lambda$new$0(128)) - a5319893-1770-436a-9567-4b3fd98b83df@group-7786C98B1376-SegmentedRaftLogWorker: flushIndex: setUnconditionally 0 -> -1
2019-10-01 07:25:41,039 [pool-207-thread-1] INFO  server.RaftServerConfigKeys (ConfUtils.java:logGet(43)) - raft.server.snapshot.auto.trigger.enabled = true (custom)
2019-10-01 07:25:41,039 [pool-207-thread-1] INFO  server.RaftServerConfigKeys (ConfUtils.java:logGet(43)) - raft.server.snapshot.auto.trigger.threshold = 10000 (custom)
2019-10-01 07:25:41,039 [pool-207-thread-1] INFO  server.RaftServerConfigKeys (ConfUtils.java:logGet(43)) - raft.server.snapshot.retention.file.num = 5 (custom)
2019-10-01 07:25:41,039 [pool-207-thread-1] INFO  server.RaftServerConfigKeys (ConfUtils.java:logGet(43)) - raft.server.retrycache.expirytime = 600000ms (custom)
2019-10-01 07:25:41,041 [pool-207-thread-1] INFO  impl.RaftServerImpl (RaftServerImpl.java:start(181)) - a5319893-1770-436a-9567-4b3fd98b83df@group-7786C98B1376: start as a follower, conf=-1: [a5319893-1770-436a-9567-4b3fd98b83df:192.168.30.18:34489], old=null
2019-10-01 07:25:41,041 [pool-207-thread-1] INFO  impl.RaftServerImpl (RaftServerImpl.java:setRole(170)) - a5319893-1770-436a-9567-4b3fd98b83df@group-7786C98B1376: changes role from      null to FOLLOWER at term 0 for startAsFollower
2019-10-01 07:25:41,041 [pool-207-thread-1] INFO  impl.RoleInfo (RoleInfo.java:updateAndGet(143)) - a5319893-1770-436a-9567-4b3fd98b83df: start FollowerState
2019-10-01 07:25:41,042 [pool-207-thread-1] INFO  util.JmxRegister (JmxRegister.java:tryRegister(44)) - Successfully registered JMX Bean with object name Ratis:service=RaftServer,group=group-7786C98B1376,id=a5319893-1770-436a-9567-4b3fd98b83df
2019-10-01 07:25:41,046 [RatisPipelineUtilsThread] INFO  pipeline.PipelineStateManager (PipelineStateManager.java:addPipeline(56)) - Created pipeline Pipeline[ Id: 32826e34-e921-4d68-b053-7786c98b1376, Nodes: a5319893-1770-436a-9567-4b3fd98b83df{ip: 192.168.30.18, host: pr-hdds-1984-bsjj8-3390809720, networkLocation: /default-rack, certSerialId: null}, Type:RATIS, Factor:ONE, State:OPEN]
2019-10-01 07:25:41,063 [grpc-default-executor-2] INFO  impl.RaftServerProxy (RaftServerProxy.java:addNew(89)) - be47bb61-472a-4d67-8e1a-05db22c1f3ae: addNew group-096FAD4EC8DB:[be47bb61-472a-4d67-8e1a-05db22c1f3ae:192.168.30.18:34478] returns group-096FAD4EC8DB:java.util.concurrent.CompletableFuture@5ca3c875[Not completed]
2019-10-01 07:25:41,065 [pool-217-thread-1] INFO  impl.RaftServerImpl (RaftServerImpl.java:<init>(95)) - be47bb61-472a-4d67-8e1a-05db22c1f3ae: new RaftServerImpl for group-096FAD4EC8DB:[be47bb61-472a-4d67-8e1a-05db22c1f3ae:192.168.30.18:34478] with ContainerStateMachine:uninitialized
2019-10-01 07:25:41,065 [pool-217-thread-1] INFO  server.RaftServerConfigKeys (ConfUtils.java:logGet(43)) - raft.server.rpc.timeout.min = 5s (custom)
2019-10-01 07:25:41,065 [pool-217-thread-1] INFO  server.RaftServerConfigKeys (ConfUtils.java:logGet(43)) - raft.server.rpc.timeout.max = 5200ms (custom)
2019-10-01 07:25:41,065 [pool-217-thread-1] INFO  server.RaftServerConfigKeys (ConfUtils.java:logGet(43)) - raft.server.rpcslowness.timeout = 120s (custom)
2019-10-01 07:25:41,065 [pool-217-thread-1] INFO  server.RaftServerConfigKeys (ConfUtils.java:logGet(43)) - raft.server.sleep.deviation.threshold = 300 (default)
2019-10-01 07:25:41,065 [pool-217-thread-1] INFO  server.RaftServerConfigKeys (ConfUtils.java:logGet(43)) - raft.server.log.appender.install.snapshot.enabled = false (custom)
2019-10-01 07:25:41,066 [pool-217-thread-1] INFO  impl.RaftServerImpl (ServerState.java:<init>(103)) - be47bb61-472a-4d67-8e1a-05db22c1f3ae@group-096FAD4EC8DB: ConfigurationManager, init=-1: [be47bb61-472a-4d67-8e1a-05db22c1f3ae:192.168.30.18:34478], old=null, confs=<EMPTY_MAP>
2019-10-01 07:25:41,066 [pool-217-thread-1] INFO  server.RaftServerConfigKeys (ConfUtils.java:logGet(43)) - raft.server.storage.dir = [/workdir/hadoop-ozone/integration-test/target/test-dir/MiniOzoneClusterImpl-54948dff-2f48-4783-91d2-2f208bfbfb90/datanode-1/data/ratis] (custom)
2019-10-01 07:25:41,066 [pool-217-thread-1] INFO  server.RaftServerConfigKeys (ConfUtils.java:logGet(43)) - raft.server.log.corruption.policy = EXCEPTION (default)
2019-10-01 07:25:41,066 [pool-217-thread-1] INFO  storage.RaftStorageDirectory (RaftStorageDirectory.java:analyzeStorage(246)) - The storage directory /workdir/hadoop-ozone/integration-test/target/test-dir/MiniOzoneClusterImpl-54948dff-2f48-4783-91d2-2f208bfbfb90/datanode-1/data/ratis/0918e107-8bc7-4e62-bac1-096fad4ec8db does not exist. Creating ...
2019-10-01 07:25:41,084 [IPC Server handler 1 on 39047] INFO  net.NetworkTopology (NetworkTopologyImpl.java:add(111)) - Added a new node: /default-rack/8451d732-4754-49d1-b6bb-2cccf437fad4
2019-10-01 07:25:41,084 [IPC Server handler 1 on 39047] INFO  node.SCMNodeManager (SCMNodeManager.java:register(266)) - Registered Data node : 8451d732-4754-49d1-b6bb-2cccf437fad4{ip: 192.168.30.18, host: pr-hdds-1984-bsjj8-3390809720, networkLocation: /default-rack, certSerialId: null}
2019-10-01 07:25:41,091 [pool-217-thread-1] INFO  storage.RaftStorageDirectory (RaftStorageDirectory.java:tryLock(328)) - Lock on /workdir/hadoop-ozone/integration-test/target/test-dir/MiniOzoneClusterImpl-54948dff-2f48-4783-91d2-2f208bfbfb90/datanode-1/data/ratis/0918e107-8bc7-4e62-bac1-096fad4ec8db/in_use.lock acquired by nodename 6138@pr-hdds-1984-bsjj8-3390809720
2019-10-01 07:25:41,117 [pool-217-thread-1] INFO  storage.RaftStorage (RaftStorage.java:format(84)) - Storage directory /workdir/hadoop-ozone/integration-test/target/test-dir/MiniOzoneClusterImpl-54948dff-2f48-4783-91d2-2f208bfbfb90/datanode-1/data/ratis/0918e107-8bc7-4e62-bac1-096fad4ec8db has been successfully formatted.
2019-10-01 07:25:41,117 [pool-217-thread-1] INFO  ratis.ContainerStateMachine (ContainerStateMachine.java:loadSnapshot(230)) - group-096FAD4EC8DB: The snapshot info is null. Setting the last applied indexto:(t:0, i:~)
2019-10-01 07:25:41,117 [pool-217-thread-1] INFO  server.RaftServerConfigKeys (ConfUtils.java:logGet(43)) - raft.server.notification.no-leader.timeout = 120s (custom)
2019-10-01 07:25:41,117 [pool-217-thread-1] INFO  server.RaftServerConfigKeys (ConfUtils.java:logGet(43)) - raft.server.log.use.memory = false (default)
2019-10-01 07:25:41,117 [pool-217-thread-1] INFO  server.RaftServerConfigKeys (ConfUtils.java:logGet(43)) - raft.server.log.purge.gap = 1000000 (custom)
2019-10-01 07:25:41,118 [pool-217-thread-1] INFO  server.RaftServerConfigKeys (ConfUtils.java:logGet(43)) - raft.server.log.appender.buffer.byte-limit = 33554432 (custom)
2019-10-01 07:25:41,118 [pool-217-thread-1] INFO  server.RaftServerConfigKeys (ConfUtils.java:logGet(43)) - raft.server.log.segment.size.max = 1048576 (custom)
2019-10-01 07:25:41,120 [pool-217-thread-1] INFO  server.RaftServerConfigKeys (ConfUtils.java:logGet(43)) - raft.server.log.segment.cache.num.max = 2 (custom)
2019-10-01 07:25:41,120 [pool-217-thread-1] INFO  segmented.SegmentedRaftLogWorker (SegmentedRaftLogWorker.java:<init>(173)) - new be47bb61-472a-4d67-8e1a-05db22c1f3ae@group-096FAD4EC8DB-SegmentedRaftLogWorker for RaftStorage:Storage Directory /workdir/hadoop-ozone/integration-test/target/test-dir/MiniOzoneClusterImpl-54948dff-2f48-4783-91d2-2f208bfbfb90/datanode-1/data/ratis/0918e107-8bc7-4e62-bac1-096fad4ec8db
2019-10-01 07:25:41,120 [pool-217-thread-1] INFO  server.RaftServerConfigKeys (ConfUtils.java:logGet(43)) - raft.server.log.queue.byte-limit = 2147483647 (custom)
2019-10-01 07:25:41,120 [pool-217-thread-1] INFO  server.RaftServerConfigKeys (ConfUtils.java:logGet(43)) - raft.server.log.queue.element-limit = 1024 (custom)
2019-10-01 07:25:41,120 [pool-217-thread-1] INFO  server.RaftServerConfigKeys (ConfUtils.java:logGet(43)) - raft.server.log.segment.size.max = 1048576 (custom)
2019-10-01 07:25:41,120 [pool-217-thread-1] INFO  server.RaftServerConfigKeys (ConfUtils.java:logGet(43)) - raft.server.log.preallocated.size = 16384 (custom)
2019-10-01 07:25:41,120 [pool-217-thread-1] INFO  server.RaftServerConfigKeys (ConfUtils.java:logGet(43)) - raft.server.log.write.buffer.size = 33554432 (custom)
2019-10-01 07:25:41,121 [pool-217-thread-1] INFO  server.RaftServerConfigKeys (ConfUtils.java:logGet(43)) - raft.server.log.force.sync.num = 128 (default)
2019-10-01 07:25:41,121 [pool-217-thread-1] INFO  server.RaftServerConfigKeys (ConfUtils.java:logGet(43)) - raft.server.log.statemachine.data.sync = true (default)
2019-10-01 07:25:41,121 [pool-217-thread-1] INFO  server.RaftServerConfigKeys (ConfUtils.java:logGet(43)) - raft.server.log.statemachine.data.sync.timeout = 10s (default)
2019-10-01 07:25:41,121 [pool-217-thread-1] INFO  server.RaftServerConfigKeys (ConfUtils.java:logGet(43)) - raft.server.log.statemachine.data.sync.timeout.retry = -1 (default)
2019-10-01 07:25:41,121 [pool-217-thread-1] INFO  server.RaftServerConfigKeys (ConfUtils.java:logGet(43)) - raft.server.log.statemachine.data.caching.enabled = true (custom)
2019-10-01 07:25:41,122 [pool-217-thread-1] INFO  segmented.SegmentedRaftLogWorker (SegmentedRaftLogWorker.java:lambda$new$0(128)) - be47bb61-472a-4d67-8e1a-05db22c1f3ae@group-096FAD4EC8DB-SegmentedRaftLogWorker: flushIndex: setUnconditionally 0 -> -1
2019-10-01 07:25:41,122 [pool-217-thread-1] INFO  server.RaftServerConfigKeys (ConfUtils.java:logGet(43)) - raft.server.snapshot.auto.trigger.enabled = true (custom)
2019-10-01 07:25:41,122 [pool-217-thread-1] INFO  server.RaftServerConfigKeys (ConfUtils.java:logGet(43)) - raft.server.snapshot.auto.trigger.threshold = 10000 (custom)
2019-10-01 07:25:41,122 [pool-217-thread-1] INFO  server.RaftServerConfigKeys (ConfUtils.java:logGet(43)) - raft.server.snapshot.retention.file.num = 5 (custom)
2019-10-01 07:25:41,122 [pool-217-thread-1] INFO  server.RaftServerConfigKeys (ConfUtils.java:logGet(43)) - raft.server.retrycache.expirytime = 600000ms (custom)
2019-10-01 07:25:41,124 [pool-217-thread-1] INFO  impl.RaftServerImpl (RaftServerImpl.java:start(181)) - be47bb61-472a-4d67-8e1a-05db22c1f3ae@group-096FAD4EC8DB: start as a follower, conf=-1: [be47bb61-472a-4d67-8e1a-05db22c1f3ae:192.168.30.18:34478], old=null
2019-10-01 07:25:41,124 [pool-217-thread-1] INFO  impl.RaftServerImpl (RaftServerImpl.java:setRole(170)) - be47bb61-472a-4d67-8e1a-05db22c1f3ae@group-096FAD4EC8DB: changes role from      null to FOLLOWER at term 0 for startAsFollower
2019-10-01 07:25:41,124 [pool-217-thread-1] INFO  impl.RoleInfo (RoleInfo.java:updateAndGet(143)) - be47bb61-472a-4d67-8e1a-05db22c1f3ae: start FollowerState
2019-10-01 07:25:41,125 [pool-217-thread-1] INFO  util.JmxRegister (JmxRegister.java:tryRegister(44)) - Successfully registered JMX Bean with object name Ratis:service=RaftServer,group=group-096FAD4EC8DB,id=be47bb61-472a-4d67-8e1a-05db22c1f3ae
2019-10-01 07:25:41,129 [RatisPipelineUtilsThread] INFO  pipeline.PipelineStateManager (PipelineStateManager.java:addPipeline(56)) - Created pipeline Pipeline[ Id: 0918e107-8bc7-4e62-bac1-096fad4ec8db, Nodes: be47bb61-472a-4d67-8e1a-05db22c1f3ae{ip: 192.168.30.18, host: pr-hdds-1984-bsjj8-3390809720, networkLocation: /default-rack, certSerialId: null}, Type:RATIS, Factor:ONE, State:OPEN]
2019-10-01 07:25:41,140 [grpc-default-executor-2] INFO  impl.RaftServerProxy (RaftServerProxy.java:addNew(89)) - 8451d732-4754-49d1-b6bb-2cccf437fad4: addNew group-C44D945B90DB:[8451d732-4754-49d1-b6bb-2cccf437fad4:192.168.30.18:38107] returns group-C44D945B90DB:java.util.concurrent.CompletableFuture@3dd2ccf0[Not completed]
2019-10-01 07:25:41,141 [pool-227-thread-1] INFO  impl.RaftServerImpl (RaftServerImpl.java:<init>(95)) - 8451d732-4754-49d1-b6bb-2cccf437fad4: new RaftServerImpl for group-C44D945B90DB:[8451d732-4754-49d1-b6bb-2cccf437fad4:192.168.30.18:38107] with ContainerStateMachine:uninitialized
2019-10-01 07:25:41,141 [pool-227-thread-1] INFO  server.RaftServerConfigKeys (ConfUtils.java:logGet(43)) - raft.server.rpc.timeout.min = 5s (custom)
2019-10-01 07:25:41,141 [pool-227-thread-1] INFO  server.RaftServerConfigKeys (ConfUtils.java:logGet(43)) - raft.server.rpc.timeout.max = 5200ms (custom)
2019-10-01 07:25:41,141 [pool-227-thread-1] INFO  server.RaftServerConfigKeys (ConfUtils.java:logGet(43)) - raft.server.rpcslowness.timeout = 120s (custom)
2019-10-01 07:25:41,141 [pool-227-thread-1] INFO  server.RaftServerConfigKeys (ConfUtils.java:logGet(43)) - raft.server.sleep.deviation.threshold = 300 (default)
2019-10-01 07:25:41,141 [pool-227-thread-1] INFO  server.RaftServerConfigKeys (ConfUtils.java:logGet(43)) - raft.server.log.appender.install.snapshot.enabled = false (custom)
2019-10-01 07:25:41,142 [pool-227-thread-1] INFO  impl.RaftServerImpl (ServerState.java:<init>(103)) - 8451d732-4754-49d1-b6bb-2cccf437fad4@group-C44D945B90DB: ConfigurationManager, init=-1: [8451d732-4754-49d1-b6bb-2cccf437fad4:192.168.30.18:38107], old=null, confs=<EMPTY_MAP>
2019-10-01 07:25:41,142 [pool-227-thread-1] INFO  server.RaftServerConfigKeys (ConfUtils.java:logGet(43)) - raft.server.storage.dir = [/workdir/hadoop-ozone/integration-test/target/test-dir/MiniOzoneClusterImpl-54948dff-2f48-4783-91d2-2f208bfbfb90/datanode-2/data/ratis] (custom)
2019-10-01 07:25:41,142 [pool-227-thread-1] INFO  server.RaftServerConfigKeys (ConfUtils.java:logGet(43)) - raft.server.log.corruption.policy = EXCEPTION (default)
2019-10-01 07:25:41,142 [pool-227-thread-1] INFO  storage.RaftStorageDirectory (RaftStorageDirectory.java:analyzeStorage(246)) - The storage directory /workdir/hadoop-ozone/integration-test/target/test-dir/MiniOzoneClusterImpl-54948dff-2f48-4783-91d2-2f208bfbfb90/datanode-2/data/ratis/9f186284-f4cf-42ff-affa-c44d945b90db does not exist. Creating ...
2019-10-01 07:25:41,148 [IPC Server handler 3 on 39047] INFO  net.NetworkTopology (NetworkTopologyImpl.java:add(111)) - Added a new node: /default-rack/3e8b1524-3c14-4a7f-afd7-08a90b27c162
2019-10-01 07:25:41,148 [IPC Server handler 3 on 39047] INFO  node.SCMNodeManager (SCMNodeManager.java:register(266)) - Registered Data node : 3e8b1524-3c14-4a7f-afd7-08a90b27c162{ip: 192.168.30.18, host: pr-hdds-1984-bsjj8-3390809720, networkLocation: /default-rack, certSerialId: null}
2019-10-01 07:25:41,167 [pool-227-thread-1] INFO  storage.RaftStorageDirectory (RaftStorageDirectory.java:tryLock(328)) - Lock on /workdir/hadoop-ozone/integration-test/target/test-dir/MiniOzoneClusterImpl-54948dff-2f48-4783-91d2-2f208bfbfb90/datanode-2/data/ratis/9f186284-f4cf-42ff-affa-c44d945b90db/in_use.lock acquired by nodename 6138@pr-hdds-1984-bsjj8-3390809720
2019-10-01 07:25:41,193 [pool-227-thread-1] INFO  storage.RaftStorage (RaftStorage.java:format(84)) - Storage directory /workdir/hadoop-ozone/integration-test/target/test-dir/MiniOzoneClusterImpl-54948dff-2f48-4783-91d2-2f208bfbfb90/datanode-2/data/ratis/9f186284-f4cf-42ff-affa-c44d945b90db has been successfully formatted.
2019-10-01 07:25:41,193 [pool-227-thread-1] INFO  ratis.ContainerStateMachine (ContainerStateMachine.java:loadSnapshot(230)) - group-C44D945B90DB: The snapshot info is null. Setting the last applied indexto:(t:0, i:~)
2019-10-01 07:25:41,193 [pool-227-thread-1] INFO  server.RaftServerConfigKeys (ConfUtils.java:logGet(43)) - raft.server.notification.no-leader.timeout = 120s (custom)
2019-10-01 07:25:41,193 [pool-227-thread-1] INFO  server.RaftServerConfigKeys (ConfUtils.java:logGet(43)) - raft.server.log.use.memory = false (default)
2019-10-01 07:25:41,193 [pool-227-thread-1] INFO  server.RaftServerConfigKeys (ConfUtils.java:logGet(43)) - raft.server.log.purge.gap = 1000000 (custom)
2019-10-01 07:25:41,193 [pool-227-thread-1] INFO  server.RaftServerConfigKeys (ConfUtils.java:logGet(43)) - raft.server.log.appender.buffer.byte-limit = 33554432 (custom)
2019-10-01 07:25:41,193 [pool-227-thread-1] INFO  server.RaftServerConfigKeys (ConfUtils.java:logGet(43)) - raft.server.log.segment.size.max = 1048576 (custom)
2019-10-01 07:25:41,195 [pool-227-thread-1] INFO  server.RaftServerConfigKeys (ConfUtils.java:logGet(43)) - raft.server.log.segment.cache.num.max = 2 (custom)
2019-10-01 07:25:41,195 [pool-227-thread-1] INFO  segmented.SegmentedRaftLogWorker (SegmentedRaftLogWorker.java:<init>(173)) - new 8451d732-4754-49d1-b6bb-2cccf437fad4@group-C44D945B90DB-SegmentedRaftLogWorker for RaftStorage:Storage Directory /workdir/hadoop-ozone/integration-test/target/test-dir/MiniOzoneClusterImpl-54948dff-2f48-4783-91d2-2f208bfbfb90/datanode-2/data/ratis/9f186284-f4cf-42ff-affa-c44d945b90db
2019-10-01 07:25:41,195 [pool-227-thread-1] INFO  server.RaftServerConfigKeys (ConfUtils.java:logGet(43)) - raft.server.log.queue.byte-limit = 2147483647 (custom)
2019-10-01 07:25:41,196 [pool-227-thread-1] INFO  server.RaftServerConfigKeys (ConfUtils.java:logGet(43)) - raft.server.log.queue.element-limit = 1024 (custom)
2019-10-01 07:25:41,196 [pool-227-thread-1] INFO  server.RaftServerConfigKeys (ConfUtils.java:logGet(43)) - raft.server.log.segment.size.max = 1048576 (custom)
2019-10-01 07:25:41,196 [pool-227-thread-1] INFO  server.RaftServerConfigKeys (ConfUtils.java:logGet(43)) - raft.server.log.preallocated.size = 16384 (custom)
2019-10-01 07:25:41,196 [pool-227-thread-1] INFO  server.RaftServerConfigKeys (ConfUtils.java:logGet(43)) - raft.server.log.write.buffer.size = 33554432 (custom)
2019-10-01 07:25:41,196 [pool-227-thread-1] INFO  server.RaftServerConfigKeys (ConfUtils.java:logGet(43)) - raft.server.log.force.sync.num = 128 (default)
2019-10-01 07:25:41,196 [pool-227-thread-1] INFO  server.RaftServerConfigKeys (ConfUtils.java:logGet(43)) - raft.server.log.statemachine.data.sync = true (default)
2019-10-01 07:25:41,196 [pool-227-thread-1] INFO  server.RaftServerConfigKeys (ConfUtils.java:logGet(43)) - raft.server.log.statemachine.data.sync.timeout = 10s (default)
2019-10-01 07:25:41,196 [pool-227-thread-1] INFO  server.RaftServerConfigKeys (ConfUtils.java:logGet(43)) - raft.server.log.statemachine.data.sync.timeout.retry = -1 (default)
2019-10-01 07:25:41,197 [pool-227-thread-1] INFO  server.RaftServerConfigKeys (ConfUtils.java:logGet(43)) - raft.server.log.statemachine.data.caching.enabled = true (custom)
2019-10-01 07:25:41,197 [pool-227-thread-1] INFO  segmented.SegmentedRaftLogWorker (SegmentedRaftLogWorker.java:lambda$new$0(128)) - 8451d732-4754-49d1-b6bb-2cccf437fad4@group-C44D945B90DB-SegmentedRaftLogWorker: flushIndex: setUnconditionally 0 -> -1
2019-10-01 07:25:41,197 [pool-227-thread-1] INFO  server.RaftServerConfigKeys (ConfUtils.java:logGet(43)) - raft.server.snapshot.auto.trigger.enabled = true (custom)
2019-10-01 07:25:41,197 [pool-227-thread-1] INFO  server.RaftServerConfigKeys (ConfUtils.java:logGet(43)) - raft.server.snapshot.auto.trigger.threshold = 10000 (custom)
2019-10-01 07:25:41,197 [pool-227-thread-1] INFO  server.RaftServerConfigKeys (ConfUtils.java:logGet(43)) - raft.server.snapshot.retention.file.num = 5 (custom)
2019-10-01 07:25:41,197 [pool-227-thread-1] INFO  server.RaftServerConfigKeys (ConfUtils.java:logGet(43)) - raft.server.retrycache.expirytime = 600000ms (custom)
2019-10-01 07:25:41,199 [pool-227-thread-1] INFO  impl.RaftServerImpl (RaftServerImpl.java:start(181)) - 8451d732-4754-49d1-b6bb-2cccf437fad4@group-C44D945B90DB: start as a follower, conf=-1: [8451d732-4754-49d1-b6bb-2cccf437fad4:192.168.30.18:38107], old=null
2019-10-01 07:25:41,199 [pool-227-thread-1] INFO  impl.RaftServerImpl (RaftServerImpl.java:setRole(170)) - 8451d732-4754-49d1-b6bb-2cccf437fad4@group-C44D945B90DB: changes role from      null to FOLLOWER at term 0 for startAsFollower
2019-10-01 07:25:41,199 [pool-227-thread-1] INFO  impl.RoleInfo (RoleInfo.java:updateAndGet(143)) - 8451d732-4754-49d1-b6bb-2cccf437fad4: start FollowerState
2019-10-01 07:25:41,199 [pool-227-thread-1] INFO  util.JmxRegister (JmxRegister.java:tryRegister(44)) - Successfully registered JMX Bean with object name Ratis:service=RaftServer,group=group-C44D945B90DB,id=8451d732-4754-49d1-b6bb-2cccf437fad4
2019-10-01 07:25:41,203 [RatisPipelineUtilsThread] INFO  pipeline.PipelineStateManager (PipelineStateManager.java:addPipeline(56)) - Created pipeline Pipeline[ Id: 9f186284-f4cf-42ff-affa-c44d945b90db, Nodes: 8451d732-4754-49d1-b6bb-2cccf437fad4{ip: 192.168.30.18, host: pr-hdds-1984-bsjj8-3390809720, networkLocation: /default-rack, certSerialId: null}, Type:RATIS, Factor:ONE, State:OPEN]
2019-10-01 07:25:41,214 [grpc-default-executor-2] INFO  impl.RaftServerProxy (RaftServerProxy.java:addNew(89)) - 3e8b1524-3c14-4a7f-afd7-08a90b27c162: addNew group-09550600BB6A:[3e8b1524-3c14-4a7f-afd7-08a90b27c162:192.168.30.18:37349] returns group-09550600BB6A:java.util.concurrent.CompletableFuture@3ab7cfac[Not completed]
2019-10-01 07:25:41,215 [IPC Server handler 4 on 39047] INFO  net.NetworkTopology (NetworkTopologyImpl.java:add(111)) - Added a new node: /default-rack/6575efd9-7970-408a-b91b-7d472f892079
2019-10-01 07:25:41,215 [IPC Server handler 4 on 39047] INFO  node.SCMNodeManager (SCMNodeManager.java:register(266)) - Registered Data node : 6575efd9-7970-408a-b91b-7d472f892079{ip: 192.168.30.18, host: pr-hdds-1984-bsjj8-3390809720, networkLocation: /default-rack, certSerialId: null}
2019-10-01 07:25:41,215 [pool-237-thread-1] INFO  impl.RaftServerImpl (RaftServerImpl.java:<init>(95)) - 3e8b1524-3c14-4a7f-afd7-08a90b27c162: new RaftServerImpl for group-09550600BB6A:[3e8b1524-3c14-4a7f-afd7-08a90b27c162:192.168.30.18:37349] with ContainerStateMachine:uninitialized
2019-10-01 07:25:41,215 [pool-237-thread-1] INFO  server.RaftServerConfigKeys (ConfUtils.java:logGet(43)) - raft.server.rpc.timeout.min = 5s (custom)
2019-10-01 07:25:41,215 [pool-237-thread-1] INFO  server.RaftServerConfigKeys (ConfUtils.java:logGet(43)) - raft.server.rpc.timeout.max = 5200ms (custom)
2019-10-01 07:25:41,215 [pool-237-thread-1] INFO  server.RaftServerConfigKeys (ConfUtils.java:logGet(43)) - raft.server.rpcslowness.timeout = 120s (custom)
2019-10-01 07:25:41,215 [pool-237-thread-1] INFO  server.RaftServerConfigKeys (ConfUtils.java:logGet(43)) - raft.server.sleep.deviation.threshold = 300 (default)
2019-10-01 07:25:41,215 [pool-237-thread-1] INFO  server.RaftServerConfigKeys (ConfUtils.java:logGet(43)) - raft.server.log.appender.install.snapshot.enabled = false (custom)
2019-10-01 07:25:41,216 [pool-237-thread-1] INFO  impl.RaftServerImpl (ServerState.java:<init>(103)) - 3e8b1524-3c14-4a7f-afd7-08a90b27c162@group-09550600BB6A: ConfigurationManager, init=-1: [3e8b1524-3c14-4a7f-afd7-08a90b27c162:192.168.30.18:37349], old=null, confs=<EMPTY_MAP>
2019-10-01 07:25:41,216 [pool-237-thread-1] INFO  server.RaftServerConfigKeys (ConfUtils.java:logGet(43)) - raft.server.storage.dir = [/workdir/hadoop-ozone/integration-test/target/test-dir/MiniOzoneClusterImpl-54948dff-2f48-4783-91d2-2f208bfbfb90/datanode-3/data/ratis] (custom)
2019-10-01 07:25:41,216 [pool-237-thread-1] INFO  server.RaftServerConfigKeys (ConfUtils.java:logGet(43)) - raft.server.log.corruption.policy = EXCEPTION (default)
2019-10-01 07:25:41,216 [pool-237-thread-1] INFO  storage.RaftStorageDirectory (RaftStorageDirectory.java:analyzeStorage(246)) - The storage directory /workdir/hadoop-ozone/integration-test/target/test-dir/MiniOzoneClusterImpl-54948dff-2f48-4783-91d2-2f208bfbfb90/datanode-3/data/ratis/a63b39d2-cf1c-4a73-80f7-09550600bb6a does not exist. Creating ...
2019-10-01 07:25:41,243 [pool-237-thread-1] INFO  storage.RaftStorageDirectory (RaftStorageDirectory.java:tryLock(328)) - Lock on /workdir/hadoop-ozone/integration-test/target/test-dir/MiniOzoneClusterImpl-54948dff-2f48-4783-91d2-2f208bfbfb90/datanode-3/data/ratis/a63b39d2-cf1c-4a73-80f7-09550600bb6a/in_use.lock acquired by nodename 6138@pr-hdds-1984-bsjj8-3390809720
2019-10-01 07:25:41,269 [pool-237-thread-1] INFO  storage.RaftStorage (RaftStorage.java:format(84)) - Storage directory /workdir/hadoop-ozone/integration-test/target/test-dir/MiniOzoneClusterImpl-54948dff-2f48-4783-91d2-2f208bfbfb90/datanode-3/data/ratis/a63b39d2-cf1c-4a73-80f7-09550600bb6a has been successfully formatted.
2019-10-01 07:25:41,269 [pool-237-thread-1] INFO  ratis.ContainerStateMachine (ContainerStateMachine.java:loadSnapshot(230)) - group-09550600BB6A: The snapshot info is null. Setting the last applied indexto:(t:0, i:~)
2019-10-01 07:25:41,269 [pool-237-thread-1] INFO  server.RaftServerConfigKeys (ConfUtils.java:logGet(43)) - raft.server.notification.no-leader.timeout = 120s (custom)
2019-10-01 07:25:41,269 [pool-237-thread-1] INFO  server.RaftServerConfigKeys (ConfUtils.java:logGet(43)) - raft.server.log.use.memory = false (default)
2019-10-01 07:25:41,269 [pool-237-thread-1] INFO  server.RaftServerConfigKeys (ConfUtils.java:logGet(43)) - raft.server.log.purge.gap = 1000000 (custom)
2019-10-01 07:25:41,269 [pool-237-thread-1] INFO  server.RaftServerConfigKeys (ConfUtils.java:logGet(43)) - raft.server.log.appender.buffer.byte-limit = 33554432 (custom)
2019-10-01 07:25:41,269 [pool-237-thread-1] INFO  server.RaftServerConfigKeys (ConfUtils.java:logGet(43)) - raft.server.log.segment.size.max = 1048576 (custom)
2019-10-01 07:25:41,271 [pool-237-thread-1] INFO  server.RaftServerConfigKeys (ConfUtils.java:logGet(43)) - raft.server.log.segment.cache.num.max = 2 (custom)
2019-10-01 07:25:41,271 [pool-237-thread-1] INFO  segmented.SegmentedRaftLogWorker (SegmentedRaftLogWorker.java:<init>(173)) - new 3e8b1524-3c14-4a7f-afd7-08a90b27c162@group-09550600BB6A-SegmentedRaftLogWorker for RaftStorage:Storage Directory /workdir/hadoop-ozone/integration-test/target/test-dir/MiniOzoneClusterImpl-54948dff-2f48-4783-91d2-2f208bfbfb90/datanode-3/data/ratis/a63b39d2-cf1c-4a73-80f7-09550600bb6a
2019-10-01 07:25:41,271 [pool-237-thread-1] INFO  server.RaftServerConfigKeys (ConfUtils.java:logGet(43)) - raft.server.log.queue.byte-limit = 2147483647 (custom)
2019-10-01 07:25:41,271 [pool-237-thread-1] INFO  server.RaftServerConfigKeys (ConfUtils.java:logGet(43)) - raft.server.log.queue.element-limit = 1024 (custom)
2019-10-01 07:25:41,272 [pool-237-thread-1] INFO  server.RaftServerConfigKeys (ConfUtils.java:logGet(43)) - raft.server.log.segment.size.max = 1048576 (custom)
2019-10-01 07:25:41,272 [pool-237-thread-1] INFO  server.RaftServerConfigKeys (ConfUtils.java:logGet(43)) - raft.server.log.preallocated.size = 16384 (custom)
2019-10-01 07:25:41,272 [pool-237-thread-1] INFO  server.RaftServerConfigKeys (ConfUtils.java:logGet(43)) - raft.server.log.write.buffer.size = 33554432 (custom)
2019-10-01 07:25:41,272 [pool-237-thread-1] INFO  server.RaftServerConfigKeys (ConfUtils.java:logGet(43)) - raft.server.log.force.sync.num = 128 (default)
2019-10-01 07:25:41,272 [pool-237-thread-1] INFO  server.RaftServerConfigKeys (ConfUtils.java:logGet(43)) - raft.server.log.statemachine.data.sync = true (default)
2019-10-01 07:25:41,272 [pool-237-thread-1] INFO  server.RaftServerConfigKeys (ConfUtils.java:logGet(43)) - raft.server.log.statemachine.data.sync.timeout = 10s (default)
2019-10-01 07:25:41,272 [pool-237-thread-1] INFO  server.RaftServerConfigKeys (ConfUtils.java:logGet(43)) - raft.server.log.statemachine.data.sync.timeout.retry = -1 (default)
2019-10-01 07:25:41,272 [pool-237-thread-1] INFO  server.RaftServerConfigKeys (ConfUtils.java:logGet(43)) - raft.server.log.statemachine.data.caching.enabled = true (custom)
2019-10-01 07:25:41,273 [pool-237-thread-1] INFO  segmented.SegmentedRaftLogWorker (SegmentedRaftLogWorker.java:lambda$new$0(128)) - 3e8b1524-3c14-4a7f-afd7-08a90b27c162@group-09550600BB6A-SegmentedRaftLogWorker: flushIndex: setUnconditionally 0 -> -1
2019-10-01 07:25:41,273 [pool-237-thread-1] INFO  server.RaftServerConfigKeys (ConfUtils.java:logGet(43)) - raft.server.snapshot.auto.trigger.enabled = true (custom)
2019-10-01 07:25:41,273 [pool-237-thread-1] INFO  server.RaftServerConfigKeys (ConfUtils.java:logGet(43)) - raft.server.snapshot.auto.trigger.threshold = 10000 (custom)
2019-10-01 07:25:41,273 [pool-237-thread-1] INFO  server.RaftServerConfigKeys (ConfUtils.java:logGet(43)) - raft.server.snapshot.retention.file.num = 5 (custom)
2019-10-01 07:25:41,273 [pool-237-thread-1] INFO  server.RaftServerConfigKeys (ConfUtils.java:logGet(43)) - raft.server.retrycache.expirytime = 600000ms (custom)
2019-10-01 07:25:41,274 [pool-237-thread-1] INFO  impl.RaftServerImpl (RaftServerImpl.java:start(181)) - 3e8b1524-3c14-4a7f-afd7-08a90b27c162@group-09550600BB6A: start as a follower, conf=-1: [3e8b1524-3c14-4a7f-afd7-08a90b27c162:192.168.30.18:37349], old=null
2019-10-01 07:25:41,275 [pool-237-thread-1] INFO  impl.RaftServerImpl (RaftServerImpl.java:setRole(170)) - 3e8b1524-3c14-4a7f-afd7-08a90b27c162@group-09550600BB6A: changes role from      null to FOLLOWER at term 0 for startAsFollower
2019-10-01 07:25:41,275 [pool-237-thread-1] INFO  impl.RoleInfo (RoleInfo.java:updateAndGet(143)) - 3e8b1524-3c14-4a7f-afd7-08a90b27c162: start FollowerState
2019-10-01 07:25:41,275 [pool-237-thread-1] INFO  util.JmxRegister (JmxRegister.java:tryRegister(44)) - Successfully registered JMX Bean with object name Ratis:service=RaftServer,group=group-09550600BB6A,id=3e8b1524-3c14-4a7f-afd7-08a90b27c162
2019-10-01 07:25:41,279 [RatisPipelineUtilsThread] INFO  pipeline.PipelineStateManager (PipelineStateManager.java:addPipeline(56)) - Created pipeline Pipeline[ Id: a63b39d2-cf1c-4a73-80f7-09550600bb6a, Nodes: 3e8b1524-3c14-4a7f-afd7-08a90b27c162{ip: 192.168.30.18, host: pr-hdds-1984-bsjj8-3390809720, networkLocation: /default-rack, certSerialId: null}, Type:RATIS, Factor:ONE, State:OPEN]
2019-10-01 07:25:41,287 [grpc-default-executor-2] INFO  impl.RaftServerProxy (RaftServerProxy.java:addNew(89)) - 6575efd9-7970-408a-b91b-7d472f892079: addNew group-DBE0540C4902:[6575efd9-7970-408a-b91b-7d472f892079:192.168.30.18:45041] returns group-DBE0540C4902:java.util.concurrent.CompletableFuture@2b9ca6f8[Not completed]
2019-10-01 07:25:41,288 [IPC Server handler 6 on 39047] INFO  net.NetworkTopology (NetworkTopologyImpl.java:add(111)) - Added a new node: /default-rack/66155c1e-e6d4-4e53-9279-a1359c59a500
2019-10-01 07:25:41,288 [IPC Server handler 6 on 39047] INFO  node.SCMNodeManager (SCMNodeManager.java:register(266)) - Registered Data node : 66155c1e-e6d4-4e53-9279-a1359c59a500{ip: 192.168.30.18, host: pr-hdds-1984-bsjj8-3390809720, networkLocation: /default-rack, certSerialId: null}
2019-10-01 07:25:41,290 [pool-247-thread-1] INFO  impl.RaftServerImpl (RaftServerImpl.java:<init>(95)) - 6575efd9-7970-408a-b91b-7d472f892079: new RaftServerImpl for group-DBE0540C4902:[6575efd9-7970-408a-b91b-7d472f892079:192.168.30.18:45041] with ContainerStateMachine:uninitialized
2019-10-01 07:25:41,290 [pool-247-thread-1] INFO  server.RaftServerConfigKeys (ConfUtils.java:logGet(43)) - raft.server.rpc.timeout.min = 5s (custom)
2019-10-01 07:25:41,290 [pool-247-thread-1] INFO  server.RaftServerConfigKeys (ConfUtils.java:logGet(43)) - raft.server.rpc.timeout.max = 5200ms (custom)
2019-10-01 07:25:41,291 [pool-247-thread-1] INFO  server.RaftServerConfigKeys (ConfUtils.java:logGet(43)) - raft.server.rpcslowness.timeout = 120s (custom)
2019-10-01 07:25:41,291 [pool-247-thread-1] INFO  server.RaftServerConfigKeys (ConfUtils.java:logGet(43)) - raft.server.sleep.deviation.threshold = 300 (default)
2019-10-01 07:25:41,291 [pool-247-thread-1] INFO  server.RaftServerConfigKeys (ConfUtils.java:logGet(43)) - raft.server.log.appender.install.snapshot.enabled = false (custom)
2019-10-01 07:25:41,291 [pool-247-thread-1] INFO  impl.RaftServerImpl (ServerState.java:<init>(103)) - 6575efd9-7970-408a-b91b-7d472f892079@group-DBE0540C4902: ConfigurationManager, init=-1: [6575efd9-7970-408a-b91b-7d472f892079:192.168.30.18:45041], old=null, confs=<EMPTY_MAP>
2019-10-01 07:25:41,292 [pool-247-thread-1] INFO  server.RaftServerConfigKeys (ConfUtils.java:logGet(43)) - raft.server.storage.dir = [/workdir/hadoop-ozone/integration-test/target/test-dir/MiniOzoneClusterImpl-54948dff-2f48-4783-91d2-2f208bfbfb90/datanode-4/data/ratis] (custom)
2019-10-01 07:25:41,292 [pool-247-thread-1] INFO  server.RaftServerConfigKeys (ConfUtils.java:logGet(43)) - raft.server.log.corruption.policy = EXCEPTION (default)
2019-10-01 07:25:41,292 [pool-247-thread-1] INFO  storage.RaftStorageDirectory (RaftStorageDirectory.java:analyzeStorage(246)) - The storage directory /workdir/hadoop-ozone/integration-test/target/test-dir/MiniOzoneClusterImpl-54948dff-2f48-4783-91d2-2f208bfbfb90/datanode-4/data/ratis/415d9f0e-a180-4e3f-a2d1-dbe0540c4902 does not exist. Creating ...
2019-10-01 07:25:41,319 [pool-247-thread-1] INFO  storage.RaftStorageDirectory (RaftStorageDirectory.java:tryLock(328)) - Lock on /workdir/hadoop-ozone/integration-test/target/test-dir/MiniOzoneClusterImpl-54948dff-2f48-4783-91d2-2f208bfbfb90/datanode-4/data/ratis/415d9f0e-a180-4e3f-a2d1-dbe0540c4902/in_use.lock acquired by nodename 6138@pr-hdds-1984-bsjj8-3390809720
2019-10-01 07:25:41,344 [pool-247-thread-1] INFO  storage.RaftStorage (RaftStorage.java:format(84)) - Storage directory /workdir/hadoop-ozone/integration-test/target/test-dir/MiniOzoneClusterImpl-54948dff-2f48-4783-91d2-2f208bfbfb90/datanode-4/data/ratis/415d9f0e-a180-4e3f-a2d1-dbe0540c4902 has been successfully formatted.
2019-10-01 07:25:41,345 [pool-247-thread-1] INFO  ratis.ContainerStateMachine (ContainerStateMachine.java:loadSnapshot(230)) - group-DBE0540C4902: The snapshot info is null. Setting the last applied indexto:(t:0, i:~)
2019-10-01 07:25:41,345 [pool-247-thread-1] INFO  server.RaftServerConfigKeys (ConfUtils.java:logGet(43)) - raft.server.notification.no-leader.timeout = 120s (custom)
2019-10-01 07:25:41,345 [pool-247-thread-1] INFO  server.RaftServerConfigKeys (ConfUtils.java:logGet(43)) - raft.server.log.use.memory = false (default)
2019-10-01 07:25:41,345 [pool-247-thread-1] INFO  server.RaftServerConfigKeys (ConfUtils.java:logGet(43)) - raft.server.log.purge.gap = 1000000 (custom)
2019-10-01 07:25:41,345 [pool-247-thread-1] INFO  server.RaftServerConfigKeys (ConfUtils.java:logGet(43)) - raft.server.log.appender.buffer.byte-limit = 33554432 (custom)
2019-10-01 07:25:41,345 [pool-247-thread-1] INFO  server.RaftServerConfigKeys (ConfUtils.java:logGet(43)) - raft.server.log.segment.size.max = 1048576 (custom)
2019-10-01 07:25:41,347 [pool-247-thread-1] INFO  server.RaftServerConfigKeys (ConfUtils.java:logGet(43)) - raft.server.log.segment.cache.num.max = 2 (custom)
2019-10-01 07:25:41,347 [pool-247-thread-1] INFO  segmented.SegmentedRaftLogWorker (SegmentedRaftLogWorker.java:<init>(173)) - new 6575efd9-7970-408a-b91b-7d472f892079@group-DBE0540C4902-SegmentedRaftLogWorker for RaftStorage:Storage Directory /workdir/hadoop-ozone/integration-test/target/test-dir/MiniOzoneClusterImpl-54948dff-2f48-4783-91d2-2f208bfbfb90/datanode-4/data/ratis/415d9f0e-a180-4e3f-a2d1-dbe0540c4902
2019-10-01 07:25:41,348 [pool-247-thread-1] INFO  server.RaftServerConfigKeys (ConfUtils.java:logGet(43)) - raft.server.log.queue.byte-limit = 2147483647 (custom)
2019-10-01 07:25:41,348 [pool-247-thread-1] INFO  server.RaftServerConfigKeys (ConfUtils.java:logGet(43)) - raft.server.log.queue.element-limit = 1024 (custom)
2019-10-01 07:25:41,348 [pool-247-thread-1] INFO  server.RaftServerConfigKeys (ConfUtils.java:logGet(43)) - raft.server.log.segment.size.max = 1048576 (custom)
2019-10-01 07:25:41,348 [pool-247-thread-1] INFO  server.RaftServerConfigKeys (ConfUtils.java:logGet(43)) - raft.server.log.preallocated.size = 16384 (custom)
2019-10-01 07:25:41,348 [pool-247-thread-1] INFO  server.RaftServerConfigKeys (ConfUtils.java:logGet(43)) - raft.server.log.write.buffer.size = 33554432 (custom)
2019-10-01 07:25:41,348 [pool-247-thread-1] INFO  server.RaftServerConfigKeys (ConfUtils.java:logGet(43)) - raft.server.log.force.sync.num = 128 (default)
2019-10-01 07:25:41,348 [pool-247-thread-1] INFO  server.RaftServerConfigKeys (ConfUtils.java:logGet(43)) - raft.server.log.statemachine.data.sync = true (default)
2019-10-01 07:25:41,348 [pool-247-thread-1] INFO  server.RaftServerConfigKeys (ConfUtils.java:logGet(43)) - raft.server.log.statemachine.data.sync.timeout = 10s (default)
2019-10-01 07:25:41,348 [pool-247-thread-1] INFO  server.RaftServerConfigKeys (ConfUtils.java:logGet(43)) - raft.server.log.statemachine.data.sync.timeout.retry = -1 (default)
2019-10-01 07:25:41,349 [pool-247-thread-1] INFO  server.RaftServerConfigKeys (ConfUtils.java:logGet(43)) - raft.server.log.statemachine.data.caching.enabled = true (custom)
2019-10-01 07:25:41,349 [pool-247-thread-1] INFO  segmented.SegmentedRaftLogWorker (SegmentedRaftLogWorker.java:lambda$new$0(128)) - 6575efd9-7970-408a-b91b-7d472f892079@group-DBE0540C4902-SegmentedRaftLogWorker: flushIndex: setUnconditionally 0 -> -1
2019-10-01 07:25:41,349 [pool-247-thread-1] INFO  server.RaftServerConfigKeys (ConfUtils.java:logGet(43)) - raft.server.snapshot.auto.trigger.enabled = true (custom)
2019-10-01 07:25:41,350 [pool-247-thread-1] INFO  server.RaftServerConfigKeys (ConfUtils.java:logGet(43)) - raft.server.snapshot.auto.trigger.threshold = 10000 (custom)
2019-10-01 07:25:41,350 [pool-247-thread-1] INFO  server.RaftServerConfigKeys (ConfUtils.java:logGet(43)) - raft.server.snapshot.retention.file.num = 5 (custom)
2019-10-01 07:25:41,350 [pool-247-thread-1] INFO  server.RaftServerConfigKeys (ConfUtils.java:logGet(43)) - raft.server.retrycache.expirytime = 600000ms (custom)
2019-10-01 07:25:41,352 [pool-247-thread-1] INFO  impl.RaftServerImpl (RaftServerImpl.java:start(181)) - 6575efd9-7970-408a-b91b-7d472f892079@group-DBE0540C4902: start as a follower, conf=-1: [6575efd9-7970-408a-b91b-7d472f892079:192.168.30.18:45041], old=null
2019-10-01 07:25:41,352 [pool-247-thread-1] INFO  impl.RaftServerImpl (RaftServerImpl.java:setRole(170)) - 6575efd9-7970-408a-b91b-7d472f892079@group-DBE0540C4902: changes role from      null to FOLLOWER at term 0 for startAsFollower
2019-10-01 07:25:41,352 [pool-247-thread-1] INFO  impl.RoleInfo (RoleInfo.java:updateAndGet(143)) - 6575efd9-7970-408a-b91b-7d472f892079: start FollowerState
2019-10-01 07:25:41,352 [pool-247-thread-1] INFO  util.JmxRegister (JmxRegister.java:tryRegister(44)) - Successfully registered JMX Bean with object name Ratis:service=RaftServer,group=group-DBE0540C4902,id=6575efd9-7970-408a-b91b-7d472f892079
2019-10-01 07:25:41,357 [RatisPipelineUtilsThread] INFO  pipeline.PipelineStateManager (PipelineStateManager.java:addPipeline(56)) - Created pipeline Pipeline[ Id: 415d9f0e-a180-4e3f-a2d1-dbe0540c4902, Nodes: 6575efd9-7970-408a-b91b-7d472f892079{ip: 192.168.30.18, host: pr-hdds-1984-bsjj8-3390809720, networkLocation: /default-rack, certSerialId: null}, Type:RATIS, Factor:ONE, State:OPEN]
2019-10-01 07:25:41,373 [IPC Server handler 8 on 39047] INFO  net.NetworkTopology (NetworkTopologyImpl.java:add(111)) - Added a new node: /default-rack/2add112b-4fa9-4909-82d3-3ecd2bba7f9b
2019-10-01 07:25:41,373 [grpc-default-executor-2] INFO  impl.RaftServerProxy (RaftServerProxy.java:addNew(89)) - 66155c1e-e6d4-4e53-9279-a1359c59a500: addNew group-D465CC46088C:[66155c1e-e6d4-4e53-9279-a1359c59a500:192.168.30.18:33867] returns group-D465CC46088C:java.util.concurrent.CompletableFuture@6a9e878d[Not completed]
2019-10-01 07:25:41,373 [main] INFO  ozone.MiniOzoneClusterImpl (MiniOzoneClusterImpl.java:lambda$waitForClusterToBeReady$0(147)) - Cluster is ready. Got 7 of 7 DN Heartbeats.
2019-10-01 07:25:41,373 [IPC Server handler 8 on 39047] INFO  node.SCMNodeManager (SCMNodeManager.java:register(266)) - Registered Data node : 2add112b-4fa9-4909-82d3-3ecd2bba7f9b{ip: 192.168.30.18, host: pr-hdds-1984-bsjj8-3390809720, networkLocation: /default-rack, certSerialId: null}
2019-10-01 07:25:41,375 [pool-257-thread-1] INFO  impl.RaftServerImpl (RaftServerImpl.java:<init>(95)) - 66155c1e-e6d4-4e53-9279-a1359c59a500: new RaftServerImpl for group-D465CC46088C:[66155c1e-e6d4-4e53-9279-a1359c59a500:192.168.30.18:33867] with ContainerStateMachine:uninitialized
2019-10-01 07:25:41,375 [pool-257-thread-1] INFO  server.RaftServerConfigKeys (ConfUtils.java:logGet(43)) - raft.server.rpc.timeout.min = 5s (custom)
2019-10-01 07:25:41,375 [pool-257-thread-1] INFO  server.RaftServerConfigKeys (ConfUtils.java:logGet(43)) - raft.server.rpc.timeout.max = 5200ms (custom)
2019-10-01 07:25:41,376 [pool-257-thread-1] INFO  server.RaftServerConfigKeys (ConfUtils.java:logGet(43)) - raft.server.rpcslowness.timeout = 120s (custom)
2019-10-01 07:25:41,376 [pool-257-thread-1] INFO  server.RaftServerConfigKeys (ConfUtils.java:logGet(43)) - raft.server.sleep.deviation.threshold = 300 (default)
2019-10-01 07:25:41,376 [pool-257-thread-1] INFO  server.RaftServerConfigKeys (ConfUtils.java:logGet(43)) - raft.server.log.appender.install.snapshot.enabled = false (custom)
2019-10-01 07:25:41,376 [pool-257-thread-1] INFO  impl.RaftServerImpl (ServerState.java:<init>(103)) - 66155c1e-e6d4-4e53-9279-a1359c59a500@group-D465CC46088C: ConfigurationManager, init=-1: [66155c1e-e6d4-4e53-9279-a1359c59a500:192.168.30.18:33867], old=null, confs=<EMPTY_MAP>
2019-10-01 07:25:41,376 [pool-257-thread-1] INFO  server.RaftServerConfigKeys (ConfUtils.java:logGet(43)) - raft.server.storage.dir = [/workdir/hadoop-ozone/integration-test/target/test-dir/MiniOzoneClusterImpl-54948dff-2f48-4783-91d2-2f208bfbfb90/datanode-5/data/ratis] (custom)
2019-10-01 07:25:41,377 [pool-257-thread-1] INFO  server.RaftServerConfigKeys (ConfUtils.java:logGet(43)) - raft.server.log.corruption.policy = EXCEPTION (default)
2019-10-01 07:25:41,377 [pool-257-thread-1] INFO  storage.RaftStorageDirectory (RaftStorageDirectory.java:analyzeStorage(246)) - The storage directory /workdir/hadoop-ozone/integration-test/target/test-dir/MiniOzoneClusterImpl-54948dff-2f48-4783-91d2-2f208bfbfb90/datanode-5/data/ratis/47c9beaf-8bf9-4b3e-b89a-d465cc46088c does not exist. Creating ...
2019-10-01 07:25:41,403 [pool-257-thread-1] INFO  storage.RaftStorageDirectory (RaftStorageDirectory.java:tryLock(328)) - Lock on /workdir/hadoop-ozone/integration-test/target/test-dir/MiniOzoneClusterImpl-54948dff-2f48-4783-91d2-2f208bfbfb90/datanode-5/data/ratis/47c9beaf-8bf9-4b3e-b89a-d465cc46088c/in_use.lock acquired by nodename 6138@pr-hdds-1984-bsjj8-3390809720
2019-10-01 07:25:41,411 [main] INFO  rpc.RpcClient (RpcClient.java:createVolume(276)) - Creating Volume: watchforcommithandlingtest, with jenkins1000 as owner.
2019-10-01 07:25:41,414 [IPC Server handler 3 on 37933] INFO  volume.OMVolumeCreateRequest (OMVolumeCreateRequest.java:validateAndUpdateCache(194)) - created volume:watchforcommithandlingtest for user:jenkins1000
2019-10-01 07:25:41,428 [pool-257-thread-1] INFO  storage.RaftStorage (RaftStorage.java:format(84)) - Storage directory /workdir/hadoop-ozone/integration-test/target/test-dir/MiniOzoneClusterImpl-54948dff-2f48-4783-91d2-2f208bfbfb90/datanode-5/data/ratis/47c9beaf-8bf9-4b3e-b89a-d465cc46088c has been successfully formatted.
2019-10-01 07:25:41,429 [pool-257-thread-1] INFO  ratis.ContainerStateMachine (ContainerStateMachine.java:loadSnapshot(230)) - group-D465CC46088C: The snapshot info is null. Setting the last applied indexto:(t:0, i:~)
2019-10-01 07:25:41,429 [pool-257-thread-1] INFO  server.RaftServerConfigKeys (ConfUtils.java:logGet(43)) - raft.server.notification.no-leader.timeout = 120s (custom)
2019-10-01 07:25:41,429 [pool-257-thread-1] INFO  server.RaftServerConfigKeys (ConfUtils.java:logGet(43)) - raft.server.log.use.memory = false (default)
2019-10-01 07:25:41,429 [pool-257-thread-1] INFO  server.RaftServerConfigKeys (ConfUtils.java:logGet(43)) - raft.server.log.purge.gap = 1000000 (custom)
2019-10-01 07:25:41,429 [pool-257-thread-1] INFO  server.RaftServerConfigKeys (ConfUtils.java:logGet(43)) - raft.server.log.appender.buffer.byte-limit = 33554432 (custom)
2019-10-01 07:25:41,429 [main] INFO  rpc.RpcClient (RpcClient.java:createBucket(415)) - Creating Bucket: watchforcommithandlingtest/watchforcommithandlingtest, with Versioning false and Storage Type set to DISK and Encryption set to false 
2019-10-01 07:25:41,429 [pool-257-thread-1] INFO  server.RaftServerConfigKeys (ConfUtils.java:logGet(43)) - raft.server.log.segment.size.max = 1048576 (custom)
2019-10-01 07:25:41,434 [main] INFO  ozone.MiniOzoneClusterImpl (MiniOzoneClusterImpl.java:getStorageContainerLocationClient(234)) - Creating StorageContainerLocationProtocol RPC client with address /0.0.0.0:44821
2019-10-01 07:25:41,435 [pool-257-thread-1] INFO  server.RaftServerConfigKeys (ConfUtils.java:logGet(43)) - raft.server.log.segment.cache.num.max = 2 (custom)
2019-10-01 07:25:41,435 [pool-257-thread-1] INFO  segmented.SegmentedRaftLogWorker (SegmentedRaftLogWorker.java:<init>(173)) - new 66155c1e-e6d4-4e53-9279-a1359c59a500@group-D465CC46088C-SegmentedRaftLogWorker for RaftStorage:Storage Directory /workdir/hadoop-ozone/integration-test/target/test-dir/MiniOzoneClusterImpl-54948dff-2f48-4783-91d2-2f208bfbfb90/datanode-5/data/ratis/47c9beaf-8bf9-4b3e-b89a-d465cc46088c
2019-10-01 07:25:41,435 [pool-257-thread-1] INFO  server.RaftServerConfigKeys (ConfUtils.java:logGet(43)) - raft.server.log.queue.byte-limit = 2147483647 (custom)
2019-10-01 07:25:41,436 [pool-257-thread-1] INFO  server.RaftServerConfigKeys (ConfUtils.java:logGet(43)) - raft.server.log.queue.element-limit = 1024 (custom)
2019-10-01 07:25:41,436 [pool-257-thread-1] INFO  server.RaftServerConfigKeys (ConfUtils.java:logGet(43)) - raft.server.log.segment.size.max = 1048576 (custom)
2019-10-01 07:25:41,436 [pool-257-thread-1] INFO  server.RaftServerConfigKeys (ConfUtils.java:logGet(43)) - raft.server.log.preallocated.size = 16384 (custom)
2019-10-01 07:25:41,436 [pool-257-thread-1] INFO  server.RaftServerConfigKeys (ConfUtils.java:logGet(43)) - raft.server.log.write.buffer.size = 33554432 (custom)
2019-10-01 07:25:41,436 [pool-257-thread-1] INFO  server.RaftServerConfigKeys (ConfUtils.java:logGet(43)) - raft.server.log.force.sync.num = 128 (default)
2019-10-01 07:25:41,436 [pool-257-thread-1] INFO  server.RaftServerConfigKeys (ConfUtils.java:logGet(43)) - raft.server.log.statemachine.data.sync = true (default)
2019-10-01 07:25:41,436 [pool-257-thread-1] INFO  server.RaftServerConfigKeys (ConfUtils.java:logGet(43)) - raft.server.log.statemachine.data.sync.timeout = 10s (default)
2019-10-01 07:25:41,437 [pool-257-thread-1] INFO  server.RaftServerConfigKeys (ConfUtils.java:logGet(43)) - raft.server.log.statemachine.data.sync.timeout.retry = -1 (default)
2019-10-01 07:25:41,437 [pool-257-thread-1] INFO  server.RaftServerConfigKeys (ConfUtils.java:logGet(43)) - raft.server.log.statemachine.data.caching.enabled = true (custom)
2019-10-01 07:25:41,437 [pool-257-thread-1] INFO  segmented.SegmentedRaftLogWorker (SegmentedRaftLogWorker.java:lambda$new$0(128)) - 66155c1e-e6d4-4e53-9279-a1359c59a500@group-D465CC46088C-SegmentedRaftLogWorker: flushIndex: setUnconditionally 0 -> -1
2019-10-01 07:25:41,438 [pool-257-thread-1] INFO  server.RaftServerConfigKeys (ConfUtils.java:logGet(43)) - raft.server.snapshot.auto.trigger.enabled = true (custom)
2019-10-01 07:25:41,438 [pool-257-thread-1] INFO  server.RaftServerConfigKeys (ConfUtils.java:logGet(43)) - raft.server.snapshot.auto.trigger.threshold = 10000 (custom)
2019-10-01 07:25:41,438 [pool-257-thread-1] INFO  server.RaftServerConfigKeys (ConfUtils.java:logGet(43)) - raft.server.snapshot.retention.file.num = 5 (custom)
2019-10-01 07:25:41,438 [pool-257-thread-1] INFO  server.RaftServerConfigKeys (ConfUtils.java:logGet(43)) - raft.server.retrycache.expirytime = 600000ms (custom)
2019-10-01 07:25:41,440 [pool-257-thread-1] INFO  impl.RaftServerImpl (RaftServerImpl.java:start(181)) - 66155c1e-e6d4-4e53-9279-a1359c59a500@group-D465CC46088C: start as a follower, conf=-1: [66155c1e-e6d4-4e53-9279-a1359c59a500:192.168.30.18:33867], old=null
2019-10-01 07:25:41,440 [pool-257-thread-1] INFO  impl.RaftServerImpl (RaftServerImpl.java:setRole(170)) - 66155c1e-e6d4-4e53-9279-a1359c59a500@group-D465CC46088C: changes role from      null to FOLLOWER at term 0 for startAsFollower
2019-10-01 07:25:41,440 [pool-257-thread-1] INFO  impl.RoleInfo (RoleInfo.java:updateAndGet(143)) - 66155c1e-e6d4-4e53-9279-a1359c59a500: start FollowerState
2019-10-01 07:25:41,441 [pool-257-thread-1] INFO  util.JmxRegister (JmxRegister.java:tryRegister(44)) - Successfully registered JMX Bean with object name Ratis:service=RaftServer,group=group-D465CC46088C,id=66155c1e-e6d4-4e53-9279-a1359c59a500
2019-10-01 07:25:41,445 [RatisPipelineUtilsThread] INFO  pipeline.PipelineStateManager (PipelineStateManager.java:addPipeline(56)) - Created pipeline Pipeline[ Id: 47c9beaf-8bf9-4b3e-b89a-d465cc46088c, Nodes: 66155c1e-e6d4-4e53-9279-a1359c59a500{ip: 192.168.30.18, host: pr-hdds-1984-bsjj8-3390809720, networkLocation: /default-rack, certSerialId: null}, Type:RATIS, Factor:ONE, State:OPEN]
2019-10-01 07:25:41,450 [grpc-default-executor-2] INFO  impl.RaftServerProxy (RaftServerProxy.java:addNew(89)) - 2add112b-4fa9-4909-82d3-3ecd2bba7f9b: addNew group-118658A5B78B:[2add112b-4fa9-4909-82d3-3ecd2bba7f9b:192.168.30.18:35403] returns group-118658A5B78B:java.util.concurrent.CompletableFuture@25bc4909[Not completed]
2019-10-01 07:25:41,452 [pool-267-thread-1] INFO  impl.RaftServerImpl (RaftServerImpl.java:<init>(95)) - 2add112b-4fa9-4909-82d3-3ecd2bba7f9b: new RaftServerImpl for group-118658A5B78B:[2add112b-4fa9-4909-82d3-3ecd2bba7f9b:192.168.30.18:35403] with ContainerStateMachine:uninitialized
2019-10-01 07:25:41,452 [pool-267-thread-1] INFO  server.RaftServerConfigKeys (ConfUtils.java:logGet(43)) - raft.server.rpc.timeout.min = 5s (custom)
2019-10-01 07:25:41,452 [pool-267-thread-1] INFO  server.RaftServerConfigKeys (ConfUtils.java:logGet(43)) - raft.server.rpc.timeout.max = 5200ms (custom)
2019-10-01 07:25:41,452 [pool-267-thread-1] INFO  server.RaftServerConfigKeys (ConfUtils.java:logGet(43)) - raft.server.rpcslowness.timeout = 120s (custom)
2019-10-01 07:25:41,452 [pool-267-thread-1] INFO  server.RaftServerConfigKeys (ConfUtils.java:logGet(43)) - raft.server.sleep.deviation.threshold = 300 (default)
2019-10-01 07:25:41,452 [pool-267-thread-1] INFO  server.RaftServerConfigKeys (ConfUtils.java:logGet(43)) - raft.server.log.appender.install.snapshot.enabled = false (custom)
2019-10-01 07:25:41,453 [pool-267-thread-1] INFO  impl.RaftServerImpl (ServerState.java:<init>(103)) - 2add112b-4fa9-4909-82d3-3ecd2bba7f9b@group-118658A5B78B: ConfigurationManager, init=-1: [2add112b-4fa9-4909-82d3-3ecd2bba7f9b:192.168.30.18:35403], old=null, confs=<EMPTY_MAP>
2019-10-01 07:25:41,453 [pool-267-thread-1] INFO  server.RaftServerConfigKeys (ConfUtils.java:logGet(43)) - raft.server.storage.dir = [/workdir/hadoop-ozone/integration-test/target/test-dir/MiniOzoneClusterImpl-54948dff-2f48-4783-91d2-2f208bfbfb90/datanode-6/data/ratis] (custom)
2019-10-01 07:25:41,453 [pool-267-thread-1] INFO  server.RaftServerConfigKeys (ConfUtils.java:logGet(43)) - raft.server.log.corruption.policy = EXCEPTION (default)
2019-10-01 07:25:41,454 [pool-267-thread-1] INFO  storage.RaftStorageDirectory (RaftStorageDirectory.java:analyzeStorage(246)) - The storage directory /workdir/hadoop-ozone/integration-test/target/test-dir/MiniOzoneClusterImpl-54948dff-2f48-4783-91d2-2f208bfbfb90/datanode-6/data/ratis/6de0c12f-d2ab-4664-a795-118658a5b78b does not exist. Creating ...
2019-10-01 07:25:41,479 [pool-267-thread-1] INFO  storage.RaftStorageDirectory (RaftStorageDirectory.java:tryLock(328)) - Lock on /workdir/hadoop-ozone/integration-test/target/test-dir/MiniOzoneClusterImpl-54948dff-2f48-4783-91d2-2f208bfbfb90/datanode-6/data/ratis/6de0c12f-d2ab-4664-a795-118658a5b78b/in_use.lock acquired by nodename 6138@pr-hdds-1984-bsjj8-3390809720
2019-10-01 07:25:41,505 [pool-267-thread-1] INFO  storage.RaftStorage (RaftStorage.java:format(84)) - Storage directory /workdir/hadoop-ozone/integration-test/target/test-dir/MiniOzoneClusterImpl-54948dff-2f48-4783-91d2-2f208bfbfb90/datanode-6/data/ratis/6de0c12f-d2ab-4664-a795-118658a5b78b has been successfully formatted.
2019-10-01 07:25:41,505 [pool-267-thread-1] INFO  ratis.ContainerStateMachine (ContainerStateMachine.java:loadSnapshot(230)) - group-118658A5B78B: The snapshot info is null. Setting the last applied indexto:(t:0, i:~)
2019-10-01 07:25:41,505 [pool-267-thread-1] INFO  server.RaftServerConfigKeys (ConfUtils.java:logGet(43)) - raft.server.notification.no-leader.timeout = 120s (custom)
2019-10-01 07:25:41,505 [pool-267-thread-1] INFO  server.RaftServerConfigKeys (ConfUtils.java:logGet(43)) - raft.server.log.use.memory = false (default)
2019-10-01 07:25:41,505 [pool-267-thread-1] INFO  server.RaftServerConfigKeys (ConfUtils.java:logGet(43)) - raft.server.log.purge.gap = 1000000 (custom)
2019-10-01 07:25:41,506 [pool-267-thread-1] INFO  server.RaftServerConfigKeys (ConfUtils.java:logGet(43)) - raft.server.log.appender.buffer.byte-limit = 33554432 (custom)
2019-10-01 07:25:41,506 [pool-267-thread-1] INFO  server.RaftServerConfigKeys (ConfUtils.java:logGet(43)) - raft.server.log.segment.size.max = 1048576 (custom)
2019-10-01 07:25:41,508 [pool-267-thread-1] INFO  server.RaftServerConfigKeys (ConfUtils.java:logGet(43)) - raft.server.log.segment.cache.num.max = 2 (custom)
2019-10-01 07:25:41,508 [pool-267-thread-1] INFO  segmented.SegmentedRaftLogWorker (SegmentedRaftLogWorker.java:<init>(173)) - new 2add112b-4fa9-4909-82d3-3ecd2bba7f9b@group-118658A5B78B-SegmentedRaftLogWorker for RaftStorage:Storage Directory /workdir/hadoop-ozone/integration-test/target/test-dir/MiniOzoneClusterImpl-54948dff-2f48-4783-91d2-2f208bfbfb90/datanode-6/data/ratis/6de0c12f-d2ab-4664-a795-118658a5b78b
2019-10-01 07:25:41,508 [pool-267-thread-1] INFO  server.RaftServerConfigKeys (ConfUtils.java:logGet(43)) - raft.server.log.queue.byte-limit = 2147483647 (custom)
2019-10-01 07:25:41,508 [pool-267-thread-1] INFO  server.RaftServerConfigKeys (ConfUtils.java:logGet(43)) - raft.server.log.queue.element-limit = 1024 (custom)
2019-10-01 07:25:41,509 [pool-267-thread-1] INFO  server.RaftServerConfigKeys (ConfUtils.java:logGet(43)) - raft.server.log.segment.size.max = 1048576 (custom)
2019-10-01 07:25:41,509 [pool-267-thread-1] INFO  server.RaftServerConfigKeys (ConfUtils.java:logGet(43)) - raft.server.log.preallocated.size = 16384 (custom)
2019-10-01 07:25:41,509 [pool-267-thread-1] INFO  server.RaftServerConfigKeys (ConfUtils.java:logGet(43)) - raft.server.log.write.buffer.size = 33554432 (custom)
2019-10-01 07:25:41,509 [pool-267-thread-1] INFO  server.RaftServerConfigKeys (ConfUtils.java:logGet(43)) - raft.server.log.force.sync.num = 128 (default)
2019-10-01 07:25:41,509 [pool-267-thread-1] INFO  server.RaftServerConfigKeys (ConfUtils.java:logGet(43)) - raft.server.log.statemachine.data.sync = true (default)
2019-10-01 07:25:41,510 [pool-267-thread-1] INFO  server.RaftServerConfigKeys (ConfUtils.java:logGet(43)) - raft.server.log.statemachine.data.sync.timeout = 10s (default)
2019-10-01 07:25:41,510 [pool-267-thread-1] INFO  server.RaftServerConfigKeys (ConfUtils.java:logGet(43)) - raft.server.log.statemachine.data.sync.timeout.retry = -1 (default)
2019-10-01 07:25:41,510 [pool-267-thread-1] INFO  server.RaftServerConfigKeys (ConfUtils.java:logGet(43)) - raft.server.log.statemachine.data.caching.enabled = true (custom)
2019-10-01 07:25:41,511 [pool-267-thread-1] INFO  segmented.SegmentedRaftLogWorker (SegmentedRaftLogWorker.java:lambda$new$0(128)) - 2add112b-4fa9-4909-82d3-3ecd2bba7f9b@group-118658A5B78B-SegmentedRaftLogWorker: flushIndex: setUnconditionally 0 -> -1
2019-10-01 07:25:41,511 [pool-267-thread-1] INFO  server.RaftServerConfigKeys (ConfUtils.java:logGet(43)) - raft.server.snapshot.auto.trigger.enabled = true (custom)
2019-10-01 07:25:41,511 [pool-267-thread-1] INFO  server.RaftServerConfigKeys (ConfUtils.java:logGet(43)) - raft.server.snapshot.auto.trigger.threshold = 10000 (custom)
2019-10-01 07:25:41,512 [pool-267-thread-1] INFO  server.RaftServerConfigKeys (ConfUtils.java:logGet(43)) - raft.server.snapshot.retention.file.num = 5 (custom)
2019-10-01 07:25:41,512 [pool-267-thread-1] INFO  server.RaftServerConfigKeys (ConfUtils.java:logGet(43)) - raft.server.retrycache.expirytime = 600000ms (custom)
2019-10-01 07:25:41,514 [pool-267-thread-1] INFO  impl.RaftServerImpl (RaftServerImpl.java:start(181)) - 2add112b-4fa9-4909-82d3-3ecd2bba7f9b@group-118658A5B78B: start as a follower, conf=-1: [2add112b-4fa9-4909-82d3-3ecd2bba7f9b:192.168.30.18:35403], old=null
2019-10-01 07:25:41,514 [pool-267-thread-1] INFO  impl.RaftServerImpl (RaftServerImpl.java:setRole(170)) - 2add112b-4fa9-4909-82d3-3ecd2bba7f9b@group-118658A5B78B: changes role from      null to FOLLOWER at term 0 for startAsFollower
2019-10-01 07:25:41,514 [pool-267-thread-1] INFO  impl.RoleInfo (RoleInfo.java:updateAndGet(143)) - 2add112b-4fa9-4909-82d3-3ecd2bba7f9b: start FollowerState
2019-10-01 07:25:41,515 [pool-267-thread-1] INFO  util.JmxRegister (JmxRegister.java:tryRegister(44)) - Successfully registered JMX Bean with object name Ratis:service=RaftServer,group=group-118658A5B78B,id=2add112b-4fa9-4909-82d3-3ecd2bba7f9b
2019-10-01 07:25:41,519 [RatisPipelineUtilsThread] INFO  pipeline.PipelineStateManager (PipelineStateManager.java:addPipeline(56)) - Created pipeline Pipeline[ Id: 6de0c12f-d2ab-4664-a795-118658a5b78b, Nodes: 2add112b-4fa9-4909-82d3-3ecd2bba7f9b{ip: 192.168.30.18, host: pr-hdds-1984-bsjj8-3390809720, networkLocation: /default-rack, certSerialId: null}, Type:RATIS, Factor:ONE, State:OPEN]
2019-10-01 07:25:41,536 [grpc-default-executor-4] INFO  impl.RaftServerProxy (RaftServerProxy.java:addNew(89)) - a5319893-1770-436a-9567-4b3fd98b83df: addNew group-68D55C291AF2:[a5319893-1770-436a-9567-4b3fd98b83df:192.168.30.18:34489, be47bb61-472a-4d67-8e1a-05db22c1f3ae:192.168.30.18:34478, 8451d732-4754-49d1-b6bb-2cccf437fad4:192.168.30.18:38107] returns group-68D55C291AF2:java.util.concurrent.CompletableFuture@6fc7c5bd[Not completed]
2019-10-01 07:25:41,536 [grpc-default-executor-3] INFO  impl.RaftServerProxy (RaftServerProxy.java:addNew(89)) - 8451d732-4754-49d1-b6bb-2cccf437fad4: addNew group-68D55C291AF2:[a5319893-1770-436a-9567-4b3fd98b83df:192.168.30.18:34489, be47bb61-472a-4d67-8e1a-05db22c1f3ae:192.168.30.18:34478, 8451d732-4754-49d1-b6bb-2cccf437fad4:192.168.30.18:38107] returns group-68D55C291AF2:java.util.concurrent.CompletableFuture@ebdb9fa[Not completed]
2019-10-01 07:25:41,537 [grpc-default-executor-4] INFO  impl.RaftServerProxy (RaftServerProxy.java:addNew(89)) - be47bb61-472a-4d67-8e1a-05db22c1f3ae: addNew group-68D55C291AF2:[a5319893-1770-436a-9567-4b3fd98b83df:192.168.30.18:34489, be47bb61-472a-4d67-8e1a-05db22c1f3ae:192.168.30.18:34478, 8451d732-4754-49d1-b6bb-2cccf437fad4:192.168.30.18:38107] returns group-68D55C291AF2:java.util.concurrent.CompletableFuture@6b591e73[Not completed]
2019-10-01 07:25:41,537 [pool-207-thread-1] INFO  impl.RaftServerImpl (RaftServerImpl.java:<init>(95)) - a5319893-1770-436a-9567-4b3fd98b83df: new RaftServerImpl for group-68D55C291AF2:[a5319893-1770-436a-9567-4b3fd98b83df:192.168.30.18:34489, be47bb61-472a-4d67-8e1a-05db22c1f3ae:192.168.30.18:34478, 8451d732-4754-49d1-b6bb-2cccf437fad4:192.168.30.18:38107] with ContainerStateMachine:uninitialized
2019-10-01 07:25:41,538 [pool-207-thread-1] INFO  server.RaftServerConfigKeys (ConfUtils.java:logGet(43)) - raft.server.rpc.timeout.min = 5s (custom)
2019-10-01 07:25:41,538 [pool-207-thread-1] INFO  server.RaftServerConfigKeys (ConfUtils.java:logGet(43)) - raft.server.rpc.timeout.max = 5200ms (custom)
2019-10-01 07:25:41,538 [pool-207-thread-1] INFO  server.RaftServerConfigKeys (ConfUtils.java:logGet(43)) - raft.server.rpcslowness.timeout = 120s (custom)
2019-10-01 07:25:41,538 [pool-207-thread-1] INFO  server.RaftServerConfigKeys (ConfUtils.java:logGet(43)) - raft.server.sleep.deviation.threshold = 300 (default)
2019-10-01 07:25:41,538 [pool-207-thread-1] INFO  server.RaftServerConfigKeys (ConfUtils.java:logGet(43)) - raft.server.log.appender.install.snapshot.enabled = false (custom)
2019-10-01 07:25:41,538 [pool-217-thread-1] INFO  impl.RaftServerImpl (RaftServerImpl.java:<init>(95)) - be47bb61-472a-4d67-8e1a-05db22c1f3ae: new RaftServerImpl for group-68D55C291AF2:[a5319893-1770-436a-9567-4b3fd98b83df:192.168.30.18:34489, be47bb61-472a-4d67-8e1a-05db22c1f3ae:192.168.30.18:34478, 8451d732-4754-49d1-b6bb-2cccf437fad4:192.168.30.18:38107] with ContainerStateMachine:uninitialized
2019-10-01 07:25:41,538 [pool-207-thread-1] INFO  impl.RaftServerImpl (ServerState.java:<init>(103)) - a5319893-1770-436a-9567-4b3fd98b83df@group-68D55C291AF2: ConfigurationManager, init=-1: [a5319893-1770-436a-9567-4b3fd98b83df:192.168.30.18:34489, be47bb61-472a-4d67-8e1a-05db22c1f3ae:192.168.30.18:34478, 8451d732-4754-49d1-b6bb-2cccf437fad4:192.168.30.18:38107], old=null, confs=<EMPTY_MAP>
2019-10-01 07:25:41,539 [pool-217-thread-1] INFO  server.RaftServerConfigKeys (ConfUtils.java:logGet(43)) - raft.server.rpc.timeout.min = 5s (custom)
2019-10-01 07:25:41,539 [pool-207-thread-1] INFO  server.RaftServerConfigKeys (ConfUtils.java:logGet(43)) - raft.server.storage.dir = [/workdir/hadoop-ozone/integration-test/target/test-dir/MiniOzoneClusterImpl-54948dff-2f48-4783-91d2-2f208bfbfb90/datanode-0/data/ratis] (custom)
2019-10-01 07:25:41,539 [pool-217-thread-1] INFO  server.RaftServerConfigKeys (ConfUtils.java:logGet(43)) - raft.server.rpc.timeout.max = 5200ms (custom)
2019-10-01 07:25:41,539 [pool-207-thread-1] INFO  server.RaftServerConfigKeys (ConfUtils.java:logGet(43)) - raft.server.log.corruption.policy = EXCEPTION (default)
2019-10-01 07:25:41,539 [pool-227-thread-1] INFO  impl.RaftServerImpl (RaftServerImpl.java:<init>(95)) - 8451d732-4754-49d1-b6bb-2cccf437fad4: new RaftServerImpl for group-68D55C291AF2:[a5319893-1770-436a-9567-4b3fd98b83df:192.168.30.18:34489, be47bb61-472a-4d67-8e1a-05db22c1f3ae:192.168.30.18:34478, 8451d732-4754-49d1-b6bb-2cccf437fad4:192.168.30.18:38107] with ContainerStateMachine:uninitialized
2019-10-01 07:25:41,539 [pool-207-thread-1] INFO  storage.RaftStorageDirectory (RaftStorageDirectory.java:analyzeStorage(246)) - The storage directory /workdir/hadoop-ozone/integration-test/target/test-dir/MiniOzoneClusterImpl-54948dff-2f48-4783-91d2-2f208bfbfb90/datanode-0/data/ratis/7ddf73fc-c128-479d-ba7c-68d55c291af2 does not exist. Creating ...
2019-10-01 07:25:41,539 [pool-217-thread-1] INFO  server.RaftServerConfigKeys (ConfUtils.java:logGet(43)) - raft.server.rpcslowness.timeout = 120s (custom)
2019-10-01 07:25:41,539 [pool-227-thread-1] INFO  server.RaftServerConfigKeys (ConfUtils.java:logGet(43)) - raft.server.rpc.timeout.min = 5s (custom)
2019-10-01 07:25:41,540 [pool-217-thread-1] INFO  server.RaftServerConfigKeys (ConfUtils.java:logGet(43)) - raft.server.sleep.deviation.threshold = 300 (default)
2019-10-01 07:25:41,540 [pool-227-thread-1] INFO  server.RaftServerConfigKeys (ConfUtils.java:logGet(43)) - raft.server.rpc.timeout.max = 5200ms (custom)
2019-10-01 07:25:41,540 [pool-217-thread-1] INFO  server.RaftServerConfigKeys (ConfUtils.java:logGet(43)) - raft.server.log.appender.install.snapshot.enabled = false (custom)
2019-10-01 07:25:41,540 [pool-227-thread-1] INFO  server.RaftServerConfigKeys (ConfUtils.java:logGet(43)) - raft.server.rpcslowness.timeout = 120s (custom)
2019-10-01 07:25:41,540 [pool-217-thread-1] INFO  impl.RaftServerImpl (ServerState.java:<init>(103)) - be47bb61-472a-4d67-8e1a-05db22c1f3ae@group-68D55C291AF2: ConfigurationManager, init=-1: [a5319893-1770-436a-9567-4b3fd98b83df:192.168.30.18:34489, be47bb61-472a-4d67-8e1a-05db22c1f3ae:192.168.30.18:34478, 8451d732-4754-49d1-b6bb-2cccf437fad4:192.168.30.18:38107], old=null, confs=<EMPTY_MAP>
2019-10-01 07:25:41,541 [pool-227-thread-1] INFO  server.RaftServerConfigKeys (ConfUtils.java:logGet(43)) - raft.server.sleep.deviation.threshold = 300 (default)
2019-10-01 07:25:41,541 [pool-217-thread-1] INFO  server.RaftServerConfigKeys (ConfUtils.java:logGet(43)) - raft.server.storage.dir = [/workdir/hadoop-ozone/integration-test/target/test-dir/MiniOzoneClusterImpl-54948dff-2f48-4783-91d2-2f208bfbfb90/datanode-1/data/ratis] (custom)
2019-10-01 07:25:41,541 [pool-227-thread-1] INFO  server.RaftServerConfigKeys (ConfUtils.java:logGet(43)) - raft.server.log.appender.install.snapshot.enabled = false (custom)
2019-10-01 07:25:41,541 [pool-217-thread-1] INFO  server.RaftServerConfigKeys (ConfUtils.java:logGet(43)) - raft.server.log.corruption.policy = EXCEPTION (default)
2019-10-01 07:25:41,541 [pool-227-thread-1] INFO  impl.RaftServerImpl (ServerState.java:<init>(103)) - 8451d732-4754-49d1-b6bb-2cccf437fad4@group-68D55C291AF2: ConfigurationManager, init=-1: [a5319893-1770-436a-9567-4b3fd98b83df:192.168.30.18:34489, be47bb61-472a-4d67-8e1a-05db22c1f3ae:192.168.30.18:34478, 8451d732-4754-49d1-b6bb-2cccf437fad4:192.168.30.18:38107], old=null, confs=<EMPTY_MAP>
2019-10-01 07:25:41,541 [pool-217-thread-1] INFO  storage.RaftStorageDirectory (RaftStorageDirectory.java:analyzeStorage(246)) - The storage directory /workdir/hadoop-ozone/integration-test/target/test-dir/MiniOzoneClusterImpl-54948dff-2f48-4783-91d2-2f208bfbfb90/datanode-1/data/ratis/7ddf73fc-c128-479d-ba7c-68d55c291af2 does not exist. Creating ...
2019-10-01 07:25:41,542 [pool-227-thread-1] INFO  server.RaftServerConfigKeys (ConfUtils.java:logGet(43)) - raft.server.storage.dir = [/workdir/hadoop-ozone/integration-test/target/test-dir/MiniOzoneClusterImpl-54948dff-2f48-4783-91d2-2f208bfbfb90/datanode-2/data/ratis] (custom)
2019-10-01 07:25:41,542 [pool-227-thread-1] INFO  server.RaftServerConfigKeys (ConfUtils.java:logGet(43)) - raft.server.log.corruption.policy = EXCEPTION (default)
2019-10-01 07:25:41,542 [pool-227-thread-1] INFO  storage.RaftStorageDirectory (RaftStorageDirectory.java:analyzeStorage(246)) - The storage directory /workdir/hadoop-ozone/integration-test/target/test-dir/MiniOzoneClusterImpl-54948dff-2f48-4783-91d2-2f208bfbfb90/datanode-2/data/ratis/7ddf73fc-c128-479d-ba7c-68d55c291af2 does not exist. Creating ...
2019-10-01 07:25:41,563 [pool-207-thread-1] INFO  storage.RaftStorageDirectory (RaftStorageDirectory.java:tryLock(328)) - Lock on /workdir/hadoop-ozone/integration-test/target/test-dir/MiniOzoneClusterImpl-54948dff-2f48-4783-91d2-2f208bfbfb90/datanode-0/data/ratis/7ddf73fc-c128-479d-ba7c-68d55c291af2/in_use.lock acquired by nodename 6138@pr-hdds-1984-bsjj8-3390809720
2019-10-01 07:25:41,564 [pool-227-thread-1] INFO  storage.RaftStorageDirectory (RaftStorageDirectory.java:tryLock(328)) - Lock on /workdir/hadoop-ozone/integration-test/target/test-dir/MiniOzoneClusterImpl-54948dff-2f48-4783-91d2-2f208bfbfb90/datanode-2/data/ratis/7ddf73fc-c128-479d-ba7c-68d55c291af2/in_use.lock acquired by nodename 6138@pr-hdds-1984-bsjj8-3390809720
2019-10-01 07:25:41,564 [pool-217-thread-1] INFO  storage.RaftStorageDirectory (RaftStorageDirectory.java:tryLock(328)) - Lock on /workdir/hadoop-ozone/integration-test/target/test-dir/MiniOzoneClusterImpl-54948dff-2f48-4783-91d2-2f208bfbfb90/datanode-1/data/ratis/7ddf73fc-c128-479d-ba7c-68d55c291af2/in_use.lock acquired by nodename 6138@pr-hdds-1984-bsjj8-3390809720
2019-10-01 07:25:41,589 [pool-207-thread-1] INFO  storage.RaftStorage (RaftStorage.java:format(84)) - Storage directory /workdir/hadoop-ozone/integration-test/target/test-dir/MiniOzoneClusterImpl-54948dff-2f48-4783-91d2-2f208bfbfb90/datanode-0/data/ratis/7ddf73fc-c128-479d-ba7c-68d55c291af2 has been successfully formatted.
2019-10-01 07:25:41,589 [pool-217-thread-1] INFO  storage.RaftStorage (RaftStorage.java:format(84)) - Storage directory /workdir/hadoop-ozone/integration-test/target/test-dir/MiniOzoneClusterImpl-54948dff-2f48-4783-91d2-2f208bfbfb90/datanode-1/data/ratis/7ddf73fc-c128-479d-ba7c-68d55c291af2 has been successfully formatted.
2019-10-01 07:25:41,589 [pool-227-thread-1] INFO  storage.RaftStorage (RaftStorage.java:format(84)) - Storage directory /workdir/hadoop-ozone/integration-test/target/test-dir/MiniOzoneClusterImpl-54948dff-2f48-4783-91d2-2f208bfbfb90/datanode-2/data/ratis/7ddf73fc-c128-479d-ba7c-68d55c291af2 has been successfully formatted.
2019-10-01 07:25:41,590 [pool-217-thread-1] INFO  ratis.ContainerStateMachine (ContainerStateMachine.java:loadSnapshot(230)) - group-68D55C291AF2: The snapshot info is null. Setting the last applied indexto:(t:0, i:~)
2019-10-01 07:25:41,590 [pool-207-thread-1] INFO  ratis.ContainerStateMachine (ContainerStateMachine.java:loadSnapshot(230)) - group-68D55C291AF2: The snapshot info is null. Setting the last applied indexto:(t:0, i:~)
2019-10-01 07:25:41,590 [pool-217-thread-1] INFO  server.RaftServerConfigKeys (ConfUtils.java:logGet(43)) - raft.server.notification.no-leader.timeout = 120s (custom)
2019-10-01 07:25:41,590 [pool-227-thread-1] INFO  ratis.ContainerStateMachine (ContainerStateMachine.java:loadSnapshot(230)) - group-68D55C291AF2: The snapshot info is null. Setting the last applied indexto:(t:0, i:~)
2019-10-01 07:25:41,590 [pool-217-thread-1] INFO  server.RaftServerConfigKeys (ConfUtils.java:logGet(43)) - raft.server.log.use.memory = false (default)
2019-10-01 07:25:41,590 [pool-207-thread-1] INFO  server.RaftServerConfigKeys (ConfUtils.java:logGet(43)) - raft.server.notification.no-leader.timeout = 120s (custom)
2019-10-01 07:25:41,591 [pool-217-thread-1] INFO  server.RaftServerConfigKeys (ConfUtils.java:logGet(43)) - raft.server.log.purge.gap = 1000000 (custom)
2019-10-01 07:25:41,590 [pool-227-thread-1] INFO  server.RaftServerConfigKeys (ConfUtils.java:logGet(43)) - raft.server.notification.no-leader.timeout = 120s (custom)
2019-10-01 07:25:41,591 [pool-217-thread-1] INFO  server.RaftServerConfigKeys (ConfUtils.java:logGet(43)) - raft.server.log.appender.buffer.byte-limit = 33554432 (custom)
2019-10-01 07:25:41,591 [pool-207-thread-1] INFO  server.RaftServerConfigKeys (ConfUtils.java:logGet(43)) - raft.server.log.use.memory = false (default)
2019-10-01 07:25:41,591 [pool-217-thread-1] INFO  server.RaftServerConfigKeys (ConfUtils.java:logGet(43)) - raft.server.log.segment.size.max = 1048576 (custom)
2019-10-01 07:25:41,591 [pool-227-thread-1] INFO  server.RaftServerConfigKeys (ConfUtils.java:logGet(43)) - raft.server.log.use.memory = false (default)
2019-10-01 07:25:41,592 [pool-217-thread-1] INFO  server.RaftServerConfigKeys (ConfUtils.java:logGet(43)) - raft.server.log.segment.cache.num.max = 2 (custom)
2019-10-01 07:25:41,592 [pool-217-thread-1] INFO  segmented.SegmentedRaftLogWorker (SegmentedRaftLogWorker.java:<init>(173)) - new be47bb61-472a-4d67-8e1a-05db22c1f3ae@group-68D55C291AF2-SegmentedRaftLogWorker for RaftStorage:Storage Directory /workdir/hadoop-ozone/integration-test/target/test-dir/MiniOzoneClusterImpl-54948dff-2f48-4783-91d2-2f208bfbfb90/datanode-1/data/ratis/7ddf73fc-c128-479d-ba7c-68d55c291af2
2019-10-01 07:25:41,591 [pool-207-thread-1] INFO  server.RaftServerConfigKeys (ConfUtils.java:logGet(43)) - raft.server.log.purge.gap = 1000000 (custom)
2019-10-01 07:25:41,592 [pool-217-thread-1] INFO  server.RaftServerConfigKeys (ConfUtils.java:logGet(43)) - raft.server.log.queue.byte-limit = 2147483647 (custom)
2019-10-01 07:25:41,592 [pool-227-thread-1] INFO  server.RaftServerConfigKeys (ConfUtils.java:logGet(43)) - raft.server.log.purge.gap = 1000000 (custom)
2019-10-01 07:25:41,592 [pool-217-thread-1] INFO  server.RaftServerConfigKeys (ConfUtils.java:logGet(43)) - raft.server.log.queue.element-limit = 1024 (custom)
2019-10-01 07:25:41,592 [pool-207-thread-1] INFO  server.RaftServerConfigKeys (ConfUtils.java:logGet(43)) - raft.server.log.appender.buffer.byte-limit = 33554432 (custom)
2019-10-01 07:25:41,593 [pool-217-thread-1] INFO  server.RaftServerConfigKeys (ConfUtils.java:logGet(43)) - raft.server.log.segment.size.max = 1048576 (custom)
2019-10-01 07:25:41,592 [pool-227-thread-1] INFO  server.RaftServerConfigKeys (ConfUtils.java:logGet(43)) - raft.server.log.appender.buffer.byte-limit = 33554432 (custom)
2019-10-01 07:25:41,593 [pool-217-thread-1] INFO  server.RaftServerConfigKeys (ConfUtils.java:logGet(43)) - raft.server.log.preallocated.size = 16384 (custom)
2019-10-01 07:25:41,593 [pool-207-thread-1] INFO  server.RaftServerConfigKeys (ConfUtils.java:logGet(43)) - raft.server.log.segment.size.max = 1048576 (custom)
2019-10-01 07:25:41,593 [pool-217-thread-1] INFO  server.RaftServerConfigKeys (ConfUtils.java:logGet(43)) - raft.server.log.write.buffer.size = 33554432 (custom)
2019-10-01 07:25:41,593 [pool-227-thread-1] INFO  server.RaftServerConfigKeys (ConfUtils.java:logGet(43)) - raft.server.log.segment.size.max = 1048576 (custom)
2019-10-01 07:25:41,594 [pool-217-thread-1] INFO  server.RaftServerConfigKeys (ConfUtils.java:logGet(43)) - raft.server.log.force.sync.num = 128 (default)
2019-10-01 07:25:41,594 [pool-217-thread-1] INFO  server.RaftServerConfigKeys (ConfUtils.java:logGet(43)) - raft.server.log.statemachine.data.sync = true (default)
2019-10-01 07:25:41,593 [pool-207-thread-1] INFO  server.RaftServerConfigKeys (ConfUtils.java:logGet(43)) - raft.server.log.segment.cache.num.max = 2 (custom)
2019-10-01 07:25:41,594 [pool-217-thread-1] INFO  server.RaftServerConfigKeys (ConfUtils.java:logGet(43)) - raft.server.log.statemachine.data.sync.timeout = 10s (default)
2019-10-01 07:25:41,594 [pool-227-thread-1] INFO  server.RaftServerConfigKeys (ConfUtils.java:logGet(43)) - raft.server.log.segment.cache.num.max = 2 (custom)
2019-10-01 07:25:41,594 [pool-217-thread-1] INFO  server.RaftServerConfigKeys (ConfUtils.java:logGet(43)) - raft.server.log.statemachine.data.sync.timeout.retry = -1 (default)
2019-10-01 07:25:41,594 [pool-207-thread-1] INFO  segmented.SegmentedRaftLogWorker (SegmentedRaftLogWorker.java:<init>(173)) - new a5319893-1770-436a-9567-4b3fd98b83df@group-68D55C291AF2-SegmentedRaftLogWorker for RaftStorage:Storage Directory /workdir/hadoop-ozone/integration-test/target/test-dir/MiniOzoneClusterImpl-54948dff-2f48-4783-91d2-2f208bfbfb90/datanode-0/data/ratis/7ddf73fc-c128-479d-ba7c-68d55c291af2
2019-10-01 07:25:41,595 [pool-217-thread-1] INFO  server.RaftServerConfigKeys (ConfUtils.java:logGet(43)) - raft.server.log.statemachine.data.caching.enabled = true (custom)
2019-10-01 07:25:41,595 [pool-227-thread-1] INFO  segmented.SegmentedRaftLogWorker (SegmentedRaftLogWorker.java:<init>(173)) - new 8451d732-4754-49d1-b6bb-2cccf437fad4@group-68D55C291AF2-SegmentedRaftLogWorker for RaftStorage:Storage Directory /workdir/hadoop-ozone/integration-test/target/test-dir/MiniOzoneClusterImpl-54948dff-2f48-4783-91d2-2f208bfbfb90/datanode-2/data/ratis/7ddf73fc-c128-479d-ba7c-68d55c291af2
2019-10-01 07:25:41,595 [pool-207-thread-1] INFO  server.RaftServerConfigKeys (ConfUtils.java:logGet(43)) - raft.server.log.queue.byte-limit = 2147483647 (custom)
2019-10-01 07:25:41,595 [pool-217-thread-1] INFO  segmented.SegmentedRaftLogWorker (SegmentedRaftLogWorker.java:lambda$new$0(128)) - be47bb61-472a-4d67-8e1a-05db22c1f3ae@group-68D55C291AF2-SegmentedRaftLogWorker: flushIndex: setUnconditionally 0 -> -1
2019-10-01 07:25:41,595 [pool-227-thread-1] INFO  server.RaftServerConfigKeys (ConfUtils.java:logGet(43)) - raft.server.log.queue.byte-limit = 2147483647 (custom)
2019-10-01 07:25:41,595 [pool-207-thread-1] INFO  server.RaftServerConfigKeys (ConfUtils.java:logGet(43)) - raft.server.log.queue.element-limit = 1024 (custom)
2019-10-01 07:25:41,596 [pool-217-thread-1] INFO  server.RaftServerConfigKeys (ConfUtils.java:logGet(43)) - raft.server.snapshot.auto.trigger.enabled = true (custom)
2019-10-01 07:25:41,596 [pool-227-thread-1] INFO  server.RaftServerConfigKeys (ConfUtils.java:logGet(43)) - raft.server.log.queue.element-limit = 1024 (custom)
2019-10-01 07:25:41,596 [pool-217-thread-1] INFO  server.RaftServerConfigKeys (ConfUtils.java:logGet(43)) - raft.server.snapshot.auto.trigger.threshold = 10000 (custom)
2019-10-01 07:25:41,596 [pool-207-thread-1] INFO  server.RaftServerConfigKeys (ConfUtils.java:logGet(43)) - raft.server.log.segment.size.max = 1048576 (custom)
2019-10-01 07:25:41,596 [pool-217-thread-1] INFO  server.RaftServerConfigKeys (ConfUtils.java:logGet(43)) - raft.server.snapshot.retention.file.num = 5 (custom)
2019-10-01 07:25:41,596 [pool-227-thread-1] INFO  server.RaftServerConfigKeys (ConfUtils.java:logGet(43)) - raft.server.log.segment.size.max = 1048576 (custom)
2019-10-01 07:25:41,597 [pool-217-thread-1] INFO  server.RaftServerConfigKeys (ConfUtils.java:logGet(43)) - raft.server.retrycache.expirytime = 600000ms (custom)
2019-10-01 07:25:41,597 [pool-207-thread-1] INFO  server.RaftServerConfigKeys (ConfUtils.java:logGet(43)) - raft.server.log.preallocated.size = 16384 (custom)
2019-10-01 07:25:41,597 [pool-227-thread-1] INFO  server.RaftServerConfigKeys (ConfUtils.java:logGet(43)) - raft.server.log.preallocated.size = 16384 (custom)
2019-10-01 07:25:41,597 [pool-207-thread-1] INFO  server.RaftServerConfigKeys (ConfUtils.java:logGet(43)) - raft.server.log.write.buffer.size = 33554432 (custom)
2019-10-01 07:25:41,597 [pool-227-thread-1] INFO  server.RaftServerConfigKeys (ConfUtils.java:logGet(43)) - raft.server.log.write.buffer.size = 33554432 (custom)
2019-10-01 07:25:41,598 [pool-207-thread-1] INFO  server.RaftServerConfigKeys (ConfUtils.java:logGet(43)) - raft.server.log.force.sync.num = 128 (default)
2019-10-01 07:25:41,598 [pool-227-thread-1] INFO  server.RaftServerConfigKeys (ConfUtils.java:logGet(43)) - raft.server.log.force.sync.num = 128 (default)
2019-10-01 07:25:41,598 [pool-207-thread-1] INFO  server.RaftServerConfigKeys (ConfUtils.java:logGet(43)) - raft.server.log.statemachine.data.sync = true (default)
2019-10-01 07:25:41,598 [pool-227-thread-1] INFO  server.RaftServerConfigKeys (ConfUtils.java:logGet(43)) - raft.server.log.statemachine.data.sync = true (default)
2019-10-01 07:25:41,598 [pool-207-thread-1] INFO  server.RaftServerConfigKeys (ConfUtils.java:logGet(43)) - raft.server.log.statemachine.data.sync.timeout = 10s (default)
2019-10-01 07:25:41,598 [pool-227-thread-1] INFO  server.RaftServerConfigKeys (ConfUtils.java:logGet(43)) - raft.server.log.statemachine.data.sync.timeout = 10s (default)
2019-10-01 07:25:41,598 [pool-207-thread-1] INFO  server.RaftServerConfigKeys (ConfUtils.java:logGet(43)) - raft.server.log.statemachine.data.sync.timeout.retry = -1 (default)
2019-10-01 07:25:41,599 [pool-227-thread-1] INFO  server.RaftServerConfigKeys (ConfUtils.java:logGet(43)) - raft.server.log.statemachine.data.sync.timeout.retry = -1 (default)
2019-10-01 07:25:41,599 [pool-207-thread-1] INFO  server.RaftServerConfigKeys (ConfUtils.java:logGet(43)) - raft.server.log.statemachine.data.caching.enabled = true (custom)
2019-10-01 07:25:41,599 [pool-227-thread-1] INFO  server.RaftServerConfigKeys (ConfUtils.java:logGet(43)) - raft.server.log.statemachine.data.caching.enabled = true (custom)
2019-10-01 07:25:41,599 [pool-207-thread-1] INFO  segmented.SegmentedRaftLogWorker (SegmentedRaftLogWorker.java:lambda$new$0(128)) - a5319893-1770-436a-9567-4b3fd98b83df@group-68D55C291AF2-SegmentedRaftLogWorker: flushIndex: setUnconditionally 0 -> -1
2019-10-01 07:25:41,599 [pool-217-thread-1] INFO  impl.RaftServerImpl (RaftServerImpl.java:start(181)) - be47bb61-472a-4d67-8e1a-05db22c1f3ae@group-68D55C291AF2: start as a follower, conf=-1: [a5319893-1770-436a-9567-4b3fd98b83df:192.168.30.18:34489, be47bb61-472a-4d67-8e1a-05db22c1f3ae:192.168.30.18:34478, 8451d732-4754-49d1-b6bb-2cccf437fad4:192.168.30.18:38107], old=null
2019-10-01 07:25:41,600 [pool-217-thread-1] INFO  impl.RaftServerImpl (RaftServerImpl.java:setRole(170)) - be47bb61-472a-4d67-8e1a-05db22c1f3ae@group-68D55C291AF2: changes role from      null to FOLLOWER at term 0 for startAsFollower
2019-10-01 07:25:41,599 [pool-227-thread-1] INFO  segmented.SegmentedRaftLogWorker (SegmentedRaftLogWorker.java:lambda$new$0(128)) - 8451d732-4754-49d1-b6bb-2cccf437fad4@group-68D55C291AF2-SegmentedRaftLogWorker: flushIndex: setUnconditionally 0 -> -1
2019-10-01 07:25:41,600 [pool-217-thread-1] INFO  impl.RoleInfo (RoleInfo.java:updateAndGet(143)) - be47bb61-472a-4d67-8e1a-05db22c1f3ae: start FollowerState
2019-10-01 07:25:41,600 [pool-207-thread-1] INFO  server.RaftServerConfigKeys (ConfUtils.java:logGet(43)) - raft.server.snapshot.auto.trigger.enabled = true (custom)
2019-10-01 07:25:41,600 [pool-227-thread-1] INFO  server.RaftServerConfigKeys (ConfUtils.java:logGet(43)) - raft.server.snapshot.auto.trigger.enabled = true (custom)
2019-10-01 07:25:41,600 [pool-207-thread-1] INFO  server.RaftServerConfigKeys (ConfUtils.java:logGet(43)) - raft.server.snapshot.auto.trigger.threshold = 10000 (custom)
2019-10-01 07:25:41,600 [pool-217-thread-1] INFO  util.JmxRegister (JmxRegister.java:tryRegister(44)) - Successfully registered JMX Bean with object name Ratis:service=RaftServer,group=group-68D55C291AF2,id=be47bb61-472a-4d67-8e1a-05db22c1f3ae
2019-10-01 07:25:41,600 [pool-227-thread-1] INFO  server.RaftServerConfigKeys (ConfUtils.java:logGet(43)) - raft.server.snapshot.auto.trigger.threshold = 10000 (custom)
2019-10-01 07:25:41,601 [pool-207-thread-1] INFO  server.RaftServerConfigKeys (ConfUtils.java:logGet(43)) - raft.server.snapshot.retention.file.num = 5 (custom)
2019-10-01 07:25:41,601 [pool-227-thread-1] INFO  server.RaftServerConfigKeys (ConfUtils.java:logGet(43)) - raft.server.snapshot.retention.file.num = 5 (custom)
2019-10-01 07:25:41,601 [pool-207-thread-1] INFO  server.RaftServerConfigKeys (ConfUtils.java:logGet(43)) - raft.server.retrycache.expirytime = 600000ms (custom)
2019-10-01 07:25:41,601 [pool-227-thread-1] INFO  server.RaftServerConfigKeys (ConfUtils.java:logGet(43)) - raft.server.retrycache.expirytime = 600000ms (custom)
2019-10-01 07:25:41,605 [pool-207-thread-1] INFO  impl.RaftServerImpl (RaftServerImpl.java:start(181)) - a5319893-1770-436a-9567-4b3fd98b83df@group-68D55C291AF2: start as a follower, conf=-1: [a5319893-1770-436a-9567-4b3fd98b83df:192.168.30.18:34489, be47bb61-472a-4d67-8e1a-05db22c1f3ae:192.168.30.18:34478, 8451d732-4754-49d1-b6bb-2cccf437fad4:192.168.30.18:38107], old=null
2019-10-01 07:25:41,605 [pool-227-thread-1] INFO  impl.RaftServerImpl (RaftServerImpl.java:start(181)) - 8451d732-4754-49d1-b6bb-2cccf437fad4@group-68D55C291AF2: start as a follower, conf=-1: [a5319893-1770-436a-9567-4b3fd98b83df:192.168.30.18:34489, be47bb61-472a-4d67-8e1a-05db22c1f3ae:192.168.30.18:34478, 8451d732-4754-49d1-b6bb-2cccf437fad4:192.168.30.18:38107], old=null
2019-10-01 07:25:41,605 [pool-207-thread-1] INFO  impl.RaftServerImpl (RaftServerImpl.java:setRole(170)) - a5319893-1770-436a-9567-4b3fd98b83df@group-68D55C291AF2: changes role from      null to FOLLOWER at term 0 for startAsFollower
2019-10-01 07:25:41,606 [pool-227-thread-1] INFO  impl.RaftServerImpl (RaftServerImpl.java:setRole(170)) - 8451d732-4754-49d1-b6bb-2cccf437fad4@group-68D55C291AF2: changes role from      null to FOLLOWER at term 0 for startAsFollower
2019-10-01 07:25:41,606 [pool-207-thread-1] INFO  impl.RoleInfo (RoleInfo.java:updateAndGet(143)) - a5319893-1770-436a-9567-4b3fd98b83df: start FollowerState
2019-10-01 07:25:41,606 [pool-227-thread-1] INFO  impl.RoleInfo (RoleInfo.java:updateAndGet(143)) - 8451d732-4754-49d1-b6bb-2cccf437fad4: start FollowerState
2019-10-01 07:25:41,606 [pool-207-thread-1] INFO  util.JmxRegister (JmxRegister.java:tryRegister(44)) - Successfully registered JMX Bean with object name Ratis:service=RaftServer,group=group-68D55C291AF2,id=a5319893-1770-436a-9567-4b3fd98b83df
2019-10-01 07:25:41,606 [pool-227-thread-1] INFO  util.JmxRegister (JmxRegister.java:tryRegister(44)) - Successfully registered JMX Bean with object name Ratis:service=RaftServer,group=group-68D55C291AF2,id=8451d732-4754-49d1-b6bb-2cccf437fad4
2019-10-01 07:25:41,613 [RatisPipelineUtilsThread] INFO  pipeline.PipelineStateManager (PipelineStateManager.java:addPipeline(56)) - Created pipeline Pipeline[ Id: 7ddf73fc-c128-479d-ba7c-68d55c291af2, Nodes: 8451d732-4754-49d1-b6bb-2cccf437fad4{ip: 192.168.30.18, host: pr-hdds-1984-bsjj8-3390809720, networkLocation: /default-rack, certSerialId: null}a5319893-1770-436a-9567-4b3fd98b83df{ip: 192.168.30.18, host: pr-hdds-1984-bsjj8-3390809720, networkLocation: /default-rack, certSerialId: null}be47bb61-472a-4d67-8e1a-05db22c1f3ae{ip: 192.168.30.18, host: pr-hdds-1984-bsjj8-3390809720, networkLocation: /default-rack, certSerialId: null}, Type:RATIS, Factor:THREE, State:OPEN]
2019-10-01 07:25:41,627 [grpc-default-executor-2] INFO  impl.RaftServerProxy (RaftServerProxy.java:addNew(89)) - 6575efd9-7970-408a-b91b-7d472f892079: addNew group-E9F46A04F7A6:[6575efd9-7970-408a-b91b-7d472f892079:192.168.30.18:45041, 2add112b-4fa9-4909-82d3-3ecd2bba7f9b:192.168.30.18:35403, 66155c1e-e6d4-4e53-9279-a1359c59a500:192.168.30.18:33867] returns group-E9F46A04F7A6:java.util.concurrent.CompletableFuture@7dbd88f6[Not completed]
2019-10-01 07:25:41,627 [grpc-default-executor-4] INFO  impl.RaftServerProxy (RaftServerProxy.java:addNew(89)) - 2add112b-4fa9-4909-82d3-3ecd2bba7f9b: addNew group-E9F46A04F7A6:[6575efd9-7970-408a-b91b-7d472f892079:192.168.30.18:45041, 2add112b-4fa9-4909-82d3-3ecd2bba7f9b:192.168.30.18:35403, 66155c1e-e6d4-4e53-9279-a1359c59a500:192.168.30.18:33867] returns group-E9F46A04F7A6:java.util.concurrent.CompletableFuture@37c57158[Not completed]
2019-10-01 07:25:41,632 [grpc-default-executor-3] INFO  impl.RaftServerProxy (RaftServerProxy.java:addNew(89)) - 66155c1e-e6d4-4e53-9279-a1359c59a500: addNew group-E9F46A04F7A6:[6575efd9-7970-408a-b91b-7d472f892079:192.168.30.18:45041, 2add112b-4fa9-4909-82d3-3ecd2bba7f9b:192.168.30.18:35403, 66155c1e-e6d4-4e53-9279-a1359c59a500:192.168.30.18:33867] returns group-E9F46A04F7A6:java.util.concurrent.CompletableFuture@51d5fbc8[Not completed]
2019-10-01 07:25:41,633 [pool-267-thread-1] INFO  impl.RaftServerImpl (RaftServerImpl.java:<init>(95)) - 2add112b-4fa9-4909-82d3-3ecd2bba7f9b: new RaftServerImpl for group-E9F46A04F7A6:[6575efd9-7970-408a-b91b-7d472f892079:192.168.30.18:45041, 2add112b-4fa9-4909-82d3-3ecd2bba7f9b:192.168.30.18:35403, 66155c1e-e6d4-4e53-9279-a1359c59a500:192.168.30.18:33867] with ContainerStateMachine:uninitialized
2019-10-01 07:25:41,634 [pool-267-thread-1] INFO  server.RaftServerConfigKeys (ConfUtils.java:logGet(43)) - raft.server.rpc.timeout.min = 5s (custom)
2019-10-01 07:25:41,634 [pool-267-thread-1] INFO  server.RaftServerConfigKeys (ConfUtils.java:logGet(43)) - raft.server.rpc.timeout.max = 5200ms (custom)
2019-10-01 07:25:41,634 [pool-257-thread-1] INFO  impl.RaftServerImpl (RaftServerImpl.java:<init>(95)) - 66155c1e-e6d4-4e53-9279-a1359c59a500: new RaftServerImpl for group-E9F46A04F7A6:[6575efd9-7970-408a-b91b-7d472f892079:192.168.30.18:45041, 2add112b-4fa9-4909-82d3-3ecd2bba7f9b:192.168.30.18:35403, 66155c1e-e6d4-4e53-9279-a1359c59a500:192.168.30.18:33867] with ContainerStateMachine:uninitialized
2019-10-01 07:25:41,634 [pool-267-thread-1] INFO  server.RaftServerConfigKeys (ConfUtils.java:logGet(43)) - raft.server.rpcslowness.timeout = 120s (custom)
2019-10-01 07:25:41,634 [pool-257-thread-1] INFO  server.RaftServerConfigKeys (ConfUtils.java:logGet(43)) - raft.server.rpc.timeout.min = 5s (custom)
2019-10-01 07:25:41,634 [pool-267-thread-1] INFO  server.RaftServerConfigKeys (ConfUtils.java:logGet(43)) - raft.server.sleep.deviation.threshold = 300 (default)
2019-10-01 07:25:41,634 [pool-257-thread-1] INFO  server.RaftServerConfigKeys (ConfUtils.java:logGet(43)) - raft.server.rpc.timeout.max = 5200ms (custom)
2019-10-01 07:25:41,635 [pool-247-thread-1] INFO  impl.RaftServerImpl (RaftServerImpl.java:<init>(95)) - 6575efd9-7970-408a-b91b-7d472f892079: new RaftServerImpl for group-E9F46A04F7A6:[6575efd9-7970-408a-b91b-7d472f892079:192.168.30.18:45041, 2add112b-4fa9-4909-82d3-3ecd2bba7f9b:192.168.30.18:35403, 66155c1e-e6d4-4e53-9279-a1359c59a500:192.168.30.18:33867] with ContainerStateMachine:uninitialized
2019-10-01 07:25:41,635 [pool-267-thread-1] INFO  server.RaftServerConfigKeys (ConfUtils.java:logGet(43)) - raft.server.log.appender.install.snapshot.enabled = false (custom)
2019-10-01 07:25:41,635 [pool-247-thread-1] INFO  server.RaftServerConfigKeys (ConfUtils.java:logGet(43)) - raft.server.rpc.timeout.min = 5s (custom)
2019-10-01 07:25:41,635 [pool-257-thread-1] INFO  server.RaftServerConfigKeys (ConfUtils.java:logGet(43)) - raft.server.rpcslowness.timeout = 120s (custom)
2019-10-01 07:25:41,635 [pool-247-thread-1] INFO  server.RaftServerConfigKeys (ConfUtils.java:logGet(43)) - raft.server.rpc.timeout.max = 5200ms (custom)
2019-10-01 07:25:41,635 [pool-267-thread-1] INFO  impl.RaftServerImpl (ServerState.java:<init>(103)) - 2add112b-4fa9-4909-82d3-3ecd2bba7f9b@group-E9F46A04F7A6: ConfigurationManager, init=-1: [6575efd9-7970-408a-b91b-7d472f892079:192.168.30.18:45041, 2add112b-4fa9-4909-82d3-3ecd2bba7f9b:192.168.30.18:35403, 66155c1e-e6d4-4e53-9279-a1359c59a500:192.168.30.18:33867], old=null, confs=<EMPTY_MAP>
2019-10-01 07:25:41,635 [pool-247-thread-1] INFO  server.RaftServerConfigKeys (ConfUtils.java:logGet(43)) - raft.server.rpcslowness.timeout = 120s (custom)
2019-10-01 07:25:41,635 [pool-257-thread-1] INFO  server.RaftServerConfigKeys (ConfUtils.java:logGet(43)) - raft.server.sleep.deviation.threshold = 300 (default)
2019-10-01 07:25:41,636 [pool-247-thread-1] INFO  server.RaftServerConfigKeys (ConfUtils.java:logGet(43)) - raft.server.sleep.deviation.threshold = 300 (default)
2019-10-01 07:25:41,636 [pool-247-thread-1] INFO  server.RaftServerConfigKeys (ConfUtils.java:logGet(43)) - raft.server.log.appender.install.snapshot.enabled = false (custom)
2019-10-01 07:25:41,636 [pool-267-thread-1] INFO  server.RaftServerConfigKeys (ConfUtils.java:logGet(43)) - raft.server.storage.dir = [/workdir/hadoop-ozone/integration-test/target/test-dir/MiniOzoneClusterImpl-54948dff-2f48-4783-91d2-2f208bfbfb90/datanode-6/data/ratis] (custom)
2019-10-01 07:25:41,636 [pool-247-thread-1] INFO  impl.RaftServerImpl (ServerState.java:<init>(103)) - 6575efd9-7970-408a-b91b-7d472f892079@group-E9F46A04F7A6: ConfigurationManager, init=-1: [6575efd9-7970-408a-b91b-7d472f892079:192.168.30.18:45041, 2add112b-4fa9-4909-82d3-3ecd2bba7f9b:192.168.30.18:35403, 66155c1e-e6d4-4e53-9279-a1359c59a500:192.168.30.18:33867], old=null, confs=<EMPTY_MAP>
2019-10-01 07:25:41,636 [pool-257-thread-1] INFO  server.RaftServerConfigKeys (ConfUtils.java:logGet(43)) - raft.server.log.appender.install.snapshot.enabled = false (custom)
2019-10-01 07:25:41,636 [pool-247-thread-1] INFO  server.RaftServerConfigKeys (ConfUtils.java:logGet(43)) - raft.server.storage.dir = [/workdir/hadoop-ozone/integration-test/target/test-dir/MiniOzoneClusterImpl-54948dff-2f48-4783-91d2-2f208bfbfb90/datanode-4/data/ratis] (custom)
2019-10-01 07:25:41,636 [pool-267-thread-1] INFO  server.RaftServerConfigKeys (ConfUtils.java:logGet(43)) - raft.server.log.corruption.policy = EXCEPTION (default)
2019-10-01 07:25:41,637 [pool-257-thread-1] INFO  impl.RaftServerImpl (ServerState.java:<init>(103)) - 66155c1e-e6d4-4e53-9279-a1359c59a500@group-E9F46A04F7A6: ConfigurationManager, init=-1: [6575efd9-7970-408a-b91b-7d472f892079:192.168.30.18:45041, 2add112b-4fa9-4909-82d3-3ecd2bba7f9b:192.168.30.18:35403, 66155c1e-e6d4-4e53-9279-a1359c59a500:192.168.30.18:33867], old=null, confs=<EMPTY_MAP>
2019-10-01 07:25:41,637 [pool-247-thread-1] INFO  server.RaftServerConfigKeys (ConfUtils.java:logGet(43)) - raft.server.log.corruption.policy = EXCEPTION (default)
2019-10-01 07:25:41,637 [pool-257-thread-1] INFO  server.RaftServerConfigKeys (ConfUtils.java:logGet(43)) - raft.server.storage.dir = [/workdir/hadoop-ozone/integration-test/target/test-dir/MiniOzoneClusterImpl-54948dff-2f48-4783-91d2-2f208bfbfb90/datanode-5/data/ratis] (custom)
2019-10-01 07:25:41,637 [pool-247-thread-1] INFO  storage.RaftStorageDirectory (RaftStorageDirectory.java:analyzeStorage(246)) - The storage directory /workdir/hadoop-ozone/integration-test/target/test-dir/MiniOzoneClusterImpl-54948dff-2f48-4783-91d2-2f208bfbfb90/datanode-4/data/ratis/8f374527-215a-455f-a221-e9f46a04f7a6 does not exist. Creating ...
2019-10-01 07:25:41,637 [pool-267-thread-1] INFO  storage.RaftStorageDirectory (RaftStorageDirectory.java:analyzeStorage(246)) - The storage directory /workdir/hadoop-ozone/integration-test/target/test-dir/MiniOzoneClusterImpl-54948dff-2f48-4783-91d2-2f208bfbfb90/datanode-6/data/ratis/8f374527-215a-455f-a221-e9f46a04f7a6 does not exist. Creating ...
2019-10-01 07:25:41,637 [pool-257-thread-1] INFO  server.RaftServerConfigKeys (ConfUtils.java:logGet(43)) - raft.server.log.corruption.policy = EXCEPTION (default)
2019-10-01 07:25:41,638 [pool-257-thread-1] INFO  storage.RaftStorageDirectory (RaftStorageDirectory.java:analyzeStorage(246)) - The storage directory /workdir/hadoop-ozone/integration-test/target/test-dir/MiniOzoneClusterImpl-54948dff-2f48-4783-91d2-2f208bfbfb90/datanode-5/data/ratis/8f374527-215a-455f-a221-e9f46a04f7a6 does not exist. Creating ...
2019-10-01 07:25:41,665 [pool-257-thread-1] INFO  storage.RaftStorageDirectory (RaftStorageDirectory.java:tryLock(328)) - Lock on /workdir/hadoop-ozone/integration-test/target/test-dir/MiniOzoneClusterImpl-54948dff-2f48-4783-91d2-2f208bfbfb90/datanode-5/data/ratis/8f374527-215a-455f-a221-e9f46a04f7a6/in_use.lock acquired by nodename 6138@pr-hdds-1984-bsjj8-3390809720
2019-10-01 07:25:41,665 [pool-247-thread-1] INFO  storage.RaftStorageDirectory (RaftStorageDirectory.java:tryLock(328)) - Lock on /workdir/hadoop-ozone/integration-test/target/test-dir/MiniOzoneClusterImpl-54948dff-2f48-4783-91d2-2f208bfbfb90/datanode-4/data/ratis/8f374527-215a-455f-a221-e9f46a04f7a6/in_use.lock acquired by nodename 6138@pr-hdds-1984-bsjj8-3390809720
2019-10-01 07:25:41,665 [pool-267-thread-1] INFO  storage.RaftStorageDirectory (RaftStorageDirectory.java:tryLock(328)) - Lock on /workdir/hadoop-ozone/integration-test/target/test-dir/MiniOzoneClusterImpl-54948dff-2f48-4783-91d2-2f208bfbfb90/datanode-6/data/ratis/8f374527-215a-455f-a221-e9f46a04f7a6/in_use.lock acquired by nodename 6138@pr-hdds-1984-bsjj8-3390809720
2019-10-01 07:25:41,691 [pool-247-thread-1] INFO  storage.RaftStorage (RaftStorage.java:format(84)) - Storage directory /workdir/hadoop-ozone/integration-test/target/test-dir/MiniOzoneClusterImpl-54948dff-2f48-4783-91d2-2f208bfbfb90/datanode-4/data/ratis/8f374527-215a-455f-a221-e9f46a04f7a6 has been successfully formatted.
2019-10-01 07:25:41,691 [pool-267-thread-1] INFO  storage.RaftStorage (RaftStorage.java:format(84)) - Storage directory /workdir/hadoop-ozone/integration-test/target/test-dir/MiniOzoneClusterImpl-54948dff-2f48-4783-91d2-2f208bfbfb90/datanode-6/data/ratis/8f374527-215a-455f-a221-e9f46a04f7a6 has been successfully formatted.
2019-10-01 07:25:41,691 [pool-247-thread-1] INFO  ratis.ContainerStateMachine (ContainerStateMachine.java:loadSnapshot(230)) - group-E9F46A04F7A6: The snapshot info is null. Setting the last applied indexto:(t:0, i:~)
2019-10-01 07:25:41,691 [pool-257-thread-1] INFO  storage.RaftStorage (RaftStorage.java:format(84)) - Storage directory /workdir/hadoop-ozone/integration-test/target/test-dir/MiniOzoneClusterImpl-54948dff-2f48-4783-91d2-2f208bfbfb90/datanode-5/data/ratis/8f374527-215a-455f-a221-e9f46a04f7a6 has been successfully formatted.
2019-10-01 07:25:41,691 [pool-267-thread-1] INFO  ratis.ContainerStateMachine (ContainerStateMachine.java:loadSnapshot(230)) - group-E9F46A04F7A6: The snapshot info is null. Setting the last applied indexto:(t:0, i:~)
2019-10-01 07:25:41,691 [pool-257-thread-1] INFO  ratis.ContainerStateMachine (ContainerStateMachine.java:loadSnapshot(230)) - group-E9F46A04F7A6: The snapshot info is null. Setting the last applied indexto:(t:0, i:~)
2019-10-01 07:25:41,691 [pool-247-thread-1] INFO  server.RaftServerConfigKeys (ConfUtils.java:logGet(43)) - raft.server.notification.no-leader.timeout = 120s (custom)
2019-10-01 07:25:41,692 [pool-257-thread-1] INFO  server.RaftServerConfigKeys (ConfUtils.java:logGet(43)) - raft.server.notification.no-leader.timeout = 120s (custom)
2019-10-01 07:25:41,691 [pool-267-thread-1] INFO  server.RaftServerConfigKeys (ConfUtils.java:logGet(43)) - raft.server.notification.no-leader.timeout = 120s (custom)
2019-10-01 07:25:41,692 [pool-257-thread-1] INFO  server.RaftServerConfigKeys (ConfUtils.java:logGet(43)) - raft.server.log.use.memory = false (default)
2019-10-01 07:25:41,692 [pool-247-thread-1] INFO  server.RaftServerConfigKeys (ConfUtils.java:logGet(43)) - raft.server.log.use.memory = false (default)
2019-10-01 07:25:41,692 [pool-257-thread-1] INFO  server.RaftServerConfigKeys (ConfUtils.java:logGet(43)) - raft.server.log.purge.gap = 1000000 (custom)
2019-10-01 07:25:41,692 [pool-267-thread-1] INFO  server.RaftServerConfigKeys (ConfUtils.java:logGet(43)) - raft.server.log.use.memory = false (default)
2019-10-01 07:25:41,692 [pool-257-thread-1] INFO  server.RaftServerConfigKeys (ConfUtils.java:logGet(43)) - raft.server.log.appender.buffer.byte-limit = 33554432 (custom)
2019-10-01 07:25:41,692 [pool-247-thread-1] INFO  server.RaftServerConfigKeys (ConfUtils.java:logGet(43)) - raft.server.log.purge.gap = 1000000 (custom)
2019-10-01 07:25:41,693 [pool-257-thread-1] INFO  server.RaftServerConfigKeys (ConfUtils.java:logGet(43)) - raft.server.log.segment.size.max = 1048576 (custom)
2019-10-01 07:25:41,693 [pool-267-thread-1] INFO  server.RaftServerConfigKeys (ConfUtils.java:logGet(43)) - raft.server.log.purge.gap = 1000000 (custom)
2019-10-01 07:25:41,693 [pool-257-thread-1] INFO  server.RaftServerConfigKeys (ConfUtils.java:logGet(43)) - raft.server.log.segment.cache.num.max = 2 (custom)
2019-10-01 07:25:41,693 [pool-247-thread-1] INFO  server.RaftServerConfigKeys (ConfUtils.java:logGet(43)) - raft.server.log.appender.buffer.byte-limit = 33554432 (custom)
2019-10-01 07:25:41,693 [pool-257-thread-1] INFO  segmented.SegmentedRaftLogWorker (SegmentedRaftLogWorker.java:<init>(173)) - new 66155c1e-e6d4-4e53-9279-a1359c59a500@group-E9F46A04F7A6-SegmentedRaftLogWorker for RaftStorage:Storage Directory /workdir/hadoop-ozone/integration-test/target/test-dir/MiniOzoneClusterImpl-54948dff-2f48-4783-91d2-2f208bfbfb90/datanode-5/data/ratis/8f374527-215a-455f-a221-e9f46a04f7a6
2019-10-01 07:25:41,693 [pool-267-thread-1] INFO  server.RaftServerConfigKeys (ConfUtils.java:logGet(43)) - raft.server.log.appender.buffer.byte-limit = 33554432 (custom)
2019-10-01 07:25:41,694 [pool-257-thread-1] INFO  server.RaftServerConfigKeys (ConfUtils.java:logGet(43)) - raft.server.log.queue.byte-limit = 2147483647 (custom)
2019-10-01 07:25:41,694 [pool-257-thread-1] INFO  server.RaftServerConfigKeys (ConfUtils.java:logGet(43)) - raft.server.log.queue.element-limit = 1024 (custom)
2019-10-01 07:25:41,693 [pool-247-thread-1] INFO  server.RaftServerConfigKeys (ConfUtils.java:logGet(43)) - raft.server.log.segment.size.max = 1048576 (custom)
2019-10-01 07:25:41,694 [pool-257-thread-1] INFO  server.RaftServerConfigKeys (ConfUtils.java:logGet(43)) - raft.server.log.segment.size.max = 1048576 (custom)
2019-10-01 07:25:41,694 [pool-267-thread-1] INFO  server.RaftServerConfigKeys (ConfUtils.java:logGet(43)) - raft.server.log.segment.size.max = 1048576 (custom)
2019-10-01 07:25:41,694 [pool-257-thread-1] INFO  server.RaftServerConfigKeys (ConfUtils.java:logGet(43)) - raft.server.log.preallocated.size = 16384 (custom)
2019-10-01 07:25:41,695 [pool-257-thread-1] INFO  server.RaftServerConfigKeys (ConfUtils.java:logGet(43)) - raft.server.log.write.buffer.size = 33554432 (custom)
2019-10-01 07:25:41,694 [pool-247-thread-1] INFO  server.RaftServerConfigKeys (ConfUtils.java:logGet(43)) - raft.server.log.segment.cache.num.max = 2 (custom)
2019-10-01 07:25:41,695 [pool-257-thread-1] INFO  server.RaftServerConfigKeys (ConfUtils.java:logGet(43)) - raft.server.log.force.sync.num = 128 (default)
2019-10-01 07:25:41,695 [pool-267-thread-1] INFO  server.RaftServerConfigKeys (ConfUtils.java:logGet(43)) - raft.server.log.segment.cache.num.max = 2 (custom)
2019-10-01 07:25:41,695 [pool-257-thread-1] INFO  server.RaftServerConfigKeys (ConfUtils.java:logGet(43)) - raft.server.log.statemachine.data.sync = true (default)
2019-10-01 07:25:41,696 [pool-257-thread-1] INFO  server.RaftServerConfigKeys (ConfUtils.java:logGet(43)) - raft.server.log.statemachine.data.sync.timeout = 10s (default)
2019-10-01 07:25:41,695 [pool-247-thread-1] INFO  segmented.SegmentedRaftLogWorker (SegmentedRaftLogWorker.java:<init>(173)) - new 6575efd9-7970-408a-b91b-7d472f892079@group-E9F46A04F7A6-SegmentedRaftLogWorker for RaftStorage:Storage Directory /workdir/hadoop-ozone/integration-test/target/test-dir/MiniOzoneClusterImpl-54948dff-2f48-4783-91d2-2f208bfbfb90/datanode-4/data/ratis/8f374527-215a-455f-a221-e9f46a04f7a6
2019-10-01 07:25:41,696 [pool-257-thread-1] INFO  server.RaftServerConfigKeys (ConfUtils.java:logGet(43)) - raft.server.log.statemachine.data.sync.timeout.retry = -1 (default)
2019-10-01 07:25:41,696 [pool-267-thread-1] INFO  segmented.SegmentedRaftLogWorker (SegmentedRaftLogWorker.java:<init>(173)) - new 2add112b-4fa9-4909-82d3-3ecd2bba7f9b@group-E9F46A04F7A6-SegmentedRaftLogWorker for RaftStorage:Storage Directory /workdir/hadoop-ozone/integration-test/target/test-dir/MiniOzoneClusterImpl-54948dff-2f48-4783-91d2-2f208bfbfb90/datanode-6/data/ratis/8f374527-215a-455f-a221-e9f46a04f7a6
2019-10-01 07:25:41,696 [pool-257-thread-1] INFO  server.RaftServerConfigKeys (ConfUtils.java:logGet(43)) - raft.server.log.statemachine.data.caching.enabled = true (custom)
2019-10-01 07:25:41,696 [pool-247-thread-1] INFO  server.RaftServerConfigKeys (ConfUtils.java:logGet(43)) - raft.server.log.queue.byte-limit = 2147483647 (custom)
2019-10-01 07:25:41,696 [pool-267-thread-1] INFO  server.RaftServerConfigKeys (ConfUtils.java:logGet(43)) - raft.server.log.queue.byte-limit = 2147483647 (custom)
2019-10-01 07:25:41,697 [pool-257-thread-1] INFO  segmented.SegmentedRaftLogWorker (SegmentedRaftLogWorker.java:lambda$new$0(128)) - 66155c1e-e6d4-4e53-9279-a1359c59a500@group-E9F46A04F7A6-SegmentedRaftLogWorker: flushIndex: setUnconditionally 0 -> -1
2019-10-01 07:25:41,697 [pool-247-thread-1] INFO  server.RaftServerConfigKeys (ConfUtils.java:logGet(43)) - raft.server.log.queue.element-limit = 1024 (custom)
2019-10-01 07:25:41,697 [pool-267-thread-1] INFO  server.RaftServerConfigKeys (ConfUtils.java:logGet(43)) - raft.server.log.queue.element-limit = 1024 (custom)
2019-10-01 07:25:41,697 [pool-257-thread-1] INFO  server.RaftServerConfigKeys (ConfUtils.java:logGet(43)) - raft.server.snapshot.auto.trigger.enabled = true (custom)
2019-10-01 07:25:41,697 [pool-247-thread-1] INFO  server.RaftServerConfigKeys (ConfUtils.java:logGet(43)) - raft.server.log.segment.size.max = 1048576 (custom)
2019-10-01 07:25:41,698 [pool-257-thread-1] INFO  server.RaftServerConfigKeys (ConfUtils.java:logGet(43)) - raft.server.snapshot.auto.trigger.threshold = 10000 (custom)
2019-10-01 07:25:41,698 [pool-267-thread-1] INFO  server.RaftServerConfigKeys (ConfUtils.java:logGet(43)) - raft.server.log.segment.size.max = 1048576 (custom)
2019-10-01 07:25:41,698 [pool-257-thread-1] INFO  server.RaftServerConfigKeys (ConfUtils.java:logGet(43)) - raft.server.snapshot.retention.file.num = 5 (custom)
2019-10-01 07:25:41,698 [pool-247-thread-1] INFO  server.RaftServerConfigKeys (ConfUtils.java:logGet(43)) - raft.server.log.preallocated.size = 16384 (custom)
2019-10-01 07:25:41,699 [pool-257-thread-1] INFO  server.RaftServerConfigKeys (ConfUtils.java:logGet(43)) - raft.server.retrycache.expirytime = 600000ms (custom)
2019-10-01 07:25:41,698 [pool-267-thread-1] INFO  server.RaftServerConfigKeys (ConfUtils.java:logGet(43)) - raft.server.log.preallocated.size = 16384 (custom)
2019-10-01 07:25:41,699 [pool-247-thread-1] INFO  server.RaftServerConfigKeys (ConfUtils.java:logGet(43)) - raft.server.log.write.buffer.size = 33554432 (custom)
2019-10-01 07:25:41,699 [pool-267-thread-1] INFO  server.RaftServerConfigKeys (ConfUtils.java:logGet(43)) - raft.server.log.write.buffer.size = 33554432 (custom)
2019-10-01 07:25:41,699 [pool-247-thread-1] INFO  server.RaftServerConfigKeys (ConfUtils.java:logGet(43)) - raft.server.log.force.sync.num = 128 (default)
2019-10-01 07:25:41,699 [pool-267-thread-1] INFO  server.RaftServerConfigKeys (ConfUtils.java:logGet(43)) - raft.server.log.force.sync.num = 128 (default)
2019-10-01 07:25:41,700 [pool-247-thread-1] INFO  server.RaftServerConfigKeys (ConfUtils.java:logGet(43)) - raft.server.log.statemachine.data.sync = true (default)
2019-10-01 07:25:41,700 [pool-267-thread-1] INFO  server.RaftServerConfigKeys (ConfUtils.java:logGet(43)) - raft.server.log.statemachine.data.sync = true (default)
2019-10-01 07:25:41,700 [pool-247-thread-1] INFO  server.RaftServerConfigKeys (ConfUtils.java:logGet(43)) - raft.server.log.statemachine.data.sync.timeout = 10s (default)
2019-10-01 07:25:41,700 [pool-267-thread-1] INFO  server.RaftServerConfigKeys (ConfUtils.java:logGet(43)) - raft.server.log.statemachine.data.sync.timeout = 10s (default)
2019-10-01 07:25:41,700 [pool-247-thread-1] INFO  server.RaftServerConfigKeys (ConfUtils.java:logGet(43)) - raft.server.log.statemachine.data.sync.timeout.retry = -1 (default)
2019-10-01 07:25:41,700 [pool-267-thread-1] INFO  server.RaftServerConfigKeys (ConfUtils.java:logGet(43)) - raft.server.log.statemachine.data.sync.timeout.retry = -1 (default)
2019-10-01 07:25:41,701 [pool-257-thread-1] INFO  impl.RaftServerImpl (RaftServerImpl.java:start(181)) - 66155c1e-e6d4-4e53-9279-a1359c59a500@group-E9F46A04F7A6: start as a follower, conf=-1: [6575efd9-7970-408a-b91b-7d472f892079:192.168.30.18:45041, 2add112b-4fa9-4909-82d3-3ecd2bba7f9b:192.168.30.18:35403, 66155c1e-e6d4-4e53-9279-a1359c59a500:192.168.30.18:33867], old=null
2019-10-01 07:25:41,701 [pool-247-thread-1] INFO  server.RaftServerConfigKeys (ConfUtils.java:logGet(43)) - raft.server.log.statemachine.data.caching.enabled = true (custom)
2019-10-01 07:25:41,701 [pool-257-thread-1] INFO  impl.RaftServerImpl (RaftServerImpl.java:setRole(170)) - 66155c1e-e6d4-4e53-9279-a1359c59a500@group-E9F46A04F7A6: changes role from      null to FOLLOWER at term 0 for startAsFollower
2019-10-01 07:25:41,701 [pool-267-thread-1] INFO  server.RaftServerConfigKeys (ConfUtils.java:logGet(43)) - raft.server.log.statemachine.data.caching.enabled = true (custom)
2019-10-01 07:25:41,701 [pool-247-thread-1] INFO  segmented.SegmentedRaftLogWorker (SegmentedRaftLogWorker.java:lambda$new$0(128)) - 6575efd9-7970-408a-b91b-7d472f892079@group-E9F46A04F7A6-SegmentedRaftLogWorker: flushIndex: setUnconditionally 0 -> -1
2019-10-01 07:25:41,701 [pool-257-thread-1] INFO  impl.RoleInfo (RoleInfo.java:updateAndGet(143)) - 66155c1e-e6d4-4e53-9279-a1359c59a500: start FollowerState
2019-10-01 07:25:41,702 [pool-267-thread-1] INFO  segmented.SegmentedRaftLogWorker (SegmentedRaftLogWorker.java:lambda$new$0(128)) - 2add112b-4fa9-4909-82d3-3ecd2bba7f9b@group-E9F46A04F7A6-SegmentedRaftLogWorker: flushIndex: setUnconditionally 0 -> -1
2019-10-01 07:25:41,702 [pool-247-thread-1] INFO  server.RaftServerConfigKeys (ConfUtils.java:logGet(43)) - raft.server.snapshot.auto.trigger.enabled = true (custom)
2019-10-01 07:25:41,702 [pool-257-thread-1] INFO  util.JmxRegister (JmxRegister.java:tryRegister(44)) - Successfully registered JMX Bean with object name Ratis:service=RaftServer,group=group-E9F46A04F7A6,id=66155c1e-e6d4-4e53-9279-a1359c59a500
2019-10-01 07:25:41,702 [pool-267-thread-1] INFO  server.RaftServerConfigKeys (ConfUtils.java:logGet(43)) - raft.server.snapshot.auto.trigger.enabled = true (custom)
2019-10-01 07:25:41,702 [pool-247-thread-1] INFO  server.RaftServerConfigKeys (ConfUtils.java:logGet(43)) - raft.server.snapshot.auto.trigger.threshold = 10000 (custom)
2019-10-01 07:25:41,702 [pool-267-thread-1] INFO  server.RaftServerConfigKeys (ConfUtils.java:logGet(43)) - raft.server.snapshot.auto.trigger.threshold = 10000 (custom)
2019-10-01 07:25:41,703 [pool-247-thread-1] INFO  server.RaftServerConfigKeys (ConfUtils.java:logGet(43)) - raft.server.snapshot.retention.file.num = 5 (custom)
2019-10-01 07:25:41,703 [pool-267-thread-1] INFO  server.RaftServerConfigKeys (ConfUtils.java:logGet(43)) - raft.server.snapshot.retention.file.num = 5 (custom)
2019-10-01 07:25:41,703 [pool-247-thread-1] INFO  server.RaftServerConfigKeys (ConfUtils.java:logGet(43)) - raft.server.retrycache.expirytime = 600000ms (custom)
2019-10-01 07:25:41,703 [pool-267-thread-1] INFO  server.RaftServerConfigKeys (ConfUtils.java:logGet(43)) - raft.server.retrycache.expirytime = 600000ms (custom)
2019-10-01 07:25:41,707 [pool-247-thread-1] INFO  impl.RaftServerImpl (RaftServerImpl.java:start(181)) - 6575efd9-7970-408a-b91b-7d472f892079@group-E9F46A04F7A6: start as a follower, conf=-1: [6575efd9-7970-408a-b91b-7d472f892079:192.168.30.18:45041, 2add112b-4fa9-4909-82d3-3ecd2bba7f9b:192.168.30.18:35403, 66155c1e-e6d4-4e53-9279-a1359c59a500:192.168.30.18:33867], old=null
2019-10-01 07:25:41,707 [pool-247-thread-1] INFO  impl.RaftServerImpl (RaftServerImpl.java:setRole(170)) - 6575efd9-7970-408a-b91b-7d472f892079@group-E9F46A04F7A6: changes role from      null to FOLLOWER at term 0 for startAsFollower
2019-10-01 07:25:41,707 [pool-267-thread-1] INFO  impl.RaftServerImpl (RaftServerImpl.java:start(181)) - 2add112b-4fa9-4909-82d3-3ecd2bba7f9b@group-E9F46A04F7A6: start as a follower, conf=-1: [6575efd9-7970-408a-b91b-7d472f892079:192.168.30.18:45041, 2add112b-4fa9-4909-82d3-3ecd2bba7f9b:192.168.30.18:35403, 66155c1e-e6d4-4e53-9279-a1359c59a500:192.168.30.18:33867], old=null
2019-10-01 07:25:41,707 [pool-247-thread-1] INFO  impl.RoleInfo (RoleInfo.java:updateAndGet(143)) - 6575efd9-7970-408a-b91b-7d472f892079: start FollowerState
2019-10-01 07:25:41,707 [pool-267-thread-1] INFO  impl.RaftServerImpl (RaftServerImpl.java:setRole(170)) - 2add112b-4fa9-4909-82d3-3ecd2bba7f9b@group-E9F46A04F7A6: changes role from      null to FOLLOWER at term 0 for startAsFollower
2019-10-01 07:25:41,708 [pool-267-thread-1] INFO  impl.RoleInfo (RoleInfo.java:updateAndGet(143)) - 2add112b-4fa9-4909-82d3-3ecd2bba7f9b: start FollowerState
2019-10-01 07:25:41,708 [pool-247-thread-1] INFO  util.JmxRegister (JmxRegister.java:tryRegister(44)) - Successfully registered JMX Bean with object name Ratis:service=RaftServer,group=group-E9F46A04F7A6,id=6575efd9-7970-408a-b91b-7d472f892079
2019-10-01 07:25:41,708 [pool-267-thread-1] INFO  util.JmxRegister (JmxRegister.java:tryRegister(44)) - Successfully registered JMX Bean with object name Ratis:service=RaftServer,group=group-E9F46A04F7A6,id=2add112b-4fa9-4909-82d3-3ecd2bba7f9b
2019-10-01 07:25:41,715 [RatisPipelineUtilsThread] INFO  pipeline.PipelineStateManager (PipelineStateManager.java:addPipeline(56)) - Created pipeline Pipeline[ Id: 8f374527-215a-455f-a221-e9f46a04f7a6, Nodes: 66155c1e-e6d4-4e53-9279-a1359c59a500{ip: 192.168.30.18, host: pr-hdds-1984-bsjj8-3390809720, networkLocation: /default-rack, certSerialId: null}2add112b-4fa9-4909-82d3-3ecd2bba7f9b{ip: 192.168.30.18, host: pr-hdds-1984-bsjj8-3390809720, networkLocation: /default-rack, certSerialId: null}6575efd9-7970-408a-b91b-7d472f892079{ip: 192.168.30.18, host: pr-hdds-1984-bsjj8-3390809720, networkLocation: /default-rack, certSerialId: null}, Type:RATIS, Factor:THREE, State:OPEN]
2019-10-01 07:25:43,964 [Thread-1448] INFO  container.ReplicationManager (ReplicationManager.java:start(162)) - Starting Replication Monitor Thread.
2019-10-01 07:25:43,968 [ReplicationMonitor] INFO  container.ReplicationManager (ReplicationManager.java:run(225)) - Replication Monitor Thread took 0 milliseconds for processing 1 containers.
2019-10-01 07:25:46,049 [Thread-1450] INFO  impl.FollowerState (FollowerState.java:run(108)) - a5319893-1770-436a-9567-4b3fd98b83df@group-7786C98B1376-FollowerState: change to CANDIDATE, lastRpcTime:5007ms, electionTimeout:5007ms
2019-10-01 07:25:46,049 [Thread-1450] INFO  impl.RoleInfo (RoleInfo.java:shutdownFollowerState(121)) - a5319893-1770-436a-9567-4b3fd98b83df: shutdown FollowerState
2019-10-01 07:25:46,049 [Thread-1450] INFO  impl.RaftServerImpl (RaftServerImpl.java:setRole(170)) - a5319893-1770-436a-9567-4b3fd98b83df@group-7786C98B1376: changes role from  FOLLOWER to CANDIDATE at term 0 for changeToCandidate
2019-10-01 07:25:46,049 [Thread-1450] INFO  impl.RoleInfo (RoleInfo.java:updateAndGet(143)) - a5319893-1770-436a-9567-4b3fd98b83df: start LeaderElection
2019-10-01 07:25:46,100 [a5319893-1770-436a-9567-4b3fd98b83df@group-7786C98B1376-LeaderElection31] INFO  impl.LeaderElection (LeaderElection.java:askForVotes(178)) - a5319893-1770-436a-9567-4b3fd98b83df@group-7786C98B1376-LeaderElection31: begin an election at term 1 for -1: [a5319893-1770-436a-9567-4b3fd98b83df:192.168.30.18:34489], old=null
2019-10-01 07:25:46,100 [a5319893-1770-436a-9567-4b3fd98b83df@group-7786C98B1376-LeaderElection31] INFO  impl.RoleInfo (RoleInfo.java:shutdownLeaderElection(134)) - a5319893-1770-436a-9567-4b3fd98b83df: shutdown LeaderElection
2019-10-01 07:25:46,100 [a5319893-1770-436a-9567-4b3fd98b83df@group-7786C98B1376-LeaderElection31] INFO  impl.RaftServerImpl (RaftServerImpl.java:setRole(170)) - a5319893-1770-436a-9567-4b3fd98b83df@group-7786C98B1376: changes role from CANDIDATE to LEADER at term 1 for changeToLeader
2019-10-01 07:25:46,100 [a5319893-1770-436a-9567-4b3fd98b83df@group-7786C98B1376-LeaderElection31] INFO  impl.RaftServerImpl (ServerState.java:setLeader(255)) - a5319893-1770-436a-9567-4b3fd98b83df@group-7786C98B1376: change Leader from null to a5319893-1770-436a-9567-4b3fd98b83df at term 1 for becomeLeader, leader elected after 5067ms
2019-10-01 07:25:46,101 [a5319893-1770-436a-9567-4b3fd98b83df@group-7786C98B1376-LeaderElection31] INFO  server.RaftServerConfigKeys (ConfUtils.java:logGet(43)) - raft.server.staging.catchup.gap = 1000 (default)
2019-10-01 07:25:46,101 [a5319893-1770-436a-9567-4b3fd98b83df@group-7786C98B1376-LeaderElection31] INFO  server.RaftServerConfigKeys (ConfUtils.java:logGet(43)) - raft.server.rpc.sleep.time = 25ms (default)
2019-10-01 07:25:46,102 [a5319893-1770-436a-9567-4b3fd98b83df@group-7786C98B1376-LeaderElection31] INFO  server.RaftServerConfigKeys (ConfUtils.java:logGet(43)) - raft.server.write.element-limit = 4096 (default)
2019-10-01 07:25:46,102 [a5319893-1770-436a-9567-4b3fd98b83df@group-7786C98B1376-LeaderElection31] INFO  server.RaftServerConfigKeys (ConfUtils.java:logGet(43)) - raft.server.watch.timeout = 10s (default)
2019-10-01 07:25:46,102 [a5319893-1770-436a-9567-4b3fd98b83df@group-7786C98B1376-LeaderElection31] INFO  server.RaftServerConfigKeys (ConfUtils.java:logGet(43)) - raft.server.watch.timeout.denomination = 1s (default)
2019-10-01 07:25:46,102 [a5319893-1770-436a-9567-4b3fd98b83df@group-7786C98B1376-LeaderElection31] INFO  server.RaftServerConfigKeys (ConfUtils.java:logGet(43)) - raft.server.watch.element-limit = 65536 (default)
2019-10-01 07:25:46,106 [a5319893-1770-436a-9567-4b3fd98b83df@group-7786C98B1376-LeaderElection31] INFO  impl.RoleInfo (RoleInfo.java:updateAndGet(143)) - a5319893-1770-436a-9567-4b3fd98b83df: start LeaderState
2019-10-01 07:25:46,107 [a5319893-1770-436a-9567-4b3fd98b83df@group-7786C98B1376-LeaderElection31] INFO  segmented.SegmentedRaftLogWorker (SegmentedRaftLogWorker.java:startLogSegment(385)) - a5319893-1770-436a-9567-4b3fd98b83df@group-7786C98B1376-SegmentedRaftLogWorker: Starting segment from index:0
2019-10-01 07:25:46,108 [a5319893-1770-436a-9567-4b3fd98b83df@group-7786C98B1376-LeaderElection31] INFO  impl.RaftServerImpl (ServerState.java:setRaftConf(356)) - a5319893-1770-436a-9567-4b3fd98b83df@group-7786C98B1376: set configuration 0: [a5319893-1770-436a-9567-4b3fd98b83df:192.168.30.18:34489], old=null at 0
2019-10-01 07:25:46,148 [Thread-1453] INFO  impl.FollowerState (FollowerState.java:run(108)) - be47bb61-472a-4d67-8e1a-05db22c1f3ae@group-096FAD4EC8DB-FollowerState: change to CANDIDATE, lastRpcTime:5023ms, electionTimeout:5023ms
2019-10-01 07:25:46,148 [Thread-1453] INFO  impl.RoleInfo (RoleInfo.java:shutdownFollowerState(121)) - be47bb61-472a-4d67-8e1a-05db22c1f3ae: shutdown FollowerState
2019-10-01 07:25:46,148 [Thread-1453] INFO  impl.RaftServerImpl (RaftServerImpl.java:setRole(170)) - be47bb61-472a-4d67-8e1a-05db22c1f3ae@group-096FAD4EC8DB: changes role from  FOLLOWER to CANDIDATE at term 0 for changeToCandidate
2019-10-01 07:25:46,148 [Thread-1453] INFO  impl.RoleInfo (RoleInfo.java:updateAndGet(143)) - be47bb61-472a-4d67-8e1a-05db22c1f3ae: start LeaderElection
2019-10-01 07:25:46,166 [a5319893-1770-436a-9567-4b3fd98b83df@group-7786C98B1376-SegmentedRaftLogWorker] INFO  segmented.SegmentedRaftLogWorker (SegmentedRaftLogWorker.java:execute(574)) - a5319893-1770-436a-9567-4b3fd98b83df@group-7786C98B1376-SegmentedRaftLogWorker: created new log segment /workdir/hadoop-ozone/integration-test/target/test-dir/MiniOzoneClusterImpl-54948dff-2f48-4783-91d2-2f208bfbfb90/datanode-0/data/ratis/32826e34-e921-4d68-b053-7786c98b1376/current/log_inprogress_0
2019-10-01 07:25:46,183 [be47bb61-472a-4d67-8e1a-05db22c1f3ae@group-096FAD4EC8DB-LeaderElection32] INFO  impl.LeaderElection (LeaderElection.java:askForVotes(178)) - be47bb61-472a-4d67-8e1a-05db22c1f3ae@group-096FAD4EC8DB-LeaderElection32: begin an election at term 1 for -1: [be47bb61-472a-4d67-8e1a-05db22c1f3ae:192.168.30.18:34478], old=null
2019-10-01 07:25:46,184 [be47bb61-472a-4d67-8e1a-05db22c1f3ae@group-096FAD4EC8DB-LeaderElection32] INFO  impl.RoleInfo (RoleInfo.java:shutdownLeaderElection(134)) - be47bb61-472a-4d67-8e1a-05db22c1f3ae: shutdown LeaderElection
2019-10-01 07:25:46,184 [be47bb61-472a-4d67-8e1a-05db22c1f3ae@group-096FAD4EC8DB-LeaderElection32] INFO  impl.RaftServerImpl (RaftServerImpl.java:setRole(170)) - be47bb61-472a-4d67-8e1a-05db22c1f3ae@group-096FAD4EC8DB: changes role from CANDIDATE to LEADER at term 1 for changeToLeader
2019-10-01 07:25:46,184 [be47bb61-472a-4d67-8e1a-05db22c1f3ae@group-096FAD4EC8DB-LeaderElection32] INFO  impl.RaftServerImpl (ServerState.java:setLeader(255)) - be47bb61-472a-4d67-8e1a-05db22c1f3ae@group-096FAD4EC8DB: change Leader from null to be47bb61-472a-4d67-8e1a-05db22c1f3ae at term 1 for becomeLeader, leader elected after 5066ms
2019-10-01 07:25:46,184 [be47bb61-472a-4d67-8e1a-05db22c1f3ae@group-096FAD4EC8DB-LeaderElection32] INFO  server.RaftServerConfigKeys (ConfUtils.java:logGet(43)) - raft.server.staging.catchup.gap = 1000 (default)
2019-10-01 07:25:46,184 [be47bb61-472a-4d67-8e1a-05db22c1f3ae@group-096FAD4EC8DB-LeaderElection32] INFO  server.RaftServerConfigKeys (ConfUtils.java:logGet(43)) - raft.server.rpc.sleep.time = 25ms (default)
2019-10-01 07:25:46,184 [be47bb61-472a-4d67-8e1a-05db22c1f3ae@group-096FAD4EC8DB-LeaderElection32] INFO  server.RaftServerConfigKeys (ConfUtils.java:logGet(43)) - raft.server.write.element-limit = 4096 (default)
2019-10-01 07:25:46,185 [be47bb61-472a-4d67-8e1a-05db22c1f3ae@group-096FAD4EC8DB-LeaderElection32] INFO  server.RaftServerConfigKeys (ConfUtils.java:logGet(43)) - raft.server.watch.timeout = 10s (default)
2019-10-01 07:25:46,185 [be47bb61-472a-4d67-8e1a-05db22c1f3ae@group-096FAD4EC8DB-LeaderElection32] INFO  server.RaftServerConfigKeys (ConfUtils.java:logGet(43)) - raft.server.watch.timeout.denomination = 1s (default)
2019-10-01 07:25:46,185 [be47bb61-472a-4d67-8e1a-05db22c1f3ae@group-096FAD4EC8DB-LeaderElection32] INFO  server.RaftServerConfigKeys (ConfUtils.java:logGet(43)) - raft.server.watch.element-limit = 65536 (default)
2019-10-01 07:25:46,187 [be47bb61-472a-4d67-8e1a-05db22c1f3ae@group-096FAD4EC8DB-LeaderElection32] INFO  impl.RoleInfo (RoleInfo.java:updateAndGet(143)) - be47bb61-472a-4d67-8e1a-05db22c1f3ae: start LeaderState
2019-10-01 07:25:46,187 [be47bb61-472a-4d67-8e1a-05db22c1f3ae@group-096FAD4EC8DB-LeaderElection32] INFO  segmented.SegmentedRaftLogWorker (SegmentedRaftLogWorker.java:startLogSegment(385)) - be47bb61-472a-4d67-8e1a-05db22c1f3ae@group-096FAD4EC8DB-SegmentedRaftLogWorker: Starting segment from index:0
2019-10-01 07:25:46,188 [be47bb61-472a-4d67-8e1a-05db22c1f3ae@group-096FAD4EC8DB-LeaderElection32] INFO  impl.RaftServerImpl (ServerState.java:setRaftConf(356)) - be47bb61-472a-4d67-8e1a-05db22c1f3ae@group-096FAD4EC8DB: set configuration 0: [be47bb61-472a-4d67-8e1a-05db22c1f3ae:192.168.30.18:34478], old=null at 0
2019-10-01 07:25:46,221 [Thread-1456] INFO  impl.FollowerState (FollowerState.java:run(108)) - 8451d732-4754-49d1-b6bb-2cccf437fad4@group-C44D945B90DB-FollowerState: change to CANDIDATE, lastRpcTime:5021ms, electionTimeout:5021ms
2019-10-01 07:25:46,221 [Thread-1456] INFO  impl.RoleInfo (RoleInfo.java:shutdownFollowerState(121)) - 8451d732-4754-49d1-b6bb-2cccf437fad4: shutdown FollowerState
2019-10-01 07:25:46,221 [Thread-1456] INFO  impl.RaftServerImpl (RaftServerImpl.java:setRole(170)) - 8451d732-4754-49d1-b6bb-2cccf437fad4@group-C44D945B90DB: changes role from  FOLLOWER to CANDIDATE at term 0 for changeToCandidate
2019-10-01 07:25:46,221 [Thread-1456] INFO  impl.RoleInfo (RoleInfo.java:updateAndGet(143)) - 8451d732-4754-49d1-b6bb-2cccf437fad4: start LeaderElection
2019-10-01 07:25:46,250 [be47bb61-472a-4d67-8e1a-05db22c1f3ae@group-096FAD4EC8DB-SegmentedRaftLogWorker] INFO  segmented.SegmentedRaftLogWorker (SegmentedRaftLogWorker.java:execute(574)) - be47bb61-472a-4d67-8e1a-05db22c1f3ae@group-096FAD4EC8DB-SegmentedRaftLogWorker: created new log segment /workdir/hadoop-ozone/integration-test/target/test-dir/MiniOzoneClusterImpl-54948dff-2f48-4783-91d2-2f208bfbfb90/datanode-1/data/ratis/0918e107-8bc7-4e62-bac1-096fad4ec8db/current/log_inprogress_0
2019-10-01 07:25:46,251 [8451d732-4754-49d1-b6bb-2cccf437fad4@group-C44D945B90DB-LeaderElection33] INFO  impl.LeaderElection (LeaderElection.java:askForVotes(178)) - 8451d732-4754-49d1-b6bb-2cccf437fad4@group-C44D945B90DB-LeaderElection33: begin an election at term 1 for -1: [8451d732-4754-49d1-b6bb-2cccf437fad4:192.168.30.18:38107], old=null
2019-10-01 07:25:46,251 [8451d732-4754-49d1-b6bb-2cccf437fad4@group-C44D945B90DB-LeaderElection33] INFO  impl.RoleInfo (RoleInfo.java:shutdownLeaderElection(134)) - 8451d732-4754-49d1-b6bb-2cccf437fad4: shutdown LeaderElection
2019-10-01 07:25:46,251 [8451d732-4754-49d1-b6bb-2cccf437fad4@group-C44D945B90DB-LeaderElection33] INFO  impl.RaftServerImpl (RaftServerImpl.java:setRole(170)) - 8451d732-4754-49d1-b6bb-2cccf437fad4@group-C44D945B90DB: changes role from CANDIDATE to LEADER at term 1 for changeToLeader
2019-10-01 07:25:46,251 [8451d732-4754-49d1-b6bb-2cccf437fad4@group-C44D945B90DB-LeaderElection33] INFO  impl.RaftServerImpl (ServerState.java:setLeader(255)) - 8451d732-4754-49d1-b6bb-2cccf437fad4@group-C44D945B90DB: change Leader from null to 8451d732-4754-49d1-b6bb-2cccf437fad4 at term 1 for becomeLeader, leader elected after 5058ms
2019-10-01 07:25:46,251 [8451d732-4754-49d1-b6bb-2cccf437fad4@group-C44D945B90DB-LeaderElection33] INFO  server.RaftServerConfigKeys (ConfUtils.java:logGet(43)) - raft.server.staging.catchup.gap = 1000 (default)
2019-10-01 07:25:46,251 [8451d732-4754-49d1-b6bb-2cccf437fad4@group-C44D945B90DB-LeaderElection33] INFO  server.RaftServerConfigKeys (ConfUtils.java:logGet(43)) - raft.server.rpc.sleep.time = 25ms (default)
2019-10-01 07:25:46,252 [8451d732-4754-49d1-b6bb-2cccf437fad4@group-C44D945B90DB-LeaderElection33] INFO  server.RaftServerConfigKeys (ConfUtils.java:logGet(43)) - raft.server.write.element-limit = 4096 (default)
2019-10-01 07:25:46,252 [8451d732-4754-49d1-b6bb-2cccf437fad4@group-C44D945B90DB-LeaderElection33] INFO  server.RaftServerConfigKeys (ConfUtils.java:logGet(43)) - raft.server.watch.timeout = 10s (default)
2019-10-01 07:25:46,252 [8451d732-4754-49d1-b6bb-2cccf437fad4@group-C44D945B90DB-LeaderElection33] INFO  server.RaftServerConfigKeys (ConfUtils.java:logGet(43)) - raft.server.watch.timeout.denomination = 1s (default)
2019-10-01 07:25:46,252 [8451d732-4754-49d1-b6bb-2cccf437fad4@group-C44D945B90DB-LeaderElection33] INFO  server.RaftServerConfigKeys (ConfUtils.java:logGet(43)) - raft.server.watch.element-limit = 65536 (default)
2019-10-01 07:25:46,254 [8451d732-4754-49d1-b6bb-2cccf437fad4@group-C44D945B90DB-LeaderElection33] INFO  impl.RoleInfo (RoleInfo.java:updateAndGet(143)) - 8451d732-4754-49d1-b6bb-2cccf437fad4: start LeaderState
2019-10-01 07:25:46,254 [8451d732-4754-49d1-b6bb-2cccf437fad4@group-C44D945B90DB-LeaderElection33] INFO  segmented.SegmentedRaftLogWorker (SegmentedRaftLogWorker.java:startLogSegment(385)) - 8451d732-4754-49d1-b6bb-2cccf437fad4@group-C44D945B90DB-SegmentedRaftLogWorker: Starting segment from index:0
2019-10-01 07:25:46,255 [8451d732-4754-49d1-b6bb-2cccf437fad4@group-C44D945B90DB-LeaderElection33] INFO  impl.RaftServerImpl (ServerState.java:setRaftConf(356)) - 8451d732-4754-49d1-b6bb-2cccf437fad4@group-C44D945B90DB: set configuration 0: [8451d732-4754-49d1-b6bb-2cccf437fad4:192.168.30.18:38107], old=null at 0
2019-10-01 07:25:46,309 [8451d732-4754-49d1-b6bb-2cccf437fad4@group-C44D945B90DB-SegmentedRaftLogWorker] INFO  segmented.SegmentedRaftLogWorker (SegmentedRaftLogWorker.java:execute(574)) - 8451d732-4754-49d1-b6bb-2cccf437fad4@group-C44D945B90DB-SegmentedRaftLogWorker: created new log segment /workdir/hadoop-ozone/integration-test/target/test-dir/MiniOzoneClusterImpl-54948dff-2f48-4783-91d2-2f208bfbfb90/datanode-2/data/ratis/9f186284-f4cf-42ff-affa-c44d945b90db/current/log_inprogress_0
2019-10-01 07:25:46,449 [Thread-1459] INFO  impl.FollowerState (FollowerState.java:run(108)) - 3e8b1524-3c14-4a7f-afd7-08a90b27c162@group-09550600BB6A-FollowerState: change to CANDIDATE, lastRpcTime:5174ms, electionTimeout:5174ms
2019-10-01 07:25:46,449 [Thread-1459] INFO  impl.RoleInfo (RoleInfo.java:shutdownFollowerState(121)) - 3e8b1524-3c14-4a7f-afd7-08a90b27c162: shutdown FollowerState
2019-10-01 07:25:46,449 [Thread-1459] INFO  impl.RaftServerImpl (RaftServerImpl.java:setRole(170)) - 3e8b1524-3c14-4a7f-afd7-08a90b27c162@group-09550600BB6A: changes role from  FOLLOWER to CANDIDATE at term 0 for changeToCandidate
2019-10-01 07:25:46,450 [Thread-1459] INFO  impl.RoleInfo (RoleInfo.java:updateAndGet(143)) - 3e8b1524-3c14-4a7f-afd7-08a90b27c162: start LeaderElection
2019-10-01 07:25:46,455 [Thread-1467] INFO  impl.FollowerState (FollowerState.java:run(108)) - 66155c1e-e6d4-4e53-9279-a1359c59a500@group-D465CC46088C-FollowerState: change to CANDIDATE, lastRpcTime:5014ms, electionTimeout:5009ms
2019-10-01 07:25:46,458 [Thread-1467] INFO  impl.RoleInfo (RoleInfo.java:shutdownFollowerState(121)) - 66155c1e-e6d4-4e53-9279-a1359c59a500: shutdown FollowerState
2019-10-01 07:25:46,458 [Thread-1467] INFO  impl.RaftServerImpl (RaftServerImpl.java:setRole(170)) - 66155c1e-e6d4-4e53-9279-a1359c59a500@group-D465CC46088C: changes role from  FOLLOWER to CANDIDATE at term 0 for changeToCandidate
2019-10-01 07:25:46,458 [Thread-1467] INFO  impl.RoleInfo (RoleInfo.java:updateAndGet(143)) - 66155c1e-e6d4-4e53-9279-a1359c59a500: start LeaderElection
2019-10-01 07:25:46,475 [Thread-1462] INFO  impl.FollowerState (FollowerState.java:run(108)) - 6575efd9-7970-408a-b91b-7d472f892079@group-DBE0540C4902-FollowerState: change to CANDIDATE, lastRpcTime:5123ms, electionTimeout:5123ms
2019-10-01 07:25:46,476 [Thread-1462] INFO  impl.RoleInfo (RoleInfo.java:shutdownFollowerState(121)) - 6575efd9-7970-408a-b91b-7d472f892079: shutdown FollowerState
2019-10-01 07:25:46,476 [Thread-1462] INFO  impl.RaftServerImpl (RaftServerImpl.java:setRole(170)) - 6575efd9-7970-408a-b91b-7d472f892079@group-DBE0540C4902: changes role from  FOLLOWER to CANDIDATE at term 0 for changeToCandidate
2019-10-01 07:25:46,476 [Thread-1462] INFO  impl.RoleInfo (RoleInfo.java:updateAndGet(143)) - 6575efd9-7970-408a-b91b-7d472f892079: start LeaderElection
2019-10-01 07:25:46,485 [3e8b1524-3c14-4a7f-afd7-08a90b27c162@group-09550600BB6A-LeaderElection34] INFO  impl.LeaderElection (LeaderElection.java:askForVotes(178)) - 3e8b1524-3c14-4a7f-afd7-08a90b27c162@group-09550600BB6A-LeaderElection34: begin an election at term 1 for -1: [3e8b1524-3c14-4a7f-afd7-08a90b27c162:192.168.30.18:37349], old=null
2019-10-01 07:25:46,485 [66155c1e-e6d4-4e53-9279-a1359c59a500@group-D465CC46088C-LeaderElection35] INFO  impl.LeaderElection (LeaderElection.java:askForVotes(178)) - 66155c1e-e6d4-4e53-9279-a1359c59a500@group-D465CC46088C-LeaderElection35: begin an election at term 1 for -1: [66155c1e-e6d4-4e53-9279-a1359c59a500:192.168.30.18:33867], old=null
2019-10-01 07:25:46,485 [3e8b1524-3c14-4a7f-afd7-08a90b27c162@group-09550600BB6A-LeaderElection34] INFO  impl.RoleInfo (RoleInfo.java:shutdownLeaderElection(134)) - 3e8b1524-3c14-4a7f-afd7-08a90b27c162: shutdown LeaderElection
2019-10-01 07:25:46,485 [66155c1e-e6d4-4e53-9279-a1359c59a500@group-D465CC46088C-LeaderElection35] INFO  impl.RoleInfo (RoleInfo.java:shutdownLeaderElection(134)) - 66155c1e-e6d4-4e53-9279-a1359c59a500: shutdown LeaderElection
2019-10-01 07:25:46,485 [3e8b1524-3c14-4a7f-afd7-08a90b27c162@group-09550600BB6A-LeaderElection34] INFO  impl.RaftServerImpl (RaftServerImpl.java:setRole(170)) - 3e8b1524-3c14-4a7f-afd7-08a90b27c162@group-09550600BB6A: changes role from CANDIDATE to LEADER at term 1 for changeToLeader
2019-10-01 07:25:46,485 [66155c1e-e6d4-4e53-9279-a1359c59a500@group-D465CC46088C-LeaderElection35] INFO  impl.RaftServerImpl (RaftServerImpl.java:setRole(170)) - 66155c1e-e6d4-4e53-9279-a1359c59a500@group-D465CC46088C: changes role from CANDIDATE to LEADER at term 1 for changeToLeader
2019-10-01 07:25:46,485 [3e8b1524-3c14-4a7f-afd7-08a90b27c162@group-09550600BB6A-LeaderElection34] INFO  impl.RaftServerImpl (ServerState.java:setLeader(255)) - 3e8b1524-3c14-4a7f-afd7-08a90b27c162@group-09550600BB6A: change Leader from null to 3e8b1524-3c14-4a7f-afd7-08a90b27c162 at term 1 for becomeLeader, leader elected after 5216ms
2019-10-01 07:25:46,485 [66155c1e-e6d4-4e53-9279-a1359c59a500@group-D465CC46088C-LeaderElection35] INFO  impl.RaftServerImpl (ServerState.java:setLeader(255)) - 66155c1e-e6d4-4e53-9279-a1359c59a500@group-D465CC46088C: change Leader from null to 66155c1e-e6d4-4e53-9279-a1359c59a500 at term 1 for becomeLeader, leader elected after 5056ms
2019-10-01 07:25:46,486 [3e8b1524-3c14-4a7f-afd7-08a90b27c162@group-09550600BB6A-LeaderElection34] INFO  server.RaftServerConfigKeys (ConfUtils.java:logGet(43)) - raft.server.staging.catchup.gap = 1000 (default)
2019-10-01 07:25:46,486 [66155c1e-e6d4-4e53-9279-a1359c59a500@group-D465CC46088C-LeaderElection35] INFO  server.RaftServerConfigKeys (ConfUtils.java:logGet(43)) - raft.server.staging.catchup.gap = 1000 (default)
2019-10-01 07:25:46,486 [3e8b1524-3c14-4a7f-afd7-08a90b27c162@group-09550600BB6A-LeaderElection34] INFO  server.RaftServerConfigKeys (ConfUtils.java:logGet(43)) - raft.server.rpc.sleep.time = 25ms (default)
2019-10-01 07:25:46,486 [66155c1e-e6d4-4e53-9279-a1359c59a500@group-D465CC46088C-LeaderElection35] INFO  server.RaftServerConfigKeys (ConfUtils.java:logGet(43)) - raft.server.rpc.sleep.time = 25ms (default)
2019-10-01 07:25:46,486 [3e8b1524-3c14-4a7f-afd7-08a90b27c162@group-09550600BB6A-LeaderElection34] INFO  server.RaftServerConfigKeys (ConfUtils.java:logGet(43)) - raft.server.write.element-limit = 4096 (default)
2019-10-01 07:25:46,486 [66155c1e-e6d4-4e53-9279-a1359c59a500@group-D465CC46088C-LeaderElection35] INFO  server.RaftServerConfigKeys (ConfUtils.java:logGet(43)) - raft.server.write.element-limit = 4096 (default)
2019-10-01 07:25:46,486 [3e8b1524-3c14-4a7f-afd7-08a90b27c162@group-09550600BB6A-LeaderElection34] INFO  server.RaftServerConfigKeys (ConfUtils.java:logGet(43)) - raft.server.watch.timeout = 10s (default)
2019-10-01 07:25:46,486 [66155c1e-e6d4-4e53-9279-a1359c59a500@group-D465CC46088C-LeaderElection35] INFO  server.RaftServerConfigKeys (ConfUtils.java:logGet(43)) - raft.server.watch.timeout = 10s (default)
2019-10-01 07:25:46,487 [3e8b1524-3c14-4a7f-afd7-08a90b27c162@group-09550600BB6A-LeaderElection34] INFO  server.RaftServerConfigKeys (ConfUtils.java:logGet(43)) - raft.server.watch.timeout.denomination = 1s (default)
2019-10-01 07:25:46,487 [66155c1e-e6d4-4e53-9279-a1359c59a500@group-D465CC46088C-LeaderElection35] INFO  server.RaftServerConfigKeys (ConfUtils.java:logGet(43)) - raft.server.watch.timeout.denomination = 1s (default)
2019-10-01 07:25:46,487 [3e8b1524-3c14-4a7f-afd7-08a90b27c162@group-09550600BB6A-LeaderElection34] INFO  server.RaftServerConfigKeys (ConfUtils.java:logGet(43)) - raft.server.watch.element-limit = 65536 (default)
2019-10-01 07:25:46,487 [66155c1e-e6d4-4e53-9279-a1359c59a500@group-D465CC46088C-LeaderElection35] INFO  server.RaftServerConfigKeys (ConfUtils.java:logGet(43)) - raft.server.watch.element-limit = 65536 (default)
2019-10-01 07:25:46,489 [3e8b1524-3c14-4a7f-afd7-08a90b27c162@group-09550600BB6A-LeaderElection34] INFO  impl.RoleInfo (RoleInfo.java:updateAndGet(143)) - 3e8b1524-3c14-4a7f-afd7-08a90b27c162: start LeaderState
2019-10-01 07:25:46,490 [66155c1e-e6d4-4e53-9279-a1359c59a500@group-D465CC46088C-LeaderElection35] INFO  impl.RoleInfo (RoleInfo.java:updateAndGet(143)) - 66155c1e-e6d4-4e53-9279-a1359c59a500: start LeaderState
2019-10-01 07:25:46,490 [3e8b1524-3c14-4a7f-afd7-08a90b27c162@group-09550600BB6A-LeaderElection34] INFO  segmented.SegmentedRaftLogWorker (SegmentedRaftLogWorker.java:startLogSegment(385)) - 3e8b1524-3c14-4a7f-afd7-08a90b27c162@group-09550600BB6A-SegmentedRaftLogWorker: Starting segment from index:0
2019-10-01 07:25:46,490 [66155c1e-e6d4-4e53-9279-a1359c59a500@group-D465CC46088C-LeaderElection35] INFO  segmented.SegmentedRaftLogWorker (SegmentedRaftLogWorker.java:startLogSegment(385)) - 66155c1e-e6d4-4e53-9279-a1359c59a500@group-D465CC46088C-SegmentedRaftLogWorker: Starting segment from index:0
2019-10-01 07:25:46,490 [3e8b1524-3c14-4a7f-afd7-08a90b27c162@group-09550600BB6A-LeaderElection34] INFO  impl.RaftServerImpl (ServerState.java:setRaftConf(356)) - 3e8b1524-3c14-4a7f-afd7-08a90b27c162@group-09550600BB6A: set configuration 0: [3e8b1524-3c14-4a7f-afd7-08a90b27c162:192.168.30.18:37349], old=null at 0
2019-10-01 07:25:46,491 [66155c1e-e6d4-4e53-9279-a1359c59a500@group-D465CC46088C-LeaderElection35] INFO  impl.RaftServerImpl (ServerState.java:setRaftConf(356)) - 66155c1e-e6d4-4e53-9279-a1359c59a500@group-D465CC46088C: set configuration 0: [66155c1e-e6d4-4e53-9279-a1359c59a500:192.168.30.18:33867], old=null at 0
2019-10-01 07:25:46,510 [6575efd9-7970-408a-b91b-7d472f892079@group-DBE0540C4902-LeaderElection36] INFO  impl.LeaderElection (LeaderElection.java:askForVotes(178)) - 6575efd9-7970-408a-b91b-7d472f892079@group-DBE0540C4902-LeaderElection36: begin an election at term 1 for -1: [6575efd9-7970-408a-b91b-7d472f892079:192.168.30.18:45041], old=null
2019-10-01 07:25:46,510 [6575efd9-7970-408a-b91b-7d472f892079@group-DBE0540C4902-LeaderElection36] INFO  impl.RoleInfo (RoleInfo.java:shutdownLeaderElection(134)) - 6575efd9-7970-408a-b91b-7d472f892079: shutdown LeaderElection
2019-10-01 07:25:46,510 [6575efd9-7970-408a-b91b-7d472f892079@group-DBE0540C4902-LeaderElection36] INFO  impl.RaftServerImpl (RaftServerImpl.java:setRole(170)) - 6575efd9-7970-408a-b91b-7d472f892079@group-DBE0540C4902: changes role from CANDIDATE to LEADER at term 1 for changeToLeader
2019-10-01 07:25:46,511 [6575efd9-7970-408a-b91b-7d472f892079@group-DBE0540C4902-LeaderElection36] INFO  impl.RaftServerImpl (ServerState.java:setLeader(255)) - 6575efd9-7970-408a-b91b-7d472f892079@group-DBE0540C4902: change Leader from null to 6575efd9-7970-408a-b91b-7d472f892079 at term 1 for becomeLeader, leader elected after 5165ms
2019-10-01 07:25:46,511 [6575efd9-7970-408a-b91b-7d472f892079@group-DBE0540C4902-LeaderElection36] INFO  server.RaftServerConfigKeys (ConfUtils.java:logGet(43)) - raft.server.staging.catchup.gap = 1000 (default)
2019-10-01 07:25:46,511 [6575efd9-7970-408a-b91b-7d472f892079@group-DBE0540C4902-LeaderElection36] INFO  server.RaftServerConfigKeys (ConfUtils.java:logGet(43)) - raft.server.rpc.sleep.time = 25ms (default)
2019-10-01 07:25:46,511 [6575efd9-7970-408a-b91b-7d472f892079@group-DBE0540C4902-LeaderElection36] INFO  server.RaftServerConfigKeys (ConfUtils.java:logGet(43)) - raft.server.write.element-limit = 4096 (default)
2019-10-01 07:25:46,511 [6575efd9-7970-408a-b91b-7d472f892079@group-DBE0540C4902-LeaderElection36] INFO  server.RaftServerConfigKeys (ConfUtils.java:logGet(43)) - raft.server.watch.timeout = 10s (default)
2019-10-01 07:25:46,512 [6575efd9-7970-408a-b91b-7d472f892079@group-DBE0540C4902-LeaderElection36] INFO  server.RaftServerConfigKeys (ConfUtils.java:logGet(43)) - raft.server.watch.timeout.denomination = 1s (default)
2019-10-01 07:25:46,512 [6575efd9-7970-408a-b91b-7d472f892079@group-DBE0540C4902-LeaderElection36] INFO  server.RaftServerConfigKeys (ConfUtils.java:logGet(43)) - raft.server.watch.element-limit = 65536 (default)
2019-10-01 07:25:46,514 [6575efd9-7970-408a-b91b-7d472f892079@group-DBE0540C4902-LeaderElection36] INFO  impl.RoleInfo (RoleInfo.java:updateAndGet(143)) - 6575efd9-7970-408a-b91b-7d472f892079: start LeaderState
2019-10-01 07:25:46,514 [6575efd9-7970-408a-b91b-7d472f892079@group-DBE0540C4902-LeaderElection36] INFO  segmented.SegmentedRaftLogWorker (SegmentedRaftLogWorker.java:startLogSegment(385)) - 6575efd9-7970-408a-b91b-7d472f892079@group-DBE0540C4902-SegmentedRaftLogWorker: Starting segment from index:0
2019-10-01 07:25:46,515 [6575efd9-7970-408a-b91b-7d472f892079@group-DBE0540C4902-LeaderElection36] INFO  impl.RaftServerImpl (ServerState.java:setRaftConf(356)) - 6575efd9-7970-408a-b91b-7d472f892079@group-DBE0540C4902: set configuration 0: [6575efd9-7970-408a-b91b-7d472f892079:192.168.30.18:45041], old=null at 0
2019-10-01 07:25:46,552 [3e8b1524-3c14-4a7f-afd7-08a90b27c162@group-09550600BB6A-SegmentedRaftLogWorker] INFO  segmented.SegmentedRaftLogWorker (SegmentedRaftLogWorker.java:execute(574)) - 3e8b1524-3c14-4a7f-afd7-08a90b27c162@group-09550600BB6A-SegmentedRaftLogWorker: created new log segment /workdir/hadoop-ozone/integration-test/target/test-dir/MiniOzoneClusterImpl-54948dff-2f48-4783-91d2-2f208bfbfb90/datanode-3/data/ratis/a63b39d2-cf1c-4a73-80f7-09550600bb6a/current/log_inprogress_0
2019-10-01 07:25:46,552 [66155c1e-e6d4-4e53-9279-a1359c59a500@group-D465CC46088C-SegmentedRaftLogWorker] INFO  segmented.SegmentedRaftLogWorker (SegmentedRaftLogWorker.java:execute(574)) - 66155c1e-e6d4-4e53-9279-a1359c59a500@group-D465CC46088C-SegmentedRaftLogWorker: created new log segment /workdir/hadoop-ozone/integration-test/target/test-dir/MiniOzoneClusterImpl-54948dff-2f48-4783-91d2-2f208bfbfb90/datanode-5/data/ratis/47c9beaf-8bf9-4b3e-b89a-d465cc46088c/current/log_inprogress_0
2019-10-01 07:25:46,569 [6575efd9-7970-408a-b91b-7d472f892079@group-DBE0540C4902-SegmentedRaftLogWorker] INFO  segmented.SegmentedRaftLogWorker (SegmentedRaftLogWorker.java:execute(574)) - 6575efd9-7970-408a-b91b-7d472f892079@group-DBE0540C4902-SegmentedRaftLogWorker: created new log segment /workdir/hadoop-ozone/integration-test/target/test-dir/MiniOzoneClusterImpl-54948dff-2f48-4783-91d2-2f208bfbfb90/datanode-4/data/ratis/415d9f0e-a180-4e3f-a2d1-dbe0540c4902/current/log_inprogress_0
2019-10-01 07:25:46,602 [Thread-1470] INFO  impl.FollowerState (FollowerState.java:run(108)) - 2add112b-4fa9-4909-82d3-3ecd2bba7f9b@group-118658A5B78B-FollowerState: change to CANDIDATE, lastRpcTime:5087ms, electionTimeout:5086ms
2019-10-01 07:25:46,602 [Thread-1470] INFO  impl.RoleInfo (RoleInfo.java:shutdownFollowerState(121)) - 2add112b-4fa9-4909-82d3-3ecd2bba7f9b: shutdown FollowerState
2019-10-01 07:25:46,602 [Thread-1470] INFO  impl.RaftServerImpl (RaftServerImpl.java:setRole(170)) - 2add112b-4fa9-4909-82d3-3ecd2bba7f9b@group-118658A5B78B: changes role from  FOLLOWER to CANDIDATE at term 0 for changeToCandidate
2019-10-01 07:25:46,603 [Thread-1470] INFO  impl.RoleInfo (RoleInfo.java:updateAndGet(143)) - 2add112b-4fa9-4909-82d3-3ecd2bba7f9b: start LeaderElection
2019-10-01 07:25:46,636 [2add112b-4fa9-4909-82d3-3ecd2bba7f9b@group-118658A5B78B-LeaderElection37] INFO  impl.LeaderElection (LeaderElection.java:askForVotes(178)) - 2add112b-4fa9-4909-82d3-3ecd2bba7f9b@group-118658A5B78B-LeaderElection37: begin an election at term 1 for -1: [2add112b-4fa9-4909-82d3-3ecd2bba7f9b:192.168.30.18:35403], old=null
2019-10-01 07:25:46,636 [2add112b-4fa9-4909-82d3-3ecd2bba7f9b@group-118658A5B78B-LeaderElection37] INFO  impl.RoleInfo (RoleInfo.java:shutdownLeaderElection(134)) - 2add112b-4fa9-4909-82d3-3ecd2bba7f9b: shutdown LeaderElection
2019-10-01 07:25:46,636 [2add112b-4fa9-4909-82d3-3ecd2bba7f9b@group-118658A5B78B-LeaderElection37] INFO  impl.RaftServerImpl (RaftServerImpl.java:setRole(170)) - 2add112b-4fa9-4909-82d3-3ecd2bba7f9b@group-118658A5B78B: changes role from CANDIDATE to LEADER at term 1 for changeToLeader
2019-10-01 07:25:46,636 [2add112b-4fa9-4909-82d3-3ecd2bba7f9b@group-118658A5B78B-LeaderElection37] INFO  impl.RaftServerImpl (ServerState.java:setLeader(255)) - 2add112b-4fa9-4909-82d3-3ecd2bba7f9b@group-118658A5B78B: change Leader from null to 2add112b-4fa9-4909-82d3-3ecd2bba7f9b at term 1 for becomeLeader, leader elected after 5131ms
2019-10-01 07:25:46,637 [2add112b-4fa9-4909-82d3-3ecd2bba7f9b@group-118658A5B78B-LeaderElection37] INFO  server.RaftServerConfigKeys (ConfUtils.java:logGet(43)) - raft.server.staging.catchup.gap = 1000 (default)
2019-10-01 07:25:46,637 [2add112b-4fa9-4909-82d3-3ecd2bba7f9b@group-118658A5B78B-LeaderElection37] INFO  server.RaftServerConfigKeys (ConfUtils.java:logGet(43)) - raft.server.rpc.sleep.time = 25ms (default)
2019-10-01 07:25:46,637 [2add112b-4fa9-4909-82d3-3ecd2bba7f9b@group-118658A5B78B-LeaderElection37] INFO  server.RaftServerConfigKeys (ConfUtils.java:logGet(43)) - raft.server.write.element-limit = 4096 (default)
2019-10-01 07:25:46,637 [2add112b-4fa9-4909-82d3-3ecd2bba7f9b@group-118658A5B78B-LeaderElection37] INFO  server.RaftServerConfigKeys (ConfUtils.java:logGet(43)) - raft.server.watch.timeout = 10s (default)
2019-10-01 07:25:46,637 [2add112b-4fa9-4909-82d3-3ecd2bba7f9b@group-118658A5B78B-LeaderElection37] INFO  server.RaftServerConfigKeys (ConfUtils.java:logGet(43)) - raft.server.watch.timeout.denomination = 1s (default)
2019-10-01 07:25:46,637 [2add112b-4fa9-4909-82d3-3ecd2bba7f9b@group-118658A5B78B-LeaderElection37] INFO  server.RaftServerConfigKeys (ConfUtils.java:logGet(43)) - raft.server.watch.element-limit = 65536 (default)
2019-10-01 07:25:46,639 [2add112b-4fa9-4909-82d3-3ecd2bba7f9b@group-118658A5B78B-LeaderElection37] INFO  impl.RoleInfo (RoleInfo.java:updateAndGet(143)) - 2add112b-4fa9-4909-82d3-3ecd2bba7f9b: start LeaderState
2019-10-01 07:25:46,640 [2add112b-4fa9-4909-82d3-3ecd2bba7f9b@group-118658A5B78B-LeaderElection37] INFO  segmented.SegmentedRaftLogWorker (SegmentedRaftLogWorker.java:startLogSegment(385)) - 2add112b-4fa9-4909-82d3-3ecd2bba7f9b@group-118658A5B78B-SegmentedRaftLogWorker: Starting segment from index:0
2019-10-01 07:25:46,640 [2add112b-4fa9-4909-82d3-3ecd2bba7f9b@group-118658A5B78B-LeaderElection37] INFO  impl.RaftServerImpl (ServerState.java:setRaftConf(356)) - 2add112b-4fa9-4909-82d3-3ecd2bba7f9b@group-118658A5B78B: set configuration 0: [2add112b-4fa9-4909-82d3-3ecd2bba7f9b:192.168.30.18:35403], old=null at 0
2019-10-01 07:25:46,659 [Thread-1473] INFO  impl.FollowerState (FollowerState.java:run(108)) - be47bb61-472a-4d67-8e1a-05db22c1f3ae@group-68D55C291AF2-FollowerState: change to CANDIDATE, lastRpcTime:5058ms, electionTimeout:5058ms
2019-10-01 07:25:46,659 [Thread-1473] INFO  impl.RoleInfo (RoleInfo.java:shutdownFollowerState(121)) - be47bb61-472a-4d67-8e1a-05db22c1f3ae: shutdown FollowerState
2019-10-01 07:25:46,659 [Thread-1473] INFO  impl.RaftServerImpl (RaftServerImpl.java:setRole(170)) - be47bb61-472a-4d67-8e1a-05db22c1f3ae@group-68D55C291AF2: changes role from  FOLLOWER to CANDIDATE at term 0 for changeToCandidate
2019-10-01 07:25:46,659 [Thread-1473] INFO  impl.RoleInfo (RoleInfo.java:updateAndGet(143)) - be47bb61-472a-4d67-8e1a-05db22c1f3ae: start LeaderElection
2019-10-01 07:25:46,672 [Thread-1478] INFO  impl.FollowerState (FollowerState.java:run(108)) - 8451d732-4754-49d1-b6bb-2cccf437fad4@group-68D55C291AF2-FollowerState: change to CANDIDATE, lastRpcTime:5063ms, electionTimeout:5054ms
2019-10-01 07:25:46,672 [Thread-1478] INFO  impl.RoleInfo (RoleInfo.java:shutdownFollowerState(121)) - 8451d732-4754-49d1-b6bb-2cccf437fad4: shutdown FollowerState
2019-10-01 07:25:46,672 [Thread-1478] INFO  impl.RaftServerImpl (RaftServerImpl.java:setRole(170)) - 8451d732-4754-49d1-b6bb-2cccf437fad4@group-68D55C291AF2: changes role from  FOLLOWER to CANDIDATE at term 0 for changeToCandidate
2019-10-01 07:25:46,672 [Thread-1478] INFO  impl.RoleInfo (RoleInfo.java:updateAndGet(143)) - 8451d732-4754-49d1-b6bb-2cccf437fad4: start LeaderElection
2019-10-01 07:25:46,695 [2add112b-4fa9-4909-82d3-3ecd2bba7f9b@group-118658A5B78B-SegmentedRaftLogWorker] INFO  segmented.SegmentedRaftLogWorker (SegmentedRaftLogWorker.java:execute(574)) - 2add112b-4fa9-4909-82d3-3ecd2bba7f9b@group-118658A5B78B-SegmentedRaftLogWorker: created new log segment /workdir/hadoop-ozone/integration-test/target/test-dir/MiniOzoneClusterImpl-54948dff-2f48-4783-91d2-2f208bfbfb90/datanode-6/data/ratis/6de0c12f-d2ab-4664-a795-118658a5b78b/current/log_inprogress_0
2019-10-01 07:25:46,695 [8451d732-4754-49d1-b6bb-2cccf437fad4@group-68D55C291AF2-LeaderElection39] INFO  impl.LeaderElection (LeaderElection.java:askForVotes(178)) - 8451d732-4754-49d1-b6bb-2cccf437fad4@group-68D55C291AF2-LeaderElection39: begin an election at term 1 for -1: [a5319893-1770-436a-9567-4b3fd98b83df:192.168.30.18:34489, be47bb61-472a-4d67-8e1a-05db22c1f3ae:192.168.30.18:34478, 8451d732-4754-49d1-b6bb-2cccf437fad4:192.168.30.18:38107], old=null
2019-10-01 07:25:46,695 [be47bb61-472a-4d67-8e1a-05db22c1f3ae@group-68D55C291AF2-LeaderElection38] INFO  impl.LeaderElection (LeaderElection.java:askForVotes(178)) - be47bb61-472a-4d67-8e1a-05db22c1f3ae@group-68D55C291AF2-LeaderElection38: begin an election at term 1 for -1: [a5319893-1770-436a-9567-4b3fd98b83df:192.168.30.18:34489, be47bb61-472a-4d67-8e1a-05db22c1f3ae:192.168.30.18:34478, 8451d732-4754-49d1-b6bb-2cccf437fad4:192.168.30.18:38107], old=null
2019-10-01 07:25:46,711 [grpc-default-executor-0] INFO  impl.RaftServerImpl (RaftServerImpl.java:setRole(170)) - a5319893-1770-436a-9567-4b3fd98b83df@group-68D55C291AF2: changes role from  FOLLOWER to FOLLOWER at term 1 for recognizeCandidate:be47bb61-472a-4d67-8e1a-05db22c1f3ae
2019-10-01 07:25:46,712 [grpc-default-executor-0] INFO  impl.RoleInfo (RoleInfo.java:shutdownFollowerState(121)) - a5319893-1770-436a-9567-4b3fd98b83df: shutdown FollowerState
2019-10-01 07:25:46,712 [grpc-default-executor-0] INFO  impl.RoleInfo (RoleInfo.java:updateAndGet(143)) - a5319893-1770-436a-9567-4b3fd98b83df: start FollowerState
2019-10-01 07:25:46,712 [Thread-1477] INFO  impl.FollowerState (FollowerState.java:run(117)) - a5319893-1770-436a-9567-4b3fd98b83df@group-68D55C291AF2-FollowerState was interrupted: java.lang.InterruptedException: sleep interrupted
2019-10-01 07:25:46,718 [Thread-1487] INFO  impl.FollowerState (FollowerState.java:run(108)) - 2add112b-4fa9-4909-82d3-3ecd2bba7f9b@group-E9F46A04F7A6-FollowerState: change to CANDIDATE, lastRpcTime:5010ms, electionTimeout:5007ms
2019-10-01 07:25:46,718 [Thread-1487] INFO  impl.RoleInfo (RoleInfo.java:shutdownFollowerState(121)) - 2add112b-4fa9-4909-82d3-3ecd2bba7f9b: shutdown FollowerState
2019-10-01 07:25:46,718 [Thread-1487] INFO  impl.RaftServerImpl (RaftServerImpl.java:setRole(170)) - 2add112b-4fa9-4909-82d3-3ecd2bba7f9b@group-E9F46A04F7A6: changes role from  FOLLOWER to CANDIDATE at term 0 for changeToCandidate
2019-10-01 07:25:46,718 [Thread-1487] INFO  impl.RoleInfo (RoleInfo.java:updateAndGet(143)) - 2add112b-4fa9-4909-82d3-3ecd2bba7f9b: start LeaderElection
2019-10-01 07:25:46,745 [2add112b-4fa9-4909-82d3-3ecd2bba7f9b@group-E9F46A04F7A6-LeaderElection40] INFO  impl.LeaderElection (LeaderElection.java:askForVotes(178)) - 2add112b-4fa9-4909-82d3-3ecd2bba7f9b@group-E9F46A04F7A6-LeaderElection40: begin an election at term 1 for -1: [6575efd9-7970-408a-b91b-7d472f892079:192.168.30.18:45041, 2add112b-4fa9-4909-82d3-3ecd2bba7f9b:192.168.30.18:35403, 66155c1e-e6d4-4e53-9279-a1359c59a500:192.168.30.18:33867], old=null
2019-10-01 07:25:46,746 [be47bb61-472a-4d67-8e1a-05db22c1f3ae@group-68D55C291AF2-LeaderElection38] INFO  impl.LeaderElection (LeaderElection.java:logAndReturn(56)) - be47bb61-472a-4d67-8e1a-05db22c1f3ae@group-68D55C291AF2-LeaderElection38: Election PASSED; received 2 response(s) [be47bb61-472a-4d67-8e1a-05db22c1f3ae<-a5319893-1770-436a-9567-4b3fd98b83df#0:OK-t1, be47bb61-472a-4d67-8e1a-05db22c1f3ae<-8451d732-4754-49d1-b6bb-2cccf437fad4#0:FAIL-t1] and 0 exception(s); be47bb61-472a-4d67-8e1a-05db22c1f3ae@group-68D55C291AF2:t1, leader=null, voted=be47bb61-472a-4d67-8e1a-05db22c1f3ae, raftlog=be47bb61-472a-4d67-8e1a-05db22c1f3ae@group-68D55C291AF2-SegmentedRaftLog:OPENED:c-1,f-1,i0, conf=-1: [a5319893-1770-436a-9567-4b3fd98b83df:192.168.30.18:34489, be47bb61-472a-4d67-8e1a-05db22c1f3ae:192.168.30.18:34478, 8451d732-4754-49d1-b6bb-2cccf437fad4:192.168.30.18:38107], old=null
2019-10-01 07:25:46,746 [8451d732-4754-49d1-b6bb-2cccf437fad4@group-68D55C291AF2-LeaderElection39] INFO  impl.LeaderElection (LeaderElection.java:logAndReturn(56)) - 8451d732-4754-49d1-b6bb-2cccf437fad4@group-68D55C291AF2-LeaderElection39: Election REJECTED; received 2 response(s) [8451d732-4754-49d1-b6bb-2cccf437fad4<-be47bb61-472a-4d67-8e1a-05db22c1f3ae#0:FAIL-t1, 8451d732-4754-49d1-b6bb-2cccf437fad4<-a5319893-1770-436a-9567-4b3fd98b83df#0:FAIL-t1] and 0 exception(s); 8451d732-4754-49d1-b6bb-2cccf437fad4@group-68D55C291AF2:t1, leader=null, voted=8451d732-4754-49d1-b6bb-2cccf437fad4, raftlog=8451d732-4754-49d1-b6bb-2cccf437fad4@group-68D55C291AF2-SegmentedRaftLog:OPENED:c-1,f-1,i0, conf=-1: [a5319893-1770-436a-9567-4b3fd98b83df:192.168.30.18:34489, be47bb61-472a-4d67-8e1a-05db22c1f3ae:192.168.30.18:34478, 8451d732-4754-49d1-b6bb-2cccf437fad4:192.168.30.18:38107], old=null
2019-10-01 07:25:46,747 [be47bb61-472a-4d67-8e1a-05db22c1f3ae@group-68D55C291AF2-LeaderElection38] INFO  impl.RoleInfo (RoleInfo.java:shutdownLeaderElection(134)) - be47bb61-472a-4d67-8e1a-05db22c1f3ae: shutdown LeaderElection
2019-10-01 07:25:46,749 [8451d732-4754-49d1-b6bb-2cccf437fad4@group-68D55C291AF2-LeaderElection39] INFO  impl.RaftServerImpl (RaftServerImpl.java:setRole(170)) - 8451d732-4754-49d1-b6bb-2cccf437fad4@group-68D55C291AF2: changes role from CANDIDATE to FOLLOWER at term 1 for DISCOVERED_A_NEW_TERM
2019-10-01 07:25:46,749 [be47bb61-472a-4d67-8e1a-05db22c1f3ae@group-68D55C291AF2-LeaderElection38] INFO  impl.RaftServerImpl (RaftServerImpl.java:setRole(170)) - be47bb61-472a-4d67-8e1a-05db22c1f3ae@group-68D55C291AF2: changes role from CANDIDATE to LEADER at term 1 for changeToLeader
2019-10-01 07:25:46,752 [8451d732-4754-49d1-b6bb-2cccf437fad4@group-68D55C291AF2-LeaderElection39] INFO  impl.RoleInfo (RoleInfo.java:shutdownLeaderElection(134)) - 8451d732-4754-49d1-b6bb-2cccf437fad4: shutdown LeaderElection
2019-10-01 07:25:46,752 [be47bb61-472a-4d67-8e1a-05db22c1f3ae@group-68D55C291AF2-LeaderElection38] INFO  impl.RaftServerImpl (ServerState.java:setLeader(255)) - be47bb61-472a-4d67-8e1a-05db22c1f3ae@group-68D55C291AF2: change Leader from null to be47bb61-472a-4d67-8e1a-05db22c1f3ae at term 1 for becomeLeader, leader elected after 5162ms
2019-10-01 07:25:46,752 [8451d732-4754-49d1-b6bb-2cccf437fad4@group-68D55C291AF2-LeaderElection39] INFO  impl.RoleInfo (RoleInfo.java:updateAndGet(143)) - 8451d732-4754-49d1-b6bb-2cccf437fad4: start FollowerState
2019-10-01 07:25:46,753 [be47bb61-472a-4d67-8e1a-05db22c1f3ae@group-68D55C291AF2-LeaderElection38] INFO  server.RaftServerConfigKeys (ConfUtils.java:logGet(43)) - raft.server.staging.catchup.gap = 1000 (default)
2019-10-01 07:25:46,753 [be47bb61-472a-4d67-8e1a-05db22c1f3ae@group-68D55C291AF2-LeaderElection38] INFO  server.RaftServerConfigKeys (ConfUtils.java:logGet(43)) - raft.server.rpc.sleep.time = 25ms (default)
2019-10-01 07:25:46,753 [be47bb61-472a-4d67-8e1a-05db22c1f3ae@group-68D55C291AF2-LeaderElection38] INFO  server.RaftServerConfigKeys (ConfUtils.java:logGet(43)) - raft.server.write.element-limit = 4096 (default)
2019-10-01 07:25:46,753 [be47bb61-472a-4d67-8e1a-05db22c1f3ae@group-68D55C291AF2-LeaderElection38] INFO  server.RaftServerConfigKeys (ConfUtils.java:logGet(43)) - raft.server.watch.timeout = 10s (default)
2019-10-01 07:25:46,753 [be47bb61-472a-4d67-8e1a-05db22c1f3ae@group-68D55C291AF2-LeaderElection38] INFO  server.RaftServerConfigKeys (ConfUtils.java:logGet(43)) - raft.server.watch.timeout.denomination = 1s (default)
2019-10-01 07:25:46,754 [be47bb61-472a-4d67-8e1a-05db22c1f3ae@group-68D55C291AF2-LeaderElection38] INFO  server.RaftServerConfigKeys (ConfUtils.java:logGet(43)) - raft.server.watch.element-limit = 65536 (default)
2019-10-01 07:25:46,756 [grpc-default-executor-0] INFO  impl.RaftServerImpl (RaftServerImpl.java:setRole(170)) - 6575efd9-7970-408a-b91b-7d472f892079@group-E9F46A04F7A6: changes role from  FOLLOWER to FOLLOWER at term 1 for recognizeCandidate:2add112b-4fa9-4909-82d3-3ecd2bba7f9b
2019-10-01 07:25:46,756 [grpc-default-executor-0] INFO  impl.RoleInfo (RoleInfo.java:shutdownFollowerState(121)) - 6575efd9-7970-408a-b91b-7d472f892079: shutdown FollowerState
2019-10-01 07:25:46,757 [grpc-default-executor-0] INFO  impl.RoleInfo (RoleInfo.java:updateAndGet(143)) - 6575efd9-7970-408a-b91b-7d472f892079: start FollowerState
2019-10-01 07:25:46,757 [Thread-1486] INFO  impl.FollowerState (FollowerState.java:run(117)) - 6575efd9-7970-408a-b91b-7d472f892079@group-E9F46A04F7A6-FollowerState was interrupted: java.lang.InterruptedException: sleep interrupted
2019-10-01 07:25:46,761 [grpc-default-executor-2] INFO  impl.RaftServerImpl (RaftServerImpl.java:setRole(170)) - 66155c1e-e6d4-4e53-9279-a1359c59a500@group-E9F46A04F7A6: changes role from  FOLLOWER to FOLLOWER at term 1 for recognizeCandidate:2add112b-4fa9-4909-82d3-3ecd2bba7f9b
2019-10-01 07:25:46,761 [grpc-default-executor-2] INFO  impl.RoleInfo (RoleInfo.java:shutdownFollowerState(121)) - 66155c1e-e6d4-4e53-9279-a1359c59a500: shutdown FollowerState
2019-10-01 07:25:46,761 [grpc-default-executor-2] INFO  impl.RoleInfo (RoleInfo.java:updateAndGet(143)) - 66155c1e-e6d4-4e53-9279-a1359c59a500: start FollowerState
2019-10-01 07:25:46,761 [Thread-1482] INFO  impl.FollowerState (FollowerState.java:run(117)) - 66155c1e-e6d4-4e53-9279-a1359c59a500@group-E9F46A04F7A6-FollowerState was interrupted: java.lang.InterruptedException: sleep interrupted
2019-10-01 07:25:46,764 [be47bb61-472a-4d67-8e1a-05db22c1f3ae@group-68D55C291AF2-LeaderElection38] INFO  server.RaftServerConfigKeys (ConfUtils.java:logGet(43)) - raft.server.log.appender.snapshot.chunk.size.max = 16MB (=16777216) (default)
2019-10-01 07:25:46,764 [be47bb61-472a-4d67-8e1a-05db22c1f3ae@group-68D55C291AF2-LeaderElection38] INFO  server.RaftServerConfigKeys (ConfUtils.java:logGet(43)) - raft.server.log.appender.buffer.byte-limit = 33554432 (custom)
2019-10-01 07:25:46,764 [be47bb61-472a-4d67-8e1a-05db22c1f3ae@group-68D55C291AF2-LeaderElection38] INFO  server.RaftServerConfigKeys (ConfUtils.java:logGet(43)) - raft.server.log.appender.buffer.element-limit = 1 (custom)
2019-10-01 07:25:46,764 [be47bb61-472a-4d67-8e1a-05db22c1f3ae@group-68D55C291AF2-LeaderElection38] INFO  grpc.GrpcConfigKeys$Server (ConfUtils.java:logGet(43)) - raft.grpc.server.leader.outstanding.appends.max = 128 (default)
2019-10-01 07:25:46,765 [be47bb61-472a-4d67-8e1a-05db22c1f3ae@group-68D55C291AF2-LeaderElection38] INFO  server.RaftServerConfigKeys (ConfUtils.java:logGet(43)) - raft.server.rpc.request.timeout = 3000ms (default)
2019-10-01 07:25:46,765 [be47bb61-472a-4d67-8e1a-05db22c1f3ae@group-68D55C291AF2-LeaderElection38] INFO  server.RaftServerConfigKeys (ConfUtils.java:logGet(43)) - raft.server.log.appender.install.snapshot.enabled = false (custom)
2019-10-01 07:25:46,765 [be47bb61-472a-4d67-8e1a-05db22c1f3ae@group-68D55C291AF2-LeaderElection38] INFO  server.RaftServerConfigKeys (ConfUtils.java:logGet(43)) - raft.server.log.appender.snapshot.chunk.size.max = 16MB (=16777216) (default)
2019-10-01 07:25:46,766 [be47bb61-472a-4d67-8e1a-05db22c1f3ae@group-68D55C291AF2-LeaderElection38] INFO  server.RaftServerConfigKeys (ConfUtils.java:logGet(43)) - raft.server.log.appender.buffer.byte-limit = 33554432 (custom)
2019-10-01 07:25:46,766 [be47bb61-472a-4d67-8e1a-05db22c1f3ae@group-68D55C291AF2-LeaderElection38] INFO  server.RaftServerConfigKeys (ConfUtils.java:logGet(43)) - raft.server.log.appender.buffer.element-limit = 1 (custom)
2019-10-01 07:25:46,766 [be47bb61-472a-4d67-8e1a-05db22c1f3ae@group-68D55C291AF2-LeaderElection38] INFO  grpc.GrpcConfigKeys$Server (ConfUtils.java:logGet(43)) - raft.grpc.server.leader.outstanding.appends.max = 128 (default)
2019-10-01 07:25:46,766 [be47bb61-472a-4d67-8e1a-05db22c1f3ae@group-68D55C291AF2-LeaderElection38] INFO  server.RaftServerConfigKeys (ConfUtils.java:logGet(43)) - raft.server.rpc.request.timeout = 3000ms (default)
2019-10-01 07:25:46,766 [be47bb61-472a-4d67-8e1a-05db22c1f3ae@group-68D55C291AF2-LeaderElection38] INFO  server.RaftServerConfigKeys (ConfUtils.java:logGet(43)) - raft.server.log.appender.install.snapshot.enabled = false (custom)
2019-10-01 07:25:46,767 [be47bb61-472a-4d67-8e1a-05db22c1f3ae@group-68D55C291AF2-LeaderElection38] INFO  impl.RoleInfo (RoleInfo.java:updateAndGet(143)) - be47bb61-472a-4d67-8e1a-05db22c1f3ae: start LeaderState
2019-10-01 07:25:46,767 [be47bb61-472a-4d67-8e1a-05db22c1f3ae@group-68D55C291AF2-LeaderElection38] INFO  segmented.SegmentedRaftLogWorker (SegmentedRaftLogWorker.java:startLogSegment(385)) - be47bb61-472a-4d67-8e1a-05db22c1f3ae@group-68D55C291AF2-SegmentedRaftLogWorker: Starting segment from index:0
2019-10-01 07:25:46,768 [be47bb61-472a-4d67-8e1a-05db22c1f3ae@group-68D55C291AF2-LeaderElection38] INFO  impl.RaftServerImpl (ServerState.java:setRaftConf(356)) - be47bb61-472a-4d67-8e1a-05db22c1f3ae@group-68D55C291AF2: set configuration 0: [a5319893-1770-436a-9567-4b3fd98b83df:192.168.30.18:34489, be47bb61-472a-4d67-8e1a-05db22c1f3ae:192.168.30.18:34478, 8451d732-4754-49d1-b6bb-2cccf437fad4:192.168.30.18:38107], old=null at 0
2019-10-01 07:25:46,770 [grpc-default-executor-4] INFO  impl.RaftServerImpl (ServerState.java:setLeader(255)) - a5319893-1770-436a-9567-4b3fd98b83df@group-68D55C291AF2: change Leader from null to be47bb61-472a-4d67-8e1a-05db22c1f3ae at term 1 for appendEntries, leader elected after 5179ms
2019-10-01 07:25:46,770 [grpc-default-executor-3] INFO  impl.RaftServerImpl (ServerState.java:setLeader(255)) - 8451d732-4754-49d1-b6bb-2cccf437fad4@group-68D55C291AF2: change Leader from null to be47bb61-472a-4d67-8e1a-05db22c1f3ae at term 1 for appendEntries, leader elected after 5179ms
2019-10-01 07:25:46,773 [grpc-default-executor-4] INFO  impl.RaftServerImpl (ServerState.java:setRaftConf(356)) - a5319893-1770-436a-9567-4b3fd98b83df@group-68D55C291AF2: set configuration 0: [a5319893-1770-436a-9567-4b3fd98b83df:192.168.30.18:34489, be47bb61-472a-4d67-8e1a-05db22c1f3ae:192.168.30.18:34478, 8451d732-4754-49d1-b6bb-2cccf437fad4:192.168.30.18:38107], old=null at 0
2019-10-01 07:25:46,773 [grpc-default-executor-4] INFO  segmented.SegmentedRaftLogWorker (SegmentedRaftLogWorker.java:startLogSegment(385)) - a5319893-1770-436a-9567-4b3fd98b83df@group-68D55C291AF2-SegmentedRaftLogWorker: Starting segment from index:0
2019-10-01 07:25:46,773 [grpc-default-executor-3] INFO  impl.RaftServerImpl (ServerState.java:setRaftConf(356)) - 8451d732-4754-49d1-b6bb-2cccf437fad4@group-68D55C291AF2: set configuration 0: [a5319893-1770-436a-9567-4b3fd98b83df:192.168.30.18:34489, be47bb61-472a-4d67-8e1a-05db22c1f3ae:192.168.30.18:34478, 8451d732-4754-49d1-b6bb-2cccf437fad4:192.168.30.18:38107], old=null at 0
2019-10-01 07:25:46,774 [grpc-default-executor-3] INFO  segmented.SegmentedRaftLogWorker (SegmentedRaftLogWorker.java:startLogSegment(385)) - 8451d732-4754-49d1-b6bb-2cccf437fad4@group-68D55C291AF2-SegmentedRaftLogWorker: Starting segment from index:0
2019-10-01 07:25:46,790 [2add112b-4fa9-4909-82d3-3ecd2bba7f9b@group-E9F46A04F7A6-LeaderElection40] INFO  impl.LeaderElection (LeaderElection.java:logAndReturn(56)) - 2add112b-4fa9-4909-82d3-3ecd2bba7f9b@group-E9F46A04F7A6-LeaderElection40: Election PASSED; received 1 response(s) [2add112b-4fa9-4909-82d3-3ecd2bba7f9b<-6575efd9-7970-408a-b91b-7d472f892079#0:OK-t1] and 0 exception(s); 2add112b-4fa9-4909-82d3-3ecd2bba7f9b@group-E9F46A04F7A6:t1, leader=null, voted=2add112b-4fa9-4909-82d3-3ecd2bba7f9b, raftlog=2add112b-4fa9-4909-82d3-3ecd2bba7f9b@group-E9F46A04F7A6-SegmentedRaftLog:OPENED:c-1,f-1,i0, conf=-1: [6575efd9-7970-408a-b91b-7d472f892079:192.168.30.18:45041, 2add112b-4fa9-4909-82d3-3ecd2bba7f9b:192.168.30.18:35403, 66155c1e-e6d4-4e53-9279-a1359c59a500:192.168.30.18:33867], old=null
2019-10-01 07:25:46,790 [2add112b-4fa9-4909-82d3-3ecd2bba7f9b@group-E9F46A04F7A6-LeaderElection40] INFO  impl.RoleInfo (RoleInfo.java:shutdownLeaderElection(134)) - 2add112b-4fa9-4909-82d3-3ecd2bba7f9b: shutdown LeaderElection
2019-10-01 07:25:46,790 [2add112b-4fa9-4909-82d3-3ecd2bba7f9b@group-E9F46A04F7A6-LeaderElection40] INFO  impl.RaftServerImpl (RaftServerImpl.java:setRole(170)) - 2add112b-4fa9-4909-82d3-3ecd2bba7f9b@group-E9F46A04F7A6: changes role from CANDIDATE to LEADER at term 1 for changeToLeader
2019-10-01 07:25:46,790 [2add112b-4fa9-4909-82d3-3ecd2bba7f9b@group-E9F46A04F7A6-LeaderElection40] INFO  impl.RaftServerImpl (ServerState.java:setLeader(255)) - 2add112b-4fa9-4909-82d3-3ecd2bba7f9b@group-E9F46A04F7A6: change Leader from null to 2add112b-4fa9-4909-82d3-3ecd2bba7f9b at term 1 for becomeLeader, leader elected after 5098ms
2019-10-01 07:25:46,790 [2add112b-4fa9-4909-82d3-3ecd2bba7f9b@group-E9F46A04F7A6-LeaderElection40] INFO  server.RaftServerConfigKeys (ConfUtils.java:logGet(43)) - raft.server.staging.catchup.gap = 1000 (default)
2019-10-01 07:25:46,791 [2add112b-4fa9-4909-82d3-3ecd2bba7f9b@group-E9F46A04F7A6-LeaderElection40] INFO  server.RaftServerConfigKeys (ConfUtils.java:logGet(43)) - raft.server.rpc.sleep.time = 25ms (default)
2019-10-01 07:25:46,791 [2add112b-4fa9-4909-82d3-3ecd2bba7f9b@group-E9F46A04F7A6-LeaderElection40] INFO  server.RaftServerConfigKeys (ConfUtils.java:logGet(43)) - raft.server.write.element-limit = 4096 (default)
2019-10-01 07:25:46,791 [2add112b-4fa9-4909-82d3-3ecd2bba7f9b@group-E9F46A04F7A6-LeaderElection40] INFO  server.RaftServerConfigKeys (ConfUtils.java:logGet(43)) - raft.server.watch.timeout = 10s (default)
2019-10-01 07:25:46,791 [2add112b-4fa9-4909-82d3-3ecd2bba7f9b@group-E9F46A04F7A6-LeaderElection40] INFO  server.RaftServerConfigKeys (ConfUtils.java:logGet(43)) - raft.server.watch.timeout.denomination = 1s (default)
2019-10-01 07:25:46,791 [2add112b-4fa9-4909-82d3-3ecd2bba7f9b@group-E9F46A04F7A6-LeaderElection40] INFO  server.RaftServerConfigKeys (ConfUtils.java:logGet(43)) - raft.server.watch.element-limit = 65536 (default)
2019-10-01 07:25:46,794 [2add112b-4fa9-4909-82d3-3ecd2bba7f9b@group-E9F46A04F7A6-LeaderElection40] INFO  server.RaftServerConfigKeys (ConfUtils.java:logGet(43)) - raft.server.log.appender.snapshot.chunk.size.max = 16MB (=16777216) (default)
2019-10-01 07:25:46,794 [2add112b-4fa9-4909-82d3-3ecd2bba7f9b@group-E9F46A04F7A6-LeaderElection40] INFO  server.RaftServerConfigKeys (ConfUtils.java:logGet(43)) - raft.server.log.appender.buffer.byte-limit = 33554432 (custom)
2019-10-01 07:25:46,794 [2add112b-4fa9-4909-82d3-3ecd2bba7f9b@group-E9F46A04F7A6-LeaderElection40] INFO  server.RaftServerConfigKeys (ConfUtils.java:logGet(43)) - raft.server.log.appender.buffer.element-limit = 1 (custom)
2019-10-01 07:25:46,794 [2add112b-4fa9-4909-82d3-3ecd2bba7f9b@group-E9F46A04F7A6-LeaderElection40] INFO  grpc.GrpcConfigKeys$Server (ConfUtils.java:logGet(43)) - raft.grpc.server.leader.outstanding.appends.max = 128 (default)
2019-10-01 07:25:46,795 [2add112b-4fa9-4909-82d3-3ecd2bba7f9b@group-E9F46A04F7A6-LeaderElection40] INFO  server.RaftServerConfigKeys (ConfUtils.java:logGet(43)) - raft.server.rpc.request.timeout = 3000ms (default)
2019-10-01 07:25:46,795 [2add112b-4fa9-4909-82d3-3ecd2bba7f9b@group-E9F46A04F7A6-LeaderElection40] INFO  server.RaftServerConfigKeys (ConfUtils.java:logGet(43)) - raft.server.log.appender.install.snapshot.enabled = false (custom)
2019-10-01 07:25:46,795 [2add112b-4fa9-4909-82d3-3ecd2bba7f9b@group-E9F46A04F7A6-LeaderElection40] INFO  server.RaftServerConfigKeys (ConfUtils.java:logGet(43)) - raft.server.log.appender.snapshot.chunk.size.max = 16MB (=16777216) (default)
2019-10-01 07:25:46,795 [2add112b-4fa9-4909-82d3-3ecd2bba7f9b@group-E9F46A04F7A6-LeaderElection40] INFO  server.RaftServerConfigKeys (ConfUtils.java:logGet(43)) - raft.server.log.appender.buffer.byte-limit = 33554432 (custom)
2019-10-01 07:25:46,795 [2add112b-4fa9-4909-82d3-3ecd2bba7f9b@group-E9F46A04F7A6-LeaderElection40] INFO  server.RaftServerConfigKeys (ConfUtils.java:logGet(43)) - raft.server.log.appender.buffer.element-limit = 1 (custom)
2019-10-01 07:25:46,795 [2add112b-4fa9-4909-82d3-3ecd2bba7f9b@group-E9F46A04F7A6-LeaderElection40] INFO  grpc.GrpcConfigKeys$Server (ConfUtils.java:logGet(43)) - raft.grpc.server.leader.outstanding.appends.max = 128 (default)
2019-10-01 07:25:46,796 [2add112b-4fa9-4909-82d3-3ecd2bba7f9b@group-E9F46A04F7A6-LeaderElection40] INFO  server.RaftServerConfigKeys (ConfUtils.java:logGet(43)) - raft.server.rpc.request.timeout = 3000ms (default)
2019-10-01 07:25:46,796 [2add112b-4fa9-4909-82d3-3ecd2bba7f9b@group-E9F46A04F7A6-LeaderElection40] INFO  server.RaftServerConfigKeys (ConfUtils.java:logGet(43)) - raft.server.log.appender.install.snapshot.enabled = false (custom)
2019-10-01 07:25:46,796 [2add112b-4fa9-4909-82d3-3ecd2bba7f9b@group-E9F46A04F7A6-LeaderElection40] INFO  impl.RoleInfo (RoleInfo.java:updateAndGet(143)) - 2add112b-4fa9-4909-82d3-3ecd2bba7f9b: start LeaderState
2019-10-01 07:25:46,796 [2add112b-4fa9-4909-82d3-3ecd2bba7f9b@group-E9F46A04F7A6-LeaderElection40] INFO  segmented.SegmentedRaftLogWorker (SegmentedRaftLogWorker.java:startLogSegment(385)) - 2add112b-4fa9-4909-82d3-3ecd2bba7f9b@group-E9F46A04F7A6-SegmentedRaftLogWorker: Starting segment from index:0
2019-10-01 07:25:46,797 [2add112b-4fa9-4909-82d3-3ecd2bba7f9b@group-E9F46A04F7A6-LeaderElection40] INFO  impl.RaftServerImpl (ServerState.java:setRaftConf(356)) - 2add112b-4fa9-4909-82d3-3ecd2bba7f9b@group-E9F46A04F7A6: set configuration 0: [6575efd9-7970-408a-b91b-7d472f892079:192.168.30.18:45041, 2add112b-4fa9-4909-82d3-3ecd2bba7f9b:192.168.30.18:35403, 66155c1e-e6d4-4e53-9279-a1359c59a500:192.168.30.18:33867], old=null at 0
2019-10-01 07:25:46,830 [be47bb61-472a-4d67-8e1a-05db22c1f3ae@group-68D55C291AF2-SegmentedRaftLogWorker] INFO  segmented.SegmentedRaftLogWorker (SegmentedRaftLogWorker.java:execute(574)) - be47bb61-472a-4d67-8e1a-05db22c1f3ae@group-68D55C291AF2-SegmentedRaftLogWorker: created new log segment /workdir/hadoop-ozone/integration-test/target/test-dir/MiniOzoneClusterImpl-54948dff-2f48-4783-91d2-2f208bfbfb90/datanode-1/data/ratis/7ddf73fc-c128-479d-ba7c-68d55c291af2/current/log_inprogress_0
2019-10-01 07:25:46,833 [grpc-default-executor-0] INFO  impl.RaftServerImpl (ServerState.java:setLeader(255)) - 6575efd9-7970-408a-b91b-7d472f892079@group-E9F46A04F7A6: change Leader from null to 2add112b-4fa9-4909-82d3-3ecd2bba7f9b at term 1 for appendEntries, leader elected after 5142ms
2019-10-01 07:25:46,834 [grpc-default-executor-2] INFO  impl.RaftServerImpl (ServerState.java:setLeader(255)) - 66155c1e-e6d4-4e53-9279-a1359c59a500@group-E9F46A04F7A6: change Leader from null to 2add112b-4fa9-4909-82d3-3ecd2bba7f9b at term 1 for appendEntries, leader elected after 5141ms
2019-10-01 07:25:46,840 [grpc-default-executor-2] INFO  impl.RaftServerImpl (ServerState.java:setRaftConf(356)) - 6575efd9-7970-408a-b91b-7d472f892079@group-E9F46A04F7A6: set configuration 0: [6575efd9-7970-408a-b91b-7d472f892079:192.168.30.18:45041, 2add112b-4fa9-4909-82d3-3ecd2bba7f9b:192.168.30.18:35403, 66155c1e-e6d4-4e53-9279-a1359c59a500:192.168.30.18:33867], old=null at 0
2019-10-01 07:25:46,840 [grpc-default-executor-0] INFO  impl.RaftServerImpl (ServerState.java:setRaftConf(356)) - 66155c1e-e6d4-4e53-9279-a1359c59a500@group-E9F46A04F7A6: set configuration 0: [6575efd9-7970-408a-b91b-7d472f892079:192.168.30.18:45041, 2add112b-4fa9-4909-82d3-3ecd2bba7f9b:192.168.30.18:35403, 66155c1e-e6d4-4e53-9279-a1359c59a500:192.168.30.18:33867], old=null at 0
2019-10-01 07:25:46,840 [grpc-default-executor-2] INFO  segmented.SegmentedRaftLogWorker (SegmentedRaftLogWorker.java:startLogSegment(385)) - 6575efd9-7970-408a-b91b-7d472f892079@group-E9F46A04F7A6-SegmentedRaftLogWorker: Starting segment from index:0
2019-10-01 07:25:46,840 [grpc-default-executor-0] INFO  segmented.SegmentedRaftLogWorker (SegmentedRaftLogWorker.java:startLogSegment(385)) - 66155c1e-e6d4-4e53-9279-a1359c59a500@group-E9F46A04F7A6-SegmentedRaftLogWorker: Starting segment from index:0
2019-10-01 07:25:46,856 [2add112b-4fa9-4909-82d3-3ecd2bba7f9b@group-E9F46A04F7A6-SegmentedRaftLogWorker] INFO  segmented.SegmentedRaftLogWorker (SegmentedRaftLogWorker.java:execute(574)) - 2add112b-4fa9-4909-82d3-3ecd2bba7f9b@group-E9F46A04F7A6-SegmentedRaftLogWorker: created new log segment /workdir/hadoop-ozone/integration-test/target/test-dir/MiniOzoneClusterImpl-54948dff-2f48-4783-91d2-2f208bfbfb90/datanode-6/data/ratis/8f374527-215a-455f-a221-e9f46a04f7a6/current/log_inprogress_0
2019-10-01 07:25:46,856 [8451d732-4754-49d1-b6bb-2cccf437fad4@group-68D55C291AF2-SegmentedRaftLogWorker] INFO  segmented.SegmentedRaftLogWorker (SegmentedRaftLogWorker.java:execute(574)) - 8451d732-4754-49d1-b6bb-2cccf437fad4@group-68D55C291AF2-SegmentedRaftLogWorker: created new log segment /workdir/hadoop-ozone/integration-test/target/test-dir/MiniOzoneClusterImpl-54948dff-2f48-4783-91d2-2f208bfbfb90/datanode-2/data/ratis/7ddf73fc-c128-479d-ba7c-68d55c291af2/current/log_inprogress_0
2019-10-01 07:25:46,856 [a5319893-1770-436a-9567-4b3fd98b83df@group-68D55C291AF2-SegmentedRaftLogWorker] INFO  segmented.SegmentedRaftLogWorker (SegmentedRaftLogWorker.java:execute(574)) - a5319893-1770-436a-9567-4b3fd98b83df@group-68D55C291AF2-SegmentedRaftLogWorker: created new log segment /workdir/hadoop-ozone/integration-test/target/test-dir/MiniOzoneClusterImpl-54948dff-2f48-4783-91d2-2f208bfbfb90/datanode-0/data/ratis/7ddf73fc-c128-479d-ba7c-68d55c291af2/current/log_inprogress_0
2019-10-01 07:25:46,906 [66155c1e-e6d4-4e53-9279-a1359c59a500@group-E9F46A04F7A6-SegmentedRaftLogWorker] INFO  segmented.SegmentedRaftLogWorker (SegmentedRaftLogWorker.java:execute(574)) - 66155c1e-e6d4-4e53-9279-a1359c59a500@group-E9F46A04F7A6-SegmentedRaftLogWorker: created new log segment /workdir/hadoop-ozone/integration-test/target/test-dir/MiniOzoneClusterImpl-54948dff-2f48-4783-91d2-2f208bfbfb90/datanode-5/data/ratis/8f374527-215a-455f-a221-e9f46a04f7a6/current/log_inprogress_0
2019-10-01 07:25:46,906 [6575efd9-7970-408a-b91b-7d472f892079@group-E9F46A04F7A6-SegmentedRaftLogWorker] INFO  segmented.SegmentedRaftLogWorker (SegmentedRaftLogWorker.java:execute(574)) - 6575efd9-7970-408a-b91b-7d472f892079@group-E9F46A04F7A6-SegmentedRaftLogWorker: created new log segment /workdir/hadoop-ozone/integration-test/target/test-dir/MiniOzoneClusterImpl-54948dff-2f48-4783-91d2-2f208bfbfb90/datanode-4/data/ratis/8f374527-215a-455f-a221-e9f46a04f7a6/current/log_inprogress_0
2019-10-01 07:25:47,131 [Datanode State Machine Thread - 0] INFO  statemachine.DatanodeStateMachine (DatanodeStateMachine.java:lambda$startDaemon$0(350)) - Ozone container server started.
2019-10-01 07:25:52,111 [main] INFO  ozoneimpl.OzoneContainer (OzoneContainer.java:stop(231)) - Attempting to stop container services.
2019-10-01 07:25:52,112 [main] INFO  impl.RaftServerProxy (RaftServerProxy.java:lambda$close$4(314)) - 8451d732-4754-49d1-b6bb-2cccf437fad4: close
2019-10-01 07:25:52,113 [main] INFO  impl.RaftServerImpl (RaftServerImpl.java:lambda$shutdown$3(247)) - 8451d732-4754-49d1-b6bb-2cccf437fad4@group-68D55C291AF2: shutdown
2019-10-01 07:25:52,113 [ForkJoinPool.commonPool-worker-1] INFO  impl.RaftServerImpl (RaftServerImpl.java:lambda$shutdown$3(247)) - 8451d732-4754-49d1-b6bb-2cccf437fad4@group-C44D945B90DB: shutdown
2019-10-01 07:25:52,114 [main] INFO  util.JmxRegister (JmxRegister.java:unregister(73)) - Successfully un-registered JMX Bean with object name Ratis:service=RaftServer,group=group-68D55C291AF2,id=8451d732-4754-49d1-b6bb-2cccf437fad4
2019-10-01 07:25:52,114 [ForkJoinPool.commonPool-worker-1] INFO  util.JmxRegister (JmxRegister.java:unregister(73)) - Successfully un-registered JMX Bean with object name Ratis:service=RaftServer,group=group-C44D945B90DB,id=8451d732-4754-49d1-b6bb-2cccf437fad4
2019-10-01 07:25:52,114 [main] INFO  impl.RoleInfo (RoleInfo.java:shutdownFollowerState(121)) - 8451d732-4754-49d1-b6bb-2cccf437fad4: shutdown FollowerState
2019-10-01 07:25:52,114 [ForkJoinPool.commonPool-worker-1] INFO  impl.RoleInfo (RoleInfo.java:shutdownLeaderState(104)) - 8451d732-4754-49d1-b6bb-2cccf437fad4: shutdown LeaderState
2019-10-01 07:25:52,115 [main] INFO  impl.StateMachineUpdater (StateMachineUpdater.java:stopAndJoin(136)) - 8451d732-4754-49d1-b6bb-2cccf437fad4@group-68D55C291AF2-StateMachineUpdater: set stopIndex = 2
2019-10-01 07:25:52,115 [8451d732-4754-49d1-b6bb-2cccf437fad4@group-68D55C291AF2-StateMachineUpdater] INFO  ratis.ContainerStateMachine (ContainerStateMachine.java:takeSnapshot(289)) - group-68D55C291AF2: Taking a snapshot at:(t:1, i:1) file /workdir/hadoop-ozone/integration-test/target/test-dir/MiniOzoneClusterImpl-54948dff-2f48-4783-91d2-2f208bfbfb90/datanode-2/data/ratis/7ddf73fc-c128-479d-ba7c-68d55c291af2/sm/snapshot.1_1
2019-10-01 07:25:52,115 [ForkJoinPool.commonPool-worker-1] INFO  impl.PendingRequests (PendingRequests.java:sendNotLeaderResponses(202)) - 8451d732-4754-49d1-b6bb-2cccf437fad4@group-C44D945B90DB-PendingRequests: sendNotLeaderResponses
2019-10-01 07:25:52,115 [Thread-1526] INFO  impl.FollowerState (FollowerState.java:run(117)) - 8451d732-4754-49d1-b6bb-2cccf437fad4@group-68D55C291AF2-FollowerState was interrupted: java.lang.InterruptedException: sleep interrupted
2019-10-01 07:25:52,120 [ForkJoinPool.commonPool-worker-1] INFO  impl.StateMachineUpdater (StateMachineUpdater.java:stopAndJoin(136)) - 8451d732-4754-49d1-b6bb-2cccf437fad4@group-C44D945B90DB-StateMachineUpdater: set stopIndex = 0
2019-10-01 07:25:52,121 [ForkJoinPool.commonPool-worker-1] INFO  impl.RaftServerImpl (ServerState.java:close(387)) - 8451d732-4754-49d1-b6bb-2cccf437fad4@group-C44D945B90DB: closes. applyIndex: 0
2019-10-01 07:25:52,121 [8451d732-4754-49d1-b6bb-2cccf437fad4@group-C44D945B90DB-SegmentedRaftLogWorker] INFO  segmented.SegmentedRaftLogWorker (SegmentedRaftLogWorker.java:run(316)) - 8451d732-4754-49d1-b6bb-2cccf437fad4@group-C44D945B90DB-SegmentedRaftLogWorker was interrupted, exiting. There are 0 tasks remaining in the queue.
2019-10-01 07:25:52,124 [ForkJoinPool.commonPool-worker-1] INFO  segmented.SegmentedRaftLogWorker (SegmentedRaftLogWorker.java:close(224)) - 8451d732-4754-49d1-b6bb-2cccf437fad4@group-C44D945B90DB-SegmentedRaftLogWorker close()
2019-10-01 07:25:52,153 [8451d732-4754-49d1-b6bb-2cccf437fad4@group-68D55C291AF2-StateMachineUpdater] INFO  ratis.ContainerStateMachine (ContainerStateMachine.java:takeSnapshot(300)) - group-68D55C291AF2: Finished taking a snapshot at:(t:1, i:1) file:/workdir/hadoop-ozone/integration-test/target/test-dir/MiniOzoneClusterImpl-54948dff-2f48-4783-91d2-2f208bfbfb90/datanode-2/data/ratis/7ddf73fc-c128-479d-ba7c-68d55c291af2/sm/snapshot.1_1 time:38
2019-10-01 07:25:52,154 [8451d732-4754-49d1-b6bb-2cccf437fad4@group-68D55C291AF2-StateMachineUpdater] INFO  impl.StateMachineUpdater (StateMachineUpdater.java:takeSnapshot(269)) - 8451d732-4754-49d1-b6bb-2cccf437fad4@group-68D55C291AF2-StateMachineUpdater: Took a snapshot at index 1
2019-10-01 07:25:52,154 [8451d732-4754-49d1-b6bb-2cccf437fad4@group-68D55C291AF2-StateMachineUpdater] INFO  impl.StateMachineUpdater (StateMachineUpdater.java:lambda$new$0(84)) - 8451d732-4754-49d1-b6bb-2cccf437fad4@group-68D55C291AF2-StateMachineUpdater: snapshotIndex: updateIncreasingly -1 -> 1
2019-10-01 07:25:52,155 [8451d732-4754-49d1-b6bb-2cccf437fad4@group-68D55C291AF2-StateMachineUpdater] INFO  ratis.ContainerStateMachine (ContainerStateMachine.java:takeSnapshot(289)) - group-68D55C291AF2: Taking a snapshot at:(t:1, i:1) file /workdir/hadoop-ozone/integration-test/target/test-dir/MiniOzoneClusterImpl-54948dff-2f48-4783-91d2-2f208bfbfb90/datanode-2/data/ratis/7ddf73fc-c128-479d-ba7c-68d55c291af2/sm/snapshot.1_1
2019-10-01 07:25:52,179 [8451d732-4754-49d1-b6bb-2cccf437fad4@group-68D55C291AF2-StateMachineUpdater] INFO  ratis.ContainerStateMachine (ContainerStateMachine.java:takeSnapshot(300)) - group-68D55C291AF2: Finished taking a snapshot at:(t:1, i:1) file:/workdir/hadoop-ozone/integration-test/target/test-dir/MiniOzoneClusterImpl-54948dff-2f48-4783-91d2-2f208bfbfb90/datanode-2/data/ratis/7ddf73fc-c128-479d-ba7c-68d55c291af2/sm/snapshot.1_1 time:24
2019-10-01 07:25:52,179 [8451d732-4754-49d1-b6bb-2cccf437fad4@group-68D55C291AF2-StateMachineUpdater] INFO  impl.StateMachineUpdater (StateMachineUpdater.java:takeSnapshot(269)) - 8451d732-4754-49d1-b6bb-2cccf437fad4@group-68D55C291AF2-StateMachineUpdater: Took a snapshot at index 1
2019-10-01 07:25:52,179 [8451d732-4754-49d1-b6bb-2cccf437fad4@group-68D55C291AF2-StateMachineUpdater] INFO  impl.StateMachineUpdater (StateMachineUpdater.java:lambda$new$0(84)) - 8451d732-4754-49d1-b6bb-2cccf437fad4@group-68D55C291AF2-StateMachineUpdater: snapshotIndex: updateIncreasingly 1 -> 1
2019-10-01 07:25:52,179 [main] INFO  impl.RaftServerImpl (ServerState.java:close(387)) - 8451d732-4754-49d1-b6bb-2cccf437fad4@group-68D55C291AF2: closes. applyIndex: 2
2019-10-01 07:25:52,180 [8451d732-4754-49d1-b6bb-2cccf437fad4@group-68D55C291AF2-SegmentedRaftLogWorker] INFO  segmented.SegmentedRaftLogWorker (SegmentedRaftLogWorker.java:run(316)) - 8451d732-4754-49d1-b6bb-2cccf437fad4@group-68D55C291AF2-SegmentedRaftLogWorker was interrupted, exiting. There are 0 tasks remaining in the queue.
2019-10-01 07:25:52,183 [main] INFO  segmented.SegmentedRaftLogWorker (SegmentedRaftLogWorker.java:close(224)) - 8451d732-4754-49d1-b6bb-2cccf437fad4@group-68D55C291AF2-SegmentedRaftLogWorker close()
2019-10-01 07:25:52,188 [main] INFO  server.GrpcService (GrpcService.java:closeImpl(164)) - 8451d732-4754-49d1-b6bb-2cccf437fad4: shutdown server with port 38107 now
2019-10-01 07:25:52,190 [grpc-default-executor-0] WARN  server.GrpcServerProtocolService (LogUtils.java:warn(134)) - 8451d732-4754-49d1-b6bb-2cccf437fad4: installSnapshot onError, lastRequest: be47bb61-472a-4d67-8e1a-05db22c1f3ae->8451d732-4754-49d1-b6bb-2cccf437fad4#5-t1, previous=(t:1, i:2), leaderCommit=2, initializing? false, entries: <empty>: org.apache.ratis.thirdparty.io.grpc.StatusRuntimeException: CANCELLED: cancelled before receiving half close
2019-10-01 07:25:52,190 [grpc-default-executor-2] WARN  server.GrpcLogAppender (LogUtils.java:warn(134)) - be47bb61-472a-4d67-8e1a-05db22c1f3ae@group-68D55C291AF2->8451d732-4754-49d1-b6bb-2cccf437fad4-AppendLogResponseHandler: Failed appendEntries: org.apache.ratis.thirdparty.io.grpc.StatusRuntimeException: CANCELLED: HTTP/2 error code: CANCEL
Received Rst Stream
2019-10-01 07:25:52,195 [main] INFO  server.GrpcService (GrpcService.java:closeImpl(172)) - 8451d732-4754-49d1-b6bb-2cccf437fad4: shutdown server with port 38107 successfully
2019-10-01 07:25:52,196 [grpc-default-executor-2] INFO  impl.FollowerInfo (FollowerInfo.java:lambda$new$0(51)) - be47bb61-472a-4d67-8e1a-05db22c1f3ae@group-68D55C291AF2->8451d732-4754-49d1-b6bb-2cccf437fad4: nextIndex: updateUnconditionally 3 -> 2
2019-10-01 07:25:52,200 [refreshUsed-/workdir/hadoop-ozone/integration-test/target/test-dir/MiniOzoneClusterImpl-54948dff-2f48-4783-91d2-2f208bfbfb90/datanode-2/data/containers] WARN  fs.CachingGetSpaceUsed (CachingGetSpaceUsed.java:run(183)) - Thread Interrupted waiting to refresh disk information: sleep interrupted
2019-10-01 07:25:52,219 [main] INFO  utils.BackgroundService (BackgroundService.java:shutdown(148)) - Shutting down service BlockDeletingService
2019-10-01 07:25:52,227 [main] INFO  statemachine.DatanodeStateMachine (DatanodeStateMachine.java:stopDaemon(395)) - Ozone container server stopped.
2019-10-01 07:25:52,229 [main] INFO  handler.ContextHandler (ContextHandler.java:doStop(910)) - Stopped o.e.j.w.WebAppContext@3d88e6b9{/,null,UNAVAILABLE}{/hddsDatanode}
2019-10-01 07:25:52,231 [main] INFO  server.AbstractConnector (AbstractConnector.java:doStop(318)) - Stopped ServerConnector@22bf9122{HTTP/1.1,[http/1.1]}{0.0.0.0:0}
2019-10-01 07:25:52,231 [main] INFO  handler.ContextHandler (ContextHandler.java:doStop(910)) - Stopped o.e.j.s.ServletContextHandler@1e957e2f{/static,jar:file:/home/user/.m2/repository/org/apache/hadoop/hadoop-hdds-container-service/0.5.0-SNAPSHOT/hadoop-hdds-container-service-0.5.0-SNAPSHOT.jar!/webapps/static,UNAVAILABLE}
2019-10-01 07:25:52,232 [main] INFO  handler.ContextHandler (ContextHandler.java:doStop(910)) - Stopped o.e.j.s.ServletContextHandler@5ae1c281{/logs,file:///workdir/hadoop-ozone/integration-test/target/log,UNAVAILABLE}
2019-10-01 07:25:53,134 [Datanode State Machine Thread - 0] INFO  statemachine.DatanodeStateMachine (DatanodeStateMachine.java:lambda$startDaemon$0(350)) - Ozone container server started.
2019-10-01 07:25:54,427 [grpc-default-executor-2] WARN  server.GrpcLogAppender (LogUtils.java:warn(134)) - be47bb61-472a-4d67-8e1a-05db22c1f3ae@group-68D55C291AF2->8451d732-4754-49d1-b6bb-2cccf437fad4-AppendLogResponseHandler: Failed appendEntries: org.apache.ratis.thirdparty.io.grpc.StatusRuntimeException: UNAVAILABLE: io exception
2019-10-01 07:25:54,428 [grpc-default-executor-2] INFO  impl.FollowerInfo (FollowerInfo.java:lambda$new$0(51)) - be47bb61-472a-4d67-8e1a-05db22c1f3ae@group-68D55C291AF2->8451d732-4754-49d1-b6bb-2cccf437fad4: nextIndex: updateUnconditionally 2 -> 1
2019-10-01 07:25:56,936 [grpc-default-executor-3] WARN  server.GrpcLogAppender (LogUtils.java:warn(134)) - be47bb61-472a-4d67-8e1a-05db22c1f3ae@group-68D55C291AF2->8451d732-4754-49d1-b6bb-2cccf437fad4-AppendLogResponseHandler: Failed appendEntries: org.apache.ratis.thirdparty.io.grpc.StatusRuntimeException: UNAVAILABLE: io exception
2019-10-01 07:25:56,937 [grpc-default-executor-3] INFO  impl.FollowerInfo (FollowerInfo.java:lambda$new$0(51)) - be47bb61-472a-4d67-8e1a-05db22c1f3ae@group-68D55C291AF2->8451d732-4754-49d1-b6bb-2cccf437fad4: nextIndex: updateUnconditionally 1 -> 0
2019-10-01 07:25:57,235 [main] INFO  ozoneimpl.OzoneContainer (OzoneContainer.java:stop(231)) - Attempting to stop container services.
2019-10-01 07:25:57,236 [main] INFO  impl.RaftServerProxy (RaftServerProxy.java:lambda$close$4(314)) - a5319893-1770-436a-9567-4b3fd98b83df: close
2019-10-01 07:25:57,237 [main] INFO  impl.RaftServerImpl (RaftServerImpl.java:lambda$shutdown$3(247)) - a5319893-1770-436a-9567-4b3fd98b83df@group-68D55C291AF2: shutdown
2019-10-01 07:25:57,238 [main] INFO  util.JmxRegister (JmxRegister.java:unregister(73)) - Successfully un-registered JMX Bean with object name Ratis:service=RaftServer,group=group-68D55C291AF2,id=a5319893-1770-436a-9567-4b3fd98b83df
2019-10-01 07:25:57,238 [main] INFO  impl.RoleInfo (RoleInfo.java:shutdownFollowerState(121)) - a5319893-1770-436a-9567-4b3fd98b83df: shutdown FollowerState
2019-10-01 07:25:57,238 [main] INFO  impl.StateMachineUpdater (StateMachineUpdater.java:stopAndJoin(136)) - a5319893-1770-436a-9567-4b3fd98b83df@group-68D55C291AF2-StateMachineUpdater: set stopIndex = 2
2019-10-01 07:25:57,239 [a5319893-1770-436a-9567-4b3fd98b83df@group-68D55C291AF2-StateMachineUpdater] INFO  ratis.ContainerStateMachine (ContainerStateMachine.java:takeSnapshot(289)) - group-68D55C291AF2: Taking a snapshot at:(t:1, i:1) file /workdir/hadoop-ozone/integration-test/target/test-dir/MiniOzoneClusterImpl-54948dff-2f48-4783-91d2-2f208bfbfb90/datanode-0/data/ratis/7ddf73fc-c128-479d-ba7c-68d55c291af2/sm/snapshot.1_1
2019-10-01 07:25:57,239 [Thread-1522] INFO  impl.FollowerState (FollowerState.java:run(117)) - a5319893-1770-436a-9567-4b3fd98b83df@group-68D55C291AF2-FollowerState was interrupted: java.lang.InterruptedException: sleep interrupted
2019-10-01 07:25:57,273 [a5319893-1770-436a-9567-4b3fd98b83df@group-68D55C291AF2-StateMachineUpdater] INFO  ratis.ContainerStateMachine (ContainerStateMachine.java:takeSnapshot(300)) - group-68D55C291AF2: Finished taking a snapshot at:(t:1, i:1) file:/workdir/hadoop-ozone/integration-test/target/test-dir/MiniOzoneClusterImpl-54948dff-2f48-4783-91d2-2f208bfbfb90/datanode-0/data/ratis/7ddf73fc-c128-479d-ba7c-68d55c291af2/sm/snapshot.1_1 time:34
2019-10-01 07:25:57,274 [a5319893-1770-436a-9567-4b3fd98b83df@group-68D55C291AF2-StateMachineUpdater] INFO  impl.StateMachineUpdater (StateMachineUpdater.java:takeSnapshot(269)) - a5319893-1770-436a-9567-4b3fd98b83df@group-68D55C291AF2-StateMachineUpdater: Took a snapshot at index 1
2019-10-01 07:25:57,274 [a5319893-1770-436a-9567-4b3fd98b83df@group-68D55C291AF2-StateMachineUpdater] INFO  impl.StateMachineUpdater (StateMachineUpdater.java:lambda$new$0(84)) - a5319893-1770-436a-9567-4b3fd98b83df@group-68D55C291AF2-StateMachineUpdater: snapshotIndex: updateIncreasingly -1 -> 1
2019-10-01 07:25:57,275 [a5319893-1770-436a-9567-4b3fd98b83df@group-68D55C291AF2-StateMachineUpdater] INFO  ratis.ContainerStateMachine (ContainerStateMachine.java:takeSnapshot(289)) - group-68D55C291AF2: Taking a snapshot at:(t:1, i:1) file /workdir/hadoop-ozone/integration-test/target/test-dir/MiniOzoneClusterImpl-54948dff-2f48-4783-91d2-2f208bfbfb90/datanode-0/data/ratis/7ddf73fc-c128-479d-ba7c-68d55c291af2/sm/snapshot.1_1
2019-10-01 07:25:57,297 [a5319893-1770-436a-9567-4b3fd98b83df@group-68D55C291AF2-StateMachineUpdater] INFO  ratis.ContainerStateMachine (ContainerStateMachine.java:takeSnapshot(300)) - group-68D55C291AF2: Finished taking a snapshot at:(t:1, i:1) file:/workdir/hadoop-ozone/integration-test/target/test-dir/MiniOzoneClusterImpl-54948dff-2f48-4783-91d2-2f208bfbfb90/datanode-0/data/ratis/7ddf73fc-c128-479d-ba7c-68d55c291af2/sm/snapshot.1_1 time:22
2019-10-01 07:25:57,298 [a5319893-1770-436a-9567-4b3fd98b83df@group-68D55C291AF2-StateMachineUpdater] INFO  impl.StateMachineUpdater (StateMachineUpdater.java:takeSnapshot(269)) - a5319893-1770-436a-9567-4b3fd98b83df@group-68D55C291AF2-StateMachineUpdater: Took a snapshot at index 1
2019-10-01 07:25:57,298 [a5319893-1770-436a-9567-4b3fd98b83df@group-68D55C291AF2-StateMachineUpdater] INFO  impl.StateMachineUpdater (StateMachineUpdater.java:lambda$new$0(84)) - a5319893-1770-436a-9567-4b3fd98b83df@group-68D55C291AF2-StateMachineUpdater: snapshotIndex: updateIncreasingly 1 -> 1
2019-10-01 07:25:57,298 [main] INFO  impl.RaftServerImpl (ServerState.java:close(387)) - a5319893-1770-436a-9567-4b3fd98b83df@group-68D55C291AF2: closes. applyIndex: 2
2019-10-01 07:25:57,299 [a5319893-1770-436a-9567-4b3fd98b83df@group-68D55C291AF2-SegmentedRaftLogWorker] INFO  segmented.SegmentedRaftLogWorker (SegmentedRaftLogWorker.java:run(316)) - a5319893-1770-436a-9567-4b3fd98b83df@group-68D55C291AF2-SegmentedRaftLogWorker was interrupted, exiting. There are 0 tasks remaining in the queue.
2019-10-01 07:25:57,303 [main] INFO  segmented.SegmentedRaftLogWorker (SegmentedRaftLogWorker.java:close(224)) - a5319893-1770-436a-9567-4b3fd98b83df@group-68D55C291AF2-SegmentedRaftLogWorker close()
2019-10-01 07:25:57,307 [main] INFO  impl.RaftServerImpl (RaftServerImpl.java:lambda$shutdown$3(247)) - a5319893-1770-436a-9567-4b3fd98b83df@group-7786C98B1376: shutdown
2019-10-01 07:25:57,308 [main] INFO  util.JmxRegister (JmxRegister.java:unregister(73)) - Successfully un-registered JMX Bean with object name Ratis:service=RaftServer,group=group-7786C98B1376,id=a5319893-1770-436a-9567-4b3fd98b83df
2019-10-01 07:25:57,308 [main] INFO  impl.RoleInfo (RoleInfo.java:shutdownLeaderState(104)) - a5319893-1770-436a-9567-4b3fd98b83df: shutdown LeaderState
2019-10-01 07:25:57,309 [main] INFO  impl.PendingRequests (PendingRequests.java:sendNotLeaderResponses(202)) - a5319893-1770-436a-9567-4b3fd98b83df@group-7786C98B1376-PendingRequests: sendNotLeaderResponses
2019-10-01 07:25:57,309 [main] INFO  impl.StateMachineUpdater (StateMachineUpdater.java:stopAndJoin(136)) - a5319893-1770-436a-9567-4b3fd98b83df@group-7786C98B1376-StateMachineUpdater: set stopIndex = 0
2019-10-01 07:25:57,310 [main] INFO  impl.RaftServerImpl (ServerState.java:close(387)) - a5319893-1770-436a-9567-4b3fd98b83df@group-7786C98B1376: closes. applyIndex: 0
2019-10-01 07:25:57,310 [a5319893-1770-436a-9567-4b3fd98b83df@group-7786C98B1376-SegmentedRaftLogWorker] INFO  segmented.SegmentedRaftLogWorker (SegmentedRaftLogWorker.java:run(316)) - a5319893-1770-436a-9567-4b3fd98b83df@group-7786C98B1376-SegmentedRaftLogWorker was interrupted, exiting. There are 0 tasks remaining in the queue.
2019-10-01 07:25:57,313 [main] INFO  segmented.SegmentedRaftLogWorker (SegmentedRaftLogWorker.java:close(224)) - a5319893-1770-436a-9567-4b3fd98b83df@group-7786C98B1376-SegmentedRaftLogWorker close()
2019-10-01 07:25:57,318 [main] INFO  server.GrpcService (GrpcService.java:closeImpl(164)) - a5319893-1770-436a-9567-4b3fd98b83df: shutdown server with port 34489 now
2019-10-01 07:25:57,319 [grpc-default-executor-0] WARN  server.GrpcServerProtocolService (LogUtils.java:warn(134)) - a5319893-1770-436a-9567-4b3fd98b83df: installSnapshot onError, lastRequest: be47bb61-472a-4d67-8e1a-05db22c1f3ae->a5319893-1770-436a-9567-4b3fd98b83df#7-t1, previous=(t:1, i:2), leaderCommit=2, initializing? false, entries: <empty>: org.apache.ratis.thirdparty.io.grpc.StatusRuntimeException: CANCELLED: cancelled before receiving half close
2019-10-01 07:25:57,319 [main] INFO  server.GrpcService (GrpcService.java:closeImpl(172)) - a5319893-1770-436a-9567-4b3fd98b83df: shutdown server with port 34489 successfully
2019-10-01 07:25:57,320 [grpc-default-executor-4] WARN  server.GrpcLogAppender (LogUtils.java:warn(134)) - be47bb61-472a-4d67-8e1a-05db22c1f3ae@group-68D55C291AF2->a5319893-1770-436a-9567-4b3fd98b83df-AppendLogResponseHandler: Failed appendEntries: org.apache.ratis.thirdparty.io.grpc.StatusRuntimeException: CANCELLED: HTTP/2 error code: CANCEL
Received Rst Stream
2019-10-01 07:25:57,320 [grpc-default-executor-4] INFO  impl.FollowerInfo (FollowerInfo.java:lambda$new$0(51)) - be47bb61-472a-4d67-8e1a-05db22c1f3ae@group-68D55C291AF2->a5319893-1770-436a-9567-4b3fd98b83df: nextIndex: updateUnconditionally 3 -> 2
2019-10-01 07:25:57,322 [refreshUsed-/workdir/hadoop-ozone/integration-test/target/test-dir/MiniOzoneClusterImpl-54948dff-2f48-4783-91d2-2f208bfbfb90/datanode-0/data/containers] WARN  fs.CachingGetSpaceUsed (CachingGetSpaceUsed.java:run(183)) - Thread Interrupted waiting to refresh disk information: sleep interrupted
2019-10-01 07:25:57,342 [main] INFO  utils.BackgroundService (BackgroundService.java:shutdown(148)) - Shutting down service BlockDeletingService
2019-10-01 07:25:57,350 [main] INFO  statemachine.DatanodeStateMachine (DatanodeStateMachine.java:stopDaemon(395)) - Ozone container server stopped.
2019-10-01 07:25:57,352 [main] INFO  handler.ContextHandler (ContextHandler.java:doStop(910)) - Stopped o.e.j.w.WebAppContext@4dadd690{/,null,UNAVAILABLE}{/hddsDatanode}
2019-10-01 07:25:57,354 [main] INFO  server.AbstractConnector (AbstractConnector.java:doStop(318)) - Stopped ServerConnector@707e4fe4{HTTP/1.1,[http/1.1]}{0.0.0.0:0}
2019-10-01 07:25:57,355 [main] INFO  handler.ContextHandler (ContextHandler.java:doStop(910)) - Stopped o.e.j.s.ServletContextHandler@25c2a9e3{/static,jar:file:/home/user/.m2/repository/org/apache/hadoop/hadoop-hdds-container-service/0.5.0-SNAPSHOT/hadoop-hdds-container-service-0.5.0-SNAPSHOT.jar!/webapps/static,UNAVAILABLE}
2019-10-01 07:25:57,355 [main] INFO  handler.ContextHandler (ContextHandler.java:doStop(910)) - Stopped o.e.j.s.ServletContextHandler@5e26f1ed{/logs,file:///workdir/hadoop-ozone/integration-test/target/log,UNAVAILABLE}
2019-10-01 07:25:59,434 [grpc-default-executor-3] WARN  server.GrpcLogAppender (LogUtils.java:warn(134)) - be47bb61-472a-4d67-8e1a-05db22c1f3ae@group-68D55C291AF2->8451d732-4754-49d1-b6bb-2cccf437fad4-AppendLogResponseHandler: Failed appendEntries: org.apache.ratis.thirdparty.io.grpc.StatusRuntimeException: UNAVAILABLE: io exception
2019-10-01 07:25:59,435 [grpc-default-executor-3] INFO  impl.FollowerInfo (FollowerInfo.java:lambda$new$0(51)) - be47bb61-472a-4d67-8e1a-05db22c1f3ae@group-68D55C291AF2->8451d732-4754-49d1-b6bb-2cccf437fad4: nextIndex: updateUnconditionally 0 -> 0
2019-10-01 07:25:59,436 [grpc-default-executor-0] WARN  server.GrpcLogAppender (LogUtils.java:warn(134)) - be47bb61-472a-4d67-8e1a-05db22c1f3ae@group-68D55C291AF2->a5319893-1770-436a-9567-4b3fd98b83df-AppendLogResponseHandler: Failed appendEntries: org.apache.ratis.thirdparty.io.grpc.StatusRuntimeException: UNAVAILABLE: io exception
2019-10-01 07:25:59,436 [grpc-default-executor-0] INFO  impl.FollowerInfo (FollowerInfo.java:lambda$new$0(51)) - be47bb61-472a-4d67-8e1a-05db22c1f3ae@group-68D55C291AF2->a5319893-1770-436a-9567-4b3fd98b83df: nextIndex: updateUnconditionally 2 -> 1
2019-10-01 07:26:01,938 [grpc-default-executor-4] WARN  server.GrpcLogAppender (LogUtils.java:warn(134)) - be47bb61-472a-4d67-8e1a-05db22c1f3ae@group-68D55C291AF2->a5319893-1770-436a-9567-4b3fd98b83df-AppendLogResponseHandler: Failed appendEntries: org.apache.ratis.thirdparty.io.grpc.StatusRuntimeException: UNAVAILABLE: io exception
2019-10-01 07:26:01,938 [grpc-default-executor-2] WARN  server.GrpcLogAppender (LogUtils.java:warn(134)) - be47bb61-472a-4d67-8e1a-05db22c1f3ae@group-68D55C291AF2->8451d732-4754-49d1-b6bb-2cccf437fad4-AppendLogResponseHandler: Failed appendEntries: org.apache.ratis.thirdparty.io.grpc.StatusRuntimeException: UNAVAILABLE: io exception
2019-10-01 07:26:01,939 [grpc-default-executor-4] INFO  impl.FollowerInfo (FollowerInfo.java:lambda$new$0(51)) - be47bb61-472a-4d67-8e1a-05db22c1f3ae@group-68D55C291AF2->a5319893-1770-436a-9567-4b3fd98b83df: nextIndex: updateUnconditionally 1 -> 0
2019-10-01 07:26:01,939 [grpc-default-executor-2] INFO  impl.FollowerInfo (FollowerInfo.java:lambda$new$0(51)) - be47bb61-472a-4d67-8e1a-05db22c1f3ae@group-68D55C291AF2->8451d732-4754-49d1-b6bb-2cccf437fad4: nextIndex: updateUnconditionally 0 -> 0
2019-10-01 07:26:04,439 [grpc-default-executor-0] WARN  server.GrpcLogAppender (LogUtils.java:warn(134)) - be47bb61-472a-4d67-8e1a-05db22c1f3ae@group-68D55C291AF2->a5319893-1770-436a-9567-4b3fd98b83df-AppendLogResponseHandler: Failed appendEntries: org.apache.ratis.thirdparty.io.grpc.StatusRuntimeException: UNAVAILABLE: io exception
2019-10-01 07:26:04,439 [grpc-default-executor-2] WARN  server.GrpcLogAppender (LogUtils.java:warn(134)) - be47bb61-472a-4d67-8e1a-05db22c1f3ae@group-68D55C291AF2->8451d732-4754-49d1-b6bb-2cccf437fad4-AppendLogResponseHandler: Failed appendEntries: org.apache.ratis.thirdparty.io.grpc.StatusRuntimeException: UNAVAILABLE: io exception
2019-10-01 07:26:04,441 [grpc-default-executor-0] INFO  impl.FollowerInfo (FollowerInfo.java:lambda$new$0(51)) - be47bb61-472a-4d67-8e1a-05db22c1f3ae@group-68D55C291AF2->a5319893-1770-436a-9567-4b3fd98b83df: nextIndex: updateUnconditionally 0 -> 0
2019-10-01 07:26:04,441 [grpc-default-executor-2] INFO  impl.FollowerInfo (FollowerInfo.java:lambda$new$0(51)) - be47bb61-472a-4d67-8e1a-05db22c1f3ae@group-68D55C291AF2->8451d732-4754-49d1-b6bb-2cccf437fad4: nextIndex: updateUnconditionally 0 -> 0
2019-10-01 07:26:06,940 [grpc-default-executor-3] WARN  server.GrpcLogAppender (LogUtils.java:warn(134)) - be47bb61-472a-4d67-8e1a-05db22c1f3ae@group-68D55C291AF2->a5319893-1770-436a-9567-4b3fd98b83df-AppendLogResponseHandler: Failed appendEntries: org.apache.ratis.thirdparty.io.grpc.StatusRuntimeException: UNAVAILABLE: io exception
2019-10-01 07:26:06,940 [grpc-default-executor-4] WARN  server.GrpcLogAppender (LogUtils.java:warn(134)) - be47bb61-472a-4d67-8e1a-05db22c1f3ae@group-68D55C291AF2->8451d732-4754-49d1-b6bb-2cccf437fad4-AppendLogResponseHandler: Failed appendEntries: org.apache.ratis.thirdparty.io.grpc.StatusRuntimeException: UNAVAILABLE: io exception
2019-10-01 07:26:06,940 [grpc-default-executor-3] INFO  impl.FollowerInfo (FollowerInfo.java:lambda$new$0(51)) - be47bb61-472a-4d67-8e1a-05db22c1f3ae@group-68D55C291AF2->a5319893-1770-436a-9567-4b3fd98b83df: nextIndex: updateUnconditionally 0 -> 0
2019-10-01 07:26:06,941 [grpc-default-executor-4] INFO  impl.FollowerInfo (FollowerInfo.java:lambda$new$0(51)) - be47bb61-472a-4d67-8e1a-05db22c1f3ae@group-68D55C291AF2->8451d732-4754-49d1-b6bb-2cccf437fad4: nextIndex: updateUnconditionally 0 -> 0
2019-10-01 07:26:07,565 [Thread-1585] INFO  client.GrpcClientProtocolService (GrpcClientProtocolService.java:lambda$processClientRequest$0(278)) - Failed RaftClientRequest:client-7E46BC217ECE->be47bb61-472a-4d67-8e1a-05db22c1f3ae@group-68D55C291AF2, cid=67, seq=0, Watch-ALL_COMMITTED(31), Message:<EMPTY>, reply=RaftClientReply:client-7E46BC217ECE->be47bb61-472a-4d67-8e1a-05db22c1f3ae@group-68D55C291AF2, cid=67, FAILED org.apache.ratis.protocol.NotReplicatedException: Request with call Id 67 and log index 31 is not yet replicated to ALL_COMMITTED, logIndex=31, commits[be47bb61-472a-4d67-8e1a-05db22c1f3ae:c2, a5319893-1770-436a-9567-4b3fd98b83df:c2, 8451d732-4754-49d1-b6bb-2cccf437fad4:c2]
2019-10-01 07:26:09,441 [grpc-default-executor-0] WARN  server.GrpcLogAppender (LogUtils.java:warn(134)) - be47bb61-472a-4d67-8e1a-05db22c1f3ae@group-68D55C291AF2->a5319893-1770-436a-9567-4b3fd98b83df-AppendLogResponseHandler: Failed appendEntries: org.apache.ratis.thirdparty.io.grpc.StatusRuntimeException: UNAVAILABLE: io exception
2019-10-01 07:26:09,441 [grpc-default-executor-3] WARN  server.GrpcLogAppender (LogUtils.java:warn(134)) - be47bb61-472a-4d67-8e1a-05db22c1f3ae@group-68D55C291AF2->8451d732-4754-49d1-b6bb-2cccf437fad4-AppendLogResponseHandler: Failed appendEntries: org.apache.ratis.thirdparty.io.grpc.StatusRuntimeException: UNAVAILABLE: io exception
2019-10-01 07:26:09,444 [grpc-default-executor-0] INFO  impl.FollowerInfo (FollowerInfo.java:lambda$new$0(51)) - be47bb61-472a-4d67-8e1a-05db22c1f3ae@group-68D55C291AF2->a5319893-1770-436a-9567-4b3fd98b83df: nextIndex: updateUnconditionally 0 -> 0
2019-10-01 07:26:09,445 [grpc-default-executor-3] INFO  impl.FollowerInfo (FollowerInfo.java:lambda$new$0(51)) - be47bb61-472a-4d67-8e1a-05db22c1f3ae@group-68D55C291AF2->8451d732-4754-49d1-b6bb-2cccf437fad4: nextIndex: updateUnconditionally 0 -> 0
2019-10-01 07:26:11,945 [grpc-default-executor-3] WARN  server.GrpcLogAppender (LogUtils.java:warn(134)) - be47bb61-472a-4d67-8e1a-05db22c1f3ae@group-68D55C291AF2->8451d732-4754-49d1-b6bb-2cccf437fad4-AppendLogResponseHandler: Failed appendEntries: org.apache.ratis.thirdparty.io.grpc.StatusRuntimeException: UNAVAILABLE: io exception
2019-10-01 07:26:11,945 [grpc-default-executor-0] WARN  server.GrpcLogAppender (LogUtils.java:warn(134)) - be47bb61-472a-4d67-8e1a-05db22c1f3ae@group-68D55C291AF2->a5319893-1770-436a-9567-4b3fd98b83df-AppendLogResponseHandler: Failed appendEntries: org.apache.ratis.thirdparty.io.grpc.StatusRuntimeException: UNAVAILABLE: io exception
2019-10-01 07:26:11,947 [grpc-default-executor-3] INFO  impl.FollowerInfo (FollowerInfo.java:lambda$new$0(51)) - be47bb61-472a-4d67-8e1a-05db22c1f3ae@group-68D55C291AF2->8451d732-4754-49d1-b6bb-2cccf437fad4: nextIndex: updateUnconditionally 0 -> 0
2019-10-01 07:26:11,947 [grpc-default-executor-0] INFO  impl.FollowerInfo (FollowerInfo.java:lambda$new$0(51)) - be47bb61-472a-4d67-8e1a-05db22c1f3ae@group-68D55C291AF2->a5319893-1770-436a-9567-4b3fd98b83df: nextIndex: updateUnconditionally 0 -> 0
2019-10-01 07:26:14,445 [grpc-default-executor-6] WARN  server.GrpcLogAppender (LogUtils.java:warn(134)) - be47bb61-472a-4d67-8e1a-05db22c1f3ae@group-68D55C291AF2->a5319893-1770-436a-9567-4b3fd98b83df-AppendLogResponseHandler: Failed appendEntries: org.apache.ratis.thirdparty.io.grpc.StatusRuntimeException: UNAVAILABLE: io exception
2019-10-01 07:26:14,445 [grpc-default-executor-7] WARN  server.GrpcLogAppender (LogUtils.java:warn(134)) - be47bb61-472a-4d67-8e1a-05db22c1f3ae@group-68D55C291AF2->8451d732-4754-49d1-b6bb-2cccf437fad4-AppendLogResponseHandler: Failed appendEntries: org.apache.ratis.thirdparty.io.grpc.StatusRuntimeException: UNAVAILABLE: io exception
2019-10-01 07:26:14,445 [grpc-default-executor-6] INFO  impl.FollowerInfo (FollowerInfo.java:lambda$new$0(51)) - be47bb61-472a-4d67-8e1a-05db22c1f3ae@group-68D55C291AF2->a5319893-1770-436a-9567-4b3fd98b83df: nextIndex: updateUnconditionally 0 -> 0
2019-10-01 07:26:14,446 [grpc-default-executor-7] INFO  impl.FollowerInfo (FollowerInfo.java:lambda$new$0(51)) - be47bb61-472a-4d67-8e1a-05db22c1f3ae@group-68D55C291AF2->8451d732-4754-49d1-b6bb-2cccf437fad4: nextIndex: updateUnconditionally 0 -> 0
2019-10-01 07:26:16,946 [grpc-default-executor-7] WARN  server.GrpcLogAppender (LogUtils.java:warn(134)) - be47bb61-472a-4d67-8e1a-05db22c1f3ae@group-68D55C291AF2->8451d732-4754-49d1-b6bb-2cccf437fad4-AppendLogResponseHandler: Failed appendEntries: org.apache.ratis.thirdparty.io.grpc.StatusRuntimeException: UNAVAILABLE: io exception
2019-10-01 07:26:16,946 [grpc-default-executor-6] WARN  server.GrpcLogAppender (LogUtils.java:warn(134)) - be47bb61-472a-4d67-8e1a-05db22c1f3ae@group-68D55C291AF2->a5319893-1770-436a-9567-4b3fd98b83df-AppendLogResponseHandler: Failed appendEntries: org.apache.ratis.thirdparty.io.grpc.StatusRuntimeException: UNAVAILABLE: io exception
2019-10-01 07:26:16,947 [grpc-default-executor-7] INFO  impl.FollowerInfo (FollowerInfo.java:lambda$new$0(51)) - be47bb61-472a-4d67-8e1a-05db22c1f3ae@group-68D55C291AF2->8451d732-4754-49d1-b6bb-2cccf437fad4: nextIndex: updateUnconditionally 0 -> 0
2019-10-01 07:26:16,947 [grpc-default-executor-6] INFO  impl.FollowerInfo (FollowerInfo.java:lambda$new$0(51)) - be47bb61-472a-4d67-8e1a-05db22c1f3ae@group-68D55C291AF2->a5319893-1770-436a-9567-4b3fd98b83df: nextIndex: updateUnconditionally 0 -> 0
2019-10-01 07:26:17,358 [main] WARN  scm.XceiverClientRatis (XceiverClientRatis.java:watchForCommit(292)) - 3 way commit failed on pipeline Pipeline[ Id: 7ddf73fc-c128-479d-ba7c-68d55c291af2, Nodes: 8451d732-4754-49d1-b6bb-2cccf437fad4{ip: 192.168.30.18, host: pr-hdds-1984-bsjj8-3390809720, networkLocation: /default-rack, certSerialId: null}a5319893-1770-436a-9567-4b3fd98b83df{ip: 192.168.30.18, host: pr-hdds-1984-bsjj8-3390809720, networkLocation: /default-rack, certSerialId: null}be47bb61-472a-4d67-8e1a-05db22c1f3ae{ip: 192.168.30.18, host: pr-hdds-1984-bsjj8-3390809720, networkLocation: /default-rack, certSerialId: null}, Type:RATIS, Factor:THREE, State:OPEN]
java.util.concurrent.TimeoutException
	at java.util.concurrent.CompletableFuture.timedGet(CompletableFuture.java:1771)
	at java.util.concurrent.CompletableFuture.get(CompletableFuture.java:1915)
	at org.apache.hadoop.hdds.scm.XceiverClientRatis.watchForCommit(XceiverClientRatis.java:289)
	at org.apache.hadoop.ozone.client.rpc.TestWatchForCommit.testWatchForCommitForRetryfailure(TestWatchForCommit.java:345)
	at sun.reflect.NativeMethodAccessorImpl.invoke0(Native Method)
	at sun.reflect.NativeMethodAccessorImpl.invoke(NativeMethodAccessorImpl.java:62)
	at sun.reflect.DelegatingMethodAccessorImpl.invoke(DelegatingMethodAccessorImpl.java:43)
	at java.lang.reflect.Method.invoke(Method.java:498)
	at org.junit.runners.model.FrameworkMethod$1.runReflectiveCall(FrameworkMethod.java:47)
	at org.junit.internal.runners.model.ReflectiveCallable.run(ReflectiveCallable.java:12)
	at org.junit.runners.model.FrameworkMethod.invokeExplosively(FrameworkMethod.java:44)
	at org.junit.internal.runners.statements.InvokeMethod.evaluate(InvokeMethod.java:17)
	at org.junit.runners.ParentRunner.runLeaf(ParentRunner.java:271)
	at org.junit.runners.BlockJUnit4ClassRunner.runChild(BlockJUnit4ClassRunner.java:70)
	at org.junit.runners.BlockJUnit4ClassRunner.runChild(BlockJUnit4ClassRunner.java:50)
	at org.junit.runners.ParentRunner$3.run(ParentRunner.java:238)
	at org.junit.runners.ParentRunner$1.schedule(ParentRunner.java:63)
	at org.junit.runners.ParentRunner.runChildren(ParentRunner.java:236)
	at org.junit.runners.ParentRunner.access$000(ParentRunner.java:53)
	at org.junit.runners.ParentRunner$2.evaluate(ParentRunner.java:229)
	at org.junit.runners.ParentRunner.run(ParentRunner.java:309)
	at org.apache.maven.surefire.junit4.JUnit4Provider.execute(JUnit4Provider.java:365)
	at org.apache.maven.surefire.junit4.JUnit4Provider.executeWithRerun(JUnit4Provider.java:273)
	at org.apache.maven.surefire.junit4.JUnit4Provider.executeTestSet(JUnit4Provider.java:238)
	at org.apache.maven.surefire.junit4.JUnit4Provider.invoke(JUnit4Provider.java:159)
	at org.apache.maven.surefire.booter.ForkedBooter.invokeProviderInSameClassLoader(ForkedBooter.java:384)
	at org.apache.maven.surefire.booter.ForkedBooter.runSuitesInProcess(ForkedBooter.java:345)
	at org.apache.maven.surefire.booter.ForkedBooter.execute(ForkedBooter.java:126)
	at org.apache.maven.surefire.booter.ForkedBooter.main(ForkedBooter.java:418)
2019-10-01 07:26:18,563 [Thread-1599] INFO  client.GrpcClientProtocolService (GrpcClientProtocolService.java:lambda$processClientRequest$0(278)) - Failed RaftClientRequest:client-7E46BC217ECE->be47bb61-472a-4d67-8e1a-05db22c1f3ae@group-68D55C291AF2, cid=67, seq=0, Watch-ALL_COMMITTED(31), Message:<EMPTY>, reply=RaftClientReply:client-7E46BC217ECE->be47bb61-472a-4d67-8e1a-05db22c1f3ae@group-68D55C291AF2, cid=67, FAILED org.apache.ratis.protocol.NotReplicatedException: Request with call Id 67 and log index 31 is not yet replicated to ALL_COMMITTED, logIndex=31, commits[be47bb61-472a-4d67-8e1a-05db22c1f3ae:c2, a5319893-1770-436a-9567-4b3fd98b83df:c2, 8451d732-4754-49d1-b6bb-2cccf437fad4:c2]
2019-10-01 07:26:19,447 [grpc-default-executor-7] WARN  server.GrpcLogAppender (LogUtils.java:warn(134)) - be47bb61-472a-4d67-8e1a-05db22c1f3ae@group-68D55C291AF2->a5319893-1770-436a-9567-4b3fd98b83df-AppendLogResponseHandler: Failed appendEntries: org.apache.ratis.thirdparty.io.grpc.StatusRuntimeException: UNAVAILABLE: io exception
2019-10-01 07:26:19,447 [grpc-default-executor-4] WARN  server.GrpcLogAppender (LogUtils.java:warn(134)) - be47bb61-472a-4d67-8e1a-05db22c1f3ae@group-68D55C291AF2->8451d732-4754-49d1-b6bb-2cccf437fad4-AppendLogResponseHandler: Failed appendEntries: org.apache.ratis.thirdparty.io.grpc.StatusRuntimeException: UNAVAILABLE: io exception
2019-10-01 07:26:19,453 [grpc-default-executor-7] INFO  impl.FollowerInfo (FollowerInfo.java:lambda$new$0(51)) - be47bb61-472a-4d67-8e1a-05db22c1f3ae@group-68D55C291AF2->a5319893-1770-436a-9567-4b3fd98b83df: nextIndex: updateUnconditionally 0 -> 0
2019-10-01 07:26:19,453 [grpc-default-executor-4] INFO  impl.FollowerInfo (FollowerInfo.java:lambda$new$0(51)) - be47bb61-472a-4d67-8e1a-05db22c1f3ae@group-68D55C291AF2->8451d732-4754-49d1-b6bb-2cccf437fad4: nextIndex: updateUnconditionally 0 -> 0
2019-10-01 07:26:21,952 [grpc-default-executor-4] WARN  server.GrpcLogAppender (LogUtils.java:warn(134)) - be47bb61-472a-4d67-8e1a-05db22c1f3ae@group-68D55C291AF2->a5319893-1770-436a-9567-4b3fd98b83df-AppendLogResponseHandler: Failed appendEntries: org.apache.ratis.thirdparty.io.grpc.StatusRuntimeException: UNAVAILABLE: io exception
2019-10-01 07:26:21,952 [grpc-default-executor-7] WARN  server.GrpcLogAppender (LogUtils.java:warn(134)) - be47bb61-472a-4d67-8e1a-05db22c1f3ae@group-68D55C291AF2->8451d732-4754-49d1-b6bb-2cccf437fad4-AppendLogResponseHandler: Failed appendEntries: org.apache.ratis.thirdparty.io.grpc.StatusRuntimeException: UNAVAILABLE: io exception
2019-10-01 07:26:21,953 [grpc-default-executor-4] INFO  impl.FollowerInfo (FollowerInfo.java:lambda$new$0(51)) - be47bb61-472a-4d67-8e1a-05db22c1f3ae@group-68D55C291AF2->a5319893-1770-436a-9567-4b3fd98b83df: nextIndex: updateUnconditionally 0 -> 0
2019-10-01 07:26:21,953 [grpc-default-executor-7] INFO  impl.FollowerInfo (FollowerInfo.java:lambda$new$0(51)) - be47bb61-472a-4d67-8e1a-05db22c1f3ae@group-68D55C291AF2->8451d732-4754-49d1-b6bb-2cccf437fad4: nextIndex: updateUnconditionally 0 -> 0
2019-10-01 07:26:24,454 [grpc-default-executor-4] WARN  server.GrpcLogAppender (LogUtils.java:warn(134)) - be47bb61-472a-4d67-8e1a-05db22c1f3ae@group-68D55C291AF2->a5319893-1770-436a-9567-4b3fd98b83df-AppendLogResponseHandler: Failed appendEntries: org.apache.ratis.thirdparty.io.grpc.StatusRuntimeException: UNAVAILABLE: io exception
2019-10-01 07:26:24,454 [grpc-default-executor-7] WARN  server.GrpcLogAppender (LogUtils.java:warn(134)) - be47bb61-472a-4d67-8e1a-05db22c1f3ae@group-68D55C291AF2->8451d732-4754-49d1-b6bb-2cccf437fad4-AppendLogResponseHandler: Failed appendEntries: org.apache.ratis.thirdparty.io.grpc.StatusRuntimeException: UNAVAILABLE: io exception
2019-10-01 07:26:24,455 [grpc-default-executor-4] INFO  impl.FollowerInfo (FollowerInfo.java:lambda$new$0(51)) - be47bb61-472a-4d67-8e1a-05db22c1f3ae@group-68D55C291AF2->a5319893-1770-436a-9567-4b3fd98b83df: nextIndex: updateUnconditionally 0 -> 0
2019-10-01 07:26:24,455 [grpc-default-executor-7] INFO  impl.FollowerInfo (FollowerInfo.java:lambda$new$0(51)) - be47bb61-472a-4d67-8e1a-05db22c1f3ae@group-68D55C291AF2->8451d732-4754-49d1-b6bb-2cccf437fad4: nextIndex: updateUnconditionally 0 -> 0
2019-10-01 07:26:26,954 [grpc-default-executor-7] WARN  server.GrpcLogAppender (LogUtils.java:warn(134)) - be47bb61-472a-4d67-8e1a-05db22c1f3ae@group-68D55C291AF2->8451d732-4754-49d1-b6bb-2cccf437fad4-AppendLogResponseHandler: Failed appendEntries: org.apache.ratis.thirdparty.io.grpc.StatusRuntimeException: UNAVAILABLE: io exception
2019-10-01 07:26:26,955 [grpc-default-executor-2] WARN  server.GrpcLogAppender (LogUtils.java:warn(134)) - be47bb61-472a-4d67-8e1a-05db22c1f3ae@group-68D55C291AF2->a5319893-1770-436a-9567-4b3fd98b83df-AppendLogResponseHandler: Failed appendEntries: org.apache.ratis.thirdparty.io.grpc.StatusRuntimeException: UNAVAILABLE: io exception
2019-10-01 07:26:26,955 [grpc-default-executor-7] INFO  impl.FollowerInfo (FollowerInfo.java:lambda$new$0(51)) - be47bb61-472a-4d67-8e1a-05db22c1f3ae@group-68D55C291AF2->8451d732-4754-49d1-b6bb-2cccf437fad4: nextIndex: updateUnconditionally 0 -> 0
2019-10-01 07:26:26,955 [grpc-default-executor-2] INFO  impl.FollowerInfo (FollowerInfo.java:lambda$new$0(51)) - be47bb61-472a-4d67-8e1a-05db22c1f3ae@group-68D55C291AF2->a5319893-1770-436a-9567-4b3fd98b83df: nextIndex: updateUnconditionally 0 -> 0
2019-10-01 07:26:27,563 [Thread-1616] INFO  client.GrpcClientProtocolService (GrpcClientProtocolService.java:lambda$processClientRequest$0(278)) - Failed RaftClientRequest:client-7E46BC217ECE->be47bb61-472a-4d67-8e1a-05db22c1f3ae@group-68D55C291AF2, cid=67, seq=0, Watch-ALL_COMMITTED(31), Message:<EMPTY>, reply=RaftClientReply:client-7E46BC217ECE->be47bb61-472a-4d67-8e1a-05db22c1f3ae@group-68D55C291AF2, cid=67, FAILED org.apache.ratis.protocol.NotReplicatedException: Request with call Id 67 and log index 31 is not yet replicated to ALL_COMMITTED, logIndex=31, commits[be47bb61-472a-4d67-8e1a-05db22c1f3ae:c2, a5319893-1770-436a-9567-4b3fd98b83df:c2, 8451d732-4754-49d1-b6bb-2cccf437fad4:c2]
2019-10-01 07:26:28,564 [Thread-1618] INFO  client.GrpcClientProtocolService (GrpcClientProtocolService.java:lambda$processClientRequest$0(278)) - Failed RaftClientRequest:client-7E46BC217ECE->be47bb61-472a-4d67-8e1a-05db22c1f3ae@group-68D55C291AF2, cid=68, seq=0, Watch-MAJORITY_COMMITTED(31), Message:<EMPTY>, reply=RaftClientReply:client-7E46BC217ECE->be47bb61-472a-4d67-8e1a-05db22c1f3ae@group-68D55C291AF2, cid=68, FAILED org.apache.ratis.protocol.NotReplicatedException: Request with call Id 68 and log index 31 is not yet replicated to MAJORITY_COMMITTED, logIndex=31, commits[be47bb61-472a-4d67-8e1a-05db22c1f3ae:c2, a5319893-1770-436a-9567-4b3fd98b83df:c2, 8451d732-4754-49d1-b6bb-2cccf437fad4:c2]
2019-10-01 07:26:29,457 [grpc-default-executor-7] WARN  server.GrpcLogAppender (LogUtils.java:warn(134)) - be47bb61-472a-4d67-8e1a-05db22c1f3ae@group-68D55C291AF2->a5319893-1770-436a-9567-4b3fd98b83df-AppendLogResponseHandler: Failed appendEntries: org.apache.ratis.thirdparty.io.grpc.StatusRuntimeException: UNAVAILABLE: io exception
2019-10-01 07:26:29,457 [grpc-default-executor-2] WARN  server.GrpcLogAppender (LogUtils.java:warn(134)) - be47bb61-472a-4d67-8e1a-05db22c1f3ae@group-68D55C291AF2->8451d732-4754-49d1-b6bb-2cccf437fad4-AppendLogResponseHandler: Failed appendEntries: org.apache.ratis.thirdparty.io.grpc.StatusRuntimeException: UNAVAILABLE: io exception
2019-10-01 07:26:29,464 [grpc-default-executor-7] INFO  impl.FollowerInfo (FollowerInfo.java:lambda$new$0(51)) - be47bb61-472a-4d67-8e1a-05db22c1f3ae@group-68D55C291AF2->a5319893-1770-436a-9567-4b3fd98b83df: nextIndex: updateUnconditionally 0 -> 0
2019-10-01 07:26:29,464 [grpc-default-executor-2] INFO  impl.FollowerInfo (FollowerInfo.java:lambda$new$0(51)) - be47bb61-472a-4d67-8e1a-05db22c1f3ae@group-68D55C291AF2->8451d732-4754-49d1-b6bb-2cccf437fad4: nextIndex: updateUnconditionally 0 -> 0
2019-10-01 07:26:31,961 [grpc-default-executor-2] WARN  server.GrpcLogAppender (LogUtils.java:warn(134)) - be47bb61-472a-4d67-8e1a-05db22c1f3ae@group-68D55C291AF2->a5319893-1770-436a-9567-4b3fd98b83df-AppendLogResponseHandler: Failed appendEntries: org.apache.ratis.thirdparty.io.grpc.StatusRuntimeException: UNAVAILABLE: io exception
2019-10-01 07:26:31,961 [grpc-default-executor-7] WARN  server.GrpcLogAppender (LogUtils.java:warn(134)) - be47bb61-472a-4d67-8e1a-05db22c1f3ae@group-68D55C291AF2->8451d732-4754-49d1-b6bb-2cccf437fad4-AppendLogResponseHandler: Failed appendEntries: org.apache.ratis.thirdparty.io.grpc.StatusRuntimeException: UNAVAILABLE: io exception
2019-10-01 07:26:31,962 [grpc-default-executor-2] INFO  impl.FollowerInfo (FollowerInfo.java:lambda$new$0(51)) - be47bb61-472a-4d67-8e1a-05db22c1f3ae@group-68D55C291AF2->a5319893-1770-436a-9567-4b3fd98b83df: nextIndex: updateUnconditionally 0 -> 0
2019-10-01 07:26:31,963 [grpc-default-executor-7] INFO  impl.FollowerInfo (FollowerInfo.java:lambda$new$0(51)) - be47bb61-472a-4d67-8e1a-05db22c1f3ae@group-68D55C291AF2->8451d732-4754-49d1-b6bb-2cccf437fad4: nextIndex: updateUnconditionally 0 -> 0
2019-10-01 07:26:34,467 [grpc-default-executor-7] WARN  server.GrpcLogAppender (LogUtils.java:warn(134)) - be47bb61-472a-4d67-8e1a-05db22c1f3ae@group-68D55C291AF2->a5319893-1770-436a-9567-4b3fd98b83df-AppendLogResponseHandler: Failed appendEntries: org.apache.ratis.thirdparty.io.grpc.StatusRuntimeException: UNAVAILABLE: io exception
2019-10-01 07:26:34,467 [grpc-default-executor-2] WARN  server.GrpcLogAppender (LogUtils.java:warn(134)) - be47bb61-472a-4d67-8e1a-05db22c1f3ae@group-68D55C291AF2->8451d732-4754-49d1-b6bb-2cccf437fad4-AppendLogResponseHandler: Failed appendEntries: org.apache.ratis.thirdparty.io.grpc.StatusRuntimeException: UNAVAILABLE: io exception
2019-10-01 07:26:34,468 [grpc-default-executor-7] INFO  impl.FollowerInfo (FollowerInfo.java:lambda$new$0(51)) - be47bb61-472a-4d67-8e1a-05db22c1f3ae@group-68D55C291AF2->a5319893-1770-436a-9567-4b3fd98b83df: nextIndex: updateUnconditionally 0 -> 0
2019-10-01 07:26:34,468 [grpc-default-executor-2] INFO  impl.FollowerInfo (FollowerInfo.java:lambda$new$0(51)) - be47bb61-472a-4d67-8e1a-05db22c1f3ae@group-68D55C291AF2->8451d732-4754-49d1-b6bb-2cccf437fad4: nextIndex: updateUnconditionally 0 -> 0
2019-10-01 07:26:36,967 [grpc-default-executor-4] WARN  server.GrpcLogAppender (LogUtils.java:warn(134)) - be47bb61-472a-4d67-8e1a-05db22c1f3ae@group-68D55C291AF2->a5319893-1770-436a-9567-4b3fd98b83df-AppendLogResponseHandler: Failed appendEntries: org.apache.ratis.thirdparty.io.grpc.StatusRuntimeException: UNAVAILABLE: io exception
2019-10-01 07:26:36,967 [grpc-default-executor-2] WARN  server.GrpcLogAppender (LogUtils.java:warn(134)) - be47bb61-472a-4d67-8e1a-05db22c1f3ae@group-68D55C291AF2->8451d732-4754-49d1-b6bb-2cccf437fad4-AppendLogResponseHandler: Failed appendEntries: org.apache.ratis.thirdparty.io.grpc.StatusRuntimeException: UNAVAILABLE: io exception
2019-10-01 07:26:36,967 [grpc-default-executor-4] INFO  impl.FollowerInfo (FollowerInfo.java:lambda$new$0(51)) - be47bb61-472a-4d67-8e1a-05db22c1f3ae@group-68D55C291AF2->a5319893-1770-436a-9567-4b3fd98b83df: nextIndex: updateUnconditionally 0 -> 0
2019-10-01 07:26:36,968 [grpc-default-executor-2] INFO  impl.FollowerInfo (FollowerInfo.java:lambda$new$0(51)) - be47bb61-472a-4d67-8e1a-05db22c1f3ae@group-68D55C291AF2->8451d732-4754-49d1-b6bb-2cccf437fad4: nextIndex: updateUnconditionally 0 -> 0
]]></system-out>
    <system-err><![CDATA[Oct 01, 2019 7:25:52 AM org.apache.ratis.thirdparty.io.grpc.internal.SerializingExecutor run
SEVERE: Exception while executing runnable org.apache.ratis.thirdparty.io.grpc.internal.ServerImpl$JumpToApplicationThreadServerStreamListener$1Closed@e231cce
org.apache.ratis.thirdparty.io.grpc.StatusRuntimeException: CANCELLED: call already cancelled
	at org.apache.ratis.thirdparty.io.grpc.Status.asRuntimeException(Status.java:517)
	at org.apache.ratis.thirdparty.io.grpc.stub.ServerCalls$ServerCallStreamObserverImpl.onCompleted(ServerCalls.java:356)
	at org.apache.ratis.grpc.server.GrpcServerProtocolService$ServerRequestStreamObserver.onError(GrpcServerProtocolService.java:121)
	at org.apache.ratis.thirdparty.io.grpc.stub.ServerCalls$StreamingServerCallHandler$StreamingServerCallListener.onCancel(ServerCalls.java:269)
	at org.apache.ratis.thirdparty.io.grpc.internal.ServerCallImpl$ServerStreamListenerImpl.closed(ServerCallImpl.java:293)
	at org.apache.ratis.thirdparty.io.grpc.internal.ServerImpl$JumpToApplicationThreadServerStreamListener$1Closed.runInContext(ServerImpl.java:741)
	at org.apache.ratis.thirdparty.io.grpc.internal.ContextRunnable.run(ContextRunnable.java:37)
	at org.apache.ratis.thirdparty.io.grpc.internal.SerializingExecutor.run(SerializingExecutor.java:123)
	at java.util.concurrent.ThreadPoolExecutor.runWorker(ThreadPoolExecutor.java:1149)
	at java.util.concurrent.ThreadPoolExecutor$Worker.run(ThreadPoolExecutor.java:624)
	at java.lang.Thread.run(Thread.java:748)

Oct 01, 2019 7:25:57 AM org.apache.ratis.thirdparty.io.grpc.internal.SerializingExecutor run
SEVERE: Exception while executing runnable org.apache.ratis.thirdparty.io.grpc.internal.ServerImpl$JumpToApplicationThreadServerStreamListener$1Closed@6f10606c
org.apache.ratis.thirdparty.io.grpc.StatusRuntimeException: CANCELLED: call already cancelled
	at org.apache.ratis.thirdparty.io.grpc.Status.asRuntimeException(Status.java:517)
	at org.apache.ratis.thirdparty.io.grpc.stub.ServerCalls$ServerCallStreamObserverImpl.onCompleted(ServerCalls.java:356)
	at org.apache.ratis.grpc.server.GrpcServerProtocolService$ServerRequestStreamObserver.onError(GrpcServerProtocolService.java:121)
	at org.apache.ratis.thirdparty.io.grpc.stub.ServerCalls$StreamingServerCallHandler$StreamingServerCallListener.onCancel(ServerCalls.java:269)
	at org.apache.ratis.thirdparty.io.grpc.internal.ServerCallImpl$ServerStreamListenerImpl.closed(ServerCallImpl.java:293)
	at org.apache.ratis.thirdparty.io.grpc.internal.ServerImpl$JumpToApplicationThreadServerStreamListener$1Closed.runInContext(ServerImpl.java:741)
	at org.apache.ratis.thirdparty.io.grpc.internal.ContextRunnable.run(ContextRunnable.java:37)
	at org.apache.ratis.thirdparty.io.grpc.internal.SerializingExecutor.run(SerializingExecutor.java:123)
	at java.util.concurrent.ThreadPoolExecutor.runWorker(ThreadPoolExecutor.java:1149)
	at java.util.concurrent.ThreadPoolExecutor$Worker.run(ThreadPoolExecutor.java:624)
	at java.lang.Thread.run(Thread.java:748)

]]></system-err>
  </testcase>
  <testcase name="testWatchForCommitForGroupMismatchException" classname="org.apache.hadoop.ozone.client.rpc.TestWatchForCommit" time="33.628"/>
  <testcase name="test2WayCommitForTimeoutException" classname="org.apache.hadoop.ozone.client.rpc.TestWatchForCommit" time="28.017">
    <error message="org.apache.ratis.protocol.RaftRetryFailureException: Failed RaftClientRequest:client-881EEEE17292-&gt;f8cd3b89-0801-4612-90b3-c9aed41ad343@group-053AE1F52D2F, cid=102, seq=2*, RW, org.apache.hadoop.hdds.scm.XceiverClientRatis$$Lambda$447/2099541600@4b6cc01b for 20 attempts with RetryLimited(maxAttempts=20, sleepTime=1000ms)" type="java.util.concurrent.ExecutionException">java.util.concurrent.ExecutionException: org.apache.ratis.protocol.RaftRetryFailureException: Failed RaftClientRequest:client-881EEEE17292->f8cd3b89-0801-4612-90b3-c9aed41ad343@group-053AE1F52D2F, cid=102, seq=2*, RW, org.apache.hadoop.hdds.scm.XceiverClientRatis$$Lambda$447/2099541600@4b6cc01b for 20 attempts with RetryLimited(maxAttempts=20, sleepTime=1000ms)
	at java.util.concurrent.CompletableFuture.reportGet(CompletableFuture.java:357)
	at java.util.concurrent.CompletableFuture.get(CompletableFuture.java:1895)
	at org.apache.hadoop.ozone.client.rpc.TestWatchForCommit.test2WayCommitForTimeoutException(TestWatchForCommit.java:390)
	at sun.reflect.NativeMethodAccessorImpl.invoke0(Native Method)
	at sun.reflect.NativeMethodAccessorImpl.invoke(NativeMethodAccessorImpl.java:62)
	at sun.reflect.DelegatingMethodAccessorImpl.invoke(DelegatingMethodAccessorImpl.java:43)
	at java.lang.reflect.Method.invoke(Method.java:498)
	at org.junit.runners.model.FrameworkMethod$1.runReflectiveCall(FrameworkMethod.java:47)
	at org.junit.internal.runners.model.ReflectiveCallable.run(ReflectiveCallable.java:12)
	at org.junit.runners.model.FrameworkMethod.invokeExplosively(FrameworkMethod.java:44)
	at org.junit.internal.runners.statements.InvokeMethod.evaluate(InvokeMethod.java:17)
	at org.junit.runners.ParentRunner.runLeaf(ParentRunner.java:271)
	at org.junit.runners.BlockJUnit4ClassRunner.runChild(BlockJUnit4ClassRunner.java:70)
	at org.junit.runners.BlockJUnit4ClassRunner.runChild(BlockJUnit4ClassRunner.java:50)
	at org.junit.runners.ParentRunner$3.run(ParentRunner.java:238)
	at org.junit.runners.ParentRunner$1.schedule(ParentRunner.java:63)
	at org.junit.runners.ParentRunner.runChildren(ParentRunner.java:236)
	at org.junit.runners.ParentRunner.access$000(ParentRunner.java:53)
	at org.junit.runners.ParentRunner$2.evaluate(ParentRunner.java:229)
	at org.junit.runners.ParentRunner.run(ParentRunner.java:309)
	at org.apache.maven.surefire.junit4.JUnit4Provider.execute(JUnit4Provider.java:365)
	at org.apache.maven.surefire.junit4.JUnit4Provider.executeWithRerun(JUnit4Provider.java:273)
	at org.apache.maven.surefire.junit4.JUnit4Provider.executeTestSet(JUnit4Provider.java:238)
	at org.apache.maven.surefire.junit4.JUnit4Provider.invoke(JUnit4Provider.java:159)
	at org.apache.maven.surefire.booter.ForkedBooter.invokeProviderInSameClassLoader(ForkedBooter.java:384)
	at org.apache.maven.surefire.booter.ForkedBooter.runSuitesInProcess(ForkedBooter.java:345)
	at org.apache.maven.surefire.booter.ForkedBooter.execute(ForkedBooter.java:126)
	at org.apache.maven.surefire.booter.ForkedBooter.main(ForkedBooter.java:418)
Caused by: org.apache.ratis.protocol.RaftRetryFailureException: Failed RaftClientRequest:client-881EEEE17292->f8cd3b89-0801-4612-90b3-c9aed41ad343@group-053AE1F52D2F, cid=102, seq=2*, RW, org.apache.hadoop.hdds.scm.XceiverClientRatis$$Lambda$447/2099541600@4b6cc01b for 20 attempts with RetryLimited(maxAttempts=20, sleepTime=1000ms)
	at org.apache.ratis.client.impl.RaftClientImpl.noMoreRetries(RaftClientImpl.java:271)
	at org.apache.ratis.client.impl.OrderedAsync.handleAsyncRetryFailure(OrderedAsync.java:138)
	at org.apache.ratis.client.impl.OrderedAsync.lambda$sendRequest$10(OrderedAsync.java:230)
	at java.util.concurrent.CompletableFuture.uniExceptionally(CompletableFuture.java:870)
	at java.util.concurrent.CompletableFuture$UniExceptionally.tryFire(CompletableFuture.java:852)
	at java.util.concurrent.CompletableFuture.postComplete(CompletableFuture.java:474)
	at java.util.concurrent.CompletableFuture.completeExceptionally(CompletableFuture.java:1977)
	at org.apache.ratis.grpc.client.GrpcClientProtocolClient$AsyncStreamObservers.completeReplyExceptionally(GrpcClientProtocolClient.java:345)
	at org.apache.ratis.grpc.client.GrpcClientProtocolClient$AsyncStreamObservers.access$000(GrpcClientProtocolClient.java:261)
	at org.apache.ratis.grpc.client.GrpcClientProtocolClient$AsyncStreamObservers$1.onNext(GrpcClientProtocolClient.java:273)
	at org.apache.ratis.grpc.client.GrpcClientProtocolClient$AsyncStreamObservers$1.onNext(GrpcClientProtocolClient.java:264)
	at org.apache.ratis.thirdparty.io.grpc.stub.ClientCalls$StreamObserverToCallListenerAdapter.onMessage(ClientCalls.java:421)
	at org.apache.ratis.thirdparty.io.grpc.ForwardingClientCallListener.onMessage(ForwardingClientCallListener.java:33)
	at org.apache.ratis.thirdparty.io.grpc.ForwardingClientCallListener.onMessage(ForwardingClientCallListener.java:33)
	at org.apache.ratis.thirdparty.io.grpc.internal.ClientCallImpl$ClientStreamListenerImpl$1MessagesAvailable.runInContext(ClientCallImpl.java:519)
	at org.apache.ratis.thirdparty.io.grpc.internal.ContextRunnable.run(ContextRunnable.java:37)
	at org.apache.ratis.thirdparty.io.grpc.internal.SerializingExecutor.run(SerializingExecutor.java:123)
	at java.util.concurrent.ThreadPoolExecutor.runWorker(ThreadPoolExecutor.java:1149)
	at java.util.concurrent.ThreadPoolExecutor$Worker.run(ThreadPoolExecutor.java:624)
	at java.lang.Thread.run(Thread.java:748)
Caused by: org.apache.ratis.protocol.NotLeaderException: Server f8cd3b89-0801-4612-90b3-c9aed41ad343@group-053AE1F52D2F is not the leader dba3f8e3-15ef-40cd-a7e3-c0dcaaff2a16:192.168.30.18:44845
	at org.apache.ratis.client.impl.ClientProtoUtils.toRaftClientReply(ClientProtoUtils.java:243)
	at org.apache.ratis.grpc.client.GrpcClientProtocolClient$AsyncStreamObservers$1.onNext(GrpcClientProtocolClient.java:269)
	... 10 more
</error>
    <system-out><![CDATA[2019-10-01 07:27:11,025 [main] WARN  server.ServerUtils (ServerUtils.java:getScmDbDir(145)) - ozone.scm.db.dirs is not configured. We recommend adding this setting. Falling back to ozone.metadata.dirs instead.
2019-10-01 07:27:11,051 [main] WARN  server.ServerUtils (ServerUtils.java:getScmDbDir(145)) - ozone.scm.db.dirs is not configured. We recommend adding this setting. Falling back to ozone.metadata.dirs instead.
2019-10-01 07:27:11,051 [main] WARN  server.ServerUtils (ServerUtils.java:getScmDbDir(145)) - ozone.scm.db.dirs is not configured. We recommend adding this setting. Falling back to ozone.metadata.dirs instead.
2019-10-01 07:27:11,052 [main] INFO  db.DBStoreBuilder (DBStoreBuilder.java:addTable(110)) - using custom profile for table: deletedBlocks
2019-10-01 07:27:11,052 [main] INFO  db.DBStoreBuilder (DBStoreBuilder.java:processTables(161)) - Using default column profile:DBProfile.DISK for Table:deletedBlocks
2019-10-01 07:27:11,052 [main] INFO  db.DBStoreBuilder (DBStoreBuilder.java:addTable(110)) - using custom profile for table: validCerts
2019-10-01 07:27:11,052 [main] INFO  db.DBStoreBuilder (DBStoreBuilder.java:processTables(161)) - Using default column profile:DBProfile.DISK for Table:validCerts
2019-10-01 07:27:11,052 [main] INFO  db.DBStoreBuilder (DBStoreBuilder.java:addTable(110)) - using custom profile for table: revokedCerts
2019-10-01 07:27:11,053 [main] INFO  db.DBStoreBuilder (DBStoreBuilder.java:processTables(161)) - Using default column profile:DBProfile.DISK for Table:revokedCerts
2019-10-01 07:27:11,053 [main] INFO  db.DBStoreBuilder (DBStoreBuilder.java:addTable(110)) - using custom profile for table: default
2019-10-01 07:27:11,053 [main] INFO  db.DBStoreBuilder (DBStoreBuilder.java:processTables(167)) - Using default column profile:DBProfile.DISK for Table:default
2019-10-01 07:27:11,053 [main] INFO  db.DBStoreBuilder (DBStoreBuilder.java:getDbProfile(198)) - Using default options. DBProfile.DISK
2019-10-01 07:27:11,410 [main] INFO  net.NodeSchemaLoader (NodeSchemaLoader.java:loadSchemaFromFile(125)) - Loading file from sun.misc.CompoundEnumeration@15214920
2019-10-01 07:27:11,411 [main] INFO  net.NodeSchemaLoader (NodeSchemaLoader.java:loadSchema(171)) - Loading network topology layer schema file
2019-10-01 07:27:11,417 [main] WARN  server.ServerUtils (ServerUtils.java:sanitizeUserArgs(70)) - ozone.scm.stale.node.interval value = 300000 is larger than max = 100000 based on the key value of ozone.scm.heartbeat.thread.interval, reset to the max value 100000.
2019-10-01 07:27:11,417 [main] WARN  server.ServerUtils (ServerUtils.java:sanitizeUserArgs(70)) - ozone.scm.stale.node.interval value = 300000 is larger than max = 100000 based on the key value of ozone.scm.heartbeat.thread.interval, reset to the max value 100000.
2019-10-01 07:27:11,418 [main] INFO  node.SCMNodeManager (SCMNodeManager.java:<init>(114)) - Entering startup safe mode.
2019-10-01 07:27:11,419 [main] INFO  algorithms.ContainerPlacementPolicyFactory (ContainerPlacementPolicyFactory.java:getPolicy(57)) - Create container placement policy of type org.apache.hadoop.hdds.scm.container.placement.algorithms.SCMContainerPlacementRandom
2019-10-01 07:27:11,419 [main] WARN  server.ServerUtils (ServerUtils.java:getScmDbDir(145)) - ozone.scm.db.dirs is not configured. We recommend adding this setting. Falling back to ozone.metadata.dirs instead.
2019-10-01 07:27:11,561 [main] INFO  pipeline.SCMPipelineManager (SCMPipelineManager.java:initializePipelineState(132)) - No pipeline exists in current db
2019-10-01 07:27:11,561 [main] WARN  server.ServerUtils (ServerUtils.java:getScmDbDir(145)) - ozone.scm.db.dirs is not configured. We recommend adding this setting. Falling back to ozone.metadata.dirs instead.
2019-10-01 07:27:11,705 [main] WARN  events.EventQueue (EventQueue.java:fireEvent(183)) - No event handler registered for event TypedEvent{payloadType=SafeModeStatus, name='SafeModeStatus'}
2019-10-01 07:27:11,706 [main] INFO  ipc.CallQueueManager (CallQueueManager.java:<init>(84)) - Using callQueue: class java.util.concurrent.LinkedBlockingQueue, queueCapacity: 2000, scheduler: class org.apache.hadoop.ipc.DefaultRpcScheduler, ipcBackoff: false.
2019-10-01 07:27:11,707 [Socket Reader #1 for port 41804] INFO  ipc.Server (Server.java:run(1074)) - Starting Socket Reader #1 for port 41804
2019-10-01 07:27:11,710 [main] INFO  ipc.CallQueueManager (CallQueueManager.java:<init>(84)) - Using callQueue: class java.util.concurrent.LinkedBlockingQueue, queueCapacity: 2000, scheduler: class org.apache.hadoop.ipc.DefaultRpcScheduler, ipcBackoff: false.
2019-10-01 07:27:11,711 [Socket Reader #1 for port 38931] INFO  ipc.Server (Server.java:run(1074)) - Starting Socket Reader #1 for port 38931
2019-10-01 07:27:11,714 [main] INFO  ipc.CallQueueManager (CallQueueManager.java:<init>(84)) - Using callQueue: class java.util.concurrent.LinkedBlockingQueue, queueCapacity: 2000, scheduler: class org.apache.hadoop.ipc.DefaultRpcScheduler, ipcBackoff: false.
2019-10-01 07:27:11,715 [Socket Reader #1 for port 41567] INFO  ipc.Server (Server.java:run(1074)) - Starting Socket Reader #1 for port 41567
2019-10-01 07:27:11,720 [main] INFO  hdfs.DFSUtil (DFSUtil.java:httpServerTemplateForNNAndJN(1641)) - Starting Web-server for scm at: http://0.0.0.0:0
2019-10-01 07:27:11,723 [main] INFO  server.AuthenticationFilter (AuthenticationFilter.java:constructSecretProvider(240)) - Unable to initialize FileSignerSecretProvider, falling back to use random secrets.
2019-10-01 07:27:11,724 [main] WARN  http.HttpRequestLog (HttpRequestLog.java:getRequestLog(97)) - Jetty request log can only be enabled using Log4j
2019-10-01 07:27:11,727 [main] INFO  http.HttpServer2 (HttpServer2.java:addGlobalFilter(975)) - Added global filter 'safety' (class=org.apache.hadoop.http.HttpServer2$QuotingInputFilter)
2019-10-01 07:27:11,728 [main] INFO  http.HttpServer2 (HttpServer2.java:addFilter(948)) - Added filter static_user_filter (class=org.apache.hadoop.http.lib.StaticUserWebFilter$StaticUserFilter) to context scm
2019-10-01 07:27:11,728 [main] INFO  http.HttpServer2 (HttpServer2.java:addFilter(958)) - Added filter static_user_filter (class=org.apache.hadoop.http.lib.StaticUserWebFilter$StaticUserFilter) to context logs
2019-10-01 07:27:11,728 [main] INFO  http.HttpServer2 (HttpServer2.java:addFilter(958)) - Added filter static_user_filter (class=org.apache.hadoop.http.lib.StaticUserWebFilter$StaticUserFilter) to context static
2019-10-01 07:27:11,731 [main] INFO  server.StorageContainerManager (StorageContainerManager.java:start(770)) - StorageContainerLocationProtocol RPC server is listening at /0.0.0.0:41567
2019-10-01 07:27:11,734 [main] WARN  impl.MetricsConfig (MetricsConfig.java:loadFirst(134)) - Cannot locate configuration: tried hadoop-metrics2-storagecontainermanager.properties,hadoop-metrics2.properties
2019-10-01 07:27:11,736 [main] INFO  impl.MetricsSystemImpl (MetricsSystemImpl.java:startTimer(374)) - Scheduled Metric snapshot period at 10 second(s).
2019-10-01 07:27:11,736 [main] INFO  impl.MetricsSystemImpl (MetricsSystemImpl.java:start(191)) - StorageContainerManager metrics system started
2019-10-01 07:27:11,990 [grpc-default-executor-4] WARN  server.GrpcLogAppender (LogUtils.java:warn(134)) - be47bb61-472a-4d67-8e1a-05db22c1f3ae@group-68D55C291AF2->a5319893-1770-436a-9567-4b3fd98b83df-AppendLogResponseHandler: Failed appendEntries: org.apache.ratis.thirdparty.io.grpc.StatusRuntimeException: UNAVAILABLE: io exception
2019-10-01 07:27:11,990 [grpc-default-executor-2] WARN  server.GrpcLogAppender (LogUtils.java:warn(134)) - be47bb61-472a-4d67-8e1a-05db22c1f3ae@group-68D55C291AF2->8451d732-4754-49d1-b6bb-2cccf437fad4-AppendLogResponseHandler: Failed appendEntries: org.apache.ratis.thirdparty.io.grpc.StatusRuntimeException: UNAVAILABLE: io exception
2019-10-01 07:27:11,991 [grpc-default-executor-4] INFO  impl.FollowerInfo (FollowerInfo.java:lambda$new$0(51)) - be47bb61-472a-4d67-8e1a-05db22c1f3ae@group-68D55C291AF2->a5319893-1770-436a-9567-4b3fd98b83df: nextIndex: updateUnconditionally 0 -> 0
2019-10-01 07:27:11,991 [grpc-default-executor-2] INFO  impl.FollowerInfo (FollowerInfo.java:lambda$new$0(51)) - be47bb61-472a-4d67-8e1a-05db22c1f3ae@group-68D55C291AF2->8451d732-4754-49d1-b6bb-2cccf437fad4: nextIndex: updateUnconditionally 0 -> 0
2019-10-01 07:27:12,035 [main] WARN  impl.MetricsSystemImpl (MetricsSystemImpl.java:register(276)) - Sink prometheus already exists!
2019-10-01 07:27:12,319 [main] INFO  server.SCMClientProtocolServer (SCMClientProtocolServer.java:start(150)) - RPC server for Client  is listening at /0.0.0.0:41567
2019-10-01 07:27:12,320 [IPC Server Responder] INFO  ipc.Server (Server.java:run(1314)) - IPC Server Responder: starting
2019-10-01 07:27:12,320 [IPC Server listener on 41567] INFO  ipc.Server (Server.java:run(1153)) - IPC Server listener on 41567: starting
2019-10-01 07:27:12,329 [main] INFO  server.StorageContainerManager (StorageContainerManager.java:start(780)) - ScmBlockLocationProtocol RPC server is listening at /0.0.0.0:38931
2019-10-01 07:27:12,330 [main] INFO  server.SCMBlockProtocolServer (SCMBlockProtocolServer.java:start(146)) - RPC server for Block Protocol is listening at /0.0.0.0:38931
2019-10-01 07:27:12,330 [IPC Server Responder] INFO  ipc.Server (Server.java:run(1314)) - IPC Server Responder: starting
2019-10-01 07:27:12,330 [IPC Server listener on 38931] INFO  ipc.Server (Server.java:run(1153)) - IPC Server listener on 38931: starting
2019-10-01 07:27:12,344 [main] INFO  server.StorageContainerManager (StorageContainerManager.java:start(784)) - ScmDatanodeProtocl RPC server is listening at /0.0.0.0:41804
2019-10-01 07:27:12,345 [main] INFO  server.SCMDatanodeProtocolServer (SCMDatanodeProtocolServer.java:start(191)) - RPC server for DataNodes is listening at /0.0.0.0:41804
2019-10-01 07:27:12,345 [IPC Server Responder] INFO  ipc.Server (Server.java:run(1314)) - IPC Server Responder: starting
2019-10-01 07:27:12,345 [IPC Server listener on 41804] INFO  ipc.Server (Server.java:run(1153)) - IPC Server listener on 41804: starting
2019-10-01 07:27:12,351 [main] INFO  http.HttpServer2 (HttpServer2.java:bindListener(1191)) - Jetty bound to port 44512
2019-10-01 07:27:12,352 [main] INFO  server.Server (Server.java:doStart(351)) - jetty-9.3.25.v20180904, build timestamp: 2018-09-04T21:11:46Z, git hash: 3ce520221d0240229c862b122d2b06c12a625732
2019-10-01 07:27:12,354 [main] INFO  handler.ContextHandler (ContextHandler.java:doStart(781)) - Started o.e.j.s.ServletContextHandler@35145874{/logs,file:///workdir/hadoop-ozone/integration-test/target/log,AVAILABLE}
2019-10-01 07:27:12,354 [main] INFO  handler.ContextHandler (ContextHandler.java:doStart(781)) - Started o.e.j.s.ServletContextHandler@11df2829{/static,file:///workdir/hadoop-ozone/integration-test/target/test-classes/webapps/static,AVAILABLE}
2019-10-01 07:27:12,359 [main] INFO  handler.ContextHandler (ContextHandler.java:doStart(781)) - Started o.e.j.w.WebAppContext@7f27f59b{/,file:///workdir/hadoop-ozone/integration-test/target/test-classes/webapps/scm/,AVAILABLE}{/scm}
2019-10-01 07:27:12,360 [main] INFO  server.AbstractConnector (AbstractConnector.java:doStart(278)) - Started ServerConnector@1c98b4eb{HTTP/1.1,[http/1.1]}{0.0.0.0:44512}
2019-10-01 07:27:12,362 [main] INFO  server.Server (Server.java:doStart(419)) - Started @224483ms
2019-10-01 07:27:12,362 [main] WARN  impl.MetricsSystemImpl (MetricsSystemImpl.java:register(276)) - Sink prometheus already exists!
2019-10-01 07:27:12,364 [main] INFO  server.BaseHttpServer (BaseHttpServer.java:updateConnectorAddress(215)) - HTTP server of SCM is listening at http://0.0.0.0:44512
2019-10-01 07:27:12,367 [main] WARN  server.ServerUtils (ServerUtils.java:getDBPath(222)) - ozone.om.db.dirs is not configured. We recommend adding this setting. Falling back to ozone.metadata.dirs instead.
2019-10-01 07:27:12,367 [org.apache.hadoop.util.JvmPauseMonitor$Monitor@756b2d90] INFO  util.JvmPauseMonitor (JvmPauseMonitor.java:run(188)) - Starting JVM pause monitor
2019-10-01 07:27:12,393 [main] WARN  server.ServerUtils (ServerUtils.java:getDBPath(222)) - ozone.om.db.dirs is not configured. We recommend adding this setting. Falling back to ozone.metadata.dirs instead.
2019-10-01 07:27:12,394 [main] WARN  server.ServerUtils (ServerUtils.java:getDBPath(222)) - ozone.om.db.dirs is not configured. We recommend adding this setting. Falling back to ozone.metadata.dirs instead.
2019-10-01 07:27:12,394 [main] INFO  om.OzoneManager (OzoneManager.java:setOMNodeDetails(652)) - OM Service ID is not set. Setting it to the default ID: omServiceIdDefault
2019-10-01 07:27:12,394 [main] INFO  om.OzoneManager (OzoneManager.java:setOMNodeDetails(658)) - OM Node ID is not set. Setting it to the OmStorage's OmID: 23a60ad7-bf69-4091-a690-c7004583af6f
2019-10-01 07:27:12,395 [main] INFO  om.OzoneManager (OzoneManager.java:loadOMHAConfigs(609)) - Found matching OM address with OMServiceId: null, OMNodeId: null, RPC Address: localhost:0 and Ratis port: 9872
2019-10-01 07:27:12,431 [main] WARN  server.ServerUtils (ServerUtils.java:getDBPath(222)) - ozone.om.db.dirs is not configured. We recommend adding this setting. Falling back to ozone.metadata.dirs instead.
2019-10-01 07:27:12,431 [main] INFO  db.DBStoreBuilder (DBStoreBuilder.java:addTable(110)) - using custom profile for table: userTable
2019-10-01 07:27:12,431 [main] INFO  db.DBStoreBuilder (DBStoreBuilder.java:processTables(161)) - Using default column profile:DBProfile.DISK for Table:userTable
2019-10-01 07:27:12,431 [main] INFO  db.DBStoreBuilder (DBStoreBuilder.java:addTable(110)) - using custom profile for table: volumeTable
2019-10-01 07:27:12,431 [main] INFO  db.DBStoreBuilder (DBStoreBuilder.java:processTables(161)) - Using default column profile:DBProfile.DISK for Table:volumeTable
2019-10-01 07:27:12,432 [main] INFO  db.DBStoreBuilder (DBStoreBuilder.java:addTable(110)) - using custom profile for table: bucketTable
2019-10-01 07:27:12,432 [main] INFO  db.DBStoreBuilder (DBStoreBuilder.java:processTables(161)) - Using default column profile:DBProfile.DISK for Table:bucketTable
2019-10-01 07:27:12,432 [main] INFO  db.DBStoreBuilder (DBStoreBuilder.java:addTable(110)) - using custom profile for table: keyTable
2019-10-01 07:27:12,432 [main] INFO  db.DBStoreBuilder (DBStoreBuilder.java:processTables(161)) - Using default column profile:DBProfile.DISK for Table:keyTable
2019-10-01 07:27:12,432 [main] INFO  db.DBStoreBuilder (DBStoreBuilder.java:addTable(110)) - using custom profile for table: deletedTable
2019-10-01 07:27:12,432 [main] INFO  db.DBStoreBuilder (DBStoreBuilder.java:processTables(161)) - Using default column profile:DBProfile.DISK for Table:deletedTable
2019-10-01 07:27:12,433 [main] INFO  db.DBStoreBuilder (DBStoreBuilder.java:addTable(110)) - using custom profile for table: openKeyTable
2019-10-01 07:27:12,433 [main] INFO  db.DBStoreBuilder (DBStoreBuilder.java:processTables(161)) - Using default column profile:DBProfile.DISK for Table:openKeyTable
2019-10-01 07:27:12,433 [main] INFO  db.DBStoreBuilder (DBStoreBuilder.java:addTable(110)) - using custom profile for table: s3Table
2019-10-01 07:27:12,433 [main] INFO  db.DBStoreBuilder (DBStoreBuilder.java:processTables(161)) - Using default column profile:DBProfile.DISK for Table:s3Table
2019-10-01 07:27:12,433 [main] INFO  db.DBStoreBuilder (DBStoreBuilder.java:addTable(110)) - using custom profile for table: multipartInfoTable
2019-10-01 07:27:12,433 [main] INFO  db.DBStoreBuilder (DBStoreBuilder.java:processTables(161)) - Using default column profile:DBProfile.DISK for Table:multipartInfoTable
2019-10-01 07:27:12,434 [main] INFO  db.DBStoreBuilder (DBStoreBuilder.java:addTable(110)) - using custom profile for table: dTokenTable
2019-10-01 07:27:12,434 [main] INFO  db.DBStoreBuilder (DBStoreBuilder.java:processTables(161)) - Using default column profile:DBProfile.DISK for Table:dTokenTable
2019-10-01 07:27:12,434 [main] INFO  db.DBStoreBuilder (DBStoreBuilder.java:addTable(110)) - using custom profile for table: s3SecretTable
2019-10-01 07:27:12,434 [main] INFO  db.DBStoreBuilder (DBStoreBuilder.java:processTables(161)) - Using default column profile:DBProfile.DISK for Table:s3SecretTable
2019-10-01 07:27:12,434 [main] INFO  db.DBStoreBuilder (DBStoreBuilder.java:addTable(110)) - using custom profile for table: prefixTable
2019-10-01 07:27:12,434 [main] INFO  db.DBStoreBuilder (DBStoreBuilder.java:processTables(161)) - Using default column profile:DBProfile.DISK for Table:prefixTable
2019-10-01 07:27:12,435 [main] INFO  db.DBStoreBuilder (DBStoreBuilder.java:addTable(110)) - using custom profile for table: default
2019-10-01 07:27:12,435 [main] INFO  db.DBStoreBuilder (DBStoreBuilder.java:processTables(167)) - Using default column profile:DBProfile.DISK for Table:default
2019-10-01 07:27:12,435 [main] INFO  db.DBStoreBuilder (DBStoreBuilder.java:getDbProfile(198)) - Using default options. DBProfile.DISK
2019-10-01 07:27:13,336 [main] INFO  ipc.CallQueueManager (CallQueueManager.java:<init>(84)) - Using callQueue: class java.util.concurrent.LinkedBlockingQueue, queueCapacity: 2000, scheduler: class org.apache.hadoop.ipc.DefaultRpcScheduler, ipcBackoff: false.
2019-10-01 07:27:13,337 [Socket Reader #1 for port 46352] INFO  ipc.Server (Server.java:run(1074)) - Starting Socket Reader #1 for port 46352
2019-10-01 07:27:13,357 [main] INFO  om.OzoneManager (OzoneManager.java:start(1243)) - OzoneManager RPC server is listening at localhost/127.0.0.1:46352
2019-10-01 07:27:13,357 [main] INFO  impl.MetricsSystemImpl (MetricsSystemImpl.java:init(158)) - OzoneManager metrics system started (again)
2019-10-01 07:27:13,358 [IPC Server Responder] INFO  ipc.Server (Server.java:run(1314)) - IPC Server Responder: starting
2019-10-01 07:27:13,358 [IPC Server listener on 46352] INFO  ipc.Server (Server.java:run(1153)) - IPC Server listener on 46352: starting
2019-10-01 07:27:13,380 [main] INFO  hdfs.DFSUtil (DFSUtil.java:httpServerTemplateForNNAndJN(1641)) - Starting Web-server for ozoneManager at: http://0.0.0.0:0
2019-10-01 07:27:13,382 [main] INFO  server.AuthenticationFilter (AuthenticationFilter.java:constructSecretProvider(240)) - Unable to initialize FileSignerSecretProvider, falling back to use random secrets.
2019-10-01 07:27:13,383 [main] WARN  http.HttpRequestLog (HttpRequestLog.java:getRequestLog(97)) - Jetty request log can only be enabled using Log4j
2019-10-01 07:27:13,384 [main] INFO  http.HttpServer2 (HttpServer2.java:addGlobalFilter(975)) - Added global filter 'safety' (class=org.apache.hadoop.http.HttpServer2$QuotingInputFilter)
2019-10-01 07:27:13,385 [main] INFO  http.HttpServer2 (HttpServer2.java:addFilter(948)) - Added filter static_user_filter (class=org.apache.hadoop.http.lib.StaticUserWebFilter$StaticUserFilter) to context ozoneManager
2019-10-01 07:27:13,385 [main] INFO  http.HttpServer2 (HttpServer2.java:addFilter(958)) - Added filter static_user_filter (class=org.apache.hadoop.http.lib.StaticUserWebFilter$StaticUserFilter) to context logs
2019-10-01 07:27:13,385 [main] INFO  http.HttpServer2 (HttpServer2.java:addFilter(958)) - Added filter static_user_filter (class=org.apache.hadoop.http.lib.StaticUserWebFilter$StaticUserFilter) to context static
2019-10-01 07:27:13,386 [main] INFO  http.HttpServer2 (HttpServer2.java:bindListener(1191)) - Jetty bound to port 46479
2019-10-01 07:27:13,386 [main] INFO  server.Server (Server.java:doStart(351)) - jetty-9.3.25.v20180904, build timestamp: 2018-09-04T21:11:46Z, git hash: 3ce520221d0240229c862b122d2b06c12a625732
2019-10-01 07:27:13,388 [main] INFO  handler.ContextHandler (ContextHandler.java:doStart(781)) - Started o.e.j.s.ServletContextHandler@435e416c{/logs,file:///workdir/hadoop-ozone/integration-test/target/log,AVAILABLE}
2019-10-01 07:27:13,389 [main] INFO  handler.ContextHandler (ContextHandler.java:doStart(781)) - Started o.e.j.s.ServletContextHandler@4aed311e{/static,file:///workdir/hadoop-ozone/integration-test/target/test-classes/webapps/static,AVAILABLE}
2019-10-01 07:27:13,393 [main] INFO  handler.ContextHandler (ContextHandler.java:doStart(781)) - Started o.e.j.w.WebAppContext@7c950b3b{/,file:///workdir/hadoop-ozone/integration-test/target/test-classes/webapps/ozoneManager/,AVAILABLE}{/ozoneManager}
2019-10-01 07:27:13,396 [main] INFO  server.AbstractConnector (AbstractConnector.java:doStart(278)) - Started ServerConnector@3af10d0b{HTTP/1.1,[http/1.1]}{0.0.0.0:46479}
2019-10-01 07:27:13,396 [main] INFO  server.Server (Server.java:doStart(419)) - Started @225517ms
2019-10-01 07:27:13,396 [main] WARN  impl.MetricsSystemImpl (MetricsSystemImpl.java:register(276)) - Sink prometheus already exists!
2019-10-01 07:27:13,397 [main] INFO  server.BaseHttpServer (BaseHttpServer.java:updateConnectorAddress(215)) - HTTP server of OZONEMANAGER is listening at http://0.0.0.0:46479
2019-10-01 07:27:13,410 [main] INFO  impl.MetricsSystemImpl (MetricsSystemImpl.java:init(158)) - HddsDatanode metrics system started (again)
2019-10-01 07:27:13,427 [main] INFO  ozone.HddsDatanodeService (HddsDatanodeService.java:start(184)) - HddsDatanodeService host:pr-hdds-1984-bsjj8-3390809720 ip:192.168.30.18
2019-10-01 07:27:13,438 [main] INFO  volume.HddsVolume (HddsVolume.java:<init>(176)) - Creating Volume: /workdir/hadoop-ozone/integration-test/target/test-dir/MiniOzoneClusterImpl-a3295141-d6dd-4ca2-83a3-017d6c1874d6/datanode-0/data/containers/hdds of  storage type : DISK and capacity : 1482555576320
2019-10-01 07:27:13,439 [main] INFO  volume.VolumeSet (VolumeSet.java:initializeVolumeSet(170)) - Added Volume : /workdir/hadoop-ozone/integration-test/target/test-dir/MiniOzoneClusterImpl-a3295141-d6dd-4ca2-83a3-017d6c1874d6/datanode-0/data/containers/hdds to VolumeSet
2019-10-01 07:27:13,439 [main] INFO  volume.ThrottledAsyncChecker (ThrottledAsyncChecker.java:schedule(139)) - Scheduling a check for org.apache.hadoop.ozone.container.common.volume.HddsVolume@48bc2fce
2019-10-01 07:27:13,440 [main] INFO  volume.HddsVolumeChecker (HddsVolumeChecker.java:checkAllVolumes(202)) - Scheduled health check for volume org.apache.hadoop.ozone.container.common.volume.HddsVolume@48bc2fce
2019-10-01 07:27:13,454 [main] INFO  impl.RaftServerProxy (ConfUtils.java:logGet(43)) - raft.rpc.type = GRPC (default)
2019-10-01 07:27:13,455 [main] INFO  grpc.GrpcFactory (GrpcFactory.java:checkPooledByteBufAllocatorUseCacheForAllThreads(45)) - PERFORMANCE WARNING: useCacheForAllThreads is true that may cause Netty to create a lot garbage objects and, as a result, trigger GC.
	It is recommended to disable useCacheForAllThreads by setting -Dorg.apache.ratis.thirdparty.io.netty.allocator.useCacheForAllThreads=false in command line.
2019-10-01 07:27:13,455 [main] INFO  grpc.GrpcConfigKeys$Server (ConfUtils.java:logGet(43)) - raft.grpc.server.port = 0 (default)
2019-10-01 07:27:13,455 [main] INFO  server.GrpcService (ConfUtils.java:logGet(43)) - raft.grpc.message.size.max = 33570816 (custom)
2019-10-01 07:27:13,455 [main] INFO  server.RaftServerConfigKeys (ConfUtils.java:logGet(43)) - raft.server.log.appender.buffer.byte-limit = 33554432 (custom)
2019-10-01 07:27:13,455 [main] INFO  server.GrpcService (ConfUtils.java:logGet(43)) - raft.grpc.flow.control.window = 1MB (=1048576) (default)
2019-10-01 07:27:13,456 [main] INFO  server.RaftServerConfigKeys (ConfUtils.java:logGet(43)) - raft.server.rpc.request.timeout = 3000ms (default)
2019-10-01 07:27:13,456 [main] INFO  server.RaftServerConfigKeys (ConfUtils.java:logGet(43)) - raft.server.storage.dir = [/workdir/hadoop-ozone/integration-test/target/test-dir/MiniOzoneClusterImpl-a3295141-d6dd-4ca2-83a3-017d6c1874d6/datanode-0/data/ratis] (custom)
2019-10-01 07:27:13,457 [main] INFO  hdfs.DFSUtil (DFSUtil.java:httpServerTemplateForNNAndJN(1641)) - Starting Web-server for hddsDatanode at: http://0.0.0.0:0
2019-10-01 07:27:13,459 [main] INFO  server.AuthenticationFilter (AuthenticationFilter.java:constructSecretProvider(240)) - Unable to initialize FileSignerSecretProvider, falling back to use random secrets.
2019-10-01 07:27:13,459 [main] WARN  http.HttpRequestLog (HttpRequestLog.java:getRequestLog(97)) - Jetty request log can only be enabled using Log4j
2019-10-01 07:27:13,461 [main] INFO  http.HttpServer2 (HttpServer2.java:addGlobalFilter(975)) - Added global filter 'safety' (class=org.apache.hadoop.http.HttpServer2$QuotingInputFilter)
2019-10-01 07:27:13,461 [main] INFO  http.HttpServer2 (HttpServer2.java:addFilter(948)) - Added filter static_user_filter (class=org.apache.hadoop.http.lib.StaticUserWebFilter$StaticUserFilter) to context hddsDatanode
2019-10-01 07:27:13,462 [main] INFO  http.HttpServer2 (HttpServer2.java:addFilter(958)) - Added filter static_user_filter (class=org.apache.hadoop.http.lib.StaticUserWebFilter$StaticUserFilter) to context logs
2019-10-01 07:27:13,462 [main] INFO  http.HttpServer2 (HttpServer2.java:addFilter(958)) - Added filter static_user_filter (class=org.apache.hadoop.http.lib.StaticUserWebFilter$StaticUserFilter) to context static
2019-10-01 07:27:13,463 [main] INFO  http.HttpServer2 (HttpServer2.java:bindListener(1191)) - Jetty bound to port 44154
2019-10-01 07:27:13,463 [main] INFO  server.Server (Server.java:doStart(351)) - jetty-9.3.25.v20180904, build timestamp: 2018-09-04T21:11:46Z, git hash: 3ce520221d0240229c862b122d2b06c12a625732
2019-10-01 07:27:13,465 [main] INFO  handler.ContextHandler (ContextHandler.java:doStart(781)) - Started o.e.j.s.ServletContextHandler@39023dbf{/logs,file:///workdir/hadoop-ozone/integration-test/target/log,AVAILABLE}
2019-10-01 07:27:13,466 [main] INFO  handler.ContextHandler (ContextHandler.java:doStart(781)) - Started o.e.j.s.ServletContextHandler@570a62a5{/static,jar:file:/home/user/.m2/repository/org/apache/hadoop/hadoop-hdds-container-service/0.5.0-SNAPSHOT/hadoop-hdds-container-service-0.5.0-SNAPSHOT.jar!/webapps/static,AVAILABLE}
2019-10-01 07:27:13,493 [main] INFO  handler.ContextHandler (ContextHandler.java:doStart(781)) - Started o.e.j.w.WebAppContext@2871ac91{/,file:///tmp/jetty-0.0.0.0-44154-hddsDatanode-_-any-7380491424829934717.dir/webapp/,AVAILABLE}{/hddsDatanode}
2019-10-01 07:27:13,494 [main] INFO  server.AbstractConnector (AbstractConnector.java:doStart(278)) - Started ServerConnector@3c54ddec{HTTP/1.1,[http/1.1]}{0.0.0.0:44154}
2019-10-01 07:27:13,497 [main] INFO  server.Server (Server.java:doStart(419)) - Started @225615ms
2019-10-01 07:27:13,497 [main] WARN  impl.MetricsSystemImpl (MetricsSystemImpl.java:register(276)) - Sink prometheus already exists!
2019-10-01 07:27:13,498 [main] INFO  server.BaseHttpServer (BaseHttpServer.java:updateConnectorAddress(215)) - HTTP server of HDDSDATANODE is listening at http://0.0.0.0:44154
2019-10-01 07:27:13,498 [main] INFO  impl.MetricsSystemImpl (MetricsSystemImpl.java:init(158)) - HddsDatanode metrics system started (again)
2019-10-01 07:27:13,514 [org.apache.hadoop.util.JvmPauseMonitor$Monitor@598e46fc] INFO  util.JvmPauseMonitor (JvmPauseMonitor.java:run(188)) - Starting JVM pause monitor
2019-10-01 07:27:13,514 [main] INFO  ozone.HddsDatanodeService (HddsDatanodeService.java:start(184)) - HddsDatanodeService host:pr-hdds-1984-bsjj8-3390809720 ip:192.168.30.18
2019-10-01 07:27:13,516 [Datanode State Machine Thread - 0] INFO  datanode.InitDatanodeState (InitDatanodeState.java:persistContainerDatanodeDetails(140)) - DatanodeDetails is persisted to /workdir/hadoop-ozone/integration-test/target/test-dir/MiniOzoneClusterImpl-a3295141-d6dd-4ca2-83a3-017d6c1874d6/datanode-0/meta/datanode.id
2019-10-01 07:27:13,524 [main] INFO  volume.HddsVolume (HddsVolume.java:<init>(176)) - Creating Volume: /workdir/hadoop-ozone/integration-test/target/test-dir/MiniOzoneClusterImpl-a3295141-d6dd-4ca2-83a3-017d6c1874d6/datanode-1/data/containers/hdds of  storage type : DISK and capacity : 1482555576320
2019-10-01 07:27:13,524 [main] INFO  volume.VolumeSet (VolumeSet.java:initializeVolumeSet(170)) - Added Volume : /workdir/hadoop-ozone/integration-test/target/test-dir/MiniOzoneClusterImpl-a3295141-d6dd-4ca2-83a3-017d6c1874d6/datanode-1/data/containers/hdds to VolumeSet
2019-10-01 07:27:13,524 [main] INFO  volume.ThrottledAsyncChecker (ThrottledAsyncChecker.java:schedule(139)) - Scheduling a check for org.apache.hadoop.ozone.container.common.volume.HddsVolume@38732364
2019-10-01 07:27:13,525 [main] INFO  volume.HddsVolumeChecker (HddsVolumeChecker.java:checkAllVolumes(202)) - Scheduled health check for volume org.apache.hadoop.ozone.container.common.volume.HddsVolume@38732364
2019-10-01 07:27:13,537 [main] INFO  impl.RaftServerProxy (ConfUtils.java:logGet(43)) - raft.rpc.type = GRPC (default)
2019-10-01 07:27:13,539 [main] INFO  grpc.GrpcFactory (GrpcFactory.java:checkPooledByteBufAllocatorUseCacheForAllThreads(45)) - PERFORMANCE WARNING: useCacheForAllThreads is true that may cause Netty to create a lot garbage objects and, as a result, trigger GC.
	It is recommended to disable useCacheForAllThreads by setting -Dorg.apache.ratis.thirdparty.io.netty.allocator.useCacheForAllThreads=false in command line.
2019-10-01 07:27:13,540 [main] INFO  grpc.GrpcConfigKeys$Server (ConfUtils.java:logGet(43)) - raft.grpc.server.port = 0 (default)
2019-10-01 07:27:13,540 [main] INFO  server.GrpcService (ConfUtils.java:logGet(43)) - raft.grpc.message.size.max = 33570816 (custom)
2019-10-01 07:27:13,540 [main] INFO  server.RaftServerConfigKeys (ConfUtils.java:logGet(43)) - raft.server.log.appender.buffer.byte-limit = 33554432 (custom)
2019-10-01 07:27:13,540 [main] INFO  server.GrpcService (ConfUtils.java:logGet(43)) - raft.grpc.flow.control.window = 1MB (=1048576) (default)
2019-10-01 07:27:13,541 [main] INFO  server.RaftServerConfigKeys (ConfUtils.java:logGet(43)) - raft.server.rpc.request.timeout = 3000ms (default)
2019-10-01 07:27:13,541 [main] INFO  server.RaftServerConfigKeys (ConfUtils.java:logGet(43)) - raft.server.storage.dir = [/workdir/hadoop-ozone/integration-test/target/test-dir/MiniOzoneClusterImpl-a3295141-d6dd-4ca2-83a3-017d6c1874d6/datanode-1/data/ratis] (custom)
2019-10-01 07:27:13,543 [main] INFO  hdfs.DFSUtil (DFSUtil.java:httpServerTemplateForNNAndJN(1641)) - Starting Web-server for hddsDatanode at: http://0.0.0.0:0
2019-10-01 07:27:13,545 [main] INFO  server.AuthenticationFilter (AuthenticationFilter.java:constructSecretProvider(240)) - Unable to initialize FileSignerSecretProvider, falling back to use random secrets.
2019-10-01 07:27:13,546 [main] WARN  http.HttpRequestLog (HttpRequestLog.java:getRequestLog(97)) - Jetty request log can only be enabled using Log4j
2019-10-01 07:27:13,547 [main] INFO  http.HttpServer2 (HttpServer2.java:addGlobalFilter(975)) - Added global filter 'safety' (class=org.apache.hadoop.http.HttpServer2$QuotingInputFilter)
2019-10-01 07:27:13,547 [main] INFO  http.HttpServer2 (HttpServer2.java:addFilter(948)) - Added filter static_user_filter (class=org.apache.hadoop.http.lib.StaticUserWebFilter$StaticUserFilter) to context hddsDatanode
2019-10-01 07:27:13,548 [main] INFO  http.HttpServer2 (HttpServer2.java:addFilter(958)) - Added filter static_user_filter (class=org.apache.hadoop.http.lib.StaticUserWebFilter$StaticUserFilter) to context logs
2019-10-01 07:27:13,548 [main] INFO  http.HttpServer2 (HttpServer2.java:addFilter(958)) - Added filter static_user_filter (class=org.apache.hadoop.http.lib.StaticUserWebFilter$StaticUserFilter) to context static
2019-10-01 07:27:13,548 [main] INFO  http.HttpServer2 (HttpServer2.java:bindListener(1191)) - Jetty bound to port 33219
2019-10-01 07:27:13,549 [main] INFO  server.Server (Server.java:doStart(351)) - jetty-9.3.25.v20180904, build timestamp: 2018-09-04T21:11:46Z, git hash: 3ce520221d0240229c862b122d2b06c12a625732
2019-10-01 07:27:13,550 [main] INFO  handler.ContextHandler (ContextHandler.java:doStart(781)) - Started o.e.j.s.ServletContextHandler@1fb2eec{/logs,file:///workdir/hadoop-ozone/integration-test/target/log,AVAILABLE}
2019-10-01 07:27:13,551 [main] INFO  handler.ContextHandler (ContextHandler.java:doStart(781)) - Started o.e.j.s.ServletContextHandler@2a0b901c{/static,jar:file:/home/user/.m2/repository/org/apache/hadoop/hadoop-hdds-container-service/0.5.0-SNAPSHOT/hadoop-hdds-container-service-0.5.0-SNAPSHOT.jar!/webapps/static,AVAILABLE}
2019-10-01 07:27:13,578 [main] INFO  handler.ContextHandler (ContextHandler.java:doStart(781)) - Started o.e.j.w.WebAppContext@7e7740a5{/,file:///tmp/jetty-0.0.0.0-33219-hddsDatanode-_-any-7872600792016770344.dir/webapp/,AVAILABLE}{/hddsDatanode}
2019-10-01 07:27:13,578 [main] INFO  server.AbstractConnector (AbstractConnector.java:doStart(278)) - Started ServerConnector@7aa01bd9{HTTP/1.1,[http/1.1]}{0.0.0.0:33219}
2019-10-01 07:27:13,583 [main] INFO  server.Server (Server.java:doStart(419)) - Started @225704ms
2019-10-01 07:27:13,583 [main] WARN  impl.MetricsSystemImpl (MetricsSystemImpl.java:register(276)) - Sink prometheus already exists!
2019-10-01 07:27:13,584 [main] INFO  server.BaseHttpServer (BaseHttpServer.java:updateConnectorAddress(215)) - HTTP server of HDDSDATANODE is listening at http://0.0.0.0:33219
2019-10-01 07:27:13,584 [main] INFO  impl.MetricsSystemImpl (MetricsSystemImpl.java:init(158)) - HddsDatanode metrics system started (again)
2019-10-01 07:27:13,600 [org.apache.hadoop.util.JvmPauseMonitor$Monitor@38a3874f] INFO  util.JvmPauseMonitor (JvmPauseMonitor.java:run(188)) - Starting JVM pause monitor
2019-10-01 07:27:13,602 [main] INFO  ozone.HddsDatanodeService (HddsDatanodeService.java:start(184)) - HddsDatanodeService host:pr-hdds-1984-bsjj8-3390809720 ip:192.168.30.18
2019-10-01 07:27:13,603 [Datanode State Machine Thread - 0] INFO  datanode.InitDatanodeState (InitDatanodeState.java:persistContainerDatanodeDetails(140)) - DatanodeDetails is persisted to /workdir/hadoop-ozone/integration-test/target/test-dir/MiniOzoneClusterImpl-a3295141-d6dd-4ca2-83a3-017d6c1874d6/datanode-1/meta/datanode.id
2019-10-01 07:27:13,611 [main] INFO  volume.HddsVolume (HddsVolume.java:<init>(176)) - Creating Volume: /workdir/hadoop-ozone/integration-test/target/test-dir/MiniOzoneClusterImpl-a3295141-d6dd-4ca2-83a3-017d6c1874d6/datanode-2/data/containers/hdds of  storage type : DISK and capacity : 1482555576320
2019-10-01 07:27:13,612 [main] INFO  volume.VolumeSet (VolumeSet.java:initializeVolumeSet(170)) - Added Volume : /workdir/hadoop-ozone/integration-test/target/test-dir/MiniOzoneClusterImpl-a3295141-d6dd-4ca2-83a3-017d6c1874d6/datanode-2/data/containers/hdds to VolumeSet
2019-10-01 07:27:13,612 [main] INFO  volume.ThrottledAsyncChecker (ThrottledAsyncChecker.java:schedule(139)) - Scheduling a check for org.apache.hadoop.ozone.container.common.volume.HddsVolume@17ff8810
2019-10-01 07:27:13,612 [main] INFO  volume.HddsVolumeChecker (HddsVolumeChecker.java:checkAllVolumes(202)) - Scheduled health check for volume org.apache.hadoop.ozone.container.common.volume.HddsVolume@17ff8810
2019-10-01 07:27:13,627 [main] INFO  impl.RaftServerProxy (ConfUtils.java:logGet(43)) - raft.rpc.type = GRPC (default)
2019-10-01 07:27:13,627 [main] INFO  grpc.GrpcFactory (GrpcFactory.java:checkPooledByteBufAllocatorUseCacheForAllThreads(45)) - PERFORMANCE WARNING: useCacheForAllThreads is true that may cause Netty to create a lot garbage objects and, as a result, trigger GC.
	It is recommended to disable useCacheForAllThreads by setting -Dorg.apache.ratis.thirdparty.io.netty.allocator.useCacheForAllThreads=false in command line.
2019-10-01 07:27:13,627 [main] INFO  grpc.GrpcConfigKeys$Server (ConfUtils.java:logGet(43)) - raft.grpc.server.port = 0 (default)
2019-10-01 07:27:13,627 [main] INFO  server.GrpcService (ConfUtils.java:logGet(43)) - raft.grpc.message.size.max = 33570816 (custom)
2019-10-01 07:27:13,628 [main] INFO  server.RaftServerConfigKeys (ConfUtils.java:logGet(43)) - raft.server.log.appender.buffer.byte-limit = 33554432 (custom)
2019-10-01 07:27:13,628 [main] INFO  server.GrpcService (ConfUtils.java:logGet(43)) - raft.grpc.flow.control.window = 1MB (=1048576) (default)
2019-10-01 07:27:13,628 [main] INFO  server.RaftServerConfigKeys (ConfUtils.java:logGet(43)) - raft.server.rpc.request.timeout = 3000ms (default)
2019-10-01 07:27:13,628 [main] INFO  server.RaftServerConfigKeys (ConfUtils.java:logGet(43)) - raft.server.storage.dir = [/workdir/hadoop-ozone/integration-test/target/test-dir/MiniOzoneClusterImpl-a3295141-d6dd-4ca2-83a3-017d6c1874d6/datanode-2/data/ratis] (custom)
2019-10-01 07:27:13,629 [main] INFO  hdfs.DFSUtil (DFSUtil.java:httpServerTemplateForNNAndJN(1641)) - Starting Web-server for hddsDatanode at: http://0.0.0.0:0
2019-10-01 07:27:13,630 [main] INFO  server.AuthenticationFilter (AuthenticationFilter.java:constructSecretProvider(240)) - Unable to initialize FileSignerSecretProvider, falling back to use random secrets.
2019-10-01 07:27:13,631 [main] WARN  http.HttpRequestLog (HttpRequestLog.java:getRequestLog(97)) - Jetty request log can only be enabled using Log4j
2019-10-01 07:27:13,632 [main] INFO  http.HttpServer2 (HttpServer2.java:addGlobalFilter(975)) - Added global filter 'safety' (class=org.apache.hadoop.http.HttpServer2$QuotingInputFilter)
2019-10-01 07:27:13,632 [main] INFO  http.HttpServer2 (HttpServer2.java:addFilter(948)) - Added filter static_user_filter (class=org.apache.hadoop.http.lib.StaticUserWebFilter$StaticUserFilter) to context hddsDatanode
2019-10-01 07:27:13,633 [main] INFO  http.HttpServer2 (HttpServer2.java:addFilter(958)) - Added filter static_user_filter (class=org.apache.hadoop.http.lib.StaticUserWebFilter$StaticUserFilter) to context logs
2019-10-01 07:27:13,633 [main] INFO  http.HttpServer2 (HttpServer2.java:addFilter(958)) - Added filter static_user_filter (class=org.apache.hadoop.http.lib.StaticUserWebFilter$StaticUserFilter) to context static
2019-10-01 07:27:13,633 [main] INFO  http.HttpServer2 (HttpServer2.java:bindListener(1191)) - Jetty bound to port 37791
2019-10-01 07:27:13,634 [main] INFO  server.Server (Server.java:doStart(351)) - jetty-9.3.25.v20180904, build timestamp: 2018-09-04T21:11:46Z, git hash: 3ce520221d0240229c862b122d2b06c12a625732
2019-10-01 07:27:13,635 [main] INFO  handler.ContextHandler (ContextHandler.java:doStart(781)) - Started o.e.j.s.ServletContextHandler@350da119{/logs,file:///workdir/hadoop-ozone/integration-test/target/log,AVAILABLE}
2019-10-01 07:27:13,636 [main] INFO  handler.ContextHandler (ContextHandler.java:doStart(781)) - Started o.e.j.s.ServletContextHandler@34c7232c{/static,jar:file:/home/user/.m2/repository/org/apache/hadoop/hadoop-hdds-container-service/0.5.0-SNAPSHOT/hadoop-hdds-container-service-0.5.0-SNAPSHOT.jar!/webapps/static,AVAILABLE}
2019-10-01 07:27:13,663 [main] INFO  handler.ContextHandler (ContextHandler.java:doStart(781)) - Started o.e.j.w.WebAppContext@12abcd1e{/,file:///tmp/jetty-0.0.0.0-37791-hddsDatanode-_-any-2436998608540231186.dir/webapp/,AVAILABLE}{/hddsDatanode}
2019-10-01 07:27:13,664 [main] INFO  server.AbstractConnector (AbstractConnector.java:doStart(278)) - Started ServerConnector@2fd9fb34{HTTP/1.1,[http/1.1]}{0.0.0.0:37791}
2019-10-01 07:27:13,668 [main] INFO  server.Server (Server.java:doStart(419)) - Started @225789ms
2019-10-01 07:27:13,668 [main] WARN  impl.MetricsSystemImpl (MetricsSystemImpl.java:register(276)) - Sink prometheus already exists!
2019-10-01 07:27:13,669 [main] INFO  server.BaseHttpServer (BaseHttpServer.java:updateConnectorAddress(215)) - HTTP server of HDDSDATANODE is listening at http://0.0.0.0:37791
2019-10-01 07:27:13,669 [main] INFO  impl.MetricsSystemImpl (MetricsSystemImpl.java:init(158)) - HddsDatanode metrics system started (again)
2019-10-01 07:27:13,685 [org.apache.hadoop.util.JvmPauseMonitor$Monitor@641c5c6c] INFO  util.JvmPauseMonitor (JvmPauseMonitor.java:run(188)) - Starting JVM pause monitor
2019-10-01 07:27:13,686 [main] INFO  ozone.HddsDatanodeService (HddsDatanodeService.java:start(184)) - HddsDatanodeService host:pr-hdds-1984-bsjj8-3390809720 ip:192.168.30.18
2019-10-01 07:27:13,686 [Datanode State Machine Thread - 0] INFO  datanode.InitDatanodeState (InitDatanodeState.java:persistContainerDatanodeDetails(140)) - DatanodeDetails is persisted to /workdir/hadoop-ozone/integration-test/target/test-dir/MiniOzoneClusterImpl-a3295141-d6dd-4ca2-83a3-017d6c1874d6/datanode-2/meta/datanode.id
2019-10-01 07:27:13,696 [main] INFO  volume.HddsVolume (HddsVolume.java:<init>(176)) - Creating Volume: /workdir/hadoop-ozone/integration-test/target/test-dir/MiniOzoneClusterImpl-a3295141-d6dd-4ca2-83a3-017d6c1874d6/datanode-3/data/containers/hdds of  storage type : DISK and capacity : 1482555576320
2019-10-01 07:27:13,696 [main] INFO  volume.VolumeSet (VolumeSet.java:initializeVolumeSet(170)) - Added Volume : /workdir/hadoop-ozone/integration-test/target/test-dir/MiniOzoneClusterImpl-a3295141-d6dd-4ca2-83a3-017d6c1874d6/datanode-3/data/containers/hdds to VolumeSet
2019-10-01 07:27:13,696 [main] INFO  volume.ThrottledAsyncChecker (ThrottledAsyncChecker.java:schedule(139)) - Scheduling a check for org.apache.hadoop.ozone.container.common.volume.HddsVolume@252ec02e
2019-10-01 07:27:13,697 [main] INFO  volume.HddsVolumeChecker (HddsVolumeChecker.java:checkAllVolumes(202)) - Scheduled health check for volume org.apache.hadoop.ozone.container.common.volume.HddsVolume@252ec02e
2019-10-01 07:27:13,711 [main] INFO  impl.RaftServerProxy (ConfUtils.java:logGet(43)) - raft.rpc.type = GRPC (default)
2019-10-01 07:27:13,711 [main] INFO  grpc.GrpcFactory (GrpcFactory.java:checkPooledByteBufAllocatorUseCacheForAllThreads(45)) - PERFORMANCE WARNING: useCacheForAllThreads is true that may cause Netty to create a lot garbage objects and, as a result, trigger GC.
	It is recommended to disable useCacheForAllThreads by setting -Dorg.apache.ratis.thirdparty.io.netty.allocator.useCacheForAllThreads=false in command line.
2019-10-01 07:27:13,711 [main] INFO  grpc.GrpcConfigKeys$Server (ConfUtils.java:logGet(43)) - raft.grpc.server.port = 0 (default)
2019-10-01 07:27:13,711 [main] INFO  server.GrpcService (ConfUtils.java:logGet(43)) - raft.grpc.message.size.max = 33570816 (custom)
2019-10-01 07:27:13,711 [main] INFO  server.RaftServerConfigKeys (ConfUtils.java:logGet(43)) - raft.server.log.appender.buffer.byte-limit = 33554432 (custom)
2019-10-01 07:27:13,712 [main] INFO  server.GrpcService (ConfUtils.java:logGet(43)) - raft.grpc.flow.control.window = 1MB (=1048576) (default)
2019-10-01 07:27:13,712 [main] INFO  server.RaftServerConfigKeys (ConfUtils.java:logGet(43)) - raft.server.rpc.request.timeout = 3000ms (default)
2019-10-01 07:27:13,712 [main] INFO  server.RaftServerConfigKeys (ConfUtils.java:logGet(43)) - raft.server.storage.dir = [/workdir/hadoop-ozone/integration-test/target/test-dir/MiniOzoneClusterImpl-a3295141-d6dd-4ca2-83a3-017d6c1874d6/datanode-3/data/ratis] (custom)
2019-10-01 07:27:13,713 [main] INFO  hdfs.DFSUtil (DFSUtil.java:httpServerTemplateForNNAndJN(1641)) - Starting Web-server for hddsDatanode at: http://0.0.0.0:0
2019-10-01 07:27:13,714 [main] INFO  server.AuthenticationFilter (AuthenticationFilter.java:constructSecretProvider(240)) - Unable to initialize FileSignerSecretProvider, falling back to use random secrets.
2019-10-01 07:27:13,715 [main] WARN  http.HttpRequestLog (HttpRequestLog.java:getRequestLog(97)) - Jetty request log can only be enabled using Log4j
2019-10-01 07:27:13,716 [main] INFO  http.HttpServer2 (HttpServer2.java:addGlobalFilter(975)) - Added global filter 'safety' (class=org.apache.hadoop.http.HttpServer2$QuotingInputFilter)
2019-10-01 07:27:13,716 [main] INFO  http.HttpServer2 (HttpServer2.java:addFilter(948)) - Added filter static_user_filter (class=org.apache.hadoop.http.lib.StaticUserWebFilter$StaticUserFilter) to context hddsDatanode
2019-10-01 07:27:13,716 [main] INFO  http.HttpServer2 (HttpServer2.java:addFilter(958)) - Added filter static_user_filter (class=org.apache.hadoop.http.lib.StaticUserWebFilter$StaticUserFilter) to context logs
2019-10-01 07:27:13,717 [main] INFO  http.HttpServer2 (HttpServer2.java:addFilter(958)) - Added filter static_user_filter (class=org.apache.hadoop.http.lib.StaticUserWebFilter$StaticUserFilter) to context static
2019-10-01 07:27:13,717 [main] INFO  http.HttpServer2 (HttpServer2.java:bindListener(1191)) - Jetty bound to port 42634
2019-10-01 07:27:13,717 [main] INFO  server.Server (Server.java:doStart(351)) - jetty-9.3.25.v20180904, build timestamp: 2018-09-04T21:11:46Z, git hash: 3ce520221d0240229c862b122d2b06c12a625732
2019-10-01 07:27:13,719 [main] INFO  handler.ContextHandler (ContextHandler.java:doStart(781)) - Started o.e.j.s.ServletContextHandler@49a38b1{/logs,file:///workdir/hadoop-ozone/integration-test/target/log,AVAILABLE}
2019-10-01 07:27:13,720 [main] INFO  handler.ContextHandler (ContextHandler.java:doStart(781)) - Started o.e.j.s.ServletContextHandler@53d6e959{/static,jar:file:/home/user/.m2/repository/org/apache/hadoop/hadoop-hdds-container-service/0.5.0-SNAPSHOT/hadoop-hdds-container-service-0.5.0-SNAPSHOT.jar!/webapps/static,AVAILABLE}
2019-10-01 07:27:13,750 [main] INFO  handler.ContextHandler (ContextHandler.java:doStart(781)) - Started o.e.j.w.WebAppContext@703fa45{/,file:///tmp/jetty-0.0.0.0-42634-hddsDatanode-_-any-1911603664393598476.dir/webapp/,AVAILABLE}{/hddsDatanode}
2019-10-01 07:27:13,754 [main] INFO  server.AbstractConnector (AbstractConnector.java:doStart(278)) - Started ServerConnector@5e905f2c{HTTP/1.1,[http/1.1]}{0.0.0.0:42634}
2019-10-01 07:27:13,754 [main] INFO  server.Server (Server.java:doStart(419)) - Started @225876ms
2019-10-01 07:27:13,755 [main] WARN  impl.MetricsSystemImpl (MetricsSystemImpl.java:register(276)) - Sink prometheus already exists!
2019-10-01 07:27:13,755 [main] INFO  server.BaseHttpServer (BaseHttpServer.java:updateConnectorAddress(215)) - HTTP server of HDDSDATANODE is listening at http://0.0.0.0:42634
2019-10-01 07:27:13,756 [main] INFO  impl.MetricsSystemImpl (MetricsSystemImpl.java:init(158)) - HddsDatanode metrics system started (again)
2019-10-01 07:27:13,774 [org.apache.hadoop.util.JvmPauseMonitor$Monitor@59a2f7dc] INFO  util.JvmPauseMonitor (JvmPauseMonitor.java:run(188)) - Starting JVM pause monitor
2019-10-01 07:27:13,776 [main] INFO  ozone.HddsDatanodeService (HddsDatanodeService.java:start(184)) - HddsDatanodeService host:pr-hdds-1984-bsjj8-3390809720 ip:192.168.30.18
2019-10-01 07:27:13,778 [Datanode State Machine Thread - 0] INFO  datanode.InitDatanodeState (InitDatanodeState.java:persistContainerDatanodeDetails(140)) - DatanodeDetails is persisted to /workdir/hadoop-ozone/integration-test/target/test-dir/MiniOzoneClusterImpl-a3295141-d6dd-4ca2-83a3-017d6c1874d6/datanode-3/meta/datanode.id
2019-10-01 07:27:13,786 [main] INFO  volume.HddsVolume (HddsVolume.java:<init>(176)) - Creating Volume: /workdir/hadoop-ozone/integration-test/target/test-dir/MiniOzoneClusterImpl-a3295141-d6dd-4ca2-83a3-017d6c1874d6/datanode-4/data/containers/hdds of  storage type : DISK and capacity : 1482555576320
2019-10-01 07:27:13,786 [main] INFO  volume.VolumeSet (VolumeSet.java:initializeVolumeSet(170)) - Added Volume : /workdir/hadoop-ozone/integration-test/target/test-dir/MiniOzoneClusterImpl-a3295141-d6dd-4ca2-83a3-017d6c1874d6/datanode-4/data/containers/hdds to VolumeSet
2019-10-01 07:27:13,786 [main] INFO  volume.ThrottledAsyncChecker (ThrottledAsyncChecker.java:schedule(139)) - Scheduling a check for org.apache.hadoop.ozone.container.common.volume.HddsVolume@7ac48e10
2019-10-01 07:27:13,787 [main] INFO  volume.HddsVolumeChecker (HddsVolumeChecker.java:checkAllVolumes(202)) - Scheduled health check for volume org.apache.hadoop.ozone.container.common.volume.HddsVolume@7ac48e10
2019-10-01 07:27:13,804 [main] INFO  impl.RaftServerProxy (ConfUtils.java:logGet(43)) - raft.rpc.type = GRPC (default)
2019-10-01 07:27:13,804 [main] INFO  grpc.GrpcFactory (GrpcFactory.java:checkPooledByteBufAllocatorUseCacheForAllThreads(45)) - PERFORMANCE WARNING: useCacheForAllThreads is true that may cause Netty to create a lot garbage objects and, as a result, trigger GC.
	It is recommended to disable useCacheForAllThreads by setting -Dorg.apache.ratis.thirdparty.io.netty.allocator.useCacheForAllThreads=false in command line.
2019-10-01 07:27:13,804 [main] INFO  grpc.GrpcConfigKeys$Server (ConfUtils.java:logGet(43)) - raft.grpc.server.port = 0 (default)
2019-10-01 07:27:13,804 [main] INFO  server.GrpcService (ConfUtils.java:logGet(43)) - raft.grpc.message.size.max = 33570816 (custom)
2019-10-01 07:27:13,804 [main] INFO  server.RaftServerConfigKeys (ConfUtils.java:logGet(43)) - raft.server.log.appender.buffer.byte-limit = 33554432 (custom)
2019-10-01 07:27:13,805 [main] INFO  server.GrpcService (ConfUtils.java:logGet(43)) - raft.grpc.flow.control.window = 1MB (=1048576) (default)
2019-10-01 07:27:13,805 [main] INFO  server.RaftServerConfigKeys (ConfUtils.java:logGet(43)) - raft.server.rpc.request.timeout = 3000ms (default)
2019-10-01 07:27:13,805 [main] INFO  server.RaftServerConfigKeys (ConfUtils.java:logGet(43)) - raft.server.storage.dir = [/workdir/hadoop-ozone/integration-test/target/test-dir/MiniOzoneClusterImpl-a3295141-d6dd-4ca2-83a3-017d6c1874d6/datanode-4/data/ratis] (custom)
2019-10-01 07:27:13,806 [main] INFO  hdfs.DFSUtil (DFSUtil.java:httpServerTemplateForNNAndJN(1641)) - Starting Web-server for hddsDatanode at: http://0.0.0.0:0
2019-10-01 07:27:13,808 [main] INFO  server.AuthenticationFilter (AuthenticationFilter.java:constructSecretProvider(240)) - Unable to initialize FileSignerSecretProvider, falling back to use random secrets.
2019-10-01 07:27:13,808 [main] WARN  http.HttpRequestLog (HttpRequestLog.java:getRequestLog(97)) - Jetty request log can only be enabled using Log4j
2019-10-01 07:27:13,810 [main] INFO  http.HttpServer2 (HttpServer2.java:addGlobalFilter(975)) - Added global filter 'safety' (class=org.apache.hadoop.http.HttpServer2$QuotingInputFilter)
2019-10-01 07:27:13,810 [main] INFO  http.HttpServer2 (HttpServer2.java:addFilter(948)) - Added filter static_user_filter (class=org.apache.hadoop.http.lib.StaticUserWebFilter$StaticUserFilter) to context hddsDatanode
2019-10-01 07:27:13,810 [main] INFO  http.HttpServer2 (HttpServer2.java:addFilter(958)) - Added filter static_user_filter (class=org.apache.hadoop.http.lib.StaticUserWebFilter$StaticUserFilter) to context static
2019-10-01 07:27:13,811 [main] INFO  http.HttpServer2 (HttpServer2.java:addFilter(958)) - Added filter static_user_filter (class=org.apache.hadoop.http.lib.StaticUserWebFilter$StaticUserFilter) to context logs
2019-10-01 07:27:13,811 [main] INFO  http.HttpServer2 (HttpServer2.java:bindListener(1191)) - Jetty bound to port 38765
2019-10-01 07:27:13,811 [main] INFO  server.Server (Server.java:doStart(351)) - jetty-9.3.25.v20180904, build timestamp: 2018-09-04T21:11:46Z, git hash: 3ce520221d0240229c862b122d2b06c12a625732
2019-10-01 07:27:13,813 [main] INFO  handler.ContextHandler (ContextHandler.java:doStart(781)) - Started o.e.j.s.ServletContextHandler@2b6fb197{/logs,file:///workdir/hadoop-ozone/integration-test/target/log,AVAILABLE}
2019-10-01 07:27:13,813 [main] INFO  handler.ContextHandler (ContextHandler.java:doStart(781)) - Started o.e.j.s.ServletContextHandler@5a2ae1ab{/static,jar:file:/home/user/.m2/repository/org/apache/hadoop/hadoop-hdds-container-service/0.5.0-SNAPSHOT/hadoop-hdds-container-service-0.5.0-SNAPSHOT.jar!/webapps/static,AVAILABLE}
2019-10-01 07:27:13,840 [main] INFO  handler.ContextHandler (ContextHandler.java:doStart(781)) - Started o.e.j.w.WebAppContext@26da1ba2{/,file:///tmp/jetty-0.0.0.0-38765-hddsDatanode-_-any-6073551964262622854.dir/webapp/,AVAILABLE}{/hddsDatanode}
2019-10-01 07:27:13,841 [main] INFO  server.AbstractConnector (AbstractConnector.java:doStart(278)) - Started ServerConnector@3820cfe{HTTP/1.1,[http/1.1]}{0.0.0.0:38765}
2019-10-01 07:27:13,845 [main] INFO  server.Server (Server.java:doStart(419)) - Started @225966ms
2019-10-01 07:27:13,845 [main] WARN  impl.MetricsSystemImpl (MetricsSystemImpl.java:register(276)) - Sink prometheus already exists!
2019-10-01 07:27:13,845 [main] INFO  server.BaseHttpServer (BaseHttpServer.java:updateConnectorAddress(215)) - HTTP server of HDDSDATANODE is listening at http://0.0.0.0:38765
2019-10-01 07:27:13,845 [main] INFO  impl.MetricsSystemImpl (MetricsSystemImpl.java:init(158)) - HddsDatanode metrics system started (again)
2019-10-01 07:27:13,864 [org.apache.hadoop.util.JvmPauseMonitor$Monitor@bca9c88] INFO  util.JvmPauseMonitor (JvmPauseMonitor.java:run(188)) - Starting JVM pause monitor
2019-10-01 07:27:13,865 [Datanode State Machine Thread - 0] INFO  datanode.InitDatanodeState (InitDatanodeState.java:persistContainerDatanodeDetails(140)) - DatanodeDetails is persisted to /workdir/hadoop-ozone/integration-test/target/test-dir/MiniOzoneClusterImpl-a3295141-d6dd-4ca2-83a3-017d6c1874d6/datanode-4/meta/datanode.id
2019-10-01 07:27:13,866 [main] INFO  ozone.HddsDatanodeService (HddsDatanodeService.java:start(184)) - HddsDatanodeService host:pr-hdds-1984-bsjj8-3390809720 ip:192.168.30.18
2019-10-01 07:27:13,876 [main] INFO  volume.HddsVolume (HddsVolume.java:<init>(176)) - Creating Volume: /workdir/hadoop-ozone/integration-test/target/test-dir/MiniOzoneClusterImpl-a3295141-d6dd-4ca2-83a3-017d6c1874d6/datanode-5/data/containers/hdds of  storage type : DISK and capacity : 1482555576320
2019-10-01 07:27:13,876 [main] INFO  volume.VolumeSet (VolumeSet.java:initializeVolumeSet(170)) - Added Volume : /workdir/hadoop-ozone/integration-test/target/test-dir/MiniOzoneClusterImpl-a3295141-d6dd-4ca2-83a3-017d6c1874d6/datanode-5/data/containers/hdds to VolumeSet
2019-10-01 07:27:13,877 [main] INFO  volume.ThrottledAsyncChecker (ThrottledAsyncChecker.java:schedule(139)) - Scheduling a check for org.apache.hadoop.ozone.container.common.volume.HddsVolume@6750e381
2019-10-01 07:27:13,877 [main] INFO  volume.HddsVolumeChecker (HddsVolumeChecker.java:checkAllVolumes(202)) - Scheduled health check for volume org.apache.hadoop.ozone.container.common.volume.HddsVolume@6750e381
2019-10-01 07:27:13,892 [main] INFO  impl.RaftServerProxy (ConfUtils.java:logGet(43)) - raft.rpc.type = GRPC (default)
2019-10-01 07:27:13,892 [main] INFO  grpc.GrpcFactory (GrpcFactory.java:checkPooledByteBufAllocatorUseCacheForAllThreads(45)) - PERFORMANCE WARNING: useCacheForAllThreads is true that may cause Netty to create a lot garbage objects and, as a result, trigger GC.
	It is recommended to disable useCacheForAllThreads by setting -Dorg.apache.ratis.thirdparty.io.netty.allocator.useCacheForAllThreads=false in command line.
2019-10-01 07:27:13,892 [main] INFO  grpc.GrpcConfigKeys$Server (ConfUtils.java:logGet(43)) - raft.grpc.server.port = 0 (default)
2019-10-01 07:27:13,892 [main] INFO  server.GrpcService (ConfUtils.java:logGet(43)) - raft.grpc.message.size.max = 33570816 (custom)
2019-10-01 07:27:13,892 [main] INFO  server.RaftServerConfigKeys (ConfUtils.java:logGet(43)) - raft.server.log.appender.buffer.byte-limit = 33554432 (custom)
2019-10-01 07:27:13,893 [main] INFO  server.GrpcService (ConfUtils.java:logGet(43)) - raft.grpc.flow.control.window = 1MB (=1048576) (default)
2019-10-01 07:27:13,893 [main] INFO  server.RaftServerConfigKeys (ConfUtils.java:logGet(43)) - raft.server.rpc.request.timeout = 3000ms (default)
2019-10-01 07:27:13,893 [main] INFO  server.RaftServerConfigKeys (ConfUtils.java:logGet(43)) - raft.server.storage.dir = [/workdir/hadoop-ozone/integration-test/target/test-dir/MiniOzoneClusterImpl-a3295141-d6dd-4ca2-83a3-017d6c1874d6/datanode-5/data/ratis] (custom)
2019-10-01 07:27:13,894 [main] INFO  hdfs.DFSUtil (DFSUtil.java:httpServerTemplateForNNAndJN(1641)) - Starting Web-server for hddsDatanode at: http://0.0.0.0:0
2019-10-01 07:27:13,895 [main] INFO  server.AuthenticationFilter (AuthenticationFilter.java:constructSecretProvider(240)) - Unable to initialize FileSignerSecretProvider, falling back to use random secrets.
2019-10-01 07:27:13,896 [main] WARN  http.HttpRequestLog (HttpRequestLog.java:getRequestLog(97)) - Jetty request log can only be enabled using Log4j
2019-10-01 07:27:13,897 [main] INFO  http.HttpServer2 (HttpServer2.java:addGlobalFilter(975)) - Added global filter 'safety' (class=org.apache.hadoop.http.HttpServer2$QuotingInputFilter)
2019-10-01 07:27:13,897 [main] INFO  http.HttpServer2 (HttpServer2.java:addFilter(948)) - Added filter static_user_filter (class=org.apache.hadoop.http.lib.StaticUserWebFilter$StaticUserFilter) to context hddsDatanode
2019-10-01 07:27:13,897 [main] INFO  http.HttpServer2 (HttpServer2.java:addFilter(958)) - Added filter static_user_filter (class=org.apache.hadoop.http.lib.StaticUserWebFilter$StaticUserFilter) to context logs
2019-10-01 07:27:13,897 [main] INFO  http.HttpServer2 (HttpServer2.java:addFilter(958)) - Added filter static_user_filter (class=org.apache.hadoop.http.lib.StaticUserWebFilter$StaticUserFilter) to context static
2019-10-01 07:27:13,898 [main] INFO  http.HttpServer2 (HttpServer2.java:bindListener(1191)) - Jetty bound to port 37272
2019-10-01 07:27:13,898 [main] INFO  server.Server (Server.java:doStart(351)) - jetty-9.3.25.v20180904, build timestamp: 2018-09-04T21:11:46Z, git hash: 3ce520221d0240229c862b122d2b06c12a625732
2019-10-01 07:27:13,899 [main] INFO  handler.ContextHandler (ContextHandler.java:doStart(781)) - Started o.e.j.s.ServletContextHandler@4fd74223{/logs,file:///workdir/hadoop-ozone/integration-test/target/log,AVAILABLE}
2019-10-01 07:27:13,900 [main] INFO  handler.ContextHandler (ContextHandler.java:doStart(781)) - Started o.e.j.s.ServletContextHandler@32ae8f27{/static,jar:file:/home/user/.m2/repository/org/apache/hadoop/hadoop-hdds-container-service/0.5.0-SNAPSHOT/hadoop-hdds-container-service-0.5.0-SNAPSHOT.jar!/webapps/static,AVAILABLE}
2019-10-01 07:27:13,927 [main] INFO  handler.ContextHandler (ContextHandler.java:doStart(781)) - Started o.e.j.w.WebAppContext@4981d95b{/,file:///tmp/jetty-0.0.0.0-37272-hddsDatanode-_-any-3357927633624311870.dir/webapp/,AVAILABLE}{/hddsDatanode}
2019-10-01 07:27:13,927 [main] INFO  server.AbstractConnector (AbstractConnector.java:doStart(278)) - Started ServerConnector@656842bc{HTTP/1.1,[http/1.1]}{0.0.0.0:37272}
2019-10-01 07:27:13,931 [main] INFO  server.Server (Server.java:doStart(419)) - Started @226052ms
2019-10-01 07:27:13,931 [main] WARN  impl.MetricsSystemImpl (MetricsSystemImpl.java:register(276)) - Sink prometheus already exists!
2019-10-01 07:27:13,931 [main] INFO  server.BaseHttpServer (BaseHttpServer.java:updateConnectorAddress(215)) - HTTP server of HDDSDATANODE is listening at http://0.0.0.0:37272
2019-10-01 07:27:13,932 [main] INFO  impl.MetricsSystemImpl (MetricsSystemImpl.java:init(158)) - HddsDatanode metrics system started (again)
2019-10-01 07:27:13,951 [org.apache.hadoop.util.JvmPauseMonitor$Monitor@52efea1] INFO  util.JvmPauseMonitor (JvmPauseMonitor.java:run(188)) - Starting JVM pause monitor
2019-10-01 07:27:13,952 [main] INFO  ozone.HddsDatanodeService (HddsDatanodeService.java:start(184)) - HddsDatanodeService host:pr-hdds-1984-bsjj8-3390809720 ip:192.168.30.18
2019-10-01 07:27:13,952 [Datanode State Machine Thread - 0] INFO  datanode.InitDatanodeState (InitDatanodeState.java:persistContainerDatanodeDetails(140)) - DatanodeDetails is persisted to /workdir/hadoop-ozone/integration-test/target/test-dir/MiniOzoneClusterImpl-a3295141-d6dd-4ca2-83a3-017d6c1874d6/datanode-5/meta/datanode.id
2019-10-01 07:27:13,962 [main] INFO  volume.HddsVolume (HddsVolume.java:<init>(176)) - Creating Volume: /workdir/hadoop-ozone/integration-test/target/test-dir/MiniOzoneClusterImpl-a3295141-d6dd-4ca2-83a3-017d6c1874d6/datanode-6/data/containers/hdds of  storage type : DISK and capacity : 1482555576320
2019-10-01 07:27:13,963 [main] INFO  volume.VolumeSet (VolumeSet.java:initializeVolumeSet(170)) - Added Volume : /workdir/hadoop-ozone/integration-test/target/test-dir/MiniOzoneClusterImpl-a3295141-d6dd-4ca2-83a3-017d6c1874d6/datanode-6/data/containers/hdds to VolumeSet
2019-10-01 07:27:13,963 [main] INFO  volume.ThrottledAsyncChecker (ThrottledAsyncChecker.java:schedule(139)) - Scheduling a check for org.apache.hadoop.ozone.container.common.volume.HddsVolume@756808cc
2019-10-01 07:27:13,963 [main] INFO  volume.HddsVolumeChecker (HddsVolumeChecker.java:checkAllVolumes(202)) - Scheduled health check for volume org.apache.hadoop.ozone.container.common.volume.HddsVolume@756808cc
2019-10-01 07:27:13,978 [main] INFO  impl.RaftServerProxy (ConfUtils.java:logGet(43)) - raft.rpc.type = GRPC (default)
2019-10-01 07:27:13,978 [main] INFO  grpc.GrpcFactory (GrpcFactory.java:checkPooledByteBufAllocatorUseCacheForAllThreads(45)) - PERFORMANCE WARNING: useCacheForAllThreads is true that may cause Netty to create a lot garbage objects and, as a result, trigger GC.
	It is recommended to disable useCacheForAllThreads by setting -Dorg.apache.ratis.thirdparty.io.netty.allocator.useCacheForAllThreads=false in command line.
2019-10-01 07:27:13,978 [main] INFO  grpc.GrpcConfigKeys$Server (ConfUtils.java:logGet(43)) - raft.grpc.server.port = 0 (default)
2019-10-01 07:27:13,979 [main] INFO  server.GrpcService (ConfUtils.java:logGet(43)) - raft.grpc.message.size.max = 33570816 (custom)
2019-10-01 07:27:13,979 [main] INFO  server.RaftServerConfigKeys (ConfUtils.java:logGet(43)) - raft.server.log.appender.buffer.byte-limit = 33554432 (custom)
2019-10-01 07:27:13,979 [main] INFO  server.GrpcService (ConfUtils.java:logGet(43)) - raft.grpc.flow.control.window = 1MB (=1048576) (default)
2019-10-01 07:27:13,979 [main] INFO  server.RaftServerConfigKeys (ConfUtils.java:logGet(43)) - raft.server.rpc.request.timeout = 3000ms (default)
2019-10-01 07:27:13,980 [main] INFO  server.RaftServerConfigKeys (ConfUtils.java:logGet(43)) - raft.server.storage.dir = [/workdir/hadoop-ozone/integration-test/target/test-dir/MiniOzoneClusterImpl-a3295141-d6dd-4ca2-83a3-017d6c1874d6/datanode-6/data/ratis] (custom)
2019-10-01 07:27:13,981 [main] INFO  hdfs.DFSUtil (DFSUtil.java:httpServerTemplateForNNAndJN(1641)) - Starting Web-server for hddsDatanode at: http://0.0.0.0:0
2019-10-01 07:27:13,982 [main] INFO  server.AuthenticationFilter (AuthenticationFilter.java:constructSecretProvider(240)) - Unable to initialize FileSignerSecretProvider, falling back to use random secrets.
2019-10-01 07:27:13,982 [main] WARN  http.HttpRequestLog (HttpRequestLog.java:getRequestLog(97)) - Jetty request log can only be enabled using Log4j
2019-10-01 07:27:13,983 [main] INFO  http.HttpServer2 (HttpServer2.java:addGlobalFilter(975)) - Added global filter 'safety' (class=org.apache.hadoop.http.HttpServer2$QuotingInputFilter)
2019-10-01 07:27:13,984 [main] INFO  http.HttpServer2 (HttpServer2.java:addFilter(948)) - Added filter static_user_filter (class=org.apache.hadoop.http.lib.StaticUserWebFilter$StaticUserFilter) to context hddsDatanode
2019-10-01 07:27:13,984 [main] INFO  http.HttpServer2 (HttpServer2.java:addFilter(958)) - Added filter static_user_filter (class=org.apache.hadoop.http.lib.StaticUserWebFilter$StaticUserFilter) to context logs
2019-10-01 07:27:13,984 [main] INFO  http.HttpServer2 (HttpServer2.java:addFilter(958)) - Added filter static_user_filter (class=org.apache.hadoop.http.lib.StaticUserWebFilter$StaticUserFilter) to context static
2019-10-01 07:27:13,984 [main] INFO  http.HttpServer2 (HttpServer2.java:bindListener(1191)) - Jetty bound to port 40848
2019-10-01 07:27:13,985 [main] INFO  server.Server (Server.java:doStart(351)) - jetty-9.3.25.v20180904, build timestamp: 2018-09-04T21:11:46Z, git hash: 3ce520221d0240229c862b122d2b06c12a625732
2019-10-01 07:27:13,986 [main] INFO  handler.ContextHandler (ContextHandler.java:doStart(781)) - Started o.e.j.s.ServletContextHandler@1eeb5818{/logs,file:///workdir/hadoop-ozone/integration-test/target/log,AVAILABLE}
2019-10-01 07:27:13,986 [main] INFO  handler.ContextHandler (ContextHandler.java:doStart(781)) - Started o.e.j.s.ServletContextHandler@58d4238e{/static,jar:file:/home/user/.m2/repository/org/apache/hadoop/hadoop-hdds-container-service/0.5.0-SNAPSHOT/hadoop-hdds-container-service-0.5.0-SNAPSHOT.jar!/webapps/static,AVAILABLE}
2019-10-01 07:27:14,013 [main] INFO  handler.ContextHandler (ContextHandler.java:doStart(781)) - Started o.e.j.w.WebAppContext@78b03788{/,file:///tmp/jetty-0.0.0.0-40848-hddsDatanode-_-any-1605529090977122986.dir/webapp/,AVAILABLE}{/hddsDatanode}
2019-10-01 07:27:14,013 [main] INFO  server.AbstractConnector (AbstractConnector.java:doStart(278)) - Started ServerConnector@3f5dfe69{HTTP/1.1,[http/1.1]}{0.0.0.0:40848}
2019-10-01 07:27:14,018 [main] INFO  server.Server (Server.java:doStart(419)) - Started @226139ms
2019-10-01 07:27:14,018 [main] WARN  impl.MetricsSystemImpl (MetricsSystemImpl.java:register(276)) - Sink prometheus already exists!
2019-10-01 07:27:14,019 [main] INFO  server.BaseHttpServer (BaseHttpServer.java:updateConnectorAddress(215)) - HTTP server of HDDSDATANODE is listening at http://0.0.0.0:40848
2019-10-01 07:27:14,020 [main] INFO  ozone.MiniOzoneClusterImpl (MiniOzoneClusterImpl.java:lambda$waitForClusterToBeReady$0(147)) - Waiting for cluster to be ready. Got 0 of 7 DN Heartbeats.
2019-10-01 07:27:14,021 [org.apache.hadoop.util.JvmPauseMonitor$Monitor@ae60832] INFO  util.JvmPauseMonitor (JvmPauseMonitor.java:run(188)) - Starting JVM pause monitor
2019-10-01 07:27:14,022 [Datanode State Machine Thread - 0] INFO  datanode.InitDatanodeState (InitDatanodeState.java:persistContainerDatanodeDetails(140)) - DatanodeDetails is persisted to /workdir/hadoop-ozone/integration-test/target/test-dir/MiniOzoneClusterImpl-a3295141-d6dd-4ca2-83a3-017d6c1874d6/datanode-6/meta/datanode.id
2019-10-01 07:27:14,492 [grpc-default-executor-2] WARN  server.GrpcLogAppender (LogUtils.java:warn(134)) - be47bb61-472a-4d67-8e1a-05db22c1f3ae@group-68D55C291AF2->a5319893-1770-436a-9567-4b3fd98b83df-AppendLogResponseHandler: Failed appendEntries: org.apache.ratis.thirdparty.io.grpc.StatusRuntimeException: UNAVAILABLE: io exception
2019-10-01 07:27:14,492 [grpc-default-executor-0] WARN  server.GrpcLogAppender (LogUtils.java:warn(134)) - be47bb61-472a-4d67-8e1a-05db22c1f3ae@group-68D55C291AF2->8451d732-4754-49d1-b6bb-2cccf437fad4-AppendLogResponseHandler: Failed appendEntries: org.apache.ratis.thirdparty.io.grpc.StatusRuntimeException: UNAVAILABLE: io exception
2019-10-01 07:27:14,492 [grpc-default-executor-2] INFO  impl.FollowerInfo (FollowerInfo.java:lambda$new$0(51)) - be47bb61-472a-4d67-8e1a-05db22c1f3ae@group-68D55C291AF2->a5319893-1770-436a-9567-4b3fd98b83df: nextIndex: updateUnconditionally 0 -> 0
2019-10-01 07:27:14,493 [grpc-default-executor-0] INFO  impl.FollowerInfo (FollowerInfo.java:lambda$new$0(51)) - be47bb61-472a-4d67-8e1a-05db22c1f3ae@group-68D55C291AF2->8451d732-4754-49d1-b6bb-2cccf437fad4: nextIndex: updateUnconditionally 0 -> 0
2019-10-01 07:27:15,020 [main] INFO  ozone.MiniOzoneClusterImpl (MiniOzoneClusterImpl.java:lambda$waitForClusterToBeReady$0(147)) - Waiting for cluster to be ready. Got 0 of 7 DN Heartbeats.
2019-10-01 07:27:15,562 [Datanode State Machine Thread - 0] INFO  ozoneimpl.OzoneContainer (OzoneContainer.java:start(217)) - Attempting to start container services.
2019-10-01 07:27:15,562 [Datanode State Machine Thread - 0] INFO  ozoneimpl.OzoneContainer (OzoneContainer.java:startContainerScrub(179)) - Background container scanner has been disabled.
2019-10-01 07:27:15,563 [Datanode State Machine Thread - 0] INFO  ratis.XceiverServerRatis (XceiverServerRatis.java:start(417)) - Starting XceiverServerRatis f8cd3b89-0801-4612-90b3-c9aed41ad343 at port 0
2019-10-01 07:27:15,569 [Datanode State Machine Thread - 0] INFO  impl.RaftServerProxy (RaftServerProxy.java:lambda$start$3(299)) - f8cd3b89-0801-4612-90b3-c9aed41ad343: start RPC server
2019-10-01 07:27:15,570 [Datanode State Machine Thread - 0] INFO  server.GrpcService (GrpcService.java:startImpl(158)) - f8cd3b89-0801-4612-90b3-c9aed41ad343: GrpcService started, listening on 0.0.0.0/0.0.0.0:37465
2019-10-01 07:27:15,570 [Datanode State Machine Thread - 0] INFO  ratis.XceiverServerRatis (XceiverServerRatis.java:start(427)) - XceiverServerRatis f8cd3b89-0801-4612-90b3-c9aed41ad343 is started using port 37465
2019-10-01 07:27:15,570 [Datanode State Machine Thread - 0] INFO  server.XceiverServerGrpc (XceiverServerGrpc.java:start(149)) - XceiverServerGrpc f8cd3b89-0801-4612-90b3-c9aed41ad343 is started using port 46676
2019-10-01 07:27:15,629 [Datanode State Machine Thread - 0] INFO  ozoneimpl.OzoneContainer (OzoneContainer.java:start(217)) - Attempting to start container services.
2019-10-01 07:27:15,629 [Datanode State Machine Thread - 0] INFO  ozoneimpl.OzoneContainer (OzoneContainer.java:startContainerScrub(179)) - Background container scanner has been disabled.
2019-10-01 07:27:15,630 [Datanode State Machine Thread - 0] INFO  ratis.XceiverServerRatis (XceiverServerRatis.java:start(417)) - Starting XceiverServerRatis ed7cd0ec-efdd-4bf8-a6ce-d1107d60787a at port 0
2019-10-01 07:27:15,636 [Datanode State Machine Thread - 0] INFO  impl.RaftServerProxy (RaftServerProxy.java:lambda$start$3(299)) - ed7cd0ec-efdd-4bf8-a6ce-d1107d60787a: start RPC server
2019-10-01 07:27:15,640 [Datanode State Machine Thread - 0] INFO  server.GrpcService (GrpcService.java:startImpl(158)) - ed7cd0ec-efdd-4bf8-a6ce-d1107d60787a: GrpcService started, listening on 0.0.0.0/0.0.0.0:36182
2019-10-01 07:27:15,640 [Datanode State Machine Thread - 0] INFO  ratis.XceiverServerRatis (XceiverServerRatis.java:start(427)) - XceiverServerRatis ed7cd0ec-efdd-4bf8-a6ce-d1107d60787a is started using port 36182
2019-10-01 07:27:15,641 [Datanode State Machine Thread - 0] INFO  server.XceiverServerGrpc (XceiverServerGrpc.java:start(149)) - XceiverServerGrpc ed7cd0ec-efdd-4bf8-a6ce-d1107d60787a is started using port 35868
2019-10-01 07:27:15,713 [Datanode State Machine Thread - 0] INFO  ozoneimpl.OzoneContainer (OzoneContainer.java:start(217)) - Attempting to start container services.
2019-10-01 07:27:15,713 [Datanode State Machine Thread - 0] INFO  ozoneimpl.OzoneContainer (OzoneContainer.java:startContainerScrub(179)) - Background container scanner has been disabled.
2019-10-01 07:27:15,713 [Datanode State Machine Thread - 0] INFO  ratis.XceiverServerRatis (XceiverServerRatis.java:start(417)) - Starting XceiverServerRatis dba3f8e3-15ef-40cd-a7e3-c0dcaaff2a16 at port 0
2019-10-01 07:27:15,719 [Datanode State Machine Thread - 0] INFO  impl.RaftServerProxy (RaftServerProxy.java:lambda$start$3(299)) - dba3f8e3-15ef-40cd-a7e3-c0dcaaff2a16: start RPC server
2019-10-01 07:27:15,720 [Datanode State Machine Thread - 0] INFO  server.GrpcService (GrpcService.java:startImpl(158)) - dba3f8e3-15ef-40cd-a7e3-c0dcaaff2a16: GrpcService started, listening on 0.0.0.0/0.0.0.0:44845
2019-10-01 07:27:15,720 [Datanode State Machine Thread - 0] INFO  ratis.XceiverServerRatis (XceiverServerRatis.java:start(427)) - XceiverServerRatis dba3f8e3-15ef-40cd-a7e3-c0dcaaff2a16 is started using port 44845
2019-10-01 07:27:15,720 [Datanode State Machine Thread - 0] INFO  server.XceiverServerGrpc (XceiverServerGrpc.java:start(149)) - XceiverServerGrpc dba3f8e3-15ef-40cd-a7e3-c0dcaaff2a16 is started using port 42010
2019-10-01 07:27:15,796 [Datanode State Machine Thread - 0] INFO  ozoneimpl.OzoneContainer (OzoneContainer.java:start(217)) - Attempting to start container services.
2019-10-01 07:27:15,797 [Datanode State Machine Thread - 0] INFO  ozoneimpl.OzoneContainer (OzoneContainer.java:startContainerScrub(179)) - Background container scanner has been disabled.
2019-10-01 07:27:15,797 [Datanode State Machine Thread - 0] INFO  ratis.XceiverServerRatis (XceiverServerRatis.java:start(417)) - Starting XceiverServerRatis 3c543937-5f82-4ba7-aeab-f449bb36d2fa at port 0
2019-10-01 07:27:15,804 [Datanode State Machine Thread - 0] INFO  impl.RaftServerProxy (RaftServerProxy.java:lambda$start$3(299)) - 3c543937-5f82-4ba7-aeab-f449bb36d2fa: start RPC server
2019-10-01 07:27:15,809 [Datanode State Machine Thread - 0] INFO  server.GrpcService (GrpcService.java:startImpl(158)) - 3c543937-5f82-4ba7-aeab-f449bb36d2fa: GrpcService started, listening on 0.0.0.0/0.0.0.0:32852
2019-10-01 07:27:15,809 [Datanode State Machine Thread - 0] INFO  ratis.XceiverServerRatis (XceiverServerRatis.java:start(427)) - XceiverServerRatis 3c543937-5f82-4ba7-aeab-f449bb36d2fa is started using port 32852
2019-10-01 07:27:15,813 [Datanode State Machine Thread - 0] INFO  server.XceiverServerGrpc (XceiverServerGrpc.java:start(149)) - XceiverServerGrpc 3c543937-5f82-4ba7-aeab-f449bb36d2fa is started using port 34601
2019-10-01 07:27:15,889 [Datanode State Machine Thread - 0] INFO  ozoneimpl.OzoneContainer (OzoneContainer.java:start(217)) - Attempting to start container services.
2019-10-01 07:27:15,889 [Datanode State Machine Thread - 0] INFO  ozoneimpl.OzoneContainer (OzoneContainer.java:startContainerScrub(179)) - Background container scanner has been disabled.
2019-10-01 07:27:15,889 [Datanode State Machine Thread - 0] INFO  ratis.XceiverServerRatis (XceiverServerRatis.java:start(417)) - Starting XceiverServerRatis 0d347145-7e33-414c-898e-d13b8f443d99 at port 0
2019-10-01 07:27:15,896 [Datanode State Machine Thread - 0] INFO  impl.RaftServerProxy (RaftServerProxy.java:lambda$start$3(299)) - 0d347145-7e33-414c-898e-d13b8f443d99: start RPC server
2019-10-01 07:27:15,900 [Datanode State Machine Thread - 0] INFO  server.GrpcService (GrpcService.java:startImpl(158)) - 0d347145-7e33-414c-898e-d13b8f443d99: GrpcService started, listening on 0.0.0.0/0.0.0.0:44592
2019-10-01 07:27:15,900 [Datanode State Machine Thread - 0] INFO  ratis.XceiverServerRatis (XceiverServerRatis.java:start(427)) - XceiverServerRatis 0d347145-7e33-414c-898e-d13b8f443d99 is started using port 44592
2019-10-01 07:27:15,901 [Datanode State Machine Thread - 0] INFO  server.XceiverServerGrpc (XceiverServerGrpc.java:start(149)) - XceiverServerGrpc 0d347145-7e33-414c-898e-d13b8f443d99 is started using port 33829
2019-10-01 07:27:15,981 [Datanode State Machine Thread - 0] INFO  ozoneimpl.OzoneContainer (OzoneContainer.java:start(217)) - Attempting to start container services.
2019-10-01 07:27:15,981 [Datanode State Machine Thread - 0] INFO  ozoneimpl.OzoneContainer (OzoneContainer.java:startContainerScrub(179)) - Background container scanner has been disabled.
2019-10-01 07:27:15,981 [Datanode State Machine Thread - 0] INFO  ratis.XceiverServerRatis (XceiverServerRatis.java:start(417)) - Starting XceiverServerRatis 01b282da-5184-44fd-b80b-ba609c1a625b at port 0
2019-10-01 07:27:15,988 [Datanode State Machine Thread - 0] INFO  impl.RaftServerProxy (RaftServerProxy.java:lambda$start$3(299)) - 01b282da-5184-44fd-b80b-ba609c1a625b: start RPC server
2019-10-01 07:27:15,992 [Datanode State Machine Thread - 0] INFO  server.GrpcService (GrpcService.java:startImpl(158)) - 01b282da-5184-44fd-b80b-ba609c1a625b: GrpcService started, listening on 0.0.0.0/0.0.0.0:45354
2019-10-01 07:27:15,992 [Datanode State Machine Thread - 0] INFO  ratis.XceiverServerRatis (XceiverServerRatis.java:start(427)) - XceiverServerRatis 01b282da-5184-44fd-b80b-ba609c1a625b is started using port 45354
2019-10-01 07:27:15,993 [Datanode State Machine Thread - 0] INFO  server.XceiverServerGrpc (XceiverServerGrpc.java:start(149)) - XceiverServerGrpc 01b282da-5184-44fd-b80b-ba609c1a625b is started using port 44041
2019-10-01 07:27:16,020 [main] INFO  ozone.MiniOzoneClusterImpl (MiniOzoneClusterImpl.java:lambda$waitForClusterToBeReady$0(147)) - Waiting for cluster to be ready. Got 0 of 7 DN Heartbeats.
2019-10-01 07:27:16,048 [Datanode State Machine Thread - 0] INFO  ozoneimpl.OzoneContainer (OzoneContainer.java:start(217)) - Attempting to start container services.
2019-10-01 07:27:16,048 [Datanode State Machine Thread - 0] INFO  ozoneimpl.OzoneContainer (OzoneContainer.java:startContainerScrub(179)) - Background container scanner has been disabled.
2019-10-01 07:27:16,048 [Datanode State Machine Thread - 0] INFO  ratis.XceiverServerRatis (XceiverServerRatis.java:start(417)) - Starting XceiverServerRatis a125c0e2-9a62-4411-a491-58df8ee0146a at port 0
2019-10-01 07:27:16,054 [Datanode State Machine Thread - 0] INFO  impl.RaftServerProxy (RaftServerProxy.java:lambda$start$3(299)) - a125c0e2-9a62-4411-a491-58df8ee0146a: start RPC server
2019-10-01 07:27:16,055 [Datanode State Machine Thread - 0] INFO  server.GrpcService (GrpcService.java:startImpl(158)) - a125c0e2-9a62-4411-a491-58df8ee0146a: GrpcService started, listening on 0.0.0.0/0.0.0.0:39304
2019-10-01 07:27:16,055 [Datanode State Machine Thread - 0] INFO  ratis.XceiverServerRatis (XceiverServerRatis.java:start(427)) - XceiverServerRatis a125c0e2-9a62-4411-a491-58df8ee0146a is started using port 39304
2019-10-01 07:27:16,055 [Datanode State Machine Thread - 0] INFO  server.XceiverServerGrpc (XceiverServerGrpc.java:start(149)) - XceiverServerGrpc a125c0e2-9a62-4411-a491-58df8ee0146a is started using port 34102
2019-10-01 07:27:16,992 [grpc-default-executor-0] WARN  server.GrpcLogAppender (LogUtils.java:warn(134)) - be47bb61-472a-4d67-8e1a-05db22c1f3ae@group-68D55C291AF2->a5319893-1770-436a-9567-4b3fd98b83df-AppendLogResponseHandler: Failed appendEntries: org.apache.ratis.thirdparty.io.grpc.StatusRuntimeException: UNAVAILABLE: io exception
2019-10-01 07:27:16,992 [grpc-default-executor-7] WARN  server.GrpcLogAppender (LogUtils.java:warn(134)) - be47bb61-472a-4d67-8e1a-05db22c1f3ae@group-68D55C291AF2->8451d732-4754-49d1-b6bb-2cccf437fad4-AppendLogResponseHandler: Failed appendEntries: org.apache.ratis.thirdparty.io.grpc.StatusRuntimeException: UNAVAILABLE: io exception
2019-10-01 07:27:16,992 [grpc-default-executor-0] INFO  impl.FollowerInfo (FollowerInfo.java:lambda$new$0(51)) - be47bb61-472a-4d67-8e1a-05db22c1f3ae@group-68D55C291AF2->a5319893-1770-436a-9567-4b3fd98b83df: nextIndex: updateUnconditionally 0 -> 0
2019-10-01 07:27:16,993 [grpc-default-executor-7] INFO  impl.FollowerInfo (FollowerInfo.java:lambda$new$0(51)) - be47bb61-472a-4d67-8e1a-05db22c1f3ae@group-68D55C291AF2->8451d732-4754-49d1-b6bb-2cccf437fad4: nextIndex: updateUnconditionally 0 -> 0
2019-10-01 07:27:17,021 [main] INFO  ozone.MiniOzoneClusterImpl (MiniOzoneClusterImpl.java:lambda$waitForClusterToBeReady$0(147)) - Waiting for cluster to be ready. Got 0 of 7 DN Heartbeats.
2019-10-01 07:27:17,521 [IPC Server handler 0 on 41804] INFO  net.NetworkTopology (NetworkTopologyImpl.java:add(111)) - Added a new node: /default-rack/f8cd3b89-0801-4612-90b3-c9aed41ad343
2019-10-01 07:27:17,526 [IPC Server handler 0 on 41804] INFO  node.SCMNodeManager (SCMNodeManager.java:register(266)) - Registered Data node : f8cd3b89-0801-4612-90b3-c9aed41ad343{ip: 192.168.30.18, host: pr-hdds-1984-bsjj8-3390809720, networkLocation: /default-rack, certSerialId: null}
2019-10-01 07:27:17,527 [EventQueue-NodeRegistrationContainerReportForDataNodeSafeModeRule] INFO  safemode.SCMSafeModeManager (DataNodeSafeModeRule.java:process(71)) - SCM in safe mode. 1 DataNodes registered, 1 required.
2019-10-01 07:27:17,531 [EventQueue-NodeRegistrationContainerReportForDataNodeSafeModeRule] INFO  safemode.SCMSafeModeManager (SCMSafeModeManager.java:validateSafeModeExitRules(177)) - ScmSafeModeManager, all rules are successfully validated
2019-10-01 07:27:17,531 [EventQueue-NodeRegistrationContainerReportForDataNodeSafeModeRule] INFO  safemode.SCMSafeModeManager (SCMSafeModeManager.java:exitSafeMode(193)) - SCM exiting safe mode.
2019-10-01 07:27:17,546 [grpc-default-executor-6] INFO  impl.RaftServerProxy (RaftServerProxy.java:addNew(89)) - f8cd3b89-0801-4612-90b3-c9aed41ad343: addNew group-5F7C0DE06412:[f8cd3b89-0801-4612-90b3-c9aed41ad343:192.168.30.18:37465] returns group-5F7C0DE06412:java.util.concurrent.CompletableFuture@24a4f3f[Not completed]
2019-10-01 07:27:17,547 [pool-383-thread-1] INFO  impl.RaftServerImpl (RaftServerImpl.java:<init>(95)) - f8cd3b89-0801-4612-90b3-c9aed41ad343: new RaftServerImpl for group-5F7C0DE06412:[f8cd3b89-0801-4612-90b3-c9aed41ad343:192.168.30.18:37465] with ContainerStateMachine:uninitialized
2019-10-01 07:27:17,547 [pool-383-thread-1] INFO  server.RaftServerConfigKeys (ConfUtils.java:logGet(43)) - raft.server.rpc.timeout.min = 5s (custom)
2019-10-01 07:27:17,547 [pool-383-thread-1] INFO  server.RaftServerConfigKeys (ConfUtils.java:logGet(43)) - raft.server.rpc.timeout.max = 5200ms (custom)
2019-10-01 07:27:17,547 [pool-383-thread-1] INFO  server.RaftServerConfigKeys (ConfUtils.java:logGet(43)) - raft.server.rpcslowness.timeout = 120s (custom)
2019-10-01 07:27:17,547 [pool-383-thread-1] INFO  server.RaftServerConfigKeys (ConfUtils.java:logGet(43)) - raft.server.sleep.deviation.threshold = 300 (default)
2019-10-01 07:27:17,547 [pool-383-thread-1] INFO  server.RaftServerConfigKeys (ConfUtils.java:logGet(43)) - raft.server.log.appender.install.snapshot.enabled = false (custom)
2019-10-01 07:27:17,547 [pool-383-thread-1] INFO  impl.RaftServerImpl (ServerState.java:<init>(103)) - f8cd3b89-0801-4612-90b3-c9aed41ad343@group-5F7C0DE06412: ConfigurationManager, init=-1: [f8cd3b89-0801-4612-90b3-c9aed41ad343:192.168.30.18:37465], old=null, confs=<EMPTY_MAP>
2019-10-01 07:27:17,548 [pool-383-thread-1] INFO  server.RaftServerConfigKeys (ConfUtils.java:logGet(43)) - raft.server.storage.dir = [/workdir/hadoop-ozone/integration-test/target/test-dir/MiniOzoneClusterImpl-a3295141-d6dd-4ca2-83a3-017d6c1874d6/datanode-0/data/ratis] (custom)
2019-10-01 07:27:17,548 [pool-383-thread-1] INFO  server.RaftServerConfigKeys (ConfUtils.java:logGet(43)) - raft.server.log.corruption.policy = EXCEPTION (default)
2019-10-01 07:27:17,548 [pool-383-thread-1] INFO  storage.RaftStorageDirectory (RaftStorageDirectory.java:analyzeStorage(246)) - The storage directory /workdir/hadoop-ozone/integration-test/target/test-dir/MiniOzoneClusterImpl-a3295141-d6dd-4ca2-83a3-017d6c1874d6/datanode-0/data/ratis/f828dfc7-a313-4c66-90f6-5f7c0de06412 does not exist. Creating ...
2019-10-01 07:27:17,573 [pool-383-thread-1] INFO  storage.RaftStorageDirectory (RaftStorageDirectory.java:tryLock(328)) - Lock on /workdir/hadoop-ozone/integration-test/target/test-dir/MiniOzoneClusterImpl-a3295141-d6dd-4ca2-83a3-017d6c1874d6/datanode-0/data/ratis/f828dfc7-a313-4c66-90f6-5f7c0de06412/in_use.lock acquired by nodename 6138@pr-hdds-1984-bsjj8-3390809720
2019-10-01 07:27:17,598 [pool-383-thread-1] INFO  storage.RaftStorage (RaftStorage.java:format(84)) - Storage directory /workdir/hadoop-ozone/integration-test/target/test-dir/MiniOzoneClusterImpl-a3295141-d6dd-4ca2-83a3-017d6c1874d6/datanode-0/data/ratis/f828dfc7-a313-4c66-90f6-5f7c0de06412 has been successfully formatted.
2019-10-01 07:27:17,599 [pool-383-thread-1] INFO  ratis.ContainerStateMachine (ContainerStateMachine.java:loadSnapshot(230)) - group-5F7C0DE06412: The snapshot info is null. Setting the last applied indexto:(t:0, i:~)
2019-10-01 07:27:17,599 [pool-383-thread-1] INFO  server.RaftServerConfigKeys (ConfUtils.java:logGet(43)) - raft.server.notification.no-leader.timeout = 120s (custom)
2019-10-01 07:27:17,599 [pool-383-thread-1] INFO  server.RaftServerConfigKeys (ConfUtils.java:logGet(43)) - raft.server.log.use.memory = false (default)
2019-10-01 07:27:17,599 [pool-383-thread-1] INFO  server.RaftServerConfigKeys (ConfUtils.java:logGet(43)) - raft.server.log.purge.gap = 1000000 (custom)
2019-10-01 07:27:17,599 [pool-383-thread-1] INFO  server.RaftServerConfigKeys (ConfUtils.java:logGet(43)) - raft.server.log.appender.buffer.byte-limit = 33554432 (custom)
2019-10-01 07:27:17,599 [pool-383-thread-1] INFO  server.RaftServerConfigKeys (ConfUtils.java:logGet(43)) - raft.server.log.segment.size.max = 1048576 (custom)
2019-10-01 07:27:17,601 [pool-383-thread-1] INFO  server.RaftServerConfigKeys (ConfUtils.java:logGet(43)) - raft.server.log.segment.cache.num.max = 2 (custom)
2019-10-01 07:27:17,601 [pool-383-thread-1] INFO  segmented.SegmentedRaftLogWorker (SegmentedRaftLogWorker.java:<init>(173)) - new f8cd3b89-0801-4612-90b3-c9aed41ad343@group-5F7C0DE06412-SegmentedRaftLogWorker for RaftStorage:Storage Directory /workdir/hadoop-ozone/integration-test/target/test-dir/MiniOzoneClusterImpl-a3295141-d6dd-4ca2-83a3-017d6c1874d6/datanode-0/data/ratis/f828dfc7-a313-4c66-90f6-5f7c0de06412
2019-10-01 07:27:17,601 [pool-383-thread-1] INFO  server.RaftServerConfigKeys (ConfUtils.java:logGet(43)) - raft.server.log.queue.byte-limit = 2147483647 (custom)
2019-10-01 07:27:17,601 [IPC Server handler 2 on 41804] INFO  net.NetworkTopology (NetworkTopologyImpl.java:add(111)) - Added a new node: /default-rack/ed7cd0ec-efdd-4bf8-a6ce-d1107d60787a
2019-10-01 07:27:17,601 [pool-383-thread-1] INFO  server.RaftServerConfigKeys (ConfUtils.java:logGet(43)) - raft.server.log.queue.element-limit = 1024 (custom)
2019-10-01 07:27:17,602 [IPC Server handler 2 on 41804] INFO  node.SCMNodeManager (SCMNodeManager.java:register(266)) - Registered Data node : ed7cd0ec-efdd-4bf8-a6ce-d1107d60787a{ip: 192.168.30.18, host: pr-hdds-1984-bsjj8-3390809720, networkLocation: /default-rack, certSerialId: null}
2019-10-01 07:27:17,602 [pool-383-thread-1] INFO  server.RaftServerConfigKeys (ConfUtils.java:logGet(43)) - raft.server.log.segment.size.max = 1048576 (custom)
2019-10-01 07:27:17,602 [pool-383-thread-1] INFO  server.RaftServerConfigKeys (ConfUtils.java:logGet(43)) - raft.server.log.preallocated.size = 16384 (custom)
2019-10-01 07:27:17,602 [pool-383-thread-1] INFO  server.RaftServerConfigKeys (ConfUtils.java:logGet(43)) - raft.server.log.write.buffer.size = 33554432 (custom)
2019-10-01 07:27:17,602 [pool-383-thread-1] INFO  server.RaftServerConfigKeys (ConfUtils.java:logGet(43)) - raft.server.log.force.sync.num = 128 (default)
2019-10-01 07:27:17,602 [pool-383-thread-1] INFO  server.RaftServerConfigKeys (ConfUtils.java:logGet(43)) - raft.server.log.statemachine.data.sync = true (default)
2019-10-01 07:27:17,602 [pool-383-thread-1] INFO  server.RaftServerConfigKeys (ConfUtils.java:logGet(43)) - raft.server.log.statemachine.data.sync.timeout = 10s (default)
2019-10-01 07:27:17,602 [pool-383-thread-1] INFO  server.RaftServerConfigKeys (ConfUtils.java:logGet(43)) - raft.server.log.statemachine.data.sync.timeout.retry = -1 (default)
2019-10-01 07:27:17,603 [pool-383-thread-1] INFO  server.RaftServerConfigKeys (ConfUtils.java:logGet(43)) - raft.server.log.statemachine.data.caching.enabled = true (custom)
2019-10-01 07:27:17,603 [pool-383-thread-1] INFO  segmented.SegmentedRaftLogWorker (SegmentedRaftLogWorker.java:lambda$new$0(128)) - f8cd3b89-0801-4612-90b3-c9aed41ad343@group-5F7C0DE06412-SegmentedRaftLogWorker: flushIndex: setUnconditionally 0 -> -1
2019-10-01 07:27:17,604 [pool-383-thread-1] INFO  server.RaftServerConfigKeys (ConfUtils.java:logGet(43)) - raft.server.snapshot.auto.trigger.enabled = true (custom)
2019-10-01 07:27:17,604 [pool-383-thread-1] INFO  server.RaftServerConfigKeys (ConfUtils.java:logGet(43)) - raft.server.snapshot.auto.trigger.threshold = 10000 (custom)
2019-10-01 07:27:17,604 [pool-383-thread-1] INFO  server.RaftServerConfigKeys (ConfUtils.java:logGet(43)) - raft.server.snapshot.retention.file.num = 5 (custom)
2019-10-01 07:27:17,604 [pool-383-thread-1] INFO  server.RaftServerConfigKeys (ConfUtils.java:logGet(43)) - raft.server.retrycache.expirytime = 600000ms (custom)
2019-10-01 07:27:17,605 [pool-383-thread-1] INFO  impl.RaftServerImpl (RaftServerImpl.java:start(181)) - f8cd3b89-0801-4612-90b3-c9aed41ad343@group-5F7C0DE06412: start as a follower, conf=-1: [f8cd3b89-0801-4612-90b3-c9aed41ad343:192.168.30.18:37465], old=null
2019-10-01 07:27:17,605 [pool-383-thread-1] INFO  impl.RaftServerImpl (RaftServerImpl.java:setRole(170)) - f8cd3b89-0801-4612-90b3-c9aed41ad343@group-5F7C0DE06412: changes role from      null to FOLLOWER at term 0 for startAsFollower
2019-10-01 07:27:17,606 [pool-383-thread-1] INFO  impl.RoleInfo (RoleInfo.java:updateAndGet(143)) - f8cd3b89-0801-4612-90b3-c9aed41ad343: start FollowerState
2019-10-01 07:27:17,606 [pool-383-thread-1] INFO  util.JmxRegister (JmxRegister.java:tryRegister(44)) - Successfully registered JMX Bean with object name Ratis:service=RaftServer,group=group-5F7C0DE06412,id=f8cd3b89-0801-4612-90b3-c9aed41ad343
2019-10-01 07:27:17,610 [RatisPipelineUtilsThread] INFO  pipeline.PipelineStateManager (PipelineStateManager.java:addPipeline(56)) - Created pipeline Pipeline[ Id: f828dfc7-a313-4c66-90f6-5f7c0de06412, Nodes: f8cd3b89-0801-4612-90b3-c9aed41ad343{ip: 192.168.30.18, host: pr-hdds-1984-bsjj8-3390809720, networkLocation: /default-rack, certSerialId: null}, Type:RATIS, Factor:ONE, State:OPEN]
2019-10-01 07:27:17,619 [grpc-default-executor-6] INFO  impl.RaftServerProxy (RaftServerProxy.java:addNew(89)) - ed7cd0ec-efdd-4bf8-a6ce-d1107d60787a: addNew group-A1BF4CC92243:[ed7cd0ec-efdd-4bf8-a6ce-d1107d60787a:192.168.30.18:36182] returns group-A1BF4CC92243:java.util.concurrent.CompletableFuture@71ff6668[Not completed]
2019-10-01 07:27:17,620 [pool-393-thread-1] INFO  impl.RaftServerImpl (RaftServerImpl.java:<init>(95)) - ed7cd0ec-efdd-4bf8-a6ce-d1107d60787a: new RaftServerImpl for group-A1BF4CC92243:[ed7cd0ec-efdd-4bf8-a6ce-d1107d60787a:192.168.30.18:36182] with ContainerStateMachine:uninitialized
2019-10-01 07:27:17,620 [pool-393-thread-1] INFO  server.RaftServerConfigKeys (ConfUtils.java:logGet(43)) - raft.server.rpc.timeout.min = 5s (custom)
2019-10-01 07:27:17,620 [pool-393-thread-1] INFO  server.RaftServerConfigKeys (ConfUtils.java:logGet(43)) - raft.server.rpc.timeout.max = 5200ms (custom)
2019-10-01 07:27:17,620 [pool-393-thread-1] INFO  server.RaftServerConfigKeys (ConfUtils.java:logGet(43)) - raft.server.rpcslowness.timeout = 120s (custom)
2019-10-01 07:27:17,620 [pool-393-thread-1] INFO  server.RaftServerConfigKeys (ConfUtils.java:logGet(43)) - raft.server.sleep.deviation.threshold = 300 (default)
2019-10-01 07:27:17,620 [pool-393-thread-1] INFO  server.RaftServerConfigKeys (ConfUtils.java:logGet(43)) - raft.server.log.appender.install.snapshot.enabled = false (custom)
2019-10-01 07:27:17,620 [pool-393-thread-1] INFO  impl.RaftServerImpl (ServerState.java:<init>(103)) - ed7cd0ec-efdd-4bf8-a6ce-d1107d60787a@group-A1BF4CC92243: ConfigurationManager, init=-1: [ed7cd0ec-efdd-4bf8-a6ce-d1107d60787a:192.168.30.18:36182], old=null, confs=<EMPTY_MAP>
2019-10-01 07:27:17,620 [pool-393-thread-1] INFO  server.RaftServerConfigKeys (ConfUtils.java:logGet(43)) - raft.server.storage.dir = [/workdir/hadoop-ozone/integration-test/target/test-dir/MiniOzoneClusterImpl-a3295141-d6dd-4ca2-83a3-017d6c1874d6/datanode-1/data/ratis] (custom)
2019-10-01 07:27:17,621 [pool-393-thread-1] INFO  server.RaftServerConfigKeys (ConfUtils.java:logGet(43)) - raft.server.log.corruption.policy = EXCEPTION (default)
2019-10-01 07:27:17,621 [pool-393-thread-1] INFO  storage.RaftStorageDirectory (RaftStorageDirectory.java:analyzeStorage(246)) - The storage directory /workdir/hadoop-ozone/integration-test/target/test-dir/MiniOzoneClusterImpl-a3295141-d6dd-4ca2-83a3-017d6c1874d6/datanode-1/data/ratis/73379b40-6d48-41a0-be28-a1bf4cc92243 does not exist. Creating ...
2019-10-01 07:27:17,649 [pool-393-thread-1] INFO  storage.RaftStorageDirectory (RaftStorageDirectory.java:tryLock(328)) - Lock on /workdir/hadoop-ozone/integration-test/target/test-dir/MiniOzoneClusterImpl-a3295141-d6dd-4ca2-83a3-017d6c1874d6/datanode-1/data/ratis/73379b40-6d48-41a0-be28-a1bf4cc92243/in_use.lock acquired by nodename 6138@pr-hdds-1984-bsjj8-3390809720
2019-10-01 07:27:17,674 [pool-393-thread-1] INFO  storage.RaftStorage (RaftStorage.java:format(84)) - Storage directory /workdir/hadoop-ozone/integration-test/target/test-dir/MiniOzoneClusterImpl-a3295141-d6dd-4ca2-83a3-017d6c1874d6/datanode-1/data/ratis/73379b40-6d48-41a0-be28-a1bf4cc92243 has been successfully formatted.
2019-10-01 07:27:17,674 [pool-393-thread-1] INFO  ratis.ContainerStateMachine (ContainerStateMachine.java:loadSnapshot(230)) - group-A1BF4CC92243: The snapshot info is null. Setting the last applied indexto:(t:0, i:~)
2019-10-01 07:27:17,675 [pool-393-thread-1] INFO  server.RaftServerConfigKeys (ConfUtils.java:logGet(43)) - raft.server.notification.no-leader.timeout = 120s (custom)
2019-10-01 07:27:17,675 [pool-393-thread-1] INFO  server.RaftServerConfigKeys (ConfUtils.java:logGet(43)) - raft.server.log.use.memory = false (default)
2019-10-01 07:27:17,675 [pool-393-thread-1] INFO  server.RaftServerConfigKeys (ConfUtils.java:logGet(43)) - raft.server.log.purge.gap = 1000000 (custom)
2019-10-01 07:27:17,675 [pool-393-thread-1] INFO  server.RaftServerConfigKeys (ConfUtils.java:logGet(43)) - raft.server.log.appender.buffer.byte-limit = 33554432 (custom)
2019-10-01 07:27:17,675 [pool-393-thread-1] INFO  server.RaftServerConfigKeys (ConfUtils.java:logGet(43)) - raft.server.log.segment.size.max = 1048576 (custom)
2019-10-01 07:27:17,676 [pool-393-thread-1] INFO  server.RaftServerConfigKeys (ConfUtils.java:logGet(43)) - raft.server.log.segment.cache.num.max = 2 (custom)
2019-10-01 07:27:17,676 [pool-393-thread-1] INFO  segmented.SegmentedRaftLogWorker (SegmentedRaftLogWorker.java:<init>(173)) - new ed7cd0ec-efdd-4bf8-a6ce-d1107d60787a@group-A1BF4CC92243-SegmentedRaftLogWorker for RaftStorage:Storage Directory /workdir/hadoop-ozone/integration-test/target/test-dir/MiniOzoneClusterImpl-a3295141-d6dd-4ca2-83a3-017d6c1874d6/datanode-1/data/ratis/73379b40-6d48-41a0-be28-a1bf4cc92243
2019-10-01 07:27:17,676 [pool-393-thread-1] INFO  server.RaftServerConfigKeys (ConfUtils.java:logGet(43)) - raft.server.log.queue.byte-limit = 2147483647 (custom)
2019-10-01 07:27:17,676 [pool-393-thread-1] INFO  server.RaftServerConfigKeys (ConfUtils.java:logGet(43)) - raft.server.log.queue.element-limit = 1024 (custom)
2019-10-01 07:27:17,677 [pool-393-thread-1] INFO  server.RaftServerConfigKeys (ConfUtils.java:logGet(43)) - raft.server.log.segment.size.max = 1048576 (custom)
2019-10-01 07:27:17,677 [pool-393-thread-1] INFO  server.RaftServerConfigKeys (ConfUtils.java:logGet(43)) - raft.server.log.preallocated.size = 16384 (custom)
2019-10-01 07:27:17,677 [pool-393-thread-1] INFO  server.RaftServerConfigKeys (ConfUtils.java:logGet(43)) - raft.server.log.write.buffer.size = 33554432 (custom)
2019-10-01 07:27:17,677 [pool-393-thread-1] INFO  server.RaftServerConfigKeys (ConfUtils.java:logGet(43)) - raft.server.log.force.sync.num = 128 (default)
2019-10-01 07:27:17,677 [pool-393-thread-1] INFO  server.RaftServerConfigKeys (ConfUtils.java:logGet(43)) - raft.server.log.statemachine.data.sync = true (default)
2019-10-01 07:27:17,677 [pool-393-thread-1] INFO  server.RaftServerConfigKeys (ConfUtils.java:logGet(43)) - raft.server.log.statemachine.data.sync.timeout = 10s (default)
2019-10-01 07:27:17,677 [pool-393-thread-1] INFO  server.RaftServerConfigKeys (ConfUtils.java:logGet(43)) - raft.server.log.statemachine.data.sync.timeout.retry = -1 (default)
2019-10-01 07:27:17,677 [pool-393-thread-1] INFO  server.RaftServerConfigKeys (ConfUtils.java:logGet(43)) - raft.server.log.statemachine.data.caching.enabled = true (custom)
2019-10-01 07:27:17,677 [pool-393-thread-1] INFO  segmented.SegmentedRaftLogWorker (SegmentedRaftLogWorker.java:lambda$new$0(128)) - ed7cd0ec-efdd-4bf8-a6ce-d1107d60787a@group-A1BF4CC92243-SegmentedRaftLogWorker: flushIndex: setUnconditionally 0 -> -1
2019-10-01 07:27:17,678 [pool-393-thread-1] INFO  server.RaftServerConfigKeys (ConfUtils.java:logGet(43)) - raft.server.snapshot.auto.trigger.enabled = true (custom)
2019-10-01 07:27:17,678 [pool-393-thread-1] INFO  server.RaftServerConfigKeys (ConfUtils.java:logGet(43)) - raft.server.snapshot.auto.trigger.threshold = 10000 (custom)
2019-10-01 07:27:17,678 [pool-393-thread-1] INFO  server.RaftServerConfigKeys (ConfUtils.java:logGet(43)) - raft.server.snapshot.retention.file.num = 5 (custom)
2019-10-01 07:27:17,678 [pool-393-thread-1] INFO  server.RaftServerConfigKeys (ConfUtils.java:logGet(43)) - raft.server.retrycache.expirytime = 600000ms (custom)
2019-10-01 07:27:17,679 [pool-393-thread-1] INFO  impl.RaftServerImpl (RaftServerImpl.java:start(181)) - ed7cd0ec-efdd-4bf8-a6ce-d1107d60787a@group-A1BF4CC92243: start as a follower, conf=-1: [ed7cd0ec-efdd-4bf8-a6ce-d1107d60787a:192.168.30.18:36182], old=null
2019-10-01 07:27:17,679 [pool-393-thread-1] INFO  impl.RaftServerImpl (RaftServerImpl.java:setRole(170)) - ed7cd0ec-efdd-4bf8-a6ce-d1107d60787a@group-A1BF4CC92243: changes role from      null to FOLLOWER at term 0 for startAsFollower
2019-10-01 07:27:17,679 [pool-393-thread-1] INFO  impl.RoleInfo (RoleInfo.java:updateAndGet(143)) - ed7cd0ec-efdd-4bf8-a6ce-d1107d60787a: start FollowerState
2019-10-01 07:27:17,680 [pool-393-thread-1] INFO  util.JmxRegister (JmxRegister.java:tryRegister(44)) - Successfully registered JMX Bean with object name Ratis:service=RaftServer,group=group-A1BF4CC92243,id=ed7cd0ec-efdd-4bf8-a6ce-d1107d60787a
2019-10-01 07:27:17,683 [RatisPipelineUtilsThread] INFO  pipeline.PipelineStateManager (PipelineStateManager.java:addPipeline(56)) - Created pipeline Pipeline[ Id: 73379b40-6d48-41a0-be28-a1bf4cc92243, Nodes: ed7cd0ec-efdd-4bf8-a6ce-d1107d60787a{ip: 192.168.30.18, host: pr-hdds-1984-bsjj8-3390809720, networkLocation: /default-rack, certSerialId: null}, Type:RATIS, Factor:ONE, State:OPEN]
2019-10-01 07:27:17,720 [IPC Server handler 4 on 41804] INFO  net.NetworkTopology (NetworkTopologyImpl.java:add(111)) - Added a new node: /default-rack/dba3f8e3-15ef-40cd-a7e3-c0dcaaff2a16
2019-10-01 07:27:17,720 [IPC Server handler 4 on 41804] INFO  node.SCMNodeManager (SCMNodeManager.java:register(266)) - Registered Data node : dba3f8e3-15ef-40cd-a7e3-c0dcaaff2a16{ip: 192.168.30.18, host: pr-hdds-1984-bsjj8-3390809720, networkLocation: /default-rack, certSerialId: null}
2019-10-01 07:27:17,728 [grpc-default-executor-6] INFO  impl.RaftServerProxy (RaftServerProxy.java:addNew(89)) - dba3f8e3-15ef-40cd-a7e3-c0dcaaff2a16: addNew group-66EC4F5097CC:[dba3f8e3-15ef-40cd-a7e3-c0dcaaff2a16:192.168.30.18:44845] returns group-66EC4F5097CC:java.util.concurrent.CompletableFuture@1926a1d5[Not completed]
2019-10-01 07:27:17,730 [pool-403-thread-1] INFO  impl.RaftServerImpl (RaftServerImpl.java:<init>(95)) - dba3f8e3-15ef-40cd-a7e3-c0dcaaff2a16: new RaftServerImpl for group-66EC4F5097CC:[dba3f8e3-15ef-40cd-a7e3-c0dcaaff2a16:192.168.30.18:44845] with ContainerStateMachine:uninitialized
2019-10-01 07:27:17,730 [pool-403-thread-1] INFO  server.RaftServerConfigKeys (ConfUtils.java:logGet(43)) - raft.server.rpc.timeout.min = 5s (custom)
2019-10-01 07:27:17,730 [pool-403-thread-1] INFO  server.RaftServerConfigKeys (ConfUtils.java:logGet(43)) - raft.server.rpc.timeout.max = 5200ms (custom)
2019-10-01 07:27:17,730 [pool-403-thread-1] INFO  server.RaftServerConfigKeys (ConfUtils.java:logGet(43)) - raft.server.rpcslowness.timeout = 120s (custom)
2019-10-01 07:27:17,731 [pool-403-thread-1] INFO  server.RaftServerConfigKeys (ConfUtils.java:logGet(43)) - raft.server.sleep.deviation.threshold = 300 (default)
2019-10-01 07:27:17,731 [pool-403-thread-1] INFO  server.RaftServerConfigKeys (ConfUtils.java:logGet(43)) - raft.server.log.appender.install.snapshot.enabled = false (custom)
2019-10-01 07:27:17,731 [pool-403-thread-1] INFO  impl.RaftServerImpl (ServerState.java:<init>(103)) - dba3f8e3-15ef-40cd-a7e3-c0dcaaff2a16@group-66EC4F5097CC: ConfigurationManager, init=-1: [dba3f8e3-15ef-40cd-a7e3-c0dcaaff2a16:192.168.30.18:44845], old=null, confs=<EMPTY_MAP>
2019-10-01 07:27:17,731 [pool-403-thread-1] INFO  server.RaftServerConfigKeys (ConfUtils.java:logGet(43)) - raft.server.storage.dir = [/workdir/hadoop-ozone/integration-test/target/test-dir/MiniOzoneClusterImpl-a3295141-d6dd-4ca2-83a3-017d6c1874d6/datanode-2/data/ratis] (custom)
2019-10-01 07:27:17,732 [pool-403-thread-1] INFO  server.RaftServerConfigKeys (ConfUtils.java:logGet(43)) - raft.server.log.corruption.policy = EXCEPTION (default)
2019-10-01 07:27:17,732 [pool-403-thread-1] INFO  storage.RaftStorageDirectory (RaftStorageDirectory.java:analyzeStorage(246)) - The storage directory /workdir/hadoop-ozone/integration-test/target/test-dir/MiniOzoneClusterImpl-a3295141-d6dd-4ca2-83a3-017d6c1874d6/datanode-2/data/ratis/82a25b33-4747-4311-ba17-66ec4f5097cc does not exist. Creating ...
2019-10-01 07:27:17,758 [pool-403-thread-1] INFO  storage.RaftStorageDirectory (RaftStorageDirectory.java:tryLock(328)) - Lock on /workdir/hadoop-ozone/integration-test/target/test-dir/MiniOzoneClusterImpl-a3295141-d6dd-4ca2-83a3-017d6c1874d6/datanode-2/data/ratis/82a25b33-4747-4311-ba17-66ec4f5097cc/in_use.lock acquired by nodename 6138@pr-hdds-1984-bsjj8-3390809720
2019-10-01 07:27:17,775 [IPC Server handler 5 on 41804] INFO  net.NetworkTopology (NetworkTopologyImpl.java:add(111)) - Added a new node: /default-rack/3c543937-5f82-4ba7-aeab-f449bb36d2fa
2019-10-01 07:27:17,775 [IPC Server handler 5 on 41804] INFO  node.SCMNodeManager (SCMNodeManager.java:register(266)) - Registered Data node : 3c543937-5f82-4ba7-aeab-f449bb36d2fa{ip: 192.168.30.18, host: pr-hdds-1984-bsjj8-3390809720, networkLocation: /default-rack, certSerialId: null}
2019-10-01 07:27:17,783 [pool-403-thread-1] INFO  storage.RaftStorage (RaftStorage.java:format(84)) - Storage directory /workdir/hadoop-ozone/integration-test/target/test-dir/MiniOzoneClusterImpl-a3295141-d6dd-4ca2-83a3-017d6c1874d6/datanode-2/data/ratis/82a25b33-4747-4311-ba17-66ec4f5097cc has been successfully formatted.
2019-10-01 07:27:17,783 [pool-403-thread-1] INFO  ratis.ContainerStateMachine (ContainerStateMachine.java:loadSnapshot(230)) - group-66EC4F5097CC: The snapshot info is null. Setting the last applied indexto:(t:0, i:~)
2019-10-01 07:27:17,784 [pool-403-thread-1] INFO  server.RaftServerConfigKeys (ConfUtils.java:logGet(43)) - raft.server.notification.no-leader.timeout = 120s (custom)
2019-10-01 07:27:17,784 [pool-403-thread-1] INFO  server.RaftServerConfigKeys (ConfUtils.java:logGet(43)) - raft.server.log.use.memory = false (default)
2019-10-01 07:27:17,784 [pool-403-thread-1] INFO  server.RaftServerConfigKeys (ConfUtils.java:logGet(43)) - raft.server.log.purge.gap = 1000000 (custom)
2019-10-01 07:27:17,784 [pool-403-thread-1] INFO  server.RaftServerConfigKeys (ConfUtils.java:logGet(43)) - raft.server.log.appender.buffer.byte-limit = 33554432 (custom)
2019-10-01 07:27:17,784 [pool-403-thread-1] INFO  server.RaftServerConfigKeys (ConfUtils.java:logGet(43)) - raft.server.log.segment.size.max = 1048576 (custom)
2019-10-01 07:27:17,786 [pool-403-thread-1] INFO  server.RaftServerConfigKeys (ConfUtils.java:logGet(43)) - raft.server.log.segment.cache.num.max = 2 (custom)
2019-10-01 07:27:17,786 [pool-403-thread-1] INFO  segmented.SegmentedRaftLogWorker (SegmentedRaftLogWorker.java:<init>(173)) - new dba3f8e3-15ef-40cd-a7e3-c0dcaaff2a16@group-66EC4F5097CC-SegmentedRaftLogWorker for RaftStorage:Storage Directory /workdir/hadoop-ozone/integration-test/target/test-dir/MiniOzoneClusterImpl-a3295141-d6dd-4ca2-83a3-017d6c1874d6/datanode-2/data/ratis/82a25b33-4747-4311-ba17-66ec4f5097cc
2019-10-01 07:27:17,787 [pool-403-thread-1] INFO  server.RaftServerConfigKeys (ConfUtils.java:logGet(43)) - raft.server.log.queue.byte-limit = 2147483647 (custom)
2019-10-01 07:27:17,787 [pool-403-thread-1] INFO  server.RaftServerConfigKeys (ConfUtils.java:logGet(43)) - raft.server.log.queue.element-limit = 1024 (custom)
2019-10-01 07:27:17,787 [pool-403-thread-1] INFO  server.RaftServerConfigKeys (ConfUtils.java:logGet(43)) - raft.server.log.segment.size.max = 1048576 (custom)
2019-10-01 07:27:17,787 [pool-403-thread-1] INFO  server.RaftServerConfigKeys (ConfUtils.java:logGet(43)) - raft.server.log.preallocated.size = 16384 (custom)
2019-10-01 07:27:17,787 [pool-403-thread-1] INFO  server.RaftServerConfigKeys (ConfUtils.java:logGet(43)) - raft.server.log.write.buffer.size = 33554432 (custom)
2019-10-01 07:27:17,787 [pool-403-thread-1] INFO  server.RaftServerConfigKeys (ConfUtils.java:logGet(43)) - raft.server.log.force.sync.num = 128 (default)
2019-10-01 07:27:17,787 [pool-403-thread-1] INFO  server.RaftServerConfigKeys (ConfUtils.java:logGet(43)) - raft.server.log.statemachine.data.sync = true (default)
2019-10-01 07:27:17,788 [pool-403-thread-1] INFO  server.RaftServerConfigKeys (ConfUtils.java:logGet(43)) - raft.server.log.statemachine.data.sync.timeout = 10s (default)
2019-10-01 07:27:17,788 [pool-403-thread-1] INFO  server.RaftServerConfigKeys (ConfUtils.java:logGet(43)) - raft.server.log.statemachine.data.sync.timeout.retry = -1 (default)
2019-10-01 07:27:17,788 [pool-403-thread-1] INFO  server.RaftServerConfigKeys (ConfUtils.java:logGet(43)) - raft.server.log.statemachine.data.caching.enabled = true (custom)
2019-10-01 07:27:17,788 [pool-403-thread-1] INFO  segmented.SegmentedRaftLogWorker (SegmentedRaftLogWorker.java:lambda$new$0(128)) - dba3f8e3-15ef-40cd-a7e3-c0dcaaff2a16@group-66EC4F5097CC-SegmentedRaftLogWorker: flushIndex: setUnconditionally 0 -> -1
2019-10-01 07:27:17,789 [pool-403-thread-1] INFO  server.RaftServerConfigKeys (ConfUtils.java:logGet(43)) - raft.server.snapshot.auto.trigger.enabled = true (custom)
2019-10-01 07:27:17,789 [pool-403-thread-1] INFO  server.RaftServerConfigKeys (ConfUtils.java:logGet(43)) - raft.server.snapshot.auto.trigger.threshold = 10000 (custom)
2019-10-01 07:27:17,789 [pool-403-thread-1] INFO  server.RaftServerConfigKeys (ConfUtils.java:logGet(43)) - raft.server.snapshot.retention.file.num = 5 (custom)
2019-10-01 07:27:17,789 [pool-403-thread-1] INFO  server.RaftServerConfigKeys (ConfUtils.java:logGet(43)) - raft.server.retrycache.expirytime = 600000ms (custom)
2019-10-01 07:27:17,791 [pool-403-thread-1] INFO  impl.RaftServerImpl (RaftServerImpl.java:start(181)) - dba3f8e3-15ef-40cd-a7e3-c0dcaaff2a16@group-66EC4F5097CC: start as a follower, conf=-1: [dba3f8e3-15ef-40cd-a7e3-c0dcaaff2a16:192.168.30.18:44845], old=null
2019-10-01 07:27:17,791 [pool-403-thread-1] INFO  impl.RaftServerImpl (RaftServerImpl.java:setRole(170)) - dba3f8e3-15ef-40cd-a7e3-c0dcaaff2a16@group-66EC4F5097CC: changes role from      null to FOLLOWER at term 0 for startAsFollower
2019-10-01 07:27:17,791 [pool-403-thread-1] INFO  impl.RoleInfo (RoleInfo.java:updateAndGet(143)) - dba3f8e3-15ef-40cd-a7e3-c0dcaaff2a16: start FollowerState
2019-10-01 07:27:17,792 [pool-403-thread-1] INFO  util.JmxRegister (JmxRegister.java:tryRegister(44)) - Successfully registered JMX Bean with object name Ratis:service=RaftServer,group=group-66EC4F5097CC,id=dba3f8e3-15ef-40cd-a7e3-c0dcaaff2a16
2019-10-01 07:27:17,796 [RatisPipelineUtilsThread] INFO  pipeline.PipelineStateManager (PipelineStateManager.java:addPipeline(56)) - Created pipeline Pipeline[ Id: 82a25b33-4747-4311-ba17-66ec4f5097cc, Nodes: dba3f8e3-15ef-40cd-a7e3-c0dcaaff2a16{ip: 192.168.30.18, host: pr-hdds-1984-bsjj8-3390809720, networkLocation: /default-rack, certSerialId: null}, Type:RATIS, Factor:ONE, State:OPEN]
2019-10-01 07:27:17,810 [grpc-default-executor-6] INFO  impl.RaftServerProxy (RaftServerProxy.java:addNew(89)) - 3c543937-5f82-4ba7-aeab-f449bb36d2fa: addNew group-027F448F1CF9:[3c543937-5f82-4ba7-aeab-f449bb36d2fa:192.168.30.18:32852] returns group-027F448F1CF9:java.util.concurrent.CompletableFuture@7c4b898b[Not completed]
2019-10-01 07:27:17,812 [pool-413-thread-1] INFO  impl.RaftServerImpl (RaftServerImpl.java:<init>(95)) - 3c543937-5f82-4ba7-aeab-f449bb36d2fa: new RaftServerImpl for group-027F448F1CF9:[3c543937-5f82-4ba7-aeab-f449bb36d2fa:192.168.30.18:32852] with ContainerStateMachine:uninitialized
2019-10-01 07:27:17,812 [pool-413-thread-1] INFO  server.RaftServerConfigKeys (ConfUtils.java:logGet(43)) - raft.server.rpc.timeout.min = 5s (custom)
2019-10-01 07:27:17,812 [pool-413-thread-1] INFO  server.RaftServerConfigKeys (ConfUtils.java:logGet(43)) - raft.server.rpc.timeout.max = 5200ms (custom)
2019-10-01 07:27:17,812 [pool-413-thread-1] INFO  server.RaftServerConfigKeys (ConfUtils.java:logGet(43)) - raft.server.rpcslowness.timeout = 120s (custom)
2019-10-01 07:27:17,813 [pool-413-thread-1] INFO  server.RaftServerConfigKeys (ConfUtils.java:logGet(43)) - raft.server.sleep.deviation.threshold = 300 (default)
2019-10-01 07:27:17,813 [pool-413-thread-1] INFO  server.RaftServerConfigKeys (ConfUtils.java:logGet(43)) - raft.server.log.appender.install.snapshot.enabled = false (custom)
2019-10-01 07:27:17,813 [pool-413-thread-1] INFO  impl.RaftServerImpl (ServerState.java:<init>(103)) - 3c543937-5f82-4ba7-aeab-f449bb36d2fa@group-027F448F1CF9: ConfigurationManager, init=-1: [3c543937-5f82-4ba7-aeab-f449bb36d2fa:192.168.30.18:32852], old=null, confs=<EMPTY_MAP>
2019-10-01 07:27:17,813 [pool-413-thread-1] INFO  server.RaftServerConfigKeys (ConfUtils.java:logGet(43)) - raft.server.storage.dir = [/workdir/hadoop-ozone/integration-test/target/test-dir/MiniOzoneClusterImpl-a3295141-d6dd-4ca2-83a3-017d6c1874d6/datanode-3/data/ratis] (custom)
2019-10-01 07:27:17,813 [pool-413-thread-1] INFO  server.RaftServerConfigKeys (ConfUtils.java:logGet(43)) - raft.server.log.corruption.policy = EXCEPTION (default)
2019-10-01 07:27:17,814 [pool-413-thread-1] INFO  storage.RaftStorageDirectory (RaftStorageDirectory.java:analyzeStorage(246)) - The storage directory /workdir/hadoop-ozone/integration-test/target/test-dir/MiniOzoneClusterImpl-a3295141-d6dd-4ca2-83a3-017d6c1874d6/datanode-3/data/ratis/25d63667-63eb-498c-8135-027f448f1cf9 does not exist. Creating ...
2019-10-01 07:27:17,842 [pool-413-thread-1] INFO  storage.RaftStorageDirectory (RaftStorageDirectory.java:tryLock(328)) - Lock on /workdir/hadoop-ozone/integration-test/target/test-dir/MiniOzoneClusterImpl-a3295141-d6dd-4ca2-83a3-017d6c1874d6/datanode-3/data/ratis/25d63667-63eb-498c-8135-027f448f1cf9/in_use.lock acquired by nodename 6138@pr-hdds-1984-bsjj8-3390809720
2019-10-01 07:27:17,859 [pool-413-thread-1] INFO  storage.RaftStorage (RaftStorage.java:format(84)) - Storage directory /workdir/hadoop-ozone/integration-test/target/test-dir/MiniOzoneClusterImpl-a3295141-d6dd-4ca2-83a3-017d6c1874d6/datanode-3/data/ratis/25d63667-63eb-498c-8135-027f448f1cf9 has been successfully formatted.
2019-10-01 07:27:17,859 [pool-413-thread-1] INFO  ratis.ContainerStateMachine (ContainerStateMachine.java:loadSnapshot(230)) - group-027F448F1CF9: The snapshot info is null. Setting the last applied indexto:(t:0, i:~)
2019-10-01 07:27:17,859 [pool-413-thread-1] INFO  server.RaftServerConfigKeys (ConfUtils.java:logGet(43)) - raft.server.notification.no-leader.timeout = 120s (custom)
2019-10-01 07:27:17,859 [pool-413-thread-1] INFO  server.RaftServerConfigKeys (ConfUtils.java:logGet(43)) - raft.server.log.use.memory = false (default)
2019-10-01 07:27:17,860 [pool-413-thread-1] INFO  server.RaftServerConfigKeys (ConfUtils.java:logGet(43)) - raft.server.log.purge.gap = 1000000 (custom)
2019-10-01 07:27:17,860 [pool-413-thread-1] INFO  server.RaftServerConfigKeys (ConfUtils.java:logGet(43)) - raft.server.log.appender.buffer.byte-limit = 33554432 (custom)
2019-10-01 07:27:17,860 [pool-413-thread-1] INFO  server.RaftServerConfigKeys (ConfUtils.java:logGet(43)) - raft.server.log.segment.size.max = 1048576 (custom)
2019-10-01 07:27:17,861 [pool-413-thread-1] INFO  server.RaftServerConfigKeys (ConfUtils.java:logGet(43)) - raft.server.log.segment.cache.num.max = 2 (custom)
2019-10-01 07:27:17,862 [pool-413-thread-1] INFO  segmented.SegmentedRaftLogWorker (SegmentedRaftLogWorker.java:<init>(173)) - new 3c543937-5f82-4ba7-aeab-f449bb36d2fa@group-027F448F1CF9-SegmentedRaftLogWorker for RaftStorage:Storage Directory /workdir/hadoop-ozone/integration-test/target/test-dir/MiniOzoneClusterImpl-a3295141-d6dd-4ca2-83a3-017d6c1874d6/datanode-3/data/ratis/25d63667-63eb-498c-8135-027f448f1cf9
2019-10-01 07:27:17,862 [pool-413-thread-1] INFO  server.RaftServerConfigKeys (ConfUtils.java:logGet(43)) - raft.server.log.queue.byte-limit = 2147483647 (custom)
2019-10-01 07:27:17,862 [pool-413-thread-1] INFO  server.RaftServerConfigKeys (ConfUtils.java:logGet(43)) - raft.server.log.queue.element-limit = 1024 (custom)
2019-10-01 07:27:17,862 [pool-413-thread-1] INFO  server.RaftServerConfigKeys (ConfUtils.java:logGet(43)) - raft.server.log.segment.size.max = 1048576 (custom)
2019-10-01 07:27:17,862 [pool-413-thread-1] INFO  server.RaftServerConfigKeys (ConfUtils.java:logGet(43)) - raft.server.log.preallocated.size = 16384 (custom)
2019-10-01 07:27:17,862 [pool-413-thread-1] INFO  server.RaftServerConfigKeys (ConfUtils.java:logGet(43)) - raft.server.log.write.buffer.size = 33554432 (custom)
2019-10-01 07:27:17,862 [pool-413-thread-1] INFO  server.RaftServerConfigKeys (ConfUtils.java:logGet(43)) - raft.server.log.force.sync.num = 128 (default)
2019-10-01 07:27:17,862 [pool-413-thread-1] INFO  server.RaftServerConfigKeys (ConfUtils.java:logGet(43)) - raft.server.log.statemachine.data.sync = true (default)
2019-10-01 07:27:17,863 [pool-413-thread-1] INFO  server.RaftServerConfigKeys (ConfUtils.java:logGet(43)) - raft.server.log.statemachine.data.sync.timeout = 10s (default)
2019-10-01 07:27:17,863 [pool-413-thread-1] INFO  server.RaftServerConfigKeys (ConfUtils.java:logGet(43)) - raft.server.log.statemachine.data.sync.timeout.retry = -1 (default)
2019-10-01 07:27:17,863 [pool-413-thread-1] INFO  server.RaftServerConfigKeys (ConfUtils.java:logGet(43)) - raft.server.log.statemachine.data.caching.enabled = true (custom)
2019-10-01 07:27:17,863 [pool-413-thread-1] INFO  segmented.SegmentedRaftLogWorker (SegmentedRaftLogWorker.java:lambda$new$0(128)) - 3c543937-5f82-4ba7-aeab-f449bb36d2fa@group-027F448F1CF9-SegmentedRaftLogWorker: flushIndex: setUnconditionally 0 -> -1
2019-10-01 07:27:17,864 [pool-413-thread-1] INFO  server.RaftServerConfigKeys (ConfUtils.java:logGet(43)) - raft.server.snapshot.auto.trigger.enabled = true (custom)
2019-10-01 07:27:17,864 [pool-413-thread-1] INFO  server.RaftServerConfigKeys (ConfUtils.java:logGet(43)) - raft.server.snapshot.auto.trigger.threshold = 10000 (custom)
2019-10-01 07:27:17,864 [pool-413-thread-1] INFO  server.RaftServerConfigKeys (ConfUtils.java:logGet(43)) - raft.server.snapshot.retention.file.num = 5 (custom)
2019-10-01 07:27:17,864 [pool-413-thread-1] INFO  server.RaftServerConfigKeys (ConfUtils.java:logGet(43)) - raft.server.retrycache.expirytime = 600000ms (custom)
2019-10-01 07:27:17,865 [IPC Server handler 6 on 41804] INFO  net.NetworkTopology (NetworkTopologyImpl.java:add(111)) - Added a new node: /default-rack/0d347145-7e33-414c-898e-d13b8f443d99
2019-10-01 07:27:17,865 [IPC Server handler 6 on 41804] INFO  node.SCMNodeManager (SCMNodeManager.java:register(266)) - Registered Data node : 0d347145-7e33-414c-898e-d13b8f443d99{ip: 192.168.30.18, host: pr-hdds-1984-bsjj8-3390809720, networkLocation: /default-rack, certSerialId: null}
2019-10-01 07:27:17,865 [pool-413-thread-1] INFO  impl.RaftServerImpl (RaftServerImpl.java:start(181)) - 3c543937-5f82-4ba7-aeab-f449bb36d2fa@group-027F448F1CF9: start as a follower, conf=-1: [3c543937-5f82-4ba7-aeab-f449bb36d2fa:192.168.30.18:32852], old=null
2019-10-01 07:27:17,866 [pool-413-thread-1] INFO  impl.RaftServerImpl (RaftServerImpl.java:setRole(170)) - 3c543937-5f82-4ba7-aeab-f449bb36d2fa@group-027F448F1CF9: changes role from      null to FOLLOWER at term 0 for startAsFollower
2019-10-01 07:27:17,866 [pool-413-thread-1] INFO  impl.RoleInfo (RoleInfo.java:updateAndGet(143)) - 3c543937-5f82-4ba7-aeab-f449bb36d2fa: start FollowerState
2019-10-01 07:27:17,866 [pool-413-thread-1] INFO  util.JmxRegister (JmxRegister.java:tryRegister(44)) - Successfully registered JMX Bean with object name Ratis:service=RaftServer,group=group-027F448F1CF9,id=3c543937-5f82-4ba7-aeab-f449bb36d2fa
2019-10-01 07:27:17,870 [RatisPipelineUtilsThread] INFO  pipeline.PipelineStateManager (PipelineStateManager.java:addPipeline(56)) - Created pipeline Pipeline[ Id: 25d63667-63eb-498c-8135-027f448f1cf9, Nodes: 3c543937-5f82-4ba7-aeab-f449bb36d2fa{ip: 192.168.30.18, host: pr-hdds-1984-bsjj8-3390809720, networkLocation: /default-rack, certSerialId: null}, Type:RATIS, Factor:ONE, State:OPEN]
2019-10-01 07:27:17,880 [grpc-default-executor-6] INFO  impl.RaftServerProxy (RaftServerProxy.java:addNew(89)) - 0d347145-7e33-414c-898e-d13b8f443d99: addNew group-43451A8DEF66:[0d347145-7e33-414c-898e-d13b8f443d99:192.168.30.18:44592] returns group-43451A8DEF66:java.util.concurrent.CompletableFuture@71b7b88b[Not completed]
2019-10-01 07:27:17,881 [pool-423-thread-1] INFO  impl.RaftServerImpl (RaftServerImpl.java:<init>(95)) - 0d347145-7e33-414c-898e-d13b8f443d99: new RaftServerImpl for group-43451A8DEF66:[0d347145-7e33-414c-898e-d13b8f443d99:192.168.30.18:44592] with ContainerStateMachine:uninitialized
2019-10-01 07:27:17,881 [pool-423-thread-1] INFO  server.RaftServerConfigKeys (ConfUtils.java:logGet(43)) - raft.server.rpc.timeout.min = 5s (custom)
2019-10-01 07:27:17,882 [pool-423-thread-1] INFO  server.RaftServerConfigKeys (ConfUtils.java:logGet(43)) - raft.server.rpc.timeout.max = 5200ms (custom)
2019-10-01 07:27:17,882 [pool-423-thread-1] INFO  server.RaftServerConfigKeys (ConfUtils.java:logGet(43)) - raft.server.rpcslowness.timeout = 120s (custom)
2019-10-01 07:27:17,882 [pool-423-thread-1] INFO  server.RaftServerConfigKeys (ConfUtils.java:logGet(43)) - raft.server.sleep.deviation.threshold = 300 (default)
2019-10-01 07:27:17,882 [pool-423-thread-1] INFO  server.RaftServerConfigKeys (ConfUtils.java:logGet(43)) - raft.server.log.appender.install.snapshot.enabled = false (custom)
2019-10-01 07:27:17,882 [pool-423-thread-1] INFO  impl.RaftServerImpl (ServerState.java:<init>(103)) - 0d347145-7e33-414c-898e-d13b8f443d99@group-43451A8DEF66: ConfigurationManager, init=-1: [0d347145-7e33-414c-898e-d13b8f443d99:192.168.30.18:44592], old=null, confs=<EMPTY_MAP>
2019-10-01 07:27:17,882 [pool-423-thread-1] INFO  server.RaftServerConfigKeys (ConfUtils.java:logGet(43)) - raft.server.storage.dir = [/workdir/hadoop-ozone/integration-test/target/test-dir/MiniOzoneClusterImpl-a3295141-d6dd-4ca2-83a3-017d6c1874d6/datanode-4/data/ratis] (custom)
2019-10-01 07:27:17,883 [pool-423-thread-1] INFO  server.RaftServerConfigKeys (ConfUtils.java:logGet(43)) - raft.server.log.corruption.policy = EXCEPTION (default)
2019-10-01 07:27:17,883 [pool-423-thread-1] INFO  storage.RaftStorageDirectory (RaftStorageDirectory.java:analyzeStorage(246)) - The storage directory /workdir/hadoop-ozone/integration-test/target/test-dir/MiniOzoneClusterImpl-a3295141-d6dd-4ca2-83a3-017d6c1874d6/datanode-4/data/ratis/271a36b6-3c86-4104-b7a1-43451a8def66 does not exist. Creating ...
2019-10-01 07:27:17,910 [pool-423-thread-1] INFO  storage.RaftStorageDirectory (RaftStorageDirectory.java:tryLock(328)) - Lock on /workdir/hadoop-ozone/integration-test/target/test-dir/MiniOzoneClusterImpl-a3295141-d6dd-4ca2-83a3-017d6c1874d6/datanode-4/data/ratis/271a36b6-3c86-4104-b7a1-43451a8def66/in_use.lock acquired by nodename 6138@pr-hdds-1984-bsjj8-3390809720
2019-10-01 07:27:17,935 [pool-423-thread-1] INFO  storage.RaftStorage (RaftStorage.java:format(84)) - Storage directory /workdir/hadoop-ozone/integration-test/target/test-dir/MiniOzoneClusterImpl-a3295141-d6dd-4ca2-83a3-017d6c1874d6/datanode-4/data/ratis/271a36b6-3c86-4104-b7a1-43451a8def66 has been successfully formatted.
2019-10-01 07:27:17,935 [pool-423-thread-1] INFO  ratis.ContainerStateMachine (ContainerStateMachine.java:loadSnapshot(230)) - group-43451A8DEF66: The snapshot info is null. Setting the last applied indexto:(t:0, i:~)
2019-10-01 07:27:17,935 [pool-423-thread-1] INFO  server.RaftServerConfigKeys (ConfUtils.java:logGet(43)) - raft.server.notification.no-leader.timeout = 120s (custom)
2019-10-01 07:27:17,935 [pool-423-thread-1] INFO  server.RaftServerConfigKeys (ConfUtils.java:logGet(43)) - raft.server.log.use.memory = false (default)
2019-10-01 07:27:17,936 [pool-423-thread-1] INFO  server.RaftServerConfigKeys (ConfUtils.java:logGet(43)) - raft.server.log.purge.gap = 1000000 (custom)
2019-10-01 07:27:17,936 [pool-423-thread-1] INFO  server.RaftServerConfigKeys (ConfUtils.java:logGet(43)) - raft.server.log.appender.buffer.byte-limit = 33554432 (custom)
2019-10-01 07:27:17,936 [pool-423-thread-1] INFO  server.RaftServerConfigKeys (ConfUtils.java:logGet(43)) - raft.server.log.segment.size.max = 1048576 (custom)
2019-10-01 07:27:17,937 [pool-423-thread-1] INFO  server.RaftServerConfigKeys (ConfUtils.java:logGet(43)) - raft.server.log.segment.cache.num.max = 2 (custom)
2019-10-01 07:27:17,937 [pool-423-thread-1] INFO  segmented.SegmentedRaftLogWorker (SegmentedRaftLogWorker.java:<init>(173)) - new 0d347145-7e33-414c-898e-d13b8f443d99@group-43451A8DEF66-SegmentedRaftLogWorker for RaftStorage:Storage Directory /workdir/hadoop-ozone/integration-test/target/test-dir/MiniOzoneClusterImpl-a3295141-d6dd-4ca2-83a3-017d6c1874d6/datanode-4/data/ratis/271a36b6-3c86-4104-b7a1-43451a8def66
2019-10-01 07:27:17,937 [pool-423-thread-1] INFO  server.RaftServerConfigKeys (ConfUtils.java:logGet(43)) - raft.server.log.queue.byte-limit = 2147483647 (custom)
2019-10-01 07:27:17,937 [pool-423-thread-1] INFO  server.RaftServerConfigKeys (ConfUtils.java:logGet(43)) - raft.server.log.queue.element-limit = 1024 (custom)
2019-10-01 07:27:17,938 [pool-423-thread-1] INFO  server.RaftServerConfigKeys (ConfUtils.java:logGet(43)) - raft.server.log.segment.size.max = 1048576 (custom)
2019-10-01 07:27:17,938 [pool-423-thread-1] INFO  server.RaftServerConfigKeys (ConfUtils.java:logGet(43)) - raft.server.log.preallocated.size = 16384 (custom)
2019-10-01 07:27:17,938 [pool-423-thread-1] INFO  server.RaftServerConfigKeys (ConfUtils.java:logGet(43)) - raft.server.log.write.buffer.size = 33554432 (custom)
2019-10-01 07:27:17,938 [pool-423-thread-1] INFO  server.RaftServerConfigKeys (ConfUtils.java:logGet(43)) - raft.server.log.force.sync.num = 128 (default)
2019-10-01 07:27:17,938 [pool-423-thread-1] INFO  server.RaftServerConfigKeys (ConfUtils.java:logGet(43)) - raft.server.log.statemachine.data.sync = true (default)
2019-10-01 07:27:17,938 [pool-423-thread-1] INFO  server.RaftServerConfigKeys (ConfUtils.java:logGet(43)) - raft.server.log.statemachine.data.sync.timeout = 10s (default)
2019-10-01 07:27:17,938 [pool-423-thread-1] INFO  server.RaftServerConfigKeys (ConfUtils.java:logGet(43)) - raft.server.log.statemachine.data.sync.timeout.retry = -1 (default)
2019-10-01 07:27:17,939 [pool-423-thread-1] INFO  server.RaftServerConfigKeys (ConfUtils.java:logGet(43)) - raft.server.log.statemachine.data.caching.enabled = true (custom)
2019-10-01 07:27:17,939 [pool-423-thread-1] INFO  segmented.SegmentedRaftLogWorker (SegmentedRaftLogWorker.java:lambda$new$0(128)) - 0d347145-7e33-414c-898e-d13b8f443d99@group-43451A8DEF66-SegmentedRaftLogWorker: flushIndex: setUnconditionally 0 -> -1
2019-10-01 07:27:17,939 [pool-423-thread-1] INFO  server.RaftServerConfigKeys (ConfUtils.java:logGet(43)) - raft.server.snapshot.auto.trigger.enabled = true (custom)
2019-10-01 07:27:17,939 [pool-423-thread-1] INFO  server.RaftServerConfigKeys (ConfUtils.java:logGet(43)) - raft.server.snapshot.auto.trigger.threshold = 10000 (custom)
2019-10-01 07:27:17,939 [pool-423-thread-1] INFO  server.RaftServerConfigKeys (ConfUtils.java:logGet(43)) - raft.server.snapshot.retention.file.num = 5 (custom)
2019-10-01 07:27:17,940 [pool-423-thread-1] INFO  server.RaftServerConfigKeys (ConfUtils.java:logGet(43)) - raft.server.retrycache.expirytime = 600000ms (custom)
2019-10-01 07:27:17,941 [pool-423-thread-1] INFO  impl.RaftServerImpl (RaftServerImpl.java:start(181)) - 0d347145-7e33-414c-898e-d13b8f443d99@group-43451A8DEF66: start as a follower, conf=-1: [0d347145-7e33-414c-898e-d13b8f443d99:192.168.30.18:44592], old=null
2019-10-01 07:27:17,941 [pool-423-thread-1] INFO  impl.RaftServerImpl (RaftServerImpl.java:setRole(170)) - 0d347145-7e33-414c-898e-d13b8f443d99@group-43451A8DEF66: changes role from      null to FOLLOWER at term 0 for startAsFollower
2019-10-01 07:27:17,941 [pool-423-thread-1] INFO  impl.RoleInfo (RoleInfo.java:updateAndGet(143)) - 0d347145-7e33-414c-898e-d13b8f443d99: start FollowerState
2019-10-01 07:27:17,942 [pool-423-thread-1] INFO  util.JmxRegister (JmxRegister.java:tryRegister(44)) - Successfully registered JMX Bean with object name Ratis:service=RaftServer,group=group-43451A8DEF66,id=0d347145-7e33-414c-898e-d13b8f443d99
2019-10-01 07:27:17,946 [RatisPipelineUtilsThread] INFO  pipeline.PipelineStateManager (PipelineStateManager.java:addPipeline(56)) - Created pipeline Pipeline[ Id: 271a36b6-3c86-4104-b7a1-43451a8def66, Nodes: 0d347145-7e33-414c-898e-d13b8f443d99{ip: 192.168.30.18, host: pr-hdds-1984-bsjj8-3390809720, networkLocation: /default-rack, certSerialId: null}, Type:RATIS, Factor:ONE, State:OPEN]
2019-10-01 07:27:17,961 [IPC Server handler 7 on 41804] INFO  net.NetworkTopology (NetworkTopologyImpl.java:add(111)) - Added a new node: /default-rack/01b282da-5184-44fd-b80b-ba609c1a625b
2019-10-01 07:27:17,961 [IPC Server handler 7 on 41804] INFO  node.SCMNodeManager (SCMNodeManager.java:register(266)) - Registered Data node : 01b282da-5184-44fd-b80b-ba609c1a625b{ip: 192.168.30.18, host: pr-hdds-1984-bsjj8-3390809720, networkLocation: /default-rack, certSerialId: null}
2019-10-01 07:27:17,962 [grpc-default-executor-7] INFO  impl.RaftServerProxy (RaftServerProxy.java:addNew(89)) - f8cd3b89-0801-4612-90b3-c9aed41ad343: addNew group-053AE1F52D2F:[dba3f8e3-15ef-40cd-a7e3-c0dcaaff2a16:192.168.30.18:44845, ed7cd0ec-efdd-4bf8-a6ce-d1107d60787a:192.168.30.18:36182, f8cd3b89-0801-4612-90b3-c9aed41ad343:192.168.30.18:37465] returns group-053AE1F52D2F:java.util.concurrent.CompletableFuture@799011bf[Not completed]
2019-10-01 07:27:17,962 [grpc-default-executor-0] INFO  impl.RaftServerProxy (RaftServerProxy.java:addNew(89)) - ed7cd0ec-efdd-4bf8-a6ce-d1107d60787a: addNew group-053AE1F52D2F:[dba3f8e3-15ef-40cd-a7e3-c0dcaaff2a16:192.168.30.18:44845, ed7cd0ec-efdd-4bf8-a6ce-d1107d60787a:192.168.30.18:36182, f8cd3b89-0801-4612-90b3-c9aed41ad343:192.168.30.18:37465] returns group-053AE1F52D2F:java.util.concurrent.CompletableFuture@656d5623[Not completed]
2019-10-01 07:27:17,962 [grpc-default-executor-7] INFO  impl.RaftServerProxy (RaftServerProxy.java:addNew(89)) - dba3f8e3-15ef-40cd-a7e3-c0dcaaff2a16: addNew group-053AE1F52D2F:[dba3f8e3-15ef-40cd-a7e3-c0dcaaff2a16:192.168.30.18:44845, ed7cd0ec-efdd-4bf8-a6ce-d1107d60787a:192.168.30.18:36182, f8cd3b89-0801-4612-90b3-c9aed41ad343:192.168.30.18:37465] returns group-053AE1F52D2F:java.util.concurrent.CompletableFuture@5b9980ec[Not completed]
2019-10-01 07:27:17,963 [pool-383-thread-1] INFO  impl.RaftServerImpl (RaftServerImpl.java:<init>(95)) - f8cd3b89-0801-4612-90b3-c9aed41ad343: new RaftServerImpl for group-053AE1F52D2F:[dba3f8e3-15ef-40cd-a7e3-c0dcaaff2a16:192.168.30.18:44845, ed7cd0ec-efdd-4bf8-a6ce-d1107d60787a:192.168.30.18:36182, f8cd3b89-0801-4612-90b3-c9aed41ad343:192.168.30.18:37465] with ContainerStateMachine:uninitialized
2019-10-01 07:27:17,963 [pool-383-thread-1] INFO  server.RaftServerConfigKeys (ConfUtils.java:logGet(43)) - raft.server.rpc.timeout.min = 5s (custom)
2019-10-01 07:27:17,963 [pool-383-thread-1] INFO  server.RaftServerConfigKeys (ConfUtils.java:logGet(43)) - raft.server.rpc.timeout.max = 5200ms (custom)
2019-10-01 07:27:17,963 [pool-393-thread-1] INFO  impl.RaftServerImpl (RaftServerImpl.java:<init>(95)) - ed7cd0ec-efdd-4bf8-a6ce-d1107d60787a: new RaftServerImpl for group-053AE1F52D2F:[dba3f8e3-15ef-40cd-a7e3-c0dcaaff2a16:192.168.30.18:44845, ed7cd0ec-efdd-4bf8-a6ce-d1107d60787a:192.168.30.18:36182, f8cd3b89-0801-4612-90b3-c9aed41ad343:192.168.30.18:37465] with ContainerStateMachine:uninitialized
2019-10-01 07:27:17,963 [pool-383-thread-1] INFO  server.RaftServerConfigKeys (ConfUtils.java:logGet(43)) - raft.server.rpcslowness.timeout = 120s (custom)
2019-10-01 07:27:17,963 [pool-393-thread-1] INFO  server.RaftServerConfigKeys (ConfUtils.java:logGet(43)) - raft.server.rpc.timeout.min = 5s (custom)
2019-10-01 07:27:17,963 [pool-383-thread-1] INFO  server.RaftServerConfigKeys (ConfUtils.java:logGet(43)) - raft.server.sleep.deviation.threshold = 300 (default)
2019-10-01 07:27:17,963 [pool-403-thread-1] INFO  impl.RaftServerImpl (RaftServerImpl.java:<init>(95)) - dba3f8e3-15ef-40cd-a7e3-c0dcaaff2a16: new RaftServerImpl for group-053AE1F52D2F:[dba3f8e3-15ef-40cd-a7e3-c0dcaaff2a16:192.168.30.18:44845, ed7cd0ec-efdd-4bf8-a6ce-d1107d60787a:192.168.30.18:36182, f8cd3b89-0801-4612-90b3-c9aed41ad343:192.168.30.18:37465] with ContainerStateMachine:uninitialized
2019-10-01 07:27:17,963 [pool-393-thread-1] INFO  server.RaftServerConfigKeys (ConfUtils.java:logGet(43)) - raft.server.rpc.timeout.max = 5200ms (custom)
2019-10-01 07:27:17,964 [pool-403-thread-1] INFO  server.RaftServerConfigKeys (ConfUtils.java:logGet(43)) - raft.server.rpc.timeout.min = 5s (custom)
2019-10-01 07:27:17,963 [pool-383-thread-1] INFO  server.RaftServerConfigKeys (ConfUtils.java:logGet(43)) - raft.server.log.appender.install.snapshot.enabled = false (custom)
2019-10-01 07:27:17,964 [pool-403-thread-1] INFO  server.RaftServerConfigKeys (ConfUtils.java:logGet(43)) - raft.server.rpc.timeout.max = 5200ms (custom)
2019-10-01 07:27:17,964 [pool-383-thread-1] INFO  impl.RaftServerImpl (ServerState.java:<init>(103)) - f8cd3b89-0801-4612-90b3-c9aed41ad343@group-053AE1F52D2F: ConfigurationManager, init=-1: [dba3f8e3-15ef-40cd-a7e3-c0dcaaff2a16:192.168.30.18:44845, ed7cd0ec-efdd-4bf8-a6ce-d1107d60787a:192.168.30.18:36182, f8cd3b89-0801-4612-90b3-c9aed41ad343:192.168.30.18:37465], old=null, confs=<EMPTY_MAP>
2019-10-01 07:27:17,964 [pool-393-thread-1] INFO  server.RaftServerConfigKeys (ConfUtils.java:logGet(43)) - raft.server.rpcslowness.timeout = 120s (custom)
2019-10-01 07:27:17,964 [pool-383-thread-1] INFO  server.RaftServerConfigKeys (ConfUtils.java:logGet(43)) - raft.server.storage.dir = [/workdir/hadoop-ozone/integration-test/target/test-dir/MiniOzoneClusterImpl-a3295141-d6dd-4ca2-83a3-017d6c1874d6/datanode-0/data/ratis] (custom)
2019-10-01 07:27:17,964 [pool-403-thread-1] INFO  server.RaftServerConfigKeys (ConfUtils.java:logGet(43)) - raft.server.rpcslowness.timeout = 120s (custom)
2019-10-01 07:27:17,964 [pool-393-thread-1] INFO  server.RaftServerConfigKeys (ConfUtils.java:logGet(43)) - raft.server.sleep.deviation.threshold = 300 (default)
2019-10-01 07:27:17,965 [pool-383-thread-1] INFO  server.RaftServerConfigKeys (ConfUtils.java:logGet(43)) - raft.server.log.corruption.policy = EXCEPTION (default)
2019-10-01 07:27:17,965 [pool-403-thread-1] INFO  server.RaftServerConfigKeys (ConfUtils.java:logGet(43)) - raft.server.sleep.deviation.threshold = 300 (default)
2019-10-01 07:27:17,965 [pool-383-thread-1] INFO  storage.RaftStorageDirectory (RaftStorageDirectory.java:analyzeStorage(246)) - The storage directory /workdir/hadoop-ozone/integration-test/target/test-dir/MiniOzoneClusterImpl-a3295141-d6dd-4ca2-83a3-017d6c1874d6/datanode-0/data/ratis/6377e8b4-28f5-48f1-8127-053ae1f52d2f does not exist. Creating ...
2019-10-01 07:27:17,965 [pool-403-thread-1] INFO  server.RaftServerConfigKeys (ConfUtils.java:logGet(43)) - raft.server.log.appender.install.snapshot.enabled = false (custom)
2019-10-01 07:27:17,965 [pool-393-thread-1] INFO  server.RaftServerConfigKeys (ConfUtils.java:logGet(43)) - raft.server.log.appender.install.snapshot.enabled = false (custom)
2019-10-01 07:27:17,965 [pool-403-thread-1] INFO  impl.RaftServerImpl (ServerState.java:<init>(103)) - dba3f8e3-15ef-40cd-a7e3-c0dcaaff2a16@group-053AE1F52D2F: ConfigurationManager, init=-1: [dba3f8e3-15ef-40cd-a7e3-c0dcaaff2a16:192.168.30.18:44845, ed7cd0ec-efdd-4bf8-a6ce-d1107d60787a:192.168.30.18:36182, f8cd3b89-0801-4612-90b3-c9aed41ad343:192.168.30.18:37465], old=null, confs=<EMPTY_MAP>
2019-10-01 07:27:17,965 [pool-393-thread-1] INFO  impl.RaftServerImpl (ServerState.java:<init>(103)) - ed7cd0ec-efdd-4bf8-a6ce-d1107d60787a@group-053AE1F52D2F: ConfigurationManager, init=-1: [dba3f8e3-15ef-40cd-a7e3-c0dcaaff2a16:192.168.30.18:44845, ed7cd0ec-efdd-4bf8-a6ce-d1107d60787a:192.168.30.18:36182, f8cd3b89-0801-4612-90b3-c9aed41ad343:192.168.30.18:37465], old=null, confs=<EMPTY_MAP>
2019-10-01 07:27:17,966 [pool-403-thread-1] INFO  server.RaftServerConfigKeys (ConfUtils.java:logGet(43)) - raft.server.storage.dir = [/workdir/hadoop-ozone/integration-test/target/test-dir/MiniOzoneClusterImpl-a3295141-d6dd-4ca2-83a3-017d6c1874d6/datanode-2/data/ratis] (custom)
2019-10-01 07:27:17,966 [pool-393-thread-1] INFO  server.RaftServerConfigKeys (ConfUtils.java:logGet(43)) - raft.server.storage.dir = [/workdir/hadoop-ozone/integration-test/target/test-dir/MiniOzoneClusterImpl-a3295141-d6dd-4ca2-83a3-017d6c1874d6/datanode-1/data/ratis] (custom)
2019-10-01 07:27:17,966 [pool-403-thread-1] INFO  server.RaftServerConfigKeys (ConfUtils.java:logGet(43)) - raft.server.log.corruption.policy = EXCEPTION (default)
2019-10-01 07:27:17,966 [pool-393-thread-1] INFO  server.RaftServerConfigKeys (ConfUtils.java:logGet(43)) - raft.server.log.corruption.policy = EXCEPTION (default)
2019-10-01 07:27:17,966 [pool-403-thread-1] INFO  storage.RaftStorageDirectory (RaftStorageDirectory.java:analyzeStorage(246)) - The storage directory /workdir/hadoop-ozone/integration-test/target/test-dir/MiniOzoneClusterImpl-a3295141-d6dd-4ca2-83a3-017d6c1874d6/datanode-2/data/ratis/6377e8b4-28f5-48f1-8127-053ae1f52d2f does not exist. Creating ...
2019-10-01 07:27:17,966 [pool-393-thread-1] INFO  storage.RaftStorageDirectory (RaftStorageDirectory.java:analyzeStorage(246)) - The storage directory /workdir/hadoop-ozone/integration-test/target/test-dir/MiniOzoneClusterImpl-a3295141-d6dd-4ca2-83a3-017d6c1874d6/datanode-1/data/ratis/6377e8b4-28f5-48f1-8127-053ae1f52d2f does not exist. Creating ...
2019-10-01 07:27:17,994 [pool-393-thread-1] INFO  storage.RaftStorageDirectory (RaftStorageDirectory.java:tryLock(328)) - Lock on /workdir/hadoop-ozone/integration-test/target/test-dir/MiniOzoneClusterImpl-a3295141-d6dd-4ca2-83a3-017d6c1874d6/datanode-1/data/ratis/6377e8b4-28f5-48f1-8127-053ae1f52d2f/in_use.lock acquired by nodename 6138@pr-hdds-1984-bsjj8-3390809720
2019-10-01 07:27:17,994 [pool-383-thread-1] INFO  storage.RaftStorageDirectory (RaftStorageDirectory.java:tryLock(328)) - Lock on /workdir/hadoop-ozone/integration-test/target/test-dir/MiniOzoneClusterImpl-a3295141-d6dd-4ca2-83a3-017d6c1874d6/datanode-0/data/ratis/6377e8b4-28f5-48f1-8127-053ae1f52d2f/in_use.lock acquired by nodename 6138@pr-hdds-1984-bsjj8-3390809720
2019-10-01 07:27:17,994 [pool-403-thread-1] INFO  storage.RaftStorageDirectory (RaftStorageDirectory.java:tryLock(328)) - Lock on /workdir/hadoop-ozone/integration-test/target/test-dir/MiniOzoneClusterImpl-a3295141-d6dd-4ca2-83a3-017d6c1874d6/datanode-2/data/ratis/6377e8b4-28f5-48f1-8127-053ae1f52d2f/in_use.lock acquired by nodename 6138@pr-hdds-1984-bsjj8-3390809720
2019-10-01 07:27:18,020 [pool-383-thread-1] INFO  storage.RaftStorage (RaftStorage.java:format(84)) - Storage directory /workdir/hadoop-ozone/integration-test/target/test-dir/MiniOzoneClusterImpl-a3295141-d6dd-4ca2-83a3-017d6c1874d6/datanode-0/data/ratis/6377e8b4-28f5-48f1-8127-053ae1f52d2f has been successfully formatted.
2019-10-01 07:27:18,020 [pool-403-thread-1] INFO  storage.RaftStorage (RaftStorage.java:format(84)) - Storage directory /workdir/hadoop-ozone/integration-test/target/test-dir/MiniOzoneClusterImpl-a3295141-d6dd-4ca2-83a3-017d6c1874d6/datanode-2/data/ratis/6377e8b4-28f5-48f1-8127-053ae1f52d2f has been successfully formatted.
2019-10-01 07:27:18,020 [pool-393-thread-1] INFO  storage.RaftStorage (RaftStorage.java:format(84)) - Storage directory /workdir/hadoop-ozone/integration-test/target/test-dir/MiniOzoneClusterImpl-a3295141-d6dd-4ca2-83a3-017d6c1874d6/datanode-1/data/ratis/6377e8b4-28f5-48f1-8127-053ae1f52d2f has been successfully formatted.
2019-10-01 07:27:18,020 [pool-383-thread-1] INFO  ratis.ContainerStateMachine (ContainerStateMachine.java:loadSnapshot(230)) - group-053AE1F52D2F: The snapshot info is null. Setting the last applied indexto:(t:0, i:~)
2019-10-01 07:27:18,020 [pool-393-thread-1] INFO  ratis.ContainerStateMachine (ContainerStateMachine.java:loadSnapshot(230)) - group-053AE1F52D2F: The snapshot info is null. Setting the last applied indexto:(t:0, i:~)
2019-10-01 07:27:18,020 [pool-383-thread-1] INFO  server.RaftServerConfigKeys (ConfUtils.java:logGet(43)) - raft.server.notification.no-leader.timeout = 120s (custom)
2019-10-01 07:27:18,020 [pool-393-thread-1] INFO  server.RaftServerConfigKeys (ConfUtils.java:logGet(43)) - raft.server.notification.no-leader.timeout = 120s (custom)
2019-10-01 07:27:18,020 [pool-383-thread-1] INFO  server.RaftServerConfigKeys (ConfUtils.java:logGet(43)) - raft.server.log.use.memory = false (default)
2019-10-01 07:27:18,021 [pool-403-thread-1] INFO  ratis.ContainerStateMachine (ContainerStateMachine.java:loadSnapshot(230)) - group-053AE1F52D2F: The snapshot info is null. Setting the last applied indexto:(t:0, i:~)
2019-10-01 07:27:18,021 [pool-393-thread-1] INFO  server.RaftServerConfigKeys (ConfUtils.java:logGet(43)) - raft.server.log.use.memory = false (default)
2019-10-01 07:27:18,021 [pool-403-thread-1] INFO  server.RaftServerConfigKeys (ConfUtils.java:logGet(43)) - raft.server.notification.no-leader.timeout = 120s (custom)
2019-10-01 07:27:18,021 [pool-383-thread-1] INFO  server.RaftServerConfigKeys (ConfUtils.java:logGet(43)) - raft.server.log.purge.gap = 1000000 (custom)
2019-10-01 07:27:18,021 [main] INFO  ozone.MiniOzoneClusterImpl (MiniOzoneClusterImpl.java:lambda$waitForClusterToBeReady$0(147)) - Waiting for cluster to be ready. Got 6 of 7 DN Heartbeats.
2019-10-01 07:27:18,021 [pool-403-thread-1] INFO  server.RaftServerConfigKeys (ConfUtils.java:logGet(43)) - raft.server.log.use.memory = false (default)
2019-10-01 07:27:18,021 [pool-393-thread-1] INFO  server.RaftServerConfigKeys (ConfUtils.java:logGet(43)) - raft.server.log.purge.gap = 1000000 (custom)
2019-10-01 07:27:18,022 [IPC Server handler 8 on 41804] INFO  net.NetworkTopology (NetworkTopologyImpl.java:add(111)) - Added a new node: /default-rack/a125c0e2-9a62-4411-a491-58df8ee0146a
2019-10-01 07:27:18,022 [pool-403-thread-1] INFO  server.RaftServerConfigKeys (ConfUtils.java:logGet(43)) - raft.server.log.purge.gap = 1000000 (custom)
2019-10-01 07:27:18,021 [pool-383-thread-1] INFO  server.RaftServerConfigKeys (ConfUtils.java:logGet(43)) - raft.server.log.appender.buffer.byte-limit = 33554432 (custom)
2019-10-01 07:27:18,023 [pool-403-thread-1] INFO  server.RaftServerConfigKeys (ConfUtils.java:logGet(43)) - raft.server.log.appender.buffer.byte-limit = 33554432 (custom)
2019-10-01 07:27:18,022 [IPC Server handler 8 on 41804] INFO  node.SCMNodeManager (SCMNodeManager.java:register(266)) - Registered Data node : a125c0e2-9a62-4411-a491-58df8ee0146a{ip: 192.168.30.18, host: pr-hdds-1984-bsjj8-3390809720, networkLocation: /default-rack, certSerialId: null}
2019-10-01 07:27:18,022 [pool-393-thread-1] INFO  server.RaftServerConfigKeys (ConfUtils.java:logGet(43)) - raft.server.log.appender.buffer.byte-limit = 33554432 (custom)
2019-10-01 07:27:18,023 [pool-403-thread-1] INFO  server.RaftServerConfigKeys (ConfUtils.java:logGet(43)) - raft.server.log.segment.size.max = 1048576 (custom)
2019-10-01 07:27:18,023 [pool-383-thread-1] INFO  server.RaftServerConfigKeys (ConfUtils.java:logGet(43)) - raft.server.log.segment.size.max = 1048576 (custom)
2019-10-01 07:27:18,023 [pool-403-thread-1] INFO  server.RaftServerConfigKeys (ConfUtils.java:logGet(43)) - raft.server.log.segment.cache.num.max = 2 (custom)
2019-10-01 07:27:18,023 [pool-393-thread-1] INFO  server.RaftServerConfigKeys (ConfUtils.java:logGet(43)) - raft.server.log.segment.size.max = 1048576 (custom)
2019-10-01 07:27:18,024 [pool-403-thread-1] INFO  segmented.SegmentedRaftLogWorker (SegmentedRaftLogWorker.java:<init>(173)) - new dba3f8e3-15ef-40cd-a7e3-c0dcaaff2a16@group-053AE1F52D2F-SegmentedRaftLogWorker for RaftStorage:Storage Directory /workdir/hadoop-ozone/integration-test/target/test-dir/MiniOzoneClusterImpl-a3295141-d6dd-4ca2-83a3-017d6c1874d6/datanode-2/data/ratis/6377e8b4-28f5-48f1-8127-053ae1f52d2f
2019-10-01 07:27:18,024 [pool-383-thread-1] INFO  server.RaftServerConfigKeys (ConfUtils.java:logGet(43)) - raft.server.log.segment.cache.num.max = 2 (custom)
2019-10-01 07:27:18,024 [pool-403-thread-1] INFO  server.RaftServerConfigKeys (ConfUtils.java:logGet(43)) - raft.server.log.queue.byte-limit = 2147483647 (custom)
2019-10-01 07:27:18,024 [pool-403-thread-1] INFO  server.RaftServerConfigKeys (ConfUtils.java:logGet(43)) - raft.server.log.queue.element-limit = 1024 (custom)
2019-10-01 07:27:18,024 [pool-393-thread-1] INFO  server.RaftServerConfigKeys (ConfUtils.java:logGet(43)) - raft.server.log.segment.cache.num.max = 2 (custom)
2019-10-01 07:27:18,024 [pool-403-thread-1] INFO  server.RaftServerConfigKeys (ConfUtils.java:logGet(43)) - raft.server.log.segment.size.max = 1048576 (custom)
2019-10-01 07:27:18,024 [pool-383-thread-1] INFO  segmented.SegmentedRaftLogWorker (SegmentedRaftLogWorker.java:<init>(173)) - new f8cd3b89-0801-4612-90b3-c9aed41ad343@group-053AE1F52D2F-SegmentedRaftLogWorker for RaftStorage:Storage Directory /workdir/hadoop-ozone/integration-test/target/test-dir/MiniOzoneClusterImpl-a3295141-d6dd-4ca2-83a3-017d6c1874d6/datanode-0/data/ratis/6377e8b4-28f5-48f1-8127-053ae1f52d2f
2019-10-01 07:27:18,025 [pool-403-thread-1] INFO  server.RaftServerConfigKeys (ConfUtils.java:logGet(43)) - raft.server.log.preallocated.size = 16384 (custom)
2019-10-01 07:27:18,025 [pool-393-thread-1] INFO  segmented.SegmentedRaftLogWorker (SegmentedRaftLogWorker.java:<init>(173)) - new ed7cd0ec-efdd-4bf8-a6ce-d1107d60787a@group-053AE1F52D2F-SegmentedRaftLogWorker for RaftStorage:Storage Directory /workdir/hadoop-ozone/integration-test/target/test-dir/MiniOzoneClusterImpl-a3295141-d6dd-4ca2-83a3-017d6c1874d6/datanode-1/data/ratis/6377e8b4-28f5-48f1-8127-053ae1f52d2f
2019-10-01 07:27:18,025 [pool-403-thread-1] INFO  server.RaftServerConfigKeys (ConfUtils.java:logGet(43)) - raft.server.log.write.buffer.size = 33554432 (custom)
2019-10-01 07:27:18,025 [pool-403-thread-1] INFO  server.RaftServerConfigKeys (ConfUtils.java:logGet(43)) - raft.server.log.force.sync.num = 128 (default)
2019-10-01 07:27:18,025 [pool-383-thread-1] INFO  server.RaftServerConfigKeys (ConfUtils.java:logGet(43)) - raft.server.log.queue.byte-limit = 2147483647 (custom)
2019-10-01 07:27:18,025 [pool-403-thread-1] INFO  server.RaftServerConfigKeys (ConfUtils.java:logGet(43)) - raft.server.log.statemachine.data.sync = true (default)
2019-10-01 07:27:18,025 [pool-393-thread-1] INFO  server.RaftServerConfigKeys (ConfUtils.java:logGet(43)) - raft.server.log.queue.byte-limit = 2147483647 (custom)
2019-10-01 07:27:18,026 [pool-403-thread-1] INFO  server.RaftServerConfigKeys (ConfUtils.java:logGet(43)) - raft.server.log.statemachine.data.sync.timeout = 10s (default)
2019-10-01 07:27:18,026 [pool-403-thread-1] INFO  server.RaftServerConfigKeys (ConfUtils.java:logGet(43)) - raft.server.log.statemachine.data.sync.timeout.retry = -1 (default)
2019-10-01 07:27:18,025 [pool-383-thread-1] INFO  server.RaftServerConfigKeys (ConfUtils.java:logGet(43)) - raft.server.log.queue.element-limit = 1024 (custom)
2019-10-01 07:27:18,026 [pool-403-thread-1] INFO  server.RaftServerConfigKeys (ConfUtils.java:logGet(43)) - raft.server.log.statemachine.data.caching.enabled = true (custom)
2019-10-01 07:27:18,026 [pool-393-thread-1] INFO  server.RaftServerConfigKeys (ConfUtils.java:logGet(43)) - raft.server.log.queue.element-limit = 1024 (custom)
2019-10-01 07:27:18,026 [pool-383-thread-1] INFO  server.RaftServerConfigKeys (ConfUtils.java:logGet(43)) - raft.server.log.segment.size.max = 1048576 (custom)
2019-10-01 07:27:18,026 [pool-393-thread-1] INFO  server.RaftServerConfigKeys (ConfUtils.java:logGet(43)) - raft.server.log.segment.size.max = 1048576 (custom)
2019-10-01 07:27:18,026 [pool-403-thread-1] INFO  segmented.SegmentedRaftLogWorker (SegmentedRaftLogWorker.java:lambda$new$0(128)) - dba3f8e3-15ef-40cd-a7e3-c0dcaaff2a16@group-053AE1F52D2F-SegmentedRaftLogWorker: flushIndex: setUnconditionally 0 -> -1
2019-10-01 07:27:18,027 [pool-393-thread-1] INFO  server.RaftServerConfigKeys (ConfUtils.java:logGet(43)) - raft.server.log.preallocated.size = 16384 (custom)
2019-10-01 07:27:18,027 [pool-393-thread-1] INFO  server.RaftServerConfigKeys (ConfUtils.java:logGet(43)) - raft.server.log.write.buffer.size = 33554432 (custom)
2019-10-01 07:27:18,026 [pool-383-thread-1] INFO  server.RaftServerConfigKeys (ConfUtils.java:logGet(43)) - raft.server.log.preallocated.size = 16384 (custom)
2019-10-01 07:27:18,027 [pool-393-thread-1] INFO  server.RaftServerConfigKeys (ConfUtils.java:logGet(43)) - raft.server.log.force.sync.num = 128 (default)
2019-10-01 07:27:18,027 [pool-403-thread-1] INFO  server.RaftServerConfigKeys (ConfUtils.java:logGet(43)) - raft.server.snapshot.auto.trigger.enabled = true (custom)
2019-10-01 07:27:18,027 [pool-393-thread-1] INFO  server.RaftServerConfigKeys (ConfUtils.java:logGet(43)) - raft.server.log.statemachine.data.sync = true (default)
2019-10-01 07:27:18,027 [pool-383-thread-1] INFO  server.RaftServerConfigKeys (ConfUtils.java:logGet(43)) - raft.server.log.write.buffer.size = 33554432 (custom)
2019-10-01 07:27:18,028 [pool-393-thread-1] INFO  server.RaftServerConfigKeys (ConfUtils.java:logGet(43)) - raft.server.log.statemachine.data.sync.timeout = 10s (default)
2019-10-01 07:27:18,027 [pool-403-thread-1] INFO  server.RaftServerConfigKeys (ConfUtils.java:logGet(43)) - raft.server.snapshot.auto.trigger.threshold = 10000 (custom)
2019-10-01 07:27:18,028 [pool-393-thread-1] INFO  server.RaftServerConfigKeys (ConfUtils.java:logGet(43)) - raft.server.log.statemachine.data.sync.timeout.retry = -1 (default)
2019-10-01 07:27:18,028 [pool-383-thread-1] INFO  server.RaftServerConfigKeys (ConfUtils.java:logGet(43)) - raft.server.log.force.sync.num = 128 (default)
2019-10-01 07:27:18,028 [pool-393-thread-1] INFO  server.RaftServerConfigKeys (ConfUtils.java:logGet(43)) - raft.server.log.statemachine.data.caching.enabled = true (custom)
2019-10-01 07:27:18,028 [pool-403-thread-1] INFO  server.RaftServerConfigKeys (ConfUtils.java:logGet(43)) - raft.server.snapshot.retention.file.num = 5 (custom)
2019-10-01 07:27:18,028 [pool-383-thread-1] INFO  server.RaftServerConfigKeys (ConfUtils.java:logGet(43)) - raft.server.log.statemachine.data.sync = true (default)
2019-10-01 07:27:18,029 [pool-393-thread-1] INFO  segmented.SegmentedRaftLogWorker (SegmentedRaftLogWorker.java:lambda$new$0(128)) - ed7cd0ec-efdd-4bf8-a6ce-d1107d60787a@group-053AE1F52D2F-SegmentedRaftLogWorker: flushIndex: setUnconditionally 0 -> -1
2019-10-01 07:27:18,029 [pool-403-thread-1] INFO  server.RaftServerConfigKeys (ConfUtils.java:logGet(43)) - raft.server.retrycache.expirytime = 600000ms (custom)
2019-10-01 07:27:18,029 [pool-383-thread-1] INFO  server.RaftServerConfigKeys (ConfUtils.java:logGet(43)) - raft.server.log.statemachine.data.sync.timeout = 10s (default)
2019-10-01 07:27:18,029 [pool-393-thread-1] INFO  server.RaftServerConfigKeys (ConfUtils.java:logGet(43)) - raft.server.snapshot.auto.trigger.enabled = true (custom)
2019-10-01 07:27:18,029 [pool-383-thread-1] INFO  server.RaftServerConfigKeys (ConfUtils.java:logGet(43)) - raft.server.log.statemachine.data.sync.timeout.retry = -1 (default)
2019-10-01 07:27:18,029 [pool-393-thread-1] INFO  server.RaftServerConfigKeys (ConfUtils.java:logGet(43)) - raft.server.snapshot.auto.trigger.threshold = 10000 (custom)
2019-10-01 07:27:18,029 [pool-383-thread-1] INFO  server.RaftServerConfigKeys (ConfUtils.java:logGet(43)) - raft.server.log.statemachine.data.caching.enabled = true (custom)
2019-10-01 07:27:18,029 [pool-393-thread-1] INFO  server.RaftServerConfigKeys (ConfUtils.java:logGet(43)) - raft.server.snapshot.retention.file.num = 5 (custom)
2019-10-01 07:27:18,030 [pool-383-thread-1] INFO  segmented.SegmentedRaftLogWorker (SegmentedRaftLogWorker.java:lambda$new$0(128)) - f8cd3b89-0801-4612-90b3-c9aed41ad343@group-053AE1F52D2F-SegmentedRaftLogWorker: flushIndex: setUnconditionally 0 -> -1
2019-10-01 07:27:18,030 [pool-393-thread-1] INFO  server.RaftServerConfigKeys (ConfUtils.java:logGet(43)) - raft.server.retrycache.expirytime = 600000ms (custom)
2019-10-01 07:27:18,030 [pool-383-thread-1] INFO  server.RaftServerConfigKeys (ConfUtils.java:logGet(43)) - raft.server.snapshot.auto.trigger.enabled = true (custom)
2019-10-01 07:27:18,030 [pool-383-thread-1] INFO  server.RaftServerConfigKeys (ConfUtils.java:logGet(43)) - raft.server.snapshot.auto.trigger.threshold = 10000 (custom)
2019-10-01 07:27:18,030 [pool-403-thread-1] INFO  impl.RaftServerImpl (RaftServerImpl.java:start(181)) - dba3f8e3-15ef-40cd-a7e3-c0dcaaff2a16@group-053AE1F52D2F: start as a follower, conf=-1: [dba3f8e3-15ef-40cd-a7e3-c0dcaaff2a16:192.168.30.18:44845, ed7cd0ec-efdd-4bf8-a6ce-d1107d60787a:192.168.30.18:36182, f8cd3b89-0801-4612-90b3-c9aed41ad343:192.168.30.18:37465], old=null
2019-10-01 07:27:18,030 [pool-383-thread-1] INFO  server.RaftServerConfigKeys (ConfUtils.java:logGet(43)) - raft.server.snapshot.retention.file.num = 5 (custom)
2019-10-01 07:27:18,030 [pool-403-thread-1] INFO  impl.RaftServerImpl (RaftServerImpl.java:setRole(170)) - dba3f8e3-15ef-40cd-a7e3-c0dcaaff2a16@group-053AE1F52D2F: changes role from      null to FOLLOWER at term 0 for startAsFollower
2019-10-01 07:27:18,030 [pool-383-thread-1] INFO  server.RaftServerConfigKeys (ConfUtils.java:logGet(43)) - raft.server.retrycache.expirytime = 600000ms (custom)
2019-10-01 07:27:18,030 [pool-403-thread-1] INFO  impl.RoleInfo (RoleInfo.java:updateAndGet(143)) - dba3f8e3-15ef-40cd-a7e3-c0dcaaff2a16: start FollowerState
2019-10-01 07:27:18,031 [pool-403-thread-1] INFO  util.JmxRegister (JmxRegister.java:tryRegister(44)) - Successfully registered JMX Bean with object name Ratis:service=RaftServer,group=group-053AE1F52D2F,id=dba3f8e3-15ef-40cd-a7e3-c0dcaaff2a16
2019-10-01 07:27:18,032 [pool-393-thread-1] INFO  impl.RaftServerImpl (RaftServerImpl.java:start(181)) - ed7cd0ec-efdd-4bf8-a6ce-d1107d60787a@group-053AE1F52D2F: start as a follower, conf=-1: [dba3f8e3-15ef-40cd-a7e3-c0dcaaff2a16:192.168.30.18:44845, ed7cd0ec-efdd-4bf8-a6ce-d1107d60787a:192.168.30.18:36182, f8cd3b89-0801-4612-90b3-c9aed41ad343:192.168.30.18:37465], old=null
2019-10-01 07:27:18,032 [pool-393-thread-1] INFO  impl.RaftServerImpl (RaftServerImpl.java:setRole(170)) - ed7cd0ec-efdd-4bf8-a6ce-d1107d60787a@group-053AE1F52D2F: changes role from      null to FOLLOWER at term 0 for startAsFollower
2019-10-01 07:27:18,032 [pool-393-thread-1] INFO  impl.RoleInfo (RoleInfo.java:updateAndGet(143)) - ed7cd0ec-efdd-4bf8-a6ce-d1107d60787a: start FollowerState
2019-10-01 07:27:18,032 [pool-393-thread-1] INFO  util.JmxRegister (JmxRegister.java:tryRegister(44)) - Successfully registered JMX Bean with object name Ratis:service=RaftServer,group=group-053AE1F52D2F,id=ed7cd0ec-efdd-4bf8-a6ce-d1107d60787a
2019-10-01 07:27:18,033 [pool-383-thread-1] INFO  impl.RaftServerImpl (RaftServerImpl.java:start(181)) - f8cd3b89-0801-4612-90b3-c9aed41ad343@group-053AE1F52D2F: start as a follower, conf=-1: [dba3f8e3-15ef-40cd-a7e3-c0dcaaff2a16:192.168.30.18:44845, ed7cd0ec-efdd-4bf8-a6ce-d1107d60787a:192.168.30.18:36182, f8cd3b89-0801-4612-90b3-c9aed41ad343:192.168.30.18:37465], old=null
2019-10-01 07:27:18,033 [pool-383-thread-1] INFO  impl.RaftServerImpl (RaftServerImpl.java:setRole(170)) - f8cd3b89-0801-4612-90b3-c9aed41ad343@group-053AE1F52D2F: changes role from      null to FOLLOWER at term 0 for startAsFollower
2019-10-01 07:27:18,033 [pool-383-thread-1] INFO  impl.RoleInfo (RoleInfo.java:updateAndGet(143)) - f8cd3b89-0801-4612-90b3-c9aed41ad343: start FollowerState
2019-10-01 07:27:18,033 [pool-383-thread-1] INFO  util.JmxRegister (JmxRegister.java:tryRegister(44)) - Successfully registered JMX Bean with object name Ratis:service=RaftServer,group=group-053AE1F52D2F,id=f8cd3b89-0801-4612-90b3-c9aed41ad343
2019-10-01 07:27:18,037 [RatisPipelineUtilsThread] INFO  pipeline.PipelineStateManager (PipelineStateManager.java:addPipeline(56)) - Created pipeline Pipeline[ Id: 6377e8b4-28f5-48f1-8127-053ae1f52d2f, Nodes: ed7cd0ec-efdd-4bf8-a6ce-d1107d60787a{ip: 192.168.30.18, host: pr-hdds-1984-bsjj8-3390809720, networkLocation: /default-rack, certSerialId: null}f8cd3b89-0801-4612-90b3-c9aed41ad343{ip: 192.168.30.18, host: pr-hdds-1984-bsjj8-3390809720, networkLocation: /default-rack, certSerialId: null}dba3f8e3-15ef-40cd-a7e3-c0dcaaff2a16{ip: 192.168.30.18, host: pr-hdds-1984-bsjj8-3390809720, networkLocation: /default-rack, certSerialId: null}, Type:RATIS, Factor:THREE, State:OPEN]
2019-10-01 07:27:18,062 [grpc-default-executor-0] INFO  impl.RaftServerProxy (RaftServerProxy.java:addNew(89)) - 0d347145-7e33-414c-898e-d13b8f443d99: addNew group-B662A1914C11:[a125c0e2-9a62-4411-a491-58df8ee0146a:192.168.30.18:39304, 0d347145-7e33-414c-898e-d13b8f443d99:192.168.30.18:44592, 3c543937-5f82-4ba7-aeab-f449bb36d2fa:192.168.30.18:32852] returns group-B662A1914C11:java.util.concurrent.CompletableFuture@26f76343[Not completed]
2019-10-01 07:27:18,062 [grpc-default-executor-6] INFO  impl.RaftServerProxy (RaftServerProxy.java:addNew(89)) - a125c0e2-9a62-4411-a491-58df8ee0146a: addNew group-B662A1914C11:[a125c0e2-9a62-4411-a491-58df8ee0146a:192.168.30.18:39304, 0d347145-7e33-414c-898e-d13b8f443d99:192.168.30.18:44592, 3c543937-5f82-4ba7-aeab-f449bb36d2fa:192.168.30.18:32852] returns group-B662A1914C11:java.util.concurrent.CompletableFuture@2cd28903[Not completed]
2019-10-01 07:27:18,066 [grpc-default-executor-7] INFO  impl.RaftServerProxy (RaftServerProxy.java:addNew(89)) - 3c543937-5f82-4ba7-aeab-f449bb36d2fa: addNew group-B662A1914C11:[a125c0e2-9a62-4411-a491-58df8ee0146a:192.168.30.18:39304, 0d347145-7e33-414c-898e-d13b8f443d99:192.168.30.18:44592, 3c543937-5f82-4ba7-aeab-f449bb36d2fa:192.168.30.18:32852] returns group-B662A1914C11:java.util.concurrent.CompletableFuture@7500b4ea[Not completed]
2019-10-01 07:27:18,068 [pool-413-thread-1] INFO  impl.RaftServerImpl (RaftServerImpl.java:<init>(95)) - 3c543937-5f82-4ba7-aeab-f449bb36d2fa: new RaftServerImpl for group-B662A1914C11:[a125c0e2-9a62-4411-a491-58df8ee0146a:192.168.30.18:39304, 0d347145-7e33-414c-898e-d13b8f443d99:192.168.30.18:44592, 3c543937-5f82-4ba7-aeab-f449bb36d2fa:192.168.30.18:32852] with ContainerStateMachine:uninitialized
2019-10-01 07:27:18,068 [pool-413-thread-1] INFO  server.RaftServerConfigKeys (ConfUtils.java:logGet(43)) - raft.server.rpc.timeout.min = 5s (custom)
2019-10-01 07:27:18,069 [pool-413-thread-1] INFO  server.RaftServerConfigKeys (ConfUtils.java:logGet(43)) - raft.server.rpc.timeout.max = 5200ms (custom)
2019-10-01 07:27:18,069 [pool-413-thread-1] INFO  server.RaftServerConfigKeys (ConfUtils.java:logGet(43)) - raft.server.rpcslowness.timeout = 120s (custom)
2019-10-01 07:27:18,069 [pool-413-thread-1] INFO  server.RaftServerConfigKeys (ConfUtils.java:logGet(43)) - raft.server.sleep.deviation.threshold = 300 (default)
2019-10-01 07:27:18,069 [pool-413-thread-1] INFO  server.RaftServerConfigKeys (ConfUtils.java:logGet(43)) - raft.server.log.appender.install.snapshot.enabled = false (custom)
2019-10-01 07:27:18,069 [pool-413-thread-1] INFO  impl.RaftServerImpl (ServerState.java:<init>(103)) - 3c543937-5f82-4ba7-aeab-f449bb36d2fa@group-B662A1914C11: ConfigurationManager, init=-1: [a125c0e2-9a62-4411-a491-58df8ee0146a:192.168.30.18:39304, 0d347145-7e33-414c-898e-d13b8f443d99:192.168.30.18:44592, 3c543937-5f82-4ba7-aeab-f449bb36d2fa:192.168.30.18:32852], old=null, confs=<EMPTY_MAP>
2019-10-01 07:27:18,069 [pool-423-thread-1] INFO  impl.RaftServerImpl (RaftServerImpl.java:<init>(95)) - 0d347145-7e33-414c-898e-d13b8f443d99: new RaftServerImpl for group-B662A1914C11:[a125c0e2-9a62-4411-a491-58df8ee0146a:192.168.30.18:39304, 0d347145-7e33-414c-898e-d13b8f443d99:192.168.30.18:44592, 3c543937-5f82-4ba7-aeab-f449bb36d2fa:192.168.30.18:32852] with ContainerStateMachine:uninitialized
2019-10-01 07:27:18,069 [pool-413-thread-1] INFO  server.RaftServerConfigKeys (ConfUtils.java:logGet(43)) - raft.server.storage.dir = [/workdir/hadoop-ozone/integration-test/target/test-dir/MiniOzoneClusterImpl-a3295141-d6dd-4ca2-83a3-017d6c1874d6/datanode-3/data/ratis] (custom)
2019-10-01 07:27:18,069 [pool-423-thread-1] INFO  server.RaftServerConfigKeys (ConfUtils.java:logGet(43)) - raft.server.rpc.timeout.min = 5s (custom)
2019-10-01 07:27:18,070 [pool-443-thread-1] INFO  impl.RaftServerImpl (RaftServerImpl.java:<init>(95)) - a125c0e2-9a62-4411-a491-58df8ee0146a: new RaftServerImpl for group-B662A1914C11:[a125c0e2-9a62-4411-a491-58df8ee0146a:192.168.30.18:39304, 0d347145-7e33-414c-898e-d13b8f443d99:192.168.30.18:44592, 3c543937-5f82-4ba7-aeab-f449bb36d2fa:192.168.30.18:32852] with ContainerStateMachine:uninitialized
2019-10-01 07:27:18,070 [pool-413-thread-1] INFO  server.RaftServerConfigKeys (ConfUtils.java:logGet(43)) - raft.server.log.corruption.policy = EXCEPTION (default)
2019-10-01 07:27:18,070 [pool-423-thread-1] INFO  server.RaftServerConfigKeys (ConfUtils.java:logGet(43)) - raft.server.rpc.timeout.max = 5200ms (custom)
2019-10-01 07:27:18,070 [pool-413-thread-1] INFO  storage.RaftStorageDirectory (RaftStorageDirectory.java:analyzeStorage(246)) - The storage directory /workdir/hadoop-ozone/integration-test/target/test-dir/MiniOzoneClusterImpl-a3295141-d6dd-4ca2-83a3-017d6c1874d6/datanode-3/data/ratis/9a7c502e-6b54-4cfc-8a46-b662a1914c11 does not exist. Creating ...
2019-10-01 07:27:18,070 [pool-443-thread-1] INFO  server.RaftServerConfigKeys (ConfUtils.java:logGet(43)) - raft.server.rpc.timeout.min = 5s (custom)
2019-10-01 07:27:18,070 [pool-423-thread-1] INFO  server.RaftServerConfigKeys (ConfUtils.java:logGet(43)) - raft.server.rpcslowness.timeout = 120s (custom)
2019-10-01 07:27:18,070 [pool-443-thread-1] INFO  server.RaftServerConfigKeys (ConfUtils.java:logGet(43)) - raft.server.rpc.timeout.max = 5200ms (custom)
2019-10-01 07:27:18,071 [pool-423-thread-1] INFO  server.RaftServerConfigKeys (ConfUtils.java:logGet(43)) - raft.server.sleep.deviation.threshold = 300 (default)
2019-10-01 07:27:18,071 [pool-443-thread-1] INFO  server.RaftServerConfigKeys (ConfUtils.java:logGet(43)) - raft.server.rpcslowness.timeout = 120s (custom)
2019-10-01 07:27:18,071 [pool-423-thread-1] INFO  server.RaftServerConfigKeys (ConfUtils.java:logGet(43)) - raft.server.log.appender.install.snapshot.enabled = false (custom)
2019-10-01 07:27:18,071 [pool-443-thread-1] INFO  server.RaftServerConfigKeys (ConfUtils.java:logGet(43)) - raft.server.sleep.deviation.threshold = 300 (default)
2019-10-01 07:27:18,071 [pool-443-thread-1] INFO  server.RaftServerConfigKeys (ConfUtils.java:logGet(43)) - raft.server.log.appender.install.snapshot.enabled = false (custom)
2019-10-01 07:27:18,071 [pool-423-thread-1] INFO  impl.RaftServerImpl (ServerState.java:<init>(103)) - 0d347145-7e33-414c-898e-d13b8f443d99@group-B662A1914C11: ConfigurationManager, init=-1: [a125c0e2-9a62-4411-a491-58df8ee0146a:192.168.30.18:39304, 0d347145-7e33-414c-898e-d13b8f443d99:192.168.30.18:44592, 3c543937-5f82-4ba7-aeab-f449bb36d2fa:192.168.30.18:32852], old=null, confs=<EMPTY_MAP>
2019-10-01 07:27:18,071 [pool-443-thread-1] INFO  impl.RaftServerImpl (ServerState.java:<init>(103)) - a125c0e2-9a62-4411-a491-58df8ee0146a@group-B662A1914C11: ConfigurationManager, init=-1: [a125c0e2-9a62-4411-a491-58df8ee0146a:192.168.30.18:39304, 0d347145-7e33-414c-898e-d13b8f443d99:192.168.30.18:44592, 3c543937-5f82-4ba7-aeab-f449bb36d2fa:192.168.30.18:32852], old=null, confs=<EMPTY_MAP>
2019-10-01 07:27:18,071 [pool-423-thread-1] INFO  server.RaftServerConfigKeys (ConfUtils.java:logGet(43)) - raft.server.storage.dir = [/workdir/hadoop-ozone/integration-test/target/test-dir/MiniOzoneClusterImpl-a3295141-d6dd-4ca2-83a3-017d6c1874d6/datanode-4/data/ratis] (custom)
2019-10-01 07:27:18,071 [pool-443-thread-1] INFO  server.RaftServerConfigKeys (ConfUtils.java:logGet(43)) - raft.server.storage.dir = [/workdir/hadoop-ozone/integration-test/target/test-dir/MiniOzoneClusterImpl-a3295141-d6dd-4ca2-83a3-017d6c1874d6/datanode-6/data/ratis] (custom)
2019-10-01 07:27:18,072 [pool-443-thread-1] INFO  server.RaftServerConfigKeys (ConfUtils.java:logGet(43)) - raft.server.log.corruption.policy = EXCEPTION (default)
2019-10-01 07:27:18,072 [pool-423-thread-1] INFO  server.RaftServerConfigKeys (ConfUtils.java:logGet(43)) - raft.server.log.corruption.policy = EXCEPTION (default)
2019-10-01 07:27:18,072 [pool-443-thread-1] INFO  storage.RaftStorageDirectory (RaftStorageDirectory.java:analyzeStorage(246)) - The storage directory /workdir/hadoop-ozone/integration-test/target/test-dir/MiniOzoneClusterImpl-a3295141-d6dd-4ca2-83a3-017d6c1874d6/datanode-6/data/ratis/9a7c502e-6b54-4cfc-8a46-b662a1914c11 does not exist. Creating ...
2019-10-01 07:27:18,072 [pool-423-thread-1] INFO  storage.RaftStorageDirectory (RaftStorageDirectory.java:analyzeStorage(246)) - The storage directory /workdir/hadoop-ozone/integration-test/target/test-dir/MiniOzoneClusterImpl-a3295141-d6dd-4ca2-83a3-017d6c1874d6/datanode-4/data/ratis/9a7c502e-6b54-4cfc-8a46-b662a1914c11 does not exist. Creating ...
2019-10-01 07:27:18,095 [pool-413-thread-1] INFO  storage.RaftStorageDirectory (RaftStorageDirectory.java:tryLock(328)) - Lock on /workdir/hadoop-ozone/integration-test/target/test-dir/MiniOzoneClusterImpl-a3295141-d6dd-4ca2-83a3-017d6c1874d6/datanode-3/data/ratis/9a7c502e-6b54-4cfc-8a46-b662a1914c11/in_use.lock acquired by nodename 6138@pr-hdds-1984-bsjj8-3390809720
2019-10-01 07:27:18,095 [pool-423-thread-1] INFO  storage.RaftStorageDirectory (RaftStorageDirectory.java:tryLock(328)) - Lock on /workdir/hadoop-ozone/integration-test/target/test-dir/MiniOzoneClusterImpl-a3295141-d6dd-4ca2-83a3-017d6c1874d6/datanode-4/data/ratis/9a7c502e-6b54-4cfc-8a46-b662a1914c11/in_use.lock acquired by nodename 6138@pr-hdds-1984-bsjj8-3390809720
2019-10-01 07:27:18,095 [pool-443-thread-1] INFO  storage.RaftStorageDirectory (RaftStorageDirectory.java:tryLock(328)) - Lock on /workdir/hadoop-ozone/integration-test/target/test-dir/MiniOzoneClusterImpl-a3295141-d6dd-4ca2-83a3-017d6c1874d6/datanode-6/data/ratis/9a7c502e-6b54-4cfc-8a46-b662a1914c11/in_use.lock acquired by nodename 6138@pr-hdds-1984-bsjj8-3390809720
2019-10-01 07:27:18,121 [pool-443-thread-1] INFO  storage.RaftStorage (RaftStorage.java:format(84)) - Storage directory /workdir/hadoop-ozone/integration-test/target/test-dir/MiniOzoneClusterImpl-a3295141-d6dd-4ca2-83a3-017d6c1874d6/datanode-6/data/ratis/9a7c502e-6b54-4cfc-8a46-b662a1914c11 has been successfully formatted.
2019-10-01 07:27:18,121 [pool-423-thread-1] INFO  storage.RaftStorage (RaftStorage.java:format(84)) - Storage directory /workdir/hadoop-ozone/integration-test/target/test-dir/MiniOzoneClusterImpl-a3295141-d6dd-4ca2-83a3-017d6c1874d6/datanode-4/data/ratis/9a7c502e-6b54-4cfc-8a46-b662a1914c11 has been successfully formatted.
2019-10-01 07:27:18,121 [pool-413-thread-1] INFO  storage.RaftStorage (RaftStorage.java:format(84)) - Storage directory /workdir/hadoop-ozone/integration-test/target/test-dir/MiniOzoneClusterImpl-a3295141-d6dd-4ca2-83a3-017d6c1874d6/datanode-3/data/ratis/9a7c502e-6b54-4cfc-8a46-b662a1914c11 has been successfully formatted.
2019-10-01 07:27:18,121 [pool-423-thread-1] INFO  ratis.ContainerStateMachine (ContainerStateMachine.java:loadSnapshot(230)) - group-B662A1914C11: The snapshot info is null. Setting the last applied indexto:(t:0, i:~)
2019-10-01 07:27:18,121 [pool-443-thread-1] INFO  ratis.ContainerStateMachine (ContainerStateMachine.java:loadSnapshot(230)) - group-B662A1914C11: The snapshot info is null. Setting the last applied indexto:(t:0, i:~)
2019-10-01 07:27:18,121 [pool-423-thread-1] INFO  server.RaftServerConfigKeys (ConfUtils.java:logGet(43)) - raft.server.notification.no-leader.timeout = 120s (custom)
2019-10-01 07:27:18,121 [pool-413-thread-1] INFO  ratis.ContainerStateMachine (ContainerStateMachine.java:loadSnapshot(230)) - group-B662A1914C11: The snapshot info is null. Setting the last applied indexto:(t:0, i:~)
2019-10-01 07:27:18,122 [pool-423-thread-1] INFO  server.RaftServerConfigKeys (ConfUtils.java:logGet(43)) - raft.server.log.use.memory = false (default)
2019-10-01 07:27:18,121 [pool-443-thread-1] INFO  server.RaftServerConfigKeys (ConfUtils.java:logGet(43)) - raft.server.notification.no-leader.timeout = 120s (custom)
2019-10-01 07:27:18,122 [pool-423-thread-1] INFO  server.RaftServerConfigKeys (ConfUtils.java:logGet(43)) - raft.server.log.purge.gap = 1000000 (custom)
2019-10-01 07:27:18,122 [pool-413-thread-1] INFO  server.RaftServerConfigKeys (ConfUtils.java:logGet(43)) - raft.server.notification.no-leader.timeout = 120s (custom)
2019-10-01 07:27:18,122 [pool-423-thread-1] INFO  server.RaftServerConfigKeys (ConfUtils.java:logGet(43)) - raft.server.log.appender.buffer.byte-limit = 33554432 (custom)
2019-10-01 07:27:18,122 [pool-443-thread-1] INFO  server.RaftServerConfigKeys (ConfUtils.java:logGet(43)) - raft.server.log.use.memory = false (default)
2019-10-01 07:27:18,122 [pool-423-thread-1] INFO  server.RaftServerConfigKeys (ConfUtils.java:logGet(43)) - raft.server.log.segment.size.max = 1048576 (custom)
2019-10-01 07:27:18,122 [pool-413-thread-1] INFO  server.RaftServerConfigKeys (ConfUtils.java:logGet(43)) - raft.server.log.use.memory = false (default)
2019-10-01 07:27:18,123 [pool-423-thread-1] INFO  server.RaftServerConfigKeys (ConfUtils.java:logGet(43)) - raft.server.log.segment.cache.num.max = 2 (custom)
2019-10-01 07:27:18,122 [pool-443-thread-1] INFO  server.RaftServerConfigKeys (ConfUtils.java:logGet(43)) - raft.server.log.purge.gap = 1000000 (custom)
2019-10-01 07:27:18,123 [pool-423-thread-1] INFO  segmented.SegmentedRaftLogWorker (SegmentedRaftLogWorker.java:<init>(173)) - new 0d347145-7e33-414c-898e-d13b8f443d99@group-B662A1914C11-SegmentedRaftLogWorker for RaftStorage:Storage Directory /workdir/hadoop-ozone/integration-test/target/test-dir/MiniOzoneClusterImpl-a3295141-d6dd-4ca2-83a3-017d6c1874d6/datanode-4/data/ratis/9a7c502e-6b54-4cfc-8a46-b662a1914c11
2019-10-01 07:27:18,123 [pool-413-thread-1] INFO  server.RaftServerConfigKeys (ConfUtils.java:logGet(43)) - raft.server.log.purge.gap = 1000000 (custom)
2019-10-01 07:27:18,123 [pool-423-thread-1] INFO  server.RaftServerConfigKeys (ConfUtils.java:logGet(43)) - raft.server.log.queue.byte-limit = 2147483647 (custom)
2019-10-01 07:27:18,123 [pool-423-thread-1] INFO  server.RaftServerConfigKeys (ConfUtils.java:logGet(43)) - raft.server.log.queue.element-limit = 1024 (custom)
2019-10-01 07:27:18,123 [pool-443-thread-1] INFO  server.RaftServerConfigKeys (ConfUtils.java:logGet(43)) - raft.server.log.appender.buffer.byte-limit = 33554432 (custom)
2019-10-01 07:27:18,124 [pool-423-thread-1] INFO  server.RaftServerConfigKeys (ConfUtils.java:logGet(43)) - raft.server.log.segment.size.max = 1048576 (custom)
2019-10-01 07:27:18,124 [pool-423-thread-1] INFO  server.RaftServerConfigKeys (ConfUtils.java:logGet(43)) - raft.server.log.preallocated.size = 16384 (custom)
2019-10-01 07:27:18,123 [pool-413-thread-1] INFO  server.RaftServerConfigKeys (ConfUtils.java:logGet(43)) - raft.server.log.appender.buffer.byte-limit = 33554432 (custom)
2019-10-01 07:27:18,124 [pool-423-thread-1] INFO  server.RaftServerConfigKeys (ConfUtils.java:logGet(43)) - raft.server.log.write.buffer.size = 33554432 (custom)
2019-10-01 07:27:18,124 [pool-443-thread-1] INFO  server.RaftServerConfigKeys (ConfUtils.java:logGet(43)) - raft.server.log.segment.size.max = 1048576 (custom)
2019-10-01 07:27:18,124 [pool-423-thread-1] INFO  server.RaftServerConfigKeys (ConfUtils.java:logGet(43)) - raft.server.log.force.sync.num = 128 (default)
2019-10-01 07:27:18,124 [pool-413-thread-1] INFO  server.RaftServerConfigKeys (ConfUtils.java:logGet(43)) - raft.server.log.segment.size.max = 1048576 (custom)
2019-10-01 07:27:18,124 [pool-423-thread-1] INFO  server.RaftServerConfigKeys (ConfUtils.java:logGet(43)) - raft.server.log.statemachine.data.sync = true (default)
2019-10-01 07:27:18,125 [pool-413-thread-1] INFO  server.RaftServerConfigKeys (ConfUtils.java:logGet(43)) - raft.server.log.segment.cache.num.max = 2 (custom)
2019-10-01 07:27:18,125 [pool-423-thread-1] INFO  server.RaftServerConfigKeys (ConfUtils.java:logGet(43)) - raft.server.log.statemachine.data.sync.timeout = 10s (default)
2019-10-01 07:27:18,125 [pool-413-thread-1] INFO  segmented.SegmentedRaftLogWorker (SegmentedRaftLogWorker.java:<init>(173)) - new 3c543937-5f82-4ba7-aeab-f449bb36d2fa@group-B662A1914C11-SegmentedRaftLogWorker for RaftStorage:Storage Directory /workdir/hadoop-ozone/integration-test/target/test-dir/MiniOzoneClusterImpl-a3295141-d6dd-4ca2-83a3-017d6c1874d6/datanode-3/data/ratis/9a7c502e-6b54-4cfc-8a46-b662a1914c11
2019-10-01 07:27:18,125 [pool-423-thread-1] INFO  server.RaftServerConfigKeys (ConfUtils.java:logGet(43)) - raft.server.log.statemachine.data.sync.timeout.retry = -1 (default)
2019-10-01 07:27:18,125 [pool-413-thread-1] INFO  server.RaftServerConfigKeys (ConfUtils.java:logGet(43)) - raft.server.log.queue.byte-limit = 2147483647 (custom)
2019-10-01 07:27:18,126 [pool-423-thread-1] INFO  server.RaftServerConfigKeys (ConfUtils.java:logGet(43)) - raft.server.log.statemachine.data.caching.enabled = true (custom)
2019-10-01 07:27:18,126 [pool-443-thread-1] INFO  server.RaftServerConfigKeys (ConfUtils.java:logGet(43)) - raft.server.log.segment.cache.num.max = 2 (custom)
2019-10-01 07:27:18,126 [pool-413-thread-1] INFO  server.RaftServerConfigKeys (ConfUtils.java:logGet(43)) - raft.server.log.queue.element-limit = 1024 (custom)
2019-10-01 07:27:18,126 [pool-423-thread-1] INFO  segmented.SegmentedRaftLogWorker (SegmentedRaftLogWorker.java:lambda$new$0(128)) - 0d347145-7e33-414c-898e-d13b8f443d99@group-B662A1914C11-SegmentedRaftLogWorker: flushIndex: setUnconditionally 0 -> -1
2019-10-01 07:27:18,126 [pool-443-thread-1] INFO  segmented.SegmentedRaftLogWorker (SegmentedRaftLogWorker.java:<init>(173)) - new a125c0e2-9a62-4411-a491-58df8ee0146a@group-B662A1914C11-SegmentedRaftLogWorker for RaftStorage:Storage Directory /workdir/hadoop-ozone/integration-test/target/test-dir/MiniOzoneClusterImpl-a3295141-d6dd-4ca2-83a3-017d6c1874d6/datanode-6/data/ratis/9a7c502e-6b54-4cfc-8a46-b662a1914c11
2019-10-01 07:27:18,126 [pool-413-thread-1] INFO  server.RaftServerConfigKeys (ConfUtils.java:logGet(43)) - raft.server.log.segment.size.max = 1048576 (custom)
2019-10-01 07:27:18,126 [pool-423-thread-1] INFO  server.RaftServerConfigKeys (ConfUtils.java:logGet(43)) - raft.server.snapshot.auto.trigger.enabled = true (custom)
2019-10-01 07:27:18,126 [pool-443-thread-1] INFO  server.RaftServerConfigKeys (ConfUtils.java:logGet(43)) - raft.server.log.queue.byte-limit = 2147483647 (custom)
2019-10-01 07:27:18,127 [pool-423-thread-1] INFO  server.RaftServerConfigKeys (ConfUtils.java:logGet(43)) - raft.server.snapshot.auto.trigger.threshold = 10000 (custom)
2019-10-01 07:27:18,126 [pool-413-thread-1] INFO  server.RaftServerConfigKeys (ConfUtils.java:logGet(43)) - raft.server.log.preallocated.size = 16384 (custom)
2019-10-01 07:27:18,127 [pool-423-thread-1] INFO  server.RaftServerConfigKeys (ConfUtils.java:logGet(43)) - raft.server.snapshot.retention.file.num = 5 (custom)
2019-10-01 07:27:18,127 [pool-443-thread-1] INFO  server.RaftServerConfigKeys (ConfUtils.java:logGet(43)) - raft.server.log.queue.element-limit = 1024 (custom)
2019-10-01 07:27:18,127 [pool-423-thread-1] INFO  server.RaftServerConfigKeys (ConfUtils.java:logGet(43)) - raft.server.retrycache.expirytime = 600000ms (custom)
2019-10-01 07:27:18,127 [pool-413-thread-1] INFO  server.RaftServerConfigKeys (ConfUtils.java:logGet(43)) - raft.server.log.write.buffer.size = 33554432 (custom)
2019-10-01 07:27:18,127 [pool-443-thread-1] INFO  server.RaftServerConfigKeys (ConfUtils.java:logGet(43)) - raft.server.log.segment.size.max = 1048576 (custom)
2019-10-01 07:27:18,127 [pool-413-thread-1] INFO  server.RaftServerConfigKeys (ConfUtils.java:logGet(43)) - raft.server.log.force.sync.num = 128 (default)
2019-10-01 07:27:18,127 [pool-443-thread-1] INFO  server.RaftServerConfigKeys (ConfUtils.java:logGet(43)) - raft.server.log.preallocated.size = 16384 (custom)
2019-10-01 07:27:18,128 [pool-413-thread-1] INFO  server.RaftServerConfigKeys (ConfUtils.java:logGet(43)) - raft.server.log.statemachine.data.sync = true (default)
2019-10-01 07:27:18,128 [pool-443-thread-1] INFO  server.RaftServerConfigKeys (ConfUtils.java:logGet(43)) - raft.server.log.write.buffer.size = 33554432 (custom)
2019-10-01 07:27:18,128 [pool-413-thread-1] INFO  server.RaftServerConfigKeys (ConfUtils.java:logGet(43)) - raft.server.log.statemachine.data.sync.timeout = 10s (default)
2019-10-01 07:27:18,128 [pool-443-thread-1] INFO  server.RaftServerConfigKeys (ConfUtils.java:logGet(43)) - raft.server.log.force.sync.num = 128 (default)
2019-10-01 07:27:18,128 [pool-413-thread-1] INFO  server.RaftServerConfigKeys (ConfUtils.java:logGet(43)) - raft.server.log.statemachine.data.sync.timeout.retry = -1 (default)
2019-10-01 07:27:18,128 [pool-443-thread-1] INFO  server.RaftServerConfigKeys (ConfUtils.java:logGet(43)) - raft.server.log.statemachine.data.sync = true (default)
2019-10-01 07:27:18,128 [pool-413-thread-1] INFO  server.RaftServerConfigKeys (ConfUtils.java:logGet(43)) - raft.server.log.statemachine.data.caching.enabled = true (custom)
2019-10-01 07:27:18,128 [pool-443-thread-1] INFO  server.RaftServerConfigKeys (ConfUtils.java:logGet(43)) - raft.server.log.statemachine.data.sync.timeout = 10s (default)
2019-10-01 07:27:18,129 [pool-443-thread-1] INFO  server.RaftServerConfigKeys (ConfUtils.java:logGet(43)) - raft.server.log.statemachine.data.sync.timeout.retry = -1 (default)
2019-10-01 07:27:18,129 [pool-413-thread-1] INFO  segmented.SegmentedRaftLogWorker (SegmentedRaftLogWorker.java:lambda$new$0(128)) - 3c543937-5f82-4ba7-aeab-f449bb36d2fa@group-B662A1914C11-SegmentedRaftLogWorker: flushIndex: setUnconditionally 0 -> -1
2019-10-01 07:27:18,129 [pool-443-thread-1] INFO  server.RaftServerConfigKeys (ConfUtils.java:logGet(43)) - raft.server.log.statemachine.data.caching.enabled = true (custom)
2019-10-01 07:27:18,129 [pool-413-thread-1] INFO  server.RaftServerConfigKeys (ConfUtils.java:logGet(43)) - raft.server.snapshot.auto.trigger.enabled = true (custom)
2019-10-01 07:27:18,129 [pool-443-thread-1] INFO  segmented.SegmentedRaftLogWorker (SegmentedRaftLogWorker.java:lambda$new$0(128)) - a125c0e2-9a62-4411-a491-58df8ee0146a@group-B662A1914C11-SegmentedRaftLogWorker: flushIndex: setUnconditionally 0 -> -1
2019-10-01 07:27:18,129 [pool-413-thread-1] INFO  server.RaftServerConfigKeys (ConfUtils.java:logGet(43)) - raft.server.snapshot.auto.trigger.threshold = 10000 (custom)
2019-10-01 07:27:18,129 [pool-423-thread-1] INFO  impl.RaftServerImpl (RaftServerImpl.java:start(181)) - 0d347145-7e33-414c-898e-d13b8f443d99@group-B662A1914C11: start as a follower, conf=-1: [a125c0e2-9a62-4411-a491-58df8ee0146a:192.168.30.18:39304, 0d347145-7e33-414c-898e-d13b8f443d99:192.168.30.18:44592, 3c543937-5f82-4ba7-aeab-f449bb36d2fa:192.168.30.18:32852], old=null
2019-10-01 07:27:18,129 [pool-413-thread-1] INFO  server.RaftServerConfigKeys (ConfUtils.java:logGet(43)) - raft.server.snapshot.retention.file.num = 5 (custom)
2019-10-01 07:27:18,129 [pool-443-thread-1] INFO  server.RaftServerConfigKeys (ConfUtils.java:logGet(43)) - raft.server.snapshot.auto.trigger.enabled = true (custom)
2019-10-01 07:27:18,130 [pool-413-thread-1] INFO  server.RaftServerConfigKeys (ConfUtils.java:logGet(43)) - raft.server.retrycache.expirytime = 600000ms (custom)
2019-10-01 07:27:18,130 [pool-423-thread-1] INFO  impl.RaftServerImpl (RaftServerImpl.java:setRole(170)) - 0d347145-7e33-414c-898e-d13b8f443d99@group-B662A1914C11: changes role from      null to FOLLOWER at term 0 for startAsFollower
2019-10-01 07:27:18,130 [pool-443-thread-1] INFO  server.RaftServerConfigKeys (ConfUtils.java:logGet(43)) - raft.server.snapshot.auto.trigger.threshold = 10000 (custom)
2019-10-01 07:27:18,130 [pool-423-thread-1] INFO  impl.RoleInfo (RoleInfo.java:updateAndGet(143)) - 0d347145-7e33-414c-898e-d13b8f443d99: start FollowerState
2019-10-01 07:27:18,130 [pool-443-thread-1] INFO  server.RaftServerConfigKeys (ConfUtils.java:logGet(43)) - raft.server.snapshot.retention.file.num = 5 (custom)
2019-10-01 07:27:18,130 [pool-443-thread-1] INFO  server.RaftServerConfigKeys (ConfUtils.java:logGet(43)) - raft.server.retrycache.expirytime = 600000ms (custom)
2019-10-01 07:27:18,131 [pool-423-thread-1] INFO  util.JmxRegister (JmxRegister.java:tryRegister(44)) - Successfully registered JMX Bean with object name Ratis:service=RaftServer,group=group-B662A1914C11,id=0d347145-7e33-414c-898e-d13b8f443d99
2019-10-01 07:27:18,134 [pool-413-thread-1] INFO  impl.RaftServerImpl (RaftServerImpl.java:start(181)) - 3c543937-5f82-4ba7-aeab-f449bb36d2fa@group-B662A1914C11: start as a follower, conf=-1: [a125c0e2-9a62-4411-a491-58df8ee0146a:192.168.30.18:39304, 0d347145-7e33-414c-898e-d13b8f443d99:192.168.30.18:44592, 3c543937-5f82-4ba7-aeab-f449bb36d2fa:192.168.30.18:32852], old=null
2019-10-01 07:27:18,134 [pool-413-thread-1] INFO  impl.RaftServerImpl (RaftServerImpl.java:setRole(170)) - 3c543937-5f82-4ba7-aeab-f449bb36d2fa@group-B662A1914C11: changes role from      null to FOLLOWER at term 0 for startAsFollower
2019-10-01 07:27:18,134 [pool-443-thread-1] INFO  impl.RaftServerImpl (RaftServerImpl.java:start(181)) - a125c0e2-9a62-4411-a491-58df8ee0146a@group-B662A1914C11: start as a follower, conf=-1: [a125c0e2-9a62-4411-a491-58df8ee0146a:192.168.30.18:39304, 0d347145-7e33-414c-898e-d13b8f443d99:192.168.30.18:44592, 3c543937-5f82-4ba7-aeab-f449bb36d2fa:192.168.30.18:32852], old=null
2019-10-01 07:27:18,134 [pool-443-thread-1] INFO  impl.RaftServerImpl (RaftServerImpl.java:setRole(170)) - a125c0e2-9a62-4411-a491-58df8ee0146a@group-B662A1914C11: changes role from      null to FOLLOWER at term 0 for startAsFollower
2019-10-01 07:27:18,134 [pool-413-thread-1] INFO  impl.RoleInfo (RoleInfo.java:updateAndGet(143)) - 3c543937-5f82-4ba7-aeab-f449bb36d2fa: start FollowerState
2019-10-01 07:27:18,134 [pool-443-thread-1] INFO  impl.RoleInfo (RoleInfo.java:updateAndGet(143)) - a125c0e2-9a62-4411-a491-58df8ee0146a: start FollowerState
2019-10-01 07:27:18,135 [pool-443-thread-1] INFO  util.JmxRegister (JmxRegister.java:tryRegister(44)) - Successfully registered JMX Bean with object name Ratis:service=RaftServer,group=group-B662A1914C11,id=a125c0e2-9a62-4411-a491-58df8ee0146a
2019-10-01 07:27:18,135 [pool-413-thread-1] INFO  util.JmxRegister (JmxRegister.java:tryRegister(44)) - Successfully registered JMX Bean with object name Ratis:service=RaftServer,group=group-B662A1914C11,id=3c543937-5f82-4ba7-aeab-f449bb36d2fa
2019-10-01 07:27:18,139 [RatisPipelineUtilsThread] INFO  pipeline.PipelineStateManager (PipelineStateManager.java:addPipeline(56)) - Created pipeline Pipeline[ Id: 9a7c502e-6b54-4cfc-8a46-b662a1914c11, Nodes: a125c0e2-9a62-4411-a491-58df8ee0146a{ip: 192.168.30.18, host: pr-hdds-1984-bsjj8-3390809720, networkLocation: /default-rack, certSerialId: null}0d347145-7e33-414c-898e-d13b8f443d99{ip: 192.168.30.18, host: pr-hdds-1984-bsjj8-3390809720, networkLocation: /default-rack, certSerialId: null}3c543937-5f82-4ba7-aeab-f449bb36d2fa{ip: 192.168.30.18, host: pr-hdds-1984-bsjj8-3390809720, networkLocation: /default-rack, certSerialId: null}, Type:RATIS, Factor:THREE, State:OPEN]
2019-10-01 07:27:18,562 [Thread-2352] INFO  client.GrpcClientProtocolService (GrpcClientProtocolService.java:lambda$processClientRequest$0(278)) - Failed RaftClientRequest:client-7E46BC217ECE->be47bb61-472a-4d67-8e1a-05db22c1f3ae@group-68D55C291AF2, cid=67, seq=0, Watch-ALL_COMMITTED(31), Message:<EMPTY>, reply=RaftClientReply:client-7E46BC217ECE->be47bb61-472a-4d67-8e1a-05db22c1f3ae@group-68D55C291AF2, cid=67, FAILED org.apache.ratis.protocol.NotReplicatedException: Request with call Id 67 and log index 31 is not yet replicated to ALL_COMMITTED, logIndex=31, commits[be47bb61-472a-4d67-8e1a-05db22c1f3ae:c2, a5319893-1770-436a-9567-4b3fd98b83df:c2, 8451d732-4754-49d1-b6bb-2cccf437fad4:c2]
2019-10-01 07:27:18,563 [Thread-2353] INFO  client.GrpcClientProtocolService (GrpcClientProtocolService.java:lambda$processClientRequest$0(278)) - Failed RaftClientRequest:client-7E46BC217ECE->be47bb61-472a-4d67-8e1a-05db22c1f3ae@group-68D55C291AF2, cid=68, seq=0, Watch-MAJORITY_COMMITTED(31), Message:<EMPTY>, reply=RaftClientReply:client-7E46BC217ECE->be47bb61-472a-4d67-8e1a-05db22c1f3ae@group-68D55C291AF2, cid=68, FAILED org.apache.ratis.protocol.NotReplicatedException: Request with call Id 68 and log index 31 is not yet replicated to MAJORITY_COMMITTED, logIndex=31, commits[be47bb61-472a-4d67-8e1a-05db22c1f3ae:c2, a5319893-1770-436a-9567-4b3fd98b83df:c2, 8451d732-4754-49d1-b6bb-2cccf437fad4:c2]
2019-10-01 07:27:19,022 [main] INFO  ozone.MiniOzoneClusterImpl (MiniOzoneClusterImpl.java:lambda$waitForClusterToBeReady$0(147)) - Cluster is ready. Got 7 of 7 DN Heartbeats.
2019-10-01 07:27:19,075 [main] INFO  rpc.RpcClient (RpcClient.java:createVolume(276)) - Creating Volume: watchforcommithandlingtest, with jenkins1000 as owner.
2019-10-01 07:27:19,079 [IPC Server handler 3 on 46352] INFO  volume.OMVolumeCreateRequest (OMVolumeCreateRequest.java:validateAndUpdateCache(194)) - created volume:watchforcommithandlingtest for user:jenkins1000
2019-10-01 07:27:19,099 [main] INFO  rpc.RpcClient (RpcClient.java:createBucket(415)) - Creating Bucket: watchforcommithandlingtest/watchforcommithandlingtest, with Versioning false and Storage Type set to DISK and Encryption set to false 
2019-10-01 07:27:19,104 [main] INFO  ozone.MiniOzoneClusterImpl (MiniOzoneClusterImpl.java:getStorageContainerLocationClient(234)) - Creating StorageContainerLocationProtocol RPC client with address /0.0.0.0:41567
2019-10-01 07:27:19,492 [grpc-default-executor-0] WARN  server.GrpcLogAppender (LogUtils.java:warn(134)) - be47bb61-472a-4d67-8e1a-05db22c1f3ae@group-68D55C291AF2->a5319893-1770-436a-9567-4b3fd98b83df-AppendLogResponseHandler: Failed appendEntries: org.apache.ratis.thirdparty.io.grpc.StatusRuntimeException: UNAVAILABLE: io exception
2019-10-01 07:27:19,492 [grpc-default-executor-2] WARN  server.GrpcLogAppender (LogUtils.java:warn(134)) - be47bb61-472a-4d67-8e1a-05db22c1f3ae@group-68D55C291AF2->8451d732-4754-49d1-b6bb-2cccf437fad4-AppendLogResponseHandler: Failed appendEntries: org.apache.ratis.thirdparty.io.grpc.StatusRuntimeException: UNAVAILABLE: io exception
2019-10-01 07:27:19,493 [grpc-default-executor-0] INFO  impl.FollowerInfo (FollowerInfo.java:lambda$new$0(51)) - be47bb61-472a-4d67-8e1a-05db22c1f3ae@group-68D55C291AF2->a5319893-1770-436a-9567-4b3fd98b83df: nextIndex: updateUnconditionally 0 -> 0
2019-10-01 07:27:19,493 [grpc-default-executor-2] INFO  impl.FollowerInfo (FollowerInfo.java:lambda$new$0(51)) - be47bb61-472a-4d67-8e1a-05db22c1f3ae@group-68D55C291AF2->8451d732-4754-49d1-b6bb-2cccf437fad4: nextIndex: updateUnconditionally 0 -> 0
2019-10-01 07:27:20,538 [Thread-2315] INFO  container.ReplicationManager (ReplicationManager.java:start(162)) - Starting Replication Monitor Thread.
2019-10-01 07:27:20,544 [ReplicationMonitor] INFO  container.ReplicationManager (ReplicationManager.java:run(225)) - Replication Monitor Thread took 0 milliseconds for processing 1 containers.
2019-10-01 07:27:21,993 [grpc-default-executor-4] WARN  server.GrpcLogAppender (LogUtils.java:warn(134)) - be47bb61-472a-4d67-8e1a-05db22c1f3ae@group-68D55C291AF2->a5319893-1770-436a-9567-4b3fd98b83df-AppendLogResponseHandler: Failed appendEntries: org.apache.ratis.thirdparty.io.grpc.StatusRuntimeException: UNAVAILABLE: io exception
2019-10-01 07:27:21,993 [grpc-default-executor-8] WARN  server.GrpcLogAppender (LogUtils.java:warn(134)) - be47bb61-472a-4d67-8e1a-05db22c1f3ae@group-68D55C291AF2->8451d732-4754-49d1-b6bb-2cccf437fad4-AppendLogResponseHandler: Failed appendEntries: org.apache.ratis.thirdparty.io.grpc.StatusRuntimeException: UNAVAILABLE: io exception
2019-10-01 07:27:21,993 [grpc-default-executor-4] INFO  impl.FollowerInfo (FollowerInfo.java:lambda$new$0(51)) - be47bb61-472a-4d67-8e1a-05db22c1f3ae@group-68D55C291AF2->a5319893-1770-436a-9567-4b3fd98b83df: nextIndex: updateUnconditionally 0 -> 0
2019-10-01 07:27:21,994 [grpc-default-executor-8] INFO  impl.FollowerInfo (FollowerInfo.java:lambda$new$0(51)) - be47bb61-472a-4d67-8e1a-05db22c1f3ae@group-68D55C291AF2->8451d732-4754-49d1-b6bb-2cccf437fad4: nextIndex: updateUnconditionally 0 -> 0
2019-10-01 07:27:22,652 [Thread-2317] INFO  impl.FollowerState (FollowerState.java:run(108)) - f8cd3b89-0801-4612-90b3-c9aed41ad343@group-5F7C0DE06412-FollowerState: change to CANDIDATE, lastRpcTime:5046ms, electionTimeout:5046ms
2019-10-01 07:27:22,652 [Thread-2317] INFO  impl.RoleInfo (RoleInfo.java:shutdownFollowerState(121)) - f8cd3b89-0801-4612-90b3-c9aed41ad343: shutdown FollowerState
2019-10-01 07:27:22,652 [Thread-2317] INFO  impl.RaftServerImpl (RaftServerImpl.java:setRole(170)) - f8cd3b89-0801-4612-90b3-c9aed41ad343@group-5F7C0DE06412: changes role from  FOLLOWER to CANDIDATE at term 0 for changeToCandidate
2019-10-01 07:27:22,653 [Thread-2317] INFO  impl.RoleInfo (RoleInfo.java:updateAndGet(143)) - f8cd3b89-0801-4612-90b3-c9aed41ad343: start LeaderElection
2019-10-01 07:27:22,688 [f8cd3b89-0801-4612-90b3-c9aed41ad343@group-5F7C0DE06412-LeaderElection54] INFO  impl.LeaderElection (LeaderElection.java:askForVotes(178)) - f8cd3b89-0801-4612-90b3-c9aed41ad343@group-5F7C0DE06412-LeaderElection54: begin an election at term 1 for -1: [f8cd3b89-0801-4612-90b3-c9aed41ad343:192.168.30.18:37465], old=null
2019-10-01 07:27:22,688 [f8cd3b89-0801-4612-90b3-c9aed41ad343@group-5F7C0DE06412-LeaderElection54] INFO  impl.RoleInfo (RoleInfo.java:shutdownLeaderElection(134)) - f8cd3b89-0801-4612-90b3-c9aed41ad343: shutdown LeaderElection
2019-10-01 07:27:22,689 [f8cd3b89-0801-4612-90b3-c9aed41ad343@group-5F7C0DE06412-LeaderElection54] INFO  impl.RaftServerImpl (RaftServerImpl.java:setRole(170)) - f8cd3b89-0801-4612-90b3-c9aed41ad343@group-5F7C0DE06412: changes role from CANDIDATE to LEADER at term 1 for changeToLeader
2019-10-01 07:27:22,689 [f8cd3b89-0801-4612-90b3-c9aed41ad343@group-5F7C0DE06412-LeaderElection54] INFO  impl.RaftServerImpl (ServerState.java:setLeader(255)) - f8cd3b89-0801-4612-90b3-c9aed41ad343@group-5F7C0DE06412: change Leader from null to f8cd3b89-0801-4612-90b3-c9aed41ad343 at term 1 for becomeLeader, leader elected after 5089ms
2019-10-01 07:27:22,689 [f8cd3b89-0801-4612-90b3-c9aed41ad343@group-5F7C0DE06412-LeaderElection54] INFO  server.RaftServerConfigKeys (ConfUtils.java:logGet(43)) - raft.server.staging.catchup.gap = 1000 (default)
2019-10-01 07:27:22,689 [f8cd3b89-0801-4612-90b3-c9aed41ad343@group-5F7C0DE06412-LeaderElection54] INFO  server.RaftServerConfigKeys (ConfUtils.java:logGet(43)) - raft.server.rpc.sleep.time = 25ms (default)
2019-10-01 07:27:22,689 [f8cd3b89-0801-4612-90b3-c9aed41ad343@group-5F7C0DE06412-LeaderElection54] INFO  server.RaftServerConfigKeys (ConfUtils.java:logGet(43)) - raft.server.write.element-limit = 4096 (default)
2019-10-01 07:27:22,690 [f8cd3b89-0801-4612-90b3-c9aed41ad343@group-5F7C0DE06412-LeaderElection54] INFO  server.RaftServerConfigKeys (ConfUtils.java:logGet(43)) - raft.server.watch.timeout = 10s (default)
2019-10-01 07:27:22,690 [f8cd3b89-0801-4612-90b3-c9aed41ad343@group-5F7C0DE06412-LeaderElection54] INFO  server.RaftServerConfigKeys (ConfUtils.java:logGet(43)) - raft.server.watch.timeout.denomination = 1s (default)
2019-10-01 07:27:22,690 [f8cd3b89-0801-4612-90b3-c9aed41ad343@group-5F7C0DE06412-LeaderElection54] INFO  server.RaftServerConfigKeys (ConfUtils.java:logGet(43)) - raft.server.watch.element-limit = 65536 (default)
2019-10-01 07:27:22,692 [f8cd3b89-0801-4612-90b3-c9aed41ad343@group-5F7C0DE06412-LeaderElection54] INFO  impl.RoleInfo (RoleInfo.java:updateAndGet(143)) - f8cd3b89-0801-4612-90b3-c9aed41ad343: start LeaderState
2019-10-01 07:27:22,692 [f8cd3b89-0801-4612-90b3-c9aed41ad343@group-5F7C0DE06412-LeaderElection54] INFO  segmented.SegmentedRaftLogWorker (SegmentedRaftLogWorker.java:startLogSegment(385)) - f8cd3b89-0801-4612-90b3-c9aed41ad343@group-5F7C0DE06412-SegmentedRaftLogWorker: Starting segment from index:0
2019-10-01 07:27:22,693 [f8cd3b89-0801-4612-90b3-c9aed41ad343@group-5F7C0DE06412-LeaderElection54] INFO  impl.RaftServerImpl (ServerState.java:setRaftConf(356)) - f8cd3b89-0801-4612-90b3-c9aed41ad343@group-5F7C0DE06412: set configuration 0: [f8cd3b89-0801-4612-90b3-c9aed41ad343:192.168.30.18:37465], old=null at 0
2019-10-01 07:27:22,741 [Thread-2320] INFO  impl.FollowerState (FollowerState.java:run(108)) - ed7cd0ec-efdd-4bf8-a6ce-d1107d60787a@group-A1BF4CC92243-FollowerState: change to CANDIDATE, lastRpcTime:5061ms, electionTimeout:5061ms
2019-10-01 07:27:22,741 [Thread-2320] INFO  impl.RoleInfo (RoleInfo.java:shutdownFollowerState(121)) - ed7cd0ec-efdd-4bf8-a6ce-d1107d60787a: shutdown FollowerState
2019-10-01 07:27:22,741 [Thread-2320] INFO  impl.RaftServerImpl (RaftServerImpl.java:setRole(170)) - ed7cd0ec-efdd-4bf8-a6ce-d1107d60787a@group-A1BF4CC92243: changes role from  FOLLOWER to CANDIDATE at term 0 for changeToCandidate
2019-10-01 07:27:22,741 [Thread-2320] INFO  impl.RoleInfo (RoleInfo.java:updateAndGet(143)) - ed7cd0ec-efdd-4bf8-a6ce-d1107d60787a: start LeaderElection
2019-10-01 07:27:22,755 [f8cd3b89-0801-4612-90b3-c9aed41ad343@group-5F7C0DE06412-SegmentedRaftLogWorker] INFO  segmented.SegmentedRaftLogWorker (SegmentedRaftLogWorker.java:execute(574)) - f8cd3b89-0801-4612-90b3-c9aed41ad343@group-5F7C0DE06412-SegmentedRaftLogWorker: created new log segment /workdir/hadoop-ozone/integration-test/target/test-dir/MiniOzoneClusterImpl-a3295141-d6dd-4ca2-83a3-017d6c1874d6/datanode-0/data/ratis/f828dfc7-a313-4c66-90f6-5f7c0de06412/current/log_inprogress_0
2019-10-01 07:27:22,772 [ed7cd0ec-efdd-4bf8-a6ce-d1107d60787a@group-A1BF4CC92243-LeaderElection55] INFO  impl.LeaderElection (LeaderElection.java:askForVotes(178)) - ed7cd0ec-efdd-4bf8-a6ce-d1107d60787a@group-A1BF4CC92243-LeaderElection55: begin an election at term 1 for -1: [ed7cd0ec-efdd-4bf8-a6ce-d1107d60787a:192.168.30.18:36182], old=null
2019-10-01 07:27:22,772 [ed7cd0ec-efdd-4bf8-a6ce-d1107d60787a@group-A1BF4CC92243-LeaderElection55] INFO  impl.RoleInfo (RoleInfo.java:shutdownLeaderElection(134)) - ed7cd0ec-efdd-4bf8-a6ce-d1107d60787a: shutdown LeaderElection
2019-10-01 07:27:22,772 [ed7cd0ec-efdd-4bf8-a6ce-d1107d60787a@group-A1BF4CC92243-LeaderElection55] INFO  impl.RaftServerImpl (RaftServerImpl.java:setRole(170)) - ed7cd0ec-efdd-4bf8-a6ce-d1107d60787a@group-A1BF4CC92243: changes role from CANDIDATE to LEADER at term 1 for changeToLeader
2019-10-01 07:27:22,772 [ed7cd0ec-efdd-4bf8-a6ce-d1107d60787a@group-A1BF4CC92243-LeaderElection55] INFO  impl.RaftServerImpl (ServerState.java:setLeader(255)) - ed7cd0ec-efdd-4bf8-a6ce-d1107d60787a@group-A1BF4CC92243: change Leader from null to ed7cd0ec-efdd-4bf8-a6ce-d1107d60787a at term 1 for becomeLeader, leader elected after 5097ms
2019-10-01 07:27:22,773 [ed7cd0ec-efdd-4bf8-a6ce-d1107d60787a@group-A1BF4CC92243-LeaderElection55] INFO  server.RaftServerConfigKeys (ConfUtils.java:logGet(43)) - raft.server.staging.catchup.gap = 1000 (default)
2019-10-01 07:27:22,773 [ed7cd0ec-efdd-4bf8-a6ce-d1107d60787a@group-A1BF4CC92243-LeaderElection55] INFO  server.RaftServerConfigKeys (ConfUtils.java:logGet(43)) - raft.server.rpc.sleep.time = 25ms (default)
2019-10-01 07:27:22,773 [ed7cd0ec-efdd-4bf8-a6ce-d1107d60787a@group-A1BF4CC92243-LeaderElection55] INFO  server.RaftServerConfigKeys (ConfUtils.java:logGet(43)) - raft.server.write.element-limit = 4096 (default)
2019-10-01 07:27:22,773 [ed7cd0ec-efdd-4bf8-a6ce-d1107d60787a@group-A1BF4CC92243-LeaderElection55] INFO  server.RaftServerConfigKeys (ConfUtils.java:logGet(43)) - raft.server.watch.timeout = 10s (default)
2019-10-01 07:27:22,773 [ed7cd0ec-efdd-4bf8-a6ce-d1107d60787a@group-A1BF4CC92243-LeaderElection55] INFO  server.RaftServerConfigKeys (ConfUtils.java:logGet(43)) - raft.server.watch.timeout.denomination = 1s (default)
2019-10-01 07:27:22,773 [ed7cd0ec-efdd-4bf8-a6ce-d1107d60787a@group-A1BF4CC92243-LeaderElection55] INFO  server.RaftServerConfigKeys (ConfUtils.java:logGet(43)) - raft.server.watch.element-limit = 65536 (default)
2019-10-01 07:27:22,775 [ed7cd0ec-efdd-4bf8-a6ce-d1107d60787a@group-A1BF4CC92243-LeaderElection55] INFO  impl.RoleInfo (RoleInfo.java:updateAndGet(143)) - ed7cd0ec-efdd-4bf8-a6ce-d1107d60787a: start LeaderState
2019-10-01 07:27:22,775 [ed7cd0ec-efdd-4bf8-a6ce-d1107d60787a@group-A1BF4CC92243-LeaderElection55] INFO  segmented.SegmentedRaftLogWorker (SegmentedRaftLogWorker.java:startLogSegment(385)) - ed7cd0ec-efdd-4bf8-a6ce-d1107d60787a@group-A1BF4CC92243-SegmentedRaftLogWorker: Starting segment from index:0
2019-10-01 07:27:22,776 [ed7cd0ec-efdd-4bf8-a6ce-d1107d60787a@group-A1BF4CC92243-LeaderElection55] INFO  impl.RaftServerImpl (ServerState.java:setRaftConf(356)) - ed7cd0ec-efdd-4bf8-a6ce-d1107d60787a@group-A1BF4CC92243: set configuration 0: [ed7cd0ec-efdd-4bf8-a6ce-d1107d60787a:192.168.30.18:36182], old=null at 0
2019-10-01 07:27:22,831 [ed7cd0ec-efdd-4bf8-a6ce-d1107d60787a@group-A1BF4CC92243-SegmentedRaftLogWorker] INFO  segmented.SegmentedRaftLogWorker (SegmentedRaftLogWorker.java:execute(574)) - ed7cd0ec-efdd-4bf8-a6ce-d1107d60787a@group-A1BF4CC92243-SegmentedRaftLogWorker: created new log segment /workdir/hadoop-ozone/integration-test/target/test-dir/MiniOzoneClusterImpl-a3295141-d6dd-4ca2-83a3-017d6c1874d6/datanode-1/data/ratis/73379b40-6d48-41a0-be28-a1bf4cc92243/current/log_inprogress_0
2019-10-01 07:27:22,961 [Thread-2329] INFO  impl.FollowerState (FollowerState.java:run(108)) - 0d347145-7e33-414c-898e-d13b8f443d99@group-43451A8DEF66-FollowerState: change to CANDIDATE, lastRpcTime:5019ms, electionTimeout:5019ms
2019-10-01 07:27:22,961 [Thread-2329] INFO  impl.RoleInfo (RoleInfo.java:shutdownFollowerState(121)) - 0d347145-7e33-414c-898e-d13b8f443d99: shutdown FollowerState
2019-10-01 07:27:22,961 [Thread-2329] INFO  impl.RaftServerImpl (RaftServerImpl.java:setRole(170)) - 0d347145-7e33-414c-898e-d13b8f443d99@group-43451A8DEF66: changes role from  FOLLOWER to CANDIDATE at term 0 for changeToCandidate
2019-10-01 07:27:22,961 [Thread-2329] INFO  impl.RoleInfo (RoleInfo.java:updateAndGet(143)) - 0d347145-7e33-414c-898e-d13b8f443d99: start LeaderElection
2019-10-01 07:27:22,989 [0d347145-7e33-414c-898e-d13b8f443d99@group-43451A8DEF66-LeaderElection56] INFO  impl.LeaderElection (LeaderElection.java:askForVotes(178)) - 0d347145-7e33-414c-898e-d13b8f443d99@group-43451A8DEF66-LeaderElection56: begin an election at term 1 for -1: [0d347145-7e33-414c-898e-d13b8f443d99:192.168.30.18:44592], old=null
2019-10-01 07:27:22,989 [0d347145-7e33-414c-898e-d13b8f443d99@group-43451A8DEF66-LeaderElection56] INFO  impl.RoleInfo (RoleInfo.java:shutdownLeaderElection(134)) - 0d347145-7e33-414c-898e-d13b8f443d99: shutdown LeaderElection
2019-10-01 07:27:22,990 [0d347145-7e33-414c-898e-d13b8f443d99@group-43451A8DEF66-LeaderElection56] INFO  impl.RaftServerImpl (RaftServerImpl.java:setRole(170)) - 0d347145-7e33-414c-898e-d13b8f443d99@group-43451A8DEF66: changes role from CANDIDATE to LEADER at term 1 for changeToLeader
2019-10-01 07:27:22,990 [0d347145-7e33-414c-898e-d13b8f443d99@group-43451A8DEF66-LeaderElection56] INFO  impl.RaftServerImpl (ServerState.java:setLeader(255)) - 0d347145-7e33-414c-898e-d13b8f443d99@group-43451A8DEF66: change Leader from null to 0d347145-7e33-414c-898e-d13b8f443d99 at term 1 for becomeLeader, leader elected after 5054ms
2019-10-01 07:27:22,990 [0d347145-7e33-414c-898e-d13b8f443d99@group-43451A8DEF66-LeaderElection56] INFO  server.RaftServerConfigKeys (ConfUtils.java:logGet(43)) - raft.server.staging.catchup.gap = 1000 (default)
2019-10-01 07:27:22,990 [0d347145-7e33-414c-898e-d13b8f443d99@group-43451A8DEF66-LeaderElection56] INFO  server.RaftServerConfigKeys (ConfUtils.java:logGet(43)) - raft.server.rpc.sleep.time = 25ms (default)
2019-10-01 07:27:22,990 [0d347145-7e33-414c-898e-d13b8f443d99@group-43451A8DEF66-LeaderElection56] INFO  server.RaftServerConfigKeys (ConfUtils.java:logGet(43)) - raft.server.write.element-limit = 4096 (default)
2019-10-01 07:27:22,990 [0d347145-7e33-414c-898e-d13b8f443d99@group-43451A8DEF66-LeaderElection56] INFO  server.RaftServerConfigKeys (ConfUtils.java:logGet(43)) - raft.server.watch.timeout = 10s (default)
2019-10-01 07:27:22,990 [0d347145-7e33-414c-898e-d13b8f443d99@group-43451A8DEF66-LeaderElection56] INFO  server.RaftServerConfigKeys (ConfUtils.java:logGet(43)) - raft.server.watch.timeout.denomination = 1s (default)
2019-10-01 07:27:22,990 [0d347145-7e33-414c-898e-d13b8f443d99@group-43451A8DEF66-LeaderElection56] INFO  server.RaftServerConfigKeys (ConfUtils.java:logGet(43)) - raft.server.watch.element-limit = 65536 (default)
2019-10-01 07:27:22,991 [Thread-2323] INFO  impl.FollowerState (FollowerState.java:run(108)) - dba3f8e3-15ef-40cd-a7e3-c0dcaaff2a16@group-66EC4F5097CC-FollowerState: change to CANDIDATE, lastRpcTime:5199ms, electionTimeout:5199ms
2019-10-01 07:27:22,991 [Thread-2323] INFO  impl.RoleInfo (RoleInfo.java:shutdownFollowerState(121)) - dba3f8e3-15ef-40cd-a7e3-c0dcaaff2a16: shutdown FollowerState
2019-10-01 07:27:22,991 [Thread-2323] INFO  impl.RaftServerImpl (RaftServerImpl.java:setRole(170)) - dba3f8e3-15ef-40cd-a7e3-c0dcaaff2a16@group-66EC4F5097CC: changes role from  FOLLOWER to CANDIDATE at term 0 for changeToCandidate
2019-10-01 07:27:22,991 [Thread-2323] INFO  impl.RoleInfo (RoleInfo.java:updateAndGet(143)) - dba3f8e3-15ef-40cd-a7e3-c0dcaaff2a16: start LeaderElection
2019-10-01 07:27:22,998 [0d347145-7e33-414c-898e-d13b8f443d99@group-43451A8DEF66-LeaderElection56] INFO  impl.RoleInfo (RoleInfo.java:updateAndGet(143)) - 0d347145-7e33-414c-898e-d13b8f443d99: start LeaderState
2019-10-01 07:27:22,998 [0d347145-7e33-414c-898e-d13b8f443d99@group-43451A8DEF66-LeaderElection56] INFO  segmented.SegmentedRaftLogWorker (SegmentedRaftLogWorker.java:startLogSegment(385)) - 0d347145-7e33-414c-898e-d13b8f443d99@group-43451A8DEF66-SegmentedRaftLogWorker: Starting segment from index:0
2019-10-01 07:27:22,999 [0d347145-7e33-414c-898e-d13b8f443d99@group-43451A8DEF66-LeaderElection56] INFO  impl.RaftServerImpl (ServerState.java:setRaftConf(356)) - 0d347145-7e33-414c-898e-d13b8f443d99@group-43451A8DEF66: set configuration 0: [0d347145-7e33-414c-898e-d13b8f443d99:192.168.30.18:44592], old=null at 0
2019-10-01 07:27:23,023 [dba3f8e3-15ef-40cd-a7e3-c0dcaaff2a16@group-66EC4F5097CC-LeaderElection57] INFO  impl.LeaderElection (LeaderElection.java:askForVotes(178)) - dba3f8e3-15ef-40cd-a7e3-c0dcaaff2a16@group-66EC4F5097CC-LeaderElection57: begin an election at term 1 for -1: [dba3f8e3-15ef-40cd-a7e3-c0dcaaff2a16:192.168.30.18:44845], old=null
2019-10-01 07:27:23,023 [dba3f8e3-15ef-40cd-a7e3-c0dcaaff2a16@group-66EC4F5097CC-LeaderElection57] INFO  impl.RoleInfo (RoleInfo.java:shutdownLeaderElection(134)) - dba3f8e3-15ef-40cd-a7e3-c0dcaaff2a16: shutdown LeaderElection
2019-10-01 07:27:23,023 [dba3f8e3-15ef-40cd-a7e3-c0dcaaff2a16@group-66EC4F5097CC-LeaderElection57] INFO  impl.RaftServerImpl (RaftServerImpl.java:setRole(170)) - dba3f8e3-15ef-40cd-a7e3-c0dcaaff2a16@group-66EC4F5097CC: changes role from CANDIDATE to LEADER at term 1 for changeToLeader
2019-10-01 07:27:23,023 [dba3f8e3-15ef-40cd-a7e3-c0dcaaff2a16@group-66EC4F5097CC-LeaderElection57] INFO  impl.RaftServerImpl (ServerState.java:setLeader(255)) - dba3f8e3-15ef-40cd-a7e3-c0dcaaff2a16@group-66EC4F5097CC: change Leader from null to dba3f8e3-15ef-40cd-a7e3-c0dcaaff2a16 at term 1 for becomeLeader, leader elected after 5239ms
2019-10-01 07:27:23,023 [dba3f8e3-15ef-40cd-a7e3-c0dcaaff2a16@group-66EC4F5097CC-LeaderElection57] INFO  server.RaftServerConfigKeys (ConfUtils.java:logGet(43)) - raft.server.staging.catchup.gap = 1000 (default)
2019-10-01 07:27:23,024 [dba3f8e3-15ef-40cd-a7e3-c0dcaaff2a16@group-66EC4F5097CC-LeaderElection57] INFO  server.RaftServerConfigKeys (ConfUtils.java:logGet(43)) - raft.server.rpc.sleep.time = 25ms (default)
2019-10-01 07:27:23,024 [dba3f8e3-15ef-40cd-a7e3-c0dcaaff2a16@group-66EC4F5097CC-LeaderElection57] INFO  server.RaftServerConfigKeys (ConfUtils.java:logGet(43)) - raft.server.write.element-limit = 4096 (default)
2019-10-01 07:27:23,024 [dba3f8e3-15ef-40cd-a7e3-c0dcaaff2a16@group-66EC4F5097CC-LeaderElection57] INFO  server.RaftServerConfigKeys (ConfUtils.java:logGet(43)) - raft.server.watch.timeout = 10s (default)
2019-10-01 07:27:23,024 [dba3f8e3-15ef-40cd-a7e3-c0dcaaff2a16@group-66EC4F5097CC-LeaderElection57] INFO  server.RaftServerConfigKeys (ConfUtils.java:logGet(43)) - raft.server.watch.timeout.denomination = 1s (default)
2019-10-01 07:27:23,024 [dba3f8e3-15ef-40cd-a7e3-c0dcaaff2a16@group-66EC4F5097CC-LeaderElection57] INFO  server.RaftServerConfigKeys (ConfUtils.java:logGet(43)) - raft.server.watch.element-limit = 65536 (default)
2019-10-01 07:27:23,025 [dba3f8e3-15ef-40cd-a7e3-c0dcaaff2a16@group-66EC4F5097CC-LeaderElection57] INFO  impl.RoleInfo (RoleInfo.java:updateAndGet(143)) - dba3f8e3-15ef-40cd-a7e3-c0dcaaff2a16: start LeaderState
2019-10-01 07:27:23,026 [dba3f8e3-15ef-40cd-a7e3-c0dcaaff2a16@group-66EC4F5097CC-LeaderElection57] INFO  segmented.SegmentedRaftLogWorker (SegmentedRaftLogWorker.java:startLogSegment(385)) - dba3f8e3-15ef-40cd-a7e3-c0dcaaff2a16@group-66EC4F5097CC-SegmentedRaftLogWorker: Starting segment from index:0
2019-10-01 07:27:23,026 [dba3f8e3-15ef-40cd-a7e3-c0dcaaff2a16@group-66EC4F5097CC-LeaderElection57] INFO  impl.RaftServerImpl (ServerState.java:setRaftConf(356)) - dba3f8e3-15ef-40cd-a7e3-c0dcaaff2a16@group-66EC4F5097CC: set configuration 0: [dba3f8e3-15ef-40cd-a7e3-c0dcaaff2a16:192.168.30.18:44845], old=null at 0
2019-10-01 07:27:23,035 [Thread-2326] INFO  impl.FollowerState (FollowerState.java:run(108)) - 3c543937-5f82-4ba7-aeab-f449bb36d2fa@group-027F448F1CF9-FollowerState: change to CANDIDATE, lastRpcTime:5169ms, electionTimeout:5169ms
2019-10-01 07:27:23,035 [Thread-2326] INFO  impl.RoleInfo (RoleInfo.java:shutdownFollowerState(121)) - 3c543937-5f82-4ba7-aeab-f449bb36d2fa: shutdown FollowerState
2019-10-01 07:27:23,035 [Thread-2326] INFO  impl.RaftServerImpl (RaftServerImpl.java:setRole(170)) - 3c543937-5f82-4ba7-aeab-f449bb36d2fa@group-027F448F1CF9: changes role from  FOLLOWER to CANDIDATE at term 0 for changeToCandidate
2019-10-01 07:27:23,036 [Thread-2326] INFO  impl.RoleInfo (RoleInfo.java:updateAndGet(143)) - 3c543937-5f82-4ba7-aeab-f449bb36d2fa: start LeaderElection
2019-10-01 07:27:23,064 [0d347145-7e33-414c-898e-d13b8f443d99@group-43451A8DEF66-SegmentedRaftLogWorker] INFO  segmented.SegmentedRaftLogWorker (SegmentedRaftLogWorker.java:execute(574)) - 0d347145-7e33-414c-898e-d13b8f443d99@group-43451A8DEF66-SegmentedRaftLogWorker: created new log segment /workdir/hadoop-ozone/integration-test/target/test-dir/MiniOzoneClusterImpl-a3295141-d6dd-4ca2-83a3-017d6c1874d6/datanode-4/data/ratis/271a36b6-3c86-4104-b7a1-43451a8def66/current/log_inprogress_0
2019-10-01 07:27:23,082 [dba3f8e3-15ef-40cd-a7e3-c0dcaaff2a16@group-66EC4F5097CC-SegmentedRaftLogWorker] INFO  segmented.SegmentedRaftLogWorker (SegmentedRaftLogWorker.java:execute(574)) - dba3f8e3-15ef-40cd-a7e3-c0dcaaff2a16@group-66EC4F5097CC-SegmentedRaftLogWorker: created new log segment /workdir/hadoop-ozone/integration-test/target/test-dir/MiniOzoneClusterImpl-a3295141-d6dd-4ca2-83a3-017d6c1874d6/datanode-2/data/ratis/82a25b33-4747-4311-ba17-66ec4f5097cc/current/log_inprogress_0
2019-10-01 07:27:23,088 [Thread-2335] INFO  impl.FollowerState (FollowerState.java:run(108)) - ed7cd0ec-efdd-4bf8-a6ce-d1107d60787a@group-053AE1F52D2F-FollowerState: change to CANDIDATE, lastRpcTime:5056ms, electionTimeout:5056ms
2019-10-01 07:27:23,089 [Thread-2335] INFO  impl.RoleInfo (RoleInfo.java:shutdownFollowerState(121)) - ed7cd0ec-efdd-4bf8-a6ce-d1107d60787a: shutdown FollowerState
2019-10-01 07:27:23,089 [Thread-2335] INFO  impl.RaftServerImpl (RaftServerImpl.java:setRole(170)) - ed7cd0ec-efdd-4bf8-a6ce-d1107d60787a@group-053AE1F52D2F: changes role from  FOLLOWER to CANDIDATE at term 0 for changeToCandidate
2019-10-01 07:27:23,089 [Thread-2335] INFO  impl.RoleInfo (RoleInfo.java:updateAndGet(143)) - ed7cd0ec-efdd-4bf8-a6ce-d1107d60787a: start LeaderElection
2019-10-01 07:27:23,099 [3c543937-5f82-4ba7-aeab-f449bb36d2fa@group-027F448F1CF9-LeaderElection58] INFO  impl.LeaderElection (LeaderElection.java:askForVotes(178)) - 3c543937-5f82-4ba7-aeab-f449bb36d2fa@group-027F448F1CF9-LeaderElection58: begin an election at term 1 for -1: [3c543937-5f82-4ba7-aeab-f449bb36d2fa:192.168.30.18:32852], old=null
2019-10-01 07:27:23,099 [3c543937-5f82-4ba7-aeab-f449bb36d2fa@group-027F448F1CF9-LeaderElection58] INFO  impl.RoleInfo (RoleInfo.java:shutdownLeaderElection(134)) - 3c543937-5f82-4ba7-aeab-f449bb36d2fa: shutdown LeaderElection
2019-10-01 07:27:23,099 [3c543937-5f82-4ba7-aeab-f449bb36d2fa@group-027F448F1CF9-LeaderElection58] INFO  impl.RaftServerImpl (RaftServerImpl.java:setRole(170)) - 3c543937-5f82-4ba7-aeab-f449bb36d2fa@group-027F448F1CF9: changes role from CANDIDATE to LEADER at term 1 for changeToLeader
2019-10-01 07:27:23,099 [3c543937-5f82-4ba7-aeab-f449bb36d2fa@group-027F448F1CF9-LeaderElection58] INFO  impl.RaftServerImpl (ServerState.java:setLeader(255)) - 3c543937-5f82-4ba7-aeab-f449bb36d2fa@group-027F448F1CF9: change Leader from null to 3c543937-5f82-4ba7-aeab-f449bb36d2fa at term 1 for becomeLeader, leader elected after 5239ms
2019-10-01 07:27:23,099 [3c543937-5f82-4ba7-aeab-f449bb36d2fa@group-027F448F1CF9-LeaderElection58] INFO  server.RaftServerConfigKeys (ConfUtils.java:logGet(43)) - raft.server.staging.catchup.gap = 1000 (default)
2019-10-01 07:27:23,100 [3c543937-5f82-4ba7-aeab-f449bb36d2fa@group-027F448F1CF9-LeaderElection58] INFO  server.RaftServerConfigKeys (ConfUtils.java:logGet(43)) - raft.server.rpc.sleep.time = 25ms (default)
2019-10-01 07:27:23,100 [3c543937-5f82-4ba7-aeab-f449bb36d2fa@group-027F448F1CF9-LeaderElection58] INFO  server.RaftServerConfigKeys (ConfUtils.java:logGet(43)) - raft.server.write.element-limit = 4096 (default)
2019-10-01 07:27:23,100 [3c543937-5f82-4ba7-aeab-f449bb36d2fa@group-027F448F1CF9-LeaderElection58] INFO  server.RaftServerConfigKeys (ConfUtils.java:logGet(43)) - raft.server.watch.timeout = 10s (default)
2019-10-01 07:27:23,100 [3c543937-5f82-4ba7-aeab-f449bb36d2fa@group-027F448F1CF9-LeaderElection58] INFO  server.RaftServerConfigKeys (ConfUtils.java:logGet(43)) - raft.server.watch.timeout.denomination = 1s (default)
2019-10-01 07:27:23,100 [3c543937-5f82-4ba7-aeab-f449bb36d2fa@group-027F448F1CF9-LeaderElection58] INFO  server.RaftServerConfigKeys (ConfUtils.java:logGet(43)) - raft.server.watch.element-limit = 65536 (default)
2019-10-01 07:27:23,102 [3c543937-5f82-4ba7-aeab-f449bb36d2fa@group-027F448F1CF9-LeaderElection58] INFO  impl.RoleInfo (RoleInfo.java:updateAndGet(143)) - 3c543937-5f82-4ba7-aeab-f449bb36d2fa: start LeaderState
2019-10-01 07:27:23,102 [3c543937-5f82-4ba7-aeab-f449bb36d2fa@group-027F448F1CF9-LeaderElection58] INFO  segmented.SegmentedRaftLogWorker (SegmentedRaftLogWorker.java:startLogSegment(385)) - 3c543937-5f82-4ba7-aeab-f449bb36d2fa@group-027F448F1CF9-SegmentedRaftLogWorker: Starting segment from index:0
2019-10-01 07:27:23,103 [3c543937-5f82-4ba7-aeab-f449bb36d2fa@group-027F448F1CF9-LeaderElection58] INFO  impl.RaftServerImpl (ServerState.java:setRaftConf(356)) - 3c543937-5f82-4ba7-aeab-f449bb36d2fa@group-027F448F1CF9: set configuration 0: [3c543937-5f82-4ba7-aeab-f449bb36d2fa:192.168.30.18:32852], old=null at 0
2019-10-01 07:27:23,116 [ed7cd0ec-efdd-4bf8-a6ce-d1107d60787a@group-053AE1F52D2F-LeaderElection59] INFO  impl.LeaderElection (LeaderElection.java:askForVotes(178)) - ed7cd0ec-efdd-4bf8-a6ce-d1107d60787a@group-053AE1F52D2F-LeaderElection59: begin an election at term 1 for -1: [dba3f8e3-15ef-40cd-a7e3-c0dcaaff2a16:192.168.30.18:44845, ed7cd0ec-efdd-4bf8-a6ce-d1107d60787a:192.168.30.18:36182, f8cd3b89-0801-4612-90b3-c9aed41ad343:192.168.30.18:37465], old=null
2019-10-01 07:27:23,141 [grpc-default-executor-8] INFO  impl.RaftServerImpl (RaftServerImpl.java:setRole(170)) - f8cd3b89-0801-4612-90b3-c9aed41ad343@group-053AE1F52D2F: changes role from  FOLLOWER to FOLLOWER at term 1 for recognizeCandidate:ed7cd0ec-efdd-4bf8-a6ce-d1107d60787a
2019-10-01 07:27:23,143 [grpc-default-executor-4] INFO  impl.RaftServerImpl (RaftServerImpl.java:setRole(170)) - dba3f8e3-15ef-40cd-a7e3-c0dcaaff2a16@group-053AE1F52D2F: changes role from  FOLLOWER to FOLLOWER at term 1 for recognizeCandidate:ed7cd0ec-efdd-4bf8-a6ce-d1107d60787a
2019-10-01 07:27:23,143 [grpc-default-executor-8] INFO  impl.RoleInfo (RoleInfo.java:shutdownFollowerState(121)) - f8cd3b89-0801-4612-90b3-c9aed41ad343: shutdown FollowerState
2019-10-01 07:27:23,143 [grpc-default-executor-4] INFO  impl.RoleInfo (RoleInfo.java:shutdownFollowerState(121)) - dba3f8e3-15ef-40cd-a7e3-c0dcaaff2a16: shutdown FollowerState
2019-10-01 07:27:23,143 [grpc-default-executor-8] INFO  impl.RoleInfo (RoleInfo.java:updateAndGet(143)) - f8cd3b89-0801-4612-90b3-c9aed41ad343: start FollowerState
2019-10-01 07:27:23,144 [Thread-2334] INFO  impl.FollowerState (FollowerState.java:run(117)) - dba3f8e3-15ef-40cd-a7e3-c0dcaaff2a16@group-053AE1F52D2F-FollowerState was interrupted: java.lang.InterruptedException: sleep interrupted
2019-10-01 07:27:23,144 [grpc-default-executor-4] INFO  impl.RoleInfo (RoleInfo.java:updateAndGet(143)) - dba3f8e3-15ef-40cd-a7e3-c0dcaaff2a16: start FollowerState
2019-10-01 07:27:23,144 [Thread-2336] INFO  impl.FollowerState (FollowerState.java:run(117)) - f8cd3b89-0801-4612-90b3-c9aed41ad343@group-053AE1F52D2F-FollowerState was interrupted: java.lang.InterruptedException: sleep interrupted
2019-10-01 07:27:23,158 [3c543937-5f82-4ba7-aeab-f449bb36d2fa@group-027F448F1CF9-SegmentedRaftLogWorker] INFO  segmented.SegmentedRaftLogWorker (SegmentedRaftLogWorker.java:execute(574)) - 3c543937-5f82-4ba7-aeab-f449bb36d2fa@group-027F448F1CF9-SegmentedRaftLogWorker: created new log segment /workdir/hadoop-ozone/integration-test/target/test-dir/MiniOzoneClusterImpl-a3295141-d6dd-4ca2-83a3-017d6c1874d6/datanode-3/data/ratis/25d63667-63eb-498c-8135-027f448f1cf9/current/log_inprogress_0
2019-10-01 07:27:23,159 [Thread-2345] INFO  impl.FollowerState (FollowerState.java:run(108)) - a125c0e2-9a62-4411-a491-58df8ee0146a@group-B662A1914C11-FollowerState: change to CANDIDATE, lastRpcTime:5024ms, electionTimeout:5024ms
2019-10-01 07:27:23,159 [Thread-2345] INFO  impl.RoleInfo (RoleInfo.java:shutdownFollowerState(121)) - a125c0e2-9a62-4411-a491-58df8ee0146a: shutdown FollowerState
2019-10-01 07:27:23,159 [Thread-2345] INFO  impl.RaftServerImpl (RaftServerImpl.java:setRole(170)) - a125c0e2-9a62-4411-a491-58df8ee0146a@group-B662A1914C11: changes role from  FOLLOWER to CANDIDATE at term 0 for changeToCandidate
2019-10-01 07:27:23,159 [Thread-2345] INFO  impl.RoleInfo (RoleInfo.java:updateAndGet(143)) - a125c0e2-9a62-4411-a491-58df8ee0146a: start LeaderElection
2019-10-01 07:27:23,176 [ed7cd0ec-efdd-4bf8-a6ce-d1107d60787a@group-053AE1F52D2F-LeaderElection59] INFO  impl.LeaderElection (LeaderElection.java:logAndReturn(56)) - ed7cd0ec-efdd-4bf8-a6ce-d1107d60787a@group-053AE1F52D2F-LeaderElection59: Election PASSED; received 1 response(s) [ed7cd0ec-efdd-4bf8-a6ce-d1107d60787a<-dba3f8e3-15ef-40cd-a7e3-c0dcaaff2a16#0:OK-t1] and 0 exception(s); ed7cd0ec-efdd-4bf8-a6ce-d1107d60787a@group-053AE1F52D2F:t1, leader=null, voted=ed7cd0ec-efdd-4bf8-a6ce-d1107d60787a, raftlog=ed7cd0ec-efdd-4bf8-a6ce-d1107d60787a@group-053AE1F52D2F-SegmentedRaftLog:OPENED:c-1,f-1,i0, conf=-1: [dba3f8e3-15ef-40cd-a7e3-c0dcaaff2a16:192.168.30.18:44845, ed7cd0ec-efdd-4bf8-a6ce-d1107d60787a:192.168.30.18:36182, f8cd3b89-0801-4612-90b3-c9aed41ad343:192.168.30.18:37465], old=null
2019-10-01 07:27:23,176 [ed7cd0ec-efdd-4bf8-a6ce-d1107d60787a@group-053AE1F52D2F-LeaderElection59] INFO  impl.RoleInfo (RoleInfo.java:shutdownLeaderElection(134)) - ed7cd0ec-efdd-4bf8-a6ce-d1107d60787a: shutdown LeaderElection
2019-10-01 07:27:23,176 [ed7cd0ec-efdd-4bf8-a6ce-d1107d60787a@group-053AE1F52D2F-LeaderElection59] INFO  impl.RaftServerImpl (RaftServerImpl.java:setRole(170)) - ed7cd0ec-efdd-4bf8-a6ce-d1107d60787a@group-053AE1F52D2F: changes role from CANDIDATE to LEADER at term 1 for changeToLeader
2019-10-01 07:27:23,176 [ed7cd0ec-efdd-4bf8-a6ce-d1107d60787a@group-053AE1F52D2F-LeaderElection59] INFO  impl.RaftServerImpl (ServerState.java:setLeader(255)) - ed7cd0ec-efdd-4bf8-a6ce-d1107d60787a@group-053AE1F52D2F: change Leader from null to ed7cd0ec-efdd-4bf8-a6ce-d1107d60787a at term 1 for becomeLeader, leader elected after 5156ms
2019-10-01 07:27:23,177 [ed7cd0ec-efdd-4bf8-a6ce-d1107d60787a@group-053AE1F52D2F-LeaderElection59] INFO  server.RaftServerConfigKeys (ConfUtils.java:logGet(43)) - raft.server.staging.catchup.gap = 1000 (default)
2019-10-01 07:27:23,177 [ed7cd0ec-efdd-4bf8-a6ce-d1107d60787a@group-053AE1F52D2F-LeaderElection59] INFO  server.RaftServerConfigKeys (ConfUtils.java:logGet(43)) - raft.server.rpc.sleep.time = 25ms (default)
2019-10-01 07:27:23,177 [ed7cd0ec-efdd-4bf8-a6ce-d1107d60787a@group-053AE1F52D2F-LeaderElection59] INFO  server.RaftServerConfigKeys (ConfUtils.java:logGet(43)) - raft.server.write.element-limit = 4096 (default)
2019-10-01 07:27:23,177 [ed7cd0ec-efdd-4bf8-a6ce-d1107d60787a@group-053AE1F52D2F-LeaderElection59] INFO  server.RaftServerConfigKeys (ConfUtils.java:logGet(43)) - raft.server.watch.timeout = 10s (default)
2019-10-01 07:27:23,178 [ed7cd0ec-efdd-4bf8-a6ce-d1107d60787a@group-053AE1F52D2F-LeaderElection59] INFO  server.RaftServerConfigKeys (ConfUtils.java:logGet(43)) - raft.server.watch.timeout.denomination = 1s (default)
2019-10-01 07:27:23,178 [ed7cd0ec-efdd-4bf8-a6ce-d1107d60787a@group-053AE1F52D2F-LeaderElection59] INFO  server.RaftServerConfigKeys (ConfUtils.java:logGet(43)) - raft.server.watch.element-limit = 65536 (default)
2019-10-01 07:27:23,180 [ed7cd0ec-efdd-4bf8-a6ce-d1107d60787a@group-053AE1F52D2F-LeaderElection59] INFO  server.RaftServerConfigKeys (ConfUtils.java:logGet(43)) - raft.server.log.appender.snapshot.chunk.size.max = 16MB (=16777216) (default)
2019-10-01 07:27:23,180 [ed7cd0ec-efdd-4bf8-a6ce-d1107d60787a@group-053AE1F52D2F-LeaderElection59] INFO  server.RaftServerConfigKeys (ConfUtils.java:logGet(43)) - raft.server.log.appender.buffer.byte-limit = 33554432 (custom)
2019-10-01 07:27:23,181 [ed7cd0ec-efdd-4bf8-a6ce-d1107d60787a@group-053AE1F52D2F-LeaderElection59] INFO  server.RaftServerConfigKeys (ConfUtils.java:logGet(43)) - raft.server.log.appender.buffer.element-limit = 1 (custom)
2019-10-01 07:27:23,181 [ed7cd0ec-efdd-4bf8-a6ce-d1107d60787a@group-053AE1F52D2F-LeaderElection59] INFO  grpc.GrpcConfigKeys$Server (ConfUtils.java:logGet(43)) - raft.grpc.server.leader.outstanding.appends.max = 128 (default)
2019-10-01 07:27:23,181 [ed7cd0ec-efdd-4bf8-a6ce-d1107d60787a@group-053AE1F52D2F-LeaderElection59] INFO  server.RaftServerConfigKeys (ConfUtils.java:logGet(43)) - raft.server.rpc.request.timeout = 3000ms (default)
2019-10-01 07:27:23,181 [ed7cd0ec-efdd-4bf8-a6ce-d1107d60787a@group-053AE1F52D2F-LeaderElection59] INFO  server.RaftServerConfigKeys (ConfUtils.java:logGet(43)) - raft.server.log.appender.install.snapshot.enabled = false (custom)
2019-10-01 07:27:23,181 [ed7cd0ec-efdd-4bf8-a6ce-d1107d60787a@group-053AE1F52D2F-LeaderElection59] INFO  server.RaftServerConfigKeys (ConfUtils.java:logGet(43)) - raft.server.log.appender.snapshot.chunk.size.max = 16MB (=16777216) (default)
2019-10-01 07:27:23,182 [ed7cd0ec-efdd-4bf8-a6ce-d1107d60787a@group-053AE1F52D2F-LeaderElection59] INFO  server.RaftServerConfigKeys (ConfUtils.java:logGet(43)) - raft.server.log.appender.buffer.byte-limit = 33554432 (custom)
2019-10-01 07:27:23,182 [ed7cd0ec-efdd-4bf8-a6ce-d1107d60787a@group-053AE1F52D2F-LeaderElection59] INFO  server.RaftServerConfigKeys (ConfUtils.java:logGet(43)) - raft.server.log.appender.buffer.element-limit = 1 (custom)
2019-10-01 07:27:23,182 [ed7cd0ec-efdd-4bf8-a6ce-d1107d60787a@group-053AE1F52D2F-LeaderElection59] INFO  grpc.GrpcConfigKeys$Server (ConfUtils.java:logGet(43)) - raft.grpc.server.leader.outstanding.appends.max = 128 (default)
2019-10-01 07:27:23,182 [ed7cd0ec-efdd-4bf8-a6ce-d1107d60787a@group-053AE1F52D2F-LeaderElection59] INFO  server.RaftServerConfigKeys (ConfUtils.java:logGet(43)) - raft.server.rpc.request.timeout = 3000ms (default)
2019-10-01 07:27:23,182 [ed7cd0ec-efdd-4bf8-a6ce-d1107d60787a@group-053AE1F52D2F-LeaderElection59] INFO  server.RaftServerConfigKeys (ConfUtils.java:logGet(43)) - raft.server.log.appender.install.snapshot.enabled = false (custom)
2019-10-01 07:27:23,182 [ed7cd0ec-efdd-4bf8-a6ce-d1107d60787a@group-053AE1F52D2F-LeaderElection59] INFO  impl.RoleInfo (RoleInfo.java:updateAndGet(143)) - ed7cd0ec-efdd-4bf8-a6ce-d1107d60787a: start LeaderState
2019-10-01 07:27:23,183 [ed7cd0ec-efdd-4bf8-a6ce-d1107d60787a@group-053AE1F52D2F-LeaderElection59] INFO  segmented.SegmentedRaftLogWorker (SegmentedRaftLogWorker.java:startLogSegment(385)) - ed7cd0ec-efdd-4bf8-a6ce-d1107d60787a@group-053AE1F52D2F-SegmentedRaftLogWorker: Starting segment from index:0
2019-10-01 07:27:23,183 [ed7cd0ec-efdd-4bf8-a6ce-d1107d60787a@group-053AE1F52D2F-LeaderElection59] INFO  impl.RaftServerImpl (ServerState.java:setRaftConf(356)) - ed7cd0ec-efdd-4bf8-a6ce-d1107d60787a@group-053AE1F52D2F: set configuration 0: [dba3f8e3-15ef-40cd-a7e3-c0dcaaff2a16:192.168.30.18:44845, ed7cd0ec-efdd-4bf8-a6ce-d1107d60787a:192.168.30.18:36182, f8cd3b89-0801-4612-90b3-c9aed41ad343:192.168.30.18:37465], old=null at 0
2019-10-01 07:27:23,184 [grpc-default-executor-8] INFO  impl.RaftServerImpl (ServerState.java:setLeader(255)) - f8cd3b89-0801-4612-90b3-c9aed41ad343@group-053AE1F52D2F: change Leader from null to ed7cd0ec-efdd-4bf8-a6ce-d1107d60787a at term 1 for appendEntries, leader elected after 5164ms
2019-10-01 07:27:23,215 [a125c0e2-9a62-4411-a491-58df8ee0146a@group-B662A1914C11-LeaderElection60] INFO  impl.LeaderElection (LeaderElection.java:askForVotes(178)) - a125c0e2-9a62-4411-a491-58df8ee0146a@group-B662A1914C11-LeaderElection60: begin an election at term 1 for -1: [a125c0e2-9a62-4411-a491-58df8ee0146a:192.168.30.18:39304, 0d347145-7e33-414c-898e-d13b8f443d99:192.168.30.18:44592, 3c543937-5f82-4ba7-aeab-f449bb36d2fa:192.168.30.18:32852], old=null
2019-10-01 07:27:23,184 [grpc-default-executor-4] INFO  impl.RaftServerImpl (ServerState.java:setLeader(255)) - dba3f8e3-15ef-40cd-a7e3-c0dcaaff2a16@group-053AE1F52D2F: change Leader from null to ed7cd0ec-efdd-4bf8-a6ce-d1107d60787a at term 1 for appendEntries, leader elected after 5163ms
2019-10-01 07:27:23,223 [grpc-default-executor-4] INFO  impl.RaftServerImpl (ServerState.java:setRaftConf(356)) - f8cd3b89-0801-4612-90b3-c9aed41ad343@group-053AE1F52D2F: set configuration 0: [dba3f8e3-15ef-40cd-a7e3-c0dcaaff2a16:192.168.30.18:44845, ed7cd0ec-efdd-4bf8-a6ce-d1107d60787a:192.168.30.18:36182, f8cd3b89-0801-4612-90b3-c9aed41ad343:192.168.30.18:37465], old=null at 0
2019-10-01 07:27:23,226 [grpc-default-executor-4] INFO  segmented.SegmentedRaftLogWorker (SegmentedRaftLogWorker.java:startLogSegment(385)) - f8cd3b89-0801-4612-90b3-c9aed41ad343@group-053AE1F52D2F-SegmentedRaftLogWorker: Starting segment from index:0
2019-10-01 07:27:23,227 [grpc-default-executor-8] INFO  impl.RaftServerImpl (ServerState.java:setRaftConf(356)) - dba3f8e3-15ef-40cd-a7e3-c0dcaaff2a16@group-053AE1F52D2F: set configuration 0: [dba3f8e3-15ef-40cd-a7e3-c0dcaaff2a16:192.168.30.18:44845, ed7cd0ec-efdd-4bf8-a6ce-d1107d60787a:192.168.30.18:36182, f8cd3b89-0801-4612-90b3-c9aed41ad343:192.168.30.18:37465], old=null at 0
2019-10-01 07:27:23,227 [grpc-default-executor-8] INFO  segmented.SegmentedRaftLogWorker (SegmentedRaftLogWorker.java:startLogSegment(385)) - dba3f8e3-15ef-40cd-a7e3-c0dcaaff2a16@group-053AE1F52D2F-SegmentedRaftLogWorker: Starting segment from index:0
2019-10-01 07:27:23,230 [grpc-default-executor-8] INFO  impl.RaftServerImpl (RaftServerImpl.java:setRole(170)) - 3c543937-5f82-4ba7-aeab-f449bb36d2fa@group-B662A1914C11: changes role from  FOLLOWER to FOLLOWER at term 1 for recognizeCandidate:a125c0e2-9a62-4411-a491-58df8ee0146a
2019-10-01 07:27:23,230 [grpc-default-executor-8] INFO  impl.RoleInfo (RoleInfo.java:shutdownFollowerState(121)) - 3c543937-5f82-4ba7-aeab-f449bb36d2fa: shutdown FollowerState
2019-10-01 07:27:23,230 [grpc-default-executor-8] INFO  impl.RoleInfo (RoleInfo.java:updateAndGet(143)) - 3c543937-5f82-4ba7-aeab-f449bb36d2fa: start FollowerState
2019-10-01 07:27:23,231 [Thread-2344] INFO  impl.FollowerState (FollowerState.java:run(117)) - 3c543937-5f82-4ba7-aeab-f449bb36d2fa@group-B662A1914C11-FollowerState was interrupted: java.lang.InterruptedException: sleep interrupted
2019-10-01 07:27:23,234 [grpc-default-executor-7] INFO  impl.RaftServerImpl (RaftServerImpl.java:setRole(170)) - 0d347145-7e33-414c-898e-d13b8f443d99@group-B662A1914C11: changes role from  FOLLOWER to FOLLOWER at term 1 for recognizeCandidate:a125c0e2-9a62-4411-a491-58df8ee0146a
2019-10-01 07:27:23,234 [grpc-default-executor-7] INFO  impl.RoleInfo (RoleInfo.java:shutdownFollowerState(121)) - 0d347145-7e33-414c-898e-d13b8f443d99: shutdown FollowerState
2019-10-01 07:27:23,271 [ed7cd0ec-efdd-4bf8-a6ce-d1107d60787a@group-053AE1F52D2F-SegmentedRaftLogWorker] INFO  segmented.SegmentedRaftLogWorker (SegmentedRaftLogWorker.java:execute(574)) - ed7cd0ec-efdd-4bf8-a6ce-d1107d60787a@group-053AE1F52D2F-SegmentedRaftLogWorker: created new log segment /workdir/hadoop-ozone/integration-test/target/test-dir/MiniOzoneClusterImpl-a3295141-d6dd-4ca2-83a3-017d6c1874d6/datanode-1/data/ratis/6377e8b4-28f5-48f1-8127-053ae1f52d2f/current/log_inprogress_0
2019-10-01 07:27:23,271 [grpc-default-executor-7] INFO  impl.RoleInfo (RoleInfo.java:updateAndGet(143)) - 0d347145-7e33-414c-898e-d13b8f443d99: start FollowerState
2019-10-01 07:27:23,271 [Thread-2342] INFO  impl.FollowerState (FollowerState.java:run(117)) - 0d347145-7e33-414c-898e-d13b8f443d99@group-B662A1914C11-FollowerState was interrupted: java.lang.InterruptedException: sleep interrupted
2019-10-01 07:27:23,293 [f8cd3b89-0801-4612-90b3-c9aed41ad343@group-053AE1F52D2F-SegmentedRaftLogWorker] INFO  segmented.SegmentedRaftLogWorker (SegmentedRaftLogWorker.java:execute(574)) - f8cd3b89-0801-4612-90b3-c9aed41ad343@group-053AE1F52D2F-SegmentedRaftLogWorker: created new log segment /workdir/hadoop-ozone/integration-test/target/test-dir/MiniOzoneClusterImpl-a3295141-d6dd-4ca2-83a3-017d6c1874d6/datanode-0/data/ratis/6377e8b4-28f5-48f1-8127-053ae1f52d2f/current/log_inprogress_0
2019-10-01 07:27:23,293 [dba3f8e3-15ef-40cd-a7e3-c0dcaaff2a16@group-053AE1F52D2F-SegmentedRaftLogWorker] INFO  segmented.SegmentedRaftLogWorker (SegmentedRaftLogWorker.java:execute(574)) - dba3f8e3-15ef-40cd-a7e3-c0dcaaff2a16@group-053AE1F52D2F-SegmentedRaftLogWorker: created new log segment /workdir/hadoop-ozone/integration-test/target/test-dir/MiniOzoneClusterImpl-a3295141-d6dd-4ca2-83a3-017d6c1874d6/datanode-2/data/ratis/6377e8b4-28f5-48f1-8127-053ae1f52d2f/current/log_inprogress_0
2019-10-01 07:27:23,294 [a125c0e2-9a62-4411-a491-58df8ee0146a@group-B662A1914C11-LeaderElection60] INFO  impl.LeaderElection (LeaderElection.java:logAndReturn(56)) - a125c0e2-9a62-4411-a491-58df8ee0146a@group-B662A1914C11-LeaderElection60: Election PASSED; received 1 response(s) [a125c0e2-9a62-4411-a491-58df8ee0146a<-3c543937-5f82-4ba7-aeab-f449bb36d2fa#0:OK-t1] and 0 exception(s); a125c0e2-9a62-4411-a491-58df8ee0146a@group-B662A1914C11:t1, leader=null, voted=a125c0e2-9a62-4411-a491-58df8ee0146a, raftlog=a125c0e2-9a62-4411-a491-58df8ee0146a@group-B662A1914C11-SegmentedRaftLog:OPENED:c-1,f-1,i0, conf=-1: [a125c0e2-9a62-4411-a491-58df8ee0146a:192.168.30.18:39304, 0d347145-7e33-414c-898e-d13b8f443d99:192.168.30.18:44592, 3c543937-5f82-4ba7-aeab-f449bb36d2fa:192.168.30.18:32852], old=null
2019-10-01 07:27:23,294 [a125c0e2-9a62-4411-a491-58df8ee0146a@group-B662A1914C11-LeaderElection60] INFO  impl.RoleInfo (RoleInfo.java:shutdownLeaderElection(134)) - a125c0e2-9a62-4411-a491-58df8ee0146a: shutdown LeaderElection
2019-10-01 07:27:23,295 [a125c0e2-9a62-4411-a491-58df8ee0146a@group-B662A1914C11-LeaderElection60] INFO  impl.RaftServerImpl (RaftServerImpl.java:setRole(170)) - a125c0e2-9a62-4411-a491-58df8ee0146a@group-B662A1914C11: changes role from CANDIDATE to LEADER at term 1 for changeToLeader
2019-10-01 07:27:23,295 [a125c0e2-9a62-4411-a491-58df8ee0146a@group-B662A1914C11-LeaderElection60] INFO  impl.RaftServerImpl (ServerState.java:setLeader(255)) - a125c0e2-9a62-4411-a491-58df8ee0146a@group-B662A1914C11: change Leader from null to a125c0e2-9a62-4411-a491-58df8ee0146a at term 1 for becomeLeader, leader elected after 5173ms
2019-10-01 07:27:23,295 [a125c0e2-9a62-4411-a491-58df8ee0146a@group-B662A1914C11-LeaderElection60] INFO  server.RaftServerConfigKeys (ConfUtils.java:logGet(43)) - raft.server.staging.catchup.gap = 1000 (default)
2019-10-01 07:27:23,295 [a125c0e2-9a62-4411-a491-58df8ee0146a@group-B662A1914C11-LeaderElection60] INFO  server.RaftServerConfigKeys (ConfUtils.java:logGet(43)) - raft.server.rpc.sleep.time = 25ms (default)
2019-10-01 07:27:23,296 [a125c0e2-9a62-4411-a491-58df8ee0146a@group-B662A1914C11-LeaderElection60] INFO  server.RaftServerConfigKeys (ConfUtils.java:logGet(43)) - raft.server.write.element-limit = 4096 (default)
2019-10-01 07:27:23,296 [a125c0e2-9a62-4411-a491-58df8ee0146a@group-B662A1914C11-LeaderElection60] INFO  server.RaftServerConfigKeys (ConfUtils.java:logGet(43)) - raft.server.watch.timeout = 10s (default)
2019-10-01 07:27:23,296 [a125c0e2-9a62-4411-a491-58df8ee0146a@group-B662A1914C11-LeaderElection60] INFO  server.RaftServerConfigKeys (ConfUtils.java:logGet(43)) - raft.server.watch.timeout.denomination = 1s (default)
2019-10-01 07:27:23,296 [a125c0e2-9a62-4411-a491-58df8ee0146a@group-B662A1914C11-LeaderElection60] INFO  server.RaftServerConfigKeys (ConfUtils.java:logGet(43)) - raft.server.watch.element-limit = 65536 (default)
2019-10-01 07:27:23,298 [a125c0e2-9a62-4411-a491-58df8ee0146a@group-B662A1914C11-LeaderElection60] INFO  server.RaftServerConfigKeys (ConfUtils.java:logGet(43)) - raft.server.log.appender.snapshot.chunk.size.max = 16MB (=16777216) (default)
2019-10-01 07:27:23,299 [a125c0e2-9a62-4411-a491-58df8ee0146a@group-B662A1914C11-LeaderElection60] INFO  server.RaftServerConfigKeys (ConfUtils.java:logGet(43)) - raft.server.log.appender.buffer.byte-limit = 33554432 (custom)
2019-10-01 07:27:23,299 [a125c0e2-9a62-4411-a491-58df8ee0146a@group-B662A1914C11-LeaderElection60] INFO  server.RaftServerConfigKeys (ConfUtils.java:logGet(43)) - raft.server.log.appender.buffer.element-limit = 1 (custom)
2019-10-01 07:27:23,299 [a125c0e2-9a62-4411-a491-58df8ee0146a@group-B662A1914C11-LeaderElection60] INFO  grpc.GrpcConfigKeys$Server (ConfUtils.java:logGet(43)) - raft.grpc.server.leader.outstanding.appends.max = 128 (default)
2019-10-01 07:27:23,299 [a125c0e2-9a62-4411-a491-58df8ee0146a@group-B662A1914C11-LeaderElection60] INFO  server.RaftServerConfigKeys (ConfUtils.java:logGet(43)) - raft.server.rpc.request.timeout = 3000ms (default)
2019-10-01 07:27:23,299 [a125c0e2-9a62-4411-a491-58df8ee0146a@group-B662A1914C11-LeaderElection60] INFO  server.RaftServerConfigKeys (ConfUtils.java:logGet(43)) - raft.server.log.appender.install.snapshot.enabled = false (custom)
2019-10-01 07:27:23,300 [a125c0e2-9a62-4411-a491-58df8ee0146a@group-B662A1914C11-LeaderElection60] INFO  server.RaftServerConfigKeys (ConfUtils.java:logGet(43)) - raft.server.log.appender.snapshot.chunk.size.max = 16MB (=16777216) (default)
2019-10-01 07:27:23,300 [a125c0e2-9a62-4411-a491-58df8ee0146a@group-B662A1914C11-LeaderElection60] INFO  server.RaftServerConfigKeys (ConfUtils.java:logGet(43)) - raft.server.log.appender.buffer.byte-limit = 33554432 (custom)
2019-10-01 07:27:23,300 [a125c0e2-9a62-4411-a491-58df8ee0146a@group-B662A1914C11-LeaderElection60] INFO  server.RaftServerConfigKeys (ConfUtils.java:logGet(43)) - raft.server.log.appender.buffer.element-limit = 1 (custom)
2019-10-01 07:27:23,300 [a125c0e2-9a62-4411-a491-58df8ee0146a@group-B662A1914C11-LeaderElection60] INFO  grpc.GrpcConfigKeys$Server (ConfUtils.java:logGet(43)) - raft.grpc.server.leader.outstanding.appends.max = 128 (default)
2019-10-01 07:27:23,301 [a125c0e2-9a62-4411-a491-58df8ee0146a@group-B662A1914C11-LeaderElection60] INFO  server.RaftServerConfigKeys (ConfUtils.java:logGet(43)) - raft.server.rpc.request.timeout = 3000ms (default)
2019-10-01 07:27:23,301 [a125c0e2-9a62-4411-a491-58df8ee0146a@group-B662A1914C11-LeaderElection60] INFO  server.RaftServerConfigKeys (ConfUtils.java:logGet(43)) - raft.server.log.appender.install.snapshot.enabled = false (custom)
2019-10-01 07:27:23,301 [a125c0e2-9a62-4411-a491-58df8ee0146a@group-B662A1914C11-LeaderElection60] INFO  impl.RoleInfo (RoleInfo.java:updateAndGet(143)) - a125c0e2-9a62-4411-a491-58df8ee0146a: start LeaderState
2019-10-01 07:27:23,301 [a125c0e2-9a62-4411-a491-58df8ee0146a@group-B662A1914C11-LeaderElection60] INFO  segmented.SegmentedRaftLogWorker (SegmentedRaftLogWorker.java:startLogSegment(385)) - a125c0e2-9a62-4411-a491-58df8ee0146a@group-B662A1914C11-SegmentedRaftLogWorker: Starting segment from index:0
2019-10-01 07:27:23,302 [a125c0e2-9a62-4411-a491-58df8ee0146a@group-B662A1914C11-LeaderElection60] INFO  impl.RaftServerImpl (ServerState.java:setRaftConf(356)) - a125c0e2-9a62-4411-a491-58df8ee0146a@group-B662A1914C11: set configuration 0: [a125c0e2-9a62-4411-a491-58df8ee0146a:192.168.30.18:39304, 0d347145-7e33-414c-898e-d13b8f443d99:192.168.30.18:44592, 3c543937-5f82-4ba7-aeab-f449bb36d2fa:192.168.30.18:32852], old=null at 0
2019-10-01 07:27:23,335 [grpc-default-executor-4] INFO  impl.RaftServerImpl (ServerState.java:setLeader(255)) - 0d347145-7e33-414c-898e-d13b8f443d99@group-B662A1914C11: change Leader from null to a125c0e2-9a62-4411-a491-58df8ee0146a at term 1 for appendEntries, leader elected after 5213ms
2019-10-01 07:27:23,344 [grpc-default-executor-7] INFO  impl.RaftServerImpl (ServerState.java:setLeader(255)) - 3c543937-5f82-4ba7-aeab-f449bb36d2fa@group-B662A1914C11: change Leader from null to a125c0e2-9a62-4411-a491-58df8ee0146a at term 1 for appendEntries, leader elected after 5222ms
2019-10-01 07:27:23,346 [grpc-default-executor-4] INFO  impl.RaftServerImpl (ServerState.java:setRaftConf(356)) - 0d347145-7e33-414c-898e-d13b8f443d99@group-B662A1914C11: set configuration 0: [a125c0e2-9a62-4411-a491-58df8ee0146a:192.168.30.18:39304, 0d347145-7e33-414c-898e-d13b8f443d99:192.168.30.18:44592, 3c543937-5f82-4ba7-aeab-f449bb36d2fa:192.168.30.18:32852], old=null at 0
2019-10-01 07:27:23,346 [grpc-default-executor-7] INFO  impl.RaftServerImpl (ServerState.java:setRaftConf(356)) - 3c543937-5f82-4ba7-aeab-f449bb36d2fa@group-B662A1914C11: set configuration 0: [a125c0e2-9a62-4411-a491-58df8ee0146a:192.168.30.18:39304, 0d347145-7e33-414c-898e-d13b8f443d99:192.168.30.18:44592, 3c543937-5f82-4ba7-aeab-f449bb36d2fa:192.168.30.18:32852], old=null at 0
2019-10-01 07:27:23,346 [grpc-default-executor-4] INFO  segmented.SegmentedRaftLogWorker (SegmentedRaftLogWorker.java:startLogSegment(385)) - 0d347145-7e33-414c-898e-d13b8f443d99@group-B662A1914C11-SegmentedRaftLogWorker: Starting segment from index:0
2019-10-01 07:27:23,346 [grpc-default-executor-7] INFO  segmented.SegmentedRaftLogWorker (SegmentedRaftLogWorker.java:startLogSegment(385)) - 3c543937-5f82-4ba7-aeab-f449bb36d2fa@group-B662A1914C11-SegmentedRaftLogWorker: Starting segment from index:0
2019-10-01 07:27:23,361 [a125c0e2-9a62-4411-a491-58df8ee0146a@group-B662A1914C11-SegmentedRaftLogWorker] INFO  segmented.SegmentedRaftLogWorker (SegmentedRaftLogWorker.java:execute(574)) - a125c0e2-9a62-4411-a491-58df8ee0146a@group-B662A1914C11-SegmentedRaftLogWorker: created new log segment /workdir/hadoop-ozone/integration-test/target/test-dir/MiniOzoneClusterImpl-a3295141-d6dd-4ca2-83a3-017d6c1874d6/datanode-6/data/ratis/9a7c502e-6b54-4cfc-8a46-b662a1914c11/current/log_inprogress_0
2019-10-01 07:27:23,413 [0d347145-7e33-414c-898e-d13b8f443d99@group-B662A1914C11-SegmentedRaftLogWorker] INFO  segmented.SegmentedRaftLogWorker (SegmentedRaftLogWorker.java:execute(574)) - 0d347145-7e33-414c-898e-d13b8f443d99@group-B662A1914C11-SegmentedRaftLogWorker: created new log segment /workdir/hadoop-ozone/integration-test/target/test-dir/MiniOzoneClusterImpl-a3295141-d6dd-4ca2-83a3-017d6c1874d6/datanode-4/data/ratis/9a7c502e-6b54-4cfc-8a46-b662a1914c11/current/log_inprogress_0
2019-10-01 07:27:23,413 [3c543937-5f82-4ba7-aeab-f449bb36d2fa@group-B662A1914C11-SegmentedRaftLogWorker] INFO  segmented.SegmentedRaftLogWorker (SegmentedRaftLogWorker.java:execute(574)) - 3c543937-5f82-4ba7-aeab-f449bb36d2fa@group-B662A1914C11-SegmentedRaftLogWorker: created new log segment /workdir/hadoop-ozone/integration-test/target/test-dir/MiniOzoneClusterImpl-a3295141-d6dd-4ca2-83a3-017d6c1874d6/datanode-3/data/ratis/9a7c502e-6b54-4cfc-8a46-b662a1914c11/current/log_inprogress_0
2019-10-01 07:27:24,493 [grpc-default-executor-0] WARN  server.GrpcLogAppender (LogUtils.java:warn(134)) - be47bb61-472a-4d67-8e1a-05db22c1f3ae@group-68D55C291AF2->a5319893-1770-436a-9567-4b3fd98b83df-AppendLogResponseHandler: Failed appendEntries: org.apache.ratis.thirdparty.io.grpc.StatusRuntimeException: UNAVAILABLE: io exception
2019-10-01 07:27:24,493 [grpc-default-executor-6] WARN  server.GrpcLogAppender (LogUtils.java:warn(134)) - be47bb61-472a-4d67-8e1a-05db22c1f3ae@group-68D55C291AF2->8451d732-4754-49d1-b6bb-2cccf437fad4-AppendLogResponseHandler: Failed appendEntries: org.apache.ratis.thirdparty.io.grpc.StatusRuntimeException: UNAVAILABLE: io exception
2019-10-01 07:27:24,494 [grpc-default-executor-0] INFO  impl.FollowerInfo (FollowerInfo.java:lambda$new$0(51)) - be47bb61-472a-4d67-8e1a-05db22c1f3ae@group-68D55C291AF2->a5319893-1770-436a-9567-4b3fd98b83df: nextIndex: updateUnconditionally 0 -> 0
2019-10-01 07:27:24,494 [grpc-default-executor-6] INFO  impl.FollowerInfo (FollowerInfo.java:lambda$new$0(51)) - be47bb61-472a-4d67-8e1a-05db22c1f3ae@group-68D55C291AF2->8451d732-4754-49d1-b6bb-2cccf437fad4: nextIndex: updateUnconditionally 0 -> 0
2019-10-01 07:27:24,521 [Datanode State Machine Thread - 0] INFO  statemachine.DatanodeStateMachine (DatanodeStateMachine.java:lambda$startDaemon$0(350)) - Ozone container server started.
2019-10-01 07:27:26,999 [grpc-default-executor-6] WARN  server.GrpcLogAppender (LogUtils.java:warn(134)) - be47bb61-472a-4d67-8e1a-05db22c1f3ae@group-68D55C291AF2->a5319893-1770-436a-9567-4b3fd98b83df-AppendLogResponseHandler: Failed appendEntries: org.apache.ratis.thirdparty.io.grpc.StatusRuntimeException: UNAVAILABLE: io exception
2019-10-01 07:27:26,999 [grpc-default-executor-0] WARN  server.GrpcLogAppender (LogUtils.java:warn(134)) - be47bb61-472a-4d67-8e1a-05db22c1f3ae@group-68D55C291AF2->8451d732-4754-49d1-b6bb-2cccf437fad4-AppendLogResponseHandler: Failed appendEntries: org.apache.ratis.thirdparty.io.grpc.StatusRuntimeException: UNAVAILABLE: io exception
2019-10-01 07:27:27,000 [grpc-default-executor-0] INFO  impl.FollowerInfo (FollowerInfo.java:lambda$new$0(51)) - be47bb61-472a-4d67-8e1a-05db22c1f3ae@group-68D55C291AF2->8451d732-4754-49d1-b6bb-2cccf437fad4: nextIndex: updateUnconditionally 0 -> 0
2019-10-01 07:27:27,000 [grpc-default-executor-6] INFO  impl.FollowerInfo (FollowerInfo.java:lambda$new$0(51)) - be47bb61-472a-4d67-8e1a-05db22c1f3ae@group-68D55C291AF2->a5319893-1770-436a-9567-4b3fd98b83df: nextIndex: updateUnconditionally 0 -> 0
2019-10-01 07:27:27,099 [EventQueue-StaleNodeForStaleNodeHandler] INFO  node.StaleNodeHandler (StaleNodeHandler.java:onMessage(58)) - Datanode 8451d732-4754-49d1-b6bb-2cccf437fad4{ip: 192.168.30.18, host: pr-hdds-1984-bsjj8-3390809720, networkLocation: /default-rack, certSerialId: null} moved to stale state. Finalizing its pipelines [PipelineID=7ddf73fc-c128-479d-ba7c-68d55c291af2, PipelineID=9f186284-f4cf-42ff-affa-c44d945b90db]
2019-10-01 07:27:27,099 [EventQueue-StaleNodeForStaleNodeHandler] INFO  pipeline.SCMPipelineManager (SCMPipelineManager.java:finalizeAndDestroyPipeline(315)) - destroying pipeline:Pipeline[ Id: 7ddf73fc-c128-479d-ba7c-68d55c291af2, Nodes: 8451d732-4754-49d1-b6bb-2cccf437fad4{ip: 192.168.30.18, host: pr-hdds-1984-bsjj8-3390809720, networkLocation: /default-rack, certSerialId: null}a5319893-1770-436a-9567-4b3fd98b83df{ip: 192.168.30.18, host: pr-hdds-1984-bsjj8-3390809720, networkLocation: /default-rack, certSerialId: null}be47bb61-472a-4d67-8e1a-05db22c1f3ae{ip: 192.168.30.18, host: pr-hdds-1984-bsjj8-3390809720, networkLocation: /default-rack, certSerialId: null}, Type:RATIS, Factor:THREE, State:OPEN]
2019-10-01 07:27:27,099 [EventQueue-StaleNodeForStaleNodeHandler] INFO  pipeline.PipelineStateManager (PipelineStateManager.java:finalizePipeline(123)) - Pipeline Pipeline[ Id: 7ddf73fc-c128-479d-ba7c-68d55c291af2, Nodes: 8451d732-4754-49d1-b6bb-2cccf437fad4{ip: 192.168.30.18, host: pr-hdds-1984-bsjj8-3390809720, networkLocation: /default-rack, certSerialId: null}a5319893-1770-436a-9567-4b3fd98b83df{ip: 192.168.30.18, host: pr-hdds-1984-bsjj8-3390809720, networkLocation: /default-rack, certSerialId: null}be47bb61-472a-4d67-8e1a-05db22c1f3ae{ip: 192.168.30.18, host: pr-hdds-1984-bsjj8-3390809720, networkLocation: /default-rack, certSerialId: null}, Type:RATIS, Factor:THREE, State:CLOSED] moved to CLOSED state
2019-10-01 07:27:27,100 [EventQueue-CloseContainerForCloseContainerEventHandler] INFO  container.CloseContainerEventHandler (CloseContainerEventHandler.java:onMessage(61)) - Close container Event triggered for container : #1
2019-10-01 07:27:27,100 [EventQueue-StaleNodeForStaleNodeHandler] INFO  pipeline.SCMPipelineManager (SCMPipelineManager.java:finalizeAndDestroyPipeline(315)) - destroying pipeline:Pipeline[ Id: 9f186284-f4cf-42ff-affa-c44d945b90db, Nodes: 8451d732-4754-49d1-b6bb-2cccf437fad4{ip: 192.168.30.18, host: pr-hdds-1984-bsjj8-3390809720, networkLocation: /default-rack, certSerialId: null}, Type:RATIS, Factor:ONE, State:OPEN]
2019-10-01 07:27:27,116 [EventQueue-StaleNodeForStaleNodeHandler] INFO  pipeline.PipelineStateManager (PipelineStateManager.java:finalizePipeline(123)) - Pipeline Pipeline[ Id: 9f186284-f4cf-42ff-affa-c44d945b90db, Nodes: 8451d732-4754-49d1-b6bb-2cccf437fad4{ip: 192.168.30.18, host: pr-hdds-1984-bsjj8-3390809720, networkLocation: /default-rack, certSerialId: null}, Type:RATIS, Factor:ONE, State:CLOSED] moved to CLOSED state
2019-10-01 07:27:28,529 [main] INFO  ozoneimpl.OzoneContainer (OzoneContainer.java:stop(231)) - Attempting to stop container services.
2019-10-01 07:27:28,530 [main] INFO  impl.RaftServerProxy (RaftServerProxy.java:lambda$close$4(314)) - ed7cd0ec-efdd-4bf8-a6ce-d1107d60787a: close
2019-10-01 07:27:28,530 [main] INFO  impl.RaftServerImpl (RaftServerImpl.java:lambda$shutdown$3(247)) - ed7cd0ec-efdd-4bf8-a6ce-d1107d60787a@group-053AE1F52D2F: shutdown
2019-10-01 07:27:28,531 [main] INFO  util.JmxRegister (JmxRegister.java:unregister(73)) - Successfully un-registered JMX Bean with object name Ratis:service=RaftServer,group=group-053AE1F52D2F,id=ed7cd0ec-efdd-4bf8-a6ce-d1107d60787a
2019-10-01 07:27:28,531 [main] INFO  impl.RoleInfo (RoleInfo.java:shutdownLeaderState(104)) - ed7cd0ec-efdd-4bf8-a6ce-d1107d60787a: shutdown LeaderState
2019-10-01 07:27:28,547 [org.apache.ratis.server.impl.LogAppender$AppenderDaemon$$Lambda$517/1053131418@445bd902] WARN  server.GrpcLogAppender (GrpcLogAppender.java:mayWait(143)) - ed7cd0ec-efdd-4bf8-a6ce-d1107d60787a@group-053AE1F52D2F->f8cd3b89-0801-4612-90b3-c9aed41ad343-GrpcLogAppender: Wait interrupted by java.lang.InterruptedException
2019-10-01 07:27:28,547 [main] INFO  impl.PendingRequests (PendingRequests.java:sendNotLeaderResponses(202)) - ed7cd0ec-efdd-4bf8-a6ce-d1107d60787a@group-053AE1F52D2F-PendingRequests: sendNotLeaderResponses
2019-10-01 07:27:28,561 [org.apache.ratis.server.impl.LogAppender$AppenderDaemon$$Lambda$517/1053131418@50bb811b] WARN  server.GrpcLogAppender (GrpcLogAppender.java:mayWait(143)) - ed7cd0ec-efdd-4bf8-a6ce-d1107d60787a@group-053AE1F52D2F->dba3f8e3-15ef-40cd-a7e3-c0dcaaff2a16-GrpcLogAppender: Wait interrupted by java.lang.InterruptedException
2019-10-01 07:27:28,569 [ed7cd0ec-efdd-4bf8-a6ce-d1107d60787a@group-053AE1F52D2F-StateMachineUpdater] INFO  ratis.ContainerStateMachine (ContainerStateMachine.java:takeSnapshot(289)) - group-053AE1F52D2F: Taking a snapshot at:(t:1, i:2) file /workdir/hadoop-ozone/integration-test/target/test-dir/MiniOzoneClusterImpl-a3295141-d6dd-4ca2-83a3-017d6c1874d6/datanode-1/data/ratis/6377e8b4-28f5-48f1-8127-053ae1f52d2f/sm/snapshot.1_2
2019-10-01 07:27:28,569 [grpc-default-executor-0] INFO  server.GrpcServerProtocolService (GrpcServerProtocolService.java:onCompleted(113)) - f8cd3b89-0801-4612-90b3-c9aed41ad343: Completed APPEND_ENTRIES, lastRequest: ed7cd0ec-efdd-4bf8-a6ce-d1107d60787a->f8cd3b89-0801-4612-90b3-c9aed41ad343#5-t1, previous=(t:1, i:2), leaderCommit=2, initializing? false, entries: <empty>
2019-10-01 07:27:28,569 [main] INFO  impl.StateMachineUpdater (StateMachineUpdater.java:stopAndJoin(136)) - ed7cd0ec-efdd-4bf8-a6ce-d1107d60787a@group-053AE1F52D2F-StateMachineUpdater: set stopIndex = 2
2019-10-01 07:27:28,569 [grpc-default-executor-0] INFO  server.GrpcServerProtocolService (GrpcServerProtocolService.java:onCompleted(113)) - dba3f8e3-15ef-40cd-a7e3-c0dcaaff2a16: Completed APPEND_ENTRIES, lastRequest: ed7cd0ec-efdd-4bf8-a6ce-d1107d60787a->dba3f8e3-15ef-40cd-a7e3-c0dcaaff2a16#5-t1, previous=(t:1, i:2), leaderCommit=2, initializing? false, entries: <empty>
2019-10-01 07:27:28,570 [grpc-default-executor-0] INFO  server.GrpcLogAppender (GrpcLogAppender.java:onCompleted(293)) - ed7cd0ec-efdd-4bf8-a6ce-d1107d60787a@group-053AE1F52D2F->f8cd3b89-0801-4612-90b3-c9aed41ad343-AppendLogResponseHandler: follower responses appendEntries COMPLETED
2019-10-01 07:27:28,570 [grpc-default-executor-6] INFO  server.GrpcLogAppender (GrpcLogAppender.java:onCompleted(293)) - ed7cd0ec-efdd-4bf8-a6ce-d1107d60787a@group-053AE1F52D2F->dba3f8e3-15ef-40cd-a7e3-c0dcaaff2a16-AppendLogResponseHandler: follower responses appendEntries COMPLETED
2019-10-01 07:27:28,571 [grpc-default-executor-0] INFO  impl.FollowerInfo (FollowerInfo.java:lambda$new$0(51)) - ed7cd0ec-efdd-4bf8-a6ce-d1107d60787a@group-053AE1F52D2F->f8cd3b89-0801-4612-90b3-c9aed41ad343: nextIndex: updateUnconditionally 3 -> 2
2019-10-01 07:27:28,571 [grpc-default-executor-6] INFO  impl.FollowerInfo (FollowerInfo.java:lambda$new$0(51)) - ed7cd0ec-efdd-4bf8-a6ce-d1107d60787a@group-053AE1F52D2F->dba3f8e3-15ef-40cd-a7e3-c0dcaaff2a16: nextIndex: updateUnconditionally 3 -> 2
2019-10-01 07:27:28,602 [ed7cd0ec-efdd-4bf8-a6ce-d1107d60787a@group-053AE1F52D2F-StateMachineUpdater] INFO  ratis.ContainerStateMachine (ContainerStateMachine.java:takeSnapshot(300)) - group-053AE1F52D2F: Finished taking a snapshot at:(t:1, i:2) file:/workdir/hadoop-ozone/integration-test/target/test-dir/MiniOzoneClusterImpl-a3295141-d6dd-4ca2-83a3-017d6c1874d6/datanode-1/data/ratis/6377e8b4-28f5-48f1-8127-053ae1f52d2f/sm/snapshot.1_2 time:33
2019-10-01 07:27:28,603 [ed7cd0ec-efdd-4bf8-a6ce-d1107d60787a@group-053AE1F52D2F-StateMachineUpdater] INFO  impl.StateMachineUpdater (StateMachineUpdater.java:takeSnapshot(269)) - ed7cd0ec-efdd-4bf8-a6ce-d1107d60787a@group-053AE1F52D2F-StateMachineUpdater: Took a snapshot at index 2
2019-10-01 07:27:28,603 [ed7cd0ec-efdd-4bf8-a6ce-d1107d60787a@group-053AE1F52D2F-StateMachineUpdater] INFO  impl.StateMachineUpdater (StateMachineUpdater.java:lambda$new$0(84)) - ed7cd0ec-efdd-4bf8-a6ce-d1107d60787a@group-053AE1F52D2F-StateMachineUpdater: snapshotIndex: updateIncreasingly -1 -> 2
2019-10-01 07:27:28,603 [main] INFO  impl.RaftServerImpl (ServerState.java:close(387)) - ed7cd0ec-efdd-4bf8-a6ce-d1107d60787a@group-053AE1F52D2F: closes. applyIndex: 2
2019-10-01 07:27:28,604 [ed7cd0ec-efdd-4bf8-a6ce-d1107d60787a@group-053AE1F52D2F-SegmentedRaftLogWorker] INFO  segmented.SegmentedRaftLogWorker (SegmentedRaftLogWorker.java:run(316)) - ed7cd0ec-efdd-4bf8-a6ce-d1107d60787a@group-053AE1F52D2F-SegmentedRaftLogWorker was interrupted, exiting. There are 0 tasks remaining in the queue.
2019-10-01 07:27:28,609 [main] INFO  segmented.SegmentedRaftLogWorker (SegmentedRaftLogWorker.java:close(224)) - ed7cd0ec-efdd-4bf8-a6ce-d1107d60787a@group-053AE1F52D2F-SegmentedRaftLogWorker close()
2019-10-01 07:27:28,615 [main] INFO  impl.RaftServerImpl (RaftServerImpl.java:lambda$shutdown$3(247)) - ed7cd0ec-efdd-4bf8-a6ce-d1107d60787a@group-A1BF4CC92243: shutdown
2019-10-01 07:27:28,615 [main] INFO  util.JmxRegister (JmxRegister.java:unregister(73)) - Successfully un-registered JMX Bean with object name Ratis:service=RaftServer,group=group-A1BF4CC92243,id=ed7cd0ec-efdd-4bf8-a6ce-d1107d60787a
2019-10-01 07:27:28,615 [main] INFO  impl.RoleInfo (RoleInfo.java:shutdownLeaderState(104)) - ed7cd0ec-efdd-4bf8-a6ce-d1107d60787a: shutdown LeaderState
2019-10-01 07:27:28,616 [main] INFO  impl.PendingRequests (PendingRequests.java:sendNotLeaderResponses(202)) - ed7cd0ec-efdd-4bf8-a6ce-d1107d60787a@group-A1BF4CC92243-PendingRequests: sendNotLeaderResponses
2019-10-01 07:27:28,616 [main] INFO  impl.StateMachineUpdater (StateMachineUpdater.java:stopAndJoin(136)) - ed7cd0ec-efdd-4bf8-a6ce-d1107d60787a@group-A1BF4CC92243-StateMachineUpdater: set stopIndex = 0
2019-10-01 07:27:28,617 [main] INFO  impl.RaftServerImpl (ServerState.java:close(387)) - ed7cd0ec-efdd-4bf8-a6ce-d1107d60787a@group-A1BF4CC92243: closes. applyIndex: 0
2019-10-01 07:27:28,617 [ed7cd0ec-efdd-4bf8-a6ce-d1107d60787a@group-A1BF4CC92243-SegmentedRaftLogWorker] INFO  segmented.SegmentedRaftLogWorker (SegmentedRaftLogWorker.java:run(316)) - ed7cd0ec-efdd-4bf8-a6ce-d1107d60787a@group-A1BF4CC92243-SegmentedRaftLogWorker was interrupted, exiting. There are 0 tasks remaining in the queue.
2019-10-01 07:27:28,620 [main] INFO  segmented.SegmentedRaftLogWorker (SegmentedRaftLogWorker.java:close(224)) - ed7cd0ec-efdd-4bf8-a6ce-d1107d60787a@group-A1BF4CC92243-SegmentedRaftLogWorker close()
2019-10-01 07:27:28,625 [main] INFO  server.GrpcService (GrpcService.java:closeImpl(164)) - ed7cd0ec-efdd-4bf8-a6ce-d1107d60787a: shutdown server with port 36182 now
2019-10-01 07:27:28,626 [main] INFO  server.GrpcService (GrpcService.java:closeImpl(172)) - ed7cd0ec-efdd-4bf8-a6ce-d1107d60787a: shutdown server with port 36182 successfully
2019-10-01 07:27:28,632 [refreshUsed-/workdir/hadoop-ozone/integration-test/target/test-dir/MiniOzoneClusterImpl-a3295141-d6dd-4ca2-83a3-017d6c1874d6/datanode-1/data/containers] WARN  fs.CachingGetSpaceUsed (CachingGetSpaceUsed.java:run(183)) - Thread Interrupted waiting to refresh disk information: sleep interrupted
2019-10-01 07:27:28,652 [main] INFO  utils.BackgroundService (BackgroundService.java:shutdown(148)) - Shutting down service BlockDeletingService
2019-10-01 07:27:28,666 [main] INFO  statemachine.DatanodeStateMachine (DatanodeStateMachine.java:stopDaemon(395)) - Ozone container server stopped.
2019-10-01 07:27:28,668 [main] INFO  handler.ContextHandler (ContextHandler.java:doStop(910)) - Stopped o.e.j.w.WebAppContext@7e7740a5{/,null,UNAVAILABLE}{/hddsDatanode}
2019-10-01 07:27:28,668 [main] INFO  server.AbstractConnector (AbstractConnector.java:doStop(318)) - Stopped ServerConnector@7aa01bd9{HTTP/1.1,[http/1.1]}{0.0.0.0:0}
2019-10-01 07:27:28,669 [main] INFO  handler.ContextHandler (ContextHandler.java:doStop(910)) - Stopped o.e.j.s.ServletContextHandler@2a0b901c{/static,jar:file:/home/user/.m2/repository/org/apache/hadoop/hadoop-hdds-container-service/0.5.0-SNAPSHOT/hadoop-hdds-container-service-0.5.0-SNAPSHOT.jar!/webapps/static,UNAVAILABLE}
2019-10-01 07:27:28,669 [main] INFO  handler.ContextHandler (ContextHandler.java:doStop(910)) - Stopped o.e.j.s.ServletContextHandler@1fb2eec{/logs,file:///workdir/hadoop-ozone/integration-test/target/log,UNAVAILABLE}
2019-10-01 07:27:29,174 [grpc-default-executor-6] WARN  server.GrpcLogAppender (LogUtils.java:warn(134)) - be47bb61-472a-4d67-8e1a-05db22c1f3ae@group-68D55C291AF2->8451d732-4754-49d1-b6bb-2cccf437fad4-AppendLogResponseHandler: Failed appendEntries: org.apache.ratis.thirdparty.io.grpc.StatusRuntimeException: UNAVAILABLE: io exception
2019-10-01 07:27:29,174 [grpc-default-executor-7] WARN  server.GrpcLogAppender (LogUtils.java:warn(134)) - be47bb61-472a-4d67-8e1a-05db22c1f3ae@group-68D55C291AF2->a5319893-1770-436a-9567-4b3fd98b83df-AppendLogResponseHandler: Failed appendEntries: org.apache.ratis.thirdparty.io.grpc.StatusRuntimeException: UNAVAILABLE: io exception
2019-10-01 07:27:29,174 [grpc-default-executor-6] INFO  impl.FollowerInfo (FollowerInfo.java:lambda$new$0(51)) - be47bb61-472a-4d67-8e1a-05db22c1f3ae@group-68D55C291AF2->8451d732-4754-49d1-b6bb-2cccf437fad4: nextIndex: updateUnconditionally 1 -> 0
2019-10-01 07:27:29,175 [grpc-default-executor-7] INFO  impl.FollowerInfo (FollowerInfo.java:lambda$new$0(51)) - be47bb61-472a-4d67-8e1a-05db22c1f3ae@group-68D55C291AF2->a5319893-1770-436a-9567-4b3fd98b83df: nextIndex: updateUnconditionally 1 -> 0
2019-10-01 07:27:31,675 [grpc-default-executor-6] WARN  server.GrpcLogAppender (LogUtils.java:warn(134)) - be47bb61-472a-4d67-8e1a-05db22c1f3ae@group-68D55C291AF2->a5319893-1770-436a-9567-4b3fd98b83df-AppendLogResponseHandler: Failed appendEntries: org.apache.ratis.thirdparty.io.grpc.StatusRuntimeException: UNAVAILABLE: io exception
2019-10-01 07:27:31,675 [grpc-default-executor-2] WARN  server.GrpcLogAppender (LogUtils.java:warn(134)) - be47bb61-472a-4d67-8e1a-05db22c1f3ae@group-68D55C291AF2->8451d732-4754-49d1-b6bb-2cccf437fad4-AppendLogResponseHandler: Failed appendEntries: org.apache.ratis.thirdparty.io.grpc.StatusRuntimeException: UNAVAILABLE: io exception
2019-10-01 07:27:31,675 [grpc-default-executor-6] INFO  impl.FollowerInfo (FollowerInfo.java:lambda$new$0(51)) - be47bb61-472a-4d67-8e1a-05db22c1f3ae@group-68D55C291AF2->a5319893-1770-436a-9567-4b3fd98b83df: nextIndex: updateUnconditionally 0 -> 0
2019-10-01 07:27:31,675 [grpc-default-executor-2] INFO  impl.FollowerInfo (FollowerInfo.java:lambda$new$0(51)) - be47bb61-472a-4d67-8e1a-05db22c1f3ae@group-68D55C291AF2->8451d732-4754-49d1-b6bb-2cccf437fad4: nextIndex: updateUnconditionally 0 -> 0
2019-10-01 07:27:32,208 [EventQueue-StaleNodeForStaleNodeHandler] INFO  node.StaleNodeHandler (StaleNodeHandler.java:onMessage(58)) - Datanode a5319893-1770-436a-9567-4b3fd98b83df{ip: 192.168.30.18, host: pr-hdds-1984-bsjj8-3390809720, networkLocation: /default-rack, certSerialId: null} moved to stale state. Finalizing its pipelines [PipelineID=7ddf73fc-c128-479d-ba7c-68d55c291af2, PipelineID=32826e34-e921-4d68-b053-7786c98b1376]
2019-10-01 07:27:32,208 [EventQueue-StaleNodeForStaleNodeHandler] INFO  pipeline.SCMPipelineManager (SCMPipelineManager.java:finalizeAndDestroyPipeline(315)) - destroying pipeline:Pipeline[ Id: 7ddf73fc-c128-479d-ba7c-68d55c291af2, Nodes: 8451d732-4754-49d1-b6bb-2cccf437fad4{ip: 192.168.30.18, host: pr-hdds-1984-bsjj8-3390809720, networkLocation: /default-rack, certSerialId: null}a5319893-1770-436a-9567-4b3fd98b83df{ip: 192.168.30.18, host: pr-hdds-1984-bsjj8-3390809720, networkLocation: /default-rack, certSerialId: null}be47bb61-472a-4d67-8e1a-05db22c1f3ae{ip: 192.168.30.18, host: pr-hdds-1984-bsjj8-3390809720, networkLocation: /default-rack, certSerialId: null}, Type:RATIS, Factor:THREE, State:CLOSED]
2019-10-01 07:27:32,208 [EventQueue-StaleNodeForStaleNodeHandler] INFO  pipeline.SCMPipelineManager (SCMPipelineManager.java:finalizeAndDestroyPipeline(315)) - destroying pipeline:Pipeline[ Id: 32826e34-e921-4d68-b053-7786c98b1376, Nodes: a5319893-1770-436a-9567-4b3fd98b83df{ip: 192.168.30.18, host: pr-hdds-1984-bsjj8-3390809720, networkLocation: /default-rack, certSerialId: null}, Type:RATIS, Factor:ONE, State:OPEN]
2019-10-01 07:27:32,209 [EventQueue-StaleNodeForStaleNodeHandler] INFO  pipeline.PipelineStateManager (PipelineStateManager.java:finalizePipeline(123)) - Pipeline Pipeline[ Id: 32826e34-e921-4d68-b053-7786c98b1376, Nodes: a5319893-1770-436a-9567-4b3fd98b83df{ip: 192.168.30.18, host: pr-hdds-1984-bsjj8-3390809720, networkLocation: /default-rack, certSerialId: null}, Type:RATIS, Factor:ONE, State:CLOSED] moved to CLOSED state
2019-10-01 07:27:33,562 [Thread-2465] INFO  client.GrpcClientProtocolService (GrpcClientProtocolService.java:lambda$processClientRequest$0(278)) - Failed RaftClientRequest:client-7E46BC217ECE->be47bb61-472a-4d67-8e1a-05db22c1f3ae@group-68D55C291AF2, cid=68, seq=0, Watch-MAJORITY_COMMITTED(31), Message:<EMPTY>, reply=RaftClientReply:client-7E46BC217ECE->be47bb61-472a-4d67-8e1a-05db22c1f3ae@group-68D55C291AF2, cid=68, FAILED org.apache.ratis.protocol.NotReplicatedException: Request with call Id 68 and log index 31 is not yet replicated to MAJORITY_COMMITTED, logIndex=31, commits[be47bb61-472a-4d67-8e1a-05db22c1f3ae:c2, a5319893-1770-436a-9567-4b3fd98b83df:c2, 8451d732-4754-49d1-b6bb-2cccf437fad4:c2]
2019-10-01 07:27:34,175 [grpc-default-executor-0] WARN  server.GrpcLogAppender (LogUtils.java:warn(134)) - be47bb61-472a-4d67-8e1a-05db22c1f3ae@group-68D55C291AF2->a5319893-1770-436a-9567-4b3fd98b83df-AppendLogResponseHandler: Failed appendEntries: org.apache.ratis.thirdparty.io.grpc.StatusRuntimeException: UNAVAILABLE: io exception
2019-10-01 07:27:34,175 [grpc-default-executor-8] WARN  server.GrpcLogAppender (LogUtils.java:warn(134)) - be47bb61-472a-4d67-8e1a-05db22c1f3ae@group-68D55C291AF2->8451d732-4754-49d1-b6bb-2cccf437fad4-AppendLogResponseHandler: Failed appendEntries: org.apache.ratis.thirdparty.io.grpc.StatusRuntimeException: UNAVAILABLE: io exception
2019-10-01 07:27:34,181 [grpc-default-executor-0] INFO  impl.FollowerInfo (FollowerInfo.java:lambda$new$0(51)) - be47bb61-472a-4d67-8e1a-05db22c1f3ae@group-68D55C291AF2->a5319893-1770-436a-9567-4b3fd98b83df: nextIndex: updateUnconditionally 0 -> 0
2019-10-01 07:27:34,181 [grpc-default-executor-8] INFO  impl.FollowerInfo (FollowerInfo.java:lambda$new$0(51)) - be47bb61-472a-4d67-8e1a-05db22c1f3ae@group-68D55C291AF2->8451d732-4754-49d1-b6bb-2cccf437fad4: nextIndex: updateUnconditionally 0 -> 0
2019-10-01 07:27:36,676 [grpc-default-executor-7] WARN  server.GrpcLogAppender (LogUtils.java:warn(134)) - be47bb61-472a-4d67-8e1a-05db22c1f3ae@group-68D55C291AF2->8451d732-4754-49d1-b6bb-2cccf437fad4-AppendLogResponseHandler: Failed appendEntries: org.apache.ratis.thirdparty.io.grpc.StatusRuntimeException: UNAVAILABLE: io exception
2019-10-01 07:27:36,676 [grpc-default-executor-6] WARN  server.GrpcLogAppender (LogUtils.java:warn(134)) - be47bb61-472a-4d67-8e1a-05db22c1f3ae@group-68D55C291AF2->a5319893-1770-436a-9567-4b3fd98b83df-AppendLogResponseHandler: Failed appendEntries: org.apache.ratis.thirdparty.io.grpc.StatusRuntimeException: UNAVAILABLE: io exception
2019-10-01 07:27:36,676 [grpc-default-executor-7] INFO  impl.FollowerInfo (FollowerInfo.java:lambda$new$0(51)) - be47bb61-472a-4d67-8e1a-05db22c1f3ae@group-68D55C291AF2->8451d732-4754-49d1-b6bb-2cccf437fad4: nextIndex: updateUnconditionally 0 -> 0
2019-10-01 07:27:36,677 [grpc-default-executor-6] INFO  impl.FollowerInfo (FollowerInfo.java:lambda$new$0(51)) - be47bb61-472a-4d67-8e1a-05db22c1f3ae@group-68D55C291AF2->a5319893-1770-436a-9567-4b3fd98b83df: nextIndex: updateUnconditionally 0 -> 0
2019-10-01 07:27:38,442 [Thread-2393] INFO  impl.FollowerState (FollowerState.java:run(108)) - dba3f8e3-15ef-40cd-a7e3-c0dcaaff2a16@group-053AE1F52D2F-FollowerState: change to CANDIDATE, lastRpcTime:10073ms, electionTimeout:5149ms
2019-10-01 07:27:38,444 [Thread-2393] INFO  impl.RoleInfo (RoleInfo.java:shutdownFollowerState(121)) - dba3f8e3-15ef-40cd-a7e3-c0dcaaff2a16: shutdown FollowerState
2019-10-01 07:27:38,444 [Thread-2393] INFO  impl.RaftServerImpl (RaftServerImpl.java:setRole(170)) - dba3f8e3-15ef-40cd-a7e3-c0dcaaff2a16@group-053AE1F52D2F: changes role from  FOLLOWER to CANDIDATE at term 1 for changeToCandidate
2019-10-01 07:27:38,444 [Thread-2393] INFO  impl.RoleInfo (RoleInfo.java:updateAndGet(143)) - dba3f8e3-15ef-40cd-a7e3-c0dcaaff2a16: start LeaderElection
2019-10-01 07:27:38,452 [dba3f8e3-15ef-40cd-a7e3-c0dcaaff2a16@group-053AE1F52D2F-LeaderElection61] INFO  impl.RaftServerImpl (ServerState.java:setLeader(255)) - dba3f8e3-15ef-40cd-a7e3-c0dcaaff2a16@group-053AE1F52D2F: change Leader from ed7cd0ec-efdd-4bf8-a6ce-d1107d60787a to null at term 1 for initElection
2019-10-01 07:27:38,478 [dba3f8e3-15ef-40cd-a7e3-c0dcaaff2a16@group-053AE1F52D2F-LeaderElection61] INFO  impl.LeaderElection (LeaderElection.java:askForVotes(178)) - dba3f8e3-15ef-40cd-a7e3-c0dcaaff2a16@group-053AE1F52D2F-LeaderElection61: begin an election at term 2 for 0: [dba3f8e3-15ef-40cd-a7e3-c0dcaaff2a16:192.168.30.18:44845, ed7cd0ec-efdd-4bf8-a6ce-d1107d60787a:192.168.30.18:36182, f8cd3b89-0801-4612-90b3-c9aed41ad343:192.168.30.18:37465], old=null
2019-10-01 07:27:38,484 [dba3f8e3-15ef-40cd-a7e3-c0dcaaff2a16@group-053AE1F52D2F-LeaderElection61] INFO  impl.LeaderElection (LogUtils.java:infoOrTrace(149)) - dba3f8e3-15ef-40cd-a7e3-c0dcaaff2a16@group-053AE1F52D2F-LeaderElection61 got exception when requesting votes: {}
java.util.concurrent.ExecutionException: org.apache.ratis.thirdparty.io.grpc.StatusRuntimeException: UNAVAILABLE: io exception
	at java.util.concurrent.FutureTask.report(FutureTask.java:122)
	at java.util.concurrent.FutureTask.get(FutureTask.java:192)
	at org.apache.ratis.server.impl.LeaderElection.waitForResults(LeaderElection.java:259)
	at org.apache.ratis.server.impl.LeaderElection.askForVotes(LeaderElection.java:197)
	at org.apache.ratis.server.impl.LeaderElection.run(LeaderElection.java:133)
	at java.lang.Thread.run(Thread.java:748)
Caused by: org.apache.ratis.thirdparty.io.grpc.StatusRuntimeException: UNAVAILABLE: io exception
	at org.apache.ratis.thirdparty.io.grpc.stub.ClientCalls.toStatusRuntimeException(ClientCalls.java:233)
	at org.apache.ratis.thirdparty.io.grpc.stub.ClientCalls.getUnchecked(ClientCalls.java:214)
	at org.apache.ratis.thirdparty.io.grpc.stub.ClientCalls.blockingUnaryCall(ClientCalls.java:139)
	at org.apache.ratis.proto.grpc.RaftServerProtocolServiceGrpc$RaftServerProtocolServiceBlockingStub.requestVote(RaftServerProtocolServiceGrpc.java:265)
	at org.apache.ratis.grpc.server.GrpcServerProtocolClient.requestVote(GrpcServerProtocolClient.java:99)
	at org.apache.ratis.grpc.server.GrpcService.requestVote(GrpcService.java:204)
	at org.apache.ratis.server.impl.LeaderElection.lambda$submitRequests$1(LeaderElection.java:234)
	at java.util.concurrent.FutureTask.run(FutureTask.java:266)
	at java.util.concurrent.Executors$RunnableAdapter.call(Executors.java:511)
	at java.util.concurrent.FutureTask.run(FutureTask.java:266)
	at java.util.concurrent.ThreadPoolExecutor.runWorker(ThreadPoolExecutor.java:1149)
	at java.util.concurrent.ThreadPoolExecutor$Worker.run(ThreadPoolExecutor.java:624)
	... 1 more
Caused by: org.apache.ratis.thirdparty.io.netty.channel.AbstractChannel$AnnotatedConnectException: Connection refused: /192.168.30.18:36182
	at sun.nio.ch.SocketChannelImpl.checkConnect(Native Method)
	at sun.nio.ch.SocketChannelImpl.finishConnect(SocketChannelImpl.java:717)
	at org.apache.ratis.thirdparty.io.netty.channel.socket.nio.NioSocketChannel.doFinishConnect(NioSocketChannel.java:327)
	at org.apache.ratis.thirdparty.io.netty.channel.nio.AbstractNioChannel$AbstractNioUnsafe.finishConnect(AbstractNioChannel.java:340)
	at org.apache.ratis.thirdparty.io.netty.channel.nio.NioEventLoop.processSelectedKey(NioEventLoop.java:632)
	at org.apache.ratis.thirdparty.io.netty.channel.nio.NioEventLoop.processSelectedKeysOptimized(NioEventLoop.java:579)
	at org.apache.ratis.thirdparty.io.netty.channel.nio.NioEventLoop.processSelectedKeys(NioEventLoop.java:496)
	at org.apache.ratis.thirdparty.io.netty.channel.nio.NioEventLoop.run(NioEventLoop.java:458)
	at org.apache.ratis.thirdparty.io.netty.util.concurrent.SingleThreadEventExecutor$5.run(SingleThreadEventExecutor.java:897)
	at org.apache.ratis.thirdparty.io.netty.util.concurrent.FastThreadLocalRunnable.run(FastThreadLocalRunnable.java:30)
	... 1 more
Caused by: java.net.ConnectException: Connection refused
	... 11 more
2019-10-01 07:27:38,491 [grpc-default-executor-8] INFO  impl.RaftServerImpl (ServerState.java:setLeader(255)) - f8cd3b89-0801-4612-90b3-c9aed41ad343@group-053AE1F52D2F: change Leader from ed7cd0ec-efdd-4bf8-a6ce-d1107d60787a to null at term 2 for updateCurrentTerm
2019-10-01 07:27:38,491 [grpc-default-executor-8] INFO  impl.RaftServerImpl (RaftServerImpl.java:setRole(170)) - f8cd3b89-0801-4612-90b3-c9aed41ad343@group-053AE1F52D2F: changes role from  FOLLOWER to FOLLOWER at term 2 for recognizeCandidate:dba3f8e3-15ef-40cd-a7e3-c0dcaaff2a16
2019-10-01 07:27:38,491 [grpc-default-executor-8] INFO  impl.RoleInfo (RoleInfo.java:shutdownFollowerState(121)) - f8cd3b89-0801-4612-90b3-c9aed41ad343: shutdown FollowerState
2019-10-01 07:27:38,492 [grpc-default-executor-8] INFO  impl.RoleInfo (RoleInfo.java:updateAndGet(143)) - f8cd3b89-0801-4612-90b3-c9aed41ad343: start FollowerState
2019-10-01 07:27:38,492 [Thread-2392] INFO  impl.FollowerState (FollowerState.java:run(117)) - f8cd3b89-0801-4612-90b3-c9aed41ad343@group-053AE1F52D2F-FollowerState was interrupted: java.lang.InterruptedException: sleep interrupted
2019-10-01 07:27:38,523 [dba3f8e3-15ef-40cd-a7e3-c0dcaaff2a16@group-053AE1F52D2F-LeaderElection61] INFO  impl.LeaderElection (LeaderElection.java:logAndReturn(56)) - dba3f8e3-15ef-40cd-a7e3-c0dcaaff2a16@group-053AE1F52D2F-LeaderElection61: Election PASSED; received 1 response(s) [dba3f8e3-15ef-40cd-a7e3-c0dcaaff2a16<-f8cd3b89-0801-4612-90b3-c9aed41ad343#0:OK-t2] and 1 exception(s); dba3f8e3-15ef-40cd-a7e3-c0dcaaff2a16@group-053AE1F52D2F:t2, leader=null, voted=dba3f8e3-15ef-40cd-a7e3-c0dcaaff2a16, raftlog=dba3f8e3-15ef-40cd-a7e3-c0dcaaff2a16@group-053AE1F52D2F-SegmentedRaftLog:OPENED:c2,f2,i2, conf=0: [dba3f8e3-15ef-40cd-a7e3-c0dcaaff2a16:192.168.30.18:44845, ed7cd0ec-efdd-4bf8-a6ce-d1107d60787a:192.168.30.18:36182, f8cd3b89-0801-4612-90b3-c9aed41ad343:192.168.30.18:37465], old=null
2019-10-01 07:27:38,523 [dba3f8e3-15ef-40cd-a7e3-c0dcaaff2a16@group-053AE1F52D2F-LeaderElection61] INFO  impl.LeaderElection (LogUtils.java:infoOrTrace(149)) -   Exception 0: {}
java.util.concurrent.ExecutionException: org.apache.ratis.thirdparty.io.grpc.StatusRuntimeException: UNAVAILABLE: io exception
	at java.util.concurrent.FutureTask.report(FutureTask.java:122)
	at java.util.concurrent.FutureTask.get(FutureTask.java:192)
	at org.apache.ratis.server.impl.LeaderElection.waitForResults(LeaderElection.java:259)
	at org.apache.ratis.server.impl.LeaderElection.askForVotes(LeaderElection.java:197)
	at org.apache.ratis.server.impl.LeaderElection.run(LeaderElection.java:133)
	at java.lang.Thread.run(Thread.java:748)
Caused by: org.apache.ratis.thirdparty.io.grpc.StatusRuntimeException: UNAVAILABLE: io exception
	at org.apache.ratis.thirdparty.io.grpc.stub.ClientCalls.toStatusRuntimeException(ClientCalls.java:233)
	at org.apache.ratis.thirdparty.io.grpc.stub.ClientCalls.getUnchecked(ClientCalls.java:214)
	at org.apache.ratis.thirdparty.io.grpc.stub.ClientCalls.blockingUnaryCall(ClientCalls.java:139)
	at org.apache.ratis.proto.grpc.RaftServerProtocolServiceGrpc$RaftServerProtocolServiceBlockingStub.requestVote(RaftServerProtocolServiceGrpc.java:265)
	at org.apache.ratis.grpc.server.GrpcServerProtocolClient.requestVote(GrpcServerProtocolClient.java:99)
	at org.apache.ratis.grpc.server.GrpcService.requestVote(GrpcService.java:204)
	at org.apache.ratis.server.impl.LeaderElection.lambda$submitRequests$1(LeaderElection.java:234)
	at java.util.concurrent.FutureTask.run(FutureTask.java:266)
	at java.util.concurrent.Executors$RunnableAdapter.call(Executors.java:511)
	at java.util.concurrent.FutureTask.run(FutureTask.java:266)
	at java.util.concurrent.ThreadPoolExecutor.runWorker(ThreadPoolExecutor.java:1149)
	at java.util.concurrent.ThreadPoolExecutor$Worker.run(ThreadPoolExecutor.java:624)
	... 1 more
Caused by: org.apache.ratis.thirdparty.io.netty.channel.AbstractChannel$AnnotatedConnectException: Connection refused: /192.168.30.18:36182
	at sun.nio.ch.SocketChannelImpl.checkConnect(Native Method)
	at sun.nio.ch.SocketChannelImpl.finishConnect(SocketChannelImpl.java:717)
	at org.apache.ratis.thirdparty.io.netty.channel.socket.nio.NioSocketChannel.doFinishConnect(NioSocketChannel.java:327)
	at org.apache.ratis.thirdparty.io.netty.channel.nio.AbstractNioChannel$AbstractNioUnsafe.finishConnect(AbstractNioChannel.java:340)
	at org.apache.ratis.thirdparty.io.netty.channel.nio.NioEventLoop.processSelectedKey(NioEventLoop.java:632)
	at org.apache.ratis.thirdparty.io.netty.channel.nio.NioEventLoop.processSelectedKeysOptimized(NioEventLoop.java:579)
	at org.apache.ratis.thirdparty.io.netty.channel.nio.NioEventLoop.processSelectedKeys(NioEventLoop.java:496)
	at org.apache.ratis.thirdparty.io.netty.channel.nio.NioEventLoop.run(NioEventLoop.java:458)
	at org.apache.ratis.thirdparty.io.netty.util.concurrent.SingleThreadEventExecutor$5.run(SingleThreadEventExecutor.java:897)
	at org.apache.ratis.thirdparty.io.netty.util.concurrent.FastThreadLocalRunnable.run(FastThreadLocalRunnable.java:30)
	... 1 more
Caused by: java.net.ConnectException: Connection refused
	... 11 more
2019-10-01 07:27:38,523 [dba3f8e3-15ef-40cd-a7e3-c0dcaaff2a16@group-053AE1F52D2F-LeaderElection61] INFO  impl.RoleInfo (RoleInfo.java:shutdownLeaderElection(134)) - dba3f8e3-15ef-40cd-a7e3-c0dcaaff2a16: shutdown LeaderElection
2019-10-01 07:27:38,524 [dba3f8e3-15ef-40cd-a7e3-c0dcaaff2a16@group-053AE1F52D2F-LeaderElection61] INFO  impl.RaftServerImpl (RaftServerImpl.java:setRole(170)) - dba3f8e3-15ef-40cd-a7e3-c0dcaaff2a16@group-053AE1F52D2F: changes role from CANDIDATE to LEADER at term 2 for changeToLeader
2019-10-01 07:27:38,524 [dba3f8e3-15ef-40cd-a7e3-c0dcaaff2a16@group-053AE1F52D2F-LeaderElection61] INFO  impl.RaftServerImpl (ServerState.java:setLeader(255)) - dba3f8e3-15ef-40cd-a7e3-c0dcaaff2a16@group-053AE1F52D2F: change Leader from null to dba3f8e3-15ef-40cd-a7e3-c0dcaaff2a16 at term 2 for becomeLeader, leader elected after 72ms
2019-10-01 07:27:38,524 [dba3f8e3-15ef-40cd-a7e3-c0dcaaff2a16@group-053AE1F52D2F-LeaderElection61] INFO  server.RaftServerConfigKeys (ConfUtils.java:logGet(43)) - raft.server.staging.catchup.gap = 1000 (default)
2019-10-01 07:27:38,525 [dba3f8e3-15ef-40cd-a7e3-c0dcaaff2a16@group-053AE1F52D2F-LeaderElection61] INFO  server.RaftServerConfigKeys (ConfUtils.java:logGet(43)) - raft.server.rpc.sleep.time = 25ms (default)
2019-10-01 07:27:38,525 [dba3f8e3-15ef-40cd-a7e3-c0dcaaff2a16@group-053AE1F52D2F-LeaderElection61] INFO  server.RaftServerConfigKeys (ConfUtils.java:logGet(43)) - raft.server.write.element-limit = 4096 (default)
2019-10-01 07:27:38,525 [dba3f8e3-15ef-40cd-a7e3-c0dcaaff2a16@group-053AE1F52D2F-LeaderElection61] INFO  server.RaftServerConfigKeys (ConfUtils.java:logGet(43)) - raft.server.watch.timeout = 10s (default)
2019-10-01 07:27:38,525 [dba3f8e3-15ef-40cd-a7e3-c0dcaaff2a16@group-053AE1F52D2F-LeaderElection61] INFO  server.RaftServerConfigKeys (ConfUtils.java:logGet(43)) - raft.server.watch.timeout.denomination = 1s (default)
2019-10-01 07:27:38,526 [dba3f8e3-15ef-40cd-a7e3-c0dcaaff2a16@group-053AE1F52D2F-LeaderElection61] INFO  server.RaftServerConfigKeys (ConfUtils.java:logGet(43)) - raft.server.watch.element-limit = 65536 (default)
2019-10-01 07:27:38,529 [dba3f8e3-15ef-40cd-a7e3-c0dcaaff2a16@group-053AE1F52D2F-LeaderElection61] INFO  server.RaftServerConfigKeys (ConfUtils.java:logGet(43)) - raft.server.log.appender.snapshot.chunk.size.max = 16MB (=16777216) (default)
2019-10-01 07:27:38,530 [dba3f8e3-15ef-40cd-a7e3-c0dcaaff2a16@group-053AE1F52D2F-LeaderElection61] INFO  server.RaftServerConfigKeys (ConfUtils.java:logGet(43)) - raft.server.log.appender.buffer.byte-limit = 33554432 (custom)
2019-10-01 07:27:38,530 [dba3f8e3-15ef-40cd-a7e3-c0dcaaff2a16@group-053AE1F52D2F-LeaderElection61] INFO  server.RaftServerConfigKeys (ConfUtils.java:logGet(43)) - raft.server.log.appender.buffer.element-limit = 1 (custom)
2019-10-01 07:27:38,530 [dba3f8e3-15ef-40cd-a7e3-c0dcaaff2a16@group-053AE1F52D2F-LeaderElection61] INFO  grpc.GrpcConfigKeys$Server (ConfUtils.java:logGet(43)) - raft.grpc.server.leader.outstanding.appends.max = 128 (default)
2019-10-01 07:27:38,531 [dba3f8e3-15ef-40cd-a7e3-c0dcaaff2a16@group-053AE1F52D2F-LeaderElection61] INFO  server.RaftServerConfigKeys (ConfUtils.java:logGet(43)) - raft.server.rpc.request.timeout = 3000ms (default)
2019-10-01 07:27:38,531 [dba3f8e3-15ef-40cd-a7e3-c0dcaaff2a16@group-053AE1F52D2F-LeaderElection61] INFO  server.RaftServerConfigKeys (ConfUtils.java:logGet(43)) - raft.server.log.appender.install.snapshot.enabled = false (custom)
2019-10-01 07:27:38,531 [dba3f8e3-15ef-40cd-a7e3-c0dcaaff2a16@group-053AE1F52D2F-LeaderElection61] INFO  server.RaftServerConfigKeys (ConfUtils.java:logGet(43)) - raft.server.log.appender.snapshot.chunk.size.max = 16MB (=16777216) (default)
2019-10-01 07:27:38,531 [dba3f8e3-15ef-40cd-a7e3-c0dcaaff2a16@group-053AE1F52D2F-LeaderElection61] INFO  server.RaftServerConfigKeys (ConfUtils.java:logGet(43)) - raft.server.log.appender.buffer.byte-limit = 33554432 (custom)
2019-10-01 07:27:38,532 [dba3f8e3-15ef-40cd-a7e3-c0dcaaff2a16@group-053AE1F52D2F-LeaderElection61] INFO  server.RaftServerConfigKeys (ConfUtils.java:logGet(43)) - raft.server.log.appender.buffer.element-limit = 1 (custom)
2019-10-01 07:27:38,532 [dba3f8e3-15ef-40cd-a7e3-c0dcaaff2a16@group-053AE1F52D2F-LeaderElection61] INFO  grpc.GrpcConfigKeys$Server (ConfUtils.java:logGet(43)) - raft.grpc.server.leader.outstanding.appends.max = 128 (default)
2019-10-01 07:27:38,532 [dba3f8e3-15ef-40cd-a7e3-c0dcaaff2a16@group-053AE1F52D2F-LeaderElection61] INFO  server.RaftServerConfigKeys (ConfUtils.java:logGet(43)) - raft.server.rpc.request.timeout = 3000ms (default)
2019-10-01 07:27:38,532 [dba3f8e3-15ef-40cd-a7e3-c0dcaaff2a16@group-053AE1F52D2F-LeaderElection61] INFO  server.RaftServerConfigKeys (ConfUtils.java:logGet(43)) - raft.server.log.appender.install.snapshot.enabled = false (custom)
2019-10-01 07:27:38,532 [dba3f8e3-15ef-40cd-a7e3-c0dcaaff2a16@group-053AE1F52D2F-LeaderElection61] INFO  impl.RoleInfo (RoleInfo.java:updateAndGet(143)) - dba3f8e3-15ef-40cd-a7e3-c0dcaaff2a16: start LeaderState
2019-10-01 07:27:38,533 [dba3f8e3-15ef-40cd-a7e3-c0dcaaff2a16@group-053AE1F52D2F-LeaderElection61] INFO  segmented.SegmentedRaftLogWorker (SegmentedRaftLogWorker.java:rollLogSegment(390)) - dba3f8e3-15ef-40cd-a7e3-c0dcaaff2a16@group-053AE1F52D2F-SegmentedRaftLogWorker: Rolling segment log-0_2 to index:2
2019-10-01 07:27:38,534 [dba3f8e3-15ef-40cd-a7e3-c0dcaaff2a16@group-053AE1F52D2F-LeaderElection61] INFO  impl.RaftServerImpl (ServerState.java:setRaftConf(356)) - dba3f8e3-15ef-40cd-a7e3-c0dcaaff2a16@group-053AE1F52D2F: set configuration 3: [dba3f8e3-15ef-40cd-a7e3-c0dcaaff2a16:192.168.30.18:44845, ed7cd0ec-efdd-4bf8-a6ce-d1107d60787a:192.168.30.18:36182, f8cd3b89-0801-4612-90b3-c9aed41ad343:192.168.30.18:37465], old=null at 3
2019-10-01 07:27:38,535 [grpc-default-executor-8] WARN  server.GrpcLogAppender (LogUtils.java:warn(134)) - dba3f8e3-15ef-40cd-a7e3-c0dcaaff2a16@group-053AE1F52D2F->ed7cd0ec-efdd-4bf8-a6ce-d1107d60787a-AppendLogResponseHandler: Failed appendEntries: org.apache.ratis.thirdparty.io.grpc.StatusRuntimeException: UNAVAILABLE: io exception
2019-10-01 07:27:38,544 [grpc-default-executor-8] INFO  impl.FollowerInfo (FollowerInfo.java:lambda$new$0(51)) - dba3f8e3-15ef-40cd-a7e3-c0dcaaff2a16@group-053AE1F52D2F->ed7cd0ec-efdd-4bf8-a6ce-d1107d60787a: nextIndex: updateUnconditionally 3 -> 1
2019-10-01 07:27:38,545 [dba3f8e3-15ef-40cd-a7e3-c0dcaaff2a16@group-053AE1F52D2F-SegmentedRaftLogWorker] INFO  segmented.SegmentedRaftLogWorker (SegmentedRaftLogWorker.java:execute(531)) - dba3f8e3-15ef-40cd-a7e3-c0dcaaff2a16@group-053AE1F52D2F-SegmentedRaftLogWorker: Rolled log segment from /workdir/hadoop-ozone/integration-test/target/test-dir/MiniOzoneClusterImpl-a3295141-d6dd-4ca2-83a3-017d6c1874d6/datanode-2/data/ratis/6377e8b4-28f5-48f1-8127-053ae1f52d2f/current/log_inprogress_0 to /workdir/hadoop-ozone/integration-test/target/test-dir/MiniOzoneClusterImpl-a3295141-d6dd-4ca2-83a3-017d6c1874d6/datanode-2/data/ratis/6377e8b4-28f5-48f1-8127-053ae1f52d2f/current/log_0-2
2019-10-01 07:27:38,545 [grpc-default-executor-6] INFO  impl.RaftServerImpl (ServerState.java:setLeader(255)) - f8cd3b89-0801-4612-90b3-c9aed41ad343@group-053AE1F52D2F: change Leader from null to dba3f8e3-15ef-40cd-a7e3-c0dcaaff2a16 at term 2 for appendEntries, leader elected after 53ms
2019-10-01 07:27:38,547 [grpc-default-executor-6] INFO  impl.RaftServerImpl (ServerState.java:setRaftConf(356)) - f8cd3b89-0801-4612-90b3-c9aed41ad343@group-053AE1F52D2F: set configuration 3: [dba3f8e3-15ef-40cd-a7e3-c0dcaaff2a16:192.168.30.18:44845, ed7cd0ec-efdd-4bf8-a6ce-d1107d60787a:192.168.30.18:36182, f8cd3b89-0801-4612-90b3-c9aed41ad343:192.168.30.18:37465], old=null at 3
2019-10-01 07:27:38,548 [grpc-default-executor-6] INFO  segmented.SegmentedRaftLogWorker (SegmentedRaftLogWorker.java:rollLogSegment(390)) - f8cd3b89-0801-4612-90b3-c9aed41ad343@group-053AE1F52D2F-SegmentedRaftLogWorker: Rolling segment log-0_2 to index:2
2019-10-01 07:27:38,549 [f8cd3b89-0801-4612-90b3-c9aed41ad343@group-053AE1F52D2F-SegmentedRaftLogWorker] INFO  segmented.SegmentedRaftLogWorker (SegmentedRaftLogWorker.java:execute(531)) - f8cd3b89-0801-4612-90b3-c9aed41ad343@group-053AE1F52D2F-SegmentedRaftLogWorker: Rolled log segment from /workdir/hadoop-ozone/integration-test/target/test-dir/MiniOzoneClusterImpl-a3295141-d6dd-4ca2-83a3-017d6c1874d6/datanode-0/data/ratis/6377e8b4-28f5-48f1-8127-053ae1f52d2f/current/log_inprogress_0 to /workdir/hadoop-ozone/integration-test/target/test-dir/MiniOzoneClusterImpl-a3295141-d6dd-4ca2-83a3-017d6c1874d6/datanode-0/data/ratis/6377e8b4-28f5-48f1-8127-053ae1f52d2f/current/log_0-2
2019-10-01 07:27:38,606 [dba3f8e3-15ef-40cd-a7e3-c0dcaaff2a16@group-053AE1F52D2F-SegmentedRaftLogWorker] INFO  segmented.SegmentedRaftLogWorker (SegmentedRaftLogWorker.java:execute(574)) - dba3f8e3-15ef-40cd-a7e3-c0dcaaff2a16@group-053AE1F52D2F-SegmentedRaftLogWorker: created new log segment /workdir/hadoop-ozone/integration-test/target/test-dir/MiniOzoneClusterImpl-a3295141-d6dd-4ca2-83a3-017d6c1874d6/datanode-2/data/ratis/6377e8b4-28f5-48f1-8127-053ae1f52d2f/current/log_inprogress_3
2019-10-01 07:27:38,629 [f8cd3b89-0801-4612-90b3-c9aed41ad343@group-053AE1F52D2F-SegmentedRaftLogWorker] INFO  segmented.SegmentedRaftLogWorker (SegmentedRaftLogWorker.java:execute(574)) - f8cd3b89-0801-4612-90b3-c9aed41ad343@group-053AE1F52D2F-SegmentedRaftLogWorker: created new log segment /workdir/hadoop-ozone/integration-test/target/test-dir/MiniOzoneClusterImpl-a3295141-d6dd-4ca2-83a3-017d6c1874d6/datanode-0/data/ratis/6377e8b4-28f5-48f1-8127-053ae1f52d2f/current/log_inprogress_3
2019-10-01 07:27:38,652 [grpc-default-executor-7] WARN  server.GrpcLogAppender (LogUtils.java:warn(134)) - dba3f8e3-15ef-40cd-a7e3-c0dcaaff2a16@group-053AE1F52D2F->ed7cd0ec-efdd-4bf8-a6ce-d1107d60787a-AppendLogResponseHandler: Failed appendEntries: org.apache.ratis.thirdparty.io.grpc.StatusRuntimeException: UNAVAILABLE: io exception
2019-10-01 07:27:38,652 [grpc-default-executor-7] INFO  impl.FollowerInfo (FollowerInfo.java:lambda$new$0(51)) - dba3f8e3-15ef-40cd-a7e3-c0dcaaff2a16@group-053AE1F52D2F->ed7cd0ec-efdd-4bf8-a6ce-d1107d60787a: nextIndex: updateUnconditionally 2 -> 1
2019-10-01 07:27:38,668 [grpc-default-executor-6] WARN  server.GrpcLogAppender (LogUtils.java:warn(134)) - dba3f8e3-15ef-40cd-a7e3-c0dcaaff2a16@group-053AE1F52D2F->ed7cd0ec-efdd-4bf8-a6ce-d1107d60787a-AppendLogResponseHandler: Failed appendEntries: org.apache.ratis.thirdparty.io.grpc.StatusRuntimeException: UNAVAILABLE: io exception
2019-10-01 07:27:38,668 [grpc-default-executor-6] INFO  impl.FollowerInfo (FollowerInfo.java:lambda$new$0(51)) - dba3f8e3-15ef-40cd-a7e3-c0dcaaff2a16@group-053AE1F52D2F->ed7cd0ec-efdd-4bf8-a6ce-d1107d60787a: nextIndex: updateUnconditionally 2 -> 1
]]></system-out>
  </testcase>
</testsuite>