<?xml version="1.0" encoding="UTF-8"?>
<testsuite xmlns:xsi="http://www.w3.org/2001/XMLSchema-instance" xsi:noNamespaceSchemaLocation="https://maven.apache.org/surefire/maven-surefire-plugin/xsd/surefire-test-report.xsd" name="org.apache.hadoop.ozone.client.rpc.TestBlockOutputStreamWithFailures" time="768.519" tests="8" errors="0" skipped="0" failures="1">
  <properties>
    <property name="awt.toolkit" value="sun.awt.X11.XToolkit"/>
    <property name="file.encoding.pkg" value="sun.io"/>
    <property name="java.specification.version" value="1.8"/>
    <property name="sun.cpu.isalist" value=""/>
    <property name="sun.jnu.encoding" value="UTF-8"/>
    <property name="java.class.path" value="/workdir/hadoop-ozone/integration-test/target/test-classes:/workdir/hadoop-ozone/integration-test/target/classes:/home/user/.m2/repository/org/apache/hadoop/hadoop-ozone-common/0.5.0-SNAPSHOT/hadoop-ozone-common-0.5.0-SNAPSHOT.jar:/home/user/.m2/repository/org/apache/commons/commons-compress/1.4.1/commons-compress-1.4.1.jar:/home/user/.m2/repository/org/tukaani/xz/1.0/xz-1.0.jar:/home/user/.m2/repository/org/apache/hadoop/hadoop-common/3.2.0/hadoop-common-3.2.0.jar:/home/user/.m2/repository/org/apache/hadoop/hadoop-hdfs/3.2.0/hadoop-hdfs-3.2.0.jar:/home/user/.m2/repository/org/apache/hadoop/hadoop-hdfs-client/3.2.0/hadoop-hdfs-client-3.2.0.jar:/home/user/.m2/repository/com/fasterxml/jackson/core/jackson-annotations/2.9.9/jackson-annotations-2.9.9.jar:/home/user/.m2/repository/org/apache/hadoop/hadoop-hdds-common/0.5.0-SNAPSHOT/hadoop-hdds-common-0.5.0-SNAPSHOT.jar:/home/user/.m2/repository/javax/annotation/javax.annotation-api/1.2/javax.annotation-api-1.2.jar:/home/user/.m2/repository/org/apache/ratis/ratis-server/0.5.0-201fc85-SNAPSHOT/ratis-server-0.5.0-201fc85-SNAPSHOT.jar:/home/user/.m2/repository/org/apache/ratis/ratis-thirdparty-misc/0.2.0/ratis-thirdparty-misc-0.2.0.jar:/home/user/.m2/repository/org/apache/ratis/ratis-proto/0.5.0-201fc85-SNAPSHOT/ratis-proto-0.5.0-201fc85-SNAPSHOT.jar:/home/user/.m2/repository/org/apache/ratis/ratis-common/0.5.0-201fc85-SNAPSHOT/ratis-common-0.5.0-201fc85-SNAPSHOT.jar:/home/user/.m2/repository/org/apache/ratis/ratis-client/0.5.0-201fc85-SNAPSHOT/ratis-client-0.5.0-201fc85-SNAPSHOT.jar:/home/user/.m2/repository/org/apache/ratis/ratis-metrics/0.5.0-201fc85-SNAPSHOT/ratis-metrics-0.5.0-201fc85-SNAPSHOT.jar:/home/user/.m2/repository/com/github/joshelser/dropwizard-metrics-hadoop-metrics2-reporter/0.1.2/dropwizard-metrics-hadoop-metrics2-reporter-0.1.2.jar:/home/user/.m2/repository/io/dropwizard/metrics/metrics-jvm/3.2.5/metrics-jvm-3.2.5.jar:/home/user/.m2/repository/io/dropwizard/metrics/metrics-ganglia/3.2.5/metrics-ganglia-3.2.5.jar:/home/user/.m2/repository/info/ganglia/gmetric4j/gmetric4j/1.0.7/gmetric4j-1.0.7.jar:/home/user/.m2/repository/org/apache/ratis/ratis-netty/0.5.0-201fc85-SNAPSHOT/ratis-netty-0.5.0-201fc85-SNAPSHOT.jar:/home/user/.m2/repository/org/apache/ratis/ratis-grpc/0.5.0-201fc85-SNAPSHOT/ratis-grpc-0.5.0-201fc85-SNAPSHOT.jar:/home/user/.m2/repository/org/rocksdb/rocksdbjni/6.0.1/rocksdbjni-6.0.1.jar:/home/user/.m2/repository/org/apache/logging/log4j/log4j-api/2.11.0/log4j-api-2.11.0.jar:/home/user/.m2/repository/org/apache/logging/log4j/log4j-core/2.11.0/log4j-core-2.11.0.jar:/home/user/.m2/repository/com/lmax/disruptor/3.4.2/disruptor-3.4.2.jar:/home/user/.m2/repository/org/apache/commons/commons-pool2/2.6.0/commons-pool2-2.6.0.jar:/home/user/.m2/repository/org/bouncycastle/bcpkix-jdk15on/1.60/bcpkix-jdk15on-1.60.jar:/home/user/.m2/repository/commons-validator/commons-validator/1.6/commons-validator-1.6.jar:/home/user/.m2/repository/commons-digester/commons-digester/1.8.1/commons-digester-1.8.1.jar:/home/user/.m2/repository/io/jaegertracing/jaeger-client/0.34.0/jaeger-client-0.34.0.jar:/home/user/.m2/repository/io/jaegertracing/jaeger-thrift/0.34.0/jaeger-thrift-0.34.0.jar:/home/user/.m2/repository/org/apache/thrift/libthrift/0.12.0/libthrift-0.12.0.jar:/home/user/.m2/repository/com/squareup/okhttp3/okhttp/3.9.0/okhttp-3.9.0.jar:/home/user/.m2/repository/com/squareup/okio/okio/1.13.0/okio-1.13.0.jar:/home/user/.m2/repository/io/jaegertracing/jaeger-core/0.34.0/jaeger-core-0.34.0.jar:/home/user/.m2/repository/io/jaegertracing/jaeger-tracerresolver/0.34.0/jaeger-tracerresolver-0.34.0.jar:/home/user/.m2/repository/io/opentracing/contrib/opentracing-tracerresolver/0.1.5/opentracing-tracerresolver-0.1.5.jar:/home/user/.m2/repository/io/opentracing/opentracing-util/0.31.0/opentracing-util-0.31.0.jar:/home/user/.m2/repository/io/opentracing/opentracing-api/0.31.0/opentracing-api-0.31.0.jar:/home/user/.m2/repository/io/opentracing/opentracing-noop/0.31.0/opentracing-noop-0.31.0.jar:/home/user/.m2/repository/org/apache/hadoop/hadoop-hdds-server-framework/0.5.0-SNAPSHOT/hadoop-hdds-server-framework-0.5.0-SNAPSHOT.jar:/home/user/.m2/repository/org/apache/hadoop/hadoop-hdds-container-service/0.5.0-SNAPSHOT/hadoop-hdds-container-service-0.5.0-SNAPSHOT.jar:/home/user/.m2/repository/org/apache/hadoop/hadoop-hdds-client/0.5.0-SNAPSHOT/hadoop-hdds-client-0.5.0-SNAPSHOT.jar:/home/user/.m2/repository/org/apache/hadoop/hadoop-hdds-tools/0.5.0-SNAPSHOT/hadoop-hdds-tools-0.5.0-SNAPSHOT.jar:/home/user/.m2/repository/org/apache/hadoop/hadoop-hdds-server-scm/0.5.0-SNAPSHOT/hadoop-hdds-server-scm-0.5.0-SNAPSHOT.jar:/home/user/.m2/repository/org/apache/hadoop/hadoop-hdds-docs/0.5.0-SNAPSHOT/hadoop-hdds-docs-0.5.0-SNAPSHOT.jar:/home/user/.m2/repository/io/dropwizard/metrics/metrics-core/3.2.4/metrics-core-3.2.4.jar:/home/user/.m2/repository/org/hamcrest/hamcrest-all/1.3/hamcrest-all-1.3.jar:/home/user/.m2/repository/org/bouncycastle/bcprov-jdk15on/1.60/bcprov-jdk15on-1.60.jar:/home/user/.m2/repository/info/picocli/picocli/3.9.6/picocli-3.9.6.jar:/home/user/.m2/repository/com/google/protobuf/protobuf-java/2.5.0/protobuf-java-2.5.0.jar:/home/user/.m2/repository/com/google/guava/guava/11.0.2/guava-11.0.2.jar:/home/user/.m2/repository/org/apache/hadoop/hadoop-ozone-ozone-manager/0.5.0-SNAPSHOT/hadoop-ozone-ozone-manager-0.5.0-SNAPSHOT.jar:/home/user/.m2/repository/org/apache/hadoop/hadoop-minikdc/3.2.0/hadoop-minikdc-3.2.0.jar:/home/user/.m2/repository/commons-io/commons-io/2.5/commons-io-2.5.jar:/home/user/.m2/repository/org/apache/kerby/kerb-simplekdc/1.0.1/kerb-simplekdc-1.0.1.jar:/home/user/.m2/repository/org/apache/kerby/kerb-client/1.0.1/kerb-client-1.0.1.jar:/home/user/.m2/repository/org/apache/kerby/kerby-config/1.0.1/kerby-config-1.0.1.jar:/home/user/.m2/repository/org/apache/kerby/kerb-core/1.0.1/kerb-core-1.0.1.jar:/home/user/.m2/repository/org/apache/kerby/kerby-pkix/1.0.1/kerby-pkix-1.0.1.jar:/home/user/.m2/repository/org/apache/kerby/kerby-asn1/1.0.1/kerby-asn1-1.0.1.jar:/home/user/.m2/repository/org/apache/kerby/kerby-util/1.0.1/kerby-util-1.0.1.jar:/home/user/.m2/repository/org/apache/kerby/kerb-common/1.0.1/kerb-common-1.0.1.jar:/home/user/.m2/repository/org/apache/kerby/kerb-crypto/1.0.1/kerb-crypto-1.0.1.jar:/home/user/.m2/repository/org/apache/kerby/kerb-util/1.0.1/kerb-util-1.0.1.jar:/home/user/.m2/repository/org/apache/kerby/token-provider/1.0.1/token-provider-1.0.1.jar:/home/user/.m2/repository/org/apache/kerby/kerb-admin/1.0.1/kerb-admin-1.0.1.jar:/home/user/.m2/repository/org/apache/kerby/kerb-server/1.0.1/kerb-server-1.0.1.jar:/home/user/.m2/repository/org/apache/kerby/kerb-identity/1.0.1/kerb-identity-1.0.1.jar:/home/user/.m2/repository/org/apache/kerby/kerby-xdr/1.0.1/kerby-xdr-1.0.1.jar:/home/user/.m2/repository/org/slf4j/slf4j-log4j12/1.7.25/slf4j-log4j12-1.7.25.jar:/home/user/.m2/repository/org/apache/hadoop/hadoop-ozone-s3gateway/0.5.0-SNAPSHOT/hadoop-ozone-s3gateway-0.5.0-SNAPSHOT.jar:/home/user/.m2/repository/org/jboss/weld/servlet/weld-servlet/2.4.7.Final/weld-servlet-2.4.7.Final.jar:/home/user/.m2/repository/org/glassfish/jersey/containers/jersey-container-servlet-core/2.27/jersey-container-servlet-core-2.27.jar:/home/user/.m2/repository/org/glassfish/hk2/external/javax.inject/2.5.0-b42/javax.inject-2.5.0-b42.jar:/home/user/.m2/repository/org/glassfish/jersey/core/jersey-common/2.27/jersey-common-2.27.jar:/home/user/.m2/repository/org/glassfish/hk2/osgi-resource-locator/1.0.1/osgi-resource-locator-1.0.1.jar:/home/user/.m2/repository/javax/ws/rs/javax.ws.rs-api/2.1/javax.ws.rs-api-2.1.jar:/home/user/.m2/repository/org/glassfish/jersey/ext/cdi/jersey-cdi1x/2.27/jersey-cdi1x-2.27.jar:/home/user/.m2/repository/org/glassfish/jersey/inject/jersey-hk2/2.27/jersey-hk2-2.27.jar:/home/user/.m2/repository/org/glassfish/hk2/hk2-locator/2.5.0-b42/hk2-locator-2.5.0-b42.jar:/home/user/.m2/repository/org/javassist/javassist/3.22.0-CR2/javassist-3.22.0-CR2.jar:/home/user/.m2/repository/org/glassfish/hk2/hk2-api/2.5.0/hk2-api-2.5.0.jar:/home/user/.m2/repository/org/glassfish/hk2/external/jakarta.inject/2.5.0/jakarta.inject-2.5.0.jar:/home/user/.m2/repository/org/glassfish/hk2/hk2-utils/2.5.0/hk2-utils-2.5.0.jar:/home/user/.m2/repository/jakarta/annotation/jakarta.annotation-api/1.3.4/jakarta.annotation-api-1.3.4.jar:/home/user/.m2/repository/org/glassfish/hk2/external/aopalliance-repackaged/2.5.0/aopalliance-repackaged-2.5.0.jar:/home/user/.m2/repository/com/fasterxml/jackson/dataformat/jackson-dataformat-xml/2.9.0/jackson-dataformat-xml-2.9.0.jar:/home/user/.m2/repository/com/fasterxml/jackson/core/jackson-core/2.9.9/jackson-core-2.9.9.jar:/home/user/.m2/repository/com/fasterxml/jackson/module/jackson-module-jaxb-annotations/2.9.9/jackson-module-jaxb-annotations-2.9.9.jar:/home/user/.m2/repository/javax/enterprise/cdi-api/1.2/cdi-api-1.2.jar:/home/user/.m2/repository/javax/el/javax.el-api/3.0.0/javax.el-api-3.0.0.jar:/home/user/.m2/repository/javax/interceptor/javax.interceptor-api/1.2/javax.interceptor-api-1.2.jar:/home/user/.m2/repository/javax/inject/javax.inject/1/javax.inject-1.jar:/home/user/.m2/repository/com/sun/xml/bind/jaxb-impl/2.3.0.1/jaxb-impl-2.3.0.1.jar:/home/user/.m2/repository/com/sun/xml/bind/jaxb-core/2.3.0.1/jaxb-core-2.3.0.1.jar:/home/user/.m2/repository/javax/xml/bind/jaxb-api/2.3.0/jaxb-api-2.3.0.jar:/home/user/.m2/repository/javax/activation/activation/1.1.1/activation-1.1.1.jar:/home/user/.m2/repository/org/apache/hadoop/hadoop-ozone-csi/0.5.0-SNAPSHOT/hadoop-ozone-csi-0.5.0-SNAPSHOT.jar:/home/user/.m2/repository/com/google/protobuf/protobuf-java-util/3.5.1/protobuf-java-util-3.5.1.jar:/home/user/.m2/repository/org/apache/hadoop/hadoop-hdds-config/0.5.0-SNAPSHOT/hadoop-hdds-config-0.5.0-SNAPSHOT.jar:/home/user/.m2/repository/io/grpc/grpc-netty/1.17.1/grpc-netty-1.17.1.jar:/home/user/.m2/repository/io/grpc/grpc-core/1.17.1/grpc-core-1.17.1.jar:/home/user/.m2/repository/io/grpc/grpc-context/1.17.1/grpc-context-1.17.1.jar:/home/user/.m2/repository/com/google/errorprone/error_prone_annotations/2.2.0/error_prone_annotations-2.2.0.jar:/home/user/.m2/repository/org/codehaus/mojo/animal-sniffer-annotations/1.17/animal-sniffer-annotations-1.17.jar:/home/user/.m2/repository/io/opencensus/opencensus-api/0.17.0/opencensus-api-0.17.0.jar:/home/user/.m2/repository/io/opencensus/opencensus-contrib-grpc-metrics/0.17.0/opencensus-contrib-grpc-metrics-0.17.0.jar:/home/user/.m2/repository/io/netty/netty-codec-http2/4.1.30.Final/netty-codec-http2-4.1.30.Final.jar:/home/user/.m2/repository/io/netty/netty-codec-http/4.1.30.Final/netty-codec-http-4.1.30.Final.jar:/home/user/.m2/repository/io/netty/netty-codec/4.1.30.Final/netty-codec-4.1.30.Final.jar:/home/user/.m2/repository/io/netty/netty-handler/4.1.30.Final/netty-handler-4.1.30.Final.jar:/home/user/.m2/repository/io/netty/netty-handler-proxy/4.1.30.Final/netty-handler-proxy-4.1.30.Final.jar:/home/user/.m2/repository/io/netty/netty-codec-socks/4.1.30.Final/netty-codec-socks-4.1.30.Final.jar:/home/user/.m2/repository/io/netty/netty-transport-native-epoll/4.1.30.Final/netty-transport-native-epoll-4.1.30.Final.jar:/home/user/.m2/repository/io/netty/netty-common/4.1.30.Final/netty-common-4.1.30.Final.jar:/home/user/.m2/repository/io/netty/netty-buffer/4.1.30.Final/netty-buffer-4.1.30.Final.jar:/home/user/.m2/repository/io/netty/netty-transport/4.1.30.Final/netty-transport-4.1.30.Final.jar:/home/user/.m2/repository/io/netty/netty-resolver/4.1.30.Final/netty-resolver-4.1.30.Final.jar:/home/user/.m2/repository/io/netty/netty-transport-native-unix-common/4.1.30.Final/netty-transport-native-unix-common-4.1.30.Final.jar:/home/user/.m2/repository/io/grpc/grpc-protobuf/1.17.1/grpc-protobuf-1.17.1.jar:/home/user/.m2/repository/com/google/api/grpc/proto-google-common-protos/1.0.0/proto-google-common-protos-1.0.0.jar:/home/user/.m2/repository/io/grpc/grpc-protobuf-lite/1.17.1/grpc-protobuf-lite-1.17.1.jar:/home/user/.m2/repository/io/grpc/grpc-stub/1.17.1/grpc-stub-1.17.1.jar:/home/user/.m2/repository/org/apache/hadoop/hadoop-ozone-recon/0.5.0-SNAPSHOT/hadoop-ozone-recon-0.5.0-SNAPSHOT.jar:/home/user/.m2/repository/org/apache/hadoop/hadoop-ozone-reconcodegen/0.5.0-SNAPSHOT/hadoop-ozone-reconcodegen-0.5.0-SNAPSHOT.jar:/home/user/.m2/repository/com/google/inject/extensions/guice-multibindings/4.0/guice-multibindings-4.0.jar:/home/user/.m2/repository/com/google/inject/guice/4.0/guice-4.0.jar:/home/user/.m2/repository/aopalliance/aopalliance/1.0/aopalliance-1.0.jar:/home/user/.m2/repository/com/google/inject/extensions/guice-servlet/4.0/guice-servlet-4.0.jar:/home/user/.m2/repository/org/glassfish/jersey/containers/jersey-container-servlet/2.27/jersey-container-servlet-2.27.jar:/home/user/.m2/repository/org/glassfish/hk2/guice-bridge/2.5.0/guice-bridge-2.5.0.jar:/home/user/.m2/repository/org/glassfish/jersey/core/jersey-server/2.27/jersey-server-2.27.jar:/home/user/.m2/repository/org/glassfish/jersey/core/jersey-client/2.27/jersey-client-2.27.jar:/home/user/.m2/repository/org/glassfish/jersey/media/jersey-media-jaxb/2.27/jersey-media-jaxb-2.27.jar:/home/user/.m2/repository/javax/validation/validation-api/1.1.0.Final/validation-api-1.1.0.Final.jar:/home/user/.m2/repository/org/glassfish/jersey/media/jersey-media-json-jackson/2.27/jersey-media-json-jackson-2.27.jar:/home/user/.m2/repository/org/glassfish/jersey/ext/jersey-entity-filtering/2.27/jersey-entity-filtering-2.27.jar:/home/user/.m2/repository/com/google/inject/extensions/guice-assistedinject/4.0/guice-assistedinject-4.0.jar:/home/user/.m2/repository/org/jooq/jooq/3.11.10/jooq-3.11.10.jar:/home/user/.m2/repository/org/jooq/jooq-meta/3.11.10/jooq-meta-3.11.10.jar:/home/user/.m2/repository/org/jooq/jooq-codegen/3.11.10/jooq-codegen-3.11.10.jar:/home/user/.m2/repository/com/jolbox/bonecp/0.8.0.RELEASE/bonecp-0.8.0.RELEASE.jar:/home/user/.m2/repository/org/xerial/sqlite-jdbc/3.25.2/sqlite-jdbc-3.25.2.jar:/home/user/.m2/repository/org/springframework/spring-jdbc/5.1.3.RELEASE/spring-jdbc-5.1.3.RELEASE.jar:/home/user/.m2/repository/org/springframework/spring-beans/5.1.3.RELEASE/spring-beans-5.1.3.RELEASE.jar:/home/user/.m2/repository/org/springframework/spring-core/5.1.3.RELEASE/spring-core-5.1.3.RELEASE.jar:/home/user/.m2/repository/org/springframework/spring-jcl/5.1.3.RELEASE/spring-jcl-5.1.3.RELEASE.jar:/home/user/.m2/repository/org/springframework/spring-tx/5.1.3.RELEASE/spring-tx-5.1.3.RELEASE.jar:/home/user/.m2/repository/org/apache/hadoop/hadoop-ozone-client/0.5.0-SNAPSHOT/hadoop-ozone-client-0.5.0-SNAPSHOT.jar:/home/user/.m2/repository/commons-lang/commons-lang/2.6/commons-lang-2.6.jar:/home/user/.m2/repository/org/apache/hadoop/hadoop-ozone-ozone-manager/0.5.0-SNAPSHOT/hadoop-ozone-ozone-manager-0.5.0-SNAPSHOT-tests.jar:/home/user/.m2/repository/junit/junit/4.11/junit-4.11.jar:/home/user/.m2/repository/org/hamcrest/hamcrest-core/1.3/hamcrest-core-1.3.jar:/home/user/.m2/repository/org/openjdk/jmh/jmh-core/1.19/jmh-core-1.19.jar:/home/user/.m2/repository/net/sf/jopt-simple/jopt-simple/4.6/jopt-simple-4.6.jar:/home/user/.m2/repository/org/apache/commons/commons-math3/3.1.1/commons-math3-3.1.1.jar:/home/user/.m2/repository/org/openjdk/jmh/jmh-generator-annprocess/1.19/jmh-generator-annprocess-1.19.jar:/home/user/.m2/repository/org/mockito/mockito-all/1.8.5/mockito-all-1.8.5.jar:/home/user/.m2/repository/org/apache/hadoop/hadoop-kms/3.2.0/hadoop-kms-3.2.0.jar:/home/user/.m2/repository/org/apache/hadoop/hadoop-auth/3.2.0/hadoop-auth-3.2.0.jar:/home/user/.m2/repository/com/nimbusds/nimbus-jose-jwt/4.41.1/nimbus-jose-jwt-4.41.1.jar:/home/user/.m2/repository/com/github/stephenc/jcip/jcip-annotations/1.0-1/jcip-annotations-1.0-1.jar:/home/user/.m2/repository/net/minidev/json-smart/2.3/json-smart-2.3.jar:/home/user/.m2/repository/net/minidev/accessors-smart/1.2/accessors-smart-1.2.jar:/home/user/.m2/repository/org/ow2/asm/asm/5.0.4/asm-5.0.4.jar:/home/user/.m2/repository/org/apache/curator/curator-framework/2.12.0/curator-framework-2.12.0.jar:/home/user/.m2/repository/com/sun/jersey/jersey-core/1.19/jersey-core-1.19.jar:/home/user/.m2/repository/javax/ws/rs/jsr311-api/1.1.1/jsr311-api-1.1.1.jar:/home/user/.m2/repository/com/sun/jersey/jersey-server/1.19/jersey-server-1.19.jar:/home/user/.m2/repository/javax/servlet/javax.servlet-api/3.1.0/javax.servlet-api-3.1.0.jar:/home/user/.m2/repository/org/eclipse/jetty/jetty-server/9.3.25.v20180904/jetty-server-9.3.25.v20180904.jar:/home/user/.m2/repository/org/eclipse/jetty/jetty-http/9.3.25.v20180904/jetty-http-9.3.25.v20180904.jar:/home/user/.m2/repository/org/eclipse/jetty/jetty-io/9.3.25.v20180904/jetty-io-9.3.25.v20180904.jar:/home/user/.m2/repository/org/eclipse/jetty/jetty-webapp/9.3.25.v20180904/jetty-webapp-9.3.25.v20180904.jar:/home/user/.m2/repository/org/eclipse/jetty/jetty-xml/9.3.25.v20180904/jetty-xml-9.3.25.v20180904.jar:/home/user/.m2/repository/log4j/log4j/1.2.17/log4j-1.2.17.jar:/home/user/.m2/repository/org/slf4j/slf4j-api/1.7.25/slf4j-api-1.7.25.jar:/home/user/.m2/repository/org/slf4j/jul-to-slf4j/1.7.25/jul-to-slf4j-1.7.25.jar:/home/user/.m2/repository/org/eclipse/jetty/jetty-util/9.3.25.v20180904/jetty-util-9.3.25.v20180904.jar:/home/user/.m2/repository/com/fasterxml/jackson/core/jackson-databind/2.9.9/jackson-databind-2.9.9.jar:/home/user/.m2/repository/org/apache/hadoop/hadoop-kms/3.2.0/hadoop-kms-3.2.0-tests.jar:/home/user/.m2/repository/org/apache/hadoop/hadoop-hdds-server-scm/0.5.0-SNAPSHOT/hadoop-hdds-server-scm-0.5.0-SNAPSHOT-tests.jar:/home/user/.m2/repository/org/apache/hadoop/hadoop-hdds-container-service/0.5.0-SNAPSHOT/hadoop-hdds-container-service-0.5.0-SNAPSHOT-tests.jar:/home/user/.m2/repository/org/yaml/snakeyaml/1.16/snakeyaml-1.16.jar:/home/user/.m2/repository/org/apache/hadoop/hadoop-common/3.2.0/hadoop-common-3.2.0-tests.jar:/home/user/.m2/repository/org/apache/hadoop/hadoop-annotations/3.2.0/hadoop-annotations-3.2.0.jar:/usr/lib/jvm/java-1.8-openjdk/jre/../lib/tools.jar:/home/user/.m2/repository/commons-cli/commons-cli/1.2/commons-cli-1.2.jar:/home/user/.m2/repository/org/apache/httpcomponents/httpclient/4.5.2/httpclient-4.5.2.jar:/home/user/.m2/repository/org/apache/httpcomponents/httpcore/4.4.4/httpcore-4.4.4.jar:/home/user/.m2/repository/commons-codec/commons-codec/1.11/commons-codec-1.11.jar:/home/user/.m2/repository/commons-net/commons-net/3.6/commons-net-3.6.jar:/home/user/.m2/repository/commons-collections/commons-collections/3.2.2/commons-collections-3.2.2.jar:/home/user/.m2/repository/org/eclipse/jetty/jetty-servlet/9.3.25.v20180904/jetty-servlet-9.3.25.v20180904.jar:/home/user/.m2/repository/org/eclipse/jetty/jetty-security/9.3.25.v20180904/jetty-security-9.3.25.v20180904.jar:/home/user/.m2/repository/javax/servlet/jsp/jsp-api/2.1/jsp-api-2.1.jar:/home/user/.m2/repository/com/sun/jersey/jersey-servlet/1.19/jersey-servlet-1.19.jar:/home/user/.m2/repository/com/sun/jersey/jersey-json/1.19/jersey-json-1.19.jar:/home/user/.m2/repository/org/codehaus/jettison/jettison/1.1/jettison-1.1.jar:/home/user/.m2/repository/org/codehaus/jackson/jackson-core-asl/1.9.13/jackson-core-asl-1.9.13.jar:/home/user/.m2/repository/org/codehaus/jackson/jackson-mapper-asl/1.9.13/jackson-mapper-asl-1.9.13.jar:/home/user/.m2/repository/org/codehaus/jackson/jackson-jaxrs/1.9.13/jackson-jaxrs-1.9.13.jar:/home/user/.m2/repository/org/codehaus/jackson/jackson-xc/1.9.13/jackson-xc-1.9.13.jar:/home/user/.m2/repository/commons-logging/commons-logging/1.1.3/commons-logging-1.1.3.jar:/home/user/.m2/repository/commons-beanutils/commons-beanutils/1.9.4/commons-beanutils-1.9.4.jar:/home/user/.m2/repository/org/apache/commons/commons-configuration2/2.1.1/commons-configuration2-2.1.1.jar:/home/user/.m2/repository/org/apache/commons/commons-lang3/3.7/commons-lang3-3.7.jar:/home/user/.m2/repository/org/apache/commons/commons-text/1.4/commons-text-1.4.jar:/home/user/.m2/repository/org/apache/avro/avro/1.7.7/avro-1.7.7.jar:/home/user/.m2/repository/com/thoughtworks/paranamer/paranamer/2.3/paranamer-2.3.jar:/home/user/.m2/repository/org/xerial/snappy/snappy-java/1.0.5/snappy-java-1.0.5.jar:/home/user/.m2/repository/com/google/re2j/re2j/1.1/re2j-1.1.jar:/home/user/.m2/repository/com/google/code/gson/gson/2.2.4/gson-2.2.4.jar:/home/user/.m2/repository/com/jcraft/jsch/0.1.54/jsch-0.1.54.jar:/home/user/.m2/repository/org/apache/curator/curator-client/2.12.0/curator-client-2.12.0.jar:/home/user/.m2/repository/org/apache/curator/curator-recipes/2.12.0/curator-recipes-2.12.0.jar:/home/user/.m2/repository/com/google/code/findbugs/jsr305/3.0.0/jsr305-3.0.0.jar:/home/user/.m2/repository/org/apache/htrace/htrace-core4/4.1.0-incubating/htrace-core4-4.1.0-incubating.jar:/home/user/.m2/repository/org/apache/zookeeper/zookeeper/3.4.13/zookeeper-3.4.13.jar:/home/user/.m2/repository/jline/jline/0.9.94/jline-0.9.94.jar:/home/user/.m2/repository/org/apache/yetus/audience-annotations/0.5.0/audience-annotations-0.5.0.jar:/home/user/.m2/repository/org/codehaus/woodstox/stax2-api/3.1.4/stax2-api-3.1.4.jar:/home/user/.m2/repository/com/fasterxml/woodstox/woodstox-core/5.0.3/woodstox-core-5.0.3.jar:/home/user/.m2/repository/dnsjava/dnsjava/2.1.7/dnsjava-2.1.7.jar:/home/user/.m2/repository/org/apache/hadoop/hadoop-hdfs/3.2.0/hadoop-hdfs-3.2.0-tests.jar:/home/user/.m2/repository/org/eclipse/jetty/jetty-util-ajax/9.3.25.v20180904/jetty-util-ajax-9.3.25.v20180904.jar:/home/user/.m2/repository/commons-daemon/commons-daemon/1.0.13/commons-daemon-1.0.13.jar:/home/user/.m2/repository/io/netty/netty/3.10.5.Final/netty-3.10.5.Final.jar:/home/user/.m2/repository/io/netty/netty-all/4.0.52.Final/netty-all-4.0.52.Final.jar:/home/user/.m2/repository/org/fusesource/leveldbjni/leveldbjni-all/1.8/leveldbjni-all-1.8.jar:"/>
    <property name="java.vm.vendor" value="IcedTea"/>
    <property name="sun.arch.data.model" value="64"/>
    <property name="test.build.dir" value="/workdir/hadoop-ozone/integration-test/target/test-dir"/>
    <property name="test.cache.data" value=""/>
    <property name="java.vendor.url" value="https://icedtea.classpath.org"/>
    <property name="user.timezone" value=""/>
    <property name="java.vm.specification.version" value="1.8"/>
    <property name="os.name" value="Linux"/>
    <property name="test.build.data" value="/workdir/hadoop-ozone/integration-test/target/test-dir"/>
    <property name="user.country" value="US"/>
    <property name="sun.java.launcher" value="SUN_STANDARD"/>
    <property name="sun.boot.library.path" value="/usr/lib/jvm/java-1.8-openjdk/jre/lib/amd64"/>
    <property name="sun.java.command" value="/workdir/hadoop-ozone/integration-test/target/surefire/surefirebooter6470859834093257629.jar /workdir/hadoop-ozone/integration-test/target/surefire 2019-10-01T06-16-15_034-jvmRun1 surefire6752064000794017539tmp surefire_55562968358122907313tmp"/>
    <property name="test" value="!TestMiniChaosOzoneCluster"/>
    <property name="surefire.test.class.path" value="/workdir/hadoop-ozone/integration-test/target/test-classes:/workdir/hadoop-ozone/integration-test/target/classes:/home/user/.m2/repository/org/apache/hadoop/hadoop-ozone-common/0.5.0-SNAPSHOT/hadoop-ozone-common-0.5.0-SNAPSHOT.jar:/home/user/.m2/repository/org/apache/commons/commons-compress/1.4.1/commons-compress-1.4.1.jar:/home/user/.m2/repository/org/tukaani/xz/1.0/xz-1.0.jar:/home/user/.m2/repository/org/apache/hadoop/hadoop-common/3.2.0/hadoop-common-3.2.0.jar:/home/user/.m2/repository/org/apache/hadoop/hadoop-hdfs/3.2.0/hadoop-hdfs-3.2.0.jar:/home/user/.m2/repository/org/apache/hadoop/hadoop-hdfs-client/3.2.0/hadoop-hdfs-client-3.2.0.jar:/home/user/.m2/repository/com/fasterxml/jackson/core/jackson-annotations/2.9.9/jackson-annotations-2.9.9.jar:/home/user/.m2/repository/org/apache/hadoop/hadoop-hdds-common/0.5.0-SNAPSHOT/hadoop-hdds-common-0.5.0-SNAPSHOT.jar:/home/user/.m2/repository/javax/annotation/javax.annotation-api/1.2/javax.annotation-api-1.2.jar:/home/user/.m2/repository/org/apache/ratis/ratis-server/0.5.0-201fc85-SNAPSHOT/ratis-server-0.5.0-201fc85-SNAPSHOT.jar:/home/user/.m2/repository/org/apache/ratis/ratis-thirdparty-misc/0.2.0/ratis-thirdparty-misc-0.2.0.jar:/home/user/.m2/repository/org/apache/ratis/ratis-proto/0.5.0-201fc85-SNAPSHOT/ratis-proto-0.5.0-201fc85-SNAPSHOT.jar:/home/user/.m2/repository/org/apache/ratis/ratis-common/0.5.0-201fc85-SNAPSHOT/ratis-common-0.5.0-201fc85-SNAPSHOT.jar:/home/user/.m2/repository/org/apache/ratis/ratis-client/0.5.0-201fc85-SNAPSHOT/ratis-client-0.5.0-201fc85-SNAPSHOT.jar:/home/user/.m2/repository/org/apache/ratis/ratis-metrics/0.5.0-201fc85-SNAPSHOT/ratis-metrics-0.5.0-201fc85-SNAPSHOT.jar:/home/user/.m2/repository/com/github/joshelser/dropwizard-metrics-hadoop-metrics2-reporter/0.1.2/dropwizard-metrics-hadoop-metrics2-reporter-0.1.2.jar:/home/user/.m2/repository/io/dropwizard/metrics/metrics-jvm/3.2.5/metrics-jvm-3.2.5.jar:/home/user/.m2/repository/io/dropwizard/metrics/metrics-ganglia/3.2.5/metrics-ganglia-3.2.5.jar:/home/user/.m2/repository/info/ganglia/gmetric4j/gmetric4j/1.0.7/gmetric4j-1.0.7.jar:/home/user/.m2/repository/org/apache/ratis/ratis-netty/0.5.0-201fc85-SNAPSHOT/ratis-netty-0.5.0-201fc85-SNAPSHOT.jar:/home/user/.m2/repository/org/apache/ratis/ratis-grpc/0.5.0-201fc85-SNAPSHOT/ratis-grpc-0.5.0-201fc85-SNAPSHOT.jar:/home/user/.m2/repository/org/rocksdb/rocksdbjni/6.0.1/rocksdbjni-6.0.1.jar:/home/user/.m2/repository/org/apache/logging/log4j/log4j-api/2.11.0/log4j-api-2.11.0.jar:/home/user/.m2/repository/org/apache/logging/log4j/log4j-core/2.11.0/log4j-core-2.11.0.jar:/home/user/.m2/repository/com/lmax/disruptor/3.4.2/disruptor-3.4.2.jar:/home/user/.m2/repository/org/apache/commons/commons-pool2/2.6.0/commons-pool2-2.6.0.jar:/home/user/.m2/repository/org/bouncycastle/bcpkix-jdk15on/1.60/bcpkix-jdk15on-1.60.jar:/home/user/.m2/repository/commons-validator/commons-validator/1.6/commons-validator-1.6.jar:/home/user/.m2/repository/commons-digester/commons-digester/1.8.1/commons-digester-1.8.1.jar:/home/user/.m2/repository/io/jaegertracing/jaeger-client/0.34.0/jaeger-client-0.34.0.jar:/home/user/.m2/repository/io/jaegertracing/jaeger-thrift/0.34.0/jaeger-thrift-0.34.0.jar:/home/user/.m2/repository/org/apache/thrift/libthrift/0.12.0/libthrift-0.12.0.jar:/home/user/.m2/repository/com/squareup/okhttp3/okhttp/3.9.0/okhttp-3.9.0.jar:/home/user/.m2/repository/com/squareup/okio/okio/1.13.0/okio-1.13.0.jar:/home/user/.m2/repository/io/jaegertracing/jaeger-core/0.34.0/jaeger-core-0.34.0.jar:/home/user/.m2/repository/io/jaegertracing/jaeger-tracerresolver/0.34.0/jaeger-tracerresolver-0.34.0.jar:/home/user/.m2/repository/io/opentracing/contrib/opentracing-tracerresolver/0.1.5/opentracing-tracerresolver-0.1.5.jar:/home/user/.m2/repository/io/opentracing/opentracing-util/0.31.0/opentracing-util-0.31.0.jar:/home/user/.m2/repository/io/opentracing/opentracing-api/0.31.0/opentracing-api-0.31.0.jar:/home/user/.m2/repository/io/opentracing/opentracing-noop/0.31.0/opentracing-noop-0.31.0.jar:/home/user/.m2/repository/org/apache/hadoop/hadoop-hdds-server-framework/0.5.0-SNAPSHOT/hadoop-hdds-server-framework-0.5.0-SNAPSHOT.jar:/home/user/.m2/repository/org/apache/hadoop/hadoop-hdds-container-service/0.5.0-SNAPSHOT/hadoop-hdds-container-service-0.5.0-SNAPSHOT.jar:/home/user/.m2/repository/org/apache/hadoop/hadoop-hdds-client/0.5.0-SNAPSHOT/hadoop-hdds-client-0.5.0-SNAPSHOT.jar:/home/user/.m2/repository/org/apache/hadoop/hadoop-hdds-tools/0.5.0-SNAPSHOT/hadoop-hdds-tools-0.5.0-SNAPSHOT.jar:/home/user/.m2/repository/org/apache/hadoop/hadoop-hdds-server-scm/0.5.0-SNAPSHOT/hadoop-hdds-server-scm-0.5.0-SNAPSHOT.jar:/home/user/.m2/repository/org/apache/hadoop/hadoop-hdds-docs/0.5.0-SNAPSHOT/hadoop-hdds-docs-0.5.0-SNAPSHOT.jar:/home/user/.m2/repository/io/dropwizard/metrics/metrics-core/3.2.4/metrics-core-3.2.4.jar:/home/user/.m2/repository/org/hamcrest/hamcrest-all/1.3/hamcrest-all-1.3.jar:/home/user/.m2/repository/org/bouncycastle/bcprov-jdk15on/1.60/bcprov-jdk15on-1.60.jar:/home/user/.m2/repository/info/picocli/picocli/3.9.6/picocli-3.9.6.jar:/home/user/.m2/repository/com/google/protobuf/protobuf-java/2.5.0/protobuf-java-2.5.0.jar:/home/user/.m2/repository/com/google/guava/guava/11.0.2/guava-11.0.2.jar:/home/user/.m2/repository/org/apache/hadoop/hadoop-ozone-ozone-manager/0.5.0-SNAPSHOT/hadoop-ozone-ozone-manager-0.5.0-SNAPSHOT.jar:/home/user/.m2/repository/org/apache/hadoop/hadoop-minikdc/3.2.0/hadoop-minikdc-3.2.0.jar:/home/user/.m2/repository/commons-io/commons-io/2.5/commons-io-2.5.jar:/home/user/.m2/repository/org/apache/kerby/kerb-simplekdc/1.0.1/kerb-simplekdc-1.0.1.jar:/home/user/.m2/repository/org/apache/kerby/kerb-client/1.0.1/kerb-client-1.0.1.jar:/home/user/.m2/repository/org/apache/kerby/kerby-config/1.0.1/kerby-config-1.0.1.jar:/home/user/.m2/repository/org/apache/kerby/kerb-core/1.0.1/kerb-core-1.0.1.jar:/home/user/.m2/repository/org/apache/kerby/kerby-pkix/1.0.1/kerby-pkix-1.0.1.jar:/home/user/.m2/repository/org/apache/kerby/kerby-asn1/1.0.1/kerby-asn1-1.0.1.jar:/home/user/.m2/repository/org/apache/kerby/kerby-util/1.0.1/kerby-util-1.0.1.jar:/home/user/.m2/repository/org/apache/kerby/kerb-common/1.0.1/kerb-common-1.0.1.jar:/home/user/.m2/repository/org/apache/kerby/kerb-crypto/1.0.1/kerb-crypto-1.0.1.jar:/home/user/.m2/repository/org/apache/kerby/kerb-util/1.0.1/kerb-util-1.0.1.jar:/home/user/.m2/repository/org/apache/kerby/token-provider/1.0.1/token-provider-1.0.1.jar:/home/user/.m2/repository/org/apache/kerby/kerb-admin/1.0.1/kerb-admin-1.0.1.jar:/home/user/.m2/repository/org/apache/kerby/kerb-server/1.0.1/kerb-server-1.0.1.jar:/home/user/.m2/repository/org/apache/kerby/kerb-identity/1.0.1/kerb-identity-1.0.1.jar:/home/user/.m2/repository/org/apache/kerby/kerby-xdr/1.0.1/kerby-xdr-1.0.1.jar:/home/user/.m2/repository/org/slf4j/slf4j-log4j12/1.7.25/slf4j-log4j12-1.7.25.jar:/home/user/.m2/repository/org/apache/hadoop/hadoop-ozone-s3gateway/0.5.0-SNAPSHOT/hadoop-ozone-s3gateway-0.5.0-SNAPSHOT.jar:/home/user/.m2/repository/org/jboss/weld/servlet/weld-servlet/2.4.7.Final/weld-servlet-2.4.7.Final.jar:/home/user/.m2/repository/org/glassfish/jersey/containers/jersey-container-servlet-core/2.27/jersey-container-servlet-core-2.27.jar:/home/user/.m2/repository/org/glassfish/hk2/external/javax.inject/2.5.0-b42/javax.inject-2.5.0-b42.jar:/home/user/.m2/repository/org/glassfish/jersey/core/jersey-common/2.27/jersey-common-2.27.jar:/home/user/.m2/repository/org/glassfish/hk2/osgi-resource-locator/1.0.1/osgi-resource-locator-1.0.1.jar:/home/user/.m2/repository/javax/ws/rs/javax.ws.rs-api/2.1/javax.ws.rs-api-2.1.jar:/home/user/.m2/repository/org/glassfish/jersey/ext/cdi/jersey-cdi1x/2.27/jersey-cdi1x-2.27.jar:/home/user/.m2/repository/org/glassfish/jersey/inject/jersey-hk2/2.27/jersey-hk2-2.27.jar:/home/user/.m2/repository/org/glassfish/hk2/hk2-locator/2.5.0-b42/hk2-locator-2.5.0-b42.jar:/home/user/.m2/repository/org/javassist/javassist/3.22.0-CR2/javassist-3.22.0-CR2.jar:/home/user/.m2/repository/org/glassfish/hk2/hk2-api/2.5.0/hk2-api-2.5.0.jar:/home/user/.m2/repository/org/glassfish/hk2/external/jakarta.inject/2.5.0/jakarta.inject-2.5.0.jar:/home/user/.m2/repository/org/glassfish/hk2/hk2-utils/2.5.0/hk2-utils-2.5.0.jar:/home/user/.m2/repository/jakarta/annotation/jakarta.annotation-api/1.3.4/jakarta.annotation-api-1.3.4.jar:/home/user/.m2/repository/org/glassfish/hk2/external/aopalliance-repackaged/2.5.0/aopalliance-repackaged-2.5.0.jar:/home/user/.m2/repository/com/fasterxml/jackson/dataformat/jackson-dataformat-xml/2.9.0/jackson-dataformat-xml-2.9.0.jar:/home/user/.m2/repository/com/fasterxml/jackson/core/jackson-core/2.9.9/jackson-core-2.9.9.jar:/home/user/.m2/repository/com/fasterxml/jackson/module/jackson-module-jaxb-annotations/2.9.9/jackson-module-jaxb-annotations-2.9.9.jar:/home/user/.m2/repository/javax/enterprise/cdi-api/1.2/cdi-api-1.2.jar:/home/user/.m2/repository/javax/el/javax.el-api/3.0.0/javax.el-api-3.0.0.jar:/home/user/.m2/repository/javax/interceptor/javax.interceptor-api/1.2/javax.interceptor-api-1.2.jar:/home/user/.m2/repository/javax/inject/javax.inject/1/javax.inject-1.jar:/home/user/.m2/repository/com/sun/xml/bind/jaxb-impl/2.3.0.1/jaxb-impl-2.3.0.1.jar:/home/user/.m2/repository/com/sun/xml/bind/jaxb-core/2.3.0.1/jaxb-core-2.3.0.1.jar:/home/user/.m2/repository/javax/xml/bind/jaxb-api/2.3.0/jaxb-api-2.3.0.jar:/home/user/.m2/repository/javax/activation/activation/1.1.1/activation-1.1.1.jar:/home/user/.m2/repository/org/apache/hadoop/hadoop-ozone-csi/0.5.0-SNAPSHOT/hadoop-ozone-csi-0.5.0-SNAPSHOT.jar:/home/user/.m2/repository/com/google/protobuf/protobuf-java-util/3.5.1/protobuf-java-util-3.5.1.jar:/home/user/.m2/repository/org/apache/hadoop/hadoop-hdds-config/0.5.0-SNAPSHOT/hadoop-hdds-config-0.5.0-SNAPSHOT.jar:/home/user/.m2/repository/io/grpc/grpc-netty/1.17.1/grpc-netty-1.17.1.jar:/home/user/.m2/repository/io/grpc/grpc-core/1.17.1/grpc-core-1.17.1.jar:/home/user/.m2/repository/io/grpc/grpc-context/1.17.1/grpc-context-1.17.1.jar:/home/user/.m2/repository/com/google/errorprone/error_prone_annotations/2.2.0/error_prone_annotations-2.2.0.jar:/home/user/.m2/repository/org/codehaus/mojo/animal-sniffer-annotations/1.17/animal-sniffer-annotations-1.17.jar:/home/user/.m2/repository/io/opencensus/opencensus-api/0.17.0/opencensus-api-0.17.0.jar:/home/user/.m2/repository/io/opencensus/opencensus-contrib-grpc-metrics/0.17.0/opencensus-contrib-grpc-metrics-0.17.0.jar:/home/user/.m2/repository/io/netty/netty-codec-http2/4.1.30.Final/netty-codec-http2-4.1.30.Final.jar:/home/user/.m2/repository/io/netty/netty-codec-http/4.1.30.Final/netty-codec-http-4.1.30.Final.jar:/home/user/.m2/repository/io/netty/netty-codec/4.1.30.Final/netty-codec-4.1.30.Final.jar:/home/user/.m2/repository/io/netty/netty-handler/4.1.30.Final/netty-handler-4.1.30.Final.jar:/home/user/.m2/repository/io/netty/netty-handler-proxy/4.1.30.Final/netty-handler-proxy-4.1.30.Final.jar:/home/user/.m2/repository/io/netty/netty-codec-socks/4.1.30.Final/netty-codec-socks-4.1.30.Final.jar:/home/user/.m2/repository/io/netty/netty-transport-native-epoll/4.1.30.Final/netty-transport-native-epoll-4.1.30.Final.jar:/home/user/.m2/repository/io/netty/netty-common/4.1.30.Final/netty-common-4.1.30.Final.jar:/home/user/.m2/repository/io/netty/netty-buffer/4.1.30.Final/netty-buffer-4.1.30.Final.jar:/home/user/.m2/repository/io/netty/netty-transport/4.1.30.Final/netty-transport-4.1.30.Final.jar:/home/user/.m2/repository/io/netty/netty-resolver/4.1.30.Final/netty-resolver-4.1.30.Final.jar:/home/user/.m2/repository/io/netty/netty-transport-native-unix-common/4.1.30.Final/netty-transport-native-unix-common-4.1.30.Final.jar:/home/user/.m2/repository/io/grpc/grpc-protobuf/1.17.1/grpc-protobuf-1.17.1.jar:/home/user/.m2/repository/com/google/api/grpc/proto-google-common-protos/1.0.0/proto-google-common-protos-1.0.0.jar:/home/user/.m2/repository/io/grpc/grpc-protobuf-lite/1.17.1/grpc-protobuf-lite-1.17.1.jar:/home/user/.m2/repository/io/grpc/grpc-stub/1.17.1/grpc-stub-1.17.1.jar:/home/user/.m2/repository/org/apache/hadoop/hadoop-ozone-recon/0.5.0-SNAPSHOT/hadoop-ozone-recon-0.5.0-SNAPSHOT.jar:/home/user/.m2/repository/org/apache/hadoop/hadoop-ozone-reconcodegen/0.5.0-SNAPSHOT/hadoop-ozone-reconcodegen-0.5.0-SNAPSHOT.jar:/home/user/.m2/repository/com/google/inject/extensions/guice-multibindings/4.0/guice-multibindings-4.0.jar:/home/user/.m2/repository/com/google/inject/guice/4.0/guice-4.0.jar:/home/user/.m2/repository/aopalliance/aopalliance/1.0/aopalliance-1.0.jar:/home/user/.m2/repository/com/google/inject/extensions/guice-servlet/4.0/guice-servlet-4.0.jar:/home/user/.m2/repository/org/glassfish/jersey/containers/jersey-container-servlet/2.27/jersey-container-servlet-2.27.jar:/home/user/.m2/repository/org/glassfish/hk2/guice-bridge/2.5.0/guice-bridge-2.5.0.jar:/home/user/.m2/repository/org/glassfish/jersey/core/jersey-server/2.27/jersey-server-2.27.jar:/home/user/.m2/repository/org/glassfish/jersey/core/jersey-client/2.27/jersey-client-2.27.jar:/home/user/.m2/repository/org/glassfish/jersey/media/jersey-media-jaxb/2.27/jersey-media-jaxb-2.27.jar:/home/user/.m2/repository/javax/validation/validation-api/1.1.0.Final/validation-api-1.1.0.Final.jar:/home/user/.m2/repository/org/glassfish/jersey/media/jersey-media-json-jackson/2.27/jersey-media-json-jackson-2.27.jar:/home/user/.m2/repository/org/glassfish/jersey/ext/jersey-entity-filtering/2.27/jersey-entity-filtering-2.27.jar:/home/user/.m2/repository/com/google/inject/extensions/guice-assistedinject/4.0/guice-assistedinject-4.0.jar:/home/user/.m2/repository/org/jooq/jooq/3.11.10/jooq-3.11.10.jar:/home/user/.m2/repository/org/jooq/jooq-meta/3.11.10/jooq-meta-3.11.10.jar:/home/user/.m2/repository/org/jooq/jooq-codegen/3.11.10/jooq-codegen-3.11.10.jar:/home/user/.m2/repository/com/jolbox/bonecp/0.8.0.RELEASE/bonecp-0.8.0.RELEASE.jar:/home/user/.m2/repository/org/xerial/sqlite-jdbc/3.25.2/sqlite-jdbc-3.25.2.jar:/home/user/.m2/repository/org/springframework/spring-jdbc/5.1.3.RELEASE/spring-jdbc-5.1.3.RELEASE.jar:/home/user/.m2/repository/org/springframework/spring-beans/5.1.3.RELEASE/spring-beans-5.1.3.RELEASE.jar:/home/user/.m2/repository/org/springframework/spring-core/5.1.3.RELEASE/spring-core-5.1.3.RELEASE.jar:/home/user/.m2/repository/org/springframework/spring-jcl/5.1.3.RELEASE/spring-jcl-5.1.3.RELEASE.jar:/home/user/.m2/repository/org/springframework/spring-tx/5.1.3.RELEASE/spring-tx-5.1.3.RELEASE.jar:/home/user/.m2/repository/org/apache/hadoop/hadoop-ozone-client/0.5.0-SNAPSHOT/hadoop-ozone-client-0.5.0-SNAPSHOT.jar:/home/user/.m2/repository/commons-lang/commons-lang/2.6/commons-lang-2.6.jar:/home/user/.m2/repository/org/apache/hadoop/hadoop-ozone-ozone-manager/0.5.0-SNAPSHOT/hadoop-ozone-ozone-manager-0.5.0-SNAPSHOT-tests.jar:/home/user/.m2/repository/junit/junit/4.11/junit-4.11.jar:/home/user/.m2/repository/org/hamcrest/hamcrest-core/1.3/hamcrest-core-1.3.jar:/home/user/.m2/repository/org/openjdk/jmh/jmh-core/1.19/jmh-core-1.19.jar:/home/user/.m2/repository/net/sf/jopt-simple/jopt-simple/4.6/jopt-simple-4.6.jar:/home/user/.m2/repository/org/apache/commons/commons-math3/3.1.1/commons-math3-3.1.1.jar:/home/user/.m2/repository/org/openjdk/jmh/jmh-generator-annprocess/1.19/jmh-generator-annprocess-1.19.jar:/home/user/.m2/repository/org/mockito/mockito-all/1.8.5/mockito-all-1.8.5.jar:/home/user/.m2/repository/org/apache/hadoop/hadoop-kms/3.2.0/hadoop-kms-3.2.0.jar:/home/user/.m2/repository/org/apache/hadoop/hadoop-auth/3.2.0/hadoop-auth-3.2.0.jar:/home/user/.m2/repository/com/nimbusds/nimbus-jose-jwt/4.41.1/nimbus-jose-jwt-4.41.1.jar:/home/user/.m2/repository/com/github/stephenc/jcip/jcip-annotations/1.0-1/jcip-annotations-1.0-1.jar:/home/user/.m2/repository/net/minidev/json-smart/2.3/json-smart-2.3.jar:/home/user/.m2/repository/net/minidev/accessors-smart/1.2/accessors-smart-1.2.jar:/home/user/.m2/repository/org/ow2/asm/asm/5.0.4/asm-5.0.4.jar:/home/user/.m2/repository/org/apache/curator/curator-framework/2.12.0/curator-framework-2.12.0.jar:/home/user/.m2/repository/com/sun/jersey/jersey-core/1.19/jersey-core-1.19.jar:/home/user/.m2/repository/javax/ws/rs/jsr311-api/1.1.1/jsr311-api-1.1.1.jar:/home/user/.m2/repository/com/sun/jersey/jersey-server/1.19/jersey-server-1.19.jar:/home/user/.m2/repository/javax/servlet/javax.servlet-api/3.1.0/javax.servlet-api-3.1.0.jar:/home/user/.m2/repository/org/eclipse/jetty/jetty-server/9.3.25.v20180904/jetty-server-9.3.25.v20180904.jar:/home/user/.m2/repository/org/eclipse/jetty/jetty-http/9.3.25.v20180904/jetty-http-9.3.25.v20180904.jar:/home/user/.m2/repository/org/eclipse/jetty/jetty-io/9.3.25.v20180904/jetty-io-9.3.25.v20180904.jar:/home/user/.m2/repository/org/eclipse/jetty/jetty-webapp/9.3.25.v20180904/jetty-webapp-9.3.25.v20180904.jar:/home/user/.m2/repository/org/eclipse/jetty/jetty-xml/9.3.25.v20180904/jetty-xml-9.3.25.v20180904.jar:/home/user/.m2/repository/log4j/log4j/1.2.17/log4j-1.2.17.jar:/home/user/.m2/repository/org/slf4j/slf4j-api/1.7.25/slf4j-api-1.7.25.jar:/home/user/.m2/repository/org/slf4j/jul-to-slf4j/1.7.25/jul-to-slf4j-1.7.25.jar:/home/user/.m2/repository/org/eclipse/jetty/jetty-util/9.3.25.v20180904/jetty-util-9.3.25.v20180904.jar:/home/user/.m2/repository/com/fasterxml/jackson/core/jackson-databind/2.9.9/jackson-databind-2.9.9.jar:/home/user/.m2/repository/org/apache/hadoop/hadoop-kms/3.2.0/hadoop-kms-3.2.0-tests.jar:/home/user/.m2/repository/org/apache/hadoop/hadoop-hdds-server-scm/0.5.0-SNAPSHOT/hadoop-hdds-server-scm-0.5.0-SNAPSHOT-tests.jar:/home/user/.m2/repository/org/apache/hadoop/hadoop-hdds-container-service/0.5.0-SNAPSHOT/hadoop-hdds-container-service-0.5.0-SNAPSHOT-tests.jar:/home/user/.m2/repository/org/yaml/snakeyaml/1.16/snakeyaml-1.16.jar:/home/user/.m2/repository/org/apache/hadoop/hadoop-common/3.2.0/hadoop-common-3.2.0-tests.jar:/home/user/.m2/repository/org/apache/hadoop/hadoop-annotations/3.2.0/hadoop-annotations-3.2.0.jar:/usr/lib/jvm/java-1.8-openjdk/jre/../lib/tools.jar:/home/user/.m2/repository/commons-cli/commons-cli/1.2/commons-cli-1.2.jar:/home/user/.m2/repository/org/apache/httpcomponents/httpclient/4.5.2/httpclient-4.5.2.jar:/home/user/.m2/repository/org/apache/httpcomponents/httpcore/4.4.4/httpcore-4.4.4.jar:/home/user/.m2/repository/commons-codec/commons-codec/1.11/commons-codec-1.11.jar:/home/user/.m2/repository/commons-net/commons-net/3.6/commons-net-3.6.jar:/home/user/.m2/repository/commons-collections/commons-collections/3.2.2/commons-collections-3.2.2.jar:/home/user/.m2/repository/org/eclipse/jetty/jetty-servlet/9.3.25.v20180904/jetty-servlet-9.3.25.v20180904.jar:/home/user/.m2/repository/org/eclipse/jetty/jetty-security/9.3.25.v20180904/jetty-security-9.3.25.v20180904.jar:/home/user/.m2/repository/javax/servlet/jsp/jsp-api/2.1/jsp-api-2.1.jar:/home/user/.m2/repository/com/sun/jersey/jersey-servlet/1.19/jersey-servlet-1.19.jar:/home/user/.m2/repository/com/sun/jersey/jersey-json/1.19/jersey-json-1.19.jar:/home/user/.m2/repository/org/codehaus/jettison/jettison/1.1/jettison-1.1.jar:/home/user/.m2/repository/org/codehaus/jackson/jackson-core-asl/1.9.13/jackson-core-asl-1.9.13.jar:/home/user/.m2/repository/org/codehaus/jackson/jackson-mapper-asl/1.9.13/jackson-mapper-asl-1.9.13.jar:/home/user/.m2/repository/org/codehaus/jackson/jackson-jaxrs/1.9.13/jackson-jaxrs-1.9.13.jar:/home/user/.m2/repository/org/codehaus/jackson/jackson-xc/1.9.13/jackson-xc-1.9.13.jar:/home/user/.m2/repository/commons-logging/commons-logging/1.1.3/commons-logging-1.1.3.jar:/home/user/.m2/repository/commons-beanutils/commons-beanutils/1.9.4/commons-beanutils-1.9.4.jar:/home/user/.m2/repository/org/apache/commons/commons-configuration2/2.1.1/commons-configuration2-2.1.1.jar:/home/user/.m2/repository/org/apache/commons/commons-lang3/3.7/commons-lang3-3.7.jar:/home/user/.m2/repository/org/apache/commons/commons-text/1.4/commons-text-1.4.jar:/home/user/.m2/repository/org/apache/avro/avro/1.7.7/avro-1.7.7.jar:/home/user/.m2/repository/com/thoughtworks/paranamer/paranamer/2.3/paranamer-2.3.jar:/home/user/.m2/repository/org/xerial/snappy/snappy-java/1.0.5/snappy-java-1.0.5.jar:/home/user/.m2/repository/com/google/re2j/re2j/1.1/re2j-1.1.jar:/home/user/.m2/repository/com/google/code/gson/gson/2.2.4/gson-2.2.4.jar:/home/user/.m2/repository/com/jcraft/jsch/0.1.54/jsch-0.1.54.jar:/home/user/.m2/repository/org/apache/curator/curator-client/2.12.0/curator-client-2.12.0.jar:/home/user/.m2/repository/org/apache/curator/curator-recipes/2.12.0/curator-recipes-2.12.0.jar:/home/user/.m2/repository/com/google/code/findbugs/jsr305/3.0.0/jsr305-3.0.0.jar:/home/user/.m2/repository/org/apache/htrace/htrace-core4/4.1.0-incubating/htrace-core4-4.1.0-incubating.jar:/home/user/.m2/repository/org/apache/zookeeper/zookeeper/3.4.13/zookeeper-3.4.13.jar:/home/user/.m2/repository/jline/jline/0.9.94/jline-0.9.94.jar:/home/user/.m2/repository/org/apache/yetus/audience-annotations/0.5.0/audience-annotations-0.5.0.jar:/home/user/.m2/repository/org/codehaus/woodstox/stax2-api/3.1.4/stax2-api-3.1.4.jar:/home/user/.m2/repository/com/fasterxml/woodstox/woodstox-core/5.0.3/woodstox-core-5.0.3.jar:/home/user/.m2/repository/dnsjava/dnsjava/2.1.7/dnsjava-2.1.7.jar:/home/user/.m2/repository/org/apache/hadoop/hadoop-hdfs/3.2.0/hadoop-hdfs-3.2.0-tests.jar:/home/user/.m2/repository/org/eclipse/jetty/jetty-util-ajax/9.3.25.v20180904/jetty-util-ajax-9.3.25.v20180904.jar:/home/user/.m2/repository/commons-daemon/commons-daemon/1.0.13/commons-daemon-1.0.13.jar:/home/user/.m2/repository/io/netty/netty/3.10.5.Final/netty-3.10.5.Final.jar:/home/user/.m2/repository/io/netty/netty-all/4.0.52.Final/netty-all-4.0.52.Final.jar:/home/user/.m2/repository/org/fusesource/leveldbjni/leveldbjni-all/1.8/leveldbjni-all-1.8.jar:"/>
    <property name="sun.cpu.endian" value="little"/>
    <property name="user.home" value="/home/user"/>
    <property name="user.language" value="en"/>
    <property name="java.specification.vendor" value="Oracle Corporation"/>
    <property name="java.home" value="/usr/lib/jvm/java-1.8-openjdk/jre"/>
    <property name="java.security.krb5.conf" value="/workdir/hadoop-ozone/integration-test/target/test-classes/krb5.conf"/>
    <property name="basedir" value="/workdir/hadoop-ozone/integration-test"/>
    <property name="file.separator" value="/"/>
    <property name="line.separator" value="&#10;"/>
    <property name="java.vm.specification.vendor" value="Oracle Corporation"/>
    <property name="java.specification.name" value="Java Platform API Specification"/>
    <property name="java.awt.graphicsenv" value="sun.awt.X11GraphicsEnvironment"/>
    <property name="surefire.real.class.path" value="/workdir/hadoop-ozone/integration-test/target/surefire/surefirebooter6470859834093257629.jar"/>
    <property name="hadoop.log.dir" value="/workdir/hadoop-ozone/integration-test/target/log"/>
    <property name="sun.boot.class.path" value="/usr/lib/jvm/java-1.8-openjdk/jre/lib/resources.jar:/usr/lib/jvm/java-1.8-openjdk/jre/lib/rt.jar:/usr/lib/jvm/java-1.8-openjdk/jre/lib/sunrsasign.jar:/usr/lib/jvm/java-1.8-openjdk/jre/lib/jsse.jar:/usr/lib/jvm/java-1.8-openjdk/jre/lib/jce.jar:/usr/lib/jvm/java-1.8-openjdk/jre/lib/charsets.jar:/usr/lib/jvm/java-1.8-openjdk/jre/lib/jfr.jar:/usr/lib/jvm/java-1.8-openjdk/jre/classes"/>
    <property name="sun.management.compiler" value="HotSpot 64-Bit Tiered Compilers"/>
    <property name="java.runtime.version" value="1.8.0_212-b04"/>
    <property name="java.net.preferIPv4Stack" value="true"/>
    <property name="user.name" value="jenkins1000"/>
    <property name="path.separator" value=":"/>
    <property name="java.security.egd" value="file:///dev/urandom"/>
    <property name="os.version" value="3.10.0-957.12.2.el7.x86_64"/>
    <property name="java.endorsed.dirs" value="/usr/lib/jvm/java-1.8-openjdk/jre/lib/endorsed"/>
    <property name="java.runtime.name" value="OpenJDK Runtime Environment"/>
    <property name="file.encoding" value="UTF-8"/>
    <property name="java.vm.name" value="OpenJDK 64-Bit Server VM"/>
    <property name="test.build.webapps" value=""/>
    <property name="localRepository" value="/home/user/.m2/repository"/>
    <property name="java.vendor.url.bug" value="https://icedtea.classpath.org/bugzilla"/>
    <property name="java.io.tmpdir" value="/tmp"/>
    <property name="require.test.libhadoop" value=""/>
    <property name="java.version" value="1.8.0_212"/>
    <property name="user.dir" value="/workdir/hadoop-ozone/integration-test"/>
    <property name="os.arch" value="amd64"/>
    <property name="java.vm.specification.name" value="Java Virtual Machine Specification"/>
    <property name="test.build.classes" value="/workdir/hadoop-ozone/integration-test/target/test-classes"/>
    <property name="java.awt.printerjob" value="sun.print.PSPrinterJob"/>
    <property name="sun.os.patch.level" value="unknown"/>
    <property name="hadoop.tmp.dir" value="/workdir/hadoop-ozone/integration-test/target/tmp"/>
    <property name="java.library.path" value="/usr/lib/jvm/java-1.8-openjdk/jre/lib/amd64/server:/usr/lib/jvm/java-1.8-openjdk/jre/lib/amd64:/usr/lib/jvm/java-1.8-openjdk/jre/../lib/amd64:/workdir/hadoop-ozone/integration-test/target/native/target/usr/local/lib:/workdir/hadoop-ozone/integration-test/../../hadoop-common-project/hadoop-common/target/native/target/usr/local/lib:/usr/java/packages/lib/amd64:/usr/lib64:/lib64:/lib:/usr/lib"/>
    <property name="java.vm.info" value="mixed mode"/>
    <property name="java.vendor" value="IcedTea"/>
    <property name="java.vm.version" value="25.212-b04"/>
    <property name="java.ext.dirs" value="/usr/lib/jvm/java-1.8-openjdk/jre/lib/ext:/usr/java/packages/lib/ext"/>
    <property name="sun.io.unicode.encoding" value="UnicodeLittle"/>
    <property name="java.class.version" value="52.0"/>
  </properties>
  <testcase name="test2DatanodesFailure" classname="org.apache.hadoop.ozone.client.rpc.TestBlockOutputStreamWithFailures" time="107.198"/>
  <testcase name="testDatanodeFailureWithPreAllocation" classname="org.apache.hadoop.ozone.client.rpc.TestBlockOutputStreamWithFailures" time="222.892"/>
  <testcase name="testDatanodeFailureWithSingleNodeRatis" classname="org.apache.hadoop.ozone.client.rpc.TestBlockOutputStreamWithFailures" time="224.036"/>
  <testcase name="testWatchForCommitWithSingleNodeRatis" classname="org.apache.hadoop.ozone.client.rpc.TestBlockOutputStreamWithFailures" time="36.173"/>
  <testcase name="testWatchForCommitDatanodeFailure" classname="org.apache.hadoop.ozone.client.rpc.TestBlockOutputStreamWithFailures" time="61.192">
    <failure message="expected:&lt;2&gt; but was:&lt;3&gt;" type="java.lang.AssertionError"><![CDATA[java.lang.AssertionError: expected:<2> but was:<3>
	at org.junit.Assert.fail(Assert.java:88)
	at org.junit.Assert.failNotEquals(Assert.java:743)
	at org.junit.Assert.assertEquals(Assert.java:118)
	at org.junit.Assert.assertEquals(Assert.java:555)
	at org.junit.Assert.assertEquals(Assert.java:542)
	at org.apache.hadoop.ozone.client.rpc.TestBlockOutputStreamWithFailures.testWatchForCommitDatanodeFailure(TestBlockOutputStreamWithFailures.java:366)
	at sun.reflect.NativeMethodAccessorImpl.invoke0(Native Method)
	at sun.reflect.NativeMethodAccessorImpl.invoke(NativeMethodAccessorImpl.java:62)
	at sun.reflect.DelegatingMethodAccessorImpl.invoke(DelegatingMethodAccessorImpl.java:43)
	at java.lang.reflect.Method.invoke(Method.java:498)
	at org.junit.runners.model.FrameworkMethod$1.runReflectiveCall(FrameworkMethod.java:47)
	at org.junit.internal.runners.model.ReflectiveCallable.run(ReflectiveCallable.java:12)
	at org.junit.runners.model.FrameworkMethod.invokeExplosively(FrameworkMethod.java:44)
	at org.junit.internal.runners.statements.InvokeMethod.evaluate(InvokeMethod.java:17)
	at org.junit.internal.runners.statements.RunBefores.evaluate(RunBefores.java:26)
	at org.junit.internal.runners.statements.RunAfters.evaluate(RunAfters.java:27)
	at org.junit.runners.ParentRunner.runLeaf(ParentRunner.java:271)
	at org.junit.runners.BlockJUnit4ClassRunner.runChild(BlockJUnit4ClassRunner.java:70)
	at org.junit.runners.BlockJUnit4ClassRunner.runChild(BlockJUnit4ClassRunner.java:50)
	at org.junit.runners.ParentRunner$3.run(ParentRunner.java:238)
	at org.junit.runners.ParentRunner$1.schedule(ParentRunner.java:63)
	at org.junit.runners.ParentRunner.runChildren(ParentRunner.java:236)
	at org.junit.runners.ParentRunner.access$000(ParentRunner.java:53)
	at org.junit.runners.ParentRunner$2.evaluate(ParentRunner.java:229)
	at org.junit.runners.ParentRunner.run(ParentRunner.java:309)
	at org.apache.maven.surefire.junit4.JUnit4Provider.execute(JUnit4Provider.java:365)
	at org.apache.maven.surefire.junit4.JUnit4Provider.executeWithRerun(JUnit4Provider.java:273)
	at org.apache.maven.surefire.junit4.JUnit4Provider.executeTestSet(JUnit4Provider.java:238)
	at org.apache.maven.surefire.junit4.JUnit4Provider.invoke(JUnit4Provider.java:159)
	at org.apache.maven.surefire.booter.ForkedBooter.invokeProviderInSameClassLoader(ForkedBooter.java:384)
	at org.apache.maven.surefire.booter.ForkedBooter.runSuitesInProcess(ForkedBooter.java:345)
	at org.apache.maven.surefire.booter.ForkedBooter.execute(ForkedBooter.java:126)
	at org.apache.maven.surefire.booter.ForkedBooter.main(ForkedBooter.java:418)
]]></failure>
    <system-out><![CDATA[2019-10-01 07:15:14,767 [main] WARN  server.ServerUtils (ServerUtils.java:getScmDbDir(145)) - ozone.scm.db.dirs is not configured. We recommend adding this setting. Falling back to ozone.metadata.dirs instead.
2019-10-01 07:15:14,813 [main] WARN  server.ServerUtils (ServerUtils.java:getScmDbDir(145)) - ozone.scm.db.dirs is not configured. We recommend adding this setting. Falling back to ozone.metadata.dirs instead.
2019-10-01 07:15:14,813 [main] WARN  server.ServerUtils (ServerUtils.java:getScmDbDir(145)) - ozone.scm.db.dirs is not configured. We recommend adding this setting. Falling back to ozone.metadata.dirs instead.
2019-10-01 07:15:14,814 [main] INFO  db.DBStoreBuilder (DBStoreBuilder.java:addTable(110)) - using custom profile for table: deletedBlocks
2019-10-01 07:15:14,814 [main] INFO  db.DBStoreBuilder (DBStoreBuilder.java:processTables(161)) - Using default column profile:DBProfile.DISK for Table:deletedBlocks
2019-10-01 07:15:14,815 [main] INFO  db.DBStoreBuilder (DBStoreBuilder.java:addTable(110)) - using custom profile for table: validCerts
2019-10-01 07:15:14,815 [main] INFO  db.DBStoreBuilder (DBStoreBuilder.java:processTables(161)) - Using default column profile:DBProfile.DISK for Table:validCerts
2019-10-01 07:15:14,815 [main] INFO  db.DBStoreBuilder (DBStoreBuilder.java:addTable(110)) - using custom profile for table: revokedCerts
2019-10-01 07:15:14,816 [main] INFO  db.DBStoreBuilder (DBStoreBuilder.java:processTables(161)) - Using default column profile:DBProfile.DISK for Table:revokedCerts
2019-10-01 07:15:14,816 [main] INFO  db.DBStoreBuilder (DBStoreBuilder.java:addTable(110)) - using custom profile for table: default
2019-10-01 07:15:14,816 [main] INFO  db.DBStoreBuilder (DBStoreBuilder.java:processTables(167)) - Using default column profile:DBProfile.DISK for Table:default
2019-10-01 07:15:14,816 [main] INFO  db.DBStoreBuilder (DBStoreBuilder.java:getDbProfile(198)) - Using default options. DBProfile.DISK
2019-10-01 07:15:15,124 [main] INFO  net.NodeSchemaLoader (NodeSchemaLoader.java:loadSchemaFromFile(125)) - Loading file from sun.misc.CompoundEnumeration@27a9f025
2019-10-01 07:15:15,125 [main] INFO  net.NodeSchemaLoader (NodeSchemaLoader.java:loadSchema(171)) - Loading network topology layer schema file
2019-10-01 07:15:15,129 [main] INFO  node.SCMNodeManager (SCMNodeManager.java:<init>(114)) - Entering startup safe mode.
2019-10-01 07:15:15,130 [main] INFO  algorithms.ContainerPlacementPolicyFactory (ContainerPlacementPolicyFactory.java:getPolicy(57)) - Create container placement policy of type org.apache.hadoop.hdds.scm.container.placement.algorithms.SCMContainerPlacementRandom
2019-10-01 07:15:15,130 [main] WARN  server.ServerUtils (ServerUtils.java:getScmDbDir(145)) - ozone.scm.db.dirs is not configured. We recommend adding this setting. Falling back to ozone.metadata.dirs instead.
2019-10-01 07:15:15,267 [main] INFO  pipeline.SCMPipelineManager (SCMPipelineManager.java:initializePipelineState(132)) - No pipeline exists in current db
2019-10-01 07:15:15,267 [main] WARN  server.ServerUtils (ServerUtils.java:getScmDbDir(145)) - ozone.scm.db.dirs is not configured. We recommend adding this setting. Falling back to ozone.metadata.dirs instead.
2019-10-01 07:15:15,404 [main] WARN  events.EventQueue (EventQueue.java:fireEvent(183)) - No event handler registered for event TypedEvent{payloadType=SafeModeStatus, name='SafeModeStatus'}
2019-10-01 07:15:15,405 [main] INFO  ipc.CallQueueManager (CallQueueManager.java:<init>(84)) - Using callQueue: class java.util.concurrent.LinkedBlockingQueue, queueCapacity: 2000, scheduler: class org.apache.hadoop.ipc.DefaultRpcScheduler, ipcBackoff: false.
2019-10-01 07:15:15,406 [Socket Reader #1 for port 39748] INFO  ipc.Server (Server.java:run(1074)) - Starting Socket Reader #1 for port 39748
2019-10-01 07:15:15,409 [main] INFO  ipc.CallQueueManager (CallQueueManager.java:<init>(84)) - Using callQueue: class java.util.concurrent.LinkedBlockingQueue, queueCapacity: 2000, scheduler: class org.apache.hadoop.ipc.DefaultRpcScheduler, ipcBackoff: false.
2019-10-01 07:15:15,409 [Socket Reader #1 for port 41100] INFO  ipc.Server (Server.java:run(1074)) - Starting Socket Reader #1 for port 41100
2019-10-01 07:15:15,411 [main] INFO  ipc.CallQueueManager (CallQueueManager.java:<init>(84)) - Using callQueue: class java.util.concurrent.LinkedBlockingQueue, queueCapacity: 2000, scheduler: class org.apache.hadoop.ipc.DefaultRpcScheduler, ipcBackoff: false.
2019-10-01 07:15:15,412 [Socket Reader #1 for port 46642] INFO  ipc.Server (Server.java:run(1074)) - Starting Socket Reader #1 for port 46642
2019-10-01 07:15:15,414 [main] INFO  hdfs.DFSUtil (DFSUtil.java:httpServerTemplateForNNAndJN(1641)) - Starting Web-server for scm at: http://0.0.0.0:0
2019-10-01 07:15:15,416 [main] INFO  server.AuthenticationFilter (AuthenticationFilter.java:constructSecretProvider(240)) - Unable to initialize FileSignerSecretProvider, falling back to use random secrets.
2019-10-01 07:15:15,417 [main] WARN  http.HttpRequestLog (HttpRequestLog.java:getRequestLog(97)) - Jetty request log can only be enabled using Log4j
2019-10-01 07:15:15,419 [main] INFO  http.HttpServer2 (HttpServer2.java:addGlobalFilter(975)) - Added global filter 'safety' (class=org.apache.hadoop.http.HttpServer2$QuotingInputFilter)
2019-10-01 07:15:15,419 [main] INFO  http.HttpServer2 (HttpServer2.java:addFilter(948)) - Added filter static_user_filter (class=org.apache.hadoop.http.lib.StaticUserWebFilter$StaticUserFilter) to context scm
2019-10-01 07:15:15,419 [main] INFO  http.HttpServer2 (HttpServer2.java:addFilter(958)) - Added filter static_user_filter (class=org.apache.hadoop.http.lib.StaticUserWebFilter$StaticUserFilter) to context logs
2019-10-01 07:15:15,420 [main] INFO  http.HttpServer2 (HttpServer2.java:addFilter(958)) - Added filter static_user_filter (class=org.apache.hadoop.http.lib.StaticUserWebFilter$StaticUserFilter) to context static
2019-10-01 07:15:15,421 [main] INFO  server.StorageContainerManager (StorageContainerManager.java:start(770)) - StorageContainerLocationProtocol RPC server is listening at /0.0.0.0:46642
2019-10-01 07:15:15,424 [main] WARN  impl.MetricsConfig (MetricsConfig.java:loadFirst(134)) - Cannot locate configuration: tried hadoop-metrics2-storagecontainermanager.properties,hadoop-metrics2.properties
2019-10-01 07:15:15,425 [main] INFO  impl.MetricsSystemImpl (MetricsSystemImpl.java:startTimer(374)) - Scheduled Metric snapshot period at 10 second(s).
2019-10-01 07:15:15,425 [main] INFO  impl.MetricsSystemImpl (MetricsSystemImpl.java:start(191)) - StorageContainerManager metrics system started
2019-10-01 07:15:15,576 [main] WARN  impl.MetricsSystemImpl (MetricsSystemImpl.java:register(276)) - Sink prometheus already exists!
2019-10-01 07:15:15,634 [main] INFO  server.SCMClientProtocolServer (SCMClientProtocolServer.java:start(150)) - RPC server for Client  is listening at /0.0.0.0:46642
2019-10-01 07:15:15,635 [IPC Server Responder] INFO  ipc.Server (Server.java:run(1314)) - IPC Server Responder: starting
2019-10-01 07:15:15,635 [IPC Server listener on 46642] INFO  ipc.Server (Server.java:run(1153)) - IPC Server listener on 46642: starting
2019-10-01 07:15:15,641 [main] INFO  server.StorageContainerManager (StorageContainerManager.java:start(780)) - ScmBlockLocationProtocol RPC server is listening at /0.0.0.0:41100
2019-10-01 07:15:15,641 [main] INFO  server.SCMBlockProtocolServer (SCMBlockProtocolServer.java:start(146)) - RPC server for Block Protocol is listening at /0.0.0.0:41100
2019-10-01 07:15:15,642 [IPC Server Responder] INFO  ipc.Server (Server.java:run(1314)) - IPC Server Responder: starting
2019-10-01 07:15:15,642 [IPC Server listener on 41100] INFO  ipc.Server (Server.java:run(1153)) - IPC Server listener on 41100: starting
2019-10-01 07:15:15,645 [main] INFO  server.StorageContainerManager (StorageContainerManager.java:start(784)) - ScmDatanodeProtocl RPC server is listening at /0.0.0.0:39748
2019-10-01 07:15:15,646 [main] INFO  server.SCMDatanodeProtocolServer (SCMDatanodeProtocolServer.java:start(191)) - RPC server for DataNodes is listening at /0.0.0.0:39748
2019-10-01 07:15:15,646 [IPC Server listener on 39748] INFO  ipc.Server (Server.java:run(1153)) - IPC Server listener on 39748: starting
2019-10-01 07:15:15,646 [IPC Server Responder] INFO  ipc.Server (Server.java:run(1314)) - IPC Server Responder: starting
2019-10-01 07:15:15,650 [main] INFO  http.HttpServer2 (HttpServer2.java:bindListener(1191)) - Jetty bound to port 33833
2019-10-01 07:15:15,650 [main] INFO  server.Server (Server.java:doStart(351)) - jetty-9.3.25.v20180904, build timestamp: 2018-09-04T21:11:46Z, git hash: 3ce520221d0240229c862b122d2b06c12a625732
2019-10-01 07:15:15,652 [main] INFO  handler.ContextHandler (ContextHandler.java:doStart(781)) - Started o.e.j.s.ServletContextHandler@33d28f0a{/logs,file:///workdir/hadoop-ozone/integration-test/target/log,AVAILABLE}
2019-10-01 07:15:15,652 [main] INFO  handler.ContextHandler (ContextHandler.java:doStart(781)) - Started o.e.j.s.ServletContextHandler@51e7589f{/static,file:///workdir/hadoop-ozone/integration-test/target/test-classes/webapps/static,AVAILABLE}
2019-10-01 07:15:15,656 [main] INFO  handler.ContextHandler (ContextHandler.java:doStart(781)) - Started o.e.j.w.WebAppContext@2b43f314{/,file:///workdir/hadoop-ozone/integration-test/target/test-classes/webapps/scm/,AVAILABLE}{/scm}
2019-10-01 07:15:15,657 [main] INFO  server.AbstractConnector (AbstractConnector.java:doStart(278)) - Started ServerConnector@3a4a5f3c{HTTP/1.1,[http/1.1]}{0.0.0.0:33833}
2019-10-01 07:15:15,658 [main] INFO  server.Server (Server.java:doStart(419)) - Started @591761ms
2019-10-01 07:15:15,658 [main] WARN  impl.MetricsSystemImpl (MetricsSystemImpl.java:register(276)) - Sink prometheus already exists!
2019-10-01 07:15:15,658 [main] INFO  server.BaseHttpServer (BaseHttpServer.java:updateConnectorAddress(215)) - HTTP server of SCM is listening at http://0.0.0.0:33833
2019-10-01 07:15:15,659 [main] WARN  server.ServerUtils (ServerUtils.java:getDBPath(222)) - ozone.om.db.dirs is not configured. We recommend adding this setting. Falling back to ozone.metadata.dirs instead.
2019-10-01 07:15:15,659 [org.apache.hadoop.util.JvmPauseMonitor$Monitor@586cc15d] INFO  util.JvmPauseMonitor (JvmPauseMonitor.java:run(188)) - Starting JVM pause monitor
2019-10-01 07:15:15,684 [main] WARN  server.ServerUtils (ServerUtils.java:getDBPath(222)) - ozone.om.db.dirs is not configured. We recommend adding this setting. Falling back to ozone.metadata.dirs instead.
2019-10-01 07:15:15,684 [main] WARN  server.ServerUtils (ServerUtils.java:getDBPath(222)) - ozone.om.db.dirs is not configured. We recommend adding this setting. Falling back to ozone.metadata.dirs instead.
2019-10-01 07:15:15,684 [main] INFO  om.OzoneManager (OzoneManager.java:setOMNodeDetails(652)) - OM Service ID is not set. Setting it to the default ID: omServiceIdDefault
2019-10-01 07:15:15,685 [main] INFO  om.OzoneManager (OzoneManager.java:setOMNodeDetails(658)) - OM Node ID is not set. Setting it to the OmStorage's OmID: 8776551e-edbf-43c7-8355-d82e6a66ea4c
2019-10-01 07:15:15,685 [main] INFO  om.OzoneManager (OzoneManager.java:loadOMHAConfigs(609)) - Found matching OM address with OMServiceId: null, OMNodeId: null, RPC Address: localhost:0 and Ratis port: 9872
2019-10-01 07:15:15,693 [main] WARN  server.ServerUtils (ServerUtils.java:getDBPath(222)) - ozone.om.db.dirs is not configured. We recommend adding this setting. Falling back to ozone.metadata.dirs instead.
2019-10-01 07:15:15,694 [main] INFO  db.DBStoreBuilder (DBStoreBuilder.java:addTable(110)) - using custom profile for table: userTable
2019-10-01 07:15:15,694 [main] INFO  db.DBStoreBuilder (DBStoreBuilder.java:processTables(161)) - Using default column profile:DBProfile.DISK for Table:userTable
2019-10-01 07:15:15,694 [main] INFO  db.DBStoreBuilder (DBStoreBuilder.java:addTable(110)) - using custom profile for table: volumeTable
2019-10-01 07:15:15,695 [main] INFO  db.DBStoreBuilder (DBStoreBuilder.java:processTables(161)) - Using default column profile:DBProfile.DISK for Table:volumeTable
2019-10-01 07:15:15,695 [main] INFO  db.DBStoreBuilder (DBStoreBuilder.java:addTable(110)) - using custom profile for table: bucketTable
2019-10-01 07:15:15,695 [main] INFO  db.DBStoreBuilder (DBStoreBuilder.java:processTables(161)) - Using default column profile:DBProfile.DISK for Table:bucketTable
2019-10-01 07:15:15,695 [main] INFO  db.DBStoreBuilder (DBStoreBuilder.java:addTable(110)) - using custom profile for table: keyTable
2019-10-01 07:15:15,695 [main] INFO  db.DBStoreBuilder (DBStoreBuilder.java:processTables(161)) - Using default column profile:DBProfile.DISK for Table:keyTable
2019-10-01 07:15:15,696 [main] INFO  db.DBStoreBuilder (DBStoreBuilder.java:addTable(110)) - using custom profile for table: deletedTable
2019-10-01 07:15:15,696 [main] INFO  db.DBStoreBuilder (DBStoreBuilder.java:processTables(161)) - Using default column profile:DBProfile.DISK for Table:deletedTable
2019-10-01 07:15:15,696 [main] INFO  db.DBStoreBuilder (DBStoreBuilder.java:addTable(110)) - using custom profile for table: openKeyTable
2019-10-01 07:15:15,696 [main] INFO  db.DBStoreBuilder (DBStoreBuilder.java:processTables(161)) - Using default column profile:DBProfile.DISK for Table:openKeyTable
2019-10-01 07:15:15,697 [main] INFO  db.DBStoreBuilder (DBStoreBuilder.java:addTable(110)) - using custom profile for table: s3Table
2019-10-01 07:15:15,697 [main] INFO  db.DBStoreBuilder (DBStoreBuilder.java:processTables(161)) - Using default column profile:DBProfile.DISK for Table:s3Table
2019-10-01 07:15:15,697 [main] INFO  db.DBStoreBuilder (DBStoreBuilder.java:addTable(110)) - using custom profile for table: multipartInfoTable
2019-10-01 07:15:15,697 [main] INFO  db.DBStoreBuilder (DBStoreBuilder.java:processTables(161)) - Using default column profile:DBProfile.DISK for Table:multipartInfoTable
2019-10-01 07:15:15,697 [main] INFO  db.DBStoreBuilder (DBStoreBuilder.java:addTable(110)) - using custom profile for table: dTokenTable
2019-10-01 07:15:15,697 [main] INFO  db.DBStoreBuilder (DBStoreBuilder.java:processTables(161)) - Using default column profile:DBProfile.DISK for Table:dTokenTable
2019-10-01 07:15:15,698 [main] INFO  db.DBStoreBuilder (DBStoreBuilder.java:addTable(110)) - using custom profile for table: s3SecretTable
2019-10-01 07:15:15,698 [main] INFO  db.DBStoreBuilder (DBStoreBuilder.java:processTables(161)) - Using default column profile:DBProfile.DISK for Table:s3SecretTable
2019-10-01 07:15:15,698 [main] INFO  db.DBStoreBuilder (DBStoreBuilder.java:addTable(110)) - using custom profile for table: prefixTable
2019-10-01 07:15:15,698 [main] INFO  db.DBStoreBuilder (DBStoreBuilder.java:processTables(161)) - Using default column profile:DBProfile.DISK for Table:prefixTable
2019-10-01 07:15:15,699 [main] INFO  db.DBStoreBuilder (DBStoreBuilder.java:addTable(110)) - using custom profile for table: default
2019-10-01 07:15:15,699 [main] INFO  db.DBStoreBuilder (DBStoreBuilder.java:processTables(167)) - Using default column profile:DBProfile.DISK for Table:default
2019-10-01 07:15:15,699 [main] INFO  db.DBStoreBuilder (DBStoreBuilder.java:getDbProfile(198)) - Using default options. DBProfile.DISK
2019-10-01 07:15:16,780 [main] INFO  ipc.CallQueueManager (CallQueueManager.java:<init>(84)) - Using callQueue: class java.util.concurrent.LinkedBlockingQueue, queueCapacity: 2000, scheduler: class org.apache.hadoop.ipc.DefaultRpcScheduler, ipcBackoff: false.
2019-10-01 07:15:16,788 [Socket Reader #1 for port 45868] INFO  ipc.Server (Server.java:run(1074)) - Starting Socket Reader #1 for port 45868
2019-10-01 07:15:16,828 [main] INFO  om.OzoneManager (OzoneManager.java:start(1243)) - OzoneManager RPC server is listening at localhost/127.0.0.1:45868
2019-10-01 07:15:16,828 [main] INFO  impl.MetricsSystemImpl (MetricsSystemImpl.java:init(158)) - OzoneManager metrics system started (again)
2019-10-01 07:15:16,829 [IPC Server Responder] INFO  ipc.Server (Server.java:run(1314)) - IPC Server Responder: starting
2019-10-01 07:15:16,829 [IPC Server listener on 45868] INFO  ipc.Server (Server.java:run(1153)) - IPC Server listener on 45868: starting
2019-10-01 07:15:16,835 [main] INFO  hdfs.DFSUtil (DFSUtil.java:httpServerTemplateForNNAndJN(1641)) - Starting Web-server for ozoneManager at: http://0.0.0.0:0
2019-10-01 07:15:16,836 [main] INFO  server.AuthenticationFilter (AuthenticationFilter.java:constructSecretProvider(240)) - Unable to initialize FileSignerSecretProvider, falling back to use random secrets.
2019-10-01 07:15:16,836 [main] WARN  http.HttpRequestLog (HttpRequestLog.java:getRequestLog(97)) - Jetty request log can only be enabled using Log4j
2019-10-01 07:15:16,838 [main] INFO  http.HttpServer2 (HttpServer2.java:addGlobalFilter(975)) - Added global filter 'safety' (class=org.apache.hadoop.http.HttpServer2$QuotingInputFilter)
2019-10-01 07:15:16,838 [main] INFO  http.HttpServer2 (HttpServer2.java:addFilter(948)) - Added filter static_user_filter (class=org.apache.hadoop.http.lib.StaticUserWebFilter$StaticUserFilter) to context ozoneManager
2019-10-01 07:15:16,838 [main] INFO  http.HttpServer2 (HttpServer2.java:addFilter(958)) - Added filter static_user_filter (class=org.apache.hadoop.http.lib.StaticUserWebFilter$StaticUserFilter) to context logs
2019-10-01 07:15:16,839 [main] INFO  http.HttpServer2 (HttpServer2.java:addFilter(958)) - Added filter static_user_filter (class=org.apache.hadoop.http.lib.StaticUserWebFilter$StaticUserFilter) to context static
2019-10-01 07:15:16,839 [main] INFO  http.HttpServer2 (HttpServer2.java:bindListener(1191)) - Jetty bound to port 39928
2019-10-01 07:15:16,839 [main] INFO  server.Server (Server.java:doStart(351)) - jetty-9.3.25.v20180904, build timestamp: 2018-09-04T21:11:46Z, git hash: 3ce520221d0240229c862b122d2b06c12a625732
2019-10-01 07:15:16,843 [main] INFO  handler.ContextHandler (ContextHandler.java:doStart(781)) - Started o.e.j.s.ServletContextHandler@682e422c{/logs,file:///workdir/hadoop-ozone/integration-test/target/log,AVAILABLE}
2019-10-01 07:15:16,844 [main] INFO  handler.ContextHandler (ContextHandler.java:doStart(781)) - Started o.e.j.s.ServletContextHandler@2726a511{/static,file:///workdir/hadoop-ozone/integration-test/target/test-classes/webapps/static,AVAILABLE}
2019-10-01 07:15:16,849 [main] INFO  handler.ContextHandler (ContextHandler.java:doStart(781)) - Started o.e.j.w.WebAppContext@756808cc{/,file:///workdir/hadoop-ozone/integration-test/target/test-classes/webapps/ozoneManager/,AVAILABLE}{/ozoneManager}
2019-10-01 07:15:16,849 [main] INFO  server.AbstractConnector (AbstractConnector.java:doStart(278)) - Started ServerConnector@52f8a6f4{HTTP/1.1,[http/1.1]}{0.0.0.0:39928}
2019-10-01 07:15:16,854 [main] INFO  server.Server (Server.java:doStart(419)) - Started @592957ms
2019-10-01 07:15:16,854 [main] WARN  impl.MetricsSystemImpl (MetricsSystemImpl.java:register(276)) - Sink prometheus already exists!
2019-10-01 07:15:16,855 [main] INFO  server.BaseHttpServer (BaseHttpServer.java:updateConnectorAddress(215)) - HTTP server of OZONEMANAGER is listening at http://0.0.0.0:39928
2019-10-01 07:15:16,872 [main] INFO  impl.MetricsSystemImpl (MetricsSystemImpl.java:init(158)) - HddsDatanode metrics system started (again)
2019-10-01 07:15:16,879 [main] INFO  ozone.HddsDatanodeService (HddsDatanodeService.java:start(184)) - HddsDatanodeService host:pr-hdds-1984-bsjj8-3390809720 ip:192.168.30.18
2019-10-01 07:15:16,886 [main] INFO  volume.HddsVolume (HddsVolume.java:<init>(176)) - Creating Volume: /workdir/hadoop-ozone/integration-test/target/test-dir/MiniOzoneClusterImpl-2db916eb-b457-4fc6-8c12-ba4338359f32/datanode-0/data/containers/hdds of  storage type : DISK and capacity : 1482555576320
2019-10-01 07:15:16,887 [main] INFO  volume.VolumeSet (VolumeSet.java:initializeVolumeSet(170)) - Added Volume : /workdir/hadoop-ozone/integration-test/target/test-dir/MiniOzoneClusterImpl-2db916eb-b457-4fc6-8c12-ba4338359f32/datanode-0/data/containers/hdds to VolumeSet
2019-10-01 07:15:16,887 [main] INFO  volume.ThrottledAsyncChecker (ThrottledAsyncChecker.java:schedule(139)) - Scheduling a check for org.apache.hadoop.ozone.container.common.volume.HddsVolume@785ed99c
2019-10-01 07:15:16,887 [main] INFO  volume.HddsVolumeChecker (HddsVolumeChecker.java:checkAllVolumes(202)) - Scheduled health check for volume org.apache.hadoop.ozone.container.common.volume.HddsVolume@785ed99c
2019-10-01 07:15:16,901 [main] INFO  impl.RaftServerProxy (ConfUtils.java:logGet(43)) - raft.rpc.type = GRPC (default)
2019-10-01 07:15:16,902 [main] INFO  grpc.GrpcFactory (GrpcFactory.java:checkPooledByteBufAllocatorUseCacheForAllThreads(45)) - PERFORMANCE WARNING: useCacheForAllThreads is true that may cause Netty to create a lot garbage objects and, as a result, trigger GC.
	It is recommended to disable useCacheForAllThreads by setting -Dorg.apache.ratis.thirdparty.io.netty.allocator.useCacheForAllThreads=false in command line.
2019-10-01 07:15:16,902 [main] INFO  grpc.GrpcConfigKeys$Server (ConfUtils.java:logGet(43)) - raft.grpc.server.port = 0 (default)
2019-10-01 07:15:16,902 [main] INFO  server.GrpcService (ConfUtils.java:logGet(43)) - raft.grpc.message.size.max = 33570816 (custom)
2019-10-01 07:15:16,902 [main] INFO  server.RaftServerConfigKeys (ConfUtils.java:logGet(43)) - raft.server.log.appender.buffer.byte-limit = 33554432 (custom)
2019-10-01 07:15:16,903 [main] INFO  server.GrpcService (ConfUtils.java:logGet(43)) - raft.grpc.flow.control.window = 1MB (=1048576) (default)
2019-10-01 07:15:16,903 [main] INFO  server.RaftServerConfigKeys (ConfUtils.java:logGet(43)) - raft.server.rpc.request.timeout = 3000ms (default)
2019-10-01 07:15:16,904 [main] INFO  server.RaftServerConfigKeys (ConfUtils.java:logGet(43)) - raft.server.storage.dir = [/workdir/hadoop-ozone/integration-test/target/test-dir/MiniOzoneClusterImpl-2db916eb-b457-4fc6-8c12-ba4338359f32/datanode-0/data/ratis] (custom)
2019-10-01 07:15:16,905 [main] INFO  hdfs.DFSUtil (DFSUtil.java:httpServerTemplateForNNAndJN(1641)) - Starting Web-server for hddsDatanode at: http://0.0.0.0:0
2019-10-01 07:15:16,906 [main] INFO  server.AuthenticationFilter (AuthenticationFilter.java:constructSecretProvider(240)) - Unable to initialize FileSignerSecretProvider, falling back to use random secrets.
2019-10-01 07:15:16,907 [main] WARN  http.HttpRequestLog (HttpRequestLog.java:getRequestLog(97)) - Jetty request log can only be enabled using Log4j
2019-10-01 07:15:16,908 [main] INFO  http.HttpServer2 (HttpServer2.java:addGlobalFilter(975)) - Added global filter 'safety' (class=org.apache.hadoop.http.HttpServer2$QuotingInputFilter)
2019-10-01 07:15:16,908 [main] INFO  http.HttpServer2 (HttpServer2.java:addFilter(948)) - Added filter static_user_filter (class=org.apache.hadoop.http.lib.StaticUserWebFilter$StaticUserFilter) to context hddsDatanode
2019-10-01 07:15:16,908 [main] INFO  http.HttpServer2 (HttpServer2.java:addFilter(958)) - Added filter static_user_filter (class=org.apache.hadoop.http.lib.StaticUserWebFilter$StaticUserFilter) to context logs
2019-10-01 07:15:16,908 [main] INFO  http.HttpServer2 (HttpServer2.java:addFilter(958)) - Added filter static_user_filter (class=org.apache.hadoop.http.lib.StaticUserWebFilter$StaticUserFilter) to context static
2019-10-01 07:15:16,909 [main] INFO  http.HttpServer2 (HttpServer2.java:bindListener(1191)) - Jetty bound to port 33884
2019-10-01 07:15:16,909 [main] INFO  server.Server (Server.java:doStart(351)) - jetty-9.3.25.v20180904, build timestamp: 2018-09-04T21:11:46Z, git hash: 3ce520221d0240229c862b122d2b06c12a625732
2019-10-01 07:15:16,911 [main] INFO  handler.ContextHandler (ContextHandler.java:doStart(781)) - Started o.e.j.s.ServletContextHandler@571a663c{/logs,file:///workdir/hadoop-ozone/integration-test/target/log,AVAILABLE}
2019-10-01 07:15:16,911 [main] INFO  handler.ContextHandler (ContextHandler.java:doStart(781)) - Started o.e.j.s.ServletContextHandler@430df350{/static,jar:file:/home/user/.m2/repository/org/apache/hadoop/hadoop-hdds-container-service/0.5.0-SNAPSHOT/hadoop-hdds-container-service-0.5.0-SNAPSHOT.jar!/webapps/static,AVAILABLE}
2019-10-01 07:15:16,937 [main] INFO  handler.ContextHandler (ContextHandler.java:doStart(781)) - Started o.e.j.w.WebAppContext@48e41b5d{/,file:///tmp/jetty-0.0.0.0-33884-hddsDatanode-_-any-2858328867866535217.dir/webapp/,AVAILABLE}{/hddsDatanode}
2019-10-01 07:15:16,937 [main] INFO  server.AbstractConnector (AbstractConnector.java:doStart(278)) - Started ServerConnector@51e8d066{HTTP/1.1,[http/1.1]}{0.0.0.0:33884}
2019-10-01 07:15:16,938 [main] INFO  server.Server (Server.java:doStart(419)) - Started @593041ms
2019-10-01 07:15:16,939 [main] WARN  impl.MetricsSystemImpl (MetricsSystemImpl.java:register(276)) - Sink prometheus already exists!
2019-10-01 07:15:16,939 [main] INFO  server.BaseHttpServer (BaseHttpServer.java:updateConnectorAddress(215)) - HTTP server of HDDSDATANODE is listening at http://0.0.0.0:33884
2019-10-01 07:15:16,939 [main] INFO  impl.MetricsSystemImpl (MetricsSystemImpl.java:init(158)) - HddsDatanode metrics system started (again)
2019-10-01 07:15:16,943 [main] INFO  ozone.HddsDatanodeService (HddsDatanodeService.java:start(184)) - HddsDatanodeService host:pr-hdds-1984-bsjj8-3390809720 ip:192.168.30.18
2019-10-01 07:15:16,943 [org.apache.hadoop.util.JvmPauseMonitor$Monitor@2d2b4b2a] INFO  util.JvmPauseMonitor (JvmPauseMonitor.java:run(188)) - Starting JVM pause monitor
2019-10-01 07:15:16,945 [Datanode State Machine Thread - 0] INFO  datanode.InitDatanodeState (InitDatanodeState.java:persistContainerDatanodeDetails(140)) - DatanodeDetails is persisted to /workdir/hadoop-ozone/integration-test/target/test-dir/MiniOzoneClusterImpl-2db916eb-b457-4fc6-8c12-ba4338359f32/datanode-0/meta/datanode.id
2019-10-01 07:15:16,950 [main] INFO  volume.HddsVolume (HddsVolume.java:<init>(176)) - Creating Volume: /workdir/hadoop-ozone/integration-test/target/test-dir/MiniOzoneClusterImpl-2db916eb-b457-4fc6-8c12-ba4338359f32/datanode-1/data/containers/hdds of  storage type : DISK and capacity : 1482555576320
2019-10-01 07:15:16,950 [main] INFO  volume.VolumeSet (VolumeSet.java:initializeVolumeSet(170)) - Added Volume : /workdir/hadoop-ozone/integration-test/target/test-dir/MiniOzoneClusterImpl-2db916eb-b457-4fc6-8c12-ba4338359f32/datanode-1/data/containers/hdds to VolumeSet
2019-10-01 07:15:16,951 [main] INFO  volume.ThrottledAsyncChecker (ThrottledAsyncChecker.java:schedule(139)) - Scheduling a check for org.apache.hadoop.ozone.container.common.volume.HddsVolume@6fbf5db2
2019-10-01 07:15:16,951 [main] INFO  volume.HddsVolumeChecker (HddsVolumeChecker.java:checkAllVolumes(202)) - Scheduled health check for volume org.apache.hadoop.ozone.container.common.volume.HddsVolume@6fbf5db2
2019-10-01 07:15:16,964 [main] INFO  impl.RaftServerProxy (ConfUtils.java:logGet(43)) - raft.rpc.type = GRPC (default)
2019-10-01 07:15:16,964 [main] INFO  grpc.GrpcFactory (GrpcFactory.java:checkPooledByteBufAllocatorUseCacheForAllThreads(45)) - PERFORMANCE WARNING: useCacheForAllThreads is true that may cause Netty to create a lot garbage objects and, as a result, trigger GC.
	It is recommended to disable useCacheForAllThreads by setting -Dorg.apache.ratis.thirdparty.io.netty.allocator.useCacheForAllThreads=false in command line.
2019-10-01 07:15:16,964 [main] INFO  grpc.GrpcConfigKeys$Server (ConfUtils.java:logGet(43)) - raft.grpc.server.port = 0 (default)
2019-10-01 07:15:16,964 [main] INFO  server.GrpcService (ConfUtils.java:logGet(43)) - raft.grpc.message.size.max = 33570816 (custom)
2019-10-01 07:15:16,964 [main] INFO  server.RaftServerConfigKeys (ConfUtils.java:logGet(43)) - raft.server.log.appender.buffer.byte-limit = 33554432 (custom)
2019-10-01 07:15:16,965 [main] INFO  server.GrpcService (ConfUtils.java:logGet(43)) - raft.grpc.flow.control.window = 1MB (=1048576) (default)
2019-10-01 07:15:16,965 [main] INFO  server.RaftServerConfigKeys (ConfUtils.java:logGet(43)) - raft.server.rpc.request.timeout = 3000ms (default)
2019-10-01 07:15:16,965 [main] INFO  server.RaftServerConfigKeys (ConfUtils.java:logGet(43)) - raft.server.storage.dir = [/workdir/hadoop-ozone/integration-test/target/test-dir/MiniOzoneClusterImpl-2db916eb-b457-4fc6-8c12-ba4338359f32/datanode-1/data/ratis] (custom)
2019-10-01 07:15:16,966 [main] INFO  hdfs.DFSUtil (DFSUtil.java:httpServerTemplateForNNAndJN(1641)) - Starting Web-server for hddsDatanode at: http://0.0.0.0:0
2019-10-01 07:15:16,967 [main] INFO  server.AuthenticationFilter (AuthenticationFilter.java:constructSecretProvider(240)) - Unable to initialize FileSignerSecretProvider, falling back to use random secrets.
2019-10-01 07:15:16,968 [main] WARN  http.HttpRequestLog (HttpRequestLog.java:getRequestLog(97)) - Jetty request log can only be enabled using Log4j
2019-10-01 07:15:16,969 [main] INFO  http.HttpServer2 (HttpServer2.java:addGlobalFilter(975)) - Added global filter 'safety' (class=org.apache.hadoop.http.HttpServer2$QuotingInputFilter)
2019-10-01 07:15:16,969 [main] INFO  http.HttpServer2 (HttpServer2.java:addFilter(948)) - Added filter static_user_filter (class=org.apache.hadoop.http.lib.StaticUserWebFilter$StaticUserFilter) to context hddsDatanode
2019-10-01 07:15:16,969 [main] INFO  http.HttpServer2 (HttpServer2.java:addFilter(958)) - Added filter static_user_filter (class=org.apache.hadoop.http.lib.StaticUserWebFilter$StaticUserFilter) to context static
2019-10-01 07:15:16,969 [main] INFO  http.HttpServer2 (HttpServer2.java:addFilter(958)) - Added filter static_user_filter (class=org.apache.hadoop.http.lib.StaticUserWebFilter$StaticUserFilter) to context logs
2019-10-01 07:15:16,970 [main] INFO  http.HttpServer2 (HttpServer2.java:bindListener(1191)) - Jetty bound to port 36035
2019-10-01 07:15:16,970 [main] INFO  server.Server (Server.java:doStart(351)) - jetty-9.3.25.v20180904, build timestamp: 2018-09-04T21:11:46Z, git hash: 3ce520221d0240229c862b122d2b06c12a625732
2019-10-01 07:15:16,972 [main] INFO  handler.ContextHandler (ContextHandler.java:doStart(781)) - Started o.e.j.s.ServletContextHandler@584ca390{/logs,file:///workdir/hadoop-ozone/integration-test/target/log,AVAILABLE}
2019-10-01 07:15:16,972 [main] INFO  handler.ContextHandler (ContextHandler.java:doStart(781)) - Started o.e.j.s.ServletContextHandler@37d3e140{/static,jar:file:/home/user/.m2/repository/org/apache/hadoop/hadoop-hdds-container-service/0.5.0-SNAPSHOT/hadoop-hdds-container-service-0.5.0-SNAPSHOT.jar!/webapps/static,AVAILABLE}
2019-10-01 07:15:16,999 [main] INFO  handler.ContextHandler (ContextHandler.java:doStart(781)) - Started o.e.j.w.WebAppContext@37775bb1{/,file:///tmp/jetty-0.0.0.0-36035-hddsDatanode-_-any-414049180919035353.dir/webapp/,AVAILABLE}{/hddsDatanode}
2019-10-01 07:15:16,999 [main] INFO  server.AbstractConnector (AbstractConnector.java:doStart(278)) - Started ServerConnector@7b9e25bd{HTTP/1.1,[http/1.1]}{0.0.0.0:36035}
2019-10-01 07:15:17,002 [main] INFO  server.Server (Server.java:doStart(419)) - Started @593105ms
2019-10-01 07:15:17,002 [main] WARN  impl.MetricsSystemImpl (MetricsSystemImpl.java:register(276)) - Sink prometheus already exists!
2019-10-01 07:15:17,003 [main] INFO  server.BaseHttpServer (BaseHttpServer.java:updateConnectorAddress(215)) - HTTP server of HDDSDATANODE is listening at http://0.0.0.0:36035
2019-10-01 07:15:17,003 [main] INFO  impl.MetricsSystemImpl (MetricsSystemImpl.java:init(158)) - HddsDatanode metrics system started (again)
2019-10-01 07:15:17,008 [org.apache.hadoop.util.JvmPauseMonitor$Monitor@151208d6] INFO  util.JvmPauseMonitor (JvmPauseMonitor.java:run(188)) - Starting JVM pause monitor
2019-10-01 07:15:17,009 [main] INFO  ozone.HddsDatanodeService (HddsDatanodeService.java:start(184)) - HddsDatanodeService host:pr-hdds-1984-bsjj8-3390809720 ip:192.168.30.18
2019-10-01 07:15:17,009 [Datanode State Machine Thread - 0] INFO  datanode.InitDatanodeState (InitDatanodeState.java:persistContainerDatanodeDetails(140)) - DatanodeDetails is persisted to /workdir/hadoop-ozone/integration-test/target/test-dir/MiniOzoneClusterImpl-2db916eb-b457-4fc6-8c12-ba4338359f32/datanode-1/meta/datanode.id
2019-10-01 07:15:17,015 [main] INFO  volume.HddsVolume (HddsVolume.java:<init>(176)) - Creating Volume: /workdir/hadoop-ozone/integration-test/target/test-dir/MiniOzoneClusterImpl-2db916eb-b457-4fc6-8c12-ba4338359f32/datanode-2/data/containers/hdds of  storage type : DISK and capacity : 1482555576320
2019-10-01 07:15:17,015 [main] INFO  volume.VolumeSet (VolumeSet.java:initializeVolumeSet(170)) - Added Volume : /workdir/hadoop-ozone/integration-test/target/test-dir/MiniOzoneClusterImpl-2db916eb-b457-4fc6-8c12-ba4338359f32/datanode-2/data/containers/hdds to VolumeSet
2019-10-01 07:15:17,015 [main] INFO  volume.ThrottledAsyncChecker (ThrottledAsyncChecker.java:schedule(139)) - Scheduling a check for org.apache.hadoop.ozone.container.common.volume.HddsVolume@477523ba
2019-10-01 07:15:17,017 [main] INFO  volume.HddsVolumeChecker (HddsVolumeChecker.java:checkAllVolumes(202)) - Scheduled health check for volume org.apache.hadoop.ozone.container.common.volume.HddsVolume@477523ba
2019-10-01 07:15:17,029 [main] INFO  impl.RaftServerProxy (ConfUtils.java:logGet(43)) - raft.rpc.type = GRPC (default)
2019-10-01 07:15:17,029 [main] INFO  grpc.GrpcFactory (GrpcFactory.java:checkPooledByteBufAllocatorUseCacheForAllThreads(45)) - PERFORMANCE WARNING: useCacheForAllThreads is true that may cause Netty to create a lot garbage objects and, as a result, trigger GC.
	It is recommended to disable useCacheForAllThreads by setting -Dorg.apache.ratis.thirdparty.io.netty.allocator.useCacheForAllThreads=false in command line.
2019-10-01 07:15:17,029 [main] INFO  grpc.GrpcConfigKeys$Server (ConfUtils.java:logGet(43)) - raft.grpc.server.port = 0 (default)
2019-10-01 07:15:17,030 [main] INFO  server.GrpcService (ConfUtils.java:logGet(43)) - raft.grpc.message.size.max = 33570816 (custom)
2019-10-01 07:15:17,030 [main] INFO  server.RaftServerConfigKeys (ConfUtils.java:logGet(43)) - raft.server.log.appender.buffer.byte-limit = 33554432 (custom)
2019-10-01 07:15:17,030 [main] INFO  server.GrpcService (ConfUtils.java:logGet(43)) - raft.grpc.flow.control.window = 1MB (=1048576) (default)
2019-10-01 07:15:17,030 [main] INFO  server.RaftServerConfigKeys (ConfUtils.java:logGet(43)) - raft.server.rpc.request.timeout = 3000ms (default)
2019-10-01 07:15:17,031 [main] INFO  server.RaftServerConfigKeys (ConfUtils.java:logGet(43)) - raft.server.storage.dir = [/workdir/hadoop-ozone/integration-test/target/test-dir/MiniOzoneClusterImpl-2db916eb-b457-4fc6-8c12-ba4338359f32/datanode-2/data/ratis] (custom)
2019-10-01 07:15:17,032 [main] INFO  hdfs.DFSUtil (DFSUtil.java:httpServerTemplateForNNAndJN(1641)) - Starting Web-server for hddsDatanode at: http://0.0.0.0:0
2019-10-01 07:15:17,034 [main] INFO  server.AuthenticationFilter (AuthenticationFilter.java:constructSecretProvider(240)) - Unable to initialize FileSignerSecretProvider, falling back to use random secrets.
2019-10-01 07:15:17,034 [main] WARN  http.HttpRequestLog (HttpRequestLog.java:getRequestLog(97)) - Jetty request log can only be enabled using Log4j
2019-10-01 07:15:17,035 [main] INFO  http.HttpServer2 (HttpServer2.java:addGlobalFilter(975)) - Added global filter 'safety' (class=org.apache.hadoop.http.HttpServer2$QuotingInputFilter)
2019-10-01 07:15:17,036 [main] INFO  http.HttpServer2 (HttpServer2.java:addFilter(948)) - Added filter static_user_filter (class=org.apache.hadoop.http.lib.StaticUserWebFilter$StaticUserFilter) to context hddsDatanode
2019-10-01 07:15:17,036 [main] INFO  http.HttpServer2 (HttpServer2.java:addFilter(958)) - Added filter static_user_filter (class=org.apache.hadoop.http.lib.StaticUserWebFilter$StaticUserFilter) to context logs
2019-10-01 07:15:17,036 [main] INFO  http.HttpServer2 (HttpServer2.java:addFilter(958)) - Added filter static_user_filter (class=org.apache.hadoop.http.lib.StaticUserWebFilter$StaticUserFilter) to context static
2019-10-01 07:15:17,037 [main] INFO  http.HttpServer2 (HttpServer2.java:bindListener(1191)) - Jetty bound to port 39914
2019-10-01 07:15:17,037 [main] INFO  server.Server (Server.java:doStart(351)) - jetty-9.3.25.v20180904, build timestamp: 2018-09-04T21:11:46Z, git hash: 3ce520221d0240229c862b122d2b06c12a625732
2019-10-01 07:15:17,038 [main] INFO  handler.ContextHandler (ContextHandler.java:doStart(781)) - Started o.e.j.s.ServletContextHandler@71531dd7{/logs,file:///workdir/hadoop-ozone/integration-test/target/log,AVAILABLE}
2019-10-01 07:15:17,038 [main] INFO  handler.ContextHandler (ContextHandler.java:doStart(781)) - Started o.e.j.s.ServletContextHandler@624b3544{/static,jar:file:/home/user/.m2/repository/org/apache/hadoop/hadoop-hdds-container-service/0.5.0-SNAPSHOT/hadoop-hdds-container-service-0.5.0-SNAPSHOT.jar!/webapps/static,AVAILABLE}
2019-10-01 07:15:17,063 [main] INFO  handler.ContextHandler (ContextHandler.java:doStart(781)) - Started o.e.j.w.WebAppContext@27f71195{/,file:///tmp/jetty-0.0.0.0-39914-hddsDatanode-_-any-1297270279484176296.dir/webapp/,AVAILABLE}{/hddsDatanode}
2019-10-01 07:15:17,064 [main] INFO  server.AbstractConnector (AbstractConnector.java:doStart(278)) - Started ServerConnector@340afaf8{HTTP/1.1,[http/1.1]}{0.0.0.0:39914}
2019-10-01 07:15:17,064 [main] INFO  server.Server (Server.java:doStart(419)) - Started @593167ms
2019-10-01 07:15:17,065 [main] WARN  impl.MetricsSystemImpl (MetricsSystemImpl.java:register(276)) - Sink prometheus already exists!
2019-10-01 07:15:17,066 [main] INFO  server.BaseHttpServer (BaseHttpServer.java:updateConnectorAddress(215)) - HTTP server of HDDSDATANODE is listening at http://0.0.0.0:39914
2019-10-01 07:15:17,066 [main] INFO  impl.MetricsSystemImpl (MetricsSystemImpl.java:init(158)) - HddsDatanode metrics system started (again)
2019-10-01 07:15:17,070 [org.apache.hadoop.util.JvmPauseMonitor$Monitor@6debfb43] INFO  util.JvmPauseMonitor (JvmPauseMonitor.java:run(188)) - Starting JVM pause monitor
2019-10-01 07:15:17,071 [main] INFO  ozone.HddsDatanodeService (HddsDatanodeService.java:start(184)) - HddsDatanodeService host:pr-hdds-1984-bsjj8-3390809720 ip:192.168.30.18
2019-10-01 07:15:17,072 [Datanode State Machine Thread - 0] INFO  datanode.InitDatanodeState (InitDatanodeState.java:persistContainerDatanodeDetails(140)) - DatanodeDetails is persisted to /workdir/hadoop-ozone/integration-test/target/test-dir/MiniOzoneClusterImpl-2db916eb-b457-4fc6-8c12-ba4338359f32/datanode-2/meta/datanode.id
2019-10-01 07:15:17,076 [main] INFO  volume.HddsVolume (HddsVolume.java:<init>(176)) - Creating Volume: /workdir/hadoop-ozone/integration-test/target/test-dir/MiniOzoneClusterImpl-2db916eb-b457-4fc6-8c12-ba4338359f32/datanode-3/data/containers/hdds of  storage type : DISK and capacity : 1482555576320
2019-10-01 07:15:17,076 [main] INFO  volume.VolumeSet (VolumeSet.java:initializeVolumeSet(170)) - Added Volume : /workdir/hadoop-ozone/integration-test/target/test-dir/MiniOzoneClusterImpl-2db916eb-b457-4fc6-8c12-ba4338359f32/datanode-3/data/containers/hdds to VolumeSet
2019-10-01 07:15:17,077 [main] INFO  volume.ThrottledAsyncChecker (ThrottledAsyncChecker.java:schedule(139)) - Scheduling a check for org.apache.hadoop.ozone.container.common.volume.HddsVolume@2ce524d2
2019-10-01 07:15:17,077 [main] INFO  volume.HddsVolumeChecker (HddsVolumeChecker.java:checkAllVolumes(202)) - Scheduled health check for volume org.apache.hadoop.ozone.container.common.volume.HddsVolume@2ce524d2
2019-10-01 07:15:17,095 [main] INFO  impl.RaftServerProxy (ConfUtils.java:logGet(43)) - raft.rpc.type = GRPC (default)
2019-10-01 07:15:17,095 [main] INFO  grpc.GrpcFactory (GrpcFactory.java:checkPooledByteBufAllocatorUseCacheForAllThreads(45)) - PERFORMANCE WARNING: useCacheForAllThreads is true that may cause Netty to create a lot garbage objects and, as a result, trigger GC.
	It is recommended to disable useCacheForAllThreads by setting -Dorg.apache.ratis.thirdparty.io.netty.allocator.useCacheForAllThreads=false in command line.
2019-10-01 07:15:17,096 [main] INFO  grpc.GrpcConfigKeys$Server (ConfUtils.java:logGet(43)) - raft.grpc.server.port = 0 (default)
2019-10-01 07:15:17,096 [main] INFO  server.GrpcService (ConfUtils.java:logGet(43)) - raft.grpc.message.size.max = 33570816 (custom)
2019-10-01 07:15:17,096 [main] INFO  server.RaftServerConfigKeys (ConfUtils.java:logGet(43)) - raft.server.log.appender.buffer.byte-limit = 33554432 (custom)
2019-10-01 07:15:17,097 [main] INFO  server.GrpcService (ConfUtils.java:logGet(43)) - raft.grpc.flow.control.window = 1MB (=1048576) (default)
2019-10-01 07:15:17,097 [main] INFO  server.RaftServerConfigKeys (ConfUtils.java:logGet(43)) - raft.server.rpc.request.timeout = 3000ms (default)
2019-10-01 07:15:17,098 [main] INFO  server.RaftServerConfigKeys (ConfUtils.java:logGet(43)) - raft.server.storage.dir = [/workdir/hadoop-ozone/integration-test/target/test-dir/MiniOzoneClusterImpl-2db916eb-b457-4fc6-8c12-ba4338359f32/datanode-3/data/ratis] (custom)
2019-10-01 07:15:17,099 [main] INFO  hdfs.DFSUtil (DFSUtil.java:httpServerTemplateForNNAndJN(1641)) - Starting Web-server for hddsDatanode at: http://0.0.0.0:0
2019-10-01 07:15:17,101 [main] INFO  server.AuthenticationFilter (AuthenticationFilter.java:constructSecretProvider(240)) - Unable to initialize FileSignerSecretProvider, falling back to use random secrets.
2019-10-01 07:15:17,102 [main] WARN  http.HttpRequestLog (HttpRequestLog.java:getRequestLog(97)) - Jetty request log can only be enabled using Log4j
2019-10-01 07:15:17,104 [main] INFO  http.HttpServer2 (HttpServer2.java:addGlobalFilter(975)) - Added global filter 'safety' (class=org.apache.hadoop.http.HttpServer2$QuotingInputFilter)
2019-10-01 07:15:17,104 [main] INFO  http.HttpServer2 (HttpServer2.java:addFilter(948)) - Added filter static_user_filter (class=org.apache.hadoop.http.lib.StaticUserWebFilter$StaticUserFilter) to context hddsDatanode
2019-10-01 07:15:17,105 [main] INFO  http.HttpServer2 (HttpServer2.java:addFilter(958)) - Added filter static_user_filter (class=org.apache.hadoop.http.lib.StaticUserWebFilter$StaticUserFilter) to context logs
2019-10-01 07:15:17,105 [main] INFO  http.HttpServer2 (HttpServer2.java:addFilter(958)) - Added filter static_user_filter (class=org.apache.hadoop.http.lib.StaticUserWebFilter$StaticUserFilter) to context static
2019-10-01 07:15:17,106 [main] INFO  http.HttpServer2 (HttpServer2.java:bindListener(1191)) - Jetty bound to port 34989
2019-10-01 07:15:17,106 [main] INFO  server.Server (Server.java:doStart(351)) - jetty-9.3.25.v20180904, build timestamp: 2018-09-04T21:11:46Z, git hash: 3ce520221d0240229c862b122d2b06c12a625732
2019-10-01 07:15:17,108 [main] INFO  handler.ContextHandler (ContextHandler.java:doStart(781)) - Started o.e.j.s.ServletContextHandler@70be89ec{/logs,file:///workdir/hadoop-ozone/integration-test/target/log,AVAILABLE}
2019-10-01 07:15:17,109 [main] INFO  handler.ContextHandler (ContextHandler.java:doStart(781)) - Started o.e.j.s.ServletContextHandler@19a5b637{/static,jar:file:/home/user/.m2/repository/org/apache/hadoop/hadoop-hdds-container-service/0.5.0-SNAPSHOT/hadoop-hdds-container-service-0.5.0-SNAPSHOT.jar!/webapps/static,AVAILABLE}
2019-10-01 07:15:17,141 [main] INFO  handler.ContextHandler (ContextHandler.java:doStart(781)) - Started o.e.j.w.WebAppContext@458031da{/,file:///tmp/jetty-0.0.0.0-34989-hddsDatanode-_-any-9176509969739788810.dir/webapp/,AVAILABLE}{/hddsDatanode}
2019-10-01 07:15:17,141 [main] INFO  server.AbstractConnector (AbstractConnector.java:doStart(278)) - Started ServerConnector@7be94cd6{HTTP/1.1,[http/1.1]}{0.0.0.0:34989}
2019-10-01 07:15:17,143 [main] INFO  server.Server (Server.java:doStart(419)) - Started @593247ms
2019-10-01 07:15:17,144 [main] WARN  impl.MetricsSystemImpl (MetricsSystemImpl.java:register(276)) - Sink prometheus already exists!
2019-10-01 07:15:17,144 [main] INFO  server.BaseHttpServer (BaseHttpServer.java:updateConnectorAddress(215)) - HTTP server of HDDSDATANODE is listening at http://0.0.0.0:34989
2019-10-01 07:15:17,144 [main] INFO  impl.MetricsSystemImpl (MetricsSystemImpl.java:init(158)) - HddsDatanode metrics system started (again)
2019-10-01 07:15:17,149 [org.apache.hadoop.util.JvmPauseMonitor$Monitor@78e04681] INFO  util.JvmPauseMonitor (JvmPauseMonitor.java:run(188)) - Starting JVM pause monitor
2019-10-01 07:15:17,150 [main] INFO  ozone.HddsDatanodeService (HddsDatanodeService.java:start(184)) - HddsDatanodeService host:pr-hdds-1984-bsjj8-3390809720 ip:192.168.30.18
2019-10-01 07:15:17,150 [Datanode State Machine Thread - 0] INFO  datanode.InitDatanodeState (InitDatanodeState.java:persistContainerDatanodeDetails(140)) - DatanodeDetails is persisted to /workdir/hadoop-ozone/integration-test/target/test-dir/MiniOzoneClusterImpl-2db916eb-b457-4fc6-8c12-ba4338359f32/datanode-3/meta/datanode.id
2019-10-01 07:15:17,156 [main] INFO  volume.HddsVolume (HddsVolume.java:<init>(176)) - Creating Volume: /workdir/hadoop-ozone/integration-test/target/test-dir/MiniOzoneClusterImpl-2db916eb-b457-4fc6-8c12-ba4338359f32/datanode-4/data/containers/hdds of  storage type : DISK and capacity : 1482555576320
2019-10-01 07:15:17,156 [main] INFO  volume.VolumeSet (VolumeSet.java:initializeVolumeSet(170)) - Added Volume : /workdir/hadoop-ozone/integration-test/target/test-dir/MiniOzoneClusterImpl-2db916eb-b457-4fc6-8c12-ba4338359f32/datanode-4/data/containers/hdds to VolumeSet
2019-10-01 07:15:17,157 [main] INFO  volume.ThrottledAsyncChecker (ThrottledAsyncChecker.java:schedule(139)) - Scheduling a check for org.apache.hadoop.ozone.container.common.volume.HddsVolume@9408857
2019-10-01 07:15:17,157 [main] INFO  volume.HddsVolumeChecker (HddsVolumeChecker.java:checkAllVolumes(202)) - Scheduled health check for volume org.apache.hadoop.ozone.container.common.volume.HddsVolume@9408857
2019-10-01 07:15:17,171 [main] INFO  impl.RaftServerProxy (ConfUtils.java:logGet(43)) - raft.rpc.type = GRPC (default)
2019-10-01 07:15:17,171 [main] INFO  grpc.GrpcFactory (GrpcFactory.java:checkPooledByteBufAllocatorUseCacheForAllThreads(45)) - PERFORMANCE WARNING: useCacheForAllThreads is true that may cause Netty to create a lot garbage objects and, as a result, trigger GC.
	It is recommended to disable useCacheForAllThreads by setting -Dorg.apache.ratis.thirdparty.io.netty.allocator.useCacheForAllThreads=false in command line.
2019-10-01 07:15:17,171 [main] INFO  grpc.GrpcConfigKeys$Server (ConfUtils.java:logGet(43)) - raft.grpc.server.port = 0 (default)
2019-10-01 07:15:17,171 [main] INFO  server.GrpcService (ConfUtils.java:logGet(43)) - raft.grpc.message.size.max = 33570816 (custom)
2019-10-01 07:15:17,171 [main] INFO  server.RaftServerConfigKeys (ConfUtils.java:logGet(43)) - raft.server.log.appender.buffer.byte-limit = 33554432 (custom)
2019-10-01 07:15:17,172 [main] INFO  server.GrpcService (ConfUtils.java:logGet(43)) - raft.grpc.flow.control.window = 1MB (=1048576) (default)
2019-10-01 07:15:17,172 [main] INFO  server.RaftServerConfigKeys (ConfUtils.java:logGet(43)) - raft.server.rpc.request.timeout = 3000ms (default)
2019-10-01 07:15:17,172 [main] INFO  server.RaftServerConfigKeys (ConfUtils.java:logGet(43)) - raft.server.storage.dir = [/workdir/hadoop-ozone/integration-test/target/test-dir/MiniOzoneClusterImpl-2db916eb-b457-4fc6-8c12-ba4338359f32/datanode-4/data/ratis] (custom)
2019-10-01 07:15:17,174 [main] INFO  hdfs.DFSUtil (DFSUtil.java:httpServerTemplateForNNAndJN(1641)) - Starting Web-server for hddsDatanode at: http://0.0.0.0:0
2019-10-01 07:15:17,175 [main] INFO  server.AuthenticationFilter (AuthenticationFilter.java:constructSecretProvider(240)) - Unable to initialize FileSignerSecretProvider, falling back to use random secrets.
2019-10-01 07:15:17,175 [main] WARN  http.HttpRequestLog (HttpRequestLog.java:getRequestLog(97)) - Jetty request log can only be enabled using Log4j
2019-10-01 07:15:17,176 [main] INFO  http.HttpServer2 (HttpServer2.java:addGlobalFilter(975)) - Added global filter 'safety' (class=org.apache.hadoop.http.HttpServer2$QuotingInputFilter)
2019-10-01 07:15:17,177 [main] INFO  http.HttpServer2 (HttpServer2.java:addFilter(948)) - Added filter static_user_filter (class=org.apache.hadoop.http.lib.StaticUserWebFilter$StaticUserFilter) to context hddsDatanode
2019-10-01 07:15:17,177 [main] INFO  http.HttpServer2 (HttpServer2.java:addFilter(958)) - Added filter static_user_filter (class=org.apache.hadoop.http.lib.StaticUserWebFilter$StaticUserFilter) to context logs
2019-10-01 07:15:17,177 [main] INFO  http.HttpServer2 (HttpServer2.java:addFilter(958)) - Added filter static_user_filter (class=org.apache.hadoop.http.lib.StaticUserWebFilter$StaticUserFilter) to context static
2019-10-01 07:15:17,177 [main] INFO  http.HttpServer2 (HttpServer2.java:bindListener(1191)) - Jetty bound to port 41592
2019-10-01 07:15:17,178 [main] INFO  server.Server (Server.java:doStart(351)) - jetty-9.3.25.v20180904, build timestamp: 2018-09-04T21:11:46Z, git hash: 3ce520221d0240229c862b122d2b06c12a625732
2019-10-01 07:15:17,179 [main] INFO  handler.ContextHandler (ContextHandler.java:doStart(781)) - Started o.e.j.s.ServletContextHandler@597d48ca{/logs,file:///workdir/hadoop-ozone/integration-test/target/log,AVAILABLE}
2019-10-01 07:15:17,180 [main] INFO  handler.ContextHandler (ContextHandler.java:doStart(781)) - Started o.e.j.s.ServletContextHandler@2c7c0e36{/static,jar:file:/home/user/.m2/repository/org/apache/hadoop/hadoop-hdds-container-service/0.5.0-SNAPSHOT/hadoop-hdds-container-service-0.5.0-SNAPSHOT.jar!/webapps/static,AVAILABLE}
2019-10-01 07:15:17,205 [main] INFO  handler.ContextHandler (ContextHandler.java:doStart(781)) - Started o.e.j.w.WebAppContext@123307c4{/,file:///tmp/jetty-0.0.0.0-41592-hddsDatanode-_-any-4254221518912965390.dir/webapp/,AVAILABLE}{/hddsDatanode}
2019-10-01 07:15:17,206 [main] INFO  server.AbstractConnector (AbstractConnector.java:doStart(278)) - Started ServerConnector@1693ff90{HTTP/1.1,[http/1.1]}{0.0.0.0:41592}
2019-10-01 07:15:17,206 [main] INFO  server.Server (Server.java:doStart(419)) - Started @593309ms
2019-10-01 07:15:17,208 [main] WARN  impl.MetricsSystemImpl (MetricsSystemImpl.java:register(276)) - Sink prometheus already exists!
2019-10-01 07:15:17,208 [main] INFO  server.BaseHttpServer (BaseHttpServer.java:updateConnectorAddress(215)) - HTTP server of HDDSDATANODE is listening at http://0.0.0.0:41592
2019-10-01 07:15:17,209 [main] INFO  impl.MetricsSystemImpl (MetricsSystemImpl.java:init(158)) - HddsDatanode metrics system started (again)
2019-10-01 07:15:17,214 [org.apache.hadoop.util.JvmPauseMonitor$Monitor@13c12f88] INFO  util.JvmPauseMonitor (JvmPauseMonitor.java:run(188)) - Starting JVM pause monitor
2019-10-01 07:15:17,214 [main] INFO  ozone.HddsDatanodeService (HddsDatanodeService.java:start(184)) - HddsDatanodeService host:pr-hdds-1984-bsjj8-3390809720 ip:192.168.30.18
2019-10-01 07:15:17,215 [Datanode State Machine Thread - 0] INFO  datanode.InitDatanodeState (InitDatanodeState.java:persistContainerDatanodeDetails(140)) - DatanodeDetails is persisted to /workdir/hadoop-ozone/integration-test/target/test-dir/MiniOzoneClusterImpl-2db916eb-b457-4fc6-8c12-ba4338359f32/datanode-4/meta/datanode.id
2019-10-01 07:15:17,220 [main] INFO  volume.HddsVolume (HddsVolume.java:<init>(176)) - Creating Volume: /workdir/hadoop-ozone/integration-test/target/test-dir/MiniOzoneClusterImpl-2db916eb-b457-4fc6-8c12-ba4338359f32/datanode-5/data/containers/hdds of  storage type : DISK and capacity : 1482555576320
2019-10-01 07:15:17,221 [main] INFO  volume.VolumeSet (VolumeSet.java:initializeVolumeSet(170)) - Added Volume : /workdir/hadoop-ozone/integration-test/target/test-dir/MiniOzoneClusterImpl-2db916eb-b457-4fc6-8c12-ba4338359f32/datanode-5/data/containers/hdds to VolumeSet
2019-10-01 07:15:17,221 [main] INFO  volume.ThrottledAsyncChecker (ThrottledAsyncChecker.java:schedule(139)) - Scheduling a check for org.apache.hadoop.ozone.container.common.volume.HddsVolume@6ce26986
2019-10-01 07:15:17,221 [main] INFO  volume.HddsVolumeChecker (HddsVolumeChecker.java:checkAllVolumes(202)) - Scheduled health check for volume org.apache.hadoop.ozone.container.common.volume.HddsVolume@6ce26986
2019-10-01 07:15:17,233 [main] INFO  impl.RaftServerProxy (ConfUtils.java:logGet(43)) - raft.rpc.type = GRPC (default)
2019-10-01 07:15:17,233 [main] INFO  grpc.GrpcFactory (GrpcFactory.java:checkPooledByteBufAllocatorUseCacheForAllThreads(45)) - PERFORMANCE WARNING: useCacheForAllThreads is true that may cause Netty to create a lot garbage objects and, as a result, trigger GC.
	It is recommended to disable useCacheForAllThreads by setting -Dorg.apache.ratis.thirdparty.io.netty.allocator.useCacheForAllThreads=false in command line.
2019-10-01 07:15:17,234 [main] INFO  grpc.GrpcConfigKeys$Server (ConfUtils.java:logGet(43)) - raft.grpc.server.port = 0 (default)
2019-10-01 07:15:17,234 [main] INFO  server.GrpcService (ConfUtils.java:logGet(43)) - raft.grpc.message.size.max = 33570816 (custom)
2019-10-01 07:15:17,234 [main] INFO  server.RaftServerConfigKeys (ConfUtils.java:logGet(43)) - raft.server.log.appender.buffer.byte-limit = 33554432 (custom)
2019-10-01 07:15:17,234 [main] INFO  server.GrpcService (ConfUtils.java:logGet(43)) - raft.grpc.flow.control.window = 1MB (=1048576) (default)
2019-10-01 07:15:17,234 [main] INFO  server.RaftServerConfigKeys (ConfUtils.java:logGet(43)) - raft.server.rpc.request.timeout = 3000ms (default)
2019-10-01 07:15:17,235 [main] INFO  server.RaftServerConfigKeys (ConfUtils.java:logGet(43)) - raft.server.storage.dir = [/workdir/hadoop-ozone/integration-test/target/test-dir/MiniOzoneClusterImpl-2db916eb-b457-4fc6-8c12-ba4338359f32/datanode-5/data/ratis] (custom)
2019-10-01 07:15:17,236 [main] INFO  hdfs.DFSUtil (DFSUtil.java:httpServerTemplateForNNAndJN(1641)) - Starting Web-server for hddsDatanode at: http://0.0.0.0:0
2019-10-01 07:15:17,237 [main] INFO  server.AuthenticationFilter (AuthenticationFilter.java:constructSecretProvider(240)) - Unable to initialize FileSignerSecretProvider, falling back to use random secrets.
2019-10-01 07:15:17,237 [main] WARN  http.HttpRequestLog (HttpRequestLog.java:getRequestLog(97)) - Jetty request log can only be enabled using Log4j
2019-10-01 07:15:17,238 [main] INFO  http.HttpServer2 (HttpServer2.java:addGlobalFilter(975)) - Added global filter 'safety' (class=org.apache.hadoop.http.HttpServer2$QuotingInputFilter)
2019-10-01 07:15:17,239 [main] INFO  http.HttpServer2 (HttpServer2.java:addFilter(948)) - Added filter static_user_filter (class=org.apache.hadoop.http.lib.StaticUserWebFilter$StaticUserFilter) to context hddsDatanode
2019-10-01 07:15:17,239 [main] INFO  http.HttpServer2 (HttpServer2.java:addFilter(958)) - Added filter static_user_filter (class=org.apache.hadoop.http.lib.StaticUserWebFilter$StaticUserFilter) to context logs
2019-10-01 07:15:17,239 [main] INFO  http.HttpServer2 (HttpServer2.java:addFilter(958)) - Added filter static_user_filter (class=org.apache.hadoop.http.lib.StaticUserWebFilter$StaticUserFilter) to context static
2019-10-01 07:15:17,240 [main] INFO  http.HttpServer2 (HttpServer2.java:bindListener(1191)) - Jetty bound to port 40462
2019-10-01 07:15:17,240 [main] INFO  server.Server (Server.java:doStart(351)) - jetty-9.3.25.v20180904, build timestamp: 2018-09-04T21:11:46Z, git hash: 3ce520221d0240229c862b122d2b06c12a625732
2019-10-01 07:15:17,241 [main] INFO  handler.ContextHandler (ContextHandler.java:doStart(781)) - Started o.e.j.s.ServletContextHandler@39f0c343{/logs,file:///workdir/hadoop-ozone/integration-test/target/log,AVAILABLE}
2019-10-01 07:15:17,241 [main] INFO  handler.ContextHandler (ContextHandler.java:doStart(781)) - Started o.e.j.s.ServletContextHandler@2abc55c4{/static,jar:file:/home/user/.m2/repository/org/apache/hadoop/hadoop-hdds-container-service/0.5.0-SNAPSHOT/hadoop-hdds-container-service-0.5.0-SNAPSHOT.jar!/webapps/static,AVAILABLE}
2019-10-01 07:15:17,267 [main] INFO  handler.ContextHandler (ContextHandler.java:doStart(781)) - Started o.e.j.w.WebAppContext@10ed037a{/,file:///tmp/jetty-0.0.0.0-40462-hddsDatanode-_-any-8629155421722000836.dir/webapp/,AVAILABLE}{/hddsDatanode}
2019-10-01 07:15:17,267 [main] INFO  server.AbstractConnector (AbstractConnector.java:doStart(278)) - Started ServerConnector@76e4212{HTTP/1.1,[http/1.1]}{0.0.0.0:40462}
2019-10-01 07:15:17,268 [main] INFO  server.Server (Server.java:doStart(419)) - Started @593372ms
2019-10-01 07:15:17,269 [main] WARN  impl.MetricsSystemImpl (MetricsSystemImpl.java:register(276)) - Sink prometheus already exists!
2019-10-01 07:15:17,269 [main] INFO  server.BaseHttpServer (BaseHttpServer.java:updateConnectorAddress(215)) - HTTP server of HDDSDATANODE is listening at http://0.0.0.0:40462
2019-10-01 07:15:17,269 [main] INFO  impl.MetricsSystemImpl (MetricsSystemImpl.java:init(158)) - HddsDatanode metrics system started (again)
2019-10-01 07:15:17,275 [org.apache.hadoop.util.JvmPauseMonitor$Monitor@43b08f80] INFO  util.JvmPauseMonitor (JvmPauseMonitor.java:run(188)) - Starting JVM pause monitor
2019-10-01 07:15:17,275 [main] INFO  ozone.HddsDatanodeService (HddsDatanodeService.java:start(184)) - HddsDatanodeService host:pr-hdds-1984-bsjj8-3390809720 ip:192.168.30.18
2019-10-01 07:15:17,276 [Datanode State Machine Thread - 0] INFO  datanode.InitDatanodeState (InitDatanodeState.java:persistContainerDatanodeDetails(140)) - DatanodeDetails is persisted to /workdir/hadoop-ozone/integration-test/target/test-dir/MiniOzoneClusterImpl-2db916eb-b457-4fc6-8c12-ba4338359f32/datanode-5/meta/datanode.id
2019-10-01 07:15:17,281 [main] INFO  volume.HddsVolume (HddsVolume.java:<init>(176)) - Creating Volume: /workdir/hadoop-ozone/integration-test/target/test-dir/MiniOzoneClusterImpl-2db916eb-b457-4fc6-8c12-ba4338359f32/datanode-6/data/containers/hdds of  storage type : DISK and capacity : 1482555576320
2019-10-01 07:15:17,281 [main] INFO  volume.VolumeSet (VolumeSet.java:initializeVolumeSet(170)) - Added Volume : /workdir/hadoop-ozone/integration-test/target/test-dir/MiniOzoneClusterImpl-2db916eb-b457-4fc6-8c12-ba4338359f32/datanode-6/data/containers/hdds to VolumeSet
2019-10-01 07:15:17,281 [main] INFO  volume.ThrottledAsyncChecker (ThrottledAsyncChecker.java:schedule(139)) - Scheduling a check for org.apache.hadoop.ozone.container.common.volume.HddsVolume@798cf6d2
2019-10-01 07:15:17,281 [main] INFO  volume.HddsVolumeChecker (HddsVolumeChecker.java:checkAllVolumes(202)) - Scheduled health check for volume org.apache.hadoop.ozone.container.common.volume.HddsVolume@798cf6d2
2019-10-01 07:15:17,293 [main] INFO  impl.RaftServerProxy (ConfUtils.java:logGet(43)) - raft.rpc.type = GRPC (default)
2019-10-01 07:15:17,294 [main] INFO  grpc.GrpcFactory (GrpcFactory.java:checkPooledByteBufAllocatorUseCacheForAllThreads(45)) - PERFORMANCE WARNING: useCacheForAllThreads is true that may cause Netty to create a lot garbage objects and, as a result, trigger GC.
	It is recommended to disable useCacheForAllThreads by setting -Dorg.apache.ratis.thirdparty.io.netty.allocator.useCacheForAllThreads=false in command line.
2019-10-01 07:15:17,294 [main] INFO  grpc.GrpcConfigKeys$Server (ConfUtils.java:logGet(43)) - raft.grpc.server.port = 0 (default)
2019-10-01 07:15:17,294 [main] INFO  server.GrpcService (ConfUtils.java:logGet(43)) - raft.grpc.message.size.max = 33570816 (custom)
2019-10-01 07:15:17,294 [main] INFO  server.RaftServerConfigKeys (ConfUtils.java:logGet(43)) - raft.server.log.appender.buffer.byte-limit = 33554432 (custom)
2019-10-01 07:15:17,294 [main] INFO  server.GrpcService (ConfUtils.java:logGet(43)) - raft.grpc.flow.control.window = 1MB (=1048576) (default)
2019-10-01 07:15:17,295 [main] INFO  server.RaftServerConfigKeys (ConfUtils.java:logGet(43)) - raft.server.rpc.request.timeout = 3000ms (default)
2019-10-01 07:15:17,295 [main] INFO  server.RaftServerConfigKeys (ConfUtils.java:logGet(43)) - raft.server.storage.dir = [/workdir/hadoop-ozone/integration-test/target/test-dir/MiniOzoneClusterImpl-2db916eb-b457-4fc6-8c12-ba4338359f32/datanode-6/data/ratis] (custom)
2019-10-01 07:15:17,300 [main] INFO  hdfs.DFSUtil (DFSUtil.java:httpServerTemplateForNNAndJN(1641)) - Starting Web-server for hddsDatanode at: http://0.0.0.0:0
2019-10-01 07:15:17,301 [main] INFO  server.AuthenticationFilter (AuthenticationFilter.java:constructSecretProvider(240)) - Unable to initialize FileSignerSecretProvider, falling back to use random secrets.
2019-10-01 07:15:17,302 [main] WARN  http.HttpRequestLog (HttpRequestLog.java:getRequestLog(97)) - Jetty request log can only be enabled using Log4j
2019-10-01 07:15:17,303 [main] INFO  http.HttpServer2 (HttpServer2.java:addGlobalFilter(975)) - Added global filter 'safety' (class=org.apache.hadoop.http.HttpServer2$QuotingInputFilter)
2019-10-01 07:15:17,303 [main] INFO  http.HttpServer2 (HttpServer2.java:addFilter(948)) - Added filter static_user_filter (class=org.apache.hadoop.http.lib.StaticUserWebFilter$StaticUserFilter) to context hddsDatanode
2019-10-01 07:15:17,304 [main] INFO  http.HttpServer2 (HttpServer2.java:addFilter(958)) - Added filter static_user_filter (class=org.apache.hadoop.http.lib.StaticUserWebFilter$StaticUserFilter) to context logs
2019-10-01 07:15:17,304 [main] INFO  http.HttpServer2 (HttpServer2.java:addFilter(958)) - Added filter static_user_filter (class=org.apache.hadoop.http.lib.StaticUserWebFilter$StaticUserFilter) to context static
2019-10-01 07:15:17,304 [main] INFO  http.HttpServer2 (HttpServer2.java:bindListener(1191)) - Jetty bound to port 45565
2019-10-01 07:15:17,304 [main] INFO  server.Server (Server.java:doStart(351)) - jetty-9.3.25.v20180904, build timestamp: 2018-09-04T21:11:46Z, git hash: 3ce520221d0240229c862b122d2b06c12a625732
2019-10-01 07:15:17,306 [main] INFO  handler.ContextHandler (ContextHandler.java:doStart(781)) - Started o.e.j.s.ServletContextHandler@204d9edf{/logs,file:///workdir/hadoop-ozone/integration-test/target/log,AVAILABLE}
2019-10-01 07:15:17,306 [main] INFO  handler.ContextHandler (ContextHandler.java:doStart(781)) - Started o.e.j.s.ServletContextHandler@50cbcca7{/static,jar:file:/home/user/.m2/repository/org/apache/hadoop/hadoop-hdds-container-service/0.5.0-SNAPSHOT/hadoop-hdds-container-service-0.5.0-SNAPSHOT.jar!/webapps/static,AVAILABLE}
2019-10-01 07:15:17,331 [main] INFO  handler.ContextHandler (ContextHandler.java:doStart(781)) - Started o.e.j.w.WebAppContext@625487a6{/,file:///tmp/jetty-0.0.0.0-45565-hddsDatanode-_-any-7203040656766308558.dir/webapp/,AVAILABLE}{/hddsDatanode}
2019-10-01 07:15:17,332 [main] INFO  server.AbstractConnector (AbstractConnector.java:doStart(278)) - Started ServerConnector@682e445e{HTTP/1.1,[http/1.1]}{0.0.0.0:45565}
2019-10-01 07:15:17,342 [main] INFO  server.Server (Server.java:doStart(419)) - Started @593445ms
2019-10-01 07:15:17,342 [main] WARN  impl.MetricsSystemImpl (MetricsSystemImpl.java:register(276)) - Sink prometheus already exists!
2019-10-01 07:15:17,343 [main] INFO  server.BaseHttpServer (BaseHttpServer.java:updateConnectorAddress(215)) - HTTP server of HDDSDATANODE is listening at http://0.0.0.0:45565
2019-10-01 07:15:17,343 [main] INFO  ozone.MiniOzoneClusterImpl (MiniOzoneClusterImpl.java:lambda$waitForClusterToBeReady$0(147)) - Waiting for cluster to be ready. Got 0 of 7 DN Heartbeats.
2019-10-01 07:15:17,344 [org.apache.hadoop.util.JvmPauseMonitor$Monitor@4e56ad2e] INFO  util.JvmPauseMonitor (JvmPauseMonitor.java:run(188)) - Starting JVM pause monitor
2019-10-01 07:15:17,345 [Datanode State Machine Thread - 0] INFO  datanode.InitDatanodeState (InitDatanodeState.java:persistContainerDatanodeDetails(140)) - DatanodeDetails is persisted to /workdir/hadoop-ozone/integration-test/target/test-dir/MiniOzoneClusterImpl-2db916eb-b457-4fc6-8c12-ba4338359f32/datanode-6/meta/datanode.id
2019-10-01 07:15:18,344 [main] INFO  ozone.MiniOzoneClusterImpl (MiniOzoneClusterImpl.java:lambda$waitForClusterToBeReady$0(147)) - Waiting for cluster to be ready. Got 0 of 7 DN Heartbeats.
2019-10-01 07:15:18,994 [Datanode State Machine Thread - 0] INFO  ozoneimpl.OzoneContainer (OzoneContainer.java:start(217)) - Attempting to start container services.
2019-10-01 07:15:18,995 [Datanode State Machine Thread - 0] INFO  ozoneimpl.OzoneContainer (OzoneContainer.java:startContainerScrub(179)) - Background container scanner has been disabled.
2019-10-01 07:15:18,995 [Datanode State Machine Thread - 0] INFO  ratis.XceiverServerRatis (XceiverServerRatis.java:start(417)) - Starting XceiverServerRatis 4411321e-2142-48ef-9104-cebd18b9b25b at port 0
2019-10-01 07:15:19,003 [Datanode State Machine Thread - 0] INFO  impl.RaftServerProxy (RaftServerProxy.java:lambda$start$3(299)) - 4411321e-2142-48ef-9104-cebd18b9b25b: start RPC server
2019-10-01 07:15:19,006 [Datanode State Machine Thread - 0] INFO  server.GrpcService (GrpcService.java:startImpl(158)) - 4411321e-2142-48ef-9104-cebd18b9b25b: GrpcService started, listening on 0.0.0.0/0.0.0.0:44112
2019-10-01 07:15:19,006 [Datanode State Machine Thread - 0] INFO  ratis.XceiverServerRatis (XceiverServerRatis.java:start(427)) - XceiverServerRatis 4411321e-2142-48ef-9104-cebd18b9b25b is started using port 44112
2019-10-01 07:15:19,007 [Datanode State Machine Thread - 0] INFO  server.XceiverServerGrpc (XceiverServerGrpc.java:start(149)) - XceiverServerGrpc 4411321e-2142-48ef-9104-cebd18b9b25b is started using port 38359
2019-10-01 07:15:19,036 [Datanode State Machine Thread - 0] INFO  ozoneimpl.OzoneContainer (OzoneContainer.java:start(217)) - Attempting to start container services.
2019-10-01 07:15:19,036 [Datanode State Machine Thread - 0] INFO  ozoneimpl.OzoneContainer (OzoneContainer.java:startContainerScrub(179)) - Background container scanner has been disabled.
2019-10-01 07:15:19,036 [Datanode State Machine Thread - 0] INFO  ratis.XceiverServerRatis (XceiverServerRatis.java:start(417)) - Starting XceiverServerRatis 4028da6e-4371-40dd-ac3f-4caa9965859c at port 0
2019-10-01 07:15:19,042 [Datanode State Machine Thread - 0] INFO  impl.RaftServerProxy (RaftServerProxy.java:lambda$start$3(299)) - 4028da6e-4371-40dd-ac3f-4caa9965859c: start RPC server
2019-10-01 07:15:19,044 [Datanode State Machine Thread - 0] INFO  server.GrpcService (GrpcService.java:startImpl(158)) - 4028da6e-4371-40dd-ac3f-4caa9965859c: GrpcService started, listening on 0.0.0.0/0.0.0.0:33581
2019-10-01 07:15:19,044 [Datanode State Machine Thread - 0] INFO  ratis.XceiverServerRatis (XceiverServerRatis.java:start(427)) - XceiverServerRatis 4028da6e-4371-40dd-ac3f-4caa9965859c is started using port 33581
2019-10-01 07:15:19,045 [Datanode State Machine Thread - 0] INFO  server.XceiverServerGrpc (XceiverServerGrpc.java:start(149)) - XceiverServerGrpc 4028da6e-4371-40dd-ac3f-4caa9965859c is started using port 40332
2019-10-01 07:15:19,095 [Datanode State Machine Thread - 0] INFO  ozoneimpl.OzoneContainer (OzoneContainer.java:start(217)) - Attempting to start container services.
2019-10-01 07:15:19,095 [Datanode State Machine Thread - 0] INFO  ozoneimpl.OzoneContainer (OzoneContainer.java:startContainerScrub(179)) - Background container scanner has been disabled.
2019-10-01 07:15:19,095 [Datanode State Machine Thread - 0] INFO  ratis.XceiverServerRatis (XceiverServerRatis.java:start(417)) - Starting XceiverServerRatis 779648de-c350-4e40-bb84-f82694d468ec at port 0
2019-10-01 07:15:19,102 [Datanode State Machine Thread - 0] INFO  impl.RaftServerProxy (RaftServerProxy.java:lambda$start$3(299)) - 779648de-c350-4e40-bb84-f82694d468ec: start RPC server
2019-10-01 07:15:19,105 [Datanode State Machine Thread - 0] INFO  server.GrpcService (GrpcService.java:startImpl(158)) - 779648de-c350-4e40-bb84-f82694d468ec: GrpcService started, listening on 0.0.0.0/0.0.0.0:41009
2019-10-01 07:15:19,105 [Datanode State Machine Thread - 0] INFO  ratis.XceiverServerRatis (XceiverServerRatis.java:start(427)) - XceiverServerRatis 779648de-c350-4e40-bb84-f82694d468ec is started using port 41009
2019-10-01 07:15:19,107 [Datanode State Machine Thread - 0] INFO  server.XceiverServerGrpc (XceiverServerGrpc.java:start(149)) - XceiverServerGrpc 779648de-c350-4e40-bb84-f82694d468ec is started using port 40977
2019-10-01 07:15:19,178 [Datanode State Machine Thread - 0] INFO  ozoneimpl.OzoneContainer (OzoneContainer.java:start(217)) - Attempting to start container services.
2019-10-01 07:15:19,178 [Datanode State Machine Thread - 0] INFO  ozoneimpl.OzoneContainer (OzoneContainer.java:startContainerScrub(179)) - Background container scanner has been disabled.
2019-10-01 07:15:19,179 [Datanode State Machine Thread - 0] INFO  ratis.XceiverServerRatis (XceiverServerRatis.java:start(417)) - Starting XceiverServerRatis 0644b46a-449b-474c-8eef-e7918f21bfdf at port 0
2019-10-01 07:15:19,185 [Datanode State Machine Thread - 0] INFO  impl.RaftServerProxy (RaftServerProxy.java:lambda$start$3(299)) - 0644b46a-449b-474c-8eef-e7918f21bfdf: start RPC server
2019-10-01 07:15:19,187 [Datanode State Machine Thread - 0] INFO  server.GrpcService (GrpcService.java:startImpl(158)) - 0644b46a-449b-474c-8eef-e7918f21bfdf: GrpcService started, listening on 0.0.0.0/0.0.0.0:34675
2019-10-01 07:15:19,187 [Datanode State Machine Thread - 0] INFO  ratis.XceiverServerRatis (XceiverServerRatis.java:start(427)) - XceiverServerRatis 0644b46a-449b-474c-8eef-e7918f21bfdf is started using port 34675
2019-10-01 07:15:19,188 [Datanode State Machine Thread - 0] INFO  server.XceiverServerGrpc (XceiverServerGrpc.java:start(149)) - XceiverServerGrpc 0644b46a-449b-474c-8eef-e7918f21bfdf is started using port 45853
2019-10-01 07:15:19,237 [Datanode State Machine Thread - 0] INFO  ozoneimpl.OzoneContainer (OzoneContainer.java:start(217)) - Attempting to start container services.
2019-10-01 07:15:19,237 [Datanode State Machine Thread - 0] INFO  ozoneimpl.OzoneContainer (OzoneContainer.java:startContainerScrub(179)) - Background container scanner has been disabled.
2019-10-01 07:15:19,238 [Datanode State Machine Thread - 0] INFO  ratis.XceiverServerRatis (XceiverServerRatis.java:start(417)) - Starting XceiverServerRatis 531e026c-abd8-4367-bd98-8e5e258ce4e9 at port 0
2019-10-01 07:15:19,252 [Datanode State Machine Thread - 0] INFO  impl.RaftServerProxy (RaftServerProxy.java:lambda$start$3(299)) - 531e026c-abd8-4367-bd98-8e5e258ce4e9: start RPC server
2019-10-01 07:15:19,253 [Datanode State Machine Thread - 0] INFO  server.GrpcService (GrpcService.java:startImpl(158)) - 531e026c-abd8-4367-bd98-8e5e258ce4e9: GrpcService started, listening on 0.0.0.0/0.0.0.0:32859
2019-10-01 07:15:19,253 [Datanode State Machine Thread - 0] INFO  ratis.XceiverServerRatis (XceiverServerRatis.java:start(427)) - XceiverServerRatis 531e026c-abd8-4367-bd98-8e5e258ce4e9 is started using port 32859
2019-10-01 07:15:19,256 [Datanode State Machine Thread - 0] INFO  server.XceiverServerGrpc (XceiverServerGrpc.java:start(149)) - XceiverServerGrpc 531e026c-abd8-4367-bd98-8e5e258ce4e9 is started using port 42328
2019-10-01 07:15:19,304 [Datanode State Machine Thread - 0] INFO  ozoneimpl.OzoneContainer (OzoneContainer.java:start(217)) - Attempting to start container services.
2019-10-01 07:15:19,304 [Datanode State Machine Thread - 0] INFO  ozoneimpl.OzoneContainer (OzoneContainer.java:startContainerScrub(179)) - Background container scanner has been disabled.
2019-10-01 07:15:19,304 [Datanode State Machine Thread - 0] INFO  ratis.XceiverServerRatis (XceiverServerRatis.java:start(417)) - Starting XceiverServerRatis 681d2a6a-aa23-4b09-bbd3-2c3ec3baa173 at port 0
2019-10-01 07:15:19,311 [Datanode State Machine Thread - 0] INFO  impl.RaftServerProxy (RaftServerProxy.java:lambda$start$3(299)) - 681d2a6a-aa23-4b09-bbd3-2c3ec3baa173: start RPC server
2019-10-01 07:15:19,313 [Datanode State Machine Thread - 0] INFO  server.GrpcService (GrpcService.java:startImpl(158)) - 681d2a6a-aa23-4b09-bbd3-2c3ec3baa173: GrpcService started, listening on 0.0.0.0/0.0.0.0:44355
2019-10-01 07:15:19,313 [Datanode State Machine Thread - 0] INFO  ratis.XceiverServerRatis (XceiverServerRatis.java:start(427)) - XceiverServerRatis 681d2a6a-aa23-4b09-bbd3-2c3ec3baa173 is started using port 44355
2019-10-01 07:15:19,324 [Datanode State Machine Thread - 0] INFO  server.XceiverServerGrpc (XceiverServerGrpc.java:start(149)) - XceiverServerGrpc 681d2a6a-aa23-4b09-bbd3-2c3ec3baa173 is started using port 37383
2019-10-01 07:15:19,345 [main] INFO  ozone.MiniOzoneClusterImpl (MiniOzoneClusterImpl.java:lambda$waitForClusterToBeReady$0(147)) - Waiting for cluster to be ready. Got 0 of 7 DN Heartbeats.
2019-10-01 07:15:19,371 [Datanode State Machine Thread - 0] INFO  ozoneimpl.OzoneContainer (OzoneContainer.java:start(217)) - Attempting to start container services.
2019-10-01 07:15:19,371 [Datanode State Machine Thread - 0] INFO  ozoneimpl.OzoneContainer (OzoneContainer.java:startContainerScrub(179)) - Background container scanner has been disabled.
2019-10-01 07:15:19,371 [Datanode State Machine Thread - 0] INFO  ratis.XceiverServerRatis (XceiverServerRatis.java:start(417)) - Starting XceiverServerRatis 11c84197-d83d-4072-8fdb-43676bb55242 at port 0
2019-10-01 07:15:19,377 [Datanode State Machine Thread - 0] INFO  impl.RaftServerProxy (RaftServerProxy.java:lambda$start$3(299)) - 11c84197-d83d-4072-8fdb-43676bb55242: start RPC server
2019-10-01 07:15:19,380 [Datanode State Machine Thread - 0] INFO  server.GrpcService (GrpcService.java:startImpl(158)) - 11c84197-d83d-4072-8fdb-43676bb55242: GrpcService started, listening on 0.0.0.0/0.0.0.0:33686
2019-10-01 07:15:19,380 [Datanode State Machine Thread - 0] INFO  ratis.XceiverServerRatis (XceiverServerRatis.java:start(427)) - XceiverServerRatis 11c84197-d83d-4072-8fdb-43676bb55242 is started using port 33686
2019-10-01 07:15:19,381 [Datanode State Machine Thread - 0] INFO  server.XceiverServerGrpc (XceiverServerGrpc.java:start(149)) - XceiverServerGrpc 11c84197-d83d-4072-8fdb-43676bb55242 is started using port 33160
2019-10-01 07:15:20,346 [main] INFO  ozone.MiniOzoneClusterImpl (MiniOzoneClusterImpl.java:lambda$waitForClusterToBeReady$0(147)) - Waiting for cluster to be ready. Got 0 of 7 DN Heartbeats.
2019-10-01 07:15:20,949 [IPC Server handler 0 on 39748] INFO  net.NetworkTopology (NetworkTopologyImpl.java:add(111)) - Added a new node: /default-rack/4411321e-2142-48ef-9104-cebd18b9b25b
2019-10-01 07:15:20,952 [IPC Server handler 0 on 39748] INFO  node.SCMNodeManager (SCMNodeManager.java:register(266)) - Registered Data node : 4411321e-2142-48ef-9104-cebd18b9b25b{ip: 192.168.30.18, host: pr-hdds-1984-bsjj8-3390809720, networkLocation: /default-rack, certSerialId: null}
2019-10-01 07:15:20,953 [EventQueue-NodeRegistrationContainerReportForDataNodeSafeModeRule] INFO  safemode.SCMSafeModeManager (DataNodeSafeModeRule.java:process(71)) - SCM in safe mode. 1 DataNodes registered, 1 required.
2019-10-01 07:15:20,956 [EventQueue-NodeRegistrationContainerReportForDataNodeSafeModeRule] INFO  safemode.SCMSafeModeManager (SCMSafeModeManager.java:validateSafeModeExitRules(177)) - ScmSafeModeManager, all rules are successfully validated
2019-10-01 07:15:20,956 [EventQueue-NodeRegistrationContainerReportForDataNodeSafeModeRule] INFO  safemode.SCMSafeModeManager (SCMSafeModeManager.java:exitSafeMode(193)) - SCM exiting safe mode.
2019-10-01 07:15:20,992 [grpc-default-executor-9] INFO  impl.RaftServerProxy (RaftServerProxy.java:addNew(89)) - 4411321e-2142-48ef-9104-cebd18b9b25b: addNew group-6B2B5ED7D942:[4411321e-2142-48ef-9104-cebd18b9b25b:192.168.30.18:44112] returns group-6B2B5ED7D942:java.util.concurrent.CompletableFuture@233f4eb1[Not completed]
2019-10-01 07:15:20,994 [pool-409-thread-1] INFO  impl.RaftServerImpl (RaftServerImpl.java:<init>(95)) - 4411321e-2142-48ef-9104-cebd18b9b25b: new RaftServerImpl for group-6B2B5ED7D942:[4411321e-2142-48ef-9104-cebd18b9b25b:192.168.30.18:44112] with ContainerStateMachine:uninitialized
2019-10-01 07:15:20,994 [pool-409-thread-1] INFO  server.RaftServerConfigKeys (ConfUtils.java:logGet(43)) - raft.server.rpc.timeout.min = 5s (custom)
2019-10-01 07:15:20,994 [pool-409-thread-1] INFO  server.RaftServerConfigKeys (ConfUtils.java:logGet(43)) - raft.server.rpc.timeout.max = 5200ms (custom)
2019-10-01 07:15:20,994 [pool-409-thread-1] INFO  server.RaftServerConfigKeys (ConfUtils.java:logGet(43)) - raft.server.rpcslowness.timeout = 120s (custom)
2019-10-01 07:15:20,994 [pool-409-thread-1] INFO  server.RaftServerConfigKeys (ConfUtils.java:logGet(43)) - raft.server.sleep.deviation.threshold = 300 (default)
2019-10-01 07:15:20,995 [pool-409-thread-1] INFO  server.RaftServerConfigKeys (ConfUtils.java:logGet(43)) - raft.server.log.appender.install.snapshot.enabled = false (custom)
2019-10-01 07:15:20,995 [pool-409-thread-1] INFO  impl.RaftServerImpl (ServerState.java:<init>(103)) - 4411321e-2142-48ef-9104-cebd18b9b25b@group-6B2B5ED7D942: ConfigurationManager, init=-1: [4411321e-2142-48ef-9104-cebd18b9b25b:192.168.30.18:44112], old=null, confs=<EMPTY_MAP>
2019-10-01 07:15:20,995 [pool-409-thread-1] INFO  server.RaftServerConfigKeys (ConfUtils.java:logGet(43)) - raft.server.storage.dir = [/workdir/hadoop-ozone/integration-test/target/test-dir/MiniOzoneClusterImpl-2db916eb-b457-4fc6-8c12-ba4338359f32/datanode-0/data/ratis] (custom)
2019-10-01 07:15:20,995 [pool-409-thread-1] INFO  server.RaftServerConfigKeys (ConfUtils.java:logGet(43)) - raft.server.log.corruption.policy = EXCEPTION (default)
2019-10-01 07:15:20,996 [pool-409-thread-1] INFO  storage.RaftStorageDirectory (RaftStorageDirectory.java:analyzeStorage(246)) - The storage directory /workdir/hadoop-ozone/integration-test/target/test-dir/MiniOzoneClusterImpl-2db916eb-b457-4fc6-8c12-ba4338359f32/datanode-0/data/ratis/9ed3a5bc-c066-401b-a1b8-6b2b5ed7d942 does not exist. Creating ...
2019-10-01 07:15:21,011 [IPC Server handler 1 on 39748] INFO  net.NetworkTopology (NetworkTopologyImpl.java:add(111)) - Added a new node: /default-rack/4028da6e-4371-40dd-ac3f-4caa9965859c
2019-10-01 07:15:21,011 [IPC Server handler 1 on 39748] INFO  node.SCMNodeManager (SCMNodeManager.java:register(266)) - Registered Data node : 4028da6e-4371-40dd-ac3f-4caa9965859c{ip: 192.168.30.18, host: pr-hdds-1984-bsjj8-3390809720, networkLocation: /default-rack, certSerialId: null}
2019-10-01 07:15:21,021 [pool-409-thread-1] INFO  storage.RaftStorageDirectory (RaftStorageDirectory.java:tryLock(328)) - Lock on /workdir/hadoop-ozone/integration-test/target/test-dir/MiniOzoneClusterImpl-2db916eb-b457-4fc6-8c12-ba4338359f32/datanode-0/data/ratis/9ed3a5bc-c066-401b-a1b8-6b2b5ed7d942/in_use.lock acquired by nodename 18568@pr-hdds-1984-bsjj8-3390809720
2019-10-01 07:15:21,047 [pool-409-thread-1] INFO  storage.RaftStorage (RaftStorage.java:format(84)) - Storage directory /workdir/hadoop-ozone/integration-test/target/test-dir/MiniOzoneClusterImpl-2db916eb-b457-4fc6-8c12-ba4338359f32/datanode-0/data/ratis/9ed3a5bc-c066-401b-a1b8-6b2b5ed7d942 has been successfully formatted.
2019-10-01 07:15:21,047 [pool-409-thread-1] INFO  ratis.ContainerStateMachine (ContainerStateMachine.java:loadSnapshot(230)) - group-6B2B5ED7D942: The snapshot info is null. Setting the last applied indexto:(t:0, i:~)
2019-10-01 07:15:21,047 [pool-409-thread-1] INFO  server.RaftServerConfigKeys (ConfUtils.java:logGet(43)) - raft.server.notification.no-leader.timeout = 120s (custom)
2019-10-01 07:15:21,047 [pool-409-thread-1] INFO  server.RaftServerConfigKeys (ConfUtils.java:logGet(43)) - raft.server.log.use.memory = false (default)
2019-10-01 07:15:21,047 [pool-409-thread-1] INFO  server.RaftServerConfigKeys (ConfUtils.java:logGet(43)) - raft.server.log.purge.gap = 1000000 (custom)
2019-10-01 07:15:21,048 [pool-409-thread-1] INFO  server.RaftServerConfigKeys (ConfUtils.java:logGet(43)) - raft.server.log.appender.buffer.byte-limit = 33554432 (custom)
2019-10-01 07:15:21,048 [pool-409-thread-1] INFO  server.RaftServerConfigKeys (ConfUtils.java:logGet(43)) - raft.server.log.segment.size.max = 1048576 (custom)
2019-10-01 07:15:21,049 [pool-409-thread-1] INFO  server.RaftServerConfigKeys (ConfUtils.java:logGet(43)) - raft.server.log.segment.cache.num.max = 2 (custom)
2019-10-01 07:15:21,049 [pool-409-thread-1] INFO  segmented.SegmentedRaftLogWorker (SegmentedRaftLogWorker.java:<init>(173)) - new 4411321e-2142-48ef-9104-cebd18b9b25b@group-6B2B5ED7D942-SegmentedRaftLogWorker for RaftStorage:Storage Directory /workdir/hadoop-ozone/integration-test/target/test-dir/MiniOzoneClusterImpl-2db916eb-b457-4fc6-8c12-ba4338359f32/datanode-0/data/ratis/9ed3a5bc-c066-401b-a1b8-6b2b5ed7d942
2019-10-01 07:15:21,050 [pool-409-thread-1] INFO  server.RaftServerConfigKeys (ConfUtils.java:logGet(43)) - raft.server.log.queue.byte-limit = 2147483647 (custom)
2019-10-01 07:15:21,050 [pool-409-thread-1] INFO  server.RaftServerConfigKeys (ConfUtils.java:logGet(43)) - raft.server.log.queue.element-limit = 1024 (custom)
2019-10-01 07:15:21,050 [pool-409-thread-1] INFO  server.RaftServerConfigKeys (ConfUtils.java:logGet(43)) - raft.server.log.segment.size.max = 1048576 (custom)
2019-10-01 07:15:21,050 [pool-409-thread-1] INFO  server.RaftServerConfigKeys (ConfUtils.java:logGet(43)) - raft.server.log.preallocated.size = 16384 (custom)
2019-10-01 07:15:21,050 [pool-409-thread-1] INFO  server.RaftServerConfigKeys (ConfUtils.java:logGet(43)) - raft.server.log.write.buffer.size = 33554432 (custom)
2019-10-01 07:15:21,050 [pool-409-thread-1] INFO  server.RaftServerConfigKeys (ConfUtils.java:logGet(43)) - raft.server.log.force.sync.num = 128 (default)
2019-10-01 07:15:21,050 [pool-409-thread-1] INFO  server.RaftServerConfigKeys (ConfUtils.java:logGet(43)) - raft.server.log.statemachine.data.sync = true (default)
2019-10-01 07:15:21,050 [pool-409-thread-1] INFO  server.RaftServerConfigKeys (ConfUtils.java:logGet(43)) - raft.server.log.statemachine.data.sync.timeout = 10s (default)
2019-10-01 07:15:21,050 [pool-409-thread-1] INFO  server.RaftServerConfigKeys (ConfUtils.java:logGet(43)) - raft.server.log.statemachine.data.sync.timeout.retry = -1 (default)
2019-10-01 07:15:21,051 [pool-409-thread-1] INFO  server.RaftServerConfigKeys (ConfUtils.java:logGet(43)) - raft.server.log.statemachine.data.caching.enabled = true (custom)
2019-10-01 07:15:21,051 [pool-409-thread-1] INFO  segmented.SegmentedRaftLogWorker (SegmentedRaftLogWorker.java:lambda$new$0(128)) - 4411321e-2142-48ef-9104-cebd18b9b25b@group-6B2B5ED7D942-SegmentedRaftLogWorker: flushIndex: setUnconditionally 0 -> -1
2019-10-01 07:15:21,051 [pool-409-thread-1] INFO  server.RaftServerConfigKeys (ConfUtils.java:logGet(43)) - raft.server.snapshot.auto.trigger.enabled = true (custom)
2019-10-01 07:15:21,051 [pool-409-thread-1] INFO  server.RaftServerConfigKeys (ConfUtils.java:logGet(43)) - raft.server.snapshot.auto.trigger.threshold = 10000 (custom)
2019-10-01 07:15:21,051 [pool-409-thread-1] INFO  server.RaftServerConfigKeys (ConfUtils.java:logGet(43)) - raft.server.snapshot.retention.file.num = 5 (custom)
2019-10-01 07:15:21,051 [pool-409-thread-1] INFO  server.RaftServerConfigKeys (ConfUtils.java:logGet(43)) - raft.server.retrycache.expirytime = 600000ms (custom)
2019-10-01 07:15:21,053 [pool-409-thread-1] INFO  impl.RaftServerImpl (RaftServerImpl.java:start(181)) - 4411321e-2142-48ef-9104-cebd18b9b25b@group-6B2B5ED7D942: start as a follower, conf=-1: [4411321e-2142-48ef-9104-cebd18b9b25b:192.168.30.18:44112], old=null
2019-10-01 07:15:21,053 [pool-409-thread-1] INFO  impl.RaftServerImpl (RaftServerImpl.java:setRole(170)) - 4411321e-2142-48ef-9104-cebd18b9b25b@group-6B2B5ED7D942: changes role from      null to FOLLOWER at term 0 for startAsFollower
2019-10-01 07:15:21,053 [pool-409-thread-1] INFO  impl.RoleInfo (RoleInfo.java:updateAndGet(143)) - 4411321e-2142-48ef-9104-cebd18b9b25b: start FollowerState
2019-10-01 07:15:21,053 [pool-409-thread-1] INFO  util.JmxRegister (JmxRegister.java:tryRegister(44)) - Successfully registered JMX Bean with object name Ratis:service=RaftServer,group=group-6B2B5ED7D942,id=4411321e-2142-48ef-9104-cebd18b9b25b
2019-10-01 07:15:21,060 [RatisPipelineUtilsThread] INFO  pipeline.PipelineStateManager (PipelineStateManager.java:addPipeline(56)) - Created pipeline Pipeline[ Id: 9ed3a5bc-c066-401b-a1b8-6b2b5ed7d942, Nodes: 4411321e-2142-48ef-9104-cebd18b9b25b{ip: 192.168.30.18, host: pr-hdds-1984-bsjj8-3390809720, networkLocation: /default-rack, certSerialId: null}, Type:RATIS, Factor:ONE, State:OPEN]
2019-10-01 07:15:21,067 [grpc-default-executor-9] INFO  impl.RaftServerProxy (RaftServerProxy.java:addNew(89)) - 4028da6e-4371-40dd-ac3f-4caa9965859c: addNew group-549DDAC700F8:[4028da6e-4371-40dd-ac3f-4caa9965859c:192.168.30.18:33581] returns group-549DDAC700F8:java.util.concurrent.CompletableFuture@1b3dc103[Not completed]
2019-10-01 07:15:21,068 [pool-419-thread-1] INFO  impl.RaftServerImpl (RaftServerImpl.java:<init>(95)) - 4028da6e-4371-40dd-ac3f-4caa9965859c: new RaftServerImpl for group-549DDAC700F8:[4028da6e-4371-40dd-ac3f-4caa9965859c:192.168.30.18:33581] with ContainerStateMachine:uninitialized
2019-10-01 07:15:21,068 [pool-419-thread-1] INFO  server.RaftServerConfigKeys (ConfUtils.java:logGet(43)) - raft.server.rpc.timeout.min = 5s (custom)
2019-10-01 07:15:21,068 [pool-419-thread-1] INFO  server.RaftServerConfigKeys (ConfUtils.java:logGet(43)) - raft.server.rpc.timeout.max = 5200ms (custom)
2019-10-01 07:15:21,068 [pool-419-thread-1] INFO  server.RaftServerConfigKeys (ConfUtils.java:logGet(43)) - raft.server.rpcslowness.timeout = 120s (custom)
2019-10-01 07:15:21,068 [pool-419-thread-1] INFO  server.RaftServerConfigKeys (ConfUtils.java:logGet(43)) - raft.server.sleep.deviation.threshold = 300 (default)
2019-10-01 07:15:21,068 [pool-419-thread-1] INFO  server.RaftServerConfigKeys (ConfUtils.java:logGet(43)) - raft.server.log.appender.install.snapshot.enabled = false (custom)
2019-10-01 07:15:21,068 [pool-419-thread-1] INFO  impl.RaftServerImpl (ServerState.java:<init>(103)) - 4028da6e-4371-40dd-ac3f-4caa9965859c@group-549DDAC700F8: ConfigurationManager, init=-1: [4028da6e-4371-40dd-ac3f-4caa9965859c:192.168.30.18:33581], old=null, confs=<EMPTY_MAP>
2019-10-01 07:15:21,068 [pool-419-thread-1] INFO  server.RaftServerConfigKeys (ConfUtils.java:logGet(43)) - raft.server.storage.dir = [/workdir/hadoop-ozone/integration-test/target/test-dir/MiniOzoneClusterImpl-2db916eb-b457-4fc6-8c12-ba4338359f32/datanode-1/data/ratis] (custom)
2019-10-01 07:15:21,069 [pool-419-thread-1] INFO  server.RaftServerConfigKeys (ConfUtils.java:logGet(43)) - raft.server.log.corruption.policy = EXCEPTION (default)
2019-10-01 07:15:21,069 [pool-419-thread-1] INFO  storage.RaftStorageDirectory (RaftStorageDirectory.java:analyzeStorage(246)) - The storage directory /workdir/hadoop-ozone/integration-test/target/test-dir/MiniOzoneClusterImpl-2db916eb-b457-4fc6-8c12-ba4338359f32/datanode-1/data/ratis/16c13eac-a8ad-4827-892f-549ddac700f8 does not exist. Creating ...
2019-10-01 07:15:21,071 [IPC Server handler 3 on 39748] INFO  net.NetworkTopology (NetworkTopologyImpl.java:add(111)) - Added a new node: /default-rack/779648de-c350-4e40-bb84-f82694d468ec
2019-10-01 07:15:21,071 [IPC Server handler 3 on 39748] INFO  node.SCMNodeManager (SCMNodeManager.java:register(266)) - Registered Data node : 779648de-c350-4e40-bb84-f82694d468ec{ip: 192.168.30.18, host: pr-hdds-1984-bsjj8-3390809720, networkLocation: /default-rack, certSerialId: null}
2019-10-01 07:15:21,097 [pool-419-thread-1] INFO  storage.RaftStorageDirectory (RaftStorageDirectory.java:tryLock(328)) - Lock on /workdir/hadoop-ozone/integration-test/target/test-dir/MiniOzoneClusterImpl-2db916eb-b457-4fc6-8c12-ba4338359f32/datanode-1/data/ratis/16c13eac-a8ad-4827-892f-549ddac700f8/in_use.lock acquired by nodename 18568@pr-hdds-1984-bsjj8-3390809720
2019-10-01 07:15:21,122 [pool-419-thread-1] INFO  storage.RaftStorage (RaftStorage.java:format(84)) - Storage directory /workdir/hadoop-ozone/integration-test/target/test-dir/MiniOzoneClusterImpl-2db916eb-b457-4fc6-8c12-ba4338359f32/datanode-1/data/ratis/16c13eac-a8ad-4827-892f-549ddac700f8 has been successfully formatted.
2019-10-01 07:15:21,123 [pool-419-thread-1] INFO  ratis.ContainerStateMachine (ContainerStateMachine.java:loadSnapshot(230)) - group-549DDAC700F8: The snapshot info is null. Setting the last applied indexto:(t:0, i:~)
2019-10-01 07:15:21,123 [pool-419-thread-1] INFO  server.RaftServerConfigKeys (ConfUtils.java:logGet(43)) - raft.server.notification.no-leader.timeout = 120s (custom)
2019-10-01 07:15:21,123 [pool-419-thread-1] INFO  server.RaftServerConfigKeys (ConfUtils.java:logGet(43)) - raft.server.log.use.memory = false (default)
2019-10-01 07:15:21,123 [pool-419-thread-1] INFO  server.RaftServerConfigKeys (ConfUtils.java:logGet(43)) - raft.server.log.purge.gap = 1000000 (custom)
2019-10-01 07:15:21,123 [pool-419-thread-1] INFO  server.RaftServerConfigKeys (ConfUtils.java:logGet(43)) - raft.server.log.appender.buffer.byte-limit = 33554432 (custom)
2019-10-01 07:15:21,123 [pool-419-thread-1] INFO  server.RaftServerConfigKeys (ConfUtils.java:logGet(43)) - raft.server.log.segment.size.max = 1048576 (custom)
2019-10-01 07:15:21,124 [pool-419-thread-1] INFO  server.RaftServerConfigKeys (ConfUtils.java:logGet(43)) - raft.server.log.segment.cache.num.max = 2 (custom)
2019-10-01 07:15:21,124 [pool-419-thread-1] INFO  segmented.SegmentedRaftLogWorker (SegmentedRaftLogWorker.java:<init>(173)) - new 4028da6e-4371-40dd-ac3f-4caa9965859c@group-549DDAC700F8-SegmentedRaftLogWorker for RaftStorage:Storage Directory /workdir/hadoop-ozone/integration-test/target/test-dir/MiniOzoneClusterImpl-2db916eb-b457-4fc6-8c12-ba4338359f32/datanode-1/data/ratis/16c13eac-a8ad-4827-892f-549ddac700f8
2019-10-01 07:15:21,124 [pool-419-thread-1] INFO  server.RaftServerConfigKeys (ConfUtils.java:logGet(43)) - raft.server.log.queue.byte-limit = 2147483647 (custom)
2019-10-01 07:15:21,125 [pool-419-thread-1] INFO  server.RaftServerConfigKeys (ConfUtils.java:logGet(43)) - raft.server.log.queue.element-limit = 1024 (custom)
2019-10-01 07:15:21,125 [pool-419-thread-1] INFO  server.RaftServerConfigKeys (ConfUtils.java:logGet(43)) - raft.server.log.segment.size.max = 1048576 (custom)
2019-10-01 07:15:21,125 [pool-419-thread-1] INFO  server.RaftServerConfigKeys (ConfUtils.java:logGet(43)) - raft.server.log.preallocated.size = 16384 (custom)
2019-10-01 07:15:21,125 [pool-419-thread-1] INFO  server.RaftServerConfigKeys (ConfUtils.java:logGet(43)) - raft.server.log.write.buffer.size = 33554432 (custom)
2019-10-01 07:15:21,125 [pool-419-thread-1] INFO  server.RaftServerConfigKeys (ConfUtils.java:logGet(43)) - raft.server.log.force.sync.num = 128 (default)
2019-10-01 07:15:21,125 [pool-419-thread-1] INFO  server.RaftServerConfigKeys (ConfUtils.java:logGet(43)) - raft.server.log.statemachine.data.sync = true (default)
2019-10-01 07:15:21,125 [pool-419-thread-1] INFO  server.RaftServerConfigKeys (ConfUtils.java:logGet(43)) - raft.server.log.statemachine.data.sync.timeout = 10s (default)
2019-10-01 07:15:21,125 [pool-419-thread-1] INFO  server.RaftServerConfigKeys (ConfUtils.java:logGet(43)) - raft.server.log.statemachine.data.sync.timeout.retry = -1 (default)
2019-10-01 07:15:21,125 [pool-419-thread-1] INFO  server.RaftServerConfigKeys (ConfUtils.java:logGet(43)) - raft.server.log.statemachine.data.caching.enabled = true (custom)
2019-10-01 07:15:21,126 [pool-419-thread-1] INFO  segmented.SegmentedRaftLogWorker (SegmentedRaftLogWorker.java:lambda$new$0(128)) - 4028da6e-4371-40dd-ac3f-4caa9965859c@group-549DDAC700F8-SegmentedRaftLogWorker: flushIndex: setUnconditionally 0 -> -1
2019-10-01 07:15:21,126 [pool-419-thread-1] INFO  server.RaftServerConfigKeys (ConfUtils.java:logGet(43)) - raft.server.snapshot.auto.trigger.enabled = true (custom)
2019-10-01 07:15:21,126 [pool-419-thread-1] INFO  server.RaftServerConfigKeys (ConfUtils.java:logGet(43)) - raft.server.snapshot.auto.trigger.threshold = 10000 (custom)
2019-10-01 07:15:21,126 [pool-419-thread-1] INFO  server.RaftServerConfigKeys (ConfUtils.java:logGet(43)) - raft.server.snapshot.retention.file.num = 5 (custom)
2019-10-01 07:15:21,126 [pool-419-thread-1] INFO  server.RaftServerConfigKeys (ConfUtils.java:logGet(43)) - raft.server.retrycache.expirytime = 600000ms (custom)
2019-10-01 07:15:21,127 [pool-419-thread-1] INFO  impl.RaftServerImpl (RaftServerImpl.java:start(181)) - 4028da6e-4371-40dd-ac3f-4caa9965859c@group-549DDAC700F8: start as a follower, conf=-1: [4028da6e-4371-40dd-ac3f-4caa9965859c:192.168.30.18:33581], old=null
2019-10-01 07:15:21,127 [pool-419-thread-1] INFO  impl.RaftServerImpl (RaftServerImpl.java:setRole(170)) - 4028da6e-4371-40dd-ac3f-4caa9965859c@group-549DDAC700F8: changes role from      null to FOLLOWER at term 0 for startAsFollower
2019-10-01 07:15:21,127 [pool-419-thread-1] INFO  impl.RoleInfo (RoleInfo.java:updateAndGet(143)) - 4028da6e-4371-40dd-ac3f-4caa9965859c: start FollowerState
2019-10-01 07:15:21,128 [pool-419-thread-1] INFO  util.JmxRegister (JmxRegister.java:tryRegister(44)) - Successfully registered JMX Bean with object name Ratis:service=RaftServer,group=group-549DDAC700F8,id=4028da6e-4371-40dd-ac3f-4caa9965859c
2019-10-01 07:15:21,133 [RatisPipelineUtilsThread] INFO  pipeline.PipelineStateManager (PipelineStateManager.java:addPipeline(56)) - Created pipeline Pipeline[ Id: 16c13eac-a8ad-4827-892f-549ddac700f8, Nodes: 4028da6e-4371-40dd-ac3f-4caa9965859c{ip: 192.168.30.18, host: pr-hdds-1984-bsjj8-3390809720, networkLocation: /default-rack, certSerialId: null}, Type:RATIS, Factor:ONE, State:OPEN]
2019-10-01 07:15:21,139 [grpc-default-executor-9] INFO  impl.RaftServerProxy (RaftServerProxy.java:addNew(89)) - 779648de-c350-4e40-bb84-f82694d468ec: addNew group-8C7E2B8A8054:[779648de-c350-4e40-bb84-f82694d468ec:192.168.30.18:41009] returns group-8C7E2B8A8054:java.util.concurrent.CompletableFuture@449785e9[Not completed]
2019-10-01 07:15:21,140 [pool-429-thread-1] INFO  impl.RaftServerImpl (RaftServerImpl.java:<init>(95)) - 779648de-c350-4e40-bb84-f82694d468ec: new RaftServerImpl for group-8C7E2B8A8054:[779648de-c350-4e40-bb84-f82694d468ec:192.168.30.18:41009] with ContainerStateMachine:uninitialized
2019-10-01 07:15:21,140 [pool-429-thread-1] INFO  server.RaftServerConfigKeys (ConfUtils.java:logGet(43)) - raft.server.rpc.timeout.min = 5s (custom)
2019-10-01 07:15:21,140 [pool-429-thread-1] INFO  server.RaftServerConfigKeys (ConfUtils.java:logGet(43)) - raft.server.rpc.timeout.max = 5200ms (custom)
2019-10-01 07:15:21,140 [pool-429-thread-1] INFO  server.RaftServerConfigKeys (ConfUtils.java:logGet(43)) - raft.server.rpcslowness.timeout = 120s (custom)
2019-10-01 07:15:21,140 [pool-429-thread-1] INFO  server.RaftServerConfigKeys (ConfUtils.java:logGet(43)) - raft.server.sleep.deviation.threshold = 300 (default)
2019-10-01 07:15:21,141 [pool-429-thread-1] INFO  server.RaftServerConfigKeys (ConfUtils.java:logGet(43)) - raft.server.log.appender.install.snapshot.enabled = false (custom)
2019-10-01 07:15:21,141 [pool-429-thread-1] INFO  impl.RaftServerImpl (ServerState.java:<init>(103)) - 779648de-c350-4e40-bb84-f82694d468ec@group-8C7E2B8A8054: ConfigurationManager, init=-1: [779648de-c350-4e40-bb84-f82694d468ec:192.168.30.18:41009], old=null, confs=<EMPTY_MAP>
2019-10-01 07:15:21,141 [pool-429-thread-1] INFO  server.RaftServerConfigKeys (ConfUtils.java:logGet(43)) - raft.server.storage.dir = [/workdir/hadoop-ozone/integration-test/target/test-dir/MiniOzoneClusterImpl-2db916eb-b457-4fc6-8c12-ba4338359f32/datanode-2/data/ratis] (custom)
2019-10-01 07:15:21,141 [pool-429-thread-1] INFO  server.RaftServerConfigKeys (ConfUtils.java:logGet(43)) - raft.server.log.corruption.policy = EXCEPTION (default)
2019-10-01 07:15:21,141 [pool-429-thread-1] INFO  storage.RaftStorageDirectory (RaftStorageDirectory.java:analyzeStorage(246)) - The storage directory /workdir/hadoop-ozone/integration-test/target/test-dir/MiniOzoneClusterImpl-2db916eb-b457-4fc6-8c12-ba4338359f32/datanode-2/data/ratis/61ce6f8a-43bf-4471-a0a2-8c7e2b8a8054 does not exist. Creating ...
2019-10-01 07:15:21,150 [IPC Server handler 5 on 39748] INFO  net.NetworkTopology (NetworkTopologyImpl.java:add(111)) - Added a new node: /default-rack/0644b46a-449b-474c-8eef-e7918f21bfdf
2019-10-01 07:15:21,150 [IPC Server handler 5 on 39748] INFO  node.SCMNodeManager (SCMNodeManager.java:register(266)) - Registered Data node : 0644b46a-449b-474c-8eef-e7918f21bfdf{ip: 192.168.30.18, host: pr-hdds-1984-bsjj8-3390809720, networkLocation: /default-rack, certSerialId: null}
2019-10-01 07:15:21,165 [pool-429-thread-1] INFO  storage.RaftStorageDirectory (RaftStorageDirectory.java:tryLock(328)) - Lock on /workdir/hadoop-ozone/integration-test/target/test-dir/MiniOzoneClusterImpl-2db916eb-b457-4fc6-8c12-ba4338359f32/datanode-2/data/ratis/61ce6f8a-43bf-4471-a0a2-8c7e2b8a8054/in_use.lock acquired by nodename 18568@pr-hdds-1984-bsjj8-3390809720
2019-10-01 07:15:21,190 [pool-429-thread-1] INFO  storage.RaftStorage (RaftStorage.java:format(84)) - Storage directory /workdir/hadoop-ozone/integration-test/target/test-dir/MiniOzoneClusterImpl-2db916eb-b457-4fc6-8c12-ba4338359f32/datanode-2/data/ratis/61ce6f8a-43bf-4471-a0a2-8c7e2b8a8054 has been successfully formatted.
2019-10-01 07:15:21,191 [pool-429-thread-1] INFO  ratis.ContainerStateMachine (ContainerStateMachine.java:loadSnapshot(230)) - group-8C7E2B8A8054: The snapshot info is null. Setting the last applied indexto:(t:0, i:~)
2019-10-01 07:15:21,191 [pool-429-thread-1] INFO  server.RaftServerConfigKeys (ConfUtils.java:logGet(43)) - raft.server.notification.no-leader.timeout = 120s (custom)
2019-10-01 07:15:21,191 [pool-429-thread-1] INFO  server.RaftServerConfigKeys (ConfUtils.java:logGet(43)) - raft.server.log.use.memory = false (default)
2019-10-01 07:15:21,191 [pool-429-thread-1] INFO  server.RaftServerConfigKeys (ConfUtils.java:logGet(43)) - raft.server.log.purge.gap = 1000000 (custom)
2019-10-01 07:15:21,191 [pool-429-thread-1] INFO  server.RaftServerConfigKeys (ConfUtils.java:logGet(43)) - raft.server.log.appender.buffer.byte-limit = 33554432 (custom)
2019-10-01 07:15:21,191 [pool-429-thread-1] INFO  server.RaftServerConfigKeys (ConfUtils.java:logGet(43)) - raft.server.log.segment.size.max = 1048576 (custom)
2019-10-01 07:15:21,192 [pool-429-thread-1] INFO  server.RaftServerConfigKeys (ConfUtils.java:logGet(43)) - raft.server.log.segment.cache.num.max = 2 (custom)
2019-10-01 07:15:21,192 [pool-429-thread-1] INFO  segmented.SegmentedRaftLogWorker (SegmentedRaftLogWorker.java:<init>(173)) - new 779648de-c350-4e40-bb84-f82694d468ec@group-8C7E2B8A8054-SegmentedRaftLogWorker for RaftStorage:Storage Directory /workdir/hadoop-ozone/integration-test/target/test-dir/MiniOzoneClusterImpl-2db916eb-b457-4fc6-8c12-ba4338359f32/datanode-2/data/ratis/61ce6f8a-43bf-4471-a0a2-8c7e2b8a8054
2019-10-01 07:15:21,193 [pool-429-thread-1] INFO  server.RaftServerConfigKeys (ConfUtils.java:logGet(43)) - raft.server.log.queue.byte-limit = 2147483647 (custom)
2019-10-01 07:15:21,193 [pool-429-thread-1] INFO  server.RaftServerConfigKeys (ConfUtils.java:logGet(43)) - raft.server.log.queue.element-limit = 1024 (custom)
2019-10-01 07:15:21,193 [pool-429-thread-1] INFO  server.RaftServerConfigKeys (ConfUtils.java:logGet(43)) - raft.server.log.segment.size.max = 1048576 (custom)
2019-10-01 07:15:21,193 [pool-429-thread-1] INFO  server.RaftServerConfigKeys (ConfUtils.java:logGet(43)) - raft.server.log.preallocated.size = 16384 (custom)
2019-10-01 07:15:21,193 [pool-429-thread-1] INFO  server.RaftServerConfigKeys (ConfUtils.java:logGet(43)) - raft.server.log.write.buffer.size = 33554432 (custom)
2019-10-01 07:15:21,193 [pool-429-thread-1] INFO  server.RaftServerConfigKeys (ConfUtils.java:logGet(43)) - raft.server.log.force.sync.num = 128 (default)
2019-10-01 07:15:21,193 [pool-429-thread-1] INFO  server.RaftServerConfigKeys (ConfUtils.java:logGet(43)) - raft.server.log.statemachine.data.sync = true (default)
2019-10-01 07:15:21,193 [pool-429-thread-1] INFO  server.RaftServerConfigKeys (ConfUtils.java:logGet(43)) - raft.server.log.statemachine.data.sync.timeout = 10s (default)
2019-10-01 07:15:21,193 [pool-429-thread-1] INFO  server.RaftServerConfigKeys (ConfUtils.java:logGet(43)) - raft.server.log.statemachine.data.sync.timeout.retry = -1 (default)
2019-10-01 07:15:21,193 [pool-429-thread-1] INFO  server.RaftServerConfigKeys (ConfUtils.java:logGet(43)) - raft.server.log.statemachine.data.caching.enabled = true (custom)
2019-10-01 07:15:21,194 [pool-429-thread-1] INFO  segmented.SegmentedRaftLogWorker (SegmentedRaftLogWorker.java:lambda$new$0(128)) - 779648de-c350-4e40-bb84-f82694d468ec@group-8C7E2B8A8054-SegmentedRaftLogWorker: flushIndex: setUnconditionally 0 -> -1
2019-10-01 07:15:21,194 [pool-429-thread-1] INFO  server.RaftServerConfigKeys (ConfUtils.java:logGet(43)) - raft.server.snapshot.auto.trigger.enabled = true (custom)
2019-10-01 07:15:21,194 [pool-429-thread-1] INFO  server.RaftServerConfigKeys (ConfUtils.java:logGet(43)) - raft.server.snapshot.auto.trigger.threshold = 10000 (custom)
2019-10-01 07:15:21,194 [pool-429-thread-1] INFO  server.RaftServerConfigKeys (ConfUtils.java:logGet(43)) - raft.server.snapshot.retention.file.num = 5 (custom)
2019-10-01 07:15:21,194 [pool-429-thread-1] INFO  server.RaftServerConfigKeys (ConfUtils.java:logGet(43)) - raft.server.retrycache.expirytime = 600000ms (custom)
2019-10-01 07:15:21,195 [pool-429-thread-1] INFO  impl.RaftServerImpl (RaftServerImpl.java:start(181)) - 779648de-c350-4e40-bb84-f82694d468ec@group-8C7E2B8A8054: start as a follower, conf=-1: [779648de-c350-4e40-bb84-f82694d468ec:192.168.30.18:41009], old=null
2019-10-01 07:15:21,195 [pool-429-thread-1] INFO  impl.RaftServerImpl (RaftServerImpl.java:setRole(170)) - 779648de-c350-4e40-bb84-f82694d468ec@group-8C7E2B8A8054: changes role from      null to FOLLOWER at term 0 for startAsFollower
2019-10-01 07:15:21,195 [pool-429-thread-1] INFO  impl.RoleInfo (RoleInfo.java:updateAndGet(143)) - 779648de-c350-4e40-bb84-f82694d468ec: start FollowerState
2019-10-01 07:15:21,196 [pool-429-thread-1] INFO  util.JmxRegister (JmxRegister.java:tryRegister(44)) - Successfully registered JMX Bean with object name Ratis:service=RaftServer,group=group-8C7E2B8A8054,id=779648de-c350-4e40-bb84-f82694d468ec
2019-10-01 07:15:21,201 [RatisPipelineUtilsThread] INFO  pipeline.PipelineStateManager (PipelineStateManager.java:addPipeline(56)) - Created pipeline Pipeline[ Id: 61ce6f8a-43bf-4471-a0a2-8c7e2b8a8054, Nodes: 779648de-c350-4e40-bb84-f82694d468ec{ip: 192.168.30.18, host: pr-hdds-1984-bsjj8-3390809720, networkLocation: /default-rack, certSerialId: null}, Type:RATIS, Factor:ONE, State:OPEN]
2019-10-01 07:15:21,207 [grpc-default-executor-9] INFO  impl.RaftServerProxy (RaftServerProxy.java:addNew(89)) - 0644b46a-449b-474c-8eef-e7918f21bfdf: addNew group-6EC992997435:[0644b46a-449b-474c-8eef-e7918f21bfdf:192.168.30.18:34675] returns group-6EC992997435:java.util.concurrent.CompletableFuture@6b517e9f[Not completed]
2019-10-01 07:15:21,208 [pool-439-thread-1] INFO  impl.RaftServerImpl (RaftServerImpl.java:<init>(95)) - 0644b46a-449b-474c-8eef-e7918f21bfdf: new RaftServerImpl for group-6EC992997435:[0644b46a-449b-474c-8eef-e7918f21bfdf:192.168.30.18:34675] with ContainerStateMachine:uninitialized
2019-10-01 07:15:21,208 [pool-439-thread-1] INFO  server.RaftServerConfigKeys (ConfUtils.java:logGet(43)) - raft.server.rpc.timeout.min = 5s (custom)
2019-10-01 07:15:21,208 [pool-439-thread-1] INFO  server.RaftServerConfigKeys (ConfUtils.java:logGet(43)) - raft.server.rpc.timeout.max = 5200ms (custom)
2019-10-01 07:15:21,208 [pool-439-thread-1] INFO  server.RaftServerConfigKeys (ConfUtils.java:logGet(43)) - raft.server.rpcslowness.timeout = 120s (custom)
2019-10-01 07:15:21,209 [pool-439-thread-1] INFO  server.RaftServerConfigKeys (ConfUtils.java:logGet(43)) - raft.server.sleep.deviation.threshold = 300 (default)
2019-10-01 07:15:21,209 [pool-439-thread-1] INFO  server.RaftServerConfigKeys (ConfUtils.java:logGet(43)) - raft.server.log.appender.install.snapshot.enabled = false (custom)
2019-10-01 07:15:21,209 [pool-439-thread-1] INFO  impl.RaftServerImpl (ServerState.java:<init>(103)) - 0644b46a-449b-474c-8eef-e7918f21bfdf@group-6EC992997435: ConfigurationManager, init=-1: [0644b46a-449b-474c-8eef-e7918f21bfdf:192.168.30.18:34675], old=null, confs=<EMPTY_MAP>
2019-10-01 07:15:21,209 [pool-439-thread-1] INFO  server.RaftServerConfigKeys (ConfUtils.java:logGet(43)) - raft.server.storage.dir = [/workdir/hadoop-ozone/integration-test/target/test-dir/MiniOzoneClusterImpl-2db916eb-b457-4fc6-8c12-ba4338359f32/datanode-3/data/ratis] (custom)
2019-10-01 07:15:21,209 [pool-439-thread-1] INFO  server.RaftServerConfigKeys (ConfUtils.java:logGet(43)) - raft.server.log.corruption.policy = EXCEPTION (default)
2019-10-01 07:15:21,209 [pool-439-thread-1] INFO  storage.RaftStorageDirectory (RaftStorageDirectory.java:analyzeStorage(246)) - The storage directory /workdir/hadoop-ozone/integration-test/target/test-dir/MiniOzoneClusterImpl-2db916eb-b457-4fc6-8c12-ba4338359f32/datanode-3/data/ratis/20a894f6-d7e1-473b-99f8-6ec992997435 does not exist. Creating ...
2019-10-01 07:15:21,215 [IPC Server handler 7 on 39748] INFO  net.NetworkTopology (NetworkTopologyImpl.java:add(111)) - Added a new node: /default-rack/531e026c-abd8-4367-bd98-8e5e258ce4e9
2019-10-01 07:15:21,215 [IPC Server handler 7 on 39748] INFO  node.SCMNodeManager (SCMNodeManager.java:register(266)) - Registered Data node : 531e026c-abd8-4367-bd98-8e5e258ce4e9{ip: 192.168.30.18, host: pr-hdds-1984-bsjj8-3390809720, networkLocation: /default-rack, certSerialId: null}
2019-10-01 07:15:21,232 [pool-439-thread-1] INFO  storage.RaftStorageDirectory (RaftStorageDirectory.java:tryLock(328)) - Lock on /workdir/hadoop-ozone/integration-test/target/test-dir/MiniOzoneClusterImpl-2db916eb-b457-4fc6-8c12-ba4338359f32/datanode-3/data/ratis/20a894f6-d7e1-473b-99f8-6ec992997435/in_use.lock acquired by nodename 18568@pr-hdds-1984-bsjj8-3390809720
2019-10-01 07:15:21,258 [pool-439-thread-1] INFO  storage.RaftStorage (RaftStorage.java:format(84)) - Storage directory /workdir/hadoop-ozone/integration-test/target/test-dir/MiniOzoneClusterImpl-2db916eb-b457-4fc6-8c12-ba4338359f32/datanode-3/data/ratis/20a894f6-d7e1-473b-99f8-6ec992997435 has been successfully formatted.
2019-10-01 07:15:21,258 [pool-439-thread-1] INFO  ratis.ContainerStateMachine (ContainerStateMachine.java:loadSnapshot(230)) - group-6EC992997435: The snapshot info is null. Setting the last applied indexto:(t:0, i:~)
2019-10-01 07:15:21,258 [pool-439-thread-1] INFO  server.RaftServerConfigKeys (ConfUtils.java:logGet(43)) - raft.server.notification.no-leader.timeout = 120s (custom)
2019-10-01 07:15:21,258 [pool-439-thread-1] INFO  server.RaftServerConfigKeys (ConfUtils.java:logGet(43)) - raft.server.log.use.memory = false (default)
2019-10-01 07:15:21,258 [pool-439-thread-1] INFO  server.RaftServerConfigKeys (ConfUtils.java:logGet(43)) - raft.server.log.purge.gap = 1000000 (custom)
2019-10-01 07:15:21,258 [pool-439-thread-1] INFO  server.RaftServerConfigKeys (ConfUtils.java:logGet(43)) - raft.server.log.appender.buffer.byte-limit = 33554432 (custom)
2019-10-01 07:15:21,259 [pool-439-thread-1] INFO  server.RaftServerConfigKeys (ConfUtils.java:logGet(43)) - raft.server.log.segment.size.max = 1048576 (custom)
2019-10-01 07:15:21,260 [pool-439-thread-1] INFO  server.RaftServerConfigKeys (ConfUtils.java:logGet(43)) - raft.server.log.segment.cache.num.max = 2 (custom)
2019-10-01 07:15:21,260 [pool-439-thread-1] INFO  segmented.SegmentedRaftLogWorker (SegmentedRaftLogWorker.java:<init>(173)) - new 0644b46a-449b-474c-8eef-e7918f21bfdf@group-6EC992997435-SegmentedRaftLogWorker for RaftStorage:Storage Directory /workdir/hadoop-ozone/integration-test/target/test-dir/MiniOzoneClusterImpl-2db916eb-b457-4fc6-8c12-ba4338359f32/datanode-3/data/ratis/20a894f6-d7e1-473b-99f8-6ec992997435
2019-10-01 07:15:21,260 [pool-439-thread-1] INFO  server.RaftServerConfigKeys (ConfUtils.java:logGet(43)) - raft.server.log.queue.byte-limit = 2147483647 (custom)
2019-10-01 07:15:21,260 [pool-439-thread-1] INFO  server.RaftServerConfigKeys (ConfUtils.java:logGet(43)) - raft.server.log.queue.element-limit = 1024 (custom)
2019-10-01 07:15:21,260 [pool-439-thread-1] INFO  server.RaftServerConfigKeys (ConfUtils.java:logGet(43)) - raft.server.log.segment.size.max = 1048576 (custom)
2019-10-01 07:15:21,261 [pool-439-thread-1] INFO  server.RaftServerConfigKeys (ConfUtils.java:logGet(43)) - raft.server.log.preallocated.size = 16384 (custom)
2019-10-01 07:15:21,261 [pool-439-thread-1] INFO  server.RaftServerConfigKeys (ConfUtils.java:logGet(43)) - raft.server.log.write.buffer.size = 33554432 (custom)
2019-10-01 07:15:21,261 [pool-439-thread-1] INFO  server.RaftServerConfigKeys (ConfUtils.java:logGet(43)) - raft.server.log.force.sync.num = 128 (default)
2019-10-01 07:15:21,261 [pool-439-thread-1] INFO  server.RaftServerConfigKeys (ConfUtils.java:logGet(43)) - raft.server.log.statemachine.data.sync = true (default)
2019-10-01 07:15:21,261 [pool-439-thread-1] INFO  server.RaftServerConfigKeys (ConfUtils.java:logGet(43)) - raft.server.log.statemachine.data.sync.timeout = 10s (default)
2019-10-01 07:15:21,261 [pool-439-thread-1] INFO  server.RaftServerConfigKeys (ConfUtils.java:logGet(43)) - raft.server.log.statemachine.data.sync.timeout.retry = -1 (default)
2019-10-01 07:15:21,261 [pool-439-thread-1] INFO  server.RaftServerConfigKeys (ConfUtils.java:logGet(43)) - raft.server.log.statemachine.data.caching.enabled = true (custom)
2019-10-01 07:15:21,261 [pool-439-thread-1] INFO  segmented.SegmentedRaftLogWorker (SegmentedRaftLogWorker.java:lambda$new$0(128)) - 0644b46a-449b-474c-8eef-e7918f21bfdf@group-6EC992997435-SegmentedRaftLogWorker: flushIndex: setUnconditionally 0 -> -1
2019-10-01 07:15:21,262 [pool-439-thread-1] INFO  server.RaftServerConfigKeys (ConfUtils.java:logGet(43)) - raft.server.snapshot.auto.trigger.enabled = true (custom)
2019-10-01 07:15:21,262 [pool-439-thread-1] INFO  server.RaftServerConfigKeys (ConfUtils.java:logGet(43)) - raft.server.snapshot.auto.trigger.threshold = 10000 (custom)
2019-10-01 07:15:21,262 [pool-439-thread-1] INFO  server.RaftServerConfigKeys (ConfUtils.java:logGet(43)) - raft.server.snapshot.retention.file.num = 5 (custom)
2019-10-01 07:15:21,262 [pool-439-thread-1] INFO  server.RaftServerConfigKeys (ConfUtils.java:logGet(43)) - raft.server.retrycache.expirytime = 600000ms (custom)
2019-10-01 07:15:21,263 [pool-439-thread-1] INFO  impl.RaftServerImpl (RaftServerImpl.java:start(181)) - 0644b46a-449b-474c-8eef-e7918f21bfdf@group-6EC992997435: start as a follower, conf=-1: [0644b46a-449b-474c-8eef-e7918f21bfdf:192.168.30.18:34675], old=null
2019-10-01 07:15:21,263 [pool-439-thread-1] INFO  impl.RaftServerImpl (RaftServerImpl.java:setRole(170)) - 0644b46a-449b-474c-8eef-e7918f21bfdf@group-6EC992997435: changes role from      null to FOLLOWER at term 0 for startAsFollower
2019-10-01 07:15:21,263 [pool-439-thread-1] INFO  impl.RoleInfo (RoleInfo.java:updateAndGet(143)) - 0644b46a-449b-474c-8eef-e7918f21bfdf: start FollowerState
2019-10-01 07:15:21,284 [pool-439-thread-1] INFO  util.JmxRegister (JmxRegister.java:tryRegister(44)) - Successfully registered JMX Bean with object name Ratis:service=RaftServer,group=group-6EC992997435,id=0644b46a-449b-474c-8eef-e7918f21bfdf
2019-10-01 07:15:21,286 [IPC Server handler 4 on 39748] INFO  net.NetworkTopology (NetworkTopologyImpl.java:add(111)) - Added a new node: /default-rack/681d2a6a-aa23-4b09-bbd3-2c3ec3baa173
2019-10-01 07:15:21,286 [IPC Server handler 4 on 39748] INFO  node.SCMNodeManager (SCMNodeManager.java:register(266)) - Registered Data node : 681d2a6a-aa23-4b09-bbd3-2c3ec3baa173{ip: 192.168.30.18, host: pr-hdds-1984-bsjj8-3390809720, networkLocation: /default-rack, certSerialId: null}
2019-10-01 07:15:21,304 [RatisPipelineUtilsThread] INFO  pipeline.PipelineStateManager (PipelineStateManager.java:addPipeline(56)) - Created pipeline Pipeline[ Id: 20a894f6-d7e1-473b-99f8-6ec992997435, Nodes: 0644b46a-449b-474c-8eef-e7918f21bfdf{ip: 192.168.30.18, host: pr-hdds-1984-bsjj8-3390809720, networkLocation: /default-rack, certSerialId: null}, Type:RATIS, Factor:ONE, State:OPEN]
2019-10-01 07:15:21,314 [grpc-default-executor-9] INFO  impl.RaftServerProxy (RaftServerProxy.java:addNew(89)) - 681d2a6a-aa23-4b09-bbd3-2c3ec3baa173: addNew group-70088686B190:[681d2a6a-aa23-4b09-bbd3-2c3ec3baa173:192.168.30.18:44355] returns group-70088686B190:java.util.concurrent.CompletableFuture@57ccf882[Not completed]
2019-10-01 07:15:21,316 [pool-459-thread-1] INFO  impl.RaftServerImpl (RaftServerImpl.java:<init>(95)) - 681d2a6a-aa23-4b09-bbd3-2c3ec3baa173: new RaftServerImpl for group-70088686B190:[681d2a6a-aa23-4b09-bbd3-2c3ec3baa173:192.168.30.18:44355] with ContainerStateMachine:uninitialized
2019-10-01 07:15:21,316 [pool-459-thread-1] INFO  server.RaftServerConfigKeys (ConfUtils.java:logGet(43)) - raft.server.rpc.timeout.min = 5s (custom)
2019-10-01 07:15:21,316 [pool-459-thread-1] INFO  server.RaftServerConfigKeys (ConfUtils.java:logGet(43)) - raft.server.rpc.timeout.max = 5200ms (custom)
2019-10-01 07:15:21,316 [pool-459-thread-1] INFO  server.RaftServerConfigKeys (ConfUtils.java:logGet(43)) - raft.server.rpcslowness.timeout = 120s (custom)
2019-10-01 07:15:21,316 [pool-459-thread-1] INFO  server.RaftServerConfigKeys (ConfUtils.java:logGet(43)) - raft.server.sleep.deviation.threshold = 300 (default)
2019-10-01 07:15:21,316 [pool-459-thread-1] INFO  server.RaftServerConfigKeys (ConfUtils.java:logGet(43)) - raft.server.log.appender.install.snapshot.enabled = false (custom)
2019-10-01 07:15:21,317 [pool-459-thread-1] INFO  impl.RaftServerImpl (ServerState.java:<init>(103)) - 681d2a6a-aa23-4b09-bbd3-2c3ec3baa173@group-70088686B190: ConfigurationManager, init=-1: [681d2a6a-aa23-4b09-bbd3-2c3ec3baa173:192.168.30.18:44355], old=null, confs=<EMPTY_MAP>
2019-10-01 07:15:21,317 [pool-459-thread-1] INFO  server.RaftServerConfigKeys (ConfUtils.java:logGet(43)) - raft.server.storage.dir = [/workdir/hadoop-ozone/integration-test/target/test-dir/MiniOzoneClusterImpl-2db916eb-b457-4fc6-8c12-ba4338359f32/datanode-5/data/ratis] (custom)
2019-10-01 07:15:21,317 [pool-459-thread-1] INFO  server.RaftServerConfigKeys (ConfUtils.java:logGet(43)) - raft.server.log.corruption.policy = EXCEPTION (default)
2019-10-01 07:15:21,317 [pool-459-thread-1] INFO  storage.RaftStorageDirectory (RaftStorageDirectory.java:analyzeStorage(246)) - The storage directory /workdir/hadoop-ozone/integration-test/target/test-dir/MiniOzoneClusterImpl-2db916eb-b457-4fc6-8c12-ba4338359f32/datanode-5/data/ratis/81354143-27d1-43a4-aa24-70088686b190 does not exist. Creating ...
2019-10-01 07:15:21,342 [pool-459-thread-1] INFO  storage.RaftStorageDirectory (RaftStorageDirectory.java:tryLock(328)) - Lock on /workdir/hadoop-ozone/integration-test/target/test-dir/MiniOzoneClusterImpl-2db916eb-b457-4fc6-8c12-ba4338359f32/datanode-5/data/ratis/81354143-27d1-43a4-aa24-70088686b190/in_use.lock acquired by nodename 18568@pr-hdds-1984-bsjj8-3390809720
2019-10-01 07:15:21,346 [main] INFO  ozone.MiniOzoneClusterImpl (MiniOzoneClusterImpl.java:lambda$waitForClusterToBeReady$0(147)) - Waiting for cluster to be ready. Got 6 of 7 DN Heartbeats.
2019-10-01 07:15:21,346 [IPC Server handler 6 on 39748] INFO  net.NetworkTopology (NetworkTopologyImpl.java:add(111)) - Added a new node: /default-rack/11c84197-d83d-4072-8fdb-43676bb55242
2019-10-01 07:15:21,347 [IPC Server handler 6 on 39748] INFO  node.SCMNodeManager (SCMNodeManager.java:register(266)) - Registered Data node : 11c84197-d83d-4072-8fdb-43676bb55242{ip: 192.168.30.18, host: pr-hdds-1984-bsjj8-3390809720, networkLocation: /default-rack, certSerialId: null}
2019-10-01 07:15:21,367 [pool-459-thread-1] INFO  storage.RaftStorage (RaftStorage.java:format(84)) - Storage directory /workdir/hadoop-ozone/integration-test/target/test-dir/MiniOzoneClusterImpl-2db916eb-b457-4fc6-8c12-ba4338359f32/datanode-5/data/ratis/81354143-27d1-43a4-aa24-70088686b190 has been successfully formatted.
2019-10-01 07:15:21,367 [pool-459-thread-1] INFO  ratis.ContainerStateMachine (ContainerStateMachine.java:loadSnapshot(230)) - group-70088686B190: The snapshot info is null. Setting the last applied indexto:(t:0, i:~)
2019-10-01 07:15:21,368 [pool-459-thread-1] INFO  server.RaftServerConfigKeys (ConfUtils.java:logGet(43)) - raft.server.notification.no-leader.timeout = 120s (custom)
2019-10-01 07:15:21,368 [pool-459-thread-1] INFO  server.RaftServerConfigKeys (ConfUtils.java:logGet(43)) - raft.server.log.use.memory = false (default)
2019-10-01 07:15:21,368 [pool-459-thread-1] INFO  server.RaftServerConfigKeys (ConfUtils.java:logGet(43)) - raft.server.log.purge.gap = 1000000 (custom)
2019-10-01 07:15:21,368 [pool-459-thread-1] INFO  server.RaftServerConfigKeys (ConfUtils.java:logGet(43)) - raft.server.log.appender.buffer.byte-limit = 33554432 (custom)
2019-10-01 07:15:21,368 [pool-459-thread-1] INFO  server.RaftServerConfigKeys (ConfUtils.java:logGet(43)) - raft.server.log.segment.size.max = 1048576 (custom)
2019-10-01 07:15:21,371 [pool-459-thread-1] INFO  server.RaftServerConfigKeys (ConfUtils.java:logGet(43)) - raft.server.log.segment.cache.num.max = 2 (custom)
2019-10-01 07:15:21,371 [pool-459-thread-1] INFO  segmented.SegmentedRaftLogWorker (SegmentedRaftLogWorker.java:<init>(173)) - new 681d2a6a-aa23-4b09-bbd3-2c3ec3baa173@group-70088686B190-SegmentedRaftLogWorker for RaftStorage:Storage Directory /workdir/hadoop-ozone/integration-test/target/test-dir/MiniOzoneClusterImpl-2db916eb-b457-4fc6-8c12-ba4338359f32/datanode-5/data/ratis/81354143-27d1-43a4-aa24-70088686b190
2019-10-01 07:15:21,372 [pool-459-thread-1] INFO  server.RaftServerConfigKeys (ConfUtils.java:logGet(43)) - raft.server.log.queue.byte-limit = 2147483647 (custom)
2019-10-01 07:15:21,372 [pool-459-thread-1] INFO  server.RaftServerConfigKeys (ConfUtils.java:logGet(43)) - raft.server.log.queue.element-limit = 1024 (custom)
2019-10-01 07:15:21,372 [pool-459-thread-1] INFO  server.RaftServerConfigKeys (ConfUtils.java:logGet(43)) - raft.server.log.segment.size.max = 1048576 (custom)
2019-10-01 07:15:21,373 [pool-459-thread-1] INFO  server.RaftServerConfigKeys (ConfUtils.java:logGet(43)) - raft.server.log.preallocated.size = 16384 (custom)
2019-10-01 07:15:21,373 [pool-459-thread-1] INFO  server.RaftServerConfigKeys (ConfUtils.java:logGet(43)) - raft.server.log.write.buffer.size = 33554432 (custom)
2019-10-01 07:15:21,373 [pool-459-thread-1] INFO  server.RaftServerConfigKeys (ConfUtils.java:logGet(43)) - raft.server.log.force.sync.num = 128 (default)
2019-10-01 07:15:21,374 [pool-459-thread-1] INFO  server.RaftServerConfigKeys (ConfUtils.java:logGet(43)) - raft.server.log.statemachine.data.sync = true (default)
2019-10-01 07:15:21,374 [pool-459-thread-1] INFO  server.RaftServerConfigKeys (ConfUtils.java:logGet(43)) - raft.server.log.statemachine.data.sync.timeout = 10s (default)
2019-10-01 07:15:21,374 [pool-459-thread-1] INFO  server.RaftServerConfigKeys (ConfUtils.java:logGet(43)) - raft.server.log.statemachine.data.sync.timeout.retry = -1 (default)
2019-10-01 07:15:21,375 [pool-459-thread-1] INFO  server.RaftServerConfigKeys (ConfUtils.java:logGet(43)) - raft.server.log.statemachine.data.caching.enabled = true (custom)
2019-10-01 07:15:21,375 [pool-459-thread-1] INFO  segmented.SegmentedRaftLogWorker (SegmentedRaftLogWorker.java:lambda$new$0(128)) - 681d2a6a-aa23-4b09-bbd3-2c3ec3baa173@group-70088686B190-SegmentedRaftLogWorker: flushIndex: setUnconditionally 0 -> -1
2019-10-01 07:15:21,376 [pool-459-thread-1] INFO  server.RaftServerConfigKeys (ConfUtils.java:logGet(43)) - raft.server.snapshot.auto.trigger.enabled = true (custom)
2019-10-01 07:15:21,376 [pool-459-thread-1] INFO  server.RaftServerConfigKeys (ConfUtils.java:logGet(43)) - raft.server.snapshot.auto.trigger.threshold = 10000 (custom)
2019-10-01 07:15:21,376 [pool-459-thread-1] INFO  server.RaftServerConfigKeys (ConfUtils.java:logGet(43)) - raft.server.snapshot.retention.file.num = 5 (custom)
2019-10-01 07:15:21,377 [pool-459-thread-1] INFO  server.RaftServerConfigKeys (ConfUtils.java:logGet(43)) - raft.server.retrycache.expirytime = 600000ms (custom)
2019-10-01 07:15:21,379 [pool-459-thread-1] INFO  impl.RaftServerImpl (RaftServerImpl.java:start(181)) - 681d2a6a-aa23-4b09-bbd3-2c3ec3baa173@group-70088686B190: start as a follower, conf=-1: [681d2a6a-aa23-4b09-bbd3-2c3ec3baa173:192.168.30.18:44355], old=null
2019-10-01 07:15:21,379 [pool-459-thread-1] INFO  impl.RaftServerImpl (RaftServerImpl.java:setRole(170)) - 681d2a6a-aa23-4b09-bbd3-2c3ec3baa173@group-70088686B190: changes role from      null to FOLLOWER at term 0 for startAsFollower
2019-10-01 07:15:21,379 [pool-459-thread-1] INFO  impl.RoleInfo (RoleInfo.java:updateAndGet(143)) - 681d2a6a-aa23-4b09-bbd3-2c3ec3baa173: start FollowerState
2019-10-01 07:15:21,380 [pool-459-thread-1] INFO  util.JmxRegister (JmxRegister.java:tryRegister(44)) - Successfully registered JMX Bean with object name Ratis:service=RaftServer,group=group-70088686B190,id=681d2a6a-aa23-4b09-bbd3-2c3ec3baa173
2019-10-01 07:15:21,387 [RatisPipelineUtilsThread] INFO  pipeline.PipelineStateManager (PipelineStateManager.java:addPipeline(56)) - Created pipeline Pipeline[ Id: 81354143-27d1-43a4-aa24-70088686b190, Nodes: 681d2a6a-aa23-4b09-bbd3-2c3ec3baa173{ip: 192.168.30.18, host: pr-hdds-1984-bsjj8-3390809720, networkLocation: /default-rack, certSerialId: null}, Type:RATIS, Factor:ONE, State:OPEN]
2019-10-01 07:15:21,395 [grpc-default-executor-9] INFO  impl.RaftServerProxy (RaftServerProxy.java:addNew(89)) - 11c84197-d83d-4072-8fdb-43676bb55242: addNew group-6A462AA8AF75:[11c84197-d83d-4072-8fdb-43676bb55242:192.168.30.18:33686] returns group-6A462AA8AF75:java.util.concurrent.CompletableFuture@38db6e5e[Not completed]
2019-10-01 07:15:21,396 [pool-469-thread-1] INFO  impl.RaftServerImpl (RaftServerImpl.java:<init>(95)) - 11c84197-d83d-4072-8fdb-43676bb55242: new RaftServerImpl for group-6A462AA8AF75:[11c84197-d83d-4072-8fdb-43676bb55242:192.168.30.18:33686] with ContainerStateMachine:uninitialized
2019-10-01 07:15:21,396 [pool-469-thread-1] INFO  server.RaftServerConfigKeys (ConfUtils.java:logGet(43)) - raft.server.rpc.timeout.min = 5s (custom)
2019-10-01 07:15:21,396 [pool-469-thread-1] INFO  server.RaftServerConfigKeys (ConfUtils.java:logGet(43)) - raft.server.rpc.timeout.max = 5200ms (custom)
2019-10-01 07:15:21,396 [pool-469-thread-1] INFO  server.RaftServerConfigKeys (ConfUtils.java:logGet(43)) - raft.server.rpcslowness.timeout = 120s (custom)
2019-10-01 07:15:21,396 [pool-469-thread-1] INFO  server.RaftServerConfigKeys (ConfUtils.java:logGet(43)) - raft.server.sleep.deviation.threshold = 300 (default)
2019-10-01 07:15:21,396 [pool-469-thread-1] INFO  server.RaftServerConfigKeys (ConfUtils.java:logGet(43)) - raft.server.log.appender.install.snapshot.enabled = false (custom)
2019-10-01 07:15:21,396 [pool-469-thread-1] INFO  impl.RaftServerImpl (ServerState.java:<init>(103)) - 11c84197-d83d-4072-8fdb-43676bb55242@group-6A462AA8AF75: ConfigurationManager, init=-1: [11c84197-d83d-4072-8fdb-43676bb55242:192.168.30.18:33686], old=null, confs=<EMPTY_MAP>
2019-10-01 07:15:21,396 [pool-469-thread-1] INFO  server.RaftServerConfigKeys (ConfUtils.java:logGet(43)) - raft.server.storage.dir = [/workdir/hadoop-ozone/integration-test/target/test-dir/MiniOzoneClusterImpl-2db916eb-b457-4fc6-8c12-ba4338359f32/datanode-6/data/ratis] (custom)
2019-10-01 07:15:21,396 [pool-469-thread-1] INFO  server.RaftServerConfigKeys (ConfUtils.java:logGet(43)) - raft.server.log.corruption.policy = EXCEPTION (default)
2019-10-01 07:15:21,397 [pool-469-thread-1] INFO  storage.RaftStorageDirectory (RaftStorageDirectory.java:analyzeStorage(246)) - The storage directory /workdir/hadoop-ozone/integration-test/target/test-dir/MiniOzoneClusterImpl-2db916eb-b457-4fc6-8c12-ba4338359f32/datanode-6/data/ratis/53a6094c-bcaa-4b2a-b60c-6a462aa8af75 does not exist. Creating ...
2019-10-01 07:15:21,426 [pool-469-thread-1] INFO  storage.RaftStorageDirectory (RaftStorageDirectory.java:tryLock(328)) - Lock on /workdir/hadoop-ozone/integration-test/target/test-dir/MiniOzoneClusterImpl-2db916eb-b457-4fc6-8c12-ba4338359f32/datanode-6/data/ratis/53a6094c-bcaa-4b2a-b60c-6a462aa8af75/in_use.lock acquired by nodename 18568@pr-hdds-1984-bsjj8-3390809720
2019-10-01 07:15:21,451 [pool-469-thread-1] INFO  storage.RaftStorage (RaftStorage.java:format(84)) - Storage directory /workdir/hadoop-ozone/integration-test/target/test-dir/MiniOzoneClusterImpl-2db916eb-b457-4fc6-8c12-ba4338359f32/datanode-6/data/ratis/53a6094c-bcaa-4b2a-b60c-6a462aa8af75 has been successfully formatted.
2019-10-01 07:15:21,451 [pool-469-thread-1] INFO  ratis.ContainerStateMachine (ContainerStateMachine.java:loadSnapshot(230)) - group-6A462AA8AF75: The snapshot info is null. Setting the last applied indexto:(t:0, i:~)
2019-10-01 07:15:21,452 [pool-469-thread-1] INFO  server.RaftServerConfigKeys (ConfUtils.java:logGet(43)) - raft.server.notification.no-leader.timeout = 120s (custom)
2019-10-01 07:15:21,452 [pool-469-thread-1] INFO  server.RaftServerConfigKeys (ConfUtils.java:logGet(43)) - raft.server.log.use.memory = false (default)
2019-10-01 07:15:21,452 [pool-469-thread-1] INFO  server.RaftServerConfigKeys (ConfUtils.java:logGet(43)) - raft.server.log.purge.gap = 1000000 (custom)
2019-10-01 07:15:21,452 [pool-469-thread-1] INFO  server.RaftServerConfigKeys (ConfUtils.java:logGet(43)) - raft.server.log.appender.buffer.byte-limit = 33554432 (custom)
2019-10-01 07:15:21,452 [pool-469-thread-1] INFO  server.RaftServerConfigKeys (ConfUtils.java:logGet(43)) - raft.server.log.segment.size.max = 1048576 (custom)
2019-10-01 07:15:21,454 [pool-469-thread-1] INFO  server.RaftServerConfigKeys (ConfUtils.java:logGet(43)) - raft.server.log.segment.cache.num.max = 2 (custom)
2019-10-01 07:15:21,454 [pool-469-thread-1] INFO  segmented.SegmentedRaftLogWorker (SegmentedRaftLogWorker.java:<init>(173)) - new 11c84197-d83d-4072-8fdb-43676bb55242@group-6A462AA8AF75-SegmentedRaftLogWorker for RaftStorage:Storage Directory /workdir/hadoop-ozone/integration-test/target/test-dir/MiniOzoneClusterImpl-2db916eb-b457-4fc6-8c12-ba4338359f32/datanode-6/data/ratis/53a6094c-bcaa-4b2a-b60c-6a462aa8af75
2019-10-01 07:15:21,454 [pool-469-thread-1] INFO  server.RaftServerConfigKeys (ConfUtils.java:logGet(43)) - raft.server.log.queue.byte-limit = 2147483647 (custom)
2019-10-01 07:15:21,454 [pool-469-thread-1] INFO  server.RaftServerConfigKeys (ConfUtils.java:logGet(43)) - raft.server.log.queue.element-limit = 1024 (custom)
2019-10-01 07:15:21,455 [pool-469-thread-1] INFO  server.RaftServerConfigKeys (ConfUtils.java:logGet(43)) - raft.server.log.segment.size.max = 1048576 (custom)
2019-10-01 07:15:21,455 [pool-469-thread-1] INFO  server.RaftServerConfigKeys (ConfUtils.java:logGet(43)) - raft.server.log.preallocated.size = 16384 (custom)
2019-10-01 07:15:21,455 [pool-469-thread-1] INFO  server.RaftServerConfigKeys (ConfUtils.java:logGet(43)) - raft.server.log.write.buffer.size = 33554432 (custom)
2019-10-01 07:15:21,455 [pool-469-thread-1] INFO  server.RaftServerConfigKeys (ConfUtils.java:logGet(43)) - raft.server.log.force.sync.num = 128 (default)
2019-10-01 07:15:21,455 [pool-469-thread-1] INFO  server.RaftServerConfigKeys (ConfUtils.java:logGet(43)) - raft.server.log.statemachine.data.sync = true (default)
2019-10-01 07:15:21,455 [pool-469-thread-1] INFO  server.RaftServerConfigKeys (ConfUtils.java:logGet(43)) - raft.server.log.statemachine.data.sync.timeout = 10s (default)
2019-10-01 07:15:21,455 [pool-469-thread-1] INFO  server.RaftServerConfigKeys (ConfUtils.java:logGet(43)) - raft.server.log.statemachine.data.sync.timeout.retry = -1 (default)
2019-10-01 07:15:21,456 [pool-469-thread-1] INFO  server.RaftServerConfigKeys (ConfUtils.java:logGet(43)) - raft.server.log.statemachine.data.caching.enabled = true (custom)
2019-10-01 07:15:21,456 [pool-469-thread-1] INFO  segmented.SegmentedRaftLogWorker (SegmentedRaftLogWorker.java:lambda$new$0(128)) - 11c84197-d83d-4072-8fdb-43676bb55242@group-6A462AA8AF75-SegmentedRaftLogWorker: flushIndex: setUnconditionally 0 -> -1
2019-10-01 07:15:21,456 [pool-469-thread-1] INFO  server.RaftServerConfigKeys (ConfUtils.java:logGet(43)) - raft.server.snapshot.auto.trigger.enabled = true (custom)
2019-10-01 07:15:21,457 [pool-469-thread-1] INFO  server.RaftServerConfigKeys (ConfUtils.java:logGet(43)) - raft.server.snapshot.auto.trigger.threshold = 10000 (custom)
2019-10-01 07:15:21,457 [pool-469-thread-1] INFO  server.RaftServerConfigKeys (ConfUtils.java:logGet(43)) - raft.server.snapshot.retention.file.num = 5 (custom)
2019-10-01 07:15:21,457 [pool-469-thread-1] INFO  server.RaftServerConfigKeys (ConfUtils.java:logGet(43)) - raft.server.retrycache.expirytime = 600000ms (custom)
2019-10-01 07:15:21,459 [pool-469-thread-1] INFO  impl.RaftServerImpl (RaftServerImpl.java:start(181)) - 11c84197-d83d-4072-8fdb-43676bb55242@group-6A462AA8AF75: start as a follower, conf=-1: [11c84197-d83d-4072-8fdb-43676bb55242:192.168.30.18:33686], old=null
2019-10-01 07:15:21,459 [pool-469-thread-1] INFO  impl.RaftServerImpl (RaftServerImpl.java:setRole(170)) - 11c84197-d83d-4072-8fdb-43676bb55242@group-6A462AA8AF75: changes role from      null to FOLLOWER at term 0 for startAsFollower
2019-10-01 07:15:21,459 [pool-469-thread-1] INFO  impl.RoleInfo (RoleInfo.java:updateAndGet(143)) - 11c84197-d83d-4072-8fdb-43676bb55242: start FollowerState
2019-10-01 07:15:21,459 [pool-469-thread-1] INFO  util.JmxRegister (JmxRegister.java:tryRegister(44)) - Successfully registered JMX Bean with object name Ratis:service=RaftServer,group=group-6A462AA8AF75,id=11c84197-d83d-4072-8fdb-43676bb55242
2019-10-01 07:15:21,467 [RatisPipelineUtilsThread] INFO  pipeline.PipelineStateManager (PipelineStateManager.java:addPipeline(56)) - Created pipeline Pipeline[ Id: 53a6094c-bcaa-4b2a-b60c-6a462aa8af75, Nodes: 11c84197-d83d-4072-8fdb-43676bb55242{ip: 192.168.30.18, host: pr-hdds-1984-bsjj8-3390809720, networkLocation: /default-rack, certSerialId: null}, Type:RATIS, Factor:ONE, State:OPEN]
2019-10-01 07:15:21,474 [grpc-default-executor-9] INFO  impl.RaftServerProxy (RaftServerProxy.java:addNew(89)) - 531e026c-abd8-4367-bd98-8e5e258ce4e9: addNew group-CFC6C60A81CA:[531e026c-abd8-4367-bd98-8e5e258ce4e9:192.168.30.18:32859] returns group-CFC6C60A81CA:java.util.concurrent.CompletableFuture@725808f1[Not completed]
2019-10-01 07:15:21,475 [pool-449-thread-1] INFO  impl.RaftServerImpl (RaftServerImpl.java:<init>(95)) - 531e026c-abd8-4367-bd98-8e5e258ce4e9: new RaftServerImpl for group-CFC6C60A81CA:[531e026c-abd8-4367-bd98-8e5e258ce4e9:192.168.30.18:32859] with ContainerStateMachine:uninitialized
2019-10-01 07:15:21,475 [pool-449-thread-1] INFO  server.RaftServerConfigKeys (ConfUtils.java:logGet(43)) - raft.server.rpc.timeout.min = 5s (custom)
2019-10-01 07:15:21,475 [pool-449-thread-1] INFO  server.RaftServerConfigKeys (ConfUtils.java:logGet(43)) - raft.server.rpc.timeout.max = 5200ms (custom)
2019-10-01 07:15:21,475 [pool-449-thread-1] INFO  server.RaftServerConfigKeys (ConfUtils.java:logGet(43)) - raft.server.rpcslowness.timeout = 120s (custom)
2019-10-01 07:15:21,475 [pool-449-thread-1] INFO  server.RaftServerConfigKeys (ConfUtils.java:logGet(43)) - raft.server.sleep.deviation.threshold = 300 (default)
2019-10-01 07:15:21,475 [pool-449-thread-1] INFO  server.RaftServerConfigKeys (ConfUtils.java:logGet(43)) - raft.server.log.appender.install.snapshot.enabled = false (custom)
2019-10-01 07:15:21,475 [pool-449-thread-1] INFO  impl.RaftServerImpl (ServerState.java:<init>(103)) - 531e026c-abd8-4367-bd98-8e5e258ce4e9@group-CFC6C60A81CA: ConfigurationManager, init=-1: [531e026c-abd8-4367-bd98-8e5e258ce4e9:192.168.30.18:32859], old=null, confs=<EMPTY_MAP>
2019-10-01 07:15:21,476 [pool-449-thread-1] INFO  server.RaftServerConfigKeys (ConfUtils.java:logGet(43)) - raft.server.storage.dir = [/workdir/hadoop-ozone/integration-test/target/test-dir/MiniOzoneClusterImpl-2db916eb-b457-4fc6-8c12-ba4338359f32/datanode-4/data/ratis] (custom)
2019-10-01 07:15:21,476 [pool-449-thread-1] INFO  server.RaftServerConfigKeys (ConfUtils.java:logGet(43)) - raft.server.log.corruption.policy = EXCEPTION (default)
2019-10-01 07:15:21,476 [pool-449-thread-1] INFO  storage.RaftStorageDirectory (RaftStorageDirectory.java:analyzeStorage(246)) - The storage directory /workdir/hadoop-ozone/integration-test/target/test-dir/MiniOzoneClusterImpl-2db916eb-b457-4fc6-8c12-ba4338359f32/datanode-4/data/ratis/f3a12369-6a07-4607-a652-cfc6c60a81ca does not exist. Creating ...
2019-10-01 07:15:21,501 [pool-449-thread-1] INFO  storage.RaftStorageDirectory (RaftStorageDirectory.java:tryLock(328)) - Lock on /workdir/hadoop-ozone/integration-test/target/test-dir/MiniOzoneClusterImpl-2db916eb-b457-4fc6-8c12-ba4338359f32/datanode-4/data/ratis/f3a12369-6a07-4607-a652-cfc6c60a81ca/in_use.lock acquired by nodename 18568@pr-hdds-1984-bsjj8-3390809720
2019-10-01 07:15:21,527 [pool-449-thread-1] INFO  storage.RaftStorage (RaftStorage.java:format(84)) - Storage directory /workdir/hadoop-ozone/integration-test/target/test-dir/MiniOzoneClusterImpl-2db916eb-b457-4fc6-8c12-ba4338359f32/datanode-4/data/ratis/f3a12369-6a07-4607-a652-cfc6c60a81ca has been successfully formatted.
2019-10-01 07:15:21,527 [pool-449-thread-1] INFO  ratis.ContainerStateMachine (ContainerStateMachine.java:loadSnapshot(230)) - group-CFC6C60A81CA: The snapshot info is null. Setting the last applied indexto:(t:0, i:~)
2019-10-01 07:15:21,527 [pool-449-thread-1] INFO  server.RaftServerConfigKeys (ConfUtils.java:logGet(43)) - raft.server.notification.no-leader.timeout = 120s (custom)
2019-10-01 07:15:21,527 [pool-449-thread-1] INFO  server.RaftServerConfigKeys (ConfUtils.java:logGet(43)) - raft.server.log.use.memory = false (default)
2019-10-01 07:15:21,528 [pool-449-thread-1] INFO  server.RaftServerConfigKeys (ConfUtils.java:logGet(43)) - raft.server.log.purge.gap = 1000000 (custom)
2019-10-01 07:15:21,528 [pool-449-thread-1] INFO  server.RaftServerConfigKeys (ConfUtils.java:logGet(43)) - raft.server.log.appender.buffer.byte-limit = 33554432 (custom)
2019-10-01 07:15:21,528 [pool-449-thread-1] INFO  server.RaftServerConfigKeys (ConfUtils.java:logGet(43)) - raft.server.log.segment.size.max = 1048576 (custom)
2019-10-01 07:15:21,529 [pool-449-thread-1] INFO  server.RaftServerConfigKeys (ConfUtils.java:logGet(43)) - raft.server.log.segment.cache.num.max = 2 (custom)
2019-10-01 07:15:21,529 [pool-449-thread-1] INFO  segmented.SegmentedRaftLogWorker (SegmentedRaftLogWorker.java:<init>(173)) - new 531e026c-abd8-4367-bd98-8e5e258ce4e9@group-CFC6C60A81CA-SegmentedRaftLogWorker for RaftStorage:Storage Directory /workdir/hadoop-ozone/integration-test/target/test-dir/MiniOzoneClusterImpl-2db916eb-b457-4fc6-8c12-ba4338359f32/datanode-4/data/ratis/f3a12369-6a07-4607-a652-cfc6c60a81ca
2019-10-01 07:15:21,529 [pool-449-thread-1] INFO  server.RaftServerConfigKeys (ConfUtils.java:logGet(43)) - raft.server.log.queue.byte-limit = 2147483647 (custom)
2019-10-01 07:15:21,530 [pool-449-thread-1] INFO  server.RaftServerConfigKeys (ConfUtils.java:logGet(43)) - raft.server.log.queue.element-limit = 1024 (custom)
2019-10-01 07:15:21,530 [pool-449-thread-1] INFO  server.RaftServerConfigKeys (ConfUtils.java:logGet(43)) - raft.server.log.segment.size.max = 1048576 (custom)
2019-10-01 07:15:21,530 [pool-449-thread-1] INFO  server.RaftServerConfigKeys (ConfUtils.java:logGet(43)) - raft.server.log.preallocated.size = 16384 (custom)
2019-10-01 07:15:21,530 [pool-449-thread-1] INFO  server.RaftServerConfigKeys (ConfUtils.java:logGet(43)) - raft.server.log.write.buffer.size = 33554432 (custom)
2019-10-01 07:15:21,530 [pool-449-thread-1] INFO  server.RaftServerConfigKeys (ConfUtils.java:logGet(43)) - raft.server.log.force.sync.num = 128 (default)
2019-10-01 07:15:21,530 [pool-449-thread-1] INFO  server.RaftServerConfigKeys (ConfUtils.java:logGet(43)) - raft.server.log.statemachine.data.sync = true (default)
2019-10-01 07:15:21,530 [pool-449-thread-1] INFO  server.RaftServerConfigKeys (ConfUtils.java:logGet(43)) - raft.server.log.statemachine.data.sync.timeout = 10s (default)
2019-10-01 07:15:21,530 [pool-449-thread-1] INFO  server.RaftServerConfigKeys (ConfUtils.java:logGet(43)) - raft.server.log.statemachine.data.sync.timeout.retry = -1 (default)
2019-10-01 07:15:21,531 [pool-449-thread-1] INFO  server.RaftServerConfigKeys (ConfUtils.java:logGet(43)) - raft.server.log.statemachine.data.caching.enabled = true (custom)
2019-10-01 07:15:21,531 [pool-449-thread-1] INFO  segmented.SegmentedRaftLogWorker (SegmentedRaftLogWorker.java:lambda$new$0(128)) - 531e026c-abd8-4367-bd98-8e5e258ce4e9@group-CFC6C60A81CA-SegmentedRaftLogWorker: flushIndex: setUnconditionally 0 -> -1
2019-10-01 07:15:21,531 [pool-449-thread-1] INFO  server.RaftServerConfigKeys (ConfUtils.java:logGet(43)) - raft.server.snapshot.auto.trigger.enabled = true (custom)
2019-10-01 07:15:21,531 [pool-449-thread-1] INFO  server.RaftServerConfigKeys (ConfUtils.java:logGet(43)) - raft.server.snapshot.auto.trigger.threshold = 10000 (custom)
2019-10-01 07:15:21,532 [pool-449-thread-1] INFO  server.RaftServerConfigKeys (ConfUtils.java:logGet(43)) - raft.server.snapshot.retention.file.num = 5 (custom)
2019-10-01 07:15:21,532 [pool-449-thread-1] INFO  server.RaftServerConfigKeys (ConfUtils.java:logGet(43)) - raft.server.retrycache.expirytime = 600000ms (custom)
2019-10-01 07:15:21,533 [pool-449-thread-1] INFO  impl.RaftServerImpl (RaftServerImpl.java:start(181)) - 531e026c-abd8-4367-bd98-8e5e258ce4e9@group-CFC6C60A81CA: start as a follower, conf=-1: [531e026c-abd8-4367-bd98-8e5e258ce4e9:192.168.30.18:32859], old=null
2019-10-01 07:15:21,533 [pool-449-thread-1] INFO  impl.RaftServerImpl (RaftServerImpl.java:setRole(170)) - 531e026c-abd8-4367-bd98-8e5e258ce4e9@group-CFC6C60A81CA: changes role from      null to FOLLOWER at term 0 for startAsFollower
2019-10-01 07:15:21,533 [pool-449-thread-1] INFO  impl.RoleInfo (RoleInfo.java:updateAndGet(143)) - 531e026c-abd8-4367-bd98-8e5e258ce4e9: start FollowerState
2019-10-01 07:15:21,534 [pool-449-thread-1] INFO  util.JmxRegister (JmxRegister.java:tryRegister(44)) - Successfully registered JMX Bean with object name Ratis:service=RaftServer,group=group-CFC6C60A81CA,id=531e026c-abd8-4367-bd98-8e5e258ce4e9
2019-10-01 07:15:21,541 [RatisPipelineUtilsThread] INFO  pipeline.PipelineStateManager (PipelineStateManager.java:addPipeline(56)) - Created pipeline Pipeline[ Id: f3a12369-6a07-4607-a652-cfc6c60a81ca, Nodes: 531e026c-abd8-4367-bd98-8e5e258ce4e9{ip: 192.168.30.18, host: pr-hdds-1984-bsjj8-3390809720, networkLocation: /default-rack, certSerialId: null}, Type:RATIS, Factor:ONE, State:OPEN]
2019-10-01 07:15:21,564 [grpc-default-executor-8] INFO  impl.RaftServerProxy (RaftServerProxy.java:addNew(89)) - 4028da6e-4371-40dd-ac3f-4caa9965859c: addNew group-B9D33A6AA599:[4028da6e-4371-40dd-ac3f-4caa9965859c:192.168.30.18:33581, 4411321e-2142-48ef-9104-cebd18b9b25b:192.168.30.18:44112, 779648de-c350-4e40-bb84-f82694d468ec:192.168.30.18:41009] returns group-B9D33A6AA599:java.util.concurrent.CompletableFuture@62293795[Not completed]
2019-10-01 07:15:21,564 [grpc-default-executor-11] INFO  impl.RaftServerProxy (RaftServerProxy.java:addNew(89)) - 779648de-c350-4e40-bb84-f82694d468ec: addNew group-B9D33A6AA599:[4028da6e-4371-40dd-ac3f-4caa9965859c:192.168.30.18:33581, 4411321e-2142-48ef-9104-cebd18b9b25b:192.168.30.18:44112, 779648de-c350-4e40-bb84-f82694d468ec:192.168.30.18:41009] returns group-B9D33A6AA599:java.util.concurrent.CompletableFuture@79362f82[Not completed]
2019-10-01 07:15:21,564 [grpc-default-executor-9] INFO  impl.RaftServerProxy (RaftServerProxy.java:addNew(89)) - 4411321e-2142-48ef-9104-cebd18b9b25b: addNew group-B9D33A6AA599:[4028da6e-4371-40dd-ac3f-4caa9965859c:192.168.30.18:33581, 4411321e-2142-48ef-9104-cebd18b9b25b:192.168.30.18:44112, 779648de-c350-4e40-bb84-f82694d468ec:192.168.30.18:41009] returns group-B9D33A6AA599:java.util.concurrent.CompletableFuture@52cf886[Not completed]
2019-10-01 07:15:21,565 [pool-419-thread-1] INFO  impl.RaftServerImpl (RaftServerImpl.java:<init>(95)) - 4028da6e-4371-40dd-ac3f-4caa9965859c: new RaftServerImpl for group-B9D33A6AA599:[4028da6e-4371-40dd-ac3f-4caa9965859c:192.168.30.18:33581, 4411321e-2142-48ef-9104-cebd18b9b25b:192.168.30.18:44112, 779648de-c350-4e40-bb84-f82694d468ec:192.168.30.18:41009] with ContainerStateMachine:uninitialized
2019-10-01 07:15:21,565 [pool-419-thread-1] INFO  server.RaftServerConfigKeys (ConfUtils.java:logGet(43)) - raft.server.rpc.timeout.min = 5s (custom)
2019-10-01 07:15:21,565 [pool-419-thread-1] INFO  server.RaftServerConfigKeys (ConfUtils.java:logGet(43)) - raft.server.rpc.timeout.max = 5200ms (custom)
2019-10-01 07:15:21,565 [pool-429-thread-1] INFO  impl.RaftServerImpl (RaftServerImpl.java:<init>(95)) - 779648de-c350-4e40-bb84-f82694d468ec: new RaftServerImpl for group-B9D33A6AA599:[4028da6e-4371-40dd-ac3f-4caa9965859c:192.168.30.18:33581, 4411321e-2142-48ef-9104-cebd18b9b25b:192.168.30.18:44112, 779648de-c350-4e40-bb84-f82694d468ec:192.168.30.18:41009] with ContainerStateMachine:uninitialized
2019-10-01 07:15:21,566 [pool-409-thread-1] INFO  impl.RaftServerImpl (RaftServerImpl.java:<init>(95)) - 4411321e-2142-48ef-9104-cebd18b9b25b: new RaftServerImpl for group-B9D33A6AA599:[4028da6e-4371-40dd-ac3f-4caa9965859c:192.168.30.18:33581, 4411321e-2142-48ef-9104-cebd18b9b25b:192.168.30.18:44112, 779648de-c350-4e40-bb84-f82694d468ec:192.168.30.18:41009] with ContainerStateMachine:uninitialized
2019-10-01 07:15:21,566 [pool-419-thread-1] INFO  server.RaftServerConfigKeys (ConfUtils.java:logGet(43)) - raft.server.rpcslowness.timeout = 120s (custom)
2019-10-01 07:15:21,566 [pool-409-thread-1] INFO  server.RaftServerConfigKeys (ConfUtils.java:logGet(43)) - raft.server.rpc.timeout.min = 5s (custom)
2019-10-01 07:15:21,566 [pool-429-thread-1] INFO  server.RaftServerConfigKeys (ConfUtils.java:logGet(43)) - raft.server.rpc.timeout.min = 5s (custom)
2019-10-01 07:15:21,566 [pool-409-thread-1] INFO  server.RaftServerConfigKeys (ConfUtils.java:logGet(43)) - raft.server.rpc.timeout.max = 5200ms (custom)
2019-10-01 07:15:21,566 [pool-419-thread-1] INFO  server.RaftServerConfigKeys (ConfUtils.java:logGet(43)) - raft.server.sleep.deviation.threshold = 300 (default)
2019-10-01 07:15:21,566 [pool-409-thread-1] INFO  server.RaftServerConfigKeys (ConfUtils.java:logGet(43)) - raft.server.rpcslowness.timeout = 120s (custom)
2019-10-01 07:15:21,566 [pool-429-thread-1] INFO  server.RaftServerConfigKeys (ConfUtils.java:logGet(43)) - raft.server.rpc.timeout.max = 5200ms (custom)
2019-10-01 07:15:21,566 [pool-409-thread-1] INFO  server.RaftServerConfigKeys (ConfUtils.java:logGet(43)) - raft.server.sleep.deviation.threshold = 300 (default)
2019-10-01 07:15:21,566 [pool-419-thread-1] INFO  server.RaftServerConfigKeys (ConfUtils.java:logGet(43)) - raft.server.log.appender.install.snapshot.enabled = false (custom)
2019-10-01 07:15:21,567 [pool-409-thread-1] INFO  server.RaftServerConfigKeys (ConfUtils.java:logGet(43)) - raft.server.log.appender.install.snapshot.enabled = false (custom)
2019-10-01 07:15:21,566 [pool-429-thread-1] INFO  server.RaftServerConfigKeys (ConfUtils.java:logGet(43)) - raft.server.rpcslowness.timeout = 120s (custom)
2019-10-01 07:15:21,567 [pool-409-thread-1] INFO  impl.RaftServerImpl (ServerState.java:<init>(103)) - 4411321e-2142-48ef-9104-cebd18b9b25b@group-B9D33A6AA599: ConfigurationManager, init=-1: [4028da6e-4371-40dd-ac3f-4caa9965859c:192.168.30.18:33581, 4411321e-2142-48ef-9104-cebd18b9b25b:192.168.30.18:44112, 779648de-c350-4e40-bb84-f82694d468ec:192.168.30.18:41009], old=null, confs=<EMPTY_MAP>
2019-10-01 07:15:21,567 [pool-419-thread-1] INFO  impl.RaftServerImpl (ServerState.java:<init>(103)) - 4028da6e-4371-40dd-ac3f-4caa9965859c@group-B9D33A6AA599: ConfigurationManager, init=-1: [4028da6e-4371-40dd-ac3f-4caa9965859c:192.168.30.18:33581, 4411321e-2142-48ef-9104-cebd18b9b25b:192.168.30.18:44112, 779648de-c350-4e40-bb84-f82694d468ec:192.168.30.18:41009], old=null, confs=<EMPTY_MAP>
2019-10-01 07:15:21,567 [pool-409-thread-1] INFO  server.RaftServerConfigKeys (ConfUtils.java:logGet(43)) - raft.server.storage.dir = [/workdir/hadoop-ozone/integration-test/target/test-dir/MiniOzoneClusterImpl-2db916eb-b457-4fc6-8c12-ba4338359f32/datanode-0/data/ratis] (custom)
2019-10-01 07:15:21,567 [pool-429-thread-1] INFO  server.RaftServerConfigKeys (ConfUtils.java:logGet(43)) - raft.server.sleep.deviation.threshold = 300 (default)
2019-10-01 07:15:21,567 [pool-419-thread-1] INFO  server.RaftServerConfigKeys (ConfUtils.java:logGet(43)) - raft.server.storage.dir = [/workdir/hadoop-ozone/integration-test/target/test-dir/MiniOzoneClusterImpl-2db916eb-b457-4fc6-8c12-ba4338359f32/datanode-1/data/ratis] (custom)
2019-10-01 07:15:21,567 [pool-409-thread-1] INFO  server.RaftServerConfigKeys (ConfUtils.java:logGet(43)) - raft.server.log.corruption.policy = EXCEPTION (default)
2019-10-01 07:15:21,567 [pool-429-thread-1] INFO  server.RaftServerConfigKeys (ConfUtils.java:logGet(43)) - raft.server.log.appender.install.snapshot.enabled = false (custom)
2019-10-01 07:15:21,567 [pool-409-thread-1] INFO  storage.RaftStorageDirectory (RaftStorageDirectory.java:analyzeStorage(246)) - The storage directory /workdir/hadoop-ozone/integration-test/target/test-dir/MiniOzoneClusterImpl-2db916eb-b457-4fc6-8c12-ba4338359f32/datanode-0/data/ratis/b06fc9ad-88e6-43c1-b1dd-b9d33a6aa599 does not exist. Creating ...
2019-10-01 07:15:21,568 [pool-429-thread-1] INFO  impl.RaftServerImpl (ServerState.java:<init>(103)) - 779648de-c350-4e40-bb84-f82694d468ec@group-B9D33A6AA599: ConfigurationManager, init=-1: [4028da6e-4371-40dd-ac3f-4caa9965859c:192.168.30.18:33581, 4411321e-2142-48ef-9104-cebd18b9b25b:192.168.30.18:44112, 779648de-c350-4e40-bb84-f82694d468ec:192.168.30.18:41009], old=null, confs=<EMPTY_MAP>
2019-10-01 07:15:21,567 [pool-419-thread-1] INFO  server.RaftServerConfigKeys (ConfUtils.java:logGet(43)) - raft.server.log.corruption.policy = EXCEPTION (default)
2019-10-01 07:15:21,568 [pool-429-thread-1] INFO  server.RaftServerConfigKeys (ConfUtils.java:logGet(43)) - raft.server.storage.dir = [/workdir/hadoop-ozone/integration-test/target/test-dir/MiniOzoneClusterImpl-2db916eb-b457-4fc6-8c12-ba4338359f32/datanode-2/data/ratis] (custom)
2019-10-01 07:15:21,568 [pool-419-thread-1] INFO  storage.RaftStorageDirectory (RaftStorageDirectory.java:analyzeStorage(246)) - The storage directory /workdir/hadoop-ozone/integration-test/target/test-dir/MiniOzoneClusterImpl-2db916eb-b457-4fc6-8c12-ba4338359f32/datanode-1/data/ratis/b06fc9ad-88e6-43c1-b1dd-b9d33a6aa599 does not exist. Creating ...
2019-10-01 07:15:21,568 [pool-429-thread-1] INFO  server.RaftServerConfigKeys (ConfUtils.java:logGet(43)) - raft.server.log.corruption.policy = EXCEPTION (default)
2019-10-01 07:15:21,568 [pool-429-thread-1] INFO  storage.RaftStorageDirectory (RaftStorageDirectory.java:analyzeStorage(246)) - The storage directory /workdir/hadoop-ozone/integration-test/target/test-dir/MiniOzoneClusterImpl-2db916eb-b457-4fc6-8c12-ba4338359f32/datanode-2/data/ratis/b06fc9ad-88e6-43c1-b1dd-b9d33a6aa599 does not exist. Creating ...
2019-10-01 07:15:21,594 [pool-409-thread-1] INFO  storage.RaftStorageDirectory (RaftStorageDirectory.java:tryLock(328)) - Lock on /workdir/hadoop-ozone/integration-test/target/test-dir/MiniOzoneClusterImpl-2db916eb-b457-4fc6-8c12-ba4338359f32/datanode-0/data/ratis/b06fc9ad-88e6-43c1-b1dd-b9d33a6aa599/in_use.lock acquired by nodename 18568@pr-hdds-1984-bsjj8-3390809720
2019-10-01 07:15:21,594 [pool-429-thread-1] INFO  storage.RaftStorageDirectory (RaftStorageDirectory.java:tryLock(328)) - Lock on /workdir/hadoop-ozone/integration-test/target/test-dir/MiniOzoneClusterImpl-2db916eb-b457-4fc6-8c12-ba4338359f32/datanode-2/data/ratis/b06fc9ad-88e6-43c1-b1dd-b9d33a6aa599/in_use.lock acquired by nodename 18568@pr-hdds-1984-bsjj8-3390809720
2019-10-01 07:15:21,594 [pool-419-thread-1] INFO  storage.RaftStorageDirectory (RaftStorageDirectory.java:tryLock(328)) - Lock on /workdir/hadoop-ozone/integration-test/target/test-dir/MiniOzoneClusterImpl-2db916eb-b457-4fc6-8c12-ba4338359f32/datanode-1/data/ratis/b06fc9ad-88e6-43c1-b1dd-b9d33a6aa599/in_use.lock acquired by nodename 18568@pr-hdds-1984-bsjj8-3390809720
2019-10-01 07:15:21,620 [pool-419-thread-1] INFO  storage.RaftStorage (RaftStorage.java:format(84)) - Storage directory /workdir/hadoop-ozone/integration-test/target/test-dir/MiniOzoneClusterImpl-2db916eb-b457-4fc6-8c12-ba4338359f32/datanode-1/data/ratis/b06fc9ad-88e6-43c1-b1dd-b9d33a6aa599 has been successfully formatted.
2019-10-01 07:15:21,620 [pool-429-thread-1] INFO  storage.RaftStorage (RaftStorage.java:format(84)) - Storage directory /workdir/hadoop-ozone/integration-test/target/test-dir/MiniOzoneClusterImpl-2db916eb-b457-4fc6-8c12-ba4338359f32/datanode-2/data/ratis/b06fc9ad-88e6-43c1-b1dd-b9d33a6aa599 has been successfully formatted.
2019-10-01 07:15:21,620 [pool-409-thread-1] INFO  storage.RaftStorage (RaftStorage.java:format(84)) - Storage directory /workdir/hadoop-ozone/integration-test/target/test-dir/MiniOzoneClusterImpl-2db916eb-b457-4fc6-8c12-ba4338359f32/datanode-0/data/ratis/b06fc9ad-88e6-43c1-b1dd-b9d33a6aa599 has been successfully formatted.
2019-10-01 07:15:21,620 [pool-429-thread-1] INFO  ratis.ContainerStateMachine (ContainerStateMachine.java:loadSnapshot(230)) - group-B9D33A6AA599: The snapshot info is null. Setting the last applied indexto:(t:0, i:~)
2019-10-01 07:15:21,620 [pool-419-thread-1] INFO  ratis.ContainerStateMachine (ContainerStateMachine.java:loadSnapshot(230)) - group-B9D33A6AA599: The snapshot info is null. Setting the last applied indexto:(t:0, i:~)
2019-10-01 07:15:21,620 [pool-429-thread-1] INFO  server.RaftServerConfigKeys (ConfUtils.java:logGet(43)) - raft.server.notification.no-leader.timeout = 120s (custom)
2019-10-01 07:15:21,620 [pool-409-thread-1] INFO  ratis.ContainerStateMachine (ContainerStateMachine.java:loadSnapshot(230)) - group-B9D33A6AA599: The snapshot info is null. Setting the last applied indexto:(t:0, i:~)
2019-10-01 07:15:21,621 [pool-429-thread-1] INFO  server.RaftServerConfigKeys (ConfUtils.java:logGet(43)) - raft.server.log.use.memory = false (default)
2019-10-01 07:15:21,621 [pool-419-thread-1] INFO  server.RaftServerConfigKeys (ConfUtils.java:logGet(43)) - raft.server.notification.no-leader.timeout = 120s (custom)
2019-10-01 07:15:21,621 [pool-429-thread-1] INFO  server.RaftServerConfigKeys (ConfUtils.java:logGet(43)) - raft.server.log.purge.gap = 1000000 (custom)
2019-10-01 07:15:21,621 [pool-409-thread-1] INFO  server.RaftServerConfigKeys (ConfUtils.java:logGet(43)) - raft.server.notification.no-leader.timeout = 120s (custom)
2019-10-01 07:15:21,621 [pool-429-thread-1] INFO  server.RaftServerConfigKeys (ConfUtils.java:logGet(43)) - raft.server.log.appender.buffer.byte-limit = 33554432 (custom)
2019-10-01 07:15:21,621 [pool-419-thread-1] INFO  server.RaftServerConfigKeys (ConfUtils.java:logGet(43)) - raft.server.log.use.memory = false (default)
2019-10-01 07:15:21,622 [pool-429-thread-1] INFO  server.RaftServerConfigKeys (ConfUtils.java:logGet(43)) - raft.server.log.segment.size.max = 1048576 (custom)
2019-10-01 07:15:21,621 [pool-409-thread-1] INFO  server.RaftServerConfigKeys (ConfUtils.java:logGet(43)) - raft.server.log.use.memory = false (default)
2019-10-01 07:15:21,622 [pool-429-thread-1] INFO  server.RaftServerConfigKeys (ConfUtils.java:logGet(43)) - raft.server.log.segment.cache.num.max = 2 (custom)
2019-10-01 07:15:21,622 [pool-419-thread-1] INFO  server.RaftServerConfigKeys (ConfUtils.java:logGet(43)) - raft.server.log.purge.gap = 1000000 (custom)
2019-10-01 07:15:21,622 [pool-429-thread-1] INFO  segmented.SegmentedRaftLogWorker (SegmentedRaftLogWorker.java:<init>(173)) - new 779648de-c350-4e40-bb84-f82694d468ec@group-B9D33A6AA599-SegmentedRaftLogWorker for RaftStorage:Storage Directory /workdir/hadoop-ozone/integration-test/target/test-dir/MiniOzoneClusterImpl-2db916eb-b457-4fc6-8c12-ba4338359f32/datanode-2/data/ratis/b06fc9ad-88e6-43c1-b1dd-b9d33a6aa599
2019-10-01 07:15:21,622 [pool-409-thread-1] INFO  server.RaftServerConfigKeys (ConfUtils.java:logGet(43)) - raft.server.log.purge.gap = 1000000 (custom)
2019-10-01 07:15:21,622 [pool-429-thread-1] INFO  server.RaftServerConfigKeys (ConfUtils.java:logGet(43)) - raft.server.log.queue.byte-limit = 2147483647 (custom)
2019-10-01 07:15:21,622 [pool-419-thread-1] INFO  server.RaftServerConfigKeys (ConfUtils.java:logGet(43)) - raft.server.log.appender.buffer.byte-limit = 33554432 (custom)
2019-10-01 07:15:21,623 [pool-429-thread-1] INFO  server.RaftServerConfigKeys (ConfUtils.java:logGet(43)) - raft.server.log.queue.element-limit = 1024 (custom)
2019-10-01 07:15:21,622 [pool-409-thread-1] INFO  server.RaftServerConfigKeys (ConfUtils.java:logGet(43)) - raft.server.log.appender.buffer.byte-limit = 33554432 (custom)
2019-10-01 07:15:21,623 [pool-429-thread-1] INFO  server.RaftServerConfigKeys (ConfUtils.java:logGet(43)) - raft.server.log.segment.size.max = 1048576 (custom)
2019-10-01 07:15:21,623 [pool-419-thread-1] INFO  server.RaftServerConfigKeys (ConfUtils.java:logGet(43)) - raft.server.log.segment.size.max = 1048576 (custom)
2019-10-01 07:15:21,623 [pool-429-thread-1] INFO  server.RaftServerConfigKeys (ConfUtils.java:logGet(43)) - raft.server.log.preallocated.size = 16384 (custom)
2019-10-01 07:15:21,623 [pool-409-thread-1] INFO  server.RaftServerConfigKeys (ConfUtils.java:logGet(43)) - raft.server.log.segment.size.max = 1048576 (custom)
2019-10-01 07:15:21,623 [pool-429-thread-1] INFO  server.RaftServerConfigKeys (ConfUtils.java:logGet(43)) - raft.server.log.write.buffer.size = 33554432 (custom)
2019-10-01 07:15:21,623 [pool-419-thread-1] INFO  server.RaftServerConfigKeys (ConfUtils.java:logGet(43)) - raft.server.log.segment.cache.num.max = 2 (custom)
2019-10-01 07:15:21,624 [pool-429-thread-1] INFO  server.RaftServerConfigKeys (ConfUtils.java:logGet(43)) - raft.server.log.force.sync.num = 128 (default)
2019-10-01 07:15:21,624 [pool-409-thread-1] INFO  server.RaftServerConfigKeys (ConfUtils.java:logGet(43)) - raft.server.log.segment.cache.num.max = 2 (custom)
2019-10-01 07:15:21,624 [pool-429-thread-1] INFO  server.RaftServerConfigKeys (ConfUtils.java:logGet(43)) - raft.server.log.statemachine.data.sync = true (default)
2019-10-01 07:15:21,624 [pool-419-thread-1] INFO  segmented.SegmentedRaftLogWorker (SegmentedRaftLogWorker.java:<init>(173)) - new 4028da6e-4371-40dd-ac3f-4caa9965859c@group-B9D33A6AA599-SegmentedRaftLogWorker for RaftStorage:Storage Directory /workdir/hadoop-ozone/integration-test/target/test-dir/MiniOzoneClusterImpl-2db916eb-b457-4fc6-8c12-ba4338359f32/datanode-1/data/ratis/b06fc9ad-88e6-43c1-b1dd-b9d33a6aa599
2019-10-01 07:15:21,624 [pool-429-thread-1] INFO  server.RaftServerConfigKeys (ConfUtils.java:logGet(43)) - raft.server.log.statemachine.data.sync.timeout = 10s (default)
2019-10-01 07:15:21,624 [pool-409-thread-1] INFO  segmented.SegmentedRaftLogWorker (SegmentedRaftLogWorker.java:<init>(173)) - new 4411321e-2142-48ef-9104-cebd18b9b25b@group-B9D33A6AA599-SegmentedRaftLogWorker for RaftStorage:Storage Directory /workdir/hadoop-ozone/integration-test/target/test-dir/MiniOzoneClusterImpl-2db916eb-b457-4fc6-8c12-ba4338359f32/datanode-0/data/ratis/b06fc9ad-88e6-43c1-b1dd-b9d33a6aa599
2019-10-01 07:15:21,624 [pool-429-thread-1] INFO  server.RaftServerConfigKeys (ConfUtils.java:logGet(43)) - raft.server.log.statemachine.data.sync.timeout.retry = -1 (default)
2019-10-01 07:15:21,624 [pool-419-thread-1] INFO  server.RaftServerConfigKeys (ConfUtils.java:logGet(43)) - raft.server.log.queue.byte-limit = 2147483647 (custom)
2019-10-01 07:15:21,625 [pool-429-thread-1] INFO  server.RaftServerConfigKeys (ConfUtils.java:logGet(43)) - raft.server.log.statemachine.data.caching.enabled = true (custom)
2019-10-01 07:15:21,625 [pool-409-thread-1] INFO  server.RaftServerConfigKeys (ConfUtils.java:logGet(43)) - raft.server.log.queue.byte-limit = 2147483647 (custom)
2019-10-01 07:15:21,625 [pool-419-thread-1] INFO  server.RaftServerConfigKeys (ConfUtils.java:logGet(43)) - raft.server.log.queue.element-limit = 1024 (custom)
2019-10-01 07:15:21,625 [pool-429-thread-1] INFO  segmented.SegmentedRaftLogWorker (SegmentedRaftLogWorker.java:lambda$new$0(128)) - 779648de-c350-4e40-bb84-f82694d468ec@group-B9D33A6AA599-SegmentedRaftLogWorker: flushIndex: setUnconditionally 0 -> -1
2019-10-01 07:15:21,625 [pool-409-thread-1] INFO  server.RaftServerConfigKeys (ConfUtils.java:logGet(43)) - raft.server.log.queue.element-limit = 1024 (custom)
2019-10-01 07:15:21,625 [pool-419-thread-1] INFO  server.RaftServerConfigKeys (ConfUtils.java:logGet(43)) - raft.server.log.segment.size.max = 1048576 (custom)
2019-10-01 07:15:21,626 [pool-409-thread-1] INFO  server.RaftServerConfigKeys (ConfUtils.java:logGet(43)) - raft.server.log.segment.size.max = 1048576 (custom)
2019-10-01 07:15:21,626 [pool-429-thread-1] INFO  server.RaftServerConfigKeys (ConfUtils.java:logGet(43)) - raft.server.snapshot.auto.trigger.enabled = true (custom)
2019-10-01 07:15:21,626 [pool-419-thread-1] INFO  server.RaftServerConfigKeys (ConfUtils.java:logGet(43)) - raft.server.log.preallocated.size = 16384 (custom)
2019-10-01 07:15:21,626 [pool-429-thread-1] INFO  server.RaftServerConfigKeys (ConfUtils.java:logGet(43)) - raft.server.snapshot.auto.trigger.threshold = 10000 (custom)
2019-10-01 07:15:21,626 [pool-409-thread-1] INFO  server.RaftServerConfigKeys (ConfUtils.java:logGet(43)) - raft.server.log.preallocated.size = 16384 (custom)
2019-10-01 07:15:21,626 [pool-429-thread-1] INFO  server.RaftServerConfigKeys (ConfUtils.java:logGet(43)) - raft.server.snapshot.retention.file.num = 5 (custom)
2019-10-01 07:15:21,626 [pool-419-thread-1] INFO  server.RaftServerConfigKeys (ConfUtils.java:logGet(43)) - raft.server.log.write.buffer.size = 33554432 (custom)
2019-10-01 07:15:21,626 [pool-429-thread-1] INFO  server.RaftServerConfigKeys (ConfUtils.java:logGet(43)) - raft.server.retrycache.expirytime = 600000ms (custom)
2019-10-01 07:15:21,626 [pool-409-thread-1] INFO  server.RaftServerConfigKeys (ConfUtils.java:logGet(43)) - raft.server.log.write.buffer.size = 33554432 (custom)
2019-10-01 07:15:21,626 [pool-419-thread-1] INFO  server.RaftServerConfigKeys (ConfUtils.java:logGet(43)) - raft.server.log.force.sync.num = 128 (default)
2019-10-01 07:15:21,627 [pool-409-thread-1] INFO  server.RaftServerConfigKeys (ConfUtils.java:logGet(43)) - raft.server.log.force.sync.num = 128 (default)
2019-10-01 07:15:21,627 [pool-419-thread-1] INFO  server.RaftServerConfigKeys (ConfUtils.java:logGet(43)) - raft.server.log.statemachine.data.sync = true (default)
2019-10-01 07:15:21,627 [pool-409-thread-1] INFO  server.RaftServerConfigKeys (ConfUtils.java:logGet(43)) - raft.server.log.statemachine.data.sync = true (default)
2019-10-01 07:15:21,627 [pool-419-thread-1] INFO  server.RaftServerConfigKeys (ConfUtils.java:logGet(43)) - raft.server.log.statemachine.data.sync.timeout = 10s (default)
2019-10-01 07:15:21,627 [pool-409-thread-1] INFO  server.RaftServerConfigKeys (ConfUtils.java:logGet(43)) - raft.server.log.statemachine.data.sync.timeout = 10s (default)
2019-10-01 07:15:21,627 [pool-419-thread-1] INFO  server.RaftServerConfigKeys (ConfUtils.java:logGet(43)) - raft.server.log.statemachine.data.sync.timeout.retry = -1 (default)
2019-10-01 07:15:21,627 [pool-409-thread-1] INFO  server.RaftServerConfigKeys (ConfUtils.java:logGet(43)) - raft.server.log.statemachine.data.sync.timeout.retry = -1 (default)
2019-10-01 07:15:21,628 [pool-419-thread-1] INFO  server.RaftServerConfigKeys (ConfUtils.java:logGet(43)) - raft.server.log.statemachine.data.caching.enabled = true (custom)
2019-10-01 07:15:21,628 [pool-409-thread-1] INFO  server.RaftServerConfigKeys (ConfUtils.java:logGet(43)) - raft.server.log.statemachine.data.caching.enabled = true (custom)
2019-10-01 07:15:21,628 [pool-419-thread-1] INFO  segmented.SegmentedRaftLogWorker (SegmentedRaftLogWorker.java:lambda$new$0(128)) - 4028da6e-4371-40dd-ac3f-4caa9965859c@group-B9D33A6AA599-SegmentedRaftLogWorker: flushIndex: setUnconditionally 0 -> -1
2019-10-01 07:15:21,628 [pool-409-thread-1] INFO  segmented.SegmentedRaftLogWorker (SegmentedRaftLogWorker.java:lambda$new$0(128)) - 4411321e-2142-48ef-9104-cebd18b9b25b@group-B9D33A6AA599-SegmentedRaftLogWorker: flushIndex: setUnconditionally 0 -> -1
2019-10-01 07:15:21,628 [pool-419-thread-1] INFO  server.RaftServerConfigKeys (ConfUtils.java:logGet(43)) - raft.server.snapshot.auto.trigger.enabled = true (custom)
2019-10-01 07:15:21,628 [pool-429-thread-1] INFO  impl.RaftServerImpl (RaftServerImpl.java:start(181)) - 779648de-c350-4e40-bb84-f82694d468ec@group-B9D33A6AA599: start as a follower, conf=-1: [4028da6e-4371-40dd-ac3f-4caa9965859c:192.168.30.18:33581, 4411321e-2142-48ef-9104-cebd18b9b25b:192.168.30.18:44112, 779648de-c350-4e40-bb84-f82694d468ec:192.168.30.18:41009], old=null
2019-10-01 07:15:21,628 [pool-409-thread-1] INFO  server.RaftServerConfigKeys (ConfUtils.java:logGet(43)) - raft.server.snapshot.auto.trigger.enabled = true (custom)
2019-10-01 07:15:21,628 [pool-419-thread-1] INFO  server.RaftServerConfigKeys (ConfUtils.java:logGet(43)) - raft.server.snapshot.auto.trigger.threshold = 10000 (custom)
2019-10-01 07:15:21,629 [pool-409-thread-1] INFO  server.RaftServerConfigKeys (ConfUtils.java:logGet(43)) - raft.server.snapshot.auto.trigger.threshold = 10000 (custom)
2019-10-01 07:15:21,628 [pool-429-thread-1] INFO  impl.RaftServerImpl (RaftServerImpl.java:setRole(170)) - 779648de-c350-4e40-bb84-f82694d468ec@group-B9D33A6AA599: changes role from      null to FOLLOWER at term 0 for startAsFollower
2019-10-01 07:15:21,629 [pool-409-thread-1] INFO  server.RaftServerConfigKeys (ConfUtils.java:logGet(43)) - raft.server.snapshot.retention.file.num = 5 (custom)
2019-10-01 07:15:21,629 [pool-419-thread-1] INFO  server.RaftServerConfigKeys (ConfUtils.java:logGet(43)) - raft.server.snapshot.retention.file.num = 5 (custom)
2019-10-01 07:15:21,629 [pool-409-thread-1] INFO  server.RaftServerConfigKeys (ConfUtils.java:logGet(43)) - raft.server.retrycache.expirytime = 600000ms (custom)
2019-10-01 07:15:21,629 [pool-429-thread-1] INFO  impl.RoleInfo (RoleInfo.java:updateAndGet(143)) - 779648de-c350-4e40-bb84-f82694d468ec: start FollowerState
2019-10-01 07:15:21,629 [pool-419-thread-1] INFO  server.RaftServerConfigKeys (ConfUtils.java:logGet(43)) - raft.server.retrycache.expirytime = 600000ms (custom)
2019-10-01 07:15:21,630 [pool-429-thread-1] INFO  util.JmxRegister (JmxRegister.java:tryRegister(44)) - Successfully registered JMX Bean with object name Ratis:service=RaftServer,group=group-B9D33A6AA599,id=779648de-c350-4e40-bb84-f82694d468ec
2019-10-01 07:15:21,632 [pool-409-thread-1] INFO  impl.RaftServerImpl (RaftServerImpl.java:start(181)) - 4411321e-2142-48ef-9104-cebd18b9b25b@group-B9D33A6AA599: start as a follower, conf=-1: [4028da6e-4371-40dd-ac3f-4caa9965859c:192.168.30.18:33581, 4411321e-2142-48ef-9104-cebd18b9b25b:192.168.30.18:44112, 779648de-c350-4e40-bb84-f82694d468ec:192.168.30.18:41009], old=null
2019-10-01 07:15:21,632 [pool-419-thread-1] INFO  impl.RaftServerImpl (RaftServerImpl.java:start(181)) - 4028da6e-4371-40dd-ac3f-4caa9965859c@group-B9D33A6AA599: start as a follower, conf=-1: [4028da6e-4371-40dd-ac3f-4caa9965859c:192.168.30.18:33581, 4411321e-2142-48ef-9104-cebd18b9b25b:192.168.30.18:44112, 779648de-c350-4e40-bb84-f82694d468ec:192.168.30.18:41009], old=null
2019-10-01 07:15:21,632 [pool-409-thread-1] INFO  impl.RaftServerImpl (RaftServerImpl.java:setRole(170)) - 4411321e-2142-48ef-9104-cebd18b9b25b@group-B9D33A6AA599: changes role from      null to FOLLOWER at term 0 for startAsFollower
2019-10-01 07:15:21,632 [pool-419-thread-1] INFO  impl.RaftServerImpl (RaftServerImpl.java:setRole(170)) - 4028da6e-4371-40dd-ac3f-4caa9965859c@group-B9D33A6AA599: changes role from      null to FOLLOWER at term 0 for startAsFollower
2019-10-01 07:15:21,633 [pool-409-thread-1] INFO  impl.RoleInfo (RoleInfo.java:updateAndGet(143)) - 4411321e-2142-48ef-9104-cebd18b9b25b: start FollowerState
2019-10-01 07:15:21,633 [pool-419-thread-1] INFO  impl.RoleInfo (RoleInfo.java:updateAndGet(143)) - 4028da6e-4371-40dd-ac3f-4caa9965859c: start FollowerState
2019-10-01 07:15:21,633 [pool-409-thread-1] INFO  util.JmxRegister (JmxRegister.java:tryRegister(44)) - Successfully registered JMX Bean with object name Ratis:service=RaftServer,group=group-B9D33A6AA599,id=4411321e-2142-48ef-9104-cebd18b9b25b
2019-10-01 07:15:21,633 [pool-419-thread-1] INFO  util.JmxRegister (JmxRegister.java:tryRegister(44)) - Successfully registered JMX Bean with object name Ratis:service=RaftServer,group=group-B9D33A6AA599,id=4028da6e-4371-40dd-ac3f-4caa9965859c
2019-10-01 07:15:21,644 [RatisPipelineUtilsThread] INFO  pipeline.PipelineStateManager (PipelineStateManager.java:addPipeline(56)) - Created pipeline Pipeline[ Id: b06fc9ad-88e6-43c1-b1dd-b9d33a6aa599, Nodes: 779648de-c350-4e40-bb84-f82694d468ec{ip: 192.168.30.18, host: pr-hdds-1984-bsjj8-3390809720, networkLocation: /default-rack, certSerialId: null}4028da6e-4371-40dd-ac3f-4caa9965859c{ip: 192.168.30.18, host: pr-hdds-1984-bsjj8-3390809720, networkLocation: /default-rack, certSerialId: null}4411321e-2142-48ef-9104-cebd18b9b25b{ip: 192.168.30.18, host: pr-hdds-1984-bsjj8-3390809720, networkLocation: /default-rack, certSerialId: null}, Type:RATIS, Factor:THREE, State:OPEN]
2019-10-01 07:15:21,663 [grpc-default-executor-11] INFO  impl.RaftServerProxy (RaftServerProxy.java:addNew(89)) - 681d2a6a-aa23-4b09-bbd3-2c3ec3baa173: addNew group-A66214836B76:[681d2a6a-aa23-4b09-bbd3-2c3ec3baa173:192.168.30.18:44355, 0644b46a-449b-474c-8eef-e7918f21bfdf:192.168.30.18:34675, 11c84197-d83d-4072-8fdb-43676bb55242:192.168.30.18:33686] returns group-A66214836B76:java.util.concurrent.CompletableFuture@4a963aa7[Not completed]
2019-10-01 07:15:21,663 [grpc-default-executor-11] INFO  impl.RaftServerProxy (RaftServerProxy.java:addNew(89)) - 11c84197-d83d-4072-8fdb-43676bb55242: addNew group-A66214836B76:[681d2a6a-aa23-4b09-bbd3-2c3ec3baa173:192.168.30.18:44355, 0644b46a-449b-474c-8eef-e7918f21bfdf:192.168.30.18:34675, 11c84197-d83d-4072-8fdb-43676bb55242:192.168.30.18:33686] returns group-A66214836B76:java.util.concurrent.CompletableFuture@1bf5a78e[Not completed]
2019-10-01 07:15:21,664 [grpc-default-executor-9] INFO  impl.RaftServerProxy (RaftServerProxy.java:addNew(89)) - 0644b46a-449b-474c-8eef-e7918f21bfdf: addNew group-A66214836B76:[681d2a6a-aa23-4b09-bbd3-2c3ec3baa173:192.168.30.18:44355, 0644b46a-449b-474c-8eef-e7918f21bfdf:192.168.30.18:34675, 11c84197-d83d-4072-8fdb-43676bb55242:192.168.30.18:33686] returns group-A66214836B76:java.util.concurrent.CompletableFuture@4f6fed2[Not completed]
2019-10-01 07:15:21,666 [pool-459-thread-1] INFO  impl.RaftServerImpl (RaftServerImpl.java:<init>(95)) - 681d2a6a-aa23-4b09-bbd3-2c3ec3baa173: new RaftServerImpl for group-A66214836B76:[681d2a6a-aa23-4b09-bbd3-2c3ec3baa173:192.168.30.18:44355, 0644b46a-449b-474c-8eef-e7918f21bfdf:192.168.30.18:34675, 11c84197-d83d-4072-8fdb-43676bb55242:192.168.30.18:33686] with ContainerStateMachine:uninitialized
2019-10-01 07:15:21,666 [pool-459-thread-1] INFO  server.RaftServerConfigKeys (ConfUtils.java:logGet(43)) - raft.server.rpc.timeout.min = 5s (custom)
2019-10-01 07:15:21,666 [pool-459-thread-1] INFO  server.RaftServerConfigKeys (ConfUtils.java:logGet(43)) - raft.server.rpc.timeout.max = 5200ms (custom)
2019-10-01 07:15:21,666 [pool-469-thread-1] INFO  impl.RaftServerImpl (RaftServerImpl.java:<init>(95)) - 11c84197-d83d-4072-8fdb-43676bb55242: new RaftServerImpl for group-A66214836B76:[681d2a6a-aa23-4b09-bbd3-2c3ec3baa173:192.168.30.18:44355, 0644b46a-449b-474c-8eef-e7918f21bfdf:192.168.30.18:34675, 11c84197-d83d-4072-8fdb-43676bb55242:192.168.30.18:33686] with ContainerStateMachine:uninitialized
2019-10-01 07:15:21,666 [pool-439-thread-1] INFO  impl.RaftServerImpl (RaftServerImpl.java:<init>(95)) - 0644b46a-449b-474c-8eef-e7918f21bfdf: new RaftServerImpl for group-A66214836B76:[681d2a6a-aa23-4b09-bbd3-2c3ec3baa173:192.168.30.18:44355, 0644b46a-449b-474c-8eef-e7918f21bfdf:192.168.30.18:34675, 11c84197-d83d-4072-8fdb-43676bb55242:192.168.30.18:33686] with ContainerStateMachine:uninitialized
2019-10-01 07:15:21,666 [pool-459-thread-1] INFO  server.RaftServerConfigKeys (ConfUtils.java:logGet(43)) - raft.server.rpcslowness.timeout = 120s (custom)
2019-10-01 07:15:21,666 [pool-439-thread-1] INFO  server.RaftServerConfigKeys (ConfUtils.java:logGet(43)) - raft.server.rpc.timeout.min = 5s (custom)
2019-10-01 07:15:21,666 [pool-469-thread-1] INFO  server.RaftServerConfigKeys (ConfUtils.java:logGet(43)) - raft.server.rpc.timeout.min = 5s (custom)
2019-10-01 07:15:21,667 [pool-439-thread-1] INFO  server.RaftServerConfigKeys (ConfUtils.java:logGet(43)) - raft.server.rpc.timeout.max = 5200ms (custom)
2019-10-01 07:15:21,666 [pool-459-thread-1] INFO  server.RaftServerConfigKeys (ConfUtils.java:logGet(43)) - raft.server.sleep.deviation.threshold = 300 (default)
2019-10-01 07:15:21,667 [pool-439-thread-1] INFO  server.RaftServerConfigKeys (ConfUtils.java:logGet(43)) - raft.server.rpcslowness.timeout = 120s (custom)
2019-10-01 07:15:21,667 [pool-459-thread-1] INFO  server.RaftServerConfigKeys (ConfUtils.java:logGet(43)) - raft.server.log.appender.install.snapshot.enabled = false (custom)
2019-10-01 07:15:21,667 [pool-469-thread-1] INFO  server.RaftServerConfigKeys (ConfUtils.java:logGet(43)) - raft.server.rpc.timeout.max = 5200ms (custom)
2019-10-01 07:15:21,667 [pool-459-thread-1] INFO  impl.RaftServerImpl (ServerState.java:<init>(103)) - 681d2a6a-aa23-4b09-bbd3-2c3ec3baa173@group-A66214836B76: ConfigurationManager, init=-1: [681d2a6a-aa23-4b09-bbd3-2c3ec3baa173:192.168.30.18:44355, 0644b46a-449b-474c-8eef-e7918f21bfdf:192.168.30.18:34675, 11c84197-d83d-4072-8fdb-43676bb55242:192.168.30.18:33686], old=null, confs=<EMPTY_MAP>
2019-10-01 07:15:21,667 [pool-439-thread-1] INFO  server.RaftServerConfigKeys (ConfUtils.java:logGet(43)) - raft.server.sleep.deviation.threshold = 300 (default)
2019-10-01 07:15:21,667 [pool-469-thread-1] INFO  server.RaftServerConfigKeys (ConfUtils.java:logGet(43)) - raft.server.rpcslowness.timeout = 120s (custom)
2019-10-01 07:15:21,667 [pool-459-thread-1] INFO  server.RaftServerConfigKeys (ConfUtils.java:logGet(43)) - raft.server.storage.dir = [/workdir/hadoop-ozone/integration-test/target/test-dir/MiniOzoneClusterImpl-2db916eb-b457-4fc6-8c12-ba4338359f32/datanode-5/data/ratis] (custom)
2019-10-01 07:15:21,667 [pool-439-thread-1] INFO  server.RaftServerConfigKeys (ConfUtils.java:logGet(43)) - raft.server.log.appender.install.snapshot.enabled = false (custom)
2019-10-01 07:15:21,667 [pool-469-thread-1] INFO  server.RaftServerConfigKeys (ConfUtils.java:logGet(43)) - raft.server.sleep.deviation.threshold = 300 (default)
2019-10-01 07:15:21,668 [pool-439-thread-1] INFO  impl.RaftServerImpl (ServerState.java:<init>(103)) - 0644b46a-449b-474c-8eef-e7918f21bfdf@group-A66214836B76: ConfigurationManager, init=-1: [681d2a6a-aa23-4b09-bbd3-2c3ec3baa173:192.168.30.18:44355, 0644b46a-449b-474c-8eef-e7918f21bfdf:192.168.30.18:34675, 11c84197-d83d-4072-8fdb-43676bb55242:192.168.30.18:33686], old=null, confs=<EMPTY_MAP>
2019-10-01 07:15:21,668 [pool-459-thread-1] INFO  server.RaftServerConfigKeys (ConfUtils.java:logGet(43)) - raft.server.log.corruption.policy = EXCEPTION (default)
2019-10-01 07:15:21,668 [pool-469-thread-1] INFO  server.RaftServerConfigKeys (ConfUtils.java:logGet(43)) - raft.server.log.appender.install.snapshot.enabled = false (custom)
2019-10-01 07:15:21,668 [pool-439-thread-1] INFO  server.RaftServerConfigKeys (ConfUtils.java:logGet(43)) - raft.server.storage.dir = [/workdir/hadoop-ozone/integration-test/target/test-dir/MiniOzoneClusterImpl-2db916eb-b457-4fc6-8c12-ba4338359f32/datanode-3/data/ratis] (custom)
2019-10-01 07:15:21,668 [pool-469-thread-1] INFO  impl.RaftServerImpl (ServerState.java:<init>(103)) - 11c84197-d83d-4072-8fdb-43676bb55242@group-A66214836B76: ConfigurationManager, init=-1: [681d2a6a-aa23-4b09-bbd3-2c3ec3baa173:192.168.30.18:44355, 0644b46a-449b-474c-8eef-e7918f21bfdf:192.168.30.18:34675, 11c84197-d83d-4072-8fdb-43676bb55242:192.168.30.18:33686], old=null, confs=<EMPTY_MAP>
2019-10-01 07:15:21,668 [pool-459-thread-1] INFO  storage.RaftStorageDirectory (RaftStorageDirectory.java:analyzeStorage(246)) - The storage directory /workdir/hadoop-ozone/integration-test/target/test-dir/MiniOzoneClusterImpl-2db916eb-b457-4fc6-8c12-ba4338359f32/datanode-5/data/ratis/8d161998-cb39-4784-a8e6-a66214836b76 does not exist. Creating ...
2019-10-01 07:15:21,668 [pool-469-thread-1] INFO  server.RaftServerConfigKeys (ConfUtils.java:logGet(43)) - raft.server.storage.dir = [/workdir/hadoop-ozone/integration-test/target/test-dir/MiniOzoneClusterImpl-2db916eb-b457-4fc6-8c12-ba4338359f32/datanode-6/data/ratis] (custom)
2019-10-01 07:15:21,668 [pool-439-thread-1] INFO  server.RaftServerConfigKeys (ConfUtils.java:logGet(43)) - raft.server.log.corruption.policy = EXCEPTION (default)
2019-10-01 07:15:21,669 [pool-469-thread-1] INFO  server.RaftServerConfigKeys (ConfUtils.java:logGet(43)) - raft.server.log.corruption.policy = EXCEPTION (default)
2019-10-01 07:15:21,669 [pool-439-thread-1] INFO  storage.RaftStorageDirectory (RaftStorageDirectory.java:analyzeStorage(246)) - The storage directory /workdir/hadoop-ozone/integration-test/target/test-dir/MiniOzoneClusterImpl-2db916eb-b457-4fc6-8c12-ba4338359f32/datanode-3/data/ratis/8d161998-cb39-4784-a8e6-a66214836b76 does not exist. Creating ...
2019-10-01 07:15:21,669 [pool-469-thread-1] INFO  storage.RaftStorageDirectory (RaftStorageDirectory.java:analyzeStorage(246)) - The storage directory /workdir/hadoop-ozone/integration-test/target/test-dir/MiniOzoneClusterImpl-2db916eb-b457-4fc6-8c12-ba4338359f32/datanode-6/data/ratis/8d161998-cb39-4784-a8e6-a66214836b76 does not exist. Creating ...
2019-10-01 07:15:21,696 [pool-439-thread-1] INFO  storage.RaftStorageDirectory (RaftStorageDirectory.java:tryLock(328)) - Lock on /workdir/hadoop-ozone/integration-test/target/test-dir/MiniOzoneClusterImpl-2db916eb-b457-4fc6-8c12-ba4338359f32/datanode-3/data/ratis/8d161998-cb39-4784-a8e6-a66214836b76/in_use.lock acquired by nodename 18568@pr-hdds-1984-bsjj8-3390809720
2019-10-01 07:15:21,696 [pool-459-thread-1] INFO  storage.RaftStorageDirectory (RaftStorageDirectory.java:tryLock(328)) - Lock on /workdir/hadoop-ozone/integration-test/target/test-dir/MiniOzoneClusterImpl-2db916eb-b457-4fc6-8c12-ba4338359f32/datanode-5/data/ratis/8d161998-cb39-4784-a8e6-a66214836b76/in_use.lock acquired by nodename 18568@pr-hdds-1984-bsjj8-3390809720
2019-10-01 07:15:21,696 [pool-469-thread-1] INFO  storage.RaftStorageDirectory (RaftStorageDirectory.java:tryLock(328)) - Lock on /workdir/hadoop-ozone/integration-test/target/test-dir/MiniOzoneClusterImpl-2db916eb-b457-4fc6-8c12-ba4338359f32/datanode-6/data/ratis/8d161998-cb39-4784-a8e6-a66214836b76/in_use.lock acquired by nodename 18568@pr-hdds-1984-bsjj8-3390809720
2019-10-01 07:15:21,721 [pool-459-thread-1] INFO  storage.RaftStorage (RaftStorage.java:format(84)) - Storage directory /workdir/hadoop-ozone/integration-test/target/test-dir/MiniOzoneClusterImpl-2db916eb-b457-4fc6-8c12-ba4338359f32/datanode-5/data/ratis/8d161998-cb39-4784-a8e6-a66214836b76 has been successfully formatted.
2019-10-01 07:15:21,721 [pool-469-thread-1] INFO  storage.RaftStorage (RaftStorage.java:format(84)) - Storage directory /workdir/hadoop-ozone/integration-test/target/test-dir/MiniOzoneClusterImpl-2db916eb-b457-4fc6-8c12-ba4338359f32/datanode-6/data/ratis/8d161998-cb39-4784-a8e6-a66214836b76 has been successfully formatted.
2019-10-01 07:15:21,721 [pool-439-thread-1] INFO  storage.RaftStorage (RaftStorage.java:format(84)) - Storage directory /workdir/hadoop-ozone/integration-test/target/test-dir/MiniOzoneClusterImpl-2db916eb-b457-4fc6-8c12-ba4338359f32/datanode-3/data/ratis/8d161998-cb39-4784-a8e6-a66214836b76 has been successfully formatted.
2019-10-01 07:15:21,722 [pool-469-thread-1] INFO  ratis.ContainerStateMachine (ContainerStateMachine.java:loadSnapshot(230)) - group-A66214836B76: The snapshot info is null. Setting the last applied indexto:(t:0, i:~)
2019-10-01 07:15:21,722 [pool-439-thread-1] INFO  ratis.ContainerStateMachine (ContainerStateMachine.java:loadSnapshot(230)) - group-A66214836B76: The snapshot info is null. Setting the last applied indexto:(t:0, i:~)
2019-10-01 07:15:21,721 [pool-459-thread-1] INFO  ratis.ContainerStateMachine (ContainerStateMachine.java:loadSnapshot(230)) - group-A66214836B76: The snapshot info is null. Setting the last applied indexto:(t:0, i:~)
2019-10-01 07:15:21,722 [pool-439-thread-1] INFO  server.RaftServerConfigKeys (ConfUtils.java:logGet(43)) - raft.server.notification.no-leader.timeout = 120s (custom)
2019-10-01 07:15:21,722 [pool-469-thread-1] INFO  server.RaftServerConfigKeys (ConfUtils.java:logGet(43)) - raft.server.notification.no-leader.timeout = 120s (custom)
2019-10-01 07:15:21,722 [pool-439-thread-1] INFO  server.RaftServerConfigKeys (ConfUtils.java:logGet(43)) - raft.server.log.use.memory = false (default)
2019-10-01 07:15:21,722 [pool-459-thread-1] INFO  server.RaftServerConfigKeys (ConfUtils.java:logGet(43)) - raft.server.notification.no-leader.timeout = 120s (custom)
2019-10-01 07:15:21,722 [pool-439-thread-1] INFO  server.RaftServerConfigKeys (ConfUtils.java:logGet(43)) - raft.server.log.purge.gap = 1000000 (custom)
2019-10-01 07:15:21,722 [pool-469-thread-1] INFO  server.RaftServerConfigKeys (ConfUtils.java:logGet(43)) - raft.server.log.use.memory = false (default)
2019-10-01 07:15:21,723 [pool-439-thread-1] INFO  server.RaftServerConfigKeys (ConfUtils.java:logGet(43)) - raft.server.log.appender.buffer.byte-limit = 33554432 (custom)
2019-10-01 07:15:21,722 [pool-459-thread-1] INFO  server.RaftServerConfigKeys (ConfUtils.java:logGet(43)) - raft.server.log.use.memory = false (default)
2019-10-01 07:15:21,723 [pool-439-thread-1] INFO  server.RaftServerConfigKeys (ConfUtils.java:logGet(43)) - raft.server.log.segment.size.max = 1048576 (custom)
2019-10-01 07:15:21,723 [pool-469-thread-1] INFO  server.RaftServerConfigKeys (ConfUtils.java:logGet(43)) - raft.server.log.purge.gap = 1000000 (custom)
2019-10-01 07:15:21,723 [pool-439-thread-1] INFO  server.RaftServerConfigKeys (ConfUtils.java:logGet(43)) - raft.server.log.segment.cache.num.max = 2 (custom)
2019-10-01 07:15:21,723 [pool-459-thread-1] INFO  server.RaftServerConfigKeys (ConfUtils.java:logGet(43)) - raft.server.log.purge.gap = 1000000 (custom)
2019-10-01 07:15:21,723 [pool-439-thread-1] INFO  segmented.SegmentedRaftLogWorker (SegmentedRaftLogWorker.java:<init>(173)) - new 0644b46a-449b-474c-8eef-e7918f21bfdf@group-A66214836B76-SegmentedRaftLogWorker for RaftStorage:Storage Directory /workdir/hadoop-ozone/integration-test/target/test-dir/MiniOzoneClusterImpl-2db916eb-b457-4fc6-8c12-ba4338359f32/datanode-3/data/ratis/8d161998-cb39-4784-a8e6-a66214836b76
2019-10-01 07:15:21,723 [pool-469-thread-1] INFO  server.RaftServerConfigKeys (ConfUtils.java:logGet(43)) - raft.server.log.appender.buffer.byte-limit = 33554432 (custom)
2019-10-01 07:15:21,723 [pool-439-thread-1] INFO  server.RaftServerConfigKeys (ConfUtils.java:logGet(43)) - raft.server.log.queue.byte-limit = 2147483647 (custom)
2019-10-01 07:15:21,723 [pool-459-thread-1] INFO  server.RaftServerConfigKeys (ConfUtils.java:logGet(43)) - raft.server.log.appender.buffer.byte-limit = 33554432 (custom)
2019-10-01 07:15:21,724 [pool-439-thread-1] INFO  server.RaftServerConfigKeys (ConfUtils.java:logGet(43)) - raft.server.log.queue.element-limit = 1024 (custom)
2019-10-01 07:15:21,724 [pool-469-thread-1] INFO  server.RaftServerConfigKeys (ConfUtils.java:logGet(43)) - raft.server.log.segment.size.max = 1048576 (custom)
2019-10-01 07:15:21,724 [pool-439-thread-1] INFO  server.RaftServerConfigKeys (ConfUtils.java:logGet(43)) - raft.server.log.segment.size.max = 1048576 (custom)
2019-10-01 07:15:21,724 [pool-439-thread-1] INFO  server.RaftServerConfigKeys (ConfUtils.java:logGet(43)) - raft.server.log.preallocated.size = 16384 (custom)
2019-10-01 07:15:21,724 [pool-439-thread-1] INFO  server.RaftServerConfigKeys (ConfUtils.java:logGet(43)) - raft.server.log.write.buffer.size = 33554432 (custom)
2019-10-01 07:15:21,724 [pool-459-thread-1] INFO  server.RaftServerConfigKeys (ConfUtils.java:logGet(43)) - raft.server.log.segment.size.max = 1048576 (custom)
2019-10-01 07:15:21,724 [pool-439-thread-1] INFO  server.RaftServerConfigKeys (ConfUtils.java:logGet(43)) - raft.server.log.force.sync.num = 128 (default)
2019-10-01 07:15:21,724 [pool-469-thread-1] INFO  server.RaftServerConfigKeys (ConfUtils.java:logGet(43)) - raft.server.log.segment.cache.num.max = 2 (custom)
2019-10-01 07:15:21,724 [pool-439-thread-1] INFO  server.RaftServerConfigKeys (ConfUtils.java:logGet(43)) - raft.server.log.statemachine.data.sync = true (default)
2019-10-01 07:15:21,724 [pool-459-thread-1] INFO  server.RaftServerConfigKeys (ConfUtils.java:logGet(43)) - raft.server.log.segment.cache.num.max = 2 (custom)
2019-10-01 07:15:21,725 [pool-439-thread-1] INFO  server.RaftServerConfigKeys (ConfUtils.java:logGet(43)) - raft.server.log.statemachine.data.sync.timeout = 10s (default)
2019-10-01 07:15:21,725 [pool-469-thread-1] INFO  segmented.SegmentedRaftLogWorker (SegmentedRaftLogWorker.java:<init>(173)) - new 11c84197-d83d-4072-8fdb-43676bb55242@group-A66214836B76-SegmentedRaftLogWorker for RaftStorage:Storage Directory /workdir/hadoop-ozone/integration-test/target/test-dir/MiniOzoneClusterImpl-2db916eb-b457-4fc6-8c12-ba4338359f32/datanode-6/data/ratis/8d161998-cb39-4784-a8e6-a66214836b76
2019-10-01 07:15:21,725 [pool-439-thread-1] INFO  server.RaftServerConfigKeys (ConfUtils.java:logGet(43)) - raft.server.log.statemachine.data.sync.timeout.retry = -1 (default)
2019-10-01 07:15:21,725 [pool-459-thread-1] INFO  segmented.SegmentedRaftLogWorker (SegmentedRaftLogWorker.java:<init>(173)) - new 681d2a6a-aa23-4b09-bbd3-2c3ec3baa173@group-A66214836B76-SegmentedRaftLogWorker for RaftStorage:Storage Directory /workdir/hadoop-ozone/integration-test/target/test-dir/MiniOzoneClusterImpl-2db916eb-b457-4fc6-8c12-ba4338359f32/datanode-5/data/ratis/8d161998-cb39-4784-a8e6-a66214836b76
2019-10-01 07:15:21,725 [pool-439-thread-1] INFO  server.RaftServerConfigKeys (ConfUtils.java:logGet(43)) - raft.server.log.statemachine.data.caching.enabled = true (custom)
2019-10-01 07:15:21,725 [pool-469-thread-1] INFO  server.RaftServerConfigKeys (ConfUtils.java:logGet(43)) - raft.server.log.queue.byte-limit = 2147483647 (custom)
2019-10-01 07:15:21,725 [pool-439-thread-1] INFO  segmented.SegmentedRaftLogWorker (SegmentedRaftLogWorker.java:lambda$new$0(128)) - 0644b46a-449b-474c-8eef-e7918f21bfdf@group-A66214836B76-SegmentedRaftLogWorker: flushIndex: setUnconditionally 0 -> -1
2019-10-01 07:15:21,725 [pool-459-thread-1] INFO  server.RaftServerConfigKeys (ConfUtils.java:logGet(43)) - raft.server.log.queue.byte-limit = 2147483647 (custom)
2019-10-01 07:15:21,725 [pool-469-thread-1] INFO  server.RaftServerConfigKeys (ConfUtils.java:logGet(43)) - raft.server.log.queue.element-limit = 1024 (custom)
2019-10-01 07:15:21,726 [pool-439-thread-1] INFO  server.RaftServerConfigKeys (ConfUtils.java:logGet(43)) - raft.server.snapshot.auto.trigger.enabled = true (custom)
2019-10-01 07:15:21,726 [pool-459-thread-1] INFO  server.RaftServerConfigKeys (ConfUtils.java:logGet(43)) - raft.server.log.queue.element-limit = 1024 (custom)
2019-10-01 07:15:21,726 [pool-439-thread-1] INFO  server.RaftServerConfigKeys (ConfUtils.java:logGet(43)) - raft.server.snapshot.auto.trigger.threshold = 10000 (custom)
2019-10-01 07:15:21,726 [pool-469-thread-1] INFO  server.RaftServerConfigKeys (ConfUtils.java:logGet(43)) - raft.server.log.segment.size.max = 1048576 (custom)
2019-10-01 07:15:21,726 [pool-439-thread-1] INFO  server.RaftServerConfigKeys (ConfUtils.java:logGet(43)) - raft.server.snapshot.retention.file.num = 5 (custom)
2019-10-01 07:15:21,726 [pool-459-thread-1] INFO  server.RaftServerConfigKeys (ConfUtils.java:logGet(43)) - raft.server.log.segment.size.max = 1048576 (custom)
2019-10-01 07:15:21,726 [pool-439-thread-1] INFO  server.RaftServerConfigKeys (ConfUtils.java:logGet(43)) - raft.server.retrycache.expirytime = 600000ms (custom)
2019-10-01 07:15:21,726 [pool-469-thread-1] INFO  server.RaftServerConfigKeys (ConfUtils.java:logGet(43)) - raft.server.log.preallocated.size = 16384 (custom)
2019-10-01 07:15:21,726 [pool-459-thread-1] INFO  server.RaftServerConfigKeys (ConfUtils.java:logGet(43)) - raft.server.log.preallocated.size = 16384 (custom)
2019-10-01 07:15:21,727 [pool-469-thread-1] INFO  server.RaftServerConfigKeys (ConfUtils.java:logGet(43)) - raft.server.log.write.buffer.size = 33554432 (custom)
2019-10-01 07:15:21,727 [pool-459-thread-1] INFO  server.RaftServerConfigKeys (ConfUtils.java:logGet(43)) - raft.server.log.write.buffer.size = 33554432 (custom)
2019-10-01 07:15:21,727 [pool-469-thread-1] INFO  server.RaftServerConfigKeys (ConfUtils.java:logGet(43)) - raft.server.log.force.sync.num = 128 (default)
2019-10-01 07:15:21,727 [pool-459-thread-1] INFO  server.RaftServerConfigKeys (ConfUtils.java:logGet(43)) - raft.server.log.force.sync.num = 128 (default)
2019-10-01 07:15:21,727 [pool-469-thread-1] INFO  server.RaftServerConfigKeys (ConfUtils.java:logGet(43)) - raft.server.log.statemachine.data.sync = true (default)
2019-10-01 07:15:21,727 [pool-459-thread-1] INFO  server.RaftServerConfigKeys (ConfUtils.java:logGet(43)) - raft.server.log.statemachine.data.sync = true (default)
2019-10-01 07:15:21,727 [pool-469-thread-1] INFO  server.RaftServerConfigKeys (ConfUtils.java:logGet(43)) - raft.server.log.statemachine.data.sync.timeout = 10s (default)
2019-10-01 07:15:21,727 [pool-459-thread-1] INFO  server.RaftServerConfigKeys (ConfUtils.java:logGet(43)) - raft.server.log.statemachine.data.sync.timeout = 10s (default)
2019-10-01 07:15:21,727 [pool-439-thread-1] INFO  impl.RaftServerImpl (RaftServerImpl.java:start(181)) - 0644b46a-449b-474c-8eef-e7918f21bfdf@group-A66214836B76: start as a follower, conf=-1: [681d2a6a-aa23-4b09-bbd3-2c3ec3baa173:192.168.30.18:44355, 0644b46a-449b-474c-8eef-e7918f21bfdf:192.168.30.18:34675, 11c84197-d83d-4072-8fdb-43676bb55242:192.168.30.18:33686], old=null
2019-10-01 07:15:21,727 [pool-469-thread-1] INFO  server.RaftServerConfigKeys (ConfUtils.java:logGet(43)) - raft.server.log.statemachine.data.sync.timeout.retry = -1 (default)
2019-10-01 07:15:21,728 [pool-439-thread-1] INFO  impl.RaftServerImpl (RaftServerImpl.java:setRole(170)) - 0644b46a-449b-474c-8eef-e7918f21bfdf@group-A66214836B76: changes role from      null to FOLLOWER at term 0 for startAsFollower
2019-10-01 07:15:21,727 [pool-459-thread-1] INFO  server.RaftServerConfigKeys (ConfUtils.java:logGet(43)) - raft.server.log.statemachine.data.sync.timeout.retry = -1 (default)
2019-10-01 07:15:21,728 [pool-439-thread-1] INFO  impl.RoleInfo (RoleInfo.java:updateAndGet(143)) - 0644b46a-449b-474c-8eef-e7918f21bfdf: start FollowerState
2019-10-01 07:15:21,728 [pool-469-thread-1] INFO  server.RaftServerConfigKeys (ConfUtils.java:logGet(43)) - raft.server.log.statemachine.data.caching.enabled = true (custom)
2019-10-01 07:15:21,728 [pool-459-thread-1] INFO  server.RaftServerConfigKeys (ConfUtils.java:logGet(43)) - raft.server.log.statemachine.data.caching.enabled = true (custom)
2019-10-01 07:15:21,728 [pool-439-thread-1] INFO  util.JmxRegister (JmxRegister.java:tryRegister(44)) - Successfully registered JMX Bean with object name Ratis:service=RaftServer,group=group-A66214836B76,id=0644b46a-449b-474c-8eef-e7918f21bfdf
2019-10-01 07:15:21,728 [pool-469-thread-1] INFO  segmented.SegmentedRaftLogWorker (SegmentedRaftLogWorker.java:lambda$new$0(128)) - 11c84197-d83d-4072-8fdb-43676bb55242@group-A66214836B76-SegmentedRaftLogWorker: flushIndex: setUnconditionally 0 -> -1
2019-10-01 07:15:21,728 [pool-459-thread-1] INFO  segmented.SegmentedRaftLogWorker (SegmentedRaftLogWorker.java:lambda$new$0(128)) - 681d2a6a-aa23-4b09-bbd3-2c3ec3baa173@group-A66214836B76-SegmentedRaftLogWorker: flushIndex: setUnconditionally 0 -> -1
2019-10-01 07:15:21,729 [pool-469-thread-1] INFO  server.RaftServerConfigKeys (ConfUtils.java:logGet(43)) - raft.server.snapshot.auto.trigger.enabled = true (custom)
2019-10-01 07:15:21,729 [pool-459-thread-1] INFO  server.RaftServerConfigKeys (ConfUtils.java:logGet(43)) - raft.server.snapshot.auto.trigger.enabled = true (custom)
2019-10-01 07:15:21,729 [pool-469-thread-1] INFO  server.RaftServerConfigKeys (ConfUtils.java:logGet(43)) - raft.server.snapshot.auto.trigger.threshold = 10000 (custom)
2019-10-01 07:15:21,729 [pool-459-thread-1] INFO  server.RaftServerConfigKeys (ConfUtils.java:logGet(43)) - raft.server.snapshot.auto.trigger.threshold = 10000 (custom)
2019-10-01 07:15:21,729 [pool-469-thread-1] INFO  server.RaftServerConfigKeys (ConfUtils.java:logGet(43)) - raft.server.snapshot.retention.file.num = 5 (custom)
2019-10-01 07:15:21,729 [pool-459-thread-1] INFO  server.RaftServerConfigKeys (ConfUtils.java:logGet(43)) - raft.server.snapshot.retention.file.num = 5 (custom)
2019-10-01 07:15:21,729 [pool-469-thread-1] INFO  server.RaftServerConfigKeys (ConfUtils.java:logGet(43)) - raft.server.retrycache.expirytime = 600000ms (custom)
2019-10-01 07:15:21,729 [pool-459-thread-1] INFO  server.RaftServerConfigKeys (ConfUtils.java:logGet(43)) - raft.server.retrycache.expirytime = 600000ms (custom)
2019-10-01 07:15:21,735 [pool-469-thread-1] INFO  impl.RaftServerImpl (RaftServerImpl.java:start(181)) - 11c84197-d83d-4072-8fdb-43676bb55242@group-A66214836B76: start as a follower, conf=-1: [681d2a6a-aa23-4b09-bbd3-2c3ec3baa173:192.168.30.18:44355, 0644b46a-449b-474c-8eef-e7918f21bfdf:192.168.30.18:34675, 11c84197-d83d-4072-8fdb-43676bb55242:192.168.30.18:33686], old=null
2019-10-01 07:15:21,735 [pool-469-thread-1] INFO  impl.RaftServerImpl (RaftServerImpl.java:setRole(170)) - 11c84197-d83d-4072-8fdb-43676bb55242@group-A66214836B76: changes role from      null to FOLLOWER at term 0 for startAsFollower
2019-10-01 07:15:21,735 [pool-459-thread-1] INFO  impl.RaftServerImpl (RaftServerImpl.java:start(181)) - 681d2a6a-aa23-4b09-bbd3-2c3ec3baa173@group-A66214836B76: start as a follower, conf=-1: [681d2a6a-aa23-4b09-bbd3-2c3ec3baa173:192.168.30.18:44355, 0644b46a-449b-474c-8eef-e7918f21bfdf:192.168.30.18:34675, 11c84197-d83d-4072-8fdb-43676bb55242:192.168.30.18:33686], old=null
2019-10-01 07:15:21,735 [pool-469-thread-1] INFO  impl.RoleInfo (RoleInfo.java:updateAndGet(143)) - 11c84197-d83d-4072-8fdb-43676bb55242: start FollowerState
2019-10-01 07:15:21,735 [pool-459-thread-1] INFO  impl.RaftServerImpl (RaftServerImpl.java:setRole(170)) - 681d2a6a-aa23-4b09-bbd3-2c3ec3baa173@group-A66214836B76: changes role from      null to FOLLOWER at term 0 for startAsFollower
2019-10-01 07:15:21,735 [pool-459-thread-1] INFO  impl.RoleInfo (RoleInfo.java:updateAndGet(143)) - 681d2a6a-aa23-4b09-bbd3-2c3ec3baa173: start FollowerState
2019-10-01 07:15:21,735 [pool-469-thread-1] INFO  util.JmxRegister (JmxRegister.java:tryRegister(44)) - Successfully registered JMX Bean with object name Ratis:service=RaftServer,group=group-A66214836B76,id=11c84197-d83d-4072-8fdb-43676bb55242
2019-10-01 07:15:21,736 [pool-459-thread-1] INFO  util.JmxRegister (JmxRegister.java:tryRegister(44)) - Successfully registered JMX Bean with object name Ratis:service=RaftServer,group=group-A66214836B76,id=681d2a6a-aa23-4b09-bbd3-2c3ec3baa173
2019-10-01 07:15:21,746 [RatisPipelineUtilsThread] INFO  pipeline.PipelineStateManager (PipelineStateManager.java:addPipeline(56)) - Created pipeline Pipeline[ Id: 8d161998-cb39-4784-a8e6-a66214836b76, Nodes: 0644b46a-449b-474c-8eef-e7918f21bfdf{ip: 192.168.30.18, host: pr-hdds-1984-bsjj8-3390809720, networkLocation: /default-rack, certSerialId: null}681d2a6a-aa23-4b09-bbd3-2c3ec3baa173{ip: 192.168.30.18, host: pr-hdds-1984-bsjj8-3390809720, networkLocation: /default-rack, certSerialId: null}11c84197-d83d-4072-8fdb-43676bb55242{ip: 192.168.30.18, host: pr-hdds-1984-bsjj8-3390809720, networkLocation: /default-rack, certSerialId: null}, Type:RATIS, Factor:THREE, State:OPEN]
2019-10-01 07:15:22,347 [main] INFO  ozone.MiniOzoneClusterImpl (MiniOzoneClusterImpl.java:lambda$waitForClusterToBeReady$0(147)) - Cluster is ready. Got 7 of 7 DN Heartbeats.
2019-10-01 07:15:22,394 [main] INFO  rpc.RpcClient (RpcClient.java:createVolume(276)) - Creating Volume: testblockoutputstream, with jenkins1000 as owner.
2019-10-01 07:15:22,399 [IPC Server handler 2 on 45868] INFO  volume.OMVolumeCreateRequest (OMVolumeCreateRequest.java:validateAndUpdateCache(194)) - created volume:testblockoutputstream for user:jenkins1000
2019-10-01 07:15:22,417 [main] INFO  rpc.RpcClient (RpcClient.java:createBucket(415)) - Creating Bucket: testblockoutputstream/testblockoutputstream, with Versioning false and Storage Type set to DISK and Encryption set to false 
2019-10-01 07:15:23,958 [Thread-3054] INFO  container.ReplicationManager (ReplicationManager.java:start(162)) - Starting Replication Monitor Thread.
2019-10-01 07:15:23,961 [ReplicationMonitor] INFO  container.ReplicationManager (ReplicationManager.java:run(225)) - Replication Monitor Thread took 0 milliseconds for processing 1 containers.
2019-10-01 07:15:26,083 [Thread-3056] INFO  impl.FollowerState (FollowerState.java:run(108)) - 4411321e-2142-48ef-9104-cebd18b9b25b@group-6B2B5ED7D942-FollowerState: change to CANDIDATE, lastRpcTime:5030ms, electionTimeout:5030ms
2019-10-01 07:15:26,084 [Thread-3056] INFO  impl.RoleInfo (RoleInfo.java:shutdownFollowerState(121)) - 4411321e-2142-48ef-9104-cebd18b9b25b: shutdown FollowerState
2019-10-01 07:15:26,084 [Thread-3056] INFO  impl.RaftServerImpl (RaftServerImpl.java:setRole(170)) - 4411321e-2142-48ef-9104-cebd18b9b25b@group-6B2B5ED7D942: changes role from  FOLLOWER to CANDIDATE at term 0 for changeToCandidate
2019-10-01 07:15:26,084 [Thread-3056] INFO  impl.RoleInfo (RoleInfo.java:updateAndGet(143)) - 4411321e-2142-48ef-9104-cebd18b9b25b: start LeaderElection
2019-10-01 07:15:26,135 [4411321e-2142-48ef-9104-cebd18b9b25b@group-6B2B5ED7D942-LeaderElection60] INFO  impl.LeaderElection (LeaderElection.java:askForVotes(178)) - 4411321e-2142-48ef-9104-cebd18b9b25b@group-6B2B5ED7D942-LeaderElection60: begin an election at term 1 for -1: [4411321e-2142-48ef-9104-cebd18b9b25b:192.168.30.18:44112], old=null
2019-10-01 07:15:26,136 [4411321e-2142-48ef-9104-cebd18b9b25b@group-6B2B5ED7D942-LeaderElection60] INFO  impl.RoleInfo (RoleInfo.java:shutdownLeaderElection(134)) - 4411321e-2142-48ef-9104-cebd18b9b25b: shutdown LeaderElection
2019-10-01 07:15:26,136 [4411321e-2142-48ef-9104-cebd18b9b25b@group-6B2B5ED7D942-LeaderElection60] INFO  impl.RaftServerImpl (RaftServerImpl.java:setRole(170)) - 4411321e-2142-48ef-9104-cebd18b9b25b@group-6B2B5ED7D942: changes role from CANDIDATE to LEADER at term 1 for changeToLeader
2019-10-01 07:15:26,136 [4411321e-2142-48ef-9104-cebd18b9b25b@group-6B2B5ED7D942-LeaderElection60] INFO  impl.RaftServerImpl (ServerState.java:setLeader(255)) - 4411321e-2142-48ef-9104-cebd18b9b25b@group-6B2B5ED7D942: change Leader from null to 4411321e-2142-48ef-9104-cebd18b9b25b at term 1 for becomeLeader, leader elected after 5088ms
2019-10-01 07:15:26,136 [4411321e-2142-48ef-9104-cebd18b9b25b@group-6B2B5ED7D942-LeaderElection60] INFO  server.RaftServerConfigKeys (ConfUtils.java:logGet(43)) - raft.server.staging.catchup.gap = 1000 (default)
2019-10-01 07:15:26,136 [4411321e-2142-48ef-9104-cebd18b9b25b@group-6B2B5ED7D942-LeaderElection60] INFO  server.RaftServerConfigKeys (ConfUtils.java:logGet(43)) - raft.server.rpc.sleep.time = 25ms (default)
2019-10-01 07:15:26,136 [4411321e-2142-48ef-9104-cebd18b9b25b@group-6B2B5ED7D942-LeaderElection60] INFO  server.RaftServerConfigKeys (ConfUtils.java:logGet(43)) - raft.server.write.element-limit = 4096 (default)
2019-10-01 07:15:26,137 [4411321e-2142-48ef-9104-cebd18b9b25b@group-6B2B5ED7D942-LeaderElection60] INFO  server.RaftServerConfigKeys (ConfUtils.java:logGet(43)) - raft.server.watch.timeout = 10s (default)
2019-10-01 07:15:26,137 [4411321e-2142-48ef-9104-cebd18b9b25b@group-6B2B5ED7D942-LeaderElection60] INFO  server.RaftServerConfigKeys (ConfUtils.java:logGet(43)) - raft.server.watch.timeout.denomination = 1s (default)
2019-10-01 07:15:26,137 [4411321e-2142-48ef-9104-cebd18b9b25b@group-6B2B5ED7D942-LeaderElection60] INFO  server.RaftServerConfigKeys (ConfUtils.java:logGet(43)) - raft.server.watch.element-limit = 65536 (default)
2019-10-01 07:15:26,139 [4411321e-2142-48ef-9104-cebd18b9b25b@group-6B2B5ED7D942-LeaderElection60] INFO  impl.RoleInfo (RoleInfo.java:updateAndGet(143)) - 4411321e-2142-48ef-9104-cebd18b9b25b: start LeaderState
2019-10-01 07:15:26,139 [4411321e-2142-48ef-9104-cebd18b9b25b@group-6B2B5ED7D942-LeaderElection60] INFO  segmented.SegmentedRaftLogWorker (SegmentedRaftLogWorker.java:startLogSegment(385)) - 4411321e-2142-48ef-9104-cebd18b9b25b@group-6B2B5ED7D942-SegmentedRaftLogWorker: Starting segment from index:0
2019-10-01 07:15:26,140 [4411321e-2142-48ef-9104-cebd18b9b25b@group-6B2B5ED7D942-LeaderElection60] INFO  impl.RaftServerImpl (ServerState.java:setRaftConf(356)) - 4411321e-2142-48ef-9104-cebd18b9b25b@group-6B2B5ED7D942: set configuration 0: [4411321e-2142-48ef-9104-cebd18b9b25b:192.168.30.18:44112], old=null at 0
2019-10-01 07:15:26,194 [4411321e-2142-48ef-9104-cebd18b9b25b@group-6B2B5ED7D942-SegmentedRaftLogWorker] INFO  segmented.SegmentedRaftLogWorker (SegmentedRaftLogWorker.java:execute(574)) - 4411321e-2142-48ef-9104-cebd18b9b25b@group-6B2B5ED7D942-SegmentedRaftLogWorker: created new log segment /workdir/hadoop-ozone/integration-test/target/test-dir/MiniOzoneClusterImpl-2db916eb-b457-4fc6-8c12-ba4338359f32/datanode-0/data/ratis/9ed3a5bc-c066-401b-a1b8-6b2b5ed7d942/current/log_inprogress_0
2019-10-01 07:15:26,252 [Thread-3059] INFO  impl.FollowerState (FollowerState.java:run(108)) - 4028da6e-4371-40dd-ac3f-4caa9965859c@group-549DDAC700F8-FollowerState: change to CANDIDATE, lastRpcTime:5124ms, electionTimeout:5124ms
2019-10-01 07:15:26,252 [Thread-3059] INFO  impl.RoleInfo (RoleInfo.java:shutdownFollowerState(121)) - 4028da6e-4371-40dd-ac3f-4caa9965859c: shutdown FollowerState
2019-10-01 07:15:26,252 [Thread-3059] INFO  impl.RaftServerImpl (RaftServerImpl.java:setRole(170)) - 4028da6e-4371-40dd-ac3f-4caa9965859c@group-549DDAC700F8: changes role from  FOLLOWER to CANDIDATE at term 0 for changeToCandidate
2019-10-01 07:15:26,252 [Thread-3059] INFO  impl.RoleInfo (RoleInfo.java:updateAndGet(143)) - 4028da6e-4371-40dd-ac3f-4caa9965859c: start LeaderElection
2019-10-01 07:15:26,276 [Thread-3062] INFO  impl.FollowerState (FollowerState.java:run(108)) - 779648de-c350-4e40-bb84-f82694d468ec@group-8C7E2B8A8054-FollowerState: change to CANDIDATE, lastRpcTime:5080ms, electionTimeout:5080ms
2019-10-01 07:15:26,276 [Thread-3062] INFO  impl.RoleInfo (RoleInfo.java:shutdownFollowerState(121)) - 779648de-c350-4e40-bb84-f82694d468ec: shutdown FollowerState
2019-10-01 07:15:26,276 [Thread-3062] INFO  impl.RaftServerImpl (RaftServerImpl.java:setRole(170)) - 779648de-c350-4e40-bb84-f82694d468ec@group-8C7E2B8A8054: changes role from  FOLLOWER to CANDIDATE at term 0 for changeToCandidate
2019-10-01 07:15:26,276 [Thread-3062] INFO  impl.RoleInfo (RoleInfo.java:updateAndGet(143)) - 779648de-c350-4e40-bb84-f82694d468ec: start LeaderElection
2019-10-01 07:15:26,282 [4028da6e-4371-40dd-ac3f-4caa9965859c@group-549DDAC700F8-LeaderElection61] INFO  impl.LeaderElection (LeaderElection.java:askForVotes(178)) - 4028da6e-4371-40dd-ac3f-4caa9965859c@group-549DDAC700F8-LeaderElection61: begin an election at term 1 for -1: [4028da6e-4371-40dd-ac3f-4caa9965859c:192.168.30.18:33581], old=null
2019-10-01 07:15:26,283 [4028da6e-4371-40dd-ac3f-4caa9965859c@group-549DDAC700F8-LeaderElection61] INFO  impl.RoleInfo (RoleInfo.java:shutdownLeaderElection(134)) - 4028da6e-4371-40dd-ac3f-4caa9965859c: shutdown LeaderElection
2019-10-01 07:15:26,283 [4028da6e-4371-40dd-ac3f-4caa9965859c@group-549DDAC700F8-LeaderElection61] INFO  impl.RaftServerImpl (RaftServerImpl.java:setRole(170)) - 4028da6e-4371-40dd-ac3f-4caa9965859c@group-549DDAC700F8: changes role from CANDIDATE to LEADER at term 1 for changeToLeader
2019-10-01 07:15:26,283 [4028da6e-4371-40dd-ac3f-4caa9965859c@group-549DDAC700F8-LeaderElection61] INFO  impl.RaftServerImpl (ServerState.java:setLeader(255)) - 4028da6e-4371-40dd-ac3f-4caa9965859c@group-549DDAC700F8: change Leader from null to 4028da6e-4371-40dd-ac3f-4caa9965859c at term 1 for becomeLeader, leader elected after 5160ms
2019-10-01 07:15:26,283 [4028da6e-4371-40dd-ac3f-4caa9965859c@group-549DDAC700F8-LeaderElection61] INFO  server.RaftServerConfigKeys (ConfUtils.java:logGet(43)) - raft.server.staging.catchup.gap = 1000 (default)
2019-10-01 07:15:26,283 [4028da6e-4371-40dd-ac3f-4caa9965859c@group-549DDAC700F8-LeaderElection61] INFO  server.RaftServerConfigKeys (ConfUtils.java:logGet(43)) - raft.server.rpc.sleep.time = 25ms (default)
2019-10-01 07:15:26,283 [4028da6e-4371-40dd-ac3f-4caa9965859c@group-549DDAC700F8-LeaderElection61] INFO  server.RaftServerConfigKeys (ConfUtils.java:logGet(43)) - raft.server.write.element-limit = 4096 (default)
2019-10-01 07:15:26,284 [4028da6e-4371-40dd-ac3f-4caa9965859c@group-549DDAC700F8-LeaderElection61] INFO  server.RaftServerConfigKeys (ConfUtils.java:logGet(43)) - raft.server.watch.timeout = 10s (default)
2019-10-01 07:15:26,284 [4028da6e-4371-40dd-ac3f-4caa9965859c@group-549DDAC700F8-LeaderElection61] INFO  server.RaftServerConfigKeys (ConfUtils.java:logGet(43)) - raft.server.watch.timeout.denomination = 1s (default)
2019-10-01 07:15:26,284 [4028da6e-4371-40dd-ac3f-4caa9965859c@group-549DDAC700F8-LeaderElection61] INFO  server.RaftServerConfigKeys (ConfUtils.java:logGet(43)) - raft.server.watch.element-limit = 65536 (default)
2019-10-01 07:15:26,286 [4028da6e-4371-40dd-ac3f-4caa9965859c@group-549DDAC700F8-LeaderElection61] INFO  impl.RoleInfo (RoleInfo.java:updateAndGet(143)) - 4028da6e-4371-40dd-ac3f-4caa9965859c: start LeaderState
2019-10-01 07:15:26,286 [4028da6e-4371-40dd-ac3f-4caa9965859c@group-549DDAC700F8-LeaderElection61] INFO  segmented.SegmentedRaftLogWorker (SegmentedRaftLogWorker.java:startLogSegment(385)) - 4028da6e-4371-40dd-ac3f-4caa9965859c@group-549DDAC700F8-SegmentedRaftLogWorker: Starting segment from index:0
2019-10-01 07:15:26,287 [4028da6e-4371-40dd-ac3f-4caa9965859c@group-549DDAC700F8-LeaderElection61] INFO  impl.RaftServerImpl (ServerState.java:setRaftConf(356)) - 4028da6e-4371-40dd-ac3f-4caa9965859c@group-549DDAC700F8: set configuration 0: [4028da6e-4371-40dd-ac3f-4caa9965859c:192.168.30.18:33581], old=null at 0
2019-10-01 07:15:26,296 [779648de-c350-4e40-bb84-f82694d468ec@group-8C7E2B8A8054-LeaderElection62] INFO  impl.LeaderElection (LeaderElection.java:askForVotes(178)) - 779648de-c350-4e40-bb84-f82694d468ec@group-8C7E2B8A8054-LeaderElection62: begin an election at term 1 for -1: [779648de-c350-4e40-bb84-f82694d468ec:192.168.30.18:41009], old=null
2019-10-01 07:15:26,296 [779648de-c350-4e40-bb84-f82694d468ec@group-8C7E2B8A8054-LeaderElection62] INFO  impl.RoleInfo (RoleInfo.java:shutdownLeaderElection(134)) - 779648de-c350-4e40-bb84-f82694d468ec: shutdown LeaderElection
2019-10-01 07:15:26,296 [779648de-c350-4e40-bb84-f82694d468ec@group-8C7E2B8A8054-LeaderElection62] INFO  impl.RaftServerImpl (RaftServerImpl.java:setRole(170)) - 779648de-c350-4e40-bb84-f82694d468ec@group-8C7E2B8A8054: changes role from CANDIDATE to LEADER at term 1 for changeToLeader
2019-10-01 07:15:26,296 [779648de-c350-4e40-bb84-f82694d468ec@group-8C7E2B8A8054-LeaderElection62] INFO  impl.RaftServerImpl (ServerState.java:setLeader(255)) - 779648de-c350-4e40-bb84-f82694d468ec@group-8C7E2B8A8054: change Leader from null to 779648de-c350-4e40-bb84-f82694d468ec at term 1 for becomeLeader, leader elected after 5105ms
2019-10-01 07:15:26,296 [779648de-c350-4e40-bb84-f82694d468ec@group-8C7E2B8A8054-LeaderElection62] INFO  server.RaftServerConfigKeys (ConfUtils.java:logGet(43)) - raft.server.staging.catchup.gap = 1000 (default)
2019-10-01 07:15:26,297 [779648de-c350-4e40-bb84-f82694d468ec@group-8C7E2B8A8054-LeaderElection62] INFO  server.RaftServerConfigKeys (ConfUtils.java:logGet(43)) - raft.server.rpc.sleep.time = 25ms (default)
2019-10-01 07:15:26,297 [779648de-c350-4e40-bb84-f82694d468ec@group-8C7E2B8A8054-LeaderElection62] INFO  server.RaftServerConfigKeys (ConfUtils.java:logGet(43)) - raft.server.write.element-limit = 4096 (default)
2019-10-01 07:15:26,297 [779648de-c350-4e40-bb84-f82694d468ec@group-8C7E2B8A8054-LeaderElection62] INFO  server.RaftServerConfigKeys (ConfUtils.java:logGet(43)) - raft.server.watch.timeout = 10s (default)
2019-10-01 07:15:26,297 [779648de-c350-4e40-bb84-f82694d468ec@group-8C7E2B8A8054-LeaderElection62] INFO  server.RaftServerConfigKeys (ConfUtils.java:logGet(43)) - raft.server.watch.timeout.denomination = 1s (default)
2019-10-01 07:15:26,297 [779648de-c350-4e40-bb84-f82694d468ec@group-8C7E2B8A8054-LeaderElection62] INFO  server.RaftServerConfigKeys (ConfUtils.java:logGet(43)) - raft.server.watch.element-limit = 65536 (default)
2019-10-01 07:15:26,300 [779648de-c350-4e40-bb84-f82694d468ec@group-8C7E2B8A8054-LeaderElection62] INFO  impl.RoleInfo (RoleInfo.java:updateAndGet(143)) - 779648de-c350-4e40-bb84-f82694d468ec: start LeaderState
2019-10-01 07:15:26,300 [779648de-c350-4e40-bb84-f82694d468ec@group-8C7E2B8A8054-LeaderElection62] INFO  segmented.SegmentedRaftLogWorker (SegmentedRaftLogWorker.java:startLogSegment(385)) - 779648de-c350-4e40-bb84-f82694d468ec@group-8C7E2B8A8054-SegmentedRaftLogWorker: Starting segment from index:0
2019-10-01 07:15:26,301 [779648de-c350-4e40-bb84-f82694d468ec@group-8C7E2B8A8054-LeaderElection62] INFO  impl.RaftServerImpl (ServerState.java:setRaftConf(356)) - 779648de-c350-4e40-bb84-f82694d468ec@group-8C7E2B8A8054: set configuration 0: [779648de-c350-4e40-bb84-f82694d468ec:192.168.30.18:41009], old=null at 0
2019-10-01 07:15:26,348 [4028da6e-4371-40dd-ac3f-4caa9965859c@group-549DDAC700F8-SegmentedRaftLogWorker] INFO  segmented.SegmentedRaftLogWorker (SegmentedRaftLogWorker.java:execute(574)) - 4028da6e-4371-40dd-ac3f-4caa9965859c@group-549DDAC700F8-SegmentedRaftLogWorker: created new log segment /workdir/hadoop-ozone/integration-test/target/test-dir/MiniOzoneClusterImpl-2db916eb-b457-4fc6-8c12-ba4338359f32/datanode-1/data/ratis/16c13eac-a8ad-4827-892f-549ddac700f8/current/log_inprogress_0
2019-10-01 07:15:26,348 [779648de-c350-4e40-bb84-f82694d468ec@group-8C7E2B8A8054-SegmentedRaftLogWorker] INFO  segmented.SegmentedRaftLogWorker (SegmentedRaftLogWorker.java:execute(574)) - 779648de-c350-4e40-bb84-f82694d468ec@group-8C7E2B8A8054-SegmentedRaftLogWorker: created new log segment /workdir/hadoop-ozone/integration-test/target/test-dir/MiniOzoneClusterImpl-2db916eb-b457-4fc6-8c12-ba4338359f32/datanode-2/data/ratis/61ce6f8a-43bf-4471-a0a2-8c7e2b8a8054/current/log_inprogress_0
2019-10-01 07:15:26,361 [Thread-3065] INFO  impl.FollowerState (FollowerState.java:run(108)) - 0644b46a-449b-474c-8eef-e7918f21bfdf@group-6EC992997435-FollowerState: change to CANDIDATE, lastRpcTime:5097ms, electionTimeout:5076ms
2019-10-01 07:15:26,361 [Thread-3065] INFO  impl.RoleInfo (RoleInfo.java:shutdownFollowerState(121)) - 0644b46a-449b-474c-8eef-e7918f21bfdf: shutdown FollowerState
2019-10-01 07:15:26,361 [Thread-3065] INFO  impl.RaftServerImpl (RaftServerImpl.java:setRole(170)) - 0644b46a-449b-474c-8eef-e7918f21bfdf@group-6EC992997435: changes role from  FOLLOWER to CANDIDATE at term 0 for changeToCandidate
2019-10-01 07:15:26,361 [Thread-3065] INFO  impl.RoleInfo (RoleInfo.java:updateAndGet(143)) - 0644b46a-449b-474c-8eef-e7918f21bfdf: start LeaderElection
2019-10-01 07:15:26,382 [0644b46a-449b-474c-8eef-e7918f21bfdf@group-6EC992997435-LeaderElection63] INFO  impl.LeaderElection (LeaderElection.java:askForVotes(178)) - 0644b46a-449b-474c-8eef-e7918f21bfdf@group-6EC992997435-LeaderElection63: begin an election at term 1 for -1: [0644b46a-449b-474c-8eef-e7918f21bfdf:192.168.30.18:34675], old=null
2019-10-01 07:15:26,383 [0644b46a-449b-474c-8eef-e7918f21bfdf@group-6EC992997435-LeaderElection63] INFO  impl.RoleInfo (RoleInfo.java:shutdownLeaderElection(134)) - 0644b46a-449b-474c-8eef-e7918f21bfdf: shutdown LeaderElection
2019-10-01 07:15:26,383 [0644b46a-449b-474c-8eef-e7918f21bfdf@group-6EC992997435-LeaderElection63] INFO  impl.RaftServerImpl (RaftServerImpl.java:setRole(170)) - 0644b46a-449b-474c-8eef-e7918f21bfdf@group-6EC992997435: changes role from CANDIDATE to LEADER at term 1 for changeToLeader
2019-10-01 07:15:26,383 [0644b46a-449b-474c-8eef-e7918f21bfdf@group-6EC992997435-LeaderElection63] INFO  impl.RaftServerImpl (ServerState.java:setLeader(255)) - 0644b46a-449b-474c-8eef-e7918f21bfdf@group-6EC992997435: change Leader from null to 0644b46a-449b-474c-8eef-e7918f21bfdf at term 1 for becomeLeader, leader elected after 5124ms
2019-10-01 07:15:26,383 [0644b46a-449b-474c-8eef-e7918f21bfdf@group-6EC992997435-LeaderElection63] INFO  server.RaftServerConfigKeys (ConfUtils.java:logGet(43)) - raft.server.staging.catchup.gap = 1000 (default)
2019-10-01 07:15:26,383 [0644b46a-449b-474c-8eef-e7918f21bfdf@group-6EC992997435-LeaderElection63] INFO  server.RaftServerConfigKeys (ConfUtils.java:logGet(43)) - raft.server.rpc.sleep.time = 25ms (default)
2019-10-01 07:15:26,383 [0644b46a-449b-474c-8eef-e7918f21bfdf@group-6EC992997435-LeaderElection63] INFO  server.RaftServerConfigKeys (ConfUtils.java:logGet(43)) - raft.server.write.element-limit = 4096 (default)
2019-10-01 07:15:26,384 [0644b46a-449b-474c-8eef-e7918f21bfdf@group-6EC992997435-LeaderElection63] INFO  server.RaftServerConfigKeys (ConfUtils.java:logGet(43)) - raft.server.watch.timeout = 10s (default)
2019-10-01 07:15:26,384 [0644b46a-449b-474c-8eef-e7918f21bfdf@group-6EC992997435-LeaderElection63] INFO  server.RaftServerConfigKeys (ConfUtils.java:logGet(43)) - raft.server.watch.timeout.denomination = 1s (default)
2019-10-01 07:15:26,384 [0644b46a-449b-474c-8eef-e7918f21bfdf@group-6EC992997435-LeaderElection63] INFO  server.RaftServerConfigKeys (ConfUtils.java:logGet(43)) - raft.server.watch.element-limit = 65536 (default)
2019-10-01 07:15:26,385 [Thread-3068] INFO  impl.FollowerState (FollowerState.java:run(108)) - 681d2a6a-aa23-4b09-bbd3-2c3ec3baa173@group-70088686B190-FollowerState: change to CANDIDATE, lastRpcTime:5005ms, electionTimeout:5005ms
2019-10-01 07:15:26,385 [Thread-3068] INFO  impl.RoleInfo (RoleInfo.java:shutdownFollowerState(121)) - 681d2a6a-aa23-4b09-bbd3-2c3ec3baa173: shutdown FollowerState
2019-10-01 07:15:26,385 [Thread-3068] INFO  impl.RaftServerImpl (RaftServerImpl.java:setRole(170)) - 681d2a6a-aa23-4b09-bbd3-2c3ec3baa173@group-70088686B190: changes role from  FOLLOWER to CANDIDATE at term 0 for changeToCandidate
2019-10-01 07:15:26,386 [Thread-3068] INFO  impl.RoleInfo (RoleInfo.java:updateAndGet(143)) - 681d2a6a-aa23-4b09-bbd3-2c3ec3baa173: start LeaderElection
2019-10-01 07:15:26,386 [0644b46a-449b-474c-8eef-e7918f21bfdf@group-6EC992997435-LeaderElection63] INFO  impl.RoleInfo (RoleInfo.java:updateAndGet(143)) - 0644b46a-449b-474c-8eef-e7918f21bfdf: start LeaderState
2019-10-01 07:15:26,391 [0644b46a-449b-474c-8eef-e7918f21bfdf@group-6EC992997435-LeaderElection63] INFO  segmented.SegmentedRaftLogWorker (SegmentedRaftLogWorker.java:startLogSegment(385)) - 0644b46a-449b-474c-8eef-e7918f21bfdf@group-6EC992997435-SegmentedRaftLogWorker: Starting segment from index:0
2019-10-01 07:15:26,391 [0644b46a-449b-474c-8eef-e7918f21bfdf@group-6EC992997435-LeaderElection63] INFO  impl.RaftServerImpl (ServerState.java:setRaftConf(356)) - 0644b46a-449b-474c-8eef-e7918f21bfdf@group-6EC992997435: set configuration 0: [0644b46a-449b-474c-8eef-e7918f21bfdf:192.168.30.18:34675], old=null at 0
2019-10-01 07:15:26,428 [681d2a6a-aa23-4b09-bbd3-2c3ec3baa173@group-70088686B190-LeaderElection64] INFO  impl.LeaderElection (LeaderElection.java:askForVotes(178)) - 681d2a6a-aa23-4b09-bbd3-2c3ec3baa173@group-70088686B190-LeaderElection64: begin an election at term 1 for -1: [681d2a6a-aa23-4b09-bbd3-2c3ec3baa173:192.168.30.18:44355], old=null
2019-10-01 07:15:26,429 [681d2a6a-aa23-4b09-bbd3-2c3ec3baa173@group-70088686B190-LeaderElection64] INFO  impl.RoleInfo (RoleInfo.java:shutdownLeaderElection(134)) - 681d2a6a-aa23-4b09-bbd3-2c3ec3baa173: shutdown LeaderElection
2019-10-01 07:15:26,429 [681d2a6a-aa23-4b09-bbd3-2c3ec3baa173@group-70088686B190-LeaderElection64] INFO  impl.RaftServerImpl (RaftServerImpl.java:setRole(170)) - 681d2a6a-aa23-4b09-bbd3-2c3ec3baa173@group-70088686B190: changes role from CANDIDATE to LEADER at term 1 for changeToLeader
2019-10-01 07:15:26,429 [681d2a6a-aa23-4b09-bbd3-2c3ec3baa173@group-70088686B190-LeaderElection64] INFO  impl.RaftServerImpl (ServerState.java:setLeader(255)) - 681d2a6a-aa23-4b09-bbd3-2c3ec3baa173@group-70088686B190: change Leader from null to 681d2a6a-aa23-4b09-bbd3-2c3ec3baa173 at term 1 for becomeLeader, leader elected after 5061ms
2019-10-01 07:15:26,429 [681d2a6a-aa23-4b09-bbd3-2c3ec3baa173@group-70088686B190-LeaderElection64] INFO  server.RaftServerConfigKeys (ConfUtils.java:logGet(43)) - raft.server.staging.catchup.gap = 1000 (default)
2019-10-01 07:15:26,429 [681d2a6a-aa23-4b09-bbd3-2c3ec3baa173@group-70088686B190-LeaderElection64] INFO  server.RaftServerConfigKeys (ConfUtils.java:logGet(43)) - raft.server.rpc.sleep.time = 25ms (default)
2019-10-01 07:15:26,429 [681d2a6a-aa23-4b09-bbd3-2c3ec3baa173@group-70088686B190-LeaderElection64] INFO  server.RaftServerConfigKeys (ConfUtils.java:logGet(43)) - raft.server.write.element-limit = 4096 (default)
2019-10-01 07:15:26,429 [681d2a6a-aa23-4b09-bbd3-2c3ec3baa173@group-70088686B190-LeaderElection64] INFO  server.RaftServerConfigKeys (ConfUtils.java:logGet(43)) - raft.server.watch.timeout = 10s (default)
2019-10-01 07:15:26,429 [681d2a6a-aa23-4b09-bbd3-2c3ec3baa173@group-70088686B190-LeaderElection64] INFO  server.RaftServerConfigKeys (ConfUtils.java:logGet(43)) - raft.server.watch.timeout.denomination = 1s (default)
2019-10-01 07:15:26,429 [681d2a6a-aa23-4b09-bbd3-2c3ec3baa173@group-70088686B190-LeaderElection64] INFO  server.RaftServerConfigKeys (ConfUtils.java:logGet(43)) - raft.server.watch.element-limit = 65536 (default)
2019-10-01 07:15:26,430 [681d2a6a-aa23-4b09-bbd3-2c3ec3baa173@group-70088686B190-LeaderElection64] INFO  impl.RoleInfo (RoleInfo.java:updateAndGet(143)) - 681d2a6a-aa23-4b09-bbd3-2c3ec3baa173: start LeaderState
2019-10-01 07:15:26,431 [681d2a6a-aa23-4b09-bbd3-2c3ec3baa173@group-70088686B190-LeaderElection64] INFO  segmented.SegmentedRaftLogWorker (SegmentedRaftLogWorker.java:startLogSegment(385)) - 681d2a6a-aa23-4b09-bbd3-2c3ec3baa173@group-70088686B190-SegmentedRaftLogWorker: Starting segment from index:0
2019-10-01 07:15:26,431 [681d2a6a-aa23-4b09-bbd3-2c3ec3baa173@group-70088686B190-LeaderElection64] INFO  impl.RaftServerImpl (ServerState.java:setRaftConf(356)) - 681d2a6a-aa23-4b09-bbd3-2c3ec3baa173@group-70088686B190: set configuration 0: [681d2a6a-aa23-4b09-bbd3-2c3ec3baa173:192.168.30.18:44355], old=null at 0
2019-10-01 07:15:26,466 [0644b46a-449b-474c-8eef-e7918f21bfdf@group-6EC992997435-SegmentedRaftLogWorker] INFO  segmented.SegmentedRaftLogWorker (SegmentedRaftLogWorker.java:execute(574)) - 0644b46a-449b-474c-8eef-e7918f21bfdf@group-6EC992997435-SegmentedRaftLogWorker: created new log segment /workdir/hadoop-ozone/integration-test/target/test-dir/MiniOzoneClusterImpl-2db916eb-b457-4fc6-8c12-ba4338359f32/datanode-3/data/ratis/20a894f6-d7e1-473b-99f8-6ec992997435/current/log_inprogress_0
2019-10-01 07:15:26,489 [Thread-3071] INFO  impl.FollowerState (FollowerState.java:run(108)) - 11c84197-d83d-4072-8fdb-43676bb55242@group-6A462AA8AF75-FollowerState: change to CANDIDATE, lastRpcTime:5030ms, electionTimeout:5030ms
2019-10-01 07:15:26,490 [Thread-3071] INFO  impl.RoleInfo (RoleInfo.java:shutdownFollowerState(121)) - 11c84197-d83d-4072-8fdb-43676bb55242: shutdown FollowerState
2019-10-01 07:15:26,490 [Thread-3071] INFO  impl.RaftServerImpl (RaftServerImpl.java:setRole(170)) - 11c84197-d83d-4072-8fdb-43676bb55242@group-6A462AA8AF75: changes role from  FOLLOWER to CANDIDATE at term 0 for changeToCandidate
2019-10-01 07:15:26,490 [Thread-3071] INFO  impl.RoleInfo (RoleInfo.java:updateAndGet(143)) - 11c84197-d83d-4072-8fdb-43676bb55242: start LeaderElection
2019-10-01 07:15:26,493 [681d2a6a-aa23-4b09-bbd3-2c3ec3baa173@group-70088686B190-SegmentedRaftLogWorker] INFO  segmented.SegmentedRaftLogWorker (SegmentedRaftLogWorker.java:execute(574)) - 681d2a6a-aa23-4b09-bbd3-2c3ec3baa173@group-70088686B190-SegmentedRaftLogWorker: created new log segment /workdir/hadoop-ozone/integration-test/target/test-dir/MiniOzoneClusterImpl-2db916eb-b457-4fc6-8c12-ba4338359f32/datanode-5/data/ratis/81354143-27d1-43a4-aa24-70088686b190/current/log_inprogress_0
2019-10-01 07:15:26,526 [11c84197-d83d-4072-8fdb-43676bb55242@group-6A462AA8AF75-LeaderElection65] INFO  impl.LeaderElection (LeaderElection.java:askForVotes(178)) - 11c84197-d83d-4072-8fdb-43676bb55242@group-6A462AA8AF75-LeaderElection65: begin an election at term 1 for -1: [11c84197-d83d-4072-8fdb-43676bb55242:192.168.30.18:33686], old=null
2019-10-01 07:15:26,526 [11c84197-d83d-4072-8fdb-43676bb55242@group-6A462AA8AF75-LeaderElection65] INFO  impl.RoleInfo (RoleInfo.java:shutdownLeaderElection(134)) - 11c84197-d83d-4072-8fdb-43676bb55242: shutdown LeaderElection
2019-10-01 07:15:26,526 [11c84197-d83d-4072-8fdb-43676bb55242@group-6A462AA8AF75-LeaderElection65] INFO  impl.RaftServerImpl (RaftServerImpl.java:setRole(170)) - 11c84197-d83d-4072-8fdb-43676bb55242@group-6A462AA8AF75: changes role from CANDIDATE to LEADER at term 1 for changeToLeader
2019-10-01 07:15:26,526 [11c84197-d83d-4072-8fdb-43676bb55242@group-6A462AA8AF75-LeaderElection65] INFO  impl.RaftServerImpl (ServerState.java:setLeader(255)) - 11c84197-d83d-4072-8fdb-43676bb55242@group-6A462AA8AF75: change Leader from null to 11c84197-d83d-4072-8fdb-43676bb55242 at term 1 for becomeLeader, leader elected after 5074ms
2019-10-01 07:15:26,526 [11c84197-d83d-4072-8fdb-43676bb55242@group-6A462AA8AF75-LeaderElection65] INFO  server.RaftServerConfigKeys (ConfUtils.java:logGet(43)) - raft.server.staging.catchup.gap = 1000 (default)
2019-10-01 07:15:26,526 [11c84197-d83d-4072-8fdb-43676bb55242@group-6A462AA8AF75-LeaderElection65] INFO  server.RaftServerConfigKeys (ConfUtils.java:logGet(43)) - raft.server.rpc.sleep.time = 25ms (default)
2019-10-01 07:15:26,526 [11c84197-d83d-4072-8fdb-43676bb55242@group-6A462AA8AF75-LeaderElection65] INFO  server.RaftServerConfigKeys (ConfUtils.java:logGet(43)) - raft.server.write.element-limit = 4096 (default)
2019-10-01 07:15:26,527 [11c84197-d83d-4072-8fdb-43676bb55242@group-6A462AA8AF75-LeaderElection65] INFO  server.RaftServerConfigKeys (ConfUtils.java:logGet(43)) - raft.server.watch.timeout = 10s (default)
2019-10-01 07:15:26,527 [11c84197-d83d-4072-8fdb-43676bb55242@group-6A462AA8AF75-LeaderElection65] INFO  server.RaftServerConfigKeys (ConfUtils.java:logGet(43)) - raft.server.watch.timeout.denomination = 1s (default)
2019-10-01 07:15:26,527 [11c84197-d83d-4072-8fdb-43676bb55242@group-6A462AA8AF75-LeaderElection65] INFO  server.RaftServerConfigKeys (ConfUtils.java:logGet(43)) - raft.server.watch.element-limit = 65536 (default)
2019-10-01 07:15:26,529 [11c84197-d83d-4072-8fdb-43676bb55242@group-6A462AA8AF75-LeaderElection65] INFO  impl.RoleInfo (RoleInfo.java:updateAndGet(143)) - 11c84197-d83d-4072-8fdb-43676bb55242: start LeaderState
2019-10-01 07:15:26,529 [11c84197-d83d-4072-8fdb-43676bb55242@group-6A462AA8AF75-LeaderElection65] INFO  segmented.SegmentedRaftLogWorker (SegmentedRaftLogWorker.java:startLogSegment(385)) - 11c84197-d83d-4072-8fdb-43676bb55242@group-6A462AA8AF75-SegmentedRaftLogWorker: Starting segment from index:0
2019-10-01 07:15:26,530 [11c84197-d83d-4072-8fdb-43676bb55242@group-6A462AA8AF75-LeaderElection65] INFO  impl.RaftServerImpl (ServerState.java:setRaftConf(356)) - 11c84197-d83d-4072-8fdb-43676bb55242@group-6A462AA8AF75: set configuration 0: [11c84197-d83d-4072-8fdb-43676bb55242:192.168.30.18:33686], old=null at 0
2019-10-01 07:15:26,601 [11c84197-d83d-4072-8fdb-43676bb55242@group-6A462AA8AF75-SegmentedRaftLogWorker] INFO  segmented.SegmentedRaftLogWorker (SegmentedRaftLogWorker.java:execute(574)) - 11c84197-d83d-4072-8fdb-43676bb55242@group-6A462AA8AF75-SegmentedRaftLogWorker: created new log segment /workdir/hadoop-ozone/integration-test/target/test-dir/MiniOzoneClusterImpl-2db916eb-b457-4fc6-8c12-ba4338359f32/datanode-6/data/ratis/53a6094c-bcaa-4b2a-b60c-6a462aa8af75/current/log_inprogress_0
2019-10-01 07:15:26,659 [Thread-3074] INFO  impl.FollowerState (FollowerState.java:run(108)) - 531e026c-abd8-4367-bd98-8e5e258ce4e9@group-CFC6C60A81CA-FollowerState: change to CANDIDATE, lastRpcTime:5125ms, electionTimeout:5125ms
2019-10-01 07:15:26,659 [Thread-3074] INFO  impl.RoleInfo (RoleInfo.java:shutdownFollowerState(121)) - 531e026c-abd8-4367-bd98-8e5e258ce4e9: shutdown FollowerState
2019-10-01 07:15:26,659 [Thread-3074] INFO  impl.RaftServerImpl (RaftServerImpl.java:setRole(170)) - 531e026c-abd8-4367-bd98-8e5e258ce4e9@group-CFC6C60A81CA: changes role from  FOLLOWER to CANDIDATE at term 0 for changeToCandidate
2019-10-01 07:15:26,659 [Thread-3074] INFO  impl.RoleInfo (RoleInfo.java:updateAndGet(143)) - 531e026c-abd8-4367-bd98-8e5e258ce4e9: start LeaderElection
2019-10-01 07:15:26,685 [531e026c-abd8-4367-bd98-8e5e258ce4e9@group-CFC6C60A81CA-LeaderElection66] INFO  impl.LeaderElection (LeaderElection.java:askForVotes(178)) - 531e026c-abd8-4367-bd98-8e5e258ce4e9@group-CFC6C60A81CA-LeaderElection66: begin an election at term 1 for -1: [531e026c-abd8-4367-bd98-8e5e258ce4e9:192.168.30.18:32859], old=null
2019-10-01 07:15:26,685 [531e026c-abd8-4367-bd98-8e5e258ce4e9@group-CFC6C60A81CA-LeaderElection66] INFO  impl.RoleInfo (RoleInfo.java:shutdownLeaderElection(134)) - 531e026c-abd8-4367-bd98-8e5e258ce4e9: shutdown LeaderElection
2019-10-01 07:15:26,685 [531e026c-abd8-4367-bd98-8e5e258ce4e9@group-CFC6C60A81CA-LeaderElection66] INFO  impl.RaftServerImpl (RaftServerImpl.java:setRole(170)) - 531e026c-abd8-4367-bd98-8e5e258ce4e9@group-CFC6C60A81CA: changes role from CANDIDATE to LEADER at term 1 for changeToLeader
2019-10-01 07:15:26,685 [Thread-3077] INFO  impl.FollowerState (FollowerState.java:run(108)) - 779648de-c350-4e40-bb84-f82694d468ec@group-B9D33A6AA599-FollowerState: change to CANDIDATE, lastRpcTime:5055ms, electionTimeout:5055ms
2019-10-01 07:15:26,685 [531e026c-abd8-4367-bd98-8e5e258ce4e9@group-CFC6C60A81CA-LeaderElection66] INFO  impl.RaftServerImpl (ServerState.java:setLeader(255)) - 531e026c-abd8-4367-bd98-8e5e258ce4e9@group-CFC6C60A81CA: change Leader from null to 531e026c-abd8-4367-bd98-8e5e258ce4e9 at term 1 for becomeLeader, leader elected after 5157ms
2019-10-01 07:15:26,685 [Thread-3077] INFO  impl.RoleInfo (RoleInfo.java:shutdownFollowerState(121)) - 779648de-c350-4e40-bb84-f82694d468ec: shutdown FollowerState
2019-10-01 07:15:26,685 [531e026c-abd8-4367-bd98-8e5e258ce4e9@group-CFC6C60A81CA-LeaderElection66] INFO  server.RaftServerConfigKeys (ConfUtils.java:logGet(43)) - raft.server.staging.catchup.gap = 1000 (default)
2019-10-01 07:15:26,685 [Thread-3077] INFO  impl.RaftServerImpl (RaftServerImpl.java:setRole(170)) - 779648de-c350-4e40-bb84-f82694d468ec@group-B9D33A6AA599: changes role from  FOLLOWER to CANDIDATE at term 0 for changeToCandidate
2019-10-01 07:15:26,685 [531e026c-abd8-4367-bd98-8e5e258ce4e9@group-CFC6C60A81CA-LeaderElection66] INFO  server.RaftServerConfigKeys (ConfUtils.java:logGet(43)) - raft.server.rpc.sleep.time = 25ms (default)
2019-10-01 07:15:26,686 [Thread-3077] INFO  impl.RoleInfo (RoleInfo.java:updateAndGet(143)) - 779648de-c350-4e40-bb84-f82694d468ec: start LeaderElection
2019-10-01 07:15:26,686 [531e026c-abd8-4367-bd98-8e5e258ce4e9@group-CFC6C60A81CA-LeaderElection66] INFO  server.RaftServerConfigKeys (ConfUtils.java:logGet(43)) - raft.server.write.element-limit = 4096 (default)
2019-10-01 07:15:26,686 [531e026c-abd8-4367-bd98-8e5e258ce4e9@group-CFC6C60A81CA-LeaderElection66] INFO  server.RaftServerConfigKeys (ConfUtils.java:logGet(43)) - raft.server.watch.timeout = 10s (default)
2019-10-01 07:15:26,689 [531e026c-abd8-4367-bd98-8e5e258ce4e9@group-CFC6C60A81CA-LeaderElection66] INFO  server.RaftServerConfigKeys (ConfUtils.java:logGet(43)) - raft.server.watch.timeout.denomination = 1s (default)
2019-10-01 07:15:26,691 [531e026c-abd8-4367-bd98-8e5e258ce4e9@group-CFC6C60A81CA-LeaderElection66] INFO  server.RaftServerConfigKeys (ConfUtils.java:logGet(43)) - raft.server.watch.element-limit = 65536 (default)
2019-10-01 07:15:26,693 [531e026c-abd8-4367-bd98-8e5e258ce4e9@group-CFC6C60A81CA-LeaderElection66] INFO  impl.RoleInfo (RoleInfo.java:updateAndGet(143)) - 531e026c-abd8-4367-bd98-8e5e258ce4e9: start LeaderState
2019-10-01 07:15:26,694 [531e026c-abd8-4367-bd98-8e5e258ce4e9@group-CFC6C60A81CA-LeaderElection66] INFO  segmented.SegmentedRaftLogWorker (SegmentedRaftLogWorker.java:startLogSegment(385)) - 531e026c-abd8-4367-bd98-8e5e258ce4e9@group-CFC6C60A81CA-SegmentedRaftLogWorker: Starting segment from index:0
2019-10-01 07:15:26,694 [531e026c-abd8-4367-bd98-8e5e258ce4e9@group-CFC6C60A81CA-LeaderElection66] INFO  impl.RaftServerImpl (ServerState.java:setRaftConf(356)) - 531e026c-abd8-4367-bd98-8e5e258ce4e9@group-CFC6C60A81CA: set configuration 0: [531e026c-abd8-4367-bd98-8e5e258ce4e9:192.168.30.18:32859], old=null at 0
2019-10-01 07:15:26,730 [779648de-c350-4e40-bb84-f82694d468ec@group-B9D33A6AA599-LeaderElection67] INFO  impl.LeaderElection (LeaderElection.java:askForVotes(178)) - 779648de-c350-4e40-bb84-f82694d468ec@group-B9D33A6AA599-LeaderElection67: begin an election at term 1 for -1: [4028da6e-4371-40dd-ac3f-4caa9965859c:192.168.30.18:33581, 4411321e-2142-48ef-9104-cebd18b9b25b:192.168.30.18:44112, 779648de-c350-4e40-bb84-f82694d468ec:192.168.30.18:41009], old=null
2019-10-01 07:15:26,734 [grpc-default-executor-11] INFO  impl.RaftServerImpl (RaftServerImpl.java:setRole(170)) - 4411321e-2142-48ef-9104-cebd18b9b25b@group-B9D33A6AA599: changes role from  FOLLOWER to FOLLOWER at term 1 for recognizeCandidate:779648de-c350-4e40-bb84-f82694d468ec
2019-10-01 07:15:26,734 [grpc-default-executor-9] INFO  impl.RaftServerImpl (RaftServerImpl.java:setRole(170)) - 4028da6e-4371-40dd-ac3f-4caa9965859c@group-B9D33A6AA599: changes role from  FOLLOWER to FOLLOWER at term 1 for recognizeCandidate:779648de-c350-4e40-bb84-f82694d468ec
2019-10-01 07:15:26,734 [grpc-default-executor-11] INFO  impl.RoleInfo (RoleInfo.java:shutdownFollowerState(121)) - 4411321e-2142-48ef-9104-cebd18b9b25b: shutdown FollowerState
2019-10-01 07:15:26,735 [grpc-default-executor-9] INFO  impl.RoleInfo (RoleInfo.java:shutdownFollowerState(121)) - 4028da6e-4371-40dd-ac3f-4caa9965859c: shutdown FollowerState
2019-10-01 07:15:26,735 [grpc-default-executor-11] INFO  impl.RoleInfo (RoleInfo.java:updateAndGet(143)) - 4411321e-2142-48ef-9104-cebd18b9b25b: start FollowerState
2019-10-01 07:15:26,735 [Thread-3082] INFO  impl.FollowerState (FollowerState.java:run(117)) - 4028da6e-4371-40dd-ac3f-4caa9965859c@group-B9D33A6AA599-FollowerState was interrupted: java.lang.InterruptedException: sleep interrupted
2019-10-01 07:15:26,735 [Thread-3080] INFO  impl.FollowerState (FollowerState.java:run(117)) - 4411321e-2142-48ef-9104-cebd18b9b25b@group-B9D33A6AA599-FollowerState was interrupted: java.lang.InterruptedException: sleep interrupted
2019-10-01 07:15:26,735 [grpc-default-executor-9] INFO  impl.RoleInfo (RoleInfo.java:updateAndGet(143)) - 4028da6e-4371-40dd-ac3f-4caa9965859c: start FollowerState
2019-10-01 07:15:26,752 [531e026c-abd8-4367-bd98-8e5e258ce4e9@group-CFC6C60A81CA-SegmentedRaftLogWorker] INFO  segmented.SegmentedRaftLogWorker (SegmentedRaftLogWorker.java:execute(574)) - 531e026c-abd8-4367-bd98-8e5e258ce4e9@group-CFC6C60A81CA-SegmentedRaftLogWorker: created new log segment /workdir/hadoop-ozone/integration-test/target/test-dir/MiniOzoneClusterImpl-2db916eb-b457-4fc6-8c12-ba4338359f32/datanode-4/data/ratis/f3a12369-6a07-4607-a652-cfc6c60a81ca/current/log_inprogress_0
2019-10-01 07:15:26,781 [779648de-c350-4e40-bb84-f82694d468ec@group-B9D33A6AA599-LeaderElection67] INFO  impl.LeaderElection (LeaderElection.java:logAndReturn(56)) - 779648de-c350-4e40-bb84-f82694d468ec@group-B9D33A6AA599-LeaderElection67: Election PASSED; received 1 response(s) [779648de-c350-4e40-bb84-f82694d468ec<-4411321e-2142-48ef-9104-cebd18b9b25b#0:OK-t1] and 0 exception(s); 779648de-c350-4e40-bb84-f82694d468ec@group-B9D33A6AA599:t1, leader=null, voted=779648de-c350-4e40-bb84-f82694d468ec, raftlog=779648de-c350-4e40-bb84-f82694d468ec@group-B9D33A6AA599-SegmentedRaftLog:OPENED:c-1,f-1,i0, conf=-1: [4028da6e-4371-40dd-ac3f-4caa9965859c:192.168.30.18:33581, 4411321e-2142-48ef-9104-cebd18b9b25b:192.168.30.18:44112, 779648de-c350-4e40-bb84-f82694d468ec:192.168.30.18:41009], old=null
2019-10-01 07:15:26,782 [779648de-c350-4e40-bb84-f82694d468ec@group-B9D33A6AA599-LeaderElection67] INFO  impl.RoleInfo (RoleInfo.java:shutdownLeaderElection(134)) - 779648de-c350-4e40-bb84-f82694d468ec: shutdown LeaderElection
2019-10-01 07:15:26,782 [779648de-c350-4e40-bb84-f82694d468ec@group-B9D33A6AA599-LeaderElection67] INFO  impl.RaftServerImpl (RaftServerImpl.java:setRole(170)) - 779648de-c350-4e40-bb84-f82694d468ec@group-B9D33A6AA599: changes role from CANDIDATE to LEADER at term 1 for changeToLeader
2019-10-01 07:15:26,782 [779648de-c350-4e40-bb84-f82694d468ec@group-B9D33A6AA599-LeaderElection67] INFO  impl.RaftServerImpl (ServerState.java:setLeader(255)) - 779648de-c350-4e40-bb84-f82694d468ec@group-B9D33A6AA599: change Leader from null to 779648de-c350-4e40-bb84-f82694d468ec at term 1 for becomeLeader, leader elected after 5161ms
2019-10-01 07:15:26,782 [779648de-c350-4e40-bb84-f82694d468ec@group-B9D33A6AA599-LeaderElection67] INFO  server.RaftServerConfigKeys (ConfUtils.java:logGet(43)) - raft.server.staging.catchup.gap = 1000 (default)
2019-10-01 07:15:26,782 [779648de-c350-4e40-bb84-f82694d468ec@group-B9D33A6AA599-LeaderElection67] INFO  server.RaftServerConfigKeys (ConfUtils.java:logGet(43)) - raft.server.rpc.sleep.time = 25ms (default)
2019-10-01 07:15:26,782 [779648de-c350-4e40-bb84-f82694d468ec@group-B9D33A6AA599-LeaderElection67] INFO  server.RaftServerConfigKeys (ConfUtils.java:logGet(43)) - raft.server.write.element-limit = 4096 (default)
2019-10-01 07:15:26,782 [779648de-c350-4e40-bb84-f82694d468ec@group-B9D33A6AA599-LeaderElection67] INFO  server.RaftServerConfigKeys (ConfUtils.java:logGet(43)) - raft.server.watch.timeout = 10s (default)
2019-10-01 07:15:26,783 [779648de-c350-4e40-bb84-f82694d468ec@group-B9D33A6AA599-LeaderElection67] INFO  server.RaftServerConfigKeys (ConfUtils.java:logGet(43)) - raft.server.watch.timeout.denomination = 1s (default)
2019-10-01 07:15:26,783 [779648de-c350-4e40-bb84-f82694d468ec@group-B9D33A6AA599-LeaderElection67] INFO  server.RaftServerConfigKeys (ConfUtils.java:logGet(43)) - raft.server.watch.element-limit = 65536 (default)
2019-10-01 07:15:26,785 [779648de-c350-4e40-bb84-f82694d468ec@group-B9D33A6AA599-LeaderElection67] INFO  server.RaftServerConfigKeys (ConfUtils.java:logGet(43)) - raft.server.log.appender.snapshot.chunk.size.max = 16MB (=16777216) (default)
2019-10-01 07:15:26,785 [779648de-c350-4e40-bb84-f82694d468ec@group-B9D33A6AA599-LeaderElection67] INFO  server.RaftServerConfigKeys (ConfUtils.java:logGet(43)) - raft.server.log.appender.buffer.byte-limit = 33554432 (custom)
2019-10-01 07:15:26,785 [779648de-c350-4e40-bb84-f82694d468ec@group-B9D33A6AA599-LeaderElection67] INFO  server.RaftServerConfigKeys (ConfUtils.java:logGet(43)) - raft.server.log.appender.buffer.element-limit = 1 (custom)
2019-10-01 07:15:26,786 [779648de-c350-4e40-bb84-f82694d468ec@group-B9D33A6AA599-LeaderElection67] INFO  grpc.GrpcConfigKeys$Server (ConfUtils.java:logGet(43)) - raft.grpc.server.leader.outstanding.appends.max = 128 (default)
2019-10-01 07:15:26,786 [779648de-c350-4e40-bb84-f82694d468ec@group-B9D33A6AA599-LeaderElection67] INFO  server.RaftServerConfigKeys (ConfUtils.java:logGet(43)) - raft.server.rpc.request.timeout = 3000ms (default)
2019-10-01 07:15:26,786 [779648de-c350-4e40-bb84-f82694d468ec@group-B9D33A6AA599-LeaderElection67] INFO  server.RaftServerConfigKeys (ConfUtils.java:logGet(43)) - raft.server.log.appender.install.snapshot.enabled = false (custom)
2019-10-01 07:15:26,787 [779648de-c350-4e40-bb84-f82694d468ec@group-B9D33A6AA599-LeaderElection67] INFO  server.RaftServerConfigKeys (ConfUtils.java:logGet(43)) - raft.server.log.appender.snapshot.chunk.size.max = 16MB (=16777216) (default)
2019-10-01 07:15:26,787 [779648de-c350-4e40-bb84-f82694d468ec@group-B9D33A6AA599-LeaderElection67] INFO  server.RaftServerConfigKeys (ConfUtils.java:logGet(43)) - raft.server.log.appender.buffer.byte-limit = 33554432 (custom)
2019-10-01 07:15:26,787 [779648de-c350-4e40-bb84-f82694d468ec@group-B9D33A6AA599-LeaderElection67] INFO  server.RaftServerConfigKeys (ConfUtils.java:logGet(43)) - raft.server.log.appender.buffer.element-limit = 1 (custom)
2019-10-01 07:15:26,787 [779648de-c350-4e40-bb84-f82694d468ec@group-B9D33A6AA599-LeaderElection67] INFO  grpc.GrpcConfigKeys$Server (ConfUtils.java:logGet(43)) - raft.grpc.server.leader.outstanding.appends.max = 128 (default)
2019-10-01 07:15:26,787 [779648de-c350-4e40-bb84-f82694d468ec@group-B9D33A6AA599-LeaderElection67] INFO  server.RaftServerConfigKeys (ConfUtils.java:logGet(43)) - raft.server.rpc.request.timeout = 3000ms (default)
2019-10-01 07:15:26,787 [779648de-c350-4e40-bb84-f82694d468ec@group-B9D33A6AA599-LeaderElection67] INFO  server.RaftServerConfigKeys (ConfUtils.java:logGet(43)) - raft.server.log.appender.install.snapshot.enabled = false (custom)
2019-10-01 07:15:26,788 [779648de-c350-4e40-bb84-f82694d468ec@group-B9D33A6AA599-LeaderElection67] INFO  impl.RoleInfo (RoleInfo.java:updateAndGet(143)) - 779648de-c350-4e40-bb84-f82694d468ec: start LeaderState
2019-10-01 07:15:26,788 [779648de-c350-4e40-bb84-f82694d468ec@group-B9D33A6AA599-LeaderElection67] INFO  segmented.SegmentedRaftLogWorker (SegmentedRaftLogWorker.java:startLogSegment(385)) - 779648de-c350-4e40-bb84-f82694d468ec@group-B9D33A6AA599-SegmentedRaftLogWorker: Starting segment from index:0
2019-10-01 07:15:26,789 [779648de-c350-4e40-bb84-f82694d468ec@group-B9D33A6AA599-LeaderElection67] INFO  impl.RaftServerImpl (ServerState.java:setRaftConf(356)) - 779648de-c350-4e40-bb84-f82694d468ec@group-B9D33A6AA599: set configuration 0: [4028da6e-4371-40dd-ac3f-4caa9965859c:192.168.30.18:33581, 4411321e-2142-48ef-9104-cebd18b9b25b:192.168.30.18:44112, 779648de-c350-4e40-bb84-f82694d468ec:192.168.30.18:41009], old=null at 0
2019-10-01 07:15:26,824 [Thread-3091] INFO  impl.FollowerState (FollowerState.java:run(108)) - 681d2a6a-aa23-4b09-bbd3-2c3ec3baa173@group-A66214836B76-FollowerState: change to CANDIDATE, lastRpcTime:5088ms, electionTimeout:5083ms
2019-10-01 07:15:26,827 [Thread-3091] INFO  impl.RoleInfo (RoleInfo.java:shutdownFollowerState(121)) - 681d2a6a-aa23-4b09-bbd3-2c3ec3baa173: shutdown FollowerState
2019-10-01 07:15:26,827 [Thread-3091] INFO  impl.RaftServerImpl (RaftServerImpl.java:setRole(170)) - 681d2a6a-aa23-4b09-bbd3-2c3ec3baa173@group-A66214836B76: changes role from  FOLLOWER to CANDIDATE at term 0 for changeToCandidate
2019-10-01 07:15:26,827 [Thread-3091] INFO  impl.RoleInfo (RoleInfo.java:updateAndGet(143)) - 681d2a6a-aa23-4b09-bbd3-2c3ec3baa173: start LeaderElection
2019-10-01 07:15:26,836 [grpc-default-executor-9] INFO  impl.RaftServerImpl (ServerState.java:setLeader(255)) - 4028da6e-4371-40dd-ac3f-4caa9965859c@group-B9D33A6AA599: change Leader from null to 779648de-c350-4e40-bb84-f82694d468ec at term 1 for appendEntries, leader elected after 5215ms
2019-10-01 07:15:26,836 [grpc-default-executor-11] INFO  impl.RaftServerImpl (ServerState.java:setLeader(255)) - 4411321e-2142-48ef-9104-cebd18b9b25b@group-B9D33A6AA599: change Leader from null to 779648de-c350-4e40-bb84-f82694d468ec at term 1 for appendEntries, leader elected after 5214ms
2019-10-01 07:15:26,844 [grpc-default-executor-11] INFO  impl.RaftServerImpl (ServerState.java:setRaftConf(356)) - 4028da6e-4371-40dd-ac3f-4caa9965859c@group-B9D33A6AA599: set configuration 0: [4028da6e-4371-40dd-ac3f-4caa9965859c:192.168.30.18:33581, 4411321e-2142-48ef-9104-cebd18b9b25b:192.168.30.18:44112, 779648de-c350-4e40-bb84-f82694d468ec:192.168.30.18:41009], old=null at 0
2019-10-01 07:15:26,844 [grpc-default-executor-9] INFO  impl.RaftServerImpl (ServerState.java:setRaftConf(356)) - 4411321e-2142-48ef-9104-cebd18b9b25b@group-B9D33A6AA599: set configuration 0: [4028da6e-4371-40dd-ac3f-4caa9965859c:192.168.30.18:33581, 4411321e-2142-48ef-9104-cebd18b9b25b:192.168.30.18:44112, 779648de-c350-4e40-bb84-f82694d468ec:192.168.30.18:41009], old=null at 0
2019-10-01 07:15:26,844 [grpc-default-executor-11] INFO  segmented.SegmentedRaftLogWorker (SegmentedRaftLogWorker.java:startLogSegment(385)) - 4028da6e-4371-40dd-ac3f-4caa9965859c@group-B9D33A6AA599-SegmentedRaftLogWorker: Starting segment from index:0
2019-10-01 07:15:26,844 [grpc-default-executor-9] INFO  segmented.SegmentedRaftLogWorker (SegmentedRaftLogWorker.java:startLogSegment(385)) - 4411321e-2142-48ef-9104-cebd18b9b25b@group-B9D33A6AA599-SegmentedRaftLogWorker: Starting segment from index:0
2019-10-01 07:15:26,853 [779648de-c350-4e40-bb84-f82694d468ec@group-B9D33A6AA599-SegmentedRaftLogWorker] INFO  segmented.SegmentedRaftLogWorker (SegmentedRaftLogWorker.java:execute(574)) - 779648de-c350-4e40-bb84-f82694d468ec@group-B9D33A6AA599-SegmentedRaftLogWorker: created new log segment /workdir/hadoop-ozone/integration-test/target/test-dir/MiniOzoneClusterImpl-2db916eb-b457-4fc6-8c12-ba4338359f32/datanode-2/data/ratis/b06fc9ad-88e6-43c1-b1dd-b9d33a6aa599/current/log_inprogress_0
2019-10-01 07:15:26,858 [Thread-3090] INFO  impl.FollowerState (FollowerState.java:run(108)) - 11c84197-d83d-4072-8fdb-43676bb55242@group-A66214836B76-FollowerState: change to CANDIDATE, lastRpcTime:5122ms, electionTimeout:5122ms
2019-10-01 07:15:26,858 [Thread-3090] INFO  impl.RoleInfo (RoleInfo.java:shutdownFollowerState(121)) - 11c84197-d83d-4072-8fdb-43676bb55242: shutdown FollowerState
2019-10-01 07:15:26,858 [Thread-3090] INFO  impl.RaftServerImpl (RaftServerImpl.java:setRole(170)) - 11c84197-d83d-4072-8fdb-43676bb55242@group-A66214836B76: changes role from  FOLLOWER to CANDIDATE at term 0 for changeToCandidate
2019-10-01 07:15:26,858 [Thread-3090] INFO  impl.RoleInfo (RoleInfo.java:updateAndGet(143)) - 11c84197-d83d-4072-8fdb-43676bb55242: start LeaderElection
2019-10-01 07:15:26,885 [681d2a6a-aa23-4b09-bbd3-2c3ec3baa173@group-A66214836B76-LeaderElection68] INFO  impl.LeaderElection (LeaderElection.java:askForVotes(178)) - 681d2a6a-aa23-4b09-bbd3-2c3ec3baa173@group-A66214836B76-LeaderElection68: begin an election at term 1 for -1: [681d2a6a-aa23-4b09-bbd3-2c3ec3baa173:192.168.30.18:44355, 0644b46a-449b-474c-8eef-e7918f21bfdf:192.168.30.18:34675, 11c84197-d83d-4072-8fdb-43676bb55242:192.168.30.18:33686], old=null
2019-10-01 07:15:26,895 [grpc-default-executor-9] INFO  impl.RaftServerImpl (RaftServerImpl.java:setRole(170)) - 0644b46a-449b-474c-8eef-e7918f21bfdf@group-A66214836B76: changes role from  FOLLOWER to FOLLOWER at term 1 for recognizeCandidate:681d2a6a-aa23-4b09-bbd3-2c3ec3baa173
2019-10-01 07:15:26,895 [grpc-default-executor-9] INFO  impl.RoleInfo (RoleInfo.java:shutdownFollowerState(121)) - 0644b46a-449b-474c-8eef-e7918f21bfdf: shutdown FollowerState
2019-10-01 07:15:26,896 [grpc-default-executor-9] INFO  impl.RoleInfo (RoleInfo.java:updateAndGet(143)) - 0644b46a-449b-474c-8eef-e7918f21bfdf: start FollowerState
2019-10-01 07:15:26,896 [Thread-3086] INFO  impl.FollowerState (FollowerState.java:run(117)) - 0644b46a-449b-474c-8eef-e7918f21bfdf@group-A66214836B76-FollowerState was interrupted: java.lang.InterruptedException: sleep interrupted
2019-10-01 07:15:26,912 [4411321e-2142-48ef-9104-cebd18b9b25b@group-B9D33A6AA599-SegmentedRaftLogWorker] INFO  segmented.SegmentedRaftLogWorker (SegmentedRaftLogWorker.java:execute(574)) - 4411321e-2142-48ef-9104-cebd18b9b25b@group-B9D33A6AA599-SegmentedRaftLogWorker: created new log segment /workdir/hadoop-ozone/integration-test/target/test-dir/MiniOzoneClusterImpl-2db916eb-b457-4fc6-8c12-ba4338359f32/datanode-0/data/ratis/b06fc9ad-88e6-43c1-b1dd-b9d33a6aa599/current/log_inprogress_0
2019-10-01 07:15:26,912 [11c84197-d83d-4072-8fdb-43676bb55242@group-A66214836B76-LeaderElection69] INFO  impl.LeaderElection (LeaderElection.java:askForVotes(178)) - 11c84197-d83d-4072-8fdb-43676bb55242@group-A66214836B76-LeaderElection69: begin an election at term 1 for -1: [681d2a6a-aa23-4b09-bbd3-2c3ec3baa173:192.168.30.18:44355, 0644b46a-449b-474c-8eef-e7918f21bfdf:192.168.30.18:34675, 11c84197-d83d-4072-8fdb-43676bb55242:192.168.30.18:33686], old=null
2019-10-01 07:15:26,912 [4028da6e-4371-40dd-ac3f-4caa9965859c@group-B9D33A6AA599-SegmentedRaftLogWorker] INFO  segmented.SegmentedRaftLogWorker (SegmentedRaftLogWorker.java:execute(574)) - 4028da6e-4371-40dd-ac3f-4caa9965859c@group-B9D33A6AA599-SegmentedRaftLogWorker: created new log segment /workdir/hadoop-ozone/integration-test/target/test-dir/MiniOzoneClusterImpl-2db916eb-b457-4fc6-8c12-ba4338359f32/datanode-1/data/ratis/b06fc9ad-88e6-43c1-b1dd-b9d33a6aa599/current/log_inprogress_0
2019-10-01 07:15:26,939 [11c84197-d83d-4072-8fdb-43676bb55242@group-A66214836B76-LeaderElection69] INFO  impl.LeaderElection (LeaderElection.java:logAndReturn(56)) - 11c84197-d83d-4072-8fdb-43676bb55242@group-A66214836B76-LeaderElection69: Election REJECTED; received 2 response(s) [11c84197-d83d-4072-8fdb-43676bb55242<-681d2a6a-aa23-4b09-bbd3-2c3ec3baa173#0:FAIL-t1, 11c84197-d83d-4072-8fdb-43676bb55242<-0644b46a-449b-474c-8eef-e7918f21bfdf#0:FAIL-t1] and 0 exception(s); 11c84197-d83d-4072-8fdb-43676bb55242@group-A66214836B76:t1, leader=null, voted=11c84197-d83d-4072-8fdb-43676bb55242, raftlog=11c84197-d83d-4072-8fdb-43676bb55242@group-A66214836B76-SegmentedRaftLog:OPENED:c-1,f-1,i0, conf=-1: [681d2a6a-aa23-4b09-bbd3-2c3ec3baa173:192.168.30.18:44355, 0644b46a-449b-474c-8eef-e7918f21bfdf:192.168.30.18:34675, 11c84197-d83d-4072-8fdb-43676bb55242:192.168.30.18:33686], old=null
2019-10-01 07:15:26,939 [681d2a6a-aa23-4b09-bbd3-2c3ec3baa173@group-A66214836B76-LeaderElection68] INFO  impl.LeaderElection (LeaderElection.java:logAndReturn(56)) - 681d2a6a-aa23-4b09-bbd3-2c3ec3baa173@group-A66214836B76-LeaderElection68: Election PASSED; received 2 response(s) [681d2a6a-aa23-4b09-bbd3-2c3ec3baa173<-0644b46a-449b-474c-8eef-e7918f21bfdf#0:OK-t1, 681d2a6a-aa23-4b09-bbd3-2c3ec3baa173<-11c84197-d83d-4072-8fdb-43676bb55242#0:FAIL-t1] and 0 exception(s); 681d2a6a-aa23-4b09-bbd3-2c3ec3baa173@group-A66214836B76:t1, leader=null, voted=681d2a6a-aa23-4b09-bbd3-2c3ec3baa173, raftlog=681d2a6a-aa23-4b09-bbd3-2c3ec3baa173@group-A66214836B76-SegmentedRaftLog:OPENED:c-1,f-1,i0, conf=-1: [681d2a6a-aa23-4b09-bbd3-2c3ec3baa173:192.168.30.18:44355, 0644b46a-449b-474c-8eef-e7918f21bfdf:192.168.30.18:34675, 11c84197-d83d-4072-8fdb-43676bb55242:192.168.30.18:33686], old=null
2019-10-01 07:15:26,940 [11c84197-d83d-4072-8fdb-43676bb55242@group-A66214836B76-LeaderElection69] INFO  impl.RaftServerImpl (RaftServerImpl.java:setRole(170)) - 11c84197-d83d-4072-8fdb-43676bb55242@group-A66214836B76: changes role from CANDIDATE to FOLLOWER at term 1 for DISCOVERED_A_NEW_TERM
2019-10-01 07:15:26,943 [11c84197-d83d-4072-8fdb-43676bb55242@group-A66214836B76-LeaderElection69] INFO  impl.RoleInfo (RoleInfo.java:shutdownLeaderElection(134)) - 11c84197-d83d-4072-8fdb-43676bb55242: shutdown LeaderElection
2019-10-01 07:15:26,940 [681d2a6a-aa23-4b09-bbd3-2c3ec3baa173@group-A66214836B76-LeaderElection68] INFO  impl.RoleInfo (RoleInfo.java:shutdownLeaderElection(134)) - 681d2a6a-aa23-4b09-bbd3-2c3ec3baa173: shutdown LeaderElection
2019-10-01 07:15:26,947 [681d2a6a-aa23-4b09-bbd3-2c3ec3baa173@group-A66214836B76-LeaderElection68] INFO  impl.RaftServerImpl (RaftServerImpl.java:setRole(170)) - 681d2a6a-aa23-4b09-bbd3-2c3ec3baa173@group-A66214836B76: changes role from CANDIDATE to LEADER at term 1 for changeToLeader
2019-10-01 07:15:26,947 [681d2a6a-aa23-4b09-bbd3-2c3ec3baa173@group-A66214836B76-LeaderElection68] INFO  impl.RaftServerImpl (ServerState.java:setLeader(255)) - 681d2a6a-aa23-4b09-bbd3-2c3ec3baa173@group-A66214836B76: change Leader from null to 681d2a6a-aa23-4b09-bbd3-2c3ec3baa173 at term 1 for becomeLeader, leader elected after 5224ms
2019-10-01 07:15:26,947 [11c84197-d83d-4072-8fdb-43676bb55242@group-A66214836B76-LeaderElection69] INFO  impl.RoleInfo (RoleInfo.java:updateAndGet(143)) - 11c84197-d83d-4072-8fdb-43676bb55242: start FollowerState
2019-10-01 07:15:26,947 [681d2a6a-aa23-4b09-bbd3-2c3ec3baa173@group-A66214836B76-LeaderElection68] INFO  server.RaftServerConfigKeys (ConfUtils.java:logGet(43)) - raft.server.staging.catchup.gap = 1000 (default)
2019-10-01 07:15:26,947 [681d2a6a-aa23-4b09-bbd3-2c3ec3baa173@group-A66214836B76-LeaderElection68] INFO  server.RaftServerConfigKeys (ConfUtils.java:logGet(43)) - raft.server.rpc.sleep.time = 25ms (default)
2019-10-01 07:15:26,947 [681d2a6a-aa23-4b09-bbd3-2c3ec3baa173@group-A66214836B76-LeaderElection68] INFO  server.RaftServerConfigKeys (ConfUtils.java:logGet(43)) - raft.server.write.element-limit = 4096 (default)
2019-10-01 07:15:26,947 [681d2a6a-aa23-4b09-bbd3-2c3ec3baa173@group-A66214836B76-LeaderElection68] INFO  server.RaftServerConfigKeys (ConfUtils.java:logGet(43)) - raft.server.watch.timeout = 10s (default)
2019-10-01 07:15:26,947 [681d2a6a-aa23-4b09-bbd3-2c3ec3baa173@group-A66214836B76-LeaderElection68] INFO  server.RaftServerConfigKeys (ConfUtils.java:logGet(43)) - raft.server.watch.timeout.denomination = 1s (default)
2019-10-01 07:15:26,948 [681d2a6a-aa23-4b09-bbd3-2c3ec3baa173@group-A66214836B76-LeaderElection68] INFO  server.RaftServerConfigKeys (ConfUtils.java:logGet(43)) - raft.server.watch.element-limit = 65536 (default)
2019-10-01 07:15:26,949 [681d2a6a-aa23-4b09-bbd3-2c3ec3baa173@group-A66214836B76-LeaderElection68] INFO  server.RaftServerConfigKeys (ConfUtils.java:logGet(43)) - raft.server.log.appender.snapshot.chunk.size.max = 16MB (=16777216) (default)
2019-10-01 07:15:26,949 [681d2a6a-aa23-4b09-bbd3-2c3ec3baa173@group-A66214836B76-LeaderElection68] INFO  server.RaftServerConfigKeys (ConfUtils.java:logGet(43)) - raft.server.log.appender.buffer.byte-limit = 33554432 (custom)
2019-10-01 07:15:26,949 [681d2a6a-aa23-4b09-bbd3-2c3ec3baa173@group-A66214836B76-LeaderElection68] INFO  server.RaftServerConfigKeys (ConfUtils.java:logGet(43)) - raft.server.log.appender.buffer.element-limit = 1 (custom)
2019-10-01 07:15:26,949 [681d2a6a-aa23-4b09-bbd3-2c3ec3baa173@group-A66214836B76-LeaderElection68] INFO  grpc.GrpcConfigKeys$Server (ConfUtils.java:logGet(43)) - raft.grpc.server.leader.outstanding.appends.max = 128 (default)
2019-10-01 07:15:26,949 [681d2a6a-aa23-4b09-bbd3-2c3ec3baa173@group-A66214836B76-LeaderElection68] INFO  server.RaftServerConfigKeys (ConfUtils.java:logGet(43)) - raft.server.rpc.request.timeout = 3000ms (default)
2019-10-01 07:15:26,950 [681d2a6a-aa23-4b09-bbd3-2c3ec3baa173@group-A66214836B76-LeaderElection68] INFO  server.RaftServerConfigKeys (ConfUtils.java:logGet(43)) - raft.server.log.appender.install.snapshot.enabled = false (custom)
2019-10-01 07:15:26,950 [681d2a6a-aa23-4b09-bbd3-2c3ec3baa173@group-A66214836B76-LeaderElection68] INFO  server.RaftServerConfigKeys (ConfUtils.java:logGet(43)) - raft.server.log.appender.snapshot.chunk.size.max = 16MB (=16777216) (default)
2019-10-01 07:15:26,950 [681d2a6a-aa23-4b09-bbd3-2c3ec3baa173@group-A66214836B76-LeaderElection68] INFO  server.RaftServerConfigKeys (ConfUtils.java:logGet(43)) - raft.server.log.appender.buffer.byte-limit = 33554432 (custom)
2019-10-01 07:15:26,950 [681d2a6a-aa23-4b09-bbd3-2c3ec3baa173@group-A66214836B76-LeaderElection68] INFO  server.RaftServerConfigKeys (ConfUtils.java:logGet(43)) - raft.server.log.appender.buffer.element-limit = 1 (custom)
2019-10-01 07:15:26,950 [681d2a6a-aa23-4b09-bbd3-2c3ec3baa173@group-A66214836B76-LeaderElection68] INFO  grpc.GrpcConfigKeys$Server (ConfUtils.java:logGet(43)) - raft.grpc.server.leader.outstanding.appends.max = 128 (default)
2019-10-01 07:15:26,950 [681d2a6a-aa23-4b09-bbd3-2c3ec3baa173@group-A66214836B76-LeaderElection68] INFO  server.RaftServerConfigKeys (ConfUtils.java:logGet(43)) - raft.server.rpc.request.timeout = 3000ms (default)
2019-10-01 07:15:26,950 [681d2a6a-aa23-4b09-bbd3-2c3ec3baa173@group-A66214836B76-LeaderElection68] INFO  server.RaftServerConfigKeys (ConfUtils.java:logGet(43)) - raft.server.log.appender.install.snapshot.enabled = false (custom)
2019-10-01 07:15:26,951 [681d2a6a-aa23-4b09-bbd3-2c3ec3baa173@group-A66214836B76-LeaderElection68] INFO  impl.RoleInfo (RoleInfo.java:updateAndGet(143)) - 681d2a6a-aa23-4b09-bbd3-2c3ec3baa173: start LeaderState
2019-10-01 07:15:26,951 [681d2a6a-aa23-4b09-bbd3-2c3ec3baa173@group-A66214836B76-LeaderElection68] INFO  segmented.SegmentedRaftLogWorker (SegmentedRaftLogWorker.java:startLogSegment(385)) - 681d2a6a-aa23-4b09-bbd3-2c3ec3baa173@group-A66214836B76-SegmentedRaftLogWorker: Starting segment from index:0
2019-10-01 07:15:26,952 [681d2a6a-aa23-4b09-bbd3-2c3ec3baa173@group-A66214836B76-LeaderElection68] INFO  impl.RaftServerImpl (ServerState.java:setRaftConf(356)) - 681d2a6a-aa23-4b09-bbd3-2c3ec3baa173@group-A66214836B76: set configuration 0: [681d2a6a-aa23-4b09-bbd3-2c3ec3baa173:192.168.30.18:44355, 0644b46a-449b-474c-8eef-e7918f21bfdf:192.168.30.18:34675, 11c84197-d83d-4072-8fdb-43676bb55242:192.168.30.18:33686], old=null at 0
2019-10-01 07:15:26,952 [grpc-default-executor-9] INFO  impl.RaftServerImpl (ServerState.java:setLeader(255)) - 0644b46a-449b-474c-8eef-e7918f21bfdf@group-A66214836B76: change Leader from null to 681d2a6a-aa23-4b09-bbd3-2c3ec3baa173 at term 1 for appendEntries, leader elected after 5230ms
2019-10-01 07:15:26,953 [grpc-default-executor-11] INFO  impl.RaftServerImpl (ServerState.java:setLeader(255)) - 11c84197-d83d-4072-8fdb-43676bb55242@group-A66214836B76: change Leader from null to 681d2a6a-aa23-4b09-bbd3-2c3ec3baa173 at term 1 for appendEntries, leader elected after 5231ms
2019-10-01 07:15:26,954 [grpc-default-executor-11] INFO  impl.RaftServerImpl (ServerState.java:setRaftConf(356)) - 0644b46a-449b-474c-8eef-e7918f21bfdf@group-A66214836B76: set configuration 0: [681d2a6a-aa23-4b09-bbd3-2c3ec3baa173:192.168.30.18:44355, 0644b46a-449b-474c-8eef-e7918f21bfdf:192.168.30.18:34675, 11c84197-d83d-4072-8fdb-43676bb55242:192.168.30.18:33686], old=null at 0
2019-10-01 07:15:26,954 [grpc-default-executor-11] INFO  segmented.SegmentedRaftLogWorker (SegmentedRaftLogWorker.java:startLogSegment(385)) - 0644b46a-449b-474c-8eef-e7918f21bfdf@group-A66214836B76-SegmentedRaftLogWorker: Starting segment from index:0
2019-10-01 07:15:26,955 [grpc-default-executor-9] INFO  impl.RaftServerImpl (ServerState.java:setRaftConf(356)) - 11c84197-d83d-4072-8fdb-43676bb55242@group-A66214836B76: set configuration 0: [681d2a6a-aa23-4b09-bbd3-2c3ec3baa173:192.168.30.18:44355, 0644b46a-449b-474c-8eef-e7918f21bfdf:192.168.30.18:34675, 11c84197-d83d-4072-8fdb-43676bb55242:192.168.30.18:33686], old=null at 0
2019-10-01 07:15:26,955 [grpc-default-executor-9] INFO  segmented.SegmentedRaftLogWorker (SegmentedRaftLogWorker.java:startLogSegment(385)) - 11c84197-d83d-4072-8fdb-43676bb55242@group-A66214836B76-SegmentedRaftLogWorker: Starting segment from index:0
2019-10-01 07:15:27,004 [11c84197-d83d-4072-8fdb-43676bb55242@group-A66214836B76-SegmentedRaftLogWorker] INFO  segmented.SegmentedRaftLogWorker (SegmentedRaftLogWorker.java:execute(574)) - 11c84197-d83d-4072-8fdb-43676bb55242@group-A66214836B76-SegmentedRaftLogWorker: created new log segment /workdir/hadoop-ozone/integration-test/target/test-dir/MiniOzoneClusterImpl-2db916eb-b457-4fc6-8c12-ba4338359f32/datanode-6/data/ratis/8d161998-cb39-4784-a8e6-a66214836b76/current/log_inprogress_0
2019-10-01 07:15:27,005 [0644b46a-449b-474c-8eef-e7918f21bfdf@group-A66214836B76-SegmentedRaftLogWorker] INFO  segmented.SegmentedRaftLogWorker (SegmentedRaftLogWorker.java:execute(574)) - 0644b46a-449b-474c-8eef-e7918f21bfdf@group-A66214836B76-SegmentedRaftLogWorker: created new log segment /workdir/hadoop-ozone/integration-test/target/test-dir/MiniOzoneClusterImpl-2db916eb-b457-4fc6-8c12-ba4338359f32/datanode-3/data/ratis/8d161998-cb39-4784-a8e6-a66214836b76/current/log_inprogress_0
2019-10-01 07:15:27,005 [681d2a6a-aa23-4b09-bbd3-2c3ec3baa173@group-A66214836B76-SegmentedRaftLogWorker] INFO  segmented.SegmentedRaftLogWorker (SegmentedRaftLogWorker.java:execute(574)) - 681d2a6a-aa23-4b09-bbd3-2c3ec3baa173@group-A66214836B76-SegmentedRaftLogWorker: created new log segment /workdir/hadoop-ozone/integration-test/target/test-dir/MiniOzoneClusterImpl-2db916eb-b457-4fc6-8c12-ba4338359f32/datanode-5/data/ratis/8d161998-cb39-4784-a8e6-a66214836b76/current/log_inprogress_0
2019-10-01 07:15:28,815 [Datanode State Machine Thread - 0] INFO  statemachine.DatanodeStateMachine (DatanodeStateMachine.java:lambda$startDaemon$0(350)) - Ozone container server started.
2019-10-01 07:15:32,896 [EventQueue-StaleNodeForStaleNodeHandler] INFO  node.StaleNodeHandler (StaleNodeHandler.java:onMessage(58)) - Datanode 779648de-c350-4e40-bb84-f82694d468ec{ip: 192.168.30.18, host: pr-hdds-1984-bsjj8-3390809720, networkLocation: /default-rack, certSerialId: null} moved to stale state. Finalizing its pipelines [PipelineID=61ce6f8a-43bf-4471-a0a2-8c7e2b8a8054, PipelineID=b06fc9ad-88e6-43c1-b1dd-b9d33a6aa599]
2019-10-01 07:15:32,897 [EventQueue-StaleNodeForStaleNodeHandler] INFO  pipeline.SCMPipelineManager (SCMPipelineManager.java:finalizeAndDestroyPipeline(315)) - destroying pipeline:Pipeline[ Id: 61ce6f8a-43bf-4471-a0a2-8c7e2b8a8054, Nodes: 779648de-c350-4e40-bb84-f82694d468ec{ip: 192.168.30.18, host: pr-hdds-1984-bsjj8-3390809720, networkLocation: /default-rack, certSerialId: null}, Type:RATIS, Factor:ONE, State:OPEN]
2019-10-01 07:15:32,897 [EventQueue-StaleNodeForStaleNodeHandler] INFO  pipeline.PipelineStateManager (PipelineStateManager.java:finalizePipeline(123)) - Pipeline Pipeline[ Id: 61ce6f8a-43bf-4471-a0a2-8c7e2b8a8054, Nodes: 779648de-c350-4e40-bb84-f82694d468ec{ip: 192.168.30.18, host: pr-hdds-1984-bsjj8-3390809720, networkLocation: /default-rack, certSerialId: null}, Type:RATIS, Factor:ONE, State:CLOSED] moved to CLOSED state
2019-10-01 07:15:32,898 [EventQueue-StaleNodeForStaleNodeHandler] INFO  pipeline.SCMPipelineManager (SCMPipelineManager.java:finalizeAndDestroyPipeline(315)) - destroying pipeline:Pipeline[ Id: b06fc9ad-88e6-43c1-b1dd-b9d33a6aa599, Nodes: 779648de-c350-4e40-bb84-f82694d468ec{ip: 192.168.30.18, host: pr-hdds-1984-bsjj8-3390809720, networkLocation: /default-rack, certSerialId: null}4028da6e-4371-40dd-ac3f-4caa9965859c{ip: 192.168.30.18, host: pr-hdds-1984-bsjj8-3390809720, networkLocation: /default-rack, certSerialId: null}4411321e-2142-48ef-9104-cebd18b9b25b{ip: 192.168.30.18, host: pr-hdds-1984-bsjj8-3390809720, networkLocation: /default-rack, certSerialId: null}, Type:RATIS, Factor:THREE, State:OPEN]
2019-10-01 07:15:32,898 [EventQueue-StaleNodeForStaleNodeHandler] INFO  pipeline.PipelineStateManager (PipelineStateManager.java:finalizePipeline(123)) - Pipeline Pipeline[ Id: b06fc9ad-88e6-43c1-b1dd-b9d33a6aa599, Nodes: 779648de-c350-4e40-bb84-f82694d468ec{ip: 192.168.30.18, host: pr-hdds-1984-bsjj8-3390809720, networkLocation: /default-rack, certSerialId: null}4028da6e-4371-40dd-ac3f-4caa9965859c{ip: 192.168.30.18, host: pr-hdds-1984-bsjj8-3390809720, networkLocation: /default-rack, certSerialId: null}4411321e-2142-48ef-9104-cebd18b9b25b{ip: 192.168.30.18, host: pr-hdds-1984-bsjj8-3390809720, networkLocation: /default-rack, certSerialId: null}, Type:RATIS, Factor:THREE, State:CLOSED] moved to CLOSED state
2019-10-01 07:15:32,899 [EventQueue-CloseContainerForCloseContainerEventHandler] INFO  container.CloseContainerEventHandler (CloseContainerEventHandler.java:onMessage(61)) - Close container Event triggered for container : #1
2019-10-01 07:15:33,187 [main] INFO  ozoneimpl.OzoneContainer (OzoneContainer.java:stop(231)) - Attempting to stop container services.
2019-10-01 07:15:33,191 [main] INFO  impl.RaftServerProxy (RaftServerProxy.java:lambda$close$4(314)) - 779648de-c350-4e40-bb84-f82694d468ec: close
2019-10-01 07:15:33,192 [main] INFO  impl.RaftServerImpl (RaftServerImpl.java:lambda$shutdown$3(247)) - 779648de-c350-4e40-bb84-f82694d468ec@group-8C7E2B8A8054: shutdown
2019-10-01 07:15:33,193 [main] INFO  util.JmxRegister (JmxRegister.java:unregister(73)) - Successfully un-registered JMX Bean with object name Ratis:service=RaftServer,group=group-8C7E2B8A8054,id=779648de-c350-4e40-bb84-f82694d468ec
2019-10-01 07:15:33,193 [main] INFO  impl.RoleInfo (RoleInfo.java:shutdownLeaderState(104)) - 779648de-c350-4e40-bb84-f82694d468ec: shutdown LeaderState
2019-10-01 07:15:33,194 [main] INFO  impl.PendingRequests (PendingRequests.java:sendNotLeaderResponses(202)) - 779648de-c350-4e40-bb84-f82694d468ec@group-8C7E2B8A8054-PendingRequests: sendNotLeaderResponses
2019-10-01 07:15:33,195 [main] INFO  impl.StateMachineUpdater (StateMachineUpdater.java:stopAndJoin(136)) - 779648de-c350-4e40-bb84-f82694d468ec@group-8C7E2B8A8054-StateMachineUpdater: set stopIndex = 0
2019-10-01 07:15:33,195 [main] INFO  impl.RaftServerImpl (ServerState.java:close(387)) - 779648de-c350-4e40-bb84-f82694d468ec@group-8C7E2B8A8054: closes. applyIndex: 0
2019-10-01 07:15:33,196 [779648de-c350-4e40-bb84-f82694d468ec@group-8C7E2B8A8054-SegmentedRaftLogWorker] INFO  segmented.SegmentedRaftLogWorker (SegmentedRaftLogWorker.java:run(316)) - 779648de-c350-4e40-bb84-f82694d468ec@group-8C7E2B8A8054-SegmentedRaftLogWorker was interrupted, exiting. There are 0 tasks remaining in the queue.
2019-10-01 07:15:33,210 [main] INFO  segmented.SegmentedRaftLogWorker (SegmentedRaftLogWorker.java:close(224)) - 779648de-c350-4e40-bb84-f82694d468ec@group-8C7E2B8A8054-SegmentedRaftLogWorker close()
2019-10-01 07:15:33,215 [main] INFO  impl.RaftServerImpl (RaftServerImpl.java:lambda$shutdown$3(247)) - 779648de-c350-4e40-bb84-f82694d468ec@group-B9D33A6AA599: shutdown
2019-10-01 07:15:33,216 [main] INFO  util.JmxRegister (JmxRegister.java:unregister(73)) - Successfully un-registered JMX Bean with object name Ratis:service=RaftServer,group=group-B9D33A6AA599,id=779648de-c350-4e40-bb84-f82694d468ec
2019-10-01 07:15:33,216 [main] INFO  impl.RoleInfo (RoleInfo.java:shutdownLeaderState(104)) - 779648de-c350-4e40-bb84-f82694d468ec: shutdown LeaderState
2019-10-01 07:15:33,222 [org.apache.ratis.server.impl.LogAppender$AppenderDaemon$$Lambda$531/1326274164@e550487] WARN  server.GrpcLogAppender (GrpcLogAppender.java:mayWait(143)) - 779648de-c350-4e40-bb84-f82694d468ec@group-B9D33A6AA599->4028da6e-4371-40dd-ac3f-4caa9965859c-GrpcLogAppender: Wait interrupted by java.lang.InterruptedException
2019-10-01 07:15:33,222 [org.apache.ratis.server.impl.LogAppender$AppenderDaemon$$Lambda$531/1326274164@30034d84] WARN  server.GrpcLogAppender (GrpcLogAppender.java:mayWait(143)) - 779648de-c350-4e40-bb84-f82694d468ec@group-B9D33A6AA599->4411321e-2142-48ef-9104-cebd18b9b25b-GrpcLogAppender: Wait interrupted by java.lang.InterruptedException
2019-10-01 07:15:33,222 [main] INFO  impl.PendingRequests (PendingRequests.java:sendNotLeaderResponses(202)) - 779648de-c350-4e40-bb84-f82694d468ec@group-B9D33A6AA599-PendingRequests: sendNotLeaderResponses
2019-10-01 07:15:33,227 [grpc-default-executor-11] INFO  server.GrpcServerProtocolService (GrpcServerProtocolService.java:onCompleted(113)) - 4411321e-2142-48ef-9104-cebd18b9b25b: Completed APPEND_ENTRIES, lastRequest: 779648de-c350-4e40-bb84-f82694d468ec->4411321e-2142-48ef-9104-cebd18b9b25b#19-t1, previous=(t:1, i:16), leaderCommit=16, initializing? false, entries: <empty>
2019-10-01 07:15:33,227 [grpc-default-executor-8] INFO  server.GrpcServerProtocolService (GrpcServerProtocolService.java:onCompleted(113)) - 4028da6e-4371-40dd-ac3f-4caa9965859c: Completed APPEND_ENTRIES, lastRequest: 779648de-c350-4e40-bb84-f82694d468ec->4028da6e-4371-40dd-ac3f-4caa9965859c#19-t1, previous=(t:1, i:16), leaderCommit=16, initializing? false, entries: <empty>
2019-10-01 07:15:33,228 [main] INFO  impl.StateMachineUpdater (StateMachineUpdater.java:stopAndJoin(136)) - 779648de-c350-4e40-bb84-f82694d468ec@group-B9D33A6AA599-StateMachineUpdater: set stopIndex = 16
2019-10-01 07:15:33,228 [779648de-c350-4e40-bb84-f82694d468ec@group-B9D33A6AA599-StateMachineUpdater] INFO  ratis.ContainerStateMachine (ContainerStateMachine.java:takeSnapshot(289)) - group-B9D33A6AA599: Taking a snapshot at:(t:1, i:14) file /workdir/hadoop-ozone/integration-test/target/test-dir/MiniOzoneClusterImpl-2db916eb-b457-4fc6-8c12-ba4338359f32/datanode-2/data/ratis/b06fc9ad-88e6-43c1-b1dd-b9d33a6aa599/sm/snapshot.1_14
2019-10-01 07:15:33,228 [grpc-default-executor-9] INFO  server.GrpcLogAppender (GrpcLogAppender.java:onCompleted(293)) - 779648de-c350-4e40-bb84-f82694d468ec@group-B9D33A6AA599->4411321e-2142-48ef-9104-cebd18b9b25b-AppendLogResponseHandler: follower responses appendEntries COMPLETED
2019-10-01 07:15:33,229 [grpc-default-executor-8] INFO  server.GrpcLogAppender (GrpcLogAppender.java:onCompleted(293)) - 779648de-c350-4e40-bb84-f82694d468ec@group-B9D33A6AA599->4028da6e-4371-40dd-ac3f-4caa9965859c-AppendLogResponseHandler: follower responses appendEntries COMPLETED
2019-10-01 07:15:33,230 [grpc-default-executor-9] INFO  impl.FollowerInfo (FollowerInfo.java:lambda$new$0(51)) - 779648de-c350-4e40-bb84-f82694d468ec@group-B9D33A6AA599->4411321e-2142-48ef-9104-cebd18b9b25b: nextIndex: updateUnconditionally 17 -> 16
2019-10-01 07:15:33,230 [grpc-default-executor-8] INFO  impl.FollowerInfo (FollowerInfo.java:lambda$new$0(51)) - 779648de-c350-4e40-bb84-f82694d468ec@group-B9D33A6AA599->4028da6e-4371-40dd-ac3f-4caa9965859c: nextIndex: updateUnconditionally 17 -> 16
2019-10-01 07:15:33,253 [779648de-c350-4e40-bb84-f82694d468ec@group-B9D33A6AA599-StateMachineUpdater] INFO  ratis.ContainerStateMachine (ContainerStateMachine.java:takeSnapshot(300)) - group-B9D33A6AA599: Finished taking a snapshot at:(t:1, i:14) file:/workdir/hadoop-ozone/integration-test/target/test-dir/MiniOzoneClusterImpl-2db916eb-b457-4fc6-8c12-ba4338359f32/datanode-2/data/ratis/b06fc9ad-88e6-43c1-b1dd-b9d33a6aa599/sm/snapshot.1_14 time:25
2019-10-01 07:15:33,254 [779648de-c350-4e40-bb84-f82694d468ec@group-B9D33A6AA599-StateMachineUpdater] INFO  impl.StateMachineUpdater (StateMachineUpdater.java:takeSnapshot(269)) - 779648de-c350-4e40-bb84-f82694d468ec@group-B9D33A6AA599-StateMachineUpdater: Took a snapshot at index 14
2019-10-01 07:15:33,254 [779648de-c350-4e40-bb84-f82694d468ec@group-B9D33A6AA599-StateMachineUpdater] INFO  impl.StateMachineUpdater (StateMachineUpdater.java:lambda$new$0(84)) - 779648de-c350-4e40-bb84-f82694d468ec@group-B9D33A6AA599-StateMachineUpdater: snapshotIndex: updateIncreasingly -1 -> 14
2019-10-01 07:15:33,254 [779648de-c350-4e40-bb84-f82694d468ec@group-B9D33A6AA599-StateMachineUpdater] INFO  ratis.ContainerStateMachine (ContainerStateMachine.java:takeSnapshot(289)) - group-B9D33A6AA599: Taking a snapshot at:(t:1, i:14) file /workdir/hadoop-ozone/integration-test/target/test-dir/MiniOzoneClusterImpl-2db916eb-b457-4fc6-8c12-ba4338359f32/datanode-2/data/ratis/b06fc9ad-88e6-43c1-b1dd-b9d33a6aa599/sm/snapshot.1_14
2019-10-01 07:15:33,275 [779648de-c350-4e40-bb84-f82694d468ec@group-B9D33A6AA599-StateMachineUpdater] INFO  ratis.ContainerStateMachine (ContainerStateMachine.java:takeSnapshot(300)) - group-B9D33A6AA599: Finished taking a snapshot at:(t:1, i:14) file:/workdir/hadoop-ozone/integration-test/target/test-dir/MiniOzoneClusterImpl-2db916eb-b457-4fc6-8c12-ba4338359f32/datanode-2/data/ratis/b06fc9ad-88e6-43c1-b1dd-b9d33a6aa599/sm/snapshot.1_14 time:21
2019-10-01 07:15:33,275 [779648de-c350-4e40-bb84-f82694d468ec@group-B9D33A6AA599-StateMachineUpdater] INFO  impl.StateMachineUpdater (StateMachineUpdater.java:takeSnapshot(269)) - 779648de-c350-4e40-bb84-f82694d468ec@group-B9D33A6AA599-StateMachineUpdater: Took a snapshot at index 14
2019-10-01 07:15:33,275 [779648de-c350-4e40-bb84-f82694d468ec@group-B9D33A6AA599-StateMachineUpdater] INFO  impl.StateMachineUpdater (StateMachineUpdater.java:lambda$new$0(84)) - 779648de-c350-4e40-bb84-f82694d468ec@group-B9D33A6AA599-StateMachineUpdater: snapshotIndex: updateIncreasingly 14 -> 14
2019-10-01 07:15:33,276 [main] INFO  impl.RaftServerImpl (ServerState.java:close(387)) - 779648de-c350-4e40-bb84-f82694d468ec@group-B9D33A6AA599: closes. applyIndex: 16
2019-10-01 07:15:33,277 [779648de-c350-4e40-bb84-f82694d468ec@group-B9D33A6AA599-SegmentedRaftLogWorker] INFO  segmented.SegmentedRaftLogWorker (SegmentedRaftLogWorker.java:run(316)) - 779648de-c350-4e40-bb84-f82694d468ec@group-B9D33A6AA599-SegmentedRaftLogWorker was interrupted, exiting. There are 0 tasks remaining in the queue.
2019-10-01 07:15:33,280 [main] INFO  segmented.SegmentedRaftLogWorker (SegmentedRaftLogWorker.java:close(224)) - 779648de-c350-4e40-bb84-f82694d468ec@group-B9D33A6AA599-SegmentedRaftLogWorker close()
2019-10-01 07:15:33,283 [main] INFO  server.GrpcService (GrpcService.java:closeImpl(164)) - 779648de-c350-4e40-bb84-f82694d468ec: shutdown server with port 41009 now
2019-10-01 07:15:33,284 [grpc-default-executor-9] WARN  client.GrpcClientProtocolService (LogUtils.java:warn(134)) - 3-UnorderedRequestStreamObserver3: onError: org.apache.ratis.thirdparty.io.grpc.StatusRuntimeException: CANCELLED: cancelled before receiving half close
2019-10-01 07:15:33,285 [main] INFO  server.GrpcService (GrpcService.java:closeImpl(172)) - 779648de-c350-4e40-bb84-f82694d468ec: shutdown server with port 41009 successfully
2019-10-01 07:15:33,290 [refreshUsed-/workdir/hadoop-ozone/integration-test/target/test-dir/MiniOzoneClusterImpl-2db916eb-b457-4fc6-8c12-ba4338359f32/datanode-2/data/containers] WARN  fs.CachingGetSpaceUsed (CachingGetSpaceUsed.java:run(183)) - Thread Interrupted waiting to refresh disk information: sleep interrupted
2019-10-01 07:15:33,306 [main] INFO  utils.BackgroundService (BackgroundService.java:shutdown(148)) - Shutting down service BlockDeletingService
2019-10-01 07:15:33,312 [main] INFO  statemachine.DatanodeStateMachine (DatanodeStateMachine.java:stopDaemon(395)) - Ozone container server stopped.
2019-10-01 07:15:33,313 [main] INFO  handler.ContextHandler (ContextHandler.java:doStop(910)) - Stopped o.e.j.w.WebAppContext@27f71195{/,null,UNAVAILABLE}{/hddsDatanode}
2019-10-01 07:15:33,314 [main] INFO  server.AbstractConnector (AbstractConnector.java:doStop(318)) - Stopped ServerConnector@340afaf8{HTTP/1.1,[http/1.1]}{0.0.0.0:0}
2019-10-01 07:15:33,315 [main] INFO  handler.ContextHandler (ContextHandler.java:doStop(910)) - Stopped o.e.j.s.ServletContextHandler@624b3544{/static,jar:file:/home/user/.m2/repository/org/apache/hadoop/hadoop-hdds-container-service/0.5.0-SNAPSHOT/hadoop-hdds-container-service-0.5.0-SNAPSHOT.jar!/webapps/static,UNAVAILABLE}
2019-10-01 07:15:33,315 [main] INFO  handler.ContextHandler (ContextHandler.java:doStop(910)) - Stopped o.e.j.s.ServletContextHandler@71531dd7{/logs,file:///workdir/hadoop-ozone/integration-test/target/log,UNAVAILABLE}
2019-10-01 07:15:42,183 [Thread-3125] INFO  impl.FollowerState (FollowerState.java:run(108)) - 4411321e-2142-48ef-9104-cebd18b9b25b@group-B9D33A6AA599-FollowerState: change to CANDIDATE, lastRpcTime:8996ms, electionTimeout:5143ms
2019-10-01 07:15:42,183 [Thread-3126] INFO  impl.FollowerState (FollowerState.java:run(108)) - 4028da6e-4371-40dd-ac3f-4caa9965859c@group-B9D33A6AA599-FollowerState: change to CANDIDATE, lastRpcTime:8997ms, electionTimeout:5181ms
2019-10-01 07:15:42,184 [Thread-3126] INFO  impl.RoleInfo (RoleInfo.java:shutdownFollowerState(121)) - 4028da6e-4371-40dd-ac3f-4caa9965859c: shutdown FollowerState
2019-10-01 07:15:42,184 [Thread-3125] INFO  impl.RoleInfo (RoleInfo.java:shutdownFollowerState(121)) - 4411321e-2142-48ef-9104-cebd18b9b25b: shutdown FollowerState
2019-10-01 07:15:42,184 [Thread-3126] INFO  impl.RaftServerImpl (RaftServerImpl.java:setRole(170)) - 4028da6e-4371-40dd-ac3f-4caa9965859c@group-B9D33A6AA599: changes role from  FOLLOWER to CANDIDATE at term 1 for changeToCandidate
2019-10-01 07:15:42,184 [Thread-3125] INFO  impl.RaftServerImpl (RaftServerImpl.java:setRole(170)) - 4411321e-2142-48ef-9104-cebd18b9b25b@group-B9D33A6AA599: changes role from  FOLLOWER to CANDIDATE at term 1 for changeToCandidate
2019-10-01 07:15:42,184 [Thread-3126] INFO  impl.RoleInfo (RoleInfo.java:updateAndGet(143)) - 4028da6e-4371-40dd-ac3f-4caa9965859c: start LeaderElection
2019-10-01 07:15:42,184 [Thread-3125] INFO  impl.RoleInfo (RoleInfo.java:updateAndGet(143)) - 4411321e-2142-48ef-9104-cebd18b9b25b: start LeaderElection
2019-10-01 07:15:42,189 [4028da6e-4371-40dd-ac3f-4caa9965859c@group-B9D33A6AA599-LeaderElection70] INFO  impl.RaftServerImpl (ServerState.java:setLeader(255)) - 4028da6e-4371-40dd-ac3f-4caa9965859c@group-B9D33A6AA599: change Leader from 779648de-c350-4e40-bb84-f82694d468ec to null at term 1 for initElection
2019-10-01 07:15:42,189 [4411321e-2142-48ef-9104-cebd18b9b25b@group-B9D33A6AA599-LeaderElection71] INFO  impl.RaftServerImpl (ServerState.java:setLeader(255)) - 4411321e-2142-48ef-9104-cebd18b9b25b@group-B9D33A6AA599: change Leader from 779648de-c350-4e40-bb84-f82694d468ec to null at term 1 for initElection
2019-10-01 07:15:42,216 [4028da6e-4371-40dd-ac3f-4caa9965859c@group-B9D33A6AA599-LeaderElection70] INFO  impl.LeaderElection (LeaderElection.java:askForVotes(178)) - 4028da6e-4371-40dd-ac3f-4caa9965859c@group-B9D33A6AA599-LeaderElection70: begin an election at term 2 for 0: [4028da6e-4371-40dd-ac3f-4caa9965859c:192.168.30.18:33581, 4411321e-2142-48ef-9104-cebd18b9b25b:192.168.30.18:44112, 779648de-c350-4e40-bb84-f82694d468ec:192.168.30.18:41009], old=null
2019-10-01 07:15:42,216 [4411321e-2142-48ef-9104-cebd18b9b25b@group-B9D33A6AA599-LeaderElection71] INFO  impl.LeaderElection (LeaderElection.java:askForVotes(178)) - 4411321e-2142-48ef-9104-cebd18b9b25b@group-B9D33A6AA599-LeaderElection71: begin an election at term 2 for 0: [4028da6e-4371-40dd-ac3f-4caa9965859c:192.168.30.18:33581, 4411321e-2142-48ef-9104-cebd18b9b25b:192.168.30.18:44112, 779648de-c350-4e40-bb84-f82694d468ec:192.168.30.18:41009], old=null
2019-10-01 07:15:42,218 [4028da6e-4371-40dd-ac3f-4caa9965859c@group-B9D33A6AA599-LeaderElection70] INFO  impl.LeaderElection (LogUtils.java:infoOrTrace(149)) - 4028da6e-4371-40dd-ac3f-4caa9965859c@group-B9D33A6AA599-LeaderElection70 got exception when requesting votes: {}
java.util.concurrent.ExecutionException: org.apache.ratis.thirdparty.io.grpc.StatusRuntimeException: UNAVAILABLE: io exception
	at java.util.concurrent.FutureTask.report(FutureTask.java:122)
	at java.util.concurrent.FutureTask.get(FutureTask.java:192)
	at org.apache.ratis.server.impl.LeaderElection.waitForResults(LeaderElection.java:259)
	at org.apache.ratis.server.impl.LeaderElection.askForVotes(LeaderElection.java:197)
	at org.apache.ratis.server.impl.LeaderElection.run(LeaderElection.java:133)
	at java.lang.Thread.run(Thread.java:748)
Caused by: org.apache.ratis.thirdparty.io.grpc.StatusRuntimeException: UNAVAILABLE: io exception
	at org.apache.ratis.thirdparty.io.grpc.stub.ClientCalls.toStatusRuntimeException(ClientCalls.java:233)
	at org.apache.ratis.thirdparty.io.grpc.stub.ClientCalls.getUnchecked(ClientCalls.java:214)
	at org.apache.ratis.thirdparty.io.grpc.stub.ClientCalls.blockingUnaryCall(ClientCalls.java:139)
	at org.apache.ratis.proto.grpc.RaftServerProtocolServiceGrpc$RaftServerProtocolServiceBlockingStub.requestVote(RaftServerProtocolServiceGrpc.java:265)
	at org.apache.ratis.grpc.server.GrpcServerProtocolClient.requestVote(GrpcServerProtocolClient.java:99)
	at org.apache.ratis.grpc.server.GrpcService.requestVote(GrpcService.java:204)
	at org.apache.ratis.server.impl.LeaderElection.lambda$submitRequests$1(LeaderElection.java:234)
	at java.util.concurrent.FutureTask.run(FutureTask.java:266)
	at java.util.concurrent.Executors$RunnableAdapter.call(Executors.java:511)
	at java.util.concurrent.FutureTask.run(FutureTask.java:266)
	at java.util.concurrent.ThreadPoolExecutor.runWorker(ThreadPoolExecutor.java:1149)
	at java.util.concurrent.ThreadPoolExecutor$Worker.run(ThreadPoolExecutor.java:624)
	... 1 more
Caused by: org.apache.ratis.thirdparty.io.netty.channel.AbstractChannel$AnnotatedConnectException: Connection refused: /192.168.30.18:41009
	at sun.nio.ch.SocketChannelImpl.checkConnect(Native Method)
	at sun.nio.ch.SocketChannelImpl.finishConnect(SocketChannelImpl.java:717)
	at org.apache.ratis.thirdparty.io.netty.channel.socket.nio.NioSocketChannel.doFinishConnect(NioSocketChannel.java:327)
	at org.apache.ratis.thirdparty.io.netty.channel.nio.AbstractNioChannel$AbstractNioUnsafe.finishConnect(AbstractNioChannel.java:340)
	at org.apache.ratis.thirdparty.io.netty.channel.nio.NioEventLoop.processSelectedKey(NioEventLoop.java:632)
	at org.apache.ratis.thirdparty.io.netty.channel.nio.NioEventLoop.processSelectedKeysOptimized(NioEventLoop.java:579)
	at org.apache.ratis.thirdparty.io.netty.channel.nio.NioEventLoop.processSelectedKeys(NioEventLoop.java:496)
	at org.apache.ratis.thirdparty.io.netty.channel.nio.NioEventLoop.run(NioEventLoop.java:458)
	at org.apache.ratis.thirdparty.io.netty.util.concurrent.SingleThreadEventExecutor$5.run(SingleThreadEventExecutor.java:897)
	at org.apache.ratis.thirdparty.io.netty.util.concurrent.FastThreadLocalRunnable.run(FastThreadLocalRunnable.java:30)
	... 1 more
Caused by: java.net.ConnectException: Connection refused
	... 11 more
2019-10-01 07:15:42,218 [4411321e-2142-48ef-9104-cebd18b9b25b@group-B9D33A6AA599-LeaderElection71] INFO  impl.LeaderElection (LogUtils.java:infoOrTrace(149)) - 4411321e-2142-48ef-9104-cebd18b9b25b@group-B9D33A6AA599-LeaderElection71 got exception when requesting votes: {}
java.util.concurrent.ExecutionException: org.apache.ratis.thirdparty.io.grpc.StatusRuntimeException: UNAVAILABLE: io exception
	at java.util.concurrent.FutureTask.report(FutureTask.java:122)
	at java.util.concurrent.FutureTask.get(FutureTask.java:192)
	at org.apache.ratis.server.impl.LeaderElection.waitForResults(LeaderElection.java:259)
	at org.apache.ratis.server.impl.LeaderElection.askForVotes(LeaderElection.java:197)
	at org.apache.ratis.server.impl.LeaderElection.run(LeaderElection.java:133)
	at java.lang.Thread.run(Thread.java:748)
Caused by: org.apache.ratis.thirdparty.io.grpc.StatusRuntimeException: UNAVAILABLE: io exception
	at org.apache.ratis.thirdparty.io.grpc.stub.ClientCalls.toStatusRuntimeException(ClientCalls.java:233)
	at org.apache.ratis.thirdparty.io.grpc.stub.ClientCalls.getUnchecked(ClientCalls.java:214)
	at org.apache.ratis.thirdparty.io.grpc.stub.ClientCalls.blockingUnaryCall(ClientCalls.java:139)
	at org.apache.ratis.proto.grpc.RaftServerProtocolServiceGrpc$RaftServerProtocolServiceBlockingStub.requestVote(RaftServerProtocolServiceGrpc.java:265)
	at org.apache.ratis.grpc.server.GrpcServerProtocolClient.requestVote(GrpcServerProtocolClient.java:99)
	at org.apache.ratis.grpc.server.GrpcService.requestVote(GrpcService.java:204)
	at org.apache.ratis.server.impl.LeaderElection.lambda$submitRequests$1(LeaderElection.java:234)
	at java.util.concurrent.FutureTask.run(FutureTask.java:266)
	at java.util.concurrent.Executors$RunnableAdapter.call(Executors.java:511)
	at java.util.concurrent.FutureTask.run(FutureTask.java:266)
	at java.util.concurrent.ThreadPoolExecutor.runWorker(ThreadPoolExecutor.java:1149)
	at java.util.concurrent.ThreadPoolExecutor$Worker.run(ThreadPoolExecutor.java:624)
	... 1 more
Caused by: org.apache.ratis.thirdparty.io.netty.channel.AbstractChannel$AnnotatedConnectException: Connection refused: /192.168.30.18:41009
	at sun.nio.ch.SocketChannelImpl.checkConnect(Native Method)
	at sun.nio.ch.SocketChannelImpl.finishConnect(SocketChannelImpl.java:717)
	at org.apache.ratis.thirdparty.io.netty.channel.socket.nio.NioSocketChannel.doFinishConnect(NioSocketChannel.java:327)
	at org.apache.ratis.thirdparty.io.netty.channel.nio.AbstractNioChannel$AbstractNioUnsafe.finishConnect(AbstractNioChannel.java:340)
	at org.apache.ratis.thirdparty.io.netty.channel.nio.NioEventLoop.processSelectedKey(NioEventLoop.java:632)
	at org.apache.ratis.thirdparty.io.netty.channel.nio.NioEventLoop.processSelectedKeysOptimized(NioEventLoop.java:579)
	at org.apache.ratis.thirdparty.io.netty.channel.nio.NioEventLoop.processSelectedKeys(NioEventLoop.java:496)
	at org.apache.ratis.thirdparty.io.netty.channel.nio.NioEventLoop.run(NioEventLoop.java:458)
	at org.apache.ratis.thirdparty.io.netty.util.concurrent.SingleThreadEventExecutor$5.run(SingleThreadEventExecutor.java:897)
	at org.apache.ratis.thirdparty.io.netty.util.concurrent.FastThreadLocalRunnable.run(FastThreadLocalRunnable.java:30)
	... 1 more
Caused by: java.net.ConnectException: Connection refused
	... 11 more
2019-10-01 07:15:42,231 [4411321e-2142-48ef-9104-cebd18b9b25b@group-B9D33A6AA599-LeaderElection71] INFO  impl.LeaderElection (LeaderElection.java:logAndReturn(56)) - 4411321e-2142-48ef-9104-cebd18b9b25b@group-B9D33A6AA599-LeaderElection71: Election REJECTED; received 1 response(s) [4411321e-2142-48ef-9104-cebd18b9b25b<-4028da6e-4371-40dd-ac3f-4caa9965859c#0:FAIL-t2] and 1 exception(s); 4411321e-2142-48ef-9104-cebd18b9b25b@group-B9D33A6AA599:t2, leader=null, voted=4411321e-2142-48ef-9104-cebd18b9b25b, raftlog=4411321e-2142-48ef-9104-cebd18b9b25b@group-B9D33A6AA599-SegmentedRaftLog:OPENED:c16,f16,i16, conf=0: [4028da6e-4371-40dd-ac3f-4caa9965859c:192.168.30.18:33581, 4411321e-2142-48ef-9104-cebd18b9b25b:192.168.30.18:44112, 779648de-c350-4e40-bb84-f82694d468ec:192.168.30.18:41009], old=null
2019-10-01 07:15:42,231 [4028da6e-4371-40dd-ac3f-4caa9965859c@group-B9D33A6AA599-LeaderElection70] INFO  impl.LeaderElection (LeaderElection.java:logAndReturn(56)) - 4028da6e-4371-40dd-ac3f-4caa9965859c@group-B9D33A6AA599-LeaderElection70: Election REJECTED; received 1 response(s) [4028da6e-4371-40dd-ac3f-4caa9965859c<-4411321e-2142-48ef-9104-cebd18b9b25b#0:FAIL-t2] and 1 exception(s); 4028da6e-4371-40dd-ac3f-4caa9965859c@group-B9D33A6AA599:t2, leader=null, voted=4028da6e-4371-40dd-ac3f-4caa9965859c, raftlog=4028da6e-4371-40dd-ac3f-4caa9965859c@group-B9D33A6AA599-SegmentedRaftLog:OPENED:c16,f16,i16, conf=0: [4028da6e-4371-40dd-ac3f-4caa9965859c:192.168.30.18:33581, 4411321e-2142-48ef-9104-cebd18b9b25b:192.168.30.18:44112, 779648de-c350-4e40-bb84-f82694d468ec:192.168.30.18:41009], old=null
2019-10-01 07:15:42,231 [4411321e-2142-48ef-9104-cebd18b9b25b@group-B9D33A6AA599-LeaderElection71] INFO  impl.LeaderElection (LogUtils.java:infoOrTrace(149)) -   Exception 0: {}
java.util.concurrent.ExecutionException: org.apache.ratis.thirdparty.io.grpc.StatusRuntimeException: UNAVAILABLE: io exception
	at java.util.concurrent.FutureTask.report(FutureTask.java:122)
	at java.util.concurrent.FutureTask.get(FutureTask.java:192)
	at org.apache.ratis.server.impl.LeaderElection.waitForResults(LeaderElection.java:259)
	at org.apache.ratis.server.impl.LeaderElection.askForVotes(LeaderElection.java:197)
	at org.apache.ratis.server.impl.LeaderElection.run(LeaderElection.java:133)
	at java.lang.Thread.run(Thread.java:748)
Caused by: org.apache.ratis.thirdparty.io.grpc.StatusRuntimeException: UNAVAILABLE: io exception
	at org.apache.ratis.thirdparty.io.grpc.stub.ClientCalls.toStatusRuntimeException(ClientCalls.java:233)
	at org.apache.ratis.thirdparty.io.grpc.stub.ClientCalls.getUnchecked(ClientCalls.java:214)
	at org.apache.ratis.thirdparty.io.grpc.stub.ClientCalls.blockingUnaryCall(ClientCalls.java:139)
	at org.apache.ratis.proto.grpc.RaftServerProtocolServiceGrpc$RaftServerProtocolServiceBlockingStub.requestVote(RaftServerProtocolServiceGrpc.java:265)
	at org.apache.ratis.grpc.server.GrpcServerProtocolClient.requestVote(GrpcServerProtocolClient.java:99)
	at org.apache.ratis.grpc.server.GrpcService.requestVote(GrpcService.java:204)
	at org.apache.ratis.server.impl.LeaderElection.lambda$submitRequests$1(LeaderElection.java:234)
	at java.util.concurrent.FutureTask.run(FutureTask.java:266)
	at java.util.concurrent.Executors$RunnableAdapter.call(Executors.java:511)
	at java.util.concurrent.FutureTask.run(FutureTask.java:266)
	at java.util.concurrent.ThreadPoolExecutor.runWorker(ThreadPoolExecutor.java:1149)
	at java.util.concurrent.ThreadPoolExecutor$Worker.run(ThreadPoolExecutor.java:624)
	... 1 more
Caused by: org.apache.ratis.thirdparty.io.netty.channel.AbstractChannel$AnnotatedConnectException: Connection refused: /192.168.30.18:41009
	at sun.nio.ch.SocketChannelImpl.checkConnect(Native Method)
	at sun.nio.ch.SocketChannelImpl.finishConnect(SocketChannelImpl.java:717)
	at org.apache.ratis.thirdparty.io.netty.channel.socket.nio.NioSocketChannel.doFinishConnect(NioSocketChannel.java:327)
	at org.apache.ratis.thirdparty.io.netty.channel.nio.AbstractNioChannel$AbstractNioUnsafe.finishConnect(AbstractNioChannel.java:340)
	at org.apache.ratis.thirdparty.io.netty.channel.nio.NioEventLoop.processSelectedKey(NioEventLoop.java:632)
	at org.apache.ratis.thirdparty.io.netty.channel.nio.NioEventLoop.processSelectedKeysOptimized(NioEventLoop.java:579)
	at org.apache.ratis.thirdparty.io.netty.channel.nio.NioEventLoop.processSelectedKeys(NioEventLoop.java:496)
	at org.apache.ratis.thirdparty.io.netty.channel.nio.NioEventLoop.run(NioEventLoop.java:458)
	at org.apache.ratis.thirdparty.io.netty.util.concurrent.SingleThreadEventExecutor$5.run(SingleThreadEventExecutor.java:897)
	at org.apache.ratis.thirdparty.io.netty.util.concurrent.FastThreadLocalRunnable.run(FastThreadLocalRunnable.java:30)
	... 1 more
Caused by: java.net.ConnectException: Connection refused
	... 11 more
2019-10-01 07:15:42,231 [4028da6e-4371-40dd-ac3f-4caa9965859c@group-B9D33A6AA599-LeaderElection70] INFO  impl.LeaderElection (LogUtils.java:infoOrTrace(149)) -   Exception 0: {}
java.util.concurrent.ExecutionException: org.apache.ratis.thirdparty.io.grpc.StatusRuntimeException: UNAVAILABLE: io exception
	at java.util.concurrent.FutureTask.report(FutureTask.java:122)
	at java.util.concurrent.FutureTask.get(FutureTask.java:192)
	at org.apache.ratis.server.impl.LeaderElection.waitForResults(LeaderElection.java:259)
	at org.apache.ratis.server.impl.LeaderElection.askForVotes(LeaderElection.java:197)
	at org.apache.ratis.server.impl.LeaderElection.run(LeaderElection.java:133)
	at java.lang.Thread.run(Thread.java:748)
Caused by: org.apache.ratis.thirdparty.io.grpc.StatusRuntimeException: UNAVAILABLE: io exception
	at org.apache.ratis.thirdparty.io.grpc.stub.ClientCalls.toStatusRuntimeException(ClientCalls.java:233)
	at org.apache.ratis.thirdparty.io.grpc.stub.ClientCalls.getUnchecked(ClientCalls.java:214)
	at org.apache.ratis.thirdparty.io.grpc.stub.ClientCalls.blockingUnaryCall(ClientCalls.java:139)
	at org.apache.ratis.proto.grpc.RaftServerProtocolServiceGrpc$RaftServerProtocolServiceBlockingStub.requestVote(RaftServerProtocolServiceGrpc.java:265)
	at org.apache.ratis.grpc.server.GrpcServerProtocolClient.requestVote(GrpcServerProtocolClient.java:99)
	at org.apache.ratis.grpc.server.GrpcService.requestVote(GrpcService.java:204)
	at org.apache.ratis.server.impl.LeaderElection.lambda$submitRequests$1(LeaderElection.java:234)
	at java.util.concurrent.FutureTask.run(FutureTask.java:266)
	at java.util.concurrent.Executors$RunnableAdapter.call(Executors.java:511)
	at java.util.concurrent.FutureTask.run(FutureTask.java:266)
	at java.util.concurrent.ThreadPoolExecutor.runWorker(ThreadPoolExecutor.java:1149)
	at java.util.concurrent.ThreadPoolExecutor$Worker.run(ThreadPoolExecutor.java:624)
	... 1 more
Caused by: org.apache.ratis.thirdparty.io.netty.channel.AbstractChannel$AnnotatedConnectException: Connection refused: /192.168.30.18:41009
	at sun.nio.ch.SocketChannelImpl.checkConnect(Native Method)
	at sun.nio.ch.SocketChannelImpl.finishConnect(SocketChannelImpl.java:717)
	at org.apache.ratis.thirdparty.io.netty.channel.socket.nio.NioSocketChannel.doFinishConnect(NioSocketChannel.java:327)
	at org.apache.ratis.thirdparty.io.netty.channel.nio.AbstractNioChannel$AbstractNioUnsafe.finishConnect(AbstractNioChannel.java:340)
	at org.apache.ratis.thirdparty.io.netty.channel.nio.NioEventLoop.processSelectedKey(NioEventLoop.java:632)
	at org.apache.ratis.thirdparty.io.netty.channel.nio.NioEventLoop.processSelectedKeysOptimized(NioEventLoop.java:579)
	at org.apache.ratis.thirdparty.io.netty.channel.nio.NioEventLoop.processSelectedKeys(NioEventLoop.java:496)
	at org.apache.ratis.thirdparty.io.netty.channel.nio.NioEventLoop.run(NioEventLoop.java:458)
	at org.apache.ratis.thirdparty.io.netty.util.concurrent.SingleThreadEventExecutor$5.run(SingleThreadEventExecutor.java:897)
	at org.apache.ratis.thirdparty.io.netty.util.concurrent.FastThreadLocalRunnable.run(FastThreadLocalRunnable.java:30)
	... 1 more
Caused by: java.net.ConnectException: Connection refused
	... 11 more
2019-10-01 07:15:42,234 [4411321e-2142-48ef-9104-cebd18b9b25b@group-B9D33A6AA599-LeaderElection71] INFO  impl.RaftServerImpl (RaftServerImpl.java:setRole(170)) - 4411321e-2142-48ef-9104-cebd18b9b25b@group-B9D33A6AA599: changes role from CANDIDATE to FOLLOWER at term 2 for DISCOVERED_A_NEW_TERM
2019-10-01 07:15:42,237 [4028da6e-4371-40dd-ac3f-4caa9965859c@group-B9D33A6AA599-LeaderElection70] INFO  impl.RaftServerImpl (RaftServerImpl.java:setRole(170)) - 4028da6e-4371-40dd-ac3f-4caa9965859c@group-B9D33A6AA599: changes role from CANDIDATE to FOLLOWER at term 2 for DISCOVERED_A_NEW_TERM
2019-10-01 07:15:42,237 [4411321e-2142-48ef-9104-cebd18b9b25b@group-B9D33A6AA599-LeaderElection71] INFO  impl.RoleInfo (RoleInfo.java:shutdownLeaderElection(134)) - 4411321e-2142-48ef-9104-cebd18b9b25b: shutdown LeaderElection
2019-10-01 07:15:42,237 [4028da6e-4371-40dd-ac3f-4caa9965859c@group-B9D33A6AA599-LeaderElection70] INFO  impl.RoleInfo (RoleInfo.java:shutdownLeaderElection(134)) - 4028da6e-4371-40dd-ac3f-4caa9965859c: shutdown LeaderElection
2019-10-01 07:15:42,237 [4028da6e-4371-40dd-ac3f-4caa9965859c@group-B9D33A6AA599-LeaderElection70] INFO  impl.RoleInfo (RoleInfo.java:updateAndGet(143)) - 4028da6e-4371-40dd-ac3f-4caa9965859c: start FollowerState
2019-10-01 07:15:42,237 [4411321e-2142-48ef-9104-cebd18b9b25b@group-B9D33A6AA599-LeaderElection71] INFO  impl.RoleInfo (RoleInfo.java:updateAndGet(143)) - 4411321e-2142-48ef-9104-cebd18b9b25b: start FollowerState
2019-10-01 07:15:47,412 [Thread-3252] INFO  impl.FollowerState (FollowerState.java:run(108)) - 4411321e-2142-48ef-9104-cebd18b9b25b@group-B9D33A6AA599-FollowerState: change to CANDIDATE, lastRpcTime:5174ms, electionTimeout:5174ms
2019-10-01 07:15:47,414 [Thread-3252] INFO  impl.RoleInfo (RoleInfo.java:shutdownFollowerState(121)) - 4411321e-2142-48ef-9104-cebd18b9b25b: shutdown FollowerState
2019-10-01 07:15:47,414 [Thread-3252] INFO  impl.RaftServerImpl (RaftServerImpl.java:setRole(170)) - 4411321e-2142-48ef-9104-cebd18b9b25b@group-B9D33A6AA599: changes role from  FOLLOWER to CANDIDATE at term 2 for changeToCandidate
2019-10-01 07:15:47,414 [Thread-3252] INFO  impl.RoleInfo (RoleInfo.java:updateAndGet(143)) - 4411321e-2142-48ef-9104-cebd18b9b25b: start LeaderElection
2019-10-01 07:15:47,438 [Thread-3253] INFO  impl.FollowerState (FollowerState.java:run(108)) - 4028da6e-4371-40dd-ac3f-4caa9965859c@group-B9D33A6AA599-FollowerState: change to CANDIDATE, lastRpcTime:5200ms, electionTimeout:5200ms
2019-10-01 07:15:47,438 [Thread-3253] INFO  impl.RoleInfo (RoleInfo.java:shutdownFollowerState(121)) - 4028da6e-4371-40dd-ac3f-4caa9965859c: shutdown FollowerState
2019-10-01 07:15:47,438 [Thread-3253] INFO  impl.RaftServerImpl (RaftServerImpl.java:setRole(170)) - 4028da6e-4371-40dd-ac3f-4caa9965859c@group-B9D33A6AA599: changes role from  FOLLOWER to CANDIDATE at term 2 for changeToCandidate
2019-10-01 07:15:47,439 [Thread-3253] INFO  impl.RoleInfo (RoleInfo.java:updateAndGet(143)) - 4028da6e-4371-40dd-ac3f-4caa9965859c: start LeaderElection
2019-10-01 07:15:47,453 [4411321e-2142-48ef-9104-cebd18b9b25b@group-B9D33A6AA599-LeaderElection72] INFO  impl.LeaderElection (LeaderElection.java:askForVotes(178)) - 4411321e-2142-48ef-9104-cebd18b9b25b@group-B9D33A6AA599-LeaderElection72: begin an election at term 3 for 0: [4028da6e-4371-40dd-ac3f-4caa9965859c:192.168.30.18:33581, 4411321e-2142-48ef-9104-cebd18b9b25b:192.168.30.18:44112, 779648de-c350-4e40-bb84-f82694d468ec:192.168.30.18:41009], old=null
2019-10-01 07:15:47,455 [4411321e-2142-48ef-9104-cebd18b9b25b@group-B9D33A6AA599-LeaderElection72] INFO  impl.LeaderElection (LogUtils.java:infoOrTrace(149)) - 4411321e-2142-48ef-9104-cebd18b9b25b@group-B9D33A6AA599-LeaderElection72 got exception when requesting votes: {}
java.util.concurrent.ExecutionException: org.apache.ratis.thirdparty.io.grpc.StatusRuntimeException: UNAVAILABLE: io exception
	at java.util.concurrent.FutureTask.report(FutureTask.java:122)
	at java.util.concurrent.FutureTask.get(FutureTask.java:192)
	at org.apache.ratis.server.impl.LeaderElection.waitForResults(LeaderElection.java:259)
	at org.apache.ratis.server.impl.LeaderElection.askForVotes(LeaderElection.java:197)
	at org.apache.ratis.server.impl.LeaderElection.run(LeaderElection.java:133)
	at java.lang.Thread.run(Thread.java:748)
Caused by: org.apache.ratis.thirdparty.io.grpc.StatusRuntimeException: UNAVAILABLE: io exception
	at org.apache.ratis.thirdparty.io.grpc.stub.ClientCalls.toStatusRuntimeException(ClientCalls.java:233)
	at org.apache.ratis.thirdparty.io.grpc.stub.ClientCalls.getUnchecked(ClientCalls.java:214)
	at org.apache.ratis.thirdparty.io.grpc.stub.ClientCalls.blockingUnaryCall(ClientCalls.java:139)
	at org.apache.ratis.proto.grpc.RaftServerProtocolServiceGrpc$RaftServerProtocolServiceBlockingStub.requestVote(RaftServerProtocolServiceGrpc.java:265)
	at org.apache.ratis.grpc.server.GrpcServerProtocolClient.requestVote(GrpcServerProtocolClient.java:99)
	at org.apache.ratis.grpc.server.GrpcService.requestVote(GrpcService.java:204)
	at org.apache.ratis.server.impl.LeaderElection.lambda$submitRequests$1(LeaderElection.java:234)
	at java.util.concurrent.FutureTask.run(FutureTask.java:266)
	at java.util.concurrent.Executors$RunnableAdapter.call(Executors.java:511)
	at java.util.concurrent.FutureTask.run(FutureTask.java:266)
	at java.util.concurrent.ThreadPoolExecutor.runWorker(ThreadPoolExecutor.java:1149)
	at java.util.concurrent.ThreadPoolExecutor$Worker.run(ThreadPoolExecutor.java:624)
	... 1 more
Caused by: org.apache.ratis.thirdparty.io.netty.channel.AbstractChannel$AnnotatedConnectException: Connection refused: /192.168.30.18:41009
	at sun.nio.ch.SocketChannelImpl.checkConnect(Native Method)
	at sun.nio.ch.SocketChannelImpl.finishConnect(SocketChannelImpl.java:717)
	at org.apache.ratis.thirdparty.io.netty.channel.socket.nio.NioSocketChannel.doFinishConnect(NioSocketChannel.java:327)
	at org.apache.ratis.thirdparty.io.netty.channel.nio.AbstractNioChannel$AbstractNioUnsafe.finishConnect(AbstractNioChannel.java:340)
	at org.apache.ratis.thirdparty.io.netty.channel.nio.NioEventLoop.processSelectedKey(NioEventLoop.java:632)
	at org.apache.ratis.thirdparty.io.netty.channel.nio.NioEventLoop.processSelectedKeysOptimized(NioEventLoop.java:579)
	at org.apache.ratis.thirdparty.io.netty.channel.nio.NioEventLoop.processSelectedKeys(NioEventLoop.java:496)
	at org.apache.ratis.thirdparty.io.netty.channel.nio.NioEventLoop.run(NioEventLoop.java:458)
	at org.apache.ratis.thirdparty.io.netty.util.concurrent.SingleThreadEventExecutor$5.run(SingleThreadEventExecutor.java:897)
	at org.apache.ratis.thirdparty.io.netty.util.concurrent.FastThreadLocalRunnable.run(FastThreadLocalRunnable.java:30)
	... 1 more
Caused by: java.net.ConnectException: Connection refused
	... 11 more
2019-10-01 07:15:47,476 [4028da6e-4371-40dd-ac3f-4caa9965859c@group-B9D33A6AA599-LeaderElection73] INFO  impl.LeaderElection (LeaderElection.java:askForVotes(178)) - 4028da6e-4371-40dd-ac3f-4caa9965859c@group-B9D33A6AA599-LeaderElection73: begin an election at term 3 for 0: [4028da6e-4371-40dd-ac3f-4caa9965859c:192.168.30.18:33581, 4411321e-2142-48ef-9104-cebd18b9b25b:192.168.30.18:44112, 779648de-c350-4e40-bb84-f82694d468ec:192.168.30.18:41009], old=null
2019-10-01 07:15:47,477 [4411321e-2142-48ef-9104-cebd18b9b25b@group-B9D33A6AA599-LeaderElection72] INFO  impl.LeaderElection (LeaderElection.java:logAndReturn(56)) - 4411321e-2142-48ef-9104-cebd18b9b25b@group-B9D33A6AA599-LeaderElection72: Election REJECTED; received 1 response(s) [4411321e-2142-48ef-9104-cebd18b9b25b<-4028da6e-4371-40dd-ac3f-4caa9965859c#0:FAIL-t3] and 1 exception(s); 4411321e-2142-48ef-9104-cebd18b9b25b@group-B9D33A6AA599:t3, leader=null, voted=4411321e-2142-48ef-9104-cebd18b9b25b, raftlog=4411321e-2142-48ef-9104-cebd18b9b25b@group-B9D33A6AA599-SegmentedRaftLog:OPENED:c16,f16,i16, conf=0: [4028da6e-4371-40dd-ac3f-4caa9965859c:192.168.30.18:33581, 4411321e-2142-48ef-9104-cebd18b9b25b:192.168.30.18:44112, 779648de-c350-4e40-bb84-f82694d468ec:192.168.30.18:41009], old=null
2019-10-01 07:15:47,477 [4028da6e-4371-40dd-ac3f-4caa9965859c@group-B9D33A6AA599-LeaderElection73] INFO  impl.LeaderElection (LogUtils.java:infoOrTrace(149)) - 4028da6e-4371-40dd-ac3f-4caa9965859c@group-B9D33A6AA599-LeaderElection73 got exception when requesting votes: {}
java.util.concurrent.ExecutionException: org.apache.ratis.thirdparty.io.grpc.StatusRuntimeException: UNAVAILABLE: io exception
	at java.util.concurrent.FutureTask.report(FutureTask.java:122)
	at java.util.concurrent.FutureTask.get(FutureTask.java:192)
	at org.apache.ratis.server.impl.LeaderElection.waitForResults(LeaderElection.java:259)
	at org.apache.ratis.server.impl.LeaderElection.askForVotes(LeaderElection.java:197)
	at org.apache.ratis.server.impl.LeaderElection.run(LeaderElection.java:133)
	at java.lang.Thread.run(Thread.java:748)
Caused by: org.apache.ratis.thirdparty.io.grpc.StatusRuntimeException: UNAVAILABLE: io exception
	at org.apache.ratis.thirdparty.io.grpc.stub.ClientCalls.toStatusRuntimeException(ClientCalls.java:233)
	at org.apache.ratis.thirdparty.io.grpc.stub.ClientCalls.getUnchecked(ClientCalls.java:214)
	at org.apache.ratis.thirdparty.io.grpc.stub.ClientCalls.blockingUnaryCall(ClientCalls.java:139)
	at org.apache.ratis.proto.grpc.RaftServerProtocolServiceGrpc$RaftServerProtocolServiceBlockingStub.requestVote(RaftServerProtocolServiceGrpc.java:265)
	at org.apache.ratis.grpc.server.GrpcServerProtocolClient.requestVote(GrpcServerProtocolClient.java:99)
	at org.apache.ratis.grpc.server.GrpcService.requestVote(GrpcService.java:204)
	at org.apache.ratis.server.impl.LeaderElection.lambda$submitRequests$1(LeaderElection.java:234)
	at java.util.concurrent.FutureTask.run(FutureTask.java:266)
	at java.util.concurrent.Executors$RunnableAdapter.call(Executors.java:511)
	at java.util.concurrent.FutureTask.run(FutureTask.java:266)
	at java.util.concurrent.ThreadPoolExecutor.runWorker(ThreadPoolExecutor.java:1149)
	at java.util.concurrent.ThreadPoolExecutor$Worker.run(ThreadPoolExecutor.java:624)
	... 1 more
Caused by: org.apache.ratis.thirdparty.io.netty.channel.AbstractChannel$AnnotatedConnectException: Connection refused: /192.168.30.18:41009
	at sun.nio.ch.SocketChannelImpl.checkConnect(Native Method)
	at sun.nio.ch.SocketChannelImpl.finishConnect(SocketChannelImpl.java:717)
	at org.apache.ratis.thirdparty.io.netty.channel.socket.nio.NioSocketChannel.doFinishConnect(NioSocketChannel.java:327)
	at org.apache.ratis.thirdparty.io.netty.channel.nio.AbstractNioChannel$AbstractNioUnsafe.finishConnect(AbstractNioChannel.java:340)
	at org.apache.ratis.thirdparty.io.netty.channel.nio.NioEventLoop.processSelectedKey(NioEventLoop.java:632)
	at org.apache.ratis.thirdparty.io.netty.channel.nio.NioEventLoop.processSelectedKeysOptimized(NioEventLoop.java:579)
	at org.apache.ratis.thirdparty.io.netty.channel.nio.NioEventLoop.processSelectedKeys(NioEventLoop.java:496)
	at org.apache.ratis.thirdparty.io.netty.channel.nio.NioEventLoop.run(NioEventLoop.java:458)
	at org.apache.ratis.thirdparty.io.netty.util.concurrent.SingleThreadEventExecutor$5.run(SingleThreadEventExecutor.java:897)
	at org.apache.ratis.thirdparty.io.netty.util.concurrent.FastThreadLocalRunnable.run(FastThreadLocalRunnable.java:30)
	... 1 more
Caused by: java.net.ConnectException: Connection refused
	... 11 more
2019-10-01 07:15:47,477 [4411321e-2142-48ef-9104-cebd18b9b25b@group-B9D33A6AA599-LeaderElection72] INFO  impl.LeaderElection (LogUtils.java:infoOrTrace(149)) -   Exception 0: {}
java.util.concurrent.ExecutionException: org.apache.ratis.thirdparty.io.grpc.StatusRuntimeException: UNAVAILABLE: io exception
	at java.util.concurrent.FutureTask.report(FutureTask.java:122)
	at java.util.concurrent.FutureTask.get(FutureTask.java:192)
	at org.apache.ratis.server.impl.LeaderElection.waitForResults(LeaderElection.java:259)
	at org.apache.ratis.server.impl.LeaderElection.askForVotes(LeaderElection.java:197)
	at org.apache.ratis.server.impl.LeaderElection.run(LeaderElection.java:133)
	at java.lang.Thread.run(Thread.java:748)
Caused by: org.apache.ratis.thirdparty.io.grpc.StatusRuntimeException: UNAVAILABLE: io exception
	at org.apache.ratis.thirdparty.io.grpc.stub.ClientCalls.toStatusRuntimeException(ClientCalls.java:233)
	at org.apache.ratis.thirdparty.io.grpc.stub.ClientCalls.getUnchecked(ClientCalls.java:214)
	at org.apache.ratis.thirdparty.io.grpc.stub.ClientCalls.blockingUnaryCall(ClientCalls.java:139)
	at org.apache.ratis.proto.grpc.RaftServerProtocolServiceGrpc$RaftServerProtocolServiceBlockingStub.requestVote(RaftServerProtocolServiceGrpc.java:265)
	at org.apache.ratis.grpc.server.GrpcServerProtocolClient.requestVote(GrpcServerProtocolClient.java:99)
	at org.apache.ratis.grpc.server.GrpcService.requestVote(GrpcService.java:204)
	at org.apache.ratis.server.impl.LeaderElection.lambda$submitRequests$1(LeaderElection.java:234)
	at java.util.concurrent.FutureTask.run(FutureTask.java:266)
	at java.util.concurrent.Executors$RunnableAdapter.call(Executors.java:511)
	at java.util.concurrent.FutureTask.run(FutureTask.java:266)
	at java.util.concurrent.ThreadPoolExecutor.runWorker(ThreadPoolExecutor.java:1149)
	at java.util.concurrent.ThreadPoolExecutor$Worker.run(ThreadPoolExecutor.java:624)
	... 1 more
Caused by: org.apache.ratis.thirdparty.io.netty.channel.AbstractChannel$AnnotatedConnectException: Connection refused: /192.168.30.18:41009
	at sun.nio.ch.SocketChannelImpl.checkConnect(Native Method)
	at sun.nio.ch.SocketChannelImpl.finishConnect(SocketChannelImpl.java:717)
	at org.apache.ratis.thirdparty.io.netty.channel.socket.nio.NioSocketChannel.doFinishConnect(NioSocketChannel.java:327)
	at org.apache.ratis.thirdparty.io.netty.channel.nio.AbstractNioChannel$AbstractNioUnsafe.finishConnect(AbstractNioChannel.java:340)
	at org.apache.ratis.thirdparty.io.netty.channel.nio.NioEventLoop.processSelectedKey(NioEventLoop.java:632)
	at org.apache.ratis.thirdparty.io.netty.channel.nio.NioEventLoop.processSelectedKeysOptimized(NioEventLoop.java:579)
	at org.apache.ratis.thirdparty.io.netty.channel.nio.NioEventLoop.processSelectedKeys(NioEventLoop.java:496)
	at org.apache.ratis.thirdparty.io.netty.channel.nio.NioEventLoop.run(NioEventLoop.java:458)
	at org.apache.ratis.thirdparty.io.netty.util.concurrent.SingleThreadEventExecutor$5.run(SingleThreadEventExecutor.java:897)
	at org.apache.ratis.thirdparty.io.netty.util.concurrent.FastThreadLocalRunnable.run(FastThreadLocalRunnable.java:30)
	... 1 more
Caused by: java.net.ConnectException: Connection refused
	... 11 more
2019-10-01 07:15:47,483 [4411321e-2142-48ef-9104-cebd18b9b25b@group-B9D33A6AA599-LeaderElection72] INFO  impl.RaftServerImpl (RaftServerImpl.java:setRole(170)) - 4411321e-2142-48ef-9104-cebd18b9b25b@group-B9D33A6AA599: changes role from CANDIDATE to FOLLOWER at term 3 for DISCOVERED_A_NEW_TERM
2019-10-01 07:15:47,483 [4411321e-2142-48ef-9104-cebd18b9b25b@group-B9D33A6AA599-LeaderElection72] INFO  impl.RoleInfo (RoleInfo.java:shutdownLeaderElection(134)) - 4411321e-2142-48ef-9104-cebd18b9b25b: shutdown LeaderElection
2019-10-01 07:15:47,483 [4411321e-2142-48ef-9104-cebd18b9b25b@group-B9D33A6AA599-LeaderElection72] INFO  impl.RoleInfo (RoleInfo.java:updateAndGet(143)) - 4411321e-2142-48ef-9104-cebd18b9b25b: start FollowerState
2019-10-01 07:15:47,484 [4028da6e-4371-40dd-ac3f-4caa9965859c@group-B9D33A6AA599-LeaderElection73] INFO  impl.LeaderElection (LeaderElection.java:logAndReturn(56)) - 4028da6e-4371-40dd-ac3f-4caa9965859c@group-B9D33A6AA599-LeaderElection73: Election REJECTED; received 1 response(s) [4028da6e-4371-40dd-ac3f-4caa9965859c<-4411321e-2142-48ef-9104-cebd18b9b25b#0:FAIL-t3] and 1 exception(s); 4028da6e-4371-40dd-ac3f-4caa9965859c@group-B9D33A6AA599:t3, leader=null, voted=4028da6e-4371-40dd-ac3f-4caa9965859c, raftlog=4028da6e-4371-40dd-ac3f-4caa9965859c@group-B9D33A6AA599-SegmentedRaftLog:OPENED:c16,f16,i16, conf=0: [4028da6e-4371-40dd-ac3f-4caa9965859c:192.168.30.18:33581, 4411321e-2142-48ef-9104-cebd18b9b25b:192.168.30.18:44112, 779648de-c350-4e40-bb84-f82694d468ec:192.168.30.18:41009], old=null
2019-10-01 07:15:47,484 [4028da6e-4371-40dd-ac3f-4caa9965859c@group-B9D33A6AA599-LeaderElection73] INFO  impl.LeaderElection (LogUtils.java:infoOrTrace(149)) -   Exception 0: {}
java.util.concurrent.ExecutionException: org.apache.ratis.thirdparty.io.grpc.StatusRuntimeException: UNAVAILABLE: io exception
	at java.util.concurrent.FutureTask.report(FutureTask.java:122)
	at java.util.concurrent.FutureTask.get(FutureTask.java:192)
	at org.apache.ratis.server.impl.LeaderElection.waitForResults(LeaderElection.java:259)
	at org.apache.ratis.server.impl.LeaderElection.askForVotes(LeaderElection.java:197)
	at org.apache.ratis.server.impl.LeaderElection.run(LeaderElection.java:133)
	at java.lang.Thread.run(Thread.java:748)
Caused by: org.apache.ratis.thirdparty.io.grpc.StatusRuntimeException: UNAVAILABLE: io exception
	at org.apache.ratis.thirdparty.io.grpc.stub.ClientCalls.toStatusRuntimeException(ClientCalls.java:233)
	at org.apache.ratis.thirdparty.io.grpc.stub.ClientCalls.getUnchecked(ClientCalls.java:214)
	at org.apache.ratis.thirdparty.io.grpc.stub.ClientCalls.blockingUnaryCall(ClientCalls.java:139)
	at org.apache.ratis.proto.grpc.RaftServerProtocolServiceGrpc$RaftServerProtocolServiceBlockingStub.requestVote(RaftServerProtocolServiceGrpc.java:265)
	at org.apache.ratis.grpc.server.GrpcServerProtocolClient.requestVote(GrpcServerProtocolClient.java:99)
	at org.apache.ratis.grpc.server.GrpcService.requestVote(GrpcService.java:204)
	at org.apache.ratis.server.impl.LeaderElection.lambda$submitRequests$1(LeaderElection.java:234)
	at java.util.concurrent.FutureTask.run(FutureTask.java:266)
	at java.util.concurrent.Executors$RunnableAdapter.call(Executors.java:511)
	at java.util.concurrent.FutureTask.run(FutureTask.java:266)
	at java.util.concurrent.ThreadPoolExecutor.runWorker(ThreadPoolExecutor.java:1149)
	at java.util.concurrent.ThreadPoolExecutor$Worker.run(ThreadPoolExecutor.java:624)
	... 1 more
Caused by: org.apache.ratis.thirdparty.io.netty.channel.AbstractChannel$AnnotatedConnectException: Connection refused: /192.168.30.18:41009
	at sun.nio.ch.SocketChannelImpl.checkConnect(Native Method)
	at sun.nio.ch.SocketChannelImpl.finishConnect(SocketChannelImpl.java:717)
	at org.apache.ratis.thirdparty.io.netty.channel.socket.nio.NioSocketChannel.doFinishConnect(NioSocketChannel.java:327)
	at org.apache.ratis.thirdparty.io.netty.channel.nio.AbstractNioChannel$AbstractNioUnsafe.finishConnect(AbstractNioChannel.java:340)
	at org.apache.ratis.thirdparty.io.netty.channel.nio.NioEventLoop.processSelectedKey(NioEventLoop.java:632)
	at org.apache.ratis.thirdparty.io.netty.channel.nio.NioEventLoop.processSelectedKeysOptimized(NioEventLoop.java:579)
	at org.apache.ratis.thirdparty.io.netty.channel.nio.NioEventLoop.processSelectedKeys(NioEventLoop.java:496)
	at org.apache.ratis.thirdparty.io.netty.channel.nio.NioEventLoop.run(NioEventLoop.java:458)
	at org.apache.ratis.thirdparty.io.netty.util.concurrent.SingleThreadEventExecutor$5.run(SingleThreadEventExecutor.java:897)
	at org.apache.ratis.thirdparty.io.netty.util.concurrent.FastThreadLocalRunnable.run(FastThreadLocalRunnable.java:30)
	... 1 more
Caused by: java.net.ConnectException: Connection refused
	... 11 more
2019-10-01 07:15:47,484 [4028da6e-4371-40dd-ac3f-4caa9965859c@group-B9D33A6AA599-LeaderElection73] INFO  impl.RaftServerImpl (RaftServerImpl.java:setRole(170)) - 4028da6e-4371-40dd-ac3f-4caa9965859c@group-B9D33A6AA599: changes role from CANDIDATE to FOLLOWER at term 3 for DISCOVERED_A_NEW_TERM
2019-10-01 07:15:47,485 [4028da6e-4371-40dd-ac3f-4caa9965859c@group-B9D33A6AA599-LeaderElection73] INFO  impl.RoleInfo (RoleInfo.java:shutdownLeaderElection(134)) - 4028da6e-4371-40dd-ac3f-4caa9965859c: shutdown LeaderElection
2019-10-01 07:15:47,485 [4028da6e-4371-40dd-ac3f-4caa9965859c@group-B9D33A6AA599-LeaderElection73] INFO  impl.RoleInfo (RoleInfo.java:updateAndGet(143)) - 4028da6e-4371-40dd-ac3f-4caa9965859c: start FollowerState
2019-10-01 07:15:52,664 [Thread-3272] INFO  impl.FollowerState (FollowerState.java:run(108)) - 4411321e-2142-48ef-9104-cebd18b9b25b@group-B9D33A6AA599-FollowerState: change to CANDIDATE, lastRpcTime:5181ms, electionTimeout:5181ms
2019-10-01 07:15:52,668 [Thread-3272] INFO  impl.RoleInfo (RoleInfo.java:shutdownFollowerState(121)) - 4411321e-2142-48ef-9104-cebd18b9b25b: shutdown FollowerState
2019-10-01 07:15:52,668 [Thread-3272] INFO  impl.RaftServerImpl (RaftServerImpl.java:setRole(170)) - 4411321e-2142-48ef-9104-cebd18b9b25b@group-B9D33A6AA599: changes role from  FOLLOWER to CANDIDATE at term 3 for changeToCandidate
2019-10-01 07:15:52,668 [Thread-3272] INFO  impl.RoleInfo (RoleInfo.java:updateAndGet(143)) - 4411321e-2142-48ef-9104-cebd18b9b25b: start LeaderElection
2019-10-01 07:15:52,674 [Thread-3273] INFO  impl.FollowerState (FollowerState.java:run(108)) - 4028da6e-4371-40dd-ac3f-4caa9965859c@group-B9D33A6AA599-FollowerState: change to CANDIDATE, lastRpcTime:5189ms, electionTimeout:5189ms
2019-10-01 07:15:52,675 [Thread-3273] INFO  impl.RoleInfo (RoleInfo.java:shutdownFollowerState(121)) - 4028da6e-4371-40dd-ac3f-4caa9965859c: shutdown FollowerState
2019-10-01 07:15:52,675 [Thread-3273] INFO  impl.RaftServerImpl (RaftServerImpl.java:setRole(170)) - 4028da6e-4371-40dd-ac3f-4caa9965859c@group-B9D33A6AA599: changes role from  FOLLOWER to CANDIDATE at term 3 for changeToCandidate
2019-10-01 07:15:52,675 [Thread-3273] INFO  impl.RoleInfo (RoleInfo.java:updateAndGet(143)) - 4028da6e-4371-40dd-ac3f-4caa9965859c: start LeaderElection
2019-10-01 07:15:52,696 [4411321e-2142-48ef-9104-cebd18b9b25b@group-B9D33A6AA599-LeaderElection74] INFO  impl.LeaderElection (LeaderElection.java:askForVotes(178)) - 4411321e-2142-48ef-9104-cebd18b9b25b@group-B9D33A6AA599-LeaderElection74: begin an election at term 4 for 0: [4028da6e-4371-40dd-ac3f-4caa9965859c:192.168.30.18:33581, 4411321e-2142-48ef-9104-cebd18b9b25b:192.168.30.18:44112, 779648de-c350-4e40-bb84-f82694d468ec:192.168.30.18:41009], old=null
2019-10-01 07:15:52,696 [4028da6e-4371-40dd-ac3f-4caa9965859c@group-B9D33A6AA599-LeaderElection75] INFO  impl.LeaderElection (LeaderElection.java:askForVotes(178)) - 4028da6e-4371-40dd-ac3f-4caa9965859c@group-B9D33A6AA599-LeaderElection75: begin an election at term 4 for 0: [4028da6e-4371-40dd-ac3f-4caa9965859c:192.168.30.18:33581, 4411321e-2142-48ef-9104-cebd18b9b25b:192.168.30.18:44112, 779648de-c350-4e40-bb84-f82694d468ec:192.168.30.18:41009], old=null
2019-10-01 07:15:52,698 [4028da6e-4371-40dd-ac3f-4caa9965859c@group-B9D33A6AA599-LeaderElection75] INFO  impl.LeaderElection (LogUtils.java:infoOrTrace(149)) - 4028da6e-4371-40dd-ac3f-4caa9965859c@group-B9D33A6AA599-LeaderElection75 got exception when requesting votes: {}
java.util.concurrent.ExecutionException: org.apache.ratis.thirdparty.io.grpc.StatusRuntimeException: UNAVAILABLE: io exception
	at java.util.concurrent.FutureTask.report(FutureTask.java:122)
	at java.util.concurrent.FutureTask.get(FutureTask.java:192)
	at org.apache.ratis.server.impl.LeaderElection.waitForResults(LeaderElection.java:259)
	at org.apache.ratis.server.impl.LeaderElection.askForVotes(LeaderElection.java:197)
	at org.apache.ratis.server.impl.LeaderElection.run(LeaderElection.java:133)
	at java.lang.Thread.run(Thread.java:748)
Caused by: org.apache.ratis.thirdparty.io.grpc.StatusRuntimeException: UNAVAILABLE: io exception
	at org.apache.ratis.thirdparty.io.grpc.stub.ClientCalls.toStatusRuntimeException(ClientCalls.java:233)
	at org.apache.ratis.thirdparty.io.grpc.stub.ClientCalls.getUnchecked(ClientCalls.java:214)
	at org.apache.ratis.thirdparty.io.grpc.stub.ClientCalls.blockingUnaryCall(ClientCalls.java:139)
	at org.apache.ratis.proto.grpc.RaftServerProtocolServiceGrpc$RaftServerProtocolServiceBlockingStub.requestVote(RaftServerProtocolServiceGrpc.java:265)
	at org.apache.ratis.grpc.server.GrpcServerProtocolClient.requestVote(GrpcServerProtocolClient.java:99)
	at org.apache.ratis.grpc.server.GrpcService.requestVote(GrpcService.java:204)
	at org.apache.ratis.server.impl.LeaderElection.lambda$submitRequests$1(LeaderElection.java:234)
	at java.util.concurrent.FutureTask.run(FutureTask.java:266)
	at java.util.concurrent.Executors$RunnableAdapter.call(Executors.java:511)
	at java.util.concurrent.FutureTask.run(FutureTask.java:266)
	at java.util.concurrent.ThreadPoolExecutor.runWorker(ThreadPoolExecutor.java:1149)
	at java.util.concurrent.ThreadPoolExecutor$Worker.run(ThreadPoolExecutor.java:624)
	... 1 more
Caused by: org.apache.ratis.thirdparty.io.netty.channel.AbstractChannel$AnnotatedConnectException: Connection refused: /192.168.30.18:41009
	at sun.nio.ch.SocketChannelImpl.checkConnect(Native Method)
	at sun.nio.ch.SocketChannelImpl.finishConnect(SocketChannelImpl.java:717)
	at org.apache.ratis.thirdparty.io.netty.channel.socket.nio.NioSocketChannel.doFinishConnect(NioSocketChannel.java:327)
	at org.apache.ratis.thirdparty.io.netty.channel.nio.AbstractNioChannel$AbstractNioUnsafe.finishConnect(AbstractNioChannel.java:340)
	at org.apache.ratis.thirdparty.io.netty.channel.nio.NioEventLoop.processSelectedKey(NioEventLoop.java:632)
	at org.apache.ratis.thirdparty.io.netty.channel.nio.NioEventLoop.processSelectedKeysOptimized(NioEventLoop.java:579)
	at org.apache.ratis.thirdparty.io.netty.channel.nio.NioEventLoop.processSelectedKeys(NioEventLoop.java:496)
	at org.apache.ratis.thirdparty.io.netty.channel.nio.NioEventLoop.run(NioEventLoop.java:458)
	at org.apache.ratis.thirdparty.io.netty.util.concurrent.SingleThreadEventExecutor$5.run(SingleThreadEventExecutor.java:897)
	at org.apache.ratis.thirdparty.io.netty.util.concurrent.FastThreadLocalRunnable.run(FastThreadLocalRunnable.java:30)
	... 1 more
Caused by: java.net.ConnectException: Connection refused
	... 11 more
2019-10-01 07:15:52,698 [4411321e-2142-48ef-9104-cebd18b9b25b@group-B9D33A6AA599-LeaderElection74] INFO  impl.LeaderElection (LogUtils.java:infoOrTrace(149)) - 4411321e-2142-48ef-9104-cebd18b9b25b@group-B9D33A6AA599-LeaderElection74 got exception when requesting votes: {}
java.util.concurrent.ExecutionException: org.apache.ratis.thirdparty.io.grpc.StatusRuntimeException: UNAVAILABLE: io exception
	at java.util.concurrent.FutureTask.report(FutureTask.java:122)
	at java.util.concurrent.FutureTask.get(FutureTask.java:192)
	at org.apache.ratis.server.impl.LeaderElection.waitForResults(LeaderElection.java:259)
	at org.apache.ratis.server.impl.LeaderElection.askForVotes(LeaderElection.java:197)
	at org.apache.ratis.server.impl.LeaderElection.run(LeaderElection.java:133)
	at java.lang.Thread.run(Thread.java:748)
Caused by: org.apache.ratis.thirdparty.io.grpc.StatusRuntimeException: UNAVAILABLE: io exception
	at org.apache.ratis.thirdparty.io.grpc.stub.ClientCalls.toStatusRuntimeException(ClientCalls.java:233)
	at org.apache.ratis.thirdparty.io.grpc.stub.ClientCalls.getUnchecked(ClientCalls.java:214)
	at org.apache.ratis.thirdparty.io.grpc.stub.ClientCalls.blockingUnaryCall(ClientCalls.java:139)
	at org.apache.ratis.proto.grpc.RaftServerProtocolServiceGrpc$RaftServerProtocolServiceBlockingStub.requestVote(RaftServerProtocolServiceGrpc.java:265)
	at org.apache.ratis.grpc.server.GrpcServerProtocolClient.requestVote(GrpcServerProtocolClient.java:99)
	at org.apache.ratis.grpc.server.GrpcService.requestVote(GrpcService.java:204)
	at org.apache.ratis.server.impl.LeaderElection.lambda$submitRequests$1(LeaderElection.java:234)
	at java.util.concurrent.FutureTask.run(FutureTask.java:266)
	at java.util.concurrent.Executors$RunnableAdapter.call(Executors.java:511)
	at java.util.concurrent.FutureTask.run(FutureTask.java:266)
	at java.util.concurrent.ThreadPoolExecutor.runWorker(ThreadPoolExecutor.java:1149)
	at java.util.concurrent.ThreadPoolExecutor$Worker.run(ThreadPoolExecutor.java:624)
	... 1 more
Caused by: org.apache.ratis.thirdparty.io.netty.channel.AbstractChannel$AnnotatedConnectException: Connection refused: /192.168.30.18:41009
	at sun.nio.ch.SocketChannelImpl.checkConnect(Native Method)
	at sun.nio.ch.SocketChannelImpl.finishConnect(SocketChannelImpl.java:717)
	at org.apache.ratis.thirdparty.io.netty.channel.socket.nio.NioSocketChannel.doFinishConnect(NioSocketChannel.java:327)
	at org.apache.ratis.thirdparty.io.netty.channel.nio.AbstractNioChannel$AbstractNioUnsafe.finishConnect(AbstractNioChannel.java:340)
	at org.apache.ratis.thirdparty.io.netty.channel.nio.NioEventLoop.processSelectedKey(NioEventLoop.java:632)
	at org.apache.ratis.thirdparty.io.netty.channel.nio.NioEventLoop.processSelectedKeysOptimized(NioEventLoop.java:579)
	at org.apache.ratis.thirdparty.io.netty.channel.nio.NioEventLoop.processSelectedKeys(NioEventLoop.java:496)
	at org.apache.ratis.thirdparty.io.netty.channel.nio.NioEventLoop.run(NioEventLoop.java:458)
	at org.apache.ratis.thirdparty.io.netty.util.concurrent.SingleThreadEventExecutor$5.run(SingleThreadEventExecutor.java:897)
	at org.apache.ratis.thirdparty.io.netty.util.concurrent.FastThreadLocalRunnable.run(FastThreadLocalRunnable.java:30)
	... 1 more
Caused by: java.net.ConnectException: Connection refused
	... 11 more
2019-10-01 07:15:52,721 [4028da6e-4371-40dd-ac3f-4caa9965859c@group-B9D33A6AA599-LeaderElection75] INFO  impl.LeaderElection (LeaderElection.java:logAndReturn(56)) - 4028da6e-4371-40dd-ac3f-4caa9965859c@group-B9D33A6AA599-LeaderElection75: Election REJECTED; received 1 response(s) [4028da6e-4371-40dd-ac3f-4caa9965859c<-4411321e-2142-48ef-9104-cebd18b9b25b#0:FAIL-t4] and 1 exception(s); 4028da6e-4371-40dd-ac3f-4caa9965859c@group-B9D33A6AA599:t4, leader=null, voted=4028da6e-4371-40dd-ac3f-4caa9965859c, raftlog=4028da6e-4371-40dd-ac3f-4caa9965859c@group-B9D33A6AA599-SegmentedRaftLog:OPENED:c16,f16,i16, conf=0: [4028da6e-4371-40dd-ac3f-4caa9965859c:192.168.30.18:33581, 4411321e-2142-48ef-9104-cebd18b9b25b:192.168.30.18:44112, 779648de-c350-4e40-bb84-f82694d468ec:192.168.30.18:41009], old=null
2019-10-01 07:15:52,721 [4411321e-2142-48ef-9104-cebd18b9b25b@group-B9D33A6AA599-LeaderElection74] INFO  impl.LeaderElection (LeaderElection.java:logAndReturn(56)) - 4411321e-2142-48ef-9104-cebd18b9b25b@group-B9D33A6AA599-LeaderElection74: Election REJECTED; received 1 response(s) [4411321e-2142-48ef-9104-cebd18b9b25b<-4028da6e-4371-40dd-ac3f-4caa9965859c#0:FAIL-t4] and 1 exception(s); 4411321e-2142-48ef-9104-cebd18b9b25b@group-B9D33A6AA599:t4, leader=null, voted=4411321e-2142-48ef-9104-cebd18b9b25b, raftlog=4411321e-2142-48ef-9104-cebd18b9b25b@group-B9D33A6AA599-SegmentedRaftLog:OPENED:c16,f16,i16, conf=0: [4028da6e-4371-40dd-ac3f-4caa9965859c:192.168.30.18:33581, 4411321e-2142-48ef-9104-cebd18b9b25b:192.168.30.18:44112, 779648de-c350-4e40-bb84-f82694d468ec:192.168.30.18:41009], old=null
2019-10-01 07:15:52,721 [4028da6e-4371-40dd-ac3f-4caa9965859c@group-B9D33A6AA599-LeaderElection75] INFO  impl.LeaderElection (LogUtils.java:infoOrTrace(149)) -   Exception 0: {}
java.util.concurrent.ExecutionException: org.apache.ratis.thirdparty.io.grpc.StatusRuntimeException: UNAVAILABLE: io exception
	at java.util.concurrent.FutureTask.report(FutureTask.java:122)
	at java.util.concurrent.FutureTask.get(FutureTask.java:192)
	at org.apache.ratis.server.impl.LeaderElection.waitForResults(LeaderElection.java:259)
	at org.apache.ratis.server.impl.LeaderElection.askForVotes(LeaderElection.java:197)
	at org.apache.ratis.server.impl.LeaderElection.run(LeaderElection.java:133)
	at java.lang.Thread.run(Thread.java:748)
Caused by: org.apache.ratis.thirdparty.io.grpc.StatusRuntimeException: UNAVAILABLE: io exception
	at org.apache.ratis.thirdparty.io.grpc.stub.ClientCalls.toStatusRuntimeException(ClientCalls.java:233)
	at org.apache.ratis.thirdparty.io.grpc.stub.ClientCalls.getUnchecked(ClientCalls.java:214)
	at org.apache.ratis.thirdparty.io.grpc.stub.ClientCalls.blockingUnaryCall(ClientCalls.java:139)
	at org.apache.ratis.proto.grpc.RaftServerProtocolServiceGrpc$RaftServerProtocolServiceBlockingStub.requestVote(RaftServerProtocolServiceGrpc.java:265)
	at org.apache.ratis.grpc.server.GrpcServerProtocolClient.requestVote(GrpcServerProtocolClient.java:99)
	at org.apache.ratis.grpc.server.GrpcService.requestVote(GrpcService.java:204)
	at org.apache.ratis.server.impl.LeaderElection.lambda$submitRequests$1(LeaderElection.java:234)
	at java.util.concurrent.FutureTask.run(FutureTask.java:266)
	at java.util.concurrent.Executors$RunnableAdapter.call(Executors.java:511)
	at java.util.concurrent.FutureTask.run(FutureTask.java:266)
	at java.util.concurrent.ThreadPoolExecutor.runWorker(ThreadPoolExecutor.java:1149)
	at java.util.concurrent.ThreadPoolExecutor$Worker.run(ThreadPoolExecutor.java:624)
	... 1 more
Caused by: org.apache.ratis.thirdparty.io.netty.channel.AbstractChannel$AnnotatedConnectException: Connection refused: /192.168.30.18:41009
	at sun.nio.ch.SocketChannelImpl.checkConnect(Native Method)
	at sun.nio.ch.SocketChannelImpl.finishConnect(SocketChannelImpl.java:717)
	at org.apache.ratis.thirdparty.io.netty.channel.socket.nio.NioSocketChannel.doFinishConnect(NioSocketChannel.java:327)
	at org.apache.ratis.thirdparty.io.netty.channel.nio.AbstractNioChannel$AbstractNioUnsafe.finishConnect(AbstractNioChannel.java:340)
	at org.apache.ratis.thirdparty.io.netty.channel.nio.NioEventLoop.processSelectedKey(NioEventLoop.java:632)
	at org.apache.ratis.thirdparty.io.netty.channel.nio.NioEventLoop.processSelectedKeysOptimized(NioEventLoop.java:579)
	at org.apache.ratis.thirdparty.io.netty.channel.nio.NioEventLoop.processSelectedKeys(NioEventLoop.java:496)
	at org.apache.ratis.thirdparty.io.netty.channel.nio.NioEventLoop.run(NioEventLoop.java:458)
	at org.apache.ratis.thirdparty.io.netty.util.concurrent.SingleThreadEventExecutor$5.run(SingleThreadEventExecutor.java:897)
	at org.apache.ratis.thirdparty.io.netty.util.concurrent.FastThreadLocalRunnable.run(FastThreadLocalRunnable.java:30)
	... 1 more
Caused by: java.net.ConnectException: Connection refused
	... 11 more
2019-10-01 07:15:52,721 [4411321e-2142-48ef-9104-cebd18b9b25b@group-B9D33A6AA599-LeaderElection74] INFO  impl.LeaderElection (LogUtils.java:infoOrTrace(149)) -   Exception 0: {}
java.util.concurrent.ExecutionException: org.apache.ratis.thirdparty.io.grpc.StatusRuntimeException: UNAVAILABLE: io exception
	at java.util.concurrent.FutureTask.report(FutureTask.java:122)
	at java.util.concurrent.FutureTask.get(FutureTask.java:192)
	at org.apache.ratis.server.impl.LeaderElection.waitForResults(LeaderElection.java:259)
	at org.apache.ratis.server.impl.LeaderElection.askForVotes(LeaderElection.java:197)
	at org.apache.ratis.server.impl.LeaderElection.run(LeaderElection.java:133)
	at java.lang.Thread.run(Thread.java:748)
Caused by: org.apache.ratis.thirdparty.io.grpc.StatusRuntimeException: UNAVAILABLE: io exception
	at org.apache.ratis.thirdparty.io.grpc.stub.ClientCalls.toStatusRuntimeException(ClientCalls.java:233)
	at org.apache.ratis.thirdparty.io.grpc.stub.ClientCalls.getUnchecked(ClientCalls.java:214)
	at org.apache.ratis.thirdparty.io.grpc.stub.ClientCalls.blockingUnaryCall(ClientCalls.java:139)
	at org.apache.ratis.proto.grpc.RaftServerProtocolServiceGrpc$RaftServerProtocolServiceBlockingStub.requestVote(RaftServerProtocolServiceGrpc.java:265)
	at org.apache.ratis.grpc.server.GrpcServerProtocolClient.requestVote(GrpcServerProtocolClient.java:99)
	at org.apache.ratis.grpc.server.GrpcService.requestVote(GrpcService.java:204)
	at org.apache.ratis.server.impl.LeaderElection.lambda$submitRequests$1(LeaderElection.java:234)
	at java.util.concurrent.FutureTask.run(FutureTask.java:266)
	at java.util.concurrent.Executors$RunnableAdapter.call(Executors.java:511)
	at java.util.concurrent.FutureTask.run(FutureTask.java:266)
	at java.util.concurrent.ThreadPoolExecutor.runWorker(ThreadPoolExecutor.java:1149)
	at java.util.concurrent.ThreadPoolExecutor$Worker.run(ThreadPoolExecutor.java:624)
	... 1 more
Caused by: org.apache.ratis.thirdparty.io.netty.channel.AbstractChannel$AnnotatedConnectException: Connection refused: /192.168.30.18:41009
	at sun.nio.ch.SocketChannelImpl.checkConnect(Native Method)
	at sun.nio.ch.SocketChannelImpl.finishConnect(SocketChannelImpl.java:717)
	at org.apache.ratis.thirdparty.io.netty.channel.socket.nio.NioSocketChannel.doFinishConnect(NioSocketChannel.java:327)
	at org.apache.ratis.thirdparty.io.netty.channel.nio.AbstractNioChannel$AbstractNioUnsafe.finishConnect(AbstractNioChannel.java:340)
	at org.apache.ratis.thirdparty.io.netty.channel.nio.NioEventLoop.processSelectedKey(NioEventLoop.java:632)
	at org.apache.ratis.thirdparty.io.netty.channel.nio.NioEventLoop.processSelectedKeysOptimized(NioEventLoop.java:579)
	at org.apache.ratis.thirdparty.io.netty.channel.nio.NioEventLoop.processSelectedKeys(NioEventLoop.java:496)
	at org.apache.ratis.thirdparty.io.netty.channel.nio.NioEventLoop.run(NioEventLoop.java:458)
	at org.apache.ratis.thirdparty.io.netty.util.concurrent.SingleThreadEventExecutor$5.run(SingleThreadEventExecutor.java:897)
	at org.apache.ratis.thirdparty.io.netty.util.concurrent.FastThreadLocalRunnable.run(FastThreadLocalRunnable.java:30)
	... 1 more
Caused by: java.net.ConnectException: Connection refused
	... 11 more
2019-10-01 07:15:52,726 [4028da6e-4371-40dd-ac3f-4caa9965859c@group-B9D33A6AA599-LeaderElection75] INFO  impl.RaftServerImpl (RaftServerImpl.java:setRole(170)) - 4028da6e-4371-40dd-ac3f-4caa9965859c@group-B9D33A6AA599: changes role from CANDIDATE to FOLLOWER at term 4 for DISCOVERED_A_NEW_TERM
2019-10-01 07:15:52,726 [4411321e-2142-48ef-9104-cebd18b9b25b@group-B9D33A6AA599-LeaderElection74] INFO  impl.RaftServerImpl (RaftServerImpl.java:setRole(170)) - 4411321e-2142-48ef-9104-cebd18b9b25b@group-B9D33A6AA599: changes role from CANDIDATE to FOLLOWER at term 4 for DISCOVERED_A_NEW_TERM
2019-10-01 07:15:52,726 [4028da6e-4371-40dd-ac3f-4caa9965859c@group-B9D33A6AA599-LeaderElection75] INFO  impl.RoleInfo (RoleInfo.java:shutdownLeaderElection(134)) - 4028da6e-4371-40dd-ac3f-4caa9965859c: shutdown LeaderElection
2019-10-01 07:15:52,727 [4411321e-2142-48ef-9104-cebd18b9b25b@group-B9D33A6AA599-LeaderElection74] INFO  impl.RoleInfo (RoleInfo.java:shutdownLeaderElection(134)) - 4411321e-2142-48ef-9104-cebd18b9b25b: shutdown LeaderElection
2019-10-01 07:15:52,727 [4028da6e-4371-40dd-ac3f-4caa9965859c@group-B9D33A6AA599-LeaderElection75] INFO  impl.RoleInfo (RoleInfo.java:updateAndGet(143)) - 4028da6e-4371-40dd-ac3f-4caa9965859c: start FollowerState
2019-10-01 07:15:52,727 [4411321e-2142-48ef-9104-cebd18b9b25b@group-B9D33A6AA599-LeaderElection74] INFO  impl.RoleInfo (RoleInfo.java:updateAndGet(143)) - 4411321e-2142-48ef-9104-cebd18b9b25b: start FollowerState
2019-10-01 07:15:57,816 [Thread-3293] INFO  impl.FollowerState (FollowerState.java:run(108)) - 4028da6e-4371-40dd-ac3f-4caa9965859c@group-B9D33A6AA599-FollowerState: change to CANDIDATE, lastRpcTime:5089ms, electionTimeout:5089ms
2019-10-01 07:15:57,817 [Thread-3293] INFO  impl.RoleInfo (RoleInfo.java:shutdownFollowerState(121)) - 4028da6e-4371-40dd-ac3f-4caa9965859c: shutdown FollowerState
2019-10-01 07:15:57,817 [Thread-3293] INFO  impl.RaftServerImpl (RaftServerImpl.java:setRole(170)) - 4028da6e-4371-40dd-ac3f-4caa9965859c@group-B9D33A6AA599: changes role from  FOLLOWER to CANDIDATE at term 4 for changeToCandidate
2019-10-01 07:15:57,817 [Thread-3293] INFO  impl.RoleInfo (RoleInfo.java:updateAndGet(143)) - 4028da6e-4371-40dd-ac3f-4caa9965859c: start LeaderElection
2019-10-01 07:15:57,856 [4028da6e-4371-40dd-ac3f-4caa9965859c@group-B9D33A6AA599-LeaderElection76] INFO  impl.LeaderElection (LeaderElection.java:askForVotes(178)) - 4028da6e-4371-40dd-ac3f-4caa9965859c@group-B9D33A6AA599-LeaderElection76: begin an election at term 5 for 0: [4028da6e-4371-40dd-ac3f-4caa9965859c:192.168.30.18:33581, 4411321e-2142-48ef-9104-cebd18b9b25b:192.168.30.18:44112, 779648de-c350-4e40-bb84-f82694d468ec:192.168.30.18:41009], old=null
2019-10-01 07:15:57,857 [4028da6e-4371-40dd-ac3f-4caa9965859c@group-B9D33A6AA599-LeaderElection76] INFO  impl.LeaderElection (LogUtils.java:infoOrTrace(149)) - 4028da6e-4371-40dd-ac3f-4caa9965859c@group-B9D33A6AA599-LeaderElection76 got exception when requesting votes: {}
java.util.concurrent.ExecutionException: org.apache.ratis.thirdparty.io.grpc.StatusRuntimeException: UNAVAILABLE: io exception
	at java.util.concurrent.FutureTask.report(FutureTask.java:122)
	at java.util.concurrent.FutureTask.get(FutureTask.java:192)
	at org.apache.ratis.server.impl.LeaderElection.waitForResults(LeaderElection.java:259)
	at org.apache.ratis.server.impl.LeaderElection.askForVotes(LeaderElection.java:197)
	at org.apache.ratis.server.impl.LeaderElection.run(LeaderElection.java:133)
	at java.lang.Thread.run(Thread.java:748)
Caused by: org.apache.ratis.thirdparty.io.grpc.StatusRuntimeException: UNAVAILABLE: io exception
	at org.apache.ratis.thirdparty.io.grpc.stub.ClientCalls.toStatusRuntimeException(ClientCalls.java:233)
	at org.apache.ratis.thirdparty.io.grpc.stub.ClientCalls.getUnchecked(ClientCalls.java:214)
	at org.apache.ratis.thirdparty.io.grpc.stub.ClientCalls.blockingUnaryCall(ClientCalls.java:139)
	at org.apache.ratis.proto.grpc.RaftServerProtocolServiceGrpc$RaftServerProtocolServiceBlockingStub.requestVote(RaftServerProtocolServiceGrpc.java:265)
	at org.apache.ratis.grpc.server.GrpcServerProtocolClient.requestVote(GrpcServerProtocolClient.java:99)
	at org.apache.ratis.grpc.server.GrpcService.requestVote(GrpcService.java:204)
	at org.apache.ratis.server.impl.LeaderElection.lambda$submitRequests$1(LeaderElection.java:234)
	at java.util.concurrent.FutureTask.run(FutureTask.java:266)
	at java.util.concurrent.Executors$RunnableAdapter.call(Executors.java:511)
	at java.util.concurrent.FutureTask.run(FutureTask.java:266)
	at java.util.concurrent.ThreadPoolExecutor.runWorker(ThreadPoolExecutor.java:1149)
	at java.util.concurrent.ThreadPoolExecutor$Worker.run(ThreadPoolExecutor.java:624)
	... 1 more
Caused by: org.apache.ratis.thirdparty.io.netty.channel.AbstractChannel$AnnotatedConnectException: Connection refused: /192.168.30.18:41009
	at sun.nio.ch.SocketChannelImpl.checkConnect(Native Method)
	at sun.nio.ch.SocketChannelImpl.finishConnect(SocketChannelImpl.java:717)
	at org.apache.ratis.thirdparty.io.netty.channel.socket.nio.NioSocketChannel.doFinishConnect(NioSocketChannel.java:327)
	at org.apache.ratis.thirdparty.io.netty.channel.nio.AbstractNioChannel$AbstractNioUnsafe.finishConnect(AbstractNioChannel.java:340)
	at org.apache.ratis.thirdparty.io.netty.channel.nio.NioEventLoop.processSelectedKey(NioEventLoop.java:632)
	at org.apache.ratis.thirdparty.io.netty.channel.nio.NioEventLoop.processSelectedKeysOptimized(NioEventLoop.java:579)
	at org.apache.ratis.thirdparty.io.netty.channel.nio.NioEventLoop.processSelectedKeys(NioEventLoop.java:496)
	at org.apache.ratis.thirdparty.io.netty.channel.nio.NioEventLoop.run(NioEventLoop.java:458)
	at org.apache.ratis.thirdparty.io.netty.util.concurrent.SingleThreadEventExecutor$5.run(SingleThreadEventExecutor.java:897)
	at org.apache.ratis.thirdparty.io.netty.util.concurrent.FastThreadLocalRunnable.run(FastThreadLocalRunnable.java:30)
	... 1 more
Caused by: java.net.ConnectException: Connection refused
	... 11 more
2019-10-01 07:15:57,862 [grpc-default-executor-6] INFO  impl.RaftServerImpl (RaftServerImpl.java:setRole(170)) - 4411321e-2142-48ef-9104-cebd18b9b25b@group-B9D33A6AA599: changes role from  FOLLOWER to FOLLOWER at term 5 for recognizeCandidate:4028da6e-4371-40dd-ac3f-4caa9965859c
2019-10-01 07:15:57,862 [grpc-default-executor-6] INFO  impl.RoleInfo (RoleInfo.java:shutdownFollowerState(121)) - 4411321e-2142-48ef-9104-cebd18b9b25b: shutdown FollowerState
2019-10-01 07:15:57,862 [grpc-default-executor-6] INFO  impl.RoleInfo (RoleInfo.java:updateAndGet(143)) - 4411321e-2142-48ef-9104-cebd18b9b25b: start FollowerState
2019-10-01 07:15:57,863 [Thread-3294] INFO  impl.FollowerState (FollowerState.java:run(117)) - 4411321e-2142-48ef-9104-cebd18b9b25b@group-B9D33A6AA599-FollowerState was interrupted: java.lang.InterruptedException: sleep interrupted
2019-10-01 07:15:57,876 [4028da6e-4371-40dd-ac3f-4caa9965859c@group-B9D33A6AA599-LeaderElection76] INFO  impl.LeaderElection (LeaderElection.java:logAndReturn(56)) - 4028da6e-4371-40dd-ac3f-4caa9965859c@group-B9D33A6AA599-LeaderElection76: Election PASSED; received 1 response(s) [4028da6e-4371-40dd-ac3f-4caa9965859c<-4411321e-2142-48ef-9104-cebd18b9b25b#0:OK-t5] and 1 exception(s); 4028da6e-4371-40dd-ac3f-4caa9965859c@group-B9D33A6AA599:t5, leader=null, voted=4028da6e-4371-40dd-ac3f-4caa9965859c, raftlog=4028da6e-4371-40dd-ac3f-4caa9965859c@group-B9D33A6AA599-SegmentedRaftLog:OPENED:c16,f16,i16, conf=0: [4028da6e-4371-40dd-ac3f-4caa9965859c:192.168.30.18:33581, 4411321e-2142-48ef-9104-cebd18b9b25b:192.168.30.18:44112, 779648de-c350-4e40-bb84-f82694d468ec:192.168.30.18:41009], old=null
2019-10-01 07:15:57,876 [4028da6e-4371-40dd-ac3f-4caa9965859c@group-B9D33A6AA599-LeaderElection76] INFO  impl.LeaderElection (LogUtils.java:infoOrTrace(149)) -   Exception 0: {}
java.util.concurrent.ExecutionException: org.apache.ratis.thirdparty.io.grpc.StatusRuntimeException: UNAVAILABLE: io exception
	at java.util.concurrent.FutureTask.report(FutureTask.java:122)
	at java.util.concurrent.FutureTask.get(FutureTask.java:192)
	at org.apache.ratis.server.impl.LeaderElection.waitForResults(LeaderElection.java:259)
	at org.apache.ratis.server.impl.LeaderElection.askForVotes(LeaderElection.java:197)
	at org.apache.ratis.server.impl.LeaderElection.run(LeaderElection.java:133)
	at java.lang.Thread.run(Thread.java:748)
Caused by: org.apache.ratis.thirdparty.io.grpc.StatusRuntimeException: UNAVAILABLE: io exception
	at org.apache.ratis.thirdparty.io.grpc.stub.ClientCalls.toStatusRuntimeException(ClientCalls.java:233)
	at org.apache.ratis.thirdparty.io.grpc.stub.ClientCalls.getUnchecked(ClientCalls.java:214)
	at org.apache.ratis.thirdparty.io.grpc.stub.ClientCalls.blockingUnaryCall(ClientCalls.java:139)
	at org.apache.ratis.proto.grpc.RaftServerProtocolServiceGrpc$RaftServerProtocolServiceBlockingStub.requestVote(RaftServerProtocolServiceGrpc.java:265)
	at org.apache.ratis.grpc.server.GrpcServerProtocolClient.requestVote(GrpcServerProtocolClient.java:99)
	at org.apache.ratis.grpc.server.GrpcService.requestVote(GrpcService.java:204)
	at org.apache.ratis.server.impl.LeaderElection.lambda$submitRequests$1(LeaderElection.java:234)
	at java.util.concurrent.FutureTask.run(FutureTask.java:266)
	at java.util.concurrent.Executors$RunnableAdapter.call(Executors.java:511)
	at java.util.concurrent.FutureTask.run(FutureTask.java:266)
	at java.util.concurrent.ThreadPoolExecutor.runWorker(ThreadPoolExecutor.java:1149)
	at java.util.concurrent.ThreadPoolExecutor$Worker.run(ThreadPoolExecutor.java:624)
	... 1 more
Caused by: org.apache.ratis.thirdparty.io.netty.channel.AbstractChannel$AnnotatedConnectException: Connection refused: /192.168.30.18:41009
	at sun.nio.ch.SocketChannelImpl.checkConnect(Native Method)
	at sun.nio.ch.SocketChannelImpl.finishConnect(SocketChannelImpl.java:717)
	at org.apache.ratis.thirdparty.io.netty.channel.socket.nio.NioSocketChannel.doFinishConnect(NioSocketChannel.java:327)
	at org.apache.ratis.thirdparty.io.netty.channel.nio.AbstractNioChannel$AbstractNioUnsafe.finishConnect(AbstractNioChannel.java:340)
	at org.apache.ratis.thirdparty.io.netty.channel.nio.NioEventLoop.processSelectedKey(NioEventLoop.java:632)
	at org.apache.ratis.thirdparty.io.netty.channel.nio.NioEventLoop.processSelectedKeysOptimized(NioEventLoop.java:579)
	at org.apache.ratis.thirdparty.io.netty.channel.nio.NioEventLoop.processSelectedKeys(NioEventLoop.java:496)
	at org.apache.ratis.thirdparty.io.netty.channel.nio.NioEventLoop.run(NioEventLoop.java:458)
	at org.apache.ratis.thirdparty.io.netty.util.concurrent.SingleThreadEventExecutor$5.run(SingleThreadEventExecutor.java:897)
	at org.apache.ratis.thirdparty.io.netty.util.concurrent.FastThreadLocalRunnable.run(FastThreadLocalRunnable.java:30)
	... 1 more
Caused by: java.net.ConnectException: Connection refused
	... 11 more
2019-10-01 07:15:57,877 [4028da6e-4371-40dd-ac3f-4caa9965859c@group-B9D33A6AA599-LeaderElection76] INFO  impl.RoleInfo (RoleInfo.java:shutdownLeaderElection(134)) - 4028da6e-4371-40dd-ac3f-4caa9965859c: shutdown LeaderElection
2019-10-01 07:15:57,877 [4028da6e-4371-40dd-ac3f-4caa9965859c@group-B9D33A6AA599-LeaderElection76] INFO  impl.RaftServerImpl (RaftServerImpl.java:setRole(170)) - 4028da6e-4371-40dd-ac3f-4caa9965859c@group-B9D33A6AA599: changes role from CANDIDATE to LEADER at term 5 for changeToLeader
2019-10-01 07:15:57,877 [4028da6e-4371-40dd-ac3f-4caa9965859c@group-B9D33A6AA599-LeaderElection76] INFO  impl.RaftServerImpl (ServerState.java:setLeader(255)) - 4028da6e-4371-40dd-ac3f-4caa9965859c@group-B9D33A6AA599: change Leader from null to 4028da6e-4371-40dd-ac3f-4caa9965859c at term 5 for becomeLeader, leader elected after 15688ms
2019-10-01 07:15:57,878 [4028da6e-4371-40dd-ac3f-4caa9965859c@group-B9D33A6AA599-LeaderElection76] INFO  server.RaftServerConfigKeys (ConfUtils.java:logGet(43)) - raft.server.staging.catchup.gap = 1000 (default)
2019-10-01 07:15:57,878 [4028da6e-4371-40dd-ac3f-4caa9965859c@group-B9D33A6AA599-LeaderElection76] INFO  server.RaftServerConfigKeys (ConfUtils.java:logGet(43)) - raft.server.rpc.sleep.time = 25ms (default)
2019-10-01 07:15:57,878 [4028da6e-4371-40dd-ac3f-4caa9965859c@group-B9D33A6AA599-LeaderElection76] INFO  server.RaftServerConfigKeys (ConfUtils.java:logGet(43)) - raft.server.write.element-limit = 4096 (default)
2019-10-01 07:15:57,878 [4028da6e-4371-40dd-ac3f-4caa9965859c@group-B9D33A6AA599-LeaderElection76] INFO  server.RaftServerConfigKeys (ConfUtils.java:logGet(43)) - raft.server.watch.timeout = 10s (default)
2019-10-01 07:15:57,878 [4028da6e-4371-40dd-ac3f-4caa9965859c@group-B9D33A6AA599-LeaderElection76] INFO  server.RaftServerConfigKeys (ConfUtils.java:logGet(43)) - raft.server.watch.timeout.denomination = 1s (default)
2019-10-01 07:15:57,879 [4028da6e-4371-40dd-ac3f-4caa9965859c@group-B9D33A6AA599-LeaderElection76] INFO  server.RaftServerConfigKeys (ConfUtils.java:logGet(43)) - raft.server.watch.element-limit = 65536 (default)
2019-10-01 07:15:57,882 [4028da6e-4371-40dd-ac3f-4caa9965859c@group-B9D33A6AA599-LeaderElection76] INFO  server.RaftServerConfigKeys (ConfUtils.java:logGet(43)) - raft.server.log.appender.snapshot.chunk.size.max = 16MB (=16777216) (default)
2019-10-01 07:15:57,883 [4028da6e-4371-40dd-ac3f-4caa9965859c@group-B9D33A6AA599-LeaderElection76] INFO  server.RaftServerConfigKeys (ConfUtils.java:logGet(43)) - raft.server.log.appender.buffer.byte-limit = 33554432 (custom)
2019-10-01 07:15:57,883 [4028da6e-4371-40dd-ac3f-4caa9965859c@group-B9D33A6AA599-LeaderElection76] INFO  server.RaftServerConfigKeys (ConfUtils.java:logGet(43)) - raft.server.log.appender.buffer.element-limit = 1 (custom)
2019-10-01 07:15:57,883 [4028da6e-4371-40dd-ac3f-4caa9965859c@group-B9D33A6AA599-LeaderElection76] INFO  grpc.GrpcConfigKeys$Server (ConfUtils.java:logGet(43)) - raft.grpc.server.leader.outstanding.appends.max = 128 (default)
2019-10-01 07:15:57,883 [4028da6e-4371-40dd-ac3f-4caa9965859c@group-B9D33A6AA599-LeaderElection76] INFO  server.RaftServerConfigKeys (ConfUtils.java:logGet(43)) - raft.server.rpc.request.timeout = 3000ms (default)
2019-10-01 07:15:57,883 [4028da6e-4371-40dd-ac3f-4caa9965859c@group-B9D33A6AA599-LeaderElection76] INFO  server.RaftServerConfigKeys (ConfUtils.java:logGet(43)) - raft.server.log.appender.install.snapshot.enabled = false (custom)
2019-10-01 07:15:57,884 [4028da6e-4371-40dd-ac3f-4caa9965859c@group-B9D33A6AA599-LeaderElection76] INFO  server.RaftServerConfigKeys (ConfUtils.java:logGet(43)) - raft.server.log.appender.snapshot.chunk.size.max = 16MB (=16777216) (default)
2019-10-01 07:15:57,884 [4028da6e-4371-40dd-ac3f-4caa9965859c@group-B9D33A6AA599-LeaderElection76] INFO  server.RaftServerConfigKeys (ConfUtils.java:logGet(43)) - raft.server.log.appender.buffer.byte-limit = 33554432 (custom)
2019-10-01 07:15:57,884 [4028da6e-4371-40dd-ac3f-4caa9965859c@group-B9D33A6AA599-LeaderElection76] INFO  server.RaftServerConfigKeys (ConfUtils.java:logGet(43)) - raft.server.log.appender.buffer.element-limit = 1 (custom)
2019-10-01 07:15:57,884 [4028da6e-4371-40dd-ac3f-4caa9965859c@group-B9D33A6AA599-LeaderElection76] INFO  grpc.GrpcConfigKeys$Server (ConfUtils.java:logGet(43)) - raft.grpc.server.leader.outstanding.appends.max = 128 (default)
2019-10-01 07:15:57,884 [4028da6e-4371-40dd-ac3f-4caa9965859c@group-B9D33A6AA599-LeaderElection76] INFO  server.RaftServerConfigKeys (ConfUtils.java:logGet(43)) - raft.server.rpc.request.timeout = 3000ms (default)
2019-10-01 07:15:57,885 [4028da6e-4371-40dd-ac3f-4caa9965859c@group-B9D33A6AA599-LeaderElection76] INFO  server.RaftServerConfigKeys (ConfUtils.java:logGet(43)) - raft.server.log.appender.install.snapshot.enabled = false (custom)
2019-10-01 07:15:57,885 [4028da6e-4371-40dd-ac3f-4caa9965859c@group-B9D33A6AA599-LeaderElection76] INFO  impl.RoleInfo (RoleInfo.java:updateAndGet(143)) - 4028da6e-4371-40dd-ac3f-4caa9965859c: start LeaderState
2019-10-01 07:15:57,886 [4028da6e-4371-40dd-ac3f-4caa9965859c@group-B9D33A6AA599-LeaderElection76] INFO  segmented.SegmentedRaftLogWorker (SegmentedRaftLogWorker.java:rollLogSegment(390)) - 4028da6e-4371-40dd-ac3f-4caa9965859c@group-B9D33A6AA599-SegmentedRaftLogWorker: Rolling segment log-0_16 to index:16
2019-10-01 07:15:57,890 [4028da6e-4371-40dd-ac3f-4caa9965859c@group-B9D33A6AA599-LeaderElection76] INFO  impl.RaftServerImpl (ServerState.java:setRaftConf(356)) - 4028da6e-4371-40dd-ac3f-4caa9965859c@group-B9D33A6AA599: set configuration 17: [4028da6e-4371-40dd-ac3f-4caa9965859c:192.168.30.18:33581, 4411321e-2142-48ef-9104-cebd18b9b25b:192.168.30.18:44112, 779648de-c350-4e40-bb84-f82694d468ec:192.168.30.18:41009], old=null at 17
2019-10-01 07:15:57,891 [grpc-default-executor-6] WARN  server.GrpcLogAppender (LogUtils.java:warn(134)) - 4028da6e-4371-40dd-ac3f-4caa9965859c@group-B9D33A6AA599->779648de-c350-4e40-bb84-f82694d468ec-AppendLogResponseHandler: Failed appendEntries: org.apache.ratis.thirdparty.io.grpc.StatusRuntimeException: UNAVAILABLE: io exception
2019-10-01 07:15:57,891 [4028da6e-4371-40dd-ac3f-4caa9965859c@group-B9D33A6AA599-SegmentedRaftLogWorker] INFO  segmented.SegmentedRaftLogWorker (SegmentedRaftLogWorker.java:execute(531)) - 4028da6e-4371-40dd-ac3f-4caa9965859c@group-B9D33A6AA599-SegmentedRaftLogWorker: Rolled log segment from /workdir/hadoop-ozone/integration-test/target/test-dir/MiniOzoneClusterImpl-2db916eb-b457-4fc6-8c12-ba4338359f32/datanode-1/data/ratis/b06fc9ad-88e6-43c1-b1dd-b9d33a6aa599/current/log_inprogress_0 to /workdir/hadoop-ozone/integration-test/target/test-dir/MiniOzoneClusterImpl-2db916eb-b457-4fc6-8c12-ba4338359f32/datanode-1/data/ratis/b06fc9ad-88e6-43c1-b1dd-b9d33a6aa599/current/log_0-16
2019-10-01 07:15:57,895 [grpc-default-executor-6] INFO  impl.FollowerInfo (FollowerInfo.java:lambda$new$0(51)) - 4028da6e-4371-40dd-ac3f-4caa9965859c@group-B9D33A6AA599->779648de-c350-4e40-bb84-f82694d468ec: nextIndex: updateUnconditionally 17 -> 1
2019-10-01 07:15:57,895 [grpc-default-executor-9] INFO  impl.RaftServerImpl (ServerState.java:setLeader(255)) - 4411321e-2142-48ef-9104-cebd18b9b25b@group-B9D33A6AA599: change Leader from null to 4028da6e-4371-40dd-ac3f-4caa9965859c at term 5 for appendEntries, leader elected after 15705ms
2019-10-01 07:15:57,933 [grpc-default-executor-9] INFO  impl.RaftServerImpl (ServerState.java:setRaftConf(356)) - 4411321e-2142-48ef-9104-cebd18b9b25b@group-B9D33A6AA599: set configuration 17: [4028da6e-4371-40dd-ac3f-4caa9965859c:192.168.30.18:33581, 4411321e-2142-48ef-9104-cebd18b9b25b:192.168.30.18:44112, 779648de-c350-4e40-bb84-f82694d468ec:192.168.30.18:41009], old=null at 17
2019-10-01 07:15:57,934 [grpc-default-executor-9] INFO  segmented.SegmentedRaftLogWorker (SegmentedRaftLogWorker.java:rollLogSegment(390)) - 4411321e-2142-48ef-9104-cebd18b9b25b@group-B9D33A6AA599-SegmentedRaftLogWorker: Rolling segment log-0_16 to index:16
2019-10-01 07:15:57,935 [4411321e-2142-48ef-9104-cebd18b9b25b@group-B9D33A6AA599-SegmentedRaftLogWorker] INFO  segmented.SegmentedRaftLogWorker (SegmentedRaftLogWorker.java:execute(531)) - 4411321e-2142-48ef-9104-cebd18b9b25b@group-B9D33A6AA599-SegmentedRaftLogWorker: Rolled log segment from /workdir/hadoop-ozone/integration-test/target/test-dir/MiniOzoneClusterImpl-2db916eb-b457-4fc6-8c12-ba4338359f32/datanode-0/data/ratis/b06fc9ad-88e6-43c1-b1dd-b9d33a6aa599/current/log_inprogress_0 to /workdir/hadoop-ozone/integration-test/target/test-dir/MiniOzoneClusterImpl-2db916eb-b457-4fc6-8c12-ba4338359f32/datanode-0/data/ratis/b06fc9ad-88e6-43c1-b1dd-b9d33a6aa599/current/log_0-16
2019-10-01 07:15:57,952 [4028da6e-4371-40dd-ac3f-4caa9965859c@group-B9D33A6AA599-SegmentedRaftLogWorker] INFO  segmented.SegmentedRaftLogWorker (SegmentedRaftLogWorker.java:execute(574)) - 4028da6e-4371-40dd-ac3f-4caa9965859c@group-B9D33A6AA599-SegmentedRaftLogWorker: created new log segment /workdir/hadoop-ozone/integration-test/target/test-dir/MiniOzoneClusterImpl-2db916eb-b457-4fc6-8c12-ba4338359f32/datanode-1/data/ratis/b06fc9ad-88e6-43c1-b1dd-b9d33a6aa599/current/log_inprogress_17
2019-10-01 07:15:57,985 [4411321e-2142-48ef-9104-cebd18b9b25b@group-B9D33A6AA599-SegmentedRaftLogWorker] INFO  segmented.SegmentedRaftLogWorker (SegmentedRaftLogWorker.java:execute(574)) - 4411321e-2142-48ef-9104-cebd18b9b25b@group-B9D33A6AA599-SegmentedRaftLogWorker: created new log segment /workdir/hadoop-ozone/integration-test/target/test-dir/MiniOzoneClusterImpl-2db916eb-b457-4fc6-8c12-ba4338359f32/datanode-0/data/ratis/b06fc9ad-88e6-43c1-b1dd-b9d33a6aa599/current/log_inprogress_17
2019-10-01 07:15:58,009 [grpc-default-executor-8] WARN  server.GrpcLogAppender (LogUtils.java:warn(134)) - 4028da6e-4371-40dd-ac3f-4caa9965859c@group-B9D33A6AA599->779648de-c350-4e40-bb84-f82694d468ec-AppendLogResponseHandler: Failed appendEntries: org.apache.ratis.thirdparty.io.grpc.StatusRuntimeException: UNAVAILABLE: io exception
2019-10-01 07:15:58,009 [grpc-default-executor-8] INFO  impl.FollowerInfo (FollowerInfo.java:lambda$new$0(51)) - 4028da6e-4371-40dd-ac3f-4caa9965859c@group-B9D33A6AA599->779648de-c350-4e40-bb84-f82694d468ec: nextIndex: updateUnconditionally 2 -> 1
2019-10-01 07:15:58,019 [grpc-default-executor-8] WARN  server.GrpcLogAppender (LogUtils.java:warn(134)) - 4028da6e-4371-40dd-ac3f-4caa9965859c@group-B9D33A6AA599->779648de-c350-4e40-bb84-f82694d468ec-AppendLogResponseHandler: Failed appendEntries: org.apache.ratis.thirdparty.io.grpc.StatusRuntimeException: UNAVAILABLE: io exception
2019-10-01 07:15:58,019 [grpc-default-executor-8] INFO  impl.FollowerInfo (FollowerInfo.java:lambda$new$0(51)) - 4028da6e-4371-40dd-ac3f-4caa9965859c@group-B9D33A6AA599->779648de-c350-4e40-bb84-f82694d468ec: nextIndex: updateUnconditionally 2 -> 1
07:15:59.758 [grpc-default-executor-6] ERROR DNAudit - user=null | ip=null | op=WRITE_CHUNK {blockData=conID: 1 locID: 102885891927441421 bcsId: 14} | ret=FAILURE
org.apache.hadoop.hdds.scm.container.common.helpers.ContainerNotOpenException: Container 1 in CLOSING state
	at org.apache.hadoop.ozone.container.common.impl.HddsDispatcher.validateContainerCommand(HddsDispatcher.java:434) ~[hadoop-hdds-container-service-0.5.0-SNAPSHOT.jar:?]
	at org.apache.hadoop.ozone.container.common.transport.server.ratis.ContainerStateMachine.startTransaction(ContainerStateMachine.java:315) ~[hadoop-hdds-container-service-0.5.0-SNAPSHOT.jar:?]
	at org.apache.ratis.server.impl.RaftServerImpl.submitClientRequestAsync(RaftServerImpl.java:569) ~[ratis-server-0.5.0-201fc85-SNAPSHOT.jar:0.5.0-201fc85-SNAPSHOT]
	at org.apache.ratis.server.impl.RaftServerProxy.lambda$submitClientRequestAsync$7(RaftServerProxy.java:333) ~[ratis-server-0.5.0-201fc85-SNAPSHOT.jar:0.5.0-201fc85-SNAPSHOT]
	at org.apache.ratis.server.impl.RaftServerProxy.lambda$null$5(RaftServerProxy.java:328) ~[ratis-server-0.5.0-201fc85-SNAPSHOT.jar:0.5.0-201fc85-SNAPSHOT]
	at org.apache.ratis.util.JavaUtils.callAsUnchecked(JavaUtils.java:109) ~[ratis-common-0.5.0-201fc85-SNAPSHOT.jar:0.5.0-201fc85-SNAPSHOT]
	at org.apache.ratis.server.impl.RaftServerProxy.lambda$submitRequest$6(RaftServerProxy.java:328) ~[ratis-server-0.5.0-201fc85-SNAPSHOT.jar:0.5.0-201fc85-SNAPSHOT]
	at java.util.concurrent.CompletableFuture.uniComposeStage(CompletableFuture.java:981) ~[?:1.8.0_212]
	at java.util.concurrent.CompletableFuture.thenCompose(CompletableFuture.java:2124) ~[?:1.8.0_212]
	at org.apache.ratis.server.impl.RaftServerProxy.submitRequest(RaftServerProxy.java:327) ~[ratis-server-0.5.0-201fc85-SNAPSHOT.jar:0.5.0-201fc85-SNAPSHOT]
	at org.apache.ratis.server.impl.RaftServerProxy.submitClientRequestAsync(RaftServerProxy.java:333) ~[ratis-server-0.5.0-201fc85-SNAPSHOT.jar:0.5.0-201fc85-SNAPSHOT]
	at org.apache.ratis.grpc.client.GrpcClientProtocolService$RequestStreamObserver.processClientRequest(GrpcClientProtocolService.java:220) ~[ratis-grpc-0.5.0-201fc85-SNAPSHOT.jar:0.5.0-201fc85-SNAPSHOT]
	at org.apache.ratis.grpc.client.GrpcClientProtocolService$OrderedRequestStreamObserver.processClientRequest(GrpcClientProtocolService.java:326) ~[ratis-grpc-0.5.0-201fc85-SNAPSHOT.jar:0.5.0-201fc85-SNAPSHOT]
	at org.apache.ratis.util.SlidingWindow$Server.processRequestsFromHead(SlidingWindow.java:429) [ratis-common-0.5.0-201fc85-SNAPSHOT.jar:0.5.0-201fc85-SNAPSHOT]
	at org.apache.ratis.util.SlidingWindow$Server.receivedRequest(SlidingWindow.java:421) [ratis-common-0.5.0-201fc85-SNAPSHOT.jar:0.5.0-201fc85-SNAPSHOT]
	at org.apache.ratis.grpc.client.GrpcClientProtocolService$OrderedRequestStreamObserver.processClientRequest(GrpcClientProtocolService.java:345) [ratis-grpc-0.5.0-201fc85-SNAPSHOT.jar:0.5.0-201fc85-SNAPSHOT]
	at org.apache.ratis.grpc.client.GrpcClientProtocolService$RequestStreamObserver.onNext(GrpcClientProtocolService.java:240) [ratis-grpc-0.5.0-201fc85-SNAPSHOT.jar:0.5.0-201fc85-SNAPSHOT]
	at org.apache.ratis.grpc.client.GrpcClientProtocolService$RequestStreamObserver.onNext(GrpcClientProtocolService.java:168) [ratis-grpc-0.5.0-201fc85-SNAPSHOT.jar:0.5.0-201fc85-SNAPSHOT]
	at org.apache.ratis.thirdparty.io.grpc.stub.ServerCalls$StreamingServerCallHandler$StreamingServerCallListener.onMessage(ServerCalls.java:248) [ratis-thirdparty-misc-0.2.0.jar:0.2.0]
	at org.apache.ratis.thirdparty.io.grpc.internal.ServerCallImpl$ServerStreamListenerImpl.messagesAvailable(ServerCallImpl.java:263) [ratis-thirdparty-misc-0.2.0.jar:0.2.0]
	at org.apache.ratis.thirdparty.io.grpc.internal.ServerImpl$JumpToApplicationThreadServerStreamListener$1MessagesAvailable.runInContext(ServerImpl.java:686) [ratis-thirdparty-misc-0.2.0.jar:0.2.0]
	at org.apache.ratis.thirdparty.io.grpc.internal.ContextRunnable.run(ContextRunnable.java:37) [ratis-thirdparty-misc-0.2.0.jar:0.2.0]
	at org.apache.ratis.thirdparty.io.grpc.internal.SerializingExecutor.run(SerializingExecutor.java:123) [ratis-thirdparty-misc-0.2.0.jar:0.2.0]
	at java.util.concurrent.ThreadPoolExecutor.runWorker(ThreadPoolExecutor.java:1149) [?:1.8.0_212]
	at java.util.concurrent.ThreadPoolExecutor$Worker.run(ThreadPoolExecutor.java:624) [?:1.8.0_212]
	at java.lang.Thread.run(Thread.java:748) [?:1.8.0_212]
07:15:59.774 [grpc-default-executor-6] ERROR DNAudit - user=null | ip=null | op=WRITE_CHUNK {blockData=conID: 1 locID: 102885891927441421 bcsId: 14} | ret=FAILURE
org.apache.hadoop.hdds.scm.container.common.helpers.ContainerNotOpenException: Container 1 in CLOSING state
	at org.apache.hadoop.ozone.container.common.impl.HddsDispatcher.validateContainerCommand(HddsDispatcher.java:434) ~[hadoop-hdds-container-service-0.5.0-SNAPSHOT.jar:?]
	at org.apache.hadoop.ozone.container.common.transport.server.ratis.ContainerStateMachine.startTransaction(ContainerStateMachine.java:315) ~[hadoop-hdds-container-service-0.5.0-SNAPSHOT.jar:?]
	at org.apache.ratis.server.impl.RaftServerImpl.submitClientRequestAsync(RaftServerImpl.java:569) ~[ratis-server-0.5.0-201fc85-SNAPSHOT.jar:0.5.0-201fc85-SNAPSHOT]
	at org.apache.ratis.server.impl.RaftServerProxy.lambda$submitClientRequestAsync$7(RaftServerProxy.java:333) ~[ratis-server-0.5.0-201fc85-SNAPSHOT.jar:0.5.0-201fc85-SNAPSHOT]
	at org.apache.ratis.server.impl.RaftServerProxy.lambda$null$5(RaftServerProxy.java:328) ~[ratis-server-0.5.0-201fc85-SNAPSHOT.jar:0.5.0-201fc85-SNAPSHOT]
	at org.apache.ratis.util.JavaUtils.callAsUnchecked(JavaUtils.java:109) ~[ratis-common-0.5.0-201fc85-SNAPSHOT.jar:0.5.0-201fc85-SNAPSHOT]
	at org.apache.ratis.server.impl.RaftServerProxy.lambda$submitRequest$6(RaftServerProxy.java:328) ~[ratis-server-0.5.0-201fc85-SNAPSHOT.jar:0.5.0-201fc85-SNAPSHOT]
	at java.util.concurrent.CompletableFuture.uniComposeStage(CompletableFuture.java:981) ~[?:1.8.0_212]
	at java.util.concurrent.CompletableFuture.thenCompose(CompletableFuture.java:2124) ~[?:1.8.0_212]
	at org.apache.ratis.server.impl.RaftServerProxy.submitRequest(RaftServerProxy.java:327) ~[ratis-server-0.5.0-201fc85-SNAPSHOT.jar:0.5.0-201fc85-SNAPSHOT]
	at org.apache.ratis.server.impl.RaftServerProxy.submitClientRequestAsync(RaftServerProxy.java:333) ~[ratis-server-0.5.0-201fc85-SNAPSHOT.jar:0.5.0-201fc85-SNAPSHOT]
	at org.apache.ratis.grpc.client.GrpcClientProtocolService$RequestStreamObserver.processClientRequest(GrpcClientProtocolService.java:220) ~[ratis-grpc-0.5.0-201fc85-SNAPSHOT.jar:0.5.0-201fc85-SNAPSHOT]
	at org.apache.ratis.grpc.client.GrpcClientProtocolService$OrderedRequestStreamObserver.processClientRequest(GrpcClientProtocolService.java:326) ~[ratis-grpc-0.5.0-201fc85-SNAPSHOT.jar:0.5.0-201fc85-SNAPSHOT]
	at org.apache.ratis.util.SlidingWindow$Server.processRequestsFromHead(SlidingWindow.java:429) [ratis-common-0.5.0-201fc85-SNAPSHOT.jar:0.5.0-201fc85-SNAPSHOT]
	at org.apache.ratis.util.SlidingWindow$Server.receivedRequest(SlidingWindow.java:421) [ratis-common-0.5.0-201fc85-SNAPSHOT.jar:0.5.0-201fc85-SNAPSHOT]
	at org.apache.ratis.grpc.client.GrpcClientProtocolService$OrderedRequestStreamObserver.processClientRequest(GrpcClientProtocolService.java:345) [ratis-grpc-0.5.0-201fc85-SNAPSHOT.jar:0.5.0-201fc85-SNAPSHOT]
	at org.apache.ratis.grpc.client.GrpcClientProtocolService$RequestStreamObserver.onNext(GrpcClientProtocolService.java:240) [ratis-grpc-0.5.0-201fc85-SNAPSHOT.jar:0.5.0-201fc85-SNAPSHOT]
	at org.apache.ratis.grpc.client.GrpcClientProtocolService$RequestStreamObserver.onNext(GrpcClientProtocolService.java:168) [ratis-grpc-0.5.0-201fc85-SNAPSHOT.jar:0.5.0-201fc85-SNAPSHOT]
	at org.apache.ratis.thirdparty.io.grpc.stub.ServerCalls$StreamingServerCallHandler$StreamingServerCallListener.onMessage(ServerCalls.java:248) [ratis-thirdparty-misc-0.2.0.jar:0.2.0]
	at org.apache.ratis.thirdparty.io.grpc.internal.ServerCallImpl$ServerStreamListenerImpl.messagesAvailable(ServerCallImpl.java:263) [ratis-thirdparty-misc-0.2.0.jar:0.2.0]
	at org.apache.ratis.thirdparty.io.grpc.internal.ServerImpl$JumpToApplicationThreadServerStreamListener$1MessagesAvailable.runInContext(ServerImpl.java:686) [ratis-thirdparty-misc-0.2.0.jar:0.2.0]
	at org.apache.ratis.thirdparty.io.grpc.internal.ContextRunnable.run(ContextRunnable.java:37) [ratis-thirdparty-misc-0.2.0.jar:0.2.0]
	at org.apache.ratis.thirdparty.io.grpc.internal.SerializingExecutor.run(SerializingExecutor.java:123) [ratis-thirdparty-misc-0.2.0.jar:0.2.0]
	at java.util.concurrent.ThreadPoolExecutor.runWorker(ThreadPoolExecutor.java:1149) [?:1.8.0_212]
	at java.util.concurrent.ThreadPoolExecutor$Worker.run(ThreadPoolExecutor.java:624) [?:1.8.0_212]
	at java.lang.Thread.run(Thread.java:748) [?:1.8.0_212]
07:15:59.785 [grpc-default-executor-6] ERROR DNAudit - user=null | ip=null | op=PUT_BLOCK {blockData=[blockId=conID: 1 locID: 102885891927441421 bcsId: 0,size=650]} | ret=FAILURE
org.apache.hadoop.hdds.scm.container.common.helpers.ContainerNotOpenException: Container 1 in CLOSING state
	at org.apache.hadoop.ozone.container.common.impl.HddsDispatcher.validateContainerCommand(HddsDispatcher.java:434) ~[hadoop-hdds-container-service-0.5.0-SNAPSHOT.jar:?]
	at org.apache.hadoop.ozone.container.common.transport.server.ratis.ContainerStateMachine.startTransaction(ContainerStateMachine.java:315) ~[hadoop-hdds-container-service-0.5.0-SNAPSHOT.jar:?]
	at org.apache.ratis.server.impl.RaftServerImpl.submitClientRequestAsync(RaftServerImpl.java:569) ~[ratis-server-0.5.0-201fc85-SNAPSHOT.jar:0.5.0-201fc85-SNAPSHOT]
	at org.apache.ratis.server.impl.RaftServerProxy.lambda$submitClientRequestAsync$7(RaftServerProxy.java:333) ~[ratis-server-0.5.0-201fc85-SNAPSHOT.jar:0.5.0-201fc85-SNAPSHOT]
	at org.apache.ratis.server.impl.RaftServerProxy.lambda$null$5(RaftServerProxy.java:328) ~[ratis-server-0.5.0-201fc85-SNAPSHOT.jar:0.5.0-201fc85-SNAPSHOT]
	at org.apache.ratis.util.JavaUtils.callAsUnchecked(JavaUtils.java:109) ~[ratis-common-0.5.0-201fc85-SNAPSHOT.jar:0.5.0-201fc85-SNAPSHOT]
	at org.apache.ratis.server.impl.RaftServerProxy.lambda$submitRequest$6(RaftServerProxy.java:328) ~[ratis-server-0.5.0-201fc85-SNAPSHOT.jar:0.5.0-201fc85-SNAPSHOT]
	at java.util.concurrent.CompletableFuture.uniComposeStage(CompletableFuture.java:981) ~[?:1.8.0_212]
	at java.util.concurrent.CompletableFuture.thenCompose(CompletableFuture.java:2124) ~[?:1.8.0_212]
	at org.apache.ratis.server.impl.RaftServerProxy.submitRequest(RaftServerProxy.java:327) ~[ratis-server-0.5.0-201fc85-SNAPSHOT.jar:0.5.0-201fc85-SNAPSHOT]
	at org.apache.ratis.server.impl.RaftServerProxy.submitClientRequestAsync(RaftServerProxy.java:333) ~[ratis-server-0.5.0-201fc85-SNAPSHOT.jar:0.5.0-201fc85-SNAPSHOT]
	at org.apache.ratis.grpc.client.GrpcClientProtocolService$RequestStreamObserver.processClientRequest(GrpcClientProtocolService.java:220) ~[ratis-grpc-0.5.0-201fc85-SNAPSHOT.jar:0.5.0-201fc85-SNAPSHOT]
	at org.apache.ratis.grpc.client.GrpcClientProtocolService$OrderedRequestStreamObserver.processClientRequest(GrpcClientProtocolService.java:326) ~[ratis-grpc-0.5.0-201fc85-SNAPSHOT.jar:0.5.0-201fc85-SNAPSHOT]
	at org.apache.ratis.util.SlidingWindow$Server.processRequestsFromHead(SlidingWindow.java:429) [ratis-common-0.5.0-201fc85-SNAPSHOT.jar:0.5.0-201fc85-SNAPSHOT]
	at org.apache.ratis.util.SlidingWindow$Server.receivedRequest(SlidingWindow.java:421) [ratis-common-0.5.0-201fc85-SNAPSHOT.jar:0.5.0-201fc85-SNAPSHOT]
	at org.apache.ratis.grpc.client.GrpcClientProtocolService$OrderedRequestStreamObserver.processClientRequest(GrpcClientProtocolService.java:345) [ratis-grpc-0.5.0-201fc85-SNAPSHOT.jar:0.5.0-201fc85-SNAPSHOT]
	at org.apache.ratis.grpc.client.GrpcClientProtocolService$RequestStreamObserver.onNext(GrpcClientProtocolService.java:240) [ratis-grpc-0.5.0-201fc85-SNAPSHOT.jar:0.5.0-201fc85-SNAPSHOT]
	at org.apache.ratis.grpc.client.GrpcClientProtocolService$RequestStreamObserver.onNext(GrpcClientProtocolService.java:168) [ratis-grpc-0.5.0-201fc85-SNAPSHOT.jar:0.5.0-201fc85-SNAPSHOT]
	at org.apache.ratis.thirdparty.io.grpc.stub.ServerCalls$StreamingServerCallHandler$StreamingServerCallListener.onMessage(ServerCalls.java:248) [ratis-thirdparty-misc-0.2.0.jar:0.2.0]
	at org.apache.ratis.thirdparty.io.grpc.internal.ServerCallImpl$ServerStreamListenerImpl.messagesAvailable(ServerCallImpl.java:263) [ratis-thirdparty-misc-0.2.0.jar:0.2.0]
	at org.apache.ratis.thirdparty.io.grpc.internal.ServerImpl$JumpToApplicationThreadServerStreamListener$1MessagesAvailable.runInContext(ServerImpl.java:686) [ratis-thirdparty-misc-0.2.0.jar:0.2.0]
	at org.apache.ratis.thirdparty.io.grpc.internal.ContextRunnable.run(ContextRunnable.java:37) [ratis-thirdparty-misc-0.2.0.jar:0.2.0]
	at org.apache.ratis.thirdparty.io.grpc.internal.SerializingExecutor.run(SerializingExecutor.java:123) [ratis-thirdparty-misc-0.2.0.jar:0.2.0]
	at java.util.concurrent.ThreadPoolExecutor.runWorker(ThreadPoolExecutor.java:1149) [?:1.8.0_212]
	at java.util.concurrent.ThreadPoolExecutor$Worker.run(ThreadPoolExecutor.java:624) [?:1.8.0_212]
	at java.lang.Thread.run(Thread.java:748) [?:1.8.0_212]
07:15:59.787 [grpc-default-executor-6] ERROR DNAudit - user=null | ip=null | op=WRITE_CHUNK {blockData=conID: 1 locID: 102885891927441421 bcsId: 14} | ret=FAILURE
org.apache.hadoop.hdds.scm.container.common.helpers.ContainerNotOpenException: Container 1 in CLOSING state
	at org.apache.hadoop.ozone.container.common.impl.HddsDispatcher.validateContainerCommand(HddsDispatcher.java:434) ~[hadoop-hdds-container-service-0.5.0-SNAPSHOT.jar:?]
	at org.apache.hadoop.ozone.container.common.transport.server.ratis.ContainerStateMachine.startTransaction(ContainerStateMachine.java:315) ~[hadoop-hdds-container-service-0.5.0-SNAPSHOT.jar:?]
	at org.apache.ratis.server.impl.RaftServerImpl.submitClientRequestAsync(RaftServerImpl.java:569) ~[ratis-server-0.5.0-201fc85-SNAPSHOT.jar:0.5.0-201fc85-SNAPSHOT]
	at org.apache.ratis.server.impl.RaftServerProxy.lambda$submitClientRequestAsync$7(RaftServerProxy.java:333) ~[ratis-server-0.5.0-201fc85-SNAPSHOT.jar:0.5.0-201fc85-SNAPSHOT]
	at org.apache.ratis.server.impl.RaftServerProxy.lambda$null$5(RaftServerProxy.java:328) ~[ratis-server-0.5.0-201fc85-SNAPSHOT.jar:0.5.0-201fc85-SNAPSHOT]
	at org.apache.ratis.util.JavaUtils.callAsUnchecked(JavaUtils.java:109) ~[ratis-common-0.5.0-201fc85-SNAPSHOT.jar:0.5.0-201fc85-SNAPSHOT]
	at org.apache.ratis.server.impl.RaftServerProxy.lambda$submitRequest$6(RaftServerProxy.java:328) ~[ratis-server-0.5.0-201fc85-SNAPSHOT.jar:0.5.0-201fc85-SNAPSHOT]
	at java.util.concurrent.CompletableFuture.uniComposeStage(CompletableFuture.java:981) ~[?:1.8.0_212]
	at java.util.concurrent.CompletableFuture.thenCompose(CompletableFuture.java:2124) ~[?:1.8.0_212]
	at org.apache.ratis.server.impl.RaftServerProxy.submitRequest(RaftServerProxy.java:327) ~[ratis-server-0.5.0-201fc85-SNAPSHOT.jar:0.5.0-201fc85-SNAPSHOT]
	at org.apache.ratis.server.impl.RaftServerProxy.submitClientRequestAsync(RaftServerProxy.java:333) ~[ratis-server-0.5.0-201fc85-SNAPSHOT.jar:0.5.0-201fc85-SNAPSHOT]
	at org.apache.ratis.grpc.client.GrpcClientProtocolService$RequestStreamObserver.processClientRequest(GrpcClientProtocolService.java:220) ~[ratis-grpc-0.5.0-201fc85-SNAPSHOT.jar:0.5.0-201fc85-SNAPSHOT]
	at org.apache.ratis.grpc.client.GrpcClientProtocolService$OrderedRequestStreamObserver.processClientRequest(GrpcClientProtocolService.java:326) ~[ratis-grpc-0.5.0-201fc85-SNAPSHOT.jar:0.5.0-201fc85-SNAPSHOT]
	at org.apache.ratis.util.SlidingWindow$Server.processRequestsFromHead(SlidingWindow.java:429) [ratis-common-0.5.0-201fc85-SNAPSHOT.jar:0.5.0-201fc85-SNAPSHOT]
	at org.apache.ratis.util.SlidingWindow$Server.receivedRequest(SlidingWindow.java:421) [ratis-common-0.5.0-201fc85-SNAPSHOT.jar:0.5.0-201fc85-SNAPSHOT]
	at org.apache.ratis.grpc.client.GrpcClientProtocolService$OrderedRequestStreamObserver.processClientRequest(GrpcClientProtocolService.java:345) [ratis-grpc-0.5.0-201fc85-SNAPSHOT.jar:0.5.0-201fc85-SNAPSHOT]
	at org.apache.ratis.grpc.client.GrpcClientProtocolService$RequestStreamObserver.onNext(GrpcClientProtocolService.java:240) [ratis-grpc-0.5.0-201fc85-SNAPSHOT.jar:0.5.0-201fc85-SNAPSHOT]
	at org.apache.ratis.grpc.client.GrpcClientProtocolService$RequestStreamObserver.onNext(GrpcClientProtocolService.java:168) [ratis-grpc-0.5.0-201fc85-SNAPSHOT.jar:0.5.0-201fc85-SNAPSHOT]
	at org.apache.ratis.thirdparty.io.grpc.stub.ServerCalls$StreamingServerCallHandler$StreamingServerCallListener.onMessage(ServerCalls.java:248) [ratis-thirdparty-misc-0.2.0.jar:0.2.0]
	at org.apache.ratis.thirdparty.io.grpc.internal.ServerCallImpl$ServerStreamListenerImpl.messagesAvailable(ServerCallImpl.java:263) [ratis-thirdparty-misc-0.2.0.jar:0.2.0]
	at org.apache.ratis.thirdparty.io.grpc.internal.ServerImpl$JumpToApplicationThreadServerStreamListener$1MessagesAvailable.runInContext(ServerImpl.java:686) [ratis-thirdparty-misc-0.2.0.jar:0.2.0]
	at org.apache.ratis.thirdparty.io.grpc.internal.ContextRunnable.run(ContextRunnable.java:37) [ratis-thirdparty-misc-0.2.0.jar:0.2.0]
	at org.apache.ratis.thirdparty.io.grpc.internal.SerializingExecutor.run(SerializingExecutor.java:123) [ratis-thirdparty-misc-0.2.0.jar:0.2.0]
	at java.util.concurrent.ThreadPoolExecutor.runWorker(ThreadPoolExecutor.java:1149) [?:1.8.0_212]
	at java.util.concurrent.ThreadPoolExecutor$Worker.run(ThreadPoolExecutor.java:624) [?:1.8.0_212]
	at java.lang.Thread.run(Thread.java:748) [?:1.8.0_212]
07:15:59.801 [grpc-default-executor-6] ERROR DNAudit - user=null | ip=null | op=WRITE_CHUNK {blockData=conID: 1 locID: 102885891927441421 bcsId: 14} | ret=FAILURE
org.apache.hadoop.hdds.scm.container.common.helpers.ContainerNotOpenException: Container 1 in CLOSING state
	at org.apache.hadoop.ozone.container.common.impl.HddsDispatcher.validateContainerCommand(HddsDispatcher.java:434) ~[hadoop-hdds-container-service-0.5.0-SNAPSHOT.jar:?]
	at org.apache.hadoop.ozone.container.common.transport.server.ratis.ContainerStateMachine.startTransaction(ContainerStateMachine.java:315) ~[hadoop-hdds-container-service-0.5.0-SNAPSHOT.jar:?]
	at org.apache.ratis.server.impl.RaftServerImpl.submitClientRequestAsync(RaftServerImpl.java:569) ~[ratis-server-0.5.0-201fc85-SNAPSHOT.jar:0.5.0-201fc85-SNAPSHOT]
	at org.apache.ratis.server.impl.RaftServerProxy.lambda$submitClientRequestAsync$7(RaftServerProxy.java:333) ~[ratis-server-0.5.0-201fc85-SNAPSHOT.jar:0.5.0-201fc85-SNAPSHOT]
	at org.apache.ratis.server.impl.RaftServerProxy.lambda$null$5(RaftServerProxy.java:328) ~[ratis-server-0.5.0-201fc85-SNAPSHOT.jar:0.5.0-201fc85-SNAPSHOT]
	at org.apache.ratis.util.JavaUtils.callAsUnchecked(JavaUtils.java:109) ~[ratis-common-0.5.0-201fc85-SNAPSHOT.jar:0.5.0-201fc85-SNAPSHOT]
	at org.apache.ratis.server.impl.RaftServerProxy.lambda$submitRequest$6(RaftServerProxy.java:328) ~[ratis-server-0.5.0-201fc85-SNAPSHOT.jar:0.5.0-201fc85-SNAPSHOT]
	at java.util.concurrent.CompletableFuture.uniComposeStage(CompletableFuture.java:981) ~[?:1.8.0_212]
	at java.util.concurrent.CompletableFuture.thenCompose(CompletableFuture.java:2124) ~[?:1.8.0_212]
	at org.apache.ratis.server.impl.RaftServerProxy.submitRequest(RaftServerProxy.java:327) ~[ratis-server-0.5.0-201fc85-SNAPSHOT.jar:0.5.0-201fc85-SNAPSHOT]
	at org.apache.ratis.server.impl.RaftServerProxy.submitClientRequestAsync(RaftServerProxy.java:333) ~[ratis-server-0.5.0-201fc85-SNAPSHOT.jar:0.5.0-201fc85-SNAPSHOT]
	at org.apache.ratis.grpc.client.GrpcClientProtocolService$RequestStreamObserver.processClientRequest(GrpcClientProtocolService.java:220) ~[ratis-grpc-0.5.0-201fc85-SNAPSHOT.jar:0.5.0-201fc85-SNAPSHOT]
	at org.apache.ratis.grpc.client.GrpcClientProtocolService$OrderedRequestStreamObserver.processClientRequest(GrpcClientProtocolService.java:326) ~[ratis-grpc-0.5.0-201fc85-SNAPSHOT.jar:0.5.0-201fc85-SNAPSHOT]
	at org.apache.ratis.util.SlidingWindow$Server.processRequestsFromHead(SlidingWindow.java:429) [ratis-common-0.5.0-201fc85-SNAPSHOT.jar:0.5.0-201fc85-SNAPSHOT]
	at org.apache.ratis.util.SlidingWindow$Server.receivedRequest(SlidingWindow.java:421) [ratis-common-0.5.0-201fc85-SNAPSHOT.jar:0.5.0-201fc85-SNAPSHOT]
	at org.apache.ratis.grpc.client.GrpcClientProtocolService$OrderedRequestStreamObserver.processClientRequest(GrpcClientProtocolService.java:345) [ratis-grpc-0.5.0-201fc85-SNAPSHOT.jar:0.5.0-201fc85-SNAPSHOT]
	at org.apache.ratis.grpc.client.GrpcClientProtocolService$RequestStreamObserver.onNext(GrpcClientProtocolService.java:240) [ratis-grpc-0.5.0-201fc85-SNAPSHOT.jar:0.5.0-201fc85-SNAPSHOT]
	at org.apache.ratis.grpc.client.GrpcClientProtocolService$RequestStreamObserver.onNext(GrpcClientProtocolService.java:168) [ratis-grpc-0.5.0-201fc85-SNAPSHOT.jar:0.5.0-201fc85-SNAPSHOT]
	at org.apache.ratis.thirdparty.io.grpc.stub.ServerCalls$StreamingServerCallHandler$StreamingServerCallListener.onMessage(ServerCalls.java:248) [ratis-thirdparty-misc-0.2.0.jar:0.2.0]
	at org.apache.ratis.thirdparty.io.grpc.internal.ServerCallImpl$ServerStreamListenerImpl.messagesAvailable(ServerCallImpl.java:263) [ratis-thirdparty-misc-0.2.0.jar:0.2.0]
	at org.apache.ratis.thirdparty.io.grpc.internal.ServerImpl$JumpToApplicationThreadServerStreamListener$1MessagesAvailable.runInContext(ServerImpl.java:686) [ratis-thirdparty-misc-0.2.0.jar:0.2.0]
	at org.apache.ratis.thirdparty.io.grpc.internal.ContextRunnable.run(ContextRunnable.java:37) [ratis-thirdparty-misc-0.2.0.jar:0.2.0]
	at org.apache.ratis.thirdparty.io.grpc.internal.SerializingExecutor.run(SerializingExecutor.java:123) [ratis-thirdparty-misc-0.2.0.jar:0.2.0]
	at java.util.concurrent.ThreadPoolExecutor.runWorker(ThreadPoolExecutor.java:1149) [?:1.8.0_212]
	at java.util.concurrent.ThreadPoolExecutor$Worker.run(ThreadPoolExecutor.java:624) [?:1.8.0_212]
	at java.lang.Thread.run(Thread.java:748) [?:1.8.0_212]
07:15:59.810 [grpc-default-executor-6] ERROR DNAudit - user=null | ip=null | op=PUT_BLOCK {blockData=[blockId=conID: 1 locID: 102885891927441421 bcsId: 0,size=800]} | ret=FAILURE
org.apache.hadoop.hdds.scm.container.common.helpers.ContainerNotOpenException: Container 1 in CLOSING state
	at org.apache.hadoop.ozone.container.common.impl.HddsDispatcher.validateContainerCommand(HddsDispatcher.java:434) ~[hadoop-hdds-container-service-0.5.0-SNAPSHOT.jar:?]
	at org.apache.hadoop.ozone.container.common.transport.server.ratis.ContainerStateMachine.startTransaction(ContainerStateMachine.java:315) ~[hadoop-hdds-container-service-0.5.0-SNAPSHOT.jar:?]
	at org.apache.ratis.server.impl.RaftServerImpl.submitClientRequestAsync(RaftServerImpl.java:569) ~[ratis-server-0.5.0-201fc85-SNAPSHOT.jar:0.5.0-201fc85-SNAPSHOT]
	at org.apache.ratis.server.impl.RaftServerProxy.lambda$submitClientRequestAsync$7(RaftServerProxy.java:333) ~[ratis-server-0.5.0-201fc85-SNAPSHOT.jar:0.5.0-201fc85-SNAPSHOT]
	at org.apache.ratis.server.impl.RaftServerProxy.lambda$null$5(RaftServerProxy.java:328) ~[ratis-server-0.5.0-201fc85-SNAPSHOT.jar:0.5.0-201fc85-SNAPSHOT]
	at org.apache.ratis.util.JavaUtils.callAsUnchecked(JavaUtils.java:109) ~[ratis-common-0.5.0-201fc85-SNAPSHOT.jar:0.5.0-201fc85-SNAPSHOT]
	at org.apache.ratis.server.impl.RaftServerProxy.lambda$submitRequest$6(RaftServerProxy.java:328) ~[ratis-server-0.5.0-201fc85-SNAPSHOT.jar:0.5.0-201fc85-SNAPSHOT]
	at java.util.concurrent.CompletableFuture.uniComposeStage(CompletableFuture.java:981) ~[?:1.8.0_212]
	at java.util.concurrent.CompletableFuture.thenCompose(CompletableFuture.java:2124) ~[?:1.8.0_212]
	at org.apache.ratis.server.impl.RaftServerProxy.submitRequest(RaftServerProxy.java:327) ~[ratis-server-0.5.0-201fc85-SNAPSHOT.jar:0.5.0-201fc85-SNAPSHOT]
	at org.apache.ratis.server.impl.RaftServerProxy.submitClientRequestAsync(RaftServerProxy.java:333) ~[ratis-server-0.5.0-201fc85-SNAPSHOT.jar:0.5.0-201fc85-SNAPSHOT]
	at org.apache.ratis.grpc.client.GrpcClientProtocolService$RequestStreamObserver.processClientRequest(GrpcClientProtocolService.java:220) ~[ratis-grpc-0.5.0-201fc85-SNAPSHOT.jar:0.5.0-201fc85-SNAPSHOT]
	at org.apache.ratis.grpc.client.GrpcClientProtocolService$OrderedRequestStreamObserver.processClientRequest(GrpcClientProtocolService.java:326) ~[ratis-grpc-0.5.0-201fc85-SNAPSHOT.jar:0.5.0-201fc85-SNAPSHOT]
	at org.apache.ratis.util.SlidingWindow$Server.processRequestsFromHead(SlidingWindow.java:429) [ratis-common-0.5.0-201fc85-SNAPSHOT.jar:0.5.0-201fc85-SNAPSHOT]
	at org.apache.ratis.util.SlidingWindow$Server.receivedRequest(SlidingWindow.java:421) [ratis-common-0.5.0-201fc85-SNAPSHOT.jar:0.5.0-201fc85-SNAPSHOT]
	at org.apache.ratis.grpc.client.GrpcClientProtocolService$OrderedRequestStreamObserver.processClientRequest(GrpcClientProtocolService.java:345) [ratis-grpc-0.5.0-201fc85-SNAPSHOT.jar:0.5.0-201fc85-SNAPSHOT]
	at org.apache.ratis.grpc.client.GrpcClientProtocolService$RequestStreamObserver.onNext(GrpcClientProtocolService.java:240) [ratis-grpc-0.5.0-201fc85-SNAPSHOT.jar:0.5.0-201fc85-SNAPSHOT]
	at org.apache.ratis.grpc.client.GrpcClientProtocolService$RequestStreamObserver.onNext(GrpcClientProtocolService.java:168) [ratis-grpc-0.5.0-201fc85-SNAPSHOT.jar:0.5.0-201fc85-SNAPSHOT]
	at org.apache.ratis.thirdparty.io.grpc.stub.ServerCalls$StreamingServerCallHandler$StreamingServerCallListener.onMessage(ServerCalls.java:248) [ratis-thirdparty-misc-0.2.0.jar:0.2.0]
	at org.apache.ratis.thirdparty.io.grpc.internal.ServerCallImpl$ServerStreamListenerImpl.messagesAvailable(ServerCallImpl.java:263) [ratis-thirdparty-misc-0.2.0.jar:0.2.0]
	at org.apache.ratis.thirdparty.io.grpc.internal.ServerImpl$JumpToApplicationThreadServerStreamListener$1MessagesAvailable.runInContext(ServerImpl.java:686) [ratis-thirdparty-misc-0.2.0.jar:0.2.0]
	at org.apache.ratis.thirdparty.io.grpc.internal.ContextRunnable.run(ContextRunnable.java:37) [ratis-thirdparty-misc-0.2.0.jar:0.2.0]
	at org.apache.ratis.thirdparty.io.grpc.internal.SerializingExecutor.run(SerializingExecutor.java:123) [ratis-thirdparty-misc-0.2.0.jar:0.2.0]
	at java.util.concurrent.ThreadPoolExecutor.runWorker(ThreadPoolExecutor.java:1149) [?:1.8.0_212]
	at java.util.concurrent.ThreadPoolExecutor$Worker.run(ThreadPoolExecutor.java:624) [?:1.8.0_212]
	at java.lang.Thread.run(Thread.java:748) [?:1.8.0_212]
2019-10-01 07:16:00,467 [main] INFO  ozone.MiniOzoneClusterImpl (MiniOzoneClusterImpl.java:shutdown(314)) - Shutting down the Mini Ozone Cluster
2019-10-01 07:16:00,467 [main] INFO  ozone.MiniOzoneClusterImpl (MiniOzoneClusterImpl.java:stop(330)) - Stopping the Mini Ozone Cluster
2019-10-01 07:16:00,468 [main] INFO  ozone.MiniOzoneClusterImpl (MiniOzoneClusterImpl.java:stopOM(400)) - Stopping the OzoneManager
2019-10-01 07:16:00,468 [main] INFO  ipc.Server (Server.java:stop(3082)) - Stopping server on 45868
2019-10-01 07:16:00,480 [IPC Server listener on 45868] INFO  ipc.Server (Server.java:run(1185)) - Stopping IPC Server listener on 45868
2019-10-01 07:16:00,481 [main] INFO  ratis.OzoneManagerDoubleBuffer (OzoneManagerDoubleBuffer.java:stop(248)) - Stopping OMDoubleBuffer flush thread
2019-10-01 07:16:00,490 [IPC Server Responder] INFO  ipc.Server (Server.java:run(1319)) - Stopping IPC Server Responder
2019-10-01 07:16:00,490 [OMDoubleBufferFlushThread] INFO  ratis.OzoneManagerDoubleBuffer (OzoneManagerDoubleBuffer.java:flushTransactions(191)) - OMDoubleBuffer flush thread OMDoubleBufferFlushThread is interrupted and will exit. OMDoubleBufferFlushThread
2019-10-01 07:16:00,491 [main] INFO  utils.BackgroundService (BackgroundService.java:shutdown(148)) - Shutting down service KeyDeletingService
2019-10-01 07:16:00,493 [main] INFO  handler.ContextHandler (ContextHandler.java:doStop(910)) - Stopped o.e.j.w.WebAppContext@756808cc{/,null,UNAVAILABLE}{/ozoneManager}
2019-10-01 07:16:00,494 [main] INFO  server.AbstractConnector (AbstractConnector.java:doStop(318)) - Stopped ServerConnector@52f8a6f4{HTTP/1.1,[http/1.1]}{0.0.0.0:0}
2019-10-01 07:16:00,495 [main] INFO  handler.ContextHandler (ContextHandler.java:doStop(910)) - Stopped o.e.j.s.ServletContextHandler@2726a511{/static,file:///workdir/hadoop-ozone/integration-test/target/test-classes/webapps/static,UNAVAILABLE}
2019-10-01 07:16:00,495 [main] INFO  handler.ContextHandler (ContextHandler.java:doStop(910)) - Stopped o.e.j.s.ServletContextHandler@682e422c{/logs,file:///workdir/hadoop-ozone/integration-test/target/log,UNAVAILABLE}
2019-10-01 07:16:00,497 [main] INFO  ozone.MiniOzoneClusterImpl (MiniOzoneClusterImpl.java:stopDatanodes(377)) - Stopping the HddsDatanodes
2019-10-01 07:16:00,520 [grpc-default-executor-6] WARN  server.GrpcLogAppender (LogUtils.java:warn(134)) - 4028da6e-4371-40dd-ac3f-4caa9965859c@group-B9D33A6AA599->779648de-c350-4e40-bb84-f82694d468ec-AppendLogResponseHandler: Failed appendEntries: org.apache.ratis.thirdparty.io.grpc.StatusRuntimeException: UNAVAILABLE: io exception
2019-10-01 07:16:00,520 [grpc-default-executor-6] INFO  impl.FollowerInfo (FollowerInfo.java:lambda$new$0(51)) - 4028da6e-4371-40dd-ac3f-4caa9965859c@group-B9D33A6AA599->779648de-c350-4e40-bb84-f82694d468ec: nextIndex: updateUnconditionally 1 -> 0
2019-10-01 07:16:00,866 [Datanode State Machine Thread - 0] INFO  statemachine.DatanodeStateMachine (DatanodeStateMachine.java:lambda$startDaemon$0(350)) - Ozone container server started.
2019-10-01 07:16:01,220 [Datanode State Machine Thread - 0] INFO  statemachine.DatanodeStateMachine (DatanodeStateMachine.java:lambda$startDaemon$0(350)) - Ozone container server started.
2019-10-01 07:16:03,021 [grpc-default-executor-11] WARN  server.GrpcLogAppender (LogUtils.java:warn(134)) - 4028da6e-4371-40dd-ac3f-4caa9965859c@group-B9D33A6AA599->779648de-c350-4e40-bb84-f82694d468ec-AppendLogResponseHandler: Failed appendEntries: org.apache.ratis.thirdparty.io.grpc.StatusRuntimeException: UNAVAILABLE: io exception
2019-10-01 07:16:03,022 [grpc-default-executor-11] INFO  impl.FollowerInfo (FollowerInfo.java:lambda$new$0(51)) - 4028da6e-4371-40dd-ac3f-4caa9965859c@group-B9D33A6AA599->779648de-c350-4e40-bb84-f82694d468ec: nextIndex: updateUnconditionally 0 -> 0
2019-10-01 07:16:04,963 [EventQueue-StaleNodeForStaleNodeHandler] INFO  node.StaleNodeHandler (StaleNodeHandler.java:onMessage(58)) - Datanode 4028da6e-4371-40dd-ac3f-4caa9965859c{ip: 192.168.30.18, host: pr-hdds-1984-bsjj8-3390809720, networkLocation: /default-rack, certSerialId: null} moved to stale state. Finalizing its pipelines [PipelineID=b06fc9ad-88e6-43c1-b1dd-b9d33a6aa599, PipelineID=16c13eac-a8ad-4827-892f-549ddac700f8]
2019-10-01 07:16:04,964 [EventQueue-StaleNodeForStaleNodeHandler] INFO  pipeline.SCMPipelineManager (SCMPipelineManager.java:finalizeAndDestroyPipeline(315)) - destroying pipeline:Pipeline[ Id: b06fc9ad-88e6-43c1-b1dd-b9d33a6aa599, Nodes: 779648de-c350-4e40-bb84-f82694d468ec{ip: 192.168.30.18, host: pr-hdds-1984-bsjj8-3390809720, networkLocation: /default-rack, certSerialId: null}4028da6e-4371-40dd-ac3f-4caa9965859c{ip: 192.168.30.18, host: pr-hdds-1984-bsjj8-3390809720, networkLocation: /default-rack, certSerialId: null}4411321e-2142-48ef-9104-cebd18b9b25b{ip: 192.168.30.18, host: pr-hdds-1984-bsjj8-3390809720, networkLocation: /default-rack, certSerialId: null}, Type:RATIS, Factor:THREE, State:CLOSED]
2019-10-01 07:16:04,965 [EventQueue-StaleNodeForStaleNodeHandler] INFO  pipeline.SCMPipelineManager (SCMPipelineManager.java:finalizeAndDestroyPipeline(315)) - destroying pipeline:Pipeline[ Id: 16c13eac-a8ad-4827-892f-549ddac700f8, Nodes: 4028da6e-4371-40dd-ac3f-4caa9965859c{ip: 192.168.30.18, host: pr-hdds-1984-bsjj8-3390809720, networkLocation: /default-rack, certSerialId: null}, Type:RATIS, Factor:ONE, State:OPEN]
2019-10-01 07:16:04,965 [EventQueue-StaleNodeForStaleNodeHandler] INFO  pipeline.PipelineStateManager (PipelineStateManager.java:finalizePipeline(123)) - Pipeline Pipeline[ Id: 16c13eac-a8ad-4827-892f-549ddac700f8, Nodes: 4028da6e-4371-40dd-ac3f-4caa9965859c{ip: 192.168.30.18, host: pr-hdds-1984-bsjj8-3390809720, networkLocation: /default-rack, certSerialId: null}, Type:RATIS, Factor:ONE, State:CLOSED] moved to CLOSED state
2019-10-01 07:16:05,264 [EventQueue-StaleNodeForStaleNodeHandler] INFO  node.StaleNodeHandler (StaleNodeHandler.java:onMessage(58)) - Datanode 531e026c-abd8-4367-bd98-8e5e258ce4e9{ip: 192.168.30.18, host: pr-hdds-1984-bsjj8-3390809720, networkLocation: /default-rack, certSerialId: null} moved to stale state. Finalizing its pipelines [PipelineID=f3a12369-6a07-4607-a652-cfc6c60a81ca]
2019-10-01 07:16:05,266 [EventQueue-StaleNodeForStaleNodeHandler] INFO  pipeline.SCMPipelineManager (SCMPipelineManager.java:finalizeAndDestroyPipeline(315)) - destroying pipeline:Pipeline[ Id: f3a12369-6a07-4607-a652-cfc6c60a81ca, Nodes: 531e026c-abd8-4367-bd98-8e5e258ce4e9{ip: 192.168.30.18, host: pr-hdds-1984-bsjj8-3390809720, networkLocation: /default-rack, certSerialId: null}, Type:RATIS, Factor:ONE, State:OPEN]
2019-10-01 07:16:05,267 [EventQueue-StaleNodeForStaleNodeHandler] INFO  pipeline.PipelineStateManager (PipelineStateManager.java:finalizePipeline(123)) - Pipeline Pipeline[ Id: f3a12369-6a07-4607-a652-cfc6c60a81ca, Nodes: 531e026c-abd8-4367-bd98-8e5e258ce4e9{ip: 192.168.30.18, host: pr-hdds-1984-bsjj8-3390809720, networkLocation: /default-rack, certSerialId: null}, Type:RATIS, Factor:ONE, State:CLOSED] moved to CLOSED state
2019-10-01 07:16:05,503 [ForkJoinPool.commonPool-worker-0] INFO  ozoneimpl.OzoneContainer (OzoneContainer.java:stop(231)) - Attempting to stop container services.
2019-10-01 07:16:05,503 [main] INFO  ozoneimpl.OzoneContainer (OzoneContainer.java:stop(231)) - Attempting to stop container services.
2019-10-01 07:16:05,507 [ForkJoinPool.commonPool-worker-0] INFO  impl.RaftServerProxy (RaftServerProxy.java:lambda$close$4(314)) - 4028da6e-4371-40dd-ac3f-4caa9965859c: close
2019-10-01 07:16:05,508 [main] INFO  impl.RaftServerProxy (RaftServerProxy.java:lambda$close$4(314)) - 531e026c-abd8-4367-bd98-8e5e258ce4e9: close
2019-10-01 07:16:05,508 [main] INFO  impl.RaftServerImpl (RaftServerImpl.java:lambda$shutdown$3(247)) - 531e026c-abd8-4367-bd98-8e5e258ce4e9@group-CFC6C60A81CA: shutdown
2019-10-01 07:16:05,508 [ForkJoinPool.commonPool-worker-0] INFO  impl.RaftServerImpl (RaftServerImpl.java:lambda$shutdown$3(247)) - 4028da6e-4371-40dd-ac3f-4caa9965859c@group-B9D33A6AA599: shutdown
2019-10-01 07:16:05,508 [main] INFO  util.JmxRegister (JmxRegister.java:unregister(73)) - Successfully un-registered JMX Bean with object name Ratis:service=RaftServer,group=group-CFC6C60A81CA,id=531e026c-abd8-4367-bd98-8e5e258ce4e9
2019-10-01 07:16:05,508 [ForkJoinPool.commonPool-worker-0] INFO  util.JmxRegister (JmxRegister.java:unregister(73)) - Successfully un-registered JMX Bean with object name Ratis:service=RaftServer,group=group-B9D33A6AA599,id=4028da6e-4371-40dd-ac3f-4caa9965859c
2019-10-01 07:16:05,509 [main] INFO  impl.RoleInfo (RoleInfo.java:shutdownLeaderState(104)) - 531e026c-abd8-4367-bd98-8e5e258ce4e9: shutdown LeaderState
2019-10-01 07:16:05,509 [ForkJoinPool.commonPool-worker-0] INFO  impl.RoleInfo (RoleInfo.java:shutdownLeaderState(104)) - 4028da6e-4371-40dd-ac3f-4caa9965859c: shutdown LeaderState
2019-10-01 07:16:05,509 [main] INFO  impl.PendingRequests (PendingRequests.java:sendNotLeaderResponses(202)) - 531e026c-abd8-4367-bd98-8e5e258ce4e9@group-CFC6C60A81CA-PendingRequests: sendNotLeaderResponses
2019-10-01 07:16:05,515 [org.apache.ratis.server.impl.LogAppender$AppenderDaemon$$Lambda$531/1326274164@575a7d00] WARN  server.GrpcLogAppender (GrpcLogAppender.java:mayWait(143)) - 4028da6e-4371-40dd-ac3f-4caa9965859c@group-B9D33A6AA599->4411321e-2142-48ef-9104-cebd18b9b25b-GrpcLogAppender: Wait interrupted by java.lang.InterruptedException
2019-10-01 07:16:05,515 [org.apache.ratis.server.impl.LogAppender$AppenderDaemon$$Lambda$531/1326274164@50aedc48] WARN  server.GrpcLogAppender (GrpcLogAppender.java:mayWait(143)) - 4028da6e-4371-40dd-ac3f-4caa9965859c@group-B9D33A6AA599->779648de-c350-4e40-bb84-f82694d468ec-GrpcLogAppender: Wait interrupted by java.lang.InterruptedException
2019-10-01 07:16:05,515 [ForkJoinPool.commonPool-worker-0] INFO  impl.PendingRequests (PendingRequests.java:sendNotLeaderResponses(202)) - 4028da6e-4371-40dd-ac3f-4caa9965859c@group-B9D33A6AA599-PendingRequests: sendNotLeaderResponses
2019-10-01 07:16:05,516 [main] INFO  impl.StateMachineUpdater (StateMachineUpdater.java:stopAndJoin(136)) - 531e026c-abd8-4367-bd98-8e5e258ce4e9@group-CFC6C60A81CA-StateMachineUpdater: set stopIndex = 0
2019-10-01 07:16:05,516 [ForkJoinPool.commonPool-worker-0] INFO  impl.StateMachineUpdater (StateMachineUpdater.java:stopAndJoin(136)) - 4028da6e-4371-40dd-ac3f-4caa9965859c@group-B9D33A6AA599-StateMachineUpdater: set stopIndex = 18
2019-10-01 07:16:05,516 [4028da6e-4371-40dd-ac3f-4caa9965859c@group-B9D33A6AA599-StateMachineUpdater] INFO  ratis.ContainerStateMachine (ContainerStateMachine.java:takeSnapshot(289)) - group-B9D33A6AA599: Taking a snapshot at:(t:1, i:14) file /workdir/hadoop-ozone/integration-test/target/test-dir/MiniOzoneClusterImpl-2db916eb-b457-4fc6-8c12-ba4338359f32/datanode-1/data/ratis/b06fc9ad-88e6-43c1-b1dd-b9d33a6aa599/sm/snapshot.1_14
2019-10-01 07:16:05,517 [grpc-default-executor-11] INFO  server.GrpcServerProtocolService (GrpcServerProtocolService.java:onCompleted(113)) - 4411321e-2142-48ef-9104-cebd18b9b25b: Completed APPEND_ENTRIES, lastRequest: 4028da6e-4371-40dd-ac3f-4caa9965859c->4411321e-2142-48ef-9104-cebd18b9b25b#4-t5, previous=(t:5, i:18), leaderCommit=18, initializing? false, entries: <empty>
2019-10-01 07:16:05,517 [main] INFO  impl.RaftServerImpl (ServerState.java:close(387)) - 531e026c-abd8-4367-bd98-8e5e258ce4e9@group-CFC6C60A81CA: closes. applyIndex: 0
2019-10-01 07:16:05,518 [grpc-default-executor-6] INFO  server.GrpcLogAppender (GrpcLogAppender.java:onCompleted(293)) - 4028da6e-4371-40dd-ac3f-4caa9965859c@group-B9D33A6AA599->4411321e-2142-48ef-9104-cebd18b9b25b-AppendLogResponseHandler: follower responses appendEntries COMPLETED
2019-10-01 07:16:05,518 [531e026c-abd8-4367-bd98-8e5e258ce4e9@group-CFC6C60A81CA-SegmentedRaftLogWorker] INFO  segmented.SegmentedRaftLogWorker (SegmentedRaftLogWorker.java:run(316)) - 531e026c-abd8-4367-bd98-8e5e258ce4e9@group-CFC6C60A81CA-SegmentedRaftLogWorker was interrupted, exiting. There are 0 tasks remaining in the queue.
2019-10-01 07:16:05,521 [grpc-default-executor-6] INFO  impl.FollowerInfo (FollowerInfo.java:lambda$new$0(51)) - 4028da6e-4371-40dd-ac3f-4caa9965859c@group-B9D33A6AA599->4411321e-2142-48ef-9104-cebd18b9b25b: nextIndex: updateUnconditionally 19 -> 18
2019-10-01 07:16:05,532 [main] INFO  segmented.SegmentedRaftLogWorker (SegmentedRaftLogWorker.java:close(224)) - 531e026c-abd8-4367-bd98-8e5e258ce4e9@group-CFC6C60A81CA-SegmentedRaftLogWorker close()
2019-10-01 07:16:05,536 [main] INFO  server.GrpcService (GrpcService.java:closeImpl(164)) - 531e026c-abd8-4367-bd98-8e5e258ce4e9: shutdown server with port 32859 now
2019-10-01 07:16:05,536 [main] INFO  server.GrpcService (GrpcService.java:closeImpl(172)) - 531e026c-abd8-4367-bd98-8e5e258ce4e9: shutdown server with port 32859 successfully
2019-10-01 07:16:05,541 [refreshUsed-/workdir/hadoop-ozone/integration-test/target/test-dir/MiniOzoneClusterImpl-2db916eb-b457-4fc6-8c12-ba4338359f32/datanode-4/data/containers] WARN  fs.CachingGetSpaceUsed (CachingGetSpaceUsed.java:run(183)) - Thread Interrupted waiting to refresh disk information: sleep interrupted
2019-10-01 07:16:05,558 [4028da6e-4371-40dd-ac3f-4caa9965859c@group-B9D33A6AA599-StateMachineUpdater] INFO  ratis.ContainerStateMachine (ContainerStateMachine.java:takeSnapshot(300)) - group-B9D33A6AA599: Finished taking a snapshot at:(t:1, i:14) file:/workdir/hadoop-ozone/integration-test/target/test-dir/MiniOzoneClusterImpl-2db916eb-b457-4fc6-8c12-ba4338359f32/datanode-1/data/ratis/b06fc9ad-88e6-43c1-b1dd-b9d33a6aa599/sm/snapshot.1_14 time:42
2019-10-01 07:16:05,558 [4028da6e-4371-40dd-ac3f-4caa9965859c@group-B9D33A6AA599-StateMachineUpdater] INFO  impl.StateMachineUpdater (StateMachineUpdater.java:takeSnapshot(269)) - 4028da6e-4371-40dd-ac3f-4caa9965859c@group-B9D33A6AA599-StateMachineUpdater: Took a snapshot at index 14
2019-10-01 07:16:05,558 [4028da6e-4371-40dd-ac3f-4caa9965859c@group-B9D33A6AA599-StateMachineUpdater] INFO  impl.StateMachineUpdater (StateMachineUpdater.java:lambda$new$0(84)) - 4028da6e-4371-40dd-ac3f-4caa9965859c@group-B9D33A6AA599-StateMachineUpdater: snapshotIndex: updateIncreasingly -1 -> 14
2019-10-01 07:16:05,558 [4028da6e-4371-40dd-ac3f-4caa9965859c@group-B9D33A6AA599-StateMachineUpdater] INFO  ratis.ContainerStateMachine (ContainerStateMachine.java:takeSnapshot(289)) - group-B9D33A6AA599: Taking a snapshot at:(t:1, i:14) file /workdir/hadoop-ozone/integration-test/target/test-dir/MiniOzoneClusterImpl-2db916eb-b457-4fc6-8c12-ba4338359f32/datanode-1/data/ratis/b06fc9ad-88e6-43c1-b1dd-b9d33a6aa599/sm/snapshot.1_14
2019-10-01 07:16:05,559 [main] INFO  utils.BackgroundService (BackgroundService.java:shutdown(148)) - Shutting down service BlockDeletingService
2019-10-01 07:16:05,564 [main] INFO  statemachine.DatanodeStateMachine (DatanodeStateMachine.java:stopDaemon(395)) - Ozone container server stopped.
2019-10-01 07:16:05,566 [main] INFO  handler.ContextHandler (ContextHandler.java:doStop(910)) - Stopped o.e.j.w.WebAppContext@123307c4{/,null,UNAVAILABLE}{/hddsDatanode}
2019-10-01 07:16:05,567 [main] INFO  server.AbstractConnector (AbstractConnector.java:doStop(318)) - Stopped ServerConnector@1693ff90{HTTP/1.1,[http/1.1]}{0.0.0.0:0}
2019-10-01 07:16:05,568 [main] INFO  handler.ContextHandler (ContextHandler.java:doStop(910)) - Stopped o.e.j.s.ServletContextHandler@2c7c0e36{/static,jar:file:/home/user/.m2/repository/org/apache/hadoop/hadoop-hdds-container-service/0.5.0-SNAPSHOT/hadoop-hdds-container-service-0.5.0-SNAPSHOT.jar!/webapps/static,UNAVAILABLE}
2019-10-01 07:16:05,568 [main] INFO  handler.ContextHandler (ContextHandler.java:doStop(910)) - Stopped o.e.j.s.ServletContextHandler@597d48ca{/logs,file:///workdir/hadoop-ozone/integration-test/target/log,UNAVAILABLE}
2019-10-01 07:16:05,583 [4028da6e-4371-40dd-ac3f-4caa9965859c@group-B9D33A6AA599-StateMachineUpdater] INFO  ratis.ContainerStateMachine (ContainerStateMachine.java:takeSnapshot(300)) - group-B9D33A6AA599: Finished taking a snapshot at:(t:1, i:14) file:/workdir/hadoop-ozone/integration-test/target/test-dir/MiniOzoneClusterImpl-2db916eb-b457-4fc6-8c12-ba4338359f32/datanode-1/data/ratis/b06fc9ad-88e6-43c1-b1dd-b9d33a6aa599/sm/snapshot.1_14 time:25
2019-10-01 07:16:05,583 [4028da6e-4371-40dd-ac3f-4caa9965859c@group-B9D33A6AA599-StateMachineUpdater] INFO  impl.StateMachineUpdater (StateMachineUpdater.java:takeSnapshot(269)) - 4028da6e-4371-40dd-ac3f-4caa9965859c@group-B9D33A6AA599-StateMachineUpdater: Took a snapshot at index 14
2019-10-01 07:16:05,583 [4028da6e-4371-40dd-ac3f-4caa9965859c@group-B9D33A6AA599-StateMachineUpdater] INFO  impl.StateMachineUpdater (StateMachineUpdater.java:lambda$new$0(84)) - 4028da6e-4371-40dd-ac3f-4caa9965859c@group-B9D33A6AA599-StateMachineUpdater: snapshotIndex: updateIncreasingly 14 -> 14
2019-10-01 07:16:05,584 [ForkJoinPool.commonPool-worker-0] INFO  impl.RaftServerImpl (ServerState.java:close(387)) - 4028da6e-4371-40dd-ac3f-4caa9965859c@group-B9D33A6AA599: closes. applyIndex: 18
2019-10-01 07:16:05,584 [4028da6e-4371-40dd-ac3f-4caa9965859c@group-B9D33A6AA599-SegmentedRaftLogWorker] INFO  segmented.SegmentedRaftLogWorker (SegmentedRaftLogWorker.java:run(316)) - 4028da6e-4371-40dd-ac3f-4caa9965859c@group-B9D33A6AA599-SegmentedRaftLogWorker was interrupted, exiting. There are 0 tasks remaining in the queue.
2019-10-01 07:16:05,586 [ForkJoinPool.commonPool-worker-0] INFO  segmented.SegmentedRaftLogWorker (SegmentedRaftLogWorker.java:close(224)) - 4028da6e-4371-40dd-ac3f-4caa9965859c@group-B9D33A6AA599-SegmentedRaftLogWorker close()
2019-10-01 07:16:05,589 [ForkJoinPool.commonPool-worker-0] INFO  impl.RaftServerImpl (RaftServerImpl.java:lambda$shutdown$3(247)) - 4028da6e-4371-40dd-ac3f-4caa9965859c@group-549DDAC700F8: shutdown
2019-10-01 07:16:05,589 [ForkJoinPool.commonPool-worker-0] INFO  util.JmxRegister (JmxRegister.java:unregister(73)) - Successfully un-registered JMX Bean with object name Ratis:service=RaftServer,group=group-549DDAC700F8,id=4028da6e-4371-40dd-ac3f-4caa9965859c
2019-10-01 07:16:05,589 [ForkJoinPool.commonPool-worker-0] INFO  impl.RoleInfo (RoleInfo.java:shutdownLeaderState(104)) - 4028da6e-4371-40dd-ac3f-4caa9965859c: shutdown LeaderState
2019-10-01 07:16:05,589 [ForkJoinPool.commonPool-worker-0] INFO  impl.PendingRequests (PendingRequests.java:sendNotLeaderResponses(202)) - 4028da6e-4371-40dd-ac3f-4caa9965859c@group-549DDAC700F8-PendingRequests: sendNotLeaderResponses
2019-10-01 07:16:05,590 [ForkJoinPool.commonPool-worker-0] INFO  impl.StateMachineUpdater (StateMachineUpdater.java:stopAndJoin(136)) - 4028da6e-4371-40dd-ac3f-4caa9965859c@group-549DDAC700F8-StateMachineUpdater: set stopIndex = 0
2019-10-01 07:16:05,590 [ForkJoinPool.commonPool-worker-0] INFO  impl.RaftServerImpl (ServerState.java:close(387)) - 4028da6e-4371-40dd-ac3f-4caa9965859c@group-549DDAC700F8: closes. applyIndex: 0
2019-10-01 07:16:05,590 [4028da6e-4371-40dd-ac3f-4caa9965859c@group-549DDAC700F8-SegmentedRaftLogWorker] INFO  segmented.SegmentedRaftLogWorker (SegmentedRaftLogWorker.java:run(316)) - 4028da6e-4371-40dd-ac3f-4caa9965859c@group-549DDAC700F8-SegmentedRaftLogWorker was interrupted, exiting. There are 0 tasks remaining in the queue.
2019-10-01 07:16:05,592 [ForkJoinPool.commonPool-worker-0] INFO  segmented.SegmentedRaftLogWorker (SegmentedRaftLogWorker.java:close(224)) - 4028da6e-4371-40dd-ac3f-4caa9965859c@group-549DDAC700F8-SegmentedRaftLogWorker close()
2019-10-01 07:16:05,595 [ForkJoinPool.commonPool-worker-0] INFO  server.GrpcService (GrpcService.java:closeImpl(164)) - 4028da6e-4371-40dd-ac3f-4caa9965859c: shutdown server with port 33581 now
2019-10-01 07:16:05,595 [ForkJoinPool.commonPool-worker-0] INFO  server.GrpcService (GrpcService.java:closeImpl(172)) - 4028da6e-4371-40dd-ac3f-4caa9965859c: shutdown server with port 33581 successfully
2019-10-01 07:16:05,597 [refreshUsed-/workdir/hadoop-ozone/integration-test/target/test-dir/MiniOzoneClusterImpl-2db916eb-b457-4fc6-8c12-ba4338359f32/datanode-1/data/containers] WARN  fs.CachingGetSpaceUsed (CachingGetSpaceUsed.java:run(183)) - Thread Interrupted waiting to refresh disk information: sleep interrupted
2019-10-01 07:16:05,611 [ForkJoinPool.commonPool-worker-0] INFO  utils.BackgroundService (BackgroundService.java:shutdown(148)) - Shutting down service BlockDeletingService
2019-10-01 07:16:05,615 [ForkJoinPool.commonPool-worker-0] INFO  statemachine.DatanodeStateMachine (DatanodeStateMachine.java:stopDaemon(395)) - Ozone container server stopped.
2019-10-01 07:16:05,619 [ForkJoinPool.commonPool-worker-0] INFO  handler.ContextHandler (ContextHandler.java:doStop(910)) - Stopped o.e.j.w.WebAppContext@37775bb1{/,null,UNAVAILABLE}{/hddsDatanode}
2019-10-01 07:16:05,620 [ForkJoinPool.commonPool-worker-0] INFO  server.AbstractConnector (AbstractConnector.java:doStop(318)) - Stopped ServerConnector@7b9e25bd{HTTP/1.1,[http/1.1]}{0.0.0.0:0}
2019-10-01 07:16:05,621 [ForkJoinPool.commonPool-worker-0] INFO  handler.ContextHandler (ContextHandler.java:doStop(910)) - Stopped o.e.j.s.ServletContextHandler@37d3e140{/static,jar:file:/home/user/.m2/repository/org/apache/hadoop/hadoop-hdds-container-service/0.5.0-SNAPSHOT/hadoop-hdds-container-service-0.5.0-SNAPSHOT.jar!/webapps/static,UNAVAILABLE}
2019-10-01 07:16:05,623 [ForkJoinPool.commonPool-worker-0] INFO  handler.ContextHandler (ContextHandler.java:doStop(910)) - Stopped o.e.j.s.ServletContextHandler@584ca390{/logs,file:///workdir/hadoop-ozone/integration-test/target/log,UNAVAILABLE}
2019-10-01 07:16:05,864 [Datanode State Machine Thread - 0] INFO  statemachine.DatanodeStateMachine (DatanodeStateMachine.java:lambda$startDaemon$0(350)) - Ozone container server started.
2019-10-01 07:16:06,103 [Datanode State Machine Thread - 0] INFO  statemachine.DatanodeStateMachine (DatanodeStateMachine.java:lambda$startDaemon$0(350)) - Ozone container server started.
2019-10-01 07:16:09,870 [EventQueue-StaleNodeForStaleNodeHandler] INFO  node.StaleNodeHandler (StaleNodeHandler.java:onMessage(58)) - Datanode 4411321e-2142-48ef-9104-cebd18b9b25b{ip: 192.168.30.18, host: pr-hdds-1984-bsjj8-3390809720, networkLocation: /default-rack, certSerialId: null} moved to stale state. Finalizing its pipelines [PipelineID=9ed3a5bc-c066-401b-a1b8-6b2b5ed7d942, PipelineID=b06fc9ad-88e6-43c1-b1dd-b9d33a6aa599]
2019-10-01 07:16:09,872 [EventQueue-StaleNodeForStaleNodeHandler] INFO  pipeline.SCMPipelineManager (SCMPipelineManager.java:finalizeAndDestroyPipeline(315)) - destroying pipeline:Pipeline[ Id: 9ed3a5bc-c066-401b-a1b8-6b2b5ed7d942, Nodes: 4411321e-2142-48ef-9104-cebd18b9b25b{ip: 192.168.30.18, host: pr-hdds-1984-bsjj8-3390809720, networkLocation: /default-rack, certSerialId: null}, Type:RATIS, Factor:ONE, State:OPEN]
2019-10-01 07:16:09,872 [EventQueue-StaleNodeForStaleNodeHandler] INFO  pipeline.PipelineStateManager (PipelineStateManager.java:finalizePipeline(123)) - Pipeline Pipeline[ Id: 9ed3a5bc-c066-401b-a1b8-6b2b5ed7d942, Nodes: 4411321e-2142-48ef-9104-cebd18b9b25b{ip: 192.168.30.18, host: pr-hdds-1984-bsjj8-3390809720, networkLocation: /default-rack, certSerialId: null}, Type:RATIS, Factor:ONE, State:CLOSED] moved to CLOSED state
2019-10-01 07:16:09,873 [EventQueue-StaleNodeForStaleNodeHandler] INFO  pipeline.SCMPipelineManager (SCMPipelineManager.java:finalizeAndDestroyPipeline(315)) - destroying pipeline:Pipeline[ Id: b06fc9ad-88e6-43c1-b1dd-b9d33a6aa599, Nodes: 779648de-c350-4e40-bb84-f82694d468ec{ip: 192.168.30.18, host: pr-hdds-1984-bsjj8-3390809720, networkLocation: /default-rack, certSerialId: null}4028da6e-4371-40dd-ac3f-4caa9965859c{ip: 192.168.30.18, host: pr-hdds-1984-bsjj8-3390809720, networkLocation: /default-rack, certSerialId: null}4411321e-2142-48ef-9104-cebd18b9b25b{ip: 192.168.30.18, host: pr-hdds-1984-bsjj8-3390809720, networkLocation: /default-rack, certSerialId: null}, Type:RATIS, Factor:THREE, State:CLOSED]
2019-10-01 07:16:10,171 [EventQueue-StaleNodeForStaleNodeHandler] INFO  node.StaleNodeHandler (StaleNodeHandler.java:onMessage(58)) - Datanode 0644b46a-449b-474c-8eef-e7918f21bfdf{ip: 192.168.30.18, host: pr-hdds-1984-bsjj8-3390809720, networkLocation: /default-rack, certSerialId: null} moved to stale state. Finalizing its pipelines [PipelineID=8d161998-cb39-4784-a8e6-a66214836b76, PipelineID=20a894f6-d7e1-473b-99f8-6ec992997435]
2019-10-01 07:16:10,172 [EventQueue-StaleNodeForStaleNodeHandler] INFO  pipeline.SCMPipelineManager (SCMPipelineManager.java:finalizeAndDestroyPipeline(315)) - destroying pipeline:Pipeline[ Id: 8d161998-cb39-4784-a8e6-a66214836b76, Nodes: 0644b46a-449b-474c-8eef-e7918f21bfdf{ip: 192.168.30.18, host: pr-hdds-1984-bsjj8-3390809720, networkLocation: /default-rack, certSerialId: null}681d2a6a-aa23-4b09-bbd3-2c3ec3baa173{ip: 192.168.30.18, host: pr-hdds-1984-bsjj8-3390809720, networkLocation: /default-rack, certSerialId: null}11c84197-d83d-4072-8fdb-43676bb55242{ip: 192.168.30.18, host: pr-hdds-1984-bsjj8-3390809720, networkLocation: /default-rack, certSerialId: null}, Type:RATIS, Factor:THREE, State:OPEN]
2019-10-01 07:16:10,172 [EventQueue-StaleNodeForStaleNodeHandler] INFO  pipeline.PipelineStateManager (PipelineStateManager.java:finalizePipeline(123)) - Pipeline Pipeline[ Id: 8d161998-cb39-4784-a8e6-a66214836b76, Nodes: 0644b46a-449b-474c-8eef-e7918f21bfdf{ip: 192.168.30.18, host: pr-hdds-1984-bsjj8-3390809720, networkLocation: /default-rack, certSerialId: null}681d2a6a-aa23-4b09-bbd3-2c3ec3baa173{ip: 192.168.30.18, host: pr-hdds-1984-bsjj8-3390809720, networkLocation: /default-rack, certSerialId: null}11c84197-d83d-4072-8fdb-43676bb55242{ip: 192.168.30.18, host: pr-hdds-1984-bsjj8-3390809720, networkLocation: /default-rack, certSerialId: null}, Type:RATIS, Factor:THREE, State:CLOSED] moved to CLOSED state
2019-10-01 07:16:10,172 [EventQueue-CloseContainerForCloseContainerEventHandler] INFO  container.CloseContainerEventHandler (CloseContainerEventHandler.java:onMessage(61)) - Close container Event triggered for container : #2
2019-10-01 07:16:10,182 [EventQueue-StaleNodeForStaleNodeHandler] INFO  pipeline.SCMPipelineManager (SCMPipelineManager.java:finalizeAndDestroyPipeline(315)) - destroying pipeline:Pipeline[ Id: 20a894f6-d7e1-473b-99f8-6ec992997435, Nodes: 0644b46a-449b-474c-8eef-e7918f21bfdf{ip: 192.168.30.18, host: pr-hdds-1984-bsjj8-3390809720, networkLocation: /default-rack, certSerialId: null}, Type:RATIS, Factor:ONE, State:OPEN]
2019-10-01 07:16:10,184 [EventQueue-StaleNodeForStaleNodeHandler] INFO  pipeline.PipelineStateManager (PipelineStateManager.java:finalizePipeline(123)) - Pipeline Pipeline[ Id: 20a894f6-d7e1-473b-99f8-6ec992997435, Nodes: 0644b46a-449b-474c-8eef-e7918f21bfdf{ip: 192.168.30.18, host: pr-hdds-1984-bsjj8-3390809720, networkLocation: /default-rack, certSerialId: null}, Type:RATIS, Factor:ONE, State:CLOSED] moved to CLOSED state
2019-10-01 07:16:10,571 [main] INFO  ozoneimpl.OzoneContainer (OzoneContainer.java:stop(231)) - Attempting to stop container services.
2019-10-01 07:16:10,573 [main] INFO  impl.RaftServerProxy (RaftServerProxy.java:lambda$close$4(314)) - 0644b46a-449b-474c-8eef-e7918f21bfdf: close
2019-10-01 07:16:10,574 [main] INFO  impl.RaftServerImpl (RaftServerImpl.java:lambda$shutdown$3(247)) - 0644b46a-449b-474c-8eef-e7918f21bfdf@group-A66214836B76: shutdown
2019-10-01 07:16:10,575 [main] INFO  util.JmxRegister (JmxRegister.java:unregister(73)) - Successfully un-registered JMX Bean with object name Ratis:service=RaftServer,group=group-A66214836B76,id=0644b46a-449b-474c-8eef-e7918f21bfdf
2019-10-01 07:16:10,575 [main] INFO  impl.RoleInfo (RoleInfo.java:shutdownFollowerState(121)) - 0644b46a-449b-474c-8eef-e7918f21bfdf: shutdown FollowerState
2019-10-01 07:16:10,576 [main] INFO  impl.StateMachineUpdater (StateMachineUpdater.java:stopAndJoin(136)) - 0644b46a-449b-474c-8eef-e7918f21bfdf@group-A66214836B76-StateMachineUpdater: set stopIndex = 16
2019-10-01 07:16:10,576 [0644b46a-449b-474c-8eef-e7918f21bfdf@group-A66214836B76-StateMachineUpdater] INFO  ratis.ContainerStateMachine (ContainerStateMachine.java:takeSnapshot(289)) - group-A66214836B76: Taking a snapshot at:(t:1, i:14) file /workdir/hadoop-ozone/integration-test/target/test-dir/MiniOzoneClusterImpl-2db916eb-b457-4fc6-8c12-ba4338359f32/datanode-3/data/ratis/8d161998-cb39-4784-a8e6-a66214836b76/sm/snapshot.1_14
2019-10-01 07:16:10,576 [Thread-3138] INFO  impl.FollowerState (FollowerState.java:run(117)) - 0644b46a-449b-474c-8eef-e7918f21bfdf@group-A66214836B76-FollowerState was interrupted: java.lang.InterruptedException: sleep interrupted
2019-10-01 07:16:10,608 [0644b46a-449b-474c-8eef-e7918f21bfdf@group-A66214836B76-StateMachineUpdater] INFO  ratis.ContainerStateMachine (ContainerStateMachine.java:takeSnapshot(300)) - group-A66214836B76: Finished taking a snapshot at:(t:1, i:14) file:/workdir/hadoop-ozone/integration-test/target/test-dir/MiniOzoneClusterImpl-2db916eb-b457-4fc6-8c12-ba4338359f32/datanode-3/data/ratis/8d161998-cb39-4784-a8e6-a66214836b76/sm/snapshot.1_14 time:32
2019-10-01 07:16:10,609 [0644b46a-449b-474c-8eef-e7918f21bfdf@group-A66214836B76-StateMachineUpdater] INFO  impl.StateMachineUpdater (StateMachineUpdater.java:takeSnapshot(269)) - 0644b46a-449b-474c-8eef-e7918f21bfdf@group-A66214836B76-StateMachineUpdater: Took a snapshot at index 14
2019-10-01 07:16:10,610 [0644b46a-449b-474c-8eef-e7918f21bfdf@group-A66214836B76-StateMachineUpdater] INFO  impl.StateMachineUpdater (StateMachineUpdater.java:lambda$new$0(84)) - 0644b46a-449b-474c-8eef-e7918f21bfdf@group-A66214836B76-StateMachineUpdater: snapshotIndex: updateIncreasingly -1 -> 14
2019-10-01 07:16:10,610 [0644b46a-449b-474c-8eef-e7918f21bfdf@group-A66214836B76-StateMachineUpdater] INFO  ratis.ContainerStateMachine (ContainerStateMachine.java:takeSnapshot(289)) - group-A66214836B76: Taking a snapshot at:(t:1, i:14) file /workdir/hadoop-ozone/integration-test/target/test-dir/MiniOzoneClusterImpl-2db916eb-b457-4fc6-8c12-ba4338359f32/datanode-3/data/ratis/8d161998-cb39-4784-a8e6-a66214836b76/sm/snapshot.1_14
2019-10-01 07:16:10,624 [ForkJoinPool.commonPool-worker-0] INFO  ozoneimpl.OzoneContainer (OzoneContainer.java:stop(231)) - Attempting to stop container services.
2019-10-01 07:16:10,625 [ForkJoinPool.commonPool-worker-0] INFO  impl.RaftServerProxy (RaftServerProxy.java:lambda$close$4(314)) - 4411321e-2142-48ef-9104-cebd18b9b25b: close
2019-10-01 07:16:10,625 [ForkJoinPool.commonPool-worker-0] INFO  impl.RaftServerImpl (RaftServerImpl.java:lambda$shutdown$3(247)) - 4411321e-2142-48ef-9104-cebd18b9b25b@group-6B2B5ED7D942: shutdown
2019-10-01 07:16:10,625 [ForkJoinPool.commonPool-worker-0] INFO  util.JmxRegister (JmxRegister.java:unregister(73)) - Successfully un-registered JMX Bean with object name Ratis:service=RaftServer,group=group-6B2B5ED7D942,id=4411321e-2142-48ef-9104-cebd18b9b25b
2019-10-01 07:16:10,626 [ForkJoinPool.commonPool-worker-0] INFO  impl.RoleInfo (RoleInfo.java:shutdownLeaderState(104)) - 4411321e-2142-48ef-9104-cebd18b9b25b: shutdown LeaderState
2019-10-01 07:16:10,626 [ForkJoinPool.commonPool-worker-0] INFO  impl.PendingRequests (PendingRequests.java:sendNotLeaderResponses(202)) - 4411321e-2142-48ef-9104-cebd18b9b25b@group-6B2B5ED7D942-PendingRequests: sendNotLeaderResponses
2019-10-01 07:16:10,627 [ForkJoinPool.commonPool-worker-0] INFO  impl.StateMachineUpdater (StateMachineUpdater.java:stopAndJoin(136)) - 4411321e-2142-48ef-9104-cebd18b9b25b@group-6B2B5ED7D942-StateMachineUpdater: set stopIndex = 0
2019-10-01 07:16:10,627 [ForkJoinPool.commonPool-worker-0] INFO  impl.RaftServerImpl (ServerState.java:close(387)) - 4411321e-2142-48ef-9104-cebd18b9b25b@group-6B2B5ED7D942: closes. applyIndex: 0
2019-10-01 07:16:10,628 [4411321e-2142-48ef-9104-cebd18b9b25b@group-6B2B5ED7D942-SegmentedRaftLogWorker] INFO  segmented.SegmentedRaftLogWorker (SegmentedRaftLogWorker.java:run(316)) - 4411321e-2142-48ef-9104-cebd18b9b25b@group-6B2B5ED7D942-SegmentedRaftLogWorker was interrupted, exiting. There are 0 tasks remaining in the queue.
2019-10-01 07:16:10,631 [ForkJoinPool.commonPool-worker-0] INFO  segmented.SegmentedRaftLogWorker (SegmentedRaftLogWorker.java:close(224)) - 4411321e-2142-48ef-9104-cebd18b9b25b@group-6B2B5ED7D942-SegmentedRaftLogWorker close()
2019-10-01 07:16:10,636 [0644b46a-449b-474c-8eef-e7918f21bfdf@group-A66214836B76-StateMachineUpdater] INFO  ratis.ContainerStateMachine (ContainerStateMachine.java:takeSnapshot(300)) - group-A66214836B76: Finished taking a snapshot at:(t:1, i:14) file:/workdir/hadoop-ozone/integration-test/target/test-dir/MiniOzoneClusterImpl-2db916eb-b457-4fc6-8c12-ba4338359f32/datanode-3/data/ratis/8d161998-cb39-4784-a8e6-a66214836b76/sm/snapshot.1_14 time:24
2019-10-01 07:16:10,636 [ForkJoinPool.commonPool-worker-0] INFO  impl.RaftServerImpl (RaftServerImpl.java:lambda$shutdown$3(247)) - 4411321e-2142-48ef-9104-cebd18b9b25b@group-B9D33A6AA599: shutdown
2019-10-01 07:16:10,636 [0644b46a-449b-474c-8eef-e7918f21bfdf@group-A66214836B76-StateMachineUpdater] INFO  impl.StateMachineUpdater (StateMachineUpdater.java:takeSnapshot(269)) - 0644b46a-449b-474c-8eef-e7918f21bfdf@group-A66214836B76-StateMachineUpdater: Took a snapshot at index 14
2019-10-01 07:16:10,636 [ForkJoinPool.commonPool-worker-0] INFO  util.JmxRegister (JmxRegister.java:unregister(73)) - Successfully un-registered JMX Bean with object name Ratis:service=RaftServer,group=group-B9D33A6AA599,id=4411321e-2142-48ef-9104-cebd18b9b25b
2019-10-01 07:16:10,637 [ForkJoinPool.commonPool-worker-0] INFO  impl.RoleInfo (RoleInfo.java:shutdownFollowerState(121)) - 4411321e-2142-48ef-9104-cebd18b9b25b: shutdown FollowerState
2019-10-01 07:16:10,636 [0644b46a-449b-474c-8eef-e7918f21bfdf@group-A66214836B76-StateMachineUpdater] INFO  impl.StateMachineUpdater (StateMachineUpdater.java:lambda$new$0(84)) - 0644b46a-449b-474c-8eef-e7918f21bfdf@group-A66214836B76-StateMachineUpdater: snapshotIndex: updateIncreasingly 14 -> 14
2019-10-01 07:16:10,637 [ForkJoinPool.commonPool-worker-0] INFO  impl.StateMachineUpdater (StateMachineUpdater.java:stopAndJoin(136)) - 4411321e-2142-48ef-9104-cebd18b9b25b@group-B9D33A6AA599-StateMachineUpdater: set stopIndex = 18
2019-10-01 07:16:10,637 [main] INFO  impl.RaftServerImpl (ServerState.java:close(387)) - 0644b46a-449b-474c-8eef-e7918f21bfdf@group-A66214836B76: closes. applyIndex: 16
2019-10-01 07:16:10,637 [4411321e-2142-48ef-9104-cebd18b9b25b@group-B9D33A6AA599-StateMachineUpdater] INFO  ratis.ContainerStateMachine (ContainerStateMachine.java:takeSnapshot(289)) - group-B9D33A6AA599: Taking a snapshot at:(t:1, i:14) file /workdir/hadoop-ozone/integration-test/target/test-dir/MiniOzoneClusterImpl-2db916eb-b457-4fc6-8c12-ba4338359f32/datanode-0/data/ratis/b06fc9ad-88e6-43c1-b1dd-b9d33a6aa599/sm/snapshot.1_14
2019-10-01 07:16:10,637 [Thread-3310] INFO  impl.FollowerState (FollowerState.java:run(117)) - 4411321e-2142-48ef-9104-cebd18b9b25b@group-B9D33A6AA599-FollowerState was interrupted: java.lang.InterruptedException: sleep interrupted
2019-10-01 07:16:10,638 [0644b46a-449b-474c-8eef-e7918f21bfdf@group-A66214836B76-SegmentedRaftLogWorker] INFO  segmented.SegmentedRaftLogWorker (SegmentedRaftLogWorker.java:run(316)) - 0644b46a-449b-474c-8eef-e7918f21bfdf@group-A66214836B76-SegmentedRaftLogWorker was interrupted, exiting. There are 0 tasks remaining in the queue.
2019-10-01 07:16:10,644 [main] INFO  segmented.SegmentedRaftLogWorker (SegmentedRaftLogWorker.java:close(224)) - 0644b46a-449b-474c-8eef-e7918f21bfdf@group-A66214836B76-SegmentedRaftLogWorker close()
2019-10-01 07:16:10,647 [main] INFO  impl.RaftServerImpl (RaftServerImpl.java:lambda$shutdown$3(247)) - 0644b46a-449b-474c-8eef-e7918f21bfdf@group-6EC992997435: shutdown
2019-10-01 07:16:10,648 [main] INFO  util.JmxRegister (JmxRegister.java:unregister(73)) - Successfully un-registered JMX Bean with object name Ratis:service=RaftServer,group=group-6EC992997435,id=0644b46a-449b-474c-8eef-e7918f21bfdf
2019-10-01 07:16:10,648 [main] INFO  impl.RoleInfo (RoleInfo.java:shutdownLeaderState(104)) - 0644b46a-449b-474c-8eef-e7918f21bfdf: shutdown LeaderState
2019-10-01 07:16:10,649 [main] INFO  impl.PendingRequests (PendingRequests.java:sendNotLeaderResponses(202)) - 0644b46a-449b-474c-8eef-e7918f21bfdf@group-6EC992997435-PendingRequests: sendNotLeaderResponses
2019-10-01 07:16:10,649 [main] INFO  impl.StateMachineUpdater (StateMachineUpdater.java:stopAndJoin(136)) - 0644b46a-449b-474c-8eef-e7918f21bfdf@group-6EC992997435-StateMachineUpdater: set stopIndex = 0
2019-10-01 07:16:10,650 [main] INFO  impl.RaftServerImpl (ServerState.java:close(387)) - 0644b46a-449b-474c-8eef-e7918f21bfdf@group-6EC992997435: closes. applyIndex: 0
2019-10-01 07:16:10,651 [0644b46a-449b-474c-8eef-e7918f21bfdf@group-6EC992997435-SegmentedRaftLogWorker] INFO  segmented.SegmentedRaftLogWorker (SegmentedRaftLogWorker.java:run(316)) - 0644b46a-449b-474c-8eef-e7918f21bfdf@group-6EC992997435-SegmentedRaftLogWorker was interrupted, exiting. There are 0 tasks remaining in the queue.
2019-10-01 07:16:10,653 [main] INFO  segmented.SegmentedRaftLogWorker (SegmentedRaftLogWorker.java:close(224)) - 0644b46a-449b-474c-8eef-e7918f21bfdf@group-6EC992997435-SegmentedRaftLogWorker close()
2019-10-01 07:16:10,657 [main] INFO  server.GrpcService (GrpcService.java:closeImpl(164)) - 0644b46a-449b-474c-8eef-e7918f21bfdf: shutdown server with port 34675 now
2019-10-01 07:16:10,658 [grpc-default-executor-9] WARN  server.GrpcServerProtocolService (LogUtils.java:warn(134)) - 0644b46a-449b-474c-8eef-e7918f21bfdf: installSnapshot onError, lastRequest: 681d2a6a-aa23-4b09-bbd3-2c3ec3baa173->0644b46a-449b-474c-8eef-e7918f21bfdf#34-t1, previous=(t:1, i:16), leaderCommit=16, initializing? false, entries: <empty>: org.apache.ratis.thirdparty.io.grpc.StatusRuntimeException: CANCELLED: cancelled before receiving half close
2019-10-01 07:16:10,659 [main] INFO  server.GrpcService (GrpcService.java:closeImpl(172)) - 0644b46a-449b-474c-8eef-e7918f21bfdf: shutdown server with port 34675 successfully
2019-10-01 07:16:10,659 [grpc-default-executor-6] WARN  server.GrpcLogAppender (LogUtils.java:warn(134)) - 681d2a6a-aa23-4b09-bbd3-2c3ec3baa173@group-A66214836B76->0644b46a-449b-474c-8eef-e7918f21bfdf-AppendLogResponseHandler: Failed appendEntries: org.apache.ratis.thirdparty.io.grpc.StatusRuntimeException: CANCELLED: HTTP/2 error code: CANCEL
Received Rst Stream
2019-10-01 07:16:10,660 [grpc-default-executor-6] INFO  impl.FollowerInfo (FollowerInfo.java:lambda$new$0(51)) - 681d2a6a-aa23-4b09-bbd3-2c3ec3baa173@group-A66214836B76->0644b46a-449b-474c-8eef-e7918f21bfdf: nextIndex: updateUnconditionally 17 -> 16
2019-10-01 07:16:10,664 [refreshUsed-/workdir/hadoop-ozone/integration-test/target/test-dir/MiniOzoneClusterImpl-2db916eb-b457-4fc6-8c12-ba4338359f32/datanode-3/data/containers] WARN  fs.CachingGetSpaceUsed (CachingGetSpaceUsed.java:run(183)) - Thread Interrupted waiting to refresh disk information: sleep interrupted
2019-10-01 07:16:10,668 [4411321e-2142-48ef-9104-cebd18b9b25b@group-B9D33A6AA599-StateMachineUpdater] INFO  ratis.ContainerStateMachine (ContainerStateMachine.java:takeSnapshot(300)) - group-B9D33A6AA599: Finished taking a snapshot at:(t:1, i:14) file:/workdir/hadoop-ozone/integration-test/target/test-dir/MiniOzoneClusterImpl-2db916eb-b457-4fc6-8c12-ba4338359f32/datanode-0/data/ratis/b06fc9ad-88e6-43c1-b1dd-b9d33a6aa599/sm/snapshot.1_14 time:31
2019-10-01 07:16:10,668 [4411321e-2142-48ef-9104-cebd18b9b25b@group-B9D33A6AA599-StateMachineUpdater] INFO  impl.StateMachineUpdater (StateMachineUpdater.java:takeSnapshot(269)) - 4411321e-2142-48ef-9104-cebd18b9b25b@group-B9D33A6AA599-StateMachineUpdater: Took a snapshot at index 14
2019-10-01 07:16:10,669 [4411321e-2142-48ef-9104-cebd18b9b25b@group-B9D33A6AA599-StateMachineUpdater] INFO  impl.StateMachineUpdater (StateMachineUpdater.java:lambda$new$0(84)) - 4411321e-2142-48ef-9104-cebd18b9b25b@group-B9D33A6AA599-StateMachineUpdater: snapshotIndex: updateIncreasingly -1 -> 14
2019-10-01 07:16:10,669 [4411321e-2142-48ef-9104-cebd18b9b25b@group-B9D33A6AA599-StateMachineUpdater] INFO  ratis.ContainerStateMachine (ContainerStateMachine.java:takeSnapshot(289)) - group-B9D33A6AA599: Taking a snapshot at:(t:1, i:14) file /workdir/hadoop-ozone/integration-test/target/test-dir/MiniOzoneClusterImpl-2db916eb-b457-4fc6-8c12-ba4338359f32/datanode-0/data/ratis/b06fc9ad-88e6-43c1-b1dd-b9d33a6aa599/sm/snapshot.1_14
2019-10-01 07:16:10,684 [main] INFO  utils.BackgroundService (BackgroundService.java:shutdown(148)) - Shutting down service BlockDeletingService
2019-10-01 07:16:10,689 [main] INFO  statemachine.DatanodeStateMachine (DatanodeStateMachine.java:stopDaemon(395)) - Ozone container server stopped.
2019-10-01 07:16:10,691 [main] INFO  handler.ContextHandler (ContextHandler.java:doStop(910)) - Stopped o.e.j.w.WebAppContext@458031da{/,null,UNAVAILABLE}{/hddsDatanode}
2019-10-01 07:16:10,692 [main] INFO  server.AbstractConnector (AbstractConnector.java:doStop(318)) - Stopped ServerConnector@7be94cd6{HTTP/1.1,[http/1.1]}{0.0.0.0:0}
2019-10-01 07:16:10,692 [main] INFO  handler.ContextHandler (ContextHandler.java:doStop(910)) - Stopped o.e.j.s.ServletContextHandler@19a5b637{/static,jar:file:/home/user/.m2/repository/org/apache/hadoop/hadoop-hdds-container-service/0.5.0-SNAPSHOT/hadoop-hdds-container-service-0.5.0-SNAPSHOT.jar!/webapps/static,UNAVAILABLE}
2019-10-01 07:16:10,693 [main] INFO  handler.ContextHandler (ContextHandler.java:doStop(910)) - Stopped o.e.j.s.ServletContextHandler@70be89ec{/logs,file:///workdir/hadoop-ozone/integration-test/target/log,UNAVAILABLE}
2019-10-01 07:16:10,693 [4411321e-2142-48ef-9104-cebd18b9b25b@group-B9D33A6AA599-StateMachineUpdater] INFO  ratis.ContainerStateMachine (ContainerStateMachine.java:takeSnapshot(300)) - group-B9D33A6AA599: Finished taking a snapshot at:(t:1, i:14) file:/workdir/hadoop-ozone/integration-test/target/test-dir/MiniOzoneClusterImpl-2db916eb-b457-4fc6-8c12-ba4338359f32/datanode-0/data/ratis/b06fc9ad-88e6-43c1-b1dd-b9d33a6aa599/sm/snapshot.1_14 time:24
2019-10-01 07:16:10,694 [4411321e-2142-48ef-9104-cebd18b9b25b@group-B9D33A6AA599-StateMachineUpdater] INFO  impl.StateMachineUpdater (StateMachineUpdater.java:takeSnapshot(269)) - 4411321e-2142-48ef-9104-cebd18b9b25b@group-B9D33A6AA599-StateMachineUpdater: Took a snapshot at index 14
2019-10-01 07:16:10,694 [4411321e-2142-48ef-9104-cebd18b9b25b@group-B9D33A6AA599-StateMachineUpdater] INFO  impl.StateMachineUpdater (StateMachineUpdater.java:lambda$new$0(84)) - 4411321e-2142-48ef-9104-cebd18b9b25b@group-B9D33A6AA599-StateMachineUpdater: snapshotIndex: updateIncreasingly 14 -> 14
2019-10-01 07:16:10,694 [ForkJoinPool.commonPool-worker-0] INFO  impl.RaftServerImpl (ServerState.java:close(387)) - 4411321e-2142-48ef-9104-cebd18b9b25b@group-B9D33A6AA599: closes. applyIndex: 18
2019-10-01 07:16:10,695 [4411321e-2142-48ef-9104-cebd18b9b25b@group-B9D33A6AA599-SegmentedRaftLogWorker] INFO  segmented.SegmentedRaftLogWorker (SegmentedRaftLogWorker.java:run(316)) - 4411321e-2142-48ef-9104-cebd18b9b25b@group-B9D33A6AA599-SegmentedRaftLogWorker was interrupted, exiting. There are 0 tasks remaining in the queue.
2019-10-01 07:16:10,696 [ForkJoinPool.commonPool-worker-0] INFO  segmented.SegmentedRaftLogWorker (SegmentedRaftLogWorker.java:close(224)) - 4411321e-2142-48ef-9104-cebd18b9b25b@group-B9D33A6AA599-SegmentedRaftLogWorker close()
2019-10-01 07:16:10,699 [ForkJoinPool.commonPool-worker-0] INFO  server.GrpcService (GrpcService.java:closeImpl(164)) - 4411321e-2142-48ef-9104-cebd18b9b25b: shutdown server with port 44112 now
2019-10-01 07:16:10,699 [ForkJoinPool.commonPool-worker-0] INFO  server.GrpcService (GrpcService.java:closeImpl(172)) - 4411321e-2142-48ef-9104-cebd18b9b25b: shutdown server with port 44112 successfully
2019-10-01 07:16:10,701 [refreshUsed-/workdir/hadoop-ozone/integration-test/target/test-dir/MiniOzoneClusterImpl-2db916eb-b457-4fc6-8c12-ba4338359f32/datanode-0/data/containers] WARN  fs.CachingGetSpaceUsed (CachingGetSpaceUsed.java:run(183)) - Thread Interrupted waiting to refresh disk information: sleep interrupted
2019-10-01 07:16:10,716 [ForkJoinPool.commonPool-worker-0] INFO  utils.BackgroundService (BackgroundService.java:shutdown(148)) - Shutting down service BlockDeletingService
2019-10-01 07:16:10,720 [ForkJoinPool.commonPool-worker-0] INFO  statemachine.DatanodeStateMachine (DatanodeStateMachine.java:stopDaemon(395)) - Ozone container server stopped.
2019-10-01 07:16:10,724 [ForkJoinPool.commonPool-worker-0] INFO  handler.ContextHandler (ContextHandler.java:doStop(910)) - Stopped o.e.j.w.WebAppContext@48e41b5d{/,null,UNAVAILABLE}{/hddsDatanode}
2019-10-01 07:16:10,725 [ForkJoinPool.commonPool-worker-0] INFO  server.AbstractConnector (AbstractConnector.java:doStop(318)) - Stopped ServerConnector@51e8d066{HTTP/1.1,[http/1.1]}{0.0.0.0:0}
2019-10-01 07:16:10,726 [ForkJoinPool.commonPool-worker-0] INFO  handler.ContextHandler (ContextHandler.java:doStop(910)) - Stopped o.e.j.s.ServletContextHandler@430df350{/static,jar:file:/home/user/.m2/repository/org/apache/hadoop/hadoop-hdds-container-service/0.5.0-SNAPSHOT/hadoop-hdds-container-service-0.5.0-SNAPSHOT.jar!/webapps/static,UNAVAILABLE}
2019-10-01 07:16:10,727 [ForkJoinPool.commonPool-worker-0] INFO  handler.ContextHandler (ContextHandler.java:doStop(910)) - Stopped o.e.j.s.ServletContextHandler@571a663c{/logs,file:///workdir/hadoop-ozone/integration-test/target/log,UNAVAILABLE}
2019-10-01 07:16:11,103 [Datanode State Machine Thread - 0] INFO  statemachine.DatanodeStateMachine (DatanodeStateMachine.java:lambda$startDaemon$0(350)) - Ozone container server started.
2019-10-01 07:16:11,108 [Datanode State Machine Thread - 0] INFO  statemachine.DatanodeStateMachine (DatanodeStateMachine.java:lambda$startDaemon$0(350)) - Ozone container server started.
2019-10-01 07:16:12,986 [grpc-default-executor-6] WARN  server.GrpcLogAppender (LogUtils.java:warn(134)) - 681d2a6a-aa23-4b09-bbd3-2c3ec3baa173@group-A66214836B76->0644b46a-449b-474c-8eef-e7918f21bfdf-AppendLogResponseHandler: Failed appendEntries: org.apache.ratis.thirdparty.io.grpc.StatusRuntimeException: UNAVAILABLE: io exception
2019-10-01 07:16:12,986 [grpc-default-executor-6] INFO  impl.FollowerInfo (FollowerInfo.java:lambda$new$0(51)) - 681d2a6a-aa23-4b09-bbd3-2c3ec3baa173@group-A66214836B76->0644b46a-449b-474c-8eef-e7918f21bfdf: nextIndex: updateUnconditionally 16 -> 15
2019-10-01 07:16:15,178 [EventQueue-StaleNodeForStaleNodeHandler] INFO  node.StaleNodeHandler (StaleNodeHandler.java:onMessage(58)) - Datanode 681d2a6a-aa23-4b09-bbd3-2c3ec3baa173{ip: 192.168.30.18, host: pr-hdds-1984-bsjj8-3390809720, networkLocation: /default-rack, certSerialId: null} moved to stale state. Finalizing its pipelines [PipelineID=8d161998-cb39-4784-a8e6-a66214836b76, PipelineID=81354143-27d1-43a4-aa24-70088686b190]
2019-10-01 07:16:15,180 [EventQueue-StaleNodeForStaleNodeHandler] INFO  pipeline.SCMPipelineManager (SCMPipelineManager.java:finalizeAndDestroyPipeline(315)) - destroying pipeline:Pipeline[ Id: 8d161998-cb39-4784-a8e6-a66214836b76, Nodes: 0644b46a-449b-474c-8eef-e7918f21bfdf{ip: 192.168.30.18, host: pr-hdds-1984-bsjj8-3390809720, networkLocation: /default-rack, certSerialId: null}681d2a6a-aa23-4b09-bbd3-2c3ec3baa173{ip: 192.168.30.18, host: pr-hdds-1984-bsjj8-3390809720, networkLocation: /default-rack, certSerialId: null}11c84197-d83d-4072-8fdb-43676bb55242{ip: 192.168.30.18, host: pr-hdds-1984-bsjj8-3390809720, networkLocation: /default-rack, certSerialId: null}, Type:RATIS, Factor:THREE, State:CLOSED]
2019-10-01 07:16:15,181 [EventQueue-StaleNodeForStaleNodeHandler] INFO  pipeline.SCMPipelineManager (SCMPipelineManager.java:finalizeAndDestroyPipeline(315)) - destroying pipeline:Pipeline[ Id: 81354143-27d1-43a4-aa24-70088686b190, Nodes: 681d2a6a-aa23-4b09-bbd3-2c3ec3baa173{ip: 192.168.30.18, host: pr-hdds-1984-bsjj8-3390809720, networkLocation: /default-rack, certSerialId: null}, Type:RATIS, Factor:ONE, State:OPEN]
2019-10-01 07:16:15,182 [EventQueue-StaleNodeForStaleNodeHandler] INFO  pipeline.PipelineStateManager (PipelineStateManager.java:finalizePipeline(123)) - Pipeline Pipeline[ Id: 81354143-27d1-43a4-aa24-70088686b190, Nodes: 681d2a6a-aa23-4b09-bbd3-2c3ec3baa173{ip: 192.168.30.18, host: pr-hdds-1984-bsjj8-3390809720, networkLocation: /default-rack, certSerialId: null}, Type:RATIS, Factor:ONE, State:CLOSED] moved to CLOSED state
2019-10-01 07:16:15,182 [EventQueue-StaleNodeForStaleNodeHandler] INFO  node.StaleNodeHandler (StaleNodeHandler.java:onMessage(58)) - Datanode 11c84197-d83d-4072-8fdb-43676bb55242{ip: 192.168.30.18, host: pr-hdds-1984-bsjj8-3390809720, networkLocation: /default-rack, certSerialId: null} moved to stale state. Finalizing its pipelines [PipelineID=8d161998-cb39-4784-a8e6-a66214836b76, PipelineID=53a6094c-bcaa-4b2a-b60c-6a462aa8af75]
2019-10-01 07:16:15,182 [EventQueue-StaleNodeForStaleNodeHandler] INFO  pipeline.SCMPipelineManager (SCMPipelineManager.java:finalizeAndDestroyPipeline(315)) - destroying pipeline:Pipeline[ Id: 8d161998-cb39-4784-a8e6-a66214836b76, Nodes: 0644b46a-449b-474c-8eef-e7918f21bfdf{ip: 192.168.30.18, host: pr-hdds-1984-bsjj8-3390809720, networkLocation: /default-rack, certSerialId: null}681d2a6a-aa23-4b09-bbd3-2c3ec3baa173{ip: 192.168.30.18, host: pr-hdds-1984-bsjj8-3390809720, networkLocation: /default-rack, certSerialId: null}11c84197-d83d-4072-8fdb-43676bb55242{ip: 192.168.30.18, host: pr-hdds-1984-bsjj8-3390809720, networkLocation: /default-rack, certSerialId: null}, Type:RATIS, Factor:THREE, State:CLOSED]
2019-10-01 07:16:15,182 [EventQueue-StaleNodeForStaleNodeHandler] INFO  pipeline.SCMPipelineManager (SCMPipelineManager.java:finalizeAndDestroyPipeline(315)) - destroying pipeline:Pipeline[ Id: 53a6094c-bcaa-4b2a-b60c-6a462aa8af75, Nodes: 11c84197-d83d-4072-8fdb-43676bb55242{ip: 192.168.30.18, host: pr-hdds-1984-bsjj8-3390809720, networkLocation: /default-rack, certSerialId: null}, Type:RATIS, Factor:ONE, State:OPEN]
2019-10-01 07:16:15,182 [EventQueue-StaleNodeForStaleNodeHandler] INFO  pipeline.PipelineStateManager (PipelineStateManager.java:finalizePipeline(123)) - Pipeline Pipeline[ Id: 53a6094c-bcaa-4b2a-b60c-6a462aa8af75, Nodes: 11c84197-d83d-4072-8fdb-43676bb55242{ip: 192.168.30.18, host: pr-hdds-1984-bsjj8-3390809720, networkLocation: /default-rack, certSerialId: null}, Type:RATIS, Factor:ONE, State:CLOSED] moved to CLOSED state
2019-10-01 07:16:15,491 [grpc-default-executor-9] WARN  server.GrpcLogAppender (LogUtils.java:warn(134)) - 681d2a6a-aa23-4b09-bbd3-2c3ec3baa173@group-A66214836B76->0644b46a-449b-474c-8eef-e7918f21bfdf-AppendLogResponseHandler: Failed appendEntries: org.apache.ratis.thirdparty.io.grpc.StatusRuntimeException: UNAVAILABLE: io exception
2019-10-01 07:16:15,496 [grpc-default-executor-9] INFO  impl.FollowerInfo (FollowerInfo.java:lambda$new$0(51)) - 681d2a6a-aa23-4b09-bbd3-2c3ec3baa173@group-A66214836B76->0644b46a-449b-474c-8eef-e7918f21bfdf: nextIndex: updateUnconditionally 15 -> 14
2019-10-01 07:16:15,696 [main] INFO  ozoneimpl.OzoneContainer (OzoneContainer.java:stop(231)) - Attempting to stop container services.
2019-10-01 07:16:15,697 [main] INFO  impl.RaftServerProxy (RaftServerProxy.java:lambda$close$4(314)) - 11c84197-d83d-4072-8fdb-43676bb55242: close
2019-10-01 07:16:15,698 [main] INFO  impl.RaftServerImpl (RaftServerImpl.java:lambda$shutdown$3(247)) - 11c84197-d83d-4072-8fdb-43676bb55242@group-A66214836B76: shutdown
2019-10-01 07:16:15,698 [main] INFO  util.JmxRegister (JmxRegister.java:unregister(73)) - Successfully un-registered JMX Bean with object name Ratis:service=RaftServer,group=group-A66214836B76,id=11c84197-d83d-4072-8fdb-43676bb55242
2019-10-01 07:16:15,699 [main] INFO  impl.RoleInfo (RoleInfo.java:shutdownFollowerState(121)) - 11c84197-d83d-4072-8fdb-43676bb55242: shutdown FollowerState
2019-10-01 07:16:15,699 [main] INFO  impl.StateMachineUpdater (StateMachineUpdater.java:stopAndJoin(136)) - 11c84197-d83d-4072-8fdb-43676bb55242@group-A66214836B76-StateMachineUpdater: set stopIndex = 16
2019-10-01 07:16:15,699 [Thread-3143] INFO  impl.FollowerState (FollowerState.java:run(117)) - 11c84197-d83d-4072-8fdb-43676bb55242@group-A66214836B76-FollowerState was interrupted: java.lang.InterruptedException: sleep interrupted
2019-10-01 07:16:15,700 [11c84197-d83d-4072-8fdb-43676bb55242@group-A66214836B76-StateMachineUpdater] INFO  ratis.ContainerStateMachine (ContainerStateMachine.java:takeSnapshot(289)) - group-A66214836B76: Taking a snapshot at:(t:1, i:14) file /workdir/hadoop-ozone/integration-test/target/test-dir/MiniOzoneClusterImpl-2db916eb-b457-4fc6-8c12-ba4338359f32/datanode-6/data/ratis/8d161998-cb39-4784-a8e6-a66214836b76/sm/snapshot.1_14
2019-10-01 07:16:15,729 [ForkJoinPool.commonPool-worker-0] INFO  ozoneimpl.OzoneContainer (OzoneContainer.java:stop(231)) - Attempting to stop container services.
2019-10-01 07:16:15,730 [ForkJoinPool.commonPool-worker-0] INFO  impl.RaftServerProxy (RaftServerProxy.java:lambda$close$4(314)) - 681d2a6a-aa23-4b09-bbd3-2c3ec3baa173: close
2019-10-01 07:16:15,730 [ForkJoinPool.commonPool-worker-0] INFO  impl.RaftServerImpl (RaftServerImpl.java:lambda$shutdown$3(247)) - 681d2a6a-aa23-4b09-bbd3-2c3ec3baa173@group-A66214836B76: shutdown
2019-10-01 07:16:15,730 [ForkJoinPool.commonPool-worker-0] INFO  util.JmxRegister (JmxRegister.java:unregister(73)) - Successfully un-registered JMX Bean with object name Ratis:service=RaftServer,group=group-A66214836B76,id=681d2a6a-aa23-4b09-bbd3-2c3ec3baa173
2019-10-01 07:16:15,731 [ForkJoinPool.commonPool-worker-0] INFO  impl.RoleInfo (RoleInfo.java:shutdownLeaderState(104)) - 681d2a6a-aa23-4b09-bbd3-2c3ec3baa173: shutdown LeaderState
2019-10-01 07:16:15,735 [org.apache.ratis.server.impl.LogAppender$AppenderDaemon$$Lambda$531/1326274164@39ba5026] WARN  server.GrpcLogAppender (GrpcLogAppender.java:mayWait(143)) - 681d2a6a-aa23-4b09-bbd3-2c3ec3baa173@group-A66214836B76->11c84197-d83d-4072-8fdb-43676bb55242-GrpcLogAppender: Wait interrupted by java.lang.InterruptedException
2019-10-01 07:16:15,735 [ForkJoinPool.commonPool-worker-0] INFO  impl.PendingRequests (PendingRequests.java:sendNotLeaderResponses(202)) - 681d2a6a-aa23-4b09-bbd3-2c3ec3baa173@group-A66214836B76-PendingRequests: sendNotLeaderResponses
2019-10-01 07:16:15,735 [org.apache.ratis.server.impl.LogAppender$AppenderDaemon$$Lambda$531/1326274164@6a94328e] WARN  server.GrpcLogAppender (GrpcLogAppender.java:mayWait(143)) - 681d2a6a-aa23-4b09-bbd3-2c3ec3baa173@group-A66214836B76->0644b46a-449b-474c-8eef-e7918f21bfdf-GrpcLogAppender: Wait interrupted by java.lang.InterruptedException
2019-10-01 07:16:15,736 [11c84197-d83d-4072-8fdb-43676bb55242@group-A66214836B76-StateMachineUpdater] INFO  ratis.ContainerStateMachine (ContainerStateMachine.java:takeSnapshot(300)) - group-A66214836B76: Finished taking a snapshot at:(t:1, i:14) file:/workdir/hadoop-ozone/integration-test/target/test-dir/MiniOzoneClusterImpl-2db916eb-b457-4fc6-8c12-ba4338359f32/datanode-6/data/ratis/8d161998-cb39-4784-a8e6-a66214836b76/sm/snapshot.1_14 time:36
2019-10-01 07:16:15,741 [grpc-default-executor-9] INFO  server.GrpcServerProtocolService (GrpcServerProtocolService.java:onCompleted(113)) - 11c84197-d83d-4072-8fdb-43676bb55242: Completed APPEND_ENTRIES, lastRequest: 681d2a6a-aa23-4b09-bbd3-2c3ec3baa173->11c84197-d83d-4072-8fdb-43676bb55242#36-t1, previous=(t:1, i:16), leaderCommit=16, initializing? false, entries: <empty>
2019-10-01 07:16:15,741 [681d2a6a-aa23-4b09-bbd3-2c3ec3baa173@group-A66214836B76-StateMachineUpdater] INFO  ratis.ContainerStateMachine (ContainerStateMachine.java:takeSnapshot(289)) - group-A66214836B76: Taking a snapshot at:(t:1, i:14) file /workdir/hadoop-ozone/integration-test/target/test-dir/MiniOzoneClusterImpl-2db916eb-b457-4fc6-8c12-ba4338359f32/datanode-5/data/ratis/8d161998-cb39-4784-a8e6-a66214836b76/sm/snapshot.1_14
2019-10-01 07:16:15,741 [11c84197-d83d-4072-8fdb-43676bb55242@group-A66214836B76-StateMachineUpdater] INFO  impl.StateMachineUpdater (StateMachineUpdater.java:takeSnapshot(269)) - 11c84197-d83d-4072-8fdb-43676bb55242@group-A66214836B76-StateMachineUpdater: Took a snapshot at index 14
2019-10-01 07:16:15,741 [ForkJoinPool.commonPool-worker-0] INFO  impl.StateMachineUpdater (StateMachineUpdater.java:stopAndJoin(136)) - 681d2a6a-aa23-4b09-bbd3-2c3ec3baa173@group-A66214836B76-StateMachineUpdater: set stopIndex = 16
2019-10-01 07:16:15,742 [11c84197-d83d-4072-8fdb-43676bb55242@group-A66214836B76-StateMachineUpdater] INFO  impl.StateMachineUpdater (StateMachineUpdater.java:lambda$new$0(84)) - 11c84197-d83d-4072-8fdb-43676bb55242@group-A66214836B76-StateMachineUpdater: snapshotIndex: updateIncreasingly -1 -> 14
2019-10-01 07:16:15,742 [grpc-default-executor-9] INFO  server.GrpcLogAppender (GrpcLogAppender.java:onCompleted(293)) - 681d2a6a-aa23-4b09-bbd3-2c3ec3baa173@group-A66214836B76->11c84197-d83d-4072-8fdb-43676bb55242-AppendLogResponseHandler: follower responses appendEntries COMPLETED
2019-10-01 07:16:15,743 [11c84197-d83d-4072-8fdb-43676bb55242@group-A66214836B76-StateMachineUpdater] INFO  ratis.ContainerStateMachine (ContainerStateMachine.java:takeSnapshot(289)) - group-A66214836B76: Taking a snapshot at:(t:1, i:14) file /workdir/hadoop-ozone/integration-test/target/test-dir/MiniOzoneClusterImpl-2db916eb-b457-4fc6-8c12-ba4338359f32/datanode-6/data/ratis/8d161998-cb39-4784-a8e6-a66214836b76/sm/snapshot.1_14
2019-10-01 07:16:15,743 [grpc-default-executor-9] INFO  impl.FollowerInfo (FollowerInfo.java:lambda$new$0(51)) - 681d2a6a-aa23-4b09-bbd3-2c3ec3baa173@group-A66214836B76->11c84197-d83d-4072-8fdb-43676bb55242: nextIndex: updateUnconditionally 17 -> 16
2019-10-01 07:16:15,770 [681d2a6a-aa23-4b09-bbd3-2c3ec3baa173@group-A66214836B76-StateMachineUpdater] INFO  ratis.ContainerStateMachine (ContainerStateMachine.java:takeSnapshot(300)) - group-A66214836B76: Finished taking a snapshot at:(t:1, i:14) file:/workdir/hadoop-ozone/integration-test/target/test-dir/MiniOzoneClusterImpl-2db916eb-b457-4fc6-8c12-ba4338359f32/datanode-5/data/ratis/8d161998-cb39-4784-a8e6-a66214836b76/sm/snapshot.1_14 time:29
2019-10-01 07:16:15,770 [11c84197-d83d-4072-8fdb-43676bb55242@group-A66214836B76-StateMachineUpdater] INFO  ratis.ContainerStateMachine (ContainerStateMachine.java:takeSnapshot(300)) - group-A66214836B76: Finished taking a snapshot at:(t:1, i:14) file:/workdir/hadoop-ozone/integration-test/target/test-dir/MiniOzoneClusterImpl-2db916eb-b457-4fc6-8c12-ba4338359f32/datanode-6/data/ratis/8d161998-cb39-4784-a8e6-a66214836b76/sm/snapshot.1_14 time:27
2019-10-01 07:16:15,770 [681d2a6a-aa23-4b09-bbd3-2c3ec3baa173@group-A66214836B76-StateMachineUpdater] INFO  impl.StateMachineUpdater (StateMachineUpdater.java:takeSnapshot(269)) - 681d2a6a-aa23-4b09-bbd3-2c3ec3baa173@group-A66214836B76-StateMachineUpdater: Took a snapshot at index 14
2019-10-01 07:16:15,770 [681d2a6a-aa23-4b09-bbd3-2c3ec3baa173@group-A66214836B76-StateMachineUpdater] INFO  impl.StateMachineUpdater (StateMachineUpdater.java:lambda$new$0(84)) - 681d2a6a-aa23-4b09-bbd3-2c3ec3baa173@group-A66214836B76-StateMachineUpdater: snapshotIndex: updateIncreasingly -1 -> 14
2019-10-01 07:16:15,770 [11c84197-d83d-4072-8fdb-43676bb55242@group-A66214836B76-StateMachineUpdater] INFO  impl.StateMachineUpdater (StateMachineUpdater.java:takeSnapshot(269)) - 11c84197-d83d-4072-8fdb-43676bb55242@group-A66214836B76-StateMachineUpdater: Took a snapshot at index 14
2019-10-01 07:16:15,771 [681d2a6a-aa23-4b09-bbd3-2c3ec3baa173@group-A66214836B76-StateMachineUpdater] INFO  ratis.ContainerStateMachine (ContainerStateMachine.java:takeSnapshot(289)) - group-A66214836B76: Taking a snapshot at:(t:1, i:14) file /workdir/hadoop-ozone/integration-test/target/test-dir/MiniOzoneClusterImpl-2db916eb-b457-4fc6-8c12-ba4338359f32/datanode-5/data/ratis/8d161998-cb39-4784-a8e6-a66214836b76/sm/snapshot.1_14
2019-10-01 07:16:15,771 [11c84197-d83d-4072-8fdb-43676bb55242@group-A66214836B76-StateMachineUpdater] INFO  impl.StateMachineUpdater (StateMachineUpdater.java:lambda$new$0(84)) - 11c84197-d83d-4072-8fdb-43676bb55242@group-A66214836B76-StateMachineUpdater: snapshotIndex: updateIncreasingly 14 -> 14
2019-10-01 07:16:15,771 [main] INFO  impl.RaftServerImpl (ServerState.java:close(387)) - 11c84197-d83d-4072-8fdb-43676bb55242@group-A66214836B76: closes. applyIndex: 16
2019-10-01 07:16:15,772 [11c84197-d83d-4072-8fdb-43676bb55242@group-A66214836B76-SegmentedRaftLogWorker] INFO  segmented.SegmentedRaftLogWorker (SegmentedRaftLogWorker.java:run(316)) - 11c84197-d83d-4072-8fdb-43676bb55242@group-A66214836B76-SegmentedRaftLogWorker was interrupted, exiting. There are 0 tasks remaining in the queue.
2019-10-01 07:16:15,774 [main] INFO  segmented.SegmentedRaftLogWorker (SegmentedRaftLogWorker.java:close(224)) - 11c84197-d83d-4072-8fdb-43676bb55242@group-A66214836B76-SegmentedRaftLogWorker close()
2019-10-01 07:16:15,778 [main] INFO  impl.RaftServerImpl (RaftServerImpl.java:lambda$shutdown$3(247)) - 11c84197-d83d-4072-8fdb-43676bb55242@group-6A462AA8AF75: shutdown
2019-10-01 07:16:15,778 [main] INFO  util.JmxRegister (JmxRegister.java:unregister(73)) - Successfully un-registered JMX Bean with object name Ratis:service=RaftServer,group=group-6A462AA8AF75,id=11c84197-d83d-4072-8fdb-43676bb55242
2019-10-01 07:16:15,778 [main] INFO  impl.RoleInfo (RoleInfo.java:shutdownLeaderState(104)) - 11c84197-d83d-4072-8fdb-43676bb55242: shutdown LeaderState
2019-10-01 07:16:15,779 [main] INFO  impl.PendingRequests (PendingRequests.java:sendNotLeaderResponses(202)) - 11c84197-d83d-4072-8fdb-43676bb55242@group-6A462AA8AF75-PendingRequests: sendNotLeaderResponses
2019-10-01 07:16:15,779 [main] INFO  impl.StateMachineUpdater (StateMachineUpdater.java:stopAndJoin(136)) - 11c84197-d83d-4072-8fdb-43676bb55242@group-6A462AA8AF75-StateMachineUpdater: set stopIndex = 0
2019-10-01 07:16:15,779 [main] INFO  impl.RaftServerImpl (ServerState.java:close(387)) - 11c84197-d83d-4072-8fdb-43676bb55242@group-6A462AA8AF75: closes. applyIndex: 0
2019-10-01 07:16:15,780 [11c84197-d83d-4072-8fdb-43676bb55242@group-6A462AA8AF75-SegmentedRaftLogWorker] INFO  segmented.SegmentedRaftLogWorker (SegmentedRaftLogWorker.java:run(316)) - 11c84197-d83d-4072-8fdb-43676bb55242@group-6A462AA8AF75-SegmentedRaftLogWorker was interrupted, exiting. There are 0 tasks remaining in the queue.
2019-10-01 07:16:15,782 [main] INFO  segmented.SegmentedRaftLogWorker (SegmentedRaftLogWorker.java:close(224)) - 11c84197-d83d-4072-8fdb-43676bb55242@group-6A462AA8AF75-SegmentedRaftLogWorker close()
2019-10-01 07:16:15,785 [main] INFO  server.GrpcService (GrpcService.java:closeImpl(164)) - 11c84197-d83d-4072-8fdb-43676bb55242: shutdown server with port 33686 now
2019-10-01 07:16:15,786 [main] INFO  server.GrpcService (GrpcService.java:closeImpl(172)) - 11c84197-d83d-4072-8fdb-43676bb55242: shutdown server with port 33686 successfully
2019-10-01 07:16:15,791 [refreshUsed-/workdir/hadoop-ozone/integration-test/target/test-dir/MiniOzoneClusterImpl-2db916eb-b457-4fc6-8c12-ba4338359f32/datanode-6/data/containers] WARN  fs.CachingGetSpaceUsed (CachingGetSpaceUsed.java:run(183)) - Thread Interrupted waiting to refresh disk information: sleep interrupted
2019-10-01 07:16:15,795 [681d2a6a-aa23-4b09-bbd3-2c3ec3baa173@group-A66214836B76-StateMachineUpdater] INFO  ratis.ContainerStateMachine (ContainerStateMachine.java:takeSnapshot(300)) - group-A66214836B76: Finished taking a snapshot at:(t:1, i:14) file:/workdir/hadoop-ozone/integration-test/target/test-dir/MiniOzoneClusterImpl-2db916eb-b457-4fc6-8c12-ba4338359f32/datanode-5/data/ratis/8d161998-cb39-4784-a8e6-a66214836b76/sm/snapshot.1_14 time:24
2019-10-01 07:16:15,796 [681d2a6a-aa23-4b09-bbd3-2c3ec3baa173@group-A66214836B76-StateMachineUpdater] INFO  impl.StateMachineUpdater (StateMachineUpdater.java:takeSnapshot(269)) - 681d2a6a-aa23-4b09-bbd3-2c3ec3baa173@group-A66214836B76-StateMachineUpdater: Took a snapshot at index 14
2019-10-01 07:16:15,796 [681d2a6a-aa23-4b09-bbd3-2c3ec3baa173@group-A66214836B76-StateMachineUpdater] INFO  impl.StateMachineUpdater (StateMachineUpdater.java:lambda$new$0(84)) - 681d2a6a-aa23-4b09-bbd3-2c3ec3baa173@group-A66214836B76-StateMachineUpdater: snapshotIndex: updateIncreasingly 14 -> 14
2019-10-01 07:16:15,796 [ForkJoinPool.commonPool-worker-0] INFO  impl.RaftServerImpl (ServerState.java:close(387)) - 681d2a6a-aa23-4b09-bbd3-2c3ec3baa173@group-A66214836B76: closes. applyIndex: 16
2019-10-01 07:16:15,797 [681d2a6a-aa23-4b09-bbd3-2c3ec3baa173@group-A66214836B76-SegmentedRaftLogWorker] INFO  segmented.SegmentedRaftLogWorker (SegmentedRaftLogWorker.java:run(316)) - 681d2a6a-aa23-4b09-bbd3-2c3ec3baa173@group-A66214836B76-SegmentedRaftLogWorker was interrupted, exiting. There are 0 tasks remaining in the queue.
2019-10-01 07:16:15,798 [ForkJoinPool.commonPool-worker-0] INFO  segmented.SegmentedRaftLogWorker (SegmentedRaftLogWorker.java:close(224)) - 681d2a6a-aa23-4b09-bbd3-2c3ec3baa173@group-A66214836B76-SegmentedRaftLogWorker close()
2019-10-01 07:16:15,805 [ForkJoinPool.commonPool-worker-0] INFO  impl.RaftServerImpl (RaftServerImpl.java:lambda$shutdown$3(247)) - 681d2a6a-aa23-4b09-bbd3-2c3ec3baa173@group-70088686B190: shutdown
2019-10-01 07:16:15,806 [ForkJoinPool.commonPool-worker-0] INFO  util.JmxRegister (JmxRegister.java:unregister(73)) - Successfully un-registered JMX Bean with object name Ratis:service=RaftServer,group=group-70088686B190,id=681d2a6a-aa23-4b09-bbd3-2c3ec3baa173
2019-10-01 07:16:15,806 [ForkJoinPool.commonPool-worker-0] INFO  impl.RoleInfo (RoleInfo.java:shutdownLeaderState(104)) - 681d2a6a-aa23-4b09-bbd3-2c3ec3baa173: shutdown LeaderState
2019-10-01 07:16:15,806 [ForkJoinPool.commonPool-worker-0] INFO  impl.PendingRequests (PendingRequests.java:sendNotLeaderResponses(202)) - 681d2a6a-aa23-4b09-bbd3-2c3ec3baa173@group-70088686B190-PendingRequests: sendNotLeaderResponses
2019-10-01 07:16:15,807 [ForkJoinPool.commonPool-worker-0] INFO  impl.StateMachineUpdater (StateMachineUpdater.java:stopAndJoin(136)) - 681d2a6a-aa23-4b09-bbd3-2c3ec3baa173@group-70088686B190-StateMachineUpdater: set stopIndex = 0
2019-10-01 07:16:15,807 [ForkJoinPool.commonPool-worker-0] INFO  impl.RaftServerImpl (ServerState.java:close(387)) - 681d2a6a-aa23-4b09-bbd3-2c3ec3baa173@group-70088686B190: closes. applyIndex: 0
2019-10-01 07:16:15,807 [681d2a6a-aa23-4b09-bbd3-2c3ec3baa173@group-70088686B190-SegmentedRaftLogWorker] INFO  segmented.SegmentedRaftLogWorker (SegmentedRaftLogWorker.java:run(316)) - 681d2a6a-aa23-4b09-bbd3-2c3ec3baa173@group-70088686B190-SegmentedRaftLogWorker was interrupted, exiting. There are 0 tasks remaining in the queue.
2019-10-01 07:16:15,807 [ForkJoinPool.commonPool-worker-0] INFO  segmented.SegmentedRaftLogWorker (SegmentedRaftLogWorker.java:close(224)) - 681d2a6a-aa23-4b09-bbd3-2c3ec3baa173@group-70088686B190-SegmentedRaftLogWorker close()
2019-10-01 07:16:15,809 [ForkJoinPool.commonPool-worker-0] INFO  server.GrpcService (GrpcService.java:closeImpl(164)) - 681d2a6a-aa23-4b09-bbd3-2c3ec3baa173: shutdown server with port 44355 now
2019-10-01 07:16:15,810 [grpc-default-executor-6] WARN  client.GrpcClientProtocolService (LogUtils.java:warn(134)) - 1-UnorderedRequestStreamObserver1: onError: org.apache.ratis.thirdparty.io.grpc.StatusRuntimeException: CANCELLED: cancelled before receiving half close
2019-10-01 07:16:15,810 [ForkJoinPool.commonPool-worker-0] INFO  server.GrpcService (GrpcService.java:closeImpl(172)) - 681d2a6a-aa23-4b09-bbd3-2c3ec3baa173: shutdown server with port 44355 successfully
2019-10-01 07:16:15,811 [main] INFO  utils.BackgroundService (BackgroundService.java:shutdown(148)) - Shutting down service BlockDeletingService
2019-10-01 07:16:15,815 [refreshUsed-/workdir/hadoop-ozone/integration-test/target/test-dir/MiniOzoneClusterImpl-2db916eb-b457-4fc6-8c12-ba4338359f32/datanode-5/data/containers] WARN  fs.CachingGetSpaceUsed (CachingGetSpaceUsed.java:run(183)) - Thread Interrupted waiting to refresh disk information: sleep interrupted
2019-10-01 07:16:15,817 [main] INFO  statemachine.DatanodeStateMachine (DatanodeStateMachine.java:stopDaemon(395)) - Ozone container server stopped.
2019-10-01 07:16:15,821 [main] INFO  handler.ContextHandler (ContextHandler.java:doStop(910)) - Stopped o.e.j.w.WebAppContext@625487a6{/,null,UNAVAILABLE}{/hddsDatanode}
2019-10-01 07:16:15,823 [main] INFO  server.AbstractConnector (AbstractConnector.java:doStop(318)) - Stopped ServerConnector@682e445e{HTTP/1.1,[http/1.1]}{0.0.0.0:0}
2019-10-01 07:16:15,824 [main] INFO  handler.ContextHandler (ContextHandler.java:doStop(910)) - Stopped o.e.j.s.ServletContextHandler@50cbcca7{/static,jar:file:/home/user/.m2/repository/org/apache/hadoop/hadoop-hdds-container-service/0.5.0-SNAPSHOT/hadoop-hdds-container-service-0.5.0-SNAPSHOT.jar!/webapps/static,UNAVAILABLE}
2019-10-01 07:16:15,824 [main] INFO  handler.ContextHandler (ContextHandler.java:doStop(910)) - Stopped o.e.j.s.ServletContextHandler@204d9edf{/logs,file:///workdir/hadoop-ozone/integration-test/target/log,UNAVAILABLE}
2019-10-01 07:16:15,835 [ForkJoinPool.commonPool-worker-0] INFO  utils.BackgroundService (BackgroundService.java:shutdown(148)) - Shutting down service BlockDeletingService
2019-10-01 07:16:15,840 [ForkJoinPool.commonPool-worker-0] INFO  statemachine.DatanodeStateMachine (DatanodeStateMachine.java:stopDaemon(395)) - Ozone container server stopped.
2019-10-01 07:16:15,843 [ForkJoinPool.commonPool-worker-0] INFO  handler.ContextHandler (ContextHandler.java:doStop(910)) - Stopped o.e.j.w.WebAppContext@10ed037a{/,null,UNAVAILABLE}{/hddsDatanode}
2019-10-01 07:16:15,844 [ForkJoinPool.commonPool-worker-0] INFO  server.AbstractConnector (AbstractConnector.java:doStop(318)) - Stopped ServerConnector@76e4212{HTTP/1.1,[http/1.1]}{0.0.0.0:0}
2019-10-01 07:16:15,845 [ForkJoinPool.commonPool-worker-0] INFO  handler.ContextHandler (ContextHandler.java:doStop(910)) - Stopped o.e.j.s.ServletContextHandler@2abc55c4{/static,jar:file:/home/user/.m2/repository/org/apache/hadoop/hadoop-hdds-container-service/0.5.0-SNAPSHOT/hadoop-hdds-container-service-0.5.0-SNAPSHOT.jar!/webapps/static,UNAVAILABLE}
2019-10-01 07:16:15,846 [ForkJoinPool.commonPool-worker-0] INFO  handler.ContextHandler (ContextHandler.java:doStop(910)) - Stopped o.e.j.s.ServletContextHandler@39f0c343{/logs,file:///workdir/hadoop-ozone/integration-test/target/log,UNAVAILABLE}
2019-10-01 07:16:15,847 [main] INFO  ozone.MiniOzoneClusterImpl (MiniOzoneClusterImpl.java:stopSCM(392)) - Stopping the StorageContainerManager
2019-10-01 07:16:15,848 [main] INFO  server.StorageContainerManager (StorageContainerManager.java:stop(808)) - Stopping Replication Manager Service.
2019-10-01 07:16:15,848 [main] INFO  container.ReplicationManager (ReplicationManager.java:stop(203)) - Stopping Replication Monitor Thread.
2019-10-01 07:16:15,848 [main] INFO  server.StorageContainerManager (StorageContainerManager.java:stop(815)) - Stopping Lease Manager of the command watchers
2019-10-01 07:16:15,848 [main] INFO  server.StorageContainerManager (StorageContainerManager.java:stop(822)) - Stopping datanode service RPC server
2019-10-01 07:16:15,849 [main] INFO  server.SCMDatanodeProtocolServer (SCMDatanodeProtocolServer.java:stop(367)) - Stopping the RPC server for DataNodes
2019-10-01 07:16:15,849 [main] INFO  ipc.Server (Server.java:stop(3082)) - Stopping server on 39748
2019-10-01 07:16:15,852 [IPC Server listener on 39748] INFO  ipc.Server (Server.java:run(1185)) - Stopping IPC Server listener on 39748
2019-10-01 07:16:15,852 [IPC Server Responder] INFO  ipc.Server (Server.java:run(1319)) - Stopping IPC Server Responder
2019-10-01 07:16:15,878 [SCM Heartbeat Processing Thread - 0] WARN  node.NodeStateManager (NodeStateManager.java:scheduleNextHealthCheck(646)) - Current Thread is interrupted, shutting down HB processing thread for Node Manager.
2019-10-01 07:16:15,879 [main] INFO  server.StorageContainerManager (StorageContainerManager.java:stop(830)) - Stopping block service RPC server
2019-10-01 07:16:15,879 [main] INFO  server.SCMBlockProtocolServer (SCMBlockProtocolServer.java:stop(155)) - Stopping the RPC server for Block Protocol
2019-10-01 07:16:15,879 [main] INFO  ipc.Server (Server.java:stop(3082)) - Stopping server on 41100
2019-10-01 07:16:15,881 [main] INFO  server.StorageContainerManager (StorageContainerManager.java:stop(837)) - Stopping the StorageContainerLocationProtocol RPC server
2019-10-01 07:16:15,881 [main] INFO  server.SCMClientProtocolServer (SCMClientProtocolServer.java:stop(158)) - Stopping the RPC server for Client Protocol
2019-10-01 07:16:15,881 [IPC Server listener on 41100] INFO  ipc.Server (Server.java:run(1185)) - Stopping IPC Server listener on 41100
2019-10-01 07:16:15,882 [main] INFO  ipc.Server (Server.java:stop(3082)) - Stopping server on 46642
2019-10-01 07:16:15,881 [IPC Server Responder] INFO  ipc.Server (Server.java:run(1319)) - Stopping IPC Server Responder
2019-10-01 07:16:15,885 [main] INFO  server.StorageContainerManager (StorageContainerManager.java:stop(844)) - Stopping Storage Container Manager HTTP server.
2019-10-01 07:16:15,885 [IPC Server listener on 46642] INFO  ipc.Server (Server.java:run(1185)) - Stopping IPC Server listener on 46642
2019-10-01 07:16:15,885 [IPC Server Responder] INFO  ipc.Server (Server.java:run(1319)) - Stopping IPC Server Responder
2019-10-01 07:16:15,887 [main] INFO  handler.ContextHandler (ContextHandler.java:doStop(910)) - Stopped o.e.j.w.WebAppContext@2b43f314{/,null,UNAVAILABLE}{/scm}
2019-10-01 07:16:15,887 [main] INFO  server.AbstractConnector (AbstractConnector.java:doStop(318)) - Stopped ServerConnector@3a4a5f3c{HTTP/1.1,[http/1.1]}{0.0.0.0:0}
2019-10-01 07:16:15,888 [main] INFO  handler.ContextHandler (ContextHandler.java:doStop(910)) - Stopped o.e.j.s.ServletContextHandler@51e7589f{/static,file:///workdir/hadoop-ozone/integration-test/target/test-classes/webapps/static,UNAVAILABLE}
2019-10-01 07:16:15,888 [main] INFO  handler.ContextHandler (ContextHandler.java:doStop(910)) - Stopped o.e.j.s.ServletContextHandler@33d28f0a{/logs,file:///workdir/hadoop-ozone/integration-test/target/log,UNAVAILABLE}
2019-10-01 07:16:15,889 [main] INFO  server.StorageContainerManager (StorageContainerManager.java:stop(855)) - Stopping Block Manager Service.
2019-10-01 07:16:15,889 [main] INFO  utils.BackgroundService (BackgroundService.java:shutdown(148)) - Shutting down service SCMBlockDeletingService
2019-10-01 07:16:15,889 [main] INFO  utils.BackgroundService (BackgroundService.java:shutdown(148)) - Shutting down service SCMBlockDeletingService
2019-10-01 07:16:15,890 [main] INFO  server.StorageContainerManager (StorageContainerManager.java:stop(877)) - Stopping SCM Event Queue.
2019-10-01 07:16:15,893 [main] INFO  impl.MetricsSystemImpl (MetricsSystemImpl.java:stop(210)) - Stopping HddsDatanode metrics system...
2019-10-01 07:16:15,912 [main] INFO  impl.MetricsSystemImpl (MetricsSystemImpl.java:stop(216)) - HddsDatanode metrics system stopped.
]]></system-out>
    <system-err><![CDATA[Oct 01, 2019 7:15:20 AM org.apache.ratis.thirdparty.io.grpc.internal.ManagedChannelOrphanWrapper$ManagedChannelReference cleanQueue
SEVERE: *~*~*~ Channel ManagedChannelImpl{logId=2742, target=192.168.30.18:44088} was not shutdown properly!!! ~*~*~*
    Make sure to call shutdown()/shutdownNow() and wait until awaitTermination() returns true.
java.lang.RuntimeException: ManagedChannel allocation site
	at org.apache.ratis.thirdparty.io.grpc.internal.ManagedChannelOrphanWrapper$ManagedChannelReference.<init>(ManagedChannelOrphanWrapper.java:103)
	at org.apache.ratis.thirdparty.io.grpc.internal.ManagedChannelOrphanWrapper.<init>(ManagedChannelOrphanWrapper.java:53)
	at org.apache.ratis.thirdparty.io.grpc.internal.ManagedChannelOrphanWrapper.<init>(ManagedChannelOrphanWrapper.java:44)
	at org.apache.ratis.thirdparty.io.grpc.internal.AbstractManagedChannelImplBuilder.build(AbstractManagedChannelImplBuilder.java:411)
	at org.apache.hadoop.hdds.scm.XceiverClientGrpc.connectToDatanode(XceiverClientGrpc.java:181)
	at org.apache.hadoop.hdds.scm.XceiverClientGrpc.reconnect(XceiverClientGrpc.java:429)
	at org.apache.hadoop.hdds.scm.XceiverClientGrpc.sendCommandAsync(XceiverClientGrpc.java:378)
	at org.apache.hadoop.hdds.scm.XceiverClientGrpc.sendCommandWithRetry(XceiverClientGrpc.java:291)
	at org.apache.hadoop.hdds.scm.XceiverClientGrpc.sendCommandWithTraceIDAndRetry(XceiverClientGrpc.java:257)
	at org.apache.hadoop.hdds.scm.XceiverClientGrpc.sendCommand(XceiverClientGrpc.java:240)
	at org.apache.hadoop.hdds.scm.storage.ContainerProtocolCalls.getBlock(ContainerProtocolCalls.java:118)
	at org.apache.hadoop.hdds.scm.storage.BlockInputStream.getChunkInfos(BlockInputStream.java:167)
	at org.apache.hadoop.hdds.scm.storage.BlockInputStream.initialize(BlockInputStream.java:118)
	at org.apache.hadoop.hdds.scm.storage.BlockInputStream.read(BlockInputStream.java:222)
	at org.apache.hadoop.ozone.client.io.KeyInputStream.read(KeyInputStream.java:171)
	at org.apache.hadoop.ozone.client.io.OzoneInputStream.read(OzoneInputStream.java:47)
	at java.io.InputStream.read(InputStream.java:101)
	at org.apache.hadoop.ozone.container.ContainerTestHelper.validateData(ContainerTestHelper.java:714)
	at org.apache.hadoop.ozone.client.rpc.TestBlockOutputStreamWithFailures.validateData(TestBlockOutputStreamWithFailures.java:1216)
	at org.apache.hadoop.ozone.client.rpc.TestBlockOutputStreamWithFailures.testDatanodeFailureWithSingleNodeRatis(TestBlockOutputStreamWithFailures.java:1058)
	at sun.reflect.NativeMethodAccessorImpl.invoke0(Native Method)
	at sun.reflect.NativeMethodAccessorImpl.invoke(NativeMethodAccessorImpl.java:62)
	at sun.reflect.DelegatingMethodAccessorImpl.invoke(DelegatingMethodAccessorImpl.java:43)
	at java.lang.reflect.Method.invoke(Method.java:498)
	at org.junit.runners.model.FrameworkMethod$1.runReflectiveCall(FrameworkMethod.java:47)
	at org.junit.internal.runners.model.ReflectiveCallable.run(ReflectiveCallable.java:12)
	at org.junit.runners.model.FrameworkMethod.invokeExplosively(FrameworkMethod.java:44)
	at org.junit.internal.runners.statements.InvokeMethod.evaluate(InvokeMethod.java:17)
	at org.junit.internal.runners.statements.RunBefores.evaluate(RunBefores.java:26)
	at org.junit.internal.runners.statements.RunAfters.evaluate(RunAfters.java:27)
	at org.junit.runners.ParentRunner.runLeaf(ParentRunner.java:271)
	at org.junit.runners.BlockJUnit4ClassRunner.runChild(BlockJUnit4ClassRunner.java:70)
	at org.junit.runners.BlockJUnit4ClassRunner.runChild(BlockJUnit4ClassRunner.java:50)
	at org.junit.runners.ParentRunner$3.run(ParentRunner.java:238)
	at org.junit.runners.ParentRunner$1.schedule(ParentRunner.java:63)
	at org.junit.runners.ParentRunner.runChildren(ParentRunner.java:236)
	at org.junit.runners.ParentRunner.access$000(ParentRunner.java:53)
	at org.junit.runners.ParentRunner$2.evaluate(ParentRunner.java:229)
	at org.junit.runners.ParentRunner.run(ParentRunner.java:309)
	at org.apache.maven.surefire.junit4.JUnit4Provider.execute(JUnit4Provider.java:365)
	at org.apache.maven.surefire.junit4.JUnit4Provider.executeWithRerun(JUnit4Provider.java:273)
	at org.apache.maven.surefire.junit4.JUnit4Provider.executeTestSet(JUnit4Provider.java:238)
	at org.apache.maven.surefire.junit4.JUnit4Provider.invoke(JUnit4Provider.java:159)
	at org.apache.maven.surefire.booter.ForkedBooter.invokeProviderInSameClassLoader(ForkedBooter.java:384)
	at org.apache.maven.surefire.booter.ForkedBooter.runSuitesInProcess(ForkedBooter.java:345)
	at org.apache.maven.surefire.booter.ForkedBooter.execute(ForkedBooter.java:126)
	at org.apache.maven.surefire.booter.ForkedBooter.main(ForkedBooter.java:418)

Oct 01, 2019 7:15:20 AM org.apache.ratis.thirdparty.io.grpc.internal.ManagedChannelOrphanWrapper$ManagedChannelReference cleanQueue
SEVERE: *~*~*~ Channel ManagedChannelImpl{logId=2948, target=192.168.30.18:35502} was not shutdown properly!!! ~*~*~*
    Make sure to call shutdown()/shutdownNow() and wait until awaitTermination() returns true.
java.lang.RuntimeException: ManagedChannel allocation site
	at org.apache.ratis.thirdparty.io.grpc.internal.ManagedChannelOrphanWrapper$ManagedChannelReference.<init>(ManagedChannelOrphanWrapper.java:103)
	at org.apache.ratis.thirdparty.io.grpc.internal.ManagedChannelOrphanWrapper.<init>(ManagedChannelOrphanWrapper.java:53)
	at org.apache.ratis.thirdparty.io.grpc.internal.ManagedChannelOrphanWrapper.<init>(ManagedChannelOrphanWrapper.java:44)
	at org.apache.ratis.thirdparty.io.grpc.internal.AbstractManagedChannelImplBuilder.build(AbstractManagedChannelImplBuilder.java:411)
	at org.apache.hadoop.hdds.scm.XceiverClientGrpc.connectToDatanode(XceiverClientGrpc.java:181)
	at org.apache.hadoop.hdds.scm.XceiverClientGrpc.reconnect(XceiverClientGrpc.java:429)
	at org.apache.hadoop.hdds.scm.XceiverClientGrpc.sendCommandAsync(XceiverClientGrpc.java:378)
	at org.apache.hadoop.hdds.scm.XceiverClientGrpc.sendCommandWithRetry(XceiverClientGrpc.java:291)
	at org.apache.hadoop.hdds.scm.XceiverClientGrpc.sendCommandWithTraceIDAndRetry(XceiverClientGrpc.java:257)
	at org.apache.hadoop.hdds.scm.XceiverClientGrpc.sendCommand(XceiverClientGrpc.java:240)
	at org.apache.hadoop.hdds.scm.storage.ContainerProtocolCalls.getBlock(ContainerProtocolCalls.java:118)
	at org.apache.hadoop.hdds.scm.storage.BlockInputStream.getChunkInfos(BlockInputStream.java:167)
	at org.apache.hadoop.hdds.scm.storage.BlockInputStream.initialize(BlockInputStream.java:118)
	at org.apache.hadoop.hdds.scm.storage.BlockInputStream.read(BlockInputStream.java:222)
	at org.apache.hadoop.ozone.client.io.KeyInputStream.read(KeyInputStream.java:171)
	at org.apache.hadoop.ozone.client.io.OzoneInputStream.read(OzoneInputStream.java:47)
	at java.io.InputStream.read(InputStream.java:101)
	at org.apache.hadoop.ozone.container.ContainerTestHelper.validateData(ContainerTestHelper.java:714)
	at org.apache.hadoop.ozone.client.rpc.TestBlockOutputStreamWithFailures.validateData(TestBlockOutputStreamWithFailures.java:1216)
	at org.apache.hadoop.ozone.client.rpc.TestBlockOutputStreamWithFailures.testWatchForCommitWithSingleNodeRatis(TestBlockOutputStreamWithFailures.java:918)
	at sun.reflect.NativeMethodAccessorImpl.invoke0(Native Method)
	at sun.reflect.NativeMethodAccessorImpl.invoke(NativeMethodAccessorImpl.java:62)
	at sun.reflect.DelegatingMethodAccessorImpl.invoke(DelegatingMethodAccessorImpl.java:43)
	at java.lang.reflect.Method.invoke(Method.java:498)
	at org.junit.runners.model.FrameworkMethod$1.runReflectiveCall(FrameworkMethod.java:47)
	at org.junit.internal.runners.model.ReflectiveCallable.run(ReflectiveCallable.java:12)
	at org.junit.runners.model.FrameworkMethod.invokeExplosively(FrameworkMethod.java:44)
	at org.junit.internal.runners.statements.InvokeMethod.evaluate(InvokeMethod.java:17)
	at org.junit.internal.runners.statements.RunBefores.evaluate(RunBefores.java:26)
	at org.junit.internal.runners.statements.RunAfters.evaluate(RunAfters.java:27)
	at org.junit.runners.ParentRunner.runLeaf(ParentRunner.java:271)
	at org.junit.runners.BlockJUnit4ClassRunner.runChild(BlockJUnit4ClassRunner.java:70)
	at org.junit.runners.BlockJUnit4ClassRunner.runChild(BlockJUnit4ClassRunner.java:50)
	at org.junit.runners.ParentRunner$3.run(ParentRunner.java:238)
	at org.junit.runners.ParentRunner$1.schedule(ParentRunner.java:63)
	at org.junit.runners.ParentRunner.runChildren(ParentRunner.java:236)
	at org.junit.runners.ParentRunner.access$000(ParentRunner.java:53)
	at org.junit.runners.ParentRunner$2.evaluate(ParentRunner.java:229)
	at org.junit.runners.ParentRunner.run(ParentRunner.java:309)
	at org.apache.maven.surefire.junit4.JUnit4Provider.execute(JUnit4Provider.java:365)
	at org.apache.maven.surefire.junit4.JUnit4Provider.executeWithRerun(JUnit4Provider.java:273)
	at org.apache.maven.surefire.junit4.JUnit4Provider.executeTestSet(JUnit4Provider.java:238)
	at org.apache.maven.surefire.junit4.JUnit4Provider.invoke(JUnit4Provider.java:159)
	at org.apache.maven.surefire.booter.ForkedBooter.invokeProviderInSameClassLoader(ForkedBooter.java:384)
	at org.apache.maven.surefire.booter.ForkedBooter.runSuitesInProcess(ForkedBooter.java:345)
	at org.apache.maven.surefire.booter.ForkedBooter.execute(ForkedBooter.java:126)
	at org.apache.maven.surefire.booter.ForkedBooter.main(ForkedBooter.java:418)

Oct 01, 2019 7:15:20 AM org.apache.ratis.thirdparty.io.grpc.internal.ManagedChannelOrphanWrapper$ManagedChannelReference cleanQueue
SEVERE: *~*~*~ Channel ManagedChannelImpl{logId=2938, target=192.168.30.18:35759} was not shutdown properly!!! ~*~*~*
    Make sure to call shutdown()/shutdownNow() and wait until awaitTermination() returns true.
java.lang.RuntimeException: ManagedChannel allocation site
	at org.apache.ratis.thirdparty.io.grpc.internal.ManagedChannelOrphanWrapper$ManagedChannelReference.<init>(ManagedChannelOrphanWrapper.java:103)
	at org.apache.ratis.thirdparty.io.grpc.internal.ManagedChannelOrphanWrapper.<init>(ManagedChannelOrphanWrapper.java:53)
	at org.apache.ratis.thirdparty.io.grpc.internal.ManagedChannelOrphanWrapper.<init>(ManagedChannelOrphanWrapper.java:44)
	at org.apache.ratis.thirdparty.io.grpc.internal.AbstractManagedChannelImplBuilder.build(AbstractManagedChannelImplBuilder.java:411)
	at org.apache.ratis.grpc.client.GrpcClientProtocolClient.<init>(GrpcClientProtocolClient.java:128)
	at org.apache.ratis.grpc.client.GrpcClientRpc.lambda$new$0(GrpcClientRpc.java:55)
	at org.apache.ratis.util.PeerProxyMap$PeerAndProxy.lambda$getProxy$0(PeerProxyMap.java:61)
	at org.apache.ratis.util.LifeCycle.startAndTransition(LifeCycle.java:202)
	at org.apache.ratis.util.PeerProxyMap$PeerAndProxy.getProxy(PeerProxyMap.java:60)
	at org.apache.ratis.util.PeerProxyMap.getProxy(PeerProxyMap.java:108)
	at org.apache.ratis.grpc.client.GrpcClientRpc.sendRequestAsync(GrpcClientRpc.java:66)
	at org.apache.ratis.client.impl.OrderedAsync.sendRequest(OrderedAsync.java:208)
	at org.apache.ratis.client.impl.OrderedAsync.sendRequestWithRetry(OrderedAsync.java:169)
	at org.apache.ratis.util.SlidingWindow$Client.sendOrDelayRequest(SlidingWindow.java:278)
	at org.apache.ratis.util.SlidingWindow$Client.retry(SlidingWindow.java:294)
	at org.apache.ratis.client.impl.OrderedAsync.lambda$scheduleWithTimeout$7(OrderedAsync.java:195)
	at org.apache.ratis.util.TimeoutScheduler.lambda$onTimeout$0(TimeoutScheduler.java:113)
	at org.apache.ratis.util.TimeoutScheduler.lambda$onTimeout$1(TimeoutScheduler.java:133)
	at org.apache.ratis.util.LogUtils.runAndLog(LogUtils.java:50)
	at org.apache.ratis.util.LogUtils$1.run(LogUtils.java:91)
	at java.util.concurrent.Executors$RunnableAdapter.call(Executors.java:511)
	at java.util.concurrent.FutureTask.run(FutureTask.java:266)
	at java.util.concurrent.ScheduledThreadPoolExecutor$ScheduledFutureTask.access$201(ScheduledThreadPoolExecutor.java:180)
	at java.util.concurrent.ScheduledThreadPoolExecutor$ScheduledFutureTask.run(ScheduledThreadPoolExecutor.java:293)
	at java.util.concurrent.ThreadPoolExecutor.runWorker(ThreadPoolExecutor.java:1149)
	at java.util.concurrent.ThreadPoolExecutor$Worker.run(ThreadPoolExecutor.java:624)
	at java.lang.Thread.run(Thread.java:748)

Oct 01, 2019 7:15:20 AM org.apache.ratis.thirdparty.io.grpc.internal.ManagedChannelOrphanWrapper$ManagedChannelReference cleanQueue
SEVERE: *~*~*~ Channel ManagedChannelImpl{logId=2943, target=192.168.30.18:42492} was not shutdown properly!!! ~*~*~*
    Make sure to call shutdown()/shutdownNow() and wait until awaitTermination() returns true.
java.lang.RuntimeException: ManagedChannel allocation site
	at org.apache.ratis.thirdparty.io.grpc.internal.ManagedChannelOrphanWrapper$ManagedChannelReference.<init>(ManagedChannelOrphanWrapper.java:103)
	at org.apache.ratis.thirdparty.io.grpc.internal.ManagedChannelOrphanWrapper.<init>(ManagedChannelOrphanWrapper.java:53)
	at org.apache.ratis.thirdparty.io.grpc.internal.ManagedChannelOrphanWrapper.<init>(ManagedChannelOrphanWrapper.java:44)
	at org.apache.ratis.thirdparty.io.grpc.internal.AbstractManagedChannelImplBuilder.build(AbstractManagedChannelImplBuilder.java:411)
	at org.apache.ratis.grpc.client.GrpcClientProtocolClient.<init>(GrpcClientProtocolClient.java:128)
	at org.apache.ratis.grpc.client.GrpcClientRpc.lambda$new$0(GrpcClientRpc.java:55)
	at org.apache.ratis.util.PeerProxyMap$PeerAndProxy.lambda$getProxy$0(PeerProxyMap.java:61)
	at org.apache.ratis.util.LifeCycle.startAndTransition(LifeCycle.java:202)
	at org.apache.ratis.util.PeerProxyMap$PeerAndProxy.getProxy(PeerProxyMap.java:60)
	at org.apache.ratis.util.PeerProxyMap.getProxy(PeerProxyMap.java:108)
	at org.apache.ratis.grpc.client.GrpcClientRpc.sendRequestAsync(GrpcClientRpc.java:66)
	at org.apache.ratis.client.impl.OrderedAsync.sendRequest(OrderedAsync.java:208)
	at org.apache.ratis.client.impl.OrderedAsync.sendRequestWithRetry(OrderedAsync.java:169)
	at org.apache.ratis.util.SlidingWindow$Client.sendOrDelayRequest(SlidingWindow.java:278)
	at org.apache.ratis.util.SlidingWindow$Client.submitNewRequest(SlidingWindow.java:257)
	at org.apache.ratis.client.impl.OrderedAsync.send(OrderedAsync.java:155)
	at org.apache.ratis.client.impl.RaftClientImpl.sendAsync(RaftClientImpl.java:144)
	at org.apache.ratis.client.impl.RaftClientImpl.sendAsync(RaftClientImpl.java:124)
	at org.apache.hadoop.hdds.scm.XceiverClientRatis.sendRequestAsync(XceiverClientRatis.java:234)
	at org.apache.hadoop.hdds.scm.XceiverClientRatis.sendCommandAsync(XceiverClientRatis.java:332)
	at org.apache.hadoop.hdds.scm.storage.ContainerProtocolCalls.writeChunkAsync(ContainerProtocolCalls.java:310)
	at org.apache.hadoop.hdds.scm.storage.BlockOutputStream.writeChunkToContainer(BlockOutputStream.java:601)
	at org.apache.hadoop.hdds.scm.storage.BlockOutputStream.writeChunk(BlockOutputStream.java:459)
	at org.apache.hadoop.hdds.scm.storage.BlockOutputStream.writeOnRetry(BlockOutputStream.java:285)
	at org.apache.hadoop.ozone.client.io.BlockOutputStreamEntry.writeOnRetry(BlockOutputStreamEntry.java:200)
	at org.apache.hadoop.ozone.client.io.KeyOutputStream.handleWrite(KeyOutputStream.java:206)
	at org.apache.hadoop.ozone.client.io.KeyOutputStream.handleRetry(KeyOutputStream.java:375)
	at org.apache.hadoop.ozone.client.io.KeyOutputStream.handleException(KeyOutputStream.java:324)
	at org.apache.hadoop.ozone.client.io.KeyOutputStream.handleFlushOrClose(KeyOutputStream.java:449)
	at org.apache.hadoop.ozone.client.io.KeyOutputStream.handleWrite(KeyOutputStream.java:232)
	at org.apache.hadoop.ozone.client.io.KeyOutputStream.write(KeyOutputStream.java:190)
	at org.apache.hadoop.ozone.client.io.OzoneOutputStream.write(OzoneOutputStream.java:49)
	at java.io.OutputStream.write(OutputStream.java:75)
	at org.apache.hadoop.ozone.client.rpc.TestBlockOutputStreamWithFailures.testWatchForCommitWithSingleNodeRatis(TestBlockOutputStreamWithFailures.java:885)
	at sun.reflect.NativeMethodAccessorImpl.invoke0(Native Method)
	at sun.reflect.NativeMethodAccessorImpl.invoke(NativeMethodAccessorImpl.java:62)
	at sun.reflect.DelegatingMethodAccessorImpl.invoke(DelegatingMethodAccessorImpl.java:43)
	at java.lang.reflect.Method.invoke(Method.java:498)
	at org.junit.runners.model.FrameworkMethod$1.runReflectiveCall(FrameworkMethod.java:47)
	at org.junit.internal.runners.model.ReflectiveCallable.run(ReflectiveCallable.java:12)
	at org.junit.runners.model.FrameworkMethod.invokeExplosively(FrameworkMethod.java:44)
	at org.junit.internal.runners.statements.InvokeMethod.evaluate(InvokeMethod.java:17)
	at org.junit.internal.runners.statements.RunBefores.evaluate(RunBefores.java:26)
	at org.junit.internal.runners.statements.RunAfters.evaluate(RunAfters.java:27)
	at org.junit.runners.ParentRunner.runLeaf(ParentRunner.java:271)
	at org.junit.runners.BlockJUnit4ClassRunner.runChild(BlockJUnit4ClassRunner.java:70)
	at org.junit.runners.BlockJUnit4ClassRunner.runChild(BlockJUnit4ClassRunner.java:50)
	at org.junit.runners.ParentRunner$3.run(ParentRunner.java:238)
	at org.junit.runners.ParentRunner$1.schedule(ParentRunner.java:63)
	at org.junit.runners.ParentRunner.runChildren(ParentRunner.java:236)
	at org.junit.runners.ParentRunner.access$000(ParentRunner.java:53)
	at org.junit.runners.ParentRunner$2.evaluate(ParentRunner.java:229)
	at org.junit.runners.ParentRunner.run(ParentRunner.java:309)
	at org.apache.maven.surefire.junit4.JUnit4Provider.execute(JUnit4Provider.java:365)
	at org.apache.maven.surefire.junit4.JUnit4Provider.executeWithRerun(JUnit4Provider.java:273)
	at org.apache.maven.surefire.junit4.JUnit4Provider.executeTestSet(JUnit4Provider.java:238)
	at org.apache.maven.surefire.junit4.JUnit4Provider.invoke(JUnit4Provider.java:159)
	at org.apache.maven.surefire.booter.ForkedBooter.invokeProviderInSameClassLoader(ForkedBooter.java:384)
	at org.apache.maven.surefire.booter.ForkedBooter.runSuitesInProcess(ForkedBooter.java:345)
	at org.apache.maven.surefire.booter.ForkedBooter.execute(ForkedBooter.java:126)
	at org.apache.maven.surefire.booter.ForkedBooter.main(ForkedBooter.java:418)

Oct 01, 2019 7:15:20 AM org.apache.ratis.thirdparty.io.grpc.internal.ManagedChannelOrphanWrapper$ManagedChannelReference cleanQueue
SEVERE: *~*~*~ Channel ManagedChannelImpl{logId=2713, target=192.168.30.18:37891} was not shutdown properly!!! ~*~*~*
    Make sure to call shutdown()/shutdownNow() and wait until awaitTermination() returns true.
java.lang.RuntimeException: ManagedChannel allocation site
	at org.apache.ratis.thirdparty.io.grpc.internal.ManagedChannelOrphanWrapper$ManagedChannelReference.<init>(ManagedChannelOrphanWrapper.java:103)
	at org.apache.ratis.thirdparty.io.grpc.internal.ManagedChannelOrphanWrapper.<init>(ManagedChannelOrphanWrapper.java:53)
	at org.apache.ratis.thirdparty.io.grpc.internal.ManagedChannelOrphanWrapper.<init>(ManagedChannelOrphanWrapper.java:44)
	at org.apache.ratis.thirdparty.io.grpc.internal.AbstractManagedChannelImplBuilder.build(AbstractManagedChannelImplBuilder.java:411)
	at org.apache.ratis.grpc.client.GrpcClientProtocolClient.<init>(GrpcClientProtocolClient.java:128)
	at org.apache.ratis.grpc.client.GrpcClientRpc.lambda$new$0(GrpcClientRpc.java:55)
	at org.apache.ratis.util.PeerProxyMap$PeerAndProxy.lambda$getProxy$0(PeerProxyMap.java:61)
	at org.apache.ratis.util.LifeCycle.startAndTransition(LifeCycle.java:202)
	at org.apache.ratis.util.PeerProxyMap$PeerAndProxy.getProxy(PeerProxyMap.java:60)
	at org.apache.ratis.util.PeerProxyMap.getProxy(PeerProxyMap.java:108)
	at org.apache.ratis.grpc.client.GrpcClientRpc.sendRequestAsync(GrpcClientRpc.java:66)
	at org.apache.ratis.client.impl.OrderedAsync.sendRequest(OrderedAsync.java:208)
	at org.apache.ratis.client.impl.OrderedAsync.sendRequestWithRetry(OrderedAsync.java:169)
	at org.apache.ratis.util.SlidingWindow$Client.sendOrDelayRequest(SlidingWindow.java:278)
	at org.apache.ratis.util.SlidingWindow$Client.submitNewRequest(SlidingWindow.java:257)
	at org.apache.ratis.client.impl.OrderedAsync.send(OrderedAsync.java:155)
	at org.apache.ratis.client.impl.RaftClientImpl.sendAsync(RaftClientImpl.java:144)
	at org.apache.ratis.client.impl.RaftClientImpl.sendAsync(RaftClientImpl.java:124)
	at org.apache.hadoop.hdds.scm.XceiverClientRatis.sendRequestAsync(XceiverClientRatis.java:234)
	at org.apache.hadoop.hdds.scm.XceiverClientRatis.sendCommandAsync(XceiverClientRatis.java:332)
	at org.apache.hadoop.hdds.scm.storage.ContainerProtocolCalls.writeChunkAsync(ContainerProtocolCalls.java:310)
	at org.apache.hadoop.hdds.scm.storage.BlockOutputStream.writeChunkToContainer(BlockOutputStream.java:601)
	at org.apache.hadoop.hdds.scm.storage.BlockOutputStream.writeChunk(BlockOutputStream.java:459)
	at org.apache.hadoop.hdds.scm.storage.BlockOutputStream.writeOnRetry(BlockOutputStream.java:285)
	at org.apache.hadoop.ozone.client.io.BlockOutputStreamEntry.writeOnRetry(BlockOutputStreamEntry.java:200)
	at org.apache.hadoop.ozone.client.io.KeyOutputStream.handleWrite(KeyOutputStream.java:206)
	at org.apache.hadoop.ozone.client.io.KeyOutputStream.handleRetry(KeyOutputStream.java:375)
	at org.apache.hadoop.ozone.client.io.KeyOutputStream.handleException(KeyOutputStream.java:324)
	at org.apache.hadoop.ozone.client.io.KeyOutputStream.handleFlushOrClose(KeyOutputStream.java:449)
	at org.apache.hadoop.ozone.client.io.KeyOutputStream.handleWrite(KeyOutputStream.java:232)
	at org.apache.hadoop.ozone.client.io.KeyOutputStream.write(KeyOutputStream.java:190)
	at org.apache.hadoop.ozone.client.io.OzoneOutputStream.write(OzoneOutputStream.java:49)
	at java.io.OutputStream.write(OutputStream.java:75)
	at org.apache.hadoop.ozone.client.rpc.TestBlockOutputStreamWithFailures.testDatanodeFailureWithSingleNodeRatis(TestBlockOutputStreamWithFailures.java:1021)
	at sun.reflect.NativeMethodAccessorImpl.invoke0(Native Method)
	at sun.reflect.NativeMethodAccessorImpl.invoke(NativeMethodAccessorImpl.java:62)
	at sun.reflect.DelegatingMethodAccessorImpl.invoke(DelegatingMethodAccessorImpl.java:43)
	at java.lang.reflect.Method.invoke(Method.java:498)
	at org.junit.runners.model.FrameworkMethod$1.runReflectiveCall(FrameworkMethod.java:47)
	at org.junit.internal.runners.model.ReflectiveCallable.run(ReflectiveCallable.java:12)
	at org.junit.runners.model.FrameworkMethod.invokeExplosively(FrameworkMethod.java:44)
	at org.junit.internal.runners.statements.InvokeMethod.evaluate(InvokeMethod.java:17)
	at org.junit.internal.runners.statements.RunBefores.evaluate(RunBefores.java:26)
	at org.junit.internal.runners.statements.RunAfters.evaluate(RunAfters.java:27)
	at org.junit.runners.ParentRunner.runLeaf(ParentRunner.java:271)
	at org.junit.runners.BlockJUnit4ClassRunner.runChild(BlockJUnit4ClassRunner.java:70)
	at org.junit.runners.BlockJUnit4ClassRunner.runChild(BlockJUnit4ClassRunner.java:50)
	at org.junit.runners.ParentRunner$3.run(ParentRunner.java:238)
	at org.junit.runners.ParentRunner$1.schedule(ParentRunner.java:63)
	at org.junit.runners.ParentRunner.runChildren(ParentRunner.java:236)
	at org.junit.runners.ParentRunner.access$000(ParentRunner.java:53)
	at org.junit.runners.ParentRunner$2.evaluate(ParentRunner.java:229)
	at org.junit.runners.ParentRunner.run(ParentRunner.java:309)
	at org.apache.maven.surefire.junit4.JUnit4Provider.execute(JUnit4Provider.java:365)
	at org.apache.maven.surefire.junit4.JUnit4Provider.executeWithRerun(JUnit4Provider.java:273)
	at org.apache.maven.surefire.junit4.JUnit4Provider.executeTestSet(JUnit4Provider.java:238)
	at org.apache.maven.surefire.junit4.JUnit4Provider.invoke(JUnit4Provider.java:159)
	at org.apache.maven.surefire.booter.ForkedBooter.invokeProviderInSameClassLoader(ForkedBooter.java:384)
	at org.apache.maven.surefire.booter.ForkedBooter.runSuitesInProcess(ForkedBooter.java:345)
	at org.apache.maven.surefire.booter.ForkedBooter.execute(ForkedBooter.java:126)
	at org.apache.maven.surefire.booter.ForkedBooter.main(ForkedBooter.java:418)

Oct 01, 2019 7:15:20 AM org.apache.ratis.thirdparty.io.grpc.internal.ManagedChannelOrphanWrapper$ManagedChannelReference cleanQueue
SEVERE: *~*~*~ Channel ManagedChannelImpl{logId=2747, target=192.168.30.18:46066} was not shutdown properly!!! ~*~*~*
    Make sure to call shutdown()/shutdownNow() and wait until awaitTermination() returns true.
java.lang.RuntimeException: ManagedChannel allocation site
	at org.apache.ratis.thirdparty.io.grpc.internal.ManagedChannelOrphanWrapper$ManagedChannelReference.<init>(ManagedChannelOrphanWrapper.java:103)
	at org.apache.ratis.thirdparty.io.grpc.internal.ManagedChannelOrphanWrapper.<init>(ManagedChannelOrphanWrapper.java:53)
	at org.apache.ratis.thirdparty.io.grpc.internal.ManagedChannelOrphanWrapper.<init>(ManagedChannelOrphanWrapper.java:44)
	at org.apache.ratis.thirdparty.io.grpc.internal.AbstractManagedChannelImplBuilder.build(AbstractManagedChannelImplBuilder.java:411)
	at org.apache.hadoop.hdds.scm.XceiverClientGrpc.connectToDatanode(XceiverClientGrpc.java:181)
	at org.apache.hadoop.hdds.scm.XceiverClientGrpc.reconnect(XceiverClientGrpc.java:429)
	at org.apache.hadoop.hdds.scm.XceiverClientGrpc.sendCommandAsync(XceiverClientGrpc.java:378)
	at org.apache.hadoop.hdds.scm.XceiverClientGrpc.sendCommandWithRetry(XceiverClientGrpc.java:291)
	at org.apache.hadoop.hdds.scm.XceiverClientGrpc.sendCommandWithTraceIDAndRetry(XceiverClientGrpc.java:257)
	at org.apache.hadoop.hdds.scm.XceiverClientGrpc.sendCommand(XceiverClientGrpc.java:240)
	at org.apache.hadoop.hdds.scm.storage.ContainerProtocolCalls.getBlock(ContainerProtocolCalls.java:118)
	at org.apache.hadoop.hdds.scm.storage.BlockInputStream.getChunkInfos(BlockInputStream.java:167)
	at org.apache.hadoop.hdds.scm.storage.BlockInputStream.initialize(BlockInputStream.java:118)
	at org.apache.hadoop.hdds.scm.storage.BlockInputStream.read(BlockInputStream.java:222)
	at org.apache.hadoop.ozone.client.io.KeyInputStream.read(KeyInputStream.java:171)
	at org.apache.hadoop.ozone.client.io.OzoneInputStream.read(OzoneInputStream.java:47)
	at java.io.InputStream.read(InputStream.java:101)
	at org.apache.hadoop.ozone.container.ContainerTestHelper.validateData(ContainerTestHelper.java:714)
	at org.apache.hadoop.ozone.client.rpc.TestBlockOutputStreamWithFailures.validateData(TestBlockOutputStreamWithFailures.java:1216)
	at org.apache.hadoop.ozone.client.rpc.TestBlockOutputStreamWithFailures.testDatanodeFailureWithSingleNodeRatis(TestBlockOutputStreamWithFailures.java:1058)
	at sun.reflect.NativeMethodAccessorImpl.invoke0(Native Method)
	at sun.reflect.NativeMethodAccessorImpl.invoke(NativeMethodAccessorImpl.java:62)
	at sun.reflect.DelegatingMethodAccessorImpl.invoke(DelegatingMethodAccessorImpl.java:43)
	at java.lang.reflect.Method.invoke(Method.java:498)
	at org.junit.runners.model.FrameworkMethod$1.runReflectiveCall(FrameworkMethod.java:47)
	at org.junit.internal.runners.model.ReflectiveCallable.run(ReflectiveCallable.java:12)
	at org.junit.runners.model.FrameworkMethod.invokeExplosively(FrameworkMethod.java:44)
	at org.junit.internal.runners.statements.InvokeMethod.evaluate(InvokeMethod.java:17)
	at org.junit.internal.runners.statements.RunBefores.evaluate(RunBefores.java:26)
	at org.junit.internal.runners.statements.RunAfters.evaluate(RunAfters.java:27)
	at org.junit.runners.ParentRunner.runLeaf(ParentRunner.java:271)
	at org.junit.runners.BlockJUnit4ClassRunner.runChild(BlockJUnit4ClassRunner.java:70)
	at org.junit.runners.BlockJUnit4ClassRunner.runChild(BlockJUnit4ClassRunner.java:50)
	at org.junit.runners.ParentRunner$3.run(ParentRunner.java:238)
	at org.junit.runners.ParentRunner$1.schedule(ParentRunner.java:63)
	at org.junit.runners.ParentRunner.runChildren(ParentRunner.java:236)
	at org.junit.runners.ParentRunner.access$000(ParentRunner.java:53)
	at org.junit.runners.ParentRunner$2.evaluate(ParentRunner.java:229)
	at org.junit.runners.ParentRunner.run(ParentRunner.java:309)
	at org.apache.maven.surefire.junit4.JUnit4Provider.execute(JUnit4Provider.java:365)
	at org.apache.maven.surefire.junit4.JUnit4Provider.executeWithRerun(JUnit4Provider.java:273)
	at org.apache.maven.surefire.junit4.JUnit4Provider.executeTestSet(JUnit4Provider.java:238)
	at org.apache.maven.surefire.junit4.JUnit4Provider.invoke(JUnit4Provider.java:159)
	at org.apache.maven.surefire.booter.ForkedBooter.invokeProviderInSameClassLoader(ForkedBooter.java:384)
	at org.apache.maven.surefire.booter.ForkedBooter.runSuitesInProcess(ForkedBooter.java:345)
	at org.apache.maven.surefire.booter.ForkedBooter.execute(ForkedBooter.java:126)
	at org.apache.maven.surefire.booter.ForkedBooter.main(ForkedBooter.java:418)

Oct 01, 2019 7:15:20 AM org.apache.ratis.thirdparty.io.grpc.internal.ManagedChannelOrphanWrapper$ManagedChannelReference cleanQueue
SEVERE: *~*~*~ Channel ManagedChannelImpl{logId=2953, target=192.168.30.18:39913} was not shutdown properly!!! ~*~*~*
    Make sure to call shutdown()/shutdownNow() and wait until awaitTermination() returns true.
java.lang.RuntimeException: ManagedChannel allocation site
	at org.apache.ratis.thirdparty.io.grpc.internal.ManagedChannelOrphanWrapper$ManagedChannelReference.<init>(ManagedChannelOrphanWrapper.java:103)
	at org.apache.ratis.thirdparty.io.grpc.internal.ManagedChannelOrphanWrapper.<init>(ManagedChannelOrphanWrapper.java:53)
	at org.apache.ratis.thirdparty.io.grpc.internal.ManagedChannelOrphanWrapper.<init>(ManagedChannelOrphanWrapper.java:44)
	at org.apache.ratis.thirdparty.io.grpc.internal.AbstractManagedChannelImplBuilder.build(AbstractManagedChannelImplBuilder.java:411)
	at org.apache.hadoop.hdds.scm.XceiverClientGrpc.connectToDatanode(XceiverClientGrpc.java:181)
	at org.apache.hadoop.hdds.scm.XceiverClientGrpc.reconnect(XceiverClientGrpc.java:429)
	at org.apache.hadoop.hdds.scm.XceiverClientGrpc.sendCommandAsync(XceiverClientGrpc.java:378)
	at org.apache.hadoop.hdds.scm.XceiverClientGrpc.sendCommandWithRetry(XceiverClientGrpc.java:291)
	at org.apache.hadoop.hdds.scm.XceiverClientGrpc.sendCommandWithTraceIDAndRetry(XceiverClientGrpc.java:257)
	at org.apache.hadoop.hdds.scm.XceiverClientGrpc.sendCommand(XceiverClientGrpc.java:240)
	at org.apache.hadoop.hdds.scm.storage.ContainerProtocolCalls.getBlock(ContainerProtocolCalls.java:118)
	at org.apache.hadoop.hdds.scm.storage.BlockInputStream.getChunkInfos(BlockInputStream.java:167)
	at org.apache.hadoop.hdds.scm.storage.BlockInputStream.initialize(BlockInputStream.java:118)
	at org.apache.hadoop.hdds.scm.storage.BlockInputStream.read(BlockInputStream.java:222)
	at org.apache.hadoop.ozone.client.io.KeyInputStream.read(KeyInputStream.java:171)
	at org.apache.hadoop.ozone.client.io.OzoneInputStream.read(OzoneInputStream.java:47)
	at java.io.InputStream.read(InputStream.java:101)
	at org.apache.hadoop.ozone.container.ContainerTestHelper.validateData(ContainerTestHelper.java:714)
	at org.apache.hadoop.ozone.client.rpc.TestBlockOutputStreamWithFailures.validateData(TestBlockOutputStreamWithFailures.java:1216)
	at org.apache.hadoop.ozone.client.rpc.TestBlockOutputStreamWithFailures.testWatchForCommitWithSingleNodeRatis(TestBlockOutputStreamWithFailures.java:918)
	at sun.reflect.NativeMethodAccessorImpl.invoke0(Native Method)
	at sun.reflect.NativeMethodAccessorImpl.invoke(NativeMethodAccessorImpl.java:62)
	at sun.reflect.DelegatingMethodAccessorImpl.invoke(DelegatingMethodAccessorImpl.java:43)
	at java.lang.reflect.Method.invoke(Method.java:498)
	at org.junit.runners.model.FrameworkMethod$1.runReflectiveCall(FrameworkMethod.java:47)
	at org.junit.internal.runners.model.ReflectiveCallable.run(ReflectiveCallable.java:12)
	at org.junit.runners.model.FrameworkMethod.invokeExplosively(FrameworkMethod.java:44)
	at org.junit.internal.runners.statements.InvokeMethod.evaluate(InvokeMethod.java:17)
	at org.junit.internal.runners.statements.RunBefores.evaluate(RunBefores.java:26)
	at org.junit.internal.runners.statements.RunAfters.evaluate(RunAfters.java:27)
	at org.junit.runners.ParentRunner.runLeaf(ParentRunner.java:271)
	at org.junit.runners.BlockJUnit4ClassRunner.runChild(BlockJUnit4ClassRunner.java:70)
	at org.junit.runners.BlockJUnit4ClassRunner.runChild(BlockJUnit4ClassRunner.java:50)
	at org.junit.runners.ParentRunner$3.run(ParentRunner.java:238)
	at org.junit.runners.ParentRunner$1.schedule(ParentRunner.java:63)
	at org.junit.runners.ParentRunner.runChildren(ParentRunner.java:236)
	at org.junit.runners.ParentRunner.access$000(ParentRunner.java:53)
	at org.junit.runners.ParentRunner$2.evaluate(ParentRunner.java:229)
	at org.junit.runners.ParentRunner.run(ParentRunner.java:309)
	at org.apache.maven.surefire.junit4.JUnit4Provider.execute(JUnit4Provider.java:365)
	at org.apache.maven.surefire.junit4.JUnit4Provider.executeWithRerun(JUnit4Provider.java:273)
	at org.apache.maven.surefire.junit4.JUnit4Provider.executeTestSet(JUnit4Provider.java:238)
	at org.apache.maven.surefire.junit4.JUnit4Provider.invoke(JUnit4Provider.java:159)
	at org.apache.maven.surefire.booter.ForkedBooter.invokeProviderInSameClassLoader(ForkedBooter.java:384)
	at org.apache.maven.surefire.booter.ForkedBooter.runSuitesInProcess(ForkedBooter.java:345)
	at org.apache.maven.surefire.booter.ForkedBooter.execute(ForkedBooter.java:126)
	at org.apache.maven.surefire.booter.ForkedBooter.main(ForkedBooter.java:418)

Oct 01, 2019 7:16:10 AM org.apache.ratis.thirdparty.io.grpc.internal.SerializingExecutor run
SEVERE: Exception while executing runnable org.apache.ratis.thirdparty.io.grpc.internal.ServerImpl$JumpToApplicationThreadServerStreamListener$1Closed@320c48a8
org.apache.ratis.thirdparty.io.grpc.StatusRuntimeException: CANCELLED: call already cancelled
	at org.apache.ratis.thirdparty.io.grpc.Status.asRuntimeException(Status.java:517)
	at org.apache.ratis.thirdparty.io.grpc.stub.ServerCalls$ServerCallStreamObserverImpl.onCompleted(ServerCalls.java:356)
	at org.apache.ratis.grpc.server.GrpcServerProtocolService$ServerRequestStreamObserver.onError(GrpcServerProtocolService.java:121)
	at org.apache.ratis.thirdparty.io.grpc.stub.ServerCalls$StreamingServerCallHandler$StreamingServerCallListener.onCancel(ServerCalls.java:269)
	at org.apache.ratis.thirdparty.io.grpc.internal.ServerCallImpl$ServerStreamListenerImpl.closed(ServerCallImpl.java:293)
	at org.apache.ratis.thirdparty.io.grpc.internal.ServerImpl$JumpToApplicationThreadServerStreamListener$1Closed.runInContext(ServerImpl.java:741)
	at org.apache.ratis.thirdparty.io.grpc.internal.ContextRunnable.run(ContextRunnable.java:37)
	at org.apache.ratis.thirdparty.io.grpc.internal.SerializingExecutor.run(SerializingExecutor.java:123)
	at java.util.concurrent.ThreadPoolExecutor.runWorker(ThreadPoolExecutor.java:1149)
	at java.util.concurrent.ThreadPoolExecutor$Worker.run(ThreadPoolExecutor.java:624)
	at java.lang.Thread.run(Thread.java:748)

]]></system-err>
  </testcase>
  <testcase name="testFailureWithPrimeSizedData" classname="org.apache.hadoop.ozone.client.rpc.TestBlockOutputStreamWithFailures" time="42.593"/>
  <testcase name="testWatchForCommitWithCloseContainerException" classname="org.apache.hadoop.ozone.client.rpc.TestBlockOutputStreamWithFailures" time="37.188"/>
  <testcase name="testExceptionDuringClose" classname="org.apache.hadoop.ozone.client.rpc.TestBlockOutputStreamWithFailures" time="36.973"/>
</testsuite>