<?xml version="1.0" encoding="UTF-8"?>
<testsuite xmlns:xsi="http://www.w3.org/2001/XMLSchema-instance" xsi:noNamespaceSchemaLocation="https://maven.apache.org/surefire/maven-surefire-plugin/xsd/surefire-test-report.xsd" name="org.apache.hadoop.ozone.client.rpc.TestWatchForCommit" time="254.128" tests="5" errors="1" skipped="0" failures="0">
  <properties>
    <property name="awt.toolkit" value="sun.awt.X11.XToolkit"/>
    <property name="file.encoding.pkg" value="sun.io"/>
    <property name="java.specification.version" value="1.8"/>
    <property name="sun.cpu.isalist" value=""/>
    <property name="sun.jnu.encoding" value="UTF-8"/>
    <property name="java.class.path" value="/workdir/hadoop-ozone/integration-test/target/test-classes:/workdir/hadoop-ozone/integration-test/target/classes:/home/user/.m2/repository/org/apache/hadoop/hadoop-ozone-common/0.5.0-SNAPSHOT/hadoop-ozone-common-0.5.0-SNAPSHOT.jar:/home/user/.m2/repository/org/apache/commons/commons-compress/1.4.1/commons-compress-1.4.1.jar:/home/user/.m2/repository/org/tukaani/xz/1.0/xz-1.0.jar:/home/user/.m2/repository/org/apache/hadoop/hadoop-common/3.2.0/hadoop-common-3.2.0.jar:/home/user/.m2/repository/org/apache/hadoop/hadoop-hdfs/3.2.0/hadoop-hdfs-3.2.0.jar:/home/user/.m2/repository/org/apache/hadoop/hadoop-hdfs-client/3.2.0/hadoop-hdfs-client-3.2.0.jar:/home/user/.m2/repository/com/fasterxml/jackson/core/jackson-annotations/2.9.9/jackson-annotations-2.9.9.jar:/home/user/.m2/repository/org/apache/hadoop/hadoop-hdds-common/0.5.0-SNAPSHOT/hadoop-hdds-common-0.5.0-SNAPSHOT.jar:/home/user/.m2/repository/javax/annotation/javax.annotation-api/1.2/javax.annotation-api-1.2.jar:/home/user/.m2/repository/org/apache/ratis/ratis-server/0.5.0-201fc85-SNAPSHOT/ratis-server-0.5.0-201fc85-SNAPSHOT.jar:/home/user/.m2/repository/org/apache/ratis/ratis-thirdparty-misc/0.2.0/ratis-thirdparty-misc-0.2.0.jar:/home/user/.m2/repository/org/apache/ratis/ratis-proto/0.5.0-201fc85-SNAPSHOT/ratis-proto-0.5.0-201fc85-SNAPSHOT.jar:/home/user/.m2/repository/org/apache/ratis/ratis-common/0.5.0-201fc85-SNAPSHOT/ratis-common-0.5.0-201fc85-SNAPSHOT.jar:/home/user/.m2/repository/org/apache/ratis/ratis-client/0.5.0-201fc85-SNAPSHOT/ratis-client-0.5.0-201fc85-SNAPSHOT.jar:/home/user/.m2/repository/org/apache/ratis/ratis-metrics/0.5.0-201fc85-SNAPSHOT/ratis-metrics-0.5.0-201fc85-SNAPSHOT.jar:/home/user/.m2/repository/com/github/joshelser/dropwizard-metrics-hadoop-metrics2-reporter/0.1.2/dropwizard-metrics-hadoop-metrics2-reporter-0.1.2.jar:/home/user/.m2/repository/io/dropwizard/metrics/metrics-jvm/3.2.5/metrics-jvm-3.2.5.jar:/home/user/.m2/repository/io/dropwizard/metrics/metrics-ganglia/3.2.5/metrics-ganglia-3.2.5.jar:/home/user/.m2/repository/info/ganglia/gmetric4j/gmetric4j/1.0.7/gmetric4j-1.0.7.jar:/home/user/.m2/repository/org/apache/ratis/ratis-netty/0.5.0-201fc85-SNAPSHOT/ratis-netty-0.5.0-201fc85-SNAPSHOT.jar:/home/user/.m2/repository/org/apache/ratis/ratis-grpc/0.5.0-201fc85-SNAPSHOT/ratis-grpc-0.5.0-201fc85-SNAPSHOT.jar:/home/user/.m2/repository/org/rocksdb/rocksdbjni/6.0.1/rocksdbjni-6.0.1.jar:/home/user/.m2/repository/org/apache/logging/log4j/log4j-api/2.11.0/log4j-api-2.11.0.jar:/home/user/.m2/repository/org/apache/logging/log4j/log4j-core/2.11.0/log4j-core-2.11.0.jar:/home/user/.m2/repository/com/lmax/disruptor/3.4.2/disruptor-3.4.2.jar:/home/user/.m2/repository/org/apache/commons/commons-pool2/2.6.0/commons-pool2-2.6.0.jar:/home/user/.m2/repository/org/bouncycastle/bcpkix-jdk15on/1.60/bcpkix-jdk15on-1.60.jar:/home/user/.m2/repository/commons-validator/commons-validator/1.6/commons-validator-1.6.jar:/home/user/.m2/repository/commons-digester/commons-digester/1.8.1/commons-digester-1.8.1.jar:/home/user/.m2/repository/io/jaegertracing/jaeger-client/0.34.0/jaeger-client-0.34.0.jar:/home/user/.m2/repository/io/jaegertracing/jaeger-thrift/0.34.0/jaeger-thrift-0.34.0.jar:/home/user/.m2/repository/org/apache/thrift/libthrift/0.12.0/libthrift-0.12.0.jar:/home/user/.m2/repository/com/squareup/okhttp3/okhttp/3.9.0/okhttp-3.9.0.jar:/home/user/.m2/repository/com/squareup/okio/okio/1.13.0/okio-1.13.0.jar:/home/user/.m2/repository/io/jaegertracing/jaeger-core/0.34.0/jaeger-core-0.34.0.jar:/home/user/.m2/repository/io/jaegertracing/jaeger-tracerresolver/0.34.0/jaeger-tracerresolver-0.34.0.jar:/home/user/.m2/repository/io/opentracing/contrib/opentracing-tracerresolver/0.1.5/opentracing-tracerresolver-0.1.5.jar:/home/user/.m2/repository/io/opentracing/opentracing-util/0.31.0/opentracing-util-0.31.0.jar:/home/user/.m2/repository/io/opentracing/opentracing-api/0.31.0/opentracing-api-0.31.0.jar:/home/user/.m2/repository/io/opentracing/opentracing-noop/0.31.0/opentracing-noop-0.31.0.jar:/home/user/.m2/repository/org/apache/hadoop/hadoop-hdds-server-framework/0.5.0-SNAPSHOT/hadoop-hdds-server-framework-0.5.0-SNAPSHOT.jar:/home/user/.m2/repository/org/apache/hadoop/hadoop-hdds-container-service/0.5.0-SNAPSHOT/hadoop-hdds-container-service-0.5.0-SNAPSHOT.jar:/home/user/.m2/repository/org/apache/hadoop/hadoop-hdds-client/0.5.0-SNAPSHOT/hadoop-hdds-client-0.5.0-SNAPSHOT.jar:/home/user/.m2/repository/org/apache/hadoop/hadoop-hdds-tools/0.5.0-SNAPSHOT/hadoop-hdds-tools-0.5.0-SNAPSHOT.jar:/home/user/.m2/repository/org/apache/hadoop/hadoop-hdds-server-scm/0.5.0-SNAPSHOT/hadoop-hdds-server-scm-0.5.0-SNAPSHOT.jar:/home/user/.m2/repository/org/apache/hadoop/hadoop-hdds-docs/0.5.0-SNAPSHOT/hadoop-hdds-docs-0.5.0-SNAPSHOT.jar:/home/user/.m2/repository/io/dropwizard/metrics/metrics-core/3.2.4/metrics-core-3.2.4.jar:/home/user/.m2/repository/org/hamcrest/hamcrest-all/1.3/hamcrest-all-1.3.jar:/home/user/.m2/repository/org/bouncycastle/bcprov-jdk15on/1.60/bcprov-jdk15on-1.60.jar:/home/user/.m2/repository/info/picocli/picocli/3.9.6/picocli-3.9.6.jar:/home/user/.m2/repository/com/google/protobuf/protobuf-java/2.5.0/protobuf-java-2.5.0.jar:/home/user/.m2/repository/com/google/guava/guava/11.0.2/guava-11.0.2.jar:/home/user/.m2/repository/org/apache/hadoop/hadoop-ozone-ozone-manager/0.5.0-SNAPSHOT/hadoop-ozone-ozone-manager-0.5.0-SNAPSHOT.jar:/home/user/.m2/repository/org/apache/hadoop/hadoop-minikdc/3.2.0/hadoop-minikdc-3.2.0.jar:/home/user/.m2/repository/commons-io/commons-io/2.5/commons-io-2.5.jar:/home/user/.m2/repository/org/apache/kerby/kerb-simplekdc/1.0.1/kerb-simplekdc-1.0.1.jar:/home/user/.m2/repository/org/apache/kerby/kerb-client/1.0.1/kerb-client-1.0.1.jar:/home/user/.m2/repository/org/apache/kerby/kerby-config/1.0.1/kerby-config-1.0.1.jar:/home/user/.m2/repository/org/apache/kerby/kerb-core/1.0.1/kerb-core-1.0.1.jar:/home/user/.m2/repository/org/apache/kerby/kerby-pkix/1.0.1/kerby-pkix-1.0.1.jar:/home/user/.m2/repository/org/apache/kerby/kerby-asn1/1.0.1/kerby-asn1-1.0.1.jar:/home/user/.m2/repository/org/apache/kerby/kerby-util/1.0.1/kerby-util-1.0.1.jar:/home/user/.m2/repository/org/apache/kerby/kerb-common/1.0.1/kerb-common-1.0.1.jar:/home/user/.m2/repository/org/apache/kerby/kerb-crypto/1.0.1/kerb-crypto-1.0.1.jar:/home/user/.m2/repository/org/apache/kerby/kerb-util/1.0.1/kerb-util-1.0.1.jar:/home/user/.m2/repository/org/apache/kerby/token-provider/1.0.1/token-provider-1.0.1.jar:/home/user/.m2/repository/org/apache/kerby/kerb-admin/1.0.1/kerb-admin-1.0.1.jar:/home/user/.m2/repository/org/apache/kerby/kerb-server/1.0.1/kerb-server-1.0.1.jar:/home/user/.m2/repository/org/apache/kerby/kerb-identity/1.0.1/kerb-identity-1.0.1.jar:/home/user/.m2/repository/org/apache/kerby/kerby-xdr/1.0.1/kerby-xdr-1.0.1.jar:/home/user/.m2/repository/org/slf4j/slf4j-log4j12/1.7.25/slf4j-log4j12-1.7.25.jar:/home/user/.m2/repository/org/apache/hadoop/hadoop-ozone-s3gateway/0.5.0-SNAPSHOT/hadoop-ozone-s3gateway-0.5.0-SNAPSHOT.jar:/home/user/.m2/repository/org/jboss/weld/servlet/weld-servlet/2.4.7.Final/weld-servlet-2.4.7.Final.jar:/home/user/.m2/repository/org/glassfish/jersey/containers/jersey-container-servlet-core/2.27/jersey-container-servlet-core-2.27.jar:/home/user/.m2/repository/org/glassfish/hk2/external/javax.inject/2.5.0-b42/javax.inject-2.5.0-b42.jar:/home/user/.m2/repository/org/glassfish/jersey/core/jersey-common/2.27/jersey-common-2.27.jar:/home/user/.m2/repository/org/glassfish/hk2/osgi-resource-locator/1.0.1/osgi-resource-locator-1.0.1.jar:/home/user/.m2/repository/javax/ws/rs/javax.ws.rs-api/2.1/javax.ws.rs-api-2.1.jar:/home/user/.m2/repository/org/glassfish/jersey/ext/cdi/jersey-cdi1x/2.27/jersey-cdi1x-2.27.jar:/home/user/.m2/repository/org/glassfish/jersey/inject/jersey-hk2/2.27/jersey-hk2-2.27.jar:/home/user/.m2/repository/org/glassfish/hk2/hk2-locator/2.5.0-b42/hk2-locator-2.5.0-b42.jar:/home/user/.m2/repository/org/javassist/javassist/3.22.0-CR2/javassist-3.22.0-CR2.jar:/home/user/.m2/repository/org/glassfish/hk2/hk2-api/2.5.0/hk2-api-2.5.0.jar:/home/user/.m2/repository/org/glassfish/hk2/external/jakarta.inject/2.5.0/jakarta.inject-2.5.0.jar:/home/user/.m2/repository/org/glassfish/hk2/hk2-utils/2.5.0/hk2-utils-2.5.0.jar:/home/user/.m2/repository/jakarta/annotation/jakarta.annotation-api/1.3.4/jakarta.annotation-api-1.3.4.jar:/home/user/.m2/repository/org/glassfish/hk2/external/aopalliance-repackaged/2.5.0/aopalliance-repackaged-2.5.0.jar:/home/user/.m2/repository/com/fasterxml/jackson/dataformat/jackson-dataformat-xml/2.9.0/jackson-dataformat-xml-2.9.0.jar:/home/user/.m2/repository/com/fasterxml/jackson/core/jackson-core/2.9.9/jackson-core-2.9.9.jar:/home/user/.m2/repository/com/fasterxml/jackson/module/jackson-module-jaxb-annotations/2.9.9/jackson-module-jaxb-annotations-2.9.9.jar:/home/user/.m2/repository/javax/enterprise/cdi-api/1.2/cdi-api-1.2.jar:/home/user/.m2/repository/javax/el/javax.el-api/3.0.0/javax.el-api-3.0.0.jar:/home/user/.m2/repository/javax/interceptor/javax.interceptor-api/1.2/javax.interceptor-api-1.2.jar:/home/user/.m2/repository/javax/inject/javax.inject/1/javax.inject-1.jar:/home/user/.m2/repository/com/sun/xml/bind/jaxb-impl/2.3.0.1/jaxb-impl-2.3.0.1.jar:/home/user/.m2/repository/com/sun/xml/bind/jaxb-core/2.3.0.1/jaxb-core-2.3.0.1.jar:/home/user/.m2/repository/javax/xml/bind/jaxb-api/2.3.0/jaxb-api-2.3.0.jar:/home/user/.m2/repository/javax/activation/activation/1.1.1/activation-1.1.1.jar:/home/user/.m2/repository/org/apache/hadoop/hadoop-ozone-csi/0.5.0-SNAPSHOT/hadoop-ozone-csi-0.5.0-SNAPSHOT.jar:/home/user/.m2/repository/com/google/protobuf/protobuf-java-util/3.5.1/protobuf-java-util-3.5.1.jar:/home/user/.m2/repository/org/apache/hadoop/hadoop-hdds-config/0.5.0-SNAPSHOT/hadoop-hdds-config-0.5.0-SNAPSHOT.jar:/home/user/.m2/repository/io/grpc/grpc-netty/1.17.1/grpc-netty-1.17.1.jar:/home/user/.m2/repository/io/grpc/grpc-core/1.17.1/grpc-core-1.17.1.jar:/home/user/.m2/repository/io/grpc/grpc-context/1.17.1/grpc-context-1.17.1.jar:/home/user/.m2/repository/com/google/errorprone/error_prone_annotations/2.2.0/error_prone_annotations-2.2.0.jar:/home/user/.m2/repository/org/codehaus/mojo/animal-sniffer-annotations/1.17/animal-sniffer-annotations-1.17.jar:/home/user/.m2/repository/io/opencensus/opencensus-api/0.17.0/opencensus-api-0.17.0.jar:/home/user/.m2/repository/io/opencensus/opencensus-contrib-grpc-metrics/0.17.0/opencensus-contrib-grpc-metrics-0.17.0.jar:/home/user/.m2/repository/io/netty/netty-codec-http2/4.1.30.Final/netty-codec-http2-4.1.30.Final.jar:/home/user/.m2/repository/io/netty/netty-codec-http/4.1.30.Final/netty-codec-http-4.1.30.Final.jar:/home/user/.m2/repository/io/netty/netty-codec/4.1.30.Final/netty-codec-4.1.30.Final.jar:/home/user/.m2/repository/io/netty/netty-handler/4.1.30.Final/netty-handler-4.1.30.Final.jar:/home/user/.m2/repository/io/netty/netty-handler-proxy/4.1.30.Final/netty-handler-proxy-4.1.30.Final.jar:/home/user/.m2/repository/io/netty/netty-codec-socks/4.1.30.Final/netty-codec-socks-4.1.30.Final.jar:/home/user/.m2/repository/io/netty/netty-transport-native-epoll/4.1.30.Final/netty-transport-native-epoll-4.1.30.Final.jar:/home/user/.m2/repository/io/netty/netty-common/4.1.30.Final/netty-common-4.1.30.Final.jar:/home/user/.m2/repository/io/netty/netty-buffer/4.1.30.Final/netty-buffer-4.1.30.Final.jar:/home/user/.m2/repository/io/netty/netty-transport/4.1.30.Final/netty-transport-4.1.30.Final.jar:/home/user/.m2/repository/io/netty/netty-resolver/4.1.30.Final/netty-resolver-4.1.30.Final.jar:/home/user/.m2/repository/io/netty/netty-transport-native-unix-common/4.1.30.Final/netty-transport-native-unix-common-4.1.30.Final.jar:/home/user/.m2/repository/io/grpc/grpc-protobuf/1.17.1/grpc-protobuf-1.17.1.jar:/home/user/.m2/repository/com/google/api/grpc/proto-google-common-protos/1.0.0/proto-google-common-protos-1.0.0.jar:/home/user/.m2/repository/io/grpc/grpc-protobuf-lite/1.17.1/grpc-protobuf-lite-1.17.1.jar:/home/user/.m2/repository/io/grpc/grpc-stub/1.17.1/grpc-stub-1.17.1.jar:/home/user/.m2/repository/org/apache/hadoop/hadoop-ozone-recon/0.5.0-SNAPSHOT/hadoop-ozone-recon-0.5.0-SNAPSHOT.jar:/home/user/.m2/repository/org/apache/hadoop/hadoop-ozone-reconcodegen/0.5.0-SNAPSHOT/hadoop-ozone-reconcodegen-0.5.0-SNAPSHOT.jar:/home/user/.m2/repository/com/google/inject/extensions/guice-multibindings/4.0/guice-multibindings-4.0.jar:/home/user/.m2/repository/com/google/inject/guice/4.0/guice-4.0.jar:/home/user/.m2/repository/aopalliance/aopalliance/1.0/aopalliance-1.0.jar:/home/user/.m2/repository/com/google/inject/extensions/guice-servlet/4.0/guice-servlet-4.0.jar:/home/user/.m2/repository/org/glassfish/jersey/containers/jersey-container-servlet/2.27/jersey-container-servlet-2.27.jar:/home/user/.m2/repository/org/glassfish/hk2/guice-bridge/2.5.0/guice-bridge-2.5.0.jar:/home/user/.m2/repository/org/glassfish/jersey/core/jersey-server/2.27/jersey-server-2.27.jar:/home/user/.m2/repository/org/glassfish/jersey/core/jersey-client/2.27/jersey-client-2.27.jar:/home/user/.m2/repository/org/glassfish/jersey/media/jersey-media-jaxb/2.27/jersey-media-jaxb-2.27.jar:/home/user/.m2/repository/javax/validation/validation-api/1.1.0.Final/validation-api-1.1.0.Final.jar:/home/user/.m2/repository/org/glassfish/jersey/media/jersey-media-json-jackson/2.27/jersey-media-json-jackson-2.27.jar:/home/user/.m2/repository/org/glassfish/jersey/ext/jersey-entity-filtering/2.27/jersey-entity-filtering-2.27.jar:/home/user/.m2/repository/com/google/inject/extensions/guice-assistedinject/4.0/guice-assistedinject-4.0.jar:/home/user/.m2/repository/org/jooq/jooq/3.11.10/jooq-3.11.10.jar:/home/user/.m2/repository/org/jooq/jooq-meta/3.11.10/jooq-meta-3.11.10.jar:/home/user/.m2/repository/org/jooq/jooq-codegen/3.11.10/jooq-codegen-3.11.10.jar:/home/user/.m2/repository/com/jolbox/bonecp/0.8.0.RELEASE/bonecp-0.8.0.RELEASE.jar:/home/user/.m2/repository/org/xerial/sqlite-jdbc/3.25.2/sqlite-jdbc-3.25.2.jar:/home/user/.m2/repository/org/springframework/spring-jdbc/5.1.3.RELEASE/spring-jdbc-5.1.3.RELEASE.jar:/home/user/.m2/repository/org/springframework/spring-beans/5.1.3.RELEASE/spring-beans-5.1.3.RELEASE.jar:/home/user/.m2/repository/org/springframework/spring-core/5.1.3.RELEASE/spring-core-5.1.3.RELEASE.jar:/home/user/.m2/repository/org/springframework/spring-jcl/5.1.3.RELEASE/spring-jcl-5.1.3.RELEASE.jar:/home/user/.m2/repository/org/springframework/spring-tx/5.1.3.RELEASE/spring-tx-5.1.3.RELEASE.jar:/home/user/.m2/repository/org/apache/hadoop/hadoop-ozone-client/0.5.0-SNAPSHOT/hadoop-ozone-client-0.5.0-SNAPSHOT.jar:/home/user/.m2/repository/commons-lang/commons-lang/2.6/commons-lang-2.6.jar:/home/user/.m2/repository/org/apache/hadoop/hadoop-ozone-ozone-manager/0.5.0-SNAPSHOT/hadoop-ozone-ozone-manager-0.5.0-SNAPSHOT-tests.jar:/home/user/.m2/repository/junit/junit/4.11/junit-4.11.jar:/home/user/.m2/repository/org/hamcrest/hamcrest-core/1.3/hamcrest-core-1.3.jar:/home/user/.m2/repository/org/openjdk/jmh/jmh-core/1.19/jmh-core-1.19.jar:/home/user/.m2/repository/net/sf/jopt-simple/jopt-simple/4.6/jopt-simple-4.6.jar:/home/user/.m2/repository/org/apache/commons/commons-math3/3.1.1/commons-math3-3.1.1.jar:/home/user/.m2/repository/org/openjdk/jmh/jmh-generator-annprocess/1.19/jmh-generator-annprocess-1.19.jar:/home/user/.m2/repository/org/mockito/mockito-all/1.8.5/mockito-all-1.8.5.jar:/home/user/.m2/repository/org/apache/hadoop/hadoop-kms/3.2.0/hadoop-kms-3.2.0.jar:/home/user/.m2/repository/org/apache/hadoop/hadoop-auth/3.2.0/hadoop-auth-3.2.0.jar:/home/user/.m2/repository/com/nimbusds/nimbus-jose-jwt/4.41.1/nimbus-jose-jwt-4.41.1.jar:/home/user/.m2/repository/com/github/stephenc/jcip/jcip-annotations/1.0-1/jcip-annotations-1.0-1.jar:/home/user/.m2/repository/net/minidev/json-smart/2.3/json-smart-2.3.jar:/home/user/.m2/repository/net/minidev/accessors-smart/1.2/accessors-smart-1.2.jar:/home/user/.m2/repository/org/ow2/asm/asm/5.0.4/asm-5.0.4.jar:/home/user/.m2/repository/org/apache/curator/curator-framework/2.12.0/curator-framework-2.12.0.jar:/home/user/.m2/repository/com/sun/jersey/jersey-core/1.19/jersey-core-1.19.jar:/home/user/.m2/repository/javax/ws/rs/jsr311-api/1.1.1/jsr311-api-1.1.1.jar:/home/user/.m2/repository/com/sun/jersey/jersey-server/1.19/jersey-server-1.19.jar:/home/user/.m2/repository/javax/servlet/javax.servlet-api/3.1.0/javax.servlet-api-3.1.0.jar:/home/user/.m2/repository/org/eclipse/jetty/jetty-server/9.3.25.v20180904/jetty-server-9.3.25.v20180904.jar:/home/user/.m2/repository/org/eclipse/jetty/jetty-http/9.3.25.v20180904/jetty-http-9.3.25.v20180904.jar:/home/user/.m2/repository/org/eclipse/jetty/jetty-io/9.3.25.v20180904/jetty-io-9.3.25.v20180904.jar:/home/user/.m2/repository/org/eclipse/jetty/jetty-webapp/9.3.25.v20180904/jetty-webapp-9.3.25.v20180904.jar:/home/user/.m2/repository/org/eclipse/jetty/jetty-xml/9.3.25.v20180904/jetty-xml-9.3.25.v20180904.jar:/home/user/.m2/repository/log4j/log4j/1.2.17/log4j-1.2.17.jar:/home/user/.m2/repository/org/slf4j/slf4j-api/1.7.25/slf4j-api-1.7.25.jar:/home/user/.m2/repository/org/slf4j/jul-to-slf4j/1.7.25/jul-to-slf4j-1.7.25.jar:/home/user/.m2/repository/org/eclipse/jetty/jetty-util/9.3.25.v20180904/jetty-util-9.3.25.v20180904.jar:/home/user/.m2/repository/com/fasterxml/jackson/core/jackson-databind/2.9.9/jackson-databind-2.9.9.jar:/home/user/.m2/repository/org/apache/hadoop/hadoop-kms/3.2.0/hadoop-kms-3.2.0-tests.jar:/home/user/.m2/repository/org/apache/hadoop/hadoop-hdds-server-scm/0.5.0-SNAPSHOT/hadoop-hdds-server-scm-0.5.0-SNAPSHOT-tests.jar:/home/user/.m2/repository/org/apache/hadoop/hadoop-hdds-container-service/0.5.0-SNAPSHOT/hadoop-hdds-container-service-0.5.0-SNAPSHOT-tests.jar:/home/user/.m2/repository/org/yaml/snakeyaml/1.16/snakeyaml-1.16.jar:/home/user/.m2/repository/org/apache/hadoop/hadoop-common/3.2.0/hadoop-common-3.2.0-tests.jar:/home/user/.m2/repository/org/apache/hadoop/hadoop-annotations/3.2.0/hadoop-annotations-3.2.0.jar:/usr/lib/jvm/java-1.8-openjdk/jre/../lib/tools.jar:/home/user/.m2/repository/commons-cli/commons-cli/1.2/commons-cli-1.2.jar:/home/user/.m2/repository/org/apache/httpcomponents/httpclient/4.5.2/httpclient-4.5.2.jar:/home/user/.m2/repository/org/apache/httpcomponents/httpcore/4.4.4/httpcore-4.4.4.jar:/home/user/.m2/repository/commons-codec/commons-codec/1.11/commons-codec-1.11.jar:/home/user/.m2/repository/commons-net/commons-net/3.6/commons-net-3.6.jar:/home/user/.m2/repository/commons-collections/commons-collections/3.2.2/commons-collections-3.2.2.jar:/home/user/.m2/repository/org/eclipse/jetty/jetty-servlet/9.3.25.v20180904/jetty-servlet-9.3.25.v20180904.jar:/home/user/.m2/repository/org/eclipse/jetty/jetty-security/9.3.25.v20180904/jetty-security-9.3.25.v20180904.jar:/home/user/.m2/repository/javax/servlet/jsp/jsp-api/2.1/jsp-api-2.1.jar:/home/user/.m2/repository/com/sun/jersey/jersey-servlet/1.19/jersey-servlet-1.19.jar:/home/user/.m2/repository/com/sun/jersey/jersey-json/1.19/jersey-json-1.19.jar:/home/user/.m2/repository/org/codehaus/jettison/jettison/1.1/jettison-1.1.jar:/home/user/.m2/repository/org/codehaus/jackson/jackson-core-asl/1.9.13/jackson-core-asl-1.9.13.jar:/home/user/.m2/repository/org/codehaus/jackson/jackson-mapper-asl/1.9.13/jackson-mapper-asl-1.9.13.jar:/home/user/.m2/repository/org/codehaus/jackson/jackson-jaxrs/1.9.13/jackson-jaxrs-1.9.13.jar:/home/user/.m2/repository/org/codehaus/jackson/jackson-xc/1.9.13/jackson-xc-1.9.13.jar:/home/user/.m2/repository/commons-logging/commons-logging/1.1.3/commons-logging-1.1.3.jar:/home/user/.m2/repository/commons-beanutils/commons-beanutils/1.9.4/commons-beanutils-1.9.4.jar:/home/user/.m2/repository/org/apache/commons/commons-configuration2/2.1.1/commons-configuration2-2.1.1.jar:/home/user/.m2/repository/org/apache/commons/commons-lang3/3.7/commons-lang3-3.7.jar:/home/user/.m2/repository/org/apache/commons/commons-text/1.4/commons-text-1.4.jar:/home/user/.m2/repository/org/apache/avro/avro/1.7.7/avro-1.7.7.jar:/home/user/.m2/repository/com/thoughtworks/paranamer/paranamer/2.3/paranamer-2.3.jar:/home/user/.m2/repository/org/xerial/snappy/snappy-java/1.0.5/snappy-java-1.0.5.jar:/home/user/.m2/repository/com/google/re2j/re2j/1.1/re2j-1.1.jar:/home/user/.m2/repository/com/google/code/gson/gson/2.2.4/gson-2.2.4.jar:/home/user/.m2/repository/com/jcraft/jsch/0.1.54/jsch-0.1.54.jar:/home/user/.m2/repository/org/apache/curator/curator-client/2.12.0/curator-client-2.12.0.jar:/home/user/.m2/repository/org/apache/curator/curator-recipes/2.12.0/curator-recipes-2.12.0.jar:/home/user/.m2/repository/com/google/code/findbugs/jsr305/3.0.0/jsr305-3.0.0.jar:/home/user/.m2/repository/org/apache/htrace/htrace-core4/4.1.0-incubating/htrace-core4-4.1.0-incubating.jar:/home/user/.m2/repository/org/apache/zookeeper/zookeeper/3.4.13/zookeeper-3.4.13.jar:/home/user/.m2/repository/jline/jline/0.9.94/jline-0.9.94.jar:/home/user/.m2/repository/org/apache/yetus/audience-annotations/0.5.0/audience-annotations-0.5.0.jar:/home/user/.m2/repository/org/codehaus/woodstox/stax2-api/3.1.4/stax2-api-3.1.4.jar:/home/user/.m2/repository/com/fasterxml/woodstox/woodstox-core/5.0.3/woodstox-core-5.0.3.jar:/home/user/.m2/repository/dnsjava/dnsjava/2.1.7/dnsjava-2.1.7.jar:/home/user/.m2/repository/org/apache/hadoop/hadoop-hdfs/3.2.0/hadoop-hdfs-3.2.0-tests.jar:/home/user/.m2/repository/org/eclipse/jetty/jetty-util-ajax/9.3.25.v20180904/jetty-util-ajax-9.3.25.v20180904.jar:/home/user/.m2/repository/commons-daemon/commons-daemon/1.0.13/commons-daemon-1.0.13.jar:/home/user/.m2/repository/io/netty/netty/3.10.5.Final/netty-3.10.5.Final.jar:/home/user/.m2/repository/io/netty/netty-all/4.0.52.Final/netty-all-4.0.52.Final.jar:/home/user/.m2/repository/org/fusesource/leveldbjni/leveldbjni-all/1.8/leveldbjni-all-1.8.jar:"/>
    <property name="java.vm.vendor" value="IcedTea"/>
    <property name="sun.arch.data.model" value="64"/>
    <property name="test.build.dir" value="/workdir/hadoop-ozone/integration-test/target/test-dir"/>
    <property name="test.cache.data" value=""/>
    <property name="java.vendor.url" value="https://icedtea.classpath.org"/>
    <property name="user.timezone" value=""/>
    <property name="java.vm.specification.version" value="1.8"/>
    <property name="os.name" value="Linux"/>
    <property name="test.build.data" value="/workdir/hadoop-ozone/integration-test/target/test-dir"/>
    <property name="user.country" value="US"/>
    <property name="sun.java.launcher" value="SUN_STANDARD"/>
    <property name="sun.boot.library.path" value="/usr/lib/jvm/java-1.8-openjdk/jre/lib/amd64"/>
    <property name="sun.java.command" value="/workdir/hadoop-ozone/integration-test/target/surefire/surefirebooter8135954154436246165.jar /workdir/hadoop-ozone/integration-test/target/surefire 2019-10-04T23-59-05_562-jvmRun1 surefire4091979166779272558tmp surefire_408029257111312346555tmp"/>
    <property name="test" value="!TestMiniChaosOzoneCluster"/>
    <property name="surefire.test.class.path" value="/workdir/hadoop-ozone/integration-test/target/test-classes:/workdir/hadoop-ozone/integration-test/target/classes:/home/user/.m2/repository/org/apache/hadoop/hadoop-ozone-common/0.5.0-SNAPSHOT/hadoop-ozone-common-0.5.0-SNAPSHOT.jar:/home/user/.m2/repository/org/apache/commons/commons-compress/1.4.1/commons-compress-1.4.1.jar:/home/user/.m2/repository/org/tukaani/xz/1.0/xz-1.0.jar:/home/user/.m2/repository/org/apache/hadoop/hadoop-common/3.2.0/hadoop-common-3.2.0.jar:/home/user/.m2/repository/org/apache/hadoop/hadoop-hdfs/3.2.0/hadoop-hdfs-3.2.0.jar:/home/user/.m2/repository/org/apache/hadoop/hadoop-hdfs-client/3.2.0/hadoop-hdfs-client-3.2.0.jar:/home/user/.m2/repository/com/fasterxml/jackson/core/jackson-annotations/2.9.9/jackson-annotations-2.9.9.jar:/home/user/.m2/repository/org/apache/hadoop/hadoop-hdds-common/0.5.0-SNAPSHOT/hadoop-hdds-common-0.5.0-SNAPSHOT.jar:/home/user/.m2/repository/javax/annotation/javax.annotation-api/1.2/javax.annotation-api-1.2.jar:/home/user/.m2/repository/org/apache/ratis/ratis-server/0.5.0-201fc85-SNAPSHOT/ratis-server-0.5.0-201fc85-SNAPSHOT.jar:/home/user/.m2/repository/org/apache/ratis/ratis-thirdparty-misc/0.2.0/ratis-thirdparty-misc-0.2.0.jar:/home/user/.m2/repository/org/apache/ratis/ratis-proto/0.5.0-201fc85-SNAPSHOT/ratis-proto-0.5.0-201fc85-SNAPSHOT.jar:/home/user/.m2/repository/org/apache/ratis/ratis-common/0.5.0-201fc85-SNAPSHOT/ratis-common-0.5.0-201fc85-SNAPSHOT.jar:/home/user/.m2/repository/org/apache/ratis/ratis-client/0.5.0-201fc85-SNAPSHOT/ratis-client-0.5.0-201fc85-SNAPSHOT.jar:/home/user/.m2/repository/org/apache/ratis/ratis-metrics/0.5.0-201fc85-SNAPSHOT/ratis-metrics-0.5.0-201fc85-SNAPSHOT.jar:/home/user/.m2/repository/com/github/joshelser/dropwizard-metrics-hadoop-metrics2-reporter/0.1.2/dropwizard-metrics-hadoop-metrics2-reporter-0.1.2.jar:/home/user/.m2/repository/io/dropwizard/metrics/metrics-jvm/3.2.5/metrics-jvm-3.2.5.jar:/home/user/.m2/repository/io/dropwizard/metrics/metrics-ganglia/3.2.5/metrics-ganglia-3.2.5.jar:/home/user/.m2/repository/info/ganglia/gmetric4j/gmetric4j/1.0.7/gmetric4j-1.0.7.jar:/home/user/.m2/repository/org/apache/ratis/ratis-netty/0.5.0-201fc85-SNAPSHOT/ratis-netty-0.5.0-201fc85-SNAPSHOT.jar:/home/user/.m2/repository/org/apache/ratis/ratis-grpc/0.5.0-201fc85-SNAPSHOT/ratis-grpc-0.5.0-201fc85-SNAPSHOT.jar:/home/user/.m2/repository/org/rocksdb/rocksdbjni/6.0.1/rocksdbjni-6.0.1.jar:/home/user/.m2/repository/org/apache/logging/log4j/log4j-api/2.11.0/log4j-api-2.11.0.jar:/home/user/.m2/repository/org/apache/logging/log4j/log4j-core/2.11.0/log4j-core-2.11.0.jar:/home/user/.m2/repository/com/lmax/disruptor/3.4.2/disruptor-3.4.2.jar:/home/user/.m2/repository/org/apache/commons/commons-pool2/2.6.0/commons-pool2-2.6.0.jar:/home/user/.m2/repository/org/bouncycastle/bcpkix-jdk15on/1.60/bcpkix-jdk15on-1.60.jar:/home/user/.m2/repository/commons-validator/commons-validator/1.6/commons-validator-1.6.jar:/home/user/.m2/repository/commons-digester/commons-digester/1.8.1/commons-digester-1.8.1.jar:/home/user/.m2/repository/io/jaegertracing/jaeger-client/0.34.0/jaeger-client-0.34.0.jar:/home/user/.m2/repository/io/jaegertracing/jaeger-thrift/0.34.0/jaeger-thrift-0.34.0.jar:/home/user/.m2/repository/org/apache/thrift/libthrift/0.12.0/libthrift-0.12.0.jar:/home/user/.m2/repository/com/squareup/okhttp3/okhttp/3.9.0/okhttp-3.9.0.jar:/home/user/.m2/repository/com/squareup/okio/okio/1.13.0/okio-1.13.0.jar:/home/user/.m2/repository/io/jaegertracing/jaeger-core/0.34.0/jaeger-core-0.34.0.jar:/home/user/.m2/repository/io/jaegertracing/jaeger-tracerresolver/0.34.0/jaeger-tracerresolver-0.34.0.jar:/home/user/.m2/repository/io/opentracing/contrib/opentracing-tracerresolver/0.1.5/opentracing-tracerresolver-0.1.5.jar:/home/user/.m2/repository/io/opentracing/opentracing-util/0.31.0/opentracing-util-0.31.0.jar:/home/user/.m2/repository/io/opentracing/opentracing-api/0.31.0/opentracing-api-0.31.0.jar:/home/user/.m2/repository/io/opentracing/opentracing-noop/0.31.0/opentracing-noop-0.31.0.jar:/home/user/.m2/repository/org/apache/hadoop/hadoop-hdds-server-framework/0.5.0-SNAPSHOT/hadoop-hdds-server-framework-0.5.0-SNAPSHOT.jar:/home/user/.m2/repository/org/apache/hadoop/hadoop-hdds-container-service/0.5.0-SNAPSHOT/hadoop-hdds-container-service-0.5.0-SNAPSHOT.jar:/home/user/.m2/repository/org/apache/hadoop/hadoop-hdds-client/0.5.0-SNAPSHOT/hadoop-hdds-client-0.5.0-SNAPSHOT.jar:/home/user/.m2/repository/org/apache/hadoop/hadoop-hdds-tools/0.5.0-SNAPSHOT/hadoop-hdds-tools-0.5.0-SNAPSHOT.jar:/home/user/.m2/repository/org/apache/hadoop/hadoop-hdds-server-scm/0.5.0-SNAPSHOT/hadoop-hdds-server-scm-0.5.0-SNAPSHOT.jar:/home/user/.m2/repository/org/apache/hadoop/hadoop-hdds-docs/0.5.0-SNAPSHOT/hadoop-hdds-docs-0.5.0-SNAPSHOT.jar:/home/user/.m2/repository/io/dropwizard/metrics/metrics-core/3.2.4/metrics-core-3.2.4.jar:/home/user/.m2/repository/org/hamcrest/hamcrest-all/1.3/hamcrest-all-1.3.jar:/home/user/.m2/repository/org/bouncycastle/bcprov-jdk15on/1.60/bcprov-jdk15on-1.60.jar:/home/user/.m2/repository/info/picocli/picocli/3.9.6/picocli-3.9.6.jar:/home/user/.m2/repository/com/google/protobuf/protobuf-java/2.5.0/protobuf-java-2.5.0.jar:/home/user/.m2/repository/com/google/guava/guava/11.0.2/guava-11.0.2.jar:/home/user/.m2/repository/org/apache/hadoop/hadoop-ozone-ozone-manager/0.5.0-SNAPSHOT/hadoop-ozone-ozone-manager-0.5.0-SNAPSHOT.jar:/home/user/.m2/repository/org/apache/hadoop/hadoop-minikdc/3.2.0/hadoop-minikdc-3.2.0.jar:/home/user/.m2/repository/commons-io/commons-io/2.5/commons-io-2.5.jar:/home/user/.m2/repository/org/apache/kerby/kerb-simplekdc/1.0.1/kerb-simplekdc-1.0.1.jar:/home/user/.m2/repository/org/apache/kerby/kerb-client/1.0.1/kerb-client-1.0.1.jar:/home/user/.m2/repository/org/apache/kerby/kerby-config/1.0.1/kerby-config-1.0.1.jar:/home/user/.m2/repository/org/apache/kerby/kerb-core/1.0.1/kerb-core-1.0.1.jar:/home/user/.m2/repository/org/apache/kerby/kerby-pkix/1.0.1/kerby-pkix-1.0.1.jar:/home/user/.m2/repository/org/apache/kerby/kerby-asn1/1.0.1/kerby-asn1-1.0.1.jar:/home/user/.m2/repository/org/apache/kerby/kerby-util/1.0.1/kerby-util-1.0.1.jar:/home/user/.m2/repository/org/apache/kerby/kerb-common/1.0.1/kerb-common-1.0.1.jar:/home/user/.m2/repository/org/apache/kerby/kerb-crypto/1.0.1/kerb-crypto-1.0.1.jar:/home/user/.m2/repository/org/apache/kerby/kerb-util/1.0.1/kerb-util-1.0.1.jar:/home/user/.m2/repository/org/apache/kerby/token-provider/1.0.1/token-provider-1.0.1.jar:/home/user/.m2/repository/org/apache/kerby/kerb-admin/1.0.1/kerb-admin-1.0.1.jar:/home/user/.m2/repository/org/apache/kerby/kerb-server/1.0.1/kerb-server-1.0.1.jar:/home/user/.m2/repository/org/apache/kerby/kerb-identity/1.0.1/kerb-identity-1.0.1.jar:/home/user/.m2/repository/org/apache/kerby/kerby-xdr/1.0.1/kerby-xdr-1.0.1.jar:/home/user/.m2/repository/org/slf4j/slf4j-log4j12/1.7.25/slf4j-log4j12-1.7.25.jar:/home/user/.m2/repository/org/apache/hadoop/hadoop-ozone-s3gateway/0.5.0-SNAPSHOT/hadoop-ozone-s3gateway-0.5.0-SNAPSHOT.jar:/home/user/.m2/repository/org/jboss/weld/servlet/weld-servlet/2.4.7.Final/weld-servlet-2.4.7.Final.jar:/home/user/.m2/repository/org/glassfish/jersey/containers/jersey-container-servlet-core/2.27/jersey-container-servlet-core-2.27.jar:/home/user/.m2/repository/org/glassfish/hk2/external/javax.inject/2.5.0-b42/javax.inject-2.5.0-b42.jar:/home/user/.m2/repository/org/glassfish/jersey/core/jersey-common/2.27/jersey-common-2.27.jar:/home/user/.m2/repository/org/glassfish/hk2/osgi-resource-locator/1.0.1/osgi-resource-locator-1.0.1.jar:/home/user/.m2/repository/javax/ws/rs/javax.ws.rs-api/2.1/javax.ws.rs-api-2.1.jar:/home/user/.m2/repository/org/glassfish/jersey/ext/cdi/jersey-cdi1x/2.27/jersey-cdi1x-2.27.jar:/home/user/.m2/repository/org/glassfish/jersey/inject/jersey-hk2/2.27/jersey-hk2-2.27.jar:/home/user/.m2/repository/org/glassfish/hk2/hk2-locator/2.5.0-b42/hk2-locator-2.5.0-b42.jar:/home/user/.m2/repository/org/javassist/javassist/3.22.0-CR2/javassist-3.22.0-CR2.jar:/home/user/.m2/repository/org/glassfish/hk2/hk2-api/2.5.0/hk2-api-2.5.0.jar:/home/user/.m2/repository/org/glassfish/hk2/external/jakarta.inject/2.5.0/jakarta.inject-2.5.0.jar:/home/user/.m2/repository/org/glassfish/hk2/hk2-utils/2.5.0/hk2-utils-2.5.0.jar:/home/user/.m2/repository/jakarta/annotation/jakarta.annotation-api/1.3.4/jakarta.annotation-api-1.3.4.jar:/home/user/.m2/repository/org/glassfish/hk2/external/aopalliance-repackaged/2.5.0/aopalliance-repackaged-2.5.0.jar:/home/user/.m2/repository/com/fasterxml/jackson/dataformat/jackson-dataformat-xml/2.9.0/jackson-dataformat-xml-2.9.0.jar:/home/user/.m2/repository/com/fasterxml/jackson/core/jackson-core/2.9.9/jackson-core-2.9.9.jar:/home/user/.m2/repository/com/fasterxml/jackson/module/jackson-module-jaxb-annotations/2.9.9/jackson-module-jaxb-annotations-2.9.9.jar:/home/user/.m2/repository/javax/enterprise/cdi-api/1.2/cdi-api-1.2.jar:/home/user/.m2/repository/javax/el/javax.el-api/3.0.0/javax.el-api-3.0.0.jar:/home/user/.m2/repository/javax/interceptor/javax.interceptor-api/1.2/javax.interceptor-api-1.2.jar:/home/user/.m2/repository/javax/inject/javax.inject/1/javax.inject-1.jar:/home/user/.m2/repository/com/sun/xml/bind/jaxb-impl/2.3.0.1/jaxb-impl-2.3.0.1.jar:/home/user/.m2/repository/com/sun/xml/bind/jaxb-core/2.3.0.1/jaxb-core-2.3.0.1.jar:/home/user/.m2/repository/javax/xml/bind/jaxb-api/2.3.0/jaxb-api-2.3.0.jar:/home/user/.m2/repository/javax/activation/activation/1.1.1/activation-1.1.1.jar:/home/user/.m2/repository/org/apache/hadoop/hadoop-ozone-csi/0.5.0-SNAPSHOT/hadoop-ozone-csi-0.5.0-SNAPSHOT.jar:/home/user/.m2/repository/com/google/protobuf/protobuf-java-util/3.5.1/protobuf-java-util-3.5.1.jar:/home/user/.m2/repository/org/apache/hadoop/hadoop-hdds-config/0.5.0-SNAPSHOT/hadoop-hdds-config-0.5.0-SNAPSHOT.jar:/home/user/.m2/repository/io/grpc/grpc-netty/1.17.1/grpc-netty-1.17.1.jar:/home/user/.m2/repository/io/grpc/grpc-core/1.17.1/grpc-core-1.17.1.jar:/home/user/.m2/repository/io/grpc/grpc-context/1.17.1/grpc-context-1.17.1.jar:/home/user/.m2/repository/com/google/errorprone/error_prone_annotations/2.2.0/error_prone_annotations-2.2.0.jar:/home/user/.m2/repository/org/codehaus/mojo/animal-sniffer-annotations/1.17/animal-sniffer-annotations-1.17.jar:/home/user/.m2/repository/io/opencensus/opencensus-api/0.17.0/opencensus-api-0.17.0.jar:/home/user/.m2/repository/io/opencensus/opencensus-contrib-grpc-metrics/0.17.0/opencensus-contrib-grpc-metrics-0.17.0.jar:/home/user/.m2/repository/io/netty/netty-codec-http2/4.1.30.Final/netty-codec-http2-4.1.30.Final.jar:/home/user/.m2/repository/io/netty/netty-codec-http/4.1.30.Final/netty-codec-http-4.1.30.Final.jar:/home/user/.m2/repository/io/netty/netty-codec/4.1.30.Final/netty-codec-4.1.30.Final.jar:/home/user/.m2/repository/io/netty/netty-handler/4.1.30.Final/netty-handler-4.1.30.Final.jar:/home/user/.m2/repository/io/netty/netty-handler-proxy/4.1.30.Final/netty-handler-proxy-4.1.30.Final.jar:/home/user/.m2/repository/io/netty/netty-codec-socks/4.1.30.Final/netty-codec-socks-4.1.30.Final.jar:/home/user/.m2/repository/io/netty/netty-transport-native-epoll/4.1.30.Final/netty-transport-native-epoll-4.1.30.Final.jar:/home/user/.m2/repository/io/netty/netty-common/4.1.30.Final/netty-common-4.1.30.Final.jar:/home/user/.m2/repository/io/netty/netty-buffer/4.1.30.Final/netty-buffer-4.1.30.Final.jar:/home/user/.m2/repository/io/netty/netty-transport/4.1.30.Final/netty-transport-4.1.30.Final.jar:/home/user/.m2/repository/io/netty/netty-resolver/4.1.30.Final/netty-resolver-4.1.30.Final.jar:/home/user/.m2/repository/io/netty/netty-transport-native-unix-common/4.1.30.Final/netty-transport-native-unix-common-4.1.30.Final.jar:/home/user/.m2/repository/io/grpc/grpc-protobuf/1.17.1/grpc-protobuf-1.17.1.jar:/home/user/.m2/repository/com/google/api/grpc/proto-google-common-protos/1.0.0/proto-google-common-protos-1.0.0.jar:/home/user/.m2/repository/io/grpc/grpc-protobuf-lite/1.17.1/grpc-protobuf-lite-1.17.1.jar:/home/user/.m2/repository/io/grpc/grpc-stub/1.17.1/grpc-stub-1.17.1.jar:/home/user/.m2/repository/org/apache/hadoop/hadoop-ozone-recon/0.5.0-SNAPSHOT/hadoop-ozone-recon-0.5.0-SNAPSHOT.jar:/home/user/.m2/repository/org/apache/hadoop/hadoop-ozone-reconcodegen/0.5.0-SNAPSHOT/hadoop-ozone-reconcodegen-0.5.0-SNAPSHOT.jar:/home/user/.m2/repository/com/google/inject/extensions/guice-multibindings/4.0/guice-multibindings-4.0.jar:/home/user/.m2/repository/com/google/inject/guice/4.0/guice-4.0.jar:/home/user/.m2/repository/aopalliance/aopalliance/1.0/aopalliance-1.0.jar:/home/user/.m2/repository/com/google/inject/extensions/guice-servlet/4.0/guice-servlet-4.0.jar:/home/user/.m2/repository/org/glassfish/jersey/containers/jersey-container-servlet/2.27/jersey-container-servlet-2.27.jar:/home/user/.m2/repository/org/glassfish/hk2/guice-bridge/2.5.0/guice-bridge-2.5.0.jar:/home/user/.m2/repository/org/glassfish/jersey/core/jersey-server/2.27/jersey-server-2.27.jar:/home/user/.m2/repository/org/glassfish/jersey/core/jersey-client/2.27/jersey-client-2.27.jar:/home/user/.m2/repository/org/glassfish/jersey/media/jersey-media-jaxb/2.27/jersey-media-jaxb-2.27.jar:/home/user/.m2/repository/javax/validation/validation-api/1.1.0.Final/validation-api-1.1.0.Final.jar:/home/user/.m2/repository/org/glassfish/jersey/media/jersey-media-json-jackson/2.27/jersey-media-json-jackson-2.27.jar:/home/user/.m2/repository/org/glassfish/jersey/ext/jersey-entity-filtering/2.27/jersey-entity-filtering-2.27.jar:/home/user/.m2/repository/com/google/inject/extensions/guice-assistedinject/4.0/guice-assistedinject-4.0.jar:/home/user/.m2/repository/org/jooq/jooq/3.11.10/jooq-3.11.10.jar:/home/user/.m2/repository/org/jooq/jooq-meta/3.11.10/jooq-meta-3.11.10.jar:/home/user/.m2/repository/org/jooq/jooq-codegen/3.11.10/jooq-codegen-3.11.10.jar:/home/user/.m2/repository/com/jolbox/bonecp/0.8.0.RELEASE/bonecp-0.8.0.RELEASE.jar:/home/user/.m2/repository/org/xerial/sqlite-jdbc/3.25.2/sqlite-jdbc-3.25.2.jar:/home/user/.m2/repository/org/springframework/spring-jdbc/5.1.3.RELEASE/spring-jdbc-5.1.3.RELEASE.jar:/home/user/.m2/repository/org/springframework/spring-beans/5.1.3.RELEASE/spring-beans-5.1.3.RELEASE.jar:/home/user/.m2/repository/org/springframework/spring-core/5.1.3.RELEASE/spring-core-5.1.3.RELEASE.jar:/home/user/.m2/repository/org/springframework/spring-jcl/5.1.3.RELEASE/spring-jcl-5.1.3.RELEASE.jar:/home/user/.m2/repository/org/springframework/spring-tx/5.1.3.RELEASE/spring-tx-5.1.3.RELEASE.jar:/home/user/.m2/repository/org/apache/hadoop/hadoop-ozone-client/0.5.0-SNAPSHOT/hadoop-ozone-client-0.5.0-SNAPSHOT.jar:/home/user/.m2/repository/commons-lang/commons-lang/2.6/commons-lang-2.6.jar:/home/user/.m2/repository/org/apache/hadoop/hadoop-ozone-ozone-manager/0.5.0-SNAPSHOT/hadoop-ozone-ozone-manager-0.5.0-SNAPSHOT-tests.jar:/home/user/.m2/repository/junit/junit/4.11/junit-4.11.jar:/home/user/.m2/repository/org/hamcrest/hamcrest-core/1.3/hamcrest-core-1.3.jar:/home/user/.m2/repository/org/openjdk/jmh/jmh-core/1.19/jmh-core-1.19.jar:/home/user/.m2/repository/net/sf/jopt-simple/jopt-simple/4.6/jopt-simple-4.6.jar:/home/user/.m2/repository/org/apache/commons/commons-math3/3.1.1/commons-math3-3.1.1.jar:/home/user/.m2/repository/org/openjdk/jmh/jmh-generator-annprocess/1.19/jmh-generator-annprocess-1.19.jar:/home/user/.m2/repository/org/mockito/mockito-all/1.8.5/mockito-all-1.8.5.jar:/home/user/.m2/repository/org/apache/hadoop/hadoop-kms/3.2.0/hadoop-kms-3.2.0.jar:/home/user/.m2/repository/org/apache/hadoop/hadoop-auth/3.2.0/hadoop-auth-3.2.0.jar:/home/user/.m2/repository/com/nimbusds/nimbus-jose-jwt/4.41.1/nimbus-jose-jwt-4.41.1.jar:/home/user/.m2/repository/com/github/stephenc/jcip/jcip-annotations/1.0-1/jcip-annotations-1.0-1.jar:/home/user/.m2/repository/net/minidev/json-smart/2.3/json-smart-2.3.jar:/home/user/.m2/repository/net/minidev/accessors-smart/1.2/accessors-smart-1.2.jar:/home/user/.m2/repository/org/ow2/asm/asm/5.0.4/asm-5.0.4.jar:/home/user/.m2/repository/org/apache/curator/curator-framework/2.12.0/curator-framework-2.12.0.jar:/home/user/.m2/repository/com/sun/jersey/jersey-core/1.19/jersey-core-1.19.jar:/home/user/.m2/repository/javax/ws/rs/jsr311-api/1.1.1/jsr311-api-1.1.1.jar:/home/user/.m2/repository/com/sun/jersey/jersey-server/1.19/jersey-server-1.19.jar:/home/user/.m2/repository/javax/servlet/javax.servlet-api/3.1.0/javax.servlet-api-3.1.0.jar:/home/user/.m2/repository/org/eclipse/jetty/jetty-server/9.3.25.v20180904/jetty-server-9.3.25.v20180904.jar:/home/user/.m2/repository/org/eclipse/jetty/jetty-http/9.3.25.v20180904/jetty-http-9.3.25.v20180904.jar:/home/user/.m2/repository/org/eclipse/jetty/jetty-io/9.3.25.v20180904/jetty-io-9.3.25.v20180904.jar:/home/user/.m2/repository/org/eclipse/jetty/jetty-webapp/9.3.25.v20180904/jetty-webapp-9.3.25.v20180904.jar:/home/user/.m2/repository/org/eclipse/jetty/jetty-xml/9.3.25.v20180904/jetty-xml-9.3.25.v20180904.jar:/home/user/.m2/repository/log4j/log4j/1.2.17/log4j-1.2.17.jar:/home/user/.m2/repository/org/slf4j/slf4j-api/1.7.25/slf4j-api-1.7.25.jar:/home/user/.m2/repository/org/slf4j/jul-to-slf4j/1.7.25/jul-to-slf4j-1.7.25.jar:/home/user/.m2/repository/org/eclipse/jetty/jetty-util/9.3.25.v20180904/jetty-util-9.3.25.v20180904.jar:/home/user/.m2/repository/com/fasterxml/jackson/core/jackson-databind/2.9.9/jackson-databind-2.9.9.jar:/home/user/.m2/repository/org/apache/hadoop/hadoop-kms/3.2.0/hadoop-kms-3.2.0-tests.jar:/home/user/.m2/repository/org/apache/hadoop/hadoop-hdds-server-scm/0.5.0-SNAPSHOT/hadoop-hdds-server-scm-0.5.0-SNAPSHOT-tests.jar:/home/user/.m2/repository/org/apache/hadoop/hadoop-hdds-container-service/0.5.0-SNAPSHOT/hadoop-hdds-container-service-0.5.0-SNAPSHOT-tests.jar:/home/user/.m2/repository/org/yaml/snakeyaml/1.16/snakeyaml-1.16.jar:/home/user/.m2/repository/org/apache/hadoop/hadoop-common/3.2.0/hadoop-common-3.2.0-tests.jar:/home/user/.m2/repository/org/apache/hadoop/hadoop-annotations/3.2.0/hadoop-annotations-3.2.0.jar:/usr/lib/jvm/java-1.8-openjdk/jre/../lib/tools.jar:/home/user/.m2/repository/commons-cli/commons-cli/1.2/commons-cli-1.2.jar:/home/user/.m2/repository/org/apache/httpcomponents/httpclient/4.5.2/httpclient-4.5.2.jar:/home/user/.m2/repository/org/apache/httpcomponents/httpcore/4.4.4/httpcore-4.4.4.jar:/home/user/.m2/repository/commons-codec/commons-codec/1.11/commons-codec-1.11.jar:/home/user/.m2/repository/commons-net/commons-net/3.6/commons-net-3.6.jar:/home/user/.m2/repository/commons-collections/commons-collections/3.2.2/commons-collections-3.2.2.jar:/home/user/.m2/repository/org/eclipse/jetty/jetty-servlet/9.3.25.v20180904/jetty-servlet-9.3.25.v20180904.jar:/home/user/.m2/repository/org/eclipse/jetty/jetty-security/9.3.25.v20180904/jetty-security-9.3.25.v20180904.jar:/home/user/.m2/repository/javax/servlet/jsp/jsp-api/2.1/jsp-api-2.1.jar:/home/user/.m2/repository/com/sun/jersey/jersey-servlet/1.19/jersey-servlet-1.19.jar:/home/user/.m2/repository/com/sun/jersey/jersey-json/1.19/jersey-json-1.19.jar:/home/user/.m2/repository/org/codehaus/jettison/jettison/1.1/jettison-1.1.jar:/home/user/.m2/repository/org/codehaus/jackson/jackson-core-asl/1.9.13/jackson-core-asl-1.9.13.jar:/home/user/.m2/repository/org/codehaus/jackson/jackson-mapper-asl/1.9.13/jackson-mapper-asl-1.9.13.jar:/home/user/.m2/repository/org/codehaus/jackson/jackson-jaxrs/1.9.13/jackson-jaxrs-1.9.13.jar:/home/user/.m2/repository/org/codehaus/jackson/jackson-xc/1.9.13/jackson-xc-1.9.13.jar:/home/user/.m2/repository/commons-logging/commons-logging/1.1.3/commons-logging-1.1.3.jar:/home/user/.m2/repository/commons-beanutils/commons-beanutils/1.9.4/commons-beanutils-1.9.4.jar:/home/user/.m2/repository/org/apache/commons/commons-configuration2/2.1.1/commons-configuration2-2.1.1.jar:/home/user/.m2/repository/org/apache/commons/commons-lang3/3.7/commons-lang3-3.7.jar:/home/user/.m2/repository/org/apache/commons/commons-text/1.4/commons-text-1.4.jar:/home/user/.m2/repository/org/apache/avro/avro/1.7.7/avro-1.7.7.jar:/home/user/.m2/repository/com/thoughtworks/paranamer/paranamer/2.3/paranamer-2.3.jar:/home/user/.m2/repository/org/xerial/snappy/snappy-java/1.0.5/snappy-java-1.0.5.jar:/home/user/.m2/repository/com/google/re2j/re2j/1.1/re2j-1.1.jar:/home/user/.m2/repository/com/google/code/gson/gson/2.2.4/gson-2.2.4.jar:/home/user/.m2/repository/com/jcraft/jsch/0.1.54/jsch-0.1.54.jar:/home/user/.m2/repository/org/apache/curator/curator-client/2.12.0/curator-client-2.12.0.jar:/home/user/.m2/repository/org/apache/curator/curator-recipes/2.12.0/curator-recipes-2.12.0.jar:/home/user/.m2/repository/com/google/code/findbugs/jsr305/3.0.0/jsr305-3.0.0.jar:/home/user/.m2/repository/org/apache/htrace/htrace-core4/4.1.0-incubating/htrace-core4-4.1.0-incubating.jar:/home/user/.m2/repository/org/apache/zookeeper/zookeeper/3.4.13/zookeeper-3.4.13.jar:/home/user/.m2/repository/jline/jline/0.9.94/jline-0.9.94.jar:/home/user/.m2/repository/org/apache/yetus/audience-annotations/0.5.0/audience-annotations-0.5.0.jar:/home/user/.m2/repository/org/codehaus/woodstox/stax2-api/3.1.4/stax2-api-3.1.4.jar:/home/user/.m2/repository/com/fasterxml/woodstox/woodstox-core/5.0.3/woodstox-core-5.0.3.jar:/home/user/.m2/repository/dnsjava/dnsjava/2.1.7/dnsjava-2.1.7.jar:/home/user/.m2/repository/org/apache/hadoop/hadoop-hdfs/3.2.0/hadoop-hdfs-3.2.0-tests.jar:/home/user/.m2/repository/org/eclipse/jetty/jetty-util-ajax/9.3.25.v20180904/jetty-util-ajax-9.3.25.v20180904.jar:/home/user/.m2/repository/commons-daemon/commons-daemon/1.0.13/commons-daemon-1.0.13.jar:/home/user/.m2/repository/io/netty/netty/3.10.5.Final/netty-3.10.5.Final.jar:/home/user/.m2/repository/io/netty/netty-all/4.0.52.Final/netty-all-4.0.52.Final.jar:/home/user/.m2/repository/org/fusesource/leveldbjni/leveldbjni-all/1.8/leveldbjni-all-1.8.jar:"/>
    <property name="sun.cpu.endian" value="little"/>
    <property name="user.home" value="/home/user"/>
    <property name="user.language" value="en"/>
    <property name="java.specification.vendor" value="Oracle Corporation"/>
    <property name="java.home" value="/usr/lib/jvm/java-1.8-openjdk/jre"/>
    <property name="java.security.krb5.conf" value="/workdir/hadoop-ozone/integration-test/target/test-classes/krb5.conf"/>
    <property name="basedir" value="/workdir/hadoop-ozone/integration-test"/>
    <property name="file.separator" value="/"/>
    <property name="line.separator" value="&#10;"/>
    <property name="java.vm.specification.vendor" value="Oracle Corporation"/>
    <property name="java.specification.name" value="Java Platform API Specification"/>
    <property name="java.awt.graphicsenv" value="sun.awt.X11GraphicsEnvironment"/>
    <property name="surefire.real.class.path" value="/workdir/hadoop-ozone/integration-test/target/surefire/surefirebooter8135954154436246165.jar"/>
    <property name="hadoop.log.dir" value="/workdir/hadoop-ozone/integration-test/target/log"/>
    <property name="sun.boot.class.path" value="/usr/lib/jvm/java-1.8-openjdk/jre/lib/resources.jar:/usr/lib/jvm/java-1.8-openjdk/jre/lib/rt.jar:/usr/lib/jvm/java-1.8-openjdk/jre/lib/sunrsasign.jar:/usr/lib/jvm/java-1.8-openjdk/jre/lib/jsse.jar:/usr/lib/jvm/java-1.8-openjdk/jre/lib/jce.jar:/usr/lib/jvm/java-1.8-openjdk/jre/lib/charsets.jar:/usr/lib/jvm/java-1.8-openjdk/jre/lib/jfr.jar:/usr/lib/jvm/java-1.8-openjdk/jre/classes"/>
    <property name="sun.management.compiler" value="HotSpot 64-Bit Tiered Compilers"/>
    <property name="java.runtime.version" value="1.8.0_212-b04"/>
    <property name="java.net.preferIPv4Stack" value="true"/>
    <property name="user.name" value="jenkins1000"/>
    <property name="path.separator" value=":"/>
    <property name="java.security.egd" value="file:///dev/urandom"/>
    <property name="os.version" value="3.10.0-957.12.2.el7.x86_64"/>
    <property name="java.endorsed.dirs" value="/usr/lib/jvm/java-1.8-openjdk/jre/lib/endorsed"/>
    <property name="java.runtime.name" value="OpenJDK Runtime Environment"/>
    <property name="file.encoding" value="UTF-8"/>
    <property name="java.vm.name" value="OpenJDK 64-Bit Server VM"/>
    <property name="test.build.webapps" value=""/>
    <property name="localRepository" value="/home/user/.m2/repository"/>
    <property name="java.vendor.url.bug" value="https://icedtea.classpath.org/bugzilla"/>
    <property name="java.io.tmpdir" value="/tmp"/>
    <property name="require.test.libhadoop" value=""/>
    <property name="java.version" value="1.8.0_212"/>
    <property name="user.dir" value="/workdir/hadoop-ozone/integration-test"/>
    <property name="os.arch" value="amd64"/>
    <property name="java.vm.specification.name" value="Java Virtual Machine Specification"/>
    <property name="test.build.classes" value="/workdir/hadoop-ozone/integration-test/target/test-classes"/>
    <property name="java.awt.printerjob" value="sun.print.PSPrinterJob"/>
    <property name="sun.os.patch.level" value="unknown"/>
    <property name="hadoop.tmp.dir" value="/workdir/hadoop-ozone/integration-test/target/tmp"/>
    <property name="java.library.path" value="/usr/lib/jvm/java-1.8-openjdk/jre/lib/amd64/server:/usr/lib/jvm/java-1.8-openjdk/jre/lib/amd64:/usr/lib/jvm/java-1.8-openjdk/jre/../lib/amd64:/workdir/hadoop-ozone/integration-test/target/native/target/usr/local/lib:/workdir/hadoop-ozone/integration-test/../../hadoop-common-project/hadoop-common/target/native/target/usr/local/lib:/usr/java/packages/lib/amd64:/usr/lib64:/lib64:/lib:/usr/lib"/>
    <property name="java.vm.info" value="mixed mode"/>
    <property name="java.vendor" value="IcedTea"/>
    <property name="java.vm.version" value="25.212-b04"/>
    <property name="java.ext.dirs" value="/usr/lib/jvm/java-1.8-openjdk/jre/lib/ext:/usr/java/packages/lib/ext"/>
    <property name="sun.io.unicode.encoding" value="UnicodeLittle"/>
    <property name="java.class.version" value="52.0"/>
  </properties>
  <testcase name="testWatchForCommitWithKeyWrite" classname="org.apache.hadoop.ozone.client.rpc.TestWatchForCommit" time="77.246"/>
  <testcase name="testWatchForCommitWithSmallerTimeoutValue" classname="org.apache.hadoop.ozone.client.rpc.TestWatchForCommit" time="42.57"/>
  <testcase name="testWatchForCommitForRetryfailure" classname="org.apache.hadoop.ozone.client.rpc.TestWatchForCommit" time="73.135"/>
  <testcase name="testWatchForCommitForGroupMismatchException" classname="org.apache.hadoop.ozone.client.rpc.TestWatchForCommit" time="39.234"/>
  <testcase name="test2WayCommitForTimeoutException" classname="org.apache.hadoop.ozone.client.rpc.TestWatchForCommit" time="21.878">
    <error type="java.util.concurrent.TimeoutException">java.util.concurrent.TimeoutException
	at java.util.concurrent.CompletableFuture.timedGet(CompletableFuture.java:1771)
	at java.util.concurrent.CompletableFuture.get(CompletableFuture.java:1915)
	at org.apache.hadoop.hdds.scm.XceiverClientRatis.watchForCommit(XceiverClientRatis.java:298)
	at org.apache.hadoop.ozone.client.rpc.TestWatchForCommit.test2WayCommitForTimeoutException(TestWatchForCommit.java:391)
	at sun.reflect.NativeMethodAccessorImpl.invoke0(Native Method)
	at sun.reflect.NativeMethodAccessorImpl.invoke(NativeMethodAccessorImpl.java:62)
	at sun.reflect.DelegatingMethodAccessorImpl.invoke(DelegatingMethodAccessorImpl.java:43)
	at java.lang.reflect.Method.invoke(Method.java:498)
	at org.junit.runners.model.FrameworkMethod$1.runReflectiveCall(FrameworkMethod.java:47)
	at org.junit.internal.runners.model.ReflectiveCallable.run(ReflectiveCallable.java:12)
	at org.junit.runners.model.FrameworkMethod.invokeExplosively(FrameworkMethod.java:44)
	at org.junit.internal.runners.statements.InvokeMethod.evaluate(InvokeMethod.java:17)
	at org.junit.runners.ParentRunner.runLeaf(ParentRunner.java:271)
	at org.junit.runners.BlockJUnit4ClassRunner.runChild(BlockJUnit4ClassRunner.java:70)
	at org.junit.runners.BlockJUnit4ClassRunner.runChild(BlockJUnit4ClassRunner.java:50)
	at org.junit.runners.ParentRunner$3.run(ParentRunner.java:238)
	at org.junit.runners.ParentRunner$1.schedule(ParentRunner.java:63)
	at org.junit.runners.ParentRunner.runChildren(ParentRunner.java:236)
	at org.junit.runners.ParentRunner.access$000(ParentRunner.java:53)
	at org.junit.runners.ParentRunner$2.evaluate(ParentRunner.java:229)
	at org.junit.runners.ParentRunner.run(ParentRunner.java:309)
	at org.apache.maven.surefire.junit4.JUnit4Provider.execute(JUnit4Provider.java:365)
	at org.apache.maven.surefire.junit4.JUnit4Provider.executeWithRerun(JUnit4Provider.java:273)
	at org.apache.maven.surefire.junit4.JUnit4Provider.executeTestSet(JUnit4Provider.java:238)
	at org.apache.maven.surefire.junit4.JUnit4Provider.invoke(JUnit4Provider.java:159)
	at org.apache.maven.surefire.booter.ForkedBooter.invokeProviderInSameClassLoader(ForkedBooter.java:384)
	at org.apache.maven.surefire.booter.ForkedBooter.runSuitesInProcess(ForkedBooter.java:345)
	at org.apache.maven.surefire.booter.ForkedBooter.execute(ForkedBooter.java:126)
	at org.apache.maven.surefire.booter.ForkedBooter.main(ForkedBooter.java:418)
</error>
    <system-out><![CDATA[2019-10-05 00:46:00,455 [main] WARN  server.ServerUtils (ServerUtils.java:getScmDbDir(145)) - ozone.scm.db.dirs is not configured. We recommend adding this setting. Falling back to ozone.metadata.dirs instead.
2019-10-05 00:46:00,478 [main] WARN  server.ServerUtils (ServerUtils.java:getScmDbDir(145)) - ozone.scm.db.dirs is not configured. We recommend adding this setting. Falling back to ozone.metadata.dirs instead.
2019-10-05 00:46:00,478 [main] WARN  server.ServerUtils (ServerUtils.java:getScmDbDir(145)) - ozone.scm.db.dirs is not configured. We recommend adding this setting. Falling back to ozone.metadata.dirs instead.
2019-10-05 00:46:00,479 [main] INFO  db.DBStoreBuilder (DBStoreBuilder.java:addTable(117)) - using custom profile for table: deletedBlocks
2019-10-05 00:46:00,479 [main] INFO  db.DBStoreBuilder (DBStoreBuilder.java:processTables(168)) - Using default column profile:DBProfile.DISK for Table:deletedBlocks
2019-10-05 00:46:00,479 [main] INFO  db.DBStoreBuilder (DBStoreBuilder.java:addTable(117)) - using custom profile for table: validCerts
2019-10-05 00:46:00,479 [main] INFO  db.DBStoreBuilder (DBStoreBuilder.java:processTables(168)) - Using default column profile:DBProfile.DISK for Table:validCerts
2019-10-05 00:46:00,479 [main] INFO  db.DBStoreBuilder (DBStoreBuilder.java:addTable(117)) - using custom profile for table: revokedCerts
2019-10-05 00:46:00,480 [main] INFO  db.DBStoreBuilder (DBStoreBuilder.java:processTables(168)) - Using default column profile:DBProfile.DISK for Table:revokedCerts
2019-10-05 00:46:00,480 [main] INFO  db.DBStoreBuilder (DBStoreBuilder.java:addTable(117)) - using custom profile for table: default
2019-10-05 00:46:00,480 [main] INFO  db.DBStoreBuilder (DBStoreBuilder.java:processTables(174)) - Using default column profile:DBProfile.DISK for Table:default
2019-10-05 00:46:00,480 [main] INFO  db.DBStoreBuilder (DBStoreBuilder.java:getDbProfile(205)) - Using default options. DBProfile.DISK
2019-10-05 00:46:00,544 [main] INFO  net.NodeSchemaLoader (NodeSchemaLoader.java:loadSchemaFromFile(125)) - Loading file from sun.misc.CompoundEnumeration@5c313224
2019-10-05 00:46:00,544 [main] INFO  net.NodeSchemaLoader (NodeSchemaLoader.java:loadSchema(171)) - Loading network topology layer schema file
2019-10-05 00:46:00,548 [main] WARN  server.ServerUtils (ServerUtils.java:sanitizeUserArgs(70)) - ozone.scm.stale.node.interval value = 300000 is larger than max = 100000 based on the key value of ozone.scm.heartbeat.thread.interval, reset to the max value 100000.
2019-10-05 00:46:00,548 [main] WARN  server.ServerUtils (ServerUtils.java:sanitizeUserArgs(70)) - ozone.scm.stale.node.interval value = 300000 is larger than max = 100000 based on the key value of ozone.scm.heartbeat.thread.interval, reset to the max value 100000.
2019-10-05 00:46:00,549 [main] INFO  node.SCMNodeManager (SCMNodeManager.java:<init>(116)) - Entering startup safe mode.
2019-10-05 00:46:00,549 [main] INFO  algorithms.ContainerPlacementPolicyFactory (ContainerPlacementPolicyFactory.java:getPolicy(57)) - Create container placement policy of type org.apache.hadoop.hdds.scm.container.placement.algorithms.SCMContainerPlacementRandom
2019-10-05 00:46:00,550 [main] WARN  server.ServerUtils (ServerUtils.java:getScmDbDir(145)) - ozone.scm.db.dirs is not configured. We recommend adding this setting. Falling back to ozone.metadata.dirs instead.
2019-10-05 00:46:00,570 [main] INFO  pipeline.SCMPipelineManager (SCMPipelineManager.java:initializePipelineState(132)) - No pipeline exists in current db
2019-10-05 00:46:00,570 [main] WARN  server.ServerUtils (ServerUtils.java:getScmDbDir(145)) - ozone.scm.db.dirs is not configured. We recommend adding this setting. Falling back to ozone.metadata.dirs instead.
2019-10-05 00:46:00,594 [main] WARN  events.EventQueue (EventQueue.java:fireEvent(183)) - No event handler registered for event TypedEvent{payloadType=SafeModeStatus, name='SafeModeStatus'}
2019-10-05 00:46:00,595 [main] INFO  ipc.CallQueueManager (CallQueueManager.java:<init>(84)) - Using callQueue: class java.util.concurrent.LinkedBlockingQueue, queueCapacity: 2000, scheduler: class org.apache.hadoop.ipc.DefaultRpcScheduler, ipcBackoff: false.
2019-10-05 00:46:00,596 [Socket Reader #1 for port 36500] INFO  ipc.Server (Server.java:run(1074)) - Starting Socket Reader #1 for port 36500
2019-10-05 00:46:00,598 [main] INFO  ipc.CallQueueManager (CallQueueManager.java:<init>(84)) - Using callQueue: class java.util.concurrent.LinkedBlockingQueue, queueCapacity: 2000, scheduler: class org.apache.hadoop.ipc.DefaultRpcScheduler, ipcBackoff: false.
2019-10-05 00:46:00,598 [Socket Reader #1 for port 40447] INFO  ipc.Server (Server.java:run(1074)) - Starting Socket Reader #1 for port 40447
2019-10-05 00:46:00,600 [main] INFO  ipc.CallQueueManager (CallQueueManager.java:<init>(84)) - Using callQueue: class java.util.concurrent.LinkedBlockingQueue, queueCapacity: 2000, scheduler: class org.apache.hadoop.ipc.DefaultRpcScheduler, ipcBackoff: false.
2019-10-05 00:46:00,600 [Socket Reader #1 for port 37800] INFO  ipc.Server (Server.java:run(1074)) - Starting Socket Reader #1 for port 37800
2019-10-05 00:46:00,603 [main] INFO  hdfs.DFSUtil (DFSUtil.java:httpServerTemplateForNNAndJN(1641)) - Starting Web-server for scm at: http://0.0.0.0:0
2019-10-05 00:46:00,605 [main] INFO  server.AuthenticationFilter (AuthenticationFilter.java:constructSecretProvider(240)) - Unable to initialize FileSignerSecretProvider, falling back to use random secrets.
2019-10-05 00:46:00,606 [main] WARN  http.HttpRequestLog (HttpRequestLog.java:getRequestLog(97)) - Jetty request log can only be enabled using Log4j
2019-10-05 00:46:00,609 [main] INFO  http.HttpServer2 (HttpServer2.java:addGlobalFilter(975)) - Added global filter 'safety' (class=org.apache.hadoop.http.HttpServer2$QuotingInputFilter)
2019-10-05 00:46:00,609 [main] INFO  http.HttpServer2 (HttpServer2.java:addFilter(948)) - Added filter static_user_filter (class=org.apache.hadoop.http.lib.StaticUserWebFilter$StaticUserFilter) to context scm
2019-10-05 00:46:00,610 [main] INFO  http.HttpServer2 (HttpServer2.java:addFilter(958)) - Added filter static_user_filter (class=org.apache.hadoop.http.lib.StaticUserWebFilter$StaticUserFilter) to context static
2019-10-05 00:46:00,610 [main] INFO  http.HttpServer2 (HttpServer2.java:addFilter(958)) - Added filter static_user_filter (class=org.apache.hadoop.http.lib.StaticUserWebFilter$StaticUserFilter) to context logs
2019-10-05 00:46:00,613 [main] INFO  server.StorageContainerManager (StorageContainerManager.java:start(770)) - StorageContainerLocationProtocol RPC server is listening at /0.0.0.0:37800
2019-10-05 00:46:00,616 [main] WARN  impl.MetricsConfig (MetricsConfig.java:loadFirst(134)) - Cannot locate configuration: tried hadoop-metrics2-storagecontainermanager.properties,hadoop-metrics2.properties
2019-10-05 00:46:00,617 [main] INFO  impl.MetricsSystemImpl (MetricsSystemImpl.java:startTimer(374)) - Scheduled Metric snapshot period at 10 second(s).
2019-10-05 00:46:00,617 [main] INFO  impl.MetricsSystemImpl (MetricsSystemImpl.java:start(191)) - StorageContainerManager metrics system started
2019-10-05 00:46:00,695 [main] WARN  impl.MetricsSystemImpl (MetricsSystemImpl.java:register(276)) - Sink prometheus already exists!
2019-10-05 00:46:00,800 [main] INFO  server.SCMClientProtocolServer (SCMClientProtocolServer.java:start(159)) - RPC server for Client  is listening at /0.0.0.0:37800
2019-10-05 00:46:00,801 [IPC Server Responder] INFO  ipc.Server (Server.java:run(1314)) - IPC Server Responder: starting
2019-10-05 00:46:00,801 [IPC Server listener on 37800] INFO  ipc.Server (Server.java:run(1153)) - IPC Server listener on 37800: starting
2019-10-05 00:46:00,806 [main] INFO  server.StorageContainerManager (StorageContainerManager.java:start(780)) - ScmBlockLocationProtocol RPC server is listening at /0.0.0.0:40447
2019-10-05 00:46:00,806 [main] INFO  server.SCMBlockProtocolServer (SCMBlockProtocolServer.java:start(146)) - RPC server for Block Protocol is listening at /0.0.0.0:40447
2019-10-05 00:46:00,807 [IPC Server Responder] INFO  ipc.Server (Server.java:run(1314)) - IPC Server Responder: starting
2019-10-05 00:46:00,807 [IPC Server listener on 40447] INFO  ipc.Server (Server.java:run(1153)) - IPC Server listener on 40447: starting
2019-10-05 00:46:00,813 [main] INFO  server.StorageContainerManager (StorageContainerManager.java:start(784)) - ScmDatanodeProtocl RPC server is listening at /0.0.0.0:36500
2019-10-05 00:46:00,813 [main] INFO  server.SCMDatanodeProtocolServer (SCMDatanodeProtocolServer.java:start(169)) - RPC server for DataNodes is listening at /0.0.0.0:36500
2019-10-05 00:46:00,814 [IPC Server Responder] INFO  ipc.Server (Server.java:run(1314)) - IPC Server Responder: starting
2019-10-05 00:46:00,814 [IPC Server listener on 36500] INFO  ipc.Server (Server.java:run(1153)) - IPC Server listener on 36500: starting
2019-10-05 00:46:00,818 [main] INFO  http.HttpServer2 (HttpServer2.java:bindListener(1191)) - Jetty bound to port 34790
2019-10-05 00:46:00,818 [main] INFO  server.Server (Server.java:doStart(351)) - jetty-9.3.25.v20180904, build timestamp: 2018-09-04T21:11:46Z, git hash: 3ce520221d0240229c862b122d2b06c12a625732
2019-10-05 00:46:00,820 [main] INFO  handler.ContextHandler (ContextHandler.java:doStart(781)) - Started o.e.j.s.ServletContextHandler@8fcc534{/logs,file:///workdir/hadoop-ozone/integration-test/target/log,AVAILABLE}
2019-10-05 00:46:00,820 [main] INFO  handler.ContextHandler (ContextHandler.java:doStart(781)) - Started o.e.j.s.ServletContextHandler@3b435211{/static,file:///workdir/hadoop-ozone/integration-test/target/test-classes/webapps/static,AVAILABLE}
2019-10-05 00:46:00,824 [main] INFO  handler.ContextHandler (ContextHandler.java:doStart(781)) - Started o.e.j.w.WebAppContext@4d518c66{/,file:///workdir/hadoop-ozone/integration-test/target/test-classes/webapps/scm/,AVAILABLE}{/scm}
2019-10-05 00:46:00,825 [main] INFO  server.AbstractConnector (AbstractConnector.java:doStart(278)) - Started ServerConnector@411fa0ce{HTTP/1.1,[http/1.1]}{0.0.0.0:34790}
2019-10-05 00:46:00,826 [main] INFO  server.Server (Server.java:doStart(419)) - Started @232989ms
2019-10-05 00:46:00,826 [main] WARN  impl.MetricsSystemImpl (MetricsSystemImpl.java:register(276)) - Sink prometheus already exists!
2019-10-05 00:46:00,827 [main] INFO  server.BaseHttpServer (BaseHttpServer.java:updateConnectorAddress(215)) - HTTP server of SCM is listening at http://0.0.0.0:34790
2019-10-05 00:46:00,827 [main] WARN  server.ServerUtils (ServerUtils.java:getDBPath(222)) - ozone.om.db.dirs is not configured. We recommend adding this setting. Falling back to ozone.metadata.dirs instead.
2019-10-05 00:46:00,828 [org.apache.hadoop.util.JvmPauseMonitor$Monitor@78e68401] INFO  util.JvmPauseMonitor (JvmPauseMonitor.java:run(188)) - Starting JVM pause monitor
2019-10-05 00:46:00,842 [main] INFO  ha.OMHANodeDetails (OMHANodeDetails.java:loadOMHAConfig(190)) - Configuration either no ozone.om.address set. Falling back to the default OM address /127.0.0.1:0
2019-10-05 00:46:00,842 [main] INFO  ha.OMHANodeDetails (OMHANodeDetails.java:getOMNodeDetails(220)) - OM Service ID is not set. Setting it to the default ID: omServiceIdDefault
2019-10-05 00:46:00,843 [main] WARN  server.ServerUtils (ServerUtils.java:getDBPath(222)) - ozone.om.db.dirs is not configured. We recommend adding this setting. Falling back to ozone.metadata.dirs instead.
2019-10-05 00:46:00,843 [main] WARN  server.ServerUtils (ServerUtils.java:getDBPath(222)) - ozone.om.db.dirs is not configured. We recommend adding this setting. Falling back to ozone.metadata.dirs instead.
2019-10-05 00:46:00,851 [main] WARN  server.ServerUtils (ServerUtils.java:getDBPath(222)) - ozone.om.db.dirs is not configured. We recommend adding this setting. Falling back to ozone.metadata.dirs instead.
2019-10-05 00:46:00,852 [main] INFO  db.DBStoreBuilder (DBStoreBuilder.java:addTable(117)) - using custom profile for table: userTable
2019-10-05 00:46:00,852 [main] INFO  db.DBStoreBuilder (DBStoreBuilder.java:processTables(168)) - Using default column profile:DBProfile.DISK for Table:userTable
2019-10-05 00:46:00,852 [main] INFO  db.DBStoreBuilder (DBStoreBuilder.java:addTable(117)) - using custom profile for table: volumeTable
2019-10-05 00:46:00,852 [main] INFO  db.DBStoreBuilder (DBStoreBuilder.java:processTables(168)) - Using default column profile:DBProfile.DISK for Table:volumeTable
2019-10-05 00:46:00,852 [main] INFO  db.DBStoreBuilder (DBStoreBuilder.java:addTable(117)) - using custom profile for table: bucketTable
2019-10-05 00:46:00,853 [main] INFO  db.DBStoreBuilder (DBStoreBuilder.java:processTables(168)) - Using default column profile:DBProfile.DISK for Table:bucketTable
2019-10-05 00:46:00,853 [main] INFO  db.DBStoreBuilder (DBStoreBuilder.java:addTable(117)) - using custom profile for table: keyTable
2019-10-05 00:46:00,853 [main] INFO  db.DBStoreBuilder (DBStoreBuilder.java:processTables(168)) - Using default column profile:DBProfile.DISK for Table:keyTable
2019-10-05 00:46:00,853 [main] INFO  db.DBStoreBuilder (DBStoreBuilder.java:addTable(117)) - using custom profile for table: deletedTable
2019-10-05 00:46:00,853 [main] INFO  db.DBStoreBuilder (DBStoreBuilder.java:processTables(168)) - Using default column profile:DBProfile.DISK for Table:deletedTable
2019-10-05 00:46:00,853 [main] INFO  db.DBStoreBuilder (DBStoreBuilder.java:addTable(117)) - using custom profile for table: openKeyTable
2019-10-05 00:46:00,854 [main] INFO  db.DBStoreBuilder (DBStoreBuilder.java:processTables(168)) - Using default column profile:DBProfile.DISK for Table:openKeyTable
2019-10-05 00:46:00,854 [main] INFO  db.DBStoreBuilder (DBStoreBuilder.java:addTable(117)) - using custom profile for table: s3Table
2019-10-05 00:46:00,854 [main] INFO  db.DBStoreBuilder (DBStoreBuilder.java:processTables(168)) - Using default column profile:DBProfile.DISK for Table:s3Table
2019-10-05 00:46:00,854 [main] INFO  db.DBStoreBuilder (DBStoreBuilder.java:addTable(117)) - using custom profile for table: multipartInfoTable
2019-10-05 00:46:00,854 [main] INFO  db.DBStoreBuilder (DBStoreBuilder.java:processTables(168)) - Using default column profile:DBProfile.DISK for Table:multipartInfoTable
2019-10-05 00:46:00,855 [main] INFO  db.DBStoreBuilder (DBStoreBuilder.java:addTable(117)) - using custom profile for table: dTokenTable
2019-10-05 00:46:00,855 [main] INFO  db.DBStoreBuilder (DBStoreBuilder.java:processTables(168)) - Using default column profile:DBProfile.DISK for Table:dTokenTable
2019-10-05 00:46:00,855 [main] INFO  db.DBStoreBuilder (DBStoreBuilder.java:addTable(117)) - using custom profile for table: s3SecretTable
2019-10-05 00:46:00,855 [main] INFO  db.DBStoreBuilder (DBStoreBuilder.java:processTables(168)) - Using default column profile:DBProfile.DISK for Table:s3SecretTable
2019-10-05 00:46:00,855 [main] INFO  db.DBStoreBuilder (DBStoreBuilder.java:addTable(117)) - using custom profile for table: prefixTable
2019-10-05 00:46:00,856 [main] INFO  db.DBStoreBuilder (DBStoreBuilder.java:processTables(168)) - Using default column profile:DBProfile.DISK for Table:prefixTable
2019-10-05 00:46:00,856 [main] INFO  db.DBStoreBuilder (DBStoreBuilder.java:addTable(117)) - using custom profile for table: default
2019-10-05 00:46:00,856 [main] INFO  db.DBStoreBuilder (DBStoreBuilder.java:processTables(174)) - Using default column profile:DBProfile.DISK for Table:default
2019-10-05 00:46:00,856 [main] INFO  db.DBStoreBuilder (DBStoreBuilder.java:getDbProfile(205)) - Using default options. DBProfile.DISK
2019-10-05 00:46:01,284 [main] INFO  ipc.CallQueueManager (CallQueueManager.java:<init>(84)) - Using callQueue: class java.util.concurrent.LinkedBlockingQueue, queueCapacity: 2000, scheduler: class org.apache.hadoop.ipc.DefaultRpcScheduler, ipcBackoff: false.
2019-10-05 00:46:01,285 [Socket Reader #1 for port 39766] INFO  ipc.Server (Server.java:run(1074)) - Starting Socket Reader #1 for port 39766
2019-10-05 00:46:01,305 [main] INFO  om.OzoneManager (OzoneManager.java:start(1069)) - OzoneManager RPC server is listening at localhost/127.0.0.1:39766
2019-10-05 00:46:01,305 [main] INFO  impl.MetricsSystemImpl (MetricsSystemImpl.java:init(158)) - OzoneManager metrics system started (again)
2019-10-05 00:46:01,306 [IPC Server Responder] INFO  ipc.Server (Server.java:run(1314)) - IPC Server Responder: starting
2019-10-05 00:46:01,306 [IPC Server listener on 39766] INFO  ipc.Server (Server.java:run(1153)) - IPC Server listener on 39766: starting
2019-10-05 00:46:01,312 [main] INFO  hdfs.DFSUtil (DFSUtil.java:httpServerTemplateForNNAndJN(1641)) - Starting Web-server for ozoneManager at: http://0.0.0.0:0
2019-10-05 00:46:01,314 [main] INFO  server.AuthenticationFilter (AuthenticationFilter.java:constructSecretProvider(240)) - Unable to initialize FileSignerSecretProvider, falling back to use random secrets.
2019-10-05 00:46:01,314 [main] WARN  http.HttpRequestLog (HttpRequestLog.java:getRequestLog(97)) - Jetty request log can only be enabled using Log4j
2019-10-05 00:46:01,315 [main] INFO  http.HttpServer2 (HttpServer2.java:addGlobalFilter(975)) - Added global filter 'safety' (class=org.apache.hadoop.http.HttpServer2$QuotingInputFilter)
2019-10-05 00:46:01,316 [main] INFO  http.HttpServer2 (HttpServer2.java:addFilter(948)) - Added filter static_user_filter (class=org.apache.hadoop.http.lib.StaticUserWebFilter$StaticUserFilter) to context ozoneManager
2019-10-05 00:46:01,316 [main] INFO  http.HttpServer2 (HttpServer2.java:addFilter(958)) - Added filter static_user_filter (class=org.apache.hadoop.http.lib.StaticUserWebFilter$StaticUserFilter) to context logs
2019-10-05 00:46:01,316 [main] INFO  http.HttpServer2 (HttpServer2.java:addFilter(958)) - Added filter static_user_filter (class=org.apache.hadoop.http.lib.StaticUserWebFilter$StaticUserFilter) to context static
2019-10-05 00:46:01,317 [main] INFO  http.HttpServer2 (HttpServer2.java:bindListener(1191)) - Jetty bound to port 34527
2019-10-05 00:46:01,317 [main] INFO  server.Server (Server.java:doStart(351)) - jetty-9.3.25.v20180904, build timestamp: 2018-09-04T21:11:46Z, git hash: 3ce520221d0240229c862b122d2b06c12a625732
2019-10-05 00:46:01,319 [main] INFO  handler.ContextHandler (ContextHandler.java:doStart(781)) - Started o.e.j.s.ServletContextHandler@3a11c0eb{/logs,file:///workdir/hadoop-ozone/integration-test/target/log,AVAILABLE}
2019-10-05 00:46:01,319 [main] INFO  handler.ContextHandler (ContextHandler.java:doStart(781)) - Started o.e.j.s.ServletContextHandler@2c2c3947{/static,file:///workdir/hadoop-ozone/integration-test/target/test-classes/webapps/static,AVAILABLE}
2019-10-05 00:46:01,322 [main] INFO  handler.ContextHandler (ContextHandler.java:doStart(781)) - Started o.e.j.w.WebAppContext@1e6060f1{/,file:///workdir/hadoop-ozone/integration-test/target/test-classes/webapps/ozoneManager/,AVAILABLE}{/ozoneManager}
2019-10-05 00:46:01,323 [main] INFO  server.AbstractConnector (AbstractConnector.java:doStart(278)) - Started ServerConnector@7e49ded{HTTP/1.1,[http/1.1]}{0.0.0.0:34527}
2019-10-05 00:46:01,324 [main] INFO  server.Server (Server.java:doStart(419)) - Started @233487ms
2019-10-05 00:46:01,324 [main] WARN  impl.MetricsSystemImpl (MetricsSystemImpl.java:register(276)) - Sink prometheus already exists!
2019-10-05 00:46:01,325 [main] INFO  server.BaseHttpServer (BaseHttpServer.java:updateConnectorAddress(215)) - HTTP server of OZONEMANAGER is listening at http://0.0.0.0:34527
2019-10-05 00:46:01,337 [main] INFO  impl.MetricsSystemImpl (MetricsSystemImpl.java:init(158)) - HddsDatanode metrics system started (again)
2019-10-05 00:46:01,341 [main] INFO  ozone.HddsDatanodeService (HddsDatanodeService.java:start(184)) - HddsDatanodeService host:pr-hdds-2244-g9zth-2836493377 ip:192.168.157.198
2019-10-05 00:46:01,347 [main] INFO  volume.HddsVolume (HddsVolume.java:<init>(176)) - Creating Volume: /workdir/hadoop-ozone/integration-test/target/test-dir/MiniOzoneClusterImpl-b8fb7fba-1d4b-4f50-8dfb-556ab5a2e7b3/datanode-0/data/containers/hdds of  storage type : DISK and capacity : 1482555576320
2019-10-05 00:46:01,347 [main] INFO  volume.VolumeSet (VolumeSet.java:initializeVolumeSet(170)) - Added Volume : /workdir/hadoop-ozone/integration-test/target/test-dir/MiniOzoneClusterImpl-b8fb7fba-1d4b-4f50-8dfb-556ab5a2e7b3/datanode-0/data/containers/hdds to VolumeSet
2019-10-05 00:46:01,347 [main] INFO  volume.ThrottledAsyncChecker (ThrottledAsyncChecker.java:schedule(139)) - Scheduling a check for org.apache.hadoop.ozone.container.common.volume.HddsVolume@391d1e33
2019-10-05 00:46:01,349 [main] INFO  volume.HddsVolumeChecker (HddsVolumeChecker.java:checkAllVolumes(202)) - Scheduled health check for volume org.apache.hadoop.ozone.container.common.volume.HddsVolume@391d1e33
2019-10-05 00:46:01,361 [main] INFO  impl.RaftServerProxy (ConfUtils.java:logGet(43)) - raft.rpc.type = GRPC (default)
2019-10-05 00:46:01,361 [main] INFO  grpc.GrpcFactory (GrpcFactory.java:checkPooledByteBufAllocatorUseCacheForAllThreads(45)) - PERFORMANCE WARNING: useCacheForAllThreads is true that may cause Netty to create a lot garbage objects and, as a result, trigger GC.
	It is recommended to disable useCacheForAllThreads by setting -Dorg.apache.ratis.thirdparty.io.netty.allocator.useCacheForAllThreads=false in command line.
2019-10-05 00:46:01,361 [main] INFO  grpc.GrpcConfigKeys$Server (ConfUtils.java:logGet(43)) - raft.grpc.server.port = 0 (default)
2019-10-05 00:46:01,361 [main] INFO  server.GrpcService (ConfUtils.java:logGet(43)) - raft.grpc.message.size.max = 33570816 (custom)
2019-10-05 00:46:01,362 [main] INFO  server.RaftServerConfigKeys (ConfUtils.java:logGet(43)) - raft.server.log.appender.buffer.byte-limit = 33554432 (custom)
2019-10-05 00:46:01,362 [main] INFO  server.GrpcService (ConfUtils.java:logGet(43)) - raft.grpc.flow.control.window = 1MB (=1048576) (default)
2019-10-05 00:46:01,362 [main] INFO  server.RaftServerConfigKeys (ConfUtils.java:logGet(43)) - raft.server.rpc.request.timeout = 3000ms (default)
2019-10-05 00:46:01,362 [main] INFO  server.RaftServerConfigKeys (ConfUtils.java:logGet(43)) - raft.server.storage.dir = [/workdir/hadoop-ozone/integration-test/target/test-dir/MiniOzoneClusterImpl-b8fb7fba-1d4b-4f50-8dfb-556ab5a2e7b3/datanode-0/data/ratis] (custom)
2019-10-05 00:46:01,364 [main] INFO  hdfs.DFSUtil (DFSUtil.java:httpServerTemplateForNNAndJN(1641)) - Starting Web-server for hddsDatanode at: http://0.0.0.0:0
2019-10-05 00:46:01,365 [main] INFO  server.AuthenticationFilter (AuthenticationFilter.java:constructSecretProvider(240)) - Unable to initialize FileSignerSecretProvider, falling back to use random secrets.
2019-10-05 00:46:01,365 [main] WARN  http.HttpRequestLog (HttpRequestLog.java:getRequestLog(97)) - Jetty request log can only be enabled using Log4j
2019-10-05 00:46:01,366 [main] INFO  http.HttpServer2 (HttpServer2.java:addGlobalFilter(975)) - Added global filter 'safety' (class=org.apache.hadoop.http.HttpServer2$QuotingInputFilter)
2019-10-05 00:46:01,367 [main] INFO  http.HttpServer2 (HttpServer2.java:addFilter(948)) - Added filter static_user_filter (class=org.apache.hadoop.http.lib.StaticUserWebFilter$StaticUserFilter) to context hddsDatanode
2019-10-05 00:46:01,367 [main] INFO  http.HttpServer2 (HttpServer2.java:addFilter(958)) - Added filter static_user_filter (class=org.apache.hadoop.http.lib.StaticUserWebFilter$StaticUserFilter) to context logs
2019-10-05 00:46:01,367 [main] INFO  http.HttpServer2 (HttpServer2.java:addFilter(958)) - Added filter static_user_filter (class=org.apache.hadoop.http.lib.StaticUserWebFilter$StaticUserFilter) to context static
2019-10-05 00:46:01,368 [main] INFO  http.HttpServer2 (HttpServer2.java:bindListener(1191)) - Jetty bound to port 33417
2019-10-05 00:46:01,368 [main] INFO  server.Server (Server.java:doStart(351)) - jetty-9.3.25.v20180904, build timestamp: 2018-09-04T21:11:46Z, git hash: 3ce520221d0240229c862b122d2b06c12a625732
2019-10-05 00:46:01,369 [main] INFO  handler.ContextHandler (ContextHandler.java:doStart(781)) - Started o.e.j.s.ServletContextHandler@48cd319d{/logs,file:///workdir/hadoop-ozone/integration-test/target/log,AVAILABLE}
2019-10-05 00:46:01,370 [main] INFO  handler.ContextHandler (ContextHandler.java:doStart(781)) - Started o.e.j.s.ServletContextHandler@4ef18604{/static,jar:file:/home/user/.m2/repository/org/apache/hadoop/hadoop-hdds-container-service/0.5.0-SNAPSHOT/hadoop-hdds-container-service-0.5.0-SNAPSHOT.jar!/webapps/static,AVAILABLE}
2019-10-05 00:46:01,397 [main] INFO  handler.ContextHandler (ContextHandler.java:doStart(781)) - Started o.e.j.w.WebAppContext@6b2fdffc{/,file:///tmp/jetty-0.0.0.0-33417-hddsDatanode-_-any-1476884595902718281.dir/webapp/,AVAILABLE}{/hddsDatanode}
2019-10-05 00:46:01,398 [main] INFO  server.AbstractConnector (AbstractConnector.java:doStart(278)) - Started ServerConnector@2ca3d826{HTTP/1.1,[http/1.1]}{0.0.0.0:33417}
2019-10-05 00:46:01,399 [main] INFO  server.Server (Server.java:doStart(419)) - Started @233562ms
2019-10-05 00:46:01,399 [main] WARN  impl.MetricsSystemImpl (MetricsSystemImpl.java:register(276)) - Sink prometheus already exists!
2019-10-05 00:46:01,400 [main] INFO  server.BaseHttpServer (BaseHttpServer.java:updateConnectorAddress(215)) - HTTP server of HDDSDATANODE is listening at http://0.0.0.0:33417
2019-10-05 00:46:01,400 [main] INFO  impl.MetricsSystemImpl (MetricsSystemImpl.java:init(158)) - HddsDatanode metrics system started (again)
2019-10-05 00:46:01,404 [org.apache.hadoop.util.JvmPauseMonitor$Monitor@49d43f77] INFO  util.JvmPauseMonitor (JvmPauseMonitor.java:run(188)) - Starting JVM pause monitor
2019-10-05 00:46:01,404 [main] INFO  ozone.HddsDatanodeService (HddsDatanodeService.java:start(184)) - HddsDatanodeService host:pr-hdds-2244-g9zth-2836493377 ip:192.168.157.198
2019-10-05 00:46:01,406 [Datanode State Machine Thread - 0] INFO  datanode.InitDatanodeState (InitDatanodeState.java:persistContainerDatanodeDetails(140)) - DatanodeDetails is persisted to /workdir/hadoop-ozone/integration-test/target/test-dir/MiniOzoneClusterImpl-b8fb7fba-1d4b-4f50-8dfb-556ab5a2e7b3/datanode-0/meta/datanode.id
2019-10-05 00:46:01,410 [main] INFO  volume.HddsVolume (HddsVolume.java:<init>(176)) - Creating Volume: /workdir/hadoop-ozone/integration-test/target/test-dir/MiniOzoneClusterImpl-b8fb7fba-1d4b-4f50-8dfb-556ab5a2e7b3/datanode-1/data/containers/hdds of  storage type : DISK and capacity : 1482555576320
2019-10-05 00:46:01,410 [main] INFO  volume.VolumeSet (VolumeSet.java:initializeVolumeSet(170)) - Added Volume : /workdir/hadoop-ozone/integration-test/target/test-dir/MiniOzoneClusterImpl-b8fb7fba-1d4b-4f50-8dfb-556ab5a2e7b3/datanode-1/data/containers/hdds to VolumeSet
2019-10-05 00:46:01,410 [main] INFO  volume.ThrottledAsyncChecker (ThrottledAsyncChecker.java:schedule(139)) - Scheduling a check for org.apache.hadoop.ozone.container.common.volume.HddsVolume@515ab3f2
2019-10-05 00:46:01,411 [main] INFO  volume.HddsVolumeChecker (HddsVolumeChecker.java:checkAllVolumes(202)) - Scheduled health check for volume org.apache.hadoop.ozone.container.common.volume.HddsVolume@515ab3f2
2019-10-05 00:46:01,422 [main] INFO  impl.RaftServerProxy (ConfUtils.java:logGet(43)) - raft.rpc.type = GRPC (default)
2019-10-05 00:46:01,423 [main] INFO  grpc.GrpcFactory (GrpcFactory.java:checkPooledByteBufAllocatorUseCacheForAllThreads(45)) - PERFORMANCE WARNING: useCacheForAllThreads is true that may cause Netty to create a lot garbage objects and, as a result, trigger GC.
	It is recommended to disable useCacheForAllThreads by setting -Dorg.apache.ratis.thirdparty.io.netty.allocator.useCacheForAllThreads=false in command line.
2019-10-05 00:46:01,423 [main] INFO  grpc.GrpcConfigKeys$Server (ConfUtils.java:logGet(43)) - raft.grpc.server.port = 0 (default)
2019-10-05 00:46:01,423 [main] INFO  server.GrpcService (ConfUtils.java:logGet(43)) - raft.grpc.message.size.max = 33570816 (custom)
2019-10-05 00:46:01,423 [main] INFO  server.RaftServerConfigKeys (ConfUtils.java:logGet(43)) - raft.server.log.appender.buffer.byte-limit = 33554432 (custom)
2019-10-05 00:46:01,423 [main] INFO  server.GrpcService (ConfUtils.java:logGet(43)) - raft.grpc.flow.control.window = 1MB (=1048576) (default)
2019-10-05 00:46:01,424 [main] INFO  server.RaftServerConfigKeys (ConfUtils.java:logGet(43)) - raft.server.rpc.request.timeout = 3000ms (default)
2019-10-05 00:46:01,424 [main] INFO  server.RaftServerConfigKeys (ConfUtils.java:logGet(43)) - raft.server.storage.dir = [/workdir/hadoop-ozone/integration-test/target/test-dir/MiniOzoneClusterImpl-b8fb7fba-1d4b-4f50-8dfb-556ab5a2e7b3/datanode-1/data/ratis] (custom)
2019-10-05 00:46:01,425 [main] INFO  hdfs.DFSUtil (DFSUtil.java:httpServerTemplateForNNAndJN(1641)) - Starting Web-server for hddsDatanode at: http://0.0.0.0:0
2019-10-05 00:46:01,426 [main] INFO  server.AuthenticationFilter (AuthenticationFilter.java:constructSecretProvider(240)) - Unable to initialize FileSignerSecretProvider, falling back to use random secrets.
2019-10-05 00:46:01,426 [main] WARN  http.HttpRequestLog (HttpRequestLog.java:getRequestLog(97)) - Jetty request log can only be enabled using Log4j
2019-10-05 00:46:01,427 [main] INFO  http.HttpServer2 (HttpServer2.java:addGlobalFilter(975)) - Added global filter 'safety' (class=org.apache.hadoop.http.HttpServer2$QuotingInputFilter)
2019-10-05 00:46:01,428 [main] INFO  http.HttpServer2 (HttpServer2.java:addFilter(948)) - Added filter static_user_filter (class=org.apache.hadoop.http.lib.StaticUserWebFilter$StaticUserFilter) to context hddsDatanode
2019-10-05 00:46:01,428 [main] INFO  http.HttpServer2 (HttpServer2.java:addFilter(958)) - Added filter static_user_filter (class=org.apache.hadoop.http.lib.StaticUserWebFilter$StaticUserFilter) to context static
2019-10-05 00:46:01,428 [main] INFO  http.HttpServer2 (HttpServer2.java:addFilter(958)) - Added filter static_user_filter (class=org.apache.hadoop.http.lib.StaticUserWebFilter$StaticUserFilter) to context logs
2019-10-05 00:46:01,429 [main] INFO  http.HttpServer2 (HttpServer2.java:bindListener(1191)) - Jetty bound to port 39230
2019-10-05 00:46:01,429 [main] INFO  server.Server (Server.java:doStart(351)) - jetty-9.3.25.v20180904, build timestamp: 2018-09-04T21:11:46Z, git hash: 3ce520221d0240229c862b122d2b06c12a625732
2019-10-05 00:46:01,430 [main] INFO  handler.ContextHandler (ContextHandler.java:doStart(781)) - Started o.e.j.s.ServletContextHandler@6c951ada{/logs,file:///workdir/hadoop-ozone/integration-test/target/log,AVAILABLE}
2019-10-05 00:46:01,431 [main] INFO  handler.ContextHandler (ContextHandler.java:doStart(781)) - Started o.e.j.s.ServletContextHandler@3b0d3a63{/static,jar:file:/home/user/.m2/repository/org/apache/hadoop/hadoop-hdds-container-service/0.5.0-SNAPSHOT/hadoop-hdds-container-service-0.5.0-SNAPSHOT.jar!/webapps/static,AVAILABLE}
2019-10-05 00:46:01,459 [main] INFO  handler.ContextHandler (ContextHandler.java:doStart(781)) - Started o.e.j.w.WebAppContext@578a5ce8{/,file:///tmp/jetty-0.0.0.0-39230-hddsDatanode-_-any-6420970848984386697.dir/webapp/,AVAILABLE}{/hddsDatanode}
2019-10-05 00:46:01,459 [main] INFO  server.AbstractConnector (AbstractConnector.java:doStart(278)) - Started ServerConnector@7c453c34{HTTP/1.1,[http/1.1]}{0.0.0.0:39230}
2019-10-05 00:46:01,460 [main] INFO  server.Server (Server.java:doStart(419)) - Started @233624ms
2019-10-05 00:46:01,460 [main] WARN  impl.MetricsSystemImpl (MetricsSystemImpl.java:register(276)) - Sink prometheus already exists!
2019-10-05 00:46:01,461 [main] INFO  server.BaseHttpServer (BaseHttpServer.java:updateConnectorAddress(215)) - HTTP server of HDDSDATANODE is listening at http://0.0.0.0:39230
2019-10-05 00:46:01,461 [main] INFO  impl.MetricsSystemImpl (MetricsSystemImpl.java:init(158)) - HddsDatanode metrics system started (again)
2019-10-05 00:46:01,466 [org.apache.hadoop.util.JvmPauseMonitor$Monitor@7ec0a89] INFO  util.JvmPauseMonitor (JvmPauseMonitor.java:run(188)) - Starting JVM pause monitor
2019-10-05 00:46:01,466 [main] INFO  ozone.HddsDatanodeService (HddsDatanodeService.java:start(184)) - HddsDatanodeService host:pr-hdds-2244-g9zth-2836493377 ip:192.168.157.198
2019-10-05 00:46:01,467 [Datanode State Machine Thread - 0] INFO  datanode.InitDatanodeState (InitDatanodeState.java:persistContainerDatanodeDetails(140)) - DatanodeDetails is persisted to /workdir/hadoop-ozone/integration-test/target/test-dir/MiniOzoneClusterImpl-b8fb7fba-1d4b-4f50-8dfb-556ab5a2e7b3/datanode-1/meta/datanode.id
2019-10-05 00:46:01,473 [main] INFO  volume.HddsVolume (HddsVolume.java:<init>(176)) - Creating Volume: /workdir/hadoop-ozone/integration-test/target/test-dir/MiniOzoneClusterImpl-b8fb7fba-1d4b-4f50-8dfb-556ab5a2e7b3/datanode-2/data/containers/hdds of  storage type : DISK and capacity : 1482555576320
2019-10-05 00:46:01,473 [main] INFO  volume.VolumeSet (VolumeSet.java:initializeVolumeSet(170)) - Added Volume : /workdir/hadoop-ozone/integration-test/target/test-dir/MiniOzoneClusterImpl-b8fb7fba-1d4b-4f50-8dfb-556ab5a2e7b3/datanode-2/data/containers/hdds to VolumeSet
2019-10-05 00:46:01,473 [main] INFO  volume.ThrottledAsyncChecker (ThrottledAsyncChecker.java:schedule(139)) - Scheduling a check for org.apache.hadoop.ozone.container.common.volume.HddsVolume@216372b7
2019-10-05 00:46:01,473 [main] INFO  volume.HddsVolumeChecker (HddsVolumeChecker.java:checkAllVolumes(202)) - Scheduled health check for volume org.apache.hadoop.ozone.container.common.volume.HddsVolume@216372b7
2019-10-05 00:46:01,487 [main] INFO  impl.RaftServerProxy (ConfUtils.java:logGet(43)) - raft.rpc.type = GRPC (default)
2019-10-05 00:46:01,487 [main] INFO  grpc.GrpcFactory (GrpcFactory.java:checkPooledByteBufAllocatorUseCacheForAllThreads(45)) - PERFORMANCE WARNING: useCacheForAllThreads is true that may cause Netty to create a lot garbage objects and, as a result, trigger GC.
	It is recommended to disable useCacheForAllThreads by setting -Dorg.apache.ratis.thirdparty.io.netty.allocator.useCacheForAllThreads=false in command line.
2019-10-05 00:46:01,487 [main] INFO  grpc.GrpcConfigKeys$Server (ConfUtils.java:logGet(43)) - raft.grpc.server.port = 0 (default)
2019-10-05 00:46:01,488 [main] INFO  server.GrpcService (ConfUtils.java:logGet(43)) - raft.grpc.message.size.max = 33570816 (custom)
2019-10-05 00:46:01,488 [main] INFO  server.RaftServerConfigKeys (ConfUtils.java:logGet(43)) - raft.server.log.appender.buffer.byte-limit = 33554432 (custom)
2019-10-05 00:46:01,488 [main] INFO  server.GrpcService (ConfUtils.java:logGet(43)) - raft.grpc.flow.control.window = 1MB (=1048576) (default)
2019-10-05 00:46:01,488 [main] INFO  server.RaftServerConfigKeys (ConfUtils.java:logGet(43)) - raft.server.rpc.request.timeout = 3000ms (default)
2019-10-05 00:46:01,488 [main] INFO  server.RaftServerConfigKeys (ConfUtils.java:logGet(43)) - raft.server.storage.dir = [/workdir/hadoop-ozone/integration-test/target/test-dir/MiniOzoneClusterImpl-b8fb7fba-1d4b-4f50-8dfb-556ab5a2e7b3/datanode-2/data/ratis] (custom)
2019-10-05 00:46:01,489 [main] INFO  hdfs.DFSUtil (DFSUtil.java:httpServerTemplateForNNAndJN(1641)) - Starting Web-server for hddsDatanode at: http://0.0.0.0:0
2019-10-05 00:46:01,490 [main] INFO  server.AuthenticationFilter (AuthenticationFilter.java:constructSecretProvider(240)) - Unable to initialize FileSignerSecretProvider, falling back to use random secrets.
2019-10-05 00:46:01,491 [main] WARN  http.HttpRequestLog (HttpRequestLog.java:getRequestLog(97)) - Jetty request log can only be enabled using Log4j
2019-10-05 00:46:01,492 [main] INFO  http.HttpServer2 (HttpServer2.java:addGlobalFilter(975)) - Added global filter 'safety' (class=org.apache.hadoop.http.HttpServer2$QuotingInputFilter)
2019-10-05 00:46:01,492 [main] INFO  http.HttpServer2 (HttpServer2.java:addFilter(948)) - Added filter static_user_filter (class=org.apache.hadoop.http.lib.StaticUserWebFilter$StaticUserFilter) to context hddsDatanode
2019-10-05 00:46:01,492 [main] INFO  http.HttpServer2 (HttpServer2.java:addFilter(958)) - Added filter static_user_filter (class=org.apache.hadoop.http.lib.StaticUserWebFilter$StaticUserFilter) to context static
2019-10-05 00:46:01,493 [main] INFO  http.HttpServer2 (HttpServer2.java:addFilter(958)) - Added filter static_user_filter (class=org.apache.hadoop.http.lib.StaticUserWebFilter$StaticUserFilter) to context logs
2019-10-05 00:46:01,493 [main] INFO  http.HttpServer2 (HttpServer2.java:bindListener(1191)) - Jetty bound to port 33890
2019-10-05 00:46:01,493 [main] INFO  server.Server (Server.java:doStart(351)) - jetty-9.3.25.v20180904, build timestamp: 2018-09-04T21:11:46Z, git hash: 3ce520221d0240229c862b122d2b06c12a625732
2019-10-05 00:46:01,495 [main] INFO  handler.ContextHandler (ContextHandler.java:doStart(781)) - Started o.e.j.s.ServletContextHandler@11e9ac24{/logs,file:///workdir/hadoop-ozone/integration-test/target/log,AVAILABLE}
2019-10-05 00:46:01,495 [main] INFO  handler.ContextHandler (ContextHandler.java:doStart(781)) - Started o.e.j.s.ServletContextHandler@675b18ff{/static,jar:file:/home/user/.m2/repository/org/apache/hadoop/hadoop-hdds-container-service/0.5.0-SNAPSHOT/hadoop-hdds-container-service-0.5.0-SNAPSHOT.jar!/webapps/static,AVAILABLE}
2019-10-05 00:46:01,523 [main] INFO  handler.ContextHandler (ContextHandler.java:doStart(781)) - Started o.e.j.w.WebAppContext@4270b142{/,file:///tmp/jetty-0.0.0.0-33890-hddsDatanode-_-any-5406163106187482848.dir/webapp/,AVAILABLE}{/hddsDatanode}
2019-10-05 00:46:01,523 [main] INFO  server.AbstractConnector (AbstractConnector.java:doStart(278)) - Started ServerConnector@2dfa02c1{HTTP/1.1,[http/1.1]}{0.0.0.0:33890}
2019-10-05 00:46:01,525 [main] INFO  server.Server (Server.java:doStart(419)) - Started @233688ms
2019-10-05 00:46:01,525 [main] WARN  impl.MetricsSystemImpl (MetricsSystemImpl.java:register(276)) - Sink prometheus already exists!
2019-10-05 00:46:01,526 [main] INFO  server.BaseHttpServer (BaseHttpServer.java:updateConnectorAddress(215)) - HTTP server of HDDSDATANODE is listening at http://0.0.0.0:33890
2019-10-05 00:46:01,526 [main] INFO  impl.MetricsSystemImpl (MetricsSystemImpl.java:init(158)) - HddsDatanode metrics system started (again)
2019-10-05 00:46:01,531 [org.apache.hadoop.util.JvmPauseMonitor$Monitor@287f5906] INFO  util.JvmPauseMonitor (JvmPauseMonitor.java:run(188)) - Starting JVM pause monitor
2019-10-05 00:46:01,531 [main] INFO  ozone.HddsDatanodeService (HddsDatanodeService.java:start(184)) - HddsDatanodeService host:pr-hdds-2244-g9zth-2836493377 ip:192.168.157.198
2019-10-05 00:46:01,532 [Datanode State Machine Thread - 0] INFO  datanode.InitDatanodeState (InitDatanodeState.java:persistContainerDatanodeDetails(140)) - DatanodeDetails is persisted to /workdir/hadoop-ozone/integration-test/target/test-dir/MiniOzoneClusterImpl-b8fb7fba-1d4b-4f50-8dfb-556ab5a2e7b3/datanode-2/meta/datanode.id
2019-10-05 00:46:01,538 [main] INFO  volume.HddsVolume (HddsVolume.java:<init>(176)) - Creating Volume: /workdir/hadoop-ozone/integration-test/target/test-dir/MiniOzoneClusterImpl-b8fb7fba-1d4b-4f50-8dfb-556ab5a2e7b3/datanode-3/data/containers/hdds of  storage type : DISK and capacity : 1482555576320
2019-10-05 00:46:01,538 [main] INFO  volume.VolumeSet (VolumeSet.java:initializeVolumeSet(170)) - Added Volume : /workdir/hadoop-ozone/integration-test/target/test-dir/MiniOzoneClusterImpl-b8fb7fba-1d4b-4f50-8dfb-556ab5a2e7b3/datanode-3/data/containers/hdds to VolumeSet
2019-10-05 00:46:01,539 [main] INFO  volume.ThrottledAsyncChecker (ThrottledAsyncChecker.java:schedule(139)) - Scheduling a check for org.apache.hadoop.ozone.container.common.volume.HddsVolume@62a6674f
2019-10-05 00:46:01,539 [main] INFO  volume.HddsVolumeChecker (HddsVolumeChecker.java:checkAllVolumes(202)) - Scheduled health check for volume org.apache.hadoop.ozone.container.common.volume.HddsVolume@62a6674f
2019-10-05 00:46:01,553 [main] INFO  impl.RaftServerProxy (ConfUtils.java:logGet(43)) - raft.rpc.type = GRPC (default)
2019-10-05 00:46:01,553 [main] INFO  grpc.GrpcFactory (GrpcFactory.java:checkPooledByteBufAllocatorUseCacheForAllThreads(45)) - PERFORMANCE WARNING: useCacheForAllThreads is true that may cause Netty to create a lot garbage objects and, as a result, trigger GC.
	It is recommended to disable useCacheForAllThreads by setting -Dorg.apache.ratis.thirdparty.io.netty.allocator.useCacheForAllThreads=false in command line.
2019-10-05 00:46:01,553 [main] INFO  grpc.GrpcConfigKeys$Server (ConfUtils.java:logGet(43)) - raft.grpc.server.port = 0 (default)
2019-10-05 00:46:01,553 [main] INFO  server.GrpcService (ConfUtils.java:logGet(43)) - raft.grpc.message.size.max = 33570816 (custom)
2019-10-05 00:46:01,553 [main] INFO  server.RaftServerConfigKeys (ConfUtils.java:logGet(43)) - raft.server.log.appender.buffer.byte-limit = 33554432 (custom)
2019-10-05 00:46:01,553 [main] INFO  server.GrpcService (ConfUtils.java:logGet(43)) - raft.grpc.flow.control.window = 1MB (=1048576) (default)
2019-10-05 00:46:01,554 [main] INFO  server.RaftServerConfigKeys (ConfUtils.java:logGet(43)) - raft.server.rpc.request.timeout = 3000ms (default)
2019-10-05 00:46:01,554 [main] INFO  server.RaftServerConfigKeys (ConfUtils.java:logGet(43)) - raft.server.storage.dir = [/workdir/hadoop-ozone/integration-test/target/test-dir/MiniOzoneClusterImpl-b8fb7fba-1d4b-4f50-8dfb-556ab5a2e7b3/datanode-3/data/ratis] (custom)
2019-10-05 00:46:01,555 [main] INFO  hdfs.DFSUtil (DFSUtil.java:httpServerTemplateForNNAndJN(1641)) - Starting Web-server for hddsDatanode at: http://0.0.0.0:0
2019-10-05 00:46:01,556 [main] INFO  server.AuthenticationFilter (AuthenticationFilter.java:constructSecretProvider(240)) - Unable to initialize FileSignerSecretProvider, falling back to use random secrets.
2019-10-05 00:46:01,556 [main] WARN  http.HttpRequestLog (HttpRequestLog.java:getRequestLog(97)) - Jetty request log can only be enabled using Log4j
2019-10-05 00:46:01,558 [main] INFO  http.HttpServer2 (HttpServer2.java:addGlobalFilter(975)) - Added global filter 'safety' (class=org.apache.hadoop.http.HttpServer2$QuotingInputFilter)
2019-10-05 00:46:01,558 [main] INFO  http.HttpServer2 (HttpServer2.java:addFilter(948)) - Added filter static_user_filter (class=org.apache.hadoop.http.lib.StaticUserWebFilter$StaticUserFilter) to context hddsDatanode
2019-10-05 00:46:01,558 [main] INFO  http.HttpServer2 (HttpServer2.java:addFilter(958)) - Added filter static_user_filter (class=org.apache.hadoop.http.lib.StaticUserWebFilter$StaticUserFilter) to context logs
2019-10-05 00:46:01,558 [main] INFO  http.HttpServer2 (HttpServer2.java:addFilter(958)) - Added filter static_user_filter (class=org.apache.hadoop.http.lib.StaticUserWebFilter$StaticUserFilter) to context static
2019-10-05 00:46:01,559 [main] INFO  http.HttpServer2 (HttpServer2.java:bindListener(1191)) - Jetty bound to port 40914
2019-10-05 00:46:01,559 [main] INFO  server.Server (Server.java:doStart(351)) - jetty-9.3.25.v20180904, build timestamp: 2018-09-04T21:11:46Z, git hash: 3ce520221d0240229c862b122d2b06c12a625732
2019-10-05 00:46:01,561 [main] INFO  handler.ContextHandler (ContextHandler.java:doStart(781)) - Started o.e.j.s.ServletContextHandler@52354202{/logs,file:///workdir/hadoop-ozone/integration-test/target/log,AVAILABLE}
2019-10-05 00:46:01,561 [main] INFO  handler.ContextHandler (ContextHandler.java:doStart(781)) - Started o.e.j.s.ServletContextHandler@342ee097{/static,jar:file:/home/user/.m2/repository/org/apache/hadoop/hadoop-hdds-container-service/0.5.0-SNAPSHOT/hadoop-hdds-container-service-0.5.0-SNAPSHOT.jar!/webapps/static,AVAILABLE}
2019-10-05 00:46:01,589 [main] INFO  handler.ContextHandler (ContextHandler.java:doStart(781)) - Started o.e.j.w.WebAppContext@28d739f1{/,file:///tmp/jetty-0.0.0.0-40914-hddsDatanode-_-any-5706499887027228886.dir/webapp/,AVAILABLE}{/hddsDatanode}
2019-10-05 00:46:01,589 [main] INFO  server.AbstractConnector (AbstractConnector.java:doStart(278)) - Started ServerConnector@1c5d3a37{HTTP/1.1,[http/1.1]}{0.0.0.0:40914}
2019-10-05 00:46:01,591 [main] INFO  server.Server (Server.java:doStart(419)) - Started @233754ms
2019-10-05 00:46:01,591 [main] WARN  impl.MetricsSystemImpl (MetricsSystemImpl.java:register(276)) - Sink prometheus already exists!
2019-10-05 00:46:01,592 [main] INFO  server.BaseHttpServer (BaseHttpServer.java:updateConnectorAddress(215)) - HTTP server of HDDSDATANODE is listening at http://0.0.0.0:40914
2019-10-05 00:46:01,592 [main] INFO  impl.MetricsSystemImpl (MetricsSystemImpl.java:init(158)) - HddsDatanode metrics system started (again)
2019-10-05 00:46:01,598 [org.apache.hadoop.util.JvmPauseMonitor$Monitor@30048185] INFO  util.JvmPauseMonitor (JvmPauseMonitor.java:run(188)) - Starting JVM pause monitor
2019-10-05 00:46:01,599 [main] INFO  ozone.HddsDatanodeService (HddsDatanodeService.java:start(184)) - HddsDatanodeService host:pr-hdds-2244-g9zth-2836493377 ip:192.168.157.198
2019-10-05 00:46:01,599 [Datanode State Machine Thread - 0] INFO  datanode.InitDatanodeState (InitDatanodeState.java:persistContainerDatanodeDetails(140)) - DatanodeDetails is persisted to /workdir/hadoop-ozone/integration-test/target/test-dir/MiniOzoneClusterImpl-b8fb7fba-1d4b-4f50-8dfb-556ab5a2e7b3/datanode-3/meta/datanode.id
2019-10-05 00:46:01,605 [main] INFO  volume.HddsVolume (HddsVolume.java:<init>(176)) - Creating Volume: /workdir/hadoop-ozone/integration-test/target/test-dir/MiniOzoneClusterImpl-b8fb7fba-1d4b-4f50-8dfb-556ab5a2e7b3/datanode-4/data/containers/hdds of  storage type : DISK and capacity : 1482555576320
2019-10-05 00:46:01,606 [main] INFO  volume.VolumeSet (VolumeSet.java:initializeVolumeSet(170)) - Added Volume : /workdir/hadoop-ozone/integration-test/target/test-dir/MiniOzoneClusterImpl-b8fb7fba-1d4b-4f50-8dfb-556ab5a2e7b3/datanode-4/data/containers/hdds to VolumeSet
2019-10-05 00:46:01,606 [main] INFO  volume.ThrottledAsyncChecker (ThrottledAsyncChecker.java:schedule(139)) - Scheduling a check for org.apache.hadoop.ozone.container.common.volume.HddsVolume@6889f56f
2019-10-05 00:46:01,606 [main] INFO  volume.HddsVolumeChecker (HddsVolumeChecker.java:checkAllVolumes(202)) - Scheduled health check for volume org.apache.hadoop.ozone.container.common.volume.HddsVolume@6889f56f
2019-10-05 00:46:01,622 [main] INFO  impl.RaftServerProxy (ConfUtils.java:logGet(43)) - raft.rpc.type = GRPC (default)
2019-10-05 00:46:01,622 [main] INFO  grpc.GrpcFactory (GrpcFactory.java:checkPooledByteBufAllocatorUseCacheForAllThreads(45)) - PERFORMANCE WARNING: useCacheForAllThreads is true that may cause Netty to create a lot garbage objects and, as a result, trigger GC.
	It is recommended to disable useCacheForAllThreads by setting -Dorg.apache.ratis.thirdparty.io.netty.allocator.useCacheForAllThreads=false in command line.
2019-10-05 00:46:01,622 [main] INFO  grpc.GrpcConfigKeys$Server (ConfUtils.java:logGet(43)) - raft.grpc.server.port = 0 (default)
2019-10-05 00:46:01,622 [main] INFO  server.GrpcService (ConfUtils.java:logGet(43)) - raft.grpc.message.size.max = 33570816 (custom)
2019-10-05 00:46:01,623 [main] INFO  server.RaftServerConfigKeys (ConfUtils.java:logGet(43)) - raft.server.log.appender.buffer.byte-limit = 33554432 (custom)
2019-10-05 00:46:01,623 [main] INFO  server.GrpcService (ConfUtils.java:logGet(43)) - raft.grpc.flow.control.window = 1MB (=1048576) (default)
2019-10-05 00:46:01,623 [main] INFO  server.RaftServerConfigKeys (ConfUtils.java:logGet(43)) - raft.server.rpc.request.timeout = 3000ms (default)
2019-10-05 00:46:01,623 [main] INFO  server.RaftServerConfigKeys (ConfUtils.java:logGet(43)) - raft.server.storage.dir = [/workdir/hadoop-ozone/integration-test/target/test-dir/MiniOzoneClusterImpl-b8fb7fba-1d4b-4f50-8dfb-556ab5a2e7b3/datanode-4/data/ratis] (custom)
2019-10-05 00:46:01,625 [main] INFO  hdfs.DFSUtil (DFSUtil.java:httpServerTemplateForNNAndJN(1641)) - Starting Web-server for hddsDatanode at: http://0.0.0.0:0
2019-10-05 00:46:01,626 [main] INFO  server.AuthenticationFilter (AuthenticationFilter.java:constructSecretProvider(240)) - Unable to initialize FileSignerSecretProvider, falling back to use random secrets.
2019-10-05 00:46:01,626 [main] WARN  http.HttpRequestLog (HttpRequestLog.java:getRequestLog(97)) - Jetty request log can only be enabled using Log4j
2019-10-05 00:46:01,628 [main] INFO  http.HttpServer2 (HttpServer2.java:addGlobalFilter(975)) - Added global filter 'safety' (class=org.apache.hadoop.http.HttpServer2$QuotingInputFilter)
2019-10-05 00:46:01,628 [main] INFO  http.HttpServer2 (HttpServer2.java:addFilter(948)) - Added filter static_user_filter (class=org.apache.hadoop.http.lib.StaticUserWebFilter$StaticUserFilter) to context hddsDatanode
2019-10-05 00:46:01,628 [main] INFO  http.HttpServer2 (HttpServer2.java:addFilter(958)) - Added filter static_user_filter (class=org.apache.hadoop.http.lib.StaticUserWebFilter$StaticUserFilter) to context logs
2019-10-05 00:46:01,628 [main] INFO  http.HttpServer2 (HttpServer2.java:addFilter(958)) - Added filter static_user_filter (class=org.apache.hadoop.http.lib.StaticUserWebFilter$StaticUserFilter) to context static
2019-10-05 00:46:01,629 [main] INFO  http.HttpServer2 (HttpServer2.java:bindListener(1191)) - Jetty bound to port 32970
2019-10-05 00:46:01,629 [main] INFO  server.Server (Server.java:doStart(351)) - jetty-9.3.25.v20180904, build timestamp: 2018-09-04T21:11:46Z, git hash: 3ce520221d0240229c862b122d2b06c12a625732
2019-10-05 00:46:01,631 [main] INFO  handler.ContextHandler (ContextHandler.java:doStart(781)) - Started o.e.j.s.ServletContextHandler@5d850a25{/logs,file:///workdir/hadoop-ozone/integration-test/target/log,AVAILABLE}
2019-10-05 00:46:01,631 [main] INFO  handler.ContextHandler (ContextHandler.java:doStart(781)) - Started o.e.j.s.ServletContextHandler@3e14d390{/static,jar:file:/home/user/.m2/repository/org/apache/hadoop/hadoop-hdds-container-service/0.5.0-SNAPSHOT/hadoop-hdds-container-service-0.5.0-SNAPSHOT.jar!/webapps/static,AVAILABLE}
2019-10-05 00:46:01,659 [main] INFO  handler.ContextHandler (ContextHandler.java:doStart(781)) - Started o.e.j.w.WebAppContext@4137aab0{/,file:///tmp/jetty-0.0.0.0-32970-hddsDatanode-_-any-7289191045560127782.dir/webapp/,AVAILABLE}{/hddsDatanode}
2019-10-05 00:46:01,659 [main] INFO  server.AbstractConnector (AbstractConnector.java:doStart(278)) - Started ServerConnector@1df9186f{HTTP/1.1,[http/1.1]}{0.0.0.0:32970}
2019-10-05 00:46:01,661 [main] INFO  server.Server (Server.java:doStart(419)) - Started @233824ms
2019-10-05 00:46:01,661 [main] WARN  impl.MetricsSystemImpl (MetricsSystemImpl.java:register(276)) - Sink prometheus already exists!
2019-10-05 00:46:01,662 [main] INFO  server.BaseHttpServer (BaseHttpServer.java:updateConnectorAddress(215)) - HTTP server of HDDSDATANODE is listening at http://0.0.0.0:32970
2019-10-05 00:46:01,662 [main] INFO  impl.MetricsSystemImpl (MetricsSystemImpl.java:init(158)) - HddsDatanode metrics system started (again)
2019-10-05 00:46:01,668 [org.apache.hadoop.util.JvmPauseMonitor$Monitor@40259b75] INFO  util.JvmPauseMonitor (JvmPauseMonitor.java:run(188)) - Starting JVM pause monitor
2019-10-05 00:46:01,668 [main] INFO  ozone.HddsDatanodeService (HddsDatanodeService.java:start(184)) - HddsDatanodeService host:pr-hdds-2244-g9zth-2836493377 ip:192.168.157.198
2019-10-05 00:46:01,669 [Datanode State Machine Thread - 0] INFO  datanode.InitDatanodeState (InitDatanodeState.java:persistContainerDatanodeDetails(140)) - DatanodeDetails is persisted to /workdir/hadoop-ozone/integration-test/target/test-dir/MiniOzoneClusterImpl-b8fb7fba-1d4b-4f50-8dfb-556ab5a2e7b3/datanode-4/meta/datanode.id
2019-10-05 00:46:01,675 [main] INFO  volume.HddsVolume (HddsVolume.java:<init>(176)) - Creating Volume: /workdir/hadoop-ozone/integration-test/target/test-dir/MiniOzoneClusterImpl-b8fb7fba-1d4b-4f50-8dfb-556ab5a2e7b3/datanode-5/data/containers/hdds of  storage type : DISK and capacity : 1482555576320
2019-10-05 00:46:01,676 [main] INFO  volume.VolumeSet (VolumeSet.java:initializeVolumeSet(170)) - Added Volume : /workdir/hadoop-ozone/integration-test/target/test-dir/MiniOzoneClusterImpl-b8fb7fba-1d4b-4f50-8dfb-556ab5a2e7b3/datanode-5/data/containers/hdds to VolumeSet
2019-10-05 00:46:01,676 [main] INFO  volume.ThrottledAsyncChecker (ThrottledAsyncChecker.java:schedule(139)) - Scheduling a check for org.apache.hadoop.ozone.container.common.volume.HddsVolume@21e5f0b6
2019-10-05 00:46:01,676 [main] INFO  volume.HddsVolumeChecker (HddsVolumeChecker.java:checkAllVolumes(202)) - Scheduled health check for volume org.apache.hadoop.ozone.container.common.volume.HddsVolume@21e5f0b6
2019-10-05 00:46:01,689 [main] INFO  impl.RaftServerProxy (ConfUtils.java:logGet(43)) - raft.rpc.type = GRPC (default)
2019-10-05 00:46:01,689 [main] INFO  grpc.GrpcFactory (GrpcFactory.java:checkPooledByteBufAllocatorUseCacheForAllThreads(45)) - PERFORMANCE WARNING: useCacheForAllThreads is true that may cause Netty to create a lot garbage objects and, as a result, trigger GC.
	It is recommended to disable useCacheForAllThreads by setting -Dorg.apache.ratis.thirdparty.io.netty.allocator.useCacheForAllThreads=false in command line.
2019-10-05 00:46:01,689 [main] INFO  grpc.GrpcConfigKeys$Server (ConfUtils.java:logGet(43)) - raft.grpc.server.port = 0 (default)
2019-10-05 00:46:01,689 [main] INFO  server.GrpcService (ConfUtils.java:logGet(43)) - raft.grpc.message.size.max = 33570816 (custom)
2019-10-05 00:46:01,689 [main] INFO  server.RaftServerConfigKeys (ConfUtils.java:logGet(43)) - raft.server.log.appender.buffer.byte-limit = 33554432 (custom)
2019-10-05 00:46:01,690 [main] INFO  server.GrpcService (ConfUtils.java:logGet(43)) - raft.grpc.flow.control.window = 1MB (=1048576) (default)
2019-10-05 00:46:01,690 [main] INFO  server.RaftServerConfigKeys (ConfUtils.java:logGet(43)) - raft.server.rpc.request.timeout = 3000ms (default)
2019-10-05 00:46:01,690 [main] INFO  server.RaftServerConfigKeys (ConfUtils.java:logGet(43)) - raft.server.storage.dir = [/workdir/hadoop-ozone/integration-test/target/test-dir/MiniOzoneClusterImpl-b8fb7fba-1d4b-4f50-8dfb-556ab5a2e7b3/datanode-5/data/ratis] (custom)
2019-10-05 00:46:01,691 [main] INFO  hdfs.DFSUtil (DFSUtil.java:httpServerTemplateForNNAndJN(1641)) - Starting Web-server for hddsDatanode at: http://0.0.0.0:0
2019-10-05 00:46:01,692 [main] INFO  server.AuthenticationFilter (AuthenticationFilter.java:constructSecretProvider(240)) - Unable to initialize FileSignerSecretProvider, falling back to use random secrets.
2019-10-05 00:46:01,693 [main] WARN  http.HttpRequestLog (HttpRequestLog.java:getRequestLog(97)) - Jetty request log can only be enabled using Log4j
2019-10-05 00:46:01,694 [main] INFO  http.HttpServer2 (HttpServer2.java:addGlobalFilter(975)) - Added global filter 'safety' (class=org.apache.hadoop.http.HttpServer2$QuotingInputFilter)
2019-10-05 00:46:01,694 [main] INFO  http.HttpServer2 (HttpServer2.java:addFilter(948)) - Added filter static_user_filter (class=org.apache.hadoop.http.lib.StaticUserWebFilter$StaticUserFilter) to context hddsDatanode
2019-10-05 00:46:01,694 [main] INFO  http.HttpServer2 (HttpServer2.java:addFilter(958)) - Added filter static_user_filter (class=org.apache.hadoop.http.lib.StaticUserWebFilter$StaticUserFilter) to context logs
2019-10-05 00:46:01,694 [main] INFO  http.HttpServer2 (HttpServer2.java:addFilter(958)) - Added filter static_user_filter (class=org.apache.hadoop.http.lib.StaticUserWebFilter$StaticUserFilter) to context static
2019-10-05 00:46:01,695 [main] INFO  http.HttpServer2 (HttpServer2.java:bindListener(1191)) - Jetty bound to port 33315
2019-10-05 00:46:01,695 [main] INFO  server.Server (Server.java:doStart(351)) - jetty-9.3.25.v20180904, build timestamp: 2018-09-04T21:11:46Z, git hash: 3ce520221d0240229c862b122d2b06c12a625732
2019-10-05 00:46:01,697 [main] INFO  handler.ContextHandler (ContextHandler.java:doStart(781)) - Started o.e.j.s.ServletContextHandler@52f8a6f4{/logs,file:///workdir/hadoop-ozone/integration-test/target/log,AVAILABLE}
2019-10-05 00:46:01,697 [main] INFO  handler.ContextHandler (ContextHandler.java:doStart(781)) - Started o.e.j.s.ServletContextHandler@6486fe7b{/static,jar:file:/home/user/.m2/repository/org/apache/hadoop/hadoop-hdds-container-service/0.5.0-SNAPSHOT/hadoop-hdds-container-service-0.5.0-SNAPSHOT.jar!/webapps/static,AVAILABLE}
2019-10-05 00:46:01,725 [main] INFO  handler.ContextHandler (ContextHandler.java:doStart(781)) - Started o.e.j.w.WebAppContext@7a64cb0c{/,file:///tmp/jetty-0.0.0.0-33315-hddsDatanode-_-any-3367147575803403353.dir/webapp/,AVAILABLE}{/hddsDatanode}
2019-10-05 00:46:01,725 [main] INFO  server.AbstractConnector (AbstractConnector.java:doStart(278)) - Started ServerConnector@785ed99c{HTTP/1.1,[http/1.1]}{0.0.0.0:33315}
2019-10-05 00:46:01,727 [main] INFO  server.Server (Server.java:doStart(419)) - Started @233890ms
2019-10-05 00:46:01,727 [main] WARN  impl.MetricsSystemImpl (MetricsSystemImpl.java:register(276)) - Sink prometheus already exists!
2019-10-05 00:46:01,728 [main] INFO  server.BaseHttpServer (BaseHttpServer.java:updateConnectorAddress(215)) - HTTP server of HDDSDATANODE is listening at http://0.0.0.0:33315
2019-10-05 00:46:01,728 [main] INFO  impl.MetricsSystemImpl (MetricsSystemImpl.java:init(158)) - HddsDatanode metrics system started (again)
2019-10-05 00:46:01,733 [org.apache.hadoop.util.JvmPauseMonitor$Monitor@1b3b2f36] INFO  util.JvmPauseMonitor (JvmPauseMonitor.java:run(188)) - Starting JVM pause monitor
2019-10-05 00:46:01,734 [main] INFO  ozone.HddsDatanodeService (HddsDatanodeService.java:start(184)) - HddsDatanodeService host:pr-hdds-2244-g9zth-2836493377 ip:192.168.157.198
2019-10-05 00:46:01,735 [Datanode State Machine Thread - 0] INFO  datanode.InitDatanodeState (InitDatanodeState.java:persistContainerDatanodeDetails(140)) - DatanodeDetails is persisted to /workdir/hadoop-ozone/integration-test/target/test-dir/MiniOzoneClusterImpl-b8fb7fba-1d4b-4f50-8dfb-556ab5a2e7b3/datanode-5/meta/datanode.id
2019-10-05 00:46:01,741 [main] INFO  volume.HddsVolume (HddsVolume.java:<init>(176)) - Creating Volume: /workdir/hadoop-ozone/integration-test/target/test-dir/MiniOzoneClusterImpl-b8fb7fba-1d4b-4f50-8dfb-556ab5a2e7b3/datanode-6/data/containers/hdds of  storage type : DISK and capacity : 1482555576320
2019-10-05 00:46:01,741 [main] INFO  volume.VolumeSet (VolumeSet.java:initializeVolumeSet(170)) - Added Volume : /workdir/hadoop-ozone/integration-test/target/test-dir/MiniOzoneClusterImpl-b8fb7fba-1d4b-4f50-8dfb-556ab5a2e7b3/datanode-6/data/containers/hdds to VolumeSet
2019-10-05 00:46:01,741 [main] INFO  volume.ThrottledAsyncChecker (ThrottledAsyncChecker.java:schedule(139)) - Scheduling a check for org.apache.hadoop.ozone.container.common.volume.HddsVolume@32ab408e
2019-10-05 00:46:01,741 [main] INFO  volume.HddsVolumeChecker (HddsVolumeChecker.java:checkAllVolumes(202)) - Scheduled health check for volume org.apache.hadoop.ozone.container.common.volume.HddsVolume@32ab408e
2019-10-05 00:46:01,754 [main] INFO  impl.RaftServerProxy (ConfUtils.java:logGet(43)) - raft.rpc.type = GRPC (default)
2019-10-05 00:46:01,754 [main] INFO  grpc.GrpcFactory (GrpcFactory.java:checkPooledByteBufAllocatorUseCacheForAllThreads(45)) - PERFORMANCE WARNING: useCacheForAllThreads is true that may cause Netty to create a lot garbage objects and, as a result, trigger GC.
	It is recommended to disable useCacheForAllThreads by setting -Dorg.apache.ratis.thirdparty.io.netty.allocator.useCacheForAllThreads=false in command line.
2019-10-05 00:46:01,754 [main] INFO  grpc.GrpcConfigKeys$Server (ConfUtils.java:logGet(43)) - raft.grpc.server.port = 0 (default)
2019-10-05 00:46:01,755 [main] INFO  server.GrpcService (ConfUtils.java:logGet(43)) - raft.grpc.message.size.max = 33570816 (custom)
2019-10-05 00:46:01,755 [main] INFO  server.RaftServerConfigKeys (ConfUtils.java:logGet(43)) - raft.server.log.appender.buffer.byte-limit = 33554432 (custom)
2019-10-05 00:46:01,755 [main] INFO  server.GrpcService (ConfUtils.java:logGet(43)) - raft.grpc.flow.control.window = 1MB (=1048576) (default)
2019-10-05 00:46:01,755 [main] INFO  server.RaftServerConfigKeys (ConfUtils.java:logGet(43)) - raft.server.rpc.request.timeout = 3000ms (default)
2019-10-05 00:46:01,756 [main] INFO  server.RaftServerConfigKeys (ConfUtils.java:logGet(43)) - raft.server.storage.dir = [/workdir/hadoop-ozone/integration-test/target/test-dir/MiniOzoneClusterImpl-b8fb7fba-1d4b-4f50-8dfb-556ab5a2e7b3/datanode-6/data/ratis] (custom)
2019-10-05 00:46:01,757 [main] INFO  hdfs.DFSUtil (DFSUtil.java:httpServerTemplateForNNAndJN(1641)) - Starting Web-server for hddsDatanode at: http://0.0.0.0:0
2019-10-05 00:46:01,758 [main] INFO  server.AuthenticationFilter (AuthenticationFilter.java:constructSecretProvider(240)) - Unable to initialize FileSignerSecretProvider, falling back to use random secrets.
2019-10-05 00:46:01,758 [main] WARN  http.HttpRequestLog (HttpRequestLog.java:getRequestLog(97)) - Jetty request log can only be enabled using Log4j
2019-10-05 00:46:01,759 [main] INFO  http.HttpServer2 (HttpServer2.java:addGlobalFilter(975)) - Added global filter 'safety' (class=org.apache.hadoop.http.HttpServer2$QuotingInputFilter)
2019-10-05 00:46:01,760 [main] INFO  http.HttpServer2 (HttpServer2.java:addFilter(948)) - Added filter static_user_filter (class=org.apache.hadoop.http.lib.StaticUserWebFilter$StaticUserFilter) to context hddsDatanode
2019-10-05 00:46:01,760 [main] INFO  http.HttpServer2 (HttpServer2.java:addFilter(958)) - Added filter static_user_filter (class=org.apache.hadoop.http.lib.StaticUserWebFilter$StaticUserFilter) to context static
2019-10-05 00:46:01,760 [main] INFO  http.HttpServer2 (HttpServer2.java:addFilter(958)) - Added filter static_user_filter (class=org.apache.hadoop.http.lib.StaticUserWebFilter$StaticUserFilter) to context logs
2019-10-05 00:46:01,760 [main] INFO  http.HttpServer2 (HttpServer2.java:bindListener(1191)) - Jetty bound to port 35176
2019-10-05 00:46:01,760 [main] INFO  server.Server (Server.java:doStart(351)) - jetty-9.3.25.v20180904, build timestamp: 2018-09-04T21:11:46Z, git hash: 3ce520221d0240229c862b122d2b06c12a625732
2019-10-05 00:46:01,762 [main] INFO  handler.ContextHandler (ContextHandler.java:doStart(781)) - Started o.e.j.s.ServletContextHandler@2d130ac4{/logs,file:///workdir/hadoop-ozone/integration-test/target/log,AVAILABLE}
2019-10-05 00:46:01,762 [main] INFO  handler.ContextHandler (ContextHandler.java:doStart(781)) - Started o.e.j.s.ServletContextHandler@194012a2{/static,jar:file:/home/user/.m2/repository/org/apache/hadoop/hadoop-hdds-container-service/0.5.0-SNAPSHOT/hadoop-hdds-container-service-0.5.0-SNAPSHOT.jar!/webapps/static,AVAILABLE}
2019-10-05 00:46:01,787 [main] INFO  handler.ContextHandler (ContextHandler.java:doStart(781)) - Started o.e.j.w.WebAppContext@6fbf5db2{/,file:///tmp/jetty-0.0.0.0-35176-hddsDatanode-_-any-3847315937660025.dir/webapp/,AVAILABLE}{/hddsDatanode}
2019-10-05 00:46:01,788 [main] INFO  server.AbstractConnector (AbstractConnector.java:doStart(278)) - Started ServerConnector@509a6095{HTTP/1.1,[http/1.1]}{0.0.0.0:35176}
2019-10-05 00:46:01,790 [main] INFO  server.Server (Server.java:doStart(419)) - Started @233953ms
2019-10-05 00:46:01,790 [main] WARN  impl.MetricsSystemImpl (MetricsSystemImpl.java:register(276)) - Sink prometheus already exists!
2019-10-05 00:46:01,790 [main] INFO  server.BaseHttpServer (BaseHttpServer.java:updateConnectorAddress(215)) - HTTP server of HDDSDATANODE is listening at http://0.0.0.0:35176
2019-10-05 00:46:01,791 [main] INFO  ozone.MiniOzoneClusterImpl (MiniOzoneClusterImpl.java:lambda$waitForClusterToBeReady$0(147)) - Waiting for cluster to be ready. Got 0 of 7 DN Heartbeats.
2019-10-05 00:46:01,792 [org.apache.hadoop.util.JvmPauseMonitor$Monitor@6f694a4b] INFO  util.JvmPauseMonitor (JvmPauseMonitor.java:run(188)) - Starting JVM pause monitor
2019-10-05 00:46:01,793 [Datanode State Machine Thread - 0] INFO  datanode.InitDatanodeState (InitDatanodeState.java:persistContainerDatanodeDetails(140)) - DatanodeDetails is persisted to /workdir/hadoop-ozone/integration-test/target/test-dir/MiniOzoneClusterImpl-b8fb7fba-1d4b-4f50-8dfb-556ab5a2e7b3/datanode-6/meta/datanode.id
2019-10-05 00:46:02,791 [main] INFO  ozone.MiniOzoneClusterImpl (MiniOzoneClusterImpl.java:lambda$waitForClusterToBeReady$0(147)) - Waiting for cluster to be ready. Got 0 of 7 DN Heartbeats.
2019-10-05 00:46:03,452 [Datanode State Machine Thread - 0] INFO  ozoneimpl.OzoneContainer (OzoneContainer.java:start(217)) - Attempting to start container services.
2019-10-05 00:46:03,452 [Datanode State Machine Thread - 0] INFO  ozoneimpl.OzoneContainer (OzoneContainer.java:startContainerScrub(179)) - Background container scanner has been disabled.
2019-10-05 00:46:03,452 [Datanode State Machine Thread - 0] INFO  ratis.XceiverServerRatis (XceiverServerRatis.java:start(417)) - Starting XceiverServerRatis 4223cdcf-b6b8-44ba-8e2a-30085cda3eb1 at port 0
2019-10-05 00:46:03,459 [Datanode State Machine Thread - 0] INFO  impl.RaftServerProxy (RaftServerProxy.java:lambda$start$3(299)) - 4223cdcf-b6b8-44ba-8e2a-30085cda3eb1: start RPC server
2019-10-05 00:46:03,461 [Datanode State Machine Thread - 0] INFO  server.GrpcService (GrpcService.java:startImpl(158)) - 4223cdcf-b6b8-44ba-8e2a-30085cda3eb1: GrpcService started, listening on 0.0.0.0/0.0.0.0:39590
2019-10-05 00:46:03,461 [Datanode State Machine Thread - 0] INFO  ratis.XceiverServerRatis (XceiverServerRatis.java:start(427)) - XceiverServerRatis 4223cdcf-b6b8-44ba-8e2a-30085cda3eb1 is started using port 39590
2019-10-05 00:46:03,462 [Datanode State Machine Thread - 0] INFO  server.XceiverServerGrpc (XceiverServerGrpc.java:start(149)) - XceiverServerGrpc 4223cdcf-b6b8-44ba-8e2a-30085cda3eb1 is started using port 33442
2019-10-05 00:46:03,483 [Datanode State Machine Thread - 0] INFO  ozoneimpl.OzoneContainer (OzoneContainer.java:start(217)) - Attempting to start container services.
2019-10-05 00:46:03,483 [Datanode State Machine Thread - 0] INFO  ozoneimpl.OzoneContainer (OzoneContainer.java:startContainerScrub(179)) - Background container scanner has been disabled.
2019-10-05 00:46:03,483 [Datanode State Machine Thread - 0] INFO  ratis.XceiverServerRatis (XceiverServerRatis.java:start(417)) - Starting XceiverServerRatis a6356d4d-38b2-40a5-96a9-f62f0814d40d at port 0
2019-10-05 00:46:03,490 [Datanode State Machine Thread - 0] INFO  impl.RaftServerProxy (RaftServerProxy.java:lambda$start$3(299)) - a6356d4d-38b2-40a5-96a9-f62f0814d40d: start RPC server
2019-10-05 00:46:03,492 [Datanode State Machine Thread - 0] INFO  server.GrpcService (GrpcService.java:startImpl(158)) - a6356d4d-38b2-40a5-96a9-f62f0814d40d: GrpcService started, listening on 0.0.0.0/0.0.0.0:45173
2019-10-05 00:46:03,492 [Datanode State Machine Thread - 0] INFO  ratis.XceiverServerRatis (XceiverServerRatis.java:start(427)) - XceiverServerRatis a6356d4d-38b2-40a5-96a9-f62f0814d40d is started using port 45173
2019-10-05 00:46:03,493 [Datanode State Machine Thread - 0] INFO  server.XceiverServerGrpc (XceiverServerGrpc.java:start(149)) - XceiverServerGrpc a6356d4d-38b2-40a5-96a9-f62f0814d40d is started using port 39137
2019-10-05 00:46:03,547 [Datanode State Machine Thread - 0] INFO  ozoneimpl.OzoneContainer (OzoneContainer.java:start(217)) - Attempting to start container services.
2019-10-05 00:46:03,547 [Datanode State Machine Thread - 0] INFO  ozoneimpl.OzoneContainer (OzoneContainer.java:startContainerScrub(179)) - Background container scanner has been disabled.
2019-10-05 00:46:03,547 [Datanode State Machine Thread - 0] INFO  ratis.XceiverServerRatis (XceiverServerRatis.java:start(417)) - Starting XceiverServerRatis b4cb1d2e-453f-4b17-913c-21c5603069de at port 0
2019-10-05 00:46:03,556 [Datanode State Machine Thread - 0] INFO  impl.RaftServerProxy (RaftServerProxy.java:lambda$start$3(299)) - b4cb1d2e-453f-4b17-913c-21c5603069de: start RPC server
2019-10-05 00:46:03,557 [Datanode State Machine Thread - 0] INFO  server.GrpcService (GrpcService.java:startImpl(158)) - b4cb1d2e-453f-4b17-913c-21c5603069de: GrpcService started, listening on 0.0.0.0/0.0.0.0:36804
2019-10-05 00:46:03,557 [Datanode State Machine Thread - 0] INFO  ratis.XceiverServerRatis (XceiverServerRatis.java:start(427)) - XceiverServerRatis b4cb1d2e-453f-4b17-913c-21c5603069de is started using port 36804
2019-10-05 00:46:03,561 [Datanode State Machine Thread - 0] INFO  server.XceiverServerGrpc (XceiverServerGrpc.java:start(149)) - XceiverServerGrpc b4cb1d2e-453f-4b17-913c-21c5603069de is started using port 34638
2019-10-05 00:46:03,612 [Datanode State Machine Thread - 0] INFO  ozoneimpl.OzoneContainer (OzoneContainer.java:start(217)) - Attempting to start container services.
2019-10-05 00:46:03,612 [Datanode State Machine Thread - 0] INFO  ozoneimpl.OzoneContainer (OzoneContainer.java:startContainerScrub(179)) - Background container scanner has been disabled.
2019-10-05 00:46:03,613 [Datanode State Machine Thread - 0] INFO  ratis.XceiverServerRatis (XceiverServerRatis.java:start(417)) - Starting XceiverServerRatis 89668d6e-e14c-4beb-9510-14f21fdf05ff at port 0
2019-10-05 00:46:03,620 [Datanode State Machine Thread - 0] INFO  impl.RaftServerProxy (RaftServerProxy.java:lambda$start$3(299)) - 89668d6e-e14c-4beb-9510-14f21fdf05ff: start RPC server
2019-10-05 00:46:03,621 [Datanode State Machine Thread - 0] INFO  server.GrpcService (GrpcService.java:startImpl(158)) - 89668d6e-e14c-4beb-9510-14f21fdf05ff: GrpcService started, listening on 0.0.0.0/0.0.0.0:39545
2019-10-05 00:46:03,621 [Datanode State Machine Thread - 0] INFO  ratis.XceiverServerRatis (XceiverServerRatis.java:start(427)) - XceiverServerRatis 89668d6e-e14c-4beb-9510-14f21fdf05ff is started using port 39545
2019-10-05 00:46:03,622 [Datanode State Machine Thread - 0] INFO  server.XceiverServerGrpc (XceiverServerGrpc.java:start(149)) - XceiverServerGrpc 89668d6e-e14c-4beb-9510-14f21fdf05ff is started using port 38880
2019-10-05 00:46:03,682 [Datanode State Machine Thread - 0] INFO  ozoneimpl.OzoneContainer (OzoneContainer.java:start(217)) - Attempting to start container services.
2019-10-05 00:46:03,682 [Datanode State Machine Thread - 0] INFO  ozoneimpl.OzoneContainer (OzoneContainer.java:startContainerScrub(179)) - Background container scanner has been disabled.
2019-10-05 00:46:03,682 [Datanode State Machine Thread - 0] INFO  ratis.XceiverServerRatis (XceiverServerRatis.java:start(417)) - Starting XceiverServerRatis ed3238f0-4c84-4a60-a2f8-6cc76fc83445 at port 0
2019-10-05 00:46:03,689 [Datanode State Machine Thread - 0] INFO  impl.RaftServerProxy (RaftServerProxy.java:lambda$start$3(299)) - ed3238f0-4c84-4a60-a2f8-6cc76fc83445: start RPC server
2019-10-05 00:46:03,689 [Datanode State Machine Thread - 0] INFO  server.GrpcService (GrpcService.java:startImpl(158)) - ed3238f0-4c84-4a60-a2f8-6cc76fc83445: GrpcService started, listening on 0.0.0.0/0.0.0.0:39316
2019-10-05 00:46:03,689 [Datanode State Machine Thread - 0] INFO  ratis.XceiverServerRatis (XceiverServerRatis.java:start(427)) - XceiverServerRatis ed3238f0-4c84-4a60-a2f8-6cc76fc83445 is started using port 39316
2019-10-05 00:46:03,690 [Datanode State Machine Thread - 0] INFO  server.XceiverServerGrpc (XceiverServerGrpc.java:start(149)) - XceiverServerGrpc ed3238f0-4c84-4a60-a2f8-6cc76fc83445 is started using port 39836
2019-10-05 00:46:03,742 [Datanode State Machine Thread - 0] INFO  ozoneimpl.OzoneContainer (OzoneContainer.java:start(217)) - Attempting to start container services.
2019-10-05 00:46:03,743 [Datanode State Machine Thread - 0] INFO  ozoneimpl.OzoneContainer (OzoneContainer.java:startContainerScrub(179)) - Background container scanner has been disabled.
2019-10-05 00:46:03,743 [Datanode State Machine Thread - 0] INFO  ratis.XceiverServerRatis (XceiverServerRatis.java:start(417)) - Starting XceiverServerRatis 350df966-4f7e-40ad-9376-6e8135859b03 at port 0
2019-10-05 00:46:03,751 [Datanode State Machine Thread - 0] INFO  impl.RaftServerProxy (RaftServerProxy.java:lambda$start$3(299)) - 350df966-4f7e-40ad-9376-6e8135859b03: start RPC server
2019-10-05 00:46:03,770 [Datanode State Machine Thread - 0] INFO  server.GrpcService (GrpcService.java:startImpl(158)) - 350df966-4f7e-40ad-9376-6e8135859b03: GrpcService started, listening on 0.0.0.0/0.0.0.0:41756
2019-10-05 00:46:03,770 [Datanode State Machine Thread - 0] INFO  ratis.XceiverServerRatis (XceiverServerRatis.java:start(427)) - XceiverServerRatis 350df966-4f7e-40ad-9376-6e8135859b03 is started using port 41756
2019-10-05 00:46:03,771 [Datanode State Machine Thread - 0] INFO  server.XceiverServerGrpc (XceiverServerGrpc.java:start(149)) - XceiverServerGrpc 350df966-4f7e-40ad-9376-6e8135859b03 is started using port 36351
2019-10-05 00:46:03,794 [main] INFO  ozone.MiniOzoneClusterImpl (MiniOzoneClusterImpl.java:lambda$waitForClusterToBeReady$0(147)) - Waiting for cluster to be ready. Got 0 of 7 DN Heartbeats.
2019-10-05 00:46:03,808 [Datanode State Machine Thread - 0] INFO  ozoneimpl.OzoneContainer (OzoneContainer.java:start(217)) - Attempting to start container services.
2019-10-05 00:46:03,808 [Datanode State Machine Thread - 0] INFO  ozoneimpl.OzoneContainer (OzoneContainer.java:startContainerScrub(179)) - Background container scanner has been disabled.
2019-10-05 00:46:03,808 [Datanode State Machine Thread - 0] INFO  ratis.XceiverServerRatis (XceiverServerRatis.java:start(417)) - Starting XceiverServerRatis f0388ce4-9c99-41d5-893d-b035a481e68e at port 0
2019-10-05 00:46:03,814 [Datanode State Machine Thread - 0] INFO  impl.RaftServerProxy (RaftServerProxy.java:lambda$start$3(299)) - f0388ce4-9c99-41d5-893d-b035a481e68e: start RPC server
2019-10-05 00:46:03,814 [Datanode State Machine Thread - 0] INFO  server.GrpcService (GrpcService.java:startImpl(158)) - f0388ce4-9c99-41d5-893d-b035a481e68e: GrpcService started, listening on 0.0.0.0/0.0.0.0:35192
2019-10-05 00:46:03,814 [Datanode State Machine Thread - 0] INFO  ratis.XceiverServerRatis (XceiverServerRatis.java:start(427)) - XceiverServerRatis f0388ce4-9c99-41d5-893d-b035a481e68e is started using port 35192
2019-10-05 00:46:03,814 [Datanode State Machine Thread - 0] INFO  server.XceiverServerGrpc (XceiverServerGrpc.java:start(149)) - XceiverServerGrpc f0388ce4-9c99-41d5-893d-b035a481e68e is started using port 39290
2019-10-05 00:46:04,794 [main] INFO  ozone.MiniOzoneClusterImpl (MiniOzoneClusterImpl.java:lambda$waitForClusterToBeReady$0(147)) - Waiting for cluster to be ready. Got 0 of 7 DN Heartbeats.
2019-10-05 00:46:05,413 [IPC Server handler 0 on 36500] INFO  net.NetworkTopology (NetworkTopologyImpl.java:add(111)) - Added a new node: /default-rack/4223cdcf-b6b8-44ba-8e2a-30085cda3eb1
2019-10-05 00:46:05,416 [IPC Server handler 0 on 36500] INFO  node.SCMNodeManager (SCMNodeManager.java:register(268)) - Registered Data node : 4223cdcf-b6b8-44ba-8e2a-30085cda3eb1{ip: 192.168.157.198, host: pr-hdds-2244-g9zth-2836493377, networkLocation: /default-rack, certSerialId: null}
2019-10-05 00:46:05,417 [EventQueue-NodeRegistrationContainerReportForDataNodeSafeModeRule] INFO  safemode.SCMSafeModeManager (DataNodeSafeModeRule.java:process(71)) - SCM in safe mode. 1 DataNodes registered, 1 required.
2019-10-05 00:46:05,420 [EventQueue-NodeRegistrationContainerReportForDataNodeSafeModeRule] INFO  safemode.SCMSafeModeManager (SCMSafeModeManager.java:validateSafeModeExitRules(177)) - ScmSafeModeManager, all rules are successfully validated
2019-10-05 00:46:05,421 [EventQueue-NodeRegistrationContainerReportForDataNodeSafeModeRule] INFO  safemode.SCMSafeModeManager (SCMSafeModeManager.java:exitSafeMode(193)) - SCM exiting safe mode.
2019-10-05 00:46:05,436 [grpc-default-executor-7] INFO  impl.RaftServerProxy (RaftServerProxy.java:addNew(89)) - 4223cdcf-b6b8-44ba-8e2a-30085cda3eb1: addNew group-57DFAF1A941F:[4223cdcf-b6b8-44ba-8e2a-30085cda3eb1:192.168.157.198:39590] returns group-57DFAF1A941F:java.util.concurrent.CompletableFuture@7c2071c0[Not completed]
2019-10-05 00:46:05,440 [pool-383-thread-1] INFO  impl.RaftServerImpl (RaftServerImpl.java:<init>(95)) - 4223cdcf-b6b8-44ba-8e2a-30085cda3eb1: new RaftServerImpl for group-57DFAF1A941F:[4223cdcf-b6b8-44ba-8e2a-30085cda3eb1:192.168.157.198:39590] with ContainerStateMachine:uninitialized
2019-10-05 00:46:05,440 [pool-383-thread-1] INFO  server.RaftServerConfigKeys (ConfUtils.java:logGet(43)) - raft.server.rpc.timeout.min = 5s (custom)
2019-10-05 00:46:05,440 [pool-383-thread-1] INFO  server.RaftServerConfigKeys (ConfUtils.java:logGet(43)) - raft.server.rpc.timeout.max = 5200ms (custom)
2019-10-05 00:46:05,440 [pool-383-thread-1] INFO  server.RaftServerConfigKeys (ConfUtils.java:logGet(43)) - raft.server.rpcslowness.timeout = 120s (custom)
2019-10-05 00:46:05,441 [pool-383-thread-1] INFO  server.RaftServerConfigKeys (ConfUtils.java:logGet(43)) - raft.server.sleep.deviation.threshold = 300 (default)
2019-10-05 00:46:05,441 [pool-383-thread-1] INFO  server.RaftServerConfigKeys (ConfUtils.java:logGet(43)) - raft.server.log.appender.install.snapshot.enabled = false (custom)
2019-10-05 00:46:05,441 [pool-383-thread-1] INFO  impl.RaftServerImpl (ServerState.java:<init>(103)) - 4223cdcf-b6b8-44ba-8e2a-30085cda3eb1@group-57DFAF1A941F: ConfigurationManager, init=-1: [4223cdcf-b6b8-44ba-8e2a-30085cda3eb1:192.168.157.198:39590], old=null, confs=<EMPTY_MAP>
2019-10-05 00:46:05,441 [pool-383-thread-1] INFO  server.RaftServerConfigKeys (ConfUtils.java:logGet(43)) - raft.server.storage.dir = [/workdir/hadoop-ozone/integration-test/target/test-dir/MiniOzoneClusterImpl-b8fb7fba-1d4b-4f50-8dfb-556ab5a2e7b3/datanode-0/data/ratis] (custom)
2019-10-05 00:46:05,442 [pool-383-thread-1] INFO  server.RaftServerConfigKeys (ConfUtils.java:logGet(43)) - raft.server.log.corruption.policy = EXCEPTION (default)
2019-10-05 00:46:05,442 [pool-383-thread-1] INFO  storage.RaftStorageDirectory (RaftStorageDirectory.java:analyzeStorage(246)) - The storage directory /workdir/hadoop-ozone/integration-test/target/test-dir/MiniOzoneClusterImpl-b8fb7fba-1d4b-4f50-8dfb-556ab5a2e7b3/datanode-0/data/ratis/6f666c8a-8784-45cf-8387-57dfaf1a941f does not exist. Creating ...
2019-10-05 00:46:05,456 [pool-383-thread-1] INFO  storage.RaftStorageDirectory (RaftStorageDirectory.java:tryLock(328)) - Lock on /workdir/hadoop-ozone/integration-test/target/test-dir/MiniOzoneClusterImpl-b8fb7fba-1d4b-4f50-8dfb-556ab5a2e7b3/datanode-0/data/ratis/6f666c8a-8784-45cf-8387-57dfaf1a941f/in_use.lock acquired by nodename 31833@pr-hdds-2244-g9zth-2836493377
2019-10-05 00:46:05,467 [IPC Server handler 1 on 36500] INFO  net.NetworkTopology (NetworkTopologyImpl.java:add(111)) - Added a new node: /default-rack/a6356d4d-38b2-40a5-96a9-f62f0814d40d
2019-10-05 00:46:05,467 [IPC Server handler 1 on 36500] INFO  node.SCMNodeManager (SCMNodeManager.java:register(268)) - Registered Data node : a6356d4d-38b2-40a5-96a9-f62f0814d40d{ip: 192.168.157.198, host: pr-hdds-2244-g9zth-2836493377, networkLocation: /default-rack, certSerialId: null}
2019-10-05 00:46:05,469 [pool-383-thread-1] INFO  storage.RaftStorage (RaftStorage.java:format(84)) - Storage directory /workdir/hadoop-ozone/integration-test/target/test-dir/MiniOzoneClusterImpl-b8fb7fba-1d4b-4f50-8dfb-556ab5a2e7b3/datanode-0/data/ratis/6f666c8a-8784-45cf-8387-57dfaf1a941f has been successfully formatted.
2019-10-05 00:46:05,469 [pool-383-thread-1] INFO  ratis.ContainerStateMachine (ContainerStateMachine.java:loadSnapshot(230)) - group-57DFAF1A941F: The snapshot info is null. Setting the last applied indexto:(t:0, i:~)
2019-10-05 00:46:05,469 [pool-383-thread-1] INFO  server.RaftServerConfigKeys (ConfUtils.java:logGet(43)) - raft.server.notification.no-leader.timeout = 120s (custom)
2019-10-05 00:46:05,470 [pool-383-thread-1] INFO  server.RaftServerConfigKeys (ConfUtils.java:logGet(43)) - raft.server.log.use.memory = false (default)
2019-10-05 00:46:05,470 [pool-383-thread-1] INFO  server.RaftServerConfigKeys (ConfUtils.java:logGet(43)) - raft.server.log.purge.gap = 1000000 (custom)
2019-10-05 00:46:05,470 [pool-383-thread-1] INFO  server.RaftServerConfigKeys (ConfUtils.java:logGet(43)) - raft.server.log.appender.buffer.byte-limit = 33554432 (custom)
2019-10-05 00:46:05,470 [pool-383-thread-1] INFO  server.RaftServerConfigKeys (ConfUtils.java:logGet(43)) - raft.server.log.segment.size.max = 1048576 (custom)
2019-10-05 00:46:05,473 [pool-383-thread-1] INFO  server.RaftServerConfigKeys (ConfUtils.java:logGet(43)) - raft.server.log.segment.cache.num.max = 2 (custom)
2019-10-05 00:46:05,473 [pool-383-thread-1] INFO  segmented.SegmentedRaftLogWorker (SegmentedRaftLogWorker.java:<init>(173)) - new 4223cdcf-b6b8-44ba-8e2a-30085cda3eb1@group-57DFAF1A941F-SegmentedRaftLogWorker for RaftStorage:Storage Directory /workdir/hadoop-ozone/integration-test/target/test-dir/MiniOzoneClusterImpl-b8fb7fba-1d4b-4f50-8dfb-556ab5a2e7b3/datanode-0/data/ratis/6f666c8a-8784-45cf-8387-57dfaf1a941f
2019-10-05 00:46:05,473 [pool-383-thread-1] INFO  server.RaftServerConfigKeys (ConfUtils.java:logGet(43)) - raft.server.log.queue.byte-limit = 2147483647 (custom)
2019-10-05 00:46:05,473 [pool-383-thread-1] INFO  server.RaftServerConfigKeys (ConfUtils.java:logGet(43)) - raft.server.log.queue.element-limit = 1024 (custom)
2019-10-05 00:46:05,474 [pool-383-thread-1] INFO  server.RaftServerConfigKeys (ConfUtils.java:logGet(43)) - raft.server.log.segment.size.max = 1048576 (custom)
2019-10-05 00:46:05,474 [pool-383-thread-1] INFO  server.RaftServerConfigKeys (ConfUtils.java:logGet(43)) - raft.server.log.preallocated.size = 16384 (custom)
2019-10-05 00:46:05,474 [pool-383-thread-1] INFO  server.RaftServerConfigKeys (ConfUtils.java:logGet(43)) - raft.server.log.write.buffer.size = 33554432 (custom)
2019-10-05 00:46:05,474 [pool-383-thread-1] INFO  server.RaftServerConfigKeys (ConfUtils.java:logGet(43)) - raft.server.log.force.sync.num = 128 (default)
2019-10-05 00:46:05,474 [pool-383-thread-1] INFO  server.RaftServerConfigKeys (ConfUtils.java:logGet(43)) - raft.server.log.statemachine.data.sync = true (default)
2019-10-05 00:46:05,474 [pool-383-thread-1] INFO  server.RaftServerConfigKeys (ConfUtils.java:logGet(43)) - raft.server.log.statemachine.data.sync.timeout = 10s (default)
2019-10-05 00:46:05,474 [pool-383-thread-1] INFO  server.RaftServerConfigKeys (ConfUtils.java:logGet(43)) - raft.server.log.statemachine.data.sync.timeout.retry = -1 (default)
2019-10-05 00:46:05,475 [pool-383-thread-1] INFO  server.RaftServerConfigKeys (ConfUtils.java:logGet(43)) - raft.server.log.statemachine.data.caching.enabled = true (custom)
2019-10-05 00:46:05,476 [pool-383-thread-1] INFO  segmented.SegmentedRaftLogWorker (SegmentedRaftLogWorker.java:lambda$new$0(128)) - 4223cdcf-b6b8-44ba-8e2a-30085cda3eb1@group-57DFAF1A941F-SegmentedRaftLogWorker: flushIndex: setUnconditionally 0 -> -1
2019-10-05 00:46:05,476 [pool-383-thread-1] INFO  server.RaftServerConfigKeys (ConfUtils.java:logGet(43)) - raft.server.snapshot.auto.trigger.enabled = true (custom)
2019-10-05 00:46:05,476 [pool-383-thread-1] INFO  server.RaftServerConfigKeys (ConfUtils.java:logGet(43)) - raft.server.snapshot.auto.trigger.threshold = 10000 (custom)
2019-10-05 00:46:05,476 [pool-383-thread-1] INFO  server.RaftServerConfigKeys (ConfUtils.java:logGet(43)) - raft.server.snapshot.retention.file.num = 5 (custom)
2019-10-05 00:46:05,477 [pool-383-thread-1] INFO  server.RaftServerConfigKeys (ConfUtils.java:logGet(43)) - raft.server.retrycache.expirytime = 600000ms (custom)
2019-10-05 00:46:05,480 [pool-383-thread-1] INFO  impl.RaftServerImpl (RaftServerImpl.java:start(181)) - 4223cdcf-b6b8-44ba-8e2a-30085cda3eb1@group-57DFAF1A941F: start as a follower, conf=-1: [4223cdcf-b6b8-44ba-8e2a-30085cda3eb1:192.168.157.198:39590], old=null
2019-10-05 00:46:05,481 [pool-383-thread-1] INFO  impl.RaftServerImpl (RaftServerImpl.java:setRole(170)) - 4223cdcf-b6b8-44ba-8e2a-30085cda3eb1@group-57DFAF1A941F: changes role from      null to FOLLOWER at term 0 for startAsFollower
2019-10-05 00:46:05,481 [pool-383-thread-1] INFO  impl.RoleInfo (RoleInfo.java:updateAndGet(143)) - 4223cdcf-b6b8-44ba-8e2a-30085cda3eb1: start FollowerState
2019-10-05 00:46:05,482 [pool-383-thread-1] INFO  util.JmxRegister (JmxRegister.java:tryRegister(44)) - Successfully registered JMX Bean with object name Ratis:service=RaftServer,group=group-57DFAF1A941F,id=4223cdcf-b6b8-44ba-8e2a-30085cda3eb1
2019-10-05 00:46:05,487 [RatisPipelineUtilsThread] INFO  pipeline.PipelineStateManager (PipelineStateManager.java:addPipeline(56)) - Created pipeline Pipeline[ Id: 6f666c8a-8784-45cf-8387-57dfaf1a941f, Nodes: 4223cdcf-b6b8-44ba-8e2a-30085cda3eb1{ip: 192.168.157.198, host: pr-hdds-2244-g9zth-2836493377, networkLocation: /default-rack, certSerialId: null}, Type:RATIS, Factor:ONE, State:OPEN]
2019-10-05 00:46:05,496 [grpc-default-executor-7] INFO  impl.RaftServerProxy (RaftServerProxy.java:addNew(89)) - a6356d4d-38b2-40a5-96a9-f62f0814d40d: addNew group-ED8C54C7E987:[a6356d4d-38b2-40a5-96a9-f62f0814d40d:192.168.157.198:45173] returns group-ED8C54C7E987:java.util.concurrent.CompletableFuture@40f570ef[Not completed]
2019-10-05 00:46:05,497 [pool-393-thread-1] INFO  impl.RaftServerImpl (RaftServerImpl.java:<init>(95)) - a6356d4d-38b2-40a5-96a9-f62f0814d40d: new RaftServerImpl for group-ED8C54C7E987:[a6356d4d-38b2-40a5-96a9-f62f0814d40d:192.168.157.198:45173] with ContainerStateMachine:uninitialized
2019-10-05 00:46:05,497 [pool-393-thread-1] INFO  server.RaftServerConfigKeys (ConfUtils.java:logGet(43)) - raft.server.rpc.timeout.min = 5s (custom)
2019-10-05 00:46:05,498 [pool-393-thread-1] INFO  server.RaftServerConfigKeys (ConfUtils.java:logGet(43)) - raft.server.rpc.timeout.max = 5200ms (custom)
2019-10-05 00:46:05,498 [pool-393-thread-1] INFO  server.RaftServerConfigKeys (ConfUtils.java:logGet(43)) - raft.server.rpcslowness.timeout = 120s (custom)
2019-10-05 00:46:05,498 [pool-393-thread-1] INFO  server.RaftServerConfigKeys (ConfUtils.java:logGet(43)) - raft.server.sleep.deviation.threshold = 300 (default)
2019-10-05 00:46:05,498 [pool-393-thread-1] INFO  server.RaftServerConfigKeys (ConfUtils.java:logGet(43)) - raft.server.log.appender.install.snapshot.enabled = false (custom)
2019-10-05 00:46:05,498 [pool-393-thread-1] INFO  impl.RaftServerImpl (ServerState.java:<init>(103)) - a6356d4d-38b2-40a5-96a9-f62f0814d40d@group-ED8C54C7E987: ConfigurationManager, init=-1: [a6356d4d-38b2-40a5-96a9-f62f0814d40d:192.168.157.198:45173], old=null, confs=<EMPTY_MAP>
2019-10-05 00:46:05,498 [pool-393-thread-1] INFO  server.RaftServerConfigKeys (ConfUtils.java:logGet(43)) - raft.server.storage.dir = [/workdir/hadoop-ozone/integration-test/target/test-dir/MiniOzoneClusterImpl-b8fb7fba-1d4b-4f50-8dfb-556ab5a2e7b3/datanode-1/data/ratis] (custom)
2019-10-05 00:46:05,499 [pool-393-thread-1] INFO  server.RaftServerConfigKeys (ConfUtils.java:logGet(43)) - raft.server.log.corruption.policy = EXCEPTION (default)
2019-10-05 00:46:05,499 [pool-393-thread-1] INFO  storage.RaftStorageDirectory (RaftStorageDirectory.java:analyzeStorage(246)) - The storage directory /workdir/hadoop-ozone/integration-test/target/test-dir/MiniOzoneClusterImpl-b8fb7fba-1d4b-4f50-8dfb-556ab5a2e7b3/datanode-1/data/ratis/b76802ac-520b-401c-8407-ed8c54c7e987 does not exist. Creating ...
2019-10-05 00:46:05,512 [pool-393-thread-1] INFO  storage.RaftStorageDirectory (RaftStorageDirectory.java:tryLock(328)) - Lock on /workdir/hadoop-ozone/integration-test/target/test-dir/MiniOzoneClusterImpl-b8fb7fba-1d4b-4f50-8dfb-556ab5a2e7b3/datanode-1/data/ratis/b76802ac-520b-401c-8407-ed8c54c7e987/in_use.lock acquired by nodename 31833@pr-hdds-2244-g9zth-2836493377
2019-10-05 00:46:05,524 [pool-393-thread-1] INFO  storage.RaftStorage (RaftStorage.java:format(84)) - Storage directory /workdir/hadoop-ozone/integration-test/target/test-dir/MiniOzoneClusterImpl-b8fb7fba-1d4b-4f50-8dfb-556ab5a2e7b3/datanode-1/data/ratis/b76802ac-520b-401c-8407-ed8c54c7e987 has been successfully formatted.
2019-10-05 00:46:05,525 [pool-393-thread-1] INFO  ratis.ContainerStateMachine (ContainerStateMachine.java:loadSnapshot(230)) - group-ED8C54C7E987: The snapshot info is null. Setting the last applied indexto:(t:0, i:~)
2019-10-05 00:46:05,525 [pool-393-thread-1] INFO  server.RaftServerConfigKeys (ConfUtils.java:logGet(43)) - raft.server.notification.no-leader.timeout = 120s (custom)
2019-10-05 00:46:05,525 [pool-393-thread-1] INFO  server.RaftServerConfigKeys (ConfUtils.java:logGet(43)) - raft.server.log.use.memory = false (default)
2019-10-05 00:46:05,525 [pool-393-thread-1] INFO  server.RaftServerConfigKeys (ConfUtils.java:logGet(43)) - raft.server.log.purge.gap = 1000000 (custom)
2019-10-05 00:46:05,525 [pool-393-thread-1] INFO  server.RaftServerConfigKeys (ConfUtils.java:logGet(43)) - raft.server.log.appender.buffer.byte-limit = 33554432 (custom)
2019-10-05 00:46:05,525 [pool-393-thread-1] INFO  server.RaftServerConfigKeys (ConfUtils.java:logGet(43)) - raft.server.log.segment.size.max = 1048576 (custom)
2019-10-05 00:46:05,527 [pool-393-thread-1] INFO  server.RaftServerConfigKeys (ConfUtils.java:logGet(43)) - raft.server.log.segment.cache.num.max = 2 (custom)
2019-10-05 00:46:05,528 [pool-393-thread-1] INFO  segmented.SegmentedRaftLogWorker (SegmentedRaftLogWorker.java:<init>(173)) - new a6356d4d-38b2-40a5-96a9-f62f0814d40d@group-ED8C54C7E987-SegmentedRaftLogWorker for RaftStorage:Storage Directory /workdir/hadoop-ozone/integration-test/target/test-dir/MiniOzoneClusterImpl-b8fb7fba-1d4b-4f50-8dfb-556ab5a2e7b3/datanode-1/data/ratis/b76802ac-520b-401c-8407-ed8c54c7e987
2019-10-05 00:46:05,528 [pool-393-thread-1] INFO  server.RaftServerConfigKeys (ConfUtils.java:logGet(43)) - raft.server.log.queue.byte-limit = 2147483647 (custom)
2019-10-05 00:46:05,528 [pool-393-thread-1] INFO  server.RaftServerConfigKeys (ConfUtils.java:logGet(43)) - raft.server.log.queue.element-limit = 1024 (custom)
2019-10-05 00:46:05,528 [pool-393-thread-1] INFO  server.RaftServerConfigKeys (ConfUtils.java:logGet(43)) - raft.server.log.segment.size.max = 1048576 (custom)
2019-10-05 00:46:05,528 [pool-393-thread-1] INFO  server.RaftServerConfigKeys (ConfUtils.java:logGet(43)) - raft.server.log.preallocated.size = 16384 (custom)
2019-10-05 00:46:05,528 [pool-393-thread-1] INFO  server.RaftServerConfigKeys (ConfUtils.java:logGet(43)) - raft.server.log.write.buffer.size = 33554432 (custom)
2019-10-05 00:46:05,528 [pool-393-thread-1] INFO  server.RaftServerConfigKeys (ConfUtils.java:logGet(43)) - raft.server.log.force.sync.num = 128 (default)
2019-10-05 00:46:05,528 [pool-393-thread-1] INFO  server.RaftServerConfigKeys (ConfUtils.java:logGet(43)) - raft.server.log.statemachine.data.sync = true (default)
2019-10-05 00:46:05,529 [pool-393-thread-1] INFO  server.RaftServerConfigKeys (ConfUtils.java:logGet(43)) - raft.server.log.statemachine.data.sync.timeout = 10s (default)
2019-10-05 00:46:05,529 [pool-393-thread-1] INFO  server.RaftServerConfigKeys (ConfUtils.java:logGet(43)) - raft.server.log.statemachine.data.sync.timeout.retry = -1 (default)
2019-10-05 00:46:05,529 [pool-393-thread-1] INFO  server.RaftServerConfigKeys (ConfUtils.java:logGet(43)) - raft.server.log.statemachine.data.caching.enabled = true (custom)
2019-10-05 00:46:05,529 [pool-393-thread-1] INFO  segmented.SegmentedRaftLogWorker (SegmentedRaftLogWorker.java:lambda$new$0(128)) - a6356d4d-38b2-40a5-96a9-f62f0814d40d@group-ED8C54C7E987-SegmentedRaftLogWorker: flushIndex: setUnconditionally 0 -> -1
2019-10-05 00:46:05,530 [pool-393-thread-1] INFO  server.RaftServerConfigKeys (ConfUtils.java:logGet(43)) - raft.server.snapshot.auto.trigger.enabled = true (custom)
2019-10-05 00:46:05,530 [pool-393-thread-1] INFO  server.RaftServerConfigKeys (ConfUtils.java:logGet(43)) - raft.server.snapshot.auto.trigger.threshold = 10000 (custom)
2019-10-05 00:46:05,530 [pool-393-thread-1] INFO  server.RaftServerConfigKeys (ConfUtils.java:logGet(43)) - raft.server.snapshot.retention.file.num = 5 (custom)
2019-10-05 00:46:05,530 [pool-393-thread-1] INFO  server.RaftServerConfigKeys (ConfUtils.java:logGet(43)) - raft.server.retrycache.expirytime = 600000ms (custom)
2019-10-05 00:46:05,532 [IPC Server handler 3 on 36500] INFO  net.NetworkTopology (NetworkTopologyImpl.java:add(111)) - Added a new node: /default-rack/b4cb1d2e-453f-4b17-913c-21c5603069de
2019-10-05 00:46:05,532 [IPC Server handler 3 on 36500] INFO  node.SCMNodeManager (SCMNodeManager.java:register(268)) - Registered Data node : b4cb1d2e-453f-4b17-913c-21c5603069de{ip: 192.168.157.198, host: pr-hdds-2244-g9zth-2836493377, networkLocation: /default-rack, certSerialId: null}
2019-10-05 00:46:05,532 [pool-393-thread-1] INFO  impl.RaftServerImpl (RaftServerImpl.java:start(181)) - a6356d4d-38b2-40a5-96a9-f62f0814d40d@group-ED8C54C7E987: start as a follower, conf=-1: [a6356d4d-38b2-40a5-96a9-f62f0814d40d:192.168.157.198:45173], old=null
2019-10-05 00:46:05,532 [pool-393-thread-1] INFO  impl.RaftServerImpl (RaftServerImpl.java:setRole(170)) - a6356d4d-38b2-40a5-96a9-f62f0814d40d@group-ED8C54C7E987: changes role from      null to FOLLOWER at term 0 for startAsFollower
2019-10-05 00:46:05,533 [pool-393-thread-1] INFO  impl.RoleInfo (RoleInfo.java:updateAndGet(143)) - a6356d4d-38b2-40a5-96a9-f62f0814d40d: start FollowerState
2019-10-05 00:46:05,533 [pool-393-thread-1] INFO  util.JmxRegister (JmxRegister.java:tryRegister(44)) - Successfully registered JMX Bean with object name Ratis:service=RaftServer,group=group-ED8C54C7E987,id=a6356d4d-38b2-40a5-96a9-f62f0814d40d
2019-10-05 00:46:05,537 [RatisPipelineUtilsThread] INFO  pipeline.PipelineStateManager (PipelineStateManager.java:addPipeline(56)) - Created pipeline Pipeline[ Id: b76802ac-520b-401c-8407-ed8c54c7e987, Nodes: a6356d4d-38b2-40a5-96a9-f62f0814d40d{ip: 192.168.157.198, host: pr-hdds-2244-g9zth-2836493377, networkLocation: /default-rack, certSerialId: null}, Type:RATIS, Factor:ONE, State:OPEN]
2019-10-05 00:46:05,544 [grpc-default-executor-7] INFO  impl.RaftServerProxy (RaftServerProxy.java:addNew(89)) - b4cb1d2e-453f-4b17-913c-21c5603069de: addNew group-C774833FE275:[b4cb1d2e-453f-4b17-913c-21c5603069de:192.168.157.198:36804] returns group-C774833FE275:java.util.concurrent.CompletableFuture@2d321f10[Not completed]
2019-10-05 00:46:05,546 [pool-403-thread-1] INFO  impl.RaftServerImpl (RaftServerImpl.java:<init>(95)) - b4cb1d2e-453f-4b17-913c-21c5603069de: new RaftServerImpl for group-C774833FE275:[b4cb1d2e-453f-4b17-913c-21c5603069de:192.168.157.198:36804] with ContainerStateMachine:uninitialized
2019-10-05 00:46:05,546 [pool-403-thread-1] INFO  server.RaftServerConfigKeys (ConfUtils.java:logGet(43)) - raft.server.rpc.timeout.min = 5s (custom)
2019-10-05 00:46:05,546 [pool-403-thread-1] INFO  server.RaftServerConfigKeys (ConfUtils.java:logGet(43)) - raft.server.rpc.timeout.max = 5200ms (custom)
2019-10-05 00:46:05,546 [pool-403-thread-1] INFO  server.RaftServerConfigKeys (ConfUtils.java:logGet(43)) - raft.server.rpcslowness.timeout = 120s (custom)
2019-10-05 00:46:05,547 [pool-403-thread-1] INFO  server.RaftServerConfigKeys (ConfUtils.java:logGet(43)) - raft.server.sleep.deviation.threshold = 300 (default)
2019-10-05 00:46:05,547 [pool-403-thread-1] INFO  server.RaftServerConfigKeys (ConfUtils.java:logGet(43)) - raft.server.log.appender.install.snapshot.enabled = false (custom)
2019-10-05 00:46:05,547 [pool-403-thread-1] INFO  impl.RaftServerImpl (ServerState.java:<init>(103)) - b4cb1d2e-453f-4b17-913c-21c5603069de@group-C774833FE275: ConfigurationManager, init=-1: [b4cb1d2e-453f-4b17-913c-21c5603069de:192.168.157.198:36804], old=null, confs=<EMPTY_MAP>
2019-10-05 00:46:05,547 [pool-403-thread-1] INFO  server.RaftServerConfigKeys (ConfUtils.java:logGet(43)) - raft.server.storage.dir = [/workdir/hadoop-ozone/integration-test/target/test-dir/MiniOzoneClusterImpl-b8fb7fba-1d4b-4f50-8dfb-556ab5a2e7b3/datanode-2/data/ratis] (custom)
2019-10-05 00:46:05,547 [pool-403-thread-1] INFO  server.RaftServerConfigKeys (ConfUtils.java:logGet(43)) - raft.server.log.corruption.policy = EXCEPTION (default)
2019-10-05 00:46:05,547 [pool-403-thread-1] INFO  storage.RaftStorageDirectory (RaftStorageDirectory.java:analyzeStorage(246)) - The storage directory /workdir/hadoop-ozone/integration-test/target/test-dir/MiniOzoneClusterImpl-b8fb7fba-1d4b-4f50-8dfb-556ab5a2e7b3/datanode-2/data/ratis/b1dbb03c-ac05-4fc3-b0b0-c774833fe275 does not exist. Creating ...
2019-10-05 00:46:05,560 [pool-403-thread-1] INFO  storage.RaftStorageDirectory (RaftStorageDirectory.java:tryLock(328)) - Lock on /workdir/hadoop-ozone/integration-test/target/test-dir/MiniOzoneClusterImpl-b8fb7fba-1d4b-4f50-8dfb-556ab5a2e7b3/datanode-2/data/ratis/b1dbb03c-ac05-4fc3-b0b0-c774833fe275/in_use.lock acquired by nodename 31833@pr-hdds-2244-g9zth-2836493377
2019-10-05 00:46:05,573 [pool-403-thread-1] INFO  storage.RaftStorage (RaftStorage.java:format(84)) - Storage directory /workdir/hadoop-ozone/integration-test/target/test-dir/MiniOzoneClusterImpl-b8fb7fba-1d4b-4f50-8dfb-556ab5a2e7b3/datanode-2/data/ratis/b1dbb03c-ac05-4fc3-b0b0-c774833fe275 has been successfully formatted.
2019-10-05 00:46:05,574 [pool-403-thread-1] INFO  ratis.ContainerStateMachine (ContainerStateMachine.java:loadSnapshot(230)) - group-C774833FE275: The snapshot info is null. Setting the last applied indexto:(t:0, i:~)
2019-10-05 00:46:05,574 [pool-403-thread-1] INFO  server.RaftServerConfigKeys (ConfUtils.java:logGet(43)) - raft.server.notification.no-leader.timeout = 120s (custom)
2019-10-05 00:46:05,574 [pool-403-thread-1] INFO  server.RaftServerConfigKeys (ConfUtils.java:logGet(43)) - raft.server.log.use.memory = false (default)
2019-10-05 00:46:05,574 [pool-403-thread-1] INFO  server.RaftServerConfigKeys (ConfUtils.java:logGet(43)) - raft.server.log.purge.gap = 1000000 (custom)
2019-10-05 00:46:05,574 [pool-403-thread-1] INFO  server.RaftServerConfigKeys (ConfUtils.java:logGet(43)) - raft.server.log.appender.buffer.byte-limit = 33554432 (custom)
2019-10-05 00:46:05,574 [pool-403-thread-1] INFO  server.RaftServerConfigKeys (ConfUtils.java:logGet(43)) - raft.server.log.segment.size.max = 1048576 (custom)
2019-10-05 00:46:05,577 [pool-403-thread-1] INFO  server.RaftServerConfigKeys (ConfUtils.java:logGet(43)) - raft.server.log.segment.cache.num.max = 2 (custom)
2019-10-05 00:46:05,577 [pool-403-thread-1] INFO  segmented.SegmentedRaftLogWorker (SegmentedRaftLogWorker.java:<init>(173)) - new b4cb1d2e-453f-4b17-913c-21c5603069de@group-C774833FE275-SegmentedRaftLogWorker for RaftStorage:Storage Directory /workdir/hadoop-ozone/integration-test/target/test-dir/MiniOzoneClusterImpl-b8fb7fba-1d4b-4f50-8dfb-556ab5a2e7b3/datanode-2/data/ratis/b1dbb03c-ac05-4fc3-b0b0-c774833fe275
2019-10-05 00:46:05,577 [pool-403-thread-1] INFO  server.RaftServerConfigKeys (ConfUtils.java:logGet(43)) - raft.server.log.queue.byte-limit = 2147483647 (custom)
2019-10-05 00:46:05,578 [pool-403-thread-1] INFO  server.RaftServerConfigKeys (ConfUtils.java:logGet(43)) - raft.server.log.queue.element-limit = 1024 (custom)
2019-10-05 00:46:05,578 [pool-403-thread-1] INFO  server.RaftServerConfigKeys (ConfUtils.java:logGet(43)) - raft.server.log.segment.size.max = 1048576 (custom)
2019-10-05 00:46:05,578 [pool-403-thread-1] INFO  server.RaftServerConfigKeys (ConfUtils.java:logGet(43)) - raft.server.log.preallocated.size = 16384 (custom)
2019-10-05 00:46:05,578 [pool-403-thread-1] INFO  server.RaftServerConfigKeys (ConfUtils.java:logGet(43)) - raft.server.log.write.buffer.size = 33554432 (custom)
2019-10-05 00:46:05,578 [pool-403-thread-1] INFO  server.RaftServerConfigKeys (ConfUtils.java:logGet(43)) - raft.server.log.force.sync.num = 128 (default)
2019-10-05 00:46:05,578 [pool-403-thread-1] INFO  server.RaftServerConfigKeys (ConfUtils.java:logGet(43)) - raft.server.log.statemachine.data.sync = true (default)
2019-10-05 00:46:05,579 [pool-403-thread-1] INFO  server.RaftServerConfigKeys (ConfUtils.java:logGet(43)) - raft.server.log.statemachine.data.sync.timeout = 10s (default)
2019-10-05 00:46:05,579 [pool-403-thread-1] INFO  server.RaftServerConfigKeys (ConfUtils.java:logGet(43)) - raft.server.log.statemachine.data.sync.timeout.retry = -1 (default)
2019-10-05 00:46:05,579 [pool-403-thread-1] INFO  server.RaftServerConfigKeys (ConfUtils.java:logGet(43)) - raft.server.log.statemachine.data.caching.enabled = true (custom)
2019-10-05 00:46:05,580 [pool-403-thread-1] INFO  segmented.SegmentedRaftLogWorker (SegmentedRaftLogWorker.java:lambda$new$0(128)) - b4cb1d2e-453f-4b17-913c-21c5603069de@group-C774833FE275-SegmentedRaftLogWorker: flushIndex: setUnconditionally 0 -> -1
2019-10-05 00:46:05,580 [pool-403-thread-1] INFO  server.RaftServerConfigKeys (ConfUtils.java:logGet(43)) - raft.server.snapshot.auto.trigger.enabled = true (custom)
2019-10-05 00:46:05,580 [pool-403-thread-1] INFO  server.RaftServerConfigKeys (ConfUtils.java:logGet(43)) - raft.server.snapshot.auto.trigger.threshold = 10000 (custom)
2019-10-05 00:46:05,580 [pool-403-thread-1] INFO  server.RaftServerConfigKeys (ConfUtils.java:logGet(43)) - raft.server.snapshot.retention.file.num = 5 (custom)
2019-10-05 00:46:05,580 [pool-403-thread-1] INFO  server.RaftServerConfigKeys (ConfUtils.java:logGet(43)) - raft.server.retrycache.expirytime = 600000ms (custom)
2019-10-05 00:46:05,583 [pool-403-thread-1] INFO  impl.RaftServerImpl (RaftServerImpl.java:start(181)) - b4cb1d2e-453f-4b17-913c-21c5603069de@group-C774833FE275: start as a follower, conf=-1: [b4cb1d2e-453f-4b17-913c-21c5603069de:192.168.157.198:36804], old=null
2019-10-05 00:46:05,583 [pool-403-thread-1] INFO  impl.RaftServerImpl (RaftServerImpl.java:setRole(170)) - b4cb1d2e-453f-4b17-913c-21c5603069de@group-C774833FE275: changes role from      null to FOLLOWER at term 0 for startAsFollower
2019-10-05 00:46:05,583 [pool-403-thread-1] INFO  impl.RoleInfo (RoleInfo.java:updateAndGet(143)) - b4cb1d2e-453f-4b17-913c-21c5603069de: start FollowerState
2019-10-05 00:46:05,583 [pool-403-thread-1] INFO  util.JmxRegister (JmxRegister.java:tryRegister(44)) - Successfully registered JMX Bean with object name Ratis:service=RaftServer,group=group-C774833FE275,id=b4cb1d2e-453f-4b17-913c-21c5603069de
2019-10-05 00:46:05,587 [RatisPipelineUtilsThread] INFO  pipeline.PipelineStateManager (PipelineStateManager.java:addPipeline(56)) - Created pipeline Pipeline[ Id: b1dbb03c-ac05-4fc3-b0b0-c774833fe275, Nodes: b4cb1d2e-453f-4b17-913c-21c5603069de{ip: 192.168.157.198, host: pr-hdds-2244-g9zth-2836493377, networkLocation: /default-rack, certSerialId: null}, Type:RATIS, Factor:ONE, State:OPEN]
2019-10-05 00:46:05,602 [IPC Server handler 5 on 36500] INFO  net.NetworkTopology (NetworkTopologyImpl.java:add(111)) - Added a new node: /default-rack/89668d6e-e14c-4beb-9510-14f21fdf05ff
2019-10-05 00:46:05,602 [IPC Server handler 5 on 36500] INFO  node.SCMNodeManager (SCMNodeManager.java:register(268)) - Registered Data node : 89668d6e-e14c-4beb-9510-14f21fdf05ff{ip: 192.168.157.198, host: pr-hdds-2244-g9zth-2836493377, networkLocation: /default-rack, certSerialId: null}
2019-10-05 00:46:05,603 [grpc-default-executor-1] INFO  impl.RaftServerProxy (RaftServerProxy.java:addNew(89)) - a6356d4d-38b2-40a5-96a9-f62f0814d40d: addNew group-FCE8886FD307:[4223cdcf-b6b8-44ba-8e2a-30085cda3eb1:192.168.157.198:39590, b4cb1d2e-453f-4b17-913c-21c5603069de:192.168.157.198:36804, a6356d4d-38b2-40a5-96a9-f62f0814d40d:192.168.157.198:45173] returns group-FCE8886FD307:java.util.concurrent.CompletableFuture@3df4cb6e[Not completed]
2019-10-05 00:46:05,603 [grpc-default-executor-7] INFO  impl.RaftServerProxy (RaftServerProxy.java:addNew(89)) - 4223cdcf-b6b8-44ba-8e2a-30085cda3eb1: addNew group-FCE8886FD307:[4223cdcf-b6b8-44ba-8e2a-30085cda3eb1:192.168.157.198:39590, b4cb1d2e-453f-4b17-913c-21c5603069de:192.168.157.198:36804, a6356d4d-38b2-40a5-96a9-f62f0814d40d:192.168.157.198:45173] returns group-FCE8886FD307:java.util.concurrent.CompletableFuture@5c2fc163[Not completed]
2019-10-05 00:46:05,603 [grpc-default-executor-4] INFO  impl.RaftServerProxy (RaftServerProxy.java:addNew(89)) - b4cb1d2e-453f-4b17-913c-21c5603069de: addNew group-FCE8886FD307:[4223cdcf-b6b8-44ba-8e2a-30085cda3eb1:192.168.157.198:39590, b4cb1d2e-453f-4b17-913c-21c5603069de:192.168.157.198:36804, a6356d4d-38b2-40a5-96a9-f62f0814d40d:192.168.157.198:45173] returns group-FCE8886FD307:java.util.concurrent.CompletableFuture@1a25d1c5[Not completed]
2019-10-05 00:46:05,604 [pool-393-thread-1] INFO  impl.RaftServerImpl (RaftServerImpl.java:<init>(95)) - a6356d4d-38b2-40a5-96a9-f62f0814d40d: new RaftServerImpl for group-FCE8886FD307:[4223cdcf-b6b8-44ba-8e2a-30085cda3eb1:192.168.157.198:39590, b4cb1d2e-453f-4b17-913c-21c5603069de:192.168.157.198:36804, a6356d4d-38b2-40a5-96a9-f62f0814d40d:192.168.157.198:45173] with ContainerStateMachine:uninitialized
2019-10-05 00:46:05,604 [pool-393-thread-1] INFO  server.RaftServerConfigKeys (ConfUtils.java:logGet(43)) - raft.server.rpc.timeout.min = 5s (custom)
2019-10-05 00:46:05,604 [pool-393-thread-1] INFO  server.RaftServerConfigKeys (ConfUtils.java:logGet(43)) - raft.server.rpc.timeout.max = 5200ms (custom)
2019-10-05 00:46:05,605 [pool-393-thread-1] INFO  server.RaftServerConfigKeys (ConfUtils.java:logGet(43)) - raft.server.rpcslowness.timeout = 120s (custom)
2019-10-05 00:46:05,605 [pool-393-thread-1] INFO  server.RaftServerConfigKeys (ConfUtils.java:logGet(43)) - raft.server.sleep.deviation.threshold = 300 (default)
2019-10-05 00:46:05,605 [pool-393-thread-1] INFO  server.RaftServerConfigKeys (ConfUtils.java:logGet(43)) - raft.server.log.appender.install.snapshot.enabled = false (custom)
2019-10-05 00:46:05,605 [pool-383-thread-1] INFO  impl.RaftServerImpl (RaftServerImpl.java:<init>(95)) - 4223cdcf-b6b8-44ba-8e2a-30085cda3eb1: new RaftServerImpl for group-FCE8886FD307:[4223cdcf-b6b8-44ba-8e2a-30085cda3eb1:192.168.157.198:39590, b4cb1d2e-453f-4b17-913c-21c5603069de:192.168.157.198:36804, a6356d4d-38b2-40a5-96a9-f62f0814d40d:192.168.157.198:45173] with ContainerStateMachine:uninitialized
2019-10-05 00:46:05,605 [pool-393-thread-1] INFO  impl.RaftServerImpl (ServerState.java:<init>(103)) - a6356d4d-38b2-40a5-96a9-f62f0814d40d@group-FCE8886FD307: ConfigurationManager, init=-1: [4223cdcf-b6b8-44ba-8e2a-30085cda3eb1:192.168.157.198:39590, b4cb1d2e-453f-4b17-913c-21c5603069de:192.168.157.198:36804, a6356d4d-38b2-40a5-96a9-f62f0814d40d:192.168.157.198:45173], old=null, confs=<EMPTY_MAP>
2019-10-05 00:46:05,605 [pool-383-thread-1] INFO  server.RaftServerConfigKeys (ConfUtils.java:logGet(43)) - raft.server.rpc.timeout.min = 5s (custom)
2019-10-05 00:46:05,605 [pool-393-thread-1] INFO  server.RaftServerConfigKeys (ConfUtils.java:logGet(43)) - raft.server.storage.dir = [/workdir/hadoop-ozone/integration-test/target/test-dir/MiniOzoneClusterImpl-b8fb7fba-1d4b-4f50-8dfb-556ab5a2e7b3/datanode-1/data/ratis] (custom)
2019-10-05 00:46:05,605 [pool-403-thread-1] INFO  impl.RaftServerImpl (RaftServerImpl.java:<init>(95)) - b4cb1d2e-453f-4b17-913c-21c5603069de: new RaftServerImpl for group-FCE8886FD307:[4223cdcf-b6b8-44ba-8e2a-30085cda3eb1:192.168.157.198:39590, b4cb1d2e-453f-4b17-913c-21c5603069de:192.168.157.198:36804, a6356d4d-38b2-40a5-96a9-f62f0814d40d:192.168.157.198:45173] with ContainerStateMachine:uninitialized
2019-10-05 00:46:05,605 [pool-383-thread-1] INFO  server.RaftServerConfigKeys (ConfUtils.java:logGet(43)) - raft.server.rpc.timeout.max = 5200ms (custom)
2019-10-05 00:46:05,605 [pool-393-thread-1] INFO  server.RaftServerConfigKeys (ConfUtils.java:logGet(43)) - raft.server.log.corruption.policy = EXCEPTION (default)
2019-10-05 00:46:05,605 [pool-403-thread-1] INFO  server.RaftServerConfigKeys (ConfUtils.java:logGet(43)) - raft.server.rpc.timeout.min = 5s (custom)
2019-10-05 00:46:05,606 [pool-393-thread-1] INFO  storage.RaftStorageDirectory (RaftStorageDirectory.java:analyzeStorage(246)) - The storage directory /workdir/hadoop-ozone/integration-test/target/test-dir/MiniOzoneClusterImpl-b8fb7fba-1d4b-4f50-8dfb-556ab5a2e7b3/datanode-1/data/ratis/f8089180-6399-49f1-901d-fce8886fd307 does not exist. Creating ...
2019-10-05 00:46:05,606 [pool-383-thread-1] INFO  server.RaftServerConfigKeys (ConfUtils.java:logGet(43)) - raft.server.rpcslowness.timeout = 120s (custom)
2019-10-05 00:46:05,606 [pool-403-thread-1] INFO  server.RaftServerConfigKeys (ConfUtils.java:logGet(43)) - raft.server.rpc.timeout.max = 5200ms (custom)
2019-10-05 00:46:05,606 [pool-383-thread-1] INFO  server.RaftServerConfigKeys (ConfUtils.java:logGet(43)) - raft.server.sleep.deviation.threshold = 300 (default)
2019-10-05 00:46:05,606 [pool-403-thread-1] INFO  server.RaftServerConfigKeys (ConfUtils.java:logGet(43)) - raft.server.rpcslowness.timeout = 120s (custom)
2019-10-05 00:46:05,606 [pool-383-thread-1] INFO  server.RaftServerConfigKeys (ConfUtils.java:logGet(43)) - raft.server.log.appender.install.snapshot.enabled = false (custom)
2019-10-05 00:46:05,606 [pool-403-thread-1] INFO  server.RaftServerConfigKeys (ConfUtils.java:logGet(43)) - raft.server.sleep.deviation.threshold = 300 (default)
2019-10-05 00:46:05,607 [pool-383-thread-1] INFO  impl.RaftServerImpl (ServerState.java:<init>(103)) - 4223cdcf-b6b8-44ba-8e2a-30085cda3eb1@group-FCE8886FD307: ConfigurationManager, init=-1: [4223cdcf-b6b8-44ba-8e2a-30085cda3eb1:192.168.157.198:39590, b4cb1d2e-453f-4b17-913c-21c5603069de:192.168.157.198:36804, a6356d4d-38b2-40a5-96a9-f62f0814d40d:192.168.157.198:45173], old=null, confs=<EMPTY_MAP>
2019-10-05 00:46:05,607 [pool-403-thread-1] INFO  server.RaftServerConfigKeys (ConfUtils.java:logGet(43)) - raft.server.log.appender.install.snapshot.enabled = false (custom)
2019-10-05 00:46:05,607 [pool-383-thread-1] INFO  server.RaftServerConfigKeys (ConfUtils.java:logGet(43)) - raft.server.storage.dir = [/workdir/hadoop-ozone/integration-test/target/test-dir/MiniOzoneClusterImpl-b8fb7fba-1d4b-4f50-8dfb-556ab5a2e7b3/datanode-0/data/ratis] (custom)
2019-10-05 00:46:05,607 [pool-403-thread-1] INFO  impl.RaftServerImpl (ServerState.java:<init>(103)) - b4cb1d2e-453f-4b17-913c-21c5603069de@group-FCE8886FD307: ConfigurationManager, init=-1: [4223cdcf-b6b8-44ba-8e2a-30085cda3eb1:192.168.157.198:39590, b4cb1d2e-453f-4b17-913c-21c5603069de:192.168.157.198:36804, a6356d4d-38b2-40a5-96a9-f62f0814d40d:192.168.157.198:45173], old=null, confs=<EMPTY_MAP>
2019-10-05 00:46:05,607 [pool-403-thread-1] INFO  server.RaftServerConfigKeys (ConfUtils.java:logGet(43)) - raft.server.storage.dir = [/workdir/hadoop-ozone/integration-test/target/test-dir/MiniOzoneClusterImpl-b8fb7fba-1d4b-4f50-8dfb-556ab5a2e7b3/datanode-2/data/ratis] (custom)
2019-10-05 00:46:05,607 [pool-383-thread-1] INFO  server.RaftServerConfigKeys (ConfUtils.java:logGet(43)) - raft.server.log.corruption.policy = EXCEPTION (default)
2019-10-05 00:46:05,607 [pool-403-thread-1] INFO  server.RaftServerConfigKeys (ConfUtils.java:logGet(43)) - raft.server.log.corruption.policy = EXCEPTION (default)
2019-10-05 00:46:05,607 [pool-383-thread-1] INFO  storage.RaftStorageDirectory (RaftStorageDirectory.java:analyzeStorage(246)) - The storage directory /workdir/hadoop-ozone/integration-test/target/test-dir/MiniOzoneClusterImpl-b8fb7fba-1d4b-4f50-8dfb-556ab5a2e7b3/datanode-0/data/ratis/f8089180-6399-49f1-901d-fce8886fd307 does not exist. Creating ...
2019-10-05 00:46:05,607 [pool-403-thread-1] INFO  storage.RaftStorageDirectory (RaftStorageDirectory.java:analyzeStorage(246)) - The storage directory /workdir/hadoop-ozone/integration-test/target/test-dir/MiniOzoneClusterImpl-b8fb7fba-1d4b-4f50-8dfb-556ab5a2e7b3/datanode-2/data/ratis/f8089180-6399-49f1-901d-fce8886fd307 does not exist. Creating ...
2019-10-05 00:46:05,619 [pool-393-thread-1] INFO  storage.RaftStorageDirectory (RaftStorageDirectory.java:tryLock(328)) - Lock on /workdir/hadoop-ozone/integration-test/target/test-dir/MiniOzoneClusterImpl-b8fb7fba-1d4b-4f50-8dfb-556ab5a2e7b3/datanode-1/data/ratis/f8089180-6399-49f1-901d-fce8886fd307/in_use.lock acquired by nodename 31833@pr-hdds-2244-g9zth-2836493377
2019-10-05 00:46:05,619 [pool-403-thread-1] INFO  storage.RaftStorageDirectory (RaftStorageDirectory.java:tryLock(328)) - Lock on /workdir/hadoop-ozone/integration-test/target/test-dir/MiniOzoneClusterImpl-b8fb7fba-1d4b-4f50-8dfb-556ab5a2e7b3/datanode-2/data/ratis/f8089180-6399-49f1-901d-fce8886fd307/in_use.lock acquired by nodename 31833@pr-hdds-2244-g9zth-2836493377
2019-10-05 00:46:05,619 [pool-383-thread-1] INFO  storage.RaftStorageDirectory (RaftStorageDirectory.java:tryLock(328)) - Lock on /workdir/hadoop-ozone/integration-test/target/test-dir/MiniOzoneClusterImpl-b8fb7fba-1d4b-4f50-8dfb-556ab5a2e7b3/datanode-0/data/ratis/f8089180-6399-49f1-901d-fce8886fd307/in_use.lock acquired by nodename 31833@pr-hdds-2244-g9zth-2836493377
2019-10-05 00:46:05,633 [pool-393-thread-1] INFO  storage.RaftStorage (RaftStorage.java:format(84)) - Storage directory /workdir/hadoop-ozone/integration-test/target/test-dir/MiniOzoneClusterImpl-b8fb7fba-1d4b-4f50-8dfb-556ab5a2e7b3/datanode-1/data/ratis/f8089180-6399-49f1-901d-fce8886fd307 has been successfully formatted.
2019-10-05 00:46:05,633 [pool-383-thread-1] INFO  storage.RaftStorage (RaftStorage.java:format(84)) - Storage directory /workdir/hadoop-ozone/integration-test/target/test-dir/MiniOzoneClusterImpl-b8fb7fba-1d4b-4f50-8dfb-556ab5a2e7b3/datanode-0/data/ratis/f8089180-6399-49f1-901d-fce8886fd307 has been successfully formatted.
2019-10-05 00:46:05,633 [pool-403-thread-1] INFO  storage.RaftStorage (RaftStorage.java:format(84)) - Storage directory /workdir/hadoop-ozone/integration-test/target/test-dir/MiniOzoneClusterImpl-b8fb7fba-1d4b-4f50-8dfb-556ab5a2e7b3/datanode-2/data/ratis/f8089180-6399-49f1-901d-fce8886fd307 has been successfully formatted.
2019-10-05 00:46:05,633 [pool-393-thread-1] INFO  ratis.ContainerStateMachine (ContainerStateMachine.java:loadSnapshot(230)) - group-FCE8886FD307: The snapshot info is null. Setting the last applied indexto:(t:0, i:~)
2019-10-05 00:46:05,633 [pool-403-thread-1] INFO  ratis.ContainerStateMachine (ContainerStateMachine.java:loadSnapshot(230)) - group-FCE8886FD307: The snapshot info is null. Setting the last applied indexto:(t:0, i:~)
2019-10-05 00:46:05,633 [pool-383-thread-1] INFO  ratis.ContainerStateMachine (ContainerStateMachine.java:loadSnapshot(230)) - group-FCE8886FD307: The snapshot info is null. Setting the last applied indexto:(t:0, i:~)
2019-10-05 00:46:05,633 [pool-403-thread-1] INFO  server.RaftServerConfigKeys (ConfUtils.java:logGet(43)) - raft.server.notification.no-leader.timeout = 120s (custom)
2019-10-05 00:46:05,633 [pool-393-thread-1] INFO  server.RaftServerConfigKeys (ConfUtils.java:logGet(43)) - raft.server.notification.no-leader.timeout = 120s (custom)
2019-10-05 00:46:05,634 [pool-403-thread-1] INFO  server.RaftServerConfigKeys (ConfUtils.java:logGet(43)) - raft.server.log.use.memory = false (default)
2019-10-05 00:46:05,634 [pool-383-thread-1] INFO  server.RaftServerConfigKeys (ConfUtils.java:logGet(43)) - raft.server.notification.no-leader.timeout = 120s (custom)
2019-10-05 00:46:05,634 [pool-403-thread-1] INFO  server.RaftServerConfigKeys (ConfUtils.java:logGet(43)) - raft.server.log.purge.gap = 1000000 (custom)
2019-10-05 00:46:05,634 [pool-393-thread-1] INFO  server.RaftServerConfigKeys (ConfUtils.java:logGet(43)) - raft.server.log.use.memory = false (default)
2019-10-05 00:46:05,634 [pool-403-thread-1] INFO  server.RaftServerConfigKeys (ConfUtils.java:logGet(43)) - raft.server.log.appender.buffer.byte-limit = 33554432 (custom)
2019-10-05 00:46:05,634 [pool-383-thread-1] INFO  server.RaftServerConfigKeys (ConfUtils.java:logGet(43)) - raft.server.log.use.memory = false (default)
2019-10-05 00:46:05,634 [pool-403-thread-1] INFO  server.RaftServerConfigKeys (ConfUtils.java:logGet(43)) - raft.server.log.segment.size.max = 1048576 (custom)
2019-10-05 00:46:05,634 [pool-393-thread-1] INFO  server.RaftServerConfigKeys (ConfUtils.java:logGet(43)) - raft.server.log.purge.gap = 1000000 (custom)
2019-10-05 00:46:05,634 [pool-403-thread-1] INFO  server.RaftServerConfigKeys (ConfUtils.java:logGet(43)) - raft.server.log.segment.cache.num.max = 2 (custom)
2019-10-05 00:46:05,634 [pool-383-thread-1] INFO  server.RaftServerConfigKeys (ConfUtils.java:logGet(43)) - raft.server.log.purge.gap = 1000000 (custom)
2019-10-05 00:46:05,635 [pool-403-thread-1] INFO  segmented.SegmentedRaftLogWorker (SegmentedRaftLogWorker.java:<init>(173)) - new b4cb1d2e-453f-4b17-913c-21c5603069de@group-FCE8886FD307-SegmentedRaftLogWorker for RaftStorage:Storage Directory /workdir/hadoop-ozone/integration-test/target/test-dir/MiniOzoneClusterImpl-b8fb7fba-1d4b-4f50-8dfb-556ab5a2e7b3/datanode-2/data/ratis/f8089180-6399-49f1-901d-fce8886fd307
2019-10-05 00:46:05,635 [pool-393-thread-1] INFO  server.RaftServerConfigKeys (ConfUtils.java:logGet(43)) - raft.server.log.appender.buffer.byte-limit = 33554432 (custom)
2019-10-05 00:46:05,635 [pool-403-thread-1] INFO  server.RaftServerConfigKeys (ConfUtils.java:logGet(43)) - raft.server.log.queue.byte-limit = 2147483647 (custom)
2019-10-05 00:46:05,635 [pool-383-thread-1] INFO  server.RaftServerConfigKeys (ConfUtils.java:logGet(43)) - raft.server.log.appender.buffer.byte-limit = 33554432 (custom)
2019-10-05 00:46:05,635 [pool-403-thread-1] INFO  server.RaftServerConfigKeys (ConfUtils.java:logGet(43)) - raft.server.log.queue.element-limit = 1024 (custom)
2019-10-05 00:46:05,635 [pool-393-thread-1] INFO  server.RaftServerConfigKeys (ConfUtils.java:logGet(43)) - raft.server.log.segment.size.max = 1048576 (custom)
2019-10-05 00:46:05,635 [pool-403-thread-1] INFO  server.RaftServerConfigKeys (ConfUtils.java:logGet(43)) - raft.server.log.segment.size.max = 1048576 (custom)
2019-10-05 00:46:05,635 [pool-383-thread-1] INFO  server.RaftServerConfigKeys (ConfUtils.java:logGet(43)) - raft.server.log.segment.size.max = 1048576 (custom)
2019-10-05 00:46:05,635 [pool-403-thread-1] INFO  server.RaftServerConfigKeys (ConfUtils.java:logGet(43)) - raft.server.log.preallocated.size = 16384 (custom)
2019-10-05 00:46:05,635 [pool-393-thread-1] INFO  server.RaftServerConfigKeys (ConfUtils.java:logGet(43)) - raft.server.log.segment.cache.num.max = 2 (custom)
2019-10-05 00:46:05,636 [pool-403-thread-1] INFO  server.RaftServerConfigKeys (ConfUtils.java:logGet(43)) - raft.server.log.write.buffer.size = 33554432 (custom)
2019-10-05 00:46:05,636 [pool-383-thread-1] INFO  server.RaftServerConfigKeys (ConfUtils.java:logGet(43)) - raft.server.log.segment.cache.num.max = 2 (custom)
2019-10-05 00:46:05,636 [pool-403-thread-1] INFO  server.RaftServerConfigKeys (ConfUtils.java:logGet(43)) - raft.server.log.force.sync.num = 128 (default)
2019-10-05 00:46:05,636 [pool-393-thread-1] INFO  segmented.SegmentedRaftLogWorker (SegmentedRaftLogWorker.java:<init>(173)) - new a6356d4d-38b2-40a5-96a9-f62f0814d40d@group-FCE8886FD307-SegmentedRaftLogWorker for RaftStorage:Storage Directory /workdir/hadoop-ozone/integration-test/target/test-dir/MiniOzoneClusterImpl-b8fb7fba-1d4b-4f50-8dfb-556ab5a2e7b3/datanode-1/data/ratis/f8089180-6399-49f1-901d-fce8886fd307
2019-10-05 00:46:05,636 [pool-403-thread-1] INFO  server.RaftServerConfigKeys (ConfUtils.java:logGet(43)) - raft.server.log.statemachine.data.sync = true (default)
2019-10-05 00:46:05,636 [pool-383-thread-1] INFO  segmented.SegmentedRaftLogWorker (SegmentedRaftLogWorker.java:<init>(173)) - new 4223cdcf-b6b8-44ba-8e2a-30085cda3eb1@group-FCE8886FD307-SegmentedRaftLogWorker for RaftStorage:Storage Directory /workdir/hadoop-ozone/integration-test/target/test-dir/MiniOzoneClusterImpl-b8fb7fba-1d4b-4f50-8dfb-556ab5a2e7b3/datanode-0/data/ratis/f8089180-6399-49f1-901d-fce8886fd307
2019-10-05 00:46:05,636 [pool-403-thread-1] INFO  server.RaftServerConfigKeys (ConfUtils.java:logGet(43)) - raft.server.log.statemachine.data.sync.timeout = 10s (default)
2019-10-05 00:46:05,636 [pool-393-thread-1] INFO  server.RaftServerConfigKeys (ConfUtils.java:logGet(43)) - raft.server.log.queue.byte-limit = 2147483647 (custom)
2019-10-05 00:46:05,637 [pool-403-thread-1] INFO  server.RaftServerConfigKeys (ConfUtils.java:logGet(43)) - raft.server.log.statemachine.data.sync.timeout.retry = -1 (default)
2019-10-05 00:46:05,637 [pool-383-thread-1] INFO  server.RaftServerConfigKeys (ConfUtils.java:logGet(43)) - raft.server.log.queue.byte-limit = 2147483647 (custom)
2019-10-05 00:46:05,637 [pool-403-thread-1] INFO  server.RaftServerConfigKeys (ConfUtils.java:logGet(43)) - raft.server.log.statemachine.data.caching.enabled = true (custom)
2019-10-05 00:46:05,637 [pool-393-thread-1] INFO  server.RaftServerConfigKeys (ConfUtils.java:logGet(43)) - raft.server.log.queue.element-limit = 1024 (custom)
2019-10-05 00:46:05,637 [pool-383-thread-1] INFO  server.RaftServerConfigKeys (ConfUtils.java:logGet(43)) - raft.server.log.queue.element-limit = 1024 (custom)
2019-10-05 00:46:05,637 [pool-403-thread-1] INFO  segmented.SegmentedRaftLogWorker (SegmentedRaftLogWorker.java:lambda$new$0(128)) - b4cb1d2e-453f-4b17-913c-21c5603069de@group-FCE8886FD307-SegmentedRaftLogWorker: flushIndex: setUnconditionally 0 -> -1
2019-10-05 00:46:05,637 [pool-393-thread-1] INFO  server.RaftServerConfigKeys (ConfUtils.java:logGet(43)) - raft.server.log.segment.size.max = 1048576 (custom)
2019-10-05 00:46:05,637 [pool-383-thread-1] INFO  server.RaftServerConfigKeys (ConfUtils.java:logGet(43)) - raft.server.log.segment.size.max = 1048576 (custom)
2019-10-05 00:46:05,638 [pool-403-thread-1] INFO  server.RaftServerConfigKeys (ConfUtils.java:logGet(43)) - raft.server.snapshot.auto.trigger.enabled = true (custom)
2019-10-05 00:46:05,638 [pool-393-thread-1] INFO  server.RaftServerConfigKeys (ConfUtils.java:logGet(43)) - raft.server.log.preallocated.size = 16384 (custom)
2019-10-05 00:46:05,638 [pool-403-thread-1] INFO  server.RaftServerConfigKeys (ConfUtils.java:logGet(43)) - raft.server.snapshot.auto.trigger.threshold = 10000 (custom)
2019-10-05 00:46:05,638 [pool-383-thread-1] INFO  server.RaftServerConfigKeys (ConfUtils.java:logGet(43)) - raft.server.log.preallocated.size = 16384 (custom)
2019-10-05 00:46:05,638 [pool-403-thread-1] INFO  server.RaftServerConfigKeys (ConfUtils.java:logGet(43)) - raft.server.snapshot.retention.file.num = 5 (custom)
2019-10-05 00:46:05,638 [pool-393-thread-1] INFO  server.RaftServerConfigKeys (ConfUtils.java:logGet(43)) - raft.server.log.write.buffer.size = 33554432 (custom)
2019-10-05 00:46:05,638 [pool-403-thread-1] INFO  server.RaftServerConfigKeys (ConfUtils.java:logGet(43)) - raft.server.retrycache.expirytime = 600000ms (custom)
2019-10-05 00:46:05,638 [pool-383-thread-1] INFO  server.RaftServerConfigKeys (ConfUtils.java:logGet(43)) - raft.server.log.write.buffer.size = 33554432 (custom)
2019-10-05 00:46:05,638 [pool-393-thread-1] INFO  server.RaftServerConfigKeys (ConfUtils.java:logGet(43)) - raft.server.log.force.sync.num = 128 (default)
2019-10-05 00:46:05,639 [pool-383-thread-1] INFO  server.RaftServerConfigKeys (ConfUtils.java:logGet(43)) - raft.server.log.force.sync.num = 128 (default)
2019-10-05 00:46:05,639 [pool-393-thread-1] INFO  server.RaftServerConfigKeys (ConfUtils.java:logGet(43)) - raft.server.log.statemachine.data.sync = true (default)
2019-10-05 00:46:05,639 [pool-383-thread-1] INFO  server.RaftServerConfigKeys (ConfUtils.java:logGet(43)) - raft.server.log.statemachine.data.sync = true (default)
2019-10-05 00:46:05,639 [pool-393-thread-1] INFO  server.RaftServerConfigKeys (ConfUtils.java:logGet(43)) - raft.server.log.statemachine.data.sync.timeout = 10s (default)
2019-10-05 00:46:05,639 [pool-383-thread-1] INFO  server.RaftServerConfigKeys (ConfUtils.java:logGet(43)) - raft.server.log.statemachine.data.sync.timeout = 10s (default)
2019-10-05 00:46:05,639 [pool-393-thread-1] INFO  server.RaftServerConfigKeys (ConfUtils.java:logGet(43)) - raft.server.log.statemachine.data.sync.timeout.retry = -1 (default)
2019-10-05 00:46:05,639 [pool-383-thread-1] INFO  server.RaftServerConfigKeys (ConfUtils.java:logGet(43)) - raft.server.log.statemachine.data.sync.timeout.retry = -1 (default)
2019-10-05 00:46:05,639 [pool-393-thread-1] INFO  server.RaftServerConfigKeys (ConfUtils.java:logGet(43)) - raft.server.log.statemachine.data.caching.enabled = true (custom)
2019-10-05 00:46:05,639 [pool-383-thread-1] INFO  server.RaftServerConfigKeys (ConfUtils.java:logGet(43)) - raft.server.log.statemachine.data.caching.enabled = true (custom)
2019-10-05 00:46:05,640 [pool-393-thread-1] INFO  segmented.SegmentedRaftLogWorker (SegmentedRaftLogWorker.java:lambda$new$0(128)) - a6356d4d-38b2-40a5-96a9-f62f0814d40d@group-FCE8886FD307-SegmentedRaftLogWorker: flushIndex: setUnconditionally 0 -> -1
2019-10-05 00:46:05,640 [pool-383-thread-1] INFO  segmented.SegmentedRaftLogWorker (SegmentedRaftLogWorker.java:lambda$new$0(128)) - 4223cdcf-b6b8-44ba-8e2a-30085cda3eb1@group-FCE8886FD307-SegmentedRaftLogWorker: flushIndex: setUnconditionally 0 -> -1
2019-10-05 00:46:05,640 [pool-393-thread-1] INFO  server.RaftServerConfigKeys (ConfUtils.java:logGet(43)) - raft.server.snapshot.auto.trigger.enabled = true (custom)
2019-10-05 00:46:05,640 [pool-383-thread-1] INFO  server.RaftServerConfigKeys (ConfUtils.java:logGet(43)) - raft.server.snapshot.auto.trigger.enabled = true (custom)
2019-10-05 00:46:05,640 [pool-393-thread-1] INFO  server.RaftServerConfigKeys (ConfUtils.java:logGet(43)) - raft.server.snapshot.auto.trigger.threshold = 10000 (custom)
2019-10-05 00:46:05,640 [pool-383-thread-1] INFO  server.RaftServerConfigKeys (ConfUtils.java:logGet(43)) - raft.server.snapshot.auto.trigger.threshold = 10000 (custom)
2019-10-05 00:46:05,640 [pool-393-thread-1] INFO  server.RaftServerConfigKeys (ConfUtils.java:logGet(43)) - raft.server.snapshot.retention.file.num = 5 (custom)
2019-10-05 00:46:05,640 [pool-403-thread-1] INFO  impl.RaftServerImpl (RaftServerImpl.java:start(181)) - b4cb1d2e-453f-4b17-913c-21c5603069de@group-FCE8886FD307: start as a follower, conf=-1: [4223cdcf-b6b8-44ba-8e2a-30085cda3eb1:192.168.157.198:39590, b4cb1d2e-453f-4b17-913c-21c5603069de:192.168.157.198:36804, a6356d4d-38b2-40a5-96a9-f62f0814d40d:192.168.157.198:45173], old=null
2019-10-05 00:46:05,640 [pool-383-thread-1] INFO  server.RaftServerConfigKeys (ConfUtils.java:logGet(43)) - raft.server.snapshot.retention.file.num = 5 (custom)
2019-10-05 00:46:05,641 [pool-403-thread-1] INFO  impl.RaftServerImpl (RaftServerImpl.java:setRole(170)) - b4cb1d2e-453f-4b17-913c-21c5603069de@group-FCE8886FD307: changes role from      null to FOLLOWER at term 0 for startAsFollower
2019-10-05 00:46:05,640 [pool-393-thread-1] INFO  server.RaftServerConfigKeys (ConfUtils.java:logGet(43)) - raft.server.retrycache.expirytime = 600000ms (custom)
2019-10-05 00:46:05,641 [pool-403-thread-1] INFO  impl.RoleInfo (RoleInfo.java:updateAndGet(143)) - b4cb1d2e-453f-4b17-913c-21c5603069de: start FollowerState
2019-10-05 00:46:05,641 [pool-383-thread-1] INFO  server.RaftServerConfigKeys (ConfUtils.java:logGet(43)) - raft.server.retrycache.expirytime = 600000ms (custom)
2019-10-05 00:46:05,641 [pool-403-thread-1] INFO  util.JmxRegister (JmxRegister.java:tryRegister(44)) - Successfully registered JMX Bean with object name Ratis:service=RaftServer,group=group-FCE8886FD307,id=b4cb1d2e-453f-4b17-913c-21c5603069de
2019-10-05 00:46:05,643 [pool-393-thread-1] INFO  impl.RaftServerImpl (RaftServerImpl.java:start(181)) - a6356d4d-38b2-40a5-96a9-f62f0814d40d@group-FCE8886FD307: start as a follower, conf=-1: [4223cdcf-b6b8-44ba-8e2a-30085cda3eb1:192.168.157.198:39590, b4cb1d2e-453f-4b17-913c-21c5603069de:192.168.157.198:36804, a6356d4d-38b2-40a5-96a9-f62f0814d40d:192.168.157.198:45173], old=null
2019-10-05 00:46:05,644 [pool-393-thread-1] INFO  impl.RaftServerImpl (RaftServerImpl.java:setRole(170)) - a6356d4d-38b2-40a5-96a9-f62f0814d40d@group-FCE8886FD307: changes role from      null to FOLLOWER at term 0 for startAsFollower
2019-10-05 00:46:05,644 [pool-393-thread-1] INFO  impl.RoleInfo (RoleInfo.java:updateAndGet(143)) - a6356d4d-38b2-40a5-96a9-f62f0814d40d: start FollowerState
2019-10-05 00:46:05,644 [pool-383-thread-1] INFO  impl.RaftServerImpl (RaftServerImpl.java:start(181)) - 4223cdcf-b6b8-44ba-8e2a-30085cda3eb1@group-FCE8886FD307: start as a follower, conf=-1: [4223cdcf-b6b8-44ba-8e2a-30085cda3eb1:192.168.157.198:39590, b4cb1d2e-453f-4b17-913c-21c5603069de:192.168.157.198:36804, a6356d4d-38b2-40a5-96a9-f62f0814d40d:192.168.157.198:45173], old=null
2019-10-05 00:46:05,644 [pool-383-thread-1] INFO  impl.RaftServerImpl (RaftServerImpl.java:setRole(170)) - 4223cdcf-b6b8-44ba-8e2a-30085cda3eb1@group-FCE8886FD307: changes role from      null to FOLLOWER at term 0 for startAsFollower
2019-10-05 00:46:05,644 [pool-383-thread-1] INFO  impl.RoleInfo (RoleInfo.java:updateAndGet(143)) - 4223cdcf-b6b8-44ba-8e2a-30085cda3eb1: start FollowerState
2019-10-05 00:46:05,644 [pool-393-thread-1] INFO  util.JmxRegister (JmxRegister.java:tryRegister(44)) - Successfully registered JMX Bean with object name Ratis:service=RaftServer,group=group-FCE8886FD307,id=a6356d4d-38b2-40a5-96a9-f62f0814d40d
2019-10-05 00:46:05,644 [pool-383-thread-1] INFO  util.JmxRegister (JmxRegister.java:tryRegister(44)) - Successfully registered JMX Bean with object name Ratis:service=RaftServer,group=group-FCE8886FD307,id=4223cdcf-b6b8-44ba-8e2a-30085cda3eb1
2019-10-05 00:46:05,650 [RatisPipelineUtilsThread] INFO  pipeline.PipelineStateManager (PipelineStateManager.java:addPipeline(56)) - Created pipeline Pipeline[ Id: f8089180-6399-49f1-901d-fce8886fd307, Nodes: a6356d4d-38b2-40a5-96a9-f62f0814d40d{ip: 192.168.157.198, host: pr-hdds-2244-g9zth-2836493377, networkLocation: /default-rack, certSerialId: null}4223cdcf-b6b8-44ba-8e2a-30085cda3eb1{ip: 192.168.157.198, host: pr-hdds-2244-g9zth-2836493377, networkLocation: /default-rack, certSerialId: null}b4cb1d2e-453f-4b17-913c-21c5603069de{ip: 192.168.157.198, host: pr-hdds-2244-g9zth-2836493377, networkLocation: /default-rack, certSerialId: null}, Type:RATIS, Factor:THREE, State:OPEN]
2019-10-05 00:46:05,660 [grpc-default-executor-4] INFO  impl.RaftServerProxy (RaftServerProxy.java:addNew(89)) - 89668d6e-e14c-4beb-9510-14f21fdf05ff: addNew group-564973769006:[89668d6e-e14c-4beb-9510-14f21fdf05ff:192.168.157.198:39545] returns group-564973769006:java.util.concurrent.CompletableFuture@11ac5765[Not completed]
2019-10-05 00:46:05,661 [pool-413-thread-1] INFO  impl.RaftServerImpl (RaftServerImpl.java:<init>(95)) - 89668d6e-e14c-4beb-9510-14f21fdf05ff: new RaftServerImpl for group-564973769006:[89668d6e-e14c-4beb-9510-14f21fdf05ff:192.168.157.198:39545] with ContainerStateMachine:uninitialized
2019-10-05 00:46:05,663 [pool-413-thread-1] INFO  server.RaftServerConfigKeys (ConfUtils.java:logGet(43)) - raft.server.rpc.timeout.min = 5s (custom)
2019-10-05 00:46:05,663 [pool-413-thread-1] INFO  server.RaftServerConfigKeys (ConfUtils.java:logGet(43)) - raft.server.rpc.timeout.max = 5200ms (custom)
2019-10-05 00:46:05,664 [pool-413-thread-1] INFO  server.RaftServerConfigKeys (ConfUtils.java:logGet(43)) - raft.server.rpcslowness.timeout = 120s (custom)
2019-10-05 00:46:05,664 [pool-413-thread-1] INFO  server.RaftServerConfigKeys (ConfUtils.java:logGet(43)) - raft.server.sleep.deviation.threshold = 300 (default)
2019-10-05 00:46:05,664 [pool-413-thread-1] INFO  server.RaftServerConfigKeys (ConfUtils.java:logGet(43)) - raft.server.log.appender.install.snapshot.enabled = false (custom)
2019-10-05 00:46:05,664 [pool-413-thread-1] INFO  impl.RaftServerImpl (ServerState.java:<init>(103)) - 89668d6e-e14c-4beb-9510-14f21fdf05ff@group-564973769006: ConfigurationManager, init=-1: [89668d6e-e14c-4beb-9510-14f21fdf05ff:192.168.157.198:39545], old=null, confs=<EMPTY_MAP>
2019-10-05 00:46:05,664 [pool-413-thread-1] INFO  server.RaftServerConfigKeys (ConfUtils.java:logGet(43)) - raft.server.storage.dir = [/workdir/hadoop-ozone/integration-test/target/test-dir/MiniOzoneClusterImpl-b8fb7fba-1d4b-4f50-8dfb-556ab5a2e7b3/datanode-3/data/ratis] (custom)
2019-10-05 00:46:05,664 [pool-413-thread-1] INFO  server.RaftServerConfigKeys (ConfUtils.java:logGet(43)) - raft.server.log.corruption.policy = EXCEPTION (default)
2019-10-05 00:46:05,664 [pool-413-thread-1] INFO  storage.RaftStorageDirectory (RaftStorageDirectory.java:analyzeStorage(246)) - The storage directory /workdir/hadoop-ozone/integration-test/target/test-dir/MiniOzoneClusterImpl-b8fb7fba-1d4b-4f50-8dfb-556ab5a2e7b3/datanode-3/data/ratis/fc2820e8-b639-498d-8463-564973769006 does not exist. Creating ...
2019-10-05 00:46:05,668 [IPC Server handler 6 on 36500] INFO  net.NetworkTopology (NetworkTopologyImpl.java:add(111)) - Added a new node: /default-rack/ed3238f0-4c84-4a60-a2f8-6cc76fc83445
2019-10-05 00:46:05,668 [IPC Server handler 6 on 36500] INFO  node.SCMNodeManager (SCMNodeManager.java:register(268)) - Registered Data node : ed3238f0-4c84-4a60-a2f8-6cc76fc83445{ip: 192.168.157.198, host: pr-hdds-2244-g9zth-2836493377, networkLocation: /default-rack, certSerialId: null}
2019-10-05 00:46:05,677 [pool-413-thread-1] INFO  storage.RaftStorageDirectory (RaftStorageDirectory.java:tryLock(328)) - Lock on /workdir/hadoop-ozone/integration-test/target/test-dir/MiniOzoneClusterImpl-b8fb7fba-1d4b-4f50-8dfb-556ab5a2e7b3/datanode-3/data/ratis/fc2820e8-b639-498d-8463-564973769006/in_use.lock acquired by nodename 31833@pr-hdds-2244-g9zth-2836493377
2019-10-05 00:46:05,690 [pool-413-thread-1] INFO  storage.RaftStorage (RaftStorage.java:format(84)) - Storage directory /workdir/hadoop-ozone/integration-test/target/test-dir/MiniOzoneClusterImpl-b8fb7fba-1d4b-4f50-8dfb-556ab5a2e7b3/datanode-3/data/ratis/fc2820e8-b639-498d-8463-564973769006 has been successfully formatted.
2019-10-05 00:46:05,690 [pool-413-thread-1] INFO  ratis.ContainerStateMachine (ContainerStateMachine.java:loadSnapshot(230)) - group-564973769006: The snapshot info is null. Setting the last applied indexto:(t:0, i:~)
2019-10-05 00:46:05,690 [pool-413-thread-1] INFO  server.RaftServerConfigKeys (ConfUtils.java:logGet(43)) - raft.server.notification.no-leader.timeout = 120s (custom)
2019-10-05 00:46:05,690 [pool-413-thread-1] INFO  server.RaftServerConfigKeys (ConfUtils.java:logGet(43)) - raft.server.log.use.memory = false (default)
2019-10-05 00:46:05,690 [pool-413-thread-1] INFO  server.RaftServerConfigKeys (ConfUtils.java:logGet(43)) - raft.server.log.purge.gap = 1000000 (custom)
2019-10-05 00:46:05,690 [pool-413-thread-1] INFO  server.RaftServerConfigKeys (ConfUtils.java:logGet(43)) - raft.server.log.appender.buffer.byte-limit = 33554432 (custom)
2019-10-05 00:46:05,690 [pool-413-thread-1] INFO  server.RaftServerConfigKeys (ConfUtils.java:logGet(43)) - raft.server.log.segment.size.max = 1048576 (custom)
2019-10-05 00:46:05,692 [pool-413-thread-1] INFO  server.RaftServerConfigKeys (ConfUtils.java:logGet(43)) - raft.server.log.segment.cache.num.max = 2 (custom)
2019-10-05 00:46:05,692 [pool-413-thread-1] INFO  segmented.SegmentedRaftLogWorker (SegmentedRaftLogWorker.java:<init>(173)) - new 89668d6e-e14c-4beb-9510-14f21fdf05ff@group-564973769006-SegmentedRaftLogWorker for RaftStorage:Storage Directory /workdir/hadoop-ozone/integration-test/target/test-dir/MiniOzoneClusterImpl-b8fb7fba-1d4b-4f50-8dfb-556ab5a2e7b3/datanode-3/data/ratis/fc2820e8-b639-498d-8463-564973769006
2019-10-05 00:46:05,692 [pool-413-thread-1] INFO  server.RaftServerConfigKeys (ConfUtils.java:logGet(43)) - raft.server.log.queue.byte-limit = 2147483647 (custom)
2019-10-05 00:46:05,692 [pool-413-thread-1] INFO  server.RaftServerConfigKeys (ConfUtils.java:logGet(43)) - raft.server.log.queue.element-limit = 1024 (custom)
2019-10-05 00:46:05,692 [pool-413-thread-1] INFO  server.RaftServerConfigKeys (ConfUtils.java:logGet(43)) - raft.server.log.segment.size.max = 1048576 (custom)
2019-10-05 00:46:05,692 [pool-413-thread-1] INFO  server.RaftServerConfigKeys (ConfUtils.java:logGet(43)) - raft.server.log.preallocated.size = 16384 (custom)
2019-10-05 00:46:05,693 [pool-413-thread-1] INFO  server.RaftServerConfigKeys (ConfUtils.java:logGet(43)) - raft.server.log.write.buffer.size = 33554432 (custom)
2019-10-05 00:46:05,693 [pool-413-thread-1] INFO  server.RaftServerConfigKeys (ConfUtils.java:logGet(43)) - raft.server.log.force.sync.num = 128 (default)
2019-10-05 00:46:05,693 [pool-413-thread-1] INFO  server.RaftServerConfigKeys (ConfUtils.java:logGet(43)) - raft.server.log.statemachine.data.sync = true (default)
2019-10-05 00:46:05,693 [pool-413-thread-1] INFO  server.RaftServerConfigKeys (ConfUtils.java:logGet(43)) - raft.server.log.statemachine.data.sync.timeout = 10s (default)
2019-10-05 00:46:05,693 [pool-413-thread-1] INFO  server.RaftServerConfigKeys (ConfUtils.java:logGet(43)) - raft.server.log.statemachine.data.sync.timeout.retry = -1 (default)
2019-10-05 00:46:05,693 [pool-413-thread-1] INFO  server.RaftServerConfigKeys (ConfUtils.java:logGet(43)) - raft.server.log.statemachine.data.caching.enabled = true (custom)
2019-10-05 00:46:05,693 [pool-413-thread-1] INFO  segmented.SegmentedRaftLogWorker (SegmentedRaftLogWorker.java:lambda$new$0(128)) - 89668d6e-e14c-4beb-9510-14f21fdf05ff@group-564973769006-SegmentedRaftLogWorker: flushIndex: setUnconditionally 0 -> -1
2019-10-05 00:46:05,694 [pool-413-thread-1] INFO  server.RaftServerConfigKeys (ConfUtils.java:logGet(43)) - raft.server.snapshot.auto.trigger.enabled = true (custom)
2019-10-05 00:46:05,694 [pool-413-thread-1] INFO  server.RaftServerConfigKeys (ConfUtils.java:logGet(43)) - raft.server.snapshot.auto.trigger.threshold = 10000 (custom)
2019-10-05 00:46:05,694 [pool-413-thread-1] INFO  server.RaftServerConfigKeys (ConfUtils.java:logGet(43)) - raft.server.snapshot.retention.file.num = 5 (custom)
2019-10-05 00:46:05,694 [pool-413-thread-1] INFO  server.RaftServerConfigKeys (ConfUtils.java:logGet(43)) - raft.server.retrycache.expirytime = 600000ms (custom)
2019-10-05 00:46:05,696 [pool-413-thread-1] INFO  impl.RaftServerImpl (RaftServerImpl.java:start(181)) - 89668d6e-e14c-4beb-9510-14f21fdf05ff@group-564973769006: start as a follower, conf=-1: [89668d6e-e14c-4beb-9510-14f21fdf05ff:192.168.157.198:39545], old=null
2019-10-05 00:46:05,696 [pool-413-thread-1] INFO  impl.RaftServerImpl (RaftServerImpl.java:setRole(170)) - 89668d6e-e14c-4beb-9510-14f21fdf05ff@group-564973769006: changes role from      null to FOLLOWER at term 0 for startAsFollower
2019-10-05 00:46:05,696 [pool-413-thread-1] INFO  impl.RoleInfo (RoleInfo.java:updateAndGet(143)) - 89668d6e-e14c-4beb-9510-14f21fdf05ff: start FollowerState
2019-10-05 00:46:05,696 [pool-413-thread-1] INFO  util.JmxRegister (JmxRegister.java:tryRegister(44)) - Successfully registered JMX Bean with object name Ratis:service=RaftServer,group=group-564973769006,id=89668d6e-e14c-4beb-9510-14f21fdf05ff
2019-10-05 00:46:05,700 [RatisPipelineUtilsThread] INFO  pipeline.PipelineStateManager (PipelineStateManager.java:addPipeline(56)) - Created pipeline Pipeline[ Id: fc2820e8-b639-498d-8463-564973769006, Nodes: 89668d6e-e14c-4beb-9510-14f21fdf05ff{ip: 192.168.157.198, host: pr-hdds-2244-g9zth-2836493377, networkLocation: /default-rack, certSerialId: null}, Type:RATIS, Factor:ONE, State:OPEN]
2019-10-05 00:46:05,706 [grpc-default-executor-4] INFO  impl.RaftServerProxy (RaftServerProxy.java:addNew(89)) - ed3238f0-4c84-4a60-a2f8-6cc76fc83445: addNew group-5A89E75AFEEA:[ed3238f0-4c84-4a60-a2f8-6cc76fc83445:192.168.157.198:39316] returns group-5A89E75AFEEA:java.util.concurrent.CompletableFuture@71cd546f[Not completed]
2019-10-05 00:46:05,707 [pool-423-thread-1] INFO  impl.RaftServerImpl (RaftServerImpl.java:<init>(95)) - ed3238f0-4c84-4a60-a2f8-6cc76fc83445: new RaftServerImpl for group-5A89E75AFEEA:[ed3238f0-4c84-4a60-a2f8-6cc76fc83445:192.168.157.198:39316] with ContainerStateMachine:uninitialized
2019-10-05 00:46:05,708 [pool-423-thread-1] INFO  server.RaftServerConfigKeys (ConfUtils.java:logGet(43)) - raft.server.rpc.timeout.min = 5s (custom)
2019-10-05 00:46:05,708 [pool-423-thread-1] INFO  server.RaftServerConfigKeys (ConfUtils.java:logGet(43)) - raft.server.rpc.timeout.max = 5200ms (custom)
2019-10-05 00:46:05,708 [pool-423-thread-1] INFO  server.RaftServerConfigKeys (ConfUtils.java:logGet(43)) - raft.server.rpcslowness.timeout = 120s (custom)
2019-10-05 00:46:05,708 [pool-423-thread-1] INFO  server.RaftServerConfigKeys (ConfUtils.java:logGet(43)) - raft.server.sleep.deviation.threshold = 300 (default)
2019-10-05 00:46:05,708 [pool-423-thread-1] INFO  server.RaftServerConfigKeys (ConfUtils.java:logGet(43)) - raft.server.log.appender.install.snapshot.enabled = false (custom)
2019-10-05 00:46:05,708 [pool-423-thread-1] INFO  impl.RaftServerImpl (ServerState.java:<init>(103)) - ed3238f0-4c84-4a60-a2f8-6cc76fc83445@group-5A89E75AFEEA: ConfigurationManager, init=-1: [ed3238f0-4c84-4a60-a2f8-6cc76fc83445:192.168.157.198:39316], old=null, confs=<EMPTY_MAP>
2019-10-05 00:46:05,708 [pool-423-thread-1] INFO  server.RaftServerConfigKeys (ConfUtils.java:logGet(43)) - raft.server.storage.dir = [/workdir/hadoop-ozone/integration-test/target/test-dir/MiniOzoneClusterImpl-b8fb7fba-1d4b-4f50-8dfb-556ab5a2e7b3/datanode-4/data/ratis] (custom)
2019-10-05 00:46:05,708 [pool-423-thread-1] INFO  server.RaftServerConfigKeys (ConfUtils.java:logGet(43)) - raft.server.log.corruption.policy = EXCEPTION (default)
2019-10-05 00:46:05,709 [pool-423-thread-1] INFO  storage.RaftStorageDirectory (RaftStorageDirectory.java:analyzeStorage(246)) - The storage directory /workdir/hadoop-ozone/integration-test/target/test-dir/MiniOzoneClusterImpl-b8fb7fba-1d4b-4f50-8dfb-556ab5a2e7b3/datanode-4/data/ratis/734ebd38-ab9b-40a6-bd80-5a89e75afeea does not exist. Creating ...
2019-10-05 00:46:05,712 [pool-423-thread-1] INFO  storage.RaftStorageDirectory (RaftStorageDirectory.java:tryLock(328)) - Lock on /workdir/hadoop-ozone/integration-test/target/test-dir/MiniOzoneClusterImpl-b8fb7fba-1d4b-4f50-8dfb-556ab5a2e7b3/datanode-4/data/ratis/734ebd38-ab9b-40a6-bd80-5a89e75afeea/in_use.lock acquired by nodename 31833@pr-hdds-2244-g9zth-2836493377
2019-10-05 00:46:05,715 [pool-423-thread-1] INFO  storage.RaftStorage (RaftStorage.java:format(84)) - Storage directory /workdir/hadoop-ozone/integration-test/target/test-dir/MiniOzoneClusterImpl-b8fb7fba-1d4b-4f50-8dfb-556ab5a2e7b3/datanode-4/data/ratis/734ebd38-ab9b-40a6-bd80-5a89e75afeea has been successfully formatted.
2019-10-05 00:46:05,715 [pool-423-thread-1] INFO  ratis.ContainerStateMachine (ContainerStateMachine.java:loadSnapshot(230)) - group-5A89E75AFEEA: The snapshot info is null. Setting the last applied indexto:(t:0, i:~)
2019-10-05 00:46:05,715 [pool-423-thread-1] INFO  server.RaftServerConfigKeys (ConfUtils.java:logGet(43)) - raft.server.notification.no-leader.timeout = 120s (custom)
2019-10-05 00:46:05,715 [pool-423-thread-1] INFO  server.RaftServerConfigKeys (ConfUtils.java:logGet(43)) - raft.server.log.use.memory = false (default)
2019-10-05 00:46:05,715 [pool-423-thread-1] INFO  server.RaftServerConfigKeys (ConfUtils.java:logGet(43)) - raft.server.log.purge.gap = 1000000 (custom)
2019-10-05 00:46:05,716 [pool-423-thread-1] INFO  server.RaftServerConfigKeys (ConfUtils.java:logGet(43)) - raft.server.log.appender.buffer.byte-limit = 33554432 (custom)
2019-10-05 00:46:05,716 [pool-423-thread-1] INFO  server.RaftServerConfigKeys (ConfUtils.java:logGet(43)) - raft.server.log.segment.size.max = 1048576 (custom)
2019-10-05 00:46:05,717 [pool-423-thread-1] INFO  server.RaftServerConfigKeys (ConfUtils.java:logGet(43)) - raft.server.log.segment.cache.num.max = 2 (custom)
2019-10-05 00:46:05,717 [pool-423-thread-1] INFO  segmented.SegmentedRaftLogWorker (SegmentedRaftLogWorker.java:<init>(173)) - new ed3238f0-4c84-4a60-a2f8-6cc76fc83445@group-5A89E75AFEEA-SegmentedRaftLogWorker for RaftStorage:Storage Directory /workdir/hadoop-ozone/integration-test/target/test-dir/MiniOzoneClusterImpl-b8fb7fba-1d4b-4f50-8dfb-556ab5a2e7b3/datanode-4/data/ratis/734ebd38-ab9b-40a6-bd80-5a89e75afeea
2019-10-05 00:46:05,718 [pool-423-thread-1] INFO  server.RaftServerConfigKeys (ConfUtils.java:logGet(43)) - raft.server.log.queue.byte-limit = 2147483647 (custom)
2019-10-05 00:46:05,718 [pool-423-thread-1] INFO  server.RaftServerConfigKeys (ConfUtils.java:logGet(43)) - raft.server.log.queue.element-limit = 1024 (custom)
2019-10-05 00:46:05,718 [pool-423-thread-1] INFO  server.RaftServerConfigKeys (ConfUtils.java:logGet(43)) - raft.server.log.segment.size.max = 1048576 (custom)
2019-10-05 00:46:05,718 [pool-423-thread-1] INFO  server.RaftServerConfigKeys (ConfUtils.java:logGet(43)) - raft.server.log.preallocated.size = 16384 (custom)
2019-10-05 00:46:05,718 [pool-423-thread-1] INFO  server.RaftServerConfigKeys (ConfUtils.java:logGet(43)) - raft.server.log.write.buffer.size = 33554432 (custom)
2019-10-05 00:46:05,718 [pool-423-thread-1] INFO  server.RaftServerConfigKeys (ConfUtils.java:logGet(43)) - raft.server.log.force.sync.num = 128 (default)
2019-10-05 00:46:05,718 [pool-423-thread-1] INFO  server.RaftServerConfigKeys (ConfUtils.java:logGet(43)) - raft.server.log.statemachine.data.sync = true (default)
2019-10-05 00:46:05,718 [pool-423-thread-1] INFO  server.RaftServerConfigKeys (ConfUtils.java:logGet(43)) - raft.server.log.statemachine.data.sync.timeout = 10s (default)
2019-10-05 00:46:05,718 [pool-423-thread-1] INFO  server.RaftServerConfigKeys (ConfUtils.java:logGet(43)) - raft.server.log.statemachine.data.sync.timeout.retry = -1 (default)
2019-10-05 00:46:05,719 [pool-423-thread-1] INFO  server.RaftServerConfigKeys (ConfUtils.java:logGet(43)) - raft.server.log.statemachine.data.caching.enabled = true (custom)
2019-10-05 00:46:05,719 [pool-423-thread-1] INFO  segmented.SegmentedRaftLogWorker (SegmentedRaftLogWorker.java:lambda$new$0(128)) - ed3238f0-4c84-4a60-a2f8-6cc76fc83445@group-5A89E75AFEEA-SegmentedRaftLogWorker: flushIndex: setUnconditionally 0 -> -1
2019-10-05 00:46:05,719 [pool-423-thread-1] INFO  server.RaftServerConfigKeys (ConfUtils.java:logGet(43)) - raft.server.snapshot.auto.trigger.enabled = true (custom)
2019-10-05 00:46:05,719 [pool-423-thread-1] INFO  server.RaftServerConfigKeys (ConfUtils.java:logGet(43)) - raft.server.snapshot.auto.trigger.threshold = 10000 (custom)
2019-10-05 00:46:05,719 [pool-423-thread-1] INFO  server.RaftServerConfigKeys (ConfUtils.java:logGet(43)) - raft.server.snapshot.retention.file.num = 5 (custom)
2019-10-05 00:46:05,719 [pool-423-thread-1] INFO  server.RaftServerConfigKeys (ConfUtils.java:logGet(43)) - raft.server.retrycache.expirytime = 600000ms (custom)
2019-10-05 00:46:05,720 [pool-423-thread-1] INFO  impl.RaftServerImpl (RaftServerImpl.java:start(181)) - ed3238f0-4c84-4a60-a2f8-6cc76fc83445@group-5A89E75AFEEA: start as a follower, conf=-1: [ed3238f0-4c84-4a60-a2f8-6cc76fc83445:192.168.157.198:39316], old=null
2019-10-05 00:46:05,721 [pool-423-thread-1] INFO  impl.RaftServerImpl (RaftServerImpl.java:setRole(170)) - ed3238f0-4c84-4a60-a2f8-6cc76fc83445@group-5A89E75AFEEA: changes role from      null to FOLLOWER at term 0 for startAsFollower
2019-10-05 00:46:05,721 [pool-423-thread-1] INFO  impl.RoleInfo (RoleInfo.java:updateAndGet(143)) - ed3238f0-4c84-4a60-a2f8-6cc76fc83445: start FollowerState
2019-10-05 00:46:05,721 [pool-423-thread-1] INFO  util.JmxRegister (JmxRegister.java:tryRegister(44)) - Successfully registered JMX Bean with object name Ratis:service=RaftServer,group=group-5A89E75AFEEA,id=ed3238f0-4c84-4a60-a2f8-6cc76fc83445
2019-10-05 00:46:05,724 [RatisPipelineUtilsThread] INFO  pipeline.PipelineStateManager (PipelineStateManager.java:addPipeline(56)) - Created pipeline Pipeline[ Id: 734ebd38-ab9b-40a6-bd80-5a89e75afeea, Nodes: ed3238f0-4c84-4a60-a2f8-6cc76fc83445{ip: 192.168.157.198, host: pr-hdds-2244-g9zth-2836493377, networkLocation: /default-rack, certSerialId: null}, Type:RATIS, Factor:ONE, State:OPEN]
2019-10-05 00:46:05,735 [IPC Server handler 7 on 36500] INFO  net.NetworkTopology (NetworkTopologyImpl.java:add(111)) - Added a new node: /default-rack/350df966-4f7e-40ad-9376-6e8135859b03
2019-10-05 00:46:05,735 [IPC Server handler 7 on 36500] INFO  node.SCMNodeManager (SCMNodeManager.java:register(268)) - Registered Data node : 350df966-4f7e-40ad-9376-6e8135859b03{ip: 192.168.157.198, host: pr-hdds-2244-g9zth-2836493377, networkLocation: /default-rack, certSerialId: null}
2019-10-05 00:46:05,744 [grpc-default-executor-4] INFO  impl.RaftServerProxy (RaftServerProxy.java:addNew(89)) - 350df966-4f7e-40ad-9376-6e8135859b03: addNew group-4770C5476C31:[350df966-4f7e-40ad-9376-6e8135859b03:192.168.157.198:41756] returns group-4770C5476C31:java.util.concurrent.CompletableFuture@49e9419[Not completed]
2019-10-05 00:46:05,745 [pool-433-thread-1] INFO  impl.RaftServerImpl (RaftServerImpl.java:<init>(95)) - 350df966-4f7e-40ad-9376-6e8135859b03: new RaftServerImpl for group-4770C5476C31:[350df966-4f7e-40ad-9376-6e8135859b03:192.168.157.198:41756] with ContainerStateMachine:uninitialized
2019-10-05 00:46:05,745 [pool-433-thread-1] INFO  server.RaftServerConfigKeys (ConfUtils.java:logGet(43)) - raft.server.rpc.timeout.min = 5s (custom)
2019-10-05 00:46:05,745 [pool-433-thread-1] INFO  server.RaftServerConfigKeys (ConfUtils.java:logGet(43)) - raft.server.rpc.timeout.max = 5200ms (custom)
2019-10-05 00:46:05,745 [pool-433-thread-1] INFO  server.RaftServerConfigKeys (ConfUtils.java:logGet(43)) - raft.server.rpcslowness.timeout = 120s (custom)
2019-10-05 00:46:05,745 [pool-433-thread-1] INFO  server.RaftServerConfigKeys (ConfUtils.java:logGet(43)) - raft.server.sleep.deviation.threshold = 300 (default)
2019-10-05 00:46:05,745 [pool-433-thread-1] INFO  server.RaftServerConfigKeys (ConfUtils.java:logGet(43)) - raft.server.log.appender.install.snapshot.enabled = false (custom)
2019-10-05 00:46:05,745 [pool-433-thread-1] INFO  impl.RaftServerImpl (ServerState.java:<init>(103)) - 350df966-4f7e-40ad-9376-6e8135859b03@group-4770C5476C31: ConfigurationManager, init=-1: [350df966-4f7e-40ad-9376-6e8135859b03:192.168.157.198:41756], old=null, confs=<EMPTY_MAP>
2019-10-05 00:46:05,745 [pool-433-thread-1] INFO  server.RaftServerConfigKeys (ConfUtils.java:logGet(43)) - raft.server.storage.dir = [/workdir/hadoop-ozone/integration-test/target/test-dir/MiniOzoneClusterImpl-b8fb7fba-1d4b-4f50-8dfb-556ab5a2e7b3/datanode-5/data/ratis] (custom)
2019-10-05 00:46:05,746 [pool-433-thread-1] INFO  server.RaftServerConfigKeys (ConfUtils.java:logGet(43)) - raft.server.log.corruption.policy = EXCEPTION (default)
2019-10-05 00:46:05,746 [pool-433-thread-1] INFO  storage.RaftStorageDirectory (RaftStorageDirectory.java:analyzeStorage(246)) - The storage directory /workdir/hadoop-ozone/integration-test/target/test-dir/MiniOzoneClusterImpl-b8fb7fba-1d4b-4f50-8dfb-556ab5a2e7b3/datanode-5/data/ratis/689e5367-4fae-4a8d-a2b1-4770c5476c31 does not exist. Creating ...
2019-10-05 00:46:05,759 [pool-433-thread-1] INFO  storage.RaftStorageDirectory (RaftStorageDirectory.java:tryLock(328)) - Lock on /workdir/hadoop-ozone/integration-test/target/test-dir/MiniOzoneClusterImpl-b8fb7fba-1d4b-4f50-8dfb-556ab5a2e7b3/datanode-5/data/ratis/689e5367-4fae-4a8d-a2b1-4770c5476c31/in_use.lock acquired by nodename 31833@pr-hdds-2244-g9zth-2836493377
2019-10-05 00:46:05,772 [pool-433-thread-1] INFO  storage.RaftStorage (RaftStorage.java:format(84)) - Storage directory /workdir/hadoop-ozone/integration-test/target/test-dir/MiniOzoneClusterImpl-b8fb7fba-1d4b-4f50-8dfb-556ab5a2e7b3/datanode-5/data/ratis/689e5367-4fae-4a8d-a2b1-4770c5476c31 has been successfully formatted.
2019-10-05 00:46:05,772 [pool-433-thread-1] INFO  ratis.ContainerStateMachine (ContainerStateMachine.java:loadSnapshot(230)) - group-4770C5476C31: The snapshot info is null. Setting the last applied indexto:(t:0, i:~)
2019-10-05 00:46:05,772 [pool-433-thread-1] INFO  server.RaftServerConfigKeys (ConfUtils.java:logGet(43)) - raft.server.notification.no-leader.timeout = 120s (custom)
2019-10-05 00:46:05,772 [pool-433-thread-1] INFO  server.RaftServerConfigKeys (ConfUtils.java:logGet(43)) - raft.server.log.use.memory = false (default)
2019-10-05 00:46:05,772 [pool-433-thread-1] INFO  server.RaftServerConfigKeys (ConfUtils.java:logGet(43)) - raft.server.log.purge.gap = 1000000 (custom)
2019-10-05 00:46:05,772 [pool-433-thread-1] INFO  server.RaftServerConfigKeys (ConfUtils.java:logGet(43)) - raft.server.log.appender.buffer.byte-limit = 33554432 (custom)
2019-10-05 00:46:05,773 [pool-433-thread-1] INFO  server.RaftServerConfigKeys (ConfUtils.java:logGet(43)) - raft.server.log.segment.size.max = 1048576 (custom)
2019-10-05 00:46:05,774 [pool-433-thread-1] INFO  server.RaftServerConfigKeys (ConfUtils.java:logGet(43)) - raft.server.log.segment.cache.num.max = 2 (custom)
2019-10-05 00:46:05,774 [pool-433-thread-1] INFO  segmented.SegmentedRaftLogWorker (SegmentedRaftLogWorker.java:<init>(173)) - new 350df966-4f7e-40ad-9376-6e8135859b03@group-4770C5476C31-SegmentedRaftLogWorker for RaftStorage:Storage Directory /workdir/hadoop-ozone/integration-test/target/test-dir/MiniOzoneClusterImpl-b8fb7fba-1d4b-4f50-8dfb-556ab5a2e7b3/datanode-5/data/ratis/689e5367-4fae-4a8d-a2b1-4770c5476c31
2019-10-05 00:46:05,774 [pool-433-thread-1] INFO  server.RaftServerConfigKeys (ConfUtils.java:logGet(43)) - raft.server.log.queue.byte-limit = 2147483647 (custom)
2019-10-05 00:46:05,774 [pool-433-thread-1] INFO  server.RaftServerConfigKeys (ConfUtils.java:logGet(43)) - raft.server.log.queue.element-limit = 1024 (custom)
2019-10-05 00:46:05,774 [pool-433-thread-1] INFO  server.RaftServerConfigKeys (ConfUtils.java:logGet(43)) - raft.server.log.segment.size.max = 1048576 (custom)
2019-10-05 00:46:05,775 [pool-433-thread-1] INFO  server.RaftServerConfigKeys (ConfUtils.java:logGet(43)) - raft.server.log.preallocated.size = 16384 (custom)
2019-10-05 00:46:05,775 [pool-433-thread-1] INFO  server.RaftServerConfigKeys (ConfUtils.java:logGet(43)) - raft.server.log.write.buffer.size = 33554432 (custom)
2019-10-05 00:46:05,775 [pool-433-thread-1] INFO  server.RaftServerConfigKeys (ConfUtils.java:logGet(43)) - raft.server.log.force.sync.num = 128 (default)
2019-10-05 00:46:05,775 [pool-433-thread-1] INFO  server.RaftServerConfigKeys (ConfUtils.java:logGet(43)) - raft.server.log.statemachine.data.sync = true (default)
2019-10-05 00:46:05,775 [pool-433-thread-1] INFO  server.RaftServerConfigKeys (ConfUtils.java:logGet(43)) - raft.server.log.statemachine.data.sync.timeout = 10s (default)
2019-10-05 00:46:05,775 [pool-433-thread-1] INFO  server.RaftServerConfigKeys (ConfUtils.java:logGet(43)) - raft.server.log.statemachine.data.sync.timeout.retry = -1 (default)
2019-10-05 00:46:05,775 [pool-433-thread-1] INFO  server.RaftServerConfigKeys (ConfUtils.java:logGet(43)) - raft.server.log.statemachine.data.caching.enabled = true (custom)
2019-10-05 00:46:05,776 [pool-433-thread-1] INFO  segmented.SegmentedRaftLogWorker (SegmentedRaftLogWorker.java:lambda$new$0(128)) - 350df966-4f7e-40ad-9376-6e8135859b03@group-4770C5476C31-SegmentedRaftLogWorker: flushIndex: setUnconditionally 0 -> -1
2019-10-05 00:46:05,776 [pool-433-thread-1] INFO  server.RaftServerConfigKeys (ConfUtils.java:logGet(43)) - raft.server.snapshot.auto.trigger.enabled = true (custom)
2019-10-05 00:46:05,776 [pool-433-thread-1] INFO  server.RaftServerConfigKeys (ConfUtils.java:logGet(43)) - raft.server.snapshot.auto.trigger.threshold = 10000 (custom)
2019-10-05 00:46:05,776 [pool-433-thread-1] INFO  server.RaftServerConfigKeys (ConfUtils.java:logGet(43)) - raft.server.snapshot.retention.file.num = 5 (custom)
2019-10-05 00:46:05,776 [pool-433-thread-1] INFO  server.RaftServerConfigKeys (ConfUtils.java:logGet(43)) - raft.server.retrycache.expirytime = 600000ms (custom)
2019-10-05 00:46:05,778 [pool-433-thread-1] INFO  impl.RaftServerImpl (RaftServerImpl.java:start(181)) - 350df966-4f7e-40ad-9376-6e8135859b03@group-4770C5476C31: start as a follower, conf=-1: [350df966-4f7e-40ad-9376-6e8135859b03:192.168.157.198:41756], old=null
2019-10-05 00:46:05,778 [pool-433-thread-1] INFO  impl.RaftServerImpl (RaftServerImpl.java:setRole(170)) - 350df966-4f7e-40ad-9376-6e8135859b03@group-4770C5476C31: changes role from      null to FOLLOWER at term 0 for startAsFollower
2019-10-05 00:46:05,778 [pool-433-thread-1] INFO  impl.RoleInfo (RoleInfo.java:updateAndGet(143)) - 350df966-4f7e-40ad-9376-6e8135859b03: start FollowerState
2019-10-05 00:46:05,778 [pool-433-thread-1] INFO  util.JmxRegister (JmxRegister.java:tryRegister(44)) - Successfully registered JMX Bean with object name Ratis:service=RaftServer,group=group-4770C5476C31,id=350df966-4f7e-40ad-9376-6e8135859b03
2019-10-05 00:46:05,781 [RatisPipelineUtilsThread] INFO  pipeline.PipelineStateManager (PipelineStateManager.java:addPipeline(56)) - Created pipeline Pipeline[ Id: 689e5367-4fae-4a8d-a2b1-4770c5476c31, Nodes: 350df966-4f7e-40ad-9376-6e8135859b03{ip: 192.168.157.198, host: pr-hdds-2244-g9zth-2836493377, networkLocation: /default-rack, certSerialId: null}, Type:RATIS, Factor:ONE, State:OPEN]
2019-10-05 00:46:05,793 [grpc-default-executor-7] INFO  impl.RaftServerProxy (RaftServerProxy.java:addNew(89)) - ed3238f0-4c84-4a60-a2f8-6cc76fc83445: addNew group-3EAEE2225F13:[350df966-4f7e-40ad-9376-6e8135859b03:192.168.157.198:41756, ed3238f0-4c84-4a60-a2f8-6cc76fc83445:192.168.157.198:39316, 89668d6e-e14c-4beb-9510-14f21fdf05ff:192.168.157.198:39545] returns group-3EAEE2225F13:java.util.concurrent.CompletableFuture@1454dcca[Not completed]
2019-10-05 00:46:05,796 [main] INFO  ozone.MiniOzoneClusterImpl (MiniOzoneClusterImpl.java:lambda$waitForClusterToBeReady$0(147)) - Waiting for cluster to be ready. Got 6 of 7 DN Heartbeats.
2019-10-05 00:46:05,797 [grpc-default-executor-7] INFO  impl.RaftServerProxy (RaftServerProxy.java:addNew(89)) - 350df966-4f7e-40ad-9376-6e8135859b03: addNew group-3EAEE2225F13:[350df966-4f7e-40ad-9376-6e8135859b03:192.168.157.198:41756, ed3238f0-4c84-4a60-a2f8-6cc76fc83445:192.168.157.198:39316, 89668d6e-e14c-4beb-9510-14f21fdf05ff:192.168.157.198:39545] returns group-3EAEE2225F13:java.util.concurrent.CompletableFuture@36d233fa[Not completed]
2019-10-05 00:46:05,797 [IPC Server handler 12 on 36500] INFO  net.NetworkTopology (NetworkTopologyImpl.java:add(111)) - Added a new node: /default-rack/f0388ce4-9c99-41d5-893d-b035a481e68e
2019-10-05 00:46:05,797 [grpc-default-executor-7] INFO  impl.RaftServerProxy (RaftServerProxy.java:addNew(89)) - 89668d6e-e14c-4beb-9510-14f21fdf05ff: addNew group-3EAEE2225F13:[350df966-4f7e-40ad-9376-6e8135859b03:192.168.157.198:41756, ed3238f0-4c84-4a60-a2f8-6cc76fc83445:192.168.157.198:39316, 89668d6e-e14c-4beb-9510-14f21fdf05ff:192.168.157.198:39545] returns group-3EAEE2225F13:java.util.concurrent.CompletableFuture@3c35173d[Not completed]
2019-10-05 00:46:05,798 [pool-423-thread-1] INFO  impl.RaftServerImpl (RaftServerImpl.java:<init>(95)) - ed3238f0-4c84-4a60-a2f8-6cc76fc83445: new RaftServerImpl for group-3EAEE2225F13:[350df966-4f7e-40ad-9376-6e8135859b03:192.168.157.198:41756, ed3238f0-4c84-4a60-a2f8-6cc76fc83445:192.168.157.198:39316, 89668d6e-e14c-4beb-9510-14f21fdf05ff:192.168.157.198:39545] with ContainerStateMachine:uninitialized
2019-10-05 00:46:05,797 [IPC Server handler 12 on 36500] INFO  node.SCMNodeManager (SCMNodeManager.java:register(268)) - Registered Data node : f0388ce4-9c99-41d5-893d-b035a481e68e{ip: 192.168.157.198, host: pr-hdds-2244-g9zth-2836493377, networkLocation: /default-rack, certSerialId: null}
2019-10-05 00:46:05,798 [pool-423-thread-1] INFO  server.RaftServerConfigKeys (ConfUtils.java:logGet(43)) - raft.server.rpc.timeout.min = 5s (custom)
2019-10-05 00:46:05,798 [pool-423-thread-1] INFO  server.RaftServerConfigKeys (ConfUtils.java:logGet(43)) - raft.server.rpc.timeout.max = 5200ms (custom)
2019-10-05 00:46:05,798 [pool-423-thread-1] INFO  server.RaftServerConfigKeys (ConfUtils.java:logGet(43)) - raft.server.rpcslowness.timeout = 120s (custom)
2019-10-05 00:46:05,798 [pool-423-thread-1] INFO  server.RaftServerConfigKeys (ConfUtils.java:logGet(43)) - raft.server.sleep.deviation.threshold = 300 (default)
2019-10-05 00:46:05,798 [pool-423-thread-1] INFO  server.RaftServerConfigKeys (ConfUtils.java:logGet(43)) - raft.server.log.appender.install.snapshot.enabled = false (custom)
2019-10-05 00:46:05,798 [pool-423-thread-1] INFO  impl.RaftServerImpl (ServerState.java:<init>(103)) - ed3238f0-4c84-4a60-a2f8-6cc76fc83445@group-3EAEE2225F13: ConfigurationManager, init=-1: [350df966-4f7e-40ad-9376-6e8135859b03:192.168.157.198:41756, ed3238f0-4c84-4a60-a2f8-6cc76fc83445:192.168.157.198:39316, 89668d6e-e14c-4beb-9510-14f21fdf05ff:192.168.157.198:39545], old=null, confs=<EMPTY_MAP>
2019-10-05 00:46:05,799 [pool-423-thread-1] INFO  server.RaftServerConfigKeys (ConfUtils.java:logGet(43)) - raft.server.storage.dir = [/workdir/hadoop-ozone/integration-test/target/test-dir/MiniOzoneClusterImpl-b8fb7fba-1d4b-4f50-8dfb-556ab5a2e7b3/datanode-4/data/ratis] (custom)
2019-10-05 00:46:05,799 [pool-433-thread-1] INFO  impl.RaftServerImpl (RaftServerImpl.java:<init>(95)) - 350df966-4f7e-40ad-9376-6e8135859b03: new RaftServerImpl for group-3EAEE2225F13:[350df966-4f7e-40ad-9376-6e8135859b03:192.168.157.198:41756, ed3238f0-4c84-4a60-a2f8-6cc76fc83445:192.168.157.198:39316, 89668d6e-e14c-4beb-9510-14f21fdf05ff:192.168.157.198:39545] with ContainerStateMachine:uninitialized
2019-10-05 00:46:05,799 [pool-423-thread-1] INFO  server.RaftServerConfigKeys (ConfUtils.java:logGet(43)) - raft.server.log.corruption.policy = EXCEPTION (default)
2019-10-05 00:46:05,799 [pool-433-thread-1] INFO  server.RaftServerConfigKeys (ConfUtils.java:logGet(43)) - raft.server.rpc.timeout.min = 5s (custom)
2019-10-05 00:46:05,799 [pool-423-thread-1] INFO  storage.RaftStorageDirectory (RaftStorageDirectory.java:analyzeStorage(246)) - The storage directory /workdir/hadoop-ozone/integration-test/target/test-dir/MiniOzoneClusterImpl-b8fb7fba-1d4b-4f50-8dfb-556ab5a2e7b3/datanode-4/data/ratis/97758af6-938f-453a-966d-3eaee2225f13 does not exist. Creating ...
2019-10-05 00:46:05,799 [pool-433-thread-1] INFO  server.RaftServerConfigKeys (ConfUtils.java:logGet(43)) - raft.server.rpc.timeout.max = 5200ms (custom)
2019-10-05 00:46:05,800 [pool-433-thread-1] INFO  server.RaftServerConfigKeys (ConfUtils.java:logGet(43)) - raft.server.rpcslowness.timeout = 120s (custom)
2019-10-05 00:46:05,800 [pool-413-thread-1] INFO  impl.RaftServerImpl (RaftServerImpl.java:<init>(95)) - 89668d6e-e14c-4beb-9510-14f21fdf05ff: new RaftServerImpl for group-3EAEE2225F13:[350df966-4f7e-40ad-9376-6e8135859b03:192.168.157.198:41756, ed3238f0-4c84-4a60-a2f8-6cc76fc83445:192.168.157.198:39316, 89668d6e-e14c-4beb-9510-14f21fdf05ff:192.168.157.198:39545] with ContainerStateMachine:uninitialized
2019-10-05 00:46:05,800 [pool-433-thread-1] INFO  server.RaftServerConfigKeys (ConfUtils.java:logGet(43)) - raft.server.sleep.deviation.threshold = 300 (default)
2019-10-05 00:46:05,800 [pool-413-thread-1] INFO  server.RaftServerConfigKeys (ConfUtils.java:logGet(43)) - raft.server.rpc.timeout.min = 5s (custom)
2019-10-05 00:46:05,800 [pool-433-thread-1] INFO  server.RaftServerConfigKeys (ConfUtils.java:logGet(43)) - raft.server.log.appender.install.snapshot.enabled = false (custom)
2019-10-05 00:46:05,800 [pool-413-thread-1] INFO  server.RaftServerConfigKeys (ConfUtils.java:logGet(43)) - raft.server.rpc.timeout.max = 5200ms (custom)
2019-10-05 00:46:05,800 [pool-433-thread-1] INFO  impl.RaftServerImpl (ServerState.java:<init>(103)) - 350df966-4f7e-40ad-9376-6e8135859b03@group-3EAEE2225F13: ConfigurationManager, init=-1: [350df966-4f7e-40ad-9376-6e8135859b03:192.168.157.198:41756, ed3238f0-4c84-4a60-a2f8-6cc76fc83445:192.168.157.198:39316, 89668d6e-e14c-4beb-9510-14f21fdf05ff:192.168.157.198:39545], old=null, confs=<EMPTY_MAP>
2019-10-05 00:46:05,800 [pool-413-thread-1] INFO  server.RaftServerConfigKeys (ConfUtils.java:logGet(43)) - raft.server.rpcslowness.timeout = 120s (custom)
2019-10-05 00:46:05,800 [pool-433-thread-1] INFO  server.RaftServerConfigKeys (ConfUtils.java:logGet(43)) - raft.server.storage.dir = [/workdir/hadoop-ozone/integration-test/target/test-dir/MiniOzoneClusterImpl-b8fb7fba-1d4b-4f50-8dfb-556ab5a2e7b3/datanode-5/data/ratis] (custom)
2019-10-05 00:46:05,800 [pool-413-thread-1] INFO  server.RaftServerConfigKeys (ConfUtils.java:logGet(43)) - raft.server.sleep.deviation.threshold = 300 (default)
2019-10-05 00:46:05,801 [pool-413-thread-1] INFO  server.RaftServerConfigKeys (ConfUtils.java:logGet(43)) - raft.server.log.appender.install.snapshot.enabled = false (custom)
2019-10-05 00:46:05,801 [pool-433-thread-1] INFO  server.RaftServerConfigKeys (ConfUtils.java:logGet(43)) - raft.server.log.corruption.policy = EXCEPTION (default)
2019-10-05 00:46:05,801 [pool-413-thread-1] INFO  impl.RaftServerImpl (ServerState.java:<init>(103)) - 89668d6e-e14c-4beb-9510-14f21fdf05ff@group-3EAEE2225F13: ConfigurationManager, init=-1: [350df966-4f7e-40ad-9376-6e8135859b03:192.168.157.198:41756, ed3238f0-4c84-4a60-a2f8-6cc76fc83445:192.168.157.198:39316, 89668d6e-e14c-4beb-9510-14f21fdf05ff:192.168.157.198:39545], old=null, confs=<EMPTY_MAP>
2019-10-05 00:46:05,801 [pool-433-thread-1] INFO  storage.RaftStorageDirectory (RaftStorageDirectory.java:analyzeStorage(246)) - The storage directory /workdir/hadoop-ozone/integration-test/target/test-dir/MiniOzoneClusterImpl-b8fb7fba-1d4b-4f50-8dfb-556ab5a2e7b3/datanode-5/data/ratis/97758af6-938f-453a-966d-3eaee2225f13 does not exist. Creating ...
2019-10-05 00:46:05,801 [pool-413-thread-1] INFO  server.RaftServerConfigKeys (ConfUtils.java:logGet(43)) - raft.server.storage.dir = [/workdir/hadoop-ozone/integration-test/target/test-dir/MiniOzoneClusterImpl-b8fb7fba-1d4b-4f50-8dfb-556ab5a2e7b3/datanode-3/data/ratis] (custom)
2019-10-05 00:46:05,801 [pool-413-thread-1] INFO  server.RaftServerConfigKeys (ConfUtils.java:logGet(43)) - raft.server.log.corruption.policy = EXCEPTION (default)
2019-10-05 00:46:05,802 [pool-413-thread-1] INFO  storage.RaftStorageDirectory (RaftStorageDirectory.java:analyzeStorage(246)) - The storage directory /workdir/hadoop-ozone/integration-test/target/test-dir/MiniOzoneClusterImpl-b8fb7fba-1d4b-4f50-8dfb-556ab5a2e7b3/datanode-3/data/ratis/97758af6-938f-453a-966d-3eaee2225f13 does not exist. Creating ...
2019-10-05 00:46:05,812 [pool-423-thread-1] INFO  storage.RaftStorageDirectory (RaftStorageDirectory.java:tryLock(328)) - Lock on /workdir/hadoop-ozone/integration-test/target/test-dir/MiniOzoneClusterImpl-b8fb7fba-1d4b-4f50-8dfb-556ab5a2e7b3/datanode-4/data/ratis/97758af6-938f-453a-966d-3eaee2225f13/in_use.lock acquired by nodename 31833@pr-hdds-2244-g9zth-2836493377
2019-10-05 00:46:05,812 [pool-433-thread-1] INFO  storage.RaftStorageDirectory (RaftStorageDirectory.java:tryLock(328)) - Lock on /workdir/hadoop-ozone/integration-test/target/test-dir/MiniOzoneClusterImpl-b8fb7fba-1d4b-4f50-8dfb-556ab5a2e7b3/datanode-5/data/ratis/97758af6-938f-453a-966d-3eaee2225f13/in_use.lock acquired by nodename 31833@pr-hdds-2244-g9zth-2836493377
2019-10-05 00:46:05,812 [pool-413-thread-1] INFO  storage.RaftStorageDirectory (RaftStorageDirectory.java:tryLock(328)) - Lock on /workdir/hadoop-ozone/integration-test/target/test-dir/MiniOzoneClusterImpl-b8fb7fba-1d4b-4f50-8dfb-556ab5a2e7b3/datanode-3/data/ratis/97758af6-938f-453a-966d-3eaee2225f13/in_use.lock acquired by nodename 31833@pr-hdds-2244-g9zth-2836493377
2019-10-05 00:46:05,826 [pool-433-thread-1] INFO  storage.RaftStorage (RaftStorage.java:format(84)) - Storage directory /workdir/hadoop-ozone/integration-test/target/test-dir/MiniOzoneClusterImpl-b8fb7fba-1d4b-4f50-8dfb-556ab5a2e7b3/datanode-5/data/ratis/97758af6-938f-453a-966d-3eaee2225f13 has been successfully formatted.
2019-10-05 00:46:05,826 [pool-413-thread-1] INFO  storage.RaftStorage (RaftStorage.java:format(84)) - Storage directory /workdir/hadoop-ozone/integration-test/target/test-dir/MiniOzoneClusterImpl-b8fb7fba-1d4b-4f50-8dfb-556ab5a2e7b3/datanode-3/data/ratis/97758af6-938f-453a-966d-3eaee2225f13 has been successfully formatted.
2019-10-05 00:46:05,826 [pool-423-thread-1] INFO  storage.RaftStorage (RaftStorage.java:format(84)) - Storage directory /workdir/hadoop-ozone/integration-test/target/test-dir/MiniOzoneClusterImpl-b8fb7fba-1d4b-4f50-8dfb-556ab5a2e7b3/datanode-4/data/ratis/97758af6-938f-453a-966d-3eaee2225f13 has been successfully formatted.
2019-10-05 00:46:05,827 [pool-433-thread-1] INFO  ratis.ContainerStateMachine (ContainerStateMachine.java:loadSnapshot(230)) - group-3EAEE2225F13: The snapshot info is null. Setting the last applied indexto:(t:0, i:~)
2019-10-05 00:46:05,827 [pool-423-thread-1] INFO  ratis.ContainerStateMachine (ContainerStateMachine.java:loadSnapshot(230)) - group-3EAEE2225F13: The snapshot info is null. Setting the last applied indexto:(t:0, i:~)
2019-10-05 00:46:05,827 [pool-413-thread-1] INFO  ratis.ContainerStateMachine (ContainerStateMachine.java:loadSnapshot(230)) - group-3EAEE2225F13: The snapshot info is null. Setting the last applied indexto:(t:0, i:~)
2019-10-05 00:46:05,827 [pool-423-thread-1] INFO  server.RaftServerConfigKeys (ConfUtils.java:logGet(43)) - raft.server.notification.no-leader.timeout = 120s (custom)
2019-10-05 00:46:05,827 [pool-433-thread-1] INFO  server.RaftServerConfigKeys (ConfUtils.java:logGet(43)) - raft.server.notification.no-leader.timeout = 120s (custom)
2019-10-05 00:46:05,827 [pool-423-thread-1] INFO  server.RaftServerConfigKeys (ConfUtils.java:logGet(43)) - raft.server.log.use.memory = false (default)
2019-10-05 00:46:05,827 [pool-413-thread-1] INFO  server.RaftServerConfigKeys (ConfUtils.java:logGet(43)) - raft.server.notification.no-leader.timeout = 120s (custom)
2019-10-05 00:46:05,827 [pool-423-thread-1] INFO  server.RaftServerConfigKeys (ConfUtils.java:logGet(43)) - raft.server.log.purge.gap = 1000000 (custom)
2019-10-05 00:46:05,827 [pool-433-thread-1] INFO  server.RaftServerConfigKeys (ConfUtils.java:logGet(43)) - raft.server.log.use.memory = false (default)
2019-10-05 00:46:05,828 [pool-423-thread-1] INFO  server.RaftServerConfigKeys (ConfUtils.java:logGet(43)) - raft.server.log.appender.buffer.byte-limit = 33554432 (custom)
2019-10-05 00:46:05,827 [pool-413-thread-1] INFO  server.RaftServerConfigKeys (ConfUtils.java:logGet(43)) - raft.server.log.use.memory = false (default)
2019-10-05 00:46:05,828 [pool-423-thread-1] INFO  server.RaftServerConfigKeys (ConfUtils.java:logGet(43)) - raft.server.log.segment.size.max = 1048576 (custom)
2019-10-05 00:46:05,828 [pool-433-thread-1] INFO  server.RaftServerConfigKeys (ConfUtils.java:logGet(43)) - raft.server.log.purge.gap = 1000000 (custom)
2019-10-05 00:46:05,828 [pool-423-thread-1] INFO  server.RaftServerConfigKeys (ConfUtils.java:logGet(43)) - raft.server.log.segment.cache.num.max = 2 (custom)
2019-10-05 00:46:05,828 [pool-413-thread-1] INFO  server.RaftServerConfigKeys (ConfUtils.java:logGet(43)) - raft.server.log.purge.gap = 1000000 (custom)
2019-10-05 00:46:05,828 [pool-423-thread-1] INFO  segmented.SegmentedRaftLogWorker (SegmentedRaftLogWorker.java:<init>(173)) - new ed3238f0-4c84-4a60-a2f8-6cc76fc83445@group-3EAEE2225F13-SegmentedRaftLogWorker for RaftStorage:Storage Directory /workdir/hadoop-ozone/integration-test/target/test-dir/MiniOzoneClusterImpl-b8fb7fba-1d4b-4f50-8dfb-556ab5a2e7b3/datanode-4/data/ratis/97758af6-938f-453a-966d-3eaee2225f13
2019-10-05 00:46:05,828 [pool-433-thread-1] INFO  server.RaftServerConfigKeys (ConfUtils.java:logGet(43)) - raft.server.log.appender.buffer.byte-limit = 33554432 (custom)
2019-10-05 00:46:05,828 [pool-423-thread-1] INFO  server.RaftServerConfigKeys (ConfUtils.java:logGet(43)) - raft.server.log.queue.byte-limit = 2147483647 (custom)
2019-10-05 00:46:05,828 [pool-413-thread-1] INFO  server.RaftServerConfigKeys (ConfUtils.java:logGet(43)) - raft.server.log.appender.buffer.byte-limit = 33554432 (custom)
2019-10-05 00:46:05,828 [pool-423-thread-1] INFO  server.RaftServerConfigKeys (ConfUtils.java:logGet(43)) - raft.server.log.queue.element-limit = 1024 (custom)
2019-10-05 00:46:05,828 [pool-433-thread-1] INFO  server.RaftServerConfigKeys (ConfUtils.java:logGet(43)) - raft.server.log.segment.size.max = 1048576 (custom)
2019-10-05 00:46:05,829 [pool-423-thread-1] INFO  server.RaftServerConfigKeys (ConfUtils.java:logGet(43)) - raft.server.log.segment.size.max = 1048576 (custom)
2019-10-05 00:46:05,829 [pool-413-thread-1] INFO  server.RaftServerConfigKeys (ConfUtils.java:logGet(43)) - raft.server.log.segment.size.max = 1048576 (custom)
2019-10-05 00:46:05,829 [pool-423-thread-1] INFO  server.RaftServerConfigKeys (ConfUtils.java:logGet(43)) - raft.server.log.preallocated.size = 16384 (custom)
2019-10-05 00:46:05,829 [pool-433-thread-1] INFO  server.RaftServerConfigKeys (ConfUtils.java:logGet(43)) - raft.server.log.segment.cache.num.max = 2 (custom)
2019-10-05 00:46:05,829 [pool-423-thread-1] INFO  server.RaftServerConfigKeys (ConfUtils.java:logGet(43)) - raft.server.log.write.buffer.size = 33554432 (custom)
2019-10-05 00:46:05,829 [pool-413-thread-1] INFO  server.RaftServerConfigKeys (ConfUtils.java:logGet(43)) - raft.server.log.segment.cache.num.max = 2 (custom)
2019-10-05 00:46:05,829 [pool-433-thread-1] INFO  segmented.SegmentedRaftLogWorker (SegmentedRaftLogWorker.java:<init>(173)) - new 350df966-4f7e-40ad-9376-6e8135859b03@group-3EAEE2225F13-SegmentedRaftLogWorker for RaftStorage:Storage Directory /workdir/hadoop-ozone/integration-test/target/test-dir/MiniOzoneClusterImpl-b8fb7fba-1d4b-4f50-8dfb-556ab5a2e7b3/datanode-5/data/ratis/97758af6-938f-453a-966d-3eaee2225f13
2019-10-05 00:46:05,829 [pool-423-thread-1] INFO  server.RaftServerConfigKeys (ConfUtils.java:logGet(43)) - raft.server.log.force.sync.num = 128 (default)
2019-10-05 00:46:05,829 [pool-413-thread-1] INFO  segmented.SegmentedRaftLogWorker (SegmentedRaftLogWorker.java:<init>(173)) - new 89668d6e-e14c-4beb-9510-14f21fdf05ff@group-3EAEE2225F13-SegmentedRaftLogWorker for RaftStorage:Storage Directory /workdir/hadoop-ozone/integration-test/target/test-dir/MiniOzoneClusterImpl-b8fb7fba-1d4b-4f50-8dfb-556ab5a2e7b3/datanode-3/data/ratis/97758af6-938f-453a-966d-3eaee2225f13
2019-10-05 00:46:05,829 [pool-423-thread-1] INFO  server.RaftServerConfigKeys (ConfUtils.java:logGet(43)) - raft.server.log.statemachine.data.sync = true (default)
2019-10-05 00:46:05,829 [pool-433-thread-1] INFO  server.RaftServerConfigKeys (ConfUtils.java:logGet(43)) - raft.server.log.queue.byte-limit = 2147483647 (custom)
2019-10-05 00:46:05,830 [pool-423-thread-1] INFO  server.RaftServerConfigKeys (ConfUtils.java:logGet(43)) - raft.server.log.statemachine.data.sync.timeout = 10s (default)
2019-10-05 00:46:05,829 [pool-413-thread-1] INFO  server.RaftServerConfigKeys (ConfUtils.java:logGet(43)) - raft.server.log.queue.byte-limit = 2147483647 (custom)
2019-10-05 00:46:05,830 [pool-423-thread-1] INFO  server.RaftServerConfigKeys (ConfUtils.java:logGet(43)) - raft.server.log.statemachine.data.sync.timeout.retry = -1 (default)
2019-10-05 00:46:05,830 [pool-433-thread-1] INFO  server.RaftServerConfigKeys (ConfUtils.java:logGet(43)) - raft.server.log.queue.element-limit = 1024 (custom)
2019-10-05 00:46:05,830 [pool-423-thread-1] INFO  server.RaftServerConfigKeys (ConfUtils.java:logGet(43)) - raft.server.log.statemachine.data.caching.enabled = true (custom)
2019-10-05 00:46:05,830 [pool-413-thread-1] INFO  server.RaftServerConfigKeys (ConfUtils.java:logGet(43)) - raft.server.log.queue.element-limit = 1024 (custom)
2019-10-05 00:46:05,830 [pool-433-thread-1] INFO  server.RaftServerConfigKeys (ConfUtils.java:logGet(43)) - raft.server.log.segment.size.max = 1048576 (custom)
2019-10-05 00:46:05,830 [pool-423-thread-1] INFO  segmented.SegmentedRaftLogWorker (SegmentedRaftLogWorker.java:lambda$new$0(128)) - ed3238f0-4c84-4a60-a2f8-6cc76fc83445@group-3EAEE2225F13-SegmentedRaftLogWorker: flushIndex: setUnconditionally 0 -> -1
2019-10-05 00:46:05,830 [pool-413-thread-1] INFO  server.RaftServerConfigKeys (ConfUtils.java:logGet(43)) - raft.server.log.segment.size.max = 1048576 (custom)
2019-10-05 00:46:05,830 [pool-433-thread-1] INFO  server.RaftServerConfigKeys (ConfUtils.java:logGet(43)) - raft.server.log.preallocated.size = 16384 (custom)
2019-10-05 00:46:05,830 [pool-423-thread-1] INFO  server.RaftServerConfigKeys (ConfUtils.java:logGet(43)) - raft.server.snapshot.auto.trigger.enabled = true (custom)
2019-10-05 00:46:05,830 [pool-413-thread-1] INFO  server.RaftServerConfigKeys (ConfUtils.java:logGet(43)) - raft.server.log.preallocated.size = 16384 (custom)
2019-10-05 00:46:05,831 [pool-423-thread-1] INFO  server.RaftServerConfigKeys (ConfUtils.java:logGet(43)) - raft.server.snapshot.auto.trigger.threshold = 10000 (custom)
2019-10-05 00:46:05,831 [pool-433-thread-1] INFO  server.RaftServerConfigKeys (ConfUtils.java:logGet(43)) - raft.server.log.write.buffer.size = 33554432 (custom)
2019-10-05 00:46:05,831 [pool-423-thread-1] INFO  server.RaftServerConfigKeys (ConfUtils.java:logGet(43)) - raft.server.snapshot.retention.file.num = 5 (custom)
2019-10-05 00:46:05,831 [pool-413-thread-1] INFO  server.RaftServerConfigKeys (ConfUtils.java:logGet(43)) - raft.server.log.write.buffer.size = 33554432 (custom)
2019-10-05 00:46:05,831 [pool-423-thread-1] INFO  server.RaftServerConfigKeys (ConfUtils.java:logGet(43)) - raft.server.retrycache.expirytime = 600000ms (custom)
2019-10-05 00:46:05,831 [pool-433-thread-1] INFO  server.RaftServerConfigKeys (ConfUtils.java:logGet(43)) - raft.server.log.force.sync.num = 128 (default)
2019-10-05 00:46:05,831 [pool-413-thread-1] INFO  server.RaftServerConfigKeys (ConfUtils.java:logGet(43)) - raft.server.log.force.sync.num = 128 (default)
2019-10-05 00:46:05,831 [pool-433-thread-1] INFO  server.RaftServerConfigKeys (ConfUtils.java:logGet(43)) - raft.server.log.statemachine.data.sync = true (default)
2019-10-05 00:46:05,831 [pool-413-thread-1] INFO  server.RaftServerConfigKeys (ConfUtils.java:logGet(43)) - raft.server.log.statemachine.data.sync = true (default)
2019-10-05 00:46:05,831 [pool-433-thread-1] INFO  server.RaftServerConfigKeys (ConfUtils.java:logGet(43)) - raft.server.log.statemachine.data.sync.timeout = 10s (default)
2019-10-05 00:46:05,832 [pool-413-thread-1] INFO  server.RaftServerConfigKeys (ConfUtils.java:logGet(43)) - raft.server.log.statemachine.data.sync.timeout = 10s (default)
2019-10-05 00:46:05,832 [pool-433-thread-1] INFO  server.RaftServerConfigKeys (ConfUtils.java:logGet(43)) - raft.server.log.statemachine.data.sync.timeout.retry = -1 (default)
2019-10-05 00:46:05,832 [pool-413-thread-1] INFO  server.RaftServerConfigKeys (ConfUtils.java:logGet(43)) - raft.server.log.statemachine.data.sync.timeout.retry = -1 (default)
2019-10-05 00:46:05,832 [pool-433-thread-1] INFO  server.RaftServerConfigKeys (ConfUtils.java:logGet(43)) - raft.server.log.statemachine.data.caching.enabled = true (custom)
2019-10-05 00:46:05,832 [pool-413-thread-1] INFO  server.RaftServerConfigKeys (ConfUtils.java:logGet(43)) - raft.server.log.statemachine.data.caching.enabled = true (custom)
2019-10-05 00:46:05,832 [pool-433-thread-1] INFO  segmented.SegmentedRaftLogWorker (SegmentedRaftLogWorker.java:lambda$new$0(128)) - 350df966-4f7e-40ad-9376-6e8135859b03@group-3EAEE2225F13-SegmentedRaftLogWorker: flushIndex: setUnconditionally 0 -> -1
2019-10-05 00:46:05,832 [pool-413-thread-1] INFO  segmented.SegmentedRaftLogWorker (SegmentedRaftLogWorker.java:lambda$new$0(128)) - 89668d6e-e14c-4beb-9510-14f21fdf05ff@group-3EAEE2225F13-SegmentedRaftLogWorker: flushIndex: setUnconditionally 0 -> -1
2019-10-05 00:46:05,832 [pool-433-thread-1] INFO  server.RaftServerConfigKeys (ConfUtils.java:logGet(43)) - raft.server.snapshot.auto.trigger.enabled = true (custom)
2019-10-05 00:46:05,833 [pool-433-thread-1] INFO  server.RaftServerConfigKeys (ConfUtils.java:logGet(43)) - raft.server.snapshot.auto.trigger.threshold = 10000 (custom)
2019-10-05 00:46:05,833 [pool-433-thread-1] INFO  server.RaftServerConfigKeys (ConfUtils.java:logGet(43)) - raft.server.snapshot.retention.file.num = 5 (custom)
2019-10-05 00:46:05,833 [pool-413-thread-1] INFO  server.RaftServerConfigKeys (ConfUtils.java:logGet(43)) - raft.server.snapshot.auto.trigger.enabled = true (custom)
2019-10-05 00:46:05,833 [pool-423-thread-1] INFO  impl.RaftServerImpl (RaftServerImpl.java:start(181)) - ed3238f0-4c84-4a60-a2f8-6cc76fc83445@group-3EAEE2225F13: start as a follower, conf=-1: [350df966-4f7e-40ad-9376-6e8135859b03:192.168.157.198:41756, ed3238f0-4c84-4a60-a2f8-6cc76fc83445:192.168.157.198:39316, 89668d6e-e14c-4beb-9510-14f21fdf05ff:192.168.157.198:39545], old=null
2019-10-05 00:46:05,833 [pool-433-thread-1] INFO  server.RaftServerConfigKeys (ConfUtils.java:logGet(43)) - raft.server.retrycache.expirytime = 600000ms (custom)
2019-10-05 00:46:05,833 [pool-423-thread-1] INFO  impl.RaftServerImpl (RaftServerImpl.java:setRole(170)) - ed3238f0-4c84-4a60-a2f8-6cc76fc83445@group-3EAEE2225F13: changes role from      null to FOLLOWER at term 0 for startAsFollower
2019-10-05 00:46:05,833 [pool-413-thread-1] INFO  server.RaftServerConfigKeys (ConfUtils.java:logGet(43)) - raft.server.snapshot.auto.trigger.threshold = 10000 (custom)
2019-10-05 00:46:05,833 [pool-423-thread-1] INFO  impl.RoleInfo (RoleInfo.java:updateAndGet(143)) - ed3238f0-4c84-4a60-a2f8-6cc76fc83445: start FollowerState
2019-10-05 00:46:05,833 [pool-413-thread-1] INFO  server.RaftServerConfigKeys (ConfUtils.java:logGet(43)) - raft.server.snapshot.retention.file.num = 5 (custom)
2019-10-05 00:46:05,834 [pool-423-thread-1] INFO  util.JmxRegister (JmxRegister.java:tryRegister(44)) - Successfully registered JMX Bean with object name Ratis:service=RaftServer,group=group-3EAEE2225F13,id=ed3238f0-4c84-4a60-a2f8-6cc76fc83445
2019-10-05 00:46:05,834 [pool-413-thread-1] INFO  server.RaftServerConfigKeys (ConfUtils.java:logGet(43)) - raft.server.retrycache.expirytime = 600000ms (custom)
2019-10-05 00:46:05,836 [pool-433-thread-1] INFO  impl.RaftServerImpl (RaftServerImpl.java:start(181)) - 350df966-4f7e-40ad-9376-6e8135859b03@group-3EAEE2225F13: start as a follower, conf=-1: [350df966-4f7e-40ad-9376-6e8135859b03:192.168.157.198:41756, ed3238f0-4c84-4a60-a2f8-6cc76fc83445:192.168.157.198:39316, 89668d6e-e14c-4beb-9510-14f21fdf05ff:192.168.157.198:39545], old=null
2019-10-05 00:46:05,836 [pool-433-thread-1] INFO  impl.RaftServerImpl (RaftServerImpl.java:setRole(170)) - 350df966-4f7e-40ad-9376-6e8135859b03@group-3EAEE2225F13: changes role from      null to FOLLOWER at term 0 for startAsFollower
2019-10-05 00:46:05,836 [pool-433-thread-1] INFO  impl.RoleInfo (RoleInfo.java:updateAndGet(143)) - 350df966-4f7e-40ad-9376-6e8135859b03: start FollowerState
2019-10-05 00:46:05,837 [pool-433-thread-1] INFO  util.JmxRegister (JmxRegister.java:tryRegister(44)) - Successfully registered JMX Bean with object name Ratis:service=RaftServer,group=group-3EAEE2225F13,id=350df966-4f7e-40ad-9376-6e8135859b03
2019-10-05 00:46:05,837 [pool-413-thread-1] INFO  impl.RaftServerImpl (RaftServerImpl.java:start(181)) - 89668d6e-e14c-4beb-9510-14f21fdf05ff@group-3EAEE2225F13: start as a follower, conf=-1: [350df966-4f7e-40ad-9376-6e8135859b03:192.168.157.198:41756, ed3238f0-4c84-4a60-a2f8-6cc76fc83445:192.168.157.198:39316, 89668d6e-e14c-4beb-9510-14f21fdf05ff:192.168.157.198:39545], old=null
2019-10-05 00:46:05,837 [pool-413-thread-1] INFO  impl.RaftServerImpl (RaftServerImpl.java:setRole(170)) - 89668d6e-e14c-4beb-9510-14f21fdf05ff@group-3EAEE2225F13: changes role from      null to FOLLOWER at term 0 for startAsFollower
2019-10-05 00:46:05,837 [pool-413-thread-1] INFO  impl.RoleInfo (RoleInfo.java:updateAndGet(143)) - 89668d6e-e14c-4beb-9510-14f21fdf05ff: start FollowerState
2019-10-05 00:46:05,837 [pool-413-thread-1] INFO  util.JmxRegister (JmxRegister.java:tryRegister(44)) - Successfully registered JMX Bean with object name Ratis:service=RaftServer,group=group-3EAEE2225F13,id=89668d6e-e14c-4beb-9510-14f21fdf05ff
2019-10-05 00:46:05,843 [RatisPipelineUtilsThread] INFO  pipeline.PipelineStateManager (PipelineStateManager.java:addPipeline(56)) - Created pipeline Pipeline[ Id: 97758af6-938f-453a-966d-3eaee2225f13, Nodes: ed3238f0-4c84-4a60-a2f8-6cc76fc83445{ip: 192.168.157.198, host: pr-hdds-2244-g9zth-2836493377, networkLocation: /default-rack, certSerialId: null}350df966-4f7e-40ad-9376-6e8135859b03{ip: 192.168.157.198, host: pr-hdds-2244-g9zth-2836493377, networkLocation: /default-rack, certSerialId: null}89668d6e-e14c-4beb-9510-14f21fdf05ff{ip: 192.168.157.198, host: pr-hdds-2244-g9zth-2836493377, networkLocation: /default-rack, certSerialId: null}, Type:RATIS, Factor:THREE, State:OPEN]
2019-10-05 00:46:06,797 [main] INFO  ozone.MiniOzoneClusterImpl (MiniOzoneClusterImpl.java:lambda$waitForClusterToBeReady$0(147)) - Cluster is ready. Got 7 of 7 DN Heartbeats.
2019-10-05 00:46:06,849 [main] INFO  rpc.RpcClient (RpcClient.java:createVolume(277)) - Creating Volume: watchforcommithandlingtest, with jenkins1000 as owner.
2019-10-05 00:46:06,853 [IPC Server handler 1 on 39766] INFO  volume.OMVolumeCreateRequest (OMVolumeCreateRequest.java:validateAndUpdateCache(193)) - created volume:watchforcommithandlingtest for user:jenkins1000
2019-10-05 00:46:06,870 [main] INFO  rpc.RpcClient (RpcClient.java:createBucket(416)) - Creating Bucket: watchforcommithandlingtest/watchforcommithandlingtest, with Versioning false and Storage Type set to DISK and Encryption set to false 
2019-10-05 00:46:06,876 [main] INFO  ozone.MiniOzoneClusterImpl (MiniOzoneClusterImpl.java:getStorageContainerLocationClient(234)) - Creating StorageContainerLocationProtocol RPC client with address /0.0.0.0:37800
2019-10-05 00:46:08,422 [Thread-2314] INFO  container.ReplicationManager (ReplicationManager.java:start(162)) - Starting Replication Monitor Thread.
2019-10-05 00:46:08,427 [ReplicationMonitor] INFO  container.ReplicationManager (ReplicationManager.java:run(225)) - Replication Monitor Thread took 0 milliseconds for processing 1 containers.
2019-10-05 00:46:10,546 [Thread-2319] INFO  impl.FollowerState (FollowerState.java:run(108)) - a6356d4d-38b2-40a5-96a9-f62f0814d40d@group-ED8C54C7E987-FollowerState: change to CANDIDATE, lastRpcTime:5013ms, electionTimeout:5013ms
2019-10-05 00:46:10,547 [Thread-2319] INFO  impl.RoleInfo (RoleInfo.java:shutdownFollowerState(121)) - a6356d4d-38b2-40a5-96a9-f62f0814d40d: shutdown FollowerState
2019-10-05 00:46:10,547 [Thread-2319] INFO  impl.RaftServerImpl (RaftServerImpl.java:setRole(170)) - a6356d4d-38b2-40a5-96a9-f62f0814d40d@group-ED8C54C7E987: changes role from  FOLLOWER to CANDIDATE at term 0 for changeToCandidate
2019-10-05 00:46:10,548 [Thread-2319] INFO  impl.RoleInfo (RoleInfo.java:updateAndGet(143)) - a6356d4d-38b2-40a5-96a9-f62f0814d40d: start LeaderElection
2019-10-05 00:46:10,573 [a6356d4d-38b2-40a5-96a9-f62f0814d40d@group-ED8C54C7E987-LeaderElection58] INFO  impl.LeaderElection (LeaderElection.java:askForVotes(178)) - a6356d4d-38b2-40a5-96a9-f62f0814d40d@group-ED8C54C7E987-LeaderElection58: begin an election at term 1 for -1: [a6356d4d-38b2-40a5-96a9-f62f0814d40d:192.168.157.198:45173], old=null
2019-10-05 00:46:10,573 [a6356d4d-38b2-40a5-96a9-f62f0814d40d@group-ED8C54C7E987-LeaderElection58] INFO  impl.RoleInfo (RoleInfo.java:shutdownLeaderElection(134)) - a6356d4d-38b2-40a5-96a9-f62f0814d40d: shutdown LeaderElection
2019-10-05 00:46:10,574 [a6356d4d-38b2-40a5-96a9-f62f0814d40d@group-ED8C54C7E987-LeaderElection58] INFO  impl.RaftServerImpl (RaftServerImpl.java:setRole(170)) - a6356d4d-38b2-40a5-96a9-f62f0814d40d@group-ED8C54C7E987: changes role from CANDIDATE to LEADER at term 1 for changeToLeader
2019-10-05 00:46:10,574 [a6356d4d-38b2-40a5-96a9-f62f0814d40d@group-ED8C54C7E987-LeaderElection58] INFO  impl.RaftServerImpl (ServerState.java:setLeader(255)) - a6356d4d-38b2-40a5-96a9-f62f0814d40d@group-ED8C54C7E987: change Leader from null to a6356d4d-38b2-40a5-96a9-f62f0814d40d at term 1 for becomeLeader, leader elected after 5048ms
2019-10-05 00:46:10,574 [a6356d4d-38b2-40a5-96a9-f62f0814d40d@group-ED8C54C7E987-LeaderElection58] INFO  server.RaftServerConfigKeys (ConfUtils.java:logGet(43)) - raft.server.staging.catchup.gap = 1000 (default)
2019-10-05 00:46:10,574 [a6356d4d-38b2-40a5-96a9-f62f0814d40d@group-ED8C54C7E987-LeaderElection58] INFO  server.RaftServerConfigKeys (ConfUtils.java:logGet(43)) - raft.server.rpc.sleep.time = 25ms (default)
2019-10-05 00:46:10,575 [a6356d4d-38b2-40a5-96a9-f62f0814d40d@group-ED8C54C7E987-LeaderElection58] INFO  server.RaftServerConfigKeys (ConfUtils.java:logGet(43)) - raft.server.write.element-limit = 4096 (default)
2019-10-05 00:46:10,575 [a6356d4d-38b2-40a5-96a9-f62f0814d40d@group-ED8C54C7E987-LeaderElection58] INFO  server.RaftServerConfigKeys (ConfUtils.java:logGet(43)) - raft.server.watch.timeout = 10s (default)
2019-10-05 00:46:10,575 [a6356d4d-38b2-40a5-96a9-f62f0814d40d@group-ED8C54C7E987-LeaderElection58] INFO  server.RaftServerConfigKeys (ConfUtils.java:logGet(43)) - raft.server.watch.timeout.denomination = 1s (default)
2019-10-05 00:46:10,575 [a6356d4d-38b2-40a5-96a9-f62f0814d40d@group-ED8C54C7E987-LeaderElection58] INFO  server.RaftServerConfigKeys (ConfUtils.java:logGet(43)) - raft.server.watch.element-limit = 65536 (default)
2019-10-05 00:46:10,578 [a6356d4d-38b2-40a5-96a9-f62f0814d40d@group-ED8C54C7E987-LeaderElection58] INFO  impl.RoleInfo (RoleInfo.java:updateAndGet(143)) - a6356d4d-38b2-40a5-96a9-f62f0814d40d: start LeaderState
2019-10-05 00:46:10,578 [a6356d4d-38b2-40a5-96a9-f62f0814d40d@group-ED8C54C7E987-LeaderElection58] INFO  segmented.SegmentedRaftLogWorker (SegmentedRaftLogWorker.java:startLogSegment(385)) - a6356d4d-38b2-40a5-96a9-f62f0814d40d@group-ED8C54C7E987-SegmentedRaftLogWorker: Starting segment from index:0
2019-10-05 00:46:10,580 [a6356d4d-38b2-40a5-96a9-f62f0814d40d@group-ED8C54C7E987-LeaderElection58] INFO  impl.RaftServerImpl (ServerState.java:setRaftConf(356)) - a6356d4d-38b2-40a5-96a9-f62f0814d40d@group-ED8C54C7E987: set configuration 0: [a6356d4d-38b2-40a5-96a9-f62f0814d40d:192.168.157.198:45173], old=null at 0
2019-10-05 00:46:10,624 [a6356d4d-38b2-40a5-96a9-f62f0814d40d@group-ED8C54C7E987-SegmentedRaftLogWorker] INFO  segmented.SegmentedRaftLogWorker (SegmentedRaftLogWorker.java:execute(574)) - a6356d4d-38b2-40a5-96a9-f62f0814d40d@group-ED8C54C7E987-SegmentedRaftLogWorker: created new log segment /workdir/hadoop-ozone/integration-test/target/test-dir/MiniOzoneClusterImpl-b8fb7fba-1d4b-4f50-8dfb-556ab5a2e7b3/datanode-1/data/ratis/b76802ac-520b-401c-8407-ed8c54c7e987/current/log_inprogress_0
2019-10-05 00:46:10,638 [Thread-2316] INFO  impl.FollowerState (FollowerState.java:run(108)) - 4223cdcf-b6b8-44ba-8e2a-30085cda3eb1@group-57DFAF1A941F-FollowerState: change to CANDIDATE, lastRpcTime:5157ms, electionTimeout:5157ms
2019-10-05 00:46:10,639 [Thread-2316] INFO  impl.RoleInfo (RoleInfo.java:shutdownFollowerState(121)) - 4223cdcf-b6b8-44ba-8e2a-30085cda3eb1: shutdown FollowerState
2019-10-05 00:46:10,639 [Thread-2316] INFO  impl.RaftServerImpl (RaftServerImpl.java:setRole(170)) - 4223cdcf-b6b8-44ba-8e2a-30085cda3eb1@group-57DFAF1A941F: changes role from  FOLLOWER to CANDIDATE at term 0 for changeToCandidate
2019-10-05 00:46:10,639 [Thread-2316] INFO  impl.RoleInfo (RoleInfo.java:updateAndGet(143)) - 4223cdcf-b6b8-44ba-8e2a-30085cda3eb1: start LeaderElection
2019-10-05 00:46:10,648 [Thread-2322] INFO  impl.FollowerState (FollowerState.java:run(108)) - b4cb1d2e-453f-4b17-913c-21c5603069de@group-C774833FE275-FollowerState: change to CANDIDATE, lastRpcTime:5065ms, electionTimeout:5065ms
2019-10-05 00:46:10,649 [Thread-2322] INFO  impl.RoleInfo (RoleInfo.java:shutdownFollowerState(121)) - b4cb1d2e-453f-4b17-913c-21c5603069de: shutdown FollowerState
2019-10-05 00:46:10,649 [Thread-2322] INFO  impl.RaftServerImpl (RaftServerImpl.java:setRole(170)) - b4cb1d2e-453f-4b17-913c-21c5603069de@group-C774833FE275: changes role from  FOLLOWER to CANDIDATE at term 0 for changeToCandidate
2019-10-05 00:46:10,649 [Thread-2322] INFO  impl.RoleInfo (RoleInfo.java:updateAndGet(143)) - b4cb1d2e-453f-4b17-913c-21c5603069de: start LeaderElection
2019-10-05 00:46:10,662 [b4cb1d2e-453f-4b17-913c-21c5603069de@group-C774833FE275-LeaderElection60] INFO  impl.LeaderElection (LeaderElection.java:askForVotes(178)) - b4cb1d2e-453f-4b17-913c-21c5603069de@group-C774833FE275-LeaderElection60: begin an election at term 1 for -1: [b4cb1d2e-453f-4b17-913c-21c5603069de:192.168.157.198:36804], old=null
2019-10-05 00:46:10,662 [4223cdcf-b6b8-44ba-8e2a-30085cda3eb1@group-57DFAF1A941F-LeaderElection59] INFO  impl.LeaderElection (LeaderElection.java:askForVotes(178)) - 4223cdcf-b6b8-44ba-8e2a-30085cda3eb1@group-57DFAF1A941F-LeaderElection59: begin an election at term 1 for -1: [4223cdcf-b6b8-44ba-8e2a-30085cda3eb1:192.168.157.198:39590], old=null
2019-10-05 00:46:10,662 [b4cb1d2e-453f-4b17-913c-21c5603069de@group-C774833FE275-LeaderElection60] INFO  impl.RoleInfo (RoleInfo.java:shutdownLeaderElection(134)) - b4cb1d2e-453f-4b17-913c-21c5603069de: shutdown LeaderElection
2019-10-05 00:46:10,662 [4223cdcf-b6b8-44ba-8e2a-30085cda3eb1@group-57DFAF1A941F-LeaderElection59] INFO  impl.RoleInfo (RoleInfo.java:shutdownLeaderElection(134)) - 4223cdcf-b6b8-44ba-8e2a-30085cda3eb1: shutdown LeaderElection
2019-10-05 00:46:10,662 [b4cb1d2e-453f-4b17-913c-21c5603069de@group-C774833FE275-LeaderElection60] INFO  impl.RaftServerImpl (RaftServerImpl.java:setRole(170)) - b4cb1d2e-453f-4b17-913c-21c5603069de@group-C774833FE275: changes role from CANDIDATE to LEADER at term 1 for changeToLeader
2019-10-05 00:46:10,663 [4223cdcf-b6b8-44ba-8e2a-30085cda3eb1@group-57DFAF1A941F-LeaderElection59] INFO  impl.RaftServerImpl (RaftServerImpl.java:setRole(170)) - 4223cdcf-b6b8-44ba-8e2a-30085cda3eb1@group-57DFAF1A941F: changes role from CANDIDATE to LEADER at term 1 for changeToLeader
2019-10-05 00:46:10,663 [b4cb1d2e-453f-4b17-913c-21c5603069de@group-C774833FE275-LeaderElection60] INFO  impl.RaftServerImpl (ServerState.java:setLeader(255)) - b4cb1d2e-453f-4b17-913c-21c5603069de@group-C774833FE275: change Leader from null to b4cb1d2e-453f-4b17-913c-21c5603069de at term 1 for becomeLeader, leader elected after 5088ms
2019-10-05 00:46:10,663 [4223cdcf-b6b8-44ba-8e2a-30085cda3eb1@group-57DFAF1A941F-LeaderElection59] INFO  impl.RaftServerImpl (ServerState.java:setLeader(255)) - 4223cdcf-b6b8-44ba-8e2a-30085cda3eb1@group-57DFAF1A941F: change Leader from null to 4223cdcf-b6b8-44ba-8e2a-30085cda3eb1 at term 1 for becomeLeader, leader elected after 5193ms
2019-10-05 00:46:10,663 [b4cb1d2e-453f-4b17-913c-21c5603069de@group-C774833FE275-LeaderElection60] INFO  server.RaftServerConfigKeys (ConfUtils.java:logGet(43)) - raft.server.staging.catchup.gap = 1000 (default)
2019-10-05 00:46:10,663 [4223cdcf-b6b8-44ba-8e2a-30085cda3eb1@group-57DFAF1A941F-LeaderElection59] INFO  server.RaftServerConfigKeys (ConfUtils.java:logGet(43)) - raft.server.staging.catchup.gap = 1000 (default)
2019-10-05 00:46:10,663 [b4cb1d2e-453f-4b17-913c-21c5603069de@group-C774833FE275-LeaderElection60] INFO  server.RaftServerConfigKeys (ConfUtils.java:logGet(43)) - raft.server.rpc.sleep.time = 25ms (default)
2019-10-05 00:46:10,663 [4223cdcf-b6b8-44ba-8e2a-30085cda3eb1@group-57DFAF1A941F-LeaderElection59] INFO  server.RaftServerConfigKeys (ConfUtils.java:logGet(43)) - raft.server.rpc.sleep.time = 25ms (default)
2019-10-05 00:46:10,663 [b4cb1d2e-453f-4b17-913c-21c5603069de@group-C774833FE275-LeaderElection60] INFO  server.RaftServerConfigKeys (ConfUtils.java:logGet(43)) - raft.server.write.element-limit = 4096 (default)
2019-10-05 00:46:10,664 [4223cdcf-b6b8-44ba-8e2a-30085cda3eb1@group-57DFAF1A941F-LeaderElection59] INFO  server.RaftServerConfigKeys (ConfUtils.java:logGet(43)) - raft.server.write.element-limit = 4096 (default)
2019-10-05 00:46:10,664 [b4cb1d2e-453f-4b17-913c-21c5603069de@group-C774833FE275-LeaderElection60] INFO  server.RaftServerConfigKeys (ConfUtils.java:logGet(43)) - raft.server.watch.timeout = 10s (default)
2019-10-05 00:46:10,664 [4223cdcf-b6b8-44ba-8e2a-30085cda3eb1@group-57DFAF1A941F-LeaderElection59] INFO  server.RaftServerConfigKeys (ConfUtils.java:logGet(43)) - raft.server.watch.timeout = 10s (default)
2019-10-05 00:46:10,664 [b4cb1d2e-453f-4b17-913c-21c5603069de@group-C774833FE275-LeaderElection60] INFO  server.RaftServerConfigKeys (ConfUtils.java:logGet(43)) - raft.server.watch.timeout.denomination = 1s (default)
2019-10-05 00:46:10,664 [4223cdcf-b6b8-44ba-8e2a-30085cda3eb1@group-57DFAF1A941F-LeaderElection59] INFO  server.RaftServerConfigKeys (ConfUtils.java:logGet(43)) - raft.server.watch.timeout.denomination = 1s (default)
2019-10-05 00:46:10,664 [b4cb1d2e-453f-4b17-913c-21c5603069de@group-C774833FE275-LeaderElection60] INFO  server.RaftServerConfigKeys (ConfUtils.java:logGet(43)) - raft.server.watch.element-limit = 65536 (default)
2019-10-05 00:46:10,664 [4223cdcf-b6b8-44ba-8e2a-30085cda3eb1@group-57DFAF1A941F-LeaderElection59] INFO  server.RaftServerConfigKeys (ConfUtils.java:logGet(43)) - raft.server.watch.element-limit = 65536 (default)
2019-10-05 00:46:10,667 [b4cb1d2e-453f-4b17-913c-21c5603069de@group-C774833FE275-LeaderElection60] INFO  impl.RoleInfo (RoleInfo.java:updateAndGet(143)) - b4cb1d2e-453f-4b17-913c-21c5603069de: start LeaderState
2019-10-05 00:46:10,667 [4223cdcf-b6b8-44ba-8e2a-30085cda3eb1@group-57DFAF1A941F-LeaderElection59] INFO  impl.RoleInfo (RoleInfo.java:updateAndGet(143)) - 4223cdcf-b6b8-44ba-8e2a-30085cda3eb1: start LeaderState
2019-10-05 00:46:10,667 [b4cb1d2e-453f-4b17-913c-21c5603069de@group-C774833FE275-LeaderElection60] INFO  segmented.SegmentedRaftLogWorker (SegmentedRaftLogWorker.java:startLogSegment(385)) - b4cb1d2e-453f-4b17-913c-21c5603069de@group-C774833FE275-SegmentedRaftLogWorker: Starting segment from index:0
2019-10-05 00:46:10,667 [4223cdcf-b6b8-44ba-8e2a-30085cda3eb1@group-57DFAF1A941F-LeaderElection59] INFO  segmented.SegmentedRaftLogWorker (SegmentedRaftLogWorker.java:startLogSegment(385)) - 4223cdcf-b6b8-44ba-8e2a-30085cda3eb1@group-57DFAF1A941F-SegmentedRaftLogWorker: Starting segment from index:0
2019-10-05 00:46:10,668 [Thread-2329] INFO  impl.FollowerState (FollowerState.java:run(108)) - 4223cdcf-b6b8-44ba-8e2a-30085cda3eb1@group-FCE8886FD307-FollowerState: change to CANDIDATE, lastRpcTime:5023ms, electionTimeout:5023ms
2019-10-05 00:46:10,668 [b4cb1d2e-453f-4b17-913c-21c5603069de@group-C774833FE275-LeaderElection60] INFO  impl.RaftServerImpl (ServerState.java:setRaftConf(356)) - b4cb1d2e-453f-4b17-913c-21c5603069de@group-C774833FE275: set configuration 0: [b4cb1d2e-453f-4b17-913c-21c5603069de:192.168.157.198:36804], old=null at 0
2019-10-05 00:46:10,668 [Thread-2329] INFO  impl.RoleInfo (RoleInfo.java:shutdownFollowerState(121)) - 4223cdcf-b6b8-44ba-8e2a-30085cda3eb1: shutdown FollowerState
2019-10-05 00:46:10,668 [Thread-2329] INFO  impl.RaftServerImpl (RaftServerImpl.java:setRole(170)) - 4223cdcf-b6b8-44ba-8e2a-30085cda3eb1@group-FCE8886FD307: changes role from  FOLLOWER to CANDIDATE at term 0 for changeToCandidate
2019-10-05 00:46:10,668 [4223cdcf-b6b8-44ba-8e2a-30085cda3eb1@group-57DFAF1A941F-LeaderElection59] INFO  impl.RaftServerImpl (ServerState.java:setRaftConf(356)) - 4223cdcf-b6b8-44ba-8e2a-30085cda3eb1@group-57DFAF1A941F: set configuration 0: [4223cdcf-b6b8-44ba-8e2a-30085cda3eb1:192.168.157.198:39590], old=null at 0
2019-10-05 00:46:10,668 [Thread-2329] INFO  impl.RoleInfo (RoleInfo.java:updateAndGet(143)) - 4223cdcf-b6b8-44ba-8e2a-30085cda3eb1: start LeaderElection
2019-10-05 00:46:10,709 [Thread-2334] INFO  impl.FollowerState (FollowerState.java:run(108)) - 89668d6e-e14c-4beb-9510-14f21fdf05ff@group-564973769006-FollowerState: change to CANDIDATE, lastRpcTime:5013ms, electionTimeout:5013ms
2019-10-05 00:46:10,710 [Thread-2334] INFO  impl.RoleInfo (RoleInfo.java:shutdownFollowerState(121)) - 89668d6e-e14c-4beb-9510-14f21fdf05ff: shutdown FollowerState
2019-10-05 00:46:10,710 [Thread-2334] INFO  impl.RaftServerImpl (RaftServerImpl.java:setRole(170)) - 89668d6e-e14c-4beb-9510-14f21fdf05ff@group-564973769006: changes role from  FOLLOWER to CANDIDATE at term 0 for changeToCandidate
2019-10-05 00:46:10,710 [Thread-2334] INFO  impl.RoleInfo (RoleInfo.java:updateAndGet(143)) - 89668d6e-e14c-4beb-9510-14f21fdf05ff: start LeaderElection
2019-10-05 00:46:10,718 [4223cdcf-b6b8-44ba-8e2a-30085cda3eb1@group-57DFAF1A941F-SegmentedRaftLogWorker] INFO  segmented.SegmentedRaftLogWorker (SegmentedRaftLogWorker.java:execute(574)) - 4223cdcf-b6b8-44ba-8e2a-30085cda3eb1@group-57DFAF1A941F-SegmentedRaftLogWorker: created new log segment /workdir/hadoop-ozone/integration-test/target/test-dir/MiniOzoneClusterImpl-b8fb7fba-1d4b-4f50-8dfb-556ab5a2e7b3/datanode-0/data/ratis/6f666c8a-8784-45cf-8387-57dfaf1a941f/current/log_inprogress_0
2019-10-05 00:46:10,719 [4223cdcf-b6b8-44ba-8e2a-30085cda3eb1@group-FCE8886FD307-LeaderElection61] INFO  impl.LeaderElection (LeaderElection.java:askForVotes(178)) - 4223cdcf-b6b8-44ba-8e2a-30085cda3eb1@group-FCE8886FD307-LeaderElection61: begin an election at term 1 for -1: [4223cdcf-b6b8-44ba-8e2a-30085cda3eb1:192.168.157.198:39590, b4cb1d2e-453f-4b17-913c-21c5603069de:192.168.157.198:36804, a6356d4d-38b2-40a5-96a9-f62f0814d40d:192.168.157.198:45173], old=null
2019-10-05 00:46:10,719 [Thread-2327] INFO  impl.FollowerState (FollowerState.java:run(108)) - b4cb1d2e-453f-4b17-913c-21c5603069de@group-FCE8886FD307-FollowerState: change to CANDIDATE, lastRpcTime:5077ms, electionTimeout:5072ms
2019-10-05 00:46:10,718 [b4cb1d2e-453f-4b17-913c-21c5603069de@group-C774833FE275-SegmentedRaftLogWorker] INFO  segmented.SegmentedRaftLogWorker (SegmentedRaftLogWorker.java:execute(574)) - b4cb1d2e-453f-4b17-913c-21c5603069de@group-C774833FE275-SegmentedRaftLogWorker: created new log segment /workdir/hadoop-ozone/integration-test/target/test-dir/MiniOzoneClusterImpl-b8fb7fba-1d4b-4f50-8dfb-556ab5a2e7b3/datanode-2/data/ratis/b1dbb03c-ac05-4fc3-b0b0-c774833fe275/current/log_inprogress_0
2019-10-05 00:46:10,719 [Thread-2327] INFO  impl.RoleInfo (RoleInfo.java:shutdownFollowerState(121)) - b4cb1d2e-453f-4b17-913c-21c5603069de: shutdown FollowerState
2019-10-05 00:46:10,719 [Thread-2327] INFO  impl.RaftServerImpl (RaftServerImpl.java:setRole(170)) - b4cb1d2e-453f-4b17-913c-21c5603069de@group-FCE8886FD307: changes role from  FOLLOWER to CANDIDATE at term 0 for changeToCandidate
2019-10-05 00:46:10,719 [Thread-2327] INFO  impl.RoleInfo (RoleInfo.java:updateAndGet(143)) - b4cb1d2e-453f-4b17-913c-21c5603069de: start LeaderElection
2019-10-05 00:46:10,723 [89668d6e-e14c-4beb-9510-14f21fdf05ff@group-564973769006-LeaderElection62] INFO  impl.LeaderElection (LeaderElection.java:askForVotes(178)) - 89668d6e-e14c-4beb-9510-14f21fdf05ff@group-564973769006-LeaderElection62: begin an election at term 1 for -1: [89668d6e-e14c-4beb-9510-14f21fdf05ff:192.168.157.198:39545], old=null
2019-10-05 00:46:10,725 [89668d6e-e14c-4beb-9510-14f21fdf05ff@group-564973769006-LeaderElection62] INFO  impl.RoleInfo (RoleInfo.java:shutdownLeaderElection(134)) - 89668d6e-e14c-4beb-9510-14f21fdf05ff: shutdown LeaderElection
2019-10-05 00:46:10,726 [89668d6e-e14c-4beb-9510-14f21fdf05ff@group-564973769006-LeaderElection62] INFO  impl.RaftServerImpl (RaftServerImpl.java:setRole(170)) - 89668d6e-e14c-4beb-9510-14f21fdf05ff@group-564973769006: changes role from CANDIDATE to LEADER at term 1 for changeToLeader
2019-10-05 00:46:10,726 [89668d6e-e14c-4beb-9510-14f21fdf05ff@group-564973769006-LeaderElection62] INFO  impl.RaftServerImpl (ServerState.java:setLeader(255)) - 89668d6e-e14c-4beb-9510-14f21fdf05ff@group-564973769006: change Leader from null to 89668d6e-e14c-4beb-9510-14f21fdf05ff at term 1 for becomeLeader, leader elected after 5035ms
2019-10-05 00:46:10,726 [89668d6e-e14c-4beb-9510-14f21fdf05ff@group-564973769006-LeaderElection62] INFO  server.RaftServerConfigKeys (ConfUtils.java:logGet(43)) - raft.server.staging.catchup.gap = 1000 (default)
2019-10-05 00:46:10,726 [89668d6e-e14c-4beb-9510-14f21fdf05ff@group-564973769006-LeaderElection62] INFO  server.RaftServerConfigKeys (ConfUtils.java:logGet(43)) - raft.server.rpc.sleep.time = 25ms (default)
2019-10-05 00:46:10,727 [89668d6e-e14c-4beb-9510-14f21fdf05ff@group-564973769006-LeaderElection62] INFO  server.RaftServerConfigKeys (ConfUtils.java:logGet(43)) - raft.server.write.element-limit = 4096 (default)
2019-10-05 00:46:10,727 [89668d6e-e14c-4beb-9510-14f21fdf05ff@group-564973769006-LeaderElection62] INFO  server.RaftServerConfigKeys (ConfUtils.java:logGet(43)) - raft.server.watch.timeout = 10s (default)
2019-10-05 00:46:10,727 [89668d6e-e14c-4beb-9510-14f21fdf05ff@group-564973769006-LeaderElection62] INFO  server.RaftServerConfigKeys (ConfUtils.java:logGet(43)) - raft.server.watch.timeout.denomination = 1s (default)
2019-10-05 00:46:10,727 [89668d6e-e14c-4beb-9510-14f21fdf05ff@group-564973769006-LeaderElection62] INFO  server.RaftServerConfigKeys (ConfUtils.java:logGet(43)) - raft.server.watch.element-limit = 65536 (default)
2019-10-05 00:46:10,729 [b4cb1d2e-453f-4b17-913c-21c5603069de@group-FCE8886FD307-LeaderElection63] INFO  impl.LeaderElection (LeaderElection.java:askForVotes(178)) - b4cb1d2e-453f-4b17-913c-21c5603069de@group-FCE8886FD307-LeaderElection63: begin an election at term 1 for -1: [4223cdcf-b6b8-44ba-8e2a-30085cda3eb1:192.168.157.198:39590, b4cb1d2e-453f-4b17-913c-21c5603069de:192.168.157.198:36804, a6356d4d-38b2-40a5-96a9-f62f0814d40d:192.168.157.198:45173], old=null
2019-10-05 00:46:10,729 [grpc-default-executor-4] INFO  impl.RaftServerImpl (RaftServerImpl.java:setRole(170)) - a6356d4d-38b2-40a5-96a9-f62f0814d40d@group-FCE8886FD307: changes role from  FOLLOWER to FOLLOWER at term 1 for recognizeCandidate:4223cdcf-b6b8-44ba-8e2a-30085cda3eb1
2019-10-05 00:46:10,730 [89668d6e-e14c-4beb-9510-14f21fdf05ff@group-564973769006-LeaderElection62] INFO  impl.RoleInfo (RoleInfo.java:updateAndGet(143)) - 89668d6e-e14c-4beb-9510-14f21fdf05ff: start LeaderState
2019-10-05 00:46:10,730 [grpc-default-executor-4] INFO  impl.RoleInfo (RoleInfo.java:shutdownFollowerState(121)) - a6356d4d-38b2-40a5-96a9-f62f0814d40d: shutdown FollowerState
2019-10-05 00:46:10,730 [grpc-default-executor-4] INFO  impl.RoleInfo (RoleInfo.java:updateAndGet(143)) - a6356d4d-38b2-40a5-96a9-f62f0814d40d: start FollowerState
2019-10-05 00:46:10,730 [Thread-2328] INFO  impl.FollowerState (FollowerState.java:run(117)) - a6356d4d-38b2-40a5-96a9-f62f0814d40d@group-FCE8886FD307-FollowerState was interrupted: java.lang.InterruptedException: sleep interrupted
2019-10-05 00:46:10,730 [89668d6e-e14c-4beb-9510-14f21fdf05ff@group-564973769006-LeaderElection62] INFO  segmented.SegmentedRaftLogWorker (SegmentedRaftLogWorker.java:startLogSegment(385)) - 89668d6e-e14c-4beb-9510-14f21fdf05ff@group-564973769006-SegmentedRaftLogWorker: Starting segment from index:0
2019-10-05 00:46:10,734 [89668d6e-e14c-4beb-9510-14f21fdf05ff@group-564973769006-LeaderElection62] INFO  impl.RaftServerImpl (ServerState.java:setRaftConf(356)) - 89668d6e-e14c-4beb-9510-14f21fdf05ff@group-564973769006: set configuration 0: [89668d6e-e14c-4beb-9510-14f21fdf05ff:192.168.157.198:39545], old=null at 0
2019-10-05 00:46:10,773 [4223cdcf-b6b8-44ba-8e2a-30085cda3eb1@group-FCE8886FD307-LeaderElection61] INFO  impl.LeaderElection (LeaderElection.java:logAndReturn(56)) - 4223cdcf-b6b8-44ba-8e2a-30085cda3eb1@group-FCE8886FD307-LeaderElection61: Election PASSED; received 2 response(s) [4223cdcf-b6b8-44ba-8e2a-30085cda3eb1<-b4cb1d2e-453f-4b17-913c-21c5603069de#0:FAIL-t1, 4223cdcf-b6b8-44ba-8e2a-30085cda3eb1<-a6356d4d-38b2-40a5-96a9-f62f0814d40d#0:OK-t1] and 0 exception(s); 4223cdcf-b6b8-44ba-8e2a-30085cda3eb1@group-FCE8886FD307:t1, leader=null, voted=4223cdcf-b6b8-44ba-8e2a-30085cda3eb1, raftlog=4223cdcf-b6b8-44ba-8e2a-30085cda3eb1@group-FCE8886FD307-SegmentedRaftLog:OPENED:c-1,f-1,i0, conf=-1: [4223cdcf-b6b8-44ba-8e2a-30085cda3eb1:192.168.157.198:39590, b4cb1d2e-453f-4b17-913c-21c5603069de:192.168.157.198:36804, a6356d4d-38b2-40a5-96a9-f62f0814d40d:192.168.157.198:45173], old=null
2019-10-05 00:46:10,773 [4223cdcf-b6b8-44ba-8e2a-30085cda3eb1@group-FCE8886FD307-LeaderElection61] INFO  impl.RoleInfo (RoleInfo.java:shutdownLeaderElection(134)) - 4223cdcf-b6b8-44ba-8e2a-30085cda3eb1: shutdown LeaderElection
2019-10-05 00:46:10,773 [4223cdcf-b6b8-44ba-8e2a-30085cda3eb1@group-FCE8886FD307-LeaderElection61] INFO  impl.RaftServerImpl (RaftServerImpl.java:setRole(170)) - 4223cdcf-b6b8-44ba-8e2a-30085cda3eb1@group-FCE8886FD307: changes role from CANDIDATE to LEADER at term 1 for changeToLeader
2019-10-05 00:46:10,773 [4223cdcf-b6b8-44ba-8e2a-30085cda3eb1@group-FCE8886FD307-LeaderElection61] INFO  impl.RaftServerImpl (ServerState.java:setLeader(255)) - 4223cdcf-b6b8-44ba-8e2a-30085cda3eb1@group-FCE8886FD307: change Leader from null to 4223cdcf-b6b8-44ba-8e2a-30085cda3eb1 at term 1 for becomeLeader, leader elected after 5139ms
2019-10-05 00:46:10,774 [4223cdcf-b6b8-44ba-8e2a-30085cda3eb1@group-FCE8886FD307-LeaderElection61] INFO  server.RaftServerConfigKeys (ConfUtils.java:logGet(43)) - raft.server.staging.catchup.gap = 1000 (default)
2019-10-05 00:46:10,774 [4223cdcf-b6b8-44ba-8e2a-30085cda3eb1@group-FCE8886FD307-LeaderElection61] INFO  server.RaftServerConfigKeys (ConfUtils.java:logGet(43)) - raft.server.rpc.sleep.time = 25ms (default)
2019-10-05 00:46:10,774 [89668d6e-e14c-4beb-9510-14f21fdf05ff@group-564973769006-SegmentedRaftLogWorker] INFO  segmented.SegmentedRaftLogWorker (SegmentedRaftLogWorker.java:execute(574)) - 89668d6e-e14c-4beb-9510-14f21fdf05ff@group-564973769006-SegmentedRaftLogWorker: created new log segment /workdir/hadoop-ozone/integration-test/target/test-dir/MiniOzoneClusterImpl-b8fb7fba-1d4b-4f50-8dfb-556ab5a2e7b3/datanode-3/data/ratis/fc2820e8-b639-498d-8463-564973769006/current/log_inprogress_0
2019-10-05 00:46:10,777 [b4cb1d2e-453f-4b17-913c-21c5603069de@group-FCE8886FD307-LeaderElection63] INFO  impl.LeaderElection (LeaderElection.java:logAndReturn(56)) - b4cb1d2e-453f-4b17-913c-21c5603069de@group-FCE8886FD307-LeaderElection63: Election REJECTED; received 2 response(s) [b4cb1d2e-453f-4b17-913c-21c5603069de<-4223cdcf-b6b8-44ba-8e2a-30085cda3eb1#0:FAIL-t1, b4cb1d2e-453f-4b17-913c-21c5603069de<-a6356d4d-38b2-40a5-96a9-f62f0814d40d#0:FAIL-t1] and 0 exception(s); b4cb1d2e-453f-4b17-913c-21c5603069de@group-FCE8886FD307:t1, leader=null, voted=b4cb1d2e-453f-4b17-913c-21c5603069de, raftlog=b4cb1d2e-453f-4b17-913c-21c5603069de@group-FCE8886FD307-SegmentedRaftLog:OPENED:c-1,f-1,i0, conf=-1: [4223cdcf-b6b8-44ba-8e2a-30085cda3eb1:192.168.157.198:39590, b4cb1d2e-453f-4b17-913c-21c5603069de:192.168.157.198:36804, a6356d4d-38b2-40a5-96a9-f62f0814d40d:192.168.157.198:45173], old=null
2019-10-05 00:46:10,777 [4223cdcf-b6b8-44ba-8e2a-30085cda3eb1@group-FCE8886FD307-LeaderElection61] INFO  server.RaftServerConfigKeys (ConfUtils.java:logGet(43)) - raft.server.write.element-limit = 4096 (default)
2019-10-05 00:46:10,778 [b4cb1d2e-453f-4b17-913c-21c5603069de@group-FCE8886FD307-LeaderElection63] INFO  impl.RaftServerImpl (RaftServerImpl.java:setRole(170)) - b4cb1d2e-453f-4b17-913c-21c5603069de@group-FCE8886FD307: changes role from CANDIDATE to FOLLOWER at term 1 for DISCOVERED_A_NEW_TERM
2019-10-05 00:46:10,781 [b4cb1d2e-453f-4b17-913c-21c5603069de@group-FCE8886FD307-LeaderElection63] INFO  impl.RoleInfo (RoleInfo.java:shutdownLeaderElection(134)) - b4cb1d2e-453f-4b17-913c-21c5603069de: shutdown LeaderElection
2019-10-05 00:46:10,778 [4223cdcf-b6b8-44ba-8e2a-30085cda3eb1@group-FCE8886FD307-LeaderElection61] INFO  server.RaftServerConfigKeys (ConfUtils.java:logGet(43)) - raft.server.watch.timeout = 10s (default)
2019-10-05 00:46:10,781 [b4cb1d2e-453f-4b17-913c-21c5603069de@group-FCE8886FD307-LeaderElection63] INFO  impl.RoleInfo (RoleInfo.java:updateAndGet(143)) - b4cb1d2e-453f-4b17-913c-21c5603069de: start FollowerState
2019-10-05 00:46:10,781 [4223cdcf-b6b8-44ba-8e2a-30085cda3eb1@group-FCE8886FD307-LeaderElection61] INFO  server.RaftServerConfigKeys (ConfUtils.java:logGet(43)) - raft.server.watch.timeout.denomination = 1s (default)
2019-10-05 00:46:10,782 [4223cdcf-b6b8-44ba-8e2a-30085cda3eb1@group-FCE8886FD307-LeaderElection61] INFO  server.RaftServerConfigKeys (ConfUtils.java:logGet(43)) - raft.server.watch.element-limit = 65536 (default)
2019-10-05 00:46:10,784 [4223cdcf-b6b8-44ba-8e2a-30085cda3eb1@group-FCE8886FD307-LeaderElection61] INFO  server.RaftServerConfigKeys (ConfUtils.java:logGet(43)) - raft.server.log.appender.snapshot.chunk.size.max = 16MB (=16777216) (default)
2019-10-05 00:46:10,784 [4223cdcf-b6b8-44ba-8e2a-30085cda3eb1@group-FCE8886FD307-LeaderElection61] INFO  server.RaftServerConfigKeys (ConfUtils.java:logGet(43)) - raft.server.log.appender.buffer.byte-limit = 33554432 (custom)
2019-10-05 00:46:10,784 [4223cdcf-b6b8-44ba-8e2a-30085cda3eb1@group-FCE8886FD307-LeaderElection61] INFO  server.RaftServerConfigKeys (ConfUtils.java:logGet(43)) - raft.server.log.appender.buffer.element-limit = 1 (custom)
2019-10-05 00:46:10,785 [4223cdcf-b6b8-44ba-8e2a-30085cda3eb1@group-FCE8886FD307-LeaderElection61] INFO  grpc.GrpcConfigKeys$Server (ConfUtils.java:logGet(43)) - raft.grpc.server.leader.outstanding.appends.max = 128 (default)
2019-10-05 00:46:10,785 [4223cdcf-b6b8-44ba-8e2a-30085cda3eb1@group-FCE8886FD307-LeaderElection61] INFO  server.RaftServerConfigKeys (ConfUtils.java:logGet(43)) - raft.server.rpc.request.timeout = 3000ms (default)
2019-10-05 00:46:10,785 [4223cdcf-b6b8-44ba-8e2a-30085cda3eb1@group-FCE8886FD307-LeaderElection61] INFO  server.RaftServerConfigKeys (ConfUtils.java:logGet(43)) - raft.server.log.appender.install.snapshot.enabled = false (custom)
2019-10-05 00:46:10,785 [4223cdcf-b6b8-44ba-8e2a-30085cda3eb1@group-FCE8886FD307-LeaderElection61] INFO  server.RaftServerConfigKeys (ConfUtils.java:logGet(43)) - raft.server.log.appender.snapshot.chunk.size.max = 16MB (=16777216) (default)
2019-10-05 00:46:10,786 [4223cdcf-b6b8-44ba-8e2a-30085cda3eb1@group-FCE8886FD307-LeaderElection61] INFO  server.RaftServerConfigKeys (ConfUtils.java:logGet(43)) - raft.server.log.appender.buffer.byte-limit = 33554432 (custom)
2019-10-05 00:46:10,786 [4223cdcf-b6b8-44ba-8e2a-30085cda3eb1@group-FCE8886FD307-LeaderElection61] INFO  server.RaftServerConfigKeys (ConfUtils.java:logGet(43)) - raft.server.log.appender.buffer.element-limit = 1 (custom)
2019-10-05 00:46:10,786 [4223cdcf-b6b8-44ba-8e2a-30085cda3eb1@group-FCE8886FD307-LeaderElection61] INFO  grpc.GrpcConfigKeys$Server (ConfUtils.java:logGet(43)) - raft.grpc.server.leader.outstanding.appends.max = 128 (default)
2019-10-05 00:46:10,786 [4223cdcf-b6b8-44ba-8e2a-30085cda3eb1@group-FCE8886FD307-LeaderElection61] INFO  server.RaftServerConfigKeys (ConfUtils.java:logGet(43)) - raft.server.rpc.request.timeout = 3000ms (default)
2019-10-05 00:46:10,786 [4223cdcf-b6b8-44ba-8e2a-30085cda3eb1@group-FCE8886FD307-LeaderElection61] INFO  server.RaftServerConfigKeys (ConfUtils.java:logGet(43)) - raft.server.log.appender.install.snapshot.enabled = false (custom)
2019-10-05 00:46:10,787 [4223cdcf-b6b8-44ba-8e2a-30085cda3eb1@group-FCE8886FD307-LeaderElection61] INFO  impl.RoleInfo (RoleInfo.java:updateAndGet(143)) - 4223cdcf-b6b8-44ba-8e2a-30085cda3eb1: start LeaderState
2019-10-05 00:46:10,787 [4223cdcf-b6b8-44ba-8e2a-30085cda3eb1@group-FCE8886FD307-LeaderElection61] INFO  segmented.SegmentedRaftLogWorker (SegmentedRaftLogWorker.java:startLogSegment(385)) - 4223cdcf-b6b8-44ba-8e2a-30085cda3eb1@group-FCE8886FD307-SegmentedRaftLogWorker: Starting segment from index:0
2019-10-05 00:46:10,788 [4223cdcf-b6b8-44ba-8e2a-30085cda3eb1@group-FCE8886FD307-LeaderElection61] INFO  impl.RaftServerImpl (ServerState.java:setRaftConf(356)) - 4223cdcf-b6b8-44ba-8e2a-30085cda3eb1@group-FCE8886FD307: set configuration 0: [4223cdcf-b6b8-44ba-8e2a-30085cda3eb1:192.168.157.198:39590, b4cb1d2e-453f-4b17-913c-21c5603069de:192.168.157.198:36804, a6356d4d-38b2-40a5-96a9-f62f0814d40d:192.168.157.198:45173], old=null at 0
2019-10-05 00:46:10,839 [Thread-2340] INFO  impl.FollowerState (FollowerState.java:run(108)) - 350df966-4f7e-40ad-9376-6e8135859b03@group-4770C5476C31-FollowerState: change to CANDIDATE, lastRpcTime:5061ms, electionTimeout:5051ms
2019-10-05 00:46:10,840 [Thread-2340] INFO  impl.RoleInfo (RoleInfo.java:shutdownFollowerState(121)) - 350df966-4f7e-40ad-9376-6e8135859b03: shutdown FollowerState
2019-10-05 00:46:10,840 [Thread-2340] INFO  impl.RaftServerImpl (RaftServerImpl.java:setRole(170)) - 350df966-4f7e-40ad-9376-6e8135859b03@group-4770C5476C31: changes role from  FOLLOWER to CANDIDATE at term 0 for changeToCandidate
2019-10-05 00:46:10,840 [Thread-2340] INFO  impl.RoleInfo (RoleInfo.java:updateAndGet(143)) - 350df966-4f7e-40ad-9376-6e8135859b03: start LeaderElection
2019-10-05 00:46:10,841 [grpc-default-executor-4] INFO  impl.RaftServerImpl (ServerState.java:setLeader(255)) - a6356d4d-38b2-40a5-96a9-f62f0814d40d@group-FCE8886FD307: change Leader from null to 4223cdcf-b6b8-44ba-8e2a-30085cda3eb1 at term 1 for appendEntries, leader elected after 5207ms
2019-10-05 00:46:10,850 [grpc-default-executor-1] INFO  impl.RaftServerImpl (ServerState.java:setLeader(255)) - b4cb1d2e-453f-4b17-913c-21c5603069de@group-FCE8886FD307: change Leader from null to 4223cdcf-b6b8-44ba-8e2a-30085cda3eb1 at term 1 for appendEntries, leader elected after 5216ms
2019-10-05 00:46:10,851 [4223cdcf-b6b8-44ba-8e2a-30085cda3eb1@group-FCE8886FD307-SegmentedRaftLogWorker] INFO  segmented.SegmentedRaftLogWorker (SegmentedRaftLogWorker.java:execute(574)) - 4223cdcf-b6b8-44ba-8e2a-30085cda3eb1@group-FCE8886FD307-SegmentedRaftLogWorker: created new log segment /workdir/hadoop-ozone/integration-test/target/test-dir/MiniOzoneClusterImpl-b8fb7fba-1d4b-4f50-8dfb-556ab5a2e7b3/datanode-0/data/ratis/f8089180-6399-49f1-901d-fce8886fd307/current/log_inprogress_0
2019-10-05 00:46:10,853 [grpc-default-executor-1] INFO  impl.RaftServerImpl (ServerState.java:setRaftConf(356)) - a6356d4d-38b2-40a5-96a9-f62f0814d40d@group-FCE8886FD307: set configuration 0: [4223cdcf-b6b8-44ba-8e2a-30085cda3eb1:192.168.157.198:39590, b4cb1d2e-453f-4b17-913c-21c5603069de:192.168.157.198:36804, a6356d4d-38b2-40a5-96a9-f62f0814d40d:192.168.157.198:45173], old=null at 0
2019-10-05 00:46:10,853 [grpc-default-executor-4] INFO  impl.RaftServerImpl (ServerState.java:setRaftConf(356)) - b4cb1d2e-453f-4b17-913c-21c5603069de@group-FCE8886FD307: set configuration 0: [4223cdcf-b6b8-44ba-8e2a-30085cda3eb1:192.168.157.198:39590, b4cb1d2e-453f-4b17-913c-21c5603069de:192.168.157.198:36804, a6356d4d-38b2-40a5-96a9-f62f0814d40d:192.168.157.198:45173], old=null at 0
2019-10-05 00:46:10,853 [350df966-4f7e-40ad-9376-6e8135859b03@group-4770C5476C31-LeaderElection64] INFO  impl.LeaderElection (LeaderElection.java:askForVotes(178)) - 350df966-4f7e-40ad-9376-6e8135859b03@group-4770C5476C31-LeaderElection64: begin an election at term 1 for -1: [350df966-4f7e-40ad-9376-6e8135859b03:192.168.157.198:41756], old=null
2019-10-05 00:46:10,854 [grpc-default-executor-4] INFO  segmented.SegmentedRaftLogWorker (SegmentedRaftLogWorker.java:startLogSegment(385)) - b4cb1d2e-453f-4b17-913c-21c5603069de@group-FCE8886FD307-SegmentedRaftLogWorker: Starting segment from index:0
2019-10-05 00:46:10,853 [grpc-default-executor-1] INFO  segmented.SegmentedRaftLogWorker (SegmentedRaftLogWorker.java:startLogSegment(385)) - a6356d4d-38b2-40a5-96a9-f62f0814d40d@group-FCE8886FD307-SegmentedRaftLogWorker: Starting segment from index:0
2019-10-05 00:46:10,854 [350df966-4f7e-40ad-9376-6e8135859b03@group-4770C5476C31-LeaderElection64] INFO  impl.RoleInfo (RoleInfo.java:shutdownLeaderElection(134)) - 350df966-4f7e-40ad-9376-6e8135859b03: shutdown LeaderElection
2019-10-05 00:46:10,854 [350df966-4f7e-40ad-9376-6e8135859b03@group-4770C5476C31-LeaderElection64] INFO  impl.RaftServerImpl (RaftServerImpl.java:setRole(170)) - 350df966-4f7e-40ad-9376-6e8135859b03@group-4770C5476C31: changes role from CANDIDATE to LEADER at term 1 for changeToLeader
2019-10-05 00:46:10,855 [350df966-4f7e-40ad-9376-6e8135859b03@group-4770C5476C31-LeaderElection64] INFO  impl.RaftServerImpl (ServerState.java:setLeader(255)) - 350df966-4f7e-40ad-9376-6e8135859b03@group-4770C5476C31: change Leader from null to 350df966-4f7e-40ad-9376-6e8135859b03 at term 1 for becomeLeader, leader elected after 5082ms
2019-10-05 00:46:10,855 [350df966-4f7e-40ad-9376-6e8135859b03@group-4770C5476C31-LeaderElection64] INFO  server.RaftServerConfigKeys (ConfUtils.java:logGet(43)) - raft.server.staging.catchup.gap = 1000 (default)
2019-10-05 00:46:10,855 [350df966-4f7e-40ad-9376-6e8135859b03@group-4770C5476C31-LeaderElection64] INFO  server.RaftServerConfigKeys (ConfUtils.java:logGet(43)) - raft.server.rpc.sleep.time = 25ms (default)
2019-10-05 00:46:10,855 [350df966-4f7e-40ad-9376-6e8135859b03@group-4770C5476C31-LeaderElection64] INFO  server.RaftServerConfigKeys (ConfUtils.java:logGet(43)) - raft.server.write.element-limit = 4096 (default)
2019-10-05 00:46:10,855 [350df966-4f7e-40ad-9376-6e8135859b03@group-4770C5476C31-LeaderElection64] INFO  server.RaftServerConfigKeys (ConfUtils.java:logGet(43)) - raft.server.watch.timeout = 10s (default)
2019-10-05 00:46:10,855 [350df966-4f7e-40ad-9376-6e8135859b03@group-4770C5476C31-LeaderElection64] INFO  server.RaftServerConfigKeys (ConfUtils.java:logGet(43)) - raft.server.watch.timeout.denomination = 1s (default)
2019-10-05 00:46:10,855 [350df966-4f7e-40ad-9376-6e8135859b03@group-4770C5476C31-LeaderElection64] INFO  server.RaftServerConfigKeys (ConfUtils.java:logGet(43)) - raft.server.watch.element-limit = 65536 (default)
2019-10-05 00:46:10,857 [350df966-4f7e-40ad-9376-6e8135859b03@group-4770C5476C31-LeaderElection64] INFO  impl.RoleInfo (RoleInfo.java:updateAndGet(143)) - 350df966-4f7e-40ad-9376-6e8135859b03: start LeaderState
2019-10-05 00:46:10,857 [350df966-4f7e-40ad-9376-6e8135859b03@group-4770C5476C31-LeaderElection64] INFO  segmented.SegmentedRaftLogWorker (SegmentedRaftLogWorker.java:startLogSegment(385)) - 350df966-4f7e-40ad-9376-6e8135859b03@group-4770C5476C31-SegmentedRaftLogWorker: Starting segment from index:0
2019-10-05 00:46:10,858 [350df966-4f7e-40ad-9376-6e8135859b03@group-4770C5476C31-LeaderElection64] INFO  impl.RaftServerImpl (ServerState.java:setRaftConf(356)) - 350df966-4f7e-40ad-9376-6e8135859b03@group-4770C5476C31: set configuration 0: [350df966-4f7e-40ad-9376-6e8135859b03:192.168.157.198:41756], old=null at 0
2019-10-05 00:46:10,869 [Thread-2344] INFO  impl.FollowerState (FollowerState.java:run(108)) - ed3238f0-4c84-4a60-a2f8-6cc76fc83445@group-3EAEE2225F13-FollowerState: change to CANDIDATE, lastRpcTime:5035ms, electionTimeout:5035ms
2019-10-05 00:46:10,869 [Thread-2344] INFO  impl.RoleInfo (RoleInfo.java:shutdownFollowerState(121)) - ed3238f0-4c84-4a60-a2f8-6cc76fc83445: shutdown FollowerState
2019-10-05 00:46:10,869 [Thread-2344] INFO  impl.RaftServerImpl (RaftServerImpl.java:setRole(170)) - ed3238f0-4c84-4a60-a2f8-6cc76fc83445@group-3EAEE2225F13: changes role from  FOLLOWER to CANDIDATE at term 0 for changeToCandidate
2019-10-05 00:46:10,870 [Thread-2344] INFO  impl.RoleInfo (RoleInfo.java:updateAndGet(143)) - ed3238f0-4c84-4a60-a2f8-6cc76fc83445: start LeaderElection
2019-10-05 00:46:10,911 [Thread-2337] INFO  impl.FollowerState (FollowerState.java:run(108)) - ed3238f0-4c84-4a60-a2f8-6cc76fc83445@group-5A89E75AFEEA-FollowerState: change to CANDIDATE, lastRpcTime:5190ms, electionTimeout:5190ms
2019-10-05 00:46:10,911 [b4cb1d2e-453f-4b17-913c-21c5603069de@group-FCE8886FD307-SegmentedRaftLogWorker] INFO  segmented.SegmentedRaftLogWorker (SegmentedRaftLogWorker.java:execute(574)) - b4cb1d2e-453f-4b17-913c-21c5603069de@group-FCE8886FD307-SegmentedRaftLogWorker: created new log segment /workdir/hadoop-ozone/integration-test/target/test-dir/MiniOzoneClusterImpl-b8fb7fba-1d4b-4f50-8dfb-556ab5a2e7b3/datanode-2/data/ratis/f8089180-6399-49f1-901d-fce8886fd307/current/log_inprogress_0
2019-10-05 00:46:10,911 [ed3238f0-4c84-4a60-a2f8-6cc76fc83445@group-3EAEE2225F13-LeaderElection65] INFO  impl.LeaderElection (LeaderElection.java:askForVotes(178)) - ed3238f0-4c84-4a60-a2f8-6cc76fc83445@group-3EAEE2225F13-LeaderElection65: begin an election at term 1 for -1: [350df966-4f7e-40ad-9376-6e8135859b03:192.168.157.198:41756, ed3238f0-4c84-4a60-a2f8-6cc76fc83445:192.168.157.198:39316, 89668d6e-e14c-4beb-9510-14f21fdf05ff:192.168.157.198:39545], old=null
2019-10-05 00:46:10,911 [Thread-2337] INFO  impl.RoleInfo (RoleInfo.java:shutdownFollowerState(121)) - ed3238f0-4c84-4a60-a2f8-6cc76fc83445: shutdown FollowerState
2019-10-05 00:46:10,911 [350df966-4f7e-40ad-9376-6e8135859b03@group-4770C5476C31-SegmentedRaftLogWorker] INFO  segmented.SegmentedRaftLogWorker (SegmentedRaftLogWorker.java:execute(574)) - 350df966-4f7e-40ad-9376-6e8135859b03@group-4770C5476C31-SegmentedRaftLogWorker: created new log segment /workdir/hadoop-ozone/integration-test/target/test-dir/MiniOzoneClusterImpl-b8fb7fba-1d4b-4f50-8dfb-556ab5a2e7b3/datanode-5/data/ratis/689e5367-4fae-4a8d-a2b1-4770c5476c31/current/log_inprogress_0
2019-10-05 00:46:10,911 [a6356d4d-38b2-40a5-96a9-f62f0814d40d@group-FCE8886FD307-SegmentedRaftLogWorker] INFO  segmented.SegmentedRaftLogWorker (SegmentedRaftLogWorker.java:execute(574)) - a6356d4d-38b2-40a5-96a9-f62f0814d40d@group-FCE8886FD307-SegmentedRaftLogWorker: created new log segment /workdir/hadoop-ozone/integration-test/target/test-dir/MiniOzoneClusterImpl-b8fb7fba-1d4b-4f50-8dfb-556ab5a2e7b3/datanode-1/data/ratis/f8089180-6399-49f1-901d-fce8886fd307/current/log_inprogress_0
2019-10-05 00:46:10,912 [Thread-2337] INFO  impl.RaftServerImpl (RaftServerImpl.java:setRole(170)) - ed3238f0-4c84-4a60-a2f8-6cc76fc83445@group-5A89E75AFEEA: changes role from  FOLLOWER to CANDIDATE at term 0 for changeToCandidate
2019-10-05 00:46:10,912 [Thread-2337] INFO  impl.RoleInfo (RoleInfo.java:updateAndGet(143)) - ed3238f0-4c84-4a60-a2f8-6cc76fc83445: start LeaderElection
2019-10-05 00:46:10,923 [Thread-2346] INFO  impl.FollowerState (FollowerState.java:run(108)) - 350df966-4f7e-40ad-9376-6e8135859b03@group-3EAEE2225F13-FollowerState: change to CANDIDATE, lastRpcTime:5086ms, electionTimeout:5086ms
2019-10-05 00:46:10,923 [Thread-2346] INFO  impl.RoleInfo (RoleInfo.java:shutdownFollowerState(121)) - 350df966-4f7e-40ad-9376-6e8135859b03: shutdown FollowerState
2019-10-05 00:46:10,923 [Thread-2346] INFO  impl.RaftServerImpl (RaftServerImpl.java:setRole(170)) - 350df966-4f7e-40ad-9376-6e8135859b03@group-3EAEE2225F13: changes role from  FOLLOWER to CANDIDATE at term 0 for changeToCandidate
2019-10-05 00:46:10,923 [Thread-2346] INFO  impl.RoleInfo (RoleInfo.java:updateAndGet(143)) - 350df966-4f7e-40ad-9376-6e8135859b03: start LeaderElection
2019-10-05 00:46:10,926 [grpc-default-executor-1] INFO  impl.RaftServerImpl (RaftServerImpl.java:setRole(170)) - 89668d6e-e14c-4beb-9510-14f21fdf05ff@group-3EAEE2225F13: changes role from  FOLLOWER to FOLLOWER at term 1 for recognizeCandidate:ed3238f0-4c84-4a60-a2f8-6cc76fc83445
2019-10-05 00:46:10,928 [grpc-default-executor-4] INFO  impl.RaftServerImpl (RaftServerImpl.java:setRole(170)) - 350df966-4f7e-40ad-9376-6e8135859b03@group-3EAEE2225F13: changes role from CANDIDATE to FOLLOWER at term 1 for recognizeCandidate:ed3238f0-4c84-4a60-a2f8-6cc76fc83445
2019-10-05 00:46:10,926 [ed3238f0-4c84-4a60-a2f8-6cc76fc83445@group-5A89E75AFEEA-LeaderElection66] INFO  impl.LeaderElection (LeaderElection.java:askForVotes(178)) - ed3238f0-4c84-4a60-a2f8-6cc76fc83445@group-5A89E75AFEEA-LeaderElection66: begin an election at term 1 for -1: [ed3238f0-4c84-4a60-a2f8-6cc76fc83445:192.168.157.198:39316], old=null
2019-10-05 00:46:10,928 [grpc-default-executor-4] INFO  impl.RoleInfo (RoleInfo.java:shutdownLeaderElection(134)) - 350df966-4f7e-40ad-9376-6e8135859b03: shutdown LeaderElection
2019-10-05 00:46:10,928 [grpc-default-executor-1] INFO  impl.RoleInfo (RoleInfo.java:shutdownFollowerState(121)) - 89668d6e-e14c-4beb-9510-14f21fdf05ff: shutdown FollowerState
2019-10-05 00:46:10,928 [grpc-default-executor-4] INFO  impl.RoleInfo (RoleInfo.java:updateAndGet(143)) - 350df966-4f7e-40ad-9376-6e8135859b03: start FollowerState
2019-10-05 00:46:10,928 [ed3238f0-4c84-4a60-a2f8-6cc76fc83445@group-5A89E75AFEEA-LeaderElection66] INFO  impl.RoleInfo (RoleInfo.java:shutdownLeaderElection(134)) - ed3238f0-4c84-4a60-a2f8-6cc76fc83445: shutdown LeaderElection
2019-10-05 00:46:10,928 [Thread-2348] INFO  impl.FollowerState (FollowerState.java:run(117)) - 89668d6e-e14c-4beb-9510-14f21fdf05ff@group-3EAEE2225F13-FollowerState was interrupted: java.lang.InterruptedException: sleep interrupted
2019-10-05 00:46:10,928 [grpc-default-executor-1] INFO  impl.RoleInfo (RoleInfo.java:updateAndGet(143)) - 89668d6e-e14c-4beb-9510-14f21fdf05ff: start FollowerState
2019-10-05 00:46:10,929 [ed3238f0-4c84-4a60-a2f8-6cc76fc83445@group-5A89E75AFEEA-LeaderElection66] INFO  impl.RaftServerImpl (RaftServerImpl.java:setRole(170)) - ed3238f0-4c84-4a60-a2f8-6cc76fc83445@group-5A89E75AFEEA: changes role from CANDIDATE to LEADER at term 1 for changeToLeader
2019-10-05 00:46:10,931 [ed3238f0-4c84-4a60-a2f8-6cc76fc83445@group-5A89E75AFEEA-LeaderElection66] INFO  impl.RaftServerImpl (ServerState.java:setLeader(255)) - ed3238f0-4c84-4a60-a2f8-6cc76fc83445@group-5A89E75AFEEA: change Leader from null to ed3238f0-4c84-4a60-a2f8-6cc76fc83445 at term 1 for becomeLeader, leader elected after 5215ms
2019-10-05 00:46:10,931 [ed3238f0-4c84-4a60-a2f8-6cc76fc83445@group-5A89E75AFEEA-LeaderElection66] INFO  server.RaftServerConfigKeys (ConfUtils.java:logGet(43)) - raft.server.staging.catchup.gap = 1000 (default)
2019-10-05 00:46:10,931 [ed3238f0-4c84-4a60-a2f8-6cc76fc83445@group-5A89E75AFEEA-LeaderElection66] INFO  server.RaftServerConfigKeys (ConfUtils.java:logGet(43)) - raft.server.rpc.sleep.time = 25ms (default)
2019-10-05 00:46:10,931 [ed3238f0-4c84-4a60-a2f8-6cc76fc83445@group-5A89E75AFEEA-LeaderElection66] INFO  server.RaftServerConfigKeys (ConfUtils.java:logGet(43)) - raft.server.write.element-limit = 4096 (default)
2019-10-05 00:46:10,931 [ed3238f0-4c84-4a60-a2f8-6cc76fc83445@group-5A89E75AFEEA-LeaderElection66] INFO  server.RaftServerConfigKeys (ConfUtils.java:logGet(43)) - raft.server.watch.timeout = 10s (default)
2019-10-05 00:46:10,931 [ed3238f0-4c84-4a60-a2f8-6cc76fc83445@group-5A89E75AFEEA-LeaderElection66] INFO  server.RaftServerConfigKeys (ConfUtils.java:logGet(43)) - raft.server.watch.timeout.denomination = 1s (default)
2019-10-05 00:46:10,931 [ed3238f0-4c84-4a60-a2f8-6cc76fc83445@group-5A89E75AFEEA-LeaderElection66] INFO  server.RaftServerConfigKeys (ConfUtils.java:logGet(43)) - raft.server.watch.element-limit = 65536 (default)
2019-10-05 00:46:10,932 [ed3238f0-4c84-4a60-a2f8-6cc76fc83445@group-5A89E75AFEEA-LeaderElection66] INFO  impl.RoleInfo (RoleInfo.java:updateAndGet(143)) - ed3238f0-4c84-4a60-a2f8-6cc76fc83445: start LeaderState
2019-10-05 00:46:10,933 [ed3238f0-4c84-4a60-a2f8-6cc76fc83445@group-5A89E75AFEEA-LeaderElection66] INFO  segmented.SegmentedRaftLogWorker (SegmentedRaftLogWorker.java:startLogSegment(385)) - ed3238f0-4c84-4a60-a2f8-6cc76fc83445@group-5A89E75AFEEA-SegmentedRaftLogWorker: Starting segment from index:0
2019-10-05 00:46:10,933 [ed3238f0-4c84-4a60-a2f8-6cc76fc83445@group-5A89E75AFEEA-LeaderElection66] INFO  impl.RaftServerImpl (ServerState.java:setRaftConf(356)) - ed3238f0-4c84-4a60-a2f8-6cc76fc83445@group-5A89E75AFEEA: set configuration 0: [ed3238f0-4c84-4a60-a2f8-6cc76fc83445:192.168.157.198:39316], old=null at 0
2019-10-05 00:46:10,945 [ed3238f0-4c84-4a60-a2f8-6cc76fc83445@group-3EAEE2225F13-LeaderElection65] INFO  impl.LeaderElection (LeaderElection.java:logAndReturn(56)) - ed3238f0-4c84-4a60-a2f8-6cc76fc83445@group-3EAEE2225F13-LeaderElection65: Election PASSED; received 1 response(s) [ed3238f0-4c84-4a60-a2f8-6cc76fc83445<-89668d6e-e14c-4beb-9510-14f21fdf05ff#0:OK-t1] and 0 exception(s); ed3238f0-4c84-4a60-a2f8-6cc76fc83445@group-3EAEE2225F13:t1, leader=null, voted=ed3238f0-4c84-4a60-a2f8-6cc76fc83445, raftlog=ed3238f0-4c84-4a60-a2f8-6cc76fc83445@group-3EAEE2225F13-SegmentedRaftLog:OPENED:c-1,f-1,i0, conf=-1: [350df966-4f7e-40ad-9376-6e8135859b03:192.168.157.198:41756, ed3238f0-4c84-4a60-a2f8-6cc76fc83445:192.168.157.198:39316, 89668d6e-e14c-4beb-9510-14f21fdf05ff:192.168.157.198:39545], old=null
2019-10-05 00:46:10,945 [ed3238f0-4c84-4a60-a2f8-6cc76fc83445@group-3EAEE2225F13-LeaderElection65] INFO  impl.RoleInfo (RoleInfo.java:shutdownLeaderElection(134)) - ed3238f0-4c84-4a60-a2f8-6cc76fc83445: shutdown LeaderElection
2019-10-05 00:46:10,945 [ed3238f0-4c84-4a60-a2f8-6cc76fc83445@group-3EAEE2225F13-LeaderElection65] INFO  impl.RaftServerImpl (RaftServerImpl.java:setRole(170)) - ed3238f0-4c84-4a60-a2f8-6cc76fc83445@group-3EAEE2225F13: changes role from CANDIDATE to LEADER at term 1 for changeToLeader
2019-10-05 00:46:10,945 [ed3238f0-4c84-4a60-a2f8-6cc76fc83445@group-3EAEE2225F13-LeaderElection65] INFO  impl.RaftServerImpl (ServerState.java:setLeader(255)) - ed3238f0-4c84-4a60-a2f8-6cc76fc83445@group-3EAEE2225F13: change Leader from null to ed3238f0-4c84-4a60-a2f8-6cc76fc83445 at term 1 for becomeLeader, leader elected after 5118ms
2019-10-05 00:46:10,945 [ed3238f0-4c84-4a60-a2f8-6cc76fc83445@group-3EAEE2225F13-LeaderElection65] INFO  server.RaftServerConfigKeys (ConfUtils.java:logGet(43)) - raft.server.staging.catchup.gap = 1000 (default)
2019-10-05 00:46:10,945 [ed3238f0-4c84-4a60-a2f8-6cc76fc83445@group-3EAEE2225F13-LeaderElection65] INFO  server.RaftServerConfigKeys (ConfUtils.java:logGet(43)) - raft.server.rpc.sleep.time = 25ms (default)
2019-10-05 00:46:10,946 [ed3238f0-4c84-4a60-a2f8-6cc76fc83445@group-3EAEE2225F13-LeaderElection65] INFO  server.RaftServerConfigKeys (ConfUtils.java:logGet(43)) - raft.server.write.element-limit = 4096 (default)
2019-10-05 00:46:10,946 [ed3238f0-4c84-4a60-a2f8-6cc76fc83445@group-3EAEE2225F13-LeaderElection65] INFO  server.RaftServerConfigKeys (ConfUtils.java:logGet(43)) - raft.server.watch.timeout = 10s (default)
2019-10-05 00:46:10,946 [ed3238f0-4c84-4a60-a2f8-6cc76fc83445@group-3EAEE2225F13-LeaderElection65] INFO  server.RaftServerConfigKeys (ConfUtils.java:logGet(43)) - raft.server.watch.timeout.denomination = 1s (default)
2019-10-05 00:46:10,946 [ed3238f0-4c84-4a60-a2f8-6cc76fc83445@group-3EAEE2225F13-LeaderElection65] INFO  server.RaftServerConfigKeys (ConfUtils.java:logGet(43)) - raft.server.watch.element-limit = 65536 (default)
2019-10-05 00:46:10,964 [350df966-4f7e-40ad-9376-6e8135859b03@group-3EAEE2225F13-LeaderElection67] INFO  impl.LeaderElection (LeaderElection.java:askForVotes(178)) - 350df966-4f7e-40ad-9376-6e8135859b03@group-3EAEE2225F13-LeaderElection67: begin an election at term 2 for -1: [350df966-4f7e-40ad-9376-6e8135859b03:192.168.157.198:41756, ed3238f0-4c84-4a60-a2f8-6cc76fc83445:192.168.157.198:39316, 89668d6e-e14c-4beb-9510-14f21fdf05ff:192.168.157.198:39545], old=null
2019-10-05 00:46:10,966 [350df966-4f7e-40ad-9376-6e8135859b03@group-3EAEE2225F13-LeaderElection67] INFO  impl.LeaderElection (LeaderElection.java:logAndReturn(56)) - 350df966-4f7e-40ad-9376-6e8135859b03@group-3EAEE2225F13-LeaderElection67: Election REJECTED; received 0 response(s) [] and 0 exception(s); 350df966-4f7e-40ad-9376-6e8135859b03@group-3EAEE2225F13:t2, leader=null, voted=350df966-4f7e-40ad-9376-6e8135859b03, raftlog=350df966-4f7e-40ad-9376-6e8135859b03@group-3EAEE2225F13-SegmentedRaftLog:OPENED:c-1,f-1,i0, conf=-1: [350df966-4f7e-40ad-9376-6e8135859b03:192.168.157.198:41756, ed3238f0-4c84-4a60-a2f8-6cc76fc83445:192.168.157.198:39316, 89668d6e-e14c-4beb-9510-14f21fdf05ff:192.168.157.198:39545], old=null
2019-10-05 00:46:10,967 [ed3238f0-4c84-4a60-a2f8-6cc76fc83445@group-3EAEE2225F13-LeaderElection65] INFO  server.RaftServerConfigKeys (ConfUtils.java:logGet(43)) - raft.server.log.appender.snapshot.chunk.size.max = 16MB (=16777216) (default)
2019-10-05 00:46:10,967 [ed3238f0-4c84-4a60-a2f8-6cc76fc83445@group-3EAEE2225F13-LeaderElection65] INFO  server.RaftServerConfigKeys (ConfUtils.java:logGet(43)) - raft.server.log.appender.buffer.byte-limit = 33554432 (custom)
2019-10-05 00:46:10,967 [ed3238f0-4c84-4a60-a2f8-6cc76fc83445@group-3EAEE2225F13-LeaderElection65] INFO  server.RaftServerConfigKeys (ConfUtils.java:logGet(43)) - raft.server.log.appender.buffer.element-limit = 1 (custom)
2019-10-05 00:46:10,967 [ed3238f0-4c84-4a60-a2f8-6cc76fc83445@group-3EAEE2225F13-LeaderElection65] INFO  grpc.GrpcConfigKeys$Server (ConfUtils.java:logGet(43)) - raft.grpc.server.leader.outstanding.appends.max = 128 (default)
2019-10-05 00:46:10,967 [ed3238f0-4c84-4a60-a2f8-6cc76fc83445@group-3EAEE2225F13-LeaderElection65] INFO  server.RaftServerConfigKeys (ConfUtils.java:logGet(43)) - raft.server.rpc.request.timeout = 3000ms (default)
2019-10-05 00:46:10,967 [ed3238f0-4c84-4a60-a2f8-6cc76fc83445@group-3EAEE2225F13-LeaderElection65] INFO  server.RaftServerConfigKeys (ConfUtils.java:logGet(43)) - raft.server.log.appender.install.snapshot.enabled = false (custom)
2019-10-05 00:46:10,970 [ed3238f0-4c84-4a60-a2f8-6cc76fc83445@group-3EAEE2225F13-LeaderElection65] INFO  server.RaftServerConfigKeys (ConfUtils.java:logGet(43)) - raft.server.log.appender.snapshot.chunk.size.max = 16MB (=16777216) (default)
2019-10-05 00:46:10,970 [ed3238f0-4c84-4a60-a2f8-6cc76fc83445@group-3EAEE2225F13-LeaderElection65] INFO  server.RaftServerConfigKeys (ConfUtils.java:logGet(43)) - raft.server.log.appender.buffer.byte-limit = 33554432 (custom)
2019-10-05 00:46:10,970 [ed3238f0-4c84-4a60-a2f8-6cc76fc83445@group-3EAEE2225F13-LeaderElection65] INFO  server.RaftServerConfigKeys (ConfUtils.java:logGet(43)) - raft.server.log.appender.buffer.element-limit = 1 (custom)
2019-10-05 00:46:10,970 [ed3238f0-4c84-4a60-a2f8-6cc76fc83445@group-3EAEE2225F13-LeaderElection65] INFO  grpc.GrpcConfigKeys$Server (ConfUtils.java:logGet(43)) - raft.grpc.server.leader.outstanding.appends.max = 128 (default)
2019-10-05 00:46:10,970 [ed3238f0-4c84-4a60-a2f8-6cc76fc83445@group-3EAEE2225F13-LeaderElection65] INFO  server.RaftServerConfigKeys (ConfUtils.java:logGet(43)) - raft.server.rpc.request.timeout = 3000ms (default)
2019-10-05 00:46:10,970 [ed3238f0-4c84-4a60-a2f8-6cc76fc83445@group-3EAEE2225F13-LeaderElection65] INFO  server.RaftServerConfigKeys (ConfUtils.java:logGet(43)) - raft.server.log.appender.install.snapshot.enabled = false (custom)
2019-10-05 00:46:10,971 [ed3238f0-4c84-4a60-a2f8-6cc76fc83445@group-3EAEE2225F13-LeaderElection65] INFO  impl.RoleInfo (RoleInfo.java:updateAndGet(143)) - ed3238f0-4c84-4a60-a2f8-6cc76fc83445: start LeaderState
2019-10-05 00:46:10,971 [ed3238f0-4c84-4a60-a2f8-6cc76fc83445@group-3EAEE2225F13-LeaderElection65] INFO  segmented.SegmentedRaftLogWorker (SegmentedRaftLogWorker.java:startLogSegment(385)) - ed3238f0-4c84-4a60-a2f8-6cc76fc83445@group-3EAEE2225F13-SegmentedRaftLogWorker: Starting segment from index:0
2019-10-05 00:46:10,973 [grpc-default-executor-7] INFO  impl.RaftServerImpl (RaftServerImpl.java:setRole(170)) - 89668d6e-e14c-4beb-9510-14f21fdf05ff@group-3EAEE2225F13: changes role from  FOLLOWER to FOLLOWER at term 2 for recognizeCandidate:350df966-4f7e-40ad-9376-6e8135859b03
2019-10-05 00:46:10,975 [grpc-default-executor-7] INFO  impl.RoleInfo (RoleInfo.java:shutdownFollowerState(121)) - 89668d6e-e14c-4beb-9510-14f21fdf05ff: shutdown FollowerState
2019-10-05 00:46:10,975 [ed3238f0-4c84-4a60-a2f8-6cc76fc83445@group-3EAEE2225F13-LeaderElection65] INFO  impl.RaftServerImpl (ServerState.java:setRaftConf(356)) - ed3238f0-4c84-4a60-a2f8-6cc76fc83445@group-3EAEE2225F13: set configuration 0: [350df966-4f7e-40ad-9376-6e8135859b03:192.168.157.198:41756, ed3238f0-4c84-4a60-a2f8-6cc76fc83445:192.168.157.198:39316, 89668d6e-e14c-4beb-9510-14f21fdf05ff:192.168.157.198:39545], old=null at 0
2019-10-05 00:46:10,975 [grpc-default-executor-7] INFO  impl.RoleInfo (RoleInfo.java:updateAndGet(143)) - 89668d6e-e14c-4beb-9510-14f21fdf05ff: start FollowerState
2019-10-05 00:46:10,975 [grpc-default-executor-4] INFO  impl.RaftServerImpl (ServerState.java:setLeader(255)) - ed3238f0-4c84-4a60-a2f8-6cc76fc83445@group-3EAEE2225F13: change Leader from ed3238f0-4c84-4a60-a2f8-6cc76fc83445 to null at term 2 for updateCurrentTerm
2019-10-05 00:46:10,975 [Thread-2396] INFO  impl.FollowerState (FollowerState.java:run(117)) - 89668d6e-e14c-4beb-9510-14f21fdf05ff@group-3EAEE2225F13-FollowerState was interrupted: java.lang.InterruptedException: sleep interrupted
2019-10-05 00:46:10,975 [grpc-default-executor-4] INFO  impl.RaftServerImpl (RaftServerImpl.java:setRole(170)) - ed3238f0-4c84-4a60-a2f8-6cc76fc83445@group-3EAEE2225F13: changes role from    LEADER to FOLLOWER at term 2 for recognizeCandidate:350df966-4f7e-40ad-9376-6e8135859b03
2019-10-05 00:46:10,978 [grpc-default-executor-4] INFO  impl.RoleInfo (RoleInfo.java:shutdownLeaderState(104)) - ed3238f0-4c84-4a60-a2f8-6cc76fc83445: shutdown LeaderState
2019-10-05 00:46:10,988 [grpc-default-executor-4] INFO  impl.PendingRequests (PendingRequests.java:sendNotLeaderResponses(202)) - ed3238f0-4c84-4a60-a2f8-6cc76fc83445@group-3EAEE2225F13-PendingRequests: sendNotLeaderResponses
2019-10-05 00:46:10,988 [ed3238f0-4c84-4a60-a2f8-6cc76fc83445@group-5A89E75AFEEA-SegmentedRaftLogWorker] INFO  segmented.SegmentedRaftLogWorker (SegmentedRaftLogWorker.java:execute(574)) - ed3238f0-4c84-4a60-a2f8-6cc76fc83445@group-5A89E75AFEEA-SegmentedRaftLogWorker: created new log segment /workdir/hadoop-ozone/integration-test/target/test-dir/MiniOzoneClusterImpl-b8fb7fba-1d4b-4f50-8dfb-556ab5a2e7b3/datanode-4/data/ratis/734ebd38-ab9b-40a6-bd80-5a89e75afeea/current/log_inprogress_0
2019-10-05 00:46:10,988 [grpc-default-executor-4] INFO  impl.RoleInfo (RoleInfo.java:updateAndGet(143)) - ed3238f0-4c84-4a60-a2f8-6cc76fc83445: start FollowerState
2019-10-05 00:46:10,988 [org.apache.ratis.server.impl.LogAppender$AppenderDaemon$$Lambda$498/953363864@4a7f8b41] WARN  server.GrpcLogAppender (GrpcLogAppender.java:mayWait(143)) - ed3238f0-4c84-4a60-a2f8-6cc76fc83445@group-3EAEE2225F13->350df966-4f7e-40ad-9376-6e8135859b03-GrpcLogAppender: Wait interrupted by java.lang.InterruptedException
2019-10-05 00:46:10,989 [org.apache.ratis.server.impl.LogAppender$AppenderDaemon$$Lambda$498/953363864@6429451b] WARN  server.GrpcLogAppender (GrpcLogAppender.java:mayWait(143)) - ed3238f0-4c84-4a60-a2f8-6cc76fc83445@group-3EAEE2225F13->89668d6e-e14c-4beb-9510-14f21fdf05ff-GrpcLogAppender: Wait interrupted by java.lang.InterruptedException
2019-10-05 00:46:10,989 [grpc-default-executor-1] INFO  server.GrpcServerProtocolService (GrpcServerProtocolService.java:onCompleted(113)) - 350df966-4f7e-40ad-9376-6e8135859b03: Completed APPEND_ENTRIES, lastRequest: ed3238f0-4c84-4a60-a2f8-6cc76fc83445->350df966-4f7e-40ad-9376-6e8135859b03#0-t1, previous=(t:0, i:0), leaderCommit=-1, initializing? false, entries: <empty>
2019-10-05 00:46:11,002 [grpc-default-executor-8] INFO  server.GrpcLogAppender (GrpcLogAppender.java:onCompleted(293)) - ed3238f0-4c84-4a60-a2f8-6cc76fc83445@group-3EAEE2225F13->350df966-4f7e-40ad-9376-6e8135859b03-AppendLogResponseHandler: follower responses appendEntries COMPLETED
2019-10-05 00:46:11,002 [grpc-default-executor-5] INFO  server.GrpcServerProtocolService (GrpcServerProtocolService.java:onCompleted(113)) - 89668d6e-e14c-4beb-9510-14f21fdf05ff: Completed APPEND_ENTRIES, lastRequest: ed3238f0-4c84-4a60-a2f8-6cc76fc83445->89668d6e-e14c-4beb-9510-14f21fdf05ff#0-t1, previous=(t:0, i:0), leaderCommit=-1, initializing? false, entries: <empty>
2019-10-05 00:46:11,003 [grpc-default-executor-8] INFO  impl.FollowerInfo (FollowerInfo.java:lambda$new$0(51)) - ed3238f0-4c84-4a60-a2f8-6cc76fc83445@group-3EAEE2225F13->350df966-4f7e-40ad-9376-6e8135859b03: nextIndex: updateUnconditionally 0 -> 0
2019-10-05 00:46:11,003 [grpc-default-executor-5] INFO  server.GrpcLogAppender (GrpcLogAppender.java:onCompleted(293)) - ed3238f0-4c84-4a60-a2f8-6cc76fc83445@group-3EAEE2225F13->89668d6e-e14c-4beb-9510-14f21fdf05ff-AppendLogResponseHandler: follower responses appendEntries COMPLETED
2019-10-05 00:46:11,003 [grpc-default-executor-5] INFO  impl.FollowerInfo (FollowerInfo.java:lambda$new$0(51)) - ed3238f0-4c84-4a60-a2f8-6cc76fc83445@group-3EAEE2225F13->89668d6e-e14c-4beb-9510-14f21fdf05ff: nextIndex: updateUnconditionally 0 -> 0
2019-10-05 00:46:11,017 [ed3238f0-4c84-4a60-a2f8-6cc76fc83445@group-3EAEE2225F13-SegmentedRaftLogWorker] INFO  segmented.SegmentedRaftLogWorker (SegmentedRaftLogWorker.java:execute(574)) - ed3238f0-4c84-4a60-a2f8-6cc76fc83445@group-3EAEE2225F13-SegmentedRaftLogWorker: created new log segment /workdir/hadoop-ozone/integration-test/target/test-dir/MiniOzoneClusterImpl-b8fb7fba-1d4b-4f50-8dfb-556ab5a2e7b3/datanode-4/data/ratis/97758af6-938f-453a-966d-3eaee2225f13/current/log_inprogress_0
2019-10-05 00:46:12,075 [Datanode State Machine Thread - 0] INFO  statemachine.DatanodeStateMachine (DatanodeStateMachine.java:lambda$startDaemon$0(350)) - Ozone container server started.
2019-10-05 00:46:16,003 [Thread-2408] INFO  impl.FollowerState (FollowerState.java:run(108)) - ed3238f0-4c84-4a60-a2f8-6cc76fc83445@group-3EAEE2225F13-FollowerState: change to CANDIDATE, lastRpcTime:5014ms, electionTimeout:5014ms
2019-10-05 00:46:16,004 [Thread-2408] INFO  impl.RoleInfo (RoleInfo.java:shutdownFollowerState(121)) - ed3238f0-4c84-4a60-a2f8-6cc76fc83445: shutdown FollowerState
2019-10-05 00:46:16,004 [Thread-2408] INFO  impl.RaftServerImpl (RaftServerImpl.java:setRole(170)) - ed3238f0-4c84-4a60-a2f8-6cc76fc83445@group-3EAEE2225F13: changes role from  FOLLOWER to CANDIDATE at term 2 for changeToCandidate
2019-10-05 00:46:16,004 [Thread-2408] INFO  impl.RoleInfo (RoleInfo.java:updateAndGet(143)) - ed3238f0-4c84-4a60-a2f8-6cc76fc83445: start LeaderElection
2019-10-05 00:46:16,023 [ed3238f0-4c84-4a60-a2f8-6cc76fc83445@group-3EAEE2225F13-LeaderElection68] INFO  impl.LeaderElection (LeaderElection.java:askForVotes(178)) - ed3238f0-4c84-4a60-a2f8-6cc76fc83445@group-3EAEE2225F13-LeaderElection68: begin an election at term 3 for 0: [350df966-4f7e-40ad-9376-6e8135859b03:192.168.157.198:41756, ed3238f0-4c84-4a60-a2f8-6cc76fc83445:192.168.157.198:39316, 89668d6e-e14c-4beb-9510-14f21fdf05ff:192.168.157.198:39545], old=null
2019-10-05 00:46:16,029 [grpc-default-executor-8] INFO  impl.RaftServerImpl (RaftServerImpl.java:setRole(170)) - 350df966-4f7e-40ad-9376-6e8135859b03@group-3EAEE2225F13: changes role from  FOLLOWER to FOLLOWER at term 3 for recognizeCandidate:ed3238f0-4c84-4a60-a2f8-6cc76fc83445
2019-10-05 00:46:16,029 [grpc-default-executor-5] INFO  impl.RaftServerImpl (RaftServerImpl.java:setRole(170)) - 89668d6e-e14c-4beb-9510-14f21fdf05ff@group-3EAEE2225F13: changes role from  FOLLOWER to FOLLOWER at term 3 for recognizeCandidate:ed3238f0-4c84-4a60-a2f8-6cc76fc83445
2019-10-05 00:46:16,029 [grpc-default-executor-8] INFO  impl.RoleInfo (RoleInfo.java:shutdownFollowerState(121)) - 350df966-4f7e-40ad-9376-6e8135859b03: shutdown FollowerState
2019-10-05 00:46:16,029 [grpc-default-executor-5] INFO  impl.RoleInfo (RoleInfo.java:shutdownFollowerState(121)) - 89668d6e-e14c-4beb-9510-14f21fdf05ff: shutdown FollowerState
2019-10-05 00:46:16,029 [grpc-default-executor-8] INFO  impl.RoleInfo (RoleInfo.java:updateAndGet(143)) - 350df966-4f7e-40ad-9376-6e8135859b03: start FollowerState
2019-10-05 00:46:16,030 [Thread-2406] INFO  impl.FollowerState (FollowerState.java:run(117)) - 89668d6e-e14c-4beb-9510-14f21fdf05ff@group-3EAEE2225F13-FollowerState was interrupted: java.lang.InterruptedException: sleep interrupted
2019-10-05 00:46:16,030 [grpc-default-executor-5] INFO  impl.RoleInfo (RoleInfo.java:updateAndGet(143)) - 89668d6e-e14c-4beb-9510-14f21fdf05ff: start FollowerState
2019-10-05 00:46:16,030 [Thread-2395] INFO  impl.FollowerState (FollowerState.java:run(117)) - 350df966-4f7e-40ad-9376-6e8135859b03@group-3EAEE2225F13-FollowerState was interrupted: java.lang.InterruptedException: sleep interrupted
2019-10-05 00:46:16,051 [ed3238f0-4c84-4a60-a2f8-6cc76fc83445@group-3EAEE2225F13-LeaderElection68] INFO  impl.LeaderElection (LeaderElection.java:logAndReturn(56)) - ed3238f0-4c84-4a60-a2f8-6cc76fc83445@group-3EAEE2225F13-LeaderElection68: Election PASSED; received 1 response(s) [ed3238f0-4c84-4a60-a2f8-6cc76fc83445<-350df966-4f7e-40ad-9376-6e8135859b03#0:OK-t3] and 0 exception(s); ed3238f0-4c84-4a60-a2f8-6cc76fc83445@group-3EAEE2225F13:t3, leader=null, voted=ed3238f0-4c84-4a60-a2f8-6cc76fc83445, raftlog=ed3238f0-4c84-4a60-a2f8-6cc76fc83445@group-3EAEE2225F13-SegmentedRaftLog:OPENED:c-1,f0,i0, conf=0: [350df966-4f7e-40ad-9376-6e8135859b03:192.168.157.198:41756, ed3238f0-4c84-4a60-a2f8-6cc76fc83445:192.168.157.198:39316, 89668d6e-e14c-4beb-9510-14f21fdf05ff:192.168.157.198:39545], old=null
2019-10-05 00:46:16,052 [ed3238f0-4c84-4a60-a2f8-6cc76fc83445@group-3EAEE2225F13-LeaderElection68] INFO  impl.RoleInfo (RoleInfo.java:shutdownLeaderElection(134)) - ed3238f0-4c84-4a60-a2f8-6cc76fc83445: shutdown LeaderElection
2019-10-05 00:46:16,052 [ed3238f0-4c84-4a60-a2f8-6cc76fc83445@group-3EAEE2225F13-LeaderElection68] INFO  impl.RaftServerImpl (RaftServerImpl.java:setRole(170)) - ed3238f0-4c84-4a60-a2f8-6cc76fc83445@group-3EAEE2225F13: changes role from CANDIDATE to LEADER at term 3 for changeToLeader
2019-10-05 00:46:16,052 [ed3238f0-4c84-4a60-a2f8-6cc76fc83445@group-3EAEE2225F13-LeaderElection68] INFO  impl.RaftServerImpl (ServerState.java:setLeader(255)) - ed3238f0-4c84-4a60-a2f8-6cc76fc83445@group-3EAEE2225F13: change Leader from null to ed3238f0-4c84-4a60-a2f8-6cc76fc83445 at term 3 for becomeLeader, leader elected after 5076ms
2019-10-05 00:46:16,052 [ed3238f0-4c84-4a60-a2f8-6cc76fc83445@group-3EAEE2225F13-LeaderElection68] INFO  server.RaftServerConfigKeys (ConfUtils.java:logGet(43)) - raft.server.staging.catchup.gap = 1000 (default)
2019-10-05 00:46:16,052 [ed3238f0-4c84-4a60-a2f8-6cc76fc83445@group-3EAEE2225F13-LeaderElection68] INFO  server.RaftServerConfigKeys (ConfUtils.java:logGet(43)) - raft.server.rpc.sleep.time = 25ms (default)
2019-10-05 00:46:16,053 [ed3238f0-4c84-4a60-a2f8-6cc76fc83445@group-3EAEE2225F13-LeaderElection68] INFO  server.RaftServerConfigKeys (ConfUtils.java:logGet(43)) - raft.server.write.element-limit = 4096 (default)
2019-10-05 00:46:16,053 [ed3238f0-4c84-4a60-a2f8-6cc76fc83445@group-3EAEE2225F13-LeaderElection68] INFO  server.RaftServerConfigKeys (ConfUtils.java:logGet(43)) - raft.server.watch.timeout = 10s (default)
2019-10-05 00:46:16,053 [ed3238f0-4c84-4a60-a2f8-6cc76fc83445@group-3EAEE2225F13-LeaderElection68] INFO  server.RaftServerConfigKeys (ConfUtils.java:logGet(43)) - raft.server.watch.timeout.denomination = 1s (default)
2019-10-05 00:46:16,053 [ed3238f0-4c84-4a60-a2f8-6cc76fc83445@group-3EAEE2225F13-LeaderElection68] INFO  server.RaftServerConfigKeys (ConfUtils.java:logGet(43)) - raft.server.watch.element-limit = 65536 (default)
2019-10-05 00:46:16,053 [ed3238f0-4c84-4a60-a2f8-6cc76fc83445@group-3EAEE2225F13-LeaderElection68] INFO  server.RaftServerConfigKeys (ConfUtils.java:logGet(43)) - raft.server.log.appender.snapshot.chunk.size.max = 16MB (=16777216) (default)
2019-10-05 00:46:16,054 [ed3238f0-4c84-4a60-a2f8-6cc76fc83445@group-3EAEE2225F13-LeaderElection68] INFO  server.RaftServerConfigKeys (ConfUtils.java:logGet(43)) - raft.server.log.appender.buffer.byte-limit = 33554432 (custom)
2019-10-05 00:46:16,054 [ed3238f0-4c84-4a60-a2f8-6cc76fc83445@group-3EAEE2225F13-LeaderElection68] INFO  server.RaftServerConfigKeys (ConfUtils.java:logGet(43)) - raft.server.log.appender.buffer.element-limit = 1 (custom)
2019-10-05 00:46:16,054 [ed3238f0-4c84-4a60-a2f8-6cc76fc83445@group-3EAEE2225F13-LeaderElection68] INFO  grpc.GrpcConfigKeys$Server (ConfUtils.java:logGet(43)) - raft.grpc.server.leader.outstanding.appends.max = 128 (default)
2019-10-05 00:46:16,054 [ed3238f0-4c84-4a60-a2f8-6cc76fc83445@group-3EAEE2225F13-LeaderElection68] INFO  server.RaftServerConfigKeys (ConfUtils.java:logGet(43)) - raft.server.rpc.request.timeout = 3000ms (default)
2019-10-05 00:46:16,055 [ed3238f0-4c84-4a60-a2f8-6cc76fc83445@group-3EAEE2225F13-LeaderElection68] INFO  server.RaftServerConfigKeys (ConfUtils.java:logGet(43)) - raft.server.log.appender.install.snapshot.enabled = false (custom)
2019-10-05 00:46:16,055 [ed3238f0-4c84-4a60-a2f8-6cc76fc83445@group-3EAEE2225F13-LeaderElection68] INFO  server.RaftServerConfigKeys (ConfUtils.java:logGet(43)) - raft.server.log.appender.snapshot.chunk.size.max = 16MB (=16777216) (default)
2019-10-05 00:46:16,055 [ed3238f0-4c84-4a60-a2f8-6cc76fc83445@group-3EAEE2225F13-LeaderElection68] INFO  server.RaftServerConfigKeys (ConfUtils.java:logGet(43)) - raft.server.log.appender.buffer.byte-limit = 33554432 (custom)
2019-10-05 00:46:16,055 [ed3238f0-4c84-4a60-a2f8-6cc76fc83445@group-3EAEE2225F13-LeaderElection68] INFO  server.RaftServerConfigKeys (ConfUtils.java:logGet(43)) - raft.server.log.appender.buffer.element-limit = 1 (custom)
2019-10-05 00:46:16,055 [ed3238f0-4c84-4a60-a2f8-6cc76fc83445@group-3EAEE2225F13-LeaderElection68] INFO  grpc.GrpcConfigKeys$Server (ConfUtils.java:logGet(43)) - raft.grpc.server.leader.outstanding.appends.max = 128 (default)
2019-10-05 00:46:16,056 [ed3238f0-4c84-4a60-a2f8-6cc76fc83445@group-3EAEE2225F13-LeaderElection68] INFO  server.RaftServerConfigKeys (ConfUtils.java:logGet(43)) - raft.server.rpc.request.timeout = 3000ms (default)
2019-10-05 00:46:16,056 [ed3238f0-4c84-4a60-a2f8-6cc76fc83445@group-3EAEE2225F13-LeaderElection68] INFO  server.RaftServerConfigKeys (ConfUtils.java:logGet(43)) - raft.server.log.appender.install.snapshot.enabled = false (custom)
2019-10-05 00:46:16,056 [ed3238f0-4c84-4a60-a2f8-6cc76fc83445@group-3EAEE2225F13-LeaderElection68] INFO  impl.RoleInfo (RoleInfo.java:updateAndGet(143)) - ed3238f0-4c84-4a60-a2f8-6cc76fc83445: start LeaderState
2019-10-05 00:46:16,057 [ed3238f0-4c84-4a60-a2f8-6cc76fc83445@group-3EAEE2225F13-LeaderElection68] INFO  segmented.SegmentedRaftLogWorker (SegmentedRaftLogWorker.java:rollLogSegment(390)) - ed3238f0-4c84-4a60-a2f8-6cc76fc83445@group-3EAEE2225F13-SegmentedRaftLogWorker: Rolling segment log-0_0 to index:0
2019-10-05 00:46:16,060 [ed3238f0-4c84-4a60-a2f8-6cc76fc83445@group-3EAEE2225F13-LeaderElection68] INFO  impl.RaftServerImpl (ServerState.java:setRaftConf(356)) - ed3238f0-4c84-4a60-a2f8-6cc76fc83445@group-3EAEE2225F13: set configuration 1: [350df966-4f7e-40ad-9376-6e8135859b03:192.168.157.198:41756, ed3238f0-4c84-4a60-a2f8-6cc76fc83445:192.168.157.198:39316, 89668d6e-e14c-4beb-9510-14f21fdf05ff:192.168.157.198:39545], old=null at 1
2019-10-05 00:46:16,061 [grpc-default-executor-8] INFO  impl.RaftServerImpl (ServerState.java:setLeader(255)) - 350df966-4f7e-40ad-9376-6e8135859b03@group-3EAEE2225F13: change Leader from null to ed3238f0-4c84-4a60-a2f8-6cc76fc83445 at term 3 for appendEntries, leader elected after 10234ms
2019-10-05 00:46:16,061 [ed3238f0-4c84-4a60-a2f8-6cc76fc83445@group-3EAEE2225F13-SegmentedRaftLogWorker] INFO  segmented.SegmentedRaftLogWorker (SegmentedRaftLogWorker.java:execute(531)) - ed3238f0-4c84-4a60-a2f8-6cc76fc83445@group-3EAEE2225F13-SegmentedRaftLogWorker: Rolled log segment from /workdir/hadoop-ozone/integration-test/target/test-dir/MiniOzoneClusterImpl-b8fb7fba-1d4b-4f50-8dfb-556ab5a2e7b3/datanode-4/data/ratis/97758af6-938f-453a-966d-3eaee2225f13/current/log_inprogress_0 to /workdir/hadoop-ozone/integration-test/target/test-dir/MiniOzoneClusterImpl-b8fb7fba-1d4b-4f50-8dfb-556ab5a2e7b3/datanode-4/data/ratis/97758af6-938f-453a-966d-3eaee2225f13/current/log_0-0
2019-10-05 00:46:16,065 [grpc-default-executor-8] INFO  impl.RaftServerImpl (RaftServerImpl.java:checkInconsistentAppendEntries(999)) - 350df966-4f7e-40ad-9376-6e8135859b03@group-3EAEE2225F13: Failed appendEntries as previous log entry ((t:1, i:0)) is not found
2019-10-05 00:46:16,065 [grpc-default-executor-5] INFO  impl.RaftServerImpl (ServerState.java:setLeader(255)) - 89668d6e-e14c-4beb-9510-14f21fdf05ff@group-3EAEE2225F13: change Leader from null to ed3238f0-4c84-4a60-a2f8-6cc76fc83445 at term 3 for appendEntries, leader elected after 10237ms
2019-10-05 00:46:16,067 [grpc-default-executor-8] INFO  impl.RaftServerImpl (RaftServerImpl.java:checkInconsistentAppendEntries(972)) - 350df966-4f7e-40ad-9376-6e8135859b03@group-3EAEE2225F13: inconsistency entries. Reply:ed3238f0-4c84-4a60-a2f8-6cc76fc83445<-350df966-4f7e-40ad-9376-6e8135859b03#0:FAIL,INCONSISTENCY,nextIndex:0,term:3,followerCommit:-1
2019-10-05 00:46:16,068 [grpc-default-executor-5] INFO  impl.RaftServerImpl (RaftServerImpl.java:checkInconsistentAppendEntries(999)) - 89668d6e-e14c-4beb-9510-14f21fdf05ff@group-3EAEE2225F13: Failed appendEntries as previous log entry ((t:1, i:0)) is not found
2019-10-05 00:46:16,068 [grpc-default-executor-5] INFO  impl.RaftServerImpl (RaftServerImpl.java:checkInconsistentAppendEntries(972)) - 89668d6e-e14c-4beb-9510-14f21fdf05ff@group-3EAEE2225F13: inconsistency entries. Reply:ed3238f0-4c84-4a60-a2f8-6cc76fc83445<-89668d6e-e14c-4beb-9510-14f21fdf05ff#0:FAIL,INCONSISTENCY,nextIndex:0,term:3,followerCommit:-1
2019-10-05 00:46:16,069 [grpc-default-executor-5] INFO  impl.FollowerInfo (FollowerInfo.java:lambda$new$0(51)) - ed3238f0-4c84-4a60-a2f8-6cc76fc83445@group-3EAEE2225F13->350df966-4f7e-40ad-9376-6e8135859b03: nextIndex: updateUnconditionally 1 -> 0
2019-10-05 00:46:16,069 [grpc-default-executor-8] INFO  impl.FollowerInfo (FollowerInfo.java:lambda$new$0(51)) - ed3238f0-4c84-4a60-a2f8-6cc76fc83445@group-3EAEE2225F13->89668d6e-e14c-4beb-9510-14f21fdf05ff: nextIndex: updateUnconditionally 1 -> 0
2019-10-05 00:46:16,070 [grpc-default-executor-8] INFO  impl.RaftServerImpl (ServerState.java:setRaftConf(356)) - 350df966-4f7e-40ad-9376-6e8135859b03@group-3EAEE2225F13: set configuration 0: [350df966-4f7e-40ad-9376-6e8135859b03:192.168.157.198:41756, ed3238f0-4c84-4a60-a2f8-6cc76fc83445:192.168.157.198:39316, 89668d6e-e14c-4beb-9510-14f21fdf05ff:192.168.157.198:39545], old=null at 0
2019-10-05 00:46:16,070 [grpc-default-executor-5] INFO  impl.RaftServerImpl (ServerState.java:setRaftConf(356)) - 89668d6e-e14c-4beb-9510-14f21fdf05ff@group-3EAEE2225F13: set configuration 0: [350df966-4f7e-40ad-9376-6e8135859b03:192.168.157.198:41756, ed3238f0-4c84-4a60-a2f8-6cc76fc83445:192.168.157.198:39316, 89668d6e-e14c-4beb-9510-14f21fdf05ff:192.168.157.198:39545], old=null at 0
2019-10-05 00:46:16,070 [grpc-default-executor-8] INFO  segmented.SegmentedRaftLogWorker (SegmentedRaftLogWorker.java:startLogSegment(385)) - 350df966-4f7e-40ad-9376-6e8135859b03@group-3EAEE2225F13-SegmentedRaftLogWorker: Starting segment from index:0
2019-10-05 00:46:16,070 [grpc-default-executor-5] INFO  segmented.SegmentedRaftLogWorker (SegmentedRaftLogWorker.java:startLogSegment(385)) - 89668d6e-e14c-4beb-9510-14f21fdf05ff@group-3EAEE2225F13-SegmentedRaftLogWorker: Starting segment from index:0
2019-10-05 00:46:16,071 [grpc-default-executor-8] INFO  impl.RaftServerImpl (ServerState.java:setRaftConf(356)) - 350df966-4f7e-40ad-9376-6e8135859b03@group-3EAEE2225F13: set configuration 1: [350df966-4f7e-40ad-9376-6e8135859b03:192.168.157.198:41756, ed3238f0-4c84-4a60-a2f8-6cc76fc83445:192.168.157.198:39316, 89668d6e-e14c-4beb-9510-14f21fdf05ff:192.168.157.198:39545], old=null at 1
2019-10-05 00:46:16,071 [grpc-default-executor-5] INFO  impl.RaftServerImpl (ServerState.java:setRaftConf(356)) - 89668d6e-e14c-4beb-9510-14f21fdf05ff@group-3EAEE2225F13: set configuration 1: [350df966-4f7e-40ad-9376-6e8135859b03:192.168.157.198:41756, ed3238f0-4c84-4a60-a2f8-6cc76fc83445:192.168.157.198:39316, 89668d6e-e14c-4beb-9510-14f21fdf05ff:192.168.157.198:39545], old=null at 1
2019-10-05 00:46:16,071 [grpc-default-executor-8] INFO  segmented.SegmentedRaftLogWorker (SegmentedRaftLogWorker.java:rollLogSegment(390)) - 350df966-4f7e-40ad-9376-6e8135859b03@group-3EAEE2225F13-SegmentedRaftLogWorker: Rolling segment log-0_0 to index:0
2019-10-05 00:46:16,071 [grpc-default-executor-5] INFO  segmented.SegmentedRaftLogWorker (SegmentedRaftLogWorker.java:rollLogSegment(390)) - 89668d6e-e14c-4beb-9510-14f21fdf05ff@group-3EAEE2225F13-SegmentedRaftLogWorker: Rolling segment log-0_0 to index:0
2019-10-05 00:46:16,095 [main] INFO  ozoneimpl.OzoneContainer (OzoneContainer.java:stop(231)) - Attempting to stop container services.
2019-10-05 00:46:16,096 [main] INFO  impl.RaftServerProxy (RaftServerProxy.java:lambda$close$4(314)) - a6356d4d-38b2-40a5-96a9-f62f0814d40d: close
2019-10-05 00:46:16,097 [main] INFO  impl.RaftServerImpl (RaftServerImpl.java:lambda$shutdown$3(247)) - a6356d4d-38b2-40a5-96a9-f62f0814d40d@group-ED8C54C7E987: shutdown
2019-10-05 00:46:16,097 [main] INFO  util.JmxRegister (JmxRegister.java:unregister(73)) - Successfully un-registered JMX Bean with object name Ratis:service=RaftServer,group=group-ED8C54C7E987,id=a6356d4d-38b2-40a5-96a9-f62f0814d40d
2019-10-05 00:46:16,098 [main] INFO  impl.RoleInfo (RoleInfo.java:shutdownLeaderState(104)) - a6356d4d-38b2-40a5-96a9-f62f0814d40d: shutdown LeaderState
2019-10-05 00:46:16,098 [main] INFO  impl.PendingRequests (PendingRequests.java:sendNotLeaderResponses(202)) - a6356d4d-38b2-40a5-96a9-f62f0814d40d@group-ED8C54C7E987-PendingRequests: sendNotLeaderResponses
2019-10-05 00:46:16,098 [main] INFO  impl.StateMachineUpdater (StateMachineUpdater.java:stopAndJoin(136)) - a6356d4d-38b2-40a5-96a9-f62f0814d40d@group-ED8C54C7E987-StateMachineUpdater: set stopIndex = 0
2019-10-05 00:46:16,099 [main] INFO  impl.RaftServerImpl (ServerState.java:close(387)) - a6356d4d-38b2-40a5-96a9-f62f0814d40d@group-ED8C54C7E987: closes. applyIndex: 0
2019-10-05 00:46:16,099 [a6356d4d-38b2-40a5-96a9-f62f0814d40d@group-ED8C54C7E987-SegmentedRaftLogWorker] INFO  segmented.SegmentedRaftLogWorker (SegmentedRaftLogWorker.java:run(316)) - a6356d4d-38b2-40a5-96a9-f62f0814d40d@group-ED8C54C7E987-SegmentedRaftLogWorker was interrupted, exiting. There are 0 tasks remaining in the queue.
2019-10-05 00:46:16,110 [main] INFO  segmented.SegmentedRaftLogWorker (SegmentedRaftLogWorker.java:close(224)) - a6356d4d-38b2-40a5-96a9-f62f0814d40d@group-ED8C54C7E987-SegmentedRaftLogWorker close()
2019-10-05 00:46:16,129 [ed3238f0-4c84-4a60-a2f8-6cc76fc83445@group-3EAEE2225F13-SegmentedRaftLogWorker] INFO  segmented.SegmentedRaftLogWorker (SegmentedRaftLogWorker.java:execute(574)) - ed3238f0-4c84-4a60-a2f8-6cc76fc83445@group-3EAEE2225F13-SegmentedRaftLogWorker: created new log segment /workdir/hadoop-ozone/integration-test/target/test-dir/MiniOzoneClusterImpl-b8fb7fba-1d4b-4f50-8dfb-556ab5a2e7b3/datanode-4/data/ratis/97758af6-938f-453a-966d-3eaee2225f13/current/log_inprogress_1
2019-10-05 00:46:16,129 [main] INFO  impl.RaftServerImpl (RaftServerImpl.java:lambda$shutdown$3(247)) - a6356d4d-38b2-40a5-96a9-f62f0814d40d@group-FCE8886FD307: shutdown
2019-10-05 00:46:16,130 [350df966-4f7e-40ad-9376-6e8135859b03@group-3EAEE2225F13-SegmentedRaftLogWorker] INFO  segmented.SegmentedRaftLogWorker (SegmentedRaftLogWorker.java:execute(574)) - 350df966-4f7e-40ad-9376-6e8135859b03@group-3EAEE2225F13-SegmentedRaftLogWorker: created new log segment /workdir/hadoop-ozone/integration-test/target/test-dir/MiniOzoneClusterImpl-b8fb7fba-1d4b-4f50-8dfb-556ab5a2e7b3/datanode-5/data/ratis/97758af6-938f-453a-966d-3eaee2225f13/current/log_inprogress_0
2019-10-05 00:46:16,129 [89668d6e-e14c-4beb-9510-14f21fdf05ff@group-3EAEE2225F13-SegmentedRaftLogWorker] INFO  segmented.SegmentedRaftLogWorker (SegmentedRaftLogWorker.java:execute(574)) - 89668d6e-e14c-4beb-9510-14f21fdf05ff@group-3EAEE2225F13-SegmentedRaftLogWorker: created new log segment /workdir/hadoop-ozone/integration-test/target/test-dir/MiniOzoneClusterImpl-b8fb7fba-1d4b-4f50-8dfb-556ab5a2e7b3/datanode-3/data/ratis/97758af6-938f-453a-966d-3eaee2225f13/current/log_inprogress_0
2019-10-05 00:46:16,130 [main] INFO  util.JmxRegister (JmxRegister.java:unregister(73)) - Successfully un-registered JMX Bean with object name Ratis:service=RaftServer,group=group-FCE8886FD307,id=a6356d4d-38b2-40a5-96a9-f62f0814d40d
2019-10-05 00:46:16,131 [main] INFO  impl.RoleInfo (RoleInfo.java:shutdownFollowerState(121)) - a6356d4d-38b2-40a5-96a9-f62f0814d40d: shutdown FollowerState
2019-10-05 00:46:16,131 [main] INFO  impl.StateMachineUpdater (StateMachineUpdater.java:stopAndJoin(136)) - a6356d4d-38b2-40a5-96a9-f62f0814d40d@group-FCE8886FD307-StateMachineUpdater: set stopIndex = 2
2019-10-05 00:46:16,131 [a6356d4d-38b2-40a5-96a9-f62f0814d40d@group-FCE8886FD307-StateMachineUpdater] INFO  ratis.ContainerStateMachine (ContainerStateMachine.java:takeSnapshot(293)) - group-FCE8886FD307: Taking a snapshot at:(t:1, i:1) file /workdir/hadoop-ozone/integration-test/target/test-dir/MiniOzoneClusterImpl-b8fb7fba-1d4b-4f50-8dfb-556ab5a2e7b3/datanode-1/data/ratis/f8089180-6399-49f1-901d-fce8886fd307/sm/snapshot.1_1
2019-10-05 00:46:16,131 [Thread-2377] INFO  impl.FollowerState (FollowerState.java:run(117)) - a6356d4d-38b2-40a5-96a9-f62f0814d40d@group-FCE8886FD307-FollowerState was interrupted: java.lang.InterruptedException: sleep interrupted
2019-10-05 00:46:16,143 [89668d6e-e14c-4beb-9510-14f21fdf05ff@group-3EAEE2225F13-SegmentedRaftLogWorker] INFO  segmented.SegmentedRaftLogWorker (SegmentedRaftLogWorker.java:execute(531)) - 89668d6e-e14c-4beb-9510-14f21fdf05ff@group-3EAEE2225F13-SegmentedRaftLogWorker: Rolled log segment from /workdir/hadoop-ozone/integration-test/target/test-dir/MiniOzoneClusterImpl-b8fb7fba-1d4b-4f50-8dfb-556ab5a2e7b3/datanode-3/data/ratis/97758af6-938f-453a-966d-3eaee2225f13/current/log_inprogress_0 to /workdir/hadoop-ozone/integration-test/target/test-dir/MiniOzoneClusterImpl-b8fb7fba-1d4b-4f50-8dfb-556ab5a2e7b3/datanode-3/data/ratis/97758af6-938f-453a-966d-3eaee2225f13/current/log_0-0
2019-10-05 00:46:16,143 [350df966-4f7e-40ad-9376-6e8135859b03@group-3EAEE2225F13-SegmentedRaftLogWorker] INFO  segmented.SegmentedRaftLogWorker (SegmentedRaftLogWorker.java:execute(531)) - 350df966-4f7e-40ad-9376-6e8135859b03@group-3EAEE2225F13-SegmentedRaftLogWorker: Rolled log segment from /workdir/hadoop-ozone/integration-test/target/test-dir/MiniOzoneClusterImpl-b8fb7fba-1d4b-4f50-8dfb-556ab5a2e7b3/datanode-5/data/ratis/97758af6-938f-453a-966d-3eaee2225f13/current/log_inprogress_0 to /workdir/hadoop-ozone/integration-test/target/test-dir/MiniOzoneClusterImpl-b8fb7fba-1d4b-4f50-8dfb-556ab5a2e7b3/datanode-5/data/ratis/97758af6-938f-453a-966d-3eaee2225f13/current/log_0-0
2019-10-05 00:46:16,143 [a6356d4d-38b2-40a5-96a9-f62f0814d40d@group-FCE8886FD307-StateMachineUpdater] INFO  ratis.ContainerStateMachine (ContainerStateMachine.java:takeSnapshot(304)) - group-FCE8886FD307: Finished taking a snapshot at:(t:1, i:1) file:/workdir/hadoop-ozone/integration-test/target/test-dir/MiniOzoneClusterImpl-b8fb7fba-1d4b-4f50-8dfb-556ab5a2e7b3/datanode-1/data/ratis/f8089180-6399-49f1-901d-fce8886fd307/sm/snapshot.1_1 time:12
2019-10-05 00:46:16,146 [a6356d4d-38b2-40a5-96a9-f62f0814d40d@group-FCE8886FD307-StateMachineUpdater] INFO  impl.StateMachineUpdater (StateMachineUpdater.java:takeSnapshot(269)) - a6356d4d-38b2-40a5-96a9-f62f0814d40d@group-FCE8886FD307-StateMachineUpdater: Took a snapshot at index 1
2019-10-05 00:46:16,146 [a6356d4d-38b2-40a5-96a9-f62f0814d40d@group-FCE8886FD307-StateMachineUpdater] INFO  impl.StateMachineUpdater (StateMachineUpdater.java:lambda$new$0(84)) - a6356d4d-38b2-40a5-96a9-f62f0814d40d@group-FCE8886FD307-StateMachineUpdater: snapshotIndex: updateIncreasingly -1 -> 1
2019-10-05 00:46:16,146 [a6356d4d-38b2-40a5-96a9-f62f0814d40d@group-FCE8886FD307-StateMachineUpdater] INFO  ratis.ContainerStateMachine (ContainerStateMachine.java:takeSnapshot(293)) - group-FCE8886FD307: Taking a snapshot at:(t:1, i:1) file /workdir/hadoop-ozone/integration-test/target/test-dir/MiniOzoneClusterImpl-b8fb7fba-1d4b-4f50-8dfb-556ab5a2e7b3/datanode-1/data/ratis/f8089180-6399-49f1-901d-fce8886fd307/sm/snapshot.1_1
2019-10-05 00:46:16,158 [a6356d4d-38b2-40a5-96a9-f62f0814d40d@group-FCE8886FD307-StateMachineUpdater] INFO  ratis.ContainerStateMachine (ContainerStateMachine.java:takeSnapshot(304)) - group-FCE8886FD307: Finished taking a snapshot at:(t:1, i:1) file:/workdir/hadoop-ozone/integration-test/target/test-dir/MiniOzoneClusterImpl-b8fb7fba-1d4b-4f50-8dfb-556ab5a2e7b3/datanode-1/data/ratis/f8089180-6399-49f1-901d-fce8886fd307/sm/snapshot.1_1 time:12
2019-10-05 00:46:16,159 [a6356d4d-38b2-40a5-96a9-f62f0814d40d@group-FCE8886FD307-StateMachineUpdater] INFO  impl.StateMachineUpdater (StateMachineUpdater.java:takeSnapshot(269)) - a6356d4d-38b2-40a5-96a9-f62f0814d40d@group-FCE8886FD307-StateMachineUpdater: Took a snapshot at index 1
2019-10-05 00:46:16,159 [a6356d4d-38b2-40a5-96a9-f62f0814d40d@group-FCE8886FD307-StateMachineUpdater] INFO  impl.StateMachineUpdater (StateMachineUpdater.java:lambda$new$0(84)) - a6356d4d-38b2-40a5-96a9-f62f0814d40d@group-FCE8886FD307-StateMachineUpdater: snapshotIndex: updateIncreasingly 1 -> 1
2019-10-05 00:46:16,159 [main] INFO  impl.RaftServerImpl (ServerState.java:close(387)) - a6356d4d-38b2-40a5-96a9-f62f0814d40d@group-FCE8886FD307: closes. applyIndex: 2
2019-10-05 00:46:16,188 [a6356d4d-38b2-40a5-96a9-f62f0814d40d@group-FCE8886FD307-SegmentedRaftLogWorker] INFO  segmented.SegmentedRaftLogWorker (SegmentedRaftLogWorker.java:run(316)) - a6356d4d-38b2-40a5-96a9-f62f0814d40d@group-FCE8886FD307-SegmentedRaftLogWorker was interrupted, exiting. There are 0 tasks remaining in the queue.
2019-10-05 00:46:16,188 [main] INFO  segmented.SegmentedRaftLogWorker (SegmentedRaftLogWorker.java:close(224)) - a6356d4d-38b2-40a5-96a9-f62f0814d40d@group-FCE8886FD307-SegmentedRaftLogWorker close()
2019-10-05 00:46:16,190 [main] INFO  server.GrpcService (GrpcService.java:closeImpl(164)) - a6356d4d-38b2-40a5-96a9-f62f0814d40d: shutdown server with port 45173 now
2019-10-05 00:46:16,192 [grpc-default-executor-5] WARN  server.GrpcServerProtocolService (LogUtils.java:warn(134)) - a6356d4d-38b2-40a5-96a9-f62f0814d40d: installSnapshot onError, lastRequest: 4223cdcf-b6b8-44ba-8e2a-30085cda3eb1->a6356d4d-38b2-40a5-96a9-f62f0814d40d#5-t1, previous=(t:1, i:2), leaderCommit=2, initializing? false, entries: <empty>: org.apache.ratis.thirdparty.io.grpc.StatusRuntimeException: CANCELLED: cancelled before receiving half close
2019-10-05 00:46:16,192 [main] INFO  server.GrpcService (GrpcService.java:closeImpl(172)) - a6356d4d-38b2-40a5-96a9-f62f0814d40d: shutdown server with port 45173 successfully
2019-10-05 00:46:16,192 [grpc-default-executor-8] WARN  server.GrpcLogAppender (LogUtils.java:warn(134)) - 4223cdcf-b6b8-44ba-8e2a-30085cda3eb1@group-FCE8886FD307->a6356d4d-38b2-40a5-96a9-f62f0814d40d-AppendLogResponseHandler: Failed appendEntries: org.apache.ratis.thirdparty.io.grpc.StatusRuntimeException: CANCELLED: HTTP/2 error code: CANCEL
Received Rst Stream
2019-10-05 00:46:16,192 [grpc-default-executor-8] INFO  impl.FollowerInfo (FollowerInfo.java:lambda$new$0(51)) - 4223cdcf-b6b8-44ba-8e2a-30085cda3eb1@group-FCE8886FD307->a6356d4d-38b2-40a5-96a9-f62f0814d40d: nextIndex: updateUnconditionally 3 -> 2
2019-10-05 00:46:16,195 [refreshUsed-/workdir/hadoop-ozone/integration-test/target/test-dir/MiniOzoneClusterImpl-b8fb7fba-1d4b-4f50-8dfb-556ab5a2e7b3/datanode-1/data/containers] WARN  fs.CachingGetSpaceUsed (CachingGetSpaceUsed.java:run(183)) - Thread Interrupted waiting to refresh disk information: sleep interrupted
2019-10-05 00:46:16,198 [89668d6e-e14c-4beb-9510-14f21fdf05ff@group-3EAEE2225F13-SegmentedRaftLogWorker] INFO  segmented.SegmentedRaftLogWorker (SegmentedRaftLogWorker.java:execute(574)) - 89668d6e-e14c-4beb-9510-14f21fdf05ff@group-3EAEE2225F13-SegmentedRaftLogWorker: created new log segment /workdir/hadoop-ozone/integration-test/target/test-dir/MiniOzoneClusterImpl-b8fb7fba-1d4b-4f50-8dfb-556ab5a2e7b3/datanode-3/data/ratis/97758af6-938f-453a-966d-3eaee2225f13/current/log_inprogress_1
2019-10-05 00:46:16,198 [350df966-4f7e-40ad-9376-6e8135859b03@group-3EAEE2225F13-SegmentedRaftLogWorker] INFO  segmented.SegmentedRaftLogWorker (SegmentedRaftLogWorker.java:execute(574)) - 350df966-4f7e-40ad-9376-6e8135859b03@group-3EAEE2225F13-SegmentedRaftLogWorker: created new log segment /workdir/hadoop-ozone/integration-test/target/test-dir/MiniOzoneClusterImpl-b8fb7fba-1d4b-4f50-8dfb-556ab5a2e7b3/datanode-5/data/ratis/97758af6-938f-453a-966d-3eaee2225f13/current/log_inprogress_1
2019-10-05 00:46:16,208 [main] INFO  utils.BackgroundService (BackgroundService.java:shutdown(148)) - Shutting down service BlockDeletingService
2019-10-05 00:46:16,214 [main] INFO  statemachine.DatanodeStateMachine (DatanodeStateMachine.java:stopDaemon(395)) - Ozone container server stopped.
2019-10-05 00:46:16,216 [main] INFO  handler.ContextHandler (ContextHandler.java:doStop(910)) - Stopped o.e.j.w.WebAppContext@578a5ce8{/,null,UNAVAILABLE}{/hddsDatanode}
2019-10-05 00:46:16,216 [main] INFO  server.AbstractConnector (AbstractConnector.java:doStop(318)) - Stopped ServerConnector@7c453c34{HTTP/1.1,[http/1.1]}{0.0.0.0:0}
2019-10-05 00:46:16,217 [main] INFO  handler.ContextHandler (ContextHandler.java:doStop(910)) - Stopped o.e.j.s.ServletContextHandler@3b0d3a63{/static,jar:file:/home/user/.m2/repository/org/apache/hadoop/hadoop-hdds-container-service/0.5.0-SNAPSHOT/hadoop-hdds-container-service-0.5.0-SNAPSHOT.jar!/webapps/static,UNAVAILABLE}
2019-10-05 00:46:16,217 [main] INFO  handler.ContextHandler (ContextHandler.java:doStop(910)) - Stopped o.e.j.s.ServletContextHandler@6c951ada{/logs,file:///workdir/hadoop-ozone/integration-test/target/log,UNAVAILABLE}
2019-10-05 00:46:16,224 [grpc-default-executor-5] WARN  server.GrpcLogAppender (LogUtils.java:warn(134)) - 4223cdcf-b6b8-44ba-8e2a-30085cda3eb1@group-FCE8886FD307->a6356d4d-38b2-40a5-96a9-f62f0814d40d-AppendLogResponseHandler: Failed appendEntries: org.apache.ratis.thirdparty.io.grpc.StatusRuntimeException: UNAVAILABLE: io exception
2019-10-05 00:46:16,224 [grpc-default-executor-5] INFO  impl.FollowerInfo (FollowerInfo.java:lambda$new$0(51)) - 4223cdcf-b6b8-44ba-8e2a-30085cda3eb1@group-FCE8886FD307->a6356d4d-38b2-40a5-96a9-f62f0814d40d: nextIndex: updateUnconditionally 3 -> 2
2019-10-05 00:46:16,227 [grpc-default-executor-2] WARN  server.GrpcLogAppender (LogUtils.java:warn(134)) - 4223cdcf-b6b8-44ba-8e2a-30085cda3eb1@group-FCE8886FD307->a6356d4d-38b2-40a5-96a9-f62f0814d40d-AppendLogResponseHandler: Failed appendEntries: org.apache.ratis.thirdparty.io.grpc.StatusRuntimeException: UNAVAILABLE: io exception
2019-10-05 00:46:16,227 [grpc-default-executor-2] INFO  impl.FollowerInfo (FollowerInfo.java:lambda$new$0(51)) - 4223cdcf-b6b8-44ba-8e2a-30085cda3eb1@group-FCE8886FD307->a6356d4d-38b2-40a5-96a9-f62f0814d40d: nextIndex: updateUnconditionally 3 -> 2
2019-10-05 00:46:16,229 [grpc-default-executor-2] WARN  server.GrpcLogAppender (LogUtils.java:warn(134)) - 4223cdcf-b6b8-44ba-8e2a-30085cda3eb1@group-FCE8886FD307->a6356d4d-38b2-40a5-96a9-f62f0814d40d-AppendLogResponseHandler: Failed appendEntries: org.apache.ratis.thirdparty.io.grpc.StatusRuntimeException: UNAVAILABLE: io exception
2019-10-05 00:46:16,230 [grpc-default-executor-2] INFO  impl.FollowerInfo (FollowerInfo.java:lambda$new$0(51)) - 4223cdcf-b6b8-44ba-8e2a-30085cda3eb1@group-FCE8886FD307->a6356d4d-38b2-40a5-96a9-f62f0814d40d: nextIndex: updateUnconditionally 3 -> 2
2019-10-05 00:46:16,234 [EventQueue-IncrementalContainerReportForIncrementalContainerReportHandler] WARN  container.IncrementalContainerReportHandler (AbstractContainerReportHandler.java:updateContainerState(143)) - Container #1 is in OPEN state, but the datanode 4223cdcf-b6b8-44ba-8e2a-30085cda3eb1{ip: 192.168.157.198, host: pr-hdds-2244-g9zth-2836493377, networkLocation: /default-rack, certSerialId: null} reports an CLOSING replica.
2019-10-05 00:46:16,234 [EventQueue-IncrementalContainerReportForIncrementalContainerReportHandler] WARN  container.IncrementalContainerReportHandler (AbstractContainerReportHandler.java:updateContainerState(143)) - Container #1 is in OPEN state, but the datanode b4cb1d2e-453f-4b17-913c-21c5603069de{ip: 192.168.157.198, host: pr-hdds-2244-g9zth-2836493377, networkLocation: /default-rack, certSerialId: null} reports an CLOSING replica.
2019-10-05 00:46:16,255 [RatisApplyTransactionExecutor 1] INFO  interfaces.Container (KeyValueContainer.java:flushAndSyncDB(386)) - Container 1 is synced with bcsId 0.
2019-10-05 00:46:16,270 [RatisApplyTransactionExecutor 1] INFO  interfaces.Container (KeyValueContainer.java:flushAndSyncDB(386)) - Container 1 is synced with bcsId 0.
2019-10-05 00:46:16,272 [RatisApplyTransactionExecutor 1] INFO  interfaces.Container (KeyValueContainer.java:flushAndSyncDB(386)) - Container 1 is synced with bcsId 0.
2019-10-05 00:46:16,272 [RatisApplyTransactionExecutor 1] INFO  interfaces.Container (KeyValueContainer.java:flushAndSyncDB(386)) - Container 1 is synced with bcsId 0.
2019-10-05 00:46:16,275 [RatisApplyTransactionExecutor 1] INFO  interfaces.Container (KeyValueContainer.java:close(335)) - Container 1 is closed with bcsId 0.
2019-10-05 00:46:16,275 [RatisApplyTransactionExecutor 1] INFO  interfaces.Container (KeyValueContainer.java:close(335)) - Container 1 is closed with bcsId 0.
2019-10-05 00:46:16,284 [EventQueue-IncrementalContainerReportForIncrementalContainerReportHandler] WARN  container.IncrementalContainerReportHandler (AbstractContainerReportHandler.java:updateContainerState(143)) - Container #1 is in OPEN state, but the datanode b4cb1d2e-453f-4b17-913c-21c5603069de{ip: 192.168.157.198, host: pr-hdds-2244-g9zth-2836493377, networkLocation: /default-rack, certSerialId: null} reports an CLOSED replica.
2019-10-05 00:46:16,285 [EventQueue-IncrementalContainerReportForIncrementalContainerReportHandler] WARN  container.IncrementalContainerReportHandler (AbstractContainerReportHandler.java:updateContainerState(143)) - Container #1 is in OPEN state, but the datanode 4223cdcf-b6b8-44ba-8e2a-30085cda3eb1{ip: 192.168.157.198, host: pr-hdds-2244-g9zth-2836493377, networkLocation: /default-rack, certSerialId: null} reports an CLOSED replica.
2019-10-05 00:46:18,731 [grpc-default-executor-8] WARN  server.GrpcLogAppender (LogUtils.java:warn(134)) - 4223cdcf-b6b8-44ba-8e2a-30085cda3eb1@group-FCE8886FD307->a6356d4d-38b2-40a5-96a9-f62f0814d40d-AppendLogResponseHandler: Failed appendEntries: org.apache.ratis.thirdparty.io.grpc.StatusRuntimeException: UNAVAILABLE: io exception
2019-10-05 00:46:18,732 [grpc-default-executor-8] INFO  impl.FollowerInfo (FollowerInfo.java:lambda$new$0(51)) - 4223cdcf-b6b8-44ba-8e2a-30085cda3eb1@group-FCE8886FD307->a6356d4d-38b2-40a5-96a9-f62f0814d40d: nextIndex: updateUnconditionally 2 -> 1
2019-10-05 00:46:19,297 [main] WARN  scm.XceiverClientRatis (XceiverClientRatis.java:watchForCommit(292)) - 3 way commit failed on pipeline Pipeline[ Id: f8089180-6399-49f1-901d-fce8886fd307, Nodes: a6356d4d-38b2-40a5-96a9-f62f0814d40d{ip: 192.168.157.198, host: pr-hdds-2244-g9zth-2836493377, networkLocation: /default-rack, certSerialId: null}4223cdcf-b6b8-44ba-8e2a-30085cda3eb1{ip: 192.168.157.198, host: pr-hdds-2244-g9zth-2836493377, networkLocation: /default-rack, certSerialId: null}b4cb1d2e-453f-4b17-913c-21c5603069de{ip: 192.168.157.198, host: pr-hdds-2244-g9zth-2836493377, networkLocation: /default-rack, certSerialId: null}, Type:RATIS, Factor:THREE, State:OPEN]
java.util.concurrent.TimeoutException
	at java.util.concurrent.CompletableFuture.timedGet(CompletableFuture.java:1771)
	at java.util.concurrent.CompletableFuture.get(CompletableFuture.java:1915)
	at org.apache.hadoop.hdds.scm.XceiverClientRatis.watchForCommit(XceiverClientRatis.java:289)
	at org.apache.hadoop.ozone.client.rpc.TestWatchForCommit.test2WayCommitForTimeoutException(TestWatchForCommit.java:391)
	at sun.reflect.NativeMethodAccessorImpl.invoke0(Native Method)
	at sun.reflect.NativeMethodAccessorImpl.invoke(NativeMethodAccessorImpl.java:62)
	at sun.reflect.DelegatingMethodAccessorImpl.invoke(DelegatingMethodAccessorImpl.java:43)
	at java.lang.reflect.Method.invoke(Method.java:498)
	at org.junit.runners.model.FrameworkMethod$1.runReflectiveCall(FrameworkMethod.java:47)
	at org.junit.internal.runners.model.ReflectiveCallable.run(ReflectiveCallable.java:12)
	at org.junit.runners.model.FrameworkMethod.invokeExplosively(FrameworkMethod.java:44)
	at org.junit.internal.runners.statements.InvokeMethod.evaluate(InvokeMethod.java:17)
	at org.junit.runners.ParentRunner.runLeaf(ParentRunner.java:271)
	at org.junit.runners.BlockJUnit4ClassRunner.runChild(BlockJUnit4ClassRunner.java:70)
	at org.junit.runners.BlockJUnit4ClassRunner.runChild(BlockJUnit4ClassRunner.java:50)
	at org.junit.runners.ParentRunner$3.run(ParentRunner.java:238)
	at org.junit.runners.ParentRunner$1.schedule(ParentRunner.java:63)
	at org.junit.runners.ParentRunner.runChildren(ParentRunner.java:236)
	at org.junit.runners.ParentRunner.access$000(ParentRunner.java:53)
	at org.junit.runners.ParentRunner$2.evaluate(ParentRunner.java:229)
	at org.junit.runners.ParentRunner.run(ParentRunner.java:309)
	at org.apache.maven.surefire.junit4.JUnit4Provider.execute(JUnit4Provider.java:365)
	at org.apache.maven.surefire.junit4.JUnit4Provider.executeWithRerun(JUnit4Provider.java:273)
	at org.apache.maven.surefire.junit4.JUnit4Provider.executeTestSet(JUnit4Provider.java:238)
	at org.apache.maven.surefire.junit4.JUnit4Provider.invoke(JUnit4Provider.java:159)
	at org.apache.maven.surefire.booter.ForkedBooter.invokeProviderInSameClassLoader(ForkedBooter.java:384)
	at org.apache.maven.surefire.booter.ForkedBooter.runSuitesInProcess(ForkedBooter.java:345)
	at org.apache.maven.surefire.booter.ForkedBooter.execute(ForkedBooter.java:126)
	at org.apache.maven.surefire.booter.ForkedBooter.main(ForkedBooter.java:418)
2019-10-05 00:46:21,236 [grpc-default-executor-8] WARN  server.GrpcLogAppender (LogUtils.java:warn(134)) - 4223cdcf-b6b8-44ba-8e2a-30085cda3eb1@group-FCE8886FD307->a6356d4d-38b2-40a5-96a9-f62f0814d40d-AppendLogResponseHandler: Failed appendEntries: org.apache.ratis.thirdparty.io.grpc.StatusRuntimeException: UNAVAILABLE: io exception
2019-10-05 00:46:21,242 [grpc-default-executor-8] INFO  impl.FollowerInfo (FollowerInfo.java:lambda$new$0(51)) - 4223cdcf-b6b8-44ba-8e2a-30085cda3eb1@group-FCE8886FD307->a6356d4d-38b2-40a5-96a9-f62f0814d40d: nextIndex: updateUnconditionally 1 -> 0
]]></system-out>
    <system-err><![CDATA[Oct 05, 2019 12:46:16 AM org.apache.ratis.thirdparty.io.grpc.internal.SerializingExecutor run
SEVERE: Exception while executing runnable org.apache.ratis.thirdparty.io.grpc.internal.ServerImpl$JumpToApplicationThreadServerStreamListener$1Closed@7fb0a60e
org.apache.ratis.thirdparty.io.grpc.StatusRuntimeException: CANCELLED: call already cancelled
	at org.apache.ratis.thirdparty.io.grpc.Status.asRuntimeException(Status.java:517)
	at org.apache.ratis.thirdparty.io.grpc.stub.ServerCalls$ServerCallStreamObserverImpl.onCompleted(ServerCalls.java:356)
	at org.apache.ratis.grpc.server.GrpcServerProtocolService$ServerRequestStreamObserver.onError(GrpcServerProtocolService.java:121)
	at org.apache.ratis.thirdparty.io.grpc.stub.ServerCalls$StreamingServerCallHandler$StreamingServerCallListener.onCancel(ServerCalls.java:269)
	at org.apache.ratis.thirdparty.io.grpc.internal.ServerCallImpl$ServerStreamListenerImpl.closed(ServerCallImpl.java:293)
	at org.apache.ratis.thirdparty.io.grpc.internal.ServerImpl$JumpToApplicationThreadServerStreamListener$1Closed.runInContext(ServerImpl.java:741)
	at org.apache.ratis.thirdparty.io.grpc.internal.ContextRunnable.run(ContextRunnable.java:37)
	at org.apache.ratis.thirdparty.io.grpc.internal.SerializingExecutor.run(SerializingExecutor.java:123)
	at java.util.concurrent.ThreadPoolExecutor.runWorker(ThreadPoolExecutor.java:1149)
	at java.util.concurrent.ThreadPoolExecutor$Worker.run(ThreadPoolExecutor.java:624)
	at java.lang.Thread.run(Thread.java:748)

]]></system-err>
  </testcase>
</testsuite>