<?xml version="1.0" encoding="UTF-8"?>
<testsuite xmlns:xsi="http://www.w3.org/2001/XMLSchema-instance" xsi:noNamespaceSchemaLocation="https://maven.apache.org/surefire/maven-surefire-plugin/xsd/surefire-test-report.xsd" name="org.apache.hadoop.ozone.client.rpc.TestWatchForCommit" time="245.906" tests="5" errors="1" skipped="0" failures="0">
  <properties>
    <property name="awt.toolkit" value="sun.awt.X11.XToolkit"/>
    <property name="file.encoding.pkg" value="sun.io"/>
    <property name="java.specification.version" value="1.8"/>
    <property name="sun.cpu.isalist" value=""/>
    <property name="sun.jnu.encoding" value="UTF-8"/>
    <property name="java.class.path" value="/workdir/hadoop-ozone/integration-test/target/test-classes:/workdir/hadoop-ozone/integration-test/target/classes:/home/user/.m2/repository/org/apache/hadoop/hadoop-ozone-common/0.5.0-SNAPSHOT/hadoop-ozone-common-0.5.0-SNAPSHOT.jar:/home/user/.m2/repository/org/apache/commons/commons-compress/1.4.1/commons-compress-1.4.1.jar:/home/user/.m2/repository/org/tukaani/xz/1.0/xz-1.0.jar:/home/user/.m2/repository/org/apache/hadoop/hadoop-common/3.2.0/hadoop-common-3.2.0.jar:/home/user/.m2/repository/org/apache/hadoop/hadoop-hdfs/3.2.0/hadoop-hdfs-3.2.0.jar:/home/user/.m2/repository/org/apache/hadoop/hadoop-hdfs-client/3.2.0/hadoop-hdfs-client-3.2.0.jar:/home/user/.m2/repository/com/fasterxml/jackson/core/jackson-annotations/2.9.9/jackson-annotations-2.9.9.jar:/home/user/.m2/repository/org/apache/hadoop/hadoop-hdds-common/0.5.0-SNAPSHOT/hadoop-hdds-common-0.5.0-SNAPSHOT.jar:/home/user/.m2/repository/javax/annotation/javax.annotation-api/1.2/javax.annotation-api-1.2.jar:/home/user/.m2/repository/org/apache/ratis/ratis-server/0.5.0-63cd2fb-SNAPSHOT/ratis-server-0.5.0-63cd2fb-SNAPSHOT.jar:/home/user/.m2/repository/org/apache/ratis/ratis-thirdparty-misc/0.2.0/ratis-thirdparty-misc-0.2.0.jar:/home/user/.m2/repository/org/apache/ratis/ratis-proto/0.5.0-63cd2fb-SNAPSHOT/ratis-proto-0.5.0-63cd2fb-SNAPSHOT.jar:/home/user/.m2/repository/org/apache/ratis/ratis-common/0.5.0-63cd2fb-SNAPSHOT/ratis-common-0.5.0-63cd2fb-SNAPSHOT.jar:/home/user/.m2/repository/org/apache/ratis/ratis-client/0.5.0-63cd2fb-SNAPSHOT/ratis-client-0.5.0-63cd2fb-SNAPSHOT.jar:/home/user/.m2/repository/org/apache/ratis/ratis-metrics/0.5.0-63cd2fb-SNAPSHOT/ratis-metrics-0.5.0-63cd2fb-SNAPSHOT.jar:/home/user/.m2/repository/com/github/joshelser/dropwizard-metrics-hadoop-metrics2-reporter/0.1.2/dropwizard-metrics-hadoop-metrics2-reporter-0.1.2.jar:/home/user/.m2/repository/io/dropwizard/metrics/metrics-jvm/3.2.5/metrics-jvm-3.2.5.jar:/home/user/.m2/repository/io/dropwizard/metrics/metrics-ganglia/3.2.5/metrics-ganglia-3.2.5.jar:/home/user/.m2/repository/info/ganglia/gmetric4j/gmetric4j/1.0.7/gmetric4j-1.0.7.jar:/home/user/.m2/repository/org/apache/ratis/ratis-netty/0.5.0-63cd2fb-SNAPSHOT/ratis-netty-0.5.0-63cd2fb-SNAPSHOT.jar:/home/user/.m2/repository/org/apache/ratis/ratis-grpc/0.5.0-63cd2fb-SNAPSHOT/ratis-grpc-0.5.0-63cd2fb-SNAPSHOT.jar:/home/user/.m2/repository/org/rocksdb/rocksdbjni/6.0.1/rocksdbjni-6.0.1.jar:/home/user/.m2/repository/org/apache/logging/log4j/log4j-api/2.11.0/log4j-api-2.11.0.jar:/home/user/.m2/repository/org/apache/logging/log4j/log4j-core/2.11.0/log4j-core-2.11.0.jar:/home/user/.m2/repository/com/lmax/disruptor/3.4.2/disruptor-3.4.2.jar:/home/user/.m2/repository/org/apache/commons/commons-pool2/2.6.0/commons-pool2-2.6.0.jar:/home/user/.m2/repository/org/bouncycastle/bcpkix-jdk15on/1.60/bcpkix-jdk15on-1.60.jar:/home/user/.m2/repository/commons-validator/commons-validator/1.6/commons-validator-1.6.jar:/home/user/.m2/repository/commons-digester/commons-digester/1.8.1/commons-digester-1.8.1.jar:/home/user/.m2/repository/io/jaegertracing/jaeger-client/0.34.0/jaeger-client-0.34.0.jar:/home/user/.m2/repository/io/jaegertracing/jaeger-thrift/0.34.0/jaeger-thrift-0.34.0.jar:/home/user/.m2/repository/org/apache/thrift/libthrift/0.12.0/libthrift-0.12.0.jar:/home/user/.m2/repository/com/squareup/okhttp3/okhttp/3.9.0/okhttp-3.9.0.jar:/home/user/.m2/repository/com/squareup/okio/okio/1.13.0/okio-1.13.0.jar:/home/user/.m2/repository/io/jaegertracing/jaeger-core/0.34.0/jaeger-core-0.34.0.jar:/home/user/.m2/repository/io/jaegertracing/jaeger-tracerresolver/0.34.0/jaeger-tracerresolver-0.34.0.jar:/home/user/.m2/repository/io/opentracing/contrib/opentracing-tracerresolver/0.1.5/opentracing-tracerresolver-0.1.5.jar:/home/user/.m2/repository/io/opentracing/opentracing-util/0.31.0/opentracing-util-0.31.0.jar:/home/user/.m2/repository/io/opentracing/opentracing-api/0.31.0/opentracing-api-0.31.0.jar:/home/user/.m2/repository/io/opentracing/opentracing-noop/0.31.0/opentracing-noop-0.31.0.jar:/home/user/.m2/repository/org/apache/hadoop/hadoop-hdds-server-framework/0.5.0-SNAPSHOT/hadoop-hdds-server-framework-0.5.0-SNAPSHOT.jar:/home/user/.m2/repository/org/apache/hadoop/hadoop-hdds-container-service/0.5.0-SNAPSHOT/hadoop-hdds-container-service-0.5.0-SNAPSHOT.jar:/home/user/.m2/repository/org/apache/hadoop/hadoop-hdds-client/0.5.0-SNAPSHOT/hadoop-hdds-client-0.5.0-SNAPSHOT.jar:/home/user/.m2/repository/org/apache/hadoop/hadoop-hdds-tools/0.5.0-SNAPSHOT/hadoop-hdds-tools-0.5.0-SNAPSHOT.jar:/home/user/.m2/repository/org/apache/hadoop/hadoop-hdds-server-scm/0.5.0-SNAPSHOT/hadoop-hdds-server-scm-0.5.0-SNAPSHOT.jar:/home/user/.m2/repository/org/apache/hadoop/hadoop-hdds-docs/0.5.0-SNAPSHOT/hadoop-hdds-docs-0.5.0-SNAPSHOT.jar:/home/user/.m2/repository/io/dropwizard/metrics/metrics-core/3.2.4/metrics-core-3.2.4.jar:/home/user/.m2/repository/org/hamcrest/hamcrest-all/1.3/hamcrest-all-1.3.jar:/home/user/.m2/repository/org/bouncycastle/bcprov-jdk15on/1.60/bcprov-jdk15on-1.60.jar:/home/user/.m2/repository/info/picocli/picocli/3.9.6/picocli-3.9.6.jar:/home/user/.m2/repository/com/google/protobuf/protobuf-java/2.5.0/protobuf-java-2.5.0.jar:/home/user/.m2/repository/com/google/guava/guava/11.0.2/guava-11.0.2.jar:/home/user/.m2/repository/org/apache/hadoop/hadoop-ozone-ozone-manager/0.5.0-SNAPSHOT/hadoop-ozone-ozone-manager-0.5.0-SNAPSHOT.jar:/home/user/.m2/repository/org/apache/hadoop/hadoop-minikdc/3.2.0/hadoop-minikdc-3.2.0.jar:/home/user/.m2/repository/commons-io/commons-io/2.5/commons-io-2.5.jar:/home/user/.m2/repository/org/apache/kerby/kerb-simplekdc/1.0.1/kerb-simplekdc-1.0.1.jar:/home/user/.m2/repository/org/apache/kerby/kerb-client/1.0.1/kerb-client-1.0.1.jar:/home/user/.m2/repository/org/apache/kerby/kerby-config/1.0.1/kerby-config-1.0.1.jar:/home/user/.m2/repository/org/apache/kerby/kerb-core/1.0.1/kerb-core-1.0.1.jar:/home/user/.m2/repository/org/apache/kerby/kerby-pkix/1.0.1/kerby-pkix-1.0.1.jar:/home/user/.m2/repository/org/apache/kerby/kerby-asn1/1.0.1/kerby-asn1-1.0.1.jar:/home/user/.m2/repository/org/apache/kerby/kerby-util/1.0.1/kerby-util-1.0.1.jar:/home/user/.m2/repository/org/apache/kerby/kerb-common/1.0.1/kerb-common-1.0.1.jar:/home/user/.m2/repository/org/apache/kerby/kerb-crypto/1.0.1/kerb-crypto-1.0.1.jar:/home/user/.m2/repository/org/apache/kerby/kerb-util/1.0.1/kerb-util-1.0.1.jar:/home/user/.m2/repository/org/apache/kerby/token-provider/1.0.1/token-provider-1.0.1.jar:/home/user/.m2/repository/org/apache/kerby/kerb-admin/1.0.1/kerb-admin-1.0.1.jar:/home/user/.m2/repository/org/apache/kerby/kerb-server/1.0.1/kerb-server-1.0.1.jar:/home/user/.m2/repository/org/apache/kerby/kerb-identity/1.0.1/kerb-identity-1.0.1.jar:/home/user/.m2/repository/org/apache/kerby/kerby-xdr/1.0.1/kerby-xdr-1.0.1.jar:/home/user/.m2/repository/org/slf4j/slf4j-log4j12/1.7.25/slf4j-log4j12-1.7.25.jar:/home/user/.m2/repository/org/apache/hadoop/hadoop-ozone-s3gateway/0.5.0-SNAPSHOT/hadoop-ozone-s3gateway-0.5.0-SNAPSHOT.jar:/home/user/.m2/repository/org/jboss/weld/servlet/weld-servlet/2.4.7.Final/weld-servlet-2.4.7.Final.jar:/home/user/.m2/repository/org/glassfish/jersey/containers/jersey-container-servlet-core/2.27/jersey-container-servlet-core-2.27.jar:/home/user/.m2/repository/org/glassfish/hk2/external/javax.inject/2.5.0-b42/javax.inject-2.5.0-b42.jar:/home/user/.m2/repository/org/glassfish/jersey/core/jersey-common/2.27/jersey-common-2.27.jar:/home/user/.m2/repository/org/glassfish/hk2/osgi-resource-locator/1.0.1/osgi-resource-locator-1.0.1.jar:/home/user/.m2/repository/javax/ws/rs/javax.ws.rs-api/2.1/javax.ws.rs-api-2.1.jar:/home/user/.m2/repository/org/glassfish/jersey/ext/cdi/jersey-cdi1x/2.27/jersey-cdi1x-2.27.jar:/home/user/.m2/repository/org/glassfish/jersey/inject/jersey-hk2/2.27/jersey-hk2-2.27.jar:/home/user/.m2/repository/org/glassfish/hk2/hk2-locator/2.5.0-b42/hk2-locator-2.5.0-b42.jar:/home/user/.m2/repository/org/javassist/javassist/3.22.0-CR2/javassist-3.22.0-CR2.jar:/home/user/.m2/repository/org/glassfish/hk2/hk2-api/2.5.0/hk2-api-2.5.0.jar:/home/user/.m2/repository/org/glassfish/hk2/external/jakarta.inject/2.5.0/jakarta.inject-2.5.0.jar:/home/user/.m2/repository/org/glassfish/hk2/hk2-utils/2.5.0/hk2-utils-2.5.0.jar:/home/user/.m2/repository/jakarta/annotation/jakarta.annotation-api/1.3.4/jakarta.annotation-api-1.3.4.jar:/home/user/.m2/repository/org/glassfish/hk2/external/aopalliance-repackaged/2.5.0/aopalliance-repackaged-2.5.0.jar:/home/user/.m2/repository/com/fasterxml/jackson/dataformat/jackson-dataformat-xml/2.9.0/jackson-dataformat-xml-2.9.0.jar:/home/user/.m2/repository/com/fasterxml/jackson/core/jackson-core/2.9.9/jackson-core-2.9.9.jar:/home/user/.m2/repository/com/fasterxml/jackson/module/jackson-module-jaxb-annotations/2.9.9/jackson-module-jaxb-annotations-2.9.9.jar:/home/user/.m2/repository/javax/enterprise/cdi-api/1.2/cdi-api-1.2.jar:/home/user/.m2/repository/javax/el/javax.el-api/3.0.0/javax.el-api-3.0.0.jar:/home/user/.m2/repository/javax/interceptor/javax.interceptor-api/1.2/javax.interceptor-api-1.2.jar:/home/user/.m2/repository/javax/inject/javax.inject/1/javax.inject-1.jar:/home/user/.m2/repository/com/sun/xml/bind/jaxb-impl/2.3.0.1/jaxb-impl-2.3.0.1.jar:/home/user/.m2/repository/com/sun/xml/bind/jaxb-core/2.3.0.1/jaxb-core-2.3.0.1.jar:/home/user/.m2/repository/javax/xml/bind/jaxb-api/2.3.0/jaxb-api-2.3.0.jar:/home/user/.m2/repository/javax/activation/activation/1.1.1/activation-1.1.1.jar:/home/user/.m2/repository/org/apache/hadoop/hadoop-ozone-csi/0.5.0-SNAPSHOT/hadoop-ozone-csi-0.5.0-SNAPSHOT.jar:/home/user/.m2/repository/com/google/protobuf/protobuf-java-util/3.5.1/protobuf-java-util-3.5.1.jar:/home/user/.m2/repository/org/apache/hadoop/hadoop-hdds-config/0.5.0-SNAPSHOT/hadoop-hdds-config-0.5.0-SNAPSHOT.jar:/home/user/.m2/repository/io/grpc/grpc-netty/1.17.1/grpc-netty-1.17.1.jar:/home/user/.m2/repository/io/grpc/grpc-core/1.17.1/grpc-core-1.17.1.jar:/home/user/.m2/repository/io/grpc/grpc-context/1.17.1/grpc-context-1.17.1.jar:/home/user/.m2/repository/com/google/errorprone/error_prone_annotations/2.2.0/error_prone_annotations-2.2.0.jar:/home/user/.m2/repository/org/codehaus/mojo/animal-sniffer-annotations/1.17/animal-sniffer-annotations-1.17.jar:/home/user/.m2/repository/io/opencensus/opencensus-api/0.17.0/opencensus-api-0.17.0.jar:/home/user/.m2/repository/io/opencensus/opencensus-contrib-grpc-metrics/0.17.0/opencensus-contrib-grpc-metrics-0.17.0.jar:/home/user/.m2/repository/io/netty/netty-codec-http2/4.1.30.Final/netty-codec-http2-4.1.30.Final.jar:/home/user/.m2/repository/io/netty/netty-codec-http/4.1.30.Final/netty-codec-http-4.1.30.Final.jar:/home/user/.m2/repository/io/netty/netty-codec/4.1.30.Final/netty-codec-4.1.30.Final.jar:/home/user/.m2/repository/io/netty/netty-handler/4.1.30.Final/netty-handler-4.1.30.Final.jar:/home/user/.m2/repository/io/netty/netty-handler-proxy/4.1.30.Final/netty-handler-proxy-4.1.30.Final.jar:/home/user/.m2/repository/io/netty/netty-codec-socks/4.1.30.Final/netty-codec-socks-4.1.30.Final.jar:/home/user/.m2/repository/io/netty/netty-transport-native-epoll/4.1.30.Final/netty-transport-native-epoll-4.1.30.Final.jar:/home/user/.m2/repository/io/netty/netty-common/4.1.30.Final/netty-common-4.1.30.Final.jar:/home/user/.m2/repository/io/netty/netty-buffer/4.1.30.Final/netty-buffer-4.1.30.Final.jar:/home/user/.m2/repository/io/netty/netty-transport/4.1.30.Final/netty-transport-4.1.30.Final.jar:/home/user/.m2/repository/io/netty/netty-resolver/4.1.30.Final/netty-resolver-4.1.30.Final.jar:/home/user/.m2/repository/io/netty/netty-transport-native-unix-common/4.1.30.Final/netty-transport-native-unix-common-4.1.30.Final.jar:/home/user/.m2/repository/io/grpc/grpc-protobuf/1.17.1/grpc-protobuf-1.17.1.jar:/home/user/.m2/repository/com/google/api/grpc/proto-google-common-protos/1.0.0/proto-google-common-protos-1.0.0.jar:/home/user/.m2/repository/io/grpc/grpc-protobuf-lite/1.17.1/grpc-protobuf-lite-1.17.1.jar:/home/user/.m2/repository/io/grpc/grpc-stub/1.17.1/grpc-stub-1.17.1.jar:/home/user/.m2/repository/org/apache/hadoop/hadoop-ozone-recon/0.5.0-SNAPSHOT/hadoop-ozone-recon-0.5.0-SNAPSHOT.jar:/home/user/.m2/repository/org/apache/hadoop/hadoop-ozone-reconcodegen/0.5.0-SNAPSHOT/hadoop-ozone-reconcodegen-0.5.0-SNAPSHOT.jar:/home/user/.m2/repository/com/google/inject/extensions/guice-multibindings/4.0/guice-multibindings-4.0.jar:/home/user/.m2/repository/com/google/inject/guice/4.0/guice-4.0.jar:/home/user/.m2/repository/aopalliance/aopalliance/1.0/aopalliance-1.0.jar:/home/user/.m2/repository/com/google/inject/extensions/guice-servlet/4.0/guice-servlet-4.0.jar:/home/user/.m2/repository/org/glassfish/jersey/containers/jersey-container-servlet/2.27/jersey-container-servlet-2.27.jar:/home/user/.m2/repository/org/glassfish/hk2/guice-bridge/2.5.0/guice-bridge-2.5.0.jar:/home/user/.m2/repository/org/glassfish/jersey/core/jersey-server/2.27/jersey-server-2.27.jar:/home/user/.m2/repository/org/glassfish/jersey/core/jersey-client/2.27/jersey-client-2.27.jar:/home/user/.m2/repository/org/glassfish/jersey/media/jersey-media-jaxb/2.27/jersey-media-jaxb-2.27.jar:/home/user/.m2/repository/javax/validation/validation-api/1.1.0.Final/validation-api-1.1.0.Final.jar:/home/user/.m2/repository/org/glassfish/jersey/media/jersey-media-json-jackson/2.27/jersey-media-json-jackson-2.27.jar:/home/user/.m2/repository/org/glassfish/jersey/ext/jersey-entity-filtering/2.27/jersey-entity-filtering-2.27.jar:/home/user/.m2/repository/com/google/inject/extensions/guice-assistedinject/4.0/guice-assistedinject-4.0.jar:/home/user/.m2/repository/org/jooq/jooq/3.11.10/jooq-3.11.10.jar:/home/user/.m2/repository/org/jooq/jooq-meta/3.11.10/jooq-meta-3.11.10.jar:/home/user/.m2/repository/org/jooq/jooq-codegen/3.11.10/jooq-codegen-3.11.10.jar:/home/user/.m2/repository/com/jolbox/bonecp/0.8.0.RELEASE/bonecp-0.8.0.RELEASE.jar:/home/user/.m2/repository/org/xerial/sqlite-jdbc/3.25.2/sqlite-jdbc-3.25.2.jar:/home/user/.m2/repository/org/springframework/spring-jdbc/5.1.3.RELEASE/spring-jdbc-5.1.3.RELEASE.jar:/home/user/.m2/repository/org/springframework/spring-beans/5.1.3.RELEASE/spring-beans-5.1.3.RELEASE.jar:/home/user/.m2/repository/org/springframework/spring-core/5.1.3.RELEASE/spring-core-5.1.3.RELEASE.jar:/home/user/.m2/repository/org/springframework/spring-jcl/5.1.3.RELEASE/spring-jcl-5.1.3.RELEASE.jar:/home/user/.m2/repository/org/springframework/spring-tx/5.1.3.RELEASE/spring-tx-5.1.3.RELEASE.jar:/home/user/.m2/repository/org/apache/hadoop/hadoop-ozone-client/0.5.0-SNAPSHOT/hadoop-ozone-client-0.5.0-SNAPSHOT.jar:/home/user/.m2/repository/commons-lang/commons-lang/2.6/commons-lang-2.6.jar:/home/user/.m2/repository/org/apache/hadoop/hadoop-ozone-ozone-manager/0.5.0-SNAPSHOT/hadoop-ozone-ozone-manager-0.5.0-SNAPSHOT-tests.jar:/home/user/.m2/repository/junit/junit/4.11/junit-4.11.jar:/home/user/.m2/repository/org/hamcrest/hamcrest-core/1.3/hamcrest-core-1.3.jar:/home/user/.m2/repository/org/openjdk/jmh/jmh-core/1.19/jmh-core-1.19.jar:/home/user/.m2/repository/net/sf/jopt-simple/jopt-simple/4.6/jopt-simple-4.6.jar:/home/user/.m2/repository/org/apache/commons/commons-math3/3.1.1/commons-math3-3.1.1.jar:/home/user/.m2/repository/org/openjdk/jmh/jmh-generator-annprocess/1.19/jmh-generator-annprocess-1.19.jar:/home/user/.m2/repository/org/mockito/mockito-all/1.8.5/mockito-all-1.8.5.jar:/home/user/.m2/repository/org/apache/hadoop/hadoop-kms/3.2.0/hadoop-kms-3.2.0.jar:/home/user/.m2/repository/org/apache/hadoop/hadoop-auth/3.2.0/hadoop-auth-3.2.0.jar:/home/user/.m2/repository/com/nimbusds/nimbus-jose-jwt/4.41.1/nimbus-jose-jwt-4.41.1.jar:/home/user/.m2/repository/com/github/stephenc/jcip/jcip-annotations/1.0-1/jcip-annotations-1.0-1.jar:/home/user/.m2/repository/net/minidev/json-smart/2.3/json-smart-2.3.jar:/home/user/.m2/repository/net/minidev/accessors-smart/1.2/accessors-smart-1.2.jar:/home/user/.m2/repository/org/ow2/asm/asm/5.0.4/asm-5.0.4.jar:/home/user/.m2/repository/org/apache/curator/curator-framework/2.12.0/curator-framework-2.12.0.jar:/home/user/.m2/repository/com/sun/jersey/jersey-core/1.19/jersey-core-1.19.jar:/home/user/.m2/repository/javax/ws/rs/jsr311-api/1.1.1/jsr311-api-1.1.1.jar:/home/user/.m2/repository/com/sun/jersey/jersey-server/1.19/jersey-server-1.19.jar:/home/user/.m2/repository/javax/servlet/javax.servlet-api/3.1.0/javax.servlet-api-3.1.0.jar:/home/user/.m2/repository/org/eclipse/jetty/jetty-server/9.3.25.v20180904/jetty-server-9.3.25.v20180904.jar:/home/user/.m2/repository/org/eclipse/jetty/jetty-http/9.3.25.v20180904/jetty-http-9.3.25.v20180904.jar:/home/user/.m2/repository/org/eclipse/jetty/jetty-io/9.3.25.v20180904/jetty-io-9.3.25.v20180904.jar:/home/user/.m2/repository/org/eclipse/jetty/jetty-webapp/9.3.25.v20180904/jetty-webapp-9.3.25.v20180904.jar:/home/user/.m2/repository/org/eclipse/jetty/jetty-xml/9.3.25.v20180904/jetty-xml-9.3.25.v20180904.jar:/home/user/.m2/repository/log4j/log4j/1.2.17/log4j-1.2.17.jar:/home/user/.m2/repository/org/slf4j/slf4j-api/1.7.25/slf4j-api-1.7.25.jar:/home/user/.m2/repository/org/slf4j/jul-to-slf4j/1.7.25/jul-to-slf4j-1.7.25.jar:/home/user/.m2/repository/org/eclipse/jetty/jetty-util/9.3.25.v20180904/jetty-util-9.3.25.v20180904.jar:/home/user/.m2/repository/com/fasterxml/jackson/core/jackson-databind/2.9.9/jackson-databind-2.9.9.jar:/home/user/.m2/repository/org/apache/hadoop/hadoop-kms/3.2.0/hadoop-kms-3.2.0-tests.jar:/home/user/.m2/repository/org/apache/hadoop/hadoop-hdds-server-scm/0.5.0-SNAPSHOT/hadoop-hdds-server-scm-0.5.0-SNAPSHOT-tests.jar:/home/user/.m2/repository/org/apache/hadoop/hadoop-hdds-container-service/0.5.0-SNAPSHOT/hadoop-hdds-container-service-0.5.0-SNAPSHOT-tests.jar:/home/user/.m2/repository/org/yaml/snakeyaml/1.16/snakeyaml-1.16.jar:/home/user/.m2/repository/org/apache/hadoop/hadoop-common/3.2.0/hadoop-common-3.2.0-tests.jar:/home/user/.m2/repository/org/apache/hadoop/hadoop-annotations/3.2.0/hadoop-annotations-3.2.0.jar:/usr/lib/jvm/java-1.8-openjdk/jre/../lib/tools.jar:/home/user/.m2/repository/commons-cli/commons-cli/1.2/commons-cli-1.2.jar:/home/user/.m2/repository/org/apache/httpcomponents/httpclient/4.5.2/httpclient-4.5.2.jar:/home/user/.m2/repository/org/apache/httpcomponents/httpcore/4.4.4/httpcore-4.4.4.jar:/home/user/.m2/repository/commons-codec/commons-codec/1.11/commons-codec-1.11.jar:/home/user/.m2/repository/commons-net/commons-net/3.6/commons-net-3.6.jar:/home/user/.m2/repository/commons-collections/commons-collections/3.2.2/commons-collections-3.2.2.jar:/home/user/.m2/repository/org/eclipse/jetty/jetty-servlet/9.3.25.v20180904/jetty-servlet-9.3.25.v20180904.jar:/home/user/.m2/repository/org/eclipse/jetty/jetty-security/9.3.25.v20180904/jetty-security-9.3.25.v20180904.jar:/home/user/.m2/repository/javax/servlet/jsp/jsp-api/2.1/jsp-api-2.1.jar:/home/user/.m2/repository/com/sun/jersey/jersey-servlet/1.19/jersey-servlet-1.19.jar:/home/user/.m2/repository/com/sun/jersey/jersey-json/1.19/jersey-json-1.19.jar:/home/user/.m2/repository/org/codehaus/jettison/jettison/1.1/jettison-1.1.jar:/home/user/.m2/repository/org/codehaus/jackson/jackson-core-asl/1.9.13/jackson-core-asl-1.9.13.jar:/home/user/.m2/repository/org/codehaus/jackson/jackson-mapper-asl/1.9.13/jackson-mapper-asl-1.9.13.jar:/home/user/.m2/repository/org/codehaus/jackson/jackson-jaxrs/1.9.13/jackson-jaxrs-1.9.13.jar:/home/user/.m2/repository/org/codehaus/jackson/jackson-xc/1.9.13/jackson-xc-1.9.13.jar:/home/user/.m2/repository/commons-logging/commons-logging/1.1.3/commons-logging-1.1.3.jar:/home/user/.m2/repository/commons-beanutils/commons-beanutils/1.9.4/commons-beanutils-1.9.4.jar:/home/user/.m2/repository/org/apache/commons/commons-configuration2/2.1.1/commons-configuration2-2.1.1.jar:/home/user/.m2/repository/org/apache/commons/commons-lang3/3.7/commons-lang3-3.7.jar:/home/user/.m2/repository/org/apache/commons/commons-text/1.4/commons-text-1.4.jar:/home/user/.m2/repository/org/apache/avro/avro/1.7.7/avro-1.7.7.jar:/home/user/.m2/repository/com/thoughtworks/paranamer/paranamer/2.3/paranamer-2.3.jar:/home/user/.m2/repository/org/xerial/snappy/snappy-java/1.0.5/snappy-java-1.0.5.jar:/home/user/.m2/repository/com/google/re2j/re2j/1.1/re2j-1.1.jar:/home/user/.m2/repository/com/google/code/gson/gson/2.2.4/gson-2.2.4.jar:/home/user/.m2/repository/com/jcraft/jsch/0.1.54/jsch-0.1.54.jar:/home/user/.m2/repository/org/apache/curator/curator-client/2.12.0/curator-client-2.12.0.jar:/home/user/.m2/repository/org/apache/curator/curator-recipes/2.12.0/curator-recipes-2.12.0.jar:/home/user/.m2/repository/com/google/code/findbugs/jsr305/3.0.0/jsr305-3.0.0.jar:/home/user/.m2/repository/org/apache/htrace/htrace-core4/4.1.0-incubating/htrace-core4-4.1.0-incubating.jar:/home/user/.m2/repository/org/apache/zookeeper/zookeeper/3.4.13/zookeeper-3.4.13.jar:/home/user/.m2/repository/jline/jline/0.9.94/jline-0.9.94.jar:/home/user/.m2/repository/org/apache/yetus/audience-annotations/0.5.0/audience-annotations-0.5.0.jar:/home/user/.m2/repository/org/codehaus/woodstox/stax2-api/3.1.4/stax2-api-3.1.4.jar:/home/user/.m2/repository/com/fasterxml/woodstox/woodstox-core/5.0.3/woodstox-core-5.0.3.jar:/home/user/.m2/repository/dnsjava/dnsjava/2.1.7/dnsjava-2.1.7.jar:/home/user/.m2/repository/org/apache/hadoop/hadoop-hdfs/3.2.0/hadoop-hdfs-3.2.0-tests.jar:/home/user/.m2/repository/org/eclipse/jetty/jetty-util-ajax/9.3.25.v20180904/jetty-util-ajax-9.3.25.v20180904.jar:/home/user/.m2/repository/commons-daemon/commons-daemon/1.0.13/commons-daemon-1.0.13.jar:/home/user/.m2/repository/io/netty/netty/3.10.5.Final/netty-3.10.5.Final.jar:/home/user/.m2/repository/io/netty/netty-all/4.0.52.Final/netty-all-4.0.52.Final.jar:/home/user/.m2/repository/org/fusesource/leveldbjni/leveldbjni-all/1.8/leveldbjni-all-1.8.jar:"/>
    <property name="java.vm.vendor" value="IcedTea"/>
    <property name="sun.arch.data.model" value="64"/>
    <property name="test.build.dir" value="/workdir/hadoop-ozone/integration-test/target/test-dir"/>
    <property name="test.cache.data" value=""/>
    <property name="java.vendor.url" value="https://icedtea.classpath.org"/>
    <property name="user.timezone" value=""/>
    <property name="java.vm.specification.version" value="1.8"/>
    <property name="os.name" value="Linux"/>
    <property name="test.build.data" value="/workdir/hadoop-ozone/integration-test/target/test-dir"/>
    <property name="user.country" value="US"/>
    <property name="sun.java.launcher" value="SUN_STANDARD"/>
    <property name="sun.boot.library.path" value="/usr/lib/jvm/java-1.8-openjdk/jre/lib/amd64"/>
    <property name="sun.java.command" value="/workdir/hadoop-ozone/integration-test/target/surefire/surefirebooter1561519138739453214.jar /workdir/hadoop-ozone/integration-test/target/surefire 2019-10-08T20-33-26_702-jvmRun1 surefire1294984715894851654tmp surefire_204422002412444165057tmp"/>
    <property name="test" value="!TestMiniChaosOzoneCluster"/>
    <property name="surefire.test.class.path" value="/workdir/hadoop-ozone/integration-test/target/test-classes:/workdir/hadoop-ozone/integration-test/target/classes:/home/user/.m2/repository/org/apache/hadoop/hadoop-ozone-common/0.5.0-SNAPSHOT/hadoop-ozone-common-0.5.0-SNAPSHOT.jar:/home/user/.m2/repository/org/apache/commons/commons-compress/1.4.1/commons-compress-1.4.1.jar:/home/user/.m2/repository/org/tukaani/xz/1.0/xz-1.0.jar:/home/user/.m2/repository/org/apache/hadoop/hadoop-common/3.2.0/hadoop-common-3.2.0.jar:/home/user/.m2/repository/org/apache/hadoop/hadoop-hdfs/3.2.0/hadoop-hdfs-3.2.0.jar:/home/user/.m2/repository/org/apache/hadoop/hadoop-hdfs-client/3.2.0/hadoop-hdfs-client-3.2.0.jar:/home/user/.m2/repository/com/fasterxml/jackson/core/jackson-annotations/2.9.9/jackson-annotations-2.9.9.jar:/home/user/.m2/repository/org/apache/hadoop/hadoop-hdds-common/0.5.0-SNAPSHOT/hadoop-hdds-common-0.5.0-SNAPSHOT.jar:/home/user/.m2/repository/javax/annotation/javax.annotation-api/1.2/javax.annotation-api-1.2.jar:/home/user/.m2/repository/org/apache/ratis/ratis-server/0.5.0-63cd2fb-SNAPSHOT/ratis-server-0.5.0-63cd2fb-SNAPSHOT.jar:/home/user/.m2/repository/org/apache/ratis/ratis-thirdparty-misc/0.2.0/ratis-thirdparty-misc-0.2.0.jar:/home/user/.m2/repository/org/apache/ratis/ratis-proto/0.5.0-63cd2fb-SNAPSHOT/ratis-proto-0.5.0-63cd2fb-SNAPSHOT.jar:/home/user/.m2/repository/org/apache/ratis/ratis-common/0.5.0-63cd2fb-SNAPSHOT/ratis-common-0.5.0-63cd2fb-SNAPSHOT.jar:/home/user/.m2/repository/org/apache/ratis/ratis-client/0.5.0-63cd2fb-SNAPSHOT/ratis-client-0.5.0-63cd2fb-SNAPSHOT.jar:/home/user/.m2/repository/org/apache/ratis/ratis-metrics/0.5.0-63cd2fb-SNAPSHOT/ratis-metrics-0.5.0-63cd2fb-SNAPSHOT.jar:/home/user/.m2/repository/com/github/joshelser/dropwizard-metrics-hadoop-metrics2-reporter/0.1.2/dropwizard-metrics-hadoop-metrics2-reporter-0.1.2.jar:/home/user/.m2/repository/io/dropwizard/metrics/metrics-jvm/3.2.5/metrics-jvm-3.2.5.jar:/home/user/.m2/repository/io/dropwizard/metrics/metrics-ganglia/3.2.5/metrics-ganglia-3.2.5.jar:/home/user/.m2/repository/info/ganglia/gmetric4j/gmetric4j/1.0.7/gmetric4j-1.0.7.jar:/home/user/.m2/repository/org/apache/ratis/ratis-netty/0.5.0-63cd2fb-SNAPSHOT/ratis-netty-0.5.0-63cd2fb-SNAPSHOT.jar:/home/user/.m2/repository/org/apache/ratis/ratis-grpc/0.5.0-63cd2fb-SNAPSHOT/ratis-grpc-0.5.0-63cd2fb-SNAPSHOT.jar:/home/user/.m2/repository/org/rocksdb/rocksdbjni/6.0.1/rocksdbjni-6.0.1.jar:/home/user/.m2/repository/org/apache/logging/log4j/log4j-api/2.11.0/log4j-api-2.11.0.jar:/home/user/.m2/repository/org/apache/logging/log4j/log4j-core/2.11.0/log4j-core-2.11.0.jar:/home/user/.m2/repository/com/lmax/disruptor/3.4.2/disruptor-3.4.2.jar:/home/user/.m2/repository/org/apache/commons/commons-pool2/2.6.0/commons-pool2-2.6.0.jar:/home/user/.m2/repository/org/bouncycastle/bcpkix-jdk15on/1.60/bcpkix-jdk15on-1.60.jar:/home/user/.m2/repository/commons-validator/commons-validator/1.6/commons-validator-1.6.jar:/home/user/.m2/repository/commons-digester/commons-digester/1.8.1/commons-digester-1.8.1.jar:/home/user/.m2/repository/io/jaegertracing/jaeger-client/0.34.0/jaeger-client-0.34.0.jar:/home/user/.m2/repository/io/jaegertracing/jaeger-thrift/0.34.0/jaeger-thrift-0.34.0.jar:/home/user/.m2/repository/org/apache/thrift/libthrift/0.12.0/libthrift-0.12.0.jar:/home/user/.m2/repository/com/squareup/okhttp3/okhttp/3.9.0/okhttp-3.9.0.jar:/home/user/.m2/repository/com/squareup/okio/okio/1.13.0/okio-1.13.0.jar:/home/user/.m2/repository/io/jaegertracing/jaeger-core/0.34.0/jaeger-core-0.34.0.jar:/home/user/.m2/repository/io/jaegertracing/jaeger-tracerresolver/0.34.0/jaeger-tracerresolver-0.34.0.jar:/home/user/.m2/repository/io/opentracing/contrib/opentracing-tracerresolver/0.1.5/opentracing-tracerresolver-0.1.5.jar:/home/user/.m2/repository/io/opentracing/opentracing-util/0.31.0/opentracing-util-0.31.0.jar:/home/user/.m2/repository/io/opentracing/opentracing-api/0.31.0/opentracing-api-0.31.0.jar:/home/user/.m2/repository/io/opentracing/opentracing-noop/0.31.0/opentracing-noop-0.31.0.jar:/home/user/.m2/repository/org/apache/hadoop/hadoop-hdds-server-framework/0.5.0-SNAPSHOT/hadoop-hdds-server-framework-0.5.0-SNAPSHOT.jar:/home/user/.m2/repository/org/apache/hadoop/hadoop-hdds-container-service/0.5.0-SNAPSHOT/hadoop-hdds-container-service-0.5.0-SNAPSHOT.jar:/home/user/.m2/repository/org/apache/hadoop/hadoop-hdds-client/0.5.0-SNAPSHOT/hadoop-hdds-client-0.5.0-SNAPSHOT.jar:/home/user/.m2/repository/org/apache/hadoop/hadoop-hdds-tools/0.5.0-SNAPSHOT/hadoop-hdds-tools-0.5.0-SNAPSHOT.jar:/home/user/.m2/repository/org/apache/hadoop/hadoop-hdds-server-scm/0.5.0-SNAPSHOT/hadoop-hdds-server-scm-0.5.0-SNAPSHOT.jar:/home/user/.m2/repository/org/apache/hadoop/hadoop-hdds-docs/0.5.0-SNAPSHOT/hadoop-hdds-docs-0.5.0-SNAPSHOT.jar:/home/user/.m2/repository/io/dropwizard/metrics/metrics-core/3.2.4/metrics-core-3.2.4.jar:/home/user/.m2/repository/org/hamcrest/hamcrest-all/1.3/hamcrest-all-1.3.jar:/home/user/.m2/repository/org/bouncycastle/bcprov-jdk15on/1.60/bcprov-jdk15on-1.60.jar:/home/user/.m2/repository/info/picocli/picocli/3.9.6/picocli-3.9.6.jar:/home/user/.m2/repository/com/google/protobuf/protobuf-java/2.5.0/protobuf-java-2.5.0.jar:/home/user/.m2/repository/com/google/guava/guava/11.0.2/guava-11.0.2.jar:/home/user/.m2/repository/org/apache/hadoop/hadoop-ozone-ozone-manager/0.5.0-SNAPSHOT/hadoop-ozone-ozone-manager-0.5.0-SNAPSHOT.jar:/home/user/.m2/repository/org/apache/hadoop/hadoop-minikdc/3.2.0/hadoop-minikdc-3.2.0.jar:/home/user/.m2/repository/commons-io/commons-io/2.5/commons-io-2.5.jar:/home/user/.m2/repository/org/apache/kerby/kerb-simplekdc/1.0.1/kerb-simplekdc-1.0.1.jar:/home/user/.m2/repository/org/apache/kerby/kerb-client/1.0.1/kerb-client-1.0.1.jar:/home/user/.m2/repository/org/apache/kerby/kerby-config/1.0.1/kerby-config-1.0.1.jar:/home/user/.m2/repository/org/apache/kerby/kerb-core/1.0.1/kerb-core-1.0.1.jar:/home/user/.m2/repository/org/apache/kerby/kerby-pkix/1.0.1/kerby-pkix-1.0.1.jar:/home/user/.m2/repository/org/apache/kerby/kerby-asn1/1.0.1/kerby-asn1-1.0.1.jar:/home/user/.m2/repository/org/apache/kerby/kerby-util/1.0.1/kerby-util-1.0.1.jar:/home/user/.m2/repository/org/apache/kerby/kerb-common/1.0.1/kerb-common-1.0.1.jar:/home/user/.m2/repository/org/apache/kerby/kerb-crypto/1.0.1/kerb-crypto-1.0.1.jar:/home/user/.m2/repository/org/apache/kerby/kerb-util/1.0.1/kerb-util-1.0.1.jar:/home/user/.m2/repository/org/apache/kerby/token-provider/1.0.1/token-provider-1.0.1.jar:/home/user/.m2/repository/org/apache/kerby/kerb-admin/1.0.1/kerb-admin-1.0.1.jar:/home/user/.m2/repository/org/apache/kerby/kerb-server/1.0.1/kerb-server-1.0.1.jar:/home/user/.m2/repository/org/apache/kerby/kerb-identity/1.0.1/kerb-identity-1.0.1.jar:/home/user/.m2/repository/org/apache/kerby/kerby-xdr/1.0.1/kerby-xdr-1.0.1.jar:/home/user/.m2/repository/org/slf4j/slf4j-log4j12/1.7.25/slf4j-log4j12-1.7.25.jar:/home/user/.m2/repository/org/apache/hadoop/hadoop-ozone-s3gateway/0.5.0-SNAPSHOT/hadoop-ozone-s3gateway-0.5.0-SNAPSHOT.jar:/home/user/.m2/repository/org/jboss/weld/servlet/weld-servlet/2.4.7.Final/weld-servlet-2.4.7.Final.jar:/home/user/.m2/repository/org/glassfish/jersey/containers/jersey-container-servlet-core/2.27/jersey-container-servlet-core-2.27.jar:/home/user/.m2/repository/org/glassfish/hk2/external/javax.inject/2.5.0-b42/javax.inject-2.5.0-b42.jar:/home/user/.m2/repository/org/glassfish/jersey/core/jersey-common/2.27/jersey-common-2.27.jar:/home/user/.m2/repository/org/glassfish/hk2/osgi-resource-locator/1.0.1/osgi-resource-locator-1.0.1.jar:/home/user/.m2/repository/javax/ws/rs/javax.ws.rs-api/2.1/javax.ws.rs-api-2.1.jar:/home/user/.m2/repository/org/glassfish/jersey/ext/cdi/jersey-cdi1x/2.27/jersey-cdi1x-2.27.jar:/home/user/.m2/repository/org/glassfish/jersey/inject/jersey-hk2/2.27/jersey-hk2-2.27.jar:/home/user/.m2/repository/org/glassfish/hk2/hk2-locator/2.5.0-b42/hk2-locator-2.5.0-b42.jar:/home/user/.m2/repository/org/javassist/javassist/3.22.0-CR2/javassist-3.22.0-CR2.jar:/home/user/.m2/repository/org/glassfish/hk2/hk2-api/2.5.0/hk2-api-2.5.0.jar:/home/user/.m2/repository/org/glassfish/hk2/external/jakarta.inject/2.5.0/jakarta.inject-2.5.0.jar:/home/user/.m2/repository/org/glassfish/hk2/hk2-utils/2.5.0/hk2-utils-2.5.0.jar:/home/user/.m2/repository/jakarta/annotation/jakarta.annotation-api/1.3.4/jakarta.annotation-api-1.3.4.jar:/home/user/.m2/repository/org/glassfish/hk2/external/aopalliance-repackaged/2.5.0/aopalliance-repackaged-2.5.0.jar:/home/user/.m2/repository/com/fasterxml/jackson/dataformat/jackson-dataformat-xml/2.9.0/jackson-dataformat-xml-2.9.0.jar:/home/user/.m2/repository/com/fasterxml/jackson/core/jackson-core/2.9.9/jackson-core-2.9.9.jar:/home/user/.m2/repository/com/fasterxml/jackson/module/jackson-module-jaxb-annotations/2.9.9/jackson-module-jaxb-annotations-2.9.9.jar:/home/user/.m2/repository/javax/enterprise/cdi-api/1.2/cdi-api-1.2.jar:/home/user/.m2/repository/javax/el/javax.el-api/3.0.0/javax.el-api-3.0.0.jar:/home/user/.m2/repository/javax/interceptor/javax.interceptor-api/1.2/javax.interceptor-api-1.2.jar:/home/user/.m2/repository/javax/inject/javax.inject/1/javax.inject-1.jar:/home/user/.m2/repository/com/sun/xml/bind/jaxb-impl/2.3.0.1/jaxb-impl-2.3.0.1.jar:/home/user/.m2/repository/com/sun/xml/bind/jaxb-core/2.3.0.1/jaxb-core-2.3.0.1.jar:/home/user/.m2/repository/javax/xml/bind/jaxb-api/2.3.0/jaxb-api-2.3.0.jar:/home/user/.m2/repository/javax/activation/activation/1.1.1/activation-1.1.1.jar:/home/user/.m2/repository/org/apache/hadoop/hadoop-ozone-csi/0.5.0-SNAPSHOT/hadoop-ozone-csi-0.5.0-SNAPSHOT.jar:/home/user/.m2/repository/com/google/protobuf/protobuf-java-util/3.5.1/protobuf-java-util-3.5.1.jar:/home/user/.m2/repository/org/apache/hadoop/hadoop-hdds-config/0.5.0-SNAPSHOT/hadoop-hdds-config-0.5.0-SNAPSHOT.jar:/home/user/.m2/repository/io/grpc/grpc-netty/1.17.1/grpc-netty-1.17.1.jar:/home/user/.m2/repository/io/grpc/grpc-core/1.17.1/grpc-core-1.17.1.jar:/home/user/.m2/repository/io/grpc/grpc-context/1.17.1/grpc-context-1.17.1.jar:/home/user/.m2/repository/com/google/errorprone/error_prone_annotations/2.2.0/error_prone_annotations-2.2.0.jar:/home/user/.m2/repository/org/codehaus/mojo/animal-sniffer-annotations/1.17/animal-sniffer-annotations-1.17.jar:/home/user/.m2/repository/io/opencensus/opencensus-api/0.17.0/opencensus-api-0.17.0.jar:/home/user/.m2/repository/io/opencensus/opencensus-contrib-grpc-metrics/0.17.0/opencensus-contrib-grpc-metrics-0.17.0.jar:/home/user/.m2/repository/io/netty/netty-codec-http2/4.1.30.Final/netty-codec-http2-4.1.30.Final.jar:/home/user/.m2/repository/io/netty/netty-codec-http/4.1.30.Final/netty-codec-http-4.1.30.Final.jar:/home/user/.m2/repository/io/netty/netty-codec/4.1.30.Final/netty-codec-4.1.30.Final.jar:/home/user/.m2/repository/io/netty/netty-handler/4.1.30.Final/netty-handler-4.1.30.Final.jar:/home/user/.m2/repository/io/netty/netty-handler-proxy/4.1.30.Final/netty-handler-proxy-4.1.30.Final.jar:/home/user/.m2/repository/io/netty/netty-codec-socks/4.1.30.Final/netty-codec-socks-4.1.30.Final.jar:/home/user/.m2/repository/io/netty/netty-transport-native-epoll/4.1.30.Final/netty-transport-native-epoll-4.1.30.Final.jar:/home/user/.m2/repository/io/netty/netty-common/4.1.30.Final/netty-common-4.1.30.Final.jar:/home/user/.m2/repository/io/netty/netty-buffer/4.1.30.Final/netty-buffer-4.1.30.Final.jar:/home/user/.m2/repository/io/netty/netty-transport/4.1.30.Final/netty-transport-4.1.30.Final.jar:/home/user/.m2/repository/io/netty/netty-resolver/4.1.30.Final/netty-resolver-4.1.30.Final.jar:/home/user/.m2/repository/io/netty/netty-transport-native-unix-common/4.1.30.Final/netty-transport-native-unix-common-4.1.30.Final.jar:/home/user/.m2/repository/io/grpc/grpc-protobuf/1.17.1/grpc-protobuf-1.17.1.jar:/home/user/.m2/repository/com/google/api/grpc/proto-google-common-protos/1.0.0/proto-google-common-protos-1.0.0.jar:/home/user/.m2/repository/io/grpc/grpc-protobuf-lite/1.17.1/grpc-protobuf-lite-1.17.1.jar:/home/user/.m2/repository/io/grpc/grpc-stub/1.17.1/grpc-stub-1.17.1.jar:/home/user/.m2/repository/org/apache/hadoop/hadoop-ozone-recon/0.5.0-SNAPSHOT/hadoop-ozone-recon-0.5.0-SNAPSHOT.jar:/home/user/.m2/repository/org/apache/hadoop/hadoop-ozone-reconcodegen/0.5.0-SNAPSHOT/hadoop-ozone-reconcodegen-0.5.0-SNAPSHOT.jar:/home/user/.m2/repository/com/google/inject/extensions/guice-multibindings/4.0/guice-multibindings-4.0.jar:/home/user/.m2/repository/com/google/inject/guice/4.0/guice-4.0.jar:/home/user/.m2/repository/aopalliance/aopalliance/1.0/aopalliance-1.0.jar:/home/user/.m2/repository/com/google/inject/extensions/guice-servlet/4.0/guice-servlet-4.0.jar:/home/user/.m2/repository/org/glassfish/jersey/containers/jersey-container-servlet/2.27/jersey-container-servlet-2.27.jar:/home/user/.m2/repository/org/glassfish/hk2/guice-bridge/2.5.0/guice-bridge-2.5.0.jar:/home/user/.m2/repository/org/glassfish/jersey/core/jersey-server/2.27/jersey-server-2.27.jar:/home/user/.m2/repository/org/glassfish/jersey/core/jersey-client/2.27/jersey-client-2.27.jar:/home/user/.m2/repository/org/glassfish/jersey/media/jersey-media-jaxb/2.27/jersey-media-jaxb-2.27.jar:/home/user/.m2/repository/javax/validation/validation-api/1.1.0.Final/validation-api-1.1.0.Final.jar:/home/user/.m2/repository/org/glassfish/jersey/media/jersey-media-json-jackson/2.27/jersey-media-json-jackson-2.27.jar:/home/user/.m2/repository/org/glassfish/jersey/ext/jersey-entity-filtering/2.27/jersey-entity-filtering-2.27.jar:/home/user/.m2/repository/com/google/inject/extensions/guice-assistedinject/4.0/guice-assistedinject-4.0.jar:/home/user/.m2/repository/org/jooq/jooq/3.11.10/jooq-3.11.10.jar:/home/user/.m2/repository/org/jooq/jooq-meta/3.11.10/jooq-meta-3.11.10.jar:/home/user/.m2/repository/org/jooq/jooq-codegen/3.11.10/jooq-codegen-3.11.10.jar:/home/user/.m2/repository/com/jolbox/bonecp/0.8.0.RELEASE/bonecp-0.8.0.RELEASE.jar:/home/user/.m2/repository/org/xerial/sqlite-jdbc/3.25.2/sqlite-jdbc-3.25.2.jar:/home/user/.m2/repository/org/springframework/spring-jdbc/5.1.3.RELEASE/spring-jdbc-5.1.3.RELEASE.jar:/home/user/.m2/repository/org/springframework/spring-beans/5.1.3.RELEASE/spring-beans-5.1.3.RELEASE.jar:/home/user/.m2/repository/org/springframework/spring-core/5.1.3.RELEASE/spring-core-5.1.3.RELEASE.jar:/home/user/.m2/repository/org/springframework/spring-jcl/5.1.3.RELEASE/spring-jcl-5.1.3.RELEASE.jar:/home/user/.m2/repository/org/springframework/spring-tx/5.1.3.RELEASE/spring-tx-5.1.3.RELEASE.jar:/home/user/.m2/repository/org/apache/hadoop/hadoop-ozone-client/0.5.0-SNAPSHOT/hadoop-ozone-client-0.5.0-SNAPSHOT.jar:/home/user/.m2/repository/commons-lang/commons-lang/2.6/commons-lang-2.6.jar:/home/user/.m2/repository/org/apache/hadoop/hadoop-ozone-ozone-manager/0.5.0-SNAPSHOT/hadoop-ozone-ozone-manager-0.5.0-SNAPSHOT-tests.jar:/home/user/.m2/repository/junit/junit/4.11/junit-4.11.jar:/home/user/.m2/repository/org/hamcrest/hamcrest-core/1.3/hamcrest-core-1.3.jar:/home/user/.m2/repository/org/openjdk/jmh/jmh-core/1.19/jmh-core-1.19.jar:/home/user/.m2/repository/net/sf/jopt-simple/jopt-simple/4.6/jopt-simple-4.6.jar:/home/user/.m2/repository/org/apache/commons/commons-math3/3.1.1/commons-math3-3.1.1.jar:/home/user/.m2/repository/org/openjdk/jmh/jmh-generator-annprocess/1.19/jmh-generator-annprocess-1.19.jar:/home/user/.m2/repository/org/mockito/mockito-all/1.8.5/mockito-all-1.8.5.jar:/home/user/.m2/repository/org/apache/hadoop/hadoop-kms/3.2.0/hadoop-kms-3.2.0.jar:/home/user/.m2/repository/org/apache/hadoop/hadoop-auth/3.2.0/hadoop-auth-3.2.0.jar:/home/user/.m2/repository/com/nimbusds/nimbus-jose-jwt/4.41.1/nimbus-jose-jwt-4.41.1.jar:/home/user/.m2/repository/com/github/stephenc/jcip/jcip-annotations/1.0-1/jcip-annotations-1.0-1.jar:/home/user/.m2/repository/net/minidev/json-smart/2.3/json-smart-2.3.jar:/home/user/.m2/repository/net/minidev/accessors-smart/1.2/accessors-smart-1.2.jar:/home/user/.m2/repository/org/ow2/asm/asm/5.0.4/asm-5.0.4.jar:/home/user/.m2/repository/org/apache/curator/curator-framework/2.12.0/curator-framework-2.12.0.jar:/home/user/.m2/repository/com/sun/jersey/jersey-core/1.19/jersey-core-1.19.jar:/home/user/.m2/repository/javax/ws/rs/jsr311-api/1.1.1/jsr311-api-1.1.1.jar:/home/user/.m2/repository/com/sun/jersey/jersey-server/1.19/jersey-server-1.19.jar:/home/user/.m2/repository/javax/servlet/javax.servlet-api/3.1.0/javax.servlet-api-3.1.0.jar:/home/user/.m2/repository/org/eclipse/jetty/jetty-server/9.3.25.v20180904/jetty-server-9.3.25.v20180904.jar:/home/user/.m2/repository/org/eclipse/jetty/jetty-http/9.3.25.v20180904/jetty-http-9.3.25.v20180904.jar:/home/user/.m2/repository/org/eclipse/jetty/jetty-io/9.3.25.v20180904/jetty-io-9.3.25.v20180904.jar:/home/user/.m2/repository/org/eclipse/jetty/jetty-webapp/9.3.25.v20180904/jetty-webapp-9.3.25.v20180904.jar:/home/user/.m2/repository/org/eclipse/jetty/jetty-xml/9.3.25.v20180904/jetty-xml-9.3.25.v20180904.jar:/home/user/.m2/repository/log4j/log4j/1.2.17/log4j-1.2.17.jar:/home/user/.m2/repository/org/slf4j/slf4j-api/1.7.25/slf4j-api-1.7.25.jar:/home/user/.m2/repository/org/slf4j/jul-to-slf4j/1.7.25/jul-to-slf4j-1.7.25.jar:/home/user/.m2/repository/org/eclipse/jetty/jetty-util/9.3.25.v20180904/jetty-util-9.3.25.v20180904.jar:/home/user/.m2/repository/com/fasterxml/jackson/core/jackson-databind/2.9.9/jackson-databind-2.9.9.jar:/home/user/.m2/repository/org/apache/hadoop/hadoop-kms/3.2.0/hadoop-kms-3.2.0-tests.jar:/home/user/.m2/repository/org/apache/hadoop/hadoop-hdds-server-scm/0.5.0-SNAPSHOT/hadoop-hdds-server-scm-0.5.0-SNAPSHOT-tests.jar:/home/user/.m2/repository/org/apache/hadoop/hadoop-hdds-container-service/0.5.0-SNAPSHOT/hadoop-hdds-container-service-0.5.0-SNAPSHOT-tests.jar:/home/user/.m2/repository/org/yaml/snakeyaml/1.16/snakeyaml-1.16.jar:/home/user/.m2/repository/org/apache/hadoop/hadoop-common/3.2.0/hadoop-common-3.2.0-tests.jar:/home/user/.m2/repository/org/apache/hadoop/hadoop-annotations/3.2.0/hadoop-annotations-3.2.0.jar:/usr/lib/jvm/java-1.8-openjdk/jre/../lib/tools.jar:/home/user/.m2/repository/commons-cli/commons-cli/1.2/commons-cli-1.2.jar:/home/user/.m2/repository/org/apache/httpcomponents/httpclient/4.5.2/httpclient-4.5.2.jar:/home/user/.m2/repository/org/apache/httpcomponents/httpcore/4.4.4/httpcore-4.4.4.jar:/home/user/.m2/repository/commons-codec/commons-codec/1.11/commons-codec-1.11.jar:/home/user/.m2/repository/commons-net/commons-net/3.6/commons-net-3.6.jar:/home/user/.m2/repository/commons-collections/commons-collections/3.2.2/commons-collections-3.2.2.jar:/home/user/.m2/repository/org/eclipse/jetty/jetty-servlet/9.3.25.v20180904/jetty-servlet-9.3.25.v20180904.jar:/home/user/.m2/repository/org/eclipse/jetty/jetty-security/9.3.25.v20180904/jetty-security-9.3.25.v20180904.jar:/home/user/.m2/repository/javax/servlet/jsp/jsp-api/2.1/jsp-api-2.1.jar:/home/user/.m2/repository/com/sun/jersey/jersey-servlet/1.19/jersey-servlet-1.19.jar:/home/user/.m2/repository/com/sun/jersey/jersey-json/1.19/jersey-json-1.19.jar:/home/user/.m2/repository/org/codehaus/jettison/jettison/1.1/jettison-1.1.jar:/home/user/.m2/repository/org/codehaus/jackson/jackson-core-asl/1.9.13/jackson-core-asl-1.9.13.jar:/home/user/.m2/repository/org/codehaus/jackson/jackson-mapper-asl/1.9.13/jackson-mapper-asl-1.9.13.jar:/home/user/.m2/repository/org/codehaus/jackson/jackson-jaxrs/1.9.13/jackson-jaxrs-1.9.13.jar:/home/user/.m2/repository/org/codehaus/jackson/jackson-xc/1.9.13/jackson-xc-1.9.13.jar:/home/user/.m2/repository/commons-logging/commons-logging/1.1.3/commons-logging-1.1.3.jar:/home/user/.m2/repository/commons-beanutils/commons-beanutils/1.9.4/commons-beanutils-1.9.4.jar:/home/user/.m2/repository/org/apache/commons/commons-configuration2/2.1.1/commons-configuration2-2.1.1.jar:/home/user/.m2/repository/org/apache/commons/commons-lang3/3.7/commons-lang3-3.7.jar:/home/user/.m2/repository/org/apache/commons/commons-text/1.4/commons-text-1.4.jar:/home/user/.m2/repository/org/apache/avro/avro/1.7.7/avro-1.7.7.jar:/home/user/.m2/repository/com/thoughtworks/paranamer/paranamer/2.3/paranamer-2.3.jar:/home/user/.m2/repository/org/xerial/snappy/snappy-java/1.0.5/snappy-java-1.0.5.jar:/home/user/.m2/repository/com/google/re2j/re2j/1.1/re2j-1.1.jar:/home/user/.m2/repository/com/google/code/gson/gson/2.2.4/gson-2.2.4.jar:/home/user/.m2/repository/com/jcraft/jsch/0.1.54/jsch-0.1.54.jar:/home/user/.m2/repository/org/apache/curator/curator-client/2.12.0/curator-client-2.12.0.jar:/home/user/.m2/repository/org/apache/curator/curator-recipes/2.12.0/curator-recipes-2.12.0.jar:/home/user/.m2/repository/com/google/code/findbugs/jsr305/3.0.0/jsr305-3.0.0.jar:/home/user/.m2/repository/org/apache/htrace/htrace-core4/4.1.0-incubating/htrace-core4-4.1.0-incubating.jar:/home/user/.m2/repository/org/apache/zookeeper/zookeeper/3.4.13/zookeeper-3.4.13.jar:/home/user/.m2/repository/jline/jline/0.9.94/jline-0.9.94.jar:/home/user/.m2/repository/org/apache/yetus/audience-annotations/0.5.0/audience-annotations-0.5.0.jar:/home/user/.m2/repository/org/codehaus/woodstox/stax2-api/3.1.4/stax2-api-3.1.4.jar:/home/user/.m2/repository/com/fasterxml/woodstox/woodstox-core/5.0.3/woodstox-core-5.0.3.jar:/home/user/.m2/repository/dnsjava/dnsjava/2.1.7/dnsjava-2.1.7.jar:/home/user/.m2/repository/org/apache/hadoop/hadoop-hdfs/3.2.0/hadoop-hdfs-3.2.0-tests.jar:/home/user/.m2/repository/org/eclipse/jetty/jetty-util-ajax/9.3.25.v20180904/jetty-util-ajax-9.3.25.v20180904.jar:/home/user/.m2/repository/commons-daemon/commons-daemon/1.0.13/commons-daemon-1.0.13.jar:/home/user/.m2/repository/io/netty/netty/3.10.5.Final/netty-3.10.5.Final.jar:/home/user/.m2/repository/io/netty/netty-all/4.0.52.Final/netty-all-4.0.52.Final.jar:/home/user/.m2/repository/org/fusesource/leveldbjni/leveldbjni-all/1.8/leveldbjni-all-1.8.jar:"/>
    <property name="sun.cpu.endian" value="little"/>
    <property name="user.home" value="/home/user"/>
    <property name="user.language" value="en"/>
    <property name="java.specification.vendor" value="Oracle Corporation"/>
    <property name="java.home" value="/usr/lib/jvm/java-1.8-openjdk/jre"/>
    <property name="java.security.krb5.conf" value="/workdir/hadoop-ozone/integration-test/target/test-classes/krb5.conf"/>
    <property name="basedir" value="/workdir/hadoop-ozone/integration-test"/>
    <property name="file.separator" value="/"/>
    <property name="line.separator" value="&#10;"/>
    <property name="java.vm.specification.vendor" value="Oracle Corporation"/>
    <property name="java.specification.name" value="Java Platform API Specification"/>
    <property name="java.awt.graphicsenv" value="sun.awt.X11GraphicsEnvironment"/>
    <property name="surefire.real.class.path" value="/workdir/hadoop-ozone/integration-test/target/surefire/surefirebooter1561519138739453214.jar"/>
    <property name="hadoop.log.dir" value="/workdir/hadoop-ozone/integration-test/target/log"/>
    <property name="sun.boot.class.path" value="/usr/lib/jvm/java-1.8-openjdk/jre/lib/resources.jar:/usr/lib/jvm/java-1.8-openjdk/jre/lib/rt.jar:/usr/lib/jvm/java-1.8-openjdk/jre/lib/sunrsasign.jar:/usr/lib/jvm/java-1.8-openjdk/jre/lib/jsse.jar:/usr/lib/jvm/java-1.8-openjdk/jre/lib/jce.jar:/usr/lib/jvm/java-1.8-openjdk/jre/lib/charsets.jar:/usr/lib/jvm/java-1.8-openjdk/jre/lib/jfr.jar:/usr/lib/jvm/java-1.8-openjdk/jre/classes"/>
    <property name="sun.management.compiler" value="HotSpot 64-Bit Tiered Compilers"/>
    <property name="java.runtime.version" value="1.8.0_212-b04"/>
    <property name="java.net.preferIPv4Stack" value="true"/>
    <property name="user.name" value="jenkins1000"/>
    <property name="path.separator" value=":"/>
    <property name="java.security.egd" value="file:///dev/urandom"/>
    <property name="os.version" value="3.10.0-957.12.2.el7.x86_64"/>
    <property name="java.endorsed.dirs" value="/usr/lib/jvm/java-1.8-openjdk/jre/lib/endorsed"/>
    <property name="java.runtime.name" value="OpenJDK Runtime Environment"/>
    <property name="file.encoding" value="UTF-8"/>
    <property name="java.vm.name" value="OpenJDK 64-Bit Server VM"/>
    <property name="test.build.webapps" value=""/>
    <property name="localRepository" value="/home/user/.m2/repository"/>
    <property name="java.vendor.url.bug" value="https://icedtea.classpath.org/bugzilla"/>
    <property name="java.io.tmpdir" value="/tmp"/>
    <property name="require.test.libhadoop" value=""/>
    <property name="java.version" value="1.8.0_212"/>
    <property name="user.dir" value="/workdir/hadoop-ozone/integration-test"/>
    <property name="os.arch" value="amd64"/>
    <property name="java.vm.specification.name" value="Java Virtual Machine Specification"/>
    <property name="test.build.classes" value="/workdir/hadoop-ozone/integration-test/target/test-classes"/>
    <property name="java.awt.printerjob" value="sun.print.PSPrinterJob"/>
    <property name="sun.os.patch.level" value="unknown"/>
    <property name="hadoop.tmp.dir" value="/workdir/hadoop-ozone/integration-test/target/tmp"/>
    <property name="java.library.path" value="/usr/lib/jvm/java-1.8-openjdk/jre/lib/amd64/server:/usr/lib/jvm/java-1.8-openjdk/jre/lib/amd64:/usr/lib/jvm/java-1.8-openjdk/jre/../lib/amd64:/workdir/hadoop-ozone/integration-test/target/native/target/usr/local/lib:/workdir/hadoop-ozone/integration-test/../../hadoop-common-project/hadoop-common/target/native/target/usr/local/lib:/usr/java/packages/lib/amd64:/usr/lib64:/lib64:/lib:/usr/lib"/>
    <property name="java.vm.info" value="mixed mode"/>
    <property name="java.vendor" value="IcedTea"/>
    <property name="java.vm.version" value="25.212-b04"/>
    <property name="java.ext.dirs" value="/usr/lib/jvm/java-1.8-openjdk/jre/lib/ext:/usr/java/packages/lib/ext"/>
    <property name="sun.io.unicode.encoding" value="UnicodeLittle"/>
    <property name="java.class.version" value="52.0"/>
  </properties>
  <testcase name="testWatchForCommitWithKeyWrite" classname="org.apache.hadoop.ozone.client.rpc.TestWatchForCommit" time="59.734"/>
  <testcase name="testWatchForCommitWithSmallerTimeoutValue" classname="org.apache.hadoop.ozone.client.rpc.TestWatchForCommit" time="46.535"/>
  <testcase name="testWatchForCommitForRetryfailure" classname="org.apache.hadoop.ozone.client.rpc.TestWatchForCommit" time="77.034"/>
  <testcase name="testWatchForCommitForGroupMismatchException" classname="org.apache.hadoop.ozone.client.rpc.TestWatchForCommit" time="36.064"/>
  <testcase name="test2WayCommitForTimeoutException" classname="org.apache.hadoop.ozone.client.rpc.TestWatchForCommit" time="26.468">
    <error type="java.util.concurrent.TimeoutException">java.util.concurrent.TimeoutException
	at java.util.concurrent.CompletableFuture.timedGet(CompletableFuture.java:1771)
	at java.util.concurrent.CompletableFuture.get(CompletableFuture.java:1915)
	at org.apache.hadoop.hdds.scm.XceiverClientRatis.watchForCommit(XceiverClientRatis.java:283)
	at org.apache.hadoop.ozone.client.rpc.TestWatchForCommit.test2WayCommitForTimeoutException(TestWatchForCommit.java:391)
	at sun.reflect.NativeMethodAccessorImpl.invoke0(Native Method)
	at sun.reflect.NativeMethodAccessorImpl.invoke(NativeMethodAccessorImpl.java:62)
	at sun.reflect.DelegatingMethodAccessorImpl.invoke(DelegatingMethodAccessorImpl.java:43)
	at java.lang.reflect.Method.invoke(Method.java:498)
	at org.junit.runners.model.FrameworkMethod$1.runReflectiveCall(FrameworkMethod.java:47)
	at org.junit.internal.runners.model.ReflectiveCallable.run(ReflectiveCallable.java:12)
	at org.junit.runners.model.FrameworkMethod.invokeExplosively(FrameworkMethod.java:44)
	at org.junit.internal.runners.statements.InvokeMethod.evaluate(InvokeMethod.java:17)
	at org.junit.runners.ParentRunner.runLeaf(ParentRunner.java:271)
	at org.junit.runners.BlockJUnit4ClassRunner.runChild(BlockJUnit4ClassRunner.java:70)
	at org.junit.runners.BlockJUnit4ClassRunner.runChild(BlockJUnit4ClassRunner.java:50)
	at org.junit.runners.ParentRunner$3.run(ParentRunner.java:238)
	at org.junit.runners.ParentRunner$1.schedule(ParentRunner.java:63)
	at org.junit.runners.ParentRunner.runChildren(ParentRunner.java:236)
	at org.junit.runners.ParentRunner.access$000(ParentRunner.java:53)
	at org.junit.runners.ParentRunner$2.evaluate(ParentRunner.java:229)
	at org.junit.runners.ParentRunner.run(ParentRunner.java:309)
	at org.apache.maven.surefire.junit4.JUnit4Provider.execute(JUnit4Provider.java:365)
	at org.apache.maven.surefire.junit4.JUnit4Provider.executeWithRerun(JUnit4Provider.java:273)
	at org.apache.maven.surefire.junit4.JUnit4Provider.executeTestSet(JUnit4Provider.java:238)
	at org.apache.maven.surefire.junit4.JUnit4Provider.invoke(JUnit4Provider.java:159)
	at org.apache.maven.surefire.booter.ForkedBooter.invokeProviderInSameClassLoader(ForkedBooter.java:384)
	at org.apache.maven.surefire.booter.ForkedBooter.runSuitesInProcess(ForkedBooter.java:345)
	at org.apache.maven.surefire.booter.ForkedBooter.execute(ForkedBooter.java:126)
	at org.apache.maven.surefire.booter.ForkedBooter.main(ForkedBooter.java:418)
</error>
    <system-out><![CDATA[2019-10-08 20:56:56,994 [main] WARN  server.ServerUtils (ServerUtils.java:getScmDbDir(145)) - ozone.scm.db.dirs is not configured. We recommend adding this setting. Falling back to ozone.metadata.dirs instead.
2019-10-08 20:56:57,035 [main] WARN  server.ServerUtils (ServerUtils.java:getScmDbDir(145)) - ozone.scm.db.dirs is not configured. We recommend adding this setting. Falling back to ozone.metadata.dirs instead.
2019-10-08 20:56:57,035 [main] WARN  server.ServerUtils (ServerUtils.java:getScmDbDir(145)) - ozone.scm.db.dirs is not configured. We recommend adding this setting. Falling back to ozone.metadata.dirs instead.
2019-10-08 20:56:57,036 [main] INFO  db.DBStoreBuilder (DBStoreBuilder.java:addTable(117)) - using custom profile for table: deletedBlocks
2019-10-08 20:56:57,036 [main] INFO  db.DBStoreBuilder (DBStoreBuilder.java:processTables(168)) - Using default column profile:DBProfile.DISK for Table:deletedBlocks
2019-10-08 20:56:57,036 [main] INFO  db.DBStoreBuilder (DBStoreBuilder.java:addTable(117)) - using custom profile for table: validCerts
2019-10-08 20:56:57,036 [main] INFO  db.DBStoreBuilder (DBStoreBuilder.java:processTables(168)) - Using default column profile:DBProfile.DISK for Table:validCerts
2019-10-08 20:56:57,036 [main] INFO  db.DBStoreBuilder (DBStoreBuilder.java:addTable(117)) - using custom profile for table: revokedCerts
2019-10-08 20:56:57,036 [main] INFO  db.DBStoreBuilder (DBStoreBuilder.java:processTables(168)) - Using default column profile:DBProfile.DISK for Table:revokedCerts
2019-10-08 20:56:57,037 [main] INFO  db.DBStoreBuilder (DBStoreBuilder.java:addTable(117)) - using custom profile for table: default
2019-10-08 20:56:57,037 [main] INFO  db.DBStoreBuilder (DBStoreBuilder.java:processTables(174)) - Using default column profile:DBProfile.DISK for Table:default
2019-10-08 20:56:57,037 [main] INFO  db.DBStoreBuilder (DBStoreBuilder.java:getDbProfile(205)) - Using default options. DBProfile.DISK
2019-10-08 20:56:57,184 [main] INFO  net.NodeSchemaLoader (NodeSchemaLoader.java:loadSchemaFromFile(125)) - Loading file from sun.misc.CompoundEnumeration@491f8831
2019-10-08 20:56:57,184 [main] INFO  net.NodeSchemaLoader (NodeSchemaLoader.java:loadSchema(171)) - Loading network topology layer schema file
2019-10-08 20:56:57,190 [main] WARN  server.ServerUtils (ServerUtils.java:sanitizeUserArgs(70)) - ozone.scm.stale.node.interval value = 300000 is larger than max = 100000 based on the key value of ozone.scm.heartbeat.thread.interval, reset to the max value 100000.
2019-10-08 20:56:57,190 [main] WARN  server.ServerUtils (ServerUtils.java:sanitizeUserArgs(70)) - ozone.scm.stale.node.interval value = 300000 is larger than max = 100000 based on the key value of ozone.scm.heartbeat.thread.interval, reset to the max value 100000.
2019-10-08 20:56:57,190 [main] INFO  node.SCMNodeManager (SCMNodeManager.java:<init>(116)) - Entering startup safe mode.
2019-10-08 20:56:57,191 [main] INFO  algorithms.ContainerPlacementPolicyFactory (ContainerPlacementPolicyFactory.java:getPolicy(57)) - Create container placement policy of type org.apache.hadoop.hdds.scm.container.placement.algorithms.SCMContainerPlacementRandom
2019-10-08 20:56:57,191 [main] WARN  server.ServerUtils (ServerUtils.java:getScmDbDir(145)) - ozone.scm.db.dirs is not configured. We recommend adding this setting. Falling back to ozone.metadata.dirs instead.
2019-10-08 20:56:57,211 [main] INFO  pipeline.SCMPipelineManager (SCMPipelineManager.java:initializePipelineState(132)) - No pipeline exists in current db
2019-10-08 20:56:57,211 [main] WARN  server.ServerUtils (ServerUtils.java:getScmDbDir(145)) - ozone.scm.db.dirs is not configured. We recommend adding this setting. Falling back to ozone.metadata.dirs instead.
2019-10-08 20:56:57,234 [main] WARN  events.EventQueue (EventQueue.java:fireEvent(183)) - No event handler registered for event TypedEvent{payloadType=SafeModeStatus, name='SafeModeStatus'}
2019-10-08 20:56:57,235 [main] INFO  ipc.CallQueueManager (CallQueueManager.java:<init>(84)) - Using callQueue: class java.util.concurrent.LinkedBlockingQueue, queueCapacity: 2000, scheduler: class org.apache.hadoop.ipc.DefaultRpcScheduler, ipcBackoff: false.
2019-10-08 20:56:57,236 [Socket Reader #1 for port 39007] INFO  ipc.Server (Server.java:run(1074)) - Starting Socket Reader #1 for port 39007
2019-10-08 20:56:57,239 [main] INFO  ipc.CallQueueManager (CallQueueManager.java:<init>(84)) - Using callQueue: class java.util.concurrent.LinkedBlockingQueue, queueCapacity: 2000, scheduler: class org.apache.hadoop.ipc.DefaultRpcScheduler, ipcBackoff: false.
2019-10-08 20:56:57,239 [Socket Reader #1 for port 45338] INFO  ipc.Server (Server.java:run(1074)) - Starting Socket Reader #1 for port 45338
2019-10-08 20:56:57,241 [main] INFO  ipc.CallQueueManager (CallQueueManager.java:<init>(84)) - Using callQueue: class java.util.concurrent.LinkedBlockingQueue, queueCapacity: 2000, scheduler: class org.apache.hadoop.ipc.DefaultRpcScheduler, ipcBackoff: false.
2019-10-08 20:56:57,242 [Socket Reader #1 for port 38506] INFO  ipc.Server (Server.java:run(1074)) - Starting Socket Reader #1 for port 38506
2019-10-08 20:56:57,244 [main] INFO  hdfs.DFSUtil (DFSUtil.java:httpServerTemplateForNNAndJN(1641)) - Starting Web-server for scm at: http://0.0.0.0:0
2019-10-08 20:56:57,247 [main] INFO  server.AuthenticationFilter (AuthenticationFilter.java:constructSecretProvider(240)) - Unable to initialize FileSignerSecretProvider, falling back to use random secrets.
2019-10-08 20:56:57,247 [main] WARN  http.HttpRequestLog (HttpRequestLog.java:getRequestLog(97)) - Jetty request log can only be enabled using Log4j
2019-10-08 20:56:57,249 [main] INFO  http.HttpServer2 (HttpServer2.java:addGlobalFilter(975)) - Added global filter 'safety' (class=org.apache.hadoop.http.HttpServer2$QuotingInputFilter)
2019-10-08 20:56:57,250 [main] INFO  http.HttpServer2 (HttpServer2.java:addFilter(948)) - Added filter static_user_filter (class=org.apache.hadoop.http.lib.StaticUserWebFilter$StaticUserFilter) to context scm
2019-10-08 20:56:57,250 [main] INFO  http.HttpServer2 (HttpServer2.java:addFilter(958)) - Added filter static_user_filter (class=org.apache.hadoop.http.lib.StaticUserWebFilter$StaticUserFilter) to context logs
2019-10-08 20:56:57,250 [main] INFO  http.HttpServer2 (HttpServer2.java:addFilter(958)) - Added filter static_user_filter (class=org.apache.hadoop.http.lib.StaticUserWebFilter$StaticUserFilter) to context static
2019-10-08 20:56:57,252 [main] INFO  server.StorageContainerManager (StorageContainerManager.java:start(772)) - StorageContainerLocationProtocol RPC server is listening at /0.0.0.0:38506
2019-10-08 20:56:57,255 [main] WARN  impl.MetricsConfig (MetricsConfig.java:loadFirst(134)) - Cannot locate configuration: tried hadoop-metrics2-storagecontainermanager.properties,hadoop-metrics2.properties
2019-10-08 20:56:57,255 [main] INFO  impl.MetricsSystemImpl (MetricsSystemImpl.java:startTimer(374)) - Scheduled Metric snapshot period at 10 second(s).
2019-10-08 20:56:57,256 [main] INFO  impl.MetricsSystemImpl (MetricsSystemImpl.java:start(191)) - StorageContainerManager metrics system started
2019-10-08 20:56:57,417 [main] WARN  impl.MetricsSystemImpl (MetricsSystemImpl.java:register(276)) - Sink prometheus already exists!
2019-10-08 20:56:57,499 [main] INFO  server.SCMClientProtocolServer (SCMClientProtocolServer.java:start(159)) - RPC server for Client  is listening at /0.0.0.0:38506
2019-10-08 20:56:57,500 [IPC Server Responder] INFO  ipc.Server (Server.java:run(1314)) - IPC Server Responder: starting
2019-10-08 20:56:57,500 [IPC Server listener on 38506] INFO  ipc.Server (Server.java:run(1153)) - IPC Server listener on 38506: starting
2019-10-08 20:56:57,506 [main] INFO  server.StorageContainerManager (StorageContainerManager.java:start(782)) - ScmBlockLocationProtocol RPC server is listening at /0.0.0.0:45338
2019-10-08 20:56:57,506 [main] INFO  server.SCMBlockProtocolServer (SCMBlockProtocolServer.java:start(146)) - RPC server for Block Protocol is listening at /0.0.0.0:45338
2019-10-08 20:56:57,506 [IPC Server Responder] INFO  ipc.Server (Server.java:run(1314)) - IPC Server Responder: starting
2019-10-08 20:56:57,507 [IPC Server listener on 45338] INFO  ipc.Server (Server.java:run(1153)) - IPC Server listener on 45338: starting
2019-10-08 20:56:57,512 [main] INFO  server.StorageContainerManager (StorageContainerManager.java:start(786)) - ScmDatanodeProtocl RPC server is listening at /0.0.0.0:39007
2019-10-08 20:56:57,512 [main] INFO  server.SCMDatanodeProtocolServer (SCMDatanodeProtocolServer.java:start(169)) - RPC server for DataNodes is listening at /0.0.0.0:39007
2019-10-08 20:56:57,513 [IPC Server Responder] INFO  ipc.Server (Server.java:run(1314)) - IPC Server Responder: starting
2019-10-08 20:56:57,513 [IPC Server listener on 39007] INFO  ipc.Server (Server.java:run(1153)) - IPC Server listener on 39007: starting
2019-10-08 20:56:57,518 [main] INFO  http.HttpServer2 (HttpServer2.java:bindListener(1191)) - Jetty bound to port 44668
2019-10-08 20:56:57,518 [main] INFO  server.Server (Server.java:doStart(351)) - jetty-9.3.25.v20180904, build timestamp: 2018-09-04T21:11:46Z, git hash: 3ce520221d0240229c862b122d2b06c12a625732
2019-10-08 20:56:57,520 [main] INFO  handler.ContextHandler (ContextHandler.java:doStart(781)) - Started o.e.j.s.ServletContextHandler@5d71b500{/logs,file:///workdir/hadoop-ozone/integration-test/target/log,AVAILABLE}
2019-10-08 20:56:57,521 [main] INFO  handler.ContextHandler (ContextHandler.java:doStart(781)) - Started o.e.j.s.ServletContextHandler@626b639e{/static,file:///workdir/hadoop-ozone/integration-test/target/test-classes/webapps/static,AVAILABLE}
2019-10-08 20:56:57,525 [main] INFO  handler.ContextHandler (ContextHandler.java:doStart(781)) - Started o.e.j.w.WebAppContext@15d114ce{/,file:///workdir/hadoop-ozone/integration-test/target/test-classes/webapps/scm/,AVAILABLE}{/scm}
2019-10-08 20:56:57,525 [main] INFO  server.AbstractConnector (AbstractConnector.java:doStart(278)) - Started ServerConnector@3312f4f4{HTTP/1.1,[http/1.1]}{0.0.0.0:44668}
2019-10-08 20:56:57,526 [main] INFO  server.Server (Server.java:doStart(419)) - Started @220310ms
2019-10-08 20:56:57,526 [main] WARN  impl.MetricsSystemImpl (MetricsSystemImpl.java:register(276)) - Sink prometheus already exists!
2019-10-08 20:56:57,527 [main] INFO  server.BaseHttpServer (BaseHttpServer.java:updateConnectorAddress(215)) - HTTP server of SCM is listening at http://0.0.0.0:44668
2019-10-08 20:56:57,528 [main] WARN  server.ServerUtils (ServerUtils.java:getDBPath(222)) - ozone.om.db.dirs is not configured. We recommend adding this setting. Falling back to ozone.metadata.dirs instead.
2019-10-08 20:56:57,528 [org.apache.hadoop.util.JvmPauseMonitor$Monitor@76cdafa3] INFO  util.JvmPauseMonitor (JvmPauseMonitor.java:run(188)) - Starting JVM pause monitor
2019-10-08 20:56:57,542 [main] INFO  ha.OMHANodeDetails (OMHANodeDetails.java:loadOMHAConfig(190)) - Configuration either no ozone.om.address set. Falling back to the default OM address /127.0.0.1:0
2019-10-08 20:56:57,542 [main] INFO  ha.OMHANodeDetails (OMHANodeDetails.java:getOMNodeDetails(220)) - OM Service ID is not set. Setting it to the default ID: omServiceIdDefault
2019-10-08 20:56:57,542 [main] WARN  server.ServerUtils (ServerUtils.java:getDBPath(222)) - ozone.om.db.dirs is not configured. We recommend adding this setting. Falling back to ozone.metadata.dirs instead.
2019-10-08 20:56:57,543 [main] WARN  server.ServerUtils (ServerUtils.java:getDBPath(222)) - ozone.om.db.dirs is not configured. We recommend adding this setting. Falling back to ozone.metadata.dirs instead.
2019-10-08 20:56:57,563 [main] WARN  server.ServerUtils (ServerUtils.java:getDBPath(222)) - ozone.om.db.dirs is not configured. We recommend adding this setting. Falling back to ozone.metadata.dirs instead.
2019-10-08 20:56:57,563 [main] INFO  db.DBStoreBuilder (DBStoreBuilder.java:addTable(117)) - using custom profile for table: userTable
2019-10-08 20:56:57,563 [main] INFO  db.DBStoreBuilder (DBStoreBuilder.java:processTables(168)) - Using default column profile:DBProfile.DISK for Table:userTable
2019-10-08 20:56:57,564 [main] INFO  db.DBStoreBuilder (DBStoreBuilder.java:addTable(117)) - using custom profile for table: volumeTable
2019-10-08 20:56:57,564 [main] INFO  db.DBStoreBuilder (DBStoreBuilder.java:processTables(168)) - Using default column profile:DBProfile.DISK for Table:volumeTable
2019-10-08 20:56:57,564 [main] INFO  db.DBStoreBuilder (DBStoreBuilder.java:addTable(117)) - using custom profile for table: bucketTable
2019-10-08 20:56:57,564 [main] INFO  db.DBStoreBuilder (DBStoreBuilder.java:processTables(168)) - Using default column profile:DBProfile.DISK for Table:bucketTable
2019-10-08 20:56:57,564 [main] INFO  db.DBStoreBuilder (DBStoreBuilder.java:addTable(117)) - using custom profile for table: keyTable
2019-10-08 20:56:57,565 [main] INFO  db.DBStoreBuilder (DBStoreBuilder.java:processTables(168)) - Using default column profile:DBProfile.DISK for Table:keyTable
2019-10-08 20:56:57,565 [main] INFO  db.DBStoreBuilder (DBStoreBuilder.java:addTable(117)) - using custom profile for table: deletedTable
2019-10-08 20:56:57,565 [main] INFO  db.DBStoreBuilder (DBStoreBuilder.java:processTables(168)) - Using default column profile:DBProfile.DISK for Table:deletedTable
2019-10-08 20:56:57,565 [main] INFO  db.DBStoreBuilder (DBStoreBuilder.java:addTable(117)) - using custom profile for table: openKeyTable
2019-10-08 20:56:57,565 [main] INFO  db.DBStoreBuilder (DBStoreBuilder.java:processTables(168)) - Using default column profile:DBProfile.DISK for Table:openKeyTable
2019-10-08 20:56:57,565 [main] INFO  db.DBStoreBuilder (DBStoreBuilder.java:addTable(117)) - using custom profile for table: s3Table
2019-10-08 20:56:57,566 [main] INFO  db.DBStoreBuilder (DBStoreBuilder.java:processTables(168)) - Using default column profile:DBProfile.DISK for Table:s3Table
2019-10-08 20:56:57,566 [main] INFO  db.DBStoreBuilder (DBStoreBuilder.java:addTable(117)) - using custom profile for table: multipartInfoTable
2019-10-08 20:56:57,566 [main] INFO  db.DBStoreBuilder (DBStoreBuilder.java:processTables(168)) - Using default column profile:DBProfile.DISK for Table:multipartInfoTable
2019-10-08 20:56:57,566 [main] INFO  db.DBStoreBuilder (DBStoreBuilder.java:addTable(117)) - using custom profile for table: dTokenTable
2019-10-08 20:56:57,566 [main] INFO  db.DBStoreBuilder (DBStoreBuilder.java:processTables(168)) - Using default column profile:DBProfile.DISK for Table:dTokenTable
2019-10-08 20:56:57,566 [main] INFO  db.DBStoreBuilder (DBStoreBuilder.java:addTable(117)) - using custom profile for table: s3SecretTable
2019-10-08 20:56:57,567 [main] INFO  db.DBStoreBuilder (DBStoreBuilder.java:processTables(168)) - Using default column profile:DBProfile.DISK for Table:s3SecretTable
2019-10-08 20:56:57,567 [main] INFO  db.DBStoreBuilder (DBStoreBuilder.java:addTable(117)) - using custom profile for table: prefixTable
2019-10-08 20:56:57,567 [main] INFO  db.DBStoreBuilder (DBStoreBuilder.java:processTables(168)) - Using default column profile:DBProfile.DISK for Table:prefixTable
2019-10-08 20:56:57,567 [main] INFO  db.DBStoreBuilder (DBStoreBuilder.java:addTable(117)) - using custom profile for table: default
2019-10-08 20:56:57,567 [main] INFO  db.DBStoreBuilder (DBStoreBuilder.java:processTables(174)) - Using default column profile:DBProfile.DISK for Table:default
2019-10-08 20:56:57,567 [main] INFO  db.DBStoreBuilder (DBStoreBuilder.java:getDbProfile(205)) - Using default options. DBProfile.DISK
2019-10-08 20:56:58,507 [main] INFO  ipc.CallQueueManager (CallQueueManager.java:<init>(84)) - Using callQueue: class java.util.concurrent.LinkedBlockingQueue, queueCapacity: 2000, scheduler: class org.apache.hadoop.ipc.DefaultRpcScheduler, ipcBackoff: false.
2019-10-08 20:56:58,508 [Socket Reader #1 for port 45675] INFO  ipc.Server (Server.java:run(1074)) - Starting Socket Reader #1 for port 45675
2019-10-08 20:56:58,523 [main] INFO  om.OzoneManager (OzoneManager.java:start(1069)) - OzoneManager RPC server is listening at localhost/127.0.0.1:45675
2019-10-08 20:56:58,523 [main] INFO  impl.MetricsSystemImpl (MetricsSystemImpl.java:init(158)) - OzoneManager metrics system started (again)
2019-10-08 20:56:58,524 [IPC Server listener on 45675] INFO  ipc.Server (Server.java:run(1153)) - IPC Server listener on 45675: starting
2019-10-08 20:56:58,524 [IPC Server Responder] INFO  ipc.Server (Server.java:run(1314)) - IPC Server Responder: starting
2019-10-08 20:56:58,531 [main] INFO  hdfs.DFSUtil (DFSUtil.java:httpServerTemplateForNNAndJN(1641)) - Starting Web-server for ozoneManager at: http://0.0.0.0:0
2019-10-08 20:56:58,532 [main] INFO  server.AuthenticationFilter (AuthenticationFilter.java:constructSecretProvider(240)) - Unable to initialize FileSignerSecretProvider, falling back to use random secrets.
2019-10-08 20:56:58,533 [main] WARN  http.HttpRequestLog (HttpRequestLog.java:getRequestLog(97)) - Jetty request log can only be enabled using Log4j
2019-10-08 20:56:58,534 [main] INFO  http.HttpServer2 (HttpServer2.java:addGlobalFilter(975)) - Added global filter 'safety' (class=org.apache.hadoop.http.HttpServer2$QuotingInputFilter)
2019-10-08 20:56:58,534 [main] INFO  http.HttpServer2 (HttpServer2.java:addFilter(948)) - Added filter static_user_filter (class=org.apache.hadoop.http.lib.StaticUserWebFilter$StaticUserFilter) to context ozoneManager
2019-10-08 20:56:58,534 [main] INFO  http.HttpServer2 (HttpServer2.java:addFilter(958)) - Added filter static_user_filter (class=org.apache.hadoop.http.lib.StaticUserWebFilter$StaticUserFilter) to context static
2019-10-08 20:56:58,535 [main] INFO  http.HttpServer2 (HttpServer2.java:addFilter(958)) - Added filter static_user_filter (class=org.apache.hadoop.http.lib.StaticUserWebFilter$StaticUserFilter) to context logs
2019-10-08 20:56:58,535 [main] INFO  http.HttpServer2 (HttpServer2.java:bindListener(1191)) - Jetty bound to port 42999
2019-10-08 20:56:58,535 [main] INFO  server.Server (Server.java:doStart(351)) - jetty-9.3.25.v20180904, build timestamp: 2018-09-04T21:11:46Z, git hash: 3ce520221d0240229c862b122d2b06c12a625732
2019-10-08 20:56:58,537 [main] INFO  handler.ContextHandler (ContextHandler.java:doStart(781)) - Started o.e.j.s.ServletContextHandler@73f6e07{/logs,file:///workdir/hadoop-ozone/integration-test/target/log,AVAILABLE}
2019-10-08 20:56:58,537 [main] INFO  handler.ContextHandler (ContextHandler.java:doStart(781)) - Started o.e.j.s.ServletContextHandler@1511d157{/static,file:///workdir/hadoop-ozone/integration-test/target/test-classes/webapps/static,AVAILABLE}
2019-10-08 20:56:58,541 [main] INFO  handler.ContextHandler (ContextHandler.java:doStart(781)) - Started o.e.j.w.WebAppContext@52a7928a{/,file:///workdir/hadoop-ozone/integration-test/target/test-classes/webapps/ozoneManager/,AVAILABLE}{/ozoneManager}
2019-10-08 20:56:58,541 [main] INFO  server.AbstractConnector (AbstractConnector.java:doStart(278)) - Started ServerConnector@563ccd31{HTTP/1.1,[http/1.1]}{0.0.0.0:42999}
2019-10-08 20:56:58,542 [main] INFO  server.Server (Server.java:doStart(419)) - Started @221326ms
2019-10-08 20:56:58,542 [main] WARN  impl.MetricsSystemImpl (MetricsSystemImpl.java:register(276)) - Sink prometheus already exists!
2019-10-08 20:56:58,543 [main] INFO  server.BaseHttpServer (BaseHttpServer.java:updateConnectorAddress(215)) - HTTP server of OZONEMANAGER is listening at http://0.0.0.0:42999
2019-10-08 20:56:58,554 [main] INFO  impl.MetricsSystemImpl (MetricsSystemImpl.java:init(158)) - HddsDatanode metrics system started (again)
2019-10-08 20:56:58,558 [main] INFO  ozone.HddsDatanodeService (HddsDatanodeService.java:start(184)) - HddsDatanodeService host:pr-hdds-1868-gtwz2-575081100 ip:192.168.5.143
2019-10-08 20:56:58,565 [main] INFO  volume.HddsVolume (HddsVolume.java:<init>(176)) - Creating Volume: /workdir/hadoop-ozone/integration-test/target/test-dir/MiniOzoneClusterImpl-556ae367-a76f-437b-9cdb-d0d311a5222a/datanode-0/data/containers/hdds of  storage type : DISK and capacity : 1482555576320
2019-10-08 20:56:58,565 [main] INFO  volume.VolumeSet (VolumeSet.java:initializeVolumeSet(170)) - Added Volume : /workdir/hadoop-ozone/integration-test/target/test-dir/MiniOzoneClusterImpl-556ae367-a76f-437b-9cdb-d0d311a5222a/datanode-0/data/containers/hdds to VolumeSet
2019-10-08 20:56:58,565 [main] INFO  volume.ThrottledAsyncChecker (ThrottledAsyncChecker.java:schedule(141)) - Scheduling a check for org.apache.hadoop.ozone.container.common.volume.HddsVolume@67acfde9
2019-10-08 20:56:58,565 [main] INFO  volume.HddsVolumeChecker (HddsVolumeChecker.java:checkAllVolumes(204)) - Scheduled health check for volume org.apache.hadoop.ozone.container.common.volume.HddsVolume@67acfde9
2019-10-08 20:56:58,580 [main] INFO  impl.RaftServerProxy (ConfUtils.java:logGet(43)) - raft.rpc.type = GRPC (default)
2019-10-08 20:56:58,580 [main] INFO  grpc.GrpcFactory (GrpcFactory.java:checkPooledByteBufAllocatorUseCacheForAllThreads(45)) - PERFORMANCE WARNING: useCacheForAllThreads is true that may cause Netty to create a lot garbage objects and, as a result, trigger GC.
	It is recommended to disable useCacheForAllThreads by setting -Dorg.apache.ratis.thirdparty.io.netty.allocator.useCacheForAllThreads=false in command line.
2019-10-08 20:56:58,580 [main] INFO  grpc.GrpcConfigKeys$Server (ConfUtils.java:logGet(43)) - raft.grpc.server.port = 0 (default)
2019-10-08 20:56:58,581 [main] INFO  server.GrpcService (ConfUtils.java:logGet(43)) - raft.grpc.message.size.max = 33570816 (custom)
2019-10-08 20:56:58,581 [main] INFO  server.RaftServerConfigKeys (ConfUtils.java:logGet(43)) - raft.server.log.appender.buffer.byte-limit = 33554432 (custom)
2019-10-08 20:56:58,581 [main] INFO  server.GrpcService (ConfUtils.java:logGet(43)) - raft.grpc.flow.control.window = 1MB (=1048576) (default)
2019-10-08 20:56:58,581 [main] INFO  server.RaftServerConfigKeys (ConfUtils.java:logGet(43)) - raft.server.rpc.request.timeout = 3000ms (default)
2019-10-08 20:56:58,582 [main] INFO  server.RaftServerConfigKeys (ConfUtils.java:logGet(43)) - raft.server.storage.dir = [/workdir/hadoop-ozone/integration-test/target/test-dir/MiniOzoneClusterImpl-556ae367-a76f-437b-9cdb-d0d311a5222a/datanode-0/data/ratis] (custom)
2019-10-08 20:56:58,583 [main] INFO  hdfs.DFSUtil (DFSUtil.java:httpServerTemplateForNNAndJN(1641)) - Starting Web-server for hddsDatanode at: http://0.0.0.0:0
2019-10-08 20:56:58,584 [main] INFO  server.AuthenticationFilter (AuthenticationFilter.java:constructSecretProvider(240)) - Unable to initialize FileSignerSecretProvider, falling back to use random secrets.
2019-10-08 20:56:58,585 [main] WARN  http.HttpRequestLog (HttpRequestLog.java:getRequestLog(97)) - Jetty request log can only be enabled using Log4j
2019-10-08 20:56:58,586 [main] INFO  http.HttpServer2 (HttpServer2.java:addGlobalFilter(975)) - Added global filter 'safety' (class=org.apache.hadoop.http.HttpServer2$QuotingInputFilter)
2019-10-08 20:56:58,586 [main] INFO  http.HttpServer2 (HttpServer2.java:addFilter(948)) - Added filter static_user_filter (class=org.apache.hadoop.http.lib.StaticUserWebFilter$StaticUserFilter) to context hddsDatanode
2019-10-08 20:56:58,586 [main] INFO  http.HttpServer2 (HttpServer2.java:addFilter(958)) - Added filter static_user_filter (class=org.apache.hadoop.http.lib.StaticUserWebFilter$StaticUserFilter) to context logs
2019-10-08 20:56:58,586 [main] INFO  http.HttpServer2 (HttpServer2.java:addFilter(958)) - Added filter static_user_filter (class=org.apache.hadoop.http.lib.StaticUserWebFilter$StaticUserFilter) to context static
2019-10-08 20:56:58,587 [main] INFO  http.HttpServer2 (HttpServer2.java:bindListener(1191)) - Jetty bound to port 41908
2019-10-08 20:56:58,587 [main] INFO  server.Server (Server.java:doStart(351)) - jetty-9.3.25.v20180904, build timestamp: 2018-09-04T21:11:46Z, git hash: 3ce520221d0240229c862b122d2b06c12a625732
2019-10-08 20:56:58,589 [main] INFO  handler.ContextHandler (ContextHandler.java:doStart(781)) - Started o.e.j.s.ServletContextHandler@3887c7d7{/logs,file:///workdir/hadoop-ozone/integration-test/target/log,AVAILABLE}
2019-10-08 20:56:58,589 [main] INFO  handler.ContextHandler (ContextHandler.java:doStart(781)) - Started o.e.j.s.ServletContextHandler@526f6427{/static,jar:file:/home/user/.m2/repository/org/apache/hadoop/hadoop-hdds-container-service/0.5.0-SNAPSHOT/hadoop-hdds-container-service-0.5.0-SNAPSHOT.jar!/webapps/static,AVAILABLE}
2019-10-08 20:56:58,613 [main] INFO  handler.ContextHandler (ContextHandler.java:doStart(781)) - Started o.e.j.w.WebAppContext@4dc52559{/,file:///tmp/jetty-0.0.0.0-41908-hddsDatanode-_-any-1386873332068883066.dir/webapp/,AVAILABLE}{/hddsDatanode}
2019-10-08 20:56:58,613 [main] INFO  server.AbstractConnector (AbstractConnector.java:doStart(278)) - Started ServerConnector@5c3d4f05{HTTP/1.1,[http/1.1]}{0.0.0.0:41908}
2019-10-08 20:56:58,615 [main] INFO  server.Server (Server.java:doStart(419)) - Started @221399ms
2019-10-08 20:56:58,615 [main] WARN  impl.MetricsSystemImpl (MetricsSystemImpl.java:register(276)) - Sink prometheus already exists!
2019-10-08 20:56:58,616 [main] INFO  server.BaseHttpServer (BaseHttpServer.java:updateConnectorAddress(215)) - HTTP server of HDDSDATANODE is listening at http://0.0.0.0:41908
2019-10-08 20:56:58,616 [main] INFO  impl.MetricsSystemImpl (MetricsSystemImpl.java:init(158)) - HddsDatanode metrics system started (again)
2019-10-08 20:56:58,620 [org.apache.hadoop.util.JvmPauseMonitor$Monitor@60830e26] INFO  util.JvmPauseMonitor (JvmPauseMonitor.java:run(188)) - Starting JVM pause monitor
2019-10-08 20:56:58,621 [main] INFO  ozone.HddsDatanodeService (HddsDatanodeService.java:start(184)) - HddsDatanodeService host:pr-hdds-1868-gtwz2-575081100 ip:192.168.5.143
2019-10-08 20:56:58,622 [Datanode State Machine Thread - 0] INFO  datanode.InitDatanodeState (InitDatanodeState.java:persistContainerDatanodeDetails(140)) - DatanodeDetails is persisted to /workdir/hadoop-ozone/integration-test/target/test-dir/MiniOzoneClusterImpl-556ae367-a76f-437b-9cdb-d0d311a5222a/datanode-0/meta/datanode.id
2019-10-08 20:56:58,627 [main] INFO  volume.HddsVolume (HddsVolume.java:<init>(176)) - Creating Volume: /workdir/hadoop-ozone/integration-test/target/test-dir/MiniOzoneClusterImpl-556ae367-a76f-437b-9cdb-d0d311a5222a/datanode-1/data/containers/hdds of  storage type : DISK and capacity : 1482555576320
2019-10-08 20:56:58,627 [main] INFO  volume.VolumeSet (VolumeSet.java:initializeVolumeSet(170)) - Added Volume : /workdir/hadoop-ozone/integration-test/target/test-dir/MiniOzoneClusterImpl-556ae367-a76f-437b-9cdb-d0d311a5222a/datanode-1/data/containers/hdds to VolumeSet
2019-10-08 20:56:58,628 [main] INFO  volume.ThrottledAsyncChecker (ThrottledAsyncChecker.java:schedule(141)) - Scheduling a check for org.apache.hadoop.ozone.container.common.volume.HddsVolume@22a6d75c
2019-10-08 20:56:58,628 [main] INFO  volume.HddsVolumeChecker (HddsVolumeChecker.java:checkAllVolumes(204)) - Scheduled health check for volume org.apache.hadoop.ozone.container.common.volume.HddsVolume@22a6d75c
2019-10-08 20:56:58,641 [main] INFO  impl.RaftServerProxy (ConfUtils.java:logGet(43)) - raft.rpc.type = GRPC (default)
2019-10-08 20:56:58,641 [main] INFO  grpc.GrpcFactory (GrpcFactory.java:checkPooledByteBufAllocatorUseCacheForAllThreads(45)) - PERFORMANCE WARNING: useCacheForAllThreads is true that may cause Netty to create a lot garbage objects and, as a result, trigger GC.
	It is recommended to disable useCacheForAllThreads by setting -Dorg.apache.ratis.thirdparty.io.netty.allocator.useCacheForAllThreads=false in command line.
2019-10-08 20:56:58,642 [main] INFO  grpc.GrpcConfigKeys$Server (ConfUtils.java:logGet(43)) - raft.grpc.server.port = 0 (default)
2019-10-08 20:56:58,642 [main] INFO  server.GrpcService (ConfUtils.java:logGet(43)) - raft.grpc.message.size.max = 33570816 (custom)
2019-10-08 20:56:58,642 [main] INFO  server.RaftServerConfigKeys (ConfUtils.java:logGet(43)) - raft.server.log.appender.buffer.byte-limit = 33554432 (custom)
2019-10-08 20:56:58,642 [main] INFO  server.GrpcService (ConfUtils.java:logGet(43)) - raft.grpc.flow.control.window = 1MB (=1048576) (default)
2019-10-08 20:56:58,643 [main] INFO  server.RaftServerConfigKeys (ConfUtils.java:logGet(43)) - raft.server.rpc.request.timeout = 3000ms (default)
2019-10-08 20:56:58,643 [main] INFO  server.RaftServerConfigKeys (ConfUtils.java:logGet(43)) - raft.server.storage.dir = [/workdir/hadoop-ozone/integration-test/target/test-dir/MiniOzoneClusterImpl-556ae367-a76f-437b-9cdb-d0d311a5222a/datanode-1/data/ratis] (custom)
2019-10-08 20:56:58,644 [main] INFO  hdfs.DFSUtil (DFSUtil.java:httpServerTemplateForNNAndJN(1641)) - Starting Web-server for hddsDatanode at: http://0.0.0.0:0
2019-10-08 20:56:58,645 [main] INFO  server.AuthenticationFilter (AuthenticationFilter.java:constructSecretProvider(240)) - Unable to initialize FileSignerSecretProvider, falling back to use random secrets.
2019-10-08 20:56:58,646 [main] WARN  http.HttpRequestLog (HttpRequestLog.java:getRequestLog(97)) - Jetty request log can only be enabled using Log4j
2019-10-08 20:56:58,647 [main] INFO  http.HttpServer2 (HttpServer2.java:addGlobalFilter(975)) - Added global filter 'safety' (class=org.apache.hadoop.http.HttpServer2$QuotingInputFilter)
2019-10-08 20:56:58,647 [main] INFO  http.HttpServer2 (HttpServer2.java:addFilter(948)) - Added filter static_user_filter (class=org.apache.hadoop.http.lib.StaticUserWebFilter$StaticUserFilter) to context hddsDatanode
2019-10-08 20:56:58,647 [main] INFO  http.HttpServer2 (HttpServer2.java:addFilter(958)) - Added filter static_user_filter (class=org.apache.hadoop.http.lib.StaticUserWebFilter$StaticUserFilter) to context logs
2019-10-08 20:56:58,647 [main] INFO  http.HttpServer2 (HttpServer2.java:addFilter(958)) - Added filter static_user_filter (class=org.apache.hadoop.http.lib.StaticUserWebFilter$StaticUserFilter) to context static
2019-10-08 20:56:58,648 [main] INFO  http.HttpServer2 (HttpServer2.java:bindListener(1191)) - Jetty bound to port 33476
2019-10-08 20:56:58,648 [main] INFO  server.Server (Server.java:doStart(351)) - jetty-9.3.25.v20180904, build timestamp: 2018-09-04T21:11:46Z, git hash: 3ce520221d0240229c862b122d2b06c12a625732
2019-10-08 20:56:58,649 [main] INFO  handler.ContextHandler (ContextHandler.java:doStart(781)) - Started o.e.j.s.ServletContextHandler@5cfed0ba{/logs,file:///workdir/hadoop-ozone/integration-test/target/log,AVAILABLE}
2019-10-08 20:56:58,650 [main] INFO  handler.ContextHandler (ContextHandler.java:doStart(781)) - Started o.e.j.s.ServletContextHandler@6a567f7b{/static,jar:file:/home/user/.m2/repository/org/apache/hadoop/hadoop-hdds-container-service/0.5.0-SNAPSHOT/hadoop-hdds-container-service-0.5.0-SNAPSHOT.jar!/webapps/static,AVAILABLE}
2019-10-08 20:56:58,681 [main] INFO  handler.ContextHandler (ContextHandler.java:doStart(781)) - Started o.e.j.w.WebAppContext@2dc39b53{/,file:///tmp/jetty-0.0.0.0-33476-hddsDatanode-_-any-8404732262151798345.dir/webapp/,AVAILABLE}{/hddsDatanode}
2019-10-08 20:56:58,682 [main] INFO  server.AbstractConnector (AbstractConnector.java:doStart(278)) - Started ServerConnector@45037e16{HTTP/1.1,[http/1.1]}{0.0.0.0:33476}
2019-10-08 20:56:58,684 [main] INFO  server.Server (Server.java:doStart(419)) - Started @221467ms
2019-10-08 20:56:58,684 [main] WARN  impl.MetricsSystemImpl (MetricsSystemImpl.java:register(276)) - Sink prometheus already exists!
2019-10-08 20:56:58,685 [main] INFO  server.BaseHttpServer (BaseHttpServer.java:updateConnectorAddress(215)) - HTTP server of HDDSDATANODE is listening at http://0.0.0.0:33476
2019-10-08 20:56:58,685 [main] INFO  impl.MetricsSystemImpl (MetricsSystemImpl.java:init(158)) - HddsDatanode metrics system started (again)
2019-10-08 20:56:58,690 [org.apache.hadoop.util.JvmPauseMonitor$Monitor@5502d139] INFO  util.JvmPauseMonitor (JvmPauseMonitor.java:run(188)) - Starting JVM pause monitor
2019-10-08 20:56:58,691 [main] INFO  ozone.HddsDatanodeService (HddsDatanodeService.java:start(184)) - HddsDatanodeService host:pr-hdds-1868-gtwz2-575081100 ip:192.168.5.143
2019-10-08 20:56:58,691 [Datanode State Machine Thread - 0] INFO  datanode.InitDatanodeState (InitDatanodeState.java:persistContainerDatanodeDetails(140)) - DatanodeDetails is persisted to /workdir/hadoop-ozone/integration-test/target/test-dir/MiniOzoneClusterImpl-556ae367-a76f-437b-9cdb-d0d311a5222a/datanode-1/meta/datanode.id
2019-10-08 20:56:58,698 [main] INFO  volume.HddsVolume (HddsVolume.java:<init>(176)) - Creating Volume: /workdir/hadoop-ozone/integration-test/target/test-dir/MiniOzoneClusterImpl-556ae367-a76f-437b-9cdb-d0d311a5222a/datanode-2/data/containers/hdds of  storage type : DISK and capacity : 1482555576320
2019-10-08 20:56:58,698 [main] INFO  volume.VolumeSet (VolumeSet.java:initializeVolumeSet(170)) - Added Volume : /workdir/hadoop-ozone/integration-test/target/test-dir/MiniOzoneClusterImpl-556ae367-a76f-437b-9cdb-d0d311a5222a/datanode-2/data/containers/hdds to VolumeSet
2019-10-08 20:56:58,698 [main] INFO  volume.ThrottledAsyncChecker (ThrottledAsyncChecker.java:schedule(141)) - Scheduling a check for org.apache.hadoop.ozone.container.common.volume.HddsVolume@33d28f0a
2019-10-08 20:56:58,699 [main] INFO  volume.HddsVolumeChecker (HddsVolumeChecker.java:checkAllVolumes(204)) - Scheduled health check for volume org.apache.hadoop.ozone.container.common.volume.HddsVolume@33d28f0a
2019-10-08 20:56:58,716 [main] INFO  impl.RaftServerProxy (ConfUtils.java:logGet(43)) - raft.rpc.type = GRPC (default)
2019-10-08 20:56:58,716 [main] INFO  grpc.GrpcFactory (GrpcFactory.java:checkPooledByteBufAllocatorUseCacheForAllThreads(45)) - PERFORMANCE WARNING: useCacheForAllThreads is true that may cause Netty to create a lot garbage objects and, as a result, trigger GC.
	It is recommended to disable useCacheForAllThreads by setting -Dorg.apache.ratis.thirdparty.io.netty.allocator.useCacheForAllThreads=false in command line.
2019-10-08 20:56:58,716 [main] INFO  grpc.GrpcConfigKeys$Server (ConfUtils.java:logGet(43)) - raft.grpc.server.port = 0 (default)
2019-10-08 20:56:58,717 [main] INFO  server.GrpcService (ConfUtils.java:logGet(43)) - raft.grpc.message.size.max = 33570816 (custom)
2019-10-08 20:56:58,717 [main] INFO  server.RaftServerConfigKeys (ConfUtils.java:logGet(43)) - raft.server.log.appender.buffer.byte-limit = 33554432 (custom)
2019-10-08 20:56:58,717 [main] INFO  server.GrpcService (ConfUtils.java:logGet(43)) - raft.grpc.flow.control.window = 1MB (=1048576) (default)
2019-10-08 20:56:58,717 [main] INFO  server.RaftServerConfigKeys (ConfUtils.java:logGet(43)) - raft.server.rpc.request.timeout = 3000ms (default)
2019-10-08 20:56:58,717 [main] INFO  server.RaftServerConfigKeys (ConfUtils.java:logGet(43)) - raft.server.storage.dir = [/workdir/hadoop-ozone/integration-test/target/test-dir/MiniOzoneClusterImpl-556ae367-a76f-437b-9cdb-d0d311a5222a/datanode-2/data/ratis] (custom)
2019-10-08 20:56:58,719 [main] INFO  hdfs.DFSUtil (DFSUtil.java:httpServerTemplateForNNAndJN(1641)) - Starting Web-server for hddsDatanode at: http://0.0.0.0:0
2019-10-08 20:56:58,720 [main] INFO  server.AuthenticationFilter (AuthenticationFilter.java:constructSecretProvider(240)) - Unable to initialize FileSignerSecretProvider, falling back to use random secrets.
2019-10-08 20:56:58,720 [main] WARN  http.HttpRequestLog (HttpRequestLog.java:getRequestLog(97)) - Jetty request log can only be enabled using Log4j
2019-10-08 20:56:58,721 [main] INFO  http.HttpServer2 (HttpServer2.java:addGlobalFilter(975)) - Added global filter 'safety' (class=org.apache.hadoop.http.HttpServer2$QuotingInputFilter)
2019-10-08 20:56:58,722 [main] INFO  http.HttpServer2 (HttpServer2.java:addFilter(948)) - Added filter static_user_filter (class=org.apache.hadoop.http.lib.StaticUserWebFilter$StaticUserFilter) to context hddsDatanode
2019-10-08 20:56:58,722 [main] INFO  http.HttpServer2 (HttpServer2.java:addFilter(958)) - Added filter static_user_filter (class=org.apache.hadoop.http.lib.StaticUserWebFilter$StaticUserFilter) to context logs
2019-10-08 20:56:58,722 [main] INFO  http.HttpServer2 (HttpServer2.java:addFilter(958)) - Added filter static_user_filter (class=org.apache.hadoop.http.lib.StaticUserWebFilter$StaticUserFilter) to context static
2019-10-08 20:56:58,722 [main] INFO  http.HttpServer2 (HttpServer2.java:bindListener(1191)) - Jetty bound to port 33155
2019-10-08 20:56:58,722 [main] INFO  server.Server (Server.java:doStart(351)) - jetty-9.3.25.v20180904, build timestamp: 2018-09-04T21:11:46Z, git hash: 3ce520221d0240229c862b122d2b06c12a625732
2019-10-08 20:56:58,724 [main] INFO  handler.ContextHandler (ContextHandler.java:doStart(781)) - Started o.e.j.s.ServletContextHandler@636985df{/logs,file:///workdir/hadoop-ozone/integration-test/target/log,AVAILABLE}
2019-10-08 20:56:58,724 [main] INFO  handler.ContextHandler (ContextHandler.java:doStart(781)) - Started o.e.j.s.ServletContextHandler@723e3c17{/static,jar:file:/home/user/.m2/repository/org/apache/hadoop/hadoop-hdds-container-service/0.5.0-SNAPSHOT/hadoop-hdds-container-service-0.5.0-SNAPSHOT.jar!/webapps/static,AVAILABLE}
2019-10-08 20:56:58,758 [main] INFO  handler.ContextHandler (ContextHandler.java:doStart(781)) - Started o.e.j.w.WebAppContext@22791b75{/,file:///tmp/jetty-0.0.0.0-33155-hddsDatanode-_-any-3689194292542589671.dir/webapp/,AVAILABLE}{/hddsDatanode}
2019-10-08 20:56:58,759 [main] INFO  server.AbstractConnector (AbstractConnector.java:doStart(278)) - Started ServerConnector@64f4f12{HTTP/1.1,[http/1.1]}{0.0.0.0:33155}
2019-10-08 20:56:58,761 [main] INFO  server.Server (Server.java:doStart(419)) - Started @221544ms
2019-10-08 20:56:58,761 [main] WARN  impl.MetricsSystemImpl (MetricsSystemImpl.java:register(276)) - Sink prometheus already exists!
2019-10-08 20:56:58,762 [main] INFO  server.BaseHttpServer (BaseHttpServer.java:updateConnectorAddress(215)) - HTTP server of HDDSDATANODE is listening at http://0.0.0.0:33155
2019-10-08 20:56:58,762 [main] INFO  impl.MetricsSystemImpl (MetricsSystemImpl.java:init(158)) - HddsDatanode metrics system started (again)
2019-10-08 20:56:58,768 [org.apache.hadoop.util.JvmPauseMonitor$Monitor@5c10540b] INFO  util.JvmPauseMonitor (JvmPauseMonitor.java:run(188)) - Starting JVM pause monitor
2019-10-08 20:56:58,769 [main] INFO  ozone.HddsDatanodeService (HddsDatanodeService.java:start(184)) - HddsDatanodeService host:pr-hdds-1868-gtwz2-575081100 ip:192.168.5.143
2019-10-08 20:56:58,769 [Datanode State Machine Thread - 0] INFO  datanode.InitDatanodeState (InitDatanodeState.java:persistContainerDatanodeDetails(140)) - DatanodeDetails is persisted to /workdir/hadoop-ozone/integration-test/target/test-dir/MiniOzoneClusterImpl-556ae367-a76f-437b-9cdb-d0d311a5222a/datanode-2/meta/datanode.id
2019-10-08 20:56:58,776 [main] INFO  volume.HddsVolume (HddsVolume.java:<init>(176)) - Creating Volume: /workdir/hadoop-ozone/integration-test/target/test-dir/MiniOzoneClusterImpl-556ae367-a76f-437b-9cdb-d0d311a5222a/datanode-3/data/containers/hdds of  storage type : DISK and capacity : 1482555576320
2019-10-08 20:56:58,776 [main] INFO  volume.VolumeSet (VolumeSet.java:initializeVolumeSet(170)) - Added Volume : /workdir/hadoop-ozone/integration-test/target/test-dir/MiniOzoneClusterImpl-556ae367-a76f-437b-9cdb-d0d311a5222a/datanode-3/data/containers/hdds to VolumeSet
2019-10-08 20:56:58,776 [main] INFO  volume.ThrottledAsyncChecker (ThrottledAsyncChecker.java:schedule(141)) - Scheduling a check for org.apache.hadoop.ozone.container.common.volume.HddsVolume@43d76a92
2019-10-08 20:56:58,777 [main] INFO  volume.HddsVolumeChecker (HddsVolumeChecker.java:checkAllVolumes(204)) - Scheduled health check for volume org.apache.hadoop.ozone.container.common.volume.HddsVolume@43d76a92
2019-10-08 20:56:58,793 [main] INFO  impl.RaftServerProxy (ConfUtils.java:logGet(43)) - raft.rpc.type = GRPC (default)
2019-10-08 20:56:58,794 [main] INFO  grpc.GrpcFactory (GrpcFactory.java:checkPooledByteBufAllocatorUseCacheForAllThreads(45)) - PERFORMANCE WARNING: useCacheForAllThreads is true that may cause Netty to create a lot garbage objects and, as a result, trigger GC.
	It is recommended to disable useCacheForAllThreads by setting -Dorg.apache.ratis.thirdparty.io.netty.allocator.useCacheForAllThreads=false in command line.
2019-10-08 20:56:58,794 [main] INFO  grpc.GrpcConfigKeys$Server (ConfUtils.java:logGet(43)) - raft.grpc.server.port = 0 (default)
2019-10-08 20:56:58,794 [main] INFO  server.GrpcService (ConfUtils.java:logGet(43)) - raft.grpc.message.size.max = 33570816 (custom)
2019-10-08 20:56:58,794 [main] INFO  server.RaftServerConfigKeys (ConfUtils.java:logGet(43)) - raft.server.log.appender.buffer.byte-limit = 33554432 (custom)
2019-10-08 20:56:58,794 [main] INFO  server.GrpcService (ConfUtils.java:logGet(43)) - raft.grpc.flow.control.window = 1MB (=1048576) (default)
2019-10-08 20:56:58,794 [main] INFO  server.RaftServerConfigKeys (ConfUtils.java:logGet(43)) - raft.server.rpc.request.timeout = 3000ms (default)
2019-10-08 20:56:58,795 [main] INFO  server.RaftServerConfigKeys (ConfUtils.java:logGet(43)) - raft.server.storage.dir = [/workdir/hadoop-ozone/integration-test/target/test-dir/MiniOzoneClusterImpl-556ae367-a76f-437b-9cdb-d0d311a5222a/datanode-3/data/ratis] (custom)
2019-10-08 20:56:58,796 [main] INFO  hdfs.DFSUtil (DFSUtil.java:httpServerTemplateForNNAndJN(1641)) - Starting Web-server for hddsDatanode at: http://0.0.0.0:0
2019-10-08 20:56:58,797 [main] INFO  server.AuthenticationFilter (AuthenticationFilter.java:constructSecretProvider(240)) - Unable to initialize FileSignerSecretProvider, falling back to use random secrets.
2019-10-08 20:56:58,798 [main] WARN  http.HttpRequestLog (HttpRequestLog.java:getRequestLog(97)) - Jetty request log can only be enabled using Log4j
2019-10-08 20:56:58,799 [main] INFO  http.HttpServer2 (HttpServer2.java:addGlobalFilter(975)) - Added global filter 'safety' (class=org.apache.hadoop.http.HttpServer2$QuotingInputFilter)
2019-10-08 20:56:58,800 [main] INFO  http.HttpServer2 (HttpServer2.java:addFilter(948)) - Added filter static_user_filter (class=org.apache.hadoop.http.lib.StaticUserWebFilter$StaticUserFilter) to context hddsDatanode
2019-10-08 20:56:58,800 [main] INFO  http.HttpServer2 (HttpServer2.java:addFilter(958)) - Added filter static_user_filter (class=org.apache.hadoop.http.lib.StaticUserWebFilter$StaticUserFilter) to context static
2019-10-08 20:56:58,800 [main] INFO  http.HttpServer2 (HttpServer2.java:addFilter(958)) - Added filter static_user_filter (class=org.apache.hadoop.http.lib.StaticUserWebFilter$StaticUserFilter) to context logs
2019-10-08 20:56:58,801 [main] INFO  http.HttpServer2 (HttpServer2.java:bindListener(1191)) - Jetty bound to port 37287
2019-10-08 20:56:58,801 [main] INFO  server.Server (Server.java:doStart(351)) - jetty-9.3.25.v20180904, build timestamp: 2018-09-04T21:11:46Z, git hash: 3ce520221d0240229c862b122d2b06c12a625732
2019-10-08 20:56:58,802 [main] INFO  handler.ContextHandler (ContextHandler.java:doStart(781)) - Started o.e.j.s.ServletContextHandler@7da1e005{/logs,file:///workdir/hadoop-ozone/integration-test/target/log,AVAILABLE}
2019-10-08 20:56:58,803 [main] INFO  handler.ContextHandler (ContextHandler.java:doStart(781)) - Started o.e.j.s.ServletContextHandler@55877274{/static,jar:file:/home/user/.m2/repository/org/apache/hadoop/hadoop-hdds-container-service/0.5.0-SNAPSHOT/hadoop-hdds-container-service-0.5.0-SNAPSHOT.jar!/webapps/static,AVAILABLE}
2019-10-08 20:56:58,832 [main] INFO  handler.ContextHandler (ContextHandler.java:doStart(781)) - Started o.e.j.w.WebAppContext@51888019{/,file:///tmp/jetty-0.0.0.0-37287-hddsDatanode-_-any-7930017757043565804.dir/webapp/,AVAILABLE}{/hddsDatanode}
2019-10-08 20:56:58,833 [main] INFO  server.AbstractConnector (AbstractConnector.java:doStart(278)) - Started ServerConnector@6f50d55c{HTTP/1.1,[http/1.1]}{0.0.0.0:37287}
2019-10-08 20:56:58,835 [main] INFO  server.Server (Server.java:doStart(419)) - Started @221618ms
2019-10-08 20:56:58,835 [main] WARN  impl.MetricsSystemImpl (MetricsSystemImpl.java:register(276)) - Sink prometheus already exists!
2019-10-08 20:56:58,836 [main] INFO  server.BaseHttpServer (BaseHttpServer.java:updateConnectorAddress(215)) - HTTP server of HDDSDATANODE is listening at http://0.0.0.0:37287
2019-10-08 20:56:58,836 [main] INFO  impl.MetricsSystemImpl (MetricsSystemImpl.java:init(158)) - HddsDatanode metrics system started (again)
2019-10-08 20:56:58,842 [org.apache.hadoop.util.JvmPauseMonitor$Monitor@3f0e91de] INFO  util.JvmPauseMonitor (JvmPauseMonitor.java:run(188)) - Starting JVM pause monitor
2019-10-08 20:56:58,842 [main] INFO  ozone.HddsDatanodeService (HddsDatanodeService.java:start(184)) - HddsDatanodeService host:pr-hdds-1868-gtwz2-575081100 ip:192.168.5.143
2019-10-08 20:56:58,843 [Datanode State Machine Thread - 0] INFO  datanode.InitDatanodeState (InitDatanodeState.java:persistContainerDatanodeDetails(140)) - DatanodeDetails is persisted to /workdir/hadoop-ozone/integration-test/target/test-dir/MiniOzoneClusterImpl-556ae367-a76f-437b-9cdb-d0d311a5222a/datanode-3/meta/datanode.id
2019-10-08 20:56:58,849 [main] INFO  volume.HddsVolume (HddsVolume.java:<init>(176)) - Creating Volume: /workdir/hadoop-ozone/integration-test/target/test-dir/MiniOzoneClusterImpl-556ae367-a76f-437b-9cdb-d0d311a5222a/datanode-4/data/containers/hdds of  storage type : DISK and capacity : 1482555576320
2019-10-08 20:56:58,850 [main] INFO  volume.VolumeSet (VolumeSet.java:initializeVolumeSet(170)) - Added Volume : /workdir/hadoop-ozone/integration-test/target/test-dir/MiniOzoneClusterImpl-556ae367-a76f-437b-9cdb-d0d311a5222a/datanode-4/data/containers/hdds to VolumeSet
2019-10-08 20:56:58,850 [main] INFO  volume.ThrottledAsyncChecker (ThrottledAsyncChecker.java:schedule(141)) - Scheduling a check for org.apache.hadoop.ozone.container.common.volume.HddsVolume@33e4b9c4
2019-10-08 20:56:58,850 [main] INFO  volume.HddsVolumeChecker (HddsVolumeChecker.java:checkAllVolumes(204)) - Scheduled health check for volume org.apache.hadoop.ozone.container.common.volume.HddsVolume@33e4b9c4
2019-10-08 20:56:58,864 [main] INFO  impl.RaftServerProxy (ConfUtils.java:logGet(43)) - raft.rpc.type = GRPC (default)
2019-10-08 20:56:58,864 [main] INFO  grpc.GrpcFactory (GrpcFactory.java:checkPooledByteBufAllocatorUseCacheForAllThreads(45)) - PERFORMANCE WARNING: useCacheForAllThreads is true that may cause Netty to create a lot garbage objects and, as a result, trigger GC.
	It is recommended to disable useCacheForAllThreads by setting -Dorg.apache.ratis.thirdparty.io.netty.allocator.useCacheForAllThreads=false in command line.
2019-10-08 20:56:58,865 [main] INFO  grpc.GrpcConfigKeys$Server (ConfUtils.java:logGet(43)) - raft.grpc.server.port = 0 (default)
2019-10-08 20:56:58,865 [main] INFO  server.GrpcService (ConfUtils.java:logGet(43)) - raft.grpc.message.size.max = 33570816 (custom)
2019-10-08 20:56:58,865 [main] INFO  server.RaftServerConfigKeys (ConfUtils.java:logGet(43)) - raft.server.log.appender.buffer.byte-limit = 33554432 (custom)
2019-10-08 20:56:58,865 [main] INFO  server.GrpcService (ConfUtils.java:logGet(43)) - raft.grpc.flow.control.window = 1MB (=1048576) (default)
2019-10-08 20:56:58,865 [main] INFO  server.RaftServerConfigKeys (ConfUtils.java:logGet(43)) - raft.server.rpc.request.timeout = 3000ms (default)
2019-10-08 20:56:58,866 [main] INFO  server.RaftServerConfigKeys (ConfUtils.java:logGet(43)) - raft.server.storage.dir = [/workdir/hadoop-ozone/integration-test/target/test-dir/MiniOzoneClusterImpl-556ae367-a76f-437b-9cdb-d0d311a5222a/datanode-4/data/ratis] (custom)
2019-10-08 20:56:58,867 [main] INFO  hdfs.DFSUtil (DFSUtil.java:httpServerTemplateForNNAndJN(1641)) - Starting Web-server for hddsDatanode at: http://0.0.0.0:0
2019-10-08 20:56:58,868 [main] INFO  server.AuthenticationFilter (AuthenticationFilter.java:constructSecretProvider(240)) - Unable to initialize FileSignerSecretProvider, falling back to use random secrets.
2019-10-08 20:56:58,868 [main] WARN  http.HttpRequestLog (HttpRequestLog.java:getRequestLog(97)) - Jetty request log can only be enabled using Log4j
2019-10-08 20:56:58,869 [main] INFO  http.HttpServer2 (HttpServer2.java:addGlobalFilter(975)) - Added global filter 'safety' (class=org.apache.hadoop.http.HttpServer2$QuotingInputFilter)
2019-10-08 20:56:58,870 [main] INFO  http.HttpServer2 (HttpServer2.java:addFilter(948)) - Added filter static_user_filter (class=org.apache.hadoop.http.lib.StaticUserWebFilter$StaticUserFilter) to context hddsDatanode
2019-10-08 20:56:58,870 [main] INFO  http.HttpServer2 (HttpServer2.java:addFilter(958)) - Added filter static_user_filter (class=org.apache.hadoop.http.lib.StaticUserWebFilter$StaticUserFilter) to context logs
2019-10-08 20:56:58,870 [main] INFO  http.HttpServer2 (HttpServer2.java:addFilter(958)) - Added filter static_user_filter (class=org.apache.hadoop.http.lib.StaticUserWebFilter$StaticUserFilter) to context static
2019-10-08 20:56:58,871 [main] INFO  http.HttpServer2 (HttpServer2.java:bindListener(1191)) - Jetty bound to port 35247
2019-10-08 20:56:58,871 [main] INFO  server.Server (Server.java:doStart(351)) - jetty-9.3.25.v20180904, build timestamp: 2018-09-04T21:11:46Z, git hash: 3ce520221d0240229c862b122d2b06c12a625732
2019-10-08 20:56:58,872 [main] INFO  handler.ContextHandler (ContextHandler.java:doStart(781)) - Started o.e.j.s.ServletContextHandler@3a3f96ab{/logs,file:///workdir/hadoop-ozone/integration-test/target/log,AVAILABLE}
2019-10-08 20:56:58,873 [main] INFO  handler.ContextHandler (ContextHandler.java:doStart(781)) - Started o.e.j.s.ServletContextHandler@43c7fe8a{/static,jar:file:/home/user/.m2/repository/org/apache/hadoop/hadoop-hdds-container-service/0.5.0-SNAPSHOT/hadoop-hdds-container-service-0.5.0-SNAPSHOT.jar!/webapps/static,AVAILABLE}
2019-10-08 20:56:58,897 [main] INFO  handler.ContextHandler (ContextHandler.java:doStart(781)) - Started o.e.j.w.WebAppContext@5b48f0f4{/,file:///tmp/jetty-0.0.0.0-35247-hddsDatanode-_-any-7933889004350461683.dir/webapp/,AVAILABLE}{/hddsDatanode}
2019-10-08 20:56:58,897 [main] INFO  server.AbstractConnector (AbstractConnector.java:doStart(278)) - Started ServerConnector@546ed2a0{HTTP/1.1,[http/1.1]}{0.0.0.0:35247}
2019-10-08 20:56:58,899 [main] INFO  server.Server (Server.java:doStart(419)) - Started @221683ms
2019-10-08 20:56:58,900 [main] WARN  impl.MetricsSystemImpl (MetricsSystemImpl.java:register(276)) - Sink prometheus already exists!
2019-10-08 20:56:58,900 [main] INFO  server.BaseHttpServer (BaseHttpServer.java:updateConnectorAddress(215)) - HTTP server of HDDSDATANODE is listening at http://0.0.0.0:35247
2019-10-08 20:56:58,900 [main] INFO  impl.MetricsSystemImpl (MetricsSystemImpl.java:init(158)) - HddsDatanode metrics system started (again)
2019-10-08 20:56:58,906 [org.apache.hadoop.util.JvmPauseMonitor$Monitor@4d3c0cc2] INFO  util.JvmPauseMonitor (JvmPauseMonitor.java:run(188)) - Starting JVM pause monitor
2019-10-08 20:56:58,907 [main] INFO  ozone.HddsDatanodeService (HddsDatanodeService.java:start(184)) - HddsDatanodeService host:pr-hdds-1868-gtwz2-575081100 ip:192.168.5.143
2019-10-08 20:56:58,908 [Datanode State Machine Thread - 0] INFO  datanode.InitDatanodeState (InitDatanodeState.java:persistContainerDatanodeDetails(140)) - DatanodeDetails is persisted to /workdir/hadoop-ozone/integration-test/target/test-dir/MiniOzoneClusterImpl-556ae367-a76f-437b-9cdb-d0d311a5222a/datanode-4/meta/datanode.id
2019-10-08 20:56:58,914 [main] INFO  volume.HddsVolume (HddsVolume.java:<init>(176)) - Creating Volume: /workdir/hadoop-ozone/integration-test/target/test-dir/MiniOzoneClusterImpl-556ae367-a76f-437b-9cdb-d0d311a5222a/datanode-5/data/containers/hdds of  storage type : DISK and capacity : 1482555576320
2019-10-08 20:56:58,914 [main] INFO  volume.VolumeSet (VolumeSet.java:initializeVolumeSet(170)) - Added Volume : /workdir/hadoop-ozone/integration-test/target/test-dir/MiniOzoneClusterImpl-556ae367-a76f-437b-9cdb-d0d311a5222a/datanode-5/data/containers/hdds to VolumeSet
2019-10-08 20:56:58,914 [main] INFO  volume.ThrottledAsyncChecker (ThrottledAsyncChecker.java:schedule(141)) - Scheduling a check for org.apache.hadoop.ozone.container.common.volume.HddsVolume@595f9916
2019-10-08 20:56:58,915 [main] INFO  volume.HddsVolumeChecker (HddsVolumeChecker.java:checkAllVolumes(204)) - Scheduled health check for volume org.apache.hadoop.ozone.container.common.volume.HddsVolume@595f9916
2019-10-08 20:56:58,926 [main] INFO  impl.RaftServerProxy (ConfUtils.java:logGet(43)) - raft.rpc.type = GRPC (default)
2019-10-08 20:56:58,927 [main] INFO  grpc.GrpcFactory (GrpcFactory.java:checkPooledByteBufAllocatorUseCacheForAllThreads(45)) - PERFORMANCE WARNING: useCacheForAllThreads is true that may cause Netty to create a lot garbage objects and, as a result, trigger GC.
	It is recommended to disable useCacheForAllThreads by setting -Dorg.apache.ratis.thirdparty.io.netty.allocator.useCacheForAllThreads=false in command line.
2019-10-08 20:56:58,927 [main] INFO  grpc.GrpcConfigKeys$Server (ConfUtils.java:logGet(43)) - raft.grpc.server.port = 0 (default)
2019-10-08 20:56:58,927 [main] INFO  server.GrpcService (ConfUtils.java:logGet(43)) - raft.grpc.message.size.max = 33570816 (custom)
2019-10-08 20:56:58,927 [main] INFO  server.RaftServerConfigKeys (ConfUtils.java:logGet(43)) - raft.server.log.appender.buffer.byte-limit = 33554432 (custom)
2019-10-08 20:56:58,927 [main] INFO  server.GrpcService (ConfUtils.java:logGet(43)) - raft.grpc.flow.control.window = 1MB (=1048576) (default)
2019-10-08 20:56:58,927 [main] INFO  server.RaftServerConfigKeys (ConfUtils.java:logGet(43)) - raft.server.rpc.request.timeout = 3000ms (default)
2019-10-08 20:56:58,928 [main] INFO  server.RaftServerConfigKeys (ConfUtils.java:logGet(43)) - raft.server.storage.dir = [/workdir/hadoop-ozone/integration-test/target/test-dir/MiniOzoneClusterImpl-556ae367-a76f-437b-9cdb-d0d311a5222a/datanode-5/data/ratis] (custom)
2019-10-08 20:56:58,929 [main] INFO  hdfs.DFSUtil (DFSUtil.java:httpServerTemplateForNNAndJN(1641)) - Starting Web-server for hddsDatanode at: http://0.0.0.0:0
2019-10-08 20:56:58,930 [main] INFO  server.AuthenticationFilter (AuthenticationFilter.java:constructSecretProvider(240)) - Unable to initialize FileSignerSecretProvider, falling back to use random secrets.
2019-10-08 20:56:58,930 [main] WARN  http.HttpRequestLog (HttpRequestLog.java:getRequestLog(97)) - Jetty request log can only be enabled using Log4j
2019-10-08 20:56:58,931 [main] INFO  http.HttpServer2 (HttpServer2.java:addGlobalFilter(975)) - Added global filter 'safety' (class=org.apache.hadoop.http.HttpServer2$QuotingInputFilter)
2019-10-08 20:56:58,931 [main] INFO  http.HttpServer2 (HttpServer2.java:addFilter(948)) - Added filter static_user_filter (class=org.apache.hadoop.http.lib.StaticUserWebFilter$StaticUserFilter) to context hddsDatanode
2019-10-08 20:56:58,932 [main] INFO  http.HttpServer2 (HttpServer2.java:addFilter(958)) - Added filter static_user_filter (class=org.apache.hadoop.http.lib.StaticUserWebFilter$StaticUserFilter) to context logs
2019-10-08 20:56:58,932 [main] INFO  http.HttpServer2 (HttpServer2.java:addFilter(958)) - Added filter static_user_filter (class=org.apache.hadoop.http.lib.StaticUserWebFilter$StaticUserFilter) to context static
2019-10-08 20:56:58,932 [main] INFO  http.HttpServer2 (HttpServer2.java:bindListener(1191)) - Jetty bound to port 40805
2019-10-08 20:56:58,932 [main] INFO  server.Server (Server.java:doStart(351)) - jetty-9.3.25.v20180904, build timestamp: 2018-09-04T21:11:46Z, git hash: 3ce520221d0240229c862b122d2b06c12a625732
2019-10-08 20:56:58,934 [main] INFO  handler.ContextHandler (ContextHandler.java:doStart(781)) - Started o.e.j.s.ServletContextHandler@52ba685a{/logs,file:///workdir/hadoop-ozone/integration-test/target/log,AVAILABLE}
2019-10-08 20:56:58,934 [main] INFO  handler.ContextHandler (ContextHandler.java:doStart(781)) - Started o.e.j.s.ServletContextHandler@71d55b7e{/static,jar:file:/home/user/.m2/repository/org/apache/hadoop/hadoop-hdds-container-service/0.5.0-SNAPSHOT/hadoop-hdds-container-service-0.5.0-SNAPSHOT.jar!/webapps/static,AVAILABLE}
2019-10-08 20:56:58,959 [main] INFO  handler.ContextHandler (ContextHandler.java:doStart(781)) - Started o.e.j.w.WebAppContext@6842c101{/,file:///tmp/jetty-0.0.0.0-40805-hddsDatanode-_-any-4226845523566211098.dir/webapp/,AVAILABLE}{/hddsDatanode}
2019-10-08 20:56:58,959 [main] INFO  server.AbstractConnector (AbstractConnector.java:doStart(278)) - Started ServerConnector@234cd86c{HTTP/1.1,[http/1.1]}{0.0.0.0:40805}
2019-10-08 20:56:58,961 [main] INFO  server.Server (Server.java:doStart(419)) - Started @221744ms
2019-10-08 20:56:58,961 [main] WARN  impl.MetricsSystemImpl (MetricsSystemImpl.java:register(276)) - Sink prometheus already exists!
2019-10-08 20:56:58,962 [main] INFO  server.BaseHttpServer (BaseHttpServer.java:updateConnectorAddress(215)) - HTTP server of HDDSDATANODE is listening at http://0.0.0.0:40805
2019-10-08 20:56:58,962 [main] INFO  impl.MetricsSystemImpl (MetricsSystemImpl.java:init(158)) - HddsDatanode metrics system started (again)
2019-10-08 20:56:58,968 [org.apache.hadoop.util.JvmPauseMonitor$Monitor@203a8b34] INFO  util.JvmPauseMonitor (JvmPauseMonitor.java:run(188)) - Starting JVM pause monitor
2019-10-08 20:56:58,969 [main] INFO  ozone.HddsDatanodeService (HddsDatanodeService.java:start(184)) - HddsDatanodeService host:pr-hdds-1868-gtwz2-575081100 ip:192.168.5.143
2019-10-08 20:56:58,969 [Datanode State Machine Thread - 0] INFO  datanode.InitDatanodeState (InitDatanodeState.java:persistContainerDatanodeDetails(140)) - DatanodeDetails is persisted to /workdir/hadoop-ozone/integration-test/target/test-dir/MiniOzoneClusterImpl-556ae367-a76f-437b-9cdb-d0d311a5222a/datanode-5/meta/datanode.id
2019-10-08 20:56:58,976 [main] INFO  volume.HddsVolume (HddsVolume.java:<init>(176)) - Creating Volume: /workdir/hadoop-ozone/integration-test/target/test-dir/MiniOzoneClusterImpl-556ae367-a76f-437b-9cdb-d0d311a5222a/datanode-6/data/containers/hdds of  storage type : DISK and capacity : 1482555576320
2019-10-08 20:56:58,976 [main] INFO  volume.VolumeSet (VolumeSet.java:initializeVolumeSet(170)) - Added Volume : /workdir/hadoop-ozone/integration-test/target/test-dir/MiniOzoneClusterImpl-556ae367-a76f-437b-9cdb-d0d311a5222a/datanode-6/data/containers/hdds to VolumeSet
2019-10-08 20:56:58,976 [main] INFO  volume.ThrottledAsyncChecker (ThrottledAsyncChecker.java:schedule(141)) - Scheduling a check for org.apache.hadoop.ozone.container.common.volume.HddsVolume@69a5c6be
2019-10-08 20:56:58,976 [main] INFO  volume.HddsVolumeChecker (HddsVolumeChecker.java:checkAllVolumes(204)) - Scheduled health check for volume org.apache.hadoop.ozone.container.common.volume.HddsVolume@69a5c6be
2019-10-08 20:56:58,988 [main] INFO  impl.RaftServerProxy (ConfUtils.java:logGet(43)) - raft.rpc.type = GRPC (default)
2019-10-08 20:56:58,989 [main] INFO  grpc.GrpcFactory (GrpcFactory.java:checkPooledByteBufAllocatorUseCacheForAllThreads(45)) - PERFORMANCE WARNING: useCacheForAllThreads is true that may cause Netty to create a lot garbage objects and, as a result, trigger GC.
	It is recommended to disable useCacheForAllThreads by setting -Dorg.apache.ratis.thirdparty.io.netty.allocator.useCacheForAllThreads=false in command line.
2019-10-08 20:56:58,989 [main] INFO  grpc.GrpcConfigKeys$Server (ConfUtils.java:logGet(43)) - raft.grpc.server.port = 0 (default)
2019-10-08 20:56:58,989 [main] INFO  server.GrpcService (ConfUtils.java:logGet(43)) - raft.grpc.message.size.max = 33570816 (custom)
2019-10-08 20:56:58,989 [main] INFO  server.RaftServerConfigKeys (ConfUtils.java:logGet(43)) - raft.server.log.appender.buffer.byte-limit = 33554432 (custom)
2019-10-08 20:56:58,989 [main] INFO  server.GrpcService (ConfUtils.java:logGet(43)) - raft.grpc.flow.control.window = 1MB (=1048576) (default)
2019-10-08 20:56:58,989 [main] INFO  server.RaftServerConfigKeys (ConfUtils.java:logGet(43)) - raft.server.rpc.request.timeout = 3000ms (default)
2019-10-08 20:56:58,990 [main] INFO  server.RaftServerConfigKeys (ConfUtils.java:logGet(43)) - raft.server.storage.dir = [/workdir/hadoop-ozone/integration-test/target/test-dir/MiniOzoneClusterImpl-556ae367-a76f-437b-9cdb-d0d311a5222a/datanode-6/data/ratis] (custom)
2019-10-08 20:56:58,991 [main] INFO  hdfs.DFSUtil (DFSUtil.java:httpServerTemplateForNNAndJN(1641)) - Starting Web-server for hddsDatanode at: http://0.0.0.0:0
2019-10-08 20:56:58,992 [main] INFO  server.AuthenticationFilter (AuthenticationFilter.java:constructSecretProvider(240)) - Unable to initialize FileSignerSecretProvider, falling back to use random secrets.
2019-10-08 20:56:58,992 [main] WARN  http.HttpRequestLog (HttpRequestLog.java:getRequestLog(97)) - Jetty request log can only be enabled using Log4j
2019-10-08 20:56:58,993 [main] INFO  http.HttpServer2 (HttpServer2.java:addGlobalFilter(975)) - Added global filter 'safety' (class=org.apache.hadoop.http.HttpServer2$QuotingInputFilter)
2019-10-08 20:56:58,994 [main] INFO  http.HttpServer2 (HttpServer2.java:addFilter(948)) - Added filter static_user_filter (class=org.apache.hadoop.http.lib.StaticUserWebFilter$StaticUserFilter) to context hddsDatanode
2019-10-08 20:56:58,994 [main] INFO  http.HttpServer2 (HttpServer2.java:addFilter(958)) - Added filter static_user_filter (class=org.apache.hadoop.http.lib.StaticUserWebFilter$StaticUserFilter) to context static
2019-10-08 20:56:58,994 [main] INFO  http.HttpServer2 (HttpServer2.java:addFilter(958)) - Added filter static_user_filter (class=org.apache.hadoop.http.lib.StaticUserWebFilter$StaticUserFilter) to context logs
2019-10-08 20:56:58,995 [main] INFO  http.HttpServer2 (HttpServer2.java:bindListener(1191)) - Jetty bound to port 33193
2019-10-08 20:56:58,995 [main] INFO  server.Server (Server.java:doStart(351)) - jetty-9.3.25.v20180904, build timestamp: 2018-09-04T21:11:46Z, git hash: 3ce520221d0240229c862b122d2b06c12a625732
2019-10-08 20:56:58,997 [main] INFO  handler.ContextHandler (ContextHandler.java:doStart(781)) - Started o.e.j.s.ServletContextHandler@64279ab{/logs,file:///workdir/hadoop-ozone/integration-test/target/log,AVAILABLE}
2019-10-08 20:56:58,997 [main] INFO  handler.ContextHandler (ContextHandler.java:doStart(781)) - Started o.e.j.s.ServletContextHandler@74a820bf{/static,jar:file:/home/user/.m2/repository/org/apache/hadoop/hadoop-hdds-container-service/0.5.0-SNAPSHOT/hadoop-hdds-container-service-0.5.0-SNAPSHOT.jar!/webapps/static,AVAILABLE}
2019-10-08 20:56:59,040 [main] INFO  handler.ContextHandler (ContextHandler.java:doStart(781)) - Started o.e.j.w.WebAppContext@2365ea38{/,file:///tmp/jetty-0.0.0.0-33193-hddsDatanode-_-any-5379644854047393564.dir/webapp/,AVAILABLE}{/hddsDatanode}
2019-10-08 20:56:59,040 [main] INFO  server.AbstractConnector (AbstractConnector.java:doStart(278)) - Started ServerConnector@cbf1997{HTTP/1.1,[http/1.1]}{0.0.0.0:33193}
2019-10-08 20:56:59,042 [main] INFO  server.Server (Server.java:doStart(419)) - Started @221826ms
2019-10-08 20:56:59,042 [main] WARN  impl.MetricsSystemImpl (MetricsSystemImpl.java:register(276)) - Sink prometheus already exists!
2019-10-08 20:56:59,043 [main] INFO  server.BaseHttpServer (BaseHttpServer.java:updateConnectorAddress(215)) - HTTP server of HDDSDATANODE is listening at http://0.0.0.0:33193
2019-10-08 20:56:59,045 [main] INFO  ozone.MiniOzoneClusterImpl (MiniOzoneClusterImpl.java:lambda$waitForClusterToBeReady$2(172)) - Waiting for cluster to be ready. Got 0 of 7 DN Heartbeats.
2019-10-08 20:56:59,047 [org.apache.hadoop.util.JvmPauseMonitor$Monitor@5db67ad2] INFO  util.JvmPauseMonitor (JvmPauseMonitor.java:run(188)) - Starting JVM pause monitor
2019-10-08 20:56:59,048 [Datanode State Machine Thread - 0] INFO  datanode.InitDatanodeState (InitDatanodeState.java:persistContainerDatanodeDetails(140)) - DatanodeDetails is persisted to /workdir/hadoop-ozone/integration-test/target/test-dir/MiniOzoneClusterImpl-556ae367-a76f-437b-9cdb-d0d311a5222a/datanode-6/meta/datanode.id
2019-10-08 20:57:00,046 [main] INFO  ozone.MiniOzoneClusterImpl (MiniOzoneClusterImpl.java:lambda$waitForClusterToBeReady$2(172)) - Waiting for cluster to be ready. Got 0 of 7 DN Heartbeats.
2019-10-08 20:57:00,680 [Datanode State Machine Thread - 0] INFO  ozoneimpl.OzoneContainer (OzoneContainer.java:start(213)) - Attempting to start container services.
2019-10-08 20:57:00,681 [Datanode State Machine Thread - 0] INFO  ozoneimpl.OzoneContainer (OzoneContainer.java:startContainerScrub(177)) - Background container scanner has been disabled.
2019-10-08 20:57:00,681 [Datanode State Machine Thread - 0] INFO  ratis.XceiverServerRatis (XceiverServerRatis.java:start(425)) - Starting XceiverServerRatis 1d532c3e-2add-4552-a7dd-51d21aca59ee at port 0
2019-10-08 20:57:00,689 [Datanode State Machine Thread - 0] INFO  impl.RaftServerProxy (RaftServerProxy.java:lambda$start$3(299)) - 1d532c3e-2add-4552-a7dd-51d21aca59ee: start RPC server
2019-10-08 20:57:00,695 [Datanode State Machine Thread - 0] INFO  server.GrpcService (GrpcService.java:startImpl(158)) - 1d532c3e-2add-4552-a7dd-51d21aca59ee: GrpcService started, listening on 0.0.0.0/0.0.0.0:37365
2019-10-08 20:57:00,696 [Datanode State Machine Thread - 0] INFO  ratis.XceiverServerRatis (XceiverServerRatis.java:start(435)) - XceiverServerRatis 1d532c3e-2add-4552-a7dd-51d21aca59ee is started using port 37365
2019-10-08 20:57:00,698 [Datanode State Machine Thread - 0] INFO  server.XceiverServerGrpc (XceiverServerGrpc.java:start(149)) - XceiverServerGrpc 1d532c3e-2add-4552-a7dd-51d21aca59ee is started using port 46638
2019-10-08 20:57:00,725 [Datanode State Machine Thread - 0] INFO  ozoneimpl.OzoneContainer (OzoneContainer.java:start(213)) - Attempting to start container services.
2019-10-08 20:57:00,725 [Datanode State Machine Thread - 0] INFO  ozoneimpl.OzoneContainer (OzoneContainer.java:startContainerScrub(177)) - Background container scanner has been disabled.
2019-10-08 20:57:00,725 [Datanode State Machine Thread - 0] INFO  ratis.XceiverServerRatis (XceiverServerRatis.java:start(425)) - Starting XceiverServerRatis afc9e438-6b36-4ab1-bd79-7c4996d73e80 at port 0
2019-10-08 20:57:00,732 [Datanode State Machine Thread - 0] INFO  impl.RaftServerProxy (RaftServerProxy.java:lambda$start$3(299)) - afc9e438-6b36-4ab1-bd79-7c4996d73e80: start RPC server
2019-10-08 20:57:00,733 [Datanode State Machine Thread - 0] INFO  server.GrpcService (GrpcService.java:startImpl(158)) - afc9e438-6b36-4ab1-bd79-7c4996d73e80: GrpcService started, listening on 0.0.0.0/0.0.0.0:37825
2019-10-08 20:57:00,733 [Datanode State Machine Thread - 0] INFO  ratis.XceiverServerRatis (XceiverServerRatis.java:start(435)) - XceiverServerRatis afc9e438-6b36-4ab1-bd79-7c4996d73e80 is started using port 37825
2019-10-08 20:57:00,733 [Datanode State Machine Thread - 0] INFO  server.XceiverServerGrpc (XceiverServerGrpc.java:start(149)) - XceiverServerGrpc afc9e438-6b36-4ab1-bd79-7c4996d73e80 is started using port 37171
2019-10-08 20:57:00,783 [Datanode State Machine Thread - 0] INFO  ozoneimpl.OzoneContainer (OzoneContainer.java:start(213)) - Attempting to start container services.
2019-10-08 20:57:00,783 [Datanode State Machine Thread - 0] INFO  ozoneimpl.OzoneContainer (OzoneContainer.java:startContainerScrub(177)) - Background container scanner has been disabled.
2019-10-08 20:57:00,783 [Datanode State Machine Thread - 0] INFO  ratis.XceiverServerRatis (XceiverServerRatis.java:start(425)) - Starting XceiverServerRatis 77669bea-7134-4f0c-9cba-616192485f28 at port 0
2019-10-08 20:57:00,792 [Datanode State Machine Thread - 0] INFO  impl.RaftServerProxy (RaftServerProxy.java:lambda$start$3(299)) - 77669bea-7134-4f0c-9cba-616192485f28: start RPC server
2019-10-08 20:57:00,793 [Datanode State Machine Thread - 0] INFO  server.GrpcService (GrpcService.java:startImpl(158)) - 77669bea-7134-4f0c-9cba-616192485f28: GrpcService started, listening on 0.0.0.0/0.0.0.0:33214
2019-10-08 20:57:00,793 [Datanode State Machine Thread - 0] INFO  ratis.XceiverServerRatis (XceiverServerRatis.java:start(435)) - XceiverServerRatis 77669bea-7134-4f0c-9cba-616192485f28 is started using port 33214
2019-10-08 20:57:00,793 [Datanode State Machine Thread - 0] INFO  server.XceiverServerGrpc (XceiverServerGrpc.java:start(149)) - XceiverServerGrpc 77669bea-7134-4f0c-9cba-616192485f28 is started using port 37880
2019-10-08 20:57:00,855 [Datanode State Machine Thread - 0] INFO  ozoneimpl.OzoneContainer (OzoneContainer.java:start(213)) - Attempting to start container services.
2019-10-08 20:57:00,856 [Datanode State Machine Thread - 0] INFO  ozoneimpl.OzoneContainer (OzoneContainer.java:startContainerScrub(177)) - Background container scanner has been disabled.
2019-10-08 20:57:00,856 [Datanode State Machine Thread - 0] INFO  ratis.XceiverServerRatis (XceiverServerRatis.java:start(425)) - Starting XceiverServerRatis e52ae031-559f-4c9e-bebc-adcf9ddddd4c at port 0
2019-10-08 20:57:00,866 [Datanode State Machine Thread - 0] INFO  impl.RaftServerProxy (RaftServerProxy.java:lambda$start$3(299)) - e52ae031-559f-4c9e-bebc-adcf9ddddd4c: start RPC server
2019-10-08 20:57:00,867 [Datanode State Machine Thread - 0] INFO  server.GrpcService (GrpcService.java:startImpl(158)) - e52ae031-559f-4c9e-bebc-adcf9ddddd4c: GrpcService started, listening on 0.0.0.0/0.0.0.0:44737
2019-10-08 20:57:00,867 [Datanode State Machine Thread - 0] INFO  ratis.XceiverServerRatis (XceiverServerRatis.java:start(435)) - XceiverServerRatis e52ae031-559f-4c9e-bebc-adcf9ddddd4c is started using port 44737
2019-10-08 20:57:00,869 [Datanode State Machine Thread - 0] INFO  server.XceiverServerGrpc (XceiverServerGrpc.java:start(149)) - XceiverServerGrpc e52ae031-559f-4c9e-bebc-adcf9ddddd4c is started using port 45605
2019-10-08 20:57:00,920 [Datanode State Machine Thread - 0] INFO  ozoneimpl.OzoneContainer (OzoneContainer.java:start(213)) - Attempting to start container services.
2019-10-08 20:57:00,920 [Datanode State Machine Thread - 0] INFO  ozoneimpl.OzoneContainer (OzoneContainer.java:startContainerScrub(177)) - Background container scanner has been disabled.
2019-10-08 20:57:00,920 [Datanode State Machine Thread - 0] INFO  ratis.XceiverServerRatis (XceiverServerRatis.java:start(425)) - Starting XceiverServerRatis 82f183d4-07ec-425f-8671-68fc3d628492 at port 0
2019-10-08 20:57:00,928 [Datanode State Machine Thread - 0] INFO  impl.RaftServerProxy (RaftServerProxy.java:lambda$start$3(299)) - 82f183d4-07ec-425f-8671-68fc3d628492: start RPC server
2019-10-08 20:57:00,931 [Datanode State Machine Thread - 0] INFO  server.GrpcService (GrpcService.java:startImpl(158)) - 82f183d4-07ec-425f-8671-68fc3d628492: GrpcService started, listening on 0.0.0.0/0.0.0.0:41289
2019-10-08 20:57:00,931 [Datanode State Machine Thread - 0] INFO  ratis.XceiverServerRatis (XceiverServerRatis.java:start(435)) - XceiverServerRatis 82f183d4-07ec-425f-8671-68fc3d628492 is started using port 41289
2019-10-08 20:57:00,931 [Datanode State Machine Thread - 0] INFO  server.XceiverServerGrpc (XceiverServerGrpc.java:start(149)) - XceiverServerGrpc 82f183d4-07ec-425f-8671-68fc3d628492 is started using port 37552
2019-10-08 20:57:00,984 [Datanode State Machine Thread - 0] INFO  ozoneimpl.OzoneContainer (OzoneContainer.java:start(213)) - Attempting to start container services.
2019-10-08 20:57:00,984 [Datanode State Machine Thread - 0] INFO  ozoneimpl.OzoneContainer (OzoneContainer.java:startContainerScrub(177)) - Background container scanner has been disabled.
2019-10-08 20:57:00,985 [Datanode State Machine Thread - 0] INFO  ratis.XceiverServerRatis (XceiverServerRatis.java:start(425)) - Starting XceiverServerRatis 105b5466-f074-4557-a150-d437ba92de7c at port 0
2019-10-08 20:57:00,992 [Datanode State Machine Thread - 0] INFO  impl.RaftServerProxy (RaftServerProxy.java:lambda$start$3(299)) - 105b5466-f074-4557-a150-d437ba92de7c: start RPC server
2019-10-08 20:57:00,993 [Datanode State Machine Thread - 0] INFO  server.GrpcService (GrpcService.java:startImpl(158)) - 105b5466-f074-4557-a150-d437ba92de7c: GrpcService started, listening on 0.0.0.0/0.0.0.0:43619
2019-10-08 20:57:00,993 [Datanode State Machine Thread - 0] INFO  ratis.XceiverServerRatis (XceiverServerRatis.java:start(435)) - XceiverServerRatis 105b5466-f074-4557-a150-d437ba92de7c is started using port 43619
2019-10-08 20:57:00,994 [Datanode State Machine Thread - 0] INFO  server.XceiverServerGrpc (XceiverServerGrpc.java:start(149)) - XceiverServerGrpc 105b5466-f074-4557-a150-d437ba92de7c is started using port 43424
2019-10-08 20:57:01,046 [main] INFO  ozone.MiniOzoneClusterImpl (MiniOzoneClusterImpl.java:lambda$waitForClusterToBeReady$2(172)) - Waiting for cluster to be ready. Got 0 of 7 DN Heartbeats.
2019-10-08 20:57:01,060 [Datanode State Machine Thread - 0] INFO  ozoneimpl.OzoneContainer (OzoneContainer.java:start(213)) - Attempting to start container services.
2019-10-08 20:57:01,060 [Datanode State Machine Thread - 0] INFO  ozoneimpl.OzoneContainer (OzoneContainer.java:startContainerScrub(177)) - Background container scanner has been disabled.
2019-10-08 20:57:01,060 [Datanode State Machine Thread - 0] INFO  ratis.XceiverServerRatis (XceiverServerRatis.java:start(425)) - Starting XceiverServerRatis 26fb5415-fc41-4e82-8ddb-8a77e6c283f9 at port 0
2019-10-08 20:57:01,067 [Datanode State Machine Thread - 0] INFO  impl.RaftServerProxy (RaftServerProxy.java:lambda$start$3(299)) - 26fb5415-fc41-4e82-8ddb-8a77e6c283f9: start RPC server
2019-10-08 20:57:01,067 [Datanode State Machine Thread - 0] INFO  server.GrpcService (GrpcService.java:startImpl(158)) - 26fb5415-fc41-4e82-8ddb-8a77e6c283f9: GrpcService started, listening on 0.0.0.0/0.0.0.0:35912
2019-10-08 20:57:01,068 [Datanode State Machine Thread - 0] INFO  ratis.XceiverServerRatis (XceiverServerRatis.java:start(435)) - XceiverServerRatis 26fb5415-fc41-4e82-8ddb-8a77e6c283f9 is started using port 35912
2019-10-08 20:57:01,068 [Datanode State Machine Thread - 0] INFO  server.XceiverServerGrpc (XceiverServerGrpc.java:start(149)) - XceiverServerGrpc 26fb5415-fc41-4e82-8ddb-8a77e6c283f9 is started using port 33503
2019-10-08 20:57:02,047 [main] INFO  ozone.MiniOzoneClusterImpl (MiniOzoneClusterImpl.java:lambda$waitForClusterToBeReady$2(172)) - Waiting for cluster to be ready. Got 0 of 7 DN Heartbeats.
2019-10-08 20:57:02,626 [IPC Server handler 1 on 39007] INFO  net.NetworkTopology (NetworkTopologyImpl.java:add(111)) - Added a new node: /default-rack/1d532c3e-2add-4552-a7dd-51d21aca59ee
2019-10-08 20:57:02,629 [IPC Server handler 1 on 39007] INFO  node.SCMNodeManager (SCMNodeManager.java:register(268)) - Registered Data node : 1d532c3e-2add-4552-a7dd-51d21aca59ee{ip: 192.168.5.143, host: pr-hdds-1868-gtwz2-575081100, networkLocation: /default-rack, certSerialId: null}
2019-10-08 20:57:02,630 [EventQueue-NodeRegistrationContainerReportForDataNodeSafeModeRule] INFO  safemode.SCMSafeModeManager (DataNodeSafeModeRule.java:process(71)) - SCM in safe mode. 1 DataNodes registered, 1 required.
2019-10-08 20:57:02,632 [EventQueue-NodeRegistrationContainerReportForDataNodeSafeModeRule] INFO  safemode.SCMSafeModeManager (SCMSafeModeManager.java:validateSafeModeExitRules(177)) - ScmSafeModeManager, all rules are successfully validated
2019-10-08 20:57:02,632 [EventQueue-NodeRegistrationContainerReportForDataNodeSafeModeRule] INFO  safemode.SCMSafeModeManager (SCMSafeModeManager.java:exitSafeMode(193)) - SCM exiting safe mode.
2019-10-08 20:57:02,645 [grpc-default-executor-5] INFO  impl.RaftServerProxy (RaftServerProxy.java:addNew(89)) - 1d532c3e-2add-4552-a7dd-51d21aca59ee: addNew group-E028A6ADF633:[1d532c3e-2add-4552-a7dd-51d21aca59ee:192.168.5.143:37365] returns group-E028A6ADF633:java.util.concurrent.CompletableFuture@62c5e1b2[Not completed]
2019-10-08 20:57:02,648 [pool-383-thread-1] INFO  impl.RaftServerImpl (RaftServerImpl.java:<init>(95)) - 1d532c3e-2add-4552-a7dd-51d21aca59ee: new RaftServerImpl for group-E028A6ADF633:[1d532c3e-2add-4552-a7dd-51d21aca59ee:192.168.5.143:37365] with ContainerStateMachine:uninitialized
2019-10-08 20:57:02,648 [pool-383-thread-1] INFO  server.RaftServerConfigKeys (ConfUtils.java:logGet(43)) - raft.server.rpc.timeout.min = 5s (custom)
2019-10-08 20:57:02,648 [pool-383-thread-1] INFO  server.RaftServerConfigKeys (ConfUtils.java:logGet(43)) - raft.server.rpc.timeout.max = 5200ms (custom)
2019-10-08 20:57:02,648 [pool-383-thread-1] INFO  server.RaftServerConfigKeys (ConfUtils.java:logGet(43)) - raft.server.rpcslowness.timeout = 120s (custom)
2019-10-08 20:57:02,649 [pool-383-thread-1] INFO  server.RaftServerConfigKeys (ConfUtils.java:logGet(43)) - raft.server.sleep.deviation.threshold = 300 (default)
2019-10-08 20:57:02,649 [pool-383-thread-1] INFO  server.RaftServerConfigKeys (ConfUtils.java:logGet(43)) - raft.server.log.appender.install.snapshot.enabled = false (custom)
2019-10-08 20:57:02,649 [pool-383-thread-1] INFO  impl.RaftServerImpl (ServerState.java:<init>(103)) - 1d532c3e-2add-4552-a7dd-51d21aca59ee@group-E028A6ADF633: ConfigurationManager, init=-1: [1d532c3e-2add-4552-a7dd-51d21aca59ee:192.168.5.143:37365], old=null, confs=<EMPTY_MAP>
2019-10-08 20:57:02,649 [pool-383-thread-1] INFO  server.RaftServerConfigKeys (ConfUtils.java:logGet(43)) - raft.server.storage.dir = [/workdir/hadoop-ozone/integration-test/target/test-dir/MiniOzoneClusterImpl-556ae367-a76f-437b-9cdb-d0d311a5222a/datanode-0/data/ratis] (custom)
2019-10-08 20:57:02,650 [pool-383-thread-1] INFO  server.RaftServerConfigKeys (ConfUtils.java:logGet(43)) - raft.server.log.corruption.policy = EXCEPTION (default)
2019-10-08 20:57:02,650 [pool-383-thread-1] INFO  storage.RaftStorageDirectory (RaftStorageDirectory.java:analyzeStorage(246)) - The storage directory /workdir/hadoop-ozone/integration-test/target/test-dir/MiniOzoneClusterImpl-556ae367-a76f-437b-9cdb-d0d311a5222a/datanode-0/data/ratis/6e80e530-a2fb-43d3-b4ae-e028a6adf633 does not exist. Creating ...
2019-10-08 20:57:02,665 [pool-383-thread-1] INFO  storage.RaftStorageDirectory (RaftStorageDirectory.java:tryLock(328)) - Lock on /workdir/hadoop-ozone/integration-test/target/test-dir/MiniOzoneClusterImpl-556ae367-a76f-437b-9cdb-d0d311a5222a/datanode-0/data/ratis/6e80e530-a2fb-43d3-b4ae-e028a6adf633/in_use.lock acquired by nodename 25063@pr-hdds-1868-gtwz2-575081100
2019-10-08 20:57:02,678 [pool-383-thread-1] INFO  storage.RaftStorage (RaftStorage.java:format(84)) - Storage directory /workdir/hadoop-ozone/integration-test/target/test-dir/MiniOzoneClusterImpl-556ae367-a76f-437b-9cdb-d0d311a5222a/datanode-0/data/ratis/6e80e530-a2fb-43d3-b4ae-e028a6adf633 has been successfully formatted.
2019-10-08 20:57:02,678 [pool-383-thread-1] INFO  ratis.ContainerStateMachine (ContainerStateMachine.java:loadSnapshot(233)) - group-E028A6ADF633: The snapshot info is null. Setting the last applied indexto:(t:0, i:~)
2019-10-08 20:57:02,678 [pool-383-thread-1] INFO  server.RaftServerConfigKeys (ConfUtils.java:logGet(43)) - raft.server.notification.no-leader.timeout = 120s (custom)
2019-10-08 20:57:02,678 [pool-383-thread-1] INFO  server.RaftServerConfigKeys (ConfUtils.java:logGet(43)) - raft.server.log.use.memory = false (default)
2019-10-08 20:57:02,679 [pool-383-thread-1] INFO  server.RaftServerConfigKeys (ConfUtils.java:logGet(43)) - raft.server.log.purge.gap = 1000000 (custom)
2019-10-08 20:57:02,679 [pool-383-thread-1] INFO  server.RaftServerConfigKeys (ConfUtils.java:logGet(43)) - raft.server.log.appender.buffer.byte-limit = 33554432 (custom)
2019-10-08 20:57:02,679 [pool-383-thread-1] INFO  server.RaftServerConfigKeys (ConfUtils.java:logGet(43)) - raft.server.log.segment.size.max = 1048576 (custom)
2019-10-08 20:57:02,682 [pool-383-thread-1] INFO  server.RaftServerConfigKeys (ConfUtils.java:logGet(43)) - raft.server.log.segment.cache.num.max = 2 (custom)
2019-10-08 20:57:02,682 [pool-383-thread-1] INFO  segmented.SegmentedRaftLogWorker (SegmentedRaftLogWorker.java:<init>(173)) - new 1d532c3e-2add-4552-a7dd-51d21aca59ee@group-E028A6ADF633-SegmentedRaftLogWorker for RaftStorage:Storage Directory /workdir/hadoop-ozone/integration-test/target/test-dir/MiniOzoneClusterImpl-556ae367-a76f-437b-9cdb-d0d311a5222a/datanode-0/data/ratis/6e80e530-a2fb-43d3-b4ae-e028a6adf633
2019-10-08 20:57:02,682 [pool-383-thread-1] INFO  server.RaftServerConfigKeys (ConfUtils.java:logGet(43)) - raft.server.log.queue.byte-limit = 2147483647 (custom)
2019-10-08 20:57:02,682 [pool-383-thread-1] INFO  server.RaftServerConfigKeys (ConfUtils.java:logGet(43)) - raft.server.log.queue.element-limit = 1024 (custom)
2019-10-08 20:57:02,682 [pool-383-thread-1] INFO  server.RaftServerConfigKeys (ConfUtils.java:logGet(43)) - raft.server.log.segment.size.max = 1048576 (custom)
2019-10-08 20:57:02,683 [pool-383-thread-1] INFO  server.RaftServerConfigKeys (ConfUtils.java:logGet(43)) - raft.server.log.preallocated.size = 16384 (custom)
2019-10-08 20:57:02,683 [pool-383-thread-1] INFO  server.RaftServerConfigKeys (ConfUtils.java:logGet(43)) - raft.server.log.write.buffer.size = 33554432 (custom)
2019-10-08 20:57:02,683 [pool-383-thread-1] INFO  server.RaftServerConfigKeys (ConfUtils.java:logGet(43)) - raft.server.log.force.sync.num = 128 (default)
2019-10-08 20:57:02,683 [pool-383-thread-1] INFO  server.RaftServerConfigKeys (ConfUtils.java:logGet(43)) - raft.server.log.statemachine.data.sync = true (default)
2019-10-08 20:57:02,683 [pool-383-thread-1] INFO  server.RaftServerConfigKeys (ConfUtils.java:logGet(43)) - raft.server.log.statemachine.data.sync.timeout = 10s (default)
2019-10-08 20:57:02,683 [pool-383-thread-1] INFO  server.RaftServerConfigKeys (ConfUtils.java:logGet(43)) - raft.server.log.statemachine.data.sync.timeout.retry = -1 (default)
2019-10-08 20:57:02,684 [pool-383-thread-1] INFO  server.RaftServerConfigKeys (ConfUtils.java:logGet(43)) - raft.server.log.statemachine.data.caching.enabled = true (custom)
2019-10-08 20:57:02,684 [pool-383-thread-1] INFO  segmented.SegmentedRaftLogWorker (SegmentedRaftLogWorker.java:lambda$new$0(128)) - 1d532c3e-2add-4552-a7dd-51d21aca59ee@group-E028A6ADF633-SegmentedRaftLogWorker: flushIndex: setUnconditionally 0 -> -1
2019-10-08 20:57:02,684 [pool-383-thread-1] INFO  server.RaftServerConfigKeys (ConfUtils.java:logGet(43)) - raft.server.snapshot.auto.trigger.enabled = true (custom)
2019-10-08 20:57:02,685 [pool-383-thread-1] INFO  server.RaftServerConfigKeys (ConfUtils.java:logGet(43)) - raft.server.snapshot.auto.trigger.threshold = 10000 (custom)
2019-10-08 20:57:02,685 [pool-383-thread-1] INFO  server.RaftServerConfigKeys (ConfUtils.java:logGet(43)) - raft.server.snapshot.retention.file.num = 5 (custom)
2019-10-08 20:57:02,685 [pool-383-thread-1] INFO  server.RaftServerConfigKeys (ConfUtils.java:logGet(43)) - raft.server.retrycache.expirytime = 600000ms (custom)
2019-10-08 20:57:02,687 [pool-383-thread-1] INFO  impl.RaftServerImpl (RaftServerImpl.java:start(181)) - 1d532c3e-2add-4552-a7dd-51d21aca59ee@group-E028A6ADF633: start as a follower, conf=-1: [1d532c3e-2add-4552-a7dd-51d21aca59ee:192.168.5.143:37365], old=null
2019-10-08 20:57:02,687 [pool-383-thread-1] INFO  impl.RaftServerImpl (RaftServerImpl.java:setRole(170)) - 1d532c3e-2add-4552-a7dd-51d21aca59ee@group-E028A6ADF633: changes role from      null to FOLLOWER at term 0 for startAsFollower
2019-10-08 20:57:02,687 [pool-383-thread-1] INFO  impl.RoleInfo (RoleInfo.java:updateAndGet(143)) - 1d532c3e-2add-4552-a7dd-51d21aca59ee: start FollowerState
2019-10-08 20:57:02,687 [pool-383-thread-1] INFO  util.JmxRegister (JmxRegister.java:tryRegister(44)) - Successfully registered JMX Bean with object name Ratis:service=RaftServer,group=group-E028A6ADF633,id=1d532c3e-2add-4552-a7dd-51d21aca59ee
2019-10-08 20:57:02,691 [IPC Server handler 0 on 39007] INFO  net.NetworkTopology (NetworkTopologyImpl.java:add(111)) - Added a new node: /default-rack/afc9e438-6b36-4ab1-bd79-7c4996d73e80
2019-10-08 20:57:02,691 [IPC Server handler 0 on 39007] INFO  node.SCMNodeManager (SCMNodeManager.java:register(268)) - Registered Data node : afc9e438-6b36-4ab1-bd79-7c4996d73e80{ip: 192.168.5.143, host: pr-hdds-1868-gtwz2-575081100, networkLocation: /default-rack, certSerialId: null}
2019-10-08 20:57:02,692 [RatisPipelineUtilsThread] INFO  pipeline.PipelineStateManager (PipelineStateManager.java:addPipeline(57)) - Created pipeline Pipeline[ Id: 6e80e530-a2fb-43d3-b4ae-e028a6adf633, Nodes: 1d532c3e-2add-4552-a7dd-51d21aca59ee{ip: 192.168.5.143, host: pr-hdds-1868-gtwz2-575081100, networkLocation: /default-rack, certSerialId: null}, Type:RATIS, Factor:ONE, State:ALLOCATED]
2019-10-08 20:57:02,699 [grpc-default-executor-5] INFO  impl.RaftServerProxy (RaftServerProxy.java:addNew(89)) - afc9e438-6b36-4ab1-bd79-7c4996d73e80: addNew group-652C352C9302:[afc9e438-6b36-4ab1-bd79-7c4996d73e80:192.168.5.143:37825] returns group-652C352C9302:java.util.concurrent.CompletableFuture@90e9353[Not completed]
2019-10-08 20:57:02,700 [pool-393-thread-1] INFO  impl.RaftServerImpl (RaftServerImpl.java:<init>(95)) - afc9e438-6b36-4ab1-bd79-7c4996d73e80: new RaftServerImpl for group-652C352C9302:[afc9e438-6b36-4ab1-bd79-7c4996d73e80:192.168.5.143:37825] with ContainerStateMachine:uninitialized
2019-10-08 20:57:02,700 [pool-393-thread-1] INFO  server.RaftServerConfigKeys (ConfUtils.java:logGet(43)) - raft.server.rpc.timeout.min = 5s (custom)
2019-10-08 20:57:02,700 [pool-393-thread-1] INFO  server.RaftServerConfigKeys (ConfUtils.java:logGet(43)) - raft.server.rpc.timeout.max = 5200ms (custom)
2019-10-08 20:57:02,700 [pool-393-thread-1] INFO  server.RaftServerConfigKeys (ConfUtils.java:logGet(43)) - raft.server.rpcslowness.timeout = 120s (custom)
2019-10-08 20:57:02,701 [pool-393-thread-1] INFO  server.RaftServerConfigKeys (ConfUtils.java:logGet(43)) - raft.server.sleep.deviation.threshold = 300 (default)
2019-10-08 20:57:02,701 [pool-393-thread-1] INFO  server.RaftServerConfigKeys (ConfUtils.java:logGet(43)) - raft.server.log.appender.install.snapshot.enabled = false (custom)
2019-10-08 20:57:02,701 [pool-393-thread-1] INFO  impl.RaftServerImpl (ServerState.java:<init>(103)) - afc9e438-6b36-4ab1-bd79-7c4996d73e80@group-652C352C9302: ConfigurationManager, init=-1: [afc9e438-6b36-4ab1-bd79-7c4996d73e80:192.168.5.143:37825], old=null, confs=<EMPTY_MAP>
2019-10-08 20:57:02,701 [pool-393-thread-1] INFO  server.RaftServerConfigKeys (ConfUtils.java:logGet(43)) - raft.server.storage.dir = [/workdir/hadoop-ozone/integration-test/target/test-dir/MiniOzoneClusterImpl-556ae367-a76f-437b-9cdb-d0d311a5222a/datanode-1/data/ratis] (custom)
2019-10-08 20:57:02,701 [pool-393-thread-1] INFO  server.RaftServerConfigKeys (ConfUtils.java:logGet(43)) - raft.server.log.corruption.policy = EXCEPTION (default)
2019-10-08 20:57:02,701 [pool-393-thread-1] INFO  storage.RaftStorageDirectory (RaftStorageDirectory.java:analyzeStorage(246)) - The storage directory /workdir/hadoop-ozone/integration-test/target/test-dir/MiniOzoneClusterImpl-556ae367-a76f-437b-9cdb-d0d311a5222a/datanode-1/data/ratis/e3d84300-5ec1-4e34-8730-652c352c9302 does not exist. Creating ...
2019-10-08 20:57:02,713 [pool-393-thread-1] INFO  storage.RaftStorageDirectory (RaftStorageDirectory.java:tryLock(328)) - Lock on /workdir/hadoop-ozone/integration-test/target/test-dir/MiniOzoneClusterImpl-556ae367-a76f-437b-9cdb-d0d311a5222a/datanode-1/data/ratis/e3d84300-5ec1-4e34-8730-652c352c9302/in_use.lock acquired by nodename 25063@pr-hdds-1868-gtwz2-575081100
2019-10-08 20:57:02,726 [pool-393-thread-1] INFO  storage.RaftStorage (RaftStorage.java:format(84)) - Storage directory /workdir/hadoop-ozone/integration-test/target/test-dir/MiniOzoneClusterImpl-556ae367-a76f-437b-9cdb-d0d311a5222a/datanode-1/data/ratis/e3d84300-5ec1-4e34-8730-652c352c9302 has been successfully formatted.
2019-10-08 20:57:02,726 [pool-393-thread-1] INFO  ratis.ContainerStateMachine (ContainerStateMachine.java:loadSnapshot(233)) - group-652C352C9302: The snapshot info is null. Setting the last applied indexto:(t:0, i:~)
2019-10-08 20:57:02,726 [pool-393-thread-1] INFO  server.RaftServerConfigKeys (ConfUtils.java:logGet(43)) - raft.server.notification.no-leader.timeout = 120s (custom)
2019-10-08 20:57:02,727 [pool-393-thread-1] INFO  server.RaftServerConfigKeys (ConfUtils.java:logGet(43)) - raft.server.log.use.memory = false (default)
2019-10-08 20:57:02,727 [pool-393-thread-1] INFO  server.RaftServerConfigKeys (ConfUtils.java:logGet(43)) - raft.server.log.purge.gap = 1000000 (custom)
2019-10-08 20:57:02,727 [pool-393-thread-1] INFO  server.RaftServerConfigKeys (ConfUtils.java:logGet(43)) - raft.server.log.appender.buffer.byte-limit = 33554432 (custom)
2019-10-08 20:57:02,727 [pool-393-thread-1] INFO  server.RaftServerConfigKeys (ConfUtils.java:logGet(43)) - raft.server.log.segment.size.max = 1048576 (custom)
2019-10-08 20:57:02,728 [pool-393-thread-1] INFO  server.RaftServerConfigKeys (ConfUtils.java:logGet(43)) - raft.server.log.segment.cache.num.max = 2 (custom)
2019-10-08 20:57:02,728 [pool-393-thread-1] INFO  segmented.SegmentedRaftLogWorker (SegmentedRaftLogWorker.java:<init>(173)) - new afc9e438-6b36-4ab1-bd79-7c4996d73e80@group-652C352C9302-SegmentedRaftLogWorker for RaftStorage:Storage Directory /workdir/hadoop-ozone/integration-test/target/test-dir/MiniOzoneClusterImpl-556ae367-a76f-437b-9cdb-d0d311a5222a/datanode-1/data/ratis/e3d84300-5ec1-4e34-8730-652c352c9302
2019-10-08 20:57:02,728 [pool-393-thread-1] INFO  server.RaftServerConfigKeys (ConfUtils.java:logGet(43)) - raft.server.log.queue.byte-limit = 2147483647 (custom)
2019-10-08 20:57:02,729 [pool-393-thread-1] INFO  server.RaftServerConfigKeys (ConfUtils.java:logGet(43)) - raft.server.log.queue.element-limit = 1024 (custom)
2019-10-08 20:57:02,729 [pool-393-thread-1] INFO  server.RaftServerConfigKeys (ConfUtils.java:logGet(43)) - raft.server.log.segment.size.max = 1048576 (custom)
2019-10-08 20:57:02,729 [pool-393-thread-1] INFO  server.RaftServerConfigKeys (ConfUtils.java:logGet(43)) - raft.server.log.preallocated.size = 16384 (custom)
2019-10-08 20:57:02,729 [pool-393-thread-1] INFO  server.RaftServerConfigKeys (ConfUtils.java:logGet(43)) - raft.server.log.write.buffer.size = 33554432 (custom)
2019-10-08 20:57:02,729 [pool-393-thread-1] INFO  server.RaftServerConfigKeys (ConfUtils.java:logGet(43)) - raft.server.log.force.sync.num = 128 (default)
2019-10-08 20:57:02,729 [pool-393-thread-1] INFO  server.RaftServerConfigKeys (ConfUtils.java:logGet(43)) - raft.server.log.statemachine.data.sync = true (default)
2019-10-08 20:57:02,729 [pool-393-thread-1] INFO  server.RaftServerConfigKeys (ConfUtils.java:logGet(43)) - raft.server.log.statemachine.data.sync.timeout = 10s (default)
2019-10-08 20:57:02,729 [pool-393-thread-1] INFO  server.RaftServerConfigKeys (ConfUtils.java:logGet(43)) - raft.server.log.statemachine.data.sync.timeout.retry = -1 (default)
2019-10-08 20:57:02,729 [pool-393-thread-1] INFO  server.RaftServerConfigKeys (ConfUtils.java:logGet(43)) - raft.server.log.statemachine.data.caching.enabled = true (custom)
2019-10-08 20:57:02,730 [pool-393-thread-1] INFO  segmented.SegmentedRaftLogWorker (SegmentedRaftLogWorker.java:lambda$new$0(128)) - afc9e438-6b36-4ab1-bd79-7c4996d73e80@group-652C352C9302-SegmentedRaftLogWorker: flushIndex: setUnconditionally 0 -> -1
2019-10-08 20:57:02,730 [pool-393-thread-1] INFO  server.RaftServerConfigKeys (ConfUtils.java:logGet(43)) - raft.server.snapshot.auto.trigger.enabled = true (custom)
2019-10-08 20:57:02,730 [pool-393-thread-1] INFO  server.RaftServerConfigKeys (ConfUtils.java:logGet(43)) - raft.server.snapshot.auto.trigger.threshold = 10000 (custom)
2019-10-08 20:57:02,730 [pool-393-thread-1] INFO  server.RaftServerConfigKeys (ConfUtils.java:logGet(43)) - raft.server.snapshot.retention.file.num = 5 (custom)
2019-10-08 20:57:02,730 [pool-393-thread-1] INFO  server.RaftServerConfigKeys (ConfUtils.java:logGet(43)) - raft.server.retrycache.expirytime = 600000ms (custom)
2019-10-08 20:57:02,732 [pool-393-thread-1] INFO  impl.RaftServerImpl (RaftServerImpl.java:start(181)) - afc9e438-6b36-4ab1-bd79-7c4996d73e80@group-652C352C9302: start as a follower, conf=-1: [afc9e438-6b36-4ab1-bd79-7c4996d73e80:192.168.5.143:37825], old=null
2019-10-08 20:57:02,732 [pool-393-thread-1] INFO  impl.RaftServerImpl (RaftServerImpl.java:setRole(170)) - afc9e438-6b36-4ab1-bd79-7c4996d73e80@group-652C352C9302: changes role from      null to FOLLOWER at term 0 for startAsFollower
2019-10-08 20:57:02,732 [pool-393-thread-1] INFO  impl.RoleInfo (RoleInfo.java:updateAndGet(143)) - afc9e438-6b36-4ab1-bd79-7c4996d73e80: start FollowerState
2019-10-08 20:57:02,732 [pool-393-thread-1] INFO  util.JmxRegister (JmxRegister.java:tryRegister(44)) - Successfully registered JMX Bean with object name Ratis:service=RaftServer,group=group-652C352C9302,id=afc9e438-6b36-4ab1-bd79-7c4996d73e80
2019-10-08 20:57:02,735 [RatisPipelineUtilsThread] INFO  pipeline.PipelineStateManager (PipelineStateManager.java:addPipeline(57)) - Created pipeline Pipeline[ Id: e3d84300-5ec1-4e34-8730-652c352c9302, Nodes: afc9e438-6b36-4ab1-bd79-7c4996d73e80{ip: 192.168.5.143, host: pr-hdds-1868-gtwz2-575081100, networkLocation: /default-rack, certSerialId: null}, Type:RATIS, Factor:ONE, State:ALLOCATED]
2019-10-08 20:57:02,769 [IPC Server handler 3 on 39007] INFO  net.NetworkTopology (NetworkTopologyImpl.java:add(111)) - Added a new node: /default-rack/77669bea-7134-4f0c-9cba-616192485f28
2019-10-08 20:57:02,769 [IPC Server handler 3 on 39007] INFO  node.SCMNodeManager (SCMNodeManager.java:register(268)) - Registered Data node : 77669bea-7134-4f0c-9cba-616192485f28{ip: 192.168.5.143, host: pr-hdds-1868-gtwz2-575081100, networkLocation: /default-rack, certSerialId: null}
2019-10-08 20:57:02,776 [grpc-default-executor-5] INFO  impl.RaftServerProxy (RaftServerProxy.java:addNew(89)) - 77669bea-7134-4f0c-9cba-616192485f28: addNew group-94FC617F4CBC:[77669bea-7134-4f0c-9cba-616192485f28:192.168.5.143:33214] returns group-94FC617F4CBC:java.util.concurrent.CompletableFuture@6b84a80f[Not completed]
2019-10-08 20:57:02,778 [pool-403-thread-1] INFO  impl.RaftServerImpl (RaftServerImpl.java:<init>(95)) - 77669bea-7134-4f0c-9cba-616192485f28: new RaftServerImpl for group-94FC617F4CBC:[77669bea-7134-4f0c-9cba-616192485f28:192.168.5.143:33214] with ContainerStateMachine:uninitialized
2019-10-08 20:57:02,778 [pool-403-thread-1] INFO  server.RaftServerConfigKeys (ConfUtils.java:logGet(43)) - raft.server.rpc.timeout.min = 5s (custom)
2019-10-08 20:57:02,778 [pool-403-thread-1] INFO  server.RaftServerConfigKeys (ConfUtils.java:logGet(43)) - raft.server.rpc.timeout.max = 5200ms (custom)
2019-10-08 20:57:02,778 [pool-403-thread-1] INFO  server.RaftServerConfigKeys (ConfUtils.java:logGet(43)) - raft.server.rpcslowness.timeout = 120s (custom)
2019-10-08 20:57:02,778 [pool-403-thread-1] INFO  server.RaftServerConfigKeys (ConfUtils.java:logGet(43)) - raft.server.sleep.deviation.threshold = 300 (default)
2019-10-08 20:57:02,779 [pool-403-thread-1] INFO  server.RaftServerConfigKeys (ConfUtils.java:logGet(43)) - raft.server.log.appender.install.snapshot.enabled = false (custom)
2019-10-08 20:57:02,779 [pool-403-thread-1] INFO  impl.RaftServerImpl (ServerState.java:<init>(103)) - 77669bea-7134-4f0c-9cba-616192485f28@group-94FC617F4CBC: ConfigurationManager, init=-1: [77669bea-7134-4f0c-9cba-616192485f28:192.168.5.143:33214], old=null, confs=<EMPTY_MAP>
2019-10-08 20:57:02,779 [pool-403-thread-1] INFO  server.RaftServerConfigKeys (ConfUtils.java:logGet(43)) - raft.server.storage.dir = [/workdir/hadoop-ozone/integration-test/target/test-dir/MiniOzoneClusterImpl-556ae367-a76f-437b-9cdb-d0d311a5222a/datanode-2/data/ratis] (custom)
2019-10-08 20:57:02,779 [pool-403-thread-1] INFO  server.RaftServerConfigKeys (ConfUtils.java:logGet(43)) - raft.server.log.corruption.policy = EXCEPTION (default)
2019-10-08 20:57:02,780 [pool-403-thread-1] INFO  storage.RaftStorageDirectory (RaftStorageDirectory.java:analyzeStorage(246)) - The storage directory /workdir/hadoop-ozone/integration-test/target/test-dir/MiniOzoneClusterImpl-556ae367-a76f-437b-9cdb-d0d311a5222a/datanode-2/data/ratis/a1ec0583-cae9-4fa8-954d-94fc617f4cbc does not exist. Creating ...
2019-10-08 20:57:02,792 [pool-403-thread-1] INFO  storage.RaftStorageDirectory (RaftStorageDirectory.java:tryLock(328)) - Lock on /workdir/hadoop-ozone/integration-test/target/test-dir/MiniOzoneClusterImpl-556ae367-a76f-437b-9cdb-d0d311a5222a/datanode-2/data/ratis/a1ec0583-cae9-4fa8-954d-94fc617f4cbc/in_use.lock acquired by nodename 25063@pr-hdds-1868-gtwz2-575081100
2019-10-08 20:57:02,806 [pool-403-thread-1] INFO  storage.RaftStorage (RaftStorage.java:format(84)) - Storage directory /workdir/hadoop-ozone/integration-test/target/test-dir/MiniOzoneClusterImpl-556ae367-a76f-437b-9cdb-d0d311a5222a/datanode-2/data/ratis/a1ec0583-cae9-4fa8-954d-94fc617f4cbc has been successfully formatted.
2019-10-08 20:57:02,806 [pool-403-thread-1] INFO  ratis.ContainerStateMachine (ContainerStateMachine.java:loadSnapshot(233)) - group-94FC617F4CBC: The snapshot info is null. Setting the last applied indexto:(t:0, i:~)
2019-10-08 20:57:02,806 [pool-403-thread-1] INFO  server.RaftServerConfigKeys (ConfUtils.java:logGet(43)) - raft.server.notification.no-leader.timeout = 120s (custom)
2019-10-08 20:57:02,806 [pool-403-thread-1] INFO  server.RaftServerConfigKeys (ConfUtils.java:logGet(43)) - raft.server.log.use.memory = false (default)
2019-10-08 20:57:02,806 [pool-403-thread-1] INFO  server.RaftServerConfigKeys (ConfUtils.java:logGet(43)) - raft.server.log.purge.gap = 1000000 (custom)
2019-10-08 20:57:02,807 [pool-403-thread-1] INFO  server.RaftServerConfigKeys (ConfUtils.java:logGet(43)) - raft.server.log.appender.buffer.byte-limit = 33554432 (custom)
2019-10-08 20:57:02,807 [pool-403-thread-1] INFO  server.RaftServerConfigKeys (ConfUtils.java:logGet(43)) - raft.server.log.segment.size.max = 1048576 (custom)
2019-10-08 20:57:02,809 [pool-403-thread-1] INFO  server.RaftServerConfigKeys (ConfUtils.java:logGet(43)) - raft.server.log.segment.cache.num.max = 2 (custom)
2019-10-08 20:57:02,809 [pool-403-thread-1] INFO  segmented.SegmentedRaftLogWorker (SegmentedRaftLogWorker.java:<init>(173)) - new 77669bea-7134-4f0c-9cba-616192485f28@group-94FC617F4CBC-SegmentedRaftLogWorker for RaftStorage:Storage Directory /workdir/hadoop-ozone/integration-test/target/test-dir/MiniOzoneClusterImpl-556ae367-a76f-437b-9cdb-d0d311a5222a/datanode-2/data/ratis/a1ec0583-cae9-4fa8-954d-94fc617f4cbc
2019-10-08 20:57:02,809 [pool-403-thread-1] INFO  server.RaftServerConfigKeys (ConfUtils.java:logGet(43)) - raft.server.log.queue.byte-limit = 2147483647 (custom)
2019-10-08 20:57:02,810 [pool-403-thread-1] INFO  server.RaftServerConfigKeys (ConfUtils.java:logGet(43)) - raft.server.log.queue.element-limit = 1024 (custom)
2019-10-08 20:57:02,810 [pool-403-thread-1] INFO  server.RaftServerConfigKeys (ConfUtils.java:logGet(43)) - raft.server.log.segment.size.max = 1048576 (custom)
2019-10-08 20:57:02,810 [pool-403-thread-1] INFO  server.RaftServerConfigKeys (ConfUtils.java:logGet(43)) - raft.server.log.preallocated.size = 16384 (custom)
2019-10-08 20:57:02,810 [pool-403-thread-1] INFO  server.RaftServerConfigKeys (ConfUtils.java:logGet(43)) - raft.server.log.write.buffer.size = 33554432 (custom)
2019-10-08 20:57:02,810 [pool-403-thread-1] INFO  server.RaftServerConfigKeys (ConfUtils.java:logGet(43)) - raft.server.log.force.sync.num = 128 (default)
2019-10-08 20:57:02,811 [pool-403-thread-1] INFO  server.RaftServerConfigKeys (ConfUtils.java:logGet(43)) - raft.server.log.statemachine.data.sync = true (default)
2019-10-08 20:57:02,811 [pool-403-thread-1] INFO  server.RaftServerConfigKeys (ConfUtils.java:logGet(43)) - raft.server.log.statemachine.data.sync.timeout = 10s (default)
2019-10-08 20:57:02,811 [pool-403-thread-1] INFO  server.RaftServerConfigKeys (ConfUtils.java:logGet(43)) - raft.server.log.statemachine.data.sync.timeout.retry = -1 (default)
2019-10-08 20:57:02,811 [pool-403-thread-1] INFO  server.RaftServerConfigKeys (ConfUtils.java:logGet(43)) - raft.server.log.statemachine.data.caching.enabled = true (custom)
2019-10-08 20:57:02,812 [pool-403-thread-1] INFO  segmented.SegmentedRaftLogWorker (SegmentedRaftLogWorker.java:lambda$new$0(128)) - 77669bea-7134-4f0c-9cba-616192485f28@group-94FC617F4CBC-SegmentedRaftLogWorker: flushIndex: setUnconditionally 0 -> -1
2019-10-08 20:57:02,812 [pool-403-thread-1] INFO  server.RaftServerConfigKeys (ConfUtils.java:logGet(43)) - raft.server.snapshot.auto.trigger.enabled = true (custom)
2019-10-08 20:57:02,812 [pool-403-thread-1] INFO  server.RaftServerConfigKeys (ConfUtils.java:logGet(43)) - raft.server.snapshot.auto.trigger.threshold = 10000 (custom)
2019-10-08 20:57:02,812 [pool-403-thread-1] INFO  server.RaftServerConfigKeys (ConfUtils.java:logGet(43)) - raft.server.snapshot.retention.file.num = 5 (custom)
2019-10-08 20:57:02,813 [pool-403-thread-1] INFO  server.RaftServerConfigKeys (ConfUtils.java:logGet(43)) - raft.server.retrycache.expirytime = 600000ms (custom)
2019-10-08 20:57:02,815 [pool-403-thread-1] INFO  impl.RaftServerImpl (RaftServerImpl.java:start(181)) - 77669bea-7134-4f0c-9cba-616192485f28@group-94FC617F4CBC: start as a follower, conf=-1: [77669bea-7134-4f0c-9cba-616192485f28:192.168.5.143:33214], old=null
2019-10-08 20:57:02,815 [pool-403-thread-1] INFO  impl.RaftServerImpl (RaftServerImpl.java:setRole(170)) - 77669bea-7134-4f0c-9cba-616192485f28@group-94FC617F4CBC: changes role from      null to FOLLOWER at term 0 for startAsFollower
2019-10-08 20:57:02,815 [pool-403-thread-1] INFO  impl.RoleInfo (RoleInfo.java:updateAndGet(143)) - 77669bea-7134-4f0c-9cba-616192485f28: start FollowerState
2019-10-08 20:57:02,815 [pool-403-thread-1] INFO  util.JmxRegister (JmxRegister.java:tryRegister(44)) - Successfully registered JMX Bean with object name Ratis:service=RaftServer,group=group-94FC617F4CBC,id=77669bea-7134-4f0c-9cba-616192485f28
2019-10-08 20:57:02,820 [RatisPipelineUtilsThread] INFO  pipeline.PipelineStateManager (PipelineStateManager.java:addPipeline(57)) - Created pipeline Pipeline[ Id: a1ec0583-cae9-4fa8-954d-94fc617f4cbc, Nodes: 77669bea-7134-4f0c-9cba-616192485f28{ip: 192.168.5.143, host: pr-hdds-1868-gtwz2-575081100, networkLocation: /default-rack, certSerialId: null}, Type:RATIS, Factor:ONE, State:ALLOCATED]
2019-10-08 20:57:02,828 [grpc-default-executor-6] INFO  impl.RaftServerProxy (RaftServerProxy.java:addNew(89)) - 1d532c3e-2add-4552-a7dd-51d21aca59ee: addNew group-D27FB27B8834:[77669bea-7134-4f0c-9cba-616192485f28:192.168.5.143:33214, afc9e438-6b36-4ab1-bd79-7c4996d73e80:192.168.5.143:37825, 1d532c3e-2add-4552-a7dd-51d21aca59ee:192.168.5.143:37365] returns group-D27FB27B8834:java.util.concurrent.CompletableFuture@75ea9bda[Not completed]
2019-10-08 20:57:02,828 [grpc-default-executor-5] INFO  impl.RaftServerProxy (RaftServerProxy.java:addNew(89)) - afc9e438-6b36-4ab1-bd79-7c4996d73e80: addNew group-D27FB27B8834:[77669bea-7134-4f0c-9cba-616192485f28:192.168.5.143:33214, afc9e438-6b36-4ab1-bd79-7c4996d73e80:192.168.5.143:37825, 1d532c3e-2add-4552-a7dd-51d21aca59ee:192.168.5.143:37365] returns group-D27FB27B8834:java.util.concurrent.CompletableFuture@ba6cdf8[Not completed]
2019-10-08 20:57:02,828 [grpc-default-executor-5] INFO  impl.RaftServerProxy (RaftServerProxy.java:addNew(89)) - 77669bea-7134-4f0c-9cba-616192485f28: addNew group-D27FB27B8834:[77669bea-7134-4f0c-9cba-616192485f28:192.168.5.143:33214, afc9e438-6b36-4ab1-bd79-7c4996d73e80:192.168.5.143:37825, 1d532c3e-2add-4552-a7dd-51d21aca59ee:192.168.5.143:37365] returns group-D27FB27B8834:java.util.concurrent.CompletableFuture@240ffec3[Not completed]
2019-10-08 20:57:02,829 [pool-383-thread-1] INFO  impl.RaftServerImpl (RaftServerImpl.java:<init>(95)) - 1d532c3e-2add-4552-a7dd-51d21aca59ee: new RaftServerImpl for group-D27FB27B8834:[77669bea-7134-4f0c-9cba-616192485f28:192.168.5.143:33214, afc9e438-6b36-4ab1-bd79-7c4996d73e80:192.168.5.143:37825, 1d532c3e-2add-4552-a7dd-51d21aca59ee:192.168.5.143:37365] with ContainerStateMachine:uninitialized
2019-10-08 20:57:02,829 [pool-383-thread-1] INFO  server.RaftServerConfigKeys (ConfUtils.java:logGet(43)) - raft.server.rpc.timeout.min = 5s (custom)
2019-10-08 20:57:02,829 [pool-383-thread-1] INFO  server.RaftServerConfigKeys (ConfUtils.java:logGet(43)) - raft.server.rpc.timeout.max = 5200ms (custom)
2019-10-08 20:57:02,829 [pool-383-thread-1] INFO  server.RaftServerConfigKeys (ConfUtils.java:logGet(43)) - raft.server.rpcslowness.timeout = 120s (custom)
2019-10-08 20:57:02,829 [pool-393-thread-1] INFO  impl.RaftServerImpl (RaftServerImpl.java:<init>(95)) - afc9e438-6b36-4ab1-bd79-7c4996d73e80: new RaftServerImpl for group-D27FB27B8834:[77669bea-7134-4f0c-9cba-616192485f28:192.168.5.143:33214, afc9e438-6b36-4ab1-bd79-7c4996d73e80:192.168.5.143:37825, 1d532c3e-2add-4552-a7dd-51d21aca59ee:192.168.5.143:37365] with ContainerStateMachine:uninitialized
2019-10-08 20:57:02,829 [pool-383-thread-1] INFO  server.RaftServerConfigKeys (ConfUtils.java:logGet(43)) - raft.server.sleep.deviation.threshold = 300 (default)
2019-10-08 20:57:02,829 [pool-393-thread-1] INFO  server.RaftServerConfigKeys (ConfUtils.java:logGet(43)) - raft.server.rpc.timeout.min = 5s (custom)
2019-10-08 20:57:02,829 [pool-383-thread-1] INFO  server.RaftServerConfigKeys (ConfUtils.java:logGet(43)) - raft.server.log.appender.install.snapshot.enabled = false (custom)
2019-10-08 20:57:02,830 [pool-393-thread-1] INFO  server.RaftServerConfigKeys (ConfUtils.java:logGet(43)) - raft.server.rpc.timeout.max = 5200ms (custom)
2019-10-08 20:57:02,830 [pool-383-thread-1] INFO  impl.RaftServerImpl (ServerState.java:<init>(103)) - 1d532c3e-2add-4552-a7dd-51d21aca59ee@group-D27FB27B8834: ConfigurationManager, init=-1: [77669bea-7134-4f0c-9cba-616192485f28:192.168.5.143:33214, afc9e438-6b36-4ab1-bd79-7c4996d73e80:192.168.5.143:37825, 1d532c3e-2add-4552-a7dd-51d21aca59ee:192.168.5.143:37365], old=null, confs=<EMPTY_MAP>
2019-10-08 20:57:02,830 [pool-393-thread-1] INFO  server.RaftServerConfigKeys (ConfUtils.java:logGet(43)) - raft.server.rpcslowness.timeout = 120s (custom)
2019-10-08 20:57:02,830 [pool-403-thread-1] INFO  impl.RaftServerImpl (RaftServerImpl.java:<init>(95)) - 77669bea-7134-4f0c-9cba-616192485f28: new RaftServerImpl for group-D27FB27B8834:[77669bea-7134-4f0c-9cba-616192485f28:192.168.5.143:33214, afc9e438-6b36-4ab1-bd79-7c4996d73e80:192.168.5.143:37825, 1d532c3e-2add-4552-a7dd-51d21aca59ee:192.168.5.143:37365] with ContainerStateMachine:uninitialized
2019-10-08 20:57:02,830 [pool-383-thread-1] INFO  server.RaftServerConfigKeys (ConfUtils.java:logGet(43)) - raft.server.storage.dir = [/workdir/hadoop-ozone/integration-test/target/test-dir/MiniOzoneClusterImpl-556ae367-a76f-437b-9cdb-d0d311a5222a/datanode-0/data/ratis] (custom)
2019-10-08 20:57:02,830 [pool-393-thread-1] INFO  server.RaftServerConfigKeys (ConfUtils.java:logGet(43)) - raft.server.sleep.deviation.threshold = 300 (default)
2019-10-08 20:57:02,830 [pool-403-thread-1] INFO  server.RaftServerConfigKeys (ConfUtils.java:logGet(43)) - raft.server.rpc.timeout.min = 5s (custom)
2019-10-08 20:57:02,830 [pool-383-thread-1] INFO  server.RaftServerConfigKeys (ConfUtils.java:logGet(43)) - raft.server.log.corruption.policy = EXCEPTION (default)
2019-10-08 20:57:02,830 [pool-393-thread-1] INFO  server.RaftServerConfigKeys (ConfUtils.java:logGet(43)) - raft.server.log.appender.install.snapshot.enabled = false (custom)
2019-10-08 20:57:02,830 [pool-403-thread-1] INFO  server.RaftServerConfigKeys (ConfUtils.java:logGet(43)) - raft.server.rpc.timeout.max = 5200ms (custom)
2019-10-08 20:57:02,831 [pool-383-thread-1] INFO  storage.RaftStorageDirectory (RaftStorageDirectory.java:analyzeStorage(246)) - The storage directory /workdir/hadoop-ozone/integration-test/target/test-dir/MiniOzoneClusterImpl-556ae367-a76f-437b-9cdb-d0d311a5222a/datanode-0/data/ratis/3b9b7f3a-6c15-4b83-88f7-d27fb27b8834 does not exist. Creating ...
2019-10-08 20:57:02,831 [pool-393-thread-1] INFO  impl.RaftServerImpl (ServerState.java:<init>(103)) - afc9e438-6b36-4ab1-bd79-7c4996d73e80@group-D27FB27B8834: ConfigurationManager, init=-1: [77669bea-7134-4f0c-9cba-616192485f28:192.168.5.143:33214, afc9e438-6b36-4ab1-bd79-7c4996d73e80:192.168.5.143:37825, 1d532c3e-2add-4552-a7dd-51d21aca59ee:192.168.5.143:37365], old=null, confs=<EMPTY_MAP>
2019-10-08 20:57:02,831 [pool-403-thread-1] INFO  server.RaftServerConfigKeys (ConfUtils.java:logGet(43)) - raft.server.rpcslowness.timeout = 120s (custom)
2019-10-08 20:57:02,831 [pool-393-thread-1] INFO  server.RaftServerConfigKeys (ConfUtils.java:logGet(43)) - raft.server.storage.dir = [/workdir/hadoop-ozone/integration-test/target/test-dir/MiniOzoneClusterImpl-556ae367-a76f-437b-9cdb-d0d311a5222a/datanode-1/data/ratis] (custom)
2019-10-08 20:57:02,831 [pool-403-thread-1] INFO  server.RaftServerConfigKeys (ConfUtils.java:logGet(43)) - raft.server.sleep.deviation.threshold = 300 (default)
2019-10-08 20:57:02,831 [pool-393-thread-1] INFO  server.RaftServerConfigKeys (ConfUtils.java:logGet(43)) - raft.server.log.corruption.policy = EXCEPTION (default)
2019-10-08 20:57:02,831 [pool-403-thread-1] INFO  server.RaftServerConfigKeys (ConfUtils.java:logGet(43)) - raft.server.log.appender.install.snapshot.enabled = false (custom)
2019-10-08 20:57:02,831 [pool-393-thread-1] INFO  storage.RaftStorageDirectory (RaftStorageDirectory.java:analyzeStorage(246)) - The storage directory /workdir/hadoop-ozone/integration-test/target/test-dir/MiniOzoneClusterImpl-556ae367-a76f-437b-9cdb-d0d311a5222a/datanode-1/data/ratis/3b9b7f3a-6c15-4b83-88f7-d27fb27b8834 does not exist. Creating ...
2019-10-08 20:57:02,831 [pool-403-thread-1] INFO  impl.RaftServerImpl (ServerState.java:<init>(103)) - 77669bea-7134-4f0c-9cba-616192485f28@group-D27FB27B8834: ConfigurationManager, init=-1: [77669bea-7134-4f0c-9cba-616192485f28:192.168.5.143:33214, afc9e438-6b36-4ab1-bd79-7c4996d73e80:192.168.5.143:37825, 1d532c3e-2add-4552-a7dd-51d21aca59ee:192.168.5.143:37365], old=null, confs=<EMPTY_MAP>
2019-10-08 20:57:02,832 [pool-403-thread-1] INFO  server.RaftServerConfigKeys (ConfUtils.java:logGet(43)) - raft.server.storage.dir = [/workdir/hadoop-ozone/integration-test/target/test-dir/MiniOzoneClusterImpl-556ae367-a76f-437b-9cdb-d0d311a5222a/datanode-2/data/ratis] (custom)
2019-10-08 20:57:02,832 [pool-403-thread-1] INFO  server.RaftServerConfigKeys (ConfUtils.java:logGet(43)) - raft.server.log.corruption.policy = EXCEPTION (default)
2019-10-08 20:57:02,832 [pool-403-thread-1] INFO  storage.RaftStorageDirectory (RaftStorageDirectory.java:analyzeStorage(246)) - The storage directory /workdir/hadoop-ozone/integration-test/target/test-dir/MiniOzoneClusterImpl-556ae367-a76f-437b-9cdb-d0d311a5222a/datanode-2/data/ratis/3b9b7f3a-6c15-4b83-88f7-d27fb27b8834 does not exist. Creating ...
2019-10-08 20:57:02,843 [IPC Server handler 4 on 39007] INFO  net.NetworkTopology (NetworkTopologyImpl.java:add(111)) - Added a new node: /default-rack/e52ae031-559f-4c9e-bebc-adcf9ddddd4c
2019-10-08 20:57:02,843 [IPC Server handler 4 on 39007] INFO  node.SCMNodeManager (SCMNodeManager.java:register(268)) - Registered Data node : e52ae031-559f-4c9e-bebc-adcf9ddddd4c{ip: 192.168.5.143, host: pr-hdds-1868-gtwz2-575081100, networkLocation: /default-rack, certSerialId: null}
2019-10-08 20:57:02,855 [pool-403-thread-1] INFO  storage.RaftStorageDirectory (RaftStorageDirectory.java:tryLock(328)) - Lock on /workdir/hadoop-ozone/integration-test/target/test-dir/MiniOzoneClusterImpl-556ae367-a76f-437b-9cdb-d0d311a5222a/datanode-2/data/ratis/3b9b7f3a-6c15-4b83-88f7-d27fb27b8834/in_use.lock acquired by nodename 25063@pr-hdds-1868-gtwz2-575081100
2019-10-08 20:57:02,855 [pool-393-thread-1] INFO  storage.RaftStorageDirectory (RaftStorageDirectory.java:tryLock(328)) - Lock on /workdir/hadoop-ozone/integration-test/target/test-dir/MiniOzoneClusterImpl-556ae367-a76f-437b-9cdb-d0d311a5222a/datanode-1/data/ratis/3b9b7f3a-6c15-4b83-88f7-d27fb27b8834/in_use.lock acquired by nodename 25063@pr-hdds-1868-gtwz2-575081100
2019-10-08 20:57:02,855 [pool-383-thread-1] INFO  storage.RaftStorageDirectory (RaftStorageDirectory.java:tryLock(328)) - Lock on /workdir/hadoop-ozone/integration-test/target/test-dir/MiniOzoneClusterImpl-556ae367-a76f-437b-9cdb-d0d311a5222a/datanode-0/data/ratis/3b9b7f3a-6c15-4b83-88f7-d27fb27b8834/in_use.lock acquired by nodename 25063@pr-hdds-1868-gtwz2-575081100
2019-10-08 20:57:02,861 [pool-403-thread-1] INFO  storage.RaftStorage (RaftStorage.java:format(84)) - Storage directory /workdir/hadoop-ozone/integration-test/target/test-dir/MiniOzoneClusterImpl-556ae367-a76f-437b-9cdb-d0d311a5222a/datanode-2/data/ratis/3b9b7f3a-6c15-4b83-88f7-d27fb27b8834 has been successfully formatted.
2019-10-08 20:57:02,861 [pool-383-thread-1] INFO  storage.RaftStorage (RaftStorage.java:format(84)) - Storage directory /workdir/hadoop-ozone/integration-test/target/test-dir/MiniOzoneClusterImpl-556ae367-a76f-437b-9cdb-d0d311a5222a/datanode-0/data/ratis/3b9b7f3a-6c15-4b83-88f7-d27fb27b8834 has been successfully formatted.
2019-10-08 20:57:02,861 [pool-403-thread-1] INFO  ratis.ContainerStateMachine (ContainerStateMachine.java:loadSnapshot(233)) - group-D27FB27B8834: The snapshot info is null. Setting the last applied indexto:(t:0, i:~)
2019-10-08 20:57:02,861 [pool-393-thread-1] INFO  storage.RaftStorage (RaftStorage.java:format(84)) - Storage directory /workdir/hadoop-ozone/integration-test/target/test-dir/MiniOzoneClusterImpl-556ae367-a76f-437b-9cdb-d0d311a5222a/datanode-1/data/ratis/3b9b7f3a-6c15-4b83-88f7-d27fb27b8834 has been successfully formatted.
2019-10-08 20:57:02,861 [pool-383-thread-1] INFO  ratis.ContainerStateMachine (ContainerStateMachine.java:loadSnapshot(233)) - group-D27FB27B8834: The snapshot info is null. Setting the last applied indexto:(t:0, i:~)
2019-10-08 20:57:02,862 [pool-393-thread-1] INFO  ratis.ContainerStateMachine (ContainerStateMachine.java:loadSnapshot(233)) - group-D27FB27B8834: The snapshot info is null. Setting the last applied indexto:(t:0, i:~)
2019-10-08 20:57:02,861 [pool-403-thread-1] INFO  server.RaftServerConfigKeys (ConfUtils.java:logGet(43)) - raft.server.notification.no-leader.timeout = 120s (custom)
2019-10-08 20:57:02,862 [pool-393-thread-1] INFO  server.RaftServerConfigKeys (ConfUtils.java:logGet(43)) - raft.server.notification.no-leader.timeout = 120s (custom)
2019-10-08 20:57:02,862 [pool-383-thread-1] INFO  server.RaftServerConfigKeys (ConfUtils.java:logGet(43)) - raft.server.notification.no-leader.timeout = 120s (custom)
2019-10-08 20:57:02,862 [pool-393-thread-1] INFO  server.RaftServerConfigKeys (ConfUtils.java:logGet(43)) - raft.server.log.use.memory = false (default)
2019-10-08 20:57:02,862 [pool-403-thread-1] INFO  server.RaftServerConfigKeys (ConfUtils.java:logGet(43)) - raft.server.log.use.memory = false (default)
2019-10-08 20:57:02,862 [pool-393-thread-1] INFO  server.RaftServerConfigKeys (ConfUtils.java:logGet(43)) - raft.server.log.purge.gap = 1000000 (custom)
2019-10-08 20:57:02,862 [pool-383-thread-1] INFO  server.RaftServerConfigKeys (ConfUtils.java:logGet(43)) - raft.server.log.use.memory = false (default)
2019-10-08 20:57:02,862 [pool-393-thread-1] INFO  server.RaftServerConfigKeys (ConfUtils.java:logGet(43)) - raft.server.log.appender.buffer.byte-limit = 33554432 (custom)
2019-10-08 20:57:02,862 [pool-403-thread-1] INFO  server.RaftServerConfigKeys (ConfUtils.java:logGet(43)) - raft.server.log.purge.gap = 1000000 (custom)
2019-10-08 20:57:02,863 [pool-393-thread-1] INFO  server.RaftServerConfigKeys (ConfUtils.java:logGet(43)) - raft.server.log.segment.size.max = 1048576 (custom)
2019-10-08 20:57:02,863 [pool-383-thread-1] INFO  server.RaftServerConfigKeys (ConfUtils.java:logGet(43)) - raft.server.log.purge.gap = 1000000 (custom)
2019-10-08 20:57:02,863 [pool-393-thread-1] INFO  server.RaftServerConfigKeys (ConfUtils.java:logGet(43)) - raft.server.log.segment.cache.num.max = 2 (custom)
2019-10-08 20:57:02,863 [pool-403-thread-1] INFO  server.RaftServerConfigKeys (ConfUtils.java:logGet(43)) - raft.server.log.appender.buffer.byte-limit = 33554432 (custom)
2019-10-08 20:57:02,863 [pool-393-thread-1] INFO  segmented.SegmentedRaftLogWorker (SegmentedRaftLogWorker.java:<init>(173)) - new afc9e438-6b36-4ab1-bd79-7c4996d73e80@group-D27FB27B8834-SegmentedRaftLogWorker for RaftStorage:Storage Directory /workdir/hadoop-ozone/integration-test/target/test-dir/MiniOzoneClusterImpl-556ae367-a76f-437b-9cdb-d0d311a5222a/datanode-1/data/ratis/3b9b7f3a-6c15-4b83-88f7-d27fb27b8834
2019-10-08 20:57:02,863 [pool-383-thread-1] INFO  server.RaftServerConfigKeys (ConfUtils.java:logGet(43)) - raft.server.log.appender.buffer.byte-limit = 33554432 (custom)
2019-10-08 20:57:02,864 [pool-393-thread-1] INFO  server.RaftServerConfigKeys (ConfUtils.java:logGet(43)) - raft.server.log.queue.byte-limit = 2147483647 (custom)
2019-10-08 20:57:02,863 [pool-403-thread-1] INFO  server.RaftServerConfigKeys (ConfUtils.java:logGet(43)) - raft.server.log.segment.size.max = 1048576 (custom)
2019-10-08 20:57:02,864 [pool-393-thread-1] INFO  server.RaftServerConfigKeys (ConfUtils.java:logGet(43)) - raft.server.log.queue.element-limit = 1024 (custom)
2019-10-08 20:57:02,864 [pool-383-thread-1] INFO  server.RaftServerConfigKeys (ConfUtils.java:logGet(43)) - raft.server.log.segment.size.max = 1048576 (custom)
2019-10-08 20:57:02,864 [pool-393-thread-1] INFO  server.RaftServerConfigKeys (ConfUtils.java:logGet(43)) - raft.server.log.segment.size.max = 1048576 (custom)
2019-10-08 20:57:02,864 [pool-403-thread-1] INFO  server.RaftServerConfigKeys (ConfUtils.java:logGet(43)) - raft.server.log.segment.cache.num.max = 2 (custom)
2019-10-08 20:57:02,865 [pool-403-thread-1] INFO  segmented.SegmentedRaftLogWorker (SegmentedRaftLogWorker.java:<init>(173)) - new 77669bea-7134-4f0c-9cba-616192485f28@group-D27FB27B8834-SegmentedRaftLogWorker for RaftStorage:Storage Directory /workdir/hadoop-ozone/integration-test/target/test-dir/MiniOzoneClusterImpl-556ae367-a76f-437b-9cdb-d0d311a5222a/datanode-2/data/ratis/3b9b7f3a-6c15-4b83-88f7-d27fb27b8834
2019-10-08 20:57:02,865 [pool-403-thread-1] INFO  server.RaftServerConfigKeys (ConfUtils.java:logGet(43)) - raft.server.log.queue.byte-limit = 2147483647 (custom)
2019-10-08 20:57:02,865 [pool-403-thread-1] INFO  server.RaftServerConfigKeys (ConfUtils.java:logGet(43)) - raft.server.log.queue.element-limit = 1024 (custom)
2019-10-08 20:57:02,865 [pool-403-thread-1] INFO  server.RaftServerConfigKeys (ConfUtils.java:logGet(43)) - raft.server.log.segment.size.max = 1048576 (custom)
2019-10-08 20:57:02,865 [pool-403-thread-1] INFO  server.RaftServerConfigKeys (ConfUtils.java:logGet(43)) - raft.server.log.preallocated.size = 16384 (custom)
2019-10-08 20:57:02,865 [pool-403-thread-1] INFO  server.RaftServerConfigKeys (ConfUtils.java:logGet(43)) - raft.server.log.write.buffer.size = 33554432 (custom)
2019-10-08 20:57:02,865 [pool-403-thread-1] INFO  server.RaftServerConfigKeys (ConfUtils.java:logGet(43)) - raft.server.log.force.sync.num = 128 (default)
2019-10-08 20:57:02,866 [pool-403-thread-1] INFO  server.RaftServerConfigKeys (ConfUtils.java:logGet(43)) - raft.server.log.statemachine.data.sync = true (default)
2019-10-08 20:57:02,866 [pool-403-thread-1] INFO  server.RaftServerConfigKeys (ConfUtils.java:logGet(43)) - raft.server.log.statemachine.data.sync.timeout = 10s (default)
2019-10-08 20:57:02,866 [pool-403-thread-1] INFO  server.RaftServerConfigKeys (ConfUtils.java:logGet(43)) - raft.server.log.statemachine.data.sync.timeout.retry = -1 (default)
2019-10-08 20:57:02,866 [pool-403-thread-1] INFO  server.RaftServerConfigKeys (ConfUtils.java:logGet(43)) - raft.server.log.statemachine.data.caching.enabled = true (custom)
2019-10-08 20:57:02,866 [pool-403-thread-1] INFO  segmented.SegmentedRaftLogWorker (SegmentedRaftLogWorker.java:lambda$new$0(128)) - 77669bea-7134-4f0c-9cba-616192485f28@group-D27FB27B8834-SegmentedRaftLogWorker: flushIndex: setUnconditionally 0 -> -1
2019-10-08 20:57:02,866 [pool-403-thread-1] INFO  server.RaftServerConfigKeys (ConfUtils.java:logGet(43)) - raft.server.snapshot.auto.trigger.enabled = true (custom)
2019-10-08 20:57:02,867 [pool-403-thread-1] INFO  server.RaftServerConfigKeys (ConfUtils.java:logGet(43)) - raft.server.snapshot.auto.trigger.threshold = 10000 (custom)
2019-10-08 20:57:02,867 [pool-403-thread-1] INFO  server.RaftServerConfigKeys (ConfUtils.java:logGet(43)) - raft.server.snapshot.retention.file.num = 5 (custom)
2019-10-08 20:57:02,865 [pool-393-thread-1] INFO  server.RaftServerConfigKeys (ConfUtils.java:logGet(43)) - raft.server.log.preallocated.size = 16384 (custom)
2019-10-08 20:57:02,864 [pool-383-thread-1] INFO  server.RaftServerConfigKeys (ConfUtils.java:logGet(43)) - raft.server.log.segment.cache.num.max = 2 (custom)
2019-10-08 20:57:02,867 [pool-393-thread-1] INFO  server.RaftServerConfigKeys (ConfUtils.java:logGet(43)) - raft.server.log.write.buffer.size = 33554432 (custom)
2019-10-08 20:57:02,867 [pool-403-thread-1] INFO  server.RaftServerConfigKeys (ConfUtils.java:logGet(43)) - raft.server.retrycache.expirytime = 600000ms (custom)
2019-10-08 20:57:02,868 [pool-393-thread-1] INFO  server.RaftServerConfigKeys (ConfUtils.java:logGet(43)) - raft.server.log.force.sync.num = 128 (default)
2019-10-08 20:57:02,867 [pool-383-thread-1] INFO  segmented.SegmentedRaftLogWorker (SegmentedRaftLogWorker.java:<init>(173)) - new 1d532c3e-2add-4552-a7dd-51d21aca59ee@group-D27FB27B8834-SegmentedRaftLogWorker for RaftStorage:Storage Directory /workdir/hadoop-ozone/integration-test/target/test-dir/MiniOzoneClusterImpl-556ae367-a76f-437b-9cdb-d0d311a5222a/datanode-0/data/ratis/3b9b7f3a-6c15-4b83-88f7-d27fb27b8834
2019-10-08 20:57:02,868 [pool-393-thread-1] INFO  server.RaftServerConfigKeys (ConfUtils.java:logGet(43)) - raft.server.log.statemachine.data.sync = true (default)
2019-10-08 20:57:02,868 [pool-383-thread-1] INFO  server.RaftServerConfigKeys (ConfUtils.java:logGet(43)) - raft.server.log.queue.byte-limit = 2147483647 (custom)
2019-10-08 20:57:02,868 [pool-393-thread-1] INFO  server.RaftServerConfigKeys (ConfUtils.java:logGet(43)) - raft.server.log.statemachine.data.sync.timeout = 10s (default)
2019-10-08 20:57:02,868 [pool-383-thread-1] INFO  server.RaftServerConfigKeys (ConfUtils.java:logGet(43)) - raft.server.log.queue.element-limit = 1024 (custom)
2019-10-08 20:57:02,869 [pool-393-thread-1] INFO  server.RaftServerConfigKeys (ConfUtils.java:logGet(43)) - raft.server.log.statemachine.data.sync.timeout.retry = -1 (default)
2019-10-08 20:57:02,869 [pool-383-thread-1] INFO  server.RaftServerConfigKeys (ConfUtils.java:logGet(43)) - raft.server.log.segment.size.max = 1048576 (custom)
2019-10-08 20:57:02,869 [pool-393-thread-1] INFO  server.RaftServerConfigKeys (ConfUtils.java:logGet(43)) - raft.server.log.statemachine.data.caching.enabled = true (custom)
2019-10-08 20:57:02,869 [pool-383-thread-1] INFO  server.RaftServerConfigKeys (ConfUtils.java:logGet(43)) - raft.server.log.preallocated.size = 16384 (custom)
2019-10-08 20:57:02,869 [pool-383-thread-1] INFO  server.RaftServerConfigKeys (ConfUtils.java:logGet(43)) - raft.server.log.write.buffer.size = 33554432 (custom)
2019-10-08 20:57:02,869 [pool-393-thread-1] INFO  segmented.SegmentedRaftLogWorker (SegmentedRaftLogWorker.java:lambda$new$0(128)) - afc9e438-6b36-4ab1-bd79-7c4996d73e80@group-D27FB27B8834-SegmentedRaftLogWorker: flushIndex: setUnconditionally 0 -> -1
2019-10-08 20:57:02,870 [pool-383-thread-1] INFO  server.RaftServerConfigKeys (ConfUtils.java:logGet(43)) - raft.server.log.force.sync.num = 128 (default)
2019-10-08 20:57:02,870 [pool-383-thread-1] INFO  server.RaftServerConfigKeys (ConfUtils.java:logGet(43)) - raft.server.log.statemachine.data.sync = true (default)
2019-10-08 20:57:02,870 [pool-393-thread-1] INFO  server.RaftServerConfigKeys (ConfUtils.java:logGet(43)) - raft.server.snapshot.auto.trigger.enabled = true (custom)
2019-10-08 20:57:02,870 [pool-383-thread-1] INFO  server.RaftServerConfigKeys (ConfUtils.java:logGet(43)) - raft.server.log.statemachine.data.sync.timeout = 10s (default)
2019-10-08 20:57:02,870 [pool-393-thread-1] INFO  server.RaftServerConfigKeys (ConfUtils.java:logGet(43)) - raft.server.snapshot.auto.trigger.threshold = 10000 (custom)
2019-10-08 20:57:02,870 [pool-383-thread-1] INFO  server.RaftServerConfigKeys (ConfUtils.java:logGet(43)) - raft.server.log.statemachine.data.sync.timeout.retry = -1 (default)
2019-10-08 20:57:02,871 [pool-393-thread-1] INFO  server.RaftServerConfigKeys (ConfUtils.java:logGet(43)) - raft.server.snapshot.retention.file.num = 5 (custom)
2019-10-08 20:57:02,871 [pool-383-thread-1] INFO  server.RaftServerConfigKeys (ConfUtils.java:logGet(43)) - raft.server.log.statemachine.data.caching.enabled = true (custom)
2019-10-08 20:57:02,871 [pool-393-thread-1] INFO  server.RaftServerConfigKeys (ConfUtils.java:logGet(43)) - raft.server.retrycache.expirytime = 600000ms (custom)
2019-10-08 20:57:02,871 [pool-383-thread-1] INFO  segmented.SegmentedRaftLogWorker (SegmentedRaftLogWorker.java:lambda$new$0(128)) - 1d532c3e-2add-4552-a7dd-51d21aca59ee@group-D27FB27B8834-SegmentedRaftLogWorker: flushIndex: setUnconditionally 0 -> -1
2019-10-08 20:57:02,872 [pool-383-thread-1] INFO  server.RaftServerConfigKeys (ConfUtils.java:logGet(43)) - raft.server.snapshot.auto.trigger.enabled = true (custom)
2019-10-08 20:57:02,872 [pool-383-thread-1] INFO  server.RaftServerConfigKeys (ConfUtils.java:logGet(43)) - raft.server.snapshot.auto.trigger.threshold = 10000 (custom)
2019-10-08 20:57:02,872 [pool-383-thread-1] INFO  server.RaftServerConfigKeys (ConfUtils.java:logGet(43)) - raft.server.snapshot.retention.file.num = 5 (custom)
2019-10-08 20:57:02,872 [pool-383-thread-1] INFO  server.RaftServerConfigKeys (ConfUtils.java:logGet(43)) - raft.server.retrycache.expirytime = 600000ms (custom)
2019-10-08 20:57:02,873 [pool-403-thread-1] INFO  impl.RaftServerImpl (RaftServerImpl.java:start(181)) - 77669bea-7134-4f0c-9cba-616192485f28@group-D27FB27B8834: start as a follower, conf=-1: [77669bea-7134-4f0c-9cba-616192485f28:192.168.5.143:33214, afc9e438-6b36-4ab1-bd79-7c4996d73e80:192.168.5.143:37825, 1d532c3e-2add-4552-a7dd-51d21aca59ee:192.168.5.143:37365], old=null
2019-10-08 20:57:02,873 [pool-403-thread-1] INFO  impl.RaftServerImpl (RaftServerImpl.java:setRole(170)) - 77669bea-7134-4f0c-9cba-616192485f28@group-D27FB27B8834: changes role from      null to FOLLOWER at term 0 for startAsFollower
2019-10-08 20:57:02,873 [pool-403-thread-1] INFO  impl.RoleInfo (RoleInfo.java:updateAndGet(143)) - 77669bea-7134-4f0c-9cba-616192485f28: start FollowerState
2019-10-08 20:57:02,873 [pool-403-thread-1] INFO  util.JmxRegister (JmxRegister.java:tryRegister(44)) - Successfully registered JMX Bean with object name Ratis:service=RaftServer,group=group-D27FB27B8834,id=77669bea-7134-4f0c-9cba-616192485f28
2019-10-08 20:57:02,874 [pool-393-thread-1] INFO  impl.RaftServerImpl (RaftServerImpl.java:start(181)) - afc9e438-6b36-4ab1-bd79-7c4996d73e80@group-D27FB27B8834: start as a follower, conf=-1: [77669bea-7134-4f0c-9cba-616192485f28:192.168.5.143:33214, afc9e438-6b36-4ab1-bd79-7c4996d73e80:192.168.5.143:37825, 1d532c3e-2add-4552-a7dd-51d21aca59ee:192.168.5.143:37365], old=null
2019-10-08 20:57:02,874 [pool-393-thread-1] INFO  impl.RaftServerImpl (RaftServerImpl.java:setRole(170)) - afc9e438-6b36-4ab1-bd79-7c4996d73e80@group-D27FB27B8834: changes role from      null to FOLLOWER at term 0 for startAsFollower
2019-10-08 20:57:02,874 [pool-393-thread-1] INFO  impl.RoleInfo (RoleInfo.java:updateAndGet(143)) - afc9e438-6b36-4ab1-bd79-7c4996d73e80: start FollowerState
2019-10-08 20:57:02,875 [pool-393-thread-1] INFO  util.JmxRegister (JmxRegister.java:tryRegister(44)) - Successfully registered JMX Bean with object name Ratis:service=RaftServer,group=group-D27FB27B8834,id=afc9e438-6b36-4ab1-bd79-7c4996d73e80
2019-10-08 20:57:02,875 [pool-383-thread-1] INFO  impl.RaftServerImpl (RaftServerImpl.java:start(181)) - 1d532c3e-2add-4552-a7dd-51d21aca59ee@group-D27FB27B8834: start as a follower, conf=-1: [77669bea-7134-4f0c-9cba-616192485f28:192.168.5.143:33214, afc9e438-6b36-4ab1-bd79-7c4996d73e80:192.168.5.143:37825, 1d532c3e-2add-4552-a7dd-51d21aca59ee:192.168.5.143:37365], old=null
2019-10-08 20:57:02,875 [pool-383-thread-1] INFO  impl.RaftServerImpl (RaftServerImpl.java:setRole(170)) - 1d532c3e-2add-4552-a7dd-51d21aca59ee@group-D27FB27B8834: changes role from      null to FOLLOWER at term 0 for startAsFollower
2019-10-08 20:57:02,876 [pool-383-thread-1] INFO  impl.RoleInfo (RoleInfo.java:updateAndGet(143)) - 1d532c3e-2add-4552-a7dd-51d21aca59ee: start FollowerState
2019-10-08 20:57:02,876 [pool-383-thread-1] INFO  util.JmxRegister (JmxRegister.java:tryRegister(44)) - Successfully registered JMX Bean with object name Ratis:service=RaftServer,group=group-D27FB27B8834,id=1d532c3e-2add-4552-a7dd-51d21aca59ee
2019-10-08 20:57:02,879 [RatisPipelineUtilsThread] INFO  pipeline.PipelineStateManager (PipelineStateManager.java:addPipeline(57)) - Created pipeline Pipeline[ Id: 3b9b7f3a-6c15-4b83-88f7-d27fb27b8834, Nodes: afc9e438-6b36-4ab1-bd79-7c4996d73e80{ip: 192.168.5.143, host: pr-hdds-1868-gtwz2-575081100, networkLocation: /default-rack, certSerialId: null}1d532c3e-2add-4552-a7dd-51d21aca59ee{ip: 192.168.5.143, host: pr-hdds-1868-gtwz2-575081100, networkLocation: /default-rack, certSerialId: null}77669bea-7134-4f0c-9cba-616192485f28{ip: 192.168.5.143, host: pr-hdds-1868-gtwz2-575081100, networkLocation: /default-rack, certSerialId: null}, Type:RATIS, Factor:THREE, State:ALLOCATED]
2019-10-08 20:57:02,908 [IPC Server handler 5 on 39007] INFO  net.NetworkTopology (NetworkTopologyImpl.java:add(111)) - Added a new node: /default-rack/82f183d4-07ec-425f-8671-68fc3d628492
2019-10-08 20:57:02,908 [IPC Server handler 5 on 39007] INFO  node.SCMNodeManager (SCMNodeManager.java:register(268)) - Registered Data node : 82f183d4-07ec-425f-8671-68fc3d628492{ip: 192.168.5.143, host: pr-hdds-1868-gtwz2-575081100, networkLocation: /default-rack, certSerialId: null}
2019-10-08 20:57:02,915 [grpc-default-executor-5] INFO  impl.RaftServerProxy (RaftServerProxy.java:addNew(89)) - e52ae031-559f-4c9e-bebc-adcf9ddddd4c: addNew group-B292A64D3F8F:[e52ae031-559f-4c9e-bebc-adcf9ddddd4c:192.168.5.143:44737] returns group-B292A64D3F8F:java.util.concurrent.CompletableFuture@28321ba5[Not completed]
2019-10-08 20:57:02,916 [pool-413-thread-1] INFO  impl.RaftServerImpl (RaftServerImpl.java:<init>(95)) - e52ae031-559f-4c9e-bebc-adcf9ddddd4c: new RaftServerImpl for group-B292A64D3F8F:[e52ae031-559f-4c9e-bebc-adcf9ddddd4c:192.168.5.143:44737] with ContainerStateMachine:uninitialized
2019-10-08 20:57:02,917 [pool-413-thread-1] INFO  server.RaftServerConfigKeys (ConfUtils.java:logGet(43)) - raft.server.rpc.timeout.min = 5s (custom)
2019-10-08 20:57:02,917 [pool-413-thread-1] INFO  server.RaftServerConfigKeys (ConfUtils.java:logGet(43)) - raft.server.rpc.timeout.max = 5200ms (custom)
2019-10-08 20:57:02,917 [pool-413-thread-1] INFO  server.RaftServerConfigKeys (ConfUtils.java:logGet(43)) - raft.server.rpcslowness.timeout = 120s (custom)
2019-10-08 20:57:02,917 [pool-413-thread-1] INFO  server.RaftServerConfigKeys (ConfUtils.java:logGet(43)) - raft.server.sleep.deviation.threshold = 300 (default)
2019-10-08 20:57:02,917 [pool-413-thread-1] INFO  server.RaftServerConfigKeys (ConfUtils.java:logGet(43)) - raft.server.log.appender.install.snapshot.enabled = false (custom)
2019-10-08 20:57:02,917 [pool-413-thread-1] INFO  impl.RaftServerImpl (ServerState.java:<init>(103)) - e52ae031-559f-4c9e-bebc-adcf9ddddd4c@group-B292A64D3F8F: ConfigurationManager, init=-1: [e52ae031-559f-4c9e-bebc-adcf9ddddd4c:192.168.5.143:44737], old=null, confs=<EMPTY_MAP>
2019-10-08 20:57:02,918 [pool-413-thread-1] INFO  server.RaftServerConfigKeys (ConfUtils.java:logGet(43)) - raft.server.storage.dir = [/workdir/hadoop-ozone/integration-test/target/test-dir/MiniOzoneClusterImpl-556ae367-a76f-437b-9cdb-d0d311a5222a/datanode-3/data/ratis] (custom)
2019-10-08 20:57:02,918 [pool-413-thread-1] INFO  server.RaftServerConfigKeys (ConfUtils.java:logGet(43)) - raft.server.log.corruption.policy = EXCEPTION (default)
2019-10-08 20:57:02,918 [pool-413-thread-1] INFO  storage.RaftStorageDirectory (RaftStorageDirectory.java:analyzeStorage(246)) - The storage directory /workdir/hadoop-ozone/integration-test/target/test-dir/MiniOzoneClusterImpl-556ae367-a76f-437b-9cdb-d0d311a5222a/datanode-3/data/ratis/1769615c-a660-43d0-8105-b292a64d3f8f does not exist. Creating ...
2019-10-08 20:57:02,930 [pool-413-thread-1] INFO  storage.RaftStorageDirectory (RaftStorageDirectory.java:tryLock(328)) - Lock on /workdir/hadoop-ozone/integration-test/target/test-dir/MiniOzoneClusterImpl-556ae367-a76f-437b-9cdb-d0d311a5222a/datanode-3/data/ratis/1769615c-a660-43d0-8105-b292a64d3f8f/in_use.lock acquired by nodename 25063@pr-hdds-1868-gtwz2-575081100
2019-10-08 20:57:02,946 [pool-413-thread-1] INFO  storage.RaftStorage (RaftStorage.java:format(84)) - Storage directory /workdir/hadoop-ozone/integration-test/target/test-dir/MiniOzoneClusterImpl-556ae367-a76f-437b-9cdb-d0d311a5222a/datanode-3/data/ratis/1769615c-a660-43d0-8105-b292a64d3f8f has been successfully formatted.
2019-10-08 20:57:02,946 [pool-413-thread-1] INFO  ratis.ContainerStateMachine (ContainerStateMachine.java:loadSnapshot(233)) - group-B292A64D3F8F: The snapshot info is null. Setting the last applied indexto:(t:0, i:~)
2019-10-08 20:57:02,947 [pool-413-thread-1] INFO  server.RaftServerConfigKeys (ConfUtils.java:logGet(43)) - raft.server.notification.no-leader.timeout = 120s (custom)
2019-10-08 20:57:02,947 [pool-413-thread-1] INFO  server.RaftServerConfigKeys (ConfUtils.java:logGet(43)) - raft.server.log.use.memory = false (default)
2019-10-08 20:57:02,947 [pool-413-thread-1] INFO  server.RaftServerConfigKeys (ConfUtils.java:logGet(43)) - raft.server.log.purge.gap = 1000000 (custom)
2019-10-08 20:57:02,947 [pool-413-thread-1] INFO  server.RaftServerConfigKeys (ConfUtils.java:logGet(43)) - raft.server.log.appender.buffer.byte-limit = 33554432 (custom)
2019-10-08 20:57:02,947 [pool-413-thread-1] INFO  server.RaftServerConfigKeys (ConfUtils.java:logGet(43)) - raft.server.log.segment.size.max = 1048576 (custom)
2019-10-08 20:57:02,949 [pool-413-thread-1] INFO  server.RaftServerConfigKeys (ConfUtils.java:logGet(43)) - raft.server.log.segment.cache.num.max = 2 (custom)
2019-10-08 20:57:02,949 [pool-413-thread-1] INFO  segmented.SegmentedRaftLogWorker (SegmentedRaftLogWorker.java:<init>(173)) - new e52ae031-559f-4c9e-bebc-adcf9ddddd4c@group-B292A64D3F8F-SegmentedRaftLogWorker for RaftStorage:Storage Directory /workdir/hadoop-ozone/integration-test/target/test-dir/MiniOzoneClusterImpl-556ae367-a76f-437b-9cdb-d0d311a5222a/datanode-3/data/ratis/1769615c-a660-43d0-8105-b292a64d3f8f
2019-10-08 20:57:02,949 [pool-413-thread-1] INFO  server.RaftServerConfigKeys (ConfUtils.java:logGet(43)) - raft.server.log.queue.byte-limit = 2147483647 (custom)
2019-10-08 20:57:02,949 [pool-413-thread-1] INFO  server.RaftServerConfigKeys (ConfUtils.java:logGet(43)) - raft.server.log.queue.element-limit = 1024 (custom)
2019-10-08 20:57:02,950 [pool-413-thread-1] INFO  server.RaftServerConfigKeys (ConfUtils.java:logGet(43)) - raft.server.log.segment.size.max = 1048576 (custom)
2019-10-08 20:57:02,950 [pool-413-thread-1] INFO  server.RaftServerConfigKeys (ConfUtils.java:logGet(43)) - raft.server.log.preallocated.size = 16384 (custom)
2019-10-08 20:57:02,950 [pool-413-thread-1] INFO  server.RaftServerConfigKeys (ConfUtils.java:logGet(43)) - raft.server.log.write.buffer.size = 33554432 (custom)
2019-10-08 20:57:02,950 [pool-413-thread-1] INFO  server.RaftServerConfigKeys (ConfUtils.java:logGet(43)) - raft.server.log.force.sync.num = 128 (default)
2019-10-08 20:57:02,950 [pool-413-thread-1] INFO  server.RaftServerConfigKeys (ConfUtils.java:logGet(43)) - raft.server.log.statemachine.data.sync = true (default)
2019-10-08 20:57:02,950 [pool-413-thread-1] INFO  server.RaftServerConfigKeys (ConfUtils.java:logGet(43)) - raft.server.log.statemachine.data.sync.timeout = 10s (default)
2019-10-08 20:57:02,950 [pool-413-thread-1] INFO  server.RaftServerConfigKeys (ConfUtils.java:logGet(43)) - raft.server.log.statemachine.data.sync.timeout.retry = -1 (default)
2019-10-08 20:57:02,951 [pool-413-thread-1] INFO  server.RaftServerConfigKeys (ConfUtils.java:logGet(43)) - raft.server.log.statemachine.data.caching.enabled = true (custom)
2019-10-08 20:57:02,951 [pool-413-thread-1] INFO  segmented.SegmentedRaftLogWorker (SegmentedRaftLogWorker.java:lambda$new$0(128)) - e52ae031-559f-4c9e-bebc-adcf9ddddd4c@group-B292A64D3F8F-SegmentedRaftLogWorker: flushIndex: setUnconditionally 0 -> -1
2019-10-08 20:57:02,951 [pool-413-thread-1] INFO  server.RaftServerConfigKeys (ConfUtils.java:logGet(43)) - raft.server.snapshot.auto.trigger.enabled = true (custom)
2019-10-08 20:57:02,951 [pool-413-thread-1] INFO  server.RaftServerConfigKeys (ConfUtils.java:logGet(43)) - raft.server.snapshot.auto.trigger.threshold = 10000 (custom)
2019-10-08 20:57:02,952 [pool-413-thread-1] INFO  server.RaftServerConfigKeys (ConfUtils.java:logGet(43)) - raft.server.snapshot.retention.file.num = 5 (custom)
2019-10-08 20:57:02,952 [pool-413-thread-1] INFO  server.RaftServerConfigKeys (ConfUtils.java:logGet(43)) - raft.server.retrycache.expirytime = 600000ms (custom)
2019-10-08 20:57:02,953 [pool-413-thread-1] INFO  impl.RaftServerImpl (RaftServerImpl.java:start(181)) - e52ae031-559f-4c9e-bebc-adcf9ddddd4c@group-B292A64D3F8F: start as a follower, conf=-1: [e52ae031-559f-4c9e-bebc-adcf9ddddd4c:192.168.5.143:44737], old=null
2019-10-08 20:57:02,954 [pool-413-thread-1] INFO  impl.RaftServerImpl (RaftServerImpl.java:setRole(170)) - e52ae031-559f-4c9e-bebc-adcf9ddddd4c@group-B292A64D3F8F: changes role from      null to FOLLOWER at term 0 for startAsFollower
2019-10-08 20:57:02,954 [pool-413-thread-1] INFO  impl.RoleInfo (RoleInfo.java:updateAndGet(143)) - e52ae031-559f-4c9e-bebc-adcf9ddddd4c: start FollowerState
2019-10-08 20:57:02,954 [pool-413-thread-1] INFO  util.JmxRegister (JmxRegister.java:tryRegister(44)) - Successfully registered JMX Bean with object name Ratis:service=RaftServer,group=group-B292A64D3F8F,id=e52ae031-559f-4c9e-bebc-adcf9ddddd4c
2019-10-08 20:57:02,958 [RatisPipelineUtilsThread] INFO  pipeline.PipelineStateManager (PipelineStateManager.java:addPipeline(57)) - Created pipeline Pipeline[ Id: 1769615c-a660-43d0-8105-b292a64d3f8f, Nodes: e52ae031-559f-4c9e-bebc-adcf9ddddd4c{ip: 192.168.5.143, host: pr-hdds-1868-gtwz2-575081100, networkLocation: /default-rack, certSerialId: null}, Type:RATIS, Factor:ONE, State:ALLOCATED]
2019-10-08 20:57:02,965 [grpc-default-executor-5] INFO  impl.RaftServerProxy (RaftServerProxy.java:addNew(89)) - 82f183d4-07ec-425f-8671-68fc3d628492: addNew group-08407D75501E:[82f183d4-07ec-425f-8671-68fc3d628492:192.168.5.143:41289] returns group-08407D75501E:java.util.concurrent.CompletableFuture@152edade[Not completed]
2019-10-08 20:57:02,966 [pool-423-thread-1] INFO  impl.RaftServerImpl (RaftServerImpl.java:<init>(95)) - 82f183d4-07ec-425f-8671-68fc3d628492: new RaftServerImpl for group-08407D75501E:[82f183d4-07ec-425f-8671-68fc3d628492:192.168.5.143:41289] with ContainerStateMachine:uninitialized
2019-10-08 20:57:02,966 [pool-423-thread-1] INFO  server.RaftServerConfigKeys (ConfUtils.java:logGet(43)) - raft.server.rpc.timeout.min = 5s (custom)
2019-10-08 20:57:02,966 [pool-423-thread-1] INFO  server.RaftServerConfigKeys (ConfUtils.java:logGet(43)) - raft.server.rpc.timeout.max = 5200ms (custom)
2019-10-08 20:57:02,967 [pool-423-thread-1] INFO  server.RaftServerConfigKeys (ConfUtils.java:logGet(43)) - raft.server.rpcslowness.timeout = 120s (custom)
2019-10-08 20:57:02,967 [pool-423-thread-1] INFO  server.RaftServerConfigKeys (ConfUtils.java:logGet(43)) - raft.server.sleep.deviation.threshold = 300 (default)
2019-10-08 20:57:02,967 [pool-423-thread-1] INFO  server.RaftServerConfigKeys (ConfUtils.java:logGet(43)) - raft.server.log.appender.install.snapshot.enabled = false (custom)
2019-10-08 20:57:02,967 [pool-423-thread-1] INFO  impl.RaftServerImpl (ServerState.java:<init>(103)) - 82f183d4-07ec-425f-8671-68fc3d628492@group-08407D75501E: ConfigurationManager, init=-1: [82f183d4-07ec-425f-8671-68fc3d628492:192.168.5.143:41289], old=null, confs=<EMPTY_MAP>
2019-10-08 20:57:02,967 [pool-423-thread-1] INFO  server.RaftServerConfigKeys (ConfUtils.java:logGet(43)) - raft.server.storage.dir = [/workdir/hadoop-ozone/integration-test/target/test-dir/MiniOzoneClusterImpl-556ae367-a76f-437b-9cdb-d0d311a5222a/datanode-4/data/ratis] (custom)
2019-10-08 20:57:02,967 [pool-423-thread-1] INFO  server.RaftServerConfigKeys (ConfUtils.java:logGet(43)) - raft.server.log.corruption.policy = EXCEPTION (default)
2019-10-08 20:57:02,967 [pool-423-thread-1] INFO  storage.RaftStorageDirectory (RaftStorageDirectory.java:analyzeStorage(246)) - The storage directory /workdir/hadoop-ozone/integration-test/target/test-dir/MiniOzoneClusterImpl-556ae367-a76f-437b-9cdb-d0d311a5222a/datanode-4/data/ratis/3545a7f4-474c-4cc6-aa1b-08407d75501e does not exist. Creating ...
2019-10-08 20:57:02,969 [IPC Server handler 7 on 39007] INFO  net.NetworkTopology (NetworkTopologyImpl.java:add(111)) - Added a new node: /default-rack/105b5466-f074-4557-a150-d437ba92de7c
2019-10-08 20:57:02,969 [IPC Server handler 7 on 39007] INFO  node.SCMNodeManager (SCMNodeManager.java:register(268)) - Registered Data node : 105b5466-f074-4557-a150-d437ba92de7c{ip: 192.168.5.143, host: pr-hdds-1868-gtwz2-575081100, networkLocation: /default-rack, certSerialId: null}
2019-10-08 20:57:02,981 [pool-423-thread-1] INFO  storage.RaftStorageDirectory (RaftStorageDirectory.java:tryLock(328)) - Lock on /workdir/hadoop-ozone/integration-test/target/test-dir/MiniOzoneClusterImpl-556ae367-a76f-437b-9cdb-d0d311a5222a/datanode-4/data/ratis/3545a7f4-474c-4cc6-aa1b-08407d75501e/in_use.lock acquired by nodename 25063@pr-hdds-1868-gtwz2-575081100
2019-10-08 20:57:03,048 [IPC Server handler 8 on 39007] INFO  net.NetworkTopology (NetworkTopologyImpl.java:add(111)) - Added a new node: /default-rack/26fb5415-fc41-4e82-8ddb-8a77e6c283f9
2019-10-08 20:57:03,048 [IPC Server handler 8 on 39007] INFO  node.SCMNodeManager (SCMNodeManager.java:register(268)) - Registered Data node : 26fb5415-fc41-4e82-8ddb-8a77e6c283f9{ip: 192.168.5.143, host: pr-hdds-1868-gtwz2-575081100, networkLocation: /default-rack, certSerialId: null}
2019-10-08 20:57:03,118 [pool-423-thread-1] INFO  storage.RaftStorage (RaftStorage.java:format(84)) - Storage directory /workdir/hadoop-ozone/integration-test/target/test-dir/MiniOzoneClusterImpl-556ae367-a76f-437b-9cdb-d0d311a5222a/datanode-4/data/ratis/3545a7f4-474c-4cc6-aa1b-08407d75501e has been successfully formatted.
2019-10-08 20:57:03,119 [pool-423-thread-1] INFO  ratis.ContainerStateMachine (ContainerStateMachine.java:loadSnapshot(233)) - group-08407D75501E: The snapshot info is null. Setting the last applied indexto:(t:0, i:~)
2019-10-08 20:57:03,119 [pool-423-thread-1] INFO  server.RaftServerConfigKeys (ConfUtils.java:logGet(43)) - raft.server.notification.no-leader.timeout = 120s (custom)
2019-10-08 20:57:03,119 [pool-423-thread-1] INFO  server.RaftServerConfigKeys (ConfUtils.java:logGet(43)) - raft.server.log.use.memory = false (default)
2019-10-08 20:57:03,119 [pool-423-thread-1] INFO  server.RaftServerConfigKeys (ConfUtils.java:logGet(43)) - raft.server.log.purge.gap = 1000000 (custom)
2019-10-08 20:57:03,119 [pool-423-thread-1] INFO  server.RaftServerConfigKeys (ConfUtils.java:logGet(43)) - raft.server.log.appender.buffer.byte-limit = 33554432 (custom)
2019-10-08 20:57:03,119 [pool-423-thread-1] INFO  server.RaftServerConfigKeys (ConfUtils.java:logGet(43)) - raft.server.log.segment.size.max = 1048576 (custom)
2019-10-08 20:57:03,120 [pool-423-thread-1] INFO  server.RaftServerConfigKeys (ConfUtils.java:logGet(43)) - raft.server.log.segment.cache.num.max = 2 (custom)
2019-10-08 20:57:03,121 [pool-423-thread-1] INFO  segmented.SegmentedRaftLogWorker (SegmentedRaftLogWorker.java:<init>(173)) - new 82f183d4-07ec-425f-8671-68fc3d628492@group-08407D75501E-SegmentedRaftLogWorker for RaftStorage:Storage Directory /workdir/hadoop-ozone/integration-test/target/test-dir/MiniOzoneClusterImpl-556ae367-a76f-437b-9cdb-d0d311a5222a/datanode-4/data/ratis/3545a7f4-474c-4cc6-aa1b-08407d75501e
2019-10-08 20:57:03,121 [pool-423-thread-1] INFO  server.RaftServerConfigKeys (ConfUtils.java:logGet(43)) - raft.server.log.queue.byte-limit = 2147483647 (custom)
2019-10-08 20:57:03,121 [pool-423-thread-1] INFO  server.RaftServerConfigKeys (ConfUtils.java:logGet(43)) - raft.server.log.queue.element-limit = 1024 (custom)
2019-10-08 20:57:03,121 [pool-423-thread-1] INFO  server.RaftServerConfigKeys (ConfUtils.java:logGet(43)) - raft.server.log.segment.size.max = 1048576 (custom)
2019-10-08 20:57:03,121 [pool-423-thread-1] INFO  server.RaftServerConfigKeys (ConfUtils.java:logGet(43)) - raft.server.log.preallocated.size = 16384 (custom)
2019-10-08 20:57:03,121 [pool-423-thread-1] INFO  server.RaftServerConfigKeys (ConfUtils.java:logGet(43)) - raft.server.log.write.buffer.size = 33554432 (custom)
2019-10-08 20:57:03,121 [pool-423-thread-1] INFO  server.RaftServerConfigKeys (ConfUtils.java:logGet(43)) - raft.server.log.force.sync.num = 128 (default)
2019-10-08 20:57:03,121 [pool-423-thread-1] INFO  server.RaftServerConfigKeys (ConfUtils.java:logGet(43)) - raft.server.log.statemachine.data.sync = true (default)
2019-10-08 20:57:03,121 [pool-423-thread-1] INFO  server.RaftServerConfigKeys (ConfUtils.java:logGet(43)) - raft.server.log.statemachine.data.sync.timeout = 10s (default)
2019-10-08 20:57:03,121 [pool-423-thread-1] INFO  server.RaftServerConfigKeys (ConfUtils.java:logGet(43)) - raft.server.log.statemachine.data.sync.timeout.retry = -1 (default)
2019-10-08 20:57:03,122 [pool-423-thread-1] INFO  server.RaftServerConfigKeys (ConfUtils.java:logGet(43)) - raft.server.log.statemachine.data.caching.enabled = true (custom)
2019-10-08 20:57:03,122 [pool-423-thread-1] INFO  segmented.SegmentedRaftLogWorker (SegmentedRaftLogWorker.java:lambda$new$0(128)) - 82f183d4-07ec-425f-8671-68fc3d628492@group-08407D75501E-SegmentedRaftLogWorker: flushIndex: setUnconditionally 0 -> -1
2019-10-08 20:57:03,122 [pool-423-thread-1] INFO  server.RaftServerConfigKeys (ConfUtils.java:logGet(43)) - raft.server.snapshot.auto.trigger.enabled = true (custom)
2019-10-08 20:57:03,122 [pool-423-thread-1] INFO  server.RaftServerConfigKeys (ConfUtils.java:logGet(43)) - raft.server.snapshot.auto.trigger.threshold = 10000 (custom)
2019-10-08 20:57:03,122 [pool-423-thread-1] INFO  server.RaftServerConfigKeys (ConfUtils.java:logGet(43)) - raft.server.snapshot.retention.file.num = 5 (custom)
2019-10-08 20:57:03,123 [pool-423-thread-1] INFO  server.RaftServerConfigKeys (ConfUtils.java:logGet(43)) - raft.server.retrycache.expirytime = 600000ms (custom)
2019-10-08 20:57:03,124 [pool-423-thread-1] INFO  impl.RaftServerImpl (RaftServerImpl.java:start(181)) - 82f183d4-07ec-425f-8671-68fc3d628492@group-08407D75501E: start as a follower, conf=-1: [82f183d4-07ec-425f-8671-68fc3d628492:192.168.5.143:41289], old=null
2019-10-08 20:57:03,124 [pool-423-thread-1] INFO  impl.RaftServerImpl (RaftServerImpl.java:setRole(170)) - 82f183d4-07ec-425f-8671-68fc3d628492@group-08407D75501E: changes role from      null to FOLLOWER at term 0 for startAsFollower
2019-10-08 20:57:03,124 [pool-423-thread-1] INFO  impl.RoleInfo (RoleInfo.java:updateAndGet(143)) - 82f183d4-07ec-425f-8671-68fc3d628492: start FollowerState
2019-10-08 20:57:03,124 [pool-423-thread-1] INFO  util.JmxRegister (JmxRegister.java:tryRegister(44)) - Successfully registered JMX Bean with object name Ratis:service=RaftServer,group=group-08407D75501E,id=82f183d4-07ec-425f-8671-68fc3d628492
2019-10-08 20:57:03,128 [RatisPipelineUtilsThread] INFO  pipeline.PipelineStateManager (PipelineStateManager.java:addPipeline(57)) - Created pipeline Pipeline[ Id: 3545a7f4-474c-4cc6-aa1b-08407d75501e, Nodes: 82f183d4-07ec-425f-8671-68fc3d628492{ip: 192.168.5.143, host: pr-hdds-1868-gtwz2-575081100, networkLocation: /default-rack, certSerialId: null}, Type:RATIS, Factor:ONE, State:ALLOCATED]
2019-10-08 20:57:03,137 [grpc-default-executor-5] INFO  impl.RaftServerProxy (RaftServerProxy.java:addNew(89)) - 105b5466-f074-4557-a150-d437ba92de7c: addNew group-9AC4B16900EA:[105b5466-f074-4557-a150-d437ba92de7c:192.168.5.143:43619] returns group-9AC4B16900EA:java.util.concurrent.CompletableFuture@4b644058[Not completed]
2019-10-08 20:57:03,138 [pool-433-thread-1] INFO  impl.RaftServerImpl (RaftServerImpl.java:<init>(95)) - 105b5466-f074-4557-a150-d437ba92de7c: new RaftServerImpl for group-9AC4B16900EA:[105b5466-f074-4557-a150-d437ba92de7c:192.168.5.143:43619] with ContainerStateMachine:uninitialized
2019-10-08 20:57:03,138 [pool-433-thread-1] INFO  server.RaftServerConfigKeys (ConfUtils.java:logGet(43)) - raft.server.rpc.timeout.min = 5s (custom)
2019-10-08 20:57:03,138 [pool-433-thread-1] INFO  server.RaftServerConfigKeys (ConfUtils.java:logGet(43)) - raft.server.rpc.timeout.max = 5200ms (custom)
2019-10-08 20:57:03,138 [pool-433-thread-1] INFO  server.RaftServerConfigKeys (ConfUtils.java:logGet(43)) - raft.server.rpcslowness.timeout = 120s (custom)
2019-10-08 20:57:03,138 [pool-433-thread-1] INFO  server.RaftServerConfigKeys (ConfUtils.java:logGet(43)) - raft.server.sleep.deviation.threshold = 300 (default)
2019-10-08 20:57:03,138 [pool-433-thread-1] INFO  server.RaftServerConfigKeys (ConfUtils.java:logGet(43)) - raft.server.log.appender.install.snapshot.enabled = false (custom)
2019-10-08 20:57:03,138 [pool-433-thread-1] INFO  impl.RaftServerImpl (ServerState.java:<init>(103)) - 105b5466-f074-4557-a150-d437ba92de7c@group-9AC4B16900EA: ConfigurationManager, init=-1: [105b5466-f074-4557-a150-d437ba92de7c:192.168.5.143:43619], old=null, confs=<EMPTY_MAP>
2019-10-08 20:57:03,138 [pool-433-thread-1] INFO  server.RaftServerConfigKeys (ConfUtils.java:logGet(43)) - raft.server.storage.dir = [/workdir/hadoop-ozone/integration-test/target/test-dir/MiniOzoneClusterImpl-556ae367-a76f-437b-9cdb-d0d311a5222a/datanode-5/data/ratis] (custom)
2019-10-08 20:57:03,139 [pool-433-thread-1] INFO  server.RaftServerConfigKeys (ConfUtils.java:logGet(43)) - raft.server.log.corruption.policy = EXCEPTION (default)
2019-10-08 20:57:03,139 [pool-433-thread-1] INFO  storage.RaftStorageDirectory (RaftStorageDirectory.java:analyzeStorage(246)) - The storage directory /workdir/hadoop-ozone/integration-test/target/test-dir/MiniOzoneClusterImpl-556ae367-a76f-437b-9cdb-d0d311a5222a/datanode-5/data/ratis/0f5cb547-e214-41ca-b8cc-9ac4b16900ea does not exist. Creating ...
2019-10-08 20:57:03,670 [pool-433-thread-1] INFO  storage.RaftStorageDirectory (RaftStorageDirectory.java:tryLock(328)) - Lock on /workdir/hadoop-ozone/integration-test/target/test-dir/MiniOzoneClusterImpl-556ae367-a76f-437b-9cdb-d0d311a5222a/datanode-5/data/ratis/0f5cb547-e214-41ca-b8cc-9ac4b16900ea/in_use.lock acquired by nodename 25063@pr-hdds-1868-gtwz2-575081100
2019-10-08 20:57:03,811 [pool-433-thread-1] INFO  storage.RaftStorage (RaftStorage.java:format(84)) - Storage directory /workdir/hadoop-ozone/integration-test/target/test-dir/MiniOzoneClusterImpl-556ae367-a76f-437b-9cdb-d0d311a5222a/datanode-5/data/ratis/0f5cb547-e214-41ca-b8cc-9ac4b16900ea has been successfully formatted.
2019-10-08 20:57:03,811 [pool-433-thread-1] INFO  ratis.ContainerStateMachine (ContainerStateMachine.java:loadSnapshot(233)) - group-9AC4B16900EA: The snapshot info is null. Setting the last applied indexto:(t:0, i:~)
2019-10-08 20:57:03,812 [pool-433-thread-1] INFO  server.RaftServerConfigKeys (ConfUtils.java:logGet(43)) - raft.server.notification.no-leader.timeout = 120s (custom)
2019-10-08 20:57:03,812 [pool-433-thread-1] INFO  server.RaftServerConfigKeys (ConfUtils.java:logGet(43)) - raft.server.log.use.memory = false (default)
2019-10-08 20:57:03,812 [pool-433-thread-1] INFO  server.RaftServerConfigKeys (ConfUtils.java:logGet(43)) - raft.server.log.purge.gap = 1000000 (custom)
2019-10-08 20:57:03,812 [pool-433-thread-1] INFO  server.RaftServerConfigKeys (ConfUtils.java:logGet(43)) - raft.server.log.appender.buffer.byte-limit = 33554432 (custom)
2019-10-08 20:57:03,812 [pool-433-thread-1] INFO  server.RaftServerConfigKeys (ConfUtils.java:logGet(43)) - raft.server.log.segment.size.max = 1048576 (custom)
2019-10-08 20:57:03,814 [pool-433-thread-1] INFO  server.RaftServerConfigKeys (ConfUtils.java:logGet(43)) - raft.server.log.segment.cache.num.max = 2 (custom)
2019-10-08 20:57:03,814 [pool-433-thread-1] INFO  segmented.SegmentedRaftLogWorker (SegmentedRaftLogWorker.java:<init>(173)) - new 105b5466-f074-4557-a150-d437ba92de7c@group-9AC4B16900EA-SegmentedRaftLogWorker for RaftStorage:Storage Directory /workdir/hadoop-ozone/integration-test/target/test-dir/MiniOzoneClusterImpl-556ae367-a76f-437b-9cdb-d0d311a5222a/datanode-5/data/ratis/0f5cb547-e214-41ca-b8cc-9ac4b16900ea
2019-10-08 20:57:03,814 [pool-433-thread-1] INFO  server.RaftServerConfigKeys (ConfUtils.java:logGet(43)) - raft.server.log.queue.byte-limit = 2147483647 (custom)
2019-10-08 20:57:03,814 [pool-433-thread-1] INFO  server.RaftServerConfigKeys (ConfUtils.java:logGet(43)) - raft.server.log.queue.element-limit = 1024 (custom)
2019-10-08 20:57:03,814 [pool-433-thread-1] INFO  server.RaftServerConfigKeys (ConfUtils.java:logGet(43)) - raft.server.log.segment.size.max = 1048576 (custom)
2019-10-08 20:57:03,814 [pool-433-thread-1] INFO  server.RaftServerConfigKeys (ConfUtils.java:logGet(43)) - raft.server.log.preallocated.size = 16384 (custom)
2019-10-08 20:57:03,814 [pool-433-thread-1] INFO  server.RaftServerConfigKeys (ConfUtils.java:logGet(43)) - raft.server.log.write.buffer.size = 33554432 (custom)
2019-10-08 20:57:03,814 [pool-433-thread-1] INFO  server.RaftServerConfigKeys (ConfUtils.java:logGet(43)) - raft.server.log.force.sync.num = 128 (default)
2019-10-08 20:57:03,815 [pool-433-thread-1] INFO  server.RaftServerConfigKeys (ConfUtils.java:logGet(43)) - raft.server.log.statemachine.data.sync = true (default)
2019-10-08 20:57:03,815 [pool-433-thread-1] INFO  server.RaftServerConfigKeys (ConfUtils.java:logGet(43)) - raft.server.log.statemachine.data.sync.timeout = 10s (default)
2019-10-08 20:57:03,815 [pool-433-thread-1] INFO  server.RaftServerConfigKeys (ConfUtils.java:logGet(43)) - raft.server.log.statemachine.data.sync.timeout.retry = -1 (default)
2019-10-08 20:57:03,815 [pool-433-thread-1] INFO  server.RaftServerConfigKeys (ConfUtils.java:logGet(43)) - raft.server.log.statemachine.data.caching.enabled = true (custom)
2019-10-08 20:57:03,815 [pool-433-thread-1] INFO  segmented.SegmentedRaftLogWorker (SegmentedRaftLogWorker.java:lambda$new$0(128)) - 105b5466-f074-4557-a150-d437ba92de7c@group-9AC4B16900EA-SegmentedRaftLogWorker: flushIndex: setUnconditionally 0 -> -1
2019-10-08 20:57:03,816 [pool-433-thread-1] INFO  server.RaftServerConfigKeys (ConfUtils.java:logGet(43)) - raft.server.snapshot.auto.trigger.enabled = true (custom)
2019-10-08 20:57:03,816 [pool-433-thread-1] INFO  server.RaftServerConfigKeys (ConfUtils.java:logGet(43)) - raft.server.snapshot.auto.trigger.threshold = 10000 (custom)
2019-10-08 20:57:03,816 [pool-433-thread-1] INFO  server.RaftServerConfigKeys (ConfUtils.java:logGet(43)) - raft.server.snapshot.retention.file.num = 5 (custom)
2019-10-08 20:57:03,816 [pool-433-thread-1] INFO  server.RaftServerConfigKeys (ConfUtils.java:logGet(43)) - raft.server.retrycache.expirytime = 600000ms (custom)
2019-10-08 20:57:03,817 [pool-433-thread-1] INFO  impl.RaftServerImpl (RaftServerImpl.java:start(181)) - 105b5466-f074-4557-a150-d437ba92de7c@group-9AC4B16900EA: start as a follower, conf=-1: [105b5466-f074-4557-a150-d437ba92de7c:192.168.5.143:43619], old=null
2019-10-08 20:57:03,817 [pool-433-thread-1] INFO  impl.RaftServerImpl (RaftServerImpl.java:setRole(170)) - 105b5466-f074-4557-a150-d437ba92de7c@group-9AC4B16900EA: changes role from      null to FOLLOWER at term 0 for startAsFollower
2019-10-08 20:57:03,818 [pool-433-thread-1] INFO  impl.RoleInfo (RoleInfo.java:updateAndGet(143)) - 105b5466-f074-4557-a150-d437ba92de7c: start FollowerState
2019-10-08 20:57:03,818 [pool-433-thread-1] INFO  util.JmxRegister (JmxRegister.java:tryRegister(44)) - Successfully registered JMX Bean with object name Ratis:service=RaftServer,group=group-9AC4B16900EA,id=105b5466-f074-4557-a150-d437ba92de7c
2019-10-08 20:57:03,821 [RatisPipelineUtilsThread] INFO  pipeline.PipelineStateManager (PipelineStateManager.java:addPipeline(57)) - Created pipeline Pipeline[ Id: 0f5cb547-e214-41ca-b8cc-9ac4b16900ea, Nodes: 105b5466-f074-4557-a150-d437ba92de7c{ip: 192.168.5.143, host: pr-hdds-1868-gtwz2-575081100, networkLocation: /default-rack, certSerialId: null}, Type:RATIS, Factor:ONE, State:ALLOCATED]
2019-10-08 20:57:03,827 [grpc-default-executor-5] INFO  impl.RaftServerProxy (RaftServerProxy.java:addNew(89)) - 26fb5415-fc41-4e82-8ddb-8a77e6c283f9: addNew group-F2CCC217521D:[26fb5415-fc41-4e82-8ddb-8a77e6c283f9:192.168.5.143:35912] returns group-F2CCC217521D:java.util.concurrent.CompletableFuture@26dec017[Not completed]
2019-10-08 20:57:03,829 [pool-443-thread-1] INFO  impl.RaftServerImpl (RaftServerImpl.java:<init>(95)) - 26fb5415-fc41-4e82-8ddb-8a77e6c283f9: new RaftServerImpl for group-F2CCC217521D:[26fb5415-fc41-4e82-8ddb-8a77e6c283f9:192.168.5.143:35912] with ContainerStateMachine:uninitialized
2019-10-08 20:57:03,829 [pool-443-thread-1] INFO  server.RaftServerConfigKeys (ConfUtils.java:logGet(43)) - raft.server.rpc.timeout.min = 5s (custom)
2019-10-08 20:57:03,829 [pool-443-thread-1] INFO  server.RaftServerConfigKeys (ConfUtils.java:logGet(43)) - raft.server.rpc.timeout.max = 5200ms (custom)
2019-10-08 20:57:03,829 [pool-443-thread-1] INFO  server.RaftServerConfigKeys (ConfUtils.java:logGet(43)) - raft.server.rpcslowness.timeout = 120s (custom)
2019-10-08 20:57:03,829 [pool-443-thread-1] INFO  server.RaftServerConfigKeys (ConfUtils.java:logGet(43)) - raft.server.sleep.deviation.threshold = 300 (default)
2019-10-08 20:57:03,829 [pool-443-thread-1] INFO  server.RaftServerConfigKeys (ConfUtils.java:logGet(43)) - raft.server.log.appender.install.snapshot.enabled = false (custom)
2019-10-08 20:57:03,829 [pool-443-thread-1] INFO  impl.RaftServerImpl (ServerState.java:<init>(103)) - 26fb5415-fc41-4e82-8ddb-8a77e6c283f9@group-F2CCC217521D: ConfigurationManager, init=-1: [26fb5415-fc41-4e82-8ddb-8a77e6c283f9:192.168.5.143:35912], old=null, confs=<EMPTY_MAP>
2019-10-08 20:57:03,829 [pool-443-thread-1] INFO  server.RaftServerConfigKeys (ConfUtils.java:logGet(43)) - raft.server.storage.dir = [/workdir/hadoop-ozone/integration-test/target/test-dir/MiniOzoneClusterImpl-556ae367-a76f-437b-9cdb-d0d311a5222a/datanode-6/data/ratis] (custom)
2019-10-08 20:57:03,830 [pool-443-thread-1] INFO  server.RaftServerConfigKeys (ConfUtils.java:logGet(43)) - raft.server.log.corruption.policy = EXCEPTION (default)
2019-10-08 20:57:03,830 [pool-443-thread-1] INFO  storage.RaftStorageDirectory (RaftStorageDirectory.java:analyzeStorage(246)) - The storage directory /workdir/hadoop-ozone/integration-test/target/test-dir/MiniOzoneClusterImpl-556ae367-a76f-437b-9cdb-d0d311a5222a/datanode-6/data/ratis/556c8d05-94ae-47ce-b16f-f2ccc217521d does not exist. Creating ...
2019-10-08 20:57:04,512 [pool-443-thread-1] INFO  storage.RaftStorageDirectory (RaftStorageDirectory.java:tryLock(328)) - Lock on /workdir/hadoop-ozone/integration-test/target/test-dir/MiniOzoneClusterImpl-556ae367-a76f-437b-9cdb-d0d311a5222a/datanode-6/data/ratis/556c8d05-94ae-47ce-b16f-f2ccc217521d/in_use.lock acquired by nodename 25063@pr-hdds-1868-gtwz2-575081100
2019-10-08 20:57:04,554 [pool-443-thread-1] INFO  storage.RaftStorage (RaftStorage.java:format(84)) - Storage directory /workdir/hadoop-ozone/integration-test/target/test-dir/MiniOzoneClusterImpl-556ae367-a76f-437b-9cdb-d0d311a5222a/datanode-6/data/ratis/556c8d05-94ae-47ce-b16f-f2ccc217521d has been successfully formatted.
2019-10-08 20:57:04,555 [pool-443-thread-1] INFO  ratis.ContainerStateMachine (ContainerStateMachine.java:loadSnapshot(233)) - group-F2CCC217521D: The snapshot info is null. Setting the last applied indexto:(t:0, i:~)
2019-10-08 20:57:04,555 [pool-443-thread-1] INFO  server.RaftServerConfigKeys (ConfUtils.java:logGet(43)) - raft.server.notification.no-leader.timeout = 120s (custom)
2019-10-08 20:57:04,555 [pool-443-thread-1] INFO  server.RaftServerConfigKeys (ConfUtils.java:logGet(43)) - raft.server.log.use.memory = false (default)
2019-10-08 20:57:04,555 [pool-443-thread-1] INFO  server.RaftServerConfigKeys (ConfUtils.java:logGet(43)) - raft.server.log.purge.gap = 1000000 (custom)
2019-10-08 20:57:04,555 [pool-443-thread-1] INFO  server.RaftServerConfigKeys (ConfUtils.java:logGet(43)) - raft.server.log.appender.buffer.byte-limit = 33554432 (custom)
2019-10-08 20:57:04,555 [pool-443-thread-1] INFO  server.RaftServerConfigKeys (ConfUtils.java:logGet(43)) - raft.server.log.segment.size.max = 1048576 (custom)
2019-10-08 20:57:04,557 [pool-443-thread-1] INFO  server.RaftServerConfigKeys (ConfUtils.java:logGet(43)) - raft.server.log.segment.cache.num.max = 2 (custom)
2019-10-08 20:57:04,557 [pool-443-thread-1] INFO  segmented.SegmentedRaftLogWorker (SegmentedRaftLogWorker.java:<init>(173)) - new 26fb5415-fc41-4e82-8ddb-8a77e6c283f9@group-F2CCC217521D-SegmentedRaftLogWorker for RaftStorage:Storage Directory /workdir/hadoop-ozone/integration-test/target/test-dir/MiniOzoneClusterImpl-556ae367-a76f-437b-9cdb-d0d311a5222a/datanode-6/data/ratis/556c8d05-94ae-47ce-b16f-f2ccc217521d
2019-10-08 20:57:04,557 [pool-443-thread-1] INFO  server.RaftServerConfigKeys (ConfUtils.java:logGet(43)) - raft.server.log.queue.byte-limit = 2147483647 (custom)
2019-10-08 20:57:04,557 [pool-443-thread-1] INFO  server.RaftServerConfigKeys (ConfUtils.java:logGet(43)) - raft.server.log.queue.element-limit = 1024 (custom)
2019-10-08 20:57:04,557 [pool-443-thread-1] INFO  server.RaftServerConfigKeys (ConfUtils.java:logGet(43)) - raft.server.log.segment.size.max = 1048576 (custom)
2019-10-08 20:57:04,557 [pool-443-thread-1] INFO  server.RaftServerConfigKeys (ConfUtils.java:logGet(43)) - raft.server.log.preallocated.size = 16384 (custom)
2019-10-08 20:57:04,557 [pool-443-thread-1] INFO  server.RaftServerConfigKeys (ConfUtils.java:logGet(43)) - raft.server.log.write.buffer.size = 33554432 (custom)
2019-10-08 20:57:04,558 [pool-443-thread-1] INFO  server.RaftServerConfigKeys (ConfUtils.java:logGet(43)) - raft.server.log.force.sync.num = 128 (default)
2019-10-08 20:57:04,558 [pool-443-thread-1] INFO  server.RaftServerConfigKeys (ConfUtils.java:logGet(43)) - raft.server.log.statemachine.data.sync = true (default)
2019-10-08 20:57:04,558 [pool-443-thread-1] INFO  server.RaftServerConfigKeys (ConfUtils.java:logGet(43)) - raft.server.log.statemachine.data.sync.timeout = 10s (default)
2019-10-08 20:57:04,558 [pool-443-thread-1] INFO  server.RaftServerConfigKeys (ConfUtils.java:logGet(43)) - raft.server.log.statemachine.data.sync.timeout.retry = -1 (default)
2019-10-08 20:57:04,558 [pool-443-thread-1] INFO  server.RaftServerConfigKeys (ConfUtils.java:logGet(43)) - raft.server.log.statemachine.data.caching.enabled = true (custom)
2019-10-08 20:57:04,558 [pool-443-thread-1] INFO  segmented.SegmentedRaftLogWorker (SegmentedRaftLogWorker.java:lambda$new$0(128)) - 26fb5415-fc41-4e82-8ddb-8a77e6c283f9@group-F2CCC217521D-SegmentedRaftLogWorker: flushIndex: setUnconditionally 0 -> -1
2019-10-08 20:57:04,559 [pool-443-thread-1] INFO  server.RaftServerConfigKeys (ConfUtils.java:logGet(43)) - raft.server.snapshot.auto.trigger.enabled = true (custom)
2019-10-08 20:57:04,559 [pool-443-thread-1] INFO  server.RaftServerConfigKeys (ConfUtils.java:logGet(43)) - raft.server.snapshot.auto.trigger.threshold = 10000 (custom)
2019-10-08 20:57:04,559 [pool-443-thread-1] INFO  server.RaftServerConfigKeys (ConfUtils.java:logGet(43)) - raft.server.snapshot.retention.file.num = 5 (custom)
2019-10-08 20:57:04,559 [pool-443-thread-1] INFO  server.RaftServerConfigKeys (ConfUtils.java:logGet(43)) - raft.server.retrycache.expirytime = 600000ms (custom)
2019-10-08 20:57:04,560 [pool-443-thread-1] INFO  impl.RaftServerImpl (RaftServerImpl.java:start(181)) - 26fb5415-fc41-4e82-8ddb-8a77e6c283f9@group-F2CCC217521D: start as a follower, conf=-1: [26fb5415-fc41-4e82-8ddb-8a77e6c283f9:192.168.5.143:35912], old=null
2019-10-08 20:57:04,560 [pool-443-thread-1] INFO  impl.RaftServerImpl (RaftServerImpl.java:setRole(170)) - 26fb5415-fc41-4e82-8ddb-8a77e6c283f9@group-F2CCC217521D: changes role from      null to FOLLOWER at term 0 for startAsFollower
2019-10-08 20:57:04,560 [pool-443-thread-1] INFO  impl.RoleInfo (RoleInfo.java:updateAndGet(143)) - 26fb5415-fc41-4e82-8ddb-8a77e6c283f9: start FollowerState
2019-10-08 20:57:04,561 [pool-443-thread-1] INFO  util.JmxRegister (JmxRegister.java:tryRegister(44)) - Successfully registered JMX Bean with object name Ratis:service=RaftServer,group=group-F2CCC217521D,id=26fb5415-fc41-4e82-8ddb-8a77e6c283f9
2019-10-08 20:57:04,574 [RatisPipelineUtilsThread] INFO  pipeline.PipelineStateManager (PipelineStateManager.java:addPipeline(57)) - Created pipeline Pipeline[ Id: 556c8d05-94ae-47ce-b16f-f2ccc217521d, Nodes: 26fb5415-fc41-4e82-8ddb-8a77e6c283f9{ip: 192.168.5.143, host: pr-hdds-1868-gtwz2-575081100, networkLocation: /default-rack, certSerialId: null}, Type:RATIS, Factor:ONE, State:ALLOCATED]
2019-10-08 20:57:04,590 [grpc-default-executor-7] INFO  impl.RaftServerProxy (RaftServerProxy.java:addNew(89)) - 26fb5415-fc41-4e82-8ddb-8a77e6c283f9: addNew group-E32A62CBEFC6:[26fb5415-fc41-4e82-8ddb-8a77e6c283f9:192.168.5.143:35912, 105b5466-f074-4557-a150-d437ba92de7c:192.168.5.143:43619, e52ae031-559f-4c9e-bebc-adcf9ddddd4c:192.168.5.143:44737] returns group-E32A62CBEFC6:java.util.concurrent.CompletableFuture@74593ee6[Not completed]
2019-10-08 20:57:04,591 [pool-443-thread-1] INFO  impl.RaftServerImpl (RaftServerImpl.java:<init>(95)) - 26fb5415-fc41-4e82-8ddb-8a77e6c283f9: new RaftServerImpl for group-E32A62CBEFC6:[26fb5415-fc41-4e82-8ddb-8a77e6c283f9:192.168.5.143:35912, 105b5466-f074-4557-a150-d437ba92de7c:192.168.5.143:43619, e52ae031-559f-4c9e-bebc-adcf9ddddd4c:192.168.5.143:44737] with ContainerStateMachine:uninitialized
2019-10-08 20:57:04,591 [pool-443-thread-1] INFO  server.RaftServerConfigKeys (ConfUtils.java:logGet(43)) - raft.server.rpc.timeout.min = 5s (custom)
2019-10-08 20:57:04,591 [pool-443-thread-1] INFO  server.RaftServerConfigKeys (ConfUtils.java:logGet(43)) - raft.server.rpc.timeout.max = 5200ms (custom)
2019-10-08 20:57:04,591 [pool-443-thread-1] INFO  server.RaftServerConfigKeys (ConfUtils.java:logGet(43)) - raft.server.rpcslowness.timeout = 120s (custom)
2019-10-08 20:57:04,591 [pool-443-thread-1] INFO  server.RaftServerConfigKeys (ConfUtils.java:logGet(43)) - raft.server.sleep.deviation.threshold = 300 (default)
2019-10-08 20:57:04,592 [pool-443-thread-1] INFO  server.RaftServerConfigKeys (ConfUtils.java:logGet(43)) - raft.server.log.appender.install.snapshot.enabled = false (custom)
2019-10-08 20:57:04,592 [pool-443-thread-1] INFO  impl.RaftServerImpl (ServerState.java:<init>(103)) - 26fb5415-fc41-4e82-8ddb-8a77e6c283f9@group-E32A62CBEFC6: ConfigurationManager, init=-1: [26fb5415-fc41-4e82-8ddb-8a77e6c283f9:192.168.5.143:35912, 105b5466-f074-4557-a150-d437ba92de7c:192.168.5.143:43619, e52ae031-559f-4c9e-bebc-adcf9ddddd4c:192.168.5.143:44737], old=null, confs=<EMPTY_MAP>
2019-10-08 20:57:04,592 [pool-443-thread-1] INFO  server.RaftServerConfigKeys (ConfUtils.java:logGet(43)) - raft.server.storage.dir = [/workdir/hadoop-ozone/integration-test/target/test-dir/MiniOzoneClusterImpl-556ae367-a76f-437b-9cdb-d0d311a5222a/datanode-6/data/ratis] (custom)
2019-10-08 20:57:04,592 [pool-443-thread-1] INFO  server.RaftServerConfigKeys (ConfUtils.java:logGet(43)) - raft.server.log.corruption.policy = EXCEPTION (default)
2019-10-08 20:57:04,604 [grpc-default-executor-7] INFO  impl.RaftServerProxy (RaftServerProxy.java:addNew(89)) - e52ae031-559f-4c9e-bebc-adcf9ddddd4c: addNew group-E32A62CBEFC6:[26fb5415-fc41-4e82-8ddb-8a77e6c283f9:192.168.5.143:35912, 105b5466-f074-4557-a150-d437ba92de7c:192.168.5.143:43619, e52ae031-559f-4c9e-bebc-adcf9ddddd4c:192.168.5.143:44737] returns group-E32A62CBEFC6:java.util.concurrent.CompletableFuture@23a22e32[Not completed]
2019-10-08 20:57:04,604 [grpc-default-executor-5] INFO  impl.RaftServerProxy (RaftServerProxy.java:addNew(89)) - 105b5466-f074-4557-a150-d437ba92de7c: addNew group-E32A62CBEFC6:[26fb5415-fc41-4e82-8ddb-8a77e6c283f9:192.168.5.143:35912, 105b5466-f074-4557-a150-d437ba92de7c:192.168.5.143:43619, e52ae031-559f-4c9e-bebc-adcf9ddddd4c:192.168.5.143:44737] returns group-E32A62CBEFC6:java.util.concurrent.CompletableFuture@1b2411b5[Not completed]
2019-10-08 20:57:04,605 [pool-413-thread-1] INFO  impl.RaftServerImpl (RaftServerImpl.java:<init>(95)) - e52ae031-559f-4c9e-bebc-adcf9ddddd4c: new RaftServerImpl for group-E32A62CBEFC6:[26fb5415-fc41-4e82-8ddb-8a77e6c283f9:192.168.5.143:35912, 105b5466-f074-4557-a150-d437ba92de7c:192.168.5.143:43619, e52ae031-559f-4c9e-bebc-adcf9ddddd4c:192.168.5.143:44737] with ContainerStateMachine:uninitialized
2019-10-08 20:57:04,605 [pool-413-thread-1] INFO  server.RaftServerConfigKeys (ConfUtils.java:logGet(43)) - raft.server.rpc.timeout.min = 5s (custom)
2019-10-08 20:57:04,605 [pool-413-thread-1] INFO  server.RaftServerConfigKeys (ConfUtils.java:logGet(43)) - raft.server.rpc.timeout.max = 5200ms (custom)
2019-10-08 20:57:04,605 [pool-413-thread-1] INFO  server.RaftServerConfigKeys (ConfUtils.java:logGet(43)) - raft.server.rpcslowness.timeout = 120s (custom)
2019-10-08 20:57:04,605 [pool-413-thread-1] INFO  server.RaftServerConfigKeys (ConfUtils.java:logGet(43)) - raft.server.sleep.deviation.threshold = 300 (default)
2019-10-08 20:57:04,605 [pool-433-thread-1] INFO  impl.RaftServerImpl (RaftServerImpl.java:<init>(95)) - 105b5466-f074-4557-a150-d437ba92de7c: new RaftServerImpl for group-E32A62CBEFC6:[26fb5415-fc41-4e82-8ddb-8a77e6c283f9:192.168.5.143:35912, 105b5466-f074-4557-a150-d437ba92de7c:192.168.5.143:43619, e52ae031-559f-4c9e-bebc-adcf9ddddd4c:192.168.5.143:44737] with ContainerStateMachine:uninitialized
2019-10-08 20:57:04,605 [pool-413-thread-1] INFO  server.RaftServerConfigKeys (ConfUtils.java:logGet(43)) - raft.server.log.appender.install.snapshot.enabled = false (custom)
2019-10-08 20:57:04,605 [pool-433-thread-1] INFO  server.RaftServerConfigKeys (ConfUtils.java:logGet(43)) - raft.server.rpc.timeout.min = 5s (custom)
2019-10-08 20:57:04,605 [pool-413-thread-1] INFO  impl.RaftServerImpl (ServerState.java:<init>(103)) - e52ae031-559f-4c9e-bebc-adcf9ddddd4c@group-E32A62CBEFC6: ConfigurationManager, init=-1: [26fb5415-fc41-4e82-8ddb-8a77e6c283f9:192.168.5.143:35912, 105b5466-f074-4557-a150-d437ba92de7c:192.168.5.143:43619, e52ae031-559f-4c9e-bebc-adcf9ddddd4c:192.168.5.143:44737], old=null, confs=<EMPTY_MAP>
2019-10-08 20:57:04,606 [pool-433-thread-1] INFO  server.RaftServerConfigKeys (ConfUtils.java:logGet(43)) - raft.server.rpc.timeout.max = 5200ms (custom)
2019-10-08 20:57:04,606 [pool-413-thread-1] INFO  server.RaftServerConfigKeys (ConfUtils.java:logGet(43)) - raft.server.storage.dir = [/workdir/hadoop-ozone/integration-test/target/test-dir/MiniOzoneClusterImpl-556ae367-a76f-437b-9cdb-d0d311a5222a/datanode-3/data/ratis] (custom)
2019-10-08 20:57:04,606 [pool-433-thread-1] INFO  server.RaftServerConfigKeys (ConfUtils.java:logGet(43)) - raft.server.rpcslowness.timeout = 120s (custom)
2019-10-08 20:57:04,606 [pool-433-thread-1] INFO  server.RaftServerConfigKeys (ConfUtils.java:logGet(43)) - raft.server.sleep.deviation.threshold = 300 (default)
2019-10-08 20:57:04,606 [pool-413-thread-1] INFO  server.RaftServerConfigKeys (ConfUtils.java:logGet(43)) - raft.server.log.corruption.policy = EXCEPTION (default)
2019-10-08 20:57:04,606 [pool-433-thread-1] INFO  server.RaftServerConfigKeys (ConfUtils.java:logGet(43)) - raft.server.log.appender.install.snapshot.enabled = false (custom)
2019-10-08 20:57:04,606 [pool-413-thread-1] INFO  storage.RaftStorageDirectory (RaftStorageDirectory.java:analyzeStorage(246)) - The storage directory /workdir/hadoop-ozone/integration-test/target/test-dir/MiniOzoneClusterImpl-556ae367-a76f-437b-9cdb-d0d311a5222a/datanode-3/data/ratis/2003f173-029f-4259-9c72-e32a62cbefc6 does not exist. Creating ...
2019-10-08 20:57:04,606 [pool-433-thread-1] INFO  impl.RaftServerImpl (ServerState.java:<init>(103)) - 105b5466-f074-4557-a150-d437ba92de7c@group-E32A62CBEFC6: ConfigurationManager, init=-1: [26fb5415-fc41-4e82-8ddb-8a77e6c283f9:192.168.5.143:35912, 105b5466-f074-4557-a150-d437ba92de7c:192.168.5.143:43619, e52ae031-559f-4c9e-bebc-adcf9ddddd4c:192.168.5.143:44737], old=null, confs=<EMPTY_MAP>
2019-10-08 20:57:04,606 [pool-433-thread-1] INFO  server.RaftServerConfigKeys (ConfUtils.java:logGet(43)) - raft.server.storage.dir = [/workdir/hadoop-ozone/integration-test/target/test-dir/MiniOzoneClusterImpl-556ae367-a76f-437b-9cdb-d0d311a5222a/datanode-5/data/ratis] (custom)
2019-10-08 20:57:04,607 [pool-433-thread-1] INFO  server.RaftServerConfigKeys (ConfUtils.java:logGet(43)) - raft.server.log.corruption.policy = EXCEPTION (default)
2019-10-08 20:57:04,607 [pool-433-thread-1] INFO  storage.RaftStorageDirectory (RaftStorageDirectory.java:analyzeStorage(246)) - The storage directory /workdir/hadoop-ozone/integration-test/target/test-dir/MiniOzoneClusterImpl-556ae367-a76f-437b-9cdb-d0d311a5222a/datanode-5/data/ratis/2003f173-029f-4259-9c72-e32a62cbefc6 does not exist. Creating ...
2019-10-08 20:57:04,611 [pool-443-thread-1] INFO  storage.RaftStorageDirectory (RaftStorageDirectory.java:analyzeStorage(246)) - The storage directory /workdir/hadoop-ozone/integration-test/target/test-dir/MiniOzoneClusterImpl-556ae367-a76f-437b-9cdb-d0d311a5222a/datanode-6/data/ratis/2003f173-029f-4259-9c72-e32a62cbefc6 does not exist. Creating ...
2019-10-08 20:57:04,783 [pool-443-thread-1] INFO  storage.RaftStorageDirectory (RaftStorageDirectory.java:tryLock(328)) - Lock on /workdir/hadoop-ozone/integration-test/target/test-dir/MiniOzoneClusterImpl-556ae367-a76f-437b-9cdb-d0d311a5222a/datanode-6/data/ratis/2003f173-029f-4259-9c72-e32a62cbefc6/in_use.lock acquired by nodename 25063@pr-hdds-1868-gtwz2-575081100
2019-10-08 20:57:04,783 [pool-413-thread-1] INFO  storage.RaftStorageDirectory (RaftStorageDirectory.java:tryLock(328)) - Lock on /workdir/hadoop-ozone/integration-test/target/test-dir/MiniOzoneClusterImpl-556ae367-a76f-437b-9cdb-d0d311a5222a/datanode-3/data/ratis/2003f173-029f-4259-9c72-e32a62cbefc6/in_use.lock acquired by nodename 25063@pr-hdds-1868-gtwz2-575081100
2019-10-08 20:57:04,783 [pool-433-thread-1] INFO  storage.RaftStorageDirectory (RaftStorageDirectory.java:tryLock(328)) - Lock on /workdir/hadoop-ozone/integration-test/target/test-dir/MiniOzoneClusterImpl-556ae367-a76f-437b-9cdb-d0d311a5222a/datanode-5/data/ratis/2003f173-029f-4259-9c72-e32a62cbefc6/in_use.lock acquired by nodename 25063@pr-hdds-1868-gtwz2-575081100
2019-10-08 20:57:04,810 [pool-433-thread-1] INFO  storage.RaftStorage (RaftStorage.java:format(84)) - Storage directory /workdir/hadoop-ozone/integration-test/target/test-dir/MiniOzoneClusterImpl-556ae367-a76f-437b-9cdb-d0d311a5222a/datanode-5/data/ratis/2003f173-029f-4259-9c72-e32a62cbefc6 has been successfully formatted.
2019-10-08 20:57:04,810 [pool-413-thread-1] INFO  storage.RaftStorage (RaftStorage.java:format(84)) - Storage directory /workdir/hadoop-ozone/integration-test/target/test-dir/MiniOzoneClusterImpl-556ae367-a76f-437b-9cdb-d0d311a5222a/datanode-3/data/ratis/2003f173-029f-4259-9c72-e32a62cbefc6 has been successfully formatted.
2019-10-08 20:57:04,810 [pool-443-thread-1] INFO  storage.RaftStorage (RaftStorage.java:format(84)) - Storage directory /workdir/hadoop-ozone/integration-test/target/test-dir/MiniOzoneClusterImpl-556ae367-a76f-437b-9cdb-d0d311a5222a/datanode-6/data/ratis/2003f173-029f-4259-9c72-e32a62cbefc6 has been successfully formatted.
2019-10-08 20:57:04,810 [pool-413-thread-1] INFO  ratis.ContainerStateMachine (ContainerStateMachine.java:loadSnapshot(233)) - group-E32A62CBEFC6: The snapshot info is null. Setting the last applied indexto:(t:0, i:~)
2019-10-08 20:57:04,810 [pool-433-thread-1] INFO  ratis.ContainerStateMachine (ContainerStateMachine.java:loadSnapshot(233)) - group-E32A62CBEFC6: The snapshot info is null. Setting the last applied indexto:(t:0, i:~)
2019-10-08 20:57:04,811 [pool-443-thread-1] INFO  ratis.ContainerStateMachine (ContainerStateMachine.java:loadSnapshot(233)) - group-E32A62CBEFC6: The snapshot info is null. Setting the last applied indexto:(t:0, i:~)
2019-10-08 20:57:04,811 [pool-413-thread-1] INFO  server.RaftServerConfigKeys (ConfUtils.java:logGet(43)) - raft.server.notification.no-leader.timeout = 120s (custom)
2019-10-08 20:57:04,811 [pool-443-thread-1] INFO  server.RaftServerConfigKeys (ConfUtils.java:logGet(43)) - raft.server.notification.no-leader.timeout = 120s (custom)
2019-10-08 20:57:04,811 [pool-433-thread-1] INFO  server.RaftServerConfigKeys (ConfUtils.java:logGet(43)) - raft.server.notification.no-leader.timeout = 120s (custom)
2019-10-08 20:57:04,811 [pool-443-thread-1] INFO  server.RaftServerConfigKeys (ConfUtils.java:logGet(43)) - raft.server.log.use.memory = false (default)
2019-10-08 20:57:04,811 [pool-413-thread-1] INFO  server.RaftServerConfigKeys (ConfUtils.java:logGet(43)) - raft.server.log.use.memory = false (default)
2019-10-08 20:57:04,812 [pool-443-thread-1] INFO  server.RaftServerConfigKeys (ConfUtils.java:logGet(43)) - raft.server.log.purge.gap = 1000000 (custom)
2019-10-08 20:57:04,811 [pool-433-thread-1] INFO  server.RaftServerConfigKeys (ConfUtils.java:logGet(43)) - raft.server.log.use.memory = false (default)
2019-10-08 20:57:04,812 [pool-443-thread-1] INFO  server.RaftServerConfigKeys (ConfUtils.java:logGet(43)) - raft.server.log.appender.buffer.byte-limit = 33554432 (custom)
2019-10-08 20:57:04,812 [pool-413-thread-1] INFO  server.RaftServerConfigKeys (ConfUtils.java:logGet(43)) - raft.server.log.purge.gap = 1000000 (custom)
2019-10-08 20:57:04,812 [pool-443-thread-1] INFO  server.RaftServerConfigKeys (ConfUtils.java:logGet(43)) - raft.server.log.segment.size.max = 1048576 (custom)
2019-10-08 20:57:04,812 [pool-433-thread-1] INFO  server.RaftServerConfigKeys (ConfUtils.java:logGet(43)) - raft.server.log.purge.gap = 1000000 (custom)
2019-10-08 20:57:04,812 [pool-443-thread-1] INFO  server.RaftServerConfigKeys (ConfUtils.java:logGet(43)) - raft.server.log.segment.cache.num.max = 2 (custom)
2019-10-08 20:57:04,812 [pool-413-thread-1] INFO  server.RaftServerConfigKeys (ConfUtils.java:logGet(43)) - raft.server.log.appender.buffer.byte-limit = 33554432 (custom)
2019-10-08 20:57:04,813 [pool-443-thread-1] INFO  segmented.SegmentedRaftLogWorker (SegmentedRaftLogWorker.java:<init>(173)) - new 26fb5415-fc41-4e82-8ddb-8a77e6c283f9@group-E32A62CBEFC6-SegmentedRaftLogWorker for RaftStorage:Storage Directory /workdir/hadoop-ozone/integration-test/target/test-dir/MiniOzoneClusterImpl-556ae367-a76f-437b-9cdb-d0d311a5222a/datanode-6/data/ratis/2003f173-029f-4259-9c72-e32a62cbefc6
2019-10-08 20:57:04,812 [pool-433-thread-1] INFO  server.RaftServerConfigKeys (ConfUtils.java:logGet(43)) - raft.server.log.appender.buffer.byte-limit = 33554432 (custom)
2019-10-08 20:57:04,813 [pool-443-thread-1] INFO  server.RaftServerConfigKeys (ConfUtils.java:logGet(43)) - raft.server.log.queue.byte-limit = 2147483647 (custom)
2019-10-08 20:57:04,813 [pool-413-thread-1] INFO  server.RaftServerConfigKeys (ConfUtils.java:logGet(43)) - raft.server.log.segment.size.max = 1048576 (custom)
2019-10-08 20:57:04,813 [pool-443-thread-1] INFO  server.RaftServerConfigKeys (ConfUtils.java:logGet(43)) - raft.server.log.queue.element-limit = 1024 (custom)
2019-10-08 20:57:04,813 [pool-433-thread-1] INFO  server.RaftServerConfigKeys (ConfUtils.java:logGet(43)) - raft.server.log.segment.size.max = 1048576 (custom)
2019-10-08 20:57:04,813 [pool-443-thread-1] INFO  server.RaftServerConfigKeys (ConfUtils.java:logGet(43)) - raft.server.log.segment.size.max = 1048576 (custom)
2019-10-08 20:57:04,813 [pool-413-thread-1] INFO  server.RaftServerConfigKeys (ConfUtils.java:logGet(43)) - raft.server.log.segment.cache.num.max = 2 (custom)
2019-10-08 20:57:04,813 [pool-443-thread-1] INFO  server.RaftServerConfigKeys (ConfUtils.java:logGet(43)) - raft.server.log.preallocated.size = 16384 (custom)
2019-10-08 20:57:04,813 [pool-433-thread-1] INFO  server.RaftServerConfigKeys (ConfUtils.java:logGet(43)) - raft.server.log.segment.cache.num.max = 2 (custom)
2019-10-08 20:57:04,813 [pool-443-thread-1] INFO  server.RaftServerConfigKeys (ConfUtils.java:logGet(43)) - raft.server.log.write.buffer.size = 33554432 (custom)
2019-10-08 20:57:04,813 [pool-413-thread-1] INFO  segmented.SegmentedRaftLogWorker (SegmentedRaftLogWorker.java:<init>(173)) - new e52ae031-559f-4c9e-bebc-adcf9ddddd4c@group-E32A62CBEFC6-SegmentedRaftLogWorker for RaftStorage:Storage Directory /workdir/hadoop-ozone/integration-test/target/test-dir/MiniOzoneClusterImpl-556ae367-a76f-437b-9cdb-d0d311a5222a/datanode-3/data/ratis/2003f173-029f-4259-9c72-e32a62cbefc6
2019-10-08 20:57:04,814 [pool-443-thread-1] INFO  server.RaftServerConfigKeys (ConfUtils.java:logGet(43)) - raft.server.log.force.sync.num = 128 (default)
2019-10-08 20:57:04,814 [pool-433-thread-1] INFO  segmented.SegmentedRaftLogWorker (SegmentedRaftLogWorker.java:<init>(173)) - new 105b5466-f074-4557-a150-d437ba92de7c@group-E32A62CBEFC6-SegmentedRaftLogWorker for RaftStorage:Storage Directory /workdir/hadoop-ozone/integration-test/target/test-dir/MiniOzoneClusterImpl-556ae367-a76f-437b-9cdb-d0d311a5222a/datanode-5/data/ratis/2003f173-029f-4259-9c72-e32a62cbefc6
2019-10-08 20:57:04,814 [pool-443-thread-1] INFO  server.RaftServerConfigKeys (ConfUtils.java:logGet(43)) - raft.server.log.statemachine.data.sync = true (default)
2019-10-08 20:57:04,814 [pool-413-thread-1] INFO  server.RaftServerConfigKeys (ConfUtils.java:logGet(43)) - raft.server.log.queue.byte-limit = 2147483647 (custom)
2019-10-08 20:57:04,814 [pool-443-thread-1] INFO  server.RaftServerConfigKeys (ConfUtils.java:logGet(43)) - raft.server.log.statemachine.data.sync.timeout = 10s (default)
2019-10-08 20:57:04,814 [pool-433-thread-1] INFO  server.RaftServerConfigKeys (ConfUtils.java:logGet(43)) - raft.server.log.queue.byte-limit = 2147483647 (custom)
2019-10-08 20:57:04,814 [pool-443-thread-1] INFO  server.RaftServerConfigKeys (ConfUtils.java:logGet(43)) - raft.server.log.statemachine.data.sync.timeout.retry = -1 (default)
2019-10-08 20:57:04,814 [pool-413-thread-1] INFO  server.RaftServerConfigKeys (ConfUtils.java:logGet(43)) - raft.server.log.queue.element-limit = 1024 (custom)
2019-10-08 20:57:04,814 [pool-443-thread-1] INFO  server.RaftServerConfigKeys (ConfUtils.java:logGet(43)) - raft.server.log.statemachine.data.caching.enabled = true (custom)
2019-10-08 20:57:04,814 [pool-433-thread-1] INFO  server.RaftServerConfigKeys (ConfUtils.java:logGet(43)) - raft.server.log.queue.element-limit = 1024 (custom)
2019-10-08 20:57:04,814 [pool-413-thread-1] INFO  server.RaftServerConfigKeys (ConfUtils.java:logGet(43)) - raft.server.log.segment.size.max = 1048576 (custom)
2019-10-08 20:57:04,815 [pool-443-thread-1] INFO  segmented.SegmentedRaftLogWorker (SegmentedRaftLogWorker.java:lambda$new$0(128)) - 26fb5415-fc41-4e82-8ddb-8a77e6c283f9@group-E32A62CBEFC6-SegmentedRaftLogWorker: flushIndex: setUnconditionally 0 -> -1
2019-10-08 20:57:04,814 [pool-433-thread-1] INFO  server.RaftServerConfigKeys (ConfUtils.java:logGet(43)) - raft.server.log.segment.size.max = 1048576 (custom)
2019-10-08 20:57:04,815 [pool-413-thread-1] INFO  server.RaftServerConfigKeys (ConfUtils.java:logGet(43)) - raft.server.log.preallocated.size = 16384 (custom)
2019-10-08 20:57:04,815 [pool-443-thread-1] INFO  server.RaftServerConfigKeys (ConfUtils.java:logGet(43)) - raft.server.snapshot.auto.trigger.enabled = true (custom)
2019-10-08 20:57:04,815 [pool-433-thread-1] INFO  server.RaftServerConfigKeys (ConfUtils.java:logGet(43)) - raft.server.log.preallocated.size = 16384 (custom)
2019-10-08 20:57:04,815 [pool-443-thread-1] INFO  server.RaftServerConfigKeys (ConfUtils.java:logGet(43)) - raft.server.snapshot.auto.trigger.threshold = 10000 (custom)
2019-10-08 20:57:04,815 [pool-413-thread-1] INFO  server.RaftServerConfigKeys (ConfUtils.java:logGet(43)) - raft.server.log.write.buffer.size = 33554432 (custom)
2019-10-08 20:57:04,815 [pool-443-thread-1] INFO  server.RaftServerConfigKeys (ConfUtils.java:logGet(43)) - raft.server.snapshot.retention.file.num = 5 (custom)
2019-10-08 20:57:04,815 [pool-433-thread-1] INFO  server.RaftServerConfigKeys (ConfUtils.java:logGet(43)) - raft.server.log.write.buffer.size = 33554432 (custom)
2019-10-08 20:57:04,815 [pool-443-thread-1] INFO  server.RaftServerConfigKeys (ConfUtils.java:logGet(43)) - raft.server.retrycache.expirytime = 600000ms (custom)
2019-10-08 20:57:04,815 [pool-413-thread-1] INFO  server.RaftServerConfigKeys (ConfUtils.java:logGet(43)) - raft.server.log.force.sync.num = 128 (default)
2019-10-08 20:57:04,815 [pool-433-thread-1] INFO  server.RaftServerConfigKeys (ConfUtils.java:logGet(43)) - raft.server.log.force.sync.num = 128 (default)
2019-10-08 20:57:04,815 [pool-413-thread-1] INFO  server.RaftServerConfigKeys (ConfUtils.java:logGet(43)) - raft.server.log.statemachine.data.sync = true (default)
2019-10-08 20:57:04,816 [pool-433-thread-1] INFO  server.RaftServerConfigKeys (ConfUtils.java:logGet(43)) - raft.server.log.statemachine.data.sync = true (default)
2019-10-08 20:57:04,816 [pool-413-thread-1] INFO  server.RaftServerConfigKeys (ConfUtils.java:logGet(43)) - raft.server.log.statemachine.data.sync.timeout = 10s (default)
2019-10-08 20:57:04,816 [pool-433-thread-1] INFO  server.RaftServerConfigKeys (ConfUtils.java:logGet(43)) - raft.server.log.statemachine.data.sync.timeout = 10s (default)
2019-10-08 20:57:04,816 [pool-413-thread-1] INFO  server.RaftServerConfigKeys (ConfUtils.java:logGet(43)) - raft.server.log.statemachine.data.sync.timeout.retry = -1 (default)
2019-10-08 20:57:04,816 [pool-433-thread-1] INFO  server.RaftServerConfigKeys (ConfUtils.java:logGet(43)) - raft.server.log.statemachine.data.sync.timeout.retry = -1 (default)
2019-10-08 20:57:04,816 [pool-413-thread-1] INFO  server.RaftServerConfigKeys (ConfUtils.java:logGet(43)) - raft.server.log.statemachine.data.caching.enabled = true (custom)
2019-10-08 20:57:04,816 [pool-433-thread-1] INFO  server.RaftServerConfigKeys (ConfUtils.java:logGet(43)) - raft.server.log.statemachine.data.caching.enabled = true (custom)
2019-10-08 20:57:04,816 [pool-413-thread-1] INFO  segmented.SegmentedRaftLogWorker (SegmentedRaftLogWorker.java:lambda$new$0(128)) - e52ae031-559f-4c9e-bebc-adcf9ddddd4c@group-E32A62CBEFC6-SegmentedRaftLogWorker: flushIndex: setUnconditionally 0 -> -1
2019-10-08 20:57:04,817 [pool-443-thread-1] INFO  impl.RaftServerImpl (RaftServerImpl.java:start(181)) - 26fb5415-fc41-4e82-8ddb-8a77e6c283f9@group-E32A62CBEFC6: start as a follower, conf=-1: [26fb5415-fc41-4e82-8ddb-8a77e6c283f9:192.168.5.143:35912, 105b5466-f074-4557-a150-d437ba92de7c:192.168.5.143:43619, e52ae031-559f-4c9e-bebc-adcf9ddddd4c:192.168.5.143:44737], old=null
2019-10-08 20:57:04,817 [pool-433-thread-1] INFO  segmented.SegmentedRaftLogWorker (SegmentedRaftLogWorker.java:lambda$new$0(128)) - 105b5466-f074-4557-a150-d437ba92de7c@group-E32A62CBEFC6-SegmentedRaftLogWorker: flushIndex: setUnconditionally 0 -> -1
2019-10-08 20:57:04,817 [pool-443-thread-1] INFO  impl.RaftServerImpl (RaftServerImpl.java:setRole(170)) - 26fb5415-fc41-4e82-8ddb-8a77e6c283f9@group-E32A62CBEFC6: changes role from      null to FOLLOWER at term 0 for startAsFollower
2019-10-08 20:57:04,817 [pool-413-thread-1] INFO  server.RaftServerConfigKeys (ConfUtils.java:logGet(43)) - raft.server.snapshot.auto.trigger.enabled = true (custom)
2019-10-08 20:57:04,817 [pool-433-thread-1] INFO  server.RaftServerConfigKeys (ConfUtils.java:logGet(43)) - raft.server.snapshot.auto.trigger.enabled = true (custom)
2019-10-08 20:57:04,817 [pool-443-thread-1] INFO  impl.RoleInfo (RoleInfo.java:updateAndGet(143)) - 26fb5415-fc41-4e82-8ddb-8a77e6c283f9: start FollowerState
2019-10-08 20:57:04,817 [pool-433-thread-1] INFO  server.RaftServerConfigKeys (ConfUtils.java:logGet(43)) - raft.server.snapshot.auto.trigger.threshold = 10000 (custom)
2019-10-08 20:57:04,817 [pool-413-thread-1] INFO  server.RaftServerConfigKeys (ConfUtils.java:logGet(43)) - raft.server.snapshot.auto.trigger.threshold = 10000 (custom)
2019-10-08 20:57:04,817 [pool-433-thread-1] INFO  server.RaftServerConfigKeys (ConfUtils.java:logGet(43)) - raft.server.snapshot.retention.file.num = 5 (custom)
2019-10-08 20:57:04,817 [pool-443-thread-1] INFO  util.JmxRegister (JmxRegister.java:tryRegister(44)) - Successfully registered JMX Bean with object name Ratis:service=RaftServer,group=group-E32A62CBEFC6,id=26fb5415-fc41-4e82-8ddb-8a77e6c283f9
2019-10-08 20:57:04,817 [pool-413-thread-1] INFO  server.RaftServerConfigKeys (ConfUtils.java:logGet(43)) - raft.server.snapshot.retention.file.num = 5 (custom)
2019-10-08 20:57:04,817 [pool-433-thread-1] INFO  server.RaftServerConfigKeys (ConfUtils.java:logGet(43)) - raft.server.retrycache.expirytime = 600000ms (custom)
2019-10-08 20:57:04,818 [pool-413-thread-1] INFO  server.RaftServerConfigKeys (ConfUtils.java:logGet(43)) - raft.server.retrycache.expirytime = 600000ms (custom)
2019-10-08 20:57:04,821 [pool-433-thread-1] INFO  impl.RaftServerImpl (RaftServerImpl.java:start(181)) - 105b5466-f074-4557-a150-d437ba92de7c@group-E32A62CBEFC6: start as a follower, conf=-1: [26fb5415-fc41-4e82-8ddb-8a77e6c283f9:192.168.5.143:35912, 105b5466-f074-4557-a150-d437ba92de7c:192.168.5.143:43619, e52ae031-559f-4c9e-bebc-adcf9ddddd4c:192.168.5.143:44737], old=null
2019-10-08 20:57:04,821 [pool-413-thread-1] INFO  impl.RaftServerImpl (RaftServerImpl.java:start(181)) - e52ae031-559f-4c9e-bebc-adcf9ddddd4c@group-E32A62CBEFC6: start as a follower, conf=-1: [26fb5415-fc41-4e82-8ddb-8a77e6c283f9:192.168.5.143:35912, 105b5466-f074-4557-a150-d437ba92de7c:192.168.5.143:43619, e52ae031-559f-4c9e-bebc-adcf9ddddd4c:192.168.5.143:44737], old=null
2019-10-08 20:57:04,821 [pool-433-thread-1] INFO  impl.RaftServerImpl (RaftServerImpl.java:setRole(170)) - 105b5466-f074-4557-a150-d437ba92de7c@group-E32A62CBEFC6: changes role from      null to FOLLOWER at term 0 for startAsFollower
2019-10-08 20:57:04,821 [pool-413-thread-1] INFO  impl.RaftServerImpl (RaftServerImpl.java:setRole(170)) - e52ae031-559f-4c9e-bebc-adcf9ddddd4c@group-E32A62CBEFC6: changes role from      null to FOLLOWER at term 0 for startAsFollower
2019-10-08 20:57:04,821 [pool-433-thread-1] INFO  impl.RoleInfo (RoleInfo.java:updateAndGet(143)) - 105b5466-f074-4557-a150-d437ba92de7c: start FollowerState
2019-10-08 20:57:04,821 [pool-413-thread-1] INFO  impl.RoleInfo (RoleInfo.java:updateAndGet(143)) - e52ae031-559f-4c9e-bebc-adcf9ddddd4c: start FollowerState
2019-10-08 20:57:04,822 [pool-433-thread-1] INFO  util.JmxRegister (JmxRegister.java:tryRegister(44)) - Successfully registered JMX Bean with object name Ratis:service=RaftServer,group=group-E32A62CBEFC6,id=105b5466-f074-4557-a150-d437ba92de7c
2019-10-08 20:57:04,822 [pool-413-thread-1] INFO  util.JmxRegister (JmxRegister.java:tryRegister(44)) - Successfully registered JMX Bean with object name Ratis:service=RaftServer,group=group-E32A62CBEFC6,id=e52ae031-559f-4c9e-bebc-adcf9ddddd4c
2019-10-08 20:57:04,827 [RatisPipelineUtilsThread] INFO  pipeline.PipelineStateManager (PipelineStateManager.java:addPipeline(57)) - Created pipeline Pipeline[ Id: 2003f173-029f-4259-9c72-e32a62cbefc6, Nodes: 105b5466-f074-4557-a150-d437ba92de7c{ip: 192.168.5.143, host: pr-hdds-1868-gtwz2-575081100, networkLocation: /default-rack, certSerialId: null}e52ae031-559f-4c9e-bebc-adcf9ddddd4c{ip: 192.168.5.143, host: pr-hdds-1868-gtwz2-575081100, networkLocation: /default-rack, certSerialId: null}26fb5415-fc41-4e82-8ddb-8a77e6c283f9{ip: 192.168.5.143, host: pr-hdds-1868-gtwz2-575081100, networkLocation: /default-rack, certSerialId: null}, Type:RATIS, Factor:THREE, State:ALLOCATED]
2019-10-08 20:57:04,828 [main] INFO  ozone.MiniOzoneClusterImpl (MiniOzoneClusterImpl.java:lambda$waitForClusterToBeReady$2(164)) - Waiting for 9 number of pipelines out of 9, to report a leader.
2019-10-08 20:57:05,634 [Thread-2476] INFO  container.ReplicationManager (ReplicationManager.java:start(162)) - Starting Replication Monitor Thread.
2019-10-08 20:57:05,634 [Thread-2476] INFO  pipeline.SCMPipelineManager (SCMPipelineManager.java:finalizeAndDestroyPipeline(315)) - destroying pipeline:Pipeline[ Id: 6e80e530-a2fb-43d3-b4ae-e028a6adf633, Nodes: 1d532c3e-2add-4552-a7dd-51d21aca59ee{ip: 192.168.5.143, host: pr-hdds-1868-gtwz2-575081100, networkLocation: /default-rack, certSerialId: null}, Type:RATIS, Factor:ONE, State:ALLOCATED]
2019-10-08 20:57:05,639 [ReplicationMonitor] INFO  container.ReplicationManager (ReplicationManager.java:run(225)) - Replication Monitor Thread took 0 milliseconds for processing 0 containers.
2019-10-08 20:57:05,640 [Thread-2476] INFO  pipeline.PipelineStateManager (PipelineStateManager.java:finalizePipeline(123)) - Pipeline Pipeline[ Id: 6e80e530-a2fb-43d3-b4ae-e028a6adf633, Nodes: 1d532c3e-2add-4552-a7dd-51d21aca59ee{ip: 192.168.5.143, host: pr-hdds-1868-gtwz2-575081100, networkLocation: /default-rack, certSerialId: null}, Type:RATIS, Factor:ONE, State:CLOSED] moved to CLOSED state
2019-10-08 20:57:05,648 [grpc-default-executor-5] INFO  impl.RaftServerProxy (RaftServerProxy.java:remove(95)) - 1d532c3e-2add-4552-a7dd-51d21aca59ee: remove  FOLLOWER 1d532c3e-2add-4552-a7dd-51d21aca59ee@group-E028A6ADF633:t0, leader=null, voted=null, raftlog=1d532c3e-2add-4552-a7dd-51d21aca59ee@group-E028A6ADF633-SegmentedRaftLog:OPENED:c-1,f-1,i0, conf=-1: [1d532c3e-2add-4552-a7dd-51d21aca59ee:192.168.5.143:37365], old=null RUNNING
2019-10-08 20:57:05,648 [grpc-default-executor-5] INFO  impl.RaftServerImpl (RaftServerImpl.java:lambda$shutdown$3(247)) - 1d532c3e-2add-4552-a7dd-51d21aca59ee@group-E028A6ADF633: shutdown
2019-10-08 20:57:05,649 [grpc-default-executor-5] INFO  util.JmxRegister (JmxRegister.java:unregister(73)) - Successfully un-registered JMX Bean with object name Ratis:service=RaftServer,group=group-E028A6ADF633,id=1d532c3e-2add-4552-a7dd-51d21aca59ee
2019-10-08 20:57:05,649 [grpc-default-executor-5] INFO  impl.RoleInfo (RoleInfo.java:shutdownFollowerState(121)) - 1d532c3e-2add-4552-a7dd-51d21aca59ee: shutdown FollowerState
2019-10-08 20:57:05,649 [grpc-default-executor-5] INFO  impl.StateMachineUpdater (StateMachineUpdater.java:stopAndJoin(136)) - 1d532c3e-2add-4552-a7dd-51d21aca59ee@group-E028A6ADF633-StateMachineUpdater: set stopIndex = -1
2019-10-08 20:57:05,649 [Thread-2478] INFO  impl.FollowerState (FollowerState.java:run(117)) - 1d532c3e-2add-4552-a7dd-51d21aca59ee@group-E028A6ADF633-FollowerState was interrupted: java.lang.InterruptedException: sleep interrupted
2019-10-08 20:57:05,649 [grpc-default-executor-5] INFO  impl.RaftServerImpl (ServerState.java:close(387)) - 1d532c3e-2add-4552-a7dd-51d21aca59ee@group-E028A6ADF633: closes. applyIndex: -1
2019-10-08 20:57:05,650 [1d532c3e-2add-4552-a7dd-51d21aca59ee@group-E028A6ADF633-SegmentedRaftLogWorker] INFO  segmented.SegmentedRaftLogWorker (SegmentedRaftLogWorker.java:run(316)) - 1d532c3e-2add-4552-a7dd-51d21aca59ee@group-E028A6ADF633-SegmentedRaftLogWorker was interrupted, exiting. There are 0 tasks remaining in the queue.
2019-10-08 20:57:05,650 [grpc-default-executor-5] INFO  segmented.SegmentedRaftLogWorker (SegmentedRaftLogWorker.java:close(224)) - 1d532c3e-2add-4552-a7dd-51d21aca59ee@group-E028A6ADF633-SegmentedRaftLogWorker close()
2019-10-08 20:57:05,658 [Thread-2476] INFO  pipeline.PipelineStateManager (PipelineStateManager.java:removePipeline(108)) - Pipeline Pipeline[ Id: 6e80e530-a2fb-43d3-b4ae-e028a6adf633, Nodes: 1d532c3e-2add-4552-a7dd-51d21aca59ee{ip: 192.168.5.143, host: pr-hdds-1868-gtwz2-575081100, networkLocation: /default-rack, certSerialId: null}, Type:RATIS, Factor:ONE, State:CLOSED] removed from db
2019-10-08 20:57:05,661 [Thread-2476] INFO  pipeline.SCMPipelineManager (SCMPipelineManager.java:finalizeAndDestroyPipeline(315)) - destroying pipeline:Pipeline[ Id: 3b9b7f3a-6c15-4b83-88f7-d27fb27b8834, Nodes: afc9e438-6b36-4ab1-bd79-7c4996d73e80{ip: 192.168.5.143, host: pr-hdds-1868-gtwz2-575081100, networkLocation: /default-rack, certSerialId: null}1d532c3e-2add-4552-a7dd-51d21aca59ee{ip: 192.168.5.143, host: pr-hdds-1868-gtwz2-575081100, networkLocation: /default-rack, certSerialId: null}77669bea-7134-4f0c-9cba-616192485f28{ip: 192.168.5.143, host: pr-hdds-1868-gtwz2-575081100, networkLocation: /default-rack, certSerialId: null}, Type:RATIS, Factor:THREE, State:ALLOCATED]
2019-10-08 20:57:05,665 [grpc-default-executor-5] INFO  impl.RaftServerProxy (RaftServerProxy.java:addNew(89)) - 1d532c3e-2add-4552-a7dd-51d21aca59ee: addNew group-369F5CBDB13C:[1d532c3e-2add-4552-a7dd-51d21aca59ee:192.168.5.143:37365] returns group-369F5CBDB13C:java.util.concurrent.CompletableFuture@616717ab[Not completed]
2019-10-08 20:57:05,666 [pool-383-thread-1] INFO  impl.RaftServerImpl (RaftServerImpl.java:<init>(95)) - 1d532c3e-2add-4552-a7dd-51d21aca59ee: new RaftServerImpl for group-369F5CBDB13C:[1d532c3e-2add-4552-a7dd-51d21aca59ee:192.168.5.143:37365] with ContainerStateMachine:uninitialized
2019-10-08 20:57:05,667 [pool-383-thread-1] INFO  server.RaftServerConfigKeys (ConfUtils.java:logGet(43)) - raft.server.rpc.timeout.min = 5s (custom)
2019-10-08 20:57:05,667 [pool-383-thread-1] INFO  server.RaftServerConfigKeys (ConfUtils.java:logGet(43)) - raft.server.rpc.timeout.max = 5200ms (custom)
2019-10-08 20:57:05,667 [pool-383-thread-1] INFO  server.RaftServerConfigKeys (ConfUtils.java:logGet(43)) - raft.server.rpcslowness.timeout = 120s (custom)
2019-10-08 20:57:05,667 [pool-383-thread-1] INFO  server.RaftServerConfigKeys (ConfUtils.java:logGet(43)) - raft.server.sleep.deviation.threshold = 300 (default)
2019-10-08 20:57:05,667 [pool-383-thread-1] INFO  server.RaftServerConfigKeys (ConfUtils.java:logGet(43)) - raft.server.log.appender.install.snapshot.enabled = false (custom)
2019-10-08 20:57:05,667 [pool-383-thread-1] INFO  impl.RaftServerImpl (ServerState.java:<init>(103)) - 1d532c3e-2add-4552-a7dd-51d21aca59ee@group-369F5CBDB13C: ConfigurationManager, init=-1: [1d532c3e-2add-4552-a7dd-51d21aca59ee:192.168.5.143:37365], old=null, confs=<EMPTY_MAP>
2019-10-08 20:57:05,667 [pool-383-thread-1] INFO  server.RaftServerConfigKeys (ConfUtils.java:logGet(43)) - raft.server.storage.dir = [/workdir/hadoop-ozone/integration-test/target/test-dir/MiniOzoneClusterImpl-556ae367-a76f-437b-9cdb-d0d311a5222a/datanode-0/data/ratis] (custom)
2019-10-08 20:57:05,668 [pool-383-thread-1] INFO  server.RaftServerConfigKeys (ConfUtils.java:logGet(43)) - raft.server.log.corruption.policy = EXCEPTION (default)
2019-10-08 20:57:05,668 [pool-383-thread-1] INFO  storage.RaftStorageDirectory (RaftStorageDirectory.java:analyzeStorage(246)) - The storage directory /workdir/hadoop-ozone/integration-test/target/test-dir/MiniOzoneClusterImpl-556ae367-a76f-437b-9cdb-d0d311a5222a/datanode-0/data/ratis/219867b5-afab-4cab-b1b8-369f5cbdb13c does not exist. Creating ...
2019-10-08 20:57:05,681 [pool-383-thread-1] INFO  storage.RaftStorageDirectory (RaftStorageDirectory.java:tryLock(328)) - Lock on /workdir/hadoop-ozone/integration-test/target/test-dir/MiniOzoneClusterImpl-556ae367-a76f-437b-9cdb-d0d311a5222a/datanode-0/data/ratis/219867b5-afab-4cab-b1b8-369f5cbdb13c/in_use.lock acquired by nodename 25063@pr-hdds-1868-gtwz2-575081100
2019-10-08 20:57:05,693 [pool-383-thread-1] INFO  storage.RaftStorage (RaftStorage.java:format(84)) - Storage directory /workdir/hadoop-ozone/integration-test/target/test-dir/MiniOzoneClusterImpl-556ae367-a76f-437b-9cdb-d0d311a5222a/datanode-0/data/ratis/219867b5-afab-4cab-b1b8-369f5cbdb13c has been successfully formatted.
2019-10-08 20:57:05,693 [pool-383-thread-1] INFO  ratis.ContainerStateMachine (ContainerStateMachine.java:loadSnapshot(233)) - group-369F5CBDB13C: The snapshot info is null. Setting the last applied indexto:(t:0, i:~)
2019-10-08 20:57:05,693 [pool-383-thread-1] INFO  server.RaftServerConfigKeys (ConfUtils.java:logGet(43)) - raft.server.notification.no-leader.timeout = 120s (custom)
2019-10-08 20:57:05,694 [pool-383-thread-1] INFO  server.RaftServerConfigKeys (ConfUtils.java:logGet(43)) - raft.server.log.use.memory = false (default)
2019-10-08 20:57:05,694 [pool-383-thread-1] INFO  server.RaftServerConfigKeys (ConfUtils.java:logGet(43)) - raft.server.log.purge.gap = 1000000 (custom)
2019-10-08 20:57:05,694 [pool-383-thread-1] INFO  server.RaftServerConfigKeys (ConfUtils.java:logGet(43)) - raft.server.log.appender.buffer.byte-limit = 33554432 (custom)
2019-10-08 20:57:05,694 [pool-383-thread-1] INFO  server.RaftServerConfigKeys (ConfUtils.java:logGet(43)) - raft.server.log.segment.size.max = 1048576 (custom)
2019-10-08 20:57:05,694 [pool-383-thread-1] INFO  server.RaftServerConfigKeys (ConfUtils.java:logGet(43)) - raft.server.log.segment.cache.num.max = 2 (custom)
2019-10-08 20:57:05,695 [pool-383-thread-1] INFO  segmented.SegmentedRaftLogWorker (SegmentedRaftLogWorker.java:<init>(173)) - new 1d532c3e-2add-4552-a7dd-51d21aca59ee@group-369F5CBDB13C-SegmentedRaftLogWorker for RaftStorage:Storage Directory /workdir/hadoop-ozone/integration-test/target/test-dir/MiniOzoneClusterImpl-556ae367-a76f-437b-9cdb-d0d311a5222a/datanode-0/data/ratis/219867b5-afab-4cab-b1b8-369f5cbdb13c
2019-10-08 20:57:05,695 [pool-383-thread-1] INFO  server.RaftServerConfigKeys (ConfUtils.java:logGet(43)) - raft.server.log.queue.byte-limit = 2147483647 (custom)
2019-10-08 20:57:05,695 [pool-383-thread-1] INFO  server.RaftServerConfigKeys (ConfUtils.java:logGet(43)) - raft.server.log.queue.element-limit = 1024 (custom)
2019-10-08 20:57:05,695 [pool-383-thread-1] INFO  server.RaftServerConfigKeys (ConfUtils.java:logGet(43)) - raft.server.log.segment.size.max = 1048576 (custom)
2019-10-08 20:57:05,695 [pool-383-thread-1] INFO  server.RaftServerConfigKeys (ConfUtils.java:logGet(43)) - raft.server.log.preallocated.size = 16384 (custom)
2019-10-08 20:57:05,695 [pool-383-thread-1] INFO  server.RaftServerConfigKeys (ConfUtils.java:logGet(43)) - raft.server.log.write.buffer.size = 33554432 (custom)
2019-10-08 20:57:05,696 [pool-383-thread-1] INFO  server.RaftServerConfigKeys (ConfUtils.java:logGet(43)) - raft.server.log.force.sync.num = 128 (default)
2019-10-08 20:57:05,696 [pool-383-thread-1] INFO  server.RaftServerConfigKeys (ConfUtils.java:logGet(43)) - raft.server.log.statemachine.data.sync = true (default)
2019-10-08 20:57:05,696 [pool-383-thread-1] INFO  server.RaftServerConfigKeys (ConfUtils.java:logGet(43)) - raft.server.log.statemachine.data.sync.timeout = 10s (default)
2019-10-08 20:57:05,696 [pool-383-thread-1] INFO  server.RaftServerConfigKeys (ConfUtils.java:logGet(43)) - raft.server.log.statemachine.data.sync.timeout.retry = -1 (default)
2019-10-08 20:57:05,696 [pool-383-thread-1] INFO  server.RaftServerConfigKeys (ConfUtils.java:logGet(43)) - raft.server.log.statemachine.data.caching.enabled = true (custom)
2019-10-08 20:57:05,697 [pool-383-thread-1] INFO  segmented.SegmentedRaftLogWorker (SegmentedRaftLogWorker.java:lambda$new$0(128)) - 1d532c3e-2add-4552-a7dd-51d21aca59ee@group-369F5CBDB13C-SegmentedRaftLogWorker: flushIndex: setUnconditionally 0 -> -1
2019-10-08 20:57:05,697 [pool-383-thread-1] INFO  server.RaftServerConfigKeys (ConfUtils.java:logGet(43)) - raft.server.snapshot.auto.trigger.enabled = true (custom)
2019-10-08 20:57:05,697 [pool-383-thread-1] INFO  server.RaftServerConfigKeys (ConfUtils.java:logGet(43)) - raft.server.snapshot.auto.trigger.threshold = 10000 (custom)
2019-10-08 20:57:05,697 [pool-383-thread-1] INFO  server.RaftServerConfigKeys (ConfUtils.java:logGet(43)) - raft.server.snapshot.retention.file.num = 5 (custom)
2019-10-08 20:57:05,698 [pool-383-thread-1] INFO  server.RaftServerConfigKeys (ConfUtils.java:logGet(43)) - raft.server.retrycache.expirytime = 600000ms (custom)
2019-10-08 20:57:05,700 [pool-383-thread-1] INFO  impl.RaftServerImpl (RaftServerImpl.java:start(181)) - 1d532c3e-2add-4552-a7dd-51d21aca59ee@group-369F5CBDB13C: start as a follower, conf=-1: [1d532c3e-2add-4552-a7dd-51d21aca59ee:192.168.5.143:37365], old=null
2019-10-08 20:57:05,700 [pool-383-thread-1] INFO  impl.RaftServerImpl (RaftServerImpl.java:setRole(170)) - 1d532c3e-2add-4552-a7dd-51d21aca59ee@group-369F5CBDB13C: changes role from      null to FOLLOWER at term 0 for startAsFollower
2019-10-08 20:57:05,700 [pool-383-thread-1] INFO  impl.RoleInfo (RoleInfo.java:updateAndGet(143)) - 1d532c3e-2add-4552-a7dd-51d21aca59ee: start FollowerState
2019-10-08 20:57:05,700 [pool-383-thread-1] INFO  util.JmxRegister (JmxRegister.java:tryRegister(44)) - Successfully registered JMX Bean with object name Ratis:service=RaftServer,group=group-369F5CBDB13C,id=1d532c3e-2add-4552-a7dd-51d21aca59ee
2019-10-08 20:57:05,705 [RatisPipelineUtilsThread] INFO  pipeline.PipelineStateManager (PipelineStateManager.java:addPipeline(57)) - Created pipeline Pipeline[ Id: 219867b5-afab-4cab-b1b8-369f5cbdb13c, Nodes: 1d532c3e-2add-4552-a7dd-51d21aca59ee{ip: 192.168.5.143, host: pr-hdds-1868-gtwz2-575081100, networkLocation: /default-rack, certSerialId: null}, Type:RATIS, Factor:ONE, State:ALLOCATED]
2019-10-08 20:57:05,706 [Thread-2476] INFO  pipeline.PipelineStateManager (PipelineStateManager.java:finalizePipeline(123)) - Pipeline Pipeline[ Id: 3b9b7f3a-6c15-4b83-88f7-d27fb27b8834, Nodes: afc9e438-6b36-4ab1-bd79-7c4996d73e80{ip: 192.168.5.143, host: pr-hdds-1868-gtwz2-575081100, networkLocation: /default-rack, certSerialId: null}1d532c3e-2add-4552-a7dd-51d21aca59ee{ip: 192.168.5.143, host: pr-hdds-1868-gtwz2-575081100, networkLocation: /default-rack, certSerialId: null}77669bea-7134-4f0c-9cba-616192485f28{ip: 192.168.5.143, host: pr-hdds-1868-gtwz2-575081100, networkLocation: /default-rack, certSerialId: null}, Type:RATIS, Factor:THREE, State:CLOSED] moved to CLOSED state
2019-10-08 20:57:05,713 [grpc-default-executor-5] INFO  impl.RaftServerProxy (RaftServerProxy.java:remove(95)) - afc9e438-6b36-4ab1-bd79-7c4996d73e80: remove  FOLLOWER afc9e438-6b36-4ab1-bd79-7c4996d73e80@group-D27FB27B8834:t0, leader=null, voted=null, raftlog=afc9e438-6b36-4ab1-bd79-7c4996d73e80@group-D27FB27B8834-SegmentedRaftLog:OPENED:c-1,f-1,i0, conf=-1: [77669bea-7134-4f0c-9cba-616192485f28:192.168.5.143:33214, afc9e438-6b36-4ab1-bd79-7c4996d73e80:192.168.5.143:37825, 1d532c3e-2add-4552-a7dd-51d21aca59ee:192.168.5.143:37365], old=null RUNNING
2019-10-08 20:57:05,714 [grpc-default-executor-5] INFO  impl.RaftServerImpl (RaftServerImpl.java:lambda$shutdown$3(247)) - afc9e438-6b36-4ab1-bd79-7c4996d73e80@group-D27FB27B8834: shutdown
2019-10-08 20:57:05,714 [grpc-default-executor-5] INFO  util.JmxRegister (JmxRegister.java:unregister(73)) - Successfully un-registered JMX Bean with object name Ratis:service=RaftServer,group=group-D27FB27B8834,id=afc9e438-6b36-4ab1-bd79-7c4996d73e80
2019-10-08 20:57:05,714 [grpc-default-executor-5] INFO  impl.RoleInfo (RoleInfo.java:shutdownFollowerState(121)) - afc9e438-6b36-4ab1-bd79-7c4996d73e80: shutdown FollowerState
2019-10-08 20:57:05,714 [Thread-2490] INFO  impl.FollowerState (FollowerState.java:run(117)) - afc9e438-6b36-4ab1-bd79-7c4996d73e80@group-D27FB27B8834-FollowerState was interrupted: java.lang.InterruptedException: sleep interrupted
2019-10-08 20:57:05,714 [grpc-default-executor-5] INFO  impl.StateMachineUpdater (StateMachineUpdater.java:stopAndJoin(136)) - afc9e438-6b36-4ab1-bd79-7c4996d73e80@group-D27FB27B8834-StateMachineUpdater: set stopIndex = -1
2019-10-08 20:57:05,715 [grpc-default-executor-5] INFO  impl.RaftServerImpl (ServerState.java:close(387)) - afc9e438-6b36-4ab1-bd79-7c4996d73e80@group-D27FB27B8834: closes. applyIndex: -1
2019-10-08 20:57:05,715 [afc9e438-6b36-4ab1-bd79-7c4996d73e80@group-D27FB27B8834-SegmentedRaftLogWorker] INFO  segmented.SegmentedRaftLogWorker (SegmentedRaftLogWorker.java:run(316)) - afc9e438-6b36-4ab1-bd79-7c4996d73e80@group-D27FB27B8834-SegmentedRaftLogWorker was interrupted, exiting. There are 0 tasks remaining in the queue.
2019-10-08 20:57:05,715 [grpc-default-executor-5] INFO  segmented.SegmentedRaftLogWorker (SegmentedRaftLogWorker.java:close(224)) - afc9e438-6b36-4ab1-bd79-7c4996d73e80@group-D27FB27B8834-SegmentedRaftLogWorker close()
2019-10-08 20:57:05,730 [grpc-default-executor-5] INFO  impl.RaftServerProxy (RaftServerProxy.java:remove(95)) - 1d532c3e-2add-4552-a7dd-51d21aca59ee: remove  FOLLOWER 1d532c3e-2add-4552-a7dd-51d21aca59ee@group-D27FB27B8834:t0, leader=null, voted=null, raftlog=1d532c3e-2add-4552-a7dd-51d21aca59ee@group-D27FB27B8834-SegmentedRaftLog:OPENED:c-1,f-1,i0, conf=-1: [77669bea-7134-4f0c-9cba-616192485f28:192.168.5.143:33214, afc9e438-6b36-4ab1-bd79-7c4996d73e80:192.168.5.143:37825, 1d532c3e-2add-4552-a7dd-51d21aca59ee:192.168.5.143:37365], old=null RUNNING
2019-10-08 20:57:05,731 [grpc-default-executor-5] INFO  impl.RaftServerImpl (RaftServerImpl.java:lambda$shutdown$3(247)) - 1d532c3e-2add-4552-a7dd-51d21aca59ee@group-D27FB27B8834: shutdown
2019-10-08 20:57:05,731 [grpc-default-executor-5] INFO  util.JmxRegister (JmxRegister.java:unregister(73)) - Successfully un-registered JMX Bean with object name Ratis:service=RaftServer,group=group-D27FB27B8834,id=1d532c3e-2add-4552-a7dd-51d21aca59ee
2019-10-08 20:57:05,731 [grpc-default-executor-5] INFO  impl.RoleInfo (RoleInfo.java:shutdownFollowerState(121)) - 1d532c3e-2add-4552-a7dd-51d21aca59ee: shutdown FollowerState
2019-10-08 20:57:05,731 [grpc-default-executor-5] INFO  impl.StateMachineUpdater (StateMachineUpdater.java:stopAndJoin(136)) - 1d532c3e-2add-4552-a7dd-51d21aca59ee@group-D27FB27B8834-StateMachineUpdater: set stopIndex = -1
2019-10-08 20:57:05,731 [Thread-2491] INFO  impl.FollowerState (FollowerState.java:run(117)) - 1d532c3e-2add-4552-a7dd-51d21aca59ee@group-D27FB27B8834-FollowerState was interrupted: java.lang.InterruptedException: sleep interrupted
2019-10-08 20:57:05,731 [grpc-default-executor-5] INFO  impl.RaftServerImpl (ServerState.java:close(387)) - 1d532c3e-2add-4552-a7dd-51d21aca59ee@group-D27FB27B8834: closes. applyIndex: -1
2019-10-08 20:57:05,732 [1d532c3e-2add-4552-a7dd-51d21aca59ee@group-D27FB27B8834-SegmentedRaftLogWorker] INFO  segmented.SegmentedRaftLogWorker (SegmentedRaftLogWorker.java:run(316)) - 1d532c3e-2add-4552-a7dd-51d21aca59ee@group-D27FB27B8834-SegmentedRaftLogWorker was interrupted, exiting. There are 0 tasks remaining in the queue.
2019-10-08 20:57:05,732 [grpc-default-executor-5] INFO  segmented.SegmentedRaftLogWorker (SegmentedRaftLogWorker.java:close(224)) - 1d532c3e-2add-4552-a7dd-51d21aca59ee@group-D27FB27B8834-SegmentedRaftLogWorker close()
2019-10-08 20:57:05,744 [grpc-default-executor-5] INFO  impl.RaftServerProxy (RaftServerProxy.java:remove(95)) - 77669bea-7134-4f0c-9cba-616192485f28: remove  FOLLOWER 77669bea-7134-4f0c-9cba-616192485f28@group-D27FB27B8834:t0, leader=null, voted=null, raftlog=77669bea-7134-4f0c-9cba-616192485f28@group-D27FB27B8834-SegmentedRaftLog:OPENED:c-1,f-1,i0, conf=-1: [77669bea-7134-4f0c-9cba-616192485f28:192.168.5.143:33214, afc9e438-6b36-4ab1-bd79-7c4996d73e80:192.168.5.143:37825, 1d532c3e-2add-4552-a7dd-51d21aca59ee:192.168.5.143:37365], old=null RUNNING
2019-10-08 20:57:05,744 [grpc-default-executor-5] INFO  impl.RaftServerImpl (RaftServerImpl.java:lambda$shutdown$3(247)) - 77669bea-7134-4f0c-9cba-616192485f28@group-D27FB27B8834: shutdown
2019-10-08 20:57:05,744 [grpc-default-executor-5] INFO  util.JmxRegister (JmxRegister.java:unregister(73)) - Successfully un-registered JMX Bean with object name Ratis:service=RaftServer,group=group-D27FB27B8834,id=77669bea-7134-4f0c-9cba-616192485f28
2019-10-08 20:57:05,744 [grpc-default-executor-5] INFO  impl.RoleInfo (RoleInfo.java:shutdownFollowerState(121)) - 77669bea-7134-4f0c-9cba-616192485f28: shutdown FollowerState
2019-10-08 20:57:05,744 [grpc-default-executor-5] INFO  impl.StateMachineUpdater (StateMachineUpdater.java:stopAndJoin(136)) - 77669bea-7134-4f0c-9cba-616192485f28@group-D27FB27B8834-StateMachineUpdater: set stopIndex = -1
2019-10-08 20:57:05,745 [Thread-2489] INFO  impl.FollowerState (FollowerState.java:run(117)) - 77669bea-7134-4f0c-9cba-616192485f28@group-D27FB27B8834-FollowerState was interrupted: java.lang.InterruptedException: sleep interrupted
2019-10-08 20:57:05,745 [grpc-default-executor-5] INFO  impl.RaftServerImpl (ServerState.java:close(387)) - 77669bea-7134-4f0c-9cba-616192485f28@group-D27FB27B8834: closes. applyIndex: -1
2019-10-08 20:57:05,745 [77669bea-7134-4f0c-9cba-616192485f28@group-D27FB27B8834-SegmentedRaftLogWorker] INFO  segmented.SegmentedRaftLogWorker (SegmentedRaftLogWorker.java:run(316)) - 77669bea-7134-4f0c-9cba-616192485f28@group-D27FB27B8834-SegmentedRaftLogWorker was interrupted, exiting. There are 0 tasks remaining in the queue.
2019-10-08 20:57:05,745 [grpc-default-executor-5] INFO  segmented.SegmentedRaftLogWorker (SegmentedRaftLogWorker.java:close(224)) - 77669bea-7134-4f0c-9cba-616192485f28@group-D27FB27B8834-SegmentedRaftLogWorker close()
2019-10-08 20:57:05,750 [Thread-2476] INFO  pipeline.PipelineStateManager (PipelineStateManager.java:removePipeline(108)) - Pipeline Pipeline[ Id: 3b9b7f3a-6c15-4b83-88f7-d27fb27b8834, Nodes: afc9e438-6b36-4ab1-bd79-7c4996d73e80{ip: 192.168.5.143, host: pr-hdds-1868-gtwz2-575081100, networkLocation: /default-rack, certSerialId: null}1d532c3e-2add-4552-a7dd-51d21aca59ee{ip: 192.168.5.143, host: pr-hdds-1868-gtwz2-575081100, networkLocation: /default-rack, certSerialId: null}77669bea-7134-4f0c-9cba-616192485f28{ip: 192.168.5.143, host: pr-hdds-1868-gtwz2-575081100, networkLocation: /default-rack, certSerialId: null}, Type:RATIS, Factor:THREE, State:CLOSED] removed from db
2019-10-08 20:57:05,750 [Thread-2476] INFO  pipeline.SCMPipelineManager (SCMPipelineManager.java:finalizeAndDestroyPipeline(315)) - destroying pipeline:Pipeline[ Id: 1769615c-a660-43d0-8105-b292a64d3f8f, Nodes: e52ae031-559f-4c9e-bebc-adcf9ddddd4c{ip: 192.168.5.143, host: pr-hdds-1868-gtwz2-575081100, networkLocation: /default-rack, certSerialId: null}, Type:RATIS, Factor:ONE, State:ALLOCATED]
2019-10-08 20:57:05,760 [grpc-default-executor-6] INFO  impl.RaftServerProxy (RaftServerProxy.java:addNew(89)) - 82f183d4-07ec-425f-8671-68fc3d628492: addNew group-7F20EA7C5821:[82f183d4-07ec-425f-8671-68fc3d628492:192.168.5.143:41289, afc9e438-6b36-4ab1-bd79-7c4996d73e80:192.168.5.143:37825, 1d532c3e-2add-4552-a7dd-51d21aca59ee:192.168.5.143:37365] returns group-7F20EA7C5821:java.util.concurrent.CompletableFuture@44746625[Not completed]
2019-10-08 20:57:05,760 [grpc-default-executor-7] INFO  impl.RaftServerProxy (RaftServerProxy.java:addNew(89)) - afc9e438-6b36-4ab1-bd79-7c4996d73e80: addNew group-7F20EA7C5821:[82f183d4-07ec-425f-8671-68fc3d628492:192.168.5.143:41289, afc9e438-6b36-4ab1-bd79-7c4996d73e80:192.168.5.143:37825, 1d532c3e-2add-4552-a7dd-51d21aca59ee:192.168.5.143:37365] returns group-7F20EA7C5821:java.util.concurrent.CompletableFuture@30f2e294[Not completed]
2019-10-08 20:57:05,760 [grpc-default-executor-5] INFO  impl.RaftServerProxy (RaftServerProxy.java:addNew(89)) - 1d532c3e-2add-4552-a7dd-51d21aca59ee: addNew group-7F20EA7C5821:[82f183d4-07ec-425f-8671-68fc3d628492:192.168.5.143:41289, afc9e438-6b36-4ab1-bd79-7c4996d73e80:192.168.5.143:37825, 1d532c3e-2add-4552-a7dd-51d21aca59ee:192.168.5.143:37365] returns group-7F20EA7C5821:java.util.concurrent.CompletableFuture@54c29db8[Not completed]
2019-10-08 20:57:05,761 [pool-423-thread-1] INFO  impl.RaftServerImpl (RaftServerImpl.java:<init>(95)) - 82f183d4-07ec-425f-8671-68fc3d628492: new RaftServerImpl for group-7F20EA7C5821:[82f183d4-07ec-425f-8671-68fc3d628492:192.168.5.143:41289, afc9e438-6b36-4ab1-bd79-7c4996d73e80:192.168.5.143:37825, 1d532c3e-2add-4552-a7dd-51d21aca59ee:192.168.5.143:37365] with ContainerStateMachine:uninitialized
2019-10-08 20:57:05,761 [pool-423-thread-1] INFO  server.RaftServerConfigKeys (ConfUtils.java:logGet(43)) - raft.server.rpc.timeout.min = 5s (custom)
2019-10-08 20:57:05,761 [pool-423-thread-1] INFO  server.RaftServerConfigKeys (ConfUtils.java:logGet(43)) - raft.server.rpc.timeout.max = 5200ms (custom)
2019-10-08 20:57:05,761 [pool-423-thread-1] INFO  server.RaftServerConfigKeys (ConfUtils.java:logGet(43)) - raft.server.rpcslowness.timeout = 120s (custom)
2019-10-08 20:57:05,761 [pool-423-thread-1] INFO  server.RaftServerConfigKeys (ConfUtils.java:logGet(43)) - raft.server.sleep.deviation.threshold = 300 (default)
2019-10-08 20:57:05,761 [pool-393-thread-1] INFO  impl.RaftServerImpl (RaftServerImpl.java:<init>(95)) - afc9e438-6b36-4ab1-bd79-7c4996d73e80: new RaftServerImpl for group-7F20EA7C5821:[82f183d4-07ec-425f-8671-68fc3d628492:192.168.5.143:41289, afc9e438-6b36-4ab1-bd79-7c4996d73e80:192.168.5.143:37825, 1d532c3e-2add-4552-a7dd-51d21aca59ee:192.168.5.143:37365] with ContainerStateMachine:uninitialized
2019-10-08 20:57:05,761 [pool-423-thread-1] INFO  server.RaftServerConfigKeys (ConfUtils.java:logGet(43)) - raft.server.log.appender.install.snapshot.enabled = false (custom)
2019-10-08 20:57:05,761 [pool-393-thread-1] INFO  server.RaftServerConfigKeys (ConfUtils.java:logGet(43)) - raft.server.rpc.timeout.min = 5s (custom)
2019-10-08 20:57:05,762 [pool-423-thread-1] INFO  impl.RaftServerImpl (ServerState.java:<init>(103)) - 82f183d4-07ec-425f-8671-68fc3d628492@group-7F20EA7C5821: ConfigurationManager, init=-1: [82f183d4-07ec-425f-8671-68fc3d628492:192.168.5.143:41289, afc9e438-6b36-4ab1-bd79-7c4996d73e80:192.168.5.143:37825, 1d532c3e-2add-4552-a7dd-51d21aca59ee:192.168.5.143:37365], old=null, confs=<EMPTY_MAP>
2019-10-08 20:57:05,762 [pool-383-thread-1] INFO  impl.RaftServerImpl (RaftServerImpl.java:<init>(95)) - 1d532c3e-2add-4552-a7dd-51d21aca59ee: new RaftServerImpl for group-7F20EA7C5821:[82f183d4-07ec-425f-8671-68fc3d628492:192.168.5.143:41289, afc9e438-6b36-4ab1-bd79-7c4996d73e80:192.168.5.143:37825, 1d532c3e-2add-4552-a7dd-51d21aca59ee:192.168.5.143:37365] with ContainerStateMachine:uninitialized
2019-10-08 20:57:05,762 [pool-393-thread-1] INFO  server.RaftServerConfigKeys (ConfUtils.java:logGet(43)) - raft.server.rpc.timeout.max = 5200ms (custom)
2019-10-08 20:57:05,762 [pool-383-thread-1] INFO  server.RaftServerConfigKeys (ConfUtils.java:logGet(43)) - raft.server.rpc.timeout.min = 5s (custom)
2019-10-08 20:57:05,762 [pool-423-thread-1] INFO  server.RaftServerConfigKeys (ConfUtils.java:logGet(43)) - raft.server.storage.dir = [/workdir/hadoop-ozone/integration-test/target/test-dir/MiniOzoneClusterImpl-556ae367-a76f-437b-9cdb-d0d311a5222a/datanode-4/data/ratis] (custom)
2019-10-08 20:57:05,762 [pool-383-thread-1] INFO  server.RaftServerConfigKeys (ConfUtils.java:logGet(43)) - raft.server.rpc.timeout.max = 5200ms (custom)
2019-10-08 20:57:05,762 [pool-393-thread-1] INFO  server.RaftServerConfigKeys (ConfUtils.java:logGet(43)) - raft.server.rpcslowness.timeout = 120s (custom)
2019-10-08 20:57:05,762 [pool-423-thread-1] INFO  server.RaftServerConfigKeys (ConfUtils.java:logGet(43)) - raft.server.log.corruption.policy = EXCEPTION (default)
2019-10-08 20:57:05,762 [pool-383-thread-1] INFO  server.RaftServerConfigKeys (ConfUtils.java:logGet(43)) - raft.server.rpcslowness.timeout = 120s (custom)
2019-10-08 20:57:05,762 [pool-393-thread-1] INFO  server.RaftServerConfigKeys (ConfUtils.java:logGet(43)) - raft.server.sleep.deviation.threshold = 300 (default)
2019-10-08 20:57:05,762 [pool-383-thread-1] INFO  server.RaftServerConfigKeys (ConfUtils.java:logGet(43)) - raft.server.sleep.deviation.threshold = 300 (default)
2019-10-08 20:57:05,762 [pool-423-thread-1] INFO  storage.RaftStorageDirectory (RaftStorageDirectory.java:analyzeStorage(246)) - The storage directory /workdir/hadoop-ozone/integration-test/target/test-dir/MiniOzoneClusterImpl-556ae367-a76f-437b-9cdb-d0d311a5222a/datanode-4/data/ratis/f76f85fd-280f-46c6-a3ca-7f20ea7c5821 does not exist. Creating ...
2019-10-08 20:57:05,762 [pool-383-thread-1] INFO  server.RaftServerConfigKeys (ConfUtils.java:logGet(43)) - raft.server.log.appender.install.snapshot.enabled = false (custom)
2019-10-08 20:57:05,762 [pool-393-thread-1] INFO  server.RaftServerConfigKeys (ConfUtils.java:logGet(43)) - raft.server.log.appender.install.snapshot.enabled = false (custom)
2019-10-08 20:57:05,763 [pool-383-thread-1] INFO  impl.RaftServerImpl (ServerState.java:<init>(103)) - 1d532c3e-2add-4552-a7dd-51d21aca59ee@group-7F20EA7C5821: ConfigurationManager, init=-1: [82f183d4-07ec-425f-8671-68fc3d628492:192.168.5.143:41289, afc9e438-6b36-4ab1-bd79-7c4996d73e80:192.168.5.143:37825, 1d532c3e-2add-4552-a7dd-51d21aca59ee:192.168.5.143:37365], old=null, confs=<EMPTY_MAP>
2019-10-08 20:57:05,763 [pool-393-thread-1] INFO  impl.RaftServerImpl (ServerState.java:<init>(103)) - afc9e438-6b36-4ab1-bd79-7c4996d73e80@group-7F20EA7C5821: ConfigurationManager, init=-1: [82f183d4-07ec-425f-8671-68fc3d628492:192.168.5.143:41289, afc9e438-6b36-4ab1-bd79-7c4996d73e80:192.168.5.143:37825, 1d532c3e-2add-4552-a7dd-51d21aca59ee:192.168.5.143:37365], old=null, confs=<EMPTY_MAP>
2019-10-08 20:57:05,763 [pool-383-thread-1] INFO  server.RaftServerConfigKeys (ConfUtils.java:logGet(43)) - raft.server.storage.dir = [/workdir/hadoop-ozone/integration-test/target/test-dir/MiniOzoneClusterImpl-556ae367-a76f-437b-9cdb-d0d311a5222a/datanode-0/data/ratis] (custom)
2019-10-08 20:57:05,763 [pool-393-thread-1] INFO  server.RaftServerConfigKeys (ConfUtils.java:logGet(43)) - raft.server.storage.dir = [/workdir/hadoop-ozone/integration-test/target/test-dir/MiniOzoneClusterImpl-556ae367-a76f-437b-9cdb-d0d311a5222a/datanode-1/data/ratis] (custom)
2019-10-08 20:57:05,763 [pool-383-thread-1] INFO  server.RaftServerConfigKeys (ConfUtils.java:logGet(43)) - raft.server.log.corruption.policy = EXCEPTION (default)
2019-10-08 20:57:05,763 [pool-393-thread-1] INFO  server.RaftServerConfigKeys (ConfUtils.java:logGet(43)) - raft.server.log.corruption.policy = EXCEPTION (default)
2019-10-08 20:57:05,763 [pool-383-thread-1] INFO  storage.RaftStorageDirectory (RaftStorageDirectory.java:analyzeStorage(246)) - The storage directory /workdir/hadoop-ozone/integration-test/target/test-dir/MiniOzoneClusterImpl-556ae367-a76f-437b-9cdb-d0d311a5222a/datanode-0/data/ratis/f76f85fd-280f-46c6-a3ca-7f20ea7c5821 does not exist. Creating ...
2019-10-08 20:57:05,763 [pool-393-thread-1] INFO  storage.RaftStorageDirectory (RaftStorageDirectory.java:analyzeStorage(246)) - The storage directory /workdir/hadoop-ozone/integration-test/target/test-dir/MiniOzoneClusterImpl-556ae367-a76f-437b-9cdb-d0d311a5222a/datanode-1/data/ratis/f76f85fd-280f-46c6-a3ca-7f20ea7c5821 does not exist. Creating ...
2019-10-08 20:57:05,788 [pool-423-thread-1] INFO  storage.RaftStorageDirectory (RaftStorageDirectory.java:tryLock(328)) - Lock on /workdir/hadoop-ozone/integration-test/target/test-dir/MiniOzoneClusterImpl-556ae367-a76f-437b-9cdb-d0d311a5222a/datanode-4/data/ratis/f76f85fd-280f-46c6-a3ca-7f20ea7c5821/in_use.lock acquired by nodename 25063@pr-hdds-1868-gtwz2-575081100
2019-10-08 20:57:05,788 [pool-393-thread-1] INFO  storage.RaftStorageDirectory (RaftStorageDirectory.java:tryLock(328)) - Lock on /workdir/hadoop-ozone/integration-test/target/test-dir/MiniOzoneClusterImpl-556ae367-a76f-437b-9cdb-d0d311a5222a/datanode-1/data/ratis/f76f85fd-280f-46c6-a3ca-7f20ea7c5821/in_use.lock acquired by nodename 25063@pr-hdds-1868-gtwz2-575081100
2019-10-08 20:57:05,788 [pool-383-thread-1] INFO  storage.RaftStorageDirectory (RaftStorageDirectory.java:tryLock(328)) - Lock on /workdir/hadoop-ozone/integration-test/target/test-dir/MiniOzoneClusterImpl-556ae367-a76f-437b-9cdb-d0d311a5222a/datanode-0/data/ratis/f76f85fd-280f-46c6-a3ca-7f20ea7c5821/in_use.lock acquired by nodename 25063@pr-hdds-1868-gtwz2-575081100
2019-10-08 20:57:05,813 [pool-423-thread-1] INFO  storage.RaftStorage (RaftStorage.java:format(84)) - Storage directory /workdir/hadoop-ozone/integration-test/target/test-dir/MiniOzoneClusterImpl-556ae367-a76f-437b-9cdb-d0d311a5222a/datanode-4/data/ratis/f76f85fd-280f-46c6-a3ca-7f20ea7c5821 has been successfully formatted.
2019-10-08 20:57:05,813 [pool-383-thread-1] INFO  storage.RaftStorage (RaftStorage.java:format(84)) - Storage directory /workdir/hadoop-ozone/integration-test/target/test-dir/MiniOzoneClusterImpl-556ae367-a76f-437b-9cdb-d0d311a5222a/datanode-0/data/ratis/f76f85fd-280f-46c6-a3ca-7f20ea7c5821 has been successfully formatted.
2019-10-08 20:57:05,813 [pool-423-thread-1] INFO  ratis.ContainerStateMachine (ContainerStateMachine.java:loadSnapshot(233)) - group-7F20EA7C5821: The snapshot info is null. Setting the last applied indexto:(t:0, i:~)
2019-10-08 20:57:05,813 [pool-393-thread-1] INFO  storage.RaftStorage (RaftStorage.java:format(84)) - Storage directory /workdir/hadoop-ozone/integration-test/target/test-dir/MiniOzoneClusterImpl-556ae367-a76f-437b-9cdb-d0d311a5222a/datanode-1/data/ratis/f76f85fd-280f-46c6-a3ca-7f20ea7c5821 has been successfully formatted.
2019-10-08 20:57:05,813 [pool-423-thread-1] INFO  server.RaftServerConfigKeys (ConfUtils.java:logGet(43)) - raft.server.notification.no-leader.timeout = 120s (custom)
2019-10-08 20:57:05,813 [pool-383-thread-1] INFO  ratis.ContainerStateMachine (ContainerStateMachine.java:loadSnapshot(233)) - group-7F20EA7C5821: The snapshot info is null. Setting the last applied indexto:(t:0, i:~)
2019-10-08 20:57:05,814 [pool-423-thread-1] INFO  server.RaftServerConfigKeys (ConfUtils.java:logGet(43)) - raft.server.log.use.memory = false (default)
2019-10-08 20:57:05,814 [pool-393-thread-1] INFO  ratis.ContainerStateMachine (ContainerStateMachine.java:loadSnapshot(233)) - group-7F20EA7C5821: The snapshot info is null. Setting the last applied indexto:(t:0, i:~)
2019-10-08 20:57:05,814 [pool-423-thread-1] INFO  server.RaftServerConfigKeys (ConfUtils.java:logGet(43)) - raft.server.log.purge.gap = 1000000 (custom)
2019-10-08 20:57:05,814 [pool-383-thread-1] INFO  server.RaftServerConfigKeys (ConfUtils.java:logGet(43)) - raft.server.notification.no-leader.timeout = 120s (custom)
2019-10-08 20:57:05,814 [pool-423-thread-1] INFO  server.RaftServerConfigKeys (ConfUtils.java:logGet(43)) - raft.server.log.appender.buffer.byte-limit = 33554432 (custom)
2019-10-08 20:57:05,814 [pool-393-thread-1] INFO  server.RaftServerConfigKeys (ConfUtils.java:logGet(43)) - raft.server.notification.no-leader.timeout = 120s (custom)
2019-10-08 20:57:05,815 [pool-423-thread-1] INFO  server.RaftServerConfigKeys (ConfUtils.java:logGet(43)) - raft.server.log.segment.size.max = 1048576 (custom)
2019-10-08 20:57:05,815 [pool-383-thread-1] INFO  server.RaftServerConfigKeys (ConfUtils.java:logGet(43)) - raft.server.log.use.memory = false (default)
2019-10-08 20:57:05,815 [pool-423-thread-1] INFO  server.RaftServerConfigKeys (ConfUtils.java:logGet(43)) - raft.server.log.segment.cache.num.max = 2 (custom)
2019-10-08 20:57:05,815 [pool-393-thread-1] INFO  server.RaftServerConfigKeys (ConfUtils.java:logGet(43)) - raft.server.log.use.memory = false (default)
2019-10-08 20:57:05,815 [pool-423-thread-1] INFO  segmented.SegmentedRaftLogWorker (SegmentedRaftLogWorker.java:<init>(173)) - new 82f183d4-07ec-425f-8671-68fc3d628492@group-7F20EA7C5821-SegmentedRaftLogWorker for RaftStorage:Storage Directory /workdir/hadoop-ozone/integration-test/target/test-dir/MiniOzoneClusterImpl-556ae367-a76f-437b-9cdb-d0d311a5222a/datanode-4/data/ratis/f76f85fd-280f-46c6-a3ca-7f20ea7c5821
2019-10-08 20:57:05,815 [pool-383-thread-1] INFO  server.RaftServerConfigKeys (ConfUtils.java:logGet(43)) - raft.server.log.purge.gap = 1000000 (custom)
2019-10-08 20:57:05,816 [pool-423-thread-1] INFO  server.RaftServerConfigKeys (ConfUtils.java:logGet(43)) - raft.server.log.queue.byte-limit = 2147483647 (custom)
2019-10-08 20:57:05,816 [pool-393-thread-1] INFO  server.RaftServerConfigKeys (ConfUtils.java:logGet(43)) - raft.server.log.purge.gap = 1000000 (custom)
2019-10-08 20:57:05,816 [pool-423-thread-1] INFO  server.RaftServerConfigKeys (ConfUtils.java:logGet(43)) - raft.server.log.queue.element-limit = 1024 (custom)
2019-10-08 20:57:05,816 [pool-383-thread-1] INFO  server.RaftServerConfigKeys (ConfUtils.java:logGet(43)) - raft.server.log.appender.buffer.byte-limit = 33554432 (custom)
2019-10-08 20:57:05,816 [pool-423-thread-1] INFO  server.RaftServerConfigKeys (ConfUtils.java:logGet(43)) - raft.server.log.segment.size.max = 1048576 (custom)
2019-10-08 20:57:05,816 [pool-393-thread-1] INFO  server.RaftServerConfigKeys (ConfUtils.java:logGet(43)) - raft.server.log.appender.buffer.byte-limit = 33554432 (custom)
2019-10-08 20:57:05,817 [pool-423-thread-1] INFO  server.RaftServerConfigKeys (ConfUtils.java:logGet(43)) - raft.server.log.preallocated.size = 16384 (custom)
2019-10-08 20:57:05,817 [pool-423-thread-1] INFO  server.RaftServerConfigKeys (ConfUtils.java:logGet(43)) - raft.server.log.write.buffer.size = 33554432 (custom)
2019-10-08 20:57:05,817 [pool-383-thread-1] INFO  server.RaftServerConfigKeys (ConfUtils.java:logGet(43)) - raft.server.log.segment.size.max = 1048576 (custom)
2019-10-08 20:57:05,817 [pool-423-thread-1] INFO  server.RaftServerConfigKeys (ConfUtils.java:logGet(43)) - raft.server.log.force.sync.num = 128 (default)
2019-10-08 20:57:05,817 [pool-393-thread-1] INFO  server.RaftServerConfigKeys (ConfUtils.java:logGet(43)) - raft.server.log.segment.size.max = 1048576 (custom)
2019-10-08 20:57:05,818 [pool-423-thread-1] INFO  server.RaftServerConfigKeys (ConfUtils.java:logGet(43)) - raft.server.log.statemachine.data.sync = true (default)
2019-10-08 20:57:05,818 [pool-423-thread-1] INFO  server.RaftServerConfigKeys (ConfUtils.java:logGet(43)) - raft.server.log.statemachine.data.sync.timeout = 10s (default)
2019-10-08 20:57:05,817 [pool-383-thread-1] INFO  server.RaftServerConfigKeys (ConfUtils.java:logGet(43)) - raft.server.log.segment.cache.num.max = 2 (custom)
2019-10-08 20:57:05,818 [pool-423-thread-1] INFO  server.RaftServerConfigKeys (ConfUtils.java:logGet(43)) - raft.server.log.statemachine.data.sync.timeout.retry = -1 (default)
2019-10-08 20:57:05,818 [pool-393-thread-1] INFO  server.RaftServerConfigKeys (ConfUtils.java:logGet(43)) - raft.server.log.segment.cache.num.max = 2 (custom)
2019-10-08 20:57:05,818 [pool-423-thread-1] INFO  server.RaftServerConfigKeys (ConfUtils.java:logGet(43)) - raft.server.log.statemachine.data.caching.enabled = true (custom)
2019-10-08 20:57:05,818 [pool-383-thread-1] INFO  segmented.SegmentedRaftLogWorker (SegmentedRaftLogWorker.java:<init>(173)) - new 1d532c3e-2add-4552-a7dd-51d21aca59ee@group-7F20EA7C5821-SegmentedRaftLogWorker for RaftStorage:Storage Directory /workdir/hadoop-ozone/integration-test/target/test-dir/MiniOzoneClusterImpl-556ae367-a76f-437b-9cdb-d0d311a5222a/datanode-0/data/ratis/f76f85fd-280f-46c6-a3ca-7f20ea7c5821
2019-10-08 20:57:05,819 [pool-423-thread-1] INFO  segmented.SegmentedRaftLogWorker (SegmentedRaftLogWorker.java:lambda$new$0(128)) - 82f183d4-07ec-425f-8671-68fc3d628492@group-7F20EA7C5821-SegmentedRaftLogWorker: flushIndex: setUnconditionally 0 -> -1
2019-10-08 20:57:05,818 [pool-393-thread-1] INFO  segmented.SegmentedRaftLogWorker (SegmentedRaftLogWorker.java:<init>(173)) - new afc9e438-6b36-4ab1-bd79-7c4996d73e80@group-7F20EA7C5821-SegmentedRaftLogWorker for RaftStorage:Storage Directory /workdir/hadoop-ozone/integration-test/target/test-dir/MiniOzoneClusterImpl-556ae367-a76f-437b-9cdb-d0d311a5222a/datanode-1/data/ratis/f76f85fd-280f-46c6-a3ca-7f20ea7c5821
2019-10-08 20:57:05,819 [pool-383-thread-1] INFO  server.RaftServerConfigKeys (ConfUtils.java:logGet(43)) - raft.server.log.queue.byte-limit = 2147483647 (custom)
2019-10-08 20:57:05,819 [pool-423-thread-1] INFO  server.RaftServerConfigKeys (ConfUtils.java:logGet(43)) - raft.server.snapshot.auto.trigger.enabled = true (custom)
2019-10-08 20:57:05,819 [pool-393-thread-1] INFO  server.RaftServerConfigKeys (ConfUtils.java:logGet(43)) - raft.server.log.queue.byte-limit = 2147483647 (custom)
2019-10-08 20:57:05,819 [pool-423-thread-1] INFO  server.RaftServerConfigKeys (ConfUtils.java:logGet(43)) - raft.server.snapshot.auto.trigger.threshold = 10000 (custom)
2019-10-08 20:57:05,819 [pool-383-thread-1] INFO  server.RaftServerConfigKeys (ConfUtils.java:logGet(43)) - raft.server.log.queue.element-limit = 1024 (custom)
2019-10-08 20:57:05,820 [pool-423-thread-1] INFO  server.RaftServerConfigKeys (ConfUtils.java:logGet(43)) - raft.server.snapshot.retention.file.num = 5 (custom)
2019-10-08 20:57:05,820 [pool-393-thread-1] INFO  server.RaftServerConfigKeys (ConfUtils.java:logGet(43)) - raft.server.log.queue.element-limit = 1024 (custom)
2019-10-08 20:57:05,820 [pool-423-thread-1] INFO  server.RaftServerConfigKeys (ConfUtils.java:logGet(43)) - raft.server.retrycache.expirytime = 600000ms (custom)
2019-10-08 20:57:05,820 [pool-383-thread-1] INFO  server.RaftServerConfigKeys (ConfUtils.java:logGet(43)) - raft.server.log.segment.size.max = 1048576 (custom)
2019-10-08 20:57:05,820 [pool-393-thread-1] INFO  server.RaftServerConfigKeys (ConfUtils.java:logGet(43)) - raft.server.log.segment.size.max = 1048576 (custom)
2019-10-08 20:57:05,820 [pool-383-thread-1] INFO  server.RaftServerConfigKeys (ConfUtils.java:logGet(43)) - raft.server.log.preallocated.size = 16384 (custom)
2019-10-08 20:57:05,821 [pool-393-thread-1] INFO  server.RaftServerConfigKeys (ConfUtils.java:logGet(43)) - raft.server.log.preallocated.size = 16384 (custom)
2019-10-08 20:57:05,821 [pool-383-thread-1] INFO  server.RaftServerConfigKeys (ConfUtils.java:logGet(43)) - raft.server.log.write.buffer.size = 33554432 (custom)
2019-10-08 20:57:05,821 [pool-393-thread-1] INFO  server.RaftServerConfigKeys (ConfUtils.java:logGet(43)) - raft.server.log.write.buffer.size = 33554432 (custom)
2019-10-08 20:57:05,821 [pool-383-thread-1] INFO  server.RaftServerConfigKeys (ConfUtils.java:logGet(43)) - raft.server.log.force.sync.num = 128 (default)
2019-10-08 20:57:05,821 [pool-393-thread-1] INFO  server.RaftServerConfigKeys (ConfUtils.java:logGet(43)) - raft.server.log.force.sync.num = 128 (default)
2019-10-08 20:57:05,821 [pool-383-thread-1] INFO  server.RaftServerConfigKeys (ConfUtils.java:logGet(43)) - raft.server.log.statemachine.data.sync = true (default)
2019-10-08 20:57:05,821 [pool-393-thread-1] INFO  server.RaftServerConfigKeys (ConfUtils.java:logGet(43)) - raft.server.log.statemachine.data.sync = true (default)
2019-10-08 20:57:05,822 [pool-383-thread-1] INFO  server.RaftServerConfigKeys (ConfUtils.java:logGet(43)) - raft.server.log.statemachine.data.sync.timeout = 10s (default)
2019-10-08 20:57:05,822 [pool-393-thread-1] INFO  server.RaftServerConfigKeys (ConfUtils.java:logGet(43)) - raft.server.log.statemachine.data.sync.timeout = 10s (default)
2019-10-08 20:57:05,822 [pool-423-thread-1] INFO  impl.RaftServerImpl (RaftServerImpl.java:start(181)) - 82f183d4-07ec-425f-8671-68fc3d628492@group-7F20EA7C5821: start as a follower, conf=-1: [82f183d4-07ec-425f-8671-68fc3d628492:192.168.5.143:41289, afc9e438-6b36-4ab1-bd79-7c4996d73e80:192.168.5.143:37825, 1d532c3e-2add-4552-a7dd-51d21aca59ee:192.168.5.143:37365], old=null
2019-10-08 20:57:05,822 [pool-383-thread-1] INFO  server.RaftServerConfigKeys (ConfUtils.java:logGet(43)) - raft.server.log.statemachine.data.sync.timeout.retry = -1 (default)
2019-10-08 20:57:05,822 [pool-423-thread-1] INFO  impl.RaftServerImpl (RaftServerImpl.java:setRole(170)) - 82f183d4-07ec-425f-8671-68fc3d628492@group-7F20EA7C5821: changes role from      null to FOLLOWER at term 0 for startAsFollower
2019-10-08 20:57:05,822 [pool-393-thread-1] INFO  server.RaftServerConfigKeys (ConfUtils.java:logGet(43)) - raft.server.log.statemachine.data.sync.timeout.retry = -1 (default)
2019-10-08 20:57:05,822 [pool-423-thread-1] INFO  impl.RoleInfo (RoleInfo.java:updateAndGet(143)) - 82f183d4-07ec-425f-8671-68fc3d628492: start FollowerState
2019-10-08 20:57:05,822 [pool-383-thread-1] INFO  server.RaftServerConfigKeys (ConfUtils.java:logGet(43)) - raft.server.log.statemachine.data.caching.enabled = true (custom)
2019-10-08 20:57:05,823 [pool-393-thread-1] INFO  server.RaftServerConfigKeys (ConfUtils.java:logGet(43)) - raft.server.log.statemachine.data.caching.enabled = true (custom)
2019-10-08 20:57:05,823 [pool-423-thread-1] INFO  util.JmxRegister (JmxRegister.java:tryRegister(44)) - Successfully registered JMX Bean with object name Ratis:service=RaftServer,group=group-7F20EA7C5821,id=82f183d4-07ec-425f-8671-68fc3d628492
2019-10-08 20:57:05,823 [pool-383-thread-1] INFO  segmented.SegmentedRaftLogWorker (SegmentedRaftLogWorker.java:lambda$new$0(128)) - 1d532c3e-2add-4552-a7dd-51d21aca59ee@group-7F20EA7C5821-SegmentedRaftLogWorker: flushIndex: setUnconditionally 0 -> -1
2019-10-08 20:57:05,823 [pool-393-thread-1] INFO  segmented.SegmentedRaftLogWorker (SegmentedRaftLogWorker.java:lambda$new$0(128)) - afc9e438-6b36-4ab1-bd79-7c4996d73e80@group-7F20EA7C5821-SegmentedRaftLogWorker: flushIndex: setUnconditionally 0 -> -1
2019-10-08 20:57:05,823 [pool-383-thread-1] INFO  server.RaftServerConfigKeys (ConfUtils.java:logGet(43)) - raft.server.snapshot.auto.trigger.enabled = true (custom)
2019-10-08 20:57:05,823 [pool-383-thread-1] INFO  server.RaftServerConfigKeys (ConfUtils.java:logGet(43)) - raft.server.snapshot.auto.trigger.threshold = 10000 (custom)
2019-10-08 20:57:05,824 [pool-383-thread-1] INFO  server.RaftServerConfigKeys (ConfUtils.java:logGet(43)) - raft.server.snapshot.retention.file.num = 5 (custom)
2019-10-08 20:57:05,824 [pool-393-thread-1] INFO  server.RaftServerConfigKeys (ConfUtils.java:logGet(43)) - raft.server.snapshot.auto.trigger.enabled = true (custom)
2019-10-08 20:57:05,824 [pool-383-thread-1] INFO  server.RaftServerConfigKeys (ConfUtils.java:logGet(43)) - raft.server.retrycache.expirytime = 600000ms (custom)
2019-10-08 20:57:05,824 [pool-393-thread-1] INFO  server.RaftServerConfigKeys (ConfUtils.java:logGet(43)) - raft.server.snapshot.auto.trigger.threshold = 10000 (custom)
2019-10-08 20:57:05,824 [pool-393-thread-1] INFO  server.RaftServerConfigKeys (ConfUtils.java:logGet(43)) - raft.server.snapshot.retention.file.num = 5 (custom)
2019-10-08 20:57:05,824 [pool-393-thread-1] INFO  server.RaftServerConfigKeys (ConfUtils.java:logGet(43)) - raft.server.retrycache.expirytime = 600000ms (custom)
2019-10-08 20:57:05,826 [pool-383-thread-1] INFO  impl.RaftServerImpl (RaftServerImpl.java:start(181)) - 1d532c3e-2add-4552-a7dd-51d21aca59ee@group-7F20EA7C5821: start as a follower, conf=-1: [82f183d4-07ec-425f-8671-68fc3d628492:192.168.5.143:41289, afc9e438-6b36-4ab1-bd79-7c4996d73e80:192.168.5.143:37825, 1d532c3e-2add-4552-a7dd-51d21aca59ee:192.168.5.143:37365], old=null
2019-10-08 20:57:05,826 [pool-383-thread-1] INFO  impl.RaftServerImpl (RaftServerImpl.java:setRole(170)) - 1d532c3e-2add-4552-a7dd-51d21aca59ee@group-7F20EA7C5821: changes role from      null to FOLLOWER at term 0 for startAsFollower
2019-10-08 20:57:05,827 [pool-383-thread-1] INFO  impl.RoleInfo (RoleInfo.java:updateAndGet(143)) - 1d532c3e-2add-4552-a7dd-51d21aca59ee: start FollowerState
2019-10-08 20:57:05,827 [pool-393-thread-1] INFO  impl.RaftServerImpl (RaftServerImpl.java:start(181)) - afc9e438-6b36-4ab1-bd79-7c4996d73e80@group-7F20EA7C5821: start as a follower, conf=-1: [82f183d4-07ec-425f-8671-68fc3d628492:192.168.5.143:41289, afc9e438-6b36-4ab1-bd79-7c4996d73e80:192.168.5.143:37825, 1d532c3e-2add-4552-a7dd-51d21aca59ee:192.168.5.143:37365], old=null
2019-10-08 20:57:05,827 [pool-393-thread-1] INFO  impl.RaftServerImpl (RaftServerImpl.java:setRole(170)) - afc9e438-6b36-4ab1-bd79-7c4996d73e80@group-7F20EA7C5821: changes role from      null to FOLLOWER at term 0 for startAsFollower
2019-10-08 20:57:05,827 [pool-383-thread-1] INFO  util.JmxRegister (JmxRegister.java:tryRegister(44)) - Successfully registered JMX Bean with object name Ratis:service=RaftServer,group=group-7F20EA7C5821,id=1d532c3e-2add-4552-a7dd-51d21aca59ee
2019-10-08 20:57:05,827 [pool-393-thread-1] INFO  impl.RoleInfo (RoleInfo.java:updateAndGet(143)) - afc9e438-6b36-4ab1-bd79-7c4996d73e80: start FollowerState
2019-10-08 20:57:05,828 [pool-393-thread-1] INFO  util.JmxRegister (JmxRegister.java:tryRegister(44)) - Successfully registered JMX Bean with object name Ratis:service=RaftServer,group=group-7F20EA7C5821,id=afc9e438-6b36-4ab1-bd79-7c4996d73e80
2019-10-08 20:57:05,831 [RatisPipelineUtilsThread] INFO  pipeline.PipelineStateManager (PipelineStateManager.java:addPipeline(57)) - Created pipeline Pipeline[ Id: f76f85fd-280f-46c6-a3ca-7f20ea7c5821, Nodes: afc9e438-6b36-4ab1-bd79-7c4996d73e80{ip: 192.168.5.143, host: pr-hdds-1868-gtwz2-575081100, networkLocation: /default-rack, certSerialId: null}1d532c3e-2add-4552-a7dd-51d21aca59ee{ip: 192.168.5.143, host: pr-hdds-1868-gtwz2-575081100, networkLocation: /default-rack, certSerialId: null}82f183d4-07ec-425f-8671-68fc3d628492{ip: 192.168.5.143, host: pr-hdds-1868-gtwz2-575081100, networkLocation: /default-rack, certSerialId: null}, Type:RATIS, Factor:THREE, State:ALLOCATED]
2019-10-08 20:57:05,832 [Thread-2476] INFO  pipeline.PipelineStateManager (PipelineStateManager.java:finalizePipeline(123)) - Pipeline Pipeline[ Id: 1769615c-a660-43d0-8105-b292a64d3f8f, Nodes: e52ae031-559f-4c9e-bebc-adcf9ddddd4c{ip: 192.168.5.143, host: pr-hdds-1868-gtwz2-575081100, networkLocation: /default-rack, certSerialId: null}, Type:RATIS, Factor:ONE, State:CLOSED] moved to CLOSED state
2019-10-08 20:57:05,832 [main] INFO  ozone.MiniOzoneClusterImpl (MiniOzoneClusterImpl.java:lambda$waitForClusterToBeReady$2(164)) - Waiting for 8 number of pipelines out of 9, to report a leader.
2019-10-08 20:57:05,838 [grpc-default-executor-5] INFO  impl.RaftServerProxy (RaftServerProxy.java:remove(95)) - e52ae031-559f-4c9e-bebc-adcf9ddddd4c: remove  FOLLOWER e52ae031-559f-4c9e-bebc-adcf9ddddd4c@group-B292A64D3F8F:t0, leader=null, voted=null, raftlog=e52ae031-559f-4c9e-bebc-adcf9ddddd4c@group-B292A64D3F8F-SegmentedRaftLog:OPENED:c-1,f-1,i0, conf=-1: [e52ae031-559f-4c9e-bebc-adcf9ddddd4c:192.168.5.143:44737], old=null RUNNING
2019-10-08 20:57:05,838 [grpc-default-executor-5] INFO  impl.RaftServerImpl (RaftServerImpl.java:lambda$shutdown$3(247)) - e52ae031-559f-4c9e-bebc-adcf9ddddd4c@group-B292A64D3F8F: shutdown
2019-10-08 20:57:05,838 [grpc-default-executor-5] INFO  util.JmxRegister (JmxRegister.java:unregister(73)) - Successfully un-registered JMX Bean with object name Ratis:service=RaftServer,group=group-B292A64D3F8F,id=e52ae031-559f-4c9e-bebc-adcf9ddddd4c
2019-10-08 20:57:05,838 [grpc-default-executor-5] INFO  impl.RoleInfo (RoleInfo.java:shutdownFollowerState(121)) - e52ae031-559f-4c9e-bebc-adcf9ddddd4c: shutdown FollowerState
2019-10-08 20:57:05,838 [grpc-default-executor-5] INFO  impl.StateMachineUpdater (StateMachineUpdater.java:stopAndJoin(136)) - e52ae031-559f-4c9e-bebc-adcf9ddddd4c@group-B292A64D3F8F-StateMachineUpdater: set stopIndex = -1
2019-10-08 20:57:05,838 [Thread-2496] INFO  impl.FollowerState (FollowerState.java:run(117)) - e52ae031-559f-4c9e-bebc-adcf9ddddd4c@group-B292A64D3F8F-FollowerState was interrupted: java.lang.InterruptedException: sleep interrupted
2019-10-08 20:57:05,839 [grpc-default-executor-5] INFO  impl.RaftServerImpl (ServerState.java:close(387)) - e52ae031-559f-4c9e-bebc-adcf9ddddd4c@group-B292A64D3F8F: closes. applyIndex: -1
2019-10-08 20:57:05,839 [e52ae031-559f-4c9e-bebc-adcf9ddddd4c@group-B292A64D3F8F-SegmentedRaftLogWorker] INFO  segmented.SegmentedRaftLogWorker (SegmentedRaftLogWorker.java:run(316)) - e52ae031-559f-4c9e-bebc-adcf9ddddd4c@group-B292A64D3F8F-SegmentedRaftLogWorker was interrupted, exiting. There are 0 tasks remaining in the queue.
2019-10-08 20:57:05,839 [grpc-default-executor-5] INFO  segmented.SegmentedRaftLogWorker (SegmentedRaftLogWorker.java:close(224)) - e52ae031-559f-4c9e-bebc-adcf9ddddd4c@group-B292A64D3F8F-SegmentedRaftLogWorker close()
2019-10-08 20:57:05,844 [Thread-2476] INFO  pipeline.PipelineStateManager (PipelineStateManager.java:removePipeline(108)) - Pipeline Pipeline[ Id: 1769615c-a660-43d0-8105-b292a64d3f8f, Nodes: e52ae031-559f-4c9e-bebc-adcf9ddddd4c{ip: 192.168.5.143, host: pr-hdds-1868-gtwz2-575081100, networkLocation: /default-rack, certSerialId: null}, Type:RATIS, Factor:ONE, State:CLOSED] removed from db
2019-10-08 20:57:05,844 [Thread-2476] INFO  pipeline.SCMPipelineManager (SCMPipelineManager.java:finalizeAndDestroyPipeline(315)) - destroying pipeline:Pipeline[ Id: 556c8d05-94ae-47ce-b16f-f2ccc217521d, Nodes: 26fb5415-fc41-4e82-8ddb-8a77e6c283f9{ip: 192.168.5.143, host: pr-hdds-1868-gtwz2-575081100, networkLocation: /default-rack, certSerialId: null}, Type:RATIS, Factor:ONE, State:ALLOCATED]
2019-10-08 20:57:05,848 [grpc-default-executor-5] INFO  impl.RaftServerProxy (RaftServerProxy.java:addNew(89)) - e52ae031-559f-4c9e-bebc-adcf9ddddd4c: addNew group-75A639D0CDCA:[e52ae031-559f-4c9e-bebc-adcf9ddddd4c:192.168.5.143:44737] returns group-75A639D0CDCA:java.util.concurrent.CompletableFuture@1fa2190[Not completed]
2019-10-08 20:57:05,848 [pool-413-thread-1] INFO  impl.RaftServerImpl (RaftServerImpl.java:<init>(95)) - e52ae031-559f-4c9e-bebc-adcf9ddddd4c: new RaftServerImpl for group-75A639D0CDCA:[e52ae031-559f-4c9e-bebc-adcf9ddddd4c:192.168.5.143:44737] with ContainerStateMachine:uninitialized
2019-10-08 20:57:05,849 [pool-413-thread-1] INFO  server.RaftServerConfigKeys (ConfUtils.java:logGet(43)) - raft.server.rpc.timeout.min = 5s (custom)
2019-10-08 20:57:05,849 [pool-413-thread-1] INFO  server.RaftServerConfigKeys (ConfUtils.java:logGet(43)) - raft.server.rpc.timeout.max = 5200ms (custom)
2019-10-08 20:57:05,849 [pool-413-thread-1] INFO  server.RaftServerConfigKeys (ConfUtils.java:logGet(43)) - raft.server.rpcslowness.timeout = 120s (custom)
2019-10-08 20:57:05,849 [pool-413-thread-1] INFO  server.RaftServerConfigKeys (ConfUtils.java:logGet(43)) - raft.server.sleep.deviation.threshold = 300 (default)
2019-10-08 20:57:05,849 [pool-413-thread-1] INFO  server.RaftServerConfigKeys (ConfUtils.java:logGet(43)) - raft.server.log.appender.install.snapshot.enabled = false (custom)
2019-10-08 20:57:05,849 [pool-413-thread-1] INFO  impl.RaftServerImpl (ServerState.java:<init>(103)) - e52ae031-559f-4c9e-bebc-adcf9ddddd4c@group-75A639D0CDCA: ConfigurationManager, init=-1: [e52ae031-559f-4c9e-bebc-adcf9ddddd4c:192.168.5.143:44737], old=null, confs=<EMPTY_MAP>
2019-10-08 20:57:05,849 [pool-413-thread-1] INFO  server.RaftServerConfigKeys (ConfUtils.java:logGet(43)) - raft.server.storage.dir = [/workdir/hadoop-ozone/integration-test/target/test-dir/MiniOzoneClusterImpl-556ae367-a76f-437b-9cdb-d0d311a5222a/datanode-3/data/ratis] (custom)
2019-10-08 20:57:05,849 [pool-413-thread-1] INFO  server.RaftServerConfigKeys (ConfUtils.java:logGet(43)) - raft.server.log.corruption.policy = EXCEPTION (default)
2019-10-08 20:57:05,849 [pool-413-thread-1] INFO  storage.RaftStorageDirectory (RaftStorageDirectory.java:analyzeStorage(246)) - The storage directory /workdir/hadoop-ozone/integration-test/target/test-dir/MiniOzoneClusterImpl-556ae367-a76f-437b-9cdb-d0d311a5222a/datanode-3/data/ratis/5989c25d-5e51-4b76-9427-75a639d0cdca does not exist. Creating ...
2019-10-08 20:57:05,862 [pool-413-thread-1] INFO  storage.RaftStorageDirectory (RaftStorageDirectory.java:tryLock(328)) - Lock on /workdir/hadoop-ozone/integration-test/target/test-dir/MiniOzoneClusterImpl-556ae367-a76f-437b-9cdb-d0d311a5222a/datanode-3/data/ratis/5989c25d-5e51-4b76-9427-75a639d0cdca/in_use.lock acquired by nodename 25063@pr-hdds-1868-gtwz2-575081100
2019-10-08 20:57:05,883 [pool-413-thread-1] INFO  storage.RaftStorage (RaftStorage.java:format(84)) - Storage directory /workdir/hadoop-ozone/integration-test/target/test-dir/MiniOzoneClusterImpl-556ae367-a76f-437b-9cdb-d0d311a5222a/datanode-3/data/ratis/5989c25d-5e51-4b76-9427-75a639d0cdca has been successfully formatted.
2019-10-08 20:57:05,883 [pool-413-thread-1] INFO  ratis.ContainerStateMachine (ContainerStateMachine.java:loadSnapshot(233)) - group-75A639D0CDCA: The snapshot info is null. Setting the last applied indexto:(t:0, i:~)
2019-10-08 20:57:05,883 [pool-413-thread-1] INFO  server.RaftServerConfigKeys (ConfUtils.java:logGet(43)) - raft.server.notification.no-leader.timeout = 120s (custom)
2019-10-08 20:57:05,883 [pool-413-thread-1] INFO  server.RaftServerConfigKeys (ConfUtils.java:logGet(43)) - raft.server.log.use.memory = false (default)
2019-10-08 20:57:05,883 [pool-413-thread-1] INFO  server.RaftServerConfigKeys (ConfUtils.java:logGet(43)) - raft.server.log.purge.gap = 1000000 (custom)
2019-10-08 20:57:05,884 [pool-413-thread-1] INFO  server.RaftServerConfigKeys (ConfUtils.java:logGet(43)) - raft.server.log.appender.buffer.byte-limit = 33554432 (custom)
2019-10-08 20:57:05,884 [pool-413-thread-1] INFO  server.RaftServerConfigKeys (ConfUtils.java:logGet(43)) - raft.server.log.segment.size.max = 1048576 (custom)
2019-10-08 20:57:05,884 [pool-413-thread-1] INFO  server.RaftServerConfigKeys (ConfUtils.java:logGet(43)) - raft.server.log.segment.cache.num.max = 2 (custom)
2019-10-08 20:57:05,884 [pool-413-thread-1] INFO  segmented.SegmentedRaftLogWorker (SegmentedRaftLogWorker.java:<init>(173)) - new e52ae031-559f-4c9e-bebc-adcf9ddddd4c@group-75A639D0CDCA-SegmentedRaftLogWorker for RaftStorage:Storage Directory /workdir/hadoop-ozone/integration-test/target/test-dir/MiniOzoneClusterImpl-556ae367-a76f-437b-9cdb-d0d311a5222a/datanode-3/data/ratis/5989c25d-5e51-4b76-9427-75a639d0cdca
2019-10-08 20:57:05,884 [pool-413-thread-1] INFO  server.RaftServerConfigKeys (ConfUtils.java:logGet(43)) - raft.server.log.queue.byte-limit = 2147483647 (custom)
2019-10-08 20:57:05,884 [pool-413-thread-1] INFO  server.RaftServerConfigKeys (ConfUtils.java:logGet(43)) - raft.server.log.queue.element-limit = 1024 (custom)
2019-10-08 20:57:05,884 [pool-413-thread-1] INFO  server.RaftServerConfigKeys (ConfUtils.java:logGet(43)) - raft.server.log.segment.size.max = 1048576 (custom)
2019-10-08 20:57:05,884 [pool-413-thread-1] INFO  server.RaftServerConfigKeys (ConfUtils.java:logGet(43)) - raft.server.log.preallocated.size = 16384 (custom)
2019-10-08 20:57:05,884 [pool-413-thread-1] INFO  server.RaftServerConfigKeys (ConfUtils.java:logGet(43)) - raft.server.log.write.buffer.size = 33554432 (custom)
2019-10-08 20:57:05,884 [pool-413-thread-1] INFO  server.RaftServerConfigKeys (ConfUtils.java:logGet(43)) - raft.server.log.force.sync.num = 128 (default)
2019-10-08 20:57:05,884 [pool-413-thread-1] INFO  server.RaftServerConfigKeys (ConfUtils.java:logGet(43)) - raft.server.log.statemachine.data.sync = true (default)
2019-10-08 20:57:05,885 [pool-413-thread-1] INFO  server.RaftServerConfigKeys (ConfUtils.java:logGet(43)) - raft.server.log.statemachine.data.sync.timeout = 10s (default)
2019-10-08 20:57:05,885 [pool-413-thread-1] INFO  server.RaftServerConfigKeys (ConfUtils.java:logGet(43)) - raft.server.log.statemachine.data.sync.timeout.retry = -1 (default)
2019-10-08 20:57:05,885 [pool-413-thread-1] INFO  server.RaftServerConfigKeys (ConfUtils.java:logGet(43)) - raft.server.log.statemachine.data.caching.enabled = true (custom)
2019-10-08 20:57:05,885 [pool-413-thread-1] INFO  segmented.SegmentedRaftLogWorker (SegmentedRaftLogWorker.java:lambda$new$0(128)) - e52ae031-559f-4c9e-bebc-adcf9ddddd4c@group-75A639D0CDCA-SegmentedRaftLogWorker: flushIndex: setUnconditionally 0 -> -1
2019-10-08 20:57:05,885 [pool-413-thread-1] INFO  server.RaftServerConfigKeys (ConfUtils.java:logGet(43)) - raft.server.snapshot.auto.trigger.enabled = true (custom)
2019-10-08 20:57:05,885 [pool-413-thread-1] INFO  server.RaftServerConfigKeys (ConfUtils.java:logGet(43)) - raft.server.snapshot.auto.trigger.threshold = 10000 (custom)
2019-10-08 20:57:05,885 [pool-413-thread-1] INFO  server.RaftServerConfigKeys (ConfUtils.java:logGet(43)) - raft.server.snapshot.retention.file.num = 5 (custom)
2019-10-08 20:57:05,886 [pool-413-thread-1] INFO  server.RaftServerConfigKeys (ConfUtils.java:logGet(43)) - raft.server.retrycache.expirytime = 600000ms (custom)
2019-10-08 20:57:05,887 [pool-413-thread-1] INFO  impl.RaftServerImpl (RaftServerImpl.java:start(181)) - e52ae031-559f-4c9e-bebc-adcf9ddddd4c@group-75A639D0CDCA: start as a follower, conf=-1: [e52ae031-559f-4c9e-bebc-adcf9ddddd4c:192.168.5.143:44737], old=null
2019-10-08 20:57:05,887 [pool-413-thread-1] INFO  impl.RaftServerImpl (RaftServerImpl.java:setRole(170)) - e52ae031-559f-4c9e-bebc-adcf9ddddd4c@group-75A639D0CDCA: changes role from      null to FOLLOWER at term 0 for startAsFollower
2019-10-08 20:57:05,887 [pool-413-thread-1] INFO  impl.RoleInfo (RoleInfo.java:updateAndGet(143)) - e52ae031-559f-4c9e-bebc-adcf9ddddd4c: start FollowerState
2019-10-08 20:57:05,887 [pool-413-thread-1] INFO  util.JmxRegister (JmxRegister.java:tryRegister(44)) - Successfully registered JMX Bean with object name Ratis:service=RaftServer,group=group-75A639D0CDCA,id=e52ae031-559f-4c9e-bebc-adcf9ddddd4c
2019-10-08 20:57:05,890 [RatisPipelineUtilsThread] INFO  pipeline.PipelineStateManager (PipelineStateManager.java:addPipeline(57)) - Created pipeline Pipeline[ Id: 5989c25d-5e51-4b76-9427-75a639d0cdca, Nodes: e52ae031-559f-4c9e-bebc-adcf9ddddd4c{ip: 192.168.5.143, host: pr-hdds-1868-gtwz2-575081100, networkLocation: /default-rack, certSerialId: null}, Type:RATIS, Factor:ONE, State:ALLOCATED]
2019-10-08 20:57:05,891 [Thread-2476] INFO  pipeline.PipelineStateManager (PipelineStateManager.java:finalizePipeline(123)) - Pipeline Pipeline[ Id: 556c8d05-94ae-47ce-b16f-f2ccc217521d, Nodes: 26fb5415-fc41-4e82-8ddb-8a77e6c283f9{ip: 192.168.5.143, host: pr-hdds-1868-gtwz2-575081100, networkLocation: /default-rack, certSerialId: null}, Type:RATIS, Factor:ONE, State:CLOSED] moved to CLOSED state
2019-10-08 20:57:05,897 [grpc-default-executor-5] INFO  impl.RaftServerProxy (RaftServerProxy.java:remove(95)) - 26fb5415-fc41-4e82-8ddb-8a77e6c283f9: remove  FOLLOWER 26fb5415-fc41-4e82-8ddb-8a77e6c283f9@group-F2CCC217521D:t0, leader=null, voted=null, raftlog=26fb5415-fc41-4e82-8ddb-8a77e6c283f9@group-F2CCC217521D-SegmentedRaftLog:OPENED:c-1,f-1,i0, conf=-1: [26fb5415-fc41-4e82-8ddb-8a77e6c283f9:192.168.5.143:35912], old=null RUNNING
2019-10-08 20:57:05,897 [grpc-default-executor-5] INFO  impl.RaftServerImpl (RaftServerImpl.java:lambda$shutdown$3(247)) - 26fb5415-fc41-4e82-8ddb-8a77e6c283f9@group-F2CCC217521D: shutdown
2019-10-08 20:57:05,897 [grpc-default-executor-5] INFO  util.JmxRegister (JmxRegister.java:unregister(73)) - Successfully un-registered JMX Bean with object name Ratis:service=RaftServer,group=group-F2CCC217521D,id=26fb5415-fc41-4e82-8ddb-8a77e6c283f9
2019-10-08 20:57:05,897 [grpc-default-executor-5] INFO  impl.RoleInfo (RoleInfo.java:shutdownFollowerState(121)) - 26fb5415-fc41-4e82-8ddb-8a77e6c283f9: shutdown FollowerState
2019-10-08 20:57:05,897 [grpc-default-executor-5] INFO  impl.StateMachineUpdater (StateMachineUpdater.java:stopAndJoin(136)) - 26fb5415-fc41-4e82-8ddb-8a77e6c283f9@group-F2CCC217521D-StateMachineUpdater: set stopIndex = -1
2019-10-08 20:57:05,897 [Thread-2505] INFO  impl.FollowerState (FollowerState.java:run(117)) - 26fb5415-fc41-4e82-8ddb-8a77e6c283f9@group-F2CCC217521D-FollowerState was interrupted: java.lang.InterruptedException: sleep interrupted
2019-10-08 20:57:05,897 [grpc-default-executor-5] INFO  impl.RaftServerImpl (ServerState.java:close(387)) - 26fb5415-fc41-4e82-8ddb-8a77e6c283f9@group-F2CCC217521D: closes. applyIndex: -1
2019-10-08 20:57:05,898 [26fb5415-fc41-4e82-8ddb-8a77e6c283f9@group-F2CCC217521D-SegmentedRaftLogWorker] INFO  segmented.SegmentedRaftLogWorker (SegmentedRaftLogWorker.java:run(316)) - 26fb5415-fc41-4e82-8ddb-8a77e6c283f9@group-F2CCC217521D-SegmentedRaftLogWorker was interrupted, exiting. There are 0 tasks remaining in the queue.
2019-10-08 20:57:05,898 [grpc-default-executor-5] INFO  segmented.SegmentedRaftLogWorker (SegmentedRaftLogWorker.java:close(224)) - 26fb5415-fc41-4e82-8ddb-8a77e6c283f9@group-F2CCC217521D-SegmentedRaftLogWorker close()
2019-10-08 20:57:05,904 [Thread-2476] INFO  pipeline.PipelineStateManager (PipelineStateManager.java:removePipeline(108)) - Pipeline Pipeline[ Id: 556c8d05-94ae-47ce-b16f-f2ccc217521d, Nodes: 26fb5415-fc41-4e82-8ddb-8a77e6c283f9{ip: 192.168.5.143, host: pr-hdds-1868-gtwz2-575081100, networkLocation: /default-rack, certSerialId: null}, Type:RATIS, Factor:ONE, State:CLOSED] removed from db
2019-10-08 20:57:05,904 [Thread-2476] INFO  pipeline.SCMPipelineManager (SCMPipelineManager.java:finalizeAndDestroyPipeline(315)) - destroying pipeline:Pipeline[ Id: 2003f173-029f-4259-9c72-e32a62cbefc6, Nodes: 105b5466-f074-4557-a150-d437ba92de7c{ip: 192.168.5.143, host: pr-hdds-1868-gtwz2-575081100, networkLocation: /default-rack, certSerialId: null}e52ae031-559f-4c9e-bebc-adcf9ddddd4c{ip: 192.168.5.143, host: pr-hdds-1868-gtwz2-575081100, networkLocation: /default-rack, certSerialId: null}26fb5415-fc41-4e82-8ddb-8a77e6c283f9{ip: 192.168.5.143, host: pr-hdds-1868-gtwz2-575081100, networkLocation: /default-rack, certSerialId: null}, Type:RATIS, Factor:THREE, State:ALLOCATED]
2019-10-08 20:57:05,907 [grpc-default-executor-5] INFO  impl.RaftServerProxy (RaftServerProxy.java:addNew(89)) - 26fb5415-fc41-4e82-8ddb-8a77e6c283f9: addNew group-DE12D6DB21E0:[26fb5415-fc41-4e82-8ddb-8a77e6c283f9:192.168.5.143:35912] returns group-DE12D6DB21E0:java.util.concurrent.CompletableFuture@150d8d60[Not completed]
2019-10-08 20:57:05,908 [pool-443-thread-1] INFO  impl.RaftServerImpl (RaftServerImpl.java:<init>(95)) - 26fb5415-fc41-4e82-8ddb-8a77e6c283f9: new RaftServerImpl for group-DE12D6DB21E0:[26fb5415-fc41-4e82-8ddb-8a77e6c283f9:192.168.5.143:35912] with ContainerStateMachine:uninitialized
2019-10-08 20:57:05,908 [pool-443-thread-1] INFO  server.RaftServerConfigKeys (ConfUtils.java:logGet(43)) - raft.server.rpc.timeout.min = 5s (custom)
2019-10-08 20:57:05,909 [pool-443-thread-1] INFO  server.RaftServerConfigKeys (ConfUtils.java:logGet(43)) - raft.server.rpc.timeout.max = 5200ms (custom)
2019-10-08 20:57:05,909 [pool-443-thread-1] INFO  server.RaftServerConfigKeys (ConfUtils.java:logGet(43)) - raft.server.rpcslowness.timeout = 120s (custom)
2019-10-08 20:57:05,909 [pool-443-thread-1] INFO  server.RaftServerConfigKeys (ConfUtils.java:logGet(43)) - raft.server.sleep.deviation.threshold = 300 (default)
2019-10-08 20:57:05,909 [pool-443-thread-1] INFO  server.RaftServerConfigKeys (ConfUtils.java:logGet(43)) - raft.server.log.appender.install.snapshot.enabled = false (custom)
2019-10-08 20:57:05,909 [pool-443-thread-1] INFO  impl.RaftServerImpl (ServerState.java:<init>(103)) - 26fb5415-fc41-4e82-8ddb-8a77e6c283f9@group-DE12D6DB21E0: ConfigurationManager, init=-1: [26fb5415-fc41-4e82-8ddb-8a77e6c283f9:192.168.5.143:35912], old=null, confs=<EMPTY_MAP>
2019-10-08 20:57:05,909 [pool-443-thread-1] INFO  server.RaftServerConfigKeys (ConfUtils.java:logGet(43)) - raft.server.storage.dir = [/workdir/hadoop-ozone/integration-test/target/test-dir/MiniOzoneClusterImpl-556ae367-a76f-437b-9cdb-d0d311a5222a/datanode-6/data/ratis] (custom)
2019-10-08 20:57:05,910 [pool-443-thread-1] INFO  server.RaftServerConfigKeys (ConfUtils.java:logGet(43)) - raft.server.log.corruption.policy = EXCEPTION (default)
2019-10-08 20:57:05,910 [pool-443-thread-1] INFO  storage.RaftStorageDirectory (RaftStorageDirectory.java:analyzeStorage(246)) - The storage directory /workdir/hadoop-ozone/integration-test/target/test-dir/MiniOzoneClusterImpl-556ae367-a76f-437b-9cdb-d0d311a5222a/datanode-6/data/ratis/954d72b6-c165-438b-9a4a-de12d6db21e0 does not exist. Creating ...
2019-10-08 20:57:05,931 [pool-443-thread-1] INFO  storage.RaftStorageDirectory (RaftStorageDirectory.java:tryLock(328)) - Lock on /workdir/hadoop-ozone/integration-test/target/test-dir/MiniOzoneClusterImpl-556ae367-a76f-437b-9cdb-d0d311a5222a/datanode-6/data/ratis/954d72b6-c165-438b-9a4a-de12d6db21e0/in_use.lock acquired by nodename 25063@pr-hdds-1868-gtwz2-575081100
2019-10-08 20:57:05,944 [pool-443-thread-1] INFO  storage.RaftStorage (RaftStorage.java:format(84)) - Storage directory /workdir/hadoop-ozone/integration-test/target/test-dir/MiniOzoneClusterImpl-556ae367-a76f-437b-9cdb-d0d311a5222a/datanode-6/data/ratis/954d72b6-c165-438b-9a4a-de12d6db21e0 has been successfully formatted.
2019-10-08 20:57:05,944 [pool-443-thread-1] INFO  ratis.ContainerStateMachine (ContainerStateMachine.java:loadSnapshot(233)) - group-DE12D6DB21E0: The snapshot info is null. Setting the last applied indexto:(t:0, i:~)
2019-10-08 20:57:05,944 [pool-443-thread-1] INFO  server.RaftServerConfigKeys (ConfUtils.java:logGet(43)) - raft.server.notification.no-leader.timeout = 120s (custom)
2019-10-08 20:57:05,945 [pool-443-thread-1] INFO  server.RaftServerConfigKeys (ConfUtils.java:logGet(43)) - raft.server.log.use.memory = false (default)
2019-10-08 20:57:05,945 [pool-443-thread-1] INFO  server.RaftServerConfigKeys (ConfUtils.java:logGet(43)) - raft.server.log.purge.gap = 1000000 (custom)
2019-10-08 20:57:05,945 [pool-443-thread-1] INFO  server.RaftServerConfigKeys (ConfUtils.java:logGet(43)) - raft.server.log.appender.buffer.byte-limit = 33554432 (custom)
2019-10-08 20:57:05,945 [pool-443-thread-1] INFO  server.RaftServerConfigKeys (ConfUtils.java:logGet(43)) - raft.server.log.segment.size.max = 1048576 (custom)
2019-10-08 20:57:05,945 [pool-443-thread-1] INFO  server.RaftServerConfigKeys (ConfUtils.java:logGet(43)) - raft.server.log.segment.cache.num.max = 2 (custom)
2019-10-08 20:57:05,945 [pool-443-thread-1] INFO  segmented.SegmentedRaftLogWorker (SegmentedRaftLogWorker.java:<init>(173)) - new 26fb5415-fc41-4e82-8ddb-8a77e6c283f9@group-DE12D6DB21E0-SegmentedRaftLogWorker for RaftStorage:Storage Directory /workdir/hadoop-ozone/integration-test/target/test-dir/MiniOzoneClusterImpl-556ae367-a76f-437b-9cdb-d0d311a5222a/datanode-6/data/ratis/954d72b6-c165-438b-9a4a-de12d6db21e0
2019-10-08 20:57:05,945 [pool-443-thread-1] INFO  server.RaftServerConfigKeys (ConfUtils.java:logGet(43)) - raft.server.log.queue.byte-limit = 2147483647 (custom)
2019-10-08 20:57:05,946 [pool-443-thread-1] INFO  server.RaftServerConfigKeys (ConfUtils.java:logGet(43)) - raft.server.log.queue.element-limit = 1024 (custom)
2019-10-08 20:57:05,946 [pool-443-thread-1] INFO  server.RaftServerConfigKeys (ConfUtils.java:logGet(43)) - raft.server.log.segment.size.max = 1048576 (custom)
2019-10-08 20:57:05,946 [pool-443-thread-1] INFO  server.RaftServerConfigKeys (ConfUtils.java:logGet(43)) - raft.server.log.preallocated.size = 16384 (custom)
2019-10-08 20:57:05,946 [pool-443-thread-1] INFO  server.RaftServerConfigKeys (ConfUtils.java:logGet(43)) - raft.server.log.write.buffer.size = 33554432 (custom)
2019-10-08 20:57:05,946 [pool-443-thread-1] INFO  server.RaftServerConfigKeys (ConfUtils.java:logGet(43)) - raft.server.log.force.sync.num = 128 (default)
2019-10-08 20:57:05,946 [pool-443-thread-1] INFO  server.RaftServerConfigKeys (ConfUtils.java:logGet(43)) - raft.server.log.statemachine.data.sync = true (default)
2019-10-08 20:57:05,946 [pool-443-thread-1] INFO  server.RaftServerConfigKeys (ConfUtils.java:logGet(43)) - raft.server.log.statemachine.data.sync.timeout = 10s (default)
2019-10-08 20:57:05,947 [pool-443-thread-1] INFO  server.RaftServerConfigKeys (ConfUtils.java:logGet(43)) - raft.server.log.statemachine.data.sync.timeout.retry = -1 (default)
2019-10-08 20:57:05,947 [pool-443-thread-1] INFO  server.RaftServerConfigKeys (ConfUtils.java:logGet(43)) - raft.server.log.statemachine.data.caching.enabled = true (custom)
2019-10-08 20:57:05,947 [pool-443-thread-1] INFO  segmented.SegmentedRaftLogWorker (SegmentedRaftLogWorker.java:lambda$new$0(128)) - 26fb5415-fc41-4e82-8ddb-8a77e6c283f9@group-DE12D6DB21E0-SegmentedRaftLogWorker: flushIndex: setUnconditionally 0 -> -1
2019-10-08 20:57:05,947 [pool-443-thread-1] INFO  server.RaftServerConfigKeys (ConfUtils.java:logGet(43)) - raft.server.snapshot.auto.trigger.enabled = true (custom)
2019-10-08 20:57:05,948 [pool-443-thread-1] INFO  server.RaftServerConfigKeys (ConfUtils.java:logGet(43)) - raft.server.snapshot.auto.trigger.threshold = 10000 (custom)
2019-10-08 20:57:05,948 [pool-443-thread-1] INFO  server.RaftServerConfigKeys (ConfUtils.java:logGet(43)) - raft.server.snapshot.retention.file.num = 5 (custom)
2019-10-08 20:57:05,948 [pool-443-thread-1] INFO  server.RaftServerConfigKeys (ConfUtils.java:logGet(43)) - raft.server.retrycache.expirytime = 600000ms (custom)
2019-10-08 20:57:05,950 [pool-443-thread-1] INFO  impl.RaftServerImpl (RaftServerImpl.java:start(181)) - 26fb5415-fc41-4e82-8ddb-8a77e6c283f9@group-DE12D6DB21E0: start as a follower, conf=-1: [26fb5415-fc41-4e82-8ddb-8a77e6c283f9:192.168.5.143:35912], old=null
2019-10-08 20:57:05,950 [pool-443-thread-1] INFO  impl.RaftServerImpl (RaftServerImpl.java:setRole(170)) - 26fb5415-fc41-4e82-8ddb-8a77e6c283f9@group-DE12D6DB21E0: changes role from      null to FOLLOWER at term 0 for startAsFollower
2019-10-08 20:57:05,950 [pool-443-thread-1] INFO  impl.RoleInfo (RoleInfo.java:updateAndGet(143)) - 26fb5415-fc41-4e82-8ddb-8a77e6c283f9: start FollowerState
2019-10-08 20:57:05,950 [pool-443-thread-1] INFO  util.JmxRegister (JmxRegister.java:tryRegister(44)) - Successfully registered JMX Bean with object name Ratis:service=RaftServer,group=group-DE12D6DB21E0,id=26fb5415-fc41-4e82-8ddb-8a77e6c283f9
2019-10-08 20:57:05,956 [RatisPipelineUtilsThread] INFO  pipeline.PipelineStateManager (PipelineStateManager.java:addPipeline(57)) - Created pipeline Pipeline[ Id: 954d72b6-c165-438b-9a4a-de12d6db21e0, Nodes: 26fb5415-fc41-4e82-8ddb-8a77e6c283f9{ip: 192.168.5.143, host: pr-hdds-1868-gtwz2-575081100, networkLocation: /default-rack, certSerialId: null}, Type:RATIS, Factor:ONE, State:ALLOCATED]
2019-10-08 20:57:05,957 [Thread-2476] INFO  pipeline.PipelineStateManager (PipelineStateManager.java:finalizePipeline(123)) - Pipeline Pipeline[ Id: 2003f173-029f-4259-9c72-e32a62cbefc6, Nodes: 105b5466-f074-4557-a150-d437ba92de7c{ip: 192.168.5.143, host: pr-hdds-1868-gtwz2-575081100, networkLocation: /default-rack, certSerialId: null}e52ae031-559f-4c9e-bebc-adcf9ddddd4c{ip: 192.168.5.143, host: pr-hdds-1868-gtwz2-575081100, networkLocation: /default-rack, certSerialId: null}26fb5415-fc41-4e82-8ddb-8a77e6c283f9{ip: 192.168.5.143, host: pr-hdds-1868-gtwz2-575081100, networkLocation: /default-rack, certSerialId: null}, Type:RATIS, Factor:THREE, State:CLOSED] moved to CLOSED state
2019-10-08 20:57:05,966 [grpc-default-executor-5] INFO  impl.RaftServerProxy (RaftServerProxy.java:remove(95)) - 105b5466-f074-4557-a150-d437ba92de7c: remove  FOLLOWER 105b5466-f074-4557-a150-d437ba92de7c@group-E32A62CBEFC6:t0, leader=null, voted=null, raftlog=105b5466-f074-4557-a150-d437ba92de7c@group-E32A62CBEFC6-SegmentedRaftLog:OPENED:c-1,f-1,i0, conf=-1: [26fb5415-fc41-4e82-8ddb-8a77e6c283f9:192.168.5.143:35912, 105b5466-f074-4557-a150-d437ba92de7c:192.168.5.143:43619, e52ae031-559f-4c9e-bebc-adcf9ddddd4c:192.168.5.143:44737], old=null RUNNING
2019-10-08 20:57:05,966 [grpc-default-executor-5] INFO  impl.RaftServerImpl (RaftServerImpl.java:lambda$shutdown$3(247)) - 105b5466-f074-4557-a150-d437ba92de7c@group-E32A62CBEFC6: shutdown
2019-10-08 20:57:05,966 [grpc-default-executor-5] INFO  util.JmxRegister (JmxRegister.java:unregister(73)) - Successfully un-registered JMX Bean with object name Ratis:service=RaftServer,group=group-E32A62CBEFC6,id=105b5466-f074-4557-a150-d437ba92de7c
2019-10-08 20:57:05,966 [grpc-default-executor-5] INFO  impl.RoleInfo (RoleInfo.java:shutdownFollowerState(121)) - 105b5466-f074-4557-a150-d437ba92de7c: shutdown FollowerState
2019-10-08 20:57:05,967 [grpc-default-executor-5] INFO  impl.StateMachineUpdater (StateMachineUpdater.java:stopAndJoin(136)) - 105b5466-f074-4557-a150-d437ba92de7c@group-E32A62CBEFC6-StateMachineUpdater: set stopIndex = -1
2019-10-08 20:57:05,967 [Thread-2512] INFO  impl.FollowerState (FollowerState.java:run(117)) - 105b5466-f074-4557-a150-d437ba92de7c@group-E32A62CBEFC6-FollowerState was interrupted: java.lang.InterruptedException: sleep interrupted
2019-10-08 20:57:05,967 [grpc-default-executor-5] INFO  impl.RaftServerImpl (ServerState.java:close(387)) - 105b5466-f074-4557-a150-d437ba92de7c@group-E32A62CBEFC6: closes. applyIndex: -1
2019-10-08 20:57:05,967 [105b5466-f074-4557-a150-d437ba92de7c@group-E32A62CBEFC6-SegmentedRaftLogWorker] INFO  segmented.SegmentedRaftLogWorker (SegmentedRaftLogWorker.java:run(316)) - 105b5466-f074-4557-a150-d437ba92de7c@group-E32A62CBEFC6-SegmentedRaftLogWorker was interrupted, exiting. There are 0 tasks remaining in the queue.
2019-10-08 20:57:05,967 [grpc-default-executor-5] INFO  segmented.SegmentedRaftLogWorker (SegmentedRaftLogWorker.java:close(224)) - 105b5466-f074-4557-a150-d437ba92de7c@group-E32A62CBEFC6-SegmentedRaftLogWorker close()
2019-10-08 20:57:05,977 [grpc-default-executor-5] INFO  impl.RaftServerProxy (RaftServerProxy.java:remove(95)) - e52ae031-559f-4c9e-bebc-adcf9ddddd4c: remove  FOLLOWER e52ae031-559f-4c9e-bebc-adcf9ddddd4c@group-E32A62CBEFC6:t0, leader=null, voted=null, raftlog=e52ae031-559f-4c9e-bebc-adcf9ddddd4c@group-E32A62CBEFC6-SegmentedRaftLog:OPENED:c-1,f-1,i0, conf=-1: [26fb5415-fc41-4e82-8ddb-8a77e6c283f9:192.168.5.143:35912, 105b5466-f074-4557-a150-d437ba92de7c:192.168.5.143:43619, e52ae031-559f-4c9e-bebc-adcf9ddddd4c:192.168.5.143:44737], old=null RUNNING
2019-10-08 20:57:05,978 [grpc-default-executor-5] INFO  impl.RaftServerImpl (RaftServerImpl.java:lambda$shutdown$3(247)) - e52ae031-559f-4c9e-bebc-adcf9ddddd4c@group-E32A62CBEFC6: shutdown
2019-10-08 20:57:05,978 [grpc-default-executor-5] INFO  util.JmxRegister (JmxRegister.java:unregister(73)) - Successfully un-registered JMX Bean with object name Ratis:service=RaftServer,group=group-E32A62CBEFC6,id=e52ae031-559f-4c9e-bebc-adcf9ddddd4c
2019-10-08 20:57:05,978 [grpc-default-executor-5] INFO  impl.RoleInfo (RoleInfo.java:shutdownFollowerState(121)) - e52ae031-559f-4c9e-bebc-adcf9ddddd4c: shutdown FollowerState
2019-10-08 20:57:05,978 [grpc-default-executor-5] INFO  impl.StateMachineUpdater (StateMachineUpdater.java:stopAndJoin(136)) - e52ae031-559f-4c9e-bebc-adcf9ddddd4c@group-E32A62CBEFC6-StateMachineUpdater: set stopIndex = -1
2019-10-08 20:57:05,978 [Thread-2513] INFO  impl.FollowerState (FollowerState.java:run(117)) - e52ae031-559f-4c9e-bebc-adcf9ddddd4c@group-E32A62CBEFC6-FollowerState was interrupted: java.lang.InterruptedException: sleep interrupted
2019-10-08 20:57:05,978 [grpc-default-executor-5] INFO  impl.RaftServerImpl (ServerState.java:close(387)) - e52ae031-559f-4c9e-bebc-adcf9ddddd4c@group-E32A62CBEFC6: closes. applyIndex: -1
2019-10-08 20:57:05,979 [e52ae031-559f-4c9e-bebc-adcf9ddddd4c@group-E32A62CBEFC6-SegmentedRaftLogWorker] INFO  segmented.SegmentedRaftLogWorker (SegmentedRaftLogWorker.java:run(316)) - e52ae031-559f-4c9e-bebc-adcf9ddddd4c@group-E32A62CBEFC6-SegmentedRaftLogWorker was interrupted, exiting. There are 0 tasks remaining in the queue.
2019-10-08 20:57:05,979 [grpc-default-executor-5] INFO  segmented.SegmentedRaftLogWorker (SegmentedRaftLogWorker.java:close(224)) - e52ae031-559f-4c9e-bebc-adcf9ddddd4c@group-E32A62CBEFC6-SegmentedRaftLogWorker close()
2019-10-08 20:57:05,990 [grpc-default-executor-5] INFO  impl.RaftServerProxy (RaftServerProxy.java:remove(95)) - 26fb5415-fc41-4e82-8ddb-8a77e6c283f9: remove  FOLLOWER 26fb5415-fc41-4e82-8ddb-8a77e6c283f9@group-E32A62CBEFC6:t0, leader=null, voted=null, raftlog=26fb5415-fc41-4e82-8ddb-8a77e6c283f9@group-E32A62CBEFC6-SegmentedRaftLog:OPENED:c-1,f-1,i0, conf=-1: [26fb5415-fc41-4e82-8ddb-8a77e6c283f9:192.168.5.143:35912, 105b5466-f074-4557-a150-d437ba92de7c:192.168.5.143:43619, e52ae031-559f-4c9e-bebc-adcf9ddddd4c:192.168.5.143:44737], old=null RUNNING
2019-10-08 20:57:05,990 [grpc-default-executor-5] INFO  impl.RaftServerImpl (RaftServerImpl.java:lambda$shutdown$3(247)) - 26fb5415-fc41-4e82-8ddb-8a77e6c283f9@group-E32A62CBEFC6: shutdown
2019-10-08 20:57:05,990 [grpc-default-executor-5] INFO  util.JmxRegister (JmxRegister.java:unregister(73)) - Successfully un-registered JMX Bean with object name Ratis:service=RaftServer,group=group-E32A62CBEFC6,id=26fb5415-fc41-4e82-8ddb-8a77e6c283f9
2019-10-08 20:57:05,990 [grpc-default-executor-5] INFO  impl.RoleInfo (RoleInfo.java:shutdownFollowerState(121)) - 26fb5415-fc41-4e82-8ddb-8a77e6c283f9: shutdown FollowerState
2019-10-08 20:57:05,990 [grpc-default-executor-5] INFO  impl.StateMachineUpdater (StateMachineUpdater.java:stopAndJoin(136)) - 26fb5415-fc41-4e82-8ddb-8a77e6c283f9@group-E32A62CBEFC6-StateMachineUpdater: set stopIndex = -1
2019-10-08 20:57:05,991 [Thread-2508] INFO  impl.FollowerState (FollowerState.java:run(117)) - 26fb5415-fc41-4e82-8ddb-8a77e6c283f9@group-E32A62CBEFC6-FollowerState was interrupted: java.lang.InterruptedException: sleep interrupted
2019-10-08 20:57:05,991 [grpc-default-executor-5] INFO  impl.RaftServerImpl (ServerState.java:close(387)) - 26fb5415-fc41-4e82-8ddb-8a77e6c283f9@group-E32A62CBEFC6: closes. applyIndex: -1
2019-10-08 20:57:05,991 [26fb5415-fc41-4e82-8ddb-8a77e6c283f9@group-E32A62CBEFC6-SegmentedRaftLogWorker] INFO  segmented.SegmentedRaftLogWorker (SegmentedRaftLogWorker.java:run(316)) - 26fb5415-fc41-4e82-8ddb-8a77e6c283f9@group-E32A62CBEFC6-SegmentedRaftLogWorker was interrupted, exiting. There are 0 tasks remaining in the queue.
2019-10-08 20:57:05,991 [grpc-default-executor-5] INFO  segmented.SegmentedRaftLogWorker (SegmentedRaftLogWorker.java:close(224)) - 26fb5415-fc41-4e82-8ddb-8a77e6c283f9@group-E32A62CBEFC6-SegmentedRaftLogWorker close()
2019-10-08 20:57:05,998 [Thread-2476] INFO  pipeline.PipelineStateManager (PipelineStateManager.java:removePipeline(108)) - Pipeline Pipeline[ Id: 2003f173-029f-4259-9c72-e32a62cbefc6, Nodes: 105b5466-f074-4557-a150-d437ba92de7c{ip: 192.168.5.143, host: pr-hdds-1868-gtwz2-575081100, networkLocation: /default-rack, certSerialId: null}e52ae031-559f-4c9e-bebc-adcf9ddddd4c{ip: 192.168.5.143, host: pr-hdds-1868-gtwz2-575081100, networkLocation: /default-rack, certSerialId: null}26fb5415-fc41-4e82-8ddb-8a77e6c283f9{ip: 192.168.5.143, host: pr-hdds-1868-gtwz2-575081100, networkLocation: /default-rack, certSerialId: null}, Type:RATIS, Factor:THREE, State:CLOSED] removed from db
2019-10-08 20:57:05,998 [Thread-2476] INFO  pipeline.SCMPipelineManager (SCMPipelineManager.java:finalizeAndDestroyPipeline(315)) - destroying pipeline:Pipeline[ Id: 3545a7f4-474c-4cc6-aa1b-08407d75501e, Nodes: 82f183d4-07ec-425f-8671-68fc3d628492{ip: 192.168.5.143, host: pr-hdds-1868-gtwz2-575081100, networkLocation: /default-rack, certSerialId: null}, Type:RATIS, Factor:ONE, State:ALLOCATED]
2019-10-08 20:57:06,002 [grpc-default-executor-6] INFO  impl.RaftServerProxy (RaftServerProxy.java:addNew(89)) - 26fb5415-fc41-4e82-8ddb-8a77e6c283f9: addNew group-AAFE8919F370:[26fb5415-fc41-4e82-8ddb-8a77e6c283f9:192.168.5.143:35912, 105b5466-f074-4557-a150-d437ba92de7c:192.168.5.143:43619, e52ae031-559f-4c9e-bebc-adcf9ddddd4c:192.168.5.143:44737] returns group-AAFE8919F370:java.util.concurrent.CompletableFuture@7de8734a[Not completed]
2019-10-08 20:57:06,002 [grpc-default-executor-5] INFO  impl.RaftServerProxy (RaftServerProxy.java:addNew(89)) - 105b5466-f074-4557-a150-d437ba92de7c: addNew group-AAFE8919F370:[26fb5415-fc41-4e82-8ddb-8a77e6c283f9:192.168.5.143:35912, 105b5466-f074-4557-a150-d437ba92de7c:192.168.5.143:43619, e52ae031-559f-4c9e-bebc-adcf9ddddd4c:192.168.5.143:44737] returns group-AAFE8919F370:java.util.concurrent.CompletableFuture@1fdc8257[Not completed]
2019-10-08 20:57:06,002 [grpc-default-executor-7] INFO  impl.RaftServerProxy (RaftServerProxy.java:addNew(89)) - e52ae031-559f-4c9e-bebc-adcf9ddddd4c: addNew group-AAFE8919F370:[26fb5415-fc41-4e82-8ddb-8a77e6c283f9:192.168.5.143:35912, 105b5466-f074-4557-a150-d437ba92de7c:192.168.5.143:43619, e52ae031-559f-4c9e-bebc-adcf9ddddd4c:192.168.5.143:44737] returns group-AAFE8919F370:java.util.concurrent.CompletableFuture@3f802842[Not completed]
2019-10-08 20:57:06,003 [pool-413-thread-1] INFO  impl.RaftServerImpl (RaftServerImpl.java:<init>(95)) - e52ae031-559f-4c9e-bebc-adcf9ddddd4c: new RaftServerImpl for group-AAFE8919F370:[26fb5415-fc41-4e82-8ddb-8a77e6c283f9:192.168.5.143:35912, 105b5466-f074-4557-a150-d437ba92de7c:192.168.5.143:43619, e52ae031-559f-4c9e-bebc-adcf9ddddd4c:192.168.5.143:44737] with ContainerStateMachine:uninitialized
2019-10-08 20:57:06,003 [pool-413-thread-1] INFO  server.RaftServerConfigKeys (ConfUtils.java:logGet(43)) - raft.server.rpc.timeout.min = 5s (custom)
2019-10-08 20:57:06,003 [pool-413-thread-1] INFO  server.RaftServerConfigKeys (ConfUtils.java:logGet(43)) - raft.server.rpc.timeout.max = 5200ms (custom)
2019-10-08 20:57:06,003 [pool-413-thread-1] INFO  server.RaftServerConfigKeys (ConfUtils.java:logGet(43)) - raft.server.rpcslowness.timeout = 120s (custom)
2019-10-08 20:57:06,003 [pool-413-thread-1] INFO  server.RaftServerConfigKeys (ConfUtils.java:logGet(43)) - raft.server.sleep.deviation.threshold = 300 (default)
2019-10-08 20:57:06,003 [pool-413-thread-1] INFO  server.RaftServerConfigKeys (ConfUtils.java:logGet(43)) - raft.server.log.appender.install.snapshot.enabled = false (custom)
2019-10-08 20:57:06,003 [pool-413-thread-1] INFO  impl.RaftServerImpl (ServerState.java:<init>(103)) - e52ae031-559f-4c9e-bebc-adcf9ddddd4c@group-AAFE8919F370: ConfigurationManager, init=-1: [26fb5415-fc41-4e82-8ddb-8a77e6c283f9:192.168.5.143:35912, 105b5466-f074-4557-a150-d437ba92de7c:192.168.5.143:43619, e52ae031-559f-4c9e-bebc-adcf9ddddd4c:192.168.5.143:44737], old=null, confs=<EMPTY_MAP>
2019-10-08 20:57:06,003 [pool-433-thread-1] INFO  impl.RaftServerImpl (RaftServerImpl.java:<init>(95)) - 105b5466-f074-4557-a150-d437ba92de7c: new RaftServerImpl for group-AAFE8919F370:[26fb5415-fc41-4e82-8ddb-8a77e6c283f9:192.168.5.143:35912, 105b5466-f074-4557-a150-d437ba92de7c:192.168.5.143:43619, e52ae031-559f-4c9e-bebc-adcf9ddddd4c:192.168.5.143:44737] with ContainerStateMachine:uninitialized
2019-10-08 20:57:06,003 [pool-413-thread-1] INFO  server.RaftServerConfigKeys (ConfUtils.java:logGet(43)) - raft.server.storage.dir = [/workdir/hadoop-ozone/integration-test/target/test-dir/MiniOzoneClusterImpl-556ae367-a76f-437b-9cdb-d0d311a5222a/datanode-3/data/ratis] (custom)
2019-10-08 20:57:06,004 [pool-433-thread-1] INFO  server.RaftServerConfigKeys (ConfUtils.java:logGet(43)) - raft.server.rpc.timeout.min = 5s (custom)
2019-10-08 20:57:06,004 [pool-413-thread-1] INFO  server.RaftServerConfigKeys (ConfUtils.java:logGet(43)) - raft.server.log.corruption.policy = EXCEPTION (default)
2019-10-08 20:57:06,004 [pool-433-thread-1] INFO  server.RaftServerConfigKeys (ConfUtils.java:logGet(43)) - raft.server.rpc.timeout.max = 5200ms (custom)
2019-10-08 20:57:06,004 [pool-443-thread-1] INFO  impl.RaftServerImpl (RaftServerImpl.java:<init>(95)) - 26fb5415-fc41-4e82-8ddb-8a77e6c283f9: new RaftServerImpl for group-AAFE8919F370:[26fb5415-fc41-4e82-8ddb-8a77e6c283f9:192.168.5.143:35912, 105b5466-f074-4557-a150-d437ba92de7c:192.168.5.143:43619, e52ae031-559f-4c9e-bebc-adcf9ddddd4c:192.168.5.143:44737] with ContainerStateMachine:uninitialized
2019-10-08 20:57:06,004 [pool-413-thread-1] INFO  storage.RaftStorageDirectory (RaftStorageDirectory.java:analyzeStorage(246)) - The storage directory /workdir/hadoop-ozone/integration-test/target/test-dir/MiniOzoneClusterImpl-556ae367-a76f-437b-9cdb-d0d311a5222a/datanode-3/data/ratis/fb096e85-b233-443b-8e56-aafe8919f370 does not exist. Creating ...
2019-10-08 20:57:06,004 [pool-443-thread-1] INFO  server.RaftServerConfigKeys (ConfUtils.java:logGet(43)) - raft.server.rpc.timeout.min = 5s (custom)
2019-10-08 20:57:06,004 [pool-433-thread-1] INFO  server.RaftServerConfigKeys (ConfUtils.java:logGet(43)) - raft.server.rpcslowness.timeout = 120s (custom)
2019-10-08 20:57:06,004 [pool-443-thread-1] INFO  server.RaftServerConfigKeys (ConfUtils.java:logGet(43)) - raft.server.rpc.timeout.max = 5200ms (custom)
2019-10-08 20:57:06,004 [pool-433-thread-1] INFO  server.RaftServerConfigKeys (ConfUtils.java:logGet(43)) - raft.server.sleep.deviation.threshold = 300 (default)
2019-10-08 20:57:06,005 [pool-443-thread-1] INFO  server.RaftServerConfigKeys (ConfUtils.java:logGet(43)) - raft.server.rpcslowness.timeout = 120s (custom)
2019-10-08 20:57:06,005 [pool-433-thread-1] INFO  server.RaftServerConfigKeys (ConfUtils.java:logGet(43)) - raft.server.log.appender.install.snapshot.enabled = false (custom)
2019-10-08 20:57:06,005 [pool-443-thread-1] INFO  server.RaftServerConfigKeys (ConfUtils.java:logGet(43)) - raft.server.sleep.deviation.threshold = 300 (default)
2019-10-08 20:57:06,005 [pool-433-thread-1] INFO  impl.RaftServerImpl (ServerState.java:<init>(103)) - 105b5466-f074-4557-a150-d437ba92de7c@group-AAFE8919F370: ConfigurationManager, init=-1: [26fb5415-fc41-4e82-8ddb-8a77e6c283f9:192.168.5.143:35912, 105b5466-f074-4557-a150-d437ba92de7c:192.168.5.143:43619, e52ae031-559f-4c9e-bebc-adcf9ddddd4c:192.168.5.143:44737], old=null, confs=<EMPTY_MAP>
2019-10-08 20:57:06,005 [pool-443-thread-1] INFO  server.RaftServerConfigKeys (ConfUtils.java:logGet(43)) - raft.server.log.appender.install.snapshot.enabled = false (custom)
2019-10-08 20:57:06,005 [pool-433-thread-1] INFO  server.RaftServerConfigKeys (ConfUtils.java:logGet(43)) - raft.server.storage.dir = [/workdir/hadoop-ozone/integration-test/target/test-dir/MiniOzoneClusterImpl-556ae367-a76f-437b-9cdb-d0d311a5222a/datanode-5/data/ratis] (custom)
2019-10-08 20:57:06,005 [pool-443-thread-1] INFO  impl.RaftServerImpl (ServerState.java:<init>(103)) - 26fb5415-fc41-4e82-8ddb-8a77e6c283f9@group-AAFE8919F370: ConfigurationManager, init=-1: [26fb5415-fc41-4e82-8ddb-8a77e6c283f9:192.168.5.143:35912, 105b5466-f074-4557-a150-d437ba92de7c:192.168.5.143:43619, e52ae031-559f-4c9e-bebc-adcf9ddddd4c:192.168.5.143:44737], old=null, confs=<EMPTY_MAP>
2019-10-08 20:57:06,006 [pool-433-thread-1] INFO  server.RaftServerConfigKeys (ConfUtils.java:logGet(43)) - raft.server.log.corruption.policy = EXCEPTION (default)
2019-10-08 20:57:06,006 [pool-443-thread-1] INFO  server.RaftServerConfigKeys (ConfUtils.java:logGet(43)) - raft.server.storage.dir = [/workdir/hadoop-ozone/integration-test/target/test-dir/MiniOzoneClusterImpl-556ae367-a76f-437b-9cdb-d0d311a5222a/datanode-6/data/ratis] (custom)
2019-10-08 20:57:06,006 [pool-433-thread-1] INFO  storage.RaftStorageDirectory (RaftStorageDirectory.java:analyzeStorage(246)) - The storage directory /workdir/hadoop-ozone/integration-test/target/test-dir/MiniOzoneClusterImpl-556ae367-a76f-437b-9cdb-d0d311a5222a/datanode-5/data/ratis/fb096e85-b233-443b-8e56-aafe8919f370 does not exist. Creating ...
2019-10-08 20:57:06,006 [pool-443-thread-1] INFO  server.RaftServerConfigKeys (ConfUtils.java:logGet(43)) - raft.server.log.corruption.policy = EXCEPTION (default)
2019-10-08 20:57:06,006 [pool-443-thread-1] INFO  storage.RaftStorageDirectory (RaftStorageDirectory.java:analyzeStorage(246)) - The storage directory /workdir/hadoop-ozone/integration-test/target/test-dir/MiniOzoneClusterImpl-556ae367-a76f-437b-9cdb-d0d311a5222a/datanode-6/data/ratis/fb096e85-b233-443b-8e56-aafe8919f370 does not exist. Creating ...
2019-10-08 20:57:06,029 [pool-443-thread-1] INFO  storage.RaftStorageDirectory (RaftStorageDirectory.java:tryLock(328)) - Lock on /workdir/hadoop-ozone/integration-test/target/test-dir/MiniOzoneClusterImpl-556ae367-a76f-437b-9cdb-d0d311a5222a/datanode-6/data/ratis/fb096e85-b233-443b-8e56-aafe8919f370/in_use.lock acquired by nodename 25063@pr-hdds-1868-gtwz2-575081100
2019-10-08 20:57:06,029 [pool-433-thread-1] INFO  storage.RaftStorageDirectory (RaftStorageDirectory.java:tryLock(328)) - Lock on /workdir/hadoop-ozone/integration-test/target/test-dir/MiniOzoneClusterImpl-556ae367-a76f-437b-9cdb-d0d311a5222a/datanode-5/data/ratis/fb096e85-b233-443b-8e56-aafe8919f370/in_use.lock acquired by nodename 25063@pr-hdds-1868-gtwz2-575081100
2019-10-08 20:57:06,029 [pool-413-thread-1] INFO  storage.RaftStorageDirectory (RaftStorageDirectory.java:tryLock(328)) - Lock on /workdir/hadoop-ozone/integration-test/target/test-dir/MiniOzoneClusterImpl-556ae367-a76f-437b-9cdb-d0d311a5222a/datanode-3/data/ratis/fb096e85-b233-443b-8e56-aafe8919f370/in_use.lock acquired by nodename 25063@pr-hdds-1868-gtwz2-575081100
2019-10-08 20:57:06,055 [pool-413-thread-1] INFO  storage.RaftStorage (RaftStorage.java:format(84)) - Storage directory /workdir/hadoop-ozone/integration-test/target/test-dir/MiniOzoneClusterImpl-556ae367-a76f-437b-9cdb-d0d311a5222a/datanode-3/data/ratis/fb096e85-b233-443b-8e56-aafe8919f370 has been successfully formatted.
2019-10-08 20:57:06,055 [pool-433-thread-1] INFO  storage.RaftStorage (RaftStorage.java:format(84)) - Storage directory /workdir/hadoop-ozone/integration-test/target/test-dir/MiniOzoneClusterImpl-556ae367-a76f-437b-9cdb-d0d311a5222a/datanode-5/data/ratis/fb096e85-b233-443b-8e56-aafe8919f370 has been successfully formatted.
2019-10-08 20:57:06,055 [pool-443-thread-1] INFO  storage.RaftStorage (RaftStorage.java:format(84)) - Storage directory /workdir/hadoop-ozone/integration-test/target/test-dir/MiniOzoneClusterImpl-556ae367-a76f-437b-9cdb-d0d311a5222a/datanode-6/data/ratis/fb096e85-b233-443b-8e56-aafe8919f370 has been successfully formatted.
2019-10-08 20:57:06,055 [pool-433-thread-1] INFO  ratis.ContainerStateMachine (ContainerStateMachine.java:loadSnapshot(233)) - group-AAFE8919F370: The snapshot info is null. Setting the last applied indexto:(t:0, i:~)
2019-10-08 20:57:06,055 [pool-413-thread-1] INFO  ratis.ContainerStateMachine (ContainerStateMachine.java:loadSnapshot(233)) - group-AAFE8919F370: The snapshot info is null. Setting the last applied indexto:(t:0, i:~)
2019-10-08 20:57:06,055 [pool-433-thread-1] INFO  server.RaftServerConfigKeys (ConfUtils.java:logGet(43)) - raft.server.notification.no-leader.timeout = 120s (custom)
2019-10-08 20:57:06,056 [pool-433-thread-1] INFO  server.RaftServerConfigKeys (ConfUtils.java:logGet(43)) - raft.server.log.use.memory = false (default)
2019-10-08 20:57:06,056 [pool-433-thread-1] INFO  server.RaftServerConfigKeys (ConfUtils.java:logGet(43)) - raft.server.log.purge.gap = 1000000 (custom)
2019-10-08 20:57:06,056 [pool-433-thread-1] INFO  server.RaftServerConfigKeys (ConfUtils.java:logGet(43)) - raft.server.log.appender.buffer.byte-limit = 33554432 (custom)
2019-10-08 20:57:06,056 [pool-433-thread-1] INFO  server.RaftServerConfigKeys (ConfUtils.java:logGet(43)) - raft.server.log.segment.size.max = 1048576 (custom)
2019-10-08 20:57:06,055 [pool-443-thread-1] INFO  ratis.ContainerStateMachine (ContainerStateMachine.java:loadSnapshot(233)) - group-AAFE8919F370: The snapshot info is null. Setting the last applied indexto:(t:0, i:~)
2019-10-08 20:57:06,056 [pool-433-thread-1] INFO  server.RaftServerConfigKeys (ConfUtils.java:logGet(43)) - raft.server.log.segment.cache.num.max = 2 (custom)
2019-10-08 20:57:06,056 [pool-413-thread-1] INFO  server.RaftServerConfigKeys (ConfUtils.java:logGet(43)) - raft.server.notification.no-leader.timeout = 120s (custom)
2019-10-08 20:57:06,057 [pool-433-thread-1] INFO  segmented.SegmentedRaftLogWorker (SegmentedRaftLogWorker.java:<init>(173)) - new 105b5466-f074-4557-a150-d437ba92de7c@group-AAFE8919F370-SegmentedRaftLogWorker for RaftStorage:Storage Directory /workdir/hadoop-ozone/integration-test/target/test-dir/MiniOzoneClusterImpl-556ae367-a76f-437b-9cdb-d0d311a5222a/datanode-5/data/ratis/fb096e85-b233-443b-8e56-aafe8919f370
2019-10-08 20:57:06,057 [pool-433-thread-1] INFO  server.RaftServerConfigKeys (ConfUtils.java:logGet(43)) - raft.server.log.queue.byte-limit = 2147483647 (custom)
2019-10-08 20:57:06,057 [pool-433-thread-1] INFO  server.RaftServerConfigKeys (ConfUtils.java:logGet(43)) - raft.server.log.queue.element-limit = 1024 (custom)
2019-10-08 20:57:06,057 [pool-433-thread-1] INFO  server.RaftServerConfigKeys (ConfUtils.java:logGet(43)) - raft.server.log.segment.size.max = 1048576 (custom)
2019-10-08 20:57:06,057 [pool-433-thread-1] INFO  server.RaftServerConfigKeys (ConfUtils.java:logGet(43)) - raft.server.log.preallocated.size = 16384 (custom)
2019-10-08 20:57:06,057 [pool-433-thread-1] INFO  server.RaftServerConfigKeys (ConfUtils.java:logGet(43)) - raft.server.log.write.buffer.size = 33554432 (custom)
2019-10-08 20:57:06,058 [pool-433-thread-1] INFO  server.RaftServerConfigKeys (ConfUtils.java:logGet(43)) - raft.server.log.force.sync.num = 128 (default)
2019-10-08 20:57:06,058 [pool-433-thread-1] INFO  server.RaftServerConfigKeys (ConfUtils.java:logGet(43)) - raft.server.log.statemachine.data.sync = true (default)
2019-10-08 20:57:06,056 [pool-443-thread-1] INFO  server.RaftServerConfigKeys (ConfUtils.java:logGet(43)) - raft.server.notification.no-leader.timeout = 120s (custom)
2019-10-08 20:57:06,058 [pool-433-thread-1] INFO  server.RaftServerConfigKeys (ConfUtils.java:logGet(43)) - raft.server.log.statemachine.data.sync.timeout = 10s (default)
2019-10-08 20:57:06,058 [pool-413-thread-1] INFO  server.RaftServerConfigKeys (ConfUtils.java:logGet(43)) - raft.server.log.use.memory = false (default)
2019-10-08 20:57:06,058 [pool-433-thread-1] INFO  server.RaftServerConfigKeys (ConfUtils.java:logGet(43)) - raft.server.log.statemachine.data.sync.timeout.retry = -1 (default)
2019-10-08 20:57:06,058 [pool-443-thread-1] INFO  server.RaftServerConfigKeys (ConfUtils.java:logGet(43)) - raft.server.log.use.memory = false (default)
2019-10-08 20:57:06,058 [pool-433-thread-1] INFO  server.RaftServerConfigKeys (ConfUtils.java:logGet(43)) - raft.server.log.statemachine.data.caching.enabled = true (custom)
2019-10-08 20:57:06,058 [pool-413-thread-1] INFO  server.RaftServerConfigKeys (ConfUtils.java:logGet(43)) - raft.server.log.purge.gap = 1000000 (custom)
2019-10-08 20:57:06,059 [pool-443-thread-1] INFO  server.RaftServerConfigKeys (ConfUtils.java:logGet(43)) - raft.server.log.purge.gap = 1000000 (custom)
2019-10-08 20:57:06,059 [pool-413-thread-1] INFO  server.RaftServerConfigKeys (ConfUtils.java:logGet(43)) - raft.server.log.appender.buffer.byte-limit = 33554432 (custom)
2019-10-08 20:57:06,059 [pool-433-thread-1] INFO  segmented.SegmentedRaftLogWorker (SegmentedRaftLogWorker.java:lambda$new$0(128)) - 105b5466-f074-4557-a150-d437ba92de7c@group-AAFE8919F370-SegmentedRaftLogWorker: flushIndex: setUnconditionally 0 -> -1
2019-10-08 20:57:06,059 [pool-413-thread-1] INFO  server.RaftServerConfigKeys (ConfUtils.java:logGet(43)) - raft.server.log.segment.size.max = 1048576 (custom)
2019-10-08 20:57:06,059 [pool-443-thread-1] INFO  server.RaftServerConfigKeys (ConfUtils.java:logGet(43)) - raft.server.log.appender.buffer.byte-limit = 33554432 (custom)
2019-10-08 20:57:06,059 [pool-433-thread-1] INFO  server.RaftServerConfigKeys (ConfUtils.java:logGet(43)) - raft.server.snapshot.auto.trigger.enabled = true (custom)
2019-10-08 20:57:06,059 [pool-413-thread-1] INFO  server.RaftServerConfigKeys (ConfUtils.java:logGet(43)) - raft.server.log.segment.cache.num.max = 2 (custom)
2019-10-08 20:57:06,060 [pool-433-thread-1] INFO  server.RaftServerConfigKeys (ConfUtils.java:logGet(43)) - raft.server.snapshot.auto.trigger.threshold = 10000 (custom)
2019-10-08 20:57:06,059 [pool-443-thread-1] INFO  server.RaftServerConfigKeys (ConfUtils.java:logGet(43)) - raft.server.log.segment.size.max = 1048576 (custom)
2019-10-08 20:57:06,060 [pool-433-thread-1] INFO  server.RaftServerConfigKeys (ConfUtils.java:logGet(43)) - raft.server.snapshot.retention.file.num = 5 (custom)
2019-10-08 20:57:06,060 [pool-413-thread-1] INFO  segmented.SegmentedRaftLogWorker (SegmentedRaftLogWorker.java:<init>(173)) - new e52ae031-559f-4c9e-bebc-adcf9ddddd4c@group-AAFE8919F370-SegmentedRaftLogWorker for RaftStorage:Storage Directory /workdir/hadoop-ozone/integration-test/target/test-dir/MiniOzoneClusterImpl-556ae367-a76f-437b-9cdb-d0d311a5222a/datanode-3/data/ratis/fb096e85-b233-443b-8e56-aafe8919f370
2019-10-08 20:57:06,060 [pool-433-thread-1] INFO  server.RaftServerConfigKeys (ConfUtils.java:logGet(43)) - raft.server.retrycache.expirytime = 600000ms (custom)
2019-10-08 20:57:06,060 [pool-443-thread-1] INFO  server.RaftServerConfigKeys (ConfUtils.java:logGet(43)) - raft.server.log.segment.cache.num.max = 2 (custom)
2019-10-08 20:57:06,060 [pool-413-thread-1] INFO  server.RaftServerConfigKeys (ConfUtils.java:logGet(43)) - raft.server.log.queue.byte-limit = 2147483647 (custom)
2019-10-08 20:57:06,060 [pool-443-thread-1] INFO  segmented.SegmentedRaftLogWorker (SegmentedRaftLogWorker.java:<init>(173)) - new 26fb5415-fc41-4e82-8ddb-8a77e6c283f9@group-AAFE8919F370-SegmentedRaftLogWorker for RaftStorage:Storage Directory /workdir/hadoop-ozone/integration-test/target/test-dir/MiniOzoneClusterImpl-556ae367-a76f-437b-9cdb-d0d311a5222a/datanode-6/data/ratis/fb096e85-b233-443b-8e56-aafe8919f370
2019-10-08 20:57:06,061 [pool-413-thread-1] INFO  server.RaftServerConfigKeys (ConfUtils.java:logGet(43)) - raft.server.log.queue.element-limit = 1024 (custom)
2019-10-08 20:57:06,061 [pool-443-thread-1] INFO  server.RaftServerConfigKeys (ConfUtils.java:logGet(43)) - raft.server.log.queue.byte-limit = 2147483647 (custom)
2019-10-08 20:57:06,061 [pool-413-thread-1] INFO  server.RaftServerConfigKeys (ConfUtils.java:logGet(43)) - raft.server.log.segment.size.max = 1048576 (custom)
2019-10-08 20:57:06,061 [pool-443-thread-1] INFO  server.RaftServerConfigKeys (ConfUtils.java:logGet(43)) - raft.server.log.queue.element-limit = 1024 (custom)
2019-10-08 20:57:06,061 [pool-413-thread-1] INFO  server.RaftServerConfigKeys (ConfUtils.java:logGet(43)) - raft.server.log.preallocated.size = 16384 (custom)
2019-10-08 20:57:06,061 [pool-443-thread-1] INFO  server.RaftServerConfigKeys (ConfUtils.java:logGet(43)) - raft.server.log.segment.size.max = 1048576 (custom)
2019-10-08 20:57:06,062 [pool-413-thread-1] INFO  server.RaftServerConfigKeys (ConfUtils.java:logGet(43)) - raft.server.log.write.buffer.size = 33554432 (custom)
2019-10-08 20:57:06,062 [pool-433-thread-1] INFO  impl.RaftServerImpl (RaftServerImpl.java:start(181)) - 105b5466-f074-4557-a150-d437ba92de7c@group-AAFE8919F370: start as a follower, conf=-1: [26fb5415-fc41-4e82-8ddb-8a77e6c283f9:192.168.5.143:35912, 105b5466-f074-4557-a150-d437ba92de7c:192.168.5.143:43619, e52ae031-559f-4c9e-bebc-adcf9ddddd4c:192.168.5.143:44737], old=null
2019-10-08 20:57:06,062 [pool-443-thread-1] INFO  server.RaftServerConfigKeys (ConfUtils.java:logGet(43)) - raft.server.log.preallocated.size = 16384 (custom)
2019-10-08 20:57:06,062 [pool-433-thread-1] INFO  impl.RaftServerImpl (RaftServerImpl.java:setRole(170)) - 105b5466-f074-4557-a150-d437ba92de7c@group-AAFE8919F370: changes role from      null to FOLLOWER at term 0 for startAsFollower
2019-10-08 20:57:06,062 [pool-413-thread-1] INFO  server.RaftServerConfigKeys (ConfUtils.java:logGet(43)) - raft.server.log.force.sync.num = 128 (default)
2019-10-08 20:57:06,062 [pool-433-thread-1] INFO  impl.RoleInfo (RoleInfo.java:updateAndGet(143)) - 105b5466-f074-4557-a150-d437ba92de7c: start FollowerState
2019-10-08 20:57:06,062 [pool-443-thread-1] INFO  server.RaftServerConfigKeys (ConfUtils.java:logGet(43)) - raft.server.log.write.buffer.size = 33554432 (custom)
2019-10-08 20:57:06,062 [pool-413-thread-1] INFO  server.RaftServerConfigKeys (ConfUtils.java:logGet(43)) - raft.server.log.statemachine.data.sync = true (default)
2019-10-08 20:57:06,077 [pool-433-thread-1] INFO  util.JmxRegister (JmxRegister.java:tryRegister(44)) - Successfully registered JMX Bean with object name Ratis:service=RaftServer,group=group-AAFE8919F370,id=105b5466-f074-4557-a150-d437ba92de7c
2019-10-08 20:57:06,063 [pool-443-thread-1] INFO  server.RaftServerConfigKeys (ConfUtils.java:logGet(43)) - raft.server.log.force.sync.num = 128 (default)
2019-10-08 20:57:06,078 [pool-413-thread-1] INFO  server.RaftServerConfigKeys (ConfUtils.java:logGet(43)) - raft.server.log.statemachine.data.sync.timeout = 10s (default)
2019-10-08 20:57:06,078 [pool-443-thread-1] INFO  server.RaftServerConfigKeys (ConfUtils.java:logGet(43)) - raft.server.log.statemachine.data.sync = true (default)
2019-10-08 20:57:06,078 [pool-413-thread-1] INFO  server.RaftServerConfigKeys (ConfUtils.java:logGet(43)) - raft.server.log.statemachine.data.sync.timeout.retry = -1 (default)
2019-10-08 20:57:06,078 [pool-443-thread-1] INFO  server.RaftServerConfigKeys (ConfUtils.java:logGet(43)) - raft.server.log.statemachine.data.sync.timeout = 10s (default)
2019-10-08 20:57:06,079 [pool-413-thread-1] INFO  server.RaftServerConfigKeys (ConfUtils.java:logGet(43)) - raft.server.log.statemachine.data.caching.enabled = true (custom)
2019-10-08 20:57:06,079 [pool-443-thread-1] INFO  server.RaftServerConfigKeys (ConfUtils.java:logGet(43)) - raft.server.log.statemachine.data.sync.timeout.retry = -1 (default)
2019-10-08 20:57:06,079 [pool-443-thread-1] INFO  server.RaftServerConfigKeys (ConfUtils.java:logGet(43)) - raft.server.log.statemachine.data.caching.enabled = true (custom)
2019-10-08 20:57:06,079 [pool-413-thread-1] INFO  segmented.SegmentedRaftLogWorker (SegmentedRaftLogWorker.java:lambda$new$0(128)) - e52ae031-559f-4c9e-bebc-adcf9ddddd4c@group-AAFE8919F370-SegmentedRaftLogWorker: flushIndex: setUnconditionally 0 -> -1
2019-10-08 20:57:06,079 [pool-443-thread-1] INFO  segmented.SegmentedRaftLogWorker (SegmentedRaftLogWorker.java:lambda$new$0(128)) - 26fb5415-fc41-4e82-8ddb-8a77e6c283f9@group-AAFE8919F370-SegmentedRaftLogWorker: flushIndex: setUnconditionally 0 -> -1
2019-10-08 20:57:06,079 [pool-413-thread-1] INFO  server.RaftServerConfigKeys (ConfUtils.java:logGet(43)) - raft.server.snapshot.auto.trigger.enabled = true (custom)
2019-10-08 20:57:06,079 [pool-413-thread-1] INFO  server.RaftServerConfigKeys (ConfUtils.java:logGet(43)) - raft.server.snapshot.auto.trigger.threshold = 10000 (custom)
2019-10-08 20:57:06,080 [pool-443-thread-1] INFO  server.RaftServerConfigKeys (ConfUtils.java:logGet(43)) - raft.server.snapshot.auto.trigger.enabled = true (custom)
2019-10-08 20:57:06,080 [pool-413-thread-1] INFO  server.RaftServerConfigKeys (ConfUtils.java:logGet(43)) - raft.server.snapshot.retention.file.num = 5 (custom)
2019-10-08 20:57:06,080 [pool-443-thread-1] INFO  server.RaftServerConfigKeys (ConfUtils.java:logGet(43)) - raft.server.snapshot.auto.trigger.threshold = 10000 (custom)
2019-10-08 20:57:06,087 [pool-443-thread-1] INFO  server.RaftServerConfigKeys (ConfUtils.java:logGet(43)) - raft.server.snapshot.retention.file.num = 5 (custom)
2019-10-08 20:57:06,087 [pool-443-thread-1] INFO  server.RaftServerConfigKeys (ConfUtils.java:logGet(43)) - raft.server.retrycache.expirytime = 600000ms (custom)
2019-10-08 20:57:06,087 [pool-413-thread-1] INFO  server.RaftServerConfigKeys (ConfUtils.java:logGet(43)) - raft.server.retrycache.expirytime = 600000ms (custom)
2019-10-08 20:57:06,089 [pool-443-thread-1] INFO  impl.RaftServerImpl (RaftServerImpl.java:start(181)) - 26fb5415-fc41-4e82-8ddb-8a77e6c283f9@group-AAFE8919F370: start as a follower, conf=-1: [26fb5415-fc41-4e82-8ddb-8a77e6c283f9:192.168.5.143:35912, 105b5466-f074-4557-a150-d437ba92de7c:192.168.5.143:43619, e52ae031-559f-4c9e-bebc-adcf9ddddd4c:192.168.5.143:44737], old=null
2019-10-08 20:57:06,089 [pool-413-thread-1] INFO  impl.RaftServerImpl (RaftServerImpl.java:start(181)) - e52ae031-559f-4c9e-bebc-adcf9ddddd4c@group-AAFE8919F370: start as a follower, conf=-1: [26fb5415-fc41-4e82-8ddb-8a77e6c283f9:192.168.5.143:35912, 105b5466-f074-4557-a150-d437ba92de7c:192.168.5.143:43619, e52ae031-559f-4c9e-bebc-adcf9ddddd4c:192.168.5.143:44737], old=null
2019-10-08 20:57:06,089 [pool-443-thread-1] INFO  impl.RaftServerImpl (RaftServerImpl.java:setRole(170)) - 26fb5415-fc41-4e82-8ddb-8a77e6c283f9@group-AAFE8919F370: changes role from      null to FOLLOWER at term 0 for startAsFollower
2019-10-08 20:57:06,090 [pool-413-thread-1] INFO  impl.RaftServerImpl (RaftServerImpl.java:setRole(170)) - e52ae031-559f-4c9e-bebc-adcf9ddddd4c@group-AAFE8919F370: changes role from      null to FOLLOWER at term 0 for startAsFollower
2019-10-08 20:57:06,090 [pool-443-thread-1] INFO  impl.RoleInfo (RoleInfo.java:updateAndGet(143)) - 26fb5415-fc41-4e82-8ddb-8a77e6c283f9: start FollowerState
2019-10-08 20:57:06,090 [pool-413-thread-1] INFO  impl.RoleInfo (RoleInfo.java:updateAndGet(143)) - e52ae031-559f-4c9e-bebc-adcf9ddddd4c: start FollowerState
2019-10-08 20:57:06,090 [pool-443-thread-1] INFO  util.JmxRegister (JmxRegister.java:tryRegister(44)) - Successfully registered JMX Bean with object name Ratis:service=RaftServer,group=group-AAFE8919F370,id=26fb5415-fc41-4e82-8ddb-8a77e6c283f9
2019-10-08 20:57:06,090 [pool-413-thread-1] INFO  util.JmxRegister (JmxRegister.java:tryRegister(44)) - Successfully registered JMX Bean with object name Ratis:service=RaftServer,group=group-AAFE8919F370,id=e52ae031-559f-4c9e-bebc-adcf9ddddd4c
2019-10-08 20:57:06,095 [RatisPipelineUtilsThread] INFO  pipeline.PipelineStateManager (PipelineStateManager.java:addPipeline(57)) - Created pipeline Pipeline[ Id: fb096e85-b233-443b-8e56-aafe8919f370, Nodes: 105b5466-f074-4557-a150-d437ba92de7c{ip: 192.168.5.143, host: pr-hdds-1868-gtwz2-575081100, networkLocation: /default-rack, certSerialId: null}e52ae031-559f-4c9e-bebc-adcf9ddddd4c{ip: 192.168.5.143, host: pr-hdds-1868-gtwz2-575081100, networkLocation: /default-rack, certSerialId: null}26fb5415-fc41-4e82-8ddb-8a77e6c283f9{ip: 192.168.5.143, host: pr-hdds-1868-gtwz2-575081100, networkLocation: /default-rack, certSerialId: null}, Type:RATIS, Factor:THREE, State:ALLOCATED]
2019-10-08 20:57:06,095 [Thread-2476] INFO  pipeline.PipelineStateManager (PipelineStateManager.java:finalizePipeline(123)) - Pipeline Pipeline[ Id: 3545a7f4-474c-4cc6-aa1b-08407d75501e, Nodes: 82f183d4-07ec-425f-8671-68fc3d628492{ip: 192.168.5.143, host: pr-hdds-1868-gtwz2-575081100, networkLocation: /default-rack, certSerialId: null}, Type:RATIS, Factor:ONE, State:CLOSED] moved to CLOSED state
2019-10-08 20:57:06,102 [grpc-default-executor-7] INFO  impl.RaftServerProxy (RaftServerProxy.java:remove(95)) - 82f183d4-07ec-425f-8671-68fc3d628492: remove  FOLLOWER 82f183d4-07ec-425f-8671-68fc3d628492@group-08407D75501E:t0, leader=null, voted=null, raftlog=82f183d4-07ec-425f-8671-68fc3d628492@group-08407D75501E-SegmentedRaftLog:OPENED:c-1,f-1,i0, conf=-1: [82f183d4-07ec-425f-8671-68fc3d628492:192.168.5.143:41289], old=null RUNNING
2019-10-08 20:57:06,103 [grpc-default-executor-7] INFO  impl.RaftServerImpl (RaftServerImpl.java:lambda$shutdown$3(247)) - 82f183d4-07ec-425f-8671-68fc3d628492@group-08407D75501E: shutdown
2019-10-08 20:57:06,103 [grpc-default-executor-7] INFO  util.JmxRegister (JmxRegister.java:unregister(73)) - Successfully un-registered JMX Bean with object name Ratis:service=RaftServer,group=group-08407D75501E,id=82f183d4-07ec-425f-8671-68fc3d628492
2019-10-08 20:57:06,103 [grpc-default-executor-7] INFO  impl.RoleInfo (RoleInfo.java:shutdownFollowerState(121)) - 82f183d4-07ec-425f-8671-68fc3d628492: shutdown FollowerState
2019-10-08 20:57:06,103 [grpc-default-executor-7] INFO  impl.StateMachineUpdater (StateMachineUpdater.java:stopAndJoin(136)) - 82f183d4-07ec-425f-8671-68fc3d628492@group-08407D75501E-StateMachineUpdater: set stopIndex = -1
2019-10-08 20:57:06,103 [Thread-2499] INFO  impl.FollowerState (FollowerState.java:run(117)) - 82f183d4-07ec-425f-8671-68fc3d628492@group-08407D75501E-FollowerState was interrupted: java.lang.InterruptedException: sleep interrupted
2019-10-08 20:57:06,103 [grpc-default-executor-7] INFO  impl.RaftServerImpl (ServerState.java:close(387)) - 82f183d4-07ec-425f-8671-68fc3d628492@group-08407D75501E: closes. applyIndex: -1
2019-10-08 20:57:06,104 [82f183d4-07ec-425f-8671-68fc3d628492@group-08407D75501E-SegmentedRaftLogWorker] INFO  segmented.SegmentedRaftLogWorker (SegmentedRaftLogWorker.java:run(316)) - 82f183d4-07ec-425f-8671-68fc3d628492@group-08407D75501E-SegmentedRaftLogWorker was interrupted, exiting. There are 0 tasks remaining in the queue.
2019-10-08 20:57:06,104 [grpc-default-executor-7] INFO  segmented.SegmentedRaftLogWorker (SegmentedRaftLogWorker.java:close(224)) - 82f183d4-07ec-425f-8671-68fc3d628492@group-08407D75501E-SegmentedRaftLogWorker close()
2019-10-08 20:57:06,109 [Thread-2476] INFO  pipeline.PipelineStateManager (PipelineStateManager.java:removePipeline(108)) - Pipeline Pipeline[ Id: 3545a7f4-474c-4cc6-aa1b-08407d75501e, Nodes: 82f183d4-07ec-425f-8671-68fc3d628492{ip: 192.168.5.143, host: pr-hdds-1868-gtwz2-575081100, networkLocation: /default-rack, certSerialId: null}, Type:RATIS, Factor:ONE, State:CLOSED] removed from db
2019-10-08 20:57:06,109 [Thread-2476] INFO  pipeline.SCMPipelineManager (SCMPipelineManager.java:finalizeAndDestroyPipeline(315)) - destroying pipeline:Pipeline[ Id: a1ec0583-cae9-4fa8-954d-94fc617f4cbc, Nodes: 77669bea-7134-4f0c-9cba-616192485f28{ip: 192.168.5.143, host: pr-hdds-1868-gtwz2-575081100, networkLocation: /default-rack, certSerialId: null}, Type:RATIS, Factor:ONE, State:ALLOCATED]
2019-10-08 20:57:06,112 [grpc-default-executor-7] INFO  impl.RaftServerProxy (RaftServerProxy.java:addNew(89)) - 82f183d4-07ec-425f-8671-68fc3d628492: addNew group-684ECEDFE1EB:[82f183d4-07ec-425f-8671-68fc3d628492:192.168.5.143:41289] returns group-684ECEDFE1EB:java.util.concurrent.CompletableFuture@103e01f2[Not completed]
2019-10-08 20:57:06,113 [pool-423-thread-1] INFO  impl.RaftServerImpl (RaftServerImpl.java:<init>(95)) - 82f183d4-07ec-425f-8671-68fc3d628492: new RaftServerImpl for group-684ECEDFE1EB:[82f183d4-07ec-425f-8671-68fc3d628492:192.168.5.143:41289] with ContainerStateMachine:uninitialized
2019-10-08 20:57:06,113 [pool-423-thread-1] INFO  server.RaftServerConfigKeys (ConfUtils.java:logGet(43)) - raft.server.rpc.timeout.min = 5s (custom)
2019-10-08 20:57:06,113 [pool-423-thread-1] INFO  server.RaftServerConfigKeys (ConfUtils.java:logGet(43)) - raft.server.rpc.timeout.max = 5200ms (custom)
2019-10-08 20:57:06,113 [pool-423-thread-1] INFO  server.RaftServerConfigKeys (ConfUtils.java:logGet(43)) - raft.server.rpcslowness.timeout = 120s (custom)
2019-10-08 20:57:06,113 [pool-423-thread-1] INFO  server.RaftServerConfigKeys (ConfUtils.java:logGet(43)) - raft.server.sleep.deviation.threshold = 300 (default)
2019-10-08 20:57:06,113 [pool-423-thread-1] INFO  server.RaftServerConfigKeys (ConfUtils.java:logGet(43)) - raft.server.log.appender.install.snapshot.enabled = false (custom)
2019-10-08 20:57:06,113 [pool-423-thread-1] INFO  impl.RaftServerImpl (ServerState.java:<init>(103)) - 82f183d4-07ec-425f-8671-68fc3d628492@group-684ECEDFE1EB: ConfigurationManager, init=-1: [82f183d4-07ec-425f-8671-68fc3d628492:192.168.5.143:41289], old=null, confs=<EMPTY_MAP>
2019-10-08 20:57:06,114 [pool-423-thread-1] INFO  server.RaftServerConfigKeys (ConfUtils.java:logGet(43)) - raft.server.storage.dir = [/workdir/hadoop-ozone/integration-test/target/test-dir/MiniOzoneClusterImpl-556ae367-a76f-437b-9cdb-d0d311a5222a/datanode-4/data/ratis] (custom)
2019-10-08 20:57:06,114 [pool-423-thread-1] INFO  server.RaftServerConfigKeys (ConfUtils.java:logGet(43)) - raft.server.log.corruption.policy = EXCEPTION (default)
2019-10-08 20:57:06,114 [pool-423-thread-1] INFO  storage.RaftStorageDirectory (RaftStorageDirectory.java:analyzeStorage(246)) - The storage directory /workdir/hadoop-ozone/integration-test/target/test-dir/MiniOzoneClusterImpl-556ae367-a76f-437b-9cdb-d0d311a5222a/datanode-4/data/ratis/711a3822-58b1-4341-9b95-684ecedfe1eb does not exist. Creating ...
2019-10-08 20:57:06,127 [pool-423-thread-1] INFO  storage.RaftStorageDirectory (RaftStorageDirectory.java:tryLock(328)) - Lock on /workdir/hadoop-ozone/integration-test/target/test-dir/MiniOzoneClusterImpl-556ae367-a76f-437b-9cdb-d0d311a5222a/datanode-4/data/ratis/711a3822-58b1-4341-9b95-684ecedfe1eb/in_use.lock acquired by nodename 25063@pr-hdds-1868-gtwz2-575081100
2019-10-08 20:57:06,139 [pool-423-thread-1] INFO  storage.RaftStorage (RaftStorage.java:format(84)) - Storage directory /workdir/hadoop-ozone/integration-test/target/test-dir/MiniOzoneClusterImpl-556ae367-a76f-437b-9cdb-d0d311a5222a/datanode-4/data/ratis/711a3822-58b1-4341-9b95-684ecedfe1eb has been successfully formatted.
2019-10-08 20:57:06,140 [pool-423-thread-1] INFO  ratis.ContainerStateMachine (ContainerStateMachine.java:loadSnapshot(233)) - group-684ECEDFE1EB: The snapshot info is null. Setting the last applied indexto:(t:0, i:~)
2019-10-08 20:57:06,140 [pool-423-thread-1] INFO  server.RaftServerConfigKeys (ConfUtils.java:logGet(43)) - raft.server.notification.no-leader.timeout = 120s (custom)
2019-10-08 20:57:06,140 [pool-423-thread-1] INFO  server.RaftServerConfigKeys (ConfUtils.java:logGet(43)) - raft.server.log.use.memory = false (default)
2019-10-08 20:57:06,140 [pool-423-thread-1] INFO  server.RaftServerConfigKeys (ConfUtils.java:logGet(43)) - raft.server.log.purge.gap = 1000000 (custom)
2019-10-08 20:57:06,140 [pool-423-thread-1] INFO  server.RaftServerConfigKeys (ConfUtils.java:logGet(43)) - raft.server.log.appender.buffer.byte-limit = 33554432 (custom)
2019-10-08 20:57:06,141 [pool-423-thread-1] INFO  server.RaftServerConfigKeys (ConfUtils.java:logGet(43)) - raft.server.log.segment.size.max = 1048576 (custom)
2019-10-08 20:57:06,141 [pool-423-thread-1] INFO  server.RaftServerConfigKeys (ConfUtils.java:logGet(43)) - raft.server.log.segment.cache.num.max = 2 (custom)
2019-10-08 20:57:06,141 [pool-423-thread-1] INFO  segmented.SegmentedRaftLogWorker (SegmentedRaftLogWorker.java:<init>(173)) - new 82f183d4-07ec-425f-8671-68fc3d628492@group-684ECEDFE1EB-SegmentedRaftLogWorker for RaftStorage:Storage Directory /workdir/hadoop-ozone/integration-test/target/test-dir/MiniOzoneClusterImpl-556ae367-a76f-437b-9cdb-d0d311a5222a/datanode-4/data/ratis/711a3822-58b1-4341-9b95-684ecedfe1eb
2019-10-08 20:57:06,141 [pool-423-thread-1] INFO  server.RaftServerConfigKeys (ConfUtils.java:logGet(43)) - raft.server.log.queue.byte-limit = 2147483647 (custom)
2019-10-08 20:57:06,141 [pool-423-thread-1] INFO  server.RaftServerConfigKeys (ConfUtils.java:logGet(43)) - raft.server.log.queue.element-limit = 1024 (custom)
2019-10-08 20:57:06,141 [pool-423-thread-1] INFO  server.RaftServerConfigKeys (ConfUtils.java:logGet(43)) - raft.server.log.segment.size.max = 1048576 (custom)
2019-10-08 20:57:06,141 [pool-423-thread-1] INFO  server.RaftServerConfigKeys (ConfUtils.java:logGet(43)) - raft.server.log.preallocated.size = 16384 (custom)
2019-10-08 20:57:06,142 [pool-423-thread-1] INFO  server.RaftServerConfigKeys (ConfUtils.java:logGet(43)) - raft.server.log.write.buffer.size = 33554432 (custom)
2019-10-08 20:57:06,142 [pool-423-thread-1] INFO  server.RaftServerConfigKeys (ConfUtils.java:logGet(43)) - raft.server.log.force.sync.num = 128 (default)
2019-10-08 20:57:06,142 [pool-423-thread-1] INFO  server.RaftServerConfigKeys (ConfUtils.java:logGet(43)) - raft.server.log.statemachine.data.sync = true (default)
2019-10-08 20:57:06,142 [pool-423-thread-1] INFO  server.RaftServerConfigKeys (ConfUtils.java:logGet(43)) - raft.server.log.statemachine.data.sync.timeout = 10s (default)
2019-10-08 20:57:06,142 [pool-423-thread-1] INFO  server.RaftServerConfigKeys (ConfUtils.java:logGet(43)) - raft.server.log.statemachine.data.sync.timeout.retry = -1 (default)
2019-10-08 20:57:06,143 [pool-423-thread-1] INFO  server.RaftServerConfigKeys (ConfUtils.java:logGet(43)) - raft.server.log.statemachine.data.caching.enabled = true (custom)
2019-10-08 20:57:06,143 [pool-423-thread-1] INFO  segmented.SegmentedRaftLogWorker (SegmentedRaftLogWorker.java:lambda$new$0(128)) - 82f183d4-07ec-425f-8671-68fc3d628492@group-684ECEDFE1EB-SegmentedRaftLogWorker: flushIndex: setUnconditionally 0 -> -1
2019-10-08 20:57:06,143 [pool-423-thread-1] INFO  server.RaftServerConfigKeys (ConfUtils.java:logGet(43)) - raft.server.snapshot.auto.trigger.enabled = true (custom)
2019-10-08 20:57:06,143 [pool-423-thread-1] INFO  server.RaftServerConfigKeys (ConfUtils.java:logGet(43)) - raft.server.snapshot.auto.trigger.threshold = 10000 (custom)
2019-10-08 20:57:06,144 [pool-423-thread-1] INFO  server.RaftServerConfigKeys (ConfUtils.java:logGet(43)) - raft.server.snapshot.retention.file.num = 5 (custom)
2019-10-08 20:57:06,144 [pool-423-thread-1] INFO  server.RaftServerConfigKeys (ConfUtils.java:logGet(43)) - raft.server.retrycache.expirytime = 600000ms (custom)
2019-10-08 20:57:06,146 [pool-423-thread-1] INFO  impl.RaftServerImpl (RaftServerImpl.java:start(181)) - 82f183d4-07ec-425f-8671-68fc3d628492@group-684ECEDFE1EB: start as a follower, conf=-1: [82f183d4-07ec-425f-8671-68fc3d628492:192.168.5.143:41289], old=null
2019-10-08 20:57:06,146 [pool-423-thread-1] INFO  impl.RaftServerImpl (RaftServerImpl.java:setRole(170)) - 82f183d4-07ec-425f-8671-68fc3d628492@group-684ECEDFE1EB: changes role from      null to FOLLOWER at term 0 for startAsFollower
2019-10-08 20:57:06,146 [pool-423-thread-1] INFO  impl.RoleInfo (RoleInfo.java:updateAndGet(143)) - 82f183d4-07ec-425f-8671-68fc3d628492: start FollowerState
2019-10-08 20:57:06,147 [pool-423-thread-1] INFO  util.JmxRegister (JmxRegister.java:tryRegister(44)) - Successfully registered JMX Bean with object name Ratis:service=RaftServer,group=group-684ECEDFE1EB,id=82f183d4-07ec-425f-8671-68fc3d628492
2019-10-08 20:57:06,150 [RatisPipelineUtilsThread] INFO  pipeline.PipelineStateManager (PipelineStateManager.java:addPipeline(57)) - Created pipeline Pipeline[ Id: 711a3822-58b1-4341-9b95-684ecedfe1eb, Nodes: 82f183d4-07ec-425f-8671-68fc3d628492{ip: 192.168.5.143, host: pr-hdds-1868-gtwz2-575081100, networkLocation: /default-rack, certSerialId: null}, Type:RATIS, Factor:ONE, State:ALLOCATED]
2019-10-08 20:57:06,151 [Thread-2476] INFO  pipeline.PipelineStateManager (PipelineStateManager.java:finalizePipeline(123)) - Pipeline Pipeline[ Id: a1ec0583-cae9-4fa8-954d-94fc617f4cbc, Nodes: 77669bea-7134-4f0c-9cba-616192485f28{ip: 192.168.5.143, host: pr-hdds-1868-gtwz2-575081100, networkLocation: /default-rack, certSerialId: null}, Type:RATIS, Factor:ONE, State:CLOSED] moved to CLOSED state
2019-10-08 20:57:06,157 [grpc-default-executor-7] INFO  impl.RaftServerProxy (RaftServerProxy.java:remove(95)) - 77669bea-7134-4f0c-9cba-616192485f28: remove  FOLLOWER 77669bea-7134-4f0c-9cba-616192485f28@group-94FC617F4CBC:t0, leader=null, voted=null, raftlog=77669bea-7134-4f0c-9cba-616192485f28@group-94FC617F4CBC-SegmentedRaftLog:OPENED:c-1,f-1,i0, conf=-1: [77669bea-7134-4f0c-9cba-616192485f28:192.168.5.143:33214], old=null RUNNING
2019-10-08 20:57:06,158 [grpc-default-executor-7] INFO  impl.RaftServerImpl (RaftServerImpl.java:lambda$shutdown$3(247)) - 77669bea-7134-4f0c-9cba-616192485f28@group-94FC617F4CBC: shutdown
2019-10-08 20:57:06,158 [grpc-default-executor-7] INFO  util.JmxRegister (JmxRegister.java:unregister(73)) - Successfully un-registered JMX Bean with object name Ratis:service=RaftServer,group=group-94FC617F4CBC,id=77669bea-7134-4f0c-9cba-616192485f28
2019-10-08 20:57:06,158 [grpc-default-executor-7] INFO  impl.RoleInfo (RoleInfo.java:shutdownFollowerState(121)) - 77669bea-7134-4f0c-9cba-616192485f28: shutdown FollowerState
2019-10-08 20:57:06,158 [grpc-default-executor-7] INFO  impl.StateMachineUpdater (StateMachineUpdater.java:stopAndJoin(136)) - 77669bea-7134-4f0c-9cba-616192485f28@group-94FC617F4CBC-StateMachineUpdater: set stopIndex = -1
2019-10-08 20:57:06,158 [Thread-2484] INFO  impl.FollowerState (FollowerState.java:run(117)) - 77669bea-7134-4f0c-9cba-616192485f28@group-94FC617F4CBC-FollowerState was interrupted: java.lang.InterruptedException: sleep interrupted
2019-10-08 20:57:06,159 [grpc-default-executor-7] INFO  impl.RaftServerImpl (ServerState.java:close(387)) - 77669bea-7134-4f0c-9cba-616192485f28@group-94FC617F4CBC: closes. applyIndex: -1
2019-10-08 20:57:06,159 [77669bea-7134-4f0c-9cba-616192485f28@group-94FC617F4CBC-SegmentedRaftLogWorker] INFO  segmented.SegmentedRaftLogWorker (SegmentedRaftLogWorker.java:run(316)) - 77669bea-7134-4f0c-9cba-616192485f28@group-94FC617F4CBC-SegmentedRaftLogWorker was interrupted, exiting. There are 0 tasks remaining in the queue.
2019-10-08 20:57:06,159 [grpc-default-executor-7] INFO  segmented.SegmentedRaftLogWorker (SegmentedRaftLogWorker.java:close(224)) - 77669bea-7134-4f0c-9cba-616192485f28@group-94FC617F4CBC-SegmentedRaftLogWorker close()
2019-10-08 20:57:06,164 [Thread-2476] INFO  pipeline.PipelineStateManager (PipelineStateManager.java:removePipeline(108)) - Pipeline Pipeline[ Id: a1ec0583-cae9-4fa8-954d-94fc617f4cbc, Nodes: 77669bea-7134-4f0c-9cba-616192485f28{ip: 192.168.5.143, host: pr-hdds-1868-gtwz2-575081100, networkLocation: /default-rack, certSerialId: null}, Type:RATIS, Factor:ONE, State:CLOSED] removed from db
2019-10-08 20:57:06,165 [Thread-2476] INFO  pipeline.SCMPipelineManager (SCMPipelineManager.java:finalizeAndDestroyPipeline(315)) - destroying pipeline:Pipeline[ Id: 0f5cb547-e214-41ca-b8cc-9ac4b16900ea, Nodes: 105b5466-f074-4557-a150-d437ba92de7c{ip: 192.168.5.143, host: pr-hdds-1868-gtwz2-575081100, networkLocation: /default-rack, certSerialId: null}, Type:RATIS, Factor:ONE, State:ALLOCATED]
2019-10-08 20:57:06,167 [grpc-default-executor-7] INFO  impl.RaftServerProxy (RaftServerProxy.java:addNew(89)) - 77669bea-7134-4f0c-9cba-616192485f28: addNew group-0F79DC0CC1F7:[77669bea-7134-4f0c-9cba-616192485f28:192.168.5.143:33214] returns group-0F79DC0CC1F7:java.util.concurrent.CompletableFuture@4bf88c8[Not completed]
2019-10-08 20:57:06,168 [pool-403-thread-1] INFO  impl.RaftServerImpl (RaftServerImpl.java:<init>(95)) - 77669bea-7134-4f0c-9cba-616192485f28: new RaftServerImpl for group-0F79DC0CC1F7:[77669bea-7134-4f0c-9cba-616192485f28:192.168.5.143:33214] with ContainerStateMachine:uninitialized
2019-10-08 20:57:06,168 [pool-403-thread-1] INFO  server.RaftServerConfigKeys (ConfUtils.java:logGet(43)) - raft.server.rpc.timeout.min = 5s (custom)
2019-10-08 20:57:06,168 [pool-403-thread-1] INFO  server.RaftServerConfigKeys (ConfUtils.java:logGet(43)) - raft.server.rpc.timeout.max = 5200ms (custom)
2019-10-08 20:57:06,169 [pool-403-thread-1] INFO  server.RaftServerConfigKeys (ConfUtils.java:logGet(43)) - raft.server.rpcslowness.timeout = 120s (custom)
2019-10-08 20:57:06,169 [pool-403-thread-1] INFO  server.RaftServerConfigKeys (ConfUtils.java:logGet(43)) - raft.server.sleep.deviation.threshold = 300 (default)
2019-10-08 20:57:06,169 [pool-403-thread-1] INFO  server.RaftServerConfigKeys (ConfUtils.java:logGet(43)) - raft.server.log.appender.install.snapshot.enabled = false (custom)
2019-10-08 20:57:06,169 [pool-403-thread-1] INFO  impl.RaftServerImpl (ServerState.java:<init>(103)) - 77669bea-7134-4f0c-9cba-616192485f28@group-0F79DC0CC1F7: ConfigurationManager, init=-1: [77669bea-7134-4f0c-9cba-616192485f28:192.168.5.143:33214], old=null, confs=<EMPTY_MAP>
2019-10-08 20:57:06,169 [pool-403-thread-1] INFO  server.RaftServerConfigKeys (ConfUtils.java:logGet(43)) - raft.server.storage.dir = [/workdir/hadoop-ozone/integration-test/target/test-dir/MiniOzoneClusterImpl-556ae367-a76f-437b-9cdb-d0d311a5222a/datanode-2/data/ratis] (custom)
2019-10-08 20:57:06,169 [pool-403-thread-1] INFO  server.RaftServerConfigKeys (ConfUtils.java:logGet(43)) - raft.server.log.corruption.policy = EXCEPTION (default)
2019-10-08 20:57:06,169 [pool-403-thread-1] INFO  storage.RaftStorageDirectory (RaftStorageDirectory.java:analyzeStorage(246)) - The storage directory /workdir/hadoop-ozone/integration-test/target/test-dir/MiniOzoneClusterImpl-556ae367-a76f-437b-9cdb-d0d311a5222a/datanode-2/data/ratis/95ebeefe-1d8f-4f07-8fb8-0f79dc0cc1f7 does not exist. Creating ...
2019-10-08 20:57:06,194 [pool-403-thread-1] INFO  storage.RaftStorageDirectory (RaftStorageDirectory.java:tryLock(328)) - Lock on /workdir/hadoop-ozone/integration-test/target/test-dir/MiniOzoneClusterImpl-556ae367-a76f-437b-9cdb-d0d311a5222a/datanode-2/data/ratis/95ebeefe-1d8f-4f07-8fb8-0f79dc0cc1f7/in_use.lock acquired by nodename 25063@pr-hdds-1868-gtwz2-575081100
2019-10-08 20:57:06,206 [pool-403-thread-1] INFO  storage.RaftStorage (RaftStorage.java:format(84)) - Storage directory /workdir/hadoop-ozone/integration-test/target/test-dir/MiniOzoneClusterImpl-556ae367-a76f-437b-9cdb-d0d311a5222a/datanode-2/data/ratis/95ebeefe-1d8f-4f07-8fb8-0f79dc0cc1f7 has been successfully formatted.
2019-10-08 20:57:06,207 [pool-403-thread-1] INFO  ratis.ContainerStateMachine (ContainerStateMachine.java:loadSnapshot(233)) - group-0F79DC0CC1F7: The snapshot info is null. Setting the last applied indexto:(t:0, i:~)
2019-10-08 20:57:06,207 [pool-403-thread-1] INFO  server.RaftServerConfigKeys (ConfUtils.java:logGet(43)) - raft.server.notification.no-leader.timeout = 120s (custom)
2019-10-08 20:57:06,207 [pool-403-thread-1] INFO  server.RaftServerConfigKeys (ConfUtils.java:logGet(43)) - raft.server.log.use.memory = false (default)
2019-10-08 20:57:06,207 [pool-403-thread-1] INFO  server.RaftServerConfigKeys (ConfUtils.java:logGet(43)) - raft.server.log.purge.gap = 1000000 (custom)
2019-10-08 20:57:06,207 [pool-403-thread-1] INFO  server.RaftServerConfigKeys (ConfUtils.java:logGet(43)) - raft.server.log.appender.buffer.byte-limit = 33554432 (custom)
2019-10-08 20:57:06,208 [pool-403-thread-1] INFO  server.RaftServerConfigKeys (ConfUtils.java:logGet(43)) - raft.server.log.segment.size.max = 1048576 (custom)
2019-10-08 20:57:06,208 [pool-403-thread-1] INFO  server.RaftServerConfigKeys (ConfUtils.java:logGet(43)) - raft.server.log.segment.cache.num.max = 2 (custom)
2019-10-08 20:57:06,208 [pool-403-thread-1] INFO  segmented.SegmentedRaftLogWorker (SegmentedRaftLogWorker.java:<init>(173)) - new 77669bea-7134-4f0c-9cba-616192485f28@group-0F79DC0CC1F7-SegmentedRaftLogWorker for RaftStorage:Storage Directory /workdir/hadoop-ozone/integration-test/target/test-dir/MiniOzoneClusterImpl-556ae367-a76f-437b-9cdb-d0d311a5222a/datanode-2/data/ratis/95ebeefe-1d8f-4f07-8fb8-0f79dc0cc1f7
2019-10-08 20:57:06,208 [pool-403-thread-1] INFO  server.RaftServerConfigKeys (ConfUtils.java:logGet(43)) - raft.server.log.queue.byte-limit = 2147483647 (custom)
2019-10-08 20:57:06,208 [pool-403-thread-1] INFO  server.RaftServerConfigKeys (ConfUtils.java:logGet(43)) - raft.server.log.queue.element-limit = 1024 (custom)
2019-10-08 20:57:06,208 [pool-403-thread-1] INFO  server.RaftServerConfigKeys (ConfUtils.java:logGet(43)) - raft.server.log.segment.size.max = 1048576 (custom)
2019-10-08 20:57:06,208 [pool-403-thread-1] INFO  server.RaftServerConfigKeys (ConfUtils.java:logGet(43)) - raft.server.log.preallocated.size = 16384 (custom)
2019-10-08 20:57:06,208 [pool-403-thread-1] INFO  server.RaftServerConfigKeys (ConfUtils.java:logGet(43)) - raft.server.log.write.buffer.size = 33554432 (custom)
2019-10-08 20:57:06,209 [pool-403-thread-1] INFO  server.RaftServerConfigKeys (ConfUtils.java:logGet(43)) - raft.server.log.force.sync.num = 128 (default)
2019-10-08 20:57:06,209 [pool-403-thread-1] INFO  server.RaftServerConfigKeys (ConfUtils.java:logGet(43)) - raft.server.log.statemachine.data.sync = true (default)
2019-10-08 20:57:06,209 [pool-403-thread-1] INFO  server.RaftServerConfigKeys (ConfUtils.java:logGet(43)) - raft.server.log.statemachine.data.sync.timeout = 10s (default)
2019-10-08 20:57:06,209 [pool-403-thread-1] INFO  server.RaftServerConfigKeys (ConfUtils.java:logGet(43)) - raft.server.log.statemachine.data.sync.timeout.retry = -1 (default)
2019-10-08 20:57:06,209 [pool-403-thread-1] INFO  server.RaftServerConfigKeys (ConfUtils.java:logGet(43)) - raft.server.log.statemachine.data.caching.enabled = true (custom)
2019-10-08 20:57:06,209 [pool-403-thread-1] INFO  segmented.SegmentedRaftLogWorker (SegmentedRaftLogWorker.java:lambda$new$0(128)) - 77669bea-7134-4f0c-9cba-616192485f28@group-0F79DC0CC1F7-SegmentedRaftLogWorker: flushIndex: setUnconditionally 0 -> -1
2019-10-08 20:57:06,210 [pool-403-thread-1] INFO  server.RaftServerConfigKeys (ConfUtils.java:logGet(43)) - raft.server.snapshot.auto.trigger.enabled = true (custom)
2019-10-08 20:57:06,210 [pool-403-thread-1] INFO  server.RaftServerConfigKeys (ConfUtils.java:logGet(43)) - raft.server.snapshot.auto.trigger.threshold = 10000 (custom)
2019-10-08 20:57:06,210 [pool-403-thread-1] INFO  server.RaftServerConfigKeys (ConfUtils.java:logGet(43)) - raft.server.snapshot.retention.file.num = 5 (custom)
2019-10-08 20:57:06,210 [pool-403-thread-1] INFO  server.RaftServerConfigKeys (ConfUtils.java:logGet(43)) - raft.server.retrycache.expirytime = 600000ms (custom)
2019-10-08 20:57:06,212 [pool-403-thread-1] INFO  impl.RaftServerImpl (RaftServerImpl.java:start(181)) - 77669bea-7134-4f0c-9cba-616192485f28@group-0F79DC0CC1F7: start as a follower, conf=-1: [77669bea-7134-4f0c-9cba-616192485f28:192.168.5.143:33214], old=null
2019-10-08 20:57:06,212 [pool-403-thread-1] INFO  impl.RaftServerImpl (RaftServerImpl.java:setRole(170)) - 77669bea-7134-4f0c-9cba-616192485f28@group-0F79DC0CC1F7: changes role from      null to FOLLOWER at term 0 for startAsFollower
2019-10-08 20:57:06,212 [pool-403-thread-1] INFO  impl.RoleInfo (RoleInfo.java:updateAndGet(143)) - 77669bea-7134-4f0c-9cba-616192485f28: start FollowerState
2019-10-08 20:57:06,213 [pool-403-thread-1] INFO  util.JmxRegister (JmxRegister.java:tryRegister(44)) - Successfully registered JMX Bean with object name Ratis:service=RaftServer,group=group-0F79DC0CC1F7,id=77669bea-7134-4f0c-9cba-616192485f28
2019-10-08 20:57:06,217 [RatisPipelineUtilsThread] INFO  pipeline.PipelineStateManager (PipelineStateManager.java:addPipeline(57)) - Created pipeline Pipeline[ Id: 95ebeefe-1d8f-4f07-8fb8-0f79dc0cc1f7, Nodes: 77669bea-7134-4f0c-9cba-616192485f28{ip: 192.168.5.143, host: pr-hdds-1868-gtwz2-575081100, networkLocation: /default-rack, certSerialId: null}, Type:RATIS, Factor:ONE, State:ALLOCATED]
2019-10-08 20:57:06,217 [Thread-2476] INFO  pipeline.PipelineStateManager (PipelineStateManager.java:finalizePipeline(123)) - Pipeline Pipeline[ Id: 0f5cb547-e214-41ca-b8cc-9ac4b16900ea, Nodes: 105b5466-f074-4557-a150-d437ba92de7c{ip: 192.168.5.143, host: pr-hdds-1868-gtwz2-575081100, networkLocation: /default-rack, certSerialId: null}, Type:RATIS, Factor:ONE, State:CLOSED] moved to CLOSED state
2019-10-08 20:57:06,224 [grpc-default-executor-7] INFO  impl.RaftServerProxy (RaftServerProxy.java:remove(95)) - 105b5466-f074-4557-a150-d437ba92de7c: remove  FOLLOWER 105b5466-f074-4557-a150-d437ba92de7c@group-9AC4B16900EA:t0, leader=null, voted=null, raftlog=105b5466-f074-4557-a150-d437ba92de7c@group-9AC4B16900EA-SegmentedRaftLog:OPENED:c-1,f-1,i0, conf=-1: [105b5466-f074-4557-a150-d437ba92de7c:192.168.5.143:43619], old=null RUNNING
2019-10-08 20:57:06,225 [grpc-default-executor-7] INFO  impl.RaftServerImpl (RaftServerImpl.java:lambda$shutdown$3(247)) - 105b5466-f074-4557-a150-d437ba92de7c@group-9AC4B16900EA: shutdown
2019-10-08 20:57:06,225 [grpc-default-executor-7] INFO  util.JmxRegister (JmxRegister.java:unregister(73)) - Successfully un-registered JMX Bean with object name Ratis:service=RaftServer,group=group-9AC4B16900EA,id=105b5466-f074-4557-a150-d437ba92de7c
2019-10-08 20:57:06,225 [grpc-default-executor-7] INFO  impl.RoleInfo (RoleInfo.java:shutdownFollowerState(121)) - 105b5466-f074-4557-a150-d437ba92de7c: shutdown FollowerState
2019-10-08 20:57:06,225 [grpc-default-executor-7] INFO  impl.StateMachineUpdater (StateMachineUpdater.java:stopAndJoin(136)) - 105b5466-f074-4557-a150-d437ba92de7c@group-9AC4B16900EA-StateMachineUpdater: set stopIndex = -1
2019-10-08 20:57:06,225 [Thread-2502] INFO  impl.FollowerState (FollowerState.java:run(117)) - 105b5466-f074-4557-a150-d437ba92de7c@group-9AC4B16900EA-FollowerState was interrupted: java.lang.InterruptedException: sleep interrupted
2019-10-08 20:57:06,225 [grpc-default-executor-7] INFO  impl.RaftServerImpl (ServerState.java:close(387)) - 105b5466-f074-4557-a150-d437ba92de7c@group-9AC4B16900EA: closes. applyIndex: -1
2019-10-08 20:57:06,226 [105b5466-f074-4557-a150-d437ba92de7c@group-9AC4B16900EA-SegmentedRaftLogWorker] INFO  segmented.SegmentedRaftLogWorker (SegmentedRaftLogWorker.java:run(316)) - 105b5466-f074-4557-a150-d437ba92de7c@group-9AC4B16900EA-SegmentedRaftLogWorker was interrupted, exiting. There are 0 tasks remaining in the queue.
2019-10-08 20:57:06,226 [grpc-default-executor-7] INFO  segmented.SegmentedRaftLogWorker (SegmentedRaftLogWorker.java:close(224)) - 105b5466-f074-4557-a150-d437ba92de7c@group-9AC4B16900EA-SegmentedRaftLogWorker close()
2019-10-08 20:57:06,234 [Thread-2476] INFO  pipeline.PipelineStateManager (PipelineStateManager.java:removePipeline(108)) - Pipeline Pipeline[ Id: 0f5cb547-e214-41ca-b8cc-9ac4b16900ea, Nodes: 105b5466-f074-4557-a150-d437ba92de7c{ip: 192.168.5.143, host: pr-hdds-1868-gtwz2-575081100, networkLocation: /default-rack, certSerialId: null}, Type:RATIS, Factor:ONE, State:CLOSED] removed from db
2019-10-08 20:57:06,234 [Thread-2476] INFO  pipeline.SCMPipelineManager (SCMPipelineManager.java:finalizeAndDestroyPipeline(315)) - destroying pipeline:Pipeline[ Id: e3d84300-5ec1-4e34-8730-652c352c9302, Nodes: afc9e438-6b36-4ab1-bd79-7c4996d73e80{ip: 192.168.5.143, host: pr-hdds-1868-gtwz2-575081100, networkLocation: /default-rack, certSerialId: null}, Type:RATIS, Factor:ONE, State:ALLOCATED]
2019-10-08 20:57:06,237 [grpc-default-executor-7] INFO  impl.RaftServerProxy (RaftServerProxy.java:addNew(89)) - 105b5466-f074-4557-a150-d437ba92de7c: addNew group-E40AFD378B55:[105b5466-f074-4557-a150-d437ba92de7c:192.168.5.143:43619] returns group-E40AFD378B55:java.util.concurrent.CompletableFuture@26f6aa80[Not completed]
2019-10-08 20:57:06,238 [pool-433-thread-1] INFO  impl.RaftServerImpl (RaftServerImpl.java:<init>(95)) - 105b5466-f074-4557-a150-d437ba92de7c: new RaftServerImpl for group-E40AFD378B55:[105b5466-f074-4557-a150-d437ba92de7c:192.168.5.143:43619] with ContainerStateMachine:uninitialized
2019-10-08 20:57:06,238 [pool-433-thread-1] INFO  server.RaftServerConfigKeys (ConfUtils.java:logGet(43)) - raft.server.rpc.timeout.min = 5s (custom)
2019-10-08 20:57:06,238 [pool-433-thread-1] INFO  server.RaftServerConfigKeys (ConfUtils.java:logGet(43)) - raft.server.rpc.timeout.max = 5200ms (custom)
2019-10-08 20:57:06,238 [pool-433-thread-1] INFO  server.RaftServerConfigKeys (ConfUtils.java:logGet(43)) - raft.server.rpcslowness.timeout = 120s (custom)
2019-10-08 20:57:06,238 [pool-433-thread-1] INFO  server.RaftServerConfigKeys (ConfUtils.java:logGet(43)) - raft.server.sleep.deviation.threshold = 300 (default)
2019-10-08 20:57:06,239 [pool-433-thread-1] INFO  server.RaftServerConfigKeys (ConfUtils.java:logGet(43)) - raft.server.log.appender.install.snapshot.enabled = false (custom)
2019-10-08 20:57:06,239 [pool-433-thread-1] INFO  impl.RaftServerImpl (ServerState.java:<init>(103)) - 105b5466-f074-4557-a150-d437ba92de7c@group-E40AFD378B55: ConfigurationManager, init=-1: [105b5466-f074-4557-a150-d437ba92de7c:192.168.5.143:43619], old=null, confs=<EMPTY_MAP>
2019-10-08 20:57:06,239 [pool-433-thread-1] INFO  server.RaftServerConfigKeys (ConfUtils.java:logGet(43)) - raft.server.storage.dir = [/workdir/hadoop-ozone/integration-test/target/test-dir/MiniOzoneClusterImpl-556ae367-a76f-437b-9cdb-d0d311a5222a/datanode-5/data/ratis] (custom)
2019-10-08 20:57:06,239 [pool-433-thread-1] INFO  server.RaftServerConfigKeys (ConfUtils.java:logGet(43)) - raft.server.log.corruption.policy = EXCEPTION (default)
2019-10-08 20:57:06,239 [pool-433-thread-1] INFO  storage.RaftStorageDirectory (RaftStorageDirectory.java:analyzeStorage(246)) - The storage directory /workdir/hadoop-ozone/integration-test/target/test-dir/MiniOzoneClusterImpl-556ae367-a76f-437b-9cdb-d0d311a5222a/datanode-5/data/ratis/dac9fa72-d1f8-414d-bb2c-e40afd378b55 does not exist. Creating ...
2019-10-08 20:57:06,252 [pool-433-thread-1] INFO  storage.RaftStorageDirectory (RaftStorageDirectory.java:tryLock(328)) - Lock on /workdir/hadoop-ozone/integration-test/target/test-dir/MiniOzoneClusterImpl-556ae367-a76f-437b-9cdb-d0d311a5222a/datanode-5/data/ratis/dac9fa72-d1f8-414d-bb2c-e40afd378b55/in_use.lock acquired by nodename 25063@pr-hdds-1868-gtwz2-575081100
2019-10-08 20:57:06,264 [pool-433-thread-1] INFO  storage.RaftStorage (RaftStorage.java:format(84)) - Storage directory /workdir/hadoop-ozone/integration-test/target/test-dir/MiniOzoneClusterImpl-556ae367-a76f-437b-9cdb-d0d311a5222a/datanode-5/data/ratis/dac9fa72-d1f8-414d-bb2c-e40afd378b55 has been successfully formatted.
2019-10-08 20:57:06,264 [pool-433-thread-1] INFO  ratis.ContainerStateMachine (ContainerStateMachine.java:loadSnapshot(233)) - group-E40AFD378B55: The snapshot info is null. Setting the last applied indexto:(t:0, i:~)
2019-10-08 20:57:06,264 [pool-433-thread-1] INFO  server.RaftServerConfigKeys (ConfUtils.java:logGet(43)) - raft.server.notification.no-leader.timeout = 120s (custom)
2019-10-08 20:57:06,265 [pool-433-thread-1] INFO  server.RaftServerConfigKeys (ConfUtils.java:logGet(43)) - raft.server.log.use.memory = false (default)
2019-10-08 20:57:06,265 [pool-433-thread-1] INFO  server.RaftServerConfigKeys (ConfUtils.java:logGet(43)) - raft.server.log.purge.gap = 1000000 (custom)
2019-10-08 20:57:06,265 [pool-433-thread-1] INFO  server.RaftServerConfigKeys (ConfUtils.java:logGet(43)) - raft.server.log.appender.buffer.byte-limit = 33554432 (custom)
2019-10-08 20:57:06,265 [pool-433-thread-1] INFO  server.RaftServerConfigKeys (ConfUtils.java:logGet(43)) - raft.server.log.segment.size.max = 1048576 (custom)
2019-10-08 20:57:06,265 [pool-433-thread-1] INFO  server.RaftServerConfigKeys (ConfUtils.java:logGet(43)) - raft.server.log.segment.cache.num.max = 2 (custom)
2019-10-08 20:57:06,265 [pool-433-thread-1] INFO  segmented.SegmentedRaftLogWorker (SegmentedRaftLogWorker.java:<init>(173)) - new 105b5466-f074-4557-a150-d437ba92de7c@group-E40AFD378B55-SegmentedRaftLogWorker for RaftStorage:Storage Directory /workdir/hadoop-ozone/integration-test/target/test-dir/MiniOzoneClusterImpl-556ae367-a76f-437b-9cdb-d0d311a5222a/datanode-5/data/ratis/dac9fa72-d1f8-414d-bb2c-e40afd378b55
2019-10-08 20:57:06,265 [pool-433-thread-1] INFO  server.RaftServerConfigKeys (ConfUtils.java:logGet(43)) - raft.server.log.queue.byte-limit = 2147483647 (custom)
2019-10-08 20:57:06,265 [pool-433-thread-1] INFO  server.RaftServerConfigKeys (ConfUtils.java:logGet(43)) - raft.server.log.queue.element-limit = 1024 (custom)
2019-10-08 20:57:06,265 [pool-433-thread-1] INFO  server.RaftServerConfigKeys (ConfUtils.java:logGet(43)) - raft.server.log.segment.size.max = 1048576 (custom)
2019-10-08 20:57:06,265 [pool-433-thread-1] INFO  server.RaftServerConfigKeys (ConfUtils.java:logGet(43)) - raft.server.log.preallocated.size = 16384 (custom)
2019-10-08 20:57:06,266 [pool-433-thread-1] INFO  server.RaftServerConfigKeys (ConfUtils.java:logGet(43)) - raft.server.log.write.buffer.size = 33554432 (custom)
2019-10-08 20:57:06,266 [pool-433-thread-1] INFO  server.RaftServerConfigKeys (ConfUtils.java:logGet(43)) - raft.server.log.force.sync.num = 128 (default)
2019-10-08 20:57:06,266 [pool-433-thread-1] INFO  server.RaftServerConfigKeys (ConfUtils.java:logGet(43)) - raft.server.log.statemachine.data.sync = true (default)
2019-10-08 20:57:06,266 [pool-433-thread-1] INFO  server.RaftServerConfigKeys (ConfUtils.java:logGet(43)) - raft.server.log.statemachine.data.sync.timeout = 10s (default)
2019-10-08 20:57:06,266 [pool-433-thread-1] INFO  server.RaftServerConfigKeys (ConfUtils.java:logGet(43)) - raft.server.log.statemachine.data.sync.timeout.retry = -1 (default)
2019-10-08 20:57:06,266 [pool-433-thread-1] INFO  server.RaftServerConfigKeys (ConfUtils.java:logGet(43)) - raft.server.log.statemachine.data.caching.enabled = true (custom)
2019-10-08 20:57:06,266 [pool-433-thread-1] INFO  segmented.SegmentedRaftLogWorker (SegmentedRaftLogWorker.java:lambda$new$0(128)) - 105b5466-f074-4557-a150-d437ba92de7c@group-E40AFD378B55-SegmentedRaftLogWorker: flushIndex: setUnconditionally 0 -> -1
2019-10-08 20:57:06,267 [pool-433-thread-1] INFO  server.RaftServerConfigKeys (ConfUtils.java:logGet(43)) - raft.server.snapshot.auto.trigger.enabled = true (custom)
2019-10-08 20:57:06,267 [pool-433-thread-1] INFO  server.RaftServerConfigKeys (ConfUtils.java:logGet(43)) - raft.server.snapshot.auto.trigger.threshold = 10000 (custom)
2019-10-08 20:57:06,267 [pool-433-thread-1] INFO  server.RaftServerConfigKeys (ConfUtils.java:logGet(43)) - raft.server.snapshot.retention.file.num = 5 (custom)
2019-10-08 20:57:06,267 [pool-433-thread-1] INFO  server.RaftServerConfigKeys (ConfUtils.java:logGet(43)) - raft.server.retrycache.expirytime = 600000ms (custom)
2019-10-08 20:57:06,268 [pool-433-thread-1] INFO  impl.RaftServerImpl (RaftServerImpl.java:start(181)) - 105b5466-f074-4557-a150-d437ba92de7c@group-E40AFD378B55: start as a follower, conf=-1: [105b5466-f074-4557-a150-d437ba92de7c:192.168.5.143:43619], old=null
2019-10-08 20:57:06,268 [pool-433-thread-1] INFO  impl.RaftServerImpl (RaftServerImpl.java:setRole(170)) - 105b5466-f074-4557-a150-d437ba92de7c@group-E40AFD378B55: changes role from      null to FOLLOWER at term 0 for startAsFollower
2019-10-08 20:57:06,268 [pool-433-thread-1] INFO  impl.RoleInfo (RoleInfo.java:updateAndGet(143)) - 105b5466-f074-4557-a150-d437ba92de7c: start FollowerState
2019-10-08 20:57:06,268 [pool-433-thread-1] INFO  util.JmxRegister (JmxRegister.java:tryRegister(44)) - Successfully registered JMX Bean with object name Ratis:service=RaftServer,group=group-E40AFD378B55,id=105b5466-f074-4557-a150-d437ba92de7c
2019-10-08 20:57:06,272 [RatisPipelineUtilsThread] INFO  pipeline.PipelineStateManager (PipelineStateManager.java:addPipeline(57)) - Created pipeline Pipeline[ Id: dac9fa72-d1f8-414d-bb2c-e40afd378b55, Nodes: 105b5466-f074-4557-a150-d437ba92de7c{ip: 192.168.5.143, host: pr-hdds-1868-gtwz2-575081100, networkLocation: /default-rack, certSerialId: null}, Type:RATIS, Factor:ONE, State:ALLOCATED]
2019-10-08 20:57:06,272 [Thread-2476] INFO  pipeline.PipelineStateManager (PipelineStateManager.java:finalizePipeline(123)) - Pipeline Pipeline[ Id: e3d84300-5ec1-4e34-8730-652c352c9302, Nodes: afc9e438-6b36-4ab1-bd79-7c4996d73e80{ip: 192.168.5.143, host: pr-hdds-1868-gtwz2-575081100, networkLocation: /default-rack, certSerialId: null}, Type:RATIS, Factor:ONE, State:CLOSED] moved to CLOSED state
2019-10-08 20:57:06,279 [grpc-default-executor-7] INFO  impl.RaftServerProxy (RaftServerProxy.java:remove(95)) - afc9e438-6b36-4ab1-bd79-7c4996d73e80: remove  FOLLOWER afc9e438-6b36-4ab1-bd79-7c4996d73e80@group-652C352C9302:t0, leader=null, voted=null, raftlog=afc9e438-6b36-4ab1-bd79-7c4996d73e80@group-652C352C9302-SegmentedRaftLog:OPENED:c-1,f-1,i0, conf=-1: [afc9e438-6b36-4ab1-bd79-7c4996d73e80:192.168.5.143:37825], old=null RUNNING
2019-10-08 20:57:06,279 [grpc-default-executor-7] INFO  impl.RaftServerImpl (RaftServerImpl.java:lambda$shutdown$3(247)) - afc9e438-6b36-4ab1-bd79-7c4996d73e80@group-652C352C9302: shutdown
2019-10-08 20:57:06,279 [grpc-default-executor-7] INFO  util.JmxRegister (JmxRegister.java:unregister(73)) - Successfully un-registered JMX Bean with object name Ratis:service=RaftServer,group=group-652C352C9302,id=afc9e438-6b36-4ab1-bd79-7c4996d73e80
2019-10-08 20:57:06,279 [grpc-default-executor-7] INFO  impl.RoleInfo (RoleInfo.java:shutdownFollowerState(121)) - afc9e438-6b36-4ab1-bd79-7c4996d73e80: shutdown FollowerState
2019-10-08 20:57:06,280 [grpc-default-executor-7] INFO  impl.StateMachineUpdater (StateMachineUpdater.java:stopAndJoin(136)) - afc9e438-6b36-4ab1-bd79-7c4996d73e80@group-652C352C9302-StateMachineUpdater: set stopIndex = -1
2019-10-08 20:57:06,280 [Thread-2481] INFO  impl.FollowerState (FollowerState.java:run(117)) - afc9e438-6b36-4ab1-bd79-7c4996d73e80@group-652C352C9302-FollowerState was interrupted: java.lang.InterruptedException: sleep interrupted
2019-10-08 20:57:06,280 [grpc-default-executor-7] INFO  impl.RaftServerImpl (ServerState.java:close(387)) - afc9e438-6b36-4ab1-bd79-7c4996d73e80@group-652C352C9302: closes. applyIndex: -1
2019-10-08 20:57:06,280 [afc9e438-6b36-4ab1-bd79-7c4996d73e80@group-652C352C9302-SegmentedRaftLogWorker] INFO  segmented.SegmentedRaftLogWorker (SegmentedRaftLogWorker.java:run(316)) - afc9e438-6b36-4ab1-bd79-7c4996d73e80@group-652C352C9302-SegmentedRaftLogWorker was interrupted, exiting. There are 0 tasks remaining in the queue.
2019-10-08 20:57:06,281 [grpc-default-executor-7] INFO  segmented.SegmentedRaftLogWorker (SegmentedRaftLogWorker.java:close(224)) - afc9e438-6b36-4ab1-bd79-7c4996d73e80@group-652C352C9302-SegmentedRaftLogWorker close()
2019-10-08 20:57:06,288 [Thread-2476] INFO  pipeline.PipelineStateManager (PipelineStateManager.java:removePipeline(108)) - Pipeline Pipeline[ Id: e3d84300-5ec1-4e34-8730-652c352c9302, Nodes: afc9e438-6b36-4ab1-bd79-7c4996d73e80{ip: 192.168.5.143, host: pr-hdds-1868-gtwz2-575081100, networkLocation: /default-rack, certSerialId: null}, Type:RATIS, Factor:ONE, State:CLOSED] removed from db
2019-10-08 20:57:06,291 [grpc-default-executor-7] INFO  impl.RaftServerProxy (RaftServerProxy.java:addNew(89)) - afc9e438-6b36-4ab1-bd79-7c4996d73e80: addNew group-309E89B3BE6A:[afc9e438-6b36-4ab1-bd79-7c4996d73e80:192.168.5.143:37825] returns group-309E89B3BE6A:java.util.concurrent.CompletableFuture@5bd9ade1[Not completed]
2019-10-08 20:57:06,292 [pool-393-thread-1] INFO  impl.RaftServerImpl (RaftServerImpl.java:<init>(95)) - afc9e438-6b36-4ab1-bd79-7c4996d73e80: new RaftServerImpl for group-309E89B3BE6A:[afc9e438-6b36-4ab1-bd79-7c4996d73e80:192.168.5.143:37825] with ContainerStateMachine:uninitialized
2019-10-08 20:57:06,292 [pool-393-thread-1] INFO  server.RaftServerConfigKeys (ConfUtils.java:logGet(43)) - raft.server.rpc.timeout.min = 5s (custom)
2019-10-08 20:57:06,292 [pool-393-thread-1] INFO  server.RaftServerConfigKeys (ConfUtils.java:logGet(43)) - raft.server.rpc.timeout.max = 5200ms (custom)
2019-10-08 20:57:06,292 [pool-393-thread-1] INFO  server.RaftServerConfigKeys (ConfUtils.java:logGet(43)) - raft.server.rpcslowness.timeout = 120s (custom)
2019-10-08 20:57:06,292 [pool-393-thread-1] INFO  server.RaftServerConfigKeys (ConfUtils.java:logGet(43)) - raft.server.sleep.deviation.threshold = 300 (default)
2019-10-08 20:57:06,293 [pool-393-thread-1] INFO  server.RaftServerConfigKeys (ConfUtils.java:logGet(43)) - raft.server.log.appender.install.snapshot.enabled = false (custom)
2019-10-08 20:57:06,293 [pool-393-thread-1] INFO  impl.RaftServerImpl (ServerState.java:<init>(103)) - afc9e438-6b36-4ab1-bd79-7c4996d73e80@group-309E89B3BE6A: ConfigurationManager, init=-1: [afc9e438-6b36-4ab1-bd79-7c4996d73e80:192.168.5.143:37825], old=null, confs=<EMPTY_MAP>
2019-10-08 20:57:06,293 [pool-393-thread-1] INFO  server.RaftServerConfigKeys (ConfUtils.java:logGet(43)) - raft.server.storage.dir = [/workdir/hadoop-ozone/integration-test/target/test-dir/MiniOzoneClusterImpl-556ae367-a76f-437b-9cdb-d0d311a5222a/datanode-1/data/ratis] (custom)
2019-10-08 20:57:06,293 [pool-393-thread-1] INFO  server.RaftServerConfigKeys (ConfUtils.java:logGet(43)) - raft.server.log.corruption.policy = EXCEPTION (default)
2019-10-08 20:57:06,293 [pool-393-thread-1] INFO  storage.RaftStorageDirectory (RaftStorageDirectory.java:analyzeStorage(246)) - The storage directory /workdir/hadoop-ozone/integration-test/target/test-dir/MiniOzoneClusterImpl-556ae367-a76f-437b-9cdb-d0d311a5222a/datanode-1/data/ratis/8fe83c46-8957-4a4e-9c32-309e89b3be6a does not exist. Creating ...
2019-10-08 20:57:06,307 [pool-393-thread-1] INFO  storage.RaftStorageDirectory (RaftStorageDirectory.java:tryLock(328)) - Lock on /workdir/hadoop-ozone/integration-test/target/test-dir/MiniOzoneClusterImpl-556ae367-a76f-437b-9cdb-d0d311a5222a/datanode-1/data/ratis/8fe83c46-8957-4a4e-9c32-309e89b3be6a/in_use.lock acquired by nodename 25063@pr-hdds-1868-gtwz2-575081100
2019-10-08 20:57:06,320 [pool-393-thread-1] INFO  storage.RaftStorage (RaftStorage.java:format(84)) - Storage directory /workdir/hadoop-ozone/integration-test/target/test-dir/MiniOzoneClusterImpl-556ae367-a76f-437b-9cdb-d0d311a5222a/datanode-1/data/ratis/8fe83c46-8957-4a4e-9c32-309e89b3be6a has been successfully formatted.
2019-10-08 20:57:06,320 [pool-393-thread-1] INFO  ratis.ContainerStateMachine (ContainerStateMachine.java:loadSnapshot(233)) - group-309E89B3BE6A: The snapshot info is null. Setting the last applied indexto:(t:0, i:~)
2019-10-08 20:57:06,320 [pool-393-thread-1] INFO  server.RaftServerConfigKeys (ConfUtils.java:logGet(43)) - raft.server.notification.no-leader.timeout = 120s (custom)
2019-10-08 20:57:06,320 [pool-393-thread-1] INFO  server.RaftServerConfigKeys (ConfUtils.java:logGet(43)) - raft.server.log.use.memory = false (default)
2019-10-08 20:57:06,320 [pool-393-thread-1] INFO  server.RaftServerConfigKeys (ConfUtils.java:logGet(43)) - raft.server.log.purge.gap = 1000000 (custom)
2019-10-08 20:57:06,320 [pool-393-thread-1] INFO  server.RaftServerConfigKeys (ConfUtils.java:logGet(43)) - raft.server.log.appender.buffer.byte-limit = 33554432 (custom)
2019-10-08 20:57:06,321 [pool-393-thread-1] INFO  server.RaftServerConfigKeys (ConfUtils.java:logGet(43)) - raft.server.log.segment.size.max = 1048576 (custom)
2019-10-08 20:57:06,321 [pool-393-thread-1] INFO  server.RaftServerConfigKeys (ConfUtils.java:logGet(43)) - raft.server.log.segment.cache.num.max = 2 (custom)
2019-10-08 20:57:06,321 [pool-393-thread-1] INFO  segmented.SegmentedRaftLogWorker (SegmentedRaftLogWorker.java:<init>(173)) - new afc9e438-6b36-4ab1-bd79-7c4996d73e80@group-309E89B3BE6A-SegmentedRaftLogWorker for RaftStorage:Storage Directory /workdir/hadoop-ozone/integration-test/target/test-dir/MiniOzoneClusterImpl-556ae367-a76f-437b-9cdb-d0d311a5222a/datanode-1/data/ratis/8fe83c46-8957-4a4e-9c32-309e89b3be6a
2019-10-08 20:57:06,321 [pool-393-thread-1] INFO  server.RaftServerConfigKeys (ConfUtils.java:logGet(43)) - raft.server.log.queue.byte-limit = 2147483647 (custom)
2019-10-08 20:57:06,321 [pool-393-thread-1] INFO  server.RaftServerConfigKeys (ConfUtils.java:logGet(43)) - raft.server.log.queue.element-limit = 1024 (custom)
2019-10-08 20:57:06,321 [pool-393-thread-1] INFO  server.RaftServerConfigKeys (ConfUtils.java:logGet(43)) - raft.server.log.segment.size.max = 1048576 (custom)
2019-10-08 20:57:06,321 [pool-393-thread-1] INFO  server.RaftServerConfigKeys (ConfUtils.java:logGet(43)) - raft.server.log.preallocated.size = 16384 (custom)
2019-10-08 20:57:06,322 [pool-393-thread-1] INFO  server.RaftServerConfigKeys (ConfUtils.java:logGet(43)) - raft.server.log.write.buffer.size = 33554432 (custom)
2019-10-08 20:57:06,322 [pool-393-thread-1] INFO  server.RaftServerConfigKeys (ConfUtils.java:logGet(43)) - raft.server.log.force.sync.num = 128 (default)
2019-10-08 20:57:06,322 [pool-393-thread-1] INFO  server.RaftServerConfigKeys (ConfUtils.java:logGet(43)) - raft.server.log.statemachine.data.sync = true (default)
2019-10-08 20:57:06,322 [pool-393-thread-1] INFO  server.RaftServerConfigKeys (ConfUtils.java:logGet(43)) - raft.server.log.statemachine.data.sync.timeout = 10s (default)
2019-10-08 20:57:06,322 [pool-393-thread-1] INFO  server.RaftServerConfigKeys (ConfUtils.java:logGet(43)) - raft.server.log.statemachine.data.sync.timeout.retry = -1 (default)
2019-10-08 20:57:06,322 [pool-393-thread-1] INFO  server.RaftServerConfigKeys (ConfUtils.java:logGet(43)) - raft.server.log.statemachine.data.caching.enabled = true (custom)
2019-10-08 20:57:06,322 [pool-393-thread-1] INFO  segmented.SegmentedRaftLogWorker (SegmentedRaftLogWorker.java:lambda$new$0(128)) - afc9e438-6b36-4ab1-bd79-7c4996d73e80@group-309E89B3BE6A-SegmentedRaftLogWorker: flushIndex: setUnconditionally 0 -> -1
2019-10-08 20:57:06,323 [pool-393-thread-1] INFO  server.RaftServerConfigKeys (ConfUtils.java:logGet(43)) - raft.server.snapshot.auto.trigger.enabled = true (custom)
2019-10-08 20:57:06,323 [pool-393-thread-1] INFO  server.RaftServerConfigKeys (ConfUtils.java:logGet(43)) - raft.server.snapshot.auto.trigger.threshold = 10000 (custom)
2019-10-08 20:57:06,323 [pool-393-thread-1] INFO  server.RaftServerConfigKeys (ConfUtils.java:logGet(43)) - raft.server.snapshot.retention.file.num = 5 (custom)
2019-10-08 20:57:06,323 [pool-393-thread-1] INFO  server.RaftServerConfigKeys (ConfUtils.java:logGet(43)) - raft.server.retrycache.expirytime = 600000ms (custom)
2019-10-08 20:57:06,325 [pool-393-thread-1] INFO  impl.RaftServerImpl (RaftServerImpl.java:start(181)) - afc9e438-6b36-4ab1-bd79-7c4996d73e80@group-309E89B3BE6A: start as a follower, conf=-1: [afc9e438-6b36-4ab1-bd79-7c4996d73e80:192.168.5.143:37825], old=null
2019-10-08 20:57:06,325 [pool-393-thread-1] INFO  impl.RaftServerImpl (RaftServerImpl.java:setRole(170)) - afc9e438-6b36-4ab1-bd79-7c4996d73e80@group-309E89B3BE6A: changes role from      null to FOLLOWER at term 0 for startAsFollower
2019-10-08 20:57:06,325 [pool-393-thread-1] INFO  impl.RoleInfo (RoleInfo.java:updateAndGet(143)) - afc9e438-6b36-4ab1-bd79-7c4996d73e80: start FollowerState
2019-10-08 20:57:06,326 [pool-393-thread-1] INFO  util.JmxRegister (JmxRegister.java:tryRegister(44)) - Successfully registered JMX Bean with object name Ratis:service=RaftServer,group=group-309E89B3BE6A,id=afc9e438-6b36-4ab1-bd79-7c4996d73e80
2019-10-08 20:57:06,330 [RatisPipelineUtilsThread] INFO  pipeline.PipelineStateManager (PipelineStateManager.java:addPipeline(57)) - Created pipeline Pipeline[ Id: 8fe83c46-8957-4a4e-9c32-309e89b3be6a, Nodes: afc9e438-6b36-4ab1-bd79-7c4996d73e80{ip: 192.168.5.143, host: pr-hdds-1868-gtwz2-575081100, networkLocation: /default-rack, certSerialId: null}, Type:RATIS, Factor:ONE, State:ALLOCATED]
2019-10-08 20:57:06,833 [main] INFO  ozone.MiniOzoneClusterImpl (MiniOzoneClusterImpl.java:lambda$waitForClusterToBeReady$2(164)) - Waiting for 9 number of pipelines out of 9, to report a leader.
2019-10-08 20:57:07,833 [main] INFO  ozone.MiniOzoneClusterImpl (MiniOzoneClusterImpl.java:lambda$waitForClusterToBeReady$2(164)) - Waiting for 9 number of pipelines out of 9, to report a leader.
2019-10-08 20:57:08,834 [main] INFO  ozone.MiniOzoneClusterImpl (MiniOzoneClusterImpl.java:lambda$waitForClusterToBeReady$2(164)) - Waiting for 9 number of pipelines out of 9, to report a leader.
2019-10-08 20:57:09,834 [main] INFO  ozone.MiniOzoneClusterImpl (MiniOzoneClusterImpl.java:lambda$waitForClusterToBeReady$2(164)) - Waiting for 9 number of pipelines out of 9, to report a leader.
2019-10-08 20:57:10,743 [Thread-2519] INFO  impl.FollowerState (FollowerState.java:run(108)) - 1d532c3e-2add-4552-a7dd-51d21aca59ee@group-369F5CBDB13C-FollowerState: change to CANDIDATE, lastRpcTime:5043ms, electionTimeout:5043ms
2019-10-08 20:57:10,744 [Thread-2519] INFO  impl.RoleInfo (RoleInfo.java:shutdownFollowerState(121)) - 1d532c3e-2add-4552-a7dd-51d21aca59ee: shutdown FollowerState
2019-10-08 20:57:10,744 [Thread-2519] INFO  impl.RaftServerImpl (RaftServerImpl.java:setRole(170)) - 1d532c3e-2add-4552-a7dd-51d21aca59ee@group-369F5CBDB13C: changes role from  FOLLOWER to CANDIDATE at term 0 for changeToCandidate
2019-10-08 20:57:10,744 [Thread-2519] INFO  impl.RoleInfo (RoleInfo.java:updateAndGet(143)) - 1d532c3e-2add-4552-a7dd-51d21aca59ee: start LeaderElection
2019-10-08 20:57:10,766 [1d532c3e-2add-4552-a7dd-51d21aca59ee@group-369F5CBDB13C-LeaderElection91] INFO  impl.LeaderElection (LeaderElection.java:askForVotes(178)) - 1d532c3e-2add-4552-a7dd-51d21aca59ee@group-369F5CBDB13C-LeaderElection91: begin an election at term 1 for -1: [1d532c3e-2add-4552-a7dd-51d21aca59ee:192.168.5.143:37365], old=null
2019-10-08 20:57:10,766 [1d532c3e-2add-4552-a7dd-51d21aca59ee@group-369F5CBDB13C-LeaderElection91] INFO  impl.RoleInfo (RoleInfo.java:shutdownLeaderElection(134)) - 1d532c3e-2add-4552-a7dd-51d21aca59ee: shutdown LeaderElection
2019-10-08 20:57:10,766 [1d532c3e-2add-4552-a7dd-51d21aca59ee@group-369F5CBDB13C-LeaderElection91] INFO  impl.RaftServerImpl (RaftServerImpl.java:setRole(170)) - 1d532c3e-2add-4552-a7dd-51d21aca59ee@group-369F5CBDB13C: changes role from CANDIDATE to LEADER at term 1 for changeToLeader
2019-10-08 20:57:10,766 [1d532c3e-2add-4552-a7dd-51d21aca59ee@group-369F5CBDB13C-LeaderElection91] INFO  ratis.XceiverServerRatis (XceiverServerRatis.java:handleLeaderChangedNotification(702)) - Leader change notification received for group: group-369F5CBDB13C with new leaderId: 1d532c3e-2add-4552-a7dd-51d21aca59ee
2019-10-08 20:57:10,770 [1d532c3e-2add-4552-a7dd-51d21aca59ee@group-369F5CBDB13C-LeaderElection91] INFO  impl.RaftServerImpl (ServerState.java:setLeader(255)) - 1d532c3e-2add-4552-a7dd-51d21aca59ee@group-369F5CBDB13C: change Leader from null to 1d532c3e-2add-4552-a7dd-51d21aca59ee at term 1 for becomeLeader, leader elected after 5072ms
2019-10-08 20:57:10,770 [1d532c3e-2add-4552-a7dd-51d21aca59ee@group-369F5CBDB13C-LeaderElection91] INFO  server.RaftServerConfigKeys (ConfUtils.java:logGet(43)) - raft.server.staging.catchup.gap = 1000 (default)
2019-10-08 20:57:10,770 [1d532c3e-2add-4552-a7dd-51d21aca59ee@group-369F5CBDB13C-LeaderElection91] INFO  server.RaftServerConfigKeys (ConfUtils.java:logGet(43)) - raft.server.rpc.sleep.time = 25ms (default)
2019-10-08 20:57:10,770 [1d532c3e-2add-4552-a7dd-51d21aca59ee@group-369F5CBDB13C-LeaderElection91] INFO  server.RaftServerConfigKeys (ConfUtils.java:logGet(43)) - raft.server.write.element-limit = 4096 (default)
2019-10-08 20:57:10,771 [1d532c3e-2add-4552-a7dd-51d21aca59ee@group-369F5CBDB13C-LeaderElection91] INFO  server.RaftServerConfigKeys (ConfUtils.java:logGet(43)) - raft.server.watch.timeout = 10s (default)
2019-10-08 20:57:10,771 [1d532c3e-2add-4552-a7dd-51d21aca59ee@group-369F5CBDB13C-LeaderElection91] INFO  server.RaftServerConfigKeys (ConfUtils.java:logGet(43)) - raft.server.watch.timeout.denomination = 1s (default)
2019-10-08 20:57:10,771 [1d532c3e-2add-4552-a7dd-51d21aca59ee@group-369F5CBDB13C-LeaderElection91] INFO  server.RaftServerConfigKeys (ConfUtils.java:logGet(43)) - raft.server.watch.element-limit = 65536 (default)
2019-10-08 20:57:10,771 [EventQueue-PipelineReportForPipelineReportHandler] INFO  pipeline.PipelineReportHandler (PipelineReportHandler.java:processPipelineReport(121)) - Pipeline PipelineID=219867b5-afab-4cab-b1b8-369f5cbdb13c reported by 1d532c3e-2add-4552-a7dd-51d21aca59ee{ip: 192.168.5.143, host: pr-hdds-1868-gtwz2-575081100, networkLocation: /default-rack, certSerialId: null} with leaderId 1d532c3e-2add-4552-a7dd-51d21aca59ee
2019-10-08 20:57:10,771 [EventQueue-PipelineReportForPipelineReportHandler] INFO  pipeline.PipelineStateManager (PipelineStateManager.java:openPipeline(136)) - Pipeline Pipeline[ Id: 219867b5-afab-4cab-b1b8-369f5cbdb13c, Nodes: 1d532c3e-2add-4552-a7dd-51d21aca59ee{ip: 192.168.5.143, host: pr-hdds-1868-gtwz2-575081100, networkLocation: /default-rack, certSerialId: null}, Type:RATIS, Factor:ONE, State:OPEN] moved to OPEN state
2019-10-08 20:57:10,771 [EventQueue-PipelineReportForPipelineReportHandler] INFO  pipeline.PipelineReportHandler (PipelineReportHandler.java:processPipelineReport(121)) - Pipeline PipelineID=f76f85fd-280f-46c6-a3ca-7f20ea7c5821 reported by 1d532c3e-2add-4552-a7dd-51d21aca59ee{ip: 192.168.5.143, host: pr-hdds-1868-gtwz2-575081100, networkLocation: /default-rack, certSerialId: null} with leaderId 
2019-10-08 20:57:10,772 [1d532c3e-2add-4552-a7dd-51d21aca59ee@group-369F5CBDB13C-LeaderElection91] INFO  impl.RoleInfo (RoleInfo.java:updateAndGet(143)) - 1d532c3e-2add-4552-a7dd-51d21aca59ee: start LeaderState
2019-10-08 20:57:10,773 [1d532c3e-2add-4552-a7dd-51d21aca59ee@group-369F5CBDB13C-LeaderElection91] INFO  segmented.SegmentedRaftLogWorker (SegmentedRaftLogWorker.java:startLogSegment(385)) - 1d532c3e-2add-4552-a7dd-51d21aca59ee@group-369F5CBDB13C-SegmentedRaftLogWorker: Starting segment from index:0
2019-10-08 20:57:10,773 [1d532c3e-2add-4552-a7dd-51d21aca59ee@group-369F5CBDB13C-LeaderElection91] INFO  impl.RaftServerImpl (ServerState.java:setRaftConf(356)) - 1d532c3e-2add-4552-a7dd-51d21aca59ee@group-369F5CBDB13C: set configuration 0: [1d532c3e-2add-4552-a7dd-51d21aca59ee:192.168.5.143:37365], old=null at 0
2019-10-08 20:57:10,833 [1d532c3e-2add-4552-a7dd-51d21aca59ee@group-369F5CBDB13C-SegmentedRaftLogWorker] INFO  segmented.SegmentedRaftLogWorker (SegmentedRaftLogWorker.java:execute(576)) - 1d532c3e-2add-4552-a7dd-51d21aca59ee@group-369F5CBDB13C-SegmentedRaftLogWorker: created new log segment /workdir/hadoop-ozone/integration-test/target/test-dir/MiniOzoneClusterImpl-556ae367-a76f-437b-9cdb-d0d311a5222a/datanode-0/data/ratis/219867b5-afab-4cab-b1b8-369f5cbdb13c/current/log_inprogress_0
2019-10-08 20:57:10,835 [main] INFO  ozone.MiniOzoneClusterImpl (MiniOzoneClusterImpl.java:lambda$waitForClusterToBeReady$2(164)) - Waiting for 8 number of pipelines out of 9, to report a leader.
2019-10-08 20:57:10,886 [Thread-2529] INFO  impl.FollowerState (FollowerState.java:run(108)) - 1d532c3e-2add-4552-a7dd-51d21aca59ee@group-7F20EA7C5821-FollowerState: change to CANDIDATE, lastRpcTime:5059ms, electionTimeout:5059ms
2019-10-08 20:57:10,886 [Thread-2529] INFO  impl.RoleInfo (RoleInfo.java:shutdownFollowerState(121)) - 1d532c3e-2add-4552-a7dd-51d21aca59ee: shutdown FollowerState
2019-10-08 20:57:10,886 [Thread-2529] INFO  impl.RaftServerImpl (RaftServerImpl.java:setRole(170)) - 1d532c3e-2add-4552-a7dd-51d21aca59ee@group-7F20EA7C5821: changes role from  FOLLOWER to CANDIDATE at term 0 for changeToCandidate
2019-10-08 20:57:10,887 [Thread-2529] INFO  impl.RoleInfo (RoleInfo.java:updateAndGet(143)) - 1d532c3e-2add-4552-a7dd-51d21aca59ee: start LeaderElection
2019-10-08 20:57:10,906 [1d532c3e-2add-4552-a7dd-51d21aca59ee@group-7F20EA7C5821-LeaderElection92] INFO  impl.LeaderElection (LeaderElection.java:askForVotes(178)) - 1d532c3e-2add-4552-a7dd-51d21aca59ee@group-7F20EA7C5821-LeaderElection92: begin an election at term 1 for -1: [82f183d4-07ec-425f-8671-68fc3d628492:192.168.5.143:41289, afc9e438-6b36-4ab1-bd79-7c4996d73e80:192.168.5.143:37825, 1d532c3e-2add-4552-a7dd-51d21aca59ee:192.168.5.143:37365], old=null
2019-10-08 20:57:10,915 [grpc-default-executor-5] INFO  impl.RaftServerImpl (RaftServerImpl.java:setRole(170)) - afc9e438-6b36-4ab1-bd79-7c4996d73e80@group-7F20EA7C5821: changes role from  FOLLOWER to FOLLOWER at term 1 for recognizeCandidate:1d532c3e-2add-4552-a7dd-51d21aca59ee
2019-10-08 20:57:10,915 [grpc-default-executor-7] INFO  impl.RaftServerImpl (RaftServerImpl.java:setRole(170)) - 82f183d4-07ec-425f-8671-68fc3d628492@group-7F20EA7C5821: changes role from  FOLLOWER to FOLLOWER at term 1 for recognizeCandidate:1d532c3e-2add-4552-a7dd-51d21aca59ee
2019-10-08 20:57:10,915 [grpc-default-executor-5] INFO  impl.RoleInfo (RoleInfo.java:shutdownFollowerState(121)) - afc9e438-6b36-4ab1-bd79-7c4996d73e80: shutdown FollowerState
2019-10-08 20:57:10,915 [grpc-default-executor-7] INFO  impl.RoleInfo (RoleInfo.java:shutdownFollowerState(121)) - 82f183d4-07ec-425f-8671-68fc3d628492: shutdown FollowerState
2019-10-08 20:57:10,916 [grpc-default-executor-5] INFO  impl.RoleInfo (RoleInfo.java:updateAndGet(143)) - afc9e438-6b36-4ab1-bd79-7c4996d73e80: start FollowerState
2019-10-08 20:57:10,916 [Thread-2525] INFO  impl.FollowerState (FollowerState.java:run(117)) - 82f183d4-07ec-425f-8671-68fc3d628492@group-7F20EA7C5821-FollowerState was interrupted: java.lang.InterruptedException: sleep interrupted
2019-10-08 20:57:10,916 [grpc-default-executor-7] INFO  impl.RoleInfo (RoleInfo.java:updateAndGet(143)) - 82f183d4-07ec-425f-8671-68fc3d628492: start FollowerState
2019-10-08 20:57:10,916 [Thread-2530] INFO  impl.FollowerState (FollowerState.java:run(117)) - afc9e438-6b36-4ab1-bd79-7c4996d73e80@group-7F20EA7C5821-FollowerState was interrupted: java.lang.InterruptedException: sleep interrupted
2019-10-08 20:57:10,929 [Thread-2535] INFO  impl.FollowerState (FollowerState.java:run(108)) - e52ae031-559f-4c9e-bebc-adcf9ddddd4c@group-75A639D0CDCA-FollowerState: change to CANDIDATE, lastRpcTime:5041ms, electionTimeout:5041ms
2019-10-08 20:57:10,929 [Thread-2535] INFO  impl.RoleInfo (RoleInfo.java:shutdownFollowerState(121)) - e52ae031-559f-4c9e-bebc-adcf9ddddd4c: shutdown FollowerState
2019-10-08 20:57:10,929 [Thread-2535] INFO  impl.RaftServerImpl (RaftServerImpl.java:setRole(170)) - e52ae031-559f-4c9e-bebc-adcf9ddddd4c@group-75A639D0CDCA: changes role from  FOLLOWER to CANDIDATE at term 0 for changeToCandidate
2019-10-08 20:57:10,929 [Thread-2535] INFO  impl.RoleInfo (RoleInfo.java:updateAndGet(143)) - e52ae031-559f-4c9e-bebc-adcf9ddddd4c: start LeaderElection
2019-10-08 20:57:10,938 [1d532c3e-2add-4552-a7dd-51d21aca59ee@group-7F20EA7C5821-LeaderElection92] INFO  impl.LeaderElection (LeaderElection.java:logAndReturn(56)) - 1d532c3e-2add-4552-a7dd-51d21aca59ee@group-7F20EA7C5821-LeaderElection92: Election PASSED; received 1 response(s) [1d532c3e-2add-4552-a7dd-51d21aca59ee<-82f183d4-07ec-425f-8671-68fc3d628492#0:OK-t1] and 0 exception(s); 1d532c3e-2add-4552-a7dd-51d21aca59ee@group-7F20EA7C5821:t1, leader=null, voted=1d532c3e-2add-4552-a7dd-51d21aca59ee, raftlog=1d532c3e-2add-4552-a7dd-51d21aca59ee@group-7F20EA7C5821-SegmentedRaftLog:OPENED:c-1,f-1,i0, conf=-1: [82f183d4-07ec-425f-8671-68fc3d628492:192.168.5.143:41289, afc9e438-6b36-4ab1-bd79-7c4996d73e80:192.168.5.143:37825, 1d532c3e-2add-4552-a7dd-51d21aca59ee:192.168.5.143:37365], old=null
2019-10-08 20:57:10,938 [1d532c3e-2add-4552-a7dd-51d21aca59ee@group-7F20EA7C5821-LeaderElection92] INFO  impl.RoleInfo (RoleInfo.java:shutdownLeaderElection(134)) - 1d532c3e-2add-4552-a7dd-51d21aca59ee: shutdown LeaderElection
2019-10-08 20:57:10,938 [1d532c3e-2add-4552-a7dd-51d21aca59ee@group-7F20EA7C5821-LeaderElection92] INFO  impl.RaftServerImpl (RaftServerImpl.java:setRole(170)) - 1d532c3e-2add-4552-a7dd-51d21aca59ee@group-7F20EA7C5821: changes role from CANDIDATE to LEADER at term 1 for changeToLeader
2019-10-08 20:57:10,938 [1d532c3e-2add-4552-a7dd-51d21aca59ee@group-7F20EA7C5821-LeaderElection92] INFO  ratis.XceiverServerRatis (XceiverServerRatis.java:handleLeaderChangedNotification(702)) - Leader change notification received for group: group-7F20EA7C5821 with new leaderId: 1d532c3e-2add-4552-a7dd-51d21aca59ee
2019-10-08 20:57:10,938 [1d532c3e-2add-4552-a7dd-51d21aca59ee@group-7F20EA7C5821-LeaderElection92] INFO  impl.RaftServerImpl (ServerState.java:setLeader(255)) - 1d532c3e-2add-4552-a7dd-51d21aca59ee@group-7F20EA7C5821: change Leader from null to 1d532c3e-2add-4552-a7dd-51d21aca59ee at term 1 for becomeLeader, leader elected after 5124ms
2019-10-08 20:57:10,938 [1d532c3e-2add-4552-a7dd-51d21aca59ee@group-7F20EA7C5821-LeaderElection92] INFO  server.RaftServerConfigKeys (ConfUtils.java:logGet(43)) - raft.server.staging.catchup.gap = 1000 (default)
2019-10-08 20:57:10,939 [1d532c3e-2add-4552-a7dd-51d21aca59ee@group-7F20EA7C5821-LeaderElection92] INFO  server.RaftServerConfigKeys (ConfUtils.java:logGet(43)) - raft.server.rpc.sleep.time = 25ms (default)
2019-10-08 20:57:10,939 [1d532c3e-2add-4552-a7dd-51d21aca59ee@group-7F20EA7C5821-LeaderElection92] INFO  server.RaftServerConfigKeys (ConfUtils.java:logGet(43)) - raft.server.write.element-limit = 4096 (default)
2019-10-08 20:57:10,939 [1d532c3e-2add-4552-a7dd-51d21aca59ee@group-7F20EA7C5821-LeaderElection92] INFO  server.RaftServerConfigKeys (ConfUtils.java:logGet(43)) - raft.server.watch.timeout = 10s (default)
2019-10-08 20:57:10,939 [1d532c3e-2add-4552-a7dd-51d21aca59ee@group-7F20EA7C5821-LeaderElection92] INFO  server.RaftServerConfigKeys (ConfUtils.java:logGet(43)) - raft.server.watch.timeout.denomination = 1s (default)
2019-10-08 20:57:10,939 [1d532c3e-2add-4552-a7dd-51d21aca59ee@group-7F20EA7C5821-LeaderElection92] INFO  server.RaftServerConfigKeys (ConfUtils.java:logGet(43)) - raft.server.watch.element-limit = 65536 (default)
2019-10-08 20:57:10,939 [EventQueue-PipelineReportForPipelineReportHandler] INFO  pipeline.PipelineReportHandler (PipelineReportHandler.java:processPipelineReport(121)) - Pipeline PipelineID=f76f85fd-280f-46c6-a3ca-7f20ea7c5821 reported by 1d532c3e-2add-4552-a7dd-51d21aca59ee{ip: 192.168.5.143, host: pr-hdds-1868-gtwz2-575081100, networkLocation: /default-rack, certSerialId: null} with leaderId 1d532c3e-2add-4552-a7dd-51d21aca59ee
2019-10-08 20:57:10,941 [1d532c3e-2add-4552-a7dd-51d21aca59ee@group-7F20EA7C5821-LeaderElection92] INFO  server.RaftServerConfigKeys (ConfUtils.java:logGet(43)) - raft.server.log.appender.snapshot.chunk.size.max = 16MB (=16777216) (default)
2019-10-08 20:57:10,941 [1d532c3e-2add-4552-a7dd-51d21aca59ee@group-7F20EA7C5821-LeaderElection92] INFO  server.RaftServerConfigKeys (ConfUtils.java:logGet(43)) - raft.server.log.appender.buffer.byte-limit = 33554432 (custom)
2019-10-08 20:57:10,941 [1d532c3e-2add-4552-a7dd-51d21aca59ee@group-7F20EA7C5821-LeaderElection92] INFO  server.RaftServerConfigKeys (ConfUtils.java:logGet(43)) - raft.server.log.appender.buffer.element-limit = 1 (custom)
2019-10-08 20:57:10,941 [1d532c3e-2add-4552-a7dd-51d21aca59ee@group-7F20EA7C5821-LeaderElection92] INFO  grpc.GrpcConfigKeys$Server (ConfUtils.java:logGet(43)) - raft.grpc.server.leader.outstanding.appends.max = 128 (default)
2019-10-08 20:57:10,941 [1d532c3e-2add-4552-a7dd-51d21aca59ee@group-7F20EA7C5821-LeaderElection92] INFO  server.RaftServerConfigKeys (ConfUtils.java:logGet(43)) - raft.server.rpc.request.timeout = 3000ms (default)
2019-10-08 20:57:10,941 [1d532c3e-2add-4552-a7dd-51d21aca59ee@group-7F20EA7C5821-LeaderElection92] INFO  server.RaftServerConfigKeys (ConfUtils.java:logGet(43)) - raft.server.log.appender.install.snapshot.enabled = false (custom)
2019-10-08 20:57:10,942 [1d532c3e-2add-4552-a7dd-51d21aca59ee@group-7F20EA7C5821-LeaderElection92] INFO  server.RaftServerConfigKeys (ConfUtils.java:logGet(43)) - raft.server.log.appender.snapshot.chunk.size.max = 16MB (=16777216) (default)
2019-10-08 20:57:10,942 [1d532c3e-2add-4552-a7dd-51d21aca59ee@group-7F20EA7C5821-LeaderElection92] INFO  server.RaftServerConfigKeys (ConfUtils.java:logGet(43)) - raft.server.log.appender.buffer.byte-limit = 33554432 (custom)
2019-10-08 20:57:10,942 [1d532c3e-2add-4552-a7dd-51d21aca59ee@group-7F20EA7C5821-LeaderElection92] INFO  server.RaftServerConfigKeys (ConfUtils.java:logGet(43)) - raft.server.log.appender.buffer.element-limit = 1 (custom)
2019-10-08 20:57:10,942 [1d532c3e-2add-4552-a7dd-51d21aca59ee@group-7F20EA7C5821-LeaderElection92] INFO  grpc.GrpcConfigKeys$Server (ConfUtils.java:logGet(43)) - raft.grpc.server.leader.outstanding.appends.max = 128 (default)
2019-10-08 20:57:10,942 [1d532c3e-2add-4552-a7dd-51d21aca59ee@group-7F20EA7C5821-LeaderElection92] INFO  server.RaftServerConfigKeys (ConfUtils.java:logGet(43)) - raft.server.rpc.request.timeout = 3000ms (default)
2019-10-08 20:57:10,942 [1d532c3e-2add-4552-a7dd-51d21aca59ee@group-7F20EA7C5821-LeaderElection92] INFO  server.RaftServerConfigKeys (ConfUtils.java:logGet(43)) - raft.server.log.appender.install.snapshot.enabled = false (custom)
2019-10-08 20:57:10,942 [1d532c3e-2add-4552-a7dd-51d21aca59ee@group-7F20EA7C5821-LeaderElection92] INFO  impl.RoleInfo (RoleInfo.java:updateAndGet(143)) - 1d532c3e-2add-4552-a7dd-51d21aca59ee: start LeaderState
2019-10-08 20:57:10,943 [1d532c3e-2add-4552-a7dd-51d21aca59ee@group-7F20EA7C5821-LeaderElection92] INFO  segmented.SegmentedRaftLogWorker (SegmentedRaftLogWorker.java:startLogSegment(385)) - 1d532c3e-2add-4552-a7dd-51d21aca59ee@group-7F20EA7C5821-SegmentedRaftLogWorker: Starting segment from index:0
2019-10-08 20:57:10,943 [1d532c3e-2add-4552-a7dd-51d21aca59ee@group-7F20EA7C5821-LeaderElection92] INFO  impl.RaftServerImpl (ServerState.java:setRaftConf(356)) - 1d532c3e-2add-4552-a7dd-51d21aca59ee@group-7F20EA7C5821: set configuration 0: [82f183d4-07ec-425f-8671-68fc3d628492:192.168.5.143:41289, afc9e438-6b36-4ab1-bd79-7c4996d73e80:192.168.5.143:37825, 1d532c3e-2add-4552-a7dd-51d21aca59ee:192.168.5.143:37365], old=null at 0
2019-10-08 20:57:10,945 [grpc-default-executor-5] INFO  ratis.XceiverServerRatis (XceiverServerRatis.java:handleLeaderChangedNotification(702)) - Leader change notification received for group: group-7F20EA7C5821 with new leaderId: 1d532c3e-2add-4552-a7dd-51d21aca59ee
2019-10-08 20:57:10,946 [grpc-default-executor-7] INFO  ratis.XceiverServerRatis (XceiverServerRatis.java:handleLeaderChangedNotification(702)) - Leader change notification received for group: group-7F20EA7C5821 with new leaderId: 1d532c3e-2add-4552-a7dd-51d21aca59ee
2019-10-08 20:57:10,971 [e52ae031-559f-4c9e-bebc-adcf9ddddd4c@group-75A639D0CDCA-LeaderElection93] INFO  impl.LeaderElection (LeaderElection.java:askForVotes(178)) - e52ae031-559f-4c9e-bebc-adcf9ddddd4c@group-75A639D0CDCA-LeaderElection93: begin an election at term 1 for -1: [e52ae031-559f-4c9e-bebc-adcf9ddddd4c:192.168.5.143:44737], old=null
2019-10-08 20:57:10,971 [Thread-2539] INFO  impl.FollowerState (FollowerState.java:run(108)) - 26fb5415-fc41-4e82-8ddb-8a77e6c283f9@group-DE12D6DB21E0-FollowerState: change to CANDIDATE, lastRpcTime:5021ms, electionTimeout:5013ms
2019-10-08 20:57:10,971 [grpc-default-executor-5] INFO  impl.RaftServerImpl (ServerState.java:setLeader(255)) - afc9e438-6b36-4ab1-bd79-7c4996d73e80@group-7F20EA7C5821: change Leader from null to 1d532c3e-2add-4552-a7dd-51d21aca59ee at term 1 for appendEntries, leader elected after 5131ms
2019-10-08 20:57:10,974 [Thread-2539] INFO  impl.RoleInfo (RoleInfo.java:shutdownFollowerState(121)) - 26fb5415-fc41-4e82-8ddb-8a77e6c283f9: shutdown FollowerState
2019-10-08 20:57:10,974 [e52ae031-559f-4c9e-bebc-adcf9ddddd4c@group-75A639D0CDCA-LeaderElection93] INFO  impl.RoleInfo (RoleInfo.java:shutdownLeaderElection(134)) - e52ae031-559f-4c9e-bebc-adcf9ddddd4c: shutdown LeaderElection
2019-10-08 20:57:10,973 [grpc-default-executor-7] INFO  impl.RaftServerImpl (ServerState.java:setLeader(255)) - 82f183d4-07ec-425f-8671-68fc3d628492@group-7F20EA7C5821: change Leader from null to 1d532c3e-2add-4552-a7dd-51d21aca59ee at term 1 for appendEntries, leader elected after 5132ms
2019-10-08 20:57:10,974 [EventQueue-PipelineReportForPipelineReportHandler] INFO  pipeline.PipelineReportHandler (PipelineReportHandler.java:processPipelineReport(121)) - Pipeline PipelineID=8fe83c46-8957-4a4e-9c32-309e89b3be6a reported by afc9e438-6b36-4ab1-bd79-7c4996d73e80{ip: 192.168.5.143, host: pr-hdds-1868-gtwz2-575081100, networkLocation: /default-rack, certSerialId: null} with leaderId 
2019-10-08 20:57:10,974 [e52ae031-559f-4c9e-bebc-adcf9ddddd4c@group-75A639D0CDCA-LeaderElection93] INFO  impl.RaftServerImpl (RaftServerImpl.java:setRole(170)) - e52ae031-559f-4c9e-bebc-adcf9ddddd4c@group-75A639D0CDCA: changes role from CANDIDATE to LEADER at term 1 for changeToLeader
2019-10-08 20:57:10,974 [Thread-2539] INFO  impl.RaftServerImpl (RaftServerImpl.java:setRole(170)) - 26fb5415-fc41-4e82-8ddb-8a77e6c283f9@group-DE12D6DB21E0: changes role from  FOLLOWER to CANDIDATE at term 0 for changeToCandidate
2019-10-08 20:57:10,976 [EventQueue-PipelineReportForPipelineReportHandler] INFO  pipeline.PipelineStateManager (PipelineStateManager.java:openPipeline(136)) - Pipeline Pipeline[ Id: 8fe83c46-8957-4a4e-9c32-309e89b3be6a, Nodes: afc9e438-6b36-4ab1-bd79-7c4996d73e80{ip: 192.168.5.143, host: pr-hdds-1868-gtwz2-575081100, networkLocation: /default-rack, certSerialId: null}, Type:RATIS, Factor:ONE, State:OPEN] moved to OPEN state
2019-10-08 20:57:10,976 [e52ae031-559f-4c9e-bebc-adcf9ddddd4c@group-75A639D0CDCA-LeaderElection93] INFO  ratis.XceiverServerRatis (XceiverServerRatis.java:handleLeaderChangedNotification(702)) - Leader change notification received for group: group-75A639D0CDCA with new leaderId: e52ae031-559f-4c9e-bebc-adcf9ddddd4c
2019-10-08 20:57:10,978 [EventQueue-PipelineReportForPipelineReportHandler] INFO  pipeline.PipelineReportHandler (PipelineReportHandler.java:processPipelineReport(121)) - Pipeline PipelineID=f76f85fd-280f-46c6-a3ca-7f20ea7c5821 reported by afc9e438-6b36-4ab1-bd79-7c4996d73e80{ip: 192.168.5.143, host: pr-hdds-1868-gtwz2-575081100, networkLocation: /default-rack, certSerialId: null} with leaderId 1d532c3e-2add-4552-a7dd-51d21aca59ee
2019-10-08 20:57:10,976 [Thread-2539] INFO  impl.RoleInfo (RoleInfo.java:updateAndGet(143)) - 26fb5415-fc41-4e82-8ddb-8a77e6c283f9: start LeaderElection
2019-10-08 20:57:10,979 [EventQueue-PipelineReportForPipelineReportHandler] INFO  pipeline.PipelineReportHandler (PipelineReportHandler.java:processPipelineReport(121)) - Pipeline PipelineID=711a3822-58b1-4341-9b95-684ecedfe1eb reported by 82f183d4-07ec-425f-8671-68fc3d628492{ip: 192.168.5.143, host: pr-hdds-1868-gtwz2-575081100, networkLocation: /default-rack, certSerialId: null} with leaderId 
2019-10-08 20:57:10,980 [e52ae031-559f-4c9e-bebc-adcf9ddddd4c@group-75A639D0CDCA-LeaderElection93] INFO  impl.RaftServerImpl (ServerState.java:setLeader(255)) - e52ae031-559f-4c9e-bebc-adcf9ddddd4c@group-75A639D0CDCA: change Leader from null to e52ae031-559f-4c9e-bebc-adcf9ddddd4c at term 1 for becomeLeader, leader elected after 5092ms
2019-10-08 20:57:10,981 [EventQueue-PipelineReportForPipelineReportHandler] INFO  pipeline.PipelineStateManager (PipelineStateManager.java:openPipeline(136)) - Pipeline Pipeline[ Id: 711a3822-58b1-4341-9b95-684ecedfe1eb, Nodes: 82f183d4-07ec-425f-8671-68fc3d628492{ip: 192.168.5.143, host: pr-hdds-1868-gtwz2-575081100, networkLocation: /default-rack, certSerialId: null}, Type:RATIS, Factor:ONE, State:OPEN] moved to OPEN state
2019-10-08 20:57:10,981 [e52ae031-559f-4c9e-bebc-adcf9ddddd4c@group-75A639D0CDCA-LeaderElection93] INFO  server.RaftServerConfigKeys (ConfUtils.java:logGet(43)) - raft.server.staging.catchup.gap = 1000 (default)
2019-10-08 20:57:10,981 [EventQueue-PipelineReportForPipelineReportHandler] INFO  pipeline.PipelineReportHandler (PipelineReportHandler.java:processPipelineReport(121)) - Pipeline PipelineID=f76f85fd-280f-46c6-a3ca-7f20ea7c5821 reported by 82f183d4-07ec-425f-8671-68fc3d628492{ip: 192.168.5.143, host: pr-hdds-1868-gtwz2-575081100, networkLocation: /default-rack, certSerialId: null} with leaderId 1d532c3e-2add-4552-a7dd-51d21aca59ee
2019-10-08 20:57:10,984 [1d532c3e-2add-4552-a7dd-51d21aca59ee@group-7F20EA7C5821-SegmentedRaftLogWorker] INFO  segmented.SegmentedRaftLogWorker (SegmentedRaftLogWorker.java:execute(576)) - 1d532c3e-2add-4552-a7dd-51d21aca59ee@group-7F20EA7C5821-SegmentedRaftLogWorker: created new log segment /workdir/hadoop-ozone/integration-test/target/test-dir/MiniOzoneClusterImpl-556ae367-a76f-437b-9cdb-d0d311a5222a/datanode-0/data/ratis/f76f85fd-280f-46c6-a3ca-7f20ea7c5821/current/log_inprogress_0
2019-10-08 20:57:10,981 [e52ae031-559f-4c9e-bebc-adcf9ddddd4c@group-75A639D0CDCA-LeaderElection93] INFO  server.RaftServerConfigKeys (ConfUtils.java:logGet(43)) - raft.server.rpc.sleep.time = 25ms (default)
2019-10-08 20:57:10,985 [EventQueue-PipelineReportForPipelineReportHandler] INFO  pipeline.PipelineStateManager (PipelineStateManager.java:openPipeline(136)) - Pipeline Pipeline[ Id: f76f85fd-280f-46c6-a3ca-7f20ea7c5821, Nodes: afc9e438-6b36-4ab1-bd79-7c4996d73e80{ip: 192.168.5.143, host: pr-hdds-1868-gtwz2-575081100, networkLocation: /default-rack, certSerialId: null}1d532c3e-2add-4552-a7dd-51d21aca59ee{ip: 192.168.5.143, host: pr-hdds-1868-gtwz2-575081100, networkLocation: /default-rack, certSerialId: null}82f183d4-07ec-425f-8671-68fc3d628492{ip: 192.168.5.143, host: pr-hdds-1868-gtwz2-575081100, networkLocation: /default-rack, certSerialId: null}, Type:RATIS, Factor:THREE, State:OPEN] moved to OPEN state
2019-10-08 20:57:10,985 [e52ae031-559f-4c9e-bebc-adcf9ddddd4c@group-75A639D0CDCA-LeaderElection93] INFO  server.RaftServerConfigKeys (ConfUtils.java:logGet(43)) - raft.server.write.element-limit = 4096 (default)
2019-10-08 20:57:10,985 [EventQueue-PipelineReportForPipelineReportHandler] INFO  pipeline.PipelineReportHandler (PipelineReportHandler.java:processPipelineReport(121)) - Pipeline PipelineID=fb096e85-b233-443b-8e56-aafe8919f370 reported by e52ae031-559f-4c9e-bebc-adcf9ddddd4c{ip: 192.168.5.143, host: pr-hdds-1868-gtwz2-575081100, networkLocation: /default-rack, certSerialId: null} with leaderId 
2019-10-08 20:57:10,985 [grpc-default-executor-5] INFO  impl.RaftServerImpl (ServerState.java:setRaftConf(356)) - afc9e438-6b36-4ab1-bd79-7c4996d73e80@group-7F20EA7C5821: set configuration 0: [82f183d4-07ec-425f-8671-68fc3d628492:192.168.5.143:41289, afc9e438-6b36-4ab1-bd79-7c4996d73e80:192.168.5.143:37825, 1d532c3e-2add-4552-a7dd-51d21aca59ee:192.168.5.143:37365], old=null at 0
2019-10-08 20:57:10,985 [e52ae031-559f-4c9e-bebc-adcf9ddddd4c@group-75A639D0CDCA-LeaderElection93] INFO  server.RaftServerConfigKeys (ConfUtils.java:logGet(43)) - raft.server.watch.timeout = 10s (default)
2019-10-08 20:57:10,985 [EventQueue-PipelineReportForPipelineReportHandler] INFO  pipeline.PipelineReportHandler (PipelineReportHandler.java:processPipelineReport(121)) - Pipeline PipelineID=5989c25d-5e51-4b76-9427-75a639d0cdca reported by e52ae031-559f-4c9e-bebc-adcf9ddddd4c{ip: 192.168.5.143, host: pr-hdds-1868-gtwz2-575081100, networkLocation: /default-rack, certSerialId: null} with leaderId e52ae031-559f-4c9e-bebc-adcf9ddddd4c
2019-10-08 20:57:10,986 [grpc-default-executor-5] INFO  segmented.SegmentedRaftLogWorker (SegmentedRaftLogWorker.java:startLogSegment(385)) - afc9e438-6b36-4ab1-bd79-7c4996d73e80@group-7F20EA7C5821-SegmentedRaftLogWorker: Starting segment from index:0
2019-10-08 20:57:10,986 [e52ae031-559f-4c9e-bebc-adcf9ddddd4c@group-75A639D0CDCA-LeaderElection93] INFO  server.RaftServerConfigKeys (ConfUtils.java:logGet(43)) - raft.server.watch.timeout.denomination = 1s (default)
2019-10-08 20:57:10,986 [EventQueue-PipelineReportForPipelineReportHandler] INFO  pipeline.PipelineStateManager (PipelineStateManager.java:openPipeline(136)) - Pipeline Pipeline[ Id: 5989c25d-5e51-4b76-9427-75a639d0cdca, Nodes: e52ae031-559f-4c9e-bebc-adcf9ddddd4c{ip: 192.168.5.143, host: pr-hdds-1868-gtwz2-575081100, networkLocation: /default-rack, certSerialId: null}, Type:RATIS, Factor:ONE, State:OPEN] moved to OPEN state
2019-10-08 20:57:10,986 [grpc-default-executor-7] INFO  impl.RaftServerImpl (ServerState.java:setRaftConf(356)) - 82f183d4-07ec-425f-8671-68fc3d628492@group-7F20EA7C5821: set configuration 0: [82f183d4-07ec-425f-8671-68fc3d628492:192.168.5.143:41289, afc9e438-6b36-4ab1-bd79-7c4996d73e80:192.168.5.143:37825, 1d532c3e-2add-4552-a7dd-51d21aca59ee:192.168.5.143:37365], old=null at 0
2019-10-08 20:57:10,986 [e52ae031-559f-4c9e-bebc-adcf9ddddd4c@group-75A639D0CDCA-LeaderElection93] INFO  server.RaftServerConfigKeys (ConfUtils.java:logGet(43)) - raft.server.watch.element-limit = 65536 (default)
2019-10-08 20:57:10,987 [grpc-default-executor-7] INFO  segmented.SegmentedRaftLogWorker (SegmentedRaftLogWorker.java:startLogSegment(385)) - 82f183d4-07ec-425f-8671-68fc3d628492@group-7F20EA7C5821-SegmentedRaftLogWorker: Starting segment from index:0
2019-10-08 20:57:10,989 [e52ae031-559f-4c9e-bebc-adcf9ddddd4c@group-75A639D0CDCA-LeaderElection93] INFO  impl.RoleInfo (RoleInfo.java:updateAndGet(143)) - e52ae031-559f-4c9e-bebc-adcf9ddddd4c: start LeaderState
2019-10-08 20:57:10,989 [e52ae031-559f-4c9e-bebc-adcf9ddddd4c@group-75A639D0CDCA-LeaderElection93] INFO  segmented.SegmentedRaftLogWorker (SegmentedRaftLogWorker.java:startLogSegment(385)) - e52ae031-559f-4c9e-bebc-adcf9ddddd4c@group-75A639D0CDCA-SegmentedRaftLogWorker: Starting segment from index:0
2019-10-08 20:57:10,989 [e52ae031-559f-4c9e-bebc-adcf9ddddd4c@group-75A639D0CDCA-LeaderElection93] INFO  impl.RaftServerImpl (ServerState.java:setRaftConf(356)) - e52ae031-559f-4c9e-bebc-adcf9ddddd4c@group-75A639D0CDCA: set configuration 0: [e52ae031-559f-4c9e-bebc-adcf9ddddd4c:192.168.5.143:44737], old=null at 0
2019-10-08 20:57:10,998 [26fb5415-fc41-4e82-8ddb-8a77e6c283f9@group-DE12D6DB21E0-LeaderElection94] INFO  impl.LeaderElection (LeaderElection.java:askForVotes(178)) - 26fb5415-fc41-4e82-8ddb-8a77e6c283f9@group-DE12D6DB21E0-LeaderElection94: begin an election at term 1 for -1: [26fb5415-fc41-4e82-8ddb-8a77e6c283f9:192.168.5.143:35912], old=null
2019-10-08 20:57:10,998 [26fb5415-fc41-4e82-8ddb-8a77e6c283f9@group-DE12D6DB21E0-LeaderElection94] INFO  impl.RoleInfo (RoleInfo.java:shutdownLeaderElection(134)) - 26fb5415-fc41-4e82-8ddb-8a77e6c283f9: shutdown LeaderElection
2019-10-08 20:57:10,998 [26fb5415-fc41-4e82-8ddb-8a77e6c283f9@group-DE12D6DB21E0-LeaderElection94] INFO  impl.RaftServerImpl (RaftServerImpl.java:setRole(170)) - 26fb5415-fc41-4e82-8ddb-8a77e6c283f9@group-DE12D6DB21E0: changes role from CANDIDATE to LEADER at term 1 for changeToLeader
2019-10-08 20:57:10,998 [26fb5415-fc41-4e82-8ddb-8a77e6c283f9@group-DE12D6DB21E0-LeaderElection94] INFO  ratis.XceiverServerRatis (XceiverServerRatis.java:handleLeaderChangedNotification(702)) - Leader change notification received for group: group-DE12D6DB21E0 with new leaderId: 26fb5415-fc41-4e82-8ddb-8a77e6c283f9
2019-10-08 20:57:11,018 [26fb5415-fc41-4e82-8ddb-8a77e6c283f9@group-DE12D6DB21E0-LeaderElection94] INFO  impl.RaftServerImpl (ServerState.java:setLeader(255)) - 26fb5415-fc41-4e82-8ddb-8a77e6c283f9@group-DE12D6DB21E0: change Leader from null to 26fb5415-fc41-4e82-8ddb-8a77e6c283f9 at term 1 for becomeLeader, leader elected after 5053ms
2019-10-08 20:57:11,019 [26fb5415-fc41-4e82-8ddb-8a77e6c283f9@group-DE12D6DB21E0-LeaderElection94] INFO  server.RaftServerConfigKeys (ConfUtils.java:logGet(43)) - raft.server.staging.catchup.gap = 1000 (default)
2019-10-08 20:57:11,019 [26fb5415-fc41-4e82-8ddb-8a77e6c283f9@group-DE12D6DB21E0-LeaderElection94] INFO  server.RaftServerConfigKeys (ConfUtils.java:logGet(43)) - raft.server.rpc.sleep.time = 25ms (default)
2019-10-08 20:57:11,019 [26fb5415-fc41-4e82-8ddb-8a77e6c283f9@group-DE12D6DB21E0-LeaderElection94] INFO  server.RaftServerConfigKeys (ConfUtils.java:logGet(43)) - raft.server.write.element-limit = 4096 (default)
2019-10-08 20:57:11,019 [26fb5415-fc41-4e82-8ddb-8a77e6c283f9@group-DE12D6DB21E0-LeaderElection94] INFO  server.RaftServerConfigKeys (ConfUtils.java:logGet(43)) - raft.server.watch.timeout = 10s (default)
2019-10-08 20:57:11,019 [26fb5415-fc41-4e82-8ddb-8a77e6c283f9@group-DE12D6DB21E0-LeaderElection94] INFO  server.RaftServerConfigKeys (ConfUtils.java:logGet(43)) - raft.server.watch.timeout.denomination = 1s (default)
2019-10-08 20:57:11,019 [26fb5415-fc41-4e82-8ddb-8a77e6c283f9@group-DE12D6DB21E0-LeaderElection94] INFO  server.RaftServerConfigKeys (ConfUtils.java:logGet(43)) - raft.server.watch.element-limit = 65536 (default)
2019-10-08 20:57:11,019 [EventQueue-PipelineReportForPipelineReportHandler] INFO  pipeline.PipelineReportHandler (PipelineReportHandler.java:processPipelineReport(121)) - Pipeline PipelineID=fb096e85-b233-443b-8e56-aafe8919f370 reported by 26fb5415-fc41-4e82-8ddb-8a77e6c283f9{ip: 192.168.5.143, host: pr-hdds-1868-gtwz2-575081100, networkLocation: /default-rack, certSerialId: null} with leaderId 
2019-10-08 20:57:11,020 [EventQueue-PipelineReportForPipelineReportHandler] INFO  pipeline.PipelineReportHandler (PipelineReportHandler.java:processPipelineReport(121)) - Pipeline PipelineID=954d72b6-c165-438b-9a4a-de12d6db21e0 reported by 26fb5415-fc41-4e82-8ddb-8a77e6c283f9{ip: 192.168.5.143, host: pr-hdds-1868-gtwz2-575081100, networkLocation: /default-rack, certSerialId: null} with leaderId 26fb5415-fc41-4e82-8ddb-8a77e6c283f9
2019-10-08 20:57:11,020 [EventQueue-PipelineReportForPipelineReportHandler] INFO  pipeline.PipelineStateManager (PipelineStateManager.java:openPipeline(136)) - Pipeline Pipeline[ Id: 954d72b6-c165-438b-9a4a-de12d6db21e0, Nodes: 26fb5415-fc41-4e82-8ddb-8a77e6c283f9{ip: 192.168.5.143, host: pr-hdds-1868-gtwz2-575081100, networkLocation: /default-rack, certSerialId: null}, Type:RATIS, Factor:ONE, State:OPEN] moved to OPEN state
2019-10-08 20:57:11,021 [26fb5415-fc41-4e82-8ddb-8a77e6c283f9@group-DE12D6DB21E0-LeaderElection94] INFO  impl.RoleInfo (RoleInfo.java:updateAndGet(143)) - 26fb5415-fc41-4e82-8ddb-8a77e6c283f9: start LeaderState
2019-10-08 20:57:11,021 [26fb5415-fc41-4e82-8ddb-8a77e6c283f9@group-DE12D6DB21E0-LeaderElection94] INFO  segmented.SegmentedRaftLogWorker (SegmentedRaftLogWorker.java:startLogSegment(385)) - 26fb5415-fc41-4e82-8ddb-8a77e6c283f9@group-DE12D6DB21E0-SegmentedRaftLogWorker: Starting segment from index:0
2019-10-08 20:57:11,021 [26fb5415-fc41-4e82-8ddb-8a77e6c283f9@group-DE12D6DB21E0-LeaderElection94] INFO  impl.RaftServerImpl (ServerState.java:setRaftConf(356)) - 26fb5415-fc41-4e82-8ddb-8a77e6c283f9@group-DE12D6DB21E0: set configuration 0: [26fb5415-fc41-4e82-8ddb-8a77e6c283f9:192.168.5.143:35912], old=null at 0
2019-10-08 20:57:11,033 [afc9e438-6b36-4ab1-bd79-7c4996d73e80@group-7F20EA7C5821-SegmentedRaftLogWorker] INFO  segmented.SegmentedRaftLogWorker (SegmentedRaftLogWorker.java:execute(576)) - afc9e438-6b36-4ab1-bd79-7c4996d73e80@group-7F20EA7C5821-SegmentedRaftLogWorker: created new log segment /workdir/hadoop-ozone/integration-test/target/test-dir/MiniOzoneClusterImpl-556ae367-a76f-437b-9cdb-d0d311a5222a/datanode-1/data/ratis/f76f85fd-280f-46c6-a3ca-7f20ea7c5821/current/log_inprogress_0
2019-10-08 20:57:11,033 [82f183d4-07ec-425f-8671-68fc3d628492@group-7F20EA7C5821-SegmentedRaftLogWorker] INFO  segmented.SegmentedRaftLogWorker (SegmentedRaftLogWorker.java:execute(576)) - 82f183d4-07ec-425f-8671-68fc3d628492@group-7F20EA7C5821-SegmentedRaftLogWorker: created new log segment /workdir/hadoop-ozone/integration-test/target/test-dir/MiniOzoneClusterImpl-556ae367-a76f-437b-9cdb-d0d311a5222a/datanode-4/data/ratis/f76f85fd-280f-46c6-a3ca-7f20ea7c5821/current/log_inprogress_0
2019-10-08 20:57:11,033 [e52ae031-559f-4c9e-bebc-adcf9ddddd4c@group-75A639D0CDCA-SegmentedRaftLogWorker] INFO  segmented.SegmentedRaftLogWorker (SegmentedRaftLogWorker.java:execute(576)) - e52ae031-559f-4c9e-bebc-adcf9ddddd4c@group-75A639D0CDCA-SegmentedRaftLogWorker: created new log segment /workdir/hadoop-ozone/integration-test/target/test-dir/MiniOzoneClusterImpl-556ae367-a76f-437b-9cdb-d0d311a5222a/datanode-3/data/ratis/5989c25d-5e51-4b76-9427-75a639d0cdca/current/log_inprogress_0
2019-10-08 20:57:11,063 [26fb5415-fc41-4e82-8ddb-8a77e6c283f9@group-DE12D6DB21E0-SegmentedRaftLogWorker] INFO  segmented.SegmentedRaftLogWorker (SegmentedRaftLogWorker.java:execute(576)) - 26fb5415-fc41-4e82-8ddb-8a77e6c283f9@group-DE12D6DB21E0-SegmentedRaftLogWorker: created new log segment /workdir/hadoop-ozone/integration-test/target/test-dir/MiniOzoneClusterImpl-556ae367-a76f-437b-9cdb-d0d311a5222a/datanode-6/data/ratis/954d72b6-c165-438b-9a4a-de12d6db21e0/current/log_inprogress_0
2019-10-08 20:57:11,092 [Thread-2545] INFO  impl.FollowerState (FollowerState.java:run(108)) - 105b5466-f074-4557-a150-d437ba92de7c@group-AAFE8919F370-FollowerState: change to CANDIDATE, lastRpcTime:5029ms, electionTimeout:5029ms
2019-10-08 20:57:11,092 [Thread-2545] INFO  impl.RoleInfo (RoleInfo.java:shutdownFollowerState(121)) - 105b5466-f074-4557-a150-d437ba92de7c: shutdown FollowerState
2019-10-08 20:57:11,092 [Thread-2545] INFO  impl.RaftServerImpl (RaftServerImpl.java:setRole(170)) - 105b5466-f074-4557-a150-d437ba92de7c@group-AAFE8919F370: changes role from  FOLLOWER to CANDIDATE at term 0 for changeToCandidate
2019-10-08 20:57:11,092 [Thread-2545] INFO  impl.RoleInfo (RoleInfo.java:updateAndGet(143)) - 105b5466-f074-4557-a150-d437ba92de7c: start LeaderElection
2019-10-08 20:57:11,121 [105b5466-f074-4557-a150-d437ba92de7c@group-AAFE8919F370-LeaderElection95] INFO  impl.LeaderElection (LeaderElection.java:askForVotes(178)) - 105b5466-f074-4557-a150-d437ba92de7c@group-AAFE8919F370-LeaderElection95: begin an election at term 1 for -1: [26fb5415-fc41-4e82-8ddb-8a77e6c283f9:192.168.5.143:35912, 105b5466-f074-4557-a150-d437ba92de7c:192.168.5.143:43619, e52ae031-559f-4c9e-bebc-adcf9ddddd4c:192.168.5.143:44737], old=null
2019-10-08 20:57:11,125 [grpc-default-executor-7] INFO  impl.RaftServerImpl (RaftServerImpl.java:setRole(170)) - 26fb5415-fc41-4e82-8ddb-8a77e6c283f9@group-AAFE8919F370: changes role from  FOLLOWER to FOLLOWER at term 1 for recognizeCandidate:105b5466-f074-4557-a150-d437ba92de7c
2019-10-08 20:57:11,125 [grpc-default-executor-5] INFO  impl.RaftServerImpl (RaftServerImpl.java:setRole(170)) - e52ae031-559f-4c9e-bebc-adcf9ddddd4c@group-AAFE8919F370: changes role from  FOLLOWER to FOLLOWER at term 1 for recognizeCandidate:105b5466-f074-4557-a150-d437ba92de7c
2019-10-08 20:57:11,125 [grpc-default-executor-7] INFO  impl.RoleInfo (RoleInfo.java:shutdownFollowerState(121)) - 26fb5415-fc41-4e82-8ddb-8a77e6c283f9: shutdown FollowerState
2019-10-08 20:57:11,125 [grpc-default-executor-5] INFO  impl.RoleInfo (RoleInfo.java:shutdownFollowerState(121)) - e52ae031-559f-4c9e-bebc-adcf9ddddd4c: shutdown FollowerState
2019-10-08 20:57:11,125 [grpc-default-executor-7] INFO  impl.RoleInfo (RoleInfo.java:updateAndGet(143)) - 26fb5415-fc41-4e82-8ddb-8a77e6c283f9: start FollowerState
2019-10-08 20:57:11,125 [grpc-default-executor-5] INFO  impl.RoleInfo (RoleInfo.java:updateAndGet(143)) - e52ae031-559f-4c9e-bebc-adcf9ddddd4c: start FollowerState
2019-10-08 20:57:11,125 [Thread-2549] INFO  impl.FollowerState (FollowerState.java:run(117)) - 26fb5415-fc41-4e82-8ddb-8a77e6c283f9@group-AAFE8919F370-FollowerState was interrupted: java.lang.InterruptedException: sleep interrupted
2019-10-08 20:57:11,125 [Thread-2550] INFO  impl.FollowerState (FollowerState.java:run(117)) - e52ae031-559f-4c9e-bebc-adcf9ddddd4c@group-AAFE8919F370-FollowerState was interrupted: java.lang.InterruptedException: sleep interrupted
2019-10-08 20:57:11,151 [105b5466-f074-4557-a150-d437ba92de7c@group-AAFE8919F370-LeaderElection95] INFO  impl.LeaderElection (LeaderElection.java:logAndReturn(56)) - 105b5466-f074-4557-a150-d437ba92de7c@group-AAFE8919F370-LeaderElection95: Election PASSED; received 1 response(s) [105b5466-f074-4557-a150-d437ba92de7c<-e52ae031-559f-4c9e-bebc-adcf9ddddd4c#0:OK-t1] and 0 exception(s); 105b5466-f074-4557-a150-d437ba92de7c@group-AAFE8919F370:t1, leader=null, voted=105b5466-f074-4557-a150-d437ba92de7c, raftlog=105b5466-f074-4557-a150-d437ba92de7c@group-AAFE8919F370-SegmentedRaftLog:OPENED:c-1,f-1,i0, conf=-1: [26fb5415-fc41-4e82-8ddb-8a77e6c283f9:192.168.5.143:35912, 105b5466-f074-4557-a150-d437ba92de7c:192.168.5.143:43619, e52ae031-559f-4c9e-bebc-adcf9ddddd4c:192.168.5.143:44737], old=null
2019-10-08 20:57:11,152 [105b5466-f074-4557-a150-d437ba92de7c@group-AAFE8919F370-LeaderElection95] INFO  impl.RoleInfo (RoleInfo.java:shutdownLeaderElection(134)) - 105b5466-f074-4557-a150-d437ba92de7c: shutdown LeaderElection
2019-10-08 20:57:11,152 [105b5466-f074-4557-a150-d437ba92de7c@group-AAFE8919F370-LeaderElection95] INFO  impl.RaftServerImpl (RaftServerImpl.java:setRole(170)) - 105b5466-f074-4557-a150-d437ba92de7c@group-AAFE8919F370: changes role from CANDIDATE to LEADER at term 1 for changeToLeader
2019-10-08 20:57:11,152 [105b5466-f074-4557-a150-d437ba92de7c@group-AAFE8919F370-LeaderElection95] INFO  ratis.XceiverServerRatis (XceiverServerRatis.java:handleLeaderChangedNotification(702)) - Leader change notification received for group: group-AAFE8919F370 with new leaderId: 105b5466-f074-4557-a150-d437ba92de7c
2019-10-08 20:57:11,155 [105b5466-f074-4557-a150-d437ba92de7c@group-AAFE8919F370-LeaderElection95] INFO  impl.RaftServerImpl (ServerState.java:setLeader(255)) - 105b5466-f074-4557-a150-d437ba92de7c@group-AAFE8919F370: change Leader from null to 105b5466-f074-4557-a150-d437ba92de7c at term 1 for becomeLeader, leader elected after 5096ms
2019-10-08 20:57:11,155 [105b5466-f074-4557-a150-d437ba92de7c@group-AAFE8919F370-LeaderElection95] INFO  server.RaftServerConfigKeys (ConfUtils.java:logGet(43)) - raft.server.staging.catchup.gap = 1000 (default)
2019-10-08 20:57:11,155 [105b5466-f074-4557-a150-d437ba92de7c@group-AAFE8919F370-LeaderElection95] INFO  server.RaftServerConfigKeys (ConfUtils.java:logGet(43)) - raft.server.rpc.sleep.time = 25ms (default)
2019-10-08 20:57:11,156 [105b5466-f074-4557-a150-d437ba92de7c@group-AAFE8919F370-LeaderElection95] INFO  server.RaftServerConfigKeys (ConfUtils.java:logGet(43)) - raft.server.write.element-limit = 4096 (default)
2019-10-08 20:57:11,156 [105b5466-f074-4557-a150-d437ba92de7c@group-AAFE8919F370-LeaderElection95] INFO  server.RaftServerConfigKeys (ConfUtils.java:logGet(43)) - raft.server.watch.timeout = 10s (default)
2019-10-08 20:57:11,156 [105b5466-f074-4557-a150-d437ba92de7c@group-AAFE8919F370-LeaderElection95] INFO  server.RaftServerConfigKeys (ConfUtils.java:logGet(43)) - raft.server.watch.timeout.denomination = 1s (default)
2019-10-08 20:57:11,156 [105b5466-f074-4557-a150-d437ba92de7c@group-AAFE8919F370-LeaderElection95] INFO  server.RaftServerConfigKeys (ConfUtils.java:logGet(43)) - raft.server.watch.element-limit = 65536 (default)
2019-10-08 20:57:11,156 [EventQueue-PipelineReportForPipelineReportHandler] INFO  pipeline.PipelineReportHandler (PipelineReportHandler.java:processPipelineReport(121)) - Pipeline PipelineID=fb096e85-b233-443b-8e56-aafe8919f370 reported by 105b5466-f074-4557-a150-d437ba92de7c{ip: 192.168.5.143, host: pr-hdds-1868-gtwz2-575081100, networkLocation: /default-rack, certSerialId: null} with leaderId 105b5466-f074-4557-a150-d437ba92de7c
2019-10-08 20:57:11,157 [EventQueue-PipelineReportForPipelineReportHandler] INFO  pipeline.PipelineReportHandler (PipelineReportHandler.java:processPipelineReport(121)) - Pipeline PipelineID=dac9fa72-d1f8-414d-bb2c-e40afd378b55 reported by 105b5466-f074-4557-a150-d437ba92de7c{ip: 192.168.5.143, host: pr-hdds-1868-gtwz2-575081100, networkLocation: /default-rack, certSerialId: null} with leaderId 
2019-10-08 20:57:11,157 [EventQueue-PipelineReportForPipelineReportHandler] INFO  pipeline.PipelineStateManager (PipelineStateManager.java:openPipeline(136)) - Pipeline Pipeline[ Id: dac9fa72-d1f8-414d-bb2c-e40afd378b55, Nodes: 105b5466-f074-4557-a150-d437ba92de7c{ip: 192.168.5.143, host: pr-hdds-1868-gtwz2-575081100, networkLocation: /default-rack, certSerialId: null}, Type:RATIS, Factor:ONE, State:OPEN] moved to OPEN state
2019-10-08 20:57:11,158 [105b5466-f074-4557-a150-d437ba92de7c@group-AAFE8919F370-LeaderElection95] INFO  server.RaftServerConfigKeys (ConfUtils.java:logGet(43)) - raft.server.log.appender.snapshot.chunk.size.max = 16MB (=16777216) (default)
2019-10-08 20:57:11,159 [105b5466-f074-4557-a150-d437ba92de7c@group-AAFE8919F370-LeaderElection95] INFO  server.RaftServerConfigKeys (ConfUtils.java:logGet(43)) - raft.server.log.appender.buffer.byte-limit = 33554432 (custom)
2019-10-08 20:57:11,159 [105b5466-f074-4557-a150-d437ba92de7c@group-AAFE8919F370-LeaderElection95] INFO  server.RaftServerConfigKeys (ConfUtils.java:logGet(43)) - raft.server.log.appender.buffer.element-limit = 1 (custom)
2019-10-08 20:57:11,159 [105b5466-f074-4557-a150-d437ba92de7c@group-AAFE8919F370-LeaderElection95] INFO  grpc.GrpcConfigKeys$Server (ConfUtils.java:logGet(43)) - raft.grpc.server.leader.outstanding.appends.max = 128 (default)
2019-10-08 20:57:11,159 [105b5466-f074-4557-a150-d437ba92de7c@group-AAFE8919F370-LeaderElection95] INFO  server.RaftServerConfigKeys (ConfUtils.java:logGet(43)) - raft.server.rpc.request.timeout = 3000ms (default)
2019-10-08 20:57:11,160 [105b5466-f074-4557-a150-d437ba92de7c@group-AAFE8919F370-LeaderElection95] INFO  server.RaftServerConfigKeys (ConfUtils.java:logGet(43)) - raft.server.log.appender.install.snapshot.enabled = false (custom)
2019-10-08 20:57:11,160 [105b5466-f074-4557-a150-d437ba92de7c@group-AAFE8919F370-LeaderElection95] INFO  server.RaftServerConfigKeys (ConfUtils.java:logGet(43)) - raft.server.log.appender.snapshot.chunk.size.max = 16MB (=16777216) (default)
2019-10-08 20:57:11,160 [105b5466-f074-4557-a150-d437ba92de7c@group-AAFE8919F370-LeaderElection95] INFO  server.RaftServerConfigKeys (ConfUtils.java:logGet(43)) - raft.server.log.appender.buffer.byte-limit = 33554432 (custom)
2019-10-08 20:57:11,160 [105b5466-f074-4557-a150-d437ba92de7c@group-AAFE8919F370-LeaderElection95] INFO  server.RaftServerConfigKeys (ConfUtils.java:logGet(43)) - raft.server.log.appender.buffer.element-limit = 1 (custom)
2019-10-08 20:57:11,161 [105b5466-f074-4557-a150-d437ba92de7c@group-AAFE8919F370-LeaderElection95] INFO  grpc.GrpcConfigKeys$Server (ConfUtils.java:logGet(43)) - raft.grpc.server.leader.outstanding.appends.max = 128 (default)
2019-10-08 20:57:11,161 [105b5466-f074-4557-a150-d437ba92de7c@group-AAFE8919F370-LeaderElection95] INFO  server.RaftServerConfigKeys (ConfUtils.java:logGet(43)) - raft.server.rpc.request.timeout = 3000ms (default)
2019-10-08 20:57:11,161 [105b5466-f074-4557-a150-d437ba92de7c@group-AAFE8919F370-LeaderElection95] INFO  server.RaftServerConfigKeys (ConfUtils.java:logGet(43)) - raft.server.log.appender.install.snapshot.enabled = false (custom)
2019-10-08 20:57:11,161 [105b5466-f074-4557-a150-d437ba92de7c@group-AAFE8919F370-LeaderElection95] INFO  impl.RoleInfo (RoleInfo.java:updateAndGet(143)) - 105b5466-f074-4557-a150-d437ba92de7c: start LeaderState
2019-10-08 20:57:11,162 [105b5466-f074-4557-a150-d437ba92de7c@group-AAFE8919F370-LeaderElection95] INFO  segmented.SegmentedRaftLogWorker (SegmentedRaftLogWorker.java:startLogSegment(385)) - 105b5466-f074-4557-a150-d437ba92de7c@group-AAFE8919F370-SegmentedRaftLogWorker: Starting segment from index:0
2019-10-08 20:57:11,163 [105b5466-f074-4557-a150-d437ba92de7c@group-AAFE8919F370-LeaderElection95] INFO  impl.RaftServerImpl (ServerState.java:setRaftConf(356)) - 105b5466-f074-4557-a150-d437ba92de7c@group-AAFE8919F370: set configuration 0: [26fb5415-fc41-4e82-8ddb-8a77e6c283f9:192.168.5.143:35912, 105b5466-f074-4557-a150-d437ba92de7c:192.168.5.143:43619, e52ae031-559f-4c9e-bebc-adcf9ddddd4c:192.168.5.143:44737], old=null at 0
2019-10-08 20:57:11,196 [grpc-default-executor-7] INFO  ratis.XceiverServerRatis (XceiverServerRatis.java:handleLeaderChangedNotification(702)) - Leader change notification received for group: group-AAFE8919F370 with new leaderId: 105b5466-f074-4557-a150-d437ba92de7c
2019-10-08 20:57:11,196 [grpc-default-executor-7] INFO  impl.RaftServerImpl (ServerState.java:setLeader(255)) - 26fb5415-fc41-4e82-8ddb-8a77e6c283f9@group-AAFE8919F370: change Leader from null to 105b5466-f074-4557-a150-d437ba92de7c at term 1 for appendEntries, leader elected after 5139ms
2019-10-08 20:57:11,196 [grpc-default-executor-5] INFO  ratis.XceiverServerRatis (XceiverServerRatis.java:handleLeaderChangedNotification(702)) - Leader change notification received for group: group-AAFE8919F370 with new leaderId: 105b5466-f074-4557-a150-d437ba92de7c
2019-10-08 20:57:11,198 [grpc-default-executor-5] INFO  impl.RaftServerImpl (ServerState.java:setLeader(255)) - e52ae031-559f-4c9e-bebc-adcf9ddddd4c@group-AAFE8919F370: change Leader from null to 105b5466-f074-4557-a150-d437ba92de7c at term 1 for appendEntries, leader elected after 5140ms
2019-10-08 20:57:11,201 [EventQueue-PipelineReportForPipelineReportHandler] INFO  pipeline.PipelineReportHandler (PipelineReportHandler.java:processPipelineReport(121)) - Pipeline PipelineID=fb096e85-b233-443b-8e56-aafe8919f370 reported by 26fb5415-fc41-4e82-8ddb-8a77e6c283f9{ip: 192.168.5.143, host: pr-hdds-1868-gtwz2-575081100, networkLocation: /default-rack, certSerialId: null} with leaderId 105b5466-f074-4557-a150-d437ba92de7c
2019-10-08 20:57:11,202 [EventQueue-PipelineReportForPipelineReportHandler] INFO  pipeline.PipelineReportHandler (PipelineReportHandler.java:processPipelineReport(121)) - Pipeline PipelineID=fb096e85-b233-443b-8e56-aafe8919f370 reported by e52ae031-559f-4c9e-bebc-adcf9ddddd4c{ip: 192.168.5.143, host: pr-hdds-1868-gtwz2-575081100, networkLocation: /default-rack, certSerialId: null} with leaderId 105b5466-f074-4557-a150-d437ba92de7c
2019-10-08 20:57:11,202 [EventQueue-PipelineReportForPipelineReportHandler] INFO  pipeline.PipelineStateManager (PipelineStateManager.java:openPipeline(136)) - Pipeline Pipeline[ Id: fb096e85-b233-443b-8e56-aafe8919f370, Nodes: 105b5466-f074-4557-a150-d437ba92de7c{ip: 192.168.5.143, host: pr-hdds-1868-gtwz2-575081100, networkLocation: /default-rack, certSerialId: null}e52ae031-559f-4c9e-bebc-adcf9ddddd4c{ip: 192.168.5.143, host: pr-hdds-1868-gtwz2-575081100, networkLocation: /default-rack, certSerialId: null}26fb5415-fc41-4e82-8ddb-8a77e6c283f9{ip: 192.168.5.143, host: pr-hdds-1868-gtwz2-575081100, networkLocation: /default-rack, certSerialId: null}, Type:RATIS, Factor:THREE, State:OPEN] moved to OPEN state
2019-10-08 20:57:11,204 [grpc-default-executor-5] INFO  impl.RaftServerImpl (ServerState.java:setRaftConf(356)) - 26fb5415-fc41-4e82-8ddb-8a77e6c283f9@group-AAFE8919F370: set configuration 0: [26fb5415-fc41-4e82-8ddb-8a77e6c283f9:192.168.5.143:35912, 105b5466-f074-4557-a150-d437ba92de7c:192.168.5.143:43619, e52ae031-559f-4c9e-bebc-adcf9ddddd4c:192.168.5.143:44737], old=null at 0
2019-10-08 20:57:11,206 [grpc-default-executor-7] INFO  impl.RaftServerImpl (ServerState.java:setRaftConf(356)) - e52ae031-559f-4c9e-bebc-adcf9ddddd4c@group-AAFE8919F370: set configuration 0: [26fb5415-fc41-4e82-8ddb-8a77e6c283f9:192.168.5.143:35912, 105b5466-f074-4557-a150-d437ba92de7c:192.168.5.143:43619, e52ae031-559f-4c9e-bebc-adcf9ddddd4c:192.168.5.143:44737], old=null at 0
2019-10-08 20:57:11,206 [105b5466-f074-4557-a150-d437ba92de7c@group-AAFE8919F370-SegmentedRaftLogWorker] INFO  segmented.SegmentedRaftLogWorker (SegmentedRaftLogWorker.java:execute(576)) - 105b5466-f074-4557-a150-d437ba92de7c@group-AAFE8919F370-SegmentedRaftLogWorker: created new log segment /workdir/hadoop-ozone/integration-test/target/test-dir/MiniOzoneClusterImpl-556ae367-a76f-437b-9cdb-d0d311a5222a/datanode-5/data/ratis/fb096e85-b233-443b-8e56-aafe8919f370/current/log_inprogress_0
2019-10-08 20:57:11,207 [grpc-default-executor-7] INFO  segmented.SegmentedRaftLogWorker (SegmentedRaftLogWorker.java:startLogSegment(385)) - e52ae031-559f-4c9e-bebc-adcf9ddddd4c@group-AAFE8919F370-SegmentedRaftLogWorker: Starting segment from index:0
2019-10-08 20:57:11,206 [grpc-default-executor-5] INFO  segmented.SegmentedRaftLogWorker (SegmentedRaftLogWorker.java:startLogSegment(385)) - 26fb5415-fc41-4e82-8ddb-8a77e6c283f9@group-AAFE8919F370-SegmentedRaftLogWorker: Starting segment from index:0
2019-10-08 20:57:11,248 [26fb5415-fc41-4e82-8ddb-8a77e6c283f9@group-AAFE8919F370-SegmentedRaftLogWorker] INFO  segmented.SegmentedRaftLogWorker (SegmentedRaftLogWorker.java:execute(576)) - 26fb5415-fc41-4e82-8ddb-8a77e6c283f9@group-AAFE8919F370-SegmentedRaftLogWorker: created new log segment /workdir/hadoop-ozone/integration-test/target/test-dir/MiniOzoneClusterImpl-556ae367-a76f-437b-9cdb-d0d311a5222a/datanode-6/data/ratis/fb096e85-b233-443b-8e56-aafe8919f370/current/log_inprogress_0
2019-10-08 20:57:11,248 [e52ae031-559f-4c9e-bebc-adcf9ddddd4c@group-AAFE8919F370-SegmentedRaftLogWorker] INFO  segmented.SegmentedRaftLogWorker (SegmentedRaftLogWorker.java:execute(576)) - e52ae031-559f-4c9e-bebc-adcf9ddddd4c@group-AAFE8919F370-SegmentedRaftLogWorker: created new log segment /workdir/hadoop-ozone/integration-test/target/test-dir/MiniOzoneClusterImpl-556ae367-a76f-437b-9cdb-d0d311a5222a/datanode-3/data/ratis/fb096e85-b233-443b-8e56-aafe8919f370/current/log_inprogress_0
2019-10-08 20:57:11,256 [Thread-2555] INFO  impl.FollowerState (FollowerState.java:run(108)) - 82f183d4-07ec-425f-8671-68fc3d628492@group-684ECEDFE1EB-FollowerState: change to CANDIDATE, lastRpcTime:5109ms, electionTimeout:5109ms
2019-10-08 20:57:11,256 [Thread-2555] INFO  impl.RoleInfo (RoleInfo.java:shutdownFollowerState(121)) - 82f183d4-07ec-425f-8671-68fc3d628492: shutdown FollowerState
2019-10-08 20:57:11,256 [Thread-2555] INFO  impl.RaftServerImpl (RaftServerImpl.java:setRole(170)) - 82f183d4-07ec-425f-8671-68fc3d628492@group-684ECEDFE1EB: changes role from  FOLLOWER to CANDIDATE at term 0 for changeToCandidate
2019-10-08 20:57:11,256 [Thread-2555] INFO  impl.RoleInfo (RoleInfo.java:updateAndGet(143)) - 82f183d4-07ec-425f-8671-68fc3d628492: start LeaderElection
2019-10-08 20:57:11,273 [82f183d4-07ec-425f-8671-68fc3d628492@group-684ECEDFE1EB-LeaderElection96] INFO  impl.LeaderElection (LeaderElection.java:askForVotes(178)) - 82f183d4-07ec-425f-8671-68fc3d628492@group-684ECEDFE1EB-LeaderElection96: begin an election at term 1 for -1: [82f183d4-07ec-425f-8671-68fc3d628492:192.168.5.143:41289], old=null
2019-10-08 20:57:11,273 [82f183d4-07ec-425f-8671-68fc3d628492@group-684ECEDFE1EB-LeaderElection96] INFO  impl.RoleInfo (RoleInfo.java:shutdownLeaderElection(134)) - 82f183d4-07ec-425f-8671-68fc3d628492: shutdown LeaderElection
2019-10-08 20:57:11,273 [82f183d4-07ec-425f-8671-68fc3d628492@group-684ECEDFE1EB-LeaderElection96] INFO  impl.RaftServerImpl (RaftServerImpl.java:setRole(170)) - 82f183d4-07ec-425f-8671-68fc3d628492@group-684ECEDFE1EB: changes role from CANDIDATE to LEADER at term 1 for changeToLeader
2019-10-08 20:57:11,274 [82f183d4-07ec-425f-8671-68fc3d628492@group-684ECEDFE1EB-LeaderElection96] INFO  ratis.XceiverServerRatis (XceiverServerRatis.java:handleLeaderChangedNotification(702)) - Leader change notification received for group: group-684ECEDFE1EB with new leaderId: 82f183d4-07ec-425f-8671-68fc3d628492
2019-10-08 20:57:11,274 [82f183d4-07ec-425f-8671-68fc3d628492@group-684ECEDFE1EB-LeaderElection96] INFO  impl.RaftServerImpl (ServerState.java:setLeader(255)) - 82f183d4-07ec-425f-8671-68fc3d628492@group-684ECEDFE1EB: change Leader from null to 82f183d4-07ec-425f-8671-68fc3d628492 at term 1 for becomeLeader, leader elected after 5133ms
2019-10-08 20:57:11,274 [82f183d4-07ec-425f-8671-68fc3d628492@group-684ECEDFE1EB-LeaderElection96] INFO  server.RaftServerConfigKeys (ConfUtils.java:logGet(43)) - raft.server.staging.catchup.gap = 1000 (default)
2019-10-08 20:57:11,275 [82f183d4-07ec-425f-8671-68fc3d628492@group-684ECEDFE1EB-LeaderElection96] INFO  server.RaftServerConfigKeys (ConfUtils.java:logGet(43)) - raft.server.rpc.sleep.time = 25ms (default)
2019-10-08 20:57:11,275 [82f183d4-07ec-425f-8671-68fc3d628492@group-684ECEDFE1EB-LeaderElection96] INFO  server.RaftServerConfigKeys (ConfUtils.java:logGet(43)) - raft.server.write.element-limit = 4096 (default)
2019-10-08 20:57:11,275 [82f183d4-07ec-425f-8671-68fc3d628492@group-684ECEDFE1EB-LeaderElection96] INFO  server.RaftServerConfigKeys (ConfUtils.java:logGet(43)) - raft.server.watch.timeout = 10s (default)
2019-10-08 20:57:11,275 [82f183d4-07ec-425f-8671-68fc3d628492@group-684ECEDFE1EB-LeaderElection96] INFO  server.RaftServerConfigKeys (ConfUtils.java:logGet(43)) - raft.server.watch.timeout.denomination = 1s (default)
2019-10-08 20:57:11,275 [82f183d4-07ec-425f-8671-68fc3d628492@group-684ECEDFE1EB-LeaderElection96] INFO  server.RaftServerConfigKeys (ConfUtils.java:logGet(43)) - raft.server.watch.element-limit = 65536 (default)
2019-10-08 20:57:11,276 [Thread-2563] INFO  impl.FollowerState (FollowerState.java:run(108)) - 105b5466-f074-4557-a150-d437ba92de7c@group-E40AFD378B55-FollowerState: change to CANDIDATE, lastRpcTime:5007ms, electionTimeout:5007ms
2019-10-08 20:57:11,276 [Thread-2563] INFO  impl.RoleInfo (RoleInfo.java:shutdownFollowerState(121)) - 105b5466-f074-4557-a150-d437ba92de7c: shutdown FollowerState
2019-10-08 20:57:11,276 [Thread-2563] INFO  impl.RaftServerImpl (RaftServerImpl.java:setRole(170)) - 105b5466-f074-4557-a150-d437ba92de7c@group-E40AFD378B55: changes role from  FOLLOWER to CANDIDATE at term 0 for changeToCandidate
2019-10-08 20:57:11,276 [Thread-2563] INFO  impl.RoleInfo (RoleInfo.java:updateAndGet(143)) - 105b5466-f074-4557-a150-d437ba92de7c: start LeaderElection
2019-10-08 20:57:11,282 [82f183d4-07ec-425f-8671-68fc3d628492@group-684ECEDFE1EB-LeaderElection96] INFO  impl.RoleInfo (RoleInfo.java:updateAndGet(143)) - 82f183d4-07ec-425f-8671-68fc3d628492: start LeaderState
2019-10-08 20:57:11,283 [82f183d4-07ec-425f-8671-68fc3d628492@group-684ECEDFE1EB-LeaderElection96] INFO  segmented.SegmentedRaftLogWorker (SegmentedRaftLogWorker.java:startLogSegment(385)) - 82f183d4-07ec-425f-8671-68fc3d628492@group-684ECEDFE1EB-SegmentedRaftLogWorker: Starting segment from index:0
2019-10-08 20:57:11,283 [82f183d4-07ec-425f-8671-68fc3d628492@group-684ECEDFE1EB-LeaderElection96] INFO  impl.RaftServerImpl (ServerState.java:setRaftConf(356)) - 82f183d4-07ec-425f-8671-68fc3d628492@group-684ECEDFE1EB: set configuration 0: [82f183d4-07ec-425f-8671-68fc3d628492:192.168.5.143:41289], old=null at 0
2019-10-08 20:57:11,308 [Thread-2559] INFO  impl.FollowerState (FollowerState.java:run(108)) - 77669bea-7134-4f0c-9cba-616192485f28@group-0F79DC0CC1F7-FollowerState: change to CANDIDATE, lastRpcTime:5095ms, electionTimeout:5089ms
2019-10-08 20:57:11,308 [Thread-2559] INFO  impl.RoleInfo (RoleInfo.java:shutdownFollowerState(121)) - 77669bea-7134-4f0c-9cba-616192485f28: shutdown FollowerState
2019-10-08 20:57:11,308 [105b5466-f074-4557-a150-d437ba92de7c@group-E40AFD378B55-LeaderElection97] INFO  impl.LeaderElection (LeaderElection.java:askForVotes(178)) - 105b5466-f074-4557-a150-d437ba92de7c@group-E40AFD378B55-LeaderElection97: begin an election at term 1 for -1: [105b5466-f074-4557-a150-d437ba92de7c:192.168.5.143:43619], old=null
2019-10-08 20:57:11,308 [Thread-2559] INFO  impl.RaftServerImpl (RaftServerImpl.java:setRole(170)) - 77669bea-7134-4f0c-9cba-616192485f28@group-0F79DC0CC1F7: changes role from  FOLLOWER to CANDIDATE at term 0 for changeToCandidate
2019-10-08 20:57:11,308 [105b5466-f074-4557-a150-d437ba92de7c@group-E40AFD378B55-LeaderElection97] INFO  impl.RoleInfo (RoleInfo.java:shutdownLeaderElection(134)) - 105b5466-f074-4557-a150-d437ba92de7c: shutdown LeaderElection
2019-10-08 20:57:11,308 [Thread-2559] INFO  impl.RoleInfo (RoleInfo.java:updateAndGet(143)) - 77669bea-7134-4f0c-9cba-616192485f28: start LeaderElection
2019-10-08 20:57:11,309 [105b5466-f074-4557-a150-d437ba92de7c@group-E40AFD378B55-LeaderElection97] INFO  impl.RaftServerImpl (RaftServerImpl.java:setRole(170)) - 105b5466-f074-4557-a150-d437ba92de7c@group-E40AFD378B55: changes role from CANDIDATE to LEADER at term 1 for changeToLeader
2019-10-08 20:57:11,309 [105b5466-f074-4557-a150-d437ba92de7c@group-E40AFD378B55-LeaderElection97] INFO  ratis.XceiverServerRatis (XceiverServerRatis.java:handleLeaderChangedNotification(702)) - Leader change notification received for group: group-E40AFD378B55 with new leaderId: 105b5466-f074-4557-a150-d437ba92de7c
2019-10-08 20:57:11,309 [105b5466-f074-4557-a150-d437ba92de7c@group-E40AFD378B55-LeaderElection97] INFO  impl.RaftServerImpl (ServerState.java:setLeader(255)) - 105b5466-f074-4557-a150-d437ba92de7c@group-E40AFD378B55: change Leader from null to 105b5466-f074-4557-a150-d437ba92de7c at term 1 for becomeLeader, leader elected after 5044ms
2019-10-08 20:57:11,312 [105b5466-f074-4557-a150-d437ba92de7c@group-E40AFD378B55-LeaderElection97] INFO  server.RaftServerConfigKeys (ConfUtils.java:logGet(43)) - raft.server.staging.catchup.gap = 1000 (default)
2019-10-08 20:57:11,312 [105b5466-f074-4557-a150-d437ba92de7c@group-E40AFD378B55-LeaderElection97] INFO  server.RaftServerConfigKeys (ConfUtils.java:logGet(43)) - raft.server.rpc.sleep.time = 25ms (default)
2019-10-08 20:57:11,312 [105b5466-f074-4557-a150-d437ba92de7c@group-E40AFD378B55-LeaderElection97] INFO  server.RaftServerConfigKeys (ConfUtils.java:logGet(43)) - raft.server.write.element-limit = 4096 (default)
2019-10-08 20:57:11,312 [105b5466-f074-4557-a150-d437ba92de7c@group-E40AFD378B55-LeaderElection97] INFO  server.RaftServerConfigKeys (ConfUtils.java:logGet(43)) - raft.server.watch.timeout = 10s (default)
2019-10-08 20:57:11,312 [105b5466-f074-4557-a150-d437ba92de7c@group-E40AFD378B55-LeaderElection97] INFO  server.RaftServerConfigKeys (ConfUtils.java:logGet(43)) - raft.server.watch.timeout.denomination = 1s (default)
2019-10-08 20:57:11,312 [105b5466-f074-4557-a150-d437ba92de7c@group-E40AFD378B55-LeaderElection97] INFO  server.RaftServerConfigKeys (ConfUtils.java:logGet(43)) - raft.server.watch.element-limit = 65536 (default)
2019-10-08 20:57:11,314 [105b5466-f074-4557-a150-d437ba92de7c@group-E40AFD378B55-LeaderElection97] INFO  impl.RoleInfo (RoleInfo.java:updateAndGet(143)) - 105b5466-f074-4557-a150-d437ba92de7c: start LeaderState
2019-10-08 20:57:11,314 [105b5466-f074-4557-a150-d437ba92de7c@group-E40AFD378B55-LeaderElection97] INFO  segmented.SegmentedRaftLogWorker (SegmentedRaftLogWorker.java:startLogSegment(385)) - 105b5466-f074-4557-a150-d437ba92de7c@group-E40AFD378B55-SegmentedRaftLogWorker: Starting segment from index:0
2019-10-08 20:57:11,314 [105b5466-f074-4557-a150-d437ba92de7c@group-E40AFD378B55-LeaderElection97] INFO  impl.RaftServerImpl (ServerState.java:setRaftConf(356)) - 105b5466-f074-4557-a150-d437ba92de7c@group-E40AFD378B55: set configuration 0: [105b5466-f074-4557-a150-d437ba92de7c:192.168.5.143:43619], old=null at 0
2019-10-08 20:57:11,342 [82f183d4-07ec-425f-8671-68fc3d628492@group-684ECEDFE1EB-SegmentedRaftLogWorker] INFO  segmented.SegmentedRaftLogWorker (SegmentedRaftLogWorker.java:execute(576)) - 82f183d4-07ec-425f-8671-68fc3d628492@group-684ECEDFE1EB-SegmentedRaftLogWorker: created new log segment /workdir/hadoop-ozone/integration-test/target/test-dir/MiniOzoneClusterImpl-556ae367-a76f-437b-9cdb-d0d311a5222a/datanode-4/data/ratis/711a3822-58b1-4341-9b95-684ecedfe1eb/current/log_inprogress_0
2019-10-08 20:57:11,343 [77669bea-7134-4f0c-9cba-616192485f28@group-0F79DC0CC1F7-LeaderElection98] INFO  impl.LeaderElection (LeaderElection.java:askForVotes(178)) - 77669bea-7134-4f0c-9cba-616192485f28@group-0F79DC0CC1F7-LeaderElection98: begin an election at term 1 for -1: [77669bea-7134-4f0c-9cba-616192485f28:192.168.5.143:33214], old=null
2019-10-08 20:57:11,343 [77669bea-7134-4f0c-9cba-616192485f28@group-0F79DC0CC1F7-LeaderElection98] INFO  impl.RoleInfo (RoleInfo.java:shutdownLeaderElection(134)) - 77669bea-7134-4f0c-9cba-616192485f28: shutdown LeaderElection
2019-10-08 20:57:11,343 [77669bea-7134-4f0c-9cba-616192485f28@group-0F79DC0CC1F7-LeaderElection98] INFO  impl.RaftServerImpl (RaftServerImpl.java:setRole(170)) - 77669bea-7134-4f0c-9cba-616192485f28@group-0F79DC0CC1F7: changes role from CANDIDATE to LEADER at term 1 for changeToLeader
2019-10-08 20:57:11,343 [77669bea-7134-4f0c-9cba-616192485f28@group-0F79DC0CC1F7-LeaderElection98] INFO  ratis.XceiverServerRatis (XceiverServerRatis.java:handleLeaderChangedNotification(702)) - Leader change notification received for group: group-0F79DC0CC1F7 with new leaderId: 77669bea-7134-4f0c-9cba-616192485f28
2019-10-08 20:57:11,346 [77669bea-7134-4f0c-9cba-616192485f28@group-0F79DC0CC1F7-LeaderElection98] INFO  impl.RaftServerImpl (ServerState.java:setLeader(255)) - 77669bea-7134-4f0c-9cba-616192485f28@group-0F79DC0CC1F7: change Leader from null to 77669bea-7134-4f0c-9cba-616192485f28 at term 1 for becomeLeader, leader elected after 5136ms
2019-10-08 20:57:11,346 [77669bea-7134-4f0c-9cba-616192485f28@group-0F79DC0CC1F7-LeaderElection98] INFO  server.RaftServerConfigKeys (ConfUtils.java:logGet(43)) - raft.server.staging.catchup.gap = 1000 (default)
2019-10-08 20:57:11,346 [77669bea-7134-4f0c-9cba-616192485f28@group-0F79DC0CC1F7-LeaderElection98] INFO  server.RaftServerConfigKeys (ConfUtils.java:logGet(43)) - raft.server.rpc.sleep.time = 25ms (default)
2019-10-08 20:57:11,347 [77669bea-7134-4f0c-9cba-616192485f28@group-0F79DC0CC1F7-LeaderElection98] INFO  server.RaftServerConfigKeys (ConfUtils.java:logGet(43)) - raft.server.write.element-limit = 4096 (default)
2019-10-08 20:57:11,347 [77669bea-7134-4f0c-9cba-616192485f28@group-0F79DC0CC1F7-LeaderElection98] INFO  server.RaftServerConfigKeys (ConfUtils.java:logGet(43)) - raft.server.watch.timeout = 10s (default)
2019-10-08 20:57:11,347 [77669bea-7134-4f0c-9cba-616192485f28@group-0F79DC0CC1F7-LeaderElection98] INFO  server.RaftServerConfigKeys (ConfUtils.java:logGet(43)) - raft.server.watch.timeout.denomination = 1s (default)
2019-10-08 20:57:11,347 [77669bea-7134-4f0c-9cba-616192485f28@group-0F79DC0CC1F7-LeaderElection98] INFO  server.RaftServerConfigKeys (ConfUtils.java:logGet(43)) - raft.server.watch.element-limit = 65536 (default)
2019-10-08 20:57:11,347 [EventQueue-PipelineReportForPipelineReportHandler] INFO  pipeline.PipelineReportHandler (PipelineReportHandler.java:processPipelineReport(121)) - Pipeline PipelineID=95ebeefe-1d8f-4f07-8fb8-0f79dc0cc1f7 reported by 77669bea-7134-4f0c-9cba-616192485f28{ip: 192.168.5.143, host: pr-hdds-1868-gtwz2-575081100, networkLocation: /default-rack, certSerialId: null} with leaderId 77669bea-7134-4f0c-9cba-616192485f28
2019-10-08 20:57:11,347 [EventQueue-PipelineReportForPipelineReportHandler] INFO  pipeline.PipelineStateManager (PipelineStateManager.java:openPipeline(136)) - Pipeline Pipeline[ Id: 95ebeefe-1d8f-4f07-8fb8-0f79dc0cc1f7, Nodes: 77669bea-7134-4f0c-9cba-616192485f28{ip: 192.168.5.143, host: pr-hdds-1868-gtwz2-575081100, networkLocation: /default-rack, certSerialId: null}, Type:RATIS, Factor:ONE, State:OPEN] moved to OPEN state
2019-10-08 20:57:11,348 [77669bea-7134-4f0c-9cba-616192485f28@group-0F79DC0CC1F7-LeaderElection98] INFO  impl.RoleInfo (RoleInfo.java:updateAndGet(143)) - 77669bea-7134-4f0c-9cba-616192485f28: start LeaderState
2019-10-08 20:57:11,349 [77669bea-7134-4f0c-9cba-616192485f28@group-0F79DC0CC1F7-LeaderElection98] INFO  segmented.SegmentedRaftLogWorker (SegmentedRaftLogWorker.java:startLogSegment(385)) - 77669bea-7134-4f0c-9cba-616192485f28@group-0F79DC0CC1F7-SegmentedRaftLogWorker: Starting segment from index:0
2019-10-08 20:57:11,349 [77669bea-7134-4f0c-9cba-616192485f28@group-0F79DC0CC1F7-LeaderElection98] INFO  impl.RaftServerImpl (ServerState.java:setRaftConf(356)) - 77669bea-7134-4f0c-9cba-616192485f28@group-0F79DC0CC1F7: set configuration 0: [77669bea-7134-4f0c-9cba-616192485f28:192.168.5.143:33214], old=null at 0
2019-10-08 20:57:11,377 [Thread-2567] INFO  impl.FollowerState (FollowerState.java:run(108)) - afc9e438-6b36-4ab1-bd79-7c4996d73e80@group-309E89B3BE6A-FollowerState: change to CANDIDATE, lastRpcTime:5051ms, electionTimeout:5026ms
2019-10-08 20:57:11,377 [105b5466-f074-4557-a150-d437ba92de7c@group-E40AFD378B55-SegmentedRaftLogWorker] INFO  segmented.SegmentedRaftLogWorker (SegmentedRaftLogWorker.java:execute(576)) - 105b5466-f074-4557-a150-d437ba92de7c@group-E40AFD378B55-SegmentedRaftLogWorker: created new log segment /workdir/hadoop-ozone/integration-test/target/test-dir/MiniOzoneClusterImpl-556ae367-a76f-437b-9cdb-d0d311a5222a/datanode-5/data/ratis/dac9fa72-d1f8-414d-bb2c-e40afd378b55/current/log_inprogress_0
2019-10-08 20:57:11,377 [Thread-2567] INFO  impl.RoleInfo (RoleInfo.java:shutdownFollowerState(121)) - afc9e438-6b36-4ab1-bd79-7c4996d73e80: shutdown FollowerState
2019-10-08 20:57:11,378 [Thread-2567] INFO  impl.RaftServerImpl (RaftServerImpl.java:setRole(170)) - afc9e438-6b36-4ab1-bd79-7c4996d73e80@group-309E89B3BE6A: changes role from  FOLLOWER to CANDIDATE at term 0 for changeToCandidate
2019-10-08 20:57:11,378 [Thread-2567] INFO  impl.RoleInfo (RoleInfo.java:updateAndGet(143)) - afc9e438-6b36-4ab1-bd79-7c4996d73e80: start LeaderElection
2019-10-08 20:57:11,390 [77669bea-7134-4f0c-9cba-616192485f28@group-0F79DC0CC1F7-SegmentedRaftLogWorker] INFO  segmented.SegmentedRaftLogWorker (SegmentedRaftLogWorker.java:execute(576)) - 77669bea-7134-4f0c-9cba-616192485f28@group-0F79DC0CC1F7-SegmentedRaftLogWorker: created new log segment /workdir/hadoop-ozone/integration-test/target/test-dir/MiniOzoneClusterImpl-556ae367-a76f-437b-9cdb-d0d311a5222a/datanode-2/data/ratis/95ebeefe-1d8f-4f07-8fb8-0f79dc0cc1f7/current/log_inprogress_0
2019-10-08 20:57:11,390 [afc9e438-6b36-4ab1-bd79-7c4996d73e80@group-309E89B3BE6A-LeaderElection99] INFO  impl.LeaderElection (LeaderElection.java:askForVotes(178)) - afc9e438-6b36-4ab1-bd79-7c4996d73e80@group-309E89B3BE6A-LeaderElection99: begin an election at term 1 for -1: [afc9e438-6b36-4ab1-bd79-7c4996d73e80:192.168.5.143:37825], old=null
2019-10-08 20:57:11,390 [afc9e438-6b36-4ab1-bd79-7c4996d73e80@group-309E89B3BE6A-LeaderElection99] INFO  impl.RoleInfo (RoleInfo.java:shutdownLeaderElection(134)) - afc9e438-6b36-4ab1-bd79-7c4996d73e80: shutdown LeaderElection
2019-10-08 20:57:11,390 [afc9e438-6b36-4ab1-bd79-7c4996d73e80@group-309E89B3BE6A-LeaderElection99] INFO  impl.RaftServerImpl (RaftServerImpl.java:setRole(170)) - afc9e438-6b36-4ab1-bd79-7c4996d73e80@group-309E89B3BE6A: changes role from CANDIDATE to LEADER at term 1 for changeToLeader
2019-10-08 20:57:11,390 [afc9e438-6b36-4ab1-bd79-7c4996d73e80@group-309E89B3BE6A-LeaderElection99] INFO  ratis.XceiverServerRatis (XceiverServerRatis.java:handleLeaderChangedNotification(702)) - Leader change notification received for group: group-309E89B3BE6A with new leaderId: afc9e438-6b36-4ab1-bd79-7c4996d73e80
2019-10-08 20:57:11,390 [afc9e438-6b36-4ab1-bd79-7c4996d73e80@group-309E89B3BE6A-LeaderElection99] INFO  impl.RaftServerImpl (ServerState.java:setLeader(255)) - afc9e438-6b36-4ab1-bd79-7c4996d73e80@group-309E89B3BE6A: change Leader from null to afc9e438-6b36-4ab1-bd79-7c4996d73e80 at term 1 for becomeLeader, leader elected after 5070ms
2019-10-08 20:57:11,391 [afc9e438-6b36-4ab1-bd79-7c4996d73e80@group-309E89B3BE6A-LeaderElection99] INFO  server.RaftServerConfigKeys (ConfUtils.java:logGet(43)) - raft.server.staging.catchup.gap = 1000 (default)
2019-10-08 20:57:11,391 [afc9e438-6b36-4ab1-bd79-7c4996d73e80@group-309E89B3BE6A-LeaderElection99] INFO  server.RaftServerConfigKeys (ConfUtils.java:logGet(43)) - raft.server.rpc.sleep.time = 25ms (default)
2019-10-08 20:57:11,391 [afc9e438-6b36-4ab1-bd79-7c4996d73e80@group-309E89B3BE6A-LeaderElection99] INFO  server.RaftServerConfigKeys (ConfUtils.java:logGet(43)) - raft.server.write.element-limit = 4096 (default)
2019-10-08 20:57:11,391 [afc9e438-6b36-4ab1-bd79-7c4996d73e80@group-309E89B3BE6A-LeaderElection99] INFO  server.RaftServerConfigKeys (ConfUtils.java:logGet(43)) - raft.server.watch.timeout = 10s (default)
2019-10-08 20:57:11,391 [afc9e438-6b36-4ab1-bd79-7c4996d73e80@group-309E89B3BE6A-LeaderElection99] INFO  server.RaftServerConfigKeys (ConfUtils.java:logGet(43)) - raft.server.watch.timeout.denomination = 1s (default)
2019-10-08 20:57:11,391 [afc9e438-6b36-4ab1-bd79-7c4996d73e80@group-309E89B3BE6A-LeaderElection99] INFO  server.RaftServerConfigKeys (ConfUtils.java:logGet(43)) - raft.server.watch.element-limit = 65536 (default)
2019-10-08 20:57:11,392 [afc9e438-6b36-4ab1-bd79-7c4996d73e80@group-309E89B3BE6A-LeaderElection99] INFO  impl.RoleInfo (RoleInfo.java:updateAndGet(143)) - afc9e438-6b36-4ab1-bd79-7c4996d73e80: start LeaderState
2019-10-08 20:57:11,393 [afc9e438-6b36-4ab1-bd79-7c4996d73e80@group-309E89B3BE6A-LeaderElection99] INFO  segmented.SegmentedRaftLogWorker (SegmentedRaftLogWorker.java:startLogSegment(385)) - afc9e438-6b36-4ab1-bd79-7c4996d73e80@group-309E89B3BE6A-SegmentedRaftLogWorker: Starting segment from index:0
2019-10-08 20:57:11,393 [afc9e438-6b36-4ab1-bd79-7c4996d73e80@group-309E89B3BE6A-LeaderElection99] INFO  impl.RaftServerImpl (ServerState.java:setRaftConf(356)) - afc9e438-6b36-4ab1-bd79-7c4996d73e80@group-309E89B3BE6A: set configuration 0: [afc9e438-6b36-4ab1-bd79-7c4996d73e80:192.168.5.143:37825], old=null at 0
2019-10-08 20:57:11,432 [afc9e438-6b36-4ab1-bd79-7c4996d73e80@group-309E89B3BE6A-SegmentedRaftLogWorker] INFO  segmented.SegmentedRaftLogWorker (SegmentedRaftLogWorker.java:execute(576)) - afc9e438-6b36-4ab1-bd79-7c4996d73e80@group-309E89B3BE6A-SegmentedRaftLogWorker: created new log segment /workdir/hadoop-ozone/integration-test/target/test-dir/MiniOzoneClusterImpl-556ae367-a76f-437b-9cdb-d0d311a5222a/datanode-1/data/ratis/8fe83c46-8957-4a4e-9c32-309e89b3be6a/current/log_inprogress_0
2019-10-08 20:57:11,835 [main] INFO  ozone.MiniOzoneClusterImpl (MiniOzoneClusterImpl.java:lambda$waitForClusterToBeReady$2(172)) - Cluster is ready. Got 7 of 7 DN Heartbeats.
2019-10-08 20:57:11,886 [main] INFO  rpc.RpcClient (RpcClient.java:createVolume(277)) - Creating Volume: watchforcommithandlingtest, with jenkins1000 as owner.
2019-10-08 20:57:11,890 [IPC Server handler 2 on 45675] INFO  volume.OMVolumeCreateRequest (OMVolumeCreateRequest.java:validateAndUpdateCache(193)) - created volume:watchforcommithandlingtest for user:jenkins1000
2019-10-08 20:57:11,910 [main] INFO  rpc.RpcClient (RpcClient.java:createBucket(416)) - Creating Bucket: watchforcommithandlingtest/watchforcommithandlingtest, with Versioning false and Storage Type set to DISK and Encryption set to false 
2019-10-08 20:57:11,916 [main] INFO  ozone.MiniOzoneClusterImpl (MiniOzoneClusterImpl.java:getStorageContainerLocationClient(260)) - Creating StorageContainerLocationProtocol RPC client with address /0.0.0.0:38506
2019-10-08 20:57:13,079 [Datanode State Machine Thread - 0] INFO  statemachine.DatanodeStateMachine (DatanodeStateMachine.java:lambda$startDaemon$0(350)) - Ozone container server started.
2019-10-08 20:57:17,085 [main] INFO  ozoneimpl.OzoneContainer (OzoneContainer.java:stop(227)) - Attempting to stop container services.
2019-10-08 20:57:17,086 [main] INFO  impl.RaftServerProxy (RaftServerProxy.java:lambda$close$4(314)) - afc9e438-6b36-4ab1-bd79-7c4996d73e80: close
2019-10-08 20:57:17,087 [main] INFO  impl.RaftServerImpl (RaftServerImpl.java:lambda$shutdown$3(247)) - afc9e438-6b36-4ab1-bd79-7c4996d73e80@group-309E89B3BE6A: shutdown
2019-10-08 20:57:17,087 [ForkJoinPool.commonPool-worker-1] INFO  impl.RaftServerImpl (RaftServerImpl.java:lambda$shutdown$3(247)) - afc9e438-6b36-4ab1-bd79-7c4996d73e80@group-7F20EA7C5821: shutdown
2019-10-08 20:57:17,087 [main] INFO  util.JmxRegister (JmxRegister.java:unregister(73)) - Successfully un-registered JMX Bean with object name Ratis:service=RaftServer,group=group-309E89B3BE6A,id=afc9e438-6b36-4ab1-bd79-7c4996d73e80
2019-10-08 20:57:17,087 [ForkJoinPool.commonPool-worker-1] INFO  util.JmxRegister (JmxRegister.java:unregister(73)) - Successfully un-registered JMX Bean with object name Ratis:service=RaftServer,group=group-7F20EA7C5821,id=afc9e438-6b36-4ab1-bd79-7c4996d73e80
2019-10-08 20:57:17,087 [main] INFO  impl.RoleInfo (RoleInfo.java:shutdownLeaderState(104)) - afc9e438-6b36-4ab1-bd79-7c4996d73e80: shutdown LeaderState
2019-10-08 20:57:17,088 [ForkJoinPool.commonPool-worker-1] INFO  impl.RoleInfo (RoleInfo.java:shutdownFollowerState(121)) - afc9e438-6b36-4ab1-bd79-7c4996d73e80: shutdown FollowerState
2019-10-08 20:57:17,088 [main] INFO  impl.PendingRequests (PendingRequests.java:sendNotLeaderResponses(202)) - afc9e438-6b36-4ab1-bd79-7c4996d73e80@group-309E89B3BE6A-PendingRequests: sendNotLeaderResponses
2019-10-08 20:57:17,088 [Thread-2574] INFO  impl.FollowerState (FollowerState.java:run(117)) - afc9e438-6b36-4ab1-bd79-7c4996d73e80@group-7F20EA7C5821-FollowerState was interrupted: java.lang.InterruptedException: sleep interrupted
2019-10-08 20:57:17,088 [afc9e438-6b36-4ab1-bd79-7c4996d73e80@group-7F20EA7C5821-StateMachineUpdater] INFO  ratis.ContainerStateMachine (ContainerStateMachine.java:takeSnapshot(296)) - group-7F20EA7C5821: Taking a snapshot at:(t:1, i:1) file /workdir/hadoop-ozone/integration-test/target/test-dir/MiniOzoneClusterImpl-556ae367-a76f-437b-9cdb-d0d311a5222a/datanode-1/data/ratis/f76f85fd-280f-46c6-a3ca-7f20ea7c5821/sm/snapshot.1_1
2019-10-08 20:57:17,088 [ForkJoinPool.commonPool-worker-1] INFO  impl.StateMachineUpdater (StateMachineUpdater.java:stopAndJoin(136)) - afc9e438-6b36-4ab1-bd79-7c4996d73e80@group-7F20EA7C5821-StateMachineUpdater: set stopIndex = 2
2019-10-08 20:57:17,088 [main] INFO  impl.StateMachineUpdater (StateMachineUpdater.java:stopAndJoin(136)) - afc9e438-6b36-4ab1-bd79-7c4996d73e80@group-309E89B3BE6A-StateMachineUpdater: set stopIndex = 0
2019-10-08 20:57:17,089 [main] INFO  impl.RaftServerImpl (ServerState.java:close(387)) - afc9e438-6b36-4ab1-bd79-7c4996d73e80@group-309E89B3BE6A: closes. applyIndex: 0
2019-10-08 20:57:17,089 [afc9e438-6b36-4ab1-bd79-7c4996d73e80@group-309E89B3BE6A-SegmentedRaftLogWorker] INFO  segmented.SegmentedRaftLogWorker (SegmentedRaftLogWorker.java:run(316)) - afc9e438-6b36-4ab1-bd79-7c4996d73e80@group-309E89B3BE6A-SegmentedRaftLogWorker was interrupted, exiting. There are 0 tasks remaining in the queue.
2019-10-08 20:57:17,100 [main] INFO  segmented.SegmentedRaftLogWorker (SegmentedRaftLogWorker.java:close(224)) - afc9e438-6b36-4ab1-bd79-7c4996d73e80@group-309E89B3BE6A-SegmentedRaftLogWorker close()
2019-10-08 20:57:17,106 [afc9e438-6b36-4ab1-bd79-7c4996d73e80@group-7F20EA7C5821-StateMachineUpdater] INFO  ratis.ContainerStateMachine (ContainerStateMachine.java:takeSnapshot(307)) - group-7F20EA7C5821: Finished taking a snapshot at:(t:1, i:1) file:/workdir/hadoop-ozone/integration-test/target/test-dir/MiniOzoneClusterImpl-556ae367-a76f-437b-9cdb-d0d311a5222a/datanode-1/data/ratis/f76f85fd-280f-46c6-a3ca-7f20ea7c5821/sm/snapshot.1_1 time:15
2019-10-08 20:57:17,107 [afc9e438-6b36-4ab1-bd79-7c4996d73e80@group-7F20EA7C5821-StateMachineUpdater] INFO  impl.StateMachineUpdater (StateMachineUpdater.java:takeSnapshot(269)) - afc9e438-6b36-4ab1-bd79-7c4996d73e80@group-7F20EA7C5821-StateMachineUpdater: Took a snapshot at index 1
2019-10-08 20:57:17,107 [afc9e438-6b36-4ab1-bd79-7c4996d73e80@group-7F20EA7C5821-StateMachineUpdater] INFO  impl.StateMachineUpdater (StateMachineUpdater.java:lambda$new$0(84)) - afc9e438-6b36-4ab1-bd79-7c4996d73e80@group-7F20EA7C5821-StateMachineUpdater: snapshotIndex: updateIncreasingly -1 -> 1
2019-10-08 20:57:17,107 [afc9e438-6b36-4ab1-bd79-7c4996d73e80@group-7F20EA7C5821-StateMachineUpdater] INFO  ratis.ContainerStateMachine (ContainerStateMachine.java:takeSnapshot(296)) - group-7F20EA7C5821: Taking a snapshot at:(t:1, i:1) file /workdir/hadoop-ozone/integration-test/target/test-dir/MiniOzoneClusterImpl-556ae367-a76f-437b-9cdb-d0d311a5222a/datanode-1/data/ratis/f76f85fd-280f-46c6-a3ca-7f20ea7c5821/sm/snapshot.1_1
2019-10-08 20:57:17,119 [afc9e438-6b36-4ab1-bd79-7c4996d73e80@group-7F20EA7C5821-StateMachineUpdater] INFO  ratis.ContainerStateMachine (ContainerStateMachine.java:takeSnapshot(307)) - group-7F20EA7C5821: Finished taking a snapshot at:(t:1, i:1) file:/workdir/hadoop-ozone/integration-test/target/test-dir/MiniOzoneClusterImpl-556ae367-a76f-437b-9cdb-d0d311a5222a/datanode-1/data/ratis/f76f85fd-280f-46c6-a3ca-7f20ea7c5821/sm/snapshot.1_1 time:12
2019-10-08 20:57:17,119 [afc9e438-6b36-4ab1-bd79-7c4996d73e80@group-7F20EA7C5821-StateMachineUpdater] INFO  impl.StateMachineUpdater (StateMachineUpdater.java:takeSnapshot(269)) - afc9e438-6b36-4ab1-bd79-7c4996d73e80@group-7F20EA7C5821-StateMachineUpdater: Took a snapshot at index 1
2019-10-08 20:57:17,119 [afc9e438-6b36-4ab1-bd79-7c4996d73e80@group-7F20EA7C5821-StateMachineUpdater] INFO  impl.StateMachineUpdater (StateMachineUpdater.java:lambda$new$0(84)) - afc9e438-6b36-4ab1-bd79-7c4996d73e80@group-7F20EA7C5821-StateMachineUpdater: snapshotIndex: updateIncreasingly 1 -> 1
2019-10-08 20:57:17,120 [ForkJoinPool.commonPool-worker-1] INFO  impl.RaftServerImpl (ServerState.java:close(387)) - afc9e438-6b36-4ab1-bd79-7c4996d73e80@group-7F20EA7C5821: closes. applyIndex: 2
2019-10-08 20:57:17,120 [afc9e438-6b36-4ab1-bd79-7c4996d73e80@group-7F20EA7C5821-SegmentedRaftLogWorker] INFO  segmented.SegmentedRaftLogWorker (SegmentedRaftLogWorker.java:run(316)) - afc9e438-6b36-4ab1-bd79-7c4996d73e80@group-7F20EA7C5821-SegmentedRaftLogWorker was interrupted, exiting. There are 0 tasks remaining in the queue.
2019-10-08 20:57:17,123 [ForkJoinPool.commonPool-worker-1] INFO  segmented.SegmentedRaftLogWorker (SegmentedRaftLogWorker.java:close(224)) - afc9e438-6b36-4ab1-bd79-7c4996d73e80@group-7F20EA7C5821-SegmentedRaftLogWorker close()
2019-10-08 20:57:17,124 [main] INFO  server.GrpcService (GrpcService.java:closeImpl(164)) - afc9e438-6b36-4ab1-bd79-7c4996d73e80: shutdown server with port 37825 now
2019-10-08 20:57:17,125 [grpc-default-executor-5] WARN  server.GrpcServerProtocolService (LogUtils.java:warn(134)) - afc9e438-6b36-4ab1-bd79-7c4996d73e80: installSnapshot onError, lastRequest: 1d532c3e-2add-4552-a7dd-51d21aca59ee->afc9e438-6b36-4ab1-bd79-7c4996d73e80#5-t1, previous=(t:1, i:2), leaderCommit=2, initializing? false, entries: <empty>: org.apache.ratis.thirdparty.io.grpc.StatusRuntimeException: CANCELLED: cancelled before receiving half close
2019-10-08 20:57:17,125 [main] INFO  server.GrpcService (GrpcService.java:closeImpl(172)) - afc9e438-6b36-4ab1-bd79-7c4996d73e80: shutdown server with port 37825 successfully
2019-10-08 20:57:17,125 [grpc-default-executor-6] WARN  server.GrpcLogAppender (LogUtils.java:warn(134)) - 1d532c3e-2add-4552-a7dd-51d21aca59ee@group-7F20EA7C5821->afc9e438-6b36-4ab1-bd79-7c4996d73e80-AppendLogResponseHandler: Failed appendEntries: org.apache.ratis.thirdparty.io.grpc.StatusRuntimeException: CANCELLED: HTTP/2 error code: CANCEL
Received Rst Stream
2019-10-08 20:57:17,126 [grpc-default-executor-6] INFO  impl.FollowerInfo (FollowerInfo.java:lambda$new$0(51)) - 1d532c3e-2add-4552-a7dd-51d21aca59ee@group-7F20EA7C5821->afc9e438-6b36-4ab1-bd79-7c4996d73e80: nextIndex: updateUnconditionally 3 -> 2
2019-10-08 20:57:17,128 [refreshUsed-/workdir/hadoop-ozone/integration-test/target/test-dir/MiniOzoneClusterImpl-556ae367-a76f-437b-9cdb-d0d311a5222a/datanode-1/data/containers] WARN  fs.CachingGetSpaceUsed (CachingGetSpaceUsed.java:run(183)) - Thread Interrupted waiting to refresh disk information: sleep interrupted
2019-10-08 20:57:17,143 [main] INFO  utils.BackgroundService (BackgroundService.java:shutdown(151)) - Shutting down service BlockDeletingService
2019-10-08 20:57:17,157 [main] INFO  statemachine.DatanodeStateMachine (DatanodeStateMachine.java:stopDaemon(395)) - Ozone container server stopped.
2019-10-08 20:57:17,158 [main] INFO  handler.ContextHandler (ContextHandler.java:doStop(910)) - Stopped o.e.j.w.WebAppContext@2dc39b53{/,null,UNAVAILABLE}{/hddsDatanode}
2019-10-08 20:57:17,159 [main] INFO  server.AbstractConnector (AbstractConnector.java:doStop(318)) - Stopped ServerConnector@45037e16{HTTP/1.1,[http/1.1]}{0.0.0.0:0}
2019-10-08 20:57:17,159 [main] INFO  handler.ContextHandler (ContextHandler.java:doStop(910)) - Stopped o.e.j.s.ServletContextHandler@6a567f7b{/static,jar:file:/home/user/.m2/repository/org/apache/hadoop/hadoop-hdds-container-service/0.5.0-SNAPSHOT/hadoop-hdds-container-service-0.5.0-SNAPSHOT.jar!/webapps/static,UNAVAILABLE}
2019-10-08 20:57:17,159 [main] INFO  handler.ContextHandler (ContextHandler.java:doStop(910)) - Stopped o.e.j.s.ServletContextHandler@5cfed0ba{/logs,file:///workdir/hadoop-ozone/integration-test/target/log,UNAVAILABLE}
2019-10-08 20:57:17,175 [grpc-default-executor-7] WARN  server.GrpcLogAppender (LogUtils.java:warn(134)) - 1d532c3e-2add-4552-a7dd-51d21aca59ee@group-7F20EA7C5821->afc9e438-6b36-4ab1-bd79-7c4996d73e80-AppendLogResponseHandler: Failed appendEntries: org.apache.ratis.thirdparty.io.grpc.StatusRuntimeException: UNAVAILABLE: io exception
2019-10-08 20:57:17,175 [grpc-default-executor-7] INFO  impl.FollowerInfo (FollowerInfo.java:lambda$new$0(51)) - 1d532c3e-2add-4552-a7dd-51d21aca59ee@group-7F20EA7C5821->afc9e438-6b36-4ab1-bd79-7c4996d73e80: nextIndex: updateUnconditionally 3 -> 2
2019-10-08 20:57:17,188 [grpc-default-executor-6] WARN  server.GrpcLogAppender (LogUtils.java:warn(134)) - 1d532c3e-2add-4552-a7dd-51d21aca59ee@group-7F20EA7C5821->afc9e438-6b36-4ab1-bd79-7c4996d73e80-AppendLogResponseHandler: Failed appendEntries: org.apache.ratis.thirdparty.io.grpc.StatusRuntimeException: UNAVAILABLE: io exception
2019-10-08 20:57:17,188 [grpc-default-executor-6] INFO  impl.FollowerInfo (FollowerInfo.java:lambda$new$0(51)) - 1d532c3e-2add-4552-a7dd-51d21aca59ee@group-7F20EA7C5821->afc9e438-6b36-4ab1-bd79-7c4996d73e80: nextIndex: updateUnconditionally 3 -> 2
2019-10-08 20:57:17,201 [grpc-default-executor-7] WARN  server.GrpcLogAppender (LogUtils.java:warn(134)) - 1d532c3e-2add-4552-a7dd-51d21aca59ee@group-7F20EA7C5821->afc9e438-6b36-4ab1-bd79-7c4996d73e80-AppendLogResponseHandler: Failed appendEntries: org.apache.ratis.thirdparty.io.grpc.StatusRuntimeException: UNAVAILABLE: io exception
2019-10-08 20:57:17,201 [grpc-default-executor-7] INFO  impl.FollowerInfo (FollowerInfo.java:lambda$new$0(51)) - 1d532c3e-2add-4552-a7dd-51d21aca59ee@group-7F20EA7C5821->afc9e438-6b36-4ab1-bd79-7c4996d73e80: nextIndex: updateUnconditionally 3 -> 2
2019-10-08 20:57:17,226 [EventQueue-IncrementalContainerReportForIncrementalContainerReportHandler] WARN  container.IncrementalContainerReportHandler (AbstractContainerReportHandler.java:updateContainerState(145)) - Container #1 is in OPEN state, but the datanode 1d532c3e-2add-4552-a7dd-51d21aca59ee{ip: 192.168.5.143, host: pr-hdds-1868-gtwz2-575081100, networkLocation: /default-rack, certSerialId: null} reports an CLOSING replica.
2019-10-08 20:57:17,251 [EventQueue-IncrementalContainerReportForIncrementalContainerReportHandler] WARN  container.IncrementalContainerReportHandler (AbstractContainerReportHandler.java:updateContainerState(145)) - Container #1 is in OPEN state, but the datanode 82f183d4-07ec-425f-8671-68fc3d628492{ip: 192.168.5.143, host: pr-hdds-1868-gtwz2-575081100, networkLocation: /default-rack, certSerialId: null} reports an CLOSING replica.
2019-10-08 20:57:17,292 [RatisApplyTransactionExecutor 1] INFO  interfaces.Container (KeyValueContainer.java:flushAndSyncDB(386)) - Container 1 is synced with bcsId 0.
2019-10-08 20:57:17,336 [RatisApplyTransactionExecutor 1] INFO  interfaces.Container (KeyValueContainer.java:flushAndSyncDB(386)) - Container 1 is synced with bcsId 0.
2019-10-08 20:57:17,349 [RatisApplyTransactionExecutor 1] INFO  interfaces.Container (KeyValueContainer.java:flushAndSyncDB(386)) - Container 1 is synced with bcsId 0.
2019-10-08 20:57:17,349 [RatisApplyTransactionExecutor 1] INFO  interfaces.Container (KeyValueContainer.java:flushAndSyncDB(386)) - Container 1 is synced with bcsId 0.
2019-10-08 20:57:17,351 [RatisApplyTransactionExecutor 1] INFO  interfaces.Container (KeyValueContainer.java:close(335)) - Container 1 is closed with bcsId 0.
2019-10-08 20:57:17,356 [EventQueue-IncrementalContainerReportForIncrementalContainerReportHandler] WARN  container.IncrementalContainerReportHandler (AbstractContainerReportHandler.java:updateContainerState(145)) - Container #1 is in OPEN state, but the datanode 1d532c3e-2add-4552-a7dd-51d21aca59ee{ip: 192.168.5.143, host: pr-hdds-1868-gtwz2-575081100, networkLocation: /default-rack, certSerialId: null} reports an CLOSED replica.
2019-10-08 20:57:17,356 [RatisApplyTransactionExecutor 1] INFO  interfaces.Container (KeyValueContainer.java:close(335)) - Container 1 is closed with bcsId 0.
2019-10-08 20:57:17,357 [EventQueue-IncrementalContainerReportForIncrementalContainerReportHandler] WARN  container.IncrementalContainerReportHandler (AbstractContainerReportHandler.java:updateContainerState(145)) - Container #1 is in OPEN state, but the datanode 82f183d4-07ec-425f-8671-68fc3d628492{ip: 192.168.5.143, host: pr-hdds-1868-gtwz2-575081100, networkLocation: /default-rack, certSerialId: null} reports an CLOSED replica.
2019-10-08 20:57:19,702 [grpc-default-executor-7] WARN  server.GrpcLogAppender (LogUtils.java:warn(134)) - 1d532c3e-2add-4552-a7dd-51d21aca59ee@group-7F20EA7C5821->afc9e438-6b36-4ab1-bd79-7c4996d73e80-AppendLogResponseHandler: Failed appendEntries: org.apache.ratis.thirdparty.io.grpc.StatusRuntimeException: UNAVAILABLE: io exception
2019-10-08 20:57:19,703 [grpc-default-executor-7] INFO  impl.FollowerInfo (FollowerInfo.java:lambda$new$0(51)) - 1d532c3e-2add-4552-a7dd-51d21aca59ee@group-7F20EA7C5821->afc9e438-6b36-4ab1-bd79-7c4996d73e80: nextIndex: updateUnconditionally 2 -> 1
2019-10-08 20:57:20,359 [main] WARN  scm.XceiverClientRatis (XceiverClientRatis.java:watchForCommit(277)) - 3 way commit failed on pipeline Pipeline[ Id: f76f85fd-280f-46c6-a3ca-7f20ea7c5821, Nodes: afc9e438-6b36-4ab1-bd79-7c4996d73e80{ip: 192.168.5.143, host: pr-hdds-1868-gtwz2-575081100, networkLocation: /default-rack, certSerialId: null}1d532c3e-2add-4552-a7dd-51d21aca59ee{ip: 192.168.5.143, host: pr-hdds-1868-gtwz2-575081100, networkLocation: /default-rack, certSerialId: null}82f183d4-07ec-425f-8671-68fc3d628492{ip: 192.168.5.143, host: pr-hdds-1868-gtwz2-575081100, networkLocation: /default-rack, certSerialId: null}, Type:RATIS, Factor:THREE, State:OPEN]
java.util.concurrent.TimeoutException
	at java.util.concurrent.CompletableFuture.timedGet(CompletableFuture.java:1771)
	at java.util.concurrent.CompletableFuture.get(CompletableFuture.java:1915)
	at org.apache.hadoop.hdds.scm.XceiverClientRatis.watchForCommit(XceiverClientRatis.java:274)
	at org.apache.hadoop.ozone.client.rpc.TestWatchForCommit.test2WayCommitForTimeoutException(TestWatchForCommit.java:391)
	at sun.reflect.NativeMethodAccessorImpl.invoke0(Native Method)
	at sun.reflect.NativeMethodAccessorImpl.invoke(NativeMethodAccessorImpl.java:62)
	at sun.reflect.DelegatingMethodAccessorImpl.invoke(DelegatingMethodAccessorImpl.java:43)
	at java.lang.reflect.Method.invoke(Method.java:498)
	at org.junit.runners.model.FrameworkMethod$1.runReflectiveCall(FrameworkMethod.java:47)
	at org.junit.internal.runners.model.ReflectiveCallable.run(ReflectiveCallable.java:12)
	at org.junit.runners.model.FrameworkMethod.invokeExplosively(FrameworkMethod.java:44)
	at org.junit.internal.runners.statements.InvokeMethod.evaluate(InvokeMethod.java:17)
	at org.junit.runners.ParentRunner.runLeaf(ParentRunner.java:271)
	at org.junit.runners.BlockJUnit4ClassRunner.runChild(BlockJUnit4ClassRunner.java:70)
	at org.junit.runners.BlockJUnit4ClassRunner.runChild(BlockJUnit4ClassRunner.java:50)
	at org.junit.runners.ParentRunner$3.run(ParentRunner.java:238)
	at org.junit.runners.ParentRunner$1.schedule(ParentRunner.java:63)
	at org.junit.runners.ParentRunner.runChildren(ParentRunner.java:236)
	at org.junit.runners.ParentRunner.access$000(ParentRunner.java:53)
	at org.junit.runners.ParentRunner$2.evaluate(ParentRunner.java:229)
	at org.junit.runners.ParentRunner.run(ParentRunner.java:309)
	at org.apache.maven.surefire.junit4.JUnit4Provider.execute(JUnit4Provider.java:365)
	at org.apache.maven.surefire.junit4.JUnit4Provider.executeWithRerun(JUnit4Provider.java:273)
	at org.apache.maven.surefire.junit4.JUnit4Provider.executeTestSet(JUnit4Provider.java:238)
	at org.apache.maven.surefire.junit4.JUnit4Provider.invoke(JUnit4Provider.java:159)
	at org.apache.maven.surefire.booter.ForkedBooter.invokeProviderInSameClassLoader(ForkedBooter.java:384)
	at org.apache.maven.surefire.booter.ForkedBooter.runSuitesInProcess(ForkedBooter.java:345)
	at org.apache.maven.surefire.booter.ForkedBooter.execute(ForkedBooter.java:126)
	at org.apache.maven.surefire.booter.ForkedBooter.main(ForkedBooter.java:418)
2019-10-08 20:57:20,416 [Thread-2643] INFO  client.GrpcClientProtocolService (GrpcClientProtocolService.java:lambda$processClientRequest$0(278)) - Failed RaftClientRequest:client-8AAB9E9A7B49->82f183d4-07ec-425f-8671-68fc3d628492@group-7F20EA7C5821, cid=206, seq=0, Watch-MAJORITY_COMMITTED(3), Message:<EMPTY>, reply=RaftClientReply:client-8AAB9E9A7B49->82f183d4-07ec-425f-8671-68fc3d628492@group-7F20EA7C5821, cid=206, FAILED org.apache.ratis.protocol.NotLeaderException: Server 82f183d4-07ec-425f-8671-68fc3d628492@group-7F20EA7C5821 is not the leader 1d532c3e-2add-4552-a7dd-51d21aca59ee:192.168.5.143:37365, logIndex=0, commits[82f183d4-07ec-425f-8671-68fc3d628492:c4, afc9e438-6b36-4ab1-bd79-7c4996d73e80:c2, 1d532c3e-2add-4552-a7dd-51d21aca59ee:c4]
2019-10-08 20:57:22,207 [grpc-default-executor-6] WARN  server.GrpcLogAppender (LogUtils.java:warn(134)) - 1d532c3e-2add-4552-a7dd-51d21aca59ee@group-7F20EA7C5821->afc9e438-6b36-4ab1-bd79-7c4996d73e80-AppendLogResponseHandler: Failed appendEntries: org.apache.ratis.thirdparty.io.grpc.StatusRuntimeException: UNAVAILABLE: io exception
2019-10-08 20:57:22,208 [grpc-default-executor-6] INFO  impl.FollowerInfo (FollowerInfo.java:lambda$new$0(51)) - 1d532c3e-2add-4552-a7dd-51d21aca59ee@group-7F20EA7C5821->afc9e438-6b36-4ab1-bd79-7c4996d73e80: nextIndex: updateUnconditionally 1 -> 0
]]></system-out>
    <system-err><![CDATA[Oct 08, 2019 8:57:17 PM org.apache.ratis.thirdparty.io.grpc.internal.SerializingExecutor run
SEVERE: Exception while executing runnable org.apache.ratis.thirdparty.io.grpc.internal.ServerImpl$JumpToApplicationThreadServerStreamListener$1Closed@179e5c52
org.apache.ratis.thirdparty.io.grpc.StatusRuntimeException: CANCELLED: call already cancelled
	at org.apache.ratis.thirdparty.io.grpc.Status.asRuntimeException(Status.java:517)
	at org.apache.ratis.thirdparty.io.grpc.stub.ServerCalls$ServerCallStreamObserverImpl.onCompleted(ServerCalls.java:356)
	at org.apache.ratis.grpc.server.GrpcServerProtocolService$ServerRequestStreamObserver.onError(GrpcServerProtocolService.java:121)
	at org.apache.ratis.thirdparty.io.grpc.stub.ServerCalls$StreamingServerCallHandler$StreamingServerCallListener.onCancel(ServerCalls.java:269)
	at org.apache.ratis.thirdparty.io.grpc.internal.ServerCallImpl$ServerStreamListenerImpl.closed(ServerCallImpl.java:293)
	at org.apache.ratis.thirdparty.io.grpc.internal.ServerImpl$JumpToApplicationThreadServerStreamListener$1Closed.runInContext(ServerImpl.java:741)
	at org.apache.ratis.thirdparty.io.grpc.internal.ContextRunnable.run(ContextRunnable.java:37)
	at org.apache.ratis.thirdparty.io.grpc.internal.SerializingExecutor.run(SerializingExecutor.java:123)
	at java.util.concurrent.ThreadPoolExecutor.runWorker(ThreadPoolExecutor.java:1149)
	at java.util.concurrent.ThreadPoolExecutor$Worker.run(ThreadPoolExecutor.java:624)
	at java.lang.Thread.run(Thread.java:748)

]]></system-err>
  </testcase>
</testsuite>