<?xml version="1.0" encoding="UTF-8"?>
<testsuite xmlns:xsi="http://www.w3.org/2001/XMLSchema-instance" xsi:noNamespaceSchemaLocation="https://maven.apache.org/surefire/maven-surefire-plugin/xsd/surefire-test-report.xsd" name="org.apache.hadoop.ozone.scm.pipeline.TestSCMPipelineMetrics" time="82.572" tests="3" errors="0" skipped="0" failures="1">
  <properties>
    <property name="awt.toolkit" value="sun.awt.X11.XToolkit"/>
    <property name="file.encoding.pkg" value="sun.io"/>
    <property name="java.specification.version" value="1.8"/>
    <property name="sun.cpu.isalist" value=""/>
    <property name="sun.jnu.encoding" value="UTF-8"/>
    <property name="java.class.path" value="/workdir/hadoop-ozone/integration-test/target/test-classes:/workdir/hadoop-ozone/integration-test/target/classes:/home/user/.m2/repository/org/apache/hadoop/hadoop-ozone-common/0.5.0-SNAPSHOT/hadoop-ozone-common-0.5.0-SNAPSHOT.jar:/home/user/.m2/repository/org/apache/commons/commons-compress/1.4.1/commons-compress-1.4.1.jar:/home/user/.m2/repository/org/tukaani/xz/1.0/xz-1.0.jar:/home/user/.m2/repository/org/apache/hadoop/hadoop-common/3.2.0/hadoop-common-3.2.0.jar:/home/user/.m2/repository/org/apache/hadoop/hadoop-hdfs/3.2.0/hadoop-hdfs-3.2.0.jar:/home/user/.m2/repository/org/apache/hadoop/hadoop-hdfs-client/3.2.0/hadoop-hdfs-client-3.2.0.jar:/home/user/.m2/repository/com/fasterxml/jackson/core/jackson-annotations/2.9.9/jackson-annotations-2.9.9.jar:/home/user/.m2/repository/org/apache/hadoop/hadoop-hdds-common/0.5.0-SNAPSHOT/hadoop-hdds-common-0.5.0-SNAPSHOT.jar:/home/user/.m2/repository/javax/annotation/javax.annotation-api/1.2/javax.annotation-api-1.2.jar:/home/user/.m2/repository/org/apache/ratis/ratis-server/0.5.0-63cd2fb-SNAPSHOT/ratis-server-0.5.0-63cd2fb-SNAPSHOT.jar:/home/user/.m2/repository/org/apache/ratis/ratis-thirdparty-misc/0.2.0/ratis-thirdparty-misc-0.2.0.jar:/home/user/.m2/repository/org/apache/ratis/ratis-proto/0.5.0-63cd2fb-SNAPSHOT/ratis-proto-0.5.0-63cd2fb-SNAPSHOT.jar:/home/user/.m2/repository/org/apache/ratis/ratis-common/0.5.0-63cd2fb-SNAPSHOT/ratis-common-0.5.0-63cd2fb-SNAPSHOT.jar:/home/user/.m2/repository/org/apache/ratis/ratis-client/0.5.0-63cd2fb-SNAPSHOT/ratis-client-0.5.0-63cd2fb-SNAPSHOT.jar:/home/user/.m2/repository/org/apache/ratis/ratis-metrics/0.5.0-63cd2fb-SNAPSHOT/ratis-metrics-0.5.0-63cd2fb-SNAPSHOT.jar:/home/user/.m2/repository/com/github/joshelser/dropwizard-metrics-hadoop-metrics2-reporter/0.1.2/dropwizard-metrics-hadoop-metrics2-reporter-0.1.2.jar:/home/user/.m2/repository/io/dropwizard/metrics/metrics-jvm/3.2.5/metrics-jvm-3.2.5.jar:/home/user/.m2/repository/io/dropwizard/metrics/metrics-ganglia/3.2.5/metrics-ganglia-3.2.5.jar:/home/user/.m2/repository/info/ganglia/gmetric4j/gmetric4j/1.0.7/gmetric4j-1.0.7.jar:/home/user/.m2/repository/org/apache/ratis/ratis-netty/0.5.0-63cd2fb-SNAPSHOT/ratis-netty-0.5.0-63cd2fb-SNAPSHOT.jar:/home/user/.m2/repository/org/apache/ratis/ratis-grpc/0.5.0-63cd2fb-SNAPSHOT/ratis-grpc-0.5.0-63cd2fb-SNAPSHOT.jar:/home/user/.m2/repository/org/rocksdb/rocksdbjni/6.0.1/rocksdbjni-6.0.1.jar:/home/user/.m2/repository/org/apache/logging/log4j/log4j-api/2.11.0/log4j-api-2.11.0.jar:/home/user/.m2/repository/org/apache/logging/log4j/log4j-core/2.11.0/log4j-core-2.11.0.jar:/home/user/.m2/repository/com/lmax/disruptor/3.4.2/disruptor-3.4.2.jar:/home/user/.m2/repository/org/apache/commons/commons-pool2/2.6.0/commons-pool2-2.6.0.jar:/home/user/.m2/repository/org/bouncycastle/bcpkix-jdk15on/1.60/bcpkix-jdk15on-1.60.jar:/home/user/.m2/repository/commons-validator/commons-validator/1.6/commons-validator-1.6.jar:/home/user/.m2/repository/commons-digester/commons-digester/1.8.1/commons-digester-1.8.1.jar:/home/user/.m2/repository/io/jaegertracing/jaeger-client/0.34.0/jaeger-client-0.34.0.jar:/home/user/.m2/repository/io/jaegertracing/jaeger-thrift/0.34.0/jaeger-thrift-0.34.0.jar:/home/user/.m2/repository/org/apache/thrift/libthrift/0.12.0/libthrift-0.12.0.jar:/home/user/.m2/repository/com/squareup/okhttp3/okhttp/3.9.0/okhttp-3.9.0.jar:/home/user/.m2/repository/com/squareup/okio/okio/1.13.0/okio-1.13.0.jar:/home/user/.m2/repository/io/jaegertracing/jaeger-core/0.34.0/jaeger-core-0.34.0.jar:/home/user/.m2/repository/io/jaegertracing/jaeger-tracerresolver/0.34.0/jaeger-tracerresolver-0.34.0.jar:/home/user/.m2/repository/io/opentracing/contrib/opentracing-tracerresolver/0.1.5/opentracing-tracerresolver-0.1.5.jar:/home/user/.m2/repository/io/opentracing/opentracing-util/0.31.0/opentracing-util-0.31.0.jar:/home/user/.m2/repository/io/opentracing/opentracing-api/0.31.0/opentracing-api-0.31.0.jar:/home/user/.m2/repository/io/opentracing/opentracing-noop/0.31.0/opentracing-noop-0.31.0.jar:/home/user/.m2/repository/org/apache/hadoop/hadoop-hdds-server-framework/0.5.0-SNAPSHOT/hadoop-hdds-server-framework-0.5.0-SNAPSHOT.jar:/home/user/.m2/repository/org/apache/hadoop/hadoop-hdds-container-service/0.5.0-SNAPSHOT/hadoop-hdds-container-service-0.5.0-SNAPSHOT.jar:/home/user/.m2/repository/org/apache/hadoop/hadoop-hdds-client/0.5.0-SNAPSHOT/hadoop-hdds-client-0.5.0-SNAPSHOT.jar:/home/user/.m2/repository/org/apache/hadoop/hadoop-hdds-tools/0.5.0-SNAPSHOT/hadoop-hdds-tools-0.5.0-SNAPSHOT.jar:/home/user/.m2/repository/org/apache/hadoop/hadoop-hdds-server-scm/0.5.0-SNAPSHOT/hadoop-hdds-server-scm-0.5.0-SNAPSHOT.jar:/home/user/.m2/repository/org/apache/hadoop/hadoop-hdds-docs/0.5.0-SNAPSHOT/hadoop-hdds-docs-0.5.0-SNAPSHOT.jar:/home/user/.m2/repository/io/dropwizard/metrics/metrics-core/3.2.4/metrics-core-3.2.4.jar:/home/user/.m2/repository/org/hamcrest/hamcrest-all/1.3/hamcrest-all-1.3.jar:/home/user/.m2/repository/org/bouncycastle/bcprov-jdk15on/1.60/bcprov-jdk15on-1.60.jar:/home/user/.m2/repository/info/picocli/picocli/3.9.6/picocli-3.9.6.jar:/home/user/.m2/repository/com/google/protobuf/protobuf-java/2.5.0/protobuf-java-2.5.0.jar:/home/user/.m2/repository/com/google/guava/guava/11.0.2/guava-11.0.2.jar:/home/user/.m2/repository/org/apache/hadoop/hadoop-ozone-ozone-manager/0.5.0-SNAPSHOT/hadoop-ozone-ozone-manager-0.5.0-SNAPSHOT.jar:/home/user/.m2/repository/org/apache/hadoop/hadoop-minikdc/3.2.0/hadoop-minikdc-3.2.0.jar:/home/user/.m2/repository/commons-io/commons-io/2.5/commons-io-2.5.jar:/home/user/.m2/repository/org/apache/kerby/kerb-simplekdc/1.0.1/kerb-simplekdc-1.0.1.jar:/home/user/.m2/repository/org/apache/kerby/kerb-client/1.0.1/kerb-client-1.0.1.jar:/home/user/.m2/repository/org/apache/kerby/kerby-config/1.0.1/kerby-config-1.0.1.jar:/home/user/.m2/repository/org/apache/kerby/kerb-core/1.0.1/kerb-core-1.0.1.jar:/home/user/.m2/repository/org/apache/kerby/kerby-pkix/1.0.1/kerby-pkix-1.0.1.jar:/home/user/.m2/repository/org/apache/kerby/kerby-asn1/1.0.1/kerby-asn1-1.0.1.jar:/home/user/.m2/repository/org/apache/kerby/kerby-util/1.0.1/kerby-util-1.0.1.jar:/home/user/.m2/repository/org/apache/kerby/kerb-common/1.0.1/kerb-common-1.0.1.jar:/home/user/.m2/repository/org/apache/kerby/kerb-crypto/1.0.1/kerb-crypto-1.0.1.jar:/home/user/.m2/repository/org/apache/kerby/kerb-util/1.0.1/kerb-util-1.0.1.jar:/home/user/.m2/repository/org/apache/kerby/token-provider/1.0.1/token-provider-1.0.1.jar:/home/user/.m2/repository/org/apache/kerby/kerb-admin/1.0.1/kerb-admin-1.0.1.jar:/home/user/.m2/repository/org/apache/kerby/kerb-server/1.0.1/kerb-server-1.0.1.jar:/home/user/.m2/repository/org/apache/kerby/kerb-identity/1.0.1/kerb-identity-1.0.1.jar:/home/user/.m2/repository/org/apache/kerby/kerby-xdr/1.0.1/kerby-xdr-1.0.1.jar:/home/user/.m2/repository/org/slf4j/slf4j-log4j12/1.7.25/slf4j-log4j12-1.7.25.jar:/home/user/.m2/repository/org/apache/hadoop/hadoop-ozone-s3gateway/0.5.0-SNAPSHOT/hadoop-ozone-s3gateway-0.5.0-SNAPSHOT.jar:/home/user/.m2/repository/org/jboss/weld/servlet/weld-servlet/2.4.7.Final/weld-servlet-2.4.7.Final.jar:/home/user/.m2/repository/org/glassfish/jersey/containers/jersey-container-servlet-core/2.27/jersey-container-servlet-core-2.27.jar:/home/user/.m2/repository/org/glassfish/hk2/external/javax.inject/2.5.0-b42/javax.inject-2.5.0-b42.jar:/home/user/.m2/repository/org/glassfish/jersey/core/jersey-common/2.27/jersey-common-2.27.jar:/home/user/.m2/repository/org/glassfish/hk2/osgi-resource-locator/1.0.1/osgi-resource-locator-1.0.1.jar:/home/user/.m2/repository/javax/ws/rs/javax.ws.rs-api/2.1/javax.ws.rs-api-2.1.jar:/home/user/.m2/repository/org/glassfish/jersey/ext/cdi/jersey-cdi1x/2.27/jersey-cdi1x-2.27.jar:/home/user/.m2/repository/org/glassfish/jersey/inject/jersey-hk2/2.27/jersey-hk2-2.27.jar:/home/user/.m2/repository/org/glassfish/hk2/hk2-locator/2.5.0-b42/hk2-locator-2.5.0-b42.jar:/home/user/.m2/repository/org/javassist/javassist/3.22.0-CR2/javassist-3.22.0-CR2.jar:/home/user/.m2/repository/org/glassfish/hk2/hk2-api/2.5.0/hk2-api-2.5.0.jar:/home/user/.m2/repository/org/glassfish/hk2/external/jakarta.inject/2.5.0/jakarta.inject-2.5.0.jar:/home/user/.m2/repository/org/glassfish/hk2/hk2-utils/2.5.0/hk2-utils-2.5.0.jar:/home/user/.m2/repository/jakarta/annotation/jakarta.annotation-api/1.3.4/jakarta.annotation-api-1.3.4.jar:/home/user/.m2/repository/org/glassfish/hk2/external/aopalliance-repackaged/2.5.0/aopalliance-repackaged-2.5.0.jar:/home/user/.m2/repository/com/fasterxml/jackson/dataformat/jackson-dataformat-xml/2.9.0/jackson-dataformat-xml-2.9.0.jar:/home/user/.m2/repository/com/fasterxml/jackson/core/jackson-core/2.9.9/jackson-core-2.9.9.jar:/home/user/.m2/repository/com/fasterxml/jackson/module/jackson-module-jaxb-annotations/2.9.9/jackson-module-jaxb-annotations-2.9.9.jar:/home/user/.m2/repository/javax/enterprise/cdi-api/1.2/cdi-api-1.2.jar:/home/user/.m2/repository/javax/el/javax.el-api/3.0.0/javax.el-api-3.0.0.jar:/home/user/.m2/repository/javax/interceptor/javax.interceptor-api/1.2/javax.interceptor-api-1.2.jar:/home/user/.m2/repository/javax/inject/javax.inject/1/javax.inject-1.jar:/home/user/.m2/repository/com/sun/xml/bind/jaxb-impl/2.3.0.1/jaxb-impl-2.3.0.1.jar:/home/user/.m2/repository/com/sun/xml/bind/jaxb-core/2.3.0.1/jaxb-core-2.3.0.1.jar:/home/user/.m2/repository/javax/xml/bind/jaxb-api/2.3.0/jaxb-api-2.3.0.jar:/home/user/.m2/repository/javax/activation/activation/1.1.1/activation-1.1.1.jar:/home/user/.m2/repository/org/apache/hadoop/hadoop-ozone-csi/0.5.0-SNAPSHOT/hadoop-ozone-csi-0.5.0-SNAPSHOT.jar:/home/user/.m2/repository/com/google/protobuf/protobuf-java-util/3.5.1/protobuf-java-util-3.5.1.jar:/home/user/.m2/repository/org/apache/hadoop/hadoop-hdds-config/0.5.0-SNAPSHOT/hadoop-hdds-config-0.5.0-SNAPSHOT.jar:/home/user/.m2/repository/io/grpc/grpc-netty/1.17.1/grpc-netty-1.17.1.jar:/home/user/.m2/repository/io/grpc/grpc-core/1.17.1/grpc-core-1.17.1.jar:/home/user/.m2/repository/io/grpc/grpc-context/1.17.1/grpc-context-1.17.1.jar:/home/user/.m2/repository/com/google/errorprone/error_prone_annotations/2.2.0/error_prone_annotations-2.2.0.jar:/home/user/.m2/repository/org/codehaus/mojo/animal-sniffer-annotations/1.17/animal-sniffer-annotations-1.17.jar:/home/user/.m2/repository/io/opencensus/opencensus-api/0.17.0/opencensus-api-0.17.0.jar:/home/user/.m2/repository/io/opencensus/opencensus-contrib-grpc-metrics/0.17.0/opencensus-contrib-grpc-metrics-0.17.0.jar:/home/user/.m2/repository/io/netty/netty-codec-http2/4.1.30.Final/netty-codec-http2-4.1.30.Final.jar:/home/user/.m2/repository/io/netty/netty-codec-http/4.1.30.Final/netty-codec-http-4.1.30.Final.jar:/home/user/.m2/repository/io/netty/netty-codec/4.1.30.Final/netty-codec-4.1.30.Final.jar:/home/user/.m2/repository/io/netty/netty-handler/4.1.30.Final/netty-handler-4.1.30.Final.jar:/home/user/.m2/repository/io/netty/netty-handler-proxy/4.1.30.Final/netty-handler-proxy-4.1.30.Final.jar:/home/user/.m2/repository/io/netty/netty-codec-socks/4.1.30.Final/netty-codec-socks-4.1.30.Final.jar:/home/user/.m2/repository/io/netty/netty-transport-native-epoll/4.1.30.Final/netty-transport-native-epoll-4.1.30.Final.jar:/home/user/.m2/repository/io/netty/netty-common/4.1.30.Final/netty-common-4.1.30.Final.jar:/home/user/.m2/repository/io/netty/netty-buffer/4.1.30.Final/netty-buffer-4.1.30.Final.jar:/home/user/.m2/repository/io/netty/netty-transport/4.1.30.Final/netty-transport-4.1.30.Final.jar:/home/user/.m2/repository/io/netty/netty-resolver/4.1.30.Final/netty-resolver-4.1.30.Final.jar:/home/user/.m2/repository/io/netty/netty-transport-native-unix-common/4.1.30.Final/netty-transport-native-unix-common-4.1.30.Final.jar:/home/user/.m2/repository/io/grpc/grpc-protobuf/1.17.1/grpc-protobuf-1.17.1.jar:/home/user/.m2/repository/com/google/api/grpc/proto-google-common-protos/1.0.0/proto-google-common-protos-1.0.0.jar:/home/user/.m2/repository/io/grpc/grpc-protobuf-lite/1.17.1/grpc-protobuf-lite-1.17.1.jar:/home/user/.m2/repository/io/grpc/grpc-stub/1.17.1/grpc-stub-1.17.1.jar:/home/user/.m2/repository/org/apache/hadoop/hadoop-ozone-recon/0.5.0-SNAPSHOT/hadoop-ozone-recon-0.5.0-SNAPSHOT.jar:/home/user/.m2/repository/org/apache/hadoop/hadoop-ozone-reconcodegen/0.5.0-SNAPSHOT/hadoop-ozone-reconcodegen-0.5.0-SNAPSHOT.jar:/home/user/.m2/repository/com/google/inject/extensions/guice-multibindings/4.0/guice-multibindings-4.0.jar:/home/user/.m2/repository/com/google/inject/guice/4.0/guice-4.0.jar:/home/user/.m2/repository/aopalliance/aopalliance/1.0/aopalliance-1.0.jar:/home/user/.m2/repository/com/google/inject/extensions/guice-servlet/4.0/guice-servlet-4.0.jar:/home/user/.m2/repository/org/glassfish/jersey/containers/jersey-container-servlet/2.27/jersey-container-servlet-2.27.jar:/home/user/.m2/repository/org/glassfish/hk2/guice-bridge/2.5.0/guice-bridge-2.5.0.jar:/home/user/.m2/repository/org/glassfish/jersey/core/jersey-server/2.27/jersey-server-2.27.jar:/home/user/.m2/repository/org/glassfish/jersey/core/jersey-client/2.27/jersey-client-2.27.jar:/home/user/.m2/repository/org/glassfish/jersey/media/jersey-media-jaxb/2.27/jersey-media-jaxb-2.27.jar:/home/user/.m2/repository/javax/validation/validation-api/1.1.0.Final/validation-api-1.1.0.Final.jar:/home/user/.m2/repository/org/glassfish/jersey/media/jersey-media-json-jackson/2.27/jersey-media-json-jackson-2.27.jar:/home/user/.m2/repository/org/glassfish/jersey/ext/jersey-entity-filtering/2.27/jersey-entity-filtering-2.27.jar:/home/user/.m2/repository/com/google/inject/extensions/guice-assistedinject/4.0/guice-assistedinject-4.0.jar:/home/user/.m2/repository/org/jooq/jooq/3.11.10/jooq-3.11.10.jar:/home/user/.m2/repository/org/jooq/jooq-meta/3.11.10/jooq-meta-3.11.10.jar:/home/user/.m2/repository/org/jooq/jooq-codegen/3.11.10/jooq-codegen-3.11.10.jar:/home/user/.m2/repository/com/jolbox/bonecp/0.8.0.RELEASE/bonecp-0.8.0.RELEASE.jar:/home/user/.m2/repository/org/xerial/sqlite-jdbc/3.25.2/sqlite-jdbc-3.25.2.jar:/home/user/.m2/repository/org/springframework/spring-jdbc/5.1.3.RELEASE/spring-jdbc-5.1.3.RELEASE.jar:/home/user/.m2/repository/org/springframework/spring-beans/5.1.3.RELEASE/spring-beans-5.1.3.RELEASE.jar:/home/user/.m2/repository/org/springframework/spring-core/5.1.3.RELEASE/spring-core-5.1.3.RELEASE.jar:/home/user/.m2/repository/org/springframework/spring-jcl/5.1.3.RELEASE/spring-jcl-5.1.3.RELEASE.jar:/home/user/.m2/repository/org/springframework/spring-tx/5.1.3.RELEASE/spring-tx-5.1.3.RELEASE.jar:/home/user/.m2/repository/org/apache/hadoop/hadoop-ozone-client/0.5.0-SNAPSHOT/hadoop-ozone-client-0.5.0-SNAPSHOT.jar:/home/user/.m2/repository/commons-lang/commons-lang/2.6/commons-lang-2.6.jar:/home/user/.m2/repository/org/apache/hadoop/hadoop-ozone-ozone-manager/0.5.0-SNAPSHOT/hadoop-ozone-ozone-manager-0.5.0-SNAPSHOT-tests.jar:/home/user/.m2/repository/junit/junit/4.11/junit-4.11.jar:/home/user/.m2/repository/org/hamcrest/hamcrest-core/1.3/hamcrest-core-1.3.jar:/home/user/.m2/repository/org/openjdk/jmh/jmh-core/1.19/jmh-core-1.19.jar:/home/user/.m2/repository/net/sf/jopt-simple/jopt-simple/4.6/jopt-simple-4.6.jar:/home/user/.m2/repository/org/apache/commons/commons-math3/3.1.1/commons-math3-3.1.1.jar:/home/user/.m2/repository/org/openjdk/jmh/jmh-generator-annprocess/1.19/jmh-generator-annprocess-1.19.jar:/home/user/.m2/repository/org/mockito/mockito-all/1.8.5/mockito-all-1.8.5.jar:/home/user/.m2/repository/org/apache/hadoop/hadoop-kms/3.2.0/hadoop-kms-3.2.0.jar:/home/user/.m2/repository/org/apache/hadoop/hadoop-auth/3.2.0/hadoop-auth-3.2.0.jar:/home/user/.m2/repository/com/nimbusds/nimbus-jose-jwt/4.41.1/nimbus-jose-jwt-4.41.1.jar:/home/user/.m2/repository/com/github/stephenc/jcip/jcip-annotations/1.0-1/jcip-annotations-1.0-1.jar:/home/user/.m2/repository/net/minidev/json-smart/2.3/json-smart-2.3.jar:/home/user/.m2/repository/net/minidev/accessors-smart/1.2/accessors-smart-1.2.jar:/home/user/.m2/repository/org/ow2/asm/asm/5.0.4/asm-5.0.4.jar:/home/user/.m2/repository/org/apache/curator/curator-framework/2.12.0/curator-framework-2.12.0.jar:/home/user/.m2/repository/com/sun/jersey/jersey-core/1.19/jersey-core-1.19.jar:/home/user/.m2/repository/javax/ws/rs/jsr311-api/1.1.1/jsr311-api-1.1.1.jar:/home/user/.m2/repository/com/sun/jersey/jersey-server/1.19/jersey-server-1.19.jar:/home/user/.m2/repository/javax/servlet/javax.servlet-api/3.1.0/javax.servlet-api-3.1.0.jar:/home/user/.m2/repository/org/eclipse/jetty/jetty-server/9.3.25.v20180904/jetty-server-9.3.25.v20180904.jar:/home/user/.m2/repository/org/eclipse/jetty/jetty-http/9.3.25.v20180904/jetty-http-9.3.25.v20180904.jar:/home/user/.m2/repository/org/eclipse/jetty/jetty-io/9.3.25.v20180904/jetty-io-9.3.25.v20180904.jar:/home/user/.m2/repository/org/eclipse/jetty/jetty-webapp/9.3.25.v20180904/jetty-webapp-9.3.25.v20180904.jar:/home/user/.m2/repository/org/eclipse/jetty/jetty-xml/9.3.25.v20180904/jetty-xml-9.3.25.v20180904.jar:/home/user/.m2/repository/log4j/log4j/1.2.17/log4j-1.2.17.jar:/home/user/.m2/repository/org/slf4j/slf4j-api/1.7.25/slf4j-api-1.7.25.jar:/home/user/.m2/repository/org/slf4j/jul-to-slf4j/1.7.25/jul-to-slf4j-1.7.25.jar:/home/user/.m2/repository/org/eclipse/jetty/jetty-util/9.3.25.v20180904/jetty-util-9.3.25.v20180904.jar:/home/user/.m2/repository/com/fasterxml/jackson/core/jackson-databind/2.9.9/jackson-databind-2.9.9.jar:/home/user/.m2/repository/org/apache/hadoop/hadoop-kms/3.2.0/hadoop-kms-3.2.0-tests.jar:/home/user/.m2/repository/org/apache/hadoop/hadoop-hdds-server-scm/0.5.0-SNAPSHOT/hadoop-hdds-server-scm-0.5.0-SNAPSHOT-tests.jar:/home/user/.m2/repository/org/apache/hadoop/hadoop-hdds-container-service/0.5.0-SNAPSHOT/hadoop-hdds-container-service-0.5.0-SNAPSHOT-tests.jar:/home/user/.m2/repository/org/yaml/snakeyaml/1.16/snakeyaml-1.16.jar:/home/user/.m2/repository/org/apache/hadoop/hadoop-common/3.2.0/hadoop-common-3.2.0-tests.jar:/home/user/.m2/repository/org/apache/hadoop/hadoop-annotations/3.2.0/hadoop-annotations-3.2.0.jar:/usr/lib/jvm/java-1.8-openjdk/jre/../lib/tools.jar:/home/user/.m2/repository/commons-cli/commons-cli/1.2/commons-cli-1.2.jar:/home/user/.m2/repository/org/apache/httpcomponents/httpclient/4.5.2/httpclient-4.5.2.jar:/home/user/.m2/repository/org/apache/httpcomponents/httpcore/4.4.4/httpcore-4.4.4.jar:/home/user/.m2/repository/commons-codec/commons-codec/1.11/commons-codec-1.11.jar:/home/user/.m2/repository/commons-net/commons-net/3.6/commons-net-3.6.jar:/home/user/.m2/repository/commons-collections/commons-collections/3.2.2/commons-collections-3.2.2.jar:/home/user/.m2/repository/org/eclipse/jetty/jetty-servlet/9.3.25.v20180904/jetty-servlet-9.3.25.v20180904.jar:/home/user/.m2/repository/org/eclipse/jetty/jetty-security/9.3.25.v20180904/jetty-security-9.3.25.v20180904.jar:/home/user/.m2/repository/javax/servlet/jsp/jsp-api/2.1/jsp-api-2.1.jar:/home/user/.m2/repository/com/sun/jersey/jersey-servlet/1.19/jersey-servlet-1.19.jar:/home/user/.m2/repository/com/sun/jersey/jersey-json/1.19/jersey-json-1.19.jar:/home/user/.m2/repository/org/codehaus/jettison/jettison/1.1/jettison-1.1.jar:/home/user/.m2/repository/org/codehaus/jackson/jackson-core-asl/1.9.13/jackson-core-asl-1.9.13.jar:/home/user/.m2/repository/org/codehaus/jackson/jackson-mapper-asl/1.9.13/jackson-mapper-asl-1.9.13.jar:/home/user/.m2/repository/org/codehaus/jackson/jackson-jaxrs/1.9.13/jackson-jaxrs-1.9.13.jar:/home/user/.m2/repository/org/codehaus/jackson/jackson-xc/1.9.13/jackson-xc-1.9.13.jar:/home/user/.m2/repository/commons-logging/commons-logging/1.1.3/commons-logging-1.1.3.jar:/home/user/.m2/repository/commons-beanutils/commons-beanutils/1.9.4/commons-beanutils-1.9.4.jar:/home/user/.m2/repository/org/apache/commons/commons-configuration2/2.1.1/commons-configuration2-2.1.1.jar:/home/user/.m2/repository/org/apache/commons/commons-lang3/3.7/commons-lang3-3.7.jar:/home/user/.m2/repository/org/apache/commons/commons-text/1.4/commons-text-1.4.jar:/home/user/.m2/repository/org/apache/avro/avro/1.7.7/avro-1.7.7.jar:/home/user/.m2/repository/com/thoughtworks/paranamer/paranamer/2.3/paranamer-2.3.jar:/home/user/.m2/repository/org/xerial/snappy/snappy-java/1.0.5/snappy-java-1.0.5.jar:/home/user/.m2/repository/com/google/re2j/re2j/1.1/re2j-1.1.jar:/home/user/.m2/repository/com/google/code/gson/gson/2.2.4/gson-2.2.4.jar:/home/user/.m2/repository/com/jcraft/jsch/0.1.54/jsch-0.1.54.jar:/home/user/.m2/repository/org/apache/curator/curator-client/2.12.0/curator-client-2.12.0.jar:/home/user/.m2/repository/org/apache/curator/curator-recipes/2.12.0/curator-recipes-2.12.0.jar:/home/user/.m2/repository/com/google/code/findbugs/jsr305/3.0.0/jsr305-3.0.0.jar:/home/user/.m2/repository/org/apache/htrace/htrace-core4/4.1.0-incubating/htrace-core4-4.1.0-incubating.jar:/home/user/.m2/repository/org/apache/zookeeper/zookeeper/3.4.13/zookeeper-3.4.13.jar:/home/user/.m2/repository/jline/jline/0.9.94/jline-0.9.94.jar:/home/user/.m2/repository/org/apache/yetus/audience-annotations/0.5.0/audience-annotations-0.5.0.jar:/home/user/.m2/repository/org/codehaus/woodstox/stax2-api/3.1.4/stax2-api-3.1.4.jar:/home/user/.m2/repository/com/fasterxml/woodstox/woodstox-core/5.0.3/woodstox-core-5.0.3.jar:/home/user/.m2/repository/dnsjava/dnsjava/2.1.7/dnsjava-2.1.7.jar:/home/user/.m2/repository/org/apache/hadoop/hadoop-hdfs/3.2.0/hadoop-hdfs-3.2.0-tests.jar:/home/user/.m2/repository/org/eclipse/jetty/jetty-util-ajax/9.3.25.v20180904/jetty-util-ajax-9.3.25.v20180904.jar:/home/user/.m2/repository/commons-daemon/commons-daemon/1.0.13/commons-daemon-1.0.13.jar:/home/user/.m2/repository/io/netty/netty/3.10.5.Final/netty-3.10.5.Final.jar:/home/user/.m2/repository/io/netty/netty-all/4.0.52.Final/netty-all-4.0.52.Final.jar:/home/user/.m2/repository/org/fusesource/leveldbjni/leveldbjni-all/1.8/leveldbjni-all-1.8.jar:"/>
    <property name="java.vm.vendor" value="IcedTea"/>
    <property name="sun.arch.data.model" value="64"/>
    <property name="test.build.dir" value="/workdir/hadoop-ozone/integration-test/target/test-dir"/>
    <property name="test.cache.data" value=""/>
    <property name="java.vendor.url" value="https://icedtea.classpath.org"/>
    <property name="user.timezone" value=""/>
    <property name="java.vm.specification.version" value="1.8"/>
    <property name="os.name" value="Linux"/>
    <property name="test.build.data" value="/workdir/hadoop-ozone/integration-test/target/test-dir"/>
    <property name="user.country" value="US"/>
    <property name="sun.java.launcher" value="SUN_STANDARD"/>
    <property name="sun.boot.library.path" value="/usr/lib/jvm/java-1.8-openjdk/jre/lib/amd64"/>
    <property name="sun.java.command" value="/workdir/hadoop-ozone/integration-test/target/surefire/surefirebooter1942525455626852955.jar /workdir/hadoop-ozone/integration-test/target/surefire 2019-10-08T20-33-26_702-jvmRun1 surefire943515782403730733tmp surefire_28349441652884985125tmp"/>
    <property name="test" value="!TestMiniChaosOzoneCluster"/>
    <property name="surefire.test.class.path" value="/workdir/hadoop-ozone/integration-test/target/test-classes:/workdir/hadoop-ozone/integration-test/target/classes:/home/user/.m2/repository/org/apache/hadoop/hadoop-ozone-common/0.5.0-SNAPSHOT/hadoop-ozone-common-0.5.0-SNAPSHOT.jar:/home/user/.m2/repository/org/apache/commons/commons-compress/1.4.1/commons-compress-1.4.1.jar:/home/user/.m2/repository/org/tukaani/xz/1.0/xz-1.0.jar:/home/user/.m2/repository/org/apache/hadoop/hadoop-common/3.2.0/hadoop-common-3.2.0.jar:/home/user/.m2/repository/org/apache/hadoop/hadoop-hdfs/3.2.0/hadoop-hdfs-3.2.0.jar:/home/user/.m2/repository/org/apache/hadoop/hadoop-hdfs-client/3.2.0/hadoop-hdfs-client-3.2.0.jar:/home/user/.m2/repository/com/fasterxml/jackson/core/jackson-annotations/2.9.9/jackson-annotations-2.9.9.jar:/home/user/.m2/repository/org/apache/hadoop/hadoop-hdds-common/0.5.0-SNAPSHOT/hadoop-hdds-common-0.5.0-SNAPSHOT.jar:/home/user/.m2/repository/javax/annotation/javax.annotation-api/1.2/javax.annotation-api-1.2.jar:/home/user/.m2/repository/org/apache/ratis/ratis-server/0.5.0-63cd2fb-SNAPSHOT/ratis-server-0.5.0-63cd2fb-SNAPSHOT.jar:/home/user/.m2/repository/org/apache/ratis/ratis-thirdparty-misc/0.2.0/ratis-thirdparty-misc-0.2.0.jar:/home/user/.m2/repository/org/apache/ratis/ratis-proto/0.5.0-63cd2fb-SNAPSHOT/ratis-proto-0.5.0-63cd2fb-SNAPSHOT.jar:/home/user/.m2/repository/org/apache/ratis/ratis-common/0.5.0-63cd2fb-SNAPSHOT/ratis-common-0.5.0-63cd2fb-SNAPSHOT.jar:/home/user/.m2/repository/org/apache/ratis/ratis-client/0.5.0-63cd2fb-SNAPSHOT/ratis-client-0.5.0-63cd2fb-SNAPSHOT.jar:/home/user/.m2/repository/org/apache/ratis/ratis-metrics/0.5.0-63cd2fb-SNAPSHOT/ratis-metrics-0.5.0-63cd2fb-SNAPSHOT.jar:/home/user/.m2/repository/com/github/joshelser/dropwizard-metrics-hadoop-metrics2-reporter/0.1.2/dropwizard-metrics-hadoop-metrics2-reporter-0.1.2.jar:/home/user/.m2/repository/io/dropwizard/metrics/metrics-jvm/3.2.5/metrics-jvm-3.2.5.jar:/home/user/.m2/repository/io/dropwizard/metrics/metrics-ganglia/3.2.5/metrics-ganglia-3.2.5.jar:/home/user/.m2/repository/info/ganglia/gmetric4j/gmetric4j/1.0.7/gmetric4j-1.0.7.jar:/home/user/.m2/repository/org/apache/ratis/ratis-netty/0.5.0-63cd2fb-SNAPSHOT/ratis-netty-0.5.0-63cd2fb-SNAPSHOT.jar:/home/user/.m2/repository/org/apache/ratis/ratis-grpc/0.5.0-63cd2fb-SNAPSHOT/ratis-grpc-0.5.0-63cd2fb-SNAPSHOT.jar:/home/user/.m2/repository/org/rocksdb/rocksdbjni/6.0.1/rocksdbjni-6.0.1.jar:/home/user/.m2/repository/org/apache/logging/log4j/log4j-api/2.11.0/log4j-api-2.11.0.jar:/home/user/.m2/repository/org/apache/logging/log4j/log4j-core/2.11.0/log4j-core-2.11.0.jar:/home/user/.m2/repository/com/lmax/disruptor/3.4.2/disruptor-3.4.2.jar:/home/user/.m2/repository/org/apache/commons/commons-pool2/2.6.0/commons-pool2-2.6.0.jar:/home/user/.m2/repository/org/bouncycastle/bcpkix-jdk15on/1.60/bcpkix-jdk15on-1.60.jar:/home/user/.m2/repository/commons-validator/commons-validator/1.6/commons-validator-1.6.jar:/home/user/.m2/repository/commons-digester/commons-digester/1.8.1/commons-digester-1.8.1.jar:/home/user/.m2/repository/io/jaegertracing/jaeger-client/0.34.0/jaeger-client-0.34.0.jar:/home/user/.m2/repository/io/jaegertracing/jaeger-thrift/0.34.0/jaeger-thrift-0.34.0.jar:/home/user/.m2/repository/org/apache/thrift/libthrift/0.12.0/libthrift-0.12.0.jar:/home/user/.m2/repository/com/squareup/okhttp3/okhttp/3.9.0/okhttp-3.9.0.jar:/home/user/.m2/repository/com/squareup/okio/okio/1.13.0/okio-1.13.0.jar:/home/user/.m2/repository/io/jaegertracing/jaeger-core/0.34.0/jaeger-core-0.34.0.jar:/home/user/.m2/repository/io/jaegertracing/jaeger-tracerresolver/0.34.0/jaeger-tracerresolver-0.34.0.jar:/home/user/.m2/repository/io/opentracing/contrib/opentracing-tracerresolver/0.1.5/opentracing-tracerresolver-0.1.5.jar:/home/user/.m2/repository/io/opentracing/opentracing-util/0.31.0/opentracing-util-0.31.0.jar:/home/user/.m2/repository/io/opentracing/opentracing-api/0.31.0/opentracing-api-0.31.0.jar:/home/user/.m2/repository/io/opentracing/opentracing-noop/0.31.0/opentracing-noop-0.31.0.jar:/home/user/.m2/repository/org/apache/hadoop/hadoop-hdds-server-framework/0.5.0-SNAPSHOT/hadoop-hdds-server-framework-0.5.0-SNAPSHOT.jar:/home/user/.m2/repository/org/apache/hadoop/hadoop-hdds-container-service/0.5.0-SNAPSHOT/hadoop-hdds-container-service-0.5.0-SNAPSHOT.jar:/home/user/.m2/repository/org/apache/hadoop/hadoop-hdds-client/0.5.0-SNAPSHOT/hadoop-hdds-client-0.5.0-SNAPSHOT.jar:/home/user/.m2/repository/org/apache/hadoop/hadoop-hdds-tools/0.5.0-SNAPSHOT/hadoop-hdds-tools-0.5.0-SNAPSHOT.jar:/home/user/.m2/repository/org/apache/hadoop/hadoop-hdds-server-scm/0.5.0-SNAPSHOT/hadoop-hdds-server-scm-0.5.0-SNAPSHOT.jar:/home/user/.m2/repository/org/apache/hadoop/hadoop-hdds-docs/0.5.0-SNAPSHOT/hadoop-hdds-docs-0.5.0-SNAPSHOT.jar:/home/user/.m2/repository/io/dropwizard/metrics/metrics-core/3.2.4/metrics-core-3.2.4.jar:/home/user/.m2/repository/org/hamcrest/hamcrest-all/1.3/hamcrest-all-1.3.jar:/home/user/.m2/repository/org/bouncycastle/bcprov-jdk15on/1.60/bcprov-jdk15on-1.60.jar:/home/user/.m2/repository/info/picocli/picocli/3.9.6/picocli-3.9.6.jar:/home/user/.m2/repository/com/google/protobuf/protobuf-java/2.5.0/protobuf-java-2.5.0.jar:/home/user/.m2/repository/com/google/guava/guava/11.0.2/guava-11.0.2.jar:/home/user/.m2/repository/org/apache/hadoop/hadoop-ozone-ozone-manager/0.5.0-SNAPSHOT/hadoop-ozone-ozone-manager-0.5.0-SNAPSHOT.jar:/home/user/.m2/repository/org/apache/hadoop/hadoop-minikdc/3.2.0/hadoop-minikdc-3.2.0.jar:/home/user/.m2/repository/commons-io/commons-io/2.5/commons-io-2.5.jar:/home/user/.m2/repository/org/apache/kerby/kerb-simplekdc/1.0.1/kerb-simplekdc-1.0.1.jar:/home/user/.m2/repository/org/apache/kerby/kerb-client/1.0.1/kerb-client-1.0.1.jar:/home/user/.m2/repository/org/apache/kerby/kerby-config/1.0.1/kerby-config-1.0.1.jar:/home/user/.m2/repository/org/apache/kerby/kerb-core/1.0.1/kerb-core-1.0.1.jar:/home/user/.m2/repository/org/apache/kerby/kerby-pkix/1.0.1/kerby-pkix-1.0.1.jar:/home/user/.m2/repository/org/apache/kerby/kerby-asn1/1.0.1/kerby-asn1-1.0.1.jar:/home/user/.m2/repository/org/apache/kerby/kerby-util/1.0.1/kerby-util-1.0.1.jar:/home/user/.m2/repository/org/apache/kerby/kerb-common/1.0.1/kerb-common-1.0.1.jar:/home/user/.m2/repository/org/apache/kerby/kerb-crypto/1.0.1/kerb-crypto-1.0.1.jar:/home/user/.m2/repository/org/apache/kerby/kerb-util/1.0.1/kerb-util-1.0.1.jar:/home/user/.m2/repository/org/apache/kerby/token-provider/1.0.1/token-provider-1.0.1.jar:/home/user/.m2/repository/org/apache/kerby/kerb-admin/1.0.1/kerb-admin-1.0.1.jar:/home/user/.m2/repository/org/apache/kerby/kerb-server/1.0.1/kerb-server-1.0.1.jar:/home/user/.m2/repository/org/apache/kerby/kerb-identity/1.0.1/kerb-identity-1.0.1.jar:/home/user/.m2/repository/org/apache/kerby/kerby-xdr/1.0.1/kerby-xdr-1.0.1.jar:/home/user/.m2/repository/org/slf4j/slf4j-log4j12/1.7.25/slf4j-log4j12-1.7.25.jar:/home/user/.m2/repository/org/apache/hadoop/hadoop-ozone-s3gateway/0.5.0-SNAPSHOT/hadoop-ozone-s3gateway-0.5.0-SNAPSHOT.jar:/home/user/.m2/repository/org/jboss/weld/servlet/weld-servlet/2.4.7.Final/weld-servlet-2.4.7.Final.jar:/home/user/.m2/repository/org/glassfish/jersey/containers/jersey-container-servlet-core/2.27/jersey-container-servlet-core-2.27.jar:/home/user/.m2/repository/org/glassfish/hk2/external/javax.inject/2.5.0-b42/javax.inject-2.5.0-b42.jar:/home/user/.m2/repository/org/glassfish/jersey/core/jersey-common/2.27/jersey-common-2.27.jar:/home/user/.m2/repository/org/glassfish/hk2/osgi-resource-locator/1.0.1/osgi-resource-locator-1.0.1.jar:/home/user/.m2/repository/javax/ws/rs/javax.ws.rs-api/2.1/javax.ws.rs-api-2.1.jar:/home/user/.m2/repository/org/glassfish/jersey/ext/cdi/jersey-cdi1x/2.27/jersey-cdi1x-2.27.jar:/home/user/.m2/repository/org/glassfish/jersey/inject/jersey-hk2/2.27/jersey-hk2-2.27.jar:/home/user/.m2/repository/org/glassfish/hk2/hk2-locator/2.5.0-b42/hk2-locator-2.5.0-b42.jar:/home/user/.m2/repository/org/javassist/javassist/3.22.0-CR2/javassist-3.22.0-CR2.jar:/home/user/.m2/repository/org/glassfish/hk2/hk2-api/2.5.0/hk2-api-2.5.0.jar:/home/user/.m2/repository/org/glassfish/hk2/external/jakarta.inject/2.5.0/jakarta.inject-2.5.0.jar:/home/user/.m2/repository/org/glassfish/hk2/hk2-utils/2.5.0/hk2-utils-2.5.0.jar:/home/user/.m2/repository/jakarta/annotation/jakarta.annotation-api/1.3.4/jakarta.annotation-api-1.3.4.jar:/home/user/.m2/repository/org/glassfish/hk2/external/aopalliance-repackaged/2.5.0/aopalliance-repackaged-2.5.0.jar:/home/user/.m2/repository/com/fasterxml/jackson/dataformat/jackson-dataformat-xml/2.9.0/jackson-dataformat-xml-2.9.0.jar:/home/user/.m2/repository/com/fasterxml/jackson/core/jackson-core/2.9.9/jackson-core-2.9.9.jar:/home/user/.m2/repository/com/fasterxml/jackson/module/jackson-module-jaxb-annotations/2.9.9/jackson-module-jaxb-annotations-2.9.9.jar:/home/user/.m2/repository/javax/enterprise/cdi-api/1.2/cdi-api-1.2.jar:/home/user/.m2/repository/javax/el/javax.el-api/3.0.0/javax.el-api-3.0.0.jar:/home/user/.m2/repository/javax/interceptor/javax.interceptor-api/1.2/javax.interceptor-api-1.2.jar:/home/user/.m2/repository/javax/inject/javax.inject/1/javax.inject-1.jar:/home/user/.m2/repository/com/sun/xml/bind/jaxb-impl/2.3.0.1/jaxb-impl-2.3.0.1.jar:/home/user/.m2/repository/com/sun/xml/bind/jaxb-core/2.3.0.1/jaxb-core-2.3.0.1.jar:/home/user/.m2/repository/javax/xml/bind/jaxb-api/2.3.0/jaxb-api-2.3.0.jar:/home/user/.m2/repository/javax/activation/activation/1.1.1/activation-1.1.1.jar:/home/user/.m2/repository/org/apache/hadoop/hadoop-ozone-csi/0.5.0-SNAPSHOT/hadoop-ozone-csi-0.5.0-SNAPSHOT.jar:/home/user/.m2/repository/com/google/protobuf/protobuf-java-util/3.5.1/protobuf-java-util-3.5.1.jar:/home/user/.m2/repository/org/apache/hadoop/hadoop-hdds-config/0.5.0-SNAPSHOT/hadoop-hdds-config-0.5.0-SNAPSHOT.jar:/home/user/.m2/repository/io/grpc/grpc-netty/1.17.1/grpc-netty-1.17.1.jar:/home/user/.m2/repository/io/grpc/grpc-core/1.17.1/grpc-core-1.17.1.jar:/home/user/.m2/repository/io/grpc/grpc-context/1.17.1/grpc-context-1.17.1.jar:/home/user/.m2/repository/com/google/errorprone/error_prone_annotations/2.2.0/error_prone_annotations-2.2.0.jar:/home/user/.m2/repository/org/codehaus/mojo/animal-sniffer-annotations/1.17/animal-sniffer-annotations-1.17.jar:/home/user/.m2/repository/io/opencensus/opencensus-api/0.17.0/opencensus-api-0.17.0.jar:/home/user/.m2/repository/io/opencensus/opencensus-contrib-grpc-metrics/0.17.0/opencensus-contrib-grpc-metrics-0.17.0.jar:/home/user/.m2/repository/io/netty/netty-codec-http2/4.1.30.Final/netty-codec-http2-4.1.30.Final.jar:/home/user/.m2/repository/io/netty/netty-codec-http/4.1.30.Final/netty-codec-http-4.1.30.Final.jar:/home/user/.m2/repository/io/netty/netty-codec/4.1.30.Final/netty-codec-4.1.30.Final.jar:/home/user/.m2/repository/io/netty/netty-handler/4.1.30.Final/netty-handler-4.1.30.Final.jar:/home/user/.m2/repository/io/netty/netty-handler-proxy/4.1.30.Final/netty-handler-proxy-4.1.30.Final.jar:/home/user/.m2/repository/io/netty/netty-codec-socks/4.1.30.Final/netty-codec-socks-4.1.30.Final.jar:/home/user/.m2/repository/io/netty/netty-transport-native-epoll/4.1.30.Final/netty-transport-native-epoll-4.1.30.Final.jar:/home/user/.m2/repository/io/netty/netty-common/4.1.30.Final/netty-common-4.1.30.Final.jar:/home/user/.m2/repository/io/netty/netty-buffer/4.1.30.Final/netty-buffer-4.1.30.Final.jar:/home/user/.m2/repository/io/netty/netty-transport/4.1.30.Final/netty-transport-4.1.30.Final.jar:/home/user/.m2/repository/io/netty/netty-resolver/4.1.30.Final/netty-resolver-4.1.30.Final.jar:/home/user/.m2/repository/io/netty/netty-transport-native-unix-common/4.1.30.Final/netty-transport-native-unix-common-4.1.30.Final.jar:/home/user/.m2/repository/io/grpc/grpc-protobuf/1.17.1/grpc-protobuf-1.17.1.jar:/home/user/.m2/repository/com/google/api/grpc/proto-google-common-protos/1.0.0/proto-google-common-protos-1.0.0.jar:/home/user/.m2/repository/io/grpc/grpc-protobuf-lite/1.17.1/grpc-protobuf-lite-1.17.1.jar:/home/user/.m2/repository/io/grpc/grpc-stub/1.17.1/grpc-stub-1.17.1.jar:/home/user/.m2/repository/org/apache/hadoop/hadoop-ozone-recon/0.5.0-SNAPSHOT/hadoop-ozone-recon-0.5.0-SNAPSHOT.jar:/home/user/.m2/repository/org/apache/hadoop/hadoop-ozone-reconcodegen/0.5.0-SNAPSHOT/hadoop-ozone-reconcodegen-0.5.0-SNAPSHOT.jar:/home/user/.m2/repository/com/google/inject/extensions/guice-multibindings/4.0/guice-multibindings-4.0.jar:/home/user/.m2/repository/com/google/inject/guice/4.0/guice-4.0.jar:/home/user/.m2/repository/aopalliance/aopalliance/1.0/aopalliance-1.0.jar:/home/user/.m2/repository/com/google/inject/extensions/guice-servlet/4.0/guice-servlet-4.0.jar:/home/user/.m2/repository/org/glassfish/jersey/containers/jersey-container-servlet/2.27/jersey-container-servlet-2.27.jar:/home/user/.m2/repository/org/glassfish/hk2/guice-bridge/2.5.0/guice-bridge-2.5.0.jar:/home/user/.m2/repository/org/glassfish/jersey/core/jersey-server/2.27/jersey-server-2.27.jar:/home/user/.m2/repository/org/glassfish/jersey/core/jersey-client/2.27/jersey-client-2.27.jar:/home/user/.m2/repository/org/glassfish/jersey/media/jersey-media-jaxb/2.27/jersey-media-jaxb-2.27.jar:/home/user/.m2/repository/javax/validation/validation-api/1.1.0.Final/validation-api-1.1.0.Final.jar:/home/user/.m2/repository/org/glassfish/jersey/media/jersey-media-json-jackson/2.27/jersey-media-json-jackson-2.27.jar:/home/user/.m2/repository/org/glassfish/jersey/ext/jersey-entity-filtering/2.27/jersey-entity-filtering-2.27.jar:/home/user/.m2/repository/com/google/inject/extensions/guice-assistedinject/4.0/guice-assistedinject-4.0.jar:/home/user/.m2/repository/org/jooq/jooq/3.11.10/jooq-3.11.10.jar:/home/user/.m2/repository/org/jooq/jooq-meta/3.11.10/jooq-meta-3.11.10.jar:/home/user/.m2/repository/org/jooq/jooq-codegen/3.11.10/jooq-codegen-3.11.10.jar:/home/user/.m2/repository/com/jolbox/bonecp/0.8.0.RELEASE/bonecp-0.8.0.RELEASE.jar:/home/user/.m2/repository/org/xerial/sqlite-jdbc/3.25.2/sqlite-jdbc-3.25.2.jar:/home/user/.m2/repository/org/springframework/spring-jdbc/5.1.3.RELEASE/spring-jdbc-5.1.3.RELEASE.jar:/home/user/.m2/repository/org/springframework/spring-beans/5.1.3.RELEASE/spring-beans-5.1.3.RELEASE.jar:/home/user/.m2/repository/org/springframework/spring-core/5.1.3.RELEASE/spring-core-5.1.3.RELEASE.jar:/home/user/.m2/repository/org/springframework/spring-jcl/5.1.3.RELEASE/spring-jcl-5.1.3.RELEASE.jar:/home/user/.m2/repository/org/springframework/spring-tx/5.1.3.RELEASE/spring-tx-5.1.3.RELEASE.jar:/home/user/.m2/repository/org/apache/hadoop/hadoop-ozone-client/0.5.0-SNAPSHOT/hadoop-ozone-client-0.5.0-SNAPSHOT.jar:/home/user/.m2/repository/commons-lang/commons-lang/2.6/commons-lang-2.6.jar:/home/user/.m2/repository/org/apache/hadoop/hadoop-ozone-ozone-manager/0.5.0-SNAPSHOT/hadoop-ozone-ozone-manager-0.5.0-SNAPSHOT-tests.jar:/home/user/.m2/repository/junit/junit/4.11/junit-4.11.jar:/home/user/.m2/repository/org/hamcrest/hamcrest-core/1.3/hamcrest-core-1.3.jar:/home/user/.m2/repository/org/openjdk/jmh/jmh-core/1.19/jmh-core-1.19.jar:/home/user/.m2/repository/net/sf/jopt-simple/jopt-simple/4.6/jopt-simple-4.6.jar:/home/user/.m2/repository/org/apache/commons/commons-math3/3.1.1/commons-math3-3.1.1.jar:/home/user/.m2/repository/org/openjdk/jmh/jmh-generator-annprocess/1.19/jmh-generator-annprocess-1.19.jar:/home/user/.m2/repository/org/mockito/mockito-all/1.8.5/mockito-all-1.8.5.jar:/home/user/.m2/repository/org/apache/hadoop/hadoop-kms/3.2.0/hadoop-kms-3.2.0.jar:/home/user/.m2/repository/org/apache/hadoop/hadoop-auth/3.2.0/hadoop-auth-3.2.0.jar:/home/user/.m2/repository/com/nimbusds/nimbus-jose-jwt/4.41.1/nimbus-jose-jwt-4.41.1.jar:/home/user/.m2/repository/com/github/stephenc/jcip/jcip-annotations/1.0-1/jcip-annotations-1.0-1.jar:/home/user/.m2/repository/net/minidev/json-smart/2.3/json-smart-2.3.jar:/home/user/.m2/repository/net/minidev/accessors-smart/1.2/accessors-smart-1.2.jar:/home/user/.m2/repository/org/ow2/asm/asm/5.0.4/asm-5.0.4.jar:/home/user/.m2/repository/org/apache/curator/curator-framework/2.12.0/curator-framework-2.12.0.jar:/home/user/.m2/repository/com/sun/jersey/jersey-core/1.19/jersey-core-1.19.jar:/home/user/.m2/repository/javax/ws/rs/jsr311-api/1.1.1/jsr311-api-1.1.1.jar:/home/user/.m2/repository/com/sun/jersey/jersey-server/1.19/jersey-server-1.19.jar:/home/user/.m2/repository/javax/servlet/javax.servlet-api/3.1.0/javax.servlet-api-3.1.0.jar:/home/user/.m2/repository/org/eclipse/jetty/jetty-server/9.3.25.v20180904/jetty-server-9.3.25.v20180904.jar:/home/user/.m2/repository/org/eclipse/jetty/jetty-http/9.3.25.v20180904/jetty-http-9.3.25.v20180904.jar:/home/user/.m2/repository/org/eclipse/jetty/jetty-io/9.3.25.v20180904/jetty-io-9.3.25.v20180904.jar:/home/user/.m2/repository/org/eclipse/jetty/jetty-webapp/9.3.25.v20180904/jetty-webapp-9.3.25.v20180904.jar:/home/user/.m2/repository/org/eclipse/jetty/jetty-xml/9.3.25.v20180904/jetty-xml-9.3.25.v20180904.jar:/home/user/.m2/repository/log4j/log4j/1.2.17/log4j-1.2.17.jar:/home/user/.m2/repository/org/slf4j/slf4j-api/1.7.25/slf4j-api-1.7.25.jar:/home/user/.m2/repository/org/slf4j/jul-to-slf4j/1.7.25/jul-to-slf4j-1.7.25.jar:/home/user/.m2/repository/org/eclipse/jetty/jetty-util/9.3.25.v20180904/jetty-util-9.3.25.v20180904.jar:/home/user/.m2/repository/com/fasterxml/jackson/core/jackson-databind/2.9.9/jackson-databind-2.9.9.jar:/home/user/.m2/repository/org/apache/hadoop/hadoop-kms/3.2.0/hadoop-kms-3.2.0-tests.jar:/home/user/.m2/repository/org/apache/hadoop/hadoop-hdds-server-scm/0.5.0-SNAPSHOT/hadoop-hdds-server-scm-0.5.0-SNAPSHOT-tests.jar:/home/user/.m2/repository/org/apache/hadoop/hadoop-hdds-container-service/0.5.0-SNAPSHOT/hadoop-hdds-container-service-0.5.0-SNAPSHOT-tests.jar:/home/user/.m2/repository/org/yaml/snakeyaml/1.16/snakeyaml-1.16.jar:/home/user/.m2/repository/org/apache/hadoop/hadoop-common/3.2.0/hadoop-common-3.2.0-tests.jar:/home/user/.m2/repository/org/apache/hadoop/hadoop-annotations/3.2.0/hadoop-annotations-3.2.0.jar:/usr/lib/jvm/java-1.8-openjdk/jre/../lib/tools.jar:/home/user/.m2/repository/commons-cli/commons-cli/1.2/commons-cli-1.2.jar:/home/user/.m2/repository/org/apache/httpcomponents/httpclient/4.5.2/httpclient-4.5.2.jar:/home/user/.m2/repository/org/apache/httpcomponents/httpcore/4.4.4/httpcore-4.4.4.jar:/home/user/.m2/repository/commons-codec/commons-codec/1.11/commons-codec-1.11.jar:/home/user/.m2/repository/commons-net/commons-net/3.6/commons-net-3.6.jar:/home/user/.m2/repository/commons-collections/commons-collections/3.2.2/commons-collections-3.2.2.jar:/home/user/.m2/repository/org/eclipse/jetty/jetty-servlet/9.3.25.v20180904/jetty-servlet-9.3.25.v20180904.jar:/home/user/.m2/repository/org/eclipse/jetty/jetty-security/9.3.25.v20180904/jetty-security-9.3.25.v20180904.jar:/home/user/.m2/repository/javax/servlet/jsp/jsp-api/2.1/jsp-api-2.1.jar:/home/user/.m2/repository/com/sun/jersey/jersey-servlet/1.19/jersey-servlet-1.19.jar:/home/user/.m2/repository/com/sun/jersey/jersey-json/1.19/jersey-json-1.19.jar:/home/user/.m2/repository/org/codehaus/jettison/jettison/1.1/jettison-1.1.jar:/home/user/.m2/repository/org/codehaus/jackson/jackson-core-asl/1.9.13/jackson-core-asl-1.9.13.jar:/home/user/.m2/repository/org/codehaus/jackson/jackson-mapper-asl/1.9.13/jackson-mapper-asl-1.9.13.jar:/home/user/.m2/repository/org/codehaus/jackson/jackson-jaxrs/1.9.13/jackson-jaxrs-1.9.13.jar:/home/user/.m2/repository/org/codehaus/jackson/jackson-xc/1.9.13/jackson-xc-1.9.13.jar:/home/user/.m2/repository/commons-logging/commons-logging/1.1.3/commons-logging-1.1.3.jar:/home/user/.m2/repository/commons-beanutils/commons-beanutils/1.9.4/commons-beanutils-1.9.4.jar:/home/user/.m2/repository/org/apache/commons/commons-configuration2/2.1.1/commons-configuration2-2.1.1.jar:/home/user/.m2/repository/org/apache/commons/commons-lang3/3.7/commons-lang3-3.7.jar:/home/user/.m2/repository/org/apache/commons/commons-text/1.4/commons-text-1.4.jar:/home/user/.m2/repository/org/apache/avro/avro/1.7.7/avro-1.7.7.jar:/home/user/.m2/repository/com/thoughtworks/paranamer/paranamer/2.3/paranamer-2.3.jar:/home/user/.m2/repository/org/xerial/snappy/snappy-java/1.0.5/snappy-java-1.0.5.jar:/home/user/.m2/repository/com/google/re2j/re2j/1.1/re2j-1.1.jar:/home/user/.m2/repository/com/google/code/gson/gson/2.2.4/gson-2.2.4.jar:/home/user/.m2/repository/com/jcraft/jsch/0.1.54/jsch-0.1.54.jar:/home/user/.m2/repository/org/apache/curator/curator-client/2.12.0/curator-client-2.12.0.jar:/home/user/.m2/repository/org/apache/curator/curator-recipes/2.12.0/curator-recipes-2.12.0.jar:/home/user/.m2/repository/com/google/code/findbugs/jsr305/3.0.0/jsr305-3.0.0.jar:/home/user/.m2/repository/org/apache/htrace/htrace-core4/4.1.0-incubating/htrace-core4-4.1.0-incubating.jar:/home/user/.m2/repository/org/apache/zookeeper/zookeeper/3.4.13/zookeeper-3.4.13.jar:/home/user/.m2/repository/jline/jline/0.9.94/jline-0.9.94.jar:/home/user/.m2/repository/org/apache/yetus/audience-annotations/0.5.0/audience-annotations-0.5.0.jar:/home/user/.m2/repository/org/codehaus/woodstox/stax2-api/3.1.4/stax2-api-3.1.4.jar:/home/user/.m2/repository/com/fasterxml/woodstox/woodstox-core/5.0.3/woodstox-core-5.0.3.jar:/home/user/.m2/repository/dnsjava/dnsjava/2.1.7/dnsjava-2.1.7.jar:/home/user/.m2/repository/org/apache/hadoop/hadoop-hdfs/3.2.0/hadoop-hdfs-3.2.0-tests.jar:/home/user/.m2/repository/org/eclipse/jetty/jetty-util-ajax/9.3.25.v20180904/jetty-util-ajax-9.3.25.v20180904.jar:/home/user/.m2/repository/commons-daemon/commons-daemon/1.0.13/commons-daemon-1.0.13.jar:/home/user/.m2/repository/io/netty/netty/3.10.5.Final/netty-3.10.5.Final.jar:/home/user/.m2/repository/io/netty/netty-all/4.0.52.Final/netty-all-4.0.52.Final.jar:/home/user/.m2/repository/org/fusesource/leveldbjni/leveldbjni-all/1.8/leveldbjni-all-1.8.jar:"/>
    <property name="sun.cpu.endian" value="little"/>
    <property name="user.home" value="/home/user"/>
    <property name="user.language" value="en"/>
    <property name="java.specification.vendor" value="Oracle Corporation"/>
    <property name="java.home" value="/usr/lib/jvm/java-1.8-openjdk/jre"/>
    <property name="java.security.krb5.conf" value="/workdir/hadoop-ozone/integration-test/target/test-classes/krb5.conf"/>
    <property name="basedir" value="/workdir/hadoop-ozone/integration-test"/>
    <property name="file.separator" value="/"/>
    <property name="line.separator" value="&#10;"/>
    <property name="java.vm.specification.vendor" value="Oracle Corporation"/>
    <property name="java.specification.name" value="Java Platform API Specification"/>
    <property name="java.awt.graphicsenv" value="sun.awt.X11GraphicsEnvironment"/>
    <property name="surefire.real.class.path" value="/workdir/hadoop-ozone/integration-test/target/surefire/surefirebooter1942525455626852955.jar"/>
    <property name="hadoop.log.dir" value="/workdir/hadoop-ozone/integration-test/target/log"/>
    <property name="sun.boot.class.path" value="/usr/lib/jvm/java-1.8-openjdk/jre/lib/resources.jar:/usr/lib/jvm/java-1.8-openjdk/jre/lib/rt.jar:/usr/lib/jvm/java-1.8-openjdk/jre/lib/sunrsasign.jar:/usr/lib/jvm/java-1.8-openjdk/jre/lib/jsse.jar:/usr/lib/jvm/java-1.8-openjdk/jre/lib/jce.jar:/usr/lib/jvm/java-1.8-openjdk/jre/lib/charsets.jar:/usr/lib/jvm/java-1.8-openjdk/jre/lib/jfr.jar:/usr/lib/jvm/java-1.8-openjdk/jre/classes"/>
    <property name="sun.management.compiler" value="HotSpot 64-Bit Tiered Compilers"/>
    <property name="java.runtime.version" value="1.8.0_212-b04"/>
    <property name="java.net.preferIPv4Stack" value="true"/>
    <property name="user.name" value="jenkins1000"/>
    <property name="path.separator" value=":"/>
    <property name="java.security.egd" value="file:///dev/urandom"/>
    <property name="os.version" value="3.10.0-957.12.2.el7.x86_64"/>
    <property name="java.endorsed.dirs" value="/usr/lib/jvm/java-1.8-openjdk/jre/lib/endorsed"/>
    <property name="java.runtime.name" value="OpenJDK Runtime Environment"/>
    <property name="file.encoding" value="UTF-8"/>
    <property name="java.vm.name" value="OpenJDK 64-Bit Server VM"/>
    <property name="test.build.webapps" value=""/>
    <property name="localRepository" value="/home/user/.m2/repository"/>
    <property name="java.vendor.url.bug" value="https://icedtea.classpath.org/bugzilla"/>
    <property name="java.io.tmpdir" value="/tmp"/>
    <property name="require.test.libhadoop" value=""/>
    <property name="java.version" value="1.8.0_212"/>
    <property name="user.dir" value="/workdir/hadoop-ozone/integration-test"/>
    <property name="os.arch" value="amd64"/>
    <property name="java.vm.specification.name" value="Java Virtual Machine Specification"/>
    <property name="test.build.classes" value="/workdir/hadoop-ozone/integration-test/target/test-classes"/>
    <property name="java.awt.printerjob" value="sun.print.PSPrinterJob"/>
    <property name="sun.os.patch.level" value="unknown"/>
    <property name="hadoop.tmp.dir" value="/workdir/hadoop-ozone/integration-test/target/tmp"/>
    <property name="java.library.path" value="/usr/lib/jvm/java-1.8-openjdk/jre/lib/amd64/server:/usr/lib/jvm/java-1.8-openjdk/jre/lib/amd64:/usr/lib/jvm/java-1.8-openjdk/jre/../lib/amd64:/workdir/hadoop-ozone/integration-test/target/native/target/usr/local/lib:/workdir/hadoop-ozone/integration-test/../../hadoop-common-project/hadoop-common/target/native/target/usr/local/lib:/usr/java/packages/lib/amd64:/usr/lib64:/lib64:/lib:/usr/lib"/>
    <property name="java.vm.info" value="mixed mode"/>
    <property name="java.vendor" value="IcedTea"/>
    <property name="java.vm.version" value="25.212-b04"/>
    <property name="java.ext.dirs" value="/usr/lib/jvm/java-1.8-openjdk/jre/lib/ext:/usr/java/packages/lib/ext"/>
    <property name="sun.io.unicode.encoding" value="UnicodeLittle"/>
    <property name="java.class.version" value="52.0"/>
  </properties>
  <testcase name="testPipelineDestroy" classname="org.apache.hadoop.ozone.scm.pipeline.TestSCMPipelineMetrics" time="32.53">
    <failure message="Bad value for metric NumPipelineDestroyed expected:&lt;1&gt; but was:&lt;5&gt;" type="java.lang.AssertionError"><![CDATA[java.lang.AssertionError: Bad value for metric NumPipelineDestroyed expected:<1> but was:<5>
	at org.junit.Assert.fail(Assert.java:88)
	at org.junit.Assert.failNotEquals(Assert.java:743)
	at org.junit.Assert.assertEquals(Assert.java:118)
	at org.junit.Assert.assertEquals(Assert.java:555)
	at org.apache.hadoop.test.MetricsAsserts.assertCounter(MetricsAsserts.java:227)
	at org.apache.hadoop.ozone.scm.pipeline.TestSCMPipelineMetrics.testPipelineDestroy(TestSCMPipelineMetrics.java:93)
	at sun.reflect.NativeMethodAccessorImpl.invoke0(Native Method)
	at sun.reflect.NativeMethodAccessorImpl.invoke(NativeMethodAccessorImpl.java:62)
	at sun.reflect.DelegatingMethodAccessorImpl.invoke(DelegatingMethodAccessorImpl.java:43)
	at java.lang.reflect.Method.invoke(Method.java:498)
	at org.junit.runners.model.FrameworkMethod$1.runReflectiveCall(FrameworkMethod.java:47)
	at org.junit.internal.runners.model.ReflectiveCallable.run(ReflectiveCallable.java:12)
	at org.junit.runners.model.FrameworkMethod.invokeExplosively(FrameworkMethod.java:44)
	at org.junit.internal.runners.statements.InvokeMethod.evaluate(InvokeMethod.java:17)
	at org.junit.internal.runners.statements.RunBefores.evaluate(RunBefores.java:26)
	at org.junit.internal.runners.statements.RunAfters.evaluate(RunAfters.java:27)
	at org.junit.runners.ParentRunner.runLeaf(ParentRunner.java:271)
	at org.junit.runners.BlockJUnit4ClassRunner.runChild(BlockJUnit4ClassRunner.java:70)
	at org.junit.runners.BlockJUnit4ClassRunner.runChild(BlockJUnit4ClassRunner.java:50)
	at org.junit.runners.ParentRunner$3.run(ParentRunner.java:238)
	at org.junit.runners.ParentRunner$1.schedule(ParentRunner.java:63)
	at org.junit.runners.ParentRunner.runChildren(ParentRunner.java:236)
	at org.junit.runners.ParentRunner.access$000(ParentRunner.java:53)
	at org.junit.runners.ParentRunner$2.evaluate(ParentRunner.java:229)
	at org.junit.runners.ParentRunner.run(ParentRunner.java:309)
	at org.apache.maven.surefire.junit4.JUnit4Provider.execute(JUnit4Provider.java:365)
	at org.apache.maven.surefire.junit4.JUnit4Provider.executeWithRerun(JUnit4Provider.java:273)
	at org.apache.maven.surefire.junit4.JUnit4Provider.executeTestSet(JUnit4Provider.java:238)
	at org.apache.maven.surefire.junit4.JUnit4Provider.invoke(JUnit4Provider.java:159)
	at org.apache.maven.surefire.booter.ForkedBooter.invokeProviderInSameClassLoader(ForkedBooter.java:384)
	at org.apache.maven.surefire.booter.ForkedBooter.runSuitesInProcess(ForkedBooter.java:345)
	at org.apache.maven.surefire.booter.ForkedBooter.execute(ForkedBooter.java:126)
	at org.apache.maven.surefire.booter.ForkedBooter.main(ForkedBooter.java:418)
]]></failure>
    <system-out><![CDATA[2019-10-08 20:34:35,754 [main] WARN  server.ServerUtils (ServerUtils.java:getScmDbDir(145)) - ozone.scm.db.dirs is not configured. We recommend adding this setting. Falling back to ozone.metadata.dirs instead.
2019-10-08 20:34:35,848 [main] WARN  server.ServerUtils (ServerUtils.java:getScmDbDir(145)) - ozone.scm.db.dirs is not configured. We recommend adding this setting. Falling back to ozone.metadata.dirs instead.
2019-10-08 20:34:35,850 [main] WARN  server.ServerUtils (ServerUtils.java:getScmDbDir(145)) - ozone.scm.db.dirs is not configured. We recommend adding this setting. Falling back to ozone.metadata.dirs instead.
2019-10-08 20:34:35,873 [main] INFO  util.log (Log.java:initialized(192)) - Logging initialized @757ms
2019-10-08 20:34:35,995 [main] INFO  db.DBStoreBuilder (DBStoreBuilder.java:addTable(117)) - using custom profile for table: deletedBlocks
2019-10-08 20:34:35,995 [main] INFO  db.DBStoreBuilder (DBStoreBuilder.java:processTables(168)) - Using default column profile:DBProfile.DISK for Table:deletedBlocks
2019-10-08 20:34:35,995 [main] INFO  db.DBStoreBuilder (DBStoreBuilder.java:addTable(117)) - using custom profile for table: validCerts
2019-10-08 20:34:35,996 [main] INFO  db.DBStoreBuilder (DBStoreBuilder.java:processTables(168)) - Using default column profile:DBProfile.DISK for Table:validCerts
2019-10-08 20:34:35,996 [main] INFO  db.DBStoreBuilder (DBStoreBuilder.java:addTable(117)) - using custom profile for table: revokedCerts
2019-10-08 20:34:35,996 [main] INFO  db.DBStoreBuilder (DBStoreBuilder.java:processTables(168)) - Using default column profile:DBProfile.DISK for Table:revokedCerts
2019-10-08 20:34:36,009 [main] INFO  db.DBStoreBuilder (DBStoreBuilder.java:addTable(117)) - using custom profile for table: default
2019-10-08 20:34:36,009 [main] INFO  db.DBStoreBuilder (DBStoreBuilder.java:processTables(174)) - Using default column profile:DBProfile.DISK for Table:default
2019-10-08 20:34:36,010 [main] INFO  db.DBStoreBuilder (DBStoreBuilder.java:getDbProfile(205)) - Using default options. DBProfile.DISK
2019-10-08 20:34:36,276 [main] INFO  net.NodeSchemaLoader (NodeSchemaLoader.java:loadSchemaFromFile(125)) - Loading file from sun.misc.CompoundEnumeration@74235045
2019-10-08 20:34:36,280 [main] INFO  net.NodeSchemaLoader (NodeSchemaLoader.java:loadSchema(171)) - Loading network topology layer schema file
2019-10-08 20:34:36,374 [main] WARN  server.ServerUtils (ServerUtils.java:sanitizeUserArgs(70)) - ozone.scm.stale.node.interval value = 300000 is larger than max = 100000 based on the key value of ozone.scm.heartbeat.thread.interval, reset to the max value 100000.
2019-10-08 20:34:36,376 [main] WARN  server.ServerUtils (ServerUtils.java:sanitizeUserArgs(70)) - ozone.scm.stale.node.interval value = 300000 is larger than max = 100000 based on the key value of ozone.scm.heartbeat.thread.interval, reset to the max value 100000.
2019-10-08 20:34:36,379 [main] INFO  node.SCMNodeManager (SCMNodeManager.java:<init>(116)) - Entering startup safe mode.
2019-10-08 20:34:36,455 [main] INFO  algorithms.ContainerPlacementPolicyFactory (ContainerPlacementPolicyFactory.java:getPolicy(57)) - Create container placement policy of type org.apache.hadoop.hdds.scm.container.placement.algorithms.SCMContainerPlacementRandom
2019-10-08 20:34:36,469 [main] WARN  server.ServerUtils (ServerUtils.java:getScmDbDir(145)) - ozone.scm.db.dirs is not configured. We recommend adding this setting. Falling back to ozone.metadata.dirs instead.
2019-10-08 20:34:36,522 [main] INFO  pipeline.SCMPipelineManager (SCMPipelineManager.java:initializePipelineState(132)) - No pipeline exists in current db
2019-10-08 20:34:36,524 [main] WARN  server.ServerUtils (ServerUtils.java:getScmDbDir(145)) - ozone.scm.db.dirs is not configured. We recommend adding this setting. Falling back to ozone.metadata.dirs instead.
2019-10-08 20:34:36,641 [main] WARN  events.EventQueue (EventQueue.java:fireEvent(183)) - No event handler registered for event TypedEvent{payloadType=SafeModeStatus, name='SafeModeStatus'}
2019-10-08 20:34:37,064 [main] INFO  ipc.CallQueueManager (CallQueueManager.java:<init>(84)) - Using callQueue: class java.util.concurrent.LinkedBlockingQueue, queueCapacity: 2000, scheduler: class org.apache.hadoop.ipc.DefaultRpcScheduler, ipcBackoff: false.
2019-10-08 20:34:37,092 [Socket Reader #1 for port 34760] INFO  ipc.Server (Server.java:run(1074)) - Starting Socket Reader #1 for port 34760
2019-10-08 20:34:37,265 [main] INFO  ipc.CallQueueManager (CallQueueManager.java:<init>(84)) - Using callQueue: class java.util.concurrent.LinkedBlockingQueue, queueCapacity: 2000, scheduler: class org.apache.hadoop.ipc.DefaultRpcScheduler, ipcBackoff: false.
2019-10-08 20:34:37,267 [Socket Reader #1 for port 39018] INFO  ipc.Server (Server.java:run(1074)) - Starting Socket Reader #1 for port 39018
2019-10-08 20:34:37,278 [main] INFO  ipc.CallQueueManager (CallQueueManager.java:<init>(84)) - Using callQueue: class java.util.concurrent.LinkedBlockingQueue, queueCapacity: 2000, scheduler: class org.apache.hadoop.ipc.DefaultRpcScheduler, ipcBackoff: false.
2019-10-08 20:34:37,279 [Socket Reader #1 for port 36674] INFO  ipc.Server (Server.java:run(1074)) - Starting Socket Reader #1 for port 36674
2019-10-08 20:34:37,306 [main] INFO  hdfs.DFSUtil (DFSUtil.java:httpServerTemplateForNNAndJN(1641)) - Starting Web-server for scm at: http://0.0.0.0:0
2019-10-08 20:34:37,452 [main] INFO  server.AuthenticationFilter (AuthenticationFilter.java:constructSecretProvider(240)) - Unable to initialize FileSignerSecretProvider, falling back to use random secrets.
2019-10-08 20:34:37,468 [main] WARN  http.HttpRequestLog (HttpRequestLog.java:getRequestLog(97)) - Jetty request log can only be enabled using Log4j
2019-10-08 20:34:37,481 [main] INFO  http.HttpServer2 (HttpServer2.java:addGlobalFilter(975)) - Added global filter 'safety' (class=org.apache.hadoop.http.HttpServer2$QuotingInputFilter)
2019-10-08 20:34:37,485 [main] INFO  http.HttpServer2 (HttpServer2.java:addFilter(948)) - Added filter static_user_filter (class=org.apache.hadoop.http.lib.StaticUserWebFilter$StaticUserFilter) to context scm
2019-10-08 20:34:37,486 [main] INFO  http.HttpServer2 (HttpServer2.java:addFilter(958)) - Added filter static_user_filter (class=org.apache.hadoop.http.lib.StaticUserWebFilter$StaticUserFilter) to context static
2019-10-08 20:34:37,486 [main] INFO  http.HttpServer2 (HttpServer2.java:addFilter(958)) - Added filter static_user_filter (class=org.apache.hadoop.http.lib.StaticUserWebFilter$StaticUserFilter) to context logs
2019-10-08 20:34:37,532 [main] INFO  server.StorageContainerManager (StorageContainerManager.java:start(772)) - StorageContainerLocationProtocol RPC server is listening at /0.0.0.0:36674
2019-10-08 20:34:37,606 [main] WARN  impl.MetricsConfig (MetricsConfig.java:loadFirst(134)) - Cannot locate configuration: tried hadoop-metrics2-storagecontainermanager.properties,hadoop-metrics2.properties
2019-10-08 20:34:37,621 [main] INFO  impl.MetricsSystemImpl (MetricsSystemImpl.java:startTimer(374)) - Scheduled Metric snapshot period at 10 second(s).
2019-10-08 20:34:37,622 [main] INFO  impl.MetricsSystemImpl (MetricsSystemImpl.java:start(191)) - StorageContainerManager metrics system started
2019-10-08 20:34:37,889 [main] INFO  server.SCMClientProtocolServer (SCMClientProtocolServer.java:start(159)) - RPC server for Client  is listening at /0.0.0.0:36674
2019-10-08 20:34:37,890 [IPC Server Responder] INFO  ipc.Server (Server.java:run(1314)) - IPC Server Responder: starting
2019-10-08 20:34:37,890 [IPC Server listener on 36674] INFO  ipc.Server (Server.java:run(1153)) - IPC Server listener on 36674: starting
2019-10-08 20:34:37,893 [main] INFO  server.StorageContainerManager (StorageContainerManager.java:start(782)) - ScmBlockLocationProtocol RPC server is listening at /0.0.0.0:39018
2019-10-08 20:34:37,893 [main] INFO  server.SCMBlockProtocolServer (SCMBlockProtocolServer.java:start(146)) - RPC server for Block Protocol is listening at /0.0.0.0:39018
2019-10-08 20:34:37,894 [IPC Server Responder] INFO  ipc.Server (Server.java:run(1314)) - IPC Server Responder: starting
2019-10-08 20:34:37,894 [IPC Server listener on 39018] INFO  ipc.Server (Server.java:run(1153)) - IPC Server listener on 39018: starting
2019-10-08 20:34:37,897 [main] INFO  server.StorageContainerManager (StorageContainerManager.java:start(786)) - ScmDatanodeProtocl RPC server is listening at /0.0.0.0:34760
2019-10-08 20:34:37,897 [main] INFO  server.SCMDatanodeProtocolServer (SCMDatanodeProtocolServer.java:start(169)) - RPC server for DataNodes is listening at /0.0.0.0:34760
2019-10-08 20:34:37,898 [IPC Server Responder] INFO  ipc.Server (Server.java:run(1314)) - IPC Server Responder: starting
2019-10-08 20:34:37,898 [IPC Server listener on 34760] INFO  ipc.Server (Server.java:run(1153)) - IPC Server listener on 34760: starting
2019-10-08 20:34:37,902 [main] INFO  http.HttpServer2 (HttpServer2.java:bindListener(1191)) - Jetty bound to port 41655
2019-10-08 20:34:37,904 [main] INFO  server.Server (Server.java:doStart(351)) - jetty-9.3.25.v20180904, build timestamp: 2018-09-04T21:11:46Z, git hash: 3ce520221d0240229c862b122d2b06c12a625732
2019-10-08 20:34:37,944 [main] INFO  handler.ContextHandler (ContextHandler.java:doStart(781)) - Started o.e.j.s.ServletContextHandler@65fe9e33{/logs,file:///workdir/hadoop-ozone/integration-test/target/log,AVAILABLE}
2019-10-08 20:34:37,945 [main] INFO  handler.ContextHandler (ContextHandler.java:doStart(781)) - Started o.e.j.s.ServletContextHandler@42f8285e{/static,file:///workdir/hadoop-ozone/integration-test/target/test-classes/webapps/static,AVAILABLE}
2019-10-08 20:34:38,601 [main] INFO  handler.ContextHandler (ContextHandler.java:doStart(781)) - Started o.e.j.w.WebAppContext@3d6300e8{/,file:///workdir/hadoop-ozone/integration-test/target/test-classes/webapps/scm/,AVAILABLE}{/scm}
2019-10-08 20:34:38,610 [main] INFO  server.AbstractConnector (AbstractConnector.java:doStart(278)) - Started ServerConnector@3af4e0bf{HTTP/1.1,[http/1.1]}{0.0.0.0:41655}
2019-10-08 20:34:38,611 [main] INFO  server.Server (Server.java:doStart(419)) - Started @3495ms
2019-10-08 20:34:38,614 [main] INFO  impl.MetricsSinkAdapter (MetricsSinkAdapter.java:start(204)) - Sink prometheus started
2019-10-08 20:34:38,615 [main] INFO  impl.MetricsSystemImpl (MetricsSystemImpl.java:registerSink(301)) - Registered sink prometheus
2019-10-08 20:34:38,616 [main] INFO  server.BaseHttpServer (BaseHttpServer.java:updateConnectorAddress(215)) - HTTP server of SCM is listening at http://0.0.0.0:41655
2019-10-08 20:34:38,625 [org.apache.hadoop.util.JvmPauseMonitor$Monitor@1a2e2935] INFO  util.JvmPauseMonitor (JvmPauseMonitor.java:run(188)) - Starting JVM pause monitor
2019-10-08 20:34:38,631 [main] WARN  server.ServerUtils (ServerUtils.java:getDBPath(222)) - ozone.om.db.dirs is not configured. We recommend adding this setting. Falling back to ozone.metadata.dirs instead.
2019-10-08 20:34:38,756 [main] INFO  ha.OMHANodeDetails (OMHANodeDetails.java:loadOMHAConfig(190)) - Configuration either no ozone.om.address set. Falling back to the default OM address /127.0.0.1:0
2019-10-08 20:34:38,756 [main] INFO  ha.OMHANodeDetails (OMHANodeDetails.java:getOMNodeDetails(220)) - OM Service ID is not set. Setting it to the default ID: omServiceIdDefault
2019-10-08 20:34:38,758 [main] WARN  server.ServerUtils (ServerUtils.java:getDBPath(222)) - ozone.om.db.dirs is not configured. We recommend adding this setting. Falling back to ozone.metadata.dirs instead.
2019-10-08 20:34:38,759 [main] WARN  server.ServerUtils (ServerUtils.java:getDBPath(222)) - ozone.om.db.dirs is not configured. We recommend adding this setting. Falling back to ozone.metadata.dirs instead.
2019-10-08 20:34:39,462 [main] WARN  server.ServerUtils (ServerUtils.java:getDBPath(222)) - ozone.om.db.dirs is not configured. We recommend adding this setting. Falling back to ozone.metadata.dirs instead.
2019-10-08 20:34:39,471 [main] INFO  db.DBStoreBuilder (DBStoreBuilder.java:addTable(117)) - using custom profile for table: userTable
2019-10-08 20:34:39,471 [main] INFO  db.DBStoreBuilder (DBStoreBuilder.java:processTables(168)) - Using default column profile:DBProfile.DISK for Table:userTable
2019-10-08 20:34:39,471 [main] INFO  db.DBStoreBuilder (DBStoreBuilder.java:addTable(117)) - using custom profile for table: volumeTable
2019-10-08 20:34:39,472 [main] INFO  db.DBStoreBuilder (DBStoreBuilder.java:processTables(168)) - Using default column profile:DBProfile.DISK for Table:volumeTable
2019-10-08 20:34:39,472 [main] INFO  db.DBStoreBuilder (DBStoreBuilder.java:addTable(117)) - using custom profile for table: bucketTable
2019-10-08 20:34:39,472 [main] INFO  db.DBStoreBuilder (DBStoreBuilder.java:processTables(168)) - Using default column profile:DBProfile.DISK for Table:bucketTable
2019-10-08 20:34:39,472 [main] INFO  db.DBStoreBuilder (DBStoreBuilder.java:addTable(117)) - using custom profile for table: keyTable
2019-10-08 20:34:39,473 [main] INFO  db.DBStoreBuilder (DBStoreBuilder.java:processTables(168)) - Using default column profile:DBProfile.DISK for Table:keyTable
2019-10-08 20:34:39,473 [main] INFO  db.DBStoreBuilder (DBStoreBuilder.java:addTable(117)) - using custom profile for table: deletedTable
2019-10-08 20:34:39,473 [main] INFO  db.DBStoreBuilder (DBStoreBuilder.java:processTables(168)) - Using default column profile:DBProfile.DISK for Table:deletedTable
2019-10-08 20:34:39,473 [main] INFO  db.DBStoreBuilder (DBStoreBuilder.java:addTable(117)) - using custom profile for table: openKeyTable
2019-10-08 20:34:39,474 [main] INFO  db.DBStoreBuilder (DBStoreBuilder.java:processTables(168)) - Using default column profile:DBProfile.DISK for Table:openKeyTable
2019-10-08 20:34:39,474 [main] INFO  db.DBStoreBuilder (DBStoreBuilder.java:addTable(117)) - using custom profile for table: s3Table
2019-10-08 20:34:39,474 [main] INFO  db.DBStoreBuilder (DBStoreBuilder.java:processTables(168)) - Using default column profile:DBProfile.DISK for Table:s3Table
2019-10-08 20:34:39,475 [main] INFO  db.DBStoreBuilder (DBStoreBuilder.java:addTable(117)) - using custom profile for table: multipartInfoTable
2019-10-08 20:34:39,475 [main] INFO  db.DBStoreBuilder (DBStoreBuilder.java:processTables(168)) - Using default column profile:DBProfile.DISK for Table:multipartInfoTable
2019-10-08 20:34:39,475 [main] INFO  db.DBStoreBuilder (DBStoreBuilder.java:addTable(117)) - using custom profile for table: dTokenTable
2019-10-08 20:34:39,475 [main] INFO  db.DBStoreBuilder (DBStoreBuilder.java:processTables(168)) - Using default column profile:DBProfile.DISK for Table:dTokenTable
2019-10-08 20:34:39,476 [main] INFO  db.DBStoreBuilder (DBStoreBuilder.java:addTable(117)) - using custom profile for table: s3SecretTable
2019-10-08 20:34:39,476 [main] INFO  db.DBStoreBuilder (DBStoreBuilder.java:processTables(168)) - Using default column profile:DBProfile.DISK for Table:s3SecretTable
2019-10-08 20:34:39,476 [main] INFO  db.DBStoreBuilder (DBStoreBuilder.java:addTable(117)) - using custom profile for table: prefixTable
2019-10-08 20:34:39,476 [main] INFO  db.DBStoreBuilder (DBStoreBuilder.java:processTables(168)) - Using default column profile:DBProfile.DISK for Table:prefixTable
2019-10-08 20:34:39,477 [main] INFO  db.DBStoreBuilder (DBStoreBuilder.java:addTable(117)) - using custom profile for table: default
2019-10-08 20:34:39,477 [main] INFO  db.DBStoreBuilder (DBStoreBuilder.java:processTables(174)) - Using default column profile:DBProfile.DISK for Table:default
2019-10-08 20:34:39,477 [main] INFO  db.DBStoreBuilder (DBStoreBuilder.java:getDbProfile(205)) - Using default options. DBProfile.DISK
2019-10-08 20:34:40,015 [main] INFO  ipc.CallQueueManager (CallQueueManager.java:<init>(84)) - Using callQueue: class java.util.concurrent.LinkedBlockingQueue, queueCapacity: 2000, scheduler: class org.apache.hadoop.ipc.DefaultRpcScheduler, ipcBackoff: false.
2019-10-08 20:34:40,016 [Socket Reader #1 for port 34408] INFO  ipc.Server (Server.java:run(1074)) - Starting Socket Reader #1 for port 34408
2019-10-08 20:34:40,036 [main] INFO  om.OzoneManager (OzoneManager.java:start(1069)) - OzoneManager RPC server is listening at localhost/127.0.0.1:34408
2019-10-08 20:34:40,037 [main] INFO  impl.MetricsSystemImpl (MetricsSystemImpl.java:init(158)) - OzoneManager metrics system started (again)
2019-10-08 20:34:40,045 [IPC Server Responder] INFO  ipc.Server (Server.java:run(1314)) - IPC Server Responder: starting
2019-10-08 20:34:40,045 [IPC Server listener on 34408] INFO  ipc.Server (Server.java:run(1153)) - IPC Server listener on 34408: starting
2019-10-08 20:34:40,054 [main] INFO  hdfs.DFSUtil (DFSUtil.java:httpServerTemplateForNNAndJN(1641)) - Starting Web-server for ozoneManager at: http://0.0.0.0:0
2019-10-08 20:34:40,056 [main] INFO  server.AuthenticationFilter (AuthenticationFilter.java:constructSecretProvider(240)) - Unable to initialize FileSignerSecretProvider, falling back to use random secrets.
2019-10-08 20:34:40,057 [main] WARN  http.HttpRequestLog (HttpRequestLog.java:getRequestLog(97)) - Jetty request log can only be enabled using Log4j
2019-10-08 20:34:40,061 [main] INFO  http.HttpServer2 (HttpServer2.java:addGlobalFilter(975)) - Added global filter 'safety' (class=org.apache.hadoop.http.HttpServer2$QuotingInputFilter)
2019-10-08 20:34:40,062 [main] INFO  http.HttpServer2 (HttpServer2.java:addFilter(948)) - Added filter static_user_filter (class=org.apache.hadoop.http.lib.StaticUserWebFilter$StaticUserFilter) to context ozoneManager
2019-10-08 20:34:40,062 [main] INFO  http.HttpServer2 (HttpServer2.java:addFilter(958)) - Added filter static_user_filter (class=org.apache.hadoop.http.lib.StaticUserWebFilter$StaticUserFilter) to context logs
2019-10-08 20:34:40,063 [main] INFO  http.HttpServer2 (HttpServer2.java:addFilter(958)) - Added filter static_user_filter (class=org.apache.hadoop.http.lib.StaticUserWebFilter$StaticUserFilter) to context static
2019-10-08 20:34:40,075 [main] INFO  http.HttpServer2 (HttpServer2.java:bindListener(1191)) - Jetty bound to port 36503
2019-10-08 20:34:40,077 [main] INFO  server.Server (Server.java:doStart(351)) - jetty-9.3.25.v20180904, build timestamp: 2018-09-04T21:11:46Z, git hash: 3ce520221d0240229c862b122d2b06c12a625732
2019-10-08 20:34:40,082 [main] INFO  handler.ContextHandler (ContextHandler.java:doStart(781)) - Started o.e.j.s.ServletContextHandler@1542af63{/logs,file:///workdir/hadoop-ozone/integration-test/target/log,AVAILABLE}
2019-10-08 20:34:40,083 [main] INFO  handler.ContextHandler (ContextHandler.java:doStart(781)) - Started o.e.j.s.ServletContextHandler@20ed3303{/static,file:///workdir/hadoop-ozone/integration-test/target/test-classes/webapps/static,AVAILABLE}
2019-10-08 20:34:40,094 [main] INFO  handler.ContextHandler (ContextHandler.java:doStart(781)) - Started o.e.j.w.WebAppContext@319854f0{/,file:///workdir/hadoop-ozone/integration-test/target/test-classes/webapps/ozoneManager/,AVAILABLE}{/ozoneManager}
2019-10-08 20:34:40,100 [main] INFO  server.AbstractConnector (AbstractConnector.java:doStart(278)) - Started ServerConnector@748fe51d{HTTP/1.1,[http/1.1]}{0.0.0.0:36503}
2019-10-08 20:34:40,101 [main] INFO  server.Server (Server.java:doStart(419)) - Started @4986ms
2019-10-08 20:34:40,102 [main] WARN  impl.MetricsSystemImpl (MetricsSystemImpl.java:register(276)) - Sink prometheus already exists!
2019-10-08 20:34:40,103 [main] INFO  server.BaseHttpServer (BaseHttpServer.java:updateConnectorAddress(215)) - HTTP server of OZONEMANAGER is listening at http://0.0.0.0:36503
2019-10-08 20:34:40,498 [main] INFO  impl.MetricsSystemImpl (MetricsSystemImpl.java:init(158)) - HddsDatanode metrics system started (again)
2019-10-08 20:34:40,572 [main] INFO  ozone.HddsDatanodeService (HddsDatanodeService.java:start(184)) - HddsDatanodeService host:pr-hdds-1868-gtwz2-575081100 ip:192.168.5.143
2019-10-08 20:34:40,617 [main] INFO  volume.HddsVolume (HddsVolume.java:<init>(176)) - Creating Volume: /workdir/hadoop-ozone/integration-test/target/test-dir/MiniOzoneClusterImpl-0085ff61-ee12-43a7-9c52-2492090bedb6/datanode-0/data/containers/hdds of  storage type : DISK and capacity : 1482555576320
2019-10-08 20:34:40,621 [main] INFO  volume.VolumeSet (VolumeSet.java:initializeVolumeSet(170)) - Added Volume : /workdir/hadoop-ozone/integration-test/target/test-dir/MiniOzoneClusterImpl-0085ff61-ee12-43a7-9c52-2492090bedb6/datanode-0/data/containers/hdds to VolumeSet
2019-10-08 20:34:40,625 [main] INFO  volume.ThrottledAsyncChecker (ThrottledAsyncChecker.java:schedule(141)) - Scheduling a check for org.apache.hadoop.ozone.container.common.volume.HddsVolume@50194e8d
2019-10-08 20:34:40,651 [main] INFO  volume.HddsVolumeChecker (HddsVolumeChecker.java:checkAllVolumes(204)) - Scheduled health check for volume org.apache.hadoop.ozone.container.common.volume.HddsVolume@50194e8d
2019-10-08 20:34:40,783 [main] INFO  impl.RaftServerProxy (ConfUtils.java:logGet(43)) - raft.rpc.type = GRPC (default)
2019-10-08 20:34:40,856 [main] INFO  grpc.GrpcFactory (GrpcFactory.java:checkPooledByteBufAllocatorUseCacheForAllThreads(45)) - PERFORMANCE WARNING: useCacheForAllThreads is true that may cause Netty to create a lot garbage objects and, as a result, trigger GC.
	It is recommended to disable useCacheForAllThreads by setting -Dorg.apache.ratis.thirdparty.io.netty.allocator.useCacheForAllThreads=false in command line.
2019-10-08 20:34:40,862 [main] INFO  grpc.GrpcConfigKeys$Server (ConfUtils.java:logGet(43)) - raft.grpc.server.port = 0 (default)
2019-10-08 20:34:40,863 [main] INFO  server.GrpcService (ConfUtils.java:logGet(43)) - raft.grpc.message.size.max = 33570816 (custom)
2019-10-08 20:34:40,864 [main] INFO  server.RaftServerConfigKeys (ConfUtils.java:logGet(43)) - raft.server.log.appender.buffer.byte-limit = 33554432 (custom)
2019-10-08 20:34:40,865 [main] INFO  server.GrpcService (ConfUtils.java:logGet(43)) - raft.grpc.flow.control.window = 1MB (=1048576) (default)
2019-10-08 20:34:40,866 [main] INFO  server.RaftServerConfigKeys (ConfUtils.java:logGet(43)) - raft.server.rpc.request.timeout = 3000ms (default)
2019-10-08 20:34:41,038 [main] INFO  server.RaftServerConfigKeys (ConfUtils.java:logGet(43)) - raft.server.storage.dir = [/workdir/hadoop-ozone/integration-test/target/test-dir/MiniOzoneClusterImpl-0085ff61-ee12-43a7-9c52-2492090bedb6/datanode-0/data/ratis] (custom)
2019-10-08 20:34:41,091 [main] INFO  hdfs.DFSUtil (DFSUtil.java:httpServerTemplateForNNAndJN(1641)) - Starting Web-server for hddsDatanode at: http://0.0.0.0:0
2019-10-08 20:34:41,093 [main] INFO  server.AuthenticationFilter (AuthenticationFilter.java:constructSecretProvider(240)) - Unable to initialize FileSignerSecretProvider, falling back to use random secrets.
2019-10-08 20:34:41,094 [main] WARN  http.HttpRequestLog (HttpRequestLog.java:getRequestLog(97)) - Jetty request log can only be enabled using Log4j
2019-10-08 20:34:41,097 [main] INFO  http.HttpServer2 (HttpServer2.java:addGlobalFilter(975)) - Added global filter 'safety' (class=org.apache.hadoop.http.HttpServer2$QuotingInputFilter)
2019-10-08 20:34:41,098 [main] INFO  http.HttpServer2 (HttpServer2.java:addFilter(948)) - Added filter static_user_filter (class=org.apache.hadoop.http.lib.StaticUserWebFilter$StaticUserFilter) to context hddsDatanode
2019-10-08 20:34:41,099 [main] INFO  http.HttpServer2 (HttpServer2.java:addFilter(958)) - Added filter static_user_filter (class=org.apache.hadoop.http.lib.StaticUserWebFilter$StaticUserFilter) to context logs
2019-10-08 20:34:41,099 [main] INFO  http.HttpServer2 (HttpServer2.java:addFilter(958)) - Added filter static_user_filter (class=org.apache.hadoop.http.lib.StaticUserWebFilter$StaticUserFilter) to context static
2019-10-08 20:34:41,101 [main] INFO  http.HttpServer2 (HttpServer2.java:bindListener(1191)) - Jetty bound to port 37898
2019-10-08 20:34:41,101 [main] INFO  server.Server (Server.java:doStart(351)) - jetty-9.3.25.v20180904, build timestamp: 2018-09-04T21:11:46Z, git hash: 3ce520221d0240229c862b122d2b06c12a625732
2019-10-08 20:34:41,105 [main] INFO  handler.ContextHandler (ContextHandler.java:doStart(781)) - Started o.e.j.s.ServletContextHandler@2f236de0{/logs,file:///workdir/hadoop-ozone/integration-test/target/log,AVAILABLE}
2019-10-08 20:34:41,106 [main] INFO  handler.ContextHandler (ContextHandler.java:doStart(781)) - Started o.e.j.s.ServletContextHandler@767a014e{/static,jar:file:/home/user/.m2/repository/org/apache/hadoop/hadoop-hdds-container-service/0.5.0-SNAPSHOT/hadoop-hdds-container-service-0.5.0-SNAPSHOT.jar!/webapps/static,AVAILABLE}
2019-10-08 20:34:41,156 [main] INFO  handler.ContextHandler (ContextHandler.java:doStart(781)) - Started o.e.j.w.WebAppContext@6edcad64{/,file:///tmp/jetty-0.0.0.0-37898-hddsDatanode-_-any-6979213643758997237.dir/webapp/,AVAILABLE}{/hddsDatanode}
2019-10-08 20:34:41,158 [main] INFO  server.AbstractConnector (AbstractConnector.java:doStart(278)) - Started ServerConnector@4c6007fb{HTTP/1.1,[http/1.1]}{0.0.0.0:37898}
2019-10-08 20:34:41,159 [main] INFO  server.Server (Server.java:doStart(419)) - Started @6043ms
2019-10-08 20:34:41,159 [main] WARN  impl.MetricsSystemImpl (MetricsSystemImpl.java:register(276)) - Sink prometheus already exists!
2019-10-08 20:34:41,160 [main] INFO  server.BaseHttpServer (BaseHttpServer.java:updateConnectorAddress(215)) - HTTP server of HDDSDATANODE is listening at http://0.0.0.0:37898
2019-10-08 20:34:41,161 [main] INFO  impl.MetricsSystemImpl (MetricsSystemImpl.java:init(158)) - HddsDatanode metrics system started (again)
2019-10-08 20:34:41,165 [main] INFO  ozone.HddsDatanodeService (HddsDatanodeService.java:start(184)) - HddsDatanodeService host:pr-hdds-1868-gtwz2-575081100 ip:192.168.5.143
2019-10-08 20:34:41,168 [org.apache.hadoop.util.JvmPauseMonitor$Monitor@79bf3ee6] INFO  util.JvmPauseMonitor (JvmPauseMonitor.java:run(188)) - Starting JVM pause monitor
2019-10-08 20:34:41,176 [main] INFO  volume.HddsVolume (HddsVolume.java:<init>(176)) - Creating Volume: /workdir/hadoop-ozone/integration-test/target/test-dir/MiniOzoneClusterImpl-0085ff61-ee12-43a7-9c52-2492090bedb6/datanode-1/data/containers/hdds of  storage type : DISK and capacity : 1482555576320
2019-10-08 20:34:41,176 [main] INFO  volume.VolumeSet (VolumeSet.java:initializeVolumeSet(170)) - Added Volume : /workdir/hadoop-ozone/integration-test/target/test-dir/MiniOzoneClusterImpl-0085ff61-ee12-43a7-9c52-2492090bedb6/datanode-1/data/containers/hdds to VolumeSet
2019-10-08 20:34:41,176 [main] INFO  volume.ThrottledAsyncChecker (ThrottledAsyncChecker.java:schedule(141)) - Scheduling a check for org.apache.hadoop.ozone.container.common.volume.HddsVolume@cb7fa71
2019-10-08 20:34:41,178 [main] INFO  volume.HddsVolumeChecker (HddsVolumeChecker.java:checkAllVolumes(204)) - Scheduled health check for volume org.apache.hadoop.ozone.container.common.volume.HddsVolume@cb7fa71
2019-10-08 20:34:41,192 [main] INFO  impl.RaftServerProxy (ConfUtils.java:logGet(43)) - raft.rpc.type = GRPC (default)
2019-10-08 20:34:41,192 [main] INFO  grpc.GrpcFactory (GrpcFactory.java:checkPooledByteBufAllocatorUseCacheForAllThreads(45)) - PERFORMANCE WARNING: useCacheForAllThreads is true that may cause Netty to create a lot garbage objects and, as a result, trigger GC.
	It is recommended to disable useCacheForAllThreads by setting -Dorg.apache.ratis.thirdparty.io.netty.allocator.useCacheForAllThreads=false in command line.
2019-10-08 20:34:41,192 [main] INFO  grpc.GrpcConfigKeys$Server (ConfUtils.java:logGet(43)) - raft.grpc.server.port = 0 (default)
2019-10-08 20:34:41,193 [main] INFO  server.GrpcService (ConfUtils.java:logGet(43)) - raft.grpc.message.size.max = 33570816 (custom)
2019-10-08 20:34:41,193 [main] INFO  server.RaftServerConfigKeys (ConfUtils.java:logGet(43)) - raft.server.log.appender.buffer.byte-limit = 33554432 (custom)
2019-10-08 20:34:41,193 [main] INFO  server.GrpcService (ConfUtils.java:logGet(43)) - raft.grpc.flow.control.window = 1MB (=1048576) (default)
2019-10-08 20:34:41,194 [main] INFO  server.RaftServerConfigKeys (ConfUtils.java:logGet(43)) - raft.server.rpc.request.timeout = 3000ms (default)
2019-10-08 20:34:41,194 [main] INFO  server.RaftServerConfigKeys (ConfUtils.java:logGet(43)) - raft.server.storage.dir = [/workdir/hadoop-ozone/integration-test/target/test-dir/MiniOzoneClusterImpl-0085ff61-ee12-43a7-9c52-2492090bedb6/datanode-1/data/ratis] (custom)
2019-10-08 20:34:41,196 [main] INFO  hdfs.DFSUtil (DFSUtil.java:httpServerTemplateForNNAndJN(1641)) - Starting Web-server for hddsDatanode at: http://0.0.0.0:0
2019-10-08 20:34:41,197 [main] INFO  server.AuthenticationFilter (AuthenticationFilter.java:constructSecretProvider(240)) - Unable to initialize FileSignerSecretProvider, falling back to use random secrets.
2019-10-08 20:34:41,198 [main] WARN  http.HttpRequestLog (HttpRequestLog.java:getRequestLog(97)) - Jetty request log can only be enabled using Log4j
2019-10-08 20:34:41,199 [main] INFO  http.HttpServer2 (HttpServer2.java:addGlobalFilter(975)) - Added global filter 'safety' (class=org.apache.hadoop.http.HttpServer2$QuotingInputFilter)
2019-10-08 20:34:41,200 [main] INFO  http.HttpServer2 (HttpServer2.java:addFilter(948)) - Added filter static_user_filter (class=org.apache.hadoop.http.lib.StaticUserWebFilter$StaticUserFilter) to context hddsDatanode
2019-10-08 20:34:41,200 [main] INFO  http.HttpServer2 (HttpServer2.java:addFilter(958)) - Added filter static_user_filter (class=org.apache.hadoop.http.lib.StaticUserWebFilter$StaticUserFilter) to context static
2019-10-08 20:34:41,200 [main] INFO  http.HttpServer2 (HttpServer2.java:addFilter(958)) - Added filter static_user_filter (class=org.apache.hadoop.http.lib.StaticUserWebFilter$StaticUserFilter) to context logs
2019-10-08 20:34:41,201 [main] INFO  http.HttpServer2 (HttpServer2.java:bindListener(1191)) - Jetty bound to port 43344
2019-10-08 20:34:41,201 [main] INFO  server.Server (Server.java:doStart(351)) - jetty-9.3.25.v20180904, build timestamp: 2018-09-04T21:11:46Z, git hash: 3ce520221d0240229c862b122d2b06c12a625732
2019-10-08 20:34:41,205 [main] INFO  handler.ContextHandler (ContextHandler.java:doStart(781)) - Started o.e.j.s.ServletContextHandler@68d7a2df{/logs,file:///workdir/hadoop-ozone/integration-test/target/log,AVAILABLE}
2019-10-08 20:34:41,206 [main] INFO  handler.ContextHandler (ContextHandler.java:doStart(781)) - Started o.e.j.s.ServletContextHandler@12fcc71f{/static,jar:file:/home/user/.m2/repository/org/apache/hadoop/hadoop-hdds-container-service/0.5.0-SNAPSHOT/hadoop-hdds-container-service-0.5.0-SNAPSHOT.jar!/webapps/static,AVAILABLE}
2019-10-08 20:34:41,238 [main] INFO  handler.ContextHandler (ContextHandler.java:doStart(781)) - Started o.e.j.w.WebAppContext@30b131b2{/,file:///tmp/jetty-0.0.0.0-43344-hddsDatanode-_-any-8768715080721663457.dir/webapp/,AVAILABLE}{/hddsDatanode}
2019-10-08 20:34:41,239 [main] INFO  server.AbstractConnector (AbstractConnector.java:doStart(278)) - Started ServerConnector@2924f1d8{HTTP/1.1,[http/1.1]}{0.0.0.0:43344}
2019-10-08 20:34:41,240 [main] INFO  server.Server (Server.java:doStart(419)) - Started @6124ms
2019-10-08 20:34:41,241 [main] WARN  impl.MetricsSystemImpl (MetricsSystemImpl.java:register(276)) - Sink prometheus already exists!
2019-10-08 20:34:41,242 [main] INFO  server.BaseHttpServer (BaseHttpServer.java:updateConnectorAddress(215)) - HTTP server of HDDSDATANODE is listening at http://0.0.0.0:43344
2019-10-08 20:34:41,242 [main] INFO  impl.MetricsSystemImpl (MetricsSystemImpl.java:init(158)) - HddsDatanode metrics system started (again)
2019-10-08 20:34:41,246 [main] INFO  ozone.HddsDatanodeService (HddsDatanodeService.java:start(184)) - HddsDatanodeService host:pr-hdds-1868-gtwz2-575081100 ip:192.168.5.143
2019-10-08 20:34:41,246 [org.apache.hadoop.util.JvmPauseMonitor$Monitor@1badf9ad] INFO  util.JvmPauseMonitor (JvmPauseMonitor.java:run(188)) - Starting JVM pause monitor
2019-10-08 20:34:41,256 [main] INFO  volume.HddsVolume (HddsVolume.java:<init>(176)) - Creating Volume: /workdir/hadoop-ozone/integration-test/target/test-dir/MiniOzoneClusterImpl-0085ff61-ee12-43a7-9c52-2492090bedb6/datanode-2/data/containers/hdds of  storage type : DISK and capacity : 1482555576320
2019-10-08 20:34:41,256 [main] INFO  volume.VolumeSet (VolumeSet.java:initializeVolumeSet(170)) - Added Volume : /workdir/hadoop-ozone/integration-test/target/test-dir/MiniOzoneClusterImpl-0085ff61-ee12-43a7-9c52-2492090bedb6/datanode-2/data/containers/hdds to VolumeSet
2019-10-08 20:34:41,256 [main] INFO  volume.ThrottledAsyncChecker (ThrottledAsyncChecker.java:schedule(141)) - Scheduling a check for org.apache.hadoop.ozone.container.common.volume.HddsVolume@522bf64e
2019-10-08 20:34:41,257 [main] INFO  volume.HddsVolumeChecker (HddsVolumeChecker.java:checkAllVolumes(204)) - Scheduled health check for volume org.apache.hadoop.ozone.container.common.volume.HddsVolume@522bf64e
2019-10-08 20:34:41,271 [main] INFO  impl.RaftServerProxy (ConfUtils.java:logGet(43)) - raft.rpc.type = GRPC (default)
2019-10-08 20:34:41,271 [main] INFO  grpc.GrpcFactory (GrpcFactory.java:checkPooledByteBufAllocatorUseCacheForAllThreads(45)) - PERFORMANCE WARNING: useCacheForAllThreads is true that may cause Netty to create a lot garbage objects and, as a result, trigger GC.
	It is recommended to disable useCacheForAllThreads by setting -Dorg.apache.ratis.thirdparty.io.netty.allocator.useCacheForAllThreads=false in command line.
2019-10-08 20:34:41,271 [main] INFO  grpc.GrpcConfigKeys$Server (ConfUtils.java:logGet(43)) - raft.grpc.server.port = 0 (default)
2019-10-08 20:34:41,272 [main] INFO  server.GrpcService (ConfUtils.java:logGet(43)) - raft.grpc.message.size.max = 33570816 (custom)
2019-10-08 20:34:41,272 [main] INFO  server.RaftServerConfigKeys (ConfUtils.java:logGet(43)) - raft.server.log.appender.buffer.byte-limit = 33554432 (custom)
2019-10-08 20:34:41,272 [main] INFO  server.GrpcService (ConfUtils.java:logGet(43)) - raft.grpc.flow.control.window = 1MB (=1048576) (default)
2019-10-08 20:34:41,273 [main] INFO  server.RaftServerConfigKeys (ConfUtils.java:logGet(43)) - raft.server.rpc.request.timeout = 3000ms (default)
2019-10-08 20:34:41,273 [main] INFO  server.RaftServerConfigKeys (ConfUtils.java:logGet(43)) - raft.server.storage.dir = [/workdir/hadoop-ozone/integration-test/target/test-dir/MiniOzoneClusterImpl-0085ff61-ee12-43a7-9c52-2492090bedb6/datanode-2/data/ratis] (custom)
2019-10-08 20:34:41,275 [main] INFO  hdfs.DFSUtil (DFSUtil.java:httpServerTemplateForNNAndJN(1641)) - Starting Web-server for hddsDatanode at: http://0.0.0.0:0
2019-10-08 20:34:41,277 [main] INFO  server.AuthenticationFilter (AuthenticationFilter.java:constructSecretProvider(240)) - Unable to initialize FileSignerSecretProvider, falling back to use random secrets.
2019-10-08 20:34:41,277 [main] WARN  http.HttpRequestLog (HttpRequestLog.java:getRequestLog(97)) - Jetty request log can only be enabled using Log4j
2019-10-08 20:34:41,279 [main] INFO  http.HttpServer2 (HttpServer2.java:addGlobalFilter(975)) - Added global filter 'safety' (class=org.apache.hadoop.http.HttpServer2$QuotingInputFilter)
2019-10-08 20:34:41,280 [main] INFO  http.HttpServer2 (HttpServer2.java:addFilter(948)) - Added filter static_user_filter (class=org.apache.hadoop.http.lib.StaticUserWebFilter$StaticUserFilter) to context hddsDatanode
2019-10-08 20:34:41,280 [main] INFO  http.HttpServer2 (HttpServer2.java:addFilter(958)) - Added filter static_user_filter (class=org.apache.hadoop.http.lib.StaticUserWebFilter$StaticUserFilter) to context static
2019-10-08 20:34:41,280 [main] INFO  http.HttpServer2 (HttpServer2.java:addFilter(958)) - Added filter static_user_filter (class=org.apache.hadoop.http.lib.StaticUserWebFilter$StaticUserFilter) to context logs
2019-10-08 20:34:41,281 [main] INFO  http.HttpServer2 (HttpServer2.java:bindListener(1191)) - Jetty bound to port 34667
2019-10-08 20:34:41,281 [main] INFO  server.Server (Server.java:doStart(351)) - jetty-9.3.25.v20180904, build timestamp: 2018-09-04T21:11:46Z, git hash: 3ce520221d0240229c862b122d2b06c12a625732
2019-10-08 20:34:41,283 [main] INFO  handler.ContextHandler (ContextHandler.java:doStart(781)) - Started o.e.j.s.ServletContextHandler@32e54a9d{/logs,file:///workdir/hadoop-ozone/integration-test/target/log,AVAILABLE}
2019-10-08 20:34:41,284 [main] INFO  handler.ContextHandler (ContextHandler.java:doStart(781)) - Started o.e.j.s.ServletContextHandler@121bb45b{/static,jar:file:/home/user/.m2/repository/org/apache/hadoop/hadoop-hdds-container-service/0.5.0-SNAPSHOT/hadoop-hdds-container-service-0.5.0-SNAPSHOT.jar!/webapps/static,AVAILABLE}
2019-10-08 20:34:41,315 [main] INFO  handler.ContextHandler (ContextHandler.java:doStart(781)) - Started o.e.j.w.WebAppContext@1981d861{/,file:///tmp/jetty-0.0.0.0-34667-hddsDatanode-_-any-4721045078743246364.dir/webapp/,AVAILABLE}{/hddsDatanode}
2019-10-08 20:34:41,316 [main] INFO  server.AbstractConnector (AbstractConnector.java:doStart(278)) - Started ServerConnector@118ffcfd{HTTP/1.1,[http/1.1]}{0.0.0.0:34667}
2019-10-08 20:34:41,316 [main] INFO  server.Server (Server.java:doStart(419)) - Started @6201ms
2019-10-08 20:34:41,317 [main] WARN  impl.MetricsSystemImpl (MetricsSystemImpl.java:register(276)) - Sink prometheus already exists!
2019-10-08 20:34:41,319 [main] INFO  server.BaseHttpServer (BaseHttpServer.java:updateConnectorAddress(215)) - HTTP server of HDDSDATANODE is listening at http://0.0.0.0:34667
2019-10-08 20:34:41,321 [main] INFO  ozone.MiniOzoneClusterImpl (MiniOzoneClusterImpl.java:lambda$waitForClusterToBeReady$2(172)) - Waiting for cluster to be ready. Got 0 of 3 DN Heartbeats.
2019-10-08 20:34:41,322 [org.apache.hadoop.util.JvmPauseMonitor$Monitor@7823644c] INFO  util.JvmPauseMonitor (JvmPauseMonitor.java:run(188)) - Starting JVM pause monitor
2019-10-08 20:34:41,323 [Datanode State Machine Thread - 0] INFO  datanode.InitDatanodeState (InitDatanodeState.java:persistContainerDatanodeDetails(140)) - DatanodeDetails is persisted to /workdir/hadoop-ozone/integration-test/target/test-dir/MiniOzoneClusterImpl-0085ff61-ee12-43a7-9c52-2492090bedb6/datanode-0/meta/datanode.id
2019-10-08 20:34:41,328 [Datanode State Machine Thread - 0] INFO  datanode.InitDatanodeState (InitDatanodeState.java:persistContainerDatanodeDetails(140)) - DatanodeDetails is persisted to /workdir/hadoop-ozone/integration-test/target/test-dir/MiniOzoneClusterImpl-0085ff61-ee12-43a7-9c52-2492090bedb6/datanode-1/meta/datanode.id
2019-10-08 20:34:41,330 [Datanode State Machine Thread - 0] INFO  datanode.InitDatanodeState (InitDatanodeState.java:persistContainerDatanodeDetails(140)) - DatanodeDetails is persisted to /workdir/hadoop-ozone/integration-test/target/test-dir/MiniOzoneClusterImpl-0085ff61-ee12-43a7-9c52-2492090bedb6/datanode-2/meta/datanode.id
2019-10-08 20:34:42,321 [main] INFO  ozone.MiniOzoneClusterImpl (MiniOzoneClusterImpl.java:lambda$waitForClusterToBeReady$2(172)) - Waiting for cluster to be ready. Got 0 of 3 DN Heartbeats.
2019-10-08 20:34:43,266 [Datanode State Machine Thread - 0] INFO  ozoneimpl.OzoneContainer (OzoneContainer.java:start(213)) - Attempting to start container services.
2019-10-08 20:34:43,266 [Datanode State Machine Thread - 0] INFO  ozoneimpl.OzoneContainer (OzoneContainer.java:start(213)) - Attempting to start container services.
2019-10-08 20:34:43,276 [Datanode State Machine Thread - 0] INFO  ozoneimpl.OzoneContainer (OzoneContainer.java:startContainerScrub(177)) - Background container scanner has been disabled.
2019-10-08 20:34:43,276 [Datanode State Machine Thread - 0] INFO  ozoneimpl.OzoneContainer (OzoneContainer.java:startContainerScrub(177)) - Background container scanner has been disabled.
2019-10-08 20:34:43,276 [Datanode State Machine Thread - 0] INFO  ratis.XceiverServerRatis (XceiverServerRatis.java:start(425)) - Starting XceiverServerRatis f63ed8cc-e2f4-41d9-beda-0901db6921f5 at port 0
2019-10-08 20:34:43,276 [Datanode State Machine Thread - 0] INFO  ratis.XceiverServerRatis (XceiverServerRatis.java:start(425)) - Starting XceiverServerRatis f38d24ff-b8ec-401e-8eaa-834885a42f3b at port 0
2019-10-08 20:34:43,317 [Datanode State Machine Thread - 0] INFO  impl.RaftServerProxy (RaftServerProxy.java:lambda$start$3(299)) - f63ed8cc-e2f4-41d9-beda-0901db6921f5: start RPC server
2019-10-08 20:34:43,317 [Datanode State Machine Thread - 0] INFO  impl.RaftServerProxy (RaftServerProxy.java:lambda$start$3(299)) - f38d24ff-b8ec-401e-8eaa-834885a42f3b: start RPC server
2019-10-08 20:34:43,323 [main] INFO  ozone.MiniOzoneClusterImpl (MiniOzoneClusterImpl.java:lambda$waitForClusterToBeReady$2(172)) - Waiting for cluster to be ready. Got 0 of 3 DN Heartbeats.
2019-10-08 20:34:43,341 [Datanode State Machine Thread - 0] INFO  ozoneimpl.OzoneContainer (OzoneContainer.java:start(213)) - Attempting to start container services.
2019-10-08 20:34:43,343 [Datanode State Machine Thread - 0] INFO  ozoneimpl.OzoneContainer (OzoneContainer.java:startContainerScrub(177)) - Background container scanner has been disabled.
2019-10-08 20:34:43,343 [Datanode State Machine Thread - 0] INFO  ratis.XceiverServerRatis (XceiverServerRatis.java:start(425)) - Starting XceiverServerRatis da35d025-f602-4636-9c4c-0df67fcff925 at port 0
2019-10-08 20:34:43,354 [Datanode State Machine Thread - 0] INFO  impl.RaftServerProxy (RaftServerProxy.java:lambda$start$3(299)) - da35d025-f602-4636-9c4c-0df67fcff925: start RPC server
2019-10-08 20:34:43,470 [Datanode State Machine Thread - 0] INFO  server.GrpcService (GrpcService.java:startImpl(158)) - da35d025-f602-4636-9c4c-0df67fcff925: GrpcService started, listening on 0.0.0.0/0.0.0.0:43688
2019-10-08 20:34:43,470 [Datanode State Machine Thread - 0] INFO  server.GrpcService (GrpcService.java:startImpl(158)) - f38d24ff-b8ec-401e-8eaa-834885a42f3b: GrpcService started, listening on 0.0.0.0/0.0.0.0:44884
2019-10-08 20:34:43,470 [Datanode State Machine Thread - 0] INFO  server.GrpcService (GrpcService.java:startImpl(158)) - f63ed8cc-e2f4-41d9-beda-0901db6921f5: GrpcService started, listening on 0.0.0.0/0.0.0.0:33812
2019-10-08 20:34:43,472 [Datanode State Machine Thread - 0] INFO  ratis.XceiverServerRatis (XceiverServerRatis.java:start(435)) - XceiverServerRatis f38d24ff-b8ec-401e-8eaa-834885a42f3b is started using port 44884
2019-10-08 20:34:43,471 [Datanode State Machine Thread - 0] INFO  ratis.XceiverServerRatis (XceiverServerRatis.java:start(435)) - XceiverServerRatis da35d025-f602-4636-9c4c-0df67fcff925 is started using port 43688
2019-10-08 20:34:43,472 [Datanode State Machine Thread - 0] INFO  ratis.XceiverServerRatis (XceiverServerRatis.java:start(435)) - XceiverServerRatis f63ed8cc-e2f4-41d9-beda-0901db6921f5 is started using port 33812
2019-10-08 20:34:43,479 [Datanode State Machine Thread - 0] INFO  server.XceiverServerGrpc (XceiverServerGrpc.java:start(149)) - XceiverServerGrpc da35d025-f602-4636-9c4c-0df67fcff925 is started using port 33610
2019-10-08 20:34:43,479 [Datanode State Machine Thread - 0] INFO  server.XceiverServerGrpc (XceiverServerGrpc.java:start(149)) - XceiverServerGrpc f38d24ff-b8ec-401e-8eaa-834885a42f3b is started using port 39588
2019-10-08 20:34:43,479 [Datanode State Machine Thread - 0] INFO  server.XceiverServerGrpc (XceiverServerGrpc.java:start(149)) - XceiverServerGrpc f63ed8cc-e2f4-41d9-beda-0901db6921f5 is started using port 34669
2019-10-08 20:34:44,323 [main] INFO  ozone.MiniOzoneClusterImpl (MiniOzoneClusterImpl.java:lambda$waitForClusterToBeReady$2(172)) - Waiting for cluster to be ready. Got 0 of 3 DN Heartbeats.
2019-10-08 20:34:45,217 [IPC Server handler 0 on 34760] INFO  net.NetworkTopology (NetworkTopologyImpl.java:add(111)) - Added a new node: /default-rack/f63ed8cc-e2f4-41d9-beda-0901db6921f5
2019-10-08 20:34:45,219 [IPC Server handler 0 on 34760] INFO  node.SCMNodeManager (SCMNodeManager.java:register(268)) - Registered Data node : f63ed8cc-e2f4-41d9-beda-0901db6921f5{ip: 192.168.5.143, host: pr-hdds-1868-gtwz2-575081100, networkLocation: /default-rack, certSerialId: null}
2019-10-08 20:34:45,222 [EventQueue-NodeRegistrationContainerReportForDataNodeSafeModeRule] INFO  safemode.SCMSafeModeManager (DataNodeSafeModeRule.java:process(71)) - SCM in safe mode. 1 DataNodes registered, 1 required.
2019-10-08 20:34:45,222 [EventQueue-NodeRegistrationContainerReportForDataNodeSafeModeRule] INFO  safemode.SCMSafeModeManager (SCMSafeModeManager.java:validateSafeModeExitRules(177)) - ScmSafeModeManager, all rules are successfully validated
2019-10-08 20:34:45,223 [EventQueue-NodeRegistrationContainerReportForDataNodeSafeModeRule] INFO  safemode.SCMSafeModeManager (SCMSafeModeManager.java:exitSafeMode(193)) - SCM exiting safe mode.
2019-10-08 20:34:45,250 [IPC Server handler 1 on 34760] INFO  net.NetworkTopology (NetworkTopologyImpl.java:add(111)) - Added a new node: /default-rack/f38d24ff-b8ec-401e-8eaa-834885a42f3b
2019-10-08 20:34:45,250 [IPC Server handler 1 on 34760] INFO  node.SCMNodeManager (SCMNodeManager.java:register(268)) - Registered Data node : f38d24ff-b8ec-401e-8eaa-834885a42f3b{ip: 192.168.5.143, host: pr-hdds-1868-gtwz2-575081100, networkLocation: /default-rack, certSerialId: null}
2019-10-08 20:34:45,325 [IPC Server handler 4 on 34760] INFO  net.NetworkTopology (NetworkTopologyImpl.java:add(111)) - Added a new node: /default-rack/da35d025-f602-4636-9c4c-0df67fcff925
2019-10-08 20:34:45,326 [IPC Server handler 4 on 34760] INFO  node.SCMNodeManager (SCMNodeManager.java:register(268)) - Registered Data node : da35d025-f602-4636-9c4c-0df67fcff925{ip: 192.168.5.143, host: pr-hdds-1868-gtwz2-575081100, networkLocation: /default-rack, certSerialId: null}
2019-10-08 20:34:45,763 [grpc-default-executor-0] INFO  impl.RaftServerProxy (RaftServerProxy.java:addNew(89)) - f63ed8cc-e2f4-41d9-beda-0901db6921f5: addNew group-B50AFA1C00E3:[f63ed8cc-e2f4-41d9-beda-0901db6921f5:192.168.5.143:33812] returns group-B50AFA1C00E3:java.util.concurrent.CompletableFuture@1b7aaefa[Not completed]
2019-10-08 20:34:45,781 [pool-27-thread-1] INFO  impl.RaftServerImpl (RaftServerImpl.java:<init>(95)) - f63ed8cc-e2f4-41d9-beda-0901db6921f5: new RaftServerImpl for group-B50AFA1C00E3:[f63ed8cc-e2f4-41d9-beda-0901db6921f5:192.168.5.143:33812] with ContainerStateMachine:uninitialized
2019-10-08 20:34:45,784 [pool-27-thread-1] INFO  server.RaftServerConfigKeys (ConfUtils.java:logGet(43)) - raft.server.rpc.timeout.min = 5s (custom)
2019-10-08 20:34:45,785 [pool-27-thread-1] INFO  server.RaftServerConfigKeys (ConfUtils.java:logGet(43)) - raft.server.rpc.timeout.max = 5200ms (custom)
2019-10-08 20:34:45,786 [pool-27-thread-1] INFO  server.RaftServerConfigKeys (ConfUtils.java:logGet(43)) - raft.server.rpcslowness.timeout = 120s (custom)
2019-10-08 20:34:45,787 [pool-27-thread-1] INFO  server.RaftServerConfigKeys (ConfUtils.java:logGet(43)) - raft.server.sleep.deviation.threshold = 300 (default)
2019-10-08 20:34:45,788 [pool-27-thread-1] INFO  server.RaftServerConfigKeys (ConfUtils.java:logGet(43)) - raft.server.log.appender.install.snapshot.enabled = false (custom)
2019-10-08 20:34:45,799 [pool-27-thread-1] INFO  impl.RaftServerImpl (ServerState.java:<init>(103)) - f63ed8cc-e2f4-41d9-beda-0901db6921f5@group-B50AFA1C00E3: ConfigurationManager, init=-1: [f63ed8cc-e2f4-41d9-beda-0901db6921f5:192.168.5.143:33812], old=null, confs=<EMPTY_MAP>
2019-10-08 20:34:45,799 [pool-27-thread-1] INFO  server.RaftServerConfigKeys (ConfUtils.java:logGet(43)) - raft.server.storage.dir = [/workdir/hadoop-ozone/integration-test/target/test-dir/MiniOzoneClusterImpl-0085ff61-ee12-43a7-9c52-2492090bedb6/datanode-0/data/ratis] (custom)
2019-10-08 20:34:45,808 [pool-27-thread-1] INFO  server.RaftServerConfigKeys (ConfUtils.java:logGet(43)) - raft.server.log.corruption.policy = EXCEPTION (default)
2019-10-08 20:34:45,810 [pool-27-thread-1] INFO  storage.RaftStorageDirectory (RaftStorageDirectory.java:analyzeStorage(246)) - The storage directory /workdir/hadoop-ozone/integration-test/target/test-dir/MiniOzoneClusterImpl-0085ff61-ee12-43a7-9c52-2492090bedb6/datanode-0/data/ratis/f3ac3a51-28e7-4e87-aecf-b50afa1c00e3 does not exist. Creating ...
2019-10-08 20:34:45,828 [pool-27-thread-1] INFO  storage.RaftStorageDirectory (RaftStorageDirectory.java:tryLock(328)) - Lock on /workdir/hadoop-ozone/integration-test/target/test-dir/MiniOzoneClusterImpl-0085ff61-ee12-43a7-9c52-2492090bedb6/datanode-0/data/ratis/f3ac3a51-28e7-4e87-aecf-b50afa1c00e3/in_use.lock acquired by nodename 1495@pr-hdds-1868-gtwz2-575081100
2019-10-08 20:34:45,843 [pool-27-thread-1] INFO  storage.RaftStorage (RaftStorage.java:format(84)) - Storage directory /workdir/hadoop-ozone/integration-test/target/test-dir/MiniOzoneClusterImpl-0085ff61-ee12-43a7-9c52-2492090bedb6/datanode-0/data/ratis/f3ac3a51-28e7-4e87-aecf-b50afa1c00e3 has been successfully formatted.
2019-10-08 20:34:45,846 [pool-27-thread-1] INFO  ratis.ContainerStateMachine (ContainerStateMachine.java:loadSnapshot(233)) - group-B50AFA1C00E3: The snapshot info is null. Setting the last applied indexto:(t:0, i:~)
2019-10-08 20:34:45,846 [pool-27-thread-1] INFO  server.RaftServerConfigKeys (ConfUtils.java:logGet(43)) - raft.server.notification.no-leader.timeout = 120s (custom)
2019-10-08 20:34:45,849 [pool-27-thread-1] INFO  server.RaftServerConfigKeys (ConfUtils.java:logGet(43)) - raft.server.log.use.memory = false (default)
2019-10-08 20:34:45,856 [pool-27-thread-1] INFO  server.RaftServerConfigKeys (ConfUtils.java:logGet(43)) - raft.server.log.purge.gap = 1000000 (custom)
2019-10-08 20:34:45,856 [pool-27-thread-1] INFO  server.RaftServerConfigKeys (ConfUtils.java:logGet(43)) - raft.server.log.appender.buffer.byte-limit = 33554432 (custom)
2019-10-08 20:34:45,859 [pool-27-thread-1] INFO  server.RaftServerConfigKeys (ConfUtils.java:logGet(43)) - raft.server.log.segment.size.max = 1048576 (custom)
2019-10-08 20:34:45,861 [pool-27-thread-1] INFO  impl.MetricsSystemImpl (MetricsSystemImpl.java:init(158)) - ratis metrics system started (again)
2019-10-08 20:34:45,865 [pool-27-thread-1] INFO  metrics.MetricRegistries (MetricRegistriesLoader.java:load(64)) - Loaded MetricRegistries class org.apache.ratis.metrics.impl.MetricRegistriesImpl
2019-10-08 20:34:45,908 [pool-27-thread-1] INFO  server.RaftServerConfigKeys (ConfUtils.java:logGet(43)) - raft.server.log.segment.cache.num.max = 2 (custom)
2019-10-08 20:34:45,916 [pool-27-thread-1] INFO  segmented.SegmentedRaftLogWorker (SegmentedRaftLogWorker.java:<init>(173)) - new f63ed8cc-e2f4-41d9-beda-0901db6921f5@group-B50AFA1C00E3-SegmentedRaftLogWorker for RaftStorage:Storage Directory /workdir/hadoop-ozone/integration-test/target/test-dir/MiniOzoneClusterImpl-0085ff61-ee12-43a7-9c52-2492090bedb6/datanode-0/data/ratis/f3ac3a51-28e7-4e87-aecf-b50afa1c00e3
2019-10-08 20:34:45,916 [pool-27-thread-1] INFO  server.RaftServerConfigKeys (ConfUtils.java:logGet(43)) - raft.server.log.queue.byte-limit = 2147483647 (custom)
2019-10-08 20:34:45,917 [pool-27-thread-1] INFO  server.RaftServerConfigKeys (ConfUtils.java:logGet(43)) - raft.server.log.queue.element-limit = 1024 (custom)
2019-10-08 20:34:45,919 [pool-27-thread-1] INFO  server.RaftServerConfigKeys (ConfUtils.java:logGet(43)) - raft.server.log.segment.size.max = 1048576 (custom)
2019-10-08 20:34:45,920 [pool-27-thread-1] INFO  server.RaftServerConfigKeys (ConfUtils.java:logGet(43)) - raft.server.log.preallocated.size = 16384 (custom)
2019-10-08 20:34:45,920 [pool-27-thread-1] INFO  server.RaftServerConfigKeys (ConfUtils.java:logGet(43)) - raft.server.log.write.buffer.size = 33554432 (custom)
2019-10-08 20:34:45,921 [pool-27-thread-1] INFO  server.RaftServerConfigKeys (ConfUtils.java:logGet(43)) - raft.server.log.force.sync.num = 128 (default)
2019-10-08 20:34:45,922 [pool-27-thread-1] INFO  server.RaftServerConfigKeys (ConfUtils.java:logGet(43)) - raft.server.log.statemachine.data.sync = true (default)
2019-10-08 20:34:45,923 [pool-27-thread-1] INFO  server.RaftServerConfigKeys (ConfUtils.java:logGet(43)) - raft.server.log.statemachine.data.sync.timeout = 10s (default)
2019-10-08 20:34:45,923 [pool-27-thread-1] INFO  server.RaftServerConfigKeys (ConfUtils.java:logGet(43)) - raft.server.log.statemachine.data.sync.timeout.retry = -1 (default)
2019-10-08 20:34:45,938 [pool-27-thread-1] INFO  server.RaftServerConfigKeys (ConfUtils.java:logGet(43)) - raft.server.log.statemachine.data.caching.enabled = true (custom)
2019-10-08 20:34:45,944 [pool-27-thread-1] INFO  segmented.SegmentedRaftLogWorker (SegmentedRaftLogWorker.java:lambda$new$0(128)) - f63ed8cc-e2f4-41d9-beda-0901db6921f5@group-B50AFA1C00E3-SegmentedRaftLogWorker: flushIndex: setUnconditionally 0 -> -1
2019-10-08 20:34:45,949 [pool-27-thread-1] INFO  server.RaftServerConfigKeys (ConfUtils.java:logGet(43)) - raft.server.snapshot.auto.trigger.enabled = true (custom)
2019-10-08 20:34:45,950 [pool-27-thread-1] INFO  server.RaftServerConfigKeys (ConfUtils.java:logGet(43)) - raft.server.snapshot.auto.trigger.threshold = 10000 (custom)
2019-10-08 20:34:45,951 [pool-27-thread-1] INFO  server.RaftServerConfigKeys (ConfUtils.java:logGet(43)) - raft.server.snapshot.retention.file.num = 5 (custom)
2019-10-08 20:34:45,951 [pool-27-thread-1] INFO  server.RaftServerConfigKeys (ConfUtils.java:logGet(43)) - raft.server.retrycache.expirytime = 600000ms (custom)
2019-10-08 20:34:45,980 [pool-27-thread-1] INFO  impl.RaftServerImpl (RaftServerImpl.java:start(181)) - f63ed8cc-e2f4-41d9-beda-0901db6921f5@group-B50AFA1C00E3: start as a follower, conf=-1: [f63ed8cc-e2f4-41d9-beda-0901db6921f5:192.168.5.143:33812], old=null
2019-10-08 20:34:45,982 [pool-27-thread-1] INFO  impl.RaftServerImpl (RaftServerImpl.java:setRole(170)) - f63ed8cc-e2f4-41d9-beda-0901db6921f5@group-B50AFA1C00E3: changes role from      null to FOLLOWER at term 0 for startAsFollower
2019-10-08 20:34:45,983 [pool-27-thread-1] INFO  impl.RoleInfo (RoleInfo.java:updateAndGet(143)) - f63ed8cc-e2f4-41d9-beda-0901db6921f5: start FollowerState
2019-10-08 20:34:45,984 [pool-27-thread-1] INFO  util.JmxRegister (JmxRegister.java:tryRegister(44)) - Successfully registered JMX Bean with object name Ratis:service=RaftServer,group=group-B50AFA1C00E3,id=f63ed8cc-e2f4-41d9-beda-0901db6921f5
2019-10-08 20:34:46,056 [RatisPipelineUtilsThread] INFO  pipeline.PipelineStateManager (PipelineStateManager.java:addPipeline(57)) - Created pipeline Pipeline[ Id: f3ac3a51-28e7-4e87-aecf-b50afa1c00e3, Nodes: f63ed8cc-e2f4-41d9-beda-0901db6921f5{ip: 192.168.5.143, host: pr-hdds-1868-gtwz2-575081100, networkLocation: /default-rack, certSerialId: null}, Type:RATIS, Factor:ONE, State:ALLOCATED]
2019-10-08 20:34:46,078 [grpc-default-executor-0] INFO  impl.RaftServerProxy (RaftServerProxy.java:addNew(89)) - da35d025-f602-4636-9c4c-0df67fcff925: addNew group-6DFCF145B065:[da35d025-f602-4636-9c4c-0df67fcff925:192.168.5.143:43688] returns group-6DFCF145B065:java.util.concurrent.CompletableFuture@3e1e7d7b[Not completed]
2019-10-08 20:34:46,114 [pool-47-thread-1] INFO  impl.RaftServerImpl (RaftServerImpl.java:<init>(95)) - da35d025-f602-4636-9c4c-0df67fcff925: new RaftServerImpl for group-6DFCF145B065:[da35d025-f602-4636-9c4c-0df67fcff925:192.168.5.143:43688] with ContainerStateMachine:uninitialized
2019-10-08 20:34:46,116 [pool-47-thread-1] INFO  server.RaftServerConfigKeys (ConfUtils.java:logGet(43)) - raft.server.rpc.timeout.min = 5s (custom)
2019-10-08 20:34:46,116 [pool-47-thread-1] INFO  server.RaftServerConfigKeys (ConfUtils.java:logGet(43)) - raft.server.rpc.timeout.max = 5200ms (custom)
2019-10-08 20:34:46,116 [pool-47-thread-1] INFO  server.RaftServerConfigKeys (ConfUtils.java:logGet(43)) - raft.server.rpcslowness.timeout = 120s (custom)
2019-10-08 20:34:46,116 [pool-47-thread-1] INFO  server.RaftServerConfigKeys (ConfUtils.java:logGet(43)) - raft.server.sleep.deviation.threshold = 300 (default)
2019-10-08 20:34:46,117 [pool-47-thread-1] INFO  server.RaftServerConfigKeys (ConfUtils.java:logGet(43)) - raft.server.log.appender.install.snapshot.enabled = false (custom)
2019-10-08 20:34:46,117 [pool-47-thread-1] INFO  impl.RaftServerImpl (ServerState.java:<init>(103)) - da35d025-f602-4636-9c4c-0df67fcff925@group-6DFCF145B065: ConfigurationManager, init=-1: [da35d025-f602-4636-9c4c-0df67fcff925:192.168.5.143:43688], old=null, confs=<EMPTY_MAP>
2019-10-08 20:34:46,117 [pool-47-thread-1] INFO  server.RaftServerConfigKeys (ConfUtils.java:logGet(43)) - raft.server.storage.dir = [/workdir/hadoop-ozone/integration-test/target/test-dir/MiniOzoneClusterImpl-0085ff61-ee12-43a7-9c52-2492090bedb6/datanode-2/data/ratis] (custom)
2019-10-08 20:34:46,118 [pool-47-thread-1] INFO  server.RaftServerConfigKeys (ConfUtils.java:logGet(43)) - raft.server.log.corruption.policy = EXCEPTION (default)
2019-10-08 20:34:46,118 [pool-47-thread-1] INFO  storage.RaftStorageDirectory (RaftStorageDirectory.java:analyzeStorage(246)) - The storage directory /workdir/hadoop-ozone/integration-test/target/test-dir/MiniOzoneClusterImpl-0085ff61-ee12-43a7-9c52-2492090bedb6/datanode-2/data/ratis/401bcd58-c080-40eb-87e2-6dfcf145b065 does not exist. Creating ...
2019-10-08 20:34:46,132 [pool-47-thread-1] INFO  storage.RaftStorageDirectory (RaftStorageDirectory.java:tryLock(328)) - Lock on /workdir/hadoop-ozone/integration-test/target/test-dir/MiniOzoneClusterImpl-0085ff61-ee12-43a7-9c52-2492090bedb6/datanode-2/data/ratis/401bcd58-c080-40eb-87e2-6dfcf145b065/in_use.lock acquired by nodename 1495@pr-hdds-1868-gtwz2-575081100
2019-10-08 20:34:46,145 [pool-47-thread-1] INFO  storage.RaftStorage (RaftStorage.java:format(84)) - Storage directory /workdir/hadoop-ozone/integration-test/target/test-dir/MiniOzoneClusterImpl-0085ff61-ee12-43a7-9c52-2492090bedb6/datanode-2/data/ratis/401bcd58-c080-40eb-87e2-6dfcf145b065 has been successfully formatted.
2019-10-08 20:34:46,147 [pool-47-thread-1] INFO  ratis.ContainerStateMachine (ContainerStateMachine.java:loadSnapshot(233)) - group-6DFCF145B065: The snapshot info is null. Setting the last applied indexto:(t:0, i:~)
2019-10-08 20:34:46,148 [pool-47-thread-1] INFO  server.RaftServerConfigKeys (ConfUtils.java:logGet(43)) - raft.server.notification.no-leader.timeout = 120s (custom)
2019-10-08 20:34:46,149 [pool-47-thread-1] INFO  server.RaftServerConfigKeys (ConfUtils.java:logGet(43)) - raft.server.log.use.memory = false (default)
2019-10-08 20:34:46,149 [pool-47-thread-1] INFO  server.RaftServerConfigKeys (ConfUtils.java:logGet(43)) - raft.server.log.purge.gap = 1000000 (custom)
2019-10-08 20:34:46,149 [pool-47-thread-1] INFO  server.RaftServerConfigKeys (ConfUtils.java:logGet(43)) - raft.server.log.appender.buffer.byte-limit = 33554432 (custom)
2019-10-08 20:34:46,149 [pool-47-thread-1] INFO  server.RaftServerConfigKeys (ConfUtils.java:logGet(43)) - raft.server.log.segment.size.max = 1048576 (custom)
2019-10-08 20:34:46,155 [pool-47-thread-1] INFO  server.RaftServerConfigKeys (ConfUtils.java:logGet(43)) - raft.server.log.segment.cache.num.max = 2 (custom)
2019-10-08 20:34:46,156 [pool-47-thread-1] INFO  segmented.SegmentedRaftLogWorker (SegmentedRaftLogWorker.java:<init>(173)) - new da35d025-f602-4636-9c4c-0df67fcff925@group-6DFCF145B065-SegmentedRaftLogWorker for RaftStorage:Storage Directory /workdir/hadoop-ozone/integration-test/target/test-dir/MiniOzoneClusterImpl-0085ff61-ee12-43a7-9c52-2492090bedb6/datanode-2/data/ratis/401bcd58-c080-40eb-87e2-6dfcf145b065
2019-10-08 20:34:46,157 [pool-47-thread-1] INFO  server.RaftServerConfigKeys (ConfUtils.java:logGet(43)) - raft.server.log.queue.byte-limit = 2147483647 (custom)
2019-10-08 20:34:46,157 [pool-47-thread-1] INFO  server.RaftServerConfigKeys (ConfUtils.java:logGet(43)) - raft.server.log.queue.element-limit = 1024 (custom)
2019-10-08 20:34:46,157 [pool-47-thread-1] INFO  server.RaftServerConfigKeys (ConfUtils.java:logGet(43)) - raft.server.log.segment.size.max = 1048576 (custom)
2019-10-08 20:34:46,157 [pool-47-thread-1] INFO  server.RaftServerConfigKeys (ConfUtils.java:logGet(43)) - raft.server.log.preallocated.size = 16384 (custom)
2019-10-08 20:34:46,158 [pool-47-thread-1] INFO  server.RaftServerConfigKeys (ConfUtils.java:logGet(43)) - raft.server.log.write.buffer.size = 33554432 (custom)
2019-10-08 20:34:46,158 [pool-47-thread-1] INFO  server.RaftServerConfigKeys (ConfUtils.java:logGet(43)) - raft.server.log.force.sync.num = 128 (default)
2019-10-08 20:34:46,158 [pool-47-thread-1] INFO  server.RaftServerConfigKeys (ConfUtils.java:logGet(43)) - raft.server.log.statemachine.data.sync = true (default)
2019-10-08 20:34:46,158 [pool-47-thread-1] INFO  server.RaftServerConfigKeys (ConfUtils.java:logGet(43)) - raft.server.log.statemachine.data.sync.timeout = 10s (default)
2019-10-08 20:34:46,159 [pool-47-thread-1] INFO  server.RaftServerConfigKeys (ConfUtils.java:logGet(43)) - raft.server.log.statemachine.data.sync.timeout.retry = -1 (default)
2019-10-08 20:34:46,160 [pool-47-thread-1] INFO  server.RaftServerConfigKeys (ConfUtils.java:logGet(43)) - raft.server.log.statemachine.data.caching.enabled = true (custom)
2019-10-08 20:34:46,160 [pool-47-thread-1] INFO  segmented.SegmentedRaftLogWorker (SegmentedRaftLogWorker.java:lambda$new$0(128)) - da35d025-f602-4636-9c4c-0df67fcff925@group-6DFCF145B065-SegmentedRaftLogWorker: flushIndex: setUnconditionally 0 -> -1
2019-10-08 20:34:46,161 [pool-47-thread-1] INFO  server.RaftServerConfigKeys (ConfUtils.java:logGet(43)) - raft.server.snapshot.auto.trigger.enabled = true (custom)
2019-10-08 20:34:46,161 [pool-47-thread-1] INFO  server.RaftServerConfigKeys (ConfUtils.java:logGet(43)) - raft.server.snapshot.auto.trigger.threshold = 10000 (custom)
2019-10-08 20:34:46,161 [pool-47-thread-1] INFO  server.RaftServerConfigKeys (ConfUtils.java:logGet(43)) - raft.server.snapshot.retention.file.num = 5 (custom)
2019-10-08 20:34:46,161 [pool-47-thread-1] INFO  server.RaftServerConfigKeys (ConfUtils.java:logGet(43)) - raft.server.retrycache.expirytime = 600000ms (custom)
2019-10-08 20:34:46,166 [pool-47-thread-1] INFO  impl.RaftServerImpl (RaftServerImpl.java:start(181)) - da35d025-f602-4636-9c4c-0df67fcff925@group-6DFCF145B065: start as a follower, conf=-1: [da35d025-f602-4636-9c4c-0df67fcff925:192.168.5.143:43688], old=null
2019-10-08 20:34:46,167 [pool-47-thread-1] INFO  impl.RaftServerImpl (RaftServerImpl.java:setRole(170)) - da35d025-f602-4636-9c4c-0df67fcff925@group-6DFCF145B065: changes role from      null to FOLLOWER at term 0 for startAsFollower
2019-10-08 20:34:46,167 [pool-47-thread-1] INFO  impl.RoleInfo (RoleInfo.java:updateAndGet(143)) - da35d025-f602-4636-9c4c-0df67fcff925: start FollowerState
2019-10-08 20:34:46,169 [pool-47-thread-1] INFO  util.JmxRegister (JmxRegister.java:tryRegister(44)) - Successfully registered JMX Bean with object name Ratis:service=RaftServer,group=group-6DFCF145B065,id=da35d025-f602-4636-9c4c-0df67fcff925
2019-10-08 20:34:46,189 [RatisPipelineUtilsThread] INFO  pipeline.PipelineStateManager (PipelineStateManager.java:addPipeline(57)) - Created pipeline Pipeline[ Id: 401bcd58-c080-40eb-87e2-6dfcf145b065, Nodes: da35d025-f602-4636-9c4c-0df67fcff925{ip: 192.168.5.143, host: pr-hdds-1868-gtwz2-575081100, networkLocation: /default-rack, certSerialId: null}, Type:RATIS, Factor:ONE, State:ALLOCATED]
2019-10-08 20:34:46,210 [grpc-default-executor-0] INFO  impl.RaftServerProxy (RaftServerProxy.java:addNew(89)) - f38d24ff-b8ec-401e-8eaa-834885a42f3b: addNew group-BAD377B063DA:[f38d24ff-b8ec-401e-8eaa-834885a42f3b:192.168.5.143:44884] returns group-BAD377B063DA:java.util.concurrent.CompletableFuture@73188350[Not completed]
2019-10-08 20:34:46,232 [pool-37-thread-1] INFO  impl.RaftServerImpl (RaftServerImpl.java:<init>(95)) - f38d24ff-b8ec-401e-8eaa-834885a42f3b: new RaftServerImpl for group-BAD377B063DA:[f38d24ff-b8ec-401e-8eaa-834885a42f3b:192.168.5.143:44884] with ContainerStateMachine:uninitialized
2019-10-08 20:34:46,233 [pool-37-thread-1] INFO  server.RaftServerConfigKeys (ConfUtils.java:logGet(43)) - raft.server.rpc.timeout.min = 5s (custom)
2019-10-08 20:34:46,234 [pool-37-thread-1] INFO  server.RaftServerConfigKeys (ConfUtils.java:logGet(43)) - raft.server.rpc.timeout.max = 5200ms (custom)
2019-10-08 20:34:46,234 [pool-37-thread-1] INFO  server.RaftServerConfigKeys (ConfUtils.java:logGet(43)) - raft.server.rpcslowness.timeout = 120s (custom)
2019-10-08 20:34:46,234 [pool-37-thread-1] INFO  server.RaftServerConfigKeys (ConfUtils.java:logGet(43)) - raft.server.sleep.deviation.threshold = 300 (default)
2019-10-08 20:34:46,235 [pool-37-thread-1] INFO  server.RaftServerConfigKeys (ConfUtils.java:logGet(43)) - raft.server.log.appender.install.snapshot.enabled = false (custom)
2019-10-08 20:34:46,235 [pool-37-thread-1] INFO  impl.RaftServerImpl (ServerState.java:<init>(103)) - f38d24ff-b8ec-401e-8eaa-834885a42f3b@group-BAD377B063DA: ConfigurationManager, init=-1: [f38d24ff-b8ec-401e-8eaa-834885a42f3b:192.168.5.143:44884], old=null, confs=<EMPTY_MAP>
2019-10-08 20:34:46,235 [pool-37-thread-1] INFO  server.RaftServerConfigKeys (ConfUtils.java:logGet(43)) - raft.server.storage.dir = [/workdir/hadoop-ozone/integration-test/target/test-dir/MiniOzoneClusterImpl-0085ff61-ee12-43a7-9c52-2492090bedb6/datanode-1/data/ratis] (custom)
2019-10-08 20:34:46,236 [pool-37-thread-1] INFO  server.RaftServerConfigKeys (ConfUtils.java:logGet(43)) - raft.server.log.corruption.policy = EXCEPTION (default)
2019-10-08 20:34:46,236 [pool-37-thread-1] INFO  storage.RaftStorageDirectory (RaftStorageDirectory.java:analyzeStorage(246)) - The storage directory /workdir/hadoop-ozone/integration-test/target/test-dir/MiniOzoneClusterImpl-0085ff61-ee12-43a7-9c52-2492090bedb6/datanode-1/data/ratis/f9ad8989-b6ff-4b50-b047-bad377b063da does not exist. Creating ...
2019-10-08 20:34:46,253 [pool-37-thread-1] INFO  storage.RaftStorageDirectory (RaftStorageDirectory.java:tryLock(328)) - Lock on /workdir/hadoop-ozone/integration-test/target/test-dir/MiniOzoneClusterImpl-0085ff61-ee12-43a7-9c52-2492090bedb6/datanode-1/data/ratis/f9ad8989-b6ff-4b50-b047-bad377b063da/in_use.lock acquired by nodename 1495@pr-hdds-1868-gtwz2-575081100
2019-10-08 20:34:46,267 [pool-37-thread-1] INFO  storage.RaftStorage (RaftStorage.java:format(84)) - Storage directory /workdir/hadoop-ozone/integration-test/target/test-dir/MiniOzoneClusterImpl-0085ff61-ee12-43a7-9c52-2492090bedb6/datanode-1/data/ratis/f9ad8989-b6ff-4b50-b047-bad377b063da has been successfully formatted.
2019-10-08 20:34:46,267 [pool-37-thread-1] INFO  ratis.ContainerStateMachine (ContainerStateMachine.java:loadSnapshot(233)) - group-BAD377B063DA: The snapshot info is null. Setting the last applied indexto:(t:0, i:~)
2019-10-08 20:34:46,268 [pool-37-thread-1] INFO  server.RaftServerConfigKeys (ConfUtils.java:logGet(43)) - raft.server.notification.no-leader.timeout = 120s (custom)
2019-10-08 20:34:46,268 [pool-37-thread-1] INFO  server.RaftServerConfigKeys (ConfUtils.java:logGet(43)) - raft.server.log.use.memory = false (default)
2019-10-08 20:34:46,268 [pool-37-thread-1] INFO  server.RaftServerConfigKeys (ConfUtils.java:logGet(43)) - raft.server.log.purge.gap = 1000000 (custom)
2019-10-08 20:34:46,268 [pool-37-thread-1] INFO  server.RaftServerConfigKeys (ConfUtils.java:logGet(43)) - raft.server.log.appender.buffer.byte-limit = 33554432 (custom)
2019-10-08 20:34:46,269 [pool-37-thread-1] INFO  server.RaftServerConfigKeys (ConfUtils.java:logGet(43)) - raft.server.log.segment.size.max = 1048576 (custom)
2019-10-08 20:34:46,296 [pool-37-thread-1] INFO  server.RaftServerConfigKeys (ConfUtils.java:logGet(43)) - raft.server.log.segment.cache.num.max = 2 (custom)
2019-10-08 20:34:46,296 [pool-37-thread-1] INFO  segmented.SegmentedRaftLogWorker (SegmentedRaftLogWorker.java:<init>(173)) - new f38d24ff-b8ec-401e-8eaa-834885a42f3b@group-BAD377B063DA-SegmentedRaftLogWorker for RaftStorage:Storage Directory /workdir/hadoop-ozone/integration-test/target/test-dir/MiniOzoneClusterImpl-0085ff61-ee12-43a7-9c52-2492090bedb6/datanode-1/data/ratis/f9ad8989-b6ff-4b50-b047-bad377b063da
2019-10-08 20:34:46,296 [pool-37-thread-1] INFO  server.RaftServerConfigKeys (ConfUtils.java:logGet(43)) - raft.server.log.queue.byte-limit = 2147483647 (custom)
2019-10-08 20:34:46,297 [pool-37-thread-1] INFO  server.RaftServerConfigKeys (ConfUtils.java:logGet(43)) - raft.server.log.queue.element-limit = 1024 (custom)
2019-10-08 20:34:46,297 [pool-37-thread-1] INFO  server.RaftServerConfigKeys (ConfUtils.java:logGet(43)) - raft.server.log.segment.size.max = 1048576 (custom)
2019-10-08 20:34:46,297 [pool-37-thread-1] INFO  server.RaftServerConfigKeys (ConfUtils.java:logGet(43)) - raft.server.log.preallocated.size = 16384 (custom)
2019-10-08 20:34:46,297 [pool-37-thread-1] INFO  server.RaftServerConfigKeys (ConfUtils.java:logGet(43)) - raft.server.log.write.buffer.size = 33554432 (custom)
2019-10-08 20:34:46,297 [pool-37-thread-1] INFO  server.RaftServerConfigKeys (ConfUtils.java:logGet(43)) - raft.server.log.force.sync.num = 128 (default)
2019-10-08 20:34:46,298 [pool-37-thread-1] INFO  server.RaftServerConfigKeys (ConfUtils.java:logGet(43)) - raft.server.log.statemachine.data.sync = true (default)
2019-10-08 20:34:46,298 [pool-37-thread-1] INFO  server.RaftServerConfigKeys (ConfUtils.java:logGet(43)) - raft.server.log.statemachine.data.sync.timeout = 10s (default)
2019-10-08 20:34:46,298 [pool-37-thread-1] INFO  server.RaftServerConfigKeys (ConfUtils.java:logGet(43)) - raft.server.log.statemachine.data.sync.timeout.retry = -1 (default)
2019-10-08 20:34:46,299 [pool-37-thread-1] INFO  server.RaftServerConfigKeys (ConfUtils.java:logGet(43)) - raft.server.log.statemachine.data.caching.enabled = true (custom)
2019-10-08 20:34:46,299 [pool-37-thread-1] INFO  segmented.SegmentedRaftLogWorker (SegmentedRaftLogWorker.java:lambda$new$0(128)) - f38d24ff-b8ec-401e-8eaa-834885a42f3b@group-BAD377B063DA-SegmentedRaftLogWorker: flushIndex: setUnconditionally 0 -> -1
2019-10-08 20:34:46,300 [pool-37-thread-1] INFO  server.RaftServerConfigKeys (ConfUtils.java:logGet(43)) - raft.server.snapshot.auto.trigger.enabled = true (custom)
2019-10-08 20:34:46,300 [pool-37-thread-1] INFO  server.RaftServerConfigKeys (ConfUtils.java:logGet(43)) - raft.server.snapshot.auto.trigger.threshold = 10000 (custom)
2019-10-08 20:34:46,300 [pool-37-thread-1] INFO  server.RaftServerConfigKeys (ConfUtils.java:logGet(43)) - raft.server.snapshot.retention.file.num = 5 (custom)
2019-10-08 20:34:46,301 [pool-37-thread-1] INFO  server.RaftServerConfigKeys (ConfUtils.java:logGet(43)) - raft.server.retrycache.expirytime = 600000ms (custom)
2019-10-08 20:34:46,306 [pool-37-thread-1] INFO  impl.RaftServerImpl (RaftServerImpl.java:start(181)) - f38d24ff-b8ec-401e-8eaa-834885a42f3b@group-BAD377B063DA: start as a follower, conf=-1: [f38d24ff-b8ec-401e-8eaa-834885a42f3b:192.168.5.143:44884], old=null
2019-10-08 20:34:46,306 [pool-37-thread-1] INFO  impl.RaftServerImpl (RaftServerImpl.java:setRole(170)) - f38d24ff-b8ec-401e-8eaa-834885a42f3b@group-BAD377B063DA: changes role from      null to FOLLOWER at term 0 for startAsFollower
2019-10-08 20:34:46,306 [pool-37-thread-1] INFO  impl.RoleInfo (RoleInfo.java:updateAndGet(143)) - f38d24ff-b8ec-401e-8eaa-834885a42f3b: start FollowerState
2019-10-08 20:34:46,307 [pool-37-thread-1] INFO  util.JmxRegister (JmxRegister.java:tryRegister(44)) - Successfully registered JMX Bean with object name Ratis:service=RaftServer,group=group-BAD377B063DA,id=f38d24ff-b8ec-401e-8eaa-834885a42f3b
2019-10-08 20:34:46,323 [RatisPipelineUtilsThread] INFO  pipeline.PipelineStateManager (PipelineStateManager.java:addPipeline(57)) - Created pipeline Pipeline[ Id: f9ad8989-b6ff-4b50-b047-bad377b063da, Nodes: f38d24ff-b8ec-401e-8eaa-834885a42f3b{ip: 192.168.5.143, host: pr-hdds-1868-gtwz2-575081100, networkLocation: /default-rack, certSerialId: null}, Type:RATIS, Factor:ONE, State:ALLOCATED]
2019-10-08 20:34:46,362 [grpc-default-executor-2] INFO  impl.RaftServerProxy (RaftServerProxy.java:addNew(89)) - da35d025-f602-4636-9c4c-0df67fcff925: addNew group-3B178BD26993:[da35d025-f602-4636-9c4c-0df67fcff925:192.168.5.143:43688, f38d24ff-b8ec-401e-8eaa-834885a42f3b:192.168.5.143:44884, f63ed8cc-e2f4-41d9-beda-0901db6921f5:192.168.5.143:33812] returns group-3B178BD26993:java.util.concurrent.CompletableFuture@3f03c8fd[Not completed]
2019-10-08 20:34:46,364 [grpc-default-executor-1] INFO  impl.RaftServerProxy (RaftServerProxy.java:addNew(89)) - f63ed8cc-e2f4-41d9-beda-0901db6921f5: addNew group-3B178BD26993:[da35d025-f602-4636-9c4c-0df67fcff925:192.168.5.143:43688, f38d24ff-b8ec-401e-8eaa-834885a42f3b:192.168.5.143:44884, f63ed8cc-e2f4-41d9-beda-0901db6921f5:192.168.5.143:33812] returns group-3B178BD26993:java.util.concurrent.CompletableFuture@64a60dbb[Not completed]
2019-10-08 20:34:46,366 [pool-47-thread-1] INFO  impl.RaftServerImpl (RaftServerImpl.java:<init>(95)) - da35d025-f602-4636-9c4c-0df67fcff925: new RaftServerImpl for group-3B178BD26993:[da35d025-f602-4636-9c4c-0df67fcff925:192.168.5.143:43688, f38d24ff-b8ec-401e-8eaa-834885a42f3b:192.168.5.143:44884, f63ed8cc-e2f4-41d9-beda-0901db6921f5:192.168.5.143:33812] with ContainerStateMachine:uninitialized
2019-10-08 20:34:46,366 [pool-47-thread-1] INFO  server.RaftServerConfigKeys (ConfUtils.java:logGet(43)) - raft.server.rpc.timeout.min = 5s (custom)
2019-10-08 20:34:46,367 [pool-47-thread-1] INFO  server.RaftServerConfigKeys (ConfUtils.java:logGet(43)) - raft.server.rpc.timeout.max = 5200ms (custom)
2019-10-08 20:34:46,367 [pool-47-thread-1] INFO  server.RaftServerConfigKeys (ConfUtils.java:logGet(43)) - raft.server.rpcslowness.timeout = 120s (custom)
2019-10-08 20:34:46,367 [pool-47-thread-1] INFO  server.RaftServerConfigKeys (ConfUtils.java:logGet(43)) - raft.server.sleep.deviation.threshold = 300 (default)
2019-10-08 20:34:46,367 [pool-27-thread-1] INFO  impl.RaftServerImpl (RaftServerImpl.java:<init>(95)) - f63ed8cc-e2f4-41d9-beda-0901db6921f5: new RaftServerImpl for group-3B178BD26993:[da35d025-f602-4636-9c4c-0df67fcff925:192.168.5.143:43688, f38d24ff-b8ec-401e-8eaa-834885a42f3b:192.168.5.143:44884, f63ed8cc-e2f4-41d9-beda-0901db6921f5:192.168.5.143:33812] with ContainerStateMachine:uninitialized
2019-10-08 20:34:46,368 [pool-47-thread-1] INFO  server.RaftServerConfigKeys (ConfUtils.java:logGet(43)) - raft.server.log.appender.install.snapshot.enabled = false (custom)
2019-10-08 20:34:46,368 [pool-27-thread-1] INFO  server.RaftServerConfigKeys (ConfUtils.java:logGet(43)) - raft.server.rpc.timeout.min = 5s (custom)
2019-10-08 20:34:46,368 [pool-47-thread-1] INFO  impl.RaftServerImpl (ServerState.java:<init>(103)) - da35d025-f602-4636-9c4c-0df67fcff925@group-3B178BD26993: ConfigurationManager, init=-1: [da35d025-f602-4636-9c4c-0df67fcff925:192.168.5.143:43688, f38d24ff-b8ec-401e-8eaa-834885a42f3b:192.168.5.143:44884, f63ed8cc-e2f4-41d9-beda-0901db6921f5:192.168.5.143:33812], old=null, confs=<EMPTY_MAP>
2019-10-08 20:34:46,368 [pool-27-thread-1] INFO  server.RaftServerConfigKeys (ConfUtils.java:logGet(43)) - raft.server.rpc.timeout.max = 5200ms (custom)
2019-10-08 20:34:46,369 [pool-47-thread-1] INFO  server.RaftServerConfigKeys (ConfUtils.java:logGet(43)) - raft.server.storage.dir = [/workdir/hadoop-ozone/integration-test/target/test-dir/MiniOzoneClusterImpl-0085ff61-ee12-43a7-9c52-2492090bedb6/datanode-2/data/ratis] (custom)
2019-10-08 20:34:46,369 [pool-27-thread-1] INFO  server.RaftServerConfigKeys (ConfUtils.java:logGet(43)) - raft.server.rpcslowness.timeout = 120s (custom)
2019-10-08 20:34:46,371 [pool-27-thread-1] INFO  server.RaftServerConfigKeys (ConfUtils.java:logGet(43)) - raft.server.sleep.deviation.threshold = 300 (default)
2019-10-08 20:34:46,371 [pool-47-thread-1] INFO  server.RaftServerConfigKeys (ConfUtils.java:logGet(43)) - raft.server.log.corruption.policy = EXCEPTION (default)
2019-10-08 20:34:46,371 [pool-27-thread-1] INFO  server.RaftServerConfigKeys (ConfUtils.java:logGet(43)) - raft.server.log.appender.install.snapshot.enabled = false (custom)
2019-10-08 20:34:46,371 [pool-47-thread-1] INFO  storage.RaftStorageDirectory (RaftStorageDirectory.java:analyzeStorage(246)) - The storage directory /workdir/hadoop-ozone/integration-test/target/test-dir/MiniOzoneClusterImpl-0085ff61-ee12-43a7-9c52-2492090bedb6/datanode-2/data/ratis/51da6380-fbad-4986-ba50-3b178bd26993 does not exist. Creating ...
2019-10-08 20:34:46,372 [pool-27-thread-1] INFO  impl.RaftServerImpl (ServerState.java:<init>(103)) - f63ed8cc-e2f4-41d9-beda-0901db6921f5@group-3B178BD26993: ConfigurationManager, init=-1: [da35d025-f602-4636-9c4c-0df67fcff925:192.168.5.143:43688, f38d24ff-b8ec-401e-8eaa-834885a42f3b:192.168.5.143:44884, f63ed8cc-e2f4-41d9-beda-0901db6921f5:192.168.5.143:33812], old=null, confs=<EMPTY_MAP>
2019-10-08 20:34:46,373 [pool-27-thread-1] INFO  server.RaftServerConfigKeys (ConfUtils.java:logGet(43)) - raft.server.storage.dir = [/workdir/hadoop-ozone/integration-test/target/test-dir/MiniOzoneClusterImpl-0085ff61-ee12-43a7-9c52-2492090bedb6/datanode-0/data/ratis] (custom)
2019-10-08 20:34:46,373 [pool-27-thread-1] INFO  server.RaftServerConfigKeys (ConfUtils.java:logGet(43)) - raft.server.log.corruption.policy = EXCEPTION (default)
2019-10-08 20:34:46,374 [grpc-default-executor-1] INFO  impl.RaftServerProxy (RaftServerProxy.java:addNew(89)) - f38d24ff-b8ec-401e-8eaa-834885a42f3b: addNew group-3B178BD26993:[da35d025-f602-4636-9c4c-0df67fcff925:192.168.5.143:43688, f38d24ff-b8ec-401e-8eaa-834885a42f3b:192.168.5.143:44884, f63ed8cc-e2f4-41d9-beda-0901db6921f5:192.168.5.143:33812] returns group-3B178BD26993:java.util.concurrent.CompletableFuture@21a48f4b[Not completed]
2019-10-08 20:34:46,374 [pool-27-thread-1] INFO  storage.RaftStorageDirectory (RaftStorageDirectory.java:analyzeStorage(246)) - The storage directory /workdir/hadoop-ozone/integration-test/target/test-dir/MiniOzoneClusterImpl-0085ff61-ee12-43a7-9c52-2492090bedb6/datanode-0/data/ratis/51da6380-fbad-4986-ba50-3b178bd26993 does not exist. Creating ...
2019-10-08 20:34:46,376 [pool-37-thread-1] INFO  impl.RaftServerImpl (RaftServerImpl.java:<init>(95)) - f38d24ff-b8ec-401e-8eaa-834885a42f3b: new RaftServerImpl for group-3B178BD26993:[da35d025-f602-4636-9c4c-0df67fcff925:192.168.5.143:43688, f38d24ff-b8ec-401e-8eaa-834885a42f3b:192.168.5.143:44884, f63ed8cc-e2f4-41d9-beda-0901db6921f5:192.168.5.143:33812] with ContainerStateMachine:uninitialized
2019-10-08 20:34:46,376 [pool-37-thread-1] INFO  server.RaftServerConfigKeys (ConfUtils.java:logGet(43)) - raft.server.rpc.timeout.min = 5s (custom)
2019-10-08 20:34:46,376 [pool-37-thread-1] INFO  server.RaftServerConfigKeys (ConfUtils.java:logGet(43)) - raft.server.rpc.timeout.max = 5200ms (custom)
2019-10-08 20:34:46,376 [pool-37-thread-1] INFO  server.RaftServerConfigKeys (ConfUtils.java:logGet(43)) - raft.server.rpcslowness.timeout = 120s (custom)
2019-10-08 20:34:46,377 [pool-37-thread-1] INFO  server.RaftServerConfigKeys (ConfUtils.java:logGet(43)) - raft.server.sleep.deviation.threshold = 300 (default)
2019-10-08 20:34:46,377 [pool-37-thread-1] INFO  server.RaftServerConfigKeys (ConfUtils.java:logGet(43)) - raft.server.log.appender.install.snapshot.enabled = false (custom)
2019-10-08 20:34:46,377 [pool-37-thread-1] INFO  impl.RaftServerImpl (ServerState.java:<init>(103)) - f38d24ff-b8ec-401e-8eaa-834885a42f3b@group-3B178BD26993: ConfigurationManager, init=-1: [da35d025-f602-4636-9c4c-0df67fcff925:192.168.5.143:43688, f38d24ff-b8ec-401e-8eaa-834885a42f3b:192.168.5.143:44884, f63ed8cc-e2f4-41d9-beda-0901db6921f5:192.168.5.143:33812], old=null, confs=<EMPTY_MAP>
2019-10-08 20:34:46,377 [pool-37-thread-1] INFO  server.RaftServerConfigKeys (ConfUtils.java:logGet(43)) - raft.server.storage.dir = [/workdir/hadoop-ozone/integration-test/target/test-dir/MiniOzoneClusterImpl-0085ff61-ee12-43a7-9c52-2492090bedb6/datanode-1/data/ratis] (custom)
2019-10-08 20:34:46,378 [pool-37-thread-1] INFO  server.RaftServerConfigKeys (ConfUtils.java:logGet(43)) - raft.server.log.corruption.policy = EXCEPTION (default)
2019-10-08 20:34:46,378 [pool-37-thread-1] INFO  storage.RaftStorageDirectory (RaftStorageDirectory.java:analyzeStorage(246)) - The storage directory /workdir/hadoop-ozone/integration-test/target/test-dir/MiniOzoneClusterImpl-0085ff61-ee12-43a7-9c52-2492090bedb6/datanode-1/data/ratis/51da6380-fbad-4986-ba50-3b178bd26993 does not exist. Creating ...
2019-10-08 20:34:46,398 [pool-27-thread-1] INFO  storage.RaftStorageDirectory (RaftStorageDirectory.java:tryLock(328)) - Lock on /workdir/hadoop-ozone/integration-test/target/test-dir/MiniOzoneClusterImpl-0085ff61-ee12-43a7-9c52-2492090bedb6/datanode-0/data/ratis/51da6380-fbad-4986-ba50-3b178bd26993/in_use.lock acquired by nodename 1495@pr-hdds-1868-gtwz2-575081100
2019-10-08 20:34:46,398 [pool-37-thread-1] INFO  storage.RaftStorageDirectory (RaftStorageDirectory.java:tryLock(328)) - Lock on /workdir/hadoop-ozone/integration-test/target/test-dir/MiniOzoneClusterImpl-0085ff61-ee12-43a7-9c52-2492090bedb6/datanode-1/data/ratis/51da6380-fbad-4986-ba50-3b178bd26993/in_use.lock acquired by nodename 1495@pr-hdds-1868-gtwz2-575081100
2019-10-08 20:34:46,398 [pool-47-thread-1] INFO  storage.RaftStorageDirectory (RaftStorageDirectory.java:tryLock(328)) - Lock on /workdir/hadoop-ozone/integration-test/target/test-dir/MiniOzoneClusterImpl-0085ff61-ee12-43a7-9c52-2492090bedb6/datanode-2/data/ratis/51da6380-fbad-4986-ba50-3b178bd26993/in_use.lock acquired by nodename 1495@pr-hdds-1868-gtwz2-575081100
2019-10-08 20:34:46,423 [pool-47-thread-1] INFO  storage.RaftStorage (RaftStorage.java:format(84)) - Storage directory /workdir/hadoop-ozone/integration-test/target/test-dir/MiniOzoneClusterImpl-0085ff61-ee12-43a7-9c52-2492090bedb6/datanode-2/data/ratis/51da6380-fbad-4986-ba50-3b178bd26993 has been successfully formatted.
2019-10-08 20:34:46,423 [pool-37-thread-1] INFO  storage.RaftStorage (RaftStorage.java:format(84)) - Storage directory /workdir/hadoop-ozone/integration-test/target/test-dir/MiniOzoneClusterImpl-0085ff61-ee12-43a7-9c52-2492090bedb6/datanode-1/data/ratis/51da6380-fbad-4986-ba50-3b178bd26993 has been successfully formatted.
2019-10-08 20:34:46,423 [pool-27-thread-1] INFO  storage.RaftStorage (RaftStorage.java:format(84)) - Storage directory /workdir/hadoop-ozone/integration-test/target/test-dir/MiniOzoneClusterImpl-0085ff61-ee12-43a7-9c52-2492090bedb6/datanode-0/data/ratis/51da6380-fbad-4986-ba50-3b178bd26993 has been successfully formatted.
2019-10-08 20:34:46,423 [pool-47-thread-1] INFO  ratis.ContainerStateMachine (ContainerStateMachine.java:loadSnapshot(233)) - group-3B178BD26993: The snapshot info is null. Setting the last applied indexto:(t:0, i:~)
2019-10-08 20:34:46,424 [pool-37-thread-1] INFO  ratis.ContainerStateMachine (ContainerStateMachine.java:loadSnapshot(233)) - group-3B178BD26993: The snapshot info is null. Setting the last applied indexto:(t:0, i:~)
2019-10-08 20:34:46,424 [pool-47-thread-1] INFO  server.RaftServerConfigKeys (ConfUtils.java:logGet(43)) - raft.server.notification.no-leader.timeout = 120s (custom)
2019-10-08 20:34:46,424 [pool-27-thread-1] INFO  ratis.ContainerStateMachine (ContainerStateMachine.java:loadSnapshot(233)) - group-3B178BD26993: The snapshot info is null. Setting the last applied indexto:(t:0, i:~)
2019-10-08 20:34:46,424 [pool-47-thread-1] INFO  server.RaftServerConfigKeys (ConfUtils.java:logGet(43)) - raft.server.log.use.memory = false (default)
2019-10-08 20:34:46,424 [pool-37-thread-1] INFO  server.RaftServerConfigKeys (ConfUtils.java:logGet(43)) - raft.server.notification.no-leader.timeout = 120s (custom)
2019-10-08 20:34:46,425 [pool-47-thread-1] INFO  server.RaftServerConfigKeys (ConfUtils.java:logGet(43)) - raft.server.log.purge.gap = 1000000 (custom)
2019-10-08 20:34:46,424 [pool-27-thread-1] INFO  server.RaftServerConfigKeys (ConfUtils.java:logGet(43)) - raft.server.notification.no-leader.timeout = 120s (custom)
2019-10-08 20:34:46,425 [pool-47-thread-1] INFO  server.RaftServerConfigKeys (ConfUtils.java:logGet(43)) - raft.server.log.appender.buffer.byte-limit = 33554432 (custom)
2019-10-08 20:34:46,425 [pool-37-thread-1] INFO  server.RaftServerConfigKeys (ConfUtils.java:logGet(43)) - raft.server.log.use.memory = false (default)
2019-10-08 20:34:46,425 [pool-47-thread-1] INFO  server.RaftServerConfigKeys (ConfUtils.java:logGet(43)) - raft.server.log.segment.size.max = 1048576 (custom)
2019-10-08 20:34:46,425 [pool-27-thread-1] INFO  server.RaftServerConfigKeys (ConfUtils.java:logGet(43)) - raft.server.log.use.memory = false (default)
2019-10-08 20:34:46,426 [pool-47-thread-1] INFO  server.RaftServerConfigKeys (ConfUtils.java:logGet(43)) - raft.server.log.segment.cache.num.max = 2 (custom)
2019-10-08 20:34:46,425 [pool-37-thread-1] INFO  server.RaftServerConfigKeys (ConfUtils.java:logGet(43)) - raft.server.log.purge.gap = 1000000 (custom)
2019-10-08 20:34:46,426 [pool-47-thread-1] INFO  segmented.SegmentedRaftLogWorker (SegmentedRaftLogWorker.java:<init>(173)) - new da35d025-f602-4636-9c4c-0df67fcff925@group-3B178BD26993-SegmentedRaftLogWorker for RaftStorage:Storage Directory /workdir/hadoop-ozone/integration-test/target/test-dir/MiniOzoneClusterImpl-0085ff61-ee12-43a7-9c52-2492090bedb6/datanode-2/data/ratis/51da6380-fbad-4986-ba50-3b178bd26993
2019-10-08 20:34:46,426 [pool-27-thread-1] INFO  server.RaftServerConfigKeys (ConfUtils.java:logGet(43)) - raft.server.log.purge.gap = 1000000 (custom)
2019-10-08 20:34:46,426 [pool-47-thread-1] INFO  server.RaftServerConfigKeys (ConfUtils.java:logGet(43)) - raft.server.log.queue.byte-limit = 2147483647 (custom)
2019-10-08 20:34:46,426 [pool-37-thread-1] INFO  server.RaftServerConfigKeys (ConfUtils.java:logGet(43)) - raft.server.log.appender.buffer.byte-limit = 33554432 (custom)
2019-10-08 20:34:46,427 [pool-47-thread-1] INFO  server.RaftServerConfigKeys (ConfUtils.java:logGet(43)) - raft.server.log.queue.element-limit = 1024 (custom)
2019-10-08 20:34:46,426 [pool-27-thread-1] INFO  server.RaftServerConfigKeys (ConfUtils.java:logGet(43)) - raft.server.log.appender.buffer.byte-limit = 33554432 (custom)
2019-10-08 20:34:46,427 [pool-47-thread-1] INFO  server.RaftServerConfigKeys (ConfUtils.java:logGet(43)) - raft.server.log.segment.size.max = 1048576 (custom)
2019-10-08 20:34:46,427 [pool-37-thread-1] INFO  server.RaftServerConfigKeys (ConfUtils.java:logGet(43)) - raft.server.log.segment.size.max = 1048576 (custom)
2019-10-08 20:34:46,427 [pool-47-thread-1] INFO  server.RaftServerConfigKeys (ConfUtils.java:logGet(43)) - raft.server.log.preallocated.size = 16384 (custom)
2019-10-08 20:34:46,427 [pool-27-thread-1] INFO  server.RaftServerConfigKeys (ConfUtils.java:logGet(43)) - raft.server.log.segment.size.max = 1048576 (custom)
2019-10-08 20:34:46,428 [pool-47-thread-1] INFO  server.RaftServerConfigKeys (ConfUtils.java:logGet(43)) - raft.server.log.write.buffer.size = 33554432 (custom)
2019-10-08 20:34:46,427 [pool-37-thread-1] INFO  server.RaftServerConfigKeys (ConfUtils.java:logGet(43)) - raft.server.log.segment.cache.num.max = 2 (custom)
2019-10-08 20:34:46,428 [pool-47-thread-1] INFO  server.RaftServerConfigKeys (ConfUtils.java:logGet(43)) - raft.server.log.force.sync.num = 128 (default)
2019-10-08 20:34:46,428 [pool-27-thread-1] INFO  server.RaftServerConfigKeys (ConfUtils.java:logGet(43)) - raft.server.log.segment.cache.num.max = 2 (custom)
2019-10-08 20:34:46,428 [pool-47-thread-1] INFO  server.RaftServerConfigKeys (ConfUtils.java:logGet(43)) - raft.server.log.statemachine.data.sync = true (default)
2019-10-08 20:34:46,428 [pool-37-thread-1] INFO  segmented.SegmentedRaftLogWorker (SegmentedRaftLogWorker.java:<init>(173)) - new f38d24ff-b8ec-401e-8eaa-834885a42f3b@group-3B178BD26993-SegmentedRaftLogWorker for RaftStorage:Storage Directory /workdir/hadoop-ozone/integration-test/target/test-dir/MiniOzoneClusterImpl-0085ff61-ee12-43a7-9c52-2492090bedb6/datanode-1/data/ratis/51da6380-fbad-4986-ba50-3b178bd26993
2019-10-08 20:34:46,429 [pool-47-thread-1] INFO  server.RaftServerConfigKeys (ConfUtils.java:logGet(43)) - raft.server.log.statemachine.data.sync.timeout = 10s (default)
2019-10-08 20:34:46,429 [pool-27-thread-1] INFO  segmented.SegmentedRaftLogWorker (SegmentedRaftLogWorker.java:<init>(173)) - new f63ed8cc-e2f4-41d9-beda-0901db6921f5@group-3B178BD26993-SegmentedRaftLogWorker for RaftStorage:Storage Directory /workdir/hadoop-ozone/integration-test/target/test-dir/MiniOzoneClusterImpl-0085ff61-ee12-43a7-9c52-2492090bedb6/datanode-0/data/ratis/51da6380-fbad-4986-ba50-3b178bd26993
2019-10-08 20:34:46,429 [pool-47-thread-1] INFO  server.RaftServerConfigKeys (ConfUtils.java:logGet(43)) - raft.server.log.statemachine.data.sync.timeout.retry = -1 (default)
2019-10-08 20:34:46,429 [pool-37-thread-1] INFO  server.RaftServerConfigKeys (ConfUtils.java:logGet(43)) - raft.server.log.queue.byte-limit = 2147483647 (custom)
2019-10-08 20:34:46,429 [pool-27-thread-1] INFO  server.RaftServerConfigKeys (ConfUtils.java:logGet(43)) - raft.server.log.queue.byte-limit = 2147483647 (custom)
2019-10-08 20:34:46,430 [pool-47-thread-1] INFO  server.RaftServerConfigKeys (ConfUtils.java:logGet(43)) - raft.server.log.statemachine.data.caching.enabled = true (custom)
2019-10-08 20:34:46,430 [pool-37-thread-1] INFO  server.RaftServerConfigKeys (ConfUtils.java:logGet(43)) - raft.server.log.queue.element-limit = 1024 (custom)
2019-10-08 20:34:46,430 [pool-27-thread-1] INFO  server.RaftServerConfigKeys (ConfUtils.java:logGet(43)) - raft.server.log.queue.element-limit = 1024 (custom)
2019-10-08 20:34:46,430 [pool-37-thread-1] INFO  server.RaftServerConfigKeys (ConfUtils.java:logGet(43)) - raft.server.log.segment.size.max = 1048576 (custom)
2019-10-08 20:34:46,430 [pool-47-thread-1] INFO  segmented.SegmentedRaftLogWorker (SegmentedRaftLogWorker.java:lambda$new$0(128)) - da35d025-f602-4636-9c4c-0df67fcff925@group-3B178BD26993-SegmentedRaftLogWorker: flushIndex: setUnconditionally 0 -> -1
2019-10-08 20:34:46,431 [pool-37-thread-1] INFO  server.RaftServerConfigKeys (ConfUtils.java:logGet(43)) - raft.server.log.preallocated.size = 16384 (custom)
2019-10-08 20:34:46,430 [pool-27-thread-1] INFO  server.RaftServerConfigKeys (ConfUtils.java:logGet(43)) - raft.server.log.segment.size.max = 1048576 (custom)
2019-10-08 20:34:46,431 [pool-47-thread-1] INFO  server.RaftServerConfigKeys (ConfUtils.java:logGet(43)) - raft.server.snapshot.auto.trigger.enabled = true (custom)
2019-10-08 20:34:46,431 [pool-37-thread-1] INFO  server.RaftServerConfigKeys (ConfUtils.java:logGet(43)) - raft.server.log.write.buffer.size = 33554432 (custom)
2019-10-08 20:34:46,431 [pool-47-thread-1] INFO  server.RaftServerConfigKeys (ConfUtils.java:logGet(43)) - raft.server.snapshot.auto.trigger.threshold = 10000 (custom)
2019-10-08 20:34:46,431 [pool-27-thread-1] INFO  server.RaftServerConfigKeys (ConfUtils.java:logGet(43)) - raft.server.log.preallocated.size = 16384 (custom)
2019-10-08 20:34:46,432 [pool-47-thread-1] INFO  server.RaftServerConfigKeys (ConfUtils.java:logGet(43)) - raft.server.snapshot.retention.file.num = 5 (custom)
2019-10-08 20:34:46,432 [pool-37-thread-1] INFO  server.RaftServerConfigKeys (ConfUtils.java:logGet(43)) - raft.server.log.force.sync.num = 128 (default)
2019-10-08 20:34:46,432 [pool-47-thread-1] INFO  server.RaftServerConfigKeys (ConfUtils.java:logGet(43)) - raft.server.retrycache.expirytime = 600000ms (custom)
2019-10-08 20:34:46,432 [pool-27-thread-1] INFO  server.RaftServerConfigKeys (ConfUtils.java:logGet(43)) - raft.server.log.write.buffer.size = 33554432 (custom)
2019-10-08 20:34:46,432 [pool-37-thread-1] INFO  server.RaftServerConfigKeys (ConfUtils.java:logGet(43)) - raft.server.log.statemachine.data.sync = true (default)
2019-10-08 20:34:46,433 [pool-27-thread-1] INFO  server.RaftServerConfigKeys (ConfUtils.java:logGet(43)) - raft.server.log.force.sync.num = 128 (default)
2019-10-08 20:34:46,433 [pool-37-thread-1] INFO  server.RaftServerConfigKeys (ConfUtils.java:logGet(43)) - raft.server.log.statemachine.data.sync.timeout = 10s (default)
2019-10-08 20:34:46,433 [pool-27-thread-1] INFO  server.RaftServerConfigKeys (ConfUtils.java:logGet(43)) - raft.server.log.statemachine.data.sync = true (default)
2019-10-08 20:34:46,433 [pool-37-thread-1] INFO  server.RaftServerConfigKeys (ConfUtils.java:logGet(43)) - raft.server.log.statemachine.data.sync.timeout.retry = -1 (default)
2019-10-08 20:34:46,434 [pool-27-thread-1] INFO  server.RaftServerConfigKeys (ConfUtils.java:logGet(43)) - raft.server.log.statemachine.data.sync.timeout = 10s (default)
2019-10-08 20:34:46,434 [pool-37-thread-1] INFO  server.RaftServerConfigKeys (ConfUtils.java:logGet(43)) - raft.server.log.statemachine.data.caching.enabled = true (custom)
2019-10-08 20:34:46,434 [pool-27-thread-1] INFO  server.RaftServerConfigKeys (ConfUtils.java:logGet(43)) - raft.server.log.statemachine.data.sync.timeout.retry = -1 (default)
2019-10-08 20:34:46,434 [pool-37-thread-1] INFO  segmented.SegmentedRaftLogWorker (SegmentedRaftLogWorker.java:lambda$new$0(128)) - f38d24ff-b8ec-401e-8eaa-834885a42f3b@group-3B178BD26993-SegmentedRaftLogWorker: flushIndex: setUnconditionally 0 -> -1
2019-10-08 20:34:46,434 [pool-27-thread-1] INFO  server.RaftServerConfigKeys (ConfUtils.java:logGet(43)) - raft.server.log.statemachine.data.caching.enabled = true (custom)
2019-10-08 20:34:46,435 [pool-37-thread-1] INFO  server.RaftServerConfigKeys (ConfUtils.java:logGet(43)) - raft.server.snapshot.auto.trigger.enabled = true (custom)
2019-10-08 20:34:46,435 [pool-37-thread-1] INFO  server.RaftServerConfigKeys (ConfUtils.java:logGet(43)) - raft.server.snapshot.auto.trigger.threshold = 10000 (custom)
2019-10-08 20:34:46,435 [pool-27-thread-1] INFO  segmented.SegmentedRaftLogWorker (SegmentedRaftLogWorker.java:lambda$new$0(128)) - f63ed8cc-e2f4-41d9-beda-0901db6921f5@group-3B178BD26993-SegmentedRaftLogWorker: flushIndex: setUnconditionally 0 -> -1
2019-10-08 20:34:46,435 [pool-37-thread-1] INFO  server.RaftServerConfigKeys (ConfUtils.java:logGet(43)) - raft.server.snapshot.retention.file.num = 5 (custom)
2019-10-08 20:34:46,435 [pool-27-thread-1] INFO  server.RaftServerConfigKeys (ConfUtils.java:logGet(43)) - raft.server.snapshot.auto.trigger.enabled = true (custom)
2019-10-08 20:34:46,435 [pool-37-thread-1] INFO  server.RaftServerConfigKeys (ConfUtils.java:logGet(43)) - raft.server.retrycache.expirytime = 600000ms (custom)
2019-10-08 20:34:46,436 [pool-27-thread-1] INFO  server.RaftServerConfigKeys (ConfUtils.java:logGet(43)) - raft.server.snapshot.auto.trigger.threshold = 10000 (custom)
2019-10-08 20:34:46,436 [pool-27-thread-1] INFO  server.RaftServerConfigKeys (ConfUtils.java:logGet(43)) - raft.server.snapshot.retention.file.num = 5 (custom)
2019-10-08 20:34:46,436 [pool-27-thread-1] INFO  server.RaftServerConfigKeys (ConfUtils.java:logGet(43)) - raft.server.retrycache.expirytime = 600000ms (custom)
2019-10-08 20:34:46,438 [pool-47-thread-1] INFO  impl.RaftServerImpl (RaftServerImpl.java:start(181)) - da35d025-f602-4636-9c4c-0df67fcff925@group-3B178BD26993: start as a follower, conf=-1: [da35d025-f602-4636-9c4c-0df67fcff925:192.168.5.143:43688, f38d24ff-b8ec-401e-8eaa-834885a42f3b:192.168.5.143:44884, f63ed8cc-e2f4-41d9-beda-0901db6921f5:192.168.5.143:33812], old=null
2019-10-08 20:34:46,439 [pool-47-thread-1] INFO  impl.RaftServerImpl (RaftServerImpl.java:setRole(170)) - da35d025-f602-4636-9c4c-0df67fcff925@group-3B178BD26993: changes role from      null to FOLLOWER at term 0 for startAsFollower
2019-10-08 20:34:46,439 [pool-47-thread-1] INFO  impl.RoleInfo (RoleInfo.java:updateAndGet(143)) - da35d025-f602-4636-9c4c-0df67fcff925: start FollowerState
2019-10-08 20:34:46,440 [pool-47-thread-1] INFO  util.JmxRegister (JmxRegister.java:tryRegister(44)) - Successfully registered JMX Bean with object name Ratis:service=RaftServer,group=group-3B178BD26993,id=da35d025-f602-4636-9c4c-0df67fcff925
2019-10-08 20:34:46,442 [pool-37-thread-1] INFO  impl.RaftServerImpl (RaftServerImpl.java:start(181)) - f38d24ff-b8ec-401e-8eaa-834885a42f3b@group-3B178BD26993: start as a follower, conf=-1: [da35d025-f602-4636-9c4c-0df67fcff925:192.168.5.143:43688, f38d24ff-b8ec-401e-8eaa-834885a42f3b:192.168.5.143:44884, f63ed8cc-e2f4-41d9-beda-0901db6921f5:192.168.5.143:33812], old=null
2019-10-08 20:34:46,442 [pool-37-thread-1] INFO  impl.RaftServerImpl (RaftServerImpl.java:setRole(170)) - f38d24ff-b8ec-401e-8eaa-834885a42f3b@group-3B178BD26993: changes role from      null to FOLLOWER at term 0 for startAsFollower
2019-10-08 20:34:46,442 [pool-37-thread-1] INFO  impl.RoleInfo (RoleInfo.java:updateAndGet(143)) - f38d24ff-b8ec-401e-8eaa-834885a42f3b: start FollowerState
2019-10-08 20:34:46,443 [pool-27-thread-1] INFO  impl.RaftServerImpl (RaftServerImpl.java:start(181)) - f63ed8cc-e2f4-41d9-beda-0901db6921f5@group-3B178BD26993: start as a follower, conf=-1: [da35d025-f602-4636-9c4c-0df67fcff925:192.168.5.143:43688, f38d24ff-b8ec-401e-8eaa-834885a42f3b:192.168.5.143:44884, f63ed8cc-e2f4-41d9-beda-0901db6921f5:192.168.5.143:33812], old=null
2019-10-08 20:34:46,443 [pool-37-thread-1] INFO  util.JmxRegister (JmxRegister.java:tryRegister(44)) - Successfully registered JMX Bean with object name Ratis:service=RaftServer,group=group-3B178BD26993,id=f38d24ff-b8ec-401e-8eaa-834885a42f3b
2019-10-08 20:34:46,443 [pool-27-thread-1] INFO  impl.RaftServerImpl (RaftServerImpl.java:setRole(170)) - f63ed8cc-e2f4-41d9-beda-0901db6921f5@group-3B178BD26993: changes role from      null to FOLLOWER at term 0 for startAsFollower
2019-10-08 20:34:46,443 [pool-27-thread-1] INFO  impl.RoleInfo (RoleInfo.java:updateAndGet(143)) - f63ed8cc-e2f4-41d9-beda-0901db6921f5: start FollowerState
2019-10-08 20:34:46,444 [pool-27-thread-1] INFO  util.JmxRegister (JmxRegister.java:tryRegister(44)) - Successfully registered JMX Bean with object name Ratis:service=RaftServer,group=group-3B178BD26993,id=f63ed8cc-e2f4-41d9-beda-0901db6921f5
2019-10-08 20:34:46,472 [RatisPipelineUtilsThread] INFO  pipeline.PipelineStateManager (PipelineStateManager.java:addPipeline(57)) - Created pipeline Pipeline[ Id: 51da6380-fbad-4986-ba50-3b178bd26993, Nodes: da35d025-f602-4636-9c4c-0df67fcff925{ip: 192.168.5.143, host: pr-hdds-1868-gtwz2-575081100, networkLocation: /default-rack, certSerialId: null}f63ed8cc-e2f4-41d9-beda-0901db6921f5{ip: 192.168.5.143, host: pr-hdds-1868-gtwz2-575081100, networkLocation: /default-rack, certSerialId: null}f38d24ff-b8ec-401e-8eaa-834885a42f3b{ip: 192.168.5.143, host: pr-hdds-1868-gtwz2-575081100, networkLocation: /default-rack, certSerialId: null}, Type:RATIS, Factor:THREE, State:ALLOCATED]
2019-10-08 20:34:46,476 [main] INFO  ozone.MiniOzoneClusterImpl (MiniOzoneClusterImpl.java:lambda$waitForClusterToBeReady$2(164)) - Waiting for 4 number of pipelines out of 4, to report a leader.
2019-10-08 20:34:47,477 [main] INFO  ozone.MiniOzoneClusterImpl (MiniOzoneClusterImpl.java:lambda$waitForClusterToBeReady$2(164)) - Waiting for 4 number of pipelines out of 4, to report a leader.
2019-10-08 20:34:48,229 [Thread-178] INFO  container.ReplicationManager (ReplicationManager.java:start(162)) - Starting Replication Monitor Thread.
2019-10-08 20:34:48,233 [Thread-178] INFO  pipeline.SCMPipelineManager (SCMPipelineManager.java:finalizeAndDestroyPipeline(315)) - destroying pipeline:Pipeline[ Id: f9ad8989-b6ff-4b50-b047-bad377b063da, Nodes: f38d24ff-b8ec-401e-8eaa-834885a42f3b{ip: 192.168.5.143, host: pr-hdds-1868-gtwz2-575081100, networkLocation: /default-rack, certSerialId: null}, Type:RATIS, Factor:ONE, State:ALLOCATED]
2019-10-08 20:34:48,233 [ReplicationMonitor] INFO  container.ReplicationManager (ReplicationManager.java:run(225)) - Replication Monitor Thread took 1 milliseconds for processing 0 containers.
2019-10-08 20:34:48,235 [Thread-178] INFO  pipeline.PipelineStateManager (PipelineStateManager.java:finalizePipeline(123)) - Pipeline Pipeline[ Id: f9ad8989-b6ff-4b50-b047-bad377b063da, Nodes: f38d24ff-b8ec-401e-8eaa-834885a42f3b{ip: 192.168.5.143, host: pr-hdds-1868-gtwz2-575081100, networkLocation: /default-rack, certSerialId: null}, Type:RATIS, Factor:ONE, State:CLOSED] moved to CLOSED state
2019-10-08 20:34:48,270 [grpc-default-executor-1] INFO  impl.RaftServerProxy (RaftServerProxy.java:remove(95)) - f38d24ff-b8ec-401e-8eaa-834885a42f3b: remove  FOLLOWER f38d24ff-b8ec-401e-8eaa-834885a42f3b@group-BAD377B063DA:t0, leader=null, voted=null, raftlog=f38d24ff-b8ec-401e-8eaa-834885a42f3b@group-BAD377B063DA-SegmentedRaftLog:OPENED:c-1,f-1,i0, conf=-1: [f38d24ff-b8ec-401e-8eaa-834885a42f3b:192.168.5.143:44884], old=null RUNNING
2019-10-08 20:34:48,274 [grpc-default-executor-1] INFO  impl.RaftServerImpl (RaftServerImpl.java:lambda$shutdown$3(247)) - f38d24ff-b8ec-401e-8eaa-834885a42f3b@group-BAD377B063DA: shutdown
2019-10-08 20:34:48,274 [grpc-default-executor-1] INFO  util.JmxRegister (JmxRegister.java:unregister(73)) - Successfully un-registered JMX Bean with object name Ratis:service=RaftServer,group=group-BAD377B063DA,id=f38d24ff-b8ec-401e-8eaa-834885a42f3b
2019-10-08 20:34:48,275 [grpc-default-executor-1] INFO  impl.RoleInfo (RoleInfo.java:shutdownFollowerState(121)) - f38d24ff-b8ec-401e-8eaa-834885a42f3b: shutdown FollowerState
2019-10-08 20:34:48,275 [grpc-default-executor-1] INFO  impl.StateMachineUpdater (StateMachineUpdater.java:stopAndJoin(136)) - f38d24ff-b8ec-401e-8eaa-834885a42f3b@group-BAD377B063DA-StateMachineUpdater: set stopIndex = -1
2019-10-08 20:34:48,275 [Thread-186] INFO  impl.FollowerState (FollowerState.java:run(117)) - f38d24ff-b8ec-401e-8eaa-834885a42f3b@group-BAD377B063DA-FollowerState was interrupted: java.lang.InterruptedException: sleep interrupted
2019-10-08 20:34:48,278 [grpc-default-executor-1] INFO  impl.RaftServerImpl (ServerState.java:close(387)) - f38d24ff-b8ec-401e-8eaa-834885a42f3b@group-BAD377B063DA: closes. applyIndex: -1
2019-10-08 20:34:48,283 [f38d24ff-b8ec-401e-8eaa-834885a42f3b@group-BAD377B063DA-SegmentedRaftLogWorker] INFO  segmented.SegmentedRaftLogWorker (SegmentedRaftLogWorker.java:run(316)) - f38d24ff-b8ec-401e-8eaa-834885a42f3b@group-BAD377B063DA-SegmentedRaftLogWorker was interrupted, exiting. There are 0 tasks remaining in the queue.
2019-10-08 20:34:48,285 [grpc-default-executor-1] INFO  segmented.SegmentedRaftLogWorker (SegmentedRaftLogWorker.java:close(224)) - f38d24ff-b8ec-401e-8eaa-834885a42f3b@group-BAD377B063DA-SegmentedRaftLogWorker close()
2019-10-08 20:34:48,307 [Thread-178] INFO  pipeline.PipelineStateManager (PipelineStateManager.java:removePipeline(108)) - Pipeline Pipeline[ Id: f9ad8989-b6ff-4b50-b047-bad377b063da, Nodes: f38d24ff-b8ec-401e-8eaa-834885a42f3b{ip: 192.168.5.143, host: pr-hdds-1868-gtwz2-575081100, networkLocation: /default-rack, certSerialId: null}, Type:RATIS, Factor:ONE, State:CLOSED] removed from db
2019-10-08 20:34:48,308 [Thread-178] INFO  pipeline.SCMPipelineManager (SCMPipelineManager.java:finalizeAndDestroyPipeline(315)) - destroying pipeline:Pipeline[ Id: 401bcd58-c080-40eb-87e2-6dfcf145b065, Nodes: da35d025-f602-4636-9c4c-0df67fcff925{ip: 192.168.5.143, host: pr-hdds-1868-gtwz2-575081100, networkLocation: /default-rack, certSerialId: null}, Type:RATIS, Factor:ONE, State:ALLOCATED]
2019-10-08 20:34:48,322 [grpc-default-executor-1] INFO  impl.RaftServerProxy (RaftServerProxy.java:addNew(89)) - f38d24ff-b8ec-401e-8eaa-834885a42f3b: addNew group-8D8DB61C6852:[f38d24ff-b8ec-401e-8eaa-834885a42f3b:192.168.5.143:44884] returns group-8D8DB61C6852:java.util.concurrent.CompletableFuture@8278110[Not completed]
2019-10-08 20:34:48,325 [pool-37-thread-1] INFO  impl.RaftServerImpl (RaftServerImpl.java:<init>(95)) - f38d24ff-b8ec-401e-8eaa-834885a42f3b: new RaftServerImpl for group-8D8DB61C6852:[f38d24ff-b8ec-401e-8eaa-834885a42f3b:192.168.5.143:44884] with ContainerStateMachine:uninitialized
2019-10-08 20:34:48,325 [pool-37-thread-1] INFO  server.RaftServerConfigKeys (ConfUtils.java:logGet(43)) - raft.server.rpc.timeout.min = 5s (custom)
2019-10-08 20:34:48,326 [pool-37-thread-1] INFO  server.RaftServerConfigKeys (ConfUtils.java:logGet(43)) - raft.server.rpc.timeout.max = 5200ms (custom)
2019-10-08 20:34:48,326 [pool-37-thread-1] INFO  server.RaftServerConfigKeys (ConfUtils.java:logGet(43)) - raft.server.rpcslowness.timeout = 120s (custom)
2019-10-08 20:34:48,327 [pool-37-thread-1] INFO  server.RaftServerConfigKeys (ConfUtils.java:logGet(43)) - raft.server.sleep.deviation.threshold = 300 (default)
2019-10-08 20:34:48,327 [pool-37-thread-1] INFO  server.RaftServerConfigKeys (ConfUtils.java:logGet(43)) - raft.server.log.appender.install.snapshot.enabled = false (custom)
2019-10-08 20:34:48,327 [pool-37-thread-1] INFO  impl.RaftServerImpl (ServerState.java:<init>(103)) - f38d24ff-b8ec-401e-8eaa-834885a42f3b@group-8D8DB61C6852: ConfigurationManager, init=-1: [f38d24ff-b8ec-401e-8eaa-834885a42f3b:192.168.5.143:44884], old=null, confs=<EMPTY_MAP>
2019-10-08 20:34:48,327 [pool-37-thread-1] INFO  server.RaftServerConfigKeys (ConfUtils.java:logGet(43)) - raft.server.storage.dir = [/workdir/hadoop-ozone/integration-test/target/test-dir/MiniOzoneClusterImpl-0085ff61-ee12-43a7-9c52-2492090bedb6/datanode-1/data/ratis] (custom)
2019-10-08 20:34:48,328 [pool-37-thread-1] INFO  server.RaftServerConfigKeys (ConfUtils.java:logGet(43)) - raft.server.log.corruption.policy = EXCEPTION (default)
2019-10-08 20:34:48,328 [pool-37-thread-1] INFO  storage.RaftStorageDirectory (RaftStorageDirectory.java:analyzeStorage(246)) - The storage directory /workdir/hadoop-ozone/integration-test/target/test-dir/MiniOzoneClusterImpl-0085ff61-ee12-43a7-9c52-2492090bedb6/datanode-1/data/ratis/f0e9b1e1-958b-4840-9b2a-8d8db61c6852 does not exist. Creating ...
2019-10-08 20:34:48,341 [pool-37-thread-1] INFO  storage.RaftStorageDirectory (RaftStorageDirectory.java:tryLock(328)) - Lock on /workdir/hadoop-ozone/integration-test/target/test-dir/MiniOzoneClusterImpl-0085ff61-ee12-43a7-9c52-2492090bedb6/datanode-1/data/ratis/f0e9b1e1-958b-4840-9b2a-8d8db61c6852/in_use.lock acquired by nodename 1495@pr-hdds-1868-gtwz2-575081100
2019-10-08 20:34:48,354 [pool-37-thread-1] INFO  storage.RaftStorage (RaftStorage.java:format(84)) - Storage directory /workdir/hadoop-ozone/integration-test/target/test-dir/MiniOzoneClusterImpl-0085ff61-ee12-43a7-9c52-2492090bedb6/datanode-1/data/ratis/f0e9b1e1-958b-4840-9b2a-8d8db61c6852 has been successfully formatted.
2019-10-08 20:34:48,355 [pool-37-thread-1] INFO  ratis.ContainerStateMachine (ContainerStateMachine.java:loadSnapshot(233)) - group-8D8DB61C6852: The snapshot info is null. Setting the last applied indexto:(t:0, i:~)
2019-10-08 20:34:48,355 [pool-37-thread-1] INFO  server.RaftServerConfigKeys (ConfUtils.java:logGet(43)) - raft.server.notification.no-leader.timeout = 120s (custom)
2019-10-08 20:34:48,355 [pool-37-thread-1] INFO  server.RaftServerConfigKeys (ConfUtils.java:logGet(43)) - raft.server.log.use.memory = false (default)
2019-10-08 20:34:48,356 [pool-37-thread-1] INFO  server.RaftServerConfigKeys (ConfUtils.java:logGet(43)) - raft.server.log.purge.gap = 1000000 (custom)
2019-10-08 20:34:48,356 [pool-37-thread-1] INFO  server.RaftServerConfigKeys (ConfUtils.java:logGet(43)) - raft.server.log.appender.buffer.byte-limit = 33554432 (custom)
2019-10-08 20:34:48,356 [pool-37-thread-1] INFO  server.RaftServerConfigKeys (ConfUtils.java:logGet(43)) - raft.server.log.segment.size.max = 1048576 (custom)
2019-10-08 20:34:48,356 [pool-37-thread-1] INFO  server.RaftServerConfigKeys (ConfUtils.java:logGet(43)) - raft.server.log.segment.cache.num.max = 2 (custom)
2019-10-08 20:34:48,357 [pool-37-thread-1] INFO  segmented.SegmentedRaftLogWorker (SegmentedRaftLogWorker.java:<init>(173)) - new f38d24ff-b8ec-401e-8eaa-834885a42f3b@group-8D8DB61C6852-SegmentedRaftLogWorker for RaftStorage:Storage Directory /workdir/hadoop-ozone/integration-test/target/test-dir/MiniOzoneClusterImpl-0085ff61-ee12-43a7-9c52-2492090bedb6/datanode-1/data/ratis/f0e9b1e1-958b-4840-9b2a-8d8db61c6852
2019-10-08 20:34:48,357 [pool-37-thread-1] INFO  server.RaftServerConfigKeys (ConfUtils.java:logGet(43)) - raft.server.log.queue.byte-limit = 2147483647 (custom)
2019-10-08 20:34:48,357 [pool-37-thread-1] INFO  server.RaftServerConfigKeys (ConfUtils.java:logGet(43)) - raft.server.log.queue.element-limit = 1024 (custom)
2019-10-08 20:34:48,357 [pool-37-thread-1] INFO  server.RaftServerConfigKeys (ConfUtils.java:logGet(43)) - raft.server.log.segment.size.max = 1048576 (custom)
2019-10-08 20:34:48,357 [pool-37-thread-1] INFO  server.RaftServerConfigKeys (ConfUtils.java:logGet(43)) - raft.server.log.preallocated.size = 16384 (custom)
2019-10-08 20:34:48,358 [pool-37-thread-1] INFO  server.RaftServerConfigKeys (ConfUtils.java:logGet(43)) - raft.server.log.write.buffer.size = 33554432 (custom)
2019-10-08 20:34:48,358 [pool-37-thread-1] INFO  server.RaftServerConfigKeys (ConfUtils.java:logGet(43)) - raft.server.log.force.sync.num = 128 (default)
2019-10-08 20:34:48,358 [pool-37-thread-1] INFO  server.RaftServerConfigKeys (ConfUtils.java:logGet(43)) - raft.server.log.statemachine.data.sync = true (default)
2019-10-08 20:34:48,358 [pool-37-thread-1] INFO  server.RaftServerConfigKeys (ConfUtils.java:logGet(43)) - raft.server.log.statemachine.data.sync.timeout = 10s (default)
2019-10-08 20:34:48,358 [pool-37-thread-1] INFO  server.RaftServerConfigKeys (ConfUtils.java:logGet(43)) - raft.server.log.statemachine.data.sync.timeout.retry = -1 (default)
2019-10-08 20:34:48,359 [pool-37-thread-1] INFO  server.RaftServerConfigKeys (ConfUtils.java:logGet(43)) - raft.server.log.statemachine.data.caching.enabled = true (custom)
2019-10-08 20:34:48,359 [pool-37-thread-1] INFO  segmented.SegmentedRaftLogWorker (SegmentedRaftLogWorker.java:lambda$new$0(128)) - f38d24ff-b8ec-401e-8eaa-834885a42f3b@group-8D8DB61C6852-SegmentedRaftLogWorker: flushIndex: setUnconditionally 0 -> -1
2019-10-08 20:34:48,360 [pool-37-thread-1] INFO  server.RaftServerConfigKeys (ConfUtils.java:logGet(43)) - raft.server.snapshot.auto.trigger.enabled = true (custom)
2019-10-08 20:34:48,360 [pool-37-thread-1] INFO  server.RaftServerConfigKeys (ConfUtils.java:logGet(43)) - raft.server.snapshot.auto.trigger.threshold = 10000 (custom)
2019-10-08 20:34:48,360 [pool-37-thread-1] INFO  server.RaftServerConfigKeys (ConfUtils.java:logGet(43)) - raft.server.snapshot.retention.file.num = 5 (custom)
2019-10-08 20:34:48,360 [pool-37-thread-1] INFO  server.RaftServerConfigKeys (ConfUtils.java:logGet(43)) - raft.server.retrycache.expirytime = 600000ms (custom)
2019-10-08 20:34:48,365 [pool-37-thread-1] INFO  impl.RaftServerImpl (RaftServerImpl.java:start(181)) - f38d24ff-b8ec-401e-8eaa-834885a42f3b@group-8D8DB61C6852: start as a follower, conf=-1: [f38d24ff-b8ec-401e-8eaa-834885a42f3b:192.168.5.143:44884], old=null
2019-10-08 20:34:48,365 [pool-37-thread-1] INFO  impl.RaftServerImpl (RaftServerImpl.java:setRole(170)) - f38d24ff-b8ec-401e-8eaa-834885a42f3b@group-8D8DB61C6852: changes role from      null to FOLLOWER at term 0 for startAsFollower
2019-10-08 20:34:48,365 [pool-37-thread-1] INFO  impl.RoleInfo (RoleInfo.java:updateAndGet(143)) - f38d24ff-b8ec-401e-8eaa-834885a42f3b: start FollowerState
2019-10-08 20:34:48,366 [pool-37-thread-1] INFO  util.JmxRegister (JmxRegister.java:tryRegister(44)) - Successfully registered JMX Bean with object name Ratis:service=RaftServer,group=group-8D8DB61C6852,id=f38d24ff-b8ec-401e-8eaa-834885a42f3b
2019-10-08 20:34:48,379 [RatisPipelineUtilsThread] INFO  pipeline.PipelineStateManager (PipelineStateManager.java:addPipeline(57)) - Created pipeline Pipeline[ Id: f0e9b1e1-958b-4840-9b2a-8d8db61c6852, Nodes: f38d24ff-b8ec-401e-8eaa-834885a42f3b{ip: 192.168.5.143, host: pr-hdds-1868-gtwz2-575081100, networkLocation: /default-rack, certSerialId: null}, Type:RATIS, Factor:ONE, State:ALLOCATED]
2019-10-08 20:34:48,381 [Thread-178] INFO  pipeline.PipelineStateManager (PipelineStateManager.java:finalizePipeline(123)) - Pipeline Pipeline[ Id: 401bcd58-c080-40eb-87e2-6dfcf145b065, Nodes: da35d025-f602-4636-9c4c-0df67fcff925{ip: 192.168.5.143, host: pr-hdds-1868-gtwz2-575081100, networkLocation: /default-rack, certSerialId: null}, Type:RATIS, Factor:ONE, State:CLOSED] moved to CLOSED state
2019-10-08 20:34:48,394 [grpc-default-executor-1] INFO  impl.RaftServerProxy (RaftServerProxy.java:remove(95)) - da35d025-f602-4636-9c4c-0df67fcff925: remove  FOLLOWER da35d025-f602-4636-9c4c-0df67fcff925@group-6DFCF145B065:t0, leader=null, voted=null, raftlog=da35d025-f602-4636-9c4c-0df67fcff925@group-6DFCF145B065-SegmentedRaftLog:OPENED:c-1,f-1,i0, conf=-1: [da35d025-f602-4636-9c4c-0df67fcff925:192.168.5.143:43688], old=null RUNNING
2019-10-08 20:34:48,394 [grpc-default-executor-1] INFO  impl.RaftServerImpl (RaftServerImpl.java:lambda$shutdown$3(247)) - da35d025-f602-4636-9c4c-0df67fcff925@group-6DFCF145B065: shutdown
2019-10-08 20:34:48,395 [grpc-default-executor-1] INFO  util.JmxRegister (JmxRegister.java:unregister(73)) - Successfully un-registered JMX Bean with object name Ratis:service=RaftServer,group=group-6DFCF145B065,id=da35d025-f602-4636-9c4c-0df67fcff925
2019-10-08 20:34:48,395 [grpc-default-executor-1] INFO  impl.RoleInfo (RoleInfo.java:shutdownFollowerState(121)) - da35d025-f602-4636-9c4c-0df67fcff925: shutdown FollowerState
2019-10-08 20:34:48,395 [grpc-default-executor-1] INFO  impl.StateMachineUpdater (StateMachineUpdater.java:stopAndJoin(136)) - da35d025-f602-4636-9c4c-0df67fcff925@group-6DFCF145B065-StateMachineUpdater: set stopIndex = -1
2019-10-08 20:34:48,395 [Thread-183] INFO  impl.FollowerState (FollowerState.java:run(117)) - da35d025-f602-4636-9c4c-0df67fcff925@group-6DFCF145B065-FollowerState was interrupted: java.lang.InterruptedException: sleep interrupted
2019-10-08 20:34:48,398 [grpc-default-executor-1] INFO  impl.RaftServerImpl (ServerState.java:close(387)) - da35d025-f602-4636-9c4c-0df67fcff925@group-6DFCF145B065: closes. applyIndex: -1
2019-10-08 20:34:48,399 [da35d025-f602-4636-9c4c-0df67fcff925@group-6DFCF145B065-SegmentedRaftLogWorker] INFO  segmented.SegmentedRaftLogWorker (SegmentedRaftLogWorker.java:run(316)) - da35d025-f602-4636-9c4c-0df67fcff925@group-6DFCF145B065-SegmentedRaftLogWorker was interrupted, exiting. There are 0 tasks remaining in the queue.
2019-10-08 20:34:48,399 [grpc-default-executor-1] INFO  segmented.SegmentedRaftLogWorker (SegmentedRaftLogWorker.java:close(224)) - da35d025-f602-4636-9c4c-0df67fcff925@group-6DFCF145B065-SegmentedRaftLogWorker close()
2019-10-08 20:34:48,411 [Thread-178] INFO  pipeline.PipelineStateManager (PipelineStateManager.java:removePipeline(108)) - Pipeline Pipeline[ Id: 401bcd58-c080-40eb-87e2-6dfcf145b065, Nodes: da35d025-f602-4636-9c4c-0df67fcff925{ip: 192.168.5.143, host: pr-hdds-1868-gtwz2-575081100, networkLocation: /default-rack, certSerialId: null}, Type:RATIS, Factor:ONE, State:CLOSED] removed from db
2019-10-08 20:34:48,411 [Thread-178] INFO  pipeline.SCMPipelineManager (SCMPipelineManager.java:finalizeAndDestroyPipeline(315)) - destroying pipeline:Pipeline[ Id: f3ac3a51-28e7-4e87-aecf-b50afa1c00e3, Nodes: f63ed8cc-e2f4-41d9-beda-0901db6921f5{ip: 192.168.5.143, host: pr-hdds-1868-gtwz2-575081100, networkLocation: /default-rack, certSerialId: null}, Type:RATIS, Factor:ONE, State:ALLOCATED]
2019-10-08 20:34:48,423 [grpc-default-executor-1] INFO  impl.RaftServerProxy (RaftServerProxy.java:addNew(89)) - da35d025-f602-4636-9c4c-0df67fcff925: addNew group-E7CAB2B64B3E:[da35d025-f602-4636-9c4c-0df67fcff925:192.168.5.143:43688] returns group-E7CAB2B64B3E:java.util.concurrent.CompletableFuture@4cc41ea9[Not completed]
2019-10-08 20:34:48,425 [pool-47-thread-1] INFO  impl.RaftServerImpl (RaftServerImpl.java:<init>(95)) - da35d025-f602-4636-9c4c-0df67fcff925: new RaftServerImpl for group-E7CAB2B64B3E:[da35d025-f602-4636-9c4c-0df67fcff925:192.168.5.143:43688] with ContainerStateMachine:uninitialized
2019-10-08 20:34:48,426 [pool-47-thread-1] INFO  server.RaftServerConfigKeys (ConfUtils.java:logGet(43)) - raft.server.rpc.timeout.min = 5s (custom)
2019-10-08 20:34:48,426 [pool-47-thread-1] INFO  server.RaftServerConfigKeys (ConfUtils.java:logGet(43)) - raft.server.rpc.timeout.max = 5200ms (custom)
2019-10-08 20:34:48,426 [pool-47-thread-1] INFO  server.RaftServerConfigKeys (ConfUtils.java:logGet(43)) - raft.server.rpcslowness.timeout = 120s (custom)
2019-10-08 20:34:48,426 [pool-47-thread-1] INFO  server.RaftServerConfigKeys (ConfUtils.java:logGet(43)) - raft.server.sleep.deviation.threshold = 300 (default)
2019-10-08 20:34:48,426 [pool-47-thread-1] INFO  server.RaftServerConfigKeys (ConfUtils.java:logGet(43)) - raft.server.log.appender.install.snapshot.enabled = false (custom)
2019-10-08 20:34:48,427 [pool-47-thread-1] INFO  impl.RaftServerImpl (ServerState.java:<init>(103)) - da35d025-f602-4636-9c4c-0df67fcff925@group-E7CAB2B64B3E: ConfigurationManager, init=-1: [da35d025-f602-4636-9c4c-0df67fcff925:192.168.5.143:43688], old=null, confs=<EMPTY_MAP>
2019-10-08 20:34:48,427 [pool-47-thread-1] INFO  server.RaftServerConfigKeys (ConfUtils.java:logGet(43)) - raft.server.storage.dir = [/workdir/hadoop-ozone/integration-test/target/test-dir/MiniOzoneClusterImpl-0085ff61-ee12-43a7-9c52-2492090bedb6/datanode-2/data/ratis] (custom)
2019-10-08 20:34:48,427 [pool-47-thread-1] INFO  server.RaftServerConfigKeys (ConfUtils.java:logGet(43)) - raft.server.log.corruption.policy = EXCEPTION (default)
2019-10-08 20:34:48,428 [pool-47-thread-1] INFO  storage.RaftStorageDirectory (RaftStorageDirectory.java:analyzeStorage(246)) - The storage directory /workdir/hadoop-ozone/integration-test/target/test-dir/MiniOzoneClusterImpl-0085ff61-ee12-43a7-9c52-2492090bedb6/datanode-2/data/ratis/3b91e564-ec12-4cdd-b557-e7cab2b64b3e does not exist. Creating ...
2019-10-08 20:34:48,440 [pool-47-thread-1] INFO  storage.RaftStorageDirectory (RaftStorageDirectory.java:tryLock(328)) - Lock on /workdir/hadoop-ozone/integration-test/target/test-dir/MiniOzoneClusterImpl-0085ff61-ee12-43a7-9c52-2492090bedb6/datanode-2/data/ratis/3b91e564-ec12-4cdd-b557-e7cab2b64b3e/in_use.lock acquired by nodename 1495@pr-hdds-1868-gtwz2-575081100
2019-10-08 20:34:48,454 [pool-47-thread-1] INFO  storage.RaftStorage (RaftStorage.java:format(84)) - Storage directory /workdir/hadoop-ozone/integration-test/target/test-dir/MiniOzoneClusterImpl-0085ff61-ee12-43a7-9c52-2492090bedb6/datanode-2/data/ratis/3b91e564-ec12-4cdd-b557-e7cab2b64b3e has been successfully formatted.
2019-10-08 20:34:48,454 [pool-47-thread-1] INFO  ratis.ContainerStateMachine (ContainerStateMachine.java:loadSnapshot(233)) - group-E7CAB2B64B3E: The snapshot info is null. Setting the last applied indexto:(t:0, i:~)
2019-10-08 20:34:48,455 [pool-47-thread-1] INFO  server.RaftServerConfigKeys (ConfUtils.java:logGet(43)) - raft.server.notification.no-leader.timeout = 120s (custom)
2019-10-08 20:34:48,455 [pool-47-thread-1] INFO  server.RaftServerConfigKeys (ConfUtils.java:logGet(43)) - raft.server.log.use.memory = false (default)
2019-10-08 20:34:48,455 [pool-47-thread-1] INFO  server.RaftServerConfigKeys (ConfUtils.java:logGet(43)) - raft.server.log.purge.gap = 1000000 (custom)
2019-10-08 20:34:48,455 [pool-47-thread-1] INFO  server.RaftServerConfigKeys (ConfUtils.java:logGet(43)) - raft.server.log.appender.buffer.byte-limit = 33554432 (custom)
2019-10-08 20:34:48,456 [pool-47-thread-1] INFO  server.RaftServerConfigKeys (ConfUtils.java:logGet(43)) - raft.server.log.segment.size.max = 1048576 (custom)
2019-10-08 20:34:48,456 [pool-47-thread-1] INFO  server.RaftServerConfigKeys (ConfUtils.java:logGet(43)) - raft.server.log.segment.cache.num.max = 2 (custom)
2019-10-08 20:34:48,456 [pool-47-thread-1] INFO  segmented.SegmentedRaftLogWorker (SegmentedRaftLogWorker.java:<init>(173)) - new da35d025-f602-4636-9c4c-0df67fcff925@group-E7CAB2B64B3E-SegmentedRaftLogWorker for RaftStorage:Storage Directory /workdir/hadoop-ozone/integration-test/target/test-dir/MiniOzoneClusterImpl-0085ff61-ee12-43a7-9c52-2492090bedb6/datanode-2/data/ratis/3b91e564-ec12-4cdd-b557-e7cab2b64b3e
2019-10-08 20:34:48,456 [pool-47-thread-1] INFO  server.RaftServerConfigKeys (ConfUtils.java:logGet(43)) - raft.server.log.queue.byte-limit = 2147483647 (custom)
2019-10-08 20:34:48,456 [pool-47-thread-1] INFO  server.RaftServerConfigKeys (ConfUtils.java:logGet(43)) - raft.server.log.queue.element-limit = 1024 (custom)
2019-10-08 20:34:48,457 [pool-47-thread-1] INFO  server.RaftServerConfigKeys (ConfUtils.java:logGet(43)) - raft.server.log.segment.size.max = 1048576 (custom)
2019-10-08 20:34:48,457 [pool-47-thread-1] INFO  server.RaftServerConfigKeys (ConfUtils.java:logGet(43)) - raft.server.log.preallocated.size = 16384 (custom)
2019-10-08 20:34:48,457 [pool-47-thread-1] INFO  server.RaftServerConfigKeys (ConfUtils.java:logGet(43)) - raft.server.log.write.buffer.size = 33554432 (custom)
2019-10-08 20:34:48,457 [pool-47-thread-1] INFO  server.RaftServerConfigKeys (ConfUtils.java:logGet(43)) - raft.server.log.force.sync.num = 128 (default)
2019-10-08 20:34:48,458 [pool-47-thread-1] INFO  server.RaftServerConfigKeys (ConfUtils.java:logGet(43)) - raft.server.log.statemachine.data.sync = true (default)
2019-10-08 20:34:48,458 [pool-47-thread-1] INFO  server.RaftServerConfigKeys (ConfUtils.java:logGet(43)) - raft.server.log.statemachine.data.sync.timeout = 10s (default)
2019-10-08 20:34:48,458 [pool-47-thread-1] INFO  server.RaftServerConfigKeys (ConfUtils.java:logGet(43)) - raft.server.log.statemachine.data.sync.timeout.retry = -1 (default)
2019-10-08 20:34:48,459 [pool-47-thread-1] INFO  server.RaftServerConfigKeys (ConfUtils.java:logGet(43)) - raft.server.log.statemachine.data.caching.enabled = true (custom)
2019-10-08 20:34:48,459 [pool-47-thread-1] INFO  segmented.SegmentedRaftLogWorker (SegmentedRaftLogWorker.java:lambda$new$0(128)) - da35d025-f602-4636-9c4c-0df67fcff925@group-E7CAB2B64B3E-SegmentedRaftLogWorker: flushIndex: setUnconditionally 0 -> -1
2019-10-08 20:34:48,459 [pool-47-thread-1] INFO  server.RaftServerConfigKeys (ConfUtils.java:logGet(43)) - raft.server.snapshot.auto.trigger.enabled = true (custom)
2019-10-08 20:34:48,460 [pool-47-thread-1] INFO  server.RaftServerConfigKeys (ConfUtils.java:logGet(43)) - raft.server.snapshot.auto.trigger.threshold = 10000 (custom)
2019-10-08 20:34:48,460 [pool-47-thread-1] INFO  server.RaftServerConfigKeys (ConfUtils.java:logGet(43)) - raft.server.snapshot.retention.file.num = 5 (custom)
2019-10-08 20:34:48,460 [pool-47-thread-1] INFO  server.RaftServerConfigKeys (ConfUtils.java:logGet(43)) - raft.server.retrycache.expirytime = 600000ms (custom)
2019-10-08 20:34:48,464 [pool-47-thread-1] INFO  impl.RaftServerImpl (RaftServerImpl.java:start(181)) - da35d025-f602-4636-9c4c-0df67fcff925@group-E7CAB2B64B3E: start as a follower, conf=-1: [da35d025-f602-4636-9c4c-0df67fcff925:192.168.5.143:43688], old=null
2019-10-08 20:34:48,464 [pool-47-thread-1] INFO  impl.RaftServerImpl (RaftServerImpl.java:setRole(170)) - da35d025-f602-4636-9c4c-0df67fcff925@group-E7CAB2B64B3E: changes role from      null to FOLLOWER at term 0 for startAsFollower
2019-10-08 20:34:48,464 [pool-47-thread-1] INFO  impl.RoleInfo (RoleInfo.java:updateAndGet(143)) - da35d025-f602-4636-9c4c-0df67fcff925: start FollowerState
2019-10-08 20:34:48,465 [pool-47-thread-1] INFO  util.JmxRegister (JmxRegister.java:tryRegister(44)) - Successfully registered JMX Bean with object name Ratis:service=RaftServer,group=group-E7CAB2B64B3E,id=da35d025-f602-4636-9c4c-0df67fcff925
2019-10-08 20:34:48,477 [RatisPipelineUtilsThread] INFO  pipeline.PipelineStateManager (PipelineStateManager.java:addPipeline(57)) - Created pipeline Pipeline[ Id: 3b91e564-ec12-4cdd-b557-e7cab2b64b3e, Nodes: da35d025-f602-4636-9c4c-0df67fcff925{ip: 192.168.5.143, host: pr-hdds-1868-gtwz2-575081100, networkLocation: /default-rack, certSerialId: null}, Type:RATIS, Factor:ONE, State:ALLOCATED]
2019-10-08 20:34:48,479 [Thread-178] INFO  pipeline.PipelineStateManager (PipelineStateManager.java:finalizePipeline(123)) - Pipeline Pipeline[ Id: f3ac3a51-28e7-4e87-aecf-b50afa1c00e3, Nodes: f63ed8cc-e2f4-41d9-beda-0901db6921f5{ip: 192.168.5.143, host: pr-hdds-1868-gtwz2-575081100, networkLocation: /default-rack, certSerialId: null}, Type:RATIS, Factor:ONE, State:CLOSED] moved to CLOSED state
2019-10-08 20:34:48,480 [main] INFO  ozone.MiniOzoneClusterImpl (MiniOzoneClusterImpl.java:lambda$waitForClusterToBeReady$2(164)) - Waiting for 3 number of pipelines out of 4, to report a leader.
2019-10-08 20:34:48,492 [grpc-default-executor-1] INFO  impl.RaftServerProxy (RaftServerProxy.java:remove(95)) - f63ed8cc-e2f4-41d9-beda-0901db6921f5: remove  FOLLOWER f63ed8cc-e2f4-41d9-beda-0901db6921f5@group-B50AFA1C00E3:t0, leader=null, voted=null, raftlog=f63ed8cc-e2f4-41d9-beda-0901db6921f5@group-B50AFA1C00E3-SegmentedRaftLog:OPENED:c-1,f-1,i0, conf=-1: [f63ed8cc-e2f4-41d9-beda-0901db6921f5:192.168.5.143:33812], old=null RUNNING
2019-10-08 20:34:48,492 [grpc-default-executor-1] INFO  impl.RaftServerImpl (RaftServerImpl.java:lambda$shutdown$3(247)) - f63ed8cc-e2f4-41d9-beda-0901db6921f5@group-B50AFA1C00E3: shutdown
2019-10-08 20:34:48,492 [grpc-default-executor-1] INFO  util.JmxRegister (JmxRegister.java:unregister(73)) - Successfully un-registered JMX Bean with object name Ratis:service=RaftServer,group=group-B50AFA1C00E3,id=f63ed8cc-e2f4-41d9-beda-0901db6921f5
2019-10-08 20:34:48,492 [grpc-default-executor-1] INFO  impl.RoleInfo (RoleInfo.java:shutdownFollowerState(121)) - f63ed8cc-e2f4-41d9-beda-0901db6921f5: shutdown FollowerState
2019-10-08 20:34:48,493 [grpc-default-executor-1] INFO  impl.StateMachineUpdater (StateMachineUpdater.java:stopAndJoin(136)) - f63ed8cc-e2f4-41d9-beda-0901db6921f5@group-B50AFA1C00E3-StateMachineUpdater: set stopIndex = -1
2019-10-08 20:34:48,493 [Thread-180] INFO  impl.FollowerState (FollowerState.java:run(117)) - f63ed8cc-e2f4-41d9-beda-0901db6921f5@group-B50AFA1C00E3-FollowerState was interrupted: java.lang.InterruptedException: sleep interrupted
2019-10-08 20:34:48,495 [grpc-default-executor-1] INFO  impl.RaftServerImpl (ServerState.java:close(387)) - f63ed8cc-e2f4-41d9-beda-0901db6921f5@group-B50AFA1C00E3: closes. applyIndex: -1
2019-10-08 20:34:48,496 [f63ed8cc-e2f4-41d9-beda-0901db6921f5@group-B50AFA1C00E3-SegmentedRaftLogWorker] INFO  segmented.SegmentedRaftLogWorker (SegmentedRaftLogWorker.java:run(316)) - f63ed8cc-e2f4-41d9-beda-0901db6921f5@group-B50AFA1C00E3-SegmentedRaftLogWorker was interrupted, exiting. There are 0 tasks remaining in the queue.
2019-10-08 20:34:48,496 [grpc-default-executor-1] INFO  segmented.SegmentedRaftLogWorker (SegmentedRaftLogWorker.java:close(224)) - f63ed8cc-e2f4-41d9-beda-0901db6921f5@group-B50AFA1C00E3-SegmentedRaftLogWorker close()
2019-10-08 20:34:48,507 [Thread-178] INFO  pipeline.PipelineStateManager (PipelineStateManager.java:removePipeline(108)) - Pipeline Pipeline[ Id: f3ac3a51-28e7-4e87-aecf-b50afa1c00e3, Nodes: f63ed8cc-e2f4-41d9-beda-0901db6921f5{ip: 192.168.5.143, host: pr-hdds-1868-gtwz2-575081100, networkLocation: /default-rack, certSerialId: null}, Type:RATIS, Factor:ONE, State:CLOSED] removed from db
2019-10-08 20:34:48,508 [Thread-178] INFO  pipeline.SCMPipelineManager (SCMPipelineManager.java:finalizeAndDestroyPipeline(315)) - destroying pipeline:Pipeline[ Id: 51da6380-fbad-4986-ba50-3b178bd26993, Nodes: da35d025-f602-4636-9c4c-0df67fcff925{ip: 192.168.5.143, host: pr-hdds-1868-gtwz2-575081100, networkLocation: /default-rack, certSerialId: null}f63ed8cc-e2f4-41d9-beda-0901db6921f5{ip: 192.168.5.143, host: pr-hdds-1868-gtwz2-575081100, networkLocation: /default-rack, certSerialId: null}f38d24ff-b8ec-401e-8eaa-834885a42f3b{ip: 192.168.5.143, host: pr-hdds-1868-gtwz2-575081100, networkLocation: /default-rack, certSerialId: null}, Type:RATIS, Factor:THREE, State:ALLOCATED]
2019-10-08 20:34:48,519 [grpc-default-executor-1] INFO  impl.RaftServerProxy (RaftServerProxy.java:addNew(89)) - f63ed8cc-e2f4-41d9-beda-0901db6921f5: addNew group-41B4ED426890:[f63ed8cc-e2f4-41d9-beda-0901db6921f5:192.168.5.143:33812] returns group-41B4ED426890:java.util.concurrent.CompletableFuture@4ad46319[Not completed]
2019-10-08 20:34:48,522 [pool-27-thread-1] INFO  impl.RaftServerImpl (RaftServerImpl.java:<init>(95)) - f63ed8cc-e2f4-41d9-beda-0901db6921f5: new RaftServerImpl for group-41B4ED426890:[f63ed8cc-e2f4-41d9-beda-0901db6921f5:192.168.5.143:33812] with ContainerStateMachine:uninitialized
2019-10-08 20:34:48,523 [pool-27-thread-1] INFO  server.RaftServerConfigKeys (ConfUtils.java:logGet(43)) - raft.server.rpc.timeout.min = 5s (custom)
2019-10-08 20:34:48,523 [pool-27-thread-1] INFO  server.RaftServerConfigKeys (ConfUtils.java:logGet(43)) - raft.server.rpc.timeout.max = 5200ms (custom)
2019-10-08 20:34:48,523 [pool-27-thread-1] INFO  server.RaftServerConfigKeys (ConfUtils.java:logGet(43)) - raft.server.rpcslowness.timeout = 120s (custom)
2019-10-08 20:34:48,524 [pool-27-thread-1] INFO  server.RaftServerConfigKeys (ConfUtils.java:logGet(43)) - raft.server.sleep.deviation.threshold = 300 (default)
2019-10-08 20:34:48,524 [pool-27-thread-1] INFO  server.RaftServerConfigKeys (ConfUtils.java:logGet(43)) - raft.server.log.appender.install.snapshot.enabled = false (custom)
2019-10-08 20:34:48,524 [pool-27-thread-1] INFO  impl.RaftServerImpl (ServerState.java:<init>(103)) - f63ed8cc-e2f4-41d9-beda-0901db6921f5@group-41B4ED426890: ConfigurationManager, init=-1: [f63ed8cc-e2f4-41d9-beda-0901db6921f5:192.168.5.143:33812], old=null, confs=<EMPTY_MAP>
2019-10-08 20:34:48,524 [pool-27-thread-1] INFO  server.RaftServerConfigKeys (ConfUtils.java:logGet(43)) - raft.server.storage.dir = [/workdir/hadoop-ozone/integration-test/target/test-dir/MiniOzoneClusterImpl-0085ff61-ee12-43a7-9c52-2492090bedb6/datanode-0/data/ratis] (custom)
2019-10-08 20:34:48,525 [pool-27-thread-1] INFO  server.RaftServerConfigKeys (ConfUtils.java:logGet(43)) - raft.server.log.corruption.policy = EXCEPTION (default)
2019-10-08 20:34:48,525 [pool-27-thread-1] INFO  storage.RaftStorageDirectory (RaftStorageDirectory.java:analyzeStorage(246)) - The storage directory /workdir/hadoop-ozone/integration-test/target/test-dir/MiniOzoneClusterImpl-0085ff61-ee12-43a7-9c52-2492090bedb6/datanode-0/data/ratis/f74e00f1-f20b-4f5e-8b2d-41b4ed426890 does not exist. Creating ...
2019-10-08 20:34:48,538 [pool-27-thread-1] INFO  storage.RaftStorageDirectory (RaftStorageDirectory.java:tryLock(328)) - Lock on /workdir/hadoop-ozone/integration-test/target/test-dir/MiniOzoneClusterImpl-0085ff61-ee12-43a7-9c52-2492090bedb6/datanode-0/data/ratis/f74e00f1-f20b-4f5e-8b2d-41b4ed426890/in_use.lock acquired by nodename 1495@pr-hdds-1868-gtwz2-575081100
2019-10-08 20:34:48,551 [pool-27-thread-1] INFO  storage.RaftStorage (RaftStorage.java:format(84)) - Storage directory /workdir/hadoop-ozone/integration-test/target/test-dir/MiniOzoneClusterImpl-0085ff61-ee12-43a7-9c52-2492090bedb6/datanode-0/data/ratis/f74e00f1-f20b-4f5e-8b2d-41b4ed426890 has been successfully formatted.
2019-10-08 20:34:48,552 [pool-27-thread-1] INFO  ratis.ContainerStateMachine (ContainerStateMachine.java:loadSnapshot(233)) - group-41B4ED426890: The snapshot info is null. Setting the last applied indexto:(t:0, i:~)
2019-10-08 20:34:48,552 [pool-27-thread-1] INFO  server.RaftServerConfigKeys (ConfUtils.java:logGet(43)) - raft.server.notification.no-leader.timeout = 120s (custom)
2019-10-08 20:34:48,552 [pool-27-thread-1] INFO  server.RaftServerConfigKeys (ConfUtils.java:logGet(43)) - raft.server.log.use.memory = false (default)
2019-10-08 20:34:48,552 [pool-27-thread-1] INFO  server.RaftServerConfigKeys (ConfUtils.java:logGet(43)) - raft.server.log.purge.gap = 1000000 (custom)
2019-10-08 20:34:48,553 [pool-27-thread-1] INFO  server.RaftServerConfigKeys (ConfUtils.java:logGet(43)) - raft.server.log.appender.buffer.byte-limit = 33554432 (custom)
2019-10-08 20:34:48,553 [pool-27-thread-1] INFO  server.RaftServerConfigKeys (ConfUtils.java:logGet(43)) - raft.server.log.segment.size.max = 1048576 (custom)
2019-10-08 20:34:48,553 [pool-27-thread-1] INFO  server.RaftServerConfigKeys (ConfUtils.java:logGet(43)) - raft.server.log.segment.cache.num.max = 2 (custom)
2019-10-08 20:34:48,553 [pool-27-thread-1] INFO  segmented.SegmentedRaftLogWorker (SegmentedRaftLogWorker.java:<init>(173)) - new f63ed8cc-e2f4-41d9-beda-0901db6921f5@group-41B4ED426890-SegmentedRaftLogWorker for RaftStorage:Storage Directory /workdir/hadoop-ozone/integration-test/target/test-dir/MiniOzoneClusterImpl-0085ff61-ee12-43a7-9c52-2492090bedb6/datanode-0/data/ratis/f74e00f1-f20b-4f5e-8b2d-41b4ed426890
2019-10-08 20:34:48,554 [pool-27-thread-1] INFO  server.RaftServerConfigKeys (ConfUtils.java:logGet(43)) - raft.server.log.queue.byte-limit = 2147483647 (custom)
2019-10-08 20:34:48,554 [pool-27-thread-1] INFO  server.RaftServerConfigKeys (ConfUtils.java:logGet(43)) - raft.server.log.queue.element-limit = 1024 (custom)
2019-10-08 20:34:48,554 [pool-27-thread-1] INFO  server.RaftServerConfigKeys (ConfUtils.java:logGet(43)) - raft.server.log.segment.size.max = 1048576 (custom)
2019-10-08 20:34:48,554 [pool-27-thread-1] INFO  server.RaftServerConfigKeys (ConfUtils.java:logGet(43)) - raft.server.log.preallocated.size = 16384 (custom)
2019-10-08 20:34:48,554 [pool-27-thread-1] INFO  server.RaftServerConfigKeys (ConfUtils.java:logGet(43)) - raft.server.log.write.buffer.size = 33554432 (custom)
2019-10-08 20:34:48,555 [pool-27-thread-1] INFO  server.RaftServerConfigKeys (ConfUtils.java:logGet(43)) - raft.server.log.force.sync.num = 128 (default)
2019-10-08 20:34:48,555 [pool-27-thread-1] INFO  server.RaftServerConfigKeys (ConfUtils.java:logGet(43)) - raft.server.log.statemachine.data.sync = true (default)
2019-10-08 20:34:48,555 [pool-27-thread-1] INFO  server.RaftServerConfigKeys (ConfUtils.java:logGet(43)) - raft.server.log.statemachine.data.sync.timeout = 10s (default)
2019-10-08 20:34:48,555 [pool-27-thread-1] INFO  server.RaftServerConfigKeys (ConfUtils.java:logGet(43)) - raft.server.log.statemachine.data.sync.timeout.retry = -1 (default)
2019-10-08 20:34:48,556 [pool-27-thread-1] INFO  server.RaftServerConfigKeys (ConfUtils.java:logGet(43)) - raft.server.log.statemachine.data.caching.enabled = true (custom)
2019-10-08 20:34:48,556 [pool-27-thread-1] INFO  segmented.SegmentedRaftLogWorker (SegmentedRaftLogWorker.java:lambda$new$0(128)) - f63ed8cc-e2f4-41d9-beda-0901db6921f5@group-41B4ED426890-SegmentedRaftLogWorker: flushIndex: setUnconditionally 0 -> -1
2019-10-08 20:34:48,557 [pool-27-thread-1] INFO  server.RaftServerConfigKeys (ConfUtils.java:logGet(43)) - raft.server.snapshot.auto.trigger.enabled = true (custom)
2019-10-08 20:34:48,557 [pool-27-thread-1] INFO  server.RaftServerConfigKeys (ConfUtils.java:logGet(43)) - raft.server.snapshot.auto.trigger.threshold = 10000 (custom)
2019-10-08 20:34:48,557 [pool-27-thread-1] INFO  server.RaftServerConfigKeys (ConfUtils.java:logGet(43)) - raft.server.snapshot.retention.file.num = 5 (custom)
2019-10-08 20:34:48,557 [pool-27-thread-1] INFO  server.RaftServerConfigKeys (ConfUtils.java:logGet(43)) - raft.server.retrycache.expirytime = 600000ms (custom)
2019-10-08 20:34:48,561 [pool-27-thread-1] INFO  impl.RaftServerImpl (RaftServerImpl.java:start(181)) - f63ed8cc-e2f4-41d9-beda-0901db6921f5@group-41B4ED426890: start as a follower, conf=-1: [f63ed8cc-e2f4-41d9-beda-0901db6921f5:192.168.5.143:33812], old=null
2019-10-08 20:34:48,561 [pool-27-thread-1] INFO  impl.RaftServerImpl (RaftServerImpl.java:setRole(170)) - f63ed8cc-e2f4-41d9-beda-0901db6921f5@group-41B4ED426890: changes role from      null to FOLLOWER at term 0 for startAsFollower
2019-10-08 20:34:48,561 [pool-27-thread-1] INFO  impl.RoleInfo (RoleInfo.java:updateAndGet(143)) - f63ed8cc-e2f4-41d9-beda-0901db6921f5: start FollowerState
2019-10-08 20:34:48,561 [pool-27-thread-1] INFO  util.JmxRegister (JmxRegister.java:tryRegister(44)) - Successfully registered JMX Bean with object name Ratis:service=RaftServer,group=group-41B4ED426890,id=f63ed8cc-e2f4-41d9-beda-0901db6921f5
2019-10-08 20:34:48,574 [RatisPipelineUtilsThread] INFO  pipeline.PipelineStateManager (PipelineStateManager.java:addPipeline(57)) - Created pipeline Pipeline[ Id: f74e00f1-f20b-4f5e-8b2d-41b4ed426890, Nodes: f63ed8cc-e2f4-41d9-beda-0901db6921f5{ip: 192.168.5.143, host: pr-hdds-1868-gtwz2-575081100, networkLocation: /default-rack, certSerialId: null}, Type:RATIS, Factor:ONE, State:ALLOCATED]
2019-10-08 20:34:48,575 [Thread-178] INFO  pipeline.PipelineStateManager (PipelineStateManager.java:finalizePipeline(123)) - Pipeline Pipeline[ Id: 51da6380-fbad-4986-ba50-3b178bd26993, Nodes: da35d025-f602-4636-9c4c-0df67fcff925{ip: 192.168.5.143, host: pr-hdds-1868-gtwz2-575081100, networkLocation: /default-rack, certSerialId: null}f63ed8cc-e2f4-41d9-beda-0901db6921f5{ip: 192.168.5.143, host: pr-hdds-1868-gtwz2-575081100, networkLocation: /default-rack, certSerialId: null}f38d24ff-b8ec-401e-8eaa-834885a42f3b{ip: 192.168.5.143, host: pr-hdds-1868-gtwz2-575081100, networkLocation: /default-rack, certSerialId: null}, Type:RATIS, Factor:THREE, State:CLOSED] moved to CLOSED state
2019-10-08 20:34:48,589 [grpc-default-executor-1] INFO  impl.RaftServerProxy (RaftServerProxy.java:remove(95)) - da35d025-f602-4636-9c4c-0df67fcff925: remove  FOLLOWER da35d025-f602-4636-9c4c-0df67fcff925@group-3B178BD26993:t0, leader=null, voted=null, raftlog=da35d025-f602-4636-9c4c-0df67fcff925@group-3B178BD26993-SegmentedRaftLog:OPENED:c-1,f-1,i0, conf=-1: [da35d025-f602-4636-9c4c-0df67fcff925:192.168.5.143:43688, f38d24ff-b8ec-401e-8eaa-834885a42f3b:192.168.5.143:44884, f63ed8cc-e2f4-41d9-beda-0901db6921f5:192.168.5.143:33812], old=null RUNNING
2019-10-08 20:34:48,589 [grpc-default-executor-1] INFO  impl.RaftServerImpl (RaftServerImpl.java:lambda$shutdown$3(247)) - da35d025-f602-4636-9c4c-0df67fcff925@group-3B178BD26993: shutdown
2019-10-08 20:34:48,589 [grpc-default-executor-1] INFO  util.JmxRegister (JmxRegister.java:unregister(73)) - Successfully un-registered JMX Bean with object name Ratis:service=RaftServer,group=group-3B178BD26993,id=da35d025-f602-4636-9c4c-0df67fcff925
2019-10-08 20:34:48,589 [grpc-default-executor-1] INFO  impl.RoleInfo (RoleInfo.java:shutdownFollowerState(121)) - da35d025-f602-4636-9c4c-0df67fcff925: shutdown FollowerState
2019-10-08 20:34:48,590 [grpc-default-executor-1] INFO  impl.StateMachineUpdater (StateMachineUpdater.java:stopAndJoin(136)) - da35d025-f602-4636-9c4c-0df67fcff925@group-3B178BD26993-StateMachineUpdater: set stopIndex = -1
2019-10-08 20:34:48,590 [Thread-191] INFO  impl.FollowerState (FollowerState.java:run(117)) - da35d025-f602-4636-9c4c-0df67fcff925@group-3B178BD26993-FollowerState was interrupted: java.lang.InterruptedException: sleep interrupted
2019-10-08 20:34:48,591 [grpc-default-executor-1] INFO  impl.RaftServerImpl (ServerState.java:close(387)) - da35d025-f602-4636-9c4c-0df67fcff925@group-3B178BD26993: closes. applyIndex: -1
2019-10-08 20:34:48,592 [da35d025-f602-4636-9c4c-0df67fcff925@group-3B178BD26993-SegmentedRaftLogWorker] INFO  segmented.SegmentedRaftLogWorker (SegmentedRaftLogWorker.java:run(316)) - da35d025-f602-4636-9c4c-0df67fcff925@group-3B178BD26993-SegmentedRaftLogWorker was interrupted, exiting. There are 0 tasks remaining in the queue.
2019-10-08 20:34:48,593 [grpc-default-executor-1] INFO  segmented.SegmentedRaftLogWorker (SegmentedRaftLogWorker.java:close(224)) - da35d025-f602-4636-9c4c-0df67fcff925@group-3B178BD26993-SegmentedRaftLogWorker close()
2019-10-08 20:34:48,617 [grpc-default-executor-1] INFO  impl.RaftServerProxy (RaftServerProxy.java:remove(95)) - f63ed8cc-e2f4-41d9-beda-0901db6921f5: remove  FOLLOWER f63ed8cc-e2f4-41d9-beda-0901db6921f5@group-3B178BD26993:t0, leader=null, voted=null, raftlog=f63ed8cc-e2f4-41d9-beda-0901db6921f5@group-3B178BD26993-SegmentedRaftLog:OPENED:c-1,f-1,i0, conf=-1: [da35d025-f602-4636-9c4c-0df67fcff925:192.168.5.143:43688, f38d24ff-b8ec-401e-8eaa-834885a42f3b:192.168.5.143:44884, f63ed8cc-e2f4-41d9-beda-0901db6921f5:192.168.5.143:33812], old=null RUNNING
2019-10-08 20:34:48,617 [grpc-default-executor-1] INFO  impl.RaftServerImpl (RaftServerImpl.java:lambda$shutdown$3(247)) - f63ed8cc-e2f4-41d9-beda-0901db6921f5@group-3B178BD26993: shutdown
2019-10-08 20:34:48,617 [grpc-default-executor-1] INFO  util.JmxRegister (JmxRegister.java:unregister(73)) - Successfully un-registered JMX Bean with object name Ratis:service=RaftServer,group=group-3B178BD26993,id=f63ed8cc-e2f4-41d9-beda-0901db6921f5
2019-10-08 20:34:48,618 [grpc-default-executor-1] INFO  impl.RoleInfo (RoleInfo.java:shutdownFollowerState(121)) - f63ed8cc-e2f4-41d9-beda-0901db6921f5: shutdown FollowerState
2019-10-08 20:34:48,618 [grpc-default-executor-1] INFO  impl.StateMachineUpdater (StateMachineUpdater.java:stopAndJoin(136)) - f63ed8cc-e2f4-41d9-beda-0901db6921f5@group-3B178BD26993-StateMachineUpdater: set stopIndex = -1
2019-10-08 20:34:48,618 [Thread-193] INFO  impl.FollowerState (FollowerState.java:run(117)) - f63ed8cc-e2f4-41d9-beda-0901db6921f5@group-3B178BD26993-FollowerState was interrupted: java.lang.InterruptedException: sleep interrupted
2019-10-08 20:34:48,619 [grpc-default-executor-1] INFO  impl.RaftServerImpl (ServerState.java:close(387)) - f63ed8cc-e2f4-41d9-beda-0901db6921f5@group-3B178BD26993: closes. applyIndex: -1
2019-10-08 20:34:48,620 [f63ed8cc-e2f4-41d9-beda-0901db6921f5@group-3B178BD26993-SegmentedRaftLogWorker] INFO  segmented.SegmentedRaftLogWorker (SegmentedRaftLogWorker.java:run(316)) - f63ed8cc-e2f4-41d9-beda-0901db6921f5@group-3B178BD26993-SegmentedRaftLogWorker was interrupted, exiting. There are 0 tasks remaining in the queue.
2019-10-08 20:34:48,620 [grpc-default-executor-1] INFO  segmented.SegmentedRaftLogWorker (SegmentedRaftLogWorker.java:close(224)) - f63ed8cc-e2f4-41d9-beda-0901db6921f5@group-3B178BD26993-SegmentedRaftLogWorker close()
2019-10-08 20:34:48,642 [grpc-default-executor-1] INFO  impl.RaftServerProxy (RaftServerProxy.java:remove(95)) - f38d24ff-b8ec-401e-8eaa-834885a42f3b: remove  FOLLOWER f38d24ff-b8ec-401e-8eaa-834885a42f3b@group-3B178BD26993:t0, leader=null, voted=null, raftlog=f38d24ff-b8ec-401e-8eaa-834885a42f3b@group-3B178BD26993-SegmentedRaftLog:OPENED:c-1,f-1,i0, conf=-1: [da35d025-f602-4636-9c4c-0df67fcff925:192.168.5.143:43688, f38d24ff-b8ec-401e-8eaa-834885a42f3b:192.168.5.143:44884, f63ed8cc-e2f4-41d9-beda-0901db6921f5:192.168.5.143:33812], old=null RUNNING
2019-10-08 20:34:48,642 [grpc-default-executor-1] INFO  impl.RaftServerImpl (RaftServerImpl.java:lambda$shutdown$3(247)) - f38d24ff-b8ec-401e-8eaa-834885a42f3b@group-3B178BD26993: shutdown
2019-10-08 20:34:48,643 [grpc-default-executor-1] INFO  util.JmxRegister (JmxRegister.java:unregister(73)) - Successfully un-registered JMX Bean with object name Ratis:service=RaftServer,group=group-3B178BD26993,id=f38d24ff-b8ec-401e-8eaa-834885a42f3b
2019-10-08 20:34:48,643 [grpc-default-executor-1] INFO  impl.RoleInfo (RoleInfo.java:shutdownFollowerState(121)) - f38d24ff-b8ec-401e-8eaa-834885a42f3b: shutdown FollowerState
2019-10-08 20:34:48,643 [grpc-default-executor-1] INFO  impl.StateMachineUpdater (StateMachineUpdater.java:stopAndJoin(136)) - f38d24ff-b8ec-401e-8eaa-834885a42f3b@group-3B178BD26993-StateMachineUpdater: set stopIndex = -1
2019-10-08 20:34:48,643 [Thread-192] INFO  impl.FollowerState (FollowerState.java:run(117)) - f38d24ff-b8ec-401e-8eaa-834885a42f3b@group-3B178BD26993-FollowerState was interrupted: java.lang.InterruptedException: sleep interrupted
2019-10-08 20:34:48,644 [grpc-default-executor-1] INFO  impl.RaftServerImpl (ServerState.java:close(387)) - f38d24ff-b8ec-401e-8eaa-834885a42f3b@group-3B178BD26993: closes. applyIndex: -1
2019-10-08 20:34:48,645 [f38d24ff-b8ec-401e-8eaa-834885a42f3b@group-3B178BD26993-SegmentedRaftLogWorker] INFO  segmented.SegmentedRaftLogWorker (SegmentedRaftLogWorker.java:run(316)) - f38d24ff-b8ec-401e-8eaa-834885a42f3b@group-3B178BD26993-SegmentedRaftLogWorker was interrupted, exiting. There are 0 tasks remaining in the queue.
2019-10-08 20:34:48,645 [grpc-default-executor-1] INFO  segmented.SegmentedRaftLogWorker (SegmentedRaftLogWorker.java:close(224)) - f38d24ff-b8ec-401e-8eaa-834885a42f3b@group-3B178BD26993-SegmentedRaftLogWorker close()
2019-10-08 20:34:48,652 [Thread-178] INFO  pipeline.PipelineStateManager (PipelineStateManager.java:removePipeline(108)) - Pipeline Pipeline[ Id: 51da6380-fbad-4986-ba50-3b178bd26993, Nodes: da35d025-f602-4636-9c4c-0df67fcff925{ip: 192.168.5.143, host: pr-hdds-1868-gtwz2-575081100, networkLocation: /default-rack, certSerialId: null}f63ed8cc-e2f4-41d9-beda-0901db6921f5{ip: 192.168.5.143, host: pr-hdds-1868-gtwz2-575081100, networkLocation: /default-rack, certSerialId: null}f38d24ff-b8ec-401e-8eaa-834885a42f3b{ip: 192.168.5.143, host: pr-hdds-1868-gtwz2-575081100, networkLocation: /default-rack, certSerialId: null}, Type:RATIS, Factor:THREE, State:CLOSED] removed from db
2019-10-08 20:34:48,674 [grpc-default-executor-2] INFO  impl.RaftServerProxy (RaftServerProxy.java:addNew(89)) - f63ed8cc-e2f4-41d9-beda-0901db6921f5: addNew group-28EB8833D82F:[da35d025-f602-4636-9c4c-0df67fcff925:192.168.5.143:43688, f38d24ff-b8ec-401e-8eaa-834885a42f3b:192.168.5.143:44884, f63ed8cc-e2f4-41d9-beda-0901db6921f5:192.168.5.143:33812] returns group-28EB8833D82F:java.util.concurrent.CompletableFuture@7e3ec2c6[Not completed]
2019-10-08 20:34:48,674 [grpc-default-executor-0] INFO  impl.RaftServerProxy (RaftServerProxy.java:addNew(89)) - f38d24ff-b8ec-401e-8eaa-834885a42f3b: addNew group-28EB8833D82F:[da35d025-f602-4636-9c4c-0df67fcff925:192.168.5.143:43688, f38d24ff-b8ec-401e-8eaa-834885a42f3b:192.168.5.143:44884, f63ed8cc-e2f4-41d9-beda-0901db6921f5:192.168.5.143:33812] returns group-28EB8833D82F:java.util.concurrent.CompletableFuture@312bcf6a[Not completed]
2019-10-08 20:34:48,674 [grpc-default-executor-1] INFO  impl.RaftServerProxy (RaftServerProxy.java:addNew(89)) - da35d025-f602-4636-9c4c-0df67fcff925: addNew group-28EB8833D82F:[da35d025-f602-4636-9c4c-0df67fcff925:192.168.5.143:43688, f38d24ff-b8ec-401e-8eaa-834885a42f3b:192.168.5.143:44884, f63ed8cc-e2f4-41d9-beda-0901db6921f5:192.168.5.143:33812] returns group-28EB8833D82F:java.util.concurrent.CompletableFuture@678f5639[Not completed]
2019-10-08 20:34:48,678 [pool-27-thread-1] INFO  impl.RaftServerImpl (RaftServerImpl.java:<init>(95)) - f63ed8cc-e2f4-41d9-beda-0901db6921f5: new RaftServerImpl for group-28EB8833D82F:[da35d025-f602-4636-9c4c-0df67fcff925:192.168.5.143:43688, f38d24ff-b8ec-401e-8eaa-834885a42f3b:192.168.5.143:44884, f63ed8cc-e2f4-41d9-beda-0901db6921f5:192.168.5.143:33812] with ContainerStateMachine:uninitialized
2019-10-08 20:34:48,678 [pool-27-thread-1] INFO  server.RaftServerConfigKeys (ConfUtils.java:logGet(43)) - raft.server.rpc.timeout.min = 5s (custom)
2019-10-08 20:34:48,678 [pool-27-thread-1] INFO  server.RaftServerConfigKeys (ConfUtils.java:logGet(43)) - raft.server.rpc.timeout.max = 5200ms (custom)
2019-10-08 20:34:48,678 [pool-27-thread-1] INFO  server.RaftServerConfigKeys (ConfUtils.java:logGet(43)) - raft.server.rpcslowness.timeout = 120s (custom)
2019-10-08 20:34:48,679 [pool-27-thread-1] INFO  server.RaftServerConfigKeys (ConfUtils.java:logGet(43)) - raft.server.sleep.deviation.threshold = 300 (default)
2019-10-08 20:34:48,679 [pool-27-thread-1] INFO  server.RaftServerConfigKeys (ConfUtils.java:logGet(43)) - raft.server.log.appender.install.snapshot.enabled = false (custom)
2019-10-08 20:34:48,679 [pool-27-thread-1] INFO  impl.RaftServerImpl (ServerState.java:<init>(103)) - f63ed8cc-e2f4-41d9-beda-0901db6921f5@group-28EB8833D82F: ConfigurationManager, init=-1: [da35d025-f602-4636-9c4c-0df67fcff925:192.168.5.143:43688, f38d24ff-b8ec-401e-8eaa-834885a42f3b:192.168.5.143:44884, f63ed8cc-e2f4-41d9-beda-0901db6921f5:192.168.5.143:33812], old=null, confs=<EMPTY_MAP>
2019-10-08 20:34:48,679 [pool-27-thread-1] INFO  server.RaftServerConfigKeys (ConfUtils.java:logGet(43)) - raft.server.storage.dir = [/workdir/hadoop-ozone/integration-test/target/test-dir/MiniOzoneClusterImpl-0085ff61-ee12-43a7-9c52-2492090bedb6/datanode-0/data/ratis] (custom)
2019-10-08 20:34:48,679 [pool-37-thread-1] INFO  impl.RaftServerImpl (RaftServerImpl.java:<init>(95)) - f38d24ff-b8ec-401e-8eaa-834885a42f3b: new RaftServerImpl for group-28EB8833D82F:[da35d025-f602-4636-9c4c-0df67fcff925:192.168.5.143:43688, f38d24ff-b8ec-401e-8eaa-834885a42f3b:192.168.5.143:44884, f63ed8cc-e2f4-41d9-beda-0901db6921f5:192.168.5.143:33812] with ContainerStateMachine:uninitialized
2019-10-08 20:34:48,679 [pool-27-thread-1] INFO  server.RaftServerConfigKeys (ConfUtils.java:logGet(43)) - raft.server.log.corruption.policy = EXCEPTION (default)
2019-10-08 20:34:48,680 [pool-37-thread-1] INFO  server.RaftServerConfigKeys (ConfUtils.java:logGet(43)) - raft.server.rpc.timeout.min = 5s (custom)
2019-10-08 20:34:48,680 [pool-27-thread-1] INFO  storage.RaftStorageDirectory (RaftStorageDirectory.java:analyzeStorage(246)) - The storage directory /workdir/hadoop-ozone/integration-test/target/test-dir/MiniOzoneClusterImpl-0085ff61-ee12-43a7-9c52-2492090bedb6/datanode-0/data/ratis/c484caca-cbbb-40b0-93e1-28eb8833d82f does not exist. Creating ...
2019-10-08 20:34:48,680 [pool-37-thread-1] INFO  server.RaftServerConfigKeys (ConfUtils.java:logGet(43)) - raft.server.rpc.timeout.max = 5200ms (custom)
2019-10-08 20:34:48,680 [pool-47-thread-1] INFO  impl.RaftServerImpl (RaftServerImpl.java:<init>(95)) - da35d025-f602-4636-9c4c-0df67fcff925: new RaftServerImpl for group-28EB8833D82F:[da35d025-f602-4636-9c4c-0df67fcff925:192.168.5.143:43688, f38d24ff-b8ec-401e-8eaa-834885a42f3b:192.168.5.143:44884, f63ed8cc-e2f4-41d9-beda-0901db6921f5:192.168.5.143:33812] with ContainerStateMachine:uninitialized
2019-10-08 20:34:48,680 [pool-37-thread-1] INFO  server.RaftServerConfigKeys (ConfUtils.java:logGet(43)) - raft.server.rpcslowness.timeout = 120s (custom)
2019-10-08 20:34:48,680 [pool-47-thread-1] INFO  server.RaftServerConfigKeys (ConfUtils.java:logGet(43)) - raft.server.rpc.timeout.min = 5s (custom)
2019-10-08 20:34:48,680 [pool-37-thread-1] INFO  server.RaftServerConfigKeys (ConfUtils.java:logGet(43)) - raft.server.sleep.deviation.threshold = 300 (default)
2019-10-08 20:34:48,681 [pool-47-thread-1] INFO  server.RaftServerConfigKeys (ConfUtils.java:logGet(43)) - raft.server.rpc.timeout.max = 5200ms (custom)
2019-10-08 20:34:48,681 [pool-37-thread-1] INFO  server.RaftServerConfigKeys (ConfUtils.java:logGet(43)) - raft.server.log.appender.install.snapshot.enabled = false (custom)
2019-10-08 20:34:48,681 [pool-47-thread-1] INFO  server.RaftServerConfigKeys (ConfUtils.java:logGet(43)) - raft.server.rpcslowness.timeout = 120s (custom)
2019-10-08 20:34:48,681 [pool-37-thread-1] INFO  impl.RaftServerImpl (ServerState.java:<init>(103)) - f38d24ff-b8ec-401e-8eaa-834885a42f3b@group-28EB8833D82F: ConfigurationManager, init=-1: [da35d025-f602-4636-9c4c-0df67fcff925:192.168.5.143:43688, f38d24ff-b8ec-401e-8eaa-834885a42f3b:192.168.5.143:44884, f63ed8cc-e2f4-41d9-beda-0901db6921f5:192.168.5.143:33812], old=null, confs=<EMPTY_MAP>
2019-10-08 20:34:48,681 [pool-47-thread-1] INFO  server.RaftServerConfigKeys (ConfUtils.java:logGet(43)) - raft.server.sleep.deviation.threshold = 300 (default)
2019-10-08 20:34:48,681 [pool-47-thread-1] INFO  server.RaftServerConfigKeys (ConfUtils.java:logGet(43)) - raft.server.log.appender.install.snapshot.enabled = false (custom)
2019-10-08 20:34:48,681 [pool-37-thread-1] INFO  server.RaftServerConfigKeys (ConfUtils.java:logGet(43)) - raft.server.storage.dir = [/workdir/hadoop-ozone/integration-test/target/test-dir/MiniOzoneClusterImpl-0085ff61-ee12-43a7-9c52-2492090bedb6/datanode-1/data/ratis] (custom)
2019-10-08 20:34:48,681 [pool-47-thread-1] INFO  impl.RaftServerImpl (ServerState.java:<init>(103)) - da35d025-f602-4636-9c4c-0df67fcff925@group-28EB8833D82F: ConfigurationManager, init=-1: [da35d025-f602-4636-9c4c-0df67fcff925:192.168.5.143:43688, f38d24ff-b8ec-401e-8eaa-834885a42f3b:192.168.5.143:44884, f63ed8cc-e2f4-41d9-beda-0901db6921f5:192.168.5.143:33812], old=null, confs=<EMPTY_MAP>
2019-10-08 20:34:48,682 [pool-47-thread-1] INFO  server.RaftServerConfigKeys (ConfUtils.java:logGet(43)) - raft.server.storage.dir = [/workdir/hadoop-ozone/integration-test/target/test-dir/MiniOzoneClusterImpl-0085ff61-ee12-43a7-9c52-2492090bedb6/datanode-2/data/ratis] (custom)
2019-10-08 20:34:48,682 [pool-37-thread-1] INFO  server.RaftServerConfigKeys (ConfUtils.java:logGet(43)) - raft.server.log.corruption.policy = EXCEPTION (default)
2019-10-08 20:34:48,682 [pool-47-thread-1] INFO  server.RaftServerConfigKeys (ConfUtils.java:logGet(43)) - raft.server.log.corruption.policy = EXCEPTION (default)
2019-10-08 20:34:48,682 [pool-37-thread-1] INFO  storage.RaftStorageDirectory (RaftStorageDirectory.java:analyzeStorage(246)) - The storage directory /workdir/hadoop-ozone/integration-test/target/test-dir/MiniOzoneClusterImpl-0085ff61-ee12-43a7-9c52-2492090bedb6/datanode-1/data/ratis/c484caca-cbbb-40b0-93e1-28eb8833d82f does not exist. Creating ...
2019-10-08 20:34:48,682 [pool-47-thread-1] INFO  storage.RaftStorageDirectory (RaftStorageDirectory.java:analyzeStorage(246)) - The storage directory /workdir/hadoop-ozone/integration-test/target/test-dir/MiniOzoneClusterImpl-0085ff61-ee12-43a7-9c52-2492090bedb6/datanode-2/data/ratis/c484caca-cbbb-40b0-93e1-28eb8833d82f does not exist. Creating ...
2019-10-08 20:34:48,693 [pool-37-thread-1] INFO  storage.RaftStorageDirectory (RaftStorageDirectory.java:tryLock(328)) - Lock on /workdir/hadoop-ozone/integration-test/target/test-dir/MiniOzoneClusterImpl-0085ff61-ee12-43a7-9c52-2492090bedb6/datanode-1/data/ratis/c484caca-cbbb-40b0-93e1-28eb8833d82f/in_use.lock acquired by nodename 1495@pr-hdds-1868-gtwz2-575081100
2019-10-08 20:34:48,693 [pool-27-thread-1] INFO  storage.RaftStorageDirectory (RaftStorageDirectory.java:tryLock(328)) - Lock on /workdir/hadoop-ozone/integration-test/target/test-dir/MiniOzoneClusterImpl-0085ff61-ee12-43a7-9c52-2492090bedb6/datanode-0/data/ratis/c484caca-cbbb-40b0-93e1-28eb8833d82f/in_use.lock acquired by nodename 1495@pr-hdds-1868-gtwz2-575081100
2019-10-08 20:34:48,693 [pool-47-thread-1] INFO  storage.RaftStorageDirectory (RaftStorageDirectory.java:tryLock(328)) - Lock on /workdir/hadoop-ozone/integration-test/target/test-dir/MiniOzoneClusterImpl-0085ff61-ee12-43a7-9c52-2492090bedb6/datanode-2/data/ratis/c484caca-cbbb-40b0-93e1-28eb8833d82f/in_use.lock acquired by nodename 1495@pr-hdds-1868-gtwz2-575081100
2019-10-08 20:34:48,718 [pool-27-thread-1] INFO  storage.RaftStorage (RaftStorage.java:format(84)) - Storage directory /workdir/hadoop-ozone/integration-test/target/test-dir/MiniOzoneClusterImpl-0085ff61-ee12-43a7-9c52-2492090bedb6/datanode-0/data/ratis/c484caca-cbbb-40b0-93e1-28eb8833d82f has been successfully formatted.
2019-10-08 20:34:48,718 [pool-47-thread-1] INFO  storage.RaftStorage (RaftStorage.java:format(84)) - Storage directory /workdir/hadoop-ozone/integration-test/target/test-dir/MiniOzoneClusterImpl-0085ff61-ee12-43a7-9c52-2492090bedb6/datanode-2/data/ratis/c484caca-cbbb-40b0-93e1-28eb8833d82f has been successfully formatted.
2019-10-08 20:34:48,718 [pool-37-thread-1] INFO  storage.RaftStorage (RaftStorage.java:format(84)) - Storage directory /workdir/hadoop-ozone/integration-test/target/test-dir/MiniOzoneClusterImpl-0085ff61-ee12-43a7-9c52-2492090bedb6/datanode-1/data/ratis/c484caca-cbbb-40b0-93e1-28eb8833d82f has been successfully formatted.
2019-10-08 20:34:48,719 [pool-27-thread-1] INFO  ratis.ContainerStateMachine (ContainerStateMachine.java:loadSnapshot(233)) - group-28EB8833D82F: The snapshot info is null. Setting the last applied indexto:(t:0, i:~)
2019-10-08 20:34:48,719 [pool-37-thread-1] INFO  ratis.ContainerStateMachine (ContainerStateMachine.java:loadSnapshot(233)) - group-28EB8833D82F: The snapshot info is null. Setting the last applied indexto:(t:0, i:~)
2019-10-08 20:34:48,719 [pool-47-thread-1] INFO  ratis.ContainerStateMachine (ContainerStateMachine.java:loadSnapshot(233)) - group-28EB8833D82F: The snapshot info is null. Setting the last applied indexto:(t:0, i:~)
2019-10-08 20:34:48,719 [pool-37-thread-1] INFO  server.RaftServerConfigKeys (ConfUtils.java:logGet(43)) - raft.server.notification.no-leader.timeout = 120s (custom)
2019-10-08 20:34:48,719 [pool-27-thread-1] INFO  server.RaftServerConfigKeys (ConfUtils.java:logGet(43)) - raft.server.notification.no-leader.timeout = 120s (custom)
2019-10-08 20:34:48,719 [pool-37-thread-1] INFO  server.RaftServerConfigKeys (ConfUtils.java:logGet(43)) - raft.server.log.use.memory = false (default)
2019-10-08 20:34:48,719 [pool-47-thread-1] INFO  server.RaftServerConfigKeys (ConfUtils.java:logGet(43)) - raft.server.notification.no-leader.timeout = 120s (custom)
2019-10-08 20:34:48,720 [pool-37-thread-1] INFO  server.RaftServerConfigKeys (ConfUtils.java:logGet(43)) - raft.server.log.purge.gap = 1000000 (custom)
2019-10-08 20:34:48,720 [pool-27-thread-1] INFO  server.RaftServerConfigKeys (ConfUtils.java:logGet(43)) - raft.server.log.use.memory = false (default)
2019-10-08 20:34:48,720 [pool-37-thread-1] INFO  server.RaftServerConfigKeys (ConfUtils.java:logGet(43)) - raft.server.log.appender.buffer.byte-limit = 33554432 (custom)
2019-10-08 20:34:48,720 [pool-47-thread-1] INFO  server.RaftServerConfigKeys (ConfUtils.java:logGet(43)) - raft.server.log.use.memory = false (default)
2019-10-08 20:34:48,720 [pool-37-thread-1] INFO  server.RaftServerConfigKeys (ConfUtils.java:logGet(43)) - raft.server.log.segment.size.max = 1048576 (custom)
2019-10-08 20:34:48,720 [pool-27-thread-1] INFO  server.RaftServerConfigKeys (ConfUtils.java:logGet(43)) - raft.server.log.purge.gap = 1000000 (custom)
2019-10-08 20:34:48,721 [pool-37-thread-1] INFO  server.RaftServerConfigKeys (ConfUtils.java:logGet(43)) - raft.server.log.segment.cache.num.max = 2 (custom)
2019-10-08 20:34:48,720 [pool-47-thread-1] INFO  server.RaftServerConfigKeys (ConfUtils.java:logGet(43)) - raft.server.log.purge.gap = 1000000 (custom)
2019-10-08 20:34:48,721 [pool-37-thread-1] INFO  segmented.SegmentedRaftLogWorker (SegmentedRaftLogWorker.java:<init>(173)) - new f38d24ff-b8ec-401e-8eaa-834885a42f3b@group-28EB8833D82F-SegmentedRaftLogWorker for RaftStorage:Storage Directory /workdir/hadoop-ozone/integration-test/target/test-dir/MiniOzoneClusterImpl-0085ff61-ee12-43a7-9c52-2492090bedb6/datanode-1/data/ratis/c484caca-cbbb-40b0-93e1-28eb8833d82f
2019-10-08 20:34:48,721 [pool-27-thread-1] INFO  server.RaftServerConfigKeys (ConfUtils.java:logGet(43)) - raft.server.log.appender.buffer.byte-limit = 33554432 (custom)
2019-10-08 20:34:48,721 [pool-37-thread-1] INFO  server.RaftServerConfigKeys (ConfUtils.java:logGet(43)) - raft.server.log.queue.byte-limit = 2147483647 (custom)
2019-10-08 20:34:48,721 [pool-47-thread-1] INFO  server.RaftServerConfigKeys (ConfUtils.java:logGet(43)) - raft.server.log.appender.buffer.byte-limit = 33554432 (custom)
2019-10-08 20:34:48,721 [pool-37-thread-1] INFO  server.RaftServerConfigKeys (ConfUtils.java:logGet(43)) - raft.server.log.queue.element-limit = 1024 (custom)
2019-10-08 20:34:48,721 [pool-27-thread-1] INFO  server.RaftServerConfigKeys (ConfUtils.java:logGet(43)) - raft.server.log.segment.size.max = 1048576 (custom)
2019-10-08 20:34:48,722 [pool-37-thread-1] INFO  server.RaftServerConfigKeys (ConfUtils.java:logGet(43)) - raft.server.log.segment.size.max = 1048576 (custom)
2019-10-08 20:34:48,722 [pool-47-thread-1] INFO  server.RaftServerConfigKeys (ConfUtils.java:logGet(43)) - raft.server.log.segment.size.max = 1048576 (custom)
2019-10-08 20:34:48,722 [pool-37-thread-1] INFO  server.RaftServerConfigKeys (ConfUtils.java:logGet(43)) - raft.server.log.preallocated.size = 16384 (custom)
2019-10-08 20:34:48,722 [pool-47-thread-1] INFO  server.RaftServerConfigKeys (ConfUtils.java:logGet(43)) - raft.server.log.segment.cache.num.max = 2 (custom)
2019-10-08 20:34:48,722 [pool-27-thread-1] INFO  server.RaftServerConfigKeys (ConfUtils.java:logGet(43)) - raft.server.log.segment.cache.num.max = 2 (custom)
2019-10-08 20:34:48,723 [pool-47-thread-1] INFO  segmented.SegmentedRaftLogWorker (SegmentedRaftLogWorker.java:<init>(173)) - new da35d025-f602-4636-9c4c-0df67fcff925@group-28EB8833D82F-SegmentedRaftLogWorker for RaftStorage:Storage Directory /workdir/hadoop-ozone/integration-test/target/test-dir/MiniOzoneClusterImpl-0085ff61-ee12-43a7-9c52-2492090bedb6/datanode-2/data/ratis/c484caca-cbbb-40b0-93e1-28eb8833d82f
2019-10-08 20:34:48,722 [pool-37-thread-1] INFO  server.RaftServerConfigKeys (ConfUtils.java:logGet(43)) - raft.server.log.write.buffer.size = 33554432 (custom)
2019-10-08 20:34:48,723 [pool-47-thread-1] INFO  server.RaftServerConfigKeys (ConfUtils.java:logGet(43)) - raft.server.log.queue.byte-limit = 2147483647 (custom)
2019-10-08 20:34:48,723 [pool-27-thread-1] INFO  segmented.SegmentedRaftLogWorker (SegmentedRaftLogWorker.java:<init>(173)) - new f63ed8cc-e2f4-41d9-beda-0901db6921f5@group-28EB8833D82F-SegmentedRaftLogWorker for RaftStorage:Storage Directory /workdir/hadoop-ozone/integration-test/target/test-dir/MiniOzoneClusterImpl-0085ff61-ee12-43a7-9c52-2492090bedb6/datanode-0/data/ratis/c484caca-cbbb-40b0-93e1-28eb8833d82f
2019-10-08 20:34:48,723 [pool-47-thread-1] INFO  server.RaftServerConfigKeys (ConfUtils.java:logGet(43)) - raft.server.log.queue.element-limit = 1024 (custom)
2019-10-08 20:34:48,723 [pool-37-thread-1] INFO  server.RaftServerConfigKeys (ConfUtils.java:logGet(43)) - raft.server.log.force.sync.num = 128 (default)
2019-10-08 20:34:48,724 [pool-47-thread-1] INFO  server.RaftServerConfigKeys (ConfUtils.java:logGet(43)) - raft.server.log.segment.size.max = 1048576 (custom)
2019-10-08 20:34:48,723 [pool-27-thread-1] INFO  server.RaftServerConfigKeys (ConfUtils.java:logGet(43)) - raft.server.log.queue.byte-limit = 2147483647 (custom)
2019-10-08 20:34:48,724 [pool-47-thread-1] INFO  server.RaftServerConfigKeys (ConfUtils.java:logGet(43)) - raft.server.log.preallocated.size = 16384 (custom)
2019-10-08 20:34:48,724 [pool-37-thread-1] INFO  server.RaftServerConfigKeys (ConfUtils.java:logGet(43)) - raft.server.log.statemachine.data.sync = true (default)
2019-10-08 20:34:48,724 [pool-47-thread-1] INFO  server.RaftServerConfigKeys (ConfUtils.java:logGet(43)) - raft.server.log.write.buffer.size = 33554432 (custom)
2019-10-08 20:34:48,724 [pool-27-thread-1] INFO  server.RaftServerConfigKeys (ConfUtils.java:logGet(43)) - raft.server.log.queue.element-limit = 1024 (custom)
2019-10-08 20:34:48,725 [pool-47-thread-1] INFO  server.RaftServerConfigKeys (ConfUtils.java:logGet(43)) - raft.server.log.force.sync.num = 128 (default)
2019-10-08 20:34:48,724 [pool-37-thread-1] INFO  server.RaftServerConfigKeys (ConfUtils.java:logGet(43)) - raft.server.log.statemachine.data.sync.timeout = 10s (default)
2019-10-08 20:34:48,725 [pool-47-thread-1] INFO  server.RaftServerConfigKeys (ConfUtils.java:logGet(43)) - raft.server.log.statemachine.data.sync = true (default)
2019-10-08 20:34:48,725 [pool-27-thread-1] INFO  server.RaftServerConfigKeys (ConfUtils.java:logGet(43)) - raft.server.log.segment.size.max = 1048576 (custom)
2019-10-08 20:34:48,725 [pool-47-thread-1] INFO  server.RaftServerConfigKeys (ConfUtils.java:logGet(43)) - raft.server.log.statemachine.data.sync.timeout = 10s (default)
2019-10-08 20:34:48,725 [pool-37-thread-1] INFO  server.RaftServerConfigKeys (ConfUtils.java:logGet(43)) - raft.server.log.statemachine.data.sync.timeout.retry = -1 (default)
2019-10-08 20:34:48,726 [pool-47-thread-1] INFO  server.RaftServerConfigKeys (ConfUtils.java:logGet(43)) - raft.server.log.statemachine.data.sync.timeout.retry = -1 (default)
2019-10-08 20:34:48,725 [pool-27-thread-1] INFO  server.RaftServerConfigKeys (ConfUtils.java:logGet(43)) - raft.server.log.preallocated.size = 16384 (custom)
2019-10-08 20:34:48,726 [pool-37-thread-1] INFO  server.RaftServerConfigKeys (ConfUtils.java:logGet(43)) - raft.server.log.statemachine.data.caching.enabled = true (custom)
2019-10-08 20:34:48,726 [pool-47-thread-1] INFO  server.RaftServerConfigKeys (ConfUtils.java:logGet(43)) - raft.server.log.statemachine.data.caching.enabled = true (custom)
2019-10-08 20:34:48,726 [pool-27-thread-1] INFO  server.RaftServerConfigKeys (ConfUtils.java:logGet(43)) - raft.server.log.write.buffer.size = 33554432 (custom)
2019-10-08 20:34:48,726 [pool-37-thread-1] INFO  segmented.SegmentedRaftLogWorker (SegmentedRaftLogWorker.java:lambda$new$0(128)) - f38d24ff-b8ec-401e-8eaa-834885a42f3b@group-28EB8833D82F-SegmentedRaftLogWorker: flushIndex: setUnconditionally 0 -> -1
2019-10-08 20:34:48,727 [pool-47-thread-1] INFO  segmented.SegmentedRaftLogWorker (SegmentedRaftLogWorker.java:lambda$new$0(128)) - da35d025-f602-4636-9c4c-0df67fcff925@group-28EB8833D82F-SegmentedRaftLogWorker: flushIndex: setUnconditionally 0 -> -1
2019-10-08 20:34:48,727 [pool-27-thread-1] INFO  server.RaftServerConfigKeys (ConfUtils.java:logGet(43)) - raft.server.log.force.sync.num = 128 (default)
2019-10-08 20:34:48,727 [pool-37-thread-1] INFO  server.RaftServerConfigKeys (ConfUtils.java:logGet(43)) - raft.server.snapshot.auto.trigger.enabled = true (custom)
2019-10-08 20:34:48,727 [pool-27-thread-1] INFO  server.RaftServerConfigKeys (ConfUtils.java:logGet(43)) - raft.server.log.statemachine.data.sync = true (default)
2019-10-08 20:34:48,727 [pool-47-thread-1] INFO  server.RaftServerConfigKeys (ConfUtils.java:logGet(43)) - raft.server.snapshot.auto.trigger.enabled = true (custom)
2019-10-08 20:34:48,727 [pool-27-thread-1] INFO  server.RaftServerConfigKeys (ConfUtils.java:logGet(43)) - raft.server.log.statemachine.data.sync.timeout = 10s (default)
2019-10-08 20:34:48,727 [pool-37-thread-1] INFO  server.RaftServerConfigKeys (ConfUtils.java:logGet(43)) - raft.server.snapshot.auto.trigger.threshold = 10000 (custom)
2019-10-08 20:34:48,728 [pool-27-thread-1] INFO  server.RaftServerConfigKeys (ConfUtils.java:logGet(43)) - raft.server.log.statemachine.data.sync.timeout.retry = -1 (default)
2019-10-08 20:34:48,728 [pool-47-thread-1] INFO  server.RaftServerConfigKeys (ConfUtils.java:logGet(43)) - raft.server.snapshot.auto.trigger.threshold = 10000 (custom)
2019-10-08 20:34:48,728 [pool-27-thread-1] INFO  server.RaftServerConfigKeys (ConfUtils.java:logGet(43)) - raft.server.log.statemachine.data.caching.enabled = true (custom)
2019-10-08 20:34:48,728 [pool-37-thread-1] INFO  server.RaftServerConfigKeys (ConfUtils.java:logGet(43)) - raft.server.snapshot.retention.file.num = 5 (custom)
2019-10-08 20:34:48,728 [pool-47-thread-1] INFO  server.RaftServerConfigKeys (ConfUtils.java:logGet(43)) - raft.server.snapshot.retention.file.num = 5 (custom)
2019-10-08 20:34:48,729 [pool-37-thread-1] INFO  server.RaftServerConfigKeys (ConfUtils.java:logGet(43)) - raft.server.retrycache.expirytime = 600000ms (custom)
2019-10-08 20:34:48,729 [pool-27-thread-1] INFO  segmented.SegmentedRaftLogWorker (SegmentedRaftLogWorker.java:lambda$new$0(128)) - f63ed8cc-e2f4-41d9-beda-0901db6921f5@group-28EB8833D82F-SegmentedRaftLogWorker: flushIndex: setUnconditionally 0 -> -1
2019-10-08 20:34:48,729 [pool-47-thread-1] INFO  server.RaftServerConfigKeys (ConfUtils.java:logGet(43)) - raft.server.retrycache.expirytime = 600000ms (custom)
2019-10-08 20:34:48,729 [pool-27-thread-1] INFO  server.RaftServerConfigKeys (ConfUtils.java:logGet(43)) - raft.server.snapshot.auto.trigger.enabled = true (custom)
2019-10-08 20:34:48,729 [pool-27-thread-1] INFO  server.RaftServerConfigKeys (ConfUtils.java:logGet(43)) - raft.server.snapshot.auto.trigger.threshold = 10000 (custom)
2019-10-08 20:34:48,729 [pool-27-thread-1] INFO  server.RaftServerConfigKeys (ConfUtils.java:logGet(43)) - raft.server.snapshot.retention.file.num = 5 (custom)
2019-10-08 20:34:48,730 [pool-27-thread-1] INFO  server.RaftServerConfigKeys (ConfUtils.java:logGet(43)) - raft.server.retrycache.expirytime = 600000ms (custom)
2019-10-08 20:34:48,734 [pool-37-thread-1] INFO  impl.RaftServerImpl (RaftServerImpl.java:start(181)) - f38d24ff-b8ec-401e-8eaa-834885a42f3b@group-28EB8833D82F: start as a follower, conf=-1: [da35d025-f602-4636-9c4c-0df67fcff925:192.168.5.143:43688, f38d24ff-b8ec-401e-8eaa-834885a42f3b:192.168.5.143:44884, f63ed8cc-e2f4-41d9-beda-0901db6921f5:192.168.5.143:33812], old=null
2019-10-08 20:34:48,734 [pool-37-thread-1] INFO  impl.RaftServerImpl (RaftServerImpl.java:setRole(170)) - f38d24ff-b8ec-401e-8eaa-834885a42f3b@group-28EB8833D82F: changes role from      null to FOLLOWER at term 0 for startAsFollower
2019-10-08 20:34:48,734 [pool-37-thread-1] INFO  impl.RoleInfo (RoleInfo.java:updateAndGet(143)) - f38d24ff-b8ec-401e-8eaa-834885a42f3b: start FollowerState
2019-10-08 20:34:48,734 [pool-47-thread-1] INFO  impl.RaftServerImpl (RaftServerImpl.java:start(181)) - da35d025-f602-4636-9c4c-0df67fcff925@group-28EB8833D82F: start as a follower, conf=-1: [da35d025-f602-4636-9c4c-0df67fcff925:192.168.5.143:43688, f38d24ff-b8ec-401e-8eaa-834885a42f3b:192.168.5.143:44884, f63ed8cc-e2f4-41d9-beda-0901db6921f5:192.168.5.143:33812], old=null
2019-10-08 20:34:48,734 [pool-37-thread-1] INFO  util.JmxRegister (JmxRegister.java:tryRegister(44)) - Successfully registered JMX Bean with object name Ratis:service=RaftServer,group=group-28EB8833D82F,id=f38d24ff-b8ec-401e-8eaa-834885a42f3b
2019-10-08 20:34:48,735 [pool-47-thread-1] INFO  impl.RaftServerImpl (RaftServerImpl.java:setRole(170)) - da35d025-f602-4636-9c4c-0df67fcff925@group-28EB8833D82F: changes role from      null to FOLLOWER at term 0 for startAsFollower
2019-10-08 20:34:48,735 [pool-27-thread-1] INFO  impl.RaftServerImpl (RaftServerImpl.java:start(181)) - f63ed8cc-e2f4-41d9-beda-0901db6921f5@group-28EB8833D82F: start as a follower, conf=-1: [da35d025-f602-4636-9c4c-0df67fcff925:192.168.5.143:43688, f38d24ff-b8ec-401e-8eaa-834885a42f3b:192.168.5.143:44884, f63ed8cc-e2f4-41d9-beda-0901db6921f5:192.168.5.143:33812], old=null
2019-10-08 20:34:48,735 [pool-47-thread-1] INFO  impl.RoleInfo (RoleInfo.java:updateAndGet(143)) - da35d025-f602-4636-9c4c-0df67fcff925: start FollowerState
2019-10-08 20:34:48,735 [pool-27-thread-1] INFO  impl.RaftServerImpl (RaftServerImpl.java:setRole(170)) - f63ed8cc-e2f4-41d9-beda-0901db6921f5@group-28EB8833D82F: changes role from      null to FOLLOWER at term 0 for startAsFollower
2019-10-08 20:34:48,735 [pool-47-thread-1] INFO  util.JmxRegister (JmxRegister.java:tryRegister(44)) - Successfully registered JMX Bean with object name Ratis:service=RaftServer,group=group-28EB8833D82F,id=da35d025-f602-4636-9c4c-0df67fcff925
2019-10-08 20:34:48,735 [pool-27-thread-1] INFO  impl.RoleInfo (RoleInfo.java:updateAndGet(143)) - f63ed8cc-e2f4-41d9-beda-0901db6921f5: start FollowerState
2019-10-08 20:34:48,736 [pool-27-thread-1] INFO  util.JmxRegister (JmxRegister.java:tryRegister(44)) - Successfully registered JMX Bean with object name Ratis:service=RaftServer,group=group-28EB8833D82F,id=f63ed8cc-e2f4-41d9-beda-0901db6921f5
2019-10-08 20:34:48,749 [RatisPipelineUtilsThread] INFO  pipeline.PipelineStateManager (PipelineStateManager.java:addPipeline(57)) - Created pipeline Pipeline[ Id: c484caca-cbbb-40b0-93e1-28eb8833d82f, Nodes: da35d025-f602-4636-9c4c-0df67fcff925{ip: 192.168.5.143, host: pr-hdds-1868-gtwz2-575081100, networkLocation: /default-rack, certSerialId: null}f63ed8cc-e2f4-41d9-beda-0901db6921f5{ip: 192.168.5.143, host: pr-hdds-1868-gtwz2-575081100, networkLocation: /default-rack, certSerialId: null}f38d24ff-b8ec-401e-8eaa-834885a42f3b{ip: 192.168.5.143, host: pr-hdds-1868-gtwz2-575081100, networkLocation: /default-rack, certSerialId: null}, Type:RATIS, Factor:THREE, State:ALLOCATED]
2019-10-08 20:34:49,480 [main] INFO  ozone.MiniOzoneClusterImpl (MiniOzoneClusterImpl.java:lambda$waitForClusterToBeReady$2(164)) - Waiting for 4 number of pipelines out of 4, to report a leader.
2019-10-08 20:34:50,481 [main] INFO  ozone.MiniOzoneClusterImpl (MiniOzoneClusterImpl.java:lambda$waitForClusterToBeReady$2(164)) - Waiting for 4 number of pipelines out of 4, to report a leader.
2019-10-08 20:34:51,482 [main] INFO  ozone.MiniOzoneClusterImpl (MiniOzoneClusterImpl.java:lambda$waitForClusterToBeReady$2(164)) - Waiting for 4 number of pipelines out of 4, to report a leader.
2019-10-08 20:34:52,483 [main] INFO  ozone.MiniOzoneClusterImpl (MiniOzoneClusterImpl.java:lambda$waitForClusterToBeReady$2(164)) - Waiting for 4 number of pipelines out of 4, to report a leader.
2019-10-08 20:34:53,484 [main] INFO  ozone.MiniOzoneClusterImpl (MiniOzoneClusterImpl.java:lambda$waitForClusterToBeReady$2(164)) - Waiting for 4 number of pipelines out of 4, to report a leader.
2019-10-08 20:34:53,489 [Thread-200] INFO  impl.FollowerState (FollowerState.java:run(108)) - f38d24ff-b8ec-401e-8eaa-834885a42f3b@group-8D8DB61C6852-FollowerState: change to CANDIDATE, lastRpcTime:5123ms, electionTimeout:5123ms
2019-10-08 20:34:53,494 [Thread-200] INFO  impl.RoleInfo (RoleInfo.java:shutdownFollowerState(121)) - f38d24ff-b8ec-401e-8eaa-834885a42f3b: shutdown FollowerState
2019-10-08 20:34:53,494 [Thread-200] INFO  impl.RaftServerImpl (RaftServerImpl.java:setRole(170)) - f38d24ff-b8ec-401e-8eaa-834885a42f3b@group-8D8DB61C6852: changes role from  FOLLOWER to CANDIDATE at term 0 for changeToCandidate
2019-10-08 20:34:53,501 [Thread-200] INFO  impl.RoleInfo (RoleInfo.java:updateAndGet(143)) - f38d24ff-b8ec-401e-8eaa-834885a42f3b: start LeaderElection
2019-10-08 20:34:53,514 [Thread-204] INFO  impl.FollowerState (FollowerState.java:run(108)) - da35d025-f602-4636-9c4c-0df67fcff925@group-E7CAB2B64B3E-FollowerState: change to CANDIDATE, lastRpcTime:5049ms, electionTimeout:5049ms
2019-10-08 20:34:53,514 [Thread-204] INFO  impl.RoleInfo (RoleInfo.java:shutdownFollowerState(121)) - da35d025-f602-4636-9c4c-0df67fcff925: shutdown FollowerState
2019-10-08 20:34:53,514 [Thread-204] INFO  impl.RaftServerImpl (RaftServerImpl.java:setRole(170)) - da35d025-f602-4636-9c4c-0df67fcff925@group-E7CAB2B64B3E: changes role from  FOLLOWER to CANDIDATE at term 0 for changeToCandidate
2019-10-08 20:34:53,515 [Thread-204] INFO  impl.RoleInfo (RoleInfo.java:updateAndGet(143)) - da35d025-f602-4636-9c4c-0df67fcff925: start LeaderElection
2019-10-08 20:34:53,550 [f38d24ff-b8ec-401e-8eaa-834885a42f3b@group-8D8DB61C6852-LeaderElection1] INFO  impl.LeaderElection (LeaderElection.java:askForVotes(178)) - f38d24ff-b8ec-401e-8eaa-834885a42f3b@group-8D8DB61C6852-LeaderElection1: begin an election at term 1 for -1: [f38d24ff-b8ec-401e-8eaa-834885a42f3b:192.168.5.143:44884], old=null
2019-10-08 20:34:53,552 [f38d24ff-b8ec-401e-8eaa-834885a42f3b@group-8D8DB61C6852-LeaderElection1] INFO  impl.RoleInfo (RoleInfo.java:shutdownLeaderElection(134)) - f38d24ff-b8ec-401e-8eaa-834885a42f3b: shutdown LeaderElection
2019-10-08 20:34:53,553 [f38d24ff-b8ec-401e-8eaa-834885a42f3b@group-8D8DB61C6852-LeaderElection1] INFO  impl.RaftServerImpl (RaftServerImpl.java:setRole(170)) - f38d24ff-b8ec-401e-8eaa-834885a42f3b@group-8D8DB61C6852: changes role from CANDIDATE to LEADER at term 1 for changeToLeader
2019-10-08 20:34:53,554 [f38d24ff-b8ec-401e-8eaa-834885a42f3b@group-8D8DB61C6852-LeaderElection1] INFO  ratis.XceiverServerRatis (XceiverServerRatis.java:handleLeaderChangedNotification(702)) - Leader change notification received for group: group-8D8DB61C6852 with new leaderId: f38d24ff-b8ec-401e-8eaa-834885a42f3b
2019-10-08 20:34:53,560 [f38d24ff-b8ec-401e-8eaa-834885a42f3b@group-8D8DB61C6852-LeaderElection1] INFO  impl.RaftServerImpl (ServerState.java:setLeader(255)) - f38d24ff-b8ec-401e-8eaa-834885a42f3b@group-8D8DB61C6852: change Leader from null to f38d24ff-b8ec-401e-8eaa-834885a42f3b at term 1 for becomeLeader, leader elected after 5198ms
2019-10-08 20:34:53,567 [f38d24ff-b8ec-401e-8eaa-834885a42f3b@group-8D8DB61C6852-LeaderElection1] INFO  server.RaftServerConfigKeys (ConfUtils.java:logGet(43)) - raft.server.staging.catchup.gap = 1000 (default)
2019-10-08 20:34:53,567 [f38d24ff-b8ec-401e-8eaa-834885a42f3b@group-8D8DB61C6852-LeaderElection1] INFO  server.RaftServerConfigKeys (ConfUtils.java:logGet(43)) - raft.server.rpc.sleep.time = 25ms (default)
2019-10-08 20:34:53,571 [da35d025-f602-4636-9c4c-0df67fcff925@group-E7CAB2B64B3E-LeaderElection2] INFO  impl.LeaderElection (LeaderElection.java:askForVotes(178)) - da35d025-f602-4636-9c4c-0df67fcff925@group-E7CAB2B64B3E-LeaderElection2: begin an election at term 1 for -1: [da35d025-f602-4636-9c4c-0df67fcff925:192.168.5.143:43688], old=null
2019-10-08 20:34:53,573 [da35d025-f602-4636-9c4c-0df67fcff925@group-E7CAB2B64B3E-LeaderElection2] INFO  impl.RoleInfo (RoleInfo.java:shutdownLeaderElection(134)) - da35d025-f602-4636-9c4c-0df67fcff925: shutdown LeaderElection
2019-10-08 20:34:53,573 [da35d025-f602-4636-9c4c-0df67fcff925@group-E7CAB2B64B3E-LeaderElection2] INFO  impl.RaftServerImpl (RaftServerImpl.java:setRole(170)) - da35d025-f602-4636-9c4c-0df67fcff925@group-E7CAB2B64B3E: changes role from CANDIDATE to LEADER at term 1 for changeToLeader
2019-10-08 20:34:53,573 [da35d025-f602-4636-9c4c-0df67fcff925@group-E7CAB2B64B3E-LeaderElection2] INFO  ratis.XceiverServerRatis (XceiverServerRatis.java:handleLeaderChangedNotification(702)) - Leader change notification received for group: group-E7CAB2B64B3E with new leaderId: da35d025-f602-4636-9c4c-0df67fcff925
2019-10-08 20:34:53,575 [da35d025-f602-4636-9c4c-0df67fcff925@group-E7CAB2B64B3E-LeaderElection2] INFO  impl.RaftServerImpl (ServerState.java:setLeader(255)) - da35d025-f602-4636-9c4c-0df67fcff925@group-E7CAB2B64B3E: change Leader from null to da35d025-f602-4636-9c4c-0df67fcff925 at term 1 for becomeLeader, leader elected after 5118ms
2019-10-08 20:34:53,575 [da35d025-f602-4636-9c4c-0df67fcff925@group-E7CAB2B64B3E-LeaderElection2] INFO  server.RaftServerConfigKeys (ConfUtils.java:logGet(43)) - raft.server.staging.catchup.gap = 1000 (default)
2019-10-08 20:34:53,575 [f38d24ff-b8ec-401e-8eaa-834885a42f3b@group-8D8DB61C6852-LeaderElection1] INFO  server.RaftServerConfigKeys (ConfUtils.java:logGet(43)) - raft.server.write.element-limit = 4096 (default)
2019-10-08 20:34:53,575 [da35d025-f602-4636-9c4c-0df67fcff925@group-E7CAB2B64B3E-LeaderElection2] INFO  server.RaftServerConfigKeys (ConfUtils.java:logGet(43)) - raft.server.rpc.sleep.time = 25ms (default)
2019-10-08 20:34:53,577 [da35d025-f602-4636-9c4c-0df67fcff925@group-E7CAB2B64B3E-LeaderElection2] INFO  server.RaftServerConfigKeys (ConfUtils.java:logGet(43)) - raft.server.write.element-limit = 4096 (default)
2019-10-08 20:34:53,580 [da35d025-f602-4636-9c4c-0df67fcff925@group-E7CAB2B64B3E-LeaderElection2] INFO  server.RaftServerConfigKeys (ConfUtils.java:logGet(43)) - raft.server.watch.timeout = 10s (default)
2019-10-08 20:34:53,580 [f38d24ff-b8ec-401e-8eaa-834885a42f3b@group-8D8DB61C6852-LeaderElection1] INFO  server.RaftServerConfigKeys (ConfUtils.java:logGet(43)) - raft.server.watch.timeout = 10s (default)
2019-10-08 20:34:53,580 [da35d025-f602-4636-9c4c-0df67fcff925@group-E7CAB2B64B3E-LeaderElection2] INFO  server.RaftServerConfigKeys (ConfUtils.java:logGet(43)) - raft.server.watch.timeout.denomination = 1s (default)
2019-10-08 20:34:53,581 [f38d24ff-b8ec-401e-8eaa-834885a42f3b@group-8D8DB61C6852-LeaderElection1] INFO  server.RaftServerConfigKeys (ConfUtils.java:logGet(43)) - raft.server.watch.timeout.denomination = 1s (default)
2019-10-08 20:34:53,582 [da35d025-f602-4636-9c4c-0df67fcff925@group-E7CAB2B64B3E-LeaderElection2] INFO  server.RaftServerConfigKeys (ConfUtils.java:logGet(43)) - raft.server.watch.element-limit = 65536 (default)
2019-10-08 20:34:53,582 [f38d24ff-b8ec-401e-8eaa-834885a42f3b@group-8D8DB61C6852-LeaderElection1] INFO  server.RaftServerConfigKeys (ConfUtils.java:logGet(43)) - raft.server.watch.element-limit = 65536 (default)
2019-10-08 20:34:53,593 [EventQueue-PipelineReportForPipelineReportHandler] INFO  pipeline.PipelineReportHandler (PipelineReportHandler.java:processPipelineReport(121)) - Pipeline PipelineID=c484caca-cbbb-40b0-93e1-28eb8833d82f reported by f38d24ff-b8ec-401e-8eaa-834885a42f3b{ip: 192.168.5.143, host: pr-hdds-1868-gtwz2-575081100, networkLocation: /default-rack, certSerialId: null} with leaderId 
2019-10-08 20:34:53,594 [EventQueue-PipelineReportForPipelineReportHandler] INFO  pipeline.PipelineReportHandler (PipelineReportHandler.java:processPipelineReport(121)) - Pipeline PipelineID=f0e9b1e1-958b-4840-9b2a-8d8db61c6852 reported by f38d24ff-b8ec-401e-8eaa-834885a42f3b{ip: 192.168.5.143, host: pr-hdds-1868-gtwz2-575081100, networkLocation: /default-rack, certSerialId: null} with leaderId f38d24ff-b8ec-401e-8eaa-834885a42f3b
2019-10-08 20:34:53,599 [EventQueue-PipelineReportForPipelineReportHandler] INFO  pipeline.PipelineStateManager (PipelineStateManager.java:openPipeline(136)) - Pipeline Pipeline[ Id: f0e9b1e1-958b-4840-9b2a-8d8db61c6852, Nodes: f38d24ff-b8ec-401e-8eaa-834885a42f3b{ip: 192.168.5.143, host: pr-hdds-1868-gtwz2-575081100, networkLocation: /default-rack, certSerialId: null}, Type:RATIS, Factor:ONE, State:OPEN] moved to OPEN state
2019-10-08 20:34:53,600 [EventQueue-PipelineReportForPipelineReportHandler] INFO  pipeline.PipelineReportHandler (PipelineReportHandler.java:processPipelineReport(121)) - Pipeline PipelineID=c484caca-cbbb-40b0-93e1-28eb8833d82f reported by da35d025-f602-4636-9c4c-0df67fcff925{ip: 192.168.5.143, host: pr-hdds-1868-gtwz2-575081100, networkLocation: /default-rack, certSerialId: null} with leaderId 
2019-10-08 20:34:53,600 [EventQueue-PipelineReportForPipelineReportHandler] INFO  pipeline.PipelineReportHandler (PipelineReportHandler.java:processPipelineReport(121)) - Pipeline PipelineID=3b91e564-ec12-4cdd-b557-e7cab2b64b3e reported by da35d025-f602-4636-9c4c-0df67fcff925{ip: 192.168.5.143, host: pr-hdds-1868-gtwz2-575081100, networkLocation: /default-rack, certSerialId: null} with leaderId da35d025-f602-4636-9c4c-0df67fcff925
2019-10-08 20:34:53,600 [EventQueue-PipelineReportForPipelineReportHandler] INFO  pipeline.PipelineStateManager (PipelineStateManager.java:openPipeline(136)) - Pipeline Pipeline[ Id: 3b91e564-ec12-4cdd-b557-e7cab2b64b3e, Nodes: da35d025-f602-4636-9c4c-0df67fcff925{ip: 192.168.5.143, host: pr-hdds-1868-gtwz2-575081100, networkLocation: /default-rack, certSerialId: null}, Type:RATIS, Factor:ONE, State:OPEN] moved to OPEN state
2019-10-08 20:34:53,607 [da35d025-f602-4636-9c4c-0df67fcff925@group-E7CAB2B64B3E-LeaderElection2] INFO  impl.RoleInfo (RoleInfo.java:updateAndGet(143)) - da35d025-f602-4636-9c4c-0df67fcff925: start LeaderState
2019-10-08 20:34:53,607 [f38d24ff-b8ec-401e-8eaa-834885a42f3b@group-8D8DB61C6852-LeaderElection1] INFO  impl.RoleInfo (RoleInfo.java:updateAndGet(143)) - f38d24ff-b8ec-401e-8eaa-834885a42f3b: start LeaderState
2019-10-08 20:34:53,617 [Thread-208] INFO  impl.FollowerState (FollowerState.java:run(108)) - f63ed8cc-e2f4-41d9-beda-0901db6921f5@group-41B4ED426890-FollowerState: change to CANDIDATE, lastRpcTime:5055ms, electionTimeout:5055ms
2019-10-08 20:34:53,617 [Thread-208] INFO  impl.RoleInfo (RoleInfo.java:shutdownFollowerState(121)) - f63ed8cc-e2f4-41d9-beda-0901db6921f5: shutdown FollowerState
2019-10-08 20:34:53,617 [Thread-208] INFO  impl.RaftServerImpl (RaftServerImpl.java:setRole(170)) - f63ed8cc-e2f4-41d9-beda-0901db6921f5@group-41B4ED426890: changes role from  FOLLOWER to CANDIDATE at term 0 for changeToCandidate
2019-10-08 20:34:53,617 [Thread-208] INFO  impl.RoleInfo (RoleInfo.java:updateAndGet(143)) - f63ed8cc-e2f4-41d9-beda-0901db6921f5: start LeaderElection
2019-10-08 20:34:53,630 [f63ed8cc-e2f4-41d9-beda-0901db6921f5@group-41B4ED426890-LeaderElection3] INFO  impl.LeaderElection (LeaderElection.java:askForVotes(178)) - f63ed8cc-e2f4-41d9-beda-0901db6921f5@group-41B4ED426890-LeaderElection3: begin an election at term 1 for -1: [f63ed8cc-e2f4-41d9-beda-0901db6921f5:192.168.5.143:33812], old=null
2019-10-08 20:34:53,630 [f63ed8cc-e2f4-41d9-beda-0901db6921f5@group-41B4ED426890-LeaderElection3] INFO  impl.RoleInfo (RoleInfo.java:shutdownLeaderElection(134)) - f63ed8cc-e2f4-41d9-beda-0901db6921f5: shutdown LeaderElection
2019-10-08 20:34:53,631 [f63ed8cc-e2f4-41d9-beda-0901db6921f5@group-41B4ED426890-LeaderElection3] INFO  impl.RaftServerImpl (RaftServerImpl.java:setRole(170)) - f63ed8cc-e2f4-41d9-beda-0901db6921f5@group-41B4ED426890: changes role from CANDIDATE to LEADER at term 1 for changeToLeader
2019-10-08 20:34:53,632 [f63ed8cc-e2f4-41d9-beda-0901db6921f5@group-41B4ED426890-LeaderElection3] INFO  ratis.XceiverServerRatis (XceiverServerRatis.java:handleLeaderChangedNotification(702)) - Leader change notification received for group: group-41B4ED426890 with new leaderId: f63ed8cc-e2f4-41d9-beda-0901db6921f5
2019-10-08 20:34:53,633 [f63ed8cc-e2f4-41d9-beda-0901db6921f5@group-41B4ED426890-LeaderElection3] INFO  impl.RaftServerImpl (ServerState.java:setLeader(255)) - f63ed8cc-e2f4-41d9-beda-0901db6921f5@group-41B4ED426890: change Leader from null to f63ed8cc-e2f4-41d9-beda-0901db6921f5 at term 1 for becomeLeader, leader elected after 5079ms
2019-10-08 20:34:53,633 [f63ed8cc-e2f4-41d9-beda-0901db6921f5@group-41B4ED426890-LeaderElection3] INFO  server.RaftServerConfigKeys (ConfUtils.java:logGet(43)) - raft.server.staging.catchup.gap = 1000 (default)
2019-10-08 20:34:53,633 [f63ed8cc-e2f4-41d9-beda-0901db6921f5@group-41B4ED426890-LeaderElection3] INFO  server.RaftServerConfigKeys (ConfUtils.java:logGet(43)) - raft.server.rpc.sleep.time = 25ms (default)
2019-10-08 20:34:53,634 [f63ed8cc-e2f4-41d9-beda-0901db6921f5@group-41B4ED426890-LeaderElection3] INFO  server.RaftServerConfigKeys (ConfUtils.java:logGet(43)) - raft.server.write.element-limit = 4096 (default)
2019-10-08 20:34:53,634 [f63ed8cc-e2f4-41d9-beda-0901db6921f5@group-41B4ED426890-LeaderElection3] INFO  server.RaftServerConfigKeys (ConfUtils.java:logGet(43)) - raft.server.watch.timeout = 10s (default)
2019-10-08 20:34:53,635 [f63ed8cc-e2f4-41d9-beda-0901db6921f5@group-41B4ED426890-LeaderElection3] INFO  server.RaftServerConfigKeys (ConfUtils.java:logGet(43)) - raft.server.watch.timeout.denomination = 1s (default)
2019-10-08 20:34:53,635 [f63ed8cc-e2f4-41d9-beda-0901db6921f5@group-41B4ED426890-LeaderElection3] INFO  server.RaftServerConfigKeys (ConfUtils.java:logGet(43)) - raft.server.watch.element-limit = 65536 (default)
2019-10-08 20:34:53,635 [da35d025-f602-4636-9c4c-0df67fcff925@group-E7CAB2B64B3E-LeaderElection2] INFO  segmented.SegmentedRaftLogWorker (SegmentedRaftLogWorker.java:startLogSegment(385)) - da35d025-f602-4636-9c4c-0df67fcff925@group-E7CAB2B64B3E-SegmentedRaftLogWorker: Starting segment from index:0
2019-10-08 20:34:53,635 [f38d24ff-b8ec-401e-8eaa-834885a42f3b@group-8D8DB61C6852-LeaderElection1] INFO  segmented.SegmentedRaftLogWorker (SegmentedRaftLogWorker.java:startLogSegment(385)) - f38d24ff-b8ec-401e-8eaa-834885a42f3b@group-8D8DB61C6852-SegmentedRaftLogWorker: Starting segment from index:0
2019-10-08 20:34:53,635 [EventQueue-PipelineReportForPipelineReportHandler] INFO  pipeline.PipelineReportHandler (PipelineReportHandler.java:processPipelineReport(121)) - Pipeline PipelineID=f74e00f1-f20b-4f5e-8b2d-41b4ed426890 reported by f63ed8cc-e2f4-41d9-beda-0901db6921f5{ip: 192.168.5.143, host: pr-hdds-1868-gtwz2-575081100, networkLocation: /default-rack, certSerialId: null} with leaderId f63ed8cc-e2f4-41d9-beda-0901db6921f5
2019-10-08 20:34:53,636 [EventQueue-PipelineReportForPipelineReportHandler] INFO  pipeline.PipelineStateManager (PipelineStateManager.java:openPipeline(136)) - Pipeline Pipeline[ Id: f74e00f1-f20b-4f5e-8b2d-41b4ed426890, Nodes: f63ed8cc-e2f4-41d9-beda-0901db6921f5{ip: 192.168.5.143, host: pr-hdds-1868-gtwz2-575081100, networkLocation: /default-rack, certSerialId: null}, Type:RATIS, Factor:ONE, State:OPEN] moved to OPEN state
2019-10-08 20:34:53,637 [EventQueue-PipelineReportForPipelineReportHandler] INFO  pipeline.PipelineReportHandler (PipelineReportHandler.java:processPipelineReport(121)) - Pipeline PipelineID=c484caca-cbbb-40b0-93e1-28eb8833d82f reported by f63ed8cc-e2f4-41d9-beda-0901db6921f5{ip: 192.168.5.143, host: pr-hdds-1868-gtwz2-575081100, networkLocation: /default-rack, certSerialId: null} with leaderId 
2019-10-08 20:34:53,637 [EventQueue-PipelineReportForPipelineReportHandler] INFO  pipeline.PipelineStateManager (PipelineStateManager.java:openPipeline(136)) - Pipeline Pipeline[ Id: c484caca-cbbb-40b0-93e1-28eb8833d82f, Nodes: da35d025-f602-4636-9c4c-0df67fcff925{ip: 192.168.5.143, host: pr-hdds-1868-gtwz2-575081100, networkLocation: /default-rack, certSerialId: null}f63ed8cc-e2f4-41d9-beda-0901db6921f5{ip: 192.168.5.143, host: pr-hdds-1868-gtwz2-575081100, networkLocation: /default-rack, certSerialId: null}f38d24ff-b8ec-401e-8eaa-834885a42f3b{ip: 192.168.5.143, host: pr-hdds-1868-gtwz2-575081100, networkLocation: /default-rack, certSerialId: null}, Type:RATIS, Factor:THREE, State:OPEN] moved to OPEN state
2019-10-08 20:34:53,638 [f63ed8cc-e2f4-41d9-beda-0901db6921f5@group-41B4ED426890-LeaderElection3] INFO  impl.RoleInfo (RoleInfo.java:updateAndGet(143)) - f63ed8cc-e2f4-41d9-beda-0901db6921f5: start LeaderState
2019-10-08 20:34:53,639 [f63ed8cc-e2f4-41d9-beda-0901db6921f5@group-41B4ED426890-LeaderElection3] INFO  segmented.SegmentedRaftLogWorker (SegmentedRaftLogWorker.java:startLogSegment(385)) - f63ed8cc-e2f4-41d9-beda-0901db6921f5@group-41B4ED426890-SegmentedRaftLogWorker: Starting segment from index:0
2019-10-08 20:34:53,647 [f63ed8cc-e2f4-41d9-beda-0901db6921f5@group-41B4ED426890-LeaderElection3] INFO  impl.RaftServerImpl (ServerState.java:setRaftConf(356)) - f63ed8cc-e2f4-41d9-beda-0901db6921f5@group-41B4ED426890: set configuration 0: [f63ed8cc-e2f4-41d9-beda-0901db6921f5:192.168.5.143:33812], old=null at 0
2019-10-08 20:34:53,647 [f38d24ff-b8ec-401e-8eaa-834885a42f3b@group-8D8DB61C6852-LeaderElection1] INFO  impl.RaftServerImpl (ServerState.java:setRaftConf(356)) - f38d24ff-b8ec-401e-8eaa-834885a42f3b@group-8D8DB61C6852: set configuration 0: [f38d24ff-b8ec-401e-8eaa-834885a42f3b:192.168.5.143:44884], old=null at 0
2019-10-08 20:34:53,647 [da35d025-f602-4636-9c4c-0df67fcff925@group-E7CAB2B64B3E-LeaderElection2] INFO  impl.RaftServerImpl (ServerState.java:setRaftConf(356)) - da35d025-f602-4636-9c4c-0df67fcff925@group-E7CAB2B64B3E: set configuration 0: [da35d025-f602-4636-9c4c-0df67fcff925:192.168.5.143:43688], old=null at 0
2019-10-08 20:34:53,757 [Thread-216] INFO  impl.FollowerState (FollowerState.java:run(108)) - f38d24ff-b8ec-401e-8eaa-834885a42f3b@group-28EB8833D82F-FollowerState: change to CANDIDATE, lastRpcTime:5022ms, electionTimeout:5022ms
2019-10-08 20:34:53,757 [Thread-216] INFO  impl.RoleInfo (RoleInfo.java:shutdownFollowerState(121)) - f38d24ff-b8ec-401e-8eaa-834885a42f3b: shutdown FollowerState
2019-10-08 20:34:53,757 [Thread-216] INFO  impl.RaftServerImpl (RaftServerImpl.java:setRole(170)) - f38d24ff-b8ec-401e-8eaa-834885a42f3b@group-28EB8833D82F: changes role from  FOLLOWER to CANDIDATE at term 0 for changeToCandidate
2019-10-08 20:34:53,758 [Thread-216] INFO  impl.RoleInfo (RoleInfo.java:updateAndGet(143)) - f38d24ff-b8ec-401e-8eaa-834885a42f3b: start LeaderElection
2019-10-08 20:34:53,774 [f38d24ff-b8ec-401e-8eaa-834885a42f3b@group-28EB8833D82F-LeaderElection4] INFO  impl.LeaderElection (LeaderElection.java:askForVotes(178)) - f38d24ff-b8ec-401e-8eaa-834885a42f3b@group-28EB8833D82F-LeaderElection4: begin an election at term 1 for -1: [da35d025-f602-4636-9c4c-0df67fcff925:192.168.5.143:43688, f38d24ff-b8ec-401e-8eaa-834885a42f3b:192.168.5.143:44884, f63ed8cc-e2f4-41d9-beda-0901db6921f5:192.168.5.143:33812], old=null
2019-10-08 20:34:53,796 [Thread-217] INFO  impl.FollowerState (FollowerState.java:run(108)) - da35d025-f602-4636-9c4c-0df67fcff925@group-28EB8833D82F-FollowerState: change to CANDIDATE, lastRpcTime:5060ms, electionTimeout:5060ms
2019-10-08 20:34:53,796 [Thread-217] INFO  impl.RoleInfo (RoleInfo.java:shutdownFollowerState(121)) - da35d025-f602-4636-9c4c-0df67fcff925: shutdown FollowerState
2019-10-08 20:34:53,796 [Thread-217] INFO  impl.RaftServerImpl (RaftServerImpl.java:setRole(170)) - da35d025-f602-4636-9c4c-0df67fcff925@group-28EB8833D82F: changes role from  FOLLOWER to CANDIDATE at term 0 for changeToCandidate
2019-10-08 20:34:53,796 [Thread-217] INFO  impl.RoleInfo (RoleInfo.java:updateAndGet(143)) - da35d025-f602-4636-9c4c-0df67fcff925: start LeaderElection
2019-10-08 20:34:53,809 [grpc-default-executor-0] INFO  impl.RaftServerImpl (RaftServerImpl.java:setRole(170)) - f63ed8cc-e2f4-41d9-beda-0901db6921f5@group-28EB8833D82F: changes role from  FOLLOWER to FOLLOWER at term 1 for recognizeCandidate:f38d24ff-b8ec-401e-8eaa-834885a42f3b
2019-10-08 20:34:53,810 [grpc-default-executor-0] INFO  impl.RoleInfo (RoleInfo.java:shutdownFollowerState(121)) - f63ed8cc-e2f4-41d9-beda-0901db6921f5: shutdown FollowerState
2019-10-08 20:34:53,810 [Thread-218] INFO  impl.FollowerState (FollowerState.java:run(117)) - f63ed8cc-e2f4-41d9-beda-0901db6921f5@group-28EB8833D82F-FollowerState was interrupted: java.lang.InterruptedException: sleep interrupted
2019-10-08 20:34:53,810 [grpc-default-executor-0] INFO  impl.RoleInfo (RoleInfo.java:updateAndGet(143)) - f63ed8cc-e2f4-41d9-beda-0901db6921f5: start FollowerState
2019-10-08 20:34:53,819 [da35d025-f602-4636-9c4c-0df67fcff925@group-28EB8833D82F-LeaderElection5] INFO  impl.LeaderElection (LeaderElection.java:askForVotes(178)) - da35d025-f602-4636-9c4c-0df67fcff925@group-28EB8833D82F-LeaderElection5: begin an election at term 1 for -1: [da35d025-f602-4636-9c4c-0df67fcff925:192.168.5.143:43688, f38d24ff-b8ec-401e-8eaa-834885a42f3b:192.168.5.143:44884, f63ed8cc-e2f4-41d9-beda-0901db6921f5:192.168.5.143:33812], old=null
2019-10-08 20:34:53,834 [f38d24ff-b8ec-401e-8eaa-834885a42f3b@group-28EB8833D82F-LeaderElection4] INFO  impl.LeaderElection (LeaderElection.java:logAndReturn(56)) - f38d24ff-b8ec-401e-8eaa-834885a42f3b@group-28EB8833D82F-LeaderElection4: Election PASSED; received 2 response(s) [f38d24ff-b8ec-401e-8eaa-834885a42f3b<-da35d025-f602-4636-9c4c-0df67fcff925#0:FAIL-t1, f38d24ff-b8ec-401e-8eaa-834885a42f3b<-f63ed8cc-e2f4-41d9-beda-0901db6921f5#0:OK-t1] and 0 exception(s); f38d24ff-b8ec-401e-8eaa-834885a42f3b@group-28EB8833D82F:t1, leader=null, voted=f38d24ff-b8ec-401e-8eaa-834885a42f3b, raftlog=f38d24ff-b8ec-401e-8eaa-834885a42f3b@group-28EB8833D82F-SegmentedRaftLog:OPENED:c-1,f-1,i0, conf=-1: [da35d025-f602-4636-9c4c-0df67fcff925:192.168.5.143:43688, f38d24ff-b8ec-401e-8eaa-834885a42f3b:192.168.5.143:44884, f63ed8cc-e2f4-41d9-beda-0901db6921f5:192.168.5.143:33812], old=null
2019-10-08 20:34:53,834 [f38d24ff-b8ec-401e-8eaa-834885a42f3b@group-28EB8833D82F-LeaderElection4] INFO  impl.RoleInfo (RoleInfo.java:shutdownLeaderElection(134)) - f38d24ff-b8ec-401e-8eaa-834885a42f3b: shutdown LeaderElection
2019-10-08 20:34:53,836 [f38d24ff-b8ec-401e-8eaa-834885a42f3b@group-28EB8833D82F-LeaderElection4] INFO  impl.RaftServerImpl (RaftServerImpl.java:setRole(170)) - f38d24ff-b8ec-401e-8eaa-834885a42f3b@group-28EB8833D82F: changes role from CANDIDATE to LEADER at term 1 for changeToLeader
2019-10-08 20:34:53,837 [f38d24ff-b8ec-401e-8eaa-834885a42f3b@group-28EB8833D82F-LeaderElection4] INFO  ratis.XceiverServerRatis (XceiverServerRatis.java:handleLeaderChangedNotification(702)) - Leader change notification received for group: group-28EB8833D82F with new leaderId: f38d24ff-b8ec-401e-8eaa-834885a42f3b
2019-10-08 20:34:53,838 [f38d24ff-b8ec-401e-8eaa-834885a42f3b@group-28EB8833D82F-LeaderElection4] INFO  impl.RaftServerImpl (ServerState.java:setLeader(255)) - f38d24ff-b8ec-401e-8eaa-834885a42f3b@group-28EB8833D82F: change Leader from null to f38d24ff-b8ec-401e-8eaa-834885a42f3b at term 1 for becomeLeader, leader elected after 5117ms
2019-10-08 20:34:53,838 [f38d24ff-b8ec-401e-8eaa-834885a42f3b@group-28EB8833D82F-LeaderElection4] INFO  server.RaftServerConfigKeys (ConfUtils.java:logGet(43)) - raft.server.staging.catchup.gap = 1000 (default)
2019-10-08 20:34:53,838 [f38d24ff-b8ec-401e-8eaa-834885a42f3b@group-28EB8833D82F-LeaderElection4] INFO  server.RaftServerConfigKeys (ConfUtils.java:logGet(43)) - raft.server.rpc.sleep.time = 25ms (default)
2019-10-08 20:34:53,839 [f38d24ff-b8ec-401e-8eaa-834885a42f3b@group-28EB8833D82F-LeaderElection4] INFO  server.RaftServerConfigKeys (ConfUtils.java:logGet(43)) - raft.server.write.element-limit = 4096 (default)
2019-10-08 20:34:53,841 [f38d24ff-b8ec-401e-8eaa-834885a42f3b@group-28EB8833D82F-LeaderElection4] INFO  server.RaftServerConfigKeys (ConfUtils.java:logGet(43)) - raft.server.watch.timeout = 10s (default)
2019-10-08 20:34:53,841 [f38d24ff-b8ec-401e-8eaa-834885a42f3b@group-28EB8833D82F-LeaderElection4] INFO  server.RaftServerConfigKeys (ConfUtils.java:logGet(43)) - raft.server.watch.timeout.denomination = 1s (default)
2019-10-08 20:34:53,841 [f38d24ff-b8ec-401e-8eaa-834885a42f3b@group-28EB8833D82F-LeaderElection4] INFO  server.RaftServerConfigKeys (ConfUtils.java:logGet(43)) - raft.server.watch.element-limit = 65536 (default)
2019-10-08 20:34:53,889 [f38d24ff-b8ec-401e-8eaa-834885a42f3b@group-28EB8833D82F-LeaderElection4] INFO  server.RaftServerConfigKeys (ConfUtils.java:logGet(43)) - raft.server.log.appender.snapshot.chunk.size.max = 16MB (=16777216) (default)
2019-10-08 20:34:53,890 [f38d24ff-b8ec-401e-8eaa-834885a42f3b@group-28EB8833D82F-LeaderElection4] INFO  server.RaftServerConfigKeys (ConfUtils.java:logGet(43)) - raft.server.log.appender.buffer.byte-limit = 33554432 (custom)
2019-10-08 20:34:53,890 [f38d24ff-b8ec-401e-8eaa-834885a42f3b@group-28EB8833D82F-LeaderElection4] INFO  server.RaftServerConfigKeys (ConfUtils.java:logGet(43)) - raft.server.log.appender.buffer.element-limit = 1 (custom)
2019-10-08 20:34:53,895 [f38d24ff-b8ec-401e-8eaa-834885a42f3b@group-28EB8833D82F-LeaderElection4] INFO  grpc.GrpcConfigKeys$Server (ConfUtils.java:logGet(43)) - raft.grpc.server.leader.outstanding.appends.max = 128 (default)
2019-10-08 20:34:53,899 [f38d24ff-b8ec-401e-8eaa-834885a42f3b@group-28EB8833D82F-LeaderElection4] INFO  server.RaftServerConfigKeys (ConfUtils.java:logGet(43)) - raft.server.rpc.request.timeout = 3000ms (default)
2019-10-08 20:34:53,899 [f63ed8cc-e2f4-41d9-beda-0901db6921f5@group-41B4ED426890-SegmentedRaftLogWorker] INFO  segmented.SegmentedRaftLogWorker (SegmentedRaftLogWorker.java:execute(576)) - f63ed8cc-e2f4-41d9-beda-0901db6921f5@group-41B4ED426890-SegmentedRaftLogWorker: created new log segment /workdir/hadoop-ozone/integration-test/target/test-dir/MiniOzoneClusterImpl-0085ff61-ee12-43a7-9c52-2492090bedb6/datanode-0/data/ratis/f74e00f1-f20b-4f5e-8b2d-41b4ed426890/current/log_inprogress_0
2019-10-08 20:34:53,899 [f38d24ff-b8ec-401e-8eaa-834885a42f3b@group-28EB8833D82F-LeaderElection4] INFO  server.RaftServerConfigKeys (ConfUtils.java:logGet(43)) - raft.server.log.appender.install.snapshot.enabled = false (custom)
2019-10-08 20:34:53,899 [da35d025-f602-4636-9c4c-0df67fcff925@group-E7CAB2B64B3E-SegmentedRaftLogWorker] INFO  segmented.SegmentedRaftLogWorker (SegmentedRaftLogWorker.java:execute(576)) - da35d025-f602-4636-9c4c-0df67fcff925@group-E7CAB2B64B3E-SegmentedRaftLogWorker: created new log segment /workdir/hadoop-ozone/integration-test/target/test-dir/MiniOzoneClusterImpl-0085ff61-ee12-43a7-9c52-2492090bedb6/datanode-2/data/ratis/3b91e564-ec12-4cdd-b557-e7cab2b64b3e/current/log_inprogress_0
2019-10-08 20:34:53,899 [f38d24ff-b8ec-401e-8eaa-834885a42f3b@group-8D8DB61C6852-SegmentedRaftLogWorker] INFO  segmented.SegmentedRaftLogWorker (SegmentedRaftLogWorker.java:execute(576)) - f38d24ff-b8ec-401e-8eaa-834885a42f3b@group-8D8DB61C6852-SegmentedRaftLogWorker: created new log segment /workdir/hadoop-ozone/integration-test/target/test-dir/MiniOzoneClusterImpl-0085ff61-ee12-43a7-9c52-2492090bedb6/datanode-1/data/ratis/f0e9b1e1-958b-4840-9b2a-8d8db61c6852/current/log_inprogress_0
2019-10-08 20:34:53,902 [f38d24ff-b8ec-401e-8eaa-834885a42f3b@group-28EB8833D82F-LeaderElection4] INFO  server.RaftServerConfigKeys (ConfUtils.java:logGet(43)) - raft.server.log.appender.snapshot.chunk.size.max = 16MB (=16777216) (default)
2019-10-08 20:34:53,903 [f38d24ff-b8ec-401e-8eaa-834885a42f3b@group-28EB8833D82F-LeaderElection4] INFO  server.RaftServerConfigKeys (ConfUtils.java:logGet(43)) - raft.server.log.appender.buffer.byte-limit = 33554432 (custom)
2019-10-08 20:34:53,903 [f38d24ff-b8ec-401e-8eaa-834885a42f3b@group-28EB8833D82F-LeaderElection4] INFO  server.RaftServerConfigKeys (ConfUtils.java:logGet(43)) - raft.server.log.appender.buffer.element-limit = 1 (custom)
2019-10-08 20:34:53,903 [f38d24ff-b8ec-401e-8eaa-834885a42f3b@group-28EB8833D82F-LeaderElection4] INFO  grpc.GrpcConfigKeys$Server (ConfUtils.java:logGet(43)) - raft.grpc.server.leader.outstanding.appends.max = 128 (default)
2019-10-08 20:34:53,903 [f38d24ff-b8ec-401e-8eaa-834885a42f3b@group-28EB8833D82F-LeaderElection4] INFO  server.RaftServerConfigKeys (ConfUtils.java:logGet(43)) - raft.server.rpc.request.timeout = 3000ms (default)
2019-10-08 20:34:53,904 [f38d24ff-b8ec-401e-8eaa-834885a42f3b@group-28EB8833D82F-LeaderElection4] INFO  server.RaftServerConfigKeys (ConfUtils.java:logGet(43)) - raft.server.log.appender.install.snapshot.enabled = false (custom)
2019-10-08 20:34:53,908 [f38d24ff-b8ec-401e-8eaa-834885a42f3b@group-28EB8833D82F-LeaderElection4] INFO  impl.RoleInfo (RoleInfo.java:updateAndGet(143)) - f38d24ff-b8ec-401e-8eaa-834885a42f3b: start LeaderState
2019-10-08 20:34:53,908 [f38d24ff-b8ec-401e-8eaa-834885a42f3b@group-28EB8833D82F-LeaderElection4] INFO  segmented.SegmentedRaftLogWorker (SegmentedRaftLogWorker.java:startLogSegment(385)) - f38d24ff-b8ec-401e-8eaa-834885a42f3b@group-28EB8833D82F-SegmentedRaftLogWorker: Starting segment from index:0
2019-10-08 20:34:53,910 [f38d24ff-b8ec-401e-8eaa-834885a42f3b@group-28EB8833D82F-LeaderElection4] INFO  impl.RaftServerImpl (ServerState.java:setRaftConf(356)) - f38d24ff-b8ec-401e-8eaa-834885a42f3b@group-28EB8833D82F: set configuration 0: [da35d025-f602-4636-9c4c-0df67fcff925:192.168.5.143:43688, f38d24ff-b8ec-401e-8eaa-834885a42f3b:192.168.5.143:44884, f63ed8cc-e2f4-41d9-beda-0901db6921f5:192.168.5.143:33812], old=null at 0
2019-10-08 20:34:53,944 [grpc-default-executor-0] INFO  impl.RaftServerImpl (RaftServerImpl.java:requestVote(762)) - f38d24ff-b8ec-401e-8eaa-834885a42f3b@group-28EB8833D82F-   LEADER: Withhold vote from candidate da35d025-f602-4636-9c4c-0df67fcff925 with term 1. State: leader=f38d24ff-b8ec-401e-8eaa-834885a42f3b, term=1, lastRpcElapsed=null
2019-10-08 20:34:53,950 [da35d025-f602-4636-9c4c-0df67fcff925@group-28EB8833D82F-LeaderElection5] INFO  impl.LeaderElection (LeaderElection.java:logAndReturn(56)) - da35d025-f602-4636-9c4c-0df67fcff925@group-28EB8833D82F-LeaderElection5: Election REJECTED; received 2 response(s) [da35d025-f602-4636-9c4c-0df67fcff925<-f38d24ff-b8ec-401e-8eaa-834885a42f3b#0:FAIL-t1, da35d025-f602-4636-9c4c-0df67fcff925<-f63ed8cc-e2f4-41d9-beda-0901db6921f5#0:FAIL-t1] and 0 exception(s); da35d025-f602-4636-9c4c-0df67fcff925@group-28EB8833D82F:t1, leader=null, voted=da35d025-f602-4636-9c4c-0df67fcff925, raftlog=da35d025-f602-4636-9c4c-0df67fcff925@group-28EB8833D82F-SegmentedRaftLog:OPENED:c-1,f-1,i0, conf=-1: [da35d025-f602-4636-9c4c-0df67fcff925:192.168.5.143:43688, f38d24ff-b8ec-401e-8eaa-834885a42f3b:192.168.5.143:44884, f63ed8cc-e2f4-41d9-beda-0901db6921f5:192.168.5.143:33812], old=null
2019-10-08 20:34:53,952 [da35d025-f602-4636-9c4c-0df67fcff925@group-28EB8833D82F-LeaderElection5] INFO  impl.RaftServerImpl (RaftServerImpl.java:setRole(170)) - da35d025-f602-4636-9c4c-0df67fcff925@group-28EB8833D82F: changes role from CANDIDATE to FOLLOWER at term 1 for DISCOVERED_A_NEW_TERM
2019-10-08 20:34:53,953 [da35d025-f602-4636-9c4c-0df67fcff925@group-28EB8833D82F-LeaderElection5] INFO  impl.RoleInfo (RoleInfo.java:shutdownLeaderElection(134)) - da35d025-f602-4636-9c4c-0df67fcff925: shutdown LeaderElection
2019-10-08 20:34:53,953 [da35d025-f602-4636-9c4c-0df67fcff925@group-28EB8833D82F-LeaderElection5] INFO  impl.RoleInfo (RoleInfo.java:updateAndGet(143)) - da35d025-f602-4636-9c4c-0df67fcff925: start FollowerState
2019-10-08 20:34:53,956 [f38d24ff-b8ec-401e-8eaa-834885a42f3b@group-28EB8833D82F-SegmentedRaftLogWorker] INFO  segmented.SegmentedRaftLogWorker (SegmentedRaftLogWorker.java:execute(576)) - f38d24ff-b8ec-401e-8eaa-834885a42f3b@group-28EB8833D82F-SegmentedRaftLogWorker: created new log segment /workdir/hadoop-ozone/integration-test/target/test-dir/MiniOzoneClusterImpl-0085ff61-ee12-43a7-9c52-2492090bedb6/datanode-1/data/ratis/c484caca-cbbb-40b0-93e1-28eb8833d82f/current/log_inprogress_0
2019-10-08 20:34:53,971 [grpc-default-executor-2] INFO  ratis.XceiverServerRatis (XceiverServerRatis.java:handleLeaderChangedNotification(702)) - Leader change notification received for group: group-28EB8833D82F with new leaderId: f38d24ff-b8ec-401e-8eaa-834885a42f3b
2019-10-08 20:34:53,971 [grpc-default-executor-0] INFO  ratis.XceiverServerRatis (XceiverServerRatis.java:handleLeaderChangedNotification(702)) - Leader change notification received for group: group-28EB8833D82F with new leaderId: f38d24ff-b8ec-401e-8eaa-834885a42f3b
2019-10-08 20:34:53,971 [grpc-default-executor-2] INFO  impl.RaftServerImpl (ServerState.java:setLeader(255)) - da35d025-f602-4636-9c4c-0df67fcff925@group-28EB8833D82F: change Leader from null to f38d24ff-b8ec-401e-8eaa-834885a42f3b at term 1 for appendEntries, leader elected after 5251ms
2019-10-08 20:34:53,972 [grpc-default-executor-0] INFO  impl.RaftServerImpl (ServerState.java:setLeader(255)) - f63ed8cc-e2f4-41d9-beda-0901db6921f5@group-28EB8833D82F: change Leader from null to f38d24ff-b8ec-401e-8eaa-834885a42f3b at term 1 for appendEntries, leader elected after 5252ms
2019-10-08 20:34:54,001 [grpc-default-executor-2] INFO  impl.RaftServerImpl (ServerState.java:setRaftConf(356)) - da35d025-f602-4636-9c4c-0df67fcff925@group-28EB8833D82F: set configuration 0: [da35d025-f602-4636-9c4c-0df67fcff925:192.168.5.143:43688, f38d24ff-b8ec-401e-8eaa-834885a42f3b:192.168.5.143:44884, f63ed8cc-e2f4-41d9-beda-0901db6921f5:192.168.5.143:33812], old=null at 0
2019-10-08 20:34:54,001 [grpc-default-executor-0] INFO  impl.RaftServerImpl (ServerState.java:setRaftConf(356)) - f63ed8cc-e2f4-41d9-beda-0901db6921f5@group-28EB8833D82F: set configuration 0: [da35d025-f602-4636-9c4c-0df67fcff925:192.168.5.143:43688, f38d24ff-b8ec-401e-8eaa-834885a42f3b:192.168.5.143:44884, f63ed8cc-e2f4-41d9-beda-0901db6921f5:192.168.5.143:33812], old=null at 0
2019-10-08 20:34:54,002 [grpc-default-executor-2] INFO  segmented.SegmentedRaftLogWorker (SegmentedRaftLogWorker.java:startLogSegment(385)) - da35d025-f602-4636-9c4c-0df67fcff925@group-28EB8833D82F-SegmentedRaftLogWorker: Starting segment from index:0
2019-10-08 20:34:54,002 [grpc-default-executor-0] INFO  segmented.SegmentedRaftLogWorker (SegmentedRaftLogWorker.java:startLogSegment(385)) - f63ed8cc-e2f4-41d9-beda-0901db6921f5@group-28EB8833D82F-SegmentedRaftLogWorker: Starting segment from index:0
2019-10-08 20:34:56,392 [main] INFO  ozone.MiniOzoneClusterImpl (MiniOzoneClusterImpl.java:lambda$waitForClusterToBeReady$2(172)) - Cluster is ready. Got 3 of 3 DN Heartbeats.
2019-10-08 20:34:56,393 [org.apache.hadoop.util.JvmPauseMonitor$Monitor@1a2e2935] INFO  util.JvmPauseMonitor (JvmPauseMonitor.java:run(205)) - Detected pause in JVM or host machine (eg GC): pause of approximately 2261ms
No GCs detected
2019-10-08 20:34:56,393 [org.apache.hadoop.util.JvmPauseMonitor$Monitor@79bf3ee6] INFO  util.JvmPauseMonitor (JvmPauseMonitor.java:run(205)) - Detected pause in JVM or host machine (eg GC): pause of approximately 2215ms
No GCs detected
2019-10-08 20:34:56,393 [org.apache.hadoop.util.JvmPauseMonitor$Monitor@1badf9ad] INFO  util.JvmPauseMonitor (JvmPauseMonitor.java:run(205)) - Detected pause in JVM or host machine (eg GC): pause of approximately 2137ms
No GCs detected
2019-10-08 20:34:56,393 [org.apache.hadoop.util.JvmPauseMonitor$Monitor@7823644c] INFO  util.JvmPauseMonitor (JvmPauseMonitor.java:run(205)) - Detected pause in JVM or host machine (eg GC): pause of approximately 2065ms
No GCs detected
2019-10-08 20:34:56,411 [f63ed8cc-e2f4-41d9-beda-0901db6921f5@group-28EB8833D82F-SegmentedRaftLogWorker] INFO  segmented.SegmentedRaftLogWorker (SegmentedRaftLogWorker.java:execute(576)) - f63ed8cc-e2f4-41d9-beda-0901db6921f5@group-28EB8833D82F-SegmentedRaftLogWorker: created new log segment /workdir/hadoop-ozone/integration-test/target/test-dir/MiniOzoneClusterImpl-0085ff61-ee12-43a7-9c52-2492090bedb6/datanode-0/data/ratis/c484caca-cbbb-40b0-93e1-28eb8833d82f/current/log_inprogress_0
2019-10-08 20:34:56,411 [da35d025-f602-4636-9c4c-0df67fcff925@group-28EB8833D82F-SegmentedRaftLogWorker] INFO  segmented.SegmentedRaftLogWorker (SegmentedRaftLogWorker.java:execute(576)) - da35d025-f602-4636-9c4c-0df67fcff925@group-28EB8833D82F-SegmentedRaftLogWorker: created new log segment /workdir/hadoop-ozone/integration-test/target/test-dir/MiniOzoneClusterImpl-0085ff61-ee12-43a7-9c52-2492090bedb6/datanode-2/data/ratis/c484caca-cbbb-40b0-93e1-28eb8833d82f/current/log_inprogress_0
2019-10-08 20:34:56,413 [main] INFO  pipeline.SCMPipelineManager (SCMPipelineManager.java:finalizeAndDestroyPipeline(315)) - destroying pipeline:Pipeline[ Id: f74e00f1-f20b-4f5e-8b2d-41b4ed426890, Nodes: f63ed8cc-e2f4-41d9-beda-0901db6921f5{ip: 192.168.5.143, host: pr-hdds-1868-gtwz2-575081100, networkLocation: /default-rack, certSerialId: null}, Type:RATIS, Factor:ONE, State:OPEN]
2019-10-08 20:34:56,416 [main] INFO  pipeline.PipelineStateManager (PipelineStateManager.java:finalizePipeline(123)) - Pipeline Pipeline[ Id: f74e00f1-f20b-4f5e-8b2d-41b4ed426890, Nodes: f63ed8cc-e2f4-41d9-beda-0901db6921f5{ip: 192.168.5.143, host: pr-hdds-1868-gtwz2-575081100, networkLocation: /default-rack, certSerialId: null}, Type:RATIS, Factor:ONE, State:CLOSED] moved to CLOSED state
2019-10-08 20:34:56,426 [grpc-default-executor-2] INFO  impl.RaftServerProxy (RaftServerProxy.java:remove(95)) - f63ed8cc-e2f4-41d9-beda-0901db6921f5: remove    LEADER f63ed8cc-e2f4-41d9-beda-0901db6921f5@group-41B4ED426890:t1, leader=f63ed8cc-e2f4-41d9-beda-0901db6921f5, voted=f63ed8cc-e2f4-41d9-beda-0901db6921f5, raftlog=f63ed8cc-e2f4-41d9-beda-0901db6921f5@group-41B4ED426890-SegmentedRaftLog:OPENED:c0,f0,i0, conf=0: [f63ed8cc-e2f4-41d9-beda-0901db6921f5:192.168.5.143:33812], old=null RUNNING
2019-10-08 20:34:56,427 [grpc-default-executor-2] INFO  impl.RaftServerImpl (RaftServerImpl.java:lambda$shutdown$3(247)) - f63ed8cc-e2f4-41d9-beda-0901db6921f5@group-41B4ED426890: shutdown
2019-10-08 20:34:56,427 [grpc-default-executor-2] INFO  util.JmxRegister (JmxRegister.java:unregister(73)) - Successfully un-registered JMX Bean with object name Ratis:service=RaftServer,group=group-41B4ED426890,id=f63ed8cc-e2f4-41d9-beda-0901db6921f5
2019-10-08 20:34:56,427 [grpc-default-executor-2] INFO  impl.RoleInfo (RoleInfo.java:shutdownLeaderState(104)) - f63ed8cc-e2f4-41d9-beda-0901db6921f5: shutdown LeaderState
2019-10-08 20:34:56,428 [grpc-default-executor-2] INFO  impl.PendingRequests (PendingRequests.java:sendNotLeaderResponses(202)) - f63ed8cc-e2f4-41d9-beda-0901db6921f5@group-41B4ED426890-PendingRequests: sendNotLeaderResponses
2019-10-08 20:34:56,429 [grpc-default-executor-2] INFO  impl.StateMachineUpdater (StateMachineUpdater.java:stopAndJoin(136)) - f63ed8cc-e2f4-41d9-beda-0901db6921f5@group-41B4ED426890-StateMachineUpdater: set stopIndex = 0
2019-10-08 20:34:56,431 [grpc-default-executor-2] INFO  impl.RaftServerImpl (ServerState.java:close(387)) - f63ed8cc-e2f4-41d9-beda-0901db6921f5@group-41B4ED426890: closes. applyIndex: 0
2019-10-08 20:34:56,431 [f63ed8cc-e2f4-41d9-beda-0901db6921f5@group-41B4ED426890-SegmentedRaftLogWorker] INFO  segmented.SegmentedRaftLogWorker (SegmentedRaftLogWorker.java:run(316)) - f63ed8cc-e2f4-41d9-beda-0901db6921f5@group-41B4ED426890-SegmentedRaftLogWorker was interrupted, exiting. There are 0 tasks remaining in the queue.
2019-10-08 20:34:56,433 [grpc-default-executor-2] INFO  segmented.SegmentedRaftLogWorker (SegmentedRaftLogWorker.java:close(224)) - f63ed8cc-e2f4-41d9-beda-0901db6921f5@group-41B4ED426890-SegmentedRaftLogWorker close()
2019-10-08 20:34:56,439 [main] INFO  pipeline.PipelineStateManager (PipelineStateManager.java:removePipeline(108)) - Pipeline Pipeline[ Id: f74e00f1-f20b-4f5e-8b2d-41b4ed426890, Nodes: f63ed8cc-e2f4-41d9-beda-0901db6921f5{ip: 192.168.5.143, host: pr-hdds-1868-gtwz2-575081100, networkLocation: /default-rack, certSerialId: null}, Type:RATIS, Factor:ONE, State:CLOSED] removed from db
2019-10-08 20:34:56,450 [grpc-default-executor-2] INFO  impl.RaftServerProxy (RaftServerProxy.java:addNew(89)) - f63ed8cc-e2f4-41d9-beda-0901db6921f5: addNew group-86A7EE2969DF:[f63ed8cc-e2f4-41d9-beda-0901db6921f5:192.168.5.143:33812] returns group-86A7EE2969DF:java.util.concurrent.CompletableFuture@6024de4b[Not completed]
2019-10-08 20:34:56,453 [pool-27-thread-1] INFO  impl.RaftServerImpl (RaftServerImpl.java:<init>(95)) - f63ed8cc-e2f4-41d9-beda-0901db6921f5: new RaftServerImpl for group-86A7EE2969DF:[f63ed8cc-e2f4-41d9-beda-0901db6921f5:192.168.5.143:33812] with ContainerStateMachine:uninitialized
2019-10-08 20:34:56,453 [pool-27-thread-1] INFO  server.RaftServerConfigKeys (ConfUtils.java:logGet(43)) - raft.server.rpc.timeout.min = 5s (custom)
2019-10-08 20:34:56,453 [pool-27-thread-1] INFO  server.RaftServerConfigKeys (ConfUtils.java:logGet(43)) - raft.server.rpc.timeout.max = 5200ms (custom)
2019-10-08 20:34:56,454 [pool-27-thread-1] INFO  server.RaftServerConfigKeys (ConfUtils.java:logGet(43)) - raft.server.rpcslowness.timeout = 120s (custom)
2019-10-08 20:34:56,454 [pool-27-thread-1] INFO  server.RaftServerConfigKeys (ConfUtils.java:logGet(43)) - raft.server.sleep.deviation.threshold = 300 (default)
2019-10-08 20:34:56,454 [pool-27-thread-1] INFO  server.RaftServerConfigKeys (ConfUtils.java:logGet(43)) - raft.server.log.appender.install.snapshot.enabled = false (custom)
2019-10-08 20:34:56,454 [pool-27-thread-1] INFO  impl.RaftServerImpl (ServerState.java:<init>(103)) - f63ed8cc-e2f4-41d9-beda-0901db6921f5@group-86A7EE2969DF: ConfigurationManager, init=-1: [f63ed8cc-e2f4-41d9-beda-0901db6921f5:192.168.5.143:33812], old=null, confs=<EMPTY_MAP>
2019-10-08 20:34:56,455 [pool-27-thread-1] INFO  server.RaftServerConfigKeys (ConfUtils.java:logGet(43)) - raft.server.storage.dir = [/workdir/hadoop-ozone/integration-test/target/test-dir/MiniOzoneClusterImpl-0085ff61-ee12-43a7-9c52-2492090bedb6/datanode-0/data/ratis] (custom)
2019-10-08 20:34:56,455 [pool-27-thread-1] INFO  server.RaftServerConfigKeys (ConfUtils.java:logGet(43)) - raft.server.log.corruption.policy = EXCEPTION (default)
2019-10-08 20:34:56,455 [pool-27-thread-1] INFO  storage.RaftStorageDirectory (RaftStorageDirectory.java:analyzeStorage(246)) - The storage directory /workdir/hadoop-ozone/integration-test/target/test-dir/MiniOzoneClusterImpl-0085ff61-ee12-43a7-9c52-2492090bedb6/datanode-0/data/ratis/cd2cbecc-0e79-49c8-a588-86a7ee2969df does not exist. Creating ...
2019-10-08 20:34:56,480 [pool-27-thread-1] INFO  storage.RaftStorageDirectory (RaftStorageDirectory.java:tryLock(328)) - Lock on /workdir/hadoop-ozone/integration-test/target/test-dir/MiniOzoneClusterImpl-0085ff61-ee12-43a7-9c52-2492090bedb6/datanode-0/data/ratis/cd2cbecc-0e79-49c8-a588-86a7ee2969df/in_use.lock acquired by nodename 1495@pr-hdds-1868-gtwz2-575081100
2019-10-08 20:34:56,491 [pool-27-thread-1] INFO  storage.RaftStorage (RaftStorage.java:format(84)) - Storage directory /workdir/hadoop-ozone/integration-test/target/test-dir/MiniOzoneClusterImpl-0085ff61-ee12-43a7-9c52-2492090bedb6/datanode-0/data/ratis/cd2cbecc-0e79-49c8-a588-86a7ee2969df has been successfully formatted.
2019-10-08 20:34:56,491 [pool-27-thread-1] INFO  ratis.ContainerStateMachine (ContainerStateMachine.java:loadSnapshot(233)) - group-86A7EE2969DF: The snapshot info is null. Setting the last applied indexto:(t:0, i:~)
2019-10-08 20:34:56,492 [pool-27-thread-1] INFO  server.RaftServerConfigKeys (ConfUtils.java:logGet(43)) - raft.server.notification.no-leader.timeout = 120s (custom)
2019-10-08 20:34:56,492 [pool-27-thread-1] INFO  server.RaftServerConfigKeys (ConfUtils.java:logGet(43)) - raft.server.log.use.memory = false (default)
2019-10-08 20:34:56,492 [pool-27-thread-1] INFO  server.RaftServerConfigKeys (ConfUtils.java:logGet(43)) - raft.server.log.purge.gap = 1000000 (custom)
2019-10-08 20:34:56,492 [pool-27-thread-1] INFO  server.RaftServerConfigKeys (ConfUtils.java:logGet(43)) - raft.server.log.appender.buffer.byte-limit = 33554432 (custom)
2019-10-08 20:34:56,493 [pool-27-thread-1] INFO  server.RaftServerConfigKeys (ConfUtils.java:logGet(43)) - raft.server.log.segment.size.max = 1048576 (custom)
2019-10-08 20:34:56,493 [pool-27-thread-1] INFO  server.RaftServerConfigKeys (ConfUtils.java:logGet(43)) - raft.server.log.segment.cache.num.max = 2 (custom)
2019-10-08 20:34:56,493 [pool-27-thread-1] INFO  segmented.SegmentedRaftLogWorker (SegmentedRaftLogWorker.java:<init>(173)) - new f63ed8cc-e2f4-41d9-beda-0901db6921f5@group-86A7EE2969DF-SegmentedRaftLogWorker for RaftStorage:Storage Directory /workdir/hadoop-ozone/integration-test/target/test-dir/MiniOzoneClusterImpl-0085ff61-ee12-43a7-9c52-2492090bedb6/datanode-0/data/ratis/cd2cbecc-0e79-49c8-a588-86a7ee2969df
2019-10-08 20:34:56,493 [pool-27-thread-1] INFO  server.RaftServerConfigKeys (ConfUtils.java:logGet(43)) - raft.server.log.queue.byte-limit = 2147483647 (custom)
2019-10-08 20:34:56,493 [pool-27-thread-1] INFO  server.RaftServerConfigKeys (ConfUtils.java:logGet(43)) - raft.server.log.queue.element-limit = 1024 (custom)
2019-10-08 20:34:56,494 [pool-27-thread-1] INFO  server.RaftServerConfigKeys (ConfUtils.java:logGet(43)) - raft.server.log.segment.size.max = 1048576 (custom)
2019-10-08 20:34:56,494 [pool-27-thread-1] INFO  server.RaftServerConfigKeys (ConfUtils.java:logGet(43)) - raft.server.log.preallocated.size = 16384 (custom)
2019-10-08 20:34:56,494 [pool-27-thread-1] INFO  server.RaftServerConfigKeys (ConfUtils.java:logGet(43)) - raft.server.log.write.buffer.size = 33554432 (custom)
2019-10-08 20:34:56,494 [pool-27-thread-1] INFO  server.RaftServerConfigKeys (ConfUtils.java:logGet(43)) - raft.server.log.force.sync.num = 128 (default)
2019-10-08 20:34:56,494 [pool-27-thread-1] INFO  server.RaftServerConfigKeys (ConfUtils.java:logGet(43)) - raft.server.log.statemachine.data.sync = true (default)
2019-10-08 20:34:56,495 [pool-27-thread-1] INFO  server.RaftServerConfigKeys (ConfUtils.java:logGet(43)) - raft.server.log.statemachine.data.sync.timeout = 10s (default)
2019-10-08 20:34:56,495 [pool-27-thread-1] INFO  server.RaftServerConfigKeys (ConfUtils.java:logGet(43)) - raft.server.log.statemachine.data.sync.timeout.retry = -1 (default)
2019-10-08 20:34:56,495 [pool-27-thread-1] INFO  server.RaftServerConfigKeys (ConfUtils.java:logGet(43)) - raft.server.log.statemachine.data.caching.enabled = true (custom)
2019-10-08 20:34:56,495 [pool-27-thread-1] INFO  segmented.SegmentedRaftLogWorker (SegmentedRaftLogWorker.java:lambda$new$0(128)) - f63ed8cc-e2f4-41d9-beda-0901db6921f5@group-86A7EE2969DF-SegmentedRaftLogWorker: flushIndex: setUnconditionally 0 -> -1
2019-10-08 20:34:56,496 [pool-27-thread-1] INFO  server.RaftServerConfigKeys (ConfUtils.java:logGet(43)) - raft.server.snapshot.auto.trigger.enabled = true (custom)
2019-10-08 20:34:56,496 [pool-27-thread-1] INFO  server.RaftServerConfigKeys (ConfUtils.java:logGet(43)) - raft.server.snapshot.auto.trigger.threshold = 10000 (custom)
2019-10-08 20:34:56,496 [pool-27-thread-1] INFO  server.RaftServerConfigKeys (ConfUtils.java:logGet(43)) - raft.server.snapshot.retention.file.num = 5 (custom)
2019-10-08 20:34:56,497 [pool-27-thread-1] INFO  server.RaftServerConfigKeys (ConfUtils.java:logGet(43)) - raft.server.retrycache.expirytime = 600000ms (custom)
2019-10-08 20:34:56,500 [pool-27-thread-1] INFO  impl.RaftServerImpl (RaftServerImpl.java:start(181)) - f63ed8cc-e2f4-41d9-beda-0901db6921f5@group-86A7EE2969DF: start as a follower, conf=-1: [f63ed8cc-e2f4-41d9-beda-0901db6921f5:192.168.5.143:33812], old=null
2019-10-08 20:34:56,500 [pool-27-thread-1] INFO  impl.RaftServerImpl (RaftServerImpl.java:setRole(170)) - f63ed8cc-e2f4-41d9-beda-0901db6921f5@group-86A7EE2969DF: changes role from      null to FOLLOWER at term 0 for startAsFollower
2019-10-08 20:34:56,500 [pool-27-thread-1] INFO  impl.RoleInfo (RoleInfo.java:updateAndGet(143)) - f63ed8cc-e2f4-41d9-beda-0901db6921f5: start FollowerState
2019-10-08 20:34:56,501 [pool-27-thread-1] INFO  util.JmxRegister (JmxRegister.java:tryRegister(44)) - Successfully registered JMX Bean with object name Ratis:service=RaftServer,group=group-86A7EE2969DF,id=f63ed8cc-e2f4-41d9-beda-0901db6921f5
2019-10-08 20:34:56,509 [RatisPipelineUtilsThread] INFO  pipeline.PipelineStateManager (PipelineStateManager.java:addPipeline(57)) - Created pipeline Pipeline[ Id: cd2cbecc-0e79-49c8-a588-86a7ee2969df, Nodes: f63ed8cc-e2f4-41d9-beda-0901db6921f5{ip: 192.168.5.143, host: pr-hdds-1868-gtwz2-575081100, networkLocation: /default-rack, certSerialId: null}, Type:RATIS, Factor:ONE, State:ALLOCATED]
2019-10-08 20:34:56,609 [main] INFO  ozone.MiniOzoneClusterImpl (MiniOzoneClusterImpl.java:shutdown(352)) - Shutting down the Mini Ozone Cluster
2019-10-08 20:34:56,609 [main] INFO  ozone.MiniOzoneClusterImpl (MiniOzoneClusterImpl.java:stop(368)) - Stopping the Mini Ozone Cluster
2019-10-08 20:34:56,609 [main] INFO  ozone.MiniOzoneClusterImpl (MiniOzoneClusterImpl.java:stopOM(438)) - Stopping the OzoneManager
2019-10-08 20:34:56,609 [main] INFO  ipc.Server (Server.java:stop(3082)) - Stopping server on 34408
2019-10-08 20:34:56,621 [IPC Server listener on 34408] INFO  ipc.Server (Server.java:run(1185)) - Stopping IPC Server listener on 34408
2019-10-08 20:34:56,621 [main] INFO  ratis.OzoneManagerDoubleBuffer (OzoneManagerDoubleBuffer.java:stop(248)) - Stopping OMDoubleBuffer flush thread
2019-10-08 20:34:56,625 [IPC Server Responder] INFO  ipc.Server (Server.java:run(1319)) - Stopping IPC Server Responder
2019-10-08 20:34:56,633 [OMDoubleBufferFlushThread] INFO  ratis.OzoneManagerDoubleBuffer (OzoneManagerDoubleBuffer.java:flushTransactions(191)) - OMDoubleBuffer flush thread OMDoubleBufferFlushThread is interrupted and will exit. OMDoubleBufferFlushThread
2019-10-08 20:34:56,634 [main] INFO  utils.BackgroundService (BackgroundService.java:shutdown(151)) - Shutting down service KeyDeletingService
2019-10-08 20:34:56,639 [main] INFO  handler.ContextHandler (ContextHandler.java:doStop(910)) - Stopped o.e.j.w.WebAppContext@319854f0{/,null,UNAVAILABLE}{/ozoneManager}
2019-10-08 20:34:56,646 [main] INFO  server.AbstractConnector (AbstractConnector.java:doStop(318)) - Stopped ServerConnector@748fe51d{HTTP/1.1,[http/1.1]}{0.0.0.0:0}
2019-10-08 20:34:56,647 [main] INFO  handler.ContextHandler (ContextHandler.java:doStop(910)) - Stopped o.e.j.s.ServletContextHandler@20ed3303{/static,file:///workdir/hadoop-ozone/integration-test/target/test-classes/webapps/static,UNAVAILABLE}
2019-10-08 20:34:56,647 [main] INFO  handler.ContextHandler (ContextHandler.java:doStop(910)) - Stopped o.e.j.s.ServletContextHandler@1542af63{/logs,file:///workdir/hadoop-ozone/integration-test/target/log,UNAVAILABLE}
2019-10-08 20:34:56,651 [main] INFO  ozone.MiniOzoneClusterImpl (MiniOzoneClusterImpl.java:stopDatanodes(415)) - Stopping the HddsDatanodes
2019-10-08 20:34:57,389 [Datanode State Machine Thread - 0] INFO  statemachine.DatanodeStateMachine (DatanodeStateMachine.java:lambda$startDaemon$0(350)) - Ozone container server started.
2019-10-08 20:34:57,392 [Datanode State Machine Thread - 0] INFO  statemachine.DatanodeStateMachine (DatanodeStateMachine.java:lambda$startDaemon$0(350)) - Ozone container server started.
2019-10-08 20:35:01,621 [Thread-247] INFO  impl.FollowerState (FollowerState.java:run(108)) - f63ed8cc-e2f4-41d9-beda-0901db6921f5@group-86A7EE2969DF-FollowerState: change to CANDIDATE, lastRpcTime:5120ms, electionTimeout:5120ms
2019-10-08 20:35:01,621 [Thread-247] INFO  impl.RoleInfo (RoleInfo.java:shutdownFollowerState(121)) - f63ed8cc-e2f4-41d9-beda-0901db6921f5: shutdown FollowerState
2019-10-08 20:35:01,621 [Thread-247] INFO  impl.RaftServerImpl (RaftServerImpl.java:setRole(170)) - f63ed8cc-e2f4-41d9-beda-0901db6921f5@group-86A7EE2969DF: changes role from  FOLLOWER to CANDIDATE at term 0 for changeToCandidate
2019-10-08 20:35:01,621 [Thread-247] INFO  impl.RoleInfo (RoleInfo.java:updateAndGet(143)) - f63ed8cc-e2f4-41d9-beda-0901db6921f5: start LeaderElection
2019-10-08 20:35:01,654 [main] INFO  ozoneimpl.OzoneContainer (OzoneContainer.java:stop(227)) - Attempting to stop container services.
2019-10-08 20:35:01,654 [ForkJoinPool.commonPool-worker-0] INFO  ozoneimpl.OzoneContainer (OzoneContainer.java:stop(227)) - Attempting to stop container services.
2019-10-08 20:35:01,655 [main] INFO  impl.RaftServerProxy (RaftServerProxy.java:lambda$close$4(314)) - f38d24ff-b8ec-401e-8eaa-834885a42f3b: close
2019-10-08 20:35:01,655 [ForkJoinPool.commonPool-worker-0] INFO  impl.RaftServerProxy (RaftServerProxy.java:lambda$close$4(314)) - f63ed8cc-e2f4-41d9-beda-0901db6921f5: close
2019-10-08 20:35:01,657 [ForkJoinPool.commonPool-worker-0] INFO  impl.RaftServerImpl (RaftServerImpl.java:lambda$shutdown$3(247)) - f63ed8cc-e2f4-41d9-beda-0901db6921f5@group-28EB8833D82F: shutdown
2019-10-08 20:35:01,657 [main] INFO  impl.RaftServerImpl (RaftServerImpl.java:lambda$shutdown$3(247)) - f38d24ff-b8ec-401e-8eaa-834885a42f3b@group-28EB8833D82F: shutdown
2019-10-08 20:35:01,657 [ForkJoinPool.commonPool-worker-0] INFO  util.JmxRegister (JmxRegister.java:unregister(73)) - Successfully un-registered JMX Bean with object name Ratis:service=RaftServer,group=group-28EB8833D82F,id=f63ed8cc-e2f4-41d9-beda-0901db6921f5
2019-10-08 20:35:01,658 [main] INFO  util.JmxRegister (JmxRegister.java:unregister(73)) - Successfully un-registered JMX Bean with object name Ratis:service=RaftServer,group=group-28EB8833D82F,id=f38d24ff-b8ec-401e-8eaa-834885a42f3b
2019-10-08 20:35:01,658 [ForkJoinPool.commonPool-worker-0] INFO  impl.RoleInfo (RoleInfo.java:shutdownFollowerState(121)) - f63ed8cc-e2f4-41d9-beda-0901db6921f5: shutdown FollowerState
2019-10-08 20:35:01,658 [main] INFO  impl.RoleInfo (RoleInfo.java:shutdownLeaderState(104)) - f38d24ff-b8ec-401e-8eaa-834885a42f3b: shutdown LeaderState
2019-10-08 20:35:01,660 [Thread-232] INFO  impl.FollowerState (FollowerState.java:run(117)) - f63ed8cc-e2f4-41d9-beda-0901db6921f5@group-28EB8833D82F-FollowerState was interrupted: java.lang.InterruptedException: sleep interrupted
2019-10-08 20:35:01,659 [ForkJoinPool.commonPool-worker-0] INFO  impl.StateMachineUpdater (StateMachineUpdater.java:stopAndJoin(136)) - f63ed8cc-e2f4-41d9-beda-0901db6921f5@group-28EB8833D82F-StateMachineUpdater: set stopIndex = 0
2019-10-08 20:35:01,663 [org.apache.ratis.server.impl.LogAppender$AppenderDaemon$$Lambda$438/3491593@75b824d1] WARN  server.GrpcLogAppender (GrpcLogAppender.java:mayWait(143)) - f38d24ff-b8ec-401e-8eaa-834885a42f3b@group-28EB8833D82F->da35d025-f602-4636-9c4c-0df67fcff925-GrpcLogAppender: Wait interrupted by java.lang.InterruptedException
2019-10-08 20:35:01,662 [main] INFO  impl.PendingRequests (PendingRequests.java:sendNotLeaderResponses(202)) - f38d24ff-b8ec-401e-8eaa-834885a42f3b@group-28EB8833D82F-PendingRequests: sendNotLeaderResponses
2019-10-08 20:35:01,663 [org.apache.ratis.server.impl.LogAppender$AppenderDaemon$$Lambda$438/3491593@6ddce345] WARN  server.GrpcLogAppender (GrpcLogAppender.java:mayWait(143)) - f38d24ff-b8ec-401e-8eaa-834885a42f3b@group-28EB8833D82F->f63ed8cc-e2f4-41d9-beda-0901db6921f5-GrpcLogAppender: Wait interrupted by java.lang.InterruptedException
2019-10-08 20:35:01,666 [main] INFO  impl.StateMachineUpdater (StateMachineUpdater.java:stopAndJoin(136)) - f38d24ff-b8ec-401e-8eaa-834885a42f3b@group-28EB8833D82F-StateMachineUpdater: set stopIndex = 0
2019-10-08 20:35:01,665 [ForkJoinPool.commonPool-worker-0] INFO  impl.RaftServerImpl (ServerState.java:close(387)) - f63ed8cc-e2f4-41d9-beda-0901db6921f5@group-28EB8833D82F: closes. applyIndex: 0
2019-10-08 20:35:01,674 [main] INFO  impl.RaftServerImpl (ServerState.java:close(387)) - f38d24ff-b8ec-401e-8eaa-834885a42f3b@group-28EB8833D82F: closes. applyIndex: 0
2019-10-08 20:35:01,675 [f63ed8cc-e2f4-41d9-beda-0901db6921f5@group-28EB8833D82F-SegmentedRaftLogWorker] INFO  segmented.SegmentedRaftLogWorker (SegmentedRaftLogWorker.java:run(316)) - f63ed8cc-e2f4-41d9-beda-0901db6921f5@group-28EB8833D82F-SegmentedRaftLogWorker was interrupted, exiting. There are 0 tasks remaining in the queue.
2019-10-08 20:35:01,675 [f38d24ff-b8ec-401e-8eaa-834885a42f3b@group-28EB8833D82F-SegmentedRaftLogWorker] INFO  segmented.SegmentedRaftLogWorker (SegmentedRaftLogWorker.java:run(316)) - f38d24ff-b8ec-401e-8eaa-834885a42f3b@group-28EB8833D82F-SegmentedRaftLogWorker was interrupted, exiting. There are 0 tasks remaining in the queue.
2019-10-08 20:35:01,677 [grpc-default-executor-2] INFO  server.GrpcServerProtocolService (GrpcServerProtocolService.java:onCompleted(113)) - da35d025-f602-4636-9c4c-0df67fcff925: Completed APPEND_ENTRIES, lastRequest: f38d24ff-b8ec-401e-8eaa-834885a42f3b->da35d025-f602-4636-9c4c-0df67fcff925#3-t1, previous=(t:1, i:0), leaderCommit=0, initializing? false, entries: <empty>
2019-10-08 20:35:01,677 [grpc-default-executor-0] INFO  server.GrpcServerProtocolService (GrpcServerProtocolService.java:onCompleted(113)) - f63ed8cc-e2f4-41d9-beda-0901db6921f5: Completed APPEND_ENTRIES, lastRequest: f38d24ff-b8ec-401e-8eaa-834885a42f3b->f63ed8cc-e2f4-41d9-beda-0901db6921f5#3-t1, previous=(t:1, i:0), leaderCommit=0, initializing? false, entries: <empty>
2019-10-08 20:35:01,681 [grpc-default-executor-2] INFO  server.GrpcLogAppender (GrpcLogAppender.java:onCompleted(293)) - f38d24ff-b8ec-401e-8eaa-834885a42f3b@group-28EB8833D82F->da35d025-f602-4636-9c4c-0df67fcff925-AppendLogResponseHandler: follower responses appendEntries COMPLETED
2019-10-08 20:35:01,681 [grpc-default-executor-0] INFO  server.GrpcLogAppender (GrpcLogAppender.java:onCompleted(293)) - f38d24ff-b8ec-401e-8eaa-834885a42f3b@group-28EB8833D82F->f63ed8cc-e2f4-41d9-beda-0901db6921f5-AppendLogResponseHandler: follower responses appendEntries COMPLETED
2019-10-08 20:35:01,686 [grpc-default-executor-2] INFO  impl.FollowerInfo (FollowerInfo.java:lambda$new$0(51)) - f38d24ff-b8ec-401e-8eaa-834885a42f3b@group-28EB8833D82F->da35d025-f602-4636-9c4c-0df67fcff925: nextIndex: updateUnconditionally 1 -> 0
2019-10-08 20:35:01,686 [grpc-default-executor-0] INFO  impl.FollowerInfo (FollowerInfo.java:lambda$new$0(51)) - f38d24ff-b8ec-401e-8eaa-834885a42f3b@group-28EB8833D82F->f63ed8cc-e2f4-41d9-beda-0901db6921f5: nextIndex: updateUnconditionally 1 -> 0
2019-10-08 20:35:02,732 [ForkJoinPool.commonPool-worker-0] INFO  segmented.SegmentedRaftLogWorker (SegmentedRaftLogWorker.java:close(224)) - f63ed8cc-e2f4-41d9-beda-0901db6921f5@group-28EB8833D82F-SegmentedRaftLogWorker close()
2019-10-08 20:35:02,732 [main] INFO  segmented.SegmentedRaftLogWorker (SegmentedRaftLogWorker.java:close(224)) - f38d24ff-b8ec-401e-8eaa-834885a42f3b@group-28EB8833D82F-SegmentedRaftLogWorker close()
2019-10-08 20:35:02,733 [ForkJoinPool.commonPool-worker-0] INFO  impl.RaftServerImpl (RaftServerImpl.java:lambda$shutdown$3(247)) - f63ed8cc-e2f4-41d9-beda-0901db6921f5@group-86A7EE2969DF: shutdown
2019-10-08 20:35:02,735 [main] INFO  impl.RaftServerImpl (RaftServerImpl.java:lambda$shutdown$3(247)) - f38d24ff-b8ec-401e-8eaa-834885a42f3b@group-8D8DB61C6852: shutdown
2019-10-08 20:35:02,735 [ForkJoinPool.commonPool-worker-0] INFO  util.JmxRegister (JmxRegister.java:unregister(73)) - Successfully un-registered JMX Bean with object name Ratis:service=RaftServer,group=group-86A7EE2969DF,id=f63ed8cc-e2f4-41d9-beda-0901db6921f5
2019-10-08 20:35:02,735 [main] INFO  util.JmxRegister (JmxRegister.java:unregister(73)) - Successfully un-registered JMX Bean with object name Ratis:service=RaftServer,group=group-8D8DB61C6852,id=f38d24ff-b8ec-401e-8eaa-834885a42f3b
2019-10-08 20:35:02,735 [ForkJoinPool.commonPool-worker-0] INFO  impl.RoleInfo (RoleInfo.java:shutdownLeaderElection(134)) - f63ed8cc-e2f4-41d9-beda-0901db6921f5: shutdown LeaderElection
2019-10-08 20:35:02,736 [main] INFO  impl.RoleInfo (RoleInfo.java:shutdownLeaderState(104)) - f38d24ff-b8ec-401e-8eaa-834885a42f3b: shutdown LeaderState
2019-10-08 20:35:02,736 [ForkJoinPool.commonPool-worker-0] INFO  impl.StateMachineUpdater (StateMachineUpdater.java:stopAndJoin(136)) - f63ed8cc-e2f4-41d9-beda-0901db6921f5@group-86A7EE2969DF-StateMachineUpdater: set stopIndex = -1
2019-10-08 20:35:02,736 [main] INFO  impl.PendingRequests (PendingRequests.java:sendNotLeaderResponses(202)) - f38d24ff-b8ec-401e-8eaa-834885a42f3b@group-8D8DB61C6852-PendingRequests: sendNotLeaderResponses
2019-10-08 20:35:02,736 [ForkJoinPool.commonPool-worker-0] INFO  impl.RaftServerImpl (ServerState.java:close(387)) - f63ed8cc-e2f4-41d9-beda-0901db6921f5@group-86A7EE2969DF: closes. applyIndex: -1
2019-10-08 20:35:02,737 [main] INFO  impl.StateMachineUpdater (StateMachineUpdater.java:stopAndJoin(136)) - f38d24ff-b8ec-401e-8eaa-834885a42f3b@group-8D8DB61C6852-StateMachineUpdater: set stopIndex = 0
2019-10-08 20:35:02,738 [main] INFO  impl.RaftServerImpl (ServerState.java:close(387)) - f38d24ff-b8ec-401e-8eaa-834885a42f3b@group-8D8DB61C6852: closes. applyIndex: 0
2019-10-08 20:35:02,738 [f63ed8cc-e2f4-41d9-beda-0901db6921f5@group-86A7EE2969DF-SegmentedRaftLogWorker] INFO  segmented.SegmentedRaftLogWorker (SegmentedRaftLogWorker.java:run(316)) - f63ed8cc-e2f4-41d9-beda-0901db6921f5@group-86A7EE2969DF-SegmentedRaftLogWorker was interrupted, exiting. There are 0 tasks remaining in the queue.
2019-10-08 20:35:02,738 [f38d24ff-b8ec-401e-8eaa-834885a42f3b@group-8D8DB61C6852-SegmentedRaftLogWorker] INFO  segmented.SegmentedRaftLogWorker (SegmentedRaftLogWorker.java:run(316)) - f38d24ff-b8ec-401e-8eaa-834885a42f3b@group-8D8DB61C6852-SegmentedRaftLogWorker was interrupted, exiting. There are 0 tasks remaining in the queue.
2019-10-08 20:35:02,738 [ForkJoinPool.commonPool-worker-0] INFO  segmented.SegmentedRaftLogWorker (SegmentedRaftLogWorker.java:close(224)) - f63ed8cc-e2f4-41d9-beda-0901db6921f5@group-86A7EE2969DF-SegmentedRaftLogWorker close()
2019-10-08 20:35:02,739 [main] INFO  segmented.SegmentedRaftLogWorker (SegmentedRaftLogWorker.java:close(224)) - f38d24ff-b8ec-401e-8eaa-834885a42f3b@group-8D8DB61C6852-SegmentedRaftLogWorker close()
2019-10-08 20:35:02,743 [ForkJoinPool.commonPool-worker-0] INFO  server.GrpcService (GrpcService.java:closeImpl(164)) - f63ed8cc-e2f4-41d9-beda-0901db6921f5: shutdown server with port 33812 now
2019-10-08 20:35:02,743 [main] INFO  server.GrpcService (GrpcService.java:closeImpl(164)) - f38d24ff-b8ec-401e-8eaa-834885a42f3b: shutdown server with port 44884 now
2019-10-08 20:35:02,747 [ForkJoinPool.commonPool-worker-0] INFO  server.GrpcService (GrpcService.java:closeImpl(172)) - f63ed8cc-e2f4-41d9-beda-0901db6921f5: shutdown server with port 33812 successfully
2019-10-08 20:35:02,747 [main] INFO  server.GrpcService (GrpcService.java:closeImpl(172)) - f38d24ff-b8ec-401e-8eaa-834885a42f3b: shutdown server with port 44884 successfully
2019-10-08 20:35:02,754 [refreshUsed-/workdir/hadoop-ozone/integration-test/target/test-dir/MiniOzoneClusterImpl-0085ff61-ee12-43a7-9c52-2492090bedb6/datanode-0/data/containers] WARN  fs.CachingGetSpaceUsed (CachingGetSpaceUsed.java:run(183)) - Thread Interrupted waiting to refresh disk information: sleep interrupted
2019-10-08 20:35:02,755 [f63ed8cc-e2f4-41d9-beda-0901db6921f5@group-86A7EE2969DF-LeaderElection6] INFO  impl.LeaderElection (LeaderElection.java:askForVotes(178)) - f63ed8cc-e2f4-41d9-beda-0901db6921f5@group-86A7EE2969DF-LeaderElection6: begin an election at term 1 for -1: [f63ed8cc-e2f4-41d9-beda-0901db6921f5:192.168.5.143:33812], old=null
2019-10-08 20:35:02,756 [refreshUsed-/workdir/hadoop-ozone/integration-test/target/test-dir/MiniOzoneClusterImpl-0085ff61-ee12-43a7-9c52-2492090bedb6/datanode-1/data/containers] WARN  fs.CachingGetSpaceUsed (CachingGetSpaceUsed.java:run(183)) - Thread Interrupted waiting to refresh disk information: sleep interrupted
2019-10-08 20:35:02,758 [f63ed8cc-e2f4-41d9-beda-0901db6921f5@group-86A7EE2969DF-LeaderElection6] INFO  impl.LeaderElection (LeaderElection.java:run(137)) - f63ed8cc-e2f4-41d9-beda-0901db6921f5@group-86A7EE2969DF-LeaderElection6: IllegalArgumentException is safely ignored since this is already CLOSING
java.lang.IllegalArgumentException: f63ed8cc-e2f4-41d9-beda-0901db6921f5@group-86A7EE2969DF-SegmentedRaftLog is expected to be opened but it is CLOSED
	at org.apache.ratis.util.OpenCloseState.assertOpen(OpenCloseState.java:63)
	at org.apache.ratis.server.raftlog.RaftLog.checkLogState(RaftLog.java:102)
	at org.apache.ratis.server.raftlog.segmented.SegmentedRaftLog.getLastEntryTermIndex(SegmentedRaftLog.java:345)
	at org.apache.ratis.server.impl.LeaderElection.askForVotes(LeaderElection.java:180)
	at org.apache.ratis.server.impl.LeaderElection.run(LeaderElection.java:133)
	at java.lang.Thread.run(Thread.java:748)
Caused by: org.apache.ratis.util.OpenCloseState$CloseTrace: Close f63ed8cc-e2f4-41d9-beda-0901db6921f5@group-86A7EE2969DF-SegmentedRaftLog
	at org.apache.ratis.util.OpenCloseState.lambda$close$1(OpenCloseState.java:109)
	at java.util.concurrent.atomic.AtomicReference.getAndUpdate(AtomicReference.java:160)
	at org.apache.ratis.util.OpenCloseState.close(OpenCloseState.java:109)
	at org.apache.ratis.server.raftlog.RaftLog.close(RaftLog.java:437)
	at org.apache.ratis.server.raftlog.segmented.SegmentedRaftLog.close(SegmentedRaftLog.java:500)
	at org.apache.ratis.server.impl.ServerState.close(ServerState.java:389)
	at org.apache.ratis.server.impl.RaftServerImpl.lambda$shutdown$3(RaftServerImpl.java:269)
	at org.apache.ratis.util.LifeCycle.lambda$checkStateAndClose$2(LifeCycle.java:231)
	at org.apache.ratis.util.LifeCycle.checkStateAndClose(LifeCycle.java:251)
	at org.apache.ratis.util.LifeCycle.checkStateAndClose(LifeCycle.java:229)
	at org.apache.ratis.server.impl.RaftServerImpl.shutdown(RaftServerImpl.java:246)
	at org.apache.ratis.server.impl.RaftServerProxy$ImplMap.lambda$close$0(RaftServerProxy.java:107)
	at java.util.stream.ForEachOps$ForEachOp$OfRef.accept(ForEachOps.java:184)
	at java.util.stream.ReferencePipeline$3$1.accept(ReferencePipeline.java:193)
	at java.util.concurrent.ConcurrentHashMap$ValueSpliterator.forEachRemaining(ConcurrentHashMap.java:3566)
	at java.util.stream.AbstractPipeline.copyInto(AbstractPipeline.java:482)
	at java.util.stream.ForEachOps$ForEachTask.compute(ForEachOps.java:291)
	at java.util.concurrent.CountedCompleter.exec(CountedCompleter.java:731)
	at java.util.concurrent.ForkJoinTask.doExec(ForkJoinTask.java:289)
	at java.util.concurrent.ForkJoinPool.helpComplete(ForkJoinPool.java:1870)
	at java.util.concurrent.ForkJoinPool.awaitJoin(ForkJoinPool.java:2045)
	at java.util.concurrent.ForkJoinTask.doInvoke(ForkJoinTask.java:404)
	at java.util.concurrent.ForkJoinTask.invoke(ForkJoinTask.java:734)
	at java.util.stream.ForEachOps$ForEachOp.evaluateParallel(ForEachOps.java:160)
	at java.util.stream.ForEachOps$ForEachOp$OfRef.evaluateParallel(ForEachOps.java:174)
	at java.util.stream.AbstractPipeline.evaluate(AbstractPipeline.java:233)
	at java.util.stream.ReferencePipeline.forEach(ReferencePipeline.java:418)
	at org.apache.ratis.server.impl.RaftServerProxy$ImplMap.close(RaftServerProxy.java:107)
	at org.apache.ratis.server.impl.RaftServerProxy.lambda$close$4(RaftServerProxy.java:315)
	at org.apache.ratis.util.LifeCycle.lambda$checkStateAndClose$2(LifeCycle.java:231)
	at org.apache.ratis.util.LifeCycle.checkStateAndClose(LifeCycle.java:251)
	at org.apache.ratis.util.LifeCycle.checkStateAndClose(LifeCycle.java:229)
	at org.apache.ratis.server.impl.RaftServerProxy.close(RaftServerProxy.java:313)
	at org.apache.hadoop.ozone.container.common.transport.server.ratis.XceiverServerRatis.stop(XceiverServerRatis.java:455)
	at org.apache.hadoop.ozone.container.ozoneimpl.OzoneContainer.stop(OzoneContainer.java:229)
	at org.apache.hadoop.ozone.container.common.statemachine.DatanodeStateMachine.close(DatanodeStateMachine.java:270)
	at org.apache.hadoop.ozone.container.common.statemachine.DatanodeStateMachine.stopDaemon(DatanodeStateMachine.java:394)
	at org.apache.hadoop.ozone.HddsDatanodeService.stop(HddsDatanodeService.java:457)
	at org.apache.hadoop.ozone.MiniOzoneClusterImpl.stopDatanode(MiniOzoneClusterImpl.java:423)
	at java.util.stream.ForEachOps$ForEachOp$OfRef.accept(ForEachOps.java:184)
	at java.util.ArrayList$ArrayListSpliterator.forEachRemaining(ArrayList.java:1382)
	at java.util.stream.AbstractPipeline.copyInto(AbstractPipeline.java:482)
	at java.util.stream.ForEachOps$ForEachTask.compute(ForEachOps.java:291)
	at java.util.concurrent.CountedCompleter.exec(CountedCompleter.java:731)
	at java.util.concurrent.ForkJoinTask.doExec(ForkJoinTask.java:289)
	at java.util.concurrent.ForkJoinPool$WorkQueue.runTask(ForkJoinPool.java:1056)
	at java.util.concurrent.ForkJoinPool.runWorker(ForkJoinPool.java:1692)
	at java.util.concurrent.ForkJoinWorkerThread.run(ForkJoinWorkerThread.java:157)
2019-10-08 20:35:02,771 [ForkJoinPool.commonPool-worker-0] INFO  utils.BackgroundService (BackgroundService.java:shutdown(151)) - Shutting down service BlockDeletingService
2019-10-08 20:35:02,773 [ForkJoinPool.commonPool-worker-0] INFO  statemachine.DatanodeStateMachine (DatanodeStateMachine.java:stopDaemon(395)) - Ozone container server stopped.
2019-10-08 20:35:02,776 [ForkJoinPool.commonPool-worker-0] INFO  handler.ContextHandler (ContextHandler.java:doStop(910)) - Stopped o.e.j.w.WebAppContext@6edcad64{/,null,UNAVAILABLE}{/hddsDatanode}
2019-10-08 20:35:02,776 [ForkJoinPool.commonPool-worker-0] INFO  server.AbstractConnector (AbstractConnector.java:doStop(318)) - Stopped ServerConnector@4c6007fb{HTTP/1.1,[http/1.1]}{0.0.0.0:0}
2019-10-08 20:35:02,777 [ForkJoinPool.commonPool-worker-0] INFO  handler.ContextHandler (ContextHandler.java:doStop(910)) - Stopped o.e.j.s.ServletContextHandler@767a014e{/static,jar:file:/home/user/.m2/repository/org/apache/hadoop/hadoop-hdds-container-service/0.5.0-SNAPSHOT/hadoop-hdds-container-service-0.5.0-SNAPSHOT.jar!/webapps/static,UNAVAILABLE}
2019-10-08 20:35:02,778 [ForkJoinPool.commonPool-worker-0] INFO  handler.ContextHandler (ContextHandler.java:doStop(910)) - Stopped o.e.j.s.ServletContextHandler@2f236de0{/logs,file:///workdir/hadoop-ozone/integration-test/target/log,UNAVAILABLE}
2019-10-08 20:35:02,780 [main] INFO  utils.BackgroundService (BackgroundService.java:shutdown(151)) - Shutting down service BlockDeletingService
2019-10-08 20:35:02,782 [main] INFO  statemachine.DatanodeStateMachine (DatanodeStateMachine.java:stopDaemon(395)) - Ozone container server stopped.
2019-10-08 20:35:02,784 [main] INFO  handler.ContextHandler (ContextHandler.java:doStop(910)) - Stopped o.e.j.w.WebAppContext@30b131b2{/,null,UNAVAILABLE}{/hddsDatanode}
2019-10-08 20:35:02,784 [main] INFO  server.AbstractConnector (AbstractConnector.java:doStop(318)) - Stopped ServerConnector@2924f1d8{HTTP/1.1,[http/1.1]}{0.0.0.0:0}
2019-10-08 20:35:02,785 [main] INFO  handler.ContextHandler (ContextHandler.java:doStop(910)) - Stopped o.e.j.s.ServletContextHandler@12fcc71f{/static,jar:file:/home/user/.m2/repository/org/apache/hadoop/hadoop-hdds-container-service/0.5.0-SNAPSHOT/hadoop-hdds-container-service-0.5.0-SNAPSHOT.jar!/webapps/static,UNAVAILABLE}
2019-10-08 20:35:02,785 [main] INFO  handler.ContextHandler (ContextHandler.java:doStop(910)) - Stopped o.e.j.s.ServletContextHandler@68d7a2df{/logs,file:///workdir/hadoop-ozone/integration-test/target/log,UNAVAILABLE}
2019-10-08 20:35:03,389 [Datanode State Machine Thread - 0] INFO  statemachine.DatanodeStateMachine (DatanodeStateMachine.java:lambda$startDaemon$0(350)) - Ozone container server started.
2019-10-08 20:35:07,780 [ForkJoinPool.commonPool-worker-0] INFO  ozoneimpl.OzoneContainer (OzoneContainer.java:stop(227)) - Attempting to stop container services.
2019-10-08 20:35:07,781 [ForkJoinPool.commonPool-worker-0] INFO  impl.RaftServerProxy (RaftServerProxy.java:lambda$close$4(314)) - da35d025-f602-4636-9c4c-0df67fcff925: close
2019-10-08 20:35:07,781 [ForkJoinPool.commonPool-worker-0] INFO  impl.RaftServerImpl (RaftServerImpl.java:lambda$shutdown$3(247)) - da35d025-f602-4636-9c4c-0df67fcff925@group-28EB8833D82F: shutdown
2019-10-08 20:35:07,781 [ForkJoinPool.commonPool-worker-0] INFO  util.JmxRegister (JmxRegister.java:unregister(73)) - Successfully un-registered JMX Bean with object name Ratis:service=RaftServer,group=group-28EB8833D82F,id=da35d025-f602-4636-9c4c-0df67fcff925
2019-10-08 20:35:07,781 [ForkJoinPool.commonPool-worker-0] INFO  impl.RoleInfo (RoleInfo.java:shutdownFollowerState(121)) - da35d025-f602-4636-9c4c-0df67fcff925: shutdown FollowerState
2019-10-08 20:35:07,782 [ForkJoinPool.commonPool-worker-0] INFO  impl.StateMachineUpdater (StateMachineUpdater.java:stopAndJoin(136)) - da35d025-f602-4636-9c4c-0df67fcff925@group-28EB8833D82F-StateMachineUpdater: set stopIndex = 0
2019-10-08 20:35:07,782 [Thread-238] INFO  impl.FollowerState (FollowerState.java:run(117)) - da35d025-f602-4636-9c4c-0df67fcff925@group-28EB8833D82F-FollowerState was interrupted: java.lang.InterruptedException: sleep interrupted
2019-10-08 20:35:07,782 [ForkJoinPool.commonPool-worker-0] INFO  impl.RaftServerImpl (ServerState.java:close(387)) - da35d025-f602-4636-9c4c-0df67fcff925@group-28EB8833D82F: closes. applyIndex: 0
2019-10-08 20:35:07,784 [da35d025-f602-4636-9c4c-0df67fcff925@group-28EB8833D82F-SegmentedRaftLogWorker] INFO  segmented.SegmentedRaftLogWorker (SegmentedRaftLogWorker.java:run(316)) - da35d025-f602-4636-9c4c-0df67fcff925@group-28EB8833D82F-SegmentedRaftLogWorker was interrupted, exiting. There are 0 tasks remaining in the queue.
2019-10-08 20:35:07,807 [ForkJoinPool.commonPool-worker-0] INFO  segmented.SegmentedRaftLogWorker (SegmentedRaftLogWorker.java:close(224)) - da35d025-f602-4636-9c4c-0df67fcff925@group-28EB8833D82F-SegmentedRaftLogWorker close()
2019-10-08 20:35:07,809 [ForkJoinPool.commonPool-worker-0] INFO  impl.RaftServerImpl (RaftServerImpl.java:lambda$shutdown$3(247)) - da35d025-f602-4636-9c4c-0df67fcff925@group-E7CAB2B64B3E: shutdown
2019-10-08 20:35:07,809 [ForkJoinPool.commonPool-worker-0] INFO  util.JmxRegister (JmxRegister.java:unregister(73)) - Successfully un-registered JMX Bean with object name Ratis:service=RaftServer,group=group-E7CAB2B64B3E,id=da35d025-f602-4636-9c4c-0df67fcff925
2019-10-08 20:35:07,810 [ForkJoinPool.commonPool-worker-0] INFO  impl.RoleInfo (RoleInfo.java:shutdownLeaderState(104)) - da35d025-f602-4636-9c4c-0df67fcff925: shutdown LeaderState
2019-10-08 20:35:07,810 [ForkJoinPool.commonPool-worker-0] INFO  impl.PendingRequests (PendingRequests.java:sendNotLeaderResponses(202)) - da35d025-f602-4636-9c4c-0df67fcff925@group-E7CAB2B64B3E-PendingRequests: sendNotLeaderResponses
2019-10-08 20:35:07,810 [ForkJoinPool.commonPool-worker-0] INFO  impl.StateMachineUpdater (StateMachineUpdater.java:stopAndJoin(136)) - da35d025-f602-4636-9c4c-0df67fcff925@group-E7CAB2B64B3E-StateMachineUpdater: set stopIndex = 0
2019-10-08 20:35:07,811 [ForkJoinPool.commonPool-worker-0] INFO  impl.RaftServerImpl (ServerState.java:close(387)) - da35d025-f602-4636-9c4c-0df67fcff925@group-E7CAB2B64B3E: closes. applyIndex: 0
2019-10-08 20:35:07,811 [da35d025-f602-4636-9c4c-0df67fcff925@group-E7CAB2B64B3E-SegmentedRaftLogWorker] INFO  segmented.SegmentedRaftLogWorker (SegmentedRaftLogWorker.java:run(316)) - da35d025-f602-4636-9c4c-0df67fcff925@group-E7CAB2B64B3E-SegmentedRaftLogWorker was interrupted, exiting. There are 0 tasks remaining in the queue.
2019-10-08 20:35:07,813 [ForkJoinPool.commonPool-worker-0] INFO  segmented.SegmentedRaftLogWorker (SegmentedRaftLogWorker.java:close(224)) - da35d025-f602-4636-9c4c-0df67fcff925@group-E7CAB2B64B3E-SegmentedRaftLogWorker close()
2019-10-08 20:35:07,814 [ForkJoinPool.commonPool-worker-0] INFO  server.GrpcService (GrpcService.java:closeImpl(164)) - da35d025-f602-4636-9c4c-0df67fcff925: shutdown server with port 43688 now
2019-10-08 20:35:07,816 [ForkJoinPool.commonPool-worker-0] INFO  server.GrpcService (GrpcService.java:closeImpl(172)) - da35d025-f602-4636-9c4c-0df67fcff925: shutdown server with port 43688 successfully
2019-10-08 20:35:07,819 [refreshUsed-/workdir/hadoop-ozone/integration-test/target/test-dir/MiniOzoneClusterImpl-0085ff61-ee12-43a7-9c52-2492090bedb6/datanode-2/data/containers] WARN  fs.CachingGetSpaceUsed (CachingGetSpaceUsed.java:run(183)) - Thread Interrupted waiting to refresh disk information: sleep interrupted
2019-10-08 20:35:07,835 [ForkJoinPool.commonPool-worker-0] INFO  utils.BackgroundService (BackgroundService.java:shutdown(151)) - Shutting down service BlockDeletingService
2019-10-08 20:35:07,837 [ForkJoinPool.commonPool-worker-0] INFO  statemachine.DatanodeStateMachine (DatanodeStateMachine.java:stopDaemon(395)) - Ozone container server stopped.
2019-10-08 20:35:07,839 [ForkJoinPool.commonPool-worker-0] INFO  handler.ContextHandler (ContextHandler.java:doStop(910)) - Stopped o.e.j.w.WebAppContext@1981d861{/,null,UNAVAILABLE}{/hddsDatanode}
2019-10-08 20:35:07,840 [ForkJoinPool.commonPool-worker-0] INFO  server.AbstractConnector (AbstractConnector.java:doStop(318)) - Stopped ServerConnector@118ffcfd{HTTP/1.1,[http/1.1]}{0.0.0.0:0}
2019-10-08 20:35:07,840 [ForkJoinPool.commonPool-worker-0] INFO  handler.ContextHandler (ContextHandler.java:doStop(910)) - Stopped o.e.j.s.ServletContextHandler@121bb45b{/static,jar:file:/home/user/.m2/repository/org/apache/hadoop/hadoop-hdds-container-service/0.5.0-SNAPSHOT/hadoop-hdds-container-service-0.5.0-SNAPSHOT.jar!/webapps/static,UNAVAILABLE}
2019-10-08 20:35:07,841 [ForkJoinPool.commonPool-worker-0] INFO  handler.ContextHandler (ContextHandler.java:doStop(910)) - Stopped o.e.j.s.ServletContextHandler@32e54a9d{/logs,file:///workdir/hadoop-ozone/integration-test/target/log,UNAVAILABLE}
2019-10-08 20:35:07,842 [main] INFO  ozone.MiniOzoneClusterImpl (MiniOzoneClusterImpl.java:stopSCM(430)) - Stopping the StorageContainerManager
2019-10-08 20:35:07,842 [main] INFO  server.StorageContainerManager (StorageContainerManager.java:stop(810)) - Stopping Replication Manager Service.
2019-10-08 20:35:07,842 [main] INFO  container.ReplicationManager (ReplicationManager.java:stop(203)) - Stopping Replication Monitor Thread.
2019-10-08 20:35:07,842 [main] INFO  server.StorageContainerManager (StorageContainerManager.java:stop(817)) - Stopping Lease Manager of the command watchers
2019-10-08 20:35:07,843 [main] INFO  server.StorageContainerManager (StorageContainerManager.java:stop(824)) - Stopping datanode service RPC server
2019-10-08 20:35:07,843 [main] INFO  server.SCMDatanodeProtocolServer (SCMDatanodeProtocolServer.java:stop(346)) - Stopping the RPC server for DataNodes
2019-10-08 20:35:07,843 [main] INFO  ipc.Server (Server.java:stop(3082)) - Stopping server on 34760
2019-10-08 20:35:07,844 [IPC Server listener on 34760] INFO  ipc.Server (Server.java:run(1185)) - Stopping IPC Server listener on 34760
2019-10-08 20:35:07,845 [IPC Server Responder] INFO  ipc.Server (Server.java:run(1319)) - Stopping IPC Server Responder
2019-10-08 20:35:07,922 [SCM Heartbeat Processing Thread - 0] WARN  node.NodeStateManager (NodeStateManager.java:scheduleNextHealthCheck(646)) - Current Thread is interrupted, shutting down HB processing thread for Node Manager.
2019-10-08 20:35:07,923 [main] INFO  server.StorageContainerManager (StorageContainerManager.java:stop(832)) - Stopping block service RPC server
2019-10-08 20:35:07,923 [main] INFO  server.SCMBlockProtocolServer (SCMBlockProtocolServer.java:stop(155)) - Stopping the RPC server for Block Protocol
2019-10-08 20:35:07,923 [main] INFO  ipc.Server (Server.java:stop(3082)) - Stopping server on 39018
2019-10-08 20:35:07,924 [main] INFO  server.StorageContainerManager (StorageContainerManager.java:stop(839)) - Stopping the StorageContainerLocationProtocol RPC server
2019-10-08 20:35:07,925 [IPC Server Responder] INFO  ipc.Server (Server.java:run(1319)) - Stopping IPC Server Responder
2019-10-08 20:35:07,925 [main] INFO  server.SCMClientProtocolServer (SCMClientProtocolServer.java:stop(168)) - Stopping the RPC server for Client Protocol
2019-10-08 20:35:07,925 [IPC Server listener on 39018] INFO  ipc.Server (Server.java:run(1185)) - Stopping IPC Server listener on 39018
2019-10-08 20:35:07,925 [main] INFO  ipc.Server (Server.java:stop(3082)) - Stopping server on 36674
2019-10-08 20:35:07,928 [IPC Server listener on 36674] INFO  ipc.Server (Server.java:run(1185)) - Stopping IPC Server listener on 36674
2019-10-08 20:35:07,928 [main] INFO  server.StorageContainerManager (StorageContainerManager.java:stop(846)) - Stopping Storage Container Manager HTTP server.
2019-10-08 20:35:07,928 [IPC Server Responder] INFO  ipc.Server (Server.java:run(1319)) - Stopping IPC Server Responder
2019-10-08 20:35:07,929 [main] INFO  handler.ContextHandler (ContextHandler.java:doStop(910)) - Stopped o.e.j.w.WebAppContext@3d6300e8{/,null,UNAVAILABLE}{/scm}
2019-10-08 20:35:07,930 [main] INFO  server.AbstractConnector (AbstractConnector.java:doStop(318)) - Stopped ServerConnector@3af4e0bf{HTTP/1.1,[http/1.1]}{0.0.0.0:0}
2019-10-08 20:35:07,930 [main] INFO  handler.ContextHandler (ContextHandler.java:doStop(910)) - Stopped o.e.j.s.ServletContextHandler@42f8285e{/static,file:///workdir/hadoop-ozone/integration-test/target/test-classes/webapps/static,UNAVAILABLE}
2019-10-08 20:35:07,931 [main] INFO  handler.ContextHandler (ContextHandler.java:doStop(910)) - Stopped o.e.j.s.ServletContextHandler@65fe9e33{/logs,file:///workdir/hadoop-ozone/integration-test/target/log,UNAVAILABLE}
2019-10-08 20:35:07,932 [main] INFO  server.StorageContainerManager (StorageContainerManager.java:stop(857)) - Stopping Block Manager Service.
2019-10-08 20:35:07,933 [main] INFO  utils.BackgroundService (BackgroundService.java:shutdown(151)) - Shutting down service SCMBlockDeletingService
2019-10-08 20:35:07,933 [main] INFO  utils.BackgroundService (BackgroundService.java:shutdown(151)) - Shutting down service SCMBlockDeletingService
2019-10-08 20:35:07,934 [main] INFO  server.StorageContainerManager (StorageContainerManager.java:stop(879)) - Stopping SCM Event Queue.
2019-10-08 20:35:07,940 [main] INFO  impl.MetricsSystemImpl (MetricsSystemImpl.java:stop(210)) - Stopping ratis metrics system...
2019-10-08 20:35:07,946 [prometheus] INFO  impl.MetricsSinkAdapter (MetricsSinkAdapter.java:publishMetricsFromQueue(141)) - prometheus thread interrupted.
2019-10-08 20:35:07,947 [main] INFO  impl.MetricsSystemImpl (MetricsSystemImpl.java:stop(216)) - ratis metrics system stopped.
]]></system-out>
    <system-err><![CDATA[ERROR StatusLogger No Log4j 2 configuration file found. Using default configuration (logging only errors to the console), or user programmatically provided configurations. Set system property 'log4j2.debug' to show Log4j 2 internal initialization logging. See https://logging.apache.org/log4j/2.x/manual/configuration.html for instructions on how to configure Log4j 2
]]></system-err>
  </testcase>
  <testcase name="testNumBlocksAllocated" classname="org.apache.hadoop.ozone.scm.pipeline.TestSCMPipelineMetrics" time="25.196"/>
  <testcase name="testPipelineCreation" classname="org.apache.hadoop.ozone.scm.pipeline.TestSCMPipelineMetrics" time="24.792"/>
</testsuite>