<?xml version="1.0" encoding="UTF-8"?>
<testsuite xmlns:xsi="http://www.w3.org/2001/XMLSchema-instance" xsi:noNamespaceSchemaLocation="https://maven.apache.org/surefire/maven-surefire-plugin/xsd/surefire-test-report.xsd" name="org.apache.hadoop.ozone.client.rpc.TestBlockOutputStreamWithFailures" time="769.032" tests="8" errors="0" skipped="0" failures="1">
  <properties>
    <property name="awt.toolkit" value="sun.awt.X11.XToolkit"/>
    <property name="file.encoding.pkg" value="sun.io"/>
    <property name="java.specification.version" value="1.8"/>
    <property name="sun.cpu.isalist" value=""/>
    <property name="sun.jnu.encoding" value="UTF-8"/>
    <property name="java.class.path" value="/workdir/hadoop-ozone/integration-test/target/test-classes:/workdir/hadoop-ozone/integration-test/target/classes:/home/user/.m2/repository/org/apache/hadoop/hadoop-ozone-common/0.5.0-SNAPSHOT/hadoop-ozone-common-0.5.0-SNAPSHOT.jar:/home/user/.m2/repository/org/apache/commons/commons-compress/1.4.1/commons-compress-1.4.1.jar:/home/user/.m2/repository/org/tukaani/xz/1.0/xz-1.0.jar:/home/user/.m2/repository/org/apache/hadoop/hadoop-common/3.2.0/hadoop-common-3.2.0.jar:/home/user/.m2/repository/org/apache/hadoop/hadoop-hdfs/3.2.0/hadoop-hdfs-3.2.0.jar:/home/user/.m2/repository/org/apache/hadoop/hadoop-hdfs-client/3.2.0/hadoop-hdfs-client-3.2.0.jar:/home/user/.m2/repository/com/fasterxml/jackson/core/jackson-annotations/2.9.9/jackson-annotations-2.9.9.jar:/home/user/.m2/repository/org/apache/hadoop/hadoop-hdds-common/0.5.0-SNAPSHOT/hadoop-hdds-common-0.5.0-SNAPSHOT.jar:/home/user/.m2/repository/javax/annotation/javax.annotation-api/1.2/javax.annotation-api-1.2.jar:/home/user/.m2/repository/org/apache/ratis/ratis-server/0.5.0-63cd2fb-SNAPSHOT/ratis-server-0.5.0-63cd2fb-SNAPSHOT.jar:/home/user/.m2/repository/org/apache/ratis/ratis-thirdparty-misc/0.2.0/ratis-thirdparty-misc-0.2.0.jar:/home/user/.m2/repository/org/apache/ratis/ratis-proto/0.5.0-63cd2fb-SNAPSHOT/ratis-proto-0.5.0-63cd2fb-SNAPSHOT.jar:/home/user/.m2/repository/org/apache/ratis/ratis-common/0.5.0-63cd2fb-SNAPSHOT/ratis-common-0.5.0-63cd2fb-SNAPSHOT.jar:/home/user/.m2/repository/org/apache/ratis/ratis-client/0.5.0-63cd2fb-SNAPSHOT/ratis-client-0.5.0-63cd2fb-SNAPSHOT.jar:/home/user/.m2/repository/org/apache/ratis/ratis-metrics/0.5.0-63cd2fb-SNAPSHOT/ratis-metrics-0.5.0-63cd2fb-SNAPSHOT.jar:/home/user/.m2/repository/com/github/joshelser/dropwizard-metrics-hadoop-metrics2-reporter/0.1.2/dropwizard-metrics-hadoop-metrics2-reporter-0.1.2.jar:/home/user/.m2/repository/io/dropwizard/metrics/metrics-jvm/3.2.5/metrics-jvm-3.2.5.jar:/home/user/.m2/repository/io/dropwizard/metrics/metrics-ganglia/3.2.5/metrics-ganglia-3.2.5.jar:/home/user/.m2/repository/info/ganglia/gmetric4j/gmetric4j/1.0.7/gmetric4j-1.0.7.jar:/home/user/.m2/repository/org/apache/ratis/ratis-netty/0.5.0-63cd2fb-SNAPSHOT/ratis-netty-0.5.0-63cd2fb-SNAPSHOT.jar:/home/user/.m2/repository/org/apache/ratis/ratis-grpc/0.5.0-63cd2fb-SNAPSHOT/ratis-grpc-0.5.0-63cd2fb-SNAPSHOT.jar:/home/user/.m2/repository/org/rocksdb/rocksdbjni/6.0.1/rocksdbjni-6.0.1.jar:/home/user/.m2/repository/org/apache/logging/log4j/log4j-api/2.11.0/log4j-api-2.11.0.jar:/home/user/.m2/repository/org/apache/logging/log4j/log4j-core/2.11.0/log4j-core-2.11.0.jar:/home/user/.m2/repository/com/lmax/disruptor/3.4.2/disruptor-3.4.2.jar:/home/user/.m2/repository/org/apache/commons/commons-pool2/2.6.0/commons-pool2-2.6.0.jar:/home/user/.m2/repository/org/bouncycastle/bcpkix-jdk15on/1.60/bcpkix-jdk15on-1.60.jar:/home/user/.m2/repository/commons-validator/commons-validator/1.6/commons-validator-1.6.jar:/home/user/.m2/repository/commons-digester/commons-digester/1.8.1/commons-digester-1.8.1.jar:/home/user/.m2/repository/io/jaegertracing/jaeger-client/0.34.0/jaeger-client-0.34.0.jar:/home/user/.m2/repository/io/jaegertracing/jaeger-thrift/0.34.0/jaeger-thrift-0.34.0.jar:/home/user/.m2/repository/org/apache/thrift/libthrift/0.12.0/libthrift-0.12.0.jar:/home/user/.m2/repository/com/squareup/okhttp3/okhttp/3.9.0/okhttp-3.9.0.jar:/home/user/.m2/repository/com/squareup/okio/okio/1.13.0/okio-1.13.0.jar:/home/user/.m2/repository/io/jaegertracing/jaeger-core/0.34.0/jaeger-core-0.34.0.jar:/home/user/.m2/repository/io/jaegertracing/jaeger-tracerresolver/0.34.0/jaeger-tracerresolver-0.34.0.jar:/home/user/.m2/repository/io/opentracing/contrib/opentracing-tracerresolver/0.1.5/opentracing-tracerresolver-0.1.5.jar:/home/user/.m2/repository/io/opentracing/opentracing-util/0.31.0/opentracing-util-0.31.0.jar:/home/user/.m2/repository/io/opentracing/opentracing-api/0.31.0/opentracing-api-0.31.0.jar:/home/user/.m2/repository/io/opentracing/opentracing-noop/0.31.0/opentracing-noop-0.31.0.jar:/home/user/.m2/repository/org/apache/hadoop/hadoop-hdds-server-framework/0.5.0-SNAPSHOT/hadoop-hdds-server-framework-0.5.0-SNAPSHOT.jar:/home/user/.m2/repository/org/apache/hadoop/hadoop-hdds-container-service/0.5.0-SNAPSHOT/hadoop-hdds-container-service-0.5.0-SNAPSHOT.jar:/home/user/.m2/repository/org/apache/hadoop/hadoop-hdds-client/0.5.0-SNAPSHOT/hadoop-hdds-client-0.5.0-SNAPSHOT.jar:/home/user/.m2/repository/org/apache/hadoop/hadoop-hdds-tools/0.5.0-SNAPSHOT/hadoop-hdds-tools-0.5.0-SNAPSHOT.jar:/home/user/.m2/repository/org/apache/hadoop/hadoop-hdds-server-scm/0.5.0-SNAPSHOT/hadoop-hdds-server-scm-0.5.0-SNAPSHOT.jar:/home/user/.m2/repository/org/apache/hadoop/hadoop-hdds-docs/0.5.0-SNAPSHOT/hadoop-hdds-docs-0.5.0-SNAPSHOT.jar:/home/user/.m2/repository/io/dropwizard/metrics/metrics-core/3.2.4/metrics-core-3.2.4.jar:/home/user/.m2/repository/org/hamcrest/hamcrest-all/1.3/hamcrest-all-1.3.jar:/home/user/.m2/repository/org/bouncycastle/bcprov-jdk15on/1.60/bcprov-jdk15on-1.60.jar:/home/user/.m2/repository/info/picocli/picocli/3.9.6/picocli-3.9.6.jar:/home/user/.m2/repository/com/google/protobuf/protobuf-java/2.5.0/protobuf-java-2.5.0.jar:/home/user/.m2/repository/com/google/guava/guava/11.0.2/guava-11.0.2.jar:/home/user/.m2/repository/org/apache/hadoop/hadoop-ozone-ozone-manager/0.5.0-SNAPSHOT/hadoop-ozone-ozone-manager-0.5.0-SNAPSHOT.jar:/home/user/.m2/repository/org/apache/hadoop/hadoop-minikdc/3.2.0/hadoop-minikdc-3.2.0.jar:/home/user/.m2/repository/commons-io/commons-io/2.5/commons-io-2.5.jar:/home/user/.m2/repository/org/apache/kerby/kerb-simplekdc/1.0.1/kerb-simplekdc-1.0.1.jar:/home/user/.m2/repository/org/apache/kerby/kerb-client/1.0.1/kerb-client-1.0.1.jar:/home/user/.m2/repository/org/apache/kerby/kerby-config/1.0.1/kerby-config-1.0.1.jar:/home/user/.m2/repository/org/apache/kerby/kerb-core/1.0.1/kerb-core-1.0.1.jar:/home/user/.m2/repository/org/apache/kerby/kerby-pkix/1.0.1/kerby-pkix-1.0.1.jar:/home/user/.m2/repository/org/apache/kerby/kerby-asn1/1.0.1/kerby-asn1-1.0.1.jar:/home/user/.m2/repository/org/apache/kerby/kerby-util/1.0.1/kerby-util-1.0.1.jar:/home/user/.m2/repository/org/apache/kerby/kerb-common/1.0.1/kerb-common-1.0.1.jar:/home/user/.m2/repository/org/apache/kerby/kerb-crypto/1.0.1/kerb-crypto-1.0.1.jar:/home/user/.m2/repository/org/apache/kerby/kerb-util/1.0.1/kerb-util-1.0.1.jar:/home/user/.m2/repository/org/apache/kerby/token-provider/1.0.1/token-provider-1.0.1.jar:/home/user/.m2/repository/org/apache/kerby/kerb-admin/1.0.1/kerb-admin-1.0.1.jar:/home/user/.m2/repository/org/apache/kerby/kerb-server/1.0.1/kerb-server-1.0.1.jar:/home/user/.m2/repository/org/apache/kerby/kerb-identity/1.0.1/kerb-identity-1.0.1.jar:/home/user/.m2/repository/org/apache/kerby/kerby-xdr/1.0.1/kerby-xdr-1.0.1.jar:/home/user/.m2/repository/org/slf4j/slf4j-log4j12/1.7.25/slf4j-log4j12-1.7.25.jar:/home/user/.m2/repository/org/apache/hadoop/hadoop-ozone-s3gateway/0.5.0-SNAPSHOT/hadoop-ozone-s3gateway-0.5.0-SNAPSHOT.jar:/home/user/.m2/repository/org/jboss/weld/servlet/weld-servlet/2.4.7.Final/weld-servlet-2.4.7.Final.jar:/home/user/.m2/repository/org/glassfish/jersey/containers/jersey-container-servlet-core/2.27/jersey-container-servlet-core-2.27.jar:/home/user/.m2/repository/org/glassfish/hk2/external/javax.inject/2.5.0-b42/javax.inject-2.5.0-b42.jar:/home/user/.m2/repository/org/glassfish/jersey/core/jersey-common/2.27/jersey-common-2.27.jar:/home/user/.m2/repository/org/glassfish/hk2/osgi-resource-locator/1.0.1/osgi-resource-locator-1.0.1.jar:/home/user/.m2/repository/javax/ws/rs/javax.ws.rs-api/2.1/javax.ws.rs-api-2.1.jar:/home/user/.m2/repository/org/glassfish/jersey/ext/cdi/jersey-cdi1x/2.27/jersey-cdi1x-2.27.jar:/home/user/.m2/repository/org/glassfish/jersey/inject/jersey-hk2/2.27/jersey-hk2-2.27.jar:/home/user/.m2/repository/org/glassfish/hk2/hk2-locator/2.5.0-b42/hk2-locator-2.5.0-b42.jar:/home/user/.m2/repository/org/javassist/javassist/3.22.0-CR2/javassist-3.22.0-CR2.jar:/home/user/.m2/repository/org/glassfish/hk2/hk2-api/2.5.0/hk2-api-2.5.0.jar:/home/user/.m2/repository/org/glassfish/hk2/external/jakarta.inject/2.5.0/jakarta.inject-2.5.0.jar:/home/user/.m2/repository/org/glassfish/hk2/hk2-utils/2.5.0/hk2-utils-2.5.0.jar:/home/user/.m2/repository/jakarta/annotation/jakarta.annotation-api/1.3.4/jakarta.annotation-api-1.3.4.jar:/home/user/.m2/repository/org/glassfish/hk2/external/aopalliance-repackaged/2.5.0/aopalliance-repackaged-2.5.0.jar:/home/user/.m2/repository/com/fasterxml/jackson/dataformat/jackson-dataformat-xml/2.9.0/jackson-dataformat-xml-2.9.0.jar:/home/user/.m2/repository/com/fasterxml/jackson/core/jackson-core/2.9.9/jackson-core-2.9.9.jar:/home/user/.m2/repository/com/fasterxml/jackson/module/jackson-module-jaxb-annotations/2.9.9/jackson-module-jaxb-annotations-2.9.9.jar:/home/user/.m2/repository/javax/enterprise/cdi-api/1.2/cdi-api-1.2.jar:/home/user/.m2/repository/javax/el/javax.el-api/3.0.0/javax.el-api-3.0.0.jar:/home/user/.m2/repository/javax/interceptor/javax.interceptor-api/1.2/javax.interceptor-api-1.2.jar:/home/user/.m2/repository/javax/inject/javax.inject/1/javax.inject-1.jar:/home/user/.m2/repository/com/sun/xml/bind/jaxb-impl/2.3.0.1/jaxb-impl-2.3.0.1.jar:/home/user/.m2/repository/com/sun/xml/bind/jaxb-core/2.3.0.1/jaxb-core-2.3.0.1.jar:/home/user/.m2/repository/javax/xml/bind/jaxb-api/2.3.0/jaxb-api-2.3.0.jar:/home/user/.m2/repository/javax/activation/activation/1.1.1/activation-1.1.1.jar:/home/user/.m2/repository/org/apache/hadoop/hadoop-ozone-csi/0.5.0-SNAPSHOT/hadoop-ozone-csi-0.5.0-SNAPSHOT.jar:/home/user/.m2/repository/com/google/protobuf/protobuf-java-util/3.5.1/protobuf-java-util-3.5.1.jar:/home/user/.m2/repository/org/apache/hadoop/hadoop-hdds-config/0.5.0-SNAPSHOT/hadoop-hdds-config-0.5.0-SNAPSHOT.jar:/home/user/.m2/repository/io/grpc/grpc-netty/1.17.1/grpc-netty-1.17.1.jar:/home/user/.m2/repository/io/grpc/grpc-core/1.17.1/grpc-core-1.17.1.jar:/home/user/.m2/repository/io/grpc/grpc-context/1.17.1/grpc-context-1.17.1.jar:/home/user/.m2/repository/com/google/errorprone/error_prone_annotations/2.2.0/error_prone_annotations-2.2.0.jar:/home/user/.m2/repository/org/codehaus/mojo/animal-sniffer-annotations/1.17/animal-sniffer-annotations-1.17.jar:/home/user/.m2/repository/io/opencensus/opencensus-api/0.17.0/opencensus-api-0.17.0.jar:/home/user/.m2/repository/io/opencensus/opencensus-contrib-grpc-metrics/0.17.0/opencensus-contrib-grpc-metrics-0.17.0.jar:/home/user/.m2/repository/io/netty/netty-codec-http2/4.1.30.Final/netty-codec-http2-4.1.30.Final.jar:/home/user/.m2/repository/io/netty/netty-codec-http/4.1.30.Final/netty-codec-http-4.1.30.Final.jar:/home/user/.m2/repository/io/netty/netty-codec/4.1.30.Final/netty-codec-4.1.30.Final.jar:/home/user/.m2/repository/io/netty/netty-handler/4.1.30.Final/netty-handler-4.1.30.Final.jar:/home/user/.m2/repository/io/netty/netty-handler-proxy/4.1.30.Final/netty-handler-proxy-4.1.30.Final.jar:/home/user/.m2/repository/io/netty/netty-codec-socks/4.1.30.Final/netty-codec-socks-4.1.30.Final.jar:/home/user/.m2/repository/io/netty/netty-transport-native-epoll/4.1.30.Final/netty-transport-native-epoll-4.1.30.Final.jar:/home/user/.m2/repository/io/netty/netty-common/4.1.30.Final/netty-common-4.1.30.Final.jar:/home/user/.m2/repository/io/netty/netty-buffer/4.1.30.Final/netty-buffer-4.1.30.Final.jar:/home/user/.m2/repository/io/netty/netty-transport/4.1.30.Final/netty-transport-4.1.30.Final.jar:/home/user/.m2/repository/io/netty/netty-resolver/4.1.30.Final/netty-resolver-4.1.30.Final.jar:/home/user/.m2/repository/io/netty/netty-transport-native-unix-common/4.1.30.Final/netty-transport-native-unix-common-4.1.30.Final.jar:/home/user/.m2/repository/io/grpc/grpc-protobuf/1.17.1/grpc-protobuf-1.17.1.jar:/home/user/.m2/repository/com/google/api/grpc/proto-google-common-protos/1.0.0/proto-google-common-protos-1.0.0.jar:/home/user/.m2/repository/io/grpc/grpc-protobuf-lite/1.17.1/grpc-protobuf-lite-1.17.1.jar:/home/user/.m2/repository/io/grpc/grpc-stub/1.17.1/grpc-stub-1.17.1.jar:/home/user/.m2/repository/org/apache/hadoop/hadoop-ozone-recon/0.5.0-SNAPSHOT/hadoop-ozone-recon-0.5.0-SNAPSHOT.jar:/home/user/.m2/repository/org/apache/hadoop/hadoop-ozone-reconcodegen/0.5.0-SNAPSHOT/hadoop-ozone-reconcodegen-0.5.0-SNAPSHOT.jar:/home/user/.m2/repository/com/google/inject/extensions/guice-multibindings/4.0/guice-multibindings-4.0.jar:/home/user/.m2/repository/com/google/inject/guice/4.0/guice-4.0.jar:/home/user/.m2/repository/aopalliance/aopalliance/1.0/aopalliance-1.0.jar:/home/user/.m2/repository/com/google/inject/extensions/guice-servlet/4.0/guice-servlet-4.0.jar:/home/user/.m2/repository/org/glassfish/jersey/containers/jersey-container-servlet/2.27/jersey-container-servlet-2.27.jar:/home/user/.m2/repository/org/glassfish/hk2/guice-bridge/2.5.0/guice-bridge-2.5.0.jar:/home/user/.m2/repository/org/glassfish/jersey/core/jersey-server/2.27/jersey-server-2.27.jar:/home/user/.m2/repository/org/glassfish/jersey/core/jersey-client/2.27/jersey-client-2.27.jar:/home/user/.m2/repository/org/glassfish/jersey/media/jersey-media-jaxb/2.27/jersey-media-jaxb-2.27.jar:/home/user/.m2/repository/javax/validation/validation-api/1.1.0.Final/validation-api-1.1.0.Final.jar:/home/user/.m2/repository/org/glassfish/jersey/media/jersey-media-json-jackson/2.27/jersey-media-json-jackson-2.27.jar:/home/user/.m2/repository/org/glassfish/jersey/ext/jersey-entity-filtering/2.27/jersey-entity-filtering-2.27.jar:/home/user/.m2/repository/com/google/inject/extensions/guice-assistedinject/4.0/guice-assistedinject-4.0.jar:/home/user/.m2/repository/org/jooq/jooq/3.11.10/jooq-3.11.10.jar:/home/user/.m2/repository/org/jooq/jooq-meta/3.11.10/jooq-meta-3.11.10.jar:/home/user/.m2/repository/org/jooq/jooq-codegen/3.11.10/jooq-codegen-3.11.10.jar:/home/user/.m2/repository/com/jolbox/bonecp/0.8.0.RELEASE/bonecp-0.8.0.RELEASE.jar:/home/user/.m2/repository/org/xerial/sqlite-jdbc/3.25.2/sqlite-jdbc-3.25.2.jar:/home/user/.m2/repository/org/springframework/spring-jdbc/5.1.3.RELEASE/spring-jdbc-5.1.3.RELEASE.jar:/home/user/.m2/repository/org/springframework/spring-beans/5.1.3.RELEASE/spring-beans-5.1.3.RELEASE.jar:/home/user/.m2/repository/org/springframework/spring-core/5.1.3.RELEASE/spring-core-5.1.3.RELEASE.jar:/home/user/.m2/repository/org/springframework/spring-jcl/5.1.3.RELEASE/spring-jcl-5.1.3.RELEASE.jar:/home/user/.m2/repository/org/springframework/spring-tx/5.1.3.RELEASE/spring-tx-5.1.3.RELEASE.jar:/home/user/.m2/repository/org/apache/hadoop/hadoop-ozone-client/0.5.0-SNAPSHOT/hadoop-ozone-client-0.5.0-SNAPSHOT.jar:/home/user/.m2/repository/commons-lang/commons-lang/2.6/commons-lang-2.6.jar:/home/user/.m2/repository/org/apache/hadoop/hadoop-ozone-ozone-manager/0.5.0-SNAPSHOT/hadoop-ozone-ozone-manager-0.5.0-SNAPSHOT-tests.jar:/home/user/.m2/repository/junit/junit/4.11/junit-4.11.jar:/home/user/.m2/repository/org/hamcrest/hamcrest-core/1.3/hamcrest-core-1.3.jar:/home/user/.m2/repository/org/openjdk/jmh/jmh-core/1.19/jmh-core-1.19.jar:/home/user/.m2/repository/net/sf/jopt-simple/jopt-simple/4.6/jopt-simple-4.6.jar:/home/user/.m2/repository/org/apache/commons/commons-math3/3.1.1/commons-math3-3.1.1.jar:/home/user/.m2/repository/org/openjdk/jmh/jmh-generator-annprocess/1.19/jmh-generator-annprocess-1.19.jar:/home/user/.m2/repository/org/mockito/mockito-all/1.8.5/mockito-all-1.8.5.jar:/home/user/.m2/repository/org/apache/hadoop/hadoop-kms/3.2.0/hadoop-kms-3.2.0.jar:/home/user/.m2/repository/org/apache/hadoop/hadoop-auth/3.2.0/hadoop-auth-3.2.0.jar:/home/user/.m2/repository/com/nimbusds/nimbus-jose-jwt/4.41.1/nimbus-jose-jwt-4.41.1.jar:/home/user/.m2/repository/com/github/stephenc/jcip/jcip-annotations/1.0-1/jcip-annotations-1.0-1.jar:/home/user/.m2/repository/net/minidev/json-smart/2.3/json-smart-2.3.jar:/home/user/.m2/repository/net/minidev/accessors-smart/1.2/accessors-smart-1.2.jar:/home/user/.m2/repository/org/ow2/asm/asm/5.0.4/asm-5.0.4.jar:/home/user/.m2/repository/org/apache/curator/curator-framework/2.12.0/curator-framework-2.12.0.jar:/home/user/.m2/repository/com/sun/jersey/jersey-core/1.19/jersey-core-1.19.jar:/home/user/.m2/repository/javax/ws/rs/jsr311-api/1.1.1/jsr311-api-1.1.1.jar:/home/user/.m2/repository/com/sun/jersey/jersey-server/1.19/jersey-server-1.19.jar:/home/user/.m2/repository/javax/servlet/javax.servlet-api/3.1.0/javax.servlet-api-3.1.0.jar:/home/user/.m2/repository/org/eclipse/jetty/jetty-server/9.3.25.v20180904/jetty-server-9.3.25.v20180904.jar:/home/user/.m2/repository/org/eclipse/jetty/jetty-http/9.3.25.v20180904/jetty-http-9.3.25.v20180904.jar:/home/user/.m2/repository/org/eclipse/jetty/jetty-io/9.3.25.v20180904/jetty-io-9.3.25.v20180904.jar:/home/user/.m2/repository/org/eclipse/jetty/jetty-webapp/9.3.25.v20180904/jetty-webapp-9.3.25.v20180904.jar:/home/user/.m2/repository/org/eclipse/jetty/jetty-xml/9.3.25.v20180904/jetty-xml-9.3.25.v20180904.jar:/home/user/.m2/repository/log4j/log4j/1.2.17/log4j-1.2.17.jar:/home/user/.m2/repository/org/slf4j/slf4j-api/1.7.25/slf4j-api-1.7.25.jar:/home/user/.m2/repository/org/slf4j/jul-to-slf4j/1.7.25/jul-to-slf4j-1.7.25.jar:/home/user/.m2/repository/org/eclipse/jetty/jetty-util/9.3.25.v20180904/jetty-util-9.3.25.v20180904.jar:/home/user/.m2/repository/com/fasterxml/jackson/core/jackson-databind/2.9.9/jackson-databind-2.9.9.jar:/home/user/.m2/repository/org/apache/hadoop/hadoop-kms/3.2.0/hadoop-kms-3.2.0-tests.jar:/home/user/.m2/repository/org/apache/hadoop/hadoop-hdds-server-scm/0.5.0-SNAPSHOT/hadoop-hdds-server-scm-0.5.0-SNAPSHOT-tests.jar:/home/user/.m2/repository/org/apache/hadoop/hadoop-hdds-container-service/0.5.0-SNAPSHOT/hadoop-hdds-container-service-0.5.0-SNAPSHOT-tests.jar:/home/user/.m2/repository/org/yaml/snakeyaml/1.16/snakeyaml-1.16.jar:/home/user/.m2/repository/org/apache/hadoop/hadoop-common/3.2.0/hadoop-common-3.2.0-tests.jar:/home/user/.m2/repository/org/apache/hadoop/hadoop-annotations/3.2.0/hadoop-annotations-3.2.0.jar:/usr/lib/jvm/java-1.8-openjdk/jre/../lib/tools.jar:/home/user/.m2/repository/commons-cli/commons-cli/1.2/commons-cli-1.2.jar:/home/user/.m2/repository/org/apache/httpcomponents/httpclient/4.5.2/httpclient-4.5.2.jar:/home/user/.m2/repository/org/apache/httpcomponents/httpcore/4.4.4/httpcore-4.4.4.jar:/home/user/.m2/repository/commons-codec/commons-codec/1.11/commons-codec-1.11.jar:/home/user/.m2/repository/commons-net/commons-net/3.6/commons-net-3.6.jar:/home/user/.m2/repository/commons-collections/commons-collections/3.2.2/commons-collections-3.2.2.jar:/home/user/.m2/repository/org/eclipse/jetty/jetty-servlet/9.3.25.v20180904/jetty-servlet-9.3.25.v20180904.jar:/home/user/.m2/repository/org/eclipse/jetty/jetty-security/9.3.25.v20180904/jetty-security-9.3.25.v20180904.jar:/home/user/.m2/repository/javax/servlet/jsp/jsp-api/2.1/jsp-api-2.1.jar:/home/user/.m2/repository/com/sun/jersey/jersey-servlet/1.19/jersey-servlet-1.19.jar:/home/user/.m2/repository/com/sun/jersey/jersey-json/1.19/jersey-json-1.19.jar:/home/user/.m2/repository/org/codehaus/jettison/jettison/1.1/jettison-1.1.jar:/home/user/.m2/repository/org/codehaus/jackson/jackson-core-asl/1.9.13/jackson-core-asl-1.9.13.jar:/home/user/.m2/repository/org/codehaus/jackson/jackson-mapper-asl/1.9.13/jackson-mapper-asl-1.9.13.jar:/home/user/.m2/repository/org/codehaus/jackson/jackson-jaxrs/1.9.13/jackson-jaxrs-1.9.13.jar:/home/user/.m2/repository/org/codehaus/jackson/jackson-xc/1.9.13/jackson-xc-1.9.13.jar:/home/user/.m2/repository/commons-logging/commons-logging/1.1.3/commons-logging-1.1.3.jar:/home/user/.m2/repository/commons-beanutils/commons-beanutils/1.9.4/commons-beanutils-1.9.4.jar:/home/user/.m2/repository/org/apache/commons/commons-configuration2/2.1.1/commons-configuration2-2.1.1.jar:/home/user/.m2/repository/org/apache/commons/commons-lang3/3.7/commons-lang3-3.7.jar:/home/user/.m2/repository/org/apache/commons/commons-text/1.4/commons-text-1.4.jar:/home/user/.m2/repository/org/apache/avro/avro/1.7.7/avro-1.7.7.jar:/home/user/.m2/repository/com/thoughtworks/paranamer/paranamer/2.3/paranamer-2.3.jar:/home/user/.m2/repository/org/xerial/snappy/snappy-java/1.0.5/snappy-java-1.0.5.jar:/home/user/.m2/repository/com/google/re2j/re2j/1.1/re2j-1.1.jar:/home/user/.m2/repository/com/google/code/gson/gson/2.2.4/gson-2.2.4.jar:/home/user/.m2/repository/com/jcraft/jsch/0.1.54/jsch-0.1.54.jar:/home/user/.m2/repository/org/apache/curator/curator-client/2.12.0/curator-client-2.12.0.jar:/home/user/.m2/repository/org/apache/curator/curator-recipes/2.12.0/curator-recipes-2.12.0.jar:/home/user/.m2/repository/com/google/code/findbugs/jsr305/3.0.0/jsr305-3.0.0.jar:/home/user/.m2/repository/org/apache/htrace/htrace-core4/4.1.0-incubating/htrace-core4-4.1.0-incubating.jar:/home/user/.m2/repository/org/apache/zookeeper/zookeeper/3.4.13/zookeeper-3.4.13.jar:/home/user/.m2/repository/jline/jline/0.9.94/jline-0.9.94.jar:/home/user/.m2/repository/org/apache/yetus/audience-annotations/0.5.0/audience-annotations-0.5.0.jar:/home/user/.m2/repository/org/codehaus/woodstox/stax2-api/3.1.4/stax2-api-3.1.4.jar:/home/user/.m2/repository/com/fasterxml/woodstox/woodstox-core/5.0.3/woodstox-core-5.0.3.jar:/home/user/.m2/repository/dnsjava/dnsjava/2.1.7/dnsjava-2.1.7.jar:/home/user/.m2/repository/org/apache/hadoop/hadoop-hdfs/3.2.0/hadoop-hdfs-3.2.0-tests.jar:/home/user/.m2/repository/org/eclipse/jetty/jetty-util-ajax/9.3.25.v20180904/jetty-util-ajax-9.3.25.v20180904.jar:/home/user/.m2/repository/commons-daemon/commons-daemon/1.0.13/commons-daemon-1.0.13.jar:/home/user/.m2/repository/io/netty/netty/3.10.5.Final/netty-3.10.5.Final.jar:/home/user/.m2/repository/io/netty/netty-all/4.0.52.Final/netty-all-4.0.52.Final.jar:/home/user/.m2/repository/org/fusesource/leveldbjni/leveldbjni-all/1.8/leveldbjni-all-1.8.jar:"/>
    <property name="java.vm.vendor" value="IcedTea"/>
    <property name="sun.arch.data.model" value="64"/>
    <property name="test.build.dir" value="/workdir/hadoop-ozone/integration-test/target/test-dir"/>
    <property name="test.cache.data" value=""/>
    <property name="java.vendor.url" value="https://icedtea.classpath.org"/>
    <property name="user.timezone" value=""/>
    <property name="java.vm.specification.version" value="1.8"/>
    <property name="os.name" value="Linux"/>
    <property name="test.build.data" value="/workdir/hadoop-ozone/integration-test/target/test-dir"/>
    <property name="user.country" value="US"/>
    <property name="sun.java.launcher" value="SUN_STANDARD"/>
    <property name="sun.boot.library.path" value="/usr/lib/jvm/java-1.8-openjdk/jre/lib/amd64"/>
    <property name="sun.java.command" value="/workdir/hadoop-ozone/integration-test/target/surefire/surefirebooter7834042152840401774.jar /workdir/hadoop-ozone/integration-test/target/surefire 2019-10-08T20-33-26_702-jvmRun1 surefire7177032140696849789tmp surefire_22583352293825644663tmp"/>
    <property name="test" value="!TestMiniChaosOzoneCluster"/>
    <property name="surefire.test.class.path" value="/workdir/hadoop-ozone/integration-test/target/test-classes:/workdir/hadoop-ozone/integration-test/target/classes:/home/user/.m2/repository/org/apache/hadoop/hadoop-ozone-common/0.5.0-SNAPSHOT/hadoop-ozone-common-0.5.0-SNAPSHOT.jar:/home/user/.m2/repository/org/apache/commons/commons-compress/1.4.1/commons-compress-1.4.1.jar:/home/user/.m2/repository/org/tukaani/xz/1.0/xz-1.0.jar:/home/user/.m2/repository/org/apache/hadoop/hadoop-common/3.2.0/hadoop-common-3.2.0.jar:/home/user/.m2/repository/org/apache/hadoop/hadoop-hdfs/3.2.0/hadoop-hdfs-3.2.0.jar:/home/user/.m2/repository/org/apache/hadoop/hadoop-hdfs-client/3.2.0/hadoop-hdfs-client-3.2.0.jar:/home/user/.m2/repository/com/fasterxml/jackson/core/jackson-annotations/2.9.9/jackson-annotations-2.9.9.jar:/home/user/.m2/repository/org/apache/hadoop/hadoop-hdds-common/0.5.0-SNAPSHOT/hadoop-hdds-common-0.5.0-SNAPSHOT.jar:/home/user/.m2/repository/javax/annotation/javax.annotation-api/1.2/javax.annotation-api-1.2.jar:/home/user/.m2/repository/org/apache/ratis/ratis-server/0.5.0-63cd2fb-SNAPSHOT/ratis-server-0.5.0-63cd2fb-SNAPSHOT.jar:/home/user/.m2/repository/org/apache/ratis/ratis-thirdparty-misc/0.2.0/ratis-thirdparty-misc-0.2.0.jar:/home/user/.m2/repository/org/apache/ratis/ratis-proto/0.5.0-63cd2fb-SNAPSHOT/ratis-proto-0.5.0-63cd2fb-SNAPSHOT.jar:/home/user/.m2/repository/org/apache/ratis/ratis-common/0.5.0-63cd2fb-SNAPSHOT/ratis-common-0.5.0-63cd2fb-SNAPSHOT.jar:/home/user/.m2/repository/org/apache/ratis/ratis-client/0.5.0-63cd2fb-SNAPSHOT/ratis-client-0.5.0-63cd2fb-SNAPSHOT.jar:/home/user/.m2/repository/org/apache/ratis/ratis-metrics/0.5.0-63cd2fb-SNAPSHOT/ratis-metrics-0.5.0-63cd2fb-SNAPSHOT.jar:/home/user/.m2/repository/com/github/joshelser/dropwizard-metrics-hadoop-metrics2-reporter/0.1.2/dropwizard-metrics-hadoop-metrics2-reporter-0.1.2.jar:/home/user/.m2/repository/io/dropwizard/metrics/metrics-jvm/3.2.5/metrics-jvm-3.2.5.jar:/home/user/.m2/repository/io/dropwizard/metrics/metrics-ganglia/3.2.5/metrics-ganglia-3.2.5.jar:/home/user/.m2/repository/info/ganglia/gmetric4j/gmetric4j/1.0.7/gmetric4j-1.0.7.jar:/home/user/.m2/repository/org/apache/ratis/ratis-netty/0.5.0-63cd2fb-SNAPSHOT/ratis-netty-0.5.0-63cd2fb-SNAPSHOT.jar:/home/user/.m2/repository/org/apache/ratis/ratis-grpc/0.5.0-63cd2fb-SNAPSHOT/ratis-grpc-0.5.0-63cd2fb-SNAPSHOT.jar:/home/user/.m2/repository/org/rocksdb/rocksdbjni/6.0.1/rocksdbjni-6.0.1.jar:/home/user/.m2/repository/org/apache/logging/log4j/log4j-api/2.11.0/log4j-api-2.11.0.jar:/home/user/.m2/repository/org/apache/logging/log4j/log4j-core/2.11.0/log4j-core-2.11.0.jar:/home/user/.m2/repository/com/lmax/disruptor/3.4.2/disruptor-3.4.2.jar:/home/user/.m2/repository/org/apache/commons/commons-pool2/2.6.0/commons-pool2-2.6.0.jar:/home/user/.m2/repository/org/bouncycastle/bcpkix-jdk15on/1.60/bcpkix-jdk15on-1.60.jar:/home/user/.m2/repository/commons-validator/commons-validator/1.6/commons-validator-1.6.jar:/home/user/.m2/repository/commons-digester/commons-digester/1.8.1/commons-digester-1.8.1.jar:/home/user/.m2/repository/io/jaegertracing/jaeger-client/0.34.0/jaeger-client-0.34.0.jar:/home/user/.m2/repository/io/jaegertracing/jaeger-thrift/0.34.0/jaeger-thrift-0.34.0.jar:/home/user/.m2/repository/org/apache/thrift/libthrift/0.12.0/libthrift-0.12.0.jar:/home/user/.m2/repository/com/squareup/okhttp3/okhttp/3.9.0/okhttp-3.9.0.jar:/home/user/.m2/repository/com/squareup/okio/okio/1.13.0/okio-1.13.0.jar:/home/user/.m2/repository/io/jaegertracing/jaeger-core/0.34.0/jaeger-core-0.34.0.jar:/home/user/.m2/repository/io/jaegertracing/jaeger-tracerresolver/0.34.0/jaeger-tracerresolver-0.34.0.jar:/home/user/.m2/repository/io/opentracing/contrib/opentracing-tracerresolver/0.1.5/opentracing-tracerresolver-0.1.5.jar:/home/user/.m2/repository/io/opentracing/opentracing-util/0.31.0/opentracing-util-0.31.0.jar:/home/user/.m2/repository/io/opentracing/opentracing-api/0.31.0/opentracing-api-0.31.0.jar:/home/user/.m2/repository/io/opentracing/opentracing-noop/0.31.0/opentracing-noop-0.31.0.jar:/home/user/.m2/repository/org/apache/hadoop/hadoop-hdds-server-framework/0.5.0-SNAPSHOT/hadoop-hdds-server-framework-0.5.0-SNAPSHOT.jar:/home/user/.m2/repository/org/apache/hadoop/hadoop-hdds-container-service/0.5.0-SNAPSHOT/hadoop-hdds-container-service-0.5.0-SNAPSHOT.jar:/home/user/.m2/repository/org/apache/hadoop/hadoop-hdds-client/0.5.0-SNAPSHOT/hadoop-hdds-client-0.5.0-SNAPSHOT.jar:/home/user/.m2/repository/org/apache/hadoop/hadoop-hdds-tools/0.5.0-SNAPSHOT/hadoop-hdds-tools-0.5.0-SNAPSHOT.jar:/home/user/.m2/repository/org/apache/hadoop/hadoop-hdds-server-scm/0.5.0-SNAPSHOT/hadoop-hdds-server-scm-0.5.0-SNAPSHOT.jar:/home/user/.m2/repository/org/apache/hadoop/hadoop-hdds-docs/0.5.0-SNAPSHOT/hadoop-hdds-docs-0.5.0-SNAPSHOT.jar:/home/user/.m2/repository/io/dropwizard/metrics/metrics-core/3.2.4/metrics-core-3.2.4.jar:/home/user/.m2/repository/org/hamcrest/hamcrest-all/1.3/hamcrest-all-1.3.jar:/home/user/.m2/repository/org/bouncycastle/bcprov-jdk15on/1.60/bcprov-jdk15on-1.60.jar:/home/user/.m2/repository/info/picocli/picocli/3.9.6/picocli-3.9.6.jar:/home/user/.m2/repository/com/google/protobuf/protobuf-java/2.5.0/protobuf-java-2.5.0.jar:/home/user/.m2/repository/com/google/guava/guava/11.0.2/guava-11.0.2.jar:/home/user/.m2/repository/org/apache/hadoop/hadoop-ozone-ozone-manager/0.5.0-SNAPSHOT/hadoop-ozone-ozone-manager-0.5.0-SNAPSHOT.jar:/home/user/.m2/repository/org/apache/hadoop/hadoop-minikdc/3.2.0/hadoop-minikdc-3.2.0.jar:/home/user/.m2/repository/commons-io/commons-io/2.5/commons-io-2.5.jar:/home/user/.m2/repository/org/apache/kerby/kerb-simplekdc/1.0.1/kerb-simplekdc-1.0.1.jar:/home/user/.m2/repository/org/apache/kerby/kerb-client/1.0.1/kerb-client-1.0.1.jar:/home/user/.m2/repository/org/apache/kerby/kerby-config/1.0.1/kerby-config-1.0.1.jar:/home/user/.m2/repository/org/apache/kerby/kerb-core/1.0.1/kerb-core-1.0.1.jar:/home/user/.m2/repository/org/apache/kerby/kerby-pkix/1.0.1/kerby-pkix-1.0.1.jar:/home/user/.m2/repository/org/apache/kerby/kerby-asn1/1.0.1/kerby-asn1-1.0.1.jar:/home/user/.m2/repository/org/apache/kerby/kerby-util/1.0.1/kerby-util-1.0.1.jar:/home/user/.m2/repository/org/apache/kerby/kerb-common/1.0.1/kerb-common-1.0.1.jar:/home/user/.m2/repository/org/apache/kerby/kerb-crypto/1.0.1/kerb-crypto-1.0.1.jar:/home/user/.m2/repository/org/apache/kerby/kerb-util/1.0.1/kerb-util-1.0.1.jar:/home/user/.m2/repository/org/apache/kerby/token-provider/1.0.1/token-provider-1.0.1.jar:/home/user/.m2/repository/org/apache/kerby/kerb-admin/1.0.1/kerb-admin-1.0.1.jar:/home/user/.m2/repository/org/apache/kerby/kerb-server/1.0.1/kerb-server-1.0.1.jar:/home/user/.m2/repository/org/apache/kerby/kerb-identity/1.0.1/kerb-identity-1.0.1.jar:/home/user/.m2/repository/org/apache/kerby/kerby-xdr/1.0.1/kerby-xdr-1.0.1.jar:/home/user/.m2/repository/org/slf4j/slf4j-log4j12/1.7.25/slf4j-log4j12-1.7.25.jar:/home/user/.m2/repository/org/apache/hadoop/hadoop-ozone-s3gateway/0.5.0-SNAPSHOT/hadoop-ozone-s3gateway-0.5.0-SNAPSHOT.jar:/home/user/.m2/repository/org/jboss/weld/servlet/weld-servlet/2.4.7.Final/weld-servlet-2.4.7.Final.jar:/home/user/.m2/repository/org/glassfish/jersey/containers/jersey-container-servlet-core/2.27/jersey-container-servlet-core-2.27.jar:/home/user/.m2/repository/org/glassfish/hk2/external/javax.inject/2.5.0-b42/javax.inject-2.5.0-b42.jar:/home/user/.m2/repository/org/glassfish/jersey/core/jersey-common/2.27/jersey-common-2.27.jar:/home/user/.m2/repository/org/glassfish/hk2/osgi-resource-locator/1.0.1/osgi-resource-locator-1.0.1.jar:/home/user/.m2/repository/javax/ws/rs/javax.ws.rs-api/2.1/javax.ws.rs-api-2.1.jar:/home/user/.m2/repository/org/glassfish/jersey/ext/cdi/jersey-cdi1x/2.27/jersey-cdi1x-2.27.jar:/home/user/.m2/repository/org/glassfish/jersey/inject/jersey-hk2/2.27/jersey-hk2-2.27.jar:/home/user/.m2/repository/org/glassfish/hk2/hk2-locator/2.5.0-b42/hk2-locator-2.5.0-b42.jar:/home/user/.m2/repository/org/javassist/javassist/3.22.0-CR2/javassist-3.22.0-CR2.jar:/home/user/.m2/repository/org/glassfish/hk2/hk2-api/2.5.0/hk2-api-2.5.0.jar:/home/user/.m2/repository/org/glassfish/hk2/external/jakarta.inject/2.5.0/jakarta.inject-2.5.0.jar:/home/user/.m2/repository/org/glassfish/hk2/hk2-utils/2.5.0/hk2-utils-2.5.0.jar:/home/user/.m2/repository/jakarta/annotation/jakarta.annotation-api/1.3.4/jakarta.annotation-api-1.3.4.jar:/home/user/.m2/repository/org/glassfish/hk2/external/aopalliance-repackaged/2.5.0/aopalliance-repackaged-2.5.0.jar:/home/user/.m2/repository/com/fasterxml/jackson/dataformat/jackson-dataformat-xml/2.9.0/jackson-dataformat-xml-2.9.0.jar:/home/user/.m2/repository/com/fasterxml/jackson/core/jackson-core/2.9.9/jackson-core-2.9.9.jar:/home/user/.m2/repository/com/fasterxml/jackson/module/jackson-module-jaxb-annotations/2.9.9/jackson-module-jaxb-annotations-2.9.9.jar:/home/user/.m2/repository/javax/enterprise/cdi-api/1.2/cdi-api-1.2.jar:/home/user/.m2/repository/javax/el/javax.el-api/3.0.0/javax.el-api-3.0.0.jar:/home/user/.m2/repository/javax/interceptor/javax.interceptor-api/1.2/javax.interceptor-api-1.2.jar:/home/user/.m2/repository/javax/inject/javax.inject/1/javax.inject-1.jar:/home/user/.m2/repository/com/sun/xml/bind/jaxb-impl/2.3.0.1/jaxb-impl-2.3.0.1.jar:/home/user/.m2/repository/com/sun/xml/bind/jaxb-core/2.3.0.1/jaxb-core-2.3.0.1.jar:/home/user/.m2/repository/javax/xml/bind/jaxb-api/2.3.0/jaxb-api-2.3.0.jar:/home/user/.m2/repository/javax/activation/activation/1.1.1/activation-1.1.1.jar:/home/user/.m2/repository/org/apache/hadoop/hadoop-ozone-csi/0.5.0-SNAPSHOT/hadoop-ozone-csi-0.5.0-SNAPSHOT.jar:/home/user/.m2/repository/com/google/protobuf/protobuf-java-util/3.5.1/protobuf-java-util-3.5.1.jar:/home/user/.m2/repository/org/apache/hadoop/hadoop-hdds-config/0.5.0-SNAPSHOT/hadoop-hdds-config-0.5.0-SNAPSHOT.jar:/home/user/.m2/repository/io/grpc/grpc-netty/1.17.1/grpc-netty-1.17.1.jar:/home/user/.m2/repository/io/grpc/grpc-core/1.17.1/grpc-core-1.17.1.jar:/home/user/.m2/repository/io/grpc/grpc-context/1.17.1/grpc-context-1.17.1.jar:/home/user/.m2/repository/com/google/errorprone/error_prone_annotations/2.2.0/error_prone_annotations-2.2.0.jar:/home/user/.m2/repository/org/codehaus/mojo/animal-sniffer-annotations/1.17/animal-sniffer-annotations-1.17.jar:/home/user/.m2/repository/io/opencensus/opencensus-api/0.17.0/opencensus-api-0.17.0.jar:/home/user/.m2/repository/io/opencensus/opencensus-contrib-grpc-metrics/0.17.0/opencensus-contrib-grpc-metrics-0.17.0.jar:/home/user/.m2/repository/io/netty/netty-codec-http2/4.1.30.Final/netty-codec-http2-4.1.30.Final.jar:/home/user/.m2/repository/io/netty/netty-codec-http/4.1.30.Final/netty-codec-http-4.1.30.Final.jar:/home/user/.m2/repository/io/netty/netty-codec/4.1.30.Final/netty-codec-4.1.30.Final.jar:/home/user/.m2/repository/io/netty/netty-handler/4.1.30.Final/netty-handler-4.1.30.Final.jar:/home/user/.m2/repository/io/netty/netty-handler-proxy/4.1.30.Final/netty-handler-proxy-4.1.30.Final.jar:/home/user/.m2/repository/io/netty/netty-codec-socks/4.1.30.Final/netty-codec-socks-4.1.30.Final.jar:/home/user/.m2/repository/io/netty/netty-transport-native-epoll/4.1.30.Final/netty-transport-native-epoll-4.1.30.Final.jar:/home/user/.m2/repository/io/netty/netty-common/4.1.30.Final/netty-common-4.1.30.Final.jar:/home/user/.m2/repository/io/netty/netty-buffer/4.1.30.Final/netty-buffer-4.1.30.Final.jar:/home/user/.m2/repository/io/netty/netty-transport/4.1.30.Final/netty-transport-4.1.30.Final.jar:/home/user/.m2/repository/io/netty/netty-resolver/4.1.30.Final/netty-resolver-4.1.30.Final.jar:/home/user/.m2/repository/io/netty/netty-transport-native-unix-common/4.1.30.Final/netty-transport-native-unix-common-4.1.30.Final.jar:/home/user/.m2/repository/io/grpc/grpc-protobuf/1.17.1/grpc-protobuf-1.17.1.jar:/home/user/.m2/repository/com/google/api/grpc/proto-google-common-protos/1.0.0/proto-google-common-protos-1.0.0.jar:/home/user/.m2/repository/io/grpc/grpc-protobuf-lite/1.17.1/grpc-protobuf-lite-1.17.1.jar:/home/user/.m2/repository/io/grpc/grpc-stub/1.17.1/grpc-stub-1.17.1.jar:/home/user/.m2/repository/org/apache/hadoop/hadoop-ozone-recon/0.5.0-SNAPSHOT/hadoop-ozone-recon-0.5.0-SNAPSHOT.jar:/home/user/.m2/repository/org/apache/hadoop/hadoop-ozone-reconcodegen/0.5.0-SNAPSHOT/hadoop-ozone-reconcodegen-0.5.0-SNAPSHOT.jar:/home/user/.m2/repository/com/google/inject/extensions/guice-multibindings/4.0/guice-multibindings-4.0.jar:/home/user/.m2/repository/com/google/inject/guice/4.0/guice-4.0.jar:/home/user/.m2/repository/aopalliance/aopalliance/1.0/aopalliance-1.0.jar:/home/user/.m2/repository/com/google/inject/extensions/guice-servlet/4.0/guice-servlet-4.0.jar:/home/user/.m2/repository/org/glassfish/jersey/containers/jersey-container-servlet/2.27/jersey-container-servlet-2.27.jar:/home/user/.m2/repository/org/glassfish/hk2/guice-bridge/2.5.0/guice-bridge-2.5.0.jar:/home/user/.m2/repository/org/glassfish/jersey/core/jersey-server/2.27/jersey-server-2.27.jar:/home/user/.m2/repository/org/glassfish/jersey/core/jersey-client/2.27/jersey-client-2.27.jar:/home/user/.m2/repository/org/glassfish/jersey/media/jersey-media-jaxb/2.27/jersey-media-jaxb-2.27.jar:/home/user/.m2/repository/javax/validation/validation-api/1.1.0.Final/validation-api-1.1.0.Final.jar:/home/user/.m2/repository/org/glassfish/jersey/media/jersey-media-json-jackson/2.27/jersey-media-json-jackson-2.27.jar:/home/user/.m2/repository/org/glassfish/jersey/ext/jersey-entity-filtering/2.27/jersey-entity-filtering-2.27.jar:/home/user/.m2/repository/com/google/inject/extensions/guice-assistedinject/4.0/guice-assistedinject-4.0.jar:/home/user/.m2/repository/org/jooq/jooq/3.11.10/jooq-3.11.10.jar:/home/user/.m2/repository/org/jooq/jooq-meta/3.11.10/jooq-meta-3.11.10.jar:/home/user/.m2/repository/org/jooq/jooq-codegen/3.11.10/jooq-codegen-3.11.10.jar:/home/user/.m2/repository/com/jolbox/bonecp/0.8.0.RELEASE/bonecp-0.8.0.RELEASE.jar:/home/user/.m2/repository/org/xerial/sqlite-jdbc/3.25.2/sqlite-jdbc-3.25.2.jar:/home/user/.m2/repository/org/springframework/spring-jdbc/5.1.3.RELEASE/spring-jdbc-5.1.3.RELEASE.jar:/home/user/.m2/repository/org/springframework/spring-beans/5.1.3.RELEASE/spring-beans-5.1.3.RELEASE.jar:/home/user/.m2/repository/org/springframework/spring-core/5.1.3.RELEASE/spring-core-5.1.3.RELEASE.jar:/home/user/.m2/repository/org/springframework/spring-jcl/5.1.3.RELEASE/spring-jcl-5.1.3.RELEASE.jar:/home/user/.m2/repository/org/springframework/spring-tx/5.1.3.RELEASE/spring-tx-5.1.3.RELEASE.jar:/home/user/.m2/repository/org/apache/hadoop/hadoop-ozone-client/0.5.0-SNAPSHOT/hadoop-ozone-client-0.5.0-SNAPSHOT.jar:/home/user/.m2/repository/commons-lang/commons-lang/2.6/commons-lang-2.6.jar:/home/user/.m2/repository/org/apache/hadoop/hadoop-ozone-ozone-manager/0.5.0-SNAPSHOT/hadoop-ozone-ozone-manager-0.5.0-SNAPSHOT-tests.jar:/home/user/.m2/repository/junit/junit/4.11/junit-4.11.jar:/home/user/.m2/repository/org/hamcrest/hamcrest-core/1.3/hamcrest-core-1.3.jar:/home/user/.m2/repository/org/openjdk/jmh/jmh-core/1.19/jmh-core-1.19.jar:/home/user/.m2/repository/net/sf/jopt-simple/jopt-simple/4.6/jopt-simple-4.6.jar:/home/user/.m2/repository/org/apache/commons/commons-math3/3.1.1/commons-math3-3.1.1.jar:/home/user/.m2/repository/org/openjdk/jmh/jmh-generator-annprocess/1.19/jmh-generator-annprocess-1.19.jar:/home/user/.m2/repository/org/mockito/mockito-all/1.8.5/mockito-all-1.8.5.jar:/home/user/.m2/repository/org/apache/hadoop/hadoop-kms/3.2.0/hadoop-kms-3.2.0.jar:/home/user/.m2/repository/org/apache/hadoop/hadoop-auth/3.2.0/hadoop-auth-3.2.0.jar:/home/user/.m2/repository/com/nimbusds/nimbus-jose-jwt/4.41.1/nimbus-jose-jwt-4.41.1.jar:/home/user/.m2/repository/com/github/stephenc/jcip/jcip-annotations/1.0-1/jcip-annotations-1.0-1.jar:/home/user/.m2/repository/net/minidev/json-smart/2.3/json-smart-2.3.jar:/home/user/.m2/repository/net/minidev/accessors-smart/1.2/accessors-smart-1.2.jar:/home/user/.m2/repository/org/ow2/asm/asm/5.0.4/asm-5.0.4.jar:/home/user/.m2/repository/org/apache/curator/curator-framework/2.12.0/curator-framework-2.12.0.jar:/home/user/.m2/repository/com/sun/jersey/jersey-core/1.19/jersey-core-1.19.jar:/home/user/.m2/repository/javax/ws/rs/jsr311-api/1.1.1/jsr311-api-1.1.1.jar:/home/user/.m2/repository/com/sun/jersey/jersey-server/1.19/jersey-server-1.19.jar:/home/user/.m2/repository/javax/servlet/javax.servlet-api/3.1.0/javax.servlet-api-3.1.0.jar:/home/user/.m2/repository/org/eclipse/jetty/jetty-server/9.3.25.v20180904/jetty-server-9.3.25.v20180904.jar:/home/user/.m2/repository/org/eclipse/jetty/jetty-http/9.3.25.v20180904/jetty-http-9.3.25.v20180904.jar:/home/user/.m2/repository/org/eclipse/jetty/jetty-io/9.3.25.v20180904/jetty-io-9.3.25.v20180904.jar:/home/user/.m2/repository/org/eclipse/jetty/jetty-webapp/9.3.25.v20180904/jetty-webapp-9.3.25.v20180904.jar:/home/user/.m2/repository/org/eclipse/jetty/jetty-xml/9.3.25.v20180904/jetty-xml-9.3.25.v20180904.jar:/home/user/.m2/repository/log4j/log4j/1.2.17/log4j-1.2.17.jar:/home/user/.m2/repository/org/slf4j/slf4j-api/1.7.25/slf4j-api-1.7.25.jar:/home/user/.m2/repository/org/slf4j/jul-to-slf4j/1.7.25/jul-to-slf4j-1.7.25.jar:/home/user/.m2/repository/org/eclipse/jetty/jetty-util/9.3.25.v20180904/jetty-util-9.3.25.v20180904.jar:/home/user/.m2/repository/com/fasterxml/jackson/core/jackson-databind/2.9.9/jackson-databind-2.9.9.jar:/home/user/.m2/repository/org/apache/hadoop/hadoop-kms/3.2.0/hadoop-kms-3.2.0-tests.jar:/home/user/.m2/repository/org/apache/hadoop/hadoop-hdds-server-scm/0.5.0-SNAPSHOT/hadoop-hdds-server-scm-0.5.0-SNAPSHOT-tests.jar:/home/user/.m2/repository/org/apache/hadoop/hadoop-hdds-container-service/0.5.0-SNAPSHOT/hadoop-hdds-container-service-0.5.0-SNAPSHOT-tests.jar:/home/user/.m2/repository/org/yaml/snakeyaml/1.16/snakeyaml-1.16.jar:/home/user/.m2/repository/org/apache/hadoop/hadoop-common/3.2.0/hadoop-common-3.2.0-tests.jar:/home/user/.m2/repository/org/apache/hadoop/hadoop-annotations/3.2.0/hadoop-annotations-3.2.0.jar:/usr/lib/jvm/java-1.8-openjdk/jre/../lib/tools.jar:/home/user/.m2/repository/commons-cli/commons-cli/1.2/commons-cli-1.2.jar:/home/user/.m2/repository/org/apache/httpcomponents/httpclient/4.5.2/httpclient-4.5.2.jar:/home/user/.m2/repository/org/apache/httpcomponents/httpcore/4.4.4/httpcore-4.4.4.jar:/home/user/.m2/repository/commons-codec/commons-codec/1.11/commons-codec-1.11.jar:/home/user/.m2/repository/commons-net/commons-net/3.6/commons-net-3.6.jar:/home/user/.m2/repository/commons-collections/commons-collections/3.2.2/commons-collections-3.2.2.jar:/home/user/.m2/repository/org/eclipse/jetty/jetty-servlet/9.3.25.v20180904/jetty-servlet-9.3.25.v20180904.jar:/home/user/.m2/repository/org/eclipse/jetty/jetty-security/9.3.25.v20180904/jetty-security-9.3.25.v20180904.jar:/home/user/.m2/repository/javax/servlet/jsp/jsp-api/2.1/jsp-api-2.1.jar:/home/user/.m2/repository/com/sun/jersey/jersey-servlet/1.19/jersey-servlet-1.19.jar:/home/user/.m2/repository/com/sun/jersey/jersey-json/1.19/jersey-json-1.19.jar:/home/user/.m2/repository/org/codehaus/jettison/jettison/1.1/jettison-1.1.jar:/home/user/.m2/repository/org/codehaus/jackson/jackson-core-asl/1.9.13/jackson-core-asl-1.9.13.jar:/home/user/.m2/repository/org/codehaus/jackson/jackson-mapper-asl/1.9.13/jackson-mapper-asl-1.9.13.jar:/home/user/.m2/repository/org/codehaus/jackson/jackson-jaxrs/1.9.13/jackson-jaxrs-1.9.13.jar:/home/user/.m2/repository/org/codehaus/jackson/jackson-xc/1.9.13/jackson-xc-1.9.13.jar:/home/user/.m2/repository/commons-logging/commons-logging/1.1.3/commons-logging-1.1.3.jar:/home/user/.m2/repository/commons-beanutils/commons-beanutils/1.9.4/commons-beanutils-1.9.4.jar:/home/user/.m2/repository/org/apache/commons/commons-configuration2/2.1.1/commons-configuration2-2.1.1.jar:/home/user/.m2/repository/org/apache/commons/commons-lang3/3.7/commons-lang3-3.7.jar:/home/user/.m2/repository/org/apache/commons/commons-text/1.4/commons-text-1.4.jar:/home/user/.m2/repository/org/apache/avro/avro/1.7.7/avro-1.7.7.jar:/home/user/.m2/repository/com/thoughtworks/paranamer/paranamer/2.3/paranamer-2.3.jar:/home/user/.m2/repository/org/xerial/snappy/snappy-java/1.0.5/snappy-java-1.0.5.jar:/home/user/.m2/repository/com/google/re2j/re2j/1.1/re2j-1.1.jar:/home/user/.m2/repository/com/google/code/gson/gson/2.2.4/gson-2.2.4.jar:/home/user/.m2/repository/com/jcraft/jsch/0.1.54/jsch-0.1.54.jar:/home/user/.m2/repository/org/apache/curator/curator-client/2.12.0/curator-client-2.12.0.jar:/home/user/.m2/repository/org/apache/curator/curator-recipes/2.12.0/curator-recipes-2.12.0.jar:/home/user/.m2/repository/com/google/code/findbugs/jsr305/3.0.0/jsr305-3.0.0.jar:/home/user/.m2/repository/org/apache/htrace/htrace-core4/4.1.0-incubating/htrace-core4-4.1.0-incubating.jar:/home/user/.m2/repository/org/apache/zookeeper/zookeeper/3.4.13/zookeeper-3.4.13.jar:/home/user/.m2/repository/jline/jline/0.9.94/jline-0.9.94.jar:/home/user/.m2/repository/org/apache/yetus/audience-annotations/0.5.0/audience-annotations-0.5.0.jar:/home/user/.m2/repository/org/codehaus/woodstox/stax2-api/3.1.4/stax2-api-3.1.4.jar:/home/user/.m2/repository/com/fasterxml/woodstox/woodstox-core/5.0.3/woodstox-core-5.0.3.jar:/home/user/.m2/repository/dnsjava/dnsjava/2.1.7/dnsjava-2.1.7.jar:/home/user/.m2/repository/org/apache/hadoop/hadoop-hdfs/3.2.0/hadoop-hdfs-3.2.0-tests.jar:/home/user/.m2/repository/org/eclipse/jetty/jetty-util-ajax/9.3.25.v20180904/jetty-util-ajax-9.3.25.v20180904.jar:/home/user/.m2/repository/commons-daemon/commons-daemon/1.0.13/commons-daemon-1.0.13.jar:/home/user/.m2/repository/io/netty/netty/3.10.5.Final/netty-3.10.5.Final.jar:/home/user/.m2/repository/io/netty/netty-all/4.0.52.Final/netty-all-4.0.52.Final.jar:/home/user/.m2/repository/org/fusesource/leveldbjni/leveldbjni-all/1.8/leveldbjni-all-1.8.jar:"/>
    <property name="sun.cpu.endian" value="little"/>
    <property name="user.home" value="/home/user"/>
    <property name="user.language" value="en"/>
    <property name="java.specification.vendor" value="Oracle Corporation"/>
    <property name="java.home" value="/usr/lib/jvm/java-1.8-openjdk/jre"/>
    <property name="java.security.krb5.conf" value="/workdir/hadoop-ozone/integration-test/target/test-classes/krb5.conf"/>
    <property name="basedir" value="/workdir/hadoop-ozone/integration-test"/>
    <property name="file.separator" value="/"/>
    <property name="line.separator" value="&#10;"/>
    <property name="java.vm.specification.vendor" value="Oracle Corporation"/>
    <property name="java.specification.name" value="Java Platform API Specification"/>
    <property name="java.awt.graphicsenv" value="sun.awt.X11GraphicsEnvironment"/>
    <property name="surefire.real.class.path" value="/workdir/hadoop-ozone/integration-test/target/surefire/surefirebooter7834042152840401774.jar"/>
    <property name="hadoop.log.dir" value="/workdir/hadoop-ozone/integration-test/target/log"/>
    <property name="sun.boot.class.path" value="/usr/lib/jvm/java-1.8-openjdk/jre/lib/resources.jar:/usr/lib/jvm/java-1.8-openjdk/jre/lib/rt.jar:/usr/lib/jvm/java-1.8-openjdk/jre/lib/sunrsasign.jar:/usr/lib/jvm/java-1.8-openjdk/jre/lib/jsse.jar:/usr/lib/jvm/java-1.8-openjdk/jre/lib/jce.jar:/usr/lib/jvm/java-1.8-openjdk/jre/lib/charsets.jar:/usr/lib/jvm/java-1.8-openjdk/jre/lib/jfr.jar:/usr/lib/jvm/java-1.8-openjdk/jre/classes"/>
    <property name="sun.management.compiler" value="HotSpot 64-Bit Tiered Compilers"/>
    <property name="java.runtime.version" value="1.8.0_212-b04"/>
    <property name="java.net.preferIPv4Stack" value="true"/>
    <property name="user.name" value="jenkins1000"/>
    <property name="path.separator" value=":"/>
    <property name="java.security.egd" value="file:///dev/urandom"/>
    <property name="os.version" value="3.10.0-957.12.2.el7.x86_64"/>
    <property name="java.endorsed.dirs" value="/usr/lib/jvm/java-1.8-openjdk/jre/lib/endorsed"/>
    <property name="java.runtime.name" value="OpenJDK Runtime Environment"/>
    <property name="file.encoding" value="UTF-8"/>
    <property name="java.vm.name" value="OpenJDK 64-Bit Server VM"/>
    <property name="test.build.webapps" value=""/>
    <property name="localRepository" value="/home/user/.m2/repository"/>
    <property name="java.vendor.url.bug" value="https://icedtea.classpath.org/bugzilla"/>
    <property name="java.io.tmpdir" value="/tmp"/>
    <property name="require.test.libhadoop" value=""/>
    <property name="java.version" value="1.8.0_212"/>
    <property name="user.dir" value="/workdir/hadoop-ozone/integration-test"/>
    <property name="os.arch" value="amd64"/>
    <property name="java.vm.specification.name" value="Java Virtual Machine Specification"/>
    <property name="test.build.classes" value="/workdir/hadoop-ozone/integration-test/target/test-classes"/>
    <property name="java.awt.printerjob" value="sun.print.PSPrinterJob"/>
    <property name="sun.os.patch.level" value="unknown"/>
    <property name="hadoop.tmp.dir" value="/workdir/hadoop-ozone/integration-test/target/tmp"/>
    <property name="java.library.path" value="/usr/lib/jvm/java-1.8-openjdk/jre/lib/amd64/server:/usr/lib/jvm/java-1.8-openjdk/jre/lib/amd64:/usr/lib/jvm/java-1.8-openjdk/jre/../lib/amd64:/workdir/hadoop-ozone/integration-test/target/native/target/usr/local/lib:/workdir/hadoop-ozone/integration-test/../../hadoop-common-project/hadoop-common/target/native/target/usr/local/lib:/usr/java/packages/lib/amd64:/usr/lib64:/lib64:/lib:/usr/lib"/>
    <property name="java.vm.info" value="mixed mode"/>
    <property name="java.vendor" value="IcedTea"/>
    <property name="java.vm.version" value="25.212-b04"/>
    <property name="java.ext.dirs" value="/usr/lib/jvm/java-1.8-openjdk/jre/lib/ext:/usr/java/packages/lib/ext"/>
    <property name="sun.io.unicode.encoding" value="UnicodeLittle"/>
    <property name="java.class.version" value="52.0"/>
  </properties>
  <testcase name="test2DatanodesFailure" classname="org.apache.hadoop.ozone.client.rpc.TestBlockOutputStreamWithFailures" time="108.933"/>
  <testcase name="testDatanodeFailureWithPreAllocation" classname="org.apache.hadoop.ozone.client.rpc.TestBlockOutputStreamWithFailures" time="230.588"/>
  <testcase name="testDatanodeFailureWithSingleNodeRatis" classname="org.apache.hadoop.ozone.client.rpc.TestBlockOutputStreamWithFailures" time="230.723"/>
  <testcase name="testWatchForCommitWithSingleNodeRatis" classname="org.apache.hadoop.ozone.client.rpc.TestBlockOutputStreamWithFailures" time="38.339"/>
  <testcase name="testWatchForCommitDatanodeFailure" classname="org.apache.hadoop.ozone.client.rpc.TestBlockOutputStreamWithFailures" time="45.239">
    <failure message="expected:&lt;2&gt; but was:&lt;3&gt;" type="java.lang.AssertionError"><![CDATA[java.lang.AssertionError: expected:<2> but was:<3>
	at org.junit.Assert.fail(Assert.java:88)
	at org.junit.Assert.failNotEquals(Assert.java:743)
	at org.junit.Assert.assertEquals(Assert.java:118)
	at org.junit.Assert.assertEquals(Assert.java:555)
	at org.junit.Assert.assertEquals(Assert.java:542)
	at org.apache.hadoop.ozone.client.rpc.TestBlockOutputStreamWithFailures.testWatchForCommitDatanodeFailure(TestBlockOutputStreamWithFailures.java:366)
	at sun.reflect.NativeMethodAccessorImpl.invoke0(Native Method)
	at sun.reflect.NativeMethodAccessorImpl.invoke(NativeMethodAccessorImpl.java:62)
	at sun.reflect.DelegatingMethodAccessorImpl.invoke(DelegatingMethodAccessorImpl.java:43)
	at java.lang.reflect.Method.invoke(Method.java:498)
	at org.junit.runners.model.FrameworkMethod$1.runReflectiveCall(FrameworkMethod.java:47)
	at org.junit.internal.runners.model.ReflectiveCallable.run(ReflectiveCallable.java:12)
	at org.junit.runners.model.FrameworkMethod.invokeExplosively(FrameworkMethod.java:44)
	at org.junit.internal.runners.statements.InvokeMethod.evaluate(InvokeMethod.java:17)
	at org.junit.internal.runners.statements.RunBefores.evaluate(RunBefores.java:26)
	at org.junit.internal.runners.statements.RunAfters.evaluate(RunAfters.java:27)
	at org.junit.runners.ParentRunner.runLeaf(ParentRunner.java:271)
	at org.junit.runners.BlockJUnit4ClassRunner.runChild(BlockJUnit4ClassRunner.java:70)
	at org.junit.runners.BlockJUnit4ClassRunner.runChild(BlockJUnit4ClassRunner.java:50)
	at org.junit.runners.ParentRunner$3.run(ParentRunner.java:238)
	at org.junit.runners.ParentRunner$1.schedule(ParentRunner.java:63)
	at org.junit.runners.ParentRunner.runChildren(ParentRunner.java:236)
	at org.junit.runners.ParentRunner.access$000(ParentRunner.java:53)
	at org.junit.runners.ParentRunner$2.evaluate(ParentRunner.java:229)
	at org.junit.runners.ParentRunner.run(ParentRunner.java:309)
	at org.apache.maven.surefire.junit4.JUnit4Provider.execute(JUnit4Provider.java:365)
	at org.apache.maven.surefire.junit4.JUnit4Provider.executeWithRerun(JUnit4Provider.java:273)
	at org.apache.maven.surefire.junit4.JUnit4Provider.executeTestSet(JUnit4Provider.java:238)
	at org.apache.maven.surefire.junit4.JUnit4Provider.invoke(JUnit4Provider.java:159)
	at org.apache.maven.surefire.booter.ForkedBooter.invokeProviderInSameClassLoader(ForkedBooter.java:384)
	at org.apache.maven.surefire.booter.ForkedBooter.runSuitesInProcess(ForkedBooter.java:345)
	at org.apache.maven.surefire.booter.ForkedBooter.execute(ForkedBooter.java:126)
	at org.apache.maven.surefire.booter.ForkedBooter.main(ForkedBooter.java:418)
]]></failure>
    <system-out><![CDATA[2019-10-08 21:08:43,425 [main] WARN  server.ServerUtils (ServerUtils.java:getScmDbDir(145)) - ozone.scm.db.dirs is not configured. We recommend adding this setting. Falling back to ozone.metadata.dirs instead.
2019-10-08 21:08:43,468 [main] WARN  server.ServerUtils (ServerUtils.java:getScmDbDir(145)) - ozone.scm.db.dirs is not configured. We recommend adding this setting. Falling back to ozone.metadata.dirs instead.
2019-10-08 21:08:43,469 [main] WARN  server.ServerUtils (ServerUtils.java:getScmDbDir(145)) - ozone.scm.db.dirs is not configured. We recommend adding this setting. Falling back to ozone.metadata.dirs instead.
2019-10-08 21:08:43,470 [main] INFO  db.DBStoreBuilder (DBStoreBuilder.java:addTable(117)) - using custom profile for table: deletedBlocks
2019-10-08 21:08:43,470 [main] INFO  db.DBStoreBuilder (DBStoreBuilder.java:processTables(168)) - Using default column profile:DBProfile.DISK for Table:deletedBlocks
2019-10-08 21:08:43,471 [main] INFO  db.DBStoreBuilder (DBStoreBuilder.java:addTable(117)) - using custom profile for table: validCerts
2019-10-08 21:08:43,471 [main] INFO  db.DBStoreBuilder (DBStoreBuilder.java:processTables(168)) - Using default column profile:DBProfile.DISK for Table:validCerts
2019-10-08 21:08:43,471 [main] INFO  db.DBStoreBuilder (DBStoreBuilder.java:addTable(117)) - using custom profile for table: revokedCerts
2019-10-08 21:08:43,472 [main] INFO  db.DBStoreBuilder (DBStoreBuilder.java:processTables(168)) - Using default column profile:DBProfile.DISK for Table:revokedCerts
2019-10-08 21:08:43,472 [main] INFO  db.DBStoreBuilder (DBStoreBuilder.java:addTable(117)) - using custom profile for table: default
2019-10-08 21:08:43,472 [main] INFO  db.DBStoreBuilder (DBStoreBuilder.java:processTables(174)) - Using default column profile:DBProfile.DISK for Table:default
2019-10-08 21:08:43,472 [main] INFO  db.DBStoreBuilder (DBStoreBuilder.java:getDbProfile(205)) - Using default options. DBProfile.DISK
2019-10-08 21:08:43,650 [main] INFO  net.NodeSchemaLoader (NodeSchemaLoader.java:loadSchemaFromFile(125)) - Loading file from sun.misc.CompoundEnumeration@6870cfac
2019-10-08 21:08:43,650 [main] INFO  net.NodeSchemaLoader (NodeSchemaLoader.java:loadSchema(171)) - Loading network topology layer schema file
2019-10-08 21:08:43,658 [main] INFO  node.SCMNodeManager (SCMNodeManager.java:<init>(116)) - Entering startup safe mode.
2019-10-08 21:08:43,659 [main] INFO  algorithms.ContainerPlacementPolicyFactory (ContainerPlacementPolicyFactory.java:getPolicy(57)) - Create container placement policy of type org.apache.hadoop.hdds.scm.container.placement.algorithms.SCMContainerPlacementRandom
2019-10-08 21:08:43,659 [main] WARN  server.ServerUtils (ServerUtils.java:getScmDbDir(145)) - ozone.scm.db.dirs is not configured. We recommend adding this setting. Falling back to ozone.metadata.dirs instead.
2019-10-08 21:08:43,711 [main] INFO  pipeline.SCMPipelineManager (SCMPipelineManager.java:initializePipelineState(132)) - No pipeline exists in current db
2019-10-08 21:08:43,711 [main] WARN  server.ServerUtils (ServerUtils.java:getScmDbDir(145)) - ozone.scm.db.dirs is not configured. We recommend adding this setting. Falling back to ozone.metadata.dirs instead.
2019-10-08 21:08:43,763 [main] WARN  events.EventQueue (EventQueue.java:fireEvent(183)) - No event handler registered for event TypedEvent{payloadType=SafeModeStatus, name='SafeModeStatus'}
2019-10-08 21:08:43,764 [main] INFO  ipc.CallQueueManager (CallQueueManager.java:<init>(84)) - Using callQueue: class java.util.concurrent.LinkedBlockingQueue, queueCapacity: 2000, scheduler: class org.apache.hadoop.ipc.DefaultRpcScheduler, ipcBackoff: false.
2019-10-08 21:08:43,765 [Socket Reader #1 for port 34893] INFO  ipc.Server (Server.java:run(1074)) - Starting Socket Reader #1 for port 34893
2019-10-08 21:08:43,767 [main] INFO  ipc.CallQueueManager (CallQueueManager.java:<init>(84)) - Using callQueue: class java.util.concurrent.LinkedBlockingQueue, queueCapacity: 2000, scheduler: class org.apache.hadoop.ipc.DefaultRpcScheduler, ipcBackoff: false.
2019-10-08 21:08:43,768 [Socket Reader #1 for port 32986] INFO  ipc.Server (Server.java:run(1074)) - Starting Socket Reader #1 for port 32986
2019-10-08 21:08:43,769 [main] INFO  ipc.CallQueueManager (CallQueueManager.java:<init>(84)) - Using callQueue: class java.util.concurrent.LinkedBlockingQueue, queueCapacity: 2000, scheduler: class org.apache.hadoop.ipc.DefaultRpcScheduler, ipcBackoff: false.
2019-10-08 21:08:43,770 [Socket Reader #1 for port 41917] INFO  ipc.Server (Server.java:run(1074)) - Starting Socket Reader #1 for port 41917
2019-10-08 21:08:43,772 [main] INFO  hdfs.DFSUtil (DFSUtil.java:httpServerTemplateForNNAndJN(1641)) - Starting Web-server for scm at: http://0.0.0.0:0
2019-10-08 21:08:43,774 [main] INFO  server.AuthenticationFilter (AuthenticationFilter.java:constructSecretProvider(240)) - Unable to initialize FileSignerSecretProvider, falling back to use random secrets.
2019-10-08 21:08:43,774 [main] WARN  http.HttpRequestLog (HttpRequestLog.java:getRequestLog(97)) - Jetty request log can only be enabled using Log4j
2019-10-08 21:08:43,775 [main] INFO  http.HttpServer2 (HttpServer2.java:addGlobalFilter(975)) - Added global filter 'safety' (class=org.apache.hadoop.http.HttpServer2$QuotingInputFilter)
2019-10-08 21:08:43,776 [main] INFO  http.HttpServer2 (HttpServer2.java:addFilter(948)) - Added filter static_user_filter (class=org.apache.hadoop.http.lib.StaticUserWebFilter$StaticUserFilter) to context scm
2019-10-08 21:08:43,776 [main] INFO  http.HttpServer2 (HttpServer2.java:addFilter(958)) - Added filter static_user_filter (class=org.apache.hadoop.http.lib.StaticUserWebFilter$StaticUserFilter) to context logs
2019-10-08 21:08:43,776 [main] INFO  http.HttpServer2 (HttpServer2.java:addFilter(958)) - Added filter static_user_filter (class=org.apache.hadoop.http.lib.StaticUserWebFilter$StaticUserFilter) to context static
2019-10-08 21:08:43,777 [main] INFO  server.StorageContainerManager (StorageContainerManager.java:start(772)) - StorageContainerLocationProtocol RPC server is listening at /0.0.0.0:41917
2019-10-08 21:08:43,779 [main] WARN  impl.MetricsConfig (MetricsConfig.java:loadFirst(134)) - Cannot locate configuration: tried hadoop-metrics2-storagecontainermanager.properties,hadoop-metrics2.properties
2019-10-08 21:08:43,780 [main] INFO  impl.MetricsSystemImpl (MetricsSystemImpl.java:startTimer(374)) - Scheduled Metric snapshot period at 10 second(s).
2019-10-08 21:08:43,780 [main] INFO  impl.MetricsSystemImpl (MetricsSystemImpl.java:start(191)) - StorageContainerManager metrics system started
2019-10-08 21:08:43,896 [main] WARN  impl.MetricsSystemImpl (MetricsSystemImpl.java:register(276)) - Sink prometheus already exists!
2019-10-08 21:08:43,978 [main] INFO  server.SCMClientProtocolServer (SCMClientProtocolServer.java:start(159)) - RPC server for Client  is listening at /0.0.0.0:41917
2019-10-08 21:08:43,979 [IPC Server Responder] INFO  ipc.Server (Server.java:run(1314)) - IPC Server Responder: starting
2019-10-08 21:08:43,979 [IPC Server listener on 41917] INFO  ipc.Server (Server.java:run(1153)) - IPC Server listener on 41917: starting
2019-10-08 21:08:43,983 [main] INFO  server.StorageContainerManager (StorageContainerManager.java:start(782)) - ScmBlockLocationProtocol RPC server is listening at /0.0.0.0:32986
2019-10-08 21:08:43,984 [main] INFO  server.SCMBlockProtocolServer (SCMBlockProtocolServer.java:start(146)) - RPC server for Block Protocol is listening at /0.0.0.0:32986
2019-10-08 21:08:43,984 [IPC Server Responder] INFO  ipc.Server (Server.java:run(1314)) - IPC Server Responder: starting
2019-10-08 21:08:43,984 [IPC Server listener on 32986] INFO  ipc.Server (Server.java:run(1153)) - IPC Server listener on 32986: starting
2019-10-08 21:08:43,989 [main] INFO  server.StorageContainerManager (StorageContainerManager.java:start(786)) - ScmDatanodeProtocl RPC server is listening at /0.0.0.0:34893
2019-10-08 21:08:43,989 [main] INFO  server.SCMDatanodeProtocolServer (SCMDatanodeProtocolServer.java:start(169)) - RPC server for DataNodes is listening at /0.0.0.0:34893
2019-10-08 21:08:43,989 [IPC Server Responder] INFO  ipc.Server (Server.java:run(1314)) - IPC Server Responder: starting
2019-10-08 21:08:43,989 [IPC Server listener on 34893] INFO  ipc.Server (Server.java:run(1153)) - IPC Server listener on 34893: starting
2019-10-08 21:08:43,992 [main] INFO  http.HttpServer2 (HttpServer2.java:bindListener(1191)) - Jetty bound to port 43191
2019-10-08 21:08:43,992 [main] INFO  server.Server (Server.java:doStart(351)) - jetty-9.3.25.v20180904, build timestamp: 2018-09-04T21:11:46Z, git hash: 3ce520221d0240229c862b122d2b06c12a625732
2019-10-08 21:08:43,995 [main] INFO  handler.ContextHandler (ContextHandler.java:doStart(781)) - Started o.e.j.s.ServletContextHandler@53314f76{/logs,file:///workdir/hadoop-ozone/integration-test/target/log,AVAILABLE}
2019-10-08 21:08:43,996 [main] INFO  handler.ContextHandler (ContextHandler.java:doStart(781)) - Started o.e.j.s.ServletContextHandler@70881123{/static,file:///workdir/hadoop-ozone/integration-test/target/test-classes/webapps/static,AVAILABLE}
2019-10-08 21:08:43,999 [main] INFO  handler.ContextHandler (ContextHandler.java:doStart(781)) - Started o.e.j.w.WebAppContext@21e5f0b6{/,file:///workdir/hadoop-ozone/integration-test/target/test-classes/webapps/scm/,AVAILABLE}{/scm}
2019-10-08 21:08:44,000 [main] INFO  server.AbstractConnector (AbstractConnector.java:doStart(278)) - Started ServerConnector@93bf0e0{HTTP/1.1,[http/1.1]}{0.0.0.0:43191}
2019-10-08 21:08:44,001 [main] INFO  server.Server (Server.java:doStart(419)) - Started @609797ms
2019-10-08 21:08:44,001 [main] WARN  impl.MetricsSystemImpl (MetricsSystemImpl.java:register(276)) - Sink prometheus already exists!
2019-10-08 21:08:44,002 [main] INFO  server.BaseHttpServer (BaseHttpServer.java:updateConnectorAddress(215)) - HTTP server of SCM is listening at http://0.0.0.0:43191
2019-10-08 21:08:44,002 [main] WARN  server.ServerUtils (ServerUtils.java:getDBPath(222)) - ozone.om.db.dirs is not configured. We recommend adding this setting. Falling back to ozone.metadata.dirs instead.
2019-10-08 21:08:44,003 [org.apache.hadoop.util.JvmPauseMonitor$Monitor@656842bc] INFO  util.JvmPauseMonitor (JvmPauseMonitor.java:run(188)) - Starting JVM pause monitor
2019-10-08 21:08:44,017 [main] INFO  ha.OMHANodeDetails (OMHANodeDetails.java:loadOMHAConfig(190)) - Configuration either no ozone.om.address set. Falling back to the default OM address /127.0.0.1:0
2019-10-08 21:08:44,017 [main] INFO  ha.OMHANodeDetails (OMHANodeDetails.java:getOMNodeDetails(220)) - OM Service ID is not set. Setting it to the default ID: omServiceIdDefault
2019-10-08 21:08:44,017 [main] WARN  server.ServerUtils (ServerUtils.java:getDBPath(222)) - ozone.om.db.dirs is not configured. We recommend adding this setting. Falling back to ozone.metadata.dirs instead.
2019-10-08 21:08:44,018 [main] WARN  server.ServerUtils (ServerUtils.java:getDBPath(222)) - ozone.om.db.dirs is not configured. We recommend adding this setting. Falling back to ozone.metadata.dirs instead.
2019-10-08 21:08:44,025 [main] WARN  server.ServerUtils (ServerUtils.java:getDBPath(222)) - ozone.om.db.dirs is not configured. We recommend adding this setting. Falling back to ozone.metadata.dirs instead.
2019-10-08 21:08:44,026 [main] INFO  db.DBStoreBuilder (DBStoreBuilder.java:addTable(117)) - using custom profile for table: userTable
2019-10-08 21:08:44,026 [main] INFO  db.DBStoreBuilder (DBStoreBuilder.java:processTables(168)) - Using default column profile:DBProfile.DISK for Table:userTable
2019-10-08 21:08:44,026 [main] INFO  db.DBStoreBuilder (DBStoreBuilder.java:addTable(117)) - using custom profile for table: volumeTable
2019-10-08 21:08:44,026 [main] INFO  db.DBStoreBuilder (DBStoreBuilder.java:processTables(168)) - Using default column profile:DBProfile.DISK for Table:volumeTable
2019-10-08 21:08:44,026 [main] INFO  db.DBStoreBuilder (DBStoreBuilder.java:addTable(117)) - using custom profile for table: bucketTable
2019-10-08 21:08:44,026 [main] INFO  db.DBStoreBuilder (DBStoreBuilder.java:processTables(168)) - Using default column profile:DBProfile.DISK for Table:bucketTable
2019-10-08 21:08:44,027 [main] INFO  db.DBStoreBuilder (DBStoreBuilder.java:addTable(117)) - using custom profile for table: keyTable
2019-10-08 21:08:44,027 [main] INFO  db.DBStoreBuilder (DBStoreBuilder.java:processTables(168)) - Using default column profile:DBProfile.DISK for Table:keyTable
2019-10-08 21:08:44,027 [main] INFO  db.DBStoreBuilder (DBStoreBuilder.java:addTable(117)) - using custom profile for table: deletedTable
2019-10-08 21:08:44,027 [main] INFO  db.DBStoreBuilder (DBStoreBuilder.java:processTables(168)) - Using default column profile:DBProfile.DISK for Table:deletedTable
2019-10-08 21:08:44,027 [main] INFO  db.DBStoreBuilder (DBStoreBuilder.java:addTable(117)) - using custom profile for table: openKeyTable
2019-10-08 21:08:44,027 [main] INFO  db.DBStoreBuilder (DBStoreBuilder.java:processTables(168)) - Using default column profile:DBProfile.DISK for Table:openKeyTable
2019-10-08 21:08:44,027 [main] INFO  db.DBStoreBuilder (DBStoreBuilder.java:addTable(117)) - using custom profile for table: s3Table
2019-10-08 21:08:44,028 [main] INFO  db.DBStoreBuilder (DBStoreBuilder.java:processTables(168)) - Using default column profile:DBProfile.DISK for Table:s3Table
2019-10-08 21:08:44,028 [main] INFO  db.DBStoreBuilder (DBStoreBuilder.java:addTable(117)) - using custom profile for table: multipartInfoTable
2019-10-08 21:08:44,028 [main] INFO  db.DBStoreBuilder (DBStoreBuilder.java:processTables(168)) - Using default column profile:DBProfile.DISK for Table:multipartInfoTable
2019-10-08 21:08:44,028 [main] INFO  db.DBStoreBuilder (DBStoreBuilder.java:addTable(117)) - using custom profile for table: dTokenTable
2019-10-08 21:08:44,028 [main] INFO  db.DBStoreBuilder (DBStoreBuilder.java:processTables(168)) - Using default column profile:DBProfile.DISK for Table:dTokenTable
2019-10-08 21:08:44,028 [main] INFO  db.DBStoreBuilder (DBStoreBuilder.java:addTable(117)) - using custom profile for table: s3SecretTable
2019-10-08 21:08:44,029 [main] INFO  db.DBStoreBuilder (DBStoreBuilder.java:processTables(168)) - Using default column profile:DBProfile.DISK for Table:s3SecretTable
2019-10-08 21:08:44,029 [main] INFO  db.DBStoreBuilder (DBStoreBuilder.java:addTable(117)) - using custom profile for table: prefixTable
2019-10-08 21:08:44,029 [main] INFO  db.DBStoreBuilder (DBStoreBuilder.java:processTables(168)) - Using default column profile:DBProfile.DISK for Table:prefixTable
2019-10-08 21:08:44,029 [main] INFO  db.DBStoreBuilder (DBStoreBuilder.java:addTable(117)) - using custom profile for table: default
2019-10-08 21:08:44,029 [main] INFO  db.DBStoreBuilder (DBStoreBuilder.java:processTables(174)) - Using default column profile:DBProfile.DISK for Table:default
2019-10-08 21:08:44,029 [main] INFO  db.DBStoreBuilder (DBStoreBuilder.java:getDbProfile(205)) - Using default options. DBProfile.DISK
2019-10-08 21:08:44,432 [main] INFO  ipc.CallQueueManager (CallQueueManager.java:<init>(84)) - Using callQueue: class java.util.concurrent.LinkedBlockingQueue, queueCapacity: 2000, scheduler: class org.apache.hadoop.ipc.DefaultRpcScheduler, ipcBackoff: false.
2019-10-08 21:08:44,433 [Socket Reader #1 for port 35941] INFO  ipc.Server (Server.java:run(1074)) - Starting Socket Reader #1 for port 35941
2019-10-08 21:08:44,450 [main] INFO  om.OzoneManager (OzoneManager.java:start(1069)) - OzoneManager RPC server is listening at localhost/127.0.0.1:35941
2019-10-08 21:08:44,450 [main] INFO  impl.MetricsSystemImpl (MetricsSystemImpl.java:init(158)) - OzoneManager metrics system started (again)
2019-10-08 21:08:44,451 [IPC Server Responder] INFO  ipc.Server (Server.java:run(1314)) - IPC Server Responder: starting
2019-10-08 21:08:44,452 [IPC Server listener on 35941] INFO  ipc.Server (Server.java:run(1153)) - IPC Server listener on 35941: starting
2019-10-08 21:08:44,458 [main] INFO  hdfs.DFSUtil (DFSUtil.java:httpServerTemplateForNNAndJN(1641)) - Starting Web-server for ozoneManager at: http://0.0.0.0:0
2019-10-08 21:08:44,460 [main] INFO  server.AuthenticationFilter (AuthenticationFilter.java:constructSecretProvider(240)) - Unable to initialize FileSignerSecretProvider, falling back to use random secrets.
2019-10-08 21:08:44,461 [main] WARN  http.HttpRequestLog (HttpRequestLog.java:getRequestLog(97)) - Jetty request log can only be enabled using Log4j
2019-10-08 21:08:44,463 [main] INFO  http.HttpServer2 (HttpServer2.java:addGlobalFilter(975)) - Added global filter 'safety' (class=org.apache.hadoop.http.HttpServer2$QuotingInputFilter)
2019-10-08 21:08:44,463 [main] INFO  http.HttpServer2 (HttpServer2.java:addFilter(948)) - Added filter static_user_filter (class=org.apache.hadoop.http.lib.StaticUserWebFilter$StaticUserFilter) to context ozoneManager
2019-10-08 21:08:44,464 [main] INFO  http.HttpServer2 (HttpServer2.java:addFilter(958)) - Added filter static_user_filter (class=org.apache.hadoop.http.lib.StaticUserWebFilter$StaticUserFilter) to context static
2019-10-08 21:08:44,464 [main] INFO  http.HttpServer2 (HttpServer2.java:addFilter(958)) - Added filter static_user_filter (class=org.apache.hadoop.http.lib.StaticUserWebFilter$StaticUserFilter) to context logs
2019-10-08 21:08:44,465 [main] INFO  http.HttpServer2 (HttpServer2.java:bindListener(1191)) - Jetty bound to port 35188
2019-10-08 21:08:44,465 [main] INFO  server.Server (Server.java:doStart(351)) - jetty-9.3.25.v20180904, build timestamp: 2018-09-04T21:11:46Z, git hash: 3ce520221d0240229c862b122d2b06c12a625732
2019-10-08 21:08:44,466 [main] INFO  handler.ContextHandler (ContextHandler.java:doStart(781)) - Started o.e.j.s.ServletContextHandler@77083e41{/logs,file:///workdir/hadoop-ozone/integration-test/target/log,AVAILABLE}
2019-10-08 21:08:44,467 [main] INFO  handler.ContextHandler (ContextHandler.java:doStart(781)) - Started o.e.j.s.ServletContextHandler@2d130ac4{/static,file:///workdir/hadoop-ozone/integration-test/target/test-classes/webapps/static,AVAILABLE}
2019-10-08 21:08:44,472 [main] INFO  handler.ContextHandler (ContextHandler.java:doStart(781)) - Started o.e.j.w.WebAppContext@6fbf5db2{/,file:///workdir/hadoop-ozone/integration-test/target/test-classes/webapps/ozoneManager/,AVAILABLE}{/ozoneManager}
2019-10-08 21:08:44,472 [main] INFO  server.AbstractConnector (AbstractConnector.java:doStart(278)) - Started ServerConnector@509a6095{HTTP/1.1,[http/1.1]}{0.0.0.0:35188}
2019-10-08 21:08:44,474 [main] INFO  server.Server (Server.java:doStart(419)) - Started @610270ms
2019-10-08 21:08:44,474 [main] WARN  impl.MetricsSystemImpl (MetricsSystemImpl.java:register(276)) - Sink prometheus already exists!
2019-10-08 21:08:44,475 [main] INFO  server.BaseHttpServer (BaseHttpServer.java:updateConnectorAddress(215)) - HTTP server of OZONEMANAGER is listening at http://0.0.0.0:35188
2019-10-08 21:08:44,492 [main] INFO  impl.MetricsSystemImpl (MetricsSystemImpl.java:init(158)) - HddsDatanode metrics system started (again)
2019-10-08 21:08:44,499 [main] INFO  ozone.HddsDatanodeService (HddsDatanodeService.java:start(184)) - HddsDatanodeService host:pr-hdds-1868-gtwz2-575081100 ip:192.168.5.143
2019-10-08 21:08:44,505 [main] INFO  volume.HddsVolume (HddsVolume.java:<init>(176)) - Creating Volume: /workdir/hadoop-ozone/integration-test/target/test-dir/MiniOzoneClusterImpl-76b6f63f-e342-488e-8571-ba8c5b8db736/datanode-0/data/containers/hdds of  storage type : DISK and capacity : 1482555576320
2019-10-08 21:08:44,505 [main] INFO  volume.VolumeSet (VolumeSet.java:initializeVolumeSet(170)) - Added Volume : /workdir/hadoop-ozone/integration-test/target/test-dir/MiniOzoneClusterImpl-76b6f63f-e342-488e-8571-ba8c5b8db736/datanode-0/data/containers/hdds to VolumeSet
2019-10-08 21:08:44,505 [main] INFO  volume.ThrottledAsyncChecker (ThrottledAsyncChecker.java:schedule(141)) - Scheduling a check for org.apache.hadoop.ozone.container.common.volume.HddsVolume@5e3db14
2019-10-08 21:08:44,507 [main] INFO  volume.HddsVolumeChecker (HddsVolumeChecker.java:checkAllVolumes(204)) - Scheduled health check for volume org.apache.hadoop.ozone.container.common.volume.HddsVolume@5e3db14
2019-10-08 21:08:44,522 [main] INFO  impl.RaftServerProxy (ConfUtils.java:logGet(43)) - raft.rpc.type = GRPC (default)
2019-10-08 21:08:44,522 [main] INFO  grpc.GrpcFactory (GrpcFactory.java:checkPooledByteBufAllocatorUseCacheForAllThreads(45)) - PERFORMANCE WARNING: useCacheForAllThreads is true that may cause Netty to create a lot garbage objects and, as a result, trigger GC.
	It is recommended to disable useCacheForAllThreads by setting -Dorg.apache.ratis.thirdparty.io.netty.allocator.useCacheForAllThreads=false in command line.
2019-10-08 21:08:44,523 [main] INFO  grpc.GrpcConfigKeys$Server (ConfUtils.java:logGet(43)) - raft.grpc.server.port = 0 (default)
2019-10-08 21:08:44,523 [main] INFO  server.GrpcService (ConfUtils.java:logGet(43)) - raft.grpc.message.size.max = 33570816 (custom)
2019-10-08 21:08:44,523 [main] INFO  server.RaftServerConfigKeys (ConfUtils.java:logGet(43)) - raft.server.log.appender.buffer.byte-limit = 33554432 (custom)
2019-10-08 21:08:44,523 [main] INFO  server.GrpcService (ConfUtils.java:logGet(43)) - raft.grpc.flow.control.window = 1MB (=1048576) (default)
2019-10-08 21:08:44,523 [main] INFO  server.RaftServerConfigKeys (ConfUtils.java:logGet(43)) - raft.server.rpc.request.timeout = 3000ms (default)
2019-10-08 21:08:44,524 [main] INFO  server.RaftServerConfigKeys (ConfUtils.java:logGet(43)) - raft.server.storage.dir = [/workdir/hadoop-ozone/integration-test/target/test-dir/MiniOzoneClusterImpl-76b6f63f-e342-488e-8571-ba8c5b8db736/datanode-0/data/ratis] (custom)
2019-10-08 21:08:44,525 [main] INFO  hdfs.DFSUtil (DFSUtil.java:httpServerTemplateForNNAndJN(1641)) - Starting Web-server for hddsDatanode at: http://0.0.0.0:0
2019-10-08 21:08:44,527 [main] INFO  server.AuthenticationFilter (AuthenticationFilter.java:constructSecretProvider(240)) - Unable to initialize FileSignerSecretProvider, falling back to use random secrets.
2019-10-08 21:08:44,527 [main] WARN  http.HttpRequestLog (HttpRequestLog.java:getRequestLog(97)) - Jetty request log can only be enabled using Log4j
2019-10-08 21:08:44,528 [main] INFO  http.HttpServer2 (HttpServer2.java:addGlobalFilter(975)) - Added global filter 'safety' (class=org.apache.hadoop.http.HttpServer2$QuotingInputFilter)
2019-10-08 21:08:44,529 [main] INFO  http.HttpServer2 (HttpServer2.java:addFilter(948)) - Added filter static_user_filter (class=org.apache.hadoop.http.lib.StaticUserWebFilter$StaticUserFilter) to context hddsDatanode
2019-10-08 21:08:44,529 [main] INFO  http.HttpServer2 (HttpServer2.java:addFilter(958)) - Added filter static_user_filter (class=org.apache.hadoop.http.lib.StaticUserWebFilter$StaticUserFilter) to context logs
2019-10-08 21:08:44,529 [main] INFO  http.HttpServer2 (HttpServer2.java:addFilter(958)) - Added filter static_user_filter (class=org.apache.hadoop.http.lib.StaticUserWebFilter$StaticUserFilter) to context static
2019-10-08 21:08:44,530 [main] INFO  http.HttpServer2 (HttpServer2.java:bindListener(1191)) - Jetty bound to port 37575
2019-10-08 21:08:44,530 [main] INFO  server.Server (Server.java:doStart(351)) - jetty-9.3.25.v20180904, build timestamp: 2018-09-04T21:11:46Z, git hash: 3ce520221d0240229c862b122d2b06c12a625732
2019-10-08 21:08:44,531 [main] INFO  handler.ContextHandler (ContextHandler.java:doStart(781)) - Started o.e.j.s.ServletContextHandler@2d206a71{/logs,file:///workdir/hadoop-ozone/integration-test/target/log,AVAILABLE}
2019-10-08 21:08:44,532 [main] INFO  handler.ContextHandler (ContextHandler.java:doStart(781)) - Started o.e.j.s.ServletContextHandler@3a40bb52{/static,jar:file:/home/user/.m2/repository/org/apache/hadoop/hadoop-hdds-container-service/0.5.0-SNAPSHOT/hadoop-hdds-container-service-0.5.0-SNAPSHOT.jar!/webapps/static,AVAILABLE}
2019-10-08 21:08:44,563 [main] INFO  handler.ContextHandler (ContextHandler.java:doStart(781)) - Started o.e.j.w.WebAppContext@61d60e38{/,file:///tmp/jetty-0.0.0.0-37575-hddsDatanode-_-any-4352840830162062397.dir/webapp/,AVAILABLE}{/hddsDatanode}
2019-10-08 21:08:44,563 [main] INFO  server.AbstractConnector (AbstractConnector.java:doStart(278)) - Started ServerConnector@6e95973c{HTTP/1.1,[http/1.1]}{0.0.0.0:37575}
2019-10-08 21:08:44,565 [main] INFO  server.Server (Server.java:doStart(419)) - Started @610361ms
2019-10-08 21:08:44,565 [main] WARN  impl.MetricsSystemImpl (MetricsSystemImpl.java:register(276)) - Sink prometheus already exists!
2019-10-08 21:08:44,565 [main] INFO  server.BaseHttpServer (BaseHttpServer.java:updateConnectorAddress(215)) - HTTP server of HDDSDATANODE is listening at http://0.0.0.0:37575
2019-10-08 21:08:44,566 [main] INFO  impl.MetricsSystemImpl (MetricsSystemImpl.java:init(158)) - HddsDatanode metrics system started (again)
2019-10-08 21:08:44,571 [org.apache.hadoop.util.JvmPauseMonitor$Monitor@3bbd0bec] INFO  util.JvmPauseMonitor (JvmPauseMonitor.java:run(188)) - Starting JVM pause monitor
2019-10-08 21:08:44,572 [main] INFO  ozone.HddsDatanodeService (HddsDatanodeService.java:start(184)) - HddsDatanodeService host:pr-hdds-1868-gtwz2-575081100 ip:192.168.5.143
2019-10-08 21:08:44,573 [Datanode State Machine Thread - 0] INFO  datanode.InitDatanodeState (InitDatanodeState.java:persistContainerDatanodeDetails(140)) - DatanodeDetails is persisted to /workdir/hadoop-ozone/integration-test/target/test-dir/MiniOzoneClusterImpl-76b6f63f-e342-488e-8571-ba8c5b8db736/datanode-0/meta/datanode.id
2019-10-08 21:08:44,578 [main] INFO  volume.HddsVolume (HddsVolume.java:<init>(176)) - Creating Volume: /workdir/hadoop-ozone/integration-test/target/test-dir/MiniOzoneClusterImpl-76b6f63f-e342-488e-8571-ba8c5b8db736/datanode-1/data/containers/hdds of  storage type : DISK and capacity : 1482555576320
2019-10-08 21:08:44,578 [main] INFO  volume.VolumeSet (VolumeSet.java:initializeVolumeSet(170)) - Added Volume : /workdir/hadoop-ozone/integration-test/target/test-dir/MiniOzoneClusterImpl-76b6f63f-e342-488e-8571-ba8c5b8db736/datanode-1/data/containers/hdds to VolumeSet
2019-10-08 21:08:44,578 [main] INFO  volume.ThrottledAsyncChecker (ThrottledAsyncChecker.java:schedule(141)) - Scheduling a check for org.apache.hadoop.ozone.container.common.volume.HddsVolume@106c988
2019-10-08 21:08:44,579 [main] INFO  volume.HddsVolumeChecker (HddsVolumeChecker.java:checkAllVolumes(204)) - Scheduled health check for volume org.apache.hadoop.ozone.container.common.volume.HddsVolume@106c988
2019-10-08 21:08:44,592 [main] INFO  impl.RaftServerProxy (ConfUtils.java:logGet(43)) - raft.rpc.type = GRPC (default)
2019-10-08 21:08:44,593 [main] INFO  grpc.GrpcFactory (GrpcFactory.java:checkPooledByteBufAllocatorUseCacheForAllThreads(45)) - PERFORMANCE WARNING: useCacheForAllThreads is true that may cause Netty to create a lot garbage objects and, as a result, trigger GC.
	It is recommended to disable useCacheForAllThreads by setting -Dorg.apache.ratis.thirdparty.io.netty.allocator.useCacheForAllThreads=false in command line.
2019-10-08 21:08:44,593 [main] INFO  grpc.GrpcConfigKeys$Server (ConfUtils.java:logGet(43)) - raft.grpc.server.port = 0 (default)
2019-10-08 21:08:44,593 [main] INFO  server.GrpcService (ConfUtils.java:logGet(43)) - raft.grpc.message.size.max = 33570816 (custom)
2019-10-08 21:08:44,593 [main] INFO  server.RaftServerConfigKeys (ConfUtils.java:logGet(43)) - raft.server.log.appender.buffer.byte-limit = 33554432 (custom)
2019-10-08 21:08:44,593 [main] INFO  server.GrpcService (ConfUtils.java:logGet(43)) - raft.grpc.flow.control.window = 1MB (=1048576) (default)
2019-10-08 21:08:44,593 [main] INFO  server.RaftServerConfigKeys (ConfUtils.java:logGet(43)) - raft.server.rpc.request.timeout = 3000ms (default)
2019-10-08 21:08:44,594 [main] INFO  server.RaftServerConfigKeys (ConfUtils.java:logGet(43)) - raft.server.storage.dir = [/workdir/hadoop-ozone/integration-test/target/test-dir/MiniOzoneClusterImpl-76b6f63f-e342-488e-8571-ba8c5b8db736/datanode-1/data/ratis] (custom)
2019-10-08 21:08:44,595 [main] INFO  hdfs.DFSUtil (DFSUtil.java:httpServerTemplateForNNAndJN(1641)) - Starting Web-server for hddsDatanode at: http://0.0.0.0:0
2019-10-08 21:08:44,596 [main] INFO  server.AuthenticationFilter (AuthenticationFilter.java:constructSecretProvider(240)) - Unable to initialize FileSignerSecretProvider, falling back to use random secrets.
2019-10-08 21:08:44,596 [main] WARN  http.HttpRequestLog (HttpRequestLog.java:getRequestLog(97)) - Jetty request log can only be enabled using Log4j
2019-10-08 21:08:44,598 [main] INFO  http.HttpServer2 (HttpServer2.java:addGlobalFilter(975)) - Added global filter 'safety' (class=org.apache.hadoop.http.HttpServer2$QuotingInputFilter)
2019-10-08 21:08:44,598 [main] INFO  http.HttpServer2 (HttpServer2.java:addFilter(948)) - Added filter static_user_filter (class=org.apache.hadoop.http.lib.StaticUserWebFilter$StaticUserFilter) to context hddsDatanode
2019-10-08 21:08:44,598 [main] INFO  http.HttpServer2 (HttpServer2.java:addFilter(958)) - Added filter static_user_filter (class=org.apache.hadoop.http.lib.StaticUserWebFilter$StaticUserFilter) to context logs
2019-10-08 21:08:44,598 [main] INFO  http.HttpServer2 (HttpServer2.java:addFilter(958)) - Added filter static_user_filter (class=org.apache.hadoop.http.lib.StaticUserWebFilter$StaticUserFilter) to context static
2019-10-08 21:08:44,599 [main] INFO  http.HttpServer2 (HttpServer2.java:bindListener(1191)) - Jetty bound to port 45876
2019-10-08 21:08:44,599 [main] INFO  server.Server (Server.java:doStart(351)) - jetty-9.3.25.v20180904, build timestamp: 2018-09-04T21:11:46Z, git hash: 3ce520221d0240229c862b122d2b06c12a625732
2019-10-08 21:08:44,600 [main] INFO  handler.ContextHandler (ContextHandler.java:doStart(781)) - Started o.e.j.s.ServletContextHandler@340afaf8{/logs,file:///workdir/hadoop-ozone/integration-test/target/log,AVAILABLE}
2019-10-08 21:08:44,601 [main] INFO  handler.ContextHandler (ContextHandler.java:doStart(781)) - Started o.e.j.s.ServletContextHandler@336f49a1{/static,jar:file:/home/user/.m2/repository/org/apache/hadoop/hadoop-hdds-container-service/0.5.0-SNAPSHOT/hadoop-hdds-container-service-0.5.0-SNAPSHOT.jar!/webapps/static,AVAILABLE}
2019-10-08 21:08:44,629 [main] INFO  handler.ContextHandler (ContextHandler.java:doStart(781)) - Started o.e.j.w.WebAppContext@6b42e36d{/,file:///tmp/jetty-0.0.0.0-45876-hddsDatanode-_-any-4920256894592908678.dir/webapp/,AVAILABLE}{/hddsDatanode}
2019-10-08 21:08:44,629 [main] INFO  server.AbstractConnector (AbstractConnector.java:doStart(278)) - Started ServerConnector@13192275{HTTP/1.1,[http/1.1]}{0.0.0.0:45876}
2019-10-08 21:08:44,631 [main] INFO  server.Server (Server.java:doStart(419)) - Started @610427ms
2019-10-08 21:08:44,631 [main] WARN  impl.MetricsSystemImpl (MetricsSystemImpl.java:register(276)) - Sink prometheus already exists!
2019-10-08 21:08:44,631 [main] INFO  server.BaseHttpServer (BaseHttpServer.java:updateConnectorAddress(215)) - HTTP server of HDDSDATANODE is listening at http://0.0.0.0:45876
2019-10-08 21:08:44,632 [main] INFO  impl.MetricsSystemImpl (MetricsSystemImpl.java:init(158)) - HddsDatanode metrics system started (again)
2019-10-08 21:08:44,637 [org.apache.hadoop.util.JvmPauseMonitor$Monitor@1582c184] INFO  util.JvmPauseMonitor (JvmPauseMonitor.java:run(188)) - Starting JVM pause monitor
2019-10-08 21:08:44,638 [main] INFO  ozone.HddsDatanodeService (HddsDatanodeService.java:start(184)) - HddsDatanodeService host:pr-hdds-1868-gtwz2-575081100 ip:192.168.5.143
2019-10-08 21:08:44,639 [Datanode State Machine Thread - 0] INFO  datanode.InitDatanodeState (InitDatanodeState.java:persistContainerDatanodeDetails(140)) - DatanodeDetails is persisted to /workdir/hadoop-ozone/integration-test/target/test-dir/MiniOzoneClusterImpl-76b6f63f-e342-488e-8571-ba8c5b8db736/datanode-1/meta/datanode.id
2019-10-08 21:08:44,643 [main] INFO  volume.HddsVolume (HddsVolume.java:<init>(176)) - Creating Volume: /workdir/hadoop-ozone/integration-test/target/test-dir/MiniOzoneClusterImpl-76b6f63f-e342-488e-8571-ba8c5b8db736/datanode-2/data/containers/hdds of  storage type : DISK and capacity : 1482555576320
2019-10-08 21:08:44,644 [main] INFO  volume.VolumeSet (VolumeSet.java:initializeVolumeSet(170)) - Added Volume : /workdir/hadoop-ozone/integration-test/target/test-dir/MiniOzoneClusterImpl-76b6f63f-e342-488e-8571-ba8c5b8db736/datanode-2/data/containers/hdds to VolumeSet
2019-10-08 21:08:44,644 [main] INFO  volume.ThrottledAsyncChecker (ThrottledAsyncChecker.java:schedule(141)) - Scheduling a check for org.apache.hadoop.ozone.container.common.volume.HddsVolume@99a8de3
2019-10-08 21:08:44,644 [main] INFO  volume.HddsVolumeChecker (HddsVolumeChecker.java:checkAllVolumes(204)) - Scheduled health check for volume org.apache.hadoop.ozone.container.common.volume.HddsVolume@99a8de3
2019-10-08 21:08:44,657 [main] INFO  impl.RaftServerProxy (ConfUtils.java:logGet(43)) - raft.rpc.type = GRPC (default)
2019-10-08 21:08:44,657 [main] INFO  grpc.GrpcFactory (GrpcFactory.java:checkPooledByteBufAllocatorUseCacheForAllThreads(45)) - PERFORMANCE WARNING: useCacheForAllThreads is true that may cause Netty to create a lot garbage objects and, as a result, trigger GC.
	It is recommended to disable useCacheForAllThreads by setting -Dorg.apache.ratis.thirdparty.io.netty.allocator.useCacheForAllThreads=false in command line.
2019-10-08 21:08:44,657 [main] INFO  grpc.GrpcConfigKeys$Server (ConfUtils.java:logGet(43)) - raft.grpc.server.port = 0 (default)
2019-10-08 21:08:44,658 [main] INFO  server.GrpcService (ConfUtils.java:logGet(43)) - raft.grpc.message.size.max = 33570816 (custom)
2019-10-08 21:08:44,658 [main] INFO  server.RaftServerConfigKeys (ConfUtils.java:logGet(43)) - raft.server.log.appender.buffer.byte-limit = 33554432 (custom)
2019-10-08 21:08:44,658 [main] INFO  server.GrpcService (ConfUtils.java:logGet(43)) - raft.grpc.flow.control.window = 1MB (=1048576) (default)
2019-10-08 21:08:44,658 [main] INFO  server.RaftServerConfigKeys (ConfUtils.java:logGet(43)) - raft.server.rpc.request.timeout = 3000ms (default)
2019-10-08 21:08:44,658 [main] INFO  server.RaftServerConfigKeys (ConfUtils.java:logGet(43)) - raft.server.storage.dir = [/workdir/hadoop-ozone/integration-test/target/test-dir/MiniOzoneClusterImpl-76b6f63f-e342-488e-8571-ba8c5b8db736/datanode-2/data/ratis] (custom)
2019-10-08 21:08:44,660 [main] INFO  hdfs.DFSUtil (DFSUtil.java:httpServerTemplateForNNAndJN(1641)) - Starting Web-server for hddsDatanode at: http://0.0.0.0:0
2019-10-08 21:08:44,661 [main] INFO  server.AuthenticationFilter (AuthenticationFilter.java:constructSecretProvider(240)) - Unable to initialize FileSignerSecretProvider, falling back to use random secrets.
2019-10-08 21:08:44,661 [main] WARN  http.HttpRequestLog (HttpRequestLog.java:getRequestLog(97)) - Jetty request log can only be enabled using Log4j
2019-10-08 21:08:44,663 [main] INFO  http.HttpServer2 (HttpServer2.java:addGlobalFilter(975)) - Added global filter 'safety' (class=org.apache.hadoop.http.HttpServer2$QuotingInputFilter)
2019-10-08 21:08:44,663 [main] INFO  http.HttpServer2 (HttpServer2.java:addFilter(948)) - Added filter static_user_filter (class=org.apache.hadoop.http.lib.StaticUserWebFilter$StaticUserFilter) to context hddsDatanode
2019-10-08 21:08:44,663 [main] INFO  http.HttpServer2 (HttpServer2.java:addFilter(958)) - Added filter static_user_filter (class=org.apache.hadoop.http.lib.StaticUserWebFilter$StaticUserFilter) to context static
2019-10-08 21:08:44,663 [main] INFO  http.HttpServer2 (HttpServer2.java:addFilter(958)) - Added filter static_user_filter (class=org.apache.hadoop.http.lib.StaticUserWebFilter$StaticUserFilter) to context logs
2019-10-08 21:08:44,664 [main] INFO  http.HttpServer2 (HttpServer2.java:bindListener(1191)) - Jetty bound to port 35705
2019-10-08 21:08:44,664 [main] INFO  server.Server (Server.java:doStart(351)) - jetty-9.3.25.v20180904, build timestamp: 2018-09-04T21:11:46Z, git hash: 3ce520221d0240229c862b122d2b06c12a625732
2019-10-08 21:08:44,665 [main] INFO  handler.ContextHandler (ContextHandler.java:doStart(781)) - Started o.e.j.s.ServletContextHandler@7be94cd6{/logs,file:///workdir/hadoop-ozone/integration-test/target/log,AVAILABLE}
2019-10-08 21:08:44,666 [main] INFO  handler.ContextHandler (ContextHandler.java:doStart(781)) - Started o.e.j.s.ServletContextHandler@463045fb{/static,jar:file:/home/user/.m2/repository/org/apache/hadoop/hadoop-hdds-container-service/0.5.0-SNAPSHOT/hadoop-hdds-container-service-0.5.0-SNAPSHOT.jar!/webapps/static,AVAILABLE}
2019-10-08 21:08:44,694 [main] INFO  handler.ContextHandler (ContextHandler.java:doStart(781)) - Started o.e.j.w.WebAppContext@4409cae6{/,file:///tmp/jetty-0.0.0.0-35705-hddsDatanode-_-any-8004931757828560572.dir/webapp/,AVAILABLE}{/hddsDatanode}
2019-10-08 21:08:44,694 [main] INFO  server.AbstractConnector (AbstractConnector.java:doStart(278)) - Started ServerConnector@14e750c5{HTTP/1.1,[http/1.1]}{0.0.0.0:35705}
2019-10-08 21:08:44,696 [main] INFO  server.Server (Server.java:doStart(419)) - Started @610492ms
2019-10-08 21:08:44,696 [main] WARN  impl.MetricsSystemImpl (MetricsSystemImpl.java:register(276)) - Sink prometheus already exists!
2019-10-08 21:08:44,697 [main] INFO  server.BaseHttpServer (BaseHttpServer.java:updateConnectorAddress(215)) - HTTP server of HDDSDATANODE is listening at http://0.0.0.0:35705
2019-10-08 21:08:44,697 [main] INFO  impl.MetricsSystemImpl (MetricsSystemImpl.java:init(158)) - HddsDatanode metrics system started (again)
2019-10-08 21:08:44,704 [org.apache.hadoop.util.JvmPauseMonitor$Monitor@1fe47c26] INFO  util.JvmPauseMonitor (JvmPauseMonitor.java:run(188)) - Starting JVM pause monitor
2019-10-08 21:08:44,704 [main] INFO  ozone.HddsDatanodeService (HddsDatanodeService.java:start(184)) - HddsDatanodeService host:pr-hdds-1868-gtwz2-575081100 ip:192.168.5.143
2019-10-08 21:08:44,705 [Datanode State Machine Thread - 0] INFO  datanode.InitDatanodeState (InitDatanodeState.java:persistContainerDatanodeDetails(140)) - DatanodeDetails is persisted to /workdir/hadoop-ozone/integration-test/target/test-dir/MiniOzoneClusterImpl-76b6f63f-e342-488e-8571-ba8c5b8db736/datanode-2/meta/datanode.id
2019-10-08 21:08:44,711 [main] INFO  volume.HddsVolume (HddsVolume.java:<init>(176)) - Creating Volume: /workdir/hadoop-ozone/integration-test/target/test-dir/MiniOzoneClusterImpl-76b6f63f-e342-488e-8571-ba8c5b8db736/datanode-3/data/containers/hdds of  storage type : DISK and capacity : 1482555576320
2019-10-08 21:08:44,711 [main] INFO  volume.VolumeSet (VolumeSet.java:initializeVolumeSet(170)) - Added Volume : /workdir/hadoop-ozone/integration-test/target/test-dir/MiniOzoneClusterImpl-76b6f63f-e342-488e-8571-ba8c5b8db736/datanode-3/data/containers/hdds to VolumeSet
2019-10-08 21:08:44,711 [main] INFO  volume.ThrottledAsyncChecker (ThrottledAsyncChecker.java:schedule(141)) - Scheduling a check for org.apache.hadoop.ozone.container.common.volume.HddsVolume@7a36c83a
2019-10-08 21:08:44,711 [main] INFO  volume.HddsVolumeChecker (HddsVolumeChecker.java:checkAllVolumes(204)) - Scheduled health check for volume org.apache.hadoop.ozone.container.common.volume.HddsVolume@7a36c83a
2019-10-08 21:08:44,725 [main] INFO  impl.RaftServerProxy (ConfUtils.java:logGet(43)) - raft.rpc.type = GRPC (default)
2019-10-08 21:08:44,725 [main] INFO  grpc.GrpcFactory (GrpcFactory.java:checkPooledByteBufAllocatorUseCacheForAllThreads(45)) - PERFORMANCE WARNING: useCacheForAllThreads is true that may cause Netty to create a lot garbage objects and, as a result, trigger GC.
	It is recommended to disable useCacheForAllThreads by setting -Dorg.apache.ratis.thirdparty.io.netty.allocator.useCacheForAllThreads=false in command line.
2019-10-08 21:08:44,725 [main] INFO  grpc.GrpcConfigKeys$Server (ConfUtils.java:logGet(43)) - raft.grpc.server.port = 0 (default)
2019-10-08 21:08:44,725 [main] INFO  server.GrpcService (ConfUtils.java:logGet(43)) - raft.grpc.message.size.max = 33570816 (custom)
2019-10-08 21:08:44,725 [main] INFO  server.RaftServerConfigKeys (ConfUtils.java:logGet(43)) - raft.server.log.appender.buffer.byte-limit = 33554432 (custom)
2019-10-08 21:08:44,726 [main] INFO  server.GrpcService (ConfUtils.java:logGet(43)) - raft.grpc.flow.control.window = 1MB (=1048576) (default)
2019-10-08 21:08:44,726 [main] INFO  server.RaftServerConfigKeys (ConfUtils.java:logGet(43)) - raft.server.rpc.request.timeout = 3000ms (default)
2019-10-08 21:08:44,726 [main] INFO  server.RaftServerConfigKeys (ConfUtils.java:logGet(43)) - raft.server.storage.dir = [/workdir/hadoop-ozone/integration-test/target/test-dir/MiniOzoneClusterImpl-76b6f63f-e342-488e-8571-ba8c5b8db736/datanode-3/data/ratis] (custom)
2019-10-08 21:08:44,727 [main] INFO  hdfs.DFSUtil (DFSUtil.java:httpServerTemplateForNNAndJN(1641)) - Starting Web-server for hddsDatanode at: http://0.0.0.0:0
2019-10-08 21:08:44,729 [main] INFO  server.AuthenticationFilter (AuthenticationFilter.java:constructSecretProvider(240)) - Unable to initialize FileSignerSecretProvider, falling back to use random secrets.
2019-10-08 21:08:44,729 [main] WARN  http.HttpRequestLog (HttpRequestLog.java:getRequestLog(97)) - Jetty request log can only be enabled using Log4j
2019-10-08 21:08:44,731 [main] INFO  http.HttpServer2 (HttpServer2.java:addGlobalFilter(975)) - Added global filter 'safety' (class=org.apache.hadoop.http.HttpServer2$QuotingInputFilter)
2019-10-08 21:08:44,731 [main] INFO  http.HttpServer2 (HttpServer2.java:addFilter(948)) - Added filter static_user_filter (class=org.apache.hadoop.http.lib.StaticUserWebFilter$StaticUserFilter) to context hddsDatanode
2019-10-08 21:08:44,731 [main] INFO  http.HttpServer2 (HttpServer2.java:addFilter(958)) - Added filter static_user_filter (class=org.apache.hadoop.http.lib.StaticUserWebFilter$StaticUserFilter) to context logs
2019-10-08 21:08:44,731 [main] INFO  http.HttpServer2 (HttpServer2.java:addFilter(958)) - Added filter static_user_filter (class=org.apache.hadoop.http.lib.StaticUserWebFilter$StaticUserFilter) to context static
2019-10-08 21:08:44,732 [main] INFO  http.HttpServer2 (HttpServer2.java:bindListener(1191)) - Jetty bound to port 46019
2019-10-08 21:08:44,732 [main] INFO  server.Server (Server.java:doStart(351)) - jetty-9.3.25.v20180904, build timestamp: 2018-09-04T21:11:46Z, git hash: 3ce520221d0240229c862b122d2b06c12a625732
2019-10-08 21:08:44,734 [main] INFO  handler.ContextHandler (ContextHandler.java:doStart(781)) - Started o.e.j.s.ServletContextHandler@1693ff90{/logs,file:///workdir/hadoop-ozone/integration-test/target/log,AVAILABLE}
2019-10-08 21:08:44,734 [main] INFO  handler.ContextHandler (ContextHandler.java:doStart(781)) - Started o.e.j.s.ServletContextHandler@ad3f70a{/static,jar:file:/home/user/.m2/repository/org/apache/hadoop/hadoop-hdds-container-service/0.5.0-SNAPSHOT/hadoop-hdds-container-service-0.5.0-SNAPSHOT.jar!/webapps/static,AVAILABLE}
2019-10-08 21:08:44,764 [main] INFO  handler.ContextHandler (ContextHandler.java:doStart(781)) - Started o.e.j.w.WebAppContext@7f0d8eff{/,file:///tmp/jetty-0.0.0.0-46019-hddsDatanode-_-any-4109660451403702765.dir/webapp/,AVAILABLE}{/hddsDatanode}
2019-10-08 21:08:44,764 [main] INFO  server.AbstractConnector (AbstractConnector.java:doStart(278)) - Started ServerConnector@149aa7b2{HTTP/1.1,[http/1.1]}{0.0.0.0:46019}
2019-10-08 21:08:44,764 [main] INFO  server.Server (Server.java:doStart(419)) - Started @610561ms
2019-10-08 21:08:44,766 [main] WARN  impl.MetricsSystemImpl (MetricsSystemImpl.java:register(276)) - Sink prometheus already exists!
2019-10-08 21:08:44,767 [main] INFO  server.BaseHttpServer (BaseHttpServer.java:updateConnectorAddress(215)) - HTTP server of HDDSDATANODE is listening at http://0.0.0.0:46019
2019-10-08 21:08:44,767 [main] INFO  impl.MetricsSystemImpl (MetricsSystemImpl.java:init(158)) - HddsDatanode metrics system started (again)
2019-10-08 21:08:44,774 [org.apache.hadoop.util.JvmPauseMonitor$Monitor@4995d257] INFO  util.JvmPauseMonitor (JvmPauseMonitor.java:run(188)) - Starting JVM pause monitor
2019-10-08 21:08:44,775 [main] INFO  ozone.HddsDatanodeService (HddsDatanodeService.java:start(184)) - HddsDatanodeService host:pr-hdds-1868-gtwz2-575081100 ip:192.168.5.143
2019-10-08 21:08:44,775 [Datanode State Machine Thread - 0] INFO  datanode.InitDatanodeState (InitDatanodeState.java:persistContainerDatanodeDetails(140)) - DatanodeDetails is persisted to /workdir/hadoop-ozone/integration-test/target/test-dir/MiniOzoneClusterImpl-76b6f63f-e342-488e-8571-ba8c5b8db736/datanode-3/meta/datanode.id
2019-10-08 21:08:44,782 [main] INFO  volume.HddsVolume (HddsVolume.java:<init>(176)) - Creating Volume: /workdir/hadoop-ozone/integration-test/target/test-dir/MiniOzoneClusterImpl-76b6f63f-e342-488e-8571-ba8c5b8db736/datanode-4/data/containers/hdds of  storage type : DISK and capacity : 1482555576320
2019-10-08 21:08:44,782 [main] INFO  volume.VolumeSet (VolumeSet.java:initializeVolumeSet(170)) - Added Volume : /workdir/hadoop-ozone/integration-test/target/test-dir/MiniOzoneClusterImpl-76b6f63f-e342-488e-8571-ba8c5b8db736/datanode-4/data/containers/hdds to VolumeSet
2019-10-08 21:08:44,783 [main] INFO  volume.ThrottledAsyncChecker (ThrottledAsyncChecker.java:schedule(141)) - Scheduling a check for org.apache.hadoop.ozone.container.common.volume.HddsVolume@19cdc217
2019-10-08 21:08:44,783 [main] INFO  volume.HddsVolumeChecker (HddsVolumeChecker.java:checkAllVolumes(204)) - Scheduled health check for volume org.apache.hadoop.ozone.container.common.volume.HddsVolume@19cdc217
2019-10-08 21:08:44,798 [main] INFO  impl.RaftServerProxy (ConfUtils.java:logGet(43)) - raft.rpc.type = GRPC (default)
2019-10-08 21:08:44,798 [main] INFO  grpc.GrpcFactory (GrpcFactory.java:checkPooledByteBufAllocatorUseCacheForAllThreads(45)) - PERFORMANCE WARNING: useCacheForAllThreads is true that may cause Netty to create a lot garbage objects and, as a result, trigger GC.
	It is recommended to disable useCacheForAllThreads by setting -Dorg.apache.ratis.thirdparty.io.netty.allocator.useCacheForAllThreads=false in command line.
2019-10-08 21:08:44,798 [main] INFO  grpc.GrpcConfigKeys$Server (ConfUtils.java:logGet(43)) - raft.grpc.server.port = 0 (default)
2019-10-08 21:08:44,798 [main] INFO  server.GrpcService (ConfUtils.java:logGet(43)) - raft.grpc.message.size.max = 33570816 (custom)
2019-10-08 21:08:44,798 [main] INFO  server.RaftServerConfigKeys (ConfUtils.java:logGet(43)) - raft.server.log.appender.buffer.byte-limit = 33554432 (custom)
2019-10-08 21:08:44,799 [main] INFO  server.GrpcService (ConfUtils.java:logGet(43)) - raft.grpc.flow.control.window = 1MB (=1048576) (default)
2019-10-08 21:08:44,799 [main] INFO  server.RaftServerConfigKeys (ConfUtils.java:logGet(43)) - raft.server.rpc.request.timeout = 3000ms (default)
2019-10-08 21:08:44,799 [main] INFO  server.RaftServerConfigKeys (ConfUtils.java:logGet(43)) - raft.server.storage.dir = [/workdir/hadoop-ozone/integration-test/target/test-dir/MiniOzoneClusterImpl-76b6f63f-e342-488e-8571-ba8c5b8db736/datanode-4/data/ratis] (custom)
2019-10-08 21:08:44,800 [main] INFO  hdfs.DFSUtil (DFSUtil.java:httpServerTemplateForNNAndJN(1641)) - Starting Web-server for hddsDatanode at: http://0.0.0.0:0
2019-10-08 21:08:44,802 [main] INFO  server.AuthenticationFilter (AuthenticationFilter.java:constructSecretProvider(240)) - Unable to initialize FileSignerSecretProvider, falling back to use random secrets.
2019-10-08 21:08:44,802 [main] WARN  http.HttpRequestLog (HttpRequestLog.java:getRequestLog(97)) - Jetty request log can only be enabled using Log4j
2019-10-08 21:08:44,803 [main] INFO  http.HttpServer2 (HttpServer2.java:addGlobalFilter(975)) - Added global filter 'safety' (class=org.apache.hadoop.http.HttpServer2$QuotingInputFilter)
2019-10-08 21:08:44,804 [main] INFO  http.HttpServer2 (HttpServer2.java:addFilter(948)) - Added filter static_user_filter (class=org.apache.hadoop.http.lib.StaticUserWebFilter$StaticUserFilter) to context hddsDatanode
2019-10-08 21:08:44,804 [main] INFO  http.HttpServer2 (HttpServer2.java:addFilter(958)) - Added filter static_user_filter (class=org.apache.hadoop.http.lib.StaticUserWebFilter$StaticUserFilter) to context static
2019-10-08 21:08:44,804 [main] INFO  http.HttpServer2 (HttpServer2.java:addFilter(958)) - Added filter static_user_filter (class=org.apache.hadoop.http.lib.StaticUserWebFilter$StaticUserFilter) to context logs
2019-10-08 21:08:44,804 [main] INFO  http.HttpServer2 (HttpServer2.java:bindListener(1191)) - Jetty bound to port 35120
2019-10-08 21:08:44,805 [main] INFO  server.Server (Server.java:doStart(351)) - jetty-9.3.25.v20180904, build timestamp: 2018-09-04T21:11:46Z, git hash: 3ce520221d0240229c862b122d2b06c12a625732
2019-10-08 21:08:44,806 [main] INFO  handler.ContextHandler (ContextHandler.java:doStart(781)) - Started o.e.j.s.ServletContextHandler@76e4212{/logs,file:///workdir/hadoop-ozone/integration-test/target/log,AVAILABLE}
2019-10-08 21:08:44,806 [main] INFO  handler.ContextHandler (ContextHandler.java:doStart(781)) - Started o.e.j.s.ServletContextHandler@72af90e8{/static,jar:file:/home/user/.m2/repository/org/apache/hadoop/hadoop-hdds-container-service/0.5.0-SNAPSHOT/hadoop-hdds-container-service-0.5.0-SNAPSHOT.jar!/webapps/static,AVAILABLE}
2019-10-08 21:08:44,837 [main] INFO  handler.ContextHandler (ContextHandler.java:doStart(781)) - Started o.e.j.w.WebAppContext@4d81e83a{/,file:///tmp/jetty-0.0.0.0-35120-hddsDatanode-_-any-885645795017225169.dir/webapp/,AVAILABLE}{/hddsDatanode}
2019-10-08 21:08:44,837 [main] INFO  server.AbstractConnector (AbstractConnector.java:doStart(278)) - Started ServerConnector@53a301f3{HTTP/1.1,[http/1.1]}{0.0.0.0:35120}
2019-10-08 21:08:44,838 [main] INFO  server.Server (Server.java:doStart(419)) - Started @610634ms
2019-10-08 21:08:44,840 [main] WARN  impl.MetricsSystemImpl (MetricsSystemImpl.java:register(276)) - Sink prometheus already exists!
2019-10-08 21:08:44,841 [main] INFO  server.BaseHttpServer (BaseHttpServer.java:updateConnectorAddress(215)) - HTTP server of HDDSDATANODE is listening at http://0.0.0.0:35120
2019-10-08 21:08:44,841 [main] INFO  impl.MetricsSystemImpl (MetricsSystemImpl.java:init(158)) - HddsDatanode metrics system started (again)
2019-10-08 21:08:44,848 [org.apache.hadoop.util.JvmPauseMonitor$Monitor@647be10e] INFO  util.JvmPauseMonitor (JvmPauseMonitor.java:run(188)) - Starting JVM pause monitor
2019-10-08 21:08:44,849 [main] INFO  ozone.HddsDatanodeService (HddsDatanodeService.java:start(184)) - HddsDatanodeService host:pr-hdds-1868-gtwz2-575081100 ip:192.168.5.143
2019-10-08 21:08:44,849 [Datanode State Machine Thread - 0] INFO  datanode.InitDatanodeState (InitDatanodeState.java:persistContainerDatanodeDetails(140)) - DatanodeDetails is persisted to /workdir/hadoop-ozone/integration-test/target/test-dir/MiniOzoneClusterImpl-76b6f63f-e342-488e-8571-ba8c5b8db736/datanode-4/meta/datanode.id
2019-10-08 21:08:44,855 [main] INFO  volume.HddsVolume (HddsVolume.java:<init>(176)) - Creating Volume: /workdir/hadoop-ozone/integration-test/target/test-dir/MiniOzoneClusterImpl-76b6f63f-e342-488e-8571-ba8c5b8db736/datanode-5/data/containers/hdds of  storage type : DISK and capacity : 1482555576320
2019-10-08 21:08:44,855 [main] INFO  volume.VolumeSet (VolumeSet.java:initializeVolumeSet(170)) - Added Volume : /workdir/hadoop-ozone/integration-test/target/test-dir/MiniOzoneClusterImpl-76b6f63f-e342-488e-8571-ba8c5b8db736/datanode-5/data/containers/hdds to VolumeSet
2019-10-08 21:08:44,855 [main] INFO  volume.ThrottledAsyncChecker (ThrottledAsyncChecker.java:schedule(141)) - Scheduling a check for org.apache.hadoop.ozone.container.common.volume.HddsVolume@2616b618
2019-10-08 21:08:44,856 [main] INFO  volume.HddsVolumeChecker (HddsVolumeChecker.java:checkAllVolumes(204)) - Scheduled health check for volume org.apache.hadoop.ozone.container.common.volume.HddsVolume@2616b618
2019-10-08 21:08:44,869 [main] INFO  impl.RaftServerProxy (ConfUtils.java:logGet(43)) - raft.rpc.type = GRPC (default)
2019-10-08 21:08:44,869 [main] INFO  grpc.GrpcFactory (GrpcFactory.java:checkPooledByteBufAllocatorUseCacheForAllThreads(45)) - PERFORMANCE WARNING: useCacheForAllThreads is true that may cause Netty to create a lot garbage objects and, as a result, trigger GC.
	It is recommended to disable useCacheForAllThreads by setting -Dorg.apache.ratis.thirdparty.io.netty.allocator.useCacheForAllThreads=false in command line.
2019-10-08 21:08:44,869 [main] INFO  grpc.GrpcConfigKeys$Server (ConfUtils.java:logGet(43)) - raft.grpc.server.port = 0 (default)
2019-10-08 21:08:44,869 [main] INFO  server.GrpcService (ConfUtils.java:logGet(43)) - raft.grpc.message.size.max = 33570816 (custom)
2019-10-08 21:08:44,869 [main] INFO  server.RaftServerConfigKeys (ConfUtils.java:logGet(43)) - raft.server.log.appender.buffer.byte-limit = 33554432 (custom)
2019-10-08 21:08:44,870 [main] INFO  server.GrpcService (ConfUtils.java:logGet(43)) - raft.grpc.flow.control.window = 1MB (=1048576) (default)
2019-10-08 21:08:44,870 [main] INFO  server.RaftServerConfigKeys (ConfUtils.java:logGet(43)) - raft.server.rpc.request.timeout = 3000ms (default)
2019-10-08 21:08:44,870 [main] INFO  server.RaftServerConfigKeys (ConfUtils.java:logGet(43)) - raft.server.storage.dir = [/workdir/hadoop-ozone/integration-test/target/test-dir/MiniOzoneClusterImpl-76b6f63f-e342-488e-8571-ba8c5b8db736/datanode-5/data/ratis] (custom)
2019-10-08 21:08:44,871 [main] INFO  hdfs.DFSUtil (DFSUtil.java:httpServerTemplateForNNAndJN(1641)) - Starting Web-server for hddsDatanode at: http://0.0.0.0:0
2019-10-08 21:08:44,873 [main] INFO  server.AuthenticationFilter (AuthenticationFilter.java:constructSecretProvider(240)) - Unable to initialize FileSignerSecretProvider, falling back to use random secrets.
2019-10-08 21:08:44,873 [main] WARN  http.HttpRequestLog (HttpRequestLog.java:getRequestLog(97)) - Jetty request log can only be enabled using Log4j
2019-10-08 21:08:44,874 [main] INFO  http.HttpServer2 (HttpServer2.java:addGlobalFilter(975)) - Added global filter 'safety' (class=org.apache.hadoop.http.HttpServer2$QuotingInputFilter)
2019-10-08 21:08:44,875 [main] INFO  http.HttpServer2 (HttpServer2.java:addFilter(948)) - Added filter static_user_filter (class=org.apache.hadoop.http.lib.StaticUserWebFilter$StaticUserFilter) to context hddsDatanode
2019-10-08 21:08:44,875 [main] INFO  http.HttpServer2 (HttpServer2.java:addFilter(958)) - Added filter static_user_filter (class=org.apache.hadoop.http.lib.StaticUserWebFilter$StaticUserFilter) to context logs
2019-10-08 21:08:44,875 [main] INFO  http.HttpServer2 (HttpServer2.java:addFilter(958)) - Added filter static_user_filter (class=org.apache.hadoop.http.lib.StaticUserWebFilter$StaticUserFilter) to context static
2019-10-08 21:08:44,875 [main] INFO  http.HttpServer2 (HttpServer2.java:bindListener(1191)) - Jetty bound to port 34333
2019-10-08 21:08:44,876 [main] INFO  server.Server (Server.java:doStart(351)) - jetty-9.3.25.v20180904, build timestamp: 2018-09-04T21:11:46Z, git hash: 3ce520221d0240229c862b122d2b06c12a625732
2019-10-08 21:08:44,877 [main] INFO  handler.ContextHandler (ContextHandler.java:doStart(781)) - Started o.e.j.s.ServletContextHandler@682e445e{/logs,file:///workdir/hadoop-ozone/integration-test/target/log,AVAILABLE}
2019-10-08 21:08:44,878 [main] INFO  handler.ContextHandler (ContextHandler.java:doStart(781)) - Started o.e.j.s.ServletContextHandler@70fede7d{/static,jar:file:/home/user/.m2/repository/org/apache/hadoop/hadoop-hdds-container-service/0.5.0-SNAPSHOT/hadoop-hdds-container-service-0.5.0-SNAPSHOT.jar!/webapps/static,AVAILABLE}
2019-10-08 21:08:44,906 [main] INFO  handler.ContextHandler (ContextHandler.java:doStart(781)) - Started o.e.j.w.WebAppContext@73e4bb60{/,file:///tmp/jetty-0.0.0.0-34333-hddsDatanode-_-any-4826681277941843407.dir/webapp/,AVAILABLE}{/hddsDatanode}
2019-10-08 21:08:44,907 [main] INFO  server.AbstractConnector (AbstractConnector.java:doStart(278)) - Started ServerConnector@9a9aa68{HTTP/1.1,[http/1.1]}{0.0.0.0:34333}
2019-10-08 21:08:44,909 [main] INFO  server.Server (Server.java:doStart(419)) - Started @610705ms
2019-10-08 21:08:44,909 [main] WARN  impl.MetricsSystemImpl (MetricsSystemImpl.java:register(276)) - Sink prometheus already exists!
2019-10-08 21:08:44,910 [main] INFO  server.BaseHttpServer (BaseHttpServer.java:updateConnectorAddress(215)) - HTTP server of HDDSDATANODE is listening at http://0.0.0.0:34333
2019-10-08 21:08:44,910 [main] INFO  impl.MetricsSystemImpl (MetricsSystemImpl.java:init(158)) - HddsDatanode metrics system started (again)
2019-10-08 21:08:44,918 [org.apache.hadoop.util.JvmPauseMonitor$Monitor@209de8e2] INFO  util.JvmPauseMonitor (JvmPauseMonitor.java:run(188)) - Starting JVM pause monitor
2019-10-08 21:08:44,919 [main] INFO  ozone.HddsDatanodeService (HddsDatanodeService.java:start(184)) - HddsDatanodeService host:pr-hdds-1868-gtwz2-575081100 ip:192.168.5.143
2019-10-08 21:08:44,919 [Datanode State Machine Thread - 0] INFO  datanode.InitDatanodeState (InitDatanodeState.java:persistContainerDatanodeDetails(140)) - DatanodeDetails is persisted to /workdir/hadoop-ozone/integration-test/target/test-dir/MiniOzoneClusterImpl-76b6f63f-e342-488e-8571-ba8c5b8db736/datanode-5/meta/datanode.id
2019-10-08 21:08:44,926 [main] INFO  volume.HddsVolume (HddsVolume.java:<init>(176)) - Creating Volume: /workdir/hadoop-ozone/integration-test/target/test-dir/MiniOzoneClusterImpl-76b6f63f-e342-488e-8571-ba8c5b8db736/datanode-6/data/containers/hdds of  storage type : DISK and capacity : 1482555576320
2019-10-08 21:08:44,926 [main] INFO  volume.VolumeSet (VolumeSet.java:initializeVolumeSet(170)) - Added Volume : /workdir/hadoop-ozone/integration-test/target/test-dir/MiniOzoneClusterImpl-76b6f63f-e342-488e-8571-ba8c5b8db736/datanode-6/data/containers/hdds to VolumeSet
2019-10-08 21:08:44,926 [main] INFO  volume.ThrottledAsyncChecker (ThrottledAsyncChecker.java:schedule(141)) - Scheduling a check for org.apache.hadoop.ozone.container.common.volume.HddsVolume@165614f5
2019-10-08 21:08:44,926 [main] INFO  volume.HddsVolumeChecker (HddsVolumeChecker.java:checkAllVolumes(204)) - Scheduled health check for volume org.apache.hadoop.ozone.container.common.volume.HddsVolume@165614f5
2019-10-08 21:08:44,939 [main] INFO  impl.RaftServerProxy (ConfUtils.java:logGet(43)) - raft.rpc.type = GRPC (default)
2019-10-08 21:08:44,940 [main] INFO  grpc.GrpcFactory (GrpcFactory.java:checkPooledByteBufAllocatorUseCacheForAllThreads(45)) - PERFORMANCE WARNING: useCacheForAllThreads is true that may cause Netty to create a lot garbage objects and, as a result, trigger GC.
	It is recommended to disable useCacheForAllThreads by setting -Dorg.apache.ratis.thirdparty.io.netty.allocator.useCacheForAllThreads=false in command line.
2019-10-08 21:08:44,940 [main] INFO  grpc.GrpcConfigKeys$Server (ConfUtils.java:logGet(43)) - raft.grpc.server.port = 0 (default)
2019-10-08 21:08:44,940 [main] INFO  server.GrpcService (ConfUtils.java:logGet(43)) - raft.grpc.message.size.max = 33570816 (custom)
2019-10-08 21:08:44,940 [main] INFO  server.RaftServerConfigKeys (ConfUtils.java:logGet(43)) - raft.server.log.appender.buffer.byte-limit = 33554432 (custom)
2019-10-08 21:08:44,940 [main] INFO  server.GrpcService (ConfUtils.java:logGet(43)) - raft.grpc.flow.control.window = 1MB (=1048576) (default)
2019-10-08 21:08:44,941 [main] INFO  server.RaftServerConfigKeys (ConfUtils.java:logGet(43)) - raft.server.rpc.request.timeout = 3000ms (default)
2019-10-08 21:08:44,941 [main] INFO  server.RaftServerConfigKeys (ConfUtils.java:logGet(43)) - raft.server.storage.dir = [/workdir/hadoop-ozone/integration-test/target/test-dir/MiniOzoneClusterImpl-76b6f63f-e342-488e-8571-ba8c5b8db736/datanode-6/data/ratis] (custom)
2019-10-08 21:08:44,942 [main] INFO  hdfs.DFSUtil (DFSUtil.java:httpServerTemplateForNNAndJN(1641)) - Starting Web-server for hddsDatanode at: http://0.0.0.0:0
2019-10-08 21:08:44,943 [main] INFO  server.AuthenticationFilter (AuthenticationFilter.java:constructSecretProvider(240)) - Unable to initialize FileSignerSecretProvider, falling back to use random secrets.
2019-10-08 21:08:44,944 [main] WARN  http.HttpRequestLog (HttpRequestLog.java:getRequestLog(97)) - Jetty request log can only be enabled using Log4j
2019-10-08 21:08:44,945 [main] INFO  http.HttpServer2 (HttpServer2.java:addGlobalFilter(975)) - Added global filter 'safety' (class=org.apache.hadoop.http.HttpServer2$QuotingInputFilter)
2019-10-08 21:08:44,946 [main] INFO  http.HttpServer2 (HttpServer2.java:addFilter(948)) - Added filter static_user_filter (class=org.apache.hadoop.http.lib.StaticUserWebFilter$StaticUserFilter) to context hddsDatanode
2019-10-08 21:08:44,946 [main] INFO  http.HttpServer2 (HttpServer2.java:addFilter(958)) - Added filter static_user_filter (class=org.apache.hadoop.http.lib.StaticUserWebFilter$StaticUserFilter) to context logs
2019-10-08 21:08:44,946 [main] INFO  http.HttpServer2 (HttpServer2.java:addFilter(958)) - Added filter static_user_filter (class=org.apache.hadoop.http.lib.StaticUserWebFilter$StaticUserFilter) to context static
2019-10-08 21:08:44,947 [main] INFO  http.HttpServer2 (HttpServer2.java:bindListener(1191)) - Jetty bound to port 33957
2019-10-08 21:08:44,947 [main] INFO  server.Server (Server.java:doStart(351)) - jetty-9.3.25.v20180904, build timestamp: 2018-09-04T21:11:46Z, git hash: 3ce520221d0240229c862b122d2b06c12a625732
2019-10-08 21:08:44,948 [main] INFO  handler.ContextHandler (ContextHandler.java:doStart(781)) - Started o.e.j.s.ServletContextHandler@682618e5{/logs,file:///workdir/hadoop-ozone/integration-test/target/log,AVAILABLE}
2019-10-08 21:08:44,949 [main] INFO  handler.ContextHandler (ContextHandler.java:doStart(781)) - Started o.e.j.s.ServletContextHandler@5f0f70c7{/static,jar:file:/home/user/.m2/repository/org/apache/hadoop/hadoop-hdds-container-service/0.5.0-SNAPSHOT/hadoop-hdds-container-service-0.5.0-SNAPSHOT.jar!/webapps/static,AVAILABLE}
2019-10-08 21:08:44,977 [main] INFO  handler.ContextHandler (ContextHandler.java:doStart(781)) - Started o.e.j.w.WebAppContext@26275b46{/,file:///tmp/jetty-0.0.0.0-33957-hddsDatanode-_-any-1147138255318852706.dir/webapp/,AVAILABLE}{/hddsDatanode}
2019-10-08 21:08:44,977 [main] INFO  server.AbstractConnector (AbstractConnector.java:doStart(278)) - Started ServerConnector@3e9beef2{HTTP/1.1,[http/1.1]}{0.0.0.0:33957}
2019-10-08 21:08:44,985 [main] INFO  server.Server (Server.java:doStart(419)) - Started @610781ms
2019-10-08 21:08:44,985 [main] WARN  impl.MetricsSystemImpl (MetricsSystemImpl.java:register(276)) - Sink prometheus already exists!
2019-10-08 21:08:44,986 [main] INFO  server.BaseHttpServer (BaseHttpServer.java:updateConnectorAddress(215)) - HTTP server of HDDSDATANODE is listening at http://0.0.0.0:33957
2019-10-08 21:08:44,986 [main] INFO  ozone.MiniOzoneClusterImpl (MiniOzoneClusterImpl.java:lambda$waitForClusterToBeReady$2(172)) - Waiting for cluster to be ready. Got 0 of 7 DN Heartbeats.
2019-10-08 21:08:44,992 [org.apache.hadoop.util.JvmPauseMonitor$Monitor@4c72670] INFO  util.JvmPauseMonitor (JvmPauseMonitor.java:run(188)) - Starting JVM pause monitor
2019-10-08 21:08:44,993 [Datanode State Machine Thread - 0] INFO  datanode.InitDatanodeState (InitDatanodeState.java:persistContainerDatanodeDetails(140)) - DatanodeDetails is persisted to /workdir/hadoop-ozone/integration-test/target/test-dir/MiniOzoneClusterImpl-76b6f63f-e342-488e-8571-ba8c5b8db736/datanode-6/meta/datanode.id
2019-10-08 21:08:45,987 [main] INFO  ozone.MiniOzoneClusterImpl (MiniOzoneClusterImpl.java:lambda$waitForClusterToBeReady$2(172)) - Waiting for cluster to be ready. Got 0 of 7 DN Heartbeats.
2019-10-08 21:08:46,624 [Datanode State Machine Thread - 0] INFO  ozoneimpl.OzoneContainer (OzoneContainer.java:start(213)) - Attempting to start container services.
2019-10-08 21:08:46,624 [Datanode State Machine Thread - 0] INFO  ozoneimpl.OzoneContainer (OzoneContainer.java:startContainerScrub(177)) - Background container scanner has been disabled.
2019-10-08 21:08:46,625 [Datanode State Machine Thread - 0] INFO  ratis.XceiverServerRatis (XceiverServerRatis.java:start(425)) - Starting XceiverServerRatis 563427f3-50ed-4c45-a12e-b3f5127aec9c at port 0
2019-10-08 21:08:46,632 [Datanode State Machine Thread - 0] INFO  impl.RaftServerProxy (RaftServerProxy.java:lambda$start$3(299)) - 563427f3-50ed-4c45-a12e-b3f5127aec9c: start RPC server
2019-10-08 21:08:46,634 [Datanode State Machine Thread - 0] INFO  server.GrpcService (GrpcService.java:startImpl(158)) - 563427f3-50ed-4c45-a12e-b3f5127aec9c: GrpcService started, listening on 0.0.0.0/0.0.0.0:32835
2019-10-08 21:08:46,635 [Datanode State Machine Thread - 0] INFO  ratis.XceiverServerRatis (XceiverServerRatis.java:start(435)) - XceiverServerRatis 563427f3-50ed-4c45-a12e-b3f5127aec9c is started using port 32835
2019-10-08 21:08:46,635 [Datanode State Machine Thread - 0] INFO  server.XceiverServerGrpc (XceiverServerGrpc.java:start(149)) - XceiverServerGrpc 563427f3-50ed-4c45-a12e-b3f5127aec9c is started using port 42453
2019-10-08 21:08:46,656 [Datanode State Machine Thread - 0] INFO  ozoneimpl.OzoneContainer (OzoneContainer.java:start(213)) - Attempting to start container services.
2019-10-08 21:08:46,656 [Datanode State Machine Thread - 0] INFO  ozoneimpl.OzoneContainer (OzoneContainer.java:startContainerScrub(177)) - Background container scanner has been disabled.
2019-10-08 21:08:46,656 [Datanode State Machine Thread - 0] INFO  ratis.XceiverServerRatis (XceiverServerRatis.java:start(425)) - Starting XceiverServerRatis 6a70038f-f0b2-4d35-91e9-47692da92d1a at port 0
2019-10-08 21:08:46,662 [Datanode State Machine Thread - 0] INFO  impl.RaftServerProxy (RaftServerProxy.java:lambda$start$3(299)) - 6a70038f-f0b2-4d35-91e9-47692da92d1a: start RPC server
2019-10-08 21:08:46,663 [Datanode State Machine Thread - 0] INFO  server.GrpcService (GrpcService.java:startImpl(158)) - 6a70038f-f0b2-4d35-91e9-47692da92d1a: GrpcService started, listening on 0.0.0.0/0.0.0.0:35516
2019-10-08 21:08:46,663 [Datanode State Machine Thread - 0] INFO  ratis.XceiverServerRatis (XceiverServerRatis.java:start(435)) - XceiverServerRatis 6a70038f-f0b2-4d35-91e9-47692da92d1a is started using port 35516
2019-10-08 21:08:46,666 [Datanode State Machine Thread - 0] INFO  server.XceiverServerGrpc (XceiverServerGrpc.java:start(149)) - XceiverServerGrpc 6a70038f-f0b2-4d35-91e9-47692da92d1a is started using port 38885
2019-10-08 21:08:46,714 [Datanode State Machine Thread - 0] INFO  ozoneimpl.OzoneContainer (OzoneContainer.java:start(213)) - Attempting to start container services.
2019-10-08 21:08:46,714 [Datanode State Machine Thread - 0] INFO  ozoneimpl.OzoneContainer (OzoneContainer.java:startContainerScrub(177)) - Background container scanner has been disabled.
2019-10-08 21:08:46,714 [Datanode State Machine Thread - 0] INFO  ratis.XceiverServerRatis (XceiverServerRatis.java:start(425)) - Starting XceiverServerRatis 83f89ce6-f7da-4fc8-87e9-1476e88e7ab1 at port 0
2019-10-08 21:08:46,722 [Datanode State Machine Thread - 0] INFO  impl.RaftServerProxy (RaftServerProxy.java:lambda$start$3(299)) - 83f89ce6-f7da-4fc8-87e9-1476e88e7ab1: start RPC server
2019-10-08 21:08:46,722 [Datanode State Machine Thread - 0] INFO  server.GrpcService (GrpcService.java:startImpl(158)) - 83f89ce6-f7da-4fc8-87e9-1476e88e7ab1: GrpcService started, listening on 0.0.0.0/0.0.0.0:45883
2019-10-08 21:08:46,723 [Datanode State Machine Thread - 0] INFO  ratis.XceiverServerRatis (XceiverServerRatis.java:start(435)) - XceiverServerRatis 83f89ce6-f7da-4fc8-87e9-1476e88e7ab1 is started using port 45883
2019-10-08 21:08:46,723 [Datanode State Machine Thread - 0] INFO  server.XceiverServerGrpc (XceiverServerGrpc.java:start(149)) - XceiverServerGrpc 83f89ce6-f7da-4fc8-87e9-1476e88e7ab1 is started using port 46411
2019-10-08 21:08:46,790 [Datanode State Machine Thread - 0] INFO  ozoneimpl.OzoneContainer (OzoneContainer.java:start(213)) - Attempting to start container services.
2019-10-08 21:08:46,790 [Datanode State Machine Thread - 0] INFO  ozoneimpl.OzoneContainer (OzoneContainer.java:startContainerScrub(177)) - Background container scanner has been disabled.
2019-10-08 21:08:46,790 [Datanode State Machine Thread - 0] INFO  ratis.XceiverServerRatis (XceiverServerRatis.java:start(425)) - Starting XceiverServerRatis d17645eb-f5d0-4e03-ba92-dd2963a93e84 at port 0
2019-10-08 21:08:46,797 [Datanode State Machine Thread - 0] INFO  impl.RaftServerProxy (RaftServerProxy.java:lambda$start$3(299)) - d17645eb-f5d0-4e03-ba92-dd2963a93e84: start RPC server
2019-10-08 21:08:46,797 [Datanode State Machine Thread - 0] INFO  server.GrpcService (GrpcService.java:startImpl(158)) - d17645eb-f5d0-4e03-ba92-dd2963a93e84: GrpcService started, listening on 0.0.0.0/0.0.0.0:34967
2019-10-08 21:08:46,797 [Datanode State Machine Thread - 0] INFO  ratis.XceiverServerRatis (XceiverServerRatis.java:start(435)) - XceiverServerRatis d17645eb-f5d0-4e03-ba92-dd2963a93e84 is started using port 34967
2019-10-08 21:08:46,798 [Datanode State Machine Thread - 0] INFO  server.XceiverServerGrpc (XceiverServerGrpc.java:start(149)) - XceiverServerGrpc d17645eb-f5d0-4e03-ba92-dd2963a93e84 is started using port 34500
2019-10-08 21:08:46,863 [Datanode State Machine Thread - 0] INFO  ozoneimpl.OzoneContainer (OzoneContainer.java:start(213)) - Attempting to start container services.
2019-10-08 21:08:46,863 [Datanode State Machine Thread - 0] INFO  ozoneimpl.OzoneContainer (OzoneContainer.java:startContainerScrub(177)) - Background container scanner has been disabled.
2019-10-08 21:08:46,863 [Datanode State Machine Thread - 0] INFO  ratis.XceiverServerRatis (XceiverServerRatis.java:start(425)) - Starting XceiverServerRatis d5a7e1c6-72c1-4128-a6c8-523374656d80 at port 0
2019-10-08 21:08:46,870 [Datanode State Machine Thread - 0] INFO  impl.RaftServerProxy (RaftServerProxy.java:lambda$start$3(299)) - d5a7e1c6-72c1-4128-a6c8-523374656d80: start RPC server
2019-10-08 21:08:46,871 [Datanode State Machine Thread - 0] INFO  server.GrpcService (GrpcService.java:startImpl(158)) - d5a7e1c6-72c1-4128-a6c8-523374656d80: GrpcService started, listening on 0.0.0.0/0.0.0.0:46801
2019-10-08 21:08:46,871 [Datanode State Machine Thread - 0] INFO  ratis.XceiverServerRatis (XceiverServerRatis.java:start(435)) - XceiverServerRatis d5a7e1c6-72c1-4128-a6c8-523374656d80 is started using port 46801
2019-10-08 21:08:46,874 [Datanode State Machine Thread - 0] INFO  server.XceiverServerGrpc (XceiverServerGrpc.java:start(149)) - XceiverServerGrpc d5a7e1c6-72c1-4128-a6c8-523374656d80 is started using port 45886
2019-10-08 21:08:46,933 [Datanode State Machine Thread - 0] INFO  ozoneimpl.OzoneContainer (OzoneContainer.java:start(213)) - Attempting to start container services.
2019-10-08 21:08:46,933 [Datanode State Machine Thread - 0] INFO  ozoneimpl.OzoneContainer (OzoneContainer.java:startContainerScrub(177)) - Background container scanner has been disabled.
2019-10-08 21:08:46,933 [Datanode State Machine Thread - 0] INFO  ratis.XceiverServerRatis (XceiverServerRatis.java:start(425)) - Starting XceiverServerRatis b11c6a09-df3d-44f0-9c56-88b487f5aeaa at port 0
2019-10-08 21:08:46,940 [Datanode State Machine Thread - 0] INFO  impl.RaftServerProxy (RaftServerProxy.java:lambda$start$3(299)) - b11c6a09-df3d-44f0-9c56-88b487f5aeaa: start RPC server
2019-10-08 21:08:46,944 [Datanode State Machine Thread - 0] INFO  server.GrpcService (GrpcService.java:startImpl(158)) - b11c6a09-df3d-44f0-9c56-88b487f5aeaa: GrpcService started, listening on 0.0.0.0/0.0.0.0:37030
2019-10-08 21:08:46,944 [Datanode State Machine Thread - 0] INFO  ratis.XceiverServerRatis (XceiverServerRatis.java:start(435)) - XceiverServerRatis b11c6a09-df3d-44f0-9c56-88b487f5aeaa is started using port 37030
2019-10-08 21:08:46,965 [Datanode State Machine Thread - 0] INFO  server.XceiverServerGrpc (XceiverServerGrpc.java:start(149)) - XceiverServerGrpc b11c6a09-df3d-44f0-9c56-88b487f5aeaa is started using port 41486
2019-10-08 21:08:46,987 [main] INFO  ozone.MiniOzoneClusterImpl (MiniOzoneClusterImpl.java:lambda$waitForClusterToBeReady$2(172)) - Waiting for cluster to be ready. Got 0 of 7 DN Heartbeats.
2019-10-08 21:08:47,006 [Datanode State Machine Thread - 0] INFO  ozoneimpl.OzoneContainer (OzoneContainer.java:start(213)) - Attempting to start container services.
2019-10-08 21:08:47,007 [Datanode State Machine Thread - 0] INFO  ozoneimpl.OzoneContainer (OzoneContainer.java:startContainerScrub(177)) - Background container scanner has been disabled.
2019-10-08 21:08:47,007 [Datanode State Machine Thread - 0] INFO  ratis.XceiverServerRatis (XceiverServerRatis.java:start(425)) - Starting XceiverServerRatis ffafc24f-f0e1-409e-982f-1c42cdb29933 at port 0
2019-10-08 21:08:47,013 [Datanode State Machine Thread - 0] INFO  impl.RaftServerProxy (RaftServerProxy.java:lambda$start$3(299)) - ffafc24f-f0e1-409e-982f-1c42cdb29933: start RPC server
2019-10-08 21:08:47,014 [Datanode State Machine Thread - 0] INFO  server.GrpcService (GrpcService.java:startImpl(158)) - ffafc24f-f0e1-409e-982f-1c42cdb29933: GrpcService started, listening on 0.0.0.0/0.0.0.0:42050
2019-10-08 21:08:47,014 [Datanode State Machine Thread - 0] INFO  ratis.XceiverServerRatis (XceiverServerRatis.java:start(435)) - XceiverServerRatis ffafc24f-f0e1-409e-982f-1c42cdb29933 is started using port 42050
2019-10-08 21:08:47,014 [Datanode State Machine Thread - 0] INFO  server.XceiverServerGrpc (XceiverServerGrpc.java:start(149)) - XceiverServerGrpc ffafc24f-f0e1-409e-982f-1c42cdb29933 is started using port 39924
2019-10-08 21:08:47,988 [main] INFO  ozone.MiniOzoneClusterImpl (MiniOzoneClusterImpl.java:lambda$waitForClusterToBeReady$2(172)) - Waiting for cluster to be ready. Got 0 of 7 DN Heartbeats.
2019-10-08 21:08:48,585 [IPC Server handler 1 on 34893] INFO  net.NetworkTopology (NetworkTopologyImpl.java:add(111)) - Added a new node: /default-rack/563427f3-50ed-4c45-a12e-b3f5127aec9c
2019-10-08 21:08:48,589 [IPC Server handler 1 on 34893] INFO  node.SCMNodeManager (SCMNodeManager.java:register(268)) - Registered Data node : 563427f3-50ed-4c45-a12e-b3f5127aec9c{ip: 192.168.5.143, host: pr-hdds-1868-gtwz2-575081100, networkLocation: /default-rack, certSerialId: null}
2019-10-08 21:08:48,590 [EventQueue-NodeRegistrationContainerReportForDataNodeSafeModeRule] INFO  safemode.SCMSafeModeManager (DataNodeSafeModeRule.java:process(71)) - SCM in safe mode. 1 DataNodes registered, 1 required.
2019-10-08 21:08:48,593 [EventQueue-NodeRegistrationContainerReportForDataNodeSafeModeRule] INFO  safemode.SCMSafeModeManager (SCMSafeModeManager.java:validateSafeModeExitRules(177)) - ScmSafeModeManager, all rules are successfully validated
2019-10-08 21:08:48,593 [EventQueue-NodeRegistrationContainerReportForDataNodeSafeModeRule] INFO  safemode.SCMSafeModeManager (SCMSafeModeManager.java:exitSafeMode(193)) - SCM exiting safe mode.
2019-10-08 21:08:48,621 [grpc-default-executor-1] INFO  impl.RaftServerProxy (RaftServerProxy.java:addNew(89)) - 563427f3-50ed-4c45-a12e-b3f5127aec9c: addNew group-D7EF3353FA92:[563427f3-50ed-4c45-a12e-b3f5127aec9c:192.168.5.143:32835] returns group-D7EF3353FA92:java.util.concurrent.CompletableFuture@32f35a99[Not completed]
2019-10-08 21:08:48,624 [pool-409-thread-1] INFO  impl.RaftServerImpl (RaftServerImpl.java:<init>(95)) - 563427f3-50ed-4c45-a12e-b3f5127aec9c: new RaftServerImpl for group-D7EF3353FA92:[563427f3-50ed-4c45-a12e-b3f5127aec9c:192.168.5.143:32835] with ContainerStateMachine:uninitialized
2019-10-08 21:08:48,624 [pool-409-thread-1] INFO  server.RaftServerConfigKeys (ConfUtils.java:logGet(43)) - raft.server.rpc.timeout.min = 5s (custom)
2019-10-08 21:08:48,624 [pool-409-thread-1] INFO  server.RaftServerConfigKeys (ConfUtils.java:logGet(43)) - raft.server.rpc.timeout.max = 5200ms (custom)
2019-10-08 21:08:48,624 [pool-409-thread-1] INFO  server.RaftServerConfigKeys (ConfUtils.java:logGet(43)) - raft.server.rpcslowness.timeout = 120s (custom)
2019-10-08 21:08:48,624 [pool-409-thread-1] INFO  server.RaftServerConfigKeys (ConfUtils.java:logGet(43)) - raft.server.sleep.deviation.threshold = 300 (default)
2019-10-08 21:08:48,624 [pool-409-thread-1] INFO  server.RaftServerConfigKeys (ConfUtils.java:logGet(43)) - raft.server.log.appender.install.snapshot.enabled = false (custom)
2019-10-08 21:08:48,625 [pool-409-thread-1] INFO  impl.RaftServerImpl (ServerState.java:<init>(103)) - 563427f3-50ed-4c45-a12e-b3f5127aec9c@group-D7EF3353FA92: ConfigurationManager, init=-1: [563427f3-50ed-4c45-a12e-b3f5127aec9c:192.168.5.143:32835], old=null, confs=<EMPTY_MAP>
2019-10-08 21:08:48,625 [pool-409-thread-1] INFO  server.RaftServerConfigKeys (ConfUtils.java:logGet(43)) - raft.server.storage.dir = [/workdir/hadoop-ozone/integration-test/target/test-dir/MiniOzoneClusterImpl-76b6f63f-e342-488e-8571-ba8c5b8db736/datanode-0/data/ratis] (custom)
2019-10-08 21:08:48,625 [pool-409-thread-1] INFO  server.RaftServerConfigKeys (ConfUtils.java:logGet(43)) - raft.server.log.corruption.policy = EXCEPTION (default)
2019-10-08 21:08:48,625 [pool-409-thread-1] INFO  storage.RaftStorageDirectory (RaftStorageDirectory.java:analyzeStorage(246)) - The storage directory /workdir/hadoop-ozone/integration-test/target/test-dir/MiniOzoneClusterImpl-76b6f63f-e342-488e-8571-ba8c5b8db736/datanode-0/data/ratis/bc99f793-819e-4ba6-bd50-d7ef3353fa92 does not exist. Creating ...
2019-10-08 21:08:48,639 [pool-409-thread-1] INFO  storage.RaftStorageDirectory (RaftStorageDirectory.java:tryLock(328)) - Lock on /workdir/hadoop-ozone/integration-test/target/test-dir/MiniOzoneClusterImpl-76b6f63f-e342-488e-8571-ba8c5b8db736/datanode-0/data/ratis/bc99f793-819e-4ba6-bd50-d7ef3353fa92/in_use.lock acquired by nodename 838@pr-hdds-1868-gtwz2-575081100
2019-10-08 21:08:48,640 [IPC Server handler 2 on 34893] INFO  net.NetworkTopology (NetworkTopologyImpl.java:add(111)) - Added a new node: /default-rack/6a70038f-f0b2-4d35-91e9-47692da92d1a
2019-10-08 21:08:48,640 [IPC Server handler 2 on 34893] INFO  node.SCMNodeManager (SCMNodeManager.java:register(268)) - Registered Data node : 6a70038f-f0b2-4d35-91e9-47692da92d1a{ip: 192.168.5.143, host: pr-hdds-1868-gtwz2-575081100, networkLocation: /default-rack, certSerialId: null}
2019-10-08 21:08:48,653 [pool-409-thread-1] INFO  storage.RaftStorage (RaftStorage.java:format(84)) - Storage directory /workdir/hadoop-ozone/integration-test/target/test-dir/MiniOzoneClusterImpl-76b6f63f-e342-488e-8571-ba8c5b8db736/datanode-0/data/ratis/bc99f793-819e-4ba6-bd50-d7ef3353fa92 has been successfully formatted.
2019-10-08 21:08:48,653 [pool-409-thread-1] INFO  ratis.ContainerStateMachine (ContainerStateMachine.java:loadSnapshot(233)) - group-D7EF3353FA92: The snapshot info is null. Setting the last applied indexto:(t:0, i:~)
2019-10-08 21:08:48,653 [pool-409-thread-1] INFO  server.RaftServerConfigKeys (ConfUtils.java:logGet(43)) - raft.server.notification.no-leader.timeout = 120s (custom)
2019-10-08 21:08:48,653 [pool-409-thread-1] INFO  server.RaftServerConfigKeys (ConfUtils.java:logGet(43)) - raft.server.log.use.memory = false (default)
2019-10-08 21:08:48,653 [pool-409-thread-1] INFO  server.RaftServerConfigKeys (ConfUtils.java:logGet(43)) - raft.server.log.purge.gap = 1000000 (custom)
2019-10-08 21:08:48,653 [pool-409-thread-1] INFO  server.RaftServerConfigKeys (ConfUtils.java:logGet(43)) - raft.server.log.appender.buffer.byte-limit = 33554432 (custom)
2019-10-08 21:08:48,654 [pool-409-thread-1] INFO  server.RaftServerConfigKeys (ConfUtils.java:logGet(43)) - raft.server.log.segment.size.max = 1048576 (custom)
2019-10-08 21:08:48,655 [pool-409-thread-1] INFO  server.RaftServerConfigKeys (ConfUtils.java:logGet(43)) - raft.server.log.segment.cache.num.max = 2 (custom)
2019-10-08 21:08:48,655 [pool-409-thread-1] INFO  segmented.SegmentedRaftLogWorker (SegmentedRaftLogWorker.java:<init>(173)) - new 563427f3-50ed-4c45-a12e-b3f5127aec9c@group-D7EF3353FA92-SegmentedRaftLogWorker for RaftStorage:Storage Directory /workdir/hadoop-ozone/integration-test/target/test-dir/MiniOzoneClusterImpl-76b6f63f-e342-488e-8571-ba8c5b8db736/datanode-0/data/ratis/bc99f793-819e-4ba6-bd50-d7ef3353fa92
2019-10-08 21:08:48,655 [pool-409-thread-1] INFO  server.RaftServerConfigKeys (ConfUtils.java:logGet(43)) - raft.server.log.queue.byte-limit = 2147483647 (custom)
2019-10-08 21:08:48,655 [pool-409-thread-1] INFO  server.RaftServerConfigKeys (ConfUtils.java:logGet(43)) - raft.server.log.queue.element-limit = 1024 (custom)
2019-10-08 21:08:48,655 [pool-409-thread-1] INFO  server.RaftServerConfigKeys (ConfUtils.java:logGet(43)) - raft.server.log.segment.size.max = 1048576 (custom)
2019-10-08 21:08:48,655 [pool-409-thread-1] INFO  server.RaftServerConfigKeys (ConfUtils.java:logGet(43)) - raft.server.log.preallocated.size = 16384 (custom)
2019-10-08 21:08:48,655 [pool-409-thread-1] INFO  server.RaftServerConfigKeys (ConfUtils.java:logGet(43)) - raft.server.log.write.buffer.size = 33554432 (custom)
2019-10-08 21:08:48,656 [pool-409-thread-1] INFO  server.RaftServerConfigKeys (ConfUtils.java:logGet(43)) - raft.server.log.force.sync.num = 128 (default)
2019-10-08 21:08:48,656 [pool-409-thread-1] INFO  server.RaftServerConfigKeys (ConfUtils.java:logGet(43)) - raft.server.log.statemachine.data.sync = true (default)
2019-10-08 21:08:48,656 [pool-409-thread-1] INFO  server.RaftServerConfigKeys (ConfUtils.java:logGet(43)) - raft.server.log.statemachine.data.sync.timeout = 10s (default)
2019-10-08 21:08:48,656 [pool-409-thread-1] INFO  server.RaftServerConfigKeys (ConfUtils.java:logGet(43)) - raft.server.log.statemachine.data.sync.timeout.retry = -1 (default)
2019-10-08 21:08:48,656 [pool-409-thread-1] INFO  server.RaftServerConfigKeys (ConfUtils.java:logGet(43)) - raft.server.log.statemachine.data.caching.enabled = true (custom)
2019-10-08 21:08:48,656 [pool-409-thread-1] INFO  segmented.SegmentedRaftLogWorker (SegmentedRaftLogWorker.java:lambda$new$0(128)) - 563427f3-50ed-4c45-a12e-b3f5127aec9c@group-D7EF3353FA92-SegmentedRaftLogWorker: flushIndex: setUnconditionally 0 -> -1
2019-10-08 21:08:48,657 [pool-409-thread-1] INFO  server.RaftServerConfigKeys (ConfUtils.java:logGet(43)) - raft.server.snapshot.auto.trigger.enabled = true (custom)
2019-10-08 21:08:48,657 [pool-409-thread-1] INFO  server.RaftServerConfigKeys (ConfUtils.java:logGet(43)) - raft.server.snapshot.auto.trigger.threshold = 10000 (custom)
2019-10-08 21:08:48,657 [pool-409-thread-1] INFO  server.RaftServerConfigKeys (ConfUtils.java:logGet(43)) - raft.server.snapshot.retention.file.num = 5 (custom)
2019-10-08 21:08:48,657 [pool-409-thread-1] INFO  server.RaftServerConfigKeys (ConfUtils.java:logGet(43)) - raft.server.retrycache.expirytime = 600000ms (custom)
2019-10-08 21:08:48,658 [pool-409-thread-1] INFO  impl.RaftServerImpl (RaftServerImpl.java:start(181)) - 563427f3-50ed-4c45-a12e-b3f5127aec9c@group-D7EF3353FA92: start as a follower, conf=-1: [563427f3-50ed-4c45-a12e-b3f5127aec9c:192.168.5.143:32835], old=null
2019-10-08 21:08:48,658 [pool-409-thread-1] INFO  impl.RaftServerImpl (RaftServerImpl.java:setRole(170)) - 563427f3-50ed-4c45-a12e-b3f5127aec9c@group-D7EF3353FA92: changes role from      null to FOLLOWER at term 0 for startAsFollower
2019-10-08 21:08:48,658 [pool-409-thread-1] INFO  impl.RoleInfo (RoleInfo.java:updateAndGet(143)) - 563427f3-50ed-4c45-a12e-b3f5127aec9c: start FollowerState
2019-10-08 21:08:48,659 [pool-409-thread-1] INFO  util.JmxRegister (JmxRegister.java:tryRegister(44)) - Successfully registered JMX Bean with object name Ratis:service=RaftServer,group=group-D7EF3353FA92,id=563427f3-50ed-4c45-a12e-b3f5127aec9c
2019-10-08 21:08:48,663 [RatisPipelineUtilsThread] INFO  pipeline.PipelineStateManager (PipelineStateManager.java:addPipeline(57)) - Created pipeline Pipeline[ Id: bc99f793-819e-4ba6-bd50-d7ef3353fa92, Nodes: 563427f3-50ed-4c45-a12e-b3f5127aec9c{ip: 192.168.5.143, host: pr-hdds-1868-gtwz2-575081100, networkLocation: /default-rack, certSerialId: null}, Type:RATIS, Factor:ONE, State:ALLOCATED]
2019-10-08 21:08:48,670 [grpc-default-executor-1] INFO  impl.RaftServerProxy (RaftServerProxy.java:addNew(89)) - 6a70038f-f0b2-4d35-91e9-47692da92d1a: addNew group-A144D3E2CFFC:[6a70038f-f0b2-4d35-91e9-47692da92d1a:192.168.5.143:35516] returns group-A144D3E2CFFC:java.util.concurrent.CompletableFuture@1d0b0277[Not completed]
2019-10-08 21:08:48,671 [pool-419-thread-1] INFO  impl.RaftServerImpl (RaftServerImpl.java:<init>(95)) - 6a70038f-f0b2-4d35-91e9-47692da92d1a: new RaftServerImpl for group-A144D3E2CFFC:[6a70038f-f0b2-4d35-91e9-47692da92d1a:192.168.5.143:35516] with ContainerStateMachine:uninitialized
2019-10-08 21:08:48,671 [pool-419-thread-1] INFO  server.RaftServerConfigKeys (ConfUtils.java:logGet(43)) - raft.server.rpc.timeout.min = 5s (custom)
2019-10-08 21:08:48,671 [pool-419-thread-1] INFO  server.RaftServerConfigKeys (ConfUtils.java:logGet(43)) - raft.server.rpc.timeout.max = 5200ms (custom)
2019-10-08 21:08:48,672 [pool-419-thread-1] INFO  server.RaftServerConfigKeys (ConfUtils.java:logGet(43)) - raft.server.rpcslowness.timeout = 120s (custom)
2019-10-08 21:08:48,672 [pool-419-thread-1] INFO  server.RaftServerConfigKeys (ConfUtils.java:logGet(43)) - raft.server.sleep.deviation.threshold = 300 (default)
2019-10-08 21:08:48,672 [pool-419-thread-1] INFO  server.RaftServerConfigKeys (ConfUtils.java:logGet(43)) - raft.server.log.appender.install.snapshot.enabled = false (custom)
2019-10-08 21:08:48,672 [pool-419-thread-1] INFO  impl.RaftServerImpl (ServerState.java:<init>(103)) - 6a70038f-f0b2-4d35-91e9-47692da92d1a@group-A144D3E2CFFC: ConfigurationManager, init=-1: [6a70038f-f0b2-4d35-91e9-47692da92d1a:192.168.5.143:35516], old=null, confs=<EMPTY_MAP>
2019-10-08 21:08:48,672 [pool-419-thread-1] INFO  server.RaftServerConfigKeys (ConfUtils.java:logGet(43)) - raft.server.storage.dir = [/workdir/hadoop-ozone/integration-test/target/test-dir/MiniOzoneClusterImpl-76b6f63f-e342-488e-8571-ba8c5b8db736/datanode-1/data/ratis] (custom)
2019-10-08 21:08:48,672 [pool-419-thread-1] INFO  server.RaftServerConfigKeys (ConfUtils.java:logGet(43)) - raft.server.log.corruption.policy = EXCEPTION (default)
2019-10-08 21:08:48,672 [pool-419-thread-1] INFO  storage.RaftStorageDirectory (RaftStorageDirectory.java:analyzeStorage(246)) - The storage directory /workdir/hadoop-ozone/integration-test/target/test-dir/MiniOzoneClusterImpl-76b6f63f-e342-488e-8571-ba8c5b8db736/datanode-1/data/ratis/1f507458-809a-482e-8cd6-a144d3e2cffc does not exist. Creating ...
2019-10-08 21:08:48,685 [pool-419-thread-1] INFO  storage.RaftStorageDirectory (RaftStorageDirectory.java:tryLock(328)) - Lock on /workdir/hadoop-ozone/integration-test/target/test-dir/MiniOzoneClusterImpl-76b6f63f-e342-488e-8571-ba8c5b8db736/datanode-1/data/ratis/1f507458-809a-482e-8cd6-a144d3e2cffc/in_use.lock acquired by nodename 838@pr-hdds-1868-gtwz2-575081100
2019-10-08 21:08:48,698 [pool-419-thread-1] INFO  storage.RaftStorage (RaftStorage.java:format(84)) - Storage directory /workdir/hadoop-ozone/integration-test/target/test-dir/MiniOzoneClusterImpl-76b6f63f-e342-488e-8571-ba8c5b8db736/datanode-1/data/ratis/1f507458-809a-482e-8cd6-a144d3e2cffc has been successfully formatted.
2019-10-08 21:08:48,699 [pool-419-thread-1] INFO  ratis.ContainerStateMachine (ContainerStateMachine.java:loadSnapshot(233)) - group-A144D3E2CFFC: The snapshot info is null. Setting the last applied indexto:(t:0, i:~)
2019-10-08 21:08:48,699 [pool-419-thread-1] INFO  server.RaftServerConfigKeys (ConfUtils.java:logGet(43)) - raft.server.notification.no-leader.timeout = 120s (custom)
2019-10-08 21:08:48,699 [pool-419-thread-1] INFO  server.RaftServerConfigKeys (ConfUtils.java:logGet(43)) - raft.server.log.use.memory = false (default)
2019-10-08 21:08:48,699 [pool-419-thread-1] INFO  server.RaftServerConfigKeys (ConfUtils.java:logGet(43)) - raft.server.log.purge.gap = 1000000 (custom)
2019-10-08 21:08:48,699 [pool-419-thread-1] INFO  server.RaftServerConfigKeys (ConfUtils.java:logGet(43)) - raft.server.log.appender.buffer.byte-limit = 33554432 (custom)
2019-10-08 21:08:48,699 [pool-419-thread-1] INFO  server.RaftServerConfigKeys (ConfUtils.java:logGet(43)) - raft.server.log.segment.size.max = 1048576 (custom)
2019-10-08 21:08:48,700 [pool-419-thread-1] INFO  server.RaftServerConfigKeys (ConfUtils.java:logGet(43)) - raft.server.log.segment.cache.num.max = 2 (custom)
2019-10-08 21:08:48,701 [pool-419-thread-1] INFO  segmented.SegmentedRaftLogWorker (SegmentedRaftLogWorker.java:<init>(173)) - new 6a70038f-f0b2-4d35-91e9-47692da92d1a@group-A144D3E2CFFC-SegmentedRaftLogWorker for RaftStorage:Storage Directory /workdir/hadoop-ozone/integration-test/target/test-dir/MiniOzoneClusterImpl-76b6f63f-e342-488e-8571-ba8c5b8db736/datanode-1/data/ratis/1f507458-809a-482e-8cd6-a144d3e2cffc
2019-10-08 21:08:48,701 [pool-419-thread-1] INFO  server.RaftServerConfigKeys (ConfUtils.java:logGet(43)) - raft.server.log.queue.byte-limit = 2147483647 (custom)
2019-10-08 21:08:48,701 [pool-419-thread-1] INFO  server.RaftServerConfigKeys (ConfUtils.java:logGet(43)) - raft.server.log.queue.element-limit = 1024 (custom)
2019-10-08 21:08:48,701 [pool-419-thread-1] INFO  server.RaftServerConfigKeys (ConfUtils.java:logGet(43)) - raft.server.log.segment.size.max = 1048576 (custom)
2019-10-08 21:08:48,701 [pool-419-thread-1] INFO  server.RaftServerConfigKeys (ConfUtils.java:logGet(43)) - raft.server.log.preallocated.size = 16384 (custom)
2019-10-08 21:08:48,701 [pool-419-thread-1] INFO  server.RaftServerConfigKeys (ConfUtils.java:logGet(43)) - raft.server.log.write.buffer.size = 33554432 (custom)
2019-10-08 21:08:48,701 [pool-419-thread-1] INFO  server.RaftServerConfigKeys (ConfUtils.java:logGet(43)) - raft.server.log.force.sync.num = 128 (default)
2019-10-08 21:08:48,701 [pool-419-thread-1] INFO  server.RaftServerConfigKeys (ConfUtils.java:logGet(43)) - raft.server.log.statemachine.data.sync = true (default)
2019-10-08 21:08:48,701 [pool-419-thread-1] INFO  server.RaftServerConfigKeys (ConfUtils.java:logGet(43)) - raft.server.log.statemachine.data.sync.timeout = 10s (default)
2019-10-08 21:08:48,701 [pool-419-thread-1] INFO  server.RaftServerConfigKeys (ConfUtils.java:logGet(43)) - raft.server.log.statemachine.data.sync.timeout.retry = -1 (default)
2019-10-08 21:08:48,702 [pool-419-thread-1] INFO  server.RaftServerConfigKeys (ConfUtils.java:logGet(43)) - raft.server.log.statemachine.data.caching.enabled = true (custom)
2019-10-08 21:08:48,702 [pool-419-thread-1] INFO  segmented.SegmentedRaftLogWorker (SegmentedRaftLogWorker.java:lambda$new$0(128)) - 6a70038f-f0b2-4d35-91e9-47692da92d1a@group-A144D3E2CFFC-SegmentedRaftLogWorker: flushIndex: setUnconditionally 0 -> -1
2019-10-08 21:08:48,702 [pool-419-thread-1] INFO  server.RaftServerConfigKeys (ConfUtils.java:logGet(43)) - raft.server.snapshot.auto.trigger.enabled = true (custom)
2019-10-08 21:08:48,702 [pool-419-thread-1] INFO  server.RaftServerConfigKeys (ConfUtils.java:logGet(43)) - raft.server.snapshot.auto.trigger.threshold = 10000 (custom)
2019-10-08 21:08:48,702 [pool-419-thread-1] INFO  server.RaftServerConfigKeys (ConfUtils.java:logGet(43)) - raft.server.snapshot.retention.file.num = 5 (custom)
2019-10-08 21:08:48,702 [pool-419-thread-1] INFO  server.RaftServerConfigKeys (ConfUtils.java:logGet(43)) - raft.server.retrycache.expirytime = 600000ms (custom)
2019-10-08 21:08:48,704 [pool-419-thread-1] INFO  impl.RaftServerImpl (RaftServerImpl.java:start(181)) - 6a70038f-f0b2-4d35-91e9-47692da92d1a@group-A144D3E2CFFC: start as a follower, conf=-1: [6a70038f-f0b2-4d35-91e9-47692da92d1a:192.168.5.143:35516], old=null
2019-10-08 21:08:48,704 [pool-419-thread-1] INFO  impl.RaftServerImpl (RaftServerImpl.java:setRole(170)) - 6a70038f-f0b2-4d35-91e9-47692da92d1a@group-A144D3E2CFFC: changes role from      null to FOLLOWER at term 0 for startAsFollower
2019-10-08 21:08:48,704 [pool-419-thread-1] INFO  impl.RoleInfo (RoleInfo.java:updateAndGet(143)) - 6a70038f-f0b2-4d35-91e9-47692da92d1a: start FollowerState
2019-10-08 21:08:48,704 [IPC Server handler 4 on 34893] INFO  net.NetworkTopology (NetworkTopologyImpl.java:add(111)) - Added a new node: /default-rack/83f89ce6-f7da-4fc8-87e9-1476e88e7ab1
2019-10-08 21:08:48,704 [pool-419-thread-1] INFO  util.JmxRegister (JmxRegister.java:tryRegister(44)) - Successfully registered JMX Bean with object name Ratis:service=RaftServer,group=group-A144D3E2CFFC,id=6a70038f-f0b2-4d35-91e9-47692da92d1a
2019-10-08 21:08:48,705 [IPC Server handler 4 on 34893] INFO  node.SCMNodeManager (SCMNodeManager.java:register(268)) - Registered Data node : 83f89ce6-f7da-4fc8-87e9-1476e88e7ab1{ip: 192.168.5.143, host: pr-hdds-1868-gtwz2-575081100, networkLocation: /default-rack, certSerialId: null}
2019-10-08 21:08:48,708 [RatisPipelineUtilsThread] INFO  pipeline.PipelineStateManager (PipelineStateManager.java:addPipeline(57)) - Created pipeline Pipeline[ Id: 1f507458-809a-482e-8cd6-a144d3e2cffc, Nodes: 6a70038f-f0b2-4d35-91e9-47692da92d1a{ip: 192.168.5.143, host: pr-hdds-1868-gtwz2-575081100, networkLocation: /default-rack, certSerialId: null}, Type:RATIS, Factor:ONE, State:ALLOCATED]
2019-10-08 21:08:48,715 [grpc-default-executor-1] INFO  impl.RaftServerProxy (RaftServerProxy.java:addNew(89)) - 83f89ce6-f7da-4fc8-87e9-1476e88e7ab1: addNew group-68388D9ECBD7:[83f89ce6-f7da-4fc8-87e9-1476e88e7ab1:192.168.5.143:45883] returns group-68388D9ECBD7:java.util.concurrent.CompletableFuture@29d2265d[Not completed]
2019-10-08 21:08:48,716 [pool-429-thread-1] INFO  impl.RaftServerImpl (RaftServerImpl.java:<init>(95)) - 83f89ce6-f7da-4fc8-87e9-1476e88e7ab1: new RaftServerImpl for group-68388D9ECBD7:[83f89ce6-f7da-4fc8-87e9-1476e88e7ab1:192.168.5.143:45883] with ContainerStateMachine:uninitialized
2019-10-08 21:08:48,716 [pool-429-thread-1] INFO  server.RaftServerConfigKeys (ConfUtils.java:logGet(43)) - raft.server.rpc.timeout.min = 5s (custom)
2019-10-08 21:08:48,716 [pool-429-thread-1] INFO  server.RaftServerConfigKeys (ConfUtils.java:logGet(43)) - raft.server.rpc.timeout.max = 5200ms (custom)
2019-10-08 21:08:48,716 [pool-429-thread-1] INFO  server.RaftServerConfigKeys (ConfUtils.java:logGet(43)) - raft.server.rpcslowness.timeout = 120s (custom)
2019-10-08 21:08:48,716 [pool-429-thread-1] INFO  server.RaftServerConfigKeys (ConfUtils.java:logGet(43)) - raft.server.sleep.deviation.threshold = 300 (default)
2019-10-08 21:08:48,716 [pool-429-thread-1] INFO  server.RaftServerConfigKeys (ConfUtils.java:logGet(43)) - raft.server.log.appender.install.snapshot.enabled = false (custom)
2019-10-08 21:08:48,717 [pool-429-thread-1] INFO  impl.RaftServerImpl (ServerState.java:<init>(103)) - 83f89ce6-f7da-4fc8-87e9-1476e88e7ab1@group-68388D9ECBD7: ConfigurationManager, init=-1: [83f89ce6-f7da-4fc8-87e9-1476e88e7ab1:192.168.5.143:45883], old=null, confs=<EMPTY_MAP>
2019-10-08 21:08:48,717 [pool-429-thread-1] INFO  server.RaftServerConfigKeys (ConfUtils.java:logGet(43)) - raft.server.storage.dir = [/workdir/hadoop-ozone/integration-test/target/test-dir/MiniOzoneClusterImpl-76b6f63f-e342-488e-8571-ba8c5b8db736/datanode-2/data/ratis] (custom)
2019-10-08 21:08:48,717 [pool-429-thread-1] INFO  server.RaftServerConfigKeys (ConfUtils.java:logGet(43)) - raft.server.log.corruption.policy = EXCEPTION (default)
2019-10-08 21:08:48,717 [pool-429-thread-1] INFO  storage.RaftStorageDirectory (RaftStorageDirectory.java:analyzeStorage(246)) - The storage directory /workdir/hadoop-ozone/integration-test/target/test-dir/MiniOzoneClusterImpl-76b6f63f-e342-488e-8571-ba8c5b8db736/datanode-2/data/ratis/6fb8ebf3-500e-4558-a0e5-68388d9ecbd7 does not exist. Creating ...
2019-10-08 21:08:48,730 [pool-429-thread-1] INFO  storage.RaftStorageDirectory (RaftStorageDirectory.java:tryLock(328)) - Lock on /workdir/hadoop-ozone/integration-test/target/test-dir/MiniOzoneClusterImpl-76b6f63f-e342-488e-8571-ba8c5b8db736/datanode-2/data/ratis/6fb8ebf3-500e-4558-a0e5-68388d9ecbd7/in_use.lock acquired by nodename 838@pr-hdds-1868-gtwz2-575081100
2019-10-08 21:08:48,743 [pool-429-thread-1] INFO  storage.RaftStorage (RaftStorage.java:format(84)) - Storage directory /workdir/hadoop-ozone/integration-test/target/test-dir/MiniOzoneClusterImpl-76b6f63f-e342-488e-8571-ba8c5b8db736/datanode-2/data/ratis/6fb8ebf3-500e-4558-a0e5-68388d9ecbd7 has been successfully formatted.
2019-10-08 21:08:48,744 [pool-429-thread-1] INFO  ratis.ContainerStateMachine (ContainerStateMachine.java:loadSnapshot(233)) - group-68388D9ECBD7: The snapshot info is null. Setting the last applied indexto:(t:0, i:~)
2019-10-08 21:08:48,744 [pool-429-thread-1] INFO  server.RaftServerConfigKeys (ConfUtils.java:logGet(43)) - raft.server.notification.no-leader.timeout = 120s (custom)
2019-10-08 21:08:48,744 [pool-429-thread-1] INFO  server.RaftServerConfigKeys (ConfUtils.java:logGet(43)) - raft.server.log.use.memory = false (default)
2019-10-08 21:08:48,744 [pool-429-thread-1] INFO  server.RaftServerConfigKeys (ConfUtils.java:logGet(43)) - raft.server.log.purge.gap = 1000000 (custom)
2019-10-08 21:08:48,744 [pool-429-thread-1] INFO  server.RaftServerConfigKeys (ConfUtils.java:logGet(43)) - raft.server.log.appender.buffer.byte-limit = 33554432 (custom)
2019-10-08 21:08:48,744 [pool-429-thread-1] INFO  server.RaftServerConfigKeys (ConfUtils.java:logGet(43)) - raft.server.log.segment.size.max = 1048576 (custom)
2019-10-08 21:08:48,745 [pool-429-thread-1] INFO  server.RaftServerConfigKeys (ConfUtils.java:logGet(43)) - raft.server.log.segment.cache.num.max = 2 (custom)
2019-10-08 21:08:48,745 [pool-429-thread-1] INFO  segmented.SegmentedRaftLogWorker (SegmentedRaftLogWorker.java:<init>(173)) - new 83f89ce6-f7da-4fc8-87e9-1476e88e7ab1@group-68388D9ECBD7-SegmentedRaftLogWorker for RaftStorage:Storage Directory /workdir/hadoop-ozone/integration-test/target/test-dir/MiniOzoneClusterImpl-76b6f63f-e342-488e-8571-ba8c5b8db736/datanode-2/data/ratis/6fb8ebf3-500e-4558-a0e5-68388d9ecbd7
2019-10-08 21:08:48,746 [pool-429-thread-1] INFO  server.RaftServerConfigKeys (ConfUtils.java:logGet(43)) - raft.server.log.queue.byte-limit = 2147483647 (custom)
2019-10-08 21:08:48,746 [pool-429-thread-1] INFO  server.RaftServerConfigKeys (ConfUtils.java:logGet(43)) - raft.server.log.queue.element-limit = 1024 (custom)
2019-10-08 21:08:48,746 [pool-429-thread-1] INFO  server.RaftServerConfigKeys (ConfUtils.java:logGet(43)) - raft.server.log.segment.size.max = 1048576 (custom)
2019-10-08 21:08:48,746 [pool-429-thread-1] INFO  server.RaftServerConfigKeys (ConfUtils.java:logGet(43)) - raft.server.log.preallocated.size = 16384 (custom)
2019-10-08 21:08:48,746 [pool-429-thread-1] INFO  server.RaftServerConfigKeys (ConfUtils.java:logGet(43)) - raft.server.log.write.buffer.size = 33554432 (custom)
2019-10-08 21:08:48,746 [pool-429-thread-1] INFO  server.RaftServerConfigKeys (ConfUtils.java:logGet(43)) - raft.server.log.force.sync.num = 128 (default)
2019-10-08 21:08:48,746 [pool-429-thread-1] INFO  server.RaftServerConfigKeys (ConfUtils.java:logGet(43)) - raft.server.log.statemachine.data.sync = true (default)
2019-10-08 21:08:48,746 [pool-429-thread-1] INFO  server.RaftServerConfigKeys (ConfUtils.java:logGet(43)) - raft.server.log.statemachine.data.sync.timeout = 10s (default)
2019-10-08 21:08:48,746 [pool-429-thread-1] INFO  server.RaftServerConfigKeys (ConfUtils.java:logGet(43)) - raft.server.log.statemachine.data.sync.timeout.retry = -1 (default)
2019-10-08 21:08:48,747 [pool-429-thread-1] INFO  server.RaftServerConfigKeys (ConfUtils.java:logGet(43)) - raft.server.log.statemachine.data.caching.enabled = true (custom)
2019-10-08 21:08:48,747 [pool-429-thread-1] INFO  segmented.SegmentedRaftLogWorker (SegmentedRaftLogWorker.java:lambda$new$0(128)) - 83f89ce6-f7da-4fc8-87e9-1476e88e7ab1@group-68388D9ECBD7-SegmentedRaftLogWorker: flushIndex: setUnconditionally 0 -> -1
2019-10-08 21:08:48,747 [pool-429-thread-1] INFO  server.RaftServerConfigKeys (ConfUtils.java:logGet(43)) - raft.server.snapshot.auto.trigger.enabled = true (custom)
2019-10-08 21:08:48,747 [pool-429-thread-1] INFO  server.RaftServerConfigKeys (ConfUtils.java:logGet(43)) - raft.server.snapshot.auto.trigger.threshold = 10000 (custom)
2019-10-08 21:08:48,747 [pool-429-thread-1] INFO  server.RaftServerConfigKeys (ConfUtils.java:logGet(43)) - raft.server.snapshot.retention.file.num = 5 (custom)
2019-10-08 21:08:48,747 [pool-429-thread-1] INFO  server.RaftServerConfigKeys (ConfUtils.java:logGet(43)) - raft.server.retrycache.expirytime = 600000ms (custom)
2019-10-08 21:08:48,748 [pool-429-thread-1] INFO  impl.RaftServerImpl (RaftServerImpl.java:start(181)) - 83f89ce6-f7da-4fc8-87e9-1476e88e7ab1@group-68388D9ECBD7: start as a follower, conf=-1: [83f89ce6-f7da-4fc8-87e9-1476e88e7ab1:192.168.5.143:45883], old=null
2019-10-08 21:08:48,749 [pool-429-thread-1] INFO  impl.RaftServerImpl (RaftServerImpl.java:setRole(170)) - 83f89ce6-f7da-4fc8-87e9-1476e88e7ab1@group-68388D9ECBD7: changes role from      null to FOLLOWER at term 0 for startAsFollower
2019-10-08 21:08:48,749 [pool-429-thread-1] INFO  impl.RoleInfo (RoleInfo.java:updateAndGet(143)) - 83f89ce6-f7da-4fc8-87e9-1476e88e7ab1: start FollowerState
2019-10-08 21:08:48,749 [pool-429-thread-1] INFO  util.JmxRegister (JmxRegister.java:tryRegister(44)) - Successfully registered JMX Bean with object name Ratis:service=RaftServer,group=group-68388D9ECBD7,id=83f89ce6-f7da-4fc8-87e9-1476e88e7ab1
2019-10-08 21:08:48,752 [RatisPipelineUtilsThread] INFO  pipeline.PipelineStateManager (PipelineStateManager.java:addPipeline(57)) - Created pipeline Pipeline[ Id: 6fb8ebf3-500e-4558-a0e5-68388d9ecbd7, Nodes: 83f89ce6-f7da-4fc8-87e9-1476e88e7ab1{ip: 192.168.5.143, host: pr-hdds-1868-gtwz2-575081100, networkLocation: /default-rack, certSerialId: null}, Type:RATIS, Factor:ONE, State:ALLOCATED]
2019-10-08 21:08:48,763 [grpc-default-executor-7] INFO  impl.RaftServerProxy (RaftServerProxy.java:addNew(89)) - 6a70038f-f0b2-4d35-91e9-47692da92d1a: addNew group-82B3C7DC8A78:[563427f3-50ed-4c45-a12e-b3f5127aec9c:192.168.5.143:32835, 6a70038f-f0b2-4d35-91e9-47692da92d1a:192.168.5.143:35516, 83f89ce6-f7da-4fc8-87e9-1476e88e7ab1:192.168.5.143:45883] returns group-82B3C7DC8A78:java.util.concurrent.CompletableFuture@152b3e6b[Not completed]
2019-10-08 21:08:48,763 [grpc-default-executor-1] INFO  impl.RaftServerProxy (RaftServerProxy.java:addNew(89)) - 563427f3-50ed-4c45-a12e-b3f5127aec9c: addNew group-82B3C7DC8A78:[563427f3-50ed-4c45-a12e-b3f5127aec9c:192.168.5.143:32835, 6a70038f-f0b2-4d35-91e9-47692da92d1a:192.168.5.143:35516, 83f89ce6-f7da-4fc8-87e9-1476e88e7ab1:192.168.5.143:45883] returns group-82B3C7DC8A78:java.util.concurrent.CompletableFuture@7c3df2ba[Not completed]
2019-10-08 21:08:48,763 [grpc-default-executor-6] INFO  impl.RaftServerProxy (RaftServerProxy.java:addNew(89)) - 83f89ce6-f7da-4fc8-87e9-1476e88e7ab1: addNew group-82B3C7DC8A78:[563427f3-50ed-4c45-a12e-b3f5127aec9c:192.168.5.143:32835, 6a70038f-f0b2-4d35-91e9-47692da92d1a:192.168.5.143:35516, 83f89ce6-f7da-4fc8-87e9-1476e88e7ab1:192.168.5.143:45883] returns group-82B3C7DC8A78:java.util.concurrent.CompletableFuture@7af89d0f[Not completed]
2019-10-08 21:08:48,765 [pool-419-thread-1] INFO  impl.RaftServerImpl (RaftServerImpl.java:<init>(95)) - 6a70038f-f0b2-4d35-91e9-47692da92d1a: new RaftServerImpl for group-82B3C7DC8A78:[563427f3-50ed-4c45-a12e-b3f5127aec9c:192.168.5.143:32835, 6a70038f-f0b2-4d35-91e9-47692da92d1a:192.168.5.143:35516, 83f89ce6-f7da-4fc8-87e9-1476e88e7ab1:192.168.5.143:45883] with ContainerStateMachine:uninitialized
2019-10-08 21:08:48,765 [pool-419-thread-1] INFO  server.RaftServerConfigKeys (ConfUtils.java:logGet(43)) - raft.server.rpc.timeout.min = 5s (custom)
2019-10-08 21:08:48,765 [pool-429-thread-1] INFO  impl.RaftServerImpl (RaftServerImpl.java:<init>(95)) - 83f89ce6-f7da-4fc8-87e9-1476e88e7ab1: new RaftServerImpl for group-82B3C7DC8A78:[563427f3-50ed-4c45-a12e-b3f5127aec9c:192.168.5.143:32835, 6a70038f-f0b2-4d35-91e9-47692da92d1a:192.168.5.143:35516, 83f89ce6-f7da-4fc8-87e9-1476e88e7ab1:192.168.5.143:45883] with ContainerStateMachine:uninitialized
2019-10-08 21:08:48,765 [pool-419-thread-1] INFO  server.RaftServerConfigKeys (ConfUtils.java:logGet(43)) - raft.server.rpc.timeout.max = 5200ms (custom)
2019-10-08 21:08:48,765 [pool-429-thread-1] INFO  server.RaftServerConfigKeys (ConfUtils.java:logGet(43)) - raft.server.rpc.timeout.min = 5s (custom)
2019-10-08 21:08:48,766 [pool-419-thread-1] INFO  server.RaftServerConfigKeys (ConfUtils.java:logGet(43)) - raft.server.rpcslowness.timeout = 120s (custom)
2019-10-08 21:08:48,766 [pool-409-thread-1] INFO  impl.RaftServerImpl (RaftServerImpl.java:<init>(95)) - 563427f3-50ed-4c45-a12e-b3f5127aec9c: new RaftServerImpl for group-82B3C7DC8A78:[563427f3-50ed-4c45-a12e-b3f5127aec9c:192.168.5.143:32835, 6a70038f-f0b2-4d35-91e9-47692da92d1a:192.168.5.143:35516, 83f89ce6-f7da-4fc8-87e9-1476e88e7ab1:192.168.5.143:45883] with ContainerStateMachine:uninitialized
2019-10-08 21:08:48,766 [pool-429-thread-1] INFO  server.RaftServerConfigKeys (ConfUtils.java:logGet(43)) - raft.server.rpc.timeout.max = 5200ms (custom)
2019-10-08 21:08:48,766 [pool-409-thread-1] INFO  server.RaftServerConfigKeys (ConfUtils.java:logGet(43)) - raft.server.rpc.timeout.min = 5s (custom)
2019-10-08 21:08:48,766 [pool-419-thread-1] INFO  server.RaftServerConfigKeys (ConfUtils.java:logGet(43)) - raft.server.sleep.deviation.threshold = 300 (default)
2019-10-08 21:08:48,766 [pool-409-thread-1] INFO  server.RaftServerConfigKeys (ConfUtils.java:logGet(43)) - raft.server.rpc.timeout.max = 5200ms (custom)
2019-10-08 21:08:48,767 [pool-409-thread-1] INFO  server.RaftServerConfigKeys (ConfUtils.java:logGet(43)) - raft.server.rpcslowness.timeout = 120s (custom)
2019-10-08 21:08:48,766 [pool-429-thread-1] INFO  server.RaftServerConfigKeys (ConfUtils.java:logGet(43)) - raft.server.rpcslowness.timeout = 120s (custom)
2019-10-08 21:08:48,767 [pool-409-thread-1] INFO  server.RaftServerConfigKeys (ConfUtils.java:logGet(43)) - raft.server.sleep.deviation.threshold = 300 (default)
2019-10-08 21:08:48,766 [pool-419-thread-1] INFO  server.RaftServerConfigKeys (ConfUtils.java:logGet(43)) - raft.server.log.appender.install.snapshot.enabled = false (custom)
2019-10-08 21:08:48,767 [pool-409-thread-1] INFO  server.RaftServerConfigKeys (ConfUtils.java:logGet(43)) - raft.server.log.appender.install.snapshot.enabled = false (custom)
2019-10-08 21:08:48,767 [pool-429-thread-1] INFO  server.RaftServerConfigKeys (ConfUtils.java:logGet(43)) - raft.server.sleep.deviation.threshold = 300 (default)
2019-10-08 21:08:48,767 [pool-429-thread-1] INFO  server.RaftServerConfigKeys (ConfUtils.java:logGet(43)) - raft.server.log.appender.install.snapshot.enabled = false (custom)
2019-10-08 21:08:48,767 [pool-419-thread-1] INFO  impl.RaftServerImpl (ServerState.java:<init>(103)) - 6a70038f-f0b2-4d35-91e9-47692da92d1a@group-82B3C7DC8A78: ConfigurationManager, init=-1: [563427f3-50ed-4c45-a12e-b3f5127aec9c:192.168.5.143:32835, 6a70038f-f0b2-4d35-91e9-47692da92d1a:192.168.5.143:35516, 83f89ce6-f7da-4fc8-87e9-1476e88e7ab1:192.168.5.143:45883], old=null, confs=<EMPTY_MAP>
2019-10-08 21:08:48,767 [pool-409-thread-1] INFO  impl.RaftServerImpl (ServerState.java:<init>(103)) - 563427f3-50ed-4c45-a12e-b3f5127aec9c@group-82B3C7DC8A78: ConfigurationManager, init=-1: [563427f3-50ed-4c45-a12e-b3f5127aec9c:192.168.5.143:32835, 6a70038f-f0b2-4d35-91e9-47692da92d1a:192.168.5.143:35516, 83f89ce6-f7da-4fc8-87e9-1476e88e7ab1:192.168.5.143:45883], old=null, confs=<EMPTY_MAP>
2019-10-08 21:08:48,768 [pool-419-thread-1] INFO  server.RaftServerConfigKeys (ConfUtils.java:logGet(43)) - raft.server.storage.dir = [/workdir/hadoop-ozone/integration-test/target/test-dir/MiniOzoneClusterImpl-76b6f63f-e342-488e-8571-ba8c5b8db736/datanode-1/data/ratis] (custom)
2019-10-08 21:08:48,767 [pool-429-thread-1] INFO  impl.RaftServerImpl (ServerState.java:<init>(103)) - 83f89ce6-f7da-4fc8-87e9-1476e88e7ab1@group-82B3C7DC8A78: ConfigurationManager, init=-1: [563427f3-50ed-4c45-a12e-b3f5127aec9c:192.168.5.143:32835, 6a70038f-f0b2-4d35-91e9-47692da92d1a:192.168.5.143:35516, 83f89ce6-f7da-4fc8-87e9-1476e88e7ab1:192.168.5.143:45883], old=null, confs=<EMPTY_MAP>
2019-10-08 21:08:48,768 [pool-409-thread-1] INFO  server.RaftServerConfigKeys (ConfUtils.java:logGet(43)) - raft.server.storage.dir = [/workdir/hadoop-ozone/integration-test/target/test-dir/MiniOzoneClusterImpl-76b6f63f-e342-488e-8571-ba8c5b8db736/datanode-0/data/ratis] (custom)
2019-10-08 21:08:48,768 [pool-429-thread-1] INFO  server.RaftServerConfigKeys (ConfUtils.java:logGet(43)) - raft.server.storage.dir = [/workdir/hadoop-ozone/integration-test/target/test-dir/MiniOzoneClusterImpl-76b6f63f-e342-488e-8571-ba8c5b8db736/datanode-2/data/ratis] (custom)
2019-10-08 21:08:48,768 [pool-419-thread-1] INFO  server.RaftServerConfigKeys (ConfUtils.java:logGet(43)) - raft.server.log.corruption.policy = EXCEPTION (default)
2019-10-08 21:08:48,768 [pool-429-thread-1] INFO  server.RaftServerConfigKeys (ConfUtils.java:logGet(43)) - raft.server.log.corruption.policy = EXCEPTION (default)
2019-10-08 21:08:48,768 [pool-409-thread-1] INFO  server.RaftServerConfigKeys (ConfUtils.java:logGet(43)) - raft.server.log.corruption.policy = EXCEPTION (default)
2019-10-08 21:08:48,768 [pool-429-thread-1] INFO  storage.RaftStorageDirectory (RaftStorageDirectory.java:analyzeStorage(246)) - The storage directory /workdir/hadoop-ozone/integration-test/target/test-dir/MiniOzoneClusterImpl-76b6f63f-e342-488e-8571-ba8c5b8db736/datanode-2/data/ratis/0cf6ee05-06f0-43cb-8f75-82b3c7dc8a78 does not exist. Creating ...
2019-10-08 21:08:48,768 [pool-419-thread-1] INFO  storage.RaftStorageDirectory (RaftStorageDirectory.java:analyzeStorage(246)) - The storage directory /workdir/hadoop-ozone/integration-test/target/test-dir/MiniOzoneClusterImpl-76b6f63f-e342-488e-8571-ba8c5b8db736/datanode-1/data/ratis/0cf6ee05-06f0-43cb-8f75-82b3c7dc8a78 does not exist. Creating ...
2019-10-08 21:08:48,769 [pool-409-thread-1] INFO  storage.RaftStorageDirectory (RaftStorageDirectory.java:analyzeStorage(246)) - The storage directory /workdir/hadoop-ozone/integration-test/target/test-dir/MiniOzoneClusterImpl-76b6f63f-e342-488e-8571-ba8c5b8db736/datanode-0/data/ratis/0cf6ee05-06f0-43cb-8f75-82b3c7dc8a78 does not exist. Creating ...
2019-10-08 21:08:48,776 [IPC Server handler 3 on 34893] INFO  net.NetworkTopology (NetworkTopologyImpl.java:add(111)) - Added a new node: /default-rack/d17645eb-f5d0-4e03-ba92-dd2963a93e84
2019-10-08 21:08:48,776 [IPC Server handler 3 on 34893] INFO  node.SCMNodeManager (SCMNodeManager.java:register(268)) - Registered Data node : d17645eb-f5d0-4e03-ba92-dd2963a93e84{ip: 192.168.5.143, host: pr-hdds-1868-gtwz2-575081100, networkLocation: /default-rack, certSerialId: null}
2019-10-08 21:08:48,782 [pool-419-thread-1] INFO  storage.RaftStorageDirectory (RaftStorageDirectory.java:tryLock(328)) - Lock on /workdir/hadoop-ozone/integration-test/target/test-dir/MiniOzoneClusterImpl-76b6f63f-e342-488e-8571-ba8c5b8db736/datanode-1/data/ratis/0cf6ee05-06f0-43cb-8f75-82b3c7dc8a78/in_use.lock acquired by nodename 838@pr-hdds-1868-gtwz2-575081100
2019-10-08 21:08:48,782 [pool-409-thread-1] INFO  storage.RaftStorageDirectory (RaftStorageDirectory.java:tryLock(328)) - Lock on /workdir/hadoop-ozone/integration-test/target/test-dir/MiniOzoneClusterImpl-76b6f63f-e342-488e-8571-ba8c5b8db736/datanode-0/data/ratis/0cf6ee05-06f0-43cb-8f75-82b3c7dc8a78/in_use.lock acquired by nodename 838@pr-hdds-1868-gtwz2-575081100
2019-10-08 21:08:48,782 [pool-429-thread-1] INFO  storage.RaftStorageDirectory (RaftStorageDirectory.java:tryLock(328)) - Lock on /workdir/hadoop-ozone/integration-test/target/test-dir/MiniOzoneClusterImpl-76b6f63f-e342-488e-8571-ba8c5b8db736/datanode-2/data/ratis/0cf6ee05-06f0-43cb-8f75-82b3c7dc8a78/in_use.lock acquired by nodename 838@pr-hdds-1868-gtwz2-575081100
2019-10-08 21:08:48,796 [pool-409-thread-1] INFO  storage.RaftStorage (RaftStorage.java:format(84)) - Storage directory /workdir/hadoop-ozone/integration-test/target/test-dir/MiniOzoneClusterImpl-76b6f63f-e342-488e-8571-ba8c5b8db736/datanode-0/data/ratis/0cf6ee05-06f0-43cb-8f75-82b3c7dc8a78 has been successfully formatted.
2019-10-08 21:08:48,796 [pool-429-thread-1] INFO  storage.RaftStorage (RaftStorage.java:format(84)) - Storage directory /workdir/hadoop-ozone/integration-test/target/test-dir/MiniOzoneClusterImpl-76b6f63f-e342-488e-8571-ba8c5b8db736/datanode-2/data/ratis/0cf6ee05-06f0-43cb-8f75-82b3c7dc8a78 has been successfully formatted.
2019-10-08 21:08:48,797 [pool-419-thread-1] INFO  storage.RaftStorage (RaftStorage.java:format(84)) - Storage directory /workdir/hadoop-ozone/integration-test/target/test-dir/MiniOzoneClusterImpl-76b6f63f-e342-488e-8571-ba8c5b8db736/datanode-1/data/ratis/0cf6ee05-06f0-43cb-8f75-82b3c7dc8a78 has been successfully formatted.
2019-10-08 21:08:48,797 [pool-419-thread-1] INFO  ratis.ContainerStateMachine (ContainerStateMachine.java:loadSnapshot(233)) - group-82B3C7DC8A78: The snapshot info is null. Setting the last applied indexto:(t:0, i:~)
2019-10-08 21:08:48,797 [pool-419-thread-1] INFO  server.RaftServerConfigKeys (ConfUtils.java:logGet(43)) - raft.server.notification.no-leader.timeout = 120s (custom)
2019-10-08 21:08:48,797 [pool-419-thread-1] INFO  server.RaftServerConfigKeys (ConfUtils.java:logGet(43)) - raft.server.log.use.memory = false (default)
2019-10-08 21:08:48,798 [pool-419-thread-1] INFO  server.RaftServerConfigKeys (ConfUtils.java:logGet(43)) - raft.server.log.purge.gap = 1000000 (custom)
2019-10-08 21:08:48,798 [pool-419-thread-1] INFO  server.RaftServerConfigKeys (ConfUtils.java:logGet(43)) - raft.server.log.appender.buffer.byte-limit = 33554432 (custom)
2019-10-08 21:08:48,798 [pool-419-thread-1] INFO  server.RaftServerConfigKeys (ConfUtils.java:logGet(43)) - raft.server.log.segment.size.max = 1048576 (custom)
2019-10-08 21:08:48,798 [pool-419-thread-1] INFO  server.RaftServerConfigKeys (ConfUtils.java:logGet(43)) - raft.server.log.segment.cache.num.max = 2 (custom)
2019-10-08 21:08:48,798 [pool-419-thread-1] INFO  segmented.SegmentedRaftLogWorker (SegmentedRaftLogWorker.java:<init>(173)) - new 6a70038f-f0b2-4d35-91e9-47692da92d1a@group-82B3C7DC8A78-SegmentedRaftLogWorker for RaftStorage:Storage Directory /workdir/hadoop-ozone/integration-test/target/test-dir/MiniOzoneClusterImpl-76b6f63f-e342-488e-8571-ba8c5b8db736/datanode-1/data/ratis/0cf6ee05-06f0-43cb-8f75-82b3c7dc8a78
2019-10-08 21:08:48,799 [pool-419-thread-1] INFO  server.RaftServerConfigKeys (ConfUtils.java:logGet(43)) - raft.server.log.queue.byte-limit = 2147483647 (custom)
2019-10-08 21:08:48,799 [pool-419-thread-1] INFO  server.RaftServerConfigKeys (ConfUtils.java:logGet(43)) - raft.server.log.queue.element-limit = 1024 (custom)
2019-10-08 21:08:48,799 [pool-419-thread-1] INFO  server.RaftServerConfigKeys (ConfUtils.java:logGet(43)) - raft.server.log.segment.size.max = 1048576 (custom)
2019-10-08 21:08:48,799 [pool-419-thread-1] INFO  server.RaftServerConfigKeys (ConfUtils.java:logGet(43)) - raft.server.log.preallocated.size = 16384 (custom)
2019-10-08 21:08:48,799 [pool-419-thread-1] INFO  server.RaftServerConfigKeys (ConfUtils.java:logGet(43)) - raft.server.log.write.buffer.size = 33554432 (custom)
2019-10-08 21:08:48,799 [pool-419-thread-1] INFO  server.RaftServerConfigKeys (ConfUtils.java:logGet(43)) - raft.server.log.force.sync.num = 128 (default)
2019-10-08 21:08:48,799 [pool-419-thread-1] INFO  server.RaftServerConfigKeys (ConfUtils.java:logGet(43)) - raft.server.log.statemachine.data.sync = true (default)
2019-10-08 21:08:48,799 [pool-419-thread-1] INFO  server.RaftServerConfigKeys (ConfUtils.java:logGet(43)) - raft.server.log.statemachine.data.sync.timeout = 10s (default)
2019-10-08 21:08:48,800 [pool-419-thread-1] INFO  server.RaftServerConfigKeys (ConfUtils.java:logGet(43)) - raft.server.log.statemachine.data.sync.timeout.retry = -1 (default)
2019-10-08 21:08:48,797 [pool-409-thread-1] INFO  ratis.ContainerStateMachine (ContainerStateMachine.java:loadSnapshot(233)) - group-82B3C7DC8A78: The snapshot info is null. Setting the last applied indexto:(t:0, i:~)
2019-10-08 21:08:48,800 [pool-419-thread-1] INFO  server.RaftServerConfigKeys (ConfUtils.java:logGet(43)) - raft.server.log.statemachine.data.caching.enabled = true (custom)
2019-10-08 21:08:48,797 [pool-429-thread-1] INFO  ratis.ContainerStateMachine (ContainerStateMachine.java:loadSnapshot(233)) - group-82B3C7DC8A78: The snapshot info is null. Setting the last applied indexto:(t:0, i:~)
2019-10-08 21:08:48,800 [pool-419-thread-1] INFO  segmented.SegmentedRaftLogWorker (SegmentedRaftLogWorker.java:lambda$new$0(128)) - 6a70038f-f0b2-4d35-91e9-47692da92d1a@group-82B3C7DC8A78-SegmentedRaftLogWorker: flushIndex: setUnconditionally 0 -> -1
2019-10-08 21:08:48,800 [pool-409-thread-1] INFO  server.RaftServerConfigKeys (ConfUtils.java:logGet(43)) - raft.server.notification.no-leader.timeout = 120s (custom)
2019-10-08 21:08:48,800 [pool-429-thread-1] INFO  server.RaftServerConfigKeys (ConfUtils.java:logGet(43)) - raft.server.notification.no-leader.timeout = 120s (custom)
2019-10-08 21:08:48,800 [pool-419-thread-1] INFO  server.RaftServerConfigKeys (ConfUtils.java:logGet(43)) - raft.server.snapshot.auto.trigger.enabled = true (custom)
2019-10-08 21:08:48,801 [pool-419-thread-1] INFO  server.RaftServerConfigKeys (ConfUtils.java:logGet(43)) - raft.server.snapshot.auto.trigger.threshold = 10000 (custom)
2019-10-08 21:08:48,801 [pool-419-thread-1] INFO  server.RaftServerConfigKeys (ConfUtils.java:logGet(43)) - raft.server.snapshot.retention.file.num = 5 (custom)
2019-10-08 21:08:48,801 [pool-419-thread-1] INFO  server.RaftServerConfigKeys (ConfUtils.java:logGet(43)) - raft.server.retrycache.expirytime = 600000ms (custom)
2019-10-08 21:08:48,800 [pool-409-thread-1] INFO  server.RaftServerConfigKeys (ConfUtils.java:logGet(43)) - raft.server.log.use.memory = false (default)
2019-10-08 21:08:48,801 [pool-429-thread-1] INFO  server.RaftServerConfigKeys (ConfUtils.java:logGet(43)) - raft.server.log.use.memory = false (default)
2019-10-08 21:08:48,802 [pool-409-thread-1] INFO  server.RaftServerConfigKeys (ConfUtils.java:logGet(43)) - raft.server.log.purge.gap = 1000000 (custom)
2019-10-08 21:08:48,802 [pool-429-thread-1] INFO  server.RaftServerConfigKeys (ConfUtils.java:logGet(43)) - raft.server.log.purge.gap = 1000000 (custom)
2019-10-08 21:08:48,802 [pool-409-thread-1] INFO  server.RaftServerConfigKeys (ConfUtils.java:logGet(43)) - raft.server.log.appender.buffer.byte-limit = 33554432 (custom)
2019-10-08 21:08:48,802 [pool-429-thread-1] INFO  server.RaftServerConfigKeys (ConfUtils.java:logGet(43)) - raft.server.log.appender.buffer.byte-limit = 33554432 (custom)
2019-10-08 21:08:48,803 [pool-409-thread-1] INFO  server.RaftServerConfigKeys (ConfUtils.java:logGet(43)) - raft.server.log.segment.size.max = 1048576 (custom)
2019-10-08 21:08:48,803 [pool-429-thread-1] INFO  server.RaftServerConfigKeys (ConfUtils.java:logGet(43)) - raft.server.log.segment.size.max = 1048576 (custom)
2019-10-08 21:08:48,803 [pool-409-thread-1] INFO  server.RaftServerConfigKeys (ConfUtils.java:logGet(43)) - raft.server.log.segment.cache.num.max = 2 (custom)
2019-10-08 21:08:48,803 [pool-429-thread-1] INFO  server.RaftServerConfigKeys (ConfUtils.java:logGet(43)) - raft.server.log.segment.cache.num.max = 2 (custom)
2019-10-08 21:08:48,803 [pool-409-thread-1] INFO  segmented.SegmentedRaftLogWorker (SegmentedRaftLogWorker.java:<init>(173)) - new 563427f3-50ed-4c45-a12e-b3f5127aec9c@group-82B3C7DC8A78-SegmentedRaftLogWorker for RaftStorage:Storage Directory /workdir/hadoop-ozone/integration-test/target/test-dir/MiniOzoneClusterImpl-76b6f63f-e342-488e-8571-ba8c5b8db736/datanode-0/data/ratis/0cf6ee05-06f0-43cb-8f75-82b3c7dc8a78
2019-10-08 21:08:48,803 [pool-419-thread-1] INFO  impl.RaftServerImpl (RaftServerImpl.java:start(181)) - 6a70038f-f0b2-4d35-91e9-47692da92d1a@group-82B3C7DC8A78: start as a follower, conf=-1: [563427f3-50ed-4c45-a12e-b3f5127aec9c:192.168.5.143:32835, 6a70038f-f0b2-4d35-91e9-47692da92d1a:192.168.5.143:35516, 83f89ce6-f7da-4fc8-87e9-1476e88e7ab1:192.168.5.143:45883], old=null
2019-10-08 21:08:48,803 [pool-409-thread-1] INFO  server.RaftServerConfigKeys (ConfUtils.java:logGet(43)) - raft.server.log.queue.byte-limit = 2147483647 (custom)
2019-10-08 21:08:48,803 [pool-429-thread-1] INFO  segmented.SegmentedRaftLogWorker (SegmentedRaftLogWorker.java:<init>(173)) - new 83f89ce6-f7da-4fc8-87e9-1476e88e7ab1@group-82B3C7DC8A78-SegmentedRaftLogWorker for RaftStorage:Storage Directory /workdir/hadoop-ozone/integration-test/target/test-dir/MiniOzoneClusterImpl-76b6f63f-e342-488e-8571-ba8c5b8db736/datanode-2/data/ratis/0cf6ee05-06f0-43cb-8f75-82b3c7dc8a78
2019-10-08 21:08:48,804 [pool-409-thread-1] INFO  server.RaftServerConfigKeys (ConfUtils.java:logGet(43)) - raft.server.log.queue.element-limit = 1024 (custom)
2019-10-08 21:08:48,804 [pool-419-thread-1] INFO  impl.RaftServerImpl (RaftServerImpl.java:setRole(170)) - 6a70038f-f0b2-4d35-91e9-47692da92d1a@group-82B3C7DC8A78: changes role from      null to FOLLOWER at term 0 for startAsFollower
2019-10-08 21:08:48,804 [pool-409-thread-1] INFO  server.RaftServerConfigKeys (ConfUtils.java:logGet(43)) - raft.server.log.segment.size.max = 1048576 (custom)
2019-10-08 21:08:48,804 [pool-429-thread-1] INFO  server.RaftServerConfigKeys (ConfUtils.java:logGet(43)) - raft.server.log.queue.byte-limit = 2147483647 (custom)
2019-10-08 21:08:48,804 [pool-409-thread-1] INFO  server.RaftServerConfigKeys (ConfUtils.java:logGet(43)) - raft.server.log.preallocated.size = 16384 (custom)
2019-10-08 21:08:48,804 [pool-419-thread-1] INFO  impl.RoleInfo (RoleInfo.java:updateAndGet(143)) - 6a70038f-f0b2-4d35-91e9-47692da92d1a: start FollowerState
2019-10-08 21:08:48,804 [pool-409-thread-1] INFO  server.RaftServerConfigKeys (ConfUtils.java:logGet(43)) - raft.server.log.write.buffer.size = 33554432 (custom)
2019-10-08 21:08:48,804 [pool-429-thread-1] INFO  server.RaftServerConfigKeys (ConfUtils.java:logGet(43)) - raft.server.log.queue.element-limit = 1024 (custom)
2019-10-08 21:08:48,805 [pool-419-thread-1] INFO  util.JmxRegister (JmxRegister.java:tryRegister(44)) - Successfully registered JMX Bean with object name Ratis:service=RaftServer,group=group-82B3C7DC8A78,id=6a70038f-f0b2-4d35-91e9-47692da92d1a
2019-10-08 21:08:48,805 [pool-409-thread-1] INFO  server.RaftServerConfigKeys (ConfUtils.java:logGet(43)) - raft.server.log.force.sync.num = 128 (default)
2019-10-08 21:08:48,805 [pool-429-thread-1] INFO  server.RaftServerConfigKeys (ConfUtils.java:logGet(43)) - raft.server.log.segment.size.max = 1048576 (custom)
2019-10-08 21:08:48,805 [pool-409-thread-1] INFO  server.RaftServerConfigKeys (ConfUtils.java:logGet(43)) - raft.server.log.statemachine.data.sync = true (default)
2019-10-08 21:08:48,805 [pool-429-thread-1] INFO  server.RaftServerConfigKeys (ConfUtils.java:logGet(43)) - raft.server.log.preallocated.size = 16384 (custom)
2019-10-08 21:08:48,805 [pool-409-thread-1] INFO  server.RaftServerConfigKeys (ConfUtils.java:logGet(43)) - raft.server.log.statemachine.data.sync.timeout = 10s (default)
2019-10-08 21:08:48,806 [pool-429-thread-1] INFO  server.RaftServerConfigKeys (ConfUtils.java:logGet(43)) - raft.server.log.write.buffer.size = 33554432 (custom)
2019-10-08 21:08:48,806 [pool-409-thread-1] INFO  server.RaftServerConfigKeys (ConfUtils.java:logGet(43)) - raft.server.log.statemachine.data.sync.timeout.retry = -1 (default)
2019-10-08 21:08:48,806 [pool-429-thread-1] INFO  server.RaftServerConfigKeys (ConfUtils.java:logGet(43)) - raft.server.log.force.sync.num = 128 (default)
2019-10-08 21:08:48,806 [pool-409-thread-1] INFO  server.RaftServerConfigKeys (ConfUtils.java:logGet(43)) - raft.server.log.statemachine.data.caching.enabled = true (custom)
2019-10-08 21:08:48,806 [pool-429-thread-1] INFO  server.RaftServerConfigKeys (ConfUtils.java:logGet(43)) - raft.server.log.statemachine.data.sync = true (default)
2019-10-08 21:08:48,806 [pool-409-thread-1] INFO  segmented.SegmentedRaftLogWorker (SegmentedRaftLogWorker.java:lambda$new$0(128)) - 563427f3-50ed-4c45-a12e-b3f5127aec9c@group-82B3C7DC8A78-SegmentedRaftLogWorker: flushIndex: setUnconditionally 0 -> -1
2019-10-08 21:08:48,807 [pool-429-thread-1] INFO  server.RaftServerConfigKeys (ConfUtils.java:logGet(43)) - raft.server.log.statemachine.data.sync.timeout = 10s (default)
2019-10-08 21:08:48,807 [pool-409-thread-1] INFO  server.RaftServerConfigKeys (ConfUtils.java:logGet(43)) - raft.server.snapshot.auto.trigger.enabled = true (custom)
2019-10-08 21:08:48,807 [pool-429-thread-1] INFO  server.RaftServerConfigKeys (ConfUtils.java:logGet(43)) - raft.server.log.statemachine.data.sync.timeout.retry = -1 (default)
2019-10-08 21:08:48,807 [pool-429-thread-1] INFO  server.RaftServerConfigKeys (ConfUtils.java:logGet(43)) - raft.server.log.statemachine.data.caching.enabled = true (custom)
2019-10-08 21:08:48,807 [pool-409-thread-1] INFO  server.RaftServerConfigKeys (ConfUtils.java:logGet(43)) - raft.server.snapshot.auto.trigger.threshold = 10000 (custom)
2019-10-08 21:08:48,807 [pool-409-thread-1] INFO  server.RaftServerConfigKeys (ConfUtils.java:logGet(43)) - raft.server.snapshot.retention.file.num = 5 (custom)
2019-10-08 21:08:48,807 [pool-429-thread-1] INFO  segmented.SegmentedRaftLogWorker (SegmentedRaftLogWorker.java:lambda$new$0(128)) - 83f89ce6-f7da-4fc8-87e9-1476e88e7ab1@group-82B3C7DC8A78-SegmentedRaftLogWorker: flushIndex: setUnconditionally 0 -> -1
2019-10-08 21:08:48,808 [pool-409-thread-1] INFO  server.RaftServerConfigKeys (ConfUtils.java:logGet(43)) - raft.server.retrycache.expirytime = 600000ms (custom)
2019-10-08 21:08:48,808 [pool-429-thread-1] INFO  server.RaftServerConfigKeys (ConfUtils.java:logGet(43)) - raft.server.snapshot.auto.trigger.enabled = true (custom)
2019-10-08 21:08:48,808 [pool-429-thread-1] INFO  server.RaftServerConfigKeys (ConfUtils.java:logGet(43)) - raft.server.snapshot.auto.trigger.threshold = 10000 (custom)
2019-10-08 21:08:48,808 [pool-429-thread-1] INFO  server.RaftServerConfigKeys (ConfUtils.java:logGet(43)) - raft.server.snapshot.retention.file.num = 5 (custom)
2019-10-08 21:08:48,808 [pool-429-thread-1] INFO  server.RaftServerConfigKeys (ConfUtils.java:logGet(43)) - raft.server.retrycache.expirytime = 600000ms (custom)
2019-10-08 21:08:48,809 [pool-409-thread-1] INFO  impl.RaftServerImpl (RaftServerImpl.java:start(181)) - 563427f3-50ed-4c45-a12e-b3f5127aec9c@group-82B3C7DC8A78: start as a follower, conf=-1: [563427f3-50ed-4c45-a12e-b3f5127aec9c:192.168.5.143:32835, 6a70038f-f0b2-4d35-91e9-47692da92d1a:192.168.5.143:35516, 83f89ce6-f7da-4fc8-87e9-1476e88e7ab1:192.168.5.143:45883], old=null
2019-10-08 21:08:48,810 [pool-409-thread-1] INFO  impl.RaftServerImpl (RaftServerImpl.java:setRole(170)) - 563427f3-50ed-4c45-a12e-b3f5127aec9c@group-82B3C7DC8A78: changes role from      null to FOLLOWER at term 0 for startAsFollower
2019-10-08 21:08:48,810 [pool-409-thread-1] INFO  impl.RoleInfo (RoleInfo.java:updateAndGet(143)) - 563427f3-50ed-4c45-a12e-b3f5127aec9c: start FollowerState
2019-10-08 21:08:48,810 [pool-409-thread-1] INFO  util.JmxRegister (JmxRegister.java:tryRegister(44)) - Successfully registered JMX Bean with object name Ratis:service=RaftServer,group=group-82B3C7DC8A78,id=563427f3-50ed-4c45-a12e-b3f5127aec9c
2019-10-08 21:08:48,810 [pool-429-thread-1] INFO  impl.RaftServerImpl (RaftServerImpl.java:start(181)) - 83f89ce6-f7da-4fc8-87e9-1476e88e7ab1@group-82B3C7DC8A78: start as a follower, conf=-1: [563427f3-50ed-4c45-a12e-b3f5127aec9c:192.168.5.143:32835, 6a70038f-f0b2-4d35-91e9-47692da92d1a:192.168.5.143:35516, 83f89ce6-f7da-4fc8-87e9-1476e88e7ab1:192.168.5.143:45883], old=null
2019-10-08 21:08:48,811 [pool-429-thread-1] INFO  impl.RaftServerImpl (RaftServerImpl.java:setRole(170)) - 83f89ce6-f7da-4fc8-87e9-1476e88e7ab1@group-82B3C7DC8A78: changes role from      null to FOLLOWER at term 0 for startAsFollower
2019-10-08 21:08:48,811 [pool-429-thread-1] INFO  impl.RoleInfo (RoleInfo.java:updateAndGet(143)) - 83f89ce6-f7da-4fc8-87e9-1476e88e7ab1: start FollowerState
2019-10-08 21:08:48,811 [pool-429-thread-1] INFO  util.JmxRegister (JmxRegister.java:tryRegister(44)) - Successfully registered JMX Bean with object name Ratis:service=RaftServer,group=group-82B3C7DC8A78,id=83f89ce6-f7da-4fc8-87e9-1476e88e7ab1
2019-10-08 21:08:48,815 [RatisPipelineUtilsThread] INFO  pipeline.PipelineStateManager (PipelineStateManager.java:addPipeline(57)) - Created pipeline Pipeline[ Id: 0cf6ee05-06f0-43cb-8f75-82b3c7dc8a78, Nodes: 563427f3-50ed-4c45-a12e-b3f5127aec9c{ip: 192.168.5.143, host: pr-hdds-1868-gtwz2-575081100, networkLocation: /default-rack, certSerialId: null}6a70038f-f0b2-4d35-91e9-47692da92d1a{ip: 192.168.5.143, host: pr-hdds-1868-gtwz2-575081100, networkLocation: /default-rack, certSerialId: null}83f89ce6-f7da-4fc8-87e9-1476e88e7ab1{ip: 192.168.5.143, host: pr-hdds-1868-gtwz2-575081100, networkLocation: /default-rack, certSerialId: null}, Type:RATIS, Factor:THREE, State:ALLOCATED]
2019-10-08 21:08:48,823 [grpc-default-executor-6] INFO  impl.RaftServerProxy (RaftServerProxy.java:addNew(89)) - d17645eb-f5d0-4e03-ba92-dd2963a93e84: addNew group-A5BAEDE1FEAF:[d17645eb-f5d0-4e03-ba92-dd2963a93e84:192.168.5.143:34967] returns group-A5BAEDE1FEAF:java.util.concurrent.CompletableFuture@4928a77c[Not completed]
2019-10-08 21:08:48,824 [pool-439-thread-1] INFO  impl.RaftServerImpl (RaftServerImpl.java:<init>(95)) - d17645eb-f5d0-4e03-ba92-dd2963a93e84: new RaftServerImpl for group-A5BAEDE1FEAF:[d17645eb-f5d0-4e03-ba92-dd2963a93e84:192.168.5.143:34967] with ContainerStateMachine:uninitialized
2019-10-08 21:08:48,824 [pool-439-thread-1] INFO  server.RaftServerConfigKeys (ConfUtils.java:logGet(43)) - raft.server.rpc.timeout.min = 5s (custom)
2019-10-08 21:08:48,824 [pool-439-thread-1] INFO  server.RaftServerConfigKeys (ConfUtils.java:logGet(43)) - raft.server.rpc.timeout.max = 5200ms (custom)
2019-10-08 21:08:48,824 [pool-439-thread-1] INFO  server.RaftServerConfigKeys (ConfUtils.java:logGet(43)) - raft.server.rpcslowness.timeout = 120s (custom)
2019-10-08 21:08:48,824 [pool-439-thread-1] INFO  server.RaftServerConfigKeys (ConfUtils.java:logGet(43)) - raft.server.sleep.deviation.threshold = 300 (default)
2019-10-08 21:08:48,824 [pool-439-thread-1] INFO  server.RaftServerConfigKeys (ConfUtils.java:logGet(43)) - raft.server.log.appender.install.snapshot.enabled = false (custom)
2019-10-08 21:08:48,824 [pool-439-thread-1] INFO  impl.RaftServerImpl (ServerState.java:<init>(103)) - d17645eb-f5d0-4e03-ba92-dd2963a93e84@group-A5BAEDE1FEAF: ConfigurationManager, init=-1: [d17645eb-f5d0-4e03-ba92-dd2963a93e84:192.168.5.143:34967], old=null, confs=<EMPTY_MAP>
2019-10-08 21:08:48,825 [pool-439-thread-1] INFO  server.RaftServerConfigKeys (ConfUtils.java:logGet(43)) - raft.server.storage.dir = [/workdir/hadoop-ozone/integration-test/target/test-dir/MiniOzoneClusterImpl-76b6f63f-e342-488e-8571-ba8c5b8db736/datanode-3/data/ratis] (custom)
2019-10-08 21:08:48,825 [pool-439-thread-1] INFO  server.RaftServerConfigKeys (ConfUtils.java:logGet(43)) - raft.server.log.corruption.policy = EXCEPTION (default)
2019-10-08 21:08:48,825 [pool-439-thread-1] INFO  storage.RaftStorageDirectory (RaftStorageDirectory.java:analyzeStorage(246)) - The storage directory /workdir/hadoop-ozone/integration-test/target/test-dir/MiniOzoneClusterImpl-76b6f63f-e342-488e-8571-ba8c5b8db736/datanode-3/data/ratis/da52c555-6128-45f2-8dfa-a5baede1feaf does not exist. Creating ...
2019-10-08 21:08:48,846 [pool-439-thread-1] INFO  storage.RaftStorageDirectory (RaftStorageDirectory.java:tryLock(328)) - Lock on /workdir/hadoop-ozone/integration-test/target/test-dir/MiniOzoneClusterImpl-76b6f63f-e342-488e-8571-ba8c5b8db736/datanode-3/data/ratis/da52c555-6128-45f2-8dfa-a5baede1feaf/in_use.lock acquired by nodename 838@pr-hdds-1868-gtwz2-575081100
2019-10-08 21:08:48,849 [IPC Server handler 6 on 34893] INFO  net.NetworkTopology (NetworkTopologyImpl.java:add(111)) - Added a new node: /default-rack/d5a7e1c6-72c1-4128-a6c8-523374656d80
2019-10-08 21:08:48,850 [IPC Server handler 6 on 34893] INFO  node.SCMNodeManager (SCMNodeManager.java:register(268)) - Registered Data node : d5a7e1c6-72c1-4128-a6c8-523374656d80{ip: 192.168.5.143, host: pr-hdds-1868-gtwz2-575081100, networkLocation: /default-rack, certSerialId: null}
2019-10-08 21:08:48,860 [pool-439-thread-1] INFO  storage.RaftStorage (RaftStorage.java:format(84)) - Storage directory /workdir/hadoop-ozone/integration-test/target/test-dir/MiniOzoneClusterImpl-76b6f63f-e342-488e-8571-ba8c5b8db736/datanode-3/data/ratis/da52c555-6128-45f2-8dfa-a5baede1feaf has been successfully formatted.
2019-10-08 21:08:48,860 [pool-439-thread-1] INFO  ratis.ContainerStateMachine (ContainerStateMachine.java:loadSnapshot(233)) - group-A5BAEDE1FEAF: The snapshot info is null. Setting the last applied indexto:(t:0, i:~)
2019-10-08 21:08:48,860 [pool-439-thread-1] INFO  server.RaftServerConfigKeys (ConfUtils.java:logGet(43)) - raft.server.notification.no-leader.timeout = 120s (custom)
2019-10-08 21:08:48,861 [pool-439-thread-1] INFO  server.RaftServerConfigKeys (ConfUtils.java:logGet(43)) - raft.server.log.use.memory = false (default)
2019-10-08 21:08:48,861 [pool-439-thread-1] INFO  server.RaftServerConfigKeys (ConfUtils.java:logGet(43)) - raft.server.log.purge.gap = 1000000 (custom)
2019-10-08 21:08:48,861 [pool-439-thread-1] INFO  server.RaftServerConfigKeys (ConfUtils.java:logGet(43)) - raft.server.log.appender.buffer.byte-limit = 33554432 (custom)
2019-10-08 21:08:48,861 [pool-439-thread-1] INFO  server.RaftServerConfigKeys (ConfUtils.java:logGet(43)) - raft.server.log.segment.size.max = 1048576 (custom)
2019-10-08 21:08:48,863 [pool-439-thread-1] INFO  server.RaftServerConfigKeys (ConfUtils.java:logGet(43)) - raft.server.log.segment.cache.num.max = 2 (custom)
2019-10-08 21:08:48,863 [pool-439-thread-1] INFO  segmented.SegmentedRaftLogWorker (SegmentedRaftLogWorker.java:<init>(173)) - new d17645eb-f5d0-4e03-ba92-dd2963a93e84@group-A5BAEDE1FEAF-SegmentedRaftLogWorker for RaftStorage:Storage Directory /workdir/hadoop-ozone/integration-test/target/test-dir/MiniOzoneClusterImpl-76b6f63f-e342-488e-8571-ba8c5b8db736/datanode-3/data/ratis/da52c555-6128-45f2-8dfa-a5baede1feaf
2019-10-08 21:08:48,863 [pool-439-thread-1] INFO  server.RaftServerConfigKeys (ConfUtils.java:logGet(43)) - raft.server.log.queue.byte-limit = 2147483647 (custom)
2019-10-08 21:08:48,863 [pool-439-thread-1] INFO  server.RaftServerConfigKeys (ConfUtils.java:logGet(43)) - raft.server.log.queue.element-limit = 1024 (custom)
2019-10-08 21:08:48,863 [pool-439-thread-1] INFO  server.RaftServerConfigKeys (ConfUtils.java:logGet(43)) - raft.server.log.segment.size.max = 1048576 (custom)
2019-10-08 21:08:48,863 [pool-439-thread-1] INFO  server.RaftServerConfigKeys (ConfUtils.java:logGet(43)) - raft.server.log.preallocated.size = 16384 (custom)
2019-10-08 21:08:48,863 [pool-439-thread-1] INFO  server.RaftServerConfigKeys (ConfUtils.java:logGet(43)) - raft.server.log.write.buffer.size = 33554432 (custom)
2019-10-08 21:08:48,863 [pool-439-thread-1] INFO  server.RaftServerConfigKeys (ConfUtils.java:logGet(43)) - raft.server.log.force.sync.num = 128 (default)
2019-10-08 21:08:48,864 [pool-439-thread-1] INFO  server.RaftServerConfigKeys (ConfUtils.java:logGet(43)) - raft.server.log.statemachine.data.sync = true (default)
2019-10-08 21:08:48,864 [pool-439-thread-1] INFO  server.RaftServerConfigKeys (ConfUtils.java:logGet(43)) - raft.server.log.statemachine.data.sync.timeout = 10s (default)
2019-10-08 21:08:48,864 [pool-439-thread-1] INFO  server.RaftServerConfigKeys (ConfUtils.java:logGet(43)) - raft.server.log.statemachine.data.sync.timeout.retry = -1 (default)
2019-10-08 21:08:48,864 [pool-439-thread-1] INFO  server.RaftServerConfigKeys (ConfUtils.java:logGet(43)) - raft.server.log.statemachine.data.caching.enabled = true (custom)
2019-10-08 21:08:48,864 [pool-439-thread-1] INFO  segmented.SegmentedRaftLogWorker (SegmentedRaftLogWorker.java:lambda$new$0(128)) - d17645eb-f5d0-4e03-ba92-dd2963a93e84@group-A5BAEDE1FEAF-SegmentedRaftLogWorker: flushIndex: setUnconditionally 0 -> -1
2019-10-08 21:08:48,865 [pool-439-thread-1] INFO  server.RaftServerConfigKeys (ConfUtils.java:logGet(43)) - raft.server.snapshot.auto.trigger.enabled = true (custom)
2019-10-08 21:08:48,865 [pool-439-thread-1] INFO  server.RaftServerConfigKeys (ConfUtils.java:logGet(43)) - raft.server.snapshot.auto.trigger.threshold = 10000 (custom)
2019-10-08 21:08:48,865 [pool-439-thread-1] INFO  server.RaftServerConfigKeys (ConfUtils.java:logGet(43)) - raft.server.snapshot.retention.file.num = 5 (custom)
2019-10-08 21:08:48,865 [pool-439-thread-1] INFO  server.RaftServerConfigKeys (ConfUtils.java:logGet(43)) - raft.server.retrycache.expirytime = 600000ms (custom)
2019-10-08 21:08:48,866 [pool-439-thread-1] INFO  impl.RaftServerImpl (RaftServerImpl.java:start(181)) - d17645eb-f5d0-4e03-ba92-dd2963a93e84@group-A5BAEDE1FEAF: start as a follower, conf=-1: [d17645eb-f5d0-4e03-ba92-dd2963a93e84:192.168.5.143:34967], old=null
2019-10-08 21:08:48,867 [pool-439-thread-1] INFO  impl.RaftServerImpl (RaftServerImpl.java:setRole(170)) - d17645eb-f5d0-4e03-ba92-dd2963a93e84@group-A5BAEDE1FEAF: changes role from      null to FOLLOWER at term 0 for startAsFollower
2019-10-08 21:08:48,867 [pool-439-thread-1] INFO  impl.RoleInfo (RoleInfo.java:updateAndGet(143)) - d17645eb-f5d0-4e03-ba92-dd2963a93e84: start FollowerState
2019-10-08 21:08:48,867 [pool-439-thread-1] INFO  util.JmxRegister (JmxRegister.java:tryRegister(44)) - Successfully registered JMX Bean with object name Ratis:service=RaftServer,group=group-A5BAEDE1FEAF,id=d17645eb-f5d0-4e03-ba92-dd2963a93e84
2019-10-08 21:08:48,870 [RatisPipelineUtilsThread] INFO  pipeline.PipelineStateManager (PipelineStateManager.java:addPipeline(57)) - Created pipeline Pipeline[ Id: da52c555-6128-45f2-8dfa-a5baede1feaf, Nodes: d17645eb-f5d0-4e03-ba92-dd2963a93e84{ip: 192.168.5.143, host: pr-hdds-1868-gtwz2-575081100, networkLocation: /default-rack, certSerialId: null}, Type:RATIS, Factor:ONE, State:ALLOCATED]
2019-10-08 21:08:48,877 [grpc-default-executor-6] INFO  impl.RaftServerProxy (RaftServerProxy.java:addNew(89)) - d5a7e1c6-72c1-4128-a6c8-523374656d80: addNew group-54E42E92C7DA:[d5a7e1c6-72c1-4128-a6c8-523374656d80:192.168.5.143:46801] returns group-54E42E92C7DA:java.util.concurrent.CompletableFuture@45e0e840[Not completed]
2019-10-08 21:08:48,878 [pool-449-thread-1] INFO  impl.RaftServerImpl (RaftServerImpl.java:<init>(95)) - d5a7e1c6-72c1-4128-a6c8-523374656d80: new RaftServerImpl for group-54E42E92C7DA:[d5a7e1c6-72c1-4128-a6c8-523374656d80:192.168.5.143:46801] with ContainerStateMachine:uninitialized
2019-10-08 21:08:48,878 [pool-449-thread-1] INFO  server.RaftServerConfigKeys (ConfUtils.java:logGet(43)) - raft.server.rpc.timeout.min = 5s (custom)
2019-10-08 21:08:48,878 [pool-449-thread-1] INFO  server.RaftServerConfigKeys (ConfUtils.java:logGet(43)) - raft.server.rpc.timeout.max = 5200ms (custom)
2019-10-08 21:08:48,878 [pool-449-thread-1] INFO  server.RaftServerConfigKeys (ConfUtils.java:logGet(43)) - raft.server.rpcslowness.timeout = 120s (custom)
2019-10-08 21:08:48,878 [pool-449-thread-1] INFO  server.RaftServerConfigKeys (ConfUtils.java:logGet(43)) - raft.server.sleep.deviation.threshold = 300 (default)
2019-10-08 21:08:48,878 [pool-449-thread-1] INFO  server.RaftServerConfigKeys (ConfUtils.java:logGet(43)) - raft.server.log.appender.install.snapshot.enabled = false (custom)
2019-10-08 21:08:48,878 [pool-449-thread-1] INFO  impl.RaftServerImpl (ServerState.java:<init>(103)) - d5a7e1c6-72c1-4128-a6c8-523374656d80@group-54E42E92C7DA: ConfigurationManager, init=-1: [d5a7e1c6-72c1-4128-a6c8-523374656d80:192.168.5.143:46801], old=null, confs=<EMPTY_MAP>
2019-10-08 21:08:48,878 [pool-449-thread-1] INFO  server.RaftServerConfigKeys (ConfUtils.java:logGet(43)) - raft.server.storage.dir = [/workdir/hadoop-ozone/integration-test/target/test-dir/MiniOzoneClusterImpl-76b6f63f-e342-488e-8571-ba8c5b8db736/datanode-4/data/ratis] (custom)
2019-10-08 21:08:48,879 [pool-449-thread-1] INFO  server.RaftServerConfigKeys (ConfUtils.java:logGet(43)) - raft.server.log.corruption.policy = EXCEPTION (default)
2019-10-08 21:08:48,879 [pool-449-thread-1] INFO  storage.RaftStorageDirectory (RaftStorageDirectory.java:analyzeStorage(246)) - The storage directory /workdir/hadoop-ozone/integration-test/target/test-dir/MiniOzoneClusterImpl-76b6f63f-e342-488e-8571-ba8c5b8db736/datanode-4/data/ratis/e796733a-7a2a-4850-b7aa-54e42e92c7da does not exist. Creating ...
2019-10-08 21:08:48,891 [pool-449-thread-1] INFO  storage.RaftStorageDirectory (RaftStorageDirectory.java:tryLock(328)) - Lock on /workdir/hadoop-ozone/integration-test/target/test-dir/MiniOzoneClusterImpl-76b6f63f-e342-488e-8571-ba8c5b8db736/datanode-4/data/ratis/e796733a-7a2a-4850-b7aa-54e42e92c7da/in_use.lock acquired by nodename 838@pr-hdds-1868-gtwz2-575081100
2019-10-08 21:08:48,905 [pool-449-thread-1] INFO  storage.RaftStorage (RaftStorage.java:format(84)) - Storage directory /workdir/hadoop-ozone/integration-test/target/test-dir/MiniOzoneClusterImpl-76b6f63f-e342-488e-8571-ba8c5b8db736/datanode-4/data/ratis/e796733a-7a2a-4850-b7aa-54e42e92c7da has been successfully formatted.
2019-10-08 21:08:48,906 [pool-449-thread-1] INFO  ratis.ContainerStateMachine (ContainerStateMachine.java:loadSnapshot(233)) - group-54E42E92C7DA: The snapshot info is null. Setting the last applied indexto:(t:0, i:~)
2019-10-08 21:08:48,906 [pool-449-thread-1] INFO  server.RaftServerConfigKeys (ConfUtils.java:logGet(43)) - raft.server.notification.no-leader.timeout = 120s (custom)
2019-10-08 21:08:48,906 [pool-449-thread-1] INFO  server.RaftServerConfigKeys (ConfUtils.java:logGet(43)) - raft.server.log.use.memory = false (default)
2019-10-08 21:08:48,906 [pool-449-thread-1] INFO  server.RaftServerConfigKeys (ConfUtils.java:logGet(43)) - raft.server.log.purge.gap = 1000000 (custom)
2019-10-08 21:08:48,906 [pool-449-thread-1] INFO  server.RaftServerConfigKeys (ConfUtils.java:logGet(43)) - raft.server.log.appender.buffer.byte-limit = 33554432 (custom)
2019-10-08 21:08:48,907 [pool-449-thread-1] INFO  server.RaftServerConfigKeys (ConfUtils.java:logGet(43)) - raft.server.log.segment.size.max = 1048576 (custom)
2019-10-08 21:08:48,908 [pool-449-thread-1] INFO  server.RaftServerConfigKeys (ConfUtils.java:logGet(43)) - raft.server.log.segment.cache.num.max = 2 (custom)
2019-10-08 21:08:48,908 [pool-449-thread-1] INFO  segmented.SegmentedRaftLogWorker (SegmentedRaftLogWorker.java:<init>(173)) - new d5a7e1c6-72c1-4128-a6c8-523374656d80@group-54E42E92C7DA-SegmentedRaftLogWorker for RaftStorage:Storage Directory /workdir/hadoop-ozone/integration-test/target/test-dir/MiniOzoneClusterImpl-76b6f63f-e342-488e-8571-ba8c5b8db736/datanode-4/data/ratis/e796733a-7a2a-4850-b7aa-54e42e92c7da
2019-10-08 21:08:48,908 [pool-449-thread-1] INFO  server.RaftServerConfigKeys (ConfUtils.java:logGet(43)) - raft.server.log.queue.byte-limit = 2147483647 (custom)
2019-10-08 21:08:48,908 [pool-449-thread-1] INFO  server.RaftServerConfigKeys (ConfUtils.java:logGet(43)) - raft.server.log.queue.element-limit = 1024 (custom)
2019-10-08 21:08:48,908 [pool-449-thread-1] INFO  server.RaftServerConfigKeys (ConfUtils.java:logGet(43)) - raft.server.log.segment.size.max = 1048576 (custom)
2019-10-08 21:08:48,909 [pool-449-thread-1] INFO  server.RaftServerConfigKeys (ConfUtils.java:logGet(43)) - raft.server.log.preallocated.size = 16384 (custom)
2019-10-08 21:08:48,909 [pool-449-thread-1] INFO  server.RaftServerConfigKeys (ConfUtils.java:logGet(43)) - raft.server.log.write.buffer.size = 33554432 (custom)
2019-10-08 21:08:48,909 [pool-449-thread-1] INFO  server.RaftServerConfigKeys (ConfUtils.java:logGet(43)) - raft.server.log.force.sync.num = 128 (default)
2019-10-08 21:08:48,909 [pool-449-thread-1] INFO  server.RaftServerConfigKeys (ConfUtils.java:logGet(43)) - raft.server.log.statemachine.data.sync = true (default)
2019-10-08 21:08:48,909 [pool-449-thread-1] INFO  server.RaftServerConfigKeys (ConfUtils.java:logGet(43)) - raft.server.log.statemachine.data.sync.timeout = 10s (default)
2019-10-08 21:08:48,909 [pool-449-thread-1] INFO  server.RaftServerConfigKeys (ConfUtils.java:logGet(43)) - raft.server.log.statemachine.data.sync.timeout.retry = -1 (default)
2019-10-08 21:08:48,909 [pool-449-thread-1] INFO  server.RaftServerConfigKeys (ConfUtils.java:logGet(43)) - raft.server.log.statemachine.data.caching.enabled = true (custom)
2019-10-08 21:08:48,909 [pool-449-thread-1] INFO  segmented.SegmentedRaftLogWorker (SegmentedRaftLogWorker.java:lambda$new$0(128)) - d5a7e1c6-72c1-4128-a6c8-523374656d80@group-54E42E92C7DA-SegmentedRaftLogWorker: flushIndex: setUnconditionally 0 -> -1
2019-10-08 21:08:48,910 [pool-449-thread-1] INFO  server.RaftServerConfigKeys (ConfUtils.java:logGet(43)) - raft.server.snapshot.auto.trigger.enabled = true (custom)
2019-10-08 21:08:48,910 [pool-449-thread-1] INFO  server.RaftServerConfigKeys (ConfUtils.java:logGet(43)) - raft.server.snapshot.auto.trigger.threshold = 10000 (custom)
2019-10-08 21:08:48,910 [pool-449-thread-1] INFO  server.RaftServerConfigKeys (ConfUtils.java:logGet(43)) - raft.server.snapshot.retention.file.num = 5 (custom)
2019-10-08 21:08:48,910 [pool-449-thread-1] INFO  server.RaftServerConfigKeys (ConfUtils.java:logGet(43)) - raft.server.retrycache.expirytime = 600000ms (custom)
2019-10-08 21:08:48,911 [pool-449-thread-1] INFO  impl.RaftServerImpl (RaftServerImpl.java:start(181)) - d5a7e1c6-72c1-4128-a6c8-523374656d80@group-54E42E92C7DA: start as a follower, conf=-1: [d5a7e1c6-72c1-4128-a6c8-523374656d80:192.168.5.143:46801], old=null
2019-10-08 21:08:48,911 [pool-449-thread-1] INFO  impl.RaftServerImpl (RaftServerImpl.java:setRole(170)) - d5a7e1c6-72c1-4128-a6c8-523374656d80@group-54E42E92C7DA: changes role from      null to FOLLOWER at term 0 for startAsFollower
2019-10-08 21:08:48,911 [pool-449-thread-1] INFO  impl.RoleInfo (RoleInfo.java:updateAndGet(143)) - d5a7e1c6-72c1-4128-a6c8-523374656d80: start FollowerState
2019-10-08 21:08:48,911 [pool-449-thread-1] INFO  util.JmxRegister (JmxRegister.java:tryRegister(44)) - Successfully registered JMX Bean with object name Ratis:service=RaftServer,group=group-54E42E92C7DA,id=d5a7e1c6-72c1-4128-a6c8-523374656d80
2019-10-08 21:08:48,914 [RatisPipelineUtilsThread] INFO  pipeline.PipelineStateManager (PipelineStateManager.java:addPipeline(57)) - Created pipeline Pipeline[ Id: e796733a-7a2a-4850-b7aa-54e42e92c7da, Nodes: d5a7e1c6-72c1-4128-a6c8-523374656d80{ip: 192.168.5.143, host: pr-hdds-1868-gtwz2-575081100, networkLocation: /default-rack, certSerialId: null}, Type:RATIS, Factor:ONE, State:ALLOCATED]
2019-10-08 21:08:48,920 [IPC Server handler 5 on 34893] INFO  net.NetworkTopology (NetworkTopologyImpl.java:add(111)) - Added a new node: /default-rack/b11c6a09-df3d-44f0-9c56-88b487f5aeaa
2019-10-08 21:08:48,920 [IPC Server handler 5 on 34893] INFO  node.SCMNodeManager (SCMNodeManager.java:register(268)) - Registered Data node : b11c6a09-df3d-44f0-9c56-88b487f5aeaa{ip: 192.168.5.143, host: pr-hdds-1868-gtwz2-575081100, networkLocation: /default-rack, certSerialId: null}
2019-10-08 21:08:48,926 [grpc-default-executor-6] INFO  impl.RaftServerProxy (RaftServerProxy.java:addNew(89)) - b11c6a09-df3d-44f0-9c56-88b487f5aeaa: addNew group-FC090E30D6B5:[b11c6a09-df3d-44f0-9c56-88b487f5aeaa:192.168.5.143:37030] returns group-FC090E30D6B5:java.util.concurrent.CompletableFuture@3b340dd0[Not completed]
2019-10-08 21:08:48,927 [pool-459-thread-1] INFO  impl.RaftServerImpl (RaftServerImpl.java:<init>(95)) - b11c6a09-df3d-44f0-9c56-88b487f5aeaa: new RaftServerImpl for group-FC090E30D6B5:[b11c6a09-df3d-44f0-9c56-88b487f5aeaa:192.168.5.143:37030] with ContainerStateMachine:uninitialized
2019-10-08 21:08:48,927 [pool-459-thread-1] INFO  server.RaftServerConfigKeys (ConfUtils.java:logGet(43)) - raft.server.rpc.timeout.min = 5s (custom)
2019-10-08 21:08:48,927 [pool-459-thread-1] INFO  server.RaftServerConfigKeys (ConfUtils.java:logGet(43)) - raft.server.rpc.timeout.max = 5200ms (custom)
2019-10-08 21:08:48,927 [pool-459-thread-1] INFO  server.RaftServerConfigKeys (ConfUtils.java:logGet(43)) - raft.server.rpcslowness.timeout = 120s (custom)
2019-10-08 21:08:48,927 [pool-459-thread-1] INFO  server.RaftServerConfigKeys (ConfUtils.java:logGet(43)) - raft.server.sleep.deviation.threshold = 300 (default)
2019-10-08 21:08:48,927 [pool-459-thread-1] INFO  server.RaftServerConfigKeys (ConfUtils.java:logGet(43)) - raft.server.log.appender.install.snapshot.enabled = false (custom)
2019-10-08 21:08:48,927 [pool-459-thread-1] INFO  impl.RaftServerImpl (ServerState.java:<init>(103)) - b11c6a09-df3d-44f0-9c56-88b487f5aeaa@group-FC090E30D6B5: ConfigurationManager, init=-1: [b11c6a09-df3d-44f0-9c56-88b487f5aeaa:192.168.5.143:37030], old=null, confs=<EMPTY_MAP>
2019-10-08 21:08:48,927 [pool-459-thread-1] INFO  server.RaftServerConfigKeys (ConfUtils.java:logGet(43)) - raft.server.storage.dir = [/workdir/hadoop-ozone/integration-test/target/test-dir/MiniOzoneClusterImpl-76b6f63f-e342-488e-8571-ba8c5b8db736/datanode-5/data/ratis] (custom)
2019-10-08 21:08:48,928 [pool-459-thread-1] INFO  server.RaftServerConfigKeys (ConfUtils.java:logGet(43)) - raft.server.log.corruption.policy = EXCEPTION (default)
2019-10-08 21:08:48,928 [pool-459-thread-1] INFO  storage.RaftStorageDirectory (RaftStorageDirectory.java:analyzeStorage(246)) - The storage directory /workdir/hadoop-ozone/integration-test/target/test-dir/MiniOzoneClusterImpl-76b6f63f-e342-488e-8571-ba8c5b8db736/datanode-5/data/ratis/402d85b7-9820-4535-a174-fc090e30d6b5 does not exist. Creating ...
2019-10-08 21:08:48,940 [pool-459-thread-1] INFO  storage.RaftStorageDirectory (RaftStorageDirectory.java:tryLock(328)) - Lock on /workdir/hadoop-ozone/integration-test/target/test-dir/MiniOzoneClusterImpl-76b6f63f-e342-488e-8571-ba8c5b8db736/datanode-5/data/ratis/402d85b7-9820-4535-a174-fc090e30d6b5/in_use.lock acquired by nodename 838@pr-hdds-1868-gtwz2-575081100
2019-10-08 21:08:48,953 [pool-459-thread-1] INFO  storage.RaftStorage (RaftStorage.java:format(84)) - Storage directory /workdir/hadoop-ozone/integration-test/target/test-dir/MiniOzoneClusterImpl-76b6f63f-e342-488e-8571-ba8c5b8db736/datanode-5/data/ratis/402d85b7-9820-4535-a174-fc090e30d6b5 has been successfully formatted.
2019-10-08 21:08:48,954 [pool-459-thread-1] INFO  ratis.ContainerStateMachine (ContainerStateMachine.java:loadSnapshot(233)) - group-FC090E30D6B5: The snapshot info is null. Setting the last applied indexto:(t:0, i:~)
2019-10-08 21:08:48,954 [pool-459-thread-1] INFO  server.RaftServerConfigKeys (ConfUtils.java:logGet(43)) - raft.server.notification.no-leader.timeout = 120s (custom)
2019-10-08 21:08:48,954 [pool-459-thread-1] INFO  server.RaftServerConfigKeys (ConfUtils.java:logGet(43)) - raft.server.log.use.memory = false (default)
2019-10-08 21:08:48,954 [pool-459-thread-1] INFO  server.RaftServerConfigKeys (ConfUtils.java:logGet(43)) - raft.server.log.purge.gap = 1000000 (custom)
2019-10-08 21:08:48,954 [pool-459-thread-1] INFO  server.RaftServerConfigKeys (ConfUtils.java:logGet(43)) - raft.server.log.appender.buffer.byte-limit = 33554432 (custom)
2019-10-08 21:08:48,954 [pool-459-thread-1] INFO  server.RaftServerConfigKeys (ConfUtils.java:logGet(43)) - raft.server.log.segment.size.max = 1048576 (custom)
2019-10-08 21:08:48,955 [pool-459-thread-1] INFO  server.RaftServerConfigKeys (ConfUtils.java:logGet(43)) - raft.server.log.segment.cache.num.max = 2 (custom)
2019-10-08 21:08:48,955 [pool-459-thread-1] INFO  segmented.SegmentedRaftLogWorker (SegmentedRaftLogWorker.java:<init>(173)) - new b11c6a09-df3d-44f0-9c56-88b487f5aeaa@group-FC090E30D6B5-SegmentedRaftLogWorker for RaftStorage:Storage Directory /workdir/hadoop-ozone/integration-test/target/test-dir/MiniOzoneClusterImpl-76b6f63f-e342-488e-8571-ba8c5b8db736/datanode-5/data/ratis/402d85b7-9820-4535-a174-fc090e30d6b5
2019-10-08 21:08:48,955 [pool-459-thread-1] INFO  server.RaftServerConfigKeys (ConfUtils.java:logGet(43)) - raft.server.log.queue.byte-limit = 2147483647 (custom)
2019-10-08 21:08:48,955 [pool-459-thread-1] INFO  server.RaftServerConfigKeys (ConfUtils.java:logGet(43)) - raft.server.log.queue.element-limit = 1024 (custom)
2019-10-08 21:08:48,956 [pool-459-thread-1] INFO  server.RaftServerConfigKeys (ConfUtils.java:logGet(43)) - raft.server.log.segment.size.max = 1048576 (custom)
2019-10-08 21:08:48,956 [pool-459-thread-1] INFO  server.RaftServerConfigKeys (ConfUtils.java:logGet(43)) - raft.server.log.preallocated.size = 16384 (custom)
2019-10-08 21:08:48,956 [pool-459-thread-1] INFO  server.RaftServerConfigKeys (ConfUtils.java:logGet(43)) - raft.server.log.write.buffer.size = 33554432 (custom)
2019-10-08 21:08:48,956 [pool-459-thread-1] INFO  server.RaftServerConfigKeys (ConfUtils.java:logGet(43)) - raft.server.log.force.sync.num = 128 (default)
2019-10-08 21:08:48,956 [pool-459-thread-1] INFO  server.RaftServerConfigKeys (ConfUtils.java:logGet(43)) - raft.server.log.statemachine.data.sync = true (default)
2019-10-08 21:08:48,956 [pool-459-thread-1] INFO  server.RaftServerConfigKeys (ConfUtils.java:logGet(43)) - raft.server.log.statemachine.data.sync.timeout = 10s (default)
2019-10-08 21:08:48,956 [pool-459-thread-1] INFO  server.RaftServerConfigKeys (ConfUtils.java:logGet(43)) - raft.server.log.statemachine.data.sync.timeout.retry = -1 (default)
2019-10-08 21:08:48,956 [pool-459-thread-1] INFO  server.RaftServerConfigKeys (ConfUtils.java:logGet(43)) - raft.server.log.statemachine.data.caching.enabled = true (custom)
2019-10-08 21:08:48,956 [pool-459-thread-1] INFO  segmented.SegmentedRaftLogWorker (SegmentedRaftLogWorker.java:lambda$new$0(128)) - b11c6a09-df3d-44f0-9c56-88b487f5aeaa@group-FC090E30D6B5-SegmentedRaftLogWorker: flushIndex: setUnconditionally 0 -> -1
2019-10-08 21:08:48,957 [pool-459-thread-1] INFO  server.RaftServerConfigKeys (ConfUtils.java:logGet(43)) - raft.server.snapshot.auto.trigger.enabled = true (custom)
2019-10-08 21:08:48,957 [pool-459-thread-1] INFO  server.RaftServerConfigKeys (ConfUtils.java:logGet(43)) - raft.server.snapshot.auto.trigger.threshold = 10000 (custom)
2019-10-08 21:08:48,957 [pool-459-thread-1] INFO  server.RaftServerConfigKeys (ConfUtils.java:logGet(43)) - raft.server.snapshot.retention.file.num = 5 (custom)
2019-10-08 21:08:48,957 [pool-459-thread-1] INFO  server.RaftServerConfigKeys (ConfUtils.java:logGet(43)) - raft.server.retrycache.expirytime = 600000ms (custom)
2019-10-08 21:08:48,958 [pool-459-thread-1] INFO  impl.RaftServerImpl (RaftServerImpl.java:start(181)) - b11c6a09-df3d-44f0-9c56-88b487f5aeaa@group-FC090E30D6B5: start as a follower, conf=-1: [b11c6a09-df3d-44f0-9c56-88b487f5aeaa:192.168.5.143:37030], old=null
2019-10-08 21:08:48,958 [pool-459-thread-1] INFO  impl.RaftServerImpl (RaftServerImpl.java:setRole(170)) - b11c6a09-df3d-44f0-9c56-88b487f5aeaa@group-FC090E30D6B5: changes role from      null to FOLLOWER at term 0 for startAsFollower
2019-10-08 21:08:48,958 [pool-459-thread-1] INFO  impl.RoleInfo (RoleInfo.java:updateAndGet(143)) - b11c6a09-df3d-44f0-9c56-88b487f5aeaa: start FollowerState
2019-10-08 21:08:48,959 [pool-459-thread-1] INFO  util.JmxRegister (JmxRegister.java:tryRegister(44)) - Successfully registered JMX Bean with object name Ratis:service=RaftServer,group=group-FC090E30D6B5,id=b11c6a09-df3d-44f0-9c56-88b487f5aeaa
2019-10-08 21:08:48,972 [RatisPipelineUtilsThread] INFO  pipeline.PipelineStateManager (PipelineStateManager.java:addPipeline(57)) - Created pipeline Pipeline[ Id: 402d85b7-9820-4535-a174-fc090e30d6b5, Nodes: b11c6a09-df3d-44f0-9c56-88b487f5aeaa{ip: 192.168.5.143, host: pr-hdds-1868-gtwz2-575081100, networkLocation: /default-rack, certSerialId: null}, Type:RATIS, Factor:ONE, State:ALLOCATED]
2019-10-08 21:08:48,982 [grpc-default-executor-1] INFO  impl.RaftServerProxy (RaftServerProxy.java:addNew(89)) - d17645eb-f5d0-4e03-ba92-dd2963a93e84: addNew group-F9B159B31852:[d17645eb-f5d0-4e03-ba92-dd2963a93e84:192.168.5.143:34967, d5a7e1c6-72c1-4128-a6c8-523374656d80:192.168.5.143:46801, b11c6a09-df3d-44f0-9c56-88b487f5aeaa:192.168.5.143:37030] returns group-F9B159B31852:java.util.concurrent.CompletableFuture@7753fe10[Not completed]
2019-10-08 21:08:48,982 [grpc-default-executor-6] INFO  impl.RaftServerProxy (RaftServerProxy.java:addNew(89)) - b11c6a09-df3d-44f0-9c56-88b487f5aeaa: addNew group-F9B159B31852:[d17645eb-f5d0-4e03-ba92-dd2963a93e84:192.168.5.143:34967, d5a7e1c6-72c1-4128-a6c8-523374656d80:192.168.5.143:46801, b11c6a09-df3d-44f0-9c56-88b487f5aeaa:192.168.5.143:37030] returns group-F9B159B31852:java.util.concurrent.CompletableFuture@4d391a6f[Not completed]
2019-10-08 21:08:48,982 [grpc-default-executor-7] INFO  impl.RaftServerProxy (RaftServerProxy.java:addNew(89)) - d5a7e1c6-72c1-4128-a6c8-523374656d80: addNew group-F9B159B31852:[d17645eb-f5d0-4e03-ba92-dd2963a93e84:192.168.5.143:34967, d5a7e1c6-72c1-4128-a6c8-523374656d80:192.168.5.143:46801, b11c6a09-df3d-44f0-9c56-88b487f5aeaa:192.168.5.143:37030] returns group-F9B159B31852:java.util.concurrent.CompletableFuture@1dc596b2[Not completed]
2019-10-08 21:08:48,983 [pool-449-thread-1] INFO  impl.RaftServerImpl (RaftServerImpl.java:<init>(95)) - d5a7e1c6-72c1-4128-a6c8-523374656d80: new RaftServerImpl for group-F9B159B31852:[d17645eb-f5d0-4e03-ba92-dd2963a93e84:192.168.5.143:34967, d5a7e1c6-72c1-4128-a6c8-523374656d80:192.168.5.143:46801, b11c6a09-df3d-44f0-9c56-88b487f5aeaa:192.168.5.143:37030] with ContainerStateMachine:uninitialized
2019-10-08 21:08:48,983 [pool-449-thread-1] INFO  server.RaftServerConfigKeys (ConfUtils.java:logGet(43)) - raft.server.rpc.timeout.min = 5s (custom)
2019-10-08 21:08:48,983 [pool-449-thread-1] INFO  server.RaftServerConfigKeys (ConfUtils.java:logGet(43)) - raft.server.rpc.timeout.max = 5200ms (custom)
2019-10-08 21:08:48,983 [pool-449-thread-1] INFO  server.RaftServerConfigKeys (ConfUtils.java:logGet(43)) - raft.server.rpcslowness.timeout = 120s (custom)
2019-10-08 21:08:48,983 [pool-449-thread-1] INFO  server.RaftServerConfigKeys (ConfUtils.java:logGet(43)) - raft.server.sleep.deviation.threshold = 300 (default)
2019-10-08 21:08:48,983 [pool-449-thread-1] INFO  server.RaftServerConfigKeys (ConfUtils.java:logGet(43)) - raft.server.log.appender.install.snapshot.enabled = false (custom)
2019-10-08 21:08:48,984 [pool-459-thread-1] INFO  impl.RaftServerImpl (RaftServerImpl.java:<init>(95)) - b11c6a09-df3d-44f0-9c56-88b487f5aeaa: new RaftServerImpl for group-F9B159B31852:[d17645eb-f5d0-4e03-ba92-dd2963a93e84:192.168.5.143:34967, d5a7e1c6-72c1-4128-a6c8-523374656d80:192.168.5.143:46801, b11c6a09-df3d-44f0-9c56-88b487f5aeaa:192.168.5.143:37030] with ContainerStateMachine:uninitialized
2019-10-08 21:08:48,984 [pool-449-thread-1] INFO  impl.RaftServerImpl (ServerState.java:<init>(103)) - d5a7e1c6-72c1-4128-a6c8-523374656d80@group-F9B159B31852: ConfigurationManager, init=-1: [d17645eb-f5d0-4e03-ba92-dd2963a93e84:192.168.5.143:34967, d5a7e1c6-72c1-4128-a6c8-523374656d80:192.168.5.143:46801, b11c6a09-df3d-44f0-9c56-88b487f5aeaa:192.168.5.143:37030], old=null, confs=<EMPTY_MAP>
2019-10-08 21:08:48,984 [pool-459-thread-1] INFO  server.RaftServerConfigKeys (ConfUtils.java:logGet(43)) - raft.server.rpc.timeout.min = 5s (custom)
2019-10-08 21:08:48,984 [pool-449-thread-1] INFO  server.RaftServerConfigKeys (ConfUtils.java:logGet(43)) - raft.server.storage.dir = [/workdir/hadoop-ozone/integration-test/target/test-dir/MiniOzoneClusterImpl-76b6f63f-e342-488e-8571-ba8c5b8db736/datanode-4/data/ratis] (custom)
2019-10-08 21:08:48,984 [pool-459-thread-1] INFO  server.RaftServerConfigKeys (ConfUtils.java:logGet(43)) - raft.server.rpc.timeout.max = 5200ms (custom)
2019-10-08 21:08:48,984 [pool-459-thread-1] INFO  server.RaftServerConfigKeys (ConfUtils.java:logGet(43)) - raft.server.rpcslowness.timeout = 120s (custom)
2019-10-08 21:08:48,984 [pool-449-thread-1] INFO  server.RaftServerConfigKeys (ConfUtils.java:logGet(43)) - raft.server.log.corruption.policy = EXCEPTION (default)
2019-10-08 21:08:48,984 [pool-459-thread-1] INFO  server.RaftServerConfigKeys (ConfUtils.java:logGet(43)) - raft.server.sleep.deviation.threshold = 300 (default)
2019-10-08 21:08:48,984 [pool-449-thread-1] INFO  storage.RaftStorageDirectory (RaftStorageDirectory.java:analyzeStorage(246)) - The storage directory /workdir/hadoop-ozone/integration-test/target/test-dir/MiniOzoneClusterImpl-76b6f63f-e342-488e-8571-ba8c5b8db736/datanode-4/data/ratis/39a449fc-19ea-422c-b1d7-f9b159b31852 does not exist. Creating ...
2019-10-08 21:08:48,984 [pool-439-thread-1] INFO  impl.RaftServerImpl (RaftServerImpl.java:<init>(95)) - d17645eb-f5d0-4e03-ba92-dd2963a93e84: new RaftServerImpl for group-F9B159B31852:[d17645eb-f5d0-4e03-ba92-dd2963a93e84:192.168.5.143:34967, d5a7e1c6-72c1-4128-a6c8-523374656d80:192.168.5.143:46801, b11c6a09-df3d-44f0-9c56-88b487f5aeaa:192.168.5.143:37030] with ContainerStateMachine:uninitialized
2019-10-08 21:08:48,984 [pool-459-thread-1] INFO  server.RaftServerConfigKeys (ConfUtils.java:logGet(43)) - raft.server.log.appender.install.snapshot.enabled = false (custom)
2019-10-08 21:08:48,985 [pool-439-thread-1] INFO  server.RaftServerConfigKeys (ConfUtils.java:logGet(43)) - raft.server.rpc.timeout.min = 5s (custom)
2019-10-08 21:08:48,985 [pool-459-thread-1] INFO  impl.RaftServerImpl (ServerState.java:<init>(103)) - b11c6a09-df3d-44f0-9c56-88b487f5aeaa@group-F9B159B31852: ConfigurationManager, init=-1: [d17645eb-f5d0-4e03-ba92-dd2963a93e84:192.168.5.143:34967, d5a7e1c6-72c1-4128-a6c8-523374656d80:192.168.5.143:46801, b11c6a09-df3d-44f0-9c56-88b487f5aeaa:192.168.5.143:37030], old=null, confs=<EMPTY_MAP>
2019-10-08 21:08:48,985 [pool-439-thread-1] INFO  server.RaftServerConfigKeys (ConfUtils.java:logGet(43)) - raft.server.rpc.timeout.max = 5200ms (custom)
2019-10-08 21:08:48,985 [pool-459-thread-1] INFO  server.RaftServerConfigKeys (ConfUtils.java:logGet(43)) - raft.server.storage.dir = [/workdir/hadoop-ozone/integration-test/target/test-dir/MiniOzoneClusterImpl-76b6f63f-e342-488e-8571-ba8c5b8db736/datanode-5/data/ratis] (custom)
2019-10-08 21:08:48,985 [pool-439-thread-1] INFO  server.RaftServerConfigKeys (ConfUtils.java:logGet(43)) - raft.server.rpcslowness.timeout = 120s (custom)
2019-10-08 21:08:48,985 [pool-459-thread-1] INFO  server.RaftServerConfigKeys (ConfUtils.java:logGet(43)) - raft.server.log.corruption.policy = EXCEPTION (default)
2019-10-08 21:08:48,985 [pool-439-thread-1] INFO  server.RaftServerConfigKeys (ConfUtils.java:logGet(43)) - raft.server.sleep.deviation.threshold = 300 (default)
2019-10-08 21:08:48,985 [pool-459-thread-1] INFO  storage.RaftStorageDirectory (RaftStorageDirectory.java:analyzeStorage(246)) - The storage directory /workdir/hadoop-ozone/integration-test/target/test-dir/MiniOzoneClusterImpl-76b6f63f-e342-488e-8571-ba8c5b8db736/datanode-5/data/ratis/39a449fc-19ea-422c-b1d7-f9b159b31852 does not exist. Creating ...
2019-10-08 21:08:48,985 [pool-439-thread-1] INFO  server.RaftServerConfigKeys (ConfUtils.java:logGet(43)) - raft.server.log.appender.install.snapshot.enabled = false (custom)
2019-10-08 21:08:48,986 [pool-439-thread-1] INFO  impl.RaftServerImpl (ServerState.java:<init>(103)) - d17645eb-f5d0-4e03-ba92-dd2963a93e84@group-F9B159B31852: ConfigurationManager, init=-1: [d17645eb-f5d0-4e03-ba92-dd2963a93e84:192.168.5.143:34967, d5a7e1c6-72c1-4128-a6c8-523374656d80:192.168.5.143:46801, b11c6a09-df3d-44f0-9c56-88b487f5aeaa:192.168.5.143:37030], old=null, confs=<EMPTY_MAP>
2019-10-08 21:08:48,986 [pool-439-thread-1] INFO  server.RaftServerConfigKeys (ConfUtils.java:logGet(43)) - raft.server.storage.dir = [/workdir/hadoop-ozone/integration-test/target/test-dir/MiniOzoneClusterImpl-76b6f63f-e342-488e-8571-ba8c5b8db736/datanode-3/data/ratis] (custom)
2019-10-08 21:08:48,986 [pool-439-thread-1] INFO  server.RaftServerConfigKeys (ConfUtils.java:logGet(43)) - raft.server.log.corruption.policy = EXCEPTION (default)
2019-10-08 21:08:48,987 [pool-439-thread-1] INFO  storage.RaftStorageDirectory (RaftStorageDirectory.java:analyzeStorage(246)) - The storage directory /workdir/hadoop-ozone/integration-test/target/test-dir/MiniOzoneClusterImpl-76b6f63f-e342-488e-8571-ba8c5b8db736/datanode-3/data/ratis/39a449fc-19ea-422c-b1d7-f9b159b31852 does not exist. Creating ...
2019-10-08 21:08:48,994 [IPC Server handler 1 on 34893] INFO  net.NetworkTopology (NetworkTopologyImpl.java:add(111)) - Added a new node: /default-rack/ffafc24f-f0e1-409e-982f-1c42cdb29933
2019-10-08 21:08:48,994 [IPC Server handler 1 on 34893] INFO  node.SCMNodeManager (SCMNodeManager.java:register(268)) - Registered Data node : ffafc24f-f0e1-409e-982f-1c42cdb29933{ip: 192.168.5.143, host: pr-hdds-1868-gtwz2-575081100, networkLocation: /default-rack, certSerialId: null}
2019-10-08 21:08:48,998 [pool-439-thread-1] INFO  storage.RaftStorageDirectory (RaftStorageDirectory.java:tryLock(328)) - Lock on /workdir/hadoop-ozone/integration-test/target/test-dir/MiniOzoneClusterImpl-76b6f63f-e342-488e-8571-ba8c5b8db736/datanode-3/data/ratis/39a449fc-19ea-422c-b1d7-f9b159b31852/in_use.lock acquired by nodename 838@pr-hdds-1868-gtwz2-575081100
2019-10-08 21:08:48,998 [pool-449-thread-1] INFO  storage.RaftStorageDirectory (RaftStorageDirectory.java:tryLock(328)) - Lock on /workdir/hadoop-ozone/integration-test/target/test-dir/MiniOzoneClusterImpl-76b6f63f-e342-488e-8571-ba8c5b8db736/datanode-4/data/ratis/39a449fc-19ea-422c-b1d7-f9b159b31852/in_use.lock acquired by nodename 838@pr-hdds-1868-gtwz2-575081100
2019-10-08 21:08:48,998 [pool-459-thread-1] INFO  storage.RaftStorageDirectory (RaftStorageDirectory.java:tryLock(328)) - Lock on /workdir/hadoop-ozone/integration-test/target/test-dir/MiniOzoneClusterImpl-76b6f63f-e342-488e-8571-ba8c5b8db736/datanode-5/data/ratis/39a449fc-19ea-422c-b1d7-f9b159b31852/in_use.lock acquired by nodename 838@pr-hdds-1868-gtwz2-575081100
2019-10-08 21:08:49,012 [pool-449-thread-1] INFO  storage.RaftStorage (RaftStorage.java:format(84)) - Storage directory /workdir/hadoop-ozone/integration-test/target/test-dir/MiniOzoneClusterImpl-76b6f63f-e342-488e-8571-ba8c5b8db736/datanode-4/data/ratis/39a449fc-19ea-422c-b1d7-f9b159b31852 has been successfully formatted.
2019-10-08 21:08:49,012 [pool-439-thread-1] INFO  storage.RaftStorage (RaftStorage.java:format(84)) - Storage directory /workdir/hadoop-ozone/integration-test/target/test-dir/MiniOzoneClusterImpl-76b6f63f-e342-488e-8571-ba8c5b8db736/datanode-3/data/ratis/39a449fc-19ea-422c-b1d7-f9b159b31852 has been successfully formatted.
2019-10-08 21:08:49,012 [pool-449-thread-1] INFO  ratis.ContainerStateMachine (ContainerStateMachine.java:loadSnapshot(233)) - group-F9B159B31852: The snapshot info is null. Setting the last applied indexto:(t:0, i:~)
2019-10-08 21:08:49,012 [pool-459-thread-1] INFO  storage.RaftStorage (RaftStorage.java:format(84)) - Storage directory /workdir/hadoop-ozone/integration-test/target/test-dir/MiniOzoneClusterImpl-76b6f63f-e342-488e-8571-ba8c5b8db736/datanode-5/data/ratis/39a449fc-19ea-422c-b1d7-f9b159b31852 has been successfully formatted.
2019-10-08 21:08:49,012 [pool-449-thread-1] INFO  server.RaftServerConfigKeys (ConfUtils.java:logGet(43)) - raft.server.notification.no-leader.timeout = 120s (custom)
2019-10-08 21:08:49,012 [pool-439-thread-1] INFO  ratis.ContainerStateMachine (ContainerStateMachine.java:loadSnapshot(233)) - group-F9B159B31852: The snapshot info is null. Setting the last applied indexto:(t:0, i:~)
2019-10-08 21:08:49,013 [pool-449-thread-1] INFO  server.RaftServerConfigKeys (ConfUtils.java:logGet(43)) - raft.server.log.use.memory = false (default)
2019-10-08 21:08:49,013 [pool-459-thread-1] INFO  ratis.ContainerStateMachine (ContainerStateMachine.java:loadSnapshot(233)) - group-F9B159B31852: The snapshot info is null. Setting the last applied indexto:(t:0, i:~)
2019-10-08 21:08:49,013 [pool-449-thread-1] INFO  server.RaftServerConfigKeys (ConfUtils.java:logGet(43)) - raft.server.log.purge.gap = 1000000 (custom)
2019-10-08 21:08:49,013 [pool-439-thread-1] INFO  server.RaftServerConfigKeys (ConfUtils.java:logGet(43)) - raft.server.notification.no-leader.timeout = 120s (custom)
2019-10-08 21:08:49,013 [pool-449-thread-1] INFO  server.RaftServerConfigKeys (ConfUtils.java:logGet(43)) - raft.server.log.appender.buffer.byte-limit = 33554432 (custom)
2019-10-08 21:08:49,013 [pool-459-thread-1] INFO  server.RaftServerConfigKeys (ConfUtils.java:logGet(43)) - raft.server.notification.no-leader.timeout = 120s (custom)
2019-10-08 21:08:49,013 [pool-449-thread-1] INFO  server.RaftServerConfigKeys (ConfUtils.java:logGet(43)) - raft.server.log.segment.size.max = 1048576 (custom)
2019-10-08 21:08:49,013 [pool-439-thread-1] INFO  server.RaftServerConfigKeys (ConfUtils.java:logGet(43)) - raft.server.log.use.memory = false (default)
2019-10-08 21:08:49,013 [pool-449-thread-1] INFO  server.RaftServerConfigKeys (ConfUtils.java:logGet(43)) - raft.server.log.segment.cache.num.max = 2 (custom)
2019-10-08 21:08:49,013 [pool-459-thread-1] INFO  server.RaftServerConfigKeys (ConfUtils.java:logGet(43)) - raft.server.log.use.memory = false (default)
2019-10-08 21:08:49,013 [pool-449-thread-1] INFO  segmented.SegmentedRaftLogWorker (SegmentedRaftLogWorker.java:<init>(173)) - new d5a7e1c6-72c1-4128-a6c8-523374656d80@group-F9B159B31852-SegmentedRaftLogWorker for RaftStorage:Storage Directory /workdir/hadoop-ozone/integration-test/target/test-dir/MiniOzoneClusterImpl-76b6f63f-e342-488e-8571-ba8c5b8db736/datanode-4/data/ratis/39a449fc-19ea-422c-b1d7-f9b159b31852
2019-10-08 21:08:49,013 [pool-439-thread-1] INFO  server.RaftServerConfigKeys (ConfUtils.java:logGet(43)) - raft.server.log.purge.gap = 1000000 (custom)
2019-10-08 21:08:49,014 [pool-449-thread-1] INFO  server.RaftServerConfigKeys (ConfUtils.java:logGet(43)) - raft.server.log.queue.byte-limit = 2147483647 (custom)
2019-10-08 21:08:49,013 [pool-459-thread-1] INFO  server.RaftServerConfigKeys (ConfUtils.java:logGet(43)) - raft.server.log.purge.gap = 1000000 (custom)
2019-10-08 21:08:49,014 [pool-449-thread-1] INFO  server.RaftServerConfigKeys (ConfUtils.java:logGet(43)) - raft.server.log.queue.element-limit = 1024 (custom)
2019-10-08 21:08:49,014 [pool-439-thread-1] INFO  server.RaftServerConfigKeys (ConfUtils.java:logGet(43)) - raft.server.log.appender.buffer.byte-limit = 33554432 (custom)
2019-10-08 21:08:49,014 [pool-449-thread-1] INFO  server.RaftServerConfigKeys (ConfUtils.java:logGet(43)) - raft.server.log.segment.size.max = 1048576 (custom)
2019-10-08 21:08:49,014 [pool-459-thread-1] INFO  server.RaftServerConfigKeys (ConfUtils.java:logGet(43)) - raft.server.log.appender.buffer.byte-limit = 33554432 (custom)
2019-10-08 21:08:49,014 [pool-449-thread-1] INFO  server.RaftServerConfigKeys (ConfUtils.java:logGet(43)) - raft.server.log.preallocated.size = 16384 (custom)
2019-10-08 21:08:49,014 [pool-439-thread-1] INFO  server.RaftServerConfigKeys (ConfUtils.java:logGet(43)) - raft.server.log.segment.size.max = 1048576 (custom)
2019-10-08 21:08:49,014 [pool-449-thread-1] INFO  server.RaftServerConfigKeys (ConfUtils.java:logGet(43)) - raft.server.log.write.buffer.size = 33554432 (custom)
2019-10-08 21:08:49,014 [pool-459-thread-1] INFO  server.RaftServerConfigKeys (ConfUtils.java:logGet(43)) - raft.server.log.segment.size.max = 1048576 (custom)
2019-10-08 21:08:49,014 [pool-449-thread-1] INFO  server.RaftServerConfigKeys (ConfUtils.java:logGet(43)) - raft.server.log.force.sync.num = 128 (default)
2019-10-08 21:08:49,014 [pool-439-thread-1] INFO  server.RaftServerConfigKeys (ConfUtils.java:logGet(43)) - raft.server.log.segment.cache.num.max = 2 (custom)
2019-10-08 21:08:49,015 [pool-449-thread-1] INFO  server.RaftServerConfigKeys (ConfUtils.java:logGet(43)) - raft.server.log.statemachine.data.sync = true (default)
2019-10-08 21:08:49,014 [pool-459-thread-1] INFO  server.RaftServerConfigKeys (ConfUtils.java:logGet(43)) - raft.server.log.segment.cache.num.max = 2 (custom)
2019-10-08 21:08:49,015 [pool-449-thread-1] INFO  server.RaftServerConfigKeys (ConfUtils.java:logGet(43)) - raft.server.log.statemachine.data.sync.timeout = 10s (default)
2019-10-08 21:08:49,015 [pool-439-thread-1] INFO  segmented.SegmentedRaftLogWorker (SegmentedRaftLogWorker.java:<init>(173)) - new d17645eb-f5d0-4e03-ba92-dd2963a93e84@group-F9B159B31852-SegmentedRaftLogWorker for RaftStorage:Storage Directory /workdir/hadoop-ozone/integration-test/target/test-dir/MiniOzoneClusterImpl-76b6f63f-e342-488e-8571-ba8c5b8db736/datanode-3/data/ratis/39a449fc-19ea-422c-b1d7-f9b159b31852
2019-10-08 21:08:49,015 [pool-449-thread-1] INFO  server.RaftServerConfigKeys (ConfUtils.java:logGet(43)) - raft.server.log.statemachine.data.sync.timeout.retry = -1 (default)
2019-10-08 21:08:49,015 [pool-459-thread-1] INFO  segmented.SegmentedRaftLogWorker (SegmentedRaftLogWorker.java:<init>(173)) - new b11c6a09-df3d-44f0-9c56-88b487f5aeaa@group-F9B159B31852-SegmentedRaftLogWorker for RaftStorage:Storage Directory /workdir/hadoop-ozone/integration-test/target/test-dir/MiniOzoneClusterImpl-76b6f63f-e342-488e-8571-ba8c5b8db736/datanode-5/data/ratis/39a449fc-19ea-422c-b1d7-f9b159b31852
2019-10-08 21:08:49,015 [pool-449-thread-1] INFO  server.RaftServerConfigKeys (ConfUtils.java:logGet(43)) - raft.server.log.statemachine.data.caching.enabled = true (custom)
2019-10-08 21:08:49,015 [pool-439-thread-1] INFO  server.RaftServerConfigKeys (ConfUtils.java:logGet(43)) - raft.server.log.queue.byte-limit = 2147483647 (custom)
2019-10-08 21:08:49,015 [pool-459-thread-1] INFO  server.RaftServerConfigKeys (ConfUtils.java:logGet(43)) - raft.server.log.queue.byte-limit = 2147483647 (custom)
2019-10-08 21:08:49,015 [pool-449-thread-1] INFO  segmented.SegmentedRaftLogWorker (SegmentedRaftLogWorker.java:lambda$new$0(128)) - d5a7e1c6-72c1-4128-a6c8-523374656d80@group-F9B159B31852-SegmentedRaftLogWorker: flushIndex: setUnconditionally 0 -> -1
2019-10-08 21:08:49,015 [pool-439-thread-1] INFO  server.RaftServerConfigKeys (ConfUtils.java:logGet(43)) - raft.server.log.queue.element-limit = 1024 (custom)
2019-10-08 21:08:49,015 [pool-459-thread-1] INFO  server.RaftServerConfigKeys (ConfUtils.java:logGet(43)) - raft.server.log.queue.element-limit = 1024 (custom)
2019-10-08 21:08:49,016 [pool-439-thread-1] INFO  server.RaftServerConfigKeys (ConfUtils.java:logGet(43)) - raft.server.log.segment.size.max = 1048576 (custom)
2019-10-08 21:08:49,016 [pool-449-thread-1] INFO  server.RaftServerConfigKeys (ConfUtils.java:logGet(43)) - raft.server.snapshot.auto.trigger.enabled = true (custom)
2019-10-08 21:08:49,016 [pool-439-thread-1] INFO  server.RaftServerConfigKeys (ConfUtils.java:logGet(43)) - raft.server.log.preallocated.size = 16384 (custom)
2019-10-08 21:08:49,016 [pool-459-thread-1] INFO  server.RaftServerConfigKeys (ConfUtils.java:logGet(43)) - raft.server.log.segment.size.max = 1048576 (custom)
2019-10-08 21:08:49,016 [pool-439-thread-1] INFO  server.RaftServerConfigKeys (ConfUtils.java:logGet(43)) - raft.server.log.write.buffer.size = 33554432 (custom)
2019-10-08 21:08:49,016 [pool-449-thread-1] INFO  server.RaftServerConfigKeys (ConfUtils.java:logGet(43)) - raft.server.snapshot.auto.trigger.threshold = 10000 (custom)
2019-10-08 21:08:49,016 [pool-439-thread-1] INFO  server.RaftServerConfigKeys (ConfUtils.java:logGet(43)) - raft.server.log.force.sync.num = 128 (default)
2019-10-08 21:08:49,016 [pool-459-thread-1] INFO  server.RaftServerConfigKeys (ConfUtils.java:logGet(43)) - raft.server.log.preallocated.size = 16384 (custom)
2019-10-08 21:08:49,016 [pool-439-thread-1] INFO  server.RaftServerConfigKeys (ConfUtils.java:logGet(43)) - raft.server.log.statemachine.data.sync = true (default)
2019-10-08 21:08:49,016 [pool-449-thread-1] INFO  server.RaftServerConfigKeys (ConfUtils.java:logGet(43)) - raft.server.snapshot.retention.file.num = 5 (custom)
2019-10-08 21:08:49,016 [pool-439-thread-1] INFO  server.RaftServerConfigKeys (ConfUtils.java:logGet(43)) - raft.server.log.statemachine.data.sync.timeout = 10s (default)
2019-10-08 21:08:49,016 [pool-459-thread-1] INFO  server.RaftServerConfigKeys (ConfUtils.java:logGet(43)) - raft.server.log.write.buffer.size = 33554432 (custom)
2019-10-08 21:08:49,017 [pool-439-thread-1] INFO  server.RaftServerConfigKeys (ConfUtils.java:logGet(43)) - raft.server.log.statemachine.data.sync.timeout.retry = -1 (default)
2019-10-08 21:08:49,017 [pool-449-thread-1] INFO  server.RaftServerConfigKeys (ConfUtils.java:logGet(43)) - raft.server.retrycache.expirytime = 600000ms (custom)
2019-10-08 21:08:49,017 [pool-439-thread-1] INFO  server.RaftServerConfigKeys (ConfUtils.java:logGet(43)) - raft.server.log.statemachine.data.caching.enabled = true (custom)
2019-10-08 21:08:49,017 [pool-459-thread-1] INFO  server.RaftServerConfigKeys (ConfUtils.java:logGet(43)) - raft.server.log.force.sync.num = 128 (default)
2019-10-08 21:08:49,017 [pool-439-thread-1] INFO  segmented.SegmentedRaftLogWorker (SegmentedRaftLogWorker.java:lambda$new$0(128)) - d17645eb-f5d0-4e03-ba92-dd2963a93e84@group-F9B159B31852-SegmentedRaftLogWorker: flushIndex: setUnconditionally 0 -> -1
2019-10-08 21:08:49,017 [pool-459-thread-1] INFO  server.RaftServerConfigKeys (ConfUtils.java:logGet(43)) - raft.server.log.statemachine.data.sync = true (default)
2019-10-08 21:08:49,017 [pool-459-thread-1] INFO  server.RaftServerConfigKeys (ConfUtils.java:logGet(43)) - raft.server.log.statemachine.data.sync.timeout = 10s (default)
2019-10-08 21:08:49,017 [pool-439-thread-1] INFO  server.RaftServerConfigKeys (ConfUtils.java:logGet(43)) - raft.server.snapshot.auto.trigger.enabled = true (custom)
2019-10-08 21:08:49,017 [pool-459-thread-1] INFO  server.RaftServerConfigKeys (ConfUtils.java:logGet(43)) - raft.server.log.statemachine.data.sync.timeout.retry = -1 (default)
2019-10-08 21:08:49,017 [pool-439-thread-1] INFO  server.RaftServerConfigKeys (ConfUtils.java:logGet(43)) - raft.server.snapshot.auto.trigger.threshold = 10000 (custom)
2019-10-08 21:08:49,018 [pool-459-thread-1] INFO  server.RaftServerConfigKeys (ConfUtils.java:logGet(43)) - raft.server.log.statemachine.data.caching.enabled = true (custom)
2019-10-08 21:08:49,018 [pool-439-thread-1] INFO  server.RaftServerConfigKeys (ConfUtils.java:logGet(43)) - raft.server.snapshot.retention.file.num = 5 (custom)
2019-10-08 21:08:49,018 [pool-459-thread-1] INFO  segmented.SegmentedRaftLogWorker (SegmentedRaftLogWorker.java:lambda$new$0(128)) - b11c6a09-df3d-44f0-9c56-88b487f5aeaa@group-F9B159B31852-SegmentedRaftLogWorker: flushIndex: setUnconditionally 0 -> -1
2019-10-08 21:08:49,018 [pool-439-thread-1] INFO  server.RaftServerConfigKeys (ConfUtils.java:logGet(43)) - raft.server.retrycache.expirytime = 600000ms (custom)
2019-10-08 21:08:49,018 [pool-459-thread-1] INFO  server.RaftServerConfigKeys (ConfUtils.java:logGet(43)) - raft.server.snapshot.auto.trigger.enabled = true (custom)
2019-10-08 21:08:49,018 [pool-459-thread-1] INFO  server.RaftServerConfigKeys (ConfUtils.java:logGet(43)) - raft.server.snapshot.auto.trigger.threshold = 10000 (custom)
2019-10-08 21:08:49,018 [pool-459-thread-1] INFO  server.RaftServerConfigKeys (ConfUtils.java:logGet(43)) - raft.server.snapshot.retention.file.num = 5 (custom)
2019-10-08 21:08:49,018 [pool-449-thread-1] INFO  impl.RaftServerImpl (RaftServerImpl.java:start(181)) - d5a7e1c6-72c1-4128-a6c8-523374656d80@group-F9B159B31852: start as a follower, conf=-1: [d17645eb-f5d0-4e03-ba92-dd2963a93e84:192.168.5.143:34967, d5a7e1c6-72c1-4128-a6c8-523374656d80:192.168.5.143:46801, b11c6a09-df3d-44f0-9c56-88b487f5aeaa:192.168.5.143:37030], old=null
2019-10-08 21:08:49,018 [pool-459-thread-1] INFO  server.RaftServerConfigKeys (ConfUtils.java:logGet(43)) - raft.server.retrycache.expirytime = 600000ms (custom)
2019-10-08 21:08:49,019 [pool-449-thread-1] INFO  impl.RaftServerImpl (RaftServerImpl.java:setRole(170)) - d5a7e1c6-72c1-4128-a6c8-523374656d80@group-F9B159B31852: changes role from      null to FOLLOWER at term 0 for startAsFollower
2019-10-08 21:08:49,019 [pool-449-thread-1] INFO  impl.RoleInfo (RoleInfo.java:updateAndGet(143)) - d5a7e1c6-72c1-4128-a6c8-523374656d80: start FollowerState
2019-10-08 21:08:49,019 [pool-449-thread-1] INFO  util.JmxRegister (JmxRegister.java:tryRegister(44)) - Successfully registered JMX Bean with object name Ratis:service=RaftServer,group=group-F9B159B31852,id=d5a7e1c6-72c1-4128-a6c8-523374656d80
2019-10-08 21:08:49,022 [pool-459-thread-1] INFO  impl.RaftServerImpl (RaftServerImpl.java:start(181)) - b11c6a09-df3d-44f0-9c56-88b487f5aeaa@group-F9B159B31852: start as a follower, conf=-1: [d17645eb-f5d0-4e03-ba92-dd2963a93e84:192.168.5.143:34967, d5a7e1c6-72c1-4128-a6c8-523374656d80:192.168.5.143:46801, b11c6a09-df3d-44f0-9c56-88b487f5aeaa:192.168.5.143:37030], old=null
2019-10-08 21:08:49,022 [pool-439-thread-1] INFO  impl.RaftServerImpl (RaftServerImpl.java:start(181)) - d17645eb-f5d0-4e03-ba92-dd2963a93e84@group-F9B159B31852: start as a follower, conf=-1: [d17645eb-f5d0-4e03-ba92-dd2963a93e84:192.168.5.143:34967, d5a7e1c6-72c1-4128-a6c8-523374656d80:192.168.5.143:46801, b11c6a09-df3d-44f0-9c56-88b487f5aeaa:192.168.5.143:37030], old=null
2019-10-08 21:08:49,022 [pool-459-thread-1] INFO  impl.RaftServerImpl (RaftServerImpl.java:setRole(170)) - b11c6a09-df3d-44f0-9c56-88b487f5aeaa@group-F9B159B31852: changes role from      null to FOLLOWER at term 0 for startAsFollower
2019-10-08 21:08:49,022 [pool-439-thread-1] INFO  impl.RaftServerImpl (RaftServerImpl.java:setRole(170)) - d17645eb-f5d0-4e03-ba92-dd2963a93e84@group-F9B159B31852: changes role from      null to FOLLOWER at term 0 for startAsFollower
2019-10-08 21:08:49,022 [pool-459-thread-1] INFO  impl.RoleInfo (RoleInfo.java:updateAndGet(143)) - b11c6a09-df3d-44f0-9c56-88b487f5aeaa: start FollowerState
2019-10-08 21:08:49,022 [pool-439-thread-1] INFO  impl.RoleInfo (RoleInfo.java:updateAndGet(143)) - d17645eb-f5d0-4e03-ba92-dd2963a93e84: start FollowerState
2019-10-08 21:08:49,022 [pool-459-thread-1] INFO  util.JmxRegister (JmxRegister.java:tryRegister(44)) - Successfully registered JMX Bean with object name Ratis:service=RaftServer,group=group-F9B159B31852,id=b11c6a09-df3d-44f0-9c56-88b487f5aeaa
2019-10-08 21:08:49,023 [pool-439-thread-1] INFO  util.JmxRegister (JmxRegister.java:tryRegister(44)) - Successfully registered JMX Bean with object name Ratis:service=RaftServer,group=group-F9B159B31852,id=d17645eb-f5d0-4e03-ba92-dd2963a93e84
2019-10-08 21:08:49,027 [RatisPipelineUtilsThread] INFO  pipeline.PipelineStateManager (PipelineStateManager.java:addPipeline(57)) - Created pipeline Pipeline[ Id: 39a449fc-19ea-422c-b1d7-f9b159b31852, Nodes: b11c6a09-df3d-44f0-9c56-88b487f5aeaa{ip: 192.168.5.143, host: pr-hdds-1868-gtwz2-575081100, networkLocation: /default-rack, certSerialId: null}d5a7e1c6-72c1-4128-a6c8-523374656d80{ip: 192.168.5.143, host: pr-hdds-1868-gtwz2-575081100, networkLocation: /default-rack, certSerialId: null}d17645eb-f5d0-4e03-ba92-dd2963a93e84{ip: 192.168.5.143, host: pr-hdds-1868-gtwz2-575081100, networkLocation: /default-rack, certSerialId: null}, Type:RATIS, Factor:THREE, State:ALLOCATED]
2019-10-08 21:08:49,027 [main] INFO  ozone.MiniOzoneClusterImpl (MiniOzoneClusterImpl.java:lambda$waitForClusterToBeReady$2(164)) - Waiting for 8 number of pipelines out of 8, to report a leader.
2019-10-08 21:08:50,028 [main] INFO  ozone.MiniOzoneClusterImpl (MiniOzoneClusterImpl.java:lambda$waitForClusterToBeReady$2(164)) - Waiting for 8 number of pipelines out of 8, to report a leader.
2019-10-08 21:08:51,037 [main] INFO  ozone.MiniOzoneClusterImpl (MiniOzoneClusterImpl.java:lambda$waitForClusterToBeReady$2(164)) - Waiting for 8 number of pipelines out of 8, to report a leader.
2019-10-08 21:08:51,595 [Thread-3245] INFO  container.ReplicationManager (ReplicationManager.java:start(162)) - Starting Replication Monitor Thread.
2019-10-08 21:08:51,596 [Thread-3245] INFO  pipeline.SCMPipelineManager (SCMPipelineManager.java:finalizeAndDestroyPipeline(315)) - destroying pipeline:Pipeline[ Id: 1f507458-809a-482e-8cd6-a144d3e2cffc, Nodes: 6a70038f-f0b2-4d35-91e9-47692da92d1a{ip: 192.168.5.143, host: pr-hdds-1868-gtwz2-575081100, networkLocation: /default-rack, certSerialId: null}, Type:RATIS, Factor:ONE, State:ALLOCATED]
2019-10-08 21:08:51,601 [ReplicationMonitor] INFO  container.ReplicationManager (ReplicationManager.java:run(225)) - Replication Monitor Thread took 0 milliseconds for processing 0 containers.
2019-10-08 21:08:51,601 [Thread-3245] INFO  pipeline.PipelineStateManager (PipelineStateManager.java:finalizePipeline(123)) - Pipeline Pipeline[ Id: 1f507458-809a-482e-8cd6-a144d3e2cffc, Nodes: 6a70038f-f0b2-4d35-91e9-47692da92d1a{ip: 192.168.5.143, host: pr-hdds-1868-gtwz2-575081100, networkLocation: /default-rack, certSerialId: null}, Type:RATIS, Factor:ONE, State:CLOSED] moved to CLOSED state
2019-10-08 21:08:51,610 [grpc-default-executor-7] INFO  impl.RaftServerProxy (RaftServerProxy.java:remove(95)) - 6a70038f-f0b2-4d35-91e9-47692da92d1a: remove  FOLLOWER 6a70038f-f0b2-4d35-91e9-47692da92d1a@group-A144D3E2CFFC:t0, leader=null, voted=null, raftlog=6a70038f-f0b2-4d35-91e9-47692da92d1a@group-A144D3E2CFFC-SegmentedRaftLog:OPENED:c-1,f-1,i0, conf=-1: [6a70038f-f0b2-4d35-91e9-47692da92d1a:192.168.5.143:35516], old=null RUNNING
2019-10-08 21:08:51,611 [grpc-default-executor-7] INFO  impl.RaftServerImpl (RaftServerImpl.java:lambda$shutdown$3(247)) - 6a70038f-f0b2-4d35-91e9-47692da92d1a@group-A144D3E2CFFC: shutdown
2019-10-08 21:08:51,611 [grpc-default-executor-7] INFO  util.JmxRegister (JmxRegister.java:unregister(73)) - Successfully un-registered JMX Bean with object name Ratis:service=RaftServer,group=group-A144D3E2CFFC,id=6a70038f-f0b2-4d35-91e9-47692da92d1a
2019-10-08 21:08:51,611 [grpc-default-executor-7] INFO  impl.RoleInfo (RoleInfo.java:shutdownFollowerState(121)) - 6a70038f-f0b2-4d35-91e9-47692da92d1a: shutdown FollowerState
2019-10-08 21:08:51,612 [grpc-default-executor-7] INFO  impl.StateMachineUpdater (StateMachineUpdater.java:stopAndJoin(136)) - 6a70038f-f0b2-4d35-91e9-47692da92d1a@group-A144D3E2CFFC-StateMachineUpdater: set stopIndex = -1
2019-10-08 21:08:51,612 [Thread-3250] INFO  impl.FollowerState (FollowerState.java:run(117)) - 6a70038f-f0b2-4d35-91e9-47692da92d1a@group-A144D3E2CFFC-FollowerState was interrupted: java.lang.InterruptedException: sleep interrupted
2019-10-08 21:08:51,612 [grpc-default-executor-7] INFO  impl.RaftServerImpl (ServerState.java:close(387)) - 6a70038f-f0b2-4d35-91e9-47692da92d1a@group-A144D3E2CFFC: closes. applyIndex: -1
2019-10-08 21:08:51,615 [6a70038f-f0b2-4d35-91e9-47692da92d1a@group-A144D3E2CFFC-SegmentedRaftLogWorker] INFO  segmented.SegmentedRaftLogWorker (SegmentedRaftLogWorker.java:run(316)) - 6a70038f-f0b2-4d35-91e9-47692da92d1a@group-A144D3E2CFFC-SegmentedRaftLogWorker was interrupted, exiting. There are 0 tasks remaining in the queue.
2019-10-08 21:08:51,615 [grpc-default-executor-7] INFO  segmented.SegmentedRaftLogWorker (SegmentedRaftLogWorker.java:close(224)) - 6a70038f-f0b2-4d35-91e9-47692da92d1a@group-A144D3E2CFFC-SegmentedRaftLogWorker close()
2019-10-08 21:08:51,622 [Thread-3245] INFO  pipeline.PipelineStateManager (PipelineStateManager.java:removePipeline(108)) - Pipeline Pipeline[ Id: 1f507458-809a-482e-8cd6-a144d3e2cffc, Nodes: 6a70038f-f0b2-4d35-91e9-47692da92d1a{ip: 192.168.5.143, host: pr-hdds-1868-gtwz2-575081100, networkLocation: /default-rack, certSerialId: null}, Type:RATIS, Factor:ONE, State:CLOSED] removed from db
2019-10-08 21:08:51,624 [Thread-3245] INFO  pipeline.SCMPipelineManager (SCMPipelineManager.java:finalizeAndDestroyPipeline(315)) - destroying pipeline:Pipeline[ Id: e796733a-7a2a-4850-b7aa-54e42e92c7da, Nodes: d5a7e1c6-72c1-4128-a6c8-523374656d80{ip: 192.168.5.143, host: pr-hdds-1868-gtwz2-575081100, networkLocation: /default-rack, certSerialId: null}, Type:RATIS, Factor:ONE, State:ALLOCATED]
2019-10-08 21:08:51,631 [grpc-default-executor-7] INFO  impl.RaftServerProxy (RaftServerProxy.java:addNew(89)) - ffafc24f-f0e1-409e-982f-1c42cdb29933: addNew group-F65BA09715F1:[ffafc24f-f0e1-409e-982f-1c42cdb29933:192.168.5.143:42050] returns group-F65BA09715F1:java.util.concurrent.CompletableFuture@1b0d9135[Not completed]
2019-10-08 21:08:51,633 [pool-469-thread-1] INFO  impl.RaftServerImpl (RaftServerImpl.java:<init>(95)) - ffafc24f-f0e1-409e-982f-1c42cdb29933: new RaftServerImpl for group-F65BA09715F1:[ffafc24f-f0e1-409e-982f-1c42cdb29933:192.168.5.143:42050] with ContainerStateMachine:uninitialized
2019-10-08 21:08:51,633 [pool-469-thread-1] INFO  server.RaftServerConfigKeys (ConfUtils.java:logGet(43)) - raft.server.rpc.timeout.min = 5s (custom)
2019-10-08 21:08:51,634 [pool-469-thread-1] INFO  server.RaftServerConfigKeys (ConfUtils.java:logGet(43)) - raft.server.rpc.timeout.max = 5200ms (custom)
2019-10-08 21:08:51,634 [pool-469-thread-1] INFO  server.RaftServerConfigKeys (ConfUtils.java:logGet(43)) - raft.server.rpcslowness.timeout = 120s (custom)
2019-10-08 21:08:51,634 [pool-469-thread-1] INFO  server.RaftServerConfigKeys (ConfUtils.java:logGet(43)) - raft.server.sleep.deviation.threshold = 300 (default)
2019-10-08 21:08:51,634 [pool-469-thread-1] INFO  server.RaftServerConfigKeys (ConfUtils.java:logGet(43)) - raft.server.log.appender.install.snapshot.enabled = false (custom)
2019-10-08 21:08:51,634 [pool-469-thread-1] INFO  impl.RaftServerImpl (ServerState.java:<init>(103)) - ffafc24f-f0e1-409e-982f-1c42cdb29933@group-F65BA09715F1: ConfigurationManager, init=-1: [ffafc24f-f0e1-409e-982f-1c42cdb29933:192.168.5.143:42050], old=null, confs=<EMPTY_MAP>
2019-10-08 21:08:51,634 [pool-469-thread-1] INFO  server.RaftServerConfigKeys (ConfUtils.java:logGet(43)) - raft.server.storage.dir = [/workdir/hadoop-ozone/integration-test/target/test-dir/MiniOzoneClusterImpl-76b6f63f-e342-488e-8571-ba8c5b8db736/datanode-6/data/ratis] (custom)
2019-10-08 21:08:51,635 [pool-469-thread-1] INFO  server.RaftServerConfigKeys (ConfUtils.java:logGet(43)) - raft.server.log.corruption.policy = EXCEPTION (default)
2019-10-08 21:08:51,635 [pool-469-thread-1] INFO  storage.RaftStorageDirectory (RaftStorageDirectory.java:analyzeStorage(246)) - The storage directory /workdir/hadoop-ozone/integration-test/target/test-dir/MiniOzoneClusterImpl-76b6f63f-e342-488e-8571-ba8c5b8db736/datanode-6/data/ratis/dbdb5dfb-3ea3-47c8-afb5-f65ba09715f1 does not exist. Creating ...
2019-10-08 21:08:51,646 [pool-469-thread-1] INFO  storage.RaftStorageDirectory (RaftStorageDirectory.java:tryLock(328)) - Lock on /workdir/hadoop-ozone/integration-test/target/test-dir/MiniOzoneClusterImpl-76b6f63f-e342-488e-8571-ba8c5b8db736/datanode-6/data/ratis/dbdb5dfb-3ea3-47c8-afb5-f65ba09715f1/in_use.lock acquired by nodename 838@pr-hdds-1868-gtwz2-575081100
2019-10-08 21:08:51,653 [pool-469-thread-1] INFO  storage.RaftStorage (RaftStorage.java:format(84)) - Storage directory /workdir/hadoop-ozone/integration-test/target/test-dir/MiniOzoneClusterImpl-76b6f63f-e342-488e-8571-ba8c5b8db736/datanode-6/data/ratis/dbdb5dfb-3ea3-47c8-afb5-f65ba09715f1 has been successfully formatted.
2019-10-08 21:08:51,653 [pool-469-thread-1] INFO  ratis.ContainerStateMachine (ContainerStateMachine.java:loadSnapshot(233)) - group-F65BA09715F1: The snapshot info is null. Setting the last applied indexto:(t:0, i:~)
2019-10-08 21:08:51,653 [pool-469-thread-1] INFO  server.RaftServerConfigKeys (ConfUtils.java:logGet(43)) - raft.server.notification.no-leader.timeout = 120s (custom)
2019-10-08 21:08:51,653 [pool-469-thread-1] INFO  server.RaftServerConfigKeys (ConfUtils.java:logGet(43)) - raft.server.log.use.memory = false (default)
2019-10-08 21:08:51,654 [pool-469-thread-1] INFO  server.RaftServerConfigKeys (ConfUtils.java:logGet(43)) - raft.server.log.purge.gap = 1000000 (custom)
2019-10-08 21:08:51,654 [pool-469-thread-1] INFO  server.RaftServerConfigKeys (ConfUtils.java:logGet(43)) - raft.server.log.appender.buffer.byte-limit = 33554432 (custom)
2019-10-08 21:08:51,654 [pool-469-thread-1] INFO  server.RaftServerConfigKeys (ConfUtils.java:logGet(43)) - raft.server.log.segment.size.max = 1048576 (custom)
2019-10-08 21:08:51,657 [pool-469-thread-1] INFO  server.RaftServerConfigKeys (ConfUtils.java:logGet(43)) - raft.server.log.segment.cache.num.max = 2 (custom)
2019-10-08 21:08:51,657 [pool-469-thread-1] INFO  segmented.SegmentedRaftLogWorker (SegmentedRaftLogWorker.java:<init>(173)) - new ffafc24f-f0e1-409e-982f-1c42cdb29933@group-F65BA09715F1-SegmentedRaftLogWorker for RaftStorage:Storage Directory /workdir/hadoop-ozone/integration-test/target/test-dir/MiniOzoneClusterImpl-76b6f63f-e342-488e-8571-ba8c5b8db736/datanode-6/data/ratis/dbdb5dfb-3ea3-47c8-afb5-f65ba09715f1
2019-10-08 21:08:51,657 [pool-469-thread-1] INFO  server.RaftServerConfigKeys (ConfUtils.java:logGet(43)) - raft.server.log.queue.byte-limit = 2147483647 (custom)
2019-10-08 21:08:51,658 [pool-469-thread-1] INFO  server.RaftServerConfigKeys (ConfUtils.java:logGet(43)) - raft.server.log.queue.element-limit = 1024 (custom)
2019-10-08 21:08:51,658 [pool-469-thread-1] INFO  server.RaftServerConfigKeys (ConfUtils.java:logGet(43)) - raft.server.log.segment.size.max = 1048576 (custom)
2019-10-08 21:08:51,658 [pool-469-thread-1] INFO  server.RaftServerConfigKeys (ConfUtils.java:logGet(43)) - raft.server.log.preallocated.size = 16384 (custom)
2019-10-08 21:08:51,658 [pool-469-thread-1] INFO  server.RaftServerConfigKeys (ConfUtils.java:logGet(43)) - raft.server.log.write.buffer.size = 33554432 (custom)
2019-10-08 21:08:51,658 [pool-469-thread-1] INFO  server.RaftServerConfigKeys (ConfUtils.java:logGet(43)) - raft.server.log.force.sync.num = 128 (default)
2019-10-08 21:08:51,658 [pool-469-thread-1] INFO  server.RaftServerConfigKeys (ConfUtils.java:logGet(43)) - raft.server.log.statemachine.data.sync = true (default)
2019-10-08 21:08:51,658 [pool-469-thread-1] INFO  server.RaftServerConfigKeys (ConfUtils.java:logGet(43)) - raft.server.log.statemachine.data.sync.timeout = 10s (default)
2019-10-08 21:08:51,658 [pool-469-thread-1] INFO  server.RaftServerConfigKeys (ConfUtils.java:logGet(43)) - raft.server.log.statemachine.data.sync.timeout.retry = -1 (default)
2019-10-08 21:08:51,659 [pool-469-thread-1] INFO  server.RaftServerConfigKeys (ConfUtils.java:logGet(43)) - raft.server.log.statemachine.data.caching.enabled = true (custom)
2019-10-08 21:08:51,659 [pool-469-thread-1] INFO  segmented.SegmentedRaftLogWorker (SegmentedRaftLogWorker.java:lambda$new$0(128)) - ffafc24f-f0e1-409e-982f-1c42cdb29933@group-F65BA09715F1-SegmentedRaftLogWorker: flushIndex: setUnconditionally 0 -> -1
2019-10-08 21:08:51,659 [pool-469-thread-1] INFO  server.RaftServerConfigKeys (ConfUtils.java:logGet(43)) - raft.server.snapshot.auto.trigger.enabled = true (custom)
2019-10-08 21:08:51,660 [pool-469-thread-1] INFO  server.RaftServerConfigKeys (ConfUtils.java:logGet(43)) - raft.server.snapshot.auto.trigger.threshold = 10000 (custom)
2019-10-08 21:08:51,660 [pool-469-thread-1] INFO  server.RaftServerConfigKeys (ConfUtils.java:logGet(43)) - raft.server.snapshot.retention.file.num = 5 (custom)
2019-10-08 21:08:51,660 [pool-469-thread-1] INFO  server.RaftServerConfigKeys (ConfUtils.java:logGet(43)) - raft.server.retrycache.expirytime = 600000ms (custom)
2019-10-08 21:08:51,661 [pool-469-thread-1] INFO  impl.RaftServerImpl (RaftServerImpl.java:start(181)) - ffafc24f-f0e1-409e-982f-1c42cdb29933@group-F65BA09715F1: start as a follower, conf=-1: [ffafc24f-f0e1-409e-982f-1c42cdb29933:192.168.5.143:42050], old=null
2019-10-08 21:08:51,661 [pool-469-thread-1] INFO  impl.RaftServerImpl (RaftServerImpl.java:setRole(170)) - ffafc24f-f0e1-409e-982f-1c42cdb29933@group-F65BA09715F1: changes role from      null to FOLLOWER at term 0 for startAsFollower
2019-10-08 21:08:51,663 [pool-469-thread-1] INFO  impl.RoleInfo (RoleInfo.java:updateAndGet(143)) - ffafc24f-f0e1-409e-982f-1c42cdb29933: start FollowerState
2019-10-08 21:08:51,663 [pool-469-thread-1] INFO  util.JmxRegister (JmxRegister.java:tryRegister(44)) - Successfully registered JMX Bean with object name Ratis:service=RaftServer,group=group-F65BA09715F1,id=ffafc24f-f0e1-409e-982f-1c42cdb29933
2019-10-08 21:08:51,669 [RatisPipelineUtilsThread] INFO  pipeline.PipelineStateManager (PipelineStateManager.java:addPipeline(57)) - Created pipeline Pipeline[ Id: dbdb5dfb-3ea3-47c8-afb5-f65ba09715f1, Nodes: ffafc24f-f0e1-409e-982f-1c42cdb29933{ip: 192.168.5.143, host: pr-hdds-1868-gtwz2-575081100, networkLocation: /default-rack, certSerialId: null}, Type:RATIS, Factor:ONE, State:ALLOCATED]
2019-10-08 21:08:51,672 [grpc-default-executor-7] INFO  impl.RaftServerProxy (RaftServerProxy.java:addNew(89)) - 6a70038f-f0b2-4d35-91e9-47692da92d1a: addNew group-3878507C373E:[6a70038f-f0b2-4d35-91e9-47692da92d1a:192.168.5.143:35516] returns group-3878507C373E:java.util.concurrent.CompletableFuture@72252632[Not completed]
2019-10-08 21:08:51,674 [pool-419-thread-1] INFO  impl.RaftServerImpl (RaftServerImpl.java:<init>(95)) - 6a70038f-f0b2-4d35-91e9-47692da92d1a: new RaftServerImpl for group-3878507C373E:[6a70038f-f0b2-4d35-91e9-47692da92d1a:192.168.5.143:35516] with ContainerStateMachine:uninitialized
2019-10-08 21:08:51,674 [pool-419-thread-1] INFO  server.RaftServerConfigKeys (ConfUtils.java:logGet(43)) - raft.server.rpc.timeout.min = 5s (custom)
2019-10-08 21:08:51,674 [pool-419-thread-1] INFO  server.RaftServerConfigKeys (ConfUtils.java:logGet(43)) - raft.server.rpc.timeout.max = 5200ms (custom)
2019-10-08 21:08:51,674 [pool-419-thread-1] INFO  server.RaftServerConfigKeys (ConfUtils.java:logGet(43)) - raft.server.rpcslowness.timeout = 120s (custom)
2019-10-08 21:08:51,674 [pool-419-thread-1] INFO  server.RaftServerConfigKeys (ConfUtils.java:logGet(43)) - raft.server.sleep.deviation.threshold = 300 (default)
2019-10-08 21:08:51,674 [pool-419-thread-1] INFO  server.RaftServerConfigKeys (ConfUtils.java:logGet(43)) - raft.server.log.appender.install.snapshot.enabled = false (custom)
2019-10-08 21:08:51,674 [pool-419-thread-1] INFO  impl.RaftServerImpl (ServerState.java:<init>(103)) - 6a70038f-f0b2-4d35-91e9-47692da92d1a@group-3878507C373E: ConfigurationManager, init=-1: [6a70038f-f0b2-4d35-91e9-47692da92d1a:192.168.5.143:35516], old=null, confs=<EMPTY_MAP>
2019-10-08 21:08:51,675 [pool-419-thread-1] INFO  server.RaftServerConfigKeys (ConfUtils.java:logGet(43)) - raft.server.storage.dir = [/workdir/hadoop-ozone/integration-test/target/test-dir/MiniOzoneClusterImpl-76b6f63f-e342-488e-8571-ba8c5b8db736/datanode-1/data/ratis] (custom)
2019-10-08 21:08:51,675 [pool-419-thread-1] INFO  server.RaftServerConfigKeys (ConfUtils.java:logGet(43)) - raft.server.log.corruption.policy = EXCEPTION (default)
2019-10-08 21:08:51,675 [pool-419-thread-1] INFO  storage.RaftStorageDirectory (RaftStorageDirectory.java:analyzeStorage(246)) - The storage directory /workdir/hadoop-ozone/integration-test/target/test-dir/MiniOzoneClusterImpl-76b6f63f-e342-488e-8571-ba8c5b8db736/datanode-1/data/ratis/0f3fbf17-eeea-4458-b074-3878507c373e does not exist. Creating ...
2019-10-08 21:08:51,682 [pool-419-thread-1] INFO  storage.RaftStorageDirectory (RaftStorageDirectory.java:tryLock(328)) - Lock on /workdir/hadoop-ozone/integration-test/target/test-dir/MiniOzoneClusterImpl-76b6f63f-e342-488e-8571-ba8c5b8db736/datanode-1/data/ratis/0f3fbf17-eeea-4458-b074-3878507c373e/in_use.lock acquired by nodename 838@pr-hdds-1868-gtwz2-575081100
2019-10-08 21:08:51,694 [pool-419-thread-1] INFO  storage.RaftStorage (RaftStorage.java:format(84)) - Storage directory /workdir/hadoop-ozone/integration-test/target/test-dir/MiniOzoneClusterImpl-76b6f63f-e342-488e-8571-ba8c5b8db736/datanode-1/data/ratis/0f3fbf17-eeea-4458-b074-3878507c373e has been successfully formatted.
2019-10-08 21:08:51,695 [pool-419-thread-1] INFO  ratis.ContainerStateMachine (ContainerStateMachine.java:loadSnapshot(233)) - group-3878507C373E: The snapshot info is null. Setting the last applied indexto:(t:0, i:~)
2019-10-08 21:08:51,695 [pool-419-thread-1] INFO  server.RaftServerConfigKeys (ConfUtils.java:logGet(43)) - raft.server.notification.no-leader.timeout = 120s (custom)
2019-10-08 21:08:51,695 [pool-419-thread-1] INFO  server.RaftServerConfigKeys (ConfUtils.java:logGet(43)) - raft.server.log.use.memory = false (default)
2019-10-08 21:08:51,695 [pool-419-thread-1] INFO  server.RaftServerConfigKeys (ConfUtils.java:logGet(43)) - raft.server.log.purge.gap = 1000000 (custom)
2019-10-08 21:08:51,695 [pool-419-thread-1] INFO  server.RaftServerConfigKeys (ConfUtils.java:logGet(43)) - raft.server.log.appender.buffer.byte-limit = 33554432 (custom)
2019-10-08 21:08:51,695 [pool-419-thread-1] INFO  server.RaftServerConfigKeys (ConfUtils.java:logGet(43)) - raft.server.log.segment.size.max = 1048576 (custom)
2019-10-08 21:08:51,695 [pool-419-thread-1] INFO  server.RaftServerConfigKeys (ConfUtils.java:logGet(43)) - raft.server.log.segment.cache.num.max = 2 (custom)
2019-10-08 21:08:51,696 [pool-419-thread-1] INFO  segmented.SegmentedRaftLogWorker (SegmentedRaftLogWorker.java:<init>(173)) - new 6a70038f-f0b2-4d35-91e9-47692da92d1a@group-3878507C373E-SegmentedRaftLogWorker for RaftStorage:Storage Directory /workdir/hadoop-ozone/integration-test/target/test-dir/MiniOzoneClusterImpl-76b6f63f-e342-488e-8571-ba8c5b8db736/datanode-1/data/ratis/0f3fbf17-eeea-4458-b074-3878507c373e
2019-10-08 21:08:51,696 [pool-419-thread-1] INFO  server.RaftServerConfigKeys (ConfUtils.java:logGet(43)) - raft.server.log.queue.byte-limit = 2147483647 (custom)
2019-10-08 21:08:51,696 [pool-419-thread-1] INFO  server.RaftServerConfigKeys (ConfUtils.java:logGet(43)) - raft.server.log.queue.element-limit = 1024 (custom)
2019-10-08 21:08:51,696 [pool-419-thread-1] INFO  server.RaftServerConfigKeys (ConfUtils.java:logGet(43)) - raft.server.log.segment.size.max = 1048576 (custom)
2019-10-08 21:08:51,696 [pool-419-thread-1] INFO  server.RaftServerConfigKeys (ConfUtils.java:logGet(43)) - raft.server.log.preallocated.size = 16384 (custom)
2019-10-08 21:08:51,696 [pool-419-thread-1] INFO  server.RaftServerConfigKeys (ConfUtils.java:logGet(43)) - raft.server.log.write.buffer.size = 33554432 (custom)
2019-10-08 21:08:51,696 [pool-419-thread-1] INFO  server.RaftServerConfigKeys (ConfUtils.java:logGet(43)) - raft.server.log.force.sync.num = 128 (default)
2019-10-08 21:08:51,697 [pool-419-thread-1] INFO  server.RaftServerConfigKeys (ConfUtils.java:logGet(43)) - raft.server.log.statemachine.data.sync = true (default)
2019-10-08 21:08:51,697 [pool-419-thread-1] INFO  server.RaftServerConfigKeys (ConfUtils.java:logGet(43)) - raft.server.log.statemachine.data.sync.timeout = 10s (default)
2019-10-08 21:08:51,697 [pool-419-thread-1] INFO  server.RaftServerConfigKeys (ConfUtils.java:logGet(43)) - raft.server.log.statemachine.data.sync.timeout.retry = -1 (default)
2019-10-08 21:08:51,697 [pool-419-thread-1] INFO  server.RaftServerConfigKeys (ConfUtils.java:logGet(43)) - raft.server.log.statemachine.data.caching.enabled = true (custom)
2019-10-08 21:08:51,697 [pool-419-thread-1] INFO  segmented.SegmentedRaftLogWorker (SegmentedRaftLogWorker.java:lambda$new$0(128)) - 6a70038f-f0b2-4d35-91e9-47692da92d1a@group-3878507C373E-SegmentedRaftLogWorker: flushIndex: setUnconditionally 0 -> -1
2019-10-08 21:08:51,698 [pool-419-thread-1] INFO  server.RaftServerConfigKeys (ConfUtils.java:logGet(43)) - raft.server.snapshot.auto.trigger.enabled = true (custom)
2019-10-08 21:08:51,698 [pool-419-thread-1] INFO  server.RaftServerConfigKeys (ConfUtils.java:logGet(43)) - raft.server.snapshot.auto.trigger.threshold = 10000 (custom)
2019-10-08 21:08:51,698 [pool-419-thread-1] INFO  server.RaftServerConfigKeys (ConfUtils.java:logGet(43)) - raft.server.snapshot.retention.file.num = 5 (custom)
2019-10-08 21:08:51,698 [pool-419-thread-1] INFO  server.RaftServerConfigKeys (ConfUtils.java:logGet(43)) - raft.server.retrycache.expirytime = 600000ms (custom)
2019-10-08 21:08:51,700 [pool-419-thread-1] INFO  impl.RaftServerImpl (RaftServerImpl.java:start(181)) - 6a70038f-f0b2-4d35-91e9-47692da92d1a@group-3878507C373E: start as a follower, conf=-1: [6a70038f-f0b2-4d35-91e9-47692da92d1a:192.168.5.143:35516], old=null
2019-10-08 21:08:51,700 [pool-419-thread-1] INFO  impl.RaftServerImpl (RaftServerImpl.java:setRole(170)) - 6a70038f-f0b2-4d35-91e9-47692da92d1a@group-3878507C373E: changes role from      null to FOLLOWER at term 0 for startAsFollower
2019-10-08 21:08:51,700 [pool-419-thread-1] INFO  impl.RoleInfo (RoleInfo.java:updateAndGet(143)) - 6a70038f-f0b2-4d35-91e9-47692da92d1a: start FollowerState
2019-10-08 21:08:51,700 [pool-419-thread-1] INFO  util.JmxRegister (JmxRegister.java:tryRegister(44)) - Successfully registered JMX Bean with object name Ratis:service=RaftServer,group=group-3878507C373E,id=6a70038f-f0b2-4d35-91e9-47692da92d1a
2019-10-08 21:08:51,704 [RatisPipelineUtilsThread] INFO  pipeline.PipelineStateManager (PipelineStateManager.java:addPipeline(57)) - Created pipeline Pipeline[ Id: 0f3fbf17-eeea-4458-b074-3878507c373e, Nodes: 6a70038f-f0b2-4d35-91e9-47692da92d1a{ip: 192.168.5.143, host: pr-hdds-1868-gtwz2-575081100, networkLocation: /default-rack, certSerialId: null}, Type:RATIS, Factor:ONE, State:ALLOCATED]
2019-10-08 21:08:51,704 [Thread-3245] INFO  pipeline.PipelineStateManager (PipelineStateManager.java:finalizePipeline(123)) - Pipeline Pipeline[ Id: e796733a-7a2a-4850-b7aa-54e42e92c7da, Nodes: d5a7e1c6-72c1-4128-a6c8-523374656d80{ip: 192.168.5.143, host: pr-hdds-1868-gtwz2-575081100, networkLocation: /default-rack, certSerialId: null}, Type:RATIS, Factor:ONE, State:CLOSED] moved to CLOSED state
2019-10-08 21:08:51,711 [grpc-default-executor-7] INFO  impl.RaftServerProxy (RaftServerProxy.java:remove(95)) - d5a7e1c6-72c1-4128-a6c8-523374656d80: remove  FOLLOWER d5a7e1c6-72c1-4128-a6c8-523374656d80@group-54E42E92C7DA:t0, leader=null, voted=null, raftlog=d5a7e1c6-72c1-4128-a6c8-523374656d80@group-54E42E92C7DA-SegmentedRaftLog:OPENED:c-1,f-1,i0, conf=-1: [d5a7e1c6-72c1-4128-a6c8-523374656d80:192.168.5.143:46801], old=null RUNNING
2019-10-08 21:08:51,711 [grpc-default-executor-7] INFO  impl.RaftServerImpl (RaftServerImpl.java:lambda$shutdown$3(247)) - d5a7e1c6-72c1-4128-a6c8-523374656d80@group-54E42E92C7DA: shutdown
2019-10-08 21:08:51,712 [grpc-default-executor-7] INFO  util.JmxRegister (JmxRegister.java:unregister(73)) - Successfully un-registered JMX Bean with object name Ratis:service=RaftServer,group=group-54E42E92C7DA,id=d5a7e1c6-72c1-4128-a6c8-523374656d80
2019-10-08 21:08:51,712 [grpc-default-executor-7] INFO  impl.RoleInfo (RoleInfo.java:shutdownFollowerState(121)) - d5a7e1c6-72c1-4128-a6c8-523374656d80: shutdown FollowerState
2019-10-08 21:08:51,712 [grpc-default-executor-7] INFO  impl.StateMachineUpdater (StateMachineUpdater.java:stopAndJoin(136)) - d5a7e1c6-72c1-4128-a6c8-523374656d80@group-54E42E92C7DA-StateMachineUpdater: set stopIndex = -1
2019-10-08 21:08:51,712 [Thread-3268] INFO  impl.FollowerState (FollowerState.java:run(117)) - d5a7e1c6-72c1-4128-a6c8-523374656d80@group-54E42E92C7DA-FollowerState was interrupted: java.lang.InterruptedException: sleep interrupted
2019-10-08 21:08:51,712 [grpc-default-executor-7] INFO  impl.RaftServerImpl (ServerState.java:close(387)) - d5a7e1c6-72c1-4128-a6c8-523374656d80@group-54E42E92C7DA: closes. applyIndex: -1
2019-10-08 21:08:51,715 [d5a7e1c6-72c1-4128-a6c8-523374656d80@group-54E42E92C7DA-SegmentedRaftLogWorker] INFO  segmented.SegmentedRaftLogWorker (SegmentedRaftLogWorker.java:run(316)) - d5a7e1c6-72c1-4128-a6c8-523374656d80@group-54E42E92C7DA-SegmentedRaftLogWorker was interrupted, exiting. There are 0 tasks remaining in the queue.
2019-10-08 21:08:51,715 [grpc-default-executor-7] INFO  segmented.SegmentedRaftLogWorker (SegmentedRaftLogWorker.java:close(224)) - d5a7e1c6-72c1-4128-a6c8-523374656d80@group-54E42E92C7DA-SegmentedRaftLogWorker close()
2019-10-08 21:08:51,722 [Thread-3245] INFO  pipeline.PipelineStateManager (PipelineStateManager.java:removePipeline(108)) - Pipeline Pipeline[ Id: e796733a-7a2a-4850-b7aa-54e42e92c7da, Nodes: d5a7e1c6-72c1-4128-a6c8-523374656d80{ip: 192.168.5.143, host: pr-hdds-1868-gtwz2-575081100, networkLocation: /default-rack, certSerialId: null}, Type:RATIS, Factor:ONE, State:CLOSED] removed from db
2019-10-08 21:08:51,722 [Thread-3245] INFO  pipeline.SCMPipelineManager (SCMPipelineManager.java:finalizeAndDestroyPipeline(315)) - destroying pipeline:Pipeline[ Id: da52c555-6128-45f2-8dfa-a5baede1feaf, Nodes: d17645eb-f5d0-4e03-ba92-dd2963a93e84{ip: 192.168.5.143, host: pr-hdds-1868-gtwz2-575081100, networkLocation: /default-rack, certSerialId: null}, Type:RATIS, Factor:ONE, State:ALLOCATED]
2019-10-08 21:08:51,725 [grpc-default-executor-7] INFO  impl.RaftServerProxy (RaftServerProxy.java:addNew(89)) - d5a7e1c6-72c1-4128-a6c8-523374656d80: addNew group-582513F3AFB7:[d5a7e1c6-72c1-4128-a6c8-523374656d80:192.168.5.143:46801] returns group-582513F3AFB7:java.util.concurrent.CompletableFuture@349738c7[Not completed]
2019-10-08 21:08:51,725 [pool-449-thread-1] INFO  impl.RaftServerImpl (RaftServerImpl.java:<init>(95)) - d5a7e1c6-72c1-4128-a6c8-523374656d80: new RaftServerImpl for group-582513F3AFB7:[d5a7e1c6-72c1-4128-a6c8-523374656d80:192.168.5.143:46801] with ContainerStateMachine:uninitialized
2019-10-08 21:08:51,726 [pool-449-thread-1] INFO  server.RaftServerConfigKeys (ConfUtils.java:logGet(43)) - raft.server.rpc.timeout.min = 5s (custom)
2019-10-08 21:08:51,726 [pool-449-thread-1] INFO  server.RaftServerConfigKeys (ConfUtils.java:logGet(43)) - raft.server.rpc.timeout.max = 5200ms (custom)
2019-10-08 21:08:51,726 [pool-449-thread-1] INFO  server.RaftServerConfigKeys (ConfUtils.java:logGet(43)) - raft.server.rpcslowness.timeout = 120s (custom)
2019-10-08 21:08:51,726 [pool-449-thread-1] INFO  server.RaftServerConfigKeys (ConfUtils.java:logGet(43)) - raft.server.sleep.deviation.threshold = 300 (default)
2019-10-08 21:08:51,726 [pool-449-thread-1] INFO  server.RaftServerConfigKeys (ConfUtils.java:logGet(43)) - raft.server.log.appender.install.snapshot.enabled = false (custom)
2019-10-08 21:08:51,726 [pool-449-thread-1] INFO  impl.RaftServerImpl (ServerState.java:<init>(103)) - d5a7e1c6-72c1-4128-a6c8-523374656d80@group-582513F3AFB7: ConfigurationManager, init=-1: [d5a7e1c6-72c1-4128-a6c8-523374656d80:192.168.5.143:46801], old=null, confs=<EMPTY_MAP>
2019-10-08 21:08:51,726 [pool-449-thread-1] INFO  server.RaftServerConfigKeys (ConfUtils.java:logGet(43)) - raft.server.storage.dir = [/workdir/hadoop-ozone/integration-test/target/test-dir/MiniOzoneClusterImpl-76b6f63f-e342-488e-8571-ba8c5b8db736/datanode-4/data/ratis] (custom)
2019-10-08 21:08:51,726 [pool-449-thread-1] INFO  server.RaftServerConfigKeys (ConfUtils.java:logGet(43)) - raft.server.log.corruption.policy = EXCEPTION (default)
2019-10-08 21:08:51,727 [pool-449-thread-1] INFO  storage.RaftStorageDirectory (RaftStorageDirectory.java:analyzeStorage(246)) - The storage directory /workdir/hadoop-ozone/integration-test/target/test-dir/MiniOzoneClusterImpl-76b6f63f-e342-488e-8571-ba8c5b8db736/datanode-4/data/ratis/396482dc-2b64-4a52-9dd6-582513f3afb7 does not exist. Creating ...
2019-10-08 21:08:51,735 [pool-449-thread-1] INFO  storage.RaftStorageDirectory (RaftStorageDirectory.java:tryLock(328)) - Lock on /workdir/hadoop-ozone/integration-test/target/test-dir/MiniOzoneClusterImpl-76b6f63f-e342-488e-8571-ba8c5b8db736/datanode-4/data/ratis/396482dc-2b64-4a52-9dd6-582513f3afb7/in_use.lock acquired by nodename 838@pr-hdds-1868-gtwz2-575081100
2019-10-08 21:08:51,748 [pool-449-thread-1] INFO  storage.RaftStorage (RaftStorage.java:format(84)) - Storage directory /workdir/hadoop-ozone/integration-test/target/test-dir/MiniOzoneClusterImpl-76b6f63f-e342-488e-8571-ba8c5b8db736/datanode-4/data/ratis/396482dc-2b64-4a52-9dd6-582513f3afb7 has been successfully formatted.
2019-10-08 21:08:51,748 [pool-449-thread-1] INFO  ratis.ContainerStateMachine (ContainerStateMachine.java:loadSnapshot(233)) - group-582513F3AFB7: The snapshot info is null. Setting the last applied indexto:(t:0, i:~)
2019-10-08 21:08:51,748 [pool-449-thread-1] INFO  server.RaftServerConfigKeys (ConfUtils.java:logGet(43)) - raft.server.notification.no-leader.timeout = 120s (custom)
2019-10-08 21:08:51,748 [pool-449-thread-1] INFO  server.RaftServerConfigKeys (ConfUtils.java:logGet(43)) - raft.server.log.use.memory = false (default)
2019-10-08 21:08:51,748 [pool-449-thread-1] INFO  server.RaftServerConfigKeys (ConfUtils.java:logGet(43)) - raft.server.log.purge.gap = 1000000 (custom)
2019-10-08 21:08:51,749 [pool-449-thread-1] INFO  server.RaftServerConfigKeys (ConfUtils.java:logGet(43)) - raft.server.log.appender.buffer.byte-limit = 33554432 (custom)
2019-10-08 21:08:51,749 [pool-449-thread-1] INFO  server.RaftServerConfigKeys (ConfUtils.java:logGet(43)) - raft.server.log.segment.size.max = 1048576 (custom)
2019-10-08 21:08:51,749 [pool-449-thread-1] INFO  server.RaftServerConfigKeys (ConfUtils.java:logGet(43)) - raft.server.log.segment.cache.num.max = 2 (custom)
2019-10-08 21:08:51,749 [pool-449-thread-1] INFO  segmented.SegmentedRaftLogWorker (SegmentedRaftLogWorker.java:<init>(173)) - new d5a7e1c6-72c1-4128-a6c8-523374656d80@group-582513F3AFB7-SegmentedRaftLogWorker for RaftStorage:Storage Directory /workdir/hadoop-ozone/integration-test/target/test-dir/MiniOzoneClusterImpl-76b6f63f-e342-488e-8571-ba8c5b8db736/datanode-4/data/ratis/396482dc-2b64-4a52-9dd6-582513f3afb7
2019-10-08 21:08:51,749 [pool-449-thread-1] INFO  server.RaftServerConfigKeys (ConfUtils.java:logGet(43)) - raft.server.log.queue.byte-limit = 2147483647 (custom)
2019-10-08 21:08:51,749 [pool-449-thread-1] INFO  server.RaftServerConfigKeys (ConfUtils.java:logGet(43)) - raft.server.log.queue.element-limit = 1024 (custom)
2019-10-08 21:08:51,749 [pool-449-thread-1] INFO  server.RaftServerConfigKeys (ConfUtils.java:logGet(43)) - raft.server.log.segment.size.max = 1048576 (custom)
2019-10-08 21:08:51,749 [pool-449-thread-1] INFO  server.RaftServerConfigKeys (ConfUtils.java:logGet(43)) - raft.server.log.preallocated.size = 16384 (custom)
2019-10-08 21:08:51,749 [pool-449-thread-1] INFO  server.RaftServerConfigKeys (ConfUtils.java:logGet(43)) - raft.server.log.write.buffer.size = 33554432 (custom)
2019-10-08 21:08:51,749 [pool-449-thread-1] INFO  server.RaftServerConfigKeys (ConfUtils.java:logGet(43)) - raft.server.log.force.sync.num = 128 (default)
2019-10-08 21:08:51,749 [pool-449-thread-1] INFO  server.RaftServerConfigKeys (ConfUtils.java:logGet(43)) - raft.server.log.statemachine.data.sync = true (default)
2019-10-08 21:08:51,750 [pool-449-thread-1] INFO  server.RaftServerConfigKeys (ConfUtils.java:logGet(43)) - raft.server.log.statemachine.data.sync.timeout = 10s (default)
2019-10-08 21:08:51,750 [pool-449-thread-1] INFO  server.RaftServerConfigKeys (ConfUtils.java:logGet(43)) - raft.server.log.statemachine.data.sync.timeout.retry = -1 (default)
2019-10-08 21:08:51,750 [pool-449-thread-1] INFO  server.RaftServerConfigKeys (ConfUtils.java:logGet(43)) - raft.server.log.statemachine.data.caching.enabled = true (custom)
2019-10-08 21:08:51,750 [pool-449-thread-1] INFO  segmented.SegmentedRaftLogWorker (SegmentedRaftLogWorker.java:lambda$new$0(128)) - d5a7e1c6-72c1-4128-a6c8-523374656d80@group-582513F3AFB7-SegmentedRaftLogWorker: flushIndex: setUnconditionally 0 -> -1
2019-10-08 21:08:51,750 [pool-449-thread-1] INFO  server.RaftServerConfigKeys (ConfUtils.java:logGet(43)) - raft.server.snapshot.auto.trigger.enabled = true (custom)
2019-10-08 21:08:51,750 [pool-449-thread-1] INFO  server.RaftServerConfigKeys (ConfUtils.java:logGet(43)) - raft.server.snapshot.auto.trigger.threshold = 10000 (custom)
2019-10-08 21:08:51,750 [pool-449-thread-1] INFO  server.RaftServerConfigKeys (ConfUtils.java:logGet(43)) - raft.server.snapshot.retention.file.num = 5 (custom)
2019-10-08 21:08:51,751 [pool-449-thread-1] INFO  server.RaftServerConfigKeys (ConfUtils.java:logGet(43)) - raft.server.retrycache.expirytime = 600000ms (custom)
2019-10-08 21:08:51,752 [pool-449-thread-1] INFO  impl.RaftServerImpl (RaftServerImpl.java:start(181)) - d5a7e1c6-72c1-4128-a6c8-523374656d80@group-582513F3AFB7: start as a follower, conf=-1: [d5a7e1c6-72c1-4128-a6c8-523374656d80:192.168.5.143:46801], old=null
2019-10-08 21:08:51,752 [pool-449-thread-1] INFO  impl.RaftServerImpl (RaftServerImpl.java:setRole(170)) - d5a7e1c6-72c1-4128-a6c8-523374656d80@group-582513F3AFB7: changes role from      null to FOLLOWER at term 0 for startAsFollower
2019-10-08 21:08:51,752 [pool-449-thread-1] INFO  impl.RoleInfo (RoleInfo.java:updateAndGet(143)) - d5a7e1c6-72c1-4128-a6c8-523374656d80: start FollowerState
2019-10-08 21:08:51,752 [pool-449-thread-1] INFO  util.JmxRegister (JmxRegister.java:tryRegister(44)) - Successfully registered JMX Bean with object name Ratis:service=RaftServer,group=group-582513F3AFB7,id=d5a7e1c6-72c1-4128-a6c8-523374656d80
2019-10-08 21:08:51,755 [RatisPipelineUtilsThread] INFO  pipeline.PipelineStateManager (PipelineStateManager.java:addPipeline(57)) - Created pipeline Pipeline[ Id: 396482dc-2b64-4a52-9dd6-582513f3afb7, Nodes: d5a7e1c6-72c1-4128-a6c8-523374656d80{ip: 192.168.5.143, host: pr-hdds-1868-gtwz2-575081100, networkLocation: /default-rack, certSerialId: null}, Type:RATIS, Factor:ONE, State:ALLOCATED]
2019-10-08 21:08:51,756 [Thread-3245] INFO  pipeline.PipelineStateManager (PipelineStateManager.java:finalizePipeline(123)) - Pipeline Pipeline[ Id: da52c555-6128-45f2-8dfa-a5baede1feaf, Nodes: d17645eb-f5d0-4e03-ba92-dd2963a93e84{ip: 192.168.5.143, host: pr-hdds-1868-gtwz2-575081100, networkLocation: /default-rack, certSerialId: null}, Type:RATIS, Factor:ONE, State:CLOSED] moved to CLOSED state
2019-10-08 21:08:51,761 [grpc-default-executor-7] INFO  impl.RaftServerProxy (RaftServerProxy.java:remove(95)) - d17645eb-f5d0-4e03-ba92-dd2963a93e84: remove  FOLLOWER d17645eb-f5d0-4e03-ba92-dd2963a93e84@group-A5BAEDE1FEAF:t0, leader=null, voted=null, raftlog=d17645eb-f5d0-4e03-ba92-dd2963a93e84@group-A5BAEDE1FEAF-SegmentedRaftLog:OPENED:c-1,f-1,i0, conf=-1: [d17645eb-f5d0-4e03-ba92-dd2963a93e84:192.168.5.143:34967], old=null RUNNING
2019-10-08 21:08:51,761 [grpc-default-executor-7] INFO  impl.RaftServerImpl (RaftServerImpl.java:lambda$shutdown$3(247)) - d17645eb-f5d0-4e03-ba92-dd2963a93e84@group-A5BAEDE1FEAF: shutdown
2019-10-08 21:08:51,761 [grpc-default-executor-7] INFO  util.JmxRegister (JmxRegister.java:unregister(73)) - Successfully un-registered JMX Bean with object name Ratis:service=RaftServer,group=group-A5BAEDE1FEAF,id=d17645eb-f5d0-4e03-ba92-dd2963a93e84
2019-10-08 21:08:51,761 [grpc-default-executor-7] INFO  impl.RoleInfo (RoleInfo.java:shutdownFollowerState(121)) - d17645eb-f5d0-4e03-ba92-dd2963a93e84: shutdown FollowerState
2019-10-08 21:08:51,761 [grpc-default-executor-7] INFO  impl.StateMachineUpdater (StateMachineUpdater.java:stopAndJoin(136)) - d17645eb-f5d0-4e03-ba92-dd2963a93e84@group-A5BAEDE1FEAF-StateMachineUpdater: set stopIndex = -1
2019-10-08 21:08:51,761 [Thread-3265] INFO  impl.FollowerState (FollowerState.java:run(117)) - d17645eb-f5d0-4e03-ba92-dd2963a93e84@group-A5BAEDE1FEAF-FollowerState was interrupted: java.lang.InterruptedException: sleep interrupted
2019-10-08 21:08:51,761 [grpc-default-executor-7] INFO  impl.RaftServerImpl (ServerState.java:close(387)) - d17645eb-f5d0-4e03-ba92-dd2963a93e84@group-A5BAEDE1FEAF: closes. applyIndex: -1
2019-10-08 21:08:51,764 [d17645eb-f5d0-4e03-ba92-dd2963a93e84@group-A5BAEDE1FEAF-SegmentedRaftLogWorker] INFO  segmented.SegmentedRaftLogWorker (SegmentedRaftLogWorker.java:run(316)) - d17645eb-f5d0-4e03-ba92-dd2963a93e84@group-A5BAEDE1FEAF-SegmentedRaftLogWorker was interrupted, exiting. There are 0 tasks remaining in the queue.
2019-10-08 21:08:51,764 [grpc-default-executor-7] INFO  segmented.SegmentedRaftLogWorker (SegmentedRaftLogWorker.java:close(224)) - d17645eb-f5d0-4e03-ba92-dd2963a93e84@group-A5BAEDE1FEAF-SegmentedRaftLogWorker close()
2019-10-08 21:08:51,769 [Thread-3245] INFO  pipeline.PipelineStateManager (PipelineStateManager.java:removePipeline(108)) - Pipeline Pipeline[ Id: da52c555-6128-45f2-8dfa-a5baede1feaf, Nodes: d17645eb-f5d0-4e03-ba92-dd2963a93e84{ip: 192.168.5.143, host: pr-hdds-1868-gtwz2-575081100, networkLocation: /default-rack, certSerialId: null}, Type:RATIS, Factor:ONE, State:CLOSED] removed from db
2019-10-08 21:08:51,769 [Thread-3245] INFO  pipeline.SCMPipelineManager (SCMPipelineManager.java:finalizeAndDestroyPipeline(315)) - destroying pipeline:Pipeline[ Id: 402d85b7-9820-4535-a174-fc090e30d6b5, Nodes: b11c6a09-df3d-44f0-9c56-88b487f5aeaa{ip: 192.168.5.143, host: pr-hdds-1868-gtwz2-575081100, networkLocation: /default-rack, certSerialId: null}, Type:RATIS, Factor:ONE, State:ALLOCATED]
2019-10-08 21:08:51,771 [grpc-default-executor-7] INFO  impl.RaftServerProxy (RaftServerProxy.java:addNew(89)) - d17645eb-f5d0-4e03-ba92-dd2963a93e84: addNew group-BF9B8C3C8FDF:[d17645eb-f5d0-4e03-ba92-dd2963a93e84:192.168.5.143:34967] returns group-BF9B8C3C8FDF:java.util.concurrent.CompletableFuture@59647e2[Not completed]
2019-10-08 21:08:51,772 [pool-439-thread-1] INFO  impl.RaftServerImpl (RaftServerImpl.java:<init>(95)) - d17645eb-f5d0-4e03-ba92-dd2963a93e84: new RaftServerImpl for group-BF9B8C3C8FDF:[d17645eb-f5d0-4e03-ba92-dd2963a93e84:192.168.5.143:34967] with ContainerStateMachine:uninitialized
2019-10-08 21:08:51,772 [pool-439-thread-1] INFO  server.RaftServerConfigKeys (ConfUtils.java:logGet(43)) - raft.server.rpc.timeout.min = 5s (custom)
2019-10-08 21:08:51,772 [pool-439-thread-1] INFO  server.RaftServerConfigKeys (ConfUtils.java:logGet(43)) - raft.server.rpc.timeout.max = 5200ms (custom)
2019-10-08 21:08:51,772 [pool-439-thread-1] INFO  server.RaftServerConfigKeys (ConfUtils.java:logGet(43)) - raft.server.rpcslowness.timeout = 120s (custom)
2019-10-08 21:08:51,772 [pool-439-thread-1] INFO  server.RaftServerConfigKeys (ConfUtils.java:logGet(43)) - raft.server.sleep.deviation.threshold = 300 (default)
2019-10-08 21:08:51,772 [pool-439-thread-1] INFO  server.RaftServerConfigKeys (ConfUtils.java:logGet(43)) - raft.server.log.appender.install.snapshot.enabled = false (custom)
2019-10-08 21:08:51,772 [pool-439-thread-1] INFO  impl.RaftServerImpl (ServerState.java:<init>(103)) - d17645eb-f5d0-4e03-ba92-dd2963a93e84@group-BF9B8C3C8FDF: ConfigurationManager, init=-1: [d17645eb-f5d0-4e03-ba92-dd2963a93e84:192.168.5.143:34967], old=null, confs=<EMPTY_MAP>
2019-10-08 21:08:51,772 [pool-439-thread-1] INFO  server.RaftServerConfigKeys (ConfUtils.java:logGet(43)) - raft.server.storage.dir = [/workdir/hadoop-ozone/integration-test/target/test-dir/MiniOzoneClusterImpl-76b6f63f-e342-488e-8571-ba8c5b8db736/datanode-3/data/ratis] (custom)
2019-10-08 21:08:51,773 [pool-439-thread-1] INFO  server.RaftServerConfigKeys (ConfUtils.java:logGet(43)) - raft.server.log.corruption.policy = EXCEPTION (default)
2019-10-08 21:08:51,773 [pool-439-thread-1] INFO  storage.RaftStorageDirectory (RaftStorageDirectory.java:analyzeStorage(246)) - The storage directory /workdir/hadoop-ozone/integration-test/target/test-dir/MiniOzoneClusterImpl-76b6f63f-e342-488e-8571-ba8c5b8db736/datanode-3/data/ratis/fb28546f-fce5-42fb-a07f-bf9b8c3c8fdf does not exist. Creating ...
2019-10-08 21:08:51,785 [pool-439-thread-1] INFO  storage.RaftStorageDirectory (RaftStorageDirectory.java:tryLock(328)) - Lock on /workdir/hadoop-ozone/integration-test/target/test-dir/MiniOzoneClusterImpl-76b6f63f-e342-488e-8571-ba8c5b8db736/datanode-3/data/ratis/fb28546f-fce5-42fb-a07f-bf9b8c3c8fdf/in_use.lock acquired by nodename 838@pr-hdds-1868-gtwz2-575081100
2019-10-08 21:08:51,799 [pool-439-thread-1] INFO  storage.RaftStorage (RaftStorage.java:format(84)) - Storage directory /workdir/hadoop-ozone/integration-test/target/test-dir/MiniOzoneClusterImpl-76b6f63f-e342-488e-8571-ba8c5b8db736/datanode-3/data/ratis/fb28546f-fce5-42fb-a07f-bf9b8c3c8fdf has been successfully formatted.
2019-10-08 21:08:51,799 [pool-439-thread-1] INFO  ratis.ContainerStateMachine (ContainerStateMachine.java:loadSnapshot(233)) - group-BF9B8C3C8FDF: The snapshot info is null. Setting the last applied indexto:(t:0, i:~)
2019-10-08 21:08:51,799 [pool-439-thread-1] INFO  server.RaftServerConfigKeys (ConfUtils.java:logGet(43)) - raft.server.notification.no-leader.timeout = 120s (custom)
2019-10-08 21:08:51,799 [pool-439-thread-1] INFO  server.RaftServerConfigKeys (ConfUtils.java:logGet(43)) - raft.server.log.use.memory = false (default)
2019-10-08 21:08:51,799 [pool-439-thread-1] INFO  server.RaftServerConfigKeys (ConfUtils.java:logGet(43)) - raft.server.log.purge.gap = 1000000 (custom)
2019-10-08 21:08:51,799 [pool-439-thread-1] INFO  server.RaftServerConfigKeys (ConfUtils.java:logGet(43)) - raft.server.log.appender.buffer.byte-limit = 33554432 (custom)
2019-10-08 21:08:51,800 [pool-439-thread-1] INFO  server.RaftServerConfigKeys (ConfUtils.java:logGet(43)) - raft.server.log.segment.size.max = 1048576 (custom)
2019-10-08 21:08:51,800 [pool-439-thread-1] INFO  server.RaftServerConfigKeys (ConfUtils.java:logGet(43)) - raft.server.log.segment.cache.num.max = 2 (custom)
2019-10-08 21:08:51,800 [pool-439-thread-1] INFO  segmented.SegmentedRaftLogWorker (SegmentedRaftLogWorker.java:<init>(173)) - new d17645eb-f5d0-4e03-ba92-dd2963a93e84@group-BF9B8C3C8FDF-SegmentedRaftLogWorker for RaftStorage:Storage Directory /workdir/hadoop-ozone/integration-test/target/test-dir/MiniOzoneClusterImpl-76b6f63f-e342-488e-8571-ba8c5b8db736/datanode-3/data/ratis/fb28546f-fce5-42fb-a07f-bf9b8c3c8fdf
2019-10-08 21:08:51,800 [pool-439-thread-1] INFO  server.RaftServerConfigKeys (ConfUtils.java:logGet(43)) - raft.server.log.queue.byte-limit = 2147483647 (custom)
2019-10-08 21:08:51,800 [pool-439-thread-1] INFO  server.RaftServerConfigKeys (ConfUtils.java:logGet(43)) - raft.server.log.queue.element-limit = 1024 (custom)
2019-10-08 21:08:51,800 [pool-439-thread-1] INFO  server.RaftServerConfigKeys (ConfUtils.java:logGet(43)) - raft.server.log.segment.size.max = 1048576 (custom)
2019-10-08 21:08:51,800 [pool-439-thread-1] INFO  server.RaftServerConfigKeys (ConfUtils.java:logGet(43)) - raft.server.log.preallocated.size = 16384 (custom)
2019-10-08 21:08:51,800 [pool-439-thread-1] INFO  server.RaftServerConfigKeys (ConfUtils.java:logGet(43)) - raft.server.log.write.buffer.size = 33554432 (custom)
2019-10-08 21:08:51,800 [pool-439-thread-1] INFO  server.RaftServerConfigKeys (ConfUtils.java:logGet(43)) - raft.server.log.force.sync.num = 128 (default)
2019-10-08 21:08:51,800 [pool-439-thread-1] INFO  server.RaftServerConfigKeys (ConfUtils.java:logGet(43)) - raft.server.log.statemachine.data.sync = true (default)
2019-10-08 21:08:51,800 [pool-439-thread-1] INFO  server.RaftServerConfigKeys (ConfUtils.java:logGet(43)) - raft.server.log.statemachine.data.sync.timeout = 10s (default)
2019-10-08 21:08:51,801 [pool-439-thread-1] INFO  server.RaftServerConfigKeys (ConfUtils.java:logGet(43)) - raft.server.log.statemachine.data.sync.timeout.retry = -1 (default)
2019-10-08 21:08:51,801 [pool-439-thread-1] INFO  server.RaftServerConfigKeys (ConfUtils.java:logGet(43)) - raft.server.log.statemachine.data.caching.enabled = true (custom)
2019-10-08 21:08:51,801 [pool-439-thread-1] INFO  segmented.SegmentedRaftLogWorker (SegmentedRaftLogWorker.java:lambda$new$0(128)) - d17645eb-f5d0-4e03-ba92-dd2963a93e84@group-BF9B8C3C8FDF-SegmentedRaftLogWorker: flushIndex: setUnconditionally 0 -> -1
2019-10-08 21:08:51,801 [pool-439-thread-1] INFO  server.RaftServerConfigKeys (ConfUtils.java:logGet(43)) - raft.server.snapshot.auto.trigger.enabled = true (custom)
2019-10-08 21:08:51,801 [pool-439-thread-1] INFO  server.RaftServerConfigKeys (ConfUtils.java:logGet(43)) - raft.server.snapshot.auto.trigger.threshold = 10000 (custom)
2019-10-08 21:08:51,801 [pool-439-thread-1] INFO  server.RaftServerConfigKeys (ConfUtils.java:logGet(43)) - raft.server.snapshot.retention.file.num = 5 (custom)
2019-10-08 21:08:51,801 [pool-439-thread-1] INFO  server.RaftServerConfigKeys (ConfUtils.java:logGet(43)) - raft.server.retrycache.expirytime = 600000ms (custom)
2019-10-08 21:08:51,802 [pool-439-thread-1] INFO  impl.RaftServerImpl (RaftServerImpl.java:start(181)) - d17645eb-f5d0-4e03-ba92-dd2963a93e84@group-BF9B8C3C8FDF: start as a follower, conf=-1: [d17645eb-f5d0-4e03-ba92-dd2963a93e84:192.168.5.143:34967], old=null
2019-10-08 21:08:51,803 [pool-439-thread-1] INFO  impl.RaftServerImpl (RaftServerImpl.java:setRole(170)) - d17645eb-f5d0-4e03-ba92-dd2963a93e84@group-BF9B8C3C8FDF: changes role from      null to FOLLOWER at term 0 for startAsFollower
2019-10-08 21:08:51,803 [pool-439-thread-1] INFO  impl.RoleInfo (RoleInfo.java:updateAndGet(143)) - d17645eb-f5d0-4e03-ba92-dd2963a93e84: start FollowerState
2019-10-08 21:08:51,803 [pool-439-thread-1] INFO  util.JmxRegister (JmxRegister.java:tryRegister(44)) - Successfully registered JMX Bean with object name Ratis:service=RaftServer,group=group-BF9B8C3C8FDF,id=d17645eb-f5d0-4e03-ba92-dd2963a93e84
2019-10-08 21:08:51,805 [RatisPipelineUtilsThread] INFO  pipeline.PipelineStateManager (PipelineStateManager.java:addPipeline(57)) - Created pipeline Pipeline[ Id: fb28546f-fce5-42fb-a07f-bf9b8c3c8fdf, Nodes: d17645eb-f5d0-4e03-ba92-dd2963a93e84{ip: 192.168.5.143, host: pr-hdds-1868-gtwz2-575081100, networkLocation: /default-rack, certSerialId: null}, Type:RATIS, Factor:ONE, State:ALLOCATED]
2019-10-08 21:08:51,806 [Thread-3245] INFO  pipeline.PipelineStateManager (PipelineStateManager.java:finalizePipeline(123)) - Pipeline Pipeline[ Id: 402d85b7-9820-4535-a174-fc090e30d6b5, Nodes: b11c6a09-df3d-44f0-9c56-88b487f5aeaa{ip: 192.168.5.143, host: pr-hdds-1868-gtwz2-575081100, networkLocation: /default-rack, certSerialId: null}, Type:RATIS, Factor:ONE, State:CLOSED] moved to CLOSED state
2019-10-08 21:08:51,812 [grpc-default-executor-7] INFO  impl.RaftServerProxy (RaftServerProxy.java:remove(95)) - b11c6a09-df3d-44f0-9c56-88b487f5aeaa: remove  FOLLOWER b11c6a09-df3d-44f0-9c56-88b487f5aeaa@group-FC090E30D6B5:t0, leader=null, voted=null, raftlog=b11c6a09-df3d-44f0-9c56-88b487f5aeaa@group-FC090E30D6B5-SegmentedRaftLog:OPENED:c-1,f-1,i0, conf=-1: [b11c6a09-df3d-44f0-9c56-88b487f5aeaa:192.168.5.143:37030], old=null RUNNING
2019-10-08 21:08:51,812 [grpc-default-executor-7] INFO  impl.RaftServerImpl (RaftServerImpl.java:lambda$shutdown$3(247)) - b11c6a09-df3d-44f0-9c56-88b487f5aeaa@group-FC090E30D6B5: shutdown
2019-10-08 21:08:51,812 [grpc-default-executor-7] INFO  util.JmxRegister (JmxRegister.java:unregister(73)) - Successfully un-registered JMX Bean with object name Ratis:service=RaftServer,group=group-FC090E30D6B5,id=b11c6a09-df3d-44f0-9c56-88b487f5aeaa
2019-10-08 21:08:51,812 [grpc-default-executor-7] INFO  impl.RoleInfo (RoleInfo.java:shutdownFollowerState(121)) - b11c6a09-df3d-44f0-9c56-88b487f5aeaa: shutdown FollowerState
2019-10-08 21:08:51,812 [grpc-default-executor-7] INFO  impl.StateMachineUpdater (StateMachineUpdater.java:stopAndJoin(136)) - b11c6a09-df3d-44f0-9c56-88b487f5aeaa@group-FC090E30D6B5-StateMachineUpdater: set stopIndex = -1
2019-10-08 21:08:51,812 [Thread-3271] INFO  impl.FollowerState (FollowerState.java:run(117)) - b11c6a09-df3d-44f0-9c56-88b487f5aeaa@group-FC090E30D6B5-FollowerState was interrupted: java.lang.InterruptedException: sleep interrupted
2019-10-08 21:08:51,813 [grpc-default-executor-7] INFO  impl.RaftServerImpl (ServerState.java:close(387)) - b11c6a09-df3d-44f0-9c56-88b487f5aeaa@group-FC090E30D6B5: closes. applyIndex: -1
2019-10-08 21:08:51,815 [b11c6a09-df3d-44f0-9c56-88b487f5aeaa@group-FC090E30D6B5-SegmentedRaftLogWorker] INFO  segmented.SegmentedRaftLogWorker (SegmentedRaftLogWorker.java:run(316)) - b11c6a09-df3d-44f0-9c56-88b487f5aeaa@group-FC090E30D6B5-SegmentedRaftLogWorker was interrupted, exiting. There are 0 tasks remaining in the queue.
2019-10-08 21:08:51,815 [grpc-default-executor-7] INFO  segmented.SegmentedRaftLogWorker (SegmentedRaftLogWorker.java:close(224)) - b11c6a09-df3d-44f0-9c56-88b487f5aeaa@group-FC090E30D6B5-SegmentedRaftLogWorker close()
2019-10-08 21:08:51,821 [Thread-3245] INFO  pipeline.PipelineStateManager (PipelineStateManager.java:removePipeline(108)) - Pipeline Pipeline[ Id: 402d85b7-9820-4535-a174-fc090e30d6b5, Nodes: b11c6a09-df3d-44f0-9c56-88b487f5aeaa{ip: 192.168.5.143, host: pr-hdds-1868-gtwz2-575081100, networkLocation: /default-rack, certSerialId: null}, Type:RATIS, Factor:ONE, State:CLOSED] removed from db
2019-10-08 21:08:51,821 [Thread-3245] INFO  pipeline.SCMPipelineManager (SCMPipelineManager.java:finalizeAndDestroyPipeline(315)) - destroying pipeline:Pipeline[ Id: 6fb8ebf3-500e-4558-a0e5-68388d9ecbd7, Nodes: 83f89ce6-f7da-4fc8-87e9-1476e88e7ab1{ip: 192.168.5.143, host: pr-hdds-1868-gtwz2-575081100, networkLocation: /default-rack, certSerialId: null}, Type:RATIS, Factor:ONE, State:ALLOCATED]
2019-10-08 21:08:51,823 [grpc-default-executor-7] INFO  impl.RaftServerProxy (RaftServerProxy.java:addNew(89)) - b11c6a09-df3d-44f0-9c56-88b487f5aeaa: addNew group-A3003B49171C:[b11c6a09-df3d-44f0-9c56-88b487f5aeaa:192.168.5.143:37030] returns group-A3003B49171C:java.util.concurrent.CompletableFuture@7dfa7501[Not completed]
2019-10-08 21:08:51,824 [pool-459-thread-1] INFO  impl.RaftServerImpl (RaftServerImpl.java:<init>(95)) - b11c6a09-df3d-44f0-9c56-88b487f5aeaa: new RaftServerImpl for group-A3003B49171C:[b11c6a09-df3d-44f0-9c56-88b487f5aeaa:192.168.5.143:37030] with ContainerStateMachine:uninitialized
2019-10-08 21:08:51,824 [pool-459-thread-1] INFO  server.RaftServerConfigKeys (ConfUtils.java:logGet(43)) - raft.server.rpc.timeout.min = 5s (custom)
2019-10-08 21:08:51,824 [pool-459-thread-1] INFO  server.RaftServerConfigKeys (ConfUtils.java:logGet(43)) - raft.server.rpc.timeout.max = 5200ms (custom)
2019-10-08 21:08:51,825 [pool-459-thread-1] INFO  server.RaftServerConfigKeys (ConfUtils.java:logGet(43)) - raft.server.rpcslowness.timeout = 120s (custom)
2019-10-08 21:08:51,825 [pool-459-thread-1] INFO  server.RaftServerConfigKeys (ConfUtils.java:logGet(43)) - raft.server.sleep.deviation.threshold = 300 (default)
2019-10-08 21:08:51,825 [pool-459-thread-1] INFO  server.RaftServerConfigKeys (ConfUtils.java:logGet(43)) - raft.server.log.appender.install.snapshot.enabled = false (custom)
2019-10-08 21:08:51,825 [pool-459-thread-1] INFO  impl.RaftServerImpl (ServerState.java:<init>(103)) - b11c6a09-df3d-44f0-9c56-88b487f5aeaa@group-A3003B49171C: ConfigurationManager, init=-1: [b11c6a09-df3d-44f0-9c56-88b487f5aeaa:192.168.5.143:37030], old=null, confs=<EMPTY_MAP>
2019-10-08 21:08:51,825 [pool-459-thread-1] INFO  server.RaftServerConfigKeys (ConfUtils.java:logGet(43)) - raft.server.storage.dir = [/workdir/hadoop-ozone/integration-test/target/test-dir/MiniOzoneClusterImpl-76b6f63f-e342-488e-8571-ba8c5b8db736/datanode-5/data/ratis] (custom)
2019-10-08 21:08:51,825 [pool-459-thread-1] INFO  server.RaftServerConfigKeys (ConfUtils.java:logGet(43)) - raft.server.log.corruption.policy = EXCEPTION (default)
2019-10-08 21:08:51,825 [pool-459-thread-1] INFO  storage.RaftStorageDirectory (RaftStorageDirectory.java:analyzeStorage(246)) - The storage directory /workdir/hadoop-ozone/integration-test/target/test-dir/MiniOzoneClusterImpl-76b6f63f-e342-488e-8571-ba8c5b8db736/datanode-5/data/ratis/3481b59f-8733-4eeb-b1d7-a3003b49171c does not exist. Creating ...
2019-10-08 21:08:51,839 [pool-459-thread-1] INFO  storage.RaftStorageDirectory (RaftStorageDirectory.java:tryLock(328)) - Lock on /workdir/hadoop-ozone/integration-test/target/test-dir/MiniOzoneClusterImpl-76b6f63f-e342-488e-8571-ba8c5b8db736/datanode-5/data/ratis/3481b59f-8733-4eeb-b1d7-a3003b49171c/in_use.lock acquired by nodename 838@pr-hdds-1868-gtwz2-575081100
2019-10-08 21:08:51,852 [pool-459-thread-1] INFO  storage.RaftStorage (RaftStorage.java:format(84)) - Storage directory /workdir/hadoop-ozone/integration-test/target/test-dir/MiniOzoneClusterImpl-76b6f63f-e342-488e-8571-ba8c5b8db736/datanode-5/data/ratis/3481b59f-8733-4eeb-b1d7-a3003b49171c has been successfully formatted.
2019-10-08 21:08:51,852 [pool-459-thread-1] INFO  ratis.ContainerStateMachine (ContainerStateMachine.java:loadSnapshot(233)) - group-A3003B49171C: The snapshot info is null. Setting the last applied indexto:(t:0, i:~)
2019-10-08 21:08:51,852 [pool-459-thread-1] INFO  server.RaftServerConfigKeys (ConfUtils.java:logGet(43)) - raft.server.notification.no-leader.timeout = 120s (custom)
2019-10-08 21:08:51,853 [pool-459-thread-1] INFO  server.RaftServerConfigKeys (ConfUtils.java:logGet(43)) - raft.server.log.use.memory = false (default)
2019-10-08 21:08:51,853 [pool-459-thread-1] INFO  server.RaftServerConfigKeys (ConfUtils.java:logGet(43)) - raft.server.log.purge.gap = 1000000 (custom)
2019-10-08 21:08:51,853 [pool-459-thread-1] INFO  server.RaftServerConfigKeys (ConfUtils.java:logGet(43)) - raft.server.log.appender.buffer.byte-limit = 33554432 (custom)
2019-10-08 21:08:51,853 [pool-459-thread-1] INFO  server.RaftServerConfigKeys (ConfUtils.java:logGet(43)) - raft.server.log.segment.size.max = 1048576 (custom)
2019-10-08 21:08:51,853 [pool-459-thread-1] INFO  server.RaftServerConfigKeys (ConfUtils.java:logGet(43)) - raft.server.log.segment.cache.num.max = 2 (custom)
2019-10-08 21:08:51,853 [pool-459-thread-1] INFO  segmented.SegmentedRaftLogWorker (SegmentedRaftLogWorker.java:<init>(173)) - new b11c6a09-df3d-44f0-9c56-88b487f5aeaa@group-A3003B49171C-SegmentedRaftLogWorker for RaftStorage:Storage Directory /workdir/hadoop-ozone/integration-test/target/test-dir/MiniOzoneClusterImpl-76b6f63f-e342-488e-8571-ba8c5b8db736/datanode-5/data/ratis/3481b59f-8733-4eeb-b1d7-a3003b49171c
2019-10-08 21:08:51,853 [pool-459-thread-1] INFO  server.RaftServerConfigKeys (ConfUtils.java:logGet(43)) - raft.server.log.queue.byte-limit = 2147483647 (custom)
2019-10-08 21:08:51,853 [pool-459-thread-1] INFO  server.RaftServerConfigKeys (ConfUtils.java:logGet(43)) - raft.server.log.queue.element-limit = 1024 (custom)
2019-10-08 21:08:51,854 [pool-459-thread-1] INFO  server.RaftServerConfigKeys (ConfUtils.java:logGet(43)) - raft.server.log.segment.size.max = 1048576 (custom)
2019-10-08 21:08:51,854 [pool-459-thread-1] INFO  server.RaftServerConfigKeys (ConfUtils.java:logGet(43)) - raft.server.log.preallocated.size = 16384 (custom)
2019-10-08 21:08:51,854 [pool-459-thread-1] INFO  server.RaftServerConfigKeys (ConfUtils.java:logGet(43)) - raft.server.log.write.buffer.size = 33554432 (custom)
2019-10-08 21:08:51,854 [pool-459-thread-1] INFO  server.RaftServerConfigKeys (ConfUtils.java:logGet(43)) - raft.server.log.force.sync.num = 128 (default)
2019-10-08 21:08:51,854 [pool-459-thread-1] INFO  server.RaftServerConfigKeys (ConfUtils.java:logGet(43)) - raft.server.log.statemachine.data.sync = true (default)
2019-10-08 21:08:51,854 [pool-459-thread-1] INFO  server.RaftServerConfigKeys (ConfUtils.java:logGet(43)) - raft.server.log.statemachine.data.sync.timeout = 10s (default)
2019-10-08 21:08:51,854 [pool-459-thread-1] INFO  server.RaftServerConfigKeys (ConfUtils.java:logGet(43)) - raft.server.log.statemachine.data.sync.timeout.retry = -1 (default)
2019-10-08 21:08:51,854 [pool-459-thread-1] INFO  server.RaftServerConfigKeys (ConfUtils.java:logGet(43)) - raft.server.log.statemachine.data.caching.enabled = true (custom)
2019-10-08 21:08:51,855 [pool-459-thread-1] INFO  segmented.SegmentedRaftLogWorker (SegmentedRaftLogWorker.java:lambda$new$0(128)) - b11c6a09-df3d-44f0-9c56-88b487f5aeaa@group-A3003B49171C-SegmentedRaftLogWorker: flushIndex: setUnconditionally 0 -> -1
2019-10-08 21:08:51,855 [pool-459-thread-1] INFO  server.RaftServerConfigKeys (ConfUtils.java:logGet(43)) - raft.server.snapshot.auto.trigger.enabled = true (custom)
2019-10-08 21:08:51,855 [pool-459-thread-1] INFO  server.RaftServerConfigKeys (ConfUtils.java:logGet(43)) - raft.server.snapshot.auto.trigger.threshold = 10000 (custom)
2019-10-08 21:08:51,855 [pool-459-thread-1] INFO  server.RaftServerConfigKeys (ConfUtils.java:logGet(43)) - raft.server.snapshot.retention.file.num = 5 (custom)
2019-10-08 21:08:51,855 [pool-459-thread-1] INFO  server.RaftServerConfigKeys (ConfUtils.java:logGet(43)) - raft.server.retrycache.expirytime = 600000ms (custom)
2019-10-08 21:08:51,857 [pool-459-thread-1] INFO  impl.RaftServerImpl (RaftServerImpl.java:start(181)) - b11c6a09-df3d-44f0-9c56-88b487f5aeaa@group-A3003B49171C: start as a follower, conf=-1: [b11c6a09-df3d-44f0-9c56-88b487f5aeaa:192.168.5.143:37030], old=null
2019-10-08 21:08:51,857 [pool-459-thread-1] INFO  impl.RaftServerImpl (RaftServerImpl.java:setRole(170)) - b11c6a09-df3d-44f0-9c56-88b487f5aeaa@group-A3003B49171C: changes role from      null to FOLLOWER at term 0 for startAsFollower
2019-10-08 21:08:51,857 [pool-459-thread-1] INFO  impl.RoleInfo (RoleInfo.java:updateAndGet(143)) - b11c6a09-df3d-44f0-9c56-88b487f5aeaa: start FollowerState
2019-10-08 21:08:51,857 [pool-459-thread-1] INFO  util.JmxRegister (JmxRegister.java:tryRegister(44)) - Successfully registered JMX Bean with object name Ratis:service=RaftServer,group=group-A3003B49171C,id=b11c6a09-df3d-44f0-9c56-88b487f5aeaa
2019-10-08 21:08:51,861 [RatisPipelineUtilsThread] INFO  pipeline.PipelineStateManager (PipelineStateManager.java:addPipeline(57)) - Created pipeline Pipeline[ Id: 3481b59f-8733-4eeb-b1d7-a3003b49171c, Nodes: b11c6a09-df3d-44f0-9c56-88b487f5aeaa{ip: 192.168.5.143, host: pr-hdds-1868-gtwz2-575081100, networkLocation: /default-rack, certSerialId: null}, Type:RATIS, Factor:ONE, State:ALLOCATED]
2019-10-08 21:08:51,861 [Thread-3245] INFO  pipeline.PipelineStateManager (PipelineStateManager.java:finalizePipeline(123)) - Pipeline Pipeline[ Id: 6fb8ebf3-500e-4558-a0e5-68388d9ecbd7, Nodes: 83f89ce6-f7da-4fc8-87e9-1476e88e7ab1{ip: 192.168.5.143, host: pr-hdds-1868-gtwz2-575081100, networkLocation: /default-rack, certSerialId: null}, Type:RATIS, Factor:ONE, State:CLOSED] moved to CLOSED state
2019-10-08 21:08:51,867 [grpc-default-executor-7] INFO  impl.RaftServerProxy (RaftServerProxy.java:remove(95)) - 83f89ce6-f7da-4fc8-87e9-1476e88e7ab1: remove  FOLLOWER 83f89ce6-f7da-4fc8-87e9-1476e88e7ab1@group-68388D9ECBD7:t0, leader=null, voted=null, raftlog=83f89ce6-f7da-4fc8-87e9-1476e88e7ab1@group-68388D9ECBD7-SegmentedRaftLog:OPENED:c-1,f-1,i0, conf=-1: [83f89ce6-f7da-4fc8-87e9-1476e88e7ab1:192.168.5.143:45883], old=null RUNNING
2019-10-08 21:08:51,868 [grpc-default-executor-7] INFO  impl.RaftServerImpl (RaftServerImpl.java:lambda$shutdown$3(247)) - 83f89ce6-f7da-4fc8-87e9-1476e88e7ab1@group-68388D9ECBD7: shutdown
2019-10-08 21:08:51,868 [grpc-default-executor-7] INFO  util.JmxRegister (JmxRegister.java:unregister(73)) - Successfully un-registered JMX Bean with object name Ratis:service=RaftServer,group=group-68388D9ECBD7,id=83f89ce6-f7da-4fc8-87e9-1476e88e7ab1
2019-10-08 21:08:51,868 [grpc-default-executor-7] INFO  impl.RoleInfo (RoleInfo.java:shutdownFollowerState(121)) - 83f89ce6-f7da-4fc8-87e9-1476e88e7ab1: shutdown FollowerState
2019-10-08 21:08:51,868 [grpc-default-executor-7] INFO  impl.StateMachineUpdater (StateMachineUpdater.java:stopAndJoin(136)) - 83f89ce6-f7da-4fc8-87e9-1476e88e7ab1@group-68388D9ECBD7-StateMachineUpdater: set stopIndex = -1
2019-10-08 21:08:51,868 [grpc-default-executor-7] INFO  impl.RaftServerImpl (ServerState.java:close(387)) - 83f89ce6-f7da-4fc8-87e9-1476e88e7ab1@group-68388D9ECBD7: closes. applyIndex: -1
2019-10-08 21:08:51,868 [Thread-3253] INFO  impl.FollowerState (FollowerState.java:run(117)) - 83f89ce6-f7da-4fc8-87e9-1476e88e7ab1@group-68388D9ECBD7-FollowerState was interrupted: java.lang.InterruptedException: sleep interrupted
2019-10-08 21:08:51,871 [83f89ce6-f7da-4fc8-87e9-1476e88e7ab1@group-68388D9ECBD7-SegmentedRaftLogWorker] INFO  segmented.SegmentedRaftLogWorker (SegmentedRaftLogWorker.java:run(316)) - 83f89ce6-f7da-4fc8-87e9-1476e88e7ab1@group-68388D9ECBD7-SegmentedRaftLogWorker was interrupted, exiting. There are 0 tasks remaining in the queue.
2019-10-08 21:08:51,871 [grpc-default-executor-7] INFO  segmented.SegmentedRaftLogWorker (SegmentedRaftLogWorker.java:close(224)) - 83f89ce6-f7da-4fc8-87e9-1476e88e7ab1@group-68388D9ECBD7-SegmentedRaftLogWorker close()
2019-10-08 21:08:51,876 [Thread-3245] INFO  pipeline.PipelineStateManager (PipelineStateManager.java:removePipeline(108)) - Pipeline Pipeline[ Id: 6fb8ebf3-500e-4558-a0e5-68388d9ecbd7, Nodes: 83f89ce6-f7da-4fc8-87e9-1476e88e7ab1{ip: 192.168.5.143, host: pr-hdds-1868-gtwz2-575081100, networkLocation: /default-rack, certSerialId: null}, Type:RATIS, Factor:ONE, State:CLOSED] removed from db
2019-10-08 21:08:51,877 [Thread-3245] INFO  pipeline.SCMPipelineManager (SCMPipelineManager.java:finalizeAndDestroyPipeline(315)) - destroying pipeline:Pipeline[ Id: 39a449fc-19ea-422c-b1d7-f9b159b31852, Nodes: b11c6a09-df3d-44f0-9c56-88b487f5aeaa{ip: 192.168.5.143, host: pr-hdds-1868-gtwz2-575081100, networkLocation: /default-rack, certSerialId: null}d5a7e1c6-72c1-4128-a6c8-523374656d80{ip: 192.168.5.143, host: pr-hdds-1868-gtwz2-575081100, networkLocation: /default-rack, certSerialId: null}d17645eb-f5d0-4e03-ba92-dd2963a93e84{ip: 192.168.5.143, host: pr-hdds-1868-gtwz2-575081100, networkLocation: /default-rack, certSerialId: null}, Type:RATIS, Factor:THREE, State:ALLOCATED]
2019-10-08 21:08:51,880 [grpc-default-executor-7] INFO  impl.RaftServerProxy (RaftServerProxy.java:addNew(89)) - 83f89ce6-f7da-4fc8-87e9-1476e88e7ab1: addNew group-9CAE3F19E79C:[83f89ce6-f7da-4fc8-87e9-1476e88e7ab1:192.168.5.143:45883] returns group-9CAE3F19E79C:java.util.concurrent.CompletableFuture@48ad1f88[Not completed]
2019-10-08 21:08:51,881 [pool-429-thread-1] INFO  impl.RaftServerImpl (RaftServerImpl.java:<init>(95)) - 83f89ce6-f7da-4fc8-87e9-1476e88e7ab1: new RaftServerImpl for group-9CAE3F19E79C:[83f89ce6-f7da-4fc8-87e9-1476e88e7ab1:192.168.5.143:45883] with ContainerStateMachine:uninitialized
2019-10-08 21:08:51,881 [pool-429-thread-1] INFO  server.RaftServerConfigKeys (ConfUtils.java:logGet(43)) - raft.server.rpc.timeout.min = 5s (custom)
2019-10-08 21:08:51,881 [pool-429-thread-1] INFO  server.RaftServerConfigKeys (ConfUtils.java:logGet(43)) - raft.server.rpc.timeout.max = 5200ms (custom)
2019-10-08 21:08:51,881 [pool-429-thread-1] INFO  server.RaftServerConfigKeys (ConfUtils.java:logGet(43)) - raft.server.rpcslowness.timeout = 120s (custom)
2019-10-08 21:08:51,881 [pool-429-thread-1] INFO  server.RaftServerConfigKeys (ConfUtils.java:logGet(43)) - raft.server.sleep.deviation.threshold = 300 (default)
2019-10-08 21:08:51,881 [pool-429-thread-1] INFO  server.RaftServerConfigKeys (ConfUtils.java:logGet(43)) - raft.server.log.appender.install.snapshot.enabled = false (custom)
2019-10-08 21:08:51,881 [pool-429-thread-1] INFO  impl.RaftServerImpl (ServerState.java:<init>(103)) - 83f89ce6-f7da-4fc8-87e9-1476e88e7ab1@group-9CAE3F19E79C: ConfigurationManager, init=-1: [83f89ce6-f7da-4fc8-87e9-1476e88e7ab1:192.168.5.143:45883], old=null, confs=<EMPTY_MAP>
2019-10-08 21:08:51,881 [pool-429-thread-1] INFO  server.RaftServerConfigKeys (ConfUtils.java:logGet(43)) - raft.server.storage.dir = [/workdir/hadoop-ozone/integration-test/target/test-dir/MiniOzoneClusterImpl-76b6f63f-e342-488e-8571-ba8c5b8db736/datanode-2/data/ratis] (custom)
2019-10-08 21:08:51,881 [pool-429-thread-1] INFO  server.RaftServerConfigKeys (ConfUtils.java:logGet(43)) - raft.server.log.corruption.policy = EXCEPTION (default)
2019-10-08 21:08:51,882 [pool-429-thread-1] INFO  storage.RaftStorageDirectory (RaftStorageDirectory.java:analyzeStorage(246)) - The storage directory /workdir/hadoop-ozone/integration-test/target/test-dir/MiniOzoneClusterImpl-76b6f63f-e342-488e-8571-ba8c5b8db736/datanode-2/data/ratis/836796d2-e3a9-49a1-b8bb-9cae3f19e79c does not exist. Creating ...
2019-10-08 21:08:51,894 [pool-429-thread-1] INFO  storage.RaftStorageDirectory (RaftStorageDirectory.java:tryLock(328)) - Lock on /workdir/hadoop-ozone/integration-test/target/test-dir/MiniOzoneClusterImpl-76b6f63f-e342-488e-8571-ba8c5b8db736/datanode-2/data/ratis/836796d2-e3a9-49a1-b8bb-9cae3f19e79c/in_use.lock acquired by nodename 838@pr-hdds-1868-gtwz2-575081100
2019-10-08 21:08:51,907 [pool-429-thread-1] INFO  storage.RaftStorage (RaftStorage.java:format(84)) - Storage directory /workdir/hadoop-ozone/integration-test/target/test-dir/MiniOzoneClusterImpl-76b6f63f-e342-488e-8571-ba8c5b8db736/datanode-2/data/ratis/836796d2-e3a9-49a1-b8bb-9cae3f19e79c has been successfully formatted.
2019-10-08 21:08:51,908 [pool-429-thread-1] INFO  ratis.ContainerStateMachine (ContainerStateMachine.java:loadSnapshot(233)) - group-9CAE3F19E79C: The snapshot info is null. Setting the last applied indexto:(t:0, i:~)
2019-10-08 21:08:51,908 [pool-429-thread-1] INFO  server.RaftServerConfigKeys (ConfUtils.java:logGet(43)) - raft.server.notification.no-leader.timeout = 120s (custom)
2019-10-08 21:08:51,908 [pool-429-thread-1] INFO  server.RaftServerConfigKeys (ConfUtils.java:logGet(43)) - raft.server.log.use.memory = false (default)
2019-10-08 21:08:51,908 [pool-429-thread-1] INFO  server.RaftServerConfigKeys (ConfUtils.java:logGet(43)) - raft.server.log.purge.gap = 1000000 (custom)
2019-10-08 21:08:51,908 [pool-429-thread-1] INFO  server.RaftServerConfigKeys (ConfUtils.java:logGet(43)) - raft.server.log.appender.buffer.byte-limit = 33554432 (custom)
2019-10-08 21:08:51,908 [pool-429-thread-1] INFO  server.RaftServerConfigKeys (ConfUtils.java:logGet(43)) - raft.server.log.segment.size.max = 1048576 (custom)
2019-10-08 21:08:51,908 [pool-429-thread-1] INFO  server.RaftServerConfigKeys (ConfUtils.java:logGet(43)) - raft.server.log.segment.cache.num.max = 2 (custom)
2019-10-08 21:08:51,908 [pool-429-thread-1] INFO  segmented.SegmentedRaftLogWorker (SegmentedRaftLogWorker.java:<init>(173)) - new 83f89ce6-f7da-4fc8-87e9-1476e88e7ab1@group-9CAE3F19E79C-SegmentedRaftLogWorker for RaftStorage:Storage Directory /workdir/hadoop-ozone/integration-test/target/test-dir/MiniOzoneClusterImpl-76b6f63f-e342-488e-8571-ba8c5b8db736/datanode-2/data/ratis/836796d2-e3a9-49a1-b8bb-9cae3f19e79c
2019-10-08 21:08:51,908 [pool-429-thread-1] INFO  server.RaftServerConfigKeys (ConfUtils.java:logGet(43)) - raft.server.log.queue.byte-limit = 2147483647 (custom)
2019-10-08 21:08:51,908 [pool-429-thread-1] INFO  server.RaftServerConfigKeys (ConfUtils.java:logGet(43)) - raft.server.log.queue.element-limit = 1024 (custom)
2019-10-08 21:08:51,909 [pool-429-thread-1] INFO  server.RaftServerConfigKeys (ConfUtils.java:logGet(43)) - raft.server.log.segment.size.max = 1048576 (custom)
2019-10-08 21:08:51,909 [pool-429-thread-1] INFO  server.RaftServerConfigKeys (ConfUtils.java:logGet(43)) - raft.server.log.preallocated.size = 16384 (custom)
2019-10-08 21:08:51,909 [pool-429-thread-1] INFO  server.RaftServerConfigKeys (ConfUtils.java:logGet(43)) - raft.server.log.write.buffer.size = 33554432 (custom)
2019-10-08 21:08:51,909 [pool-429-thread-1] INFO  server.RaftServerConfigKeys (ConfUtils.java:logGet(43)) - raft.server.log.force.sync.num = 128 (default)
2019-10-08 21:08:51,909 [pool-429-thread-1] INFO  server.RaftServerConfigKeys (ConfUtils.java:logGet(43)) - raft.server.log.statemachine.data.sync = true (default)
2019-10-08 21:08:51,909 [pool-429-thread-1] INFO  server.RaftServerConfigKeys (ConfUtils.java:logGet(43)) - raft.server.log.statemachine.data.sync.timeout = 10s (default)
2019-10-08 21:08:51,909 [pool-429-thread-1] INFO  server.RaftServerConfigKeys (ConfUtils.java:logGet(43)) - raft.server.log.statemachine.data.sync.timeout.retry = -1 (default)
2019-10-08 21:08:51,909 [pool-429-thread-1] INFO  server.RaftServerConfigKeys (ConfUtils.java:logGet(43)) - raft.server.log.statemachine.data.caching.enabled = true (custom)
2019-10-08 21:08:51,909 [pool-429-thread-1] INFO  segmented.SegmentedRaftLogWorker (SegmentedRaftLogWorker.java:lambda$new$0(128)) - 83f89ce6-f7da-4fc8-87e9-1476e88e7ab1@group-9CAE3F19E79C-SegmentedRaftLogWorker: flushIndex: setUnconditionally 0 -> -1
2019-10-08 21:08:51,910 [pool-429-thread-1] INFO  server.RaftServerConfigKeys (ConfUtils.java:logGet(43)) - raft.server.snapshot.auto.trigger.enabled = true (custom)
2019-10-08 21:08:51,910 [pool-429-thread-1] INFO  server.RaftServerConfigKeys (ConfUtils.java:logGet(43)) - raft.server.snapshot.auto.trigger.threshold = 10000 (custom)
2019-10-08 21:08:51,910 [pool-429-thread-1] INFO  server.RaftServerConfigKeys (ConfUtils.java:logGet(43)) - raft.server.snapshot.retention.file.num = 5 (custom)
2019-10-08 21:08:51,910 [pool-429-thread-1] INFO  server.RaftServerConfigKeys (ConfUtils.java:logGet(43)) - raft.server.retrycache.expirytime = 600000ms (custom)
2019-10-08 21:08:51,911 [pool-429-thread-1] INFO  impl.RaftServerImpl (RaftServerImpl.java:start(181)) - 83f89ce6-f7da-4fc8-87e9-1476e88e7ab1@group-9CAE3F19E79C: start as a follower, conf=-1: [83f89ce6-f7da-4fc8-87e9-1476e88e7ab1:192.168.5.143:45883], old=null
2019-10-08 21:08:51,911 [pool-429-thread-1] INFO  impl.RaftServerImpl (RaftServerImpl.java:setRole(170)) - 83f89ce6-f7da-4fc8-87e9-1476e88e7ab1@group-9CAE3F19E79C: changes role from      null to FOLLOWER at term 0 for startAsFollower
2019-10-08 21:08:51,911 [pool-429-thread-1] INFO  impl.RoleInfo (RoleInfo.java:updateAndGet(143)) - 83f89ce6-f7da-4fc8-87e9-1476e88e7ab1: start FollowerState
2019-10-08 21:08:51,912 [pool-429-thread-1] INFO  util.JmxRegister (JmxRegister.java:tryRegister(44)) - Successfully registered JMX Bean with object name Ratis:service=RaftServer,group=group-9CAE3F19E79C,id=83f89ce6-f7da-4fc8-87e9-1476e88e7ab1
2019-10-08 21:08:51,914 [RatisPipelineUtilsThread] INFO  pipeline.PipelineStateManager (PipelineStateManager.java:addPipeline(57)) - Created pipeline Pipeline[ Id: 836796d2-e3a9-49a1-b8bb-9cae3f19e79c, Nodes: 83f89ce6-f7da-4fc8-87e9-1476e88e7ab1{ip: 192.168.5.143, host: pr-hdds-1868-gtwz2-575081100, networkLocation: /default-rack, certSerialId: null}, Type:RATIS, Factor:ONE, State:ALLOCATED]
2019-10-08 21:08:51,915 [Thread-3245] INFO  pipeline.PipelineStateManager (PipelineStateManager.java:finalizePipeline(123)) - Pipeline Pipeline[ Id: 39a449fc-19ea-422c-b1d7-f9b159b31852, Nodes: b11c6a09-df3d-44f0-9c56-88b487f5aeaa{ip: 192.168.5.143, host: pr-hdds-1868-gtwz2-575081100, networkLocation: /default-rack, certSerialId: null}d5a7e1c6-72c1-4128-a6c8-523374656d80{ip: 192.168.5.143, host: pr-hdds-1868-gtwz2-575081100, networkLocation: /default-rack, certSerialId: null}d17645eb-f5d0-4e03-ba92-dd2963a93e84{ip: 192.168.5.143, host: pr-hdds-1868-gtwz2-575081100, networkLocation: /default-rack, certSerialId: null}, Type:RATIS, Factor:THREE, State:CLOSED] moved to CLOSED state
2019-10-08 21:08:51,921 [grpc-default-executor-7] INFO  impl.RaftServerProxy (RaftServerProxy.java:remove(95)) - b11c6a09-df3d-44f0-9c56-88b487f5aeaa: remove  FOLLOWER b11c6a09-df3d-44f0-9c56-88b487f5aeaa@group-F9B159B31852:t0, leader=null, voted=null, raftlog=b11c6a09-df3d-44f0-9c56-88b487f5aeaa@group-F9B159B31852-SegmentedRaftLog:OPENED:c-1,f-1,i0, conf=-1: [d17645eb-f5d0-4e03-ba92-dd2963a93e84:192.168.5.143:34967, d5a7e1c6-72c1-4128-a6c8-523374656d80:192.168.5.143:46801, b11c6a09-df3d-44f0-9c56-88b487f5aeaa:192.168.5.143:37030], old=null RUNNING
2019-10-08 21:08:51,922 [grpc-default-executor-7] INFO  impl.RaftServerImpl (RaftServerImpl.java:lambda$shutdown$3(247)) - b11c6a09-df3d-44f0-9c56-88b487f5aeaa@group-F9B159B31852: shutdown
2019-10-08 21:08:51,922 [grpc-default-executor-7] INFO  util.JmxRegister (JmxRegister.java:unregister(73)) - Successfully un-registered JMX Bean with object name Ratis:service=RaftServer,group=group-F9B159B31852,id=b11c6a09-df3d-44f0-9c56-88b487f5aeaa
2019-10-08 21:08:51,922 [grpc-default-executor-7] INFO  impl.RoleInfo (RoleInfo.java:shutdownFollowerState(121)) - b11c6a09-df3d-44f0-9c56-88b487f5aeaa: shutdown FollowerState
2019-10-08 21:08:51,922 [grpc-default-executor-7] INFO  impl.StateMachineUpdater (StateMachineUpdater.java:stopAndJoin(136)) - b11c6a09-df3d-44f0-9c56-88b487f5aeaa@group-F9B159B31852-StateMachineUpdater: set stopIndex = -1
2019-10-08 21:08:51,922 [Thread-3277] INFO  impl.FollowerState (FollowerState.java:run(117)) - b11c6a09-df3d-44f0-9c56-88b487f5aeaa@group-F9B159B31852-FollowerState was interrupted: java.lang.InterruptedException: sleep interrupted
2019-10-08 21:08:51,922 [grpc-default-executor-7] INFO  impl.RaftServerImpl (ServerState.java:close(387)) - b11c6a09-df3d-44f0-9c56-88b487f5aeaa@group-F9B159B31852: closes. applyIndex: -1
2019-10-08 21:08:51,926 [b11c6a09-df3d-44f0-9c56-88b487f5aeaa@group-F9B159B31852-SegmentedRaftLogWorker] INFO  segmented.SegmentedRaftLogWorker (SegmentedRaftLogWorker.java:run(316)) - b11c6a09-df3d-44f0-9c56-88b487f5aeaa@group-F9B159B31852-SegmentedRaftLogWorker was interrupted, exiting. There are 0 tasks remaining in the queue.
2019-10-08 21:08:51,926 [grpc-default-executor-7] INFO  segmented.SegmentedRaftLogWorker (SegmentedRaftLogWorker.java:close(224)) - b11c6a09-df3d-44f0-9c56-88b487f5aeaa@group-F9B159B31852-SegmentedRaftLogWorker close()
2019-10-08 21:08:51,937 [grpc-default-executor-7] INFO  impl.RaftServerProxy (RaftServerProxy.java:remove(95)) - d5a7e1c6-72c1-4128-a6c8-523374656d80: remove  FOLLOWER d5a7e1c6-72c1-4128-a6c8-523374656d80@group-F9B159B31852:t0, leader=null, voted=null, raftlog=d5a7e1c6-72c1-4128-a6c8-523374656d80@group-F9B159B31852-SegmentedRaftLog:OPENED:c-1,f-1,i0, conf=-1: [d17645eb-f5d0-4e03-ba92-dd2963a93e84:192.168.5.143:34967, d5a7e1c6-72c1-4128-a6c8-523374656d80:192.168.5.143:46801, b11c6a09-df3d-44f0-9c56-88b487f5aeaa:192.168.5.143:37030], old=null RUNNING
2019-10-08 21:08:51,937 [grpc-default-executor-7] INFO  impl.RaftServerImpl (RaftServerImpl.java:lambda$shutdown$3(247)) - d5a7e1c6-72c1-4128-a6c8-523374656d80@group-F9B159B31852: shutdown
2019-10-08 21:08:51,937 [grpc-default-executor-7] INFO  util.JmxRegister (JmxRegister.java:unregister(73)) - Successfully un-registered JMX Bean with object name Ratis:service=RaftServer,group=group-F9B159B31852,id=d5a7e1c6-72c1-4128-a6c8-523374656d80
2019-10-08 21:08:51,937 [grpc-default-executor-7] INFO  impl.RoleInfo (RoleInfo.java:shutdownFollowerState(121)) - d5a7e1c6-72c1-4128-a6c8-523374656d80: shutdown FollowerState
2019-10-08 21:08:51,937 [grpc-default-executor-7] INFO  impl.StateMachineUpdater (StateMachineUpdater.java:stopAndJoin(136)) - d5a7e1c6-72c1-4128-a6c8-523374656d80@group-F9B159B31852-StateMachineUpdater: set stopIndex = -1
2019-10-08 21:08:51,938 [Thread-3276] INFO  impl.FollowerState (FollowerState.java:run(117)) - d5a7e1c6-72c1-4128-a6c8-523374656d80@group-F9B159B31852-FollowerState was interrupted: java.lang.InterruptedException: sleep interrupted
2019-10-08 21:08:51,938 [grpc-default-executor-7] INFO  impl.RaftServerImpl (ServerState.java:close(387)) - d5a7e1c6-72c1-4128-a6c8-523374656d80@group-F9B159B31852: closes. applyIndex: -1
2019-10-08 21:08:51,940 [d5a7e1c6-72c1-4128-a6c8-523374656d80@group-F9B159B31852-SegmentedRaftLogWorker] INFO  segmented.SegmentedRaftLogWorker (SegmentedRaftLogWorker.java:run(316)) - d5a7e1c6-72c1-4128-a6c8-523374656d80@group-F9B159B31852-SegmentedRaftLogWorker was interrupted, exiting. There are 0 tasks remaining in the queue.
2019-10-08 21:08:51,940 [grpc-default-executor-7] INFO  segmented.SegmentedRaftLogWorker (SegmentedRaftLogWorker.java:close(224)) - d5a7e1c6-72c1-4128-a6c8-523374656d80@group-F9B159B31852-SegmentedRaftLogWorker close()
2019-10-08 21:08:51,951 [grpc-default-executor-7] INFO  impl.RaftServerProxy (RaftServerProxy.java:remove(95)) - d17645eb-f5d0-4e03-ba92-dd2963a93e84: remove  FOLLOWER d17645eb-f5d0-4e03-ba92-dd2963a93e84@group-F9B159B31852:t0, leader=null, voted=null, raftlog=d17645eb-f5d0-4e03-ba92-dd2963a93e84@group-F9B159B31852-SegmentedRaftLog:OPENED:c-1,f-1,i0, conf=-1: [d17645eb-f5d0-4e03-ba92-dd2963a93e84:192.168.5.143:34967, d5a7e1c6-72c1-4128-a6c8-523374656d80:192.168.5.143:46801, b11c6a09-df3d-44f0-9c56-88b487f5aeaa:192.168.5.143:37030], old=null RUNNING
2019-10-08 21:08:51,951 [grpc-default-executor-7] INFO  impl.RaftServerImpl (RaftServerImpl.java:lambda$shutdown$3(247)) - d17645eb-f5d0-4e03-ba92-dd2963a93e84@group-F9B159B31852: shutdown
2019-10-08 21:08:51,951 [grpc-default-executor-7] INFO  util.JmxRegister (JmxRegister.java:unregister(73)) - Successfully un-registered JMX Bean with object name Ratis:service=RaftServer,group=group-F9B159B31852,id=d17645eb-f5d0-4e03-ba92-dd2963a93e84
2019-10-08 21:08:51,951 [grpc-default-executor-7] INFO  impl.RoleInfo (RoleInfo.java:shutdownFollowerState(121)) - d17645eb-f5d0-4e03-ba92-dd2963a93e84: shutdown FollowerState
2019-10-08 21:08:51,952 [grpc-default-executor-7] INFO  impl.StateMachineUpdater (StateMachineUpdater.java:stopAndJoin(136)) - d17645eb-f5d0-4e03-ba92-dd2963a93e84@group-F9B159B31852-StateMachineUpdater: set stopIndex = -1
2019-10-08 21:08:51,952 [Thread-3279] INFO  impl.FollowerState (FollowerState.java:run(117)) - d17645eb-f5d0-4e03-ba92-dd2963a93e84@group-F9B159B31852-FollowerState was interrupted: java.lang.InterruptedException: sleep interrupted
2019-10-08 21:08:51,952 [grpc-default-executor-7] INFO  impl.RaftServerImpl (ServerState.java:close(387)) - d17645eb-f5d0-4e03-ba92-dd2963a93e84@group-F9B159B31852: closes. applyIndex: -1
2019-10-08 21:08:51,954 [d17645eb-f5d0-4e03-ba92-dd2963a93e84@group-F9B159B31852-SegmentedRaftLogWorker] INFO  segmented.SegmentedRaftLogWorker (SegmentedRaftLogWorker.java:run(316)) - d17645eb-f5d0-4e03-ba92-dd2963a93e84@group-F9B159B31852-SegmentedRaftLogWorker was interrupted, exiting. There are 0 tasks remaining in the queue.
2019-10-08 21:08:51,954 [grpc-default-executor-7] INFO  segmented.SegmentedRaftLogWorker (SegmentedRaftLogWorker.java:close(224)) - d17645eb-f5d0-4e03-ba92-dd2963a93e84@group-F9B159B31852-SegmentedRaftLogWorker close()
2019-10-08 21:08:51,960 [Thread-3245] INFO  pipeline.PipelineStateManager (PipelineStateManager.java:removePipeline(108)) - Pipeline Pipeline[ Id: 39a449fc-19ea-422c-b1d7-f9b159b31852, Nodes: b11c6a09-df3d-44f0-9c56-88b487f5aeaa{ip: 192.168.5.143, host: pr-hdds-1868-gtwz2-575081100, networkLocation: /default-rack, certSerialId: null}d5a7e1c6-72c1-4128-a6c8-523374656d80{ip: 192.168.5.143, host: pr-hdds-1868-gtwz2-575081100, networkLocation: /default-rack, certSerialId: null}d17645eb-f5d0-4e03-ba92-dd2963a93e84{ip: 192.168.5.143, host: pr-hdds-1868-gtwz2-575081100, networkLocation: /default-rack, certSerialId: null}, Type:RATIS, Factor:THREE, State:CLOSED] removed from db
2019-10-08 21:08:51,960 [Thread-3245] INFO  pipeline.SCMPipelineManager (SCMPipelineManager.java:finalizeAndDestroyPipeline(315)) - destroying pipeline:Pipeline[ Id: 0cf6ee05-06f0-43cb-8f75-82b3c7dc8a78, Nodes: 563427f3-50ed-4c45-a12e-b3f5127aec9c{ip: 192.168.5.143, host: pr-hdds-1868-gtwz2-575081100, networkLocation: /default-rack, certSerialId: null}6a70038f-f0b2-4d35-91e9-47692da92d1a{ip: 192.168.5.143, host: pr-hdds-1868-gtwz2-575081100, networkLocation: /default-rack, certSerialId: null}83f89ce6-f7da-4fc8-87e9-1476e88e7ab1{ip: 192.168.5.143, host: pr-hdds-1868-gtwz2-575081100, networkLocation: /default-rack, certSerialId: null}, Type:RATIS, Factor:THREE, State:ALLOCATED]
2019-10-08 21:08:51,968 [grpc-default-executor-7] INFO  impl.RaftServerProxy (RaftServerProxy.java:addNew(89)) - d5a7e1c6-72c1-4128-a6c8-523374656d80: addNew group-F5B269E6970B:[ffafc24f-f0e1-409e-982f-1c42cdb29933:192.168.5.143:42050, d5a7e1c6-72c1-4128-a6c8-523374656d80:192.168.5.143:46801, b11c6a09-df3d-44f0-9c56-88b487f5aeaa:192.168.5.143:37030] returns group-F5B269E6970B:java.util.concurrent.CompletableFuture@16974c72[Not completed]
2019-10-08 21:08:51,968 [grpc-default-executor-1] INFO  impl.RaftServerProxy (RaftServerProxy.java:addNew(89)) - b11c6a09-df3d-44f0-9c56-88b487f5aeaa: addNew group-F5B269E6970B:[ffafc24f-f0e1-409e-982f-1c42cdb29933:192.168.5.143:42050, d5a7e1c6-72c1-4128-a6c8-523374656d80:192.168.5.143:46801, b11c6a09-df3d-44f0-9c56-88b487f5aeaa:192.168.5.143:37030] returns group-F5B269E6970B:java.util.concurrent.CompletableFuture@67c1b381[Not completed]
2019-10-08 21:08:51,968 [grpc-default-executor-6] INFO  impl.RaftServerProxy (RaftServerProxy.java:addNew(89)) - ffafc24f-f0e1-409e-982f-1c42cdb29933: addNew group-F5B269E6970B:[ffafc24f-f0e1-409e-982f-1c42cdb29933:192.168.5.143:42050, d5a7e1c6-72c1-4128-a6c8-523374656d80:192.168.5.143:46801, b11c6a09-df3d-44f0-9c56-88b487f5aeaa:192.168.5.143:37030] returns group-F5B269E6970B:java.util.concurrent.CompletableFuture@53306566[Not completed]
2019-10-08 21:08:51,969 [pool-469-thread-1] INFO  impl.RaftServerImpl (RaftServerImpl.java:<init>(95)) - ffafc24f-f0e1-409e-982f-1c42cdb29933: new RaftServerImpl for group-F5B269E6970B:[ffafc24f-f0e1-409e-982f-1c42cdb29933:192.168.5.143:42050, d5a7e1c6-72c1-4128-a6c8-523374656d80:192.168.5.143:46801, b11c6a09-df3d-44f0-9c56-88b487f5aeaa:192.168.5.143:37030] with ContainerStateMachine:uninitialized
2019-10-08 21:08:51,969 [pool-469-thread-1] INFO  server.RaftServerConfigKeys (ConfUtils.java:logGet(43)) - raft.server.rpc.timeout.min = 5s (custom)
2019-10-08 21:08:51,969 [pool-469-thread-1] INFO  server.RaftServerConfigKeys (ConfUtils.java:logGet(43)) - raft.server.rpc.timeout.max = 5200ms (custom)
2019-10-08 21:08:51,969 [pool-469-thread-1] INFO  server.RaftServerConfigKeys (ConfUtils.java:logGet(43)) - raft.server.rpcslowness.timeout = 120s (custom)
2019-10-08 21:08:51,969 [pool-469-thread-1] INFO  server.RaftServerConfigKeys (ConfUtils.java:logGet(43)) - raft.server.sleep.deviation.threshold = 300 (default)
2019-10-08 21:08:51,970 [pool-469-thread-1] INFO  server.RaftServerConfigKeys (ConfUtils.java:logGet(43)) - raft.server.log.appender.install.snapshot.enabled = false (custom)
2019-10-08 21:08:51,970 [pool-459-thread-1] INFO  impl.RaftServerImpl (RaftServerImpl.java:<init>(95)) - b11c6a09-df3d-44f0-9c56-88b487f5aeaa: new RaftServerImpl for group-F5B269E6970B:[ffafc24f-f0e1-409e-982f-1c42cdb29933:192.168.5.143:42050, d5a7e1c6-72c1-4128-a6c8-523374656d80:192.168.5.143:46801, b11c6a09-df3d-44f0-9c56-88b487f5aeaa:192.168.5.143:37030] with ContainerStateMachine:uninitialized
2019-10-08 21:08:51,970 [pool-469-thread-1] INFO  impl.RaftServerImpl (ServerState.java:<init>(103)) - ffafc24f-f0e1-409e-982f-1c42cdb29933@group-F5B269E6970B: ConfigurationManager, init=-1: [ffafc24f-f0e1-409e-982f-1c42cdb29933:192.168.5.143:42050, d5a7e1c6-72c1-4128-a6c8-523374656d80:192.168.5.143:46801, b11c6a09-df3d-44f0-9c56-88b487f5aeaa:192.168.5.143:37030], old=null, confs=<EMPTY_MAP>
2019-10-08 21:08:51,970 [pool-459-thread-1] INFO  server.RaftServerConfigKeys (ConfUtils.java:logGet(43)) - raft.server.rpc.timeout.min = 5s (custom)
2019-10-08 21:08:51,970 [pool-469-thread-1] INFO  server.RaftServerConfigKeys (ConfUtils.java:logGet(43)) - raft.server.storage.dir = [/workdir/hadoop-ozone/integration-test/target/test-dir/MiniOzoneClusterImpl-76b6f63f-e342-488e-8571-ba8c5b8db736/datanode-6/data/ratis] (custom)
2019-10-08 21:08:51,970 [pool-449-thread-1] INFO  impl.RaftServerImpl (RaftServerImpl.java:<init>(95)) - d5a7e1c6-72c1-4128-a6c8-523374656d80: new RaftServerImpl for group-F5B269E6970B:[ffafc24f-f0e1-409e-982f-1c42cdb29933:192.168.5.143:42050, d5a7e1c6-72c1-4128-a6c8-523374656d80:192.168.5.143:46801, b11c6a09-df3d-44f0-9c56-88b487f5aeaa:192.168.5.143:37030] with ContainerStateMachine:uninitialized
2019-10-08 21:08:51,970 [pool-459-thread-1] INFO  server.RaftServerConfigKeys (ConfUtils.java:logGet(43)) - raft.server.rpc.timeout.max = 5200ms (custom)
2019-10-08 21:08:51,970 [pool-469-thread-1] INFO  server.RaftServerConfigKeys (ConfUtils.java:logGet(43)) - raft.server.log.corruption.policy = EXCEPTION (default)
2019-10-08 21:08:51,970 [pool-449-thread-1] INFO  server.RaftServerConfigKeys (ConfUtils.java:logGet(43)) - raft.server.rpc.timeout.min = 5s (custom)
2019-10-08 21:08:51,970 [pool-469-thread-1] INFO  storage.RaftStorageDirectory (RaftStorageDirectory.java:analyzeStorage(246)) - The storage directory /workdir/hadoop-ozone/integration-test/target/test-dir/MiniOzoneClusterImpl-76b6f63f-e342-488e-8571-ba8c5b8db736/datanode-6/data/ratis/e6b7c99a-2439-4212-bd8f-f5b269e6970b does not exist. Creating ...
2019-10-08 21:08:51,970 [pool-459-thread-1] INFO  server.RaftServerConfigKeys (ConfUtils.java:logGet(43)) - raft.server.rpcslowness.timeout = 120s (custom)
2019-10-08 21:08:51,970 [pool-449-thread-1] INFO  server.RaftServerConfigKeys (ConfUtils.java:logGet(43)) - raft.server.rpc.timeout.max = 5200ms (custom)
2019-10-08 21:08:51,971 [pool-459-thread-1] INFO  server.RaftServerConfigKeys (ConfUtils.java:logGet(43)) - raft.server.sleep.deviation.threshold = 300 (default)
2019-10-08 21:08:51,971 [pool-449-thread-1] INFO  server.RaftServerConfigKeys (ConfUtils.java:logGet(43)) - raft.server.rpcslowness.timeout = 120s (custom)
2019-10-08 21:08:51,971 [pool-459-thread-1] INFO  server.RaftServerConfigKeys (ConfUtils.java:logGet(43)) - raft.server.log.appender.install.snapshot.enabled = false (custom)
2019-10-08 21:08:51,971 [pool-449-thread-1] INFO  server.RaftServerConfigKeys (ConfUtils.java:logGet(43)) - raft.server.sleep.deviation.threshold = 300 (default)
2019-10-08 21:08:51,971 [pool-459-thread-1] INFO  impl.RaftServerImpl (ServerState.java:<init>(103)) - b11c6a09-df3d-44f0-9c56-88b487f5aeaa@group-F5B269E6970B: ConfigurationManager, init=-1: [ffafc24f-f0e1-409e-982f-1c42cdb29933:192.168.5.143:42050, d5a7e1c6-72c1-4128-a6c8-523374656d80:192.168.5.143:46801, b11c6a09-df3d-44f0-9c56-88b487f5aeaa:192.168.5.143:37030], old=null, confs=<EMPTY_MAP>
2019-10-08 21:08:51,971 [pool-449-thread-1] INFO  server.RaftServerConfigKeys (ConfUtils.java:logGet(43)) - raft.server.log.appender.install.snapshot.enabled = false (custom)
2019-10-08 21:08:51,971 [pool-459-thread-1] INFO  server.RaftServerConfigKeys (ConfUtils.java:logGet(43)) - raft.server.storage.dir = [/workdir/hadoop-ozone/integration-test/target/test-dir/MiniOzoneClusterImpl-76b6f63f-e342-488e-8571-ba8c5b8db736/datanode-5/data/ratis] (custom)
2019-10-08 21:08:51,971 [pool-449-thread-1] INFO  impl.RaftServerImpl (ServerState.java:<init>(103)) - d5a7e1c6-72c1-4128-a6c8-523374656d80@group-F5B269E6970B: ConfigurationManager, init=-1: [ffafc24f-f0e1-409e-982f-1c42cdb29933:192.168.5.143:42050, d5a7e1c6-72c1-4128-a6c8-523374656d80:192.168.5.143:46801, b11c6a09-df3d-44f0-9c56-88b487f5aeaa:192.168.5.143:37030], old=null, confs=<EMPTY_MAP>
2019-10-08 21:08:51,971 [pool-449-thread-1] INFO  server.RaftServerConfigKeys (ConfUtils.java:logGet(43)) - raft.server.storage.dir = [/workdir/hadoop-ozone/integration-test/target/test-dir/MiniOzoneClusterImpl-76b6f63f-e342-488e-8571-ba8c5b8db736/datanode-4/data/ratis] (custom)
2019-10-08 21:08:51,971 [pool-459-thread-1] INFO  server.RaftServerConfigKeys (ConfUtils.java:logGet(43)) - raft.server.log.corruption.policy = EXCEPTION (default)
2019-10-08 21:08:51,972 [pool-449-thread-1] INFO  server.RaftServerConfigKeys (ConfUtils.java:logGet(43)) - raft.server.log.corruption.policy = EXCEPTION (default)
2019-10-08 21:08:51,972 [pool-459-thread-1] INFO  storage.RaftStorageDirectory (RaftStorageDirectory.java:analyzeStorage(246)) - The storage directory /workdir/hadoop-ozone/integration-test/target/test-dir/MiniOzoneClusterImpl-76b6f63f-e342-488e-8571-ba8c5b8db736/datanode-5/data/ratis/e6b7c99a-2439-4212-bd8f-f5b269e6970b does not exist. Creating ...
2019-10-08 21:08:51,972 [pool-449-thread-1] INFO  storage.RaftStorageDirectory (RaftStorageDirectory.java:analyzeStorage(246)) - The storage directory /workdir/hadoop-ozone/integration-test/target/test-dir/MiniOzoneClusterImpl-76b6f63f-e342-488e-8571-ba8c5b8db736/datanode-4/data/ratis/e6b7c99a-2439-4212-bd8f-f5b269e6970b does not exist. Creating ...
2019-10-08 21:08:51,984 [pool-449-thread-1] INFO  storage.RaftStorageDirectory (RaftStorageDirectory.java:tryLock(328)) - Lock on /workdir/hadoop-ozone/integration-test/target/test-dir/MiniOzoneClusterImpl-76b6f63f-e342-488e-8571-ba8c5b8db736/datanode-4/data/ratis/e6b7c99a-2439-4212-bd8f-f5b269e6970b/in_use.lock acquired by nodename 838@pr-hdds-1868-gtwz2-575081100
2019-10-08 21:08:51,984 [pool-469-thread-1] INFO  storage.RaftStorageDirectory (RaftStorageDirectory.java:tryLock(328)) - Lock on /workdir/hadoop-ozone/integration-test/target/test-dir/MiniOzoneClusterImpl-76b6f63f-e342-488e-8571-ba8c5b8db736/datanode-6/data/ratis/e6b7c99a-2439-4212-bd8f-f5b269e6970b/in_use.lock acquired by nodename 838@pr-hdds-1868-gtwz2-575081100
2019-10-08 21:08:51,984 [pool-459-thread-1] INFO  storage.RaftStorageDirectory (RaftStorageDirectory.java:tryLock(328)) - Lock on /workdir/hadoop-ozone/integration-test/target/test-dir/MiniOzoneClusterImpl-76b6f63f-e342-488e-8571-ba8c5b8db736/datanode-5/data/ratis/e6b7c99a-2439-4212-bd8f-f5b269e6970b/in_use.lock acquired by nodename 838@pr-hdds-1868-gtwz2-575081100
2019-10-08 21:08:51,998 [pool-469-thread-1] INFO  storage.RaftStorage (RaftStorage.java:format(84)) - Storage directory /workdir/hadoop-ozone/integration-test/target/test-dir/MiniOzoneClusterImpl-76b6f63f-e342-488e-8571-ba8c5b8db736/datanode-6/data/ratis/e6b7c99a-2439-4212-bd8f-f5b269e6970b has been successfully formatted.
2019-10-08 21:08:51,998 [pool-449-thread-1] INFO  storage.RaftStorage (RaftStorage.java:format(84)) - Storage directory /workdir/hadoop-ozone/integration-test/target/test-dir/MiniOzoneClusterImpl-76b6f63f-e342-488e-8571-ba8c5b8db736/datanode-4/data/ratis/e6b7c99a-2439-4212-bd8f-f5b269e6970b has been successfully formatted.
2019-10-08 21:08:51,998 [pool-459-thread-1] INFO  storage.RaftStorage (RaftStorage.java:format(84)) - Storage directory /workdir/hadoop-ozone/integration-test/target/test-dir/MiniOzoneClusterImpl-76b6f63f-e342-488e-8571-ba8c5b8db736/datanode-5/data/ratis/e6b7c99a-2439-4212-bd8f-f5b269e6970b has been successfully formatted.
2019-10-08 21:08:51,999 [pool-449-thread-1] INFO  ratis.ContainerStateMachine (ContainerStateMachine.java:loadSnapshot(233)) - group-F5B269E6970B: The snapshot info is null. Setting the last applied indexto:(t:0, i:~)
2019-10-08 21:08:51,999 [pool-469-thread-1] INFO  ratis.ContainerStateMachine (ContainerStateMachine.java:loadSnapshot(233)) - group-F5B269E6970B: The snapshot info is null. Setting the last applied indexto:(t:0, i:~)
2019-10-08 21:08:51,999 [pool-449-thread-1] INFO  server.RaftServerConfigKeys (ConfUtils.java:logGet(43)) - raft.server.notification.no-leader.timeout = 120s (custom)
2019-10-08 21:08:51,999 [pool-459-thread-1] INFO  ratis.ContainerStateMachine (ContainerStateMachine.java:loadSnapshot(233)) - group-F5B269E6970B: The snapshot info is null. Setting the last applied indexto:(t:0, i:~)
2019-10-08 21:08:51,999 [pool-449-thread-1] INFO  server.RaftServerConfigKeys (ConfUtils.java:logGet(43)) - raft.server.log.use.memory = false (default)
2019-10-08 21:08:51,999 [pool-469-thread-1] INFO  server.RaftServerConfigKeys (ConfUtils.java:logGet(43)) - raft.server.notification.no-leader.timeout = 120s (custom)
2019-10-08 21:08:51,999 [pool-449-thread-1] INFO  server.RaftServerConfigKeys (ConfUtils.java:logGet(43)) - raft.server.log.purge.gap = 1000000 (custom)
2019-10-08 21:08:51,999 [pool-459-thread-1] INFO  server.RaftServerConfigKeys (ConfUtils.java:logGet(43)) - raft.server.notification.no-leader.timeout = 120s (custom)
2019-10-08 21:08:51,999 [pool-449-thread-1] INFO  server.RaftServerConfigKeys (ConfUtils.java:logGet(43)) - raft.server.log.appender.buffer.byte-limit = 33554432 (custom)
2019-10-08 21:08:51,999 [pool-469-thread-1] INFO  server.RaftServerConfigKeys (ConfUtils.java:logGet(43)) - raft.server.log.use.memory = false (default)
2019-10-08 21:08:52,000 [pool-449-thread-1] INFO  server.RaftServerConfigKeys (ConfUtils.java:logGet(43)) - raft.server.log.segment.size.max = 1048576 (custom)
2019-10-08 21:08:51,999 [pool-459-thread-1] INFO  server.RaftServerConfigKeys (ConfUtils.java:logGet(43)) - raft.server.log.use.memory = false (default)
2019-10-08 21:08:52,000 [pool-449-thread-1] INFO  server.RaftServerConfigKeys (ConfUtils.java:logGet(43)) - raft.server.log.segment.cache.num.max = 2 (custom)
2019-10-08 21:08:52,000 [pool-469-thread-1] INFO  server.RaftServerConfigKeys (ConfUtils.java:logGet(43)) - raft.server.log.purge.gap = 1000000 (custom)
2019-10-08 21:08:52,000 [pool-449-thread-1] INFO  segmented.SegmentedRaftLogWorker (SegmentedRaftLogWorker.java:<init>(173)) - new d5a7e1c6-72c1-4128-a6c8-523374656d80@group-F5B269E6970B-SegmentedRaftLogWorker for RaftStorage:Storage Directory /workdir/hadoop-ozone/integration-test/target/test-dir/MiniOzoneClusterImpl-76b6f63f-e342-488e-8571-ba8c5b8db736/datanode-4/data/ratis/e6b7c99a-2439-4212-bd8f-f5b269e6970b
2019-10-08 21:08:52,000 [pool-459-thread-1] INFO  server.RaftServerConfigKeys (ConfUtils.java:logGet(43)) - raft.server.log.purge.gap = 1000000 (custom)
2019-10-08 21:08:52,000 [pool-449-thread-1] INFO  server.RaftServerConfigKeys (ConfUtils.java:logGet(43)) - raft.server.log.queue.byte-limit = 2147483647 (custom)
2019-10-08 21:08:52,000 [pool-469-thread-1] INFO  server.RaftServerConfigKeys (ConfUtils.java:logGet(43)) - raft.server.log.appender.buffer.byte-limit = 33554432 (custom)
2019-10-08 21:08:52,000 [pool-449-thread-1] INFO  server.RaftServerConfigKeys (ConfUtils.java:logGet(43)) - raft.server.log.queue.element-limit = 1024 (custom)
2019-10-08 21:08:52,001 [pool-449-thread-1] INFO  server.RaftServerConfigKeys (ConfUtils.java:logGet(43)) - raft.server.log.segment.size.max = 1048576 (custom)
2019-10-08 21:08:52,000 [pool-459-thread-1] INFO  server.RaftServerConfigKeys (ConfUtils.java:logGet(43)) - raft.server.log.appender.buffer.byte-limit = 33554432 (custom)
2019-10-08 21:08:52,001 [pool-449-thread-1] INFO  server.RaftServerConfigKeys (ConfUtils.java:logGet(43)) - raft.server.log.preallocated.size = 16384 (custom)
2019-10-08 21:08:52,001 [pool-469-thread-1] INFO  server.RaftServerConfigKeys (ConfUtils.java:logGet(43)) - raft.server.log.segment.size.max = 1048576 (custom)
2019-10-08 21:08:52,001 [pool-449-thread-1] INFO  server.RaftServerConfigKeys (ConfUtils.java:logGet(43)) - raft.server.log.write.buffer.size = 33554432 (custom)
2019-10-08 21:08:52,001 [pool-459-thread-1] INFO  server.RaftServerConfigKeys (ConfUtils.java:logGet(43)) - raft.server.log.segment.size.max = 1048576 (custom)
2019-10-08 21:08:52,001 [pool-449-thread-1] INFO  server.RaftServerConfigKeys (ConfUtils.java:logGet(43)) - raft.server.log.force.sync.num = 128 (default)
2019-10-08 21:08:52,001 [pool-469-thread-1] INFO  server.RaftServerConfigKeys (ConfUtils.java:logGet(43)) - raft.server.log.segment.cache.num.max = 2 (custom)
2019-10-08 21:08:52,001 [pool-449-thread-1] INFO  server.RaftServerConfigKeys (ConfUtils.java:logGet(43)) - raft.server.log.statemachine.data.sync = true (default)
2019-10-08 21:08:52,001 [pool-459-thread-1] INFO  server.RaftServerConfigKeys (ConfUtils.java:logGet(43)) - raft.server.log.segment.cache.num.max = 2 (custom)
2019-10-08 21:08:52,002 [pool-449-thread-1] INFO  server.RaftServerConfigKeys (ConfUtils.java:logGet(43)) - raft.server.log.statemachine.data.sync.timeout = 10s (default)
2019-10-08 21:08:52,002 [pool-469-thread-1] INFO  segmented.SegmentedRaftLogWorker (SegmentedRaftLogWorker.java:<init>(173)) - new ffafc24f-f0e1-409e-982f-1c42cdb29933@group-F5B269E6970B-SegmentedRaftLogWorker for RaftStorage:Storage Directory /workdir/hadoop-ozone/integration-test/target/test-dir/MiniOzoneClusterImpl-76b6f63f-e342-488e-8571-ba8c5b8db736/datanode-6/data/ratis/e6b7c99a-2439-4212-bd8f-f5b269e6970b
2019-10-08 21:08:52,002 [pool-449-thread-1] INFO  server.RaftServerConfigKeys (ConfUtils.java:logGet(43)) - raft.server.log.statemachine.data.sync.timeout.retry = -1 (default)
2019-10-08 21:08:52,002 [pool-459-thread-1] INFO  segmented.SegmentedRaftLogWorker (SegmentedRaftLogWorker.java:<init>(173)) - new b11c6a09-df3d-44f0-9c56-88b487f5aeaa@group-F5B269E6970B-SegmentedRaftLogWorker for RaftStorage:Storage Directory /workdir/hadoop-ozone/integration-test/target/test-dir/MiniOzoneClusterImpl-76b6f63f-e342-488e-8571-ba8c5b8db736/datanode-5/data/ratis/e6b7c99a-2439-4212-bd8f-f5b269e6970b
2019-10-08 21:08:52,002 [pool-449-thread-1] INFO  server.RaftServerConfigKeys (ConfUtils.java:logGet(43)) - raft.server.log.statemachine.data.caching.enabled = true (custom)
2019-10-08 21:08:52,002 [pool-469-thread-1] INFO  server.RaftServerConfigKeys (ConfUtils.java:logGet(43)) - raft.server.log.queue.byte-limit = 2147483647 (custom)
2019-10-08 21:08:52,002 [pool-459-thread-1] INFO  server.RaftServerConfigKeys (ConfUtils.java:logGet(43)) - raft.server.log.queue.byte-limit = 2147483647 (custom)
2019-10-08 21:08:52,002 [pool-469-thread-1] INFO  server.RaftServerConfigKeys (ConfUtils.java:logGet(43)) - raft.server.log.queue.element-limit = 1024 (custom)
2019-10-08 21:08:52,002 [pool-449-thread-1] INFO  segmented.SegmentedRaftLogWorker (SegmentedRaftLogWorker.java:lambda$new$0(128)) - d5a7e1c6-72c1-4128-a6c8-523374656d80@group-F5B269E6970B-SegmentedRaftLogWorker: flushIndex: setUnconditionally 0 -> -1
2019-10-08 21:08:52,003 [pool-469-thread-1] INFO  server.RaftServerConfigKeys (ConfUtils.java:logGet(43)) - raft.server.log.segment.size.max = 1048576 (custom)
2019-10-08 21:08:52,003 [pool-459-thread-1] INFO  server.RaftServerConfigKeys (ConfUtils.java:logGet(43)) - raft.server.log.queue.element-limit = 1024 (custom)
2019-10-08 21:08:52,003 [pool-449-thread-1] INFO  server.RaftServerConfigKeys (ConfUtils.java:logGet(43)) - raft.server.snapshot.auto.trigger.enabled = true (custom)
2019-10-08 21:08:52,003 [pool-469-thread-1] INFO  server.RaftServerConfigKeys (ConfUtils.java:logGet(43)) - raft.server.log.preallocated.size = 16384 (custom)
2019-10-08 21:08:52,003 [pool-449-thread-1] INFO  server.RaftServerConfigKeys (ConfUtils.java:logGet(43)) - raft.server.snapshot.auto.trigger.threshold = 10000 (custom)
2019-10-08 21:08:52,003 [pool-459-thread-1] INFO  server.RaftServerConfigKeys (ConfUtils.java:logGet(43)) - raft.server.log.segment.size.max = 1048576 (custom)
2019-10-08 21:08:52,003 [pool-449-thread-1] INFO  server.RaftServerConfigKeys (ConfUtils.java:logGet(43)) - raft.server.snapshot.retention.file.num = 5 (custom)
2019-10-08 21:08:52,003 [pool-469-thread-1] INFO  server.RaftServerConfigKeys (ConfUtils.java:logGet(43)) - raft.server.log.write.buffer.size = 33554432 (custom)
2019-10-08 21:08:52,003 [pool-449-thread-1] INFO  server.RaftServerConfigKeys (ConfUtils.java:logGet(43)) - raft.server.retrycache.expirytime = 600000ms (custom)
2019-10-08 21:08:52,003 [pool-459-thread-1] INFO  server.RaftServerConfigKeys (ConfUtils.java:logGet(43)) - raft.server.log.preallocated.size = 16384 (custom)
2019-10-08 21:08:52,003 [pool-469-thread-1] INFO  server.RaftServerConfigKeys (ConfUtils.java:logGet(43)) - raft.server.log.force.sync.num = 128 (default)
2019-10-08 21:08:52,004 [pool-459-thread-1] INFO  server.RaftServerConfigKeys (ConfUtils.java:logGet(43)) - raft.server.log.write.buffer.size = 33554432 (custom)
2019-10-08 21:08:52,004 [pool-469-thread-1] INFO  server.RaftServerConfigKeys (ConfUtils.java:logGet(43)) - raft.server.log.statemachine.data.sync = true (default)
2019-10-08 21:08:52,004 [pool-459-thread-1] INFO  server.RaftServerConfigKeys (ConfUtils.java:logGet(43)) - raft.server.log.force.sync.num = 128 (default)
2019-10-08 21:08:52,004 [pool-469-thread-1] INFO  server.RaftServerConfigKeys (ConfUtils.java:logGet(43)) - raft.server.log.statemachine.data.sync.timeout = 10s (default)
2019-10-08 21:08:52,004 [pool-459-thread-1] INFO  server.RaftServerConfigKeys (ConfUtils.java:logGet(43)) - raft.server.log.statemachine.data.sync = true (default)
2019-10-08 21:08:52,004 [pool-469-thread-1] INFO  server.RaftServerConfigKeys (ConfUtils.java:logGet(43)) - raft.server.log.statemachine.data.sync.timeout.retry = -1 (default)
2019-10-08 21:08:52,004 [pool-459-thread-1] INFO  server.RaftServerConfigKeys (ConfUtils.java:logGet(43)) - raft.server.log.statemachine.data.sync.timeout = 10s (default)
2019-10-08 21:08:52,004 [pool-469-thread-1] INFO  server.RaftServerConfigKeys (ConfUtils.java:logGet(43)) - raft.server.log.statemachine.data.caching.enabled = true (custom)
2019-10-08 21:08:52,004 [pool-459-thread-1] INFO  server.RaftServerConfigKeys (ConfUtils.java:logGet(43)) - raft.server.log.statemachine.data.sync.timeout.retry = -1 (default)
2019-10-08 21:08:52,005 [pool-459-thread-1] INFO  server.RaftServerConfigKeys (ConfUtils.java:logGet(43)) - raft.server.log.statemachine.data.caching.enabled = true (custom)
2019-10-08 21:08:52,005 [pool-469-thread-1] INFO  segmented.SegmentedRaftLogWorker (SegmentedRaftLogWorker.java:lambda$new$0(128)) - ffafc24f-f0e1-409e-982f-1c42cdb29933@group-F5B269E6970B-SegmentedRaftLogWorker: flushIndex: setUnconditionally 0 -> -1
2019-10-08 21:08:52,005 [pool-449-thread-1] INFO  impl.RaftServerImpl (RaftServerImpl.java:start(181)) - d5a7e1c6-72c1-4128-a6c8-523374656d80@group-F5B269E6970B: start as a follower, conf=-1: [ffafc24f-f0e1-409e-982f-1c42cdb29933:192.168.5.143:42050, d5a7e1c6-72c1-4128-a6c8-523374656d80:192.168.5.143:46801, b11c6a09-df3d-44f0-9c56-88b487f5aeaa:192.168.5.143:37030], old=null
2019-10-08 21:08:52,005 [pool-459-thread-1] INFO  segmented.SegmentedRaftLogWorker (SegmentedRaftLogWorker.java:lambda$new$0(128)) - b11c6a09-df3d-44f0-9c56-88b487f5aeaa@group-F5B269E6970B-SegmentedRaftLogWorker: flushIndex: setUnconditionally 0 -> -1
2019-10-08 21:08:52,005 [pool-469-thread-1] INFO  server.RaftServerConfigKeys (ConfUtils.java:logGet(43)) - raft.server.snapshot.auto.trigger.enabled = true (custom)
2019-10-08 21:08:52,005 [pool-449-thread-1] INFO  impl.RaftServerImpl (RaftServerImpl.java:setRole(170)) - d5a7e1c6-72c1-4128-a6c8-523374656d80@group-F5B269E6970B: changes role from      null to FOLLOWER at term 0 for startAsFollower
2019-10-08 21:08:52,005 [pool-469-thread-1] INFO  server.RaftServerConfigKeys (ConfUtils.java:logGet(43)) - raft.server.snapshot.auto.trigger.threshold = 10000 (custom)
2019-10-08 21:08:52,005 [pool-459-thread-1] INFO  server.RaftServerConfigKeys (ConfUtils.java:logGet(43)) - raft.server.snapshot.auto.trigger.enabled = true (custom)
2019-10-08 21:08:52,005 [pool-469-thread-1] INFO  server.RaftServerConfigKeys (ConfUtils.java:logGet(43)) - raft.server.snapshot.retention.file.num = 5 (custom)
2019-10-08 21:08:52,005 [pool-449-thread-1] INFO  impl.RoleInfo (RoleInfo.java:updateAndGet(143)) - d5a7e1c6-72c1-4128-a6c8-523374656d80: start FollowerState
2019-10-08 21:08:52,005 [pool-469-thread-1] INFO  server.RaftServerConfigKeys (ConfUtils.java:logGet(43)) - raft.server.retrycache.expirytime = 600000ms (custom)
2019-10-08 21:08:52,005 [pool-459-thread-1] INFO  server.RaftServerConfigKeys (ConfUtils.java:logGet(43)) - raft.server.snapshot.auto.trigger.threshold = 10000 (custom)
2019-10-08 21:08:52,006 [pool-449-thread-1] INFO  util.JmxRegister (JmxRegister.java:tryRegister(44)) - Successfully registered JMX Bean with object name Ratis:service=RaftServer,group=group-F5B269E6970B,id=d5a7e1c6-72c1-4128-a6c8-523374656d80
2019-10-08 21:08:52,006 [pool-459-thread-1] INFO  server.RaftServerConfigKeys (ConfUtils.java:logGet(43)) - raft.server.snapshot.retention.file.num = 5 (custom)
2019-10-08 21:08:52,006 [pool-459-thread-1] INFO  server.RaftServerConfigKeys (ConfUtils.java:logGet(43)) - raft.server.retrycache.expirytime = 600000ms (custom)
2019-10-08 21:08:52,008 [pool-469-thread-1] INFO  impl.RaftServerImpl (RaftServerImpl.java:start(181)) - ffafc24f-f0e1-409e-982f-1c42cdb29933@group-F5B269E6970B: start as a follower, conf=-1: [ffafc24f-f0e1-409e-982f-1c42cdb29933:192.168.5.143:42050, d5a7e1c6-72c1-4128-a6c8-523374656d80:192.168.5.143:46801, b11c6a09-df3d-44f0-9c56-88b487f5aeaa:192.168.5.143:37030], old=null
2019-10-08 21:08:52,008 [pool-469-thread-1] INFO  impl.RaftServerImpl (RaftServerImpl.java:setRole(170)) - ffafc24f-f0e1-409e-982f-1c42cdb29933@group-F5B269E6970B: changes role from      null to FOLLOWER at term 0 for startAsFollower
2019-10-08 21:08:52,008 [pool-459-thread-1] INFO  impl.RaftServerImpl (RaftServerImpl.java:start(181)) - b11c6a09-df3d-44f0-9c56-88b487f5aeaa@group-F5B269E6970B: start as a follower, conf=-1: [ffafc24f-f0e1-409e-982f-1c42cdb29933:192.168.5.143:42050, d5a7e1c6-72c1-4128-a6c8-523374656d80:192.168.5.143:46801, b11c6a09-df3d-44f0-9c56-88b487f5aeaa:192.168.5.143:37030], old=null
2019-10-08 21:08:52,008 [pool-469-thread-1] INFO  impl.RoleInfo (RoleInfo.java:updateAndGet(143)) - ffafc24f-f0e1-409e-982f-1c42cdb29933: start FollowerState
2019-10-08 21:08:52,009 [pool-459-thread-1] INFO  impl.RaftServerImpl (RaftServerImpl.java:setRole(170)) - b11c6a09-df3d-44f0-9c56-88b487f5aeaa@group-F5B269E6970B: changes role from      null to FOLLOWER at term 0 for startAsFollower
2019-10-08 21:08:52,009 [pool-459-thread-1] INFO  impl.RoleInfo (RoleInfo.java:updateAndGet(143)) - b11c6a09-df3d-44f0-9c56-88b487f5aeaa: start FollowerState
2019-10-08 21:08:52,026 [pool-469-thread-1] INFO  util.JmxRegister (JmxRegister.java:tryRegister(44)) - Successfully registered JMX Bean with object name Ratis:service=RaftServer,group=group-F5B269E6970B,id=ffafc24f-f0e1-409e-982f-1c42cdb29933
2019-10-08 21:08:52,026 [pool-459-thread-1] INFO  util.JmxRegister (JmxRegister.java:tryRegister(44)) - Successfully registered JMX Bean with object name Ratis:service=RaftServer,group=group-F5B269E6970B,id=b11c6a09-df3d-44f0-9c56-88b487f5aeaa
2019-10-08 21:08:52,030 [RatisPipelineUtilsThread] INFO  pipeline.PipelineStateManager (PipelineStateManager.java:addPipeline(57)) - Created pipeline Pipeline[ Id: e6b7c99a-2439-4212-bd8f-f5b269e6970b, Nodes: ffafc24f-f0e1-409e-982f-1c42cdb29933{ip: 192.168.5.143, host: pr-hdds-1868-gtwz2-575081100, networkLocation: /default-rack, certSerialId: null}b11c6a09-df3d-44f0-9c56-88b487f5aeaa{ip: 192.168.5.143, host: pr-hdds-1868-gtwz2-575081100, networkLocation: /default-rack, certSerialId: null}d5a7e1c6-72c1-4128-a6c8-523374656d80{ip: 192.168.5.143, host: pr-hdds-1868-gtwz2-575081100, networkLocation: /default-rack, certSerialId: null}, Type:RATIS, Factor:THREE, State:ALLOCATED]
2019-10-08 21:08:52,030 [Thread-3245] INFO  pipeline.PipelineStateManager (PipelineStateManager.java:finalizePipeline(123)) - Pipeline Pipeline[ Id: 0cf6ee05-06f0-43cb-8f75-82b3c7dc8a78, Nodes: 563427f3-50ed-4c45-a12e-b3f5127aec9c{ip: 192.168.5.143, host: pr-hdds-1868-gtwz2-575081100, networkLocation: /default-rack, certSerialId: null}6a70038f-f0b2-4d35-91e9-47692da92d1a{ip: 192.168.5.143, host: pr-hdds-1868-gtwz2-575081100, networkLocation: /default-rack, certSerialId: null}83f89ce6-f7da-4fc8-87e9-1476e88e7ab1{ip: 192.168.5.143, host: pr-hdds-1868-gtwz2-575081100, networkLocation: /default-rack, certSerialId: null}, Type:RATIS, Factor:THREE, State:CLOSED] moved to CLOSED state
2019-10-08 21:08:52,036 [grpc-default-executor-6] INFO  impl.RaftServerProxy (RaftServerProxy.java:remove(95)) - 563427f3-50ed-4c45-a12e-b3f5127aec9c: remove  FOLLOWER 563427f3-50ed-4c45-a12e-b3f5127aec9c@group-82B3C7DC8A78:t0, leader=null, voted=null, raftlog=563427f3-50ed-4c45-a12e-b3f5127aec9c@group-82B3C7DC8A78-SegmentedRaftLog:OPENED:c-1,f-1,i0, conf=-1: [563427f3-50ed-4c45-a12e-b3f5127aec9c:192.168.5.143:32835, 6a70038f-f0b2-4d35-91e9-47692da92d1a:192.168.5.143:35516, 83f89ce6-f7da-4fc8-87e9-1476e88e7ab1:192.168.5.143:45883], old=null RUNNING
2019-10-08 21:08:52,036 [grpc-default-executor-6] INFO  impl.RaftServerImpl (RaftServerImpl.java:lambda$shutdown$3(247)) - 563427f3-50ed-4c45-a12e-b3f5127aec9c@group-82B3C7DC8A78: shutdown
2019-10-08 21:08:52,036 [grpc-default-executor-6] INFO  util.JmxRegister (JmxRegister.java:unregister(73)) - Successfully un-registered JMX Bean with object name Ratis:service=RaftServer,group=group-82B3C7DC8A78,id=563427f3-50ed-4c45-a12e-b3f5127aec9c
2019-10-08 21:08:52,036 [grpc-default-executor-6] INFO  impl.RoleInfo (RoleInfo.java:shutdownFollowerState(121)) - 563427f3-50ed-4c45-a12e-b3f5127aec9c: shutdown FollowerState
2019-10-08 21:08:52,037 [grpc-default-executor-6] INFO  impl.StateMachineUpdater (StateMachineUpdater.java:stopAndJoin(136)) - 563427f3-50ed-4c45-a12e-b3f5127aec9c@group-82B3C7DC8A78-StateMachineUpdater: set stopIndex = -1
2019-10-08 21:08:52,037 [Thread-3260] INFO  impl.FollowerState (FollowerState.java:run(117)) - 563427f3-50ed-4c45-a12e-b3f5127aec9c@group-82B3C7DC8A78-FollowerState was interrupted: java.lang.InterruptedException: sleep interrupted
2019-10-08 21:08:52,037 [grpc-default-executor-6] INFO  impl.RaftServerImpl (ServerState.java:close(387)) - 563427f3-50ed-4c45-a12e-b3f5127aec9c@group-82B3C7DC8A78: closes. applyIndex: -1
2019-10-08 21:08:52,039 [main] INFO  ozone.MiniOzoneClusterImpl (MiniOzoneClusterImpl.java:lambda$waitForClusterToBeReady$2(164)) - Waiting for 8 number of pipelines out of 9, to report a leader.
2019-10-08 21:08:52,039 [563427f3-50ed-4c45-a12e-b3f5127aec9c@group-82B3C7DC8A78-SegmentedRaftLogWorker] INFO  segmented.SegmentedRaftLogWorker (SegmentedRaftLogWorker.java:run(316)) - 563427f3-50ed-4c45-a12e-b3f5127aec9c@group-82B3C7DC8A78-SegmentedRaftLogWorker was interrupted, exiting. There are 0 tasks remaining in the queue.
2019-10-08 21:08:52,039 [grpc-default-executor-6] INFO  segmented.SegmentedRaftLogWorker (SegmentedRaftLogWorker.java:close(224)) - 563427f3-50ed-4c45-a12e-b3f5127aec9c@group-82B3C7DC8A78-SegmentedRaftLogWorker close()
2019-10-08 21:08:52,048 [grpc-default-executor-6] INFO  impl.RaftServerProxy (RaftServerProxy.java:remove(95)) - 6a70038f-f0b2-4d35-91e9-47692da92d1a: remove  FOLLOWER 6a70038f-f0b2-4d35-91e9-47692da92d1a@group-82B3C7DC8A78:t0, leader=null, voted=null, raftlog=6a70038f-f0b2-4d35-91e9-47692da92d1a@group-82B3C7DC8A78-SegmentedRaftLog:OPENED:c-1,f-1,i0, conf=-1: [563427f3-50ed-4c45-a12e-b3f5127aec9c:192.168.5.143:32835, 6a70038f-f0b2-4d35-91e9-47692da92d1a:192.168.5.143:35516, 83f89ce6-f7da-4fc8-87e9-1476e88e7ab1:192.168.5.143:45883], old=null RUNNING
2019-10-08 21:08:52,048 [grpc-default-executor-6] INFO  impl.RaftServerImpl (RaftServerImpl.java:lambda$shutdown$3(247)) - 6a70038f-f0b2-4d35-91e9-47692da92d1a@group-82B3C7DC8A78: shutdown
2019-10-08 21:08:52,048 [grpc-default-executor-6] INFO  util.JmxRegister (JmxRegister.java:unregister(73)) - Successfully un-registered JMX Bean with object name Ratis:service=RaftServer,group=group-82B3C7DC8A78,id=6a70038f-f0b2-4d35-91e9-47692da92d1a
2019-10-08 21:08:52,048 [grpc-default-executor-6] INFO  impl.RoleInfo (RoleInfo.java:shutdownFollowerState(121)) - 6a70038f-f0b2-4d35-91e9-47692da92d1a: shutdown FollowerState
2019-10-08 21:08:52,048 [grpc-default-executor-6] INFO  impl.StateMachineUpdater (StateMachineUpdater.java:stopAndJoin(136)) - 6a70038f-f0b2-4d35-91e9-47692da92d1a@group-82B3C7DC8A78-StateMachineUpdater: set stopIndex = -1
2019-10-08 21:08:52,048 [Thread-3256] INFO  impl.FollowerState (FollowerState.java:run(117)) - 6a70038f-f0b2-4d35-91e9-47692da92d1a@group-82B3C7DC8A78-FollowerState was interrupted: java.lang.InterruptedException: sleep interrupted
2019-10-08 21:08:52,048 [grpc-default-executor-6] INFO  impl.RaftServerImpl (ServerState.java:close(387)) - 6a70038f-f0b2-4d35-91e9-47692da92d1a@group-82B3C7DC8A78: closes. applyIndex: -1
2019-10-08 21:08:52,051 [6a70038f-f0b2-4d35-91e9-47692da92d1a@group-82B3C7DC8A78-SegmentedRaftLogWorker] INFO  segmented.SegmentedRaftLogWorker (SegmentedRaftLogWorker.java:run(316)) - 6a70038f-f0b2-4d35-91e9-47692da92d1a@group-82B3C7DC8A78-SegmentedRaftLogWorker was interrupted, exiting. There are 0 tasks remaining in the queue.
2019-10-08 21:08:52,051 [grpc-default-executor-6] INFO  segmented.SegmentedRaftLogWorker (SegmentedRaftLogWorker.java:close(224)) - 6a70038f-f0b2-4d35-91e9-47692da92d1a@group-82B3C7DC8A78-SegmentedRaftLogWorker close()
2019-10-08 21:08:52,059 [grpc-default-executor-6] INFO  impl.RaftServerProxy (RaftServerProxy.java:remove(95)) - 83f89ce6-f7da-4fc8-87e9-1476e88e7ab1: remove  FOLLOWER 83f89ce6-f7da-4fc8-87e9-1476e88e7ab1@group-82B3C7DC8A78:t0, leader=null, voted=null, raftlog=83f89ce6-f7da-4fc8-87e9-1476e88e7ab1@group-82B3C7DC8A78-SegmentedRaftLog:OPENED:c-1,f-1,i0, conf=-1: [563427f3-50ed-4c45-a12e-b3f5127aec9c:192.168.5.143:32835, 6a70038f-f0b2-4d35-91e9-47692da92d1a:192.168.5.143:35516, 83f89ce6-f7da-4fc8-87e9-1476e88e7ab1:192.168.5.143:45883], old=null RUNNING
2019-10-08 21:08:52,059 [grpc-default-executor-6] INFO  impl.RaftServerImpl (RaftServerImpl.java:lambda$shutdown$3(247)) - 83f89ce6-f7da-4fc8-87e9-1476e88e7ab1@group-82B3C7DC8A78: shutdown
2019-10-08 21:08:52,060 [grpc-default-executor-6] INFO  util.JmxRegister (JmxRegister.java:unregister(73)) - Successfully un-registered JMX Bean with object name Ratis:service=RaftServer,group=group-82B3C7DC8A78,id=83f89ce6-f7da-4fc8-87e9-1476e88e7ab1
2019-10-08 21:08:52,060 [grpc-default-executor-6] INFO  impl.RoleInfo (RoleInfo.java:shutdownFollowerState(121)) - 83f89ce6-f7da-4fc8-87e9-1476e88e7ab1: shutdown FollowerState
2019-10-08 21:08:52,060 [grpc-default-executor-6] INFO  impl.StateMachineUpdater (StateMachineUpdater.java:stopAndJoin(136)) - 83f89ce6-f7da-4fc8-87e9-1476e88e7ab1@group-82B3C7DC8A78-StateMachineUpdater: set stopIndex = -1
2019-10-08 21:08:52,060 [Thread-3261] INFO  impl.FollowerState (FollowerState.java:run(117)) - 83f89ce6-f7da-4fc8-87e9-1476e88e7ab1@group-82B3C7DC8A78-FollowerState was interrupted: java.lang.InterruptedException: sleep interrupted
2019-10-08 21:08:52,060 [grpc-default-executor-6] INFO  impl.RaftServerImpl (ServerState.java:close(387)) - 83f89ce6-f7da-4fc8-87e9-1476e88e7ab1@group-82B3C7DC8A78: closes. applyIndex: -1
2019-10-08 21:08:52,062 [83f89ce6-f7da-4fc8-87e9-1476e88e7ab1@group-82B3C7DC8A78-SegmentedRaftLogWorker] INFO  segmented.SegmentedRaftLogWorker (SegmentedRaftLogWorker.java:run(316)) - 83f89ce6-f7da-4fc8-87e9-1476e88e7ab1@group-82B3C7DC8A78-SegmentedRaftLogWorker was interrupted, exiting. There are 0 tasks remaining in the queue.
2019-10-08 21:08:52,062 [grpc-default-executor-6] INFO  segmented.SegmentedRaftLogWorker (SegmentedRaftLogWorker.java:close(224)) - 83f89ce6-f7da-4fc8-87e9-1476e88e7ab1@group-82B3C7DC8A78-SegmentedRaftLogWorker close()
2019-10-08 21:08:52,067 [Thread-3245] INFO  pipeline.PipelineStateManager (PipelineStateManager.java:removePipeline(108)) - Pipeline Pipeline[ Id: 0cf6ee05-06f0-43cb-8f75-82b3c7dc8a78, Nodes: 563427f3-50ed-4c45-a12e-b3f5127aec9c{ip: 192.168.5.143, host: pr-hdds-1868-gtwz2-575081100, networkLocation: /default-rack, certSerialId: null}6a70038f-f0b2-4d35-91e9-47692da92d1a{ip: 192.168.5.143, host: pr-hdds-1868-gtwz2-575081100, networkLocation: /default-rack, certSerialId: null}83f89ce6-f7da-4fc8-87e9-1476e88e7ab1{ip: 192.168.5.143, host: pr-hdds-1868-gtwz2-575081100, networkLocation: /default-rack, certSerialId: null}, Type:RATIS, Factor:THREE, State:CLOSED] removed from db
2019-10-08 21:08:52,068 [Thread-3245] INFO  pipeline.SCMPipelineManager (SCMPipelineManager.java:finalizeAndDestroyPipeline(315)) - destroying pipeline:Pipeline[ Id: bc99f793-819e-4ba6-bd50-d7ef3353fa92, Nodes: 563427f3-50ed-4c45-a12e-b3f5127aec9c{ip: 192.168.5.143, host: pr-hdds-1868-gtwz2-575081100, networkLocation: /default-rack, certSerialId: null}, Type:RATIS, Factor:ONE, State:ALLOCATED]
2019-10-08 21:08:52,072 [grpc-default-executor-7] INFO  impl.RaftServerProxy (RaftServerProxy.java:addNew(89)) - d17645eb-f5d0-4e03-ba92-dd2963a93e84: addNew group-896469FEBA97:[d17645eb-f5d0-4e03-ba92-dd2963a93e84:192.168.5.143:34967, 563427f3-50ed-4c45-a12e-b3f5127aec9c:192.168.5.143:32835, 6a70038f-f0b2-4d35-91e9-47692da92d1a:192.168.5.143:35516] returns group-896469FEBA97:java.util.concurrent.CompletableFuture@3eb0b779[Not completed]
2019-10-08 21:08:52,072 [grpc-default-executor-6] INFO  impl.RaftServerProxy (RaftServerProxy.java:addNew(89)) - 563427f3-50ed-4c45-a12e-b3f5127aec9c: addNew group-896469FEBA97:[d17645eb-f5d0-4e03-ba92-dd2963a93e84:192.168.5.143:34967, 563427f3-50ed-4c45-a12e-b3f5127aec9c:192.168.5.143:32835, 6a70038f-f0b2-4d35-91e9-47692da92d1a:192.168.5.143:35516] returns group-896469FEBA97:java.util.concurrent.CompletableFuture@68e4f547[Not completed]
2019-10-08 21:08:52,072 [grpc-default-executor-1] INFO  impl.RaftServerProxy (RaftServerProxy.java:addNew(89)) - 6a70038f-f0b2-4d35-91e9-47692da92d1a: addNew group-896469FEBA97:[d17645eb-f5d0-4e03-ba92-dd2963a93e84:192.168.5.143:34967, 563427f3-50ed-4c45-a12e-b3f5127aec9c:192.168.5.143:32835, 6a70038f-f0b2-4d35-91e9-47692da92d1a:192.168.5.143:35516] returns group-896469FEBA97:java.util.concurrent.CompletableFuture@65ab32c5[Not completed]
2019-10-08 21:08:52,073 [pool-419-thread-1] INFO  impl.RaftServerImpl (RaftServerImpl.java:<init>(95)) - 6a70038f-f0b2-4d35-91e9-47692da92d1a: new RaftServerImpl for group-896469FEBA97:[d17645eb-f5d0-4e03-ba92-dd2963a93e84:192.168.5.143:34967, 563427f3-50ed-4c45-a12e-b3f5127aec9c:192.168.5.143:32835, 6a70038f-f0b2-4d35-91e9-47692da92d1a:192.168.5.143:35516] with ContainerStateMachine:uninitialized
2019-10-08 21:08:52,073 [pool-419-thread-1] INFO  server.RaftServerConfigKeys (ConfUtils.java:logGet(43)) - raft.server.rpc.timeout.min = 5s (custom)
2019-10-08 21:08:52,073 [pool-419-thread-1] INFO  server.RaftServerConfigKeys (ConfUtils.java:logGet(43)) - raft.server.rpc.timeout.max = 5200ms (custom)
2019-10-08 21:08:52,073 [pool-419-thread-1] INFO  server.RaftServerConfigKeys (ConfUtils.java:logGet(43)) - raft.server.rpcslowness.timeout = 120s (custom)
2019-10-08 21:08:52,073 [pool-419-thread-1] INFO  server.RaftServerConfigKeys (ConfUtils.java:logGet(43)) - raft.server.sleep.deviation.threshold = 300 (default)
2019-10-08 21:08:52,073 [pool-409-thread-1] INFO  impl.RaftServerImpl (RaftServerImpl.java:<init>(95)) - 563427f3-50ed-4c45-a12e-b3f5127aec9c: new RaftServerImpl for group-896469FEBA97:[d17645eb-f5d0-4e03-ba92-dd2963a93e84:192.168.5.143:34967, 563427f3-50ed-4c45-a12e-b3f5127aec9c:192.168.5.143:32835, 6a70038f-f0b2-4d35-91e9-47692da92d1a:192.168.5.143:35516] with ContainerStateMachine:uninitialized
2019-10-08 21:08:52,073 [pool-419-thread-1] INFO  server.RaftServerConfigKeys (ConfUtils.java:logGet(43)) - raft.server.log.appender.install.snapshot.enabled = false (custom)
2019-10-08 21:08:52,074 [pool-409-thread-1] INFO  server.RaftServerConfigKeys (ConfUtils.java:logGet(43)) - raft.server.rpc.timeout.min = 5s (custom)
2019-10-08 21:08:52,074 [pool-419-thread-1] INFO  impl.RaftServerImpl (ServerState.java:<init>(103)) - 6a70038f-f0b2-4d35-91e9-47692da92d1a@group-896469FEBA97: ConfigurationManager, init=-1: [d17645eb-f5d0-4e03-ba92-dd2963a93e84:192.168.5.143:34967, 563427f3-50ed-4c45-a12e-b3f5127aec9c:192.168.5.143:32835, 6a70038f-f0b2-4d35-91e9-47692da92d1a:192.168.5.143:35516], old=null, confs=<EMPTY_MAP>
2019-10-08 21:08:52,074 [pool-439-thread-1] INFO  impl.RaftServerImpl (RaftServerImpl.java:<init>(95)) - d17645eb-f5d0-4e03-ba92-dd2963a93e84: new RaftServerImpl for group-896469FEBA97:[d17645eb-f5d0-4e03-ba92-dd2963a93e84:192.168.5.143:34967, 563427f3-50ed-4c45-a12e-b3f5127aec9c:192.168.5.143:32835, 6a70038f-f0b2-4d35-91e9-47692da92d1a:192.168.5.143:35516] with ContainerStateMachine:uninitialized
2019-10-08 21:08:52,074 [pool-409-thread-1] INFO  server.RaftServerConfigKeys (ConfUtils.java:logGet(43)) - raft.server.rpc.timeout.max = 5200ms (custom)
2019-10-08 21:08:52,074 [pool-439-thread-1] INFO  server.RaftServerConfigKeys (ConfUtils.java:logGet(43)) - raft.server.rpc.timeout.min = 5s (custom)
2019-10-08 21:08:52,074 [pool-419-thread-1] INFO  server.RaftServerConfigKeys (ConfUtils.java:logGet(43)) - raft.server.storage.dir = [/workdir/hadoop-ozone/integration-test/target/test-dir/MiniOzoneClusterImpl-76b6f63f-e342-488e-8571-ba8c5b8db736/datanode-1/data/ratis] (custom)
2019-10-08 21:08:52,074 [pool-439-thread-1] INFO  server.RaftServerConfigKeys (ConfUtils.java:logGet(43)) - raft.server.rpc.timeout.max = 5200ms (custom)
2019-10-08 21:08:52,074 [pool-409-thread-1] INFO  server.RaftServerConfigKeys (ConfUtils.java:logGet(43)) - raft.server.rpcslowness.timeout = 120s (custom)
2019-10-08 21:08:52,074 [pool-419-thread-1] INFO  server.RaftServerConfigKeys (ConfUtils.java:logGet(43)) - raft.server.log.corruption.policy = EXCEPTION (default)
2019-10-08 21:08:52,074 [pool-439-thread-1] INFO  server.RaftServerConfigKeys (ConfUtils.java:logGet(43)) - raft.server.rpcslowness.timeout = 120s (custom)
2019-10-08 21:08:52,074 [pool-419-thread-1] INFO  storage.RaftStorageDirectory (RaftStorageDirectory.java:analyzeStorage(246)) - The storage directory /workdir/hadoop-ozone/integration-test/target/test-dir/MiniOzoneClusterImpl-76b6f63f-e342-488e-8571-ba8c5b8db736/datanode-1/data/ratis/f5c62137-b8b2-4402-af6c-896469feba97 does not exist. Creating ...
2019-10-08 21:08:52,074 [pool-409-thread-1] INFO  server.RaftServerConfigKeys (ConfUtils.java:logGet(43)) - raft.server.sleep.deviation.threshold = 300 (default)
2019-10-08 21:08:52,074 [pool-439-thread-1] INFO  server.RaftServerConfigKeys (ConfUtils.java:logGet(43)) - raft.server.sleep.deviation.threshold = 300 (default)
2019-10-08 21:08:52,075 [pool-409-thread-1] INFO  server.RaftServerConfigKeys (ConfUtils.java:logGet(43)) - raft.server.log.appender.install.snapshot.enabled = false (custom)
2019-10-08 21:08:52,075 [pool-439-thread-1] INFO  server.RaftServerConfigKeys (ConfUtils.java:logGet(43)) - raft.server.log.appender.install.snapshot.enabled = false (custom)
2019-10-08 21:08:52,075 [pool-409-thread-1] INFO  impl.RaftServerImpl (ServerState.java:<init>(103)) - 563427f3-50ed-4c45-a12e-b3f5127aec9c@group-896469FEBA97: ConfigurationManager, init=-1: [d17645eb-f5d0-4e03-ba92-dd2963a93e84:192.168.5.143:34967, 563427f3-50ed-4c45-a12e-b3f5127aec9c:192.168.5.143:32835, 6a70038f-f0b2-4d35-91e9-47692da92d1a:192.168.5.143:35516], old=null, confs=<EMPTY_MAP>
2019-10-08 21:08:52,075 [pool-439-thread-1] INFO  impl.RaftServerImpl (ServerState.java:<init>(103)) - d17645eb-f5d0-4e03-ba92-dd2963a93e84@group-896469FEBA97: ConfigurationManager, init=-1: [d17645eb-f5d0-4e03-ba92-dd2963a93e84:192.168.5.143:34967, 563427f3-50ed-4c45-a12e-b3f5127aec9c:192.168.5.143:32835, 6a70038f-f0b2-4d35-91e9-47692da92d1a:192.168.5.143:35516], old=null, confs=<EMPTY_MAP>
2019-10-08 21:08:52,075 [pool-409-thread-1] INFO  server.RaftServerConfigKeys (ConfUtils.java:logGet(43)) - raft.server.storage.dir = [/workdir/hadoop-ozone/integration-test/target/test-dir/MiniOzoneClusterImpl-76b6f63f-e342-488e-8571-ba8c5b8db736/datanode-0/data/ratis] (custom)
2019-10-08 21:08:52,075 [pool-439-thread-1] INFO  server.RaftServerConfigKeys (ConfUtils.java:logGet(43)) - raft.server.storage.dir = [/workdir/hadoop-ozone/integration-test/target/test-dir/MiniOzoneClusterImpl-76b6f63f-e342-488e-8571-ba8c5b8db736/datanode-3/data/ratis] (custom)
2019-10-08 21:08:52,075 [pool-409-thread-1] INFO  server.RaftServerConfigKeys (ConfUtils.java:logGet(43)) - raft.server.log.corruption.policy = EXCEPTION (default)
2019-10-08 21:08:52,075 [pool-439-thread-1] INFO  server.RaftServerConfigKeys (ConfUtils.java:logGet(43)) - raft.server.log.corruption.policy = EXCEPTION (default)
2019-10-08 21:08:52,075 [pool-409-thread-1] INFO  storage.RaftStorageDirectory (RaftStorageDirectory.java:analyzeStorage(246)) - The storage directory /workdir/hadoop-ozone/integration-test/target/test-dir/MiniOzoneClusterImpl-76b6f63f-e342-488e-8571-ba8c5b8db736/datanode-0/data/ratis/f5c62137-b8b2-4402-af6c-896469feba97 does not exist. Creating ...
2019-10-08 21:08:52,075 [pool-439-thread-1] INFO  storage.RaftStorageDirectory (RaftStorageDirectory.java:analyzeStorage(246)) - The storage directory /workdir/hadoop-ozone/integration-test/target/test-dir/MiniOzoneClusterImpl-76b6f63f-e342-488e-8571-ba8c5b8db736/datanode-3/data/ratis/f5c62137-b8b2-4402-af6c-896469feba97 does not exist. Creating ...
2019-10-08 21:08:52,088 [pool-439-thread-1] INFO  storage.RaftStorageDirectory (RaftStorageDirectory.java:tryLock(328)) - Lock on /workdir/hadoop-ozone/integration-test/target/test-dir/MiniOzoneClusterImpl-76b6f63f-e342-488e-8571-ba8c5b8db736/datanode-3/data/ratis/f5c62137-b8b2-4402-af6c-896469feba97/in_use.lock acquired by nodename 838@pr-hdds-1868-gtwz2-575081100
2019-10-08 21:08:52,088 [pool-409-thread-1] INFO  storage.RaftStorageDirectory (RaftStorageDirectory.java:tryLock(328)) - Lock on /workdir/hadoop-ozone/integration-test/target/test-dir/MiniOzoneClusterImpl-76b6f63f-e342-488e-8571-ba8c5b8db736/datanode-0/data/ratis/f5c62137-b8b2-4402-af6c-896469feba97/in_use.lock acquired by nodename 838@pr-hdds-1868-gtwz2-575081100
2019-10-08 21:08:52,088 [pool-419-thread-1] INFO  storage.RaftStorageDirectory (RaftStorageDirectory.java:tryLock(328)) - Lock on /workdir/hadoop-ozone/integration-test/target/test-dir/MiniOzoneClusterImpl-76b6f63f-e342-488e-8571-ba8c5b8db736/datanode-1/data/ratis/f5c62137-b8b2-4402-af6c-896469feba97/in_use.lock acquired by nodename 838@pr-hdds-1868-gtwz2-575081100
2019-10-08 21:08:52,102 [pool-439-thread-1] INFO  storage.RaftStorage (RaftStorage.java:format(84)) - Storage directory /workdir/hadoop-ozone/integration-test/target/test-dir/MiniOzoneClusterImpl-76b6f63f-e342-488e-8571-ba8c5b8db736/datanode-3/data/ratis/f5c62137-b8b2-4402-af6c-896469feba97 has been successfully formatted.
2019-10-08 21:08:52,102 [pool-419-thread-1] INFO  storage.RaftStorage (RaftStorage.java:format(84)) - Storage directory /workdir/hadoop-ozone/integration-test/target/test-dir/MiniOzoneClusterImpl-76b6f63f-e342-488e-8571-ba8c5b8db736/datanode-1/data/ratis/f5c62137-b8b2-4402-af6c-896469feba97 has been successfully formatted.
2019-10-08 21:08:52,102 [pool-409-thread-1] INFO  storage.RaftStorage (RaftStorage.java:format(84)) - Storage directory /workdir/hadoop-ozone/integration-test/target/test-dir/MiniOzoneClusterImpl-76b6f63f-e342-488e-8571-ba8c5b8db736/datanode-0/data/ratis/f5c62137-b8b2-4402-af6c-896469feba97 has been successfully formatted.
2019-10-08 21:08:52,102 [pool-419-thread-1] INFO  ratis.ContainerStateMachine (ContainerStateMachine.java:loadSnapshot(233)) - group-896469FEBA97: The snapshot info is null. Setting the last applied indexto:(t:0, i:~)
2019-10-08 21:08:52,102 [pool-439-thread-1] INFO  ratis.ContainerStateMachine (ContainerStateMachine.java:loadSnapshot(233)) - group-896469FEBA97: The snapshot info is null. Setting the last applied indexto:(t:0, i:~)
2019-10-08 21:08:52,102 [pool-419-thread-1] INFO  server.RaftServerConfigKeys (ConfUtils.java:logGet(43)) - raft.server.notification.no-leader.timeout = 120s (custom)
2019-10-08 21:08:52,102 [pool-409-thread-1] INFO  ratis.ContainerStateMachine (ContainerStateMachine.java:loadSnapshot(233)) - group-896469FEBA97: The snapshot info is null. Setting the last applied indexto:(t:0, i:~)
2019-10-08 21:08:52,102 [pool-419-thread-1] INFO  server.RaftServerConfigKeys (ConfUtils.java:logGet(43)) - raft.server.log.use.memory = false (default)
2019-10-08 21:08:52,102 [pool-439-thread-1] INFO  server.RaftServerConfigKeys (ConfUtils.java:logGet(43)) - raft.server.notification.no-leader.timeout = 120s (custom)
2019-10-08 21:08:52,102 [pool-419-thread-1] INFO  server.RaftServerConfigKeys (ConfUtils.java:logGet(43)) - raft.server.log.purge.gap = 1000000 (custom)
2019-10-08 21:08:52,102 [pool-409-thread-1] INFO  server.RaftServerConfigKeys (ConfUtils.java:logGet(43)) - raft.server.notification.no-leader.timeout = 120s (custom)
2019-10-08 21:08:52,102 [pool-419-thread-1] INFO  server.RaftServerConfigKeys (ConfUtils.java:logGet(43)) - raft.server.log.appender.buffer.byte-limit = 33554432 (custom)
2019-10-08 21:08:52,102 [pool-439-thread-1] INFO  server.RaftServerConfigKeys (ConfUtils.java:logGet(43)) - raft.server.log.use.memory = false (default)
2019-10-08 21:08:52,103 [pool-419-thread-1] INFO  server.RaftServerConfigKeys (ConfUtils.java:logGet(43)) - raft.server.log.segment.size.max = 1048576 (custom)
2019-10-08 21:08:52,103 [pool-409-thread-1] INFO  server.RaftServerConfigKeys (ConfUtils.java:logGet(43)) - raft.server.log.use.memory = false (default)
2019-10-08 21:08:52,103 [pool-419-thread-1] INFO  server.RaftServerConfigKeys (ConfUtils.java:logGet(43)) - raft.server.log.segment.cache.num.max = 2 (custom)
2019-10-08 21:08:52,103 [pool-439-thread-1] INFO  server.RaftServerConfigKeys (ConfUtils.java:logGet(43)) - raft.server.log.purge.gap = 1000000 (custom)
2019-10-08 21:08:52,103 [pool-419-thread-1] INFO  segmented.SegmentedRaftLogWorker (SegmentedRaftLogWorker.java:<init>(173)) - new 6a70038f-f0b2-4d35-91e9-47692da92d1a@group-896469FEBA97-SegmentedRaftLogWorker for RaftStorage:Storage Directory /workdir/hadoop-ozone/integration-test/target/test-dir/MiniOzoneClusterImpl-76b6f63f-e342-488e-8571-ba8c5b8db736/datanode-1/data/ratis/f5c62137-b8b2-4402-af6c-896469feba97
2019-10-08 21:08:52,103 [pool-409-thread-1] INFO  server.RaftServerConfigKeys (ConfUtils.java:logGet(43)) - raft.server.log.purge.gap = 1000000 (custom)
2019-10-08 21:08:52,103 [pool-419-thread-1] INFO  server.RaftServerConfigKeys (ConfUtils.java:logGet(43)) - raft.server.log.queue.byte-limit = 2147483647 (custom)
2019-10-08 21:08:52,103 [pool-439-thread-1] INFO  server.RaftServerConfigKeys (ConfUtils.java:logGet(43)) - raft.server.log.appender.buffer.byte-limit = 33554432 (custom)
2019-10-08 21:08:52,103 [pool-419-thread-1] INFO  server.RaftServerConfigKeys (ConfUtils.java:logGet(43)) - raft.server.log.queue.element-limit = 1024 (custom)
2019-10-08 21:08:52,103 [pool-409-thread-1] INFO  server.RaftServerConfigKeys (ConfUtils.java:logGet(43)) - raft.server.log.appender.buffer.byte-limit = 33554432 (custom)
2019-10-08 21:08:52,103 [pool-419-thread-1] INFO  server.RaftServerConfigKeys (ConfUtils.java:logGet(43)) - raft.server.log.segment.size.max = 1048576 (custom)
2019-10-08 21:08:52,103 [pool-439-thread-1] INFO  server.RaftServerConfigKeys (ConfUtils.java:logGet(43)) - raft.server.log.segment.size.max = 1048576 (custom)
2019-10-08 21:08:52,104 [pool-419-thread-1] INFO  server.RaftServerConfigKeys (ConfUtils.java:logGet(43)) - raft.server.log.preallocated.size = 16384 (custom)
2019-10-08 21:08:52,104 [pool-409-thread-1] INFO  server.RaftServerConfigKeys (ConfUtils.java:logGet(43)) - raft.server.log.segment.size.max = 1048576 (custom)
2019-10-08 21:08:52,104 [pool-419-thread-1] INFO  server.RaftServerConfigKeys (ConfUtils.java:logGet(43)) - raft.server.log.write.buffer.size = 33554432 (custom)
2019-10-08 21:08:52,104 [pool-439-thread-1] INFO  server.RaftServerConfigKeys (ConfUtils.java:logGet(43)) - raft.server.log.segment.cache.num.max = 2 (custom)
2019-10-08 21:08:52,104 [pool-419-thread-1] INFO  server.RaftServerConfigKeys (ConfUtils.java:logGet(43)) - raft.server.log.force.sync.num = 128 (default)
2019-10-08 21:08:52,104 [pool-409-thread-1] INFO  server.RaftServerConfigKeys (ConfUtils.java:logGet(43)) - raft.server.log.segment.cache.num.max = 2 (custom)
2019-10-08 21:08:52,104 [pool-419-thread-1] INFO  server.RaftServerConfigKeys (ConfUtils.java:logGet(43)) - raft.server.log.statemachine.data.sync = true (default)
2019-10-08 21:08:52,104 [pool-439-thread-1] INFO  segmented.SegmentedRaftLogWorker (SegmentedRaftLogWorker.java:<init>(173)) - new d17645eb-f5d0-4e03-ba92-dd2963a93e84@group-896469FEBA97-SegmentedRaftLogWorker for RaftStorage:Storage Directory /workdir/hadoop-ozone/integration-test/target/test-dir/MiniOzoneClusterImpl-76b6f63f-e342-488e-8571-ba8c5b8db736/datanode-3/data/ratis/f5c62137-b8b2-4402-af6c-896469feba97
2019-10-08 21:08:52,104 [pool-419-thread-1] INFO  server.RaftServerConfigKeys (ConfUtils.java:logGet(43)) - raft.server.log.statemachine.data.sync.timeout = 10s (default)
2019-10-08 21:08:52,104 [pool-409-thread-1] INFO  segmented.SegmentedRaftLogWorker (SegmentedRaftLogWorker.java:<init>(173)) - new 563427f3-50ed-4c45-a12e-b3f5127aec9c@group-896469FEBA97-SegmentedRaftLogWorker for RaftStorage:Storage Directory /workdir/hadoop-ozone/integration-test/target/test-dir/MiniOzoneClusterImpl-76b6f63f-e342-488e-8571-ba8c5b8db736/datanode-0/data/ratis/f5c62137-b8b2-4402-af6c-896469feba97
2019-10-08 21:08:52,104 [pool-419-thread-1] INFO  server.RaftServerConfigKeys (ConfUtils.java:logGet(43)) - raft.server.log.statemachine.data.sync.timeout.retry = -1 (default)
2019-10-08 21:08:52,104 [pool-439-thread-1] INFO  server.RaftServerConfigKeys (ConfUtils.java:logGet(43)) - raft.server.log.queue.byte-limit = 2147483647 (custom)
2019-10-08 21:08:52,105 [pool-419-thread-1] INFO  server.RaftServerConfigKeys (ConfUtils.java:logGet(43)) - raft.server.log.statemachine.data.caching.enabled = true (custom)
2019-10-08 21:08:52,105 [pool-409-thread-1] INFO  server.RaftServerConfigKeys (ConfUtils.java:logGet(43)) - raft.server.log.queue.byte-limit = 2147483647 (custom)
2019-10-08 21:08:52,105 [pool-439-thread-1] INFO  server.RaftServerConfigKeys (ConfUtils.java:logGet(43)) - raft.server.log.queue.element-limit = 1024 (custom)
2019-10-08 21:08:52,105 [pool-419-thread-1] INFO  segmented.SegmentedRaftLogWorker (SegmentedRaftLogWorker.java:lambda$new$0(128)) - 6a70038f-f0b2-4d35-91e9-47692da92d1a@group-896469FEBA97-SegmentedRaftLogWorker: flushIndex: setUnconditionally 0 -> -1
2019-10-08 21:08:52,105 [pool-409-thread-1] INFO  server.RaftServerConfigKeys (ConfUtils.java:logGet(43)) - raft.server.log.queue.element-limit = 1024 (custom)
2019-10-08 21:08:52,105 [pool-439-thread-1] INFO  server.RaftServerConfigKeys (ConfUtils.java:logGet(43)) - raft.server.log.segment.size.max = 1048576 (custom)
2019-10-08 21:08:52,105 [pool-419-thread-1] INFO  server.RaftServerConfigKeys (ConfUtils.java:logGet(43)) - raft.server.snapshot.auto.trigger.enabled = true (custom)
2019-10-08 21:08:52,105 [pool-409-thread-1] INFO  server.RaftServerConfigKeys (ConfUtils.java:logGet(43)) - raft.server.log.segment.size.max = 1048576 (custom)
2019-10-08 21:08:52,105 [pool-419-thread-1] INFO  server.RaftServerConfigKeys (ConfUtils.java:logGet(43)) - raft.server.snapshot.auto.trigger.threshold = 10000 (custom)
2019-10-08 21:08:52,105 [pool-439-thread-1] INFO  server.RaftServerConfigKeys (ConfUtils.java:logGet(43)) - raft.server.log.preallocated.size = 16384 (custom)
2019-10-08 21:08:52,106 [pool-419-thread-1] INFO  server.RaftServerConfigKeys (ConfUtils.java:logGet(43)) - raft.server.snapshot.retention.file.num = 5 (custom)
2019-10-08 21:08:52,105 [pool-409-thread-1] INFO  server.RaftServerConfigKeys (ConfUtils.java:logGet(43)) - raft.server.log.preallocated.size = 16384 (custom)
2019-10-08 21:08:52,106 [pool-419-thread-1] INFO  server.RaftServerConfigKeys (ConfUtils.java:logGet(43)) - raft.server.retrycache.expirytime = 600000ms (custom)
2019-10-08 21:08:52,106 [pool-439-thread-1] INFO  server.RaftServerConfigKeys (ConfUtils.java:logGet(43)) - raft.server.log.write.buffer.size = 33554432 (custom)
2019-10-08 21:08:52,106 [pool-409-thread-1] INFO  server.RaftServerConfigKeys (ConfUtils.java:logGet(43)) - raft.server.log.write.buffer.size = 33554432 (custom)
2019-10-08 21:08:52,106 [pool-439-thread-1] INFO  server.RaftServerConfigKeys (ConfUtils.java:logGet(43)) - raft.server.log.force.sync.num = 128 (default)
2019-10-08 21:08:52,106 [pool-409-thread-1] INFO  server.RaftServerConfigKeys (ConfUtils.java:logGet(43)) - raft.server.log.force.sync.num = 128 (default)
2019-10-08 21:08:52,106 [pool-439-thread-1] INFO  server.RaftServerConfigKeys (ConfUtils.java:logGet(43)) - raft.server.log.statemachine.data.sync = true (default)
2019-10-08 21:08:52,106 [pool-439-thread-1] INFO  server.RaftServerConfigKeys (ConfUtils.java:logGet(43)) - raft.server.log.statemachine.data.sync.timeout = 10s (default)
2019-10-08 21:08:52,106 [pool-409-thread-1] INFO  server.RaftServerConfigKeys (ConfUtils.java:logGet(43)) - raft.server.log.statemachine.data.sync = true (default)
2019-10-08 21:08:52,106 [pool-439-thread-1] INFO  server.RaftServerConfigKeys (ConfUtils.java:logGet(43)) - raft.server.log.statemachine.data.sync.timeout.retry = -1 (default)
2019-10-08 21:08:52,107 [pool-409-thread-1] INFO  server.RaftServerConfigKeys (ConfUtils.java:logGet(43)) - raft.server.log.statemachine.data.sync.timeout = 10s (default)
2019-10-08 21:08:52,107 [pool-439-thread-1] INFO  server.RaftServerConfigKeys (ConfUtils.java:logGet(43)) - raft.server.log.statemachine.data.caching.enabled = true (custom)
2019-10-08 21:08:52,107 [pool-409-thread-1] INFO  server.RaftServerConfigKeys (ConfUtils.java:logGet(43)) - raft.server.log.statemachine.data.sync.timeout.retry = -1 (default)
2019-10-08 21:08:52,107 [pool-439-thread-1] INFO  segmented.SegmentedRaftLogWorker (SegmentedRaftLogWorker.java:lambda$new$0(128)) - d17645eb-f5d0-4e03-ba92-dd2963a93e84@group-896469FEBA97-SegmentedRaftLogWorker: flushIndex: setUnconditionally 0 -> -1
2019-10-08 21:08:52,107 [pool-409-thread-1] INFO  server.RaftServerConfigKeys (ConfUtils.java:logGet(43)) - raft.server.log.statemachine.data.caching.enabled = true (custom)
2019-10-08 21:08:52,107 [pool-419-thread-1] INFO  impl.RaftServerImpl (RaftServerImpl.java:start(181)) - 6a70038f-f0b2-4d35-91e9-47692da92d1a@group-896469FEBA97: start as a follower, conf=-1: [d17645eb-f5d0-4e03-ba92-dd2963a93e84:192.168.5.143:34967, 563427f3-50ed-4c45-a12e-b3f5127aec9c:192.168.5.143:32835, 6a70038f-f0b2-4d35-91e9-47692da92d1a:192.168.5.143:35516], old=null
2019-10-08 21:08:52,107 [pool-419-thread-1] INFO  impl.RaftServerImpl (RaftServerImpl.java:setRole(170)) - 6a70038f-f0b2-4d35-91e9-47692da92d1a@group-896469FEBA97: changes role from      null to FOLLOWER at term 0 for startAsFollower
2019-10-08 21:08:52,107 [pool-409-thread-1] INFO  segmented.SegmentedRaftLogWorker (SegmentedRaftLogWorker.java:lambda$new$0(128)) - 563427f3-50ed-4c45-a12e-b3f5127aec9c@group-896469FEBA97-SegmentedRaftLogWorker: flushIndex: setUnconditionally 0 -> -1
2019-10-08 21:08:52,107 [pool-439-thread-1] INFO  server.RaftServerConfigKeys (ConfUtils.java:logGet(43)) - raft.server.snapshot.auto.trigger.enabled = true (custom)
2019-10-08 21:08:52,107 [pool-419-thread-1] INFO  impl.RoleInfo (RoleInfo.java:updateAndGet(143)) - 6a70038f-f0b2-4d35-91e9-47692da92d1a: start FollowerState
2019-10-08 21:08:52,108 [pool-409-thread-1] INFO  server.RaftServerConfigKeys (ConfUtils.java:logGet(43)) - raft.server.snapshot.auto.trigger.enabled = true (custom)
2019-10-08 21:08:52,107 [pool-439-thread-1] INFO  server.RaftServerConfigKeys (ConfUtils.java:logGet(43)) - raft.server.snapshot.auto.trigger.threshold = 10000 (custom)
2019-10-08 21:08:52,108 [pool-409-thread-1] INFO  server.RaftServerConfigKeys (ConfUtils.java:logGet(43)) - raft.server.snapshot.auto.trigger.threshold = 10000 (custom)
2019-10-08 21:08:52,108 [pool-419-thread-1] INFO  util.JmxRegister (JmxRegister.java:tryRegister(44)) - Successfully registered JMX Bean with object name Ratis:service=RaftServer,group=group-896469FEBA97,id=6a70038f-f0b2-4d35-91e9-47692da92d1a
2019-10-08 21:08:52,108 [pool-439-thread-1] INFO  server.RaftServerConfigKeys (ConfUtils.java:logGet(43)) - raft.server.snapshot.retention.file.num = 5 (custom)
2019-10-08 21:08:52,108 [pool-409-thread-1] INFO  server.RaftServerConfigKeys (ConfUtils.java:logGet(43)) - raft.server.snapshot.retention.file.num = 5 (custom)
2019-10-08 21:08:52,108 [pool-439-thread-1] INFO  server.RaftServerConfigKeys (ConfUtils.java:logGet(43)) - raft.server.retrycache.expirytime = 600000ms (custom)
2019-10-08 21:08:52,108 [pool-409-thread-1] INFO  server.RaftServerConfigKeys (ConfUtils.java:logGet(43)) - raft.server.retrycache.expirytime = 600000ms (custom)
2019-10-08 21:08:52,111 [pool-439-thread-1] INFO  impl.RaftServerImpl (RaftServerImpl.java:start(181)) - d17645eb-f5d0-4e03-ba92-dd2963a93e84@group-896469FEBA97: start as a follower, conf=-1: [d17645eb-f5d0-4e03-ba92-dd2963a93e84:192.168.5.143:34967, 563427f3-50ed-4c45-a12e-b3f5127aec9c:192.168.5.143:32835, 6a70038f-f0b2-4d35-91e9-47692da92d1a:192.168.5.143:35516], old=null
2019-10-08 21:08:52,111 [pool-409-thread-1] INFO  impl.RaftServerImpl (RaftServerImpl.java:start(181)) - 563427f3-50ed-4c45-a12e-b3f5127aec9c@group-896469FEBA97: start as a follower, conf=-1: [d17645eb-f5d0-4e03-ba92-dd2963a93e84:192.168.5.143:34967, 563427f3-50ed-4c45-a12e-b3f5127aec9c:192.168.5.143:32835, 6a70038f-f0b2-4d35-91e9-47692da92d1a:192.168.5.143:35516], old=null
2019-10-08 21:08:52,111 [pool-439-thread-1] INFO  impl.RaftServerImpl (RaftServerImpl.java:setRole(170)) - d17645eb-f5d0-4e03-ba92-dd2963a93e84@group-896469FEBA97: changes role from      null to FOLLOWER at term 0 for startAsFollower
2019-10-08 21:08:52,111 [pool-409-thread-1] INFO  impl.RaftServerImpl (RaftServerImpl.java:setRole(170)) - 563427f3-50ed-4c45-a12e-b3f5127aec9c@group-896469FEBA97: changes role from      null to FOLLOWER at term 0 for startAsFollower
2019-10-08 21:08:52,111 [pool-439-thread-1] INFO  impl.RoleInfo (RoleInfo.java:updateAndGet(143)) - d17645eb-f5d0-4e03-ba92-dd2963a93e84: start FollowerState
2019-10-08 21:08:52,111 [pool-409-thread-1] INFO  impl.RoleInfo (RoleInfo.java:updateAndGet(143)) - 563427f3-50ed-4c45-a12e-b3f5127aec9c: start FollowerState
2019-10-08 21:08:52,111 [pool-439-thread-1] INFO  util.JmxRegister (JmxRegister.java:tryRegister(44)) - Successfully registered JMX Bean with object name Ratis:service=RaftServer,group=group-896469FEBA97,id=d17645eb-f5d0-4e03-ba92-dd2963a93e84
2019-10-08 21:08:52,111 [pool-409-thread-1] INFO  util.JmxRegister (JmxRegister.java:tryRegister(44)) - Successfully registered JMX Bean with object name Ratis:service=RaftServer,group=group-896469FEBA97,id=563427f3-50ed-4c45-a12e-b3f5127aec9c
2019-10-08 21:08:52,115 [RatisPipelineUtilsThread] INFO  pipeline.PipelineStateManager (PipelineStateManager.java:addPipeline(57)) - Created pipeline Pipeline[ Id: f5c62137-b8b2-4402-af6c-896469feba97, Nodes: 563427f3-50ed-4c45-a12e-b3f5127aec9c{ip: 192.168.5.143, host: pr-hdds-1868-gtwz2-575081100, networkLocation: /default-rack, certSerialId: null}d17645eb-f5d0-4e03-ba92-dd2963a93e84{ip: 192.168.5.143, host: pr-hdds-1868-gtwz2-575081100, networkLocation: /default-rack, certSerialId: null}6a70038f-f0b2-4d35-91e9-47692da92d1a{ip: 192.168.5.143, host: pr-hdds-1868-gtwz2-575081100, networkLocation: /default-rack, certSerialId: null}, Type:RATIS, Factor:THREE, State:ALLOCATED]
2019-10-08 21:08:52,115 [Thread-3245] INFO  pipeline.PipelineStateManager (PipelineStateManager.java:finalizePipeline(123)) - Pipeline Pipeline[ Id: bc99f793-819e-4ba6-bd50-d7ef3353fa92, Nodes: 563427f3-50ed-4c45-a12e-b3f5127aec9c{ip: 192.168.5.143, host: pr-hdds-1868-gtwz2-575081100, networkLocation: /default-rack, certSerialId: null}, Type:RATIS, Factor:ONE, State:CLOSED] moved to CLOSED state
2019-10-08 21:08:52,120 [grpc-default-executor-1] INFO  impl.RaftServerProxy (RaftServerProxy.java:remove(95)) - 563427f3-50ed-4c45-a12e-b3f5127aec9c: remove  FOLLOWER 563427f3-50ed-4c45-a12e-b3f5127aec9c@group-D7EF3353FA92:t0, leader=null, voted=null, raftlog=563427f3-50ed-4c45-a12e-b3f5127aec9c@group-D7EF3353FA92-SegmentedRaftLog:OPENED:c-1,f-1,i0, conf=-1: [563427f3-50ed-4c45-a12e-b3f5127aec9c:192.168.5.143:32835], old=null RUNNING
2019-10-08 21:08:52,121 [grpc-default-executor-1] INFO  impl.RaftServerImpl (RaftServerImpl.java:lambda$shutdown$3(247)) - 563427f3-50ed-4c45-a12e-b3f5127aec9c@group-D7EF3353FA92: shutdown
2019-10-08 21:08:52,121 [grpc-default-executor-1] INFO  util.JmxRegister (JmxRegister.java:unregister(73)) - Successfully un-registered JMX Bean with object name Ratis:service=RaftServer,group=group-D7EF3353FA92,id=563427f3-50ed-4c45-a12e-b3f5127aec9c
2019-10-08 21:08:52,121 [grpc-default-executor-1] INFO  impl.RoleInfo (RoleInfo.java:shutdownFollowerState(121)) - 563427f3-50ed-4c45-a12e-b3f5127aec9c: shutdown FollowerState
2019-10-08 21:08:52,121 [grpc-default-executor-1] INFO  impl.StateMachineUpdater (StateMachineUpdater.java:stopAndJoin(136)) - 563427f3-50ed-4c45-a12e-b3f5127aec9c@group-D7EF3353FA92-StateMachineUpdater: set stopIndex = -1
2019-10-08 21:08:52,121 [Thread-3247] INFO  impl.FollowerState (FollowerState.java:run(117)) - 563427f3-50ed-4c45-a12e-b3f5127aec9c@group-D7EF3353FA92-FollowerState was interrupted: java.lang.InterruptedException: sleep interrupted
2019-10-08 21:08:52,121 [grpc-default-executor-1] INFO  impl.RaftServerImpl (ServerState.java:close(387)) - 563427f3-50ed-4c45-a12e-b3f5127aec9c@group-D7EF3353FA92: closes. applyIndex: -1
2019-10-08 21:08:52,123 [563427f3-50ed-4c45-a12e-b3f5127aec9c@group-D7EF3353FA92-SegmentedRaftLogWorker] INFO  segmented.SegmentedRaftLogWorker (SegmentedRaftLogWorker.java:run(316)) - 563427f3-50ed-4c45-a12e-b3f5127aec9c@group-D7EF3353FA92-SegmentedRaftLogWorker was interrupted, exiting. There are 0 tasks remaining in the queue.
2019-10-08 21:08:52,123 [grpc-default-executor-1] INFO  segmented.SegmentedRaftLogWorker (SegmentedRaftLogWorker.java:close(224)) - 563427f3-50ed-4c45-a12e-b3f5127aec9c@group-D7EF3353FA92-SegmentedRaftLogWorker close()
2019-10-08 21:08:52,129 [Thread-3245] INFO  pipeline.PipelineStateManager (PipelineStateManager.java:removePipeline(108)) - Pipeline Pipeline[ Id: bc99f793-819e-4ba6-bd50-d7ef3353fa92, Nodes: 563427f3-50ed-4c45-a12e-b3f5127aec9c{ip: 192.168.5.143, host: pr-hdds-1868-gtwz2-575081100, networkLocation: /default-rack, certSerialId: null}, Type:RATIS, Factor:ONE, State:CLOSED] removed from db
2019-10-08 21:08:52,132 [grpc-default-executor-1] INFO  impl.RaftServerProxy (RaftServerProxy.java:addNew(89)) - 563427f3-50ed-4c45-a12e-b3f5127aec9c: addNew group-CB8E9B908D1A:[563427f3-50ed-4c45-a12e-b3f5127aec9c:192.168.5.143:32835] returns group-CB8E9B908D1A:java.util.concurrent.CompletableFuture@42a770be[Not completed]
2019-10-08 21:08:52,133 [pool-409-thread-1] INFO  impl.RaftServerImpl (RaftServerImpl.java:<init>(95)) - 563427f3-50ed-4c45-a12e-b3f5127aec9c: new RaftServerImpl for group-CB8E9B908D1A:[563427f3-50ed-4c45-a12e-b3f5127aec9c:192.168.5.143:32835] with ContainerStateMachine:uninitialized
2019-10-08 21:08:52,133 [pool-409-thread-1] INFO  server.RaftServerConfigKeys (ConfUtils.java:logGet(43)) - raft.server.rpc.timeout.min = 5s (custom)
2019-10-08 21:08:52,133 [pool-409-thread-1] INFO  server.RaftServerConfigKeys (ConfUtils.java:logGet(43)) - raft.server.rpc.timeout.max = 5200ms (custom)
2019-10-08 21:08:52,133 [pool-409-thread-1] INFO  server.RaftServerConfigKeys (ConfUtils.java:logGet(43)) - raft.server.rpcslowness.timeout = 120s (custom)
2019-10-08 21:08:52,133 [pool-409-thread-1] INFO  server.RaftServerConfigKeys (ConfUtils.java:logGet(43)) - raft.server.sleep.deviation.threshold = 300 (default)
2019-10-08 21:08:52,133 [pool-409-thread-1] INFO  server.RaftServerConfigKeys (ConfUtils.java:logGet(43)) - raft.server.log.appender.install.snapshot.enabled = false (custom)
2019-10-08 21:08:52,133 [pool-409-thread-1] INFO  impl.RaftServerImpl (ServerState.java:<init>(103)) - 563427f3-50ed-4c45-a12e-b3f5127aec9c@group-CB8E9B908D1A: ConfigurationManager, init=-1: [563427f3-50ed-4c45-a12e-b3f5127aec9c:192.168.5.143:32835], old=null, confs=<EMPTY_MAP>
2019-10-08 21:08:52,133 [pool-409-thread-1] INFO  server.RaftServerConfigKeys (ConfUtils.java:logGet(43)) - raft.server.storage.dir = [/workdir/hadoop-ozone/integration-test/target/test-dir/MiniOzoneClusterImpl-76b6f63f-e342-488e-8571-ba8c5b8db736/datanode-0/data/ratis] (custom)
2019-10-08 21:08:52,133 [pool-409-thread-1] INFO  server.RaftServerConfigKeys (ConfUtils.java:logGet(43)) - raft.server.log.corruption.policy = EXCEPTION (default)
2019-10-08 21:08:52,133 [pool-409-thread-1] INFO  storage.RaftStorageDirectory (RaftStorageDirectory.java:analyzeStorage(246)) - The storage directory /workdir/hadoop-ozone/integration-test/target/test-dir/MiniOzoneClusterImpl-76b6f63f-e342-488e-8571-ba8c5b8db736/datanode-0/data/ratis/6cb7d4c4-68fb-40a0-9ccf-cb8e9b908d1a does not exist. Creating ...
2019-10-08 21:08:52,163 [pool-409-thread-1] INFO  storage.RaftStorageDirectory (RaftStorageDirectory.java:tryLock(328)) - Lock on /workdir/hadoop-ozone/integration-test/target/test-dir/MiniOzoneClusterImpl-76b6f63f-e342-488e-8571-ba8c5b8db736/datanode-0/data/ratis/6cb7d4c4-68fb-40a0-9ccf-cb8e9b908d1a/in_use.lock acquired by nodename 838@pr-hdds-1868-gtwz2-575081100
2019-10-08 21:08:52,168 [pool-409-thread-1] INFO  storage.RaftStorage (RaftStorage.java:format(84)) - Storage directory /workdir/hadoop-ozone/integration-test/target/test-dir/MiniOzoneClusterImpl-76b6f63f-e342-488e-8571-ba8c5b8db736/datanode-0/data/ratis/6cb7d4c4-68fb-40a0-9ccf-cb8e9b908d1a has been successfully formatted.
2019-10-08 21:08:52,168 [pool-409-thread-1] INFO  ratis.ContainerStateMachine (ContainerStateMachine.java:loadSnapshot(233)) - group-CB8E9B908D1A: The snapshot info is null. Setting the last applied indexto:(t:0, i:~)
2019-10-08 21:08:52,168 [pool-409-thread-1] INFO  server.RaftServerConfigKeys (ConfUtils.java:logGet(43)) - raft.server.notification.no-leader.timeout = 120s (custom)
2019-10-08 21:08:52,168 [pool-409-thread-1] INFO  server.RaftServerConfigKeys (ConfUtils.java:logGet(43)) - raft.server.log.use.memory = false (default)
2019-10-08 21:08:52,168 [pool-409-thread-1] INFO  server.RaftServerConfigKeys (ConfUtils.java:logGet(43)) - raft.server.log.purge.gap = 1000000 (custom)
2019-10-08 21:08:52,168 [pool-409-thread-1] INFO  server.RaftServerConfigKeys (ConfUtils.java:logGet(43)) - raft.server.log.appender.buffer.byte-limit = 33554432 (custom)
2019-10-08 21:08:52,168 [pool-409-thread-1] INFO  server.RaftServerConfigKeys (ConfUtils.java:logGet(43)) - raft.server.log.segment.size.max = 1048576 (custom)
2019-10-08 21:08:52,169 [pool-409-thread-1] INFO  server.RaftServerConfigKeys (ConfUtils.java:logGet(43)) - raft.server.log.segment.cache.num.max = 2 (custom)
2019-10-08 21:08:52,169 [pool-409-thread-1] INFO  segmented.SegmentedRaftLogWorker (SegmentedRaftLogWorker.java:<init>(173)) - new 563427f3-50ed-4c45-a12e-b3f5127aec9c@group-CB8E9B908D1A-SegmentedRaftLogWorker for RaftStorage:Storage Directory /workdir/hadoop-ozone/integration-test/target/test-dir/MiniOzoneClusterImpl-76b6f63f-e342-488e-8571-ba8c5b8db736/datanode-0/data/ratis/6cb7d4c4-68fb-40a0-9ccf-cb8e9b908d1a
2019-10-08 21:08:52,169 [pool-409-thread-1] INFO  server.RaftServerConfigKeys (ConfUtils.java:logGet(43)) - raft.server.log.queue.byte-limit = 2147483647 (custom)
2019-10-08 21:08:52,169 [pool-409-thread-1] INFO  server.RaftServerConfigKeys (ConfUtils.java:logGet(43)) - raft.server.log.queue.element-limit = 1024 (custom)
2019-10-08 21:08:52,169 [pool-409-thread-1] INFO  server.RaftServerConfigKeys (ConfUtils.java:logGet(43)) - raft.server.log.segment.size.max = 1048576 (custom)
2019-10-08 21:08:52,169 [pool-409-thread-1] INFO  server.RaftServerConfigKeys (ConfUtils.java:logGet(43)) - raft.server.log.preallocated.size = 16384 (custom)
2019-10-08 21:08:52,169 [pool-409-thread-1] INFO  server.RaftServerConfigKeys (ConfUtils.java:logGet(43)) - raft.server.log.write.buffer.size = 33554432 (custom)
2019-10-08 21:08:52,169 [pool-409-thread-1] INFO  server.RaftServerConfigKeys (ConfUtils.java:logGet(43)) - raft.server.log.force.sync.num = 128 (default)
2019-10-08 21:08:52,169 [pool-409-thread-1] INFO  server.RaftServerConfigKeys (ConfUtils.java:logGet(43)) - raft.server.log.statemachine.data.sync = true (default)
2019-10-08 21:08:52,169 [pool-409-thread-1] INFO  server.RaftServerConfigKeys (ConfUtils.java:logGet(43)) - raft.server.log.statemachine.data.sync.timeout = 10s (default)
2019-10-08 21:08:52,169 [pool-409-thread-1] INFO  server.RaftServerConfigKeys (ConfUtils.java:logGet(43)) - raft.server.log.statemachine.data.sync.timeout.retry = -1 (default)
2019-10-08 21:08:52,170 [pool-409-thread-1] INFO  server.RaftServerConfigKeys (ConfUtils.java:logGet(43)) - raft.server.log.statemachine.data.caching.enabled = true (custom)
2019-10-08 21:08:52,170 [pool-409-thread-1] INFO  segmented.SegmentedRaftLogWorker (SegmentedRaftLogWorker.java:lambda$new$0(128)) - 563427f3-50ed-4c45-a12e-b3f5127aec9c@group-CB8E9B908D1A-SegmentedRaftLogWorker: flushIndex: setUnconditionally 0 -> -1
2019-10-08 21:08:52,170 [pool-409-thread-1] INFO  server.RaftServerConfigKeys (ConfUtils.java:logGet(43)) - raft.server.snapshot.auto.trigger.enabled = true (custom)
2019-10-08 21:08:52,170 [pool-409-thread-1] INFO  server.RaftServerConfigKeys (ConfUtils.java:logGet(43)) - raft.server.snapshot.auto.trigger.threshold = 10000 (custom)
2019-10-08 21:08:52,170 [pool-409-thread-1] INFO  server.RaftServerConfigKeys (ConfUtils.java:logGet(43)) - raft.server.snapshot.retention.file.num = 5 (custom)
2019-10-08 21:08:52,170 [pool-409-thread-1] INFO  server.RaftServerConfigKeys (ConfUtils.java:logGet(43)) - raft.server.retrycache.expirytime = 600000ms (custom)
2019-10-08 21:08:52,172 [pool-409-thread-1] INFO  impl.RaftServerImpl (RaftServerImpl.java:start(181)) - 563427f3-50ed-4c45-a12e-b3f5127aec9c@group-CB8E9B908D1A: start as a follower, conf=-1: [563427f3-50ed-4c45-a12e-b3f5127aec9c:192.168.5.143:32835], old=null
2019-10-08 21:08:52,172 [pool-409-thread-1] INFO  impl.RaftServerImpl (RaftServerImpl.java:setRole(170)) - 563427f3-50ed-4c45-a12e-b3f5127aec9c@group-CB8E9B908D1A: changes role from      null to FOLLOWER at term 0 for startAsFollower
2019-10-08 21:08:52,172 [pool-409-thread-1] INFO  impl.RoleInfo (RoleInfo.java:updateAndGet(143)) - 563427f3-50ed-4c45-a12e-b3f5127aec9c: start FollowerState
2019-10-08 21:08:52,172 [pool-409-thread-1] INFO  util.JmxRegister (JmxRegister.java:tryRegister(44)) - Successfully registered JMX Bean with object name Ratis:service=RaftServer,group=group-CB8E9B908D1A,id=563427f3-50ed-4c45-a12e-b3f5127aec9c
2019-10-08 21:08:52,175 [RatisPipelineUtilsThread] INFO  pipeline.PipelineStateManager (PipelineStateManager.java:addPipeline(57)) - Created pipeline Pipeline[ Id: 6cb7d4c4-68fb-40a0-9ccf-cb8e9b908d1a, Nodes: 563427f3-50ed-4c45-a12e-b3f5127aec9c{ip: 192.168.5.143, host: pr-hdds-1868-gtwz2-575081100, networkLocation: /default-rack, certSerialId: null}, Type:RATIS, Factor:ONE, State:ALLOCATED]
2019-10-08 21:08:53,039 [main] INFO  ozone.MiniOzoneClusterImpl (MiniOzoneClusterImpl.java:lambda$waitForClusterToBeReady$2(164)) - Waiting for 9 number of pipelines out of 9, to report a leader.
2019-10-08 21:08:54,040 [main] INFO  ozone.MiniOzoneClusterImpl (MiniOzoneClusterImpl.java:lambda$waitForClusterToBeReady$2(164)) - Waiting for 9 number of pipelines out of 9, to report a leader.
2019-10-08 21:08:55,042 [main] INFO  ozone.MiniOzoneClusterImpl (MiniOzoneClusterImpl.java:lambda$waitForClusterToBeReady$2(164)) - Waiting for 9 number of pipelines out of 9, to report a leader.
2019-10-08 21:08:56,042 [main] INFO  ozone.MiniOzoneClusterImpl (MiniOzoneClusterImpl.java:lambda$waitForClusterToBeReady$2(164)) - Waiting for 9 number of pipelines out of 9, to report a leader.
2019-10-08 21:08:56,795 [Thread-3292] INFO  impl.FollowerState (FollowerState.java:run(108)) - d5a7e1c6-72c1-4128-a6c8-523374656d80@group-582513F3AFB7-FollowerState: change to CANDIDATE, lastRpcTime:5043ms, electionTimeout:5043ms
2019-10-08 21:08:56,796 [Thread-3292] INFO  impl.RoleInfo (RoleInfo.java:shutdownFollowerState(121)) - d5a7e1c6-72c1-4128-a6c8-523374656d80: shutdown FollowerState
2019-10-08 21:08:56,796 [Thread-3292] INFO  impl.RaftServerImpl (RaftServerImpl.java:setRole(170)) - d5a7e1c6-72c1-4128-a6c8-523374656d80@group-582513F3AFB7: changes role from  FOLLOWER to CANDIDATE at term 0 for changeToCandidate
2019-10-08 21:08:56,797 [Thread-3292] INFO  impl.RoleInfo (RoleInfo.java:updateAndGet(143)) - d5a7e1c6-72c1-4128-a6c8-523374656d80: start LeaderElection
2019-10-08 21:08:56,818 [Thread-3288] INFO  impl.FollowerState (FollowerState.java:run(108)) - 6a70038f-f0b2-4d35-91e9-47692da92d1a@group-3878507C373E-FollowerState: change to CANDIDATE, lastRpcTime:5118ms, electionTimeout:5118ms
2019-10-08 21:08:56,819 [Thread-3288] INFO  impl.RoleInfo (RoleInfo.java:shutdownFollowerState(121)) - 6a70038f-f0b2-4d35-91e9-47692da92d1a: shutdown FollowerState
2019-10-08 21:08:56,819 [Thread-3288] INFO  impl.RaftServerImpl (RaftServerImpl.java:setRole(170)) - 6a70038f-f0b2-4d35-91e9-47692da92d1a@group-3878507C373E: changes role from  FOLLOWER to CANDIDATE at term 0 for changeToCandidate
2019-10-08 21:08:56,819 [Thread-3288] INFO  impl.RoleInfo (RoleInfo.java:updateAndGet(143)) - 6a70038f-f0b2-4d35-91e9-47692da92d1a: start LeaderElection
2019-10-08 21:08:56,827 [d5a7e1c6-72c1-4128-a6c8-523374656d80@group-582513F3AFB7-LeaderElection63] INFO  impl.LeaderElection (LeaderElection.java:askForVotes(178)) - d5a7e1c6-72c1-4128-a6c8-523374656d80@group-582513F3AFB7-LeaderElection63: begin an election at term 1 for -1: [d5a7e1c6-72c1-4128-a6c8-523374656d80:192.168.5.143:46801], old=null
2019-10-08 21:08:56,827 [d5a7e1c6-72c1-4128-a6c8-523374656d80@group-582513F3AFB7-LeaderElection63] INFO  impl.RoleInfo (RoleInfo.java:shutdownLeaderElection(134)) - d5a7e1c6-72c1-4128-a6c8-523374656d80: shutdown LeaderElection
2019-10-08 21:08:56,827 [d5a7e1c6-72c1-4128-a6c8-523374656d80@group-582513F3AFB7-LeaderElection63] INFO  impl.RaftServerImpl (RaftServerImpl.java:setRole(170)) - d5a7e1c6-72c1-4128-a6c8-523374656d80@group-582513F3AFB7: changes role from CANDIDATE to LEADER at term 1 for changeToLeader
2019-10-08 21:08:56,828 [d5a7e1c6-72c1-4128-a6c8-523374656d80@group-582513F3AFB7-LeaderElection63] INFO  ratis.XceiverServerRatis (XceiverServerRatis.java:handleLeaderChangedNotification(702)) - Leader change notification received for group: group-582513F3AFB7 with new leaderId: d5a7e1c6-72c1-4128-a6c8-523374656d80
2019-10-08 21:08:56,831 [d5a7e1c6-72c1-4128-a6c8-523374656d80@group-582513F3AFB7-LeaderElection63] INFO  impl.RaftServerImpl (ServerState.java:setLeader(255)) - d5a7e1c6-72c1-4128-a6c8-523374656d80@group-582513F3AFB7: change Leader from null to d5a7e1c6-72c1-4128-a6c8-523374656d80 at term 1 for becomeLeader, leader elected after 5079ms
2019-10-08 21:08:56,831 [d5a7e1c6-72c1-4128-a6c8-523374656d80@group-582513F3AFB7-LeaderElection63] INFO  server.RaftServerConfigKeys (ConfUtils.java:logGet(43)) - raft.server.staging.catchup.gap = 1000 (default)
2019-10-08 21:08:56,831 [d5a7e1c6-72c1-4128-a6c8-523374656d80@group-582513F3AFB7-LeaderElection63] INFO  server.RaftServerConfigKeys (ConfUtils.java:logGet(43)) - raft.server.rpc.sleep.time = 25ms (default)
2019-10-08 21:08:56,832 [d5a7e1c6-72c1-4128-a6c8-523374656d80@group-582513F3AFB7-LeaderElection63] INFO  server.RaftServerConfigKeys (ConfUtils.java:logGet(43)) - raft.server.write.element-limit = 4096 (default)
2019-10-08 21:08:56,832 [d5a7e1c6-72c1-4128-a6c8-523374656d80@group-582513F3AFB7-LeaderElection63] INFO  server.RaftServerConfigKeys (ConfUtils.java:logGet(43)) - raft.server.watch.timeout = 10s (default)
2019-10-08 21:08:56,833 [EventQueue-PipelineReportForPipelineReportHandler] INFO  pipeline.PipelineReportHandler (PipelineReportHandler.java:processPipelineReport(121)) - Pipeline PipelineID=e6b7c99a-2439-4212-bd8f-f5b269e6970b reported by d5a7e1c6-72c1-4128-a6c8-523374656d80{ip: 192.168.5.143, host: pr-hdds-1868-gtwz2-575081100, networkLocation: /default-rack, certSerialId: null} with leaderId 
2019-10-08 21:08:56,833 [EventQueue-PipelineReportForPipelineReportHandler] INFO  pipeline.PipelineReportHandler (PipelineReportHandler.java:processPipelineReport(121)) - Pipeline PipelineID=396482dc-2b64-4a52-9dd6-582513f3afb7 reported by d5a7e1c6-72c1-4128-a6c8-523374656d80{ip: 192.168.5.143, host: pr-hdds-1868-gtwz2-575081100, networkLocation: /default-rack, certSerialId: null} with leaderId d5a7e1c6-72c1-4128-a6c8-523374656d80
2019-10-08 21:08:56,834 [EventQueue-PipelineReportForPipelineReportHandler] INFO  pipeline.PipelineStateManager (PipelineStateManager.java:openPipeline(136)) - Pipeline Pipeline[ Id: 396482dc-2b64-4a52-9dd6-582513f3afb7, Nodes: d5a7e1c6-72c1-4128-a6c8-523374656d80{ip: 192.168.5.143, host: pr-hdds-1868-gtwz2-575081100, networkLocation: /default-rack, certSerialId: null}, Type:RATIS, Factor:ONE, State:OPEN] moved to OPEN state
2019-10-08 21:08:56,833 [d5a7e1c6-72c1-4128-a6c8-523374656d80@group-582513F3AFB7-LeaderElection63] INFO  server.RaftServerConfigKeys (ConfUtils.java:logGet(43)) - raft.server.watch.timeout.denomination = 1s (default)
2019-10-08 21:08:56,834 [d5a7e1c6-72c1-4128-a6c8-523374656d80@group-582513F3AFB7-LeaderElection63] INFO  server.RaftServerConfigKeys (ConfUtils.java:logGet(43)) - raft.server.watch.element-limit = 65536 (default)
2019-10-08 21:08:56,836 [6a70038f-f0b2-4d35-91e9-47692da92d1a@group-3878507C373E-LeaderElection64] INFO  impl.LeaderElection (LeaderElection.java:askForVotes(178)) - 6a70038f-f0b2-4d35-91e9-47692da92d1a@group-3878507C373E-LeaderElection64: begin an election at term 1 for -1: [6a70038f-f0b2-4d35-91e9-47692da92d1a:192.168.5.143:35516], old=null
2019-10-08 21:08:56,836 [6a70038f-f0b2-4d35-91e9-47692da92d1a@group-3878507C373E-LeaderElection64] INFO  impl.RoleInfo (RoleInfo.java:shutdownLeaderElection(134)) - 6a70038f-f0b2-4d35-91e9-47692da92d1a: shutdown LeaderElection
2019-10-08 21:08:56,836 [6a70038f-f0b2-4d35-91e9-47692da92d1a@group-3878507C373E-LeaderElection64] INFO  impl.RaftServerImpl (RaftServerImpl.java:setRole(170)) - 6a70038f-f0b2-4d35-91e9-47692da92d1a@group-3878507C373E: changes role from CANDIDATE to LEADER at term 1 for changeToLeader
2019-10-08 21:08:56,836 [6a70038f-f0b2-4d35-91e9-47692da92d1a@group-3878507C373E-LeaderElection64] INFO  ratis.XceiverServerRatis (XceiverServerRatis.java:handleLeaderChangedNotification(702)) - Leader change notification received for group: group-3878507C373E with new leaderId: 6a70038f-f0b2-4d35-91e9-47692da92d1a
2019-10-08 21:08:56,840 [6a70038f-f0b2-4d35-91e9-47692da92d1a@group-3878507C373E-LeaderElection64] INFO  impl.RaftServerImpl (ServerState.java:setLeader(255)) - 6a70038f-f0b2-4d35-91e9-47692da92d1a@group-3878507C373E: change Leader from null to 6a70038f-f0b2-4d35-91e9-47692da92d1a at term 1 for becomeLeader, leader elected after 5141ms
2019-10-08 21:08:56,841 [6a70038f-f0b2-4d35-91e9-47692da92d1a@group-3878507C373E-LeaderElection64] INFO  server.RaftServerConfigKeys (ConfUtils.java:logGet(43)) - raft.server.staging.catchup.gap = 1000 (default)
2019-10-08 21:08:56,841 [6a70038f-f0b2-4d35-91e9-47692da92d1a@group-3878507C373E-LeaderElection64] INFO  server.RaftServerConfigKeys (ConfUtils.java:logGet(43)) - raft.server.rpc.sleep.time = 25ms (default)
2019-10-08 21:08:56,841 [6a70038f-f0b2-4d35-91e9-47692da92d1a@group-3878507C373E-LeaderElection64] INFO  server.RaftServerConfigKeys (ConfUtils.java:logGet(43)) - raft.server.write.element-limit = 4096 (default)
2019-10-08 21:08:56,841 [6a70038f-f0b2-4d35-91e9-47692da92d1a@group-3878507C373E-LeaderElection64] INFO  server.RaftServerConfigKeys (ConfUtils.java:logGet(43)) - raft.server.watch.timeout = 10s (default)
2019-10-08 21:08:56,841 [EventQueue-PipelineReportForPipelineReportHandler] INFO  pipeline.PipelineReportHandler (PipelineReportHandler.java:processPipelineReport(121)) - Pipeline PipelineID=f5c62137-b8b2-4402-af6c-896469feba97 reported by 6a70038f-f0b2-4d35-91e9-47692da92d1a{ip: 192.168.5.143, host: pr-hdds-1868-gtwz2-575081100, networkLocation: /default-rack, certSerialId: null} with leaderId 
2019-10-08 21:08:56,841 [6a70038f-f0b2-4d35-91e9-47692da92d1a@group-3878507C373E-LeaderElection64] INFO  server.RaftServerConfigKeys (ConfUtils.java:logGet(43)) - raft.server.watch.timeout.denomination = 1s (default)
2019-10-08 21:08:56,842 [EventQueue-PipelineReportForPipelineReportHandler] INFO  pipeline.PipelineReportHandler (PipelineReportHandler.java:processPipelineReport(121)) - Pipeline PipelineID=0f3fbf17-eeea-4458-b074-3878507c373e reported by 6a70038f-f0b2-4d35-91e9-47692da92d1a{ip: 192.168.5.143, host: pr-hdds-1868-gtwz2-575081100, networkLocation: /default-rack, certSerialId: null} with leaderId 6a70038f-f0b2-4d35-91e9-47692da92d1a
2019-10-08 21:08:56,842 [6a70038f-f0b2-4d35-91e9-47692da92d1a@group-3878507C373E-LeaderElection64] INFO  server.RaftServerConfigKeys (ConfUtils.java:logGet(43)) - raft.server.watch.element-limit = 65536 (default)
2019-10-08 21:08:56,842 [EventQueue-PipelineReportForPipelineReportHandler] INFO  pipeline.PipelineStateManager (PipelineStateManager.java:openPipeline(136)) - Pipeline Pipeline[ Id: 0f3fbf17-eeea-4458-b074-3878507c373e, Nodes: 6a70038f-f0b2-4d35-91e9-47692da92d1a{ip: 192.168.5.143, host: pr-hdds-1868-gtwz2-575081100, networkLocation: /default-rack, certSerialId: null}, Type:RATIS, Factor:ONE, State:OPEN] moved to OPEN state
2019-10-08 21:08:56,842 [d5a7e1c6-72c1-4128-a6c8-523374656d80@group-582513F3AFB7-LeaderElection63] INFO  impl.RoleInfo (RoleInfo.java:updateAndGet(143)) - d5a7e1c6-72c1-4128-a6c8-523374656d80: start LeaderState
2019-10-08 21:08:56,843 [d5a7e1c6-72c1-4128-a6c8-523374656d80@group-582513F3AFB7-LeaderElection63] INFO  segmented.SegmentedRaftLogWorker (SegmentedRaftLogWorker.java:startLogSegment(385)) - d5a7e1c6-72c1-4128-a6c8-523374656d80@group-582513F3AFB7-SegmentedRaftLogWorker: Starting segment from index:0
2019-10-08 21:08:56,844 [6a70038f-f0b2-4d35-91e9-47692da92d1a@group-3878507C373E-LeaderElection64] INFO  impl.RoleInfo (RoleInfo.java:updateAndGet(143)) - 6a70038f-f0b2-4d35-91e9-47692da92d1a: start LeaderState
2019-10-08 21:08:56,844 [6a70038f-f0b2-4d35-91e9-47692da92d1a@group-3878507C373E-LeaderElection64] INFO  segmented.SegmentedRaftLogWorker (SegmentedRaftLogWorker.java:startLogSegment(385)) - 6a70038f-f0b2-4d35-91e9-47692da92d1a@group-3878507C373E-SegmentedRaftLogWorker: Starting segment from index:0
2019-10-08 21:08:56,844 [d5a7e1c6-72c1-4128-a6c8-523374656d80@group-582513F3AFB7-LeaderElection63] INFO  impl.RaftServerImpl (ServerState.java:setRaftConf(356)) - d5a7e1c6-72c1-4128-a6c8-523374656d80@group-582513F3AFB7: set configuration 0: [d5a7e1c6-72c1-4128-a6c8-523374656d80:192.168.5.143:46801], old=null at 0
2019-10-08 21:08:56,844 [6a70038f-f0b2-4d35-91e9-47692da92d1a@group-3878507C373E-LeaderElection64] INFO  impl.RaftServerImpl (ServerState.java:setRaftConf(356)) - 6a70038f-f0b2-4d35-91e9-47692da92d1a@group-3878507C373E: set configuration 0: [6a70038f-f0b2-4d35-91e9-47692da92d1a:192.168.5.143:35516], old=null at 0
2019-10-08 21:08:56,848 [Thread-3285] INFO  impl.FollowerState (FollowerState.java:run(108)) - ffafc24f-f0e1-409e-982f-1c42cdb29933@group-F65BA09715F1-FollowerState: change to CANDIDATE, lastRpcTime:5186ms, electionTimeout:5185ms
2019-10-08 21:08:56,849 [Thread-3285] INFO  impl.RoleInfo (RoleInfo.java:shutdownFollowerState(121)) - ffafc24f-f0e1-409e-982f-1c42cdb29933: shutdown FollowerState
2019-10-08 21:08:56,849 [Thread-3285] INFO  impl.RaftServerImpl (RaftServerImpl.java:setRole(170)) - ffafc24f-f0e1-409e-982f-1c42cdb29933@group-F65BA09715F1: changes role from  FOLLOWER to CANDIDATE at term 0 for changeToCandidate
2019-10-08 21:08:56,849 [Thread-3285] INFO  impl.RoleInfo (RoleInfo.java:updateAndGet(143)) - ffafc24f-f0e1-409e-982f-1c42cdb29933: start LeaderElection
2019-10-08 21:08:56,882 [Thread-3296] INFO  impl.FollowerState (FollowerState.java:run(108)) - d17645eb-f5d0-4e03-ba92-dd2963a93e84@group-BF9B8C3C8FDF-FollowerState: change to CANDIDATE, lastRpcTime:5079ms, electionTimeout:5067ms
2019-10-08 21:08:56,882 [Thread-3296] INFO  impl.RoleInfo (RoleInfo.java:shutdownFollowerState(121)) - d17645eb-f5d0-4e03-ba92-dd2963a93e84: shutdown FollowerState
2019-10-08 21:08:56,882 [Thread-3296] INFO  impl.RaftServerImpl (RaftServerImpl.java:setRole(170)) - d17645eb-f5d0-4e03-ba92-dd2963a93e84@group-BF9B8C3C8FDF: changes role from  FOLLOWER to CANDIDATE at term 0 for changeToCandidate
2019-10-08 21:08:56,882 [Thread-3296] INFO  impl.RoleInfo (RoleInfo.java:updateAndGet(143)) - d17645eb-f5d0-4e03-ba92-dd2963a93e84: start LeaderElection
2019-10-08 21:08:56,896 [d5a7e1c6-72c1-4128-a6c8-523374656d80@group-582513F3AFB7-SegmentedRaftLogWorker] INFO  segmented.SegmentedRaftLogWorker (SegmentedRaftLogWorker.java:execute(576)) - d5a7e1c6-72c1-4128-a6c8-523374656d80@group-582513F3AFB7-SegmentedRaftLogWorker: created new log segment /workdir/hadoop-ozone/integration-test/target/test-dir/MiniOzoneClusterImpl-76b6f63f-e342-488e-8571-ba8c5b8db736/datanode-4/data/ratis/396482dc-2b64-4a52-9dd6-582513f3afb7/current/log_inprogress_0
2019-10-08 21:08:56,896 [6a70038f-f0b2-4d35-91e9-47692da92d1a@group-3878507C373E-SegmentedRaftLogWorker] INFO  segmented.SegmentedRaftLogWorker (SegmentedRaftLogWorker.java:execute(576)) - 6a70038f-f0b2-4d35-91e9-47692da92d1a@group-3878507C373E-SegmentedRaftLogWorker: created new log segment /workdir/hadoop-ozone/integration-test/target/test-dir/MiniOzoneClusterImpl-76b6f63f-e342-488e-8571-ba8c5b8db736/datanode-1/data/ratis/0f3fbf17-eeea-4458-b074-3878507c373e/current/log_inprogress_0
2019-10-08 21:08:56,909 [d17645eb-f5d0-4e03-ba92-dd2963a93e84@group-BF9B8C3C8FDF-LeaderElection66] INFO  impl.LeaderElection (LeaderElection.java:askForVotes(178)) - d17645eb-f5d0-4e03-ba92-dd2963a93e84@group-BF9B8C3C8FDF-LeaderElection66: begin an election at term 1 for -1: [d17645eb-f5d0-4e03-ba92-dd2963a93e84:192.168.5.143:34967], old=null
2019-10-08 21:08:56,909 [ffafc24f-f0e1-409e-982f-1c42cdb29933@group-F65BA09715F1-LeaderElection65] INFO  impl.LeaderElection (LeaderElection.java:askForVotes(178)) - ffafc24f-f0e1-409e-982f-1c42cdb29933@group-F65BA09715F1-LeaderElection65: begin an election at term 1 for -1: [ffafc24f-f0e1-409e-982f-1c42cdb29933:192.168.5.143:42050], old=null
2019-10-08 21:08:56,910 [d17645eb-f5d0-4e03-ba92-dd2963a93e84@group-BF9B8C3C8FDF-LeaderElection66] INFO  impl.RoleInfo (RoleInfo.java:shutdownLeaderElection(134)) - d17645eb-f5d0-4e03-ba92-dd2963a93e84: shutdown LeaderElection
2019-10-08 21:08:56,910 [ffafc24f-f0e1-409e-982f-1c42cdb29933@group-F65BA09715F1-LeaderElection65] INFO  impl.RoleInfo (RoleInfo.java:shutdownLeaderElection(134)) - ffafc24f-f0e1-409e-982f-1c42cdb29933: shutdown LeaderElection
2019-10-08 21:08:56,910 [d17645eb-f5d0-4e03-ba92-dd2963a93e84@group-BF9B8C3C8FDF-LeaderElection66] INFO  impl.RaftServerImpl (RaftServerImpl.java:setRole(170)) - d17645eb-f5d0-4e03-ba92-dd2963a93e84@group-BF9B8C3C8FDF: changes role from CANDIDATE to LEADER at term 1 for changeToLeader
2019-10-08 21:08:56,910 [ffafc24f-f0e1-409e-982f-1c42cdb29933@group-F65BA09715F1-LeaderElection65] INFO  impl.RaftServerImpl (RaftServerImpl.java:setRole(170)) - ffafc24f-f0e1-409e-982f-1c42cdb29933@group-F65BA09715F1: changes role from CANDIDATE to LEADER at term 1 for changeToLeader
2019-10-08 21:08:56,910 [d17645eb-f5d0-4e03-ba92-dd2963a93e84@group-BF9B8C3C8FDF-LeaderElection66] INFO  ratis.XceiverServerRatis (XceiverServerRatis.java:handleLeaderChangedNotification(702)) - Leader change notification received for group: group-BF9B8C3C8FDF with new leaderId: d17645eb-f5d0-4e03-ba92-dd2963a93e84
2019-10-08 21:08:56,910 [ffafc24f-f0e1-409e-982f-1c42cdb29933@group-F65BA09715F1-LeaderElection65] INFO  ratis.XceiverServerRatis (XceiverServerRatis.java:handleLeaderChangedNotification(702)) - Leader change notification received for group: group-F65BA09715F1 with new leaderId: ffafc24f-f0e1-409e-982f-1c42cdb29933
2019-10-08 21:08:56,913 [ffafc24f-f0e1-409e-982f-1c42cdb29933@group-F65BA09715F1-LeaderElection65] INFO  impl.RaftServerImpl (ServerState.java:setLeader(255)) - ffafc24f-f0e1-409e-982f-1c42cdb29933@group-F65BA09715F1: change Leader from null to ffafc24f-f0e1-409e-982f-1c42cdb29933 at term 1 for becomeLeader, leader elected after 5256ms
2019-10-08 21:08:56,913 [d17645eb-f5d0-4e03-ba92-dd2963a93e84@group-BF9B8C3C8FDF-LeaderElection66] INFO  impl.RaftServerImpl (ServerState.java:setLeader(255)) - d17645eb-f5d0-4e03-ba92-dd2963a93e84@group-BF9B8C3C8FDF: change Leader from null to d17645eb-f5d0-4e03-ba92-dd2963a93e84 at term 1 for becomeLeader, leader elected after 5110ms
2019-10-08 21:08:56,914 [ffafc24f-f0e1-409e-982f-1c42cdb29933@group-F65BA09715F1-LeaderElection65] INFO  server.RaftServerConfigKeys (ConfUtils.java:logGet(43)) - raft.server.staging.catchup.gap = 1000 (default)
2019-10-08 21:08:56,914 [d17645eb-f5d0-4e03-ba92-dd2963a93e84@group-BF9B8C3C8FDF-LeaderElection66] INFO  server.RaftServerConfigKeys (ConfUtils.java:logGet(43)) - raft.server.staging.catchup.gap = 1000 (default)
2019-10-08 21:08:56,914 [ffafc24f-f0e1-409e-982f-1c42cdb29933@group-F65BA09715F1-LeaderElection65] INFO  server.RaftServerConfigKeys (ConfUtils.java:logGet(43)) - raft.server.rpc.sleep.time = 25ms (default)
2019-10-08 21:08:56,914 [d17645eb-f5d0-4e03-ba92-dd2963a93e84@group-BF9B8C3C8FDF-LeaderElection66] INFO  server.RaftServerConfigKeys (ConfUtils.java:logGet(43)) - raft.server.rpc.sleep.time = 25ms (default)
2019-10-08 21:08:56,914 [ffafc24f-f0e1-409e-982f-1c42cdb29933@group-F65BA09715F1-LeaderElection65] INFO  server.RaftServerConfigKeys (ConfUtils.java:logGet(43)) - raft.server.write.element-limit = 4096 (default)
2019-10-08 21:08:56,914 [d17645eb-f5d0-4e03-ba92-dd2963a93e84@group-BF9B8C3C8FDF-LeaderElection66] INFO  server.RaftServerConfigKeys (ConfUtils.java:logGet(43)) - raft.server.write.element-limit = 4096 (default)
2019-10-08 21:08:56,914 [ffafc24f-f0e1-409e-982f-1c42cdb29933@group-F65BA09715F1-LeaderElection65] INFO  server.RaftServerConfigKeys (ConfUtils.java:logGet(43)) - raft.server.watch.timeout = 10s (default)
2019-10-08 21:08:56,915 [EventQueue-PipelineReportForPipelineReportHandler] INFO  pipeline.PipelineReportHandler (PipelineReportHandler.java:processPipelineReport(121)) - Pipeline PipelineID=f5c62137-b8b2-4402-af6c-896469feba97 reported by d17645eb-f5d0-4e03-ba92-dd2963a93e84{ip: 192.168.5.143, host: pr-hdds-1868-gtwz2-575081100, networkLocation: /default-rack, certSerialId: null} with leaderId 
2019-10-08 21:08:56,914 [d17645eb-f5d0-4e03-ba92-dd2963a93e84@group-BF9B8C3C8FDF-LeaderElection66] INFO  server.RaftServerConfigKeys (ConfUtils.java:logGet(43)) - raft.server.watch.timeout = 10s (default)
2019-10-08 21:08:56,915 [EventQueue-PipelineReportForPipelineReportHandler] INFO  pipeline.PipelineReportHandler (PipelineReportHandler.java:processPipelineReport(121)) - Pipeline PipelineID=fb28546f-fce5-42fb-a07f-bf9b8c3c8fdf reported by d17645eb-f5d0-4e03-ba92-dd2963a93e84{ip: 192.168.5.143, host: pr-hdds-1868-gtwz2-575081100, networkLocation: /default-rack, certSerialId: null} with leaderId d17645eb-f5d0-4e03-ba92-dd2963a93e84
2019-10-08 21:08:56,915 [ffafc24f-f0e1-409e-982f-1c42cdb29933@group-F65BA09715F1-LeaderElection65] INFO  server.RaftServerConfigKeys (ConfUtils.java:logGet(43)) - raft.server.watch.timeout.denomination = 1s (default)
2019-10-08 21:08:56,915 [EventQueue-PipelineReportForPipelineReportHandler] INFO  pipeline.PipelineStateManager (PipelineStateManager.java:openPipeline(136)) - Pipeline Pipeline[ Id: fb28546f-fce5-42fb-a07f-bf9b8c3c8fdf, Nodes: d17645eb-f5d0-4e03-ba92-dd2963a93e84{ip: 192.168.5.143, host: pr-hdds-1868-gtwz2-575081100, networkLocation: /default-rack, certSerialId: null}, Type:RATIS, Factor:ONE, State:OPEN] moved to OPEN state
2019-10-08 21:08:56,915 [d17645eb-f5d0-4e03-ba92-dd2963a93e84@group-BF9B8C3C8FDF-LeaderElection66] INFO  server.RaftServerConfigKeys (ConfUtils.java:logGet(43)) - raft.server.watch.timeout.denomination = 1s (default)
2019-10-08 21:08:56,915 [EventQueue-PipelineReportForPipelineReportHandler] INFO  pipeline.PipelineReportHandler (PipelineReportHandler.java:processPipelineReport(121)) - Pipeline PipelineID=dbdb5dfb-3ea3-47c8-afb5-f65ba09715f1 reported by ffafc24f-f0e1-409e-982f-1c42cdb29933{ip: 192.168.5.143, host: pr-hdds-1868-gtwz2-575081100, networkLocation: /default-rack, certSerialId: null} with leaderId ffafc24f-f0e1-409e-982f-1c42cdb29933
2019-10-08 21:08:56,915 [ffafc24f-f0e1-409e-982f-1c42cdb29933@group-F65BA09715F1-LeaderElection65] INFO  server.RaftServerConfigKeys (ConfUtils.java:logGet(43)) - raft.server.watch.element-limit = 65536 (default)
2019-10-08 21:08:56,916 [EventQueue-PipelineReportForPipelineReportHandler] INFO  pipeline.PipelineStateManager (PipelineStateManager.java:openPipeline(136)) - Pipeline Pipeline[ Id: dbdb5dfb-3ea3-47c8-afb5-f65ba09715f1, Nodes: ffafc24f-f0e1-409e-982f-1c42cdb29933{ip: 192.168.5.143, host: pr-hdds-1868-gtwz2-575081100, networkLocation: /default-rack, certSerialId: null}, Type:RATIS, Factor:ONE, State:OPEN] moved to OPEN state
2019-10-08 21:08:56,915 [d17645eb-f5d0-4e03-ba92-dd2963a93e84@group-BF9B8C3C8FDF-LeaderElection66] INFO  server.RaftServerConfigKeys (ConfUtils.java:logGet(43)) - raft.server.watch.element-limit = 65536 (default)
2019-10-08 21:08:56,916 [EventQueue-PipelineReportForPipelineReportHandler] INFO  pipeline.PipelineReportHandler (PipelineReportHandler.java:processPipelineReport(121)) - Pipeline PipelineID=e6b7c99a-2439-4212-bd8f-f5b269e6970b reported by ffafc24f-f0e1-409e-982f-1c42cdb29933{ip: 192.168.5.143, host: pr-hdds-1868-gtwz2-575081100, networkLocation: /default-rack, certSerialId: null} with leaderId 
2019-10-08 21:08:56,919 [ffafc24f-f0e1-409e-982f-1c42cdb29933@group-F65BA09715F1-LeaderElection65] INFO  impl.RoleInfo (RoleInfo.java:updateAndGet(143)) - ffafc24f-f0e1-409e-982f-1c42cdb29933: start LeaderState
2019-10-08 21:08:56,919 [d17645eb-f5d0-4e03-ba92-dd2963a93e84@group-BF9B8C3C8FDF-LeaderElection66] INFO  impl.RoleInfo (RoleInfo.java:updateAndGet(143)) - d17645eb-f5d0-4e03-ba92-dd2963a93e84: start LeaderState
2019-10-08 21:08:56,919 [ffafc24f-f0e1-409e-982f-1c42cdb29933@group-F65BA09715F1-LeaderElection65] INFO  segmented.SegmentedRaftLogWorker (SegmentedRaftLogWorker.java:startLogSegment(385)) - ffafc24f-f0e1-409e-982f-1c42cdb29933@group-F65BA09715F1-SegmentedRaftLogWorker: Starting segment from index:0
2019-10-08 21:08:56,919 [d17645eb-f5d0-4e03-ba92-dd2963a93e84@group-BF9B8C3C8FDF-LeaderElection66] INFO  segmented.SegmentedRaftLogWorker (SegmentedRaftLogWorker.java:startLogSegment(385)) - d17645eb-f5d0-4e03-ba92-dd2963a93e84@group-BF9B8C3C8FDF-SegmentedRaftLogWorker: Starting segment from index:0
2019-10-08 21:08:56,920 [ffafc24f-f0e1-409e-982f-1c42cdb29933@group-F65BA09715F1-LeaderElection65] INFO  impl.RaftServerImpl (ServerState.java:setRaftConf(356)) - ffafc24f-f0e1-409e-982f-1c42cdb29933@group-F65BA09715F1: set configuration 0: [ffafc24f-f0e1-409e-982f-1c42cdb29933:192.168.5.143:42050], old=null at 0
2019-10-08 21:08:56,920 [d17645eb-f5d0-4e03-ba92-dd2963a93e84@group-BF9B8C3C8FDF-LeaderElection66] INFO  impl.RaftServerImpl (ServerState.java:setRaftConf(356)) - d17645eb-f5d0-4e03-ba92-dd2963a93e84@group-BF9B8C3C8FDF: set configuration 0: [d17645eb-f5d0-4e03-ba92-dd2963a93e84:192.168.5.143:34967], old=null at 0
2019-10-08 21:08:56,923 [Thread-3300] INFO  impl.FollowerState (FollowerState.java:run(108)) - b11c6a09-df3d-44f0-9c56-88b487f5aeaa@group-A3003B49171C-FollowerState: change to CANDIDATE, lastRpcTime:5066ms, electionTimeout:5066ms
2019-10-08 21:08:56,924 [Thread-3300] INFO  impl.RoleInfo (RoleInfo.java:shutdownFollowerState(121)) - b11c6a09-df3d-44f0-9c56-88b487f5aeaa: shutdown FollowerState
2019-10-08 21:08:56,924 [Thread-3300] INFO  impl.RaftServerImpl (RaftServerImpl.java:setRole(170)) - b11c6a09-df3d-44f0-9c56-88b487f5aeaa@group-A3003B49171C: changes role from  FOLLOWER to CANDIDATE at term 0 for changeToCandidate
2019-10-08 21:08:56,924 [Thread-3300] INFO  impl.RoleInfo (RoleInfo.java:updateAndGet(143)) - b11c6a09-df3d-44f0-9c56-88b487f5aeaa: start LeaderElection
2019-10-08 21:08:56,972 [ffafc24f-f0e1-409e-982f-1c42cdb29933@group-F65BA09715F1-SegmentedRaftLogWorker] INFO  segmented.SegmentedRaftLogWorker (SegmentedRaftLogWorker.java:execute(576)) - ffafc24f-f0e1-409e-982f-1c42cdb29933@group-F65BA09715F1-SegmentedRaftLogWorker: created new log segment /workdir/hadoop-ozone/integration-test/target/test-dir/MiniOzoneClusterImpl-76b6f63f-e342-488e-8571-ba8c5b8db736/datanode-6/data/ratis/dbdb5dfb-3ea3-47c8-afb5-f65ba09715f1/current/log_inprogress_0
2019-10-08 21:08:56,972 [b11c6a09-df3d-44f0-9c56-88b487f5aeaa@group-A3003B49171C-LeaderElection67] INFO  impl.LeaderElection (LeaderElection.java:askForVotes(178)) - b11c6a09-df3d-44f0-9c56-88b487f5aeaa@group-A3003B49171C-LeaderElection67: begin an election at term 1 for -1: [b11c6a09-df3d-44f0-9c56-88b487f5aeaa:192.168.5.143:37030], old=null
2019-10-08 21:08:56,972 [d17645eb-f5d0-4e03-ba92-dd2963a93e84@group-BF9B8C3C8FDF-SegmentedRaftLogWorker] INFO  segmented.SegmentedRaftLogWorker (SegmentedRaftLogWorker.java:execute(576)) - d17645eb-f5d0-4e03-ba92-dd2963a93e84@group-BF9B8C3C8FDF-SegmentedRaftLogWorker: created new log segment /workdir/hadoop-ozone/integration-test/target/test-dir/MiniOzoneClusterImpl-76b6f63f-e342-488e-8571-ba8c5b8db736/datanode-3/data/ratis/fb28546f-fce5-42fb-a07f-bf9b8c3c8fdf/current/log_inprogress_0
2019-10-08 21:08:56,973 [b11c6a09-df3d-44f0-9c56-88b487f5aeaa@group-A3003B49171C-LeaderElection67] INFO  impl.RoleInfo (RoleInfo.java:shutdownLeaderElection(134)) - b11c6a09-df3d-44f0-9c56-88b487f5aeaa: shutdown LeaderElection
2019-10-08 21:08:56,973 [b11c6a09-df3d-44f0-9c56-88b487f5aeaa@group-A3003B49171C-LeaderElection67] INFO  impl.RaftServerImpl (RaftServerImpl.java:setRole(170)) - b11c6a09-df3d-44f0-9c56-88b487f5aeaa@group-A3003B49171C: changes role from CANDIDATE to LEADER at term 1 for changeToLeader
2019-10-08 21:08:56,973 [b11c6a09-df3d-44f0-9c56-88b487f5aeaa@group-A3003B49171C-LeaderElection67] INFO  ratis.XceiverServerRatis (XceiverServerRatis.java:handleLeaderChangedNotification(702)) - Leader change notification received for group: group-A3003B49171C with new leaderId: b11c6a09-df3d-44f0-9c56-88b487f5aeaa
2019-10-08 21:08:56,976 [b11c6a09-df3d-44f0-9c56-88b487f5aeaa@group-A3003B49171C-LeaderElection67] INFO  impl.RaftServerImpl (ServerState.java:setLeader(255)) - b11c6a09-df3d-44f0-9c56-88b487f5aeaa@group-A3003B49171C: change Leader from null to b11c6a09-df3d-44f0-9c56-88b487f5aeaa at term 1 for becomeLeader, leader elected after 5120ms
2019-10-08 21:08:56,976 [b11c6a09-df3d-44f0-9c56-88b487f5aeaa@group-A3003B49171C-LeaderElection67] INFO  server.RaftServerConfigKeys (ConfUtils.java:logGet(43)) - raft.server.staging.catchup.gap = 1000 (default)
2019-10-08 21:08:56,976 [b11c6a09-df3d-44f0-9c56-88b487f5aeaa@group-A3003B49171C-LeaderElection67] INFO  server.RaftServerConfigKeys (ConfUtils.java:logGet(43)) - raft.server.rpc.sleep.time = 25ms (default)
2019-10-08 21:08:56,976 [b11c6a09-df3d-44f0-9c56-88b487f5aeaa@group-A3003B49171C-LeaderElection67] INFO  server.RaftServerConfigKeys (ConfUtils.java:logGet(43)) - raft.server.write.element-limit = 4096 (default)
2019-10-08 21:08:56,976 [b11c6a09-df3d-44f0-9c56-88b487f5aeaa@group-A3003B49171C-LeaderElection67] INFO  server.RaftServerConfigKeys (ConfUtils.java:logGet(43)) - raft.server.watch.timeout = 10s (default)
2019-10-08 21:08:56,977 [b11c6a09-df3d-44f0-9c56-88b487f5aeaa@group-A3003B49171C-LeaderElection67] INFO  server.RaftServerConfigKeys (ConfUtils.java:logGet(43)) - raft.server.watch.timeout.denomination = 1s (default)
2019-10-08 21:08:56,977 [b11c6a09-df3d-44f0-9c56-88b487f5aeaa@group-A3003B49171C-LeaderElection67] INFO  server.RaftServerConfigKeys (ConfUtils.java:logGet(43)) - raft.server.watch.element-limit = 65536 (default)
2019-10-08 21:08:56,977 [EventQueue-PipelineReportForPipelineReportHandler] INFO  pipeline.PipelineReportHandler (PipelineReportHandler.java:processPipelineReport(121)) - Pipeline PipelineID=3481b59f-8733-4eeb-b1d7-a3003b49171c reported by b11c6a09-df3d-44f0-9c56-88b487f5aeaa{ip: 192.168.5.143, host: pr-hdds-1868-gtwz2-575081100, networkLocation: /default-rack, certSerialId: null} with leaderId b11c6a09-df3d-44f0-9c56-88b487f5aeaa
2019-10-08 21:08:56,977 [EventQueue-PipelineReportForPipelineReportHandler] INFO  pipeline.PipelineStateManager (PipelineStateManager.java:openPipeline(136)) - Pipeline Pipeline[ Id: 3481b59f-8733-4eeb-b1d7-a3003b49171c, Nodes: b11c6a09-df3d-44f0-9c56-88b487f5aeaa{ip: 192.168.5.143, host: pr-hdds-1868-gtwz2-575081100, networkLocation: /default-rack, certSerialId: null}, Type:RATIS, Factor:ONE, State:OPEN] moved to OPEN state
2019-10-08 21:08:56,978 [EventQueue-PipelineReportForPipelineReportHandler] INFO  pipeline.PipelineReportHandler (PipelineReportHandler.java:processPipelineReport(121)) - Pipeline PipelineID=e6b7c99a-2439-4212-bd8f-f5b269e6970b reported by b11c6a09-df3d-44f0-9c56-88b487f5aeaa{ip: 192.168.5.143, host: pr-hdds-1868-gtwz2-575081100, networkLocation: /default-rack, certSerialId: null} with leaderId 
2019-10-08 21:08:56,978 [EventQueue-PipelineReportForPipelineReportHandler] INFO  pipeline.PipelineStateManager (PipelineStateManager.java:openPipeline(136)) - Pipeline Pipeline[ Id: e6b7c99a-2439-4212-bd8f-f5b269e6970b, Nodes: ffafc24f-f0e1-409e-982f-1c42cdb29933{ip: 192.168.5.143, host: pr-hdds-1868-gtwz2-575081100, networkLocation: /default-rack, certSerialId: null}b11c6a09-df3d-44f0-9c56-88b487f5aeaa{ip: 192.168.5.143, host: pr-hdds-1868-gtwz2-575081100, networkLocation: /default-rack, certSerialId: null}d5a7e1c6-72c1-4128-a6c8-523374656d80{ip: 192.168.5.143, host: pr-hdds-1868-gtwz2-575081100, networkLocation: /default-rack, certSerialId: null}, Type:RATIS, Factor:THREE, State:OPEN] moved to OPEN state
2019-10-08 21:08:56,978 [b11c6a09-df3d-44f0-9c56-88b487f5aeaa@group-A3003B49171C-LeaderElection67] INFO  impl.RoleInfo (RoleInfo.java:updateAndGet(143)) - b11c6a09-df3d-44f0-9c56-88b487f5aeaa: start LeaderState
2019-10-08 21:08:56,979 [b11c6a09-df3d-44f0-9c56-88b487f5aeaa@group-A3003B49171C-LeaderElection67] INFO  segmented.SegmentedRaftLogWorker (SegmentedRaftLogWorker.java:startLogSegment(385)) - b11c6a09-df3d-44f0-9c56-88b487f5aeaa@group-A3003B49171C-SegmentedRaftLogWorker: Starting segment from index:0
2019-10-08 21:08:56,979 [b11c6a09-df3d-44f0-9c56-88b487f5aeaa@group-A3003B49171C-LeaderElection67] INFO  impl.RaftServerImpl (ServerState.java:setRaftConf(356)) - b11c6a09-df3d-44f0-9c56-88b487f5aeaa@group-A3003B49171C: set configuration 0: [b11c6a09-df3d-44f0-9c56-88b487f5aeaa:192.168.5.143:37030], old=null at 0
2019-10-08 21:08:57,021 [b11c6a09-df3d-44f0-9c56-88b487f5aeaa@group-A3003B49171C-SegmentedRaftLogWorker] INFO  segmented.SegmentedRaftLogWorker (SegmentedRaftLogWorker.java:execute(576)) - b11c6a09-df3d-44f0-9c56-88b487f5aeaa@group-A3003B49171C-SegmentedRaftLogWorker: created new log segment /workdir/hadoop-ozone/integration-test/target/test-dir/MiniOzoneClusterImpl-76b6f63f-e342-488e-8571-ba8c5b8db736/datanode-5/data/ratis/3481b59f-8733-4eeb-b1d7-a3003b49171c/current/log_inprogress_0
2019-10-08 21:08:57,043 [main] INFO  ozone.MiniOzoneClusterImpl (MiniOzoneClusterImpl.java:lambda$waitForClusterToBeReady$2(164)) - Waiting for 3 number of pipelines out of 9, to report a leader.
2019-10-08 21:08:57,064 [Thread-3304] INFO  impl.FollowerState (FollowerState.java:run(108)) - 83f89ce6-f7da-4fc8-87e9-1476e88e7ab1@group-9CAE3F19E79C-FollowerState: change to CANDIDATE, lastRpcTime:5152ms, electionTimeout:5152ms
2019-10-08 21:08:57,064 [Thread-3304] INFO  impl.RoleInfo (RoleInfo.java:shutdownFollowerState(121)) - 83f89ce6-f7da-4fc8-87e9-1476e88e7ab1: shutdown FollowerState
2019-10-08 21:08:57,064 [Thread-3304] INFO  impl.RaftServerImpl (RaftServerImpl.java:setRole(170)) - 83f89ce6-f7da-4fc8-87e9-1476e88e7ab1@group-9CAE3F19E79C: changes role from  FOLLOWER to CANDIDATE at term 0 for changeToCandidate
2019-10-08 21:08:57,064 [Thread-3304] INFO  impl.RoleInfo (RoleInfo.java:updateAndGet(143)) - 83f89ce6-f7da-4fc8-87e9-1476e88e7ab1: start LeaderElection
2019-10-08 21:08:57,096 [83f89ce6-f7da-4fc8-87e9-1476e88e7ab1@group-9CAE3F19E79C-LeaderElection68] INFO  impl.LeaderElection (LeaderElection.java:askForVotes(178)) - 83f89ce6-f7da-4fc8-87e9-1476e88e7ab1@group-9CAE3F19E79C-LeaderElection68: begin an election at term 1 for -1: [83f89ce6-f7da-4fc8-87e9-1476e88e7ab1:192.168.5.143:45883], old=null
2019-10-08 21:08:57,096 [83f89ce6-f7da-4fc8-87e9-1476e88e7ab1@group-9CAE3F19E79C-LeaderElection68] INFO  impl.RoleInfo (RoleInfo.java:shutdownLeaderElection(134)) - 83f89ce6-f7da-4fc8-87e9-1476e88e7ab1: shutdown LeaderElection
2019-10-08 21:08:57,097 [83f89ce6-f7da-4fc8-87e9-1476e88e7ab1@group-9CAE3F19E79C-LeaderElection68] INFO  impl.RaftServerImpl (RaftServerImpl.java:setRole(170)) - 83f89ce6-f7da-4fc8-87e9-1476e88e7ab1@group-9CAE3F19E79C: changes role from CANDIDATE to LEADER at term 1 for changeToLeader
2019-10-08 21:08:57,097 [83f89ce6-f7da-4fc8-87e9-1476e88e7ab1@group-9CAE3F19E79C-LeaderElection68] INFO  ratis.XceiverServerRatis (XceiverServerRatis.java:handleLeaderChangedNotification(702)) - Leader change notification received for group: group-9CAE3F19E79C with new leaderId: 83f89ce6-f7da-4fc8-87e9-1476e88e7ab1
2019-10-08 21:08:57,099 [83f89ce6-f7da-4fc8-87e9-1476e88e7ab1@group-9CAE3F19E79C-LeaderElection68] INFO  impl.RaftServerImpl (ServerState.java:setLeader(255)) - 83f89ce6-f7da-4fc8-87e9-1476e88e7ab1@group-9CAE3F19E79C: change Leader from null to 83f89ce6-f7da-4fc8-87e9-1476e88e7ab1 at term 1 for becomeLeader, leader elected after 5189ms
2019-10-08 21:08:57,099 [83f89ce6-f7da-4fc8-87e9-1476e88e7ab1@group-9CAE3F19E79C-LeaderElection68] INFO  server.RaftServerConfigKeys (ConfUtils.java:logGet(43)) - raft.server.staging.catchup.gap = 1000 (default)
2019-10-08 21:08:57,100 [83f89ce6-f7da-4fc8-87e9-1476e88e7ab1@group-9CAE3F19E79C-LeaderElection68] INFO  server.RaftServerConfigKeys (ConfUtils.java:logGet(43)) - raft.server.rpc.sleep.time = 25ms (default)
2019-10-08 21:08:57,100 [83f89ce6-f7da-4fc8-87e9-1476e88e7ab1@group-9CAE3F19E79C-LeaderElection68] INFO  server.RaftServerConfigKeys (ConfUtils.java:logGet(43)) - raft.server.write.element-limit = 4096 (default)
2019-10-08 21:08:57,100 [83f89ce6-f7da-4fc8-87e9-1476e88e7ab1@group-9CAE3F19E79C-LeaderElection68] INFO  server.RaftServerConfigKeys (ConfUtils.java:logGet(43)) - raft.server.watch.timeout = 10s (default)
2019-10-08 21:08:57,100 [83f89ce6-f7da-4fc8-87e9-1476e88e7ab1@group-9CAE3F19E79C-LeaderElection68] INFO  server.RaftServerConfigKeys (ConfUtils.java:logGet(43)) - raft.server.watch.timeout.denomination = 1s (default)
2019-10-08 21:08:57,100 [83f89ce6-f7da-4fc8-87e9-1476e88e7ab1@group-9CAE3F19E79C-LeaderElection68] INFO  server.RaftServerConfigKeys (ConfUtils.java:logGet(43)) - raft.server.watch.element-limit = 65536 (default)
2019-10-08 21:08:57,101 [EventQueue-PipelineReportForPipelineReportHandler] INFO  pipeline.PipelineReportHandler (PipelineReportHandler.java:processPipelineReport(121)) - Pipeline PipelineID=836796d2-e3a9-49a1-b8bb-9cae3f19e79c reported by 83f89ce6-f7da-4fc8-87e9-1476e88e7ab1{ip: 192.168.5.143, host: pr-hdds-1868-gtwz2-575081100, networkLocation: /default-rack, certSerialId: null} with leaderId 83f89ce6-f7da-4fc8-87e9-1476e88e7ab1
2019-10-08 21:08:57,101 [EventQueue-PipelineReportForPipelineReportHandler] INFO  pipeline.PipelineStateManager (PipelineStateManager.java:openPipeline(136)) - Pipeline Pipeline[ Id: 836796d2-e3a9-49a1-b8bb-9cae3f19e79c, Nodes: 83f89ce6-f7da-4fc8-87e9-1476e88e7ab1{ip: 192.168.5.143, host: pr-hdds-1868-gtwz2-575081100, networkLocation: /default-rack, certSerialId: null}, Type:RATIS, Factor:ONE, State:OPEN] moved to OPEN state
2019-10-08 21:08:57,103 [83f89ce6-f7da-4fc8-87e9-1476e88e7ab1@group-9CAE3F19E79C-LeaderElection68] INFO  impl.RoleInfo (RoleInfo.java:updateAndGet(143)) - 83f89ce6-f7da-4fc8-87e9-1476e88e7ab1: start LeaderState
2019-10-08 21:08:57,103 [83f89ce6-f7da-4fc8-87e9-1476e88e7ab1@group-9CAE3F19E79C-LeaderElection68] INFO  segmented.SegmentedRaftLogWorker (SegmentedRaftLogWorker.java:startLogSegment(385)) - 83f89ce6-f7da-4fc8-87e9-1476e88e7ab1@group-9CAE3F19E79C-SegmentedRaftLogWorker: Starting segment from index:0
2019-10-08 21:08:57,104 [83f89ce6-f7da-4fc8-87e9-1476e88e7ab1@group-9CAE3F19E79C-LeaderElection68] INFO  impl.RaftServerImpl (ServerState.java:setRaftConf(356)) - 83f89ce6-f7da-4fc8-87e9-1476e88e7ab1@group-9CAE3F19E79C: set configuration 0: [83f89ce6-f7da-4fc8-87e9-1476e88e7ab1:192.168.5.143:45883], old=null at 0
2019-10-08 21:08:57,155 [83f89ce6-f7da-4fc8-87e9-1476e88e7ab1@group-9CAE3F19E79C-SegmentedRaftLogWorker] INFO  segmented.SegmentedRaftLogWorker (SegmentedRaftLogWorker.java:execute(576)) - 83f89ce6-f7da-4fc8-87e9-1476e88e7ab1@group-9CAE3F19E79C-SegmentedRaftLogWorker: created new log segment /workdir/hadoop-ozone/integration-test/target/test-dir/MiniOzoneClusterImpl-76b6f63f-e342-488e-8571-ba8c5b8db736/datanode-2/data/ratis/836796d2-e3a9-49a1-b8bb-9cae3f19e79c/current/log_inprogress_0
2019-10-08 21:08:57,201 [Thread-3310] INFO  impl.FollowerState (FollowerState.java:run(108)) - d5a7e1c6-72c1-4128-a6c8-523374656d80@group-F5B269E6970B-FollowerState: change to CANDIDATE, lastRpcTime:5195ms, electionTimeout:5195ms
2019-10-08 21:08:57,201 [Thread-3310] INFO  impl.RoleInfo (RoleInfo.java:shutdownFollowerState(121)) - d5a7e1c6-72c1-4128-a6c8-523374656d80: shutdown FollowerState
2019-10-08 21:08:57,201 [Thread-3310] INFO  impl.RaftServerImpl (RaftServerImpl.java:setRole(170)) - d5a7e1c6-72c1-4128-a6c8-523374656d80@group-F5B269E6970B: changes role from  FOLLOWER to CANDIDATE at term 0 for changeToCandidate
2019-10-08 21:08:57,201 [Thread-3310] INFO  impl.RoleInfo (RoleInfo.java:updateAndGet(143)) - d5a7e1c6-72c1-4128-a6c8-523374656d80: start LeaderElection
2019-10-08 21:08:57,207 [Thread-3315] INFO  impl.FollowerState (FollowerState.java:run(108)) - b11c6a09-df3d-44f0-9c56-88b487f5aeaa@group-F5B269E6970B-FollowerState: change to CANDIDATE, lastRpcTime:5198ms, electionTimeout:5179ms
2019-10-08 21:08:57,207 [Thread-3315] INFO  impl.RoleInfo (RoleInfo.java:shutdownFollowerState(121)) - b11c6a09-df3d-44f0-9c56-88b487f5aeaa: shutdown FollowerState
2019-10-08 21:08:57,207 [Thread-3315] INFO  impl.RaftServerImpl (RaftServerImpl.java:setRole(170)) - b11c6a09-df3d-44f0-9c56-88b487f5aeaa@group-F5B269E6970B: changes role from  FOLLOWER to CANDIDATE at term 0 for changeToCandidate
2019-10-08 21:08:57,207 [Thread-3315] INFO  impl.RoleInfo (RoleInfo.java:updateAndGet(143)) - b11c6a09-df3d-44f0-9c56-88b487f5aeaa: start LeaderElection
2019-10-08 21:08:57,210 [Thread-3332] INFO  impl.FollowerState (FollowerState.java:run(108)) - 563427f3-50ed-4c45-a12e-b3f5127aec9c@group-CB8E9B908D1A-FollowerState: change to CANDIDATE, lastRpcTime:5038ms, electionTimeout:5037ms
2019-10-08 21:08:57,221 [d5a7e1c6-72c1-4128-a6c8-523374656d80@group-F5B269E6970B-LeaderElection69] INFO  impl.LeaderElection (LeaderElection.java:askForVotes(178)) - d5a7e1c6-72c1-4128-a6c8-523374656d80@group-F5B269E6970B-LeaderElection69: begin an election at term 1 for -1: [ffafc24f-f0e1-409e-982f-1c42cdb29933:192.168.5.143:42050, d5a7e1c6-72c1-4128-a6c8-523374656d80:192.168.5.143:46801, b11c6a09-df3d-44f0-9c56-88b487f5aeaa:192.168.5.143:37030], old=null
2019-10-08 21:08:57,221 [Thread-3332] INFO  impl.RoleInfo (RoleInfo.java:shutdownFollowerState(121)) - 563427f3-50ed-4c45-a12e-b3f5127aec9c: shutdown FollowerState
2019-10-08 21:08:57,221 [Thread-3332] INFO  impl.RaftServerImpl (RaftServerImpl.java:setRole(170)) - 563427f3-50ed-4c45-a12e-b3f5127aec9c@group-CB8E9B908D1A: changes role from  FOLLOWER to CANDIDATE at term 0 for changeToCandidate
2019-10-08 21:08:57,221 [Thread-3332] INFO  impl.RoleInfo (RoleInfo.java:updateAndGet(143)) - 563427f3-50ed-4c45-a12e-b3f5127aec9c: start LeaderElection
2019-10-08 21:08:57,224 [Thread-3327] INFO  impl.FollowerState (FollowerState.java:run(108)) - 563427f3-50ed-4c45-a12e-b3f5127aec9c@group-896469FEBA97-FollowerState: change to CANDIDATE, lastRpcTime:5113ms, electionTimeout:5113ms
2019-10-08 21:08:57,225 [Thread-3313] INFO  impl.FollowerState (FollowerState.java:run(108)) - ffafc24f-f0e1-409e-982f-1c42cdb29933@group-F5B269E6970B-FollowerState: change to CANDIDATE, lastRpcTime:5216ms, electionTimeout:5196ms
2019-10-08 21:08:57,225 [Thread-3327] INFO  impl.RoleInfo (RoleInfo.java:shutdownFollowerState(121)) - 563427f3-50ed-4c45-a12e-b3f5127aec9c: shutdown FollowerState
2019-10-08 21:08:57,225 [Thread-3313] INFO  impl.RoleInfo (RoleInfo.java:shutdownFollowerState(121)) - ffafc24f-f0e1-409e-982f-1c42cdb29933: shutdown FollowerState
2019-10-08 21:08:57,225 [Thread-3327] INFO  impl.RaftServerImpl (RaftServerImpl.java:setRole(170)) - 563427f3-50ed-4c45-a12e-b3f5127aec9c@group-896469FEBA97: changes role from  FOLLOWER to CANDIDATE at term 0 for changeToCandidate
2019-10-08 21:08:57,225 [Thread-3313] INFO  impl.RaftServerImpl (RaftServerImpl.java:setRole(170)) - ffafc24f-f0e1-409e-982f-1c42cdb29933@group-F5B269E6970B: changes role from  FOLLOWER to CANDIDATE at term 0 for changeToCandidate
2019-10-08 21:08:57,225 [Thread-3327] INFO  impl.RoleInfo (RoleInfo.java:updateAndGet(143)) - 563427f3-50ed-4c45-a12e-b3f5127aec9c: start LeaderElection
2019-10-08 21:08:57,225 [Thread-3313] INFO  impl.RoleInfo (RoleInfo.java:updateAndGet(143)) - ffafc24f-f0e1-409e-982f-1c42cdb29933: start LeaderElection
2019-10-08 21:08:57,235 [563427f3-50ed-4c45-a12e-b3f5127aec9c@group-CB8E9B908D1A-LeaderElection71] INFO  impl.LeaderElection (LeaderElection.java:askForVotes(178)) - 563427f3-50ed-4c45-a12e-b3f5127aec9c@group-CB8E9B908D1A-LeaderElection71: begin an election at term 1 for -1: [563427f3-50ed-4c45-a12e-b3f5127aec9c:192.168.5.143:32835], old=null
2019-10-08 21:08:57,235 [563427f3-50ed-4c45-a12e-b3f5127aec9c@group-896469FEBA97-LeaderElection72] INFO  impl.LeaderElection (LeaderElection.java:askForVotes(178)) - 563427f3-50ed-4c45-a12e-b3f5127aec9c@group-896469FEBA97-LeaderElection72: begin an election at term 1 for -1: [d17645eb-f5d0-4e03-ba92-dd2963a93e84:192.168.5.143:34967, 563427f3-50ed-4c45-a12e-b3f5127aec9c:192.168.5.143:32835, 6a70038f-f0b2-4d35-91e9-47692da92d1a:192.168.5.143:35516], old=null
2019-10-08 21:08:57,235 [563427f3-50ed-4c45-a12e-b3f5127aec9c@group-CB8E9B908D1A-LeaderElection71] INFO  impl.RoleInfo (RoleInfo.java:shutdownLeaderElection(134)) - 563427f3-50ed-4c45-a12e-b3f5127aec9c: shutdown LeaderElection
2019-10-08 21:08:57,235 [b11c6a09-df3d-44f0-9c56-88b487f5aeaa@group-F5B269E6970B-LeaderElection70] INFO  impl.LeaderElection (LeaderElection.java:askForVotes(178)) - b11c6a09-df3d-44f0-9c56-88b487f5aeaa@group-F5B269E6970B-LeaderElection70: begin an election at term 1 for -1: [ffafc24f-f0e1-409e-982f-1c42cdb29933:192.168.5.143:42050, d5a7e1c6-72c1-4128-a6c8-523374656d80:192.168.5.143:46801, b11c6a09-df3d-44f0-9c56-88b487f5aeaa:192.168.5.143:37030], old=null
2019-10-08 21:08:57,235 [ffafc24f-f0e1-409e-982f-1c42cdb29933@group-F5B269E6970B-LeaderElection73] INFO  impl.LeaderElection (LeaderElection.java:askForVotes(178)) - ffafc24f-f0e1-409e-982f-1c42cdb29933@group-F5B269E6970B-LeaderElection73: begin an election at term 1 for -1: [ffafc24f-f0e1-409e-982f-1c42cdb29933:192.168.5.143:42050, d5a7e1c6-72c1-4128-a6c8-523374656d80:192.168.5.143:46801, b11c6a09-df3d-44f0-9c56-88b487f5aeaa:192.168.5.143:37030], old=null
2019-10-08 21:08:57,238 [563427f3-50ed-4c45-a12e-b3f5127aec9c@group-CB8E9B908D1A-LeaderElection71] INFO  impl.RaftServerImpl (RaftServerImpl.java:setRole(170)) - 563427f3-50ed-4c45-a12e-b3f5127aec9c@group-CB8E9B908D1A: changes role from CANDIDATE to LEADER at term 1 for changeToLeader
2019-10-08 21:08:57,239 [563427f3-50ed-4c45-a12e-b3f5127aec9c@group-CB8E9B908D1A-LeaderElection71] INFO  ratis.XceiverServerRatis (XceiverServerRatis.java:handleLeaderChangedNotification(702)) - Leader change notification received for group: group-CB8E9B908D1A with new leaderId: 563427f3-50ed-4c45-a12e-b3f5127aec9c
2019-10-08 21:08:57,242 [563427f3-50ed-4c45-a12e-b3f5127aec9c@group-CB8E9B908D1A-LeaderElection71] INFO  impl.RaftServerImpl (ServerState.java:setLeader(255)) - 563427f3-50ed-4c45-a12e-b3f5127aec9c@group-CB8E9B908D1A: change Leader from null to 563427f3-50ed-4c45-a12e-b3f5127aec9c at term 1 for becomeLeader, leader elected after 5071ms
2019-10-08 21:08:57,242 [d5a7e1c6-72c1-4128-a6c8-523374656d80@group-F5B269E6970B-LeaderElection69] INFO  impl.LeaderElection (LeaderElection.java:logAndReturn(56)) - d5a7e1c6-72c1-4128-a6c8-523374656d80@group-F5B269E6970B-LeaderElection69: Election REJECTED; received 2 response(s) [d5a7e1c6-72c1-4128-a6c8-523374656d80<-ffafc24f-f0e1-409e-982f-1c42cdb29933#0:FAIL-t1, d5a7e1c6-72c1-4128-a6c8-523374656d80<-b11c6a09-df3d-44f0-9c56-88b487f5aeaa#0:FAIL-t1] and 0 exception(s); d5a7e1c6-72c1-4128-a6c8-523374656d80@group-F5B269E6970B:t1, leader=null, voted=d5a7e1c6-72c1-4128-a6c8-523374656d80, raftlog=d5a7e1c6-72c1-4128-a6c8-523374656d80@group-F5B269E6970B-SegmentedRaftLog:OPENED:c-1,f-1,i0, conf=-1: [ffafc24f-f0e1-409e-982f-1c42cdb29933:192.168.5.143:42050, d5a7e1c6-72c1-4128-a6c8-523374656d80:192.168.5.143:46801, b11c6a09-df3d-44f0-9c56-88b487f5aeaa:192.168.5.143:37030], old=null
2019-10-08 21:08:57,242 [563427f3-50ed-4c45-a12e-b3f5127aec9c@group-CB8E9B908D1A-LeaderElection71] INFO  server.RaftServerConfigKeys (ConfUtils.java:logGet(43)) - raft.server.staging.catchup.gap = 1000 (default)
2019-10-08 21:08:57,243 [563427f3-50ed-4c45-a12e-b3f5127aec9c@group-CB8E9B908D1A-LeaderElection71] INFO  server.RaftServerConfigKeys (ConfUtils.java:logGet(43)) - raft.server.rpc.sleep.time = 25ms (default)
2019-10-08 21:08:57,243 [d5a7e1c6-72c1-4128-a6c8-523374656d80@group-F5B269E6970B-LeaderElection69] INFO  impl.RaftServerImpl (RaftServerImpl.java:setRole(170)) - d5a7e1c6-72c1-4128-a6c8-523374656d80@group-F5B269E6970B: changes role from CANDIDATE to FOLLOWER at term 1 for DISCOVERED_A_NEW_TERM
2019-10-08 21:08:57,243 [d5a7e1c6-72c1-4128-a6c8-523374656d80@group-F5B269E6970B-LeaderElection69] INFO  impl.RoleInfo (RoleInfo.java:shutdownLeaderElection(134)) - d5a7e1c6-72c1-4128-a6c8-523374656d80: shutdown LeaderElection
2019-10-08 21:08:57,243 [563427f3-50ed-4c45-a12e-b3f5127aec9c@group-CB8E9B908D1A-LeaderElection71] INFO  server.RaftServerConfigKeys (ConfUtils.java:logGet(43)) - raft.server.write.element-limit = 4096 (default)
2019-10-08 21:08:57,243 [d5a7e1c6-72c1-4128-a6c8-523374656d80@group-F5B269E6970B-LeaderElection69] INFO  impl.RoleInfo (RoleInfo.java:updateAndGet(143)) - d5a7e1c6-72c1-4128-a6c8-523374656d80: start FollowerState
2019-10-08 21:08:57,243 [EventQueue-PipelineReportForPipelineReportHandler] INFO  pipeline.PipelineReportHandler (PipelineReportHandler.java:processPipelineReport(121)) - Pipeline PipelineID=f5c62137-b8b2-4402-af6c-896469feba97 reported by 563427f3-50ed-4c45-a12e-b3f5127aec9c{ip: 192.168.5.143, host: pr-hdds-1868-gtwz2-575081100, networkLocation: /default-rack, certSerialId: null} with leaderId 
2019-10-08 21:08:57,243 [563427f3-50ed-4c45-a12e-b3f5127aec9c@group-CB8E9B908D1A-LeaderElection71] INFO  server.RaftServerConfigKeys (ConfUtils.java:logGet(43)) - raft.server.watch.timeout = 10s (default)
2019-10-08 21:08:57,244 [EventQueue-PipelineReportForPipelineReportHandler] INFO  pipeline.PipelineStateManager (PipelineStateManager.java:openPipeline(136)) - Pipeline Pipeline[ Id: f5c62137-b8b2-4402-af6c-896469feba97, Nodes: 563427f3-50ed-4c45-a12e-b3f5127aec9c{ip: 192.168.5.143, host: pr-hdds-1868-gtwz2-575081100, networkLocation: /default-rack, certSerialId: null}d17645eb-f5d0-4e03-ba92-dd2963a93e84{ip: 192.168.5.143, host: pr-hdds-1868-gtwz2-575081100, networkLocation: /default-rack, certSerialId: null}6a70038f-f0b2-4d35-91e9-47692da92d1a{ip: 192.168.5.143, host: pr-hdds-1868-gtwz2-575081100, networkLocation: /default-rack, certSerialId: null}, Type:RATIS, Factor:THREE, State:OPEN] moved to OPEN state
2019-10-08 21:08:57,244 [563427f3-50ed-4c45-a12e-b3f5127aec9c@group-CB8E9B908D1A-LeaderElection71] INFO  server.RaftServerConfigKeys (ConfUtils.java:logGet(43)) - raft.server.watch.timeout.denomination = 1s (default)
2019-10-08 21:08:57,244 [EventQueue-PipelineReportForPipelineReportHandler] INFO  pipeline.PipelineReportHandler (PipelineReportHandler.java:processPipelineReport(121)) - Pipeline PipelineID=6cb7d4c4-68fb-40a0-9ccf-cb8e9b908d1a reported by 563427f3-50ed-4c45-a12e-b3f5127aec9c{ip: 192.168.5.143, host: pr-hdds-1868-gtwz2-575081100, networkLocation: /default-rack, certSerialId: null} with leaderId 563427f3-50ed-4c45-a12e-b3f5127aec9c
2019-10-08 21:08:57,247 [563427f3-50ed-4c45-a12e-b3f5127aec9c@group-CB8E9B908D1A-LeaderElection71] INFO  server.RaftServerConfigKeys (ConfUtils.java:logGet(43)) - raft.server.watch.element-limit = 65536 (default)
2019-10-08 21:08:57,248 [EventQueue-PipelineReportForPipelineReportHandler] INFO  pipeline.PipelineStateManager (PipelineStateManager.java:openPipeline(136)) - Pipeline Pipeline[ Id: 6cb7d4c4-68fb-40a0-9ccf-cb8e9b908d1a, Nodes: 563427f3-50ed-4c45-a12e-b3f5127aec9c{ip: 192.168.5.143, host: pr-hdds-1868-gtwz2-575081100, networkLocation: /default-rack, certSerialId: null}, Type:RATIS, Factor:ONE, State:OPEN] moved to OPEN state
2019-10-08 21:08:57,250 [grpc-default-executor-1] INFO  impl.RaftServerImpl (RaftServerImpl.java:setRole(170)) - d17645eb-f5d0-4e03-ba92-dd2963a93e84@group-896469FEBA97: changes role from  FOLLOWER to FOLLOWER at term 1 for recognizeCandidate:563427f3-50ed-4c45-a12e-b3f5127aec9c
2019-10-08 21:08:57,250 [ffafc24f-f0e1-409e-982f-1c42cdb29933@group-F5B269E6970B-LeaderElection73] INFO  impl.LeaderElection (LeaderElection.java:logAndReturn(56)) - ffafc24f-f0e1-409e-982f-1c42cdb29933@group-F5B269E6970B-LeaderElection73: Election REJECTED; received 2 response(s) [ffafc24f-f0e1-409e-982f-1c42cdb29933<-d5a7e1c6-72c1-4128-a6c8-523374656d80#0:FAIL-t1, ffafc24f-f0e1-409e-982f-1c42cdb29933<-b11c6a09-df3d-44f0-9c56-88b487f5aeaa#0:FAIL-t1] and 0 exception(s); ffafc24f-f0e1-409e-982f-1c42cdb29933@group-F5B269E6970B:t1, leader=null, voted=ffafc24f-f0e1-409e-982f-1c42cdb29933, raftlog=ffafc24f-f0e1-409e-982f-1c42cdb29933@group-F5B269E6970B-SegmentedRaftLog:OPENED:c-1,f-1,i0, conf=-1: [ffafc24f-f0e1-409e-982f-1c42cdb29933:192.168.5.143:42050, d5a7e1c6-72c1-4128-a6c8-523374656d80:192.168.5.143:46801, b11c6a09-df3d-44f0-9c56-88b487f5aeaa:192.168.5.143:37030], old=null
2019-10-08 21:08:57,250 [563427f3-50ed-4c45-a12e-b3f5127aec9c@group-CB8E9B908D1A-LeaderElection71] INFO  impl.RoleInfo (RoleInfo.java:updateAndGet(143)) - 563427f3-50ed-4c45-a12e-b3f5127aec9c: start LeaderState
2019-10-08 21:08:57,250 [grpc-default-executor-1] INFO  impl.RoleInfo (RoleInfo.java:shutdownFollowerState(121)) - d17645eb-f5d0-4e03-ba92-dd2963a93e84: shutdown FollowerState
2019-10-08 21:08:57,251 [ffafc24f-f0e1-409e-982f-1c42cdb29933@group-F5B269E6970B-LeaderElection73] INFO  impl.RaftServerImpl (RaftServerImpl.java:setRole(170)) - ffafc24f-f0e1-409e-982f-1c42cdb29933@group-F5B269E6970B: changes role from CANDIDATE to FOLLOWER at term 1 for DISCOVERED_A_NEW_TERM
2019-10-08 21:08:57,251 [Thread-3326] INFO  impl.FollowerState (FollowerState.java:run(117)) - d17645eb-f5d0-4e03-ba92-dd2963a93e84@group-896469FEBA97-FollowerState was interrupted: java.lang.InterruptedException: sleep interrupted
2019-10-08 21:08:57,250 [grpc-default-executor-7] INFO  impl.RaftServerImpl (RaftServerImpl.java:setRole(170)) - 6a70038f-f0b2-4d35-91e9-47692da92d1a@group-896469FEBA97: changes role from  FOLLOWER to FOLLOWER at term 1 for recognizeCandidate:563427f3-50ed-4c45-a12e-b3f5127aec9c
2019-10-08 21:08:57,251 [grpc-default-executor-7] INFO  impl.RoleInfo (RoleInfo.java:shutdownFollowerState(121)) - 6a70038f-f0b2-4d35-91e9-47692da92d1a: shutdown FollowerState
2019-10-08 21:08:57,251 [b11c6a09-df3d-44f0-9c56-88b487f5aeaa@group-F5B269E6970B-LeaderElection70] INFO  impl.LeaderElection (LeaderElection.java:logAndReturn(56)) - b11c6a09-df3d-44f0-9c56-88b487f5aeaa@group-F5B269E6970B-LeaderElection70: Election REJECTED; received 2 response(s) [b11c6a09-df3d-44f0-9c56-88b487f5aeaa<-ffafc24f-f0e1-409e-982f-1c42cdb29933#0:FAIL-t1, b11c6a09-df3d-44f0-9c56-88b487f5aeaa<-d5a7e1c6-72c1-4128-a6c8-523374656d80#0:FAIL-t1] and 0 exception(s); b11c6a09-df3d-44f0-9c56-88b487f5aeaa@group-F5B269E6970B:t1, leader=null, voted=b11c6a09-df3d-44f0-9c56-88b487f5aeaa, raftlog=b11c6a09-df3d-44f0-9c56-88b487f5aeaa@group-F5B269E6970B-SegmentedRaftLog:OPENED:c-1,f-1,i0, conf=-1: [ffafc24f-f0e1-409e-982f-1c42cdb29933:192.168.5.143:42050, d5a7e1c6-72c1-4128-a6c8-523374656d80:192.168.5.143:46801, b11c6a09-df3d-44f0-9c56-88b487f5aeaa:192.168.5.143:37030], old=null
2019-10-08 21:08:57,251 [ffafc24f-f0e1-409e-982f-1c42cdb29933@group-F5B269E6970B-LeaderElection73] INFO  impl.RoleInfo (RoleInfo.java:shutdownLeaderElection(134)) - ffafc24f-f0e1-409e-982f-1c42cdb29933: shutdown LeaderElection
2019-10-08 21:08:57,251 [grpc-default-executor-1] INFO  impl.RoleInfo (RoleInfo.java:updateAndGet(143)) - d17645eb-f5d0-4e03-ba92-dd2963a93e84: start FollowerState
2019-10-08 21:08:57,251 [563427f3-50ed-4c45-a12e-b3f5127aec9c@group-CB8E9B908D1A-LeaderElection71] INFO  segmented.SegmentedRaftLogWorker (SegmentedRaftLogWorker.java:startLogSegment(385)) - 563427f3-50ed-4c45-a12e-b3f5127aec9c@group-CB8E9B908D1A-SegmentedRaftLogWorker: Starting segment from index:0
2019-10-08 21:08:57,252 [ffafc24f-f0e1-409e-982f-1c42cdb29933@group-F5B269E6970B-LeaderElection73] INFO  impl.RoleInfo (RoleInfo.java:updateAndGet(143)) - ffafc24f-f0e1-409e-982f-1c42cdb29933: start FollowerState
2019-10-08 21:08:57,252 [b11c6a09-df3d-44f0-9c56-88b487f5aeaa@group-F5B269E6970B-LeaderElection70] INFO  impl.RaftServerImpl (RaftServerImpl.java:setRole(170)) - b11c6a09-df3d-44f0-9c56-88b487f5aeaa@group-F5B269E6970B: changes role from CANDIDATE to FOLLOWER at term 1 for DISCOVERED_A_NEW_TERM
2019-10-08 21:08:57,252 [b11c6a09-df3d-44f0-9c56-88b487f5aeaa@group-F5B269E6970B-LeaderElection70] INFO  impl.RoleInfo (RoleInfo.java:shutdownLeaderElection(134)) - b11c6a09-df3d-44f0-9c56-88b487f5aeaa: shutdown LeaderElection
2019-10-08 21:08:57,251 [Thread-3322] INFO  impl.FollowerState (FollowerState.java:run(117)) - 6a70038f-f0b2-4d35-91e9-47692da92d1a@group-896469FEBA97-FollowerState was interrupted: java.lang.InterruptedException: sleep interrupted
2019-10-08 21:08:57,251 [grpc-default-executor-7] INFO  impl.RoleInfo (RoleInfo.java:updateAndGet(143)) - 6a70038f-f0b2-4d35-91e9-47692da92d1a: start FollowerState
2019-10-08 21:08:57,253 [b11c6a09-df3d-44f0-9c56-88b487f5aeaa@group-F5B269E6970B-LeaderElection70] INFO  impl.RoleInfo (RoleInfo.java:updateAndGet(143)) - b11c6a09-df3d-44f0-9c56-88b487f5aeaa: start FollowerState
2019-10-08 21:08:57,252 [563427f3-50ed-4c45-a12e-b3f5127aec9c@group-CB8E9B908D1A-LeaderElection71] INFO  impl.RaftServerImpl (ServerState.java:setRaftConf(356)) - 563427f3-50ed-4c45-a12e-b3f5127aec9c@group-CB8E9B908D1A: set configuration 0: [563427f3-50ed-4c45-a12e-b3f5127aec9c:192.168.5.143:32835], old=null at 0
2019-10-08 21:08:57,293 [563427f3-50ed-4c45-a12e-b3f5127aec9c@group-896469FEBA97-LeaderElection72] INFO  impl.LeaderElection (LeaderElection.java:logAndReturn(56)) - 563427f3-50ed-4c45-a12e-b3f5127aec9c@group-896469FEBA97-LeaderElection72: Election PASSED; received 1 response(s) [563427f3-50ed-4c45-a12e-b3f5127aec9c<-d17645eb-f5d0-4e03-ba92-dd2963a93e84#0:OK-t1] and 0 exception(s); 563427f3-50ed-4c45-a12e-b3f5127aec9c@group-896469FEBA97:t1, leader=null, voted=563427f3-50ed-4c45-a12e-b3f5127aec9c, raftlog=563427f3-50ed-4c45-a12e-b3f5127aec9c@group-896469FEBA97-SegmentedRaftLog:OPENED:c-1,f-1,i0, conf=-1: [d17645eb-f5d0-4e03-ba92-dd2963a93e84:192.168.5.143:34967, 563427f3-50ed-4c45-a12e-b3f5127aec9c:192.168.5.143:32835, 6a70038f-f0b2-4d35-91e9-47692da92d1a:192.168.5.143:35516], old=null
2019-10-08 21:08:57,293 [563427f3-50ed-4c45-a12e-b3f5127aec9c@group-896469FEBA97-LeaderElection72] INFO  impl.RoleInfo (RoleInfo.java:shutdownLeaderElection(134)) - 563427f3-50ed-4c45-a12e-b3f5127aec9c: shutdown LeaderElection
2019-10-08 21:08:57,293 [563427f3-50ed-4c45-a12e-b3f5127aec9c@group-896469FEBA97-LeaderElection72] INFO  impl.RaftServerImpl (RaftServerImpl.java:setRole(170)) - 563427f3-50ed-4c45-a12e-b3f5127aec9c@group-896469FEBA97: changes role from CANDIDATE to LEADER at term 1 for changeToLeader
2019-10-08 21:08:57,293 [563427f3-50ed-4c45-a12e-b3f5127aec9c@group-896469FEBA97-LeaderElection72] INFO  ratis.XceiverServerRatis (XceiverServerRatis.java:handleLeaderChangedNotification(702)) - Leader change notification received for group: group-896469FEBA97 with new leaderId: 563427f3-50ed-4c45-a12e-b3f5127aec9c
2019-10-08 21:08:57,294 [563427f3-50ed-4c45-a12e-b3f5127aec9c@group-896469FEBA97-LeaderElection72] INFO  impl.RaftServerImpl (ServerState.java:setLeader(255)) - 563427f3-50ed-4c45-a12e-b3f5127aec9c@group-896469FEBA97: change Leader from null to 563427f3-50ed-4c45-a12e-b3f5127aec9c at term 1 for becomeLeader, leader elected after 5191ms
2019-10-08 21:08:57,294 [563427f3-50ed-4c45-a12e-b3f5127aec9c@group-896469FEBA97-LeaderElection72] INFO  server.RaftServerConfigKeys (ConfUtils.java:logGet(43)) - raft.server.staging.catchup.gap = 1000 (default)
2019-10-08 21:08:57,294 [563427f3-50ed-4c45-a12e-b3f5127aec9c@group-896469FEBA97-LeaderElection72] INFO  server.RaftServerConfigKeys (ConfUtils.java:logGet(43)) - raft.server.rpc.sleep.time = 25ms (default)
2019-10-08 21:08:57,294 [563427f3-50ed-4c45-a12e-b3f5127aec9c@group-896469FEBA97-LeaderElection72] INFO  server.RaftServerConfigKeys (ConfUtils.java:logGet(43)) - raft.server.write.element-limit = 4096 (default)
2019-10-08 21:08:57,294 [563427f3-50ed-4c45-a12e-b3f5127aec9c@group-896469FEBA97-LeaderElection72] INFO  server.RaftServerConfigKeys (ConfUtils.java:logGet(43)) - raft.server.watch.timeout = 10s (default)
2019-10-08 21:08:57,294 [563427f3-50ed-4c45-a12e-b3f5127aec9c@group-896469FEBA97-LeaderElection72] INFO  server.RaftServerConfigKeys (ConfUtils.java:logGet(43)) - raft.server.watch.timeout.denomination = 1s (default)
2019-10-08 21:08:57,294 [563427f3-50ed-4c45-a12e-b3f5127aec9c@group-896469FEBA97-LeaderElection72] INFO  server.RaftServerConfigKeys (ConfUtils.java:logGet(43)) - raft.server.watch.element-limit = 65536 (default)
2019-10-08 21:08:57,297 [563427f3-50ed-4c45-a12e-b3f5127aec9c@group-896469FEBA97-LeaderElection72] INFO  server.RaftServerConfigKeys (ConfUtils.java:logGet(43)) - raft.server.log.appender.snapshot.chunk.size.max = 16MB (=16777216) (default)
2019-10-08 21:08:57,297 [563427f3-50ed-4c45-a12e-b3f5127aec9c@group-896469FEBA97-LeaderElection72] INFO  server.RaftServerConfigKeys (ConfUtils.java:logGet(43)) - raft.server.log.appender.buffer.byte-limit = 33554432 (custom)
2019-10-08 21:08:57,297 [563427f3-50ed-4c45-a12e-b3f5127aec9c@group-896469FEBA97-LeaderElection72] INFO  server.RaftServerConfigKeys (ConfUtils.java:logGet(43)) - raft.server.log.appender.buffer.element-limit = 1 (custom)
2019-10-08 21:08:57,298 [563427f3-50ed-4c45-a12e-b3f5127aec9c@group-896469FEBA97-LeaderElection72] INFO  grpc.GrpcConfigKeys$Server (ConfUtils.java:logGet(43)) - raft.grpc.server.leader.outstanding.appends.max = 128 (default)
2019-10-08 21:08:57,298 [563427f3-50ed-4c45-a12e-b3f5127aec9c@group-896469FEBA97-LeaderElection72] INFO  server.RaftServerConfigKeys (ConfUtils.java:logGet(43)) - raft.server.rpc.request.timeout = 3000ms (default)
2019-10-08 21:08:57,298 [563427f3-50ed-4c45-a12e-b3f5127aec9c@group-896469FEBA97-LeaderElection72] INFO  server.RaftServerConfigKeys (ConfUtils.java:logGet(43)) - raft.server.log.appender.install.snapshot.enabled = false (custom)
2019-10-08 21:08:57,298 [563427f3-50ed-4c45-a12e-b3f5127aec9c@group-896469FEBA97-LeaderElection72] INFO  server.RaftServerConfigKeys (ConfUtils.java:logGet(43)) - raft.server.log.appender.snapshot.chunk.size.max = 16MB (=16777216) (default)
2019-10-08 21:08:57,299 [563427f3-50ed-4c45-a12e-b3f5127aec9c@group-896469FEBA97-LeaderElection72] INFO  server.RaftServerConfigKeys (ConfUtils.java:logGet(43)) - raft.server.log.appender.buffer.byte-limit = 33554432 (custom)
2019-10-08 21:08:57,299 [563427f3-50ed-4c45-a12e-b3f5127aec9c@group-896469FEBA97-LeaderElection72] INFO  server.RaftServerConfigKeys (ConfUtils.java:logGet(43)) - raft.server.log.appender.buffer.element-limit = 1 (custom)
2019-10-08 21:08:57,299 [563427f3-50ed-4c45-a12e-b3f5127aec9c@group-896469FEBA97-LeaderElection72] INFO  grpc.GrpcConfigKeys$Server (ConfUtils.java:logGet(43)) - raft.grpc.server.leader.outstanding.appends.max = 128 (default)
2019-10-08 21:08:57,299 [563427f3-50ed-4c45-a12e-b3f5127aec9c@group-896469FEBA97-LeaderElection72] INFO  server.RaftServerConfigKeys (ConfUtils.java:logGet(43)) - raft.server.rpc.request.timeout = 3000ms (default)
2019-10-08 21:08:57,299 [563427f3-50ed-4c45-a12e-b3f5127aec9c@group-896469FEBA97-LeaderElection72] INFO  server.RaftServerConfigKeys (ConfUtils.java:logGet(43)) - raft.server.log.appender.install.snapshot.enabled = false (custom)
2019-10-08 21:08:57,300 [563427f3-50ed-4c45-a12e-b3f5127aec9c@group-896469FEBA97-LeaderElection72] INFO  impl.RoleInfo (RoleInfo.java:updateAndGet(143)) - 563427f3-50ed-4c45-a12e-b3f5127aec9c: start LeaderState
2019-10-08 21:08:57,300 [563427f3-50ed-4c45-a12e-b3f5127aec9c@group-896469FEBA97-LeaderElection72] INFO  segmented.SegmentedRaftLogWorker (SegmentedRaftLogWorker.java:startLogSegment(385)) - 563427f3-50ed-4c45-a12e-b3f5127aec9c@group-896469FEBA97-SegmentedRaftLogWorker: Starting segment from index:0
2019-10-08 21:08:57,301 [563427f3-50ed-4c45-a12e-b3f5127aec9c@group-896469FEBA97-LeaderElection72] INFO  impl.RaftServerImpl (ServerState.java:setRaftConf(356)) - 563427f3-50ed-4c45-a12e-b3f5127aec9c@group-896469FEBA97: set configuration 0: [d17645eb-f5d0-4e03-ba92-dd2963a93e84:192.168.5.143:34967, 563427f3-50ed-4c45-a12e-b3f5127aec9c:192.168.5.143:32835, 6a70038f-f0b2-4d35-91e9-47692da92d1a:192.168.5.143:35516], old=null at 0
2019-10-08 21:08:57,304 [563427f3-50ed-4c45-a12e-b3f5127aec9c@group-CB8E9B908D1A-SegmentedRaftLogWorker] INFO  segmented.SegmentedRaftLogWorker (SegmentedRaftLogWorker.java:execute(576)) - 563427f3-50ed-4c45-a12e-b3f5127aec9c@group-CB8E9B908D1A-SegmentedRaftLogWorker: created new log segment /workdir/hadoop-ozone/integration-test/target/test-dir/MiniOzoneClusterImpl-76b6f63f-e342-488e-8571-ba8c5b8db736/datanode-0/data/ratis/6cb7d4c4-68fb-40a0-9ccf-cb8e9b908d1a/current/log_inprogress_0
2019-10-08 21:08:57,306 [grpc-default-executor-7] INFO  ratis.XceiverServerRatis (XceiverServerRatis.java:handleLeaderChangedNotification(702)) - Leader change notification received for group: group-896469FEBA97 with new leaderId: 563427f3-50ed-4c45-a12e-b3f5127aec9c
2019-10-08 21:08:57,306 [grpc-default-executor-1] INFO  ratis.XceiverServerRatis (XceiverServerRatis.java:handleLeaderChangedNotification(702)) - Leader change notification received for group: group-896469FEBA97 with new leaderId: 563427f3-50ed-4c45-a12e-b3f5127aec9c
2019-10-08 21:08:57,306 [grpc-default-executor-7] INFO  impl.RaftServerImpl (ServerState.java:setLeader(255)) - 6a70038f-f0b2-4d35-91e9-47692da92d1a@group-896469FEBA97: change Leader from null to 563427f3-50ed-4c45-a12e-b3f5127aec9c at term 1 for appendEntries, leader elected after 5203ms
2019-10-08 21:08:57,306 [grpc-default-executor-1] INFO  impl.RaftServerImpl (ServerState.java:setLeader(255)) - d17645eb-f5d0-4e03-ba92-dd2963a93e84@group-896469FEBA97: change Leader from null to 563427f3-50ed-4c45-a12e-b3f5127aec9c at term 1 for appendEntries, leader elected after 5203ms
2019-10-08 21:08:57,353 [grpc-default-executor-7] INFO  impl.RaftServerImpl (ServerState.java:setRaftConf(356)) - 6a70038f-f0b2-4d35-91e9-47692da92d1a@group-896469FEBA97: set configuration 0: [d17645eb-f5d0-4e03-ba92-dd2963a93e84:192.168.5.143:34967, 563427f3-50ed-4c45-a12e-b3f5127aec9c:192.168.5.143:32835, 6a70038f-f0b2-4d35-91e9-47692da92d1a:192.168.5.143:35516], old=null at 0
2019-10-08 21:08:57,353 [grpc-default-executor-1] INFO  impl.RaftServerImpl (ServerState.java:setRaftConf(356)) - d17645eb-f5d0-4e03-ba92-dd2963a93e84@group-896469FEBA97: set configuration 0: [d17645eb-f5d0-4e03-ba92-dd2963a93e84:192.168.5.143:34967, 563427f3-50ed-4c45-a12e-b3f5127aec9c:192.168.5.143:32835, 6a70038f-f0b2-4d35-91e9-47692da92d1a:192.168.5.143:35516], old=null at 0
2019-10-08 21:08:57,354 [grpc-default-executor-7] INFO  segmented.SegmentedRaftLogWorker (SegmentedRaftLogWorker.java:startLogSegment(385)) - 6a70038f-f0b2-4d35-91e9-47692da92d1a@group-896469FEBA97-SegmentedRaftLogWorker: Starting segment from index:0
2019-10-08 21:08:57,354 [grpc-default-executor-1] INFO  segmented.SegmentedRaftLogWorker (SegmentedRaftLogWorker.java:startLogSegment(385)) - d17645eb-f5d0-4e03-ba92-dd2963a93e84@group-896469FEBA97-SegmentedRaftLogWorker: Starting segment from index:0
2019-10-08 21:08:57,360 [563427f3-50ed-4c45-a12e-b3f5127aec9c@group-896469FEBA97-SegmentedRaftLogWorker] INFO  segmented.SegmentedRaftLogWorker (SegmentedRaftLogWorker.java:execute(576)) - 563427f3-50ed-4c45-a12e-b3f5127aec9c@group-896469FEBA97-SegmentedRaftLogWorker: created new log segment /workdir/hadoop-ozone/integration-test/target/test-dir/MiniOzoneClusterImpl-76b6f63f-e342-488e-8571-ba8c5b8db736/datanode-0/data/ratis/f5c62137-b8b2-4402-af6c-896469feba97/current/log_inprogress_0
2019-10-08 21:08:57,396 [6a70038f-f0b2-4d35-91e9-47692da92d1a@group-896469FEBA97-SegmentedRaftLogWorker] INFO  segmented.SegmentedRaftLogWorker (SegmentedRaftLogWorker.java:execute(576)) - 6a70038f-f0b2-4d35-91e9-47692da92d1a@group-896469FEBA97-SegmentedRaftLogWorker: created new log segment /workdir/hadoop-ozone/integration-test/target/test-dir/MiniOzoneClusterImpl-76b6f63f-e342-488e-8571-ba8c5b8db736/datanode-1/data/ratis/f5c62137-b8b2-4402-af6c-896469feba97/current/log_inprogress_0
2019-10-08 21:08:57,396 [d17645eb-f5d0-4e03-ba92-dd2963a93e84@group-896469FEBA97-SegmentedRaftLogWorker] INFO  segmented.SegmentedRaftLogWorker (SegmentedRaftLogWorker.java:execute(576)) - d17645eb-f5d0-4e03-ba92-dd2963a93e84@group-896469FEBA97-SegmentedRaftLogWorker: created new log segment /workdir/hadoop-ozone/integration-test/target/test-dir/MiniOzoneClusterImpl-76b6f63f-e342-488e-8571-ba8c5b8db736/datanode-3/data/ratis/f5c62137-b8b2-4402-af6c-896469feba97/current/log_inprogress_0
2019-10-08 21:08:58,043 [main] INFO  ozone.MiniOzoneClusterImpl (MiniOzoneClusterImpl.java:lambda$waitForClusterToBeReady$2(172)) - Cluster is ready. Got 7 of 7 DN Heartbeats.
2019-10-08 21:08:58,091 [main] INFO  rpc.RpcClient (RpcClient.java:createVolume(277)) - Creating Volume: testblockoutputstream, with jenkins1000 as owner.
2019-10-08 21:08:58,097 [IPC Server handler 0 on 35941] INFO  volume.OMVolumeCreateRequest (OMVolumeCreateRequest.java:validateAndUpdateCache(193)) - created volume:testblockoutputstream for user:jenkins1000
2019-10-08 21:08:58,115 [main] INFO  rpc.RpcClient (RpcClient.java:createBucket(416)) - Creating Bucket: testblockoutputstream/testblockoutputstream, with Versioning false and Storage Type set to DISK and Encryption set to false 
2019-10-08 21:08:59,251 [Datanode State Machine Thread - 0] INFO  statemachine.DatanodeStateMachine (DatanodeStateMachine.java:lambda$startDaemon$0(350)) - Ozone container server started.
2019-10-08 21:09:02,296 [Thread-3364] INFO  impl.FollowerState (FollowerState.java:run(108)) - b11c6a09-df3d-44f0-9c56-88b487f5aeaa@group-F5B269E6970B-FollowerState: change to CANDIDATE, lastRpcTime:5043ms, electionTimeout:5004ms
2019-10-08 21:09:02,296 [Thread-3364] INFO  impl.RoleInfo (RoleInfo.java:shutdownFollowerState(121)) - b11c6a09-df3d-44f0-9c56-88b487f5aeaa: shutdown FollowerState
2019-10-08 21:09:02,296 [Thread-3364] INFO  impl.RaftServerImpl (RaftServerImpl.java:setRole(170)) - b11c6a09-df3d-44f0-9c56-88b487f5aeaa@group-F5B269E6970B: changes role from  FOLLOWER to CANDIDATE at term 1 for changeToCandidate
2019-10-08 21:09:02,297 [Thread-3364] INFO  impl.RoleInfo (RoleInfo.java:updateAndGet(143)) - b11c6a09-df3d-44f0-9c56-88b487f5aeaa: start LeaderElection
2019-10-08 21:09:02,314 [b11c6a09-df3d-44f0-9c56-88b487f5aeaa@group-F5B269E6970B-LeaderElection74] INFO  impl.LeaderElection (LeaderElection.java:askForVotes(178)) - b11c6a09-df3d-44f0-9c56-88b487f5aeaa@group-F5B269E6970B-LeaderElection74: begin an election at term 2 for -1: [ffafc24f-f0e1-409e-982f-1c42cdb29933:192.168.5.143:42050, d5a7e1c6-72c1-4128-a6c8-523374656d80:192.168.5.143:46801, b11c6a09-df3d-44f0-9c56-88b487f5aeaa:192.168.5.143:37030], old=null
2019-10-08 21:09:02,317 [grpc-default-executor-1] INFO  impl.RaftServerImpl (RaftServerImpl.java:setRole(170)) - d5a7e1c6-72c1-4128-a6c8-523374656d80@group-F5B269E6970B: changes role from  FOLLOWER to FOLLOWER at term 2 for recognizeCandidate:b11c6a09-df3d-44f0-9c56-88b487f5aeaa
2019-10-08 21:09:02,317 [grpc-default-executor-6] INFO  impl.RaftServerImpl (RaftServerImpl.java:setRole(170)) - ffafc24f-f0e1-409e-982f-1c42cdb29933@group-F5B269E6970B: changes role from  FOLLOWER to FOLLOWER at term 2 for recognizeCandidate:b11c6a09-df3d-44f0-9c56-88b487f5aeaa
2019-10-08 21:09:02,317 [grpc-default-executor-1] INFO  impl.RoleInfo (RoleInfo.java:shutdownFollowerState(121)) - d5a7e1c6-72c1-4128-a6c8-523374656d80: shutdown FollowerState
2019-10-08 21:09:02,317 [grpc-default-executor-6] INFO  impl.RoleInfo (RoleInfo.java:shutdownFollowerState(121)) - ffafc24f-f0e1-409e-982f-1c42cdb29933: shutdown FollowerState
2019-10-08 21:09:02,318 [grpc-default-executor-1] INFO  impl.RoleInfo (RoleInfo.java:updateAndGet(143)) - d5a7e1c6-72c1-4128-a6c8-523374656d80: start FollowerState
2019-10-08 21:09:02,318 [Thread-3363] INFO  impl.FollowerState (FollowerState.java:run(117)) - ffafc24f-f0e1-409e-982f-1c42cdb29933@group-F5B269E6970B-FollowerState was interrupted: java.lang.InterruptedException: sleep interrupted
2019-10-08 21:09:02,318 [Thread-3360] INFO  impl.FollowerState (FollowerState.java:run(117)) - d5a7e1c6-72c1-4128-a6c8-523374656d80@group-F5B269E6970B-FollowerState was interrupted: java.lang.InterruptedException: sleep interrupted
2019-10-08 21:09:02,318 [grpc-default-executor-6] INFO  impl.RoleInfo (RoleInfo.java:updateAndGet(143)) - ffafc24f-f0e1-409e-982f-1c42cdb29933: start FollowerState
2019-10-08 21:09:02,337 [b11c6a09-df3d-44f0-9c56-88b487f5aeaa@group-F5B269E6970B-LeaderElection74] INFO  impl.LeaderElection (LeaderElection.java:logAndReturn(56)) - b11c6a09-df3d-44f0-9c56-88b487f5aeaa@group-F5B269E6970B-LeaderElection74: Election PASSED; received 1 response(s) [b11c6a09-df3d-44f0-9c56-88b487f5aeaa<-d5a7e1c6-72c1-4128-a6c8-523374656d80#0:OK-t2] and 0 exception(s); b11c6a09-df3d-44f0-9c56-88b487f5aeaa@group-F5B269E6970B:t2, leader=null, voted=b11c6a09-df3d-44f0-9c56-88b487f5aeaa, raftlog=b11c6a09-df3d-44f0-9c56-88b487f5aeaa@group-F5B269E6970B-SegmentedRaftLog:OPENED:c-1,f-1,i0, conf=-1: [ffafc24f-f0e1-409e-982f-1c42cdb29933:192.168.5.143:42050, d5a7e1c6-72c1-4128-a6c8-523374656d80:192.168.5.143:46801, b11c6a09-df3d-44f0-9c56-88b487f5aeaa:192.168.5.143:37030], old=null
2019-10-08 21:09:02,337 [b11c6a09-df3d-44f0-9c56-88b487f5aeaa@group-F5B269E6970B-LeaderElection74] INFO  impl.RoleInfo (RoleInfo.java:shutdownLeaderElection(134)) - b11c6a09-df3d-44f0-9c56-88b487f5aeaa: shutdown LeaderElection
2019-10-08 21:09:02,337 [b11c6a09-df3d-44f0-9c56-88b487f5aeaa@group-F5B269E6970B-LeaderElection74] INFO  impl.RaftServerImpl (RaftServerImpl.java:setRole(170)) - b11c6a09-df3d-44f0-9c56-88b487f5aeaa@group-F5B269E6970B: changes role from CANDIDATE to LEADER at term 2 for changeToLeader
2019-10-08 21:09:02,337 [b11c6a09-df3d-44f0-9c56-88b487f5aeaa@group-F5B269E6970B-LeaderElection74] INFO  ratis.XceiverServerRatis (XceiverServerRatis.java:handleLeaderChangedNotification(702)) - Leader change notification received for group: group-F5B269E6970B with new leaderId: b11c6a09-df3d-44f0-9c56-88b487f5aeaa
2019-10-08 21:09:02,338 [b11c6a09-df3d-44f0-9c56-88b487f5aeaa@group-F5B269E6970B-LeaderElection74] INFO  impl.RaftServerImpl (ServerState.java:setLeader(255)) - b11c6a09-df3d-44f0-9c56-88b487f5aeaa@group-F5B269E6970B: change Leader from null to b11c6a09-df3d-44f0-9c56-88b487f5aeaa at term 2 for becomeLeader, leader elected after 10338ms
2019-10-08 21:09:02,338 [b11c6a09-df3d-44f0-9c56-88b487f5aeaa@group-F5B269E6970B-LeaderElection74] INFO  server.RaftServerConfigKeys (ConfUtils.java:logGet(43)) - raft.server.staging.catchup.gap = 1000 (default)
2019-10-08 21:09:02,338 [b11c6a09-df3d-44f0-9c56-88b487f5aeaa@group-F5B269E6970B-LeaderElection74] INFO  server.RaftServerConfigKeys (ConfUtils.java:logGet(43)) - raft.server.rpc.sleep.time = 25ms (default)
2019-10-08 21:09:02,338 [b11c6a09-df3d-44f0-9c56-88b487f5aeaa@group-F5B269E6970B-LeaderElection74] INFO  server.RaftServerConfigKeys (ConfUtils.java:logGet(43)) - raft.server.write.element-limit = 4096 (default)
2019-10-08 21:09:02,338 [b11c6a09-df3d-44f0-9c56-88b487f5aeaa@group-F5B269E6970B-LeaderElection74] INFO  server.RaftServerConfigKeys (ConfUtils.java:logGet(43)) - raft.server.watch.timeout = 10s (default)
2019-10-08 21:09:02,338 [b11c6a09-df3d-44f0-9c56-88b487f5aeaa@group-F5B269E6970B-LeaderElection74] INFO  server.RaftServerConfigKeys (ConfUtils.java:logGet(43)) - raft.server.watch.timeout.denomination = 1s (default)
2019-10-08 21:09:02,339 [b11c6a09-df3d-44f0-9c56-88b487f5aeaa@group-F5B269E6970B-LeaderElection74] INFO  server.RaftServerConfigKeys (ConfUtils.java:logGet(43)) - raft.server.watch.element-limit = 65536 (default)
2019-10-08 21:09:02,341 [b11c6a09-df3d-44f0-9c56-88b487f5aeaa@group-F5B269E6970B-LeaderElection74] INFO  server.RaftServerConfigKeys (ConfUtils.java:logGet(43)) - raft.server.log.appender.snapshot.chunk.size.max = 16MB (=16777216) (default)
2019-10-08 21:09:02,342 [b11c6a09-df3d-44f0-9c56-88b487f5aeaa@group-F5B269E6970B-LeaderElection74] INFO  server.RaftServerConfigKeys (ConfUtils.java:logGet(43)) - raft.server.log.appender.buffer.byte-limit = 33554432 (custom)
2019-10-08 21:09:02,342 [b11c6a09-df3d-44f0-9c56-88b487f5aeaa@group-F5B269E6970B-LeaderElection74] INFO  server.RaftServerConfigKeys (ConfUtils.java:logGet(43)) - raft.server.log.appender.buffer.element-limit = 1 (custom)
2019-10-08 21:09:02,342 [b11c6a09-df3d-44f0-9c56-88b487f5aeaa@group-F5B269E6970B-LeaderElection74] INFO  grpc.GrpcConfigKeys$Server (ConfUtils.java:logGet(43)) - raft.grpc.server.leader.outstanding.appends.max = 128 (default)
2019-10-08 21:09:02,342 [b11c6a09-df3d-44f0-9c56-88b487f5aeaa@group-F5B269E6970B-LeaderElection74] INFO  server.RaftServerConfigKeys (ConfUtils.java:logGet(43)) - raft.server.rpc.request.timeout = 3000ms (default)
2019-10-08 21:09:02,343 [b11c6a09-df3d-44f0-9c56-88b487f5aeaa@group-F5B269E6970B-LeaderElection74] INFO  server.RaftServerConfigKeys (ConfUtils.java:logGet(43)) - raft.server.log.appender.install.snapshot.enabled = false (custom)
2019-10-08 21:09:02,343 [b11c6a09-df3d-44f0-9c56-88b487f5aeaa@group-F5B269E6970B-LeaderElection74] INFO  server.RaftServerConfigKeys (ConfUtils.java:logGet(43)) - raft.server.log.appender.snapshot.chunk.size.max = 16MB (=16777216) (default)
2019-10-08 21:09:02,343 [b11c6a09-df3d-44f0-9c56-88b487f5aeaa@group-F5B269E6970B-LeaderElection74] INFO  server.RaftServerConfigKeys (ConfUtils.java:logGet(43)) - raft.server.log.appender.buffer.byte-limit = 33554432 (custom)
2019-10-08 21:09:02,343 [b11c6a09-df3d-44f0-9c56-88b487f5aeaa@group-F5B269E6970B-LeaderElection74] INFO  server.RaftServerConfigKeys (ConfUtils.java:logGet(43)) - raft.server.log.appender.buffer.element-limit = 1 (custom)
2019-10-08 21:09:02,344 [b11c6a09-df3d-44f0-9c56-88b487f5aeaa@group-F5B269E6970B-LeaderElection74] INFO  grpc.GrpcConfigKeys$Server (ConfUtils.java:logGet(43)) - raft.grpc.server.leader.outstanding.appends.max = 128 (default)
2019-10-08 21:09:02,344 [b11c6a09-df3d-44f0-9c56-88b487f5aeaa@group-F5B269E6970B-LeaderElection74] INFO  server.RaftServerConfigKeys (ConfUtils.java:logGet(43)) - raft.server.rpc.request.timeout = 3000ms (default)
2019-10-08 21:09:02,344 [b11c6a09-df3d-44f0-9c56-88b487f5aeaa@group-F5B269E6970B-LeaderElection74] INFO  server.RaftServerConfigKeys (ConfUtils.java:logGet(43)) - raft.server.log.appender.install.snapshot.enabled = false (custom)
2019-10-08 21:09:02,344 [b11c6a09-df3d-44f0-9c56-88b487f5aeaa@group-F5B269E6970B-LeaderElection74] INFO  impl.RoleInfo (RoleInfo.java:updateAndGet(143)) - b11c6a09-df3d-44f0-9c56-88b487f5aeaa: start LeaderState
2019-10-08 21:09:02,345 [b11c6a09-df3d-44f0-9c56-88b487f5aeaa@group-F5B269E6970B-LeaderElection74] INFO  segmented.SegmentedRaftLogWorker (SegmentedRaftLogWorker.java:startLogSegment(385)) - b11c6a09-df3d-44f0-9c56-88b487f5aeaa@group-F5B269E6970B-SegmentedRaftLogWorker: Starting segment from index:0
2019-10-08 21:09:02,346 [b11c6a09-df3d-44f0-9c56-88b487f5aeaa@group-F5B269E6970B-LeaderElection74] INFO  impl.RaftServerImpl (ServerState.java:setRaftConf(356)) - b11c6a09-df3d-44f0-9c56-88b487f5aeaa@group-F5B269E6970B: set configuration 0: [ffafc24f-f0e1-409e-982f-1c42cdb29933:192.168.5.143:42050, d5a7e1c6-72c1-4128-a6c8-523374656d80:192.168.5.143:46801, b11c6a09-df3d-44f0-9c56-88b487f5aeaa:192.168.5.143:37030], old=null at 0
2019-10-08 21:09:02,346 [grpc-default-executor-6] INFO  ratis.XceiverServerRatis (XceiverServerRatis.java:handleLeaderChangedNotification(702)) - Leader change notification received for group: group-F5B269E6970B with new leaderId: b11c6a09-df3d-44f0-9c56-88b487f5aeaa
2019-10-08 21:09:02,347 [grpc-default-executor-6] INFO  impl.RaftServerImpl (ServerState.java:setLeader(255)) - d5a7e1c6-72c1-4128-a6c8-523374656d80@group-F5B269E6970B: change Leader from null to b11c6a09-df3d-44f0-9c56-88b487f5aeaa at term 2 for appendEntries, leader elected after 10347ms
2019-10-08 21:09:02,347 [grpc-default-executor-1] INFO  ratis.XceiverServerRatis (XceiverServerRatis.java:handleLeaderChangedNotification(702)) - Leader change notification received for group: group-F5B269E6970B with new leaderId: b11c6a09-df3d-44f0-9c56-88b487f5aeaa
2019-10-08 21:09:02,347 [grpc-default-executor-1] INFO  impl.RaftServerImpl (ServerState.java:setLeader(255)) - ffafc24f-f0e1-409e-982f-1c42cdb29933@group-F5B269E6970B: change Leader from null to b11c6a09-df3d-44f0-9c56-88b487f5aeaa at term 2 for appendEntries, leader elected after 10347ms
2019-10-08 21:09:02,348 [grpc-default-executor-1] INFO  impl.RaftServerImpl (ServerState.java:setRaftConf(356)) - d5a7e1c6-72c1-4128-a6c8-523374656d80@group-F5B269E6970B: set configuration 0: [ffafc24f-f0e1-409e-982f-1c42cdb29933:192.168.5.143:42050, d5a7e1c6-72c1-4128-a6c8-523374656d80:192.168.5.143:46801, b11c6a09-df3d-44f0-9c56-88b487f5aeaa:192.168.5.143:37030], old=null at 0
2019-10-08 21:09:02,348 [grpc-default-executor-6] INFO  impl.RaftServerImpl (ServerState.java:setRaftConf(356)) - ffafc24f-f0e1-409e-982f-1c42cdb29933@group-F5B269E6970B: set configuration 0: [ffafc24f-f0e1-409e-982f-1c42cdb29933:192.168.5.143:42050, d5a7e1c6-72c1-4128-a6c8-523374656d80:192.168.5.143:46801, b11c6a09-df3d-44f0-9c56-88b487f5aeaa:192.168.5.143:37030], old=null at 0
2019-10-08 21:09:02,349 [grpc-default-executor-1] INFO  segmented.SegmentedRaftLogWorker (SegmentedRaftLogWorker.java:startLogSegment(385)) - d5a7e1c6-72c1-4128-a6c8-523374656d80@group-F5B269E6970B-SegmentedRaftLogWorker: Starting segment from index:0
2019-10-08 21:09:02,349 [grpc-default-executor-6] INFO  segmented.SegmentedRaftLogWorker (SegmentedRaftLogWorker.java:startLogSegment(385)) - ffafc24f-f0e1-409e-982f-1c42cdb29933@group-F5B269E6970B-SegmentedRaftLogWorker: Starting segment from index:0
2019-10-08 21:09:02,383 [b11c6a09-df3d-44f0-9c56-88b487f5aeaa@group-F5B269E6970B-SegmentedRaftLogWorker] INFO  segmented.SegmentedRaftLogWorker (SegmentedRaftLogWorker.java:execute(576)) - b11c6a09-df3d-44f0-9c56-88b487f5aeaa@group-F5B269E6970B-SegmentedRaftLogWorker: created new log segment /workdir/hadoop-ozone/integration-test/target/test-dir/MiniOzoneClusterImpl-76b6f63f-e342-488e-8571-ba8c5b8db736/datanode-5/data/ratis/e6b7c99a-2439-4212-bd8f-f5b269e6970b/current/log_inprogress_0
2019-10-08 21:09:02,383 [ffafc24f-f0e1-409e-982f-1c42cdb29933@group-F5B269E6970B-SegmentedRaftLogWorker] INFO  segmented.SegmentedRaftLogWorker (SegmentedRaftLogWorker.java:execute(576)) - ffafc24f-f0e1-409e-982f-1c42cdb29933@group-F5B269E6970B-SegmentedRaftLogWorker: created new log segment /workdir/hadoop-ozone/integration-test/target/test-dir/MiniOzoneClusterImpl-76b6f63f-e342-488e-8571-ba8c5b8db736/datanode-6/data/ratis/e6b7c99a-2439-4212-bd8f-f5b269e6970b/current/log_inprogress_0
2019-10-08 21:09:02,383 [d5a7e1c6-72c1-4128-a6c8-523374656d80@group-F5B269E6970B-SegmentedRaftLogWorker] INFO  segmented.SegmentedRaftLogWorker (SegmentedRaftLogWorker.java:execute(576)) - d5a7e1c6-72c1-4128-a6c8-523374656d80@group-F5B269E6970B-SegmentedRaftLogWorker: created new log segment /workdir/hadoop-ozone/integration-test/target/test-dir/MiniOzoneClusterImpl-76b6f63f-e342-488e-8571-ba8c5b8db736/datanode-4/data/ratis/e6b7c99a-2439-4212-bd8f-f5b269e6970b/current/log_inprogress_0
2019-10-08 21:09:03,303 [EventQueue-StaleNodeForStaleNodeHandler] INFO  node.StaleNodeHandler (StaleNodeHandler.java:onMessage(58)) - Datanode 563427f3-50ed-4c45-a12e-b3f5127aec9c{ip: 192.168.5.143, host: pr-hdds-1868-gtwz2-575081100, networkLocation: /default-rack, certSerialId: null} moved to stale state. Finalizing its pipelines [PipelineID=f5c62137-b8b2-4402-af6c-896469feba97, PipelineID=6cb7d4c4-68fb-40a0-9ccf-cb8e9b908d1a]
2019-10-08 21:09:03,304 [EventQueue-StaleNodeForStaleNodeHandler] INFO  pipeline.SCMPipelineManager (SCMPipelineManager.java:finalizeAndDestroyPipeline(315)) - destroying pipeline:Pipeline[ Id: f5c62137-b8b2-4402-af6c-896469feba97, Nodes: 563427f3-50ed-4c45-a12e-b3f5127aec9c{ip: 192.168.5.143, host: pr-hdds-1868-gtwz2-575081100, networkLocation: /default-rack, certSerialId: null}d17645eb-f5d0-4e03-ba92-dd2963a93e84{ip: 192.168.5.143, host: pr-hdds-1868-gtwz2-575081100, networkLocation: /default-rack, certSerialId: null}6a70038f-f0b2-4d35-91e9-47692da92d1a{ip: 192.168.5.143, host: pr-hdds-1868-gtwz2-575081100, networkLocation: /default-rack, certSerialId: null}, Type:RATIS, Factor:THREE, State:OPEN]
2019-10-08 21:09:03,304 [EventQueue-StaleNodeForStaleNodeHandler] INFO  pipeline.PipelineStateManager (PipelineStateManager.java:finalizePipeline(123)) - Pipeline Pipeline[ Id: f5c62137-b8b2-4402-af6c-896469feba97, Nodes: 563427f3-50ed-4c45-a12e-b3f5127aec9c{ip: 192.168.5.143, host: pr-hdds-1868-gtwz2-575081100, networkLocation: /default-rack, certSerialId: null}d17645eb-f5d0-4e03-ba92-dd2963a93e84{ip: 192.168.5.143, host: pr-hdds-1868-gtwz2-575081100, networkLocation: /default-rack, certSerialId: null}6a70038f-f0b2-4d35-91e9-47692da92d1a{ip: 192.168.5.143, host: pr-hdds-1868-gtwz2-575081100, networkLocation: /default-rack, certSerialId: null}, Type:RATIS, Factor:THREE, State:CLOSED] moved to CLOSED state
2019-10-08 21:09:03,305 [EventQueue-CloseContainerForCloseContainerEventHandler] INFO  container.CloseContainerEventHandler (CloseContainerEventHandler.java:onMessage(61)) - Close container Event triggered for container : #1
2019-10-08 21:09:03,305 [EventQueue-StaleNodeForStaleNodeHandler] INFO  pipeline.SCMPipelineManager (SCMPipelineManager.java:finalizeAndDestroyPipeline(315)) - destroying pipeline:Pipeline[ Id: 6cb7d4c4-68fb-40a0-9ccf-cb8e9b908d1a, Nodes: 563427f3-50ed-4c45-a12e-b3f5127aec9c{ip: 192.168.5.143, host: pr-hdds-1868-gtwz2-575081100, networkLocation: /default-rack, certSerialId: null}, Type:RATIS, Factor:ONE, State:OPEN]
2019-10-08 21:09:03,305 [EventQueue-StaleNodeForStaleNodeHandler] INFO  pipeline.PipelineStateManager (PipelineStateManager.java:finalizePipeline(123)) - Pipeline Pipeline[ Id: 6cb7d4c4-68fb-40a0-9ccf-cb8e9b908d1a, Nodes: 563427f3-50ed-4c45-a12e-b3f5127aec9c{ip: 192.168.5.143, host: pr-hdds-1868-gtwz2-575081100, networkLocation: /default-rack, certSerialId: null}, Type:RATIS, Factor:ONE, State:CLOSED] moved to CLOSED state
2019-10-08 21:09:03,484 [main] INFO  ozoneimpl.OzoneContainer (OzoneContainer.java:stop(227)) - Attempting to stop container services.
2019-10-08 21:09:03,485 [main] INFO  impl.RaftServerProxy (RaftServerProxy.java:lambda$close$4(314)) - 563427f3-50ed-4c45-a12e-b3f5127aec9c: close
2019-10-08 21:09:03,486 [main] INFO  impl.RaftServerImpl (RaftServerImpl.java:lambda$shutdown$3(247)) - 563427f3-50ed-4c45-a12e-b3f5127aec9c@group-896469FEBA97: shutdown
2019-10-08 21:09:03,486 [main] INFO  util.JmxRegister (JmxRegister.java:unregister(73)) - Successfully un-registered JMX Bean with object name Ratis:service=RaftServer,group=group-896469FEBA97,id=563427f3-50ed-4c45-a12e-b3f5127aec9c
2019-10-08 21:09:03,486 [main] INFO  impl.RoleInfo (RoleInfo.java:shutdownLeaderState(104)) - 563427f3-50ed-4c45-a12e-b3f5127aec9c: shutdown LeaderState
2019-10-08 21:09:03,493 [main] INFO  impl.PendingRequests (PendingRequests.java:sendNotLeaderResponses(202)) - 563427f3-50ed-4c45-a12e-b3f5127aec9c@group-896469FEBA97-PendingRequests: sendNotLeaderResponses
2019-10-08 21:09:03,493 [org.apache.ratis.server.impl.LogAppender$AppenderDaemon$$Lambda$378/203622504@1edcf8c2] WARN  server.GrpcLogAppender (GrpcLogAppender.java:mayWait(143)) - 563427f3-50ed-4c45-a12e-b3f5127aec9c@group-896469FEBA97->6a70038f-f0b2-4d35-91e9-47692da92d1a-GrpcLogAppender: Wait interrupted by java.lang.InterruptedException
2019-10-08 21:09:03,494 [org.apache.ratis.server.impl.LogAppender$AppenderDaemon$$Lambda$378/203622504@4f50dab7] WARN  server.GrpcLogAppender (GrpcLogAppender.java:mayWait(143)) - 563427f3-50ed-4c45-a12e-b3f5127aec9c@group-896469FEBA97->d17645eb-f5d0-4e03-ba92-dd2963a93e84-GrpcLogAppender: Wait interrupted by java.lang.InterruptedException
2019-10-08 21:09:03,500 [main] INFO  impl.StateMachineUpdater (StateMachineUpdater.java:stopAndJoin(136)) - 563427f3-50ed-4c45-a12e-b3f5127aec9c@group-896469FEBA97-StateMachineUpdater: set stopIndex = 15
2019-10-08 21:09:03,500 [563427f3-50ed-4c45-a12e-b3f5127aec9c@group-896469FEBA97-StateMachineUpdater] INFO  ratis.ContainerStateMachine (ContainerStateMachine.java:takeSnapshot(296)) - group-896469FEBA97: Taking a snapshot at:(t:1, i:13) file /workdir/hadoop-ozone/integration-test/target/test-dir/MiniOzoneClusterImpl-76b6f63f-e342-488e-8571-ba8c5b8db736/datanode-0/data/ratis/f5c62137-b8b2-4402-af6c-896469feba97/sm/snapshot.1_13
2019-10-08 21:09:03,500 [grpc-default-executor-6] INFO  server.GrpcServerProtocolService (GrpcServerProtocolService.java:onCompleted(113)) - 6a70038f-f0b2-4d35-91e9-47692da92d1a: Completed APPEND_ENTRIES, lastRequest: 563427f3-50ed-4c45-a12e-b3f5127aec9c->6a70038f-f0b2-4d35-91e9-47692da92d1a#18-t1, previous=(t:1, i:15), leaderCommit=15, initializing? false, entries: <empty>
2019-10-08 21:09:03,500 [grpc-default-executor-1] INFO  server.GrpcServerProtocolService (GrpcServerProtocolService.java:onCompleted(113)) - d17645eb-f5d0-4e03-ba92-dd2963a93e84: Completed APPEND_ENTRIES, lastRequest: 563427f3-50ed-4c45-a12e-b3f5127aec9c->d17645eb-f5d0-4e03-ba92-dd2963a93e84#18-t1, previous=(t:1, i:15), leaderCommit=15, initializing? false, entries: <empty>
2019-10-08 21:09:03,501 [grpc-default-executor-6] INFO  server.GrpcLogAppender (GrpcLogAppender.java:onCompleted(293)) - 563427f3-50ed-4c45-a12e-b3f5127aec9c@group-896469FEBA97->d17645eb-f5d0-4e03-ba92-dd2963a93e84-AppendLogResponseHandler: follower responses appendEntries COMPLETED
2019-10-08 21:09:03,501 [grpc-default-executor-1] INFO  server.GrpcLogAppender (GrpcLogAppender.java:onCompleted(293)) - 563427f3-50ed-4c45-a12e-b3f5127aec9c@group-896469FEBA97->6a70038f-f0b2-4d35-91e9-47692da92d1a-AppendLogResponseHandler: follower responses appendEntries COMPLETED
2019-10-08 21:09:03,502 [grpc-default-executor-6] INFO  impl.FollowerInfo (FollowerInfo.java:lambda$new$0(51)) - 563427f3-50ed-4c45-a12e-b3f5127aec9c@group-896469FEBA97->d17645eb-f5d0-4e03-ba92-dd2963a93e84: nextIndex: updateUnconditionally 16 -> 15
2019-10-08 21:09:03,503 [grpc-default-executor-1] INFO  impl.FollowerInfo (FollowerInfo.java:lambda$new$0(51)) - 563427f3-50ed-4c45-a12e-b3f5127aec9c@group-896469FEBA97->6a70038f-f0b2-4d35-91e9-47692da92d1a: nextIndex: updateUnconditionally 16 -> 15
2019-10-08 21:09:03,513 [563427f3-50ed-4c45-a12e-b3f5127aec9c@group-896469FEBA97-StateMachineUpdater] INFO  ratis.ContainerStateMachine (ContainerStateMachine.java:takeSnapshot(307)) - group-896469FEBA97: Finished taking a snapshot at:(t:1, i:13) file:/workdir/hadoop-ozone/integration-test/target/test-dir/MiniOzoneClusterImpl-76b6f63f-e342-488e-8571-ba8c5b8db736/datanode-0/data/ratis/f5c62137-b8b2-4402-af6c-896469feba97/sm/snapshot.1_13 time:13
2019-10-08 21:09:03,514 [563427f3-50ed-4c45-a12e-b3f5127aec9c@group-896469FEBA97-StateMachineUpdater] INFO  impl.StateMachineUpdater (StateMachineUpdater.java:takeSnapshot(269)) - 563427f3-50ed-4c45-a12e-b3f5127aec9c@group-896469FEBA97-StateMachineUpdater: Took a snapshot at index 13
2019-10-08 21:09:03,514 [563427f3-50ed-4c45-a12e-b3f5127aec9c@group-896469FEBA97-StateMachineUpdater] INFO  impl.StateMachineUpdater (StateMachineUpdater.java:lambda$new$0(84)) - 563427f3-50ed-4c45-a12e-b3f5127aec9c@group-896469FEBA97-StateMachineUpdater: snapshotIndex: updateIncreasingly -1 -> 13
2019-10-08 21:09:03,514 [563427f3-50ed-4c45-a12e-b3f5127aec9c@group-896469FEBA97-StateMachineUpdater] INFO  ratis.ContainerStateMachine (ContainerStateMachine.java:takeSnapshot(296)) - group-896469FEBA97: Taking a snapshot at:(t:1, i:13) file /workdir/hadoop-ozone/integration-test/target/test-dir/MiniOzoneClusterImpl-76b6f63f-e342-488e-8571-ba8c5b8db736/datanode-0/data/ratis/f5c62137-b8b2-4402-af6c-896469feba97/sm/snapshot.1_13
2019-10-08 21:09:03,526 [563427f3-50ed-4c45-a12e-b3f5127aec9c@group-896469FEBA97-StateMachineUpdater] INFO  ratis.ContainerStateMachine (ContainerStateMachine.java:takeSnapshot(307)) - group-896469FEBA97: Finished taking a snapshot at:(t:1, i:13) file:/workdir/hadoop-ozone/integration-test/target/test-dir/MiniOzoneClusterImpl-76b6f63f-e342-488e-8571-ba8c5b8db736/datanode-0/data/ratis/f5c62137-b8b2-4402-af6c-896469feba97/sm/snapshot.1_13 time:12
2019-10-08 21:09:03,526 [563427f3-50ed-4c45-a12e-b3f5127aec9c@group-896469FEBA97-StateMachineUpdater] INFO  impl.StateMachineUpdater (StateMachineUpdater.java:takeSnapshot(269)) - 563427f3-50ed-4c45-a12e-b3f5127aec9c@group-896469FEBA97-StateMachineUpdater: Took a snapshot at index 13
2019-10-08 21:09:03,527 [563427f3-50ed-4c45-a12e-b3f5127aec9c@group-896469FEBA97-StateMachineUpdater] INFO  impl.StateMachineUpdater (StateMachineUpdater.java:lambda$new$0(84)) - 563427f3-50ed-4c45-a12e-b3f5127aec9c@group-896469FEBA97-StateMachineUpdater: snapshotIndex: updateIncreasingly 13 -> 13
2019-10-08 21:09:03,527 [main] INFO  impl.RaftServerImpl (ServerState.java:close(387)) - 563427f3-50ed-4c45-a12e-b3f5127aec9c@group-896469FEBA97: closes. applyIndex: 15
2019-10-08 21:09:03,527 [563427f3-50ed-4c45-a12e-b3f5127aec9c@group-896469FEBA97-SegmentedRaftLogWorker] INFO  segmented.SegmentedRaftLogWorker (SegmentedRaftLogWorker.java:run(316)) - 563427f3-50ed-4c45-a12e-b3f5127aec9c@group-896469FEBA97-SegmentedRaftLogWorker was interrupted, exiting. There are 0 tasks remaining in the queue.
2019-10-08 21:09:03,531 [main] INFO  segmented.SegmentedRaftLogWorker (SegmentedRaftLogWorker.java:close(224)) - 563427f3-50ed-4c45-a12e-b3f5127aec9c@group-896469FEBA97-SegmentedRaftLogWorker close()
2019-10-08 21:09:03,537 [main] INFO  impl.RaftServerImpl (RaftServerImpl.java:lambda$shutdown$3(247)) - 563427f3-50ed-4c45-a12e-b3f5127aec9c@group-CB8E9B908D1A: shutdown
2019-10-08 21:09:03,538 [main] INFO  util.JmxRegister (JmxRegister.java:unregister(73)) - Successfully un-registered JMX Bean with object name Ratis:service=RaftServer,group=group-CB8E9B908D1A,id=563427f3-50ed-4c45-a12e-b3f5127aec9c
2019-10-08 21:09:03,538 [main] INFO  impl.RoleInfo (RoleInfo.java:shutdownLeaderState(104)) - 563427f3-50ed-4c45-a12e-b3f5127aec9c: shutdown LeaderState
2019-10-08 21:09:03,538 [main] INFO  impl.PendingRequests (PendingRequests.java:sendNotLeaderResponses(202)) - 563427f3-50ed-4c45-a12e-b3f5127aec9c@group-CB8E9B908D1A-PendingRequests: sendNotLeaderResponses
2019-10-08 21:09:03,538 [main] INFO  impl.StateMachineUpdater (StateMachineUpdater.java:stopAndJoin(136)) - 563427f3-50ed-4c45-a12e-b3f5127aec9c@group-CB8E9B908D1A-StateMachineUpdater: set stopIndex = 0
2019-10-08 21:09:03,539 [main] INFO  impl.RaftServerImpl (ServerState.java:close(387)) - 563427f3-50ed-4c45-a12e-b3f5127aec9c@group-CB8E9B908D1A: closes. applyIndex: 0
2019-10-08 21:09:03,539 [563427f3-50ed-4c45-a12e-b3f5127aec9c@group-CB8E9B908D1A-SegmentedRaftLogWorker] INFO  segmented.SegmentedRaftLogWorker (SegmentedRaftLogWorker.java:run(316)) - 563427f3-50ed-4c45-a12e-b3f5127aec9c@group-CB8E9B908D1A-SegmentedRaftLogWorker was interrupted, exiting. There are 0 tasks remaining in the queue.
2019-10-08 21:09:03,542 [main] INFO  segmented.SegmentedRaftLogWorker (SegmentedRaftLogWorker.java:close(224)) - 563427f3-50ed-4c45-a12e-b3f5127aec9c@group-CB8E9B908D1A-SegmentedRaftLogWorker close()
2019-10-08 21:09:03,546 [main] INFO  server.GrpcService (GrpcService.java:closeImpl(164)) - 563427f3-50ed-4c45-a12e-b3f5127aec9c: shutdown server with port 32835 now
2019-10-08 21:09:03,547 [grpc-default-executor-6] WARN  client.GrpcClientProtocolService (LogUtils.java:warn(134)) - 1-UnorderedRequestStreamObserver1: onError: org.apache.ratis.thirdparty.io.grpc.StatusRuntimeException: CANCELLED: cancelled before receiving half close
2019-10-08 21:09:03,547 [main] INFO  server.GrpcService (GrpcService.java:closeImpl(172)) - 563427f3-50ed-4c45-a12e-b3f5127aec9c: shutdown server with port 32835 successfully
2019-10-08 21:09:03,549 [refreshUsed-/workdir/hadoop-ozone/integration-test/target/test-dir/MiniOzoneClusterImpl-76b6f63f-e342-488e-8571-ba8c5b8db736/datanode-0/data/containers] WARN  fs.CachingGetSpaceUsed (CachingGetSpaceUsed.java:run(183)) - Thread Interrupted waiting to refresh disk information: sleep interrupted
2019-10-08 21:09:03,568 [main] INFO  utils.BackgroundService (BackgroundService.java:shutdown(151)) - Shutting down service BlockDeletingService
2019-10-08 21:09:03,579 [main] INFO  statemachine.DatanodeStateMachine (DatanodeStateMachine.java:stopDaemon(395)) - Ozone container server stopped.
2019-10-08 21:09:03,581 [main] INFO  handler.ContextHandler (ContextHandler.java:doStop(910)) - Stopped o.e.j.w.WebAppContext@61d60e38{/,null,UNAVAILABLE}{/hddsDatanode}
2019-10-08 21:09:03,582 [main] INFO  server.AbstractConnector (AbstractConnector.java:doStop(318)) - Stopped ServerConnector@6e95973c{HTTP/1.1,[http/1.1]}{0.0.0.0:0}
2019-10-08 21:09:03,582 [main] INFO  handler.ContextHandler (ContextHandler.java:doStop(910)) - Stopped o.e.j.s.ServletContextHandler@3a40bb52{/static,jar:file:/home/user/.m2/repository/org/apache/hadoop/hadoop-hdds-container-service/0.5.0-SNAPSHOT/hadoop-hdds-container-service-0.5.0-SNAPSHOT.jar!/webapps/static,UNAVAILABLE}
2019-10-08 21:09:03,583 [main] INFO  handler.ContextHandler (ContextHandler.java:doStop(910)) - Stopped o.e.j.s.ServletContextHandler@2d206a71{/logs,file:///workdir/hadoop-ozone/integration-test/target/log,UNAVAILABLE}
2019-10-08 21:09:12,408 [Thread-3362] INFO  impl.FollowerState (FollowerState.java:run(108)) - 6a70038f-f0b2-4d35-91e9-47692da92d1a@group-896469FEBA97-FollowerState: change to CANDIDATE, lastRpcTime:8923ms, electionTimeout:5085ms
2019-10-08 21:09:12,408 [Thread-3362] INFO  impl.RoleInfo (RoleInfo.java:shutdownFollowerState(121)) - 6a70038f-f0b2-4d35-91e9-47692da92d1a: shutdown FollowerState
2019-10-08 21:09:12,408 [Thread-3362] INFO  impl.RaftServerImpl (RaftServerImpl.java:setRole(170)) - 6a70038f-f0b2-4d35-91e9-47692da92d1a@group-896469FEBA97: changes role from  FOLLOWER to CANDIDATE at term 1 for changeToCandidate
2019-10-08 21:09:12,409 [Thread-3362] INFO  impl.RoleInfo (RoleInfo.java:updateAndGet(143)) - 6a70038f-f0b2-4d35-91e9-47692da92d1a: start LeaderElection
2019-10-08 21:09:12,413 [6a70038f-f0b2-4d35-91e9-47692da92d1a@group-896469FEBA97-LeaderElection75] INFO  impl.RaftServerImpl (ServerState.java:setLeader(255)) - 6a70038f-f0b2-4d35-91e9-47692da92d1a@group-896469FEBA97: change Leader from 563427f3-50ed-4c45-a12e-b3f5127aec9c to null at term 1 for initElection
2019-10-08 21:09:12,428 [6a70038f-f0b2-4d35-91e9-47692da92d1a@group-896469FEBA97-LeaderElection75] INFO  impl.LeaderElection (LeaderElection.java:askForVotes(178)) - 6a70038f-f0b2-4d35-91e9-47692da92d1a@group-896469FEBA97-LeaderElection75: begin an election at term 2 for 0: [d17645eb-f5d0-4e03-ba92-dd2963a93e84:192.168.5.143:34967, 563427f3-50ed-4c45-a12e-b3f5127aec9c:192.168.5.143:32835, 6a70038f-f0b2-4d35-91e9-47692da92d1a:192.168.5.143:35516], old=null
2019-10-08 21:09:12,434 [6a70038f-f0b2-4d35-91e9-47692da92d1a@group-896469FEBA97-LeaderElection75] INFO  impl.LeaderElection (LogUtils.java:infoOrTrace(149)) - 6a70038f-f0b2-4d35-91e9-47692da92d1a@group-896469FEBA97-LeaderElection75 got exception when requesting votes: {}
java.util.concurrent.ExecutionException: org.apache.ratis.thirdparty.io.grpc.StatusRuntimeException: UNAVAILABLE: io exception
	at java.util.concurrent.FutureTask.report(FutureTask.java:122)
	at java.util.concurrent.FutureTask.get(FutureTask.java:192)
	at org.apache.ratis.server.impl.LeaderElection.waitForResults(LeaderElection.java:259)
	at org.apache.ratis.server.impl.LeaderElection.askForVotes(LeaderElection.java:197)
	at org.apache.ratis.server.impl.LeaderElection.run(LeaderElection.java:133)
	at java.lang.Thread.run(Thread.java:748)
Caused by: org.apache.ratis.thirdparty.io.grpc.StatusRuntimeException: UNAVAILABLE: io exception
	at org.apache.ratis.thirdparty.io.grpc.stub.ClientCalls.toStatusRuntimeException(ClientCalls.java:233)
	at org.apache.ratis.thirdparty.io.grpc.stub.ClientCalls.getUnchecked(ClientCalls.java:214)
	at org.apache.ratis.thirdparty.io.grpc.stub.ClientCalls.blockingUnaryCall(ClientCalls.java:139)
	at org.apache.ratis.proto.grpc.RaftServerProtocolServiceGrpc$RaftServerProtocolServiceBlockingStub.requestVote(RaftServerProtocolServiceGrpc.java:265)
	at org.apache.ratis.grpc.server.GrpcServerProtocolClient.requestVote(GrpcServerProtocolClient.java:99)
	at org.apache.ratis.grpc.server.GrpcService.requestVote(GrpcService.java:204)
	at org.apache.ratis.server.impl.LeaderElection.lambda$submitRequests$1(LeaderElection.java:234)
	at java.util.concurrent.FutureTask.run(FutureTask.java:266)
	at java.util.concurrent.Executors$RunnableAdapter.call(Executors.java:511)
	at java.util.concurrent.FutureTask.run(FutureTask.java:266)
	at java.util.concurrent.ThreadPoolExecutor.runWorker(ThreadPoolExecutor.java:1149)
	at java.util.concurrent.ThreadPoolExecutor$Worker.run(ThreadPoolExecutor.java:624)
	... 1 more
Caused by: org.apache.ratis.thirdparty.io.netty.channel.AbstractChannel$AnnotatedConnectException: Connection refused: /192.168.5.143:32835
	at sun.nio.ch.SocketChannelImpl.checkConnect(Native Method)
	at sun.nio.ch.SocketChannelImpl.finishConnect(SocketChannelImpl.java:717)
	at org.apache.ratis.thirdparty.io.netty.channel.socket.nio.NioSocketChannel.doFinishConnect(NioSocketChannel.java:327)
	at org.apache.ratis.thirdparty.io.netty.channel.nio.AbstractNioChannel$AbstractNioUnsafe.finishConnect(AbstractNioChannel.java:340)
	at org.apache.ratis.thirdparty.io.netty.channel.nio.NioEventLoop.processSelectedKey(NioEventLoop.java:632)
	at org.apache.ratis.thirdparty.io.netty.channel.nio.NioEventLoop.processSelectedKeysOptimized(NioEventLoop.java:579)
	at org.apache.ratis.thirdparty.io.netty.channel.nio.NioEventLoop.processSelectedKeys(NioEventLoop.java:496)
	at org.apache.ratis.thirdparty.io.netty.channel.nio.NioEventLoop.run(NioEventLoop.java:458)
	at org.apache.ratis.thirdparty.io.netty.util.concurrent.SingleThreadEventExecutor$5.run(SingleThreadEventExecutor.java:897)
	at org.apache.ratis.thirdparty.io.netty.util.concurrent.FastThreadLocalRunnable.run(FastThreadLocalRunnable.java:30)
	... 1 more
Caused by: java.net.ConnectException: Connection refused
	... 11 more
2019-10-08 21:09:12,439 [grpc-default-executor-1] INFO  impl.RaftServerImpl (ServerState.java:setLeader(255)) - d17645eb-f5d0-4e03-ba92-dd2963a93e84@group-896469FEBA97: change Leader from 563427f3-50ed-4c45-a12e-b3f5127aec9c to null at term 2 for updateCurrentTerm
2019-10-08 21:09:12,439 [grpc-default-executor-1] INFO  impl.RaftServerImpl (RaftServerImpl.java:setRole(170)) - d17645eb-f5d0-4e03-ba92-dd2963a93e84@group-896469FEBA97: changes role from  FOLLOWER to FOLLOWER at term 2 for recognizeCandidate:6a70038f-f0b2-4d35-91e9-47692da92d1a
2019-10-08 21:09:12,439 [grpc-default-executor-1] INFO  impl.RoleInfo (RoleInfo.java:shutdownFollowerState(121)) - d17645eb-f5d0-4e03-ba92-dd2963a93e84: shutdown FollowerState
2019-10-08 21:09:12,439 [grpc-default-executor-1] INFO  impl.RoleInfo (RoleInfo.java:updateAndGet(143)) - d17645eb-f5d0-4e03-ba92-dd2963a93e84: start FollowerState
2019-10-08 21:09:12,439 [Thread-3361] INFO  impl.FollowerState (FollowerState.java:run(117)) - d17645eb-f5d0-4e03-ba92-dd2963a93e84@group-896469FEBA97-FollowerState was interrupted: java.lang.InterruptedException: sleep interrupted
2019-10-08 21:09:12,457 [6a70038f-f0b2-4d35-91e9-47692da92d1a@group-896469FEBA97-LeaderElection75] INFO  impl.LeaderElection (LeaderElection.java:logAndReturn(56)) - 6a70038f-f0b2-4d35-91e9-47692da92d1a@group-896469FEBA97-LeaderElection75: Election PASSED; received 1 response(s) [6a70038f-f0b2-4d35-91e9-47692da92d1a<-d17645eb-f5d0-4e03-ba92-dd2963a93e84#0:OK-t2] and 1 exception(s); 6a70038f-f0b2-4d35-91e9-47692da92d1a@group-896469FEBA97:t2, leader=null, voted=6a70038f-f0b2-4d35-91e9-47692da92d1a, raftlog=6a70038f-f0b2-4d35-91e9-47692da92d1a@group-896469FEBA97-SegmentedRaftLog:OPENED:c15,f15,i15, conf=0: [d17645eb-f5d0-4e03-ba92-dd2963a93e84:192.168.5.143:34967, 563427f3-50ed-4c45-a12e-b3f5127aec9c:192.168.5.143:32835, 6a70038f-f0b2-4d35-91e9-47692da92d1a:192.168.5.143:35516], old=null
2019-10-08 21:09:12,457 [6a70038f-f0b2-4d35-91e9-47692da92d1a@group-896469FEBA97-LeaderElection75] INFO  impl.LeaderElection (LogUtils.java:infoOrTrace(149)) -   Exception 0: {}
java.util.concurrent.ExecutionException: org.apache.ratis.thirdparty.io.grpc.StatusRuntimeException: UNAVAILABLE: io exception
	at java.util.concurrent.FutureTask.report(FutureTask.java:122)
	at java.util.concurrent.FutureTask.get(FutureTask.java:192)
	at org.apache.ratis.server.impl.LeaderElection.waitForResults(LeaderElection.java:259)
	at org.apache.ratis.server.impl.LeaderElection.askForVotes(LeaderElection.java:197)
	at org.apache.ratis.server.impl.LeaderElection.run(LeaderElection.java:133)
	at java.lang.Thread.run(Thread.java:748)
Caused by: org.apache.ratis.thirdparty.io.grpc.StatusRuntimeException: UNAVAILABLE: io exception
	at org.apache.ratis.thirdparty.io.grpc.stub.ClientCalls.toStatusRuntimeException(ClientCalls.java:233)
	at org.apache.ratis.thirdparty.io.grpc.stub.ClientCalls.getUnchecked(ClientCalls.java:214)
	at org.apache.ratis.thirdparty.io.grpc.stub.ClientCalls.blockingUnaryCall(ClientCalls.java:139)
	at org.apache.ratis.proto.grpc.RaftServerProtocolServiceGrpc$RaftServerProtocolServiceBlockingStub.requestVote(RaftServerProtocolServiceGrpc.java:265)
	at org.apache.ratis.grpc.server.GrpcServerProtocolClient.requestVote(GrpcServerProtocolClient.java:99)
	at org.apache.ratis.grpc.server.GrpcService.requestVote(GrpcService.java:204)
	at org.apache.ratis.server.impl.LeaderElection.lambda$submitRequests$1(LeaderElection.java:234)
	at java.util.concurrent.FutureTask.run(FutureTask.java:266)
	at java.util.concurrent.Executors$RunnableAdapter.call(Executors.java:511)
	at java.util.concurrent.FutureTask.run(FutureTask.java:266)
	at java.util.concurrent.ThreadPoolExecutor.runWorker(ThreadPoolExecutor.java:1149)
	at java.util.concurrent.ThreadPoolExecutor$Worker.run(ThreadPoolExecutor.java:624)
	... 1 more
Caused by: org.apache.ratis.thirdparty.io.netty.channel.AbstractChannel$AnnotatedConnectException: Connection refused: /192.168.5.143:32835
	at sun.nio.ch.SocketChannelImpl.checkConnect(Native Method)
	at sun.nio.ch.SocketChannelImpl.finishConnect(SocketChannelImpl.java:717)
	at org.apache.ratis.thirdparty.io.netty.channel.socket.nio.NioSocketChannel.doFinishConnect(NioSocketChannel.java:327)
	at org.apache.ratis.thirdparty.io.netty.channel.nio.AbstractNioChannel$AbstractNioUnsafe.finishConnect(AbstractNioChannel.java:340)
	at org.apache.ratis.thirdparty.io.netty.channel.nio.NioEventLoop.processSelectedKey(NioEventLoop.java:632)
	at org.apache.ratis.thirdparty.io.netty.channel.nio.NioEventLoop.processSelectedKeysOptimized(NioEventLoop.java:579)
	at org.apache.ratis.thirdparty.io.netty.channel.nio.NioEventLoop.processSelectedKeys(NioEventLoop.java:496)
	at org.apache.ratis.thirdparty.io.netty.channel.nio.NioEventLoop.run(NioEventLoop.java:458)
	at org.apache.ratis.thirdparty.io.netty.util.concurrent.SingleThreadEventExecutor$5.run(SingleThreadEventExecutor.java:897)
	at org.apache.ratis.thirdparty.io.netty.util.concurrent.FastThreadLocalRunnable.run(FastThreadLocalRunnable.java:30)
	... 1 more
Caused by: java.net.ConnectException: Connection refused
	... 11 more
2019-10-08 21:09:12,457 [6a70038f-f0b2-4d35-91e9-47692da92d1a@group-896469FEBA97-LeaderElection75] INFO  impl.RoleInfo (RoleInfo.java:shutdownLeaderElection(134)) - 6a70038f-f0b2-4d35-91e9-47692da92d1a: shutdown LeaderElection
2019-10-08 21:09:12,458 [6a70038f-f0b2-4d35-91e9-47692da92d1a@group-896469FEBA97-LeaderElection75] INFO  impl.RaftServerImpl (RaftServerImpl.java:setRole(170)) - 6a70038f-f0b2-4d35-91e9-47692da92d1a@group-896469FEBA97: changes role from CANDIDATE to LEADER at term 2 for changeToLeader
2019-10-08 21:09:12,458 [6a70038f-f0b2-4d35-91e9-47692da92d1a@group-896469FEBA97-LeaderElection75] INFO  ratis.XceiverServerRatis (XceiverServerRatis.java:handleLeaderChangedNotification(702)) - Leader change notification received for group: group-896469FEBA97 with new leaderId: 6a70038f-f0b2-4d35-91e9-47692da92d1a
2019-10-08 21:09:12,458 [6a70038f-f0b2-4d35-91e9-47692da92d1a@group-896469FEBA97-LeaderElection75] INFO  impl.RaftServerImpl (ServerState.java:setLeader(255)) - 6a70038f-f0b2-4d35-91e9-47692da92d1a@group-896469FEBA97: change Leader from null to 6a70038f-f0b2-4d35-91e9-47692da92d1a at term 2 for becomeLeader, leader elected after 44ms
2019-10-08 21:09:12,459 [6a70038f-f0b2-4d35-91e9-47692da92d1a@group-896469FEBA97-LeaderElection75] INFO  server.RaftServerConfigKeys (ConfUtils.java:logGet(43)) - raft.server.staging.catchup.gap = 1000 (default)
2019-10-08 21:09:12,459 [6a70038f-f0b2-4d35-91e9-47692da92d1a@group-896469FEBA97-LeaderElection75] INFO  server.RaftServerConfigKeys (ConfUtils.java:logGet(43)) - raft.server.rpc.sleep.time = 25ms (default)
2019-10-08 21:09:12,459 [6a70038f-f0b2-4d35-91e9-47692da92d1a@group-896469FEBA97-LeaderElection75] INFO  server.RaftServerConfigKeys (ConfUtils.java:logGet(43)) - raft.server.write.element-limit = 4096 (default)
2019-10-08 21:09:12,459 [6a70038f-f0b2-4d35-91e9-47692da92d1a@group-896469FEBA97-LeaderElection75] INFO  server.RaftServerConfigKeys (ConfUtils.java:logGet(43)) - raft.server.watch.timeout = 10s (default)
2019-10-08 21:09:12,460 [6a70038f-f0b2-4d35-91e9-47692da92d1a@group-896469FEBA97-LeaderElection75] INFO  server.RaftServerConfigKeys (ConfUtils.java:logGet(43)) - raft.server.watch.timeout.denomination = 1s (default)
2019-10-08 21:09:12,460 [6a70038f-f0b2-4d35-91e9-47692da92d1a@group-896469FEBA97-LeaderElection75] INFO  server.RaftServerConfigKeys (ConfUtils.java:logGet(43)) - raft.server.watch.element-limit = 65536 (default)
2019-10-08 21:09:12,463 [6a70038f-f0b2-4d35-91e9-47692da92d1a@group-896469FEBA97-LeaderElection75] INFO  server.RaftServerConfigKeys (ConfUtils.java:logGet(43)) - raft.server.log.appender.snapshot.chunk.size.max = 16MB (=16777216) (default)
2019-10-08 21:09:12,463 [6a70038f-f0b2-4d35-91e9-47692da92d1a@group-896469FEBA97-LeaderElection75] INFO  server.RaftServerConfigKeys (ConfUtils.java:logGet(43)) - raft.server.log.appender.buffer.byte-limit = 33554432 (custom)
2019-10-08 21:09:12,463 [6a70038f-f0b2-4d35-91e9-47692da92d1a@group-896469FEBA97-LeaderElection75] INFO  server.RaftServerConfigKeys (ConfUtils.java:logGet(43)) - raft.server.log.appender.buffer.element-limit = 1 (custom)
2019-10-08 21:09:12,463 [6a70038f-f0b2-4d35-91e9-47692da92d1a@group-896469FEBA97-LeaderElection75] INFO  grpc.GrpcConfigKeys$Server (ConfUtils.java:logGet(43)) - raft.grpc.server.leader.outstanding.appends.max = 128 (default)
2019-10-08 21:09:12,464 [6a70038f-f0b2-4d35-91e9-47692da92d1a@group-896469FEBA97-LeaderElection75] INFO  server.RaftServerConfigKeys (ConfUtils.java:logGet(43)) - raft.server.rpc.request.timeout = 3000ms (default)
2019-10-08 21:09:12,464 [6a70038f-f0b2-4d35-91e9-47692da92d1a@group-896469FEBA97-LeaderElection75] INFO  server.RaftServerConfigKeys (ConfUtils.java:logGet(43)) - raft.server.log.appender.install.snapshot.enabled = false (custom)
2019-10-08 21:09:12,464 [6a70038f-f0b2-4d35-91e9-47692da92d1a@group-896469FEBA97-LeaderElection75] INFO  server.RaftServerConfigKeys (ConfUtils.java:logGet(43)) - raft.server.log.appender.snapshot.chunk.size.max = 16MB (=16777216) (default)
2019-10-08 21:09:12,464 [6a70038f-f0b2-4d35-91e9-47692da92d1a@group-896469FEBA97-LeaderElection75] INFO  server.RaftServerConfigKeys (ConfUtils.java:logGet(43)) - raft.server.log.appender.buffer.byte-limit = 33554432 (custom)
2019-10-08 21:09:12,464 [6a70038f-f0b2-4d35-91e9-47692da92d1a@group-896469FEBA97-LeaderElection75] INFO  server.RaftServerConfigKeys (ConfUtils.java:logGet(43)) - raft.server.log.appender.buffer.element-limit = 1 (custom)
2019-10-08 21:09:12,465 [6a70038f-f0b2-4d35-91e9-47692da92d1a@group-896469FEBA97-LeaderElection75] INFO  grpc.GrpcConfigKeys$Server (ConfUtils.java:logGet(43)) - raft.grpc.server.leader.outstanding.appends.max = 128 (default)
2019-10-08 21:09:12,465 [6a70038f-f0b2-4d35-91e9-47692da92d1a@group-896469FEBA97-LeaderElection75] INFO  server.RaftServerConfigKeys (ConfUtils.java:logGet(43)) - raft.server.rpc.request.timeout = 3000ms (default)
2019-10-08 21:09:12,465 [6a70038f-f0b2-4d35-91e9-47692da92d1a@group-896469FEBA97-LeaderElection75] INFO  server.RaftServerConfigKeys (ConfUtils.java:logGet(43)) - raft.server.log.appender.install.snapshot.enabled = false (custom)
2019-10-08 21:09:12,465 [6a70038f-f0b2-4d35-91e9-47692da92d1a@group-896469FEBA97-LeaderElection75] INFO  impl.RoleInfo (RoleInfo.java:updateAndGet(143)) - 6a70038f-f0b2-4d35-91e9-47692da92d1a: start LeaderState
2019-10-08 21:09:12,466 [6a70038f-f0b2-4d35-91e9-47692da92d1a@group-896469FEBA97-LeaderElection75] INFO  segmented.SegmentedRaftLogWorker (SegmentedRaftLogWorker.java:rollLogSegment(390)) - 6a70038f-f0b2-4d35-91e9-47692da92d1a@group-896469FEBA97-SegmentedRaftLogWorker: Rolling segment log-0_15 to index:15
2019-10-08 21:09:12,469 [6a70038f-f0b2-4d35-91e9-47692da92d1a@group-896469FEBA97-LeaderElection75] INFO  impl.RaftServerImpl (ServerState.java:setRaftConf(356)) - 6a70038f-f0b2-4d35-91e9-47692da92d1a@group-896469FEBA97: set configuration 16: [d17645eb-f5d0-4e03-ba92-dd2963a93e84:192.168.5.143:34967, 563427f3-50ed-4c45-a12e-b3f5127aec9c:192.168.5.143:32835, 6a70038f-f0b2-4d35-91e9-47692da92d1a:192.168.5.143:35516], old=null at 16
2019-10-08 21:09:12,469 [6a70038f-f0b2-4d35-91e9-47692da92d1a@group-896469FEBA97-SegmentedRaftLogWorker] INFO  segmented.SegmentedRaftLogWorker (SegmentedRaftLogWorker.java:execute(533)) - 6a70038f-f0b2-4d35-91e9-47692da92d1a@group-896469FEBA97-SegmentedRaftLogWorker: Rolled log segment from /workdir/hadoop-ozone/integration-test/target/test-dir/MiniOzoneClusterImpl-76b6f63f-e342-488e-8571-ba8c5b8db736/datanode-1/data/ratis/f5c62137-b8b2-4402-af6c-896469feba97/current/log_inprogress_0 to /workdir/hadoop-ozone/integration-test/target/test-dir/MiniOzoneClusterImpl-76b6f63f-e342-488e-8571-ba8c5b8db736/datanode-1/data/ratis/f5c62137-b8b2-4402-af6c-896469feba97/current/log_0-15
2019-10-08 21:09:12,470 [grpc-default-executor-1] WARN  server.GrpcLogAppender (LogUtils.java:warn(134)) - 6a70038f-f0b2-4d35-91e9-47692da92d1a@group-896469FEBA97->563427f3-50ed-4c45-a12e-b3f5127aec9c-AppendLogResponseHandler: Failed appendEntries: org.apache.ratis.thirdparty.io.grpc.StatusRuntimeException: UNAVAILABLE: io exception
2019-10-08 21:09:12,470 [grpc-default-executor-7] INFO  ratis.XceiverServerRatis (XceiverServerRatis.java:handleLeaderChangedNotification(702)) - Leader change notification received for group: group-896469FEBA97 with new leaderId: 6a70038f-f0b2-4d35-91e9-47692da92d1a
2019-10-08 21:09:12,470 [grpc-default-executor-1] INFO  impl.FollowerInfo (FollowerInfo.java:lambda$new$0(51)) - 6a70038f-f0b2-4d35-91e9-47692da92d1a@group-896469FEBA97->563427f3-50ed-4c45-a12e-b3f5127aec9c: nextIndex: updateUnconditionally 16 -> 1
2019-10-08 21:09:12,471 [grpc-default-executor-7] INFO  impl.RaftServerImpl (ServerState.java:setLeader(255)) - d17645eb-f5d0-4e03-ba92-dd2963a93e84@group-896469FEBA97: change Leader from null to 6a70038f-f0b2-4d35-91e9-47692da92d1a at term 2 for appendEntries, leader elected after 31ms
2019-10-08 21:09:12,473 [grpc-default-executor-7] INFO  impl.RaftServerImpl (ServerState.java:setRaftConf(356)) - d17645eb-f5d0-4e03-ba92-dd2963a93e84@group-896469FEBA97: set configuration 16: [d17645eb-f5d0-4e03-ba92-dd2963a93e84:192.168.5.143:34967, 563427f3-50ed-4c45-a12e-b3f5127aec9c:192.168.5.143:32835, 6a70038f-f0b2-4d35-91e9-47692da92d1a:192.168.5.143:35516], old=null at 16
2019-10-08 21:09:12,473 [grpc-default-executor-7] INFO  segmented.SegmentedRaftLogWorker (SegmentedRaftLogWorker.java:rollLogSegment(390)) - d17645eb-f5d0-4e03-ba92-dd2963a93e84@group-896469FEBA97-SegmentedRaftLogWorker: Rolling segment log-0_15 to index:15
2019-10-08 21:09:12,474 [d17645eb-f5d0-4e03-ba92-dd2963a93e84@group-896469FEBA97-SegmentedRaftLogWorker] INFO  segmented.SegmentedRaftLogWorker (SegmentedRaftLogWorker.java:execute(533)) - d17645eb-f5d0-4e03-ba92-dd2963a93e84@group-896469FEBA97-SegmentedRaftLogWorker: Rolled log segment from /workdir/hadoop-ozone/integration-test/target/test-dir/MiniOzoneClusterImpl-76b6f63f-e342-488e-8571-ba8c5b8db736/datanode-3/data/ratis/f5c62137-b8b2-4402-af6c-896469feba97/current/log_inprogress_0 to /workdir/hadoop-ozone/integration-test/target/test-dir/MiniOzoneClusterImpl-76b6f63f-e342-488e-8571-ba8c5b8db736/datanode-3/data/ratis/f5c62137-b8b2-4402-af6c-896469feba97/current/log_0-15
2019-10-08 21:09:12,507 [6a70038f-f0b2-4d35-91e9-47692da92d1a@group-896469FEBA97-SegmentedRaftLogWorker] INFO  segmented.SegmentedRaftLogWorker (SegmentedRaftLogWorker.java:execute(576)) - 6a70038f-f0b2-4d35-91e9-47692da92d1a@group-896469FEBA97-SegmentedRaftLogWorker: created new log segment /workdir/hadoop-ozone/integration-test/target/test-dir/MiniOzoneClusterImpl-76b6f63f-e342-488e-8571-ba8c5b8db736/datanode-1/data/ratis/f5c62137-b8b2-4402-af6c-896469feba97/current/log_inprogress_16
2019-10-08 21:09:12,507 [d17645eb-f5d0-4e03-ba92-dd2963a93e84@group-896469FEBA97-SegmentedRaftLogWorker] INFO  segmented.SegmentedRaftLogWorker (SegmentedRaftLogWorker.java:execute(576)) - d17645eb-f5d0-4e03-ba92-dd2963a93e84@group-896469FEBA97-SegmentedRaftLogWorker: created new log segment /workdir/hadoop-ozone/integration-test/target/test-dir/MiniOzoneClusterImpl-76b6f63f-e342-488e-8571-ba8c5b8db736/datanode-3/data/ratis/f5c62137-b8b2-4402-af6c-896469feba97/current/log_inprogress_16
2019-10-08 21:09:12,516 [grpc-default-executor-6] WARN  server.GrpcLogAppender (LogUtils.java:warn(134)) - 6a70038f-f0b2-4d35-91e9-47692da92d1a@group-896469FEBA97->563427f3-50ed-4c45-a12e-b3f5127aec9c-AppendLogResponseHandler: Failed appendEntries: org.apache.ratis.thirdparty.io.grpc.StatusRuntimeException: UNAVAILABLE: io exception
2019-10-08 21:09:12,517 [grpc-default-executor-6] INFO  impl.FollowerInfo (FollowerInfo.java:lambda$new$0(51)) - 6a70038f-f0b2-4d35-91e9-47692da92d1a@group-896469FEBA97->563427f3-50ed-4c45-a12e-b3f5127aec9c: nextIndex: updateUnconditionally 2 -> 1
2019-10-08 21:09:12,528 [grpc-default-executor-1] WARN  server.GrpcLogAppender (LogUtils.java:warn(134)) - 6a70038f-f0b2-4d35-91e9-47692da92d1a@group-896469FEBA97->563427f3-50ed-4c45-a12e-b3f5127aec9c-AppendLogResponseHandler: Failed appendEntries: org.apache.ratis.thirdparty.io.grpc.StatusRuntimeException: UNAVAILABLE: io exception
2019-10-08 21:09:12,528 [grpc-default-executor-1] INFO  impl.FollowerInfo (FollowerInfo.java:lambda$new$0(51)) - 6a70038f-f0b2-4d35-91e9-47692da92d1a@group-896469FEBA97->563427f3-50ed-4c45-a12e-b3f5127aec9c: nextIndex: updateUnconditionally 2 -> 1
21:09:12.703 [grpc-default-executor-1] ERROR DNAudit - user=null | ip=null | op=WRITE_CHUNK {blockData=conID: 1 locID: 102928805929549837 bcsId: 13} | ret=FAILURE
org.apache.hadoop.hdds.scm.container.common.helpers.ContainerNotOpenException: Container 1 in CLOSING state
	at org.apache.hadoop.ozone.container.common.impl.HddsDispatcher.validateContainerCommand(HddsDispatcher.java:436) ~[hadoop-hdds-container-service-0.5.0-SNAPSHOT.jar:?]
	at org.apache.hadoop.ozone.container.common.transport.server.ratis.ContainerStateMachine.startTransaction(ContainerStateMachine.java:322) ~[hadoop-hdds-container-service-0.5.0-SNAPSHOT.jar:?]
	at org.apache.ratis.server.impl.RaftServerImpl.submitClientRequestAsync(RaftServerImpl.java:577) ~[ratis-server-0.5.0-63cd2fb-SNAPSHOT.jar:0.5.0-63cd2fb-SNAPSHOT]
	at org.apache.ratis.server.impl.RaftServerProxy.lambda$submitClientRequestAsync$7(RaftServerProxy.java:333) ~[ratis-server-0.5.0-63cd2fb-SNAPSHOT.jar:0.5.0-63cd2fb-SNAPSHOT]
	at org.apache.ratis.server.impl.RaftServerProxy.lambda$null$5(RaftServerProxy.java:328) ~[ratis-server-0.5.0-63cd2fb-SNAPSHOT.jar:0.5.0-63cd2fb-SNAPSHOT]
	at org.apache.ratis.util.JavaUtils.callAsUnchecked(JavaUtils.java:109) ~[ratis-common-0.5.0-63cd2fb-SNAPSHOT.jar:0.5.0-63cd2fb-SNAPSHOT]
	at org.apache.ratis.server.impl.RaftServerProxy.lambda$submitRequest$6(RaftServerProxy.java:328) ~[ratis-server-0.5.0-63cd2fb-SNAPSHOT.jar:0.5.0-63cd2fb-SNAPSHOT]
	at java.util.concurrent.CompletableFuture.uniComposeStage(CompletableFuture.java:981) ~[?:1.8.0_212]
	at java.util.concurrent.CompletableFuture.thenCompose(CompletableFuture.java:2124) ~[?:1.8.0_212]
	at org.apache.ratis.server.impl.RaftServerProxy.submitRequest(RaftServerProxy.java:327) ~[ratis-server-0.5.0-63cd2fb-SNAPSHOT.jar:0.5.0-63cd2fb-SNAPSHOT]
	at org.apache.ratis.server.impl.RaftServerProxy.submitClientRequestAsync(RaftServerProxy.java:333) ~[ratis-server-0.5.0-63cd2fb-SNAPSHOT.jar:0.5.0-63cd2fb-SNAPSHOT]
	at org.apache.ratis.grpc.client.GrpcClientProtocolService$RequestStreamObserver.processClientRequest(GrpcClientProtocolService.java:220) ~[ratis-grpc-0.5.0-63cd2fb-SNAPSHOT.jar:0.5.0-63cd2fb-SNAPSHOT]
	at org.apache.ratis.grpc.client.GrpcClientProtocolService$OrderedRequestStreamObserver.processClientRequest(GrpcClientProtocolService.java:326) ~[ratis-grpc-0.5.0-63cd2fb-SNAPSHOT.jar:0.5.0-63cd2fb-SNAPSHOT]
	at org.apache.ratis.util.SlidingWindow$Server.processRequestsFromHead(SlidingWindow.java:429) [ratis-common-0.5.0-63cd2fb-SNAPSHOT.jar:0.5.0-63cd2fb-SNAPSHOT]
	at org.apache.ratis.util.SlidingWindow$Server.receivedRequest(SlidingWindow.java:421) [ratis-common-0.5.0-63cd2fb-SNAPSHOT.jar:0.5.0-63cd2fb-SNAPSHOT]
	at org.apache.ratis.grpc.client.GrpcClientProtocolService$OrderedRequestStreamObserver.processClientRequest(GrpcClientProtocolService.java:345) [ratis-grpc-0.5.0-63cd2fb-SNAPSHOT.jar:0.5.0-63cd2fb-SNAPSHOT]
	at org.apache.ratis.grpc.client.GrpcClientProtocolService$RequestStreamObserver.onNext(GrpcClientProtocolService.java:240) [ratis-grpc-0.5.0-63cd2fb-SNAPSHOT.jar:0.5.0-63cd2fb-SNAPSHOT]
	at org.apache.ratis.grpc.client.GrpcClientProtocolService$RequestStreamObserver.onNext(GrpcClientProtocolService.java:168) [ratis-grpc-0.5.0-63cd2fb-SNAPSHOT.jar:0.5.0-63cd2fb-SNAPSHOT]
	at org.apache.ratis.thirdparty.io.grpc.stub.ServerCalls$StreamingServerCallHandler$StreamingServerCallListener.onMessage(ServerCalls.java:248) [ratis-thirdparty-misc-0.2.0.jar:0.2.0]
	at org.apache.ratis.thirdparty.io.grpc.internal.ServerCallImpl$ServerStreamListenerImpl.messagesAvailable(ServerCallImpl.java:263) [ratis-thirdparty-misc-0.2.0.jar:0.2.0]
	at org.apache.ratis.thirdparty.io.grpc.internal.ServerImpl$JumpToApplicationThreadServerStreamListener$1MessagesAvailable.runInContext(ServerImpl.java:686) [ratis-thirdparty-misc-0.2.0.jar:0.2.0]
	at org.apache.ratis.thirdparty.io.grpc.internal.ContextRunnable.run(ContextRunnable.java:37) [ratis-thirdparty-misc-0.2.0.jar:0.2.0]
	at org.apache.ratis.thirdparty.io.grpc.internal.SerializingExecutor.run(SerializingExecutor.java:123) [ratis-thirdparty-misc-0.2.0.jar:0.2.0]
	at java.util.concurrent.ThreadPoolExecutor.runWorker(ThreadPoolExecutor.java:1149) [?:1.8.0_212]
	at java.util.concurrent.ThreadPoolExecutor$Worker.run(ThreadPoolExecutor.java:624) [?:1.8.0_212]
	at java.lang.Thread.run(Thread.java:748) [?:1.8.0_212]
21:09:12.720 [grpc-default-executor-7] ERROR DNAudit - user=null | ip=null | op=WRITE_CHUNK {blockData=conID: 1 locID: 102928805929549837 bcsId: 13} | ret=FAILURE
org.apache.hadoop.hdds.scm.container.common.helpers.ContainerNotOpenException: Container 1 in CLOSING state
	at org.apache.hadoop.ozone.container.common.impl.HddsDispatcher.validateContainerCommand(HddsDispatcher.java:436) ~[hadoop-hdds-container-service-0.5.0-SNAPSHOT.jar:?]
	at org.apache.hadoop.ozone.container.common.transport.server.ratis.ContainerStateMachine.startTransaction(ContainerStateMachine.java:322) ~[hadoop-hdds-container-service-0.5.0-SNAPSHOT.jar:?]
	at org.apache.ratis.server.impl.RaftServerImpl.submitClientRequestAsync(RaftServerImpl.java:577) ~[ratis-server-0.5.0-63cd2fb-SNAPSHOT.jar:0.5.0-63cd2fb-SNAPSHOT]
	at org.apache.ratis.server.impl.RaftServerProxy.lambda$submitClientRequestAsync$7(RaftServerProxy.java:333) ~[ratis-server-0.5.0-63cd2fb-SNAPSHOT.jar:0.5.0-63cd2fb-SNAPSHOT]
	at org.apache.ratis.server.impl.RaftServerProxy.lambda$null$5(RaftServerProxy.java:328) ~[ratis-server-0.5.0-63cd2fb-SNAPSHOT.jar:0.5.0-63cd2fb-SNAPSHOT]
	at org.apache.ratis.util.JavaUtils.callAsUnchecked(JavaUtils.java:109) ~[ratis-common-0.5.0-63cd2fb-SNAPSHOT.jar:0.5.0-63cd2fb-SNAPSHOT]
	at org.apache.ratis.server.impl.RaftServerProxy.lambda$submitRequest$6(RaftServerProxy.java:328) ~[ratis-server-0.5.0-63cd2fb-SNAPSHOT.jar:0.5.0-63cd2fb-SNAPSHOT]
	at java.util.concurrent.CompletableFuture.uniComposeStage(CompletableFuture.java:981) ~[?:1.8.0_212]
	at java.util.concurrent.CompletableFuture.thenCompose(CompletableFuture.java:2124) ~[?:1.8.0_212]
	at org.apache.ratis.server.impl.RaftServerProxy.submitRequest(RaftServerProxy.java:327) ~[ratis-server-0.5.0-63cd2fb-SNAPSHOT.jar:0.5.0-63cd2fb-SNAPSHOT]
	at org.apache.ratis.server.impl.RaftServerProxy.submitClientRequestAsync(RaftServerProxy.java:333) ~[ratis-server-0.5.0-63cd2fb-SNAPSHOT.jar:0.5.0-63cd2fb-SNAPSHOT]
	at org.apache.ratis.grpc.client.GrpcClientProtocolService$RequestStreamObserver.processClientRequest(GrpcClientProtocolService.java:220) ~[ratis-grpc-0.5.0-63cd2fb-SNAPSHOT.jar:0.5.0-63cd2fb-SNAPSHOT]
	at org.apache.ratis.grpc.client.GrpcClientProtocolService$OrderedRequestStreamObserver.processClientRequest(GrpcClientProtocolService.java:326) ~[ratis-grpc-0.5.0-63cd2fb-SNAPSHOT.jar:0.5.0-63cd2fb-SNAPSHOT]
	at org.apache.ratis.util.SlidingWindow$Server.processRequestsFromHead(SlidingWindow.java:429) [ratis-common-0.5.0-63cd2fb-SNAPSHOT.jar:0.5.0-63cd2fb-SNAPSHOT]
	at org.apache.ratis.util.SlidingWindow$Server.receivedRequest(SlidingWindow.java:421) [ratis-common-0.5.0-63cd2fb-SNAPSHOT.jar:0.5.0-63cd2fb-SNAPSHOT]
	at org.apache.ratis.grpc.client.GrpcClientProtocolService$OrderedRequestStreamObserver.processClientRequest(GrpcClientProtocolService.java:345) [ratis-grpc-0.5.0-63cd2fb-SNAPSHOT.jar:0.5.0-63cd2fb-SNAPSHOT]
	at org.apache.ratis.grpc.client.GrpcClientProtocolService$RequestStreamObserver.onNext(GrpcClientProtocolService.java:240) [ratis-grpc-0.5.0-63cd2fb-SNAPSHOT.jar:0.5.0-63cd2fb-SNAPSHOT]
	at org.apache.ratis.grpc.client.GrpcClientProtocolService$RequestStreamObserver.onNext(GrpcClientProtocolService.java:168) [ratis-grpc-0.5.0-63cd2fb-SNAPSHOT.jar:0.5.0-63cd2fb-SNAPSHOT]
	at org.apache.ratis.thirdparty.io.grpc.stub.ServerCalls$StreamingServerCallHandler$StreamingServerCallListener.onMessage(ServerCalls.java:248) [ratis-thirdparty-misc-0.2.0.jar:0.2.0]
	at org.apache.ratis.thirdparty.io.grpc.internal.ServerCallImpl$ServerStreamListenerImpl.messagesAvailable(ServerCallImpl.java:263) [ratis-thirdparty-misc-0.2.0.jar:0.2.0]
	at org.apache.ratis.thirdparty.io.grpc.internal.ServerImpl$JumpToApplicationThreadServerStreamListener$1MessagesAvailable.runInContext(ServerImpl.java:686) [ratis-thirdparty-misc-0.2.0.jar:0.2.0]
	at org.apache.ratis.thirdparty.io.grpc.internal.ContextRunnable.run(ContextRunnable.java:37) [ratis-thirdparty-misc-0.2.0.jar:0.2.0]
	at org.apache.ratis.thirdparty.io.grpc.internal.SerializingExecutor.run(SerializingExecutor.java:123) [ratis-thirdparty-misc-0.2.0.jar:0.2.0]
	at java.util.concurrent.ThreadPoolExecutor.runWorker(ThreadPoolExecutor.java:1149) [?:1.8.0_212]
	at java.util.concurrent.ThreadPoolExecutor$Worker.run(ThreadPoolExecutor.java:624) [?:1.8.0_212]
	at java.lang.Thread.run(Thread.java:748) [?:1.8.0_212]
21:09:12.725 [grpc-default-executor-7] ERROR DNAudit - user=null | ip=null | op=PUT_BLOCK {blockData=[blockId=conID: 1 locID: 102928805929549837 bcsId: 0,size=650]} | ret=FAILURE
org.apache.hadoop.hdds.scm.container.common.helpers.ContainerNotOpenException: Container 1 in CLOSING state
	at org.apache.hadoop.ozone.container.common.impl.HddsDispatcher.validateContainerCommand(HddsDispatcher.java:436) ~[hadoop-hdds-container-service-0.5.0-SNAPSHOT.jar:?]
	at org.apache.hadoop.ozone.container.common.transport.server.ratis.ContainerStateMachine.startTransaction(ContainerStateMachine.java:322) ~[hadoop-hdds-container-service-0.5.0-SNAPSHOT.jar:?]
	at org.apache.ratis.server.impl.RaftServerImpl.submitClientRequestAsync(RaftServerImpl.java:577) ~[ratis-server-0.5.0-63cd2fb-SNAPSHOT.jar:0.5.0-63cd2fb-SNAPSHOT]
	at org.apache.ratis.server.impl.RaftServerProxy.lambda$submitClientRequestAsync$7(RaftServerProxy.java:333) ~[ratis-server-0.5.0-63cd2fb-SNAPSHOT.jar:0.5.0-63cd2fb-SNAPSHOT]
	at org.apache.ratis.server.impl.RaftServerProxy.lambda$null$5(RaftServerProxy.java:328) ~[ratis-server-0.5.0-63cd2fb-SNAPSHOT.jar:0.5.0-63cd2fb-SNAPSHOT]
	at org.apache.ratis.util.JavaUtils.callAsUnchecked(JavaUtils.java:109) ~[ratis-common-0.5.0-63cd2fb-SNAPSHOT.jar:0.5.0-63cd2fb-SNAPSHOT]
	at org.apache.ratis.server.impl.RaftServerProxy.lambda$submitRequest$6(RaftServerProxy.java:328) ~[ratis-server-0.5.0-63cd2fb-SNAPSHOT.jar:0.5.0-63cd2fb-SNAPSHOT]
	at java.util.concurrent.CompletableFuture.uniComposeStage(CompletableFuture.java:981) ~[?:1.8.0_212]
	at java.util.concurrent.CompletableFuture.thenCompose(CompletableFuture.java:2124) ~[?:1.8.0_212]
	at org.apache.ratis.server.impl.RaftServerProxy.submitRequest(RaftServerProxy.java:327) ~[ratis-server-0.5.0-63cd2fb-SNAPSHOT.jar:0.5.0-63cd2fb-SNAPSHOT]
	at org.apache.ratis.server.impl.RaftServerProxy.submitClientRequestAsync(RaftServerProxy.java:333) ~[ratis-server-0.5.0-63cd2fb-SNAPSHOT.jar:0.5.0-63cd2fb-SNAPSHOT]
	at org.apache.ratis.grpc.client.GrpcClientProtocolService$RequestStreamObserver.processClientRequest(GrpcClientProtocolService.java:220) ~[ratis-grpc-0.5.0-63cd2fb-SNAPSHOT.jar:0.5.0-63cd2fb-SNAPSHOT]
	at org.apache.ratis.grpc.client.GrpcClientProtocolService$OrderedRequestStreamObserver.processClientRequest(GrpcClientProtocolService.java:326) ~[ratis-grpc-0.5.0-63cd2fb-SNAPSHOT.jar:0.5.0-63cd2fb-SNAPSHOT]
	at org.apache.ratis.util.SlidingWindow$Server.processRequestsFromHead(SlidingWindow.java:429) [ratis-common-0.5.0-63cd2fb-SNAPSHOT.jar:0.5.0-63cd2fb-SNAPSHOT]
	at org.apache.ratis.util.SlidingWindow$Server.receivedRequest(SlidingWindow.java:421) [ratis-common-0.5.0-63cd2fb-SNAPSHOT.jar:0.5.0-63cd2fb-SNAPSHOT]
	at org.apache.ratis.grpc.client.GrpcClientProtocolService$OrderedRequestStreamObserver.processClientRequest(GrpcClientProtocolService.java:345) [ratis-grpc-0.5.0-63cd2fb-SNAPSHOT.jar:0.5.0-63cd2fb-SNAPSHOT]
	at org.apache.ratis.grpc.client.GrpcClientProtocolService$RequestStreamObserver.onNext(GrpcClientProtocolService.java:240) [ratis-grpc-0.5.0-63cd2fb-SNAPSHOT.jar:0.5.0-63cd2fb-SNAPSHOT]
	at org.apache.ratis.grpc.client.GrpcClientProtocolService$RequestStreamObserver.onNext(GrpcClientProtocolService.java:168) [ratis-grpc-0.5.0-63cd2fb-SNAPSHOT.jar:0.5.0-63cd2fb-SNAPSHOT]
	at org.apache.ratis.thirdparty.io.grpc.stub.ServerCalls$StreamingServerCallHandler$StreamingServerCallListener.onMessage(ServerCalls.java:248) [ratis-thirdparty-misc-0.2.0.jar:0.2.0]
	at org.apache.ratis.thirdparty.io.grpc.internal.ServerCallImpl$ServerStreamListenerImpl.messagesAvailable(ServerCallImpl.java:263) [ratis-thirdparty-misc-0.2.0.jar:0.2.0]
	at org.apache.ratis.thirdparty.io.grpc.internal.ServerImpl$JumpToApplicationThreadServerStreamListener$1MessagesAvailable.runInContext(ServerImpl.java:686) [ratis-thirdparty-misc-0.2.0.jar:0.2.0]
	at org.apache.ratis.thirdparty.io.grpc.internal.ContextRunnable.run(ContextRunnable.java:37) [ratis-thirdparty-misc-0.2.0.jar:0.2.0]
	at org.apache.ratis.thirdparty.io.grpc.internal.SerializingExecutor.run(SerializingExecutor.java:123) [ratis-thirdparty-misc-0.2.0.jar:0.2.0]
	at java.util.concurrent.ThreadPoolExecutor.runWorker(ThreadPoolExecutor.java:1149) [?:1.8.0_212]
	at java.util.concurrent.ThreadPoolExecutor$Worker.run(ThreadPoolExecutor.java:624) [?:1.8.0_212]
	at java.lang.Thread.run(Thread.java:748) [?:1.8.0_212]
21:09:12.736 [grpc-default-executor-7] ERROR DNAudit - user=null | ip=null | op=WRITE_CHUNK {blockData=conID: 1 locID: 102928805929549837 bcsId: 13} | ret=FAILURE
org.apache.hadoop.hdds.scm.container.common.helpers.ContainerNotOpenException: Container 1 in CLOSING state
	at org.apache.hadoop.ozone.container.common.impl.HddsDispatcher.validateContainerCommand(HddsDispatcher.java:436) ~[hadoop-hdds-container-service-0.5.0-SNAPSHOT.jar:?]
	at org.apache.hadoop.ozone.container.common.transport.server.ratis.ContainerStateMachine.startTransaction(ContainerStateMachine.java:322) ~[hadoop-hdds-container-service-0.5.0-SNAPSHOT.jar:?]
	at org.apache.ratis.server.impl.RaftServerImpl.submitClientRequestAsync(RaftServerImpl.java:577) ~[ratis-server-0.5.0-63cd2fb-SNAPSHOT.jar:0.5.0-63cd2fb-SNAPSHOT]
	at org.apache.ratis.server.impl.RaftServerProxy.lambda$submitClientRequestAsync$7(RaftServerProxy.java:333) ~[ratis-server-0.5.0-63cd2fb-SNAPSHOT.jar:0.5.0-63cd2fb-SNAPSHOT]
	at org.apache.ratis.server.impl.RaftServerProxy.lambda$null$5(RaftServerProxy.java:328) ~[ratis-server-0.5.0-63cd2fb-SNAPSHOT.jar:0.5.0-63cd2fb-SNAPSHOT]
	at org.apache.ratis.util.JavaUtils.callAsUnchecked(JavaUtils.java:109) ~[ratis-common-0.5.0-63cd2fb-SNAPSHOT.jar:0.5.0-63cd2fb-SNAPSHOT]
	at org.apache.ratis.server.impl.RaftServerProxy.lambda$submitRequest$6(RaftServerProxy.java:328) ~[ratis-server-0.5.0-63cd2fb-SNAPSHOT.jar:0.5.0-63cd2fb-SNAPSHOT]
	at java.util.concurrent.CompletableFuture.uniComposeStage(CompletableFuture.java:981) ~[?:1.8.0_212]
	at java.util.concurrent.CompletableFuture.thenCompose(CompletableFuture.java:2124) ~[?:1.8.0_212]
	at org.apache.ratis.server.impl.RaftServerProxy.submitRequest(RaftServerProxy.java:327) ~[ratis-server-0.5.0-63cd2fb-SNAPSHOT.jar:0.5.0-63cd2fb-SNAPSHOT]
	at org.apache.ratis.server.impl.RaftServerProxy.submitClientRequestAsync(RaftServerProxy.java:333) ~[ratis-server-0.5.0-63cd2fb-SNAPSHOT.jar:0.5.0-63cd2fb-SNAPSHOT]
	at org.apache.ratis.grpc.client.GrpcClientProtocolService$RequestStreamObserver.processClientRequest(GrpcClientProtocolService.java:220) ~[ratis-grpc-0.5.0-63cd2fb-SNAPSHOT.jar:0.5.0-63cd2fb-SNAPSHOT]
	at org.apache.ratis.grpc.client.GrpcClientProtocolService$OrderedRequestStreamObserver.processClientRequest(GrpcClientProtocolService.java:326) ~[ratis-grpc-0.5.0-63cd2fb-SNAPSHOT.jar:0.5.0-63cd2fb-SNAPSHOT]
	at org.apache.ratis.util.SlidingWindow$Server.processRequestsFromHead(SlidingWindow.java:429) [ratis-common-0.5.0-63cd2fb-SNAPSHOT.jar:0.5.0-63cd2fb-SNAPSHOT]
	at org.apache.ratis.util.SlidingWindow$Server.receivedRequest(SlidingWindow.java:421) [ratis-common-0.5.0-63cd2fb-SNAPSHOT.jar:0.5.0-63cd2fb-SNAPSHOT]
	at org.apache.ratis.grpc.client.GrpcClientProtocolService$OrderedRequestStreamObserver.processClientRequest(GrpcClientProtocolService.java:345) [ratis-grpc-0.5.0-63cd2fb-SNAPSHOT.jar:0.5.0-63cd2fb-SNAPSHOT]
	at org.apache.ratis.grpc.client.GrpcClientProtocolService$RequestStreamObserver.onNext(GrpcClientProtocolService.java:240) [ratis-grpc-0.5.0-63cd2fb-SNAPSHOT.jar:0.5.0-63cd2fb-SNAPSHOT]
	at org.apache.ratis.grpc.client.GrpcClientProtocolService$RequestStreamObserver.onNext(GrpcClientProtocolService.java:168) [ratis-grpc-0.5.0-63cd2fb-SNAPSHOT.jar:0.5.0-63cd2fb-SNAPSHOT]
	at org.apache.ratis.thirdparty.io.grpc.stub.ServerCalls$StreamingServerCallHandler$StreamingServerCallListener.onMessage(ServerCalls.java:248) [ratis-thirdparty-misc-0.2.0.jar:0.2.0]
	at org.apache.ratis.thirdparty.io.grpc.internal.ServerCallImpl$ServerStreamListenerImpl.messagesAvailable(ServerCallImpl.java:263) [ratis-thirdparty-misc-0.2.0.jar:0.2.0]
	at org.apache.ratis.thirdparty.io.grpc.internal.ServerImpl$JumpToApplicationThreadServerStreamListener$1MessagesAvailable.runInContext(ServerImpl.java:686) [ratis-thirdparty-misc-0.2.0.jar:0.2.0]
	at org.apache.ratis.thirdparty.io.grpc.internal.ContextRunnable.run(ContextRunnable.java:37) [ratis-thirdparty-misc-0.2.0.jar:0.2.0]
	at org.apache.ratis.thirdparty.io.grpc.internal.SerializingExecutor.run(SerializingExecutor.java:123) [ratis-thirdparty-misc-0.2.0.jar:0.2.0]
	at java.util.concurrent.ThreadPoolExecutor.runWorker(ThreadPoolExecutor.java:1149) [?:1.8.0_212]
	at java.util.concurrent.ThreadPoolExecutor$Worker.run(ThreadPoolExecutor.java:624) [?:1.8.0_212]
	at java.lang.Thread.run(Thread.java:748) [?:1.8.0_212]
21:09:12.750 [grpc-default-executor-7] ERROR DNAudit - user=null | ip=null | op=WRITE_CHUNK {blockData=conID: 1 locID: 102928805929549837 bcsId: 13} | ret=FAILURE
org.apache.hadoop.hdds.scm.container.common.helpers.ContainerNotOpenException: Container 1 in CLOSING state
	at org.apache.hadoop.ozone.container.common.impl.HddsDispatcher.validateContainerCommand(HddsDispatcher.java:436) ~[hadoop-hdds-container-service-0.5.0-SNAPSHOT.jar:?]
	at org.apache.hadoop.ozone.container.common.transport.server.ratis.ContainerStateMachine.startTransaction(ContainerStateMachine.java:322) ~[hadoop-hdds-container-service-0.5.0-SNAPSHOT.jar:?]
	at org.apache.ratis.server.impl.RaftServerImpl.submitClientRequestAsync(RaftServerImpl.java:577) ~[ratis-server-0.5.0-63cd2fb-SNAPSHOT.jar:0.5.0-63cd2fb-SNAPSHOT]
	at org.apache.ratis.server.impl.RaftServerProxy.lambda$submitClientRequestAsync$7(RaftServerProxy.java:333) ~[ratis-server-0.5.0-63cd2fb-SNAPSHOT.jar:0.5.0-63cd2fb-SNAPSHOT]
	at org.apache.ratis.server.impl.RaftServerProxy.lambda$null$5(RaftServerProxy.java:328) ~[ratis-server-0.5.0-63cd2fb-SNAPSHOT.jar:0.5.0-63cd2fb-SNAPSHOT]
	at org.apache.ratis.util.JavaUtils.callAsUnchecked(JavaUtils.java:109) ~[ratis-common-0.5.0-63cd2fb-SNAPSHOT.jar:0.5.0-63cd2fb-SNAPSHOT]
	at org.apache.ratis.server.impl.RaftServerProxy.lambda$submitRequest$6(RaftServerProxy.java:328) ~[ratis-server-0.5.0-63cd2fb-SNAPSHOT.jar:0.5.0-63cd2fb-SNAPSHOT]
	at java.util.concurrent.CompletableFuture.uniComposeStage(CompletableFuture.java:981) ~[?:1.8.0_212]
	at java.util.concurrent.CompletableFuture.thenCompose(CompletableFuture.java:2124) ~[?:1.8.0_212]
	at org.apache.ratis.server.impl.RaftServerProxy.submitRequest(RaftServerProxy.java:327) ~[ratis-server-0.5.0-63cd2fb-SNAPSHOT.jar:0.5.0-63cd2fb-SNAPSHOT]
	at org.apache.ratis.server.impl.RaftServerProxy.submitClientRequestAsync(RaftServerProxy.java:333) ~[ratis-server-0.5.0-63cd2fb-SNAPSHOT.jar:0.5.0-63cd2fb-SNAPSHOT]
	at org.apache.ratis.grpc.client.GrpcClientProtocolService$RequestStreamObserver.processClientRequest(GrpcClientProtocolService.java:220) ~[ratis-grpc-0.5.0-63cd2fb-SNAPSHOT.jar:0.5.0-63cd2fb-SNAPSHOT]
	at org.apache.ratis.grpc.client.GrpcClientProtocolService$OrderedRequestStreamObserver.processClientRequest(GrpcClientProtocolService.java:326) ~[ratis-grpc-0.5.0-63cd2fb-SNAPSHOT.jar:0.5.0-63cd2fb-SNAPSHOT]
	at org.apache.ratis.util.SlidingWindow$Server.processRequestsFromHead(SlidingWindow.java:429) [ratis-common-0.5.0-63cd2fb-SNAPSHOT.jar:0.5.0-63cd2fb-SNAPSHOT]
	at org.apache.ratis.util.SlidingWindow$Server.receivedRequest(SlidingWindow.java:421) [ratis-common-0.5.0-63cd2fb-SNAPSHOT.jar:0.5.0-63cd2fb-SNAPSHOT]
	at org.apache.ratis.grpc.client.GrpcClientProtocolService$OrderedRequestStreamObserver.processClientRequest(GrpcClientProtocolService.java:345) [ratis-grpc-0.5.0-63cd2fb-SNAPSHOT.jar:0.5.0-63cd2fb-SNAPSHOT]
	at org.apache.ratis.grpc.client.GrpcClientProtocolService$RequestStreamObserver.onNext(GrpcClientProtocolService.java:240) [ratis-grpc-0.5.0-63cd2fb-SNAPSHOT.jar:0.5.0-63cd2fb-SNAPSHOT]
	at org.apache.ratis.grpc.client.GrpcClientProtocolService$RequestStreamObserver.onNext(GrpcClientProtocolService.java:168) [ratis-grpc-0.5.0-63cd2fb-SNAPSHOT.jar:0.5.0-63cd2fb-SNAPSHOT]
	at org.apache.ratis.thirdparty.io.grpc.stub.ServerCalls$StreamingServerCallHandler$StreamingServerCallListener.onMessage(ServerCalls.java:248) [ratis-thirdparty-misc-0.2.0.jar:0.2.0]
	at org.apache.ratis.thirdparty.io.grpc.internal.ServerCallImpl$ServerStreamListenerImpl.messagesAvailable(ServerCallImpl.java:263) [ratis-thirdparty-misc-0.2.0.jar:0.2.0]
	at org.apache.ratis.thirdparty.io.grpc.internal.ServerImpl$JumpToApplicationThreadServerStreamListener$1MessagesAvailable.runInContext(ServerImpl.java:686) [ratis-thirdparty-misc-0.2.0.jar:0.2.0]
	at org.apache.ratis.thirdparty.io.grpc.internal.ContextRunnable.run(ContextRunnable.java:37) [ratis-thirdparty-misc-0.2.0.jar:0.2.0]
	at org.apache.ratis.thirdparty.io.grpc.internal.SerializingExecutor.run(SerializingExecutor.java:123) [ratis-thirdparty-misc-0.2.0.jar:0.2.0]
	at java.util.concurrent.ThreadPoolExecutor.runWorker(ThreadPoolExecutor.java:1149) [?:1.8.0_212]
	at java.util.concurrent.ThreadPoolExecutor$Worker.run(ThreadPoolExecutor.java:624) [?:1.8.0_212]
	at java.lang.Thread.run(Thread.java:748) [?:1.8.0_212]
21:09:12.757 [grpc-default-executor-7] ERROR DNAudit - user=null | ip=null | op=PUT_BLOCK {blockData=[blockId=conID: 1 locID: 102928805929549837 bcsId: 0,size=800]} | ret=FAILURE
org.apache.hadoop.hdds.scm.container.common.helpers.ContainerNotOpenException: Container 1 in CLOSING state
	at org.apache.hadoop.ozone.container.common.impl.HddsDispatcher.validateContainerCommand(HddsDispatcher.java:436) ~[hadoop-hdds-container-service-0.5.0-SNAPSHOT.jar:?]
	at org.apache.hadoop.ozone.container.common.transport.server.ratis.ContainerStateMachine.startTransaction(ContainerStateMachine.java:322) ~[hadoop-hdds-container-service-0.5.0-SNAPSHOT.jar:?]
	at org.apache.ratis.server.impl.RaftServerImpl.submitClientRequestAsync(RaftServerImpl.java:577) ~[ratis-server-0.5.0-63cd2fb-SNAPSHOT.jar:0.5.0-63cd2fb-SNAPSHOT]
	at org.apache.ratis.server.impl.RaftServerProxy.lambda$submitClientRequestAsync$7(RaftServerProxy.java:333) ~[ratis-server-0.5.0-63cd2fb-SNAPSHOT.jar:0.5.0-63cd2fb-SNAPSHOT]
	at org.apache.ratis.server.impl.RaftServerProxy.lambda$null$5(RaftServerProxy.java:328) ~[ratis-server-0.5.0-63cd2fb-SNAPSHOT.jar:0.5.0-63cd2fb-SNAPSHOT]
	at org.apache.ratis.util.JavaUtils.callAsUnchecked(JavaUtils.java:109) ~[ratis-common-0.5.0-63cd2fb-SNAPSHOT.jar:0.5.0-63cd2fb-SNAPSHOT]
	at org.apache.ratis.server.impl.RaftServerProxy.lambda$submitRequest$6(RaftServerProxy.java:328) ~[ratis-server-0.5.0-63cd2fb-SNAPSHOT.jar:0.5.0-63cd2fb-SNAPSHOT]
	at java.util.concurrent.CompletableFuture.uniComposeStage(CompletableFuture.java:981) ~[?:1.8.0_212]
	at java.util.concurrent.CompletableFuture.thenCompose(CompletableFuture.java:2124) ~[?:1.8.0_212]
	at org.apache.ratis.server.impl.RaftServerProxy.submitRequest(RaftServerProxy.java:327) ~[ratis-server-0.5.0-63cd2fb-SNAPSHOT.jar:0.5.0-63cd2fb-SNAPSHOT]
	at org.apache.ratis.server.impl.RaftServerProxy.submitClientRequestAsync(RaftServerProxy.java:333) ~[ratis-server-0.5.0-63cd2fb-SNAPSHOT.jar:0.5.0-63cd2fb-SNAPSHOT]
	at org.apache.ratis.grpc.client.GrpcClientProtocolService$RequestStreamObserver.processClientRequest(GrpcClientProtocolService.java:220) ~[ratis-grpc-0.5.0-63cd2fb-SNAPSHOT.jar:0.5.0-63cd2fb-SNAPSHOT]
	at org.apache.ratis.grpc.client.GrpcClientProtocolService$OrderedRequestStreamObserver.processClientRequest(GrpcClientProtocolService.java:326) ~[ratis-grpc-0.5.0-63cd2fb-SNAPSHOT.jar:0.5.0-63cd2fb-SNAPSHOT]
	at org.apache.ratis.util.SlidingWindow$Server.processRequestsFromHead(SlidingWindow.java:429) [ratis-common-0.5.0-63cd2fb-SNAPSHOT.jar:0.5.0-63cd2fb-SNAPSHOT]
	at org.apache.ratis.util.SlidingWindow$Server.receivedRequest(SlidingWindow.java:421) [ratis-common-0.5.0-63cd2fb-SNAPSHOT.jar:0.5.0-63cd2fb-SNAPSHOT]
	at org.apache.ratis.grpc.client.GrpcClientProtocolService$OrderedRequestStreamObserver.processClientRequest(GrpcClientProtocolService.java:345) [ratis-grpc-0.5.0-63cd2fb-SNAPSHOT.jar:0.5.0-63cd2fb-SNAPSHOT]
	at org.apache.ratis.grpc.client.GrpcClientProtocolService$RequestStreamObserver.onNext(GrpcClientProtocolService.java:240) [ratis-grpc-0.5.0-63cd2fb-SNAPSHOT.jar:0.5.0-63cd2fb-SNAPSHOT]
	at org.apache.ratis.grpc.client.GrpcClientProtocolService$RequestStreamObserver.onNext(GrpcClientProtocolService.java:168) [ratis-grpc-0.5.0-63cd2fb-SNAPSHOT.jar:0.5.0-63cd2fb-SNAPSHOT]
	at org.apache.ratis.thirdparty.io.grpc.stub.ServerCalls$StreamingServerCallHandler$StreamingServerCallListener.onMessage(ServerCalls.java:248) [ratis-thirdparty-misc-0.2.0.jar:0.2.0]
	at org.apache.ratis.thirdparty.io.grpc.internal.ServerCallImpl$ServerStreamListenerImpl.messagesAvailable(ServerCallImpl.java:263) [ratis-thirdparty-misc-0.2.0.jar:0.2.0]
	at org.apache.ratis.thirdparty.io.grpc.internal.ServerImpl$JumpToApplicationThreadServerStreamListener$1MessagesAvailable.runInContext(ServerImpl.java:686) [ratis-thirdparty-misc-0.2.0.jar:0.2.0]
	at org.apache.ratis.thirdparty.io.grpc.internal.ContextRunnable.run(ContextRunnable.java:37) [ratis-thirdparty-misc-0.2.0.jar:0.2.0]
	at org.apache.ratis.thirdparty.io.grpc.internal.SerializingExecutor.run(SerializingExecutor.java:123) [ratis-thirdparty-misc-0.2.0.jar:0.2.0]
	at java.util.concurrent.ThreadPoolExecutor.runWorker(ThreadPoolExecutor.java:1149) [?:1.8.0_212]
	at java.util.concurrent.ThreadPoolExecutor$Worker.run(ThreadPoolExecutor.java:624) [?:1.8.0_212]
	at java.lang.Thread.run(Thread.java:748) [?:1.8.0_212]
2019-10-08 21:09:13,102 [main] INFO  ozone.MiniOzoneClusterImpl (MiniOzoneClusterImpl.java:shutdown(352)) - Shutting down the Mini Ozone Cluster
2019-10-08 21:09:13,103 [main] INFO  ozone.MiniOzoneClusterImpl (MiniOzoneClusterImpl.java:stop(368)) - Stopping the Mini Ozone Cluster
2019-10-08 21:09:13,103 [main] INFO  ozone.MiniOzoneClusterImpl (MiniOzoneClusterImpl.java:stopOM(438)) - Stopping the OzoneManager
2019-10-08 21:09:13,103 [main] INFO  ipc.Server (Server.java:stop(3082)) - Stopping server on 35941
2019-10-08 21:09:13,124 [IPC Server listener on 35941] INFO  ipc.Server (Server.java:run(1185)) - Stopping IPC Server listener on 35941
2019-10-08 21:09:13,131 [IPC Server Responder] INFO  ipc.Server (Server.java:run(1319)) - Stopping IPC Server Responder
2019-10-08 21:09:13,126 [main] INFO  ratis.OzoneManagerDoubleBuffer (OzoneManagerDoubleBuffer.java:stop(248)) - Stopping OMDoubleBuffer flush thread
2019-10-08 21:09:13,148 [OMDoubleBufferFlushThread] INFO  ratis.OzoneManagerDoubleBuffer (OzoneManagerDoubleBuffer.java:flushTransactions(191)) - OMDoubleBuffer flush thread OMDoubleBufferFlushThread is interrupted and will exit. OMDoubleBufferFlushThread
2019-10-08 21:09:13,163 [main] INFO  utils.BackgroundService (BackgroundService.java:shutdown(151)) - Shutting down service KeyDeletingService
2019-10-08 21:09:13,166 [main] INFO  handler.ContextHandler (ContextHandler.java:doStop(910)) - Stopped o.e.j.w.WebAppContext@6fbf5db2{/,null,UNAVAILABLE}{/ozoneManager}
2019-10-08 21:09:13,167 [main] INFO  server.AbstractConnector (AbstractConnector.java:doStop(318)) - Stopped ServerConnector@509a6095{HTTP/1.1,[http/1.1]}{0.0.0.0:0}
2019-10-08 21:09:13,167 [main] INFO  handler.ContextHandler (ContextHandler.java:doStop(910)) - Stopped o.e.j.s.ServletContextHandler@2d130ac4{/static,file:///workdir/hadoop-ozone/integration-test/target/test-classes/webapps/static,UNAVAILABLE}
2019-10-08 21:09:13,167 [main] INFO  handler.ContextHandler (ContextHandler.java:doStop(910)) - Stopped o.e.j.s.ServletContextHandler@77083e41{/logs,file:///workdir/hadoop-ozone/integration-test/target/log,UNAVAILABLE}
2019-10-08 21:09:13,169 [main] INFO  ozone.MiniOzoneClusterImpl (MiniOzoneClusterImpl.java:stopDatanodes(415)) - Stopping the HddsDatanodes
2019-10-08 21:09:13,459 [Datanode State Machine Thread - 0] INFO  statemachine.DatanodeStateMachine (DatanodeStateMachine.java:lambda$startDaemon$0(350)) - Ozone container server started.
2019-10-08 21:09:13,924 [Datanode State Machine Thread - 0] INFO  statemachine.DatanodeStateMachine (DatanodeStateMachine.java:lambda$startDaemon$0(350)) - Ozone container server started.
2019-10-08 21:09:15,030 [grpc-default-executor-1] WARN  server.GrpcLogAppender (LogUtils.java:warn(134)) - 6a70038f-f0b2-4d35-91e9-47692da92d1a@group-896469FEBA97->563427f3-50ed-4c45-a12e-b3f5127aec9c-AppendLogResponseHandler: Failed appendEntries: org.apache.ratis.thirdparty.io.grpc.StatusRuntimeException: UNAVAILABLE: io exception
2019-10-08 21:09:15,030 [grpc-default-executor-1] INFO  impl.FollowerInfo (FollowerInfo.java:lambda$new$0(51)) - 6a70038f-f0b2-4d35-91e9-47692da92d1a@group-896469FEBA97->563427f3-50ed-4c45-a12e-b3f5127aec9c: nextIndex: updateUnconditionally 1 -> 0
2019-10-08 21:09:17,529 [EventQueue-StaleNodeForStaleNodeHandler] INFO  node.StaleNodeHandler (StaleNodeHandler.java:onMessage(58)) - Datanode 6a70038f-f0b2-4d35-91e9-47692da92d1a{ip: 192.168.5.143, host: pr-hdds-1868-gtwz2-575081100, networkLocation: /default-rack, certSerialId: null} moved to stale state. Finalizing its pipelines [PipelineID=f5c62137-b8b2-4402-af6c-896469feba97, PipelineID=0f3fbf17-eeea-4458-b074-3878507c373e]
2019-10-08 21:09:17,530 [EventQueue-StaleNodeForStaleNodeHandler] INFO  pipeline.SCMPipelineManager (SCMPipelineManager.java:finalizeAndDestroyPipeline(315)) - destroying pipeline:Pipeline[ Id: f5c62137-b8b2-4402-af6c-896469feba97, Nodes: 563427f3-50ed-4c45-a12e-b3f5127aec9c{ip: 192.168.5.143, host: pr-hdds-1868-gtwz2-575081100, networkLocation: /default-rack, certSerialId: null}d17645eb-f5d0-4e03-ba92-dd2963a93e84{ip: 192.168.5.143, host: pr-hdds-1868-gtwz2-575081100, networkLocation: /default-rack, certSerialId: null}6a70038f-f0b2-4d35-91e9-47692da92d1a{ip: 192.168.5.143, host: pr-hdds-1868-gtwz2-575081100, networkLocation: /default-rack, certSerialId: null}, Type:RATIS, Factor:THREE, State:CLOSED]
2019-10-08 21:09:17,531 [EventQueue-StaleNodeForStaleNodeHandler] INFO  pipeline.SCMPipelineManager (SCMPipelineManager.java:finalizeAndDestroyPipeline(315)) - destroying pipeline:Pipeline[ Id: 0f3fbf17-eeea-4458-b074-3878507c373e, Nodes: 6a70038f-f0b2-4d35-91e9-47692da92d1a{ip: 192.168.5.143, host: pr-hdds-1868-gtwz2-575081100, networkLocation: /default-rack, certSerialId: null}, Type:RATIS, Factor:ONE, State:OPEN]
2019-10-08 21:09:17,531 [EventQueue-StaleNodeForStaleNodeHandler] INFO  pipeline.PipelineStateManager (PipelineStateManager.java:finalizePipeline(123)) - Pipeline Pipeline[ Id: 0f3fbf17-eeea-4458-b074-3878507c373e, Nodes: 6a70038f-f0b2-4d35-91e9-47692da92d1a{ip: 192.168.5.143, host: pr-hdds-1868-gtwz2-575081100, networkLocation: /default-rack, certSerialId: null}, Type:RATIS, Factor:ONE, State:CLOSED] moved to CLOSED state
2019-10-08 21:09:17,533 [grpc-default-executor-6] WARN  server.GrpcLogAppender (LogUtils.java:warn(134)) - 6a70038f-f0b2-4d35-91e9-47692da92d1a@group-896469FEBA97->563427f3-50ed-4c45-a12e-b3f5127aec9c-AppendLogResponseHandler: Failed appendEntries: org.apache.ratis.thirdparty.io.grpc.StatusRuntimeException: UNAVAILABLE: io exception
2019-10-08 21:09:17,533 [grpc-default-executor-6] INFO  impl.FollowerInfo (FollowerInfo.java:lambda$new$0(51)) - 6a70038f-f0b2-4d35-91e9-47692da92d1a@group-896469FEBA97->563427f3-50ed-4c45-a12e-b3f5127aec9c: nextIndex: updateUnconditionally 0 -> 0
2019-10-08 21:09:17,930 [EventQueue-StaleNodeForStaleNodeHandler] INFO  node.StaleNodeHandler (StaleNodeHandler.java:onMessage(58)) - Datanode d5a7e1c6-72c1-4128-a6c8-523374656d80{ip: 192.168.5.143, host: pr-hdds-1868-gtwz2-575081100, networkLocation: /default-rack, certSerialId: null} moved to stale state. Finalizing its pipelines [PipelineID=e6b7c99a-2439-4212-bd8f-f5b269e6970b, PipelineID=396482dc-2b64-4a52-9dd6-582513f3afb7]
2019-10-08 21:09:17,930 [EventQueue-StaleNodeForStaleNodeHandler] INFO  pipeline.SCMPipelineManager (SCMPipelineManager.java:finalizeAndDestroyPipeline(315)) - destroying pipeline:Pipeline[ Id: e6b7c99a-2439-4212-bd8f-f5b269e6970b, Nodes: ffafc24f-f0e1-409e-982f-1c42cdb29933{ip: 192.168.5.143, host: pr-hdds-1868-gtwz2-575081100, networkLocation: /default-rack, certSerialId: null}b11c6a09-df3d-44f0-9c56-88b487f5aeaa{ip: 192.168.5.143, host: pr-hdds-1868-gtwz2-575081100, networkLocation: /default-rack, certSerialId: null}d5a7e1c6-72c1-4128-a6c8-523374656d80{ip: 192.168.5.143, host: pr-hdds-1868-gtwz2-575081100, networkLocation: /default-rack, certSerialId: null}, Type:RATIS, Factor:THREE, State:OPEN]
2019-10-08 21:09:17,930 [EventQueue-StaleNodeForStaleNodeHandler] INFO  pipeline.PipelineStateManager (PipelineStateManager.java:finalizePipeline(123)) - Pipeline Pipeline[ Id: e6b7c99a-2439-4212-bd8f-f5b269e6970b, Nodes: ffafc24f-f0e1-409e-982f-1c42cdb29933{ip: 192.168.5.143, host: pr-hdds-1868-gtwz2-575081100, networkLocation: /default-rack, certSerialId: null}b11c6a09-df3d-44f0-9c56-88b487f5aeaa{ip: 192.168.5.143, host: pr-hdds-1868-gtwz2-575081100, networkLocation: /default-rack, certSerialId: null}d5a7e1c6-72c1-4128-a6c8-523374656d80{ip: 192.168.5.143, host: pr-hdds-1868-gtwz2-575081100, networkLocation: /default-rack, certSerialId: null}, Type:RATIS, Factor:THREE, State:CLOSED] moved to CLOSED state
2019-10-08 21:09:17,931 [EventQueue-StaleNodeForStaleNodeHandler] INFO  pipeline.SCMPipelineManager (SCMPipelineManager.java:finalizeAndDestroyPipeline(315)) - destroying pipeline:Pipeline[ Id: 396482dc-2b64-4a52-9dd6-582513f3afb7, Nodes: d5a7e1c6-72c1-4128-a6c8-523374656d80{ip: 192.168.5.143, host: pr-hdds-1868-gtwz2-575081100, networkLocation: /default-rack, certSerialId: null}, Type:RATIS, Factor:ONE, State:OPEN]
2019-10-08 21:09:17,931 [EventQueue-CloseContainerForCloseContainerEventHandler] INFO  container.CloseContainerEventHandler (CloseContainerEventHandler.java:onMessage(61)) - Close container Event triggered for container : #2
2019-10-08 21:09:17,931 [EventQueue-StaleNodeForStaleNodeHandler] INFO  pipeline.PipelineStateManager (PipelineStateManager.java:finalizePipeline(123)) - Pipeline Pipeline[ Id: 396482dc-2b64-4a52-9dd6-582513f3afb7, Nodes: d5a7e1c6-72c1-4128-a6c8-523374656d80{ip: 192.168.5.143, host: pr-hdds-1868-gtwz2-575081100, networkLocation: /default-rack, certSerialId: null}, Type:RATIS, Factor:ONE, State:CLOSED] moved to CLOSED state
2019-10-08 21:09:18,171 [main] INFO  ozoneimpl.OzoneContainer (OzoneContainer.java:stop(227)) - Attempting to stop container services.
2019-10-08 21:09:18,171 [ForkJoinPool.commonPool-worker-0] INFO  ozoneimpl.OzoneContainer (OzoneContainer.java:stop(227)) - Attempting to stop container services.
2019-10-08 21:09:18,173 [main] INFO  impl.RaftServerProxy (RaftServerProxy.java:lambda$close$4(314)) - d5a7e1c6-72c1-4128-a6c8-523374656d80: close
2019-10-08 21:09:18,173 [ForkJoinPool.commonPool-worker-0] INFO  impl.RaftServerProxy (RaftServerProxy.java:lambda$close$4(314)) - 6a70038f-f0b2-4d35-91e9-47692da92d1a: close
2019-10-08 21:09:18,174 [ForkJoinPool.commonPool-worker-0] INFO  impl.RaftServerImpl (RaftServerImpl.java:lambda$shutdown$3(247)) - 6a70038f-f0b2-4d35-91e9-47692da92d1a@group-896469FEBA97: shutdown
2019-10-08 21:09:18,174 [main] INFO  impl.RaftServerImpl (RaftServerImpl.java:lambda$shutdown$3(247)) - d5a7e1c6-72c1-4128-a6c8-523374656d80@group-F5B269E6970B: shutdown
2019-10-08 21:09:18,174 [ForkJoinPool.commonPool-worker-0] INFO  util.JmxRegister (JmxRegister.java:unregister(73)) - Successfully un-registered JMX Bean with object name Ratis:service=RaftServer,group=group-896469FEBA97,id=6a70038f-f0b2-4d35-91e9-47692da92d1a
2019-10-08 21:09:18,174 [main] INFO  util.JmxRegister (JmxRegister.java:unregister(73)) - Successfully un-registered JMX Bean with object name Ratis:service=RaftServer,group=group-F5B269E6970B,id=d5a7e1c6-72c1-4128-a6c8-523374656d80
2019-10-08 21:09:18,175 [ForkJoinPool.commonPool-worker-0] INFO  impl.RoleInfo (RoleInfo.java:shutdownLeaderState(104)) - 6a70038f-f0b2-4d35-91e9-47692da92d1a: shutdown LeaderState
2019-10-08 21:09:18,175 [main] INFO  impl.RoleInfo (RoleInfo.java:shutdownFollowerState(121)) - d5a7e1c6-72c1-4128-a6c8-523374656d80: shutdown FollowerState
2019-10-08 21:09:18,185 [org.apache.ratis.server.impl.LogAppender$AppenderDaemon$$Lambda$378/203622504@3dd2c5da] WARN  server.GrpcLogAppender (GrpcLogAppender.java:mayWait(143)) - 6a70038f-f0b2-4d35-91e9-47692da92d1a@group-896469FEBA97->d17645eb-f5d0-4e03-ba92-dd2963a93e84-GrpcLogAppender: Wait interrupted by java.lang.InterruptedException
2019-10-08 21:09:18,184 [org.apache.ratis.server.impl.LogAppender$AppenderDaemon$$Lambda$378/203622504@4155946f] WARN  server.GrpcLogAppender (GrpcLogAppender.java:mayWait(143)) - 6a70038f-f0b2-4d35-91e9-47692da92d1a@group-896469FEBA97->563427f3-50ed-4c45-a12e-b3f5127aec9c-GrpcLogAppender: Wait interrupted by java.lang.InterruptedException
2019-10-08 21:09:18,185 [d5a7e1c6-72c1-4128-a6c8-523374656d80@group-F5B269E6970B-StateMachineUpdater] INFO  ratis.ContainerStateMachine (ContainerStateMachine.java:takeSnapshot(296)) - group-F5B269E6970B: Taking a snapshot at:(t:2, i:13) file /workdir/hadoop-ozone/integration-test/target/test-dir/MiniOzoneClusterImpl-76b6f63f-e342-488e-8571-ba8c5b8db736/datanode-4/data/ratis/e6b7c99a-2439-4212-bd8f-f5b269e6970b/sm/snapshot.2_13
2019-10-08 21:09:18,184 [ForkJoinPool.commonPool-worker-0] INFO  impl.PendingRequests (PendingRequests.java:sendNotLeaderResponses(202)) - 6a70038f-f0b2-4d35-91e9-47692da92d1a@group-896469FEBA97-PendingRequests: sendNotLeaderResponses
2019-10-08 21:09:18,185 [main] INFO  impl.StateMachineUpdater (StateMachineUpdater.java:stopAndJoin(136)) - d5a7e1c6-72c1-4128-a6c8-523374656d80@group-F5B269E6970B-StateMachineUpdater: set stopIndex = 15
2019-10-08 21:09:18,185 [Thread-3428] INFO  impl.FollowerState (FollowerState.java:run(117)) - d5a7e1c6-72c1-4128-a6c8-523374656d80@group-F5B269E6970B-FollowerState was interrupted: java.lang.InterruptedException: sleep interrupted
2019-10-08 21:09:18,186 [grpc-default-executor-6] INFO  server.GrpcServerProtocolService (GrpcServerProtocolService.java:onCompleted(113)) - d17645eb-f5d0-4e03-ba92-dd2963a93e84: Completed APPEND_ENTRIES, lastRequest: 6a70038f-f0b2-4d35-91e9-47692da92d1a->d17645eb-f5d0-4e03-ba92-dd2963a93e84#4-t2, previous=(t:2, i:17), leaderCommit=17, initializing? false, entries: <empty>
2019-10-08 21:09:18,189 [ForkJoinPool.commonPool-worker-0] INFO  impl.StateMachineUpdater (StateMachineUpdater.java:stopAndJoin(136)) - 6a70038f-f0b2-4d35-91e9-47692da92d1a@group-896469FEBA97-StateMachineUpdater: set stopIndex = 17
2019-10-08 21:09:18,189 [6a70038f-f0b2-4d35-91e9-47692da92d1a@group-896469FEBA97-StateMachineUpdater] INFO  ratis.ContainerStateMachine (ContainerStateMachine.java:takeSnapshot(296)) - group-896469FEBA97: Taking a snapshot at:(t:1, i:13) file /workdir/hadoop-ozone/integration-test/target/test-dir/MiniOzoneClusterImpl-76b6f63f-e342-488e-8571-ba8c5b8db736/datanode-1/data/ratis/f5c62137-b8b2-4402-af6c-896469feba97/sm/snapshot.1_13
2019-10-08 21:09:18,190 [grpc-default-executor-1] INFO  server.GrpcLogAppender (GrpcLogAppender.java:onCompleted(293)) - 6a70038f-f0b2-4d35-91e9-47692da92d1a@group-896469FEBA97->d17645eb-f5d0-4e03-ba92-dd2963a93e84-AppendLogResponseHandler: follower responses appendEntries COMPLETED
2019-10-08 21:09:18,191 [grpc-default-executor-1] INFO  impl.FollowerInfo (FollowerInfo.java:lambda$new$0(51)) - 6a70038f-f0b2-4d35-91e9-47692da92d1a@group-896469FEBA97->d17645eb-f5d0-4e03-ba92-dd2963a93e84: nextIndex: updateUnconditionally 18 -> 17
2019-10-08 21:09:18,201 [d5a7e1c6-72c1-4128-a6c8-523374656d80@group-F5B269E6970B-StateMachineUpdater] INFO  ratis.ContainerStateMachine (ContainerStateMachine.java:takeSnapshot(307)) - group-F5B269E6970B: Finished taking a snapshot at:(t:2, i:13) file:/workdir/hadoop-ozone/integration-test/target/test-dir/MiniOzoneClusterImpl-76b6f63f-e342-488e-8571-ba8c5b8db736/datanode-4/data/ratis/e6b7c99a-2439-4212-bd8f-f5b269e6970b/sm/snapshot.2_13 time:15
2019-10-08 21:09:18,201 [6a70038f-f0b2-4d35-91e9-47692da92d1a@group-896469FEBA97-StateMachineUpdater] INFO  ratis.ContainerStateMachine (ContainerStateMachine.java:takeSnapshot(307)) - group-896469FEBA97: Finished taking a snapshot at:(t:1, i:13) file:/workdir/hadoop-ozone/integration-test/target/test-dir/MiniOzoneClusterImpl-76b6f63f-e342-488e-8571-ba8c5b8db736/datanode-1/data/ratis/f5c62137-b8b2-4402-af6c-896469feba97/sm/snapshot.1_13 time:11
2019-10-08 21:09:18,201 [6a70038f-f0b2-4d35-91e9-47692da92d1a@group-896469FEBA97-StateMachineUpdater] INFO  impl.StateMachineUpdater (StateMachineUpdater.java:takeSnapshot(269)) - 6a70038f-f0b2-4d35-91e9-47692da92d1a@group-896469FEBA97-StateMachineUpdater: Took a snapshot at index 13
2019-10-08 21:09:18,201 [d5a7e1c6-72c1-4128-a6c8-523374656d80@group-F5B269E6970B-StateMachineUpdater] INFO  impl.StateMachineUpdater (StateMachineUpdater.java:takeSnapshot(269)) - d5a7e1c6-72c1-4128-a6c8-523374656d80@group-F5B269E6970B-StateMachineUpdater: Took a snapshot at index 13
2019-10-08 21:09:18,201 [6a70038f-f0b2-4d35-91e9-47692da92d1a@group-896469FEBA97-StateMachineUpdater] INFO  impl.StateMachineUpdater (StateMachineUpdater.java:lambda$new$0(84)) - 6a70038f-f0b2-4d35-91e9-47692da92d1a@group-896469FEBA97-StateMachineUpdater: snapshotIndex: updateIncreasingly -1 -> 13
2019-10-08 21:09:18,201 [d5a7e1c6-72c1-4128-a6c8-523374656d80@group-F5B269E6970B-StateMachineUpdater] INFO  impl.StateMachineUpdater (StateMachineUpdater.java:lambda$new$0(84)) - d5a7e1c6-72c1-4128-a6c8-523374656d80@group-F5B269E6970B-StateMachineUpdater: snapshotIndex: updateIncreasingly -1 -> 13
2019-10-08 21:09:18,202 [d5a7e1c6-72c1-4128-a6c8-523374656d80@group-F5B269E6970B-StateMachineUpdater] INFO  ratis.ContainerStateMachine (ContainerStateMachine.java:takeSnapshot(296)) - group-F5B269E6970B: Taking a snapshot at:(t:2, i:13) file /workdir/hadoop-ozone/integration-test/target/test-dir/MiniOzoneClusterImpl-76b6f63f-e342-488e-8571-ba8c5b8db736/datanode-4/data/ratis/e6b7c99a-2439-4212-bd8f-f5b269e6970b/sm/snapshot.2_13
2019-10-08 21:09:18,202 [6a70038f-f0b2-4d35-91e9-47692da92d1a@group-896469FEBA97-StateMachineUpdater] INFO  ratis.ContainerStateMachine (ContainerStateMachine.java:takeSnapshot(296)) - group-896469FEBA97: Taking a snapshot at:(t:1, i:13) file /workdir/hadoop-ozone/integration-test/target/test-dir/MiniOzoneClusterImpl-76b6f63f-e342-488e-8571-ba8c5b8db736/datanode-1/data/ratis/f5c62137-b8b2-4402-af6c-896469feba97/sm/snapshot.1_13
2019-10-08 21:09:18,215 [6a70038f-f0b2-4d35-91e9-47692da92d1a@group-896469FEBA97-StateMachineUpdater] INFO  ratis.ContainerStateMachine (ContainerStateMachine.java:takeSnapshot(307)) - group-896469FEBA97: Finished taking a snapshot at:(t:1, i:13) file:/workdir/hadoop-ozone/integration-test/target/test-dir/MiniOzoneClusterImpl-76b6f63f-e342-488e-8571-ba8c5b8db736/datanode-1/data/ratis/f5c62137-b8b2-4402-af6c-896469feba97/sm/snapshot.1_13 time:14
2019-10-08 21:09:18,215 [d5a7e1c6-72c1-4128-a6c8-523374656d80@group-F5B269E6970B-StateMachineUpdater] INFO  ratis.ContainerStateMachine (ContainerStateMachine.java:takeSnapshot(307)) - group-F5B269E6970B: Finished taking a snapshot at:(t:2, i:13) file:/workdir/hadoop-ozone/integration-test/target/test-dir/MiniOzoneClusterImpl-76b6f63f-e342-488e-8571-ba8c5b8db736/datanode-4/data/ratis/e6b7c99a-2439-4212-bd8f-f5b269e6970b/sm/snapshot.2_13 time:14
2019-10-08 21:09:18,215 [6a70038f-f0b2-4d35-91e9-47692da92d1a@group-896469FEBA97-StateMachineUpdater] INFO  impl.StateMachineUpdater (StateMachineUpdater.java:takeSnapshot(269)) - 6a70038f-f0b2-4d35-91e9-47692da92d1a@group-896469FEBA97-StateMachineUpdater: Took a snapshot at index 13
2019-10-08 21:09:18,215 [d5a7e1c6-72c1-4128-a6c8-523374656d80@group-F5B269E6970B-StateMachineUpdater] INFO  impl.StateMachineUpdater (StateMachineUpdater.java:takeSnapshot(269)) - d5a7e1c6-72c1-4128-a6c8-523374656d80@group-F5B269E6970B-StateMachineUpdater: Took a snapshot at index 13
2019-10-08 21:09:18,215 [6a70038f-f0b2-4d35-91e9-47692da92d1a@group-896469FEBA97-StateMachineUpdater] INFO  impl.StateMachineUpdater (StateMachineUpdater.java:lambda$new$0(84)) - 6a70038f-f0b2-4d35-91e9-47692da92d1a@group-896469FEBA97-StateMachineUpdater: snapshotIndex: updateIncreasingly 13 -> 13
2019-10-08 21:09:18,215 [d5a7e1c6-72c1-4128-a6c8-523374656d80@group-F5B269E6970B-StateMachineUpdater] INFO  impl.StateMachineUpdater (StateMachineUpdater.java:lambda$new$0(84)) - d5a7e1c6-72c1-4128-a6c8-523374656d80@group-F5B269E6970B-StateMachineUpdater: snapshotIndex: updateIncreasingly 13 -> 13
2019-10-08 21:09:18,216 [ForkJoinPool.commonPool-worker-0] INFO  impl.RaftServerImpl (ServerState.java:close(387)) - 6a70038f-f0b2-4d35-91e9-47692da92d1a@group-896469FEBA97: closes. applyIndex: 17
2019-10-08 21:09:18,216 [main] INFO  impl.RaftServerImpl (ServerState.java:close(387)) - d5a7e1c6-72c1-4128-a6c8-523374656d80@group-F5B269E6970B: closes. applyIndex: 15
2019-10-08 21:09:18,216 [6a70038f-f0b2-4d35-91e9-47692da92d1a@group-896469FEBA97-SegmentedRaftLogWorker] INFO  segmented.SegmentedRaftLogWorker (SegmentedRaftLogWorker.java:run(316)) - 6a70038f-f0b2-4d35-91e9-47692da92d1a@group-896469FEBA97-SegmentedRaftLogWorker was interrupted, exiting. There are 0 tasks remaining in the queue.
2019-10-08 21:09:18,216 [d5a7e1c6-72c1-4128-a6c8-523374656d80@group-F5B269E6970B-SegmentedRaftLogWorker] INFO  segmented.SegmentedRaftLogWorker (SegmentedRaftLogWorker.java:run(316)) - d5a7e1c6-72c1-4128-a6c8-523374656d80@group-F5B269E6970B-SegmentedRaftLogWorker was interrupted, exiting. There are 0 tasks remaining in the queue.
2019-10-08 21:09:18,222 [ForkJoinPool.commonPool-worker-0] INFO  segmented.SegmentedRaftLogWorker (SegmentedRaftLogWorker.java:close(224)) - 6a70038f-f0b2-4d35-91e9-47692da92d1a@group-896469FEBA97-SegmentedRaftLogWorker close()
2019-10-08 21:09:18,222 [main] INFO  segmented.SegmentedRaftLogWorker (SegmentedRaftLogWorker.java:close(224)) - d5a7e1c6-72c1-4128-a6c8-523374656d80@group-F5B269E6970B-SegmentedRaftLogWorker close()
2019-10-08 21:09:18,228 [main] INFO  impl.RaftServerImpl (RaftServerImpl.java:lambda$shutdown$3(247)) - d5a7e1c6-72c1-4128-a6c8-523374656d80@group-582513F3AFB7: shutdown
2019-10-08 21:09:18,229 [ForkJoinPool.commonPool-worker-0] INFO  impl.RaftServerImpl (RaftServerImpl.java:lambda$shutdown$3(247)) - 6a70038f-f0b2-4d35-91e9-47692da92d1a@group-3878507C373E: shutdown
2019-10-08 21:09:18,229 [main] INFO  util.JmxRegister (JmxRegister.java:unregister(73)) - Successfully un-registered JMX Bean with object name Ratis:service=RaftServer,group=group-582513F3AFB7,id=d5a7e1c6-72c1-4128-a6c8-523374656d80
2019-10-08 21:09:18,229 [ForkJoinPool.commonPool-worker-0] INFO  util.JmxRegister (JmxRegister.java:unregister(73)) - Successfully un-registered JMX Bean with object name Ratis:service=RaftServer,group=group-3878507C373E,id=6a70038f-f0b2-4d35-91e9-47692da92d1a
2019-10-08 21:09:18,229 [main] INFO  impl.RoleInfo (RoleInfo.java:shutdownLeaderState(104)) - d5a7e1c6-72c1-4128-a6c8-523374656d80: shutdown LeaderState
2019-10-08 21:09:18,230 [ForkJoinPool.commonPool-worker-0] INFO  impl.RoleInfo (RoleInfo.java:shutdownLeaderState(104)) - 6a70038f-f0b2-4d35-91e9-47692da92d1a: shutdown LeaderState
2019-10-08 21:09:18,230 [main] INFO  impl.PendingRequests (PendingRequests.java:sendNotLeaderResponses(202)) - d5a7e1c6-72c1-4128-a6c8-523374656d80@group-582513F3AFB7-PendingRequests: sendNotLeaderResponses
2019-10-08 21:09:18,230 [ForkJoinPool.commonPool-worker-0] INFO  impl.PendingRequests (PendingRequests.java:sendNotLeaderResponses(202)) - 6a70038f-f0b2-4d35-91e9-47692da92d1a@group-3878507C373E-PendingRequests: sendNotLeaderResponses
2019-10-08 21:09:18,231 [main] INFO  impl.StateMachineUpdater (StateMachineUpdater.java:stopAndJoin(136)) - d5a7e1c6-72c1-4128-a6c8-523374656d80@group-582513F3AFB7-StateMachineUpdater: set stopIndex = 0
2019-10-08 21:09:18,231 [ForkJoinPool.commonPool-worker-0] INFO  impl.StateMachineUpdater (StateMachineUpdater.java:stopAndJoin(136)) - 6a70038f-f0b2-4d35-91e9-47692da92d1a@group-3878507C373E-StateMachineUpdater: set stopIndex = 0
2019-10-08 21:09:18,231 [main] INFO  impl.RaftServerImpl (ServerState.java:close(387)) - d5a7e1c6-72c1-4128-a6c8-523374656d80@group-582513F3AFB7: closes. applyIndex: 0
2019-10-08 21:09:18,231 [ForkJoinPool.commonPool-worker-0] INFO  impl.RaftServerImpl (ServerState.java:close(387)) - 6a70038f-f0b2-4d35-91e9-47692da92d1a@group-3878507C373E: closes. applyIndex: 0
2019-10-08 21:09:18,232 [d5a7e1c6-72c1-4128-a6c8-523374656d80@group-582513F3AFB7-SegmentedRaftLogWorker] INFO  segmented.SegmentedRaftLogWorker (SegmentedRaftLogWorker.java:run(316)) - d5a7e1c6-72c1-4128-a6c8-523374656d80@group-582513F3AFB7-SegmentedRaftLogWorker was interrupted, exiting. There are 0 tasks remaining in the queue.
2019-10-08 21:09:18,232 [6a70038f-f0b2-4d35-91e9-47692da92d1a@group-3878507C373E-SegmentedRaftLogWorker] INFO  segmented.SegmentedRaftLogWorker (SegmentedRaftLogWorker.java:run(316)) - 6a70038f-f0b2-4d35-91e9-47692da92d1a@group-3878507C373E-SegmentedRaftLogWorker was interrupted, exiting. There are 0 tasks remaining in the queue.
2019-10-08 21:09:18,234 [main] INFO  segmented.SegmentedRaftLogWorker (SegmentedRaftLogWorker.java:close(224)) - d5a7e1c6-72c1-4128-a6c8-523374656d80@group-582513F3AFB7-SegmentedRaftLogWorker close()
2019-10-08 21:09:18,237 [ForkJoinPool.commonPool-worker-0] INFO  segmented.SegmentedRaftLogWorker (SegmentedRaftLogWorker.java:close(224)) - 6a70038f-f0b2-4d35-91e9-47692da92d1a@group-3878507C373E-SegmentedRaftLogWorker close()
2019-10-08 21:09:18,242 [main] INFO  server.GrpcService (GrpcService.java:closeImpl(164)) - d5a7e1c6-72c1-4128-a6c8-523374656d80: shutdown server with port 46801 now
2019-10-08 21:09:18,261 [ForkJoinPool.commonPool-worker-0] INFO  server.GrpcService (GrpcService.java:closeImpl(164)) - 6a70038f-f0b2-4d35-91e9-47692da92d1a: shutdown server with port 35516 now
2019-10-08 21:09:18,262 [ForkJoinPool.commonPool-worker-0] INFO  server.GrpcService (GrpcService.java:closeImpl(172)) - 6a70038f-f0b2-4d35-91e9-47692da92d1a: shutdown server with port 35516 successfully
2019-10-08 21:09:18,262 [grpc-default-executor-6] WARN  server.GrpcServerProtocolService (LogUtils.java:warn(134)) - d5a7e1c6-72c1-4128-a6c8-523374656d80: installSnapshot onError, lastRequest: b11c6a09-df3d-44f0-9c56-88b487f5aeaa->d5a7e1c6-72c1-4128-a6c8-523374656d80#22-t2, previous=(t:2, i:15), leaderCommit=15, initializing? false, entries: <empty>: org.apache.ratis.thirdparty.io.grpc.StatusRuntimeException: CANCELLED: cancelled before receiving half close
2019-10-08 21:09:18,262 [grpc-default-executor-7] WARN  server.GrpcLogAppender (LogUtils.java:warn(134)) - b11c6a09-df3d-44f0-9c56-88b487f5aeaa@group-F5B269E6970B->d5a7e1c6-72c1-4128-a6c8-523374656d80-AppendLogResponseHandler: Failed appendEntries: org.apache.ratis.thirdparty.io.grpc.StatusRuntimeException: CANCELLED: HTTP/2 error code: CANCEL
Received Rst Stream
2019-10-08 21:09:18,263 [grpc-default-executor-7] INFO  impl.FollowerInfo (FollowerInfo.java:lambda$new$0(51)) - b11c6a09-df3d-44f0-9c56-88b487f5aeaa@group-F5B269E6970B->d5a7e1c6-72c1-4128-a6c8-523374656d80: nextIndex: updateUnconditionally 16 -> 15
2019-10-08 21:09:18,263 [main] INFO  server.GrpcService (GrpcService.java:closeImpl(172)) - d5a7e1c6-72c1-4128-a6c8-523374656d80: shutdown server with port 46801 successfully
2019-10-08 21:09:18,268 [refreshUsed-/workdir/hadoop-ozone/integration-test/target/test-dir/MiniOzoneClusterImpl-76b6f63f-e342-488e-8571-ba8c5b8db736/datanode-1/data/containers] WARN  fs.CachingGetSpaceUsed (CachingGetSpaceUsed.java:run(183)) - Thread Interrupted waiting to refresh disk information: sleep interrupted
2019-10-08 21:09:18,268 [refreshUsed-/workdir/hadoop-ozone/integration-test/target/test-dir/MiniOzoneClusterImpl-76b6f63f-e342-488e-8571-ba8c5b8db736/datanode-4/data/containers] WARN  fs.CachingGetSpaceUsed (CachingGetSpaceUsed.java:run(183)) - Thread Interrupted waiting to refresh disk information: sleep interrupted
2019-10-08 21:09:18,284 [ForkJoinPool.commonPool-worker-0] INFO  utils.BackgroundService (BackgroundService.java:shutdown(151)) - Shutting down service BlockDeletingService
2019-10-08 21:09:18,291 [ForkJoinPool.commonPool-worker-0] INFO  statemachine.DatanodeStateMachine (DatanodeStateMachine.java:stopDaemon(395)) - Ozone container server stopped.
2019-10-08 21:09:18,299 [ForkJoinPool.commonPool-worker-0] INFO  handler.ContextHandler (ContextHandler.java:doStop(910)) - Stopped o.e.j.w.WebAppContext@6b42e36d{/,null,UNAVAILABLE}{/hddsDatanode}
2019-10-08 21:09:18,300 [ForkJoinPool.commonPool-worker-0] INFO  server.AbstractConnector (AbstractConnector.java:doStop(318)) - Stopped ServerConnector@13192275{HTTP/1.1,[http/1.1]}{0.0.0.0:0}
2019-10-08 21:09:18,303 [ForkJoinPool.commonPool-worker-0] INFO  handler.ContextHandler (ContextHandler.java:doStop(910)) - Stopped o.e.j.s.ServletContextHandler@336f49a1{/static,jar:file:/home/user/.m2/repository/org/apache/hadoop/hadoop-hdds-container-service/0.5.0-SNAPSHOT/hadoop-hdds-container-service-0.5.0-SNAPSHOT.jar!/webapps/static,UNAVAILABLE}
2019-10-08 21:09:18,306 [ForkJoinPool.commonPool-worker-0] INFO  handler.ContextHandler (ContextHandler.java:doStop(910)) - Stopped o.e.j.s.ServletContextHandler@340afaf8{/logs,file:///workdir/hadoop-ozone/integration-test/target/log,UNAVAILABLE}
2019-10-08 21:09:18,308 [main] INFO  utils.BackgroundService (BackgroundService.java:shutdown(151)) - Shutting down service BlockDeletingService
2019-10-08 21:09:18,316 [main] INFO  statemachine.DatanodeStateMachine (DatanodeStateMachine.java:stopDaemon(395)) - Ozone container server stopped.
2019-10-08 21:09:18,317 [main] INFO  handler.ContextHandler (ContextHandler.java:doStop(910)) - Stopped o.e.j.w.WebAppContext@4d81e83a{/,null,UNAVAILABLE}{/hddsDatanode}
2019-10-08 21:09:18,317 [main] INFO  server.AbstractConnector (AbstractConnector.java:doStop(318)) - Stopped ServerConnector@53a301f3{HTTP/1.1,[http/1.1]}{0.0.0.0:0}
2019-10-08 21:09:18,318 [main] INFO  handler.ContextHandler (ContextHandler.java:doStop(910)) - Stopped o.e.j.s.ServletContextHandler@72af90e8{/static,jar:file:/home/user/.m2/repository/org/apache/hadoop/hadoop-hdds-container-service/0.5.0-SNAPSHOT/hadoop-hdds-container-service-0.5.0-SNAPSHOT.jar!/webapps/static,UNAVAILABLE}
2019-10-08 21:09:18,318 [main] INFO  handler.ContextHandler (ContextHandler.java:doStop(910)) - Stopped o.e.j.s.ServletContextHandler@76e4212{/logs,file:///workdir/hadoop-ozone/integration-test/target/log,UNAVAILABLE}
2019-10-08 21:09:18,476 [Datanode State Machine Thread - 0] INFO  statemachine.DatanodeStateMachine (DatanodeStateMachine.java:lambda$startDaemon$0(350)) - Ozone container server started.
2019-10-08 21:09:19,109 [Datanode State Machine Thread - 0] INFO  statemachine.DatanodeStateMachine (DatanodeStateMachine.java:lambda$startDaemon$0(350)) - Ozone container server started.
2019-10-08 21:09:19,945 [grpc-default-executor-9] WARN  server.GrpcLogAppender (LogUtils.java:warn(134)) - b11c6a09-df3d-44f0-9c56-88b487f5aeaa@group-F5B269E6970B->d5a7e1c6-72c1-4128-a6c8-523374656d80-AppendLogResponseHandler: Failed appendEntries: org.apache.ratis.thirdparty.io.grpc.StatusRuntimeException: UNAVAILABLE: io exception
2019-10-08 21:09:19,945 [grpc-default-executor-9] INFO  impl.FollowerInfo (FollowerInfo.java:lambda$new$0(51)) - b11c6a09-df3d-44f0-9c56-88b487f5aeaa@group-F5B269E6970B->d5a7e1c6-72c1-4128-a6c8-523374656d80: nextIndex: updateUnconditionally 16 -> 15
2019-10-08 21:09:19,957 [grpc-default-executor-6] WARN  server.GrpcLogAppender (LogUtils.java:warn(134)) - b11c6a09-df3d-44f0-9c56-88b487f5aeaa@group-F5B269E6970B->d5a7e1c6-72c1-4128-a6c8-523374656d80-AppendLogResponseHandler: Failed appendEntries: org.apache.ratis.thirdparty.io.grpc.StatusRuntimeException: UNAVAILABLE: io exception
2019-10-08 21:09:19,957 [grpc-default-executor-6] INFO  impl.FollowerInfo (FollowerInfo.java:lambda$new$0(51)) - b11c6a09-df3d-44f0-9c56-88b487f5aeaa@group-F5B269E6970B->d5a7e1c6-72c1-4128-a6c8-523374656d80: nextIndex: updateUnconditionally 16 -> 15
2019-10-08 21:09:19,969 [grpc-default-executor-9] WARN  server.GrpcLogAppender (LogUtils.java:warn(134)) - b11c6a09-df3d-44f0-9c56-88b487f5aeaa@group-F5B269E6970B->d5a7e1c6-72c1-4128-a6c8-523374656d80-AppendLogResponseHandler: Failed appendEntries: org.apache.ratis.thirdparty.io.grpc.StatusRuntimeException: UNAVAILABLE: io exception
2019-10-08 21:09:19,969 [grpc-default-executor-9] INFO  impl.FollowerInfo (FollowerInfo.java:lambda$new$0(51)) - b11c6a09-df3d-44f0-9c56-88b487f5aeaa@group-F5B269E6970B->d5a7e1c6-72c1-4128-a6c8-523374656d80: nextIndex: updateUnconditionally 16 -> 15
2019-10-08 21:09:19,970 [RatisApplyTransactionExecutor 2] INFO  interfaces.Container (KeyValueContainer.java:flushAndSyncDB(386)) - Container 2 is synced with bcsId 13.
2019-10-08 21:09:19,970 [RatisApplyTransactionExecutor 2] INFO  interfaces.Container (KeyValueContainer.java:flushAndSyncDB(386)) - Container 2 is synced with bcsId 13.
2019-10-08 21:09:19,970 [RatisApplyTransactionExecutor 2] INFO  interfaces.Container (KeyValueContainer.java:flushAndSyncDB(386)) - Container 2 is synced with bcsId 13.
2019-10-08 21:09:19,971 [RatisApplyTransactionExecutor 2] INFO  interfaces.Container (KeyValueContainer.java:flushAndSyncDB(386)) - Container 2 is synced with bcsId 13.
2019-10-08 21:09:19,985 [RatisApplyTransactionExecutor 2] INFO  interfaces.Container (KeyValueContainer.java:close(335)) - Container 2 is closed with bcsId 13.
2019-10-08 21:09:19,985 [RatisApplyTransactionExecutor 2] INFO  interfaces.Container (KeyValueContainer.java:close(335)) - Container 2 is closed with bcsId 13.
2019-10-08 21:09:19,986 [EventQueue-IncrementalContainerReportForIncrementalContainerReportHandler] INFO  container.IncrementalContainerReportHandler (AbstractContainerReportHandler.java:updateContainerState(178)) - Moving container #2 to CLOSED state, datanode b11c6a09-df3d-44f0-9c56-88b487f5aeaa{ip: 192.168.5.143, host: pr-hdds-1868-gtwz2-575081100, networkLocation: /default-rack, certSerialId: null} reported CLOSED replica.
2019-10-08 21:09:22,474 [grpc-default-executor-9] WARN  server.GrpcLogAppender (LogUtils.java:warn(134)) - b11c6a09-df3d-44f0-9c56-88b487f5aeaa@group-F5B269E6970B->d5a7e1c6-72c1-4128-a6c8-523374656d80-AppendLogResponseHandler: Failed appendEntries: org.apache.ratis.thirdparty.io.grpc.StatusRuntimeException: UNAVAILABLE: io exception
2019-10-08 21:09:22,475 [grpc-default-executor-9] INFO  impl.FollowerInfo (FollowerInfo.java:lambda$new$0(51)) - b11c6a09-df3d-44f0-9c56-88b487f5aeaa@group-F5B269E6970B->d5a7e1c6-72c1-4128-a6c8-523374656d80: nextIndex: updateUnconditionally 15 -> 14
2019-10-08 21:09:22,537 [EventQueue-StaleNodeForStaleNodeHandler] INFO  node.StaleNodeHandler (StaleNodeHandler.java:onMessage(58)) - Datanode d17645eb-f5d0-4e03-ba92-dd2963a93e84{ip: 192.168.5.143, host: pr-hdds-1868-gtwz2-575081100, networkLocation: /default-rack, certSerialId: null} moved to stale state. Finalizing its pipelines [PipelineID=f5c62137-b8b2-4402-af6c-896469feba97, PipelineID=fb28546f-fce5-42fb-a07f-bf9b8c3c8fdf]
2019-10-08 21:09:22,537 [EventQueue-StaleNodeForStaleNodeHandler] INFO  pipeline.SCMPipelineManager (SCMPipelineManager.java:finalizeAndDestroyPipeline(315)) - destroying pipeline:Pipeline[ Id: f5c62137-b8b2-4402-af6c-896469feba97, Nodes: 563427f3-50ed-4c45-a12e-b3f5127aec9c{ip: 192.168.5.143, host: pr-hdds-1868-gtwz2-575081100, networkLocation: /default-rack, certSerialId: null}d17645eb-f5d0-4e03-ba92-dd2963a93e84{ip: 192.168.5.143, host: pr-hdds-1868-gtwz2-575081100, networkLocation: /default-rack, certSerialId: null}6a70038f-f0b2-4d35-91e9-47692da92d1a{ip: 192.168.5.143, host: pr-hdds-1868-gtwz2-575081100, networkLocation: /default-rack, certSerialId: null}, Type:RATIS, Factor:THREE, State:CLOSED]
2019-10-08 21:09:22,538 [EventQueue-StaleNodeForStaleNodeHandler] INFO  pipeline.SCMPipelineManager (SCMPipelineManager.java:finalizeAndDestroyPipeline(315)) - destroying pipeline:Pipeline[ Id: fb28546f-fce5-42fb-a07f-bf9b8c3c8fdf, Nodes: d17645eb-f5d0-4e03-ba92-dd2963a93e84{ip: 192.168.5.143, host: pr-hdds-1868-gtwz2-575081100, networkLocation: /default-rack, certSerialId: null}, Type:RATIS, Factor:ONE, State:OPEN]
2019-10-08 21:09:22,538 [EventQueue-StaleNodeForStaleNodeHandler] INFO  pipeline.PipelineStateManager (PipelineStateManager.java:finalizePipeline(123)) - Pipeline Pipeline[ Id: fb28546f-fce5-42fb-a07f-bf9b8c3c8fdf, Nodes: d17645eb-f5d0-4e03-ba92-dd2963a93e84{ip: 192.168.5.143, host: pr-hdds-1868-gtwz2-575081100, networkLocation: /default-rack, certSerialId: null}, Type:RATIS, Factor:ONE, State:CLOSED] moved to CLOSED state
2019-10-08 21:09:22,638 [Thread-3480] INFO  impl.FollowerState (FollowerState.java:run(108)) - d17645eb-f5d0-4e03-ba92-dd2963a93e84@group-896469FEBA97-FollowerState: change to CANDIDATE, lastRpcTime:5106ms, electionTimeout:5024ms
2019-10-08 21:09:22,638 [Thread-3480] INFO  impl.RoleInfo (RoleInfo.java:shutdownFollowerState(121)) - d17645eb-f5d0-4e03-ba92-dd2963a93e84: shutdown FollowerState
2019-10-08 21:09:22,638 [Thread-3480] INFO  impl.RaftServerImpl (RaftServerImpl.java:setRole(170)) - d17645eb-f5d0-4e03-ba92-dd2963a93e84@group-896469FEBA97: changes role from  FOLLOWER to CANDIDATE at term 2 for changeToCandidate
2019-10-08 21:09:22,638 [Thread-3480] INFO  impl.RoleInfo (RoleInfo.java:updateAndGet(143)) - d17645eb-f5d0-4e03-ba92-dd2963a93e84: start LeaderElection
2019-10-08 21:09:22,646 [d17645eb-f5d0-4e03-ba92-dd2963a93e84@group-896469FEBA97-LeaderElection76] INFO  impl.RaftServerImpl (ServerState.java:setLeader(255)) - d17645eb-f5d0-4e03-ba92-dd2963a93e84@group-896469FEBA97: change Leader from 6a70038f-f0b2-4d35-91e9-47692da92d1a to null at term 2 for initElection
2019-10-08 21:09:22,660 [d17645eb-f5d0-4e03-ba92-dd2963a93e84@group-896469FEBA97-LeaderElection76] INFO  impl.LeaderElection (LeaderElection.java:askForVotes(178)) - d17645eb-f5d0-4e03-ba92-dd2963a93e84@group-896469FEBA97-LeaderElection76: begin an election at term 3 for 16: [d17645eb-f5d0-4e03-ba92-dd2963a93e84:192.168.5.143:34967, 563427f3-50ed-4c45-a12e-b3f5127aec9c:192.168.5.143:32835, 6a70038f-f0b2-4d35-91e9-47692da92d1a:192.168.5.143:35516], old=null
2019-10-08 21:09:22,662 [d17645eb-f5d0-4e03-ba92-dd2963a93e84@group-896469FEBA97-LeaderElection76] INFO  impl.LeaderElection (LogUtils.java:infoOrTrace(149)) - d17645eb-f5d0-4e03-ba92-dd2963a93e84@group-896469FEBA97-LeaderElection76 got exception when requesting votes: {}
java.util.concurrent.ExecutionException: org.apache.ratis.thirdparty.io.grpc.StatusRuntimeException: UNAVAILABLE: io exception
	at java.util.concurrent.FutureTask.report(FutureTask.java:122)
	at java.util.concurrent.FutureTask.get(FutureTask.java:192)
	at org.apache.ratis.server.impl.LeaderElection.waitForResults(LeaderElection.java:259)
	at org.apache.ratis.server.impl.LeaderElection.askForVotes(LeaderElection.java:197)
	at org.apache.ratis.server.impl.LeaderElection.run(LeaderElection.java:133)
	at java.lang.Thread.run(Thread.java:748)
Caused by: org.apache.ratis.thirdparty.io.grpc.StatusRuntimeException: UNAVAILABLE: io exception
	at org.apache.ratis.thirdparty.io.grpc.stub.ClientCalls.toStatusRuntimeException(ClientCalls.java:233)
	at org.apache.ratis.thirdparty.io.grpc.stub.ClientCalls.getUnchecked(ClientCalls.java:214)
	at org.apache.ratis.thirdparty.io.grpc.stub.ClientCalls.blockingUnaryCall(ClientCalls.java:139)
	at org.apache.ratis.proto.grpc.RaftServerProtocolServiceGrpc$RaftServerProtocolServiceBlockingStub.requestVote(RaftServerProtocolServiceGrpc.java:265)
	at org.apache.ratis.grpc.server.GrpcServerProtocolClient.requestVote(GrpcServerProtocolClient.java:99)
	at org.apache.ratis.grpc.server.GrpcService.requestVote(GrpcService.java:204)
	at org.apache.ratis.server.impl.LeaderElection.lambda$submitRequests$1(LeaderElection.java:234)
	at java.util.concurrent.FutureTask.run(FutureTask.java:266)
	at java.util.concurrent.Executors$RunnableAdapter.call(Executors.java:511)
	at java.util.concurrent.FutureTask.run(FutureTask.java:266)
	at java.util.concurrent.ThreadPoolExecutor.runWorker(ThreadPoolExecutor.java:1149)
	at java.util.concurrent.ThreadPoolExecutor$Worker.run(ThreadPoolExecutor.java:624)
	... 1 more
Caused by: org.apache.ratis.thirdparty.io.netty.channel.AbstractChannel$AnnotatedConnectException: Connection refused: /192.168.5.143:32835
	at sun.nio.ch.SocketChannelImpl.checkConnect(Native Method)
	at sun.nio.ch.SocketChannelImpl.finishConnect(SocketChannelImpl.java:717)
	at org.apache.ratis.thirdparty.io.netty.channel.socket.nio.NioSocketChannel.doFinishConnect(NioSocketChannel.java:327)
	at org.apache.ratis.thirdparty.io.netty.channel.nio.AbstractNioChannel$AbstractNioUnsafe.finishConnect(AbstractNioChannel.java:340)
	at org.apache.ratis.thirdparty.io.netty.channel.nio.NioEventLoop.processSelectedKey(NioEventLoop.java:632)
	at org.apache.ratis.thirdparty.io.netty.channel.nio.NioEventLoop.processSelectedKeysOptimized(NioEventLoop.java:579)
	at org.apache.ratis.thirdparty.io.netty.channel.nio.NioEventLoop.processSelectedKeys(NioEventLoop.java:496)
	at org.apache.ratis.thirdparty.io.netty.channel.nio.NioEventLoop.run(NioEventLoop.java:458)
	at org.apache.ratis.thirdparty.io.netty.util.concurrent.SingleThreadEventExecutor$5.run(SingleThreadEventExecutor.java:897)
	at org.apache.ratis.thirdparty.io.netty.util.concurrent.FastThreadLocalRunnable.run(FastThreadLocalRunnable.java:30)
	... 1 more
Caused by: java.net.ConnectException: Connection refused
	... 11 more
2019-10-08 21:09:22,666 [d17645eb-f5d0-4e03-ba92-dd2963a93e84@group-896469FEBA97-LeaderElection76] INFO  impl.LeaderElection (LogUtils.java:infoOrTrace(149)) - d17645eb-f5d0-4e03-ba92-dd2963a93e84@group-896469FEBA97-LeaderElection76 got exception when requesting votes: {}
java.util.concurrent.ExecutionException: org.apache.ratis.thirdparty.io.grpc.StatusRuntimeException: UNAVAILABLE: io exception
	at java.util.concurrent.FutureTask.report(FutureTask.java:122)
	at java.util.concurrent.FutureTask.get(FutureTask.java:192)
	at org.apache.ratis.server.impl.LeaderElection.waitForResults(LeaderElection.java:259)
	at org.apache.ratis.server.impl.LeaderElection.askForVotes(LeaderElection.java:197)
	at org.apache.ratis.server.impl.LeaderElection.run(LeaderElection.java:133)
	at java.lang.Thread.run(Thread.java:748)
Caused by: org.apache.ratis.thirdparty.io.grpc.StatusRuntimeException: UNAVAILABLE: io exception
	at org.apache.ratis.thirdparty.io.grpc.stub.ClientCalls.toStatusRuntimeException(ClientCalls.java:233)
	at org.apache.ratis.thirdparty.io.grpc.stub.ClientCalls.getUnchecked(ClientCalls.java:214)
	at org.apache.ratis.thirdparty.io.grpc.stub.ClientCalls.blockingUnaryCall(ClientCalls.java:139)
	at org.apache.ratis.proto.grpc.RaftServerProtocolServiceGrpc$RaftServerProtocolServiceBlockingStub.requestVote(RaftServerProtocolServiceGrpc.java:265)
	at org.apache.ratis.grpc.server.GrpcServerProtocolClient.requestVote(GrpcServerProtocolClient.java:99)
	at org.apache.ratis.grpc.server.GrpcService.requestVote(GrpcService.java:204)
	at org.apache.ratis.server.impl.LeaderElection.lambda$submitRequests$1(LeaderElection.java:234)
	at java.util.concurrent.FutureTask.run(FutureTask.java:266)
	at java.util.concurrent.Executors$RunnableAdapter.call(Executors.java:511)
	at java.util.concurrent.FutureTask.run(FutureTask.java:266)
	at java.util.concurrent.ThreadPoolExecutor.runWorker(ThreadPoolExecutor.java:1149)
	at java.util.concurrent.ThreadPoolExecutor$Worker.run(ThreadPoolExecutor.java:624)
	... 1 more
Caused by: org.apache.ratis.thirdparty.io.netty.channel.AbstractChannel$AnnotatedConnectException: Connection refused: /192.168.5.143:35516
	at sun.nio.ch.SocketChannelImpl.checkConnect(Native Method)
	at sun.nio.ch.SocketChannelImpl.finishConnect(SocketChannelImpl.java:717)
	at org.apache.ratis.thirdparty.io.netty.channel.socket.nio.NioSocketChannel.doFinishConnect(NioSocketChannel.java:327)
	at org.apache.ratis.thirdparty.io.netty.channel.nio.AbstractNioChannel$AbstractNioUnsafe.finishConnect(AbstractNioChannel.java:340)
	at org.apache.ratis.thirdparty.io.netty.channel.nio.NioEventLoop.processSelectedKey(NioEventLoop.java:632)
	at org.apache.ratis.thirdparty.io.netty.channel.nio.NioEventLoop.processSelectedKeysOptimized(NioEventLoop.java:579)
	at org.apache.ratis.thirdparty.io.netty.channel.nio.NioEventLoop.processSelectedKeys(NioEventLoop.java:496)
	at org.apache.ratis.thirdparty.io.netty.channel.nio.NioEventLoop.run(NioEventLoop.java:458)
	at org.apache.ratis.thirdparty.io.netty.util.concurrent.SingleThreadEventExecutor$5.run(SingleThreadEventExecutor.java:897)
	at org.apache.ratis.thirdparty.io.netty.util.concurrent.FastThreadLocalRunnable.run(FastThreadLocalRunnable.java:30)
	... 1 more
Caused by: java.net.ConnectException: Connection refused
	... 11 more
2019-10-08 21:09:22,668 [d17645eb-f5d0-4e03-ba92-dd2963a93e84@group-896469FEBA97-LeaderElection76] INFO  impl.LeaderElection (LeaderElection.java:logAndReturn(56)) - d17645eb-f5d0-4e03-ba92-dd2963a93e84@group-896469FEBA97-LeaderElection76: Election REJECTED; received 0 response(s) [] and 2 exception(s); d17645eb-f5d0-4e03-ba92-dd2963a93e84@group-896469FEBA97:t3, leader=null, voted=d17645eb-f5d0-4e03-ba92-dd2963a93e84, raftlog=d17645eb-f5d0-4e03-ba92-dd2963a93e84@group-896469FEBA97-SegmentedRaftLog:OPENED:c17,f17,i17, conf=16: [d17645eb-f5d0-4e03-ba92-dd2963a93e84:192.168.5.143:34967, 563427f3-50ed-4c45-a12e-b3f5127aec9c:192.168.5.143:32835, 6a70038f-f0b2-4d35-91e9-47692da92d1a:192.168.5.143:35516], old=null
2019-10-08 21:09:22,668 [d17645eb-f5d0-4e03-ba92-dd2963a93e84@group-896469FEBA97-LeaderElection76] INFO  impl.LeaderElection (LogUtils.java:infoOrTrace(149)) -   Exception 0: {}
java.util.concurrent.ExecutionException: org.apache.ratis.thirdparty.io.grpc.StatusRuntimeException: UNAVAILABLE: io exception
	at java.util.concurrent.FutureTask.report(FutureTask.java:122)
	at java.util.concurrent.FutureTask.get(FutureTask.java:192)
	at org.apache.ratis.server.impl.LeaderElection.waitForResults(LeaderElection.java:259)
	at org.apache.ratis.server.impl.LeaderElection.askForVotes(LeaderElection.java:197)
	at org.apache.ratis.server.impl.LeaderElection.run(LeaderElection.java:133)
	at java.lang.Thread.run(Thread.java:748)
Caused by: org.apache.ratis.thirdparty.io.grpc.StatusRuntimeException: UNAVAILABLE: io exception
	at org.apache.ratis.thirdparty.io.grpc.stub.ClientCalls.toStatusRuntimeException(ClientCalls.java:233)
	at org.apache.ratis.thirdparty.io.grpc.stub.ClientCalls.getUnchecked(ClientCalls.java:214)
	at org.apache.ratis.thirdparty.io.grpc.stub.ClientCalls.blockingUnaryCall(ClientCalls.java:139)
	at org.apache.ratis.proto.grpc.RaftServerProtocolServiceGrpc$RaftServerProtocolServiceBlockingStub.requestVote(RaftServerProtocolServiceGrpc.java:265)
	at org.apache.ratis.grpc.server.GrpcServerProtocolClient.requestVote(GrpcServerProtocolClient.java:99)
	at org.apache.ratis.grpc.server.GrpcService.requestVote(GrpcService.java:204)
	at org.apache.ratis.server.impl.LeaderElection.lambda$submitRequests$1(LeaderElection.java:234)
	at java.util.concurrent.FutureTask.run(FutureTask.java:266)
	at java.util.concurrent.Executors$RunnableAdapter.call(Executors.java:511)
	at java.util.concurrent.FutureTask.run(FutureTask.java:266)
	at java.util.concurrent.ThreadPoolExecutor.runWorker(ThreadPoolExecutor.java:1149)
	at java.util.concurrent.ThreadPoolExecutor$Worker.run(ThreadPoolExecutor.java:624)
	... 1 more
Caused by: org.apache.ratis.thirdparty.io.netty.channel.AbstractChannel$AnnotatedConnectException: Connection refused: /192.168.5.143:32835
	at sun.nio.ch.SocketChannelImpl.checkConnect(Native Method)
	at sun.nio.ch.SocketChannelImpl.finishConnect(SocketChannelImpl.java:717)
	at org.apache.ratis.thirdparty.io.netty.channel.socket.nio.NioSocketChannel.doFinishConnect(NioSocketChannel.java:327)
	at org.apache.ratis.thirdparty.io.netty.channel.nio.AbstractNioChannel$AbstractNioUnsafe.finishConnect(AbstractNioChannel.java:340)
	at org.apache.ratis.thirdparty.io.netty.channel.nio.NioEventLoop.processSelectedKey(NioEventLoop.java:632)
	at org.apache.ratis.thirdparty.io.netty.channel.nio.NioEventLoop.processSelectedKeysOptimized(NioEventLoop.java:579)
	at org.apache.ratis.thirdparty.io.netty.channel.nio.NioEventLoop.processSelectedKeys(NioEventLoop.java:496)
	at org.apache.ratis.thirdparty.io.netty.channel.nio.NioEventLoop.run(NioEventLoop.java:458)
	at org.apache.ratis.thirdparty.io.netty.util.concurrent.SingleThreadEventExecutor$5.run(SingleThreadEventExecutor.java:897)
	at org.apache.ratis.thirdparty.io.netty.util.concurrent.FastThreadLocalRunnable.run(FastThreadLocalRunnable.java:30)
	... 1 more
Caused by: java.net.ConnectException: Connection refused
	... 11 more
2019-10-08 21:09:22,668 [d17645eb-f5d0-4e03-ba92-dd2963a93e84@group-896469FEBA97-LeaderElection76] INFO  impl.LeaderElection (LogUtils.java:infoOrTrace(149)) -   Exception 1: {}
java.util.concurrent.ExecutionException: org.apache.ratis.thirdparty.io.grpc.StatusRuntimeException: UNAVAILABLE: io exception
	at java.util.concurrent.FutureTask.report(FutureTask.java:122)
	at java.util.concurrent.FutureTask.get(FutureTask.java:192)
	at org.apache.ratis.server.impl.LeaderElection.waitForResults(LeaderElection.java:259)
	at org.apache.ratis.server.impl.LeaderElection.askForVotes(LeaderElection.java:197)
	at org.apache.ratis.server.impl.LeaderElection.run(LeaderElection.java:133)
	at java.lang.Thread.run(Thread.java:748)
Caused by: org.apache.ratis.thirdparty.io.grpc.StatusRuntimeException: UNAVAILABLE: io exception
	at org.apache.ratis.thirdparty.io.grpc.stub.ClientCalls.toStatusRuntimeException(ClientCalls.java:233)
	at org.apache.ratis.thirdparty.io.grpc.stub.ClientCalls.getUnchecked(ClientCalls.java:214)
	at org.apache.ratis.thirdparty.io.grpc.stub.ClientCalls.blockingUnaryCall(ClientCalls.java:139)
	at org.apache.ratis.proto.grpc.RaftServerProtocolServiceGrpc$RaftServerProtocolServiceBlockingStub.requestVote(RaftServerProtocolServiceGrpc.java:265)
	at org.apache.ratis.grpc.server.GrpcServerProtocolClient.requestVote(GrpcServerProtocolClient.java:99)
	at org.apache.ratis.grpc.server.GrpcService.requestVote(GrpcService.java:204)
	at org.apache.ratis.server.impl.LeaderElection.lambda$submitRequests$1(LeaderElection.java:234)
	at java.util.concurrent.FutureTask.run(FutureTask.java:266)
	at java.util.concurrent.Executors$RunnableAdapter.call(Executors.java:511)
	at java.util.concurrent.FutureTask.run(FutureTask.java:266)
	at java.util.concurrent.ThreadPoolExecutor.runWorker(ThreadPoolExecutor.java:1149)
	at java.util.concurrent.ThreadPoolExecutor$Worker.run(ThreadPoolExecutor.java:624)
	... 1 more
Caused by: org.apache.ratis.thirdparty.io.netty.channel.AbstractChannel$AnnotatedConnectException: Connection refused: /192.168.5.143:35516
	at sun.nio.ch.SocketChannelImpl.checkConnect(Native Method)
	at sun.nio.ch.SocketChannelImpl.finishConnect(SocketChannelImpl.java:717)
	at org.apache.ratis.thirdparty.io.netty.channel.socket.nio.NioSocketChannel.doFinishConnect(NioSocketChannel.java:327)
	at org.apache.ratis.thirdparty.io.netty.channel.nio.AbstractNioChannel$AbstractNioUnsafe.finishConnect(AbstractNioChannel.java:340)
	at org.apache.ratis.thirdparty.io.netty.channel.nio.NioEventLoop.processSelectedKey(NioEventLoop.java:632)
	at org.apache.ratis.thirdparty.io.netty.channel.nio.NioEventLoop.processSelectedKeysOptimized(NioEventLoop.java:579)
	at org.apache.ratis.thirdparty.io.netty.channel.nio.NioEventLoop.processSelectedKeys(NioEventLoop.java:496)
	at org.apache.ratis.thirdparty.io.netty.channel.nio.NioEventLoop.run(NioEventLoop.java:458)
	at org.apache.ratis.thirdparty.io.netty.util.concurrent.SingleThreadEventExecutor$5.run(SingleThreadEventExecutor.java:897)
	at org.apache.ratis.thirdparty.io.netty.util.concurrent.FastThreadLocalRunnable.run(FastThreadLocalRunnable.java:30)
	... 1 more
Caused by: java.net.ConnectException: Connection refused
	... 11 more
2019-10-08 21:09:22,668 [d17645eb-f5d0-4e03-ba92-dd2963a93e84@group-896469FEBA97-LeaderElection76] INFO  impl.RaftServerImpl (RaftServerImpl.java:setRole(170)) - d17645eb-f5d0-4e03-ba92-dd2963a93e84@group-896469FEBA97: changes role from CANDIDATE to FOLLOWER at term 3 for DISCOVERED_A_NEW_TERM
2019-10-08 21:09:22,669 [d17645eb-f5d0-4e03-ba92-dd2963a93e84@group-896469FEBA97-LeaderElection76] INFO  impl.RoleInfo (RoleInfo.java:shutdownLeaderElection(134)) - d17645eb-f5d0-4e03-ba92-dd2963a93e84: shutdown LeaderElection
2019-10-08 21:09:22,669 [d17645eb-f5d0-4e03-ba92-dd2963a93e84@group-896469FEBA97-LeaderElection76] INFO  impl.RoleInfo (RoleInfo.java:updateAndGet(143)) - d17645eb-f5d0-4e03-ba92-dd2963a93e84: start FollowerState
2019-10-08 21:09:23,138 [EventQueue-StaleNodeForStaleNodeHandler] INFO  node.StaleNodeHandler (StaleNodeHandler.java:onMessage(58)) - Datanode 83f89ce6-f7da-4fc8-87e9-1476e88e7ab1{ip: 192.168.5.143, host: pr-hdds-1868-gtwz2-575081100, networkLocation: /default-rack, certSerialId: null} moved to stale state. Finalizing its pipelines [PipelineID=836796d2-e3a9-49a1-b8bb-9cae3f19e79c]
2019-10-08 21:09:23,138 [EventQueue-StaleNodeForStaleNodeHandler] INFO  pipeline.SCMPipelineManager (SCMPipelineManager.java:finalizeAndDestroyPipeline(315)) - destroying pipeline:Pipeline[ Id: 836796d2-e3a9-49a1-b8bb-9cae3f19e79c, Nodes: 83f89ce6-f7da-4fc8-87e9-1476e88e7ab1{ip: 192.168.5.143, host: pr-hdds-1868-gtwz2-575081100, networkLocation: /default-rack, certSerialId: null}, Type:RATIS, Factor:ONE, State:OPEN]
2019-10-08 21:09:23,138 [EventQueue-StaleNodeForStaleNodeHandler] INFO  pipeline.PipelineStateManager (PipelineStateManager.java:finalizePipeline(123)) - Pipeline Pipeline[ Id: 836796d2-e3a9-49a1-b8bb-9cae3f19e79c, Nodes: 83f89ce6-f7da-4fc8-87e9-1476e88e7ab1{ip: 192.168.5.143, host: pr-hdds-1868-gtwz2-575081100, networkLocation: /default-rack, certSerialId: null}, Type:RATIS, Factor:ONE, State:CLOSED] moved to CLOSED state
2019-10-08 21:09:23,308 [ForkJoinPool.commonPool-worker-0] INFO  ozoneimpl.OzoneContainer (OzoneContainer.java:stop(227)) - Attempting to stop container services.
2019-10-08 21:09:23,309 [ForkJoinPool.commonPool-worker-0] INFO  impl.RaftServerProxy (RaftServerProxy.java:lambda$close$4(314)) - 83f89ce6-f7da-4fc8-87e9-1476e88e7ab1: close
2019-10-08 21:09:23,310 [ForkJoinPool.commonPool-worker-0] INFO  impl.RaftServerImpl (RaftServerImpl.java:lambda$shutdown$3(247)) - 83f89ce6-f7da-4fc8-87e9-1476e88e7ab1@group-9CAE3F19E79C: shutdown
2019-10-08 21:09:23,310 [ForkJoinPool.commonPool-worker-0] INFO  util.JmxRegister (JmxRegister.java:unregister(73)) - Successfully un-registered JMX Bean with object name Ratis:service=RaftServer,group=group-9CAE3F19E79C,id=83f89ce6-f7da-4fc8-87e9-1476e88e7ab1
2019-10-08 21:09:23,310 [ForkJoinPool.commonPool-worker-0] INFO  impl.RoleInfo (RoleInfo.java:shutdownLeaderState(104)) - 83f89ce6-f7da-4fc8-87e9-1476e88e7ab1: shutdown LeaderState
2019-10-08 21:09:23,311 [ForkJoinPool.commonPool-worker-0] INFO  impl.PendingRequests (PendingRequests.java:sendNotLeaderResponses(202)) - 83f89ce6-f7da-4fc8-87e9-1476e88e7ab1@group-9CAE3F19E79C-PendingRequests: sendNotLeaderResponses
2019-10-08 21:09:23,312 [ForkJoinPool.commonPool-worker-0] INFO  impl.StateMachineUpdater (StateMachineUpdater.java:stopAndJoin(136)) - 83f89ce6-f7da-4fc8-87e9-1476e88e7ab1@group-9CAE3F19E79C-StateMachineUpdater: set stopIndex = 0
2019-10-08 21:09:23,312 [ForkJoinPool.commonPool-worker-0] INFO  impl.RaftServerImpl (ServerState.java:close(387)) - 83f89ce6-f7da-4fc8-87e9-1476e88e7ab1@group-9CAE3F19E79C: closes. applyIndex: 0
2019-10-08 21:09:23,313 [83f89ce6-f7da-4fc8-87e9-1476e88e7ab1@group-9CAE3F19E79C-SegmentedRaftLogWorker] INFO  segmented.SegmentedRaftLogWorker (SegmentedRaftLogWorker.java:run(316)) - 83f89ce6-f7da-4fc8-87e9-1476e88e7ab1@group-9CAE3F19E79C-SegmentedRaftLogWorker was interrupted, exiting. There are 0 tasks remaining in the queue.
2019-10-08 21:09:23,318 [ForkJoinPool.commonPool-worker-0] INFO  segmented.SegmentedRaftLogWorker (SegmentedRaftLogWorker.java:close(224)) - 83f89ce6-f7da-4fc8-87e9-1476e88e7ab1@group-9CAE3F19E79C-SegmentedRaftLogWorker close()
2019-10-08 21:09:23,321 [ForkJoinPool.commonPool-worker-0] INFO  server.GrpcService (GrpcService.java:closeImpl(164)) - 83f89ce6-f7da-4fc8-87e9-1476e88e7ab1: shutdown server with port 45883 now
2019-10-08 21:09:23,321 [main] INFO  ozoneimpl.OzoneContainer (OzoneContainer.java:stop(227)) - Attempting to stop container services.
2019-10-08 21:09:23,324 [ForkJoinPool.commonPool-worker-0] INFO  server.GrpcService (GrpcService.java:closeImpl(172)) - 83f89ce6-f7da-4fc8-87e9-1476e88e7ab1: shutdown server with port 45883 successfully
2019-10-08 21:09:23,324 [main] INFO  impl.RaftServerProxy (RaftServerProxy.java:lambda$close$4(314)) - d17645eb-f5d0-4e03-ba92-dd2963a93e84: close
2019-10-08 21:09:23,325 [main] INFO  impl.RaftServerImpl (RaftServerImpl.java:lambda$shutdown$3(247)) - d17645eb-f5d0-4e03-ba92-dd2963a93e84@group-896469FEBA97: shutdown
2019-10-08 21:09:23,325 [main] INFO  util.JmxRegister (JmxRegister.java:unregister(73)) - Successfully un-registered JMX Bean with object name Ratis:service=RaftServer,group=group-896469FEBA97,id=d17645eb-f5d0-4e03-ba92-dd2963a93e84
2019-10-08 21:09:23,333 [main] INFO  impl.RoleInfo (RoleInfo.java:shutdownFollowerState(121)) - d17645eb-f5d0-4e03-ba92-dd2963a93e84: shutdown FollowerState
2019-10-08 21:09:23,334 [main] INFO  impl.StateMachineUpdater (StateMachineUpdater.java:stopAndJoin(136)) - d17645eb-f5d0-4e03-ba92-dd2963a93e84@group-896469FEBA97-StateMachineUpdater: set stopIndex = 17
2019-10-08 21:09:23,334 [Thread-3558] INFO  impl.FollowerState (FollowerState.java:run(117)) - d17645eb-f5d0-4e03-ba92-dd2963a93e84@group-896469FEBA97-FollowerState was interrupted: java.lang.InterruptedException: sleep interrupted
2019-10-08 21:09:23,334 [d17645eb-f5d0-4e03-ba92-dd2963a93e84@group-896469FEBA97-StateMachineUpdater] INFO  ratis.ContainerStateMachine (ContainerStateMachine.java:takeSnapshot(296)) - group-896469FEBA97: Taking a snapshot at:(t:1, i:13) file /workdir/hadoop-ozone/integration-test/target/test-dir/MiniOzoneClusterImpl-76b6f63f-e342-488e-8571-ba8c5b8db736/datanode-3/data/ratis/f5c62137-b8b2-4402-af6c-896469feba97/sm/snapshot.1_13
2019-10-08 21:09:23,337 [refreshUsed-/workdir/hadoop-ozone/integration-test/target/test-dir/MiniOzoneClusterImpl-76b6f63f-e342-488e-8571-ba8c5b8db736/datanode-2/data/containers] WARN  fs.CachingGetSpaceUsed (CachingGetSpaceUsed.java:run(183)) - Thread Interrupted waiting to refresh disk information: sleep interrupted
2019-10-08 21:09:23,351 [d17645eb-f5d0-4e03-ba92-dd2963a93e84@group-896469FEBA97-StateMachineUpdater] INFO  ratis.ContainerStateMachine (ContainerStateMachine.java:takeSnapshot(307)) - group-896469FEBA97: Finished taking a snapshot at:(t:1, i:13) file:/workdir/hadoop-ozone/integration-test/target/test-dir/MiniOzoneClusterImpl-76b6f63f-e342-488e-8571-ba8c5b8db736/datanode-3/data/ratis/f5c62137-b8b2-4402-af6c-896469feba97/sm/snapshot.1_13 time:17
2019-10-08 21:09:23,352 [d17645eb-f5d0-4e03-ba92-dd2963a93e84@group-896469FEBA97-StateMachineUpdater] INFO  impl.StateMachineUpdater (StateMachineUpdater.java:takeSnapshot(269)) - d17645eb-f5d0-4e03-ba92-dd2963a93e84@group-896469FEBA97-StateMachineUpdater: Took a snapshot at index 13
2019-10-08 21:09:23,352 [d17645eb-f5d0-4e03-ba92-dd2963a93e84@group-896469FEBA97-StateMachineUpdater] INFO  impl.StateMachineUpdater (StateMachineUpdater.java:lambda$new$0(84)) - d17645eb-f5d0-4e03-ba92-dd2963a93e84@group-896469FEBA97-StateMachineUpdater: snapshotIndex: updateIncreasingly -1 -> 13
2019-10-08 21:09:23,353 [d17645eb-f5d0-4e03-ba92-dd2963a93e84@group-896469FEBA97-StateMachineUpdater] INFO  ratis.ContainerStateMachine (ContainerStateMachine.java:takeSnapshot(296)) - group-896469FEBA97: Taking a snapshot at:(t:1, i:13) file /workdir/hadoop-ozone/integration-test/target/test-dir/MiniOzoneClusterImpl-76b6f63f-e342-488e-8571-ba8c5b8db736/datanode-3/data/ratis/f5c62137-b8b2-4402-af6c-896469feba97/sm/snapshot.1_13
2019-10-08 21:09:23,360 [ForkJoinPool.commonPool-worker-0] INFO  utils.BackgroundService (BackgroundService.java:shutdown(151)) - Shutting down service BlockDeletingService
2019-10-08 21:09:23,367 [ForkJoinPool.commonPool-worker-0] INFO  statemachine.DatanodeStateMachine (DatanodeStateMachine.java:stopDaemon(395)) - Ozone container server stopped.
2019-10-08 21:09:23,367 [d17645eb-f5d0-4e03-ba92-dd2963a93e84@group-896469FEBA97-StateMachineUpdater] INFO  ratis.ContainerStateMachine (ContainerStateMachine.java:takeSnapshot(307)) - group-896469FEBA97: Finished taking a snapshot at:(t:1, i:13) file:/workdir/hadoop-ozone/integration-test/target/test-dir/MiniOzoneClusterImpl-76b6f63f-e342-488e-8571-ba8c5b8db736/datanode-3/data/ratis/f5c62137-b8b2-4402-af6c-896469feba97/sm/snapshot.1_13 time:14
2019-10-08 21:09:23,367 [d17645eb-f5d0-4e03-ba92-dd2963a93e84@group-896469FEBA97-StateMachineUpdater] INFO  impl.StateMachineUpdater (StateMachineUpdater.java:takeSnapshot(269)) - d17645eb-f5d0-4e03-ba92-dd2963a93e84@group-896469FEBA97-StateMachineUpdater: Took a snapshot at index 13
2019-10-08 21:09:23,367 [d17645eb-f5d0-4e03-ba92-dd2963a93e84@group-896469FEBA97-StateMachineUpdater] INFO  impl.StateMachineUpdater (StateMachineUpdater.java:lambda$new$0(84)) - d17645eb-f5d0-4e03-ba92-dd2963a93e84@group-896469FEBA97-StateMachineUpdater: snapshotIndex: updateIncreasingly 13 -> 13
2019-10-08 21:09:23,370 [main] INFO  impl.RaftServerImpl (ServerState.java:close(387)) - d17645eb-f5d0-4e03-ba92-dd2963a93e84@group-896469FEBA97: closes. applyIndex: 17
2019-10-08 21:09:23,373 [d17645eb-f5d0-4e03-ba92-dd2963a93e84@group-896469FEBA97-SegmentedRaftLogWorker] INFO  segmented.SegmentedRaftLogWorker (SegmentedRaftLogWorker.java:run(316)) - d17645eb-f5d0-4e03-ba92-dd2963a93e84@group-896469FEBA97-SegmentedRaftLogWorker was interrupted, exiting. There are 0 tasks remaining in the queue.
2019-10-08 21:09:23,375 [main] INFO  segmented.SegmentedRaftLogWorker (SegmentedRaftLogWorker.java:close(224)) - d17645eb-f5d0-4e03-ba92-dd2963a93e84@group-896469FEBA97-SegmentedRaftLogWorker close()
2019-10-08 21:09:23,378 [main] INFO  impl.RaftServerImpl (RaftServerImpl.java:lambda$shutdown$3(247)) - d17645eb-f5d0-4e03-ba92-dd2963a93e84@group-BF9B8C3C8FDF: shutdown
2019-10-08 21:09:23,381 [main] INFO  util.JmxRegister (JmxRegister.java:unregister(73)) - Successfully un-registered JMX Bean with object name Ratis:service=RaftServer,group=group-BF9B8C3C8FDF,id=d17645eb-f5d0-4e03-ba92-dd2963a93e84
2019-10-08 21:09:23,381 [ForkJoinPool.commonPool-worker-0] INFO  handler.ContextHandler (ContextHandler.java:doStop(910)) - Stopped o.e.j.w.WebAppContext@4409cae6{/,null,UNAVAILABLE}{/hddsDatanode}
2019-10-08 21:09:23,382 [main] INFO  impl.RoleInfo (RoleInfo.java:shutdownLeaderState(104)) - d17645eb-f5d0-4e03-ba92-dd2963a93e84: shutdown LeaderState
2019-10-08 21:09:23,383 [main] INFO  impl.PendingRequests (PendingRequests.java:sendNotLeaderResponses(202)) - d17645eb-f5d0-4e03-ba92-dd2963a93e84@group-BF9B8C3C8FDF-PendingRequests: sendNotLeaderResponses
2019-10-08 21:09:23,383 [ForkJoinPool.commonPool-worker-0] INFO  server.AbstractConnector (AbstractConnector.java:doStop(318)) - Stopped ServerConnector@14e750c5{HTTP/1.1,[http/1.1]}{0.0.0.0:0}
2019-10-08 21:09:23,383 [main] INFO  impl.StateMachineUpdater (StateMachineUpdater.java:stopAndJoin(136)) - d17645eb-f5d0-4e03-ba92-dd2963a93e84@group-BF9B8C3C8FDF-StateMachineUpdater: set stopIndex = 0
2019-10-08 21:09:23,386 [ForkJoinPool.commonPool-worker-0] INFO  handler.ContextHandler (ContextHandler.java:doStop(910)) - Stopped o.e.j.s.ServletContextHandler@463045fb{/static,jar:file:/home/user/.m2/repository/org/apache/hadoop/hadoop-hdds-container-service/0.5.0-SNAPSHOT/hadoop-hdds-container-service-0.5.0-SNAPSHOT.jar!/webapps/static,UNAVAILABLE}
2019-10-08 21:09:23,386 [main] INFO  impl.RaftServerImpl (ServerState.java:close(387)) - d17645eb-f5d0-4e03-ba92-dd2963a93e84@group-BF9B8C3C8FDF: closes. applyIndex: 0
2019-10-08 21:09:23,388 [ForkJoinPool.commonPool-worker-0] INFO  handler.ContextHandler (ContextHandler.java:doStop(910)) - Stopped o.e.j.s.ServletContextHandler@7be94cd6{/logs,file:///workdir/hadoop-ozone/integration-test/target/log,UNAVAILABLE}
2019-10-08 21:09:23,388 [d17645eb-f5d0-4e03-ba92-dd2963a93e84@group-BF9B8C3C8FDF-SegmentedRaftLogWorker] INFO  segmented.SegmentedRaftLogWorker (SegmentedRaftLogWorker.java:run(316)) - d17645eb-f5d0-4e03-ba92-dd2963a93e84@group-BF9B8C3C8FDF-SegmentedRaftLogWorker was interrupted, exiting. There are 0 tasks remaining in the queue.
2019-10-08 21:09:23,390 [main] INFO  segmented.SegmentedRaftLogWorker (SegmentedRaftLogWorker.java:close(224)) - d17645eb-f5d0-4e03-ba92-dd2963a93e84@group-BF9B8C3C8FDF-SegmentedRaftLogWorker close()
2019-10-08 21:09:23,392 [main] INFO  server.GrpcService (GrpcService.java:closeImpl(164)) - d17645eb-f5d0-4e03-ba92-dd2963a93e84: shutdown server with port 34967 now
2019-10-08 21:09:23,393 [main] INFO  server.GrpcService (GrpcService.java:closeImpl(172)) - d17645eb-f5d0-4e03-ba92-dd2963a93e84: shutdown server with port 34967 successfully
2019-10-08 21:09:23,398 [refreshUsed-/workdir/hadoop-ozone/integration-test/target/test-dir/MiniOzoneClusterImpl-76b6f63f-e342-488e-8571-ba8c5b8db736/datanode-3/data/containers] WARN  fs.CachingGetSpaceUsed (CachingGetSpaceUsed.java:run(183)) - Thread Interrupted waiting to refresh disk information: sleep interrupted
2019-10-08 21:09:23,415 [main] INFO  utils.BackgroundService (BackgroundService.java:shutdown(151)) - Shutting down service BlockDeletingService
2019-10-08 21:09:23,421 [main] INFO  statemachine.DatanodeStateMachine (DatanodeStateMachine.java:stopDaemon(395)) - Ozone container server stopped.
2019-10-08 21:09:23,422 [main] INFO  handler.ContextHandler (ContextHandler.java:doStop(910)) - Stopped o.e.j.w.WebAppContext@7f0d8eff{/,null,UNAVAILABLE}{/hddsDatanode}
2019-10-08 21:09:23,423 [main] INFO  server.AbstractConnector (AbstractConnector.java:doStop(318)) - Stopped ServerConnector@149aa7b2{HTTP/1.1,[http/1.1]}{0.0.0.0:0}
2019-10-08 21:09:23,423 [main] INFO  handler.ContextHandler (ContextHandler.java:doStop(910)) - Stopped o.e.j.s.ServletContextHandler@ad3f70a{/static,jar:file:/home/user/.m2/repository/org/apache/hadoop/hadoop-hdds-container-service/0.5.0-SNAPSHOT/hadoop-hdds-container-service-0.5.0-SNAPSHOT.jar!/webapps/static,UNAVAILABLE}
2019-10-08 21:09:23,423 [main] INFO  handler.ContextHandler (ContextHandler.java:doStop(910)) - Stopped o.e.j.s.ServletContextHandler@1693ff90{/logs,file:///workdir/hadoop-ozone/integration-test/target/log,UNAVAILABLE}
2019-10-08 21:09:23,986 [Datanode State Machine Thread - 0] INFO  statemachine.DatanodeStateMachine (DatanodeStateMachine.java:lambda$startDaemon$0(350)) - Ozone container server started.
2019-10-08 21:09:23,986 [Datanode State Machine Thread - 0] INFO  statemachine.DatanodeStateMachine (DatanodeStateMachine.java:lambda$startDaemon$0(350)) - Ozone container server started.
2019-10-08 21:09:24,972 [grpc-default-executor-9] WARN  server.GrpcLogAppender (LogUtils.java:warn(134)) - b11c6a09-df3d-44f0-9c56-88b487f5aeaa@group-F5B269E6970B->d5a7e1c6-72c1-4128-a6c8-523374656d80-AppendLogResponseHandler: Failed appendEntries: org.apache.ratis.thirdparty.io.grpc.StatusRuntimeException: UNAVAILABLE: io exception
2019-10-08 21:09:24,973 [grpc-default-executor-9] INFO  impl.FollowerInfo (FollowerInfo.java:lambda$new$0(51)) - b11c6a09-df3d-44f0-9c56-88b487f5aeaa@group-F5B269E6970B->d5a7e1c6-72c1-4128-a6c8-523374656d80: nextIndex: updateUnconditionally 14 -> 13
2019-10-08 21:09:27,476 [grpc-default-executor-9] WARN  server.GrpcLogAppender (LogUtils.java:warn(134)) - b11c6a09-df3d-44f0-9c56-88b487f5aeaa@group-F5B269E6970B->d5a7e1c6-72c1-4128-a6c8-523374656d80-AppendLogResponseHandler: Failed appendEntries: org.apache.ratis.thirdparty.io.grpc.StatusRuntimeException: UNAVAILABLE: io exception
2019-10-08 21:09:27,476 [grpc-default-executor-9] INFO  impl.FollowerInfo (FollowerInfo.java:lambda$new$0(51)) - b11c6a09-df3d-44f0-9c56-88b487f5aeaa@group-F5B269E6970B->d5a7e1c6-72c1-4128-a6c8-523374656d80: nextIndex: updateUnconditionally 13 -> 12
2019-10-08 21:09:28,044 [EventQueue-StaleNodeForStaleNodeHandler] INFO  node.StaleNodeHandler (StaleNodeHandler.java:onMessage(58)) - Datanode ffafc24f-f0e1-409e-982f-1c42cdb29933{ip: 192.168.5.143, host: pr-hdds-1868-gtwz2-575081100, networkLocation: /default-rack, certSerialId: null} moved to stale state. Finalizing its pipelines [PipelineID=dbdb5dfb-3ea3-47c8-afb5-f65ba09715f1, PipelineID=e6b7c99a-2439-4212-bd8f-f5b269e6970b]
2019-10-08 21:09:28,044 [EventQueue-StaleNodeForStaleNodeHandler] INFO  pipeline.SCMPipelineManager (SCMPipelineManager.java:finalizeAndDestroyPipeline(315)) - destroying pipeline:Pipeline[ Id: dbdb5dfb-3ea3-47c8-afb5-f65ba09715f1, Nodes: ffafc24f-f0e1-409e-982f-1c42cdb29933{ip: 192.168.5.143, host: pr-hdds-1868-gtwz2-575081100, networkLocation: /default-rack, certSerialId: null}, Type:RATIS, Factor:ONE, State:OPEN]
2019-10-08 21:09:28,045 [EventQueue-StaleNodeForStaleNodeHandler] INFO  pipeline.PipelineStateManager (PipelineStateManager.java:finalizePipeline(123)) - Pipeline Pipeline[ Id: dbdb5dfb-3ea3-47c8-afb5-f65ba09715f1, Nodes: ffafc24f-f0e1-409e-982f-1c42cdb29933{ip: 192.168.5.143, host: pr-hdds-1868-gtwz2-575081100, networkLocation: /default-rack, certSerialId: null}, Type:RATIS, Factor:ONE, State:CLOSED] moved to CLOSED state
2019-10-08 21:09:28,045 [EventQueue-StaleNodeForStaleNodeHandler] INFO  pipeline.SCMPipelineManager (SCMPipelineManager.java:finalizeAndDestroyPipeline(315)) - destroying pipeline:Pipeline[ Id: e6b7c99a-2439-4212-bd8f-f5b269e6970b, Nodes: ffafc24f-f0e1-409e-982f-1c42cdb29933{ip: 192.168.5.143, host: pr-hdds-1868-gtwz2-575081100, networkLocation: /default-rack, certSerialId: null}b11c6a09-df3d-44f0-9c56-88b487f5aeaa{ip: 192.168.5.143, host: pr-hdds-1868-gtwz2-575081100, networkLocation: /default-rack, certSerialId: null}d5a7e1c6-72c1-4128-a6c8-523374656d80{ip: 192.168.5.143, host: pr-hdds-1868-gtwz2-575081100, networkLocation: /default-rack, certSerialId: null}, Type:RATIS, Factor:THREE, State:CLOSED]
2019-10-08 21:09:28,045 [EventQueue-StaleNodeForStaleNodeHandler] INFO  node.StaleNodeHandler (StaleNodeHandler.java:onMessage(58)) - Datanode b11c6a09-df3d-44f0-9c56-88b487f5aeaa{ip: 192.168.5.143, host: pr-hdds-1868-gtwz2-575081100, networkLocation: /default-rack, certSerialId: null} moved to stale state. Finalizing its pipelines [PipelineID=3481b59f-8733-4eeb-b1d7-a3003b49171c, PipelineID=e6b7c99a-2439-4212-bd8f-f5b269e6970b]
2019-10-08 21:09:28,046 [EventQueue-StaleNodeForStaleNodeHandler] INFO  pipeline.SCMPipelineManager (SCMPipelineManager.java:finalizeAndDestroyPipeline(315)) - destroying pipeline:Pipeline[ Id: 3481b59f-8733-4eeb-b1d7-a3003b49171c, Nodes: b11c6a09-df3d-44f0-9c56-88b487f5aeaa{ip: 192.168.5.143, host: pr-hdds-1868-gtwz2-575081100, networkLocation: /default-rack, certSerialId: null}, Type:RATIS, Factor:ONE, State:OPEN]
2019-10-08 21:09:28,046 [EventQueue-StaleNodeForStaleNodeHandler] INFO  pipeline.PipelineStateManager (PipelineStateManager.java:finalizePipeline(123)) - Pipeline Pipeline[ Id: 3481b59f-8733-4eeb-b1d7-a3003b49171c, Nodes: b11c6a09-df3d-44f0-9c56-88b487f5aeaa{ip: 192.168.5.143, host: pr-hdds-1868-gtwz2-575081100, networkLocation: /default-rack, certSerialId: null}, Type:RATIS, Factor:ONE, State:CLOSED] moved to CLOSED state
2019-10-08 21:09:28,046 [EventQueue-StaleNodeForStaleNodeHandler] INFO  pipeline.SCMPipelineManager (SCMPipelineManager.java:finalizeAndDestroyPipeline(315)) - destroying pipeline:Pipeline[ Id: e6b7c99a-2439-4212-bd8f-f5b269e6970b, Nodes: ffafc24f-f0e1-409e-982f-1c42cdb29933{ip: 192.168.5.143, host: pr-hdds-1868-gtwz2-575081100, networkLocation: /default-rack, certSerialId: null}b11c6a09-df3d-44f0-9c56-88b487f5aeaa{ip: 192.168.5.143, host: pr-hdds-1868-gtwz2-575081100, networkLocation: /default-rack, certSerialId: null}d5a7e1c6-72c1-4128-a6c8-523374656d80{ip: 192.168.5.143, host: pr-hdds-1868-gtwz2-575081100, networkLocation: /default-rack, certSerialId: null}, Type:RATIS, Factor:THREE, State:CLOSED]
2019-10-08 21:09:28,394 [ForkJoinPool.commonPool-worker-0] INFO  ozoneimpl.OzoneContainer (OzoneContainer.java:stop(227)) - Attempting to stop container services.
2019-10-08 21:09:28,394 [ForkJoinPool.commonPool-worker-0] INFO  impl.RaftServerProxy (RaftServerProxy.java:lambda$close$4(314)) - ffafc24f-f0e1-409e-982f-1c42cdb29933: close
2019-10-08 21:09:28,395 [ForkJoinPool.commonPool-worker-0] INFO  impl.RaftServerImpl (RaftServerImpl.java:lambda$shutdown$3(247)) - ffafc24f-f0e1-409e-982f-1c42cdb29933@group-F65BA09715F1: shutdown
2019-10-08 21:09:28,395 [ForkJoinPool.commonPool-worker-0] INFO  util.JmxRegister (JmxRegister.java:unregister(73)) - Successfully un-registered JMX Bean with object name Ratis:service=RaftServer,group=group-F65BA09715F1,id=ffafc24f-f0e1-409e-982f-1c42cdb29933
2019-10-08 21:09:28,396 [ForkJoinPool.commonPool-worker-0] INFO  impl.RoleInfo (RoleInfo.java:shutdownLeaderState(104)) - ffafc24f-f0e1-409e-982f-1c42cdb29933: shutdown LeaderState
2019-10-08 21:09:28,396 [ForkJoinPool.commonPool-worker-0] INFO  impl.PendingRequests (PendingRequests.java:sendNotLeaderResponses(202)) - ffafc24f-f0e1-409e-982f-1c42cdb29933@group-F65BA09715F1-PendingRequests: sendNotLeaderResponses
2019-10-08 21:09:28,397 [ForkJoinPool.commonPool-worker-0] INFO  impl.StateMachineUpdater (StateMachineUpdater.java:stopAndJoin(136)) - ffafc24f-f0e1-409e-982f-1c42cdb29933@group-F65BA09715F1-StateMachineUpdater: set stopIndex = 0
2019-10-08 21:09:28,397 [ForkJoinPool.commonPool-worker-0] INFO  impl.RaftServerImpl (ServerState.java:close(387)) - ffafc24f-f0e1-409e-982f-1c42cdb29933@group-F65BA09715F1: closes. applyIndex: 0
2019-10-08 21:09:28,398 [ffafc24f-f0e1-409e-982f-1c42cdb29933@group-F65BA09715F1-SegmentedRaftLogWorker] INFO  segmented.SegmentedRaftLogWorker (SegmentedRaftLogWorker.java:run(316)) - ffafc24f-f0e1-409e-982f-1c42cdb29933@group-F65BA09715F1-SegmentedRaftLogWorker was interrupted, exiting. There are 0 tasks remaining in the queue.
2019-10-08 21:09:28,403 [ForkJoinPool.commonPool-worker-0] INFO  segmented.SegmentedRaftLogWorker (SegmentedRaftLogWorker.java:close(224)) - ffafc24f-f0e1-409e-982f-1c42cdb29933@group-F65BA09715F1-SegmentedRaftLogWorker close()
2019-10-08 21:09:28,416 [ForkJoinPool.commonPool-worker-0] INFO  impl.RaftServerImpl (RaftServerImpl.java:lambda$shutdown$3(247)) - ffafc24f-f0e1-409e-982f-1c42cdb29933@group-F5B269E6970B: shutdown
2019-10-08 21:09:28,417 [ForkJoinPool.commonPool-worker-0] INFO  util.JmxRegister (JmxRegister.java:unregister(73)) - Successfully un-registered JMX Bean with object name Ratis:service=RaftServer,group=group-F5B269E6970B,id=ffafc24f-f0e1-409e-982f-1c42cdb29933
2019-10-08 21:09:28,417 [ForkJoinPool.commonPool-worker-0] INFO  impl.RoleInfo (RoleInfo.java:shutdownFollowerState(121)) - ffafc24f-f0e1-409e-982f-1c42cdb29933: shutdown FollowerState
2019-10-08 21:09:28,417 [ForkJoinPool.commonPool-worker-0] INFO  impl.StateMachineUpdater (StateMachineUpdater.java:stopAndJoin(136)) - ffafc24f-f0e1-409e-982f-1c42cdb29933@group-F5B269E6970B-StateMachineUpdater: set stopIndex = 17
2019-10-08 21:09:28,417 [ffafc24f-f0e1-409e-982f-1c42cdb29933@group-F5B269E6970B-StateMachineUpdater] INFO  ratis.ContainerStateMachine (ContainerStateMachine.java:takeSnapshot(296)) - group-F5B269E6970B: Taking a snapshot at:(t:2, i:16) file /workdir/hadoop-ozone/integration-test/target/test-dir/MiniOzoneClusterImpl-76b6f63f-e342-488e-8571-ba8c5b8db736/datanode-6/data/ratis/e6b7c99a-2439-4212-bd8f-f5b269e6970b/sm/snapshot.2_16
2019-10-08 21:09:28,417 [Thread-3429] INFO  impl.FollowerState (FollowerState.java:run(117)) - ffafc24f-f0e1-409e-982f-1c42cdb29933@group-F5B269E6970B-FollowerState was interrupted: java.lang.InterruptedException: sleep interrupted
2019-10-08 21:09:28,425 [main] INFO  ozoneimpl.OzoneContainer (OzoneContainer.java:stop(227)) - Attempting to stop container services.
2019-10-08 21:09:28,426 [main] INFO  impl.RaftServerProxy (RaftServerProxy.java:lambda$close$4(314)) - b11c6a09-df3d-44f0-9c56-88b487f5aeaa: close
2019-10-08 21:09:28,426 [main] INFO  impl.RaftServerImpl (RaftServerImpl.java:lambda$shutdown$3(247)) - b11c6a09-df3d-44f0-9c56-88b487f5aeaa@group-A3003B49171C: shutdown
2019-10-08 21:09:28,426 [main] INFO  util.JmxRegister (JmxRegister.java:unregister(73)) - Successfully un-registered JMX Bean with object name Ratis:service=RaftServer,group=group-A3003B49171C,id=b11c6a09-df3d-44f0-9c56-88b487f5aeaa
2019-10-08 21:09:28,426 [main] INFO  impl.RoleInfo (RoleInfo.java:shutdownLeaderState(104)) - b11c6a09-df3d-44f0-9c56-88b487f5aeaa: shutdown LeaderState
2019-10-08 21:09:28,427 [main] INFO  impl.PendingRequests (PendingRequests.java:sendNotLeaderResponses(202)) - b11c6a09-df3d-44f0-9c56-88b487f5aeaa@group-A3003B49171C-PendingRequests: sendNotLeaderResponses
2019-10-08 21:09:28,427 [main] INFO  impl.StateMachineUpdater (StateMachineUpdater.java:stopAndJoin(136)) - b11c6a09-df3d-44f0-9c56-88b487f5aeaa@group-A3003B49171C-StateMachineUpdater: set stopIndex = 0
2019-10-08 21:09:28,427 [main] INFO  impl.RaftServerImpl (ServerState.java:close(387)) - b11c6a09-df3d-44f0-9c56-88b487f5aeaa@group-A3003B49171C: closes. applyIndex: 0
2019-10-08 21:09:28,428 [b11c6a09-df3d-44f0-9c56-88b487f5aeaa@group-A3003B49171C-SegmentedRaftLogWorker] INFO  segmented.SegmentedRaftLogWorker (SegmentedRaftLogWorker.java:run(316)) - b11c6a09-df3d-44f0-9c56-88b487f5aeaa@group-A3003B49171C-SegmentedRaftLogWorker was interrupted, exiting. There are 0 tasks remaining in the queue.
2019-10-08 21:09:28,428 [main] INFO  segmented.SegmentedRaftLogWorker (SegmentedRaftLogWorker.java:close(224)) - b11c6a09-df3d-44f0-9c56-88b487f5aeaa@group-A3003B49171C-SegmentedRaftLogWorker close()
2019-10-08 21:09:28,428 [main] INFO  impl.RaftServerImpl (RaftServerImpl.java:lambda$shutdown$3(247)) - b11c6a09-df3d-44f0-9c56-88b487f5aeaa@group-F5B269E6970B: shutdown
2019-10-08 21:09:28,429 [main] INFO  util.JmxRegister (JmxRegister.java:unregister(73)) - Successfully un-registered JMX Bean with object name Ratis:service=RaftServer,group=group-F5B269E6970B,id=b11c6a09-df3d-44f0-9c56-88b487f5aeaa
2019-10-08 21:09:28,429 [main] INFO  impl.RoleInfo (RoleInfo.java:shutdownLeaderState(104)) - b11c6a09-df3d-44f0-9c56-88b487f5aeaa: shutdown LeaderState
2019-10-08 21:09:28,432 [main] INFO  impl.PendingRequests (PendingRequests.java:sendNotLeaderResponses(202)) - b11c6a09-df3d-44f0-9c56-88b487f5aeaa@group-F5B269E6970B-PendingRequests: sendNotLeaderResponses
2019-10-08 21:09:28,432 [org.apache.ratis.server.impl.LogAppender$AppenderDaemon$$Lambda$378/203622504@18c76560] WARN  server.GrpcLogAppender (GrpcLogAppender.java:mayWait(143)) - b11c6a09-df3d-44f0-9c56-88b487f5aeaa@group-F5B269E6970B->ffafc24f-f0e1-409e-982f-1c42cdb29933-GrpcLogAppender: Wait interrupted by java.lang.InterruptedException
2019-10-08 21:09:28,432 [org.apache.ratis.server.impl.LogAppender$AppenderDaemon$$Lambda$378/203622504@239fee5f] WARN  server.GrpcLogAppender (GrpcLogAppender.java:mayWait(143)) - b11c6a09-df3d-44f0-9c56-88b487f5aeaa@group-F5B269E6970B->d5a7e1c6-72c1-4128-a6c8-523374656d80-GrpcLogAppender: Wait interrupted by java.lang.InterruptedException
2019-10-08 21:09:28,432 [ffafc24f-f0e1-409e-982f-1c42cdb29933@group-F5B269E6970B-StateMachineUpdater] INFO  ratis.ContainerStateMachine (ContainerStateMachine.java:takeSnapshot(307)) - group-F5B269E6970B: Finished taking a snapshot at:(t:2, i:16) file:/workdir/hadoop-ozone/integration-test/target/test-dir/MiniOzoneClusterImpl-76b6f63f-e342-488e-8571-ba8c5b8db736/datanode-6/data/ratis/e6b7c99a-2439-4212-bd8f-f5b269e6970b/sm/snapshot.2_16 time:15
2019-10-08 21:09:28,436 [main] INFO  impl.StateMachineUpdater (StateMachineUpdater.java:stopAndJoin(136)) - b11c6a09-df3d-44f0-9c56-88b487f5aeaa@group-F5B269E6970B-StateMachineUpdater: set stopIndex = 17
2019-10-08 21:09:28,436 [b11c6a09-df3d-44f0-9c56-88b487f5aeaa@group-F5B269E6970B-StateMachineUpdater] INFO  ratis.ContainerStateMachine (ContainerStateMachine.java:takeSnapshot(296)) - group-F5B269E6970B: Taking a snapshot at:(t:2, i:17) file /workdir/hadoop-ozone/integration-test/target/test-dir/MiniOzoneClusterImpl-76b6f63f-e342-488e-8571-ba8c5b8db736/datanode-5/data/ratis/e6b7c99a-2439-4212-bd8f-f5b269e6970b/sm/snapshot.2_17
2019-10-08 21:09:28,436 [ffafc24f-f0e1-409e-982f-1c42cdb29933@group-F5B269E6970B-StateMachineUpdater] INFO  impl.StateMachineUpdater (StateMachineUpdater.java:takeSnapshot(269)) - ffafc24f-f0e1-409e-982f-1c42cdb29933@group-F5B269E6970B-StateMachineUpdater: Took a snapshot at index 16
2019-10-08 21:09:28,437 [grpc-default-executor-9] INFO  server.GrpcServerProtocolService (GrpcServerProtocolService.java:onCompleted(113)) - ffafc24f-f0e1-409e-982f-1c42cdb29933: Completed APPEND_ENTRIES, lastRequest: b11c6a09-df3d-44f0-9c56-88b487f5aeaa->ffafc24f-f0e1-409e-982f-1c42cdb29933#27-t2, previous=(t:2, i:17), leaderCommit=17, initializing? false, entries: <empty>
2019-10-08 21:09:28,437 [ffafc24f-f0e1-409e-982f-1c42cdb29933@group-F5B269E6970B-StateMachineUpdater] INFO  impl.StateMachineUpdater (StateMachineUpdater.java:lambda$new$0(84)) - ffafc24f-f0e1-409e-982f-1c42cdb29933@group-F5B269E6970B-StateMachineUpdater: snapshotIndex: updateIncreasingly -1 -> 16
2019-10-08 21:09:28,437 [ffafc24f-f0e1-409e-982f-1c42cdb29933@group-F5B269E6970B-StateMachineUpdater] INFO  ratis.ContainerStateMachine (ContainerStateMachine.java:takeSnapshot(296)) - group-F5B269E6970B: Taking a snapshot at:(t:2, i:16) file /workdir/hadoop-ozone/integration-test/target/test-dir/MiniOzoneClusterImpl-76b6f63f-e342-488e-8571-ba8c5b8db736/datanode-6/data/ratis/e6b7c99a-2439-4212-bd8f-f5b269e6970b/sm/snapshot.2_16
2019-10-08 21:09:28,437 [grpc-default-executor-9] INFO  server.GrpcLogAppender (GrpcLogAppender.java:onCompleted(293)) - b11c6a09-df3d-44f0-9c56-88b487f5aeaa@group-F5B269E6970B->ffafc24f-f0e1-409e-982f-1c42cdb29933-AppendLogResponseHandler: follower responses appendEntries COMPLETED
2019-10-08 21:09:28,438 [grpc-default-executor-9] INFO  impl.FollowerInfo (FollowerInfo.java:lambda$new$0(51)) - b11c6a09-df3d-44f0-9c56-88b487f5aeaa@group-F5B269E6970B->ffafc24f-f0e1-409e-982f-1c42cdb29933: nextIndex: updateUnconditionally 18 -> 17
2019-10-08 21:09:28,451 [b11c6a09-df3d-44f0-9c56-88b487f5aeaa@group-F5B269E6970B-StateMachineUpdater] INFO  ratis.ContainerStateMachine (ContainerStateMachine.java:takeSnapshot(307)) - group-F5B269E6970B: Finished taking a snapshot at:(t:2, i:17) file:/workdir/hadoop-ozone/integration-test/target/test-dir/MiniOzoneClusterImpl-76b6f63f-e342-488e-8571-ba8c5b8db736/datanode-5/data/ratis/e6b7c99a-2439-4212-bd8f-f5b269e6970b/sm/snapshot.2_17 time:15
2019-10-08 21:09:28,451 [ffafc24f-f0e1-409e-982f-1c42cdb29933@group-F5B269E6970B-StateMachineUpdater] INFO  ratis.ContainerStateMachine (ContainerStateMachine.java:takeSnapshot(307)) - group-F5B269E6970B: Finished taking a snapshot at:(t:2, i:16) file:/workdir/hadoop-ozone/integration-test/target/test-dir/MiniOzoneClusterImpl-76b6f63f-e342-488e-8571-ba8c5b8db736/datanode-6/data/ratis/e6b7c99a-2439-4212-bd8f-f5b269e6970b/sm/snapshot.2_16 time:14
2019-10-08 21:09:28,451 [b11c6a09-df3d-44f0-9c56-88b487f5aeaa@group-F5B269E6970B-StateMachineUpdater] INFO  impl.StateMachineUpdater (StateMachineUpdater.java:takeSnapshot(269)) - b11c6a09-df3d-44f0-9c56-88b487f5aeaa@group-F5B269E6970B-StateMachineUpdater: Took a snapshot at index 17
2019-10-08 21:09:28,452 [b11c6a09-df3d-44f0-9c56-88b487f5aeaa@group-F5B269E6970B-StateMachineUpdater] INFO  impl.StateMachineUpdater (StateMachineUpdater.java:lambda$new$0(84)) - b11c6a09-df3d-44f0-9c56-88b487f5aeaa@group-F5B269E6970B-StateMachineUpdater: snapshotIndex: updateIncreasingly -1 -> 17
2019-10-08 21:09:28,452 [main] INFO  impl.RaftServerImpl (ServerState.java:close(387)) - b11c6a09-df3d-44f0-9c56-88b487f5aeaa@group-F5B269E6970B: closes. applyIndex: 17
2019-10-08 21:09:28,452 [ffafc24f-f0e1-409e-982f-1c42cdb29933@group-F5B269E6970B-StateMachineUpdater] INFO  impl.StateMachineUpdater (StateMachineUpdater.java:takeSnapshot(269)) - ffafc24f-f0e1-409e-982f-1c42cdb29933@group-F5B269E6970B-StateMachineUpdater: Took a snapshot at index 16
2019-10-08 21:09:28,452 [ffafc24f-f0e1-409e-982f-1c42cdb29933@group-F5B269E6970B-StateMachineUpdater] INFO  impl.StateMachineUpdater (StateMachineUpdater.java:lambda$new$0(84)) - ffafc24f-f0e1-409e-982f-1c42cdb29933@group-F5B269E6970B-StateMachineUpdater: snapshotIndex: updateIncreasingly 16 -> 16
2019-10-08 21:09:28,452 [b11c6a09-df3d-44f0-9c56-88b487f5aeaa@group-F5B269E6970B-SegmentedRaftLogWorker] INFO  segmented.SegmentedRaftLogWorker (SegmentedRaftLogWorker.java:run(316)) - b11c6a09-df3d-44f0-9c56-88b487f5aeaa@group-F5B269E6970B-SegmentedRaftLogWorker was interrupted, exiting. There are 0 tasks remaining in the queue.
2019-10-08 21:09:28,452 [main] INFO  segmented.SegmentedRaftLogWorker (SegmentedRaftLogWorker.java:close(224)) - b11c6a09-df3d-44f0-9c56-88b487f5aeaa@group-F5B269E6970B-SegmentedRaftLogWorker close()
2019-10-08 21:09:28,452 [ForkJoinPool.commonPool-worker-0] INFO  impl.RaftServerImpl (ServerState.java:close(387)) - ffafc24f-f0e1-409e-982f-1c42cdb29933@group-F5B269E6970B: closes. applyIndex: 17
2019-10-08 21:09:28,453 [main] INFO  server.GrpcService (GrpcService.java:closeImpl(164)) - b11c6a09-df3d-44f0-9c56-88b487f5aeaa: shutdown server with port 37030 now
2019-10-08 21:09:28,453 [ffafc24f-f0e1-409e-982f-1c42cdb29933@group-F5B269E6970B-SegmentedRaftLogWorker] INFO  segmented.SegmentedRaftLogWorker (SegmentedRaftLogWorker.java:run(316)) - ffafc24f-f0e1-409e-982f-1c42cdb29933@group-F5B269E6970B-SegmentedRaftLogWorker was interrupted, exiting. There are 0 tasks remaining in the queue.
2019-10-08 21:09:28,453 [ForkJoinPool.commonPool-worker-0] INFO  segmented.SegmentedRaftLogWorker (SegmentedRaftLogWorker.java:close(224)) - ffafc24f-f0e1-409e-982f-1c42cdb29933@group-F5B269E6970B-SegmentedRaftLogWorker close()
2019-10-08 21:09:28,453 [ForkJoinPool.commonPool-worker-0] INFO  server.GrpcService (GrpcService.java:closeImpl(164)) - ffafc24f-f0e1-409e-982f-1c42cdb29933: shutdown server with port 42050 now
2019-10-08 21:09:28,453 [grpc-default-executor-6] WARN  client.GrpcClientProtocolService (LogUtils.java:warn(134)) - 1-UnorderedRequestStreamObserver1: onError: org.apache.ratis.thirdparty.io.grpc.StatusRuntimeException: CANCELLED: cancelled before receiving half close
2019-10-08 21:09:28,454 [main] INFO  server.GrpcService (GrpcService.java:closeImpl(172)) - b11c6a09-df3d-44f0-9c56-88b487f5aeaa: shutdown server with port 37030 successfully
2019-10-08 21:09:28,454 [ForkJoinPool.commonPool-worker-0] INFO  server.GrpcService (GrpcService.java:closeImpl(172)) - ffafc24f-f0e1-409e-982f-1c42cdb29933: shutdown server with port 42050 successfully
2019-10-08 21:09:28,455 [refreshUsed-/workdir/hadoop-ozone/integration-test/target/test-dir/MiniOzoneClusterImpl-76b6f63f-e342-488e-8571-ba8c5b8db736/datanode-5/data/containers] WARN  fs.CachingGetSpaceUsed (CachingGetSpaceUsed.java:run(183)) - Thread Interrupted waiting to refresh disk information: sleep interrupted
2019-10-08 21:09:28,462 [refreshUsed-/workdir/hadoop-ozone/integration-test/target/test-dir/MiniOzoneClusterImpl-76b6f63f-e342-488e-8571-ba8c5b8db736/datanode-6/data/containers] WARN  fs.CachingGetSpaceUsed (CachingGetSpaceUsed.java:run(183)) - Thread Interrupted waiting to refresh disk information: sleep interrupted
2019-10-08 21:09:28,478 [ForkJoinPool.commonPool-worker-0] INFO  utils.BackgroundService (BackgroundService.java:shutdown(151)) - Shutting down service BlockDeletingService
2019-10-08 21:09:28,482 [ForkJoinPool.commonPool-worker-0] INFO  statemachine.DatanodeStateMachine (DatanodeStateMachine.java:stopDaemon(395)) - Ozone container server stopped.
2019-10-08 21:09:28,485 [main] INFO  utils.BackgroundService (BackgroundService.java:shutdown(151)) - Shutting down service BlockDeletingService
2019-10-08 21:09:28,487 [ForkJoinPool.commonPool-worker-0] INFO  handler.ContextHandler (ContextHandler.java:doStop(910)) - Stopped o.e.j.w.WebAppContext@26275b46{/,null,UNAVAILABLE}{/hddsDatanode}
2019-10-08 21:09:28,491 [main] INFO  statemachine.DatanodeStateMachine (DatanodeStateMachine.java:stopDaemon(395)) - Ozone container server stopped.
2019-10-08 21:09:28,492 [ForkJoinPool.commonPool-worker-0] INFO  server.AbstractConnector (AbstractConnector.java:doStop(318)) - Stopped ServerConnector@3e9beef2{HTTP/1.1,[http/1.1]}{0.0.0.0:0}
2019-10-08 21:09:28,493 [ForkJoinPool.commonPool-worker-0] INFO  handler.ContextHandler (ContextHandler.java:doStop(910)) - Stopped o.e.j.s.ServletContextHandler@5f0f70c7{/static,jar:file:/home/user/.m2/repository/org/apache/hadoop/hadoop-hdds-container-service/0.5.0-SNAPSHOT/hadoop-hdds-container-service-0.5.0-SNAPSHOT.jar!/webapps/static,UNAVAILABLE}
2019-10-08 21:09:28,495 [ForkJoinPool.commonPool-worker-0] INFO  handler.ContextHandler (ContextHandler.java:doStop(910)) - Stopped o.e.j.s.ServletContextHandler@682618e5{/logs,file:///workdir/hadoop-ozone/integration-test/target/log,UNAVAILABLE}
2019-10-08 21:09:28,495 [main] INFO  handler.ContextHandler (ContextHandler.java:doStop(910)) - Stopped o.e.j.w.WebAppContext@73e4bb60{/,null,UNAVAILABLE}{/hddsDatanode}
2019-10-08 21:09:28,496 [main] INFO  server.AbstractConnector (AbstractConnector.java:doStop(318)) - Stopped ServerConnector@9a9aa68{HTTP/1.1,[http/1.1]}{0.0.0.0:0}
2019-10-08 21:09:28,496 [main] INFO  handler.ContextHandler (ContextHandler.java:doStop(910)) - Stopped o.e.j.s.ServletContextHandler@70fede7d{/static,jar:file:/home/user/.m2/repository/org/apache/hadoop/hadoop-hdds-container-service/0.5.0-SNAPSHOT/hadoop-hdds-container-service-0.5.0-SNAPSHOT.jar!/webapps/static,UNAVAILABLE}
2019-10-08 21:09:28,497 [main] INFO  handler.ContextHandler (ContextHandler.java:doStop(910)) - Stopped o.e.j.s.ServletContextHandler@682e445e{/logs,file:///workdir/hadoop-ozone/integration-test/target/log,UNAVAILABLE}
2019-10-08 21:09:28,498 [main] INFO  ozone.MiniOzoneClusterImpl (MiniOzoneClusterImpl.java:stopSCM(430)) - Stopping the StorageContainerManager
2019-10-08 21:09:28,498 [main] INFO  server.StorageContainerManager (StorageContainerManager.java:stop(810)) - Stopping Replication Manager Service.
2019-10-08 21:09:28,498 [main] INFO  container.ReplicationManager (ReplicationManager.java:stop(203)) - Stopping Replication Monitor Thread.
2019-10-08 21:09:28,498 [main] INFO  server.StorageContainerManager (StorageContainerManager.java:stop(817)) - Stopping Lease Manager of the command watchers
2019-10-08 21:09:28,498 [main] INFO  server.StorageContainerManager (StorageContainerManager.java:stop(824)) - Stopping datanode service RPC server
2019-10-08 21:09:28,498 [main] INFO  server.SCMDatanodeProtocolServer (SCMDatanodeProtocolServer.java:stop(346)) - Stopping the RPC server for DataNodes
2019-10-08 21:09:28,499 [main] INFO  ipc.Server (Server.java:stop(3082)) - Stopping server on 34893
2019-10-08 21:09:28,501 [IPC Server listener on 34893] INFO  ipc.Server (Server.java:run(1185)) - Stopping IPC Server listener on 34893
2019-10-08 21:09:28,501 [IPC Server Responder] INFO  ipc.Server (Server.java:run(1319)) - Stopping IPC Server Responder
2019-10-08 21:09:28,544 [SCM Heartbeat Processing Thread - 0] WARN  node.NodeStateManager (NodeStateManager.java:scheduleNextHealthCheck(646)) - Current Thread is interrupted, shutting down HB processing thread for Node Manager.
2019-10-08 21:09:28,544 [main] INFO  server.StorageContainerManager (StorageContainerManager.java:stop(832)) - Stopping block service RPC server
2019-10-08 21:09:28,545 [main] INFO  server.SCMBlockProtocolServer (SCMBlockProtocolServer.java:stop(155)) - Stopping the RPC server for Block Protocol
2019-10-08 21:09:28,545 [main] INFO  ipc.Server (Server.java:stop(3082)) - Stopping server on 32986
2019-10-08 21:09:28,548 [IPC Server listener on 32986] INFO  ipc.Server (Server.java:run(1185)) - Stopping IPC Server listener on 32986
2019-10-08 21:09:28,548 [main] INFO  server.StorageContainerManager (StorageContainerManager.java:stop(839)) - Stopping the StorageContainerLocationProtocol RPC server
2019-10-08 21:09:28,548 [IPC Server Responder] INFO  ipc.Server (Server.java:run(1319)) - Stopping IPC Server Responder
2019-10-08 21:09:28,550 [main] INFO  server.SCMClientProtocolServer (SCMClientProtocolServer.java:stop(168)) - Stopping the RPC server for Client Protocol
2019-10-08 21:09:28,550 [main] INFO  ipc.Server (Server.java:stop(3082)) - Stopping server on 41917
2019-10-08 21:09:28,552 [IPC Server listener on 41917] INFO  ipc.Server (Server.java:run(1185)) - Stopping IPC Server listener on 41917
2019-10-08 21:09:28,552 [main] INFO  server.StorageContainerManager (StorageContainerManager.java:stop(846)) - Stopping Storage Container Manager HTTP server.
2019-10-08 21:09:28,553 [IPC Server Responder] INFO  ipc.Server (Server.java:run(1319)) - Stopping IPC Server Responder
2019-10-08 21:09:28,554 [main] INFO  handler.ContextHandler (ContextHandler.java:doStop(910)) - Stopped o.e.j.w.WebAppContext@21e5f0b6{/,null,UNAVAILABLE}{/scm}
2019-10-08 21:09:28,555 [main] INFO  server.AbstractConnector (AbstractConnector.java:doStop(318)) - Stopped ServerConnector@93bf0e0{HTTP/1.1,[http/1.1]}{0.0.0.0:0}
2019-10-08 21:09:28,555 [main] INFO  handler.ContextHandler (ContextHandler.java:doStop(910)) - Stopped o.e.j.s.ServletContextHandler@70881123{/static,file:///workdir/hadoop-ozone/integration-test/target/test-classes/webapps/static,UNAVAILABLE}
2019-10-08 21:09:28,556 [main] INFO  handler.ContextHandler (ContextHandler.java:doStop(910)) - Stopped o.e.j.s.ServletContextHandler@53314f76{/logs,file:///workdir/hadoop-ozone/integration-test/target/log,UNAVAILABLE}
2019-10-08 21:09:28,556 [main] INFO  server.StorageContainerManager (StorageContainerManager.java:stop(857)) - Stopping Block Manager Service.
2019-10-08 21:09:28,557 [main] INFO  utils.BackgroundService (BackgroundService.java:shutdown(151)) - Shutting down service SCMBlockDeletingService
2019-10-08 21:09:28,557 [main] INFO  utils.BackgroundService (BackgroundService.java:shutdown(151)) - Shutting down service SCMBlockDeletingService
2019-10-08 21:09:28,558 [main] INFO  server.StorageContainerManager (StorageContainerManager.java:stop(879)) - Stopping SCM Event Queue.
2019-10-08 21:09:28,563 [main] INFO  impl.MetricsSystemImpl (MetricsSystemImpl.java:stop(210)) - Stopping HddsDatanode metrics system...
2019-10-08 21:09:28,600 [main] INFO  impl.MetricsSystemImpl (MetricsSystemImpl.java:stop(216)) - HddsDatanode metrics system stopped.
]]></system-out>
    <system-err><![CDATA[Oct 08, 2019 9:09:18 PM org.apache.ratis.thirdparty.io.grpc.internal.SerializingExecutor run
SEVERE: Exception while executing runnable org.apache.ratis.thirdparty.io.grpc.internal.ServerImpl$JumpToApplicationThreadServerStreamListener$1Closed@3903c509
org.apache.ratis.thirdparty.io.grpc.StatusRuntimeException: CANCELLED: call already cancelled
	at org.apache.ratis.thirdparty.io.grpc.Status.asRuntimeException(Status.java:517)
	at org.apache.ratis.thirdparty.io.grpc.stub.ServerCalls$ServerCallStreamObserverImpl.onCompleted(ServerCalls.java:356)
	at org.apache.ratis.grpc.server.GrpcServerProtocolService$ServerRequestStreamObserver.onError(GrpcServerProtocolService.java:121)
	at org.apache.ratis.thirdparty.io.grpc.stub.ServerCalls$StreamingServerCallHandler$StreamingServerCallListener.onCancel(ServerCalls.java:269)
	at org.apache.ratis.thirdparty.io.grpc.internal.ServerCallImpl$ServerStreamListenerImpl.closed(ServerCallImpl.java:293)
	at org.apache.ratis.thirdparty.io.grpc.internal.ServerImpl$JumpToApplicationThreadServerStreamListener$1Closed.runInContext(ServerImpl.java:741)
	at org.apache.ratis.thirdparty.io.grpc.internal.ContextRunnable.run(ContextRunnable.java:37)
	at org.apache.ratis.thirdparty.io.grpc.internal.SerializingExecutor.run(SerializingExecutor.java:123)
	at java.util.concurrent.ThreadPoolExecutor.runWorker(ThreadPoolExecutor.java:1149)
	at java.util.concurrent.ThreadPoolExecutor$Worker.run(ThreadPoolExecutor.java:624)
	at java.lang.Thread.run(Thread.java:748)

]]></system-err>
  </testcase>
  <testcase name="testFailureWithPrimeSizedData" classname="org.apache.hadoop.ozone.client.rpc.TestBlockOutputStreamWithFailures" time="38.262"/>
  <testcase name="testWatchForCommitWithCloseContainerException" classname="org.apache.hadoop.ozone.client.rpc.TestBlockOutputStreamWithFailures" time="38.457"/>
  <testcase name="testExceptionDuringClose" classname="org.apache.hadoop.ozone.client.rpc.TestBlockOutputStreamWithFailures" time="38.234"/>
</testsuite>