<?xml version="1.0" encoding="UTF-8"?>
<testsuite xmlns:xsi="http://www.w3.org/2001/XMLSchema-instance" xsi:noNamespaceSchemaLocation="https://maven.apache.org/surefire/maven-surefire-plugin/xsd/surefire-test-report.xsd" name="org.apache.hadoop.ozone.client.rpc.TestWatchForCommit" time="264.398" tests="5" errors="1" skipped="0" failures="0">
  <properties>
    <property name="awt.toolkit" value="sun.awt.X11.XToolkit"/>
    <property name="file.encoding.pkg" value="sun.io"/>
    <property name="java.specification.version" value="1.8"/>
    <property name="sun.cpu.isalist" value=""/>
    <property name="sun.jnu.encoding" value="UTF-8"/>
    <property name="java.class.path" value="/workdir/hadoop-ozone/integration-test/target/test-classes:/workdir/hadoop-ozone/integration-test/target/classes:/home/user/.m2/repository/org/apache/hadoop/hadoop-ozone-common/0.5.0-SNAPSHOT/hadoop-ozone-common-0.5.0-SNAPSHOT.jar:/home/user/.m2/repository/org/apache/commons/commons-compress/1.4.1/commons-compress-1.4.1.jar:/home/user/.m2/repository/org/tukaani/xz/1.0/xz-1.0.jar:/home/user/.m2/repository/org/apache/hadoop/hadoop-common/3.2.0/hadoop-common-3.2.0.jar:/home/user/.m2/repository/org/apache/hadoop/hadoop-hdfs/3.2.0/hadoop-hdfs-3.2.0.jar:/home/user/.m2/repository/org/apache/hadoop/hadoop-hdfs-client/3.2.0/hadoop-hdfs-client-3.2.0.jar:/home/user/.m2/repository/com/fasterxml/jackson/core/jackson-annotations/2.9.9/jackson-annotations-2.9.9.jar:/home/user/.m2/repository/org/apache/hadoop/hadoop-hdds-common/0.5.0-SNAPSHOT/hadoop-hdds-common-0.5.0-SNAPSHOT.jar:/home/user/.m2/repository/javax/annotation/javax.annotation-api/1.2/javax.annotation-api-1.2.jar:/home/user/.m2/repository/org/apache/ratis/ratis-server/0.5.0-201fc85-SNAPSHOT/ratis-server-0.5.0-201fc85-SNAPSHOT.jar:/home/user/.m2/repository/org/apache/ratis/ratis-thirdparty-misc/0.2.0/ratis-thirdparty-misc-0.2.0.jar:/home/user/.m2/repository/org/apache/ratis/ratis-proto/0.5.0-201fc85-SNAPSHOT/ratis-proto-0.5.0-201fc85-SNAPSHOT.jar:/home/user/.m2/repository/org/apache/ratis/ratis-common/0.5.0-201fc85-SNAPSHOT/ratis-common-0.5.0-201fc85-SNAPSHOT.jar:/home/user/.m2/repository/org/apache/ratis/ratis-client/0.5.0-201fc85-SNAPSHOT/ratis-client-0.5.0-201fc85-SNAPSHOT.jar:/home/user/.m2/repository/org/apache/ratis/ratis-metrics/0.5.0-201fc85-SNAPSHOT/ratis-metrics-0.5.0-201fc85-SNAPSHOT.jar:/home/user/.m2/repository/com/github/joshelser/dropwizard-metrics-hadoop-metrics2-reporter/0.1.2/dropwizard-metrics-hadoop-metrics2-reporter-0.1.2.jar:/home/user/.m2/repository/io/dropwizard/metrics/metrics-jvm/3.2.5/metrics-jvm-3.2.5.jar:/home/user/.m2/repository/io/dropwizard/metrics/metrics-ganglia/3.2.5/metrics-ganglia-3.2.5.jar:/home/user/.m2/repository/info/ganglia/gmetric4j/gmetric4j/1.0.7/gmetric4j-1.0.7.jar:/home/user/.m2/repository/org/apache/ratis/ratis-netty/0.5.0-201fc85-SNAPSHOT/ratis-netty-0.5.0-201fc85-SNAPSHOT.jar:/home/user/.m2/repository/org/apache/ratis/ratis-grpc/0.5.0-201fc85-SNAPSHOT/ratis-grpc-0.5.0-201fc85-SNAPSHOT.jar:/home/user/.m2/repository/org/rocksdb/rocksdbjni/6.0.1/rocksdbjni-6.0.1.jar:/home/user/.m2/repository/org/apache/logging/log4j/log4j-api/2.11.0/log4j-api-2.11.0.jar:/home/user/.m2/repository/org/apache/logging/log4j/log4j-core/2.11.0/log4j-core-2.11.0.jar:/home/user/.m2/repository/com/lmax/disruptor/3.4.2/disruptor-3.4.2.jar:/home/user/.m2/repository/org/apache/commons/commons-pool2/2.6.0/commons-pool2-2.6.0.jar:/home/user/.m2/repository/org/bouncycastle/bcpkix-jdk15on/1.60/bcpkix-jdk15on-1.60.jar:/home/user/.m2/repository/commons-validator/commons-validator/1.6/commons-validator-1.6.jar:/home/user/.m2/repository/commons-digester/commons-digester/1.8.1/commons-digester-1.8.1.jar:/home/user/.m2/repository/io/jaegertracing/jaeger-client/0.34.0/jaeger-client-0.34.0.jar:/home/user/.m2/repository/io/jaegertracing/jaeger-thrift/0.34.0/jaeger-thrift-0.34.0.jar:/home/user/.m2/repository/org/apache/thrift/libthrift/0.12.0/libthrift-0.12.0.jar:/home/user/.m2/repository/com/squareup/okhttp3/okhttp/3.9.0/okhttp-3.9.0.jar:/home/user/.m2/repository/com/squareup/okio/okio/1.13.0/okio-1.13.0.jar:/home/user/.m2/repository/io/jaegertracing/jaeger-core/0.34.0/jaeger-core-0.34.0.jar:/home/user/.m2/repository/io/jaegertracing/jaeger-tracerresolver/0.34.0/jaeger-tracerresolver-0.34.0.jar:/home/user/.m2/repository/io/opentracing/contrib/opentracing-tracerresolver/0.1.5/opentracing-tracerresolver-0.1.5.jar:/home/user/.m2/repository/io/opentracing/opentracing-util/0.31.0/opentracing-util-0.31.0.jar:/home/user/.m2/repository/io/opentracing/opentracing-api/0.31.0/opentracing-api-0.31.0.jar:/home/user/.m2/repository/io/opentracing/opentracing-noop/0.31.0/opentracing-noop-0.31.0.jar:/home/user/.m2/repository/org/apache/hadoop/hadoop-hdds-server-framework/0.5.0-SNAPSHOT/hadoop-hdds-server-framework-0.5.0-SNAPSHOT.jar:/home/user/.m2/repository/org/apache/hadoop/hadoop-hdds-container-service/0.5.0-SNAPSHOT/hadoop-hdds-container-service-0.5.0-SNAPSHOT.jar:/home/user/.m2/repository/org/apache/hadoop/hadoop-hdds-client/0.5.0-SNAPSHOT/hadoop-hdds-client-0.5.0-SNAPSHOT.jar:/home/user/.m2/repository/org/apache/hadoop/hadoop-hdds-tools/0.5.0-SNAPSHOT/hadoop-hdds-tools-0.5.0-SNAPSHOT.jar:/home/user/.m2/repository/org/apache/hadoop/hadoop-hdds-server-scm/0.5.0-SNAPSHOT/hadoop-hdds-server-scm-0.5.0-SNAPSHOT.jar:/home/user/.m2/repository/org/apache/hadoop/hadoop-hdds-docs/0.5.0-SNAPSHOT/hadoop-hdds-docs-0.5.0-SNAPSHOT.jar:/home/user/.m2/repository/io/dropwizard/metrics/metrics-core/3.2.4/metrics-core-3.2.4.jar:/home/user/.m2/repository/org/hamcrest/hamcrest-all/1.3/hamcrest-all-1.3.jar:/home/user/.m2/repository/org/bouncycastle/bcprov-jdk15on/1.60/bcprov-jdk15on-1.60.jar:/home/user/.m2/repository/info/picocli/picocli/3.9.6/picocli-3.9.6.jar:/home/user/.m2/repository/com/google/protobuf/protobuf-java/2.5.0/protobuf-java-2.5.0.jar:/home/user/.m2/repository/com/google/guava/guava/11.0.2/guava-11.0.2.jar:/home/user/.m2/repository/org/apache/hadoop/hadoop-ozone-ozone-manager/0.5.0-SNAPSHOT/hadoop-ozone-ozone-manager-0.5.0-SNAPSHOT.jar:/home/user/.m2/repository/org/apache/hadoop/hadoop-minikdc/3.2.0/hadoop-minikdc-3.2.0.jar:/home/user/.m2/repository/commons-io/commons-io/2.5/commons-io-2.5.jar:/home/user/.m2/repository/org/apache/kerby/kerb-simplekdc/1.0.1/kerb-simplekdc-1.0.1.jar:/home/user/.m2/repository/org/apache/kerby/kerb-client/1.0.1/kerb-client-1.0.1.jar:/home/user/.m2/repository/org/apache/kerby/kerby-config/1.0.1/kerby-config-1.0.1.jar:/home/user/.m2/repository/org/apache/kerby/kerb-core/1.0.1/kerb-core-1.0.1.jar:/home/user/.m2/repository/org/apache/kerby/kerby-pkix/1.0.1/kerby-pkix-1.0.1.jar:/home/user/.m2/repository/org/apache/kerby/kerby-asn1/1.0.1/kerby-asn1-1.0.1.jar:/home/user/.m2/repository/org/apache/kerby/kerby-util/1.0.1/kerby-util-1.0.1.jar:/home/user/.m2/repository/org/apache/kerby/kerb-common/1.0.1/kerb-common-1.0.1.jar:/home/user/.m2/repository/org/apache/kerby/kerb-crypto/1.0.1/kerb-crypto-1.0.1.jar:/home/user/.m2/repository/org/apache/kerby/kerb-util/1.0.1/kerb-util-1.0.1.jar:/home/user/.m2/repository/org/apache/kerby/token-provider/1.0.1/token-provider-1.0.1.jar:/home/user/.m2/repository/org/apache/kerby/kerb-admin/1.0.1/kerb-admin-1.0.1.jar:/home/user/.m2/repository/org/apache/kerby/kerb-server/1.0.1/kerb-server-1.0.1.jar:/home/user/.m2/repository/org/apache/kerby/kerb-identity/1.0.1/kerb-identity-1.0.1.jar:/home/user/.m2/repository/org/apache/kerby/kerby-xdr/1.0.1/kerby-xdr-1.0.1.jar:/home/user/.m2/repository/org/slf4j/slf4j-log4j12/1.7.25/slf4j-log4j12-1.7.25.jar:/home/user/.m2/repository/org/apache/hadoop/hadoop-ozone-s3gateway/0.5.0-SNAPSHOT/hadoop-ozone-s3gateway-0.5.0-SNAPSHOT.jar:/home/user/.m2/repository/org/jboss/weld/servlet/weld-servlet/2.4.7.Final/weld-servlet-2.4.7.Final.jar:/home/user/.m2/repository/org/glassfish/jersey/containers/jersey-container-servlet-core/2.27/jersey-container-servlet-core-2.27.jar:/home/user/.m2/repository/org/glassfish/hk2/external/javax.inject/2.5.0-b42/javax.inject-2.5.0-b42.jar:/home/user/.m2/repository/org/glassfish/jersey/core/jersey-common/2.27/jersey-common-2.27.jar:/home/user/.m2/repository/org/glassfish/hk2/osgi-resource-locator/1.0.1/osgi-resource-locator-1.0.1.jar:/home/user/.m2/repository/javax/ws/rs/javax.ws.rs-api/2.1/javax.ws.rs-api-2.1.jar:/home/user/.m2/repository/org/glassfish/jersey/ext/cdi/jersey-cdi1x/2.27/jersey-cdi1x-2.27.jar:/home/user/.m2/repository/org/glassfish/jersey/inject/jersey-hk2/2.27/jersey-hk2-2.27.jar:/home/user/.m2/repository/org/glassfish/hk2/hk2-locator/2.5.0-b42/hk2-locator-2.5.0-b42.jar:/home/user/.m2/repository/org/javassist/javassist/3.22.0-CR2/javassist-3.22.0-CR2.jar:/home/user/.m2/repository/org/glassfish/hk2/hk2-api/2.5.0/hk2-api-2.5.0.jar:/home/user/.m2/repository/org/glassfish/hk2/external/jakarta.inject/2.5.0/jakarta.inject-2.5.0.jar:/home/user/.m2/repository/org/glassfish/hk2/hk2-utils/2.5.0/hk2-utils-2.5.0.jar:/home/user/.m2/repository/jakarta/annotation/jakarta.annotation-api/1.3.4/jakarta.annotation-api-1.3.4.jar:/home/user/.m2/repository/org/glassfish/hk2/external/aopalliance-repackaged/2.5.0/aopalliance-repackaged-2.5.0.jar:/home/user/.m2/repository/com/fasterxml/jackson/dataformat/jackson-dataformat-xml/2.9.0/jackson-dataformat-xml-2.9.0.jar:/home/user/.m2/repository/com/fasterxml/jackson/core/jackson-core/2.9.9/jackson-core-2.9.9.jar:/home/user/.m2/repository/com/fasterxml/jackson/module/jackson-module-jaxb-annotations/2.9.9/jackson-module-jaxb-annotations-2.9.9.jar:/home/user/.m2/repository/javax/enterprise/cdi-api/1.2/cdi-api-1.2.jar:/home/user/.m2/repository/javax/el/javax.el-api/3.0.0/javax.el-api-3.0.0.jar:/home/user/.m2/repository/javax/interceptor/javax.interceptor-api/1.2/javax.interceptor-api-1.2.jar:/home/user/.m2/repository/javax/inject/javax.inject/1/javax.inject-1.jar:/home/user/.m2/repository/com/sun/xml/bind/jaxb-impl/2.3.0.1/jaxb-impl-2.3.0.1.jar:/home/user/.m2/repository/com/sun/xml/bind/jaxb-core/2.3.0.1/jaxb-core-2.3.0.1.jar:/home/user/.m2/repository/javax/xml/bind/jaxb-api/2.3.0/jaxb-api-2.3.0.jar:/home/user/.m2/repository/javax/activation/activation/1.1.1/activation-1.1.1.jar:/home/user/.m2/repository/org/apache/hadoop/hadoop-ozone-csi/0.5.0-SNAPSHOT/hadoop-ozone-csi-0.5.0-SNAPSHOT.jar:/home/user/.m2/repository/com/google/protobuf/protobuf-java-util/3.5.1/protobuf-java-util-3.5.1.jar:/home/user/.m2/repository/org/apache/hadoop/hadoop-hdds-config/0.5.0-SNAPSHOT/hadoop-hdds-config-0.5.0-SNAPSHOT.jar:/home/user/.m2/repository/io/grpc/grpc-netty/1.17.1/grpc-netty-1.17.1.jar:/home/user/.m2/repository/io/grpc/grpc-core/1.17.1/grpc-core-1.17.1.jar:/home/user/.m2/repository/io/grpc/grpc-context/1.17.1/grpc-context-1.17.1.jar:/home/user/.m2/repository/com/google/errorprone/error_prone_annotations/2.2.0/error_prone_annotations-2.2.0.jar:/home/user/.m2/repository/org/codehaus/mojo/animal-sniffer-annotations/1.17/animal-sniffer-annotations-1.17.jar:/home/user/.m2/repository/io/opencensus/opencensus-api/0.17.0/opencensus-api-0.17.0.jar:/home/user/.m2/repository/io/opencensus/opencensus-contrib-grpc-metrics/0.17.0/opencensus-contrib-grpc-metrics-0.17.0.jar:/home/user/.m2/repository/io/netty/netty-codec-http2/4.1.30.Final/netty-codec-http2-4.1.30.Final.jar:/home/user/.m2/repository/io/netty/netty-codec-http/4.1.30.Final/netty-codec-http-4.1.30.Final.jar:/home/user/.m2/repository/io/netty/netty-codec/4.1.30.Final/netty-codec-4.1.30.Final.jar:/home/user/.m2/repository/io/netty/netty-handler/4.1.30.Final/netty-handler-4.1.30.Final.jar:/home/user/.m2/repository/io/netty/netty-handler-proxy/4.1.30.Final/netty-handler-proxy-4.1.30.Final.jar:/home/user/.m2/repository/io/netty/netty-codec-socks/4.1.30.Final/netty-codec-socks-4.1.30.Final.jar:/home/user/.m2/repository/io/netty/netty-transport-native-epoll/4.1.30.Final/netty-transport-native-epoll-4.1.30.Final.jar:/home/user/.m2/repository/io/netty/netty-common/4.1.30.Final/netty-common-4.1.30.Final.jar:/home/user/.m2/repository/io/netty/netty-buffer/4.1.30.Final/netty-buffer-4.1.30.Final.jar:/home/user/.m2/repository/io/netty/netty-transport/4.1.30.Final/netty-transport-4.1.30.Final.jar:/home/user/.m2/repository/io/netty/netty-resolver/4.1.30.Final/netty-resolver-4.1.30.Final.jar:/home/user/.m2/repository/io/netty/netty-transport-native-unix-common/4.1.30.Final/netty-transport-native-unix-common-4.1.30.Final.jar:/home/user/.m2/repository/io/grpc/grpc-protobuf/1.17.1/grpc-protobuf-1.17.1.jar:/home/user/.m2/repository/com/google/api/grpc/proto-google-common-protos/1.0.0/proto-google-common-protos-1.0.0.jar:/home/user/.m2/repository/io/grpc/grpc-protobuf-lite/1.17.1/grpc-protobuf-lite-1.17.1.jar:/home/user/.m2/repository/io/grpc/grpc-stub/1.17.1/grpc-stub-1.17.1.jar:/home/user/.m2/repository/org/apache/hadoop/hadoop-ozone-recon/0.5.0-SNAPSHOT/hadoop-ozone-recon-0.5.0-SNAPSHOT.jar:/home/user/.m2/repository/org/apache/hadoop/hadoop-ozone-reconcodegen/0.5.0-SNAPSHOT/hadoop-ozone-reconcodegen-0.5.0-SNAPSHOT.jar:/home/user/.m2/repository/com/google/inject/extensions/guice-multibindings/4.0/guice-multibindings-4.0.jar:/home/user/.m2/repository/com/google/inject/guice/4.0/guice-4.0.jar:/home/user/.m2/repository/aopalliance/aopalliance/1.0/aopalliance-1.0.jar:/home/user/.m2/repository/com/google/inject/extensions/guice-servlet/4.0/guice-servlet-4.0.jar:/home/user/.m2/repository/org/glassfish/jersey/containers/jersey-container-servlet/2.27/jersey-container-servlet-2.27.jar:/home/user/.m2/repository/org/glassfish/hk2/guice-bridge/2.5.0/guice-bridge-2.5.0.jar:/home/user/.m2/repository/org/glassfish/jersey/core/jersey-server/2.27/jersey-server-2.27.jar:/home/user/.m2/repository/org/glassfish/jersey/core/jersey-client/2.27/jersey-client-2.27.jar:/home/user/.m2/repository/org/glassfish/jersey/media/jersey-media-jaxb/2.27/jersey-media-jaxb-2.27.jar:/home/user/.m2/repository/javax/validation/validation-api/1.1.0.Final/validation-api-1.1.0.Final.jar:/home/user/.m2/repository/org/glassfish/jersey/media/jersey-media-json-jackson/2.27/jersey-media-json-jackson-2.27.jar:/home/user/.m2/repository/org/glassfish/jersey/ext/jersey-entity-filtering/2.27/jersey-entity-filtering-2.27.jar:/home/user/.m2/repository/com/google/inject/extensions/guice-assistedinject/4.0/guice-assistedinject-4.0.jar:/home/user/.m2/repository/org/jooq/jooq/3.11.10/jooq-3.11.10.jar:/home/user/.m2/repository/org/jooq/jooq-meta/3.11.10/jooq-meta-3.11.10.jar:/home/user/.m2/repository/org/jooq/jooq-codegen/3.11.10/jooq-codegen-3.11.10.jar:/home/user/.m2/repository/com/jolbox/bonecp/0.8.0.RELEASE/bonecp-0.8.0.RELEASE.jar:/home/user/.m2/repository/org/xerial/sqlite-jdbc/3.25.2/sqlite-jdbc-3.25.2.jar:/home/user/.m2/repository/org/springframework/spring-jdbc/5.1.3.RELEASE/spring-jdbc-5.1.3.RELEASE.jar:/home/user/.m2/repository/org/springframework/spring-beans/5.1.3.RELEASE/spring-beans-5.1.3.RELEASE.jar:/home/user/.m2/repository/org/springframework/spring-core/5.1.3.RELEASE/spring-core-5.1.3.RELEASE.jar:/home/user/.m2/repository/org/springframework/spring-jcl/5.1.3.RELEASE/spring-jcl-5.1.3.RELEASE.jar:/home/user/.m2/repository/org/springframework/spring-tx/5.1.3.RELEASE/spring-tx-5.1.3.RELEASE.jar:/home/user/.m2/repository/org/apache/hadoop/hadoop-ozone-client/0.5.0-SNAPSHOT/hadoop-ozone-client-0.5.0-SNAPSHOT.jar:/home/user/.m2/repository/commons-lang/commons-lang/2.6/commons-lang-2.6.jar:/home/user/.m2/repository/org/apache/hadoop/hadoop-ozone-ozone-manager/0.5.0-SNAPSHOT/hadoop-ozone-ozone-manager-0.5.0-SNAPSHOT-tests.jar:/home/user/.m2/repository/junit/junit/4.11/junit-4.11.jar:/home/user/.m2/repository/org/hamcrest/hamcrest-core/1.3/hamcrest-core-1.3.jar:/home/user/.m2/repository/org/openjdk/jmh/jmh-core/1.19/jmh-core-1.19.jar:/home/user/.m2/repository/net/sf/jopt-simple/jopt-simple/4.6/jopt-simple-4.6.jar:/home/user/.m2/repository/org/apache/commons/commons-math3/3.1.1/commons-math3-3.1.1.jar:/home/user/.m2/repository/org/openjdk/jmh/jmh-generator-annprocess/1.19/jmh-generator-annprocess-1.19.jar:/home/user/.m2/repository/org/mockito/mockito-all/1.8.5/mockito-all-1.8.5.jar:/home/user/.m2/repository/org/apache/hadoop/hadoop-kms/3.2.0/hadoop-kms-3.2.0.jar:/home/user/.m2/repository/org/apache/hadoop/hadoop-auth/3.2.0/hadoop-auth-3.2.0.jar:/home/user/.m2/repository/com/nimbusds/nimbus-jose-jwt/4.41.1/nimbus-jose-jwt-4.41.1.jar:/home/user/.m2/repository/com/github/stephenc/jcip/jcip-annotations/1.0-1/jcip-annotations-1.0-1.jar:/home/user/.m2/repository/net/minidev/json-smart/2.3/json-smart-2.3.jar:/home/user/.m2/repository/net/minidev/accessors-smart/1.2/accessors-smart-1.2.jar:/home/user/.m2/repository/org/ow2/asm/asm/5.0.4/asm-5.0.4.jar:/home/user/.m2/repository/org/apache/curator/curator-framework/2.12.0/curator-framework-2.12.0.jar:/home/user/.m2/repository/com/sun/jersey/jersey-core/1.19/jersey-core-1.19.jar:/home/user/.m2/repository/javax/ws/rs/jsr311-api/1.1.1/jsr311-api-1.1.1.jar:/home/user/.m2/repository/com/sun/jersey/jersey-server/1.19/jersey-server-1.19.jar:/home/user/.m2/repository/javax/servlet/javax.servlet-api/3.1.0/javax.servlet-api-3.1.0.jar:/home/user/.m2/repository/org/eclipse/jetty/jetty-server/9.3.25.v20180904/jetty-server-9.3.25.v20180904.jar:/home/user/.m2/repository/org/eclipse/jetty/jetty-http/9.3.25.v20180904/jetty-http-9.3.25.v20180904.jar:/home/user/.m2/repository/org/eclipse/jetty/jetty-io/9.3.25.v20180904/jetty-io-9.3.25.v20180904.jar:/home/user/.m2/repository/org/eclipse/jetty/jetty-webapp/9.3.25.v20180904/jetty-webapp-9.3.25.v20180904.jar:/home/user/.m2/repository/org/eclipse/jetty/jetty-xml/9.3.25.v20180904/jetty-xml-9.3.25.v20180904.jar:/home/user/.m2/repository/log4j/log4j/1.2.17/log4j-1.2.17.jar:/home/user/.m2/repository/org/slf4j/slf4j-api/1.7.25/slf4j-api-1.7.25.jar:/home/user/.m2/repository/org/slf4j/jul-to-slf4j/1.7.25/jul-to-slf4j-1.7.25.jar:/home/user/.m2/repository/org/eclipse/jetty/jetty-util/9.3.25.v20180904/jetty-util-9.3.25.v20180904.jar:/home/user/.m2/repository/com/fasterxml/jackson/core/jackson-databind/2.9.9/jackson-databind-2.9.9.jar:/home/user/.m2/repository/org/apache/hadoop/hadoop-kms/3.2.0/hadoop-kms-3.2.0-tests.jar:/home/user/.m2/repository/org/apache/hadoop/hadoop-hdds-server-scm/0.5.0-SNAPSHOT/hadoop-hdds-server-scm-0.5.0-SNAPSHOT-tests.jar:/home/user/.m2/repository/org/apache/hadoop/hadoop-hdds-container-service/0.5.0-SNAPSHOT/hadoop-hdds-container-service-0.5.0-SNAPSHOT-tests.jar:/home/user/.m2/repository/org/yaml/snakeyaml/1.16/snakeyaml-1.16.jar:/home/user/.m2/repository/org/apache/hadoop/hadoop-common/3.2.0/hadoop-common-3.2.0-tests.jar:/home/user/.m2/repository/org/apache/hadoop/hadoop-annotations/3.2.0/hadoop-annotations-3.2.0.jar:/usr/lib/jvm/java-1.8-openjdk/jre/../lib/tools.jar:/home/user/.m2/repository/commons-cli/commons-cli/1.2/commons-cli-1.2.jar:/home/user/.m2/repository/org/apache/httpcomponents/httpclient/4.5.2/httpclient-4.5.2.jar:/home/user/.m2/repository/org/apache/httpcomponents/httpcore/4.4.4/httpcore-4.4.4.jar:/home/user/.m2/repository/commons-codec/commons-codec/1.11/commons-codec-1.11.jar:/home/user/.m2/repository/commons-net/commons-net/3.6/commons-net-3.6.jar:/home/user/.m2/repository/commons-collections/commons-collections/3.2.2/commons-collections-3.2.2.jar:/home/user/.m2/repository/org/eclipse/jetty/jetty-servlet/9.3.25.v20180904/jetty-servlet-9.3.25.v20180904.jar:/home/user/.m2/repository/org/eclipse/jetty/jetty-security/9.3.25.v20180904/jetty-security-9.3.25.v20180904.jar:/home/user/.m2/repository/javax/servlet/jsp/jsp-api/2.1/jsp-api-2.1.jar:/home/user/.m2/repository/com/sun/jersey/jersey-servlet/1.19/jersey-servlet-1.19.jar:/home/user/.m2/repository/com/sun/jersey/jersey-json/1.19/jersey-json-1.19.jar:/home/user/.m2/repository/org/codehaus/jettison/jettison/1.1/jettison-1.1.jar:/home/user/.m2/repository/org/codehaus/jackson/jackson-core-asl/1.9.13/jackson-core-asl-1.9.13.jar:/home/user/.m2/repository/org/codehaus/jackson/jackson-mapper-asl/1.9.13/jackson-mapper-asl-1.9.13.jar:/home/user/.m2/repository/org/codehaus/jackson/jackson-jaxrs/1.9.13/jackson-jaxrs-1.9.13.jar:/home/user/.m2/repository/org/codehaus/jackson/jackson-xc/1.9.13/jackson-xc-1.9.13.jar:/home/user/.m2/repository/commons-logging/commons-logging/1.1.3/commons-logging-1.1.3.jar:/home/user/.m2/repository/commons-beanutils/commons-beanutils/1.9.4/commons-beanutils-1.9.4.jar:/home/user/.m2/repository/org/apache/commons/commons-configuration2/2.1.1/commons-configuration2-2.1.1.jar:/home/user/.m2/repository/org/apache/commons/commons-lang3/3.7/commons-lang3-3.7.jar:/home/user/.m2/repository/org/apache/commons/commons-text/1.4/commons-text-1.4.jar:/home/user/.m2/repository/org/apache/avro/avro/1.7.7/avro-1.7.7.jar:/home/user/.m2/repository/com/thoughtworks/paranamer/paranamer/2.3/paranamer-2.3.jar:/home/user/.m2/repository/org/xerial/snappy/snappy-java/1.0.5/snappy-java-1.0.5.jar:/home/user/.m2/repository/com/google/re2j/re2j/1.1/re2j-1.1.jar:/home/user/.m2/repository/com/google/code/gson/gson/2.2.4/gson-2.2.4.jar:/home/user/.m2/repository/com/jcraft/jsch/0.1.54/jsch-0.1.54.jar:/home/user/.m2/repository/org/apache/curator/curator-client/2.12.0/curator-client-2.12.0.jar:/home/user/.m2/repository/org/apache/curator/curator-recipes/2.12.0/curator-recipes-2.12.0.jar:/home/user/.m2/repository/com/google/code/findbugs/jsr305/3.0.0/jsr305-3.0.0.jar:/home/user/.m2/repository/org/apache/htrace/htrace-core4/4.1.0-incubating/htrace-core4-4.1.0-incubating.jar:/home/user/.m2/repository/org/apache/zookeeper/zookeeper/3.4.13/zookeeper-3.4.13.jar:/home/user/.m2/repository/jline/jline/0.9.94/jline-0.9.94.jar:/home/user/.m2/repository/org/apache/yetus/audience-annotations/0.5.0/audience-annotations-0.5.0.jar:/home/user/.m2/repository/org/codehaus/woodstox/stax2-api/3.1.4/stax2-api-3.1.4.jar:/home/user/.m2/repository/com/fasterxml/woodstox/woodstox-core/5.0.3/woodstox-core-5.0.3.jar:/home/user/.m2/repository/dnsjava/dnsjava/2.1.7/dnsjava-2.1.7.jar:/home/user/.m2/repository/org/apache/hadoop/hadoop-hdfs/3.2.0/hadoop-hdfs-3.2.0-tests.jar:/home/user/.m2/repository/org/eclipse/jetty/jetty-util-ajax/9.3.25.v20180904/jetty-util-ajax-9.3.25.v20180904.jar:/home/user/.m2/repository/commons-daemon/commons-daemon/1.0.13/commons-daemon-1.0.13.jar:/home/user/.m2/repository/io/netty/netty/3.10.5.Final/netty-3.10.5.Final.jar:/home/user/.m2/repository/io/netty/netty-all/4.0.52.Final/netty-all-4.0.52.Final.jar:/home/user/.m2/repository/org/fusesource/leveldbjni/leveldbjni-all/1.8/leveldbjni-all-1.8.jar:"/>
    <property name="java.vm.vendor" value="IcedTea"/>
    <property name="sun.arch.data.model" value="64"/>
    <property name="test.build.dir" value="/workdir/hadoop-ozone/integration-test/target/test-dir"/>
    <property name="test.cache.data" value=""/>
    <property name="java.vendor.url" value="https://icedtea.classpath.org"/>
    <property name="user.timezone" value=""/>
    <property name="java.vm.specification.version" value="1.8"/>
    <property name="os.name" value="Linux"/>
    <property name="test.build.data" value="/workdir/hadoop-ozone/integration-test/target/test-dir"/>
    <property name="user.country" value="US"/>
    <property name="sun.java.launcher" value="SUN_STANDARD"/>
    <property name="sun.boot.library.path" value="/usr/lib/jvm/java-1.8-openjdk/jre/lib/amd64"/>
    <property name="sun.java.command" value="/workdir/hadoop-ozone/integration-test/target/surefire/surefirebooter5100460510122919138.jar /workdir/hadoop-ozone/integration-test/target/surefire 2019-10-03T13-01-38_560-jvmRun1 surefire6398817684168419881tmp surefire_61303319393392049605tmp"/>
    <property name="test" value="!TestMiniChaosOzoneCluster"/>
    <property name="surefire.test.class.path" value="/workdir/hadoop-ozone/integration-test/target/test-classes:/workdir/hadoop-ozone/integration-test/target/classes:/home/user/.m2/repository/org/apache/hadoop/hadoop-ozone-common/0.5.0-SNAPSHOT/hadoop-ozone-common-0.5.0-SNAPSHOT.jar:/home/user/.m2/repository/org/apache/commons/commons-compress/1.4.1/commons-compress-1.4.1.jar:/home/user/.m2/repository/org/tukaani/xz/1.0/xz-1.0.jar:/home/user/.m2/repository/org/apache/hadoop/hadoop-common/3.2.0/hadoop-common-3.2.0.jar:/home/user/.m2/repository/org/apache/hadoop/hadoop-hdfs/3.2.0/hadoop-hdfs-3.2.0.jar:/home/user/.m2/repository/org/apache/hadoop/hadoop-hdfs-client/3.2.0/hadoop-hdfs-client-3.2.0.jar:/home/user/.m2/repository/com/fasterxml/jackson/core/jackson-annotations/2.9.9/jackson-annotations-2.9.9.jar:/home/user/.m2/repository/org/apache/hadoop/hadoop-hdds-common/0.5.0-SNAPSHOT/hadoop-hdds-common-0.5.0-SNAPSHOT.jar:/home/user/.m2/repository/javax/annotation/javax.annotation-api/1.2/javax.annotation-api-1.2.jar:/home/user/.m2/repository/org/apache/ratis/ratis-server/0.5.0-201fc85-SNAPSHOT/ratis-server-0.5.0-201fc85-SNAPSHOT.jar:/home/user/.m2/repository/org/apache/ratis/ratis-thirdparty-misc/0.2.0/ratis-thirdparty-misc-0.2.0.jar:/home/user/.m2/repository/org/apache/ratis/ratis-proto/0.5.0-201fc85-SNAPSHOT/ratis-proto-0.5.0-201fc85-SNAPSHOT.jar:/home/user/.m2/repository/org/apache/ratis/ratis-common/0.5.0-201fc85-SNAPSHOT/ratis-common-0.5.0-201fc85-SNAPSHOT.jar:/home/user/.m2/repository/org/apache/ratis/ratis-client/0.5.0-201fc85-SNAPSHOT/ratis-client-0.5.0-201fc85-SNAPSHOT.jar:/home/user/.m2/repository/org/apache/ratis/ratis-metrics/0.5.0-201fc85-SNAPSHOT/ratis-metrics-0.5.0-201fc85-SNAPSHOT.jar:/home/user/.m2/repository/com/github/joshelser/dropwizard-metrics-hadoop-metrics2-reporter/0.1.2/dropwizard-metrics-hadoop-metrics2-reporter-0.1.2.jar:/home/user/.m2/repository/io/dropwizard/metrics/metrics-jvm/3.2.5/metrics-jvm-3.2.5.jar:/home/user/.m2/repository/io/dropwizard/metrics/metrics-ganglia/3.2.5/metrics-ganglia-3.2.5.jar:/home/user/.m2/repository/info/ganglia/gmetric4j/gmetric4j/1.0.7/gmetric4j-1.0.7.jar:/home/user/.m2/repository/org/apache/ratis/ratis-netty/0.5.0-201fc85-SNAPSHOT/ratis-netty-0.5.0-201fc85-SNAPSHOT.jar:/home/user/.m2/repository/org/apache/ratis/ratis-grpc/0.5.0-201fc85-SNAPSHOT/ratis-grpc-0.5.0-201fc85-SNAPSHOT.jar:/home/user/.m2/repository/org/rocksdb/rocksdbjni/6.0.1/rocksdbjni-6.0.1.jar:/home/user/.m2/repository/org/apache/logging/log4j/log4j-api/2.11.0/log4j-api-2.11.0.jar:/home/user/.m2/repository/org/apache/logging/log4j/log4j-core/2.11.0/log4j-core-2.11.0.jar:/home/user/.m2/repository/com/lmax/disruptor/3.4.2/disruptor-3.4.2.jar:/home/user/.m2/repository/org/apache/commons/commons-pool2/2.6.0/commons-pool2-2.6.0.jar:/home/user/.m2/repository/org/bouncycastle/bcpkix-jdk15on/1.60/bcpkix-jdk15on-1.60.jar:/home/user/.m2/repository/commons-validator/commons-validator/1.6/commons-validator-1.6.jar:/home/user/.m2/repository/commons-digester/commons-digester/1.8.1/commons-digester-1.8.1.jar:/home/user/.m2/repository/io/jaegertracing/jaeger-client/0.34.0/jaeger-client-0.34.0.jar:/home/user/.m2/repository/io/jaegertracing/jaeger-thrift/0.34.0/jaeger-thrift-0.34.0.jar:/home/user/.m2/repository/org/apache/thrift/libthrift/0.12.0/libthrift-0.12.0.jar:/home/user/.m2/repository/com/squareup/okhttp3/okhttp/3.9.0/okhttp-3.9.0.jar:/home/user/.m2/repository/com/squareup/okio/okio/1.13.0/okio-1.13.0.jar:/home/user/.m2/repository/io/jaegertracing/jaeger-core/0.34.0/jaeger-core-0.34.0.jar:/home/user/.m2/repository/io/jaegertracing/jaeger-tracerresolver/0.34.0/jaeger-tracerresolver-0.34.0.jar:/home/user/.m2/repository/io/opentracing/contrib/opentracing-tracerresolver/0.1.5/opentracing-tracerresolver-0.1.5.jar:/home/user/.m2/repository/io/opentracing/opentracing-util/0.31.0/opentracing-util-0.31.0.jar:/home/user/.m2/repository/io/opentracing/opentracing-api/0.31.0/opentracing-api-0.31.0.jar:/home/user/.m2/repository/io/opentracing/opentracing-noop/0.31.0/opentracing-noop-0.31.0.jar:/home/user/.m2/repository/org/apache/hadoop/hadoop-hdds-server-framework/0.5.0-SNAPSHOT/hadoop-hdds-server-framework-0.5.0-SNAPSHOT.jar:/home/user/.m2/repository/org/apache/hadoop/hadoop-hdds-container-service/0.5.0-SNAPSHOT/hadoop-hdds-container-service-0.5.0-SNAPSHOT.jar:/home/user/.m2/repository/org/apache/hadoop/hadoop-hdds-client/0.5.0-SNAPSHOT/hadoop-hdds-client-0.5.0-SNAPSHOT.jar:/home/user/.m2/repository/org/apache/hadoop/hadoop-hdds-tools/0.5.0-SNAPSHOT/hadoop-hdds-tools-0.5.0-SNAPSHOT.jar:/home/user/.m2/repository/org/apache/hadoop/hadoop-hdds-server-scm/0.5.0-SNAPSHOT/hadoop-hdds-server-scm-0.5.0-SNAPSHOT.jar:/home/user/.m2/repository/org/apache/hadoop/hadoop-hdds-docs/0.5.0-SNAPSHOT/hadoop-hdds-docs-0.5.0-SNAPSHOT.jar:/home/user/.m2/repository/io/dropwizard/metrics/metrics-core/3.2.4/metrics-core-3.2.4.jar:/home/user/.m2/repository/org/hamcrest/hamcrest-all/1.3/hamcrest-all-1.3.jar:/home/user/.m2/repository/org/bouncycastle/bcprov-jdk15on/1.60/bcprov-jdk15on-1.60.jar:/home/user/.m2/repository/info/picocli/picocli/3.9.6/picocli-3.9.6.jar:/home/user/.m2/repository/com/google/protobuf/protobuf-java/2.5.0/protobuf-java-2.5.0.jar:/home/user/.m2/repository/com/google/guava/guava/11.0.2/guava-11.0.2.jar:/home/user/.m2/repository/org/apache/hadoop/hadoop-ozone-ozone-manager/0.5.0-SNAPSHOT/hadoop-ozone-ozone-manager-0.5.0-SNAPSHOT.jar:/home/user/.m2/repository/org/apache/hadoop/hadoop-minikdc/3.2.0/hadoop-minikdc-3.2.0.jar:/home/user/.m2/repository/commons-io/commons-io/2.5/commons-io-2.5.jar:/home/user/.m2/repository/org/apache/kerby/kerb-simplekdc/1.0.1/kerb-simplekdc-1.0.1.jar:/home/user/.m2/repository/org/apache/kerby/kerb-client/1.0.1/kerb-client-1.0.1.jar:/home/user/.m2/repository/org/apache/kerby/kerby-config/1.0.1/kerby-config-1.0.1.jar:/home/user/.m2/repository/org/apache/kerby/kerb-core/1.0.1/kerb-core-1.0.1.jar:/home/user/.m2/repository/org/apache/kerby/kerby-pkix/1.0.1/kerby-pkix-1.0.1.jar:/home/user/.m2/repository/org/apache/kerby/kerby-asn1/1.0.1/kerby-asn1-1.0.1.jar:/home/user/.m2/repository/org/apache/kerby/kerby-util/1.0.1/kerby-util-1.0.1.jar:/home/user/.m2/repository/org/apache/kerby/kerb-common/1.0.1/kerb-common-1.0.1.jar:/home/user/.m2/repository/org/apache/kerby/kerb-crypto/1.0.1/kerb-crypto-1.0.1.jar:/home/user/.m2/repository/org/apache/kerby/kerb-util/1.0.1/kerb-util-1.0.1.jar:/home/user/.m2/repository/org/apache/kerby/token-provider/1.0.1/token-provider-1.0.1.jar:/home/user/.m2/repository/org/apache/kerby/kerb-admin/1.0.1/kerb-admin-1.0.1.jar:/home/user/.m2/repository/org/apache/kerby/kerb-server/1.0.1/kerb-server-1.0.1.jar:/home/user/.m2/repository/org/apache/kerby/kerb-identity/1.0.1/kerb-identity-1.0.1.jar:/home/user/.m2/repository/org/apache/kerby/kerby-xdr/1.0.1/kerby-xdr-1.0.1.jar:/home/user/.m2/repository/org/slf4j/slf4j-log4j12/1.7.25/slf4j-log4j12-1.7.25.jar:/home/user/.m2/repository/org/apache/hadoop/hadoop-ozone-s3gateway/0.5.0-SNAPSHOT/hadoop-ozone-s3gateway-0.5.0-SNAPSHOT.jar:/home/user/.m2/repository/org/jboss/weld/servlet/weld-servlet/2.4.7.Final/weld-servlet-2.4.7.Final.jar:/home/user/.m2/repository/org/glassfish/jersey/containers/jersey-container-servlet-core/2.27/jersey-container-servlet-core-2.27.jar:/home/user/.m2/repository/org/glassfish/hk2/external/javax.inject/2.5.0-b42/javax.inject-2.5.0-b42.jar:/home/user/.m2/repository/org/glassfish/jersey/core/jersey-common/2.27/jersey-common-2.27.jar:/home/user/.m2/repository/org/glassfish/hk2/osgi-resource-locator/1.0.1/osgi-resource-locator-1.0.1.jar:/home/user/.m2/repository/javax/ws/rs/javax.ws.rs-api/2.1/javax.ws.rs-api-2.1.jar:/home/user/.m2/repository/org/glassfish/jersey/ext/cdi/jersey-cdi1x/2.27/jersey-cdi1x-2.27.jar:/home/user/.m2/repository/org/glassfish/jersey/inject/jersey-hk2/2.27/jersey-hk2-2.27.jar:/home/user/.m2/repository/org/glassfish/hk2/hk2-locator/2.5.0-b42/hk2-locator-2.5.0-b42.jar:/home/user/.m2/repository/org/javassist/javassist/3.22.0-CR2/javassist-3.22.0-CR2.jar:/home/user/.m2/repository/org/glassfish/hk2/hk2-api/2.5.0/hk2-api-2.5.0.jar:/home/user/.m2/repository/org/glassfish/hk2/external/jakarta.inject/2.5.0/jakarta.inject-2.5.0.jar:/home/user/.m2/repository/org/glassfish/hk2/hk2-utils/2.5.0/hk2-utils-2.5.0.jar:/home/user/.m2/repository/jakarta/annotation/jakarta.annotation-api/1.3.4/jakarta.annotation-api-1.3.4.jar:/home/user/.m2/repository/org/glassfish/hk2/external/aopalliance-repackaged/2.5.0/aopalliance-repackaged-2.5.0.jar:/home/user/.m2/repository/com/fasterxml/jackson/dataformat/jackson-dataformat-xml/2.9.0/jackson-dataformat-xml-2.9.0.jar:/home/user/.m2/repository/com/fasterxml/jackson/core/jackson-core/2.9.9/jackson-core-2.9.9.jar:/home/user/.m2/repository/com/fasterxml/jackson/module/jackson-module-jaxb-annotations/2.9.9/jackson-module-jaxb-annotations-2.9.9.jar:/home/user/.m2/repository/javax/enterprise/cdi-api/1.2/cdi-api-1.2.jar:/home/user/.m2/repository/javax/el/javax.el-api/3.0.0/javax.el-api-3.0.0.jar:/home/user/.m2/repository/javax/interceptor/javax.interceptor-api/1.2/javax.interceptor-api-1.2.jar:/home/user/.m2/repository/javax/inject/javax.inject/1/javax.inject-1.jar:/home/user/.m2/repository/com/sun/xml/bind/jaxb-impl/2.3.0.1/jaxb-impl-2.3.0.1.jar:/home/user/.m2/repository/com/sun/xml/bind/jaxb-core/2.3.0.1/jaxb-core-2.3.0.1.jar:/home/user/.m2/repository/javax/xml/bind/jaxb-api/2.3.0/jaxb-api-2.3.0.jar:/home/user/.m2/repository/javax/activation/activation/1.1.1/activation-1.1.1.jar:/home/user/.m2/repository/org/apache/hadoop/hadoop-ozone-csi/0.5.0-SNAPSHOT/hadoop-ozone-csi-0.5.0-SNAPSHOT.jar:/home/user/.m2/repository/com/google/protobuf/protobuf-java-util/3.5.1/protobuf-java-util-3.5.1.jar:/home/user/.m2/repository/org/apache/hadoop/hadoop-hdds-config/0.5.0-SNAPSHOT/hadoop-hdds-config-0.5.0-SNAPSHOT.jar:/home/user/.m2/repository/io/grpc/grpc-netty/1.17.1/grpc-netty-1.17.1.jar:/home/user/.m2/repository/io/grpc/grpc-core/1.17.1/grpc-core-1.17.1.jar:/home/user/.m2/repository/io/grpc/grpc-context/1.17.1/grpc-context-1.17.1.jar:/home/user/.m2/repository/com/google/errorprone/error_prone_annotations/2.2.0/error_prone_annotations-2.2.0.jar:/home/user/.m2/repository/org/codehaus/mojo/animal-sniffer-annotations/1.17/animal-sniffer-annotations-1.17.jar:/home/user/.m2/repository/io/opencensus/opencensus-api/0.17.0/opencensus-api-0.17.0.jar:/home/user/.m2/repository/io/opencensus/opencensus-contrib-grpc-metrics/0.17.0/opencensus-contrib-grpc-metrics-0.17.0.jar:/home/user/.m2/repository/io/netty/netty-codec-http2/4.1.30.Final/netty-codec-http2-4.1.30.Final.jar:/home/user/.m2/repository/io/netty/netty-codec-http/4.1.30.Final/netty-codec-http-4.1.30.Final.jar:/home/user/.m2/repository/io/netty/netty-codec/4.1.30.Final/netty-codec-4.1.30.Final.jar:/home/user/.m2/repository/io/netty/netty-handler/4.1.30.Final/netty-handler-4.1.30.Final.jar:/home/user/.m2/repository/io/netty/netty-handler-proxy/4.1.30.Final/netty-handler-proxy-4.1.30.Final.jar:/home/user/.m2/repository/io/netty/netty-codec-socks/4.1.30.Final/netty-codec-socks-4.1.30.Final.jar:/home/user/.m2/repository/io/netty/netty-transport-native-epoll/4.1.30.Final/netty-transport-native-epoll-4.1.30.Final.jar:/home/user/.m2/repository/io/netty/netty-common/4.1.30.Final/netty-common-4.1.30.Final.jar:/home/user/.m2/repository/io/netty/netty-buffer/4.1.30.Final/netty-buffer-4.1.30.Final.jar:/home/user/.m2/repository/io/netty/netty-transport/4.1.30.Final/netty-transport-4.1.30.Final.jar:/home/user/.m2/repository/io/netty/netty-resolver/4.1.30.Final/netty-resolver-4.1.30.Final.jar:/home/user/.m2/repository/io/netty/netty-transport-native-unix-common/4.1.30.Final/netty-transport-native-unix-common-4.1.30.Final.jar:/home/user/.m2/repository/io/grpc/grpc-protobuf/1.17.1/grpc-protobuf-1.17.1.jar:/home/user/.m2/repository/com/google/api/grpc/proto-google-common-protos/1.0.0/proto-google-common-protos-1.0.0.jar:/home/user/.m2/repository/io/grpc/grpc-protobuf-lite/1.17.1/grpc-protobuf-lite-1.17.1.jar:/home/user/.m2/repository/io/grpc/grpc-stub/1.17.1/grpc-stub-1.17.1.jar:/home/user/.m2/repository/org/apache/hadoop/hadoop-ozone-recon/0.5.0-SNAPSHOT/hadoop-ozone-recon-0.5.0-SNAPSHOT.jar:/home/user/.m2/repository/org/apache/hadoop/hadoop-ozone-reconcodegen/0.5.0-SNAPSHOT/hadoop-ozone-reconcodegen-0.5.0-SNAPSHOT.jar:/home/user/.m2/repository/com/google/inject/extensions/guice-multibindings/4.0/guice-multibindings-4.0.jar:/home/user/.m2/repository/com/google/inject/guice/4.0/guice-4.0.jar:/home/user/.m2/repository/aopalliance/aopalliance/1.0/aopalliance-1.0.jar:/home/user/.m2/repository/com/google/inject/extensions/guice-servlet/4.0/guice-servlet-4.0.jar:/home/user/.m2/repository/org/glassfish/jersey/containers/jersey-container-servlet/2.27/jersey-container-servlet-2.27.jar:/home/user/.m2/repository/org/glassfish/hk2/guice-bridge/2.5.0/guice-bridge-2.5.0.jar:/home/user/.m2/repository/org/glassfish/jersey/core/jersey-server/2.27/jersey-server-2.27.jar:/home/user/.m2/repository/org/glassfish/jersey/core/jersey-client/2.27/jersey-client-2.27.jar:/home/user/.m2/repository/org/glassfish/jersey/media/jersey-media-jaxb/2.27/jersey-media-jaxb-2.27.jar:/home/user/.m2/repository/javax/validation/validation-api/1.1.0.Final/validation-api-1.1.0.Final.jar:/home/user/.m2/repository/org/glassfish/jersey/media/jersey-media-json-jackson/2.27/jersey-media-json-jackson-2.27.jar:/home/user/.m2/repository/org/glassfish/jersey/ext/jersey-entity-filtering/2.27/jersey-entity-filtering-2.27.jar:/home/user/.m2/repository/com/google/inject/extensions/guice-assistedinject/4.0/guice-assistedinject-4.0.jar:/home/user/.m2/repository/org/jooq/jooq/3.11.10/jooq-3.11.10.jar:/home/user/.m2/repository/org/jooq/jooq-meta/3.11.10/jooq-meta-3.11.10.jar:/home/user/.m2/repository/org/jooq/jooq-codegen/3.11.10/jooq-codegen-3.11.10.jar:/home/user/.m2/repository/com/jolbox/bonecp/0.8.0.RELEASE/bonecp-0.8.0.RELEASE.jar:/home/user/.m2/repository/org/xerial/sqlite-jdbc/3.25.2/sqlite-jdbc-3.25.2.jar:/home/user/.m2/repository/org/springframework/spring-jdbc/5.1.3.RELEASE/spring-jdbc-5.1.3.RELEASE.jar:/home/user/.m2/repository/org/springframework/spring-beans/5.1.3.RELEASE/spring-beans-5.1.3.RELEASE.jar:/home/user/.m2/repository/org/springframework/spring-core/5.1.3.RELEASE/spring-core-5.1.3.RELEASE.jar:/home/user/.m2/repository/org/springframework/spring-jcl/5.1.3.RELEASE/spring-jcl-5.1.3.RELEASE.jar:/home/user/.m2/repository/org/springframework/spring-tx/5.1.3.RELEASE/spring-tx-5.1.3.RELEASE.jar:/home/user/.m2/repository/org/apache/hadoop/hadoop-ozone-client/0.5.0-SNAPSHOT/hadoop-ozone-client-0.5.0-SNAPSHOT.jar:/home/user/.m2/repository/commons-lang/commons-lang/2.6/commons-lang-2.6.jar:/home/user/.m2/repository/org/apache/hadoop/hadoop-ozone-ozone-manager/0.5.0-SNAPSHOT/hadoop-ozone-ozone-manager-0.5.0-SNAPSHOT-tests.jar:/home/user/.m2/repository/junit/junit/4.11/junit-4.11.jar:/home/user/.m2/repository/org/hamcrest/hamcrest-core/1.3/hamcrest-core-1.3.jar:/home/user/.m2/repository/org/openjdk/jmh/jmh-core/1.19/jmh-core-1.19.jar:/home/user/.m2/repository/net/sf/jopt-simple/jopt-simple/4.6/jopt-simple-4.6.jar:/home/user/.m2/repository/org/apache/commons/commons-math3/3.1.1/commons-math3-3.1.1.jar:/home/user/.m2/repository/org/openjdk/jmh/jmh-generator-annprocess/1.19/jmh-generator-annprocess-1.19.jar:/home/user/.m2/repository/org/mockito/mockito-all/1.8.5/mockito-all-1.8.5.jar:/home/user/.m2/repository/org/apache/hadoop/hadoop-kms/3.2.0/hadoop-kms-3.2.0.jar:/home/user/.m2/repository/org/apache/hadoop/hadoop-auth/3.2.0/hadoop-auth-3.2.0.jar:/home/user/.m2/repository/com/nimbusds/nimbus-jose-jwt/4.41.1/nimbus-jose-jwt-4.41.1.jar:/home/user/.m2/repository/com/github/stephenc/jcip/jcip-annotations/1.0-1/jcip-annotations-1.0-1.jar:/home/user/.m2/repository/net/minidev/json-smart/2.3/json-smart-2.3.jar:/home/user/.m2/repository/net/minidev/accessors-smart/1.2/accessors-smart-1.2.jar:/home/user/.m2/repository/org/ow2/asm/asm/5.0.4/asm-5.0.4.jar:/home/user/.m2/repository/org/apache/curator/curator-framework/2.12.0/curator-framework-2.12.0.jar:/home/user/.m2/repository/com/sun/jersey/jersey-core/1.19/jersey-core-1.19.jar:/home/user/.m2/repository/javax/ws/rs/jsr311-api/1.1.1/jsr311-api-1.1.1.jar:/home/user/.m2/repository/com/sun/jersey/jersey-server/1.19/jersey-server-1.19.jar:/home/user/.m2/repository/javax/servlet/javax.servlet-api/3.1.0/javax.servlet-api-3.1.0.jar:/home/user/.m2/repository/org/eclipse/jetty/jetty-server/9.3.25.v20180904/jetty-server-9.3.25.v20180904.jar:/home/user/.m2/repository/org/eclipse/jetty/jetty-http/9.3.25.v20180904/jetty-http-9.3.25.v20180904.jar:/home/user/.m2/repository/org/eclipse/jetty/jetty-io/9.3.25.v20180904/jetty-io-9.3.25.v20180904.jar:/home/user/.m2/repository/org/eclipse/jetty/jetty-webapp/9.3.25.v20180904/jetty-webapp-9.3.25.v20180904.jar:/home/user/.m2/repository/org/eclipse/jetty/jetty-xml/9.3.25.v20180904/jetty-xml-9.3.25.v20180904.jar:/home/user/.m2/repository/log4j/log4j/1.2.17/log4j-1.2.17.jar:/home/user/.m2/repository/org/slf4j/slf4j-api/1.7.25/slf4j-api-1.7.25.jar:/home/user/.m2/repository/org/slf4j/jul-to-slf4j/1.7.25/jul-to-slf4j-1.7.25.jar:/home/user/.m2/repository/org/eclipse/jetty/jetty-util/9.3.25.v20180904/jetty-util-9.3.25.v20180904.jar:/home/user/.m2/repository/com/fasterxml/jackson/core/jackson-databind/2.9.9/jackson-databind-2.9.9.jar:/home/user/.m2/repository/org/apache/hadoop/hadoop-kms/3.2.0/hadoop-kms-3.2.0-tests.jar:/home/user/.m2/repository/org/apache/hadoop/hadoop-hdds-server-scm/0.5.0-SNAPSHOT/hadoop-hdds-server-scm-0.5.0-SNAPSHOT-tests.jar:/home/user/.m2/repository/org/apache/hadoop/hadoop-hdds-container-service/0.5.0-SNAPSHOT/hadoop-hdds-container-service-0.5.0-SNAPSHOT-tests.jar:/home/user/.m2/repository/org/yaml/snakeyaml/1.16/snakeyaml-1.16.jar:/home/user/.m2/repository/org/apache/hadoop/hadoop-common/3.2.0/hadoop-common-3.2.0-tests.jar:/home/user/.m2/repository/org/apache/hadoop/hadoop-annotations/3.2.0/hadoop-annotations-3.2.0.jar:/usr/lib/jvm/java-1.8-openjdk/jre/../lib/tools.jar:/home/user/.m2/repository/commons-cli/commons-cli/1.2/commons-cli-1.2.jar:/home/user/.m2/repository/org/apache/httpcomponents/httpclient/4.5.2/httpclient-4.5.2.jar:/home/user/.m2/repository/org/apache/httpcomponents/httpcore/4.4.4/httpcore-4.4.4.jar:/home/user/.m2/repository/commons-codec/commons-codec/1.11/commons-codec-1.11.jar:/home/user/.m2/repository/commons-net/commons-net/3.6/commons-net-3.6.jar:/home/user/.m2/repository/commons-collections/commons-collections/3.2.2/commons-collections-3.2.2.jar:/home/user/.m2/repository/org/eclipse/jetty/jetty-servlet/9.3.25.v20180904/jetty-servlet-9.3.25.v20180904.jar:/home/user/.m2/repository/org/eclipse/jetty/jetty-security/9.3.25.v20180904/jetty-security-9.3.25.v20180904.jar:/home/user/.m2/repository/javax/servlet/jsp/jsp-api/2.1/jsp-api-2.1.jar:/home/user/.m2/repository/com/sun/jersey/jersey-servlet/1.19/jersey-servlet-1.19.jar:/home/user/.m2/repository/com/sun/jersey/jersey-json/1.19/jersey-json-1.19.jar:/home/user/.m2/repository/org/codehaus/jettison/jettison/1.1/jettison-1.1.jar:/home/user/.m2/repository/org/codehaus/jackson/jackson-core-asl/1.9.13/jackson-core-asl-1.9.13.jar:/home/user/.m2/repository/org/codehaus/jackson/jackson-mapper-asl/1.9.13/jackson-mapper-asl-1.9.13.jar:/home/user/.m2/repository/org/codehaus/jackson/jackson-jaxrs/1.9.13/jackson-jaxrs-1.9.13.jar:/home/user/.m2/repository/org/codehaus/jackson/jackson-xc/1.9.13/jackson-xc-1.9.13.jar:/home/user/.m2/repository/commons-logging/commons-logging/1.1.3/commons-logging-1.1.3.jar:/home/user/.m2/repository/commons-beanutils/commons-beanutils/1.9.4/commons-beanutils-1.9.4.jar:/home/user/.m2/repository/org/apache/commons/commons-configuration2/2.1.1/commons-configuration2-2.1.1.jar:/home/user/.m2/repository/org/apache/commons/commons-lang3/3.7/commons-lang3-3.7.jar:/home/user/.m2/repository/org/apache/commons/commons-text/1.4/commons-text-1.4.jar:/home/user/.m2/repository/org/apache/avro/avro/1.7.7/avro-1.7.7.jar:/home/user/.m2/repository/com/thoughtworks/paranamer/paranamer/2.3/paranamer-2.3.jar:/home/user/.m2/repository/org/xerial/snappy/snappy-java/1.0.5/snappy-java-1.0.5.jar:/home/user/.m2/repository/com/google/re2j/re2j/1.1/re2j-1.1.jar:/home/user/.m2/repository/com/google/code/gson/gson/2.2.4/gson-2.2.4.jar:/home/user/.m2/repository/com/jcraft/jsch/0.1.54/jsch-0.1.54.jar:/home/user/.m2/repository/org/apache/curator/curator-client/2.12.0/curator-client-2.12.0.jar:/home/user/.m2/repository/org/apache/curator/curator-recipes/2.12.0/curator-recipes-2.12.0.jar:/home/user/.m2/repository/com/google/code/findbugs/jsr305/3.0.0/jsr305-3.0.0.jar:/home/user/.m2/repository/org/apache/htrace/htrace-core4/4.1.0-incubating/htrace-core4-4.1.0-incubating.jar:/home/user/.m2/repository/org/apache/zookeeper/zookeeper/3.4.13/zookeeper-3.4.13.jar:/home/user/.m2/repository/jline/jline/0.9.94/jline-0.9.94.jar:/home/user/.m2/repository/org/apache/yetus/audience-annotations/0.5.0/audience-annotations-0.5.0.jar:/home/user/.m2/repository/org/codehaus/woodstox/stax2-api/3.1.4/stax2-api-3.1.4.jar:/home/user/.m2/repository/com/fasterxml/woodstox/woodstox-core/5.0.3/woodstox-core-5.0.3.jar:/home/user/.m2/repository/dnsjava/dnsjava/2.1.7/dnsjava-2.1.7.jar:/home/user/.m2/repository/org/apache/hadoop/hadoop-hdfs/3.2.0/hadoop-hdfs-3.2.0-tests.jar:/home/user/.m2/repository/org/eclipse/jetty/jetty-util-ajax/9.3.25.v20180904/jetty-util-ajax-9.3.25.v20180904.jar:/home/user/.m2/repository/commons-daemon/commons-daemon/1.0.13/commons-daemon-1.0.13.jar:/home/user/.m2/repository/io/netty/netty/3.10.5.Final/netty-3.10.5.Final.jar:/home/user/.m2/repository/io/netty/netty-all/4.0.52.Final/netty-all-4.0.52.Final.jar:/home/user/.m2/repository/org/fusesource/leveldbjni/leveldbjni-all/1.8/leveldbjni-all-1.8.jar:"/>
    <property name="sun.cpu.endian" value="little"/>
    <property name="user.home" value="/home/user"/>
    <property name="user.language" value="en"/>
    <property name="java.specification.vendor" value="Oracle Corporation"/>
    <property name="java.home" value="/usr/lib/jvm/java-1.8-openjdk/jre"/>
    <property name="java.security.krb5.conf" value="/workdir/hadoop-ozone/integration-test/target/test-classes/krb5.conf"/>
    <property name="basedir" value="/workdir/hadoop-ozone/integration-test"/>
    <property name="file.separator" value="/"/>
    <property name="line.separator" value="&#10;"/>
    <property name="java.vm.specification.vendor" value="Oracle Corporation"/>
    <property name="java.specification.name" value="Java Platform API Specification"/>
    <property name="java.awt.graphicsenv" value="sun.awt.X11GraphicsEnvironment"/>
    <property name="surefire.real.class.path" value="/workdir/hadoop-ozone/integration-test/target/surefire/surefirebooter5100460510122919138.jar"/>
    <property name="hadoop.log.dir" value="/workdir/hadoop-ozone/integration-test/target/log"/>
    <property name="sun.boot.class.path" value="/usr/lib/jvm/java-1.8-openjdk/jre/lib/resources.jar:/usr/lib/jvm/java-1.8-openjdk/jre/lib/rt.jar:/usr/lib/jvm/java-1.8-openjdk/jre/lib/sunrsasign.jar:/usr/lib/jvm/java-1.8-openjdk/jre/lib/jsse.jar:/usr/lib/jvm/java-1.8-openjdk/jre/lib/jce.jar:/usr/lib/jvm/java-1.8-openjdk/jre/lib/charsets.jar:/usr/lib/jvm/java-1.8-openjdk/jre/lib/jfr.jar:/usr/lib/jvm/java-1.8-openjdk/jre/classes"/>
    <property name="sun.management.compiler" value="HotSpot 64-Bit Tiered Compilers"/>
    <property name="java.runtime.version" value="1.8.0_212-b04"/>
    <property name="java.net.preferIPv4Stack" value="true"/>
    <property name="user.name" value="jenkins1000"/>
    <property name="path.separator" value=":"/>
    <property name="java.security.egd" value="file:///dev/urandom"/>
    <property name="os.version" value="3.10.0-957.12.2.el7.x86_64"/>
    <property name="java.endorsed.dirs" value="/usr/lib/jvm/java-1.8-openjdk/jre/lib/endorsed"/>
    <property name="java.runtime.name" value="OpenJDK Runtime Environment"/>
    <property name="file.encoding" value="UTF-8"/>
    <property name="java.vm.name" value="OpenJDK 64-Bit Server VM"/>
    <property name="test.build.webapps" value=""/>
    <property name="localRepository" value="/home/user/.m2/repository"/>
    <property name="java.vendor.url.bug" value="https://icedtea.classpath.org/bugzilla"/>
    <property name="java.io.tmpdir" value="/tmp"/>
    <property name="require.test.libhadoop" value=""/>
    <property name="java.version" value="1.8.0_212"/>
    <property name="user.dir" value="/workdir/hadoop-ozone/integration-test"/>
    <property name="os.arch" value="amd64"/>
    <property name="java.vm.specification.name" value="Java Virtual Machine Specification"/>
    <property name="test.build.classes" value="/workdir/hadoop-ozone/integration-test/target/test-classes"/>
    <property name="java.awt.printerjob" value="sun.print.PSPrinterJob"/>
    <property name="sun.os.patch.level" value="unknown"/>
    <property name="hadoop.tmp.dir" value="/workdir/hadoop-ozone/integration-test/target/tmp"/>
    <property name="java.library.path" value="/usr/lib/jvm/java-1.8-openjdk/jre/lib/amd64/server:/usr/lib/jvm/java-1.8-openjdk/jre/lib/amd64:/usr/lib/jvm/java-1.8-openjdk/jre/../lib/amd64:/workdir/hadoop-ozone/integration-test/target/native/target/usr/local/lib:/workdir/hadoop-ozone/integration-test/../../hadoop-common-project/hadoop-common/target/native/target/usr/local/lib:/usr/java/packages/lib/amd64:/usr/lib64:/lib64:/lib:/usr/lib"/>
    <property name="java.vm.info" value="mixed mode"/>
    <property name="java.vendor" value="IcedTea"/>
    <property name="java.vm.version" value="25.212-b04"/>
    <property name="java.ext.dirs" value="/usr/lib/jvm/java-1.8-openjdk/jre/lib/ext:/usr/java/packages/lib/ext"/>
    <property name="sun.io.unicode.encoding" value="UnicodeLittle"/>
    <property name="java.class.version" value="52.0"/>
  </properties>
  <testcase name="testWatchForCommitWithKeyWrite" classname="org.apache.hadoop.ozone.client.rpc.TestWatchForCommit" time="62.856"/>
  <testcase name="testWatchForCommitWithSmallerTimeoutValue" classname="org.apache.hadoop.ozone.client.rpc.TestWatchForCommit" time="44.12"/>
  <testcase name="testWatchForCommitForRetryfailure" classname="org.apache.hadoop.ozone.client.rpc.TestWatchForCommit" time="83.001"/>
  <testcase name="testWatchForCommitForGroupMismatchException" classname="org.apache.hadoop.ozone.client.rpc.TestWatchForCommit" time="38.29"/>
  <testcase name="test2WayCommitForTimeoutException" classname="org.apache.hadoop.ozone.client.rpc.TestWatchForCommit" time="36.066">
    <error type="java.util.concurrent.TimeoutException">java.util.concurrent.TimeoutException
	at java.util.concurrent.CompletableFuture.timedGet(CompletableFuture.java:1771)
	at java.util.concurrent.CompletableFuture.get(CompletableFuture.java:1915)
	at org.apache.hadoop.hdds.scm.XceiverClientRatis.watchForCommit(XceiverClientRatis.java:298)
	at org.apache.hadoop.ozone.client.rpc.TestWatchForCommit.test2WayCommitForTimeoutException(TestWatchForCommit.java:391)
	at sun.reflect.NativeMethodAccessorImpl.invoke0(Native Method)
	at sun.reflect.NativeMethodAccessorImpl.invoke(NativeMethodAccessorImpl.java:62)
	at sun.reflect.DelegatingMethodAccessorImpl.invoke(DelegatingMethodAccessorImpl.java:43)
	at java.lang.reflect.Method.invoke(Method.java:498)
	at org.junit.runners.model.FrameworkMethod$1.runReflectiveCall(FrameworkMethod.java:47)
	at org.junit.internal.runners.model.ReflectiveCallable.run(ReflectiveCallable.java:12)
	at org.junit.runners.model.FrameworkMethod.invokeExplosively(FrameworkMethod.java:44)
	at org.junit.internal.runners.statements.InvokeMethod.evaluate(InvokeMethod.java:17)
	at org.junit.runners.ParentRunner.runLeaf(ParentRunner.java:271)
	at org.junit.runners.BlockJUnit4ClassRunner.runChild(BlockJUnit4ClassRunner.java:70)
	at org.junit.runners.BlockJUnit4ClassRunner.runChild(BlockJUnit4ClassRunner.java:50)
	at org.junit.runners.ParentRunner$3.run(ParentRunner.java:238)
	at org.junit.runners.ParentRunner$1.schedule(ParentRunner.java:63)
	at org.junit.runners.ParentRunner.runChildren(ParentRunner.java:236)
	at org.junit.runners.ParentRunner.access$000(ParentRunner.java:53)
	at org.junit.runners.ParentRunner$2.evaluate(ParentRunner.java:229)
	at org.junit.runners.ParentRunner.run(ParentRunner.java:309)
	at org.apache.maven.surefire.junit4.JUnit4Provider.execute(JUnit4Provider.java:365)
	at org.apache.maven.surefire.junit4.JUnit4Provider.executeWithRerun(JUnit4Provider.java:273)
	at org.apache.maven.surefire.junit4.JUnit4Provider.executeTestSet(JUnit4Provider.java:238)
	at org.apache.maven.surefire.junit4.JUnit4Provider.invoke(JUnit4Provider.java:159)
	at org.apache.maven.surefire.booter.ForkedBooter.invokeProviderInSameClassLoader(ForkedBooter.java:384)
	at org.apache.maven.surefire.booter.ForkedBooter.runSuitesInProcess(ForkedBooter.java:345)
	at org.apache.maven.surefire.booter.ForkedBooter.execute(ForkedBooter.java:126)
	at org.apache.maven.surefire.booter.ForkedBooter.main(ForkedBooter.java:418)
</error>
    <system-out><![CDATA[2019-10-03 14:12:31,865 [main] WARN  server.ServerUtils (ServerUtils.java:getScmDbDir(145)) - ozone.scm.db.dirs is not configured. We recommend adding this setting. Falling back to ozone.metadata.dirs instead.
2019-10-03 14:12:31,894 [main] WARN  server.ServerUtils (ServerUtils.java:getScmDbDir(145)) - ozone.scm.db.dirs is not configured. We recommend adding this setting. Falling back to ozone.metadata.dirs instead.
2019-10-03 14:12:31,895 [main] WARN  server.ServerUtils (ServerUtils.java:getScmDbDir(145)) - ozone.scm.db.dirs is not configured. We recommend adding this setting. Falling back to ozone.metadata.dirs instead.
2019-10-03 14:12:31,895 [main] INFO  db.DBStoreBuilder (DBStoreBuilder.java:addTable(110)) - using custom profile for table: deletedBlocks
2019-10-03 14:12:31,896 [main] INFO  db.DBStoreBuilder (DBStoreBuilder.java:processTables(161)) - Using default column profile:DBProfile.DISK for Table:deletedBlocks
2019-10-03 14:12:31,896 [main] INFO  db.DBStoreBuilder (DBStoreBuilder.java:addTable(110)) - using custom profile for table: validCerts
2019-10-03 14:12:31,896 [main] INFO  db.DBStoreBuilder (DBStoreBuilder.java:processTables(161)) - Using default column profile:DBProfile.DISK for Table:validCerts
2019-10-03 14:12:31,896 [main] INFO  db.DBStoreBuilder (DBStoreBuilder.java:addTable(110)) - using custom profile for table: revokedCerts
2019-10-03 14:12:31,896 [main] INFO  db.DBStoreBuilder (DBStoreBuilder.java:processTables(161)) - Using default column profile:DBProfile.DISK for Table:revokedCerts
2019-10-03 14:12:31,897 [main] INFO  db.DBStoreBuilder (DBStoreBuilder.java:addTable(110)) - using custom profile for table: default
2019-10-03 14:12:31,897 [main] INFO  db.DBStoreBuilder (DBStoreBuilder.java:processTables(167)) - Using default column profile:DBProfile.DISK for Table:default
2019-10-03 14:12:31,897 [main] INFO  db.DBStoreBuilder (DBStoreBuilder.java:getDbProfile(198)) - Using default options. DBProfile.DISK
2019-10-03 14:12:32,182 [main] INFO  net.NodeSchemaLoader (NodeSchemaLoader.java:loadSchemaFromFile(125)) - Loading file from sun.misc.CompoundEnumeration@691541bc
2019-10-03 14:12:32,182 [main] INFO  net.NodeSchemaLoader (NodeSchemaLoader.java:loadSchema(171)) - Loading network topology layer schema file
2019-10-03 14:12:32,188 [main] WARN  server.ServerUtils (ServerUtils.java:sanitizeUserArgs(70)) - ozone.scm.stale.node.interval value = 300000 is larger than max = 100000 based on the key value of ozone.scm.heartbeat.thread.interval, reset to the max value 100000.
2019-10-03 14:12:32,188 [main] WARN  server.ServerUtils (ServerUtils.java:sanitizeUserArgs(70)) - ozone.scm.stale.node.interval value = 300000 is larger than max = 100000 based on the key value of ozone.scm.heartbeat.thread.interval, reset to the max value 100000.
2019-10-03 14:12:32,189 [main] INFO  node.SCMNodeManager (SCMNodeManager.java:<init>(114)) - Entering startup safe mode.
2019-10-03 14:12:32,190 [main] INFO  algorithms.ContainerPlacementPolicyFactory (ContainerPlacementPolicyFactory.java:getPolicy(57)) - Create container placement policy of type org.apache.hadoop.hdds.scm.container.placement.algorithms.SCMContainerPlacementRandom
2019-10-03 14:12:32,190 [main] WARN  server.ServerUtils (ServerUtils.java:getScmDbDir(145)) - ozone.scm.db.dirs is not configured. We recommend adding this setting. Falling back to ozone.metadata.dirs instead.
2019-10-03 14:12:32,288 [main] INFO  pipeline.SCMPipelineManager (SCMPipelineManager.java:initializePipelineState(132)) - No pipeline exists in current db
2019-10-03 14:12:32,289 [main] WARN  server.ServerUtils (ServerUtils.java:getScmDbDir(145)) - ozone.scm.db.dirs is not configured. We recommend adding this setting. Falling back to ozone.metadata.dirs instead.
2019-10-03 14:12:32,420 [main] WARN  events.EventQueue (EventQueue.java:fireEvent(183)) - No event handler registered for event TypedEvent{payloadType=SafeModeStatus, name='SafeModeStatus'}
2019-10-03 14:12:32,421 [main] INFO  ipc.CallQueueManager (CallQueueManager.java:<init>(84)) - Using callQueue: class java.util.concurrent.LinkedBlockingQueue, queueCapacity: 2000, scheduler: class org.apache.hadoop.ipc.DefaultRpcScheduler, ipcBackoff: false.
2019-10-03 14:12:32,422 [Socket Reader #1 for port 45797] INFO  ipc.Server (Server.java:run(1074)) - Starting Socket Reader #1 for port 45797
2019-10-03 14:12:32,425 [main] INFO  ipc.CallQueueManager (CallQueueManager.java:<init>(84)) - Using callQueue: class java.util.concurrent.LinkedBlockingQueue, queueCapacity: 2000, scheduler: class org.apache.hadoop.ipc.DefaultRpcScheduler, ipcBackoff: false.
2019-10-03 14:12:32,426 [Socket Reader #1 for port 43111] INFO  ipc.Server (Server.java:run(1074)) - Starting Socket Reader #1 for port 43111
2019-10-03 14:12:32,427 [main] INFO  ipc.CallQueueManager (CallQueueManager.java:<init>(84)) - Using callQueue: class java.util.concurrent.LinkedBlockingQueue, queueCapacity: 2000, scheduler: class org.apache.hadoop.ipc.DefaultRpcScheduler, ipcBackoff: false.
2019-10-03 14:12:32,428 [Socket Reader #1 for port 41381] INFO  ipc.Server (Server.java:run(1074)) - Starting Socket Reader #1 for port 41381
2019-10-03 14:12:32,431 [main] INFO  hdfs.DFSUtil (DFSUtil.java:httpServerTemplateForNNAndJN(1641)) - Starting Web-server for scm at: http://0.0.0.0:0
2019-10-03 14:12:32,433 [main] INFO  server.AuthenticationFilter (AuthenticationFilter.java:constructSecretProvider(240)) - Unable to initialize FileSignerSecretProvider, falling back to use random secrets.
2019-10-03 14:12:32,434 [main] WARN  http.HttpRequestLog (HttpRequestLog.java:getRequestLog(97)) - Jetty request log can only be enabled using Log4j
2019-10-03 14:12:32,436 [main] INFO  http.HttpServer2 (HttpServer2.java:addGlobalFilter(975)) - Added global filter 'safety' (class=org.apache.hadoop.http.HttpServer2$QuotingInputFilter)
2019-10-03 14:12:32,437 [main] INFO  http.HttpServer2 (HttpServer2.java:addFilter(948)) - Added filter static_user_filter (class=org.apache.hadoop.http.lib.StaticUserWebFilter$StaticUserFilter) to context scm
2019-10-03 14:12:32,437 [main] INFO  http.HttpServer2 (HttpServer2.java:addFilter(958)) - Added filter static_user_filter (class=org.apache.hadoop.http.lib.StaticUserWebFilter$StaticUserFilter) to context logs
2019-10-03 14:12:32,437 [main] INFO  http.HttpServer2 (HttpServer2.java:addFilter(958)) - Added filter static_user_filter (class=org.apache.hadoop.http.lib.StaticUserWebFilter$StaticUserFilter) to context static
2019-10-03 14:12:32,439 [main] INFO  server.StorageContainerManager (StorageContainerManager.java:start(770)) - StorageContainerLocationProtocol RPC server is listening at /0.0.0.0:41381
2019-10-03 14:12:32,442 [main] WARN  impl.MetricsConfig (MetricsConfig.java:loadFirst(134)) - Cannot locate configuration: tried hadoop-metrics2-storagecontainermanager.properties,hadoop-metrics2.properties
2019-10-03 14:12:32,443 [main] INFO  impl.MetricsSystemImpl (MetricsSystemImpl.java:startTimer(374)) - Scheduled Metric snapshot period at 10 second(s).
2019-10-03 14:12:32,443 [main] INFO  impl.MetricsSystemImpl (MetricsSystemImpl.java:start(191)) - StorageContainerManager metrics system started
2019-10-03 14:12:32,514 [main] WARN  impl.MetricsSystemImpl (MetricsSystemImpl.java:register(276)) - Sink prometheus already exists!
2019-10-03 14:12:32,586 [main] INFO  server.SCMClientProtocolServer (SCMClientProtocolServer.java:start(159)) - RPC server for Client  is listening at /0.0.0.0:41381
2019-10-03 14:12:32,586 [IPC Server Responder] INFO  ipc.Server (Server.java:run(1314)) - IPC Server Responder: starting
2019-10-03 14:12:32,586 [IPC Server listener on 41381] INFO  ipc.Server (Server.java:run(1153)) - IPC Server listener on 41381: starting
2019-10-03 14:12:32,590 [main] INFO  server.StorageContainerManager (StorageContainerManager.java:start(780)) - ScmBlockLocationProtocol RPC server is listening at /0.0.0.0:43111
2019-10-03 14:12:32,590 [main] INFO  server.SCMBlockProtocolServer (SCMBlockProtocolServer.java:start(146)) - RPC server for Block Protocol is listening at /0.0.0.0:43111
2019-10-03 14:12:32,591 [IPC Server Responder] INFO  ipc.Server (Server.java:run(1314)) - IPC Server Responder: starting
2019-10-03 14:12:32,591 [IPC Server listener on 43111] INFO  ipc.Server (Server.java:run(1153)) - IPC Server listener on 43111: starting
2019-10-03 14:12:32,596 [main] INFO  server.StorageContainerManager (StorageContainerManager.java:start(784)) - ScmDatanodeProtocl RPC server is listening at /0.0.0.0:45797
2019-10-03 14:12:32,596 [main] INFO  server.SCMDatanodeProtocolServer (SCMDatanodeProtocolServer.java:start(169)) - RPC server for DataNodes is listening at /0.0.0.0:45797
2019-10-03 14:12:32,596 [IPC Server Responder] INFO  ipc.Server (Server.java:run(1314)) - IPC Server Responder: starting
2019-10-03 14:12:32,598 [IPC Server listener on 45797] INFO  ipc.Server (Server.java:run(1153)) - IPC Server listener on 45797: starting
2019-10-03 14:12:32,601 [main] INFO  http.HttpServer2 (HttpServer2.java:bindListener(1191)) - Jetty bound to port 41680
2019-10-03 14:12:32,602 [main] INFO  server.Server (Server.java:doStart(351)) - jetty-9.3.25.v20180904, build timestamp: 2018-09-04T21:11:46Z, git hash: 3ce520221d0240229c862b122d2b06c12a625732
2019-10-03 14:12:32,603 [main] INFO  handler.ContextHandler (ContextHandler.java:doStart(781)) - Started o.e.j.s.ServletContextHandler@8840c98{/logs,file:///workdir/hadoop-ozone/integration-test/target/log,AVAILABLE}
2019-10-03 14:12:32,604 [main] INFO  handler.ContextHandler (ContextHandler.java:doStart(781)) - Started o.e.j.s.ServletContextHandler@273fa9e{/static,file:///workdir/hadoop-ozone/integration-test/target/test-classes/webapps/static,AVAILABLE}
2019-10-03 14:12:32,797 [main] INFO  handler.ContextHandler (ContextHandler.java:doStart(781)) - Started o.e.j.w.WebAppContext@3b11620a{/,file:///workdir/hadoop-ozone/integration-test/target/test-classes/webapps/scm/,AVAILABLE}{/scm}
2019-10-03 14:12:32,797 [main] INFO  server.AbstractConnector (AbstractConnector.java:doStart(278)) - Started ServerConnector@2fd1ad8a{HTTP/1.1,[http/1.1]}{0.0.0.0:41680}
2019-10-03 14:12:32,799 [main] INFO  server.Server (Server.java:doStart(419)) - Started @229661ms
2019-10-03 14:12:32,799 [main] WARN  impl.MetricsSystemImpl (MetricsSystemImpl.java:register(276)) - Sink prometheus already exists!
2019-10-03 14:12:32,800 [main] INFO  server.BaseHttpServer (BaseHttpServer.java:updateConnectorAddress(215)) - HTTP server of SCM is listening at http://0.0.0.0:41680
2019-10-03 14:12:32,801 [main] WARN  server.ServerUtils (ServerUtils.java:getDBPath(222)) - ozone.om.db.dirs is not configured. We recommend adding this setting. Falling back to ozone.metadata.dirs instead.
2019-10-03 14:12:32,802 [org.apache.hadoop.util.JvmPauseMonitor$Monitor@689faf79] INFO  util.JvmPauseMonitor (JvmPauseMonitor.java:run(188)) - Starting JVM pause monitor
2019-10-03 14:12:32,828 [main] INFO  ha.OMHANodeDetails (OMHANodeDetails.java:loadOMHAConfig(190)) - Configuration either no ozone.om.address set. Falling back to the default OM address /127.0.0.1:0
2019-10-03 14:12:32,828 [main] INFO  ha.OMHANodeDetails (OMHANodeDetails.java:getOMNodeDetails(220)) - OM Service ID is not set. Setting it to the default ID: omServiceIdDefault
2019-10-03 14:12:32,829 [main] WARN  server.ServerUtils (ServerUtils.java:getDBPath(222)) - ozone.om.db.dirs is not configured. We recommend adding this setting. Falling back to ozone.metadata.dirs instead.
2019-10-03 14:12:32,829 [main] WARN  server.ServerUtils (ServerUtils.java:getDBPath(222)) - ozone.om.db.dirs is not configured. We recommend adding this setting. Falling back to ozone.metadata.dirs instead.
2019-10-03 14:12:32,848 [main] WARN  server.ServerUtils (ServerUtils.java:getDBPath(222)) - ozone.om.db.dirs is not configured. We recommend adding this setting. Falling back to ozone.metadata.dirs instead.
2019-10-03 14:12:32,849 [main] INFO  db.DBStoreBuilder (DBStoreBuilder.java:addTable(110)) - using custom profile for table: userTable
2019-10-03 14:12:32,849 [main] INFO  db.DBStoreBuilder (DBStoreBuilder.java:processTables(161)) - Using default column profile:DBProfile.DISK for Table:userTable
2019-10-03 14:12:32,849 [main] INFO  db.DBStoreBuilder (DBStoreBuilder.java:addTable(110)) - using custom profile for table: volumeTable
2019-10-03 14:12:32,850 [main] INFO  db.DBStoreBuilder (DBStoreBuilder.java:processTables(161)) - Using default column profile:DBProfile.DISK for Table:volumeTable
2019-10-03 14:12:32,850 [main] INFO  db.DBStoreBuilder (DBStoreBuilder.java:addTable(110)) - using custom profile for table: bucketTable
2019-10-03 14:12:32,850 [main] INFO  db.DBStoreBuilder (DBStoreBuilder.java:processTables(161)) - Using default column profile:DBProfile.DISK for Table:bucketTable
2019-10-03 14:12:32,850 [main] INFO  db.DBStoreBuilder (DBStoreBuilder.java:addTable(110)) - using custom profile for table: keyTable
2019-10-03 14:12:32,851 [main] INFO  db.DBStoreBuilder (DBStoreBuilder.java:processTables(161)) - Using default column profile:DBProfile.DISK for Table:keyTable
2019-10-03 14:12:32,851 [main] INFO  db.DBStoreBuilder (DBStoreBuilder.java:addTable(110)) - using custom profile for table: deletedTable
2019-10-03 14:12:32,851 [main] INFO  db.DBStoreBuilder (DBStoreBuilder.java:processTables(161)) - Using default column profile:DBProfile.DISK for Table:deletedTable
2019-10-03 14:12:32,851 [main] INFO  db.DBStoreBuilder (DBStoreBuilder.java:addTable(110)) - using custom profile for table: openKeyTable
2019-10-03 14:12:32,852 [main] INFO  db.DBStoreBuilder (DBStoreBuilder.java:processTables(161)) - Using default column profile:DBProfile.DISK for Table:openKeyTable
2019-10-03 14:12:32,852 [main] INFO  db.DBStoreBuilder (DBStoreBuilder.java:addTable(110)) - using custom profile for table: s3Table
2019-10-03 14:12:32,852 [main] INFO  db.DBStoreBuilder (DBStoreBuilder.java:processTables(161)) - Using default column profile:DBProfile.DISK for Table:s3Table
2019-10-03 14:12:32,853 [main] INFO  db.DBStoreBuilder (DBStoreBuilder.java:addTable(110)) - using custom profile for table: multipartInfoTable
2019-10-03 14:12:32,853 [main] INFO  db.DBStoreBuilder (DBStoreBuilder.java:processTables(161)) - Using default column profile:DBProfile.DISK for Table:multipartInfoTable
2019-10-03 14:12:32,853 [main] INFO  db.DBStoreBuilder (DBStoreBuilder.java:addTable(110)) - using custom profile for table: dTokenTable
2019-10-03 14:12:32,853 [main] INFO  db.DBStoreBuilder (DBStoreBuilder.java:processTables(161)) - Using default column profile:DBProfile.DISK for Table:dTokenTable
2019-10-03 14:12:32,854 [main] INFO  db.DBStoreBuilder (DBStoreBuilder.java:addTable(110)) - using custom profile for table: s3SecretTable
2019-10-03 14:12:32,854 [main] INFO  db.DBStoreBuilder (DBStoreBuilder.java:processTables(161)) - Using default column profile:DBProfile.DISK for Table:s3SecretTable
2019-10-03 14:12:32,854 [main] INFO  db.DBStoreBuilder (DBStoreBuilder.java:addTable(110)) - using custom profile for table: prefixTable
2019-10-03 14:12:32,854 [main] INFO  db.DBStoreBuilder (DBStoreBuilder.java:processTables(161)) - Using default column profile:DBProfile.DISK for Table:prefixTable
2019-10-03 14:12:32,855 [main] INFO  db.DBStoreBuilder (DBStoreBuilder.java:addTable(110)) - using custom profile for table: default
2019-10-03 14:12:32,855 [main] INFO  db.DBStoreBuilder (DBStoreBuilder.java:processTables(167)) - Using default column profile:DBProfile.DISK for Table:default
2019-10-03 14:12:32,855 [main] INFO  db.DBStoreBuilder (DBStoreBuilder.java:getDbProfile(198)) - Using default options. DBProfile.DISK
2019-10-03 14:12:33,604 [main] INFO  ipc.CallQueueManager (CallQueueManager.java:<init>(84)) - Using callQueue: class java.util.concurrent.LinkedBlockingQueue, queueCapacity: 2000, scheduler: class org.apache.hadoop.ipc.DefaultRpcScheduler, ipcBackoff: false.
2019-10-03 14:12:33,604 [Socket Reader #1 for port 42585] INFO  ipc.Server (Server.java:run(1074)) - Starting Socket Reader #1 for port 42585
2019-10-03 14:12:33,626 [main] INFO  om.OzoneManager (OzoneManager.java:start(1069)) - OzoneManager RPC server is listening at localhost/127.0.0.1:42585
2019-10-03 14:12:33,626 [main] INFO  impl.MetricsSystemImpl (MetricsSystemImpl.java:init(158)) - OzoneManager metrics system started (again)
2019-10-03 14:12:33,626 [IPC Server Responder] INFO  ipc.Server (Server.java:run(1314)) - IPC Server Responder: starting
2019-10-03 14:12:33,627 [IPC Server listener on 42585] INFO  ipc.Server (Server.java:run(1153)) - IPC Server listener on 42585: starting
2019-10-03 14:12:33,638 [main] INFO  hdfs.DFSUtil (DFSUtil.java:httpServerTemplateForNNAndJN(1641)) - Starting Web-server for ozoneManager at: http://0.0.0.0:0
2019-10-03 14:12:33,640 [main] INFO  server.AuthenticationFilter (AuthenticationFilter.java:constructSecretProvider(240)) - Unable to initialize FileSignerSecretProvider, falling back to use random secrets.
2019-10-03 14:12:33,640 [main] WARN  http.HttpRequestLog (HttpRequestLog.java:getRequestLog(97)) - Jetty request log can only be enabled using Log4j
2019-10-03 14:12:33,641 [main] INFO  http.HttpServer2 (HttpServer2.java:addGlobalFilter(975)) - Added global filter 'safety' (class=org.apache.hadoop.http.HttpServer2$QuotingInputFilter)
2019-10-03 14:12:33,642 [main] INFO  http.HttpServer2 (HttpServer2.java:addFilter(948)) - Added filter static_user_filter (class=org.apache.hadoop.http.lib.StaticUserWebFilter$StaticUserFilter) to context ozoneManager
2019-10-03 14:12:33,642 [main] INFO  http.HttpServer2 (HttpServer2.java:addFilter(958)) - Added filter static_user_filter (class=org.apache.hadoop.http.lib.StaticUserWebFilter$StaticUserFilter) to context static
2019-10-03 14:12:33,642 [main] INFO  http.HttpServer2 (HttpServer2.java:addFilter(958)) - Added filter static_user_filter (class=org.apache.hadoop.http.lib.StaticUserWebFilter$StaticUserFilter) to context logs
2019-10-03 14:12:33,643 [main] INFO  http.HttpServer2 (HttpServer2.java:bindListener(1191)) - Jetty bound to port 45060
2019-10-03 14:12:33,643 [main] INFO  server.Server (Server.java:doStart(351)) - jetty-9.3.25.v20180904, build timestamp: 2018-09-04T21:11:46Z, git hash: 3ce520221d0240229c862b122d2b06c12a625732
2019-10-03 14:12:33,645 [main] INFO  handler.ContextHandler (ContextHandler.java:doStart(781)) - Started o.e.j.s.ServletContextHandler@3af10d0b{/logs,file:///workdir/hadoop-ozone/integration-test/target/log,AVAILABLE}
2019-10-03 14:12:33,645 [main] INFO  handler.ContextHandler (ContextHandler.java:doStart(781)) - Started o.e.j.s.ServletContextHandler@3c7b137a{/static,file:///workdir/hadoop-ozone/integration-test/target/test-classes/webapps/static,AVAILABLE}
2019-10-03 14:12:33,649 [main] INFO  handler.ContextHandler (ContextHandler.java:doStart(781)) - Started o.e.j.w.WebAppContext@1eca3ea7{/,file:///workdir/hadoop-ozone/integration-test/target/test-classes/webapps/ozoneManager/,AVAILABLE}{/ozoneManager}
2019-10-03 14:12:33,649 [main] INFO  server.AbstractConnector (AbstractConnector.java:doStart(278)) - Started ServerConnector@24fba488{HTTP/1.1,[http/1.1]}{0.0.0.0:45060}
2019-10-03 14:12:33,650 [main] INFO  server.Server (Server.java:doStart(419)) - Started @230513ms
2019-10-03 14:12:33,650 [main] WARN  impl.MetricsSystemImpl (MetricsSystemImpl.java:register(276)) - Sink prometheus already exists!
2019-10-03 14:12:33,651 [main] INFO  server.BaseHttpServer (BaseHttpServer.java:updateConnectorAddress(215)) - HTTP server of OZONEMANAGER is listening at http://0.0.0.0:45060
2019-10-03 14:12:33,670 [main] INFO  impl.MetricsSystemImpl (MetricsSystemImpl.java:init(158)) - HddsDatanode metrics system started (again)
2019-10-03 14:12:33,674 [main] INFO  ozone.HddsDatanodeService (HddsDatanodeService.java:start(184)) - HddsDatanodeService host:pr-hdds-2216-wws87-2365029438 ip:192.168.30.9
2019-10-03 14:12:33,681 [main] INFO  volume.HddsVolume (HddsVolume.java:<init>(176)) - Creating Volume: /workdir/hadoop-ozone/integration-test/target/test-dir/MiniOzoneClusterImpl-4ae2b488-2bb7-488a-85e2-f7ac6aadfb05/datanode-0/data/containers/hdds of  storage type : DISK and capacity : 1482555576320
2019-10-03 14:12:33,682 [main] INFO  volume.VolumeSet (VolumeSet.java:initializeVolumeSet(170)) - Added Volume : /workdir/hadoop-ozone/integration-test/target/test-dir/MiniOzoneClusterImpl-4ae2b488-2bb7-488a-85e2-f7ac6aadfb05/datanode-0/data/containers/hdds to VolumeSet
2019-10-03 14:12:33,682 [main] INFO  volume.ThrottledAsyncChecker (ThrottledAsyncChecker.java:schedule(139)) - Scheduling a check for org.apache.hadoop.ozone.container.common.volume.HddsVolume@30f28b5
2019-10-03 14:12:33,683 [main] INFO  volume.HddsVolumeChecker (HddsVolumeChecker.java:checkAllVolumes(202)) - Scheduled health check for volume org.apache.hadoop.ozone.container.common.volume.HddsVolume@30f28b5
2019-10-03 14:12:33,700 [main] INFO  impl.RaftServerProxy (ConfUtils.java:logGet(43)) - raft.rpc.type = GRPC (default)
2019-10-03 14:12:33,701 [main] INFO  grpc.GrpcFactory (GrpcFactory.java:checkPooledByteBufAllocatorUseCacheForAllThreads(45)) - PERFORMANCE WARNING: useCacheForAllThreads is true that may cause Netty to create a lot garbage objects and, as a result, trigger GC.
	It is recommended to disable useCacheForAllThreads by setting -Dorg.apache.ratis.thirdparty.io.netty.allocator.useCacheForAllThreads=false in command line.
2019-10-03 14:12:33,701 [main] INFO  grpc.GrpcConfigKeys$Server (ConfUtils.java:logGet(43)) - raft.grpc.server.port = 0 (default)
2019-10-03 14:12:33,701 [main] INFO  server.GrpcService (ConfUtils.java:logGet(43)) - raft.grpc.message.size.max = 33570816 (custom)
2019-10-03 14:12:33,702 [main] INFO  server.RaftServerConfigKeys (ConfUtils.java:logGet(43)) - raft.server.log.appender.buffer.byte-limit = 33554432 (custom)
2019-10-03 14:12:33,702 [main] INFO  server.GrpcService (ConfUtils.java:logGet(43)) - raft.grpc.flow.control.window = 1MB (=1048576) (default)
2019-10-03 14:12:33,702 [main] INFO  server.RaftServerConfigKeys (ConfUtils.java:logGet(43)) - raft.server.rpc.request.timeout = 3000ms (default)
2019-10-03 14:12:33,703 [main] INFO  server.RaftServerConfigKeys (ConfUtils.java:logGet(43)) - raft.server.storage.dir = [/workdir/hadoop-ozone/integration-test/target/test-dir/MiniOzoneClusterImpl-4ae2b488-2bb7-488a-85e2-f7ac6aadfb05/datanode-0/data/ratis] (custom)
2019-10-03 14:12:33,705 [main] INFO  hdfs.DFSUtil (DFSUtil.java:httpServerTemplateForNNAndJN(1641)) - Starting Web-server for hddsDatanode at: http://0.0.0.0:0
2019-10-03 14:12:33,707 [main] INFO  server.AuthenticationFilter (AuthenticationFilter.java:constructSecretProvider(240)) - Unable to initialize FileSignerSecretProvider, falling back to use random secrets.
2019-10-03 14:12:33,708 [main] WARN  http.HttpRequestLog (HttpRequestLog.java:getRequestLog(97)) - Jetty request log can only be enabled using Log4j
2019-10-03 14:12:33,710 [main] INFO  http.HttpServer2 (HttpServer2.java:addGlobalFilter(975)) - Added global filter 'safety' (class=org.apache.hadoop.http.HttpServer2$QuotingInputFilter)
2019-10-03 14:12:33,711 [main] INFO  http.HttpServer2 (HttpServer2.java:addFilter(948)) - Added filter static_user_filter (class=org.apache.hadoop.http.lib.StaticUserWebFilter$StaticUserFilter) to context hddsDatanode
2019-10-03 14:12:33,711 [main] INFO  http.HttpServer2 (HttpServer2.java:addFilter(958)) - Added filter static_user_filter (class=org.apache.hadoop.http.lib.StaticUserWebFilter$StaticUserFilter) to context logs
2019-10-03 14:12:33,711 [main] INFO  http.HttpServer2 (HttpServer2.java:addFilter(958)) - Added filter static_user_filter (class=org.apache.hadoop.http.lib.StaticUserWebFilter$StaticUserFilter) to context static
2019-10-03 14:12:33,712 [main] INFO  http.HttpServer2 (HttpServer2.java:bindListener(1191)) - Jetty bound to port 39901
2019-10-03 14:12:33,712 [main] INFO  server.Server (Server.java:doStart(351)) - jetty-9.3.25.v20180904, build timestamp: 2018-09-04T21:11:46Z, git hash: 3ce520221d0240229c862b122d2b06c12a625732
2019-10-03 14:12:33,714 [main] INFO  handler.ContextHandler (ContextHandler.java:doStart(781)) - Started o.e.j.s.ServletContextHandler@4f114b{/logs,file:///workdir/hadoop-ozone/integration-test/target/log,AVAILABLE}
2019-10-03 14:12:33,715 [main] INFO  handler.ContextHandler (ContextHandler.java:doStart(781)) - Started o.e.j.s.ServletContextHandler@3fde2209{/static,jar:file:/home/user/.m2/repository/org/apache/hadoop/hadoop-hdds-container-service/0.5.0-SNAPSHOT/hadoop-hdds-container-service-0.5.0-SNAPSHOT.jar!/webapps/static,AVAILABLE}
2019-10-03 14:12:33,758 [main] INFO  handler.ContextHandler (ContextHandler.java:doStart(781)) - Started o.e.j.w.WebAppContext@15605d83{/,file:///tmp/jetty-0.0.0.0-39901-hddsDatanode-_-any-37628044262180743.dir/webapp/,AVAILABLE}{/hddsDatanode}
2019-10-03 14:12:33,759 [main] INFO  server.AbstractConnector (AbstractConnector.java:doStart(278)) - Started ServerConnector@1fb2eec{HTTP/1.1,[http/1.1]}{0.0.0.0:39901}
2019-10-03 14:12:33,761 [main] INFO  server.Server (Server.java:doStart(419)) - Started @230623ms
2019-10-03 14:12:33,761 [main] WARN  impl.MetricsSystemImpl (MetricsSystemImpl.java:register(276)) - Sink prometheus already exists!
2019-10-03 14:12:33,762 [main] INFO  server.BaseHttpServer (BaseHttpServer.java:updateConnectorAddress(215)) - HTTP server of HDDSDATANODE is listening at http://0.0.0.0:39901
2019-10-03 14:12:33,762 [main] INFO  impl.MetricsSystemImpl (MetricsSystemImpl.java:init(158)) - HddsDatanode metrics system started (again)
2019-10-03 14:12:33,766 [org.apache.hadoop.util.JvmPauseMonitor$Monitor@7fe302a7] INFO  util.JvmPauseMonitor (JvmPauseMonitor.java:run(188)) - Starting JVM pause monitor
2019-10-03 14:12:33,767 [Datanode State Machine Thread - 0] INFO  datanode.InitDatanodeState (InitDatanodeState.java:persistContainerDatanodeDetails(140)) - DatanodeDetails is persisted to /workdir/hadoop-ozone/integration-test/target/test-dir/MiniOzoneClusterImpl-4ae2b488-2bb7-488a-85e2-f7ac6aadfb05/datanode-0/meta/datanode.id
2019-10-03 14:12:33,767 [main] INFO  ozone.HddsDatanodeService (HddsDatanodeService.java:start(184)) - HddsDatanodeService host:pr-hdds-2216-wws87-2365029438 ip:192.168.30.9
2019-10-03 14:12:33,774 [main] INFO  volume.HddsVolume (HddsVolume.java:<init>(176)) - Creating Volume: /workdir/hadoop-ozone/integration-test/target/test-dir/MiniOzoneClusterImpl-4ae2b488-2bb7-488a-85e2-f7ac6aadfb05/datanode-1/data/containers/hdds of  storage type : DISK and capacity : 1482555576320
2019-10-03 14:12:33,775 [main] INFO  volume.VolumeSet (VolumeSet.java:initializeVolumeSet(170)) - Added Volume : /workdir/hadoop-ozone/integration-test/target/test-dir/MiniOzoneClusterImpl-4ae2b488-2bb7-488a-85e2-f7ac6aadfb05/datanode-1/data/containers/hdds to VolumeSet
2019-10-03 14:12:33,775 [main] INFO  volume.ThrottledAsyncChecker (ThrottledAsyncChecker.java:schedule(139)) - Scheduling a check for org.apache.hadoop.ozone.container.common.volume.HddsVolume@2ca3d826
2019-10-03 14:12:33,775 [main] INFO  volume.HddsVolumeChecker (HddsVolumeChecker.java:checkAllVolumes(202)) - Scheduled health check for volume org.apache.hadoop.ozone.container.common.volume.HddsVolume@2ca3d826
2019-10-03 14:12:33,789 [main] INFO  impl.RaftServerProxy (ConfUtils.java:logGet(43)) - raft.rpc.type = GRPC (default)
2019-10-03 14:12:33,789 [main] INFO  grpc.GrpcFactory (GrpcFactory.java:checkPooledByteBufAllocatorUseCacheForAllThreads(45)) - PERFORMANCE WARNING: useCacheForAllThreads is true that may cause Netty to create a lot garbage objects and, as a result, trigger GC.
	It is recommended to disable useCacheForAllThreads by setting -Dorg.apache.ratis.thirdparty.io.netty.allocator.useCacheForAllThreads=false in command line.
2019-10-03 14:12:33,789 [main] INFO  grpc.GrpcConfigKeys$Server (ConfUtils.java:logGet(43)) - raft.grpc.server.port = 0 (default)
2019-10-03 14:12:33,789 [main] INFO  server.GrpcService (ConfUtils.java:logGet(43)) - raft.grpc.message.size.max = 33570816 (custom)
2019-10-03 14:12:33,789 [main] INFO  server.RaftServerConfigKeys (ConfUtils.java:logGet(43)) - raft.server.log.appender.buffer.byte-limit = 33554432 (custom)
2019-10-03 14:12:33,790 [main] INFO  server.GrpcService (ConfUtils.java:logGet(43)) - raft.grpc.flow.control.window = 1MB (=1048576) (default)
2019-10-03 14:12:33,790 [main] INFO  server.RaftServerConfigKeys (ConfUtils.java:logGet(43)) - raft.server.rpc.request.timeout = 3000ms (default)
2019-10-03 14:12:33,790 [main] INFO  server.RaftServerConfigKeys (ConfUtils.java:logGet(43)) - raft.server.storage.dir = [/workdir/hadoop-ozone/integration-test/target/test-dir/MiniOzoneClusterImpl-4ae2b488-2bb7-488a-85e2-f7ac6aadfb05/datanode-1/data/ratis] (custom)
2019-10-03 14:12:33,791 [main] INFO  hdfs.DFSUtil (DFSUtil.java:httpServerTemplateForNNAndJN(1641)) - Starting Web-server for hddsDatanode at: http://0.0.0.0:0
2019-10-03 14:12:33,793 [main] INFO  server.AuthenticationFilter (AuthenticationFilter.java:constructSecretProvider(240)) - Unable to initialize FileSignerSecretProvider, falling back to use random secrets.
2019-10-03 14:12:33,793 [main] WARN  http.HttpRequestLog (HttpRequestLog.java:getRequestLog(97)) - Jetty request log can only be enabled using Log4j
2019-10-03 14:12:33,795 [main] INFO  http.HttpServer2 (HttpServer2.java:addGlobalFilter(975)) - Added global filter 'safety' (class=org.apache.hadoop.http.HttpServer2$QuotingInputFilter)
2019-10-03 14:12:33,795 [main] INFO  http.HttpServer2 (HttpServer2.java:addFilter(948)) - Added filter static_user_filter (class=org.apache.hadoop.http.lib.StaticUserWebFilter$StaticUserFilter) to context hddsDatanode
2019-10-03 14:12:33,795 [main] INFO  http.HttpServer2 (HttpServer2.java:addFilter(958)) - Added filter static_user_filter (class=org.apache.hadoop.http.lib.StaticUserWebFilter$StaticUserFilter) to context logs
2019-10-03 14:12:33,796 [main] INFO  http.HttpServer2 (HttpServer2.java:addFilter(958)) - Added filter static_user_filter (class=org.apache.hadoop.http.lib.StaticUserWebFilter$StaticUserFilter) to context static
2019-10-03 14:12:33,796 [main] INFO  http.HttpServer2 (HttpServer2.java:bindListener(1191)) - Jetty bound to port 40252
2019-10-03 14:12:33,797 [main] INFO  server.Server (Server.java:doStart(351)) - jetty-9.3.25.v20180904, build timestamp: 2018-09-04T21:11:46Z, git hash: 3ce520221d0240229c862b122d2b06c12a625732
2019-10-03 14:12:33,798 [main] INFO  handler.ContextHandler (ContextHandler.java:doStart(781)) - Started o.e.j.s.ServletContextHandler@615db358{/logs,file:///workdir/hadoop-ozone/integration-test/target/log,AVAILABLE}
2019-10-03 14:12:33,799 [main] INFO  handler.ContextHandler (ContextHandler.java:doStart(781)) - Started o.e.j.s.ServletContextHandler@5fef0c19{/static,jar:file:/home/user/.m2/repository/org/apache/hadoop/hadoop-hdds-container-service/0.5.0-SNAPSHOT/hadoop-hdds-container-service-0.5.0-SNAPSHOT.jar!/webapps/static,AVAILABLE}
2019-10-03 14:12:33,845 [main] INFO  handler.ContextHandler (ContextHandler.java:doStart(781)) - Started o.e.j.w.WebAppContext@4ce25e47{/,file:///tmp/jetty-0.0.0.0-40252-hddsDatanode-_-any-4721067068512464694.dir/webapp/,AVAILABLE}{/hddsDatanode}
2019-10-03 14:12:33,845 [main] INFO  server.AbstractConnector (AbstractConnector.java:doStart(278)) - Started ServerConnector@6380e9e9{HTTP/1.1,[http/1.1]}{0.0.0.0:40252}
2019-10-03 14:12:33,848 [main] INFO  server.Server (Server.java:doStart(419)) - Started @230710ms
2019-10-03 14:12:33,848 [main] WARN  impl.MetricsSystemImpl (MetricsSystemImpl.java:register(276)) - Sink prometheus already exists!
2019-10-03 14:12:33,849 [main] INFO  server.BaseHttpServer (BaseHttpServer.java:updateConnectorAddress(215)) - HTTP server of HDDSDATANODE is listening at http://0.0.0.0:40252
2019-10-03 14:12:33,849 [main] INFO  impl.MetricsSystemImpl (MetricsSystemImpl.java:init(158)) - HddsDatanode metrics system started (again)
2019-10-03 14:12:33,854 [org.apache.hadoop.util.JvmPauseMonitor$Monitor@2a2b6ef7] INFO  util.JvmPauseMonitor (JvmPauseMonitor.java:run(188)) - Starting JVM pause monitor
2019-10-03 14:12:33,855 [main] INFO  ozone.HddsDatanodeService (HddsDatanodeService.java:start(184)) - HddsDatanodeService host:pr-hdds-2216-wws87-2365029438 ip:192.168.30.9
2019-10-03 14:12:33,855 [Datanode State Machine Thread - 0] INFO  datanode.InitDatanodeState (InitDatanodeState.java:persistContainerDatanodeDetails(140)) - DatanodeDetails is persisted to /workdir/hadoop-ozone/integration-test/target/test-dir/MiniOzoneClusterImpl-4ae2b488-2bb7-488a-85e2-f7ac6aadfb05/datanode-1/meta/datanode.id
2019-10-03 14:12:33,861 [main] INFO  volume.HddsVolume (HddsVolume.java:<init>(176)) - Creating Volume: /workdir/hadoop-ozone/integration-test/target/test-dir/MiniOzoneClusterImpl-4ae2b488-2bb7-488a-85e2-f7ac6aadfb05/datanode-2/data/containers/hdds of  storage type : DISK and capacity : 1482555576320
2019-10-03 14:12:33,862 [main] INFO  volume.VolumeSet (VolumeSet.java:initializeVolumeSet(170)) - Added Volume : /workdir/hadoop-ozone/integration-test/target/test-dir/MiniOzoneClusterImpl-4ae2b488-2bb7-488a-85e2-f7ac6aadfb05/datanode-2/data/containers/hdds to VolumeSet
2019-10-03 14:12:33,862 [main] INFO  volume.ThrottledAsyncChecker (ThrottledAsyncChecker.java:schedule(139)) - Scheduling a check for org.apache.hadoop.ozone.container.common.volume.HddsVolume@16cb9989
2019-10-03 14:12:33,862 [main] INFO  volume.HddsVolumeChecker (HddsVolumeChecker.java:checkAllVolumes(202)) - Scheduled health check for volume org.apache.hadoop.ozone.container.common.volume.HddsVolume@16cb9989
2019-10-03 14:12:33,878 [main] INFO  impl.RaftServerProxy (ConfUtils.java:logGet(43)) - raft.rpc.type = GRPC (default)
2019-10-03 14:12:33,879 [main] INFO  grpc.GrpcFactory (GrpcFactory.java:checkPooledByteBufAllocatorUseCacheForAllThreads(45)) - PERFORMANCE WARNING: useCacheForAllThreads is true that may cause Netty to create a lot garbage objects and, as a result, trigger GC.
	It is recommended to disable useCacheForAllThreads by setting -Dorg.apache.ratis.thirdparty.io.netty.allocator.useCacheForAllThreads=false in command line.
2019-10-03 14:12:33,879 [main] INFO  grpc.GrpcConfigKeys$Server (ConfUtils.java:logGet(43)) - raft.grpc.server.port = 0 (default)
2019-10-03 14:12:33,879 [main] INFO  server.GrpcService (ConfUtils.java:logGet(43)) - raft.grpc.message.size.max = 33570816 (custom)
2019-10-03 14:12:33,879 [main] INFO  server.RaftServerConfigKeys (ConfUtils.java:logGet(43)) - raft.server.log.appender.buffer.byte-limit = 33554432 (custom)
2019-10-03 14:12:33,880 [main] INFO  server.GrpcService (ConfUtils.java:logGet(43)) - raft.grpc.flow.control.window = 1MB (=1048576) (default)
2019-10-03 14:12:33,880 [main] INFO  server.RaftServerConfigKeys (ConfUtils.java:logGet(43)) - raft.server.rpc.request.timeout = 3000ms (default)
2019-10-03 14:12:33,880 [main] INFO  server.RaftServerConfigKeys (ConfUtils.java:logGet(43)) - raft.server.storage.dir = [/workdir/hadoop-ozone/integration-test/target/test-dir/MiniOzoneClusterImpl-4ae2b488-2bb7-488a-85e2-f7ac6aadfb05/datanode-2/data/ratis] (custom)
2019-10-03 14:12:33,882 [main] INFO  hdfs.DFSUtil (DFSUtil.java:httpServerTemplateForNNAndJN(1641)) - Starting Web-server for hddsDatanode at: http://0.0.0.0:0
2019-10-03 14:12:33,883 [main] INFO  server.AuthenticationFilter (AuthenticationFilter.java:constructSecretProvider(240)) - Unable to initialize FileSignerSecretProvider, falling back to use random secrets.
2019-10-03 14:12:33,883 [main] WARN  http.HttpRequestLog (HttpRequestLog.java:getRequestLog(97)) - Jetty request log can only be enabled using Log4j
2019-10-03 14:12:33,884 [main] INFO  http.HttpServer2 (HttpServer2.java:addGlobalFilter(975)) - Added global filter 'safety' (class=org.apache.hadoop.http.HttpServer2$QuotingInputFilter)
2019-10-03 14:12:33,885 [main] INFO  http.HttpServer2 (HttpServer2.java:addFilter(948)) - Added filter static_user_filter (class=org.apache.hadoop.http.lib.StaticUserWebFilter$StaticUserFilter) to context hddsDatanode
2019-10-03 14:12:33,885 [main] INFO  http.HttpServer2 (HttpServer2.java:addFilter(958)) - Added filter static_user_filter (class=org.apache.hadoop.http.lib.StaticUserWebFilter$StaticUserFilter) to context logs
2019-10-03 14:12:33,885 [main] INFO  http.HttpServer2 (HttpServer2.java:addFilter(958)) - Added filter static_user_filter (class=org.apache.hadoop.http.lib.StaticUserWebFilter$StaticUserFilter) to context static
2019-10-03 14:12:33,886 [main] INFO  http.HttpServer2 (HttpServer2.java:bindListener(1191)) - Jetty bound to port 38572
2019-10-03 14:12:33,886 [main] INFO  server.Server (Server.java:doStart(351)) - jetty-9.3.25.v20180904, build timestamp: 2018-09-04T21:11:46Z, git hash: 3ce520221d0240229c862b122d2b06c12a625732
2019-10-03 14:12:33,887 [main] INFO  handler.ContextHandler (ContextHandler.java:doStart(781)) - Started o.e.j.s.ServletContextHandler@20349058{/logs,file:///workdir/hadoop-ozone/integration-test/target/log,AVAILABLE}
2019-10-03 14:12:33,888 [main] INFO  handler.ContextHandler (ContextHandler.java:doStart(781)) - Started o.e.j.s.ServletContextHandler@cdb3c85{/static,jar:file:/home/user/.m2/repository/org/apache/hadoop/hadoop-hdds-container-service/0.5.0-SNAPSHOT/hadoop-hdds-container-service-0.5.0-SNAPSHOT.jar!/webapps/static,AVAILABLE}
2019-10-03 14:12:33,926 [main] INFO  handler.ContextHandler (ContextHandler.java:doStart(781)) - Started o.e.j.w.WebAppContext@6d7ad0f5{/,file:///tmp/jetty-0.0.0.0-38572-hddsDatanode-_-any-8944066424264609961.dir/webapp/,AVAILABLE}{/hddsDatanode}
2019-10-03 14:12:33,927 [main] INFO  server.AbstractConnector (AbstractConnector.java:doStart(278)) - Started ServerConnector@30abf79c{HTTP/1.1,[http/1.1]}{0.0.0.0:38572}
2019-10-03 14:12:33,932 [main] INFO  server.Server (Server.java:doStart(419)) - Started @230794ms
2019-10-03 14:12:33,932 [main] WARN  impl.MetricsSystemImpl (MetricsSystemImpl.java:register(276)) - Sink prometheus already exists!
2019-10-03 14:12:33,932 [main] INFO  server.BaseHttpServer (BaseHttpServer.java:updateConnectorAddress(215)) - HTTP server of HDDSDATANODE is listening at http://0.0.0.0:38572
2019-10-03 14:12:33,933 [main] INFO  impl.MetricsSystemImpl (MetricsSystemImpl.java:init(158)) - HddsDatanode metrics system started (again)
2019-10-03 14:12:33,938 [org.apache.hadoop.util.JvmPauseMonitor$Monitor@4d78b278] INFO  util.JvmPauseMonitor (JvmPauseMonitor.java:run(188)) - Starting JVM pause monitor
2019-10-03 14:12:33,940 [main] INFO  ozone.HddsDatanodeService (HddsDatanodeService.java:start(184)) - HddsDatanodeService host:pr-hdds-2216-wws87-2365029438 ip:192.168.30.9
2019-10-03 14:12:33,940 [Datanode State Machine Thread - 0] INFO  datanode.InitDatanodeState (InitDatanodeState.java:persistContainerDatanodeDetails(140)) - DatanodeDetails is persisted to /workdir/hadoop-ozone/integration-test/target/test-dir/MiniOzoneClusterImpl-4ae2b488-2bb7-488a-85e2-f7ac6aadfb05/datanode-2/meta/datanode.id
2019-10-03 14:12:33,946 [main] INFO  volume.HddsVolume (HddsVolume.java:<init>(176)) - Creating Volume: /workdir/hadoop-ozone/integration-test/target/test-dir/MiniOzoneClusterImpl-4ae2b488-2bb7-488a-85e2-f7ac6aadfb05/datanode-3/data/containers/hdds of  storage type : DISK and capacity : 1482555576320
2019-10-03 14:12:33,946 [main] INFO  volume.VolumeSet (VolumeSet.java:initializeVolumeSet(170)) - Added Volume : /workdir/hadoop-ozone/integration-test/target/test-dir/MiniOzoneClusterImpl-4ae2b488-2bb7-488a-85e2-f7ac6aadfb05/datanode-3/data/containers/hdds to VolumeSet
2019-10-03 14:12:33,946 [main] INFO  volume.ThrottledAsyncChecker (ThrottledAsyncChecker.java:schedule(139)) - Scheduling a check for org.apache.hadoop.ozone.container.common.volume.HddsVolume@6314df3c
2019-10-03 14:12:33,947 [main] INFO  volume.HddsVolumeChecker (HddsVolumeChecker.java:checkAllVolumes(202)) - Scheduled health check for volume org.apache.hadoop.ozone.container.common.volume.HddsVolume@6314df3c
2019-10-03 14:12:33,962 [main] INFO  impl.RaftServerProxy (ConfUtils.java:logGet(43)) - raft.rpc.type = GRPC (default)
2019-10-03 14:12:33,962 [main] INFO  grpc.GrpcFactory (GrpcFactory.java:checkPooledByteBufAllocatorUseCacheForAllThreads(45)) - PERFORMANCE WARNING: useCacheForAllThreads is true that may cause Netty to create a lot garbage objects and, as a result, trigger GC.
	It is recommended to disable useCacheForAllThreads by setting -Dorg.apache.ratis.thirdparty.io.netty.allocator.useCacheForAllThreads=false in command line.
2019-10-03 14:12:33,963 [main] INFO  grpc.GrpcConfigKeys$Server (ConfUtils.java:logGet(43)) - raft.grpc.server.port = 0 (default)
2019-10-03 14:12:33,963 [main] INFO  server.GrpcService (ConfUtils.java:logGet(43)) - raft.grpc.message.size.max = 33570816 (custom)
2019-10-03 14:12:33,963 [main] INFO  server.RaftServerConfigKeys (ConfUtils.java:logGet(43)) - raft.server.log.appender.buffer.byte-limit = 33554432 (custom)
2019-10-03 14:12:33,963 [main] INFO  server.GrpcService (ConfUtils.java:logGet(43)) - raft.grpc.flow.control.window = 1MB (=1048576) (default)
2019-10-03 14:12:33,963 [main] INFO  server.RaftServerConfigKeys (ConfUtils.java:logGet(43)) - raft.server.rpc.request.timeout = 3000ms (default)
2019-10-03 14:12:33,964 [main] INFO  server.RaftServerConfigKeys (ConfUtils.java:logGet(43)) - raft.server.storage.dir = [/workdir/hadoop-ozone/integration-test/target/test-dir/MiniOzoneClusterImpl-4ae2b488-2bb7-488a-85e2-f7ac6aadfb05/datanode-3/data/ratis] (custom)
2019-10-03 14:12:33,965 [main] INFO  hdfs.DFSUtil (DFSUtil.java:httpServerTemplateForNNAndJN(1641)) - Starting Web-server for hddsDatanode at: http://0.0.0.0:0
2019-10-03 14:12:33,966 [main] INFO  server.AuthenticationFilter (AuthenticationFilter.java:constructSecretProvider(240)) - Unable to initialize FileSignerSecretProvider, falling back to use random secrets.
2019-10-03 14:12:33,967 [main] WARN  http.HttpRequestLog (HttpRequestLog.java:getRequestLog(97)) - Jetty request log can only be enabled using Log4j
2019-10-03 14:12:33,968 [main] INFO  http.HttpServer2 (HttpServer2.java:addGlobalFilter(975)) - Added global filter 'safety' (class=org.apache.hadoop.http.HttpServer2$QuotingInputFilter)
2019-10-03 14:12:33,969 [main] INFO  http.HttpServer2 (HttpServer2.java:addFilter(948)) - Added filter static_user_filter (class=org.apache.hadoop.http.lib.StaticUserWebFilter$StaticUserFilter) to context hddsDatanode
2019-10-03 14:12:33,969 [main] INFO  http.HttpServer2 (HttpServer2.java:addFilter(958)) - Added filter static_user_filter (class=org.apache.hadoop.http.lib.StaticUserWebFilter$StaticUserFilter) to context static
2019-10-03 14:12:33,969 [main] INFO  http.HttpServer2 (HttpServer2.java:addFilter(958)) - Added filter static_user_filter (class=org.apache.hadoop.http.lib.StaticUserWebFilter$StaticUserFilter) to context logs
2019-10-03 14:12:33,970 [main] INFO  http.HttpServer2 (HttpServer2.java:bindListener(1191)) - Jetty bound to port 34305
2019-10-03 14:12:33,970 [main] INFO  server.Server (Server.java:doStart(351)) - jetty-9.3.25.v20180904, build timestamp: 2018-09-04T21:11:46Z, git hash: 3ce520221d0240229c862b122d2b06c12a625732
2019-10-03 14:12:33,972 [main] INFO  handler.ContextHandler (ContextHandler.java:doStart(781)) - Started o.e.j.s.ServletContextHandler@3f6cce7f{/logs,file:///workdir/hadoop-ozone/integration-test/target/log,AVAILABLE}
2019-10-03 14:12:33,972 [main] INFO  handler.ContextHandler (ContextHandler.java:doStart(781)) - Started o.e.j.s.ServletContextHandler@7b9088f2{/static,jar:file:/home/user/.m2/repository/org/apache/hadoop/hadoop-hdds-container-service/0.5.0-SNAPSHOT/hadoop-hdds-container-service-0.5.0-SNAPSHOT.jar!/webapps/static,AVAILABLE}
2019-10-03 14:12:34,001 [main] INFO  handler.ContextHandler (ContextHandler.java:doStart(781)) - Started o.e.j.w.WebAppContext@130cfc47{/,file:///tmp/jetty-0.0.0.0-34305-hddsDatanode-_-any-3734160416312095680.dir/webapp/,AVAILABLE}{/hddsDatanode}
2019-10-03 14:12:34,002 [main] INFO  server.AbstractConnector (AbstractConnector.java:doStart(278)) - Started ServerConnector@4eeab3e{HTTP/1.1,[http/1.1]}{0.0.0.0:34305}
2019-10-03 14:12:34,004 [main] INFO  server.Server (Server.java:doStart(419)) - Started @230866ms
2019-10-03 14:12:34,004 [main] WARN  impl.MetricsSystemImpl (MetricsSystemImpl.java:register(276)) - Sink prometheus already exists!
2019-10-03 14:12:34,004 [main] INFO  server.BaseHttpServer (BaseHttpServer.java:updateConnectorAddress(215)) - HTTP server of HDDSDATANODE is listening at http://0.0.0.0:34305
2019-10-03 14:12:34,005 [main] INFO  impl.MetricsSystemImpl (MetricsSystemImpl.java:init(158)) - HddsDatanode metrics system started (again)
2019-10-03 14:12:34,009 [org.apache.hadoop.util.JvmPauseMonitor$Monitor@a0d4097] INFO  util.JvmPauseMonitor (JvmPauseMonitor.java:run(188)) - Starting JVM pause monitor
2019-10-03 14:12:34,010 [main] INFO  ozone.HddsDatanodeService (HddsDatanodeService.java:start(184)) - HddsDatanodeService host:pr-hdds-2216-wws87-2365029438 ip:192.168.30.9
2019-10-03 14:12:34,011 [Datanode State Machine Thread - 0] INFO  datanode.InitDatanodeState (InitDatanodeState.java:persistContainerDatanodeDetails(140)) - DatanodeDetails is persisted to /workdir/hadoop-ozone/integration-test/target/test-dir/MiniOzoneClusterImpl-4ae2b488-2bb7-488a-85e2-f7ac6aadfb05/datanode-3/meta/datanode.id
2019-10-03 14:12:34,015 [main] INFO  volume.HddsVolume (HddsVolume.java:<init>(176)) - Creating Volume: /workdir/hadoop-ozone/integration-test/target/test-dir/MiniOzoneClusterImpl-4ae2b488-2bb7-488a-85e2-f7ac6aadfb05/datanode-4/data/containers/hdds of  storage type : DISK and capacity : 1482555576320
2019-10-03 14:12:34,016 [main] INFO  volume.VolumeSet (VolumeSet.java:initializeVolumeSet(170)) - Added Volume : /workdir/hadoop-ozone/integration-test/target/test-dir/MiniOzoneClusterImpl-4ae2b488-2bb7-488a-85e2-f7ac6aadfb05/datanode-4/data/containers/hdds to VolumeSet
2019-10-03 14:12:34,016 [main] INFO  volume.ThrottledAsyncChecker (ThrottledAsyncChecker.java:schedule(139)) - Scheduling a check for org.apache.hadoop.ozone.container.common.volume.HddsVolume@7e3d2ebd
2019-10-03 14:12:34,016 [main] INFO  volume.HddsVolumeChecker (HddsVolumeChecker.java:checkAllVolumes(202)) - Scheduled health check for volume org.apache.hadoop.ozone.container.common.volume.HddsVolume@7e3d2ebd
2019-10-03 14:12:34,030 [main] INFO  impl.RaftServerProxy (ConfUtils.java:logGet(43)) - raft.rpc.type = GRPC (default)
2019-10-03 14:12:34,030 [main] INFO  grpc.GrpcFactory (GrpcFactory.java:checkPooledByteBufAllocatorUseCacheForAllThreads(45)) - PERFORMANCE WARNING: useCacheForAllThreads is true that may cause Netty to create a lot garbage objects and, as a result, trigger GC.
	It is recommended to disable useCacheForAllThreads by setting -Dorg.apache.ratis.thirdparty.io.netty.allocator.useCacheForAllThreads=false in command line.
2019-10-03 14:12:34,030 [main] INFO  grpc.GrpcConfigKeys$Server (ConfUtils.java:logGet(43)) - raft.grpc.server.port = 0 (default)
2019-10-03 14:12:34,031 [main] INFO  server.GrpcService (ConfUtils.java:logGet(43)) - raft.grpc.message.size.max = 33570816 (custom)
2019-10-03 14:12:34,031 [main] INFO  server.RaftServerConfigKeys (ConfUtils.java:logGet(43)) - raft.server.log.appender.buffer.byte-limit = 33554432 (custom)
2019-10-03 14:12:34,031 [main] INFO  server.GrpcService (ConfUtils.java:logGet(43)) - raft.grpc.flow.control.window = 1MB (=1048576) (default)
2019-10-03 14:12:34,031 [main] INFO  server.RaftServerConfigKeys (ConfUtils.java:logGet(43)) - raft.server.rpc.request.timeout = 3000ms (default)
2019-10-03 14:12:34,032 [main] INFO  server.RaftServerConfigKeys (ConfUtils.java:logGet(43)) - raft.server.storage.dir = [/workdir/hadoop-ozone/integration-test/target/test-dir/MiniOzoneClusterImpl-4ae2b488-2bb7-488a-85e2-f7ac6aadfb05/datanode-4/data/ratis] (custom)
2019-10-03 14:12:34,033 [main] INFO  hdfs.DFSUtil (DFSUtil.java:httpServerTemplateForNNAndJN(1641)) - Starting Web-server for hddsDatanode at: http://0.0.0.0:0
2019-10-03 14:12:34,034 [main] INFO  server.AuthenticationFilter (AuthenticationFilter.java:constructSecretProvider(240)) - Unable to initialize FileSignerSecretProvider, falling back to use random secrets.
2019-10-03 14:12:34,034 [main] WARN  http.HttpRequestLog (HttpRequestLog.java:getRequestLog(97)) - Jetty request log can only be enabled using Log4j
2019-10-03 14:12:34,036 [main] INFO  http.HttpServer2 (HttpServer2.java:addGlobalFilter(975)) - Added global filter 'safety' (class=org.apache.hadoop.http.HttpServer2$QuotingInputFilter)
2019-10-03 14:12:34,037 [main] INFO  http.HttpServer2 (HttpServer2.java:addFilter(948)) - Added filter static_user_filter (class=org.apache.hadoop.http.lib.StaticUserWebFilter$StaticUserFilter) to context hddsDatanode
2019-10-03 14:12:34,037 [main] INFO  http.HttpServer2 (HttpServer2.java:addFilter(958)) - Added filter static_user_filter (class=org.apache.hadoop.http.lib.StaticUserWebFilter$StaticUserFilter) to context static
2019-10-03 14:12:34,037 [main] INFO  http.HttpServer2 (HttpServer2.java:addFilter(958)) - Added filter static_user_filter (class=org.apache.hadoop.http.lib.StaticUserWebFilter$StaticUserFilter) to context logs
2019-10-03 14:12:34,038 [main] INFO  http.HttpServer2 (HttpServer2.java:bindListener(1191)) - Jetty bound to port 41489
2019-10-03 14:12:34,038 [main] INFO  server.Server (Server.java:doStart(351)) - jetty-9.3.25.v20180904, build timestamp: 2018-09-04T21:11:46Z, git hash: 3ce520221d0240229c862b122d2b06c12a625732
2019-10-03 14:12:34,039 [main] INFO  handler.ContextHandler (ContextHandler.java:doStart(781)) - Started o.e.j.s.ServletContextHandler@5ec9eefa{/logs,file:///workdir/hadoop-ozone/integration-test/target/log,AVAILABLE}
2019-10-03 14:12:34,040 [main] INFO  handler.ContextHandler (ContextHandler.java:doStart(781)) - Started o.e.j.s.ServletContextHandler@3b4ef59f{/static,jar:file:/home/user/.m2/repository/org/apache/hadoop/hadoop-hdds-container-service/0.5.0-SNAPSHOT/hadoop-hdds-container-service-0.5.0-SNAPSHOT.jar!/webapps/static,AVAILABLE}
2019-10-03 14:12:34,068 [main] INFO  handler.ContextHandler (ContextHandler.java:doStart(781)) - Started o.e.j.w.WebAppContext@4f664bee{/,file:///tmp/jetty-0.0.0.0-41489-hddsDatanode-_-any-1321287549384034446.dir/webapp/,AVAILABLE}{/hddsDatanode}
2019-10-03 14:12:34,068 [main] INFO  server.AbstractConnector (AbstractConnector.java:doStart(278)) - Started ServerConnector@76563ae7{HTTP/1.1,[http/1.1]}{0.0.0.0:41489}
2019-10-03 14:12:34,070 [main] INFO  server.Server (Server.java:doStart(419)) - Started @230932ms
2019-10-03 14:12:34,070 [main] WARN  impl.MetricsSystemImpl (MetricsSystemImpl.java:register(276)) - Sink prometheus already exists!
2019-10-03 14:12:34,071 [main] INFO  server.BaseHttpServer (BaseHttpServer.java:updateConnectorAddress(215)) - HTTP server of HDDSDATANODE is listening at http://0.0.0.0:41489
2019-10-03 14:12:34,071 [main] INFO  impl.MetricsSystemImpl (MetricsSystemImpl.java:init(158)) - HddsDatanode metrics system started (again)
2019-10-03 14:12:34,076 [org.apache.hadoop.util.JvmPauseMonitor$Monitor@5cd02908] INFO  util.JvmPauseMonitor (JvmPauseMonitor.java:run(188)) - Starting JVM pause monitor
2019-10-03 14:12:34,076 [main] INFO  ozone.HddsDatanodeService (HddsDatanodeService.java:start(184)) - HddsDatanodeService host:pr-hdds-2216-wws87-2365029438 ip:192.168.30.9
2019-10-03 14:12:34,077 [Datanode State Machine Thread - 0] INFO  datanode.InitDatanodeState (InitDatanodeState.java:persistContainerDatanodeDetails(140)) - DatanodeDetails is persisted to /workdir/hadoop-ozone/integration-test/target/test-dir/MiniOzoneClusterImpl-4ae2b488-2bb7-488a-85e2-f7ac6aadfb05/datanode-4/meta/datanode.id
2019-10-03 14:12:34,082 [main] INFO  volume.HddsVolume (HddsVolume.java:<init>(176)) - Creating Volume: /workdir/hadoop-ozone/integration-test/target/test-dir/MiniOzoneClusterImpl-4ae2b488-2bb7-488a-85e2-f7ac6aadfb05/datanode-5/data/containers/hdds of  storage type : DISK and capacity : 1482555576320
2019-10-03 14:12:34,083 [main] INFO  volume.VolumeSet (VolumeSet.java:initializeVolumeSet(170)) - Added Volume : /workdir/hadoop-ozone/integration-test/target/test-dir/MiniOzoneClusterImpl-4ae2b488-2bb7-488a-85e2-f7ac6aadfb05/datanode-5/data/containers/hdds to VolumeSet
2019-10-03 14:12:34,083 [main] INFO  volume.ThrottledAsyncChecker (ThrottledAsyncChecker.java:schedule(139)) - Scheduling a check for org.apache.hadoop.ozone.container.common.volume.HddsVolume@682e422c
2019-10-03 14:12:34,083 [main] INFO  volume.HddsVolumeChecker (HddsVolumeChecker.java:checkAllVolumes(202)) - Scheduled health check for volume org.apache.hadoop.ozone.container.common.volume.HddsVolume@682e422c
2019-10-03 14:12:34,101 [main] INFO  impl.RaftServerProxy (ConfUtils.java:logGet(43)) - raft.rpc.type = GRPC (default)
2019-10-03 14:12:34,101 [main] INFO  grpc.GrpcFactory (GrpcFactory.java:checkPooledByteBufAllocatorUseCacheForAllThreads(45)) - PERFORMANCE WARNING: useCacheForAllThreads is true that may cause Netty to create a lot garbage objects and, as a result, trigger GC.
	It is recommended to disable useCacheForAllThreads by setting -Dorg.apache.ratis.thirdparty.io.netty.allocator.useCacheForAllThreads=false in command line.
2019-10-03 14:12:34,101 [main] INFO  grpc.GrpcConfigKeys$Server (ConfUtils.java:logGet(43)) - raft.grpc.server.port = 0 (default)
2019-10-03 14:12:34,101 [main] INFO  server.GrpcService (ConfUtils.java:logGet(43)) - raft.grpc.message.size.max = 33570816 (custom)
2019-10-03 14:12:34,102 [main] INFO  server.RaftServerConfigKeys (ConfUtils.java:logGet(43)) - raft.server.log.appender.buffer.byte-limit = 33554432 (custom)
2019-10-03 14:12:34,102 [main] INFO  server.GrpcService (ConfUtils.java:logGet(43)) - raft.grpc.flow.control.window = 1MB (=1048576) (default)
2019-10-03 14:12:34,102 [main] INFO  server.RaftServerConfigKeys (ConfUtils.java:logGet(43)) - raft.server.rpc.request.timeout = 3000ms (default)
2019-10-03 14:12:34,103 [main] INFO  server.RaftServerConfigKeys (ConfUtils.java:logGet(43)) - raft.server.storage.dir = [/workdir/hadoop-ozone/integration-test/target/test-dir/MiniOzoneClusterImpl-4ae2b488-2bb7-488a-85e2-f7ac6aadfb05/datanode-5/data/ratis] (custom)
2019-10-03 14:12:34,104 [main] INFO  hdfs.DFSUtil (DFSUtil.java:httpServerTemplateForNNAndJN(1641)) - Starting Web-server for hddsDatanode at: http://0.0.0.0:0
2019-10-03 14:12:34,105 [main] INFO  server.AuthenticationFilter (AuthenticationFilter.java:constructSecretProvider(240)) - Unable to initialize FileSignerSecretProvider, falling back to use random secrets.
2019-10-03 14:12:34,105 [main] WARN  http.HttpRequestLog (HttpRequestLog.java:getRequestLog(97)) - Jetty request log can only be enabled using Log4j
2019-10-03 14:12:34,107 [main] INFO  http.HttpServer2 (HttpServer2.java:addGlobalFilter(975)) - Added global filter 'safety' (class=org.apache.hadoop.http.HttpServer2$QuotingInputFilter)
2019-10-03 14:12:34,107 [main] INFO  http.HttpServer2 (HttpServer2.java:addFilter(948)) - Added filter static_user_filter (class=org.apache.hadoop.http.lib.StaticUserWebFilter$StaticUserFilter) to context hddsDatanode
2019-10-03 14:12:34,107 [main] INFO  http.HttpServer2 (HttpServer2.java:addFilter(958)) - Added filter static_user_filter (class=org.apache.hadoop.http.lib.StaticUserWebFilter$StaticUserFilter) to context static
2019-10-03 14:12:34,107 [main] INFO  http.HttpServer2 (HttpServer2.java:addFilter(958)) - Added filter static_user_filter (class=org.apache.hadoop.http.lib.StaticUserWebFilter$StaticUserFilter) to context logs
2019-10-03 14:12:34,108 [main] INFO  http.HttpServer2 (HttpServer2.java:bindListener(1191)) - Jetty bound to port 38524
2019-10-03 14:12:34,108 [main] INFO  server.Server (Server.java:doStart(351)) - jetty-9.3.25.v20180904, build timestamp: 2018-09-04T21:11:46Z, git hash: 3ce520221d0240229c862b122d2b06c12a625732
2019-10-03 14:12:34,110 [main] INFO  handler.ContextHandler (ContextHandler.java:doStart(781)) - Started o.e.j.s.ServletContextHandler@3dec3f87{/logs,file:///workdir/hadoop-ozone/integration-test/target/log,AVAILABLE}
2019-10-03 14:12:34,110 [main] INFO  handler.ContextHandler (ContextHandler.java:doStart(781)) - Started o.e.j.s.ServletContextHandler@5dbab232{/static,jar:file:/home/user/.m2/repository/org/apache/hadoop/hadoop-hdds-container-service/0.5.0-SNAPSHOT/hadoop-hdds-container-service-0.5.0-SNAPSHOT.jar!/webapps/static,AVAILABLE}
2019-10-03 14:12:34,139 [main] INFO  handler.ContextHandler (ContextHandler.java:doStart(781)) - Started o.e.j.w.WebAppContext@681e913c{/,file:///tmp/jetty-0.0.0.0-38524-hddsDatanode-_-any-4461362827127046855.dir/webapp/,AVAILABLE}{/hddsDatanode}
2019-10-03 14:12:34,139 [main] INFO  server.AbstractConnector (AbstractConnector.java:doStart(278)) - Started ServerConnector@29d070c7{HTTP/1.1,[http/1.1]}{0.0.0.0:38524}
2019-10-03 14:12:34,142 [main] INFO  server.Server (Server.java:doStart(419)) - Started @231004ms
2019-10-03 14:12:34,142 [main] WARN  impl.MetricsSystemImpl (MetricsSystemImpl.java:register(276)) - Sink prometheus already exists!
2019-10-03 14:12:34,142 [main] INFO  server.BaseHttpServer (BaseHttpServer.java:updateConnectorAddress(215)) - HTTP server of HDDSDATANODE is listening at http://0.0.0.0:38524
2019-10-03 14:12:34,143 [main] INFO  impl.MetricsSystemImpl (MetricsSystemImpl.java:init(158)) - HddsDatanode metrics system started (again)
2019-10-03 14:12:34,148 [org.apache.hadoop.util.JvmPauseMonitor$Monitor@a722f5c] INFO  util.JvmPauseMonitor (JvmPauseMonitor.java:run(188)) - Starting JVM pause monitor
2019-10-03 14:12:34,148 [main] INFO  ozone.HddsDatanodeService (HddsDatanodeService.java:start(184)) - HddsDatanodeService host:pr-hdds-2216-wws87-2365029438 ip:192.168.30.9
2019-10-03 14:12:34,150 [Datanode State Machine Thread - 0] INFO  datanode.InitDatanodeState (InitDatanodeState.java:persistContainerDatanodeDetails(140)) - DatanodeDetails is persisted to /workdir/hadoop-ozone/integration-test/target/test-dir/MiniOzoneClusterImpl-4ae2b488-2bb7-488a-85e2-f7ac6aadfb05/datanode-5/meta/datanode.id
2019-10-03 14:12:34,157 [main] INFO  volume.HddsVolume (HddsVolume.java:<init>(176)) - Creating Volume: /workdir/hadoop-ozone/integration-test/target/test-dir/MiniOzoneClusterImpl-4ae2b488-2bb7-488a-85e2-f7ac6aadfb05/datanode-6/data/containers/hdds of  storage type : DISK and capacity : 1482555576320
2019-10-03 14:12:34,157 [main] INFO  volume.VolumeSet (VolumeSet.java:initializeVolumeSet(170)) - Added Volume : /workdir/hadoop-ozone/integration-test/target/test-dir/MiniOzoneClusterImpl-4ae2b488-2bb7-488a-85e2-f7ac6aadfb05/datanode-6/data/containers/hdds to VolumeSet
2019-10-03 14:12:34,157 [main] INFO  volume.ThrottledAsyncChecker (ThrottledAsyncChecker.java:schedule(139)) - Scheduling a check for org.apache.hadoop.ozone.container.common.volume.HddsVolume@6c4ce583
2019-10-03 14:12:34,157 [main] INFO  volume.HddsVolumeChecker (HddsVolumeChecker.java:checkAllVolumes(202)) - Scheduled health check for volume org.apache.hadoop.ozone.container.common.volume.HddsVolume@6c4ce583
2019-10-03 14:12:34,172 [main] INFO  impl.RaftServerProxy (ConfUtils.java:logGet(43)) - raft.rpc.type = GRPC (default)
2019-10-03 14:12:34,173 [main] INFO  grpc.GrpcFactory (GrpcFactory.java:checkPooledByteBufAllocatorUseCacheForAllThreads(45)) - PERFORMANCE WARNING: useCacheForAllThreads is true that may cause Netty to create a lot garbage objects and, as a result, trigger GC.
	It is recommended to disable useCacheForAllThreads by setting -Dorg.apache.ratis.thirdparty.io.netty.allocator.useCacheForAllThreads=false in command line.
2019-10-03 14:12:34,173 [main] INFO  grpc.GrpcConfigKeys$Server (ConfUtils.java:logGet(43)) - raft.grpc.server.port = 0 (default)
2019-10-03 14:12:34,173 [main] INFO  server.GrpcService (ConfUtils.java:logGet(43)) - raft.grpc.message.size.max = 33570816 (custom)
2019-10-03 14:12:34,173 [main] INFO  server.RaftServerConfigKeys (ConfUtils.java:logGet(43)) - raft.server.log.appender.buffer.byte-limit = 33554432 (custom)
2019-10-03 14:12:34,173 [main] INFO  server.GrpcService (ConfUtils.java:logGet(43)) - raft.grpc.flow.control.window = 1MB (=1048576) (default)
2019-10-03 14:12:34,174 [main] INFO  server.RaftServerConfigKeys (ConfUtils.java:logGet(43)) - raft.server.rpc.request.timeout = 3000ms (default)
2019-10-03 14:12:34,174 [main] INFO  server.RaftServerConfigKeys (ConfUtils.java:logGet(43)) - raft.server.storage.dir = [/workdir/hadoop-ozone/integration-test/target/test-dir/MiniOzoneClusterImpl-4ae2b488-2bb7-488a-85e2-f7ac6aadfb05/datanode-6/data/ratis] (custom)
2019-10-03 14:12:34,175 [main] INFO  hdfs.DFSUtil (DFSUtil.java:httpServerTemplateForNNAndJN(1641)) - Starting Web-server for hddsDatanode at: http://0.0.0.0:0
2019-10-03 14:12:34,176 [main] INFO  server.AuthenticationFilter (AuthenticationFilter.java:constructSecretProvider(240)) - Unable to initialize FileSignerSecretProvider, falling back to use random secrets.
2019-10-03 14:12:34,177 [main] WARN  http.HttpRequestLog (HttpRequestLog.java:getRequestLog(97)) - Jetty request log can only be enabled using Log4j
2019-10-03 14:12:34,178 [main] INFO  http.HttpServer2 (HttpServer2.java:addGlobalFilter(975)) - Added global filter 'safety' (class=org.apache.hadoop.http.HttpServer2$QuotingInputFilter)
2019-10-03 14:12:34,179 [main] INFO  http.HttpServer2 (HttpServer2.java:addFilter(948)) - Added filter static_user_filter (class=org.apache.hadoop.http.lib.StaticUserWebFilter$StaticUserFilter) to context hddsDatanode
2019-10-03 14:12:34,179 [main] INFO  http.HttpServer2 (HttpServer2.java:addFilter(958)) - Added filter static_user_filter (class=org.apache.hadoop.http.lib.StaticUserWebFilter$StaticUserFilter) to context logs
2019-10-03 14:12:34,179 [main] INFO  http.HttpServer2 (HttpServer2.java:addFilter(958)) - Added filter static_user_filter (class=org.apache.hadoop.http.lib.StaticUserWebFilter$StaticUserFilter) to context static
2019-10-03 14:12:34,180 [main] INFO  http.HttpServer2 (HttpServer2.java:bindListener(1191)) - Jetty bound to port 41517
2019-10-03 14:12:34,180 [main] INFO  server.Server (Server.java:doStart(351)) - jetty-9.3.25.v20180904, build timestamp: 2018-09-04T21:11:46Z, git hash: 3ce520221d0240229c862b122d2b06c12a625732
2019-10-03 14:12:34,182 [main] INFO  handler.ContextHandler (ContextHandler.java:doStart(781)) - Started o.e.j.s.ServletContextHandler@3a788fe0{/logs,file:///workdir/hadoop-ozone/integration-test/target/log,AVAILABLE}
2019-10-03 14:12:34,182 [main] INFO  handler.ContextHandler (ContextHandler.java:doStart(781)) - Started o.e.j.s.ServletContextHandler@1373e3ee{/static,jar:file:/home/user/.m2/repository/org/apache/hadoop/hadoop-hdds-container-service/0.5.0-SNAPSHOT/hadoop-hdds-container-service-0.5.0-SNAPSHOT.jar!/webapps/static,AVAILABLE}
2019-10-03 14:12:34,211 [main] INFO  handler.ContextHandler (ContextHandler.java:doStart(781)) - Started o.e.j.w.WebAppContext@51e8d066{/,file:///tmp/jetty-0.0.0.0-41517-hddsDatanode-_-any-4594897318212604392.dir/webapp/,AVAILABLE}{/hddsDatanode}
2019-10-03 14:12:34,211 [main] INFO  server.AbstractConnector (AbstractConnector.java:doStart(278)) - Started ServerConnector@5333f08f{HTTP/1.1,[http/1.1]}{0.0.0.0:41517}
2019-10-03 14:12:34,214 [main] INFO  server.Server (Server.java:doStart(419)) - Started @231076ms
2019-10-03 14:12:34,214 [main] WARN  impl.MetricsSystemImpl (MetricsSystemImpl.java:register(276)) - Sink prometheus already exists!
2019-10-03 14:12:34,214 [main] INFO  server.BaseHttpServer (BaseHttpServer.java:updateConnectorAddress(215)) - HTTP server of HDDSDATANODE is listening at http://0.0.0.0:41517
2019-10-03 14:12:34,214 [main] INFO  ozone.MiniOzoneClusterImpl (MiniOzoneClusterImpl.java:lambda$waitForClusterToBeReady$0(147)) - Waiting for cluster to be ready. Got 0 of 7 DN Heartbeats.
2019-10-03 14:12:34,216 [org.apache.hadoop.util.JvmPauseMonitor$Monitor@22eb09b2] INFO  util.JvmPauseMonitor (JvmPauseMonitor.java:run(188)) - Starting JVM pause monitor
2019-10-03 14:12:34,217 [Datanode State Machine Thread - 0] INFO  datanode.InitDatanodeState (InitDatanodeState.java:persistContainerDatanodeDetails(140)) - DatanodeDetails is persisted to /workdir/hadoop-ozone/integration-test/target/test-dir/MiniOzoneClusterImpl-4ae2b488-2bb7-488a-85e2-f7ac6aadfb05/datanode-6/meta/datanode.id
2019-10-03 14:12:35,215 [main] INFO  ozone.MiniOzoneClusterImpl (MiniOzoneClusterImpl.java:lambda$waitForClusterToBeReady$0(147)) - Waiting for cluster to be ready. Got 0 of 7 DN Heartbeats.
2019-10-03 14:12:35,808 [Datanode State Machine Thread - 0] INFO  ozoneimpl.OzoneContainer (OzoneContainer.java:start(217)) - Attempting to start container services.
2019-10-03 14:12:35,808 [Datanode State Machine Thread - 0] INFO  ozoneimpl.OzoneContainer (OzoneContainer.java:startContainerScrub(179)) - Background container scanner has been disabled.
2019-10-03 14:12:35,808 [Datanode State Machine Thread - 0] INFO  ratis.XceiverServerRatis (XceiverServerRatis.java:start(417)) - Starting XceiverServerRatis 33f0138b-7ee0-4f04-affd-7ef231342dec at port 0
2019-10-03 14:12:35,815 [Datanode State Machine Thread - 0] INFO  impl.RaftServerProxy (RaftServerProxy.java:lambda$start$3(299)) - 33f0138b-7ee0-4f04-affd-7ef231342dec: start RPC server
2019-10-03 14:12:35,818 [Datanode State Machine Thread - 0] INFO  server.GrpcService (GrpcService.java:startImpl(158)) - 33f0138b-7ee0-4f04-affd-7ef231342dec: GrpcService started, listening on 0.0.0.0/0.0.0.0:44752
2019-10-03 14:12:35,818 [Datanode State Machine Thread - 0] INFO  ratis.XceiverServerRatis (XceiverServerRatis.java:start(427)) - XceiverServerRatis 33f0138b-7ee0-4f04-affd-7ef231342dec is started using port 44752
2019-10-03 14:12:35,821 [Datanode State Machine Thread - 0] INFO  server.XceiverServerGrpc (XceiverServerGrpc.java:start(149)) - XceiverServerGrpc 33f0138b-7ee0-4f04-affd-7ef231342dec is started using port 44560
2019-10-03 14:12:35,880 [Datanode State Machine Thread - 0] INFO  ozoneimpl.OzoneContainer (OzoneContainer.java:start(217)) - Attempting to start container services.
2019-10-03 14:12:35,880 [Datanode State Machine Thread - 0] INFO  ozoneimpl.OzoneContainer (OzoneContainer.java:startContainerScrub(179)) - Background container scanner has been disabled.
2019-10-03 14:12:35,880 [Datanode State Machine Thread - 0] INFO  ratis.XceiverServerRatis (XceiverServerRatis.java:start(417)) - Starting XceiverServerRatis c2f3e0b9-ef86-4a30-aa77-cdb07319c05e at port 0
2019-10-03 14:12:35,888 [Datanode State Machine Thread - 0] INFO  impl.RaftServerProxy (RaftServerProxy.java:lambda$start$3(299)) - c2f3e0b9-ef86-4a30-aa77-cdb07319c05e: start RPC server
2019-10-03 14:12:35,890 [Datanode State Machine Thread - 0] INFO  server.GrpcService (GrpcService.java:startImpl(158)) - c2f3e0b9-ef86-4a30-aa77-cdb07319c05e: GrpcService started, listening on 0.0.0.0/0.0.0.0:43710
2019-10-03 14:12:35,891 [Datanode State Machine Thread - 0] INFO  ratis.XceiverServerRatis (XceiverServerRatis.java:start(427)) - XceiverServerRatis c2f3e0b9-ef86-4a30-aa77-cdb07319c05e is started using port 43710
2019-10-03 14:12:35,891 [Datanode State Machine Thread - 0] INFO  server.XceiverServerGrpc (XceiverServerGrpc.java:start(149)) - XceiverServerGrpc c2f3e0b9-ef86-4a30-aa77-cdb07319c05e is started using port 40812
2019-10-03 14:12:35,976 [Datanode State Machine Thread - 0] INFO  ozoneimpl.OzoneContainer (OzoneContainer.java:start(217)) - Attempting to start container services.
2019-10-03 14:12:35,977 [Datanode State Machine Thread - 0] INFO  ozoneimpl.OzoneContainer (OzoneContainer.java:startContainerScrub(179)) - Background container scanner has been disabled.
2019-10-03 14:12:35,977 [Datanode State Machine Thread - 0] INFO  ratis.XceiverServerRatis (XceiverServerRatis.java:start(417)) - Starting XceiverServerRatis 96bff13a-fe0b-48f4-92ef-20e30879139a at port 0
2019-10-03 14:12:35,985 [Datanode State Machine Thread - 0] INFO  impl.RaftServerProxy (RaftServerProxy.java:lambda$start$3(299)) - 96bff13a-fe0b-48f4-92ef-20e30879139a: start RPC server
2019-10-03 14:12:35,989 [Datanode State Machine Thread - 0] INFO  server.GrpcService (GrpcService.java:startImpl(158)) - 96bff13a-fe0b-48f4-92ef-20e30879139a: GrpcService started, listening on 0.0.0.0/0.0.0.0:34611
2019-10-03 14:12:35,989 [Datanode State Machine Thread - 0] INFO  ratis.XceiverServerRatis (XceiverServerRatis.java:start(427)) - XceiverServerRatis 96bff13a-fe0b-48f4-92ef-20e30879139a is started using port 34611
2019-10-03 14:12:35,991 [Datanode State Machine Thread - 0] INFO  server.XceiverServerGrpc (XceiverServerGrpc.java:start(149)) - XceiverServerGrpc 96bff13a-fe0b-48f4-92ef-20e30879139a is started using port 34994
2019-10-03 14:12:36,036 [Datanode State Machine Thread - 0] INFO  ozoneimpl.OzoneContainer (OzoneContainer.java:start(217)) - Attempting to start container services.
2019-10-03 14:12:36,036 [Datanode State Machine Thread - 0] INFO  ozoneimpl.OzoneContainer (OzoneContainer.java:startContainerScrub(179)) - Background container scanner has been disabled.
2019-10-03 14:12:36,036 [Datanode State Machine Thread - 0] INFO  ratis.XceiverServerRatis (XceiverServerRatis.java:start(417)) - Starting XceiverServerRatis aa2a9927-e312-4029-bc90-37bb3b062001 at port 0
2019-10-03 14:12:36,044 [Datanode State Machine Thread - 0] INFO  impl.RaftServerProxy (RaftServerProxy.java:lambda$start$3(299)) - aa2a9927-e312-4029-bc90-37bb3b062001: start RPC server
2019-10-03 14:12:36,046 [Datanode State Machine Thread - 0] INFO  server.GrpcService (GrpcService.java:startImpl(158)) - aa2a9927-e312-4029-bc90-37bb3b062001: GrpcService started, listening on 0.0.0.0/0.0.0.0:36508
2019-10-03 14:12:36,047 [Datanode State Machine Thread - 0] INFO  ratis.XceiverServerRatis (XceiverServerRatis.java:start(427)) - XceiverServerRatis aa2a9927-e312-4029-bc90-37bb3b062001 is started using port 36508
2019-10-03 14:12:36,049 [Datanode State Machine Thread - 0] INFO  server.XceiverServerGrpc (XceiverServerGrpc.java:start(149)) - XceiverServerGrpc aa2a9927-e312-4029-bc90-37bb3b062001 is started using port 35141
2019-10-03 14:12:36,094 [Datanode State Machine Thread - 0] INFO  ozoneimpl.OzoneContainer (OzoneContainer.java:start(217)) - Attempting to start container services.
2019-10-03 14:12:36,095 [Datanode State Machine Thread - 0] INFO  ozoneimpl.OzoneContainer (OzoneContainer.java:startContainerScrub(179)) - Background container scanner has been disabled.
2019-10-03 14:12:36,095 [Datanode State Machine Thread - 0] INFO  ratis.XceiverServerRatis (XceiverServerRatis.java:start(417)) - Starting XceiverServerRatis dff63dcf-7fce-4ce6-ad31-95a0d63cd8f6 at port 0
2019-10-03 14:12:36,103 [Datanode State Machine Thread - 0] INFO  impl.RaftServerProxy (RaftServerProxy.java:lambda$start$3(299)) - dff63dcf-7fce-4ce6-ad31-95a0d63cd8f6: start RPC server
2019-10-03 14:12:36,103 [Datanode State Machine Thread - 0] INFO  server.GrpcService (GrpcService.java:startImpl(158)) - dff63dcf-7fce-4ce6-ad31-95a0d63cd8f6: GrpcService started, listening on 0.0.0.0/0.0.0.0:39593
2019-10-03 14:12:36,103 [Datanode State Machine Thread - 0] INFO  ratis.XceiverServerRatis (XceiverServerRatis.java:start(427)) - XceiverServerRatis dff63dcf-7fce-4ce6-ad31-95a0d63cd8f6 is started using port 39593
2019-10-03 14:12:36,104 [Datanode State Machine Thread - 0] INFO  server.XceiverServerGrpc (XceiverServerGrpc.java:start(149)) - XceiverServerGrpc dff63dcf-7fce-4ce6-ad31-95a0d63cd8f6 is started using port 40213
2019-10-03 14:12:36,178 [Datanode State Machine Thread - 0] INFO  ozoneimpl.OzoneContainer (OzoneContainer.java:start(217)) - Attempting to start container services.
2019-10-03 14:12:36,178 [Datanode State Machine Thread - 0] INFO  ozoneimpl.OzoneContainer (OzoneContainer.java:startContainerScrub(179)) - Background container scanner has been disabled.
2019-10-03 14:12:36,178 [Datanode State Machine Thread - 0] INFO  ratis.XceiverServerRatis (XceiverServerRatis.java:start(417)) - Starting XceiverServerRatis 87021a7a-7870-4bcc-b2c9-52831b2ed097 at port 0
2019-10-03 14:12:36,185 [Datanode State Machine Thread - 0] INFO  impl.RaftServerProxy (RaftServerProxy.java:lambda$start$3(299)) - 87021a7a-7870-4bcc-b2c9-52831b2ed097: start RPC server
2019-10-03 14:12:36,191 [Datanode State Machine Thread - 0] INFO  server.GrpcService (GrpcService.java:startImpl(158)) - 87021a7a-7870-4bcc-b2c9-52831b2ed097: GrpcService started, listening on 0.0.0.0/0.0.0.0:41450
2019-10-03 14:12:36,191 [Datanode State Machine Thread - 0] INFO  ratis.XceiverServerRatis (XceiverServerRatis.java:start(427)) - XceiverServerRatis 87021a7a-7870-4bcc-b2c9-52831b2ed097 is started using port 41450
2019-10-03 14:12:36,209 [Datanode State Machine Thread - 0] INFO  server.XceiverServerGrpc (XceiverServerGrpc.java:start(149)) - XceiverServerGrpc 87021a7a-7870-4bcc-b2c9-52831b2ed097 is started using port 33180
2019-10-03 14:12:36,216 [main] INFO  ozone.MiniOzoneClusterImpl (MiniOzoneClusterImpl.java:lambda$waitForClusterToBeReady$0(147)) - Waiting for cluster to be ready. Got 0 of 7 DN Heartbeats.
2019-10-03 14:12:36,245 [Datanode State Machine Thread - 0] INFO  ozoneimpl.OzoneContainer (OzoneContainer.java:start(217)) - Attempting to start container services.
2019-10-03 14:12:36,245 [Datanode State Machine Thread - 0] INFO  ozoneimpl.OzoneContainer (OzoneContainer.java:startContainerScrub(179)) - Background container scanner has been disabled.
2019-10-03 14:12:36,245 [Datanode State Machine Thread - 0] INFO  ratis.XceiverServerRatis (XceiverServerRatis.java:start(417)) - Starting XceiverServerRatis 170108b3-5d4e-4e11-a9fd-713fa59c7417 at port 0
2019-10-03 14:12:36,252 [Datanode State Machine Thread - 0] INFO  impl.RaftServerProxy (RaftServerProxy.java:lambda$start$3(299)) - 170108b3-5d4e-4e11-a9fd-713fa59c7417: start RPC server
2019-10-03 14:12:36,252 [Datanode State Machine Thread - 0] INFO  server.GrpcService (GrpcService.java:startImpl(158)) - 170108b3-5d4e-4e11-a9fd-713fa59c7417: GrpcService started, listening on 0.0.0.0/0.0.0.0:41835
2019-10-03 14:12:36,252 [Datanode State Machine Thread - 0] INFO  ratis.XceiverServerRatis (XceiverServerRatis.java:start(427)) - XceiverServerRatis 170108b3-5d4e-4e11-a9fd-713fa59c7417 is started using port 41835
2019-10-03 14:12:36,253 [Datanode State Machine Thread - 0] INFO  server.XceiverServerGrpc (XceiverServerGrpc.java:start(149)) - XceiverServerGrpc 170108b3-5d4e-4e11-a9fd-713fa59c7417 is started using port 34863
2019-10-03 14:12:37,216 [main] INFO  ozone.MiniOzoneClusterImpl (MiniOzoneClusterImpl.java:lambda$waitForClusterToBeReady$0(147)) - Waiting for cluster to be ready. Got 0 of 7 DN Heartbeats.
2019-10-03 14:12:37,776 [IPC Server handler 0 on 45797] INFO  net.NetworkTopology (NetworkTopologyImpl.java:add(111)) - Added a new node: /default-rack/33f0138b-7ee0-4f04-affd-7ef231342dec
2019-10-03 14:12:37,779 [IPC Server handler 0 on 45797] INFO  node.SCMNodeManager (SCMNodeManager.java:register(266)) - Registered Data node : 33f0138b-7ee0-4f04-affd-7ef231342dec{ip: 192.168.30.9, host: pr-hdds-2216-wws87-2365029438, networkLocation: /default-rack, certSerialId: null}
2019-10-03 14:12:37,780 [EventQueue-NodeRegistrationContainerReportForDataNodeSafeModeRule] INFO  safemode.SCMSafeModeManager (DataNodeSafeModeRule.java:process(71)) - SCM in safe mode. 1 DataNodes registered, 1 required.
2019-10-03 14:12:37,784 [EventQueue-NodeRegistrationContainerReportForDataNodeSafeModeRule] INFO  safemode.SCMSafeModeManager (SCMSafeModeManager.java:validateSafeModeExitRules(177)) - ScmSafeModeManager, all rules are successfully validated
2019-10-03 14:12:37,784 [EventQueue-NodeRegistrationContainerReportForDataNodeSafeModeRule] INFO  safemode.SCMSafeModeManager (SCMSafeModeManager.java:exitSafeMode(193)) - SCM exiting safe mode.
2019-10-03 14:12:37,799 [grpc-default-executor-6] INFO  impl.RaftServerProxy (RaftServerProxy.java:addNew(89)) - 33f0138b-7ee0-4f04-affd-7ef231342dec: addNew group-B4EFEC4D0187:[33f0138b-7ee0-4f04-affd-7ef231342dec:192.168.30.9:44752] returns group-B4EFEC4D0187:java.util.concurrent.CompletableFuture@20168da3[Not completed]
2019-10-03 14:12:37,803 [pool-383-thread-1] INFO  impl.RaftServerImpl (RaftServerImpl.java:<init>(95)) - 33f0138b-7ee0-4f04-affd-7ef231342dec: new RaftServerImpl for group-B4EFEC4D0187:[33f0138b-7ee0-4f04-affd-7ef231342dec:192.168.30.9:44752] with ContainerStateMachine:uninitialized
2019-10-03 14:12:37,803 [pool-383-thread-1] INFO  server.RaftServerConfigKeys (ConfUtils.java:logGet(43)) - raft.server.rpc.timeout.min = 5s (custom)
2019-10-03 14:12:37,803 [pool-383-thread-1] INFO  server.RaftServerConfigKeys (ConfUtils.java:logGet(43)) - raft.server.rpc.timeout.max = 5200ms (custom)
2019-10-03 14:12:37,804 [pool-383-thread-1] INFO  server.RaftServerConfigKeys (ConfUtils.java:logGet(43)) - raft.server.rpcslowness.timeout = 120s (custom)
2019-10-03 14:12:37,804 [pool-383-thread-1] INFO  server.RaftServerConfigKeys (ConfUtils.java:logGet(43)) - raft.server.sleep.deviation.threshold = 300 (default)
2019-10-03 14:12:37,804 [pool-383-thread-1] INFO  server.RaftServerConfigKeys (ConfUtils.java:logGet(43)) - raft.server.log.appender.install.snapshot.enabled = false (custom)
2019-10-03 14:12:37,804 [pool-383-thread-1] INFO  impl.RaftServerImpl (ServerState.java:<init>(103)) - 33f0138b-7ee0-4f04-affd-7ef231342dec@group-B4EFEC4D0187: ConfigurationManager, init=-1: [33f0138b-7ee0-4f04-affd-7ef231342dec:192.168.30.9:44752], old=null, confs=<EMPTY_MAP>
2019-10-03 14:12:37,804 [pool-383-thread-1] INFO  server.RaftServerConfigKeys (ConfUtils.java:logGet(43)) - raft.server.storage.dir = [/workdir/hadoop-ozone/integration-test/target/test-dir/MiniOzoneClusterImpl-4ae2b488-2bb7-488a-85e2-f7ac6aadfb05/datanode-0/data/ratis] (custom)
2019-10-03 14:12:37,805 [pool-383-thread-1] INFO  server.RaftServerConfigKeys (ConfUtils.java:logGet(43)) - raft.server.log.corruption.policy = EXCEPTION (default)
2019-10-03 14:12:37,805 [pool-383-thread-1] INFO  storage.RaftStorageDirectory (RaftStorageDirectory.java:analyzeStorage(246)) - The storage directory /workdir/hadoop-ozone/integration-test/target/test-dir/MiniOzoneClusterImpl-4ae2b488-2bb7-488a-85e2-f7ac6aadfb05/datanode-0/data/ratis/01b90445-e7f9-4542-891b-b4efec4d0187 does not exist. Creating ...
2019-10-03 14:12:37,835 [pool-383-thread-1] INFO  storage.RaftStorageDirectory (RaftStorageDirectory.java:tryLock(328)) - Lock on /workdir/hadoop-ozone/integration-test/target/test-dir/MiniOzoneClusterImpl-4ae2b488-2bb7-488a-85e2-f7ac6aadfb05/datanode-0/data/ratis/01b90445-e7f9-4542-891b-b4efec4d0187/in_use.lock acquired by nodename 10883@pr-hdds-2216-wws87-2365029438
2019-10-03 14:12:37,855 [pool-383-thread-1] INFO  storage.RaftStorage (RaftStorage.java:format(84)) - Storage directory /workdir/hadoop-ozone/integration-test/target/test-dir/MiniOzoneClusterImpl-4ae2b488-2bb7-488a-85e2-f7ac6aadfb05/datanode-0/data/ratis/01b90445-e7f9-4542-891b-b4efec4d0187 has been successfully formatted.
2019-10-03 14:12:37,855 [pool-383-thread-1] INFO  ratis.ContainerStateMachine (ContainerStateMachine.java:loadSnapshot(230)) - group-B4EFEC4D0187: The snapshot info is null. Setting the last applied indexto:(t:0, i:~)
2019-10-03 14:12:37,855 [pool-383-thread-1] INFO  server.RaftServerConfigKeys (ConfUtils.java:logGet(43)) - raft.server.notification.no-leader.timeout = 120s (custom)
2019-10-03 14:12:37,855 [pool-383-thread-1] INFO  server.RaftServerConfigKeys (ConfUtils.java:logGet(43)) - raft.server.log.use.memory = false (default)
2019-10-03 14:12:37,856 [pool-383-thread-1] INFO  server.RaftServerConfigKeys (ConfUtils.java:logGet(43)) - raft.server.log.purge.gap = 1000000 (custom)
2019-10-03 14:12:37,856 [IPC Server handler 2 on 45797] INFO  net.NetworkTopology (NetworkTopologyImpl.java:add(111)) - Added a new node: /default-rack/c2f3e0b9-ef86-4a30-aa77-cdb07319c05e
2019-10-03 14:12:37,856 [pool-383-thread-1] INFO  server.RaftServerConfigKeys (ConfUtils.java:logGet(43)) - raft.server.log.appender.buffer.byte-limit = 33554432 (custom)
2019-10-03 14:12:37,856 [IPC Server handler 2 on 45797] INFO  node.SCMNodeManager (SCMNodeManager.java:register(266)) - Registered Data node : c2f3e0b9-ef86-4a30-aa77-cdb07319c05e{ip: 192.168.30.9, host: pr-hdds-2216-wws87-2365029438, networkLocation: /default-rack, certSerialId: null}
2019-10-03 14:12:37,856 [pool-383-thread-1] INFO  server.RaftServerConfigKeys (ConfUtils.java:logGet(43)) - raft.server.log.segment.size.max = 1048576 (custom)
2019-10-03 14:12:37,860 [pool-383-thread-1] INFO  server.RaftServerConfigKeys (ConfUtils.java:logGet(43)) - raft.server.log.segment.cache.num.max = 2 (custom)
2019-10-03 14:12:37,860 [pool-383-thread-1] INFO  segmented.SegmentedRaftLogWorker (SegmentedRaftLogWorker.java:<init>(173)) - new 33f0138b-7ee0-4f04-affd-7ef231342dec@group-B4EFEC4D0187-SegmentedRaftLogWorker for RaftStorage:Storage Directory /workdir/hadoop-ozone/integration-test/target/test-dir/MiniOzoneClusterImpl-4ae2b488-2bb7-488a-85e2-f7ac6aadfb05/datanode-0/data/ratis/01b90445-e7f9-4542-891b-b4efec4d0187
2019-10-03 14:12:37,860 [pool-383-thread-1] INFO  server.RaftServerConfigKeys (ConfUtils.java:logGet(43)) - raft.server.log.queue.byte-limit = 2147483647 (custom)
2019-10-03 14:12:37,860 [pool-383-thread-1] INFO  server.RaftServerConfigKeys (ConfUtils.java:logGet(43)) - raft.server.log.queue.element-limit = 1024 (custom)
2019-10-03 14:12:37,860 [pool-383-thread-1] INFO  server.RaftServerConfigKeys (ConfUtils.java:logGet(43)) - raft.server.log.segment.size.max = 1048576 (custom)
2019-10-03 14:12:37,860 [pool-383-thread-1] INFO  server.RaftServerConfigKeys (ConfUtils.java:logGet(43)) - raft.server.log.preallocated.size = 16384 (custom)
2019-10-03 14:12:37,860 [pool-383-thread-1] INFO  server.RaftServerConfigKeys (ConfUtils.java:logGet(43)) - raft.server.log.write.buffer.size = 33554432 (custom)
2019-10-03 14:12:37,860 [pool-383-thread-1] INFO  server.RaftServerConfigKeys (ConfUtils.java:logGet(43)) - raft.server.log.force.sync.num = 128 (default)
2019-10-03 14:12:37,861 [pool-383-thread-1] INFO  server.RaftServerConfigKeys (ConfUtils.java:logGet(43)) - raft.server.log.statemachine.data.sync = true (default)
2019-10-03 14:12:37,861 [pool-383-thread-1] INFO  server.RaftServerConfigKeys (ConfUtils.java:logGet(43)) - raft.server.log.statemachine.data.sync.timeout = 10s (default)
2019-10-03 14:12:37,861 [pool-383-thread-1] INFO  server.RaftServerConfigKeys (ConfUtils.java:logGet(43)) - raft.server.log.statemachine.data.sync.timeout.retry = -1 (default)
2019-10-03 14:12:37,861 [pool-383-thread-1] INFO  server.RaftServerConfigKeys (ConfUtils.java:logGet(43)) - raft.server.log.statemachine.data.caching.enabled = true (custom)
2019-10-03 14:12:37,862 [pool-383-thread-1] INFO  segmented.SegmentedRaftLogWorker (SegmentedRaftLogWorker.java:lambda$new$0(128)) - 33f0138b-7ee0-4f04-affd-7ef231342dec@group-B4EFEC4D0187-SegmentedRaftLogWorker: flushIndex: setUnconditionally 0 -> -1
2019-10-03 14:12:37,862 [pool-383-thread-1] INFO  server.RaftServerConfigKeys (ConfUtils.java:logGet(43)) - raft.server.snapshot.auto.trigger.enabled = true (custom)
2019-10-03 14:12:37,862 [pool-383-thread-1] INFO  server.RaftServerConfigKeys (ConfUtils.java:logGet(43)) - raft.server.snapshot.auto.trigger.threshold = 10000 (custom)
2019-10-03 14:12:37,862 [pool-383-thread-1] INFO  server.RaftServerConfigKeys (ConfUtils.java:logGet(43)) - raft.server.snapshot.retention.file.num = 5 (custom)
2019-10-03 14:12:37,862 [pool-383-thread-1] INFO  server.RaftServerConfigKeys (ConfUtils.java:logGet(43)) - raft.server.retrycache.expirytime = 600000ms (custom)
2019-10-03 14:12:37,864 [pool-383-thread-1] INFO  impl.RaftServerImpl (RaftServerImpl.java:start(181)) - 33f0138b-7ee0-4f04-affd-7ef231342dec@group-B4EFEC4D0187: start as a follower, conf=-1: [33f0138b-7ee0-4f04-affd-7ef231342dec:192.168.30.9:44752], old=null
2019-10-03 14:12:37,864 [pool-383-thread-1] INFO  impl.RaftServerImpl (RaftServerImpl.java:setRole(170)) - 33f0138b-7ee0-4f04-affd-7ef231342dec@group-B4EFEC4D0187: changes role from      null to FOLLOWER at term 0 for startAsFollower
2019-10-03 14:12:37,865 [pool-383-thread-1] INFO  impl.RoleInfo (RoleInfo.java:updateAndGet(143)) - 33f0138b-7ee0-4f04-affd-7ef231342dec: start FollowerState
2019-10-03 14:12:37,865 [pool-383-thread-1] INFO  util.JmxRegister (JmxRegister.java:tryRegister(44)) - Successfully registered JMX Bean with object name Ratis:service=RaftServer,group=group-B4EFEC4D0187,id=33f0138b-7ee0-4f04-affd-7ef231342dec
2019-10-03 14:12:37,888 [RatisPipelineUtilsThread] INFO  pipeline.PipelineStateManager (PipelineStateManager.java:addPipeline(56)) - Created pipeline Pipeline[ Id: 01b90445-e7f9-4542-891b-b4efec4d0187, Nodes: 33f0138b-7ee0-4f04-affd-7ef231342dec{ip: 192.168.30.9, host: pr-hdds-2216-wws87-2365029438, networkLocation: /default-rack, certSerialId: null}, Type:RATIS, Factor:ONE, State:OPEN]
2019-10-03 14:12:37,895 [grpc-default-executor-6] INFO  impl.RaftServerProxy (RaftServerProxy.java:addNew(89)) - c2f3e0b9-ef86-4a30-aa77-cdb07319c05e: addNew group-F1775A91EC60:[c2f3e0b9-ef86-4a30-aa77-cdb07319c05e:192.168.30.9:43710] returns group-F1775A91EC60:java.util.concurrent.CompletableFuture@3c1297f5[Not completed]
2019-10-03 14:12:37,897 [pool-393-thread-1] INFO  impl.RaftServerImpl (RaftServerImpl.java:<init>(95)) - c2f3e0b9-ef86-4a30-aa77-cdb07319c05e: new RaftServerImpl for group-F1775A91EC60:[c2f3e0b9-ef86-4a30-aa77-cdb07319c05e:192.168.30.9:43710] with ContainerStateMachine:uninitialized
2019-10-03 14:12:37,897 [pool-393-thread-1] INFO  server.RaftServerConfigKeys (ConfUtils.java:logGet(43)) - raft.server.rpc.timeout.min = 5s (custom)
2019-10-03 14:12:37,897 [pool-393-thread-1] INFO  server.RaftServerConfigKeys (ConfUtils.java:logGet(43)) - raft.server.rpc.timeout.max = 5200ms (custom)
2019-10-03 14:12:37,898 [pool-393-thread-1] INFO  server.RaftServerConfigKeys (ConfUtils.java:logGet(43)) - raft.server.rpcslowness.timeout = 120s (custom)
2019-10-03 14:12:37,898 [pool-393-thread-1] INFO  server.RaftServerConfigKeys (ConfUtils.java:logGet(43)) - raft.server.sleep.deviation.threshold = 300 (default)
2019-10-03 14:12:37,898 [pool-393-thread-1] INFO  server.RaftServerConfigKeys (ConfUtils.java:logGet(43)) - raft.server.log.appender.install.snapshot.enabled = false (custom)
2019-10-03 14:12:37,898 [pool-393-thread-1] INFO  impl.RaftServerImpl (ServerState.java:<init>(103)) - c2f3e0b9-ef86-4a30-aa77-cdb07319c05e@group-F1775A91EC60: ConfigurationManager, init=-1: [c2f3e0b9-ef86-4a30-aa77-cdb07319c05e:192.168.30.9:43710], old=null, confs=<EMPTY_MAP>
2019-10-03 14:12:37,898 [pool-393-thread-1] INFO  server.RaftServerConfigKeys (ConfUtils.java:logGet(43)) - raft.server.storage.dir = [/workdir/hadoop-ozone/integration-test/target/test-dir/MiniOzoneClusterImpl-4ae2b488-2bb7-488a-85e2-f7ac6aadfb05/datanode-1/data/ratis] (custom)
2019-10-03 14:12:37,898 [pool-393-thread-1] INFO  server.RaftServerConfigKeys (ConfUtils.java:logGet(43)) - raft.server.log.corruption.policy = EXCEPTION (default)
2019-10-03 14:12:37,899 [pool-393-thread-1] INFO  storage.RaftStorageDirectory (RaftStorageDirectory.java:analyzeStorage(246)) - The storage directory /workdir/hadoop-ozone/integration-test/target/test-dir/MiniOzoneClusterImpl-4ae2b488-2bb7-488a-85e2-f7ac6aadfb05/datanode-1/data/ratis/a143b237-86df-4ad1-a90b-f1775a91ec60 does not exist. Creating ...
2019-10-03 14:12:37,924 [pool-393-thread-1] INFO  storage.RaftStorageDirectory (RaftStorageDirectory.java:tryLock(328)) - Lock on /workdir/hadoop-ozone/integration-test/target/test-dir/MiniOzoneClusterImpl-4ae2b488-2bb7-488a-85e2-f7ac6aadfb05/datanode-1/data/ratis/a143b237-86df-4ad1-a90b-f1775a91ec60/in_use.lock acquired by nodename 10883@pr-hdds-2216-wws87-2365029438
2019-10-03 14:12:37,939 [IPC Server handler 4 on 45797] INFO  net.NetworkTopology (NetworkTopologyImpl.java:add(111)) - Added a new node: /default-rack/96bff13a-fe0b-48f4-92ef-20e30879139a
2019-10-03 14:12:37,940 [IPC Server handler 4 on 45797] INFO  node.SCMNodeManager (SCMNodeManager.java:register(266)) - Registered Data node : 96bff13a-fe0b-48f4-92ef-20e30879139a{ip: 192.168.30.9, host: pr-hdds-2216-wws87-2365029438, networkLocation: /default-rack, certSerialId: null}
2019-10-03 14:12:37,941 [pool-393-thread-1] INFO  storage.RaftStorage (RaftStorage.java:format(84)) - Storage directory /workdir/hadoop-ozone/integration-test/target/test-dir/MiniOzoneClusterImpl-4ae2b488-2bb7-488a-85e2-f7ac6aadfb05/datanode-1/data/ratis/a143b237-86df-4ad1-a90b-f1775a91ec60 has been successfully formatted.
2019-10-03 14:12:37,941 [pool-393-thread-1] INFO  ratis.ContainerStateMachine (ContainerStateMachine.java:loadSnapshot(230)) - group-F1775A91EC60: The snapshot info is null. Setting the last applied indexto:(t:0, i:~)
2019-10-03 14:12:37,941 [pool-393-thread-1] INFO  server.RaftServerConfigKeys (ConfUtils.java:logGet(43)) - raft.server.notification.no-leader.timeout = 120s (custom)
2019-10-03 14:12:37,941 [pool-393-thread-1] INFO  server.RaftServerConfigKeys (ConfUtils.java:logGet(43)) - raft.server.log.use.memory = false (default)
2019-10-03 14:12:37,941 [pool-393-thread-1] INFO  server.RaftServerConfigKeys (ConfUtils.java:logGet(43)) - raft.server.log.purge.gap = 1000000 (custom)
2019-10-03 14:12:37,942 [pool-393-thread-1] INFO  server.RaftServerConfigKeys (ConfUtils.java:logGet(43)) - raft.server.log.appender.buffer.byte-limit = 33554432 (custom)
2019-10-03 14:12:37,942 [pool-393-thread-1] INFO  server.RaftServerConfigKeys (ConfUtils.java:logGet(43)) - raft.server.log.segment.size.max = 1048576 (custom)
2019-10-03 14:12:37,943 [pool-393-thread-1] INFO  server.RaftServerConfigKeys (ConfUtils.java:logGet(43)) - raft.server.log.segment.cache.num.max = 2 (custom)
2019-10-03 14:12:37,943 [pool-393-thread-1] INFO  segmented.SegmentedRaftLogWorker (SegmentedRaftLogWorker.java:<init>(173)) - new c2f3e0b9-ef86-4a30-aa77-cdb07319c05e@group-F1775A91EC60-SegmentedRaftLogWorker for RaftStorage:Storage Directory /workdir/hadoop-ozone/integration-test/target/test-dir/MiniOzoneClusterImpl-4ae2b488-2bb7-488a-85e2-f7ac6aadfb05/datanode-1/data/ratis/a143b237-86df-4ad1-a90b-f1775a91ec60
2019-10-03 14:12:37,944 [pool-393-thread-1] INFO  server.RaftServerConfigKeys (ConfUtils.java:logGet(43)) - raft.server.log.queue.byte-limit = 2147483647 (custom)
2019-10-03 14:12:37,944 [pool-393-thread-1] INFO  server.RaftServerConfigKeys (ConfUtils.java:logGet(43)) - raft.server.log.queue.element-limit = 1024 (custom)
2019-10-03 14:12:37,944 [pool-393-thread-1] INFO  server.RaftServerConfigKeys (ConfUtils.java:logGet(43)) - raft.server.log.segment.size.max = 1048576 (custom)
2019-10-03 14:12:37,944 [pool-393-thread-1] INFO  server.RaftServerConfigKeys (ConfUtils.java:logGet(43)) - raft.server.log.preallocated.size = 16384 (custom)
2019-10-03 14:12:37,944 [pool-393-thread-1] INFO  server.RaftServerConfigKeys (ConfUtils.java:logGet(43)) - raft.server.log.write.buffer.size = 33554432 (custom)
2019-10-03 14:12:37,944 [pool-393-thread-1] INFO  server.RaftServerConfigKeys (ConfUtils.java:logGet(43)) - raft.server.log.force.sync.num = 128 (default)
2019-10-03 14:12:37,944 [pool-393-thread-1] INFO  server.RaftServerConfigKeys (ConfUtils.java:logGet(43)) - raft.server.log.statemachine.data.sync = true (default)
2019-10-03 14:12:37,944 [pool-393-thread-1] INFO  server.RaftServerConfigKeys (ConfUtils.java:logGet(43)) - raft.server.log.statemachine.data.sync.timeout = 10s (default)
2019-10-03 14:12:37,945 [pool-393-thread-1] INFO  server.RaftServerConfigKeys (ConfUtils.java:logGet(43)) - raft.server.log.statemachine.data.sync.timeout.retry = -1 (default)
2019-10-03 14:12:37,945 [pool-393-thread-1] INFO  server.RaftServerConfigKeys (ConfUtils.java:logGet(43)) - raft.server.log.statemachine.data.caching.enabled = true (custom)
2019-10-03 14:12:37,945 [pool-393-thread-1] INFO  segmented.SegmentedRaftLogWorker (SegmentedRaftLogWorker.java:lambda$new$0(128)) - c2f3e0b9-ef86-4a30-aa77-cdb07319c05e@group-F1775A91EC60-SegmentedRaftLogWorker: flushIndex: setUnconditionally 0 -> -1
2019-10-03 14:12:37,946 [pool-393-thread-1] INFO  server.RaftServerConfigKeys (ConfUtils.java:logGet(43)) - raft.server.snapshot.auto.trigger.enabled = true (custom)
2019-10-03 14:12:37,946 [pool-393-thread-1] INFO  server.RaftServerConfigKeys (ConfUtils.java:logGet(43)) - raft.server.snapshot.auto.trigger.threshold = 10000 (custom)
2019-10-03 14:12:37,946 [pool-393-thread-1] INFO  server.RaftServerConfigKeys (ConfUtils.java:logGet(43)) - raft.server.snapshot.retention.file.num = 5 (custom)
2019-10-03 14:12:37,946 [pool-393-thread-1] INFO  server.RaftServerConfigKeys (ConfUtils.java:logGet(43)) - raft.server.retrycache.expirytime = 600000ms (custom)
2019-10-03 14:12:37,948 [pool-393-thread-1] INFO  impl.RaftServerImpl (RaftServerImpl.java:start(181)) - c2f3e0b9-ef86-4a30-aa77-cdb07319c05e@group-F1775A91EC60: start as a follower, conf=-1: [c2f3e0b9-ef86-4a30-aa77-cdb07319c05e:192.168.30.9:43710], old=null
2019-10-03 14:12:37,948 [pool-393-thread-1] INFO  impl.RaftServerImpl (RaftServerImpl.java:setRole(170)) - c2f3e0b9-ef86-4a30-aa77-cdb07319c05e@group-F1775A91EC60: changes role from      null to FOLLOWER at term 0 for startAsFollower
2019-10-03 14:12:37,948 [pool-393-thread-1] INFO  impl.RoleInfo (RoleInfo.java:updateAndGet(143)) - c2f3e0b9-ef86-4a30-aa77-cdb07319c05e: start FollowerState
2019-10-03 14:12:37,948 [pool-393-thread-1] INFO  util.JmxRegister (JmxRegister.java:tryRegister(44)) - Successfully registered JMX Bean with object name Ratis:service=RaftServer,group=group-F1775A91EC60,id=c2f3e0b9-ef86-4a30-aa77-cdb07319c05e
2019-10-03 14:12:37,952 [RatisPipelineUtilsThread] INFO  pipeline.PipelineStateManager (PipelineStateManager.java:addPipeline(56)) - Created pipeline Pipeline[ Id: a143b237-86df-4ad1-a90b-f1775a91ec60, Nodes: c2f3e0b9-ef86-4a30-aa77-cdb07319c05e{ip: 192.168.30.9, host: pr-hdds-2216-wws87-2365029438, networkLocation: /default-rack, certSerialId: null}, Type:RATIS, Factor:ONE, State:OPEN]
2019-10-03 14:12:37,959 [grpc-default-executor-6] INFO  impl.RaftServerProxy (RaftServerProxy.java:addNew(89)) - 96bff13a-fe0b-48f4-92ef-20e30879139a: addNew group-5E4C6CA4D369:[96bff13a-fe0b-48f4-92ef-20e30879139a:192.168.30.9:34611] returns group-5E4C6CA4D369:java.util.concurrent.CompletableFuture@5da1a232[Not completed]
2019-10-03 14:12:37,961 [pool-403-thread-1] INFO  impl.RaftServerImpl (RaftServerImpl.java:<init>(95)) - 96bff13a-fe0b-48f4-92ef-20e30879139a: new RaftServerImpl for group-5E4C6CA4D369:[96bff13a-fe0b-48f4-92ef-20e30879139a:192.168.30.9:34611] with ContainerStateMachine:uninitialized
2019-10-03 14:12:37,961 [pool-403-thread-1] INFO  server.RaftServerConfigKeys (ConfUtils.java:logGet(43)) - raft.server.rpc.timeout.min = 5s (custom)
2019-10-03 14:12:37,961 [pool-403-thread-1] INFO  server.RaftServerConfigKeys (ConfUtils.java:logGet(43)) - raft.server.rpc.timeout.max = 5200ms (custom)
2019-10-03 14:12:37,961 [pool-403-thread-1] INFO  server.RaftServerConfigKeys (ConfUtils.java:logGet(43)) - raft.server.rpcslowness.timeout = 120s (custom)
2019-10-03 14:12:37,961 [pool-403-thread-1] INFO  server.RaftServerConfigKeys (ConfUtils.java:logGet(43)) - raft.server.sleep.deviation.threshold = 300 (default)
2019-10-03 14:12:37,962 [pool-403-thread-1] INFO  server.RaftServerConfigKeys (ConfUtils.java:logGet(43)) - raft.server.log.appender.install.snapshot.enabled = false (custom)
2019-10-03 14:12:37,962 [pool-403-thread-1] INFO  impl.RaftServerImpl (ServerState.java:<init>(103)) - 96bff13a-fe0b-48f4-92ef-20e30879139a@group-5E4C6CA4D369: ConfigurationManager, init=-1: [96bff13a-fe0b-48f4-92ef-20e30879139a:192.168.30.9:34611], old=null, confs=<EMPTY_MAP>
2019-10-03 14:12:37,962 [pool-403-thread-1] INFO  server.RaftServerConfigKeys (ConfUtils.java:logGet(43)) - raft.server.storage.dir = [/workdir/hadoop-ozone/integration-test/target/test-dir/MiniOzoneClusterImpl-4ae2b488-2bb7-488a-85e2-f7ac6aadfb05/datanode-2/data/ratis] (custom)
2019-10-03 14:12:37,962 [pool-403-thread-1] INFO  server.RaftServerConfigKeys (ConfUtils.java:logGet(43)) - raft.server.log.corruption.policy = EXCEPTION (default)
2019-10-03 14:12:37,962 [pool-403-thread-1] INFO  storage.RaftStorageDirectory (RaftStorageDirectory.java:analyzeStorage(246)) - The storage directory /workdir/hadoop-ozone/integration-test/target/test-dir/MiniOzoneClusterImpl-4ae2b488-2bb7-488a-85e2-f7ac6aadfb05/datanode-2/data/ratis/88c918d1-7d60-44c9-9262-5e4c6ca4d369 does not exist. Creating ...
2019-10-03 14:12:37,980 [pool-403-thread-1] INFO  storage.RaftStorageDirectory (RaftStorageDirectory.java:tryLock(328)) - Lock on /workdir/hadoop-ozone/integration-test/target/test-dir/MiniOzoneClusterImpl-4ae2b488-2bb7-488a-85e2-f7ac6aadfb05/datanode-2/data/ratis/88c918d1-7d60-44c9-9262-5e4c6ca4d369/in_use.lock acquired by nodename 10883@pr-hdds-2216-wws87-2365029438
2019-10-03 14:12:38,000 [pool-403-thread-1] INFO  storage.RaftStorage (RaftStorage.java:format(84)) - Storage directory /workdir/hadoop-ozone/integration-test/target/test-dir/MiniOzoneClusterImpl-4ae2b488-2bb7-488a-85e2-f7ac6aadfb05/datanode-2/data/ratis/88c918d1-7d60-44c9-9262-5e4c6ca4d369 has been successfully formatted.
2019-10-03 14:12:38,000 [pool-403-thread-1] INFO  ratis.ContainerStateMachine (ContainerStateMachine.java:loadSnapshot(230)) - group-5E4C6CA4D369: The snapshot info is null. Setting the last applied indexto:(t:0, i:~)
2019-10-03 14:12:38,000 [pool-403-thread-1] INFO  server.RaftServerConfigKeys (ConfUtils.java:logGet(43)) - raft.server.notification.no-leader.timeout = 120s (custom)
2019-10-03 14:12:38,000 [pool-403-thread-1] INFO  server.RaftServerConfigKeys (ConfUtils.java:logGet(43)) - raft.server.log.use.memory = false (default)
2019-10-03 14:12:38,000 [pool-403-thread-1] INFO  server.RaftServerConfigKeys (ConfUtils.java:logGet(43)) - raft.server.log.purge.gap = 1000000 (custom)
2019-10-03 14:12:38,000 [pool-403-thread-1] INFO  server.RaftServerConfigKeys (ConfUtils.java:logGet(43)) - raft.server.log.appender.buffer.byte-limit = 33554432 (custom)
2019-10-03 14:12:38,001 [pool-403-thread-1] INFO  server.RaftServerConfigKeys (ConfUtils.java:logGet(43)) - raft.server.log.segment.size.max = 1048576 (custom)
2019-10-03 14:12:38,002 [pool-403-thread-1] INFO  server.RaftServerConfigKeys (ConfUtils.java:logGet(43)) - raft.server.log.segment.cache.num.max = 2 (custom)
2019-10-03 14:12:38,002 [pool-403-thread-1] INFO  segmented.SegmentedRaftLogWorker (SegmentedRaftLogWorker.java:<init>(173)) - new 96bff13a-fe0b-48f4-92ef-20e30879139a@group-5E4C6CA4D369-SegmentedRaftLogWorker for RaftStorage:Storage Directory /workdir/hadoop-ozone/integration-test/target/test-dir/MiniOzoneClusterImpl-4ae2b488-2bb7-488a-85e2-f7ac6aadfb05/datanode-2/data/ratis/88c918d1-7d60-44c9-9262-5e4c6ca4d369
2019-10-03 14:12:38,003 [pool-403-thread-1] INFO  server.RaftServerConfigKeys (ConfUtils.java:logGet(43)) - raft.server.log.queue.byte-limit = 2147483647 (custom)
2019-10-03 14:12:38,003 [pool-403-thread-1] INFO  server.RaftServerConfigKeys (ConfUtils.java:logGet(43)) - raft.server.log.queue.element-limit = 1024 (custom)
2019-10-03 14:12:38,003 [pool-403-thread-1] INFO  server.RaftServerConfigKeys (ConfUtils.java:logGet(43)) - raft.server.log.segment.size.max = 1048576 (custom)
2019-10-03 14:12:38,003 [pool-403-thread-1] INFO  server.RaftServerConfigKeys (ConfUtils.java:logGet(43)) - raft.server.log.preallocated.size = 16384 (custom)
2019-10-03 14:12:38,003 [pool-403-thread-1] INFO  server.RaftServerConfigKeys (ConfUtils.java:logGet(43)) - raft.server.log.write.buffer.size = 33554432 (custom)
2019-10-03 14:12:38,003 [pool-403-thread-1] INFO  server.RaftServerConfigKeys (ConfUtils.java:logGet(43)) - raft.server.log.force.sync.num = 128 (default)
2019-10-03 14:12:38,003 [pool-403-thread-1] INFO  server.RaftServerConfigKeys (ConfUtils.java:logGet(43)) - raft.server.log.statemachine.data.sync = true (default)
2019-10-03 14:12:38,003 [pool-403-thread-1] INFO  server.RaftServerConfigKeys (ConfUtils.java:logGet(43)) - raft.server.log.statemachine.data.sync.timeout = 10s (default)
2019-10-03 14:12:38,004 [pool-403-thread-1] INFO  server.RaftServerConfigKeys (ConfUtils.java:logGet(43)) - raft.server.log.statemachine.data.sync.timeout.retry = -1 (default)
2019-10-03 14:12:38,004 [pool-403-thread-1] INFO  server.RaftServerConfigKeys (ConfUtils.java:logGet(43)) - raft.server.log.statemachine.data.caching.enabled = true (custom)
2019-10-03 14:12:38,004 [pool-403-thread-1] INFO  segmented.SegmentedRaftLogWorker (SegmentedRaftLogWorker.java:lambda$new$0(128)) - 96bff13a-fe0b-48f4-92ef-20e30879139a@group-5E4C6CA4D369-SegmentedRaftLogWorker: flushIndex: setUnconditionally 0 -> -1
2019-10-03 14:12:38,005 [pool-403-thread-1] INFO  server.RaftServerConfigKeys (ConfUtils.java:logGet(43)) - raft.server.snapshot.auto.trigger.enabled = true (custom)
2019-10-03 14:12:38,005 [pool-403-thread-1] INFO  server.RaftServerConfigKeys (ConfUtils.java:logGet(43)) - raft.server.snapshot.auto.trigger.threshold = 10000 (custom)
2019-10-03 14:12:38,005 [pool-403-thread-1] INFO  server.RaftServerConfigKeys (ConfUtils.java:logGet(43)) - raft.server.snapshot.retention.file.num = 5 (custom)
2019-10-03 14:12:38,005 [pool-403-thread-1] INFO  server.RaftServerConfigKeys (ConfUtils.java:logGet(43)) - raft.server.retrycache.expirytime = 600000ms (custom)
2019-10-03 14:12:38,007 [pool-403-thread-1] INFO  impl.RaftServerImpl (RaftServerImpl.java:start(181)) - 96bff13a-fe0b-48f4-92ef-20e30879139a@group-5E4C6CA4D369: start as a follower, conf=-1: [96bff13a-fe0b-48f4-92ef-20e30879139a:192.168.30.9:34611], old=null
2019-10-03 14:12:38,007 [pool-403-thread-1] INFO  impl.RaftServerImpl (RaftServerImpl.java:setRole(170)) - 96bff13a-fe0b-48f4-92ef-20e30879139a@group-5E4C6CA4D369: changes role from      null to FOLLOWER at term 0 for startAsFollower
2019-10-03 14:12:38,007 [pool-403-thread-1] INFO  impl.RoleInfo (RoleInfo.java:updateAndGet(143)) - 96bff13a-fe0b-48f4-92ef-20e30879139a: start FollowerState
2019-10-03 14:12:38,007 [pool-403-thread-1] INFO  util.JmxRegister (JmxRegister.java:tryRegister(44)) - Successfully registered JMX Bean with object name Ratis:service=RaftServer,group=group-5E4C6CA4D369,id=96bff13a-fe0b-48f4-92ef-20e30879139a
2019-10-03 14:12:38,010 [IPC Server handler 5 on 45797] INFO  net.NetworkTopology (NetworkTopologyImpl.java:add(111)) - Added a new node: /default-rack/aa2a9927-e312-4029-bc90-37bb3b062001
2019-10-03 14:12:38,010 [IPC Server handler 5 on 45797] INFO  node.SCMNodeManager (SCMNodeManager.java:register(266)) - Registered Data node : aa2a9927-e312-4029-bc90-37bb3b062001{ip: 192.168.30.9, host: pr-hdds-2216-wws87-2365029438, networkLocation: /default-rack, certSerialId: null}
2019-10-03 14:12:38,011 [RatisPipelineUtilsThread] INFO  pipeline.PipelineStateManager (PipelineStateManager.java:addPipeline(56)) - Created pipeline Pipeline[ Id: 88c918d1-7d60-44c9-9262-5e4c6ca4d369, Nodes: 96bff13a-fe0b-48f4-92ef-20e30879139a{ip: 192.168.30.9, host: pr-hdds-2216-wws87-2365029438, networkLocation: /default-rack, certSerialId: null}, Type:RATIS, Factor:ONE, State:OPEN]
2019-10-03 14:12:38,022 [grpc-default-executor-6] INFO  impl.RaftServerProxy (RaftServerProxy.java:addNew(89)) - aa2a9927-e312-4029-bc90-37bb3b062001: addNew group-C3926660A71C:[aa2a9927-e312-4029-bc90-37bb3b062001:192.168.30.9:36508] returns group-C3926660A71C:java.util.concurrent.CompletableFuture@6ee50e14[Not completed]
2019-10-03 14:12:38,023 [pool-413-thread-1] INFO  impl.RaftServerImpl (RaftServerImpl.java:<init>(95)) - aa2a9927-e312-4029-bc90-37bb3b062001: new RaftServerImpl for group-C3926660A71C:[aa2a9927-e312-4029-bc90-37bb3b062001:192.168.30.9:36508] with ContainerStateMachine:uninitialized
2019-10-03 14:12:38,023 [pool-413-thread-1] INFO  server.RaftServerConfigKeys (ConfUtils.java:logGet(43)) - raft.server.rpc.timeout.min = 5s (custom)
2019-10-03 14:12:38,023 [pool-413-thread-1] INFO  server.RaftServerConfigKeys (ConfUtils.java:logGet(43)) - raft.server.rpc.timeout.max = 5200ms (custom)
2019-10-03 14:12:38,023 [pool-413-thread-1] INFO  server.RaftServerConfigKeys (ConfUtils.java:logGet(43)) - raft.server.rpcslowness.timeout = 120s (custom)
2019-10-03 14:12:38,023 [pool-413-thread-1] INFO  server.RaftServerConfigKeys (ConfUtils.java:logGet(43)) - raft.server.sleep.deviation.threshold = 300 (default)
2019-10-03 14:12:38,023 [pool-413-thread-1] INFO  server.RaftServerConfigKeys (ConfUtils.java:logGet(43)) - raft.server.log.appender.install.snapshot.enabled = false (custom)
2019-10-03 14:12:38,024 [pool-413-thread-1] INFO  impl.RaftServerImpl (ServerState.java:<init>(103)) - aa2a9927-e312-4029-bc90-37bb3b062001@group-C3926660A71C: ConfigurationManager, init=-1: [aa2a9927-e312-4029-bc90-37bb3b062001:192.168.30.9:36508], old=null, confs=<EMPTY_MAP>
2019-10-03 14:12:38,024 [pool-413-thread-1] INFO  server.RaftServerConfigKeys (ConfUtils.java:logGet(43)) - raft.server.storage.dir = [/workdir/hadoop-ozone/integration-test/target/test-dir/MiniOzoneClusterImpl-4ae2b488-2bb7-488a-85e2-f7ac6aadfb05/datanode-3/data/ratis] (custom)
2019-10-03 14:12:38,024 [pool-413-thread-1] INFO  server.RaftServerConfigKeys (ConfUtils.java:logGet(43)) - raft.server.log.corruption.policy = EXCEPTION (default)
2019-10-03 14:12:38,024 [pool-413-thread-1] INFO  storage.RaftStorageDirectory (RaftStorageDirectory.java:analyzeStorage(246)) - The storage directory /workdir/hadoop-ozone/integration-test/target/test-dir/MiniOzoneClusterImpl-4ae2b488-2bb7-488a-85e2-f7ac6aadfb05/datanode-3/data/ratis/05bf8446-ed34-44c7-880e-c3926660a71c does not exist. Creating ...
2019-10-03 14:12:38,031 [pool-413-thread-1] INFO  storage.RaftStorageDirectory (RaftStorageDirectory.java:tryLock(328)) - Lock on /workdir/hadoop-ozone/integration-test/target/test-dir/MiniOzoneClusterImpl-4ae2b488-2bb7-488a-85e2-f7ac6aadfb05/datanode-3/data/ratis/05bf8446-ed34-44c7-880e-c3926660a71c/in_use.lock acquired by nodename 10883@pr-hdds-2216-wws87-2365029438
2019-10-03 14:12:38,036 [pool-413-thread-1] INFO  storage.RaftStorage (RaftStorage.java:format(84)) - Storage directory /workdir/hadoop-ozone/integration-test/target/test-dir/MiniOzoneClusterImpl-4ae2b488-2bb7-488a-85e2-f7ac6aadfb05/datanode-3/data/ratis/05bf8446-ed34-44c7-880e-c3926660a71c has been successfully formatted.
2019-10-03 14:12:38,036 [pool-413-thread-1] INFO  ratis.ContainerStateMachine (ContainerStateMachine.java:loadSnapshot(230)) - group-C3926660A71C: The snapshot info is null. Setting the last applied indexto:(t:0, i:~)
2019-10-03 14:12:38,036 [pool-413-thread-1] INFO  server.RaftServerConfigKeys (ConfUtils.java:logGet(43)) - raft.server.notification.no-leader.timeout = 120s (custom)
2019-10-03 14:12:38,036 [pool-413-thread-1] INFO  server.RaftServerConfigKeys (ConfUtils.java:logGet(43)) - raft.server.log.use.memory = false (default)
2019-10-03 14:12:38,036 [pool-413-thread-1] INFO  server.RaftServerConfigKeys (ConfUtils.java:logGet(43)) - raft.server.log.purge.gap = 1000000 (custom)
2019-10-03 14:12:38,037 [pool-413-thread-1] INFO  server.RaftServerConfigKeys (ConfUtils.java:logGet(43)) - raft.server.log.appender.buffer.byte-limit = 33554432 (custom)
2019-10-03 14:12:38,037 [pool-413-thread-1] INFO  server.RaftServerConfigKeys (ConfUtils.java:logGet(43)) - raft.server.log.segment.size.max = 1048576 (custom)
2019-10-03 14:12:38,038 [pool-413-thread-1] INFO  server.RaftServerConfigKeys (ConfUtils.java:logGet(43)) - raft.server.log.segment.cache.num.max = 2 (custom)
2019-10-03 14:12:38,039 [pool-413-thread-1] INFO  segmented.SegmentedRaftLogWorker (SegmentedRaftLogWorker.java:<init>(173)) - new aa2a9927-e312-4029-bc90-37bb3b062001@group-C3926660A71C-SegmentedRaftLogWorker for RaftStorage:Storage Directory /workdir/hadoop-ozone/integration-test/target/test-dir/MiniOzoneClusterImpl-4ae2b488-2bb7-488a-85e2-f7ac6aadfb05/datanode-3/data/ratis/05bf8446-ed34-44c7-880e-c3926660a71c
2019-10-03 14:12:38,039 [pool-413-thread-1] INFO  server.RaftServerConfigKeys (ConfUtils.java:logGet(43)) - raft.server.log.queue.byte-limit = 2147483647 (custom)
2019-10-03 14:12:38,039 [pool-413-thread-1] INFO  server.RaftServerConfigKeys (ConfUtils.java:logGet(43)) - raft.server.log.queue.element-limit = 1024 (custom)
2019-10-03 14:12:38,039 [pool-413-thread-1] INFO  server.RaftServerConfigKeys (ConfUtils.java:logGet(43)) - raft.server.log.segment.size.max = 1048576 (custom)
2019-10-03 14:12:38,039 [pool-413-thread-1] INFO  server.RaftServerConfigKeys (ConfUtils.java:logGet(43)) - raft.server.log.preallocated.size = 16384 (custom)
2019-10-03 14:12:38,039 [pool-413-thread-1] INFO  server.RaftServerConfigKeys (ConfUtils.java:logGet(43)) - raft.server.log.write.buffer.size = 33554432 (custom)
2019-10-03 14:12:38,039 [pool-413-thread-1] INFO  server.RaftServerConfigKeys (ConfUtils.java:logGet(43)) - raft.server.log.force.sync.num = 128 (default)
2019-10-03 14:12:38,039 [pool-413-thread-1] INFO  server.RaftServerConfigKeys (ConfUtils.java:logGet(43)) - raft.server.log.statemachine.data.sync = true (default)
2019-10-03 14:12:38,040 [pool-413-thread-1] INFO  server.RaftServerConfigKeys (ConfUtils.java:logGet(43)) - raft.server.log.statemachine.data.sync.timeout = 10s (default)
2019-10-03 14:12:38,040 [pool-413-thread-1] INFO  server.RaftServerConfigKeys (ConfUtils.java:logGet(43)) - raft.server.log.statemachine.data.sync.timeout.retry = -1 (default)
2019-10-03 14:12:38,040 [pool-413-thread-1] INFO  server.RaftServerConfigKeys (ConfUtils.java:logGet(43)) - raft.server.log.statemachine.data.caching.enabled = true (custom)
2019-10-03 14:12:38,040 [pool-413-thread-1] INFO  segmented.SegmentedRaftLogWorker (SegmentedRaftLogWorker.java:lambda$new$0(128)) - aa2a9927-e312-4029-bc90-37bb3b062001@group-C3926660A71C-SegmentedRaftLogWorker: flushIndex: setUnconditionally 0 -> -1
2019-10-03 14:12:38,041 [pool-413-thread-1] INFO  server.RaftServerConfigKeys (ConfUtils.java:logGet(43)) - raft.server.snapshot.auto.trigger.enabled = true (custom)
2019-10-03 14:12:38,041 [pool-413-thread-1] INFO  server.RaftServerConfigKeys (ConfUtils.java:logGet(43)) - raft.server.snapshot.auto.trigger.threshold = 10000 (custom)
2019-10-03 14:12:38,041 [pool-413-thread-1] INFO  server.RaftServerConfigKeys (ConfUtils.java:logGet(43)) - raft.server.snapshot.retention.file.num = 5 (custom)
2019-10-03 14:12:38,041 [pool-413-thread-1] INFO  server.RaftServerConfigKeys (ConfUtils.java:logGet(43)) - raft.server.retrycache.expirytime = 600000ms (custom)
2019-10-03 14:12:38,043 [pool-413-thread-1] INFO  impl.RaftServerImpl (RaftServerImpl.java:start(181)) - aa2a9927-e312-4029-bc90-37bb3b062001@group-C3926660A71C: start as a follower, conf=-1: [aa2a9927-e312-4029-bc90-37bb3b062001:192.168.30.9:36508], old=null
2019-10-03 14:12:38,043 [pool-413-thread-1] INFO  impl.RaftServerImpl (RaftServerImpl.java:setRole(170)) - aa2a9927-e312-4029-bc90-37bb3b062001@group-C3926660A71C: changes role from      null to FOLLOWER at term 0 for startAsFollower
2019-10-03 14:12:38,043 [pool-413-thread-1] INFO  impl.RoleInfo (RoleInfo.java:updateAndGet(143)) - aa2a9927-e312-4029-bc90-37bb3b062001: start FollowerState
2019-10-03 14:12:38,043 [pool-413-thread-1] INFO  util.JmxRegister (JmxRegister.java:tryRegister(44)) - Successfully registered JMX Bean with object name Ratis:service=RaftServer,group=group-C3926660A71C,id=aa2a9927-e312-4029-bc90-37bb3b062001
2019-10-03 14:12:38,046 [RatisPipelineUtilsThread] INFO  pipeline.PipelineStateManager (PipelineStateManager.java:addPipeline(56)) - Created pipeline Pipeline[ Id: 05bf8446-ed34-44c7-880e-c3926660a71c, Nodes: aa2a9927-e312-4029-bc90-37bb3b062001{ip: 192.168.30.9, host: pr-hdds-2216-wws87-2365029438, networkLocation: /default-rack, certSerialId: null}, Type:RATIS, Factor:ONE, State:OPEN]
2019-10-03 14:12:38,056 [grpc-default-executor-0] INFO  impl.RaftServerProxy (RaftServerProxy.java:addNew(89)) - 33f0138b-7ee0-4f04-affd-7ef231342dec: addNew group-D2FD727667B1:[96bff13a-fe0b-48f4-92ef-20e30879139a:192.168.30.9:34611, 33f0138b-7ee0-4f04-affd-7ef231342dec:192.168.30.9:44752, aa2a9927-e312-4029-bc90-37bb3b062001:192.168.30.9:36508] returns group-D2FD727667B1:java.util.concurrent.CompletableFuture@19e2789b[Not completed]
2019-10-03 14:12:38,057 [grpc-default-executor-0] INFO  impl.RaftServerProxy (RaftServerProxy.java:addNew(89)) - 96bff13a-fe0b-48f4-92ef-20e30879139a: addNew group-D2FD727667B1:[96bff13a-fe0b-48f4-92ef-20e30879139a:192.168.30.9:34611, 33f0138b-7ee0-4f04-affd-7ef231342dec:192.168.30.9:44752, aa2a9927-e312-4029-bc90-37bb3b062001:192.168.30.9:36508] returns group-D2FD727667B1:java.util.concurrent.CompletableFuture@41ef8706[Not completed]
2019-10-03 14:12:38,057 [grpc-default-executor-13] INFO  impl.RaftServerProxy (RaftServerProxy.java:addNew(89)) - aa2a9927-e312-4029-bc90-37bb3b062001: addNew group-D2FD727667B1:[96bff13a-fe0b-48f4-92ef-20e30879139a:192.168.30.9:34611, 33f0138b-7ee0-4f04-affd-7ef231342dec:192.168.30.9:44752, aa2a9927-e312-4029-bc90-37bb3b062001:192.168.30.9:36508] returns group-D2FD727667B1:java.util.concurrent.CompletableFuture@7cb87fea[Not completed]
2019-10-03 14:12:38,058 [pool-383-thread-1] INFO  impl.RaftServerImpl (RaftServerImpl.java:<init>(95)) - 33f0138b-7ee0-4f04-affd-7ef231342dec: new RaftServerImpl for group-D2FD727667B1:[96bff13a-fe0b-48f4-92ef-20e30879139a:192.168.30.9:34611, 33f0138b-7ee0-4f04-affd-7ef231342dec:192.168.30.9:44752, aa2a9927-e312-4029-bc90-37bb3b062001:192.168.30.9:36508] with ContainerStateMachine:uninitialized
2019-10-03 14:12:38,058 [pool-383-thread-1] INFO  server.RaftServerConfigKeys (ConfUtils.java:logGet(43)) - raft.server.rpc.timeout.min = 5s (custom)
2019-10-03 14:12:38,058 [pool-383-thread-1] INFO  server.RaftServerConfigKeys (ConfUtils.java:logGet(43)) - raft.server.rpc.timeout.max = 5200ms (custom)
2019-10-03 14:12:38,058 [pool-383-thread-1] INFO  server.RaftServerConfigKeys (ConfUtils.java:logGet(43)) - raft.server.rpcslowness.timeout = 120s (custom)
2019-10-03 14:12:38,058 [pool-383-thread-1] INFO  server.RaftServerConfigKeys (ConfUtils.java:logGet(43)) - raft.server.sleep.deviation.threshold = 300 (default)
2019-10-03 14:12:38,058 [pool-383-thread-1] INFO  server.RaftServerConfigKeys (ConfUtils.java:logGet(43)) - raft.server.log.appender.install.snapshot.enabled = false (custom)
2019-10-03 14:12:38,058 [pool-403-thread-1] INFO  impl.RaftServerImpl (RaftServerImpl.java:<init>(95)) - 96bff13a-fe0b-48f4-92ef-20e30879139a: new RaftServerImpl for group-D2FD727667B1:[96bff13a-fe0b-48f4-92ef-20e30879139a:192.168.30.9:34611, 33f0138b-7ee0-4f04-affd-7ef231342dec:192.168.30.9:44752, aa2a9927-e312-4029-bc90-37bb3b062001:192.168.30.9:36508] with ContainerStateMachine:uninitialized
2019-10-03 14:12:38,058 [pool-383-thread-1] INFO  impl.RaftServerImpl (ServerState.java:<init>(103)) - 33f0138b-7ee0-4f04-affd-7ef231342dec@group-D2FD727667B1: ConfigurationManager, init=-1: [96bff13a-fe0b-48f4-92ef-20e30879139a:192.168.30.9:34611, 33f0138b-7ee0-4f04-affd-7ef231342dec:192.168.30.9:44752, aa2a9927-e312-4029-bc90-37bb3b062001:192.168.30.9:36508], old=null, confs=<EMPTY_MAP>
2019-10-03 14:12:38,058 [pool-403-thread-1] INFO  server.RaftServerConfigKeys (ConfUtils.java:logGet(43)) - raft.server.rpc.timeout.min = 5s (custom)
2019-10-03 14:12:38,059 [pool-383-thread-1] INFO  server.RaftServerConfigKeys (ConfUtils.java:logGet(43)) - raft.server.storage.dir = [/workdir/hadoop-ozone/integration-test/target/test-dir/MiniOzoneClusterImpl-4ae2b488-2bb7-488a-85e2-f7ac6aadfb05/datanode-0/data/ratis] (custom)
2019-10-03 14:12:38,059 [pool-403-thread-1] INFO  server.RaftServerConfigKeys (ConfUtils.java:logGet(43)) - raft.server.rpc.timeout.max = 5200ms (custom)
2019-10-03 14:12:38,059 [pool-413-thread-1] INFO  impl.RaftServerImpl (RaftServerImpl.java:<init>(95)) - aa2a9927-e312-4029-bc90-37bb3b062001: new RaftServerImpl for group-D2FD727667B1:[96bff13a-fe0b-48f4-92ef-20e30879139a:192.168.30.9:34611, 33f0138b-7ee0-4f04-affd-7ef231342dec:192.168.30.9:44752, aa2a9927-e312-4029-bc90-37bb3b062001:192.168.30.9:36508] with ContainerStateMachine:uninitialized
2019-10-03 14:12:38,059 [pool-383-thread-1] INFO  server.RaftServerConfigKeys (ConfUtils.java:logGet(43)) - raft.server.log.corruption.policy = EXCEPTION (default)
2019-10-03 14:12:38,059 [pool-403-thread-1] INFO  server.RaftServerConfigKeys (ConfUtils.java:logGet(43)) - raft.server.rpcslowness.timeout = 120s (custom)
2019-10-03 14:12:38,059 [pool-383-thread-1] INFO  storage.RaftStorageDirectory (RaftStorageDirectory.java:analyzeStorage(246)) - The storage directory /workdir/hadoop-ozone/integration-test/target/test-dir/MiniOzoneClusterImpl-4ae2b488-2bb7-488a-85e2-f7ac6aadfb05/datanode-0/data/ratis/e4440e51-e6fe-4303-95f5-d2fd727667b1 does not exist. Creating ...
2019-10-03 14:12:38,059 [pool-413-thread-1] INFO  server.RaftServerConfigKeys (ConfUtils.java:logGet(43)) - raft.server.rpc.timeout.min = 5s (custom)
2019-10-03 14:12:38,059 [pool-403-thread-1] INFO  server.RaftServerConfigKeys (ConfUtils.java:logGet(43)) - raft.server.sleep.deviation.threshold = 300 (default)
2019-10-03 14:12:38,059 [pool-413-thread-1] INFO  server.RaftServerConfigKeys (ConfUtils.java:logGet(43)) - raft.server.rpc.timeout.max = 5200ms (custom)
2019-10-03 14:12:38,060 [pool-403-thread-1] INFO  server.RaftServerConfigKeys (ConfUtils.java:logGet(43)) - raft.server.log.appender.install.snapshot.enabled = false (custom)
2019-10-03 14:12:38,060 [pool-413-thread-1] INFO  server.RaftServerConfigKeys (ConfUtils.java:logGet(43)) - raft.server.rpcslowness.timeout = 120s (custom)
2019-10-03 14:12:38,060 [pool-403-thread-1] INFO  impl.RaftServerImpl (ServerState.java:<init>(103)) - 96bff13a-fe0b-48f4-92ef-20e30879139a@group-D2FD727667B1: ConfigurationManager, init=-1: [96bff13a-fe0b-48f4-92ef-20e30879139a:192.168.30.9:34611, 33f0138b-7ee0-4f04-affd-7ef231342dec:192.168.30.9:44752, aa2a9927-e312-4029-bc90-37bb3b062001:192.168.30.9:36508], old=null, confs=<EMPTY_MAP>
2019-10-03 14:12:38,060 [pool-413-thread-1] INFO  server.RaftServerConfigKeys (ConfUtils.java:logGet(43)) - raft.server.sleep.deviation.threshold = 300 (default)
2019-10-03 14:12:38,060 [pool-403-thread-1] INFO  server.RaftServerConfigKeys (ConfUtils.java:logGet(43)) - raft.server.storage.dir = [/workdir/hadoop-ozone/integration-test/target/test-dir/MiniOzoneClusterImpl-4ae2b488-2bb7-488a-85e2-f7ac6aadfb05/datanode-2/data/ratis] (custom)
2019-10-03 14:12:38,060 [pool-413-thread-1] INFO  server.RaftServerConfigKeys (ConfUtils.java:logGet(43)) - raft.server.log.appender.install.snapshot.enabled = false (custom)
2019-10-03 14:12:38,060 [pool-403-thread-1] INFO  server.RaftServerConfigKeys (ConfUtils.java:logGet(43)) - raft.server.log.corruption.policy = EXCEPTION (default)
2019-10-03 14:12:38,060 [pool-413-thread-1] INFO  impl.RaftServerImpl (ServerState.java:<init>(103)) - aa2a9927-e312-4029-bc90-37bb3b062001@group-D2FD727667B1: ConfigurationManager, init=-1: [96bff13a-fe0b-48f4-92ef-20e30879139a:192.168.30.9:34611, 33f0138b-7ee0-4f04-affd-7ef231342dec:192.168.30.9:44752, aa2a9927-e312-4029-bc90-37bb3b062001:192.168.30.9:36508], old=null, confs=<EMPTY_MAP>
2019-10-03 14:12:38,060 [pool-403-thread-1] INFO  storage.RaftStorageDirectory (RaftStorageDirectory.java:analyzeStorage(246)) - The storage directory /workdir/hadoop-ozone/integration-test/target/test-dir/MiniOzoneClusterImpl-4ae2b488-2bb7-488a-85e2-f7ac6aadfb05/datanode-2/data/ratis/e4440e51-e6fe-4303-95f5-d2fd727667b1 does not exist. Creating ...
2019-10-03 14:12:38,061 [pool-413-thread-1] INFO  server.RaftServerConfigKeys (ConfUtils.java:logGet(43)) - raft.server.storage.dir = [/workdir/hadoop-ozone/integration-test/target/test-dir/MiniOzoneClusterImpl-4ae2b488-2bb7-488a-85e2-f7ac6aadfb05/datanode-3/data/ratis] (custom)
2019-10-03 14:12:38,061 [pool-413-thread-1] INFO  server.RaftServerConfigKeys (ConfUtils.java:logGet(43)) - raft.server.log.corruption.policy = EXCEPTION (default)
2019-10-03 14:12:38,061 [pool-413-thread-1] INFO  storage.RaftStorageDirectory (RaftStorageDirectory.java:analyzeStorage(246)) - The storage directory /workdir/hadoop-ozone/integration-test/target/test-dir/MiniOzoneClusterImpl-4ae2b488-2bb7-488a-85e2-f7ac6aadfb05/datanode-3/data/ratis/e4440e51-e6fe-4303-95f5-d2fd727667b1 does not exist. Creating ...
2019-10-03 14:12:38,064 [pool-403-thread-1] INFO  storage.RaftStorageDirectory (RaftStorageDirectory.java:tryLock(328)) - Lock on /workdir/hadoop-ozone/integration-test/target/test-dir/MiniOzoneClusterImpl-4ae2b488-2bb7-488a-85e2-f7ac6aadfb05/datanode-2/data/ratis/e4440e51-e6fe-4303-95f5-d2fd727667b1/in_use.lock acquired by nodename 10883@pr-hdds-2216-wws87-2365029438
2019-10-03 14:12:38,064 [pool-383-thread-1] INFO  storage.RaftStorageDirectory (RaftStorageDirectory.java:tryLock(328)) - Lock on /workdir/hadoop-ozone/integration-test/target/test-dir/MiniOzoneClusterImpl-4ae2b488-2bb7-488a-85e2-f7ac6aadfb05/datanode-0/data/ratis/e4440e51-e6fe-4303-95f5-d2fd727667b1/in_use.lock acquired by nodename 10883@pr-hdds-2216-wws87-2365029438
2019-10-03 14:12:38,068 [pool-413-thread-1] INFO  storage.RaftStorageDirectory (RaftStorageDirectory.java:tryLock(328)) - Lock on /workdir/hadoop-ozone/integration-test/target/test-dir/MiniOzoneClusterImpl-4ae2b488-2bb7-488a-85e2-f7ac6aadfb05/datanode-3/data/ratis/e4440e51-e6fe-4303-95f5-d2fd727667b1/in_use.lock acquired by nodename 10883@pr-hdds-2216-wws87-2365029438
2019-10-03 14:12:38,068 [pool-403-thread-1] INFO  storage.RaftStorage (RaftStorage.java:format(84)) - Storage directory /workdir/hadoop-ozone/integration-test/target/test-dir/MiniOzoneClusterImpl-4ae2b488-2bb7-488a-85e2-f7ac6aadfb05/datanode-2/data/ratis/e4440e51-e6fe-4303-95f5-d2fd727667b1 has been successfully formatted.
2019-10-03 14:12:38,068 [pool-383-thread-1] INFO  storage.RaftStorage (RaftStorage.java:format(84)) - Storage directory /workdir/hadoop-ozone/integration-test/target/test-dir/MiniOzoneClusterImpl-4ae2b488-2bb7-488a-85e2-f7ac6aadfb05/datanode-0/data/ratis/e4440e51-e6fe-4303-95f5-d2fd727667b1 has been successfully formatted.
2019-10-03 14:12:38,069 [pool-403-thread-1] INFO  ratis.ContainerStateMachine (ContainerStateMachine.java:loadSnapshot(230)) - group-D2FD727667B1: The snapshot info is null. Setting the last applied indexto:(t:0, i:~)
2019-10-03 14:12:38,069 [pool-383-thread-1] INFO  ratis.ContainerStateMachine (ContainerStateMachine.java:loadSnapshot(230)) - group-D2FD727667B1: The snapshot info is null. Setting the last applied indexto:(t:0, i:~)
2019-10-03 14:12:38,069 [pool-403-thread-1] INFO  server.RaftServerConfigKeys (ConfUtils.java:logGet(43)) - raft.server.notification.no-leader.timeout = 120s (custom)
2019-10-03 14:12:38,069 [pool-383-thread-1] INFO  server.RaftServerConfigKeys (ConfUtils.java:logGet(43)) - raft.server.notification.no-leader.timeout = 120s (custom)
2019-10-03 14:12:38,069 [pool-403-thread-1] INFO  server.RaftServerConfigKeys (ConfUtils.java:logGet(43)) - raft.server.log.use.memory = false (default)
2019-10-03 14:12:38,069 [pool-383-thread-1] INFO  server.RaftServerConfigKeys (ConfUtils.java:logGet(43)) - raft.server.log.use.memory = false (default)
2019-10-03 14:12:38,069 [pool-403-thread-1] INFO  server.RaftServerConfigKeys (ConfUtils.java:logGet(43)) - raft.server.log.purge.gap = 1000000 (custom)
2019-10-03 14:12:38,069 [pool-383-thread-1] INFO  server.RaftServerConfigKeys (ConfUtils.java:logGet(43)) - raft.server.log.purge.gap = 1000000 (custom)
2019-10-03 14:12:38,070 [pool-403-thread-1] INFO  server.RaftServerConfigKeys (ConfUtils.java:logGet(43)) - raft.server.log.appender.buffer.byte-limit = 33554432 (custom)
2019-10-03 14:12:38,070 [pool-383-thread-1] INFO  server.RaftServerConfigKeys (ConfUtils.java:logGet(43)) - raft.server.log.appender.buffer.byte-limit = 33554432 (custom)
2019-10-03 14:12:38,070 [pool-403-thread-1] INFO  server.RaftServerConfigKeys (ConfUtils.java:logGet(43)) - raft.server.log.segment.size.max = 1048576 (custom)
2019-10-03 14:12:38,070 [pool-383-thread-1] INFO  server.RaftServerConfigKeys (ConfUtils.java:logGet(43)) - raft.server.log.segment.size.max = 1048576 (custom)
2019-10-03 14:12:38,070 [pool-403-thread-1] INFO  server.RaftServerConfigKeys (ConfUtils.java:logGet(43)) - raft.server.log.segment.cache.num.max = 2 (custom)
2019-10-03 14:12:38,070 [pool-383-thread-1] INFO  server.RaftServerConfigKeys (ConfUtils.java:logGet(43)) - raft.server.log.segment.cache.num.max = 2 (custom)
2019-10-03 14:12:38,070 [pool-403-thread-1] INFO  segmented.SegmentedRaftLogWorker (SegmentedRaftLogWorker.java:<init>(173)) - new 96bff13a-fe0b-48f4-92ef-20e30879139a@group-D2FD727667B1-SegmentedRaftLogWorker for RaftStorage:Storage Directory /workdir/hadoop-ozone/integration-test/target/test-dir/MiniOzoneClusterImpl-4ae2b488-2bb7-488a-85e2-f7ac6aadfb05/datanode-2/data/ratis/e4440e51-e6fe-4303-95f5-d2fd727667b1
2019-10-03 14:12:38,070 [pool-383-thread-1] INFO  segmented.SegmentedRaftLogWorker (SegmentedRaftLogWorker.java:<init>(173)) - new 33f0138b-7ee0-4f04-affd-7ef231342dec@group-D2FD727667B1-SegmentedRaftLogWorker for RaftStorage:Storage Directory /workdir/hadoop-ozone/integration-test/target/test-dir/MiniOzoneClusterImpl-4ae2b488-2bb7-488a-85e2-f7ac6aadfb05/datanode-0/data/ratis/e4440e51-e6fe-4303-95f5-d2fd727667b1
2019-10-03 14:12:38,071 [pool-403-thread-1] INFO  server.RaftServerConfigKeys (ConfUtils.java:logGet(43)) - raft.server.log.queue.byte-limit = 2147483647 (custom)
2019-10-03 14:12:38,071 [pool-383-thread-1] INFO  server.RaftServerConfigKeys (ConfUtils.java:logGet(43)) - raft.server.log.queue.byte-limit = 2147483647 (custom)
2019-10-03 14:12:38,071 [pool-403-thread-1] INFO  server.RaftServerConfigKeys (ConfUtils.java:logGet(43)) - raft.server.log.queue.element-limit = 1024 (custom)
2019-10-03 14:12:38,071 [pool-383-thread-1] INFO  server.RaftServerConfigKeys (ConfUtils.java:logGet(43)) - raft.server.log.queue.element-limit = 1024 (custom)
2019-10-03 14:12:38,071 [pool-403-thread-1] INFO  server.RaftServerConfigKeys (ConfUtils.java:logGet(43)) - raft.server.log.segment.size.max = 1048576 (custom)
2019-10-03 14:12:38,071 [pool-383-thread-1] INFO  server.RaftServerConfigKeys (ConfUtils.java:logGet(43)) - raft.server.log.segment.size.max = 1048576 (custom)
2019-10-03 14:12:38,071 [pool-403-thread-1] INFO  server.RaftServerConfigKeys (ConfUtils.java:logGet(43)) - raft.server.log.preallocated.size = 16384 (custom)
2019-10-03 14:12:38,071 [pool-383-thread-1] INFO  server.RaftServerConfigKeys (ConfUtils.java:logGet(43)) - raft.server.log.preallocated.size = 16384 (custom)
2019-10-03 14:12:38,071 [pool-403-thread-1] INFO  server.RaftServerConfigKeys (ConfUtils.java:logGet(43)) - raft.server.log.write.buffer.size = 33554432 (custom)
2019-10-03 14:12:38,072 [pool-383-thread-1] INFO  server.RaftServerConfigKeys (ConfUtils.java:logGet(43)) - raft.server.log.write.buffer.size = 33554432 (custom)
2019-10-03 14:12:38,072 [pool-403-thread-1] INFO  server.RaftServerConfigKeys (ConfUtils.java:logGet(43)) - raft.server.log.force.sync.num = 128 (default)
2019-10-03 14:12:38,072 [pool-383-thread-1] INFO  server.RaftServerConfigKeys (ConfUtils.java:logGet(43)) - raft.server.log.force.sync.num = 128 (default)
2019-10-03 14:12:38,072 [pool-403-thread-1] INFO  server.RaftServerConfigKeys (ConfUtils.java:logGet(43)) - raft.server.log.statemachine.data.sync = true (default)
2019-10-03 14:12:38,072 [pool-383-thread-1] INFO  server.RaftServerConfigKeys (ConfUtils.java:logGet(43)) - raft.server.log.statemachine.data.sync = true (default)
2019-10-03 14:12:38,072 [pool-403-thread-1] INFO  server.RaftServerConfigKeys (ConfUtils.java:logGet(43)) - raft.server.log.statemachine.data.sync.timeout = 10s (default)
2019-10-03 14:12:38,072 [pool-383-thread-1] INFO  server.RaftServerConfigKeys (ConfUtils.java:logGet(43)) - raft.server.log.statemachine.data.sync.timeout = 10s (default)
2019-10-03 14:12:38,072 [pool-403-thread-1] INFO  server.RaftServerConfigKeys (ConfUtils.java:logGet(43)) - raft.server.log.statemachine.data.sync.timeout.retry = -1 (default)
2019-10-03 14:12:38,073 [pool-383-thread-1] INFO  server.RaftServerConfigKeys (ConfUtils.java:logGet(43)) - raft.server.log.statemachine.data.sync.timeout.retry = -1 (default)
2019-10-03 14:12:38,073 [pool-403-thread-1] INFO  server.RaftServerConfigKeys (ConfUtils.java:logGet(43)) - raft.server.log.statemachine.data.caching.enabled = true (custom)
2019-10-03 14:12:38,073 [pool-383-thread-1] INFO  server.RaftServerConfigKeys (ConfUtils.java:logGet(43)) - raft.server.log.statemachine.data.caching.enabled = true (custom)
2019-10-03 14:12:38,073 [pool-403-thread-1] INFO  segmented.SegmentedRaftLogWorker (SegmentedRaftLogWorker.java:lambda$new$0(128)) - 96bff13a-fe0b-48f4-92ef-20e30879139a@group-D2FD727667B1-SegmentedRaftLogWorker: flushIndex: setUnconditionally 0 -> -1
2019-10-03 14:12:38,073 [pool-413-thread-1] INFO  storage.RaftStorage (RaftStorage.java:format(84)) - Storage directory /workdir/hadoop-ozone/integration-test/target/test-dir/MiniOzoneClusterImpl-4ae2b488-2bb7-488a-85e2-f7ac6aadfb05/datanode-3/data/ratis/e4440e51-e6fe-4303-95f5-d2fd727667b1 has been successfully formatted.
2019-10-03 14:12:38,073 [pool-403-thread-1] INFO  server.RaftServerConfigKeys (ConfUtils.java:logGet(43)) - raft.server.snapshot.auto.trigger.enabled = true (custom)
2019-10-03 14:12:38,073 [pool-383-thread-1] INFO  segmented.SegmentedRaftLogWorker (SegmentedRaftLogWorker.java:lambda$new$0(128)) - 33f0138b-7ee0-4f04-affd-7ef231342dec@group-D2FD727667B1-SegmentedRaftLogWorker: flushIndex: setUnconditionally 0 -> -1
2019-10-03 14:12:38,074 [pool-403-thread-1] INFO  server.RaftServerConfigKeys (ConfUtils.java:logGet(43)) - raft.server.snapshot.auto.trigger.threshold = 10000 (custom)
2019-10-03 14:12:38,074 [pool-383-thread-1] INFO  server.RaftServerConfigKeys (ConfUtils.java:logGet(43)) - raft.server.snapshot.auto.trigger.enabled = true (custom)
2019-10-03 14:12:38,074 [pool-413-thread-1] INFO  ratis.ContainerStateMachine (ContainerStateMachine.java:loadSnapshot(230)) - group-D2FD727667B1: The snapshot info is null. Setting the last applied indexto:(t:0, i:~)
2019-10-03 14:12:38,074 [pool-383-thread-1] INFO  server.RaftServerConfigKeys (ConfUtils.java:logGet(43)) - raft.server.snapshot.auto.trigger.threshold = 10000 (custom)
2019-10-03 14:12:38,074 [pool-403-thread-1] INFO  server.RaftServerConfigKeys (ConfUtils.java:logGet(43)) - raft.server.snapshot.retention.file.num = 5 (custom)
2019-10-03 14:12:38,074 [pool-383-thread-1] INFO  server.RaftServerConfigKeys (ConfUtils.java:logGet(43)) - raft.server.snapshot.retention.file.num = 5 (custom)
2019-10-03 14:12:38,074 [pool-413-thread-1] INFO  server.RaftServerConfigKeys (ConfUtils.java:logGet(43)) - raft.server.notification.no-leader.timeout = 120s (custom)
2019-10-03 14:12:38,074 [pool-383-thread-1] INFO  server.RaftServerConfigKeys (ConfUtils.java:logGet(43)) - raft.server.retrycache.expirytime = 600000ms (custom)
2019-10-03 14:12:38,074 [pool-403-thread-1] INFO  server.RaftServerConfigKeys (ConfUtils.java:logGet(43)) - raft.server.retrycache.expirytime = 600000ms (custom)
2019-10-03 14:12:38,075 [pool-413-thread-1] INFO  server.RaftServerConfigKeys (ConfUtils.java:logGet(43)) - raft.server.log.use.memory = false (default)
2019-10-03 14:12:38,075 [pool-413-thread-1] INFO  server.RaftServerConfigKeys (ConfUtils.java:logGet(43)) - raft.server.log.purge.gap = 1000000 (custom)
2019-10-03 14:12:38,075 [pool-413-thread-1] INFO  server.RaftServerConfigKeys (ConfUtils.java:logGet(43)) - raft.server.log.appender.buffer.byte-limit = 33554432 (custom)
2019-10-03 14:12:38,075 [pool-413-thread-1] INFO  server.RaftServerConfigKeys (ConfUtils.java:logGet(43)) - raft.server.log.segment.size.max = 1048576 (custom)
2019-10-03 14:12:38,075 [pool-413-thread-1] INFO  server.RaftServerConfigKeys (ConfUtils.java:logGet(43)) - raft.server.log.segment.cache.num.max = 2 (custom)
2019-10-03 14:12:38,075 [pool-413-thread-1] INFO  segmented.SegmentedRaftLogWorker (SegmentedRaftLogWorker.java:<init>(173)) - new aa2a9927-e312-4029-bc90-37bb3b062001@group-D2FD727667B1-SegmentedRaftLogWorker for RaftStorage:Storage Directory /workdir/hadoop-ozone/integration-test/target/test-dir/MiniOzoneClusterImpl-4ae2b488-2bb7-488a-85e2-f7ac6aadfb05/datanode-3/data/ratis/e4440e51-e6fe-4303-95f5-d2fd727667b1
2019-10-03 14:12:38,076 [pool-413-thread-1] INFO  server.RaftServerConfigKeys (ConfUtils.java:logGet(43)) - raft.server.log.queue.byte-limit = 2147483647 (custom)
2019-10-03 14:12:38,076 [pool-413-thread-1] INFO  server.RaftServerConfigKeys (ConfUtils.java:logGet(43)) - raft.server.log.queue.element-limit = 1024 (custom)
2019-10-03 14:12:38,076 [pool-413-thread-1] INFO  server.RaftServerConfigKeys (ConfUtils.java:logGet(43)) - raft.server.log.segment.size.max = 1048576 (custom)
2019-10-03 14:12:38,076 [pool-413-thread-1] INFO  server.RaftServerConfigKeys (ConfUtils.java:logGet(43)) - raft.server.log.preallocated.size = 16384 (custom)
2019-10-03 14:12:38,076 [pool-383-thread-1] INFO  impl.RaftServerImpl (RaftServerImpl.java:start(181)) - 33f0138b-7ee0-4f04-affd-7ef231342dec@group-D2FD727667B1: start as a follower, conf=-1: [96bff13a-fe0b-48f4-92ef-20e30879139a:192.168.30.9:34611, 33f0138b-7ee0-4f04-affd-7ef231342dec:192.168.30.9:44752, aa2a9927-e312-4029-bc90-37bb3b062001:192.168.30.9:36508], old=null
2019-10-03 14:12:38,076 [pool-413-thread-1] INFO  server.RaftServerConfigKeys (ConfUtils.java:logGet(43)) - raft.server.log.write.buffer.size = 33554432 (custom)
2019-10-03 14:12:38,076 [pool-383-thread-1] INFO  impl.RaftServerImpl (RaftServerImpl.java:setRole(170)) - 33f0138b-7ee0-4f04-affd-7ef231342dec@group-D2FD727667B1: changes role from      null to FOLLOWER at term 0 for startAsFollower
2019-10-03 14:12:38,076 [pool-413-thread-1] INFO  server.RaftServerConfigKeys (ConfUtils.java:logGet(43)) - raft.server.log.force.sync.num = 128 (default)
2019-10-03 14:12:38,077 [pool-403-thread-1] INFO  impl.RaftServerImpl (RaftServerImpl.java:start(181)) - 96bff13a-fe0b-48f4-92ef-20e30879139a@group-D2FD727667B1: start as a follower, conf=-1: [96bff13a-fe0b-48f4-92ef-20e30879139a:192.168.30.9:34611, 33f0138b-7ee0-4f04-affd-7ef231342dec:192.168.30.9:44752, aa2a9927-e312-4029-bc90-37bb3b062001:192.168.30.9:36508], old=null
2019-10-03 14:12:38,077 [pool-383-thread-1] INFO  impl.RoleInfo (RoleInfo.java:updateAndGet(143)) - 33f0138b-7ee0-4f04-affd-7ef231342dec: start FollowerState
2019-10-03 14:12:38,077 [pool-403-thread-1] INFO  impl.RaftServerImpl (RaftServerImpl.java:setRole(170)) - 96bff13a-fe0b-48f4-92ef-20e30879139a@group-D2FD727667B1: changes role from      null to FOLLOWER at term 0 for startAsFollower
2019-10-03 14:12:38,077 [IPC Server handler 3 on 45797] INFO  net.NetworkTopology (NetworkTopologyImpl.java:add(111)) - Added a new node: /default-rack/dff63dcf-7fce-4ce6-ad31-95a0d63cd8f6
2019-10-03 14:12:38,077 [pool-413-thread-1] INFO  server.RaftServerConfigKeys (ConfUtils.java:logGet(43)) - raft.server.log.statemachine.data.sync = true (default)
2019-10-03 14:12:38,077 [IPC Server handler 3 on 45797] INFO  node.SCMNodeManager (SCMNodeManager.java:register(266)) - Registered Data node : dff63dcf-7fce-4ce6-ad31-95a0d63cd8f6{ip: 192.168.30.9, host: pr-hdds-2216-wws87-2365029438, networkLocation: /default-rack, certSerialId: null}
2019-10-03 14:12:38,077 [pool-403-thread-1] INFO  impl.RoleInfo (RoleInfo.java:updateAndGet(143)) - 96bff13a-fe0b-48f4-92ef-20e30879139a: start FollowerState
2019-10-03 14:12:38,077 [pool-383-thread-1] INFO  util.JmxRegister (JmxRegister.java:tryRegister(44)) - Successfully registered JMX Bean with object name Ratis:service=RaftServer,group=group-D2FD727667B1,id=33f0138b-7ee0-4f04-affd-7ef231342dec
2019-10-03 14:12:38,077 [pool-413-thread-1] INFO  server.RaftServerConfigKeys (ConfUtils.java:logGet(43)) - raft.server.log.statemachine.data.sync.timeout = 10s (default)
2019-10-03 14:12:38,078 [pool-403-thread-1] INFO  util.JmxRegister (JmxRegister.java:tryRegister(44)) - Successfully registered JMX Bean with object name Ratis:service=RaftServer,group=group-D2FD727667B1,id=96bff13a-fe0b-48f4-92ef-20e30879139a
2019-10-03 14:12:38,078 [pool-413-thread-1] INFO  server.RaftServerConfigKeys (ConfUtils.java:logGet(43)) - raft.server.log.statemachine.data.sync.timeout.retry = -1 (default)
2019-10-03 14:12:38,078 [pool-413-thread-1] INFO  server.RaftServerConfigKeys (ConfUtils.java:logGet(43)) - raft.server.log.statemachine.data.caching.enabled = true (custom)
2019-10-03 14:12:38,079 [pool-413-thread-1] INFO  segmented.SegmentedRaftLogWorker (SegmentedRaftLogWorker.java:lambda$new$0(128)) - aa2a9927-e312-4029-bc90-37bb3b062001@group-D2FD727667B1-SegmentedRaftLogWorker: flushIndex: setUnconditionally 0 -> -1
2019-10-03 14:12:38,079 [pool-413-thread-1] INFO  server.RaftServerConfigKeys (ConfUtils.java:logGet(43)) - raft.server.snapshot.auto.trigger.enabled = true (custom)
2019-10-03 14:12:38,079 [pool-413-thread-1] INFO  server.RaftServerConfigKeys (ConfUtils.java:logGet(43)) - raft.server.snapshot.auto.trigger.threshold = 10000 (custom)
2019-10-03 14:12:38,079 [pool-413-thread-1] INFO  server.RaftServerConfigKeys (ConfUtils.java:logGet(43)) - raft.server.snapshot.retention.file.num = 5 (custom)
2019-10-03 14:12:38,080 [pool-413-thread-1] INFO  server.RaftServerConfigKeys (ConfUtils.java:logGet(43)) - raft.server.retrycache.expirytime = 600000ms (custom)
2019-10-03 14:12:38,082 [pool-413-thread-1] INFO  impl.RaftServerImpl (RaftServerImpl.java:start(181)) - aa2a9927-e312-4029-bc90-37bb3b062001@group-D2FD727667B1: start as a follower, conf=-1: [96bff13a-fe0b-48f4-92ef-20e30879139a:192.168.30.9:34611, 33f0138b-7ee0-4f04-affd-7ef231342dec:192.168.30.9:44752, aa2a9927-e312-4029-bc90-37bb3b062001:192.168.30.9:36508], old=null
2019-10-03 14:12:38,082 [pool-413-thread-1] INFO  impl.RaftServerImpl (RaftServerImpl.java:setRole(170)) - aa2a9927-e312-4029-bc90-37bb3b062001@group-D2FD727667B1: changes role from      null to FOLLOWER at term 0 for startAsFollower
2019-10-03 14:12:38,082 [pool-413-thread-1] INFO  impl.RoleInfo (RoleInfo.java:updateAndGet(143)) - aa2a9927-e312-4029-bc90-37bb3b062001: start FollowerState
2019-10-03 14:12:38,082 [pool-413-thread-1] INFO  util.JmxRegister (JmxRegister.java:tryRegister(44)) - Successfully registered JMX Bean with object name Ratis:service=RaftServer,group=group-D2FD727667B1,id=aa2a9927-e312-4029-bc90-37bb3b062001
2019-10-03 14:12:38,086 [RatisPipelineUtilsThread] INFO  pipeline.PipelineStateManager (PipelineStateManager.java:addPipeline(56)) - Created pipeline Pipeline[ Id: e4440e51-e6fe-4303-95f5-d2fd727667b1, Nodes: 96bff13a-fe0b-48f4-92ef-20e30879139a{ip: 192.168.30.9, host: pr-hdds-2216-wws87-2365029438, networkLocation: /default-rack, certSerialId: null}33f0138b-7ee0-4f04-affd-7ef231342dec{ip: 192.168.30.9, host: pr-hdds-2216-wws87-2365029438, networkLocation: /default-rack, certSerialId: null}aa2a9927-e312-4029-bc90-37bb3b062001{ip: 192.168.30.9, host: pr-hdds-2216-wws87-2365029438, networkLocation: /default-rack, certSerialId: null}, Type:RATIS, Factor:THREE, State:OPEN]
2019-10-03 14:12:38,105 [grpc-default-executor-13] INFO  impl.RaftServerProxy (RaftServerProxy.java:addNew(89)) - dff63dcf-7fce-4ce6-ad31-95a0d63cd8f6: addNew group-77352B0813AE:[dff63dcf-7fce-4ce6-ad31-95a0d63cd8f6:192.168.30.9:39593] returns group-77352B0813AE:java.util.concurrent.CompletableFuture@58c486e2[Not completed]
2019-10-03 14:12:38,107 [pool-423-thread-1] INFO  impl.RaftServerImpl (RaftServerImpl.java:<init>(95)) - dff63dcf-7fce-4ce6-ad31-95a0d63cd8f6: new RaftServerImpl for group-77352B0813AE:[dff63dcf-7fce-4ce6-ad31-95a0d63cd8f6:192.168.30.9:39593] with ContainerStateMachine:uninitialized
2019-10-03 14:12:38,107 [pool-423-thread-1] INFO  server.RaftServerConfigKeys (ConfUtils.java:logGet(43)) - raft.server.rpc.timeout.min = 5s (custom)
2019-10-03 14:12:38,107 [pool-423-thread-1] INFO  server.RaftServerConfigKeys (ConfUtils.java:logGet(43)) - raft.server.rpc.timeout.max = 5200ms (custom)
2019-10-03 14:12:38,107 [pool-423-thread-1] INFO  server.RaftServerConfigKeys (ConfUtils.java:logGet(43)) - raft.server.rpcslowness.timeout = 120s (custom)
2019-10-03 14:12:38,107 [pool-423-thread-1] INFO  server.RaftServerConfigKeys (ConfUtils.java:logGet(43)) - raft.server.sleep.deviation.threshold = 300 (default)
2019-10-03 14:12:38,108 [pool-423-thread-1] INFO  server.RaftServerConfigKeys (ConfUtils.java:logGet(43)) - raft.server.log.appender.install.snapshot.enabled = false (custom)
2019-10-03 14:12:38,108 [pool-423-thread-1] INFO  impl.RaftServerImpl (ServerState.java:<init>(103)) - dff63dcf-7fce-4ce6-ad31-95a0d63cd8f6@group-77352B0813AE: ConfigurationManager, init=-1: [dff63dcf-7fce-4ce6-ad31-95a0d63cd8f6:192.168.30.9:39593], old=null, confs=<EMPTY_MAP>
2019-10-03 14:12:38,108 [pool-423-thread-1] INFO  server.RaftServerConfigKeys (ConfUtils.java:logGet(43)) - raft.server.storage.dir = [/workdir/hadoop-ozone/integration-test/target/test-dir/MiniOzoneClusterImpl-4ae2b488-2bb7-488a-85e2-f7ac6aadfb05/datanode-4/data/ratis] (custom)
2019-10-03 14:12:38,108 [pool-423-thread-1] INFO  server.RaftServerConfigKeys (ConfUtils.java:logGet(43)) - raft.server.log.corruption.policy = EXCEPTION (default)
2019-10-03 14:12:38,108 [pool-423-thread-1] INFO  storage.RaftStorageDirectory (RaftStorageDirectory.java:analyzeStorage(246)) - The storage directory /workdir/hadoop-ozone/integration-test/target/test-dir/MiniOzoneClusterImpl-4ae2b488-2bb7-488a-85e2-f7ac6aadfb05/datanode-4/data/ratis/edd16e2f-2b92-4832-9fc6-77352b0813ae does not exist. Creating ...
2019-10-03 14:12:38,149 [IPC Server handler 7 on 45797] INFO  net.NetworkTopology (NetworkTopologyImpl.java:add(111)) - Added a new node: /default-rack/87021a7a-7870-4bcc-b2c9-52831b2ed097
2019-10-03 14:12:38,149 [IPC Server handler 7 on 45797] INFO  node.SCMNodeManager (SCMNodeManager.java:register(266)) - Registered Data node : 87021a7a-7870-4bcc-b2c9-52831b2ed097{ip: 192.168.30.9, host: pr-hdds-2216-wws87-2365029438, networkLocation: /default-rack, certSerialId: null}
2019-10-03 14:12:38,177 [pool-423-thread-1] INFO  storage.RaftStorageDirectory (RaftStorageDirectory.java:tryLock(328)) - Lock on /workdir/hadoop-ozone/integration-test/target/test-dir/MiniOzoneClusterImpl-4ae2b488-2bb7-488a-85e2-f7ac6aadfb05/datanode-4/data/ratis/edd16e2f-2b92-4832-9fc6-77352b0813ae/in_use.lock acquired by nodename 10883@pr-hdds-2216-wws87-2365029438
2019-10-03 14:12:38,183 [pool-423-thread-1] INFO  storage.RaftStorage (RaftStorage.java:format(84)) - Storage directory /workdir/hadoop-ozone/integration-test/target/test-dir/MiniOzoneClusterImpl-4ae2b488-2bb7-488a-85e2-f7ac6aadfb05/datanode-4/data/ratis/edd16e2f-2b92-4832-9fc6-77352b0813ae has been successfully formatted.
2019-10-03 14:12:38,184 [pool-423-thread-1] INFO  ratis.ContainerStateMachine (ContainerStateMachine.java:loadSnapshot(230)) - group-77352B0813AE: The snapshot info is null. Setting the last applied indexto:(t:0, i:~)
2019-10-03 14:12:38,184 [pool-423-thread-1] INFO  server.RaftServerConfigKeys (ConfUtils.java:logGet(43)) - raft.server.notification.no-leader.timeout = 120s (custom)
2019-10-03 14:12:38,184 [pool-423-thread-1] INFO  server.RaftServerConfigKeys (ConfUtils.java:logGet(43)) - raft.server.log.use.memory = false (default)
2019-10-03 14:12:38,184 [pool-423-thread-1] INFO  server.RaftServerConfigKeys (ConfUtils.java:logGet(43)) - raft.server.log.purge.gap = 1000000 (custom)
2019-10-03 14:12:38,184 [pool-423-thread-1] INFO  server.RaftServerConfigKeys (ConfUtils.java:logGet(43)) - raft.server.log.appender.buffer.byte-limit = 33554432 (custom)
2019-10-03 14:12:38,184 [pool-423-thread-1] INFO  server.RaftServerConfigKeys (ConfUtils.java:logGet(43)) - raft.server.log.segment.size.max = 1048576 (custom)
2019-10-03 14:12:38,187 [pool-423-thread-1] INFO  server.RaftServerConfigKeys (ConfUtils.java:logGet(43)) - raft.server.log.segment.cache.num.max = 2 (custom)
2019-10-03 14:12:38,187 [pool-423-thread-1] INFO  segmented.SegmentedRaftLogWorker (SegmentedRaftLogWorker.java:<init>(173)) - new dff63dcf-7fce-4ce6-ad31-95a0d63cd8f6@group-77352B0813AE-SegmentedRaftLogWorker for RaftStorage:Storage Directory /workdir/hadoop-ozone/integration-test/target/test-dir/MiniOzoneClusterImpl-4ae2b488-2bb7-488a-85e2-f7ac6aadfb05/datanode-4/data/ratis/edd16e2f-2b92-4832-9fc6-77352b0813ae
2019-10-03 14:12:38,187 [pool-423-thread-1] INFO  server.RaftServerConfigKeys (ConfUtils.java:logGet(43)) - raft.server.log.queue.byte-limit = 2147483647 (custom)
2019-10-03 14:12:38,187 [pool-423-thread-1] INFO  server.RaftServerConfigKeys (ConfUtils.java:logGet(43)) - raft.server.log.queue.element-limit = 1024 (custom)
2019-10-03 14:12:38,187 [pool-423-thread-1] INFO  server.RaftServerConfigKeys (ConfUtils.java:logGet(43)) - raft.server.log.segment.size.max = 1048576 (custom)
2019-10-03 14:12:38,187 [pool-423-thread-1] INFO  server.RaftServerConfigKeys (ConfUtils.java:logGet(43)) - raft.server.log.preallocated.size = 16384 (custom)
2019-10-03 14:12:38,187 [pool-423-thread-1] INFO  server.RaftServerConfigKeys (ConfUtils.java:logGet(43)) - raft.server.log.write.buffer.size = 33554432 (custom)
2019-10-03 14:12:38,188 [pool-423-thread-1] INFO  server.RaftServerConfigKeys (ConfUtils.java:logGet(43)) - raft.server.log.force.sync.num = 128 (default)
2019-10-03 14:12:38,188 [pool-423-thread-1] INFO  server.RaftServerConfigKeys (ConfUtils.java:logGet(43)) - raft.server.log.statemachine.data.sync = true (default)
2019-10-03 14:12:38,188 [pool-423-thread-1] INFO  server.RaftServerConfigKeys (ConfUtils.java:logGet(43)) - raft.server.log.statemachine.data.sync.timeout = 10s (default)
2019-10-03 14:12:38,188 [pool-423-thread-1] INFO  server.RaftServerConfigKeys (ConfUtils.java:logGet(43)) - raft.server.log.statemachine.data.sync.timeout.retry = -1 (default)
2019-10-03 14:12:38,188 [pool-423-thread-1] INFO  server.RaftServerConfigKeys (ConfUtils.java:logGet(43)) - raft.server.log.statemachine.data.caching.enabled = true (custom)
2019-10-03 14:12:38,189 [pool-423-thread-1] INFO  segmented.SegmentedRaftLogWorker (SegmentedRaftLogWorker.java:lambda$new$0(128)) - dff63dcf-7fce-4ce6-ad31-95a0d63cd8f6@group-77352B0813AE-SegmentedRaftLogWorker: flushIndex: setUnconditionally 0 -> -1
2019-10-03 14:12:38,189 [pool-423-thread-1] INFO  server.RaftServerConfigKeys (ConfUtils.java:logGet(43)) - raft.server.snapshot.auto.trigger.enabled = true (custom)
2019-10-03 14:12:38,189 [pool-423-thread-1] INFO  server.RaftServerConfigKeys (ConfUtils.java:logGet(43)) - raft.server.snapshot.auto.trigger.threshold = 10000 (custom)
2019-10-03 14:12:38,189 [pool-423-thread-1] INFO  server.RaftServerConfigKeys (ConfUtils.java:logGet(43)) - raft.server.snapshot.retention.file.num = 5 (custom)
2019-10-03 14:12:38,190 [pool-423-thread-1] INFO  server.RaftServerConfigKeys (ConfUtils.java:logGet(43)) - raft.server.retrycache.expirytime = 600000ms (custom)
2019-10-03 14:12:38,191 [pool-423-thread-1] INFO  impl.RaftServerImpl (RaftServerImpl.java:start(181)) - dff63dcf-7fce-4ce6-ad31-95a0d63cd8f6@group-77352B0813AE: start as a follower, conf=-1: [dff63dcf-7fce-4ce6-ad31-95a0d63cd8f6:192.168.30.9:39593], old=null
2019-10-03 14:12:38,191 [pool-423-thread-1] INFO  impl.RaftServerImpl (RaftServerImpl.java:setRole(170)) - dff63dcf-7fce-4ce6-ad31-95a0d63cd8f6@group-77352B0813AE: changes role from      null to FOLLOWER at term 0 for startAsFollower
2019-10-03 14:12:38,192 [pool-423-thread-1] INFO  impl.RoleInfo (RoleInfo.java:updateAndGet(143)) - dff63dcf-7fce-4ce6-ad31-95a0d63cd8f6: start FollowerState
2019-10-03 14:12:38,192 [pool-423-thread-1] INFO  util.JmxRegister (JmxRegister.java:tryRegister(44)) - Successfully registered JMX Bean with object name Ratis:service=RaftServer,group=group-77352B0813AE,id=dff63dcf-7fce-4ce6-ad31-95a0d63cd8f6
2019-10-03 14:12:38,196 [RatisPipelineUtilsThread] INFO  pipeline.PipelineStateManager (PipelineStateManager.java:addPipeline(56)) - Created pipeline Pipeline[ Id: edd16e2f-2b92-4832-9fc6-77352b0813ae, Nodes: dff63dcf-7fce-4ce6-ad31-95a0d63cd8f6{ip: 192.168.30.9, host: pr-hdds-2216-wws87-2365029438, networkLocation: /default-rack, certSerialId: null}, Type:RATIS, Factor:ONE, State:OPEN]
2019-10-03 14:12:38,206 [grpc-default-executor-13] INFO  impl.RaftServerProxy (RaftServerProxy.java:addNew(89)) - 87021a7a-7870-4bcc-b2c9-52831b2ed097: addNew group-7F339600FCF5:[87021a7a-7870-4bcc-b2c9-52831b2ed097:192.168.30.9:41450] returns group-7F339600FCF5:java.util.concurrent.CompletableFuture@3798f9f8[Not completed]
2019-10-03 14:12:38,207 [pool-433-thread-1] INFO  impl.RaftServerImpl (RaftServerImpl.java:<init>(95)) - 87021a7a-7870-4bcc-b2c9-52831b2ed097: new RaftServerImpl for group-7F339600FCF5:[87021a7a-7870-4bcc-b2c9-52831b2ed097:192.168.30.9:41450] with ContainerStateMachine:uninitialized
2019-10-03 14:12:38,207 [pool-433-thread-1] INFO  server.RaftServerConfigKeys (ConfUtils.java:logGet(43)) - raft.server.rpc.timeout.min = 5s (custom)
2019-10-03 14:12:38,207 [pool-433-thread-1] INFO  server.RaftServerConfigKeys (ConfUtils.java:logGet(43)) - raft.server.rpc.timeout.max = 5200ms (custom)
2019-10-03 14:12:38,208 [pool-433-thread-1] INFO  server.RaftServerConfigKeys (ConfUtils.java:logGet(43)) - raft.server.rpcslowness.timeout = 120s (custom)
2019-10-03 14:12:38,208 [pool-433-thread-1] INFO  server.RaftServerConfigKeys (ConfUtils.java:logGet(43)) - raft.server.sleep.deviation.threshold = 300 (default)
2019-10-03 14:12:38,208 [pool-433-thread-1] INFO  server.RaftServerConfigKeys (ConfUtils.java:logGet(43)) - raft.server.log.appender.install.snapshot.enabled = false (custom)
2019-10-03 14:12:38,208 [pool-433-thread-1] INFO  impl.RaftServerImpl (ServerState.java:<init>(103)) - 87021a7a-7870-4bcc-b2c9-52831b2ed097@group-7F339600FCF5: ConfigurationManager, init=-1: [87021a7a-7870-4bcc-b2c9-52831b2ed097:192.168.30.9:41450], old=null, confs=<EMPTY_MAP>
2019-10-03 14:12:38,208 [pool-433-thread-1] INFO  server.RaftServerConfigKeys (ConfUtils.java:logGet(43)) - raft.server.storage.dir = [/workdir/hadoop-ozone/integration-test/target/test-dir/MiniOzoneClusterImpl-4ae2b488-2bb7-488a-85e2-f7ac6aadfb05/datanode-5/data/ratis] (custom)
2019-10-03 14:12:38,208 [pool-433-thread-1] INFO  server.RaftServerConfigKeys (ConfUtils.java:logGet(43)) - raft.server.log.corruption.policy = EXCEPTION (default)
2019-10-03 14:12:38,208 [pool-433-thread-1] INFO  storage.RaftStorageDirectory (RaftStorageDirectory.java:analyzeStorage(246)) - The storage directory /workdir/hadoop-ozone/integration-test/target/test-dir/MiniOzoneClusterImpl-4ae2b488-2bb7-488a-85e2-f7ac6aadfb05/datanode-5/data/ratis/8b552a66-d826-4598-abcc-7f339600fcf5 does not exist. Creating ...
2019-10-03 14:12:38,216 [IPC Server handler 6 on 45797] INFO  net.NetworkTopology (NetworkTopologyImpl.java:add(111)) - Added a new node: /default-rack/170108b3-5d4e-4e11-a9fd-713fa59c7417
2019-10-03 14:12:38,216 [IPC Server handler 6 on 45797] INFO  node.SCMNodeManager (SCMNodeManager.java:register(266)) - Registered Data node : 170108b3-5d4e-4e11-a9fd-713fa59c7417{ip: 192.168.30.9, host: pr-hdds-2216-wws87-2365029438, networkLocation: /default-rack, certSerialId: null}
2019-10-03 14:12:38,218 [main] INFO  ozone.MiniOzoneClusterImpl (MiniOzoneClusterImpl.java:lambda$waitForClusterToBeReady$0(147)) - Cluster is ready. Got 7 of 7 DN Heartbeats.
2019-10-03 14:12:38,236 [pool-433-thread-1] INFO  storage.RaftStorageDirectory (RaftStorageDirectory.java:tryLock(328)) - Lock on /workdir/hadoop-ozone/integration-test/target/test-dir/MiniOzoneClusterImpl-4ae2b488-2bb7-488a-85e2-f7ac6aadfb05/datanode-5/data/ratis/8b552a66-d826-4598-abcc-7f339600fcf5/in_use.lock acquired by nodename 10883@pr-hdds-2216-wws87-2365029438
2019-10-03 14:12:38,251 [pool-433-thread-1] INFO  storage.RaftStorage (RaftStorage.java:format(84)) - Storage directory /workdir/hadoop-ozone/integration-test/target/test-dir/MiniOzoneClusterImpl-4ae2b488-2bb7-488a-85e2-f7ac6aadfb05/datanode-5/data/ratis/8b552a66-d826-4598-abcc-7f339600fcf5 has been successfully formatted.
2019-10-03 14:12:38,251 [pool-433-thread-1] INFO  ratis.ContainerStateMachine (ContainerStateMachine.java:loadSnapshot(230)) - group-7F339600FCF5: The snapshot info is null. Setting the last applied indexto:(t:0, i:~)
2019-10-03 14:12:38,252 [pool-433-thread-1] INFO  server.RaftServerConfigKeys (ConfUtils.java:logGet(43)) - raft.server.notification.no-leader.timeout = 120s (custom)
2019-10-03 14:12:38,252 [pool-433-thread-1] INFO  server.RaftServerConfigKeys (ConfUtils.java:logGet(43)) - raft.server.log.use.memory = false (default)
2019-10-03 14:12:38,252 [pool-433-thread-1] INFO  server.RaftServerConfigKeys (ConfUtils.java:logGet(43)) - raft.server.log.purge.gap = 1000000 (custom)
2019-10-03 14:12:38,252 [pool-433-thread-1] INFO  server.RaftServerConfigKeys (ConfUtils.java:logGet(43)) - raft.server.log.appender.buffer.byte-limit = 33554432 (custom)
2019-10-03 14:12:38,252 [pool-433-thread-1] INFO  server.RaftServerConfigKeys (ConfUtils.java:logGet(43)) - raft.server.log.segment.size.max = 1048576 (custom)
2019-10-03 14:12:38,253 [pool-433-thread-1] INFO  server.RaftServerConfigKeys (ConfUtils.java:logGet(43)) - raft.server.log.segment.cache.num.max = 2 (custom)
2019-10-03 14:12:38,253 [pool-433-thread-1] INFO  segmented.SegmentedRaftLogWorker (SegmentedRaftLogWorker.java:<init>(173)) - new 87021a7a-7870-4bcc-b2c9-52831b2ed097@group-7F339600FCF5-SegmentedRaftLogWorker for RaftStorage:Storage Directory /workdir/hadoop-ozone/integration-test/target/test-dir/MiniOzoneClusterImpl-4ae2b488-2bb7-488a-85e2-f7ac6aadfb05/datanode-5/data/ratis/8b552a66-d826-4598-abcc-7f339600fcf5
2019-10-03 14:12:38,253 [pool-433-thread-1] INFO  server.RaftServerConfigKeys (ConfUtils.java:logGet(43)) - raft.server.log.queue.byte-limit = 2147483647 (custom)
2019-10-03 14:12:38,253 [main] INFO  rpc.RpcClient (RpcClient.java:createVolume(277)) - Creating Volume: watchforcommithandlingtest, with jenkins1000 as owner.
2019-10-03 14:12:38,253 [pool-433-thread-1] INFO  server.RaftServerConfigKeys (ConfUtils.java:logGet(43)) - raft.server.log.queue.element-limit = 1024 (custom)
2019-10-03 14:12:38,254 [pool-433-thread-1] INFO  server.RaftServerConfigKeys (ConfUtils.java:logGet(43)) - raft.server.log.segment.size.max = 1048576 (custom)
2019-10-03 14:12:38,254 [pool-433-thread-1] INFO  server.RaftServerConfigKeys (ConfUtils.java:logGet(43)) - raft.server.log.preallocated.size = 16384 (custom)
2019-10-03 14:12:38,254 [pool-433-thread-1] INFO  server.RaftServerConfigKeys (ConfUtils.java:logGet(43)) - raft.server.log.write.buffer.size = 33554432 (custom)
2019-10-03 14:12:38,254 [pool-433-thread-1] INFO  server.RaftServerConfigKeys (ConfUtils.java:logGet(43)) - raft.server.log.force.sync.num = 128 (default)
2019-10-03 14:12:38,254 [pool-433-thread-1] INFO  server.RaftServerConfigKeys (ConfUtils.java:logGet(43)) - raft.server.log.statemachine.data.sync = true (default)
2019-10-03 14:12:38,254 [pool-433-thread-1] INFO  server.RaftServerConfigKeys (ConfUtils.java:logGet(43)) - raft.server.log.statemachine.data.sync.timeout = 10s (default)
2019-10-03 14:12:38,254 [pool-433-thread-1] INFO  server.RaftServerConfigKeys (ConfUtils.java:logGet(43)) - raft.server.log.statemachine.data.sync.timeout.retry = -1 (default)
2019-10-03 14:12:38,254 [pool-433-thread-1] INFO  server.RaftServerConfigKeys (ConfUtils.java:logGet(43)) - raft.server.log.statemachine.data.caching.enabled = true (custom)
2019-10-03 14:12:38,255 [pool-433-thread-1] INFO  segmented.SegmentedRaftLogWorker (SegmentedRaftLogWorker.java:lambda$new$0(128)) - 87021a7a-7870-4bcc-b2c9-52831b2ed097@group-7F339600FCF5-SegmentedRaftLogWorker: flushIndex: setUnconditionally 0 -> -1
2019-10-03 14:12:38,255 [pool-433-thread-1] INFO  server.RaftServerConfigKeys (ConfUtils.java:logGet(43)) - raft.server.snapshot.auto.trigger.enabled = true (custom)
2019-10-03 14:12:38,255 [pool-433-thread-1] INFO  server.RaftServerConfigKeys (ConfUtils.java:logGet(43)) - raft.server.snapshot.auto.trigger.threshold = 10000 (custom)
2019-10-03 14:12:38,255 [pool-433-thread-1] INFO  server.RaftServerConfigKeys (ConfUtils.java:logGet(43)) - raft.server.snapshot.retention.file.num = 5 (custom)
2019-10-03 14:12:38,255 [pool-433-thread-1] INFO  server.RaftServerConfigKeys (ConfUtils.java:logGet(43)) - raft.server.retrycache.expirytime = 600000ms (custom)
2019-10-03 14:12:38,256 [IPC Server handler 1 on 42585] INFO  volume.OMVolumeCreateRequest (OMVolumeCreateRequest.java:validateAndUpdateCache(193)) - created volume:watchforcommithandlingtest for user:jenkins1000
2019-10-03 14:12:38,257 [pool-433-thread-1] INFO  impl.RaftServerImpl (RaftServerImpl.java:start(181)) - 87021a7a-7870-4bcc-b2c9-52831b2ed097@group-7F339600FCF5: start as a follower, conf=-1: [87021a7a-7870-4bcc-b2c9-52831b2ed097:192.168.30.9:41450], old=null
2019-10-03 14:12:38,257 [pool-433-thread-1] INFO  impl.RaftServerImpl (RaftServerImpl.java:setRole(170)) - 87021a7a-7870-4bcc-b2c9-52831b2ed097@group-7F339600FCF5: changes role from      null to FOLLOWER at term 0 for startAsFollower
2019-10-03 14:12:38,257 [pool-433-thread-1] INFO  impl.RoleInfo (RoleInfo.java:updateAndGet(143)) - 87021a7a-7870-4bcc-b2c9-52831b2ed097: start FollowerState
2019-10-03 14:12:38,258 [pool-433-thread-1] INFO  util.JmxRegister (JmxRegister.java:tryRegister(44)) - Successfully registered JMX Bean with object name Ratis:service=RaftServer,group=group-7F339600FCF5,id=87021a7a-7870-4bcc-b2c9-52831b2ed097
2019-10-03 14:12:38,262 [RatisPipelineUtilsThread] INFO  pipeline.PipelineStateManager (PipelineStateManager.java:addPipeline(56)) - Created pipeline Pipeline[ Id: 8b552a66-d826-4598-abcc-7f339600fcf5, Nodes: 87021a7a-7870-4bcc-b2c9-52831b2ed097{ip: 192.168.30.9, host: pr-hdds-2216-wws87-2365029438, networkLocation: /default-rack, certSerialId: null}, Type:RATIS, Factor:ONE, State:OPEN]
2019-10-03 14:12:38,276 [main] INFO  rpc.RpcClient (RpcClient.java:createBucket(416)) - Creating Bucket: watchforcommithandlingtest/watchforcommithandlingtest, with Versioning false and Storage Type set to DISK and Encryption set to false 
2019-10-03 14:12:38,279 [grpc-default-executor-13] INFO  impl.RaftServerProxy (RaftServerProxy.java:addNew(89)) - 170108b3-5d4e-4e11-a9fd-713fa59c7417: addNew group-C6DCBE364946:[170108b3-5d4e-4e11-a9fd-713fa59c7417:192.168.30.9:41835] returns group-C6DCBE364946:java.util.concurrent.CompletableFuture@65db636e[Not completed]
2019-10-03 14:12:38,280 [pool-443-thread-1] INFO  impl.RaftServerImpl (RaftServerImpl.java:<init>(95)) - 170108b3-5d4e-4e11-a9fd-713fa59c7417: new RaftServerImpl for group-C6DCBE364946:[170108b3-5d4e-4e11-a9fd-713fa59c7417:192.168.30.9:41835] with ContainerStateMachine:uninitialized
2019-10-03 14:12:38,280 [pool-443-thread-1] INFO  server.RaftServerConfigKeys (ConfUtils.java:logGet(43)) - raft.server.rpc.timeout.min = 5s (custom)
2019-10-03 14:12:38,280 [pool-443-thread-1] INFO  server.RaftServerConfigKeys (ConfUtils.java:logGet(43)) - raft.server.rpc.timeout.max = 5200ms (custom)
2019-10-03 14:12:38,280 [pool-443-thread-1] INFO  server.RaftServerConfigKeys (ConfUtils.java:logGet(43)) - raft.server.rpcslowness.timeout = 120s (custom)
2019-10-03 14:12:38,280 [pool-443-thread-1] INFO  server.RaftServerConfigKeys (ConfUtils.java:logGet(43)) - raft.server.sleep.deviation.threshold = 300 (default)
2019-10-03 14:12:38,280 [pool-443-thread-1] INFO  server.RaftServerConfigKeys (ConfUtils.java:logGet(43)) - raft.server.log.appender.install.snapshot.enabled = false (custom)
2019-10-03 14:12:38,280 [pool-443-thread-1] INFO  impl.RaftServerImpl (ServerState.java:<init>(103)) - 170108b3-5d4e-4e11-a9fd-713fa59c7417@group-C6DCBE364946: ConfigurationManager, init=-1: [170108b3-5d4e-4e11-a9fd-713fa59c7417:192.168.30.9:41835], old=null, confs=<EMPTY_MAP>
2019-10-03 14:12:38,284 [pool-443-thread-1] INFO  server.RaftServerConfigKeys (ConfUtils.java:logGet(43)) - raft.server.storage.dir = [/workdir/hadoop-ozone/integration-test/target/test-dir/MiniOzoneClusterImpl-4ae2b488-2bb7-488a-85e2-f7ac6aadfb05/datanode-6/data/ratis] (custom)
2019-10-03 14:12:38,284 [pool-443-thread-1] INFO  server.RaftServerConfigKeys (ConfUtils.java:logGet(43)) - raft.server.log.corruption.policy = EXCEPTION (default)
2019-10-03 14:12:38,284 [pool-443-thread-1] INFO  storage.RaftStorageDirectory (RaftStorageDirectory.java:analyzeStorage(246)) - The storage directory /workdir/hadoop-ozone/integration-test/target/test-dir/MiniOzoneClusterImpl-4ae2b488-2bb7-488a-85e2-f7ac6aadfb05/datanode-6/data/ratis/1afd84cd-d2bc-42d6-9f41-c6dcbe364946 does not exist. Creating ...
2019-10-03 14:12:38,285 [main] INFO  ozone.MiniOzoneClusterImpl (MiniOzoneClusterImpl.java:getStorageContainerLocationClient(234)) - Creating StorageContainerLocationProtocol RPC client with address /0.0.0.0:41381
2019-10-03 14:12:38,298 [pool-443-thread-1] INFO  storage.RaftStorageDirectory (RaftStorageDirectory.java:tryLock(328)) - Lock on /workdir/hadoop-ozone/integration-test/target/test-dir/MiniOzoneClusterImpl-4ae2b488-2bb7-488a-85e2-f7ac6aadfb05/datanode-6/data/ratis/1afd84cd-d2bc-42d6-9f41-c6dcbe364946/in_use.lock acquired by nodename 10883@pr-hdds-2216-wws87-2365029438
2019-10-03 14:12:38,303 [pool-443-thread-1] INFO  storage.RaftStorage (RaftStorage.java:format(84)) - Storage directory /workdir/hadoop-ozone/integration-test/target/test-dir/MiniOzoneClusterImpl-4ae2b488-2bb7-488a-85e2-f7ac6aadfb05/datanode-6/data/ratis/1afd84cd-d2bc-42d6-9f41-c6dcbe364946 has been successfully formatted.
2019-10-03 14:12:38,303 [pool-443-thread-1] INFO  ratis.ContainerStateMachine (ContainerStateMachine.java:loadSnapshot(230)) - group-C6DCBE364946: The snapshot info is null. Setting the last applied indexto:(t:0, i:~)
2019-10-03 14:12:38,303 [pool-443-thread-1] INFO  server.RaftServerConfigKeys (ConfUtils.java:logGet(43)) - raft.server.notification.no-leader.timeout = 120s (custom)
2019-10-03 14:12:38,303 [pool-443-thread-1] INFO  server.RaftServerConfigKeys (ConfUtils.java:logGet(43)) - raft.server.log.use.memory = false (default)
2019-10-03 14:12:38,303 [pool-443-thread-1] INFO  server.RaftServerConfigKeys (ConfUtils.java:logGet(43)) - raft.server.log.purge.gap = 1000000 (custom)
2019-10-03 14:12:38,303 [pool-443-thread-1] INFO  server.RaftServerConfigKeys (ConfUtils.java:logGet(43)) - raft.server.log.appender.buffer.byte-limit = 33554432 (custom)
2019-10-03 14:12:38,303 [pool-443-thread-1] INFO  server.RaftServerConfigKeys (ConfUtils.java:logGet(43)) - raft.server.log.segment.size.max = 1048576 (custom)
2019-10-03 14:12:38,305 [pool-443-thread-1] INFO  server.RaftServerConfigKeys (ConfUtils.java:logGet(43)) - raft.server.log.segment.cache.num.max = 2 (custom)
2019-10-03 14:12:38,305 [pool-443-thread-1] INFO  segmented.SegmentedRaftLogWorker (SegmentedRaftLogWorker.java:<init>(173)) - new 170108b3-5d4e-4e11-a9fd-713fa59c7417@group-C6DCBE364946-SegmentedRaftLogWorker for RaftStorage:Storage Directory /workdir/hadoop-ozone/integration-test/target/test-dir/MiniOzoneClusterImpl-4ae2b488-2bb7-488a-85e2-f7ac6aadfb05/datanode-6/data/ratis/1afd84cd-d2bc-42d6-9f41-c6dcbe364946
2019-10-03 14:12:38,305 [pool-443-thread-1] INFO  server.RaftServerConfigKeys (ConfUtils.java:logGet(43)) - raft.server.log.queue.byte-limit = 2147483647 (custom)
2019-10-03 14:12:38,305 [pool-443-thread-1] INFO  server.RaftServerConfigKeys (ConfUtils.java:logGet(43)) - raft.server.log.queue.element-limit = 1024 (custom)
2019-10-03 14:12:38,305 [pool-443-thread-1] INFO  server.RaftServerConfigKeys (ConfUtils.java:logGet(43)) - raft.server.log.segment.size.max = 1048576 (custom)
2019-10-03 14:12:38,305 [pool-443-thread-1] INFO  server.RaftServerConfigKeys (ConfUtils.java:logGet(43)) - raft.server.log.preallocated.size = 16384 (custom)
2019-10-03 14:12:38,305 [pool-443-thread-1] INFO  server.RaftServerConfigKeys (ConfUtils.java:logGet(43)) - raft.server.log.write.buffer.size = 33554432 (custom)
2019-10-03 14:12:38,305 [pool-443-thread-1] INFO  server.RaftServerConfigKeys (ConfUtils.java:logGet(43)) - raft.server.log.force.sync.num = 128 (default)
2019-10-03 14:12:38,306 [pool-443-thread-1] INFO  server.RaftServerConfigKeys (ConfUtils.java:logGet(43)) - raft.server.log.statemachine.data.sync = true (default)
2019-10-03 14:12:38,306 [pool-443-thread-1] INFO  server.RaftServerConfigKeys (ConfUtils.java:logGet(43)) - raft.server.log.statemachine.data.sync.timeout = 10s (default)
2019-10-03 14:12:38,306 [pool-443-thread-1] INFO  server.RaftServerConfigKeys (ConfUtils.java:logGet(43)) - raft.server.log.statemachine.data.sync.timeout.retry = -1 (default)
2019-10-03 14:12:38,306 [pool-443-thread-1] INFO  server.RaftServerConfigKeys (ConfUtils.java:logGet(43)) - raft.server.log.statemachine.data.caching.enabled = true (custom)
2019-10-03 14:12:38,306 [pool-443-thread-1] INFO  segmented.SegmentedRaftLogWorker (SegmentedRaftLogWorker.java:lambda$new$0(128)) - 170108b3-5d4e-4e11-a9fd-713fa59c7417@group-C6DCBE364946-SegmentedRaftLogWorker: flushIndex: setUnconditionally 0 -> -1
2019-10-03 14:12:38,307 [pool-443-thread-1] INFO  server.RaftServerConfigKeys (ConfUtils.java:logGet(43)) - raft.server.snapshot.auto.trigger.enabled = true (custom)
2019-10-03 14:12:38,307 [pool-443-thread-1] INFO  server.RaftServerConfigKeys (ConfUtils.java:logGet(43)) - raft.server.snapshot.auto.trigger.threshold = 10000 (custom)
2019-10-03 14:12:38,307 [pool-443-thread-1] INFO  server.RaftServerConfigKeys (ConfUtils.java:logGet(43)) - raft.server.snapshot.retention.file.num = 5 (custom)
2019-10-03 14:12:38,307 [pool-443-thread-1] INFO  server.RaftServerConfigKeys (ConfUtils.java:logGet(43)) - raft.server.retrycache.expirytime = 600000ms (custom)
2019-10-03 14:12:38,308 [pool-443-thread-1] INFO  impl.RaftServerImpl (RaftServerImpl.java:start(181)) - 170108b3-5d4e-4e11-a9fd-713fa59c7417@group-C6DCBE364946: start as a follower, conf=-1: [170108b3-5d4e-4e11-a9fd-713fa59c7417:192.168.30.9:41835], old=null
2019-10-03 14:12:38,308 [pool-443-thread-1] INFO  impl.RaftServerImpl (RaftServerImpl.java:setRole(170)) - 170108b3-5d4e-4e11-a9fd-713fa59c7417@group-C6DCBE364946: changes role from      null to FOLLOWER at term 0 for startAsFollower
2019-10-03 14:12:38,308 [pool-443-thread-1] INFO  impl.RoleInfo (RoleInfo.java:updateAndGet(143)) - 170108b3-5d4e-4e11-a9fd-713fa59c7417: start FollowerState
2019-10-03 14:12:38,309 [pool-443-thread-1] INFO  util.JmxRegister (JmxRegister.java:tryRegister(44)) - Successfully registered JMX Bean with object name Ratis:service=RaftServer,group=group-C6DCBE364946,id=170108b3-5d4e-4e11-a9fd-713fa59c7417
2019-10-03 14:12:38,312 [RatisPipelineUtilsThread] INFO  pipeline.PipelineStateManager (PipelineStateManager.java:addPipeline(56)) - Created pipeline Pipeline[ Id: 1afd84cd-d2bc-42d6-9f41-c6dcbe364946, Nodes: 170108b3-5d4e-4e11-a9fd-713fa59c7417{ip: 192.168.30.9, host: pr-hdds-2216-wws87-2365029438, networkLocation: /default-rack, certSerialId: null}, Type:RATIS, Factor:ONE, State:OPEN]
2019-10-03 14:12:38,323 [grpc-default-executor-6] INFO  impl.RaftServerProxy (RaftServerProxy.java:addNew(89)) - 87021a7a-7870-4bcc-b2c9-52831b2ed097: addNew group-A5EF7322CF91:[dff63dcf-7fce-4ce6-ad31-95a0d63cd8f6:192.168.30.9:39593, 170108b3-5d4e-4e11-a9fd-713fa59c7417:192.168.30.9:41835, 87021a7a-7870-4bcc-b2c9-52831b2ed097:192.168.30.9:41450] returns group-A5EF7322CF91:java.util.concurrent.CompletableFuture@1e5514b1[Not completed]
2019-10-03 14:12:38,323 [grpc-default-executor-0] INFO  impl.RaftServerProxy (RaftServerProxy.java:addNew(89)) - 170108b3-5d4e-4e11-a9fd-713fa59c7417: addNew group-A5EF7322CF91:[dff63dcf-7fce-4ce6-ad31-95a0d63cd8f6:192.168.30.9:39593, 170108b3-5d4e-4e11-a9fd-713fa59c7417:192.168.30.9:41835, 87021a7a-7870-4bcc-b2c9-52831b2ed097:192.168.30.9:41450] returns group-A5EF7322CF91:java.util.concurrent.CompletableFuture@66e8135a[Not completed]
2019-10-03 14:12:38,323 [grpc-default-executor-13] INFO  impl.RaftServerProxy (RaftServerProxy.java:addNew(89)) - dff63dcf-7fce-4ce6-ad31-95a0d63cd8f6: addNew group-A5EF7322CF91:[dff63dcf-7fce-4ce6-ad31-95a0d63cd8f6:192.168.30.9:39593, 170108b3-5d4e-4e11-a9fd-713fa59c7417:192.168.30.9:41835, 87021a7a-7870-4bcc-b2c9-52831b2ed097:192.168.30.9:41450] returns group-A5EF7322CF91:java.util.concurrent.CompletableFuture@62cfb5a6[Not completed]
2019-10-03 14:12:38,324 [pool-433-thread-1] INFO  impl.RaftServerImpl (RaftServerImpl.java:<init>(95)) - 87021a7a-7870-4bcc-b2c9-52831b2ed097: new RaftServerImpl for group-A5EF7322CF91:[dff63dcf-7fce-4ce6-ad31-95a0d63cd8f6:192.168.30.9:39593, 170108b3-5d4e-4e11-a9fd-713fa59c7417:192.168.30.9:41835, 87021a7a-7870-4bcc-b2c9-52831b2ed097:192.168.30.9:41450] with ContainerStateMachine:uninitialized
2019-10-03 14:12:38,324 [pool-433-thread-1] INFO  server.RaftServerConfigKeys (ConfUtils.java:logGet(43)) - raft.server.rpc.timeout.min = 5s (custom)
2019-10-03 14:12:38,324 [pool-433-thread-1] INFO  server.RaftServerConfigKeys (ConfUtils.java:logGet(43)) - raft.server.rpc.timeout.max = 5200ms (custom)
2019-10-03 14:12:38,324 [pool-433-thread-1] INFO  server.RaftServerConfigKeys (ConfUtils.java:logGet(43)) - raft.server.rpcslowness.timeout = 120s (custom)
2019-10-03 14:12:38,324 [pool-433-thread-1] INFO  server.RaftServerConfigKeys (ConfUtils.java:logGet(43)) - raft.server.sleep.deviation.threshold = 300 (default)
2019-10-03 14:12:38,325 [pool-433-thread-1] INFO  server.RaftServerConfigKeys (ConfUtils.java:logGet(43)) - raft.server.log.appender.install.snapshot.enabled = false (custom)
2019-10-03 14:12:38,325 [pool-423-thread-1] INFO  impl.RaftServerImpl (RaftServerImpl.java:<init>(95)) - dff63dcf-7fce-4ce6-ad31-95a0d63cd8f6: new RaftServerImpl for group-A5EF7322CF91:[dff63dcf-7fce-4ce6-ad31-95a0d63cd8f6:192.168.30.9:39593, 170108b3-5d4e-4e11-a9fd-713fa59c7417:192.168.30.9:41835, 87021a7a-7870-4bcc-b2c9-52831b2ed097:192.168.30.9:41450] with ContainerStateMachine:uninitialized
2019-10-03 14:12:38,325 [pool-433-thread-1] INFO  impl.RaftServerImpl (ServerState.java:<init>(103)) - 87021a7a-7870-4bcc-b2c9-52831b2ed097@group-A5EF7322CF91: ConfigurationManager, init=-1: [dff63dcf-7fce-4ce6-ad31-95a0d63cd8f6:192.168.30.9:39593, 170108b3-5d4e-4e11-a9fd-713fa59c7417:192.168.30.9:41835, 87021a7a-7870-4bcc-b2c9-52831b2ed097:192.168.30.9:41450], old=null, confs=<EMPTY_MAP>
2019-10-03 14:12:38,325 [pool-423-thread-1] INFO  server.RaftServerConfigKeys (ConfUtils.java:logGet(43)) - raft.server.rpc.timeout.min = 5s (custom)
2019-10-03 14:12:38,325 [pool-433-thread-1] INFO  server.RaftServerConfigKeys (ConfUtils.java:logGet(43)) - raft.server.storage.dir = [/workdir/hadoop-ozone/integration-test/target/test-dir/MiniOzoneClusterImpl-4ae2b488-2bb7-488a-85e2-f7ac6aadfb05/datanode-5/data/ratis] (custom)
2019-10-03 14:12:38,325 [pool-443-thread-1] INFO  impl.RaftServerImpl (RaftServerImpl.java:<init>(95)) - 170108b3-5d4e-4e11-a9fd-713fa59c7417: new RaftServerImpl for group-A5EF7322CF91:[dff63dcf-7fce-4ce6-ad31-95a0d63cd8f6:192.168.30.9:39593, 170108b3-5d4e-4e11-a9fd-713fa59c7417:192.168.30.9:41835, 87021a7a-7870-4bcc-b2c9-52831b2ed097:192.168.30.9:41450] with ContainerStateMachine:uninitialized
2019-10-03 14:12:38,325 [pool-423-thread-1] INFO  server.RaftServerConfigKeys (ConfUtils.java:logGet(43)) - raft.server.rpc.timeout.max = 5200ms (custom)
2019-10-03 14:12:38,325 [pool-433-thread-1] INFO  server.RaftServerConfigKeys (ConfUtils.java:logGet(43)) - raft.server.log.corruption.policy = EXCEPTION (default)
2019-10-03 14:12:38,325 [pool-443-thread-1] INFO  server.RaftServerConfigKeys (ConfUtils.java:logGet(43)) - raft.server.rpc.timeout.min = 5s (custom)
2019-10-03 14:12:38,326 [pool-423-thread-1] INFO  server.RaftServerConfigKeys (ConfUtils.java:logGet(43)) - raft.server.rpcslowness.timeout = 120s (custom)
2019-10-03 14:12:38,326 [pool-433-thread-1] INFO  storage.RaftStorageDirectory (RaftStorageDirectory.java:analyzeStorage(246)) - The storage directory /workdir/hadoop-ozone/integration-test/target/test-dir/MiniOzoneClusterImpl-4ae2b488-2bb7-488a-85e2-f7ac6aadfb05/datanode-5/data/ratis/b8e0ca5b-2fe1-4c89-9ba5-a5ef7322cf91 does not exist. Creating ...
2019-10-03 14:12:38,326 [pool-443-thread-1] INFO  server.RaftServerConfigKeys (ConfUtils.java:logGet(43)) - raft.server.rpc.timeout.max = 5200ms (custom)
2019-10-03 14:12:38,326 [pool-423-thread-1] INFO  server.RaftServerConfigKeys (ConfUtils.java:logGet(43)) - raft.server.sleep.deviation.threshold = 300 (default)
2019-10-03 14:12:38,327 [pool-443-thread-1] INFO  server.RaftServerConfigKeys (ConfUtils.java:logGet(43)) - raft.server.rpcslowness.timeout = 120s (custom)
2019-10-03 14:12:38,327 [pool-423-thread-1] INFO  server.RaftServerConfigKeys (ConfUtils.java:logGet(43)) - raft.server.log.appender.install.snapshot.enabled = false (custom)
2019-10-03 14:12:38,327 [pool-443-thread-1] INFO  server.RaftServerConfigKeys (ConfUtils.java:logGet(43)) - raft.server.sleep.deviation.threshold = 300 (default)
2019-10-03 14:12:38,327 [pool-423-thread-1] INFO  impl.RaftServerImpl (ServerState.java:<init>(103)) - dff63dcf-7fce-4ce6-ad31-95a0d63cd8f6@group-A5EF7322CF91: ConfigurationManager, init=-1: [dff63dcf-7fce-4ce6-ad31-95a0d63cd8f6:192.168.30.9:39593, 170108b3-5d4e-4e11-a9fd-713fa59c7417:192.168.30.9:41835, 87021a7a-7870-4bcc-b2c9-52831b2ed097:192.168.30.9:41450], old=null, confs=<EMPTY_MAP>
2019-10-03 14:12:38,327 [pool-443-thread-1] INFO  server.RaftServerConfigKeys (ConfUtils.java:logGet(43)) - raft.server.log.appender.install.snapshot.enabled = false (custom)
2019-10-03 14:12:38,327 [pool-423-thread-1] INFO  server.RaftServerConfigKeys (ConfUtils.java:logGet(43)) - raft.server.storage.dir = [/workdir/hadoop-ozone/integration-test/target/test-dir/MiniOzoneClusterImpl-4ae2b488-2bb7-488a-85e2-f7ac6aadfb05/datanode-4/data/ratis] (custom)
2019-10-03 14:12:38,327 [pool-443-thread-1] INFO  impl.RaftServerImpl (ServerState.java:<init>(103)) - 170108b3-5d4e-4e11-a9fd-713fa59c7417@group-A5EF7322CF91: ConfigurationManager, init=-1: [dff63dcf-7fce-4ce6-ad31-95a0d63cd8f6:192.168.30.9:39593, 170108b3-5d4e-4e11-a9fd-713fa59c7417:192.168.30.9:41835, 87021a7a-7870-4bcc-b2c9-52831b2ed097:192.168.30.9:41450], old=null, confs=<EMPTY_MAP>
2019-10-03 14:12:38,327 [pool-443-thread-1] INFO  server.RaftServerConfigKeys (ConfUtils.java:logGet(43)) - raft.server.storage.dir = [/workdir/hadoop-ozone/integration-test/target/test-dir/MiniOzoneClusterImpl-4ae2b488-2bb7-488a-85e2-f7ac6aadfb05/datanode-6/data/ratis] (custom)
2019-10-03 14:12:38,327 [pool-423-thread-1] INFO  server.RaftServerConfigKeys (ConfUtils.java:logGet(43)) - raft.server.log.corruption.policy = EXCEPTION (default)
2019-10-03 14:12:38,328 [pool-443-thread-1] INFO  server.RaftServerConfigKeys (ConfUtils.java:logGet(43)) - raft.server.log.corruption.policy = EXCEPTION (default)
2019-10-03 14:12:38,328 [pool-423-thread-1] INFO  storage.RaftStorageDirectory (RaftStorageDirectory.java:analyzeStorage(246)) - The storage directory /workdir/hadoop-ozone/integration-test/target/test-dir/MiniOzoneClusterImpl-4ae2b488-2bb7-488a-85e2-f7ac6aadfb05/datanode-4/data/ratis/b8e0ca5b-2fe1-4c89-9ba5-a5ef7322cf91 does not exist. Creating ...
2019-10-03 14:12:38,328 [pool-443-thread-1] INFO  storage.RaftStorageDirectory (RaftStorageDirectory.java:analyzeStorage(246)) - The storage directory /workdir/hadoop-ozone/integration-test/target/test-dir/MiniOzoneClusterImpl-4ae2b488-2bb7-488a-85e2-f7ac6aadfb05/datanode-6/data/ratis/b8e0ca5b-2fe1-4c89-9ba5-a5ef7322cf91 does not exist. Creating ...
2019-10-03 14:12:38,332 [pool-423-thread-1] INFO  storage.RaftStorageDirectory (RaftStorageDirectory.java:tryLock(328)) - Lock on /workdir/hadoop-ozone/integration-test/target/test-dir/MiniOzoneClusterImpl-4ae2b488-2bb7-488a-85e2-f7ac6aadfb05/datanode-4/data/ratis/b8e0ca5b-2fe1-4c89-9ba5-a5ef7322cf91/in_use.lock acquired by nodename 10883@pr-hdds-2216-wws87-2365029438
2019-10-03 14:12:38,332 [pool-443-thread-1] INFO  storage.RaftStorageDirectory (RaftStorageDirectory.java:tryLock(328)) - Lock on /workdir/hadoop-ozone/integration-test/target/test-dir/MiniOzoneClusterImpl-4ae2b488-2bb7-488a-85e2-f7ac6aadfb05/datanode-6/data/ratis/b8e0ca5b-2fe1-4c89-9ba5-a5ef7322cf91/in_use.lock acquired by nodename 10883@pr-hdds-2216-wws87-2365029438
2019-10-03 14:12:38,332 [pool-433-thread-1] INFO  storage.RaftStorageDirectory (RaftStorageDirectory.java:tryLock(328)) - Lock on /workdir/hadoop-ozone/integration-test/target/test-dir/MiniOzoneClusterImpl-4ae2b488-2bb7-488a-85e2-f7ac6aadfb05/datanode-5/data/ratis/b8e0ca5b-2fe1-4c89-9ba5-a5ef7322cf91/in_use.lock acquired by nodename 10883@pr-hdds-2216-wws87-2365029438
2019-10-03 14:12:38,353 [pool-423-thread-1] INFO  storage.RaftStorage (RaftStorage.java:format(84)) - Storage directory /workdir/hadoop-ozone/integration-test/target/test-dir/MiniOzoneClusterImpl-4ae2b488-2bb7-488a-85e2-f7ac6aadfb05/datanode-4/data/ratis/b8e0ca5b-2fe1-4c89-9ba5-a5ef7322cf91 has been successfully formatted.
2019-10-03 14:12:38,353 [pool-433-thread-1] INFO  storage.RaftStorage (RaftStorage.java:format(84)) - Storage directory /workdir/hadoop-ozone/integration-test/target/test-dir/MiniOzoneClusterImpl-4ae2b488-2bb7-488a-85e2-f7ac6aadfb05/datanode-5/data/ratis/b8e0ca5b-2fe1-4c89-9ba5-a5ef7322cf91 has been successfully formatted.
2019-10-03 14:12:38,353 [pool-443-thread-1] INFO  storage.RaftStorage (RaftStorage.java:format(84)) - Storage directory /workdir/hadoop-ozone/integration-test/target/test-dir/MiniOzoneClusterImpl-4ae2b488-2bb7-488a-85e2-f7ac6aadfb05/datanode-6/data/ratis/b8e0ca5b-2fe1-4c89-9ba5-a5ef7322cf91 has been successfully formatted.
2019-10-03 14:12:38,354 [pool-423-thread-1] INFO  ratis.ContainerStateMachine (ContainerStateMachine.java:loadSnapshot(230)) - group-A5EF7322CF91: The snapshot info is null. Setting the last applied indexto:(t:0, i:~)
2019-10-03 14:12:38,354 [pool-443-thread-1] INFO  ratis.ContainerStateMachine (ContainerStateMachine.java:loadSnapshot(230)) - group-A5EF7322CF91: The snapshot info is null. Setting the last applied indexto:(t:0, i:~)
2019-10-03 14:12:38,354 [pool-433-thread-1] INFO  ratis.ContainerStateMachine (ContainerStateMachine.java:loadSnapshot(230)) - group-A5EF7322CF91: The snapshot info is null. Setting the last applied indexto:(t:0, i:~)
2019-10-03 14:12:38,354 [pool-443-thread-1] INFO  server.RaftServerConfigKeys (ConfUtils.java:logGet(43)) - raft.server.notification.no-leader.timeout = 120s (custom)
2019-10-03 14:12:38,354 [pool-423-thread-1] INFO  server.RaftServerConfigKeys (ConfUtils.java:logGet(43)) - raft.server.notification.no-leader.timeout = 120s (custom)
2019-10-03 14:12:38,354 [pool-443-thread-1] INFO  server.RaftServerConfigKeys (ConfUtils.java:logGet(43)) - raft.server.log.use.memory = false (default)
2019-10-03 14:12:38,354 [pool-433-thread-1] INFO  server.RaftServerConfigKeys (ConfUtils.java:logGet(43)) - raft.server.notification.no-leader.timeout = 120s (custom)
2019-10-03 14:12:38,354 [pool-443-thread-1] INFO  server.RaftServerConfigKeys (ConfUtils.java:logGet(43)) - raft.server.log.purge.gap = 1000000 (custom)
2019-10-03 14:12:38,354 [pool-423-thread-1] INFO  server.RaftServerConfigKeys (ConfUtils.java:logGet(43)) - raft.server.log.use.memory = false (default)
2019-10-03 14:12:38,355 [pool-443-thread-1] INFO  server.RaftServerConfigKeys (ConfUtils.java:logGet(43)) - raft.server.log.appender.buffer.byte-limit = 33554432 (custom)
2019-10-03 14:12:38,354 [pool-433-thread-1] INFO  server.RaftServerConfigKeys (ConfUtils.java:logGet(43)) - raft.server.log.use.memory = false (default)
2019-10-03 14:12:38,355 [pool-443-thread-1] INFO  server.RaftServerConfigKeys (ConfUtils.java:logGet(43)) - raft.server.log.segment.size.max = 1048576 (custom)
2019-10-03 14:12:38,355 [pool-423-thread-1] INFO  server.RaftServerConfigKeys (ConfUtils.java:logGet(43)) - raft.server.log.purge.gap = 1000000 (custom)
2019-10-03 14:12:38,355 [pool-443-thread-1] INFO  server.RaftServerConfigKeys (ConfUtils.java:logGet(43)) - raft.server.log.segment.cache.num.max = 2 (custom)
2019-10-03 14:12:38,355 [pool-433-thread-1] INFO  server.RaftServerConfigKeys (ConfUtils.java:logGet(43)) - raft.server.log.purge.gap = 1000000 (custom)
2019-10-03 14:12:38,355 [pool-443-thread-1] INFO  segmented.SegmentedRaftLogWorker (SegmentedRaftLogWorker.java:<init>(173)) - new 170108b3-5d4e-4e11-a9fd-713fa59c7417@group-A5EF7322CF91-SegmentedRaftLogWorker for RaftStorage:Storage Directory /workdir/hadoop-ozone/integration-test/target/test-dir/MiniOzoneClusterImpl-4ae2b488-2bb7-488a-85e2-f7ac6aadfb05/datanode-6/data/ratis/b8e0ca5b-2fe1-4c89-9ba5-a5ef7322cf91
2019-10-03 14:12:38,355 [pool-423-thread-1] INFO  server.RaftServerConfigKeys (ConfUtils.java:logGet(43)) - raft.server.log.appender.buffer.byte-limit = 33554432 (custom)
2019-10-03 14:12:38,356 [pool-443-thread-1] INFO  server.RaftServerConfigKeys (ConfUtils.java:logGet(43)) - raft.server.log.queue.byte-limit = 2147483647 (custom)
2019-10-03 14:12:38,356 [pool-433-thread-1] INFO  server.RaftServerConfigKeys (ConfUtils.java:logGet(43)) - raft.server.log.appender.buffer.byte-limit = 33554432 (custom)
2019-10-03 14:12:38,356 [pool-443-thread-1] INFO  server.RaftServerConfigKeys (ConfUtils.java:logGet(43)) - raft.server.log.queue.element-limit = 1024 (custom)
2019-10-03 14:12:38,356 [pool-423-thread-1] INFO  server.RaftServerConfigKeys (ConfUtils.java:logGet(43)) - raft.server.log.segment.size.max = 1048576 (custom)
2019-10-03 14:12:38,356 [pool-443-thread-1] INFO  server.RaftServerConfigKeys (ConfUtils.java:logGet(43)) - raft.server.log.segment.size.max = 1048576 (custom)
2019-10-03 14:12:38,356 [pool-433-thread-1] INFO  server.RaftServerConfigKeys (ConfUtils.java:logGet(43)) - raft.server.log.segment.size.max = 1048576 (custom)
2019-10-03 14:12:38,356 [pool-443-thread-1] INFO  server.RaftServerConfigKeys (ConfUtils.java:logGet(43)) - raft.server.log.preallocated.size = 16384 (custom)
2019-10-03 14:12:38,356 [pool-423-thread-1] INFO  server.RaftServerConfigKeys (ConfUtils.java:logGet(43)) - raft.server.log.segment.cache.num.max = 2 (custom)
2019-10-03 14:12:38,357 [pool-443-thread-1] INFO  server.RaftServerConfigKeys (ConfUtils.java:logGet(43)) - raft.server.log.write.buffer.size = 33554432 (custom)
2019-10-03 14:12:38,357 [pool-433-thread-1] INFO  server.RaftServerConfigKeys (ConfUtils.java:logGet(43)) - raft.server.log.segment.cache.num.max = 2 (custom)
2019-10-03 14:12:38,357 [pool-443-thread-1] INFO  server.RaftServerConfigKeys (ConfUtils.java:logGet(43)) - raft.server.log.force.sync.num = 128 (default)
2019-10-03 14:12:38,357 [pool-423-thread-1] INFO  segmented.SegmentedRaftLogWorker (SegmentedRaftLogWorker.java:<init>(173)) - new dff63dcf-7fce-4ce6-ad31-95a0d63cd8f6@group-A5EF7322CF91-SegmentedRaftLogWorker for RaftStorage:Storage Directory /workdir/hadoop-ozone/integration-test/target/test-dir/MiniOzoneClusterImpl-4ae2b488-2bb7-488a-85e2-f7ac6aadfb05/datanode-4/data/ratis/b8e0ca5b-2fe1-4c89-9ba5-a5ef7322cf91
2019-10-03 14:12:38,357 [pool-443-thread-1] INFO  server.RaftServerConfigKeys (ConfUtils.java:logGet(43)) - raft.server.log.statemachine.data.sync = true (default)
2019-10-03 14:12:38,357 [pool-433-thread-1] INFO  segmented.SegmentedRaftLogWorker (SegmentedRaftLogWorker.java:<init>(173)) - new 87021a7a-7870-4bcc-b2c9-52831b2ed097@group-A5EF7322CF91-SegmentedRaftLogWorker for RaftStorage:Storage Directory /workdir/hadoop-ozone/integration-test/target/test-dir/MiniOzoneClusterImpl-4ae2b488-2bb7-488a-85e2-f7ac6aadfb05/datanode-5/data/ratis/b8e0ca5b-2fe1-4c89-9ba5-a5ef7322cf91
2019-10-03 14:12:38,357 [pool-443-thread-1] INFO  server.RaftServerConfigKeys (ConfUtils.java:logGet(43)) - raft.server.log.statemachine.data.sync.timeout = 10s (default)
2019-10-03 14:12:38,357 [pool-423-thread-1] INFO  server.RaftServerConfigKeys (ConfUtils.java:logGet(43)) - raft.server.log.queue.byte-limit = 2147483647 (custom)
2019-10-03 14:12:38,358 [pool-443-thread-1] INFO  server.RaftServerConfigKeys (ConfUtils.java:logGet(43)) - raft.server.log.statemachine.data.sync.timeout.retry = -1 (default)
2019-10-03 14:12:38,358 [pool-433-thread-1] INFO  server.RaftServerConfigKeys (ConfUtils.java:logGet(43)) - raft.server.log.queue.byte-limit = 2147483647 (custom)
2019-10-03 14:12:38,358 [pool-443-thread-1] INFO  server.RaftServerConfigKeys (ConfUtils.java:logGet(43)) - raft.server.log.statemachine.data.caching.enabled = true (custom)
2019-10-03 14:12:38,358 [pool-423-thread-1] INFO  server.RaftServerConfigKeys (ConfUtils.java:logGet(43)) - raft.server.log.queue.element-limit = 1024 (custom)
2019-10-03 14:12:38,358 [pool-433-thread-1] INFO  server.RaftServerConfigKeys (ConfUtils.java:logGet(43)) - raft.server.log.queue.element-limit = 1024 (custom)
2019-10-03 14:12:38,358 [pool-443-thread-1] INFO  segmented.SegmentedRaftLogWorker (SegmentedRaftLogWorker.java:lambda$new$0(128)) - 170108b3-5d4e-4e11-a9fd-713fa59c7417@group-A5EF7322CF91-SegmentedRaftLogWorker: flushIndex: setUnconditionally 0 -> -1
2019-10-03 14:12:38,358 [pool-423-thread-1] INFO  server.RaftServerConfigKeys (ConfUtils.java:logGet(43)) - raft.server.log.segment.size.max = 1048576 (custom)
2019-10-03 14:12:38,359 [pool-433-thread-1] INFO  server.RaftServerConfigKeys (ConfUtils.java:logGet(43)) - raft.server.log.segment.size.max = 1048576 (custom)
2019-10-03 14:12:38,359 [pool-423-thread-1] INFO  server.RaftServerConfigKeys (ConfUtils.java:logGet(43)) - raft.server.log.preallocated.size = 16384 (custom)
2019-10-03 14:12:38,359 [pool-443-thread-1] INFO  server.RaftServerConfigKeys (ConfUtils.java:logGet(43)) - raft.server.snapshot.auto.trigger.enabled = true (custom)
2019-10-03 14:12:38,359 [pool-423-thread-1] INFO  server.RaftServerConfigKeys (ConfUtils.java:logGet(43)) - raft.server.log.write.buffer.size = 33554432 (custom)
2019-10-03 14:12:38,359 [pool-433-thread-1] INFO  server.RaftServerConfigKeys (ConfUtils.java:logGet(43)) - raft.server.log.preallocated.size = 16384 (custom)
2019-10-03 14:12:38,359 [pool-423-thread-1] INFO  server.RaftServerConfigKeys (ConfUtils.java:logGet(43)) - raft.server.log.force.sync.num = 128 (default)
2019-10-03 14:12:38,359 [pool-443-thread-1] INFO  server.RaftServerConfigKeys (ConfUtils.java:logGet(43)) - raft.server.snapshot.auto.trigger.threshold = 10000 (custom)
2019-10-03 14:12:38,360 [pool-423-thread-1] INFO  server.RaftServerConfigKeys (ConfUtils.java:logGet(43)) - raft.server.log.statemachine.data.sync = true (default)
2019-10-03 14:12:38,360 [pool-433-thread-1] INFO  server.RaftServerConfigKeys (ConfUtils.java:logGet(43)) - raft.server.log.write.buffer.size = 33554432 (custom)
2019-10-03 14:12:38,360 [pool-423-thread-1] INFO  server.RaftServerConfigKeys (ConfUtils.java:logGet(43)) - raft.server.log.statemachine.data.sync.timeout = 10s (default)
2019-10-03 14:12:38,360 [pool-443-thread-1] INFO  server.RaftServerConfigKeys (ConfUtils.java:logGet(43)) - raft.server.snapshot.retention.file.num = 5 (custom)
2019-10-03 14:12:38,360 [pool-423-thread-1] INFO  server.RaftServerConfigKeys (ConfUtils.java:logGet(43)) - raft.server.log.statemachine.data.sync.timeout.retry = -1 (default)
2019-10-03 14:12:38,360 [pool-433-thread-1] INFO  server.RaftServerConfigKeys (ConfUtils.java:logGet(43)) - raft.server.log.force.sync.num = 128 (default)
2019-10-03 14:12:38,361 [pool-423-thread-1] INFO  server.RaftServerConfigKeys (ConfUtils.java:logGet(43)) - raft.server.log.statemachine.data.caching.enabled = true (custom)
2019-10-03 14:12:38,361 [pool-443-thread-1] INFO  server.RaftServerConfigKeys (ConfUtils.java:logGet(43)) - raft.server.retrycache.expirytime = 600000ms (custom)
2019-10-03 14:12:38,361 [pool-433-thread-1] INFO  server.RaftServerConfigKeys (ConfUtils.java:logGet(43)) - raft.server.log.statemachine.data.sync = true (default)
2019-10-03 14:12:38,361 [pool-423-thread-1] INFO  segmented.SegmentedRaftLogWorker (SegmentedRaftLogWorker.java:lambda$new$0(128)) - dff63dcf-7fce-4ce6-ad31-95a0d63cd8f6@group-A5EF7322CF91-SegmentedRaftLogWorker: flushIndex: setUnconditionally 0 -> -1
2019-10-03 14:12:38,361 [pool-433-thread-1] INFO  server.RaftServerConfigKeys (ConfUtils.java:logGet(43)) - raft.server.log.statemachine.data.sync.timeout = 10s (default)
2019-10-03 14:12:38,362 [pool-423-thread-1] INFO  server.RaftServerConfigKeys (ConfUtils.java:logGet(43)) - raft.server.snapshot.auto.trigger.enabled = true (custom)
2019-10-03 14:12:38,362 [pool-433-thread-1] INFO  server.RaftServerConfigKeys (ConfUtils.java:logGet(43)) - raft.server.log.statemachine.data.sync.timeout.retry = -1 (default)
2019-10-03 14:12:38,362 [pool-423-thread-1] INFO  server.RaftServerConfigKeys (ConfUtils.java:logGet(43)) - raft.server.snapshot.auto.trigger.threshold = 10000 (custom)
2019-10-03 14:12:38,362 [pool-423-thread-1] INFO  server.RaftServerConfigKeys (ConfUtils.java:logGet(43)) - raft.server.snapshot.retention.file.num = 5 (custom)
2019-10-03 14:12:38,362 [pool-443-thread-1] INFO  impl.RaftServerImpl (RaftServerImpl.java:start(181)) - 170108b3-5d4e-4e11-a9fd-713fa59c7417@group-A5EF7322CF91: start as a follower, conf=-1: [dff63dcf-7fce-4ce6-ad31-95a0d63cd8f6:192.168.30.9:39593, 170108b3-5d4e-4e11-a9fd-713fa59c7417:192.168.30.9:41835, 87021a7a-7870-4bcc-b2c9-52831b2ed097:192.168.30.9:41450], old=null
2019-10-03 14:12:38,362 [pool-433-thread-1] INFO  server.RaftServerConfigKeys (ConfUtils.java:logGet(43)) - raft.server.log.statemachine.data.caching.enabled = true (custom)
2019-10-03 14:12:38,362 [pool-443-thread-1] INFO  impl.RaftServerImpl (RaftServerImpl.java:setRole(170)) - 170108b3-5d4e-4e11-a9fd-713fa59c7417@group-A5EF7322CF91: changes role from      null to FOLLOWER at term 0 for startAsFollower
2019-10-03 14:12:38,362 [pool-423-thread-1] INFO  server.RaftServerConfigKeys (ConfUtils.java:logGet(43)) - raft.server.retrycache.expirytime = 600000ms (custom)
2019-10-03 14:12:38,363 [pool-443-thread-1] INFO  impl.RoleInfo (RoleInfo.java:updateAndGet(143)) - 170108b3-5d4e-4e11-a9fd-713fa59c7417: start FollowerState
2019-10-03 14:12:38,363 [pool-433-thread-1] INFO  segmented.SegmentedRaftLogWorker (SegmentedRaftLogWorker.java:lambda$new$0(128)) - 87021a7a-7870-4bcc-b2c9-52831b2ed097@group-A5EF7322CF91-SegmentedRaftLogWorker: flushIndex: setUnconditionally 0 -> -1
2019-10-03 14:12:38,363 [pool-443-thread-1] INFO  util.JmxRegister (JmxRegister.java:tryRegister(44)) - Successfully registered JMX Bean with object name Ratis:service=RaftServer,group=group-A5EF7322CF91,id=170108b3-5d4e-4e11-a9fd-713fa59c7417
2019-10-03 14:12:38,363 [pool-433-thread-1] INFO  server.RaftServerConfigKeys (ConfUtils.java:logGet(43)) - raft.server.snapshot.auto.trigger.enabled = true (custom)
2019-10-03 14:12:38,364 [pool-433-thread-1] INFO  server.RaftServerConfigKeys (ConfUtils.java:logGet(43)) - raft.server.snapshot.auto.trigger.threshold = 10000 (custom)
2019-10-03 14:12:38,364 [pool-433-thread-1] INFO  server.RaftServerConfigKeys (ConfUtils.java:logGet(43)) - raft.server.snapshot.retention.file.num = 5 (custom)
2019-10-03 14:12:38,364 [pool-433-thread-1] INFO  server.RaftServerConfigKeys (ConfUtils.java:logGet(43)) - raft.server.retrycache.expirytime = 600000ms (custom)
2019-10-03 14:12:38,365 [pool-423-thread-1] INFO  impl.RaftServerImpl (RaftServerImpl.java:start(181)) - dff63dcf-7fce-4ce6-ad31-95a0d63cd8f6@group-A5EF7322CF91: start as a follower, conf=-1: [dff63dcf-7fce-4ce6-ad31-95a0d63cd8f6:192.168.30.9:39593, 170108b3-5d4e-4e11-a9fd-713fa59c7417:192.168.30.9:41835, 87021a7a-7870-4bcc-b2c9-52831b2ed097:192.168.30.9:41450], old=null
2019-10-03 14:12:38,365 [pool-423-thread-1] INFO  impl.RaftServerImpl (RaftServerImpl.java:setRole(170)) - dff63dcf-7fce-4ce6-ad31-95a0d63cd8f6@group-A5EF7322CF91: changes role from      null to FOLLOWER at term 0 for startAsFollower
2019-10-03 14:12:38,365 [pool-423-thread-1] INFO  impl.RoleInfo (RoleInfo.java:updateAndGet(143)) - dff63dcf-7fce-4ce6-ad31-95a0d63cd8f6: start FollowerState
2019-10-03 14:12:38,374 [pool-423-thread-1] INFO  util.JmxRegister (JmxRegister.java:tryRegister(44)) - Successfully registered JMX Bean with object name Ratis:service=RaftServer,group=group-A5EF7322CF91,id=dff63dcf-7fce-4ce6-ad31-95a0d63cd8f6
2019-10-03 14:12:38,378 [pool-433-thread-1] INFO  impl.RaftServerImpl (RaftServerImpl.java:start(181)) - 87021a7a-7870-4bcc-b2c9-52831b2ed097@group-A5EF7322CF91: start as a follower, conf=-1: [dff63dcf-7fce-4ce6-ad31-95a0d63cd8f6:192.168.30.9:39593, 170108b3-5d4e-4e11-a9fd-713fa59c7417:192.168.30.9:41835, 87021a7a-7870-4bcc-b2c9-52831b2ed097:192.168.30.9:41450], old=null
2019-10-03 14:12:38,379 [pool-433-thread-1] INFO  impl.RaftServerImpl (RaftServerImpl.java:setRole(170)) - 87021a7a-7870-4bcc-b2c9-52831b2ed097@group-A5EF7322CF91: changes role from      null to FOLLOWER at term 0 for startAsFollower
2019-10-03 14:12:38,379 [pool-433-thread-1] INFO  impl.RoleInfo (RoleInfo.java:updateAndGet(143)) - 87021a7a-7870-4bcc-b2c9-52831b2ed097: start FollowerState
2019-10-03 14:12:38,379 [pool-433-thread-1] INFO  util.JmxRegister (JmxRegister.java:tryRegister(44)) - Successfully registered JMX Bean with object name Ratis:service=RaftServer,group=group-A5EF7322CF91,id=87021a7a-7870-4bcc-b2c9-52831b2ed097
2019-10-03 14:12:38,385 [RatisPipelineUtilsThread] INFO  pipeline.PipelineStateManager (PipelineStateManager.java:addPipeline(56)) - Created pipeline Pipeline[ Id: b8e0ca5b-2fe1-4c89-9ba5-a5ef7322cf91, Nodes: 170108b3-5d4e-4e11-a9fd-713fa59c7417{ip: 192.168.30.9, host: pr-hdds-2216-wws87-2365029438, networkLocation: /default-rack, certSerialId: null}87021a7a-7870-4bcc-b2c9-52831b2ed097{ip: 192.168.30.9, host: pr-hdds-2216-wws87-2365029438, networkLocation: /default-rack, certSerialId: null}dff63dcf-7fce-4ce6-ad31-95a0d63cd8f6{ip: 192.168.30.9, host: pr-hdds-2216-wws87-2365029438, networkLocation: /default-rack, certSerialId: null}, Type:RATIS, Factor:THREE, State:OPEN]
2019-10-03 14:12:40,785 [Thread-2401] INFO  container.ReplicationManager (ReplicationManager.java:start(162)) - Starting Replication Monitor Thread.
2019-10-03 14:12:40,791 [ReplicationMonitor] INFO  container.ReplicationManager (ReplicationManager.java:run(225)) - Replication Monitor Thread took 0 milliseconds for processing 1 containers.
2019-10-03 14:12:43,011 [Thread-2403] INFO  impl.FollowerState (FollowerState.java:run(108)) - 33f0138b-7ee0-4f04-affd-7ef231342dec@group-B4EFEC4D0187-FollowerState: change to CANDIDATE, lastRpcTime:5145ms, electionTimeout:5145ms
2019-10-03 14:12:43,012 [Thread-2403] INFO  impl.RoleInfo (RoleInfo.java:shutdownFollowerState(121)) - 33f0138b-7ee0-4f04-affd-7ef231342dec: shutdown FollowerState
2019-10-03 14:12:43,012 [Thread-2403] INFO  impl.RaftServerImpl (RaftServerImpl.java:setRole(170)) - 33f0138b-7ee0-4f04-affd-7ef231342dec@group-B4EFEC4D0187: changes role from  FOLLOWER to CANDIDATE at term 0 for changeToCandidate
2019-10-03 14:12:43,012 [Thread-2403] INFO  impl.RoleInfo (RoleInfo.java:updateAndGet(143)) - 33f0138b-7ee0-4f04-affd-7ef231342dec: start LeaderElection
2019-10-03 14:12:43,044 [33f0138b-7ee0-4f04-affd-7ef231342dec@group-B4EFEC4D0187-LeaderElection90] INFO  impl.LeaderElection (LeaderElection.java:askForVotes(178)) - 33f0138b-7ee0-4f04-affd-7ef231342dec@group-B4EFEC4D0187-LeaderElection90: begin an election at term 1 for -1: [33f0138b-7ee0-4f04-affd-7ef231342dec:192.168.30.9:44752], old=null
2019-10-03 14:12:43,045 [33f0138b-7ee0-4f04-affd-7ef231342dec@group-B4EFEC4D0187-LeaderElection90] INFO  impl.RoleInfo (RoleInfo.java:shutdownLeaderElection(134)) - 33f0138b-7ee0-4f04-affd-7ef231342dec: shutdown LeaderElection
2019-10-03 14:12:43,045 [33f0138b-7ee0-4f04-affd-7ef231342dec@group-B4EFEC4D0187-LeaderElection90] INFO  impl.RaftServerImpl (RaftServerImpl.java:setRole(170)) - 33f0138b-7ee0-4f04-affd-7ef231342dec@group-B4EFEC4D0187: changes role from CANDIDATE to LEADER at term 1 for changeToLeader
2019-10-03 14:12:43,045 [33f0138b-7ee0-4f04-affd-7ef231342dec@group-B4EFEC4D0187-LeaderElection90] INFO  impl.RaftServerImpl (ServerState.java:setLeader(255)) - 33f0138b-7ee0-4f04-affd-7ef231342dec@group-B4EFEC4D0187: change Leader from null to 33f0138b-7ee0-4f04-affd-7ef231342dec at term 1 for becomeLeader, leader elected after 5190ms
2019-10-03 14:12:43,046 [33f0138b-7ee0-4f04-affd-7ef231342dec@group-B4EFEC4D0187-LeaderElection90] INFO  server.RaftServerConfigKeys (ConfUtils.java:logGet(43)) - raft.server.staging.catchup.gap = 1000 (default)
2019-10-03 14:12:43,046 [33f0138b-7ee0-4f04-affd-7ef231342dec@group-B4EFEC4D0187-LeaderElection90] INFO  server.RaftServerConfigKeys (ConfUtils.java:logGet(43)) - raft.server.rpc.sleep.time = 25ms (default)
2019-10-03 14:12:43,047 [33f0138b-7ee0-4f04-affd-7ef231342dec@group-B4EFEC4D0187-LeaderElection90] INFO  server.RaftServerConfigKeys (ConfUtils.java:logGet(43)) - raft.server.write.element-limit = 4096 (default)
2019-10-03 14:12:43,047 [33f0138b-7ee0-4f04-affd-7ef231342dec@group-B4EFEC4D0187-LeaderElection90] INFO  server.RaftServerConfigKeys (ConfUtils.java:logGet(43)) - raft.server.watch.timeout = 10s (default)
2019-10-03 14:12:43,047 [33f0138b-7ee0-4f04-affd-7ef231342dec@group-B4EFEC4D0187-LeaderElection90] INFO  server.RaftServerConfigKeys (ConfUtils.java:logGet(43)) - raft.server.watch.timeout.denomination = 1s (default)
2019-10-03 14:12:43,047 [33f0138b-7ee0-4f04-affd-7ef231342dec@group-B4EFEC4D0187-LeaderElection90] INFO  server.RaftServerConfigKeys (ConfUtils.java:logGet(43)) - raft.server.watch.element-limit = 65536 (default)
2019-10-03 14:12:43,051 [33f0138b-7ee0-4f04-affd-7ef231342dec@group-B4EFEC4D0187-LeaderElection90] INFO  impl.RoleInfo (RoleInfo.java:updateAndGet(143)) - 33f0138b-7ee0-4f04-affd-7ef231342dec: start LeaderState
2019-10-03 14:12:43,052 [33f0138b-7ee0-4f04-affd-7ef231342dec@group-B4EFEC4D0187-LeaderElection90] INFO  segmented.SegmentedRaftLogWorker (SegmentedRaftLogWorker.java:startLogSegment(385)) - 33f0138b-7ee0-4f04-affd-7ef231342dec@group-B4EFEC4D0187-SegmentedRaftLogWorker: Starting segment from index:0
2019-10-03 14:12:43,053 [33f0138b-7ee0-4f04-affd-7ef231342dec@group-B4EFEC4D0187-LeaderElection90] INFO  impl.RaftServerImpl (ServerState.java:setRaftConf(356)) - 33f0138b-7ee0-4f04-affd-7ef231342dec@group-B4EFEC4D0187: set configuration 0: [33f0138b-7ee0-4f04-affd-7ef231342dec:192.168.30.9:44752], old=null at 0
2019-10-03 14:12:43,059 [Thread-2406] INFO  impl.FollowerState (FollowerState.java:run(108)) - c2f3e0b9-ef86-4a30-aa77-cdb07319c05e@group-F1775A91EC60-FollowerState: change to CANDIDATE, lastRpcTime:5111ms, electionTimeout:5111ms
2019-10-03 14:12:43,060 [Thread-2406] INFO  impl.RoleInfo (RoleInfo.java:shutdownFollowerState(121)) - c2f3e0b9-ef86-4a30-aa77-cdb07319c05e: shutdown FollowerState
2019-10-03 14:12:43,060 [Thread-2406] INFO  impl.RaftServerImpl (RaftServerImpl.java:setRole(170)) - c2f3e0b9-ef86-4a30-aa77-cdb07319c05e@group-F1775A91EC60: changes role from  FOLLOWER to CANDIDATE at term 0 for changeToCandidate
2019-10-03 14:12:43,060 [Thread-2406] INFO  impl.RoleInfo (RoleInfo.java:updateAndGet(143)) - c2f3e0b9-ef86-4a30-aa77-cdb07319c05e: start LeaderElection
2019-10-03 14:12:43,114 [33f0138b-7ee0-4f04-affd-7ef231342dec@group-B4EFEC4D0187-SegmentedRaftLogWorker] INFO  segmented.SegmentedRaftLogWorker (SegmentedRaftLogWorker.java:execute(574)) - 33f0138b-7ee0-4f04-affd-7ef231342dec@group-B4EFEC4D0187-SegmentedRaftLogWorker: created new log segment /workdir/hadoop-ozone/integration-test/target/test-dir/MiniOzoneClusterImpl-4ae2b488-2bb7-488a-85e2-f7ac6aadfb05/datanode-0/data/ratis/01b90445-e7f9-4542-891b-b4efec4d0187/current/log_inprogress_0
2019-10-03 14:12:43,115 [c2f3e0b9-ef86-4a30-aa77-cdb07319c05e@group-F1775A91EC60-LeaderElection91] INFO  impl.LeaderElection (LeaderElection.java:askForVotes(178)) - c2f3e0b9-ef86-4a30-aa77-cdb07319c05e@group-F1775A91EC60-LeaderElection91: begin an election at term 1 for -1: [c2f3e0b9-ef86-4a30-aa77-cdb07319c05e:192.168.30.9:43710], old=null
2019-10-03 14:12:43,115 [c2f3e0b9-ef86-4a30-aa77-cdb07319c05e@group-F1775A91EC60-LeaderElection91] INFO  impl.RoleInfo (RoleInfo.java:shutdownLeaderElection(134)) - c2f3e0b9-ef86-4a30-aa77-cdb07319c05e: shutdown LeaderElection
2019-10-03 14:12:43,115 [c2f3e0b9-ef86-4a30-aa77-cdb07319c05e@group-F1775A91EC60-LeaderElection91] INFO  impl.RaftServerImpl (RaftServerImpl.java:setRole(170)) - c2f3e0b9-ef86-4a30-aa77-cdb07319c05e@group-F1775A91EC60: changes role from CANDIDATE to LEADER at term 1 for changeToLeader
2019-10-03 14:12:43,115 [c2f3e0b9-ef86-4a30-aa77-cdb07319c05e@group-F1775A91EC60-LeaderElection91] INFO  impl.RaftServerImpl (ServerState.java:setLeader(255)) - c2f3e0b9-ef86-4a30-aa77-cdb07319c05e@group-F1775A91EC60: change Leader from null to c2f3e0b9-ef86-4a30-aa77-cdb07319c05e at term 1 for becomeLeader, leader elected after 5173ms
2019-10-03 14:12:43,115 [c2f3e0b9-ef86-4a30-aa77-cdb07319c05e@group-F1775A91EC60-LeaderElection91] INFO  server.RaftServerConfigKeys (ConfUtils.java:logGet(43)) - raft.server.staging.catchup.gap = 1000 (default)
2019-10-03 14:12:43,116 [c2f3e0b9-ef86-4a30-aa77-cdb07319c05e@group-F1775A91EC60-LeaderElection91] INFO  server.RaftServerConfigKeys (ConfUtils.java:logGet(43)) - raft.server.rpc.sleep.time = 25ms (default)
2019-10-03 14:12:43,116 [c2f3e0b9-ef86-4a30-aa77-cdb07319c05e@group-F1775A91EC60-LeaderElection91] INFO  server.RaftServerConfigKeys (ConfUtils.java:logGet(43)) - raft.server.write.element-limit = 4096 (default)
2019-10-03 14:12:43,116 [c2f3e0b9-ef86-4a30-aa77-cdb07319c05e@group-F1775A91EC60-LeaderElection91] INFO  server.RaftServerConfigKeys (ConfUtils.java:logGet(43)) - raft.server.watch.timeout = 10s (default)
2019-10-03 14:12:43,116 [c2f3e0b9-ef86-4a30-aa77-cdb07319c05e@group-F1775A91EC60-LeaderElection91] INFO  server.RaftServerConfigKeys (ConfUtils.java:logGet(43)) - raft.server.watch.timeout.denomination = 1s (default)
2019-10-03 14:12:43,116 [c2f3e0b9-ef86-4a30-aa77-cdb07319c05e@group-F1775A91EC60-LeaderElection91] INFO  server.RaftServerConfigKeys (ConfUtils.java:logGet(43)) - raft.server.watch.element-limit = 65536 (default)
2019-10-03 14:12:43,118 [c2f3e0b9-ef86-4a30-aa77-cdb07319c05e@group-F1775A91EC60-LeaderElection91] INFO  impl.RoleInfo (RoleInfo.java:updateAndGet(143)) - c2f3e0b9-ef86-4a30-aa77-cdb07319c05e: start LeaderState
2019-10-03 14:12:43,118 [c2f3e0b9-ef86-4a30-aa77-cdb07319c05e@group-F1775A91EC60-LeaderElection91] INFO  segmented.SegmentedRaftLogWorker (SegmentedRaftLogWorker.java:startLogSegment(385)) - c2f3e0b9-ef86-4a30-aa77-cdb07319c05e@group-F1775A91EC60-SegmentedRaftLogWorker: Starting segment from index:0
2019-10-03 14:12:43,119 [c2f3e0b9-ef86-4a30-aa77-cdb07319c05e@group-F1775A91EC60-LeaderElection91] INFO  impl.RaftServerImpl (ServerState.java:setRaftConf(356)) - c2f3e0b9-ef86-4a30-aa77-cdb07319c05e@group-F1775A91EC60: set configuration 0: [c2f3e0b9-ef86-4a30-aa77-cdb07319c05e:192.168.30.9:43710], old=null at 0
2019-10-03 14:12:43,143 [Thread-2417] INFO  impl.FollowerState (FollowerState.java:run(108)) - 96bff13a-fe0b-48f4-92ef-20e30879139a@group-D2FD727667B1-FollowerState: change to CANDIDATE, lastRpcTime:5066ms, electionTimeout:5065ms
2019-10-03 14:12:43,143 [Thread-2417] INFO  impl.RoleInfo (RoleInfo.java:shutdownFollowerState(121)) - 96bff13a-fe0b-48f4-92ef-20e30879139a: shutdown FollowerState
2019-10-03 14:12:43,144 [Thread-2417] INFO  impl.RaftServerImpl (RaftServerImpl.java:setRole(170)) - 96bff13a-fe0b-48f4-92ef-20e30879139a@group-D2FD727667B1: changes role from  FOLLOWER to CANDIDATE at term 0 for changeToCandidate
2019-10-03 14:12:43,144 [Thread-2417] INFO  impl.RoleInfo (RoleInfo.java:updateAndGet(143)) - 96bff13a-fe0b-48f4-92ef-20e30879139a: start LeaderElection
2019-10-03 14:12:43,177 [c2f3e0b9-ef86-4a30-aa77-cdb07319c05e@group-F1775A91EC60-SegmentedRaftLogWorker] INFO  segmented.SegmentedRaftLogWorker (SegmentedRaftLogWorker.java:execute(574)) - c2f3e0b9-ef86-4a30-aa77-cdb07319c05e@group-F1775A91EC60-SegmentedRaftLogWorker: created new log segment /workdir/hadoop-ozone/integration-test/target/test-dir/MiniOzoneClusterImpl-4ae2b488-2bb7-488a-85e2-f7ac6aadfb05/datanode-1/data/ratis/a143b237-86df-4ad1-a90b-f1775a91ec60/current/log_inprogress_0
2019-10-03 14:12:43,177 [96bff13a-fe0b-48f4-92ef-20e30879139a@group-D2FD727667B1-LeaderElection92] INFO  impl.LeaderElection (LeaderElection.java:askForVotes(178)) - 96bff13a-fe0b-48f4-92ef-20e30879139a@group-D2FD727667B1-LeaderElection92: begin an election at term 1 for -1: [96bff13a-fe0b-48f4-92ef-20e30879139a:192.168.30.9:34611, 33f0138b-7ee0-4f04-affd-7ef231342dec:192.168.30.9:44752, aa2a9927-e312-4029-bc90-37bb3b062001:192.168.30.9:36508], old=null
2019-10-03 14:12:43,183 [grpc-default-executor-13] INFO  impl.RaftServerImpl (RaftServerImpl.java:setRole(170)) - aa2a9927-e312-4029-bc90-37bb3b062001@group-D2FD727667B1: changes role from  FOLLOWER to FOLLOWER at term 1 for recognizeCandidate:96bff13a-fe0b-48f4-92ef-20e30879139a
2019-10-03 14:12:43,183 [grpc-default-executor-0] INFO  impl.RaftServerImpl (RaftServerImpl.java:setRole(170)) - 33f0138b-7ee0-4f04-affd-7ef231342dec@group-D2FD727667B1: changes role from  FOLLOWER to FOLLOWER at term 1 for recognizeCandidate:96bff13a-fe0b-48f4-92ef-20e30879139a
2019-10-03 14:12:43,183 [grpc-default-executor-13] INFO  impl.RoleInfo (RoleInfo.java:shutdownFollowerState(121)) - aa2a9927-e312-4029-bc90-37bb3b062001: shutdown FollowerState
2019-10-03 14:12:43,183 [grpc-default-executor-0] INFO  impl.RoleInfo (RoleInfo.java:shutdownFollowerState(121)) - 33f0138b-7ee0-4f04-affd-7ef231342dec: shutdown FollowerState
2019-10-03 14:12:43,184 [grpc-default-executor-13] INFO  impl.RoleInfo (RoleInfo.java:updateAndGet(143)) - aa2a9927-e312-4029-bc90-37bb3b062001: start FollowerState
2019-10-03 14:12:43,184 [Thread-2416] INFO  impl.FollowerState (FollowerState.java:run(117)) - 33f0138b-7ee0-4f04-affd-7ef231342dec@group-D2FD727667B1-FollowerState was interrupted: java.lang.InterruptedException: sleep interrupted
2019-10-03 14:12:43,184 [grpc-default-executor-0] INFO  impl.RoleInfo (RoleInfo.java:updateAndGet(143)) - 33f0138b-7ee0-4f04-affd-7ef231342dec: start FollowerState
2019-10-03 14:12:43,184 [Thread-2421] INFO  impl.FollowerState (FollowerState.java:run(117)) - aa2a9927-e312-4029-bc90-37bb3b062001@group-D2FD727667B1-FollowerState was interrupted: java.lang.InterruptedException: sleep interrupted
2019-10-03 14:12:43,189 [Thread-2409] INFO  impl.FollowerState (FollowerState.java:run(108)) - 96bff13a-fe0b-48f4-92ef-20e30879139a@group-5E4C6CA4D369-FollowerState: change to CANDIDATE, lastRpcTime:5182ms, electionTimeout:5182ms
2019-10-03 14:12:43,190 [Thread-2409] INFO  impl.RoleInfo (RoleInfo.java:shutdownFollowerState(121)) - 96bff13a-fe0b-48f4-92ef-20e30879139a: shutdown FollowerState
2019-10-03 14:12:43,190 [Thread-2409] INFO  impl.RaftServerImpl (RaftServerImpl.java:setRole(170)) - 96bff13a-fe0b-48f4-92ef-20e30879139a@group-5E4C6CA4D369: changes role from  FOLLOWER to CANDIDATE at term 0 for changeToCandidate
2019-10-03 14:12:43,190 [Thread-2409] INFO  impl.RoleInfo (RoleInfo.java:updateAndGet(143)) - 96bff13a-fe0b-48f4-92ef-20e30879139a: start LeaderElection
2019-10-03 14:12:43,196 [96bff13a-fe0b-48f4-92ef-20e30879139a@group-D2FD727667B1-LeaderElection92] INFO  impl.LeaderElection (LeaderElection.java:logAndReturn(56)) - 96bff13a-fe0b-48f4-92ef-20e30879139a@group-D2FD727667B1-LeaderElection92: Election PASSED; received 1 response(s) [96bff13a-fe0b-48f4-92ef-20e30879139a<-aa2a9927-e312-4029-bc90-37bb3b062001#0:OK-t1] and 0 exception(s); 96bff13a-fe0b-48f4-92ef-20e30879139a@group-D2FD727667B1:t1, leader=null, voted=96bff13a-fe0b-48f4-92ef-20e30879139a, raftlog=96bff13a-fe0b-48f4-92ef-20e30879139a@group-D2FD727667B1-SegmentedRaftLog:OPENED:c-1,f-1,i0, conf=-1: [96bff13a-fe0b-48f4-92ef-20e30879139a:192.168.30.9:34611, 33f0138b-7ee0-4f04-affd-7ef231342dec:192.168.30.9:44752, aa2a9927-e312-4029-bc90-37bb3b062001:192.168.30.9:36508], old=null
2019-10-03 14:12:43,196 [96bff13a-fe0b-48f4-92ef-20e30879139a@group-D2FD727667B1-LeaderElection92] INFO  impl.RoleInfo (RoleInfo.java:shutdownLeaderElection(134)) - 96bff13a-fe0b-48f4-92ef-20e30879139a: shutdown LeaderElection
2019-10-03 14:12:43,196 [96bff13a-fe0b-48f4-92ef-20e30879139a@group-D2FD727667B1-LeaderElection92] INFO  impl.RaftServerImpl (RaftServerImpl.java:setRole(170)) - 96bff13a-fe0b-48f4-92ef-20e30879139a@group-D2FD727667B1: changes role from CANDIDATE to LEADER at term 1 for changeToLeader
2019-10-03 14:12:43,197 [96bff13a-fe0b-48f4-92ef-20e30879139a@group-D2FD727667B1-LeaderElection92] INFO  impl.RaftServerImpl (ServerState.java:setLeader(255)) - 96bff13a-fe0b-48f4-92ef-20e30879139a@group-D2FD727667B1: change Leader from null to 96bff13a-fe0b-48f4-92ef-20e30879139a at term 1 for becomeLeader, leader elected after 5127ms
2019-10-03 14:12:43,197 [96bff13a-fe0b-48f4-92ef-20e30879139a@group-D2FD727667B1-LeaderElection92] INFO  server.RaftServerConfigKeys (ConfUtils.java:logGet(43)) - raft.server.staging.catchup.gap = 1000 (default)
2019-10-03 14:12:43,197 [96bff13a-fe0b-48f4-92ef-20e30879139a@group-D2FD727667B1-LeaderElection92] INFO  server.RaftServerConfigKeys (ConfUtils.java:logGet(43)) - raft.server.rpc.sleep.time = 25ms (default)
2019-10-03 14:12:43,197 [96bff13a-fe0b-48f4-92ef-20e30879139a@group-D2FD727667B1-LeaderElection92] INFO  server.RaftServerConfigKeys (ConfUtils.java:logGet(43)) - raft.server.write.element-limit = 4096 (default)
2019-10-03 14:12:43,197 [96bff13a-fe0b-48f4-92ef-20e30879139a@group-D2FD727667B1-LeaderElection92] INFO  server.RaftServerConfigKeys (ConfUtils.java:logGet(43)) - raft.server.watch.timeout = 10s (default)
2019-10-03 14:12:43,197 [96bff13a-fe0b-48f4-92ef-20e30879139a@group-D2FD727667B1-LeaderElection92] INFO  server.RaftServerConfigKeys (ConfUtils.java:logGet(43)) - raft.server.watch.timeout.denomination = 1s (default)
2019-10-03 14:12:43,197 [96bff13a-fe0b-48f4-92ef-20e30879139a@group-D2FD727667B1-LeaderElection92] INFO  server.RaftServerConfigKeys (ConfUtils.java:logGet(43)) - raft.server.watch.element-limit = 65536 (default)
2019-10-03 14:12:43,199 [96bff13a-fe0b-48f4-92ef-20e30879139a@group-D2FD727667B1-LeaderElection92] INFO  server.RaftServerConfigKeys (ConfUtils.java:logGet(43)) - raft.server.log.appender.snapshot.chunk.size.max = 16MB (=16777216) (default)
2019-10-03 14:12:43,200 [96bff13a-fe0b-48f4-92ef-20e30879139a@group-D2FD727667B1-LeaderElection92] INFO  server.RaftServerConfigKeys (ConfUtils.java:logGet(43)) - raft.server.log.appender.buffer.byte-limit = 33554432 (custom)
2019-10-03 14:12:43,200 [96bff13a-fe0b-48f4-92ef-20e30879139a@group-D2FD727667B1-LeaderElection92] INFO  server.RaftServerConfigKeys (ConfUtils.java:logGet(43)) - raft.server.log.appender.buffer.element-limit = 1 (custom)
2019-10-03 14:12:43,200 [96bff13a-fe0b-48f4-92ef-20e30879139a@group-D2FD727667B1-LeaderElection92] INFO  grpc.GrpcConfigKeys$Server (ConfUtils.java:logGet(43)) - raft.grpc.server.leader.outstanding.appends.max = 128 (default)
2019-10-03 14:12:43,200 [96bff13a-fe0b-48f4-92ef-20e30879139a@group-D2FD727667B1-LeaderElection92] INFO  server.RaftServerConfigKeys (ConfUtils.java:logGet(43)) - raft.server.rpc.request.timeout = 3000ms (default)
2019-10-03 14:12:43,201 [96bff13a-fe0b-48f4-92ef-20e30879139a@group-D2FD727667B1-LeaderElection92] INFO  server.RaftServerConfigKeys (ConfUtils.java:logGet(43)) - raft.server.log.appender.install.snapshot.enabled = false (custom)
2019-10-03 14:12:43,201 [96bff13a-fe0b-48f4-92ef-20e30879139a@group-D2FD727667B1-LeaderElection92] INFO  server.RaftServerConfigKeys (ConfUtils.java:logGet(43)) - raft.server.log.appender.snapshot.chunk.size.max = 16MB (=16777216) (default)
2019-10-03 14:12:43,201 [96bff13a-fe0b-48f4-92ef-20e30879139a@group-D2FD727667B1-LeaderElection92] INFO  server.RaftServerConfigKeys (ConfUtils.java:logGet(43)) - raft.server.log.appender.buffer.byte-limit = 33554432 (custom)
2019-10-03 14:12:43,201 [96bff13a-fe0b-48f4-92ef-20e30879139a@group-D2FD727667B1-LeaderElection92] INFO  server.RaftServerConfigKeys (ConfUtils.java:logGet(43)) - raft.server.log.appender.buffer.element-limit = 1 (custom)
2019-10-03 14:12:43,201 [Thread-2412] INFO  impl.FollowerState (FollowerState.java:run(108)) - aa2a9927-e312-4029-bc90-37bb3b062001@group-C3926660A71C-FollowerState: change to CANDIDATE, lastRpcTime:5158ms, electionTimeout:5158ms
2019-10-03 14:12:43,201 [96bff13a-fe0b-48f4-92ef-20e30879139a@group-D2FD727667B1-LeaderElection92] INFO  grpc.GrpcConfigKeys$Server (ConfUtils.java:logGet(43)) - raft.grpc.server.leader.outstanding.appends.max = 128 (default)
2019-10-03 14:12:43,202 [Thread-2412] INFO  impl.RoleInfo (RoleInfo.java:shutdownFollowerState(121)) - aa2a9927-e312-4029-bc90-37bb3b062001: shutdown FollowerState
2019-10-03 14:12:43,202 [96bff13a-fe0b-48f4-92ef-20e30879139a@group-D2FD727667B1-LeaderElection92] INFO  server.RaftServerConfigKeys (ConfUtils.java:logGet(43)) - raft.server.rpc.request.timeout = 3000ms (default)
2019-10-03 14:12:43,202 [Thread-2412] INFO  impl.RaftServerImpl (RaftServerImpl.java:setRole(170)) - aa2a9927-e312-4029-bc90-37bb3b062001@group-C3926660A71C: changes role from  FOLLOWER to CANDIDATE at term 0 for changeToCandidate
2019-10-03 14:12:43,202 [96bff13a-fe0b-48f4-92ef-20e30879139a@group-D2FD727667B1-LeaderElection92] INFO  server.RaftServerConfigKeys (ConfUtils.java:logGet(43)) - raft.server.log.appender.install.snapshot.enabled = false (custom)
2019-10-03 14:12:43,202 [Thread-2412] INFO  impl.RoleInfo (RoleInfo.java:updateAndGet(143)) - aa2a9927-e312-4029-bc90-37bb3b062001: start LeaderElection
2019-10-03 14:12:43,202 [96bff13a-fe0b-48f4-92ef-20e30879139a@group-D2FD727667B1-LeaderElection92] INFO  impl.RoleInfo (RoleInfo.java:updateAndGet(143)) - 96bff13a-fe0b-48f4-92ef-20e30879139a: start LeaderState
2019-10-03 14:12:43,205 [96bff13a-fe0b-48f4-92ef-20e30879139a@group-D2FD727667B1-LeaderElection92] INFO  segmented.SegmentedRaftLogWorker (SegmentedRaftLogWorker.java:startLogSegment(385)) - 96bff13a-fe0b-48f4-92ef-20e30879139a@group-D2FD727667B1-SegmentedRaftLogWorker: Starting segment from index:0
2019-10-03 14:12:43,208 [96bff13a-fe0b-48f4-92ef-20e30879139a@group-D2FD727667B1-LeaderElection92] INFO  impl.RaftServerImpl (ServerState.java:setRaftConf(356)) - 96bff13a-fe0b-48f4-92ef-20e30879139a@group-D2FD727667B1: set configuration 0: [96bff13a-fe0b-48f4-92ef-20e30879139a:192.168.30.9:34611, 33f0138b-7ee0-4f04-affd-7ef231342dec:192.168.30.9:44752, aa2a9927-e312-4029-bc90-37bb3b062001:192.168.30.9:36508], old=null at 0
2019-10-03 14:12:43,209 [96bff13a-fe0b-48f4-92ef-20e30879139a@group-5E4C6CA4D369-LeaderElection93] INFO  impl.LeaderElection (LeaderElection.java:askForVotes(178)) - 96bff13a-fe0b-48f4-92ef-20e30879139a@group-5E4C6CA4D369-LeaderElection93: begin an election at term 1 for -1: [96bff13a-fe0b-48f4-92ef-20e30879139a:192.168.30.9:34611], old=null
2019-10-03 14:12:43,209 [grpc-default-executor-0] INFO  impl.RaftServerImpl (ServerState.java:setLeader(255)) - 33f0138b-7ee0-4f04-affd-7ef231342dec@group-D2FD727667B1: change Leader from null to 96bff13a-fe0b-48f4-92ef-20e30879139a at term 1 for appendEntries, leader elected after 5140ms
2019-10-03 14:12:43,209 [grpc-default-executor-13] INFO  impl.RaftServerImpl (ServerState.java:setLeader(255)) - aa2a9927-e312-4029-bc90-37bb3b062001@group-D2FD727667B1: change Leader from null to 96bff13a-fe0b-48f4-92ef-20e30879139a at term 1 for appendEntries, leader elected after 5135ms
2019-10-03 14:12:43,209 [96bff13a-fe0b-48f4-92ef-20e30879139a@group-5E4C6CA4D369-LeaderElection93] INFO  impl.RoleInfo (RoleInfo.java:shutdownLeaderElection(134)) - 96bff13a-fe0b-48f4-92ef-20e30879139a: shutdown LeaderElection
2019-10-03 14:12:43,210 [96bff13a-fe0b-48f4-92ef-20e30879139a@group-5E4C6CA4D369-LeaderElection93] INFO  impl.RaftServerImpl (RaftServerImpl.java:setRole(170)) - 96bff13a-fe0b-48f4-92ef-20e30879139a@group-5E4C6CA4D369: changes role from CANDIDATE to LEADER at term 1 for changeToLeader
2019-10-03 14:12:43,241 [aa2a9927-e312-4029-bc90-37bb3b062001@group-C3926660A71C-LeaderElection94] INFO  impl.LeaderElection (LeaderElection.java:askForVotes(178)) - aa2a9927-e312-4029-bc90-37bb3b062001@group-C3926660A71C-LeaderElection94: begin an election at term 1 for -1: [aa2a9927-e312-4029-bc90-37bb3b062001:192.168.30.9:36508], old=null
2019-10-03 14:12:43,242 [96bff13a-fe0b-48f4-92ef-20e30879139a@group-5E4C6CA4D369-LeaderElection93] INFO  impl.RaftServerImpl (ServerState.java:setLeader(255)) - 96bff13a-fe0b-48f4-92ef-20e30879139a@group-5E4C6CA4D369: change Leader from null to 96bff13a-fe0b-48f4-92ef-20e30879139a at term 1 for becomeLeader, leader elected after 5241ms
2019-10-03 14:12:43,246 [aa2a9927-e312-4029-bc90-37bb3b062001@group-C3926660A71C-LeaderElection94] INFO  impl.RoleInfo (RoleInfo.java:shutdownLeaderElection(134)) - aa2a9927-e312-4029-bc90-37bb3b062001: shutdown LeaderElection
2019-10-03 14:12:43,246 [96bff13a-fe0b-48f4-92ef-20e30879139a@group-5E4C6CA4D369-LeaderElection93] INFO  server.RaftServerConfigKeys (ConfUtils.java:logGet(43)) - raft.server.staging.catchup.gap = 1000 (default)
2019-10-03 14:12:43,246 [aa2a9927-e312-4029-bc90-37bb3b062001@group-C3926660A71C-LeaderElection94] INFO  impl.RaftServerImpl (RaftServerImpl.java:setRole(170)) - aa2a9927-e312-4029-bc90-37bb3b062001@group-C3926660A71C: changes role from CANDIDATE to LEADER at term 1 for changeToLeader
2019-10-03 14:12:43,246 [96bff13a-fe0b-48f4-92ef-20e30879139a@group-5E4C6CA4D369-LeaderElection93] INFO  server.RaftServerConfigKeys (ConfUtils.java:logGet(43)) - raft.server.rpc.sleep.time = 25ms (default)
2019-10-03 14:12:43,247 [aa2a9927-e312-4029-bc90-37bb3b062001@group-C3926660A71C-LeaderElection94] INFO  impl.RaftServerImpl (ServerState.java:setLeader(255)) - aa2a9927-e312-4029-bc90-37bb3b062001@group-C3926660A71C: change Leader from null to aa2a9927-e312-4029-bc90-37bb3b062001 at term 1 for becomeLeader, leader elected after 5210ms
2019-10-03 14:12:43,247 [96bff13a-fe0b-48f4-92ef-20e30879139a@group-5E4C6CA4D369-LeaderElection93] INFO  server.RaftServerConfigKeys (ConfUtils.java:logGet(43)) - raft.server.write.element-limit = 4096 (default)
2019-10-03 14:12:43,247 [aa2a9927-e312-4029-bc90-37bb3b062001@group-C3926660A71C-LeaderElection94] INFO  server.RaftServerConfigKeys (ConfUtils.java:logGet(43)) - raft.server.staging.catchup.gap = 1000 (default)
2019-10-03 14:12:43,247 [96bff13a-fe0b-48f4-92ef-20e30879139a@group-5E4C6CA4D369-LeaderElection93] INFO  server.RaftServerConfigKeys (ConfUtils.java:logGet(43)) - raft.server.watch.timeout = 10s (default)
2019-10-03 14:12:43,247 [aa2a9927-e312-4029-bc90-37bb3b062001@group-C3926660A71C-LeaderElection94] INFO  server.RaftServerConfigKeys (ConfUtils.java:logGet(43)) - raft.server.rpc.sleep.time = 25ms (default)
2019-10-03 14:12:43,247 [96bff13a-fe0b-48f4-92ef-20e30879139a@group-5E4C6CA4D369-LeaderElection93] INFO  server.RaftServerConfigKeys (ConfUtils.java:logGet(43)) - raft.server.watch.timeout.denomination = 1s (default)
2019-10-03 14:12:43,247 [aa2a9927-e312-4029-bc90-37bb3b062001@group-C3926660A71C-LeaderElection94] INFO  server.RaftServerConfigKeys (ConfUtils.java:logGet(43)) - raft.server.write.element-limit = 4096 (default)
2019-10-03 14:12:43,247 [96bff13a-fe0b-48f4-92ef-20e30879139a@group-5E4C6CA4D369-LeaderElection93] INFO  server.RaftServerConfigKeys (ConfUtils.java:logGet(43)) - raft.server.watch.element-limit = 65536 (default)
2019-10-03 14:12:43,247 [aa2a9927-e312-4029-bc90-37bb3b062001@group-C3926660A71C-LeaderElection94] INFO  server.RaftServerConfigKeys (ConfUtils.java:logGet(43)) - raft.server.watch.timeout = 10s (default)
2019-10-03 14:12:43,248 [aa2a9927-e312-4029-bc90-37bb3b062001@group-C3926660A71C-LeaderElection94] INFO  server.RaftServerConfigKeys (ConfUtils.java:logGet(43)) - raft.server.watch.timeout.denomination = 1s (default)
2019-10-03 14:12:43,248 [aa2a9927-e312-4029-bc90-37bb3b062001@group-C3926660A71C-LeaderElection94] INFO  server.RaftServerConfigKeys (ConfUtils.java:logGet(43)) - raft.server.watch.element-limit = 65536 (default)
2019-10-03 14:12:43,248 [grpc-default-executor-0] INFO  impl.RaftServerImpl (ServerState.java:setRaftConf(356)) - 33f0138b-7ee0-4f04-affd-7ef231342dec@group-D2FD727667B1: set configuration 0: [96bff13a-fe0b-48f4-92ef-20e30879139a:192.168.30.9:34611, 33f0138b-7ee0-4f04-affd-7ef231342dec:192.168.30.9:44752, aa2a9927-e312-4029-bc90-37bb3b062001:192.168.30.9:36508], old=null at 0
2019-10-03 14:12:43,248 [grpc-default-executor-13] INFO  impl.RaftServerImpl (ServerState.java:setRaftConf(356)) - aa2a9927-e312-4029-bc90-37bb3b062001@group-D2FD727667B1: set configuration 0: [96bff13a-fe0b-48f4-92ef-20e30879139a:192.168.30.9:34611, 33f0138b-7ee0-4f04-affd-7ef231342dec:192.168.30.9:44752, aa2a9927-e312-4029-bc90-37bb3b062001:192.168.30.9:36508], old=null at 0
2019-10-03 14:12:43,248 [grpc-default-executor-0] INFO  segmented.SegmentedRaftLogWorker (SegmentedRaftLogWorker.java:startLogSegment(385)) - 33f0138b-7ee0-4f04-affd-7ef231342dec@group-D2FD727667B1-SegmentedRaftLogWorker: Starting segment from index:0
2019-10-03 14:12:43,249 [grpc-default-executor-13] INFO  segmented.SegmentedRaftLogWorker (SegmentedRaftLogWorker.java:startLogSegment(385)) - aa2a9927-e312-4029-bc90-37bb3b062001@group-D2FD727667B1-SegmentedRaftLogWorker: Starting segment from index:0
2019-10-03 14:12:43,250 [96bff13a-fe0b-48f4-92ef-20e30879139a@group-5E4C6CA4D369-LeaderElection93] INFO  impl.RoleInfo (RoleInfo.java:updateAndGet(143)) - 96bff13a-fe0b-48f4-92ef-20e30879139a: start LeaderState
2019-10-03 14:12:43,250 [96bff13a-fe0b-48f4-92ef-20e30879139a@group-5E4C6CA4D369-LeaderElection93] INFO  segmented.SegmentedRaftLogWorker (SegmentedRaftLogWorker.java:startLogSegment(385)) - 96bff13a-fe0b-48f4-92ef-20e30879139a@group-5E4C6CA4D369-SegmentedRaftLogWorker: Starting segment from index:0
2019-10-03 14:12:43,250 [96bff13a-fe0b-48f4-92ef-20e30879139a@group-5E4C6CA4D369-LeaderElection93] INFO  impl.RaftServerImpl (ServerState.java:setRaftConf(356)) - 96bff13a-fe0b-48f4-92ef-20e30879139a@group-5E4C6CA4D369: set configuration 0: [96bff13a-fe0b-48f4-92ef-20e30879139a:192.168.30.9:34611], old=null at 0
2019-10-03 14:12:43,251 [aa2a9927-e312-4029-bc90-37bb3b062001@group-C3926660A71C-LeaderElection94] INFO  impl.RoleInfo (RoleInfo.java:updateAndGet(143)) - aa2a9927-e312-4029-bc90-37bb3b062001: start LeaderState
2019-10-03 14:12:43,252 [aa2a9927-e312-4029-bc90-37bb3b062001@group-C3926660A71C-LeaderElection94] INFO  segmented.SegmentedRaftLogWorker (SegmentedRaftLogWorker.java:startLogSegment(385)) - aa2a9927-e312-4029-bc90-37bb3b062001@group-C3926660A71C-SegmentedRaftLogWorker: Starting segment from index:0
2019-10-03 14:12:43,252 [aa2a9927-e312-4029-bc90-37bb3b062001@group-C3926660A71C-LeaderElection94] INFO  impl.RaftServerImpl (ServerState.java:setRaftConf(356)) - aa2a9927-e312-4029-bc90-37bb3b062001@group-C3926660A71C: set configuration 0: [aa2a9927-e312-4029-bc90-37bb3b062001:192.168.30.9:36508], old=null at 0
2019-10-03 14:12:43,255 [96bff13a-fe0b-48f4-92ef-20e30879139a@group-D2FD727667B1-SegmentedRaftLogWorker] INFO  segmented.SegmentedRaftLogWorker (SegmentedRaftLogWorker.java:execute(574)) - 96bff13a-fe0b-48f4-92ef-20e30879139a@group-D2FD727667B1-SegmentedRaftLogWorker: created new log segment /workdir/hadoop-ozone/integration-test/target/test-dir/MiniOzoneClusterImpl-4ae2b488-2bb7-488a-85e2-f7ac6aadfb05/datanode-2/data/ratis/e4440e51-e6fe-4303-95f5-d2fd727667b1/current/log_inprogress_0
2019-10-03 14:12:43,305 [Thread-2424] INFO  impl.FollowerState (FollowerState.java:run(108)) - dff63dcf-7fce-4ce6-ad31-95a0d63cd8f6@group-77352B0813AE-FollowerState: change to CANDIDATE, lastRpcTime:5113ms, electionTimeout:5113ms
2019-10-03 14:12:43,305 [Thread-2424] INFO  impl.RoleInfo (RoleInfo.java:shutdownFollowerState(121)) - dff63dcf-7fce-4ce6-ad31-95a0d63cd8f6: shutdown FollowerState
2019-10-03 14:12:43,306 [Thread-2424] INFO  impl.RaftServerImpl (RaftServerImpl.java:setRole(170)) - dff63dcf-7fce-4ce6-ad31-95a0d63cd8f6@group-77352B0813AE: changes role from  FOLLOWER to CANDIDATE at term 0 for changeToCandidate
2019-10-03 14:12:43,306 [Thread-2424] INFO  impl.RoleInfo (RoleInfo.java:updateAndGet(143)) - dff63dcf-7fce-4ce6-ad31-95a0d63cd8f6: start LeaderElection
2019-10-03 14:12:43,316 [96bff13a-fe0b-48f4-92ef-20e30879139a@group-5E4C6CA4D369-SegmentedRaftLogWorker] INFO  segmented.SegmentedRaftLogWorker (SegmentedRaftLogWorker.java:execute(574)) - 96bff13a-fe0b-48f4-92ef-20e30879139a@group-5E4C6CA4D369-SegmentedRaftLogWorker: created new log segment /workdir/hadoop-ozone/integration-test/target/test-dir/MiniOzoneClusterImpl-4ae2b488-2bb7-488a-85e2-f7ac6aadfb05/datanode-2/data/ratis/88c918d1-7d60-44c9-9262-5e4c6ca4d369/current/log_inprogress_0
2019-10-03 14:12:43,316 [aa2a9927-e312-4029-bc90-37bb3b062001@group-D2FD727667B1-SegmentedRaftLogWorker] INFO  segmented.SegmentedRaftLogWorker (SegmentedRaftLogWorker.java:execute(574)) - aa2a9927-e312-4029-bc90-37bb3b062001@group-D2FD727667B1-SegmentedRaftLogWorker: created new log segment /workdir/hadoop-ozone/integration-test/target/test-dir/MiniOzoneClusterImpl-4ae2b488-2bb7-488a-85e2-f7ac6aadfb05/datanode-3/data/ratis/e4440e51-e6fe-4303-95f5-d2fd727667b1/current/log_inprogress_0
2019-10-03 14:12:43,341 [aa2a9927-e312-4029-bc90-37bb3b062001@group-C3926660A71C-SegmentedRaftLogWorker] INFO  segmented.SegmentedRaftLogWorker (SegmentedRaftLogWorker.java:execute(574)) - aa2a9927-e312-4029-bc90-37bb3b062001@group-C3926660A71C-SegmentedRaftLogWorker: created new log segment /workdir/hadoop-ozone/integration-test/target/test-dir/MiniOzoneClusterImpl-4ae2b488-2bb7-488a-85e2-f7ac6aadfb05/datanode-3/data/ratis/05bf8446-ed34-44c7-880e-c3926660a71c/current/log_inprogress_0
2019-10-03 14:12:43,341 [33f0138b-7ee0-4f04-affd-7ef231342dec@group-D2FD727667B1-SegmentedRaftLogWorker] INFO  segmented.SegmentedRaftLogWorker (SegmentedRaftLogWorker.java:execute(574)) - 33f0138b-7ee0-4f04-affd-7ef231342dec@group-D2FD727667B1-SegmentedRaftLogWorker: created new log segment /workdir/hadoop-ozone/integration-test/target/test-dir/MiniOzoneClusterImpl-4ae2b488-2bb7-488a-85e2-f7ac6aadfb05/datanode-0/data/ratis/e4440e51-e6fe-4303-95f5-d2fd727667b1/current/log_inprogress_0
2019-10-03 14:12:43,341 [dff63dcf-7fce-4ce6-ad31-95a0d63cd8f6@group-77352B0813AE-LeaderElection95] INFO  impl.LeaderElection (LeaderElection.java:askForVotes(178)) - dff63dcf-7fce-4ce6-ad31-95a0d63cd8f6@group-77352B0813AE-LeaderElection95: begin an election at term 1 for -1: [dff63dcf-7fce-4ce6-ad31-95a0d63cd8f6:192.168.30.9:39593], old=null
2019-10-03 14:12:43,342 [dff63dcf-7fce-4ce6-ad31-95a0d63cd8f6@group-77352B0813AE-LeaderElection95] INFO  impl.RoleInfo (RoleInfo.java:shutdownLeaderElection(134)) - dff63dcf-7fce-4ce6-ad31-95a0d63cd8f6: shutdown LeaderElection
2019-10-03 14:12:43,342 [dff63dcf-7fce-4ce6-ad31-95a0d63cd8f6@group-77352B0813AE-LeaderElection95] INFO  impl.RaftServerImpl (RaftServerImpl.java:setRole(170)) - dff63dcf-7fce-4ce6-ad31-95a0d63cd8f6@group-77352B0813AE: changes role from CANDIDATE to LEADER at term 1 for changeToLeader
2019-10-03 14:12:43,342 [dff63dcf-7fce-4ce6-ad31-95a0d63cd8f6@group-77352B0813AE-LeaderElection95] INFO  impl.RaftServerImpl (ServerState.java:setLeader(255)) - dff63dcf-7fce-4ce6-ad31-95a0d63cd8f6@group-77352B0813AE: change Leader from null to dff63dcf-7fce-4ce6-ad31-95a0d63cd8f6 at term 1 for becomeLeader, leader elected after 5158ms
2019-10-03 14:12:43,342 [dff63dcf-7fce-4ce6-ad31-95a0d63cd8f6@group-77352B0813AE-LeaderElection95] INFO  server.RaftServerConfigKeys (ConfUtils.java:logGet(43)) - raft.server.staging.catchup.gap = 1000 (default)
2019-10-03 14:12:43,342 [dff63dcf-7fce-4ce6-ad31-95a0d63cd8f6@group-77352B0813AE-LeaderElection95] INFO  server.RaftServerConfigKeys (ConfUtils.java:logGet(43)) - raft.server.rpc.sleep.time = 25ms (default)
2019-10-03 14:12:43,342 [dff63dcf-7fce-4ce6-ad31-95a0d63cd8f6@group-77352B0813AE-LeaderElection95] INFO  server.RaftServerConfigKeys (ConfUtils.java:logGet(43)) - raft.server.write.element-limit = 4096 (default)
2019-10-03 14:12:43,342 [dff63dcf-7fce-4ce6-ad31-95a0d63cd8f6@group-77352B0813AE-LeaderElection95] INFO  server.RaftServerConfigKeys (ConfUtils.java:logGet(43)) - raft.server.watch.timeout = 10s (default)
2019-10-03 14:12:43,343 [dff63dcf-7fce-4ce6-ad31-95a0d63cd8f6@group-77352B0813AE-LeaderElection95] INFO  server.RaftServerConfigKeys (ConfUtils.java:logGet(43)) - raft.server.watch.timeout.denomination = 1s (default)
2019-10-03 14:12:43,343 [dff63dcf-7fce-4ce6-ad31-95a0d63cd8f6@group-77352B0813AE-LeaderElection95] INFO  server.RaftServerConfigKeys (ConfUtils.java:logGet(43)) - raft.server.watch.element-limit = 65536 (default)
2019-10-03 14:12:43,345 [dff63dcf-7fce-4ce6-ad31-95a0d63cd8f6@group-77352B0813AE-LeaderElection95] INFO  impl.RoleInfo (RoleInfo.java:updateAndGet(143)) - dff63dcf-7fce-4ce6-ad31-95a0d63cd8f6: start LeaderState
2019-10-03 14:12:43,345 [dff63dcf-7fce-4ce6-ad31-95a0d63cd8f6@group-77352B0813AE-LeaderElection95] INFO  segmented.SegmentedRaftLogWorker (SegmentedRaftLogWorker.java:startLogSegment(385)) - dff63dcf-7fce-4ce6-ad31-95a0d63cd8f6@group-77352B0813AE-SegmentedRaftLogWorker: Starting segment from index:0
2019-10-03 14:12:43,345 [dff63dcf-7fce-4ce6-ad31-95a0d63cd8f6@group-77352B0813AE-LeaderElection95] INFO  impl.RaftServerImpl (ServerState.java:setRaftConf(356)) - dff63dcf-7fce-4ce6-ad31-95a0d63cd8f6@group-77352B0813AE: set configuration 0: [dff63dcf-7fce-4ce6-ad31-95a0d63cd8f6:192.168.30.9:39593], old=null at 0
2019-10-03 14:12:43,379 [Thread-2432] INFO  impl.FollowerState (FollowerState.java:run(108)) - 170108b3-5d4e-4e11-a9fd-713fa59c7417@group-C6DCBE364946-FollowerState: change to CANDIDATE, lastRpcTime:5070ms, electionTimeout:5070ms
2019-10-03 14:12:43,379 [Thread-2432] INFO  impl.RoleInfo (RoleInfo.java:shutdownFollowerState(121)) - 170108b3-5d4e-4e11-a9fd-713fa59c7417: shutdown FollowerState
2019-10-03 14:12:43,379 [Thread-2432] INFO  impl.RaftServerImpl (RaftServerImpl.java:setRole(170)) - 170108b3-5d4e-4e11-a9fd-713fa59c7417@group-C6DCBE364946: changes role from  FOLLOWER to CANDIDATE at term 0 for changeToCandidate
2019-10-03 14:12:43,379 [Thread-2432] INFO  impl.RoleInfo (RoleInfo.java:updateAndGet(143)) - 170108b3-5d4e-4e11-a9fd-713fa59c7417: start LeaderElection
2019-10-03 14:12:43,400 [dff63dcf-7fce-4ce6-ad31-95a0d63cd8f6@group-77352B0813AE-SegmentedRaftLogWorker] INFO  segmented.SegmentedRaftLogWorker (SegmentedRaftLogWorker.java:execute(574)) - dff63dcf-7fce-4ce6-ad31-95a0d63cd8f6@group-77352B0813AE-SegmentedRaftLogWorker: created new log segment /workdir/hadoop-ozone/integration-test/target/test-dir/MiniOzoneClusterImpl-4ae2b488-2bb7-488a-85e2-f7ac6aadfb05/datanode-4/data/ratis/edd16e2f-2b92-4832-9fc6-77352b0813ae/current/log_inprogress_0
2019-10-03 14:12:43,401 [Thread-2436] INFO  impl.FollowerState (FollowerState.java:run(108)) - 170108b3-5d4e-4e11-a9fd-713fa59c7417@group-A5EF7322CF91-FollowerState: change to CANDIDATE, lastRpcTime:5038ms, electionTimeout:5038ms
2019-10-03 14:12:43,402 [Thread-2436] INFO  impl.RoleInfo (RoleInfo.java:shutdownFollowerState(121)) - 170108b3-5d4e-4e11-a9fd-713fa59c7417: shutdown FollowerState
2019-10-03 14:12:43,402 [Thread-2436] INFO  impl.RaftServerImpl (RaftServerImpl.java:setRole(170)) - 170108b3-5d4e-4e11-a9fd-713fa59c7417@group-A5EF7322CF91: changes role from  FOLLOWER to CANDIDATE at term 0 for changeToCandidate
2019-10-03 14:12:43,402 [Thread-2436] INFO  impl.RoleInfo (RoleInfo.java:updateAndGet(143)) - 170108b3-5d4e-4e11-a9fd-713fa59c7417: start LeaderElection
2019-10-03 14:12:43,417 [170108b3-5d4e-4e11-a9fd-713fa59c7417@group-C6DCBE364946-LeaderElection96] INFO  impl.LeaderElection (LeaderElection.java:askForVotes(178)) - 170108b3-5d4e-4e11-a9fd-713fa59c7417@group-C6DCBE364946-LeaderElection96: begin an election at term 1 for -1: [170108b3-5d4e-4e11-a9fd-713fa59c7417:192.168.30.9:41835], old=null
2019-10-03 14:12:43,417 [170108b3-5d4e-4e11-a9fd-713fa59c7417@group-C6DCBE364946-LeaderElection96] INFO  impl.RoleInfo (RoleInfo.java:shutdownLeaderElection(134)) - 170108b3-5d4e-4e11-a9fd-713fa59c7417: shutdown LeaderElection
2019-10-03 14:12:43,417 [170108b3-5d4e-4e11-a9fd-713fa59c7417@group-C6DCBE364946-LeaderElection96] INFO  impl.RaftServerImpl (RaftServerImpl.java:setRole(170)) - 170108b3-5d4e-4e11-a9fd-713fa59c7417@group-C6DCBE364946: changes role from CANDIDATE to LEADER at term 1 for changeToLeader
2019-10-03 14:12:43,417 [170108b3-5d4e-4e11-a9fd-713fa59c7417@group-C6DCBE364946-LeaderElection96] INFO  impl.RaftServerImpl (ServerState.java:setLeader(255)) - 170108b3-5d4e-4e11-a9fd-713fa59c7417@group-C6DCBE364946: change Leader from null to 170108b3-5d4e-4e11-a9fd-713fa59c7417 at term 1 for becomeLeader, leader elected after 5114ms
2019-10-03 14:12:43,417 [170108b3-5d4e-4e11-a9fd-713fa59c7417@group-C6DCBE364946-LeaderElection96] INFO  server.RaftServerConfigKeys (ConfUtils.java:logGet(43)) - raft.server.staging.catchup.gap = 1000 (default)
2019-10-03 14:12:43,417 [170108b3-5d4e-4e11-a9fd-713fa59c7417@group-C6DCBE364946-LeaderElection96] INFO  server.RaftServerConfigKeys (ConfUtils.java:logGet(43)) - raft.server.rpc.sleep.time = 25ms (default)
2019-10-03 14:12:43,418 [170108b3-5d4e-4e11-a9fd-713fa59c7417@group-C6DCBE364946-LeaderElection96] INFO  server.RaftServerConfigKeys (ConfUtils.java:logGet(43)) - raft.server.write.element-limit = 4096 (default)
2019-10-03 14:12:43,418 [170108b3-5d4e-4e11-a9fd-713fa59c7417@group-C6DCBE364946-LeaderElection96] INFO  server.RaftServerConfigKeys (ConfUtils.java:logGet(43)) - raft.server.watch.timeout = 10s (default)
2019-10-03 14:12:43,418 [170108b3-5d4e-4e11-a9fd-713fa59c7417@group-C6DCBE364946-LeaderElection96] INFO  server.RaftServerConfigKeys (ConfUtils.java:logGet(43)) - raft.server.watch.timeout.denomination = 1s (default)
2019-10-03 14:12:43,418 [170108b3-5d4e-4e11-a9fd-713fa59c7417@group-C6DCBE364946-LeaderElection96] INFO  server.RaftServerConfigKeys (ConfUtils.java:logGet(43)) - raft.server.watch.element-limit = 65536 (default)
2019-10-03 14:12:43,420 [170108b3-5d4e-4e11-a9fd-713fa59c7417@group-C6DCBE364946-LeaderElection96] INFO  impl.RoleInfo (RoleInfo.java:updateAndGet(143)) - 170108b3-5d4e-4e11-a9fd-713fa59c7417: start LeaderState
2019-10-03 14:12:43,420 [170108b3-5d4e-4e11-a9fd-713fa59c7417@group-C6DCBE364946-LeaderElection96] INFO  segmented.SegmentedRaftLogWorker (SegmentedRaftLogWorker.java:startLogSegment(385)) - 170108b3-5d4e-4e11-a9fd-713fa59c7417@group-C6DCBE364946-SegmentedRaftLogWorker: Starting segment from index:0
2019-10-03 14:12:43,420 [170108b3-5d4e-4e11-a9fd-713fa59c7417@group-C6DCBE364946-LeaderElection96] INFO  impl.RaftServerImpl (ServerState.java:setRaftConf(356)) - 170108b3-5d4e-4e11-a9fd-713fa59c7417@group-C6DCBE364946: set configuration 0: [170108b3-5d4e-4e11-a9fd-713fa59c7417:192.168.30.9:41835], old=null at 0
2019-10-03 14:12:43,434 [170108b3-5d4e-4e11-a9fd-713fa59c7417@group-A5EF7322CF91-LeaderElection97] INFO  impl.LeaderElection (LeaderElection.java:askForVotes(178)) - 170108b3-5d4e-4e11-a9fd-713fa59c7417@group-A5EF7322CF91-LeaderElection97: begin an election at term 1 for -1: [dff63dcf-7fce-4ce6-ad31-95a0d63cd8f6:192.168.30.9:39593, 170108b3-5d4e-4e11-a9fd-713fa59c7417:192.168.30.9:41835, 87021a7a-7870-4bcc-b2c9-52831b2ed097:192.168.30.9:41450], old=null
2019-10-03 14:12:43,461 [grpc-default-executor-0] INFO  impl.RaftServerImpl (RaftServerImpl.java:setRole(170)) - 87021a7a-7870-4bcc-b2c9-52831b2ed097@group-A5EF7322CF91: changes role from  FOLLOWER to FOLLOWER at term 1 for recognizeCandidate:170108b3-5d4e-4e11-a9fd-713fa59c7417
2019-10-03 14:12:43,461 [grpc-default-executor-0] INFO  impl.RoleInfo (RoleInfo.java:shutdownFollowerState(121)) - 87021a7a-7870-4bcc-b2c9-52831b2ed097: shutdown FollowerState
2019-10-03 14:12:43,461 [Thread-2429] INFO  impl.FollowerState (FollowerState.java:run(108)) - 87021a7a-7870-4bcc-b2c9-52831b2ed097@group-7F339600FCF5-FollowerState: change to CANDIDATE, lastRpcTime:5203ms, electionTimeout:5191ms
2019-10-03 14:12:43,461 [Thread-2441] INFO  impl.FollowerState (FollowerState.java:run(117)) - 87021a7a-7870-4bcc-b2c9-52831b2ed097@group-A5EF7322CF91-FollowerState was interrupted: java.lang.InterruptedException: sleep interrupted
2019-10-03 14:12:43,461 [grpc-default-executor-0] INFO  impl.RoleInfo (RoleInfo.java:updateAndGet(143)) - 87021a7a-7870-4bcc-b2c9-52831b2ed097: start FollowerState
2019-10-03 14:12:43,461 [Thread-2429] INFO  impl.RoleInfo (RoleInfo.java:shutdownFollowerState(121)) - 87021a7a-7870-4bcc-b2c9-52831b2ed097: shutdown FollowerState
2019-10-03 14:12:43,462 [Thread-2429] INFO  impl.RaftServerImpl (RaftServerImpl.java:setRole(170)) - 87021a7a-7870-4bcc-b2c9-52831b2ed097@group-7F339600FCF5: changes role from  FOLLOWER to CANDIDATE at term 0 for changeToCandidate
2019-10-03 14:12:43,464 [grpc-default-executor-13] INFO  impl.RaftServerImpl (RaftServerImpl.java:setRole(170)) - dff63dcf-7fce-4ce6-ad31-95a0d63cd8f6@group-A5EF7322CF91: changes role from  FOLLOWER to FOLLOWER at term 1 for recognizeCandidate:170108b3-5d4e-4e11-a9fd-713fa59c7417
2019-10-03 14:12:43,464 [Thread-2429] INFO  impl.RoleInfo (RoleInfo.java:updateAndGet(143)) - 87021a7a-7870-4bcc-b2c9-52831b2ed097: start LeaderElection
2019-10-03 14:12:43,464 [grpc-default-executor-13] INFO  impl.RoleInfo (RoleInfo.java:shutdownFollowerState(121)) - dff63dcf-7fce-4ce6-ad31-95a0d63cd8f6: shutdown FollowerState
2019-10-03 14:12:43,464 [grpc-default-executor-13] INFO  impl.RoleInfo (RoleInfo.java:updateAndGet(143)) - dff63dcf-7fce-4ce6-ad31-95a0d63cd8f6: start FollowerState
2019-10-03 14:12:43,468 [Thread-2439] INFO  impl.FollowerState (FollowerState.java:run(117)) - dff63dcf-7fce-4ce6-ad31-95a0d63cd8f6@group-A5EF7322CF91-FollowerState was interrupted: java.lang.InterruptedException: sleep interrupted
2019-10-03 14:12:43,484 [170108b3-5d4e-4e11-a9fd-713fa59c7417@group-C6DCBE364946-SegmentedRaftLogWorker] INFO  segmented.SegmentedRaftLogWorker (SegmentedRaftLogWorker.java:execute(574)) - 170108b3-5d4e-4e11-a9fd-713fa59c7417@group-C6DCBE364946-SegmentedRaftLogWorker: created new log segment /workdir/hadoop-ozone/integration-test/target/test-dir/MiniOzoneClusterImpl-4ae2b488-2bb7-488a-85e2-f7ac6aadfb05/datanode-6/data/ratis/1afd84cd-d2bc-42d6-9f41-c6dcbe364946/current/log_inprogress_0
2019-10-03 14:12:43,484 [87021a7a-7870-4bcc-b2c9-52831b2ed097@group-7F339600FCF5-LeaderElection98] INFO  impl.LeaderElection (LeaderElection.java:askForVotes(178)) - 87021a7a-7870-4bcc-b2c9-52831b2ed097@group-7F339600FCF5-LeaderElection98: begin an election at term 1 for -1: [87021a7a-7870-4bcc-b2c9-52831b2ed097:192.168.30.9:41450], old=null
2019-10-03 14:12:43,485 [87021a7a-7870-4bcc-b2c9-52831b2ed097@group-7F339600FCF5-LeaderElection98] INFO  impl.RoleInfo (RoleInfo.java:shutdownLeaderElection(134)) - 87021a7a-7870-4bcc-b2c9-52831b2ed097: shutdown LeaderElection
2019-10-03 14:12:43,485 [87021a7a-7870-4bcc-b2c9-52831b2ed097@group-7F339600FCF5-LeaderElection98] INFO  impl.RaftServerImpl (RaftServerImpl.java:setRole(170)) - 87021a7a-7870-4bcc-b2c9-52831b2ed097@group-7F339600FCF5: changes role from CANDIDATE to LEADER at term 1 for changeToLeader
2019-10-03 14:12:43,485 [87021a7a-7870-4bcc-b2c9-52831b2ed097@group-7F339600FCF5-LeaderElection98] INFO  impl.RaftServerImpl (ServerState.java:setLeader(255)) - 87021a7a-7870-4bcc-b2c9-52831b2ed097@group-7F339600FCF5: change Leader from null to 87021a7a-7870-4bcc-b2c9-52831b2ed097 at term 1 for becomeLeader, leader elected after 5233ms
2019-10-03 14:12:43,485 [87021a7a-7870-4bcc-b2c9-52831b2ed097@group-7F339600FCF5-LeaderElection98] INFO  server.RaftServerConfigKeys (ConfUtils.java:logGet(43)) - raft.server.staging.catchup.gap = 1000 (default)
2019-10-03 14:12:43,485 [87021a7a-7870-4bcc-b2c9-52831b2ed097@group-7F339600FCF5-LeaderElection98] INFO  server.RaftServerConfigKeys (ConfUtils.java:logGet(43)) - raft.server.rpc.sleep.time = 25ms (default)
2019-10-03 14:12:43,485 [170108b3-5d4e-4e11-a9fd-713fa59c7417@group-A5EF7322CF91-LeaderElection97] INFO  impl.LeaderElection (LeaderElection.java:logAndReturn(56)) - 170108b3-5d4e-4e11-a9fd-713fa59c7417@group-A5EF7322CF91-LeaderElection97: Election PASSED; received 1 response(s) [170108b3-5d4e-4e11-a9fd-713fa59c7417<-87021a7a-7870-4bcc-b2c9-52831b2ed097#0:OK-t1] and 0 exception(s); 170108b3-5d4e-4e11-a9fd-713fa59c7417@group-A5EF7322CF91:t1, leader=null, voted=170108b3-5d4e-4e11-a9fd-713fa59c7417, raftlog=170108b3-5d4e-4e11-a9fd-713fa59c7417@group-A5EF7322CF91-SegmentedRaftLog:OPENED:c-1,f-1,i0, conf=-1: [dff63dcf-7fce-4ce6-ad31-95a0d63cd8f6:192.168.30.9:39593, 170108b3-5d4e-4e11-a9fd-713fa59c7417:192.168.30.9:41835, 87021a7a-7870-4bcc-b2c9-52831b2ed097:192.168.30.9:41450], old=null
2019-10-03 14:12:43,485 [87021a7a-7870-4bcc-b2c9-52831b2ed097@group-7F339600FCF5-LeaderElection98] INFO  server.RaftServerConfigKeys (ConfUtils.java:logGet(43)) - raft.server.write.element-limit = 4096 (default)
2019-10-03 14:12:43,486 [170108b3-5d4e-4e11-a9fd-713fa59c7417@group-A5EF7322CF91-LeaderElection97] INFO  impl.RoleInfo (RoleInfo.java:shutdownLeaderElection(134)) - 170108b3-5d4e-4e11-a9fd-713fa59c7417: shutdown LeaderElection
2019-10-03 14:12:43,486 [87021a7a-7870-4bcc-b2c9-52831b2ed097@group-7F339600FCF5-LeaderElection98] INFO  server.RaftServerConfigKeys (ConfUtils.java:logGet(43)) - raft.server.watch.timeout = 10s (default)
2019-10-03 14:12:43,486 [170108b3-5d4e-4e11-a9fd-713fa59c7417@group-A5EF7322CF91-LeaderElection97] INFO  impl.RaftServerImpl (RaftServerImpl.java:setRole(170)) - 170108b3-5d4e-4e11-a9fd-713fa59c7417@group-A5EF7322CF91: changes role from CANDIDATE to LEADER at term 1 for changeToLeader
2019-10-03 14:12:43,486 [87021a7a-7870-4bcc-b2c9-52831b2ed097@group-7F339600FCF5-LeaderElection98] INFO  server.RaftServerConfigKeys (ConfUtils.java:logGet(43)) - raft.server.watch.timeout.denomination = 1s (default)
2019-10-03 14:12:43,486 [170108b3-5d4e-4e11-a9fd-713fa59c7417@group-A5EF7322CF91-LeaderElection97] INFO  impl.RaftServerImpl (ServerState.java:setLeader(255)) - 170108b3-5d4e-4e11-a9fd-713fa59c7417@group-A5EF7322CF91: change Leader from null to 170108b3-5d4e-4e11-a9fd-713fa59c7417 at term 1 for becomeLeader, leader elected after 5132ms
2019-10-03 14:12:43,486 [87021a7a-7870-4bcc-b2c9-52831b2ed097@group-7F339600FCF5-LeaderElection98] INFO  server.RaftServerConfigKeys (ConfUtils.java:logGet(43)) - raft.server.watch.element-limit = 65536 (default)
2019-10-03 14:12:43,487 [170108b3-5d4e-4e11-a9fd-713fa59c7417@group-A5EF7322CF91-LeaderElection97] INFO  server.RaftServerConfigKeys (ConfUtils.java:logGet(43)) - raft.server.staging.catchup.gap = 1000 (default)
2019-10-03 14:12:43,487 [170108b3-5d4e-4e11-a9fd-713fa59c7417@group-A5EF7322CF91-LeaderElection97] INFO  server.RaftServerConfigKeys (ConfUtils.java:logGet(43)) - raft.server.rpc.sleep.time = 25ms (default)
2019-10-03 14:12:43,487 [170108b3-5d4e-4e11-a9fd-713fa59c7417@group-A5EF7322CF91-LeaderElection97] INFO  server.RaftServerConfigKeys (ConfUtils.java:logGet(43)) - raft.server.write.element-limit = 4096 (default)
2019-10-03 14:12:43,487 [170108b3-5d4e-4e11-a9fd-713fa59c7417@group-A5EF7322CF91-LeaderElection97] INFO  server.RaftServerConfigKeys (ConfUtils.java:logGet(43)) - raft.server.watch.timeout = 10s (default)
2019-10-03 14:12:43,487 [170108b3-5d4e-4e11-a9fd-713fa59c7417@group-A5EF7322CF91-LeaderElection97] INFO  server.RaftServerConfigKeys (ConfUtils.java:logGet(43)) - raft.server.watch.timeout.denomination = 1s (default)
2019-10-03 14:12:43,487 [170108b3-5d4e-4e11-a9fd-713fa59c7417@group-A5EF7322CF91-LeaderElection97] INFO  server.RaftServerConfigKeys (ConfUtils.java:logGet(43)) - raft.server.watch.element-limit = 65536 (default)
2019-10-03 14:12:43,489 [87021a7a-7870-4bcc-b2c9-52831b2ed097@group-7F339600FCF5-LeaderElection98] INFO  impl.RoleInfo (RoleInfo.java:updateAndGet(143)) - 87021a7a-7870-4bcc-b2c9-52831b2ed097: start LeaderState
2019-10-03 14:12:43,489 [87021a7a-7870-4bcc-b2c9-52831b2ed097@group-7F339600FCF5-LeaderElection98] INFO  segmented.SegmentedRaftLogWorker (SegmentedRaftLogWorker.java:startLogSegment(385)) - 87021a7a-7870-4bcc-b2c9-52831b2ed097@group-7F339600FCF5-SegmentedRaftLogWorker: Starting segment from index:0
2019-10-03 14:12:43,489 [87021a7a-7870-4bcc-b2c9-52831b2ed097@group-7F339600FCF5-LeaderElection98] INFO  impl.RaftServerImpl (ServerState.java:setRaftConf(356)) - 87021a7a-7870-4bcc-b2c9-52831b2ed097@group-7F339600FCF5: set configuration 0: [87021a7a-7870-4bcc-b2c9-52831b2ed097:192.168.30.9:41450], old=null at 0
2019-10-03 14:12:43,490 [170108b3-5d4e-4e11-a9fd-713fa59c7417@group-A5EF7322CF91-LeaderElection97] INFO  server.RaftServerConfigKeys (ConfUtils.java:logGet(43)) - raft.server.log.appender.snapshot.chunk.size.max = 16MB (=16777216) (default)
2019-10-03 14:12:43,490 [170108b3-5d4e-4e11-a9fd-713fa59c7417@group-A5EF7322CF91-LeaderElection97] INFO  server.RaftServerConfigKeys (ConfUtils.java:logGet(43)) - raft.server.log.appender.buffer.byte-limit = 33554432 (custom)
2019-10-03 14:12:43,490 [170108b3-5d4e-4e11-a9fd-713fa59c7417@group-A5EF7322CF91-LeaderElection97] INFO  server.RaftServerConfigKeys (ConfUtils.java:logGet(43)) - raft.server.log.appender.buffer.element-limit = 1 (custom)
2019-10-03 14:12:43,490 [170108b3-5d4e-4e11-a9fd-713fa59c7417@group-A5EF7322CF91-LeaderElection97] INFO  grpc.GrpcConfigKeys$Server (ConfUtils.java:logGet(43)) - raft.grpc.server.leader.outstanding.appends.max = 128 (default)
2019-10-03 14:12:43,490 [170108b3-5d4e-4e11-a9fd-713fa59c7417@group-A5EF7322CF91-LeaderElection97] INFO  server.RaftServerConfigKeys (ConfUtils.java:logGet(43)) - raft.server.rpc.request.timeout = 3000ms (default)
2019-10-03 14:12:43,491 [170108b3-5d4e-4e11-a9fd-713fa59c7417@group-A5EF7322CF91-LeaderElection97] INFO  server.RaftServerConfigKeys (ConfUtils.java:logGet(43)) - raft.server.log.appender.install.snapshot.enabled = false (custom)
2019-10-03 14:12:43,491 [170108b3-5d4e-4e11-a9fd-713fa59c7417@group-A5EF7322CF91-LeaderElection97] INFO  server.RaftServerConfigKeys (ConfUtils.java:logGet(43)) - raft.server.log.appender.snapshot.chunk.size.max = 16MB (=16777216) (default)
2019-10-03 14:12:43,491 [170108b3-5d4e-4e11-a9fd-713fa59c7417@group-A5EF7322CF91-LeaderElection97] INFO  server.RaftServerConfigKeys (ConfUtils.java:logGet(43)) - raft.server.log.appender.buffer.byte-limit = 33554432 (custom)
2019-10-03 14:12:43,491 [170108b3-5d4e-4e11-a9fd-713fa59c7417@group-A5EF7322CF91-LeaderElection97] INFO  server.RaftServerConfigKeys (ConfUtils.java:logGet(43)) - raft.server.log.appender.buffer.element-limit = 1 (custom)
2019-10-03 14:12:43,491 [170108b3-5d4e-4e11-a9fd-713fa59c7417@group-A5EF7322CF91-LeaderElection97] INFO  grpc.GrpcConfigKeys$Server (ConfUtils.java:logGet(43)) - raft.grpc.server.leader.outstanding.appends.max = 128 (default)
2019-10-03 14:12:43,492 [170108b3-5d4e-4e11-a9fd-713fa59c7417@group-A5EF7322CF91-LeaderElection97] INFO  server.RaftServerConfigKeys (ConfUtils.java:logGet(43)) - raft.server.rpc.request.timeout = 3000ms (default)
2019-10-03 14:12:43,492 [170108b3-5d4e-4e11-a9fd-713fa59c7417@group-A5EF7322CF91-LeaderElection97] INFO  server.RaftServerConfigKeys (ConfUtils.java:logGet(43)) - raft.server.log.appender.install.snapshot.enabled = false (custom)
2019-10-03 14:12:43,492 [170108b3-5d4e-4e11-a9fd-713fa59c7417@group-A5EF7322CF91-LeaderElection97] INFO  impl.RoleInfo (RoleInfo.java:updateAndGet(143)) - 170108b3-5d4e-4e11-a9fd-713fa59c7417: start LeaderState
2019-10-03 14:12:43,492 [170108b3-5d4e-4e11-a9fd-713fa59c7417@group-A5EF7322CF91-LeaderElection97] INFO  segmented.SegmentedRaftLogWorker (SegmentedRaftLogWorker.java:startLogSegment(385)) - 170108b3-5d4e-4e11-a9fd-713fa59c7417@group-A5EF7322CF91-SegmentedRaftLogWorker: Starting segment from index:0
2019-10-03 14:12:43,493 [170108b3-5d4e-4e11-a9fd-713fa59c7417@group-A5EF7322CF91-LeaderElection97] INFO  impl.RaftServerImpl (ServerState.java:setRaftConf(356)) - 170108b3-5d4e-4e11-a9fd-713fa59c7417@group-A5EF7322CF91: set configuration 0: [dff63dcf-7fce-4ce6-ad31-95a0d63cd8f6:192.168.30.9:39593, 170108b3-5d4e-4e11-a9fd-713fa59c7417:192.168.30.9:41835, 87021a7a-7870-4bcc-b2c9-52831b2ed097:192.168.30.9:41450], old=null at 0
2019-10-03 14:12:43,532 [grpc-default-executor-6] INFO  impl.RaftServerImpl (ServerState.java:setLeader(255)) - dff63dcf-7fce-4ce6-ad31-95a0d63cd8f6@group-A5EF7322CF91: change Leader from null to 170108b3-5d4e-4e11-a9fd-713fa59c7417 at term 1 for appendEntries, leader elected after 5178ms
2019-10-03 14:12:43,532 [grpc-default-executor-13] INFO  impl.RaftServerImpl (ServerState.java:setLeader(255)) - 87021a7a-7870-4bcc-b2c9-52831b2ed097@group-A5EF7322CF91: change Leader from null to 170108b3-5d4e-4e11-a9fd-713fa59c7417 at term 1 for appendEntries, leader elected after 5177ms
2019-10-03 14:12:43,540 [grpc-default-executor-6] INFO  impl.RaftServerImpl (ServerState.java:setRaftConf(356)) - dff63dcf-7fce-4ce6-ad31-95a0d63cd8f6@group-A5EF7322CF91: set configuration 0: [dff63dcf-7fce-4ce6-ad31-95a0d63cd8f6:192.168.30.9:39593, 170108b3-5d4e-4e11-a9fd-713fa59c7417:192.168.30.9:41835, 87021a7a-7870-4bcc-b2c9-52831b2ed097:192.168.30.9:41450], old=null at 0
2019-10-03 14:12:43,541 [grpc-default-executor-6] INFO  segmented.SegmentedRaftLogWorker (SegmentedRaftLogWorker.java:startLogSegment(385)) - dff63dcf-7fce-4ce6-ad31-95a0d63cd8f6@group-A5EF7322CF91-SegmentedRaftLogWorker: Starting segment from index:0
2019-10-03 14:12:43,541 [grpc-default-executor-0] INFO  impl.RaftServerImpl (ServerState.java:setRaftConf(356)) - 87021a7a-7870-4bcc-b2c9-52831b2ed097@group-A5EF7322CF91: set configuration 0: [dff63dcf-7fce-4ce6-ad31-95a0d63cd8f6:192.168.30.9:39593, 170108b3-5d4e-4e11-a9fd-713fa59c7417:192.168.30.9:41835, 87021a7a-7870-4bcc-b2c9-52831b2ed097:192.168.30.9:41450], old=null at 0
2019-10-03 14:12:43,541 [grpc-default-executor-0] INFO  segmented.SegmentedRaftLogWorker (SegmentedRaftLogWorker.java:startLogSegment(385)) - 87021a7a-7870-4bcc-b2c9-52831b2ed097@group-A5EF7322CF91-SegmentedRaftLogWorker: Starting segment from index:0
2019-10-03 14:12:43,560 [170108b3-5d4e-4e11-a9fd-713fa59c7417@group-A5EF7322CF91-SegmentedRaftLogWorker] INFO  segmented.SegmentedRaftLogWorker (SegmentedRaftLogWorker.java:execute(574)) - 170108b3-5d4e-4e11-a9fd-713fa59c7417@group-A5EF7322CF91-SegmentedRaftLogWorker: created new log segment /workdir/hadoop-ozone/integration-test/target/test-dir/MiniOzoneClusterImpl-4ae2b488-2bb7-488a-85e2-f7ac6aadfb05/datanode-6/data/ratis/b8e0ca5b-2fe1-4c89-9ba5-a5ef7322cf91/current/log_inprogress_0
2019-10-03 14:12:43,560 [87021a7a-7870-4bcc-b2c9-52831b2ed097@group-7F339600FCF5-SegmentedRaftLogWorker] INFO  segmented.SegmentedRaftLogWorker (SegmentedRaftLogWorker.java:execute(574)) - 87021a7a-7870-4bcc-b2c9-52831b2ed097@group-7F339600FCF5-SegmentedRaftLogWorker: created new log segment /workdir/hadoop-ozone/integration-test/target/test-dir/MiniOzoneClusterImpl-4ae2b488-2bb7-488a-85e2-f7ac6aadfb05/datanode-5/data/ratis/8b552a66-d826-4598-abcc-7f339600fcf5/current/log_inprogress_0
2019-10-03 14:12:43,609 [87021a7a-7870-4bcc-b2c9-52831b2ed097@group-A5EF7322CF91-SegmentedRaftLogWorker] INFO  segmented.SegmentedRaftLogWorker (SegmentedRaftLogWorker.java:execute(574)) - 87021a7a-7870-4bcc-b2c9-52831b2ed097@group-A5EF7322CF91-SegmentedRaftLogWorker: created new log segment /workdir/hadoop-ozone/integration-test/target/test-dir/MiniOzoneClusterImpl-4ae2b488-2bb7-488a-85e2-f7ac6aadfb05/datanode-5/data/ratis/b8e0ca5b-2fe1-4c89-9ba5-a5ef7322cf91/current/log_inprogress_0
2019-10-03 14:12:43,609 [dff63dcf-7fce-4ce6-ad31-95a0d63cd8f6@group-A5EF7322CF91-SegmentedRaftLogWorker] INFO  segmented.SegmentedRaftLogWorker (SegmentedRaftLogWorker.java:execute(574)) - dff63dcf-7fce-4ce6-ad31-95a0d63cd8f6@group-A5EF7322CF91-SegmentedRaftLogWorker: created new log segment /workdir/hadoop-ozone/integration-test/target/test-dir/MiniOzoneClusterImpl-4ae2b488-2bb7-488a-85e2-f7ac6aadfb05/datanode-4/data/ratis/b8e0ca5b-2fe1-4c89-9ba5-a5ef7322cf91/current/log_inprogress_0
2019-10-03 14:12:44,761 [Datanode State Machine Thread - 0] INFO  statemachine.DatanodeStateMachine (DatanodeStateMachine.java:lambda$startDaemon$0(350)) - Ozone container server started.
2019-10-03 14:12:48,765 [main] INFO  ozoneimpl.OzoneContainer (OzoneContainer.java:stop(231)) - Attempting to stop container services.
2019-10-03 14:12:48,767 [main] INFO  impl.RaftServerProxy (RaftServerProxy.java:lambda$close$4(314)) - 96bff13a-fe0b-48f4-92ef-20e30879139a: close
2019-10-03 14:12:48,768 [main] INFO  impl.RaftServerImpl (RaftServerImpl.java:lambda$shutdown$3(247)) - 96bff13a-fe0b-48f4-92ef-20e30879139a@group-5E4C6CA4D369: shutdown
2019-10-03 14:12:48,768 [main] INFO  util.JmxRegister (JmxRegister.java:unregister(73)) - Successfully un-registered JMX Bean with object name Ratis:service=RaftServer,group=group-5E4C6CA4D369,id=96bff13a-fe0b-48f4-92ef-20e30879139a
2019-10-03 14:12:48,768 [main] INFO  impl.RoleInfo (RoleInfo.java:shutdownLeaderState(104)) - 96bff13a-fe0b-48f4-92ef-20e30879139a: shutdown LeaderState
2019-10-03 14:12:48,769 [main] INFO  impl.PendingRequests (PendingRequests.java:sendNotLeaderResponses(202)) - 96bff13a-fe0b-48f4-92ef-20e30879139a@group-5E4C6CA4D369-PendingRequests: sendNotLeaderResponses
2019-10-03 14:12:48,770 [main] INFO  impl.StateMachineUpdater (StateMachineUpdater.java:stopAndJoin(136)) - 96bff13a-fe0b-48f4-92ef-20e30879139a@group-5E4C6CA4D369-StateMachineUpdater: set stopIndex = 0
2019-10-03 14:12:48,770 [main] INFO  impl.RaftServerImpl (ServerState.java:close(387)) - 96bff13a-fe0b-48f4-92ef-20e30879139a@group-5E4C6CA4D369: closes. applyIndex: 0
2019-10-03 14:12:48,771 [96bff13a-fe0b-48f4-92ef-20e30879139a@group-5E4C6CA4D369-SegmentedRaftLogWorker] INFO  segmented.SegmentedRaftLogWorker (SegmentedRaftLogWorker.java:run(316)) - 96bff13a-fe0b-48f4-92ef-20e30879139a@group-5E4C6CA4D369-SegmentedRaftLogWorker was interrupted, exiting. There are 0 tasks remaining in the queue.
2019-10-03 14:12:48,779 [main] INFO  segmented.SegmentedRaftLogWorker (SegmentedRaftLogWorker.java:close(224)) - 96bff13a-fe0b-48f4-92ef-20e30879139a@group-5E4C6CA4D369-SegmentedRaftLogWorker close()
2019-10-03 14:12:48,785 [main] INFO  impl.RaftServerImpl (RaftServerImpl.java:lambda$shutdown$3(247)) - 96bff13a-fe0b-48f4-92ef-20e30879139a@group-D2FD727667B1: shutdown
2019-10-03 14:12:48,785 [main] INFO  util.JmxRegister (JmxRegister.java:unregister(73)) - Successfully un-registered JMX Bean with object name Ratis:service=RaftServer,group=group-D2FD727667B1,id=96bff13a-fe0b-48f4-92ef-20e30879139a
2019-10-03 14:12:48,786 [main] INFO  impl.RoleInfo (RoleInfo.java:shutdownLeaderState(104)) - 96bff13a-fe0b-48f4-92ef-20e30879139a: shutdown LeaderState
2019-10-03 14:12:48,791 [main] INFO  impl.PendingRequests (PendingRequests.java:sendNotLeaderResponses(202)) - 96bff13a-fe0b-48f4-92ef-20e30879139a@group-D2FD727667B1-PendingRequests: sendNotLeaderResponses
2019-10-03 14:12:48,791 [org.apache.ratis.server.impl.LogAppender$AppenderDaemon$$Lambda$428/1772970880@1e8cd421] WARN  server.GrpcLogAppender (GrpcLogAppender.java:mayWait(143)) - 96bff13a-fe0b-48f4-92ef-20e30879139a@group-D2FD727667B1->33f0138b-7ee0-4f04-affd-7ef231342dec-GrpcLogAppender: Wait interrupted by java.lang.InterruptedException
2019-10-03 14:12:48,791 [org.apache.ratis.server.impl.LogAppender$AppenderDaemon$$Lambda$428/1772970880@7e4869ae] WARN  server.GrpcLogAppender (GrpcLogAppender.java:mayWait(143)) - 96bff13a-fe0b-48f4-92ef-20e30879139a@group-D2FD727667B1->aa2a9927-e312-4029-bc90-37bb3b062001-GrpcLogAppender: Wait interrupted by java.lang.InterruptedException
2019-10-03 14:12:48,803 [main] INFO  impl.StateMachineUpdater (StateMachineUpdater.java:stopAndJoin(136)) - 96bff13a-fe0b-48f4-92ef-20e30879139a@group-D2FD727667B1-StateMachineUpdater: set stopIndex = 2
2019-10-03 14:12:48,804 [96bff13a-fe0b-48f4-92ef-20e30879139a@group-D2FD727667B1-StateMachineUpdater] INFO  ratis.ContainerStateMachine (ContainerStateMachine.java:takeSnapshot(293)) - group-D2FD727667B1: Taking a snapshot at:(t:1, i:2) file /workdir/hadoop-ozone/integration-test/target/test-dir/MiniOzoneClusterImpl-4ae2b488-2bb7-488a-85e2-f7ac6aadfb05/datanode-2/data/ratis/e4440e51-e6fe-4303-95f5-d2fd727667b1/sm/snapshot.1_2
2019-10-03 14:12:48,804 [grpc-default-executor-0] INFO  server.GrpcServerProtocolService (GrpcServerProtocolService.java:onCompleted(113)) - aa2a9927-e312-4029-bc90-37bb3b062001: Completed APPEND_ENTRIES, lastRequest: 96bff13a-fe0b-48f4-92ef-20e30879139a->aa2a9927-e312-4029-bc90-37bb3b062001#5-t1, previous=(t:1, i:2), leaderCommit=2, initializing? false, entries: <empty>
2019-10-03 14:12:48,805 [grpc-default-executor-13] INFO  server.GrpcServerProtocolService (GrpcServerProtocolService.java:onCompleted(113)) - 33f0138b-7ee0-4f04-affd-7ef231342dec: Completed APPEND_ENTRIES, lastRequest: 96bff13a-fe0b-48f4-92ef-20e30879139a->33f0138b-7ee0-4f04-affd-7ef231342dec#5-t1, previous=(t:1, i:2), leaderCommit=2, initializing? false, entries: <empty>
2019-10-03 14:12:48,805 [grpc-default-executor-13] INFO  server.GrpcLogAppender (GrpcLogAppender.java:onCompleted(293)) - 96bff13a-fe0b-48f4-92ef-20e30879139a@group-D2FD727667B1->aa2a9927-e312-4029-bc90-37bb3b062001-AppendLogResponseHandler: follower responses appendEntries COMPLETED
2019-10-03 14:12:48,805 [grpc-default-executor-6] INFO  server.GrpcLogAppender (GrpcLogAppender.java:onCompleted(293)) - 96bff13a-fe0b-48f4-92ef-20e30879139a@group-D2FD727667B1->33f0138b-7ee0-4f04-affd-7ef231342dec-AppendLogResponseHandler: follower responses appendEntries COMPLETED
2019-10-03 14:12:48,807 [grpc-default-executor-13] INFO  impl.FollowerInfo (FollowerInfo.java:lambda$new$0(51)) - 96bff13a-fe0b-48f4-92ef-20e30879139a@group-D2FD727667B1->aa2a9927-e312-4029-bc90-37bb3b062001: nextIndex: updateUnconditionally 3 -> 2
2019-10-03 14:12:48,807 [grpc-default-executor-6] INFO  impl.FollowerInfo (FollowerInfo.java:lambda$new$0(51)) - 96bff13a-fe0b-48f4-92ef-20e30879139a@group-D2FD727667B1->33f0138b-7ee0-4f04-affd-7ef231342dec: nextIndex: updateUnconditionally 3 -> 2
2019-10-03 14:12:48,827 [96bff13a-fe0b-48f4-92ef-20e30879139a@group-D2FD727667B1-StateMachineUpdater] INFO  ratis.ContainerStateMachine (ContainerStateMachine.java:takeSnapshot(304)) - group-D2FD727667B1: Finished taking a snapshot at:(t:1, i:2) file:/workdir/hadoop-ozone/integration-test/target/test-dir/MiniOzoneClusterImpl-4ae2b488-2bb7-488a-85e2-f7ac6aadfb05/datanode-2/data/ratis/e4440e51-e6fe-4303-95f5-d2fd727667b1/sm/snapshot.1_2 time:23
2019-10-03 14:12:48,828 [96bff13a-fe0b-48f4-92ef-20e30879139a@group-D2FD727667B1-StateMachineUpdater] INFO  impl.StateMachineUpdater (StateMachineUpdater.java:takeSnapshot(269)) - 96bff13a-fe0b-48f4-92ef-20e30879139a@group-D2FD727667B1-StateMachineUpdater: Took a snapshot at index 2
2019-10-03 14:12:48,828 [96bff13a-fe0b-48f4-92ef-20e30879139a@group-D2FD727667B1-StateMachineUpdater] INFO  impl.StateMachineUpdater (StateMachineUpdater.java:lambda$new$0(84)) - 96bff13a-fe0b-48f4-92ef-20e30879139a@group-D2FD727667B1-StateMachineUpdater: snapshotIndex: updateIncreasingly -1 -> 2
2019-10-03 14:12:48,828 [main] INFO  impl.RaftServerImpl (ServerState.java:close(387)) - 96bff13a-fe0b-48f4-92ef-20e30879139a@group-D2FD727667B1: closes. applyIndex: 2
2019-10-03 14:12:48,829 [96bff13a-fe0b-48f4-92ef-20e30879139a@group-D2FD727667B1-SegmentedRaftLogWorker] INFO  segmented.SegmentedRaftLogWorker (SegmentedRaftLogWorker.java:run(316)) - 96bff13a-fe0b-48f4-92ef-20e30879139a@group-D2FD727667B1-SegmentedRaftLogWorker was interrupted, exiting. There are 0 tasks remaining in the queue.
2019-10-03 14:12:48,832 [main] INFO  segmented.SegmentedRaftLogWorker (SegmentedRaftLogWorker.java:close(224)) - 96bff13a-fe0b-48f4-92ef-20e30879139a@group-D2FD727667B1-SegmentedRaftLogWorker close()
2019-10-03 14:12:48,838 [main] INFO  server.GrpcService (GrpcService.java:closeImpl(164)) - 96bff13a-fe0b-48f4-92ef-20e30879139a: shutdown server with port 34611 now
2019-10-03 14:12:48,838 [main] INFO  server.GrpcService (GrpcService.java:closeImpl(172)) - 96bff13a-fe0b-48f4-92ef-20e30879139a: shutdown server with port 34611 successfully
2019-10-03 14:12:48,841 [refreshUsed-/workdir/hadoop-ozone/integration-test/target/test-dir/MiniOzoneClusterImpl-4ae2b488-2bb7-488a-85e2-f7ac6aadfb05/datanode-2/data/containers] WARN  fs.CachingGetSpaceUsed (CachingGetSpaceUsed.java:run(183)) - Thread Interrupted waiting to refresh disk information: sleep interrupted
2019-10-03 14:12:48,868 [main] INFO  utils.BackgroundService (BackgroundService.java:shutdown(148)) - Shutting down service BlockDeletingService
2019-10-03 14:12:48,876 [main] INFO  statemachine.DatanodeStateMachine (DatanodeStateMachine.java:stopDaemon(395)) - Ozone container server stopped.
2019-10-03 14:12:51,507 [main] INFO  handler.ContextHandler (ContextHandler.java:doStop(910)) - Stopped o.e.j.w.WebAppContext@6d7ad0f5{/,null,UNAVAILABLE}{/hddsDatanode}
2019-10-03 14:12:51,509 [main] INFO  server.AbstractConnector (AbstractConnector.java:doStop(318)) - Stopped ServerConnector@30abf79c{HTTP/1.1,[http/1.1]}{0.0.0.0:0}
2019-10-03 14:12:51,509 [main] INFO  handler.ContextHandler (ContextHandler.java:doStop(910)) - Stopped o.e.j.s.ServletContextHandler@cdb3c85{/static,jar:file:/home/user/.m2/repository/org/apache/hadoop/hadoop-hdds-container-service/0.5.0-SNAPSHOT/hadoop-hdds-container-service-0.5.0-SNAPSHOT.jar!/webapps/static,UNAVAILABLE}
2019-10-03 14:12:51,511 [main] INFO  handler.ContextHandler (ContextHandler.java:doStop(910)) - Stopped o.e.j.s.ServletContextHandler@20349058{/logs,file:///workdir/hadoop-ozone/integration-test/target/log,UNAVAILABLE}
2019-10-03 14:12:58,501 [Thread-2463] INFO  impl.FollowerState (FollowerState.java:run(108)) - 33f0138b-7ee0-4f04-affd-7ef231342dec@group-D2FD727667B1-FollowerState: change to CANDIDATE, lastRpcTime:9909ms, electionTimeout:5141ms
2019-10-03 14:12:58,502 [Thread-2463] INFO  impl.RoleInfo (RoleInfo.java:shutdownFollowerState(121)) - 33f0138b-7ee0-4f04-affd-7ef231342dec: shutdown FollowerState
2019-10-03 14:12:58,502 [Thread-2463] INFO  impl.RaftServerImpl (RaftServerImpl.java:setRole(170)) - 33f0138b-7ee0-4f04-affd-7ef231342dec@group-D2FD727667B1: changes role from  FOLLOWER to CANDIDATE at term 1 for changeToCandidate
2019-10-03 14:12:58,502 [Thread-2463] INFO  impl.RoleInfo (RoleInfo.java:updateAndGet(143)) - 33f0138b-7ee0-4f04-affd-7ef231342dec: start LeaderElection
2019-10-03 14:12:58,503 [33f0138b-7ee0-4f04-affd-7ef231342dec@group-D2FD727667B1-LeaderElection99] INFO  impl.RaftServerImpl (ServerState.java:setLeader(255)) - 33f0138b-7ee0-4f04-affd-7ef231342dec@group-D2FD727667B1: change Leader from 96bff13a-fe0b-48f4-92ef-20e30879139a to null at term 1 for initElection
2019-10-03 14:12:58,519 [33f0138b-7ee0-4f04-affd-7ef231342dec@group-D2FD727667B1-LeaderElection99] INFO  impl.LeaderElection (LeaderElection.java:askForVotes(178)) - 33f0138b-7ee0-4f04-affd-7ef231342dec@group-D2FD727667B1-LeaderElection99: begin an election at term 2 for 0: [96bff13a-fe0b-48f4-92ef-20e30879139a:192.168.30.9:34611, 33f0138b-7ee0-4f04-affd-7ef231342dec:192.168.30.9:44752, aa2a9927-e312-4029-bc90-37bb3b062001:192.168.30.9:36508], old=null
2019-10-03 14:12:58,524 [33f0138b-7ee0-4f04-affd-7ef231342dec@group-D2FD727667B1-LeaderElection99] INFO  impl.LeaderElection (LogUtils.java:infoOrTrace(149)) - 33f0138b-7ee0-4f04-affd-7ef231342dec@group-D2FD727667B1-LeaderElection99 got exception when requesting votes: {}
java.util.concurrent.ExecutionException: org.apache.ratis.thirdparty.io.grpc.StatusRuntimeException: UNAVAILABLE: io exception
	at java.util.concurrent.FutureTask.report(FutureTask.java:122)
	at java.util.concurrent.FutureTask.get(FutureTask.java:192)
	at org.apache.ratis.server.impl.LeaderElection.waitForResults(LeaderElection.java:259)
	at org.apache.ratis.server.impl.LeaderElection.askForVotes(LeaderElection.java:197)
	at org.apache.ratis.server.impl.LeaderElection.run(LeaderElection.java:133)
	at java.lang.Thread.run(Thread.java:748)
Caused by: org.apache.ratis.thirdparty.io.grpc.StatusRuntimeException: UNAVAILABLE: io exception
	at org.apache.ratis.thirdparty.io.grpc.stub.ClientCalls.toStatusRuntimeException(ClientCalls.java:233)
	at org.apache.ratis.thirdparty.io.grpc.stub.ClientCalls.getUnchecked(ClientCalls.java:214)
	at org.apache.ratis.thirdparty.io.grpc.stub.ClientCalls.blockingUnaryCall(ClientCalls.java:139)
	at org.apache.ratis.proto.grpc.RaftServerProtocolServiceGrpc$RaftServerProtocolServiceBlockingStub.requestVote(RaftServerProtocolServiceGrpc.java:265)
	at org.apache.ratis.grpc.server.GrpcServerProtocolClient.requestVote(GrpcServerProtocolClient.java:99)
	at org.apache.ratis.grpc.server.GrpcService.requestVote(GrpcService.java:204)
	at org.apache.ratis.server.impl.LeaderElection.lambda$submitRequests$1(LeaderElection.java:234)
	at java.util.concurrent.FutureTask.run(FutureTask.java:266)
	at java.util.concurrent.Executors$RunnableAdapter.call(Executors.java:511)
	at java.util.concurrent.FutureTask.run(FutureTask.java:266)
	at java.util.concurrent.ThreadPoolExecutor.runWorker(ThreadPoolExecutor.java:1149)
	at java.util.concurrent.ThreadPoolExecutor$Worker.run(ThreadPoolExecutor.java:624)
	... 1 more
Caused by: org.apache.ratis.thirdparty.io.netty.channel.AbstractChannel$AnnotatedConnectException: Connection refused: /192.168.30.9:34611
	at sun.nio.ch.SocketChannelImpl.checkConnect(Native Method)
	at sun.nio.ch.SocketChannelImpl.finishConnect(SocketChannelImpl.java:717)
	at org.apache.ratis.thirdparty.io.netty.channel.socket.nio.NioSocketChannel.doFinishConnect(NioSocketChannel.java:327)
	at org.apache.ratis.thirdparty.io.netty.channel.nio.AbstractNioChannel$AbstractNioUnsafe.finishConnect(AbstractNioChannel.java:340)
	at org.apache.ratis.thirdparty.io.netty.channel.nio.NioEventLoop.processSelectedKey(NioEventLoop.java:632)
	at org.apache.ratis.thirdparty.io.netty.channel.nio.NioEventLoop.processSelectedKeysOptimized(NioEventLoop.java:579)
	at org.apache.ratis.thirdparty.io.netty.channel.nio.NioEventLoop.processSelectedKeys(NioEventLoop.java:496)
	at org.apache.ratis.thirdparty.io.netty.channel.nio.NioEventLoop.run(NioEventLoop.java:458)
	at org.apache.ratis.thirdparty.io.netty.util.concurrent.SingleThreadEventExecutor$5.run(SingleThreadEventExecutor.java:897)
	at org.apache.ratis.thirdparty.io.netty.util.concurrent.FastThreadLocalRunnable.run(FastThreadLocalRunnable.java:30)
	... 1 more
Caused by: java.net.ConnectException: Connection refused
	... 11 more
2019-10-03 14:12:58,526 [grpc-default-executor-6] INFO  impl.RaftServerImpl (ServerState.java:setLeader(255)) - aa2a9927-e312-4029-bc90-37bb3b062001@group-D2FD727667B1: change Leader from 96bff13a-fe0b-48f4-92ef-20e30879139a to null at term 2 for updateCurrentTerm
2019-10-03 14:12:58,527 [grpc-default-executor-6] INFO  impl.RaftServerImpl (RaftServerImpl.java:setRole(170)) - aa2a9927-e312-4029-bc90-37bb3b062001@group-D2FD727667B1: changes role from  FOLLOWER to FOLLOWER at term 2 for recognizeCandidate:33f0138b-7ee0-4f04-affd-7ef231342dec
2019-10-03 14:12:58,527 [grpc-default-executor-6] INFO  impl.RoleInfo (RoleInfo.java:shutdownFollowerState(121)) - aa2a9927-e312-4029-bc90-37bb3b062001: shutdown FollowerState
2019-10-03 14:12:58,527 [grpc-default-executor-6] INFO  impl.RoleInfo (RoleInfo.java:updateAndGet(143)) - aa2a9927-e312-4029-bc90-37bb3b062001: start FollowerState
2019-10-03 14:12:58,527 [Thread-2462] INFO  impl.FollowerState (FollowerState.java:run(117)) - aa2a9927-e312-4029-bc90-37bb3b062001@group-D2FD727667B1-FollowerState was interrupted: java.lang.InterruptedException: sleep interrupted
2019-10-03 14:12:58,544 [33f0138b-7ee0-4f04-affd-7ef231342dec@group-D2FD727667B1-LeaderElection99] INFO  impl.LeaderElection (LeaderElection.java:logAndReturn(56)) - 33f0138b-7ee0-4f04-affd-7ef231342dec@group-D2FD727667B1-LeaderElection99: Election PASSED; received 1 response(s) [33f0138b-7ee0-4f04-affd-7ef231342dec<-aa2a9927-e312-4029-bc90-37bb3b062001#0:OK-t2] and 1 exception(s); 33f0138b-7ee0-4f04-affd-7ef231342dec@group-D2FD727667B1:t2, leader=null, voted=33f0138b-7ee0-4f04-affd-7ef231342dec, raftlog=33f0138b-7ee0-4f04-affd-7ef231342dec@group-D2FD727667B1-SegmentedRaftLog:OPENED:c2,f2,i2, conf=0: [96bff13a-fe0b-48f4-92ef-20e30879139a:192.168.30.9:34611, 33f0138b-7ee0-4f04-affd-7ef231342dec:192.168.30.9:44752, aa2a9927-e312-4029-bc90-37bb3b062001:192.168.30.9:36508], old=null
2019-10-03 14:12:58,544 [33f0138b-7ee0-4f04-affd-7ef231342dec@group-D2FD727667B1-LeaderElection99] INFO  impl.LeaderElection (LogUtils.java:infoOrTrace(149)) -   Exception 0: {}
java.util.concurrent.ExecutionException: org.apache.ratis.thirdparty.io.grpc.StatusRuntimeException: UNAVAILABLE: io exception
	at java.util.concurrent.FutureTask.report(FutureTask.java:122)
	at java.util.concurrent.FutureTask.get(FutureTask.java:192)
	at org.apache.ratis.server.impl.LeaderElection.waitForResults(LeaderElection.java:259)
	at org.apache.ratis.server.impl.LeaderElection.askForVotes(LeaderElection.java:197)
	at org.apache.ratis.server.impl.LeaderElection.run(LeaderElection.java:133)
	at java.lang.Thread.run(Thread.java:748)
Caused by: org.apache.ratis.thirdparty.io.grpc.StatusRuntimeException: UNAVAILABLE: io exception
	at org.apache.ratis.thirdparty.io.grpc.stub.ClientCalls.toStatusRuntimeException(ClientCalls.java:233)
	at org.apache.ratis.thirdparty.io.grpc.stub.ClientCalls.getUnchecked(ClientCalls.java:214)
	at org.apache.ratis.thirdparty.io.grpc.stub.ClientCalls.blockingUnaryCall(ClientCalls.java:139)
	at org.apache.ratis.proto.grpc.RaftServerProtocolServiceGrpc$RaftServerProtocolServiceBlockingStub.requestVote(RaftServerProtocolServiceGrpc.java:265)
	at org.apache.ratis.grpc.server.GrpcServerProtocolClient.requestVote(GrpcServerProtocolClient.java:99)
	at org.apache.ratis.grpc.server.GrpcService.requestVote(GrpcService.java:204)
	at org.apache.ratis.server.impl.LeaderElection.lambda$submitRequests$1(LeaderElection.java:234)
	at java.util.concurrent.FutureTask.run(FutureTask.java:266)
	at java.util.concurrent.Executors$RunnableAdapter.call(Executors.java:511)
	at java.util.concurrent.FutureTask.run(FutureTask.java:266)
	at java.util.concurrent.ThreadPoolExecutor.runWorker(ThreadPoolExecutor.java:1149)
	at java.util.concurrent.ThreadPoolExecutor$Worker.run(ThreadPoolExecutor.java:624)
	... 1 more
Caused by: org.apache.ratis.thirdparty.io.netty.channel.AbstractChannel$AnnotatedConnectException: Connection refused: /192.168.30.9:34611
	at sun.nio.ch.SocketChannelImpl.checkConnect(Native Method)
	at sun.nio.ch.SocketChannelImpl.finishConnect(SocketChannelImpl.java:717)
	at org.apache.ratis.thirdparty.io.netty.channel.socket.nio.NioSocketChannel.doFinishConnect(NioSocketChannel.java:327)
	at org.apache.ratis.thirdparty.io.netty.channel.nio.AbstractNioChannel$AbstractNioUnsafe.finishConnect(AbstractNioChannel.java:340)
	at org.apache.ratis.thirdparty.io.netty.channel.nio.NioEventLoop.processSelectedKey(NioEventLoop.java:632)
	at org.apache.ratis.thirdparty.io.netty.channel.nio.NioEventLoop.processSelectedKeysOptimized(NioEventLoop.java:579)
	at org.apache.ratis.thirdparty.io.netty.channel.nio.NioEventLoop.processSelectedKeys(NioEventLoop.java:496)
	at org.apache.ratis.thirdparty.io.netty.channel.nio.NioEventLoop.run(NioEventLoop.java:458)
	at org.apache.ratis.thirdparty.io.netty.util.concurrent.SingleThreadEventExecutor$5.run(SingleThreadEventExecutor.java:897)
	at org.apache.ratis.thirdparty.io.netty.util.concurrent.FastThreadLocalRunnable.run(FastThreadLocalRunnable.java:30)
	... 1 more
Caused by: java.net.ConnectException: Connection refused
	... 11 more
2019-10-03 14:12:58,544 [33f0138b-7ee0-4f04-affd-7ef231342dec@group-D2FD727667B1-LeaderElection99] INFO  impl.RoleInfo (RoleInfo.java:shutdownLeaderElection(134)) - 33f0138b-7ee0-4f04-affd-7ef231342dec: shutdown LeaderElection
2019-10-03 14:12:58,545 [33f0138b-7ee0-4f04-affd-7ef231342dec@group-D2FD727667B1-LeaderElection99] INFO  impl.RaftServerImpl (RaftServerImpl.java:setRole(170)) - 33f0138b-7ee0-4f04-affd-7ef231342dec@group-D2FD727667B1: changes role from CANDIDATE to LEADER at term 2 for changeToLeader
2019-10-03 14:12:58,545 [33f0138b-7ee0-4f04-affd-7ef231342dec@group-D2FD727667B1-LeaderElection99] INFO  impl.RaftServerImpl (ServerState.java:setLeader(255)) - 33f0138b-7ee0-4f04-affd-7ef231342dec@group-D2FD727667B1: change Leader from null to 33f0138b-7ee0-4f04-affd-7ef231342dec at term 2 for becomeLeader, leader elected after 41ms
2019-10-03 14:12:58,545 [33f0138b-7ee0-4f04-affd-7ef231342dec@group-D2FD727667B1-LeaderElection99] INFO  server.RaftServerConfigKeys (ConfUtils.java:logGet(43)) - raft.server.staging.catchup.gap = 1000 (default)
2019-10-03 14:12:58,545 [33f0138b-7ee0-4f04-affd-7ef231342dec@group-D2FD727667B1-LeaderElection99] INFO  server.RaftServerConfigKeys (ConfUtils.java:logGet(43)) - raft.server.rpc.sleep.time = 25ms (default)
2019-10-03 14:12:58,546 [33f0138b-7ee0-4f04-affd-7ef231342dec@group-D2FD727667B1-LeaderElection99] INFO  server.RaftServerConfigKeys (ConfUtils.java:logGet(43)) - raft.server.write.element-limit = 4096 (default)
2019-10-03 14:12:58,546 [33f0138b-7ee0-4f04-affd-7ef231342dec@group-D2FD727667B1-LeaderElection99] INFO  server.RaftServerConfigKeys (ConfUtils.java:logGet(43)) - raft.server.watch.timeout = 10s (default)
2019-10-03 14:12:58,546 [33f0138b-7ee0-4f04-affd-7ef231342dec@group-D2FD727667B1-LeaderElection99] INFO  server.RaftServerConfigKeys (ConfUtils.java:logGet(43)) - raft.server.watch.timeout.denomination = 1s (default)
2019-10-03 14:12:58,546 [33f0138b-7ee0-4f04-affd-7ef231342dec@group-D2FD727667B1-LeaderElection99] INFO  server.RaftServerConfigKeys (ConfUtils.java:logGet(43)) - raft.server.watch.element-limit = 65536 (default)
2019-10-03 14:12:58,550 [33f0138b-7ee0-4f04-affd-7ef231342dec@group-D2FD727667B1-LeaderElection99] INFO  server.RaftServerConfigKeys (ConfUtils.java:logGet(43)) - raft.server.log.appender.snapshot.chunk.size.max = 16MB (=16777216) (default)
2019-10-03 14:12:58,551 [33f0138b-7ee0-4f04-affd-7ef231342dec@group-D2FD727667B1-LeaderElection99] INFO  server.RaftServerConfigKeys (ConfUtils.java:logGet(43)) - raft.server.log.appender.buffer.byte-limit = 33554432 (custom)
2019-10-03 14:12:58,551 [33f0138b-7ee0-4f04-affd-7ef231342dec@group-D2FD727667B1-LeaderElection99] INFO  server.RaftServerConfigKeys (ConfUtils.java:logGet(43)) - raft.server.log.appender.buffer.element-limit = 1 (custom)
2019-10-03 14:12:58,551 [33f0138b-7ee0-4f04-affd-7ef231342dec@group-D2FD727667B1-LeaderElection99] INFO  grpc.GrpcConfigKeys$Server (ConfUtils.java:logGet(43)) - raft.grpc.server.leader.outstanding.appends.max = 128 (default)
2019-10-03 14:12:58,551 [33f0138b-7ee0-4f04-affd-7ef231342dec@group-D2FD727667B1-LeaderElection99] INFO  server.RaftServerConfigKeys (ConfUtils.java:logGet(43)) - raft.server.rpc.request.timeout = 3000ms (default)
2019-10-03 14:12:58,551 [33f0138b-7ee0-4f04-affd-7ef231342dec@group-D2FD727667B1-LeaderElection99] INFO  server.RaftServerConfigKeys (ConfUtils.java:logGet(43)) - raft.server.log.appender.install.snapshot.enabled = false (custom)
2019-10-03 14:12:58,552 [33f0138b-7ee0-4f04-affd-7ef231342dec@group-D2FD727667B1-LeaderElection99] INFO  server.RaftServerConfigKeys (ConfUtils.java:logGet(43)) - raft.server.log.appender.snapshot.chunk.size.max = 16MB (=16777216) (default)
2019-10-03 14:12:58,552 [33f0138b-7ee0-4f04-affd-7ef231342dec@group-D2FD727667B1-LeaderElection99] INFO  server.RaftServerConfigKeys (ConfUtils.java:logGet(43)) - raft.server.log.appender.buffer.byte-limit = 33554432 (custom)
2019-10-03 14:12:58,552 [33f0138b-7ee0-4f04-affd-7ef231342dec@group-D2FD727667B1-LeaderElection99] INFO  server.RaftServerConfigKeys (ConfUtils.java:logGet(43)) - raft.server.log.appender.buffer.element-limit = 1 (custom)
2019-10-03 14:12:58,552 [33f0138b-7ee0-4f04-affd-7ef231342dec@group-D2FD727667B1-LeaderElection99] INFO  grpc.GrpcConfigKeys$Server (ConfUtils.java:logGet(43)) - raft.grpc.server.leader.outstanding.appends.max = 128 (default)
2019-10-03 14:12:58,552 [33f0138b-7ee0-4f04-affd-7ef231342dec@group-D2FD727667B1-LeaderElection99] INFO  server.RaftServerConfigKeys (ConfUtils.java:logGet(43)) - raft.server.rpc.request.timeout = 3000ms (default)
2019-10-03 14:12:58,552 [33f0138b-7ee0-4f04-affd-7ef231342dec@group-D2FD727667B1-LeaderElection99] INFO  server.RaftServerConfigKeys (ConfUtils.java:logGet(43)) - raft.server.log.appender.install.snapshot.enabled = false (custom)
2019-10-03 14:12:58,553 [33f0138b-7ee0-4f04-affd-7ef231342dec@group-D2FD727667B1-LeaderElection99] INFO  impl.RoleInfo (RoleInfo.java:updateAndGet(143)) - 33f0138b-7ee0-4f04-affd-7ef231342dec: start LeaderState
2019-10-03 14:12:58,554 [33f0138b-7ee0-4f04-affd-7ef231342dec@group-D2FD727667B1-LeaderElection99] INFO  segmented.SegmentedRaftLogWorker (SegmentedRaftLogWorker.java:rollLogSegment(390)) - 33f0138b-7ee0-4f04-affd-7ef231342dec@group-D2FD727667B1-SegmentedRaftLogWorker: Rolling segment log-0_2 to index:2
2019-10-03 14:12:58,558 [33f0138b-7ee0-4f04-affd-7ef231342dec@group-D2FD727667B1-LeaderElection99] INFO  impl.RaftServerImpl (ServerState.java:setRaftConf(356)) - 33f0138b-7ee0-4f04-affd-7ef231342dec@group-D2FD727667B1: set configuration 3: [96bff13a-fe0b-48f4-92ef-20e30879139a:192.168.30.9:34611, 33f0138b-7ee0-4f04-affd-7ef231342dec:192.168.30.9:44752, aa2a9927-e312-4029-bc90-37bb3b062001:192.168.30.9:36508], old=null at 3
2019-10-03 14:12:58,559 [grpc-default-executor-6] WARN  server.GrpcLogAppender (LogUtils.java:warn(134)) - 33f0138b-7ee0-4f04-affd-7ef231342dec@group-D2FD727667B1->96bff13a-fe0b-48f4-92ef-20e30879139a-AppendLogResponseHandler: Failed appendEntries: org.apache.ratis.thirdparty.io.grpc.StatusRuntimeException: UNAVAILABLE: io exception
2019-10-03 14:12:58,559 [33f0138b-7ee0-4f04-affd-7ef231342dec@group-D2FD727667B1-SegmentedRaftLogWorker] INFO  segmented.SegmentedRaftLogWorker (SegmentedRaftLogWorker.java:execute(531)) - 33f0138b-7ee0-4f04-affd-7ef231342dec@group-D2FD727667B1-SegmentedRaftLogWorker: Rolled log segment from /workdir/hadoop-ozone/integration-test/target/test-dir/MiniOzoneClusterImpl-4ae2b488-2bb7-488a-85e2-f7ac6aadfb05/datanode-0/data/ratis/e4440e51-e6fe-4303-95f5-d2fd727667b1/current/log_inprogress_0 to /workdir/hadoop-ozone/integration-test/target/test-dir/MiniOzoneClusterImpl-4ae2b488-2bb7-488a-85e2-f7ac6aadfb05/datanode-0/data/ratis/e4440e51-e6fe-4303-95f5-d2fd727667b1/current/log_0-2
2019-10-03 14:12:58,559 [grpc-default-executor-6] INFO  impl.FollowerInfo (FollowerInfo.java:lambda$new$0(51)) - 33f0138b-7ee0-4f04-affd-7ef231342dec@group-D2FD727667B1->96bff13a-fe0b-48f4-92ef-20e30879139a: nextIndex: updateUnconditionally 3 -> 1
2019-10-03 14:12:58,560 [grpc-default-executor-13] INFO  impl.RaftServerImpl (ServerState.java:setLeader(255)) - aa2a9927-e312-4029-bc90-37bb3b062001@group-D2FD727667B1: change Leader from null to 33f0138b-7ee0-4f04-affd-7ef231342dec at term 2 for appendEntries, leader elected after 33ms
2019-10-03 14:12:58,564 [grpc-default-executor-13] INFO  impl.RaftServerImpl (ServerState.java:setRaftConf(356)) - aa2a9927-e312-4029-bc90-37bb3b062001@group-D2FD727667B1: set configuration 3: [96bff13a-fe0b-48f4-92ef-20e30879139a:192.168.30.9:34611, 33f0138b-7ee0-4f04-affd-7ef231342dec:192.168.30.9:44752, aa2a9927-e312-4029-bc90-37bb3b062001:192.168.30.9:36508], old=null at 3
2019-10-03 14:12:58,564 [grpc-default-executor-13] INFO  segmented.SegmentedRaftLogWorker (SegmentedRaftLogWorker.java:rollLogSegment(390)) - aa2a9927-e312-4029-bc90-37bb3b062001@group-D2FD727667B1-SegmentedRaftLogWorker: Rolling segment log-0_2 to index:2
2019-10-03 14:12:58,565 [aa2a9927-e312-4029-bc90-37bb3b062001@group-D2FD727667B1-SegmentedRaftLogWorker] INFO  segmented.SegmentedRaftLogWorker (SegmentedRaftLogWorker.java:execute(531)) - aa2a9927-e312-4029-bc90-37bb3b062001@group-D2FD727667B1-SegmentedRaftLogWorker: Rolled log segment from /workdir/hadoop-ozone/integration-test/target/test-dir/MiniOzoneClusterImpl-4ae2b488-2bb7-488a-85e2-f7ac6aadfb05/datanode-3/data/ratis/e4440e51-e6fe-4303-95f5-d2fd727667b1/current/log_inprogress_0 to /workdir/hadoop-ozone/integration-test/target/test-dir/MiniOzoneClusterImpl-4ae2b488-2bb7-488a-85e2-f7ac6aadfb05/datanode-3/data/ratis/e4440e51-e6fe-4303-95f5-d2fd727667b1/current/log_0-2
2019-10-03 14:12:58,727 [33f0138b-7ee0-4f04-affd-7ef231342dec@group-D2FD727667B1-SegmentedRaftLogWorker] INFO  segmented.SegmentedRaftLogWorker (SegmentedRaftLogWorker.java:execute(574)) - 33f0138b-7ee0-4f04-affd-7ef231342dec@group-D2FD727667B1-SegmentedRaftLogWorker: created new log segment /workdir/hadoop-ozone/integration-test/target/test-dir/MiniOzoneClusterImpl-4ae2b488-2bb7-488a-85e2-f7ac6aadfb05/datanode-0/data/ratis/e4440e51-e6fe-4303-95f5-d2fd727667b1/current/log_inprogress_3
2019-10-03 14:12:58,727 [aa2a9927-e312-4029-bc90-37bb3b062001@group-D2FD727667B1-SegmentedRaftLogWorker] INFO  segmented.SegmentedRaftLogWorker (SegmentedRaftLogWorker.java:execute(574)) - aa2a9927-e312-4029-bc90-37bb3b062001@group-D2FD727667B1-SegmentedRaftLogWorker: created new log segment /workdir/hadoop-ozone/integration-test/target/test-dir/MiniOzoneClusterImpl-4ae2b488-2bb7-488a-85e2-f7ac6aadfb05/datanode-3/data/ratis/e4440e51-e6fe-4303-95f5-d2fd727667b1/current/log_inprogress_3
2019-10-03 14:12:58,745 [grpc-default-executor-0] WARN  server.GrpcLogAppender (LogUtils.java:warn(134)) - 33f0138b-7ee0-4f04-affd-7ef231342dec@group-D2FD727667B1->96bff13a-fe0b-48f4-92ef-20e30879139a-AppendLogResponseHandler: Failed appendEntries: org.apache.ratis.thirdparty.io.grpc.StatusRuntimeException: UNAVAILABLE: io exception
2019-10-03 14:12:58,745 [grpc-default-executor-0] INFO  impl.FollowerInfo (FollowerInfo.java:lambda$new$0(51)) - 33f0138b-7ee0-4f04-affd-7ef231342dec@group-D2FD727667B1->96bff13a-fe0b-48f4-92ef-20e30879139a: nextIndex: updateUnconditionally 2 -> 1
2019-10-03 14:12:58,758 [grpc-default-executor-6] WARN  server.GrpcLogAppender (LogUtils.java:warn(134)) - 33f0138b-7ee0-4f04-affd-7ef231342dec@group-D2FD727667B1->96bff13a-fe0b-48f4-92ef-20e30879139a-AppendLogResponseHandler: Failed appendEntries: org.apache.ratis.thirdparty.io.grpc.StatusRuntimeException: UNAVAILABLE: io exception
2019-10-03 14:12:58,758 [grpc-default-executor-6] INFO  impl.FollowerInfo (FollowerInfo.java:lambda$new$0(51)) - 33f0138b-7ee0-4f04-affd-7ef231342dec@group-D2FD727667B1->96bff13a-fe0b-48f4-92ef-20e30879139a: nextIndex: updateUnconditionally 2 -> 1
2019-10-03 14:13:01,259 [grpc-default-executor-6] WARN  server.GrpcLogAppender (LogUtils.java:warn(134)) - 33f0138b-7ee0-4f04-affd-7ef231342dec@group-D2FD727667B1->96bff13a-fe0b-48f4-92ef-20e30879139a-AppendLogResponseHandler: Failed appendEntries: org.apache.ratis.thirdparty.io.grpc.StatusRuntimeException: UNAVAILABLE: io exception
2019-10-03 14:13:01,260 [grpc-default-executor-6] INFO  impl.FollowerInfo (FollowerInfo.java:lambda$new$0(51)) - 33f0138b-7ee0-4f04-affd-7ef231342dec@group-D2FD727667B1->96bff13a-fe0b-48f4-92ef-20e30879139a: nextIndex: updateUnconditionally 1 -> 0
2019-10-03 14:13:01,741 [grpc-default-executor-6] WARN  server.GrpcLogAppender (LogUtils.java:warn(134)) - 33f0138b-7ee0-4f04-affd-7ef231342dec@group-D2FD727667B1->96bff13a-fe0b-48f4-92ef-20e30879139a-AppendLogResponseHandler: Failed appendEntries: org.apache.ratis.thirdparty.io.grpc.StatusRuntimeException: UNAVAILABLE: io exception
2019-10-03 14:13:01,742 [grpc-default-executor-6] INFO  impl.FollowerInfo (FollowerInfo.java:lambda$new$0(51)) - 33f0138b-7ee0-4f04-affd-7ef231342dec@group-D2FD727667B1->96bff13a-fe0b-48f4-92ef-20e30879139a: nextIndex: updateUnconditionally 1 -> 0
2019-10-03 14:13:01,755 [grpc-default-executor-13] WARN  server.GrpcLogAppender (LogUtils.java:warn(134)) - 33f0138b-7ee0-4f04-affd-7ef231342dec@group-D2FD727667B1->96bff13a-fe0b-48f4-92ef-20e30879139a-AppendLogResponseHandler: Failed appendEntries: org.apache.ratis.thirdparty.io.grpc.StatusRuntimeException: UNAVAILABLE: io exception
2019-10-03 14:13:01,755 [grpc-default-executor-13] INFO  impl.FollowerInfo (FollowerInfo.java:lambda$new$0(51)) - 33f0138b-7ee0-4f04-affd-7ef231342dec@group-D2FD727667B1->96bff13a-fe0b-48f4-92ef-20e30879139a: nextIndex: updateUnconditionally 1 -> 0
2019-10-03 14:13:01,766 [grpc-default-executor-6] WARN  server.GrpcLogAppender (LogUtils.java:warn(134)) - 33f0138b-7ee0-4f04-affd-7ef231342dec@group-D2FD727667B1->96bff13a-fe0b-48f4-92ef-20e30879139a-AppendLogResponseHandler: Failed appendEntries: org.apache.ratis.thirdparty.io.grpc.StatusRuntimeException: UNAVAILABLE: io exception
2019-10-03 14:13:01,767 [grpc-default-executor-6] INFO  impl.FollowerInfo (FollowerInfo.java:lambda$new$0(51)) - 33f0138b-7ee0-4f04-affd-7ef231342dec@group-D2FD727667B1->96bff13a-fe0b-48f4-92ef-20e30879139a: nextIndex: updateUnconditionally 1 -> 0
2019-10-03 14:13:01,778 [EventQueue-IncrementalContainerReportForIncrementalContainerReportHandler] WARN  container.IncrementalContainerReportHandler (AbstractContainerReportHandler.java:updateContainerState(143)) - Container #1 is in OPEN state, but the datanode 33f0138b-7ee0-4f04-affd-7ef231342dec{ip: 192.168.30.9, host: pr-hdds-2216-wws87-2365029438, networkLocation: /default-rack, certSerialId: null} reports an CLOSING replica.
2019-10-03 14:13:01,791 [EventQueue-IncrementalContainerReportForIncrementalContainerReportHandler] WARN  container.IncrementalContainerReportHandler (AbstractContainerReportHandler.java:updateContainerState(143)) - Container #1 is in OPEN state, but the datanode aa2a9927-e312-4029-bc90-37bb3b062001{ip: 192.168.30.9, host: pr-hdds-2216-wws87-2365029438, networkLocation: /default-rack, certSerialId: null} reports an CLOSING replica.
2019-10-03 14:13:01,824 [RatisApplyTransactionExecutor 1] INFO  interfaces.Container (KeyValueContainer.java:flushAndSyncDB(386)) - Container 1 is synced with bcsId 0.
2019-10-03 14:13:01,867 [RatisApplyTransactionExecutor 1] INFO  interfaces.Container (KeyValueContainer.java:flushAndSyncDB(386)) - Container 1 is synced with bcsId 0.
2019-10-03 14:13:01,879 [RatisApplyTransactionExecutor 1] INFO  interfaces.Container (KeyValueContainer.java:flushAndSyncDB(386)) - Container 1 is synced with bcsId 0.
2019-10-03 14:13:01,879 [RatisApplyTransactionExecutor 1] INFO  interfaces.Container (KeyValueContainer.java:flushAndSyncDB(386)) - Container 1 is synced with bcsId 0.
2019-10-03 14:13:01,884 [RatisApplyTransactionExecutor 1] INFO  interfaces.Container (KeyValueContainer.java:close(335)) - Container 1 is closed with bcsId 0.
2019-10-03 14:13:01,884 [RatisApplyTransactionExecutor 1] INFO  interfaces.Container (KeyValueContainer.java:close(335)) - Container 1 is closed with bcsId 0.
2019-10-03 14:13:01,885 [EventQueue-IncrementalContainerReportForIncrementalContainerReportHandler] WARN  container.IncrementalContainerReportHandler (AbstractContainerReportHandler.java:updateContainerState(143)) - Container #1 is in OPEN state, but the datanode 33f0138b-7ee0-4f04-affd-7ef231342dec{ip: 192.168.30.9, host: pr-hdds-2216-wws87-2365029438, networkLocation: /default-rack, certSerialId: null} reports an CLOSED replica.
2019-10-03 14:13:01,888 [EventQueue-IncrementalContainerReportForIncrementalContainerReportHandler] WARN  container.IncrementalContainerReportHandler (AbstractContainerReportHandler.java:updateContainerState(143)) - Container #1 is in OPEN state, but the datanode aa2a9927-e312-4029-bc90-37bb3b062001{ip: 192.168.30.9, host: pr-hdds-2216-wws87-2365029438, networkLocation: /default-rack, certSerialId: null} reports an CLOSED replica.
2019-10-03 14:13:04,268 [grpc-default-executor-6] WARN  server.GrpcLogAppender (LogUtils.java:warn(134)) - 33f0138b-7ee0-4f04-affd-7ef231342dec@group-D2FD727667B1->96bff13a-fe0b-48f4-92ef-20e30879139a-AppendLogResponseHandler: Failed appendEntries: org.apache.ratis.thirdparty.io.grpc.StatusRuntimeException: UNAVAILABLE: io exception
2019-10-03 14:13:04,268 [grpc-default-executor-6] INFO  impl.FollowerInfo (FollowerInfo.java:lambda$new$0(51)) - 33f0138b-7ee0-4f04-affd-7ef231342dec@group-D2FD727667B1->96bff13a-fe0b-48f4-92ef-20e30879139a: nextIndex: updateUnconditionally 0 -> 0
2019-10-03 14:13:04,891 [main] WARN  scm.XceiverClientRatis (XceiverClientRatis.java:watchForCommit(292)) - 3 way commit failed on pipeline Pipeline[ Id: e4440e51-e6fe-4303-95f5-d2fd727667b1, Nodes: 96bff13a-fe0b-48f4-92ef-20e30879139a{ip: 192.168.30.9, host: pr-hdds-2216-wws87-2365029438, networkLocation: /default-rack, certSerialId: null}33f0138b-7ee0-4f04-affd-7ef231342dec{ip: 192.168.30.9, host: pr-hdds-2216-wws87-2365029438, networkLocation: /default-rack, certSerialId: null}aa2a9927-e312-4029-bc90-37bb3b062001{ip: 192.168.30.9, host: pr-hdds-2216-wws87-2365029438, networkLocation: /default-rack, certSerialId: null}, Type:RATIS, Factor:THREE, State:OPEN]
java.util.concurrent.TimeoutException
	at java.util.concurrent.CompletableFuture.timedGet(CompletableFuture.java:1771)
	at java.util.concurrent.CompletableFuture.get(CompletableFuture.java:1915)
	at org.apache.hadoop.hdds.scm.XceiverClientRatis.watchForCommit(XceiverClientRatis.java:289)
	at org.apache.hadoop.ozone.client.rpc.TestWatchForCommit.test2WayCommitForTimeoutException(TestWatchForCommit.java:391)
	at sun.reflect.NativeMethodAccessorImpl.invoke0(Native Method)
	at sun.reflect.NativeMethodAccessorImpl.invoke(NativeMethodAccessorImpl.java:62)
	at sun.reflect.DelegatingMethodAccessorImpl.invoke(DelegatingMethodAccessorImpl.java:43)
	at java.lang.reflect.Method.invoke(Method.java:498)
	at org.junit.runners.model.FrameworkMethod$1.runReflectiveCall(FrameworkMethod.java:47)
	at org.junit.internal.runners.model.ReflectiveCallable.run(ReflectiveCallable.java:12)
	at org.junit.runners.model.FrameworkMethod.invokeExplosively(FrameworkMethod.java:44)
	at org.junit.internal.runners.statements.InvokeMethod.evaluate(InvokeMethod.java:17)
	at org.junit.runners.ParentRunner.runLeaf(ParentRunner.java:271)
	at org.junit.runners.BlockJUnit4ClassRunner.runChild(BlockJUnit4ClassRunner.java:70)
	at org.junit.runners.BlockJUnit4ClassRunner.runChild(BlockJUnit4ClassRunner.java:50)
	at org.junit.runners.ParentRunner$3.run(ParentRunner.java:238)
	at org.junit.runners.ParentRunner$1.schedule(ParentRunner.java:63)
	at org.junit.runners.ParentRunner.runChildren(ParentRunner.java:236)
	at org.junit.runners.ParentRunner.access$000(ParentRunner.java:53)
	at org.junit.runners.ParentRunner$2.evaluate(ParentRunner.java:229)
	at org.junit.runners.ParentRunner.run(ParentRunner.java:309)
	at org.apache.maven.surefire.junit4.JUnit4Provider.execute(JUnit4Provider.java:365)
	at org.apache.maven.surefire.junit4.JUnit4Provider.executeWithRerun(JUnit4Provider.java:273)
	at org.apache.maven.surefire.junit4.JUnit4Provider.executeTestSet(JUnit4Provider.java:238)
	at org.apache.maven.surefire.junit4.JUnit4Provider.invoke(JUnit4Provider.java:159)
	at org.apache.maven.surefire.booter.ForkedBooter.invokeProviderInSameClassLoader(ForkedBooter.java:384)
	at org.apache.maven.surefire.booter.ForkedBooter.runSuitesInProcess(ForkedBooter.java:345)
	at org.apache.maven.surefire.booter.ForkedBooter.execute(ForkedBooter.java:126)
	at org.apache.maven.surefire.booter.ForkedBooter.main(ForkedBooter.java:418)
2019-10-03 14:13:06,771 [grpc-default-executor-13] WARN  server.GrpcLogAppender (LogUtils.java:warn(134)) - 33f0138b-7ee0-4f04-affd-7ef231342dec@group-D2FD727667B1->96bff13a-fe0b-48f4-92ef-20e30879139a-AppendLogResponseHandler: Failed appendEntries: org.apache.ratis.thirdparty.io.grpc.StatusRuntimeException: UNAVAILABLE: io exception
2019-10-03 14:13:06,772 [grpc-default-executor-13] INFO  impl.FollowerInfo (FollowerInfo.java:lambda$new$0(51)) - 33f0138b-7ee0-4f04-affd-7ef231342dec@group-D2FD727667B1->96bff13a-fe0b-48f4-92ef-20e30879139a: nextIndex: updateUnconditionally 0 -> 0
]]></system-out>
  </testcase>
</testsuite>