<?xml version="1.0" encoding="UTF-8"?>
<testsuite xmlns:xsi="http://www.w3.org/2001/XMLSchema-instance" xsi:noNamespaceSchemaLocation="https://maven.apache.org/surefire/maven-surefire-plugin/xsd/surefire-test-report.xsd" name="org.apache.hadoop.ozone.scm.TestSCMContainerPlacementPolicyMetrics" time="82.78" tests="1" errors="1" skipped="0" failures="0">
  <properties>
    <property name="awt.toolkit" value="sun.awt.X11.XToolkit"/>
    <property name="file.encoding.pkg" value="sun.io"/>
    <property name="java.specification.version" value="1.8"/>
    <property name="sun.cpu.isalist" value=""/>
    <property name="sun.jnu.encoding" value="UTF-8"/>
    <property name="java.class.path" value="/workdir/hadoop-ozone/integration-test/target/test-classes:/workdir/hadoop-ozone/integration-test/target/classes:/home/user/.m2/repository/org/apache/hadoop/hadoop-ozone-common/0.5.0-SNAPSHOT/hadoop-ozone-common-0.5.0-SNAPSHOT.jar:/home/user/.m2/repository/org/apache/commons/commons-compress/1.4.1/commons-compress-1.4.1.jar:/home/user/.m2/repository/org/tukaani/xz/1.0/xz-1.0.jar:/home/user/.m2/repository/org/apache/hadoop/hadoop-common/3.2.0/hadoop-common-3.2.0.jar:/home/user/.m2/repository/org/apache/hadoop/hadoop-hdfs/3.2.0/hadoop-hdfs-3.2.0.jar:/home/user/.m2/repository/org/apache/hadoop/hadoop-hdfs-client/3.2.0/hadoop-hdfs-client-3.2.0.jar:/home/user/.m2/repository/com/fasterxml/jackson/core/jackson-annotations/2.9.9/jackson-annotations-2.9.9.jar:/home/user/.m2/repository/org/apache/hadoop/hadoop-hdds-common/0.5.0-SNAPSHOT/hadoop-hdds-common-0.5.0-SNAPSHOT.jar:/home/user/.m2/repository/javax/annotation/javax.annotation-api/1.2/javax.annotation-api-1.2.jar:/home/user/.m2/repository/org/apache/ratis/ratis-server/0.5.0-201fc85-SNAPSHOT/ratis-server-0.5.0-201fc85-SNAPSHOT.jar:/home/user/.m2/repository/org/apache/ratis/ratis-thirdparty-misc/0.2.0/ratis-thirdparty-misc-0.2.0.jar:/home/user/.m2/repository/org/apache/ratis/ratis-proto/0.5.0-201fc85-SNAPSHOT/ratis-proto-0.5.0-201fc85-SNAPSHOT.jar:/home/user/.m2/repository/org/apache/ratis/ratis-common/0.5.0-201fc85-SNAPSHOT/ratis-common-0.5.0-201fc85-SNAPSHOT.jar:/home/user/.m2/repository/org/apache/ratis/ratis-client/0.5.0-201fc85-SNAPSHOT/ratis-client-0.5.0-201fc85-SNAPSHOT.jar:/home/user/.m2/repository/org/apache/ratis/ratis-metrics/0.5.0-201fc85-SNAPSHOT/ratis-metrics-0.5.0-201fc85-SNAPSHOT.jar:/home/user/.m2/repository/com/github/joshelser/dropwizard-metrics-hadoop-metrics2-reporter/0.1.2/dropwizard-metrics-hadoop-metrics2-reporter-0.1.2.jar:/home/user/.m2/repository/io/dropwizard/metrics/metrics-jvm/3.2.5/metrics-jvm-3.2.5.jar:/home/user/.m2/repository/io/dropwizard/metrics/metrics-ganglia/3.2.5/metrics-ganglia-3.2.5.jar:/home/user/.m2/repository/info/ganglia/gmetric4j/gmetric4j/1.0.7/gmetric4j-1.0.7.jar:/home/user/.m2/repository/org/apache/ratis/ratis-netty/0.5.0-201fc85-SNAPSHOT/ratis-netty-0.5.0-201fc85-SNAPSHOT.jar:/home/user/.m2/repository/org/apache/ratis/ratis-grpc/0.5.0-201fc85-SNAPSHOT/ratis-grpc-0.5.0-201fc85-SNAPSHOT.jar:/home/user/.m2/repository/org/rocksdb/rocksdbjni/6.0.1/rocksdbjni-6.0.1.jar:/home/user/.m2/repository/org/apache/logging/log4j/log4j-api/2.11.0/log4j-api-2.11.0.jar:/home/user/.m2/repository/org/apache/logging/log4j/log4j-core/2.11.0/log4j-core-2.11.0.jar:/home/user/.m2/repository/com/lmax/disruptor/3.4.2/disruptor-3.4.2.jar:/home/user/.m2/repository/org/apache/commons/commons-pool2/2.6.0/commons-pool2-2.6.0.jar:/home/user/.m2/repository/org/bouncycastle/bcpkix-jdk15on/1.60/bcpkix-jdk15on-1.60.jar:/home/user/.m2/repository/commons-validator/commons-validator/1.6/commons-validator-1.6.jar:/home/user/.m2/repository/commons-digester/commons-digester/1.8.1/commons-digester-1.8.1.jar:/home/user/.m2/repository/io/jaegertracing/jaeger-client/0.34.0/jaeger-client-0.34.0.jar:/home/user/.m2/repository/io/jaegertracing/jaeger-thrift/0.34.0/jaeger-thrift-0.34.0.jar:/home/user/.m2/repository/org/apache/thrift/libthrift/0.12.0/libthrift-0.12.0.jar:/home/user/.m2/repository/com/squareup/okhttp3/okhttp/3.9.0/okhttp-3.9.0.jar:/home/user/.m2/repository/com/squareup/okio/okio/1.13.0/okio-1.13.0.jar:/home/user/.m2/repository/io/jaegertracing/jaeger-core/0.34.0/jaeger-core-0.34.0.jar:/home/user/.m2/repository/io/jaegertracing/jaeger-tracerresolver/0.34.0/jaeger-tracerresolver-0.34.0.jar:/home/user/.m2/repository/io/opentracing/contrib/opentracing-tracerresolver/0.1.5/opentracing-tracerresolver-0.1.5.jar:/home/user/.m2/repository/io/opentracing/opentracing-util/0.31.0/opentracing-util-0.31.0.jar:/home/user/.m2/repository/io/opentracing/opentracing-api/0.31.0/opentracing-api-0.31.0.jar:/home/user/.m2/repository/io/opentracing/opentracing-noop/0.31.0/opentracing-noop-0.31.0.jar:/home/user/.m2/repository/org/apache/hadoop/hadoop-hdds-server-framework/0.5.0-SNAPSHOT/hadoop-hdds-server-framework-0.5.0-SNAPSHOT.jar:/home/user/.m2/repository/org/apache/hadoop/hadoop-hdds-container-service/0.5.0-SNAPSHOT/hadoop-hdds-container-service-0.5.0-SNAPSHOT.jar:/home/user/.m2/repository/org/apache/hadoop/hadoop-hdds-client/0.5.0-SNAPSHOT/hadoop-hdds-client-0.5.0-SNAPSHOT.jar:/home/user/.m2/repository/org/apache/hadoop/hadoop-hdds-tools/0.5.0-SNAPSHOT/hadoop-hdds-tools-0.5.0-SNAPSHOT.jar:/home/user/.m2/repository/org/apache/hadoop/hadoop-hdds-server-scm/0.5.0-SNAPSHOT/hadoop-hdds-server-scm-0.5.0-SNAPSHOT.jar:/home/user/.m2/repository/org/apache/hadoop/hadoop-hdds-docs/0.5.0-SNAPSHOT/hadoop-hdds-docs-0.5.0-SNAPSHOT.jar:/home/user/.m2/repository/io/dropwizard/metrics/metrics-core/3.2.4/metrics-core-3.2.4.jar:/home/user/.m2/repository/org/hamcrest/hamcrest-all/1.3/hamcrest-all-1.3.jar:/home/user/.m2/repository/org/bouncycastle/bcprov-jdk15on/1.60/bcprov-jdk15on-1.60.jar:/home/user/.m2/repository/info/picocli/picocli/3.9.6/picocli-3.9.6.jar:/home/user/.m2/repository/com/google/protobuf/protobuf-java/2.5.0/protobuf-java-2.5.0.jar:/home/user/.m2/repository/com/google/guava/guava/11.0.2/guava-11.0.2.jar:/home/user/.m2/repository/org/apache/hadoop/hadoop-ozone-ozone-manager/0.5.0-SNAPSHOT/hadoop-ozone-ozone-manager-0.5.0-SNAPSHOT.jar:/home/user/.m2/repository/org/apache/hadoop/hadoop-minikdc/3.2.0/hadoop-minikdc-3.2.0.jar:/home/user/.m2/repository/commons-io/commons-io/2.5/commons-io-2.5.jar:/home/user/.m2/repository/org/apache/kerby/kerb-simplekdc/1.0.1/kerb-simplekdc-1.0.1.jar:/home/user/.m2/repository/org/apache/kerby/kerb-client/1.0.1/kerb-client-1.0.1.jar:/home/user/.m2/repository/org/apache/kerby/kerby-config/1.0.1/kerby-config-1.0.1.jar:/home/user/.m2/repository/org/apache/kerby/kerb-core/1.0.1/kerb-core-1.0.1.jar:/home/user/.m2/repository/org/apache/kerby/kerby-pkix/1.0.1/kerby-pkix-1.0.1.jar:/home/user/.m2/repository/org/apache/kerby/kerby-asn1/1.0.1/kerby-asn1-1.0.1.jar:/home/user/.m2/repository/org/apache/kerby/kerby-util/1.0.1/kerby-util-1.0.1.jar:/home/user/.m2/repository/org/apache/kerby/kerb-common/1.0.1/kerb-common-1.0.1.jar:/home/user/.m2/repository/org/apache/kerby/kerb-crypto/1.0.1/kerb-crypto-1.0.1.jar:/home/user/.m2/repository/org/apache/kerby/kerb-util/1.0.1/kerb-util-1.0.1.jar:/home/user/.m2/repository/org/apache/kerby/token-provider/1.0.1/token-provider-1.0.1.jar:/home/user/.m2/repository/org/apache/kerby/kerb-admin/1.0.1/kerb-admin-1.0.1.jar:/home/user/.m2/repository/org/apache/kerby/kerb-server/1.0.1/kerb-server-1.0.1.jar:/home/user/.m2/repository/org/apache/kerby/kerb-identity/1.0.1/kerb-identity-1.0.1.jar:/home/user/.m2/repository/org/apache/kerby/kerby-xdr/1.0.1/kerby-xdr-1.0.1.jar:/home/user/.m2/repository/org/slf4j/slf4j-log4j12/1.7.25/slf4j-log4j12-1.7.25.jar:/home/user/.m2/repository/org/apache/hadoop/hadoop-ozone-s3gateway/0.5.0-SNAPSHOT/hadoop-ozone-s3gateway-0.5.0-SNAPSHOT.jar:/home/user/.m2/repository/org/jboss/weld/servlet/weld-servlet/2.4.7.Final/weld-servlet-2.4.7.Final.jar:/home/user/.m2/repository/org/glassfish/jersey/containers/jersey-container-servlet-core/2.27/jersey-container-servlet-core-2.27.jar:/home/user/.m2/repository/org/glassfish/hk2/external/javax.inject/2.5.0-b42/javax.inject-2.5.0-b42.jar:/home/user/.m2/repository/org/glassfish/jersey/core/jersey-common/2.27/jersey-common-2.27.jar:/home/user/.m2/repository/org/glassfish/hk2/osgi-resource-locator/1.0.1/osgi-resource-locator-1.0.1.jar:/home/user/.m2/repository/javax/ws/rs/javax.ws.rs-api/2.1/javax.ws.rs-api-2.1.jar:/home/user/.m2/repository/org/glassfish/jersey/ext/cdi/jersey-cdi1x/2.27/jersey-cdi1x-2.27.jar:/home/user/.m2/repository/org/glassfish/jersey/inject/jersey-hk2/2.27/jersey-hk2-2.27.jar:/home/user/.m2/repository/org/glassfish/hk2/hk2-locator/2.5.0-b42/hk2-locator-2.5.0-b42.jar:/home/user/.m2/repository/org/javassist/javassist/3.22.0-CR2/javassist-3.22.0-CR2.jar:/home/user/.m2/repository/org/glassfish/hk2/hk2-api/2.5.0/hk2-api-2.5.0.jar:/home/user/.m2/repository/org/glassfish/hk2/external/jakarta.inject/2.5.0/jakarta.inject-2.5.0.jar:/home/user/.m2/repository/org/glassfish/hk2/hk2-utils/2.5.0/hk2-utils-2.5.0.jar:/home/user/.m2/repository/jakarta/annotation/jakarta.annotation-api/1.3.4/jakarta.annotation-api-1.3.4.jar:/home/user/.m2/repository/org/glassfish/hk2/external/aopalliance-repackaged/2.5.0/aopalliance-repackaged-2.5.0.jar:/home/user/.m2/repository/com/fasterxml/jackson/dataformat/jackson-dataformat-xml/2.9.0/jackson-dataformat-xml-2.9.0.jar:/home/user/.m2/repository/com/fasterxml/jackson/core/jackson-core/2.9.9/jackson-core-2.9.9.jar:/home/user/.m2/repository/com/fasterxml/jackson/module/jackson-module-jaxb-annotations/2.9.9/jackson-module-jaxb-annotations-2.9.9.jar:/home/user/.m2/repository/javax/enterprise/cdi-api/1.2/cdi-api-1.2.jar:/home/user/.m2/repository/javax/el/javax.el-api/3.0.0/javax.el-api-3.0.0.jar:/home/user/.m2/repository/javax/interceptor/javax.interceptor-api/1.2/javax.interceptor-api-1.2.jar:/home/user/.m2/repository/javax/inject/javax.inject/1/javax.inject-1.jar:/home/user/.m2/repository/com/sun/xml/bind/jaxb-impl/2.3.0.1/jaxb-impl-2.3.0.1.jar:/home/user/.m2/repository/com/sun/xml/bind/jaxb-core/2.3.0.1/jaxb-core-2.3.0.1.jar:/home/user/.m2/repository/javax/xml/bind/jaxb-api/2.3.0/jaxb-api-2.3.0.jar:/home/user/.m2/repository/javax/activation/activation/1.1.1/activation-1.1.1.jar:/home/user/.m2/repository/org/apache/hadoop/hadoop-ozone-csi/0.5.0-SNAPSHOT/hadoop-ozone-csi-0.5.0-SNAPSHOT.jar:/home/user/.m2/repository/com/google/protobuf/protobuf-java-util/3.5.1/protobuf-java-util-3.5.1.jar:/home/user/.m2/repository/org/apache/hadoop/hadoop-hdds-config/0.5.0-SNAPSHOT/hadoop-hdds-config-0.5.0-SNAPSHOT.jar:/home/user/.m2/repository/io/grpc/grpc-netty/1.17.1/grpc-netty-1.17.1.jar:/home/user/.m2/repository/io/grpc/grpc-core/1.17.1/grpc-core-1.17.1.jar:/home/user/.m2/repository/io/grpc/grpc-context/1.17.1/grpc-context-1.17.1.jar:/home/user/.m2/repository/com/google/errorprone/error_prone_annotations/2.2.0/error_prone_annotations-2.2.0.jar:/home/user/.m2/repository/org/codehaus/mojo/animal-sniffer-annotations/1.17/animal-sniffer-annotations-1.17.jar:/home/user/.m2/repository/io/opencensus/opencensus-api/0.17.0/opencensus-api-0.17.0.jar:/home/user/.m2/repository/io/opencensus/opencensus-contrib-grpc-metrics/0.17.0/opencensus-contrib-grpc-metrics-0.17.0.jar:/home/user/.m2/repository/io/netty/netty-codec-http2/4.1.30.Final/netty-codec-http2-4.1.30.Final.jar:/home/user/.m2/repository/io/netty/netty-codec-http/4.1.30.Final/netty-codec-http-4.1.30.Final.jar:/home/user/.m2/repository/io/netty/netty-codec/4.1.30.Final/netty-codec-4.1.30.Final.jar:/home/user/.m2/repository/io/netty/netty-handler/4.1.30.Final/netty-handler-4.1.30.Final.jar:/home/user/.m2/repository/io/netty/netty-handler-proxy/4.1.30.Final/netty-handler-proxy-4.1.30.Final.jar:/home/user/.m2/repository/io/netty/netty-codec-socks/4.1.30.Final/netty-codec-socks-4.1.30.Final.jar:/home/user/.m2/repository/io/netty/netty-transport-native-epoll/4.1.30.Final/netty-transport-native-epoll-4.1.30.Final.jar:/home/user/.m2/repository/io/netty/netty-common/4.1.30.Final/netty-common-4.1.30.Final.jar:/home/user/.m2/repository/io/netty/netty-buffer/4.1.30.Final/netty-buffer-4.1.30.Final.jar:/home/user/.m2/repository/io/netty/netty-transport/4.1.30.Final/netty-transport-4.1.30.Final.jar:/home/user/.m2/repository/io/netty/netty-resolver/4.1.30.Final/netty-resolver-4.1.30.Final.jar:/home/user/.m2/repository/io/netty/netty-transport-native-unix-common/4.1.30.Final/netty-transport-native-unix-common-4.1.30.Final.jar:/home/user/.m2/repository/io/grpc/grpc-protobuf/1.17.1/grpc-protobuf-1.17.1.jar:/home/user/.m2/repository/com/google/api/grpc/proto-google-common-protos/1.0.0/proto-google-common-protos-1.0.0.jar:/home/user/.m2/repository/io/grpc/grpc-protobuf-lite/1.17.1/grpc-protobuf-lite-1.17.1.jar:/home/user/.m2/repository/io/grpc/grpc-stub/1.17.1/grpc-stub-1.17.1.jar:/home/user/.m2/repository/org/apache/hadoop/hadoop-ozone-recon/0.5.0-SNAPSHOT/hadoop-ozone-recon-0.5.0-SNAPSHOT.jar:/home/user/.m2/repository/org/apache/hadoop/hadoop-ozone-reconcodegen/0.5.0-SNAPSHOT/hadoop-ozone-reconcodegen-0.5.0-SNAPSHOT.jar:/home/user/.m2/repository/com/google/inject/extensions/guice-multibindings/4.0/guice-multibindings-4.0.jar:/home/user/.m2/repository/com/google/inject/guice/4.0/guice-4.0.jar:/home/user/.m2/repository/aopalliance/aopalliance/1.0/aopalliance-1.0.jar:/home/user/.m2/repository/com/google/inject/extensions/guice-servlet/4.0/guice-servlet-4.0.jar:/home/user/.m2/repository/org/glassfish/jersey/containers/jersey-container-servlet/2.27/jersey-container-servlet-2.27.jar:/home/user/.m2/repository/org/glassfish/hk2/guice-bridge/2.5.0/guice-bridge-2.5.0.jar:/home/user/.m2/repository/org/glassfish/jersey/core/jersey-server/2.27/jersey-server-2.27.jar:/home/user/.m2/repository/org/glassfish/jersey/core/jersey-client/2.27/jersey-client-2.27.jar:/home/user/.m2/repository/org/glassfish/jersey/media/jersey-media-jaxb/2.27/jersey-media-jaxb-2.27.jar:/home/user/.m2/repository/javax/validation/validation-api/1.1.0.Final/validation-api-1.1.0.Final.jar:/home/user/.m2/repository/org/glassfish/jersey/media/jersey-media-json-jackson/2.27/jersey-media-json-jackson-2.27.jar:/home/user/.m2/repository/org/glassfish/jersey/ext/jersey-entity-filtering/2.27/jersey-entity-filtering-2.27.jar:/home/user/.m2/repository/com/google/inject/extensions/guice-assistedinject/4.0/guice-assistedinject-4.0.jar:/home/user/.m2/repository/org/jooq/jooq/3.11.10/jooq-3.11.10.jar:/home/user/.m2/repository/org/jooq/jooq-meta/3.11.10/jooq-meta-3.11.10.jar:/home/user/.m2/repository/org/jooq/jooq-codegen/3.11.10/jooq-codegen-3.11.10.jar:/home/user/.m2/repository/com/jolbox/bonecp/0.8.0.RELEASE/bonecp-0.8.0.RELEASE.jar:/home/user/.m2/repository/org/xerial/sqlite-jdbc/3.25.2/sqlite-jdbc-3.25.2.jar:/home/user/.m2/repository/org/springframework/spring-jdbc/5.1.3.RELEASE/spring-jdbc-5.1.3.RELEASE.jar:/home/user/.m2/repository/org/springframework/spring-beans/5.1.3.RELEASE/spring-beans-5.1.3.RELEASE.jar:/home/user/.m2/repository/org/springframework/spring-core/5.1.3.RELEASE/spring-core-5.1.3.RELEASE.jar:/home/user/.m2/repository/org/springframework/spring-jcl/5.1.3.RELEASE/spring-jcl-5.1.3.RELEASE.jar:/home/user/.m2/repository/org/springframework/spring-tx/5.1.3.RELEASE/spring-tx-5.1.3.RELEASE.jar:/home/user/.m2/repository/org/apache/hadoop/hadoop-ozone-client/0.5.0-SNAPSHOT/hadoop-ozone-client-0.5.0-SNAPSHOT.jar:/home/user/.m2/repository/commons-lang/commons-lang/2.6/commons-lang-2.6.jar:/home/user/.m2/repository/org/apache/hadoop/hadoop-ozone-ozone-manager/0.5.0-SNAPSHOT/hadoop-ozone-ozone-manager-0.5.0-SNAPSHOT-tests.jar:/home/user/.m2/repository/junit/junit/4.11/junit-4.11.jar:/home/user/.m2/repository/org/hamcrest/hamcrest-core/1.3/hamcrest-core-1.3.jar:/home/user/.m2/repository/org/openjdk/jmh/jmh-core/1.19/jmh-core-1.19.jar:/home/user/.m2/repository/net/sf/jopt-simple/jopt-simple/4.6/jopt-simple-4.6.jar:/home/user/.m2/repository/org/apache/commons/commons-math3/3.1.1/commons-math3-3.1.1.jar:/home/user/.m2/repository/org/openjdk/jmh/jmh-generator-annprocess/1.19/jmh-generator-annprocess-1.19.jar:/home/user/.m2/repository/org/mockito/mockito-all/1.8.5/mockito-all-1.8.5.jar:/home/user/.m2/repository/org/apache/hadoop/hadoop-kms/3.2.0/hadoop-kms-3.2.0.jar:/home/user/.m2/repository/org/apache/hadoop/hadoop-auth/3.2.0/hadoop-auth-3.2.0.jar:/home/user/.m2/repository/com/nimbusds/nimbus-jose-jwt/4.41.1/nimbus-jose-jwt-4.41.1.jar:/home/user/.m2/repository/com/github/stephenc/jcip/jcip-annotations/1.0-1/jcip-annotations-1.0-1.jar:/home/user/.m2/repository/net/minidev/json-smart/2.3/json-smart-2.3.jar:/home/user/.m2/repository/net/minidev/accessors-smart/1.2/accessors-smart-1.2.jar:/home/user/.m2/repository/org/ow2/asm/asm/5.0.4/asm-5.0.4.jar:/home/user/.m2/repository/org/apache/curator/curator-framework/2.12.0/curator-framework-2.12.0.jar:/home/user/.m2/repository/com/sun/jersey/jersey-core/1.19/jersey-core-1.19.jar:/home/user/.m2/repository/javax/ws/rs/jsr311-api/1.1.1/jsr311-api-1.1.1.jar:/home/user/.m2/repository/com/sun/jersey/jersey-server/1.19/jersey-server-1.19.jar:/home/user/.m2/repository/javax/servlet/javax.servlet-api/3.1.0/javax.servlet-api-3.1.0.jar:/home/user/.m2/repository/org/eclipse/jetty/jetty-server/9.3.25.v20180904/jetty-server-9.3.25.v20180904.jar:/home/user/.m2/repository/org/eclipse/jetty/jetty-http/9.3.25.v20180904/jetty-http-9.3.25.v20180904.jar:/home/user/.m2/repository/org/eclipse/jetty/jetty-io/9.3.25.v20180904/jetty-io-9.3.25.v20180904.jar:/home/user/.m2/repository/org/eclipse/jetty/jetty-webapp/9.3.25.v20180904/jetty-webapp-9.3.25.v20180904.jar:/home/user/.m2/repository/org/eclipse/jetty/jetty-xml/9.3.25.v20180904/jetty-xml-9.3.25.v20180904.jar:/home/user/.m2/repository/log4j/log4j/1.2.17/log4j-1.2.17.jar:/home/user/.m2/repository/org/slf4j/slf4j-api/1.7.25/slf4j-api-1.7.25.jar:/home/user/.m2/repository/org/slf4j/jul-to-slf4j/1.7.25/jul-to-slf4j-1.7.25.jar:/home/user/.m2/repository/org/eclipse/jetty/jetty-util/9.3.25.v20180904/jetty-util-9.3.25.v20180904.jar:/home/user/.m2/repository/com/fasterxml/jackson/core/jackson-databind/2.9.9/jackson-databind-2.9.9.jar:/home/user/.m2/repository/org/apache/hadoop/hadoop-kms/3.2.0/hadoop-kms-3.2.0-tests.jar:/home/user/.m2/repository/org/apache/hadoop/hadoop-hdds-server-scm/0.5.0-SNAPSHOT/hadoop-hdds-server-scm-0.5.0-SNAPSHOT-tests.jar:/home/user/.m2/repository/org/apache/hadoop/hadoop-hdds-container-service/0.5.0-SNAPSHOT/hadoop-hdds-container-service-0.5.0-SNAPSHOT-tests.jar:/home/user/.m2/repository/org/yaml/snakeyaml/1.16/snakeyaml-1.16.jar:/home/user/.m2/repository/org/apache/hadoop/hadoop-common/3.2.0/hadoop-common-3.2.0-tests.jar:/home/user/.m2/repository/org/apache/hadoop/hadoop-annotations/3.2.0/hadoop-annotations-3.2.0.jar:/usr/lib/jvm/java-1.8-openjdk/jre/../lib/tools.jar:/home/user/.m2/repository/commons-cli/commons-cli/1.2/commons-cli-1.2.jar:/home/user/.m2/repository/org/apache/httpcomponents/httpclient/4.5.2/httpclient-4.5.2.jar:/home/user/.m2/repository/org/apache/httpcomponents/httpcore/4.4.4/httpcore-4.4.4.jar:/home/user/.m2/repository/commons-codec/commons-codec/1.11/commons-codec-1.11.jar:/home/user/.m2/repository/commons-net/commons-net/3.6/commons-net-3.6.jar:/home/user/.m2/repository/commons-collections/commons-collections/3.2.2/commons-collections-3.2.2.jar:/home/user/.m2/repository/org/eclipse/jetty/jetty-servlet/9.3.25.v20180904/jetty-servlet-9.3.25.v20180904.jar:/home/user/.m2/repository/org/eclipse/jetty/jetty-security/9.3.25.v20180904/jetty-security-9.3.25.v20180904.jar:/home/user/.m2/repository/javax/servlet/jsp/jsp-api/2.1/jsp-api-2.1.jar:/home/user/.m2/repository/com/sun/jersey/jersey-servlet/1.19/jersey-servlet-1.19.jar:/home/user/.m2/repository/com/sun/jersey/jersey-json/1.19/jersey-json-1.19.jar:/home/user/.m2/repository/org/codehaus/jettison/jettison/1.1/jettison-1.1.jar:/home/user/.m2/repository/org/codehaus/jackson/jackson-core-asl/1.9.13/jackson-core-asl-1.9.13.jar:/home/user/.m2/repository/org/codehaus/jackson/jackson-mapper-asl/1.9.13/jackson-mapper-asl-1.9.13.jar:/home/user/.m2/repository/org/codehaus/jackson/jackson-jaxrs/1.9.13/jackson-jaxrs-1.9.13.jar:/home/user/.m2/repository/org/codehaus/jackson/jackson-xc/1.9.13/jackson-xc-1.9.13.jar:/home/user/.m2/repository/commons-logging/commons-logging/1.1.3/commons-logging-1.1.3.jar:/home/user/.m2/repository/commons-beanutils/commons-beanutils/1.9.4/commons-beanutils-1.9.4.jar:/home/user/.m2/repository/org/apache/commons/commons-configuration2/2.1.1/commons-configuration2-2.1.1.jar:/home/user/.m2/repository/org/apache/commons/commons-lang3/3.7/commons-lang3-3.7.jar:/home/user/.m2/repository/org/apache/commons/commons-text/1.4/commons-text-1.4.jar:/home/user/.m2/repository/org/apache/avro/avro/1.7.7/avro-1.7.7.jar:/home/user/.m2/repository/com/thoughtworks/paranamer/paranamer/2.3/paranamer-2.3.jar:/home/user/.m2/repository/org/xerial/snappy/snappy-java/1.0.5/snappy-java-1.0.5.jar:/home/user/.m2/repository/com/google/re2j/re2j/1.1/re2j-1.1.jar:/home/user/.m2/repository/com/google/code/gson/gson/2.2.4/gson-2.2.4.jar:/home/user/.m2/repository/com/jcraft/jsch/0.1.54/jsch-0.1.54.jar:/home/user/.m2/repository/org/apache/curator/curator-client/2.12.0/curator-client-2.12.0.jar:/home/user/.m2/repository/org/apache/curator/curator-recipes/2.12.0/curator-recipes-2.12.0.jar:/home/user/.m2/repository/com/google/code/findbugs/jsr305/3.0.0/jsr305-3.0.0.jar:/home/user/.m2/repository/org/apache/htrace/htrace-core4/4.1.0-incubating/htrace-core4-4.1.0-incubating.jar:/home/user/.m2/repository/org/apache/zookeeper/zookeeper/3.4.13/zookeeper-3.4.13.jar:/home/user/.m2/repository/jline/jline/0.9.94/jline-0.9.94.jar:/home/user/.m2/repository/org/apache/yetus/audience-annotations/0.5.0/audience-annotations-0.5.0.jar:/home/user/.m2/repository/org/codehaus/woodstox/stax2-api/3.1.4/stax2-api-3.1.4.jar:/home/user/.m2/repository/com/fasterxml/woodstox/woodstox-core/5.0.3/woodstox-core-5.0.3.jar:/home/user/.m2/repository/dnsjava/dnsjava/2.1.7/dnsjava-2.1.7.jar:/home/user/.m2/repository/org/apache/hadoop/hadoop-hdfs/3.2.0/hadoop-hdfs-3.2.0-tests.jar:/home/user/.m2/repository/org/eclipse/jetty/jetty-util-ajax/9.3.25.v20180904/jetty-util-ajax-9.3.25.v20180904.jar:/home/user/.m2/repository/commons-daemon/commons-daemon/1.0.13/commons-daemon-1.0.13.jar:/home/user/.m2/repository/io/netty/netty/3.10.5.Final/netty-3.10.5.Final.jar:/home/user/.m2/repository/io/netty/netty-all/4.0.52.Final/netty-all-4.0.52.Final.jar:/home/user/.m2/repository/org/fusesource/leveldbjni/leveldbjni-all/1.8/leveldbjni-all-1.8.jar:"/>
    <property name="java.vm.vendor" value="IcedTea"/>
    <property name="sun.arch.data.model" value="64"/>
    <property name="test.build.dir" value="/workdir/hadoop-ozone/integration-test/target/test-dir"/>
    <property name="test.cache.data" value=""/>
    <property name="java.vendor.url" value="https://icedtea.classpath.org"/>
    <property name="user.timezone" value=""/>
    <property name="java.vm.specification.version" value="1.8"/>
    <property name="os.name" value="Linux"/>
    <property name="test.build.data" value="/workdir/hadoop-ozone/integration-test/target/test-dir"/>
    <property name="user.country" value="US"/>
    <property name="sun.java.launcher" value="SUN_STANDARD"/>
    <property name="sun.boot.library.path" value="/usr/lib/jvm/java-1.8-openjdk/jre/lib/amd64"/>
    <property name="sun.java.command" value="/workdir/hadoop-ozone/integration-test/target/surefire/surefirebooter5838634600202623875.jar /workdir/hadoop-ozone/integration-test/target/surefire 2019-10-03T13-01-38_560-jvmRun1 surefire7100766805058463904tmp surefire_653257312566862171575tmp"/>
    <property name="test" value="!TestMiniChaosOzoneCluster"/>
    <property name="surefire.test.class.path" value="/workdir/hadoop-ozone/integration-test/target/test-classes:/workdir/hadoop-ozone/integration-test/target/classes:/home/user/.m2/repository/org/apache/hadoop/hadoop-ozone-common/0.5.0-SNAPSHOT/hadoop-ozone-common-0.5.0-SNAPSHOT.jar:/home/user/.m2/repository/org/apache/commons/commons-compress/1.4.1/commons-compress-1.4.1.jar:/home/user/.m2/repository/org/tukaani/xz/1.0/xz-1.0.jar:/home/user/.m2/repository/org/apache/hadoop/hadoop-common/3.2.0/hadoop-common-3.2.0.jar:/home/user/.m2/repository/org/apache/hadoop/hadoop-hdfs/3.2.0/hadoop-hdfs-3.2.0.jar:/home/user/.m2/repository/org/apache/hadoop/hadoop-hdfs-client/3.2.0/hadoop-hdfs-client-3.2.0.jar:/home/user/.m2/repository/com/fasterxml/jackson/core/jackson-annotations/2.9.9/jackson-annotations-2.9.9.jar:/home/user/.m2/repository/org/apache/hadoop/hadoop-hdds-common/0.5.0-SNAPSHOT/hadoop-hdds-common-0.5.0-SNAPSHOT.jar:/home/user/.m2/repository/javax/annotation/javax.annotation-api/1.2/javax.annotation-api-1.2.jar:/home/user/.m2/repository/org/apache/ratis/ratis-server/0.5.0-201fc85-SNAPSHOT/ratis-server-0.5.0-201fc85-SNAPSHOT.jar:/home/user/.m2/repository/org/apache/ratis/ratis-thirdparty-misc/0.2.0/ratis-thirdparty-misc-0.2.0.jar:/home/user/.m2/repository/org/apache/ratis/ratis-proto/0.5.0-201fc85-SNAPSHOT/ratis-proto-0.5.0-201fc85-SNAPSHOT.jar:/home/user/.m2/repository/org/apache/ratis/ratis-common/0.5.0-201fc85-SNAPSHOT/ratis-common-0.5.0-201fc85-SNAPSHOT.jar:/home/user/.m2/repository/org/apache/ratis/ratis-client/0.5.0-201fc85-SNAPSHOT/ratis-client-0.5.0-201fc85-SNAPSHOT.jar:/home/user/.m2/repository/org/apache/ratis/ratis-metrics/0.5.0-201fc85-SNAPSHOT/ratis-metrics-0.5.0-201fc85-SNAPSHOT.jar:/home/user/.m2/repository/com/github/joshelser/dropwizard-metrics-hadoop-metrics2-reporter/0.1.2/dropwizard-metrics-hadoop-metrics2-reporter-0.1.2.jar:/home/user/.m2/repository/io/dropwizard/metrics/metrics-jvm/3.2.5/metrics-jvm-3.2.5.jar:/home/user/.m2/repository/io/dropwizard/metrics/metrics-ganglia/3.2.5/metrics-ganglia-3.2.5.jar:/home/user/.m2/repository/info/ganglia/gmetric4j/gmetric4j/1.0.7/gmetric4j-1.0.7.jar:/home/user/.m2/repository/org/apache/ratis/ratis-netty/0.5.0-201fc85-SNAPSHOT/ratis-netty-0.5.0-201fc85-SNAPSHOT.jar:/home/user/.m2/repository/org/apache/ratis/ratis-grpc/0.5.0-201fc85-SNAPSHOT/ratis-grpc-0.5.0-201fc85-SNAPSHOT.jar:/home/user/.m2/repository/org/rocksdb/rocksdbjni/6.0.1/rocksdbjni-6.0.1.jar:/home/user/.m2/repository/org/apache/logging/log4j/log4j-api/2.11.0/log4j-api-2.11.0.jar:/home/user/.m2/repository/org/apache/logging/log4j/log4j-core/2.11.0/log4j-core-2.11.0.jar:/home/user/.m2/repository/com/lmax/disruptor/3.4.2/disruptor-3.4.2.jar:/home/user/.m2/repository/org/apache/commons/commons-pool2/2.6.0/commons-pool2-2.6.0.jar:/home/user/.m2/repository/org/bouncycastle/bcpkix-jdk15on/1.60/bcpkix-jdk15on-1.60.jar:/home/user/.m2/repository/commons-validator/commons-validator/1.6/commons-validator-1.6.jar:/home/user/.m2/repository/commons-digester/commons-digester/1.8.1/commons-digester-1.8.1.jar:/home/user/.m2/repository/io/jaegertracing/jaeger-client/0.34.0/jaeger-client-0.34.0.jar:/home/user/.m2/repository/io/jaegertracing/jaeger-thrift/0.34.0/jaeger-thrift-0.34.0.jar:/home/user/.m2/repository/org/apache/thrift/libthrift/0.12.0/libthrift-0.12.0.jar:/home/user/.m2/repository/com/squareup/okhttp3/okhttp/3.9.0/okhttp-3.9.0.jar:/home/user/.m2/repository/com/squareup/okio/okio/1.13.0/okio-1.13.0.jar:/home/user/.m2/repository/io/jaegertracing/jaeger-core/0.34.0/jaeger-core-0.34.0.jar:/home/user/.m2/repository/io/jaegertracing/jaeger-tracerresolver/0.34.0/jaeger-tracerresolver-0.34.0.jar:/home/user/.m2/repository/io/opentracing/contrib/opentracing-tracerresolver/0.1.5/opentracing-tracerresolver-0.1.5.jar:/home/user/.m2/repository/io/opentracing/opentracing-util/0.31.0/opentracing-util-0.31.0.jar:/home/user/.m2/repository/io/opentracing/opentracing-api/0.31.0/opentracing-api-0.31.0.jar:/home/user/.m2/repository/io/opentracing/opentracing-noop/0.31.0/opentracing-noop-0.31.0.jar:/home/user/.m2/repository/org/apache/hadoop/hadoop-hdds-server-framework/0.5.0-SNAPSHOT/hadoop-hdds-server-framework-0.5.0-SNAPSHOT.jar:/home/user/.m2/repository/org/apache/hadoop/hadoop-hdds-container-service/0.5.0-SNAPSHOT/hadoop-hdds-container-service-0.5.0-SNAPSHOT.jar:/home/user/.m2/repository/org/apache/hadoop/hadoop-hdds-client/0.5.0-SNAPSHOT/hadoop-hdds-client-0.5.0-SNAPSHOT.jar:/home/user/.m2/repository/org/apache/hadoop/hadoop-hdds-tools/0.5.0-SNAPSHOT/hadoop-hdds-tools-0.5.0-SNAPSHOT.jar:/home/user/.m2/repository/org/apache/hadoop/hadoop-hdds-server-scm/0.5.0-SNAPSHOT/hadoop-hdds-server-scm-0.5.0-SNAPSHOT.jar:/home/user/.m2/repository/org/apache/hadoop/hadoop-hdds-docs/0.5.0-SNAPSHOT/hadoop-hdds-docs-0.5.0-SNAPSHOT.jar:/home/user/.m2/repository/io/dropwizard/metrics/metrics-core/3.2.4/metrics-core-3.2.4.jar:/home/user/.m2/repository/org/hamcrest/hamcrest-all/1.3/hamcrest-all-1.3.jar:/home/user/.m2/repository/org/bouncycastle/bcprov-jdk15on/1.60/bcprov-jdk15on-1.60.jar:/home/user/.m2/repository/info/picocli/picocli/3.9.6/picocli-3.9.6.jar:/home/user/.m2/repository/com/google/protobuf/protobuf-java/2.5.0/protobuf-java-2.5.0.jar:/home/user/.m2/repository/com/google/guava/guava/11.0.2/guava-11.0.2.jar:/home/user/.m2/repository/org/apache/hadoop/hadoop-ozone-ozone-manager/0.5.0-SNAPSHOT/hadoop-ozone-ozone-manager-0.5.0-SNAPSHOT.jar:/home/user/.m2/repository/org/apache/hadoop/hadoop-minikdc/3.2.0/hadoop-minikdc-3.2.0.jar:/home/user/.m2/repository/commons-io/commons-io/2.5/commons-io-2.5.jar:/home/user/.m2/repository/org/apache/kerby/kerb-simplekdc/1.0.1/kerb-simplekdc-1.0.1.jar:/home/user/.m2/repository/org/apache/kerby/kerb-client/1.0.1/kerb-client-1.0.1.jar:/home/user/.m2/repository/org/apache/kerby/kerby-config/1.0.1/kerby-config-1.0.1.jar:/home/user/.m2/repository/org/apache/kerby/kerb-core/1.0.1/kerb-core-1.0.1.jar:/home/user/.m2/repository/org/apache/kerby/kerby-pkix/1.0.1/kerby-pkix-1.0.1.jar:/home/user/.m2/repository/org/apache/kerby/kerby-asn1/1.0.1/kerby-asn1-1.0.1.jar:/home/user/.m2/repository/org/apache/kerby/kerby-util/1.0.1/kerby-util-1.0.1.jar:/home/user/.m2/repository/org/apache/kerby/kerb-common/1.0.1/kerb-common-1.0.1.jar:/home/user/.m2/repository/org/apache/kerby/kerb-crypto/1.0.1/kerb-crypto-1.0.1.jar:/home/user/.m2/repository/org/apache/kerby/kerb-util/1.0.1/kerb-util-1.0.1.jar:/home/user/.m2/repository/org/apache/kerby/token-provider/1.0.1/token-provider-1.0.1.jar:/home/user/.m2/repository/org/apache/kerby/kerb-admin/1.0.1/kerb-admin-1.0.1.jar:/home/user/.m2/repository/org/apache/kerby/kerb-server/1.0.1/kerb-server-1.0.1.jar:/home/user/.m2/repository/org/apache/kerby/kerb-identity/1.0.1/kerb-identity-1.0.1.jar:/home/user/.m2/repository/org/apache/kerby/kerby-xdr/1.0.1/kerby-xdr-1.0.1.jar:/home/user/.m2/repository/org/slf4j/slf4j-log4j12/1.7.25/slf4j-log4j12-1.7.25.jar:/home/user/.m2/repository/org/apache/hadoop/hadoop-ozone-s3gateway/0.5.0-SNAPSHOT/hadoop-ozone-s3gateway-0.5.0-SNAPSHOT.jar:/home/user/.m2/repository/org/jboss/weld/servlet/weld-servlet/2.4.7.Final/weld-servlet-2.4.7.Final.jar:/home/user/.m2/repository/org/glassfish/jersey/containers/jersey-container-servlet-core/2.27/jersey-container-servlet-core-2.27.jar:/home/user/.m2/repository/org/glassfish/hk2/external/javax.inject/2.5.0-b42/javax.inject-2.5.0-b42.jar:/home/user/.m2/repository/org/glassfish/jersey/core/jersey-common/2.27/jersey-common-2.27.jar:/home/user/.m2/repository/org/glassfish/hk2/osgi-resource-locator/1.0.1/osgi-resource-locator-1.0.1.jar:/home/user/.m2/repository/javax/ws/rs/javax.ws.rs-api/2.1/javax.ws.rs-api-2.1.jar:/home/user/.m2/repository/org/glassfish/jersey/ext/cdi/jersey-cdi1x/2.27/jersey-cdi1x-2.27.jar:/home/user/.m2/repository/org/glassfish/jersey/inject/jersey-hk2/2.27/jersey-hk2-2.27.jar:/home/user/.m2/repository/org/glassfish/hk2/hk2-locator/2.5.0-b42/hk2-locator-2.5.0-b42.jar:/home/user/.m2/repository/org/javassist/javassist/3.22.0-CR2/javassist-3.22.0-CR2.jar:/home/user/.m2/repository/org/glassfish/hk2/hk2-api/2.5.0/hk2-api-2.5.0.jar:/home/user/.m2/repository/org/glassfish/hk2/external/jakarta.inject/2.5.0/jakarta.inject-2.5.0.jar:/home/user/.m2/repository/org/glassfish/hk2/hk2-utils/2.5.0/hk2-utils-2.5.0.jar:/home/user/.m2/repository/jakarta/annotation/jakarta.annotation-api/1.3.4/jakarta.annotation-api-1.3.4.jar:/home/user/.m2/repository/org/glassfish/hk2/external/aopalliance-repackaged/2.5.0/aopalliance-repackaged-2.5.0.jar:/home/user/.m2/repository/com/fasterxml/jackson/dataformat/jackson-dataformat-xml/2.9.0/jackson-dataformat-xml-2.9.0.jar:/home/user/.m2/repository/com/fasterxml/jackson/core/jackson-core/2.9.9/jackson-core-2.9.9.jar:/home/user/.m2/repository/com/fasterxml/jackson/module/jackson-module-jaxb-annotations/2.9.9/jackson-module-jaxb-annotations-2.9.9.jar:/home/user/.m2/repository/javax/enterprise/cdi-api/1.2/cdi-api-1.2.jar:/home/user/.m2/repository/javax/el/javax.el-api/3.0.0/javax.el-api-3.0.0.jar:/home/user/.m2/repository/javax/interceptor/javax.interceptor-api/1.2/javax.interceptor-api-1.2.jar:/home/user/.m2/repository/javax/inject/javax.inject/1/javax.inject-1.jar:/home/user/.m2/repository/com/sun/xml/bind/jaxb-impl/2.3.0.1/jaxb-impl-2.3.0.1.jar:/home/user/.m2/repository/com/sun/xml/bind/jaxb-core/2.3.0.1/jaxb-core-2.3.0.1.jar:/home/user/.m2/repository/javax/xml/bind/jaxb-api/2.3.0/jaxb-api-2.3.0.jar:/home/user/.m2/repository/javax/activation/activation/1.1.1/activation-1.1.1.jar:/home/user/.m2/repository/org/apache/hadoop/hadoop-ozone-csi/0.5.0-SNAPSHOT/hadoop-ozone-csi-0.5.0-SNAPSHOT.jar:/home/user/.m2/repository/com/google/protobuf/protobuf-java-util/3.5.1/protobuf-java-util-3.5.1.jar:/home/user/.m2/repository/org/apache/hadoop/hadoop-hdds-config/0.5.0-SNAPSHOT/hadoop-hdds-config-0.5.0-SNAPSHOT.jar:/home/user/.m2/repository/io/grpc/grpc-netty/1.17.1/grpc-netty-1.17.1.jar:/home/user/.m2/repository/io/grpc/grpc-core/1.17.1/grpc-core-1.17.1.jar:/home/user/.m2/repository/io/grpc/grpc-context/1.17.1/grpc-context-1.17.1.jar:/home/user/.m2/repository/com/google/errorprone/error_prone_annotations/2.2.0/error_prone_annotations-2.2.0.jar:/home/user/.m2/repository/org/codehaus/mojo/animal-sniffer-annotations/1.17/animal-sniffer-annotations-1.17.jar:/home/user/.m2/repository/io/opencensus/opencensus-api/0.17.0/opencensus-api-0.17.0.jar:/home/user/.m2/repository/io/opencensus/opencensus-contrib-grpc-metrics/0.17.0/opencensus-contrib-grpc-metrics-0.17.0.jar:/home/user/.m2/repository/io/netty/netty-codec-http2/4.1.30.Final/netty-codec-http2-4.1.30.Final.jar:/home/user/.m2/repository/io/netty/netty-codec-http/4.1.30.Final/netty-codec-http-4.1.30.Final.jar:/home/user/.m2/repository/io/netty/netty-codec/4.1.30.Final/netty-codec-4.1.30.Final.jar:/home/user/.m2/repository/io/netty/netty-handler/4.1.30.Final/netty-handler-4.1.30.Final.jar:/home/user/.m2/repository/io/netty/netty-handler-proxy/4.1.30.Final/netty-handler-proxy-4.1.30.Final.jar:/home/user/.m2/repository/io/netty/netty-codec-socks/4.1.30.Final/netty-codec-socks-4.1.30.Final.jar:/home/user/.m2/repository/io/netty/netty-transport-native-epoll/4.1.30.Final/netty-transport-native-epoll-4.1.30.Final.jar:/home/user/.m2/repository/io/netty/netty-common/4.1.30.Final/netty-common-4.1.30.Final.jar:/home/user/.m2/repository/io/netty/netty-buffer/4.1.30.Final/netty-buffer-4.1.30.Final.jar:/home/user/.m2/repository/io/netty/netty-transport/4.1.30.Final/netty-transport-4.1.30.Final.jar:/home/user/.m2/repository/io/netty/netty-resolver/4.1.30.Final/netty-resolver-4.1.30.Final.jar:/home/user/.m2/repository/io/netty/netty-transport-native-unix-common/4.1.30.Final/netty-transport-native-unix-common-4.1.30.Final.jar:/home/user/.m2/repository/io/grpc/grpc-protobuf/1.17.1/grpc-protobuf-1.17.1.jar:/home/user/.m2/repository/com/google/api/grpc/proto-google-common-protos/1.0.0/proto-google-common-protos-1.0.0.jar:/home/user/.m2/repository/io/grpc/grpc-protobuf-lite/1.17.1/grpc-protobuf-lite-1.17.1.jar:/home/user/.m2/repository/io/grpc/grpc-stub/1.17.1/grpc-stub-1.17.1.jar:/home/user/.m2/repository/org/apache/hadoop/hadoop-ozone-recon/0.5.0-SNAPSHOT/hadoop-ozone-recon-0.5.0-SNAPSHOT.jar:/home/user/.m2/repository/org/apache/hadoop/hadoop-ozone-reconcodegen/0.5.0-SNAPSHOT/hadoop-ozone-reconcodegen-0.5.0-SNAPSHOT.jar:/home/user/.m2/repository/com/google/inject/extensions/guice-multibindings/4.0/guice-multibindings-4.0.jar:/home/user/.m2/repository/com/google/inject/guice/4.0/guice-4.0.jar:/home/user/.m2/repository/aopalliance/aopalliance/1.0/aopalliance-1.0.jar:/home/user/.m2/repository/com/google/inject/extensions/guice-servlet/4.0/guice-servlet-4.0.jar:/home/user/.m2/repository/org/glassfish/jersey/containers/jersey-container-servlet/2.27/jersey-container-servlet-2.27.jar:/home/user/.m2/repository/org/glassfish/hk2/guice-bridge/2.5.0/guice-bridge-2.5.0.jar:/home/user/.m2/repository/org/glassfish/jersey/core/jersey-server/2.27/jersey-server-2.27.jar:/home/user/.m2/repository/org/glassfish/jersey/core/jersey-client/2.27/jersey-client-2.27.jar:/home/user/.m2/repository/org/glassfish/jersey/media/jersey-media-jaxb/2.27/jersey-media-jaxb-2.27.jar:/home/user/.m2/repository/javax/validation/validation-api/1.1.0.Final/validation-api-1.1.0.Final.jar:/home/user/.m2/repository/org/glassfish/jersey/media/jersey-media-json-jackson/2.27/jersey-media-json-jackson-2.27.jar:/home/user/.m2/repository/org/glassfish/jersey/ext/jersey-entity-filtering/2.27/jersey-entity-filtering-2.27.jar:/home/user/.m2/repository/com/google/inject/extensions/guice-assistedinject/4.0/guice-assistedinject-4.0.jar:/home/user/.m2/repository/org/jooq/jooq/3.11.10/jooq-3.11.10.jar:/home/user/.m2/repository/org/jooq/jooq-meta/3.11.10/jooq-meta-3.11.10.jar:/home/user/.m2/repository/org/jooq/jooq-codegen/3.11.10/jooq-codegen-3.11.10.jar:/home/user/.m2/repository/com/jolbox/bonecp/0.8.0.RELEASE/bonecp-0.8.0.RELEASE.jar:/home/user/.m2/repository/org/xerial/sqlite-jdbc/3.25.2/sqlite-jdbc-3.25.2.jar:/home/user/.m2/repository/org/springframework/spring-jdbc/5.1.3.RELEASE/spring-jdbc-5.1.3.RELEASE.jar:/home/user/.m2/repository/org/springframework/spring-beans/5.1.3.RELEASE/spring-beans-5.1.3.RELEASE.jar:/home/user/.m2/repository/org/springframework/spring-core/5.1.3.RELEASE/spring-core-5.1.3.RELEASE.jar:/home/user/.m2/repository/org/springframework/spring-jcl/5.1.3.RELEASE/spring-jcl-5.1.3.RELEASE.jar:/home/user/.m2/repository/org/springframework/spring-tx/5.1.3.RELEASE/spring-tx-5.1.3.RELEASE.jar:/home/user/.m2/repository/org/apache/hadoop/hadoop-ozone-client/0.5.0-SNAPSHOT/hadoop-ozone-client-0.5.0-SNAPSHOT.jar:/home/user/.m2/repository/commons-lang/commons-lang/2.6/commons-lang-2.6.jar:/home/user/.m2/repository/org/apache/hadoop/hadoop-ozone-ozone-manager/0.5.0-SNAPSHOT/hadoop-ozone-ozone-manager-0.5.0-SNAPSHOT-tests.jar:/home/user/.m2/repository/junit/junit/4.11/junit-4.11.jar:/home/user/.m2/repository/org/hamcrest/hamcrest-core/1.3/hamcrest-core-1.3.jar:/home/user/.m2/repository/org/openjdk/jmh/jmh-core/1.19/jmh-core-1.19.jar:/home/user/.m2/repository/net/sf/jopt-simple/jopt-simple/4.6/jopt-simple-4.6.jar:/home/user/.m2/repository/org/apache/commons/commons-math3/3.1.1/commons-math3-3.1.1.jar:/home/user/.m2/repository/org/openjdk/jmh/jmh-generator-annprocess/1.19/jmh-generator-annprocess-1.19.jar:/home/user/.m2/repository/org/mockito/mockito-all/1.8.5/mockito-all-1.8.5.jar:/home/user/.m2/repository/org/apache/hadoop/hadoop-kms/3.2.0/hadoop-kms-3.2.0.jar:/home/user/.m2/repository/org/apache/hadoop/hadoop-auth/3.2.0/hadoop-auth-3.2.0.jar:/home/user/.m2/repository/com/nimbusds/nimbus-jose-jwt/4.41.1/nimbus-jose-jwt-4.41.1.jar:/home/user/.m2/repository/com/github/stephenc/jcip/jcip-annotations/1.0-1/jcip-annotations-1.0-1.jar:/home/user/.m2/repository/net/minidev/json-smart/2.3/json-smart-2.3.jar:/home/user/.m2/repository/net/minidev/accessors-smart/1.2/accessors-smart-1.2.jar:/home/user/.m2/repository/org/ow2/asm/asm/5.0.4/asm-5.0.4.jar:/home/user/.m2/repository/org/apache/curator/curator-framework/2.12.0/curator-framework-2.12.0.jar:/home/user/.m2/repository/com/sun/jersey/jersey-core/1.19/jersey-core-1.19.jar:/home/user/.m2/repository/javax/ws/rs/jsr311-api/1.1.1/jsr311-api-1.1.1.jar:/home/user/.m2/repository/com/sun/jersey/jersey-server/1.19/jersey-server-1.19.jar:/home/user/.m2/repository/javax/servlet/javax.servlet-api/3.1.0/javax.servlet-api-3.1.0.jar:/home/user/.m2/repository/org/eclipse/jetty/jetty-server/9.3.25.v20180904/jetty-server-9.3.25.v20180904.jar:/home/user/.m2/repository/org/eclipse/jetty/jetty-http/9.3.25.v20180904/jetty-http-9.3.25.v20180904.jar:/home/user/.m2/repository/org/eclipse/jetty/jetty-io/9.3.25.v20180904/jetty-io-9.3.25.v20180904.jar:/home/user/.m2/repository/org/eclipse/jetty/jetty-webapp/9.3.25.v20180904/jetty-webapp-9.3.25.v20180904.jar:/home/user/.m2/repository/org/eclipse/jetty/jetty-xml/9.3.25.v20180904/jetty-xml-9.3.25.v20180904.jar:/home/user/.m2/repository/log4j/log4j/1.2.17/log4j-1.2.17.jar:/home/user/.m2/repository/org/slf4j/slf4j-api/1.7.25/slf4j-api-1.7.25.jar:/home/user/.m2/repository/org/slf4j/jul-to-slf4j/1.7.25/jul-to-slf4j-1.7.25.jar:/home/user/.m2/repository/org/eclipse/jetty/jetty-util/9.3.25.v20180904/jetty-util-9.3.25.v20180904.jar:/home/user/.m2/repository/com/fasterxml/jackson/core/jackson-databind/2.9.9/jackson-databind-2.9.9.jar:/home/user/.m2/repository/org/apache/hadoop/hadoop-kms/3.2.0/hadoop-kms-3.2.0-tests.jar:/home/user/.m2/repository/org/apache/hadoop/hadoop-hdds-server-scm/0.5.0-SNAPSHOT/hadoop-hdds-server-scm-0.5.0-SNAPSHOT-tests.jar:/home/user/.m2/repository/org/apache/hadoop/hadoop-hdds-container-service/0.5.0-SNAPSHOT/hadoop-hdds-container-service-0.5.0-SNAPSHOT-tests.jar:/home/user/.m2/repository/org/yaml/snakeyaml/1.16/snakeyaml-1.16.jar:/home/user/.m2/repository/org/apache/hadoop/hadoop-common/3.2.0/hadoop-common-3.2.0-tests.jar:/home/user/.m2/repository/org/apache/hadoop/hadoop-annotations/3.2.0/hadoop-annotations-3.2.0.jar:/usr/lib/jvm/java-1.8-openjdk/jre/../lib/tools.jar:/home/user/.m2/repository/commons-cli/commons-cli/1.2/commons-cli-1.2.jar:/home/user/.m2/repository/org/apache/httpcomponents/httpclient/4.5.2/httpclient-4.5.2.jar:/home/user/.m2/repository/org/apache/httpcomponents/httpcore/4.4.4/httpcore-4.4.4.jar:/home/user/.m2/repository/commons-codec/commons-codec/1.11/commons-codec-1.11.jar:/home/user/.m2/repository/commons-net/commons-net/3.6/commons-net-3.6.jar:/home/user/.m2/repository/commons-collections/commons-collections/3.2.2/commons-collections-3.2.2.jar:/home/user/.m2/repository/org/eclipse/jetty/jetty-servlet/9.3.25.v20180904/jetty-servlet-9.3.25.v20180904.jar:/home/user/.m2/repository/org/eclipse/jetty/jetty-security/9.3.25.v20180904/jetty-security-9.3.25.v20180904.jar:/home/user/.m2/repository/javax/servlet/jsp/jsp-api/2.1/jsp-api-2.1.jar:/home/user/.m2/repository/com/sun/jersey/jersey-servlet/1.19/jersey-servlet-1.19.jar:/home/user/.m2/repository/com/sun/jersey/jersey-json/1.19/jersey-json-1.19.jar:/home/user/.m2/repository/org/codehaus/jettison/jettison/1.1/jettison-1.1.jar:/home/user/.m2/repository/org/codehaus/jackson/jackson-core-asl/1.9.13/jackson-core-asl-1.9.13.jar:/home/user/.m2/repository/org/codehaus/jackson/jackson-mapper-asl/1.9.13/jackson-mapper-asl-1.9.13.jar:/home/user/.m2/repository/org/codehaus/jackson/jackson-jaxrs/1.9.13/jackson-jaxrs-1.9.13.jar:/home/user/.m2/repository/org/codehaus/jackson/jackson-xc/1.9.13/jackson-xc-1.9.13.jar:/home/user/.m2/repository/commons-logging/commons-logging/1.1.3/commons-logging-1.1.3.jar:/home/user/.m2/repository/commons-beanutils/commons-beanutils/1.9.4/commons-beanutils-1.9.4.jar:/home/user/.m2/repository/org/apache/commons/commons-configuration2/2.1.1/commons-configuration2-2.1.1.jar:/home/user/.m2/repository/org/apache/commons/commons-lang3/3.7/commons-lang3-3.7.jar:/home/user/.m2/repository/org/apache/commons/commons-text/1.4/commons-text-1.4.jar:/home/user/.m2/repository/org/apache/avro/avro/1.7.7/avro-1.7.7.jar:/home/user/.m2/repository/com/thoughtworks/paranamer/paranamer/2.3/paranamer-2.3.jar:/home/user/.m2/repository/org/xerial/snappy/snappy-java/1.0.5/snappy-java-1.0.5.jar:/home/user/.m2/repository/com/google/re2j/re2j/1.1/re2j-1.1.jar:/home/user/.m2/repository/com/google/code/gson/gson/2.2.4/gson-2.2.4.jar:/home/user/.m2/repository/com/jcraft/jsch/0.1.54/jsch-0.1.54.jar:/home/user/.m2/repository/org/apache/curator/curator-client/2.12.0/curator-client-2.12.0.jar:/home/user/.m2/repository/org/apache/curator/curator-recipes/2.12.0/curator-recipes-2.12.0.jar:/home/user/.m2/repository/com/google/code/findbugs/jsr305/3.0.0/jsr305-3.0.0.jar:/home/user/.m2/repository/org/apache/htrace/htrace-core4/4.1.0-incubating/htrace-core4-4.1.0-incubating.jar:/home/user/.m2/repository/org/apache/zookeeper/zookeeper/3.4.13/zookeeper-3.4.13.jar:/home/user/.m2/repository/jline/jline/0.9.94/jline-0.9.94.jar:/home/user/.m2/repository/org/apache/yetus/audience-annotations/0.5.0/audience-annotations-0.5.0.jar:/home/user/.m2/repository/org/codehaus/woodstox/stax2-api/3.1.4/stax2-api-3.1.4.jar:/home/user/.m2/repository/com/fasterxml/woodstox/woodstox-core/5.0.3/woodstox-core-5.0.3.jar:/home/user/.m2/repository/dnsjava/dnsjava/2.1.7/dnsjava-2.1.7.jar:/home/user/.m2/repository/org/apache/hadoop/hadoop-hdfs/3.2.0/hadoop-hdfs-3.2.0-tests.jar:/home/user/.m2/repository/org/eclipse/jetty/jetty-util-ajax/9.3.25.v20180904/jetty-util-ajax-9.3.25.v20180904.jar:/home/user/.m2/repository/commons-daemon/commons-daemon/1.0.13/commons-daemon-1.0.13.jar:/home/user/.m2/repository/io/netty/netty/3.10.5.Final/netty-3.10.5.Final.jar:/home/user/.m2/repository/io/netty/netty-all/4.0.52.Final/netty-all-4.0.52.Final.jar:/home/user/.m2/repository/org/fusesource/leveldbjni/leveldbjni-all/1.8/leveldbjni-all-1.8.jar:"/>
    <property name="sun.cpu.endian" value="little"/>
    <property name="user.home" value="/home/user"/>
    <property name="user.language" value="en"/>
    <property name="java.specification.vendor" value="Oracle Corporation"/>
    <property name="java.home" value="/usr/lib/jvm/java-1.8-openjdk/jre"/>
    <property name="java.security.krb5.conf" value="/workdir/hadoop-ozone/integration-test/target/test-classes/krb5.conf"/>
    <property name="basedir" value="/workdir/hadoop-ozone/integration-test"/>
    <property name="file.separator" value="/"/>
    <property name="line.separator" value="&#10;"/>
    <property name="java.vm.specification.vendor" value="Oracle Corporation"/>
    <property name="java.specification.name" value="Java Platform API Specification"/>
    <property name="java.awt.graphicsenv" value="sun.awt.X11GraphicsEnvironment"/>
    <property name="surefire.real.class.path" value="/workdir/hadoop-ozone/integration-test/target/surefire/surefirebooter5838634600202623875.jar"/>
    <property name="hadoop.log.dir" value="/workdir/hadoop-ozone/integration-test/target/log"/>
    <property name="sun.boot.class.path" value="/usr/lib/jvm/java-1.8-openjdk/jre/lib/resources.jar:/usr/lib/jvm/java-1.8-openjdk/jre/lib/rt.jar:/usr/lib/jvm/java-1.8-openjdk/jre/lib/sunrsasign.jar:/usr/lib/jvm/java-1.8-openjdk/jre/lib/jsse.jar:/usr/lib/jvm/java-1.8-openjdk/jre/lib/jce.jar:/usr/lib/jvm/java-1.8-openjdk/jre/lib/charsets.jar:/usr/lib/jvm/java-1.8-openjdk/jre/lib/jfr.jar:/usr/lib/jvm/java-1.8-openjdk/jre/classes"/>
    <property name="sun.management.compiler" value="HotSpot 64-Bit Tiered Compilers"/>
    <property name="java.runtime.version" value="1.8.0_212-b04"/>
    <property name="java.net.preferIPv4Stack" value="true"/>
    <property name="user.name" value="jenkins1000"/>
    <property name="path.separator" value=":"/>
    <property name="java.security.egd" value="file:///dev/urandom"/>
    <property name="os.version" value="3.10.0-957.12.2.el7.x86_64"/>
    <property name="java.endorsed.dirs" value="/usr/lib/jvm/java-1.8-openjdk/jre/lib/endorsed"/>
    <property name="java.runtime.name" value="OpenJDK Runtime Environment"/>
    <property name="file.encoding" value="UTF-8"/>
    <property name="java.vm.name" value="OpenJDK 64-Bit Server VM"/>
    <property name="test.build.webapps" value=""/>
    <property name="localRepository" value="/home/user/.m2/repository"/>
    <property name="java.vendor.url.bug" value="https://icedtea.classpath.org/bugzilla"/>
    <property name="java.io.tmpdir" value="/tmp"/>
    <property name="require.test.libhadoop" value=""/>
    <property name="java.version" value="1.8.0_212"/>
    <property name="user.dir" value="/workdir/hadoop-ozone/integration-test"/>
    <property name="os.arch" value="amd64"/>
    <property name="java.vm.specification.name" value="Java Virtual Machine Specification"/>
    <property name="test.build.classes" value="/workdir/hadoop-ozone/integration-test/target/test-classes"/>
    <property name="java.awt.printerjob" value="sun.print.PSPrinterJob"/>
    <property name="sun.os.patch.level" value="unknown"/>
    <property name="hadoop.tmp.dir" value="/workdir/hadoop-ozone/integration-test/target/tmp"/>
    <property name="java.library.path" value="/usr/lib/jvm/java-1.8-openjdk/jre/lib/amd64/server:/usr/lib/jvm/java-1.8-openjdk/jre/lib/amd64:/usr/lib/jvm/java-1.8-openjdk/jre/../lib/amd64:/workdir/hadoop-ozone/integration-test/target/native/target/usr/local/lib:/workdir/hadoop-ozone/integration-test/../../hadoop-common-project/hadoop-common/target/native/target/usr/local/lib:/usr/java/packages/lib/amd64:/usr/lib64:/lib64:/lib:/usr/lib"/>
    <property name="java.vm.info" value="mixed mode"/>
    <property name="java.vendor" value="IcedTea"/>
    <property name="java.vm.version" value="25.212-b04"/>
    <property name="java.ext.dirs" value="/usr/lib/jvm/java-1.8-openjdk/jre/lib/ext:/usr/java/packages/lib/ext"/>
    <property name="sun.io.unicode.encoding" value="UnicodeLittle"/>
    <property name="java.class.version" value="52.0"/>
  </properties>
  <testcase name="test" classname="org.apache.hadoop.ozone.scm.TestSCMContainerPlacementPolicyMetrics" time="82.718">
    <error message="test timed out after 60000 milliseconds" type="java.lang.Exception">java.lang.Exception: test timed out after 60000 milliseconds
	at java.lang.Thread.sleep(Native Method)
	at org.apache.hadoop.ozone.scm.TestSCMContainerPlacementPolicyMetrics.test(TestSCMContainerPlacementPolicyMetrics.java:134)
	at sun.reflect.NativeMethodAccessorImpl.invoke0(Native Method)
	at sun.reflect.NativeMethodAccessorImpl.invoke(NativeMethodAccessorImpl.java:62)
	at sun.reflect.DelegatingMethodAccessorImpl.invoke(DelegatingMethodAccessorImpl.java:43)
	at java.lang.reflect.Method.invoke(Method.java:498)
	at org.junit.runners.model.FrameworkMethod$1.runReflectiveCall(FrameworkMethod.java:47)
	at org.junit.internal.runners.model.ReflectiveCallable.run(ReflectiveCallable.java:12)
	at org.junit.runners.model.FrameworkMethod.invokeExplosively(FrameworkMethod.java:44)
	at org.junit.internal.runners.statements.InvokeMethod.evaluate(InvokeMethod.java:17)
	at org.junit.internal.runners.statements.FailOnTimeout$StatementThread.run(FailOnTimeout.java:74)
</error>
    <system-out><![CDATA[2019-10-03 14:19:43,304 [main] WARN  server.ServerUtils (ServerUtils.java:getScmDbDir(145)) - ozone.scm.db.dirs is not configured. We recommend adding this setting. Falling back to ozone.metadata.dirs instead.
2019-10-03 14:19:43,445 [main] WARN  server.ServerUtils (ServerUtils.java:getScmDbDir(145)) - ozone.scm.db.dirs is not configured. We recommend adding this setting. Falling back to ozone.metadata.dirs instead.
2019-10-03 14:19:43,448 [main] WARN  server.ServerUtils (ServerUtils.java:getScmDbDir(145)) - ozone.scm.db.dirs is not configured. We recommend adding this setting. Falling back to ozone.metadata.dirs instead.
2019-10-03 14:19:43,465 [main] INFO  util.log (Log.java:initialized(192)) - Logging initialized @945ms
2019-10-03 14:19:43,571 [main] INFO  db.DBStoreBuilder (DBStoreBuilder.java:addTable(110)) - using custom profile for table: deletedBlocks
2019-10-03 14:19:43,571 [main] INFO  db.DBStoreBuilder (DBStoreBuilder.java:processTables(161)) - Using default column profile:DBProfile.DISK for Table:deletedBlocks
2019-10-03 14:19:43,571 [main] INFO  db.DBStoreBuilder (DBStoreBuilder.java:addTable(110)) - using custom profile for table: validCerts
2019-10-03 14:19:43,572 [main] INFO  db.DBStoreBuilder (DBStoreBuilder.java:processTables(161)) - Using default column profile:DBProfile.DISK for Table:validCerts
2019-10-03 14:19:43,572 [main] INFO  db.DBStoreBuilder (DBStoreBuilder.java:addTable(110)) - using custom profile for table: revokedCerts
2019-10-03 14:19:43,572 [main] INFO  db.DBStoreBuilder (DBStoreBuilder.java:processTables(161)) - Using default column profile:DBProfile.DISK for Table:revokedCerts
2019-10-03 14:19:43,584 [main] INFO  db.DBStoreBuilder (DBStoreBuilder.java:addTable(110)) - using custom profile for table: default
2019-10-03 14:19:43,584 [main] INFO  db.DBStoreBuilder (DBStoreBuilder.java:processTables(167)) - Using default column profile:DBProfile.DISK for Table:default
2019-10-03 14:19:43,585 [main] INFO  db.DBStoreBuilder (DBStoreBuilder.java:getDbProfile(198)) - Using default options. DBProfile.DISK
2019-10-03 14:19:43,927 [main] INFO  net.NodeSchemaLoader (NodeSchemaLoader.java:loadSchemaFromFile(125)) - Loading file from sun.misc.CompoundEnumeration@33d512c1
2019-10-03 14:19:43,929 [main] INFO  net.NodeSchemaLoader (NodeSchemaLoader.java:loadSchema(171)) - Loading network topology layer schema file
2019-10-03 14:19:44,001 [main] WARN  server.ServerUtils (ServerUtils.java:sanitizeUserArgs(70)) - ozone.scm.stale.node.interval value = 300000 is larger than max = 100000 based on the key value of ozone.scm.heartbeat.thread.interval, reset to the max value 100000.
2019-10-03 14:19:44,003 [main] WARN  server.ServerUtils (ServerUtils.java:sanitizeUserArgs(70)) - ozone.scm.stale.node.interval value = 300000 is larger than max = 100000 based on the key value of ozone.scm.heartbeat.thread.interval, reset to the max value 100000.
2019-10-03 14:19:44,006 [main] INFO  node.SCMNodeManager (SCMNodeManager.java:<init>(114)) - Entering startup safe mode.
2019-10-03 14:19:44,076 [main] INFO  Configuration.deprecation (Configuration.java:logDeprecation(1394)) - hadoop.configured.node.mapping is deprecated. Instead, use net.topology.configured.node.mapping
2019-10-03 14:19:44,081 [main] INFO  algorithms.ContainerPlacementPolicyFactory (ContainerPlacementPolicyFactory.java:getPolicy(57)) - Create container placement policy of type org.apache.hadoop.hdds.scm.container.placement.algorithms.SCMContainerPlacementRackAware
2019-10-03 14:19:44,096 [main] WARN  server.ServerUtils (ServerUtils.java:getScmDbDir(145)) - ozone.scm.db.dirs is not configured. We recommend adding this setting. Falling back to ozone.metadata.dirs instead.
2019-10-03 14:19:44,194 [main] INFO  pipeline.SCMPipelineManager (SCMPipelineManager.java:initializePipelineState(132)) - No pipeline exists in current db
2019-10-03 14:19:44,196 [main] WARN  server.ServerUtils (ServerUtils.java:getScmDbDir(145)) - ozone.scm.db.dirs is not configured. We recommend adding this setting. Falling back to ozone.metadata.dirs instead.
2019-10-03 14:19:44,328 [main] WARN  events.EventQueue (EventQueue.java:fireEvent(183)) - No event handler registered for event TypedEvent{payloadType=SafeModeStatus, name='SafeModeStatus'}
2019-10-03 14:19:44,702 [main] INFO  ipc.CallQueueManager (CallQueueManager.java:<init>(84)) - Using callQueue: class java.util.concurrent.LinkedBlockingQueue, queueCapacity: 2000, scheduler: class org.apache.hadoop.ipc.DefaultRpcScheduler, ipcBackoff: false.
2019-10-03 14:19:44,729 [Socket Reader #1 for port 45214] INFO  ipc.Server (Server.java:run(1074)) - Starting Socket Reader #1 for port 45214
2019-10-03 14:19:44,843 [main] INFO  ipc.CallQueueManager (CallQueueManager.java:<init>(84)) - Using callQueue: class java.util.concurrent.LinkedBlockingQueue, queueCapacity: 2000, scheduler: class org.apache.hadoop.ipc.DefaultRpcScheduler, ipcBackoff: false.
2019-10-03 14:19:44,844 [Socket Reader #1 for port 46530] INFO  ipc.Server (Server.java:run(1074)) - Starting Socket Reader #1 for port 46530
2019-10-03 14:19:44,853 [main] INFO  ipc.CallQueueManager (CallQueueManager.java:<init>(84)) - Using callQueue: class java.util.concurrent.LinkedBlockingQueue, queueCapacity: 2000, scheduler: class org.apache.hadoop.ipc.DefaultRpcScheduler, ipcBackoff: false.
2019-10-03 14:19:44,854 [Socket Reader #1 for port 37904] INFO  ipc.Server (Server.java:run(1074)) - Starting Socket Reader #1 for port 37904
2019-10-03 14:19:44,880 [main] INFO  hdfs.DFSUtil (DFSUtil.java:httpServerTemplateForNNAndJN(1641)) - Starting Web-server for scm at: http://0.0.0.0:0
2019-10-03 14:19:45,028 [main] INFO  server.AuthenticationFilter (AuthenticationFilter.java:constructSecretProvider(240)) - Unable to initialize FileSignerSecretProvider, falling back to use random secrets.
2019-10-03 14:19:45,037 [main] WARN  http.HttpRequestLog (HttpRequestLog.java:getRequestLog(97)) - Jetty request log can only be enabled using Log4j
2019-10-03 14:19:45,045 [main] INFO  http.HttpServer2 (HttpServer2.java:addGlobalFilter(975)) - Added global filter 'safety' (class=org.apache.hadoop.http.HttpServer2$QuotingInputFilter)
2019-10-03 14:19:45,048 [main] INFO  http.HttpServer2 (HttpServer2.java:addFilter(948)) - Added filter static_user_filter (class=org.apache.hadoop.http.lib.StaticUserWebFilter$StaticUserFilter) to context scm
2019-10-03 14:19:45,048 [main] INFO  http.HttpServer2 (HttpServer2.java:addFilter(958)) - Added filter static_user_filter (class=org.apache.hadoop.http.lib.StaticUserWebFilter$StaticUserFilter) to context static
2019-10-03 14:19:45,048 [main] INFO  http.HttpServer2 (HttpServer2.java:addFilter(958)) - Added filter static_user_filter (class=org.apache.hadoop.http.lib.StaticUserWebFilter$StaticUserFilter) to context logs
2019-10-03 14:19:45,079 [main] INFO  server.StorageContainerManager (StorageContainerManager.java:start(770)) - StorageContainerLocationProtocol RPC server is listening at /0.0.0.0:37904
2019-10-03 14:19:45,149 [main] WARN  impl.MetricsConfig (MetricsConfig.java:loadFirst(134)) - Cannot locate configuration: tried hadoop-metrics2-storagecontainermanager.properties,hadoop-metrics2.properties
2019-10-03 14:19:45,163 [main] INFO  impl.MetricsSystemImpl (MetricsSystemImpl.java:startTimer(374)) - Scheduled Metric snapshot period at 10 second(s).
2019-10-03 14:19:45,164 [main] INFO  impl.MetricsSystemImpl (MetricsSystemImpl.java:start(191)) - StorageContainerManager metrics system started
2019-10-03 14:19:45,413 [main] INFO  server.SCMClientProtocolServer (SCMClientProtocolServer.java:start(159)) - RPC server for Client  is listening at /0.0.0.0:37904
2019-10-03 14:19:45,414 [IPC Server Responder] INFO  ipc.Server (Server.java:run(1314)) - IPC Server Responder: starting
2019-10-03 14:19:45,414 [IPC Server listener on 37904] INFO  ipc.Server (Server.java:run(1153)) - IPC Server listener on 37904: starting
2019-10-03 14:19:45,418 [main] INFO  server.StorageContainerManager (StorageContainerManager.java:start(780)) - ScmBlockLocationProtocol RPC server is listening at /0.0.0.0:46530
2019-10-03 14:19:45,419 [main] INFO  server.SCMBlockProtocolServer (SCMBlockProtocolServer.java:start(146)) - RPC server for Block Protocol is listening at /0.0.0.0:46530
2019-10-03 14:19:45,420 [IPC Server Responder] INFO  ipc.Server (Server.java:run(1314)) - IPC Server Responder: starting
2019-10-03 14:19:45,420 [IPC Server listener on 46530] INFO  ipc.Server (Server.java:run(1153)) - IPC Server listener on 46530: starting
2019-10-03 14:19:45,422 [main] INFO  server.StorageContainerManager (StorageContainerManager.java:start(784)) - ScmDatanodeProtocl RPC server is listening at /0.0.0.0:45214
2019-10-03 14:19:45,423 [main] INFO  server.SCMDatanodeProtocolServer (SCMDatanodeProtocolServer.java:start(169)) - RPC server for DataNodes is listening at /0.0.0.0:45214
2019-10-03 14:19:45,424 [IPC Server Responder] INFO  ipc.Server (Server.java:run(1314)) - IPC Server Responder: starting
2019-10-03 14:19:45,424 [IPC Server listener on 45214] INFO  ipc.Server (Server.java:run(1153)) - IPC Server listener on 45214: starting
2019-10-03 14:19:45,428 [main] INFO  http.HttpServer2 (HttpServer2.java:bindListener(1191)) - Jetty bound to port 33810
2019-10-03 14:19:45,430 [main] INFO  server.Server (Server.java:doStart(351)) - jetty-9.3.25.v20180904, build timestamp: 2018-09-04T21:11:46Z, git hash: 3ce520221d0240229c862b122d2b06c12a625732
2019-10-03 14:19:45,471 [main] INFO  handler.ContextHandler (ContextHandler.java:doStart(781)) - Started o.e.j.s.ServletContextHandler@4c550889{/logs,file:///workdir/hadoop-ozone/integration-test/target/log,AVAILABLE}
2019-10-03 14:19:45,472 [main] INFO  handler.ContextHandler (ContextHandler.java:doStart(781)) - Started o.e.j.s.ServletContextHandler@44040454{/static,file:///workdir/hadoop-ozone/integration-test/target/test-classes/webapps/static,AVAILABLE}
2019-10-03 14:19:45,507 [main] INFO  handler.ContextHandler (ContextHandler.java:doStart(781)) - Started o.e.j.w.WebAppContext@64f857e7{/,file:///workdir/hadoop-ozone/integration-test/target/test-classes/webapps/scm/,AVAILABLE}{/scm}
2019-10-03 14:19:45,513 [main] INFO  server.AbstractConnector (AbstractConnector.java:doStart(278)) - Started ServerConnector@617fe9e1{HTTP/1.1,[http/1.1]}{0.0.0.0:33810}
2019-10-03 14:19:45,514 [main] INFO  server.Server (Server.java:doStart(419)) - Started @2994ms
2019-10-03 14:19:45,516 [main] INFO  impl.MetricsSinkAdapter (MetricsSinkAdapter.java:start(204)) - Sink prometheus started
2019-10-03 14:19:45,516 [main] INFO  impl.MetricsSystemImpl (MetricsSystemImpl.java:registerSink(301)) - Registered sink prometheus
2019-10-03 14:19:45,517 [main] INFO  server.BaseHttpServer (BaseHttpServer.java:updateConnectorAddress(215)) - HTTP server of SCM is listening at http://0.0.0.0:33810
2019-10-03 14:19:45,522 [org.apache.hadoop.util.JvmPauseMonitor$Monitor@42257bdd] INFO  util.JvmPauseMonitor (JvmPauseMonitor.java:run(188)) - Starting JVM pause monitor
2019-10-03 14:19:45,526 [main] WARN  server.ServerUtils (ServerUtils.java:getDBPath(222)) - ozone.om.db.dirs is not configured. We recommend adding this setting. Falling back to ozone.metadata.dirs instead.
2019-10-03 14:19:45,634 [main] INFO  ha.OMHANodeDetails (OMHANodeDetails.java:loadOMHAConfig(190)) - Configuration either no ozone.om.address set. Falling back to the default OM address /127.0.0.1:0
2019-10-03 14:19:45,635 [main] INFO  ha.OMHANodeDetails (OMHANodeDetails.java:getOMNodeDetails(220)) - OM Service ID is not set. Setting it to the default ID: omServiceIdDefault
2019-10-03 14:19:45,636 [main] WARN  server.ServerUtils (ServerUtils.java:getDBPath(222)) - ozone.om.db.dirs is not configured. We recommend adding this setting. Falling back to ozone.metadata.dirs instead.
2019-10-03 14:19:45,637 [main] WARN  server.ServerUtils (ServerUtils.java:getDBPath(222)) - ozone.om.db.dirs is not configured. We recommend adding this setting. Falling back to ozone.metadata.dirs instead.
2019-10-03 14:19:46,277 [main] WARN  server.ServerUtils (ServerUtils.java:getDBPath(222)) - ozone.om.db.dirs is not configured. We recommend adding this setting. Falling back to ozone.metadata.dirs instead.
2019-10-03 14:19:46,284 [main] INFO  db.DBStoreBuilder (DBStoreBuilder.java:addTable(110)) - using custom profile for table: userTable
2019-10-03 14:19:46,285 [main] INFO  db.DBStoreBuilder (DBStoreBuilder.java:processTables(161)) - Using default column profile:DBProfile.DISK for Table:userTable
2019-10-03 14:19:46,285 [main] INFO  db.DBStoreBuilder (DBStoreBuilder.java:addTable(110)) - using custom profile for table: volumeTable
2019-10-03 14:19:46,285 [main] INFO  db.DBStoreBuilder (DBStoreBuilder.java:processTables(161)) - Using default column profile:DBProfile.DISK for Table:volumeTable
2019-10-03 14:19:46,286 [main] INFO  db.DBStoreBuilder (DBStoreBuilder.java:addTable(110)) - using custom profile for table: bucketTable
2019-10-03 14:19:46,286 [main] INFO  db.DBStoreBuilder (DBStoreBuilder.java:processTables(161)) - Using default column profile:DBProfile.DISK for Table:bucketTable
2019-10-03 14:19:46,286 [main] INFO  db.DBStoreBuilder (DBStoreBuilder.java:addTable(110)) - using custom profile for table: keyTable
2019-10-03 14:19:46,286 [main] INFO  db.DBStoreBuilder (DBStoreBuilder.java:processTables(161)) - Using default column profile:DBProfile.DISK for Table:keyTable
2019-10-03 14:19:46,287 [main] INFO  db.DBStoreBuilder (DBStoreBuilder.java:addTable(110)) - using custom profile for table: deletedTable
2019-10-03 14:19:46,287 [main] INFO  db.DBStoreBuilder (DBStoreBuilder.java:processTables(161)) - Using default column profile:DBProfile.DISK for Table:deletedTable
2019-10-03 14:19:46,287 [main] INFO  db.DBStoreBuilder (DBStoreBuilder.java:addTable(110)) - using custom profile for table: openKeyTable
2019-10-03 14:19:46,287 [main] INFO  db.DBStoreBuilder (DBStoreBuilder.java:processTables(161)) - Using default column profile:DBProfile.DISK for Table:openKeyTable
2019-10-03 14:19:46,287 [main] INFO  db.DBStoreBuilder (DBStoreBuilder.java:addTable(110)) - using custom profile for table: s3Table
2019-10-03 14:19:46,288 [main] INFO  db.DBStoreBuilder (DBStoreBuilder.java:processTables(161)) - Using default column profile:DBProfile.DISK for Table:s3Table
2019-10-03 14:19:46,288 [main] INFO  db.DBStoreBuilder (DBStoreBuilder.java:addTable(110)) - using custom profile for table: multipartInfoTable
2019-10-03 14:19:46,288 [main] INFO  db.DBStoreBuilder (DBStoreBuilder.java:processTables(161)) - Using default column profile:DBProfile.DISK for Table:multipartInfoTable
2019-10-03 14:19:46,288 [main] INFO  db.DBStoreBuilder (DBStoreBuilder.java:addTable(110)) - using custom profile for table: dTokenTable
2019-10-03 14:19:46,289 [main] INFO  db.DBStoreBuilder (DBStoreBuilder.java:processTables(161)) - Using default column profile:DBProfile.DISK for Table:dTokenTable
2019-10-03 14:19:46,289 [main] INFO  db.DBStoreBuilder (DBStoreBuilder.java:addTable(110)) - using custom profile for table: s3SecretTable
2019-10-03 14:19:46,289 [main] INFO  db.DBStoreBuilder (DBStoreBuilder.java:processTables(161)) - Using default column profile:DBProfile.DISK for Table:s3SecretTable
2019-10-03 14:19:46,289 [main] INFO  db.DBStoreBuilder (DBStoreBuilder.java:addTable(110)) - using custom profile for table: prefixTable
2019-10-03 14:19:46,290 [main] INFO  db.DBStoreBuilder (DBStoreBuilder.java:processTables(161)) - Using default column profile:DBProfile.DISK for Table:prefixTable
2019-10-03 14:19:46,290 [main] INFO  db.DBStoreBuilder (DBStoreBuilder.java:addTable(110)) - using custom profile for table: default
2019-10-03 14:19:46,290 [main] INFO  db.DBStoreBuilder (DBStoreBuilder.java:processTables(167)) - Using default column profile:DBProfile.DISK for Table:default
2019-10-03 14:19:46,290 [main] INFO  db.DBStoreBuilder (DBStoreBuilder.java:getDbProfile(198)) - Using default options. DBProfile.DISK
2019-10-03 14:19:46,905 [KeyDeletingService#0] WARN  utils.BackgroundService (BackgroundService.java:lambda$run$0(135)) - Background task fails to execute, retrying in next interval
java.util.concurrent.ExecutionException: java.lang.NullPointerException
	at java.util.concurrent.FutureTask.report(FutureTask.java:122)
	at java.util.concurrent.FutureTask.get(FutureTask.java:206)
	at org.apache.hadoop.hdds.utils.BackgroundService$PeriodicalTask.lambda$run$0(BackgroundService.java:129)
	at java.util.stream.ForEachOps$ForEachOp$OfRef.accept(ForEachOps.java:184)
	at java.util.ArrayList$ArrayListSpliterator.forEachRemaining(ArrayList.java:1382)
	at java.util.stream.AbstractPipeline.copyInto(AbstractPipeline.java:482)
	at java.util.stream.ForEachOps$ForEachTask.compute(ForEachOps.java:291)
	at java.util.concurrent.CountedCompleter.exec(CountedCompleter.java:731)
	at java.util.concurrent.ForkJoinTask.doExec(ForkJoinTask.java:289)
	at java.util.concurrent.ForkJoinTask.doInvoke(ForkJoinTask.java:401)
	at java.util.concurrent.ForkJoinTask.invoke(ForkJoinTask.java:734)
	at java.util.stream.ForEachOps$ForEachOp.evaluateParallel(ForEachOps.java:160)
	at java.util.stream.ForEachOps$ForEachOp$OfRef.evaluateParallel(ForEachOps.java:174)
	at java.util.stream.AbstractPipeline.evaluate(AbstractPipeline.java:233)
	at java.util.stream.ReferencePipeline.forEach(ReferencePipeline.java:418)
	at java.util.stream.ReferencePipeline$Head.forEach(ReferencePipeline.java:583)
	at org.apache.hadoop.hdds.utils.BackgroundService$PeriodicalTask.run(BackgroundService.java:125)
	at java.util.concurrent.Executors$RunnableAdapter.call(Executors.java:511)
	at java.util.concurrent.FutureTask.runAndReset(FutureTask.java:308)
	at java.util.concurrent.ScheduledThreadPoolExecutor$ScheduledFutureTask.access$301(ScheduledThreadPoolExecutor.java:180)
	at java.util.concurrent.ScheduledThreadPoolExecutor$ScheduledFutureTask.run(ScheduledThreadPoolExecutor.java:294)
	at java.util.concurrent.ThreadPoolExecutor.runWorker(ThreadPoolExecutor.java:1149)
	at java.util.concurrent.ThreadPoolExecutor$Worker.run(ThreadPoolExecutor.java:624)
	at java.lang.Thread.run(Thread.java:748)
Caused by: java.lang.NullPointerException
	at org.apache.hadoop.ozone.om.OzoneManager.isLeader(OzoneManager.java:3256)
	at org.apache.hadoop.ozone.om.KeyDeletingService.shouldRun(KeyDeletingService.java:120)
	at org.apache.hadoop.ozone.om.KeyDeletingService.access$100(KeyDeletingService.java:58)
	at org.apache.hadoop.ozone.om.KeyDeletingService$KeyDeletingTask.call(KeyDeletingService.java:149)
	at org.apache.hadoop.ozone.om.KeyDeletingService$KeyDeletingTask.call(KeyDeletingService.java:137)
	at java.util.concurrent.FutureTask.run(FutureTask.java:266)
	at java.util.concurrent.Executors$RunnableAdapter.call(Executors.java:511)
	at java.util.concurrent.FutureTask.run(FutureTask.java:266)
	at java.util.concurrent.Executors$RunnableAdapter.call(Executors.java:511)
	at java.util.concurrent.FutureTask.run(FutureTask.java:266)
	at java.util.concurrent.ScheduledThreadPoolExecutor$ScheduledFutureTask.access$201(ScheduledThreadPoolExecutor.java:180)
	at java.util.concurrent.ScheduledThreadPoolExecutor$ScheduledFutureTask.run(ScheduledThreadPoolExecutor.java:293)
	... 3 more
2019-10-03 14:19:46,949 [main] WARN  scm.HddsServerUtil (HddsServerUtil.java:getDefaultRatisDirectory(354)) - Storage directory for Ratis is not configured. It is a good idea to map this to an SSD disk. Falling back to ozone.metadata.dirs
2019-10-03 14:19:46,983 [main] INFO  ratis.OzoneManagerRatisServer (OzoneManagerRatisServer.java:<init>(241)) - Instantiating OM Ratis server with GroupID: omServiceIdDefault and Raft Peers: localhost:9872
2019-10-03 14:19:47,141 [main] INFO  impl.RaftServerProxy (ConfUtils.java:logGet(43)) - raft.rpc.type = GRPC (default)
2019-10-03 14:19:47,218 [main] INFO  grpc.GrpcFactory (GrpcFactory.java:checkPooledByteBufAllocatorUseCacheForAllThreads(45)) - PERFORMANCE WARNING: useCacheForAllThreads is true that may cause Netty to create a lot garbage objects and, as a result, trigger GC.
	It is recommended to disable useCacheForAllThreads by setting -Dorg.apache.ratis.thirdparty.io.netty.allocator.useCacheForAllThreads=false in command line.
2019-10-03 14:19:47,223 [main] INFO  grpc.GrpcConfigKeys$Server (ConfUtils.java:logGet(43)) - raft.grpc.server.port = 9872 (custom)
2019-10-03 14:19:47,224 [main] INFO  server.GrpcService (ConfUtils.java:logGet(43)) - raft.grpc.message.size.max = 33554432 (custom)
2019-10-03 14:19:47,227 [main] INFO  server.RaftServerConfigKeys (ConfUtils.java:logGet(43)) - raft.server.log.appender.buffer.byte-limit = 33554432 (custom)
2019-10-03 14:19:47,228 [main] INFO  server.GrpcService (ConfUtils.java:logGet(43)) - raft.grpc.flow.control.window = 1MB (=1048576) (default)
2019-10-03 14:19:47,229 [main] INFO  server.RaftServerConfigKeys (ConfUtils.java:logGet(43)) - raft.server.rpc.request.timeout = 3000ms (default)
2019-10-03 14:19:47,420 [main] INFO  server.RaftServerConfigKeys (ConfUtils.java:logGet(43)) - raft.server.storage.dir = [/workdir/hadoop-ozone/integration-test/target/test-dir/MiniOzoneClusterImpl-559a310c-7f81-4ef4-b30f-984a6e637ed4/ozone-meta/ratis] (custom)
2019-10-03 14:19:47,430 [main] INFO  impl.RaftServerProxy (RaftServerProxy.java:addNew(89)) - ba2666ef-bd53-4353-8c2b-8fa7f69def18: addNew group-C5BA1605619E:[ba2666ef-bd53-4353-8c2b-8fa7f69def18:localhost:9872] returns group-C5BA1605619E:java.util.concurrent.CompletableFuture@68217d41[Not completed]
2019-10-03 14:19:47,431 [main] INFO  om.OzoneManager (OzoneManager.java:initializeRatisServer(1215)) - OzoneManager Ratis server initialized at port 9872
2019-10-03 14:19:47,434 [main] WARN  scm.HddsServerUtil (HddsServerUtil.java:getDefaultRatisDirectory(354)) - Storage directory for Ratis is not configured. It is a good idea to map this to an SSD disk. Falling back to ozone.metadata.dirs
2019-10-03 14:19:47,435 [main] WARN  scm.HddsServerUtil (HddsServerUtil.java:getDefaultRatisDirectory(354)) - Storage directory for Ratis is not configured. It is a good idea to map this to an SSD disk. Falling back to ozone.metadata.dirs
2019-10-03 14:19:47,446 [pool-22-thread-1] INFO  impl.RaftServerImpl (RaftServerImpl.java:<init>(95)) - ba2666ef-bd53-4353-8c2b-8fa7f69def18: new RaftServerImpl for group-C5BA1605619E:[ba2666ef-bd53-4353-8c2b-8fa7f69def18:localhost:9872] with OzoneManagerStateMachine:uninitialized
2019-10-03 14:19:47,448 [pool-22-thread-1] INFO  server.RaftServerConfigKeys (ConfUtils.java:logGet(43)) - raft.server.rpc.timeout.min = 1s (custom)
2019-10-03 14:19:47,449 [pool-22-thread-1] INFO  server.RaftServerConfigKeys (ConfUtils.java:logGet(43)) - raft.server.rpc.timeout.max = 1200ms (custom)
2019-10-03 14:19:47,459 [pool-22-thread-1] INFO  server.RaftServerConfigKeys (ConfUtils.java:logGet(43)) - raft.server.rpcslowness.timeout = 120s (custom)
2019-10-03 14:19:47,461 [pool-22-thread-1] INFO  server.RaftServerConfigKeys (ConfUtils.java:logGet(43)) - raft.server.sleep.deviation.threshold = 300 (default)
2019-10-03 14:19:47,462 [pool-22-thread-1] INFO  server.RaftServerConfigKeys (ConfUtils.java:logGet(43)) - raft.server.log.appender.install.snapshot.enabled = false (custom)
2019-10-03 14:19:47,466 [main] INFO  ipc.CallQueueManager (CallQueueManager.java:<init>(84)) - Using callQueue: class java.util.concurrent.LinkedBlockingQueue, queueCapacity: 2000, scheduler: class org.apache.hadoop.ipc.DefaultRpcScheduler, ipcBackoff: false.
2019-10-03 14:19:47,467 [Socket Reader #1 for port 41558] INFO  ipc.Server (Server.java:run(1074)) - Starting Socket Reader #1 for port 41558
2019-10-03 14:19:47,472 [pool-22-thread-1] INFO  impl.RaftServerImpl (ServerState.java:<init>(103)) - ba2666ef-bd53-4353-8c2b-8fa7f69def18@group-C5BA1605619E: ConfigurationManager, init=-1: [ba2666ef-bd53-4353-8c2b-8fa7f69def18:localhost:9872], old=null, confs=<EMPTY_MAP>
2019-10-03 14:19:47,473 [pool-22-thread-1] INFO  server.RaftServerConfigKeys (ConfUtils.java:logGet(43)) - raft.server.storage.dir = [/workdir/hadoop-ozone/integration-test/target/test-dir/MiniOzoneClusterImpl-559a310c-7f81-4ef4-b30f-984a6e637ed4/ozone-meta/ratis] (custom)
2019-10-03 14:19:47,487 [pool-22-thread-1] INFO  server.RaftServerConfigKeys (ConfUtils.java:logGet(43)) - raft.server.log.corruption.policy = EXCEPTION (default)
2019-10-03 14:19:47,489 [pool-22-thread-1] INFO  storage.RaftStorageDirectory (RaftStorageDirectory.java:analyzeStorage(246)) - The storage directory /workdir/hadoop-ozone/integration-test/target/test-dir/MiniOzoneClusterImpl-559a310c-7f81-4ef4-b30f-984a6e637ed4/ozone-meta/ratis/bf265839-605b-3f16-9796-c5ba1605619e does not exist. Creating ...
2019-10-03 14:19:47,506 [main] INFO  om.OzoneManager (OzoneManager.java:start(1069)) - OzoneManager RPC server is listening at localhost/127.0.0.1:41558
2019-10-03 14:19:47,507 [main] INFO  impl.MetricsSystemImpl (MetricsSystemImpl.java:init(158)) - OzoneManager metrics system started (again)
2019-10-03 14:19:47,507 [main] INFO  ratis.OzoneManagerRatisServer (OzoneManagerRatisServer.java:start(331)) - Starting OzoneManagerRatisServer ba2666ef-bd53-4353-8c2b-8fa7f69def18 at port 9872
2019-10-03 14:19:47,520 [pool-22-thread-1] INFO  storage.RaftStorageDirectory (RaftStorageDirectory.java:tryLock(328)) - Lock on /workdir/hadoop-ozone/integration-test/target/test-dir/MiniOzoneClusterImpl-559a310c-7f81-4ef4-b30f-984a6e637ed4/ozone-meta/ratis/bf265839-605b-3f16-9796-c5ba1605619e/in_use.lock acquired by nodename 28726@pr-hdds-2216-wws87-2365029438
2019-10-03 14:19:47,547 [pool-22-thread-1] INFO  storage.RaftStorage (RaftStorage.java:format(84)) - Storage directory /workdir/hadoop-ozone/integration-test/target/test-dir/MiniOzoneClusterImpl-559a310c-7f81-4ef4-b30f-984a6e637ed4/ozone-meta/ratis/bf265839-605b-3f16-9796-c5ba1605619e has been successfully formatted.
2019-10-03 14:19:47,552 [pool-22-thread-1] INFO  server.RaftServerConfigKeys (ConfUtils.java:logGet(43)) - raft.server.notification.no-leader.timeout = 120s (custom)
2019-10-03 14:19:47,557 [pool-22-thread-1] INFO  server.RaftServerConfigKeys (ConfUtils.java:logGet(43)) - raft.server.log.use.memory = false (default)
2019-10-03 14:19:47,569 [pool-22-thread-1] INFO  server.RaftServerConfigKeys (ConfUtils.java:logGet(43)) - raft.server.log.purge.gap = 1000000 (custom)
2019-10-03 14:19:47,569 [pool-22-thread-1] INFO  server.RaftServerConfigKeys (ConfUtils.java:logGet(43)) - raft.server.log.appender.buffer.byte-limit = 33554432 (custom)
2019-10-03 14:19:47,572 [pool-22-thread-1] INFO  server.RaftServerConfigKeys (ConfUtils.java:logGet(43)) - raft.server.log.segment.size.max = 16384 (custom)
2019-10-03 14:19:47,574 [pool-22-thread-1] INFO  impl.MetricsSystemImpl (MetricsSystemImpl.java:init(158)) - ratis metrics system started (again)
2019-10-03 14:19:47,579 [pool-22-thread-1] INFO  metrics.MetricRegistries (MetricRegistriesLoader.java:load(64)) - Loaded MetricRegistries class org.apache.ratis.metrics.impl.MetricRegistriesImpl
2019-10-03 14:19:47,612 [pool-22-thread-1] INFO  server.RaftServerConfigKeys (ConfUtils.java:logGet(43)) - raft.server.log.segment.cache.num.max = 2 (custom)
2019-10-03 14:19:47,617 [pool-22-thread-1] INFO  segmented.SegmentedRaftLogWorker (SegmentedRaftLogWorker.java:<init>(173)) - new ba2666ef-bd53-4353-8c2b-8fa7f69def18@group-C5BA1605619E-SegmentedRaftLogWorker for RaftStorage:Storage Directory /workdir/hadoop-ozone/integration-test/target/test-dir/MiniOzoneClusterImpl-559a310c-7f81-4ef4-b30f-984a6e637ed4/ozone-meta/ratis/bf265839-605b-3f16-9796-c5ba1605619e
2019-10-03 14:19:47,618 [pool-22-thread-1] INFO  server.RaftServerConfigKeys (ConfUtils.java:logGet(43)) - raft.server.log.queue.byte-limit = 64MB (=67108864) (default)
2019-10-03 14:19:47,619 [pool-22-thread-1] INFO  server.RaftServerConfigKeys (ConfUtils.java:logGet(43)) - raft.server.log.queue.element-limit = 4096 (default)
2019-10-03 14:19:47,621 [pool-22-thread-1] INFO  server.RaftServerConfigKeys (ConfUtils.java:logGet(43)) - raft.server.log.segment.size.max = 16384 (custom)
2019-10-03 14:19:47,622 [pool-22-thread-1] INFO  server.RaftServerConfigKeys (ConfUtils.java:logGet(43)) - raft.server.log.preallocated.size = 16384 (custom)
2019-10-03 14:19:47,622 [pool-22-thread-1] INFO  server.RaftServerConfigKeys (ConfUtils.java:logGet(43)) - raft.server.log.write.buffer.size = 64KB (=65536) (default)
2019-10-03 14:19:47,622 [pool-22-thread-1] INFO  server.RaftServerConfigKeys (ConfUtils.java:logGet(43)) - raft.server.log.force.sync.num = 128 (default)
2019-10-03 14:19:47,624 [pool-22-thread-1] INFO  server.RaftServerConfigKeys (ConfUtils.java:logGet(43)) - raft.server.log.statemachine.data.sync = true (default)
2019-10-03 14:19:47,624 [pool-22-thread-1] INFO  server.RaftServerConfigKeys (ConfUtils.java:logGet(43)) - raft.server.log.statemachine.data.sync.timeout = 10s (default)
2019-10-03 14:19:47,625 [pool-22-thread-1] INFO  server.RaftServerConfigKeys (ConfUtils.java:logGet(43)) - raft.server.log.statemachine.data.sync.timeout.retry = -1 (default)
2019-10-03 14:19:47,641 [pool-22-thread-1] INFO  server.RaftServerConfigKeys (ConfUtils.java:logGet(43)) - raft.server.log.statemachine.data.caching.enabled = false (default)
2019-10-03 14:19:47,648 [pool-22-thread-1] INFO  segmented.SegmentedRaftLogWorker (SegmentedRaftLogWorker.java:lambda$new$0(128)) - ba2666ef-bd53-4353-8c2b-8fa7f69def18@group-C5BA1605619E-SegmentedRaftLogWorker: flushIndex: setUnconditionally 0 -> -1
2019-10-03 14:19:47,654 [pool-22-thread-1] INFO  server.RaftServerConfigKeys (ConfUtils.java:logGet(43)) - raft.server.snapshot.auto.trigger.enabled = true (custom)
2019-10-03 14:19:47,655 [pool-22-thread-1] INFO  server.RaftServerConfigKeys (ConfUtils.java:logGet(43)) - raft.server.snapshot.auto.trigger.threshold = 400000 (default)
2019-10-03 14:19:47,656 [pool-22-thread-1] INFO  server.RaftServerConfigKeys (ConfUtils.java:logGet(43)) - raft.server.snapshot.retention.file.num = -1 (default)
2019-10-03 14:19:47,657 [pool-22-thread-1] INFO  server.RaftServerConfigKeys (ConfUtils.java:logGet(43)) - raft.server.retrycache.expirytime = 600000ms (custom)
2019-10-03 14:19:47,713 [main] INFO  impl.RaftServerImpl (RaftServerImpl.java:start(181)) - ba2666ef-bd53-4353-8c2b-8fa7f69def18@group-C5BA1605619E: start as a follower, conf=-1: [ba2666ef-bd53-4353-8c2b-8fa7f69def18:localhost:9872], old=null
2019-10-03 14:19:47,717 [main] INFO  impl.RaftServerImpl (RaftServerImpl.java:setRole(170)) - ba2666ef-bd53-4353-8c2b-8fa7f69def18@group-C5BA1605619E: changes role from      null to FOLLOWER at term 0 for startAsFollower
2019-10-03 14:19:47,720 [main] INFO  impl.RoleInfo (RoleInfo.java:updateAndGet(143)) - ba2666ef-bd53-4353-8c2b-8fa7f69def18: start FollowerState
2019-10-03 14:19:47,723 [main] INFO  util.JmxRegister (JmxRegister.java:tryRegister(44)) - Successfully registered JMX Bean with object name Ratis:service=RaftServer,group=group-C5BA1605619E,id=ba2666ef-bd53-4353-8c2b-8fa7f69def18
2019-10-03 14:19:47,751 [main] INFO  impl.RaftServerProxy (RaftServerProxy.java:lambda$start$3(299)) - ba2666ef-bd53-4353-8c2b-8fa7f69def18: start RPC server
2019-10-03 14:19:47,877 [main] INFO  server.GrpcService (GrpcService.java:startImpl(158)) - ba2666ef-bd53-4353-8c2b-8fa7f69def18: GrpcService started, listening on 0.0.0.0/0.0.0.0:9872
2019-10-03 14:19:47,893 [IPC Server Responder] INFO  ipc.Server (Server.java:run(1314)) - IPC Server Responder: starting
2019-10-03 14:19:47,893 [IPC Server listener on 41558] INFO  ipc.Server (Server.java:run(1153)) - IPC Server listener on 41558: starting
2019-10-03 14:19:47,925 [main] INFO  hdfs.DFSUtil (DFSUtil.java:httpServerTemplateForNNAndJN(1641)) - Starting Web-server for ozoneManager at: http://0.0.0.0:0
2019-10-03 14:19:47,928 [main] INFO  server.AuthenticationFilter (AuthenticationFilter.java:constructSecretProvider(240)) - Unable to initialize FileSignerSecretProvider, falling back to use random secrets.
2019-10-03 14:19:47,929 [main] WARN  http.HttpRequestLog (HttpRequestLog.java:getRequestLog(97)) - Jetty request log can only be enabled using Log4j
2019-10-03 14:19:47,931 [main] INFO  http.HttpServer2 (HttpServer2.java:addGlobalFilter(975)) - Added global filter 'safety' (class=org.apache.hadoop.http.HttpServer2$QuotingInputFilter)
2019-10-03 14:19:47,932 [main] INFO  http.HttpServer2 (HttpServer2.java:addFilter(948)) - Added filter static_user_filter (class=org.apache.hadoop.http.lib.StaticUserWebFilter$StaticUserFilter) to context ozoneManager
2019-10-03 14:19:47,932 [main] INFO  http.HttpServer2 (HttpServer2.java:addFilter(958)) - Added filter static_user_filter (class=org.apache.hadoop.http.lib.StaticUserWebFilter$StaticUserFilter) to context logs
2019-10-03 14:19:47,932 [main] INFO  http.HttpServer2 (HttpServer2.java:addFilter(958)) - Added filter static_user_filter (class=org.apache.hadoop.http.lib.StaticUserWebFilter$StaticUserFilter) to context static
2019-10-03 14:19:47,935 [main] INFO  http.HttpServer2 (HttpServer2.java:bindListener(1191)) - Jetty bound to port 33025
2019-10-03 14:19:47,935 [main] INFO  server.Server (Server.java:doStart(351)) - jetty-9.3.25.v20180904, build timestamp: 2018-09-04T21:11:46Z, git hash: 3ce520221d0240229c862b122d2b06c12a625732
2019-10-03 14:19:47,937 [main] INFO  handler.ContextHandler (ContextHandler.java:doStart(781)) - Started o.e.j.s.ServletContextHandler@7fd8c559{/logs,file:///workdir/hadoop-ozone/integration-test/target/log,AVAILABLE}
2019-10-03 14:19:47,938 [main] INFO  handler.ContextHandler (ContextHandler.java:doStart(781)) - Started o.e.j.s.ServletContextHandler@8f2098e{/static,file:///workdir/hadoop-ozone/integration-test/target/test-classes/webapps/static,AVAILABLE}
2019-10-03 14:19:47,944 [main] INFO  handler.ContextHandler (ContextHandler.java:doStart(781)) - Started o.e.j.w.WebAppContext@42b28ff1{/,file:///workdir/hadoop-ozone/integration-test/target/test-classes/webapps/ozoneManager/,AVAILABLE}{/ozoneManager}
2019-10-03 14:19:47,948 [main] INFO  server.AbstractConnector (AbstractConnector.java:doStart(278)) - Started ServerConnector@620bf8c7{HTTP/1.1,[http/1.1]}{0.0.0.0:33025}
2019-10-03 14:19:47,948 [main] INFO  server.Server (Server.java:doStart(419)) - Started @5429ms
2019-10-03 14:19:47,949 [main] WARN  impl.MetricsSystemImpl (MetricsSystemImpl.java:register(276)) - Sink prometheus already exists!
2019-10-03 14:19:47,950 [main] INFO  server.BaseHttpServer (BaseHttpServer.java:updateConnectorAddress(215)) - HTTP server of OZONEMANAGER is listening at http://0.0.0.0:33025
2019-10-03 14:19:48,107 [main] INFO  impl.MetricsSystemImpl (MetricsSystemImpl.java:init(158)) - HddsDatanode metrics system started (again)
2019-10-03 14:19:48,160 [main] INFO  ozone.HddsDatanodeService (HddsDatanodeService.java:start(184)) - HddsDatanodeService host:pr-hdds-2216-wws87-2365029438 ip:192.168.30.9
2019-10-03 14:19:48,196 [main] INFO  volume.HddsVolume (HddsVolume.java:<init>(176)) - Creating Volume: /workdir/hadoop-ozone/integration-test/target/test-dir/MiniOzoneClusterImpl-559a310c-7f81-4ef4-b30f-984a6e637ed4/datanode-0/data/containers/hdds of  storage type : DISK and capacity : 1482555576320
2019-10-03 14:19:48,199 [main] INFO  volume.VolumeSet (VolumeSet.java:initializeVolumeSet(170)) - Added Volume : /workdir/hadoop-ozone/integration-test/target/test-dir/MiniOzoneClusterImpl-559a310c-7f81-4ef4-b30f-984a6e637ed4/datanode-0/data/containers/hdds to VolumeSet
2019-10-03 14:19:48,205 [main] INFO  volume.ThrottledAsyncChecker (ThrottledAsyncChecker.java:schedule(139)) - Scheduling a check for org.apache.hadoop.ozone.container.common.volume.HddsVolume@a451491
2019-10-03 14:19:48,226 [main] INFO  volume.HddsVolumeChecker (HddsVolumeChecker.java:checkAllVolumes(202)) - Scheduled health check for volume org.apache.hadoop.ozone.container.common.volume.HddsVolume@a451491
2019-10-03 14:19:48,288 [main] INFO  impl.RaftServerProxy (ConfUtils.java:logGet(43)) - raft.rpc.type = GRPC (default)
2019-10-03 14:19:48,289 [main] INFO  grpc.GrpcFactory (GrpcFactory.java:checkPooledByteBufAllocatorUseCacheForAllThreads(45)) - PERFORMANCE WARNING: useCacheForAllThreads is true that may cause Netty to create a lot garbage objects and, as a result, trigger GC.
	It is recommended to disable useCacheForAllThreads by setting -Dorg.apache.ratis.thirdparty.io.netty.allocator.useCacheForAllThreads=false in command line.
2019-10-03 14:19:48,289 [main] INFO  grpc.GrpcConfigKeys$Server (ConfUtils.java:logGet(43)) - raft.grpc.server.port = 0 (default)
2019-10-03 14:19:48,289 [main] INFO  server.GrpcService (ConfUtils.java:logGet(43)) - raft.grpc.message.size.max = 33570816 (custom)
2019-10-03 14:19:48,290 [main] INFO  server.RaftServerConfigKeys (ConfUtils.java:logGet(43)) - raft.server.log.appender.buffer.byte-limit = 33554432 (custom)
2019-10-03 14:19:48,290 [main] INFO  server.GrpcService (ConfUtils.java:logGet(43)) - raft.grpc.flow.control.window = 1MB (=1048576) (default)
2019-10-03 14:19:48,291 [main] INFO  server.RaftServerConfigKeys (ConfUtils.java:logGet(43)) - raft.server.rpc.request.timeout = 3000ms (default)
2019-10-03 14:19:48,292 [main] INFO  server.RaftServerConfigKeys (ConfUtils.java:logGet(43)) - raft.server.storage.dir = [/workdir/hadoop-ozone/integration-test/target/test-dir/MiniOzoneClusterImpl-559a310c-7f81-4ef4-b30f-984a6e637ed4/datanode-0/data/ratis] (custom)
2019-10-03 14:19:48,354 [main] INFO  hdfs.DFSUtil (DFSUtil.java:httpServerTemplateForNNAndJN(1641)) - Starting Web-server for hddsDatanode at: http://0.0.0.0:0
2019-10-03 14:19:48,356 [main] INFO  server.AuthenticationFilter (AuthenticationFilter.java:constructSecretProvider(240)) - Unable to initialize FileSignerSecretProvider, falling back to use random secrets.
2019-10-03 14:19:48,460 [main] WARN  http.HttpRequestLog (HttpRequestLog.java:getRequestLog(97)) - Jetty request log can only be enabled using Log4j
2019-10-03 14:19:48,462 [main] INFO  http.HttpServer2 (HttpServer2.java:addGlobalFilter(975)) - Added global filter 'safety' (class=org.apache.hadoop.http.HttpServer2$QuotingInputFilter)
2019-10-03 14:19:48,463 [main] INFO  http.HttpServer2 (HttpServer2.java:addFilter(948)) - Added filter static_user_filter (class=org.apache.hadoop.http.lib.StaticUserWebFilter$StaticUserFilter) to context hddsDatanode
2019-10-03 14:19:48,463 [main] INFO  http.HttpServer2 (HttpServer2.java:addFilter(958)) - Added filter static_user_filter (class=org.apache.hadoop.http.lib.StaticUserWebFilter$StaticUserFilter) to context logs
2019-10-03 14:19:48,463 [main] INFO  http.HttpServer2 (HttpServer2.java:addFilter(958)) - Added filter static_user_filter (class=org.apache.hadoop.http.lib.StaticUserWebFilter$StaticUserFilter) to context static
2019-10-03 14:19:48,464 [main] INFO  http.HttpServer2 (HttpServer2.java:bindListener(1191)) - Jetty bound to port 40838
2019-10-03 14:19:48,464 [main] INFO  server.Server (Server.java:doStart(351)) - jetty-9.3.25.v20180904, build timestamp: 2018-09-04T21:11:46Z, git hash: 3ce520221d0240229c862b122d2b06c12a625732
2019-10-03 14:19:48,466 [main] INFO  handler.ContextHandler (ContextHandler.java:doStart(781)) - Started o.e.j.s.ServletContextHandler@37c36608{/logs,file:///workdir/hadoop-ozone/integration-test/target/log,AVAILABLE}
2019-10-03 14:19:48,467 [main] INFO  handler.ContextHandler (ContextHandler.java:doStart(781)) - Started o.e.j.s.ServletContextHandler@617389a{/static,jar:file:/home/user/.m2/repository/org/apache/hadoop/hadoop-hdds-container-service/0.5.0-SNAPSHOT/hadoop-hdds-container-service-0.5.0-SNAPSHOT.jar!/webapps/static,AVAILABLE}
2019-10-03 14:19:48,504 [main] INFO  handler.ContextHandler (ContextHandler.java:doStart(781)) - Started o.e.j.w.WebAppContext@4a7fd0c9{/,file:///tmp/jetty-0.0.0.0-40838-hddsDatanode-_-any-2313898236576606435.dir/webapp/,AVAILABLE}{/hddsDatanode}
2019-10-03 14:19:48,507 [main] INFO  server.AbstractConnector (AbstractConnector.java:doStart(278)) - Started ServerConnector@722af99{HTTP/1.1,[http/1.1]}{0.0.0.0:40838}
2019-10-03 14:19:48,507 [main] INFO  server.Server (Server.java:doStart(419)) - Started @5988ms
2019-10-03 14:19:48,508 [main] WARN  impl.MetricsSystemImpl (MetricsSystemImpl.java:register(276)) - Sink prometheus already exists!
2019-10-03 14:19:48,509 [main] INFO  server.BaseHttpServer (BaseHttpServer.java:updateConnectorAddress(215)) - HTTP server of HDDSDATANODE is listening at http://0.0.0.0:40838
2019-10-03 14:19:48,510 [main] INFO  impl.MetricsSystemImpl (MetricsSystemImpl.java:init(158)) - HddsDatanode metrics system started (again)
2019-10-03 14:19:48,513 [main] INFO  ozone.HddsDatanodeService (HddsDatanodeService.java:start(184)) - HddsDatanodeService host:pr-hdds-2216-wws87-2365029438 ip:192.168.30.9
2019-10-03 14:19:48,516 [org.apache.hadoop.util.JvmPauseMonitor$Monitor@468b900f] INFO  util.JvmPauseMonitor (JvmPauseMonitor.java:run(188)) - Starting JVM pause monitor
2019-10-03 14:19:48,522 [main] INFO  volume.HddsVolume (HddsVolume.java:<init>(176)) - Creating Volume: /workdir/hadoop-ozone/integration-test/target/test-dir/MiniOzoneClusterImpl-559a310c-7f81-4ef4-b30f-984a6e637ed4/datanode-1/data/containers/hdds of  storage type : DISK and capacity : 1482555576320
2019-10-03 14:19:48,523 [main] INFO  volume.VolumeSet (VolumeSet.java:initializeVolumeSet(170)) - Added Volume : /workdir/hadoop-ozone/integration-test/target/test-dir/MiniOzoneClusterImpl-559a310c-7f81-4ef4-b30f-984a6e637ed4/datanode-1/data/containers/hdds to VolumeSet
2019-10-03 14:19:48,524 [main] INFO  volume.ThrottledAsyncChecker (ThrottledAsyncChecker.java:schedule(139)) - Scheduling a check for org.apache.hadoop.ozone.container.common.volume.HddsVolume@7f93dd4e
2019-10-03 14:19:48,527 [main] INFO  volume.HddsVolumeChecker (HddsVolumeChecker.java:checkAllVolumes(202)) - Scheduled health check for volume org.apache.hadoop.ozone.container.common.volume.HddsVolume@7f93dd4e
2019-10-03 14:19:48,558 [main] INFO  impl.RaftServerProxy (ConfUtils.java:logGet(43)) - raft.rpc.type = GRPC (default)
2019-10-03 14:19:48,559 [main] INFO  grpc.GrpcFactory (GrpcFactory.java:checkPooledByteBufAllocatorUseCacheForAllThreads(45)) - PERFORMANCE WARNING: useCacheForAllThreads is true that may cause Netty to create a lot garbage objects and, as a result, trigger GC.
	It is recommended to disable useCacheForAllThreads by setting -Dorg.apache.ratis.thirdparty.io.netty.allocator.useCacheForAllThreads=false in command line.
2019-10-03 14:19:48,560 [main] INFO  grpc.GrpcConfigKeys$Server (ConfUtils.java:logGet(43)) - raft.grpc.server.port = 0 (default)
2019-10-03 14:19:48,561 [main] INFO  server.GrpcService (ConfUtils.java:logGet(43)) - raft.grpc.message.size.max = 33570816 (custom)
2019-10-03 14:19:48,561 [main] INFO  server.RaftServerConfigKeys (ConfUtils.java:logGet(43)) - raft.server.log.appender.buffer.byte-limit = 33554432 (custom)
2019-10-03 14:19:48,561 [main] INFO  server.GrpcService (ConfUtils.java:logGet(43)) - raft.grpc.flow.control.window = 1MB (=1048576) (default)
2019-10-03 14:19:48,561 [main] INFO  server.RaftServerConfigKeys (ConfUtils.java:logGet(43)) - raft.server.rpc.request.timeout = 3000ms (default)
2019-10-03 14:19:48,562 [main] INFO  server.RaftServerConfigKeys (ConfUtils.java:logGet(43)) - raft.server.storage.dir = [/workdir/hadoop-ozone/integration-test/target/test-dir/MiniOzoneClusterImpl-559a310c-7f81-4ef4-b30f-984a6e637ed4/datanode-1/data/ratis] (custom)
2019-10-03 14:19:48,565 [main] INFO  hdfs.DFSUtil (DFSUtil.java:httpServerTemplateForNNAndJN(1641)) - Starting Web-server for hddsDatanode at: http://0.0.0.0:0
2019-10-03 14:19:48,567 [main] INFO  server.AuthenticationFilter (AuthenticationFilter.java:constructSecretProvider(240)) - Unable to initialize FileSignerSecretProvider, falling back to use random secrets.
2019-10-03 14:19:48,805 [Thread-95] INFO  impl.FollowerState (FollowerState.java:run(108)) - ba2666ef-bd53-4353-8c2b-8fa7f69def18@group-C5BA1605619E-FollowerState: change to CANDIDATE, lastRpcTime:1086ms, electionTimeout:1084ms
2019-10-03 14:19:48,834 [main] WARN  http.HttpRequestLog (HttpRequestLog.java:getRequestLog(97)) - Jetty request log can only be enabled using Log4j
2019-10-03 14:19:48,835 [Thread-95] INFO  impl.RoleInfo (RoleInfo.java:shutdownFollowerState(121)) - ba2666ef-bd53-4353-8c2b-8fa7f69def18: shutdown FollowerState
2019-10-03 14:19:48,840 [main] INFO  http.HttpServer2 (HttpServer2.java:addGlobalFilter(975)) - Added global filter 'safety' (class=org.apache.hadoop.http.HttpServer2$QuotingInputFilter)
2019-10-03 14:19:48,840 [Thread-95] INFO  impl.RaftServerImpl (RaftServerImpl.java:setRole(170)) - ba2666ef-bd53-4353-8c2b-8fa7f69def18@group-C5BA1605619E: changes role from  FOLLOWER to CANDIDATE at term 0 for changeToCandidate
2019-10-03 14:19:48,841 [main] INFO  http.HttpServer2 (HttpServer2.java:addFilter(948)) - Added filter static_user_filter (class=org.apache.hadoop.http.lib.StaticUserWebFilter$StaticUserFilter) to context hddsDatanode
2019-10-03 14:19:48,841 [main] INFO  http.HttpServer2 (HttpServer2.java:addFilter(958)) - Added filter static_user_filter (class=org.apache.hadoop.http.lib.StaticUserWebFilter$StaticUserFilter) to context static
2019-10-03 14:19:48,841 [main] INFO  http.HttpServer2 (HttpServer2.java:addFilter(958)) - Added filter static_user_filter (class=org.apache.hadoop.http.lib.StaticUserWebFilter$StaticUserFilter) to context logs
2019-10-03 14:19:48,843 [main] INFO  http.HttpServer2 (HttpServer2.java:bindListener(1191)) - Jetty bound to port 36398
2019-10-03 14:19:48,843 [main] INFO  server.Server (Server.java:doStart(351)) - jetty-9.3.25.v20180904, build timestamp: 2018-09-04T21:11:46Z, git hash: 3ce520221d0240229c862b122d2b06c12a625732
2019-10-03 14:19:48,843 [Thread-95] INFO  impl.RoleInfo (RoleInfo.java:updateAndGet(143)) - ba2666ef-bd53-4353-8c2b-8fa7f69def18: start LeaderElection
2019-10-03 14:19:48,857 [Datanode State Machine Thread - 0] INFO  datanode.InitDatanodeState (InitDatanodeState.java:persistContainerDatanodeDetails(140)) - DatanodeDetails is persisted to /workdir/hadoop-ozone/integration-test/target/test-dir/MiniOzoneClusterImpl-559a310c-7f81-4ef4-b30f-984a6e637ed4/datanode-0/meta/datanode.id
2019-10-03 14:19:48,864 [main] INFO  handler.ContextHandler (ContextHandler.java:doStart(781)) - Started o.e.j.s.ServletContextHandler@1cf0cacc{/logs,file:///workdir/hadoop-ozone/integration-test/target/log,AVAILABLE}
2019-10-03 14:19:48,865 [main] INFO  handler.ContextHandler (ContextHandler.java:doStart(781)) - Started o.e.j.s.ServletContextHandler@529c2a9a{/static,jar:file:/home/user/.m2/repository/org/apache/hadoop/hadoop-hdds-container-service/0.5.0-SNAPSHOT/hadoop-hdds-container-service-0.5.0-SNAPSHOT.jar!/webapps/static,AVAILABLE}
2019-10-03 14:19:48,884 [ba2666ef-bd53-4353-8c2b-8fa7f69def18@group-C5BA1605619E-LeaderElection1] INFO  impl.LeaderElection (LeaderElection.java:askForVotes(178)) - ba2666ef-bd53-4353-8c2b-8fa7f69def18@group-C5BA1605619E-LeaderElection1: begin an election at term 1 for -1: [ba2666ef-bd53-4353-8c2b-8fa7f69def18:localhost:9872], old=null
2019-10-03 14:19:48,886 [ba2666ef-bd53-4353-8c2b-8fa7f69def18@group-C5BA1605619E-LeaderElection1] INFO  impl.RoleInfo (RoleInfo.java:shutdownLeaderElection(134)) - ba2666ef-bd53-4353-8c2b-8fa7f69def18: shutdown LeaderElection
2019-10-03 14:19:48,887 [ba2666ef-bd53-4353-8c2b-8fa7f69def18@group-C5BA1605619E-LeaderElection1] INFO  impl.RaftServerImpl (RaftServerImpl.java:setRole(170)) - ba2666ef-bd53-4353-8c2b-8fa7f69def18@group-C5BA1605619E: changes role from CANDIDATE to LEADER at term 1 for changeToLeader
2019-10-03 14:19:48,888 [ba2666ef-bd53-4353-8c2b-8fa7f69def18@group-C5BA1605619E-LeaderElection1] INFO  impl.RaftServerImpl (ServerState.java:setLeader(255)) - ba2666ef-bd53-4353-8c2b-8fa7f69def18@group-C5BA1605619E: change Leader from null to ba2666ef-bd53-4353-8c2b-8fa7f69def18 at term 1 for becomeLeader, leader elected after 1335ms
2019-10-03 14:19:48,895 [ba2666ef-bd53-4353-8c2b-8fa7f69def18@group-C5BA1605619E-LeaderElection1] INFO  server.RaftServerConfigKeys (ConfUtils.java:logGet(43)) - raft.server.staging.catchup.gap = 1000 (default)
2019-10-03 14:19:48,895 [ba2666ef-bd53-4353-8c2b-8fa7f69def18@group-C5BA1605619E-LeaderElection1] INFO  server.RaftServerConfigKeys (ConfUtils.java:logGet(43)) - raft.server.rpc.sleep.time = 25ms (default)
2019-10-03 14:19:48,901 [ba2666ef-bd53-4353-8c2b-8fa7f69def18@group-C5BA1605619E-LeaderElection1] INFO  server.RaftServerConfigKeys (ConfUtils.java:logGet(43)) - raft.server.write.element-limit = 4096 (default)
2019-10-03 14:19:48,904 [ba2666ef-bd53-4353-8c2b-8fa7f69def18@group-C5BA1605619E-LeaderElection1] INFO  server.RaftServerConfigKeys (ConfUtils.java:logGet(43)) - raft.server.watch.timeout = 10s (default)
2019-10-03 14:19:48,904 [ba2666ef-bd53-4353-8c2b-8fa7f69def18@group-C5BA1605619E-LeaderElection1] INFO  server.RaftServerConfigKeys (ConfUtils.java:logGet(43)) - raft.server.watch.timeout.denomination = 1s (default)
2019-10-03 14:19:48,905 [ba2666ef-bd53-4353-8c2b-8fa7f69def18@group-C5BA1605619E-LeaderElection1] INFO  server.RaftServerConfigKeys (ConfUtils.java:logGet(43)) - raft.server.watch.element-limit = 65536 (default)
2019-10-03 14:19:48,935 [ba2666ef-bd53-4353-8c2b-8fa7f69def18@group-C5BA1605619E-LeaderElection1] INFO  impl.RoleInfo (RoleInfo.java:updateAndGet(143)) - ba2666ef-bd53-4353-8c2b-8fa7f69def18: start LeaderState
2019-10-03 14:19:48,936 [main] INFO  handler.ContextHandler (ContextHandler.java:doStart(781)) - Started o.e.j.w.WebAppContext@2c7106d9{/,file:///tmp/jetty-0.0.0.0-36398-hddsDatanode-_-any-5697306888187782769.dir/webapp/,AVAILABLE}{/hddsDatanode}
2019-10-03 14:19:48,937 [main] INFO  server.AbstractConnector (AbstractConnector.java:doStart(278)) - Started ServerConnector@329bad59{HTTP/1.1,[http/1.1]}{0.0.0.0:36398}
2019-10-03 14:19:48,937 [main] INFO  server.Server (Server.java:doStart(419)) - Started @6418ms
2019-10-03 14:19:48,938 [main] WARN  impl.MetricsSystemImpl (MetricsSystemImpl.java:register(276)) - Sink prometheus already exists!
2019-10-03 14:19:48,943 [main] INFO  server.BaseHttpServer (BaseHttpServer.java:updateConnectorAddress(215)) - HTTP server of HDDSDATANODE is listening at http://0.0.0.0:36398
2019-10-03 14:19:48,943 [main] INFO  impl.MetricsSystemImpl (MetricsSystemImpl.java:init(158)) - HddsDatanode metrics system started (again)
2019-10-03 14:19:48,947 [main] INFO  ozone.HddsDatanodeService (HddsDatanodeService.java:start(184)) - HddsDatanodeService host:pr-hdds-2216-wws87-2365029438 ip:192.168.30.9
2019-10-03 14:19:48,967 [org.apache.hadoop.util.JvmPauseMonitor$Monitor@3cb10983] INFO  util.JvmPauseMonitor (JvmPauseMonitor.java:run(188)) - Starting JVM pause monitor
2019-10-03 14:19:48,989 [main] INFO  volume.HddsVolume (HddsVolume.java:<init>(176)) - Creating Volume: /workdir/hadoop-ozone/integration-test/target/test-dir/MiniOzoneClusterImpl-559a310c-7f81-4ef4-b30f-984a6e637ed4/datanode-2/data/containers/hdds of  storage type : DISK and capacity : 1482555576320
2019-10-03 14:19:48,995 [main] INFO  volume.VolumeSet (VolumeSet.java:initializeVolumeSet(170)) - Added Volume : /workdir/hadoop-ozone/integration-test/target/test-dir/MiniOzoneClusterImpl-559a310c-7f81-4ef4-b30f-984a6e637ed4/datanode-2/data/containers/hdds to VolumeSet
2019-10-03 14:19:48,995 [main] INFO  volume.ThrottledAsyncChecker (ThrottledAsyncChecker.java:schedule(139)) - Scheduling a check for org.apache.hadoop.ozone.container.common.volume.HddsVolume@d613308
2019-10-03 14:19:49,000 [main] INFO  volume.HddsVolumeChecker (HddsVolumeChecker.java:checkAllVolumes(202)) - Scheduled health check for volume org.apache.hadoop.ozone.container.common.volume.HddsVolume@d613308
2019-10-03 14:19:49,001 [Datanode State Machine Thread - 0] INFO  datanode.InitDatanodeState (InitDatanodeState.java:persistContainerDatanodeDetails(140)) - DatanodeDetails is persisted to /workdir/hadoop-ozone/integration-test/target/test-dir/MiniOzoneClusterImpl-559a310c-7f81-4ef4-b30f-984a6e637ed4/datanode-1/meta/datanode.id
2019-10-03 14:19:49,016 [ba2666ef-bd53-4353-8c2b-8fa7f69def18@group-C5BA1605619E-LeaderElection1] INFO  segmented.SegmentedRaftLogWorker (SegmentedRaftLogWorker.java:startLogSegment(385)) - ba2666ef-bd53-4353-8c2b-8fa7f69def18@group-C5BA1605619E-SegmentedRaftLogWorker: Starting segment from index:0
2019-10-03 14:19:49,056 [ba2666ef-bd53-4353-8c2b-8fa7f69def18@group-C5BA1605619E-LeaderElection1] INFO  impl.RaftServerImpl (ServerState.java:setRaftConf(356)) - ba2666ef-bd53-4353-8c2b-8fa7f69def18@group-C5BA1605619E: set configuration 0: [ba2666ef-bd53-4353-8c2b-8fa7f69def18:localhost:9872], old=null at 0
2019-10-03 14:19:49,063 [main] INFO  impl.RaftServerProxy (ConfUtils.java:logGet(43)) - raft.rpc.type = GRPC (default)
2019-10-03 14:19:49,064 [main] INFO  grpc.GrpcFactory (GrpcFactory.java:checkPooledByteBufAllocatorUseCacheForAllThreads(45)) - PERFORMANCE WARNING: useCacheForAllThreads is true that may cause Netty to create a lot garbage objects and, as a result, trigger GC.
	It is recommended to disable useCacheForAllThreads by setting -Dorg.apache.ratis.thirdparty.io.netty.allocator.useCacheForAllThreads=false in command line.
2019-10-03 14:19:49,064 [main] INFO  grpc.GrpcConfigKeys$Server (ConfUtils.java:logGet(43)) - raft.grpc.server.port = 0 (default)
2019-10-03 14:19:49,064 [main] INFO  server.GrpcService (ConfUtils.java:logGet(43)) - raft.grpc.message.size.max = 33570816 (custom)
2019-10-03 14:19:49,067 [main] INFO  server.RaftServerConfigKeys (ConfUtils.java:logGet(43)) - raft.server.log.appender.buffer.byte-limit = 33554432 (custom)
2019-10-03 14:19:49,067 [main] INFO  server.GrpcService (ConfUtils.java:logGet(43)) - raft.grpc.flow.control.window = 1MB (=1048576) (default)
2019-10-03 14:19:49,068 [main] INFO  server.RaftServerConfigKeys (ConfUtils.java:logGet(43)) - raft.server.rpc.request.timeout = 3000ms (default)
2019-10-03 14:19:49,072 [main] INFO  server.RaftServerConfigKeys (ConfUtils.java:logGet(43)) - raft.server.storage.dir = [/workdir/hadoop-ozone/integration-test/target/test-dir/MiniOzoneClusterImpl-559a310c-7f81-4ef4-b30f-984a6e637ed4/datanode-2/data/ratis] (custom)
2019-10-03 14:19:49,075 [main] INFO  hdfs.DFSUtil (DFSUtil.java:httpServerTemplateForNNAndJN(1641)) - Starting Web-server for hddsDatanode at: http://0.0.0.0:0
2019-10-03 14:19:49,079 [main] INFO  server.AuthenticationFilter (AuthenticationFilter.java:constructSecretProvider(240)) - Unable to initialize FileSignerSecretProvider, falling back to use random secrets.
2019-10-03 14:19:49,080 [main] WARN  http.HttpRequestLog (HttpRequestLog.java:getRequestLog(97)) - Jetty request log can only be enabled using Log4j
2019-10-03 14:19:49,084 [main] INFO  http.HttpServer2 (HttpServer2.java:addGlobalFilter(975)) - Added global filter 'safety' (class=org.apache.hadoop.http.HttpServer2$QuotingInputFilter)
2019-10-03 14:19:49,085 [main] INFO  http.HttpServer2 (HttpServer2.java:addFilter(948)) - Added filter static_user_filter (class=org.apache.hadoop.http.lib.StaticUserWebFilter$StaticUserFilter) to context hddsDatanode
2019-10-03 14:19:49,085 [main] INFO  http.HttpServer2 (HttpServer2.java:addFilter(958)) - Added filter static_user_filter (class=org.apache.hadoop.http.lib.StaticUserWebFilter$StaticUserFilter) to context logs
2019-10-03 14:19:49,085 [main] INFO  http.HttpServer2 (HttpServer2.java:addFilter(958)) - Added filter static_user_filter (class=org.apache.hadoop.http.lib.StaticUserWebFilter$StaticUserFilter) to context static
2019-10-03 14:19:49,087 [main] INFO  http.HttpServer2 (HttpServer2.java:bindListener(1191)) - Jetty bound to port 45596
2019-10-03 14:19:49,087 [main] INFO  server.Server (Server.java:doStart(351)) - jetty-9.3.25.v20180904, build timestamp: 2018-09-04T21:11:46Z, git hash: 3ce520221d0240229c862b122d2b06c12a625732
2019-10-03 14:19:49,090 [main] INFO  handler.ContextHandler (ContextHandler.java:doStart(781)) - Started o.e.j.s.ServletContextHandler@17dd671f{/logs,file:///workdir/hadoop-ozone/integration-test/target/log,AVAILABLE}
2019-10-03 14:19:49,091 [main] INFO  handler.ContextHandler (ContextHandler.java:doStart(781)) - Started o.e.j.s.ServletContextHandler@9679750{/static,jar:file:/home/user/.m2/repository/org/apache/hadoop/hadoop-hdds-container-service/0.5.0-SNAPSHOT/hadoop-hdds-container-service-0.5.0-SNAPSHOT.jar!/webapps/static,AVAILABLE}
2019-10-03 14:19:49,122 [main] INFO  handler.ContextHandler (ContextHandler.java:doStart(781)) - Started o.e.j.w.WebAppContext@608fe01f{/,file:///tmp/jetty-0.0.0.0-45596-hddsDatanode-_-any-3357597609288995729.dir/webapp/,AVAILABLE}{/hddsDatanode}
2019-10-03 14:19:49,123 [main] INFO  server.AbstractConnector (AbstractConnector.java:doStart(278)) - Started ServerConnector@2687725a{HTTP/1.1,[http/1.1]}{0.0.0.0:45596}
2019-10-03 14:19:49,123 [main] INFO  server.Server (Server.java:doStart(419)) - Started @6604ms
2019-10-03 14:19:49,123 [main] WARN  impl.MetricsSystemImpl (MetricsSystemImpl.java:register(276)) - Sink prometheus already exists!
2019-10-03 14:19:49,124 [main] INFO  server.BaseHttpServer (BaseHttpServer.java:updateConnectorAddress(215)) - HTTP server of HDDSDATANODE is listening at http://0.0.0.0:45596
2019-10-03 14:19:49,124 [main] INFO  impl.MetricsSystemImpl (MetricsSystemImpl.java:init(158)) - HddsDatanode metrics system started (again)
2019-10-03 14:19:49,135 [main] INFO  ozone.HddsDatanodeService (HddsDatanodeService.java:start(184)) - HddsDatanodeService host:pr-hdds-2216-wws87-2365029438 ip:192.168.30.9
2019-10-03 14:19:49,136 [org.apache.hadoop.util.JvmPauseMonitor$Monitor@7ae696de] INFO  util.JvmPauseMonitor (JvmPauseMonitor.java:run(188)) - Starting JVM pause monitor
2019-10-03 14:19:49,138 [Datanode State Machine Thread - 0] INFO  datanode.InitDatanodeState (InitDatanodeState.java:persistContainerDatanodeDetails(140)) - DatanodeDetails is persisted to /workdir/hadoop-ozone/integration-test/target/test-dir/MiniOzoneClusterImpl-559a310c-7f81-4ef4-b30f-984a6e637ed4/datanode-2/meta/datanode.id
2019-10-03 14:19:49,145 [main] INFO  volume.HddsVolume (HddsVolume.java:<init>(176)) - Creating Volume: /workdir/hadoop-ozone/integration-test/target/test-dir/MiniOzoneClusterImpl-559a310c-7f81-4ef4-b30f-984a6e637ed4/datanode-3/data/containers/hdds of  storage type : DISK and capacity : 1482555576320
2019-10-03 14:19:49,145 [main] INFO  volume.VolumeSet (VolumeSet.java:initializeVolumeSet(170)) - Added Volume : /workdir/hadoop-ozone/integration-test/target/test-dir/MiniOzoneClusterImpl-559a310c-7f81-4ef4-b30f-984a6e637ed4/datanode-3/data/containers/hdds to VolumeSet
2019-10-03 14:19:49,146 [main] INFO  volume.ThrottledAsyncChecker (ThrottledAsyncChecker.java:schedule(139)) - Scheduling a check for org.apache.hadoop.ozone.container.common.volume.HddsVolume@7d78f3d5
2019-10-03 14:19:49,148 [main] INFO  volume.HddsVolumeChecker (HddsVolumeChecker.java:checkAllVolumes(202)) - Scheduled health check for volume org.apache.hadoop.ozone.container.common.volume.HddsVolume@7d78f3d5
2019-10-03 14:19:49,171 [main] INFO  impl.RaftServerProxy (ConfUtils.java:logGet(43)) - raft.rpc.type = GRPC (default)
2019-10-03 14:19:49,171 [main] INFO  grpc.GrpcFactory (GrpcFactory.java:checkPooledByteBufAllocatorUseCacheForAllThreads(45)) - PERFORMANCE WARNING: useCacheForAllThreads is true that may cause Netty to create a lot garbage objects and, as a result, trigger GC.
	It is recommended to disable useCacheForAllThreads by setting -Dorg.apache.ratis.thirdparty.io.netty.allocator.useCacheForAllThreads=false in command line.
2019-10-03 14:19:49,171 [main] INFO  grpc.GrpcConfigKeys$Server (ConfUtils.java:logGet(43)) - raft.grpc.server.port = 0 (default)
2019-10-03 14:19:49,171 [main] INFO  server.GrpcService (ConfUtils.java:logGet(43)) - raft.grpc.message.size.max = 33570816 (custom)
2019-10-03 14:19:49,172 [main] INFO  server.RaftServerConfigKeys (ConfUtils.java:logGet(43)) - raft.server.log.appender.buffer.byte-limit = 33554432 (custom)
2019-10-03 14:19:49,172 [main] INFO  server.GrpcService (ConfUtils.java:logGet(43)) - raft.grpc.flow.control.window = 1MB (=1048576) (default)
2019-10-03 14:19:49,172 [main] INFO  server.RaftServerConfigKeys (ConfUtils.java:logGet(43)) - raft.server.rpc.request.timeout = 3000ms (default)
2019-10-03 14:19:49,173 [main] INFO  server.RaftServerConfigKeys (ConfUtils.java:logGet(43)) - raft.server.storage.dir = [/workdir/hadoop-ozone/integration-test/target/test-dir/MiniOzoneClusterImpl-559a310c-7f81-4ef4-b30f-984a6e637ed4/datanode-3/data/ratis] (custom)
2019-10-03 14:19:49,175 [main] INFO  hdfs.DFSUtil (DFSUtil.java:httpServerTemplateForNNAndJN(1641)) - Starting Web-server for hddsDatanode at: http://0.0.0.0:0
2019-10-03 14:19:49,176 [main] INFO  server.AuthenticationFilter (AuthenticationFilter.java:constructSecretProvider(240)) - Unable to initialize FileSignerSecretProvider, falling back to use random secrets.
2019-10-03 14:19:49,178 [main] WARN  http.HttpRequestLog (HttpRequestLog.java:getRequestLog(97)) - Jetty request log can only be enabled using Log4j
2019-10-03 14:19:49,179 [main] INFO  http.HttpServer2 (HttpServer2.java:addGlobalFilter(975)) - Added global filter 'safety' (class=org.apache.hadoop.http.HttpServer2$QuotingInputFilter)
2019-10-03 14:19:49,180 [main] INFO  http.HttpServer2 (HttpServer2.java:addFilter(948)) - Added filter static_user_filter (class=org.apache.hadoop.http.lib.StaticUserWebFilter$StaticUserFilter) to context hddsDatanode
2019-10-03 14:19:49,180 [main] INFO  http.HttpServer2 (HttpServer2.java:addFilter(958)) - Added filter static_user_filter (class=org.apache.hadoop.http.lib.StaticUserWebFilter$StaticUserFilter) to context static
2019-10-03 14:19:49,180 [main] INFO  http.HttpServer2 (HttpServer2.java:addFilter(958)) - Added filter static_user_filter (class=org.apache.hadoop.http.lib.StaticUserWebFilter$StaticUserFilter) to context logs
2019-10-03 14:19:49,181 [main] INFO  http.HttpServer2 (HttpServer2.java:bindListener(1191)) - Jetty bound to port 41115
2019-10-03 14:19:49,181 [main] INFO  server.Server (Server.java:doStart(351)) - jetty-9.3.25.v20180904, build timestamp: 2018-09-04T21:11:46Z, git hash: 3ce520221d0240229c862b122d2b06c12a625732
2019-10-03 14:19:49,189 [main] INFO  handler.ContextHandler (ContextHandler.java:doStart(781)) - Started o.e.j.s.ServletContextHandler@69d23296{/logs,file:///workdir/hadoop-ozone/integration-test/target/log,AVAILABLE}
2019-10-03 14:19:49,191 [main] INFO  handler.ContextHandler (ContextHandler.java:doStart(781)) - Started o.e.j.s.ServletContextHandler@376c7d7d{/static,jar:file:/home/user/.m2/repository/org/apache/hadoop/hadoop-hdds-container-service/0.5.0-SNAPSHOT/hadoop-hdds-container-service-0.5.0-SNAPSHOT.jar!/webapps/static,AVAILABLE}
2019-10-03 14:19:49,224 [main] INFO  handler.ContextHandler (ContextHandler.java:doStart(781)) - Started o.e.j.w.WebAppContext@4c86da0c{/,file:///tmp/jetty-0.0.0.0-41115-hddsDatanode-_-any-8493859836899554968.dir/webapp/,AVAILABLE}{/hddsDatanode}
2019-10-03 14:19:49,225 [main] INFO  server.AbstractConnector (AbstractConnector.java:doStart(278)) - Started ServerConnector@5d97caa4{HTTP/1.1,[http/1.1]}{0.0.0.0:41115}
2019-10-03 14:19:49,226 [main] INFO  server.Server (Server.java:doStart(419)) - Started @6706ms
2019-10-03 14:19:49,228 [main] WARN  impl.MetricsSystemImpl (MetricsSystemImpl.java:register(276)) - Sink prometheus already exists!
2019-10-03 14:19:49,229 [ba2666ef-bd53-4353-8c2b-8fa7f69def18@group-C5BA1605619E-SegmentedRaftLogWorker] INFO  segmented.SegmentedRaftLogWorker (SegmentedRaftLogWorker.java:execute(574)) - ba2666ef-bd53-4353-8c2b-8fa7f69def18@group-C5BA1605619E-SegmentedRaftLogWorker: created new log segment /workdir/hadoop-ozone/integration-test/target/test-dir/MiniOzoneClusterImpl-559a310c-7f81-4ef4-b30f-984a6e637ed4/ozone-meta/ratis/bf265839-605b-3f16-9796-c5ba1605619e/current/log_inprogress_0
2019-10-03 14:19:49,229 [main] INFO  server.BaseHttpServer (BaseHttpServer.java:updateConnectorAddress(215)) - HTTP server of HDDSDATANODE is listening at http://0.0.0.0:41115
2019-10-03 14:19:49,232 [main] INFO  ozone.MiniOzoneClusterImpl (MiniOzoneClusterImpl.java:lambda$waitForClusterToBeReady$0(147)) - Waiting for cluster to be ready. Got 0 of 4 DN Heartbeats.
2019-10-03 14:19:49,238 [org.apache.hadoop.util.JvmPauseMonitor$Monitor@5c513bbd] INFO  util.JvmPauseMonitor (JvmPauseMonitor.java:run(188)) - Starting JVM pause monitor
2019-10-03 14:19:49,242 [Datanode State Machine Thread - 0] INFO  datanode.InitDatanodeState (InitDatanodeState.java:persistContainerDatanodeDetails(140)) - DatanodeDetails is persisted to /workdir/hadoop-ozone/integration-test/target/test-dir/MiniOzoneClusterImpl-559a310c-7f81-4ef4-b30f-984a6e637ed4/datanode-3/meta/datanode.id
2019-10-03 14:19:50,234 [main] INFO  ozone.MiniOzoneClusterImpl (MiniOzoneClusterImpl.java:lambda$waitForClusterToBeReady$0(147)) - Waiting for cluster to be ready. Got 0 of 4 DN Heartbeats.
2019-10-03 14:19:50,602 [Datanode State Machine Thread - 0] INFO  ozoneimpl.OzoneContainer (OzoneContainer.java:start(217)) - Attempting to start container services.
2019-10-03 14:19:50,605 [Datanode State Machine Thread - 0] INFO  ozoneimpl.OzoneContainer (OzoneContainer.java:startContainerScrub(179)) - Background container scanner has been disabled.
2019-10-03 14:19:50,606 [Datanode State Machine Thread - 0] INFO  ratis.XceiverServerRatis (XceiverServerRatis.java:start(417)) - Starting XceiverServerRatis 9aa8a181-5e95-4085-b2b9-b5640fe8e826 at port 0
2019-10-03 14:19:50,613 [Datanode State Machine Thread - 0] INFO  impl.RaftServerProxy (RaftServerProxy.java:lambda$start$3(299)) - 9aa8a181-5e95-4085-b2b9-b5640fe8e826: start RPC server
2019-10-03 14:19:50,617 [Datanode State Machine Thread - 0] INFO  server.GrpcService (GrpcService.java:startImpl(158)) - 9aa8a181-5e95-4085-b2b9-b5640fe8e826: GrpcService started, listening on 0.0.0.0/0.0.0.0:40497
2019-10-03 14:19:50,618 [Datanode State Machine Thread - 0] INFO  ratis.XceiverServerRatis (XceiverServerRatis.java:start(427)) - XceiverServerRatis 9aa8a181-5e95-4085-b2b9-b5640fe8e826 is started using port 40497
2019-10-03 14:19:50,620 [Datanode State Machine Thread - 0] INFO  server.XceiverServerGrpc (XceiverServerGrpc.java:start(149)) - XceiverServerGrpc 9aa8a181-5e95-4085-b2b9-b5640fe8e826 is started using port 34608
2019-10-03 14:19:50,997 [Datanode State Machine Thread - 0] INFO  ozoneimpl.OzoneContainer (OzoneContainer.java:start(217)) - Attempting to start container services.
2019-10-03 14:19:50,999 [Datanode State Machine Thread - 0] INFO  ozoneimpl.OzoneContainer (OzoneContainer.java:startContainerScrub(179)) - Background container scanner has been disabled.
2019-10-03 14:19:50,999 [Datanode State Machine Thread - 0] INFO  ratis.XceiverServerRatis (XceiverServerRatis.java:start(417)) - Starting XceiverServerRatis 1560dbc8-ba91-4407-9575-bd830c0d1598 at port 0
2019-10-03 14:19:51,234 [main] INFO  ozone.MiniOzoneClusterImpl (MiniOzoneClusterImpl.java:lambda$waitForClusterToBeReady$0(147)) - Waiting for cluster to be ready. Got 0 of 4 DN Heartbeats.
2019-10-03 14:19:51,250 [Datanode State Machine Thread - 0] INFO  impl.RaftServerProxy (RaftServerProxy.java:lambda$start$3(299)) - 1560dbc8-ba91-4407-9575-bd830c0d1598: start RPC server
2019-10-03 14:19:51,252 [Datanode State Machine Thread - 0] INFO  server.GrpcService (GrpcService.java:startImpl(158)) - 1560dbc8-ba91-4407-9575-bd830c0d1598: GrpcService started, listening on 0.0.0.0/0.0.0.0:36296
2019-10-03 14:19:51,253 [Datanode State Machine Thread - 0] INFO  ratis.XceiverServerRatis (XceiverServerRatis.java:start(427)) - XceiverServerRatis 1560dbc8-ba91-4407-9575-bd830c0d1598 is started using port 36296
2019-10-03 14:19:51,254 [Datanode State Machine Thread - 0] INFO  server.XceiverServerGrpc (XceiverServerGrpc.java:start(149)) - XceiverServerGrpc 1560dbc8-ba91-4407-9575-bd830c0d1598 is started using port 41063
2019-10-03 14:19:51,271 [Datanode State Machine Thread - 0] INFO  ozoneimpl.OzoneContainer (OzoneContainer.java:start(217)) - Attempting to start container services.
2019-10-03 14:19:51,271 [Datanode State Machine Thread - 0] INFO  ozoneimpl.OzoneContainer (OzoneContainer.java:start(217)) - Attempting to start container services.
2019-10-03 14:19:51,273 [Datanode State Machine Thread - 0] INFO  ozoneimpl.OzoneContainer (OzoneContainer.java:startContainerScrub(179)) - Background container scanner has been disabled.
2019-10-03 14:19:51,273 [Datanode State Machine Thread - 0] INFO  ratis.XceiverServerRatis (XceiverServerRatis.java:start(417)) - Starting XceiverServerRatis e3fca03c-871d-4f2b-a590-0a6bc50ba34e at port 0
2019-10-03 14:19:51,274 [Datanode State Machine Thread - 0] INFO  ozoneimpl.OzoneContainer (OzoneContainer.java:startContainerScrub(179)) - Background container scanner has been disabled.
2019-10-03 14:19:51,274 [Datanode State Machine Thread - 0] INFO  ratis.XceiverServerRatis (XceiverServerRatis.java:start(417)) - Starting XceiverServerRatis bff10409-08f6-4d81-9276-c68ae06c2fc9 at port 0
2019-10-03 14:19:51,296 [Datanode State Machine Thread - 0] INFO  impl.RaftServerProxy (RaftServerProxy.java:lambda$start$3(299)) - bff10409-08f6-4d81-9276-c68ae06c2fc9: start RPC server
2019-10-03 14:19:51,298 [Datanode State Machine Thread - 0] INFO  impl.RaftServerProxy (RaftServerProxy.java:lambda$start$3(299)) - e3fca03c-871d-4f2b-a590-0a6bc50ba34e: start RPC server
2019-10-03 14:19:51,299 [Datanode State Machine Thread - 0] INFO  server.GrpcService (GrpcService.java:startImpl(158)) - bff10409-08f6-4d81-9276-c68ae06c2fc9: GrpcService started, listening on 0.0.0.0/0.0.0.0:45525
2019-10-03 14:19:51,299 [Datanode State Machine Thread - 0] INFO  ratis.XceiverServerRatis (XceiverServerRatis.java:start(427)) - XceiverServerRatis bff10409-08f6-4d81-9276-c68ae06c2fc9 is started using port 45525
2019-10-03 14:19:51,301 [Datanode State Machine Thread - 0] INFO  server.GrpcService (GrpcService.java:startImpl(158)) - e3fca03c-871d-4f2b-a590-0a6bc50ba34e: GrpcService started, listening on 0.0.0.0/0.0.0.0:43919
2019-10-03 14:19:51,302 [Datanode State Machine Thread - 0] INFO  server.XceiverServerGrpc (XceiverServerGrpc.java:start(149)) - XceiverServerGrpc bff10409-08f6-4d81-9276-c68ae06c2fc9 is started using port 44635
2019-10-03 14:19:51,302 [Datanode State Machine Thread - 0] INFO  ratis.XceiverServerRatis (XceiverServerRatis.java:start(427)) - XceiverServerRatis e3fca03c-871d-4f2b-a590-0a6bc50ba34e is started using port 43919
2019-10-03 14:19:51,307 [Datanode State Machine Thread - 0] INFO  server.XceiverServerGrpc (XceiverServerGrpc.java:start(149)) - XceiverServerGrpc e3fca03c-871d-4f2b-a590-0a6bc50ba34e is started using port 44001
2019-10-03 14:19:52,235 [main] INFO  ozone.MiniOzoneClusterImpl (MiniOzoneClusterImpl.java:lambda$waitForClusterToBeReady$0(147)) - Waiting for cluster to be ready. Got 0 of 4 DN Heartbeats.
2019-10-03 14:19:52,556 [IPC Server handler 0 on 45214] INFO  net.NetworkTopology (NetworkTopologyImpl.java:add(111)) - Added a new node: /rack1/9aa8a181-5e95-4085-b2b9-b5640fe8e826
2019-10-03 14:19:52,557 [IPC Server handler 0 on 45214] INFO  node.SCMNodeManager (SCMNodeManager.java:register(266)) - Registered Data node : 9aa8a181-5e95-4085-b2b9-b5640fe8e826{ip: 192.168.30.9, host: pr-hdds-2216-wws87-2365029438, networkLocation: /rack1, certSerialId: null}
2019-10-03 14:19:52,560 [EventQueue-NodeRegistrationContainerReportForDataNodeSafeModeRule] INFO  safemode.SCMSafeModeManager (DataNodeSafeModeRule.java:process(71)) - SCM in safe mode. 1 DataNodes registered, 1 required.
2019-10-03 14:19:52,787 [EventQueue-NodeRegistrationContainerReportForContainerSafeModeRule] INFO  safemode.SCMSafeModeManager (SCMSafeModeManager.java:validateSafeModeExitRules(177)) - ScmSafeModeManager, all rules are successfully validated
2019-10-03 14:19:52,787 [EventQueue-NodeRegistrationContainerReportForContainerSafeModeRule] INFO  safemode.SCMSafeModeManager (SCMSafeModeManager.java:exitSafeMode(193)) - SCM exiting safe mode.
2019-10-03 14:19:52,969 [IPC Server handler 2 on 45214] INFO  net.NetworkTopology (NetworkTopologyImpl.java:add(111)) - Added a new node: /rack1/1560dbc8-ba91-4407-9575-bd830c0d1598
2019-10-03 14:19:52,969 [IPC Server handler 2 on 45214] INFO  node.SCMNodeManager (SCMNodeManager.java:register(266)) - Registered Data node : 1560dbc8-ba91-4407-9575-bd830c0d1598{ip: 192.168.30.9, host: pr-hdds-2216-wws87-2365029438, networkLocation: /rack1, certSerialId: null}
2019-10-03 14:19:53,139 [IPC Server handler 3 on 45214] INFO  net.NetworkTopology (NetworkTopologyImpl.java:add(111)) - Added a new node: /rack1/e3fca03c-871d-4f2b-a590-0a6bc50ba34e
2019-10-03 14:19:53,139 [IPC Server handler 3 on 45214] INFO  node.SCMNodeManager (SCMNodeManager.java:register(266)) - Registered Data node : e3fca03c-871d-4f2b-a590-0a6bc50ba34e{ip: 192.168.30.9, host: pr-hdds-2216-wws87-2365029438, networkLocation: /rack1, certSerialId: null}
2019-10-03 14:19:53,236 [main] INFO  ozone.MiniOzoneClusterImpl (MiniOzoneClusterImpl.java:lambda$waitForClusterToBeReady$0(147)) - Waiting for cluster to be ready. Got 3 of 4 DN Heartbeats.
2019-10-03 14:19:53,243 [IPC Server handler 1 on 45214] INFO  net.NetworkTopology (NetworkTopologyImpl.java:add(111)) - Added a new node: /rack1/bff10409-08f6-4d81-9276-c68ae06c2fc9
2019-10-03 14:19:53,243 [IPC Server handler 1 on 45214] INFO  node.SCMNodeManager (SCMNodeManager.java:register(266)) - Registered Data node : bff10409-08f6-4d81-9276-c68ae06c2fc9{ip: 192.168.30.9, host: pr-hdds-2216-wws87-2365029438, networkLocation: /rack1, certSerialId: null}
2019-10-03 14:19:53,413 [grpc-default-executor-0] INFO  impl.RaftServerProxy (RaftServerProxy.java:addNew(89)) - 9aa8a181-5e95-4085-b2b9-b5640fe8e826: addNew group-950137B74A58:[9aa8a181-5e95-4085-b2b9-b5640fe8e826:192.168.30.9:40497] returns group-950137B74A58:java.util.concurrent.CompletableFuture@5e2fe896[Not completed]
2019-10-03 14:19:53,425 [pool-32-thread-1] INFO  impl.RaftServerImpl (RaftServerImpl.java:<init>(95)) - 9aa8a181-5e95-4085-b2b9-b5640fe8e826: new RaftServerImpl for group-950137B74A58:[9aa8a181-5e95-4085-b2b9-b5640fe8e826:192.168.30.9:40497] with ContainerStateMachine:uninitialized
2019-10-03 14:19:53,426 [pool-32-thread-1] INFO  server.RaftServerConfigKeys (ConfUtils.java:logGet(43)) - raft.server.rpc.timeout.min = 5s (custom)
2019-10-03 14:19:53,427 [pool-32-thread-1] INFO  server.RaftServerConfigKeys (ConfUtils.java:logGet(43)) - raft.server.rpc.timeout.max = 5200ms (custom)
2019-10-03 14:19:53,427 [pool-32-thread-1] INFO  server.RaftServerConfigKeys (ConfUtils.java:logGet(43)) - raft.server.rpcslowness.timeout = 120s (custom)
2019-10-03 14:19:53,427 [pool-32-thread-1] INFO  server.RaftServerConfigKeys (ConfUtils.java:logGet(43)) - raft.server.sleep.deviation.threshold = 300 (default)
2019-10-03 14:19:53,427 [pool-32-thread-1] INFO  server.RaftServerConfigKeys (ConfUtils.java:logGet(43)) - raft.server.log.appender.install.snapshot.enabled = false (custom)
2019-10-03 14:19:53,428 [pool-32-thread-1] INFO  impl.RaftServerImpl (ServerState.java:<init>(103)) - 9aa8a181-5e95-4085-b2b9-b5640fe8e826@group-950137B74A58: ConfigurationManager, init=-1: [9aa8a181-5e95-4085-b2b9-b5640fe8e826:192.168.30.9:40497], old=null, confs=<EMPTY_MAP>
2019-10-03 14:19:53,428 [pool-32-thread-1] INFO  server.RaftServerConfigKeys (ConfUtils.java:logGet(43)) - raft.server.storage.dir = [/workdir/hadoop-ozone/integration-test/target/test-dir/MiniOzoneClusterImpl-559a310c-7f81-4ef4-b30f-984a6e637ed4/datanode-0/data/ratis] (custom)
2019-10-03 14:19:53,428 [pool-32-thread-1] INFO  server.RaftServerConfigKeys (ConfUtils.java:logGet(43)) - raft.server.log.corruption.policy = EXCEPTION (default)
2019-10-03 14:19:53,429 [pool-32-thread-1] INFO  storage.RaftStorageDirectory (RaftStorageDirectory.java:analyzeStorage(246)) - The storage directory /workdir/hadoop-ozone/integration-test/target/test-dir/MiniOzoneClusterImpl-559a310c-7f81-4ef4-b30f-984a6e637ed4/datanode-0/data/ratis/dd32b9c4-77d8-4944-afcc-950137b74a58 does not exist. Creating ...
2019-10-03 14:19:53,453 [pool-32-thread-1] INFO  storage.RaftStorageDirectory (RaftStorageDirectory.java:tryLock(328)) - Lock on /workdir/hadoop-ozone/integration-test/target/test-dir/MiniOzoneClusterImpl-559a310c-7f81-4ef4-b30f-984a6e637ed4/datanode-0/data/ratis/dd32b9c4-77d8-4944-afcc-950137b74a58/in_use.lock acquired by nodename 28726@pr-hdds-2216-wws87-2365029438
2019-10-03 14:19:53,478 [pool-32-thread-1] INFO  storage.RaftStorage (RaftStorage.java:format(84)) - Storage directory /workdir/hadoop-ozone/integration-test/target/test-dir/MiniOzoneClusterImpl-559a310c-7f81-4ef4-b30f-984a6e637ed4/datanode-0/data/ratis/dd32b9c4-77d8-4944-afcc-950137b74a58 has been successfully formatted.
2019-10-03 14:19:53,480 [pool-32-thread-1] INFO  ratis.ContainerStateMachine (ContainerStateMachine.java:loadSnapshot(230)) - group-950137B74A58: The snapshot info is null. Setting the last applied indexto:(t:0, i:~)
2019-10-03 14:19:53,480 [pool-32-thread-1] INFO  server.RaftServerConfigKeys (ConfUtils.java:logGet(43)) - raft.server.notification.no-leader.timeout = 120s (custom)
2019-10-03 14:19:53,481 [pool-32-thread-1] INFO  server.RaftServerConfigKeys (ConfUtils.java:logGet(43)) - raft.server.log.use.memory = false (default)
2019-10-03 14:19:53,481 [pool-32-thread-1] INFO  server.RaftServerConfigKeys (ConfUtils.java:logGet(43)) - raft.server.log.purge.gap = 1000000 (custom)
2019-10-03 14:19:53,481 [pool-32-thread-1] INFO  server.RaftServerConfigKeys (ConfUtils.java:logGet(43)) - raft.server.log.appender.buffer.byte-limit = 33554432 (custom)
2019-10-03 14:19:53,482 [pool-32-thread-1] INFO  server.RaftServerConfigKeys (ConfUtils.java:logGet(43)) - raft.server.log.segment.size.max = 1048576 (custom)
2019-10-03 14:19:53,489 [pool-32-thread-1] INFO  server.RaftServerConfigKeys (ConfUtils.java:logGet(43)) - raft.server.log.segment.cache.num.max = 2 (custom)
2019-10-03 14:19:53,490 [pool-32-thread-1] INFO  segmented.SegmentedRaftLogWorker (SegmentedRaftLogWorker.java:<init>(173)) - new 9aa8a181-5e95-4085-b2b9-b5640fe8e826@group-950137B74A58-SegmentedRaftLogWorker for RaftStorage:Storage Directory /workdir/hadoop-ozone/integration-test/target/test-dir/MiniOzoneClusterImpl-559a310c-7f81-4ef4-b30f-984a6e637ed4/datanode-0/data/ratis/dd32b9c4-77d8-4944-afcc-950137b74a58
2019-10-03 14:19:53,490 [pool-32-thread-1] INFO  server.RaftServerConfigKeys (ConfUtils.java:logGet(43)) - raft.server.log.queue.byte-limit = 2147483647 (custom)
2019-10-03 14:19:53,490 [pool-32-thread-1] INFO  server.RaftServerConfigKeys (ConfUtils.java:logGet(43)) - raft.server.log.queue.element-limit = 1024 (custom)
2019-10-03 14:19:53,491 [pool-32-thread-1] INFO  server.RaftServerConfigKeys (ConfUtils.java:logGet(43)) - raft.server.log.segment.size.max = 1048576 (custom)
2019-10-03 14:19:53,491 [pool-32-thread-1] INFO  server.RaftServerConfigKeys (ConfUtils.java:logGet(43)) - raft.server.log.preallocated.size = 16384 (custom)
2019-10-03 14:19:53,491 [pool-32-thread-1] INFO  server.RaftServerConfigKeys (ConfUtils.java:logGet(43)) - raft.server.log.write.buffer.size = 33554432 (custom)
2019-10-03 14:19:53,491 [pool-32-thread-1] INFO  server.RaftServerConfigKeys (ConfUtils.java:logGet(43)) - raft.server.log.force.sync.num = 128 (default)
2019-10-03 14:19:53,492 [pool-32-thread-1] INFO  server.RaftServerConfigKeys (ConfUtils.java:logGet(43)) - raft.server.log.statemachine.data.sync = true (default)
2019-10-03 14:19:53,492 [pool-32-thread-1] INFO  server.RaftServerConfigKeys (ConfUtils.java:logGet(43)) - raft.server.log.statemachine.data.sync.timeout = 10s (default)
2019-10-03 14:19:53,492 [pool-32-thread-1] INFO  server.RaftServerConfigKeys (ConfUtils.java:logGet(43)) - raft.server.log.statemachine.data.sync.timeout.retry = -1 (default)
2019-10-03 14:19:53,493 [pool-32-thread-1] INFO  server.RaftServerConfigKeys (ConfUtils.java:logGet(43)) - raft.server.log.statemachine.data.caching.enabled = true (custom)
2019-10-03 14:19:53,494 [pool-32-thread-1] INFO  segmented.SegmentedRaftLogWorker (SegmentedRaftLogWorker.java:lambda$new$0(128)) - 9aa8a181-5e95-4085-b2b9-b5640fe8e826@group-950137B74A58-SegmentedRaftLogWorker: flushIndex: setUnconditionally 0 -> -1
2019-10-03 14:19:53,494 [pool-32-thread-1] INFO  server.RaftServerConfigKeys (ConfUtils.java:logGet(43)) - raft.server.snapshot.auto.trigger.enabled = true (custom)
2019-10-03 14:19:53,495 [pool-32-thread-1] INFO  server.RaftServerConfigKeys (ConfUtils.java:logGet(43)) - raft.server.snapshot.auto.trigger.threshold = 10000 (custom)
2019-10-03 14:19:53,495 [pool-32-thread-1] INFO  server.RaftServerConfigKeys (ConfUtils.java:logGet(43)) - raft.server.snapshot.retention.file.num = 5 (custom)
2019-10-03 14:19:53,495 [pool-32-thread-1] INFO  server.RaftServerConfigKeys (ConfUtils.java:logGet(43)) - raft.server.retrycache.expirytime = 600000ms (custom)
2019-10-03 14:19:53,502 [pool-32-thread-1] INFO  impl.RaftServerImpl (RaftServerImpl.java:start(181)) - 9aa8a181-5e95-4085-b2b9-b5640fe8e826@group-950137B74A58: start as a follower, conf=-1: [9aa8a181-5e95-4085-b2b9-b5640fe8e826:192.168.30.9:40497], old=null
2019-10-03 14:19:53,502 [pool-32-thread-1] INFO  impl.RaftServerImpl (RaftServerImpl.java:setRole(170)) - 9aa8a181-5e95-4085-b2b9-b5640fe8e826@group-950137B74A58: changes role from      null to FOLLOWER at term 0 for startAsFollower
2019-10-03 14:19:53,502 [pool-32-thread-1] INFO  impl.RoleInfo (RoleInfo.java:updateAndGet(143)) - 9aa8a181-5e95-4085-b2b9-b5640fe8e826: start FollowerState
2019-10-03 14:19:53,503 [pool-32-thread-1] INFO  util.JmxRegister (JmxRegister.java:tryRegister(44)) - Successfully registered JMX Bean with object name Ratis:service=RaftServer,group=group-950137B74A58,id=9aa8a181-5e95-4085-b2b9-b5640fe8e826
2019-10-03 14:19:53,584 [RatisPipelineUtilsThread] INFO  pipeline.PipelineStateManager (PipelineStateManager.java:addPipeline(56)) - Created pipeline Pipeline[ Id: dd32b9c4-77d8-4944-afcc-950137b74a58, Nodes: 9aa8a181-5e95-4085-b2b9-b5640fe8e826{ip: 192.168.30.9, host: pr-hdds-2216-wws87-2365029438, networkLocation: /rack1, certSerialId: null}, Type:RATIS, Factor:ONE, State:OPEN]
2019-10-03 14:19:53,605 [grpc-default-executor-0] INFO  impl.RaftServerProxy (RaftServerProxy.java:addNew(89)) - bff10409-08f6-4d81-9276-c68ae06c2fc9: addNew group-B437AA5F243E:[bff10409-08f6-4d81-9276-c68ae06c2fc9:192.168.30.9:45525] returns group-B437AA5F243E:java.util.concurrent.CompletableFuture@676bde69[Not completed]
2019-10-03 14:19:53,616 [pool-62-thread-1] INFO  impl.RaftServerImpl (RaftServerImpl.java:<init>(95)) - bff10409-08f6-4d81-9276-c68ae06c2fc9: new RaftServerImpl for group-B437AA5F243E:[bff10409-08f6-4d81-9276-c68ae06c2fc9:192.168.30.9:45525] with ContainerStateMachine:uninitialized
2019-10-03 14:19:53,619 [pool-62-thread-1] INFO  server.RaftServerConfigKeys (ConfUtils.java:logGet(43)) - raft.server.rpc.timeout.min = 5s (custom)
2019-10-03 14:19:53,619 [pool-62-thread-1] INFO  server.RaftServerConfigKeys (ConfUtils.java:logGet(43)) - raft.server.rpc.timeout.max = 5200ms (custom)
2019-10-03 14:19:53,619 [pool-62-thread-1] INFO  server.RaftServerConfigKeys (ConfUtils.java:logGet(43)) - raft.server.rpcslowness.timeout = 120s (custom)
2019-10-03 14:19:53,619 [pool-62-thread-1] INFO  server.RaftServerConfigKeys (ConfUtils.java:logGet(43)) - raft.server.sleep.deviation.threshold = 300 (default)
2019-10-03 14:19:53,619 [pool-62-thread-1] INFO  server.RaftServerConfigKeys (ConfUtils.java:logGet(43)) - raft.server.log.appender.install.snapshot.enabled = false (custom)
2019-10-03 14:19:53,619 [pool-62-thread-1] INFO  impl.RaftServerImpl (ServerState.java:<init>(103)) - bff10409-08f6-4d81-9276-c68ae06c2fc9@group-B437AA5F243E: ConfigurationManager, init=-1: [bff10409-08f6-4d81-9276-c68ae06c2fc9:192.168.30.9:45525], old=null, confs=<EMPTY_MAP>
2019-10-03 14:19:53,620 [pool-62-thread-1] INFO  server.RaftServerConfigKeys (ConfUtils.java:logGet(43)) - raft.server.storage.dir = [/workdir/hadoop-ozone/integration-test/target/test-dir/MiniOzoneClusterImpl-559a310c-7f81-4ef4-b30f-984a6e637ed4/datanode-3/data/ratis] (custom)
2019-10-03 14:19:53,620 [pool-62-thread-1] INFO  server.RaftServerConfigKeys (ConfUtils.java:logGet(43)) - raft.server.log.corruption.policy = EXCEPTION (default)
2019-10-03 14:19:53,620 [pool-62-thread-1] INFO  storage.RaftStorageDirectory (RaftStorageDirectory.java:analyzeStorage(246)) - The storage directory /workdir/hadoop-ozone/integration-test/target/test-dir/MiniOzoneClusterImpl-559a310c-7f81-4ef4-b30f-984a6e637ed4/datanode-3/data/ratis/c6e63eb1-4979-4a97-abf3-b437aa5f243e does not exist. Creating ...
2019-10-03 14:19:53,642 [pool-62-thread-1] INFO  storage.RaftStorageDirectory (RaftStorageDirectory.java:tryLock(328)) - Lock on /workdir/hadoop-ozone/integration-test/target/test-dir/MiniOzoneClusterImpl-559a310c-7f81-4ef4-b30f-984a6e637ed4/datanode-3/data/ratis/c6e63eb1-4979-4a97-abf3-b437aa5f243e/in_use.lock acquired by nodename 28726@pr-hdds-2216-wws87-2365029438
2019-10-03 14:19:53,656 [pool-62-thread-1] INFO  storage.RaftStorage (RaftStorage.java:format(84)) - Storage directory /workdir/hadoop-ozone/integration-test/target/test-dir/MiniOzoneClusterImpl-559a310c-7f81-4ef4-b30f-984a6e637ed4/datanode-3/data/ratis/c6e63eb1-4979-4a97-abf3-b437aa5f243e has been successfully formatted.
2019-10-03 14:19:53,657 [pool-62-thread-1] INFO  ratis.ContainerStateMachine (ContainerStateMachine.java:loadSnapshot(230)) - group-B437AA5F243E: The snapshot info is null. Setting the last applied indexto:(t:0, i:~)
2019-10-03 14:19:53,658 [pool-62-thread-1] INFO  server.RaftServerConfigKeys (ConfUtils.java:logGet(43)) - raft.server.notification.no-leader.timeout = 120s (custom)
2019-10-03 14:19:53,658 [pool-62-thread-1] INFO  server.RaftServerConfigKeys (ConfUtils.java:logGet(43)) - raft.server.log.use.memory = false (default)
2019-10-03 14:19:53,659 [pool-62-thread-1] INFO  server.RaftServerConfigKeys (ConfUtils.java:logGet(43)) - raft.server.log.purge.gap = 1000000 (custom)
2019-10-03 14:19:53,659 [pool-62-thread-1] INFO  server.RaftServerConfigKeys (ConfUtils.java:logGet(43)) - raft.server.log.appender.buffer.byte-limit = 33554432 (custom)
2019-10-03 14:19:53,659 [pool-62-thread-1] INFO  server.RaftServerConfigKeys (ConfUtils.java:logGet(43)) - raft.server.log.segment.size.max = 1048576 (custom)
2019-10-03 14:19:53,663 [pool-62-thread-1] INFO  server.RaftServerConfigKeys (ConfUtils.java:logGet(43)) - raft.server.log.segment.cache.num.max = 2 (custom)
2019-10-03 14:19:53,664 [pool-62-thread-1] INFO  segmented.SegmentedRaftLogWorker (SegmentedRaftLogWorker.java:<init>(173)) - new bff10409-08f6-4d81-9276-c68ae06c2fc9@group-B437AA5F243E-SegmentedRaftLogWorker for RaftStorage:Storage Directory /workdir/hadoop-ozone/integration-test/target/test-dir/MiniOzoneClusterImpl-559a310c-7f81-4ef4-b30f-984a6e637ed4/datanode-3/data/ratis/c6e63eb1-4979-4a97-abf3-b437aa5f243e
2019-10-03 14:19:53,664 [pool-62-thread-1] INFO  server.RaftServerConfigKeys (ConfUtils.java:logGet(43)) - raft.server.log.queue.byte-limit = 2147483647 (custom)
2019-10-03 14:19:53,664 [pool-62-thread-1] INFO  server.RaftServerConfigKeys (ConfUtils.java:logGet(43)) - raft.server.log.queue.element-limit = 1024 (custom)
2019-10-03 14:19:53,664 [pool-62-thread-1] INFO  server.RaftServerConfigKeys (ConfUtils.java:logGet(43)) - raft.server.log.segment.size.max = 1048576 (custom)
2019-10-03 14:19:53,664 [pool-62-thread-1] INFO  server.RaftServerConfigKeys (ConfUtils.java:logGet(43)) - raft.server.log.preallocated.size = 16384 (custom)
2019-10-03 14:19:53,664 [pool-62-thread-1] INFO  server.RaftServerConfigKeys (ConfUtils.java:logGet(43)) - raft.server.log.write.buffer.size = 33554432 (custom)
2019-10-03 14:19:53,665 [pool-62-thread-1] INFO  server.RaftServerConfigKeys (ConfUtils.java:logGet(43)) - raft.server.log.force.sync.num = 128 (default)
2019-10-03 14:19:53,665 [pool-62-thread-1] INFO  server.RaftServerConfigKeys (ConfUtils.java:logGet(43)) - raft.server.log.statemachine.data.sync = true (default)
2019-10-03 14:19:53,665 [pool-62-thread-1] INFO  server.RaftServerConfigKeys (ConfUtils.java:logGet(43)) - raft.server.log.statemachine.data.sync.timeout = 10s (default)
2019-10-03 14:19:53,665 [pool-62-thread-1] INFO  server.RaftServerConfigKeys (ConfUtils.java:logGet(43)) - raft.server.log.statemachine.data.sync.timeout.retry = -1 (default)
2019-10-03 14:19:53,666 [pool-62-thread-1] INFO  server.RaftServerConfigKeys (ConfUtils.java:logGet(43)) - raft.server.log.statemachine.data.caching.enabled = true (custom)
2019-10-03 14:19:53,666 [pool-62-thread-1] INFO  segmented.SegmentedRaftLogWorker (SegmentedRaftLogWorker.java:lambda$new$0(128)) - bff10409-08f6-4d81-9276-c68ae06c2fc9@group-B437AA5F243E-SegmentedRaftLogWorker: flushIndex: setUnconditionally 0 -> -1
2019-10-03 14:19:53,666 [pool-62-thread-1] INFO  server.RaftServerConfigKeys (ConfUtils.java:logGet(43)) - raft.server.snapshot.auto.trigger.enabled = true (custom)
2019-10-03 14:19:53,667 [pool-62-thread-1] INFO  server.RaftServerConfigKeys (ConfUtils.java:logGet(43)) - raft.server.snapshot.auto.trigger.threshold = 10000 (custom)
2019-10-03 14:19:53,667 [pool-62-thread-1] INFO  server.RaftServerConfigKeys (ConfUtils.java:logGet(43)) - raft.server.snapshot.retention.file.num = 5 (custom)
2019-10-03 14:19:53,667 [pool-62-thread-1] INFO  server.RaftServerConfigKeys (ConfUtils.java:logGet(43)) - raft.server.retrycache.expirytime = 600000ms (custom)
2019-10-03 14:19:53,670 [pool-62-thread-1] INFO  impl.RaftServerImpl (RaftServerImpl.java:start(181)) - bff10409-08f6-4d81-9276-c68ae06c2fc9@group-B437AA5F243E: start as a follower, conf=-1: [bff10409-08f6-4d81-9276-c68ae06c2fc9:192.168.30.9:45525], old=null
2019-10-03 14:19:53,670 [pool-62-thread-1] INFO  impl.RaftServerImpl (RaftServerImpl.java:setRole(170)) - bff10409-08f6-4d81-9276-c68ae06c2fc9@group-B437AA5F243E: changes role from      null to FOLLOWER at term 0 for startAsFollower
2019-10-03 14:19:53,671 [pool-62-thread-1] INFO  impl.RoleInfo (RoleInfo.java:updateAndGet(143)) - bff10409-08f6-4d81-9276-c68ae06c2fc9: start FollowerState
2019-10-03 14:19:53,671 [pool-62-thread-1] INFO  util.JmxRegister (JmxRegister.java:tryRegister(44)) - Successfully registered JMX Bean with object name Ratis:service=RaftServer,group=group-B437AA5F243E,id=bff10409-08f6-4d81-9276-c68ae06c2fc9
2019-10-03 14:19:53,686 [RatisPipelineUtilsThread] INFO  pipeline.PipelineStateManager (PipelineStateManager.java:addPipeline(56)) - Created pipeline Pipeline[ Id: c6e63eb1-4979-4a97-abf3-b437aa5f243e, Nodes: bff10409-08f6-4d81-9276-c68ae06c2fc9{ip: 192.168.30.9, host: pr-hdds-2216-wws87-2365029438, networkLocation: /rack1, certSerialId: null}, Type:RATIS, Factor:ONE, State:OPEN]
2019-10-03 14:19:53,706 [grpc-default-executor-0] INFO  impl.RaftServerProxy (RaftServerProxy.java:addNew(89)) - e3fca03c-871d-4f2b-a590-0a6bc50ba34e: addNew group-A203B5666BDE:[e3fca03c-871d-4f2b-a590-0a6bc50ba34e:192.168.30.9:43919] returns group-A203B5666BDE:java.util.concurrent.CompletableFuture@6e91bdf1[Not completed]
2019-10-03 14:19:53,708 [pool-52-thread-1] INFO  impl.RaftServerImpl (RaftServerImpl.java:<init>(95)) - e3fca03c-871d-4f2b-a590-0a6bc50ba34e: new RaftServerImpl for group-A203B5666BDE:[e3fca03c-871d-4f2b-a590-0a6bc50ba34e:192.168.30.9:43919] with ContainerStateMachine:uninitialized
2019-10-03 14:19:53,709 [pool-52-thread-1] INFO  server.RaftServerConfigKeys (ConfUtils.java:logGet(43)) - raft.server.rpc.timeout.min = 5s (custom)
2019-10-03 14:19:53,709 [pool-52-thread-1] INFO  server.RaftServerConfigKeys (ConfUtils.java:logGet(43)) - raft.server.rpc.timeout.max = 5200ms (custom)
2019-10-03 14:19:53,709 [pool-52-thread-1] INFO  server.RaftServerConfigKeys (ConfUtils.java:logGet(43)) - raft.server.rpcslowness.timeout = 120s (custom)
2019-10-03 14:19:53,709 [pool-52-thread-1] INFO  server.RaftServerConfigKeys (ConfUtils.java:logGet(43)) - raft.server.sleep.deviation.threshold = 300 (default)
2019-10-03 14:19:53,709 [pool-52-thread-1] INFO  server.RaftServerConfigKeys (ConfUtils.java:logGet(43)) - raft.server.log.appender.install.snapshot.enabled = false (custom)
2019-10-03 14:19:53,709 [pool-52-thread-1] INFO  impl.RaftServerImpl (ServerState.java:<init>(103)) - e3fca03c-871d-4f2b-a590-0a6bc50ba34e@group-A203B5666BDE: ConfigurationManager, init=-1: [e3fca03c-871d-4f2b-a590-0a6bc50ba34e:192.168.30.9:43919], old=null, confs=<EMPTY_MAP>
2019-10-03 14:19:53,710 [pool-52-thread-1] INFO  server.RaftServerConfigKeys (ConfUtils.java:logGet(43)) - raft.server.storage.dir = [/workdir/hadoop-ozone/integration-test/target/test-dir/MiniOzoneClusterImpl-559a310c-7f81-4ef4-b30f-984a6e637ed4/datanode-2/data/ratis] (custom)
2019-10-03 14:19:53,710 [pool-52-thread-1] INFO  server.RaftServerConfigKeys (ConfUtils.java:logGet(43)) - raft.server.log.corruption.policy = EXCEPTION (default)
2019-10-03 14:19:53,710 [pool-52-thread-1] INFO  storage.RaftStorageDirectory (RaftStorageDirectory.java:analyzeStorage(246)) - The storage directory /workdir/hadoop-ozone/integration-test/target/test-dir/MiniOzoneClusterImpl-559a310c-7f81-4ef4-b30f-984a6e637ed4/datanode-2/data/ratis/5fd9e9c4-2f1b-41cb-9416-a203b5666bde does not exist. Creating ...
2019-10-03 14:19:53,745 [pool-52-thread-1] INFO  storage.RaftStorageDirectory (RaftStorageDirectory.java:tryLock(328)) - Lock on /workdir/hadoop-ozone/integration-test/target/test-dir/MiniOzoneClusterImpl-559a310c-7f81-4ef4-b30f-984a6e637ed4/datanode-2/data/ratis/5fd9e9c4-2f1b-41cb-9416-a203b5666bde/in_use.lock acquired by nodename 28726@pr-hdds-2216-wws87-2365029438
2019-10-03 14:19:53,769 [pool-52-thread-1] INFO  storage.RaftStorage (RaftStorage.java:format(84)) - Storage directory /workdir/hadoop-ozone/integration-test/target/test-dir/MiniOzoneClusterImpl-559a310c-7f81-4ef4-b30f-984a6e637ed4/datanode-2/data/ratis/5fd9e9c4-2f1b-41cb-9416-a203b5666bde has been successfully formatted.
2019-10-03 14:19:53,769 [pool-52-thread-1] INFO  ratis.ContainerStateMachine (ContainerStateMachine.java:loadSnapshot(230)) - group-A203B5666BDE: The snapshot info is null. Setting the last applied indexto:(t:0, i:~)
2019-10-03 14:19:53,770 [pool-52-thread-1] INFO  server.RaftServerConfigKeys (ConfUtils.java:logGet(43)) - raft.server.notification.no-leader.timeout = 120s (custom)
2019-10-03 14:19:53,770 [pool-52-thread-1] INFO  server.RaftServerConfigKeys (ConfUtils.java:logGet(43)) - raft.server.log.use.memory = false (default)
2019-10-03 14:19:53,770 [pool-52-thread-1] INFO  server.RaftServerConfigKeys (ConfUtils.java:logGet(43)) - raft.server.log.purge.gap = 1000000 (custom)
2019-10-03 14:19:53,770 [pool-52-thread-1] INFO  server.RaftServerConfigKeys (ConfUtils.java:logGet(43)) - raft.server.log.appender.buffer.byte-limit = 33554432 (custom)
2019-10-03 14:19:53,770 [pool-52-thread-1] INFO  server.RaftServerConfigKeys (ConfUtils.java:logGet(43)) - raft.server.log.segment.size.max = 1048576 (custom)
2019-10-03 14:19:53,775 [pool-52-thread-1] INFO  server.RaftServerConfigKeys (ConfUtils.java:logGet(43)) - raft.server.log.segment.cache.num.max = 2 (custom)
2019-10-03 14:19:53,776 [pool-52-thread-1] INFO  segmented.SegmentedRaftLogWorker (SegmentedRaftLogWorker.java:<init>(173)) - new e3fca03c-871d-4f2b-a590-0a6bc50ba34e@group-A203B5666BDE-SegmentedRaftLogWorker for RaftStorage:Storage Directory /workdir/hadoop-ozone/integration-test/target/test-dir/MiniOzoneClusterImpl-559a310c-7f81-4ef4-b30f-984a6e637ed4/datanode-2/data/ratis/5fd9e9c4-2f1b-41cb-9416-a203b5666bde
2019-10-03 14:19:53,776 [pool-52-thread-1] INFO  server.RaftServerConfigKeys (ConfUtils.java:logGet(43)) - raft.server.log.queue.byte-limit = 2147483647 (custom)
2019-10-03 14:19:53,776 [pool-52-thread-1] INFO  server.RaftServerConfigKeys (ConfUtils.java:logGet(43)) - raft.server.log.queue.element-limit = 1024 (custom)
2019-10-03 14:19:53,776 [pool-52-thread-1] INFO  server.RaftServerConfigKeys (ConfUtils.java:logGet(43)) - raft.server.log.segment.size.max = 1048576 (custom)
2019-10-03 14:19:53,776 [pool-52-thread-1] INFO  server.RaftServerConfigKeys (ConfUtils.java:logGet(43)) - raft.server.log.preallocated.size = 16384 (custom)
2019-10-03 14:19:53,777 [pool-52-thread-1] INFO  server.RaftServerConfigKeys (ConfUtils.java:logGet(43)) - raft.server.log.write.buffer.size = 33554432 (custom)
2019-10-03 14:19:53,777 [pool-52-thread-1] INFO  server.RaftServerConfigKeys (ConfUtils.java:logGet(43)) - raft.server.log.force.sync.num = 128 (default)
2019-10-03 14:19:53,777 [pool-52-thread-1] INFO  server.RaftServerConfigKeys (ConfUtils.java:logGet(43)) - raft.server.log.statemachine.data.sync = true (default)
2019-10-03 14:19:53,777 [pool-52-thread-1] INFO  server.RaftServerConfigKeys (ConfUtils.java:logGet(43)) - raft.server.log.statemachine.data.sync.timeout = 10s (default)
2019-10-03 14:19:53,777 [pool-52-thread-1] INFO  server.RaftServerConfigKeys (ConfUtils.java:logGet(43)) - raft.server.log.statemachine.data.sync.timeout.retry = -1 (default)
2019-10-03 14:19:53,778 [pool-52-thread-1] INFO  server.RaftServerConfigKeys (ConfUtils.java:logGet(43)) - raft.server.log.statemachine.data.caching.enabled = true (custom)
2019-10-03 14:19:53,779 [pool-52-thread-1] INFO  segmented.SegmentedRaftLogWorker (SegmentedRaftLogWorker.java:lambda$new$0(128)) - e3fca03c-871d-4f2b-a590-0a6bc50ba34e@group-A203B5666BDE-SegmentedRaftLogWorker: flushIndex: setUnconditionally 0 -> -1
2019-10-03 14:19:53,779 [pool-52-thread-1] INFO  server.RaftServerConfigKeys (ConfUtils.java:logGet(43)) - raft.server.snapshot.auto.trigger.enabled = true (custom)
2019-10-03 14:19:53,779 [pool-52-thread-1] INFO  server.RaftServerConfigKeys (ConfUtils.java:logGet(43)) - raft.server.snapshot.auto.trigger.threshold = 10000 (custom)
2019-10-03 14:19:53,779 [pool-52-thread-1] INFO  server.RaftServerConfigKeys (ConfUtils.java:logGet(43)) - raft.server.snapshot.retention.file.num = 5 (custom)
2019-10-03 14:19:53,780 [pool-52-thread-1] INFO  server.RaftServerConfigKeys (ConfUtils.java:logGet(43)) - raft.server.retrycache.expirytime = 600000ms (custom)
2019-10-03 14:19:53,784 [pool-52-thread-1] INFO  impl.RaftServerImpl (RaftServerImpl.java:start(181)) - e3fca03c-871d-4f2b-a590-0a6bc50ba34e@group-A203B5666BDE: start as a follower, conf=-1: [e3fca03c-871d-4f2b-a590-0a6bc50ba34e:192.168.30.9:43919], old=null
2019-10-03 14:19:53,784 [pool-52-thread-1] INFO  impl.RaftServerImpl (RaftServerImpl.java:setRole(170)) - e3fca03c-871d-4f2b-a590-0a6bc50ba34e@group-A203B5666BDE: changes role from      null to FOLLOWER at term 0 for startAsFollower
2019-10-03 14:19:53,785 [pool-52-thread-1] INFO  impl.RoleInfo (RoleInfo.java:updateAndGet(143)) - e3fca03c-871d-4f2b-a590-0a6bc50ba34e: start FollowerState
2019-10-03 14:19:53,785 [pool-52-thread-1] INFO  util.JmxRegister (JmxRegister.java:tryRegister(44)) - Successfully registered JMX Bean with object name Ratis:service=RaftServer,group=group-A203B5666BDE,id=e3fca03c-871d-4f2b-a590-0a6bc50ba34e
2019-10-03 14:19:53,800 [RatisPipelineUtilsThread] INFO  pipeline.PipelineStateManager (PipelineStateManager.java:addPipeline(56)) - Created pipeline Pipeline[ Id: 5fd9e9c4-2f1b-41cb-9416-a203b5666bde, Nodes: e3fca03c-871d-4f2b-a590-0a6bc50ba34e{ip: 192.168.30.9, host: pr-hdds-2216-wws87-2365029438, networkLocation: /rack1, certSerialId: null}, Type:RATIS, Factor:ONE, State:OPEN]
2019-10-03 14:19:53,816 [grpc-default-executor-0] INFO  impl.RaftServerProxy (RaftServerProxy.java:addNew(89)) - 1560dbc8-ba91-4407-9575-bd830c0d1598: addNew group-7012ED8DFF07:[1560dbc8-ba91-4407-9575-bd830c0d1598:192.168.30.9:36296] returns group-7012ED8DFF07:java.util.concurrent.CompletableFuture@1f290a20[Not completed]
2019-10-03 14:19:53,818 [pool-42-thread-1] INFO  impl.RaftServerImpl (RaftServerImpl.java:<init>(95)) - 1560dbc8-ba91-4407-9575-bd830c0d1598: new RaftServerImpl for group-7012ED8DFF07:[1560dbc8-ba91-4407-9575-bd830c0d1598:192.168.30.9:36296] with ContainerStateMachine:uninitialized
2019-10-03 14:19:53,818 [pool-42-thread-1] INFO  server.RaftServerConfigKeys (ConfUtils.java:logGet(43)) - raft.server.rpc.timeout.min = 5s (custom)
2019-10-03 14:19:53,818 [pool-42-thread-1] INFO  server.RaftServerConfigKeys (ConfUtils.java:logGet(43)) - raft.server.rpc.timeout.max = 5200ms (custom)
2019-10-03 14:19:53,818 [pool-42-thread-1] INFO  server.RaftServerConfigKeys (ConfUtils.java:logGet(43)) - raft.server.rpcslowness.timeout = 120s (custom)
2019-10-03 14:19:53,818 [pool-42-thread-1] INFO  server.RaftServerConfigKeys (ConfUtils.java:logGet(43)) - raft.server.sleep.deviation.threshold = 300 (default)
2019-10-03 14:19:53,818 [pool-42-thread-1] INFO  server.RaftServerConfigKeys (ConfUtils.java:logGet(43)) - raft.server.log.appender.install.snapshot.enabled = false (custom)
2019-10-03 14:19:53,819 [pool-42-thread-1] INFO  impl.RaftServerImpl (ServerState.java:<init>(103)) - 1560dbc8-ba91-4407-9575-bd830c0d1598@group-7012ED8DFF07: ConfigurationManager, init=-1: [1560dbc8-ba91-4407-9575-bd830c0d1598:192.168.30.9:36296], old=null, confs=<EMPTY_MAP>
2019-10-03 14:19:53,819 [pool-42-thread-1] INFO  server.RaftServerConfigKeys (ConfUtils.java:logGet(43)) - raft.server.storage.dir = [/workdir/hadoop-ozone/integration-test/target/test-dir/MiniOzoneClusterImpl-559a310c-7f81-4ef4-b30f-984a6e637ed4/datanode-1/data/ratis] (custom)
2019-10-03 14:19:53,819 [pool-42-thread-1] INFO  server.RaftServerConfigKeys (ConfUtils.java:logGet(43)) - raft.server.log.corruption.policy = EXCEPTION (default)
2019-10-03 14:19:53,819 [pool-42-thread-1] INFO  storage.RaftStorageDirectory (RaftStorageDirectory.java:analyzeStorage(246)) - The storage directory /workdir/hadoop-ozone/integration-test/target/test-dir/MiniOzoneClusterImpl-559a310c-7f81-4ef4-b30f-984a6e637ed4/datanode-1/data/ratis/fe8967d9-f7b8-49ba-9924-7012ed8dff07 does not exist. Creating ...
2019-10-03 14:19:53,842 [pool-42-thread-1] INFO  storage.RaftStorageDirectory (RaftStorageDirectory.java:tryLock(328)) - Lock on /workdir/hadoop-ozone/integration-test/target/test-dir/MiniOzoneClusterImpl-559a310c-7f81-4ef4-b30f-984a6e637ed4/datanode-1/data/ratis/fe8967d9-f7b8-49ba-9924-7012ed8dff07/in_use.lock acquired by nodename 28726@pr-hdds-2216-wws87-2365029438
2019-10-03 14:19:53,866 [pool-42-thread-1] INFO  storage.RaftStorage (RaftStorage.java:format(84)) - Storage directory /workdir/hadoop-ozone/integration-test/target/test-dir/MiniOzoneClusterImpl-559a310c-7f81-4ef4-b30f-984a6e637ed4/datanode-1/data/ratis/fe8967d9-f7b8-49ba-9924-7012ed8dff07 has been successfully formatted.
2019-10-03 14:19:53,867 [pool-42-thread-1] INFO  ratis.ContainerStateMachine (ContainerStateMachine.java:loadSnapshot(230)) - group-7012ED8DFF07: The snapshot info is null. Setting the last applied indexto:(t:0, i:~)
2019-10-03 14:19:53,867 [pool-42-thread-1] INFO  server.RaftServerConfigKeys (ConfUtils.java:logGet(43)) - raft.server.notification.no-leader.timeout = 120s (custom)
2019-10-03 14:19:53,867 [pool-42-thread-1] INFO  server.RaftServerConfigKeys (ConfUtils.java:logGet(43)) - raft.server.log.use.memory = false (default)
2019-10-03 14:19:53,867 [pool-42-thread-1] INFO  server.RaftServerConfigKeys (ConfUtils.java:logGet(43)) - raft.server.log.purge.gap = 1000000 (custom)
2019-10-03 14:19:53,868 [pool-42-thread-1] INFO  server.RaftServerConfigKeys (ConfUtils.java:logGet(43)) - raft.server.log.appender.buffer.byte-limit = 33554432 (custom)
2019-10-03 14:19:53,868 [pool-42-thread-1] INFO  server.RaftServerConfigKeys (ConfUtils.java:logGet(43)) - raft.server.log.segment.size.max = 1048576 (custom)
2019-10-03 14:19:53,872 [pool-42-thread-1] INFO  server.RaftServerConfigKeys (ConfUtils.java:logGet(43)) - raft.server.log.segment.cache.num.max = 2 (custom)
2019-10-03 14:19:53,872 [pool-42-thread-1] INFO  segmented.SegmentedRaftLogWorker (SegmentedRaftLogWorker.java:<init>(173)) - new 1560dbc8-ba91-4407-9575-bd830c0d1598@group-7012ED8DFF07-SegmentedRaftLogWorker for RaftStorage:Storage Directory /workdir/hadoop-ozone/integration-test/target/test-dir/MiniOzoneClusterImpl-559a310c-7f81-4ef4-b30f-984a6e637ed4/datanode-1/data/ratis/fe8967d9-f7b8-49ba-9924-7012ed8dff07
2019-10-03 14:19:53,872 [pool-42-thread-1] INFO  server.RaftServerConfigKeys (ConfUtils.java:logGet(43)) - raft.server.log.queue.byte-limit = 2147483647 (custom)
2019-10-03 14:19:53,873 [pool-42-thread-1] INFO  server.RaftServerConfigKeys (ConfUtils.java:logGet(43)) - raft.server.log.queue.element-limit = 1024 (custom)
2019-10-03 14:19:53,873 [pool-42-thread-1] INFO  server.RaftServerConfigKeys (ConfUtils.java:logGet(43)) - raft.server.log.segment.size.max = 1048576 (custom)
2019-10-03 14:19:53,873 [pool-42-thread-1] INFO  server.RaftServerConfigKeys (ConfUtils.java:logGet(43)) - raft.server.log.preallocated.size = 16384 (custom)
2019-10-03 14:19:53,873 [pool-42-thread-1] INFO  server.RaftServerConfigKeys (ConfUtils.java:logGet(43)) - raft.server.log.write.buffer.size = 33554432 (custom)
2019-10-03 14:19:53,874 [pool-42-thread-1] INFO  server.RaftServerConfigKeys (ConfUtils.java:logGet(43)) - raft.server.log.force.sync.num = 128 (default)
2019-10-03 14:19:53,874 [pool-42-thread-1] INFO  server.RaftServerConfigKeys (ConfUtils.java:logGet(43)) - raft.server.log.statemachine.data.sync = true (default)
2019-10-03 14:19:53,874 [pool-42-thread-1] INFO  server.RaftServerConfigKeys (ConfUtils.java:logGet(43)) - raft.server.log.statemachine.data.sync.timeout = 10s (default)
2019-10-03 14:19:53,874 [pool-42-thread-1] INFO  server.RaftServerConfigKeys (ConfUtils.java:logGet(43)) - raft.server.log.statemachine.data.sync.timeout.retry = -1 (default)
2019-10-03 14:19:53,875 [pool-42-thread-1] INFO  server.RaftServerConfigKeys (ConfUtils.java:logGet(43)) - raft.server.log.statemachine.data.caching.enabled = true (custom)
2019-10-03 14:19:53,876 [pool-42-thread-1] INFO  segmented.SegmentedRaftLogWorker (SegmentedRaftLogWorker.java:lambda$new$0(128)) - 1560dbc8-ba91-4407-9575-bd830c0d1598@group-7012ED8DFF07-SegmentedRaftLogWorker: flushIndex: setUnconditionally 0 -> -1
2019-10-03 14:19:53,876 [pool-42-thread-1] INFO  server.RaftServerConfigKeys (ConfUtils.java:logGet(43)) - raft.server.snapshot.auto.trigger.enabled = true (custom)
2019-10-03 14:19:53,876 [pool-42-thread-1] INFO  server.RaftServerConfigKeys (ConfUtils.java:logGet(43)) - raft.server.snapshot.auto.trigger.threshold = 10000 (custom)
2019-10-03 14:19:53,876 [pool-42-thread-1] INFO  server.RaftServerConfigKeys (ConfUtils.java:logGet(43)) - raft.server.snapshot.retention.file.num = 5 (custom)
2019-10-03 14:19:53,877 [pool-42-thread-1] INFO  server.RaftServerConfigKeys (ConfUtils.java:logGet(43)) - raft.server.retrycache.expirytime = 600000ms (custom)
2019-10-03 14:19:53,880 [pool-42-thread-1] INFO  impl.RaftServerImpl (RaftServerImpl.java:start(181)) - 1560dbc8-ba91-4407-9575-bd830c0d1598@group-7012ED8DFF07: start as a follower, conf=-1: [1560dbc8-ba91-4407-9575-bd830c0d1598:192.168.30.9:36296], old=null
2019-10-03 14:19:53,880 [pool-42-thread-1] INFO  impl.RaftServerImpl (RaftServerImpl.java:setRole(170)) - 1560dbc8-ba91-4407-9575-bd830c0d1598@group-7012ED8DFF07: changes role from      null to FOLLOWER at term 0 for startAsFollower
2019-10-03 14:19:53,881 [pool-42-thread-1] INFO  impl.RoleInfo (RoleInfo.java:updateAndGet(143)) - 1560dbc8-ba91-4407-9575-bd830c0d1598: start FollowerState
2019-10-03 14:19:53,881 [pool-42-thread-1] INFO  util.JmxRegister (JmxRegister.java:tryRegister(44)) - Successfully registered JMX Bean with object name Ratis:service=RaftServer,group=group-7012ED8DFF07,id=1560dbc8-ba91-4407-9575-bd830c0d1598
2019-10-03 14:19:53,895 [RatisPipelineUtilsThread] INFO  pipeline.PipelineStateManager (PipelineStateManager.java:addPipeline(56)) - Created pipeline Pipeline[ Id: fe8967d9-f7b8-49ba-9924-7012ed8dff07, Nodes: 1560dbc8-ba91-4407-9575-bd830c0d1598{ip: 192.168.30.9, host: pr-hdds-2216-wws87-2365029438, networkLocation: /rack1, certSerialId: null}, Type:RATIS, Factor:ONE, State:OPEN]
2019-10-03 14:19:53,935 [grpc-default-executor-1] INFO  impl.RaftServerProxy (RaftServerProxy.java:addNew(89)) - e3fca03c-871d-4f2b-a590-0a6bc50ba34e: addNew group-B7D4842EC598:[bff10409-08f6-4d81-9276-c68ae06c2fc9:192.168.30.9:45525, 9aa8a181-5e95-4085-b2b9-b5640fe8e826:192.168.30.9:40497, e3fca03c-871d-4f2b-a590-0a6bc50ba34e:192.168.30.9:43919] returns group-B7D4842EC598:java.util.concurrent.CompletableFuture@655d8f5d[Not completed]
2019-10-03 14:19:53,937 [grpc-default-executor-1] INFO  impl.RaftServerProxy (RaftServerProxy.java:addNew(89)) - bff10409-08f6-4d81-9276-c68ae06c2fc9: addNew group-B7D4842EC598:[bff10409-08f6-4d81-9276-c68ae06c2fc9:192.168.30.9:45525, 9aa8a181-5e95-4085-b2b9-b5640fe8e826:192.168.30.9:40497, e3fca03c-871d-4f2b-a590-0a6bc50ba34e:192.168.30.9:43919] returns group-B7D4842EC598:java.util.concurrent.CompletableFuture@609b0138[Not completed]
2019-10-03 14:19:53,940 [pool-52-thread-1] INFO  impl.RaftServerImpl (RaftServerImpl.java:<init>(95)) - e3fca03c-871d-4f2b-a590-0a6bc50ba34e: new RaftServerImpl for group-B7D4842EC598:[bff10409-08f6-4d81-9276-c68ae06c2fc9:192.168.30.9:45525, 9aa8a181-5e95-4085-b2b9-b5640fe8e826:192.168.30.9:40497, e3fca03c-871d-4f2b-a590-0a6bc50ba34e:192.168.30.9:43919] with ContainerStateMachine:uninitialized
2019-10-03 14:19:53,943 [pool-52-thread-1] INFO  server.RaftServerConfigKeys (ConfUtils.java:logGet(43)) - raft.server.rpc.timeout.min = 5s (custom)
2019-10-03 14:19:53,944 [pool-52-thread-1] INFO  server.RaftServerConfigKeys (ConfUtils.java:logGet(43)) - raft.server.rpc.timeout.max = 5200ms (custom)
2019-10-03 14:19:53,944 [pool-52-thread-1] INFO  server.RaftServerConfigKeys (ConfUtils.java:logGet(43)) - raft.server.rpcslowness.timeout = 120s (custom)
2019-10-03 14:19:53,944 [pool-52-thread-1] INFO  server.RaftServerConfigKeys (ConfUtils.java:logGet(43)) - raft.server.sleep.deviation.threshold = 300 (default)
2019-10-03 14:19:53,945 [pool-52-thread-1] INFO  server.RaftServerConfigKeys (ConfUtils.java:logGet(43)) - raft.server.log.appender.install.snapshot.enabled = false (custom)
2019-10-03 14:19:53,945 [pool-62-thread-1] INFO  impl.RaftServerImpl (RaftServerImpl.java:<init>(95)) - bff10409-08f6-4d81-9276-c68ae06c2fc9: new RaftServerImpl for group-B7D4842EC598:[bff10409-08f6-4d81-9276-c68ae06c2fc9:192.168.30.9:45525, 9aa8a181-5e95-4085-b2b9-b5640fe8e826:192.168.30.9:40497, e3fca03c-871d-4f2b-a590-0a6bc50ba34e:192.168.30.9:43919] with ContainerStateMachine:uninitialized
2019-10-03 14:19:53,945 [pool-52-thread-1] INFO  impl.RaftServerImpl (ServerState.java:<init>(103)) - e3fca03c-871d-4f2b-a590-0a6bc50ba34e@group-B7D4842EC598: ConfigurationManager, init=-1: [bff10409-08f6-4d81-9276-c68ae06c2fc9:192.168.30.9:45525, 9aa8a181-5e95-4085-b2b9-b5640fe8e826:192.168.30.9:40497, e3fca03c-871d-4f2b-a590-0a6bc50ba34e:192.168.30.9:43919], old=null, confs=<EMPTY_MAP>
2019-10-03 14:19:53,945 [pool-62-thread-1] INFO  server.RaftServerConfigKeys (ConfUtils.java:logGet(43)) - raft.server.rpc.timeout.min = 5s (custom)
2019-10-03 14:19:53,945 [pool-52-thread-1] INFO  server.RaftServerConfigKeys (ConfUtils.java:logGet(43)) - raft.server.storage.dir = [/workdir/hadoop-ozone/integration-test/target/test-dir/MiniOzoneClusterImpl-559a310c-7f81-4ef4-b30f-984a6e637ed4/datanode-2/data/ratis] (custom)
2019-10-03 14:19:53,945 [pool-62-thread-1] INFO  server.RaftServerConfigKeys (ConfUtils.java:logGet(43)) - raft.server.rpc.timeout.max = 5200ms (custom)
2019-10-03 14:19:53,945 [grpc-default-executor-1] INFO  impl.RaftServerProxy (RaftServerProxy.java:addNew(89)) - 9aa8a181-5e95-4085-b2b9-b5640fe8e826: addNew group-B7D4842EC598:[bff10409-08f6-4d81-9276-c68ae06c2fc9:192.168.30.9:45525, 9aa8a181-5e95-4085-b2b9-b5640fe8e826:192.168.30.9:40497, e3fca03c-871d-4f2b-a590-0a6bc50ba34e:192.168.30.9:43919] returns group-B7D4842EC598:java.util.concurrent.CompletableFuture@11b59ddd[Not completed]
2019-10-03 14:19:53,946 [pool-52-thread-1] INFO  server.RaftServerConfigKeys (ConfUtils.java:logGet(43)) - raft.server.log.corruption.policy = EXCEPTION (default)
2019-10-03 14:19:53,946 [pool-62-thread-1] INFO  server.RaftServerConfigKeys (ConfUtils.java:logGet(43)) - raft.server.rpcslowness.timeout = 120s (custom)
2019-10-03 14:19:53,946 [pool-52-thread-1] INFO  storage.RaftStorageDirectory (RaftStorageDirectory.java:analyzeStorage(246)) - The storage directory /workdir/hadoop-ozone/integration-test/target/test-dir/MiniOzoneClusterImpl-559a310c-7f81-4ef4-b30f-984a6e637ed4/datanode-2/data/ratis/e9048732-3b49-4b13-a574-b7d4842ec598 does not exist. Creating ...
2019-10-03 14:19:53,946 [pool-62-thread-1] INFO  server.RaftServerConfigKeys (ConfUtils.java:logGet(43)) - raft.server.sleep.deviation.threshold = 300 (default)
2019-10-03 14:19:53,946 [pool-62-thread-1] INFO  server.RaftServerConfigKeys (ConfUtils.java:logGet(43)) - raft.server.log.appender.install.snapshot.enabled = false (custom)
2019-10-03 14:19:53,947 [pool-62-thread-1] INFO  impl.RaftServerImpl (ServerState.java:<init>(103)) - bff10409-08f6-4d81-9276-c68ae06c2fc9@group-B7D4842EC598: ConfigurationManager, init=-1: [bff10409-08f6-4d81-9276-c68ae06c2fc9:192.168.30.9:45525, 9aa8a181-5e95-4085-b2b9-b5640fe8e826:192.168.30.9:40497, e3fca03c-871d-4f2b-a590-0a6bc50ba34e:192.168.30.9:43919], old=null, confs=<EMPTY_MAP>
2019-10-03 14:19:53,947 [pool-62-thread-1] INFO  server.RaftServerConfigKeys (ConfUtils.java:logGet(43)) - raft.server.storage.dir = [/workdir/hadoop-ozone/integration-test/target/test-dir/MiniOzoneClusterImpl-559a310c-7f81-4ef4-b30f-984a6e637ed4/datanode-3/data/ratis] (custom)
2019-10-03 14:19:53,947 [pool-62-thread-1] INFO  server.RaftServerConfigKeys (ConfUtils.java:logGet(43)) - raft.server.log.corruption.policy = EXCEPTION (default)
2019-10-03 14:19:53,947 [pool-62-thread-1] INFO  storage.RaftStorageDirectory (RaftStorageDirectory.java:analyzeStorage(246)) - The storage directory /workdir/hadoop-ozone/integration-test/target/test-dir/MiniOzoneClusterImpl-559a310c-7f81-4ef4-b30f-984a6e637ed4/datanode-3/data/ratis/e9048732-3b49-4b13-a574-b7d4842ec598 does not exist. Creating ...
2019-10-03 14:19:53,948 [pool-32-thread-1] INFO  impl.RaftServerImpl (RaftServerImpl.java:<init>(95)) - 9aa8a181-5e95-4085-b2b9-b5640fe8e826: new RaftServerImpl for group-B7D4842EC598:[bff10409-08f6-4d81-9276-c68ae06c2fc9:192.168.30.9:45525, 9aa8a181-5e95-4085-b2b9-b5640fe8e826:192.168.30.9:40497, e3fca03c-871d-4f2b-a590-0a6bc50ba34e:192.168.30.9:43919] with ContainerStateMachine:uninitialized
2019-10-03 14:19:53,948 [pool-32-thread-1] INFO  server.RaftServerConfigKeys (ConfUtils.java:logGet(43)) - raft.server.rpc.timeout.min = 5s (custom)
2019-10-03 14:19:53,948 [pool-32-thread-1] INFO  server.RaftServerConfigKeys (ConfUtils.java:logGet(43)) - raft.server.rpc.timeout.max = 5200ms (custom)
2019-10-03 14:19:53,949 [pool-32-thread-1] INFO  server.RaftServerConfigKeys (ConfUtils.java:logGet(43)) - raft.server.rpcslowness.timeout = 120s (custom)
2019-10-03 14:19:53,949 [pool-32-thread-1] INFO  server.RaftServerConfigKeys (ConfUtils.java:logGet(43)) - raft.server.sleep.deviation.threshold = 300 (default)
2019-10-03 14:19:53,949 [pool-32-thread-1] INFO  server.RaftServerConfigKeys (ConfUtils.java:logGet(43)) - raft.server.log.appender.install.snapshot.enabled = false (custom)
2019-10-03 14:19:53,949 [pool-32-thread-1] INFO  impl.RaftServerImpl (ServerState.java:<init>(103)) - 9aa8a181-5e95-4085-b2b9-b5640fe8e826@group-B7D4842EC598: ConfigurationManager, init=-1: [bff10409-08f6-4d81-9276-c68ae06c2fc9:192.168.30.9:45525, 9aa8a181-5e95-4085-b2b9-b5640fe8e826:192.168.30.9:40497, e3fca03c-871d-4f2b-a590-0a6bc50ba34e:192.168.30.9:43919], old=null, confs=<EMPTY_MAP>
2019-10-03 14:19:53,950 [pool-32-thread-1] INFO  server.RaftServerConfigKeys (ConfUtils.java:logGet(43)) - raft.server.storage.dir = [/workdir/hadoop-ozone/integration-test/target/test-dir/MiniOzoneClusterImpl-559a310c-7f81-4ef4-b30f-984a6e637ed4/datanode-0/data/ratis] (custom)
2019-10-03 14:19:53,950 [pool-32-thread-1] INFO  server.RaftServerConfigKeys (ConfUtils.java:logGet(43)) - raft.server.log.corruption.policy = EXCEPTION (default)
2019-10-03 14:19:53,950 [pool-32-thread-1] INFO  storage.RaftStorageDirectory (RaftStorageDirectory.java:analyzeStorage(246)) - The storage directory /workdir/hadoop-ozone/integration-test/target/test-dir/MiniOzoneClusterImpl-559a310c-7f81-4ef4-b30f-984a6e637ed4/datanode-0/data/ratis/e9048732-3b49-4b13-a574-b7d4842ec598 does not exist. Creating ...
2019-10-03 14:19:53,969 [pool-52-thread-1] INFO  storage.RaftStorageDirectory (RaftStorageDirectory.java:tryLock(328)) - Lock on /workdir/hadoop-ozone/integration-test/target/test-dir/MiniOzoneClusterImpl-559a310c-7f81-4ef4-b30f-984a6e637ed4/datanode-2/data/ratis/e9048732-3b49-4b13-a574-b7d4842ec598/in_use.lock acquired by nodename 28726@pr-hdds-2216-wws87-2365029438
2019-10-03 14:19:53,969 [pool-62-thread-1] INFO  storage.RaftStorageDirectory (RaftStorageDirectory.java:tryLock(328)) - Lock on /workdir/hadoop-ozone/integration-test/target/test-dir/MiniOzoneClusterImpl-559a310c-7f81-4ef4-b30f-984a6e637ed4/datanode-3/data/ratis/e9048732-3b49-4b13-a574-b7d4842ec598/in_use.lock acquired by nodename 28726@pr-hdds-2216-wws87-2365029438
2019-10-03 14:19:53,969 [pool-32-thread-1] INFO  storage.RaftStorageDirectory (RaftStorageDirectory.java:tryLock(328)) - Lock on /workdir/hadoop-ozone/integration-test/target/test-dir/MiniOzoneClusterImpl-559a310c-7f81-4ef4-b30f-984a6e637ed4/datanode-0/data/ratis/e9048732-3b49-4b13-a574-b7d4842ec598/in_use.lock acquired by nodename 28726@pr-hdds-2216-wws87-2365029438
2019-10-03 14:19:53,998 [pool-32-thread-1] INFO  storage.RaftStorage (RaftStorage.java:format(84)) - Storage directory /workdir/hadoop-ozone/integration-test/target/test-dir/MiniOzoneClusterImpl-559a310c-7f81-4ef4-b30f-984a6e637ed4/datanode-0/data/ratis/e9048732-3b49-4b13-a574-b7d4842ec598 has been successfully formatted.
2019-10-03 14:19:53,998 [pool-52-thread-1] INFO  storage.RaftStorage (RaftStorage.java:format(84)) - Storage directory /workdir/hadoop-ozone/integration-test/target/test-dir/MiniOzoneClusterImpl-559a310c-7f81-4ef4-b30f-984a6e637ed4/datanode-2/data/ratis/e9048732-3b49-4b13-a574-b7d4842ec598 has been successfully formatted.
2019-10-03 14:19:53,998 [pool-62-thread-1] INFO  storage.RaftStorage (RaftStorage.java:format(84)) - Storage directory /workdir/hadoop-ozone/integration-test/target/test-dir/MiniOzoneClusterImpl-559a310c-7f81-4ef4-b30f-984a6e637ed4/datanode-3/data/ratis/e9048732-3b49-4b13-a574-b7d4842ec598 has been successfully formatted.
2019-10-03 14:19:54,006 [pool-32-thread-1] INFO  ratis.ContainerStateMachine (ContainerStateMachine.java:loadSnapshot(230)) - group-B7D4842EC598: The snapshot info is null. Setting the last applied indexto:(t:0, i:~)
2019-10-03 14:19:54,006 [pool-62-thread-1] INFO  ratis.ContainerStateMachine (ContainerStateMachine.java:loadSnapshot(230)) - group-B7D4842EC598: The snapshot info is null. Setting the last applied indexto:(t:0, i:~)
2019-10-03 14:19:54,006 [pool-52-thread-1] INFO  ratis.ContainerStateMachine (ContainerStateMachine.java:loadSnapshot(230)) - group-B7D4842EC598: The snapshot info is null. Setting the last applied indexto:(t:0, i:~)
2019-10-03 14:19:54,007 [pool-62-thread-1] INFO  server.RaftServerConfigKeys (ConfUtils.java:logGet(43)) - raft.server.notification.no-leader.timeout = 120s (custom)
2019-10-03 14:19:54,007 [pool-32-thread-1] INFO  server.RaftServerConfigKeys (ConfUtils.java:logGet(43)) - raft.server.notification.no-leader.timeout = 120s (custom)
2019-10-03 14:19:54,007 [pool-62-thread-1] INFO  server.RaftServerConfigKeys (ConfUtils.java:logGet(43)) - raft.server.log.use.memory = false (default)
2019-10-03 14:19:54,007 [pool-52-thread-1] INFO  server.RaftServerConfigKeys (ConfUtils.java:logGet(43)) - raft.server.notification.no-leader.timeout = 120s (custom)
2019-10-03 14:19:54,007 [pool-62-thread-1] INFO  server.RaftServerConfigKeys (ConfUtils.java:logGet(43)) - raft.server.log.purge.gap = 1000000 (custom)
2019-10-03 14:19:54,007 [pool-32-thread-1] INFO  server.RaftServerConfigKeys (ConfUtils.java:logGet(43)) - raft.server.log.use.memory = false (default)
2019-10-03 14:19:54,008 [pool-62-thread-1] INFO  server.RaftServerConfigKeys (ConfUtils.java:logGet(43)) - raft.server.log.appender.buffer.byte-limit = 33554432 (custom)
2019-10-03 14:19:54,008 [pool-52-thread-1] INFO  server.RaftServerConfigKeys (ConfUtils.java:logGet(43)) - raft.server.log.use.memory = false (default)
2019-10-03 14:19:54,008 [pool-62-thread-1] INFO  server.RaftServerConfigKeys (ConfUtils.java:logGet(43)) - raft.server.log.segment.size.max = 1048576 (custom)
2019-10-03 14:19:54,008 [pool-32-thread-1] INFO  server.RaftServerConfigKeys (ConfUtils.java:logGet(43)) - raft.server.log.purge.gap = 1000000 (custom)
2019-10-03 14:19:54,008 [pool-62-thread-1] INFO  server.RaftServerConfigKeys (ConfUtils.java:logGet(43)) - raft.server.log.segment.cache.num.max = 2 (custom)
2019-10-03 14:19:54,008 [pool-52-thread-1] INFO  server.RaftServerConfigKeys (ConfUtils.java:logGet(43)) - raft.server.log.purge.gap = 1000000 (custom)
2019-10-03 14:19:54,009 [pool-62-thread-1] INFO  segmented.SegmentedRaftLogWorker (SegmentedRaftLogWorker.java:<init>(173)) - new bff10409-08f6-4d81-9276-c68ae06c2fc9@group-B7D4842EC598-SegmentedRaftLogWorker for RaftStorage:Storage Directory /workdir/hadoop-ozone/integration-test/target/test-dir/MiniOzoneClusterImpl-559a310c-7f81-4ef4-b30f-984a6e637ed4/datanode-3/data/ratis/e9048732-3b49-4b13-a574-b7d4842ec598
2019-10-03 14:19:54,009 [pool-62-thread-1] INFO  server.RaftServerConfigKeys (ConfUtils.java:logGet(43)) - raft.server.log.queue.byte-limit = 2147483647 (custom)
2019-10-03 14:19:54,008 [pool-32-thread-1] INFO  server.RaftServerConfigKeys (ConfUtils.java:logGet(43)) - raft.server.log.appender.buffer.byte-limit = 33554432 (custom)
2019-10-03 14:19:54,009 [pool-62-thread-1] INFO  server.RaftServerConfigKeys (ConfUtils.java:logGet(43)) - raft.server.log.queue.element-limit = 1024 (custom)
2019-10-03 14:19:54,009 [pool-52-thread-1] INFO  server.RaftServerConfigKeys (ConfUtils.java:logGet(43)) - raft.server.log.appender.buffer.byte-limit = 33554432 (custom)
2019-10-03 14:19:54,009 [pool-62-thread-1] INFO  server.RaftServerConfigKeys (ConfUtils.java:logGet(43)) - raft.server.log.segment.size.max = 1048576 (custom)
2019-10-03 14:19:54,009 [pool-32-thread-1] INFO  server.RaftServerConfigKeys (ConfUtils.java:logGet(43)) - raft.server.log.segment.size.max = 1048576 (custom)
2019-10-03 14:19:54,009 [pool-62-thread-1] INFO  server.RaftServerConfigKeys (ConfUtils.java:logGet(43)) - raft.server.log.preallocated.size = 16384 (custom)
2019-10-03 14:19:54,010 [pool-32-thread-1] INFO  server.RaftServerConfigKeys (ConfUtils.java:logGet(43)) - raft.server.log.segment.cache.num.max = 2 (custom)
2019-10-03 14:19:54,009 [pool-52-thread-1] INFO  server.RaftServerConfigKeys (ConfUtils.java:logGet(43)) - raft.server.log.segment.size.max = 1048576 (custom)
2019-10-03 14:19:54,010 [pool-32-thread-1] INFO  segmented.SegmentedRaftLogWorker (SegmentedRaftLogWorker.java:<init>(173)) - new 9aa8a181-5e95-4085-b2b9-b5640fe8e826@group-B7D4842EC598-SegmentedRaftLogWorker for RaftStorage:Storage Directory /workdir/hadoop-ozone/integration-test/target/test-dir/MiniOzoneClusterImpl-559a310c-7f81-4ef4-b30f-984a6e637ed4/datanode-0/data/ratis/e9048732-3b49-4b13-a574-b7d4842ec598
2019-10-03 14:19:54,010 [pool-62-thread-1] INFO  server.RaftServerConfigKeys (ConfUtils.java:logGet(43)) - raft.server.log.write.buffer.size = 33554432 (custom)
2019-10-03 14:19:54,010 [pool-32-thread-1] INFO  server.RaftServerConfigKeys (ConfUtils.java:logGet(43)) - raft.server.log.queue.byte-limit = 2147483647 (custom)
2019-10-03 14:19:54,010 [pool-52-thread-1] INFO  server.RaftServerConfigKeys (ConfUtils.java:logGet(43)) - raft.server.log.segment.cache.num.max = 2 (custom)
2019-10-03 14:19:54,010 [pool-32-thread-1] INFO  server.RaftServerConfigKeys (ConfUtils.java:logGet(43)) - raft.server.log.queue.element-limit = 1024 (custom)
2019-10-03 14:19:54,010 [pool-62-thread-1] INFO  server.RaftServerConfigKeys (ConfUtils.java:logGet(43)) - raft.server.log.force.sync.num = 128 (default)
2019-10-03 14:19:54,011 [pool-32-thread-1] INFO  server.RaftServerConfigKeys (ConfUtils.java:logGet(43)) - raft.server.log.segment.size.max = 1048576 (custom)
2019-10-03 14:19:54,011 [pool-52-thread-1] INFO  segmented.SegmentedRaftLogWorker (SegmentedRaftLogWorker.java:<init>(173)) - new e3fca03c-871d-4f2b-a590-0a6bc50ba34e@group-B7D4842EC598-SegmentedRaftLogWorker for RaftStorage:Storage Directory /workdir/hadoop-ozone/integration-test/target/test-dir/MiniOzoneClusterImpl-559a310c-7f81-4ef4-b30f-984a6e637ed4/datanode-2/data/ratis/e9048732-3b49-4b13-a574-b7d4842ec598
2019-10-03 14:19:54,011 [pool-32-thread-1] INFO  server.RaftServerConfigKeys (ConfUtils.java:logGet(43)) - raft.server.log.preallocated.size = 16384 (custom)
2019-10-03 14:19:54,011 [pool-52-thread-1] INFO  server.RaftServerConfigKeys (ConfUtils.java:logGet(43)) - raft.server.log.queue.byte-limit = 2147483647 (custom)
2019-10-03 14:19:54,011 [pool-62-thread-1] INFO  server.RaftServerConfigKeys (ConfUtils.java:logGet(43)) - raft.server.log.statemachine.data.sync = true (default)
2019-10-03 14:19:54,011 [pool-52-thread-1] INFO  server.RaftServerConfigKeys (ConfUtils.java:logGet(43)) - raft.server.log.queue.element-limit = 1024 (custom)
2019-10-03 14:19:54,011 [pool-32-thread-1] INFO  server.RaftServerConfigKeys (ConfUtils.java:logGet(43)) - raft.server.log.write.buffer.size = 33554432 (custom)
2019-10-03 14:19:54,012 [pool-52-thread-1] INFO  server.RaftServerConfigKeys (ConfUtils.java:logGet(43)) - raft.server.log.segment.size.max = 1048576 (custom)
2019-10-03 14:19:54,011 [pool-62-thread-1] INFO  server.RaftServerConfigKeys (ConfUtils.java:logGet(43)) - raft.server.log.statemachine.data.sync.timeout = 10s (default)
2019-10-03 14:19:54,012 [pool-52-thread-1] INFO  server.RaftServerConfigKeys (ConfUtils.java:logGet(43)) - raft.server.log.preallocated.size = 16384 (custom)
2019-10-03 14:19:54,012 [pool-32-thread-1] INFO  server.RaftServerConfigKeys (ConfUtils.java:logGet(43)) - raft.server.log.force.sync.num = 128 (default)
2019-10-03 14:19:54,012 [pool-52-thread-1] INFO  server.RaftServerConfigKeys (ConfUtils.java:logGet(43)) - raft.server.log.write.buffer.size = 33554432 (custom)
2019-10-03 14:19:54,012 [pool-62-thread-1] INFO  server.RaftServerConfigKeys (ConfUtils.java:logGet(43)) - raft.server.log.statemachine.data.sync.timeout.retry = -1 (default)
2019-10-03 14:19:54,012 [pool-52-thread-1] INFO  server.RaftServerConfigKeys (ConfUtils.java:logGet(43)) - raft.server.log.force.sync.num = 128 (default)
2019-10-03 14:19:54,012 [pool-32-thread-1] INFO  server.RaftServerConfigKeys (ConfUtils.java:logGet(43)) - raft.server.log.statemachine.data.sync = true (default)
2019-10-03 14:19:54,013 [pool-62-thread-1] INFO  server.RaftServerConfigKeys (ConfUtils.java:logGet(43)) - raft.server.log.statemachine.data.caching.enabled = true (custom)
2019-10-03 14:19:54,013 [pool-52-thread-1] INFO  server.RaftServerConfigKeys (ConfUtils.java:logGet(43)) - raft.server.log.statemachine.data.sync = true (default)
2019-10-03 14:19:54,013 [pool-32-thread-1] INFO  server.RaftServerConfigKeys (ConfUtils.java:logGet(43)) - raft.server.log.statemachine.data.sync.timeout = 10s (default)
2019-10-03 14:19:54,013 [pool-62-thread-1] INFO  segmented.SegmentedRaftLogWorker (SegmentedRaftLogWorker.java:lambda$new$0(128)) - bff10409-08f6-4d81-9276-c68ae06c2fc9@group-B7D4842EC598-SegmentedRaftLogWorker: flushIndex: setUnconditionally 0 -> -1
2019-10-03 14:19:54,013 [pool-52-thread-1] INFO  server.RaftServerConfigKeys (ConfUtils.java:logGet(43)) - raft.server.log.statemachine.data.sync.timeout = 10s (default)
2019-10-03 14:19:54,013 [pool-32-thread-1] INFO  server.RaftServerConfigKeys (ConfUtils.java:logGet(43)) - raft.server.log.statemachine.data.sync.timeout.retry = -1 (default)
2019-10-03 14:19:54,014 [pool-62-thread-1] INFO  server.RaftServerConfigKeys (ConfUtils.java:logGet(43)) - raft.server.snapshot.auto.trigger.enabled = true (custom)
2019-10-03 14:19:54,014 [pool-52-thread-1] INFO  server.RaftServerConfigKeys (ConfUtils.java:logGet(43)) - raft.server.log.statemachine.data.sync.timeout.retry = -1 (default)
2019-10-03 14:19:54,014 [pool-32-thread-1] INFO  server.RaftServerConfigKeys (ConfUtils.java:logGet(43)) - raft.server.log.statemachine.data.caching.enabled = true (custom)
2019-10-03 14:19:54,014 [pool-62-thread-1] INFO  server.RaftServerConfigKeys (ConfUtils.java:logGet(43)) - raft.server.snapshot.auto.trigger.threshold = 10000 (custom)
2019-10-03 14:19:54,014 [pool-52-thread-1] INFO  server.RaftServerConfigKeys (ConfUtils.java:logGet(43)) - raft.server.log.statemachine.data.caching.enabled = true (custom)
2019-10-03 14:19:54,014 [pool-62-thread-1] INFO  server.RaftServerConfigKeys (ConfUtils.java:logGet(43)) - raft.server.snapshot.retention.file.num = 5 (custom)
2019-10-03 14:19:54,014 [pool-32-thread-1] INFO  segmented.SegmentedRaftLogWorker (SegmentedRaftLogWorker.java:lambda$new$0(128)) - 9aa8a181-5e95-4085-b2b9-b5640fe8e826@group-B7D4842EC598-SegmentedRaftLogWorker: flushIndex: setUnconditionally 0 -> -1
2019-10-03 14:19:54,015 [pool-62-thread-1] INFO  server.RaftServerConfigKeys (ConfUtils.java:logGet(43)) - raft.server.retrycache.expirytime = 600000ms (custom)
2019-10-03 14:19:54,014 [pool-52-thread-1] INFO  segmented.SegmentedRaftLogWorker (SegmentedRaftLogWorker.java:lambda$new$0(128)) - e3fca03c-871d-4f2b-a590-0a6bc50ba34e@group-B7D4842EC598-SegmentedRaftLogWorker: flushIndex: setUnconditionally 0 -> -1
2019-10-03 14:19:54,015 [pool-32-thread-1] INFO  server.RaftServerConfigKeys (ConfUtils.java:logGet(43)) - raft.server.snapshot.auto.trigger.enabled = true (custom)
2019-10-03 14:19:54,015 [pool-32-thread-1] INFO  server.RaftServerConfigKeys (ConfUtils.java:logGet(43)) - raft.server.snapshot.auto.trigger.threshold = 10000 (custom)
2019-10-03 14:19:54,015 [pool-52-thread-1] INFO  server.RaftServerConfigKeys (ConfUtils.java:logGet(43)) - raft.server.snapshot.auto.trigger.enabled = true (custom)
2019-10-03 14:19:54,015 [pool-52-thread-1] INFO  server.RaftServerConfigKeys (ConfUtils.java:logGet(43)) - raft.server.snapshot.auto.trigger.threshold = 10000 (custom)
2019-10-03 14:19:54,016 [pool-52-thread-1] INFO  server.RaftServerConfigKeys (ConfUtils.java:logGet(43)) - raft.server.snapshot.retention.file.num = 5 (custom)
2019-10-03 14:19:54,016 [pool-52-thread-1] INFO  server.RaftServerConfigKeys (ConfUtils.java:logGet(43)) - raft.server.retrycache.expirytime = 600000ms (custom)
2019-10-03 14:19:54,015 [pool-32-thread-1] INFO  server.RaftServerConfigKeys (ConfUtils.java:logGet(43)) - raft.server.snapshot.retention.file.num = 5 (custom)
2019-10-03 14:19:54,017 [pool-32-thread-1] INFO  server.RaftServerConfigKeys (ConfUtils.java:logGet(43)) - raft.server.retrycache.expirytime = 600000ms (custom)
2019-10-03 14:19:54,020 [pool-62-thread-1] INFO  impl.RaftServerImpl (RaftServerImpl.java:start(181)) - bff10409-08f6-4d81-9276-c68ae06c2fc9@group-B7D4842EC598: start as a follower, conf=-1: [bff10409-08f6-4d81-9276-c68ae06c2fc9:192.168.30.9:45525, 9aa8a181-5e95-4085-b2b9-b5640fe8e826:192.168.30.9:40497, e3fca03c-871d-4f2b-a590-0a6bc50ba34e:192.168.30.9:43919], old=null
2019-10-03 14:19:54,020 [pool-62-thread-1] INFO  impl.RaftServerImpl (RaftServerImpl.java:setRole(170)) - bff10409-08f6-4d81-9276-c68ae06c2fc9@group-B7D4842EC598: changes role from      null to FOLLOWER at term 0 for startAsFollower
2019-10-03 14:19:54,020 [pool-62-thread-1] INFO  impl.RoleInfo (RoleInfo.java:updateAndGet(143)) - bff10409-08f6-4d81-9276-c68ae06c2fc9: start FollowerState
2019-10-03 14:19:54,021 [pool-52-thread-1] INFO  impl.RaftServerImpl (RaftServerImpl.java:start(181)) - e3fca03c-871d-4f2b-a590-0a6bc50ba34e@group-B7D4842EC598: start as a follower, conf=-1: [bff10409-08f6-4d81-9276-c68ae06c2fc9:192.168.30.9:45525, 9aa8a181-5e95-4085-b2b9-b5640fe8e826:192.168.30.9:40497, e3fca03c-871d-4f2b-a590-0a6bc50ba34e:192.168.30.9:43919], old=null
2019-10-03 14:19:54,021 [pool-52-thread-1] INFO  impl.RaftServerImpl (RaftServerImpl.java:setRole(170)) - e3fca03c-871d-4f2b-a590-0a6bc50ba34e@group-B7D4842EC598: changes role from      null to FOLLOWER at term 0 for startAsFollower
2019-10-03 14:19:54,021 [pool-62-thread-1] INFO  util.JmxRegister (JmxRegister.java:tryRegister(44)) - Successfully registered JMX Bean with object name Ratis:service=RaftServer,group=group-B7D4842EC598,id=bff10409-08f6-4d81-9276-c68ae06c2fc9
2019-10-03 14:19:54,021 [pool-52-thread-1] INFO  impl.RoleInfo (RoleInfo.java:updateAndGet(143)) - e3fca03c-871d-4f2b-a590-0a6bc50ba34e: start FollowerState
2019-10-03 14:19:54,021 [pool-52-thread-1] INFO  util.JmxRegister (JmxRegister.java:tryRegister(44)) - Successfully registered JMX Bean with object name Ratis:service=RaftServer,group=group-B7D4842EC598,id=e3fca03c-871d-4f2b-a590-0a6bc50ba34e
2019-10-03 14:19:54,021 [pool-32-thread-1] INFO  impl.RaftServerImpl (RaftServerImpl.java:start(181)) - 9aa8a181-5e95-4085-b2b9-b5640fe8e826@group-B7D4842EC598: start as a follower, conf=-1: [bff10409-08f6-4d81-9276-c68ae06c2fc9:192.168.30.9:45525, 9aa8a181-5e95-4085-b2b9-b5640fe8e826:192.168.30.9:40497, e3fca03c-871d-4f2b-a590-0a6bc50ba34e:192.168.30.9:43919], old=null
2019-10-03 14:19:54,022 [pool-32-thread-1] INFO  impl.RaftServerImpl (RaftServerImpl.java:setRole(170)) - 9aa8a181-5e95-4085-b2b9-b5640fe8e826@group-B7D4842EC598: changes role from      null to FOLLOWER at term 0 for startAsFollower
2019-10-03 14:19:54,022 [pool-32-thread-1] INFO  impl.RoleInfo (RoleInfo.java:updateAndGet(143)) - 9aa8a181-5e95-4085-b2b9-b5640fe8e826: start FollowerState
2019-10-03 14:19:54,022 [pool-32-thread-1] INFO  util.JmxRegister (JmxRegister.java:tryRegister(44)) - Successfully registered JMX Bean with object name Ratis:service=RaftServer,group=group-B7D4842EC598,id=9aa8a181-5e95-4085-b2b9-b5640fe8e826
2019-10-03 14:19:54,049 [RatisPipelineUtilsThread] INFO  pipeline.PipelineStateManager (PipelineStateManager.java:addPipeline(56)) - Created pipeline Pipeline[ Id: e9048732-3b49-4b13-a574-b7d4842ec598, Nodes: bff10409-08f6-4d81-9276-c68ae06c2fc9{ip: 192.168.30.9, host: pr-hdds-2216-wws87-2365029438, networkLocation: /rack1, certSerialId: null}e3fca03c-871d-4f2b-a590-0a6bc50ba34e{ip: 192.168.30.9, host: pr-hdds-2216-wws87-2365029438, networkLocation: /rack1, certSerialId: null}9aa8a181-5e95-4085-b2b9-b5640fe8e826{ip: 192.168.30.9, host: pr-hdds-2216-wws87-2365029438, networkLocation: /rack1, certSerialId: null}, Type:RATIS, Factor:THREE, State:OPEN]
2019-10-03 14:19:54,236 [main] INFO  ozone.MiniOzoneClusterImpl (MiniOzoneClusterImpl.java:lambda$waitForClusterToBeReady$0(147)) - Cluster is ready. Got 4 of 4 DN Heartbeats.
2019-10-03 14:19:55,349 [Thread-223] INFO  rpc.RpcClient (RpcClient.java:createVolume(277)) - Creating Volume: 8e0f60b4-f728-4465-b8f4-02a1ff4a96ca, with jenkins1000 as owner.
2019-10-03 14:19:55,472 [OM StateMachine ApplyTransaction Thread - 0] INFO  volume.OMVolumeCreateRequest (OMVolumeCreateRequest.java:validateAndUpdateCache(193)) - created volume:8e0f60b4-f728-4465-b8f4-02a1ff4a96ca for user:jenkins1000
2019-10-03 14:19:55,612 [Thread-223] INFO  rpc.RpcClient (RpcClient.java:createBucket(416)) - Creating Bucket: 8e0f60b4-f728-4465-b8f4-02a1ff4a96ca/7b4e04be-180f-4138-90b3-8ed471f5d502, with Versioning false and Storage Type set to DISK and Encryption set to false 
2019-10-03 14:19:55,916 [Thread-198] INFO  container.ReplicationManager (ReplicationManager.java:start(162)) - Starting Replication Monitor Thread.
2019-10-03 14:19:56,050 [ReplicationMonitor] INFO  container.ReplicationManager (ReplicationManager.java:run(225)) - Replication Monitor Thread took 3 milliseconds for processing 0 containers.
2019-10-03 14:19:56,221 [Thread-223] INFO  impl.MetricsSystemImpl (MetricsSystemImpl.java:init(158)) - XceiverClientMetrics metrics system started (again)
2019-10-03 14:19:58,533 [Thread-200] INFO  impl.FollowerState (FollowerState.java:run(108)) - 9aa8a181-5e95-4085-b2b9-b5640fe8e826@group-950137B74A58-FollowerState: change to CANDIDATE, lastRpcTime:5030ms, electionTimeout:5030ms
2019-10-03 14:19:58,535 [Thread-200] INFO  impl.RoleInfo (RoleInfo.java:shutdownFollowerState(121)) - 9aa8a181-5e95-4085-b2b9-b5640fe8e826: shutdown FollowerState
2019-10-03 14:19:58,535 [Thread-200] INFO  impl.RaftServerImpl (RaftServerImpl.java:setRole(170)) - 9aa8a181-5e95-4085-b2b9-b5640fe8e826@group-950137B74A58: changes role from  FOLLOWER to CANDIDATE at term 0 for changeToCandidate
2019-10-03 14:19:58,535 [Thread-200] INFO  impl.RoleInfo (RoleInfo.java:updateAndGet(143)) - 9aa8a181-5e95-4085-b2b9-b5640fe8e826: start LeaderElection
2019-10-03 14:19:58,571 [9aa8a181-5e95-4085-b2b9-b5640fe8e826@group-950137B74A58-LeaderElection2] INFO  impl.LeaderElection (LeaderElection.java:askForVotes(178)) - 9aa8a181-5e95-4085-b2b9-b5640fe8e826@group-950137B74A58-LeaderElection2: begin an election at term 1 for -1: [9aa8a181-5e95-4085-b2b9-b5640fe8e826:192.168.30.9:40497], old=null
2019-10-03 14:19:58,573 [9aa8a181-5e95-4085-b2b9-b5640fe8e826@group-950137B74A58-LeaderElection2] INFO  impl.RoleInfo (RoleInfo.java:shutdownLeaderElection(134)) - 9aa8a181-5e95-4085-b2b9-b5640fe8e826: shutdown LeaderElection
2019-10-03 14:19:58,573 [9aa8a181-5e95-4085-b2b9-b5640fe8e826@group-950137B74A58-LeaderElection2] INFO  impl.RaftServerImpl (RaftServerImpl.java:setRole(170)) - 9aa8a181-5e95-4085-b2b9-b5640fe8e826@group-950137B74A58: changes role from CANDIDATE to LEADER at term 1 for changeToLeader
2019-10-03 14:19:58,573 [9aa8a181-5e95-4085-b2b9-b5640fe8e826@group-950137B74A58-LeaderElection2] INFO  impl.RaftServerImpl (ServerState.java:setLeader(255)) - 9aa8a181-5e95-4085-b2b9-b5640fe8e826@group-950137B74A58: change Leader from null to 9aa8a181-5e95-4085-b2b9-b5640fe8e826 at term 1 for becomeLeader, leader elected after 5092ms
2019-10-03 14:19:58,573 [9aa8a181-5e95-4085-b2b9-b5640fe8e826@group-950137B74A58-LeaderElection2] INFO  server.RaftServerConfigKeys (ConfUtils.java:logGet(43)) - raft.server.staging.catchup.gap = 1000 (default)
2019-10-03 14:19:58,573 [9aa8a181-5e95-4085-b2b9-b5640fe8e826@group-950137B74A58-LeaderElection2] INFO  server.RaftServerConfigKeys (ConfUtils.java:logGet(43)) - raft.server.rpc.sleep.time = 25ms (default)
2019-10-03 14:19:58,573 [9aa8a181-5e95-4085-b2b9-b5640fe8e826@group-950137B74A58-LeaderElection2] INFO  server.RaftServerConfigKeys (ConfUtils.java:logGet(43)) - raft.server.write.element-limit = 4096 (default)
2019-10-03 14:19:58,574 [9aa8a181-5e95-4085-b2b9-b5640fe8e826@group-950137B74A58-LeaderElection2] INFO  server.RaftServerConfigKeys (ConfUtils.java:logGet(43)) - raft.server.watch.timeout = 10s (default)
2019-10-03 14:19:58,574 [9aa8a181-5e95-4085-b2b9-b5640fe8e826@group-950137B74A58-LeaderElection2] INFO  server.RaftServerConfigKeys (ConfUtils.java:logGet(43)) - raft.server.watch.timeout.denomination = 1s (default)
2019-10-03 14:19:58,574 [9aa8a181-5e95-4085-b2b9-b5640fe8e826@group-950137B74A58-LeaderElection2] INFO  server.RaftServerConfigKeys (ConfUtils.java:logGet(43)) - raft.server.watch.element-limit = 65536 (default)
2019-10-03 14:19:58,577 [9aa8a181-5e95-4085-b2b9-b5640fe8e826@group-950137B74A58-LeaderElection2] INFO  impl.RoleInfo (RoleInfo.java:updateAndGet(143)) - 9aa8a181-5e95-4085-b2b9-b5640fe8e826: start LeaderState
2019-10-03 14:19:58,577 [9aa8a181-5e95-4085-b2b9-b5640fe8e826@group-950137B74A58-LeaderElection2] INFO  segmented.SegmentedRaftLogWorker (SegmentedRaftLogWorker.java:startLogSegment(385)) - 9aa8a181-5e95-4085-b2b9-b5640fe8e826@group-950137B74A58-SegmentedRaftLogWorker: Starting segment from index:0
2019-10-03 14:19:58,578 [9aa8a181-5e95-4085-b2b9-b5640fe8e826@group-950137B74A58-LeaderElection2] INFO  impl.RaftServerImpl (ServerState.java:setRaftConf(356)) - 9aa8a181-5e95-4085-b2b9-b5640fe8e826@group-950137B74A58: set configuration 0: [9aa8a181-5e95-4085-b2b9-b5640fe8e826:192.168.30.9:40497], old=null at 0
2019-10-03 14:19:58,621 [9aa8a181-5e95-4085-b2b9-b5640fe8e826@group-950137B74A58-SegmentedRaftLogWorker] INFO  segmented.SegmentedRaftLogWorker (SegmentedRaftLogWorker.java:execute(574)) - 9aa8a181-5e95-4085-b2b9-b5640fe8e826@group-950137B74A58-SegmentedRaftLogWorker: created new log segment /workdir/hadoop-ozone/integration-test/target/test-dir/MiniOzoneClusterImpl-559a310c-7f81-4ef4-b30f-984a6e637ed4/datanode-0/data/ratis/dd32b9c4-77d8-4944-afcc-950137b74a58/current/log_inprogress_0
2019-10-03 14:19:58,831 [Thread-203] INFO  impl.FollowerState (FollowerState.java:run(108)) - bff10409-08f6-4d81-9276-c68ae06c2fc9@group-B437AA5F243E-FollowerState: change to CANDIDATE, lastRpcTime:5160ms, electionTimeout:5160ms
2019-10-03 14:19:58,831 [Thread-203] INFO  impl.RoleInfo (RoleInfo.java:shutdownFollowerState(121)) - bff10409-08f6-4d81-9276-c68ae06c2fc9: shutdown FollowerState
2019-10-03 14:19:58,832 [Thread-203] INFO  impl.RaftServerImpl (RaftServerImpl.java:setRole(170)) - bff10409-08f6-4d81-9276-c68ae06c2fc9@group-B437AA5F243E: changes role from  FOLLOWER to CANDIDATE at term 0 for changeToCandidate
2019-10-03 14:19:58,832 [Thread-203] INFO  impl.RoleInfo (RoleInfo.java:updateAndGet(143)) - bff10409-08f6-4d81-9276-c68ae06c2fc9: start LeaderElection
2019-10-03 14:19:58,858 [bff10409-08f6-4d81-9276-c68ae06c2fc9@group-B437AA5F243E-LeaderElection3] INFO  impl.LeaderElection (LeaderElection.java:askForVotes(178)) - bff10409-08f6-4d81-9276-c68ae06c2fc9@group-B437AA5F243E-LeaderElection3: begin an election at term 1 for -1: [bff10409-08f6-4d81-9276-c68ae06c2fc9:192.168.30.9:45525], old=null
2019-10-03 14:19:58,858 [bff10409-08f6-4d81-9276-c68ae06c2fc9@group-B437AA5F243E-LeaderElection3] INFO  impl.RoleInfo (RoleInfo.java:shutdownLeaderElection(134)) - bff10409-08f6-4d81-9276-c68ae06c2fc9: shutdown LeaderElection
2019-10-03 14:19:58,858 [bff10409-08f6-4d81-9276-c68ae06c2fc9@group-B437AA5F243E-LeaderElection3] INFO  impl.RaftServerImpl (RaftServerImpl.java:setRole(170)) - bff10409-08f6-4d81-9276-c68ae06c2fc9@group-B437AA5F243E: changes role from CANDIDATE to LEADER at term 1 for changeToLeader
2019-10-03 14:19:58,858 [bff10409-08f6-4d81-9276-c68ae06c2fc9@group-B437AA5F243E-LeaderElection3] INFO  impl.RaftServerImpl (ServerState.java:setLeader(255)) - bff10409-08f6-4d81-9276-c68ae06c2fc9@group-B437AA5F243E: change Leader from null to bff10409-08f6-4d81-9276-c68ae06c2fc9 at term 1 for becomeLeader, leader elected after 5200ms
2019-10-03 14:19:58,860 [bff10409-08f6-4d81-9276-c68ae06c2fc9@group-B437AA5F243E-LeaderElection3] INFO  server.RaftServerConfigKeys (ConfUtils.java:logGet(43)) - raft.server.staging.catchup.gap = 1000 (default)
2019-10-03 14:19:58,860 [bff10409-08f6-4d81-9276-c68ae06c2fc9@group-B437AA5F243E-LeaderElection3] INFO  server.RaftServerConfigKeys (ConfUtils.java:logGet(43)) - raft.server.rpc.sleep.time = 25ms (default)
2019-10-03 14:19:58,861 [bff10409-08f6-4d81-9276-c68ae06c2fc9@group-B437AA5F243E-LeaderElection3] INFO  server.RaftServerConfigKeys (ConfUtils.java:logGet(43)) - raft.server.write.element-limit = 4096 (default)
2019-10-03 14:19:58,861 [bff10409-08f6-4d81-9276-c68ae06c2fc9@group-B437AA5F243E-LeaderElection3] INFO  server.RaftServerConfigKeys (ConfUtils.java:logGet(43)) - raft.server.watch.timeout = 10s (default)
2019-10-03 14:19:58,861 [bff10409-08f6-4d81-9276-c68ae06c2fc9@group-B437AA5F243E-LeaderElection3] INFO  server.RaftServerConfigKeys (ConfUtils.java:logGet(43)) - raft.server.watch.timeout.denomination = 1s (default)
2019-10-03 14:19:58,861 [bff10409-08f6-4d81-9276-c68ae06c2fc9@group-B437AA5F243E-LeaderElection3] INFO  server.RaftServerConfigKeys (ConfUtils.java:logGet(43)) - raft.server.watch.element-limit = 65536 (default)
2019-10-03 14:19:58,864 [bff10409-08f6-4d81-9276-c68ae06c2fc9@group-B437AA5F243E-LeaderElection3] INFO  impl.RoleInfo (RoleInfo.java:updateAndGet(143)) - bff10409-08f6-4d81-9276-c68ae06c2fc9: start LeaderState
2019-10-03 14:19:58,865 [bff10409-08f6-4d81-9276-c68ae06c2fc9@group-B437AA5F243E-LeaderElection3] INFO  segmented.SegmentedRaftLogWorker (SegmentedRaftLogWorker.java:startLogSegment(385)) - bff10409-08f6-4d81-9276-c68ae06c2fc9@group-B437AA5F243E-SegmentedRaftLogWorker: Starting segment from index:0
2019-10-03 14:19:58,874 [Thread-206] INFO  impl.FollowerState (FollowerState.java:run(108)) - e3fca03c-871d-4f2b-a590-0a6bc50ba34e@group-A203B5666BDE-FollowerState: change to CANDIDATE, lastRpcTime:5089ms, electionTimeout:5089ms
2019-10-03 14:19:58,875 [Thread-206] INFO  impl.RoleInfo (RoleInfo.java:shutdownFollowerState(121)) - e3fca03c-871d-4f2b-a590-0a6bc50ba34e: shutdown FollowerState
2019-10-03 14:19:58,875 [Thread-206] INFO  impl.RaftServerImpl (RaftServerImpl.java:setRole(170)) - e3fca03c-871d-4f2b-a590-0a6bc50ba34e@group-A203B5666BDE: changes role from  FOLLOWER to CANDIDATE at term 0 for changeToCandidate
2019-10-03 14:19:58,914 [bff10409-08f6-4d81-9276-c68ae06c2fc9@group-B437AA5F243E-SegmentedRaftLogWorker] INFO  segmented.SegmentedRaftLogWorker (SegmentedRaftLogWorker.java:execute(574)) - bff10409-08f6-4d81-9276-c68ae06c2fc9@group-B437AA5F243E-SegmentedRaftLogWorker: created new log segment /workdir/hadoop-ozone/integration-test/target/test-dir/MiniOzoneClusterImpl-559a310c-7f81-4ef4-b30f-984a6e637ed4/datanode-3/data/ratis/c6e63eb1-4979-4a97-abf3-b437aa5f243e/current/log_inprogress_0
2019-10-03 14:19:58,972 [Thread-206] INFO  impl.RoleInfo (RoleInfo.java:updateAndGet(143)) - e3fca03c-871d-4f2b-a590-0a6bc50ba34e: start LeaderElection
2019-10-03 14:19:58,973 [bff10409-08f6-4d81-9276-c68ae06c2fc9@group-B437AA5F243E-LeaderElection3] INFO  impl.RaftServerImpl (ServerState.java:setRaftConf(356)) - bff10409-08f6-4d81-9276-c68ae06c2fc9@group-B437AA5F243E: set configuration 0: [bff10409-08f6-4d81-9276-c68ae06c2fc9:192.168.30.9:45525], old=null at 0
2019-10-03 14:19:59,009 [e3fca03c-871d-4f2b-a590-0a6bc50ba34e@group-A203B5666BDE-LeaderElection4] INFO  impl.LeaderElection (LeaderElection.java:askForVotes(178)) - e3fca03c-871d-4f2b-a590-0a6bc50ba34e@group-A203B5666BDE-LeaderElection4: begin an election at term 1 for -1: [e3fca03c-871d-4f2b-a590-0a6bc50ba34e:192.168.30.9:43919], old=null
2019-10-03 14:19:59,009 [e3fca03c-871d-4f2b-a590-0a6bc50ba34e@group-A203B5666BDE-LeaderElection4] INFO  impl.RoleInfo (RoleInfo.java:shutdownLeaderElection(134)) - e3fca03c-871d-4f2b-a590-0a6bc50ba34e: shutdown LeaderElection
2019-10-03 14:19:59,009 [e3fca03c-871d-4f2b-a590-0a6bc50ba34e@group-A203B5666BDE-LeaderElection4] INFO  impl.RaftServerImpl (RaftServerImpl.java:setRole(170)) - e3fca03c-871d-4f2b-a590-0a6bc50ba34e@group-A203B5666BDE: changes role from CANDIDATE to LEADER at term 1 for changeToLeader
2019-10-03 14:19:59,010 [e3fca03c-871d-4f2b-a590-0a6bc50ba34e@group-A203B5666BDE-LeaderElection4] INFO  impl.RaftServerImpl (ServerState.java:setLeader(255)) - e3fca03c-871d-4f2b-a590-0a6bc50ba34e@group-A203B5666BDE: change Leader from null to e3fca03c-871d-4f2b-a590-0a6bc50ba34e at term 1 for becomeLeader, leader elected after 5240ms
2019-10-03 14:19:59,011 [e3fca03c-871d-4f2b-a590-0a6bc50ba34e@group-A203B5666BDE-LeaderElection4] INFO  server.RaftServerConfigKeys (ConfUtils.java:logGet(43)) - raft.server.staging.catchup.gap = 1000 (default)
2019-10-03 14:19:59,011 [e3fca03c-871d-4f2b-a590-0a6bc50ba34e@group-A203B5666BDE-LeaderElection4] INFO  server.RaftServerConfigKeys (ConfUtils.java:logGet(43)) - raft.server.rpc.sleep.time = 25ms (default)
2019-10-03 14:19:59,012 [e3fca03c-871d-4f2b-a590-0a6bc50ba34e@group-A203B5666BDE-LeaderElection4] INFO  server.RaftServerConfigKeys (ConfUtils.java:logGet(43)) - raft.server.write.element-limit = 4096 (default)
2019-10-03 14:19:59,012 [e3fca03c-871d-4f2b-a590-0a6bc50ba34e@group-A203B5666BDE-LeaderElection4] INFO  server.RaftServerConfigKeys (ConfUtils.java:logGet(43)) - raft.server.watch.timeout = 10s (default)
2019-10-03 14:19:59,012 [e3fca03c-871d-4f2b-a590-0a6bc50ba34e@group-A203B5666BDE-LeaderElection4] INFO  server.RaftServerConfigKeys (ConfUtils.java:logGet(43)) - raft.server.watch.timeout.denomination = 1s (default)
2019-10-03 14:19:59,012 [e3fca03c-871d-4f2b-a590-0a6bc50ba34e@group-A203B5666BDE-LeaderElection4] INFO  server.RaftServerConfigKeys (ConfUtils.java:logGet(43)) - raft.server.watch.element-limit = 65536 (default)
2019-10-03 14:19:59,015 [e3fca03c-871d-4f2b-a590-0a6bc50ba34e@group-A203B5666BDE-LeaderElection4] INFO  impl.RoleInfo (RoleInfo.java:updateAndGet(143)) - e3fca03c-871d-4f2b-a590-0a6bc50ba34e: start LeaderState
2019-10-03 14:19:59,015 [e3fca03c-871d-4f2b-a590-0a6bc50ba34e@group-A203B5666BDE-LeaderElection4] INFO  segmented.SegmentedRaftLogWorker (SegmentedRaftLogWorker.java:startLogSegment(385)) - e3fca03c-871d-4f2b-a590-0a6bc50ba34e@group-A203B5666BDE-SegmentedRaftLogWorker: Starting segment from index:0
2019-10-03 14:19:59,016 [e3fca03c-871d-4f2b-a590-0a6bc50ba34e@group-A203B5666BDE-LeaderElection4] INFO  impl.RaftServerImpl (ServerState.java:setRaftConf(356)) - e3fca03c-871d-4f2b-a590-0a6bc50ba34e@group-A203B5666BDE: set configuration 0: [e3fca03c-871d-4f2b-a590-0a6bc50ba34e:192.168.30.9:43919], old=null at 0
2019-10-03 14:19:59,045 [Thread-214] INFO  impl.FollowerState (FollowerState.java:run(108)) - bff10409-08f6-4d81-9276-c68ae06c2fc9@group-B7D4842EC598-FollowerState: change to CANDIDATE, lastRpcTime:5025ms, electionTimeout:5002ms
2019-10-03 14:19:59,046 [Thread-214] INFO  impl.RoleInfo (RoleInfo.java:shutdownFollowerState(121)) - bff10409-08f6-4d81-9276-c68ae06c2fc9: shutdown FollowerState
2019-10-03 14:19:59,046 [Thread-214] INFO  impl.RaftServerImpl (RaftServerImpl.java:setRole(170)) - bff10409-08f6-4d81-9276-c68ae06c2fc9@group-B7D4842EC598: changes role from  FOLLOWER to CANDIDATE at term 0 for changeToCandidate
2019-10-03 14:19:59,046 [Thread-214] INFO  impl.RoleInfo (RoleInfo.java:updateAndGet(143)) - bff10409-08f6-4d81-9276-c68ae06c2fc9: start LeaderElection
2019-10-03 14:19:59,047 [Thread-209] INFO  impl.FollowerState (FollowerState.java:run(108)) - 1560dbc8-ba91-4407-9575-bd830c0d1598@group-7012ED8DFF07-FollowerState: change to CANDIDATE, lastRpcTime:5166ms, electionTimeout:5166ms
2019-10-03 14:19:59,047 [Thread-209] INFO  impl.RoleInfo (RoleInfo.java:shutdownFollowerState(121)) - 1560dbc8-ba91-4407-9575-bd830c0d1598: shutdown FollowerState
2019-10-03 14:19:59,048 [Thread-209] INFO  impl.RaftServerImpl (RaftServerImpl.java:setRole(170)) - 1560dbc8-ba91-4407-9575-bd830c0d1598@group-7012ED8DFF07: changes role from  FOLLOWER to CANDIDATE at term 0 for changeToCandidate
2019-10-03 14:19:59,068 [e3fca03c-871d-4f2b-a590-0a6bc50ba34e@group-A203B5666BDE-SegmentedRaftLogWorker] INFO  segmented.SegmentedRaftLogWorker (SegmentedRaftLogWorker.java:execute(574)) - e3fca03c-871d-4f2b-a590-0a6bc50ba34e@group-A203B5666BDE-SegmentedRaftLogWorker: created new log segment /workdir/hadoop-ozone/integration-test/target/test-dir/MiniOzoneClusterImpl-559a310c-7f81-4ef4-b30f-984a6e637ed4/datanode-2/data/ratis/5fd9e9c4-2f1b-41cb-9416-a203b5666bde/current/log_inprogress_0
2019-10-03 14:19:59,148 [Thread-215] INFO  impl.FollowerState (FollowerState.java:run(108)) - e3fca03c-871d-4f2b-a590-0a6bc50ba34e@group-B7D4842EC598-FollowerState: change to CANDIDATE, lastRpcTime:5127ms, electionTimeout:5127ms
2019-10-03 14:19:59,149 [Thread-215] INFO  impl.RoleInfo (RoleInfo.java:shutdownFollowerState(121)) - e3fca03c-871d-4f2b-a590-0a6bc50ba34e: shutdown FollowerState
2019-10-03 14:19:59,149 [Thread-215] INFO  impl.RaftServerImpl (RaftServerImpl.java:setRole(170)) - e3fca03c-871d-4f2b-a590-0a6bc50ba34e@group-B7D4842EC598: changes role from  FOLLOWER to CANDIDATE at term 0 for changeToCandidate
2019-10-03 14:19:59,160 [Thread-215] INFO  impl.RoleInfo (RoleInfo.java:updateAndGet(143)) - e3fca03c-871d-4f2b-a590-0a6bc50ba34e: start LeaderElection
2019-10-03 14:19:59,162 [Thread-216] INFO  impl.FollowerState (FollowerState.java:run(108)) - 9aa8a181-5e95-4085-b2b9-b5640fe8e826@group-B7D4842EC598-FollowerState: change to CANDIDATE, lastRpcTime:5139ms, electionTimeout:5138ms
2019-10-03 14:19:59,162 [Thread-209] INFO  impl.RoleInfo (RoleInfo.java:updateAndGet(143)) - 1560dbc8-ba91-4407-9575-bd830c0d1598: start LeaderElection
2019-10-03 14:19:59,166 [Thread-216] INFO  impl.RoleInfo (RoleInfo.java:shutdownFollowerState(121)) - 9aa8a181-5e95-4085-b2b9-b5640fe8e826: shutdown FollowerState
2019-10-03 14:19:59,167 [Thread-216] INFO  impl.RaftServerImpl (RaftServerImpl.java:setRole(170)) - 9aa8a181-5e95-4085-b2b9-b5640fe8e826@group-B7D4842EC598: changes role from  FOLLOWER to CANDIDATE at term 0 for changeToCandidate
2019-10-03 14:19:59,169 [Thread-216] INFO  impl.RoleInfo (RoleInfo.java:updateAndGet(143)) - 9aa8a181-5e95-4085-b2b9-b5640fe8e826: start LeaderElection
2019-10-03 14:19:59,193 [9aa8a181-5e95-4085-b2b9-b5640fe8e826@group-B7D4842EC598-LeaderElection8] INFO  impl.LeaderElection (LeaderElection.java:askForVotes(178)) - 9aa8a181-5e95-4085-b2b9-b5640fe8e826@group-B7D4842EC598-LeaderElection8: begin an election at term 1 for -1: [bff10409-08f6-4d81-9276-c68ae06c2fc9:192.168.30.9:45525, 9aa8a181-5e95-4085-b2b9-b5640fe8e826:192.168.30.9:40497, e3fca03c-871d-4f2b-a590-0a6bc50ba34e:192.168.30.9:43919], old=null
2019-10-03 14:19:59,193 [1560dbc8-ba91-4407-9575-bd830c0d1598@group-7012ED8DFF07-LeaderElection6] INFO  impl.LeaderElection (LeaderElection.java:askForVotes(178)) - 1560dbc8-ba91-4407-9575-bd830c0d1598@group-7012ED8DFF07-LeaderElection6: begin an election at term 1 for -1: [1560dbc8-ba91-4407-9575-bd830c0d1598:192.168.30.9:36296], old=null
2019-10-03 14:19:59,193 [e3fca03c-871d-4f2b-a590-0a6bc50ba34e@group-B7D4842EC598-LeaderElection7] INFO  impl.LeaderElection (LeaderElection.java:askForVotes(178)) - e3fca03c-871d-4f2b-a590-0a6bc50ba34e@group-B7D4842EC598-LeaderElection7: begin an election at term 1 for -1: [bff10409-08f6-4d81-9276-c68ae06c2fc9:192.168.30.9:45525, 9aa8a181-5e95-4085-b2b9-b5640fe8e826:192.168.30.9:40497, e3fca03c-871d-4f2b-a590-0a6bc50ba34e:192.168.30.9:43919], old=null
2019-10-03 14:19:59,193 [1560dbc8-ba91-4407-9575-bd830c0d1598@group-7012ED8DFF07-LeaderElection6] INFO  impl.RoleInfo (RoleInfo.java:shutdownLeaderElection(134)) - 1560dbc8-ba91-4407-9575-bd830c0d1598: shutdown LeaderElection
2019-10-03 14:19:59,193 [bff10409-08f6-4d81-9276-c68ae06c2fc9@group-B7D4842EC598-LeaderElection5] INFO  impl.LeaderElection (LeaderElection.java:askForVotes(178)) - bff10409-08f6-4d81-9276-c68ae06c2fc9@group-B7D4842EC598-LeaderElection5: begin an election at term 1 for -1: [bff10409-08f6-4d81-9276-c68ae06c2fc9:192.168.30.9:45525, 9aa8a181-5e95-4085-b2b9-b5640fe8e826:192.168.30.9:40497, e3fca03c-871d-4f2b-a590-0a6bc50ba34e:192.168.30.9:43919], old=null
2019-10-03 14:19:59,193 [1560dbc8-ba91-4407-9575-bd830c0d1598@group-7012ED8DFF07-LeaderElection6] INFO  impl.RaftServerImpl (RaftServerImpl.java:setRole(170)) - 1560dbc8-ba91-4407-9575-bd830c0d1598@group-7012ED8DFF07: changes role from CANDIDATE to LEADER at term 1 for changeToLeader
2019-10-03 14:19:59,193 [1560dbc8-ba91-4407-9575-bd830c0d1598@group-7012ED8DFF07-LeaderElection6] INFO  impl.RaftServerImpl (ServerState.java:setLeader(255)) - 1560dbc8-ba91-4407-9575-bd830c0d1598@group-7012ED8DFF07: change Leader from null to 1560dbc8-ba91-4407-9575-bd830c0d1598 at term 1 for becomeLeader, leader elected after 5326ms
2019-10-03 14:19:59,195 [1560dbc8-ba91-4407-9575-bd830c0d1598@group-7012ED8DFF07-LeaderElection6] INFO  server.RaftServerConfigKeys (ConfUtils.java:logGet(43)) - raft.server.staging.catchup.gap = 1000 (default)
2019-10-03 14:19:59,195 [1560dbc8-ba91-4407-9575-bd830c0d1598@group-7012ED8DFF07-LeaderElection6] INFO  server.RaftServerConfigKeys (ConfUtils.java:logGet(43)) - raft.server.rpc.sleep.time = 25ms (default)
2019-10-03 14:19:59,195 [1560dbc8-ba91-4407-9575-bd830c0d1598@group-7012ED8DFF07-LeaderElection6] INFO  server.RaftServerConfigKeys (ConfUtils.java:logGet(43)) - raft.server.write.element-limit = 4096 (default)
2019-10-03 14:19:59,195 [1560dbc8-ba91-4407-9575-bd830c0d1598@group-7012ED8DFF07-LeaderElection6] INFO  server.RaftServerConfigKeys (ConfUtils.java:logGet(43)) - raft.server.watch.timeout = 10s (default)
2019-10-03 14:19:59,196 [1560dbc8-ba91-4407-9575-bd830c0d1598@group-7012ED8DFF07-LeaderElection6] INFO  server.RaftServerConfigKeys (ConfUtils.java:logGet(43)) - raft.server.watch.timeout.denomination = 1s (default)
2019-10-03 14:19:59,196 [1560dbc8-ba91-4407-9575-bd830c0d1598@group-7012ED8DFF07-LeaderElection6] INFO  server.RaftServerConfigKeys (ConfUtils.java:logGet(43)) - raft.server.watch.element-limit = 65536 (default)
2019-10-03 14:19:59,198 [1560dbc8-ba91-4407-9575-bd830c0d1598@group-7012ED8DFF07-LeaderElection6] INFO  impl.RoleInfo (RoleInfo.java:updateAndGet(143)) - 1560dbc8-ba91-4407-9575-bd830c0d1598: start LeaderState
2019-10-03 14:19:59,199 [1560dbc8-ba91-4407-9575-bd830c0d1598@group-7012ED8DFF07-LeaderElection6] INFO  segmented.SegmentedRaftLogWorker (SegmentedRaftLogWorker.java:startLogSegment(385)) - 1560dbc8-ba91-4407-9575-bd830c0d1598@group-7012ED8DFF07-SegmentedRaftLogWorker: Starting segment from index:0
2019-10-03 14:19:59,199 [1560dbc8-ba91-4407-9575-bd830c0d1598@group-7012ED8DFF07-LeaderElection6] INFO  impl.RaftServerImpl (ServerState.java:setRaftConf(356)) - 1560dbc8-ba91-4407-9575-bd830c0d1598@group-7012ED8DFF07: set configuration 0: [1560dbc8-ba91-4407-9575-bd830c0d1598:192.168.30.9:36296], old=null at 0
2019-10-03 14:19:59,265 [1560dbc8-ba91-4407-9575-bd830c0d1598@group-7012ED8DFF07-SegmentedRaftLogWorker] INFO  segmented.SegmentedRaftLogWorker (SegmentedRaftLogWorker.java:execute(574)) - 1560dbc8-ba91-4407-9575-bd830c0d1598@group-7012ED8DFF07-SegmentedRaftLogWorker: created new log segment /workdir/hadoop-ozone/integration-test/target/test-dir/MiniOzoneClusterImpl-559a310c-7f81-4ef4-b30f-984a6e637ed4/datanode-1/data/ratis/fe8967d9-f7b8-49ba-9924-7012ed8dff07/current/log_inprogress_0
2019-10-03 14:19:59,296 [bff10409-08f6-4d81-9276-c68ae06c2fc9@group-B7D4842EC598-LeaderElection5] INFO  impl.LeaderElection (LeaderElection.java:logAndReturn(56)) - bff10409-08f6-4d81-9276-c68ae06c2fc9@group-B7D4842EC598-LeaderElection5: Election REJECTED; received 2 response(s) [bff10409-08f6-4d81-9276-c68ae06c2fc9<-9aa8a181-5e95-4085-b2b9-b5640fe8e826#0:FAIL-t1, bff10409-08f6-4d81-9276-c68ae06c2fc9<-e3fca03c-871d-4f2b-a590-0a6bc50ba34e#0:FAIL-t1] and 0 exception(s); bff10409-08f6-4d81-9276-c68ae06c2fc9@group-B7D4842EC598:t1, leader=null, voted=bff10409-08f6-4d81-9276-c68ae06c2fc9, raftlog=bff10409-08f6-4d81-9276-c68ae06c2fc9@group-B7D4842EC598-SegmentedRaftLog:OPENED:c-1,f-1,i0, conf=-1: [bff10409-08f6-4d81-9276-c68ae06c2fc9:192.168.30.9:45525, 9aa8a181-5e95-4085-b2b9-b5640fe8e826:192.168.30.9:40497, e3fca03c-871d-4f2b-a590-0a6bc50ba34e:192.168.30.9:43919], old=null
2019-10-03 14:19:59,300 [bff10409-08f6-4d81-9276-c68ae06c2fc9@group-B7D4842EC598-LeaderElection5] INFO  impl.RaftServerImpl (RaftServerImpl.java:setRole(170)) - bff10409-08f6-4d81-9276-c68ae06c2fc9@group-B7D4842EC598: changes role from CANDIDATE to FOLLOWER at term 1 for DISCOVERED_A_NEW_TERM
2019-10-03 14:19:59,300 [bff10409-08f6-4d81-9276-c68ae06c2fc9@group-B7D4842EC598-LeaderElection5] INFO  impl.RoleInfo (RoleInfo.java:shutdownLeaderElection(134)) - bff10409-08f6-4d81-9276-c68ae06c2fc9: shutdown LeaderElection
2019-10-03 14:19:59,300 [bff10409-08f6-4d81-9276-c68ae06c2fc9@group-B7D4842EC598-LeaderElection5] INFO  impl.RoleInfo (RoleInfo.java:updateAndGet(143)) - bff10409-08f6-4d81-9276-c68ae06c2fc9: start FollowerState
2019-10-03 14:19:59,302 [e3fca03c-871d-4f2b-a590-0a6bc50ba34e@group-B7D4842EC598-LeaderElection7] INFO  impl.LeaderElection (LeaderElection.java:logAndReturn(56)) - e3fca03c-871d-4f2b-a590-0a6bc50ba34e@group-B7D4842EC598-LeaderElection7: Election REJECTED; received 2 response(s) [e3fca03c-871d-4f2b-a590-0a6bc50ba34e<-bff10409-08f6-4d81-9276-c68ae06c2fc9#0:FAIL-t1, e3fca03c-871d-4f2b-a590-0a6bc50ba34e<-9aa8a181-5e95-4085-b2b9-b5640fe8e826#0:FAIL-t1] and 0 exception(s); e3fca03c-871d-4f2b-a590-0a6bc50ba34e@group-B7D4842EC598:t1, leader=null, voted=e3fca03c-871d-4f2b-a590-0a6bc50ba34e, raftlog=e3fca03c-871d-4f2b-a590-0a6bc50ba34e@group-B7D4842EC598-SegmentedRaftLog:OPENED:c-1,f-1,i0, conf=-1: [bff10409-08f6-4d81-9276-c68ae06c2fc9:192.168.30.9:45525, 9aa8a181-5e95-4085-b2b9-b5640fe8e826:192.168.30.9:40497, e3fca03c-871d-4f2b-a590-0a6bc50ba34e:192.168.30.9:43919], old=null
2019-10-03 14:19:59,303 [e3fca03c-871d-4f2b-a590-0a6bc50ba34e@group-B7D4842EC598-LeaderElection7] INFO  impl.RaftServerImpl (RaftServerImpl.java:setRole(170)) - e3fca03c-871d-4f2b-a590-0a6bc50ba34e@group-B7D4842EC598: changes role from CANDIDATE to FOLLOWER at term 1 for DISCOVERED_A_NEW_TERM
2019-10-03 14:19:59,305 [e3fca03c-871d-4f2b-a590-0a6bc50ba34e@group-B7D4842EC598-LeaderElection7] INFO  impl.RoleInfo (RoleInfo.java:shutdownLeaderElection(134)) - e3fca03c-871d-4f2b-a590-0a6bc50ba34e: shutdown LeaderElection
2019-10-03 14:19:59,305 [e3fca03c-871d-4f2b-a590-0a6bc50ba34e@group-B7D4842EC598-LeaderElection7] INFO  impl.RoleInfo (RoleInfo.java:updateAndGet(143)) - e3fca03c-871d-4f2b-a590-0a6bc50ba34e: start FollowerState
2019-10-03 14:19:59,308 [9aa8a181-5e95-4085-b2b9-b5640fe8e826@group-B7D4842EC598-LeaderElection8] INFO  impl.LeaderElection (LeaderElection.java:logAndReturn(56)) - 9aa8a181-5e95-4085-b2b9-b5640fe8e826@group-B7D4842EC598-LeaderElection8: Election REJECTED; received 2 response(s) [9aa8a181-5e95-4085-b2b9-b5640fe8e826<-bff10409-08f6-4d81-9276-c68ae06c2fc9#0:FAIL-t1, 9aa8a181-5e95-4085-b2b9-b5640fe8e826<-e3fca03c-871d-4f2b-a590-0a6bc50ba34e#0:FAIL-t1] and 0 exception(s); 9aa8a181-5e95-4085-b2b9-b5640fe8e826@group-B7D4842EC598:t1, leader=null, voted=9aa8a181-5e95-4085-b2b9-b5640fe8e826, raftlog=9aa8a181-5e95-4085-b2b9-b5640fe8e826@group-B7D4842EC598-SegmentedRaftLog:OPENED:c-1,f-1,i0, conf=-1: [bff10409-08f6-4d81-9276-c68ae06c2fc9:192.168.30.9:45525, 9aa8a181-5e95-4085-b2b9-b5640fe8e826:192.168.30.9:40497, e3fca03c-871d-4f2b-a590-0a6bc50ba34e:192.168.30.9:43919], old=null
2019-10-03 14:19:59,309 [9aa8a181-5e95-4085-b2b9-b5640fe8e826@group-B7D4842EC598-LeaderElection8] INFO  impl.RaftServerImpl (RaftServerImpl.java:setRole(170)) - 9aa8a181-5e95-4085-b2b9-b5640fe8e826@group-B7D4842EC598: changes role from CANDIDATE to FOLLOWER at term 1 for DISCOVERED_A_NEW_TERM
2019-10-03 14:19:59,311 [9aa8a181-5e95-4085-b2b9-b5640fe8e826@group-B7D4842EC598-LeaderElection8] INFO  impl.RoleInfo (RoleInfo.java:shutdownLeaderElection(134)) - 9aa8a181-5e95-4085-b2b9-b5640fe8e826: shutdown LeaderElection
2019-10-03 14:19:59,311 [9aa8a181-5e95-4085-b2b9-b5640fe8e826@group-B7D4842EC598-LeaderElection8] INFO  impl.RoleInfo (RoleInfo.java:updateAndGet(143)) - 9aa8a181-5e95-4085-b2b9-b5640fe8e826: start FollowerState
2019-10-03 14:20:04,455 [Thread-253] INFO  impl.FollowerState (FollowerState.java:run(108)) - 9aa8a181-5e95-4085-b2b9-b5640fe8e826@group-B7D4842EC598-FollowerState: change to CANDIDATE, lastRpcTime:5143ms, electionTimeout:5142ms
2019-10-03 14:20:04,458 [Thread-253] INFO  impl.RoleInfo (RoleInfo.java:shutdownFollowerState(121)) - 9aa8a181-5e95-4085-b2b9-b5640fe8e826: shutdown FollowerState
2019-10-03 14:20:04,459 [Thread-253] INFO  impl.RaftServerImpl (RaftServerImpl.java:setRole(170)) - 9aa8a181-5e95-4085-b2b9-b5640fe8e826@group-B7D4842EC598: changes role from  FOLLOWER to CANDIDATE at term 1 for changeToCandidate
2019-10-03 14:20:04,459 [Thread-253] INFO  impl.RoleInfo (RoleInfo.java:updateAndGet(143)) - 9aa8a181-5e95-4085-b2b9-b5640fe8e826: start LeaderElection
2019-10-03 14:20:04,493 [9aa8a181-5e95-4085-b2b9-b5640fe8e826@group-B7D4842EC598-LeaderElection9] INFO  impl.LeaderElection (LeaderElection.java:askForVotes(178)) - 9aa8a181-5e95-4085-b2b9-b5640fe8e826@group-B7D4842EC598-LeaderElection9: begin an election at term 2 for -1: [bff10409-08f6-4d81-9276-c68ae06c2fc9:192.168.30.9:45525, 9aa8a181-5e95-4085-b2b9-b5640fe8e826:192.168.30.9:40497, e3fca03c-871d-4f2b-a590-0a6bc50ba34e:192.168.30.9:43919], old=null
2019-10-03 14:20:04,497 [Thread-252] INFO  impl.FollowerState (FollowerState.java:run(108)) - e3fca03c-871d-4f2b-a590-0a6bc50ba34e@group-B7D4842EC598-FollowerState: change to CANDIDATE, lastRpcTime:5192ms, electionTimeout:5190ms
2019-10-03 14:20:04,498 [Thread-252] INFO  impl.RoleInfo (RoleInfo.java:shutdownFollowerState(121)) - e3fca03c-871d-4f2b-a590-0a6bc50ba34e: shutdown FollowerState
2019-10-03 14:20:04,498 [Thread-252] INFO  impl.RaftServerImpl (RaftServerImpl.java:setRole(170)) - e3fca03c-871d-4f2b-a590-0a6bc50ba34e@group-B7D4842EC598: changes role from  FOLLOWER to CANDIDATE at term 1 for changeToCandidate
2019-10-03 14:20:04,498 [Thread-252] INFO  impl.RoleInfo (RoleInfo.java:updateAndGet(143)) - e3fca03c-871d-4f2b-a590-0a6bc50ba34e: start LeaderElection
2019-10-03 14:20:04,505 [Thread-251] INFO  impl.FollowerState (FollowerState.java:run(108)) - bff10409-08f6-4d81-9276-c68ae06c2fc9@group-B7D4842EC598-FollowerState: change to CANDIDATE, lastRpcTime:5204ms, electionTimeout:5200ms
2019-10-03 14:20:04,505 [Thread-251] INFO  impl.RoleInfo (RoleInfo.java:shutdownFollowerState(121)) - bff10409-08f6-4d81-9276-c68ae06c2fc9: shutdown FollowerState
2019-10-03 14:20:04,505 [Thread-251] INFO  impl.RaftServerImpl (RaftServerImpl.java:setRole(170)) - bff10409-08f6-4d81-9276-c68ae06c2fc9@group-B7D4842EC598: changes role from  FOLLOWER to CANDIDATE at term 1 for changeToCandidate
2019-10-03 14:20:04,505 [Thread-251] INFO  impl.RoleInfo (RoleInfo.java:updateAndGet(143)) - bff10409-08f6-4d81-9276-c68ae06c2fc9: start LeaderElection
2019-10-03 14:20:04,507 [grpc-default-executor-4] INFO  impl.RaftServerImpl (RaftServerImpl.java:setRole(170)) - bff10409-08f6-4d81-9276-c68ae06c2fc9@group-B7D4842EC598: changes role from CANDIDATE to FOLLOWER at term 2 for recognizeCandidate:9aa8a181-5e95-4085-b2b9-b5640fe8e826
2019-10-03 14:20:04,508 [grpc-default-executor-4] INFO  impl.RoleInfo (RoleInfo.java:shutdownLeaderElection(134)) - bff10409-08f6-4d81-9276-c68ae06c2fc9: shutdown LeaderElection
2019-10-03 14:20:04,508 [grpc-default-executor-4] INFO  impl.RoleInfo (RoleInfo.java:updateAndGet(143)) - bff10409-08f6-4d81-9276-c68ae06c2fc9: start FollowerState
2019-10-03 14:20:04,528 [e3fca03c-871d-4f2b-a590-0a6bc50ba34e@group-B7D4842EC598-LeaderElection10] INFO  impl.LeaderElection (LeaderElection.java:askForVotes(178)) - e3fca03c-871d-4f2b-a590-0a6bc50ba34e@group-B7D4842EC598-LeaderElection10: begin an election at term 2 for -1: [bff10409-08f6-4d81-9276-c68ae06c2fc9:192.168.30.9:45525, 9aa8a181-5e95-4085-b2b9-b5640fe8e826:192.168.30.9:40497, e3fca03c-871d-4f2b-a590-0a6bc50ba34e:192.168.30.9:43919], old=null
2019-10-03 14:20:04,541 [9aa8a181-5e95-4085-b2b9-b5640fe8e826@group-B7D4842EC598-LeaderElection9] INFO  impl.LeaderElection (LeaderElection.java:logAndReturn(56)) - 9aa8a181-5e95-4085-b2b9-b5640fe8e826@group-B7D4842EC598-LeaderElection9: Election REJECTED; received 2 response(s) [9aa8a181-5e95-4085-b2b9-b5640fe8e826<-bff10409-08f6-4d81-9276-c68ae06c2fc9#0:FAIL-t2, 9aa8a181-5e95-4085-b2b9-b5640fe8e826<-e3fca03c-871d-4f2b-a590-0a6bc50ba34e#0:FAIL-t2] and 0 exception(s); 9aa8a181-5e95-4085-b2b9-b5640fe8e826@group-B7D4842EC598:t2, leader=null, voted=9aa8a181-5e95-4085-b2b9-b5640fe8e826, raftlog=9aa8a181-5e95-4085-b2b9-b5640fe8e826@group-B7D4842EC598-SegmentedRaftLog:OPENED:c-1,f-1,i0, conf=-1: [bff10409-08f6-4d81-9276-c68ae06c2fc9:192.168.30.9:45525, 9aa8a181-5e95-4085-b2b9-b5640fe8e826:192.168.30.9:40497, e3fca03c-871d-4f2b-a590-0a6bc50ba34e:192.168.30.9:43919], old=null
2019-10-03 14:20:04,541 [9aa8a181-5e95-4085-b2b9-b5640fe8e826@group-B7D4842EC598-LeaderElection9] INFO  impl.RaftServerImpl (RaftServerImpl.java:setRole(170)) - 9aa8a181-5e95-4085-b2b9-b5640fe8e826@group-B7D4842EC598: changes role from CANDIDATE to FOLLOWER at term 2 for DISCOVERED_A_NEW_TERM
2019-10-03 14:20:04,543 [9aa8a181-5e95-4085-b2b9-b5640fe8e826@group-B7D4842EC598-LeaderElection9] INFO  impl.RoleInfo (RoleInfo.java:shutdownLeaderElection(134)) - 9aa8a181-5e95-4085-b2b9-b5640fe8e826: shutdown LeaderElection
2019-10-03 14:20:04,545 [9aa8a181-5e95-4085-b2b9-b5640fe8e826@group-B7D4842EC598-LeaderElection9] INFO  impl.RoleInfo (RoleInfo.java:updateAndGet(143)) - 9aa8a181-5e95-4085-b2b9-b5640fe8e826: start FollowerState
2019-10-03 14:20:04,552 [bff10409-08f6-4d81-9276-c68ae06c2fc9@group-B7D4842EC598-LeaderElection11] INFO  impl.LeaderElection (LeaderElection.java:askForVotes(178)) - bff10409-08f6-4d81-9276-c68ae06c2fc9@group-B7D4842EC598-LeaderElection11: begin an election at term 3 for -1: [bff10409-08f6-4d81-9276-c68ae06c2fc9:192.168.30.9:45525, 9aa8a181-5e95-4085-b2b9-b5640fe8e826:192.168.30.9:40497, e3fca03c-871d-4f2b-a590-0a6bc50ba34e:192.168.30.9:43919], old=null
2019-10-03 14:20:04,555 [bff10409-08f6-4d81-9276-c68ae06c2fc9@group-B7D4842EC598-LeaderElection11] INFO  impl.LeaderElection (LeaderElection.java:logAndReturn(56)) - bff10409-08f6-4d81-9276-c68ae06c2fc9@group-B7D4842EC598-LeaderElection11: Election REJECTED; received 0 response(s) [] and 0 exception(s); bff10409-08f6-4d81-9276-c68ae06c2fc9@group-B7D4842EC598:t3, leader=null, voted=bff10409-08f6-4d81-9276-c68ae06c2fc9, raftlog=bff10409-08f6-4d81-9276-c68ae06c2fc9@group-B7D4842EC598-SegmentedRaftLog:OPENED:c-1,f-1,i0, conf=-1: [bff10409-08f6-4d81-9276-c68ae06c2fc9:192.168.30.9:45525, 9aa8a181-5e95-4085-b2b9-b5640fe8e826:192.168.30.9:40497, e3fca03c-871d-4f2b-a590-0a6bc50ba34e:192.168.30.9:43919], old=null
2019-10-03 14:20:04,557 [e3fca03c-871d-4f2b-a590-0a6bc50ba34e@group-B7D4842EC598-LeaderElection10] INFO  impl.LeaderElection (LeaderElection.java:logAndReturn(56)) - e3fca03c-871d-4f2b-a590-0a6bc50ba34e@group-B7D4842EC598-LeaderElection10: Election DISCOVERED_A_NEW_TERM; received 2 response(s) [e3fca03c-871d-4f2b-a590-0a6bc50ba34e<-9aa8a181-5e95-4085-b2b9-b5640fe8e826#0:FAIL-t2, e3fca03c-871d-4f2b-a590-0a6bc50ba34e<-bff10409-08f6-4d81-9276-c68ae06c2fc9#0:FAIL-t3] and 0 exception(s); e3fca03c-871d-4f2b-a590-0a6bc50ba34e@group-B7D4842EC598:t2, leader=null, voted=e3fca03c-871d-4f2b-a590-0a6bc50ba34e, raftlog=e3fca03c-871d-4f2b-a590-0a6bc50ba34e@group-B7D4842EC598-SegmentedRaftLog:OPENED:c-1,f-1,i0, conf=-1: [bff10409-08f6-4d81-9276-c68ae06c2fc9:192.168.30.9:45525, 9aa8a181-5e95-4085-b2b9-b5640fe8e826:192.168.30.9:40497, e3fca03c-871d-4f2b-a590-0a6bc50ba34e:192.168.30.9:43919], old=null
2019-10-03 14:20:04,558 [e3fca03c-871d-4f2b-a590-0a6bc50ba34e@group-B7D4842EC598-LeaderElection10] INFO  impl.RaftServerImpl (RaftServerImpl.java:setRole(170)) - e3fca03c-871d-4f2b-a590-0a6bc50ba34e@group-B7D4842EC598: changes role from CANDIDATE to FOLLOWER at term 3 for DISCOVERED_A_NEW_TERM
2019-10-03 14:20:04,560 [e3fca03c-871d-4f2b-a590-0a6bc50ba34e@group-B7D4842EC598-LeaderElection10] INFO  impl.RoleInfo (RoleInfo.java:shutdownLeaderElection(134)) - e3fca03c-871d-4f2b-a590-0a6bc50ba34e: shutdown LeaderElection
2019-10-03 14:20:04,561 [e3fca03c-871d-4f2b-a590-0a6bc50ba34e@group-B7D4842EC598-LeaderElection10] INFO  impl.RoleInfo (RoleInfo.java:updateAndGet(143)) - e3fca03c-871d-4f2b-a590-0a6bc50ba34e: start FollowerState
2019-10-03 14:20:04,563 [grpc-default-executor-3] INFO  impl.RaftServerImpl (RaftServerImpl.java:setRole(170)) - 9aa8a181-5e95-4085-b2b9-b5640fe8e826@group-B7D4842EC598: changes role from  FOLLOWER to FOLLOWER at term 3 for recognizeCandidate:bff10409-08f6-4d81-9276-c68ae06c2fc9
2019-10-03 14:20:04,565 [grpc-default-executor-3] INFO  impl.RoleInfo (RoleInfo.java:shutdownFollowerState(121)) - 9aa8a181-5e95-4085-b2b9-b5640fe8e826: shutdown FollowerState
2019-10-03 14:20:04,567 [Thread-275] INFO  impl.FollowerState (FollowerState.java:run(117)) - 9aa8a181-5e95-4085-b2b9-b5640fe8e826@group-B7D4842EC598-FollowerState was interrupted: java.lang.InterruptedException: sleep interrupted
2019-10-03 14:20:04,567 [grpc-default-executor-3] INFO  impl.RoleInfo (RoleInfo.java:updateAndGet(143)) - 9aa8a181-5e95-4085-b2b9-b5640fe8e826: start FollowerState
2019-10-03 14:20:04,586 [grpc-default-executor-5] INFO  impl.RaftServerImpl (RaftServerImpl.java:setRole(170)) - e3fca03c-871d-4f2b-a590-0a6bc50ba34e@group-B7D4842EC598: changes role from  FOLLOWER to FOLLOWER at term 3 for recognizeCandidate:bff10409-08f6-4d81-9276-c68ae06c2fc9
2019-10-03 14:20:04,586 [grpc-default-executor-5] INFO  impl.RoleInfo (RoleInfo.java:shutdownFollowerState(121)) - e3fca03c-871d-4f2b-a590-0a6bc50ba34e: shutdown FollowerState
2019-10-03 14:20:04,586 [Thread-278] INFO  impl.FollowerState (FollowerState.java:run(117)) - e3fca03c-871d-4f2b-a590-0a6bc50ba34e@group-B7D4842EC598-FollowerState was interrupted: java.lang.InterruptedException: sleep interrupted
2019-10-03 14:20:04,586 [grpc-default-executor-5] INFO  impl.RoleInfo (RoleInfo.java:updateAndGet(143)) - e3fca03c-871d-4f2b-a590-0a6bc50ba34e: start FollowerState
2019-10-03 14:20:09,582 [Thread-270] INFO  impl.FollowerState (FollowerState.java:run(108)) - bff10409-08f6-4d81-9276-c68ae06c2fc9@group-B7D4842EC598-FollowerState: change to CANDIDATE, lastRpcTime:5074ms, electionTimeout:5074ms
2019-10-03 14:20:09,583 [Thread-270] INFO  impl.RoleInfo (RoleInfo.java:shutdownFollowerState(121)) - bff10409-08f6-4d81-9276-c68ae06c2fc9: shutdown FollowerState
2019-10-03 14:20:09,583 [Thread-270] INFO  impl.RaftServerImpl (RaftServerImpl.java:setRole(170)) - bff10409-08f6-4d81-9276-c68ae06c2fc9@group-B7D4842EC598: changes role from  FOLLOWER to CANDIDATE at term 3 for changeToCandidate
2019-10-03 14:20:09,584 [Thread-270] INFO  impl.RoleInfo (RoleInfo.java:updateAndGet(143)) - bff10409-08f6-4d81-9276-c68ae06c2fc9: start LeaderElection
2019-10-03 14:20:09,597 [Thread-280] INFO  impl.FollowerState (FollowerState.java:run(108)) - e3fca03c-871d-4f2b-a590-0a6bc50ba34e@group-B7D4842EC598-FollowerState: change to CANDIDATE, lastRpcTime:5010ms, electionTimeout:5009ms
2019-10-03 14:20:09,597 [Thread-280] INFO  impl.RoleInfo (RoleInfo.java:shutdownFollowerState(121)) - e3fca03c-871d-4f2b-a590-0a6bc50ba34e: shutdown FollowerState
2019-10-03 14:20:09,598 [Thread-280] INFO  impl.RaftServerImpl (RaftServerImpl.java:setRole(170)) - e3fca03c-871d-4f2b-a590-0a6bc50ba34e@group-B7D4842EC598: changes role from  FOLLOWER to CANDIDATE at term 3 for changeToCandidate
2019-10-03 14:20:09,598 [Thread-280] INFO  impl.RoleInfo (RoleInfo.java:updateAndGet(143)) - e3fca03c-871d-4f2b-a590-0a6bc50ba34e: start LeaderElection
2019-10-03 14:20:09,609 [bff10409-08f6-4d81-9276-c68ae06c2fc9@group-B7D4842EC598-LeaderElection12] INFO  impl.LeaderElection (LeaderElection.java:askForVotes(178)) - bff10409-08f6-4d81-9276-c68ae06c2fc9@group-B7D4842EC598-LeaderElection12: begin an election at term 4 for -1: [bff10409-08f6-4d81-9276-c68ae06c2fc9:192.168.30.9:45525, 9aa8a181-5e95-4085-b2b9-b5640fe8e826:192.168.30.9:40497, e3fca03c-871d-4f2b-a590-0a6bc50ba34e:192.168.30.9:43919], old=null
2019-10-03 14:20:09,613 [Thread-279] INFO  impl.FollowerState (FollowerState.java:run(108)) - 9aa8a181-5e95-4085-b2b9-b5640fe8e826@group-B7D4842EC598-FollowerState: change to CANDIDATE, lastRpcTime:5046ms, electionTimeout:5044ms
2019-10-03 14:20:09,613 [Thread-279] INFO  impl.RoleInfo (RoleInfo.java:shutdownFollowerState(121)) - 9aa8a181-5e95-4085-b2b9-b5640fe8e826: shutdown FollowerState
2019-10-03 14:20:09,613 [Thread-279] INFO  impl.RaftServerImpl (RaftServerImpl.java:setRole(170)) - 9aa8a181-5e95-4085-b2b9-b5640fe8e826@group-B7D4842EC598: changes role from  FOLLOWER to CANDIDATE at term 3 for changeToCandidate
2019-10-03 14:20:09,615 [Thread-279] INFO  impl.RoleInfo (RoleInfo.java:updateAndGet(143)) - 9aa8a181-5e95-4085-b2b9-b5640fe8e826: start LeaderElection
2019-10-03 14:20:09,631 [9aa8a181-5e95-4085-b2b9-b5640fe8e826@group-B7D4842EC598-LeaderElection14] INFO  impl.LeaderElection (LeaderElection.java:askForVotes(178)) - 9aa8a181-5e95-4085-b2b9-b5640fe8e826@group-B7D4842EC598-LeaderElection14: begin an election at term 4 for -1: [bff10409-08f6-4d81-9276-c68ae06c2fc9:192.168.30.9:45525, 9aa8a181-5e95-4085-b2b9-b5640fe8e826:192.168.30.9:40497, e3fca03c-871d-4f2b-a590-0a6bc50ba34e:192.168.30.9:43919], old=null
2019-10-03 14:20:09,631 [e3fca03c-871d-4f2b-a590-0a6bc50ba34e@group-B7D4842EC598-LeaderElection13] INFO  impl.LeaderElection (LeaderElection.java:askForVotes(178)) - e3fca03c-871d-4f2b-a590-0a6bc50ba34e@group-B7D4842EC598-LeaderElection13: begin an election at term 4 for -1: [bff10409-08f6-4d81-9276-c68ae06c2fc9:192.168.30.9:45525, 9aa8a181-5e95-4085-b2b9-b5640fe8e826:192.168.30.9:40497, e3fca03c-871d-4f2b-a590-0a6bc50ba34e:192.168.30.9:43919], old=null
2019-10-03 14:20:09,634 [bff10409-08f6-4d81-9276-c68ae06c2fc9@group-B7D4842EC598-LeaderElection12] INFO  impl.LeaderElection (LeaderElection.java:logAndReturn(56)) - bff10409-08f6-4d81-9276-c68ae06c2fc9@group-B7D4842EC598-LeaderElection12: Election REJECTED; received 2 response(s) [bff10409-08f6-4d81-9276-c68ae06c2fc9<-9aa8a181-5e95-4085-b2b9-b5640fe8e826#0:FAIL-t4, bff10409-08f6-4d81-9276-c68ae06c2fc9<-e3fca03c-871d-4f2b-a590-0a6bc50ba34e#0:FAIL-t4] and 0 exception(s); bff10409-08f6-4d81-9276-c68ae06c2fc9@group-B7D4842EC598:t4, leader=null, voted=bff10409-08f6-4d81-9276-c68ae06c2fc9, raftlog=bff10409-08f6-4d81-9276-c68ae06c2fc9@group-B7D4842EC598-SegmentedRaftLog:OPENED:c-1,f-1,i0, conf=-1: [bff10409-08f6-4d81-9276-c68ae06c2fc9:192.168.30.9:45525, 9aa8a181-5e95-4085-b2b9-b5640fe8e826:192.168.30.9:40497, e3fca03c-871d-4f2b-a590-0a6bc50ba34e:192.168.30.9:43919], old=null
2019-10-03 14:20:09,634 [bff10409-08f6-4d81-9276-c68ae06c2fc9@group-B7D4842EC598-LeaderElection12] INFO  impl.RaftServerImpl (RaftServerImpl.java:setRole(170)) - bff10409-08f6-4d81-9276-c68ae06c2fc9@group-B7D4842EC598: changes role from CANDIDATE to FOLLOWER at term 4 for DISCOVERED_A_NEW_TERM
2019-10-03 14:20:09,636 [bff10409-08f6-4d81-9276-c68ae06c2fc9@group-B7D4842EC598-LeaderElection12] INFO  impl.RoleInfo (RoleInfo.java:shutdownLeaderElection(134)) - bff10409-08f6-4d81-9276-c68ae06c2fc9: shutdown LeaderElection
2019-10-03 14:20:09,637 [bff10409-08f6-4d81-9276-c68ae06c2fc9@group-B7D4842EC598-LeaderElection12] INFO  impl.RoleInfo (RoleInfo.java:updateAndGet(143)) - bff10409-08f6-4d81-9276-c68ae06c2fc9: start FollowerState
2019-10-03 14:20:09,649 [9aa8a181-5e95-4085-b2b9-b5640fe8e826@group-B7D4842EC598-LeaderElection14] INFO  impl.LeaderElection (LeaderElection.java:logAndReturn(56)) - 9aa8a181-5e95-4085-b2b9-b5640fe8e826@group-B7D4842EC598-LeaderElection14: Election REJECTED; received 2 response(s) [9aa8a181-5e95-4085-b2b9-b5640fe8e826<-bff10409-08f6-4d81-9276-c68ae06c2fc9#0:FAIL-t4, 9aa8a181-5e95-4085-b2b9-b5640fe8e826<-e3fca03c-871d-4f2b-a590-0a6bc50ba34e#0:FAIL-t4] and 0 exception(s); 9aa8a181-5e95-4085-b2b9-b5640fe8e826@group-B7D4842EC598:t4, leader=null, voted=9aa8a181-5e95-4085-b2b9-b5640fe8e826, raftlog=9aa8a181-5e95-4085-b2b9-b5640fe8e826@group-B7D4842EC598-SegmentedRaftLog:OPENED:c-1,f-1,i0, conf=-1: [bff10409-08f6-4d81-9276-c68ae06c2fc9:192.168.30.9:45525, 9aa8a181-5e95-4085-b2b9-b5640fe8e826:192.168.30.9:40497, e3fca03c-871d-4f2b-a590-0a6bc50ba34e:192.168.30.9:43919], old=null
2019-10-03 14:20:09,650 [9aa8a181-5e95-4085-b2b9-b5640fe8e826@group-B7D4842EC598-LeaderElection14] INFO  impl.RaftServerImpl (RaftServerImpl.java:setRole(170)) - 9aa8a181-5e95-4085-b2b9-b5640fe8e826@group-B7D4842EC598: changes role from CANDIDATE to FOLLOWER at term 4 for DISCOVERED_A_NEW_TERM
2019-10-03 14:20:09,650 [e3fca03c-871d-4f2b-a590-0a6bc50ba34e@group-B7D4842EC598-LeaderElection13] INFO  impl.LeaderElection (LeaderElection.java:logAndReturn(56)) - e3fca03c-871d-4f2b-a590-0a6bc50ba34e@group-B7D4842EC598-LeaderElection13: Election REJECTED; received 2 response(s) [e3fca03c-871d-4f2b-a590-0a6bc50ba34e<-bff10409-08f6-4d81-9276-c68ae06c2fc9#0:FAIL-t4, e3fca03c-871d-4f2b-a590-0a6bc50ba34e<-9aa8a181-5e95-4085-b2b9-b5640fe8e826#0:FAIL-t4] and 0 exception(s); e3fca03c-871d-4f2b-a590-0a6bc50ba34e@group-B7D4842EC598:t4, leader=null, voted=e3fca03c-871d-4f2b-a590-0a6bc50ba34e, raftlog=e3fca03c-871d-4f2b-a590-0a6bc50ba34e@group-B7D4842EC598-SegmentedRaftLog:OPENED:c-1,f-1,i0, conf=-1: [bff10409-08f6-4d81-9276-c68ae06c2fc9:192.168.30.9:45525, 9aa8a181-5e95-4085-b2b9-b5640fe8e826:192.168.30.9:40497, e3fca03c-871d-4f2b-a590-0a6bc50ba34e:192.168.30.9:43919], old=null
2019-10-03 14:20:09,650 [9aa8a181-5e95-4085-b2b9-b5640fe8e826@group-B7D4842EC598-LeaderElection14] INFO  impl.RoleInfo (RoleInfo.java:shutdownLeaderElection(134)) - 9aa8a181-5e95-4085-b2b9-b5640fe8e826: shutdown LeaderElection
2019-10-03 14:20:09,651 [e3fca03c-871d-4f2b-a590-0a6bc50ba34e@group-B7D4842EC598-LeaderElection13] INFO  impl.RaftServerImpl (RaftServerImpl.java:setRole(170)) - e3fca03c-871d-4f2b-a590-0a6bc50ba34e@group-B7D4842EC598: changes role from CANDIDATE to FOLLOWER at term 4 for DISCOVERED_A_NEW_TERM
2019-10-03 14:20:09,652 [e3fca03c-871d-4f2b-a590-0a6bc50ba34e@group-B7D4842EC598-LeaderElection13] INFO  impl.RoleInfo (RoleInfo.java:shutdownLeaderElection(134)) - e3fca03c-871d-4f2b-a590-0a6bc50ba34e: shutdown LeaderElection
2019-10-03 14:20:09,652 [9aa8a181-5e95-4085-b2b9-b5640fe8e826@group-B7D4842EC598-LeaderElection14] INFO  impl.RoleInfo (RoleInfo.java:updateAndGet(143)) - 9aa8a181-5e95-4085-b2b9-b5640fe8e826: start FollowerState
2019-10-03 14:20:09,653 [e3fca03c-871d-4f2b-a590-0a6bc50ba34e@group-B7D4842EC598-LeaderElection13] INFO  impl.RoleInfo (RoleInfo.java:updateAndGet(143)) - e3fca03c-871d-4f2b-a590-0a6bc50ba34e: start FollowerState
2019-10-03 14:20:14,691 [Thread-298] INFO  impl.FollowerState (FollowerState.java:run(108)) - bff10409-08f6-4d81-9276-c68ae06c2fc9@group-B7D4842EC598-FollowerState: change to CANDIDATE, lastRpcTime:5053ms, electionTimeout:5047ms
2019-10-03 14:20:14,693 [Thread-298] INFO  impl.RoleInfo (RoleInfo.java:shutdownFollowerState(121)) - bff10409-08f6-4d81-9276-c68ae06c2fc9: shutdown FollowerState
2019-10-03 14:20:14,693 [Thread-298] INFO  impl.RaftServerImpl (RaftServerImpl.java:setRole(170)) - bff10409-08f6-4d81-9276-c68ae06c2fc9@group-B7D4842EC598: changes role from  FOLLOWER to CANDIDATE at term 4 for changeToCandidate
2019-10-03 14:20:14,693 [Thread-298] INFO  impl.RoleInfo (RoleInfo.java:updateAndGet(143)) - bff10409-08f6-4d81-9276-c68ae06c2fc9: start LeaderElection
2019-10-03 14:20:14,729 [Thread-300] INFO  impl.FollowerState (FollowerState.java:run(108)) - e3fca03c-871d-4f2b-a590-0a6bc50ba34e@group-B7D4842EC598-FollowerState: change to CANDIDATE, lastRpcTime:5076ms, electionTimeout:5076ms
2019-10-03 14:20:14,730 [Thread-300] INFO  impl.RoleInfo (RoleInfo.java:shutdownFollowerState(121)) - e3fca03c-871d-4f2b-a590-0a6bc50ba34e: shutdown FollowerState
2019-10-03 14:20:14,730 [Thread-300] INFO  impl.RaftServerImpl (RaftServerImpl.java:setRole(170)) - e3fca03c-871d-4f2b-a590-0a6bc50ba34e@group-B7D4842EC598: changes role from  FOLLOWER to CANDIDATE at term 4 for changeToCandidate
2019-10-03 14:20:14,730 [Thread-300] INFO  impl.RoleInfo (RoleInfo.java:updateAndGet(143)) - e3fca03c-871d-4f2b-a590-0a6bc50ba34e: start LeaderElection
2019-10-03 14:20:14,732 [bff10409-08f6-4d81-9276-c68ae06c2fc9@group-B7D4842EC598-LeaderElection15] INFO  impl.LeaderElection (LeaderElection.java:askForVotes(178)) - bff10409-08f6-4d81-9276-c68ae06c2fc9@group-B7D4842EC598-LeaderElection15: begin an election at term 5 for -1: [bff10409-08f6-4d81-9276-c68ae06c2fc9:192.168.30.9:45525, 9aa8a181-5e95-4085-b2b9-b5640fe8e826:192.168.30.9:40497, e3fca03c-871d-4f2b-a590-0a6bc50ba34e:192.168.30.9:43919], old=null
2019-10-03 14:20:14,737 [grpc-default-executor-2] INFO  impl.RaftServerImpl (RaftServerImpl.java:setRole(170)) - 9aa8a181-5e95-4085-b2b9-b5640fe8e826@group-B7D4842EC598: changes role from  FOLLOWER to FOLLOWER at term 5 for recognizeCandidate:bff10409-08f6-4d81-9276-c68ae06c2fc9
2019-10-03 14:20:14,738 [grpc-default-executor-2] INFO  impl.RoleInfo (RoleInfo.java:shutdownFollowerState(121)) - 9aa8a181-5e95-4085-b2b9-b5640fe8e826: shutdown FollowerState
2019-10-03 14:20:14,738 [grpc-default-executor-2] INFO  impl.RoleInfo (RoleInfo.java:updateAndGet(143)) - 9aa8a181-5e95-4085-b2b9-b5640fe8e826: start FollowerState
2019-10-03 14:20:14,738 [Thread-299] INFO  impl.FollowerState (FollowerState.java:run(117)) - 9aa8a181-5e95-4085-b2b9-b5640fe8e826@group-B7D4842EC598-FollowerState was interrupted: java.lang.InterruptedException: sleep interrupted
2019-10-03 14:20:14,755 [e3fca03c-871d-4f2b-a590-0a6bc50ba34e@group-B7D4842EC598-LeaderElection16] INFO  impl.LeaderElection (LeaderElection.java:askForVotes(178)) - e3fca03c-871d-4f2b-a590-0a6bc50ba34e@group-B7D4842EC598-LeaderElection16: begin an election at term 5 for -1: [bff10409-08f6-4d81-9276-c68ae06c2fc9:192.168.30.9:45525, 9aa8a181-5e95-4085-b2b9-b5640fe8e826:192.168.30.9:40497, e3fca03c-871d-4f2b-a590-0a6bc50ba34e:192.168.30.9:43919], old=null
2019-10-03 14:20:14,757 [bff10409-08f6-4d81-9276-c68ae06c2fc9@group-B7D4842EC598-LeaderElection15] INFO  impl.LeaderElection (LeaderElection.java:logAndReturn(56)) - bff10409-08f6-4d81-9276-c68ae06c2fc9@group-B7D4842EC598-LeaderElection15: Election PASSED; received 1 response(s) [bff10409-08f6-4d81-9276-c68ae06c2fc9<-9aa8a181-5e95-4085-b2b9-b5640fe8e826#0:OK-t5] and 0 exception(s); bff10409-08f6-4d81-9276-c68ae06c2fc9@group-B7D4842EC598:t5, leader=null, voted=bff10409-08f6-4d81-9276-c68ae06c2fc9, raftlog=bff10409-08f6-4d81-9276-c68ae06c2fc9@group-B7D4842EC598-SegmentedRaftLog:OPENED:c-1,f-1,i0, conf=-1: [bff10409-08f6-4d81-9276-c68ae06c2fc9:192.168.30.9:45525, 9aa8a181-5e95-4085-b2b9-b5640fe8e826:192.168.30.9:40497, e3fca03c-871d-4f2b-a590-0a6bc50ba34e:192.168.30.9:43919], old=null
2019-10-03 14:20:14,758 [bff10409-08f6-4d81-9276-c68ae06c2fc9@group-B7D4842EC598-LeaderElection15] INFO  impl.RoleInfo (RoleInfo.java:shutdownLeaderElection(134)) - bff10409-08f6-4d81-9276-c68ae06c2fc9: shutdown LeaderElection
2019-10-03 14:20:14,758 [bff10409-08f6-4d81-9276-c68ae06c2fc9@group-B7D4842EC598-LeaderElection15] INFO  impl.RaftServerImpl (RaftServerImpl.java:setRole(170)) - bff10409-08f6-4d81-9276-c68ae06c2fc9@group-B7D4842EC598: changes role from CANDIDATE to LEADER at term 5 for changeToLeader
2019-10-03 14:20:14,758 [bff10409-08f6-4d81-9276-c68ae06c2fc9@group-B7D4842EC598-LeaderElection15] INFO  impl.RaftServerImpl (ServerState.java:setLeader(255)) - bff10409-08f6-4d81-9276-c68ae06c2fc9@group-B7D4842EC598: change Leader from null to bff10409-08f6-4d81-9276-c68ae06c2fc9 at term 5 for becomeLeader, leader elected after 20751ms
2019-10-03 14:20:14,758 [bff10409-08f6-4d81-9276-c68ae06c2fc9@group-B7D4842EC598-LeaderElection15] INFO  server.RaftServerConfigKeys (ConfUtils.java:logGet(43)) - raft.server.staging.catchup.gap = 1000 (default)
2019-10-03 14:20:14,759 [bff10409-08f6-4d81-9276-c68ae06c2fc9@group-B7D4842EC598-LeaderElection15] INFO  server.RaftServerConfigKeys (ConfUtils.java:logGet(43)) - raft.server.rpc.sleep.time = 25ms (default)
2019-10-03 14:20:14,759 [bff10409-08f6-4d81-9276-c68ae06c2fc9@group-B7D4842EC598-LeaderElection15] INFO  server.RaftServerConfigKeys (ConfUtils.java:logGet(43)) - raft.server.write.element-limit = 4096 (default)
2019-10-03 14:20:14,759 [bff10409-08f6-4d81-9276-c68ae06c2fc9@group-B7D4842EC598-LeaderElection15] INFO  server.RaftServerConfigKeys (ConfUtils.java:logGet(43)) - raft.server.watch.timeout = 10s (default)
2019-10-03 14:20:14,760 [bff10409-08f6-4d81-9276-c68ae06c2fc9@group-B7D4842EC598-LeaderElection15] INFO  server.RaftServerConfigKeys (ConfUtils.java:logGet(43)) - raft.server.watch.timeout.denomination = 1s (default)
2019-10-03 14:20:14,760 [bff10409-08f6-4d81-9276-c68ae06c2fc9@group-B7D4842EC598-LeaderElection15] INFO  server.RaftServerConfigKeys (ConfUtils.java:logGet(43)) - raft.server.watch.element-limit = 65536 (default)
2019-10-03 14:20:14,771 [bff10409-08f6-4d81-9276-c68ae06c2fc9@group-B7D4842EC598-LeaderElection15] INFO  server.RaftServerConfigKeys (ConfUtils.java:logGet(43)) - raft.server.log.appender.snapshot.chunk.size.max = 16MB (=16777216) (default)
2019-10-03 14:20:14,771 [bff10409-08f6-4d81-9276-c68ae06c2fc9@group-B7D4842EC598-LeaderElection15] INFO  server.RaftServerConfigKeys (ConfUtils.java:logGet(43)) - raft.server.log.appender.buffer.byte-limit = 33554432 (custom)
2019-10-03 14:20:14,772 [bff10409-08f6-4d81-9276-c68ae06c2fc9@group-B7D4842EC598-LeaderElection15] INFO  server.RaftServerConfigKeys (ConfUtils.java:logGet(43)) - raft.server.log.appender.buffer.element-limit = 1 (custom)
2019-10-03 14:20:14,781 [bff10409-08f6-4d81-9276-c68ae06c2fc9@group-B7D4842EC598-LeaderElection15] INFO  grpc.GrpcConfigKeys$Server (ConfUtils.java:logGet(43)) - raft.grpc.server.leader.outstanding.appends.max = 128 (default)
2019-10-03 14:20:14,782 [bff10409-08f6-4d81-9276-c68ae06c2fc9@group-B7D4842EC598-LeaderElection15] INFO  server.RaftServerConfigKeys (ConfUtils.java:logGet(43)) - raft.server.rpc.request.timeout = 3000ms (default)
2019-10-03 14:20:14,784 [bff10409-08f6-4d81-9276-c68ae06c2fc9@group-B7D4842EC598-LeaderElection15] INFO  server.RaftServerConfigKeys (ConfUtils.java:logGet(43)) - raft.server.log.appender.install.snapshot.enabled = false (custom)
2019-10-03 14:20:14,787 [bff10409-08f6-4d81-9276-c68ae06c2fc9@group-B7D4842EC598-LeaderElection15] INFO  server.RaftServerConfigKeys (ConfUtils.java:logGet(43)) - raft.server.log.appender.snapshot.chunk.size.max = 16MB (=16777216) (default)
2019-10-03 14:20:14,789 [bff10409-08f6-4d81-9276-c68ae06c2fc9@group-B7D4842EC598-LeaderElection15] INFO  server.RaftServerConfigKeys (ConfUtils.java:logGet(43)) - raft.server.log.appender.buffer.byte-limit = 33554432 (custom)
2019-10-03 14:20:14,800 [bff10409-08f6-4d81-9276-c68ae06c2fc9@group-B7D4842EC598-LeaderElection15] INFO  server.RaftServerConfigKeys (ConfUtils.java:logGet(43)) - raft.server.log.appender.buffer.element-limit = 1 (custom)
2019-10-03 14:20:14,800 [bff10409-08f6-4d81-9276-c68ae06c2fc9@group-B7D4842EC598-LeaderElection15] INFO  grpc.GrpcConfigKeys$Server (ConfUtils.java:logGet(43)) - raft.grpc.server.leader.outstanding.appends.max = 128 (default)
2019-10-03 14:20:14,801 [bff10409-08f6-4d81-9276-c68ae06c2fc9@group-B7D4842EC598-LeaderElection15] INFO  server.RaftServerConfigKeys (ConfUtils.java:logGet(43)) - raft.server.rpc.request.timeout = 3000ms (default)
2019-10-03 14:20:14,801 [bff10409-08f6-4d81-9276-c68ae06c2fc9@group-B7D4842EC598-LeaderElection15] INFO  server.RaftServerConfigKeys (ConfUtils.java:logGet(43)) - raft.server.log.appender.install.snapshot.enabled = false (custom)
2019-10-03 14:20:14,803 [bff10409-08f6-4d81-9276-c68ae06c2fc9@group-B7D4842EC598-LeaderElection15] INFO  impl.RoleInfo (RoleInfo.java:updateAndGet(143)) - bff10409-08f6-4d81-9276-c68ae06c2fc9: start LeaderState
2019-10-03 14:20:14,804 [bff10409-08f6-4d81-9276-c68ae06c2fc9@group-B7D4842EC598-LeaderElection15] INFO  segmented.SegmentedRaftLogWorker (SegmentedRaftLogWorker.java:startLogSegment(385)) - bff10409-08f6-4d81-9276-c68ae06c2fc9@group-B7D4842EC598-SegmentedRaftLogWorker: Starting segment from index:0
2019-10-03 14:20:14,805 [bff10409-08f6-4d81-9276-c68ae06c2fc9@group-B7D4842EC598-LeaderElection15] INFO  impl.RaftServerImpl (ServerState.java:setRaftConf(356)) - bff10409-08f6-4d81-9276-c68ae06c2fc9@group-B7D4842EC598: set configuration 0: [bff10409-08f6-4d81-9276-c68ae06c2fc9:192.168.30.9:45525, 9aa8a181-5e95-4085-b2b9-b5640fe8e826:192.168.30.9:40497, e3fca03c-871d-4f2b-a590-0a6bc50ba34e:192.168.30.9:43919], old=null at 0
2019-10-03 14:20:14,842 [grpc-default-executor-3] INFO  impl.RaftServerImpl (RaftServerImpl.java:requestVote(754)) - bff10409-08f6-4d81-9276-c68ae06c2fc9@group-B7D4842EC598-   LEADER: Withhold vote from candidate e3fca03c-871d-4f2b-a590-0a6bc50ba34e with term 5. State: leader=bff10409-08f6-4d81-9276-c68ae06c2fc9, term=5, lastRpcElapsed=null
2019-10-03 14:20:14,845 [e3fca03c-871d-4f2b-a590-0a6bc50ba34e@group-B7D4842EC598-LeaderElection16] INFO  impl.LeaderElection (LeaderElection.java:logAndReturn(56)) - e3fca03c-871d-4f2b-a590-0a6bc50ba34e@group-B7D4842EC598-LeaderElection16: Election REJECTED; received 2 response(s) [e3fca03c-871d-4f2b-a590-0a6bc50ba34e<-9aa8a181-5e95-4085-b2b9-b5640fe8e826#0:FAIL-t5, e3fca03c-871d-4f2b-a590-0a6bc50ba34e<-bff10409-08f6-4d81-9276-c68ae06c2fc9#0:FAIL-t5] and 0 exception(s); e3fca03c-871d-4f2b-a590-0a6bc50ba34e@group-B7D4842EC598:t5, leader=null, voted=e3fca03c-871d-4f2b-a590-0a6bc50ba34e, raftlog=e3fca03c-871d-4f2b-a590-0a6bc50ba34e@group-B7D4842EC598-SegmentedRaftLog:OPENED:c-1,f-1,i0, conf=-1: [bff10409-08f6-4d81-9276-c68ae06c2fc9:192.168.30.9:45525, 9aa8a181-5e95-4085-b2b9-b5640fe8e826:192.168.30.9:40497, e3fca03c-871d-4f2b-a590-0a6bc50ba34e:192.168.30.9:43919], old=null
2019-10-03 14:20:14,845 [e3fca03c-871d-4f2b-a590-0a6bc50ba34e@group-B7D4842EC598-LeaderElection16] INFO  impl.RaftServerImpl (RaftServerImpl.java:setRole(170)) - e3fca03c-871d-4f2b-a590-0a6bc50ba34e@group-B7D4842EC598: changes role from CANDIDATE to FOLLOWER at term 5 for DISCOVERED_A_NEW_TERM
2019-10-03 14:20:14,845 [e3fca03c-871d-4f2b-a590-0a6bc50ba34e@group-B7D4842EC598-LeaderElection16] INFO  impl.RoleInfo (RoleInfo.java:shutdownLeaderElection(134)) - e3fca03c-871d-4f2b-a590-0a6bc50ba34e: shutdown LeaderElection
2019-10-03 14:20:14,846 [e3fca03c-871d-4f2b-a590-0a6bc50ba34e@group-B7D4842EC598-LeaderElection16] INFO  impl.RoleInfo (RoleInfo.java:updateAndGet(143)) - e3fca03c-871d-4f2b-a590-0a6bc50ba34e: start FollowerState
2019-10-03 14:20:14,863 [grpc-default-executor-3] INFO  impl.RaftServerImpl (ServerState.java:setLeader(255)) - e3fca03c-871d-4f2b-a590-0a6bc50ba34e@group-B7D4842EC598: change Leader from null to bff10409-08f6-4d81-9276-c68ae06c2fc9 at term 5 for appendEntries, leader elected after 20855ms
2019-10-03 14:20:14,864 [bff10409-08f6-4d81-9276-c68ae06c2fc9@group-B7D4842EC598-SegmentedRaftLogWorker] INFO  segmented.SegmentedRaftLogWorker (SegmentedRaftLogWorker.java:execute(574)) - bff10409-08f6-4d81-9276-c68ae06c2fc9@group-B7D4842EC598-SegmentedRaftLogWorker: created new log segment /workdir/hadoop-ozone/integration-test/target/test-dir/MiniOzoneClusterImpl-559a310c-7f81-4ef4-b30f-984a6e637ed4/datanode-3/data/ratis/e9048732-3b49-4b13-a574-b7d4842ec598/current/log_inprogress_0
2019-10-03 14:20:14,863 [grpc-default-executor-2] INFO  impl.RaftServerImpl (ServerState.java:setLeader(255)) - 9aa8a181-5e95-4085-b2b9-b5640fe8e826@group-B7D4842EC598: change Leader from null to bff10409-08f6-4d81-9276-c68ae06c2fc9 at term 5 for appendEntries, leader elected after 20855ms
2019-10-03 14:20:14,892 [grpc-default-executor-2] INFO  impl.RaftServerImpl (ServerState.java:setRaftConf(356)) - 9aa8a181-5e95-4085-b2b9-b5640fe8e826@group-B7D4842EC598: set configuration 0: [bff10409-08f6-4d81-9276-c68ae06c2fc9:192.168.30.9:45525, 9aa8a181-5e95-4085-b2b9-b5640fe8e826:192.168.30.9:40497, e3fca03c-871d-4f2b-a590-0a6bc50ba34e:192.168.30.9:43919], old=null at 0
2019-10-03 14:20:14,892 [grpc-default-executor-3] INFO  impl.RaftServerImpl (ServerState.java:setRaftConf(356)) - e3fca03c-871d-4f2b-a590-0a6bc50ba34e@group-B7D4842EC598: set configuration 0: [bff10409-08f6-4d81-9276-c68ae06c2fc9:192.168.30.9:45525, 9aa8a181-5e95-4085-b2b9-b5640fe8e826:192.168.30.9:40497, e3fca03c-871d-4f2b-a590-0a6bc50ba34e:192.168.30.9:43919], old=null at 0
2019-10-03 14:20:14,892 [grpc-default-executor-2] INFO  segmented.SegmentedRaftLogWorker (SegmentedRaftLogWorker.java:startLogSegment(385)) - 9aa8a181-5e95-4085-b2b9-b5640fe8e826@group-B7D4842EC598-SegmentedRaftLogWorker: Starting segment from index:0
2019-10-03 14:20:14,893 [grpc-default-executor-3] INFO  segmented.SegmentedRaftLogWorker (SegmentedRaftLogWorker.java:startLogSegment(385)) - e3fca03c-871d-4f2b-a590-0a6bc50ba34e@group-B7D4842EC598-SegmentedRaftLogWorker: Starting segment from index:0
2019-10-03 14:20:14,948 [e3fca03c-871d-4f2b-a590-0a6bc50ba34e@group-B7D4842EC598-SegmentedRaftLogWorker] INFO  segmented.SegmentedRaftLogWorker (SegmentedRaftLogWorker.java:execute(574)) - e3fca03c-871d-4f2b-a590-0a6bc50ba34e@group-B7D4842EC598-SegmentedRaftLogWorker: created new log segment /workdir/hadoop-ozone/integration-test/target/test-dir/MiniOzoneClusterImpl-559a310c-7f81-4ef4-b30f-984a6e637ed4/datanode-2/data/ratis/e9048732-3b49-4b13-a574-b7d4842ec598/current/log_inprogress_0
2019-10-03 14:20:14,948 [9aa8a181-5e95-4085-b2b9-b5640fe8e826@group-B7D4842EC598-SegmentedRaftLogWorker] INFO  segmented.SegmentedRaftLogWorker (SegmentedRaftLogWorker.java:execute(574)) - 9aa8a181-5e95-4085-b2b9-b5640fe8e826@group-B7D4842EC598-SegmentedRaftLogWorker: created new log segment /workdir/hadoop-ozone/integration-test/target/test-dir/MiniOzoneClusterImpl-559a310c-7f81-4ef4-b30f-984a6e637ed4/datanode-0/data/ratis/e9048732-3b49-4b13-a574-b7d4842ec598/current/log_inprogress_0
2019-10-03 14:20:16,269 [Thread-223] INFO  pipeline.SCMPipelineManager (SCMPipelineManager.java:finalizeAndDestroyPipeline(315)) - destroying pipeline:Pipeline[ Id: e9048732-3b49-4b13-a574-b7d4842ec598, Nodes: bff10409-08f6-4d81-9276-c68ae06c2fc9{ip: 192.168.30.9, host: pr-hdds-2216-wws87-2365029438, networkLocation: /rack1, certSerialId: null}e3fca03c-871d-4f2b-a590-0a6bc50ba34e{ip: 192.168.30.9, host: pr-hdds-2216-wws87-2365029438, networkLocation: /rack1, certSerialId: null}9aa8a181-5e95-4085-b2b9-b5640fe8e826{ip: 192.168.30.9, host: pr-hdds-2216-wws87-2365029438, networkLocation: /rack1, certSerialId: null}, Type:RATIS, Factor:THREE, State:OPEN]
2019-10-03 14:20:16,269 [Thread-223] INFO  pipeline.PipelineStateManager (PipelineStateManager.java:finalizePipeline(123)) - Pipeline Pipeline[ Id: e9048732-3b49-4b13-a574-b7d4842ec598, Nodes: bff10409-08f6-4d81-9276-c68ae06c2fc9{ip: 192.168.30.9, host: pr-hdds-2216-wws87-2365029438, networkLocation: /rack1, certSerialId: null}e3fca03c-871d-4f2b-a590-0a6bc50ba34e{ip: 192.168.30.9, host: pr-hdds-2216-wws87-2365029438, networkLocation: /rack1, certSerialId: null}9aa8a181-5e95-4085-b2b9-b5640fe8e826{ip: 192.168.30.9, host: pr-hdds-2216-wws87-2365029438, networkLocation: /rack1, certSerialId: null}, Type:RATIS, Factor:THREE, State:CLOSED] moved to CLOSED state
2019-10-03 14:20:16,270 [EventQueue-CloseContainerForCloseContainerEventHandler] INFO  container.CloseContainerEventHandler (CloseContainerEventHandler.java:onMessage(61)) - Close container Event triggered for container : #1
2019-10-03 14:20:17,050 [Datanode State Machine Thread - 0] INFO  statemachine.DatanodeStateMachine (DatanodeStateMachine.java:lambda$startDaemon$0(350)) - Ozone container server started.
2019-10-03 14:20:21,274 [Thread-223] INFO  ozoneimpl.OzoneContainer (OzoneContainer.java:stop(231)) - Attempting to stop container services.
2019-10-03 14:20:21,275 [Thread-223] INFO  impl.RaftServerProxy (RaftServerProxy.java:lambda$close$4(314)) - bff10409-08f6-4d81-9276-c68ae06c2fc9: close
2019-10-03 14:20:21,277 [Thread-223] INFO  impl.RaftServerImpl (RaftServerImpl.java:lambda$shutdown$3(247)) - bff10409-08f6-4d81-9276-c68ae06c2fc9@group-B7D4842EC598: shutdown
2019-10-03 14:20:21,277 [Thread-223] INFO  util.JmxRegister (JmxRegister.java:unregister(73)) - Successfully un-registered JMX Bean with object name Ratis:service=RaftServer,group=group-B7D4842EC598,id=bff10409-08f6-4d81-9276-c68ae06c2fc9
2019-10-03 14:20:21,277 [Thread-223] INFO  impl.RoleInfo (RoleInfo.java:shutdownLeaderState(104)) - bff10409-08f6-4d81-9276-c68ae06c2fc9: shutdown LeaderState
2019-10-03 14:20:21,281 [org.apache.ratis.server.impl.LogAppender$AppenderDaemon$$Lambda$519/72802358@5c067ec] WARN  server.GrpcLogAppender (GrpcLogAppender.java:mayWait(143)) - bff10409-08f6-4d81-9276-c68ae06c2fc9@group-B7D4842EC598->e3fca03c-871d-4f2b-a590-0a6bc50ba34e-GrpcLogAppender: Wait interrupted by java.lang.InterruptedException
2019-10-03 14:20:21,281 [org.apache.ratis.server.impl.LogAppender$AppenderDaemon$$Lambda$519/72802358@43f0d9e0] WARN  server.GrpcLogAppender (GrpcLogAppender.java:mayWait(143)) - bff10409-08f6-4d81-9276-c68ae06c2fc9@group-B7D4842EC598->9aa8a181-5e95-4085-b2b9-b5640fe8e826-GrpcLogAppender: Wait interrupted by java.lang.InterruptedException
2019-10-03 14:20:21,282 [Thread-223] INFO  impl.PendingRequests (PendingRequests.java:sendNotLeaderResponses(202)) - bff10409-08f6-4d81-9276-c68ae06c2fc9@group-B7D4842EC598-PendingRequests: sendNotLeaderResponses
2019-10-03 14:20:21,284 [grpc-default-executor-5] INFO  server.GrpcServerProtocolService (GrpcServerProtocolService.java:onCompleted(113)) - 9aa8a181-5e95-4085-b2b9-b5640fe8e826: Completed APPEND_ENTRIES, lastRequest: bff10409-08f6-4d81-9276-c68ae06c2fc9->9aa8a181-5e95-4085-b2b9-b5640fe8e826#7-t5, previous=(t:5, i:4), leaderCommit=4, initializing? false, entries: <empty>
2019-10-03 14:20:21,284 [grpc-default-executor-2] INFO  server.GrpcServerProtocolService (GrpcServerProtocolService.java:onCompleted(113)) - e3fca03c-871d-4f2b-a590-0a6bc50ba34e: Completed APPEND_ENTRIES, lastRequest: bff10409-08f6-4d81-9276-c68ae06c2fc9->e3fca03c-871d-4f2b-a590-0a6bc50ba34e#7-t5, previous=(t:5, i:4), leaderCommit=4, initializing? false, entries: <empty>
2019-10-03 14:20:21,286 [grpc-default-executor-2] INFO  server.GrpcLogAppender (GrpcLogAppender.java:onCompleted(293)) - bff10409-08f6-4d81-9276-c68ae06c2fc9@group-B7D4842EC598->9aa8a181-5e95-4085-b2b9-b5640fe8e826-AppendLogResponseHandler: follower responses appendEntries COMPLETED
2019-10-03 14:20:21,286 [grpc-default-executor-5] INFO  server.GrpcLogAppender (GrpcLogAppender.java:onCompleted(293)) - bff10409-08f6-4d81-9276-c68ae06c2fc9@group-B7D4842EC598->e3fca03c-871d-4f2b-a590-0a6bc50ba34e-AppendLogResponseHandler: follower responses appendEntries COMPLETED
2019-10-03 14:20:21,289 [Thread-223] INFO  impl.StateMachineUpdater (StateMachineUpdater.java:stopAndJoin(136)) - bff10409-08f6-4d81-9276-c68ae06c2fc9@group-B7D4842EC598-StateMachineUpdater: set stopIndex = 4
2019-10-03 14:20:21,294 [bff10409-08f6-4d81-9276-c68ae06c2fc9@group-B7D4842EC598-StateMachineUpdater] INFO  ratis.ContainerStateMachine (ContainerStateMachine.java:takeSnapshot(293)) - group-B7D4842EC598: Taking a snapshot at:(t:5, i:4) file /workdir/hadoop-ozone/integration-test/target/test-dir/MiniOzoneClusterImpl-559a310c-7f81-4ef4-b30f-984a6e637ed4/datanode-3/data/ratis/e9048732-3b49-4b13-a574-b7d4842ec598/sm/snapshot.5_4
2019-10-03 14:20:21,289 [grpc-default-executor-5] INFO  impl.FollowerInfo (FollowerInfo.java:lambda$new$0(51)) - bff10409-08f6-4d81-9276-c68ae06c2fc9@group-B7D4842EC598->e3fca03c-871d-4f2b-a590-0a6bc50ba34e: nextIndex: updateUnconditionally 5 -> 4
2019-10-03 14:20:21,289 [grpc-default-executor-2] INFO  impl.FollowerInfo (FollowerInfo.java:lambda$new$0(51)) - bff10409-08f6-4d81-9276-c68ae06c2fc9@group-B7D4842EC598->9aa8a181-5e95-4085-b2b9-b5640fe8e826: nextIndex: updateUnconditionally 5 -> 4
2019-10-03 14:20:21,334 [bff10409-08f6-4d81-9276-c68ae06c2fc9@group-B7D4842EC598-StateMachineUpdater] INFO  ratis.ContainerStateMachine (ContainerStateMachine.java:takeSnapshot(304)) - group-B7D4842EC598: Finished taking a snapshot at:(t:5, i:4) file:/workdir/hadoop-ozone/integration-test/target/test-dir/MiniOzoneClusterImpl-559a310c-7f81-4ef4-b30f-984a6e637ed4/datanode-3/data/ratis/e9048732-3b49-4b13-a574-b7d4842ec598/sm/snapshot.5_4 time:45
2019-10-03 14:20:21,336 [bff10409-08f6-4d81-9276-c68ae06c2fc9@group-B7D4842EC598-StateMachineUpdater] INFO  impl.StateMachineUpdater (StateMachineUpdater.java:takeSnapshot(269)) - bff10409-08f6-4d81-9276-c68ae06c2fc9@group-B7D4842EC598-StateMachineUpdater: Took a snapshot at index 4
2019-10-03 14:20:21,336 [bff10409-08f6-4d81-9276-c68ae06c2fc9@group-B7D4842EC598-StateMachineUpdater] INFO  impl.StateMachineUpdater (StateMachineUpdater.java:lambda$new$0(84)) - bff10409-08f6-4d81-9276-c68ae06c2fc9@group-B7D4842EC598-StateMachineUpdater: snapshotIndex: updateIncreasingly -1 -> 4
2019-10-03 14:20:21,340 [Thread-223] INFO  impl.RaftServerImpl (ServerState.java:close(387)) - bff10409-08f6-4d81-9276-c68ae06c2fc9@group-B7D4842EC598: closes. applyIndex: 4
2019-10-03 14:20:21,341 [bff10409-08f6-4d81-9276-c68ae06c2fc9@group-B7D4842EC598-SegmentedRaftLogWorker] INFO  segmented.SegmentedRaftLogWorker (SegmentedRaftLogWorker.java:run(316)) - bff10409-08f6-4d81-9276-c68ae06c2fc9@group-B7D4842EC598-SegmentedRaftLogWorker was interrupted, exiting. There are 0 tasks remaining in the queue.
2019-10-03 14:20:21,343 [Thread-223] INFO  segmented.SegmentedRaftLogWorker (SegmentedRaftLogWorker.java:close(224)) - bff10409-08f6-4d81-9276-c68ae06c2fc9@group-B7D4842EC598-SegmentedRaftLogWorker close()
2019-10-03 14:20:21,345 [Thread-223] INFO  impl.RaftServerImpl (RaftServerImpl.java:lambda$shutdown$3(247)) - bff10409-08f6-4d81-9276-c68ae06c2fc9@group-B437AA5F243E: shutdown
2019-10-03 14:20:21,346 [Thread-223] INFO  util.JmxRegister (JmxRegister.java:unregister(73)) - Successfully un-registered JMX Bean with object name Ratis:service=RaftServer,group=group-B437AA5F243E,id=bff10409-08f6-4d81-9276-c68ae06c2fc9
2019-10-03 14:20:21,346 [Thread-223] INFO  impl.RoleInfo (RoleInfo.java:shutdownLeaderState(104)) - bff10409-08f6-4d81-9276-c68ae06c2fc9: shutdown LeaderState
2019-10-03 14:20:21,346 [Thread-223] INFO  impl.PendingRequests (PendingRequests.java:sendNotLeaderResponses(202)) - bff10409-08f6-4d81-9276-c68ae06c2fc9@group-B437AA5F243E-PendingRequests: sendNotLeaderResponses
2019-10-03 14:20:21,347 [Thread-223] INFO  impl.StateMachineUpdater (StateMachineUpdater.java:stopAndJoin(136)) - bff10409-08f6-4d81-9276-c68ae06c2fc9@group-B437AA5F243E-StateMachineUpdater: set stopIndex = 0
2019-10-03 14:20:21,348 [Thread-223] INFO  impl.RaftServerImpl (ServerState.java:close(387)) - bff10409-08f6-4d81-9276-c68ae06c2fc9@group-B437AA5F243E: closes. applyIndex: 0
2019-10-03 14:20:21,348 [bff10409-08f6-4d81-9276-c68ae06c2fc9@group-B437AA5F243E-SegmentedRaftLogWorker] INFO  segmented.SegmentedRaftLogWorker (SegmentedRaftLogWorker.java:run(316)) - bff10409-08f6-4d81-9276-c68ae06c2fc9@group-B437AA5F243E-SegmentedRaftLogWorker was interrupted, exiting. There are 0 tasks remaining in the queue.
2019-10-03 14:20:21,349 [Thread-223] INFO  segmented.SegmentedRaftLogWorker (SegmentedRaftLogWorker.java:close(224)) - bff10409-08f6-4d81-9276-c68ae06c2fc9@group-B437AA5F243E-SegmentedRaftLogWorker close()
2019-10-03 14:20:21,352 [Thread-223] INFO  server.GrpcService (GrpcService.java:closeImpl(164)) - bff10409-08f6-4d81-9276-c68ae06c2fc9: shutdown server with port 45525 now
2019-10-03 14:20:21,355 [Thread-223] INFO  server.GrpcService (GrpcService.java:closeImpl(172)) - bff10409-08f6-4d81-9276-c68ae06c2fc9: shutdown server with port 45525 successfully
2019-10-03 14:20:21,361 [refreshUsed-/workdir/hadoop-ozone/integration-test/target/test-dir/MiniOzoneClusterImpl-559a310c-7f81-4ef4-b30f-984a6e637ed4/datanode-3/data/containers] WARN  fs.CachingGetSpaceUsed (CachingGetSpaceUsed.java:run(183)) - Thread Interrupted waiting to refresh disk information: sleep interrupted
2019-10-03 14:20:21,375 [Thread-223] INFO  utils.BackgroundService (BackgroundService.java:shutdown(148)) - Shutting down service BlockDeletingService
2019-10-03 14:20:21,379 [Thread-223] INFO  statemachine.DatanodeStateMachine (DatanodeStateMachine.java:stopDaemon(395)) - Ozone container server stopped.
2019-10-03 14:20:21,386 [Thread-223] INFO  handler.ContextHandler (ContextHandler.java:doStop(910)) - Stopped o.e.j.w.WebAppContext@4c86da0c{/,null,UNAVAILABLE}{/hddsDatanode}
2019-10-03 14:20:21,391 [Thread-223] INFO  server.AbstractConnector (AbstractConnector.java:doStop(318)) - Stopped ServerConnector@5d97caa4{HTTP/1.1,[http/1.1]}{0.0.0.0:0}
2019-10-03 14:20:21,393 [Thread-223] INFO  handler.ContextHandler (ContextHandler.java:doStop(910)) - Stopped o.e.j.s.ServletContextHandler@376c7d7d{/static,jar:file:/home/user/.m2/repository/org/apache/hadoop/hadoop-hdds-container-service/0.5.0-SNAPSHOT/hadoop-hdds-container-service-0.5.0-SNAPSHOT.jar!/webapps/static,UNAVAILABLE}
2019-10-03 14:20:21,395 [Thread-223] INFO  handler.ContextHandler (ContextHandler.java:doStop(910)) - Stopped o.e.j.s.ServletContextHandler@69d23296{/logs,file:///workdir/hadoop-ozone/integration-test/target/log,UNAVAILABLE}
2019-10-03 14:20:26,400 [ReplicationMonitor] INFO  container.ReplicationManager (ReplicationManager.java:sendCloseCommand(659)) - Sending close container command for container #1 to datanode e3fca03c-871d-4f2b-a590-0a6bc50ba34e{ip: 192.168.30.9, host: pr-hdds-2216-wws87-2365029438, networkLocation: /rack1, certSerialId: null}.
2019-10-03 14:20:26,400 [ReplicationMonitor] INFO  container.ReplicationManager (ReplicationManager.java:sendCloseCommand(659)) - Sending close container command for container #1 to datanode 9aa8a181-5e95-4085-b2b9-b5640fe8e826{ip: 192.168.30.9, host: pr-hdds-2216-wws87-2365029438, networkLocation: /rack1, certSerialId: null}.
2019-10-03 14:20:26,401 [ReplicationMonitor] INFO  container.ReplicationManager (ReplicationManager.java:sendCloseCommand(659)) - Sending close container command for container #1 to datanode bff10409-08f6-4d81-9276-c68ae06c2fc9{ip: 192.168.30.9, host: pr-hdds-2216-wws87-2365029438, networkLocation: /rack1, certSerialId: null}.
2019-10-03 14:20:26,401 [ReplicationMonitor] INFO  container.ReplicationManager (ReplicationManager.java:run(225)) - Replication Monitor Thread took 4 milliseconds for processing 1 containers.
2019-10-03 14:20:30,060 [Thread-323] INFO  impl.FollowerState (FollowerState.java:run(108)) - e3fca03c-871d-4f2b-a590-0a6bc50ba34e@group-B7D4842EC598-FollowerState: change to CANDIDATE, lastRpcTime:8903ms, electionTimeout:5080ms
2019-10-03 14:20:30,062 [Thread-323] INFO  impl.RoleInfo (RoleInfo.java:shutdownFollowerState(121)) - e3fca03c-871d-4f2b-a590-0a6bc50ba34e: shutdown FollowerState
2019-10-03 14:20:30,063 [Thread-323] INFO  impl.RaftServerImpl (RaftServerImpl.java:setRole(170)) - e3fca03c-871d-4f2b-a590-0a6bc50ba34e@group-B7D4842EC598: changes role from  FOLLOWER to CANDIDATE at term 5 for changeToCandidate
2019-10-03 14:20:30,064 [Thread-323] INFO  impl.RoleInfo (RoleInfo.java:updateAndGet(143)) - e3fca03c-871d-4f2b-a590-0a6bc50ba34e: start LeaderElection
2019-10-03 14:20:30,073 [Thread-315] INFO  impl.FollowerState (FollowerState.java:run(108)) - 9aa8a181-5e95-4085-b2b9-b5640fe8e826@group-B7D4842EC598-FollowerState: change to CANDIDATE, lastRpcTime:8916ms, electionTimeout:5048ms
2019-10-03 14:20:30,073 [Thread-315] INFO  impl.RoleInfo (RoleInfo.java:shutdownFollowerState(121)) - 9aa8a181-5e95-4085-b2b9-b5640fe8e826: shutdown FollowerState
2019-10-03 14:20:30,073 [Thread-315] INFO  impl.RaftServerImpl (RaftServerImpl.java:setRole(170)) - 9aa8a181-5e95-4085-b2b9-b5640fe8e826@group-B7D4842EC598: changes role from  FOLLOWER to CANDIDATE at term 5 for changeToCandidate
2019-10-03 14:20:30,073 [e3fca03c-871d-4f2b-a590-0a6bc50ba34e@group-B7D4842EC598-LeaderElection17] INFO  impl.RaftServerImpl (ServerState.java:setLeader(255)) - e3fca03c-871d-4f2b-a590-0a6bc50ba34e@group-B7D4842EC598: change Leader from bff10409-08f6-4d81-9276-c68ae06c2fc9 to null at term 5 for initElection
2019-10-03 14:20:30,073 [Thread-315] INFO  impl.RoleInfo (RoleInfo.java:updateAndGet(143)) - 9aa8a181-5e95-4085-b2b9-b5640fe8e826: start LeaderElection
2019-10-03 14:20:30,074 [9aa8a181-5e95-4085-b2b9-b5640fe8e826@group-B7D4842EC598-LeaderElection18] INFO  impl.RaftServerImpl (ServerState.java:setLeader(255)) - 9aa8a181-5e95-4085-b2b9-b5640fe8e826@group-B7D4842EC598: change Leader from bff10409-08f6-4d81-9276-c68ae06c2fc9 to null at term 5 for initElection
2019-10-03 14:20:30,113 [e3fca03c-871d-4f2b-a590-0a6bc50ba34e@group-B7D4842EC598-LeaderElection17] INFO  impl.LeaderElection (LeaderElection.java:askForVotes(178)) - e3fca03c-871d-4f2b-a590-0a6bc50ba34e@group-B7D4842EC598-LeaderElection17: begin an election at term 6 for 0: [bff10409-08f6-4d81-9276-c68ae06c2fc9:192.168.30.9:45525, 9aa8a181-5e95-4085-b2b9-b5640fe8e826:192.168.30.9:40497, e3fca03c-871d-4f2b-a590-0a6bc50ba34e:192.168.30.9:43919], old=null
2019-10-03 14:20:30,113 [9aa8a181-5e95-4085-b2b9-b5640fe8e826@group-B7D4842EC598-LeaderElection18] INFO  impl.LeaderElection (LeaderElection.java:askForVotes(178)) - 9aa8a181-5e95-4085-b2b9-b5640fe8e826@group-B7D4842EC598-LeaderElection18: begin an election at term 6 for 0: [bff10409-08f6-4d81-9276-c68ae06c2fc9:192.168.30.9:45525, 9aa8a181-5e95-4085-b2b9-b5640fe8e826:192.168.30.9:40497, e3fca03c-871d-4f2b-a590-0a6bc50ba34e:192.168.30.9:43919], old=null
2019-10-03 14:20:30,141 [e3fca03c-871d-4f2b-a590-0a6bc50ba34e@group-B7D4842EC598-LeaderElection17] INFO  impl.LeaderElection (LogUtils.java:infoOrTrace(149)) - e3fca03c-871d-4f2b-a590-0a6bc50ba34e@group-B7D4842EC598-LeaderElection17 got exception when requesting votes: {}
java.util.concurrent.ExecutionException: org.apache.ratis.thirdparty.io.grpc.StatusRuntimeException: UNAVAILABLE: io exception
	at java.util.concurrent.FutureTask.report(FutureTask.java:122)
	at java.util.concurrent.FutureTask.get(FutureTask.java:192)
	at org.apache.ratis.server.impl.LeaderElection.waitForResults(LeaderElection.java:259)
	at org.apache.ratis.server.impl.LeaderElection.askForVotes(LeaderElection.java:197)
	at org.apache.ratis.server.impl.LeaderElection.run(LeaderElection.java:133)
	at java.lang.Thread.run(Thread.java:748)
Caused by: org.apache.ratis.thirdparty.io.grpc.StatusRuntimeException: UNAVAILABLE: io exception
	at org.apache.ratis.thirdparty.io.grpc.stub.ClientCalls.toStatusRuntimeException(ClientCalls.java:233)
	at org.apache.ratis.thirdparty.io.grpc.stub.ClientCalls.getUnchecked(ClientCalls.java:214)
	at org.apache.ratis.thirdparty.io.grpc.stub.ClientCalls.blockingUnaryCall(ClientCalls.java:139)
	at org.apache.ratis.proto.grpc.RaftServerProtocolServiceGrpc$RaftServerProtocolServiceBlockingStub.requestVote(RaftServerProtocolServiceGrpc.java:265)
	at org.apache.ratis.grpc.server.GrpcServerProtocolClient.requestVote(GrpcServerProtocolClient.java:99)
	at org.apache.ratis.grpc.server.GrpcService.requestVote(GrpcService.java:204)
	at org.apache.ratis.server.impl.LeaderElection.lambda$submitRequests$1(LeaderElection.java:234)
	at java.util.concurrent.FutureTask.run(FutureTask.java:266)
	at java.util.concurrent.Executors$RunnableAdapter.call(Executors.java:511)
	at java.util.concurrent.FutureTask.run(FutureTask.java:266)
	at java.util.concurrent.ThreadPoolExecutor.runWorker(ThreadPoolExecutor.java:1149)
	at java.util.concurrent.ThreadPoolExecutor$Worker.run(ThreadPoolExecutor.java:624)
	... 1 more
Caused by: org.apache.ratis.thirdparty.io.netty.channel.AbstractChannel$AnnotatedConnectException: Connection refused: /192.168.30.9:45525
	at sun.nio.ch.SocketChannelImpl.checkConnect(Native Method)
	at sun.nio.ch.SocketChannelImpl.finishConnect(SocketChannelImpl.java:717)
	at org.apache.ratis.thirdparty.io.netty.channel.socket.nio.NioSocketChannel.doFinishConnect(NioSocketChannel.java:327)
	at org.apache.ratis.thirdparty.io.netty.channel.nio.AbstractNioChannel$AbstractNioUnsafe.finishConnect(AbstractNioChannel.java:340)
	at org.apache.ratis.thirdparty.io.netty.channel.nio.NioEventLoop.processSelectedKey(NioEventLoop.java:632)
	at org.apache.ratis.thirdparty.io.netty.channel.nio.NioEventLoop.processSelectedKeysOptimized(NioEventLoop.java:579)
	at org.apache.ratis.thirdparty.io.netty.channel.nio.NioEventLoop.processSelectedKeys(NioEventLoop.java:496)
	at org.apache.ratis.thirdparty.io.netty.channel.nio.NioEventLoop.run(NioEventLoop.java:458)
	at org.apache.ratis.thirdparty.io.netty.util.concurrent.SingleThreadEventExecutor$5.run(SingleThreadEventExecutor.java:897)
	at org.apache.ratis.thirdparty.io.netty.util.concurrent.FastThreadLocalRunnable.run(FastThreadLocalRunnable.java:30)
	... 1 more
Caused by: java.net.ConnectException: Connection refused
	... 11 more
2019-10-03 14:20:30,141 [9aa8a181-5e95-4085-b2b9-b5640fe8e826@group-B7D4842EC598-LeaderElection18] INFO  impl.LeaderElection (LogUtils.java:infoOrTrace(149)) - 9aa8a181-5e95-4085-b2b9-b5640fe8e826@group-B7D4842EC598-LeaderElection18 got exception when requesting votes: {}
java.util.concurrent.ExecutionException: org.apache.ratis.thirdparty.io.grpc.StatusRuntimeException: UNAVAILABLE: io exception
	at java.util.concurrent.FutureTask.report(FutureTask.java:122)
	at java.util.concurrent.FutureTask.get(FutureTask.java:192)
	at org.apache.ratis.server.impl.LeaderElection.waitForResults(LeaderElection.java:259)
	at org.apache.ratis.server.impl.LeaderElection.askForVotes(LeaderElection.java:197)
	at org.apache.ratis.server.impl.LeaderElection.run(LeaderElection.java:133)
	at java.lang.Thread.run(Thread.java:748)
Caused by: org.apache.ratis.thirdparty.io.grpc.StatusRuntimeException: UNAVAILABLE: io exception
	at org.apache.ratis.thirdparty.io.grpc.stub.ClientCalls.toStatusRuntimeException(ClientCalls.java:233)
	at org.apache.ratis.thirdparty.io.grpc.stub.ClientCalls.getUnchecked(ClientCalls.java:214)
	at org.apache.ratis.thirdparty.io.grpc.stub.ClientCalls.blockingUnaryCall(ClientCalls.java:139)
	at org.apache.ratis.proto.grpc.RaftServerProtocolServiceGrpc$RaftServerProtocolServiceBlockingStub.requestVote(RaftServerProtocolServiceGrpc.java:265)
	at org.apache.ratis.grpc.server.GrpcServerProtocolClient.requestVote(GrpcServerProtocolClient.java:99)
	at org.apache.ratis.grpc.server.GrpcService.requestVote(GrpcService.java:204)
	at org.apache.ratis.server.impl.LeaderElection.lambda$submitRequests$1(LeaderElection.java:234)
	at java.util.concurrent.FutureTask.run(FutureTask.java:266)
	at java.util.concurrent.Executors$RunnableAdapter.call(Executors.java:511)
	at java.util.concurrent.FutureTask.run(FutureTask.java:266)
	at java.util.concurrent.ThreadPoolExecutor.runWorker(ThreadPoolExecutor.java:1149)
	at java.util.concurrent.ThreadPoolExecutor$Worker.run(ThreadPoolExecutor.java:624)
	... 1 more
Caused by: org.apache.ratis.thirdparty.io.netty.channel.AbstractChannel$AnnotatedConnectException: Connection refused: /192.168.30.9:45525
	at sun.nio.ch.SocketChannelImpl.checkConnect(Native Method)
	at sun.nio.ch.SocketChannelImpl.finishConnect(SocketChannelImpl.java:717)
	at org.apache.ratis.thirdparty.io.netty.channel.socket.nio.NioSocketChannel.doFinishConnect(NioSocketChannel.java:327)
	at org.apache.ratis.thirdparty.io.netty.channel.nio.AbstractNioChannel$AbstractNioUnsafe.finishConnect(AbstractNioChannel.java:340)
	at org.apache.ratis.thirdparty.io.netty.channel.nio.NioEventLoop.processSelectedKey(NioEventLoop.java:632)
	at org.apache.ratis.thirdparty.io.netty.channel.nio.NioEventLoop.processSelectedKeysOptimized(NioEventLoop.java:579)
	at org.apache.ratis.thirdparty.io.netty.channel.nio.NioEventLoop.processSelectedKeys(NioEventLoop.java:496)
	at org.apache.ratis.thirdparty.io.netty.channel.nio.NioEventLoop.run(NioEventLoop.java:458)
	at org.apache.ratis.thirdparty.io.netty.util.concurrent.SingleThreadEventExecutor$5.run(SingleThreadEventExecutor.java:897)
	at org.apache.ratis.thirdparty.io.netty.util.concurrent.FastThreadLocalRunnable.run(FastThreadLocalRunnable.java:30)
	... 1 more
Caused by: java.net.ConnectException: Connection refused
	... 11 more
2019-10-03 14:20:30,144 [e3fca03c-871d-4f2b-a590-0a6bc50ba34e@group-B7D4842EC598-LeaderElection17] INFO  impl.LeaderElection (LeaderElection.java:logAndReturn(56)) - e3fca03c-871d-4f2b-a590-0a6bc50ba34e@group-B7D4842EC598-LeaderElection17: Election REJECTED; received 1 response(s) [e3fca03c-871d-4f2b-a590-0a6bc50ba34e<-9aa8a181-5e95-4085-b2b9-b5640fe8e826#0:FAIL-t6] and 1 exception(s); e3fca03c-871d-4f2b-a590-0a6bc50ba34e@group-B7D4842EC598:t6, leader=null, voted=e3fca03c-871d-4f2b-a590-0a6bc50ba34e, raftlog=e3fca03c-871d-4f2b-a590-0a6bc50ba34e@group-B7D4842EC598-SegmentedRaftLog:OPENED:c4,f4,i4, conf=0: [bff10409-08f6-4d81-9276-c68ae06c2fc9:192.168.30.9:45525, 9aa8a181-5e95-4085-b2b9-b5640fe8e826:192.168.30.9:40497, e3fca03c-871d-4f2b-a590-0a6bc50ba34e:192.168.30.9:43919], old=null
2019-10-03 14:20:30,144 [9aa8a181-5e95-4085-b2b9-b5640fe8e826@group-B7D4842EC598-LeaderElection18] INFO  impl.LeaderElection (LeaderElection.java:logAndReturn(56)) - 9aa8a181-5e95-4085-b2b9-b5640fe8e826@group-B7D4842EC598-LeaderElection18: Election REJECTED; received 1 response(s) [9aa8a181-5e95-4085-b2b9-b5640fe8e826<-e3fca03c-871d-4f2b-a590-0a6bc50ba34e#0:FAIL-t6] and 1 exception(s); 9aa8a181-5e95-4085-b2b9-b5640fe8e826@group-B7D4842EC598:t6, leader=null, voted=9aa8a181-5e95-4085-b2b9-b5640fe8e826, raftlog=9aa8a181-5e95-4085-b2b9-b5640fe8e826@group-B7D4842EC598-SegmentedRaftLog:OPENED:c4,f4,i4, conf=0: [bff10409-08f6-4d81-9276-c68ae06c2fc9:192.168.30.9:45525, 9aa8a181-5e95-4085-b2b9-b5640fe8e826:192.168.30.9:40497, e3fca03c-871d-4f2b-a590-0a6bc50ba34e:192.168.30.9:43919], old=null
2019-10-03 14:20:30,145 [e3fca03c-871d-4f2b-a590-0a6bc50ba34e@group-B7D4842EC598-LeaderElection17] INFO  impl.LeaderElection (LogUtils.java:infoOrTrace(149)) -   Exception 0: {}
java.util.concurrent.ExecutionException: org.apache.ratis.thirdparty.io.grpc.StatusRuntimeException: UNAVAILABLE: io exception
	at java.util.concurrent.FutureTask.report(FutureTask.java:122)
	at java.util.concurrent.FutureTask.get(FutureTask.java:192)
	at org.apache.ratis.server.impl.LeaderElection.waitForResults(LeaderElection.java:259)
	at org.apache.ratis.server.impl.LeaderElection.askForVotes(LeaderElection.java:197)
	at org.apache.ratis.server.impl.LeaderElection.run(LeaderElection.java:133)
	at java.lang.Thread.run(Thread.java:748)
Caused by: org.apache.ratis.thirdparty.io.grpc.StatusRuntimeException: UNAVAILABLE: io exception
	at org.apache.ratis.thirdparty.io.grpc.stub.ClientCalls.toStatusRuntimeException(ClientCalls.java:233)
	at org.apache.ratis.thirdparty.io.grpc.stub.ClientCalls.getUnchecked(ClientCalls.java:214)
	at org.apache.ratis.thirdparty.io.grpc.stub.ClientCalls.blockingUnaryCall(ClientCalls.java:139)
	at org.apache.ratis.proto.grpc.RaftServerProtocolServiceGrpc$RaftServerProtocolServiceBlockingStub.requestVote(RaftServerProtocolServiceGrpc.java:265)
	at org.apache.ratis.grpc.server.GrpcServerProtocolClient.requestVote(GrpcServerProtocolClient.java:99)
	at org.apache.ratis.grpc.server.GrpcService.requestVote(GrpcService.java:204)
	at org.apache.ratis.server.impl.LeaderElection.lambda$submitRequests$1(LeaderElection.java:234)
	at java.util.concurrent.FutureTask.run(FutureTask.java:266)
	at java.util.concurrent.Executors$RunnableAdapter.call(Executors.java:511)
	at java.util.concurrent.FutureTask.run(FutureTask.java:266)
	at java.util.concurrent.ThreadPoolExecutor.runWorker(ThreadPoolExecutor.java:1149)
	at java.util.concurrent.ThreadPoolExecutor$Worker.run(ThreadPoolExecutor.java:624)
	... 1 more
Caused by: org.apache.ratis.thirdparty.io.netty.channel.AbstractChannel$AnnotatedConnectException: Connection refused: /192.168.30.9:45525
	at sun.nio.ch.SocketChannelImpl.checkConnect(Native Method)
	at sun.nio.ch.SocketChannelImpl.finishConnect(SocketChannelImpl.java:717)
	at org.apache.ratis.thirdparty.io.netty.channel.socket.nio.NioSocketChannel.doFinishConnect(NioSocketChannel.java:327)
	at org.apache.ratis.thirdparty.io.netty.channel.nio.AbstractNioChannel$AbstractNioUnsafe.finishConnect(AbstractNioChannel.java:340)
	at org.apache.ratis.thirdparty.io.netty.channel.nio.NioEventLoop.processSelectedKey(NioEventLoop.java:632)
	at org.apache.ratis.thirdparty.io.netty.channel.nio.NioEventLoop.processSelectedKeysOptimized(NioEventLoop.java:579)
	at org.apache.ratis.thirdparty.io.netty.channel.nio.NioEventLoop.processSelectedKeys(NioEventLoop.java:496)
	at org.apache.ratis.thirdparty.io.netty.channel.nio.NioEventLoop.run(NioEventLoop.java:458)
	at org.apache.ratis.thirdparty.io.netty.util.concurrent.SingleThreadEventExecutor$5.run(SingleThreadEventExecutor.java:897)
	at org.apache.ratis.thirdparty.io.netty.util.concurrent.FastThreadLocalRunnable.run(FastThreadLocalRunnable.java:30)
	... 1 more
Caused by: java.net.ConnectException: Connection refused
	... 11 more
2019-10-03 14:20:30,145 [9aa8a181-5e95-4085-b2b9-b5640fe8e826@group-B7D4842EC598-LeaderElection18] INFO  impl.LeaderElection (LogUtils.java:infoOrTrace(149)) -   Exception 0: {}
java.util.concurrent.ExecutionException: org.apache.ratis.thirdparty.io.grpc.StatusRuntimeException: UNAVAILABLE: io exception
	at java.util.concurrent.FutureTask.report(FutureTask.java:122)
	at java.util.concurrent.FutureTask.get(FutureTask.java:192)
	at org.apache.ratis.server.impl.LeaderElection.waitForResults(LeaderElection.java:259)
	at org.apache.ratis.server.impl.LeaderElection.askForVotes(LeaderElection.java:197)
	at org.apache.ratis.server.impl.LeaderElection.run(LeaderElection.java:133)
	at java.lang.Thread.run(Thread.java:748)
Caused by: org.apache.ratis.thirdparty.io.grpc.StatusRuntimeException: UNAVAILABLE: io exception
	at org.apache.ratis.thirdparty.io.grpc.stub.ClientCalls.toStatusRuntimeException(ClientCalls.java:233)
	at org.apache.ratis.thirdparty.io.grpc.stub.ClientCalls.getUnchecked(ClientCalls.java:214)
	at org.apache.ratis.thirdparty.io.grpc.stub.ClientCalls.blockingUnaryCall(ClientCalls.java:139)
	at org.apache.ratis.proto.grpc.RaftServerProtocolServiceGrpc$RaftServerProtocolServiceBlockingStub.requestVote(RaftServerProtocolServiceGrpc.java:265)
	at org.apache.ratis.grpc.server.GrpcServerProtocolClient.requestVote(GrpcServerProtocolClient.java:99)
	at org.apache.ratis.grpc.server.GrpcService.requestVote(GrpcService.java:204)
	at org.apache.ratis.server.impl.LeaderElection.lambda$submitRequests$1(LeaderElection.java:234)
	at java.util.concurrent.FutureTask.run(FutureTask.java:266)
	at java.util.concurrent.Executors$RunnableAdapter.call(Executors.java:511)
	at java.util.concurrent.FutureTask.run(FutureTask.java:266)
	at java.util.concurrent.ThreadPoolExecutor.runWorker(ThreadPoolExecutor.java:1149)
	at java.util.concurrent.ThreadPoolExecutor$Worker.run(ThreadPoolExecutor.java:624)
	... 1 more
Caused by: org.apache.ratis.thirdparty.io.netty.channel.AbstractChannel$AnnotatedConnectException: Connection refused: /192.168.30.9:45525
	at sun.nio.ch.SocketChannelImpl.checkConnect(Native Method)
	at sun.nio.ch.SocketChannelImpl.finishConnect(SocketChannelImpl.java:717)
	at org.apache.ratis.thirdparty.io.netty.channel.socket.nio.NioSocketChannel.doFinishConnect(NioSocketChannel.java:327)
	at org.apache.ratis.thirdparty.io.netty.channel.nio.AbstractNioChannel$AbstractNioUnsafe.finishConnect(AbstractNioChannel.java:340)
	at org.apache.ratis.thirdparty.io.netty.channel.nio.NioEventLoop.processSelectedKey(NioEventLoop.java:632)
	at org.apache.ratis.thirdparty.io.netty.channel.nio.NioEventLoop.processSelectedKeysOptimized(NioEventLoop.java:579)
	at org.apache.ratis.thirdparty.io.netty.channel.nio.NioEventLoop.processSelectedKeys(NioEventLoop.java:496)
	at org.apache.ratis.thirdparty.io.netty.channel.nio.NioEventLoop.run(NioEventLoop.java:458)
	at org.apache.ratis.thirdparty.io.netty.util.concurrent.SingleThreadEventExecutor$5.run(SingleThreadEventExecutor.java:897)
	at org.apache.ratis.thirdparty.io.netty.util.concurrent.FastThreadLocalRunnable.run(FastThreadLocalRunnable.java:30)
	... 1 more
Caused by: java.net.ConnectException: Connection refused
	... 11 more
2019-10-03 14:20:30,147 [e3fca03c-871d-4f2b-a590-0a6bc50ba34e@group-B7D4842EC598-LeaderElection17] INFO  impl.RaftServerImpl (RaftServerImpl.java:setRole(170)) - e3fca03c-871d-4f2b-a590-0a6bc50ba34e@group-B7D4842EC598: changes role from CANDIDATE to FOLLOWER at term 6 for DISCOVERED_A_NEW_TERM
2019-10-03 14:20:30,147 [9aa8a181-5e95-4085-b2b9-b5640fe8e826@group-B7D4842EC598-LeaderElection18] INFO  impl.RaftServerImpl (RaftServerImpl.java:setRole(170)) - 9aa8a181-5e95-4085-b2b9-b5640fe8e826@group-B7D4842EC598: changes role from CANDIDATE to FOLLOWER at term 6 for DISCOVERED_A_NEW_TERM
2019-10-03 14:20:30,147 [e3fca03c-871d-4f2b-a590-0a6bc50ba34e@group-B7D4842EC598-LeaderElection17] INFO  impl.RoleInfo (RoleInfo.java:shutdownLeaderElection(134)) - e3fca03c-871d-4f2b-a590-0a6bc50ba34e: shutdown LeaderElection
2019-10-03 14:20:30,147 [9aa8a181-5e95-4085-b2b9-b5640fe8e826@group-B7D4842EC598-LeaderElection18] INFO  impl.RoleInfo (RoleInfo.java:shutdownLeaderElection(134)) - 9aa8a181-5e95-4085-b2b9-b5640fe8e826: shutdown LeaderElection
2019-10-03 14:20:30,147 [e3fca03c-871d-4f2b-a590-0a6bc50ba34e@group-B7D4842EC598-LeaderElection17] INFO  impl.RoleInfo (RoleInfo.java:updateAndGet(143)) - e3fca03c-871d-4f2b-a590-0a6bc50ba34e: start FollowerState
2019-10-03 14:20:30,147 [9aa8a181-5e95-4085-b2b9-b5640fe8e826@group-B7D4842EC598-LeaderElection18] INFO  impl.RoleInfo (RoleInfo.java:updateAndGet(143)) - 9aa8a181-5e95-4085-b2b9-b5640fe8e826: start FollowerState
2019-10-03 14:20:35,196 [Thread-362] INFO  impl.FollowerState (FollowerState.java:run(108)) - 9aa8a181-5e95-4085-b2b9-b5640fe8e826@group-B7D4842EC598-FollowerState: change to CANDIDATE, lastRpcTime:5048ms, electionTimeout:5048ms
2019-10-03 14:20:35,197 [Thread-362] INFO  impl.RoleInfo (RoleInfo.java:shutdownFollowerState(121)) - 9aa8a181-5e95-4085-b2b9-b5640fe8e826: shutdown FollowerState
2019-10-03 14:20:35,197 [Thread-362] INFO  impl.RaftServerImpl (RaftServerImpl.java:setRole(170)) - 9aa8a181-5e95-4085-b2b9-b5640fe8e826@group-B7D4842EC598: changes role from  FOLLOWER to CANDIDATE at term 6 for changeToCandidate
2019-10-03 14:20:35,201 [Thread-362] INFO  impl.RoleInfo (RoleInfo.java:updateAndGet(143)) - 9aa8a181-5e95-4085-b2b9-b5640fe8e826: start LeaderElection
2019-10-03 14:20:35,237 [9aa8a181-5e95-4085-b2b9-b5640fe8e826@group-B7D4842EC598-LeaderElection19] INFO  impl.LeaderElection (LeaderElection.java:askForVotes(178)) - 9aa8a181-5e95-4085-b2b9-b5640fe8e826@group-B7D4842EC598-LeaderElection19: begin an election at term 7 for 0: [bff10409-08f6-4d81-9276-c68ae06c2fc9:192.168.30.9:45525, 9aa8a181-5e95-4085-b2b9-b5640fe8e826:192.168.30.9:40497, e3fca03c-871d-4f2b-a590-0a6bc50ba34e:192.168.30.9:43919], old=null
2019-10-03 14:20:35,239 [9aa8a181-5e95-4085-b2b9-b5640fe8e826@group-B7D4842EC598-LeaderElection19] INFO  impl.LeaderElection (LogUtils.java:infoOrTrace(149)) - 9aa8a181-5e95-4085-b2b9-b5640fe8e826@group-B7D4842EC598-LeaderElection19 got exception when requesting votes: {}
java.util.concurrent.ExecutionException: org.apache.ratis.thirdparty.io.grpc.StatusRuntimeException: UNAVAILABLE: io exception
	at java.util.concurrent.FutureTask.report(FutureTask.java:122)
	at java.util.concurrent.FutureTask.get(FutureTask.java:192)
	at org.apache.ratis.server.impl.LeaderElection.waitForResults(LeaderElection.java:259)
	at org.apache.ratis.server.impl.LeaderElection.askForVotes(LeaderElection.java:197)
	at org.apache.ratis.server.impl.LeaderElection.run(LeaderElection.java:133)
	at java.lang.Thread.run(Thread.java:748)
Caused by: org.apache.ratis.thirdparty.io.grpc.StatusRuntimeException: UNAVAILABLE: io exception
	at org.apache.ratis.thirdparty.io.grpc.stub.ClientCalls.toStatusRuntimeException(ClientCalls.java:233)
	at org.apache.ratis.thirdparty.io.grpc.stub.ClientCalls.getUnchecked(ClientCalls.java:214)
	at org.apache.ratis.thirdparty.io.grpc.stub.ClientCalls.blockingUnaryCall(ClientCalls.java:139)
	at org.apache.ratis.proto.grpc.RaftServerProtocolServiceGrpc$RaftServerProtocolServiceBlockingStub.requestVote(RaftServerProtocolServiceGrpc.java:265)
	at org.apache.ratis.grpc.server.GrpcServerProtocolClient.requestVote(GrpcServerProtocolClient.java:99)
	at org.apache.ratis.grpc.server.GrpcService.requestVote(GrpcService.java:204)
	at org.apache.ratis.server.impl.LeaderElection.lambda$submitRequests$1(LeaderElection.java:234)
	at java.util.concurrent.FutureTask.run(FutureTask.java:266)
	at java.util.concurrent.Executors$RunnableAdapter.call(Executors.java:511)
	at java.util.concurrent.FutureTask.run(FutureTask.java:266)
	at java.util.concurrent.ThreadPoolExecutor.runWorker(ThreadPoolExecutor.java:1149)
	at java.util.concurrent.ThreadPoolExecutor$Worker.run(ThreadPoolExecutor.java:624)
	... 1 more
Caused by: org.apache.ratis.thirdparty.io.netty.channel.AbstractChannel$AnnotatedConnectException: Connection refused: /192.168.30.9:45525
	at sun.nio.ch.SocketChannelImpl.checkConnect(Native Method)
	at sun.nio.ch.SocketChannelImpl.finishConnect(SocketChannelImpl.java:717)
	at org.apache.ratis.thirdparty.io.netty.channel.socket.nio.NioSocketChannel.doFinishConnect(NioSocketChannel.java:327)
	at org.apache.ratis.thirdparty.io.netty.channel.nio.AbstractNioChannel$AbstractNioUnsafe.finishConnect(AbstractNioChannel.java:340)
	at org.apache.ratis.thirdparty.io.netty.channel.nio.NioEventLoop.processSelectedKey(NioEventLoop.java:632)
	at org.apache.ratis.thirdparty.io.netty.channel.nio.NioEventLoop.processSelectedKeysOptimized(NioEventLoop.java:579)
	at org.apache.ratis.thirdparty.io.netty.channel.nio.NioEventLoop.processSelectedKeys(NioEventLoop.java:496)
	at org.apache.ratis.thirdparty.io.netty.channel.nio.NioEventLoop.run(NioEventLoop.java:458)
	at org.apache.ratis.thirdparty.io.netty.util.concurrent.SingleThreadEventExecutor$5.run(SingleThreadEventExecutor.java:897)
	at org.apache.ratis.thirdparty.io.netty.util.concurrent.FastThreadLocalRunnable.run(FastThreadLocalRunnable.java:30)
	... 1 more
Caused by: java.net.ConnectException: Connection refused
	... 11 more
2019-10-03 14:20:35,244 [grpc-default-executor-5] INFO  impl.RaftServerImpl (RaftServerImpl.java:setRole(170)) - e3fca03c-871d-4f2b-a590-0a6bc50ba34e@group-B7D4842EC598: changes role from  FOLLOWER to FOLLOWER at term 7 for recognizeCandidate:9aa8a181-5e95-4085-b2b9-b5640fe8e826
2019-10-03 14:20:35,245 [grpc-default-executor-5] INFO  impl.RoleInfo (RoleInfo.java:shutdownFollowerState(121)) - e3fca03c-871d-4f2b-a590-0a6bc50ba34e: shutdown FollowerState
2019-10-03 14:20:35,245 [grpc-default-executor-5] INFO  impl.RoleInfo (RoleInfo.java:updateAndGet(143)) - e3fca03c-871d-4f2b-a590-0a6bc50ba34e: start FollowerState
2019-10-03 14:20:35,245 [Thread-361] INFO  impl.FollowerState (FollowerState.java:run(117)) - e3fca03c-871d-4f2b-a590-0a6bc50ba34e@group-B7D4842EC598-FollowerState was interrupted: java.lang.InterruptedException: sleep interrupted
2019-10-03 14:20:35,273 [9aa8a181-5e95-4085-b2b9-b5640fe8e826@group-B7D4842EC598-LeaderElection19] INFO  impl.LeaderElection (LeaderElection.java:logAndReturn(56)) - 9aa8a181-5e95-4085-b2b9-b5640fe8e826@group-B7D4842EC598-LeaderElection19: Election PASSED; received 1 response(s) [9aa8a181-5e95-4085-b2b9-b5640fe8e826<-e3fca03c-871d-4f2b-a590-0a6bc50ba34e#0:OK-t7] and 1 exception(s); 9aa8a181-5e95-4085-b2b9-b5640fe8e826@group-B7D4842EC598:t7, leader=null, voted=9aa8a181-5e95-4085-b2b9-b5640fe8e826, raftlog=9aa8a181-5e95-4085-b2b9-b5640fe8e826@group-B7D4842EC598-SegmentedRaftLog:OPENED:c4,f4,i4, conf=0: [bff10409-08f6-4d81-9276-c68ae06c2fc9:192.168.30.9:45525, 9aa8a181-5e95-4085-b2b9-b5640fe8e826:192.168.30.9:40497, e3fca03c-871d-4f2b-a590-0a6bc50ba34e:192.168.30.9:43919], old=null
2019-10-03 14:20:35,273 [9aa8a181-5e95-4085-b2b9-b5640fe8e826@group-B7D4842EC598-LeaderElection19] INFO  impl.LeaderElection (LogUtils.java:infoOrTrace(149)) -   Exception 0: {}
java.util.concurrent.ExecutionException: org.apache.ratis.thirdparty.io.grpc.StatusRuntimeException: UNAVAILABLE: io exception
	at java.util.concurrent.FutureTask.report(FutureTask.java:122)
	at java.util.concurrent.FutureTask.get(FutureTask.java:192)
	at org.apache.ratis.server.impl.LeaderElection.waitForResults(LeaderElection.java:259)
	at org.apache.ratis.server.impl.LeaderElection.askForVotes(LeaderElection.java:197)
	at org.apache.ratis.server.impl.LeaderElection.run(LeaderElection.java:133)
	at java.lang.Thread.run(Thread.java:748)
Caused by: org.apache.ratis.thirdparty.io.grpc.StatusRuntimeException: UNAVAILABLE: io exception
	at org.apache.ratis.thirdparty.io.grpc.stub.ClientCalls.toStatusRuntimeException(ClientCalls.java:233)
	at org.apache.ratis.thirdparty.io.grpc.stub.ClientCalls.getUnchecked(ClientCalls.java:214)
	at org.apache.ratis.thirdparty.io.grpc.stub.ClientCalls.blockingUnaryCall(ClientCalls.java:139)
	at org.apache.ratis.proto.grpc.RaftServerProtocolServiceGrpc$RaftServerProtocolServiceBlockingStub.requestVote(RaftServerProtocolServiceGrpc.java:265)
	at org.apache.ratis.grpc.server.GrpcServerProtocolClient.requestVote(GrpcServerProtocolClient.java:99)
	at org.apache.ratis.grpc.server.GrpcService.requestVote(GrpcService.java:204)
	at org.apache.ratis.server.impl.LeaderElection.lambda$submitRequests$1(LeaderElection.java:234)
	at java.util.concurrent.FutureTask.run(FutureTask.java:266)
	at java.util.concurrent.Executors$RunnableAdapter.call(Executors.java:511)
	at java.util.concurrent.FutureTask.run(FutureTask.java:266)
	at java.util.concurrent.ThreadPoolExecutor.runWorker(ThreadPoolExecutor.java:1149)
	at java.util.concurrent.ThreadPoolExecutor$Worker.run(ThreadPoolExecutor.java:624)
	... 1 more
Caused by: org.apache.ratis.thirdparty.io.netty.channel.AbstractChannel$AnnotatedConnectException: Connection refused: /192.168.30.9:45525
	at sun.nio.ch.SocketChannelImpl.checkConnect(Native Method)
	at sun.nio.ch.SocketChannelImpl.finishConnect(SocketChannelImpl.java:717)
	at org.apache.ratis.thirdparty.io.netty.channel.socket.nio.NioSocketChannel.doFinishConnect(NioSocketChannel.java:327)
	at org.apache.ratis.thirdparty.io.netty.channel.nio.AbstractNioChannel$AbstractNioUnsafe.finishConnect(AbstractNioChannel.java:340)
	at org.apache.ratis.thirdparty.io.netty.channel.nio.NioEventLoop.processSelectedKey(NioEventLoop.java:632)
	at org.apache.ratis.thirdparty.io.netty.channel.nio.NioEventLoop.processSelectedKeysOptimized(NioEventLoop.java:579)
	at org.apache.ratis.thirdparty.io.netty.channel.nio.NioEventLoop.processSelectedKeys(NioEventLoop.java:496)
	at org.apache.ratis.thirdparty.io.netty.channel.nio.NioEventLoop.run(NioEventLoop.java:458)
	at org.apache.ratis.thirdparty.io.netty.util.concurrent.SingleThreadEventExecutor$5.run(SingleThreadEventExecutor.java:897)
	at org.apache.ratis.thirdparty.io.netty.util.concurrent.FastThreadLocalRunnable.run(FastThreadLocalRunnable.java:30)
	... 1 more
Caused by: java.net.ConnectException: Connection refused
	... 11 more
2019-10-03 14:20:35,274 [9aa8a181-5e95-4085-b2b9-b5640fe8e826@group-B7D4842EC598-LeaderElection19] INFO  impl.RoleInfo (RoleInfo.java:shutdownLeaderElection(134)) - 9aa8a181-5e95-4085-b2b9-b5640fe8e826: shutdown LeaderElection
2019-10-03 14:20:35,274 [9aa8a181-5e95-4085-b2b9-b5640fe8e826@group-B7D4842EC598-LeaderElection19] INFO  impl.RaftServerImpl (RaftServerImpl.java:setRole(170)) - 9aa8a181-5e95-4085-b2b9-b5640fe8e826@group-B7D4842EC598: changes role from CANDIDATE to LEADER at term 7 for changeToLeader
2019-10-03 14:20:35,275 [9aa8a181-5e95-4085-b2b9-b5640fe8e826@group-B7D4842EC598-LeaderElection19] INFO  impl.RaftServerImpl (ServerState.java:setLeader(255)) - 9aa8a181-5e95-4085-b2b9-b5640fe8e826@group-B7D4842EC598: change Leader from null to 9aa8a181-5e95-4085-b2b9-b5640fe8e826 at term 7 for becomeLeader, leader elected after 5200ms
2019-10-03 14:20:35,275 [9aa8a181-5e95-4085-b2b9-b5640fe8e826@group-B7D4842EC598-LeaderElection19] INFO  server.RaftServerConfigKeys (ConfUtils.java:logGet(43)) - raft.server.staging.catchup.gap = 1000 (default)
2019-10-03 14:20:35,275 [9aa8a181-5e95-4085-b2b9-b5640fe8e826@group-B7D4842EC598-LeaderElection19] INFO  server.RaftServerConfigKeys (ConfUtils.java:logGet(43)) - raft.server.rpc.sleep.time = 25ms (default)
2019-10-03 14:20:35,276 [9aa8a181-5e95-4085-b2b9-b5640fe8e826@group-B7D4842EC598-LeaderElection19] INFO  server.RaftServerConfigKeys (ConfUtils.java:logGet(43)) - raft.server.write.element-limit = 4096 (default)
2019-10-03 14:20:35,276 [9aa8a181-5e95-4085-b2b9-b5640fe8e826@group-B7D4842EC598-LeaderElection19] INFO  server.RaftServerConfigKeys (ConfUtils.java:logGet(43)) - raft.server.watch.timeout = 10s (default)
2019-10-03 14:20:35,277 [9aa8a181-5e95-4085-b2b9-b5640fe8e826@group-B7D4842EC598-LeaderElection19] INFO  server.RaftServerConfigKeys (ConfUtils.java:logGet(43)) - raft.server.watch.timeout.denomination = 1s (default)
2019-10-03 14:20:35,277 [9aa8a181-5e95-4085-b2b9-b5640fe8e826@group-B7D4842EC598-LeaderElection19] INFO  server.RaftServerConfigKeys (ConfUtils.java:logGet(43)) - raft.server.watch.element-limit = 65536 (default)
2019-10-03 14:20:35,282 [9aa8a181-5e95-4085-b2b9-b5640fe8e826@group-B7D4842EC598-LeaderElection19] INFO  server.RaftServerConfigKeys (ConfUtils.java:logGet(43)) - raft.server.log.appender.snapshot.chunk.size.max = 16MB (=16777216) (default)
2019-10-03 14:20:35,283 [9aa8a181-5e95-4085-b2b9-b5640fe8e826@group-B7D4842EC598-LeaderElection19] INFO  server.RaftServerConfigKeys (ConfUtils.java:logGet(43)) - raft.server.log.appender.buffer.byte-limit = 33554432 (custom)
2019-10-03 14:20:35,283 [9aa8a181-5e95-4085-b2b9-b5640fe8e826@group-B7D4842EC598-LeaderElection19] INFO  server.RaftServerConfigKeys (ConfUtils.java:logGet(43)) - raft.server.log.appender.buffer.element-limit = 1 (custom)
2019-10-03 14:20:35,283 [9aa8a181-5e95-4085-b2b9-b5640fe8e826@group-B7D4842EC598-LeaderElection19] INFO  grpc.GrpcConfigKeys$Server (ConfUtils.java:logGet(43)) - raft.grpc.server.leader.outstanding.appends.max = 128 (default)
2019-10-03 14:20:35,284 [9aa8a181-5e95-4085-b2b9-b5640fe8e826@group-B7D4842EC598-LeaderElection19] INFO  server.RaftServerConfigKeys (ConfUtils.java:logGet(43)) - raft.server.rpc.request.timeout = 3000ms (default)
2019-10-03 14:20:35,284 [9aa8a181-5e95-4085-b2b9-b5640fe8e826@group-B7D4842EC598-LeaderElection19] INFO  server.RaftServerConfigKeys (ConfUtils.java:logGet(43)) - raft.server.log.appender.install.snapshot.enabled = false (custom)
2019-10-03 14:20:35,284 [9aa8a181-5e95-4085-b2b9-b5640fe8e826@group-B7D4842EC598-LeaderElection19] INFO  server.RaftServerConfigKeys (ConfUtils.java:logGet(43)) - raft.server.log.appender.snapshot.chunk.size.max = 16MB (=16777216) (default)
2019-10-03 14:20:35,285 [9aa8a181-5e95-4085-b2b9-b5640fe8e826@group-B7D4842EC598-LeaderElection19] INFO  server.RaftServerConfigKeys (ConfUtils.java:logGet(43)) - raft.server.log.appender.buffer.byte-limit = 33554432 (custom)
2019-10-03 14:20:35,285 [9aa8a181-5e95-4085-b2b9-b5640fe8e826@group-B7D4842EC598-LeaderElection19] INFO  server.RaftServerConfigKeys (ConfUtils.java:logGet(43)) - raft.server.log.appender.buffer.element-limit = 1 (custom)
2019-10-03 14:20:35,285 [9aa8a181-5e95-4085-b2b9-b5640fe8e826@group-B7D4842EC598-LeaderElection19] INFO  grpc.GrpcConfigKeys$Server (ConfUtils.java:logGet(43)) - raft.grpc.server.leader.outstanding.appends.max = 128 (default)
2019-10-03 14:20:35,285 [9aa8a181-5e95-4085-b2b9-b5640fe8e826@group-B7D4842EC598-LeaderElection19] INFO  server.RaftServerConfigKeys (ConfUtils.java:logGet(43)) - raft.server.rpc.request.timeout = 3000ms (default)
2019-10-03 14:20:35,286 [9aa8a181-5e95-4085-b2b9-b5640fe8e826@group-B7D4842EC598-LeaderElection19] INFO  server.RaftServerConfigKeys (ConfUtils.java:logGet(43)) - raft.server.log.appender.install.snapshot.enabled = false (custom)
2019-10-03 14:20:35,286 [9aa8a181-5e95-4085-b2b9-b5640fe8e826@group-B7D4842EC598-LeaderElection19] INFO  impl.RoleInfo (RoleInfo.java:updateAndGet(143)) - 9aa8a181-5e95-4085-b2b9-b5640fe8e826: start LeaderState
2019-10-03 14:20:35,287 [9aa8a181-5e95-4085-b2b9-b5640fe8e826@group-B7D4842EC598-LeaderElection19] INFO  segmented.SegmentedRaftLogWorker (SegmentedRaftLogWorker.java:rollLogSegment(390)) - 9aa8a181-5e95-4085-b2b9-b5640fe8e826@group-B7D4842EC598-SegmentedRaftLogWorker: Rolling segment log-0_4 to index:4
2019-10-03 14:20:35,290 [9aa8a181-5e95-4085-b2b9-b5640fe8e826@group-B7D4842EC598-SegmentedRaftLogWorker] INFO  segmented.SegmentedRaftLogWorker (SegmentedRaftLogWorker.java:execute(531)) - 9aa8a181-5e95-4085-b2b9-b5640fe8e826@group-B7D4842EC598-SegmentedRaftLogWorker: Rolled log segment from /workdir/hadoop-ozone/integration-test/target/test-dir/MiniOzoneClusterImpl-559a310c-7f81-4ef4-b30f-984a6e637ed4/datanode-0/data/ratis/e9048732-3b49-4b13-a574-b7d4842ec598/current/log_inprogress_0 to /workdir/hadoop-ozone/integration-test/target/test-dir/MiniOzoneClusterImpl-559a310c-7f81-4ef4-b30f-984a6e637ed4/datanode-0/data/ratis/e9048732-3b49-4b13-a574-b7d4842ec598/current/log_0-4
2019-10-03 14:20:35,292 [9aa8a181-5e95-4085-b2b9-b5640fe8e826@group-B7D4842EC598-LeaderElection19] INFO  impl.RaftServerImpl (ServerState.java:setRaftConf(356)) - 9aa8a181-5e95-4085-b2b9-b5640fe8e826@group-B7D4842EC598: set configuration 5: [bff10409-08f6-4d81-9276-c68ae06c2fc9:192.168.30.9:45525, 9aa8a181-5e95-4085-b2b9-b5640fe8e826:192.168.30.9:40497, e3fca03c-871d-4f2b-a590-0a6bc50ba34e:192.168.30.9:43919], old=null at 5
2019-10-03 14:20:35,295 [grpc-default-executor-5] WARN  server.GrpcLogAppender (LogUtils.java:warn(134)) - 9aa8a181-5e95-4085-b2b9-b5640fe8e826@group-B7D4842EC598->bff10409-08f6-4d81-9276-c68ae06c2fc9-AppendLogResponseHandler: Failed appendEntries: org.apache.ratis.thirdparty.io.grpc.StatusRuntimeException: UNAVAILABLE: io exception
2019-10-03 14:20:35,319 [grpc-default-executor-5] INFO  impl.FollowerInfo (FollowerInfo.java:lambda$new$0(51)) - 9aa8a181-5e95-4085-b2b9-b5640fe8e826@group-B7D4842EC598->bff10409-08f6-4d81-9276-c68ae06c2fc9: nextIndex: updateUnconditionally 5 -> 1
2019-10-03 14:20:35,320 [grpc-default-executor-5] INFO  impl.RaftServerImpl (ServerState.java:setLeader(255)) - e3fca03c-871d-4f2b-a590-0a6bc50ba34e@group-B7D4842EC598: change Leader from null to 9aa8a181-5e95-4085-b2b9-b5640fe8e826 at term 7 for appendEntries, leader elected after 5247ms
2019-10-03 14:20:35,324 [grpc-default-executor-5] INFO  impl.RaftServerImpl (ServerState.java:setRaftConf(356)) - e3fca03c-871d-4f2b-a590-0a6bc50ba34e@group-B7D4842EC598: set configuration 5: [bff10409-08f6-4d81-9276-c68ae06c2fc9:192.168.30.9:45525, 9aa8a181-5e95-4085-b2b9-b5640fe8e826:192.168.30.9:40497, e3fca03c-871d-4f2b-a590-0a6bc50ba34e:192.168.30.9:43919], old=null at 5
2019-10-03 14:20:35,324 [grpc-default-executor-5] INFO  segmented.SegmentedRaftLogWorker (SegmentedRaftLogWorker.java:rollLogSegment(390)) - e3fca03c-871d-4f2b-a590-0a6bc50ba34e@group-B7D4842EC598-SegmentedRaftLogWorker: Rolling segment log-0_4 to index:4
2019-10-03 14:20:35,325 [e3fca03c-871d-4f2b-a590-0a6bc50ba34e@group-B7D4842EC598-SegmentedRaftLogWorker] INFO  segmented.SegmentedRaftLogWorker (SegmentedRaftLogWorker.java:execute(531)) - e3fca03c-871d-4f2b-a590-0a6bc50ba34e@group-B7D4842EC598-SegmentedRaftLogWorker: Rolled log segment from /workdir/hadoop-ozone/integration-test/target/test-dir/MiniOzoneClusterImpl-559a310c-7f81-4ef4-b30f-984a6e637ed4/datanode-2/data/ratis/e9048732-3b49-4b13-a574-b7d4842ec598/current/log_inprogress_0 to /workdir/hadoop-ozone/integration-test/target/test-dir/MiniOzoneClusterImpl-559a310c-7f81-4ef4-b30f-984a6e637ed4/datanode-2/data/ratis/e9048732-3b49-4b13-a574-b7d4842ec598/current/log_0-4
2019-10-03 14:20:35,333 [9aa8a181-5e95-4085-b2b9-b5640fe8e826@group-B7D4842EC598-SegmentedRaftLogWorker] INFO  segmented.SegmentedRaftLogWorker (SegmentedRaftLogWorker.java:execute(574)) - 9aa8a181-5e95-4085-b2b9-b5640fe8e826@group-B7D4842EC598-SegmentedRaftLogWorker: created new log segment /workdir/hadoop-ozone/integration-test/target/test-dir/MiniOzoneClusterImpl-559a310c-7f81-4ef4-b30f-984a6e637ed4/datanode-0/data/ratis/e9048732-3b49-4b13-a574-b7d4842ec598/current/log_inprogress_5
2019-10-03 14:20:35,371 [e3fca03c-871d-4f2b-a590-0a6bc50ba34e@group-B7D4842EC598-SegmentedRaftLogWorker] INFO  segmented.SegmentedRaftLogWorker (SegmentedRaftLogWorker.java:execute(574)) - e3fca03c-871d-4f2b-a590-0a6bc50ba34e@group-B7D4842EC598-SegmentedRaftLogWorker: created new log segment /workdir/hadoop-ozone/integration-test/target/test-dir/MiniOzoneClusterImpl-559a310c-7f81-4ef4-b30f-984a6e637ed4/datanode-2/data/ratis/e9048732-3b49-4b13-a574-b7d4842ec598/current/log_inprogress_5
2019-10-03 14:20:35,415 [grpc-default-executor-5] WARN  server.GrpcLogAppender (LogUtils.java:warn(134)) - 9aa8a181-5e95-4085-b2b9-b5640fe8e826@group-B7D4842EC598->bff10409-08f6-4d81-9276-c68ae06c2fc9-AppendLogResponseHandler: Failed appendEntries: org.apache.ratis.thirdparty.io.grpc.StatusRuntimeException: UNAVAILABLE: io exception
2019-10-03 14:20:35,417 [grpc-default-executor-5] INFO  impl.FollowerInfo (FollowerInfo.java:lambda$new$0(51)) - 9aa8a181-5e95-4085-b2b9-b5640fe8e826@group-B7D4842EC598->bff10409-08f6-4d81-9276-c68ae06c2fc9: nextIndex: updateUnconditionally 2 -> 1
2019-10-03 14:20:37,920 [grpc-default-executor-5] WARN  server.GrpcLogAppender (LogUtils.java:warn(134)) - 9aa8a181-5e95-4085-b2b9-b5640fe8e826@group-B7D4842EC598->bff10409-08f6-4d81-9276-c68ae06c2fc9-AppendLogResponseHandler: Failed appendEntries: org.apache.ratis.thirdparty.io.grpc.StatusRuntimeException: UNAVAILABLE: io exception
2019-10-03 14:20:37,922 [grpc-default-executor-5] INFO  impl.FollowerInfo (FollowerInfo.java:lambda$new$0(51)) - 9aa8a181-5e95-4085-b2b9-b5640fe8e826@group-B7D4842EC598->bff10409-08f6-4d81-9276-c68ae06c2fc9: nextIndex: updateUnconditionally 1 -> 0
2019-10-03 14:20:40,422 [grpc-default-executor-3] WARN  server.GrpcLogAppender (LogUtils.java:warn(134)) - 9aa8a181-5e95-4085-b2b9-b5640fe8e826@group-B7D4842EC598->bff10409-08f6-4d81-9276-c68ae06c2fc9-AppendLogResponseHandler: Failed appendEntries: org.apache.ratis.thirdparty.io.grpc.StatusRuntimeException: UNAVAILABLE: io exception
2019-10-03 14:20:40,424 [grpc-default-executor-3] INFO  impl.FollowerInfo (FollowerInfo.java:lambda$new$0(51)) - 9aa8a181-5e95-4085-b2b9-b5640fe8e826@group-B7D4842EC598->bff10409-08f6-4d81-9276-c68ae06c2fc9: nextIndex: updateUnconditionally 0 -> 0
2019-10-03 14:20:42,928 [grpc-default-executor-3] WARN  server.GrpcLogAppender (LogUtils.java:warn(134)) - 9aa8a181-5e95-4085-b2b9-b5640fe8e826@group-B7D4842EC598->bff10409-08f6-4d81-9276-c68ae06c2fc9-AppendLogResponseHandler: Failed appendEntries: org.apache.ratis.thirdparty.io.grpc.StatusRuntimeException: UNAVAILABLE: io exception
2019-10-03 14:20:42,930 [grpc-default-executor-3] INFO  impl.FollowerInfo (FollowerInfo.java:lambda$new$0(51)) - 9aa8a181-5e95-4085-b2b9-b5640fe8e826@group-B7D4842EC598->bff10409-08f6-4d81-9276-c68ae06c2fc9: nextIndex: updateUnconditionally 0 -> 0
2019-10-03 14:20:45,431 [grpc-default-executor-2] WARN  server.GrpcLogAppender (LogUtils.java:warn(134)) - 9aa8a181-5e95-4085-b2b9-b5640fe8e826@group-B7D4842EC598->bff10409-08f6-4d81-9276-c68ae06c2fc9-AppendLogResponseHandler: Failed appendEntries: org.apache.ratis.thirdparty.io.grpc.StatusRuntimeException: UNAVAILABLE: io exception
2019-10-03 14:20:45,435 [grpc-default-executor-2] INFO  impl.FollowerInfo (FollowerInfo.java:lambda$new$0(51)) - 9aa8a181-5e95-4085-b2b9-b5640fe8e826@group-B7D4842EC598->bff10409-08f6-4d81-9276-c68ae06c2fc9: nextIndex: updateUnconditionally 0 -> 0
2019-10-03 14:20:47,933 [grpc-default-executor-5] WARN  server.GrpcLogAppender (LogUtils.java:warn(134)) - 9aa8a181-5e95-4085-b2b9-b5640fe8e826@group-B7D4842EC598->bff10409-08f6-4d81-9276-c68ae06c2fc9-AppendLogResponseHandler: Failed appendEntries: org.apache.ratis.thirdparty.io.grpc.StatusRuntimeException: UNAVAILABLE: io exception
2019-10-03 14:20:47,935 [grpc-default-executor-5] INFO  impl.FollowerInfo (FollowerInfo.java:lambda$new$0(51)) - 9aa8a181-5e95-4085-b2b9-b5640fe8e826@group-B7D4842EC598->bff10409-08f6-4d81-9276-c68ae06c2fc9: nextIndex: updateUnconditionally 0 -> 0
2019-10-03 14:20:50,434 [grpc-default-executor-3] WARN  server.GrpcLogAppender (LogUtils.java:warn(134)) - 9aa8a181-5e95-4085-b2b9-b5640fe8e826@group-B7D4842EC598->bff10409-08f6-4d81-9276-c68ae06c2fc9-AppendLogResponseHandler: Failed appendEntries: org.apache.ratis.thirdparty.io.grpc.StatusRuntimeException: UNAVAILABLE: io exception
2019-10-03 14:20:50,436 [grpc-default-executor-3] INFO  impl.FollowerInfo (FollowerInfo.java:lambda$new$0(51)) - 9aa8a181-5e95-4085-b2b9-b5640fe8e826@group-B7D4842EC598->bff10409-08f6-4d81-9276-c68ae06c2fc9: nextIndex: updateUnconditionally 0 -> 0
2019-10-03 14:20:52,937 [grpc-default-executor-2] WARN  server.GrpcLogAppender (LogUtils.java:warn(134)) - 9aa8a181-5e95-4085-b2b9-b5640fe8e826@group-B7D4842EC598->bff10409-08f6-4d81-9276-c68ae06c2fc9-AppendLogResponseHandler: Failed appendEntries: org.apache.ratis.thirdparty.io.grpc.StatusRuntimeException: UNAVAILABLE: io exception
2019-10-03 14:20:52,940 [grpc-default-executor-2] INFO  impl.FollowerInfo (FollowerInfo.java:lambda$new$0(51)) - 9aa8a181-5e95-4085-b2b9-b5640fe8e826@group-B7D4842EC598->bff10409-08f6-4d81-9276-c68ae06c2fc9: nextIndex: updateUnconditionally 0 -> 0
2019-10-03 14:20:55,328 [main] INFO  ozone.MiniOzoneClusterImpl (MiniOzoneClusterImpl.java:shutdown(314)) - Shutting down the Mini Ozone Cluster
2019-10-03 14:20:55,329 [main] INFO  ozone.MiniOzoneClusterImpl (MiniOzoneClusterImpl.java:stop(330)) - Stopping the Mini Ozone Cluster
2019-10-03 14:20:55,329 [main] INFO  ozone.MiniOzoneClusterImpl (MiniOzoneClusterImpl.java:stopOM(400)) - Stopping the OzoneManager
2019-10-03 14:20:55,329 [main] INFO  ipc.Server (Server.java:stop(3082)) - Stopping server on 41558
2019-10-03 14:20:55,335 [IPC Server listener on 41558] INFO  ipc.Server (Server.java:run(1185)) - Stopping IPC Server listener on 41558
2019-10-03 14:20:55,338 [main] INFO  impl.RaftServerProxy (RaftServerProxy.java:lambda$close$4(314)) - ba2666ef-bd53-4353-8c2b-8fa7f69def18: close
2019-10-03 14:20:55,338 [IPC Server Responder] INFO  ipc.Server (Server.java:run(1319)) - Stopping IPC Server Responder
2019-10-03 14:20:55,342 [main] INFO  impl.RaftServerImpl (RaftServerImpl.java:lambda$shutdown$3(247)) - ba2666ef-bd53-4353-8c2b-8fa7f69def18@group-C5BA1605619E: shutdown
2019-10-03 14:20:55,351 [main] INFO  util.JmxRegister (JmxRegister.java:unregister(73)) - Successfully un-registered JMX Bean with object name Ratis:service=RaftServer,group=group-C5BA1605619E,id=ba2666ef-bd53-4353-8c2b-8fa7f69def18
2019-10-03 14:20:55,351 [main] INFO  impl.RoleInfo (RoleInfo.java:shutdownLeaderState(104)) - ba2666ef-bd53-4353-8c2b-8fa7f69def18: shutdown LeaderState
2019-10-03 14:20:55,352 [main] INFO  impl.PendingRequests (PendingRequests.java:sendNotLeaderResponses(202)) - ba2666ef-bd53-4353-8c2b-8fa7f69def18@group-C5BA1605619E-PendingRequests: sendNotLeaderResponses
2019-10-03 14:20:55,356 [main] INFO  impl.StateMachineUpdater (StateMachineUpdater.java:stopAndJoin(136)) - ba2666ef-bd53-4353-8c2b-8fa7f69def18@group-C5BA1605619E-StateMachineUpdater: set stopIndex = 8
2019-10-03 14:20:55,356 [ba2666ef-bd53-4353-8c2b-8fa7f69def18@group-C5BA1605619E-StateMachineUpdater] INFO  ratis.OzoneManagerStateMachine (OzoneManagerStateMachine.java:takeSnapshot(254)) - Saving Ratis snapshot on the OM.
2019-10-03 14:20:55,362 [ba2666ef-bd53-4353-8c2b-8fa7f69def18@group-C5BA1605619E-StateMachineUpdater] INFO  ratis.OMRatisSnapshotInfo (OMRatisSnapshotInfo.java:saveRatisSnapshotToDisk(107)) - Saved Ratis Snapshot on the OM with snapshotIndex 7
2019-10-03 14:20:55,362 [ba2666ef-bd53-4353-8c2b-8fa7f69def18@group-C5BA1605619E-StateMachineUpdater] INFO  impl.StateMachineUpdater (StateMachineUpdater.java:takeSnapshot(269)) - ba2666ef-bd53-4353-8c2b-8fa7f69def18@group-C5BA1605619E-StateMachineUpdater: Took a snapshot at index 7
2019-10-03 14:20:55,362 [ba2666ef-bd53-4353-8c2b-8fa7f69def18@group-C5BA1605619E-StateMachineUpdater] INFO  impl.StateMachineUpdater (StateMachineUpdater.java:lambda$new$0(84)) - ba2666ef-bd53-4353-8c2b-8fa7f69def18@group-C5BA1605619E-StateMachineUpdater: snapshotIndex: updateIncreasingly -1 -> 7
2019-10-03 14:20:55,362 [ba2666ef-bd53-4353-8c2b-8fa7f69def18@group-C5BA1605619E-StateMachineUpdater] INFO  ratis.OzoneManagerStateMachine (OzoneManagerStateMachine.java:takeSnapshot(254)) - Saving Ratis snapshot on the OM.
2019-10-03 14:20:55,363 [ba2666ef-bd53-4353-8c2b-8fa7f69def18@group-C5BA1605619E-StateMachineUpdater] INFO  ratis.OMRatisSnapshotInfo (OMRatisSnapshotInfo.java:saveRatisSnapshotToDisk(107)) - Saved Ratis Snapshot on the OM with snapshotIndex 7
2019-10-03 14:20:55,363 [ba2666ef-bd53-4353-8c2b-8fa7f69def18@group-C5BA1605619E-StateMachineUpdater] INFO  impl.StateMachineUpdater (StateMachineUpdater.java:takeSnapshot(269)) - ba2666ef-bd53-4353-8c2b-8fa7f69def18@group-C5BA1605619E-StateMachineUpdater: Took a snapshot at index 7
2019-10-03 14:20:55,363 [ba2666ef-bd53-4353-8c2b-8fa7f69def18@group-C5BA1605619E-StateMachineUpdater] INFO  impl.StateMachineUpdater (StateMachineUpdater.java:lambda$new$0(84)) - ba2666ef-bd53-4353-8c2b-8fa7f69def18@group-C5BA1605619E-StateMachineUpdater: snapshotIndex: updateIncreasingly 7 -> 7
2019-10-03 14:20:55,363 [main] INFO  impl.RaftServerImpl (ServerState.java:close(387)) - ba2666ef-bd53-4353-8c2b-8fa7f69def18@group-C5BA1605619E: closes. applyIndex: 8
2019-10-03 14:20:55,364 [ba2666ef-bd53-4353-8c2b-8fa7f69def18@group-C5BA1605619E-SegmentedRaftLogWorker] INFO  segmented.SegmentedRaftLogWorker (SegmentedRaftLogWorker.java:run(316)) - ba2666ef-bd53-4353-8c2b-8fa7f69def18@group-C5BA1605619E-SegmentedRaftLogWorker was interrupted, exiting. There are 0 tasks remaining in the queue.
2019-10-03 14:20:55,365 [main] INFO  segmented.SegmentedRaftLogWorker (SegmentedRaftLogWorker.java:close(224)) - ba2666ef-bd53-4353-8c2b-8fa7f69def18@group-C5BA1605619E-SegmentedRaftLogWorker close()
2019-10-03 14:20:55,367 [main] INFO  server.GrpcService (GrpcService.java:closeImpl(164)) - ba2666ef-bd53-4353-8c2b-8fa7f69def18: shutdown server with port 9872 now
2019-10-03 14:20:55,368 [main] INFO  server.GrpcService (GrpcService.java:closeImpl(172)) - ba2666ef-bd53-4353-8c2b-8fa7f69def18: shutdown server with port 9872 successfully
2019-10-03 14:20:55,368 [main] INFO  ratis.OzoneManagerDoubleBuffer (OzoneManagerDoubleBuffer.java:stop(248)) - Stopping OMDoubleBuffer flush thread
2019-10-03 14:20:55,368 [OMDoubleBufferFlushThread] INFO  ratis.OzoneManagerDoubleBuffer (OzoneManagerDoubleBuffer.java:flushTransactions(191)) - OMDoubleBuffer flush thread OMDoubleBufferFlushThread is interrupted and will exit. OMDoubleBufferFlushThread
2019-10-03 14:20:55,370 [main] INFO  utils.BackgroundService (BackgroundService.java:shutdown(148)) - Shutting down service KeyDeletingService
2019-10-03 14:20:55,371 [main] INFO  handler.ContextHandler (ContextHandler.java:doStop(910)) - Stopped o.e.j.w.WebAppContext@42b28ff1{/,null,UNAVAILABLE}{/ozoneManager}
2019-10-03 14:20:55,371 [main] INFO  server.AbstractConnector (AbstractConnector.java:doStop(318)) - Stopped ServerConnector@620bf8c7{HTTP/1.1,[http/1.1]}{0.0.0.0:0}
2019-10-03 14:20:55,372 [main] INFO  handler.ContextHandler (ContextHandler.java:doStop(910)) - Stopped o.e.j.s.ServletContextHandler@8f2098e{/static,file:///workdir/hadoop-ozone/integration-test/target/test-classes/webapps/static,UNAVAILABLE}
2019-10-03 14:20:55,372 [main] INFO  handler.ContextHandler (ContextHandler.java:doStop(910)) - Stopped o.e.j.s.ServletContextHandler@7fd8c559{/logs,file:///workdir/hadoop-ozone/integration-test/target/log,UNAVAILABLE}
2019-10-03 14:20:55,375 [main] INFO  ozone.MiniOzoneClusterImpl (MiniOzoneClusterImpl.java:stopDatanodes(377)) - Stopping the HddsDatanodes
2019-10-03 14:20:55,439 [grpc-default-executor-3] WARN  server.GrpcLogAppender (LogUtils.java:warn(134)) - 9aa8a181-5e95-4085-b2b9-b5640fe8e826@group-B7D4842EC598->bff10409-08f6-4d81-9276-c68ae06c2fc9-AppendLogResponseHandler: Failed appendEntries: org.apache.ratis.thirdparty.io.grpc.StatusRuntimeException: UNAVAILABLE: io exception
2019-10-03 14:20:55,440 [grpc-default-executor-3] INFO  impl.FollowerInfo (FollowerInfo.java:lambda$new$0(51)) - 9aa8a181-5e95-4085-b2b9-b5640fe8e826@group-B7D4842EC598->bff10409-08f6-4d81-9276-c68ae06c2fc9: nextIndex: updateUnconditionally 0 -> 0
2019-10-03 14:20:56,142 [Datanode State Machine Thread - 0] INFO  statemachine.DatanodeStateMachine (DatanodeStateMachine.java:lambda$startDaemon$0(350)) - Ozone container server started.
2019-10-03 14:20:56,183 [Datanode State Machine Thread - 0] INFO  statemachine.DatanodeStateMachine (DatanodeStateMachine.java:lambda$startDaemon$0(350)) - Ozone container server started.
2019-10-03 14:20:57,945 [grpc-default-executor-5] WARN  server.GrpcLogAppender (LogUtils.java:warn(134)) - 9aa8a181-5e95-4085-b2b9-b5640fe8e826@group-B7D4842EC598->bff10409-08f6-4d81-9276-c68ae06c2fc9-AppendLogResponseHandler: Failed appendEntries: org.apache.ratis.thirdparty.io.grpc.StatusRuntimeException: UNAVAILABLE: io exception
2019-10-03 14:20:57,946 [grpc-default-executor-5] INFO  impl.FollowerInfo (FollowerInfo.java:lambda$new$0(51)) - 9aa8a181-5e95-4085-b2b9-b5640fe8e826@group-B7D4842EC598->bff10409-08f6-4d81-9276-c68ae06c2fc9: nextIndex: updateUnconditionally 0 -> 0
2019-10-03 14:21:00,377 [ForkJoinPool.commonPool-worker-0] INFO  ozoneimpl.OzoneContainer (OzoneContainer.java:stop(231)) - Attempting to stop container services.
2019-10-03 14:21:00,378 [main] INFO  ozoneimpl.OzoneContainer (OzoneContainer.java:stop(231)) - Attempting to stop container services.
2019-10-03 14:21:00,378 [ForkJoinPool.commonPool-worker-0] INFO  impl.RaftServerProxy (RaftServerProxy.java:lambda$close$4(314)) - 1560dbc8-ba91-4407-9575-bd830c0d1598: close
2019-10-03 14:21:00,379 [ForkJoinPool.commonPool-worker-0] INFO  impl.RaftServerImpl (RaftServerImpl.java:lambda$shutdown$3(247)) - 1560dbc8-ba91-4407-9575-bd830c0d1598@group-7012ED8DFF07: shutdown
2019-10-03 14:21:00,380 [ForkJoinPool.commonPool-worker-0] INFO  util.JmxRegister (JmxRegister.java:unregister(73)) - Successfully un-registered JMX Bean with object name Ratis:service=RaftServer,group=group-7012ED8DFF07,id=1560dbc8-ba91-4407-9575-bd830c0d1598
2019-10-03 14:21:00,380 [ForkJoinPool.commonPool-worker-0] INFO  impl.RoleInfo (RoleInfo.java:shutdownLeaderState(104)) - 1560dbc8-ba91-4407-9575-bd830c0d1598: shutdown LeaderState
2019-10-03 14:21:00,381 [ForkJoinPool.commonPool-worker-0] INFO  impl.PendingRequests (PendingRequests.java:sendNotLeaderResponses(202)) - 1560dbc8-ba91-4407-9575-bd830c0d1598@group-7012ED8DFF07-PendingRequests: sendNotLeaderResponses
2019-10-03 14:21:00,382 [main] INFO  impl.RaftServerProxy (RaftServerProxy.java:lambda$close$4(314)) - e3fca03c-871d-4f2b-a590-0a6bc50ba34e: close
2019-10-03 14:21:00,382 [main] INFO  impl.RaftServerImpl (RaftServerImpl.java:lambda$shutdown$3(247)) - e3fca03c-871d-4f2b-a590-0a6bc50ba34e@group-A203B5666BDE: shutdown
2019-10-03 14:21:00,383 [main] INFO  util.JmxRegister (JmxRegister.java:unregister(73)) - Successfully un-registered JMX Bean with object name Ratis:service=RaftServer,group=group-A203B5666BDE,id=e3fca03c-871d-4f2b-a590-0a6bc50ba34e
2019-10-03 14:21:00,383 [main] INFO  impl.RoleInfo (RoleInfo.java:shutdownLeaderState(104)) - e3fca03c-871d-4f2b-a590-0a6bc50ba34e: shutdown LeaderState
2019-10-03 14:21:00,384 [main] INFO  impl.PendingRequests (PendingRequests.java:sendNotLeaderResponses(202)) - e3fca03c-871d-4f2b-a590-0a6bc50ba34e@group-A203B5666BDE-PendingRequests: sendNotLeaderResponses
2019-10-03 14:21:00,385 [ForkJoinPool.commonPool-worker-0] INFO  impl.StateMachineUpdater (StateMachineUpdater.java:stopAndJoin(136)) - 1560dbc8-ba91-4407-9575-bd830c0d1598@group-7012ED8DFF07-StateMachineUpdater: set stopIndex = 0
2019-10-03 14:21:00,385 [main] INFO  impl.StateMachineUpdater (StateMachineUpdater.java:stopAndJoin(136)) - e3fca03c-871d-4f2b-a590-0a6bc50ba34e@group-A203B5666BDE-StateMachineUpdater: set stopIndex = 0
2019-10-03 14:21:00,386 [ForkJoinPool.commonPool-worker-0] INFO  impl.RaftServerImpl (ServerState.java:close(387)) - 1560dbc8-ba91-4407-9575-bd830c0d1598@group-7012ED8DFF07: closes. applyIndex: 0
2019-10-03 14:21:00,386 [main] INFO  impl.RaftServerImpl (ServerState.java:close(387)) - e3fca03c-871d-4f2b-a590-0a6bc50ba34e@group-A203B5666BDE: closes. applyIndex: 0
2019-10-03 14:21:00,387 [1560dbc8-ba91-4407-9575-bd830c0d1598@group-7012ED8DFF07-SegmentedRaftLogWorker] INFO  segmented.SegmentedRaftLogWorker (SegmentedRaftLogWorker.java:run(316)) - 1560dbc8-ba91-4407-9575-bd830c0d1598@group-7012ED8DFF07-SegmentedRaftLogWorker was interrupted, exiting. There are 0 tasks remaining in the queue.
2019-10-03 14:21:00,387 [e3fca03c-871d-4f2b-a590-0a6bc50ba34e@group-A203B5666BDE-SegmentedRaftLogWorker] INFO  segmented.SegmentedRaftLogWorker (SegmentedRaftLogWorker.java:run(316)) - e3fca03c-871d-4f2b-a590-0a6bc50ba34e@group-A203B5666BDE-SegmentedRaftLogWorker was interrupted, exiting. There are 0 tasks remaining in the queue.
2019-10-03 14:21:00,393 [ForkJoinPool.commonPool-worker-0] INFO  segmented.SegmentedRaftLogWorker (SegmentedRaftLogWorker.java:close(224)) - 1560dbc8-ba91-4407-9575-bd830c0d1598@group-7012ED8DFF07-SegmentedRaftLogWorker close()
2019-10-03 14:21:00,393 [main] INFO  segmented.SegmentedRaftLogWorker (SegmentedRaftLogWorker.java:close(224)) - e3fca03c-871d-4f2b-a590-0a6bc50ba34e@group-A203B5666BDE-SegmentedRaftLogWorker close()
2019-10-03 14:21:00,395 [ForkJoinPool.commonPool-worker-0] INFO  server.GrpcService (GrpcService.java:closeImpl(164)) - 1560dbc8-ba91-4407-9575-bd830c0d1598: shutdown server with port 36296 now
2019-10-03 14:21:00,398 [main] INFO  impl.RaftServerImpl (RaftServerImpl.java:lambda$shutdown$3(247)) - e3fca03c-871d-4f2b-a590-0a6bc50ba34e@group-B7D4842EC598: shutdown
2019-10-03 14:21:00,399 [ForkJoinPool.commonPool-worker-0] INFO  server.GrpcService (GrpcService.java:closeImpl(172)) - 1560dbc8-ba91-4407-9575-bd830c0d1598: shutdown server with port 36296 successfully
2019-10-03 14:21:00,400 [main] INFO  util.JmxRegister (JmxRegister.java:unregister(73)) - Successfully un-registered JMX Bean with object name Ratis:service=RaftServer,group=group-B7D4842EC598,id=e3fca03c-871d-4f2b-a590-0a6bc50ba34e
2019-10-03 14:21:00,400 [main] INFO  impl.RoleInfo (RoleInfo.java:shutdownFollowerState(121)) - e3fca03c-871d-4f2b-a590-0a6bc50ba34e: shutdown FollowerState
2019-10-03 14:21:00,400 [main] INFO  impl.StateMachineUpdater (StateMachineUpdater.java:stopAndJoin(136)) - e3fca03c-871d-4f2b-a590-0a6bc50ba34e@group-B7D4842EC598-StateMachineUpdater: set stopIndex = 6
2019-10-03 14:21:00,401 [e3fca03c-871d-4f2b-a590-0a6bc50ba34e@group-B7D4842EC598-StateMachineUpdater] INFO  ratis.ContainerStateMachine (ContainerStateMachine.java:takeSnapshot(293)) - group-B7D4842EC598: Taking a snapshot at:(t:5, i:3) file /workdir/hadoop-ozone/integration-test/target/test-dir/MiniOzoneClusterImpl-559a310c-7f81-4ef4-b30f-984a6e637ed4/datanode-2/data/ratis/e9048732-3b49-4b13-a574-b7d4842ec598/sm/snapshot.5_3
2019-10-03 14:21:00,401 [Thread-367] INFO  impl.FollowerState (FollowerState.java:run(117)) - e3fca03c-871d-4f2b-a590-0a6bc50ba34e@group-B7D4842EC598-FollowerState was interrupted: java.lang.InterruptedException: sleep interrupted
2019-10-03 14:21:00,408 [refreshUsed-/workdir/hadoop-ozone/integration-test/target/test-dir/MiniOzoneClusterImpl-559a310c-7f81-4ef4-b30f-984a6e637ed4/datanode-1/data/containers] WARN  fs.CachingGetSpaceUsed (CachingGetSpaceUsed.java:run(183)) - Thread Interrupted waiting to refresh disk information: sleep interrupted
2019-10-03 14:21:00,426 [e3fca03c-871d-4f2b-a590-0a6bc50ba34e@group-B7D4842EC598-StateMachineUpdater] INFO  ratis.ContainerStateMachine (ContainerStateMachine.java:takeSnapshot(304)) - group-B7D4842EC598: Finished taking a snapshot at:(t:5, i:3) file:/workdir/hadoop-ozone/integration-test/target/test-dir/MiniOzoneClusterImpl-559a310c-7f81-4ef4-b30f-984a6e637ed4/datanode-2/data/ratis/e9048732-3b49-4b13-a574-b7d4842ec598/sm/snapshot.5_3 time:25
2019-10-03 14:21:00,426 [e3fca03c-871d-4f2b-a590-0a6bc50ba34e@group-B7D4842EC598-StateMachineUpdater] INFO  impl.StateMachineUpdater (StateMachineUpdater.java:takeSnapshot(269)) - e3fca03c-871d-4f2b-a590-0a6bc50ba34e@group-B7D4842EC598-StateMachineUpdater: Took a snapshot at index 3
2019-10-03 14:21:00,426 [e3fca03c-871d-4f2b-a590-0a6bc50ba34e@group-B7D4842EC598-StateMachineUpdater] INFO  impl.StateMachineUpdater (StateMachineUpdater.java:lambda$new$0(84)) - e3fca03c-871d-4f2b-a590-0a6bc50ba34e@group-B7D4842EC598-StateMachineUpdater: snapshotIndex: updateIncreasingly -1 -> 3
2019-10-03 14:21:00,427 [e3fca03c-871d-4f2b-a590-0a6bc50ba34e@group-B7D4842EC598-StateMachineUpdater] INFO  ratis.ContainerStateMachine (ContainerStateMachine.java:takeSnapshot(293)) - group-B7D4842EC598: Taking a snapshot at:(t:5, i:3) file /workdir/hadoop-ozone/integration-test/target/test-dir/MiniOzoneClusterImpl-559a310c-7f81-4ef4-b30f-984a6e637ed4/datanode-2/data/ratis/e9048732-3b49-4b13-a574-b7d4842ec598/sm/snapshot.5_3
2019-10-03 14:21:00,429 [ForkJoinPool.commonPool-worker-0] INFO  utils.BackgroundService (BackgroundService.java:shutdown(148)) - Shutting down service BlockDeletingService
2019-10-03 14:21:00,432 [ForkJoinPool.commonPool-worker-0] INFO  statemachine.DatanodeStateMachine (DatanodeStateMachine.java:stopDaemon(395)) - Ozone container server stopped.
2019-10-03 14:21:00,435 [ForkJoinPool.commonPool-worker-0] INFO  handler.ContextHandler (ContextHandler.java:doStop(910)) - Stopped o.e.j.w.WebAppContext@2c7106d9{/,null,UNAVAILABLE}{/hddsDatanode}
2019-10-03 14:21:00,436 [ForkJoinPool.commonPool-worker-0] INFO  server.AbstractConnector (AbstractConnector.java:doStop(318)) - Stopped ServerConnector@329bad59{HTTP/1.1,[http/1.1]}{0.0.0.0:0}
2019-10-03 14:21:00,437 [ForkJoinPool.commonPool-worker-0] INFO  handler.ContextHandler (ContextHandler.java:doStop(910)) - Stopped o.e.j.s.ServletContextHandler@529c2a9a{/static,jar:file:/home/user/.m2/repository/org/apache/hadoop/hadoop-hdds-container-service/0.5.0-SNAPSHOT/hadoop-hdds-container-service-0.5.0-SNAPSHOT.jar!/webapps/static,UNAVAILABLE}
2019-10-03 14:21:00,438 [ForkJoinPool.commonPool-worker-0] INFO  handler.ContextHandler (ContextHandler.java:doStop(910)) - Stopped o.e.j.s.ServletContextHandler@1cf0cacc{/logs,file:///workdir/hadoop-ozone/integration-test/target/log,UNAVAILABLE}
2019-10-03 14:21:00,446 [grpc-default-executor-3] WARN  server.GrpcLogAppender (LogUtils.java:warn(134)) - 9aa8a181-5e95-4085-b2b9-b5640fe8e826@group-B7D4842EC598->bff10409-08f6-4d81-9276-c68ae06c2fc9-AppendLogResponseHandler: Failed appendEntries: org.apache.ratis.thirdparty.io.grpc.StatusRuntimeException: UNAVAILABLE: io exception
2019-10-03 14:21:00,447 [grpc-default-executor-3] INFO  impl.FollowerInfo (FollowerInfo.java:lambda$new$0(51)) - 9aa8a181-5e95-4085-b2b9-b5640fe8e826@group-B7D4842EC598->bff10409-08f6-4d81-9276-c68ae06c2fc9: nextIndex: updateUnconditionally 0 -> 0
2019-10-03 14:21:00,448 [e3fca03c-871d-4f2b-a590-0a6bc50ba34e@group-B7D4842EC598-StateMachineUpdater] INFO  ratis.ContainerStateMachine (ContainerStateMachine.java:takeSnapshot(304)) - group-B7D4842EC598: Finished taking a snapshot at:(t:5, i:3) file:/workdir/hadoop-ozone/integration-test/target/test-dir/MiniOzoneClusterImpl-559a310c-7f81-4ef4-b30f-984a6e637ed4/datanode-2/data/ratis/e9048732-3b49-4b13-a574-b7d4842ec598/sm/snapshot.5_3 time:21
2019-10-03 14:21:00,449 [e3fca03c-871d-4f2b-a590-0a6bc50ba34e@group-B7D4842EC598-StateMachineUpdater] INFO  impl.StateMachineUpdater (StateMachineUpdater.java:takeSnapshot(269)) - e3fca03c-871d-4f2b-a590-0a6bc50ba34e@group-B7D4842EC598-StateMachineUpdater: Took a snapshot at index 3
2019-10-03 14:21:00,449 [e3fca03c-871d-4f2b-a590-0a6bc50ba34e@group-B7D4842EC598-StateMachineUpdater] INFO  impl.StateMachineUpdater (StateMachineUpdater.java:lambda$new$0(84)) - e3fca03c-871d-4f2b-a590-0a6bc50ba34e@group-B7D4842EC598-StateMachineUpdater: snapshotIndex: updateIncreasingly 3 -> 3
2019-10-03 14:21:00,449 [main] INFO  impl.RaftServerImpl (ServerState.java:close(387)) - e3fca03c-871d-4f2b-a590-0a6bc50ba34e@group-B7D4842EC598: closes. applyIndex: 6
2019-10-03 14:21:00,450 [e3fca03c-871d-4f2b-a590-0a6bc50ba34e@group-B7D4842EC598-SegmentedRaftLogWorker] INFO  segmented.SegmentedRaftLogWorker (SegmentedRaftLogWorker.java:run(316)) - e3fca03c-871d-4f2b-a590-0a6bc50ba34e@group-B7D4842EC598-SegmentedRaftLogWorker was interrupted, exiting. There are 0 tasks remaining in the queue.
2019-10-03 14:21:00,451 [main] INFO  segmented.SegmentedRaftLogWorker (SegmentedRaftLogWorker.java:close(224)) - e3fca03c-871d-4f2b-a590-0a6bc50ba34e@group-B7D4842EC598-SegmentedRaftLogWorker close()
2019-10-03 14:21:00,452 [main] INFO  server.GrpcService (GrpcService.java:closeImpl(164)) - e3fca03c-871d-4f2b-a590-0a6bc50ba34e: shutdown server with port 43919 now
2019-10-03 14:21:00,455 [grpc-default-executor-5] WARN  server.GrpcServerProtocolService (LogUtils.java:warn(134)) - e3fca03c-871d-4f2b-a590-0a6bc50ba34e: installSnapshot onError, lastRequest: 9aa8a181-5e95-4085-b2b9-b5640fe8e826->e3fca03c-871d-4f2b-a590-0a6bc50ba34e#12-t7, previous=(t:7, i:6), leaderCommit=6, initializing? false, entries: <empty>: org.apache.ratis.thirdparty.io.grpc.StatusRuntimeException: CANCELLED: cancelled before receiving half close
2019-10-03 14:21:00,456 [grpc-default-executor-3] WARN  server.GrpcLogAppender (LogUtils.java:warn(134)) - 9aa8a181-5e95-4085-b2b9-b5640fe8e826@group-B7D4842EC598->e3fca03c-871d-4f2b-a590-0a6bc50ba34e-AppendLogResponseHandler: Failed appendEntries: org.apache.ratis.thirdparty.io.grpc.StatusRuntimeException: CANCELLED: HTTP/2 error code: CANCEL
Received Rst Stream
2019-10-03 14:21:00,456 [main] INFO  server.GrpcService (GrpcService.java:closeImpl(172)) - e3fca03c-871d-4f2b-a590-0a6bc50ba34e: shutdown server with port 43919 successfully
2019-10-03 14:21:00,456 [grpc-default-executor-3] INFO  impl.FollowerInfo (FollowerInfo.java:lambda$new$0(51)) - 9aa8a181-5e95-4085-b2b9-b5640fe8e826@group-B7D4842EC598->e3fca03c-871d-4f2b-a590-0a6bc50ba34e: nextIndex: updateUnconditionally 7 -> 6
2019-10-03 14:21:00,458 [refreshUsed-/workdir/hadoop-ozone/integration-test/target/test-dir/MiniOzoneClusterImpl-559a310c-7f81-4ef4-b30f-984a6e637ed4/datanode-2/data/containers] WARN  fs.CachingGetSpaceUsed (CachingGetSpaceUsed.java:run(183)) - Thread Interrupted waiting to refresh disk information: sleep interrupted
2019-10-03 14:21:00,475 [main] INFO  utils.BackgroundService (BackgroundService.java:shutdown(148)) - Shutting down service BlockDeletingService
2019-10-03 14:21:00,478 [main] INFO  statemachine.DatanodeStateMachine (DatanodeStateMachine.java:stopDaemon(395)) - Ozone container server stopped.
2019-10-03 14:21:00,479 [main] INFO  handler.ContextHandler (ContextHandler.java:doStop(910)) - Stopped o.e.j.w.WebAppContext@608fe01f{/,null,UNAVAILABLE}{/hddsDatanode}
2019-10-03 14:21:00,480 [main] INFO  server.AbstractConnector (AbstractConnector.java:doStop(318)) - Stopped ServerConnector@2687725a{HTTP/1.1,[http/1.1]}{0.0.0.0:0}
2019-10-03 14:21:00,480 [main] INFO  handler.ContextHandler (ContextHandler.java:doStop(910)) - Stopped o.e.j.s.ServletContextHandler@9679750{/static,jar:file:/home/user/.m2/repository/org/apache/hadoop/hadoop-hdds-container-service/0.5.0-SNAPSHOT/hadoop-hdds-container-service-0.5.0-SNAPSHOT.jar!/webapps/static,UNAVAILABLE}
2019-10-03 14:21:00,481 [main] INFO  handler.ContextHandler (ContextHandler.java:doStop(910)) - Stopped o.e.j.s.ServletContextHandler@17dd671f{/logs,file:///workdir/hadoop-ozone/integration-test/target/log,UNAVAILABLE}
2019-10-03 14:21:01,119 [Datanode State Machine Thread - 0] INFO  statemachine.DatanodeStateMachine (DatanodeStateMachine.java:lambda$startDaemon$0(350)) - Ozone container server started.
2019-10-03 14:21:02,953 [grpc-default-executor-7] WARN  server.GrpcLogAppender (LogUtils.java:warn(134)) - 9aa8a181-5e95-4085-b2b9-b5640fe8e826@group-B7D4842EC598->e3fca03c-871d-4f2b-a590-0a6bc50ba34e-AppendLogResponseHandler: Failed appendEntries: org.apache.ratis.thirdparty.io.grpc.StatusRuntimeException: UNAVAILABLE: io exception
2019-10-03 14:21:02,953 [grpc-default-executor-6] WARN  server.GrpcLogAppender (LogUtils.java:warn(134)) - 9aa8a181-5e95-4085-b2b9-b5640fe8e826@group-B7D4842EC598->bff10409-08f6-4d81-9276-c68ae06c2fc9-AppendLogResponseHandler: Failed appendEntries: org.apache.ratis.thirdparty.io.grpc.StatusRuntimeException: UNAVAILABLE: io exception
2019-10-03 14:21:02,955 [grpc-default-executor-6] INFO  impl.FollowerInfo (FollowerInfo.java:lambda$new$0(51)) - 9aa8a181-5e95-4085-b2b9-b5640fe8e826@group-B7D4842EC598->bff10409-08f6-4d81-9276-c68ae06c2fc9: nextIndex: updateUnconditionally 0 -> 0
2019-10-03 14:21:02,955 [grpc-default-executor-7] INFO  impl.FollowerInfo (FollowerInfo.java:lambda$new$0(51)) - 9aa8a181-5e95-4085-b2b9-b5640fe8e826@group-B7D4842EC598->e3fca03c-871d-4f2b-a590-0a6bc50ba34e: nextIndex: updateUnconditionally 6 -> 5
2019-10-03 14:21:05,439 [ForkJoinPool.commonPool-worker-0] INFO  ozoneimpl.OzoneContainer (OzoneContainer.java:stop(231)) - Attempting to stop container services.
2019-10-03 14:21:05,440 [ForkJoinPool.commonPool-worker-0] INFO  impl.RaftServerProxy (RaftServerProxy.java:lambda$close$4(314)) - 9aa8a181-5e95-4085-b2b9-b5640fe8e826: close
2019-10-03 14:21:05,441 [ForkJoinPool.commonPool-worker-0] INFO  impl.RaftServerImpl (RaftServerImpl.java:lambda$shutdown$3(247)) - 9aa8a181-5e95-4085-b2b9-b5640fe8e826@group-950137B74A58: shutdown
2019-10-03 14:21:05,441 [ForkJoinPool.commonPool-worker-0] INFO  util.JmxRegister (JmxRegister.java:unregister(73)) - Successfully un-registered JMX Bean with object name Ratis:service=RaftServer,group=group-950137B74A58,id=9aa8a181-5e95-4085-b2b9-b5640fe8e826
2019-10-03 14:21:05,441 [ForkJoinPool.commonPool-worker-0] INFO  impl.RoleInfo (RoleInfo.java:shutdownLeaderState(104)) - 9aa8a181-5e95-4085-b2b9-b5640fe8e826: shutdown LeaderState
2019-10-03 14:21:05,442 [ForkJoinPool.commonPool-worker-0] INFO  impl.PendingRequests (PendingRequests.java:sendNotLeaderResponses(202)) - 9aa8a181-5e95-4085-b2b9-b5640fe8e826@group-950137B74A58-PendingRequests: sendNotLeaderResponses
2019-10-03 14:21:05,442 [ForkJoinPool.commonPool-worker-0] INFO  impl.StateMachineUpdater (StateMachineUpdater.java:stopAndJoin(136)) - 9aa8a181-5e95-4085-b2b9-b5640fe8e826@group-950137B74A58-StateMachineUpdater: set stopIndex = 0
2019-10-03 14:21:05,443 [ForkJoinPool.commonPool-worker-0] INFO  impl.RaftServerImpl (ServerState.java:close(387)) - 9aa8a181-5e95-4085-b2b9-b5640fe8e826@group-950137B74A58: closes. applyIndex: 0
2019-10-03 14:21:05,443 [9aa8a181-5e95-4085-b2b9-b5640fe8e826@group-950137B74A58-SegmentedRaftLogWorker] INFO  segmented.SegmentedRaftLogWorker (SegmentedRaftLogWorker.java:run(316)) - 9aa8a181-5e95-4085-b2b9-b5640fe8e826@group-950137B74A58-SegmentedRaftLogWorker was interrupted, exiting. There are 0 tasks remaining in the queue.
2019-10-03 14:21:05,445 [ForkJoinPool.commonPool-worker-0] INFO  segmented.SegmentedRaftLogWorker (SegmentedRaftLogWorker.java:close(224)) - 9aa8a181-5e95-4085-b2b9-b5640fe8e826@group-950137B74A58-SegmentedRaftLogWorker close()
2019-10-03 14:21:05,446 [ForkJoinPool.commonPool-worker-0] INFO  impl.RaftServerImpl (RaftServerImpl.java:lambda$shutdown$3(247)) - 9aa8a181-5e95-4085-b2b9-b5640fe8e826@group-B7D4842EC598: shutdown
2019-10-03 14:21:05,447 [ForkJoinPool.commonPool-worker-0] INFO  util.JmxRegister (JmxRegister.java:unregister(73)) - Successfully un-registered JMX Bean with object name Ratis:service=RaftServer,group=group-B7D4842EC598,id=9aa8a181-5e95-4085-b2b9-b5640fe8e826
2019-10-03 14:21:05,447 [ForkJoinPool.commonPool-worker-0] INFO  impl.RoleInfo (RoleInfo.java:shutdownLeaderState(104)) - 9aa8a181-5e95-4085-b2b9-b5640fe8e826: shutdown LeaderState
2019-10-03 14:21:05,449 [ForkJoinPool.commonPool-worker-0] INFO  impl.PendingRequests (PendingRequests.java:sendNotLeaderResponses(202)) - 9aa8a181-5e95-4085-b2b9-b5640fe8e826@group-B7D4842EC598-PendingRequests: sendNotLeaderResponses
2019-10-03 14:21:05,449 [org.apache.ratis.server.impl.LogAppender$AppenderDaemon$$Lambda$519/72802358@1ac6faa1] WARN  server.GrpcLogAppender (GrpcLogAppender.java:mayWait(143)) - 9aa8a181-5e95-4085-b2b9-b5640fe8e826@group-B7D4842EC598->bff10409-08f6-4d81-9276-c68ae06c2fc9-GrpcLogAppender: Wait interrupted by java.lang.InterruptedException
2019-10-03 14:21:05,449 [org.apache.ratis.server.impl.LogAppender$AppenderDaemon$$Lambda$519/72802358@58305740] WARN  server.GrpcLogAppender (GrpcLogAppender.java:mayWait(143)) - 9aa8a181-5e95-4085-b2b9-b5640fe8e826@group-B7D4842EC598->e3fca03c-871d-4f2b-a590-0a6bc50ba34e-GrpcLogAppender: Wait interrupted by java.lang.InterruptedException
2019-10-03 14:21:05,450 [ForkJoinPool.commonPool-worker-0] INFO  impl.StateMachineUpdater (StateMachineUpdater.java:stopAndJoin(136)) - 9aa8a181-5e95-4085-b2b9-b5640fe8e826@group-B7D4842EC598-StateMachineUpdater: set stopIndex = 6
2019-10-03 14:21:05,450 [9aa8a181-5e95-4085-b2b9-b5640fe8e826@group-B7D4842EC598-StateMachineUpdater] INFO  ratis.ContainerStateMachine (ContainerStateMachine.java:takeSnapshot(293)) - group-B7D4842EC598: Taking a snapshot at:(t:5, i:3) file /workdir/hadoop-ozone/integration-test/target/test-dir/MiniOzoneClusterImpl-559a310c-7f81-4ef4-b30f-984a6e637ed4/datanode-0/data/ratis/e9048732-3b49-4b13-a574-b7d4842ec598/sm/snapshot.5_3
2019-10-03 14:21:05,464 [9aa8a181-5e95-4085-b2b9-b5640fe8e826@group-B7D4842EC598-StateMachineUpdater] INFO  ratis.ContainerStateMachine (ContainerStateMachine.java:takeSnapshot(304)) - group-B7D4842EC598: Finished taking a snapshot at:(t:5, i:3) file:/workdir/hadoop-ozone/integration-test/target/test-dir/MiniOzoneClusterImpl-559a310c-7f81-4ef4-b30f-984a6e637ed4/datanode-0/data/ratis/e9048732-3b49-4b13-a574-b7d4842ec598/sm/snapshot.5_3 time:14
2019-10-03 14:21:05,464 [9aa8a181-5e95-4085-b2b9-b5640fe8e826@group-B7D4842EC598-StateMachineUpdater] INFO  impl.StateMachineUpdater (StateMachineUpdater.java:takeSnapshot(269)) - 9aa8a181-5e95-4085-b2b9-b5640fe8e826@group-B7D4842EC598-StateMachineUpdater: Took a snapshot at index 3
2019-10-03 14:21:05,464 [9aa8a181-5e95-4085-b2b9-b5640fe8e826@group-B7D4842EC598-StateMachineUpdater] INFO  impl.StateMachineUpdater (StateMachineUpdater.java:lambda$new$0(84)) - 9aa8a181-5e95-4085-b2b9-b5640fe8e826@group-B7D4842EC598-StateMachineUpdater: snapshotIndex: updateIncreasingly -1 -> 3
2019-10-03 14:21:05,465 [9aa8a181-5e95-4085-b2b9-b5640fe8e826@group-B7D4842EC598-StateMachineUpdater] INFO  ratis.ContainerStateMachine (ContainerStateMachine.java:takeSnapshot(293)) - group-B7D4842EC598: Taking a snapshot at:(t:5, i:3) file /workdir/hadoop-ozone/integration-test/target/test-dir/MiniOzoneClusterImpl-559a310c-7f81-4ef4-b30f-984a6e637ed4/datanode-0/data/ratis/e9048732-3b49-4b13-a574-b7d4842ec598/sm/snapshot.5_3
2019-10-03 14:21:05,488 [9aa8a181-5e95-4085-b2b9-b5640fe8e826@group-B7D4842EC598-StateMachineUpdater] INFO  ratis.ContainerStateMachine (ContainerStateMachine.java:takeSnapshot(304)) - group-B7D4842EC598: Finished taking a snapshot at:(t:5, i:3) file:/workdir/hadoop-ozone/integration-test/target/test-dir/MiniOzoneClusterImpl-559a310c-7f81-4ef4-b30f-984a6e637ed4/datanode-0/data/ratis/e9048732-3b49-4b13-a574-b7d4842ec598/sm/snapshot.5_3 time:22
2019-10-03 14:21:05,488 [9aa8a181-5e95-4085-b2b9-b5640fe8e826@group-B7D4842EC598-StateMachineUpdater] INFO  impl.StateMachineUpdater (StateMachineUpdater.java:takeSnapshot(269)) - 9aa8a181-5e95-4085-b2b9-b5640fe8e826@group-B7D4842EC598-StateMachineUpdater: Took a snapshot at index 3
2019-10-03 14:21:05,488 [9aa8a181-5e95-4085-b2b9-b5640fe8e826@group-B7D4842EC598-StateMachineUpdater] INFO  impl.StateMachineUpdater (StateMachineUpdater.java:lambda$new$0(84)) - 9aa8a181-5e95-4085-b2b9-b5640fe8e826@group-B7D4842EC598-StateMachineUpdater: snapshotIndex: updateIncreasingly 3 -> 3
2019-10-03 14:21:05,488 [ForkJoinPool.commonPool-worker-0] INFO  impl.RaftServerImpl (ServerState.java:close(387)) - 9aa8a181-5e95-4085-b2b9-b5640fe8e826@group-B7D4842EC598: closes. applyIndex: 6
2019-10-03 14:21:05,489 [9aa8a181-5e95-4085-b2b9-b5640fe8e826@group-B7D4842EC598-SegmentedRaftLogWorker] INFO  segmented.SegmentedRaftLogWorker (SegmentedRaftLogWorker.java:run(316)) - 9aa8a181-5e95-4085-b2b9-b5640fe8e826@group-B7D4842EC598-SegmentedRaftLogWorker was interrupted, exiting. There are 0 tasks remaining in the queue.
2019-10-03 14:21:05,490 [ForkJoinPool.commonPool-worker-0] INFO  segmented.SegmentedRaftLogWorker (SegmentedRaftLogWorker.java:close(224)) - 9aa8a181-5e95-4085-b2b9-b5640fe8e826@group-B7D4842EC598-SegmentedRaftLogWorker close()
2019-10-03 14:21:05,492 [ForkJoinPool.commonPool-worker-0] INFO  server.GrpcService (GrpcService.java:closeImpl(164)) - 9aa8a181-5e95-4085-b2b9-b5640fe8e826: shutdown server with port 40497 now
2019-10-03 14:21:05,492 [ForkJoinPool.commonPool-worker-0] INFO  server.GrpcService (GrpcService.java:closeImpl(172)) - 9aa8a181-5e95-4085-b2b9-b5640fe8e826: shutdown server with port 40497 successfully
2019-10-03 14:21:05,504 [refreshUsed-/workdir/hadoop-ozone/integration-test/target/test-dir/MiniOzoneClusterImpl-559a310c-7f81-4ef4-b30f-984a6e637ed4/datanode-0/data/containers] WARN  fs.CachingGetSpaceUsed (CachingGetSpaceUsed.java:run(183)) - Thread Interrupted waiting to refresh disk information: sleep interrupted
2019-10-03 14:21:05,518 [ForkJoinPool.commonPool-worker-0] INFO  utils.BackgroundService (BackgroundService.java:shutdown(148)) - Shutting down service BlockDeletingService
2019-10-03 14:21:05,521 [ForkJoinPool.commonPool-worker-0] INFO  statemachine.DatanodeStateMachine (DatanodeStateMachine.java:stopDaemon(395)) - Ozone container server stopped.
2019-10-03 14:21:05,523 [ForkJoinPool.commonPool-worker-0] INFO  handler.ContextHandler (ContextHandler.java:doStop(910)) - Stopped o.e.j.w.WebAppContext@4a7fd0c9{/,null,UNAVAILABLE}{/hddsDatanode}
2019-10-03 14:21:05,524 [ForkJoinPool.commonPool-worker-0] INFO  server.AbstractConnector (AbstractConnector.java:doStop(318)) - Stopped ServerConnector@722af99{HTTP/1.1,[http/1.1]}{0.0.0.0:0}
2019-10-03 14:21:05,525 [ForkJoinPool.commonPool-worker-0] INFO  handler.ContextHandler (ContextHandler.java:doStop(910)) - Stopped o.e.j.s.ServletContextHandler@617389a{/static,jar:file:/home/user/.m2/repository/org/apache/hadoop/hadoop-hdds-container-service/0.5.0-SNAPSHOT/hadoop-hdds-container-service-0.5.0-SNAPSHOT.jar!/webapps/static,UNAVAILABLE}
2019-10-03 14:21:05,525 [ForkJoinPool.commonPool-worker-0] INFO  handler.ContextHandler (ContextHandler.java:doStop(910)) - Stopped o.e.j.s.ServletContextHandler@37c36608{/logs,file:///workdir/hadoop-ozone/integration-test/target/log,UNAVAILABLE}
2019-10-03 14:21:05,526 [main] INFO  ozone.MiniOzoneClusterImpl (MiniOzoneClusterImpl.java:stopSCM(392)) - Stopping the StorageContainerManager
2019-10-03 14:21:05,526 [main] INFO  server.StorageContainerManager (StorageContainerManager.java:stop(808)) - Stopping Replication Manager Service.
2019-10-03 14:21:05,527 [main] INFO  container.ReplicationManager (ReplicationManager.java:stop(203)) - Stopping Replication Monitor Thread.
2019-10-03 14:21:05,527 [main] INFO  server.StorageContainerManager (StorageContainerManager.java:stop(815)) - Stopping Lease Manager of the command watchers
2019-10-03 14:21:05,527 [main] INFO  server.StorageContainerManager (StorageContainerManager.java:stop(822)) - Stopping datanode service RPC server
2019-10-03 14:21:05,527 [main] INFO  server.SCMDatanodeProtocolServer (SCMDatanodeProtocolServer.java:stop(346)) - Stopping the RPC server for DataNodes
2019-10-03 14:21:05,527 [main] INFO  ipc.Server (Server.java:stop(3082)) - Stopping server on 45214
2019-10-03 14:21:05,528 [IPC Server listener on 45214] INFO  ipc.Server (Server.java:run(1185)) - Stopping IPC Server listener on 45214
2019-10-03 14:21:05,528 [IPC Server Responder] INFO  ipc.Server (Server.java:run(1319)) - Stopping IPC Server Responder
2019-10-03 14:21:05,580 [SCM Heartbeat Processing Thread - 0] WARN  node.NodeStateManager (NodeStateManager.java:scheduleNextHealthCheck(646)) - Current Thread is interrupted, shutting down HB processing thread for Node Manager.
2019-10-03 14:21:05,581 [main] INFO  server.StorageContainerManager (StorageContainerManager.java:stop(830)) - Stopping block service RPC server
2019-10-03 14:21:05,581 [main] INFO  server.SCMBlockProtocolServer (SCMBlockProtocolServer.java:stop(155)) - Stopping the RPC server for Block Protocol
2019-10-03 14:21:05,581 [main] INFO  ipc.Server (Server.java:stop(3082)) - Stopping server on 46530
2019-10-03 14:21:05,582 [IPC Server listener on 46530] INFO  ipc.Server (Server.java:run(1185)) - Stopping IPC Server listener on 46530
2019-10-03 14:21:05,582 [main] INFO  server.StorageContainerManager (StorageContainerManager.java:stop(837)) - Stopping the StorageContainerLocationProtocol RPC server
2019-10-03 14:21:05,582 [IPC Server Responder] INFO  ipc.Server (Server.java:run(1319)) - Stopping IPC Server Responder
2019-10-03 14:21:05,583 [main] INFO  server.SCMClientProtocolServer (SCMClientProtocolServer.java:stop(168)) - Stopping the RPC server for Client Protocol
2019-10-03 14:21:05,583 [main] INFO  ipc.Server (Server.java:stop(3082)) - Stopping server on 37904
2019-10-03 14:21:05,584 [IPC Server listener on 37904] INFO  ipc.Server (Server.java:run(1185)) - Stopping IPC Server listener on 37904
2019-10-03 14:21:05,584 [main] INFO  server.StorageContainerManager (StorageContainerManager.java:stop(844)) - Stopping Storage Container Manager HTTP server.
2019-10-03 14:21:05,584 [IPC Server Responder] INFO  ipc.Server (Server.java:run(1319)) - Stopping IPC Server Responder
2019-10-03 14:21:05,586 [main] INFO  handler.ContextHandler (ContextHandler.java:doStop(910)) - Stopped o.e.j.w.WebAppContext@64f857e7{/,null,UNAVAILABLE}{/scm}
2019-10-03 14:21:05,586 [main] INFO  server.AbstractConnector (AbstractConnector.java:doStop(318)) - Stopped ServerConnector@617fe9e1{HTTP/1.1,[http/1.1]}{0.0.0.0:0}
2019-10-03 14:21:05,587 [main] INFO  handler.ContextHandler (ContextHandler.java:doStop(910)) - Stopped o.e.j.s.ServletContextHandler@44040454{/static,file:///workdir/hadoop-ozone/integration-test/target/test-classes/webapps/static,UNAVAILABLE}
2019-10-03 14:21:05,587 [main] INFO  handler.ContextHandler (ContextHandler.java:doStop(910)) - Stopped o.e.j.s.ServletContextHandler@4c550889{/logs,file:///workdir/hadoop-ozone/integration-test/target/log,UNAVAILABLE}
2019-10-03 14:21:05,588 [main] INFO  server.StorageContainerManager (StorageContainerManager.java:stop(855)) - Stopping Block Manager Service.
2019-10-03 14:21:05,588 [main] INFO  utils.BackgroundService (BackgroundService.java:shutdown(148)) - Shutting down service SCMBlockDeletingService
2019-10-03 14:21:05,588 [main] INFO  utils.BackgroundService (BackgroundService.java:shutdown(148)) - Shutting down service SCMBlockDeletingService
2019-10-03 14:21:05,589 [main] INFO  server.StorageContainerManager (StorageContainerManager.java:stop(877)) - Stopping SCM Event Queue.
2019-10-03 14:21:05,596 [main] INFO  impl.MetricsSystemImpl (MetricsSystemImpl.java:stop(210)) - Stopping XceiverClientMetrics metrics system...
2019-10-03 14:21:05,604 [prometheus] INFO  impl.MetricsSinkAdapter (MetricsSinkAdapter.java:publishMetricsFromQueue(141)) - prometheus thread interrupted.
2019-10-03 14:21:05,604 [main] INFO  impl.MetricsSystemImpl (MetricsSystemImpl.java:stop(216)) - XceiverClientMetrics metrics system stopped.
]]></system-out>
    <system-err><![CDATA[ERROR StatusLogger No Log4j 2 configuration file found. Using default configuration (logging only errors to the console), or user programmatically provided configurations. Set system property 'log4j2.debug' to show Log4j 2 internal initialization logging. See https://logging.apache.org/log4j/2.x/manual/configuration.html for instructions on how to configure Log4j 2
Oct 03, 2019 2:21:00 PM org.apache.ratis.thirdparty.io.grpc.internal.SerializingExecutor run
SEVERE: Exception while executing runnable org.apache.ratis.thirdparty.io.grpc.internal.ServerImpl$JumpToApplicationThreadServerStreamListener$1Closed@106ea20f
org.apache.ratis.thirdparty.io.grpc.StatusRuntimeException: CANCELLED: call already cancelled
	at org.apache.ratis.thirdparty.io.grpc.Status.asRuntimeException(Status.java:517)
	at org.apache.ratis.thirdparty.io.grpc.stub.ServerCalls$ServerCallStreamObserverImpl.onCompleted(ServerCalls.java:356)
	at org.apache.ratis.grpc.server.GrpcServerProtocolService$ServerRequestStreamObserver.onError(GrpcServerProtocolService.java:121)
	at org.apache.ratis.thirdparty.io.grpc.stub.ServerCalls$StreamingServerCallHandler$StreamingServerCallListener.onCancel(ServerCalls.java:269)
	at org.apache.ratis.thirdparty.io.grpc.internal.ServerCallImpl$ServerStreamListenerImpl.closed(ServerCallImpl.java:293)
	at org.apache.ratis.thirdparty.io.grpc.internal.ServerImpl$JumpToApplicationThreadServerStreamListener$1Closed.runInContext(ServerImpl.java:741)
	at org.apache.ratis.thirdparty.io.grpc.internal.ContextRunnable.run(ContextRunnable.java:37)
	at org.apache.ratis.thirdparty.io.grpc.internal.SerializingExecutor.run(SerializingExecutor.java:123)
	at java.util.concurrent.ThreadPoolExecutor.runWorker(ThreadPoolExecutor.java:1149)
	at java.util.concurrent.ThreadPoolExecutor$Worker.run(ThreadPoolExecutor.java:624)
	at java.lang.Thread.run(Thread.java:748)

]]></system-err>
  </testcase>
</testsuite>