<?xml version="1.0" encoding="UTF-8"?>
<testsuite xmlns:xsi="http://www.w3.org/2001/XMLSchema-instance" xsi:noNamespaceSchemaLocation="https://maven.apache.org/surefire/maven-surefire-plugin/xsd/surefire-test-report.xsd" name="org.apache.hadoop.ozone.freon.TestDataValidateWithDummyContainers" time="237.126" tests="3" errors="2" skipped="0" failures="0">
  <properties>
    <property name="awt.toolkit" value="sun.awt.X11.XToolkit"/>
    <property name="file.encoding.pkg" value="sun.io"/>
    <property name="java.specification.version" value="1.8"/>
    <property name="sun.cpu.isalist" value=""/>
    <property name="sun.jnu.encoding" value="ANSI_X3.4-1968"/>
    <property name="java.class.path" value="/workdir/hadoop-ozone/tools/target/test-classes:/workdir/hadoop-ozone/tools/target/classes:/home/user/.m2/repository/org/apache/hadoop/hadoop-ozone-ozone-manager/0.5.0-SNAPSHOT/hadoop-ozone-ozone-manager-0.5.0-SNAPSHOT.jar:/home/user/.m2/repository/org/apache/hadoop/hadoop-hdds-docs/0.5.0-SNAPSHOT/hadoop-hdds-docs-0.5.0-SNAPSHOT.jar:/home/user/.m2/repository/org/bouncycastle/bcprov-jdk15on/1.60/bcprov-jdk15on-1.60.jar:/home/user/.m2/repository/org/apache/hadoop/hadoop-ozone-common/0.5.0-SNAPSHOT/hadoop-ozone-common-0.5.0-SNAPSHOT.jar:/home/user/.m2/repository/org/apache/commons/commons-compress/1.4.1/commons-compress-1.4.1.jar:/home/user/.m2/repository/org/tukaani/xz/1.0/xz-1.0.jar:/home/user/.m2/repository/org/apache/hadoop/hadoop-hdfs-client/3.2.0/hadoop-hdfs-client-3.2.0.jar:/home/user/.m2/repository/com/fasterxml/jackson/core/jackson-annotations/2.9.9/jackson-annotations-2.9.9.jar:/home/user/.m2/repository/org/apache/hadoop/hadoop-hdds-common/0.5.0-SNAPSHOT/hadoop-hdds-common-0.5.0-SNAPSHOT.jar:/home/user/.m2/repository/org/apache/hadoop/hadoop-hdds-config/0.5.0-SNAPSHOT/hadoop-hdds-config-0.5.0-SNAPSHOT.jar:/home/user/.m2/repository/javax/annotation/javax.annotation-api/1.2/javax.annotation-api-1.2.jar:/home/user/.m2/repository/org/apache/ratis/ratis-server/0.5.0-3f446aa-SNAPSHOT/ratis-server-0.5.0-3f446aa-SNAPSHOT.jar:/home/user/.m2/repository/org/apache/ratis/ratis-thirdparty-misc/0.2.0/ratis-thirdparty-misc-0.2.0.jar:/home/user/.m2/repository/org/apache/ratis/ratis-proto/0.5.0-3f446aa-SNAPSHOT/ratis-proto-0.5.0-3f446aa-SNAPSHOT.jar:/home/user/.m2/repository/org/apache/ratis/ratis-common/0.5.0-3f446aa-SNAPSHOT/ratis-common-0.5.0-3f446aa-SNAPSHOT.jar:/home/user/.m2/repository/org/apache/ratis/ratis-client/0.5.0-3f446aa-SNAPSHOT/ratis-client-0.5.0-3f446aa-SNAPSHOT.jar:/home/user/.m2/repository/org/apache/ratis/ratis-metrics/0.5.0-3f446aa-SNAPSHOT/ratis-metrics-0.5.0-3f446aa-SNAPSHOT.jar:/home/user/.m2/repository/com/github/joshelser/dropwizard-metrics-hadoop-metrics2-reporter/0.1.2/dropwizard-metrics-hadoop-metrics2-reporter-0.1.2.jar:/home/user/.m2/repository/io/dropwizard/metrics/metrics-jvm/3.2.5/metrics-jvm-3.2.5.jar:/home/user/.m2/repository/io/dropwizard/metrics/metrics-ganglia/3.2.5/metrics-ganglia-3.2.5.jar:/home/user/.m2/repository/info/ganglia/gmetric4j/gmetric4j/1.0.7/gmetric4j-1.0.7.jar:/home/user/.m2/repository/org/apache/ratis/ratis-netty/0.5.0-3f446aa-SNAPSHOT/ratis-netty-0.5.0-3f446aa-SNAPSHOT.jar:/home/user/.m2/repository/org/apache/ratis/ratis-grpc/0.5.0-3f446aa-SNAPSHOT/ratis-grpc-0.5.0-3f446aa-SNAPSHOT.jar:/home/user/.m2/repository/org/rocksdb/rocksdbjni/6.0.1/rocksdbjni-6.0.1.jar:/home/user/.m2/repository/org/apache/logging/log4j/log4j-api/2.11.0/log4j-api-2.11.0.jar:/home/user/.m2/repository/org/apache/logging/log4j/log4j-core/2.11.0/log4j-core-2.11.0.jar:/home/user/.m2/repository/com/lmax/disruptor/3.4.2/disruptor-3.4.2.jar:/home/user/.m2/repository/org/apache/commons/commons-pool2/2.6.0/commons-pool2-2.6.0.jar:/home/user/.m2/repository/org/bouncycastle/bcpkix-jdk15on/1.60/bcpkix-jdk15on-1.60.jar:/home/user/.m2/repository/commons-validator/commons-validator/1.6/commons-validator-1.6.jar:/home/user/.m2/repository/commons-digester/commons-digester/1.8.1/commons-digester-1.8.1.jar:/home/user/.m2/repository/io/jaegertracing/jaeger-client/0.34.0/jaeger-client-0.34.0.jar:/home/user/.m2/repository/io/jaegertracing/jaeger-thrift/0.34.0/jaeger-thrift-0.34.0.jar:/home/user/.m2/repository/org/apache/thrift/libthrift/0.12.0/libthrift-0.12.0.jar:/home/user/.m2/repository/com/squareup/okhttp3/okhttp/3.9.0/okhttp-3.9.0.jar:/home/user/.m2/repository/com/squareup/okio/okio/1.13.0/okio-1.13.0.jar:/home/user/.m2/repository/io/jaegertracing/jaeger-core/0.34.0/jaeger-core-0.34.0.jar:/home/user/.m2/repository/io/jaegertracing/jaeger-tracerresolver/0.34.0/jaeger-tracerresolver-0.34.0.jar:/home/user/.m2/repository/io/opentracing/contrib/opentracing-tracerresolver/0.1.5/opentracing-tracerresolver-0.1.5.jar:/home/user/.m2/repository/io/opentracing/opentracing-util/0.31.0/opentracing-util-0.31.0.jar:/home/user/.m2/repository/io/opentracing/opentracing-api/0.31.0/opentracing-api-0.31.0.jar:/home/user/.m2/repository/io/opentracing/opentracing-noop/0.31.0/opentracing-noop-0.31.0.jar:/home/user/.m2/repository/org/yaml/snakeyaml/1.16/snakeyaml-1.16.jar:/home/user/.m2/repository/org/apache/hadoop/hadoop-hdds-container-service/0.5.0-SNAPSHOT/hadoop-hdds-container-service-0.5.0-SNAPSHOT.jar:/home/user/.m2/repository/org/apache/hadoop/hadoop-hdds-client/0.5.0-SNAPSHOT/hadoop-hdds-client-0.5.0-SNAPSHOT.jar:/home/user/.m2/repository/org/apache/hadoop/hadoop-hdds-tools/0.5.0-SNAPSHOT/hadoop-hdds-tools-0.5.0-SNAPSHOT.jar:/home/user/.m2/repository/org/xerial/sqlite-jdbc/3.25.2/sqlite-jdbc-3.25.2.jar:/home/user/.m2/repository/org/apache/hadoop/hadoop-hdds-server-scm/0.5.0-SNAPSHOT/hadoop-hdds-server-scm-0.5.0-SNAPSHOT.jar:/home/user/.m2/repository/org/hamcrest/hamcrest-all/1.3/hamcrest-all-1.3.jar:/home/user/.m2/repository/info/picocli/picocli/3.9.6/picocli-3.9.6.jar:/home/user/.m2/repository/com/google/protobuf/protobuf-java/2.5.0/protobuf-java-2.5.0.jar:/home/user/.m2/repository/com/google/guava/guava/11.0.2/guava-11.0.2.jar:/home/user/.m2/repository/org/apache/hadoop/hadoop-ozone-client/0.5.0-SNAPSHOT/hadoop-ozone-client-0.5.0-SNAPSHOT.jar:/workdir/hadoop-ozone/ozonefs/target/classes:/home/user/.m2/repository/org/apache/httpcomponents/httpclient/4.5.2/httpclient-4.5.2.jar:/home/user/.m2/repository/org/apache/httpcomponents/httpcore/4.4.4/httpcore-4.4.4.jar:/home/user/.m2/repository/org/apache/hadoop/hadoop-hdds-server-framework/0.5.0-SNAPSHOT/hadoop-hdds-server-framework-0.5.0-SNAPSHOT.jar:/home/user/.m2/repository/org/apache/hadoop/hadoop-common/3.2.0/hadoop-common-3.2.0.jar:/home/user/.m2/repository/org/apache/hadoop/hadoop-annotations/3.2.0/hadoop-annotations-3.2.0.jar:/usr/lib/jvm/java-1.8.0-openjdk-1.8.0.222.b10-1.el7_7.x86_64/jre/../lib/tools.jar:/home/user/.m2/repository/commons-cli/commons-cli/1.2/commons-cli-1.2.jar:/home/user/.m2/repository/org/apache/commons/commons-math3/3.1.1/commons-math3-3.1.1.jar:/home/user/.m2/repository/commons-codec/commons-codec/1.11/commons-codec-1.11.jar:/home/user/.m2/repository/commons-io/commons-io/2.5/commons-io-2.5.jar:/home/user/.m2/repository/commons-net/commons-net/3.6/commons-net-3.6.jar:/home/user/.m2/repository/commons-collections/commons-collections/3.2.2/commons-collections-3.2.2.jar:/home/user/.m2/repository/javax/servlet/javax.servlet-api/3.1.0/javax.servlet-api-3.1.0.jar:/home/user/.m2/repository/org/eclipse/jetty/jetty-server/9.3.25.v20180904/jetty-server-9.3.25.v20180904.jar:/home/user/.m2/repository/org/eclipse/jetty/jetty-http/9.3.25.v20180904/jetty-http-9.3.25.v20180904.jar:/home/user/.m2/repository/org/eclipse/jetty/jetty-io/9.3.25.v20180904/jetty-io-9.3.25.v20180904.jar:/home/user/.m2/repository/org/eclipse/jetty/jetty-util/9.3.25.v20180904/jetty-util-9.3.25.v20180904.jar:/home/user/.m2/repository/org/eclipse/jetty/jetty-servlet/9.3.25.v20180904/jetty-servlet-9.3.25.v20180904.jar:/home/user/.m2/repository/org/eclipse/jetty/jetty-security/9.3.25.v20180904/jetty-security-9.3.25.v20180904.jar:/home/user/.m2/repository/org/eclipse/jetty/jetty-webapp/9.3.25.v20180904/jetty-webapp-9.3.25.v20180904.jar:/home/user/.m2/repository/org/eclipse/jetty/jetty-xml/9.3.25.v20180904/jetty-xml-9.3.25.v20180904.jar:/home/user/.m2/repository/javax/servlet/jsp/jsp-api/2.1/jsp-api-2.1.jar:/home/user/.m2/repository/com/sun/jersey/jersey-core/1.19/jersey-core-1.19.jar:/home/user/.m2/repository/javax/ws/rs/jsr311-api/1.1.1/jsr311-api-1.1.1.jar:/home/user/.m2/repository/com/sun/jersey/jersey-servlet/1.19/jersey-servlet-1.19.jar:/home/user/.m2/repository/com/sun/jersey/jersey-json/1.19/jersey-json-1.19.jar:/home/user/.m2/repository/org/codehaus/jettison/jettison/1.1/jettison-1.1.jar:/home/user/.m2/repository/com/sun/xml/bind/jaxb-impl/2.3.0.1/jaxb-impl-2.3.0.1.jar:/home/user/.m2/repository/org/codehaus/jackson/jackson-core-asl/1.9.13/jackson-core-asl-1.9.13.jar:/home/user/.m2/repository/org/codehaus/jackson/jackson-mapper-asl/1.9.13/jackson-mapper-asl-1.9.13.jar:/home/user/.m2/repository/org/codehaus/jackson/jackson-jaxrs/1.9.13/jackson-jaxrs-1.9.13.jar:/home/user/.m2/repository/org/codehaus/jackson/jackson-xc/1.9.13/jackson-xc-1.9.13.jar:/home/user/.m2/repository/com/sun/jersey/jersey-server/1.19/jersey-server-1.19.jar:/home/user/.m2/repository/commons-logging/commons-logging/1.1.3/commons-logging-1.1.3.jar:/home/user/.m2/repository/log4j/log4j/1.2.17/log4j-1.2.17.jar:/home/user/.m2/repository/commons-beanutils/commons-beanutils/1.9.4/commons-beanutils-1.9.4.jar:/home/user/.m2/repository/org/apache/commons/commons-configuration2/2.1.1/commons-configuration2-2.1.1.jar:/home/user/.m2/repository/org/apache/commons/commons-lang3/3.7/commons-lang3-3.7.jar:/home/user/.m2/repository/org/apache/commons/commons-text/1.4/commons-text-1.4.jar:/home/user/.m2/repository/org/slf4j/slf4j-api/1.7.25/slf4j-api-1.7.25.jar:/home/user/.m2/repository/org/slf4j/slf4j-log4j12/1.7.25/slf4j-log4j12-1.7.25.jar:/home/user/.m2/repository/org/apache/avro/avro/1.7.7/avro-1.7.7.jar:/home/user/.m2/repository/com/thoughtworks/paranamer/paranamer/2.3/paranamer-2.3.jar:/home/user/.m2/repository/org/xerial/snappy/snappy-java/1.0.5/snappy-java-1.0.5.jar:/home/user/.m2/repository/com/google/re2j/re2j/1.1/re2j-1.1.jar:/home/user/.m2/repository/com/google/code/gson/gson/2.2.4/gson-2.2.4.jar:/home/user/.m2/repository/org/apache/hadoop/hadoop-auth/3.2.0/hadoop-auth-3.2.0.jar:/home/user/.m2/repository/com/nimbusds/nimbus-jose-jwt/4.41.1/nimbus-jose-jwt-4.41.1.jar:/home/user/.m2/repository/com/github/stephenc/jcip/jcip-annotations/1.0-1/jcip-annotations-1.0-1.jar:/home/user/.m2/repository/net/minidev/json-smart/2.3/json-smart-2.3.jar:/home/user/.m2/repository/net/minidev/accessors-smart/1.2/accessors-smart-1.2.jar:/home/user/.m2/repository/org/apache/curator/curator-framework/2.12.0/curator-framework-2.12.0.jar:/home/user/.m2/repository/com/jcraft/jsch/0.1.54/jsch-0.1.54.jar:/home/user/.m2/repository/org/apache/curator/curator-client/2.12.0/curator-client-2.12.0.jar:/home/user/.m2/repository/org/apache/curator/curator-recipes/2.12.0/curator-recipes-2.12.0.jar:/home/user/.m2/repository/com/google/code/findbugs/jsr305/3.0.0/jsr305-3.0.0.jar:/home/user/.m2/repository/org/apache/htrace/htrace-core4/4.1.0-incubating/htrace-core4-4.1.0-incubating.jar:/home/user/.m2/repository/org/apache/zookeeper/zookeeper/3.4.13/zookeeper-3.4.13.jar:/home/user/.m2/repository/jline/jline/0.9.94/jline-0.9.94.jar:/home/user/.m2/repository/org/apache/yetus/audience-annotations/0.5.0/audience-annotations-0.5.0.jar:/home/user/.m2/repository/org/apache/kerby/kerb-simplekdc/1.0.1/kerb-simplekdc-1.0.1.jar:/home/user/.m2/repository/org/apache/kerby/kerb-client/1.0.1/kerb-client-1.0.1.jar:/home/user/.m2/repository/org/apache/kerby/kerby-config/1.0.1/kerby-config-1.0.1.jar:/home/user/.m2/repository/org/apache/kerby/kerb-core/1.0.1/kerb-core-1.0.1.jar:/home/user/.m2/repository/org/apache/kerby/kerby-pkix/1.0.1/kerby-pkix-1.0.1.jar:/home/user/.m2/repository/org/apache/kerby/kerby-asn1/1.0.1/kerby-asn1-1.0.1.jar:/home/user/.m2/repository/org/apache/kerby/kerby-util/1.0.1/kerby-util-1.0.1.jar:/home/user/.m2/repository/org/apache/kerby/kerb-common/1.0.1/kerb-common-1.0.1.jar:/home/user/.m2/repository/org/apache/kerby/kerb-crypto/1.0.1/kerb-crypto-1.0.1.jar:/home/user/.m2/repository/org/apache/kerby/kerb-util/1.0.1/kerb-util-1.0.1.jar:/home/user/.m2/repository/org/apache/kerby/token-provider/1.0.1/token-provider-1.0.1.jar:/home/user/.m2/repository/org/apache/kerby/kerb-admin/1.0.1/kerb-admin-1.0.1.jar:/home/user/.m2/repository/org/apache/kerby/kerb-server/1.0.1/kerb-server-1.0.1.jar:/home/user/.m2/repository/org/apache/kerby/kerb-identity/1.0.1/kerb-identity-1.0.1.jar:/home/user/.m2/repository/org/apache/kerby/kerby-xdr/1.0.1/kerby-xdr-1.0.1.jar:/home/user/.m2/repository/com/fasterxml/jackson/core/jackson-databind/2.9.9/jackson-databind-2.9.9.jar:/home/user/.m2/repository/com/fasterxml/jackson/core/jackson-core/2.9.9/jackson-core-2.9.9.jar:/home/user/.m2/repository/org/codehaus/woodstox/stax2-api/3.1.4/stax2-api-3.1.4.jar:/home/user/.m2/repository/com/fasterxml/woodstox/woodstox-core/5.0.3/woodstox-core-5.0.3.jar:/home/user/.m2/repository/dnsjava/dnsjava/2.1.7/dnsjava-2.1.7.jar:/home/user/.m2/repository/org/apache/hadoop/hadoop-hdfs/3.2.0/hadoop-hdfs-3.2.0.jar:/home/user/.m2/repository/org/eclipse/jetty/jetty-util-ajax/9.3.25.v20180904/jetty-util-ajax-9.3.25.v20180904.jar:/home/user/.m2/repository/commons-daemon/commons-daemon/1.0.13/commons-daemon-1.0.13.jar:/home/user/.m2/repository/io/netty/netty/3.10.5.Final/netty-3.10.5.Final.jar:/home/user/.m2/repository/io/netty/netty-all/4.0.52.Final/netty-all-4.0.52.Final.jar:/home/user/.m2/repository/org/fusesource/leveldbjni/leveldbjni-all/1.8/leveldbjni-all-1.8.jar:/home/user/.m2/repository/com/sun/xml/bind/jaxb-core/2.3.0.1/jaxb-core-2.3.0.1.jar:/home/user/.m2/repository/javax/xml/bind/jaxb-api/2.3.0/jaxb-api-2.3.0.jar:/home/user/.m2/repository/javax/activation/activation/1.1.1/activation-1.1.1.jar:/home/user/.m2/repository/org/openjdk/jmh/jmh-core/1.19/jmh-core-1.19.jar:/home/user/.m2/repository/net/sf/jopt-simple/jopt-simple/4.6/jopt-simple-4.6.jar:/home/user/.m2/repository/org/openjdk/jmh/jmh-generator-annprocess/1.19/jmh-generator-annprocess-1.19.jar:/home/user/.m2/repository/io/dropwizard/metrics/metrics-core/3.2.4/metrics-core-3.2.4.jar:/home/user/.m2/repository/com/amazonaws/aws-java-sdk-s3/1.11.615/aws-java-sdk-s3-1.11.615.jar:/home/user/.m2/repository/com/amazonaws/aws-java-sdk-kms/1.11.615/aws-java-sdk-kms-1.11.615.jar:/home/user/.m2/repository/com/amazonaws/aws-java-sdk-core/1.11.615/aws-java-sdk-core-1.11.615.jar:/home/user/.m2/repository/software/amazon/ion/ion-java/1.0.2/ion-java-1.0.2.jar:/home/user/.m2/repository/com/fasterxml/jackson/dataformat/jackson-dataformat-cbor/2.9.9/jackson-dataformat-cbor-2.9.9.jar:/home/user/.m2/repository/joda-time/joda-time/2.9.9/joda-time-2.9.9.jar:/home/user/.m2/repository/com/amazonaws/jmespath-java/1.11.615/jmespath-java-1.11.615.jar:/home/user/.m2/repository/com/github/spotbugs/spotbugs/3.1.12/spotbugs-3.1.12.jar:/home/user/.m2/repository/org/ow2/asm/asm/5.0.4/asm-5.0.4.jar:/home/user/.m2/repository/org/ow2/asm/asm-analysis/7.0/asm-analysis-7.0.jar:/home/user/.m2/repository/org/ow2/asm/asm-commons/7.0/asm-commons-7.0.jar:/home/user/.m2/repository/org/ow2/asm/asm-tree/7.0/asm-tree-7.0.jar:/home/user/.m2/repository/org/ow2/asm/asm-util/7.0/asm-util-7.0.jar:/home/user/.m2/repository/org/apache/bcel/bcel/6.3/bcel-6.3.jar:/home/user/.m2/repository/net/jcip/jcip-annotations/1.0/jcip-annotations-1.0.jar:/home/user/.m2/repository/org/dom4j/dom4j/2.1.1/dom4j-2.1.1.jar:/home/user/.m2/repository/jaxen/jaxen/1.1.6/jaxen-1.1.6.jar:/home/user/.m2/repository/commons-lang/commons-lang/2.6/commons-lang-2.6.jar:/home/user/.m2/repository/com/github/spotbugs/spotbugs-annotations/3.1.12/spotbugs-annotations-3.1.12.jar:/home/user/.m2/repository/junit/junit/4.11/junit-4.11.jar:/home/user/.m2/repository/org/hamcrest/hamcrest-core/1.3/hamcrest-core-1.3.jar:/home/user/.m2/repository/org/apache/hadoop/hadoop-common/3.2.0/hadoop-common-3.2.0-tests.jar:/workdir/hadoop-ozone/integration-test/target/test-classes:/home/user/.m2/repository/org/apache/hadoop/hadoop-ozone-s3gateway/0.5.0-SNAPSHOT/hadoop-ozone-s3gateway-0.5.0-SNAPSHOT.jar:/home/user/.m2/repository/org/jboss/weld/servlet/weld-servlet/2.4.7.Final/weld-servlet-2.4.7.Final.jar:/home/user/.m2/repository/org/glassfish/jersey/containers/jersey-container-servlet-core/2.27/jersey-container-servlet-core-2.27.jar:/home/user/.m2/repository/org/glassfish/hk2/external/javax.inject/2.5.0-b42/javax.inject-2.5.0-b42.jar:/home/user/.m2/repository/org/glassfish/jersey/core/jersey-common/2.27/jersey-common-2.27.jar:/home/user/.m2/repository/org/glassfish/hk2/osgi-resource-locator/1.0.1/osgi-resource-locator-1.0.1.jar:/home/user/.m2/repository/javax/ws/rs/javax.ws.rs-api/2.1/javax.ws.rs-api-2.1.jar:/home/user/.m2/repository/org/glassfish/jersey/ext/cdi/jersey-cdi1x/2.27/jersey-cdi1x-2.27.jar:/home/user/.m2/repository/org/glassfish/jersey/inject/jersey-hk2/2.27/jersey-hk2-2.27.jar:/home/user/.m2/repository/org/glassfish/hk2/hk2-locator/2.5.0-b42/hk2-locator-2.5.0-b42.jar:/home/user/.m2/repository/org/javassist/javassist/3.22.0-CR2/javassist-3.22.0-CR2.jar:/home/user/.m2/repository/org/glassfish/hk2/hk2-api/2.5.0/hk2-api-2.5.0.jar:/home/user/.m2/repository/org/glassfish/hk2/external/jakarta.inject/2.5.0/jakarta.inject-2.5.0.jar:/home/user/.m2/repository/org/glassfish/hk2/hk2-utils/2.5.0/hk2-utils-2.5.0.jar:/home/user/.m2/repository/jakarta/annotation/jakarta.annotation-api/1.3.4/jakarta.annotation-api-1.3.4.jar:/home/user/.m2/repository/org/glassfish/hk2/external/aopalliance-repackaged/2.5.0/aopalliance-repackaged-2.5.0.jar:/home/user/.m2/repository/com/fasterxml/jackson/dataformat/jackson-dataformat-xml/2.9.0/jackson-dataformat-xml-2.9.0.jar:/home/user/.m2/repository/com/fasterxml/jackson/module/jackson-module-jaxb-annotations/2.9.9/jackson-module-jaxb-annotations-2.9.9.jar:/home/user/.m2/repository/javax/enterprise/cdi-api/1.2/cdi-api-1.2.jar:/home/user/.m2/repository/javax/el/javax.el-api/3.0.0/javax.el-api-3.0.0.jar:/home/user/.m2/repository/javax/interceptor/javax.interceptor-api/1.2/javax.interceptor-api-1.2.jar:/home/user/.m2/repository/javax/inject/javax.inject/1/javax.inject-1.jar:/home/user/.m2/repository/org/apache/hadoop/hadoop-ozone-csi/0.5.0-SNAPSHOT/hadoop-ozone-csi-0.5.0-SNAPSHOT.jar:/home/user/.m2/repository/com/google/protobuf/protobuf-java-util/3.5.1/protobuf-java-util-3.5.1.jar:/home/user/.m2/repository/io/grpc/grpc-netty/1.17.1/grpc-netty-1.17.1.jar:/home/user/.m2/repository/io/grpc/grpc-core/1.17.1/grpc-core-1.17.1.jar:/home/user/.m2/repository/io/grpc/grpc-context/1.17.1/grpc-context-1.17.1.jar:/home/user/.m2/repository/com/google/errorprone/error_prone_annotations/2.2.0/error_prone_annotations-2.2.0.jar:/home/user/.m2/repository/org/codehaus/mojo/animal-sniffer-annotations/1.17/animal-sniffer-annotations-1.17.jar:/home/user/.m2/repository/io/opencensus/opencensus-api/0.17.0/opencensus-api-0.17.0.jar:/home/user/.m2/repository/io/opencensus/opencensus-contrib-grpc-metrics/0.17.0/opencensus-contrib-grpc-metrics-0.17.0.jar:/home/user/.m2/repository/io/netty/netty-codec-http2/4.1.30.Final/netty-codec-http2-4.1.30.Final.jar:/home/user/.m2/repository/io/netty/netty-codec-http/4.1.30.Final/netty-codec-http-4.1.30.Final.jar:/home/user/.m2/repository/io/netty/netty-codec/4.1.30.Final/netty-codec-4.1.30.Final.jar:/home/user/.m2/repository/io/netty/netty-handler/4.1.30.Final/netty-handler-4.1.30.Final.jar:/home/user/.m2/repository/io/netty/netty-handler-proxy/4.1.30.Final/netty-handler-proxy-4.1.30.Final.jar:/home/user/.m2/repository/io/netty/netty-codec-socks/4.1.30.Final/netty-codec-socks-4.1.30.Final.jar:/home/user/.m2/repository/io/netty/netty-transport-native-epoll/4.1.30.Final/netty-transport-native-epoll-4.1.30.Final.jar:/home/user/.m2/repository/io/netty/netty-common/4.1.30.Final/netty-common-4.1.30.Final.jar:/home/user/.m2/repository/io/netty/netty-buffer/4.1.30.Final/netty-buffer-4.1.30.Final.jar:/home/user/.m2/repository/io/netty/netty-transport/4.1.30.Final/netty-transport-4.1.30.Final.jar:/home/user/.m2/repository/io/netty/netty-resolver/4.1.30.Final/netty-resolver-4.1.30.Final.jar:/home/user/.m2/repository/io/netty/netty-transport-native-unix-common/4.1.30.Final/netty-transport-native-unix-common-4.1.30.Final.jar:/home/user/.m2/repository/io/grpc/grpc-protobuf/1.17.1/grpc-protobuf-1.17.1.jar:/home/user/.m2/repository/com/google/api/grpc/proto-google-common-protos/1.0.0/proto-google-common-protos-1.0.0.jar:/home/user/.m2/repository/io/grpc/grpc-protobuf-lite/1.17.1/grpc-protobuf-lite-1.17.1.jar:/home/user/.m2/repository/io/grpc/grpc-stub/1.17.1/grpc-stub-1.17.1.jar:/home/user/.m2/repository/org/apache/hadoop/hadoop-ozone-recon/0.5.0-SNAPSHOT/hadoop-ozone-recon-0.5.0-SNAPSHOT.jar:/home/user/.m2/repository/org/apache/hadoop/hadoop-ozone-reconcodegen/0.5.0-SNAPSHOT/hadoop-ozone-reconcodegen-0.5.0-SNAPSHOT.jar:/home/user/.m2/repository/com/google/inject/extensions/guice-multibindings/4.0/guice-multibindings-4.0.jar:/home/user/.m2/repository/com/google/inject/guice/4.0/guice-4.0.jar:/home/user/.m2/repository/aopalliance/aopalliance/1.0/aopalliance-1.0.jar:/home/user/.m2/repository/com/google/inject/extensions/guice-servlet/4.0/guice-servlet-4.0.jar:/home/user/.m2/repository/org/glassfish/jersey/containers/jersey-container-servlet/2.27/jersey-container-servlet-2.27.jar:/home/user/.m2/repository/org/glassfish/hk2/guice-bridge/2.5.0/guice-bridge-2.5.0.jar:/home/user/.m2/repository/org/glassfish/jersey/core/jersey-server/2.27/jersey-server-2.27.jar:/home/user/.m2/repository/org/glassfish/jersey/core/jersey-client/2.27/jersey-client-2.27.jar:/home/user/.m2/repository/org/glassfish/jersey/media/jersey-media-jaxb/2.27/jersey-media-jaxb-2.27.jar:/home/user/.m2/repository/javax/validation/validation-api/1.1.0.Final/validation-api-1.1.0.Final.jar:/home/user/.m2/repository/org/glassfish/jersey/media/jersey-media-json-jackson/2.27/jersey-media-json-jackson-2.27.jar:/home/user/.m2/repository/org/glassfish/jersey/ext/jersey-entity-filtering/2.27/jersey-entity-filtering-2.27.jar:/home/user/.m2/repository/com/google/inject/extensions/guice-assistedinject/4.0/guice-assistedinject-4.0.jar:/home/user/.m2/repository/org/jooq/jooq/3.11.10/jooq-3.11.10.jar:/home/user/.m2/repository/org/jooq/jooq-meta/3.11.10/jooq-meta-3.11.10.jar:/home/user/.m2/repository/org/jooq/jooq-codegen/3.11.10/jooq-codegen-3.11.10.jar:/home/user/.m2/repository/com/jolbox/bonecp/0.8.0.RELEASE/bonecp-0.8.0.RELEASE.jar:/home/user/.m2/repository/org/springframework/spring-jdbc/5.1.3.RELEASE/spring-jdbc-5.1.3.RELEASE.jar:/home/user/.m2/repository/org/springframework/spring-beans/5.1.3.RELEASE/spring-beans-5.1.3.RELEASE.jar:/home/user/.m2/repository/org/springframework/spring-core/5.1.3.RELEASE/spring-core-5.1.3.RELEASE.jar:/home/user/.m2/repository/org/springframework/spring-jcl/5.1.3.RELEASE/spring-jcl-5.1.3.RELEASE.jar:/home/user/.m2/repository/org/springframework/spring-tx/5.1.3.RELEASE/spring-tx-5.1.3.RELEASE.jar:/home/user/.m2/repository/org/mockito/mockito-core/2.15.0/mockito-core-2.15.0.jar:/home/user/.m2/repository/net/bytebuddy/byte-buddy/1.7.9/byte-buddy-1.7.9.jar:/home/user/.m2/repository/net/bytebuddy/byte-buddy-agent/1.7.9/byte-buddy-agent-1.7.9.jar:/home/user/.m2/repository/org/objenesis/objenesis/1.0/objenesis-1.0.jar:"/>
    <property name="java.vm.vendor" value="Oracle Corporation"/>
    <property name="sun.arch.data.model" value="64"/>
    <property name="test.build.dir" value="/workdir/hadoop-ozone/tools/target/test-dir"/>
    <property name="test.cache.data" value=""/>
    <property name="java.vendor.url" value="http://java.oracle.com/"/>
    <property name="user.timezone" value=""/>
    <property name="java.vm.specification.version" value="1.8"/>
    <property name="os.name" value="Linux"/>
    <property name="test.build.data" value="/workdir/hadoop-ozone/tools/target/test-dir"/>
    <property name="user.country" value="US"/>
    <property name="sun.java.launcher" value="SUN_STANDARD"/>
    <property name="sun.boot.library.path" value="/usr/lib/jvm/java-1.8.0-openjdk-1.8.0.222.b10-1.el7_7.x86_64/jre/lib/amd64"/>
    <property name="sun.java.command" value="/workdir/hadoop-ozone/tools/target/surefire/surefirebooter2620881418241521099.jar /workdir/hadoop-ozone/tools/target/surefire 2019-10-16T20-30-50_744-jvmRun1 surefire4276853461031851263tmp surefire_1033431904699426265451tmp"/>
    <property name="surefire.test.class.path" value="/workdir/hadoop-ozone/tools/target/test-classes:/workdir/hadoop-ozone/tools/target/classes:/home/user/.m2/repository/org/apache/hadoop/hadoop-ozone-ozone-manager/0.5.0-SNAPSHOT/hadoop-ozone-ozone-manager-0.5.0-SNAPSHOT.jar:/home/user/.m2/repository/org/apache/hadoop/hadoop-hdds-docs/0.5.0-SNAPSHOT/hadoop-hdds-docs-0.5.0-SNAPSHOT.jar:/home/user/.m2/repository/org/bouncycastle/bcprov-jdk15on/1.60/bcprov-jdk15on-1.60.jar:/home/user/.m2/repository/org/apache/hadoop/hadoop-ozone-common/0.5.0-SNAPSHOT/hadoop-ozone-common-0.5.0-SNAPSHOT.jar:/home/user/.m2/repository/org/apache/commons/commons-compress/1.4.1/commons-compress-1.4.1.jar:/home/user/.m2/repository/org/tukaani/xz/1.0/xz-1.0.jar:/home/user/.m2/repository/org/apache/hadoop/hadoop-hdfs-client/3.2.0/hadoop-hdfs-client-3.2.0.jar:/home/user/.m2/repository/com/fasterxml/jackson/core/jackson-annotations/2.9.9/jackson-annotations-2.9.9.jar:/home/user/.m2/repository/org/apache/hadoop/hadoop-hdds-common/0.5.0-SNAPSHOT/hadoop-hdds-common-0.5.0-SNAPSHOT.jar:/home/user/.m2/repository/org/apache/hadoop/hadoop-hdds-config/0.5.0-SNAPSHOT/hadoop-hdds-config-0.5.0-SNAPSHOT.jar:/home/user/.m2/repository/javax/annotation/javax.annotation-api/1.2/javax.annotation-api-1.2.jar:/home/user/.m2/repository/org/apache/ratis/ratis-server/0.5.0-3f446aa-SNAPSHOT/ratis-server-0.5.0-3f446aa-SNAPSHOT.jar:/home/user/.m2/repository/org/apache/ratis/ratis-thirdparty-misc/0.2.0/ratis-thirdparty-misc-0.2.0.jar:/home/user/.m2/repository/org/apache/ratis/ratis-proto/0.5.0-3f446aa-SNAPSHOT/ratis-proto-0.5.0-3f446aa-SNAPSHOT.jar:/home/user/.m2/repository/org/apache/ratis/ratis-common/0.5.0-3f446aa-SNAPSHOT/ratis-common-0.5.0-3f446aa-SNAPSHOT.jar:/home/user/.m2/repository/org/apache/ratis/ratis-client/0.5.0-3f446aa-SNAPSHOT/ratis-client-0.5.0-3f446aa-SNAPSHOT.jar:/home/user/.m2/repository/org/apache/ratis/ratis-metrics/0.5.0-3f446aa-SNAPSHOT/ratis-metrics-0.5.0-3f446aa-SNAPSHOT.jar:/home/user/.m2/repository/com/github/joshelser/dropwizard-metrics-hadoop-metrics2-reporter/0.1.2/dropwizard-metrics-hadoop-metrics2-reporter-0.1.2.jar:/home/user/.m2/repository/io/dropwizard/metrics/metrics-jvm/3.2.5/metrics-jvm-3.2.5.jar:/home/user/.m2/repository/io/dropwizard/metrics/metrics-ganglia/3.2.5/metrics-ganglia-3.2.5.jar:/home/user/.m2/repository/info/ganglia/gmetric4j/gmetric4j/1.0.7/gmetric4j-1.0.7.jar:/home/user/.m2/repository/org/apache/ratis/ratis-netty/0.5.0-3f446aa-SNAPSHOT/ratis-netty-0.5.0-3f446aa-SNAPSHOT.jar:/home/user/.m2/repository/org/apache/ratis/ratis-grpc/0.5.0-3f446aa-SNAPSHOT/ratis-grpc-0.5.0-3f446aa-SNAPSHOT.jar:/home/user/.m2/repository/org/rocksdb/rocksdbjni/6.0.1/rocksdbjni-6.0.1.jar:/home/user/.m2/repository/org/apache/logging/log4j/log4j-api/2.11.0/log4j-api-2.11.0.jar:/home/user/.m2/repository/org/apache/logging/log4j/log4j-core/2.11.0/log4j-core-2.11.0.jar:/home/user/.m2/repository/com/lmax/disruptor/3.4.2/disruptor-3.4.2.jar:/home/user/.m2/repository/org/apache/commons/commons-pool2/2.6.0/commons-pool2-2.6.0.jar:/home/user/.m2/repository/org/bouncycastle/bcpkix-jdk15on/1.60/bcpkix-jdk15on-1.60.jar:/home/user/.m2/repository/commons-validator/commons-validator/1.6/commons-validator-1.6.jar:/home/user/.m2/repository/commons-digester/commons-digester/1.8.1/commons-digester-1.8.1.jar:/home/user/.m2/repository/io/jaegertracing/jaeger-client/0.34.0/jaeger-client-0.34.0.jar:/home/user/.m2/repository/io/jaegertracing/jaeger-thrift/0.34.0/jaeger-thrift-0.34.0.jar:/home/user/.m2/repository/org/apache/thrift/libthrift/0.12.0/libthrift-0.12.0.jar:/home/user/.m2/repository/com/squareup/okhttp3/okhttp/3.9.0/okhttp-3.9.0.jar:/home/user/.m2/repository/com/squareup/okio/okio/1.13.0/okio-1.13.0.jar:/home/user/.m2/repository/io/jaegertracing/jaeger-core/0.34.0/jaeger-core-0.34.0.jar:/home/user/.m2/repository/io/jaegertracing/jaeger-tracerresolver/0.34.0/jaeger-tracerresolver-0.34.0.jar:/home/user/.m2/repository/io/opentracing/contrib/opentracing-tracerresolver/0.1.5/opentracing-tracerresolver-0.1.5.jar:/home/user/.m2/repository/io/opentracing/opentracing-util/0.31.0/opentracing-util-0.31.0.jar:/home/user/.m2/repository/io/opentracing/opentracing-api/0.31.0/opentracing-api-0.31.0.jar:/home/user/.m2/repository/io/opentracing/opentracing-noop/0.31.0/opentracing-noop-0.31.0.jar:/home/user/.m2/repository/org/yaml/snakeyaml/1.16/snakeyaml-1.16.jar:/home/user/.m2/repository/org/apache/hadoop/hadoop-hdds-container-service/0.5.0-SNAPSHOT/hadoop-hdds-container-service-0.5.0-SNAPSHOT.jar:/home/user/.m2/repository/org/apache/hadoop/hadoop-hdds-client/0.5.0-SNAPSHOT/hadoop-hdds-client-0.5.0-SNAPSHOT.jar:/home/user/.m2/repository/org/apache/hadoop/hadoop-hdds-tools/0.5.0-SNAPSHOT/hadoop-hdds-tools-0.5.0-SNAPSHOT.jar:/home/user/.m2/repository/org/xerial/sqlite-jdbc/3.25.2/sqlite-jdbc-3.25.2.jar:/home/user/.m2/repository/org/apache/hadoop/hadoop-hdds-server-scm/0.5.0-SNAPSHOT/hadoop-hdds-server-scm-0.5.0-SNAPSHOT.jar:/home/user/.m2/repository/org/hamcrest/hamcrest-all/1.3/hamcrest-all-1.3.jar:/home/user/.m2/repository/info/picocli/picocli/3.9.6/picocli-3.9.6.jar:/home/user/.m2/repository/com/google/protobuf/protobuf-java/2.5.0/protobuf-java-2.5.0.jar:/home/user/.m2/repository/com/google/guava/guava/11.0.2/guava-11.0.2.jar:/home/user/.m2/repository/org/apache/hadoop/hadoop-ozone-client/0.5.0-SNAPSHOT/hadoop-ozone-client-0.5.0-SNAPSHOT.jar:/workdir/hadoop-ozone/ozonefs/target/classes:/home/user/.m2/repository/org/apache/httpcomponents/httpclient/4.5.2/httpclient-4.5.2.jar:/home/user/.m2/repository/org/apache/httpcomponents/httpcore/4.4.4/httpcore-4.4.4.jar:/home/user/.m2/repository/org/apache/hadoop/hadoop-hdds-server-framework/0.5.0-SNAPSHOT/hadoop-hdds-server-framework-0.5.0-SNAPSHOT.jar:/home/user/.m2/repository/org/apache/hadoop/hadoop-common/3.2.0/hadoop-common-3.2.0.jar:/home/user/.m2/repository/org/apache/hadoop/hadoop-annotations/3.2.0/hadoop-annotations-3.2.0.jar:/usr/lib/jvm/java-1.8.0-openjdk-1.8.0.222.b10-1.el7_7.x86_64/jre/../lib/tools.jar:/home/user/.m2/repository/commons-cli/commons-cli/1.2/commons-cli-1.2.jar:/home/user/.m2/repository/org/apache/commons/commons-math3/3.1.1/commons-math3-3.1.1.jar:/home/user/.m2/repository/commons-codec/commons-codec/1.11/commons-codec-1.11.jar:/home/user/.m2/repository/commons-io/commons-io/2.5/commons-io-2.5.jar:/home/user/.m2/repository/commons-net/commons-net/3.6/commons-net-3.6.jar:/home/user/.m2/repository/commons-collections/commons-collections/3.2.2/commons-collections-3.2.2.jar:/home/user/.m2/repository/javax/servlet/javax.servlet-api/3.1.0/javax.servlet-api-3.1.0.jar:/home/user/.m2/repository/org/eclipse/jetty/jetty-server/9.3.25.v20180904/jetty-server-9.3.25.v20180904.jar:/home/user/.m2/repository/org/eclipse/jetty/jetty-http/9.3.25.v20180904/jetty-http-9.3.25.v20180904.jar:/home/user/.m2/repository/org/eclipse/jetty/jetty-io/9.3.25.v20180904/jetty-io-9.3.25.v20180904.jar:/home/user/.m2/repository/org/eclipse/jetty/jetty-util/9.3.25.v20180904/jetty-util-9.3.25.v20180904.jar:/home/user/.m2/repository/org/eclipse/jetty/jetty-servlet/9.3.25.v20180904/jetty-servlet-9.3.25.v20180904.jar:/home/user/.m2/repository/org/eclipse/jetty/jetty-security/9.3.25.v20180904/jetty-security-9.3.25.v20180904.jar:/home/user/.m2/repository/org/eclipse/jetty/jetty-webapp/9.3.25.v20180904/jetty-webapp-9.3.25.v20180904.jar:/home/user/.m2/repository/org/eclipse/jetty/jetty-xml/9.3.25.v20180904/jetty-xml-9.3.25.v20180904.jar:/home/user/.m2/repository/javax/servlet/jsp/jsp-api/2.1/jsp-api-2.1.jar:/home/user/.m2/repository/com/sun/jersey/jersey-core/1.19/jersey-core-1.19.jar:/home/user/.m2/repository/javax/ws/rs/jsr311-api/1.1.1/jsr311-api-1.1.1.jar:/home/user/.m2/repository/com/sun/jersey/jersey-servlet/1.19/jersey-servlet-1.19.jar:/home/user/.m2/repository/com/sun/jersey/jersey-json/1.19/jersey-json-1.19.jar:/home/user/.m2/repository/org/codehaus/jettison/jettison/1.1/jettison-1.1.jar:/home/user/.m2/repository/com/sun/xml/bind/jaxb-impl/2.3.0.1/jaxb-impl-2.3.0.1.jar:/home/user/.m2/repository/org/codehaus/jackson/jackson-core-asl/1.9.13/jackson-core-asl-1.9.13.jar:/home/user/.m2/repository/org/codehaus/jackson/jackson-mapper-asl/1.9.13/jackson-mapper-asl-1.9.13.jar:/home/user/.m2/repository/org/codehaus/jackson/jackson-jaxrs/1.9.13/jackson-jaxrs-1.9.13.jar:/home/user/.m2/repository/org/codehaus/jackson/jackson-xc/1.9.13/jackson-xc-1.9.13.jar:/home/user/.m2/repository/com/sun/jersey/jersey-server/1.19/jersey-server-1.19.jar:/home/user/.m2/repository/commons-logging/commons-logging/1.1.3/commons-logging-1.1.3.jar:/home/user/.m2/repository/log4j/log4j/1.2.17/log4j-1.2.17.jar:/home/user/.m2/repository/commons-beanutils/commons-beanutils/1.9.4/commons-beanutils-1.9.4.jar:/home/user/.m2/repository/org/apache/commons/commons-configuration2/2.1.1/commons-configuration2-2.1.1.jar:/home/user/.m2/repository/org/apache/commons/commons-lang3/3.7/commons-lang3-3.7.jar:/home/user/.m2/repository/org/apache/commons/commons-text/1.4/commons-text-1.4.jar:/home/user/.m2/repository/org/slf4j/slf4j-api/1.7.25/slf4j-api-1.7.25.jar:/home/user/.m2/repository/org/slf4j/slf4j-log4j12/1.7.25/slf4j-log4j12-1.7.25.jar:/home/user/.m2/repository/org/apache/avro/avro/1.7.7/avro-1.7.7.jar:/home/user/.m2/repository/com/thoughtworks/paranamer/paranamer/2.3/paranamer-2.3.jar:/home/user/.m2/repository/org/xerial/snappy/snappy-java/1.0.5/snappy-java-1.0.5.jar:/home/user/.m2/repository/com/google/re2j/re2j/1.1/re2j-1.1.jar:/home/user/.m2/repository/com/google/code/gson/gson/2.2.4/gson-2.2.4.jar:/home/user/.m2/repository/org/apache/hadoop/hadoop-auth/3.2.0/hadoop-auth-3.2.0.jar:/home/user/.m2/repository/com/nimbusds/nimbus-jose-jwt/4.41.1/nimbus-jose-jwt-4.41.1.jar:/home/user/.m2/repository/com/github/stephenc/jcip/jcip-annotations/1.0-1/jcip-annotations-1.0-1.jar:/home/user/.m2/repository/net/minidev/json-smart/2.3/json-smart-2.3.jar:/home/user/.m2/repository/net/minidev/accessors-smart/1.2/accessors-smart-1.2.jar:/home/user/.m2/repository/org/apache/curator/curator-framework/2.12.0/curator-framework-2.12.0.jar:/home/user/.m2/repository/com/jcraft/jsch/0.1.54/jsch-0.1.54.jar:/home/user/.m2/repository/org/apache/curator/curator-client/2.12.0/curator-client-2.12.0.jar:/home/user/.m2/repository/org/apache/curator/curator-recipes/2.12.0/curator-recipes-2.12.0.jar:/home/user/.m2/repository/com/google/code/findbugs/jsr305/3.0.0/jsr305-3.0.0.jar:/home/user/.m2/repository/org/apache/htrace/htrace-core4/4.1.0-incubating/htrace-core4-4.1.0-incubating.jar:/home/user/.m2/repository/org/apache/zookeeper/zookeeper/3.4.13/zookeeper-3.4.13.jar:/home/user/.m2/repository/jline/jline/0.9.94/jline-0.9.94.jar:/home/user/.m2/repository/org/apache/yetus/audience-annotations/0.5.0/audience-annotations-0.5.0.jar:/home/user/.m2/repository/org/apache/kerby/kerb-simplekdc/1.0.1/kerb-simplekdc-1.0.1.jar:/home/user/.m2/repository/org/apache/kerby/kerb-client/1.0.1/kerb-client-1.0.1.jar:/home/user/.m2/repository/org/apache/kerby/kerby-config/1.0.1/kerby-config-1.0.1.jar:/home/user/.m2/repository/org/apache/kerby/kerb-core/1.0.1/kerb-core-1.0.1.jar:/home/user/.m2/repository/org/apache/kerby/kerby-pkix/1.0.1/kerby-pkix-1.0.1.jar:/home/user/.m2/repository/org/apache/kerby/kerby-asn1/1.0.1/kerby-asn1-1.0.1.jar:/home/user/.m2/repository/org/apache/kerby/kerby-util/1.0.1/kerby-util-1.0.1.jar:/home/user/.m2/repository/org/apache/kerby/kerb-common/1.0.1/kerb-common-1.0.1.jar:/home/user/.m2/repository/org/apache/kerby/kerb-crypto/1.0.1/kerb-crypto-1.0.1.jar:/home/user/.m2/repository/org/apache/kerby/kerb-util/1.0.1/kerb-util-1.0.1.jar:/home/user/.m2/repository/org/apache/kerby/token-provider/1.0.1/token-provider-1.0.1.jar:/home/user/.m2/repository/org/apache/kerby/kerb-admin/1.0.1/kerb-admin-1.0.1.jar:/home/user/.m2/repository/org/apache/kerby/kerb-server/1.0.1/kerb-server-1.0.1.jar:/home/user/.m2/repository/org/apache/kerby/kerb-identity/1.0.1/kerb-identity-1.0.1.jar:/home/user/.m2/repository/org/apache/kerby/kerby-xdr/1.0.1/kerby-xdr-1.0.1.jar:/home/user/.m2/repository/com/fasterxml/jackson/core/jackson-databind/2.9.9/jackson-databind-2.9.9.jar:/home/user/.m2/repository/com/fasterxml/jackson/core/jackson-core/2.9.9/jackson-core-2.9.9.jar:/home/user/.m2/repository/org/codehaus/woodstox/stax2-api/3.1.4/stax2-api-3.1.4.jar:/home/user/.m2/repository/com/fasterxml/woodstox/woodstox-core/5.0.3/woodstox-core-5.0.3.jar:/home/user/.m2/repository/dnsjava/dnsjava/2.1.7/dnsjava-2.1.7.jar:/home/user/.m2/repository/org/apache/hadoop/hadoop-hdfs/3.2.0/hadoop-hdfs-3.2.0.jar:/home/user/.m2/repository/org/eclipse/jetty/jetty-util-ajax/9.3.25.v20180904/jetty-util-ajax-9.3.25.v20180904.jar:/home/user/.m2/repository/commons-daemon/commons-daemon/1.0.13/commons-daemon-1.0.13.jar:/home/user/.m2/repository/io/netty/netty/3.10.5.Final/netty-3.10.5.Final.jar:/home/user/.m2/repository/io/netty/netty-all/4.0.52.Final/netty-all-4.0.52.Final.jar:/home/user/.m2/repository/org/fusesource/leveldbjni/leveldbjni-all/1.8/leveldbjni-all-1.8.jar:/home/user/.m2/repository/com/sun/xml/bind/jaxb-core/2.3.0.1/jaxb-core-2.3.0.1.jar:/home/user/.m2/repository/javax/xml/bind/jaxb-api/2.3.0/jaxb-api-2.3.0.jar:/home/user/.m2/repository/javax/activation/activation/1.1.1/activation-1.1.1.jar:/home/user/.m2/repository/org/openjdk/jmh/jmh-core/1.19/jmh-core-1.19.jar:/home/user/.m2/repository/net/sf/jopt-simple/jopt-simple/4.6/jopt-simple-4.6.jar:/home/user/.m2/repository/org/openjdk/jmh/jmh-generator-annprocess/1.19/jmh-generator-annprocess-1.19.jar:/home/user/.m2/repository/io/dropwizard/metrics/metrics-core/3.2.4/metrics-core-3.2.4.jar:/home/user/.m2/repository/com/amazonaws/aws-java-sdk-s3/1.11.615/aws-java-sdk-s3-1.11.615.jar:/home/user/.m2/repository/com/amazonaws/aws-java-sdk-kms/1.11.615/aws-java-sdk-kms-1.11.615.jar:/home/user/.m2/repository/com/amazonaws/aws-java-sdk-core/1.11.615/aws-java-sdk-core-1.11.615.jar:/home/user/.m2/repository/software/amazon/ion/ion-java/1.0.2/ion-java-1.0.2.jar:/home/user/.m2/repository/com/fasterxml/jackson/dataformat/jackson-dataformat-cbor/2.9.9/jackson-dataformat-cbor-2.9.9.jar:/home/user/.m2/repository/joda-time/joda-time/2.9.9/joda-time-2.9.9.jar:/home/user/.m2/repository/com/amazonaws/jmespath-java/1.11.615/jmespath-java-1.11.615.jar:/home/user/.m2/repository/com/github/spotbugs/spotbugs/3.1.12/spotbugs-3.1.12.jar:/home/user/.m2/repository/org/ow2/asm/asm/5.0.4/asm-5.0.4.jar:/home/user/.m2/repository/org/ow2/asm/asm-analysis/7.0/asm-analysis-7.0.jar:/home/user/.m2/repository/org/ow2/asm/asm-commons/7.0/asm-commons-7.0.jar:/home/user/.m2/repository/org/ow2/asm/asm-tree/7.0/asm-tree-7.0.jar:/home/user/.m2/repository/org/ow2/asm/asm-util/7.0/asm-util-7.0.jar:/home/user/.m2/repository/org/apache/bcel/bcel/6.3/bcel-6.3.jar:/home/user/.m2/repository/net/jcip/jcip-annotations/1.0/jcip-annotations-1.0.jar:/home/user/.m2/repository/org/dom4j/dom4j/2.1.1/dom4j-2.1.1.jar:/home/user/.m2/repository/jaxen/jaxen/1.1.6/jaxen-1.1.6.jar:/home/user/.m2/repository/commons-lang/commons-lang/2.6/commons-lang-2.6.jar:/home/user/.m2/repository/com/github/spotbugs/spotbugs-annotations/3.1.12/spotbugs-annotations-3.1.12.jar:/home/user/.m2/repository/junit/junit/4.11/junit-4.11.jar:/home/user/.m2/repository/org/hamcrest/hamcrest-core/1.3/hamcrest-core-1.3.jar:/home/user/.m2/repository/org/apache/hadoop/hadoop-common/3.2.0/hadoop-common-3.2.0-tests.jar:/workdir/hadoop-ozone/integration-test/target/test-classes:/home/user/.m2/repository/org/apache/hadoop/hadoop-ozone-s3gateway/0.5.0-SNAPSHOT/hadoop-ozone-s3gateway-0.5.0-SNAPSHOT.jar:/home/user/.m2/repository/org/jboss/weld/servlet/weld-servlet/2.4.7.Final/weld-servlet-2.4.7.Final.jar:/home/user/.m2/repository/org/glassfish/jersey/containers/jersey-container-servlet-core/2.27/jersey-container-servlet-core-2.27.jar:/home/user/.m2/repository/org/glassfish/hk2/external/javax.inject/2.5.0-b42/javax.inject-2.5.0-b42.jar:/home/user/.m2/repository/org/glassfish/jersey/core/jersey-common/2.27/jersey-common-2.27.jar:/home/user/.m2/repository/org/glassfish/hk2/osgi-resource-locator/1.0.1/osgi-resource-locator-1.0.1.jar:/home/user/.m2/repository/javax/ws/rs/javax.ws.rs-api/2.1/javax.ws.rs-api-2.1.jar:/home/user/.m2/repository/org/glassfish/jersey/ext/cdi/jersey-cdi1x/2.27/jersey-cdi1x-2.27.jar:/home/user/.m2/repository/org/glassfish/jersey/inject/jersey-hk2/2.27/jersey-hk2-2.27.jar:/home/user/.m2/repository/org/glassfish/hk2/hk2-locator/2.5.0-b42/hk2-locator-2.5.0-b42.jar:/home/user/.m2/repository/org/javassist/javassist/3.22.0-CR2/javassist-3.22.0-CR2.jar:/home/user/.m2/repository/org/glassfish/hk2/hk2-api/2.5.0/hk2-api-2.5.0.jar:/home/user/.m2/repository/org/glassfish/hk2/external/jakarta.inject/2.5.0/jakarta.inject-2.5.0.jar:/home/user/.m2/repository/org/glassfish/hk2/hk2-utils/2.5.0/hk2-utils-2.5.0.jar:/home/user/.m2/repository/jakarta/annotation/jakarta.annotation-api/1.3.4/jakarta.annotation-api-1.3.4.jar:/home/user/.m2/repository/org/glassfish/hk2/external/aopalliance-repackaged/2.5.0/aopalliance-repackaged-2.5.0.jar:/home/user/.m2/repository/com/fasterxml/jackson/dataformat/jackson-dataformat-xml/2.9.0/jackson-dataformat-xml-2.9.0.jar:/home/user/.m2/repository/com/fasterxml/jackson/module/jackson-module-jaxb-annotations/2.9.9/jackson-module-jaxb-annotations-2.9.9.jar:/home/user/.m2/repository/javax/enterprise/cdi-api/1.2/cdi-api-1.2.jar:/home/user/.m2/repository/javax/el/javax.el-api/3.0.0/javax.el-api-3.0.0.jar:/home/user/.m2/repository/javax/interceptor/javax.interceptor-api/1.2/javax.interceptor-api-1.2.jar:/home/user/.m2/repository/javax/inject/javax.inject/1/javax.inject-1.jar:/home/user/.m2/repository/org/apache/hadoop/hadoop-ozone-csi/0.5.0-SNAPSHOT/hadoop-ozone-csi-0.5.0-SNAPSHOT.jar:/home/user/.m2/repository/com/google/protobuf/protobuf-java-util/3.5.1/protobuf-java-util-3.5.1.jar:/home/user/.m2/repository/io/grpc/grpc-netty/1.17.1/grpc-netty-1.17.1.jar:/home/user/.m2/repository/io/grpc/grpc-core/1.17.1/grpc-core-1.17.1.jar:/home/user/.m2/repository/io/grpc/grpc-context/1.17.1/grpc-context-1.17.1.jar:/home/user/.m2/repository/com/google/errorprone/error_prone_annotations/2.2.0/error_prone_annotations-2.2.0.jar:/home/user/.m2/repository/org/codehaus/mojo/animal-sniffer-annotations/1.17/animal-sniffer-annotations-1.17.jar:/home/user/.m2/repository/io/opencensus/opencensus-api/0.17.0/opencensus-api-0.17.0.jar:/home/user/.m2/repository/io/opencensus/opencensus-contrib-grpc-metrics/0.17.0/opencensus-contrib-grpc-metrics-0.17.0.jar:/home/user/.m2/repository/io/netty/netty-codec-http2/4.1.30.Final/netty-codec-http2-4.1.30.Final.jar:/home/user/.m2/repository/io/netty/netty-codec-http/4.1.30.Final/netty-codec-http-4.1.30.Final.jar:/home/user/.m2/repository/io/netty/netty-codec/4.1.30.Final/netty-codec-4.1.30.Final.jar:/home/user/.m2/repository/io/netty/netty-handler/4.1.30.Final/netty-handler-4.1.30.Final.jar:/home/user/.m2/repository/io/netty/netty-handler-proxy/4.1.30.Final/netty-handler-proxy-4.1.30.Final.jar:/home/user/.m2/repository/io/netty/netty-codec-socks/4.1.30.Final/netty-codec-socks-4.1.30.Final.jar:/home/user/.m2/repository/io/netty/netty-transport-native-epoll/4.1.30.Final/netty-transport-native-epoll-4.1.30.Final.jar:/home/user/.m2/repository/io/netty/netty-common/4.1.30.Final/netty-common-4.1.30.Final.jar:/home/user/.m2/repository/io/netty/netty-buffer/4.1.30.Final/netty-buffer-4.1.30.Final.jar:/home/user/.m2/repository/io/netty/netty-transport/4.1.30.Final/netty-transport-4.1.30.Final.jar:/home/user/.m2/repository/io/netty/netty-resolver/4.1.30.Final/netty-resolver-4.1.30.Final.jar:/home/user/.m2/repository/io/netty/netty-transport-native-unix-common/4.1.30.Final/netty-transport-native-unix-common-4.1.30.Final.jar:/home/user/.m2/repository/io/grpc/grpc-protobuf/1.17.1/grpc-protobuf-1.17.1.jar:/home/user/.m2/repository/com/google/api/grpc/proto-google-common-protos/1.0.0/proto-google-common-protos-1.0.0.jar:/home/user/.m2/repository/io/grpc/grpc-protobuf-lite/1.17.1/grpc-protobuf-lite-1.17.1.jar:/home/user/.m2/repository/io/grpc/grpc-stub/1.17.1/grpc-stub-1.17.1.jar:/home/user/.m2/repository/org/apache/hadoop/hadoop-ozone-recon/0.5.0-SNAPSHOT/hadoop-ozone-recon-0.5.0-SNAPSHOT.jar:/home/user/.m2/repository/org/apache/hadoop/hadoop-ozone-reconcodegen/0.5.0-SNAPSHOT/hadoop-ozone-reconcodegen-0.5.0-SNAPSHOT.jar:/home/user/.m2/repository/com/google/inject/extensions/guice-multibindings/4.0/guice-multibindings-4.0.jar:/home/user/.m2/repository/com/google/inject/guice/4.0/guice-4.0.jar:/home/user/.m2/repository/aopalliance/aopalliance/1.0/aopalliance-1.0.jar:/home/user/.m2/repository/com/google/inject/extensions/guice-servlet/4.0/guice-servlet-4.0.jar:/home/user/.m2/repository/org/glassfish/jersey/containers/jersey-container-servlet/2.27/jersey-container-servlet-2.27.jar:/home/user/.m2/repository/org/glassfish/hk2/guice-bridge/2.5.0/guice-bridge-2.5.0.jar:/home/user/.m2/repository/org/glassfish/jersey/core/jersey-server/2.27/jersey-server-2.27.jar:/home/user/.m2/repository/org/glassfish/jersey/core/jersey-client/2.27/jersey-client-2.27.jar:/home/user/.m2/repository/org/glassfish/jersey/media/jersey-media-jaxb/2.27/jersey-media-jaxb-2.27.jar:/home/user/.m2/repository/javax/validation/validation-api/1.1.0.Final/validation-api-1.1.0.Final.jar:/home/user/.m2/repository/org/glassfish/jersey/media/jersey-media-json-jackson/2.27/jersey-media-json-jackson-2.27.jar:/home/user/.m2/repository/org/glassfish/jersey/ext/jersey-entity-filtering/2.27/jersey-entity-filtering-2.27.jar:/home/user/.m2/repository/com/google/inject/extensions/guice-assistedinject/4.0/guice-assistedinject-4.0.jar:/home/user/.m2/repository/org/jooq/jooq/3.11.10/jooq-3.11.10.jar:/home/user/.m2/repository/org/jooq/jooq-meta/3.11.10/jooq-meta-3.11.10.jar:/home/user/.m2/repository/org/jooq/jooq-codegen/3.11.10/jooq-codegen-3.11.10.jar:/home/user/.m2/repository/com/jolbox/bonecp/0.8.0.RELEASE/bonecp-0.8.0.RELEASE.jar:/home/user/.m2/repository/org/springframework/spring-jdbc/5.1.3.RELEASE/spring-jdbc-5.1.3.RELEASE.jar:/home/user/.m2/repository/org/springframework/spring-beans/5.1.3.RELEASE/spring-beans-5.1.3.RELEASE.jar:/home/user/.m2/repository/org/springframework/spring-core/5.1.3.RELEASE/spring-core-5.1.3.RELEASE.jar:/home/user/.m2/repository/org/springframework/spring-jcl/5.1.3.RELEASE/spring-jcl-5.1.3.RELEASE.jar:/home/user/.m2/repository/org/springframework/spring-tx/5.1.3.RELEASE/spring-tx-5.1.3.RELEASE.jar:/home/user/.m2/repository/org/mockito/mockito-core/2.15.0/mockito-core-2.15.0.jar:/home/user/.m2/repository/net/bytebuddy/byte-buddy/1.7.9/byte-buddy-1.7.9.jar:/home/user/.m2/repository/net/bytebuddy/byte-buddy-agent/1.7.9/byte-buddy-agent-1.7.9.jar:/home/user/.m2/repository/org/objenesis/objenesis/1.0/objenesis-1.0.jar:"/>
    <property name="sun.cpu.endian" value="little"/>
    <property name="user.home" value="/home/user"/>
    <property name="user.language" value="en"/>
    <property name="java.specification.vendor" value="Oracle Corporation"/>
    <property name="java.home" value="/usr/lib/jvm/java-1.8.0-openjdk-1.8.0.222.b10-1.el7_7.x86_64/jre"/>
    <property name="surefire.excludesFile" value="/tools/ozone-bad-unit-tests"/>
    <property name="java.security.krb5.conf" value="/workdir/hadoop-ozone/tools/target/test-classes/krb5.conf"/>
    <property name="basedir" value="/workdir/hadoop-ozone/tools"/>
    <property name="file.separator" value="/"/>
    <property name="line.separator" value="&#10;"/>
    <property name="java.vm.specification.vendor" value="Oracle Corporation"/>
    <property name="java.specification.name" value="Java Platform API Specification"/>
    <property name="java.awt.graphicsenv" value="sun.awt.X11GraphicsEnvironment"/>
    <property name="surefire.real.class.path" value="/workdir/hadoop-ozone/tools/target/surefire/surefirebooter2620881418241521099.jar"/>
    <property name="hadoop.log.dir" value="/workdir/hadoop-ozone/tools/target/log"/>
    <property name="sun.boot.class.path" value="/usr/lib/jvm/java-1.8.0-openjdk-1.8.0.222.b10-1.el7_7.x86_64/jre/lib/resources.jar:/usr/lib/jvm/java-1.8.0-openjdk-1.8.0.222.b10-1.el7_7.x86_64/jre/lib/rt.jar:/usr/lib/jvm/java-1.8.0-openjdk-1.8.0.222.b10-1.el7_7.x86_64/jre/lib/sunrsasign.jar:/usr/lib/jvm/java-1.8.0-openjdk-1.8.0.222.b10-1.el7_7.x86_64/jre/lib/jsse.jar:/usr/lib/jvm/java-1.8.0-openjdk-1.8.0.222.b10-1.el7_7.x86_64/jre/lib/jce.jar:/usr/lib/jvm/java-1.8.0-openjdk-1.8.0.222.b10-1.el7_7.x86_64/jre/lib/charsets.jar:/usr/lib/jvm/java-1.8.0-openjdk-1.8.0.222.b10-1.el7_7.x86_64/jre/lib/jfr.jar:/usr/lib/jvm/java-1.8.0-openjdk-1.8.0.222.b10-1.el7_7.x86_64/jre/classes"/>
    <property name="sun.management.compiler" value="HotSpot 64-Bit Tiered Compilers"/>
    <property name="java.runtime.version" value="1.8.0_222-b10"/>
    <property name="java.net.preferIPv4Stack" value="true"/>
    <property name="user.name" value="jenkins1000"/>
    <property name="path.separator" value=":"/>
    <property name="java.security.egd" value="file:///dev/urandom"/>
    <property name="os.version" value="3.10.0-957.12.2.el7.x86_64"/>
    <property name="java.endorsed.dirs" value="/usr/lib/jvm/java-1.8.0-openjdk-1.8.0.222.b10-1.el7_7.x86_64/jre/lib/endorsed"/>
    <property name="java.runtime.name" value="OpenJDK Runtime Environment"/>
    <property name="file.encoding" value="ANSI_X3.4-1968"/>
    <property name="java.vm.name" value="OpenJDK 64-Bit Server VM"/>
    <property name="test.build.webapps" value=""/>
    <property name="localRepository" value="/home/user/.m2/repository"/>
    <property name="java.vendor.url.bug" value="http://bugreport.sun.com/bugreport/"/>
    <property name="java.io.tmpdir" value="/tmp"/>
    <property name="require.test.libhadoop" value=""/>
    <property name="java.version" value="1.8.0_222"/>
    <property name="user.dir" value="/workdir/hadoop-ozone/tools"/>
    <property name="os.arch" value="amd64"/>
    <property name="java.vm.specification.name" value="Java Virtual Machine Specification"/>
    <property name="test.build.classes" value="/workdir/hadoop-ozone/tools/target/test-classes"/>
    <property name="java.awt.printerjob" value="sun.print.PSPrinterJob"/>
    <property name="sun.os.patch.level" value="unknown"/>
    <property name="hadoop.tmp.dir" value="/workdir/hadoop-ozone/tools/target/tmp"/>
    <property name="java.library.path" value="/usr/lib:/workdir/hadoop-ozone/tools/target/native/target/usr/local/lib:/workdir/hadoop-ozone/tools/../../hadoop-common-project/hadoop-common/target/native/target/usr/local/lib:/usr/java/packages/lib/amd64:/usr/lib64:/lib64:/lib:/usr/lib"/>
    <property name="java.vm.info" value="mixed mode"/>
    <property name="java.vendor" value="Oracle Corporation"/>
    <property name="java.vm.version" value="25.222-b10"/>
    <property name="java.ext.dirs" value="/usr/lib/jvm/java-1.8.0-openjdk-1.8.0.222.b10-1.el7_7.x86_64/jre/lib/ext:/usr/java/packages/lib/ext"/>
    <property name="sun.io.unicode.encoding" value="UnicodeLittle"/>
    <property name="java.class.version" value="52.0"/>
  </properties>
  <testcase name="validateWriteTest" classname="org.apache.hadoop.ozone.freon.TestDataValidateWithDummyContainers" time="0.001"/>
  <testcase name="ratisTestLargeKey" classname="org.apache.hadoop.ozone.freon.TestDataValidateWithDummyContainers" time="206.021">
    <error message="Allocated 0 blocks. Requested 1 blocks" type="INTERNAL_ERROR org.apache.hadoop.ozone.om.exceptions.OMException">INTERNAL_ERROR org.apache.hadoop.ozone.om.exceptions.OMException: Allocated 0 blocks. Requested 1 blocks
	at org.apache.hadoop.ozone.om.protocolPB.OzoneManagerProtocolClientSideTranslatorPB.handleError(OzoneManagerProtocolClientSideTranslatorPB.java:732)
	at org.apache.hadoop.ozone.om.protocolPB.OzoneManagerProtocolClientSideTranslatorPB.allocateBlock(OzoneManagerProtocolClientSideTranslatorPB.java:764)
	at sun.reflect.NativeMethodAccessorImpl.invoke0(Native Method)
	at sun.reflect.NativeMethodAccessorImpl.invoke(NativeMethodAccessorImpl.java:62)
	at sun.reflect.DelegatingMethodAccessorImpl.invoke(DelegatingMethodAccessorImpl.java:43)
	at java.lang.reflect.Method.invoke(Method.java:498)
	at org.apache.hadoop.hdds.tracing.TraceAllMethod.invoke(TraceAllMethod.java:66)
	at com.sun.proxy.$Proxy37.allocateBlock(Unknown Source)
	at org.apache.hadoop.ozone.client.io.BlockOutputStreamEntryPool.allocateNewBlock(BlockOutputStreamEntryPool.java:258)
	at org.apache.hadoop.ozone.client.io.BlockOutputStreamEntryPool.allocateBlockIfNeeded(BlockOutputStreamEntryPool.java:306)
	at org.apache.hadoop.ozone.client.io.KeyOutputStream.handleWrite(KeyOutputStream.java:198)
	at org.apache.hadoop.ozone.client.io.KeyOutputStream.handleRetry(KeyOutputStream.java:375)
	at org.apache.hadoop.ozone.client.io.KeyOutputStream.handleException(KeyOutputStream.java:324)
	at org.apache.hadoop.ozone.client.io.KeyOutputStream.handleWrite(KeyOutputStream.java:228)
	at org.apache.hadoop.ozone.client.io.KeyOutputStream.handleRetry(KeyOutputStream.java:375)
	at org.apache.hadoop.ozone.client.io.KeyOutputStream.handleException(KeyOutputStream.java:324)
	at org.apache.hadoop.ozone.client.io.KeyOutputStream.handleWrite(KeyOutputStream.java:228)
	at org.apache.hadoop.ozone.client.io.KeyOutputStream.handleRetry(KeyOutputStream.java:375)
	at org.apache.hadoop.ozone.client.io.KeyOutputStream.handleException(KeyOutputStream.java:324)
	at org.apache.hadoop.ozone.client.io.KeyOutputStream.handleWrite(KeyOutputStream.java:228)
	at org.apache.hadoop.ozone.client.io.KeyOutputStream.write(KeyOutputStream.java:190)
	at org.apache.hadoop.ozone.client.io.OzoneOutputStream.write(OzoneOutputStream.java:49)
	at org.apache.hadoop.ozone.freon.RandomKeyGenerator.createKey(RandomKeyGenerator.java:708)
	at org.apache.hadoop.ozone.freon.RandomKeyGenerator.access$1100(RandomKeyGenerator.java:88)
	at org.apache.hadoop.ozone.freon.RandomKeyGenerator$ObjectCreator.run(RandomKeyGenerator.java:615)
	at java.util.concurrent.Executors$RunnableAdapter.call(Executors.java:511)
	at java.util.concurrent.FutureTask.run(FutureTask.java:266)
	at java.util.concurrent.ThreadPoolExecutor.runWorker(ThreadPoolExecutor.java:1149)
	at java.util.concurrent.ThreadPoolExecutor$Worker.run(ThreadPoolExecutor.java:624)
	at java.lang.Thread.run(Thread.java:748)
</error>
    <system-out><![CDATA[2019-10-16 22:17:57,051 [main] INFO  freon.RandomKeyGenerator (RandomKeyGenerator.java:call(258)) - Override validateWrites to false, because hdds.container.chunk.persistdata is set to false.
2019-10-16 22:17:57,744 [Thread-208] INFO  container.ReplicationManager (ReplicationManager.java:start(162)) - Starting Replication Monitor Thread.
2019-10-16 22:17:57,747 [ReplicationMonitor] INFO  container.ReplicationManager (ReplicationManager.java:run(225)) - Replication Monitor Thread took 1 milliseconds for processing 0 containers.
2019-10-16 22:17:57,933 [main] INFO  freon.RandomKeyGenerator (RandomKeyGenerator.java:call(283)) - Number of Threads: 10
2019-10-16 22:17:57,935 [main] INFO  freon.RandomKeyGenerator (RandomKeyGenerator.java:call(288)) - Number of Volumes: 1.
2019-10-16 22:17:57,935 [main] INFO  freon.RandomKeyGenerator (RandomKeyGenerator.java:call(289)) - Number of Buckets per Volume: 1.
2019-10-16 22:17:57,936 [main] INFO  freon.RandomKeyGenerator (RandomKeyGenerator.java:call(290)) - Number of Keys per Bucket: 1.
2019-10-16 22:17:57,936 [main] INFO  freon.RandomKeyGenerator (RandomKeyGenerator.java:call(291)) - Key size: 20971520 bytes
2019-10-16 22:17:57,936 [main] INFO  freon.RandomKeyGenerator (RandomKeyGenerator.java:call(292)) - Buffer size: 4096 bytes
2019-10-16 22:17:57,936 [main] INFO  freon.RandomKeyGenerator (RandomKeyGenerator.java:call(293)) - validateWrites : false
2019-10-16 22:17:57,942 [main] INFO  freon.RandomKeyGenerator (RandomKeyGenerator.java:call(313)) - Starting progress bar Thread.

 0.00% |?                                                                                                    |  0/1 Time: 0:00:002019-10-16 22:17:57,971 [pool-73-thread-1] INFO  rpc.RpcClient (RpcClient.java:createVolume(272)) - Creating Volume: vol-0-81480, with jenkins1000 as owner.
2019-10-16 22:17:58,084 [IPC Server handler 2 on 41786] INFO  volume.OMVolumeCreateRequest (OMVolumeCreateRequest.java:validateAndUpdateCache(193)) - created volume:vol-0-81480 for user:jenkins1000
2019-10-16 22:17:58,119 [pool-73-thread-2] INFO  rpc.RpcClient (RpcClient.java:createBucket(411)) - Creating Bucket: vol-0-81480/bucket-0-65620, with Versioning false and Storage Type set to DISK and Encryption set to false 
2019-10-16 22:17:58,400 [pool-73-thread-3] INFO  impl.MetricsSystemImpl (MetricsSystemImpl.java:init(158)) - XceiverClientMetrics metrics system started (again)
2019-10-16 22:17:58,759 [pool-46-thread-1] ERROR impl.ChunkManagerImpl (ChunkManagerDummyImpl.java:writeChunk(86)) - data array does not match the length specified. DataLen: 1048576 Byte Array: 1048745
2019-10-16 22:17:58,762 [pool-46-thread-1] ERROR impl.ChunkManagerDummyImpl (ChunkManagerDummyImpl.java:writeChunk(105)) - write data failed. error: {}
org.apache.hadoop.hdds.scm.container.common.helpers.StorageContainerException: data array does not match the length specified. DataLen: 1048576 Byte Array: 1048745
	at org.apache.hadoop.ozone.container.keyvalue.impl.ChunkManagerDummyImpl.writeChunk(ChunkManagerDummyImpl.java:87)
	at org.apache.hadoop.ozone.container.keyvalue.KeyValueHandler.handleWriteChunk(KeyValueHandler.java:696)
	at org.apache.hadoop.ozone.container.keyvalue.KeyValueHandler.handle(KeyValueHandler.java:176)
	at org.apache.hadoop.ozone.container.common.impl.HddsDispatcher.dispatchRequest(HddsDispatcher.java:277)
	at org.apache.hadoop.ozone.container.common.impl.HddsDispatcher.dispatch(HddsDispatcher.java:150)
	at org.apache.hadoop.ozone.container.common.transport.server.ratis.ContainerStateMachine.dispatchCommand(ContainerStateMachine.java:415)
	at org.apache.hadoop.ozone.container.common.transport.server.ratis.ContainerStateMachine.runCommand(ContainerStateMachine.java:425)
	at org.apache.hadoop.ozone.container.common.transport.server.ratis.ContainerStateMachine.lambda$handleWriteChunk$1(ContainerStateMachine.java:460)
	at java.util.concurrent.CompletableFuture$AsyncSupply.run(CompletableFuture.java:1590)
	at java.util.concurrent.ThreadPoolExecutor.runWorker(ThreadPoolExecutor.java:1149)
	at java.util.concurrent.ThreadPoolExecutor$Worker.run(ThreadPoolExecutor.java:624)
	at java.lang.Thread.run(Thread.java:748)
2019-10-16 22:17:58,821 [pool-46-thread-1] INFO  keyvalue.KeyValueHandler (ContainerUtils.java:logAndReturnError(146)) - Operation: WriteChunk : Trace ID: a99f4f19308efdd4:44cf20dd9969323e:aeb1f8c3d90a0985:0 : Message: Internal error:  : Result: CONTAINER_INTERNAL_ERROR
2019-10-16 22:17:58,842 [EventQueue-IncrementalContainerReportForIncrementalContainerReportHandler] WARN  container.IncrementalContainerReportHandler (AbstractContainerReportHandler.java:updateContainerState(145)) - Container #1 is in OPEN state, but the datanode 10709bda-d4dc-4a9c-9e19-12e8b772be2f{ip: 192.168.34.38, host: pr-hdds-1868-89kc4-1304904179, networkLocation: /default-rack, certSerialId: null} reports an UNHEALTHY replica.
22:17:58.846 [pool-46-thread-1] ERROR DNAudit - user=null | ip=null | op=WRITE_CHUNK {blockData=conID: 1 locID: 102974375736442880 bcsId: 0} | ret=FAILURE
java.lang.Exception: Internal error: 
	at org.apache.hadoop.ozone.container.common.impl.HddsDispatcher.dispatchRequest(HddsDispatcher.java:332) ~[hadoop-hdds-container-service-0.5.0-SNAPSHOT.jar:?]
	at org.apache.hadoop.ozone.container.common.impl.HddsDispatcher.dispatch(HddsDispatcher.java:150) ~[hadoop-hdds-container-service-0.5.0-SNAPSHOT.jar:?]
	at org.apache.hadoop.ozone.container.common.transport.server.ratis.ContainerStateMachine.dispatchCommand(ContainerStateMachine.java:415) ~[hadoop-hdds-container-service-0.5.0-SNAPSHOT.jar:?]
	at org.apache.hadoop.ozone.container.common.transport.server.ratis.ContainerStateMachine.runCommand(ContainerStateMachine.java:425) ~[hadoop-hdds-container-service-0.5.0-SNAPSHOT.jar:?]
	at org.apache.hadoop.ozone.container.common.transport.server.ratis.ContainerStateMachine.lambda$handleWriteChunk$1(ContainerStateMachine.java:460) ~[hadoop-hdds-container-service-0.5.0-SNAPSHOT.jar:?]
	at java.util.concurrent.CompletableFuture$AsyncSupply.run(CompletableFuture.java:1590) [?:1.8.0_222]
	at java.util.concurrent.ThreadPoolExecutor.runWorker(ThreadPoolExecutor.java:1149) [?:1.8.0_222]
	at java.util.concurrent.ThreadPoolExecutor$Worker.run(ThreadPoolExecutor.java:624) [?:1.8.0_222]
	at java.lang.Thread.run(Thread.java:748) [?:1.8.0_222]
2019-10-16 22:17:58,857 [pool-46-thread-1] ERROR ratis.ContainerStateMachine (ContainerStateMachine.java:lambda$handleWriteChunk$2(482)) - group-C9E98197C832: writeChunk writeStateMachineData failed: blockIdcontainerID: 1
localID: 102974375736442880
blockCommitSequenceId: 0
 logIndex 1 chunkName 102974375736442880_chunk_1 Error message: Internal error:  Container Result: CONTAINER_INTERNAL_ERROR
2019-10-16 22:17:58,870 [10709bda-d4dc-4a9c-9e19-12e8b772be2f@group-C9E98197C832-SegmentedRaftLogWorker] ERROR ratis.XceiverServerRatis (XceiverServerRatis.java:triggerPipelineClose(589)) - pipeline Action CLOSE  on pipeline PipelineID=e220278f-691d-413f-924c-c9e98197c832.Reason : Internal error: 
2019-10-16 22:17:58,870 [10709bda-d4dc-4a9c-9e19-12e8b772be2f@group-C9E98197C832-SegmentedRaftLogWorker] ERROR ratis.XceiverServerRatis (XceiverServerRatis.java:triggerPipelineClose(589)) - pipeline Action CLOSE  on pipeline PipelineID=e220278f-691d-413f-924c-c9e98197c832.Reason : Log already failed at index 1 for task WriteLog:1: (t:1, i:1), STATEMACHINELOGENTRY, client-19C2A3D743A5, cid=8
2019-10-16 22:17:58,874 [EventQueue-PipelineActionsForPipelineActionHandler] ERROR pipeline.PipelineActionHandler (PipelineActionHandler.java:onMessage(60)) - Received pipeline action CLOSE for Pipeline[ Id: e220278f-691d-413f-924c-c9e98197c832, Nodes: eb983093-91d2-4010-938b-148522e57322{ip: 192.168.34.38, host: pr-hdds-1868-89kc4-1304904179, networkLocation: /default-rack, certSerialId: null}10709bda-d4dc-4a9c-9e19-12e8b772be2f{ip: 192.168.34.38, host: pr-hdds-1868-89kc4-1304904179, networkLocation: /default-rack, certSerialId: null}80429b0a-59fd-4cc1-aa54-c7e113f2fc75{ip: 192.168.34.38, host: pr-hdds-1868-89kc4-1304904179, networkLocation: /default-rack, certSerialId: null}, Type:RATIS, Factor:THREE, State:OPEN] from datanode 10709bda-d4dc-4a9c-9e19-12e8b772be2f{ip: 192.168.34.38, host: pr-hdds-1868-89kc4-1304904179, networkLocation: /default-rack, certSerialId: null}. Reason : Internal error: 
2019-10-16 22:17:58,874 [EventQueue-PipelineActionsForPipelineActionHandler] INFO  pipeline.SCMPipelineManager (SCMPipelineManager.java:finalizeAndDestroyPipeline(315)) - destroying pipeline:Pipeline[ Id: e220278f-691d-413f-924c-c9e98197c832, Nodes: eb983093-91d2-4010-938b-148522e57322{ip: 192.168.34.38, host: pr-hdds-1868-89kc4-1304904179, networkLocation: /default-rack, certSerialId: null}10709bda-d4dc-4a9c-9e19-12e8b772be2f{ip: 192.168.34.38, host: pr-hdds-1868-89kc4-1304904179, networkLocation: /default-rack, certSerialId: null}80429b0a-59fd-4cc1-aa54-c7e113f2fc75{ip: 192.168.34.38, host: pr-hdds-1868-89kc4-1304904179, networkLocation: /default-rack, certSerialId: null}, Type:RATIS, Factor:THREE, State:OPEN]
2019-10-16 22:17:58,874 [EventQueue-PipelineActionsForPipelineActionHandler] INFO  pipeline.PipelineStateManager (PipelineStateManager.java:finalizePipeline(123)) - Pipeline Pipeline[ Id: e220278f-691d-413f-924c-c9e98197c832, Nodes: eb983093-91d2-4010-938b-148522e57322{ip: 192.168.34.38, host: pr-hdds-1868-89kc4-1304904179, networkLocation: /default-rack, certSerialId: null}10709bda-d4dc-4a9c-9e19-12e8b772be2f{ip: 192.168.34.38, host: pr-hdds-1868-89kc4-1304904179, networkLocation: /default-rack, certSerialId: null}80429b0a-59fd-4cc1-aa54-c7e113f2fc75{ip: 192.168.34.38, host: pr-hdds-1868-89kc4-1304904179, networkLocation: /default-rack, certSerialId: null}, Type:RATIS, Factor:THREE, State:CLOSED] moved to CLOSED state
2019-10-16 22:17:58,876 [EventQueue-CloseContainerForCloseContainerEventHandler] INFO  container.CloseContainerEventHandler (CloseContainerEventHandler.java:onMessage(61)) - Close container Event triggered for container : #1
2019-10-16 22:17:58,880 [EventQueue-CloseContainerForCloseContainerEventHandler] INFO  container.CloseContainerEventHandler (CloseContainerEventHandler.java:onMessage(61)) - Close container Event triggered for container : #1
2019-10-16 22:17:58,881 [EventQueue-CloseContainerForCloseContainerEventHandler] INFO  container.CloseContainerEventHandler (CloseContainerEventHandler.java:onMessage(61)) - Close container Event triggered for container : #2
2019-10-16 22:17:58,881 [EventQueue-CloseContainerForCloseContainerEventHandler] INFO  container.CloseContainerEventHandler (CloseContainerEventHandler.java:onMessage(61)) - Close container Event triggered for container : #3
 0.00% |?                                                                                                    |  0/1 Time: 0:00:01 0.00% |?                                                                                                    |  0/1 Time: 0:00:022019-10-16 22:18:00,756 [Command processor thread] ERROR commandhandler.CloseContainerCommandHandler (CloseContainerCommandHandler.java:handle(84)) - Container #2 does not exist in datanode. Container close failed.
2019-10-16 22:18:00,757 [Command processor thread] ERROR commandhandler.CloseContainerCommandHandler (CloseContainerCommandHandler.java:handle(84)) - Container #2 does not exist in datanode. Container close failed.
2019-10-16 22:18:00,758 [Command processor thread] ERROR commandhandler.CloseContainerCommandHandler (CloseContainerCommandHandler.java:handle(84)) - Container #3 does not exist in datanode. Container close failed.
2019-10-16 22:18:00,758 [Command processor thread] ERROR commandhandler.CloseContainerCommandHandler (CloseContainerCommandHandler.java:handle(84)) - Container #3 does not exist in datanode. Container close failed.
2019-10-16 22:18:00,871 [Command processor thread] ERROR commandhandler.CloseContainerCommandHandler (CloseContainerCommandHandler.java:handle(84)) - Container #2 does not exist in datanode. Container close failed.
2019-10-16 22:18:00,871 [Command processor thread] ERROR commandhandler.CloseContainerCommandHandler (CloseContainerCommandHandler.java:handle(84)) - Container #3 does not exist in datanode. Container close failed.
 0.00% |?                                                                                                    |  0/1 Time: 0:00:03 0.00% |?                                                                                                    |  0/1 Time: 0:00:04 0.00% |?                                                                                                    |  0/1 Time: 0:00:05 0.00% |?                                                                                                    |  0/1 Time: 0:00:06 0.00% |?                                                                                                    |  0/1 Time: 0:00:07 0.00% |?                                                                                                    |  0/1 Time: 0:00:08 0.00% |?                                                                                                    |  0/1 Time: 0:00:09 0.00% |?                                                                                                    |  0/1 Time: 0:00:10 0.00% |?                                                                                                    |  0/1 Time: 0:00:11 0.00% |?                                                                                                    |  0/1 Time: 0:00:12 0.00% |?                                                                                                    |  0/1 Time: 0:00:13 0.00% |?                                                                                                    |  0/1 Time: 0:00:14 0.00% |?                                                                                                    |  0/1 Time: 0:00:15 0.00% |?                                                                                                    |  0/1 Time: 0:00:16 0.00% |?                                                                                                    |  0/1 Time: 0:00:17 0.00% |?                                                                                                    |  0/1 Time: 0:00:18 0.00% |?                                                                                                    |  0/1 Time: 0:00:19 0.00% |?                                                                                                    |  0/1 Time: 0:00:20 0.00% |?                                                                                                    |  0/1 Time: 0:00:21 0.00% |?                                                                                                    |  0/1 Time: 0:00:22 0.00% |?                                                                                                    |  0/1 Time: 0:00:23 0.00% |?                                                                                                    |  0/1 Time: 0:00:24 0.00% |?                                                                                                    |  0/1 Time: 0:00:25 0.00% |?                                                                                                    |  0/1 Time: 0:00:26 0.00% |?                                                                                                    |  0/1 Time: 0:00:27 0.00% |?                                                                                                    |  0/1 Time: 0:00:28 0.00% |?                                                                                                    |  0/1 Time: 0:00:29 0.00% |?                                                                                                    |  0/1 Time: 0:00:30 0.00% |?                                                                                                    |  0/1 Time: 0:00:31 0.00% |?                                                                                                    |  0/1 Time: 0:00:32 0.00% |?                                                                                                    |  0/1 Time: 0:00:33 0.00% |?                                                                                                    |  0/1 Time: 0:00:34 0.00% |?                                                                                                    |  0/1 Time: 0:00:35 0.00% |?                                                                                                    |  0/1 Time: 0:00:36 0.00% |?                                                                                                    |  0/1 Time: 0:00:37 0.00% |?                                                                                                    |  0/1 Time: 0:00:38 0.00% |?                                                                                                    |  0/1 Time: 0:00:39 0.00% |?                                                                                                    |  0/1 Time: 0:00:40 0.00% |?                                                                                                    |  0/1 Time: 0:00:41 0.00% |?                                                                                                    |  0/1 Time: 0:00:42 0.00% |?                                                                                                    |  0/1 Time: 0:00:43 0.00% |?                                                                                                    |  0/1 Time: 0:00:44 0.00% |?                                                                                                    |  0/1 Time: 0:00:45 0.00% |?                                                                                                    |  0/1 Time: 0:00:46 0.00% |?                                                                                                    |  0/1 Time: 0:00:47 0.00% |?                                                                                                    |  0/1 Time: 0:00:48 0.00% |?                                                                                                    |  0/1 Time: 0:00:49 0.00% |?                                                                                                    |  0/1 Time: 0:00:50 0.00% |?                                                                                                    |  0/1 Time: 0:00:51 0.00% |?                                                                                                    |  0/1 Time: 0:00:52 0.00% |?                                                                                                    |  0/1 Time: 0:00:53 0.00% |?                                                                                                    |  0/1 Time: 0:00:54 0.00% |?                                                                                                    |  0/1 Time: 0:00:55 0.00% |?                                                                                                    |  0/1 Time: 0:00:56 0.00% |?                                                                                                    |  0/1 Time: 0:00:57 0.00% |?                                                                                                    |  0/1 Time: 0:00:58 0.00% |?                                                                                                    |  0/1 Time: 0:00:59 0.00% |?                                                                                                    |  0/1 Time: 0:01:00 0.00% |?                                                                                                    |  0/1 Time: 0:01:01 0.00% |?                                                                                                    |  0/1 Time: 0:01:02 0.00% |?                                                                                                    |  0/1 Time: 0:01:03 0.00% |?                                                                                                    |  0/1 Time: 0:01:04 0.00% |?                                                                                                    |  0/1 Time: 0:01:05 0.00% |?                                                                                                    |  0/1 Time: 0:01:062019-10-16 22:19:04,897 [grpc-default-executor-3] INFO  impl.RaftServerProxy (RaftServerProxy.java:remove(95)) - eb983093-91d2-4010-938b-148522e57322: remove  FOLLOWER eb983093-91d2-4010-938b-148522e57322@group-C9E98197C832:t1, leader=10709bda-d4dc-4a9c-9e19-12e8b772be2f, voted=eb983093-91d2-4010-938b-148522e57322, raftlog=eb983093-91d2-4010-938b-148522e57322@group-C9E98197C832-SegmentedRaftLog:OPENED:c0,f2,i2, conf=0: [80429b0a-59fd-4cc1-aa54-c7e113f2fc75:192.168.34.38:36487, 10709bda-d4dc-4a9c-9e19-12e8b772be2f:192.168.34.38:34412, eb983093-91d2-4010-938b-148522e57322:192.168.34.38:40909], old=null RUNNING
2019-10-16 22:19:04,902 [grpc-default-executor-3] INFO  impl.RaftServerImpl (RaftServerImpl.java:lambda$shutdown$3(261)) - eb983093-91d2-4010-938b-148522e57322@group-C9E98197C832: shutdown
2019-10-16 22:19:04,903 [grpc-default-executor-3] INFO  util.JmxRegister (JmxRegister.java:unregister(73)) - Successfully un-registered JMX Bean with object name Ratis:service=RaftServer,group=group-C9E98197C832,id=eb983093-91d2-4010-938b-148522e57322
2019-10-16 22:19:04,903 [grpc-default-executor-3] INFO  impl.RoleInfo (RoleInfo.java:shutdownFollowerState(121)) - eb983093-91d2-4010-938b-148522e57322: shutdown FollowerState
2019-10-16 22:19:04,903 [grpc-default-executor-3] INFO  impl.StateMachineUpdater (StateMachineUpdater.java:stopAndJoin(136)) - eb983093-91d2-4010-938b-148522e57322@group-C9E98197C832-StateMachineUpdater: set stopIndex = 0
2019-10-16 22:19:04,904 [Thread-250] INFO  impl.FollowerState (FollowerState.java:run(117)) - eb983093-91d2-4010-938b-148522e57322@group-C9E98197C832-FollowerState was interrupted: java.lang.InterruptedException: sleep interrupted
2019-10-16 22:19:04,907 [grpc-default-executor-3] INFO  impl.RaftServerImpl (ServerState.java:close(388)) - eb983093-91d2-4010-938b-148522e57322@group-C9E98197C832: closes. applyIndex: 0
2019-10-16 22:19:04,909 [eb983093-91d2-4010-938b-148522e57322@group-C9E98197C832-SegmentedRaftLogWorker] INFO  segmented.SegmentedRaftLogWorker (SegmentedRaftLogWorker.java:run(316)) - eb983093-91d2-4010-938b-148522e57322@group-C9E98197C832-SegmentedRaftLogWorker was interrupted, exiting. There are 0 tasks remaining in the queue.
2019-10-16 22:19:04,911 [grpc-default-executor-3] INFO  segmented.SegmentedRaftLogWorker (SegmentedRaftLogWorker.java:close(224)) - eb983093-91d2-4010-938b-148522e57322@group-C9E98197C832-SegmentedRaftLogWorker close()
 0.00% |?                                                                                                    |  0/1 Time: 0:01:072019-10-16 22:19:04,988 [grpc-default-executor-3] INFO  interfaces.Container (KeyValueContainer.java:flushAndSyncDB(386)) - Container 1 is synced with bcsId 0.
2019-10-16 22:19:04,988 [grpc-default-executor-3] INFO  interfaces.Container (KeyValueContainer.java:flushAndSyncDB(386)) - Container 1 is synced with bcsId 0.
2019-10-16 22:19:05,009 [EventQueue-IncrementalContainerReportForIncrementalContainerReportHandler] INFO  container.IncrementalContainerReportHandler (AbstractContainerReportHandler.java:updateContainerState(171)) - Moving container #1 to QUASI_CLOSED state, datanode eb983093-91d2-4010-938b-148522e57322{ip: 192.168.34.38, host: pr-hdds-1868-89kc4-1304904179, networkLocation: /default-rack, certSerialId: null} reported QUASI_CLOSED replica.
2019-10-16 22:19:05,020 [grpc-default-executor-3] INFO  impl.RaftServerProxy (RaftServerProxy.java:remove(95)) - 10709bda-d4dc-4a9c-9e19-12e8b772be2f: remove    LEADER 10709bda-d4dc-4a9c-9e19-12e8b772be2f@group-C9E98197C832:t1, leader=10709bda-d4dc-4a9c-9e19-12e8b772be2f, voted=10709bda-d4dc-4a9c-9e19-12e8b772be2f, raftlog=10709bda-d4dc-4a9c-9e19-12e8b772be2f@group-C9E98197C832-SegmentedRaftLog:OPENED:c0,f0,i2, conf=0: [80429b0a-59fd-4cc1-aa54-c7e113f2fc75:192.168.34.38:36487, 10709bda-d4dc-4a9c-9e19-12e8b772be2f:192.168.34.38:34412, eb983093-91d2-4010-938b-148522e57322:192.168.34.38:40909], old=null RUNNING
2019-10-16 22:19:05,020 [grpc-default-executor-3] INFO  impl.RaftServerImpl (RaftServerImpl.java:lambda$shutdown$3(261)) - 10709bda-d4dc-4a9c-9e19-12e8b772be2f@group-C9E98197C832: shutdown
2019-10-16 22:19:05,021 [grpc-default-executor-3] INFO  util.JmxRegister (JmxRegister.java:unregister(73)) - Successfully un-registered JMX Bean with object name Ratis:service=RaftServer,group=group-C9E98197C832,id=10709bda-d4dc-4a9c-9e19-12e8b772be2f
2019-10-16 22:19:05,021 [grpc-default-executor-3] INFO  impl.RoleInfo (RoleInfo.java:shutdownLeaderState(104)) - 10709bda-d4dc-4a9c-9e19-12e8b772be2f: shutdown LeaderState
2019-10-16 22:19:05,023 [grpc-default-executor-3] INFO  impl.PendingRequests (PendingRequests.java:sendNotLeaderResponses(202)) - 10709bda-d4dc-4a9c-9e19-12e8b772be2f@group-C9E98197C832-PendingRequests: sendNotLeaderResponses
2019-10-16 22:19:05,023 [org.apache.ratis.server.impl.LogAppender$AppenderDaemon$$Lambda$495/1222538440@4faa3772] WARN  server.GrpcLogAppender (GrpcLogAppender.java:mayWait(149)) - 10709bda-d4dc-4a9c-9e19-12e8b772be2f@group-C9E98197C832->eb983093-91d2-4010-938b-148522e57322-GrpcLogAppender: Wait interrupted by java.lang.InterruptedException
2019-10-16 22:19:05,023 [org.apache.ratis.server.impl.LogAppender$AppenderDaemon$$Lambda$495/1222538440@26bd3aba] WARN  server.GrpcLogAppender (GrpcLogAppender.java:mayWait(149)) - 10709bda-d4dc-4a9c-9e19-12e8b772be2f@group-C9E98197C832->80429b0a-59fd-4cc1-aa54-c7e113f2fc75-GrpcLogAppender: Wait interrupted by java.lang.InterruptedException
2019-10-16 22:19:05,028 [grpc-default-executor-0] INFO  server.GrpcServerProtocolService (GrpcServerProtocolService.java:onCompleted(113)) - 80429b0a-59fd-4cc1-aa54-c7e113f2fc75: Completed APPEND_ENTRIES, lastRequest: 10709bda-d4dc-4a9c-9e19-12e8b772be2f->80429b0a-59fd-4cc1-aa54-c7e113f2fc75#29-t1, previous=(t:1, i:2), leaderCommit=0, initializing? false, entries: <empty>
2019-10-16 22:19:05,028 [grpc-default-executor-1] INFO  server.GrpcServerProtocolService (GrpcServerProtocolService.java:onCompleted(113)) - eb983093-91d2-4010-938b-148522e57322: Completed APPEND_ENTRIES, lastRequest: 10709bda-d4dc-4a9c-9e19-12e8b772be2f->eb983093-91d2-4010-938b-148522e57322#29-t1, previous=(t:1, i:2), leaderCommit=0, initializing? false, entries: <empty>
2019-10-16 22:19:05,030 [grpc-default-executor-1] INFO  server.GrpcLogAppender (GrpcLogAppender.java:onCompleted(308)) - 10709bda-d4dc-4a9c-9e19-12e8b772be2f@group-C9E98197C832->eb983093-91d2-4010-938b-148522e57322-AppendLogResponseHandler: follower responses appendEntries COMPLETED
2019-10-16 22:19:05,030 [grpc-default-executor-0] INFO  server.GrpcLogAppender (GrpcLogAppender.java:onCompleted(308)) - 10709bda-d4dc-4a9c-9e19-12e8b772be2f@group-C9E98197C832->80429b0a-59fd-4cc1-aa54-c7e113f2fc75-AppendLogResponseHandler: follower responses appendEntries COMPLETED
2019-10-16 22:19:05,036 [grpc-default-executor-3] INFO  impl.StateMachineUpdater (StateMachineUpdater.java:stopAndJoin(136)) - 10709bda-d4dc-4a9c-9e19-12e8b772be2f@group-C9E98197C832-StateMachineUpdater: set stopIndex = 0
2019-10-16 22:19:05,037 [grpc-default-executor-1] INFO  impl.FollowerInfo (FollowerInfo.java:lambda$new$0(51)) - 10709bda-d4dc-4a9c-9e19-12e8b772be2f@group-C9E98197C832->eb983093-91d2-4010-938b-148522e57322: nextIndex: updateUnconditionally 3 -> 2
2019-10-16 22:19:05,037 [grpc-default-executor-0] INFO  impl.FollowerInfo (FollowerInfo.java:lambda$new$0(51)) - 10709bda-d4dc-4a9c-9e19-12e8b772be2f@group-C9E98197C832->80429b0a-59fd-4cc1-aa54-c7e113f2fc75: nextIndex: updateUnconditionally 3 -> 2
2019-10-16 22:19:05,038 [grpc-default-executor-3] INFO  impl.RaftServerImpl (ServerState.java:close(388)) - 10709bda-d4dc-4a9c-9e19-12e8b772be2f@group-C9E98197C832: closes. applyIndex: 0
2019-10-16 22:19:05,040 [10709bda-d4dc-4a9c-9e19-12e8b772be2f@group-C9E98197C832-SegmentedRaftLogWorker] INFO  segmented.SegmentedRaftLogWorker (SegmentedRaftLogWorker.java:run(316)) - 10709bda-d4dc-4a9c-9e19-12e8b772be2f@group-C9E98197C832-SegmentedRaftLogWorker was interrupted, exiting. There are 0 tasks remaining in the queue.
2019-10-16 22:19:05,041 [grpc-default-executor-3] INFO  segmented.SegmentedRaftLogWorker (SegmentedRaftLogWorker.java:close(224)) - 10709bda-d4dc-4a9c-9e19-12e8b772be2f@group-C9E98197C832-SegmentedRaftLogWorker close()
2019-10-16 22:19:05,061 [grpc-default-executor-3] INFO  impl.RaftServerProxy (RaftServerProxy.java:remove(95)) - 80429b0a-59fd-4cc1-aa54-c7e113f2fc75: remove  FOLLOWER 80429b0a-59fd-4cc1-aa54-c7e113f2fc75@group-C9E98197C832:t1, leader=10709bda-d4dc-4a9c-9e19-12e8b772be2f, voted=10709bda-d4dc-4a9c-9e19-12e8b772be2f, raftlog=80429b0a-59fd-4cc1-aa54-c7e113f2fc75@group-C9E98197C832-SegmentedRaftLog:OPENED:c0,f2,i2, conf=0: [80429b0a-59fd-4cc1-aa54-c7e113f2fc75:192.168.34.38:36487, 10709bda-d4dc-4a9c-9e19-12e8b772be2f:192.168.34.38:34412, eb983093-91d2-4010-938b-148522e57322:192.168.34.38:40909], old=null RUNNING
2019-10-16 22:19:05,061 [grpc-default-executor-3] INFO  impl.RaftServerImpl (RaftServerImpl.java:lambda$shutdown$3(261)) - 80429b0a-59fd-4cc1-aa54-c7e113f2fc75@group-C9E98197C832: shutdown
2019-10-16 22:19:05,061 [grpc-default-executor-3] INFO  util.JmxRegister (JmxRegister.java:unregister(73)) - Successfully un-registered JMX Bean with object name Ratis:service=RaftServer,group=group-C9E98197C832,id=80429b0a-59fd-4cc1-aa54-c7e113f2fc75
2019-10-16 22:19:05,061 [grpc-default-executor-3] INFO  impl.RoleInfo (RoleInfo.java:shutdownFollowerState(121)) - 80429b0a-59fd-4cc1-aa54-c7e113f2fc75: shutdown FollowerState
2019-10-16 22:19:05,061 [grpc-default-executor-3] INFO  impl.StateMachineUpdater (StateMachineUpdater.java:stopAndJoin(136)) - 80429b0a-59fd-4cc1-aa54-c7e113f2fc75@group-C9E98197C832-StateMachineUpdater: set stopIndex = 0
2019-10-16 22:19:05,061 [Thread-249] INFO  impl.FollowerState (FollowerState.java:run(117)) - 80429b0a-59fd-4cc1-aa54-c7e113f2fc75@group-C9E98197C832-FollowerState was interrupted: java.lang.InterruptedException: sleep interrupted
2019-10-16 22:19:05,064 [grpc-default-executor-3] INFO  impl.RaftServerImpl (ServerState.java:close(388)) - 80429b0a-59fd-4cc1-aa54-c7e113f2fc75@group-C9E98197C832: closes. applyIndex: 0
2019-10-16 22:19:05,064 [80429b0a-59fd-4cc1-aa54-c7e113f2fc75@group-C9E98197C832-SegmentedRaftLogWorker] INFO  segmented.SegmentedRaftLogWorker (SegmentedRaftLogWorker.java:run(316)) - 80429b0a-59fd-4cc1-aa54-c7e113f2fc75@group-C9E98197C832-SegmentedRaftLogWorker was interrupted, exiting. There are 0 tasks remaining in the queue.
2019-10-16 22:19:05,065 [grpc-default-executor-3] INFO  segmented.SegmentedRaftLogWorker (SegmentedRaftLogWorker.java:close(224)) - 80429b0a-59fd-4cc1-aa54-c7e113f2fc75@group-C9E98197C832-SegmentedRaftLogWorker close()
2019-10-16 22:19:05,124 [grpc-default-executor-3] INFO  interfaces.Container (KeyValueContainer.java:flushAndSyncDB(386)) - Container 1 is synced with bcsId 0.
2019-10-16 22:19:05,124 [grpc-default-executor-3] INFO  interfaces.Container (KeyValueContainer.java:flushAndSyncDB(386)) - Container 1 is synced with bcsId 0.
2019-10-16 22:19:05,149 [RatisPipelineUtilsThread] INFO  pipeline.PipelineStateManager (PipelineStateManager.java:removePipeline(108)) - Pipeline Pipeline[ Id: e220278f-691d-413f-924c-c9e98197c832, Nodes: eb983093-91d2-4010-938b-148522e57322{ip: 192.168.34.38, host: pr-hdds-1868-89kc4-1304904179, networkLocation: /default-rack, certSerialId: null}10709bda-d4dc-4a9c-9e19-12e8b772be2f{ip: 192.168.34.38, host: pr-hdds-1868-89kc4-1304904179, networkLocation: /default-rack, certSerialId: null}80429b0a-59fd-4cc1-aa54-c7e113f2fc75{ip: 192.168.34.38, host: pr-hdds-1868-89kc4-1304904179, networkLocation: /default-rack, certSerialId: null}, Type:RATIS, Factor:THREE, State:CLOSED] removed from db
2019-10-16 22:19:05,164 [grpc-default-executor-1] INFO  impl.RaftServerProxy (RaftServerProxy.java:addNew(89)) - 10709bda-d4dc-4a9c-9e19-12e8b772be2f: addNew group-C14B0A10C5D5:[80429b0a-59fd-4cc1-aa54-c7e113f2fc75:192.168.34.38:36487, 10709bda-d4dc-4a9c-9e19-12e8b772be2f:192.168.34.38:34412, eb983093-91d2-4010-938b-148522e57322:192.168.34.38:40909] returns group-C14B0A10C5D5:java.util.concurrent.CompletableFuture@3d3320df[Not completed]
2019-10-16 22:19:05,167 [grpc-default-executor-0] INFO  impl.RaftServerProxy (RaftServerProxy.java:addNew(89)) - 80429b0a-59fd-4cc1-aa54-c7e113f2fc75: addNew group-C14B0A10C5D5:[80429b0a-59fd-4cc1-aa54-c7e113f2fc75:192.168.34.38:36487, 10709bda-d4dc-4a9c-9e19-12e8b772be2f:192.168.34.38:34412, eb983093-91d2-4010-938b-148522e57322:192.168.34.38:40909] returns group-C14B0A10C5D5:java.util.concurrent.CompletableFuture@6e47105f[Not completed]
2019-10-16 22:19:05,168 [grpc-default-executor-3] INFO  impl.RaftServerProxy (RaftServerProxy.java:addNew(89)) - eb983093-91d2-4010-938b-148522e57322: addNew group-C14B0A10C5D5:[80429b0a-59fd-4cc1-aa54-c7e113f2fc75:192.168.34.38:36487, 10709bda-d4dc-4a9c-9e19-12e8b772be2f:192.168.34.38:34412, eb983093-91d2-4010-938b-148522e57322:192.168.34.38:40909] returns group-C14B0A10C5D5:java.util.concurrent.CompletableFuture@24be4b8b[Not completed]
2019-10-16 22:19:05,170 [pool-47-thread-1] INFO  impl.RaftServerImpl (RaftServerImpl.java:<init>(104)) - 10709bda-d4dc-4a9c-9e19-12e8b772be2f: new RaftServerImpl for group-C14B0A10C5D5:[80429b0a-59fd-4cc1-aa54-c7e113f2fc75:192.168.34.38:36487, 10709bda-d4dc-4a9c-9e19-12e8b772be2f:192.168.34.38:34412, eb983093-91d2-4010-938b-148522e57322:192.168.34.38:40909] with ContainerStateMachine:uninitialized
2019-10-16 22:19:05,170 [pool-47-thread-1] INFO  server.RaftServerConfigKeys (ConfUtils.java:logGet(43)) - raft.server.rpc.timeout.min = 5s (custom)
2019-10-16 22:19:05,170 [pool-47-thread-1] INFO  server.RaftServerConfigKeys (ConfUtils.java:logGet(43)) - raft.server.rpc.timeout.max = 5200ms (custom)
2019-10-16 22:19:05,170 [pool-47-thread-1] INFO  server.RaftServerConfigKeys (ConfUtils.java:logGet(43)) - raft.server.rpcslowness.timeout = 120s (custom)
2019-10-16 22:19:05,170 [pool-47-thread-1] INFO  server.RaftServerConfigKeys (ConfUtils.java:logGet(43)) - raft.server.sleep.deviation.threshold = 300 (default)
2019-10-16 22:19:05,170 [pool-47-thread-1] INFO  server.RaftServerConfigKeys (ConfUtils.java:logGet(43)) - raft.server.log.appender.install.snapshot.enabled = false (custom)
2019-10-16 22:19:05,171 [pool-47-thread-1] INFO  impl.RaftServerImpl (ServerState.java:<init>(103)) - 10709bda-d4dc-4a9c-9e19-12e8b772be2f@group-C14B0A10C5D5: ConfigurationManager, init=-1: [80429b0a-59fd-4cc1-aa54-c7e113f2fc75:192.168.34.38:36487, 10709bda-d4dc-4a9c-9e19-12e8b772be2f:192.168.34.38:34412, eb983093-91d2-4010-938b-148522e57322:192.168.34.38:40909], old=null, confs=<EMPTY_MAP>
2019-10-16 22:19:05,171 [pool-47-thread-1] INFO  server.RaftServerConfigKeys (ConfUtils.java:logGet(43)) - raft.server.storage.dir = [/workdir/hadoop-ozone/tools/target/test-dir/MiniOzoneClusterImpl-2609620e-65e0-43e8-b03a-743983bb73b4/datanode-2/data/ratis] (custom)
2019-10-16 22:19:05,171 [pool-47-thread-1] INFO  server.RaftServerConfigKeys (ConfUtils.java:logGet(43)) - raft.server.log.corruption.policy = EXCEPTION (default)
2019-10-16 22:19:05,171 [pool-47-thread-1] INFO  storage.RaftStorageDirectory (RaftStorageDirectory.java:analyzeStorage(246)) - The storage directory /workdir/hadoop-ozone/tools/target/test-dir/MiniOzoneClusterImpl-2609620e-65e0-43e8-b03a-743983bb73b4/datanode-2/data/ratis/dcef3924-9188-4a78-88a3-c14b0a10c5d5 does not exist. Creating ...
2019-10-16 22:19:05,171 [pool-67-thread-1] INFO  impl.RaftServerImpl (RaftServerImpl.java:<init>(104)) - 80429b0a-59fd-4cc1-aa54-c7e113f2fc75: new RaftServerImpl for group-C14B0A10C5D5:[80429b0a-59fd-4cc1-aa54-c7e113f2fc75:192.168.34.38:36487, 10709bda-d4dc-4a9c-9e19-12e8b772be2f:192.168.34.38:34412, eb983093-91d2-4010-938b-148522e57322:192.168.34.38:40909] with ContainerStateMachine:uninitialized
2019-10-16 22:19:05,172 [pool-67-thread-1] INFO  server.RaftServerConfigKeys (ConfUtils.java:logGet(43)) - raft.server.rpc.timeout.min = 5s (custom)
2019-10-16 22:19:05,172 [pool-67-thread-1] INFO  server.RaftServerConfigKeys (ConfUtils.java:logGet(43)) - raft.server.rpc.timeout.max = 5200ms (custom)
2019-10-16 22:19:05,172 [pool-67-thread-1] INFO  server.RaftServerConfigKeys (ConfUtils.java:logGet(43)) - raft.server.rpcslowness.timeout = 120s (custom)
2019-10-16 22:19:05,173 [pool-57-thread-1] INFO  impl.RaftServerImpl (RaftServerImpl.java:<init>(104)) - eb983093-91d2-4010-938b-148522e57322: new RaftServerImpl for group-C14B0A10C5D5:[80429b0a-59fd-4cc1-aa54-c7e113f2fc75:192.168.34.38:36487, 10709bda-d4dc-4a9c-9e19-12e8b772be2f:192.168.34.38:34412, eb983093-91d2-4010-938b-148522e57322:192.168.34.38:40909] with ContainerStateMachine:uninitialized
2019-10-16 22:19:05,173 [pool-67-thread-1] INFO  server.RaftServerConfigKeys (ConfUtils.java:logGet(43)) - raft.server.sleep.deviation.threshold = 300 (default)
2019-10-16 22:19:05,173 [pool-57-thread-1] INFO  server.RaftServerConfigKeys (ConfUtils.java:logGet(43)) - raft.server.rpc.timeout.min = 5s (custom)
2019-10-16 22:19:05,173 [pool-67-thread-1] INFO  server.RaftServerConfigKeys (ConfUtils.java:logGet(43)) - raft.server.log.appender.install.snapshot.enabled = false (custom)
2019-10-16 22:19:05,173 [pool-57-thread-1] INFO  server.RaftServerConfigKeys (ConfUtils.java:logGet(43)) - raft.server.rpc.timeout.max = 5200ms (custom)
2019-10-16 22:19:05,173 [pool-67-thread-1] INFO  impl.RaftServerImpl (ServerState.java:<init>(103)) - 80429b0a-59fd-4cc1-aa54-c7e113f2fc75@group-C14B0A10C5D5: ConfigurationManager, init=-1: [80429b0a-59fd-4cc1-aa54-c7e113f2fc75:192.168.34.38:36487, 10709bda-d4dc-4a9c-9e19-12e8b772be2f:192.168.34.38:34412, eb983093-91d2-4010-938b-148522e57322:192.168.34.38:40909], old=null, confs=<EMPTY_MAP>
2019-10-16 22:19:05,173 [pool-57-thread-1] INFO  server.RaftServerConfigKeys (ConfUtils.java:logGet(43)) - raft.server.rpcslowness.timeout = 120s (custom)
2019-10-16 22:19:05,174 [pool-67-thread-1] INFO  server.RaftServerConfigKeys (ConfUtils.java:logGet(43)) - raft.server.storage.dir = [/workdir/hadoop-ozone/tools/target/test-dir/MiniOzoneClusterImpl-2609620e-65e0-43e8-b03a-743983bb73b4/datanode-4/data/ratis] (custom)
2019-10-16 22:19:05,174 [pool-57-thread-1] INFO  server.RaftServerConfigKeys (ConfUtils.java:logGet(43)) - raft.server.sleep.deviation.threshold = 300 (default)
2019-10-16 22:19:05,174 [pool-57-thread-1] INFO  server.RaftServerConfigKeys (ConfUtils.java:logGet(43)) - raft.server.log.appender.install.snapshot.enabled = false (custom)
2019-10-16 22:19:05,174 [pool-67-thread-1] INFO  server.RaftServerConfigKeys (ConfUtils.java:logGet(43)) - raft.server.log.corruption.policy = EXCEPTION (default)
2019-10-16 22:19:05,174 [pool-57-thread-1] INFO  impl.RaftServerImpl (ServerState.java:<init>(103)) - eb983093-91d2-4010-938b-148522e57322@group-C14B0A10C5D5: ConfigurationManager, init=-1: [80429b0a-59fd-4cc1-aa54-c7e113f2fc75:192.168.34.38:36487, 10709bda-d4dc-4a9c-9e19-12e8b772be2f:192.168.34.38:34412, eb983093-91d2-4010-938b-148522e57322:192.168.34.38:40909], old=null, confs=<EMPTY_MAP>
2019-10-16 22:19:05,175 [pool-67-thread-1] INFO  storage.RaftStorageDirectory (RaftStorageDirectory.java:analyzeStorage(246)) - The storage directory /workdir/hadoop-ozone/tools/target/test-dir/MiniOzoneClusterImpl-2609620e-65e0-43e8-b03a-743983bb73b4/datanode-4/data/ratis/dcef3924-9188-4a78-88a3-c14b0a10c5d5 does not exist. Creating ...
2019-10-16 22:19:05,175 [pool-57-thread-1] INFO  server.RaftServerConfigKeys (ConfUtils.java:logGet(43)) - raft.server.storage.dir = [/workdir/hadoop-ozone/tools/target/test-dir/MiniOzoneClusterImpl-2609620e-65e0-43e8-b03a-743983bb73b4/datanode-3/data/ratis] (custom)
2019-10-16 22:19:05,175 [pool-57-thread-1] INFO  server.RaftServerConfigKeys (ConfUtils.java:logGet(43)) - raft.server.log.corruption.policy = EXCEPTION (default)
2019-10-16 22:19:05,175 [pool-47-thread-1] INFO  storage.RaftStorageDirectory (RaftStorageDirectory.java:tryLock(328)) - Lock on /workdir/hadoop-ozone/tools/target/test-dir/MiniOzoneClusterImpl-2609620e-65e0-43e8-b03a-743983bb73b4/datanode-2/data/ratis/dcef3924-9188-4a78-88a3-c14b0a10c5d5/in_use.lock acquired by nodename 31979@pr-hdds-1868-89kc4-1304904179
2019-10-16 22:19:05,175 [pool-57-thread-1] INFO  storage.RaftStorageDirectory (RaftStorageDirectory.java:analyzeStorage(246)) - The storage directory /workdir/hadoop-ozone/tools/target/test-dir/MiniOzoneClusterImpl-2609620e-65e0-43e8-b03a-743983bb73b4/datanode-3/data/ratis/dcef3924-9188-4a78-88a3-c14b0a10c5d5 does not exist. Creating ...
2019-10-16 22:19:05,178 [pool-67-thread-1] INFO  storage.RaftStorageDirectory (RaftStorageDirectory.java:tryLock(328)) - Lock on /workdir/hadoop-ozone/tools/target/test-dir/MiniOzoneClusterImpl-2609620e-65e0-43e8-b03a-743983bb73b4/datanode-4/data/ratis/dcef3924-9188-4a78-88a3-c14b0a10c5d5/in_use.lock acquired by nodename 31979@pr-hdds-1868-89kc4-1304904179
2019-10-16 22:19:05,179 [pool-57-thread-1] INFO  storage.RaftStorageDirectory (RaftStorageDirectory.java:tryLock(328)) - Lock on /workdir/hadoop-ozone/tools/target/test-dir/MiniOzoneClusterImpl-2609620e-65e0-43e8-b03a-743983bb73b4/datanode-3/data/ratis/dcef3924-9188-4a78-88a3-c14b0a10c5d5/in_use.lock acquired by nodename 31979@pr-hdds-1868-89kc4-1304904179
2019-10-16 22:19:05,180 [pool-47-thread-1] INFO  storage.RaftStorage (RaftStorage.java:format(84)) - Storage directory /workdir/hadoop-ozone/tools/target/test-dir/MiniOzoneClusterImpl-2609620e-65e0-43e8-b03a-743983bb73b4/datanode-2/data/ratis/dcef3924-9188-4a78-88a3-c14b0a10c5d5 has been successfully formatted.
2019-10-16 22:19:05,180 [pool-47-thread-1] INFO  ratis.ContainerStateMachine (ContainerStateMachine.java:loadSnapshot(233)) - group-C14B0A10C5D5: The snapshot info is null. Setting the last applied indexto:(t:0, i:~)
2019-10-16 22:19:05,180 [pool-47-thread-1] INFO  server.RaftServerConfigKeys (ConfUtils.java:logGet(43)) - raft.server.notification.no-leader.timeout = 120s (custom)
2019-10-16 22:19:05,180 [pool-47-thread-1] INFO  server.RaftServerConfigKeys (ConfUtils.java:logGet(43)) - raft.server.log.use.memory = false (default)
2019-10-16 22:19:05,180 [pool-47-thread-1] INFO  server.RaftServerConfigKeys (ConfUtils.java:logGet(43)) - raft.server.log.purge.gap = 1000000 (custom)
2019-10-16 22:19:05,181 [pool-47-thread-1] INFO  server.RaftServerConfigKeys (ConfUtils.java:logGet(43)) - raft.server.log.appender.buffer.byte-limit = 33554432 (custom)
2019-10-16 22:19:05,181 [pool-47-thread-1] INFO  server.RaftServerConfigKeys (ConfUtils.java:logGet(43)) - raft.server.log.segment.size.max = 1048576 (custom)
2019-10-16 22:19:05,181 [pool-47-thread-1] INFO  server.RaftServerConfigKeys (ConfUtils.java:logGet(43)) - raft.server.log.segment.cache.num.max = 2 (custom)
2019-10-16 22:19:05,181 [pool-47-thread-1] INFO  segmented.SegmentedRaftLogWorker (SegmentedRaftLogWorker.java:<init>(173)) - new 10709bda-d4dc-4a9c-9e19-12e8b772be2f@group-C14B0A10C5D5-SegmentedRaftLogWorker for RaftStorage:Storage Directory /workdir/hadoop-ozone/tools/target/test-dir/MiniOzoneClusterImpl-2609620e-65e0-43e8-b03a-743983bb73b4/datanode-2/data/ratis/dcef3924-9188-4a78-88a3-c14b0a10c5d5
2019-10-16 22:19:05,181 [pool-47-thread-1] INFO  server.RaftServerConfigKeys (ConfUtils.java:logGet(43)) - raft.server.log.queue.byte-limit = 2147483647 (custom)
2019-10-16 22:19:05,181 [pool-67-thread-1] INFO  storage.RaftStorage (RaftStorage.java:format(84)) - Storage directory /workdir/hadoop-ozone/tools/target/test-dir/MiniOzoneClusterImpl-2609620e-65e0-43e8-b03a-743983bb73b4/datanode-4/data/ratis/dcef3924-9188-4a78-88a3-c14b0a10c5d5 has been successfully formatted.
2019-10-16 22:19:05,181 [pool-47-thread-1] INFO  server.RaftServerConfigKeys (ConfUtils.java:logGet(43)) - raft.server.log.queue.element-limit = 1024 (custom)
2019-10-16 22:19:05,182 [pool-47-thread-1] INFO  server.RaftServerConfigKeys (ConfUtils.java:logGet(43)) - raft.server.log.segment.size.max = 1048576 (custom)
2019-10-16 22:19:05,182 [pool-67-thread-1] INFO  ratis.ContainerStateMachine (ContainerStateMachine.java:loadSnapshot(233)) - group-C14B0A10C5D5: The snapshot info is null. Setting the last applied indexto:(t:0, i:~)
2019-10-16 22:19:05,182 [pool-47-thread-1] INFO  server.RaftServerConfigKeys (ConfUtils.java:logGet(43)) - raft.server.log.preallocated.size = 16384 (custom)
2019-10-16 22:19:05,182 [pool-67-thread-1] INFO  server.RaftServerConfigKeys (ConfUtils.java:logGet(43)) - raft.server.notification.no-leader.timeout = 120s (custom)
2019-10-16 22:19:05,182 [pool-47-thread-1] INFO  server.RaftServerConfigKeys (ConfUtils.java:logGet(43)) - raft.server.log.write.buffer.size = 33554432 (custom)
2019-10-16 22:19:05,182 [pool-67-thread-1] INFO  server.RaftServerConfigKeys (ConfUtils.java:logGet(43)) - raft.server.log.use.memory = false (default)
2019-10-16 22:19:05,182 [pool-47-thread-1] INFO  server.RaftServerConfigKeys (ConfUtils.java:logGet(43)) - raft.server.log.force.sync.num = 128 (default)
2019-10-16 22:19:05,183 [pool-67-thread-1] INFO  server.RaftServerConfigKeys (ConfUtils.java:logGet(43)) - raft.server.log.purge.gap = 1000000 (custom)
2019-10-16 22:19:05,183 [pool-47-thread-1] INFO  server.RaftServerConfigKeys (ConfUtils.java:logGet(43)) - raft.server.log.statemachine.data.sync = true (default)
2019-10-16 22:19:05,183 [pool-67-thread-1] INFO  server.RaftServerConfigKeys (ConfUtils.java:logGet(43)) - raft.server.log.appender.buffer.byte-limit = 33554432 (custom)
2019-10-16 22:19:05,183 [pool-47-thread-1] INFO  server.RaftServerConfigKeys (ConfUtils.java:logGet(43)) - raft.server.log.statemachine.data.sync.timeout = 10s (default)
2019-10-16 22:19:05,183 [pool-67-thread-1] INFO  server.RaftServerConfigKeys (ConfUtils.java:logGet(43)) - raft.server.log.segment.size.max = 1048576 (custom)
2019-10-16 22:19:05,183 [pool-47-thread-1] INFO  server.RaftServerConfigKeys (ConfUtils.java:logGet(43)) - raft.server.log.statemachine.data.sync.timeout.retry = -1 (default)
2019-10-16 22:19:05,183 [pool-67-thread-1] INFO  server.RaftServerConfigKeys (ConfUtils.java:logGet(43)) - raft.server.log.segment.cache.num.max = 2 (custom)
2019-10-16 22:19:05,184 [pool-47-thread-1] INFO  server.RaftServerConfigKeys (ConfUtils.java:logGet(43)) - raft.server.log.statemachine.data.caching.enabled = true (custom)
2019-10-16 22:19:05,184 [pool-67-thread-1] INFO  segmented.SegmentedRaftLogWorker (SegmentedRaftLogWorker.java:<init>(173)) - new 80429b0a-59fd-4cc1-aa54-c7e113f2fc75@group-C14B0A10C5D5-SegmentedRaftLogWorker for RaftStorage:Storage Directory /workdir/hadoop-ozone/tools/target/test-dir/MiniOzoneClusterImpl-2609620e-65e0-43e8-b03a-743983bb73b4/datanode-4/data/ratis/dcef3924-9188-4a78-88a3-c14b0a10c5d5
2019-10-16 22:19:05,184 [pool-67-thread-1] INFO  server.RaftServerConfigKeys (ConfUtils.java:logGet(43)) - raft.server.log.queue.byte-limit = 2147483647 (custom)
2019-10-16 22:19:05,184 [pool-47-thread-1] INFO  segmented.SegmentedRaftLogWorker (SegmentedRaftLogWorker.java:lambda$new$0(128)) - 10709bda-d4dc-4a9c-9e19-12e8b772be2f@group-C14B0A10C5D5-SegmentedRaftLogWorker: flushIndex: setUnconditionally 0 -> -1
2019-10-16 22:19:05,184 [pool-57-thread-1] INFO  storage.RaftStorage (RaftStorage.java:format(84)) - Storage directory /workdir/hadoop-ozone/tools/target/test-dir/MiniOzoneClusterImpl-2609620e-65e0-43e8-b03a-743983bb73b4/datanode-3/data/ratis/dcef3924-9188-4a78-88a3-c14b0a10c5d5 has been successfully formatted.
2019-10-16 22:19:05,184 [pool-67-thread-1] INFO  server.RaftServerConfigKeys (ConfUtils.java:logGet(43)) - raft.server.log.queue.element-limit = 1024 (custom)
2019-10-16 22:19:05,184 [pool-47-thread-1] INFO  server.RaftServerConfigKeys (ConfUtils.java:logGet(43)) - raft.server.snapshot.auto.trigger.enabled = true (custom)
2019-10-16 22:19:05,184 [pool-67-thread-1] INFO  server.RaftServerConfigKeys (ConfUtils.java:logGet(43)) - raft.server.log.segment.size.max = 1048576 (custom)
2019-10-16 22:19:05,184 [pool-57-thread-1] INFO  ratis.ContainerStateMachine (ContainerStateMachine.java:loadSnapshot(233)) - group-C14B0A10C5D5: The snapshot info is null. Setting the last applied indexto:(t:0, i:~)
2019-10-16 22:19:05,185 [pool-67-thread-1] INFO  server.RaftServerConfigKeys (ConfUtils.java:logGet(43)) - raft.server.log.preallocated.size = 16384 (custom)
2019-10-16 22:19:05,185 [pool-47-thread-1] INFO  server.RaftServerConfigKeys (ConfUtils.java:logGet(43)) - raft.server.snapshot.auto.trigger.threshold = 10000 (custom)
2019-10-16 22:19:05,185 [pool-67-thread-1] INFO  server.RaftServerConfigKeys (ConfUtils.java:logGet(43)) - raft.server.log.write.buffer.size = 33554432 (custom)
2019-10-16 22:19:05,185 [pool-57-thread-1] INFO  server.RaftServerConfigKeys (ConfUtils.java:logGet(43)) - raft.server.notification.no-leader.timeout = 120s (custom)
2019-10-16 22:19:05,185 [pool-67-thread-1] INFO  server.RaftServerConfigKeys (ConfUtils.java:logGet(43)) - raft.server.log.force.sync.num = 128 (default)
2019-10-16 22:19:05,185 [pool-47-thread-1] INFO  server.RaftServerConfigKeys (ConfUtils.java:logGet(43)) - raft.server.snapshot.retention.file.num = 5 (custom)
2019-10-16 22:19:05,186 [pool-67-thread-1] INFO  server.RaftServerConfigKeys (ConfUtils.java:logGet(43)) - raft.server.log.statemachine.data.sync = true (default)
2019-10-16 22:19:05,185 [pool-57-thread-1] INFO  server.RaftServerConfigKeys (ConfUtils.java:logGet(43)) - raft.server.log.use.memory = false (default)
2019-10-16 22:19:05,186 [pool-67-thread-1] INFO  server.RaftServerConfigKeys (ConfUtils.java:logGet(43)) - raft.server.log.statemachine.data.sync.timeout = 10s (default)
2019-10-16 22:19:05,186 [pool-47-thread-1] INFO  server.RaftServerConfigKeys (ConfUtils.java:logGet(43)) - raft.server.retrycache.expirytime = 600000ms (custom)
2019-10-16 22:19:05,186 [pool-67-thread-1] INFO  server.RaftServerConfigKeys (ConfUtils.java:logGet(43)) - raft.server.log.statemachine.data.sync.timeout.retry = -1 (default)
2019-10-16 22:19:05,186 [pool-57-thread-1] INFO  server.RaftServerConfigKeys (ConfUtils.java:logGet(43)) - raft.server.log.purge.gap = 1000000 (custom)
2019-10-16 22:19:05,187 [pool-67-thread-1] INFO  server.RaftServerConfigKeys (ConfUtils.java:logGet(43)) - raft.server.log.statemachine.data.caching.enabled = true (custom)
2019-10-16 22:19:05,187 [pool-57-thread-1] INFO  server.RaftServerConfigKeys (ConfUtils.java:logGet(43)) - raft.server.log.appender.buffer.byte-limit = 33554432 (custom)
2019-10-16 22:19:05,187 [pool-57-thread-1] INFO  server.RaftServerConfigKeys (ConfUtils.java:logGet(43)) - raft.server.log.segment.size.max = 1048576 (custom)
2019-10-16 22:19:05,187 [pool-67-thread-1] INFO  segmented.SegmentedRaftLogWorker (SegmentedRaftLogWorker.java:lambda$new$0(128)) - 80429b0a-59fd-4cc1-aa54-c7e113f2fc75@group-C14B0A10C5D5-SegmentedRaftLogWorker: flushIndex: setUnconditionally 0 -> -1
2019-10-16 22:19:05,187 [pool-57-thread-1] INFO  server.RaftServerConfigKeys (ConfUtils.java:logGet(43)) - raft.server.log.segment.cache.num.max = 2 (custom)
2019-10-16 22:19:05,188 [pool-67-thread-1] INFO  server.RaftServerConfigKeys (ConfUtils.java:logGet(43)) - raft.server.snapshot.auto.trigger.enabled = true (custom)
2019-10-16 22:19:05,188 [pool-57-thread-1] INFO  segmented.SegmentedRaftLogWorker (SegmentedRaftLogWorker.java:<init>(173)) - new eb983093-91d2-4010-938b-148522e57322@group-C14B0A10C5D5-SegmentedRaftLogWorker for RaftStorage:Storage Directory /workdir/hadoop-ozone/tools/target/test-dir/MiniOzoneClusterImpl-2609620e-65e0-43e8-b03a-743983bb73b4/datanode-3/data/ratis/dcef3924-9188-4a78-88a3-c14b0a10c5d5
2019-10-16 22:19:05,188 [pool-67-thread-1] INFO  server.RaftServerConfigKeys (ConfUtils.java:logGet(43)) - raft.server.snapshot.auto.trigger.threshold = 10000 (custom)
2019-10-16 22:19:05,188 [pool-57-thread-1] INFO  server.RaftServerConfigKeys (ConfUtils.java:logGet(43)) - raft.server.log.queue.byte-limit = 2147483647 (custom)
2019-10-16 22:19:05,188 [pool-67-thread-1] INFO  server.RaftServerConfigKeys (ConfUtils.java:logGet(43)) - raft.server.snapshot.retention.file.num = 5 (custom)
2019-10-16 22:19:05,188 [pool-57-thread-1] INFO  server.RaftServerConfigKeys (ConfUtils.java:logGet(43)) - raft.server.log.queue.element-limit = 1024 (custom)
2019-10-16 22:19:05,189 [pool-67-thread-1] INFO  server.RaftServerConfigKeys (ConfUtils.java:logGet(43)) - raft.server.retrycache.expirytime = 600000ms (custom)
2019-10-16 22:19:05,189 [pool-57-thread-1] INFO  server.RaftServerConfigKeys (ConfUtils.java:logGet(43)) - raft.server.log.segment.size.max = 1048576 (custom)
2019-10-16 22:19:05,189 [pool-57-thread-1] INFO  server.RaftServerConfigKeys (ConfUtils.java:logGet(43)) - raft.server.log.preallocated.size = 16384 (custom)
2019-10-16 22:19:05,189 [pool-57-thread-1] INFO  server.RaftServerConfigKeys (ConfUtils.java:logGet(43)) - raft.server.log.write.buffer.size = 33554432 (custom)
2019-10-16 22:19:05,189 [pool-57-thread-1] INFO  server.RaftServerConfigKeys (ConfUtils.java:logGet(43)) - raft.server.log.force.sync.num = 128 (default)
2019-10-16 22:19:05,189 [pool-57-thread-1] INFO  server.RaftServerConfigKeys (ConfUtils.java:logGet(43)) - raft.server.log.statemachine.data.sync = true (default)
2019-10-16 22:19:05,189 [pool-57-thread-1] INFO  server.RaftServerConfigKeys (ConfUtils.java:logGet(43)) - raft.server.log.statemachine.data.sync.timeout = 10s (default)
2019-10-16 22:19:05,190 [pool-57-thread-1] INFO  server.RaftServerConfigKeys (ConfUtils.java:logGet(43)) - raft.server.log.statemachine.data.sync.timeout.retry = -1 (default)
2019-10-16 22:19:05,190 [pool-47-thread-1] INFO  impl.RaftServerImpl (RaftServerImpl.java:start(195)) - 10709bda-d4dc-4a9c-9e19-12e8b772be2f@group-C14B0A10C5D5: start as a follower, conf=-1: [80429b0a-59fd-4cc1-aa54-c7e113f2fc75:192.168.34.38:36487, 10709bda-d4dc-4a9c-9e19-12e8b772be2f:192.168.34.38:34412, eb983093-91d2-4010-938b-148522e57322:192.168.34.38:40909], old=null
2019-10-16 22:19:05,190 [pool-57-thread-1] INFO  server.RaftServerConfigKeys (ConfUtils.java:logGet(43)) - raft.server.log.statemachine.data.caching.enabled = true (custom)
2019-10-16 22:19:05,190 [pool-47-thread-1] INFO  impl.RaftServerImpl (RaftServerImpl.java:setRole(184)) - 10709bda-d4dc-4a9c-9e19-12e8b772be2f@group-C14B0A10C5D5: changes role from      null to FOLLOWER at term 0 for startAsFollower
2019-10-16 22:19:05,190 [pool-47-thread-1] INFO  impl.RoleInfo (RoleInfo.java:updateAndGet(143)) - 10709bda-d4dc-4a9c-9e19-12e8b772be2f: start FollowerState
2019-10-16 22:19:05,190 [pool-57-thread-1] INFO  segmented.SegmentedRaftLogWorker (SegmentedRaftLogWorker.java:lambda$new$0(128)) - eb983093-91d2-4010-938b-148522e57322@group-C14B0A10C5D5-SegmentedRaftLogWorker: flushIndex: setUnconditionally 0 -> -1
2019-10-16 22:19:05,191 [pool-57-thread-1] INFO  server.RaftServerConfigKeys (ConfUtils.java:logGet(43)) - raft.server.snapshot.auto.trigger.enabled = true (custom)
2019-10-16 22:19:05,191 [pool-47-thread-1] INFO  util.JmxRegister (JmxRegister.java:tryRegister(44)) - Successfully registered JMX Bean with object name Ratis:service=RaftServer,group=group-C14B0A10C5D5,id=10709bda-d4dc-4a9c-9e19-12e8b772be2f
2019-10-16 22:19:05,191 [pool-57-thread-1] INFO  server.RaftServerConfigKeys (ConfUtils.java:logGet(43)) - raft.server.snapshot.auto.trigger.threshold = 10000 (custom)
2019-10-16 22:19:05,191 [pool-57-thread-1] INFO  server.RaftServerConfigKeys (ConfUtils.java:logGet(43)) - raft.server.snapshot.retention.file.num = 5 (custom)
2019-10-16 22:19:05,191 [pool-57-thread-1] INFO  server.RaftServerConfigKeys (ConfUtils.java:logGet(43)) - raft.server.retrycache.expirytime = 600000ms (custom)
2019-10-16 22:19:05,192 [pool-67-thread-1] INFO  impl.RaftServerImpl (RaftServerImpl.java:start(195)) - 80429b0a-59fd-4cc1-aa54-c7e113f2fc75@group-C14B0A10C5D5: start as a follower, conf=-1: [80429b0a-59fd-4cc1-aa54-c7e113f2fc75:192.168.34.38:36487, 10709bda-d4dc-4a9c-9e19-12e8b772be2f:192.168.34.38:34412, eb983093-91d2-4010-938b-148522e57322:192.168.34.38:40909], old=null
2019-10-16 22:19:05,192 [pool-67-thread-1] INFO  impl.RaftServerImpl (RaftServerImpl.java:setRole(184)) - 80429b0a-59fd-4cc1-aa54-c7e113f2fc75@group-C14B0A10C5D5: changes role from      null to FOLLOWER at term 0 for startAsFollower
2019-10-16 22:19:05,192 [pool-67-thread-1] INFO  impl.RoleInfo (RoleInfo.java:updateAndGet(143)) - 80429b0a-59fd-4cc1-aa54-c7e113f2fc75: start FollowerState
2019-10-16 22:19:05,192 [pool-67-thread-1] INFO  util.JmxRegister (JmxRegister.java:tryRegister(44)) - Successfully registered JMX Bean with object name Ratis:service=RaftServer,group=group-C14B0A10C5D5,id=80429b0a-59fd-4cc1-aa54-c7e113f2fc75
2019-10-16 22:19:05,197 [pool-57-thread-1] INFO  impl.RaftServerImpl (RaftServerImpl.java:start(195)) - eb983093-91d2-4010-938b-148522e57322@group-C14B0A10C5D5: start as a follower, conf=-1: [80429b0a-59fd-4cc1-aa54-c7e113f2fc75:192.168.34.38:36487, 10709bda-d4dc-4a9c-9e19-12e8b772be2f:192.168.34.38:34412, eb983093-91d2-4010-938b-148522e57322:192.168.34.38:40909], old=null
2019-10-16 22:19:05,198 [pool-57-thread-1] INFO  impl.RaftServerImpl (RaftServerImpl.java:setRole(184)) - eb983093-91d2-4010-938b-148522e57322@group-C14B0A10C5D5: changes role from      null to FOLLOWER at term 0 for startAsFollower
2019-10-16 22:19:05,198 [pool-57-thread-1] INFO  impl.RoleInfo (RoleInfo.java:updateAndGet(143)) - eb983093-91d2-4010-938b-148522e57322: start FollowerState
2019-10-16 22:19:05,199 [pool-57-thread-1] INFO  util.JmxRegister (JmxRegister.java:tryRegister(44)) - Successfully registered JMX Bean with object name Ratis:service=RaftServer,group=group-C14B0A10C5D5,id=eb983093-91d2-4010-938b-148522e57322
2019-10-16 22:19:05,207 [Thread-366] INFO  impl.FollowerState (FollowerState.java:run(108)) - 80429b0a-59fd-4cc1-aa54-c7e113f2fc75@group-C14B0A10C5D5-FollowerState: change to CANDIDATE, lastRpcTime:15ms, electionTimeout:14ms
2019-10-16 22:19:05,208 [Thread-366] INFO  impl.RoleInfo (RoleInfo.java:shutdownFollowerState(121)) - 80429b0a-59fd-4cc1-aa54-c7e113f2fc75: shutdown FollowerState
2019-10-16 22:19:05,208 [Thread-366] INFO  impl.RaftServerImpl (RaftServerImpl.java:setRole(184)) - 80429b0a-59fd-4cc1-aa54-c7e113f2fc75@group-C14B0A10C5D5: changes role from  FOLLOWER to CANDIDATE at term 0 for changeToCandidate
2019-10-16 22:19:05,208 [Thread-366] INFO  impl.RoleInfo (RoleInfo.java:updateAndGet(143)) - 80429b0a-59fd-4cc1-aa54-c7e113f2fc75: start LeaderElection
2019-10-16 22:19:05,216 [80429b0a-59fd-4cc1-aa54-c7e113f2fc75@group-C14B0A10C5D5-LeaderElection8] INFO  impl.LeaderElection (LeaderElection.java:askForVotes(178)) - 80429b0a-59fd-4cc1-aa54-c7e113f2fc75@group-C14B0A10C5D5-LeaderElection8: begin an election at term 1 for -1: [80429b0a-59fd-4cc1-aa54-c7e113f2fc75:192.168.34.38:36487, 10709bda-d4dc-4a9c-9e19-12e8b772be2f:192.168.34.38:34412, eb983093-91d2-4010-938b-148522e57322:192.168.34.38:40909], old=null
2019-10-16 22:19:05,221 [RatisPipelineUtilsThread] INFO  pipeline.PipelineStateManager (PipelineStateManager.java:addPipeline(57)) - Created pipeline Pipeline[ Id: dcef3924-9188-4a78-88a3-c14b0a10c5d5, Nodes: eb983093-91d2-4010-938b-148522e57322{ip: 192.168.34.38, host: pr-hdds-1868-89kc4-1304904179, networkLocation: /default-rack, certSerialId: null}10709bda-d4dc-4a9c-9e19-12e8b772be2f{ip: 192.168.34.38, host: pr-hdds-1868-89kc4-1304904179, networkLocation: /default-rack, certSerialId: null}80429b0a-59fd-4cc1-aa54-c7e113f2fc75{ip: 192.168.34.38, host: pr-hdds-1868-89kc4-1304904179, networkLocation: /default-rack, certSerialId: null}, Type:RATIS, Factor:THREE, State:ALLOCATED]
2019-10-16 22:19:05,229 [grpc-default-executor-0] INFO  impl.RaftServerImpl (RaftServerImpl.java:setRole(184)) - eb983093-91d2-4010-938b-148522e57322@group-C14B0A10C5D5: changes role from  FOLLOWER to FOLLOWER at term 1 for recognizeCandidate:80429b0a-59fd-4cc1-aa54-c7e113f2fc75
2019-10-16 22:19:05,231 [80429b0a-59fd-4cc1-aa54-c7e113f2fc75@group-C14B0A10C5D5-LeaderElection8] INFO  impl.LeaderElection (LeaderElection.java:logAndReturn(56)) - 80429b0a-59fd-4cc1-aa54-c7e113f2fc75@group-C14B0A10C5D5-LeaderElection8: Election TIMEOUT; received 0 response(s) [] and 0 exception(s); 80429b0a-59fd-4cc1-aa54-c7e113f2fc75@group-C14B0A10C5D5:t1, leader=null, voted=80429b0a-59fd-4cc1-aa54-c7e113f2fc75, raftlog=80429b0a-59fd-4cc1-aa54-c7e113f2fc75@group-C14B0A10C5D5-SegmentedRaftLog:OPENED:c-1,f-1,i0, conf=-1: [80429b0a-59fd-4cc1-aa54-c7e113f2fc75:192.168.34.38:36487, 10709bda-d4dc-4a9c-9e19-12e8b772be2f:192.168.34.38:34412, eb983093-91d2-4010-938b-148522e57322:192.168.34.38:40909], old=null
2019-10-16 22:19:05,231 [grpc-default-executor-3] INFO  impl.RaftServerImpl (RaftServerImpl.java:setRole(184)) - 10709bda-d4dc-4a9c-9e19-12e8b772be2f@group-C14B0A10C5D5: changes role from  FOLLOWER to FOLLOWER at term 1 for recognizeCandidate:80429b0a-59fd-4cc1-aa54-c7e113f2fc75
2019-10-16 22:19:05,231 [grpc-default-executor-0] INFO  impl.RoleInfo (RoleInfo.java:shutdownFollowerState(121)) - eb983093-91d2-4010-938b-148522e57322: shutdown FollowerState
2019-10-16 22:19:05,233 [grpc-default-executor-3] INFO  impl.RoleInfo (RoleInfo.java:shutdownFollowerState(121)) - 10709bda-d4dc-4a9c-9e19-12e8b772be2f: shutdown FollowerState
2019-10-16 22:19:05,234 [Thread-368] INFO  impl.FollowerState (FollowerState.java:run(117)) - eb983093-91d2-4010-938b-148522e57322@group-C14B0A10C5D5-FollowerState was interrupted: java.lang.InterruptedException: sleep interrupted
2019-10-16 22:19:05,234 [Thread-364] INFO  impl.FollowerState (FollowerState.java:run(117)) - 10709bda-d4dc-4a9c-9e19-12e8b772be2f@group-C14B0A10C5D5-FollowerState was interrupted: java.lang.InterruptedException: sleep interrupted
2019-10-16 22:19:05,234 [grpc-default-executor-3] INFO  impl.RoleInfo (RoleInfo.java:updateAndGet(143)) - 10709bda-d4dc-4a9c-9e19-12e8b772be2f: start FollowerState
2019-10-16 22:19:05,234 [grpc-default-executor-0] INFO  impl.RoleInfo (RoleInfo.java:updateAndGet(143)) - eb983093-91d2-4010-938b-148522e57322: start FollowerState
2019-10-16 22:19:05,240 [80429b0a-59fd-4cc1-aa54-c7e113f2fc75@group-C14B0A10C5D5-LeaderElection8] INFO  impl.LeaderElection (LeaderElection.java:askForVotes(178)) - 80429b0a-59fd-4cc1-aa54-c7e113f2fc75@group-C14B0A10C5D5-LeaderElection8: begin an election at term 2 for -1: [80429b0a-59fd-4cc1-aa54-c7e113f2fc75:192.168.34.38:36487, 10709bda-d4dc-4a9c-9e19-12e8b772be2f:192.168.34.38:34412, eb983093-91d2-4010-938b-148522e57322:192.168.34.38:40909], old=null
2019-10-16 22:19:05,249 [grpc-default-executor-3] INFO  impl.RaftServerImpl (RaftServerImpl.java:setRole(184)) - 10709bda-d4dc-4a9c-9e19-12e8b772be2f@group-C14B0A10C5D5: changes role from  FOLLOWER to FOLLOWER at term 2 for recognizeCandidate:80429b0a-59fd-4cc1-aa54-c7e113f2fc75
2019-10-16 22:19:05,249 [grpc-default-executor-0] INFO  impl.RaftServerImpl (RaftServerImpl.java:setRole(184)) - eb983093-91d2-4010-938b-148522e57322@group-C14B0A10C5D5: changes role from  FOLLOWER to FOLLOWER at term 2 for recognizeCandidate:80429b0a-59fd-4cc1-aa54-c7e113f2fc75
2019-10-16 22:19:05,249 [grpc-default-executor-3] INFO  impl.RoleInfo (RoleInfo.java:shutdownFollowerState(121)) - 10709bda-d4dc-4a9c-9e19-12e8b772be2f: shutdown FollowerState
2019-10-16 22:19:05,249 [grpc-default-executor-0] INFO  impl.RoleInfo (RoleInfo.java:shutdownFollowerState(121)) - eb983093-91d2-4010-938b-148522e57322: shutdown FollowerState
2019-10-16 22:19:05,249 [Thread-375] INFO  impl.FollowerState (FollowerState.java:run(117)) - 10709bda-d4dc-4a9c-9e19-12e8b772be2f@group-C14B0A10C5D5-FollowerState was interrupted: java.lang.InterruptedException: sleep interrupted
2019-10-16 22:19:05,249 [grpc-default-executor-0] INFO  impl.RoleInfo (RoleInfo.java:updateAndGet(143)) - eb983093-91d2-4010-938b-148522e57322: start FollowerState
2019-10-16 22:19:05,249 [grpc-default-executor-3] INFO  impl.RoleInfo (RoleInfo.java:updateAndGet(143)) - 10709bda-d4dc-4a9c-9e19-12e8b772be2f: start FollowerState
2019-10-16 22:19:05,249 [Thread-374] INFO  impl.FollowerState (FollowerState.java:run(117)) - eb983093-91d2-4010-938b-148522e57322@group-C14B0A10C5D5-FollowerState was interrupted: java.lang.InterruptedException: sleep interrupted
2019-10-16 22:19:05,268 [80429b0a-59fd-4cc1-aa54-c7e113f2fc75@group-C14B0A10C5D5-LeaderElection8] INFO  impl.LeaderElection (LeaderElection.java:logAndReturn(56)) - 80429b0a-59fd-4cc1-aa54-c7e113f2fc75@group-C14B0A10C5D5-LeaderElection8: Election PASSED; received 1 response(s) [80429b0a-59fd-4cc1-aa54-c7e113f2fc75<-eb983093-91d2-4010-938b-148522e57322#0:OK-t2] and 0 exception(s); 80429b0a-59fd-4cc1-aa54-c7e113f2fc75@group-C14B0A10C5D5:t2, leader=null, voted=80429b0a-59fd-4cc1-aa54-c7e113f2fc75, raftlog=80429b0a-59fd-4cc1-aa54-c7e113f2fc75@group-C14B0A10C5D5-SegmentedRaftLog:OPENED:c-1,f-1,i0, conf=-1: [80429b0a-59fd-4cc1-aa54-c7e113f2fc75:192.168.34.38:36487, 10709bda-d4dc-4a9c-9e19-12e8b772be2f:192.168.34.38:34412, eb983093-91d2-4010-938b-148522e57322:192.168.34.38:40909], old=null
2019-10-16 22:19:05,268 [80429b0a-59fd-4cc1-aa54-c7e113f2fc75@group-C14B0A10C5D5-LeaderElection8] INFO  impl.RoleInfo (RoleInfo.java:shutdownLeaderElection(134)) - 80429b0a-59fd-4cc1-aa54-c7e113f2fc75: shutdown LeaderElection
2019-10-16 22:19:05,269 [80429b0a-59fd-4cc1-aa54-c7e113f2fc75@group-C14B0A10C5D5-LeaderElection8] INFO  impl.RaftServerImpl (RaftServerImpl.java:setRole(184)) - 80429b0a-59fd-4cc1-aa54-c7e113f2fc75@group-C14B0A10C5D5: changes role from CANDIDATE to LEADER at term 2 for changeToLeader
2019-10-16 22:19:05,270 [80429b0a-59fd-4cc1-aa54-c7e113f2fc75@group-C14B0A10C5D5-LeaderElection8] INFO  ratis.XceiverServerRatis (XceiverServerRatis.java:handleLeaderChangedNotification(700)) - Leader change notification received for group: group-C14B0A10C5D5 with new leaderId: 80429b0a-59fd-4cc1-aa54-c7e113f2fc75
2019-10-16 22:19:05,270 [80429b0a-59fd-4cc1-aa54-c7e113f2fc75@group-C14B0A10C5D5-LeaderElection8] INFO  impl.RaftServerImpl (ServerState.java:setLeader(256)) - 80429b0a-59fd-4cc1-aa54-c7e113f2fc75@group-C14B0A10C5D5: change Leader from null to 80429b0a-59fd-4cc1-aa54-c7e113f2fc75 at term 2 for becomeLeader, leader elected after 87ms
2019-10-16 22:19:05,270 [80429b0a-59fd-4cc1-aa54-c7e113f2fc75@group-C14B0A10C5D5-LeaderElection8] INFO  server.RaftServerConfigKeys (ConfUtils.java:logGet(43)) - raft.server.staging.catchup.gap = 1000 (default)
2019-10-16 22:19:05,270 [80429b0a-59fd-4cc1-aa54-c7e113f2fc75@group-C14B0A10C5D5-LeaderElection8] INFO  server.RaftServerConfigKeys (ConfUtils.java:logGet(43)) - raft.server.rpc.sleep.time = 25ms (default)
2019-10-16 22:19:05,270 [80429b0a-59fd-4cc1-aa54-c7e113f2fc75@group-C14B0A10C5D5-LeaderElection8] INFO  server.RaftServerConfigKeys (ConfUtils.java:logGet(43)) - raft.server.write.element-limit = 4096 (default)
2019-10-16 22:19:05,270 [80429b0a-59fd-4cc1-aa54-c7e113f2fc75@group-C14B0A10C5D5-LeaderElection8] INFO  server.RaftServerConfigKeys (ConfUtils.java:logGet(43)) - raft.server.watch.timeout = 10s (default)
2019-10-16 22:19:05,271 [80429b0a-59fd-4cc1-aa54-c7e113f2fc75@group-C14B0A10C5D5-LeaderElection8] INFO  server.RaftServerConfigKeys (ConfUtils.java:logGet(43)) - raft.server.watch.timeout.denomination = 1s (default)
2019-10-16 22:19:05,271 [80429b0a-59fd-4cc1-aa54-c7e113f2fc75@group-C14B0A10C5D5-LeaderElection8] INFO  server.RaftServerConfigKeys (ConfUtils.java:logGet(43)) - raft.server.watch.element-limit = 65536 (default)
2019-10-16 22:19:05,271 [EventQueue-PipelineReportForPipelineReportHandler] INFO  pipeline.PipelineReportHandler (PipelineReportHandler.java:processPipelineReport(119)) - Pipeline PipelineID=dcef3924-9188-4a78-88a3-c14b0a10c5d5 reported by 80429b0a-59fd-4cc1-aa54-c7e113f2fc75{ip: 192.168.34.38, host: pr-hdds-1868-89kc4-1304904179, networkLocation: /default-rack, certSerialId: null} with leaderId 80429b0a-59fd-4cc1-aa54-c7e113f2fc75
2019-10-16 22:19:05,274 [80429b0a-59fd-4cc1-aa54-c7e113f2fc75@group-C14B0A10C5D5-LeaderElection8] INFO  server.RaftServerConfigKeys (ConfUtils.java:logGet(43)) - raft.server.log.appender.snapshot.chunk.size.max = 16MB (=16777216) (default)
2019-10-16 22:19:05,274 [80429b0a-59fd-4cc1-aa54-c7e113f2fc75@group-C14B0A10C5D5-LeaderElection8] INFO  server.RaftServerConfigKeys (ConfUtils.java:logGet(43)) - raft.server.log.appender.buffer.byte-limit = 33554432 (custom)
2019-10-16 22:19:05,274 [80429b0a-59fd-4cc1-aa54-c7e113f2fc75@group-C14B0A10C5D5-LeaderElection8] INFO  server.RaftServerConfigKeys (ConfUtils.java:logGet(43)) - raft.server.log.appender.buffer.element-limit = 1 (custom)
2019-10-16 22:19:05,274 [80429b0a-59fd-4cc1-aa54-c7e113f2fc75@group-C14B0A10C5D5-LeaderElection8] INFO  grpc.GrpcConfigKeys$Server (ConfUtils.java:logGet(43)) - raft.grpc.server.leader.outstanding.appends.max = 128 (default)
2019-10-16 22:19:05,275 [80429b0a-59fd-4cc1-aa54-c7e113f2fc75@group-C14B0A10C5D5-LeaderElection8] INFO  server.RaftServerConfigKeys (ConfUtils.java:logGet(43)) - raft.server.rpc.request.timeout = 3000ms (default)
2019-10-16 22:19:05,275 [80429b0a-59fd-4cc1-aa54-c7e113f2fc75@group-C14B0A10C5D5-LeaderElection8] INFO  server.RaftServerConfigKeys (ConfUtils.java:logGet(43)) - raft.server.log.appender.install.snapshot.enabled = false (custom)
2019-10-16 22:19:05,277 [80429b0a-59fd-4cc1-aa54-c7e113f2fc75@group-C14B0A10C5D5-LeaderElection8] INFO  server.RaftServerConfigKeys (ConfUtils.java:logGet(43)) - raft.server.log.appender.snapshot.chunk.size.max = 16MB (=16777216) (default)
2019-10-16 22:19:05,277 [80429b0a-59fd-4cc1-aa54-c7e113f2fc75@group-C14B0A10C5D5-LeaderElection8] INFO  server.RaftServerConfigKeys (ConfUtils.java:logGet(43)) - raft.server.log.appender.buffer.byte-limit = 33554432 (custom)
2019-10-16 22:19:05,277 [80429b0a-59fd-4cc1-aa54-c7e113f2fc75@group-C14B0A10C5D5-LeaderElection8] INFO  server.RaftServerConfigKeys (ConfUtils.java:logGet(43)) - raft.server.log.appender.buffer.element-limit = 1 (custom)
2019-10-16 22:19:05,277 [80429b0a-59fd-4cc1-aa54-c7e113f2fc75@group-C14B0A10C5D5-LeaderElection8] INFO  grpc.GrpcConfigKeys$Server (ConfUtils.java:logGet(43)) - raft.grpc.server.leader.outstanding.appends.max = 128 (default)
2019-10-16 22:19:05,278 [80429b0a-59fd-4cc1-aa54-c7e113f2fc75@group-C14B0A10C5D5-LeaderElection8] INFO  server.RaftServerConfigKeys (ConfUtils.java:logGet(43)) - raft.server.rpc.request.timeout = 3000ms (default)
2019-10-16 22:19:05,278 [80429b0a-59fd-4cc1-aa54-c7e113f2fc75@group-C14B0A10C5D5-LeaderElection8] INFO  server.RaftServerConfigKeys (ConfUtils.java:logGet(43)) - raft.server.log.appender.install.snapshot.enabled = false (custom)
2019-10-16 22:19:05,279 [80429b0a-59fd-4cc1-aa54-c7e113f2fc75@group-C14B0A10C5D5-LeaderElection8] INFO  impl.RoleInfo (RoleInfo.java:updateAndGet(143)) - 80429b0a-59fd-4cc1-aa54-c7e113f2fc75: start LeaderState
2019-10-16 22:19:05,280 [80429b0a-59fd-4cc1-aa54-c7e113f2fc75@group-C14B0A10C5D5-LeaderElection8] INFO  segmented.SegmentedRaftLogWorker (SegmentedRaftLogWorker.java:startLogSegment(385)) - 80429b0a-59fd-4cc1-aa54-c7e113f2fc75@group-C14B0A10C5D5-SegmentedRaftLogWorker: Starting segment from index:0
2019-10-16 22:19:05,281 [80429b0a-59fd-4cc1-aa54-c7e113f2fc75@group-C14B0A10C5D5-LeaderElection8] INFO  impl.RaftServerImpl (ServerState.java:setRaftConf(357)) - 80429b0a-59fd-4cc1-aa54-c7e113f2fc75@group-C14B0A10C5D5: set configuration 0: [80429b0a-59fd-4cc1-aa54-c7e113f2fc75:192.168.34.38:36487, 10709bda-d4dc-4a9c-9e19-12e8b772be2f:192.168.34.38:34412, eb983093-91d2-4010-938b-148522e57322:192.168.34.38:40909], old=null at 0
2019-10-16 22:19:05,314 [grpc-default-executor-0] INFO  ratis.XceiverServerRatis (XceiverServerRatis.java:handleLeaderChangedNotification(700)) - Leader change notification received for group: group-C14B0A10C5D5 with new leaderId: 80429b0a-59fd-4cc1-aa54-c7e113f2fc75
2019-10-16 22:19:05,314 [grpc-default-executor-3] INFO  ratis.XceiverServerRatis (XceiverServerRatis.java:handleLeaderChangedNotification(700)) - Leader change notification received for group: group-C14B0A10C5D5 with new leaderId: 80429b0a-59fd-4cc1-aa54-c7e113f2fc75
2019-10-16 22:19:05,314 [grpc-default-executor-0] INFO  impl.RaftServerImpl (ServerState.java:setLeader(256)) - eb983093-91d2-4010-938b-148522e57322@group-C14B0A10C5D5: change Leader from null to 80429b0a-59fd-4cc1-aa54-c7e113f2fc75 at term 2 for appendEntries, leader elected after 129ms
2019-10-16 22:19:05,314 [grpc-default-executor-3] INFO  impl.RaftServerImpl (ServerState.java:setLeader(256)) - 10709bda-d4dc-4a9c-9e19-12e8b772be2f@group-C14B0A10C5D5: change Leader from null to 80429b0a-59fd-4cc1-aa54-c7e113f2fc75 at term 2 for appendEntries, leader elected after 133ms
2019-10-16 22:19:05,318 [EventQueue-PipelineReportForPipelineReportHandler] INFO  pipeline.PipelineReportHandler (PipelineReportHandler.java:processPipelineReport(119)) - Pipeline PipelineID=dcef3924-9188-4a78-88a3-c14b0a10c5d5 reported by 10709bda-d4dc-4a9c-9e19-12e8b772be2f{ip: 192.168.34.38, host: pr-hdds-1868-89kc4-1304904179, networkLocation: /default-rack, certSerialId: null} with leaderId 80429b0a-59fd-4cc1-aa54-c7e113f2fc75
2019-10-16 22:19:05,318 [EventQueue-PipelineReportForPipelineReportHandler] INFO  pipeline.PipelineReportHandler (PipelineReportHandler.java:processPipelineReport(119)) - Pipeline PipelineID=dcef3924-9188-4a78-88a3-c14b0a10c5d5 reported by eb983093-91d2-4010-938b-148522e57322{ip: 192.168.34.38, host: pr-hdds-1868-89kc4-1304904179, networkLocation: /default-rack, certSerialId: null} with leaderId 80429b0a-59fd-4cc1-aa54-c7e113f2fc75
2019-10-16 22:19:05,319 [EventQueue-PipelineReportForPipelineReportHandler] INFO  pipeline.PipelineStateManager (PipelineStateManager.java:openPipeline(136)) - Pipeline Pipeline[ Id: dcef3924-9188-4a78-88a3-c14b0a10c5d5, Nodes: eb983093-91d2-4010-938b-148522e57322{ip: 192.168.34.38, host: pr-hdds-1868-89kc4-1304904179, networkLocation: /default-rack, certSerialId: null}10709bda-d4dc-4a9c-9e19-12e8b772be2f{ip: 192.168.34.38, host: pr-hdds-1868-89kc4-1304904179, networkLocation: /default-rack, certSerialId: null}80429b0a-59fd-4cc1-aa54-c7e113f2fc75{ip: 192.168.34.38, host: pr-hdds-1868-89kc4-1304904179, networkLocation: /default-rack, certSerialId: null}, Type:RATIS, Factor:THREE, State:OPEN] moved to OPEN state
2019-10-16 22:19:05,320 [grpc-default-executor-3] INFO  impl.RaftServerImpl (ServerState.java:setRaftConf(357)) - 10709bda-d4dc-4a9c-9e19-12e8b772be2f@group-C14B0A10C5D5: set configuration 0: [80429b0a-59fd-4cc1-aa54-c7e113f2fc75:192.168.34.38:36487, 10709bda-d4dc-4a9c-9e19-12e8b772be2f:192.168.34.38:34412, eb983093-91d2-4010-938b-148522e57322:192.168.34.38:40909], old=null at 0
2019-10-16 22:19:05,321 [grpc-default-executor-3] INFO  segmented.SegmentedRaftLogWorker (SegmentedRaftLogWorker.java:startLogSegment(385)) - 10709bda-d4dc-4a9c-9e19-12e8b772be2f@group-C14B0A10C5D5-SegmentedRaftLogWorker: Starting segment from index:0
2019-10-16 22:19:05,321 [grpc-default-executor-0] INFO  impl.RaftServerImpl (ServerState.java:setRaftConf(357)) - eb983093-91d2-4010-938b-148522e57322@group-C14B0A10C5D5: set configuration 0: [80429b0a-59fd-4cc1-aa54-c7e113f2fc75:192.168.34.38:36487, 10709bda-d4dc-4a9c-9e19-12e8b772be2f:192.168.34.38:34412, eb983093-91d2-4010-938b-148522e57322:192.168.34.38:40909], old=null at 0
2019-10-16 22:19:05,322 [grpc-default-executor-0] INFO  segmented.SegmentedRaftLogWorker (SegmentedRaftLogWorker.java:startLogSegment(385)) - eb983093-91d2-4010-938b-148522e57322@group-C14B0A10C5D5-SegmentedRaftLogWorker: Starting segment from index:0
2019-10-16 22:19:05,324 [80429b0a-59fd-4cc1-aa54-c7e113f2fc75@group-C14B0A10C5D5-SegmentedRaftLogWorker] INFO  segmented.SegmentedRaftLogWorker (SegmentedRaftLogWorker.java:execute(576)) - 80429b0a-59fd-4cc1-aa54-c7e113f2fc75@group-C14B0A10C5D5-SegmentedRaftLogWorker: created new log segment /workdir/hadoop-ozone/tools/target/test-dir/MiniOzoneClusterImpl-2609620e-65e0-43e8-b03a-743983bb73b4/datanode-4/data/ratis/dcef3924-9188-4a78-88a3-c14b0a10c5d5/current/log_inprogress_0
2019-10-16 22:19:05,364 [10709bda-d4dc-4a9c-9e19-12e8b772be2f@group-C14B0A10C5D5-SegmentedRaftLogWorker] INFO  segmented.SegmentedRaftLogWorker (SegmentedRaftLogWorker.java:execute(576)) - 10709bda-d4dc-4a9c-9e19-12e8b772be2f@group-C14B0A10C5D5-SegmentedRaftLogWorker: created new log segment /workdir/hadoop-ozone/tools/target/test-dir/MiniOzoneClusterImpl-2609620e-65e0-43e8-b03a-743983bb73b4/datanode-2/data/ratis/dcef3924-9188-4a78-88a3-c14b0a10c5d5/current/log_inprogress_0
2019-10-16 22:19:05,364 [eb983093-91d2-4010-938b-148522e57322@group-C14B0A10C5D5-SegmentedRaftLogWorker] INFO  segmented.SegmentedRaftLogWorker (SegmentedRaftLogWorker.java:execute(576)) - eb983093-91d2-4010-938b-148522e57322@group-C14B0A10C5D5-SegmentedRaftLogWorker: created new log segment /workdir/hadoop-ozone/tools/target/test-dir/MiniOzoneClusterImpl-2609620e-65e0-43e8-b03a-743983bb73b4/datanode-3/data/ratis/dcef3924-9188-4a78-88a3-c14b0a10c5d5/current/log_inprogress_0
 0.00% |?                                                                                                    |  0/1 Time: 0:01:082019-10-16 22:19:06,115 [pool-73-thread-3] WARN  io.KeyOutputStream (KeyOutputStream.java:handleException(274)) - Encountered exception java.io.IOException: Unexpected Storage Container Exception: java.util.concurrent.CompletionException: java.util.concurrent.CompletionException: org.apache.ratis.protocol.GroupMismatchException: eb983093-91d2-4010-938b-148522e57322: group-C9E98197C832 not found. on the pipeline Pipeline[ Id: e220278f-691d-413f-924c-c9e98197c832, Nodes: eb983093-91d2-4010-938b-148522e57322{ip: 192.168.34.38, host: pr-hdds-1868-89kc4-1304904179, networkLocation: /default-rack, certSerialId: null}10709bda-d4dc-4a9c-9e19-12e8b772be2f{ip: 192.168.34.38, host: pr-hdds-1868-89kc4-1304904179, networkLocation: /default-rack, certSerialId: null}80429b0a-59fd-4cc1-aa54-c7e113f2fc75{ip: 192.168.34.38, host: pr-hdds-1868-89kc4-1304904179, networkLocation: /default-rack, certSerialId: null}, Type:RATIS, Factor:THREE, State:OPEN]. The last committed block length is 0, uncommitted data length is 2097152 retry count 0
2019-10-16 22:19:06,288 [pool-66-thread-2] ERROR impl.ChunkManagerImpl (ChunkManagerDummyImpl.java:writeChunk(86)) - data array does not match the length specified. DataLen: 1048576 Byte Array: 1048745
2019-10-16 22:19:06,290 [pool-66-thread-2] ERROR impl.ChunkManagerDummyImpl (ChunkManagerDummyImpl.java:writeChunk(105)) - write data failed. error: {}
org.apache.hadoop.hdds.scm.container.common.helpers.StorageContainerException: data array does not match the length specified. DataLen: 1048576 Byte Array: 1048745
	at org.apache.hadoop.ozone.container.keyvalue.impl.ChunkManagerDummyImpl.writeChunk(ChunkManagerDummyImpl.java:87)
	at org.apache.hadoop.ozone.container.keyvalue.KeyValueHandler.handleWriteChunk(KeyValueHandler.java:696)
	at org.apache.hadoop.ozone.container.keyvalue.KeyValueHandler.handle(KeyValueHandler.java:176)
	at org.apache.hadoop.ozone.container.common.impl.HddsDispatcher.dispatchRequest(HddsDispatcher.java:277)
	at org.apache.hadoop.ozone.container.common.impl.HddsDispatcher.dispatch(HddsDispatcher.java:150)
	at org.apache.hadoop.ozone.container.common.transport.server.ratis.ContainerStateMachine.dispatchCommand(ContainerStateMachine.java:415)
	at org.apache.hadoop.ozone.container.common.transport.server.ratis.ContainerStateMachine.runCommand(ContainerStateMachine.java:425)
	at org.apache.hadoop.ozone.container.common.transport.server.ratis.ContainerStateMachine.lambda$handleWriteChunk$1(ContainerStateMachine.java:460)
	at java.util.concurrent.CompletableFuture$AsyncSupply.run(CompletableFuture.java:1590)
	at java.util.concurrent.ThreadPoolExecutor.runWorker(ThreadPoolExecutor.java:1149)
	at java.util.concurrent.ThreadPoolExecutor$Worker.run(ThreadPoolExecutor.java:624)
	at java.lang.Thread.run(Thread.java:748)
2019-10-16 22:19:06,291 [pool-66-thread-2] INFO  keyvalue.KeyValueHandler (ContainerUtils.java:logAndReturnError(146)) - Operation: WriteChunk : Trace ID: a99f4f19308efdd4:b609c3517f50478a:aeb1f8c3d90a0985:0 : Message: Internal error:  : Result: CONTAINER_INTERNAL_ERROR
22:19:06.306 [pool-66-thread-2] ERROR DNAudit - user=null | ip=null | op=WRITE_CHUNK {blockData=conID: 4 locID: 102974380188696582 bcsId: 0} | ret=FAILURE
java.lang.Exception: Internal error: 
	at org.apache.hadoop.ozone.container.common.impl.HddsDispatcher.dispatchRequest(HddsDispatcher.java:332) ~[hadoop-hdds-container-service-0.5.0-SNAPSHOT.jar:?]
	at org.apache.hadoop.ozone.container.common.impl.HddsDispatcher.dispatch(HddsDispatcher.java:150) ~[hadoop-hdds-container-service-0.5.0-SNAPSHOT.jar:?]
	at org.apache.hadoop.ozone.container.common.transport.server.ratis.ContainerStateMachine.dispatchCommand(ContainerStateMachine.java:415) ~[hadoop-hdds-container-service-0.5.0-SNAPSHOT.jar:?]
	at org.apache.hadoop.ozone.container.common.transport.server.ratis.ContainerStateMachine.runCommand(ContainerStateMachine.java:425) ~[hadoop-hdds-container-service-0.5.0-SNAPSHOT.jar:?]
	at org.apache.hadoop.ozone.container.common.transport.server.ratis.ContainerStateMachine.lambda$handleWriteChunk$1(ContainerStateMachine.java:460) ~[hadoop-hdds-container-service-0.5.0-SNAPSHOT.jar:?]
	at java.util.concurrent.CompletableFuture$AsyncSupply.run(CompletableFuture.java:1590) [?:1.8.0_222]
	at java.util.concurrent.ThreadPoolExecutor.runWorker(ThreadPoolExecutor.java:1149) [?:1.8.0_222]
	at java.util.concurrent.ThreadPoolExecutor$Worker.run(ThreadPoolExecutor.java:624) [?:1.8.0_222]
	at java.lang.Thread.run(Thread.java:748) [?:1.8.0_222]
2019-10-16 22:19:06,307 [EventQueue-IncrementalContainerReportForIncrementalContainerReportHandler] WARN  container.IncrementalContainerReportHandler (AbstractContainerReportHandler.java:updateContainerState(145)) - Container #4 is in OPEN state, but the datanode 80429b0a-59fd-4cc1-aa54-c7e113f2fc75{ip: 192.168.34.38, host: pr-hdds-1868-89kc4-1304904179, networkLocation: /default-rack, certSerialId: null} reports an UNHEALTHY replica.
2019-10-16 22:19:06,307 [pool-66-thread-2] ERROR ratis.ContainerStateMachine (ContainerStateMachine.java:lambda$handleWriteChunk$2(482)) - group-C14B0A10C5D5: writeChunk writeStateMachineData failed: blockIdcontainerID: 4
localID: 102974380188696582
blockCommitSequenceId: 0
 logIndex 1 chunkName 102974380188696582_chunk_1 Error message: Internal error:  Container Result: CONTAINER_INTERNAL_ERROR
2019-10-16 22:19:06,308 [EventQueue-CloseContainerForCloseContainerEventHandler] INFO  container.CloseContainerEventHandler (CloseContainerEventHandler.java:onMessage(61)) - Close container Event triggered for container : #4
2019-10-16 22:19:06,310 [80429b0a-59fd-4cc1-aa54-c7e113f2fc75@group-C14B0A10C5D5-SegmentedRaftLogWorker] ERROR ratis.XceiverServerRatis (XceiverServerRatis.java:triggerPipelineClose(589)) - pipeline Action CLOSE  on pipeline PipelineID=dcef3924-9188-4a78-88a3-c14b0a10c5d5.Reason : Internal error: 
2019-10-16 22:19:06,310 [80429b0a-59fd-4cc1-aa54-c7e113f2fc75@group-C14B0A10C5D5-SegmentedRaftLogWorker] ERROR ratis.XceiverServerRatis (XceiverServerRatis.java:triggerPipelineClose(589)) - pipeline Action CLOSE  on pipeline PipelineID=dcef3924-9188-4a78-88a3-c14b0a10c5d5.Reason : Log already failed at index 1 for task WriteLog:1: (t:2, i:1), STATEMACHINELOGENTRY, client-DA74671D562A, cid=18
2019-10-16 22:19:06,311 [EventQueue-PipelineActionsForPipelineActionHandler] ERROR pipeline.PipelineActionHandler (PipelineActionHandler.java:onMessage(60)) - Received pipeline action CLOSE for Pipeline[ Id: dcef3924-9188-4a78-88a3-c14b0a10c5d5, Nodes: eb983093-91d2-4010-938b-148522e57322{ip: 192.168.34.38, host: pr-hdds-1868-89kc4-1304904179, networkLocation: /default-rack, certSerialId: null}10709bda-d4dc-4a9c-9e19-12e8b772be2f{ip: 192.168.34.38, host: pr-hdds-1868-89kc4-1304904179, networkLocation: /default-rack, certSerialId: null}80429b0a-59fd-4cc1-aa54-c7e113f2fc75{ip: 192.168.34.38, host: pr-hdds-1868-89kc4-1304904179, networkLocation: /default-rack, certSerialId: null}, Type:RATIS, Factor:THREE, State:OPEN] from datanode 80429b0a-59fd-4cc1-aa54-c7e113f2fc75{ip: 192.168.34.38, host: pr-hdds-1868-89kc4-1304904179, networkLocation: /default-rack, certSerialId: null}. Reason : Internal error: 
2019-10-16 22:19:06,311 [EventQueue-PipelineActionsForPipelineActionHandler] INFO  pipeline.SCMPipelineManager (SCMPipelineManager.java:finalizeAndDestroyPipeline(315)) - destroying pipeline:Pipeline[ Id: dcef3924-9188-4a78-88a3-c14b0a10c5d5, Nodes: eb983093-91d2-4010-938b-148522e57322{ip: 192.168.34.38, host: pr-hdds-1868-89kc4-1304904179, networkLocation: /default-rack, certSerialId: null}10709bda-d4dc-4a9c-9e19-12e8b772be2f{ip: 192.168.34.38, host: pr-hdds-1868-89kc4-1304904179, networkLocation: /default-rack, certSerialId: null}80429b0a-59fd-4cc1-aa54-c7e113f2fc75{ip: 192.168.34.38, host: pr-hdds-1868-89kc4-1304904179, networkLocation: /default-rack, certSerialId: null}, Type:RATIS, Factor:THREE, State:OPEN]
2019-10-16 22:19:06,311 [EventQueue-PipelineActionsForPipelineActionHandler] INFO  pipeline.PipelineStateManager (PipelineStateManager.java:finalizePipeline(123)) - Pipeline Pipeline[ Id: dcef3924-9188-4a78-88a3-c14b0a10c5d5, Nodes: eb983093-91d2-4010-938b-148522e57322{ip: 192.168.34.38, host: pr-hdds-1868-89kc4-1304904179, networkLocation: /default-rack, certSerialId: null}10709bda-d4dc-4a9c-9e19-12e8b772be2f{ip: 192.168.34.38, host: pr-hdds-1868-89kc4-1304904179, networkLocation: /default-rack, certSerialId: null}80429b0a-59fd-4cc1-aa54-c7e113f2fc75{ip: 192.168.34.38, host: pr-hdds-1868-89kc4-1304904179, networkLocation: /default-rack, certSerialId: null}, Type:RATIS, Factor:THREE, State:CLOSED] moved to CLOSED state
2019-10-16 22:19:06,312 [EventQueue-PipelineActionsForPipelineActionHandler] ERROR pipeline.PipelineActionHandler (PipelineActionHandler.java:onMessage(60)) - Received pipeline action CLOSE for Pipeline[ Id: dcef3924-9188-4a78-88a3-c14b0a10c5d5, Nodes: eb983093-91d2-4010-938b-148522e57322{ip: 192.168.34.38, host: pr-hdds-1868-89kc4-1304904179, networkLocation: /default-rack, certSerialId: null}10709bda-d4dc-4a9c-9e19-12e8b772be2f{ip: 192.168.34.38, host: pr-hdds-1868-89kc4-1304904179, networkLocation: /default-rack, certSerialId: null}80429b0a-59fd-4cc1-aa54-c7e113f2fc75{ip: 192.168.34.38, host: pr-hdds-1868-89kc4-1304904179, networkLocation: /default-rack, certSerialId: null}, Type:RATIS, Factor:THREE, State:CLOSED] from datanode 80429b0a-59fd-4cc1-aa54-c7e113f2fc75{ip: 192.168.34.38, host: pr-hdds-1868-89kc4-1304904179, networkLocation: /default-rack, certSerialId: null}. Reason : Log already failed at index 1 for task WriteLog:1: (t:2, i:1), STATEMACHINELOGENTRY, client-DA74671D562A, cid=18
2019-10-16 22:19:06,313 [EventQueue-PipelineActionsForPipelineActionHandler] INFO  pipeline.SCMPipelineManager (SCMPipelineManager.java:finalizeAndDestroyPipeline(315)) - destroying pipeline:Pipeline[ Id: dcef3924-9188-4a78-88a3-c14b0a10c5d5, Nodes: eb983093-91d2-4010-938b-148522e57322{ip: 192.168.34.38, host: pr-hdds-1868-89kc4-1304904179, networkLocation: /default-rack, certSerialId: null}10709bda-d4dc-4a9c-9e19-12e8b772be2f{ip: 192.168.34.38, host: pr-hdds-1868-89kc4-1304904179, networkLocation: /default-rack, certSerialId: null}80429b0a-59fd-4cc1-aa54-c7e113f2fc75{ip: 192.168.34.38, host: pr-hdds-1868-89kc4-1304904179, networkLocation: /default-rack, certSerialId: null}, Type:RATIS, Factor:THREE, State:CLOSED]
 0.00% |?                                                                                                    |  0/1 Time: 0:01:09 0.00% |?                                                                                                    |  0/1 Time: 0:01:10 0.00% |?                                                                                                    |  0/1 Time: 0:01:11 0.00% |?                                                                                                    |  0/1 Time: 0:01:12 0.00% |?                                                                                                    |  0/1 Time: 0:01:13 0.00% |?                                                                                                    |  0/1 Time: 0:01:14 0.00% |?                                                                                                    |  0/1 Time: 0:01:15 0.00% |?                                                                                                    |  0/1 Time: 0:01:16 0.00% |?                                                                                                    |  0/1 Time: 0:01:17 0.00% |?                                                                                                    |  0/1 Time: 0:01:18 0.00% |?                                                                                                    |  0/1 Time: 0:01:19 0.00% |?                                                                                                    |  0/1 Time: 0:01:20 0.00% |?                                                                                                    |  0/1 Time: 0:01:21 0.00% |?                                                                                                    |  0/1 Time: 0:01:22 0.00% |?                                                                                                    |  0/1 Time: 0:01:23 0.00% |?                                                                                                    |  0/1 Time: 0:01:24 0.00% |?                                                                                                    |  0/1 Time: 0:01:25 0.00% |?                                                                                                    |  0/1 Time: 0:01:26 0.00% |?                                                                                                    |  0/1 Time: 0:01:27 0.00% |?                                                                                                    |  0/1 Time: 0:01:28 0.00% |?                                                                                                    |  0/1 Time: 0:01:29 0.00% |?                                                                                                    |  0/1 Time: 0:01:30 0.00% |?                                                                                                    |  0/1 Time: 0:01:31 0.00% |?                                                                                                    |  0/1 Time: 0:01:32 0.00% |?                                                                                                    |  0/1 Time: 0:01:33 0.00% |?                                                                                                    |  0/1 Time: 0:01:34 0.00% |?                                                                                                    |  0/1 Time: 0:01:35 0.00% |?                                                                                                    |  0/1 Time: 0:01:36 0.00% |?                                                                                                    |  0/1 Time: 0:01:37 0.00% |?                                                                                                    |  0/1 Time: 0:01:38 0.00% |?                                                                                                    |  0/1 Time: 0:01:39 0.00% |?                                                                                                    |  0/1 Time: 0:01:40 0.00% |?                                                                                                    |  0/1 Time: 0:01:41 0.00% |?                                                                                                    |  0/1 Time: 0:01:42 0.00% |?                                                                                                    |  0/1 Time: 0:01:43 0.00% |?                                                                                                    |  0/1 Time: 0:01:44 0.00% |?                                                                                                    |  0/1 Time: 0:01:45 0.00% |?                                                                                                    |  0/1 Time: 0:01:46 0.00% |?                                                                                                    |  0/1 Time: 0:01:47 0.00% |?                                                                                                    |  0/1 Time: 0:01:48 0.00% |?                                                                                                    |  0/1 Time: 0:01:49 0.00% |?                                                                                                    |  0/1 Time: 0:01:50 0.00% |?                                                                                                    |  0/1 Time: 0:01:51 0.00% |?                                                                                                    |  0/1 Time: 0:01:52 0.00% |?                                                                                                    |  0/1 Time: 0:01:53 0.00% |?                                                                                                    |  0/1 Time: 0:01:54 0.00% |?                                                                                                    |  0/1 Time: 0:01:55 0.00% |?                                                                                                    |  0/1 Time: 0:01:56 0.00% |?                                                                                                    |  0/1 Time: 0:01:57 0.00% |?                                                                                                    |  0/1 Time: 0:01:582019-10-16 22:19:56,056 [grpc-default-executor-3] INFO  impl.RaftServerProxy (RaftServerProxy.java:addNew(89)) - 80429b0a-59fd-4cc1-aa54-c7e113f2fc75: addNew group-03D01E5307E2:[80429b0a-59fd-4cc1-aa54-c7e113f2fc75:192.168.34.38:36487, 10709bda-d4dc-4a9c-9e19-12e8b772be2f:192.168.34.38:34412, eb983093-91d2-4010-938b-148522e57322:192.168.34.38:40909] returns group-03D01E5307E2:java.util.concurrent.CompletableFuture@7ace049[Not completed]
2019-10-16 22:19:56,061 [grpc-default-executor-1] INFO  impl.RaftServerProxy (RaftServerProxy.java:addNew(89)) - 10709bda-d4dc-4a9c-9e19-12e8b772be2f: addNew group-03D01E5307E2:[80429b0a-59fd-4cc1-aa54-c7e113f2fc75:192.168.34.38:36487, 10709bda-d4dc-4a9c-9e19-12e8b772be2f:192.168.34.38:34412, eb983093-91d2-4010-938b-148522e57322:192.168.34.38:40909] returns group-03D01E5307E2:java.util.concurrent.CompletableFuture@f10d5b5[Not completed]
2019-10-16 22:19:56,059 [grpc-default-executor-0] INFO  impl.RaftServerProxy (RaftServerProxy.java:addNew(89)) - eb983093-91d2-4010-938b-148522e57322: addNew group-03D01E5307E2:[80429b0a-59fd-4cc1-aa54-c7e113f2fc75:192.168.34.38:36487, 10709bda-d4dc-4a9c-9e19-12e8b772be2f:192.168.34.38:34412, eb983093-91d2-4010-938b-148522e57322:192.168.34.38:40909] returns group-03D01E5307E2:java.util.concurrent.CompletableFuture@5ba090ad[Not completed]
2019-10-16 22:19:56,063 [pool-67-thread-1] INFO  impl.RaftServerImpl (RaftServerImpl.java:<init>(104)) - 80429b0a-59fd-4cc1-aa54-c7e113f2fc75: new RaftServerImpl for group-03D01E5307E2:[80429b0a-59fd-4cc1-aa54-c7e113f2fc75:192.168.34.38:36487, 10709bda-d4dc-4a9c-9e19-12e8b772be2f:192.168.34.38:34412, eb983093-91d2-4010-938b-148522e57322:192.168.34.38:40909] with ContainerStateMachine:uninitialized
2019-10-16 22:19:56,063 [pool-67-thread-1] INFO  server.RaftServerConfigKeys (ConfUtils.java:logGet(43)) - raft.server.rpc.timeout.min = 5s (custom)
2019-10-16 22:19:56,063 [pool-67-thread-1] INFO  server.RaftServerConfigKeys (ConfUtils.java:logGet(43)) - raft.server.rpc.timeout.max = 5200ms (custom)
2019-10-16 22:19:56,063 [pool-67-thread-1] INFO  server.RaftServerConfigKeys (ConfUtils.java:logGet(43)) - raft.server.rpcslowness.timeout = 120s (custom)
2019-10-16 22:19:56,064 [pool-67-thread-1] INFO  server.RaftServerConfigKeys (ConfUtils.java:logGet(43)) - raft.server.sleep.deviation.threshold = 300 (default)
2019-10-16 22:19:56,064 [pool-67-thread-1] INFO  server.RaftServerConfigKeys (ConfUtils.java:logGet(43)) - raft.server.log.appender.install.snapshot.enabled = false (custom)
2019-10-16 22:19:56,064 [pool-47-thread-1] INFO  impl.RaftServerImpl (RaftServerImpl.java:<init>(104)) - 10709bda-d4dc-4a9c-9e19-12e8b772be2f: new RaftServerImpl for group-03D01E5307E2:[80429b0a-59fd-4cc1-aa54-c7e113f2fc75:192.168.34.38:36487, 10709bda-d4dc-4a9c-9e19-12e8b772be2f:192.168.34.38:34412, eb983093-91d2-4010-938b-148522e57322:192.168.34.38:40909] with ContainerStateMachine:uninitialized
2019-10-16 22:19:56,064 [pool-67-thread-1] INFO  impl.RaftServerImpl (ServerState.java:<init>(103)) - 80429b0a-59fd-4cc1-aa54-c7e113f2fc75@group-03D01E5307E2: ConfigurationManager, init=-1: [80429b0a-59fd-4cc1-aa54-c7e113f2fc75:192.168.34.38:36487, 10709bda-d4dc-4a9c-9e19-12e8b772be2f:192.168.34.38:34412, eb983093-91d2-4010-938b-148522e57322:192.168.34.38:40909], old=null, confs=<EMPTY_MAP>
2019-10-16 22:19:56,064 [pool-47-thread-1] INFO  server.RaftServerConfigKeys (ConfUtils.java:logGet(43)) - raft.server.rpc.timeout.min = 5s (custom)
2019-10-16 22:19:56,064 [pool-67-thread-1] INFO  server.RaftServerConfigKeys (ConfUtils.java:logGet(43)) - raft.server.storage.dir = [/workdir/hadoop-ozone/tools/target/test-dir/MiniOzoneClusterImpl-2609620e-65e0-43e8-b03a-743983bb73b4/datanode-4/data/ratis] (custom)
2019-10-16 22:19:56,064 [pool-47-thread-1] INFO  server.RaftServerConfigKeys (ConfUtils.java:logGet(43)) - raft.server.rpc.timeout.max = 5200ms (custom)
2019-10-16 22:19:56,065 [pool-47-thread-1] INFO  server.RaftServerConfigKeys (ConfUtils.java:logGet(43)) - raft.server.rpcslowness.timeout = 120s (custom)
2019-10-16 22:19:56,065 [pool-67-thread-1] INFO  server.RaftServerConfigKeys (ConfUtils.java:logGet(43)) - raft.server.log.corruption.policy = EXCEPTION (default)
2019-10-16 22:19:56,065 [pool-57-thread-1] INFO  impl.RaftServerImpl (RaftServerImpl.java:<init>(104)) - eb983093-91d2-4010-938b-148522e57322: new RaftServerImpl for group-03D01E5307E2:[80429b0a-59fd-4cc1-aa54-c7e113f2fc75:192.168.34.38:36487, 10709bda-d4dc-4a9c-9e19-12e8b772be2f:192.168.34.38:34412, eb983093-91d2-4010-938b-148522e57322:192.168.34.38:40909] with ContainerStateMachine:uninitialized
2019-10-16 22:19:56,065 [pool-47-thread-1] INFO  server.RaftServerConfigKeys (ConfUtils.java:logGet(43)) - raft.server.sleep.deviation.threshold = 300 (default)
2019-10-16 22:19:56,065 [pool-57-thread-1] INFO  server.RaftServerConfigKeys (ConfUtils.java:logGet(43)) - raft.server.rpc.timeout.min = 5s (custom)
2019-10-16 22:19:56,065 [pool-67-thread-1] INFO  storage.RaftStorageDirectory (RaftStorageDirectory.java:analyzeStorage(246)) - The storage directory /workdir/hadoop-ozone/tools/target/test-dir/MiniOzoneClusterImpl-2609620e-65e0-43e8-b03a-743983bb73b4/datanode-4/data/ratis/df106c32-8900-4d50-84c6-03d01e5307e2 does not exist. Creating ...
2019-10-16 22:19:56,065 [pool-57-thread-1] INFO  server.RaftServerConfigKeys (ConfUtils.java:logGet(43)) - raft.server.rpc.timeout.max = 5200ms (custom)
2019-10-16 22:19:56,065 [pool-47-thread-1] INFO  server.RaftServerConfigKeys (ConfUtils.java:logGet(43)) - raft.server.log.appender.install.snapshot.enabled = false (custom)
2019-10-16 22:19:56,066 [pool-57-thread-1] INFO  server.RaftServerConfigKeys (ConfUtils.java:logGet(43)) - raft.server.rpcslowness.timeout = 120s (custom)
2019-10-16 22:19:56,066 [pool-47-thread-1] INFO  impl.RaftServerImpl (ServerState.java:<init>(103)) - 10709bda-d4dc-4a9c-9e19-12e8b772be2f@group-03D01E5307E2: ConfigurationManager, init=-1: [80429b0a-59fd-4cc1-aa54-c7e113f2fc75:192.168.34.38:36487, 10709bda-d4dc-4a9c-9e19-12e8b772be2f:192.168.34.38:34412, eb983093-91d2-4010-938b-148522e57322:192.168.34.38:40909], old=null, confs=<EMPTY_MAP>
2019-10-16 22:19:56,066 [pool-57-thread-1] INFO  server.RaftServerConfigKeys (ConfUtils.java:logGet(43)) - raft.server.sleep.deviation.threshold = 300 (default)
2019-10-16 22:19:56,066 [pool-47-thread-1] INFO  server.RaftServerConfigKeys (ConfUtils.java:logGet(43)) - raft.server.storage.dir = [/workdir/hadoop-ozone/tools/target/test-dir/MiniOzoneClusterImpl-2609620e-65e0-43e8-b03a-743983bb73b4/datanode-2/data/ratis] (custom)
2019-10-16 22:19:56,066 [pool-57-thread-1] INFO  server.RaftServerConfigKeys (ConfUtils.java:logGet(43)) - raft.server.log.appender.install.snapshot.enabled = false (custom)
2019-10-16 22:19:56,066 [pool-57-thread-1] INFO  impl.RaftServerImpl (ServerState.java:<init>(103)) - eb983093-91d2-4010-938b-148522e57322@group-03D01E5307E2: ConfigurationManager, init=-1: [80429b0a-59fd-4cc1-aa54-c7e113f2fc75:192.168.34.38:36487, 10709bda-d4dc-4a9c-9e19-12e8b772be2f:192.168.34.38:34412, eb983093-91d2-4010-938b-148522e57322:192.168.34.38:40909], old=null, confs=<EMPTY_MAP>
2019-10-16 22:19:56,066 [pool-47-thread-1] INFO  server.RaftServerConfigKeys (ConfUtils.java:logGet(43)) - raft.server.log.corruption.policy = EXCEPTION (default)
2019-10-16 22:19:56,067 [pool-57-thread-1] INFO  server.RaftServerConfigKeys (ConfUtils.java:logGet(43)) - raft.server.storage.dir = [/workdir/hadoop-ozone/tools/target/test-dir/MiniOzoneClusterImpl-2609620e-65e0-43e8-b03a-743983bb73b4/datanode-3/data/ratis] (custom)
2019-10-16 22:19:56,067 [pool-47-thread-1] INFO  storage.RaftStorageDirectory (RaftStorageDirectory.java:analyzeStorage(246)) - The storage directory /workdir/hadoop-ozone/tools/target/test-dir/MiniOzoneClusterImpl-2609620e-65e0-43e8-b03a-743983bb73b4/datanode-2/data/ratis/df106c32-8900-4d50-84c6-03d01e5307e2 does not exist. Creating ...
2019-10-16 22:19:56,067 [pool-57-thread-1] INFO  server.RaftServerConfigKeys (ConfUtils.java:logGet(43)) - raft.server.log.corruption.policy = EXCEPTION (default)
2019-10-16 22:19:56,067 [pool-57-thread-1] INFO  storage.RaftStorageDirectory (RaftStorageDirectory.java:analyzeStorage(246)) - The storage directory /workdir/hadoop-ozone/tools/target/test-dir/MiniOzoneClusterImpl-2609620e-65e0-43e8-b03a-743983bb73b4/datanode-3/data/ratis/df106c32-8900-4d50-84c6-03d01e5307e2 does not exist. Creating ...
2019-10-16 22:19:56,093 [pool-57-thread-1] INFO  storage.RaftStorageDirectory (RaftStorageDirectory.java:tryLock(328)) - Lock on /workdir/hadoop-ozone/tools/target/test-dir/MiniOzoneClusterImpl-2609620e-65e0-43e8-b03a-743983bb73b4/datanode-3/data/ratis/df106c32-8900-4d50-84c6-03d01e5307e2/in_use.lock acquired by nodename 31979@pr-hdds-1868-89kc4-1304904179
2019-10-16 22:19:56,093 [pool-67-thread-1] INFO  storage.RaftStorageDirectory (RaftStorageDirectory.java:tryLock(328)) - Lock on /workdir/hadoop-ozone/tools/target/test-dir/MiniOzoneClusterImpl-2609620e-65e0-43e8-b03a-743983bb73b4/datanode-4/data/ratis/df106c32-8900-4d50-84c6-03d01e5307e2/in_use.lock acquired by nodename 31979@pr-hdds-1868-89kc4-1304904179
2019-10-16 22:19:56,093 [pool-47-thread-1] INFO  storage.RaftStorageDirectory (RaftStorageDirectory.java:tryLock(328)) - Lock on /workdir/hadoop-ozone/tools/target/test-dir/MiniOzoneClusterImpl-2609620e-65e0-43e8-b03a-743983bb73b4/datanode-2/data/ratis/df106c32-8900-4d50-84c6-03d01e5307e2/in_use.lock acquired by nodename 31979@pr-hdds-1868-89kc4-1304904179
2019-10-16 22:19:56,107 [pool-57-thread-1] INFO  storage.RaftStorage (RaftStorage.java:format(84)) - Storage directory /workdir/hadoop-ozone/tools/target/test-dir/MiniOzoneClusterImpl-2609620e-65e0-43e8-b03a-743983bb73b4/datanode-3/data/ratis/df106c32-8900-4d50-84c6-03d01e5307e2 has been successfully formatted.
2019-10-16 22:19:56,107 [pool-47-thread-1] INFO  storage.RaftStorage (RaftStorage.java:format(84)) - Storage directory /workdir/hadoop-ozone/tools/target/test-dir/MiniOzoneClusterImpl-2609620e-65e0-43e8-b03a-743983bb73b4/datanode-2/data/ratis/df106c32-8900-4d50-84c6-03d01e5307e2 has been successfully formatted.
2019-10-16 22:19:56,107 [pool-67-thread-1] INFO  storage.RaftStorage (RaftStorage.java:format(84)) - Storage directory /workdir/hadoop-ozone/tools/target/test-dir/MiniOzoneClusterImpl-2609620e-65e0-43e8-b03a-743983bb73b4/datanode-4/data/ratis/df106c32-8900-4d50-84c6-03d01e5307e2 has been successfully formatted.
2019-10-16 22:19:56,108 [pool-57-thread-1] INFO  ratis.ContainerStateMachine (ContainerStateMachine.java:loadSnapshot(233)) - group-03D01E5307E2: The snapshot info is null. Setting the last applied indexto:(t:0, i:~)
2019-10-16 22:19:56,108 [pool-67-thread-1] INFO  ratis.ContainerStateMachine (ContainerStateMachine.java:loadSnapshot(233)) - group-03D01E5307E2: The snapshot info is null. Setting the last applied indexto:(t:0, i:~)
2019-10-16 22:19:56,108 [pool-47-thread-1] INFO  ratis.ContainerStateMachine (ContainerStateMachine.java:loadSnapshot(233)) - group-03D01E5307E2: The snapshot info is null. Setting the last applied indexto:(t:0, i:~)
2019-10-16 22:19:56,108 [pool-67-thread-1] INFO  server.RaftServerConfigKeys (ConfUtils.java:logGet(43)) - raft.server.notification.no-leader.timeout = 120s (custom)
2019-10-16 22:19:56,108 [pool-57-thread-1] INFO  server.RaftServerConfigKeys (ConfUtils.java:logGet(43)) - raft.server.notification.no-leader.timeout = 120s (custom)
2019-10-16 22:19:56,109 [pool-67-thread-1] INFO  server.RaftServerConfigKeys (ConfUtils.java:logGet(43)) - raft.server.log.use.memory = false (default)
2019-10-16 22:19:56,109 [pool-47-thread-1] INFO  server.RaftServerConfigKeys (ConfUtils.java:logGet(43)) - raft.server.notification.no-leader.timeout = 120s (custom)
2019-10-16 22:19:56,109 [pool-67-thread-1] INFO  server.RaftServerConfigKeys (ConfUtils.java:logGet(43)) - raft.server.log.purge.gap = 1000000 (custom)
2019-10-16 22:19:56,109 [pool-57-thread-1] INFO  server.RaftServerConfigKeys (ConfUtils.java:logGet(43)) - raft.server.log.use.memory = false (default)
2019-10-16 22:19:56,109 [pool-67-thread-1] INFO  server.RaftServerConfigKeys (ConfUtils.java:logGet(43)) - raft.server.log.appender.buffer.byte-limit = 33554432 (custom)
2019-10-16 22:19:56,109 [pool-47-thread-1] INFO  server.RaftServerConfigKeys (ConfUtils.java:logGet(43)) - raft.server.log.use.memory = false (default)
2019-10-16 22:19:56,110 [pool-67-thread-1] INFO  server.RaftServerConfigKeys (ConfUtils.java:logGet(43)) - raft.server.log.segment.size.max = 1048576 (custom)
2019-10-16 22:19:56,109 [pool-57-thread-1] INFO  server.RaftServerConfigKeys (ConfUtils.java:logGet(43)) - raft.server.log.purge.gap = 1000000 (custom)
2019-10-16 22:19:56,110 [pool-67-thread-1] INFO  server.RaftServerConfigKeys (ConfUtils.java:logGet(43)) - raft.server.log.segment.cache.num.max = 2 (custom)
2019-10-16 22:19:56,110 [pool-47-thread-1] INFO  server.RaftServerConfigKeys (ConfUtils.java:logGet(43)) - raft.server.log.purge.gap = 1000000 (custom)
2019-10-16 22:19:56,110 [pool-67-thread-1] INFO  segmented.SegmentedRaftLogWorker (SegmentedRaftLogWorker.java:<init>(173)) - new 80429b0a-59fd-4cc1-aa54-c7e113f2fc75@group-03D01E5307E2-SegmentedRaftLogWorker for RaftStorage:Storage Directory /workdir/hadoop-ozone/tools/target/test-dir/MiniOzoneClusterImpl-2609620e-65e0-43e8-b03a-743983bb73b4/datanode-4/data/ratis/df106c32-8900-4d50-84c6-03d01e5307e2
2019-10-16 22:19:56,110 [pool-57-thread-1] INFO  server.RaftServerConfigKeys (ConfUtils.java:logGet(43)) - raft.server.log.appender.buffer.byte-limit = 33554432 (custom)
2019-10-16 22:19:56,111 [pool-67-thread-1] INFO  server.RaftServerConfigKeys (ConfUtils.java:logGet(43)) - raft.server.log.queue.byte-limit = 2147483647 (custom)
2019-10-16 22:19:56,110 [pool-47-thread-1] INFO  server.RaftServerConfigKeys (ConfUtils.java:logGet(43)) - raft.server.log.appender.buffer.byte-limit = 33554432 (custom)
2019-10-16 22:19:56,111 [pool-67-thread-1] INFO  server.RaftServerConfigKeys (ConfUtils.java:logGet(43)) - raft.server.log.queue.element-limit = 1024 (custom)
2019-10-16 22:19:56,111 [pool-57-thread-1] INFO  server.RaftServerConfigKeys (ConfUtils.java:logGet(43)) - raft.server.log.segment.size.max = 1048576 (custom)
2019-10-16 22:19:56,111 [pool-67-thread-1] INFO  server.RaftServerConfigKeys (ConfUtils.java:logGet(43)) - raft.server.log.segment.size.max = 1048576 (custom)
2019-10-16 22:19:56,111 [pool-47-thread-1] INFO  server.RaftServerConfigKeys (ConfUtils.java:logGet(43)) - raft.server.log.segment.size.max = 1048576 (custom)
2019-10-16 22:19:56,111 [pool-67-thread-1] INFO  server.RaftServerConfigKeys (ConfUtils.java:logGet(43)) - raft.server.log.preallocated.size = 16384 (custom)
2019-10-16 22:19:56,111 [pool-57-thread-1] INFO  server.RaftServerConfigKeys (ConfUtils.java:logGet(43)) - raft.server.log.segment.cache.num.max = 2 (custom)
2019-10-16 22:19:56,112 [pool-67-thread-1] INFO  server.RaftServerConfigKeys (ConfUtils.java:logGet(43)) - raft.server.log.write.buffer.size = 33554432 (custom)
2019-10-16 22:19:56,112 [pool-47-thread-1] INFO  server.RaftServerConfigKeys (ConfUtils.java:logGet(43)) - raft.server.log.segment.cache.num.max = 2 (custom)
2019-10-16 22:19:56,112 [pool-67-thread-1] INFO  server.RaftServerConfigKeys (ConfUtils.java:logGet(43)) - raft.server.log.force.sync.num = 128 (default)
2019-10-16 22:19:56,112 [pool-57-thread-1] INFO  segmented.SegmentedRaftLogWorker (SegmentedRaftLogWorker.java:<init>(173)) - new eb983093-91d2-4010-938b-148522e57322@group-03D01E5307E2-SegmentedRaftLogWorker for RaftStorage:Storage Directory /workdir/hadoop-ozone/tools/target/test-dir/MiniOzoneClusterImpl-2609620e-65e0-43e8-b03a-743983bb73b4/datanode-3/data/ratis/df106c32-8900-4d50-84c6-03d01e5307e2
2019-10-16 22:19:56,112 [pool-67-thread-1] INFO  server.RaftServerConfigKeys (ConfUtils.java:logGet(43)) - raft.server.log.statemachine.data.sync = true (default)
2019-10-16 22:19:56,112 [pool-47-thread-1] INFO  segmented.SegmentedRaftLogWorker (SegmentedRaftLogWorker.java:<init>(173)) - new 10709bda-d4dc-4a9c-9e19-12e8b772be2f@group-03D01E5307E2-SegmentedRaftLogWorker for RaftStorage:Storage Directory /workdir/hadoop-ozone/tools/target/test-dir/MiniOzoneClusterImpl-2609620e-65e0-43e8-b03a-743983bb73b4/datanode-2/data/ratis/df106c32-8900-4d50-84c6-03d01e5307e2
2019-10-16 22:19:56,113 [pool-67-thread-1] INFO  server.RaftServerConfigKeys (ConfUtils.java:logGet(43)) - raft.server.log.statemachine.data.sync.timeout = 10s (default)
2019-10-16 22:19:56,113 [pool-57-thread-1] INFO  server.RaftServerConfigKeys (ConfUtils.java:logGet(43)) - raft.server.log.queue.byte-limit = 2147483647 (custom)
2019-10-16 22:19:56,113 [pool-67-thread-1] INFO  server.RaftServerConfigKeys (ConfUtils.java:logGet(43)) - raft.server.log.statemachine.data.sync.timeout.retry = -1 (default)
2019-10-16 22:19:56,113 [pool-47-thread-1] INFO  server.RaftServerConfigKeys (ConfUtils.java:logGet(43)) - raft.server.log.queue.byte-limit = 2147483647 (custom)
2019-10-16 22:19:56,113 [pool-57-thread-1] INFO  server.RaftServerConfigKeys (ConfUtils.java:logGet(43)) - raft.server.log.queue.element-limit = 1024 (custom)
2019-10-16 22:19:56,114 [pool-47-thread-1] INFO  server.RaftServerConfigKeys (ConfUtils.java:logGet(43)) - raft.server.log.queue.element-limit = 1024 (custom)
2019-10-16 22:19:56,114 [pool-67-thread-1] INFO  server.RaftServerConfigKeys (ConfUtils.java:logGet(43)) - raft.server.log.statemachine.data.caching.enabled = true (custom)
2019-10-16 22:19:56,114 [pool-47-thread-1] INFO  server.RaftServerConfigKeys (ConfUtils.java:logGet(43)) - raft.server.log.segment.size.max = 1048576 (custom)
2019-10-16 22:19:56,114 [pool-57-thread-1] INFO  server.RaftServerConfigKeys (ConfUtils.java:logGet(43)) - raft.server.log.segment.size.max = 1048576 (custom)
2019-10-16 22:19:56,114 [pool-67-thread-1] INFO  segmented.SegmentedRaftLogWorker (SegmentedRaftLogWorker.java:lambda$new$0(128)) - 80429b0a-59fd-4cc1-aa54-c7e113f2fc75@group-03D01E5307E2-SegmentedRaftLogWorker: flushIndex: setUnconditionally 0 -> -1
2019-10-16 22:19:56,114 [pool-47-thread-1] INFO  server.RaftServerConfigKeys (ConfUtils.java:logGet(43)) - raft.server.log.preallocated.size = 16384 (custom)
2019-10-16 22:19:56,114 [pool-57-thread-1] INFO  server.RaftServerConfigKeys (ConfUtils.java:logGet(43)) - raft.server.log.preallocated.size = 16384 (custom)
2019-10-16 22:19:56,115 [pool-67-thread-1] INFO  server.RaftServerConfigKeys (ConfUtils.java:logGet(43)) - raft.server.snapshot.auto.trigger.enabled = true (custom)
2019-10-16 22:19:56,115 [pool-47-thread-1] INFO  server.RaftServerConfigKeys (ConfUtils.java:logGet(43)) - raft.server.log.write.buffer.size = 33554432 (custom)
2019-10-16 22:19:56,115 [pool-67-thread-1] INFO  server.RaftServerConfigKeys (ConfUtils.java:logGet(43)) - raft.server.snapshot.auto.trigger.threshold = 10000 (custom)
2019-10-16 22:19:56,115 [pool-57-thread-1] INFO  server.RaftServerConfigKeys (ConfUtils.java:logGet(43)) - raft.server.log.write.buffer.size = 33554432 (custom)
2019-10-16 22:19:56,116 [pool-67-thread-1] INFO  server.RaftServerConfigKeys (ConfUtils.java:logGet(43)) - raft.server.snapshot.retention.file.num = 5 (custom)
2019-10-16 22:19:56,115 [pool-47-thread-1] INFO  server.RaftServerConfigKeys (ConfUtils.java:logGet(43)) - raft.server.log.force.sync.num = 128 (default)
2019-10-16 22:19:56,116 [pool-67-thread-1] INFO  server.RaftServerConfigKeys (ConfUtils.java:logGet(43)) - raft.server.retrycache.expirytime = 600000ms (custom)
2019-10-16 22:19:56,116 [pool-57-thread-1] INFO  server.RaftServerConfigKeys (ConfUtils.java:logGet(43)) - raft.server.log.force.sync.num = 128 (default)
2019-10-16 22:19:56,116 [pool-47-thread-1] INFO  server.RaftServerConfigKeys (ConfUtils.java:logGet(43)) - raft.server.log.statemachine.data.sync = true (default)
2019-10-16 22:19:56,116 [pool-57-thread-1] INFO  server.RaftServerConfigKeys (ConfUtils.java:logGet(43)) - raft.server.log.statemachine.data.sync = true (default)
2019-10-16 22:19:56,117 [pool-47-thread-1] INFO  server.RaftServerConfigKeys (ConfUtils.java:logGet(43)) - raft.server.log.statemachine.data.sync.timeout = 10s (default)
2019-10-16 22:19:56,117 [pool-57-thread-1] INFO  server.RaftServerConfigKeys (ConfUtils.java:logGet(43)) - raft.server.log.statemachine.data.sync.timeout = 10s (default)
2019-10-16 22:19:56,117 [pool-47-thread-1] INFO  server.RaftServerConfigKeys (ConfUtils.java:logGet(43)) - raft.server.log.statemachine.data.sync.timeout.retry = -1 (default)
2019-10-16 22:19:56,117 [pool-57-thread-1] INFO  server.RaftServerConfigKeys (ConfUtils.java:logGet(43)) - raft.server.log.statemachine.data.sync.timeout.retry = -1 (default)
2019-10-16 22:19:56,117 [pool-47-thread-1] INFO  server.RaftServerConfigKeys (ConfUtils.java:logGet(43)) - raft.server.log.statemachine.data.caching.enabled = true (custom)
2019-10-16 22:19:56,117 [pool-57-thread-1] INFO  server.RaftServerConfigKeys (ConfUtils.java:logGet(43)) - raft.server.log.statemachine.data.caching.enabled = true (custom)
2019-10-16 22:19:56,118 [pool-47-thread-1] INFO  segmented.SegmentedRaftLogWorker (SegmentedRaftLogWorker.java:lambda$new$0(128)) - 10709bda-d4dc-4a9c-9e19-12e8b772be2f@group-03D01E5307E2-SegmentedRaftLogWorker: flushIndex: setUnconditionally 0 -> -1
2019-10-16 22:19:56,118 [pool-57-thread-1] INFO  segmented.SegmentedRaftLogWorker (SegmentedRaftLogWorker.java:lambda$new$0(128)) - eb983093-91d2-4010-938b-148522e57322@group-03D01E5307E2-SegmentedRaftLogWorker: flushIndex: setUnconditionally 0 -> -1
2019-10-16 22:19:56,118 [pool-47-thread-1] INFO  server.RaftServerConfigKeys (ConfUtils.java:logGet(43)) - raft.server.snapshot.auto.trigger.enabled = true (custom)
2019-10-16 22:19:56,118 [pool-57-thread-1] INFO  server.RaftServerConfigKeys (ConfUtils.java:logGet(43)) - raft.server.snapshot.auto.trigger.enabled = true (custom)
2019-10-16 22:19:56,118 [pool-47-thread-1] INFO  server.RaftServerConfigKeys (ConfUtils.java:logGet(43)) - raft.server.snapshot.auto.trigger.threshold = 10000 (custom)
2019-10-16 22:19:56,119 [pool-57-thread-1] INFO  server.RaftServerConfigKeys (ConfUtils.java:logGet(43)) - raft.server.snapshot.auto.trigger.threshold = 10000 (custom)
2019-10-16 22:19:56,119 [pool-47-thread-1] INFO  server.RaftServerConfigKeys (ConfUtils.java:logGet(43)) - raft.server.snapshot.retention.file.num = 5 (custom)
2019-10-16 22:19:56,119 [pool-57-thread-1] INFO  server.RaftServerConfigKeys (ConfUtils.java:logGet(43)) - raft.server.snapshot.retention.file.num = 5 (custom)
2019-10-16 22:19:56,119 [pool-47-thread-1] INFO  server.RaftServerConfigKeys (ConfUtils.java:logGet(43)) - raft.server.retrycache.expirytime = 600000ms (custom)
2019-10-16 22:19:56,119 [pool-57-thread-1] INFO  server.RaftServerConfigKeys (ConfUtils.java:logGet(43)) - raft.server.retrycache.expirytime = 600000ms (custom)
2019-10-16 22:19:56,120 [pool-67-thread-1] INFO  impl.RaftServerImpl (RaftServerImpl.java:start(195)) - 80429b0a-59fd-4cc1-aa54-c7e113f2fc75@group-03D01E5307E2: start as a follower, conf=-1: [80429b0a-59fd-4cc1-aa54-c7e113f2fc75:192.168.34.38:36487, 10709bda-d4dc-4a9c-9e19-12e8b772be2f:192.168.34.38:34412, eb983093-91d2-4010-938b-148522e57322:192.168.34.38:40909], old=null
2019-10-16 22:19:56,121 [pool-67-thread-1] INFO  impl.RaftServerImpl (RaftServerImpl.java:setRole(184)) - 80429b0a-59fd-4cc1-aa54-c7e113f2fc75@group-03D01E5307E2: changes role from      null to FOLLOWER at term 0 for startAsFollower
2019-10-16 22:19:56,121 [pool-67-thread-1] INFO  impl.RoleInfo (RoleInfo.java:updateAndGet(143)) - 80429b0a-59fd-4cc1-aa54-c7e113f2fc75: start FollowerState
2019-10-16 22:19:56,122 [pool-67-thread-1] INFO  util.JmxRegister (JmxRegister.java:tryRegister(44)) - Successfully registered JMX Bean with object name Ratis:service=RaftServer,group=group-03D01E5307E2,id=80429b0a-59fd-4cc1-aa54-c7e113f2fc75
2019-10-16 22:19:56,124 [pool-47-thread-1] INFO  impl.RaftServerImpl (RaftServerImpl.java:start(195)) - 10709bda-d4dc-4a9c-9e19-12e8b772be2f@group-03D01E5307E2: start as a follower, conf=-1: [80429b0a-59fd-4cc1-aa54-c7e113f2fc75:192.168.34.38:36487, 10709bda-d4dc-4a9c-9e19-12e8b772be2f:192.168.34.38:34412, eb983093-91d2-4010-938b-148522e57322:192.168.34.38:40909], old=null
2019-10-16 22:19:56,124 [pool-47-thread-1] INFO  impl.RaftServerImpl (RaftServerImpl.java:setRole(184)) - 10709bda-d4dc-4a9c-9e19-12e8b772be2f@group-03D01E5307E2: changes role from      null to FOLLOWER at term 0 for startAsFollower
2019-10-16 22:19:56,125 [pool-57-thread-1] INFO  impl.RaftServerImpl (RaftServerImpl.java:start(195)) - eb983093-91d2-4010-938b-148522e57322@group-03D01E5307E2: start as a follower, conf=-1: [80429b0a-59fd-4cc1-aa54-c7e113f2fc75:192.168.34.38:36487, 10709bda-d4dc-4a9c-9e19-12e8b772be2f:192.168.34.38:34412, eb983093-91d2-4010-938b-148522e57322:192.168.34.38:40909], old=null
2019-10-16 22:19:56,125 [pool-47-thread-1] INFO  impl.RoleInfo (RoleInfo.java:updateAndGet(143)) - 10709bda-d4dc-4a9c-9e19-12e8b772be2f: start FollowerState
2019-10-16 22:19:56,125 [pool-57-thread-1] INFO  impl.RaftServerImpl (RaftServerImpl.java:setRole(184)) - eb983093-91d2-4010-938b-148522e57322@group-03D01E5307E2: changes role from      null to FOLLOWER at term 0 for startAsFollower
2019-10-16 22:19:56,125 [pool-57-thread-1] INFO  impl.RoleInfo (RoleInfo.java:updateAndGet(143)) - eb983093-91d2-4010-938b-148522e57322: start FollowerState
2019-10-16 22:19:56,125 [pool-47-thread-1] INFO  util.JmxRegister (JmxRegister.java:tryRegister(44)) - Successfully registered JMX Bean with object name Ratis:service=RaftServer,group=group-03D01E5307E2,id=10709bda-d4dc-4a9c-9e19-12e8b772be2f
2019-10-16 22:19:56,126 [pool-57-thread-1] INFO  util.JmxRegister (JmxRegister.java:tryRegister(44)) - Successfully registered JMX Bean with object name Ratis:service=RaftServer,group=group-03D01E5307E2,id=eb983093-91d2-4010-938b-148522e57322
2019-10-16 22:19:56,135 [RatisPipelineUtilsThread] INFO  pipeline.PipelineStateManager (PipelineStateManager.java:addPipeline(57)) - Created pipeline Pipeline[ Id: df106c32-8900-4d50-84c6-03d01e5307e2, Nodes: eb983093-91d2-4010-938b-148522e57322{ip: 192.168.34.38, host: pr-hdds-1868-89kc4-1304904179, networkLocation: /default-rack, certSerialId: null}10709bda-d4dc-4a9c-9e19-12e8b772be2f{ip: 192.168.34.38, host: pr-hdds-1868-89kc4-1304904179, networkLocation: /default-rack, certSerialId: null}80429b0a-59fd-4cc1-aa54-c7e113f2fc75{ip: 192.168.34.38, host: pr-hdds-1868-89kc4-1304904179, networkLocation: /default-rack, certSerialId: null}, Type:RATIS, Factor:THREE, State:ALLOCATED]
2019-10-16 22:19:56,198 [Thread-461] INFO  impl.FollowerState (FollowerState.java:run(108)) - 80429b0a-59fd-4cc1-aa54-c7e113f2fc75@group-03D01E5307E2-FollowerState: change to CANDIDATE, lastRpcTime:76ms, electionTimeout:76ms
2019-10-16 22:19:56,198 [Thread-461] INFO  impl.RoleInfo (RoleInfo.java:shutdownFollowerState(121)) - 80429b0a-59fd-4cc1-aa54-c7e113f2fc75: shutdown FollowerState
2019-10-16 22:19:56,198 [Thread-461] INFO  impl.RaftServerImpl (RaftServerImpl.java:setRole(184)) - 80429b0a-59fd-4cc1-aa54-c7e113f2fc75@group-03D01E5307E2: changes role from  FOLLOWER to CANDIDATE at term 0 for changeToCandidate
2019-10-16 22:19:56,198 [Thread-461] INFO  impl.RoleInfo (RoleInfo.java:updateAndGet(143)) - 80429b0a-59fd-4cc1-aa54-c7e113f2fc75: start LeaderElection
2019-10-16 22:19:56,216 [80429b0a-59fd-4cc1-aa54-c7e113f2fc75@group-03D01E5307E2-LeaderElection9] INFO  impl.LeaderElection (LeaderElection.java:askForVotes(178)) - 80429b0a-59fd-4cc1-aa54-c7e113f2fc75@group-03D01E5307E2-LeaderElection9: begin an election at term 1 for -1: [80429b0a-59fd-4cc1-aa54-c7e113f2fc75:192.168.34.38:36487, 10709bda-d4dc-4a9c-9e19-12e8b772be2f:192.168.34.38:34412, eb983093-91d2-4010-938b-148522e57322:192.168.34.38:40909], old=null
2019-10-16 22:19:56,222 [grpc-default-executor-0] INFO  impl.RaftServerImpl (RaftServerImpl.java:setRole(184)) - 10709bda-d4dc-4a9c-9e19-12e8b772be2f@group-03D01E5307E2: changes role from  FOLLOWER to FOLLOWER at term 1 for recognizeCandidate:80429b0a-59fd-4cc1-aa54-c7e113f2fc75
2019-10-16 22:19:56,223 [grpc-default-executor-1] INFO  impl.RaftServerImpl (RaftServerImpl.java:setRole(184)) - eb983093-91d2-4010-938b-148522e57322@group-03D01E5307E2: changes role from  FOLLOWER to FOLLOWER at term 1 for recognizeCandidate:80429b0a-59fd-4cc1-aa54-c7e113f2fc75
2019-10-16 22:19:56,223 [grpc-default-executor-0] INFO  impl.RoleInfo (RoleInfo.java:shutdownFollowerState(121)) - 10709bda-d4dc-4a9c-9e19-12e8b772be2f: shutdown FollowerState
2019-10-16 22:19:56,224 [grpc-default-executor-1] INFO  impl.RoleInfo (RoleInfo.java:shutdownFollowerState(121)) - eb983093-91d2-4010-938b-148522e57322: shutdown FollowerState
2019-10-16 22:19:56,224 [grpc-default-executor-0] INFO  impl.RoleInfo (RoleInfo.java:updateAndGet(143)) - 10709bda-d4dc-4a9c-9e19-12e8b772be2f: start FollowerState
2019-10-16 22:19:56,224 [Thread-462] INFO  impl.FollowerState (FollowerState.java:run(117)) - 10709bda-d4dc-4a9c-9e19-12e8b772be2f@group-03D01E5307E2-FollowerState was interrupted: java.lang.InterruptedException: sleep interrupted
2019-10-16 22:19:56,224 [Thread-463] INFO  impl.FollowerState (FollowerState.java:run(117)) - eb983093-91d2-4010-938b-148522e57322@group-03D01E5307E2-FollowerState was interrupted: java.lang.InterruptedException: sleep interrupted
2019-10-16 22:19:56,224 [grpc-default-executor-1] INFO  impl.RoleInfo (RoleInfo.java:updateAndGet(143)) - eb983093-91d2-4010-938b-148522e57322: start FollowerState
2019-10-16 22:19:56,238 [80429b0a-59fd-4cc1-aa54-c7e113f2fc75@group-03D01E5307E2-LeaderElection9] INFO  impl.LeaderElection (LeaderElection.java:logAndReturn(56)) - 80429b0a-59fd-4cc1-aa54-c7e113f2fc75@group-03D01E5307E2-LeaderElection9: Election PASSED; received 1 response(s) [80429b0a-59fd-4cc1-aa54-c7e113f2fc75<-eb983093-91d2-4010-938b-148522e57322#0:OK-t1] and 0 exception(s); 80429b0a-59fd-4cc1-aa54-c7e113f2fc75@group-03D01E5307E2:t1, leader=null, voted=80429b0a-59fd-4cc1-aa54-c7e113f2fc75, raftlog=80429b0a-59fd-4cc1-aa54-c7e113f2fc75@group-03D01E5307E2-SegmentedRaftLog:OPENED:c-1,f-1,i0, conf=-1: [80429b0a-59fd-4cc1-aa54-c7e113f2fc75:192.168.34.38:36487, 10709bda-d4dc-4a9c-9e19-12e8b772be2f:192.168.34.38:34412, eb983093-91d2-4010-938b-148522e57322:192.168.34.38:40909], old=null
2019-10-16 22:19:56,238 [80429b0a-59fd-4cc1-aa54-c7e113f2fc75@group-03D01E5307E2-LeaderElection9] INFO  impl.RoleInfo (RoleInfo.java:shutdownLeaderElection(134)) - 80429b0a-59fd-4cc1-aa54-c7e113f2fc75: shutdown LeaderElection
2019-10-16 22:19:56,240 [80429b0a-59fd-4cc1-aa54-c7e113f2fc75@group-03D01E5307E2-LeaderElection9] INFO  impl.RaftServerImpl (RaftServerImpl.java:setRole(184)) - 80429b0a-59fd-4cc1-aa54-c7e113f2fc75@group-03D01E5307E2: changes role from CANDIDATE to LEADER at term 1 for changeToLeader
2019-10-16 22:19:56,240 [80429b0a-59fd-4cc1-aa54-c7e113f2fc75@group-03D01E5307E2-LeaderElection9] INFO  ratis.XceiverServerRatis (XceiverServerRatis.java:handleLeaderChangedNotification(700)) - Leader change notification received for group: group-03D01E5307E2 with new leaderId: 80429b0a-59fd-4cc1-aa54-c7e113f2fc75
2019-10-16 22:19:56,240 [80429b0a-59fd-4cc1-aa54-c7e113f2fc75@group-03D01E5307E2-LeaderElection9] INFO  impl.RaftServerImpl (ServerState.java:setLeader(256)) - 80429b0a-59fd-4cc1-aa54-c7e113f2fc75@group-03D01E5307E2: change Leader from null to 80429b0a-59fd-4cc1-aa54-c7e113f2fc75 at term 1 for becomeLeader, leader elected after 131ms
2019-10-16 22:19:56,240 [80429b0a-59fd-4cc1-aa54-c7e113f2fc75@group-03D01E5307E2-LeaderElection9] INFO  server.RaftServerConfigKeys (ConfUtils.java:logGet(43)) - raft.server.staging.catchup.gap = 1000 (default)
2019-10-16 22:19:56,240 [80429b0a-59fd-4cc1-aa54-c7e113f2fc75@group-03D01E5307E2-LeaderElection9] INFO  server.RaftServerConfigKeys (ConfUtils.java:logGet(43)) - raft.server.rpc.sleep.time = 25ms (default)
2019-10-16 22:19:56,241 [80429b0a-59fd-4cc1-aa54-c7e113f2fc75@group-03D01E5307E2-LeaderElection9] INFO  server.RaftServerConfigKeys (ConfUtils.java:logGet(43)) - raft.server.write.element-limit = 4096 (default)
2019-10-16 22:19:56,241 [80429b0a-59fd-4cc1-aa54-c7e113f2fc75@group-03D01E5307E2-LeaderElection9] INFO  server.RaftServerConfigKeys (ConfUtils.java:logGet(43)) - raft.server.watch.timeout = 10s (default)
2019-10-16 22:19:56,241 [80429b0a-59fd-4cc1-aa54-c7e113f2fc75@group-03D01E5307E2-LeaderElection9] INFO  server.RaftServerConfigKeys (ConfUtils.java:logGet(43)) - raft.server.watch.timeout.denomination = 1s (default)
2019-10-16 22:19:56,241 [EventQueue-PipelineReportForPipelineReportHandler] INFO  pipeline.PipelineReportHandler (PipelineReportHandler.java:processPipelineReport(119)) - Pipeline PipelineID=df106c32-8900-4d50-84c6-03d01e5307e2 reported by 80429b0a-59fd-4cc1-aa54-c7e113f2fc75{ip: 192.168.34.38, host: pr-hdds-1868-89kc4-1304904179, networkLocation: /default-rack, certSerialId: null} with leaderId 80429b0a-59fd-4cc1-aa54-c7e113f2fc75
2019-10-16 22:19:56,241 [80429b0a-59fd-4cc1-aa54-c7e113f2fc75@group-03D01E5307E2-LeaderElection9] INFO  server.RaftServerConfigKeys (ConfUtils.java:logGet(43)) - raft.server.watch.element-limit = 65536 (default)
2019-10-16 22:19:56,246 [80429b0a-59fd-4cc1-aa54-c7e113f2fc75@group-03D01E5307E2-LeaderElection9] INFO  server.RaftServerConfigKeys (ConfUtils.java:logGet(43)) - raft.server.log.appender.snapshot.chunk.size.max = 16MB (=16777216) (default)
2019-10-16 22:19:56,247 [80429b0a-59fd-4cc1-aa54-c7e113f2fc75@group-03D01E5307E2-LeaderElection9] INFO  server.RaftServerConfigKeys (ConfUtils.java:logGet(43)) - raft.server.log.appender.buffer.byte-limit = 33554432 (custom)
2019-10-16 22:19:56,247 [80429b0a-59fd-4cc1-aa54-c7e113f2fc75@group-03D01E5307E2-LeaderElection9] INFO  server.RaftServerConfigKeys (ConfUtils.java:logGet(43)) - raft.server.log.appender.buffer.element-limit = 1 (custom)
2019-10-16 22:19:56,247 [80429b0a-59fd-4cc1-aa54-c7e113f2fc75@group-03D01E5307E2-LeaderElection9] INFO  grpc.GrpcConfigKeys$Server (ConfUtils.java:logGet(43)) - raft.grpc.server.leader.outstanding.appends.max = 128 (default)
2019-10-16 22:19:56,248 [80429b0a-59fd-4cc1-aa54-c7e113f2fc75@group-03D01E5307E2-LeaderElection9] INFO  server.RaftServerConfigKeys (ConfUtils.java:logGet(43)) - raft.server.rpc.request.timeout = 3000ms (default)
2019-10-16 22:19:56,248 [80429b0a-59fd-4cc1-aa54-c7e113f2fc75@group-03D01E5307E2-LeaderElection9] INFO  server.RaftServerConfigKeys (ConfUtils.java:logGet(43)) - raft.server.log.appender.install.snapshot.enabled = false (custom)
2019-10-16 22:19:56,251 [80429b0a-59fd-4cc1-aa54-c7e113f2fc75@group-03D01E5307E2-LeaderElection9] INFO  server.RaftServerConfigKeys (ConfUtils.java:logGet(43)) - raft.server.log.appender.snapshot.chunk.size.max = 16MB (=16777216) (default)
2019-10-16 22:19:56,251 [80429b0a-59fd-4cc1-aa54-c7e113f2fc75@group-03D01E5307E2-LeaderElection9] INFO  server.RaftServerConfigKeys (ConfUtils.java:logGet(43)) - raft.server.log.appender.buffer.byte-limit = 33554432 (custom)
2019-10-16 22:19:56,251 [80429b0a-59fd-4cc1-aa54-c7e113f2fc75@group-03D01E5307E2-LeaderElection9] INFO  server.RaftServerConfigKeys (ConfUtils.java:logGet(43)) - raft.server.log.appender.buffer.element-limit = 1 (custom)
2019-10-16 22:19:56,252 [80429b0a-59fd-4cc1-aa54-c7e113f2fc75@group-03D01E5307E2-LeaderElection9] INFO  grpc.GrpcConfigKeys$Server (ConfUtils.java:logGet(43)) - raft.grpc.server.leader.outstanding.appends.max = 128 (default)
2019-10-16 22:19:56,252 [80429b0a-59fd-4cc1-aa54-c7e113f2fc75@group-03D01E5307E2-LeaderElection9] INFO  server.RaftServerConfigKeys (ConfUtils.java:logGet(43)) - raft.server.rpc.request.timeout = 3000ms (default)
2019-10-16 22:19:56,252 [80429b0a-59fd-4cc1-aa54-c7e113f2fc75@group-03D01E5307E2-LeaderElection9] INFO  server.RaftServerConfigKeys (ConfUtils.java:logGet(43)) - raft.server.log.appender.install.snapshot.enabled = false (custom)
2019-10-16 22:19:56,255 [80429b0a-59fd-4cc1-aa54-c7e113f2fc75@group-03D01E5307E2-LeaderElection9] INFO  impl.RoleInfo (RoleInfo.java:updateAndGet(143)) - 80429b0a-59fd-4cc1-aa54-c7e113f2fc75: start LeaderState
2019-10-16 22:19:56,256 [80429b0a-59fd-4cc1-aa54-c7e113f2fc75@group-03D01E5307E2-LeaderElection9] INFO  segmented.SegmentedRaftLogWorker (SegmentedRaftLogWorker.java:startLogSegment(385)) - 80429b0a-59fd-4cc1-aa54-c7e113f2fc75@group-03D01E5307E2-SegmentedRaftLogWorker: Starting segment from index:0
2019-10-16 22:19:56,257 [80429b0a-59fd-4cc1-aa54-c7e113f2fc75@group-03D01E5307E2-LeaderElection9] INFO  impl.RaftServerImpl (ServerState.java:setRaftConf(357)) - 80429b0a-59fd-4cc1-aa54-c7e113f2fc75@group-03D01E5307E2: set configuration 0: [80429b0a-59fd-4cc1-aa54-c7e113f2fc75:192.168.34.38:36487, 10709bda-d4dc-4a9c-9e19-12e8b772be2f:192.168.34.38:34412, eb983093-91d2-4010-938b-148522e57322:192.168.34.38:40909], old=null at 0
2019-10-16 22:19:56,289 [grpc-default-executor-1] INFO  ratis.XceiverServerRatis (XceiverServerRatis.java:handleLeaderChangedNotification(700)) - Leader change notification received for group: group-03D01E5307E2 with new leaderId: 80429b0a-59fd-4cc1-aa54-c7e113f2fc75
2019-10-16 22:19:56,289 [grpc-default-executor-0] INFO  ratis.XceiverServerRatis (XceiverServerRatis.java:handleLeaderChangedNotification(700)) - Leader change notification received for group: group-03D01E5307E2 with new leaderId: 80429b0a-59fd-4cc1-aa54-c7e113f2fc75
2019-10-16 22:19:56,289 [grpc-default-executor-1] INFO  impl.RaftServerImpl (ServerState.java:setLeader(256)) - eb983093-91d2-4010-938b-148522e57322@group-03D01E5307E2: change Leader from null to 80429b0a-59fd-4cc1-aa54-c7e113f2fc75 at term 1 for appendEntries, leader elected after 180ms
2019-10-16 22:19:56,289 [grpc-default-executor-0] INFO  impl.RaftServerImpl (ServerState.java:setLeader(256)) - 10709bda-d4dc-4a9c-9e19-12e8b772be2f@group-03D01E5307E2: change Leader from null to 80429b0a-59fd-4cc1-aa54-c7e113f2fc75 at term 1 for appendEntries, leader elected after 180ms
2019-10-16 22:19:56,292 [EventQueue-PipelineReportForPipelineReportHandler] INFO  pipeline.PipelineReportHandler (PipelineReportHandler.java:processPipelineReport(119)) - Pipeline PipelineID=df106c32-8900-4d50-84c6-03d01e5307e2 reported by 10709bda-d4dc-4a9c-9e19-12e8b772be2f{ip: 192.168.34.38, host: pr-hdds-1868-89kc4-1304904179, networkLocation: /default-rack, certSerialId: null} with leaderId 80429b0a-59fd-4cc1-aa54-c7e113f2fc75
2019-10-16 22:19:56,292 [EventQueue-PipelineReportForPipelineReportHandler] INFO  pipeline.PipelineReportHandler (PipelineReportHandler.java:processPipelineReport(119)) - Pipeline PipelineID=df106c32-8900-4d50-84c6-03d01e5307e2 reported by eb983093-91d2-4010-938b-148522e57322{ip: 192.168.34.38, host: pr-hdds-1868-89kc4-1304904179, networkLocation: /default-rack, certSerialId: null} with leaderId 80429b0a-59fd-4cc1-aa54-c7e113f2fc75
2019-10-16 22:19:56,292 [EventQueue-PipelineReportForPipelineReportHandler] INFO  pipeline.PipelineStateManager (PipelineStateManager.java:openPipeline(136)) - Pipeline Pipeline[ Id: df106c32-8900-4d50-84c6-03d01e5307e2, Nodes: eb983093-91d2-4010-938b-148522e57322{ip: 192.168.34.38, host: pr-hdds-1868-89kc4-1304904179, networkLocation: /default-rack, certSerialId: null}10709bda-d4dc-4a9c-9e19-12e8b772be2f{ip: 192.168.34.38, host: pr-hdds-1868-89kc4-1304904179, networkLocation: /default-rack, certSerialId: null}80429b0a-59fd-4cc1-aa54-c7e113f2fc75{ip: 192.168.34.38, host: pr-hdds-1868-89kc4-1304904179, networkLocation: /default-rack, certSerialId: null}, Type:RATIS, Factor:THREE, State:OPEN] moved to OPEN state
2019-10-16 22:19:56,294 [grpc-default-executor-0] INFO  impl.RaftServerImpl (ServerState.java:setRaftConf(357)) - 10709bda-d4dc-4a9c-9e19-12e8b772be2f@group-03D01E5307E2: set configuration 0: [80429b0a-59fd-4cc1-aa54-c7e113f2fc75:192.168.34.38:36487, 10709bda-d4dc-4a9c-9e19-12e8b772be2f:192.168.34.38:34412, eb983093-91d2-4010-938b-148522e57322:192.168.34.38:40909], old=null at 0
2019-10-16 22:19:56,294 [grpc-default-executor-0] INFO  segmented.SegmentedRaftLogWorker (SegmentedRaftLogWorker.java:startLogSegment(385)) - 10709bda-d4dc-4a9c-9e19-12e8b772be2f@group-03D01E5307E2-SegmentedRaftLogWorker: Starting segment from index:0
2019-10-16 22:19:56,294 [grpc-default-executor-1] INFO  impl.RaftServerImpl (ServerState.java:setRaftConf(357)) - eb983093-91d2-4010-938b-148522e57322@group-03D01E5307E2: set configuration 0: [80429b0a-59fd-4cc1-aa54-c7e113f2fc75:192.168.34.38:36487, 10709bda-d4dc-4a9c-9e19-12e8b772be2f:192.168.34.38:34412, eb983093-91d2-4010-938b-148522e57322:192.168.34.38:40909], old=null at 0
2019-10-16 22:19:56,299 [grpc-default-executor-1] INFO  segmented.SegmentedRaftLogWorker (SegmentedRaftLogWorker.java:startLogSegment(385)) - eb983093-91d2-4010-938b-148522e57322@group-03D01E5307E2-SegmentedRaftLogWorker: Starting segment from index:0
2019-10-16 22:19:56,310 [80429b0a-59fd-4cc1-aa54-c7e113f2fc75@group-03D01E5307E2-SegmentedRaftLogWorker] INFO  segmented.SegmentedRaftLogWorker (SegmentedRaftLogWorker.java:execute(576)) - 80429b0a-59fd-4cc1-aa54-c7e113f2fc75@group-03D01E5307E2-SegmentedRaftLogWorker: created new log segment /workdir/hadoop-ozone/tools/target/test-dir/MiniOzoneClusterImpl-2609620e-65e0-43e8-b03a-743983bb73b4/datanode-4/data/ratis/df106c32-8900-4d50-84c6-03d01e5307e2/current/log_inprogress_0
2019-10-16 22:19:56,363 [10709bda-d4dc-4a9c-9e19-12e8b772be2f@group-03D01E5307E2-SegmentedRaftLogWorker] INFO  segmented.SegmentedRaftLogWorker (SegmentedRaftLogWorker.java:execute(576)) - 10709bda-d4dc-4a9c-9e19-12e8b772be2f@group-03D01E5307E2-SegmentedRaftLogWorker: created new log segment /workdir/hadoop-ozone/tools/target/test-dir/MiniOzoneClusterImpl-2609620e-65e0-43e8-b03a-743983bb73b4/datanode-2/data/ratis/df106c32-8900-4d50-84c6-03d01e5307e2/current/log_inprogress_0
2019-10-16 22:19:56,363 [eb983093-91d2-4010-938b-148522e57322@group-03D01E5307E2-SegmentedRaftLogWorker] INFO  segmented.SegmentedRaftLogWorker (SegmentedRaftLogWorker.java:execute(576)) - eb983093-91d2-4010-938b-148522e57322@group-03D01E5307E2-SegmentedRaftLogWorker: created new log segment /workdir/hadoop-ozone/tools/target/test-dir/MiniOzoneClusterImpl-2609620e-65e0-43e8-b03a-743983bb73b4/datanode-3/data/ratis/df106c32-8900-4d50-84c6-03d01e5307e2/current/log_inprogress_0
 0.00% |?                                                                                                    |  0/1 Time: 0:01:59 0.00% |?                                                                                                    |  0/1 Time: 0:02:00 0.00% |?                                                                                                    |  0/1 Time: 0:02:01 0.00% |?                                                                                                    |  0/1 Time: 0:02:02 0.00% |?                                                                                                    |  0/1 Time: 0:02:03 0.00% |?                                                                                                    |  0/1 Time: 0:02:04 0.00% |?                                                                                                    |  0/1 Time: 0:02:05 0.00% |?                                                                                                    |  0/1 Time: 0:02:06 0.00% |?                                                                                                    |  0/1 Time: 0:02:07 0.00% |?                                                                                                    |  0/1 Time: 0:02:08 0.00% |?                                                                                                    |  0/1 Time: 0:02:09 0.00% |?                                                                                                    |  0/1 Time: 0:02:10 0.00% |?                                                                                                    |  0/1 Time: 0:02:11 0.00% |?                                                                                                    |  0/1 Time: 0:02:12 0.00% |?                                                                                                    |  0/1 Time: 0:02:13 0.00% |?                                                                                                    |  0/1 Time: 0:02:142019-10-16 22:20:12,334 [grpc-default-executor-0] INFO  impl.RaftServerProxy (RaftServerProxy.java:remove(95)) - eb983093-91d2-4010-938b-148522e57322: remove  FOLLOWER eb983093-91d2-4010-938b-148522e57322@group-C14B0A10C5D5:t2, leader=80429b0a-59fd-4cc1-aa54-c7e113f2fc75, voted=80429b0a-59fd-4cc1-aa54-c7e113f2fc75, raftlog=eb983093-91d2-4010-938b-148522e57322@group-C14B0A10C5D5-SegmentedRaftLog:OPENED:c0,f2,i2, conf=0: [80429b0a-59fd-4cc1-aa54-c7e113f2fc75:192.168.34.38:36487, 10709bda-d4dc-4a9c-9e19-12e8b772be2f:192.168.34.38:34412, eb983093-91d2-4010-938b-148522e57322:192.168.34.38:40909], old=null RUNNING
2019-10-16 22:20:12,335 [grpc-default-executor-0] INFO  impl.RaftServerImpl (RaftServerImpl.java:lambda$shutdown$3(261)) - eb983093-91d2-4010-938b-148522e57322@group-C14B0A10C5D5: shutdown
2019-10-16 22:20:12,336 [grpc-default-executor-0] INFO  util.JmxRegister (JmxRegister.java:unregister(73)) - Successfully un-registered JMX Bean with object name Ratis:service=RaftServer,group=group-C14B0A10C5D5,id=eb983093-91d2-4010-938b-148522e57322
2019-10-16 22:20:12,336 [grpc-default-executor-0] INFO  impl.RoleInfo (RoleInfo.java:shutdownFollowerState(121)) - eb983093-91d2-4010-938b-148522e57322: shutdown FollowerState
2019-10-16 22:20:12,337 [grpc-default-executor-0] INFO  impl.StateMachineUpdater (StateMachineUpdater.java:stopAndJoin(136)) - eb983093-91d2-4010-938b-148522e57322@group-C14B0A10C5D5-StateMachineUpdater: set stopIndex = 0
2019-10-16 22:20:12,338 [Thread-379] INFO  impl.FollowerState (FollowerState.java:run(117)) - eb983093-91d2-4010-938b-148522e57322@group-C14B0A10C5D5-FollowerState was interrupted: java.lang.InterruptedException: sleep interrupted
2019-10-16 22:20:12,342 [grpc-default-executor-0] INFO  impl.RaftServerImpl (ServerState.java:close(388)) - eb983093-91d2-4010-938b-148522e57322@group-C14B0A10C5D5: closes. applyIndex: 0
2019-10-16 22:20:12,343 [eb983093-91d2-4010-938b-148522e57322@group-C14B0A10C5D5-SegmentedRaftLogWorker] INFO  segmented.SegmentedRaftLogWorker (SegmentedRaftLogWorker.java:run(316)) - eb983093-91d2-4010-938b-148522e57322@group-C14B0A10C5D5-SegmentedRaftLogWorker was interrupted, exiting. There are 0 tasks remaining in the queue.
2019-10-16 22:20:12,345 [grpc-default-executor-0] INFO  segmented.SegmentedRaftLogWorker (SegmentedRaftLogWorker.java:close(224)) - eb983093-91d2-4010-938b-148522e57322@group-C14B0A10C5D5-SegmentedRaftLogWorker close()
2019-10-16 22:20:12,407 [grpc-default-executor-0] INFO  interfaces.Container (KeyValueContainer.java:flushAndSyncDB(386)) - Container 4 is synced with bcsId 0.
2019-10-16 22:20:12,409 [grpc-default-executor-0] INFO  interfaces.Container (KeyValueContainer.java:flushAndSyncDB(386)) - Container 4 is synced with bcsId 0.
2019-10-16 22:20:12,430 [EventQueue-IncrementalContainerReportForIncrementalContainerReportHandler] INFO  container.IncrementalContainerReportHandler (AbstractContainerReportHandler.java:updateContainerState(171)) - Moving container #4 to QUASI_CLOSED state, datanode eb983093-91d2-4010-938b-148522e57322{ip: 192.168.34.38, host: pr-hdds-1868-89kc4-1304904179, networkLocation: /default-rack, certSerialId: null} reported QUASI_CLOSED replica.
2019-10-16 22:20:12,441 [grpc-default-executor-0] INFO  impl.RaftServerProxy (RaftServerProxy.java:remove(95)) - 10709bda-d4dc-4a9c-9e19-12e8b772be2f: remove  FOLLOWER 10709bda-d4dc-4a9c-9e19-12e8b772be2f@group-C14B0A10C5D5:t2, leader=80429b0a-59fd-4cc1-aa54-c7e113f2fc75, voted=80429b0a-59fd-4cc1-aa54-c7e113f2fc75, raftlog=10709bda-d4dc-4a9c-9e19-12e8b772be2f@group-C14B0A10C5D5-SegmentedRaftLog:OPENED:c0,f2,i2, conf=0: [80429b0a-59fd-4cc1-aa54-c7e113f2fc75:192.168.34.38:36487, 10709bda-d4dc-4a9c-9e19-12e8b772be2f:192.168.34.38:34412, eb983093-91d2-4010-938b-148522e57322:192.168.34.38:40909], old=null RUNNING
2019-10-16 22:20:12,442 [grpc-default-executor-0] INFO  impl.RaftServerImpl (RaftServerImpl.java:lambda$shutdown$3(261)) - 10709bda-d4dc-4a9c-9e19-12e8b772be2f@group-C14B0A10C5D5: shutdown
2019-10-16 22:20:12,442 [grpc-default-executor-0] INFO  util.JmxRegister (JmxRegister.java:unregister(73)) - Successfully un-registered JMX Bean with object name Ratis:service=RaftServer,group=group-C14B0A10C5D5,id=10709bda-d4dc-4a9c-9e19-12e8b772be2f
2019-10-16 22:20:12,442 [grpc-default-executor-0] INFO  impl.RoleInfo (RoleInfo.java:shutdownFollowerState(121)) - 10709bda-d4dc-4a9c-9e19-12e8b772be2f: shutdown FollowerState
2019-10-16 22:20:12,442 [grpc-default-executor-0] INFO  impl.StateMachineUpdater (StateMachineUpdater.java:stopAndJoin(136)) - 10709bda-d4dc-4a9c-9e19-12e8b772be2f@group-C14B0A10C5D5-StateMachineUpdater: set stopIndex = 0
2019-10-16 22:20:12,442 [Thread-378] INFO  impl.FollowerState (FollowerState.java:run(117)) - 10709bda-d4dc-4a9c-9e19-12e8b772be2f@group-C14B0A10C5D5-FollowerState was interrupted: java.lang.InterruptedException: sleep interrupted
2019-10-16 22:20:12,449 [grpc-default-executor-0] INFO  impl.RaftServerImpl (ServerState.java:close(388)) - 10709bda-d4dc-4a9c-9e19-12e8b772be2f@group-C14B0A10C5D5: closes. applyIndex: 0
2019-10-16 22:20:12,450 [10709bda-d4dc-4a9c-9e19-12e8b772be2f@group-C14B0A10C5D5-SegmentedRaftLogWorker] INFO  segmented.SegmentedRaftLogWorker (SegmentedRaftLogWorker.java:run(316)) - 10709bda-d4dc-4a9c-9e19-12e8b772be2f@group-C14B0A10C5D5-SegmentedRaftLogWorker was interrupted, exiting. There are 0 tasks remaining in the queue.
2019-10-16 22:20:12,451 [grpc-default-executor-0] INFO  segmented.SegmentedRaftLogWorker (SegmentedRaftLogWorker.java:close(224)) - 10709bda-d4dc-4a9c-9e19-12e8b772be2f@group-C14B0A10C5D5-SegmentedRaftLogWorker close()
2019-10-16 22:20:12,491 [grpc-default-executor-0] INFO  interfaces.Container (KeyValueContainer.java:flushAndSyncDB(386)) - Container 4 is synced with bcsId 0.
2019-10-16 22:20:12,491 [grpc-default-executor-0] INFO  interfaces.Container (KeyValueContainer.java:flushAndSyncDB(386)) - Container 4 is synced with bcsId 0.
2019-10-16 22:20:12,507 [grpc-default-executor-0] INFO  impl.RaftServerProxy (RaftServerProxy.java:remove(95)) - 80429b0a-59fd-4cc1-aa54-c7e113f2fc75: remove    LEADER 80429b0a-59fd-4cc1-aa54-c7e113f2fc75@group-C14B0A10C5D5:t2, leader=80429b0a-59fd-4cc1-aa54-c7e113f2fc75, voted=80429b0a-59fd-4cc1-aa54-c7e113f2fc75, raftlog=80429b0a-59fd-4cc1-aa54-c7e113f2fc75@group-C14B0A10C5D5-SegmentedRaftLog:OPENED:c0,f0,i2, conf=0: [80429b0a-59fd-4cc1-aa54-c7e113f2fc75:192.168.34.38:36487, 10709bda-d4dc-4a9c-9e19-12e8b772be2f:192.168.34.38:34412, eb983093-91d2-4010-938b-148522e57322:192.168.34.38:40909], old=null RUNNING
2019-10-16 22:20:12,507 [grpc-default-executor-0] INFO  impl.RaftServerImpl (RaftServerImpl.java:lambda$shutdown$3(261)) - 80429b0a-59fd-4cc1-aa54-c7e113f2fc75@group-C14B0A10C5D5: shutdown
2019-10-16 22:20:12,508 [grpc-default-executor-0] INFO  util.JmxRegister (JmxRegister.java:unregister(73)) - Successfully un-registered JMX Bean with object name Ratis:service=RaftServer,group=group-C14B0A10C5D5,id=80429b0a-59fd-4cc1-aa54-c7e113f2fc75
2019-10-16 22:20:12,508 [grpc-default-executor-0] INFO  impl.RoleInfo (RoleInfo.java:shutdownLeaderState(104)) - 80429b0a-59fd-4cc1-aa54-c7e113f2fc75: shutdown LeaderState
2019-10-16 22:20:12,510 [grpc-default-executor-0] INFO  impl.PendingRequests (PendingRequests.java:sendNotLeaderResponses(202)) - 80429b0a-59fd-4cc1-aa54-c7e113f2fc75@group-C14B0A10C5D5-PendingRequests: sendNotLeaderResponses
2019-10-16 22:20:12,511 [org.apache.ratis.server.impl.LogAppender$AppenderDaemon$$Lambda$495/1222538440@5dfa0107] WARN  server.GrpcLogAppender (GrpcLogAppender.java:mayWait(149)) - 80429b0a-59fd-4cc1-aa54-c7e113f2fc75@group-C14B0A10C5D5->10709bda-d4dc-4a9c-9e19-12e8b772be2f-GrpcLogAppender: Wait interrupted by java.lang.InterruptedException
2019-10-16 22:20:12,511 [org.apache.ratis.server.impl.LogAppender$AppenderDaemon$$Lambda$495/1222538440@c7331de] WARN  server.GrpcLogAppender (GrpcLogAppender.java:mayWait(149)) - 80429b0a-59fd-4cc1-aa54-c7e113f2fc75@group-C14B0A10C5D5->eb983093-91d2-4010-938b-148522e57322-GrpcLogAppender: Wait interrupted by java.lang.InterruptedException
2019-10-16 22:20:12,513 [grpc-default-executor-1] INFO  server.GrpcServerProtocolService (GrpcServerProtocolService.java:onCompleted(113)) - 10709bda-d4dc-4a9c-9e19-12e8b772be2f: Completed APPEND_ENTRIES, lastRequest: 80429b0a-59fd-4cc1-aa54-c7e113f2fc75->10709bda-d4dc-4a9c-9e19-12e8b772be2f#29-t2, previous=(t:2, i:2), leaderCommit=0, initializing? false, entries: <empty>
2019-10-16 22:20:12,514 [grpc-default-executor-0] INFO  impl.StateMachineUpdater (StateMachineUpdater.java:stopAndJoin(136)) - 80429b0a-59fd-4cc1-aa54-c7e113f2fc75@group-C14B0A10C5D5-StateMachineUpdater: set stopIndex = 0
2019-10-16 22:20:12,513 [grpc-default-executor-3] INFO  server.GrpcServerProtocolService (GrpcServerProtocolService.java:onCompleted(113)) - eb983093-91d2-4010-938b-148522e57322: Completed APPEND_ENTRIES, lastRequest: 80429b0a-59fd-4cc1-aa54-c7e113f2fc75->eb983093-91d2-4010-938b-148522e57322#29-t2, previous=(t:2, i:2), leaderCommit=0, initializing? false, entries: <empty>
2019-10-16 22:20:12,520 [grpc-default-executor-0] INFO  impl.RaftServerImpl (ServerState.java:close(388)) - 80429b0a-59fd-4cc1-aa54-c7e113f2fc75@group-C14B0A10C5D5: closes. applyIndex: 0
2019-10-16 22:20:12,526 [80429b0a-59fd-4cc1-aa54-c7e113f2fc75@group-C14B0A10C5D5-SegmentedRaftLogWorker] INFO  segmented.SegmentedRaftLogWorker (SegmentedRaftLogWorker.java:run(316)) - 80429b0a-59fd-4cc1-aa54-c7e113f2fc75@group-C14B0A10C5D5-SegmentedRaftLogWorker was interrupted, exiting. There are 0 tasks remaining in the queue.
2019-10-16 22:20:12,528 [grpc-default-executor-7] INFO  server.GrpcLogAppender (GrpcLogAppender.java:onCompleted(308)) - 80429b0a-59fd-4cc1-aa54-c7e113f2fc75@group-C14B0A10C5D5->eb983093-91d2-4010-938b-148522e57322-AppendLogResponseHandler: follower responses appendEntries COMPLETED
2019-10-16 22:20:12,529 [grpc-default-executor-0] INFO  segmented.SegmentedRaftLogWorker (SegmentedRaftLogWorker.java:close(224)) - 80429b0a-59fd-4cc1-aa54-c7e113f2fc75@group-C14B0A10C5D5-SegmentedRaftLogWorker close()
2019-10-16 22:20:12,529 [grpc-default-executor-8] INFO  server.GrpcLogAppender (GrpcLogAppender.java:onCompleted(308)) - 80429b0a-59fd-4cc1-aa54-c7e113f2fc75@group-C14B0A10C5D5->10709bda-d4dc-4a9c-9e19-12e8b772be2f-AppendLogResponseHandler: follower responses appendEntries COMPLETED
2019-10-16 22:20:12,537 [RatisPipelineUtilsThread] INFO  pipeline.PipelineStateManager (PipelineStateManager.java:removePipeline(108)) - Pipeline Pipeline[ Id: dcef3924-9188-4a78-88a3-c14b0a10c5d5, Nodes: eb983093-91d2-4010-938b-148522e57322{ip: 192.168.34.38, host: pr-hdds-1868-89kc4-1304904179, networkLocation: /default-rack, certSerialId: null}10709bda-d4dc-4a9c-9e19-12e8b772be2f{ip: 192.168.34.38, host: pr-hdds-1868-89kc4-1304904179, networkLocation: /default-rack, certSerialId: null}80429b0a-59fd-4cc1-aa54-c7e113f2fc75{ip: 192.168.34.38, host: pr-hdds-1868-89kc4-1304904179, networkLocation: /default-rack, certSerialId: null}, Type:RATIS, Factor:THREE, State:CLOSED] removed from db
2019-10-16 22:20:12,543 [grpc-default-executor-0] INFO  impl.RaftServerProxy (RaftServerProxy.java:remove(95)) - eb983093-91d2-4010-938b-148522e57322: remove group-C14B0A10C5D5:null
2019-10-16 22:20:12,554 [RatisPipelineUtilsThread] WARN  pipeline.RatisPipelineUtils (RatisPipelineUtils.java:destroyPipeline(69)) - Pipeline destroy failed for pipeline=PipelineID=dcef3924-9188-4a78-88a3-c14b0a10c5d5 dn=eb983093-91d2-4010-938b-148522e57322{ip: 192.168.34.38, host: pr-hdds-1868-89kc4-1304904179, networkLocation: /default-rack, certSerialId: null}
2019-10-16 22:20:12,560 [grpc-default-executor-0] INFO  impl.RaftServerProxy (RaftServerProxy.java:remove(95)) - 10709bda-d4dc-4a9c-9e19-12e8b772be2f: remove group-C14B0A10C5D5:null
2019-10-16 22:20:12,568 [RatisPipelineUtilsThread] WARN  pipeline.RatisPipelineUtils (RatisPipelineUtils.java:destroyPipeline(69)) - Pipeline destroy failed for pipeline=PipelineID=dcef3924-9188-4a78-88a3-c14b0a10c5d5 dn=10709bda-d4dc-4a9c-9e19-12e8b772be2f{ip: 192.168.34.38, host: pr-hdds-1868-89kc4-1304904179, networkLocation: /default-rack, certSerialId: null}
2019-10-16 22:20:12,574 [grpc-default-executor-0] INFO  impl.RaftServerProxy (RaftServerProxy.java:remove(95)) - 80429b0a-59fd-4cc1-aa54-c7e113f2fc75: remove group-C14B0A10C5D5:null
2019-10-16 22:20:12,582 [RatisPipelineUtilsThread] WARN  pipeline.RatisPipelineUtils (RatisPipelineUtils.java:destroyPipeline(69)) - Pipeline destroy failed for pipeline=PipelineID=dcef3924-9188-4a78-88a3-c14b0a10c5d5 dn=80429b0a-59fd-4cc1-aa54-c7e113f2fc75{ip: 192.168.34.38, host: pr-hdds-1868-89kc4-1304904179, networkLocation: /default-rack, certSerialId: null}
2019-10-16 22:20:12,582 [RatisPipelineUtilsThread] ERROR pipeline.SCMPipelineManager (Scheduler.java:lambda$schedule$1(70)) - Destroy pipeline failed for pipeline:Pipeline[ Id: dcef3924-9188-4a78-88a3-c14b0a10c5d5, Nodes: eb983093-91d2-4010-938b-148522e57322{ip: 192.168.34.38, host: pr-hdds-1868-89kc4-1304904179, networkLocation: /default-rack, certSerialId: null}10709bda-d4dc-4a9c-9e19-12e8b772be2f{ip: 192.168.34.38, host: pr-hdds-1868-89kc4-1304904179, networkLocation: /default-rack, certSerialId: null}80429b0a-59fd-4cc1-aa54-c7e113f2fc75{ip: 192.168.34.38, host: pr-hdds-1868-89kc4-1304904179, networkLocation: /default-rack, certSerialId: null}, Type:RATIS, Factor:THREE, State:CLOSED]
org.apache.hadoop.hdds.scm.pipeline.PipelineNotFoundException: PipelineID=dcef3924-9188-4a78-88a3-c14b0a10c5d5 not found
	at org.apache.hadoop.hdds.scm.pipeline.PipelineStateMap.getPipeline(PipelineStateMap.java:132)
	at org.apache.hadoop.hdds.scm.pipeline.PipelineStateMap.removePipeline(PipelineStateMap.java:322)
	at org.apache.hadoop.hdds.scm.pipeline.PipelineStateManager.removePipeline(PipelineStateManager.java:107)
	at org.apache.hadoop.hdds.scm.pipeline.SCMPipelineManager.removePipeline(SCMPipelineManager.java:427)
	at org.apache.hadoop.hdds.scm.pipeline.SCMPipelineManager.destroyPipeline(SCMPipelineManager.java:413)
	at org.apache.hadoop.hdds.scm.pipeline.SCMPipelineManager.lambda$finalizeAndDestroyPipeline$0(SCMPipelineManager.java:322)
	at org.apache.hadoop.hdds.utils.Scheduler.lambda$schedule$1(Scheduler.java:68)
	at java.util.concurrent.Executors$RunnableAdapter.call(Executors.java:511)
	at java.util.concurrent.FutureTask.run(FutureTask.java:266)
	at java.util.concurrent.ScheduledThreadPoolExecutor$ScheduledFutureTask.access$201(ScheduledThreadPoolExecutor.java:180)
	at java.util.concurrent.ScheduledThreadPoolExecutor$ScheduledFutureTask.run(ScheduledThreadPoolExecutor.java:293)
	at java.util.concurrent.ThreadPoolExecutor.runWorker(ThreadPoolExecutor.java:1149)
	at java.util.concurrent.ThreadPoolExecutor$Worker.run(ThreadPoolExecutor.java:624)
	at java.lang.Thread.run(Thread.java:748)
 0.00% |?                                                                                                    |  0/1 Time: 0:02:152019-10-16 22:20:13,560 [pool-73-thread-3] WARN  io.KeyOutputStream (KeyOutputStream.java:handleException(274)) - Encountered exception java.io.IOException: Unexpected Storage Container Exception: java.util.concurrent.CompletionException: java.util.concurrent.CompletionException: org.apache.ratis.protocol.GroupMismatchException: eb983093-91d2-4010-938b-148522e57322: group-C14B0A10C5D5 not found. on the pipeline Pipeline[ Id: dcef3924-9188-4a78-88a3-c14b0a10c5d5, Nodes: eb983093-91d2-4010-938b-148522e57322{ip: 192.168.34.38, host: pr-hdds-1868-89kc4-1304904179, networkLocation: /default-rack, certSerialId: null}10709bda-d4dc-4a9c-9e19-12e8b772be2f{ip: 192.168.34.38, host: pr-hdds-1868-89kc4-1304904179, networkLocation: /default-rack, certSerialId: null}80429b0a-59fd-4cc1-aa54-c7e113f2fc75{ip: 192.168.34.38, host: pr-hdds-1868-89kc4-1304904179, networkLocation: /default-rack, certSerialId: null}, Type:RATIS, Factor:THREE, State:OPEN]. The last committed block length is 0, uncommitted data length is 2097152 retry count 1
2019-10-16 22:20:13,779 [pool-66-thread-5] ERROR impl.ChunkManagerImpl (ChunkManagerDummyImpl.java:writeChunk(86)) - data array does not match the length specified. DataLen: 1048576 Byte Array: 1048745
2019-10-16 22:20:13,781 [pool-66-thread-5] ERROR impl.ChunkManagerDummyImpl (ChunkManagerDummyImpl.java:writeChunk(105)) - write data failed. error: {}
org.apache.hadoop.hdds.scm.container.common.helpers.StorageContainerException: data array does not match the length specified. DataLen: 1048576 Byte Array: 1048745
	at org.apache.hadoop.ozone.container.keyvalue.impl.ChunkManagerDummyImpl.writeChunk(ChunkManagerDummyImpl.java:87)
	at org.apache.hadoop.ozone.container.keyvalue.KeyValueHandler.handleWriteChunk(KeyValueHandler.java:696)
	at org.apache.hadoop.ozone.container.keyvalue.KeyValueHandler.handle(KeyValueHandler.java:176)
	at org.apache.hadoop.ozone.container.common.impl.HddsDispatcher.dispatchRequest(HddsDispatcher.java:277)
	at org.apache.hadoop.ozone.container.common.impl.HddsDispatcher.dispatch(HddsDispatcher.java:150)
	at org.apache.hadoop.ozone.container.common.transport.server.ratis.ContainerStateMachine.dispatchCommand(ContainerStateMachine.java:415)
	at org.apache.hadoop.ozone.container.common.transport.server.ratis.ContainerStateMachine.runCommand(ContainerStateMachine.java:425)
	at org.apache.hadoop.ozone.container.common.transport.server.ratis.ContainerStateMachine.lambda$handleWriteChunk$1(ContainerStateMachine.java:460)
	at java.util.concurrent.CompletableFuture$AsyncSupply.run(CompletableFuture.java:1590)
	at java.util.concurrent.ThreadPoolExecutor.runWorker(ThreadPoolExecutor.java:1149)
	at java.util.concurrent.ThreadPoolExecutor$Worker.run(ThreadPoolExecutor.java:624)
	at java.lang.Thread.run(Thread.java:748)
2019-10-16 22:20:13,782 [pool-66-thread-5] INFO  keyvalue.KeyValueHandler (ContainerUtils.java:logAndReturnError(146)) - Operation: WriteChunk : Trace ID: a99f4f19308efdd4:dbe2341d41528512:aeb1f8c3d90a0985:0 : Message: Internal error:  : Result: CONTAINER_INTERNAL_ERROR
22:20:13.788 [pool-66-thread-5] ERROR DNAudit - user=null | ip=null | op=WRITE_CHUNK {blockData=conID: 5 locID: 102974384608247815 bcsId: 0} | ret=FAILURE
java.lang.Exception: Internal error: 
	at org.apache.hadoop.ozone.container.common.impl.HddsDispatcher.dispatchRequest(HddsDispatcher.java:332) ~[hadoop-hdds-container-service-0.5.0-SNAPSHOT.jar:?]
	at org.apache.hadoop.ozone.container.common.impl.HddsDispatcher.dispatch(HddsDispatcher.java:150) ~[hadoop-hdds-container-service-0.5.0-SNAPSHOT.jar:?]
	at org.apache.hadoop.ozone.container.common.transport.server.ratis.ContainerStateMachine.dispatchCommand(ContainerStateMachine.java:415) ~[hadoop-hdds-container-service-0.5.0-SNAPSHOT.jar:?]
	at org.apache.hadoop.ozone.container.common.transport.server.ratis.ContainerStateMachine.runCommand(ContainerStateMachine.java:425) ~[hadoop-hdds-container-service-0.5.0-SNAPSHOT.jar:?]
	at org.apache.hadoop.ozone.container.common.transport.server.ratis.ContainerStateMachine.lambda$handleWriteChunk$1(ContainerStateMachine.java:460) ~[hadoop-hdds-container-service-0.5.0-SNAPSHOT.jar:?]
	at java.util.concurrent.CompletableFuture$AsyncSupply.run(CompletableFuture.java:1590) [?:1.8.0_222]
	at java.util.concurrent.ThreadPoolExecutor.runWorker(ThreadPoolExecutor.java:1149) [?:1.8.0_222]
	at java.util.concurrent.ThreadPoolExecutor$Worker.run(ThreadPoolExecutor.java:624) [?:1.8.0_222]
	at java.lang.Thread.run(Thread.java:748) [?:1.8.0_222]
2019-10-16 22:20:13,789 [pool-66-thread-5] ERROR ratis.ContainerStateMachine (ContainerStateMachine.java:lambda$handleWriteChunk$2(482)) - group-03D01E5307E2: writeChunk writeStateMachineData failed: blockIdcontainerID: 5
localID: 102974384608247815
blockCommitSequenceId: 0
 logIndex 1 chunkName 102974384608247815_chunk_1 Error message: Internal error:  Container Result: CONTAINER_INTERNAL_ERROR
2019-10-16 22:20:13,789 [EventQueue-CloseContainerForCloseContainerEventHandler] INFO  container.CloseContainerEventHandler (CloseContainerEventHandler.java:onMessage(61)) - Close container Event triggered for container : #5
2019-10-16 22:20:13,791 [EventQueue-IncrementalContainerReportForIncrementalContainerReportHandler] WARN  container.IncrementalContainerReportHandler (AbstractContainerReportHandler.java:updateContainerState(145)) - Container #5 is in OPEN state, but the datanode 80429b0a-59fd-4cc1-aa54-c7e113f2fc75{ip: 192.168.34.38, host: pr-hdds-1868-89kc4-1304904179, networkLocation: /default-rack, certSerialId: null} reports an UNHEALTHY replica.
2019-10-16 22:20:13,791 [80429b0a-59fd-4cc1-aa54-c7e113f2fc75@group-03D01E5307E2-SegmentedRaftLogWorker] ERROR ratis.XceiverServerRatis (XceiverServerRatis.java:triggerPipelineClose(589)) - pipeline Action CLOSE  on pipeline PipelineID=df106c32-8900-4d50-84c6-03d01e5307e2.Reason : Internal error: 
2019-10-16 22:20:13,792 [EventQueue-PipelineActionsForPipelineActionHandler] ERROR pipeline.PipelineActionHandler (PipelineActionHandler.java:onMessage(60)) - Received pipeline action CLOSE for Pipeline[ Id: df106c32-8900-4d50-84c6-03d01e5307e2, Nodes: eb983093-91d2-4010-938b-148522e57322{ip: 192.168.34.38, host: pr-hdds-1868-89kc4-1304904179, networkLocation: /default-rack, certSerialId: null}10709bda-d4dc-4a9c-9e19-12e8b772be2f{ip: 192.168.34.38, host: pr-hdds-1868-89kc4-1304904179, networkLocation: /default-rack, certSerialId: null}80429b0a-59fd-4cc1-aa54-c7e113f2fc75{ip: 192.168.34.38, host: pr-hdds-1868-89kc4-1304904179, networkLocation: /default-rack, certSerialId: null}, Type:RATIS, Factor:THREE, State:OPEN] from datanode 80429b0a-59fd-4cc1-aa54-c7e113f2fc75{ip: 192.168.34.38, host: pr-hdds-1868-89kc4-1304904179, networkLocation: /default-rack, certSerialId: null}. Reason : Internal error: 
2019-10-16 22:20:13,792 [EventQueue-PipelineActionsForPipelineActionHandler] INFO  pipeline.SCMPipelineManager (SCMPipelineManager.java:finalizeAndDestroyPipeline(315)) - destroying pipeline:Pipeline[ Id: df106c32-8900-4d50-84c6-03d01e5307e2, Nodes: eb983093-91d2-4010-938b-148522e57322{ip: 192.168.34.38, host: pr-hdds-1868-89kc4-1304904179, networkLocation: /default-rack, certSerialId: null}10709bda-d4dc-4a9c-9e19-12e8b772be2f{ip: 192.168.34.38, host: pr-hdds-1868-89kc4-1304904179, networkLocation: /default-rack, certSerialId: null}80429b0a-59fd-4cc1-aa54-c7e113f2fc75{ip: 192.168.34.38, host: pr-hdds-1868-89kc4-1304904179, networkLocation: /default-rack, certSerialId: null}, Type:RATIS, Factor:THREE, State:OPEN]
2019-10-16 22:20:13,792 [EventQueue-PipelineActionsForPipelineActionHandler] INFO  pipeline.PipelineStateManager (PipelineStateManager.java:finalizePipeline(123)) - Pipeline Pipeline[ Id: df106c32-8900-4d50-84c6-03d01e5307e2, Nodes: eb983093-91d2-4010-938b-148522e57322{ip: 192.168.34.38, host: pr-hdds-1868-89kc4-1304904179, networkLocation: /default-rack, certSerialId: null}10709bda-d4dc-4a9c-9e19-12e8b772be2f{ip: 192.168.34.38, host: pr-hdds-1868-89kc4-1304904179, networkLocation: /default-rack, certSerialId: null}80429b0a-59fd-4cc1-aa54-c7e113f2fc75{ip: 192.168.34.38, host: pr-hdds-1868-89kc4-1304904179, networkLocation: /default-rack, certSerialId: null}, Type:RATIS, Factor:THREE, State:CLOSED] moved to CLOSED state
2019-10-16 22:20:13,793 [80429b0a-59fd-4cc1-aa54-c7e113f2fc75@group-03D01E5307E2-SegmentedRaftLogWorker] ERROR ratis.XceiverServerRatis (XceiverServerRatis.java:triggerPipelineClose(589)) - pipeline Action CLOSE  on pipeline PipelineID=df106c32-8900-4d50-84c6-03d01e5307e2.Reason : Log already failed at index 1 for task WriteLog:1: (t:1, i:1), STATEMACHINELOGENTRY, client-748DFC9C7DF7, cid=31
2019-10-16 22:20:13,798 [EventQueue-PipelineActionsForPipelineActionHandler] ERROR pipeline.PipelineActionHandler (PipelineActionHandler.java:onMessage(60)) - Received pipeline action CLOSE for Pipeline[ Id: df106c32-8900-4d50-84c6-03d01e5307e2, Nodes: eb983093-91d2-4010-938b-148522e57322{ip: 192.168.34.38, host: pr-hdds-1868-89kc4-1304904179, networkLocation: /default-rack, certSerialId: null}10709bda-d4dc-4a9c-9e19-12e8b772be2f{ip: 192.168.34.38, host: pr-hdds-1868-89kc4-1304904179, networkLocation: /default-rack, certSerialId: null}80429b0a-59fd-4cc1-aa54-c7e113f2fc75{ip: 192.168.34.38, host: pr-hdds-1868-89kc4-1304904179, networkLocation: /default-rack, certSerialId: null}, Type:RATIS, Factor:THREE, State:CLOSED] from datanode 80429b0a-59fd-4cc1-aa54-c7e113f2fc75{ip: 192.168.34.38, host: pr-hdds-1868-89kc4-1304904179, networkLocation: /default-rack, certSerialId: null}. Reason : Log already failed at index 1 for task WriteLog:1: (t:1, i:1), STATEMACHINELOGENTRY, client-748DFC9C7DF7, cid=31
2019-10-16 22:20:13,799 [EventQueue-PipelineActionsForPipelineActionHandler] INFO  pipeline.SCMPipelineManager (SCMPipelineManager.java:finalizeAndDestroyPipeline(315)) - destroying pipeline:Pipeline[ Id: df106c32-8900-4d50-84c6-03d01e5307e2, Nodes: eb983093-91d2-4010-938b-148522e57322{ip: 192.168.34.38, host: pr-hdds-1868-89kc4-1304904179, networkLocation: /default-rack, certSerialId: null}10709bda-d4dc-4a9c-9e19-12e8b772be2f{ip: 192.168.34.38, host: pr-hdds-1868-89kc4-1304904179, networkLocation: /default-rack, certSerialId: null}80429b0a-59fd-4cc1-aa54-c7e113f2fc75{ip: 192.168.34.38, host: pr-hdds-1868-89kc4-1304904179, networkLocation: /default-rack, certSerialId: null}, Type:RATIS, Factor:THREE, State:CLOSED]
 0.00% |?                                                                                                    |  0/1 Time: 0:02:16 0.00% |?                                                                                                    |  0/1 Time: 0:02:17 0.00% |?                                                                                                    |  0/1 Time: 0:02:18 0.00% |?                                                                                                    |  0/1 Time: 0:02:192019-10-16 22:20:17,530 [grpc-default-executor-7] INFO  impl.FollowerInfo (FollowerInfo.java:lambda$new$0(51)) - 80429b0a-59fd-4cc1-aa54-c7e113f2fc75@group-C14B0A10C5D5->eb983093-91d2-4010-938b-148522e57322: nextIndex: updateUnconditionally 3 -> 2
 0.00% |?                                                                                                    |  0/1 Time: 0:02:20 0.00% |?                                                                                                    |  0/1 Time: 0:02:21 0.00% |?                                                                                                    |  0/1 Time: 0:02:22 0.00% |?                                                                                                    |  0/1 Time: 0:02:23 0.00% |?                                                                                                    |  0/1 Time: 0:02:242019-10-16 22:20:22,539 [grpc-default-executor-8] INFO  impl.FollowerInfo (FollowerInfo.java:lambda$new$0(51)) - 80429b0a-59fd-4cc1-aa54-c7e113f2fc75@group-C14B0A10C5D5->10709bda-d4dc-4a9c-9e19-12e8b772be2f: nextIndex: updateUnconditionally 3 -> 2
 0.00% |?                                                                                                    |  0/1 Time: 0:02:25 0.00% |?                                                                                                    |  0/1 Time: 0:02:26 0.00% |?                                                                                                    |  0/1 Time: 0:02:27 0.00% |?                                                                                                    |  0/1 Time: 0:02:28 0.00% |?                                                                                                    |  0/1 Time: 0:02:29 0.00% |?                                                                                                    |  0/1 Time: 0:02:30 0.00% |?                                                                                                    |  0/1 Time: 0:02:31 0.00% |?                                                                                                    |  0/1 Time: 0:02:32 0.00% |?                                                                                                    |  0/1 Time: 0:02:33 0.00% |?                                                                                                    |  0/1 Time: 0:02:34 0.00% |?                                                                                                    |  0/1 Time: 0:02:35 0.00% |?                                                                                                    |  0/1 Time: 0:02:36 0.00% |?                                                                                                    |  0/1 Time: 0:02:37 0.00% |?                                                                                                    |  0/1 Time: 0:02:38 0.00% |?                                                                                                    |  0/1 Time: 0:02:39 0.00% |?                                                                                                    |  0/1 Time: 0:02:40 0.00% |?                                                                                                    |  0/1 Time: 0:02:41 0.00% |?                                                                                                    |  0/1 Time: 0:02:42 0.00% |?                                                                                                    |  0/1 Time: 0:02:43 0.00% |?                                                                                                    |  0/1 Time: 0:02:44 0.00% |?                                                                                                    |  0/1 Time: 0:02:45 0.00% |?                                                                                                    |  0/1 Time: 0:02:46 0.00% |?                                                                                                    |  0/1 Time: 0:02:47 0.00% |?                                                                                                    |  0/1 Time: 0:02:48 0.00% |?                                                                                                    |  0/1 Time: 0:02:49 0.00% |?                                                                                                    |  0/1 Time: 0:02:50 0.00% |?                                                                                                    |  0/1 Time: 0:02:51 0.00% |?                                                                                                    |  0/1 Time: 0:02:52 0.00% |?                                                                                                    |  0/1 Time: 0:02:53 0.00% |?                                                                                                    |  0/1 Time: 0:02:54 0.00% |?                                                                                                    |  0/1 Time: 0:02:55 0.00% |?                                                                                                    |  0/1 Time: 0:02:56 0.00% |?                                                                                                    |  0/1 Time: 0:02:57 0.00% |?                                                                                                    |  0/1 Time: 0:02:58 0.00% |?                                                                                                    |  0/1 Time: 0:02:59 0.00% |?                                                                                                    |  0/1 Time: 0:03:00 0.00% |?                                                                                                    |  0/1 Time: 0:03:01 0.00% |?                                                                                                    |  0/1 Time: 0:03:02 0.00% |?                                                                                                    |  0/1 Time: 0:03:03 0.00% |?                                                                                                    |  0/1 Time: 0:03:04 0.00% |?                                                                                                    |  0/1 Time: 0:03:05 0.00% |?                                                                                                    |  0/1 Time: 0:03:06 0.00% |?                                                                                                    |  0/1 Time: 0:03:07 0.00% |?                                                                                                    |  0/1 Time: 0:03:08 0.00% |?                                                                                                    |  0/1 Time: 0:03:09 0.00% |?                                                                                                    |  0/1 Time: 0:03:10 0.00% |?                                                                                                    |  0/1 Time: 0:03:11 0.00% |?                                                                                                    |  0/1 Time: 0:03:12 0.00% |?                                                                                                    |  0/1 Time: 0:03:13 0.00% |?                                                                                                    |  0/1 Time: 0:03:14 0.00% |?                                                                                                    |  0/1 Time: 0:03:15 0.00% |?                                                                                                    |  0/1 Time: 0:03:16 0.00% |?                                                                                                    |  0/1 Time: 0:03:17 0.00% |?                                                                                                    |  0/1 Time: 0:03:18 0.00% |?                                                                                                    |  0/1 Time: 0:03:19 0.00% |?                                                                                                    |  0/1 Time: 0:03:20 0.00% |?                                                                                                    |  0/1 Time: 0:03:212019-10-16 22:21:19,802 [grpc-default-executor-9] INFO  impl.RaftServerProxy (RaftServerProxy.java:remove(95)) - eb983093-91d2-4010-938b-148522e57322: remove  FOLLOWER eb983093-91d2-4010-938b-148522e57322@group-03D01E5307E2:t1, leader=80429b0a-59fd-4cc1-aa54-c7e113f2fc75, voted=80429b0a-59fd-4cc1-aa54-c7e113f2fc75, raftlog=eb983093-91d2-4010-938b-148522e57322@group-03D01E5307E2-SegmentedRaftLog:OPENED:c0,f2,i2, conf=0: [80429b0a-59fd-4cc1-aa54-c7e113f2fc75:192.168.34.38:36487, 10709bda-d4dc-4a9c-9e19-12e8b772be2f:192.168.34.38:34412, eb983093-91d2-4010-938b-148522e57322:192.168.34.38:40909], old=null RUNNING
2019-10-16 22:21:19,803 [grpc-default-executor-9] INFO  impl.RaftServerImpl (RaftServerImpl.java:lambda$shutdown$3(261)) - eb983093-91d2-4010-938b-148522e57322@group-03D01E5307E2: shutdown
2019-10-16 22:21:19,804 [grpc-default-executor-9] INFO  util.JmxRegister (JmxRegister.java:unregister(73)) - Successfully un-registered JMX Bean with object name Ratis:service=RaftServer,group=group-03D01E5307E2,id=eb983093-91d2-4010-938b-148522e57322
2019-10-16 22:21:19,804 [grpc-default-executor-9] INFO  impl.RoleInfo (RoleInfo.java:shutdownFollowerState(121)) - eb983093-91d2-4010-938b-148522e57322: shutdown FollowerState
2019-10-16 22:21:19,804 [grpc-default-executor-9] INFO  impl.StateMachineUpdater (StateMachineUpdater.java:stopAndJoin(136)) - eb983093-91d2-4010-938b-148522e57322@group-03D01E5307E2-StateMachineUpdater: set stopIndex = 0
2019-10-16 22:21:19,804 [Thread-471] INFO  impl.FollowerState (FollowerState.java:run(117)) - eb983093-91d2-4010-938b-148522e57322@group-03D01E5307E2-FollowerState was interrupted: java.lang.InterruptedException: sleep interrupted
2019-10-16 22:21:19,807 [grpc-default-executor-9] INFO  impl.RaftServerImpl (ServerState.java:close(388)) - eb983093-91d2-4010-938b-148522e57322@group-03D01E5307E2: closes. applyIndex: 0
2019-10-16 22:21:19,807 [eb983093-91d2-4010-938b-148522e57322@group-03D01E5307E2-SegmentedRaftLogWorker] INFO  segmented.SegmentedRaftLogWorker (SegmentedRaftLogWorker.java:run(316)) - eb983093-91d2-4010-938b-148522e57322@group-03D01E5307E2-SegmentedRaftLogWorker was interrupted, exiting. There are 0 tasks remaining in the queue.
2019-10-16 22:21:19,809 [grpc-default-executor-9] INFO  segmented.SegmentedRaftLogWorker (SegmentedRaftLogWorker.java:close(224)) - eb983093-91d2-4010-938b-148522e57322@group-03D01E5307E2-SegmentedRaftLogWorker close()
2019-10-16 22:21:19,861 [grpc-default-executor-9] INFO  interfaces.Container (KeyValueContainer.java:flushAndSyncDB(386)) - Container 5 is synced with bcsId 0.
2019-10-16 22:21:19,862 [grpc-default-executor-9] INFO  interfaces.Container (KeyValueContainer.java:flushAndSyncDB(386)) - Container 5 is synced with bcsId 0.
2019-10-16 22:21:19,872 [EventQueue-IncrementalContainerReportForIncrementalContainerReportHandler] INFO  container.IncrementalContainerReportHandler (AbstractContainerReportHandler.java:updateContainerState(171)) - Moving container #5 to QUASI_CLOSED state, datanode eb983093-91d2-4010-938b-148522e57322{ip: 192.168.34.38, host: pr-hdds-1868-89kc4-1304904179, networkLocation: /default-rack, certSerialId: null} reported QUASI_CLOSED replica.
2019-10-16 22:21:19,881 [grpc-default-executor-9] INFO  impl.RaftServerProxy (RaftServerProxy.java:remove(95)) - 10709bda-d4dc-4a9c-9e19-12e8b772be2f: remove  FOLLOWER 10709bda-d4dc-4a9c-9e19-12e8b772be2f@group-03D01E5307E2:t1, leader=80429b0a-59fd-4cc1-aa54-c7e113f2fc75, voted=80429b0a-59fd-4cc1-aa54-c7e113f2fc75, raftlog=10709bda-d4dc-4a9c-9e19-12e8b772be2f@group-03D01E5307E2-SegmentedRaftLog:OPENED:c0,f2,i2, conf=0: [80429b0a-59fd-4cc1-aa54-c7e113f2fc75:192.168.34.38:36487, 10709bda-d4dc-4a9c-9e19-12e8b772be2f:192.168.34.38:34412, eb983093-91d2-4010-938b-148522e57322:192.168.34.38:40909], old=null RUNNING
2019-10-16 22:21:19,881 [grpc-default-executor-9] INFO  impl.RaftServerImpl (RaftServerImpl.java:lambda$shutdown$3(261)) - 10709bda-d4dc-4a9c-9e19-12e8b772be2f@group-03D01E5307E2: shutdown
2019-10-16 22:21:19,881 [grpc-default-executor-9] INFO  util.JmxRegister (JmxRegister.java:unregister(73)) - Successfully un-registered JMX Bean with object name Ratis:service=RaftServer,group=group-03D01E5307E2,id=10709bda-d4dc-4a9c-9e19-12e8b772be2f
2019-10-16 22:21:19,882 [grpc-default-executor-9] INFO  impl.RoleInfo (RoleInfo.java:shutdownFollowerState(121)) - 10709bda-d4dc-4a9c-9e19-12e8b772be2f: shutdown FollowerState
2019-10-16 22:21:19,882 [grpc-default-executor-9] INFO  impl.StateMachineUpdater (StateMachineUpdater.java:stopAndJoin(136)) - 10709bda-d4dc-4a9c-9e19-12e8b772be2f@group-03D01E5307E2-StateMachineUpdater: set stopIndex = 0
2019-10-16 22:21:19,882 [Thread-470] INFO  impl.FollowerState (FollowerState.java:run(117)) - 10709bda-d4dc-4a9c-9e19-12e8b772be2f@group-03D01E5307E2-FollowerState was interrupted: java.lang.InterruptedException: sleep interrupted
2019-10-16 22:21:19,884 [grpc-default-executor-9] INFO  impl.RaftServerImpl (ServerState.java:close(388)) - 10709bda-d4dc-4a9c-9e19-12e8b772be2f@group-03D01E5307E2: closes. applyIndex: 0
2019-10-16 22:21:19,884 [10709bda-d4dc-4a9c-9e19-12e8b772be2f@group-03D01E5307E2-SegmentedRaftLogWorker] INFO  segmented.SegmentedRaftLogWorker (SegmentedRaftLogWorker.java:run(316)) - 10709bda-d4dc-4a9c-9e19-12e8b772be2f@group-03D01E5307E2-SegmentedRaftLogWorker was interrupted, exiting. There are 0 tasks remaining in the queue.
2019-10-16 22:21:19,886 [grpc-default-executor-9] INFO  segmented.SegmentedRaftLogWorker (SegmentedRaftLogWorker.java:close(224)) - 10709bda-d4dc-4a9c-9e19-12e8b772be2f@group-03D01E5307E2-SegmentedRaftLogWorker close()
2019-10-16 22:21:19,910 [grpc-default-executor-9] INFO  interfaces.Container (KeyValueContainer.java:flushAndSyncDB(386)) - Container 5 is synced with bcsId 0.
2019-10-16 22:21:19,910 [grpc-default-executor-9] INFO  interfaces.Container (KeyValueContainer.java:flushAndSyncDB(386)) - Container 5 is synced with bcsId 0.
2019-10-16 22:21:19,926 [grpc-default-executor-9] INFO  impl.RaftServerProxy (RaftServerProxy.java:remove(95)) - 80429b0a-59fd-4cc1-aa54-c7e113f2fc75: remove    LEADER 80429b0a-59fd-4cc1-aa54-c7e113f2fc75@group-03D01E5307E2:t1, leader=80429b0a-59fd-4cc1-aa54-c7e113f2fc75, voted=80429b0a-59fd-4cc1-aa54-c7e113f2fc75, raftlog=80429b0a-59fd-4cc1-aa54-c7e113f2fc75@group-03D01E5307E2-SegmentedRaftLog:OPENED:c0,f0,i2, conf=0: [80429b0a-59fd-4cc1-aa54-c7e113f2fc75:192.168.34.38:36487, 10709bda-d4dc-4a9c-9e19-12e8b772be2f:192.168.34.38:34412, eb983093-91d2-4010-938b-148522e57322:192.168.34.38:40909], old=null RUNNING
2019-10-16 22:21:19,926 [grpc-default-executor-9] INFO  impl.RaftServerImpl (RaftServerImpl.java:lambda$shutdown$3(261)) - 80429b0a-59fd-4cc1-aa54-c7e113f2fc75@group-03D01E5307E2: shutdown
2019-10-16 22:21:19,927 [grpc-default-executor-9] INFO  util.JmxRegister (JmxRegister.java:unregister(73)) - Successfully un-registered JMX Bean with object name Ratis:service=RaftServer,group=group-03D01E5307E2,id=80429b0a-59fd-4cc1-aa54-c7e113f2fc75
2019-10-16 22:21:19,927 [grpc-default-executor-9] INFO  impl.RoleInfo (RoleInfo.java:shutdownLeaderState(104)) - 80429b0a-59fd-4cc1-aa54-c7e113f2fc75: shutdown LeaderState
2019-10-16 22:21:19,929 [grpc-default-executor-9] INFO  impl.PendingRequests (PendingRequests.java:sendNotLeaderResponses(202)) - 80429b0a-59fd-4cc1-aa54-c7e113f2fc75@group-03D01E5307E2-PendingRequests: sendNotLeaderResponses
2019-10-16 22:21:19,929 [org.apache.ratis.server.impl.LogAppender$AppenderDaemon$$Lambda$495/1222538440@5e31f90] WARN  server.GrpcLogAppender (GrpcLogAppender.java:mayWait(149)) - 80429b0a-59fd-4cc1-aa54-c7e113f2fc75@group-03D01E5307E2->10709bda-d4dc-4a9c-9e19-12e8b772be2f-GrpcLogAppender: Wait interrupted by java.lang.InterruptedException
2019-10-16 22:21:19,929 [org.apache.ratis.server.impl.LogAppender$AppenderDaemon$$Lambda$495/1222538440@342c1e7d] WARN  server.GrpcLogAppender (GrpcLogAppender.java:mayWait(149)) - 80429b0a-59fd-4cc1-aa54-c7e113f2fc75@group-03D01E5307E2->eb983093-91d2-4010-938b-148522e57322-GrpcLogAppender: Wait interrupted by java.lang.InterruptedException
2019-10-16 22:21:19,931 [grpc-default-executor-8] INFO  server.GrpcServerProtocolService (GrpcServerProtocolService.java:onCompleted(113)) - 10709bda-d4dc-4a9c-9e19-12e8b772be2f: Completed APPEND_ENTRIES, lastRequest: 80429b0a-59fd-4cc1-aa54-c7e113f2fc75->10709bda-d4dc-4a9c-9e19-12e8b772be2f#35-t1, previous=(t:1, i:2), leaderCommit=0, initializing? false, entries: <empty>
2019-10-16 22:21:19,933 [grpc-default-executor-7] INFO  server.GrpcServerProtocolService (GrpcServerProtocolService.java:onCompleted(113)) - eb983093-91d2-4010-938b-148522e57322: Completed APPEND_ENTRIES, lastRequest: 80429b0a-59fd-4cc1-aa54-c7e113f2fc75->eb983093-91d2-4010-938b-148522e57322#35-t1, previous=(t:1, i:2), leaderCommit=0, initializing? false, entries: <empty>
2019-10-16 22:21:19,941 [grpc-default-executor-7] INFO  server.GrpcLogAppender (GrpcLogAppender.java:onCompleted(308)) - 80429b0a-59fd-4cc1-aa54-c7e113f2fc75@group-03D01E5307E2->eb983093-91d2-4010-938b-148522e57322-AppendLogResponseHandler: follower responses appendEntries COMPLETED
2019-10-16 22:21:19,942 [grpc-default-executor-7] INFO  impl.FollowerInfo (FollowerInfo.java:lambda$new$0(51)) - 80429b0a-59fd-4cc1-aa54-c7e113f2fc75@group-03D01E5307E2->eb983093-91d2-4010-938b-148522e57322: nextIndex: updateUnconditionally 3 -> 2
2019-10-16 22:21:19,942 [grpc-default-executor-9] INFO  impl.StateMachineUpdater (StateMachineUpdater.java:stopAndJoin(136)) - 80429b0a-59fd-4cc1-aa54-c7e113f2fc75@group-03D01E5307E2-StateMachineUpdater: set stopIndex = 0
2019-10-16 22:21:19,949 [grpc-default-executor-9] INFO  impl.RaftServerImpl (ServerState.java:close(388)) - 80429b0a-59fd-4cc1-aa54-c7e113f2fc75@group-03D01E5307E2: closes. applyIndex: 0
2019-10-16 22:21:19,950 [grpc-default-executor-12] INFO  server.GrpcLogAppender (GrpcLogAppender.java:onCompleted(308)) - 80429b0a-59fd-4cc1-aa54-c7e113f2fc75@group-03D01E5307E2->10709bda-d4dc-4a9c-9e19-12e8b772be2f-AppendLogResponseHandler: follower responses appendEntries COMPLETED
2019-10-16 22:21:19,950 [80429b0a-59fd-4cc1-aa54-c7e113f2fc75@group-03D01E5307E2-SegmentedRaftLogWorker] INFO  segmented.SegmentedRaftLogWorker (SegmentedRaftLogWorker.java:run(316)) - 80429b0a-59fd-4cc1-aa54-c7e113f2fc75@group-03D01E5307E2-SegmentedRaftLogWorker was interrupted, exiting. There are 0 tasks remaining in the queue.
2019-10-16 22:21:19,950 [grpc-default-executor-12] INFO  impl.FollowerInfo (FollowerInfo.java:lambda$new$0(51)) - 80429b0a-59fd-4cc1-aa54-c7e113f2fc75@group-03D01E5307E2->10709bda-d4dc-4a9c-9e19-12e8b772be2f: nextIndex: updateUnconditionally 3 -> 2
2019-10-16 22:21:19,951 [grpc-default-executor-9] INFO  segmented.SegmentedRaftLogWorker (SegmentedRaftLogWorker.java:close(224)) - 80429b0a-59fd-4cc1-aa54-c7e113f2fc75@group-03D01E5307E2-SegmentedRaftLogWorker close()
2019-10-16 22:21:19,957 [RatisPipelineUtilsThread] INFO  pipeline.PipelineStateManager (PipelineStateManager.java:removePipeline(108)) - Pipeline Pipeline[ Id: df106c32-8900-4d50-84c6-03d01e5307e2, Nodes: eb983093-91d2-4010-938b-148522e57322{ip: 192.168.34.38, host: pr-hdds-1868-89kc4-1304904179, networkLocation: /default-rack, certSerialId: null}10709bda-d4dc-4a9c-9e19-12e8b772be2f{ip: 192.168.34.38, host: pr-hdds-1868-89kc4-1304904179, networkLocation: /default-rack, certSerialId: null}80429b0a-59fd-4cc1-aa54-c7e113f2fc75{ip: 192.168.34.38, host: pr-hdds-1868-89kc4-1304904179, networkLocation: /default-rack, certSerialId: null}, Type:RATIS, Factor:THREE, State:CLOSED] removed from db
2019-10-16 22:21:19,963 [grpc-default-executor-9] INFO  impl.RaftServerProxy (RaftServerProxy.java:remove(95)) - eb983093-91d2-4010-938b-148522e57322: remove group-03D01E5307E2:null
2019-10-16 22:21:19,968 [RatisPipelineUtilsThread] WARN  pipeline.RatisPipelineUtils (RatisPipelineUtils.java:destroyPipeline(69)) - Pipeline destroy failed for pipeline=PipelineID=df106c32-8900-4d50-84c6-03d01e5307e2 dn=eb983093-91d2-4010-938b-148522e57322{ip: 192.168.34.38, host: pr-hdds-1868-89kc4-1304904179, networkLocation: /default-rack, certSerialId: null}
2019-10-16 22:21:19,974 [grpc-default-executor-9] INFO  impl.RaftServerProxy (RaftServerProxy.java:remove(95)) - 10709bda-d4dc-4a9c-9e19-12e8b772be2f: remove group-03D01E5307E2:null
2019-10-16 22:21:19,979 [RatisPipelineUtilsThread] WARN  pipeline.RatisPipelineUtils (RatisPipelineUtils.java:destroyPipeline(69)) - Pipeline destroy failed for pipeline=PipelineID=df106c32-8900-4d50-84c6-03d01e5307e2 dn=10709bda-d4dc-4a9c-9e19-12e8b772be2f{ip: 192.168.34.38, host: pr-hdds-1868-89kc4-1304904179, networkLocation: /default-rack, certSerialId: null}
2019-10-16 22:21:19,984 [grpc-default-executor-9] INFO  impl.RaftServerProxy (RaftServerProxy.java:remove(95)) - 80429b0a-59fd-4cc1-aa54-c7e113f2fc75: remove group-03D01E5307E2:null
2019-10-16 22:21:19,990 [RatisPipelineUtilsThread] WARN  pipeline.RatisPipelineUtils (RatisPipelineUtils.java:destroyPipeline(69)) - Pipeline destroy failed for pipeline=PipelineID=df106c32-8900-4d50-84c6-03d01e5307e2 dn=80429b0a-59fd-4cc1-aa54-c7e113f2fc75{ip: 192.168.34.38, host: pr-hdds-1868-89kc4-1304904179, networkLocation: /default-rack, certSerialId: null}
2019-10-16 22:21:19,990 [RatisPipelineUtilsThread] ERROR pipeline.SCMPipelineManager (Scheduler.java:lambda$schedule$1(70)) - Destroy pipeline failed for pipeline:Pipeline[ Id: df106c32-8900-4d50-84c6-03d01e5307e2, Nodes: eb983093-91d2-4010-938b-148522e57322{ip: 192.168.34.38, host: pr-hdds-1868-89kc4-1304904179, networkLocation: /default-rack, certSerialId: null}10709bda-d4dc-4a9c-9e19-12e8b772be2f{ip: 192.168.34.38, host: pr-hdds-1868-89kc4-1304904179, networkLocation: /default-rack, certSerialId: null}80429b0a-59fd-4cc1-aa54-c7e113f2fc75{ip: 192.168.34.38, host: pr-hdds-1868-89kc4-1304904179, networkLocation: /default-rack, certSerialId: null}, Type:RATIS, Factor:THREE, State:CLOSED]
org.apache.hadoop.hdds.scm.pipeline.PipelineNotFoundException: PipelineID=df106c32-8900-4d50-84c6-03d01e5307e2 not found
	at org.apache.hadoop.hdds.scm.pipeline.PipelineStateMap.getPipeline(PipelineStateMap.java:132)
	at org.apache.hadoop.hdds.scm.pipeline.PipelineStateMap.removePipeline(PipelineStateMap.java:322)
	at org.apache.hadoop.hdds.scm.pipeline.PipelineStateManager.removePipeline(PipelineStateManager.java:107)
	at org.apache.hadoop.hdds.scm.pipeline.SCMPipelineManager.removePipeline(SCMPipelineManager.java:427)
	at org.apache.hadoop.hdds.scm.pipeline.SCMPipelineManager.destroyPipeline(SCMPipelineManager.java:413)
	at org.apache.hadoop.hdds.scm.pipeline.SCMPipelineManager.lambda$finalizeAndDestroyPipeline$0(SCMPipelineManager.java:322)
	at org.apache.hadoop.hdds.utils.Scheduler.lambda$schedule$1(Scheduler.java:68)
	at java.util.concurrent.Executors$RunnableAdapter.call(Executors.java:511)
	at java.util.concurrent.FutureTask.run(FutureTask.java:266)
	at java.util.concurrent.ScheduledThreadPoolExecutor$ScheduledFutureTask.access$201(ScheduledThreadPoolExecutor.java:180)
	at java.util.concurrent.ScheduledThreadPoolExecutor$ScheduledFutureTask.run(ScheduledThreadPoolExecutor.java:293)
	at java.util.concurrent.ThreadPoolExecutor.runWorker(ThreadPoolExecutor.java:1149)
	at java.util.concurrent.ThreadPoolExecutor$Worker.run(ThreadPoolExecutor.java:624)
	at java.lang.Thread.run(Thread.java:748)
2019-10-16 22:21:19,999 [grpc-default-executor-12] INFO  impl.RaftServerProxy (RaftServerProxy.java:addNew(89)) - 10709bda-d4dc-4a9c-9e19-12e8b772be2f: addNew group-3F44BD8069CF:[80429b0a-59fd-4cc1-aa54-c7e113f2fc75:192.168.34.38:36487, 10709bda-d4dc-4a9c-9e19-12e8b772be2f:192.168.34.38:34412, eb983093-91d2-4010-938b-148522e57322:192.168.34.38:40909] returns group-3F44BD8069CF:java.util.concurrent.CompletableFuture@de4b548[Not completed]
2019-10-16 22:21:20,005 [grpc-default-executor-11] INFO  impl.RaftServerProxy (RaftServerProxy.java:addNew(89)) - 80429b0a-59fd-4cc1-aa54-c7e113f2fc75: addNew group-3F44BD8069CF:[80429b0a-59fd-4cc1-aa54-c7e113f2fc75:192.168.34.38:36487, 10709bda-d4dc-4a9c-9e19-12e8b772be2f:192.168.34.38:34412, eb983093-91d2-4010-938b-148522e57322:192.168.34.38:40909] returns group-3F44BD8069CF:java.util.concurrent.CompletableFuture@322ebf2[Not completed]
2019-10-16 22:21:20,006 [grpc-default-executor-12] INFO  impl.RaftServerProxy (RaftServerProxy.java:addNew(89)) - eb983093-91d2-4010-938b-148522e57322: addNew group-3F44BD8069CF:[80429b0a-59fd-4cc1-aa54-c7e113f2fc75:192.168.34.38:36487, 10709bda-d4dc-4a9c-9e19-12e8b772be2f:192.168.34.38:34412, eb983093-91d2-4010-938b-148522e57322:192.168.34.38:40909] returns group-3F44BD8069CF:java.util.concurrent.CompletableFuture@9db202c[Not completed]
2019-10-16 22:21:20,008 [pool-47-thread-1] INFO  impl.RaftServerImpl (RaftServerImpl.java:<init>(104)) - 10709bda-d4dc-4a9c-9e19-12e8b772be2f: new RaftServerImpl for group-3F44BD8069CF:[80429b0a-59fd-4cc1-aa54-c7e113f2fc75:192.168.34.38:36487, 10709bda-d4dc-4a9c-9e19-12e8b772be2f:192.168.34.38:34412, eb983093-91d2-4010-938b-148522e57322:192.168.34.38:40909] with ContainerStateMachine:uninitialized
2019-10-16 22:21:20,009 [pool-47-thread-1] INFO  server.RaftServerConfigKeys (ConfUtils.java:logGet(43)) - raft.server.rpc.timeout.min = 5s (custom)
2019-10-16 22:21:20,009 [pool-47-thread-1] INFO  server.RaftServerConfigKeys (ConfUtils.java:logGet(43)) - raft.server.rpc.timeout.max = 5200ms (custom)
2019-10-16 22:21:20,009 [pool-47-thread-1] INFO  server.RaftServerConfigKeys (ConfUtils.java:logGet(43)) - raft.server.rpcslowness.timeout = 120s (custom)
2019-10-16 22:21:20,009 [pool-47-thread-1] INFO  server.RaftServerConfigKeys (ConfUtils.java:logGet(43)) - raft.server.sleep.deviation.threshold = 300 (default)
2019-10-16 22:21:20,009 [pool-57-thread-1] INFO  impl.RaftServerImpl (RaftServerImpl.java:<init>(104)) - eb983093-91d2-4010-938b-148522e57322: new RaftServerImpl for group-3F44BD8069CF:[80429b0a-59fd-4cc1-aa54-c7e113f2fc75:192.168.34.38:36487, 10709bda-d4dc-4a9c-9e19-12e8b772be2f:192.168.34.38:34412, eb983093-91d2-4010-938b-148522e57322:192.168.34.38:40909] with ContainerStateMachine:uninitialized
2019-10-16 22:21:20,009 [pool-47-thread-1] INFO  server.RaftServerConfigKeys (ConfUtils.java:logGet(43)) - raft.server.log.appender.install.snapshot.enabled = false (custom)
2019-10-16 22:21:20,009 [pool-57-thread-1] INFO  server.RaftServerConfigKeys (ConfUtils.java:logGet(43)) - raft.server.rpc.timeout.min = 5s (custom)
2019-10-16 22:21:20,009 [pool-47-thread-1] INFO  impl.RaftServerImpl (ServerState.java:<init>(103)) - 10709bda-d4dc-4a9c-9e19-12e8b772be2f@group-3F44BD8069CF: ConfigurationManager, init=-1: [80429b0a-59fd-4cc1-aa54-c7e113f2fc75:192.168.34.38:36487, 10709bda-d4dc-4a9c-9e19-12e8b772be2f:192.168.34.38:34412, eb983093-91d2-4010-938b-148522e57322:192.168.34.38:40909], old=null, confs=<EMPTY_MAP>
2019-10-16 22:21:20,009 [pool-57-thread-1] INFO  server.RaftServerConfigKeys (ConfUtils.java:logGet(43)) - raft.server.rpc.timeout.max = 5200ms (custom)
2019-10-16 22:21:20,009 [pool-57-thread-1] INFO  server.RaftServerConfigKeys (ConfUtils.java:logGet(43)) - raft.server.rpcslowness.timeout = 120s (custom)
2019-10-16 22:21:20,009 [pool-47-thread-1] INFO  server.RaftServerConfigKeys (ConfUtils.java:logGet(43)) - raft.server.storage.dir = [/workdir/hadoop-ozone/tools/target/test-dir/MiniOzoneClusterImpl-2609620e-65e0-43e8-b03a-743983bb73b4/datanode-2/data/ratis] (custom)
2019-10-16 22:21:20,009 [pool-57-thread-1] INFO  server.RaftServerConfigKeys (ConfUtils.java:logGet(43)) - raft.server.sleep.deviation.threshold = 300 (default)
2019-10-16 22:21:20,010 [pool-57-thread-1] INFO  server.RaftServerConfigKeys (ConfUtils.java:logGet(43)) - raft.server.log.appender.install.snapshot.enabled = false (custom)
2019-10-16 22:21:20,010 [pool-67-thread-1] INFO  impl.RaftServerImpl (RaftServerImpl.java:<init>(104)) - 80429b0a-59fd-4cc1-aa54-c7e113f2fc75: new RaftServerImpl for group-3F44BD8069CF:[80429b0a-59fd-4cc1-aa54-c7e113f2fc75:192.168.34.38:36487, 10709bda-d4dc-4a9c-9e19-12e8b772be2f:192.168.34.38:34412, eb983093-91d2-4010-938b-148522e57322:192.168.34.38:40909] with ContainerStateMachine:uninitialized
2019-10-16 22:21:20,010 [pool-47-thread-1] INFO  server.RaftServerConfigKeys (ConfUtils.java:logGet(43)) - raft.server.log.corruption.policy = EXCEPTION (default)
2019-10-16 22:21:20,010 [pool-57-thread-1] INFO  impl.RaftServerImpl (ServerState.java:<init>(103)) - eb983093-91d2-4010-938b-148522e57322@group-3F44BD8069CF: ConfigurationManager, init=-1: [80429b0a-59fd-4cc1-aa54-c7e113f2fc75:192.168.34.38:36487, 10709bda-d4dc-4a9c-9e19-12e8b772be2f:192.168.34.38:34412, eb983093-91d2-4010-938b-148522e57322:192.168.34.38:40909], old=null, confs=<EMPTY_MAP>
2019-10-16 22:21:20,010 [pool-67-thread-1] INFO  server.RaftServerConfigKeys (ConfUtils.java:logGet(43)) - raft.server.rpc.timeout.min = 5s (custom)
2019-10-16 22:21:20,010 [pool-47-thread-1] INFO  storage.RaftStorageDirectory (RaftStorageDirectory.java:analyzeStorage(246)) - The storage directory /workdir/hadoop-ozone/tools/target/test-dir/MiniOzoneClusterImpl-2609620e-65e0-43e8-b03a-743983bb73b4/datanode-2/data/ratis/6315bbe3-dd18-4119-ab22-3f44bd8069cf does not exist. Creating ...
2019-10-16 22:21:20,010 [pool-57-thread-1] INFO  server.RaftServerConfigKeys (ConfUtils.java:logGet(43)) - raft.server.storage.dir = [/workdir/hadoop-ozone/tools/target/test-dir/MiniOzoneClusterImpl-2609620e-65e0-43e8-b03a-743983bb73b4/datanode-3/data/ratis] (custom)
2019-10-16 22:21:20,010 [pool-67-thread-1] INFO  server.RaftServerConfigKeys (ConfUtils.java:logGet(43)) - raft.server.rpc.timeout.max = 5200ms (custom)
2019-10-16 22:21:20,010 [pool-67-thread-1] INFO  server.RaftServerConfigKeys (ConfUtils.java:logGet(43)) - raft.server.rpcslowness.timeout = 120s (custom)
2019-10-16 22:21:20,010 [pool-57-thread-1] INFO  server.RaftServerConfigKeys (ConfUtils.java:logGet(43)) - raft.server.log.corruption.policy = EXCEPTION (default)
2019-10-16 22:21:20,010 [pool-67-thread-1] INFO  server.RaftServerConfigKeys (ConfUtils.java:logGet(43)) - raft.server.sleep.deviation.threshold = 300 (default)
2019-10-16 22:21:20,011 [pool-57-thread-1] INFO  storage.RaftStorageDirectory (RaftStorageDirectory.java:analyzeStorage(246)) - The storage directory /workdir/hadoop-ozone/tools/target/test-dir/MiniOzoneClusterImpl-2609620e-65e0-43e8-b03a-743983bb73b4/datanode-3/data/ratis/6315bbe3-dd18-4119-ab22-3f44bd8069cf does not exist. Creating ...
2019-10-16 22:21:20,011 [pool-67-thread-1] INFO  server.RaftServerConfigKeys (ConfUtils.java:logGet(43)) - raft.server.log.appender.install.snapshot.enabled = false (custom)
2019-10-16 22:21:20,011 [pool-67-thread-1] INFO  impl.RaftServerImpl (ServerState.java:<init>(103)) - 80429b0a-59fd-4cc1-aa54-c7e113f2fc75@group-3F44BD8069CF: ConfigurationManager, init=-1: [80429b0a-59fd-4cc1-aa54-c7e113f2fc75:192.168.34.38:36487, 10709bda-d4dc-4a9c-9e19-12e8b772be2f:192.168.34.38:34412, eb983093-91d2-4010-938b-148522e57322:192.168.34.38:40909], old=null, confs=<EMPTY_MAP>
2019-10-16 22:21:20,011 [pool-67-thread-1] INFO  server.RaftServerConfigKeys (ConfUtils.java:logGet(43)) - raft.server.storage.dir = [/workdir/hadoop-ozone/tools/target/test-dir/MiniOzoneClusterImpl-2609620e-65e0-43e8-b03a-743983bb73b4/datanode-4/data/ratis] (custom)
2019-10-16 22:21:20,011 [pool-67-thread-1] INFO  server.RaftServerConfigKeys (ConfUtils.java:logGet(43)) - raft.server.log.corruption.policy = EXCEPTION (default)
2019-10-16 22:21:20,011 [pool-67-thread-1] INFO  storage.RaftStorageDirectory (RaftStorageDirectory.java:analyzeStorage(246)) - The storage directory /workdir/hadoop-ozone/tools/target/test-dir/MiniOzoneClusterImpl-2609620e-65e0-43e8-b03a-743983bb73b4/datanode-4/data/ratis/6315bbe3-dd18-4119-ab22-3f44bd8069cf does not exist. Creating ...
2019-10-16 22:21:20,038 [pool-47-thread-1] INFO  storage.RaftStorageDirectory (RaftStorageDirectory.java:tryLock(328)) - Lock on /workdir/hadoop-ozone/tools/target/test-dir/MiniOzoneClusterImpl-2609620e-65e0-43e8-b03a-743983bb73b4/datanode-2/data/ratis/6315bbe3-dd18-4119-ab22-3f44bd8069cf/in_use.lock acquired by nodename 31979@pr-hdds-1868-89kc4-1304904179
2019-10-16 22:21:20,038 [pool-67-thread-1] INFO  storage.RaftStorageDirectory (RaftStorageDirectory.java:tryLock(328)) - Lock on /workdir/hadoop-ozone/tools/target/test-dir/MiniOzoneClusterImpl-2609620e-65e0-43e8-b03a-743983bb73b4/datanode-4/data/ratis/6315bbe3-dd18-4119-ab22-3f44bd8069cf/in_use.lock acquired by nodename 31979@pr-hdds-1868-89kc4-1304904179
2019-10-16 22:21:20,038 [pool-57-thread-1] INFO  storage.RaftStorageDirectory (RaftStorageDirectory.java:tryLock(328)) - Lock on /workdir/hadoop-ozone/tools/target/test-dir/MiniOzoneClusterImpl-2609620e-65e0-43e8-b03a-743983bb73b4/datanode-3/data/ratis/6315bbe3-dd18-4119-ab22-3f44bd8069cf/in_use.lock acquired by nodename 31979@pr-hdds-1868-89kc4-1304904179
 0.00% |?                                                                                                    |  0/1 Time: 0:03:222019-10-16 22:21:20,063 [pool-67-thread-1] INFO  storage.RaftStorage (RaftStorage.java:format(84)) - Storage directory /workdir/hadoop-ozone/tools/target/test-dir/MiniOzoneClusterImpl-2609620e-65e0-43e8-b03a-743983bb73b4/datanode-4/data/ratis/6315bbe3-dd18-4119-ab22-3f44bd8069cf has been successfully formatted.
2019-10-16 22:21:20,063 [pool-47-thread-1] INFO  storage.RaftStorage (RaftStorage.java:format(84)) - Storage directory /workdir/hadoop-ozone/tools/target/test-dir/MiniOzoneClusterImpl-2609620e-65e0-43e8-b03a-743983bb73b4/datanode-2/data/ratis/6315bbe3-dd18-4119-ab22-3f44bd8069cf has been successfully formatted.
2019-10-16 22:21:20,063 [pool-57-thread-1] INFO  storage.RaftStorage (RaftStorage.java:format(84)) - Storage directory /workdir/hadoop-ozone/tools/target/test-dir/MiniOzoneClusterImpl-2609620e-65e0-43e8-b03a-743983bb73b4/datanode-3/data/ratis/6315bbe3-dd18-4119-ab22-3f44bd8069cf has been successfully formatted.
2019-10-16 22:21:20,063 [pool-47-thread-1] INFO  ratis.ContainerStateMachine (ContainerStateMachine.java:loadSnapshot(233)) - group-3F44BD8069CF: The snapshot info is null. Setting the last applied indexto:(t:0, i:~)
2019-10-16 22:21:20,063 [pool-67-thread-1] INFO  ratis.ContainerStateMachine (ContainerStateMachine.java:loadSnapshot(233)) - group-3F44BD8069CF: The snapshot info is null. Setting the last applied indexto:(t:0, i:~)
2019-10-16 22:21:20,064 [pool-47-thread-1] INFO  server.RaftServerConfigKeys (ConfUtils.java:logGet(43)) - raft.server.notification.no-leader.timeout = 120s (custom)
2019-10-16 22:21:20,064 [pool-57-thread-1] INFO  ratis.ContainerStateMachine (ContainerStateMachine.java:loadSnapshot(233)) - group-3F44BD8069CF: The snapshot info is null. Setting the last applied indexto:(t:0, i:~)
2019-10-16 22:21:20,064 [pool-47-thread-1] INFO  server.RaftServerConfigKeys (ConfUtils.java:logGet(43)) - raft.server.log.use.memory = false (default)
2019-10-16 22:21:20,064 [pool-67-thread-1] INFO  server.RaftServerConfigKeys (ConfUtils.java:logGet(43)) - raft.server.notification.no-leader.timeout = 120s (custom)
2019-10-16 22:21:20,064 [pool-57-thread-1] INFO  server.RaftServerConfigKeys (ConfUtils.java:logGet(43)) - raft.server.notification.no-leader.timeout = 120s (custom)
2019-10-16 22:21:20,064 [pool-47-thread-1] INFO  server.RaftServerConfigKeys (ConfUtils.java:logGet(43)) - raft.server.log.purge.gap = 1000000 (custom)
2019-10-16 22:21:20,064 [pool-67-thread-1] INFO  server.RaftServerConfigKeys (ConfUtils.java:logGet(43)) - raft.server.log.use.memory = false (default)
2019-10-16 22:21:20,065 [pool-47-thread-1] INFO  server.RaftServerConfigKeys (ConfUtils.java:logGet(43)) - raft.server.log.appender.buffer.byte-limit = 33554432 (custom)
2019-10-16 22:21:20,064 [pool-57-thread-1] INFO  server.RaftServerConfigKeys (ConfUtils.java:logGet(43)) - raft.server.log.use.memory = false (default)
2019-10-16 22:21:20,065 [pool-47-thread-1] INFO  server.RaftServerConfigKeys (ConfUtils.java:logGet(43)) - raft.server.log.segment.size.max = 1048576 (custom)
2019-10-16 22:21:20,065 [pool-67-thread-1] INFO  server.RaftServerConfigKeys (ConfUtils.java:logGet(43)) - raft.server.log.purge.gap = 1000000 (custom)
2019-10-16 22:21:20,065 [pool-57-thread-1] INFO  server.RaftServerConfigKeys (ConfUtils.java:logGet(43)) - raft.server.log.purge.gap = 1000000 (custom)
2019-10-16 22:21:20,065 [pool-47-thread-1] INFO  server.RaftServerConfigKeys (ConfUtils.java:logGet(43)) - raft.server.log.segment.cache.num.max = 2 (custom)
2019-10-16 22:21:20,065 [pool-67-thread-1] INFO  server.RaftServerConfigKeys (ConfUtils.java:logGet(43)) - raft.server.log.appender.buffer.byte-limit = 33554432 (custom)
2019-10-16 22:21:20,066 [pool-47-thread-1] INFO  segmented.SegmentedRaftLogWorker (SegmentedRaftLogWorker.java:<init>(173)) - new 10709bda-d4dc-4a9c-9e19-12e8b772be2f@group-3F44BD8069CF-SegmentedRaftLogWorker for RaftStorage:Storage Directory /workdir/hadoop-ozone/tools/target/test-dir/MiniOzoneClusterImpl-2609620e-65e0-43e8-b03a-743983bb73b4/datanode-2/data/ratis/6315bbe3-dd18-4119-ab22-3f44bd8069cf
2019-10-16 22:21:20,065 [pool-57-thread-1] INFO  server.RaftServerConfigKeys (ConfUtils.java:logGet(43)) - raft.server.log.appender.buffer.byte-limit = 33554432 (custom)
2019-10-16 22:21:20,066 [pool-47-thread-1] INFO  server.RaftServerConfigKeys (ConfUtils.java:logGet(43)) - raft.server.log.queue.byte-limit = 2147483647 (custom)
2019-10-16 22:21:20,066 [pool-67-thread-1] INFO  server.RaftServerConfigKeys (ConfUtils.java:logGet(43)) - raft.server.log.segment.size.max = 1048576 (custom)
2019-10-16 22:21:20,066 [pool-47-thread-1] INFO  server.RaftServerConfigKeys (ConfUtils.java:logGet(43)) - raft.server.log.queue.element-limit = 1024 (custom)
2019-10-16 22:21:20,066 [pool-57-thread-1] INFO  server.RaftServerConfigKeys (ConfUtils.java:logGet(43)) - raft.server.log.segment.size.max = 1048576 (custom)
2019-10-16 22:21:20,066 [pool-47-thread-1] INFO  server.RaftServerConfigKeys (ConfUtils.java:logGet(43)) - raft.server.log.segment.size.max = 1048576 (custom)
2019-10-16 22:21:20,066 [pool-67-thread-1] INFO  server.RaftServerConfigKeys (ConfUtils.java:logGet(43)) - raft.server.log.segment.cache.num.max = 2 (custom)
2019-10-16 22:21:20,067 [pool-47-thread-1] INFO  server.RaftServerConfigKeys (ConfUtils.java:logGet(43)) - raft.server.log.preallocated.size = 16384 (custom)
2019-10-16 22:21:20,066 [pool-57-thread-1] INFO  server.RaftServerConfigKeys (ConfUtils.java:logGet(43)) - raft.server.log.segment.cache.num.max = 2 (custom)
2019-10-16 22:21:20,067 [pool-47-thread-1] INFO  server.RaftServerConfigKeys (ConfUtils.java:logGet(43)) - raft.server.log.write.buffer.size = 33554432 (custom)
2019-10-16 22:21:20,067 [pool-67-thread-1] INFO  segmented.SegmentedRaftLogWorker (SegmentedRaftLogWorker.java:<init>(173)) - new 80429b0a-59fd-4cc1-aa54-c7e113f2fc75@group-3F44BD8069CF-SegmentedRaftLogWorker for RaftStorage:Storage Directory /workdir/hadoop-ozone/tools/target/test-dir/MiniOzoneClusterImpl-2609620e-65e0-43e8-b03a-743983bb73b4/datanode-4/data/ratis/6315bbe3-dd18-4119-ab22-3f44bd8069cf
2019-10-16 22:21:20,067 [pool-47-thread-1] INFO  server.RaftServerConfigKeys (ConfUtils.java:logGet(43)) - raft.server.log.force.sync.num = 128 (default)
2019-10-16 22:21:20,067 [pool-57-thread-1] INFO  segmented.SegmentedRaftLogWorker (SegmentedRaftLogWorker.java:<init>(173)) - new eb983093-91d2-4010-938b-148522e57322@group-3F44BD8069CF-SegmentedRaftLogWorker for RaftStorage:Storage Directory /workdir/hadoop-ozone/tools/target/test-dir/MiniOzoneClusterImpl-2609620e-65e0-43e8-b03a-743983bb73b4/datanode-3/data/ratis/6315bbe3-dd18-4119-ab22-3f44bd8069cf
2019-10-16 22:21:20,067 [pool-47-thread-1] INFO  server.RaftServerConfigKeys (ConfUtils.java:logGet(43)) - raft.server.log.statemachine.data.sync = true (default)
2019-10-16 22:21:20,067 [pool-67-thread-1] INFO  server.RaftServerConfigKeys (ConfUtils.java:logGet(43)) - raft.server.log.queue.byte-limit = 2147483647 (custom)
2019-10-16 22:21:20,068 [pool-47-thread-1] INFO  server.RaftServerConfigKeys (ConfUtils.java:logGet(43)) - raft.server.log.statemachine.data.sync.timeout = 10s (default)
2019-10-16 22:21:20,067 [pool-57-thread-1] INFO  server.RaftServerConfigKeys (ConfUtils.java:logGet(43)) - raft.server.log.queue.byte-limit = 2147483647 (custom)
2019-10-16 22:21:20,068 [pool-47-thread-1] INFO  server.RaftServerConfigKeys (ConfUtils.java:logGet(43)) - raft.server.log.statemachine.data.sync.timeout.retry = -1 (default)
2019-10-16 22:21:20,068 [pool-67-thread-1] INFO  server.RaftServerConfigKeys (ConfUtils.java:logGet(43)) - raft.server.log.queue.element-limit = 1024 (custom)
2019-10-16 22:21:20,068 [pool-57-thread-1] INFO  server.RaftServerConfigKeys (ConfUtils.java:logGet(43)) - raft.server.log.queue.element-limit = 1024 (custom)
2019-10-16 22:21:20,068 [pool-47-thread-1] INFO  server.RaftServerConfigKeys (ConfUtils.java:logGet(43)) - raft.server.log.statemachine.data.caching.enabled = true (custom)
2019-10-16 22:21:20,068 [pool-67-thread-1] INFO  server.RaftServerConfigKeys (ConfUtils.java:logGet(43)) - raft.server.log.segment.size.max = 1048576 (custom)
2019-10-16 22:21:20,068 [pool-57-thread-1] INFO  server.RaftServerConfigKeys (ConfUtils.java:logGet(43)) - raft.server.log.segment.size.max = 1048576 (custom)
2019-10-16 22:21:20,069 [pool-67-thread-1] INFO  server.RaftServerConfigKeys (ConfUtils.java:logGet(43)) - raft.server.log.preallocated.size = 16384 (custom)
2019-10-16 22:21:20,069 [pool-57-thread-1] INFO  server.RaftServerConfigKeys (ConfUtils.java:logGet(43)) - raft.server.log.preallocated.size = 16384 (custom)
2019-10-16 22:21:20,069 [pool-47-thread-1] INFO  segmented.SegmentedRaftLogWorker (SegmentedRaftLogWorker.java:lambda$new$0(128)) - 10709bda-d4dc-4a9c-9e19-12e8b772be2f@group-3F44BD8069CF-SegmentedRaftLogWorker: flushIndex: setUnconditionally 0 -> -1
2019-10-16 22:21:20,069 [pool-67-thread-1] INFO  server.RaftServerConfigKeys (ConfUtils.java:logGet(43)) - raft.server.log.write.buffer.size = 33554432 (custom)
2019-10-16 22:21:20,069 [pool-57-thread-1] INFO  server.RaftServerConfigKeys (ConfUtils.java:logGet(43)) - raft.server.log.write.buffer.size = 33554432 (custom)
2019-10-16 22:21:20,069 [pool-67-thread-1] INFO  server.RaftServerConfigKeys (ConfUtils.java:logGet(43)) - raft.server.log.force.sync.num = 128 (default)
2019-10-16 22:21:20,069 [pool-57-thread-1] INFO  server.RaftServerConfigKeys (ConfUtils.java:logGet(43)) - raft.server.log.force.sync.num = 128 (default)
2019-10-16 22:21:20,070 [pool-47-thread-1] INFO  server.RaftServerConfigKeys (ConfUtils.java:logGet(43)) - raft.server.snapshot.auto.trigger.enabled = true (custom)
2019-10-16 22:21:20,069 [pool-67-thread-1] INFO  server.RaftServerConfigKeys (ConfUtils.java:logGet(43)) - raft.server.log.statemachine.data.sync = true (default)
2019-10-16 22:21:20,070 [pool-47-thread-1] INFO  server.RaftServerConfigKeys (ConfUtils.java:logGet(43)) - raft.server.snapshot.auto.trigger.threshold = 10000 (custom)
2019-10-16 22:21:20,070 [pool-57-thread-1] INFO  server.RaftServerConfigKeys (ConfUtils.java:logGet(43)) - raft.server.log.statemachine.data.sync = true (default)
2019-10-16 22:21:20,070 [pool-47-thread-1] INFO  server.RaftServerConfigKeys (ConfUtils.java:logGet(43)) - raft.server.snapshot.retention.file.num = 5 (custom)
2019-10-16 22:21:20,070 [pool-67-thread-1] INFO  server.RaftServerConfigKeys (ConfUtils.java:logGet(43)) - raft.server.log.statemachine.data.sync.timeout = 10s (default)
2019-10-16 22:21:20,070 [pool-57-thread-1] INFO  server.RaftServerConfigKeys (ConfUtils.java:logGet(43)) - raft.server.log.statemachine.data.sync.timeout = 10s (default)
2019-10-16 22:21:20,070 [pool-47-thread-1] INFO  server.RaftServerConfigKeys (ConfUtils.java:logGet(43)) - raft.server.retrycache.expirytime = 600000ms (custom)
2019-10-16 22:21:20,070 [pool-67-thread-1] INFO  server.RaftServerConfigKeys (ConfUtils.java:logGet(43)) - raft.server.log.statemachine.data.sync.timeout.retry = -1 (default)
2019-10-16 22:21:20,070 [pool-57-thread-1] INFO  server.RaftServerConfigKeys (ConfUtils.java:logGet(43)) - raft.server.log.statemachine.data.sync.timeout.retry = -1 (default)
2019-10-16 22:21:20,071 [pool-67-thread-1] INFO  server.RaftServerConfigKeys (ConfUtils.java:logGet(43)) - raft.server.log.statemachine.data.caching.enabled = true (custom)
2019-10-16 22:21:20,071 [pool-57-thread-1] INFO  server.RaftServerConfigKeys (ConfUtils.java:logGet(43)) - raft.server.log.statemachine.data.caching.enabled = true (custom)
2019-10-16 22:21:20,071 [pool-67-thread-1] INFO  segmented.SegmentedRaftLogWorker (SegmentedRaftLogWorker.java:lambda$new$0(128)) - 80429b0a-59fd-4cc1-aa54-c7e113f2fc75@group-3F44BD8069CF-SegmentedRaftLogWorker: flushIndex: setUnconditionally 0 -> -1
2019-10-16 22:21:20,071 [pool-67-thread-1] INFO  server.RaftServerConfigKeys (ConfUtils.java:logGet(43)) - raft.server.snapshot.auto.trigger.enabled = true (custom)
2019-10-16 22:21:20,071 [pool-57-thread-1] INFO  segmented.SegmentedRaftLogWorker (SegmentedRaftLogWorker.java:lambda$new$0(128)) - eb983093-91d2-4010-938b-148522e57322@group-3F44BD8069CF-SegmentedRaftLogWorker: flushIndex: setUnconditionally 0 -> -1
2019-10-16 22:21:20,071 [pool-67-thread-1] INFO  server.RaftServerConfigKeys (ConfUtils.java:logGet(43)) - raft.server.snapshot.auto.trigger.threshold = 10000 (custom)
2019-10-16 22:21:20,072 [pool-67-thread-1] INFO  server.RaftServerConfigKeys (ConfUtils.java:logGet(43)) - raft.server.snapshot.retention.file.num = 5 (custom)
2019-10-16 22:21:20,072 [pool-57-thread-1] INFO  server.RaftServerConfigKeys (ConfUtils.java:logGet(43)) - raft.server.snapshot.auto.trigger.enabled = true (custom)
2019-10-16 22:21:20,072 [pool-67-thread-1] INFO  server.RaftServerConfigKeys (ConfUtils.java:logGet(43)) - raft.server.retrycache.expirytime = 600000ms (custom)
2019-10-16 22:21:20,072 [pool-57-thread-1] INFO  server.RaftServerConfigKeys (ConfUtils.java:logGet(43)) - raft.server.snapshot.auto.trigger.threshold = 10000 (custom)
2019-10-16 22:21:20,072 [pool-57-thread-1] INFO  server.RaftServerConfigKeys (ConfUtils.java:logGet(43)) - raft.server.snapshot.retention.file.num = 5 (custom)
2019-10-16 22:21:20,072 [pool-57-thread-1] INFO  server.RaftServerConfigKeys (ConfUtils.java:logGet(43)) - raft.server.retrycache.expirytime = 600000ms (custom)
2019-10-16 22:21:20,076 [pool-67-thread-1] INFO  impl.RaftServerImpl (RaftServerImpl.java:start(195)) - 80429b0a-59fd-4cc1-aa54-c7e113f2fc75@group-3F44BD8069CF: start as a follower, conf=-1: [80429b0a-59fd-4cc1-aa54-c7e113f2fc75:192.168.34.38:36487, 10709bda-d4dc-4a9c-9e19-12e8b772be2f:192.168.34.38:34412, eb983093-91d2-4010-938b-148522e57322:192.168.34.38:40909], old=null
2019-10-16 22:21:20,076 [pool-47-thread-1] INFO  impl.RaftServerImpl (RaftServerImpl.java:start(195)) - 10709bda-d4dc-4a9c-9e19-12e8b772be2f@group-3F44BD8069CF: start as a follower, conf=-1: [80429b0a-59fd-4cc1-aa54-c7e113f2fc75:192.168.34.38:36487, 10709bda-d4dc-4a9c-9e19-12e8b772be2f:192.168.34.38:34412, eb983093-91d2-4010-938b-148522e57322:192.168.34.38:40909], old=null
2019-10-16 22:21:20,076 [pool-67-thread-1] INFO  impl.RaftServerImpl (RaftServerImpl.java:setRole(184)) - 80429b0a-59fd-4cc1-aa54-c7e113f2fc75@group-3F44BD8069CF: changes role from      null to FOLLOWER at term 0 for startAsFollower
2019-10-16 22:21:20,076 [pool-47-thread-1] INFO  impl.RaftServerImpl (RaftServerImpl.java:setRole(184)) - 10709bda-d4dc-4a9c-9e19-12e8b772be2f@group-3F44BD8069CF: changes role from      null to FOLLOWER at term 0 for startAsFollower
2019-10-16 22:21:20,076 [pool-67-thread-1] INFO  impl.RoleInfo (RoleInfo.java:updateAndGet(143)) - 80429b0a-59fd-4cc1-aa54-c7e113f2fc75: start FollowerState
2019-10-16 22:21:20,076 [pool-47-thread-1] INFO  impl.RoleInfo (RoleInfo.java:updateAndGet(143)) - 10709bda-d4dc-4a9c-9e19-12e8b772be2f: start FollowerState
2019-10-16 22:21:20,076 [pool-57-thread-1] INFO  impl.RaftServerImpl (RaftServerImpl.java:start(195)) - eb983093-91d2-4010-938b-148522e57322@group-3F44BD8069CF: start as a follower, conf=-1: [80429b0a-59fd-4cc1-aa54-c7e113f2fc75:192.168.34.38:36487, 10709bda-d4dc-4a9c-9e19-12e8b772be2f:192.168.34.38:34412, eb983093-91d2-4010-938b-148522e57322:192.168.34.38:40909], old=null
2019-10-16 22:21:20,077 [pool-57-thread-1] INFO  impl.RaftServerImpl (RaftServerImpl.java:setRole(184)) - eb983093-91d2-4010-938b-148522e57322@group-3F44BD8069CF: changes role from      null to FOLLOWER at term 0 for startAsFollower
2019-10-16 22:21:20,077 [pool-67-thread-1] INFO  util.JmxRegister (JmxRegister.java:tryRegister(44)) - Successfully registered JMX Bean with object name Ratis:service=RaftServer,group=group-3F44BD8069CF,id=80429b0a-59fd-4cc1-aa54-c7e113f2fc75
2019-10-16 22:21:20,077 [pool-47-thread-1] INFO  util.JmxRegister (JmxRegister.java:tryRegister(44)) - Successfully registered JMX Bean with object name Ratis:service=RaftServer,group=group-3F44BD8069CF,id=10709bda-d4dc-4a9c-9e19-12e8b772be2f
2019-10-16 22:21:20,077 [pool-57-thread-1] INFO  impl.RoleInfo (RoleInfo.java:updateAndGet(143)) - eb983093-91d2-4010-938b-148522e57322: start FollowerState
2019-10-16 22:21:20,077 [pool-57-thread-1] INFO  util.JmxRegister (JmxRegister.java:tryRegister(44)) - Successfully registered JMX Bean with object name Ratis:service=RaftServer,group=group-3F44BD8069CF,id=eb983093-91d2-4010-938b-148522e57322
2019-10-16 22:21:20,088 [RatisPipelineUtilsThread] INFO  pipeline.PipelineStateManager (PipelineStateManager.java:addPipeline(57)) - Created pipeline Pipeline[ Id: 6315bbe3-dd18-4119-ab22-3f44bd8069cf, Nodes: eb983093-91d2-4010-938b-148522e57322{ip: 192.168.34.38, host: pr-hdds-1868-89kc4-1304904179, networkLocation: /default-rack, certSerialId: null}10709bda-d4dc-4a9c-9e19-12e8b772be2f{ip: 192.168.34.38, host: pr-hdds-1868-89kc4-1304904179, networkLocation: /default-rack, certSerialId: null}80429b0a-59fd-4cc1-aa54-c7e113f2fc75{ip: 192.168.34.38, host: pr-hdds-1868-89kc4-1304904179, networkLocation: /default-rack, certSerialId: null}, Type:RATIS, Factor:THREE, State:ALLOCATED]
2019-10-16 22:21:20,194 [Thread-620] INFO  impl.FollowerState (FollowerState.java:run(108)) - 10709bda-d4dc-4a9c-9e19-12e8b772be2f@group-3F44BD8069CF-FollowerState: change to CANDIDATE, lastRpcTime:117ms, electionTimeout:117ms
2019-10-16 22:21:20,194 [Thread-620] INFO  impl.RoleInfo (RoleInfo.java:shutdownFollowerState(121)) - 10709bda-d4dc-4a9c-9e19-12e8b772be2f: shutdown FollowerState
2019-10-16 22:21:20,194 [Thread-620] INFO  impl.RaftServerImpl (RaftServerImpl.java:setRole(184)) - 10709bda-d4dc-4a9c-9e19-12e8b772be2f@group-3F44BD8069CF: changes role from  FOLLOWER to CANDIDATE at term 0 for changeToCandidate
2019-10-16 22:21:20,195 [Thread-620] INFO  impl.RoleInfo (RoleInfo.java:updateAndGet(143)) - 10709bda-d4dc-4a9c-9e19-12e8b772be2f: start LeaderElection
2019-10-16 22:21:20,212 [10709bda-d4dc-4a9c-9e19-12e8b772be2f@group-3F44BD8069CF-LeaderElection10] INFO  impl.LeaderElection (LeaderElection.java:askForVotes(178)) - 10709bda-d4dc-4a9c-9e19-12e8b772be2f@group-3F44BD8069CF-LeaderElection10: begin an election at term 1 for -1: [80429b0a-59fd-4cc1-aa54-c7e113f2fc75:192.168.34.38:36487, 10709bda-d4dc-4a9c-9e19-12e8b772be2f:192.168.34.38:34412, eb983093-91d2-4010-938b-148522e57322:192.168.34.38:40909], old=null
2019-10-16 22:21:20,218 [Thread-619] INFO  impl.FollowerState (FollowerState.java:run(108)) - 80429b0a-59fd-4cc1-aa54-c7e113f2fc75@group-3F44BD8069CF-FollowerState: change to CANDIDATE, lastRpcTime:141ms, electionTimeout:141ms
2019-10-16 22:21:20,218 [Thread-619] INFO  impl.RoleInfo (RoleInfo.java:shutdownFollowerState(121)) - 80429b0a-59fd-4cc1-aa54-c7e113f2fc75: shutdown FollowerState
2019-10-16 22:21:20,218 [Thread-619] INFO  impl.RaftServerImpl (RaftServerImpl.java:setRole(184)) - 80429b0a-59fd-4cc1-aa54-c7e113f2fc75@group-3F44BD8069CF: changes role from  FOLLOWER to CANDIDATE at term 0 for changeToCandidate
2019-10-16 22:21:20,218 [Thread-619] INFO  impl.RoleInfo (RoleInfo.java:updateAndGet(143)) - 80429b0a-59fd-4cc1-aa54-c7e113f2fc75: start LeaderElection
2019-10-16 22:21:20,228 [grpc-default-executor-11] INFO  impl.RaftServerImpl (RaftServerImpl.java:setRole(184)) - eb983093-91d2-4010-938b-148522e57322@group-3F44BD8069CF: changes role from  FOLLOWER to FOLLOWER at term 1 for recognizeCandidate:10709bda-d4dc-4a9c-9e19-12e8b772be2f
2019-10-16 22:21:20,228 [grpc-default-executor-11] INFO  impl.RoleInfo (RoleInfo.java:shutdownFollowerState(121)) - eb983093-91d2-4010-938b-148522e57322: shutdown FollowerState
2019-10-16 22:21:20,228 [grpc-default-executor-11] INFO  impl.RoleInfo (RoleInfo.java:updateAndGet(143)) - eb983093-91d2-4010-938b-148522e57322: start FollowerState
2019-10-16 22:21:20,228 [Thread-621] INFO  impl.FollowerState (FollowerState.java:run(117)) - eb983093-91d2-4010-938b-148522e57322@group-3F44BD8069CF-FollowerState was interrupted: java.lang.InterruptedException: sleep interrupted
2019-10-16 22:21:20,239 [80429b0a-59fd-4cc1-aa54-c7e113f2fc75@group-3F44BD8069CF-LeaderElection11] INFO  impl.LeaderElection (LeaderElection.java:askForVotes(178)) - 80429b0a-59fd-4cc1-aa54-c7e113f2fc75@group-3F44BD8069CF-LeaderElection11: begin an election at term 1 for -1: [80429b0a-59fd-4cc1-aa54-c7e113f2fc75:192.168.34.38:36487, 10709bda-d4dc-4a9c-9e19-12e8b772be2f:192.168.34.38:34412, eb983093-91d2-4010-938b-148522e57322:192.168.34.38:40909], old=null
2019-10-16 22:21:20,246 [10709bda-d4dc-4a9c-9e19-12e8b772be2f@group-3F44BD8069CF-LeaderElection10] INFO  impl.LeaderElection (LeaderElection.java:logAndReturn(56)) - 10709bda-d4dc-4a9c-9e19-12e8b772be2f@group-3F44BD8069CF-LeaderElection10: Election PASSED; received 1 response(s) [10709bda-d4dc-4a9c-9e19-12e8b772be2f<-eb983093-91d2-4010-938b-148522e57322#0:OK-t1] and 0 exception(s); 10709bda-d4dc-4a9c-9e19-12e8b772be2f@group-3F44BD8069CF:t1, leader=null, voted=10709bda-d4dc-4a9c-9e19-12e8b772be2f, raftlog=10709bda-d4dc-4a9c-9e19-12e8b772be2f@group-3F44BD8069CF-SegmentedRaftLog:OPENED:c-1,f-1,i0, conf=-1: [80429b0a-59fd-4cc1-aa54-c7e113f2fc75:192.168.34.38:36487, 10709bda-d4dc-4a9c-9e19-12e8b772be2f:192.168.34.38:34412, eb983093-91d2-4010-938b-148522e57322:192.168.34.38:40909], old=null
2019-10-16 22:21:20,246 [10709bda-d4dc-4a9c-9e19-12e8b772be2f@group-3F44BD8069CF-LeaderElection10] INFO  impl.RoleInfo (RoleInfo.java:shutdownLeaderElection(134)) - 10709bda-d4dc-4a9c-9e19-12e8b772be2f: shutdown LeaderElection
2019-10-16 22:21:20,247 [10709bda-d4dc-4a9c-9e19-12e8b772be2f@group-3F44BD8069CF-LeaderElection10] INFO  impl.RaftServerImpl (RaftServerImpl.java:setRole(184)) - 10709bda-d4dc-4a9c-9e19-12e8b772be2f@group-3F44BD8069CF: changes role from CANDIDATE to LEADER at term 1 for changeToLeader
2019-10-16 22:21:20,247 [10709bda-d4dc-4a9c-9e19-12e8b772be2f@group-3F44BD8069CF-LeaderElection10] INFO  ratis.XceiverServerRatis (XceiverServerRatis.java:handleLeaderChangedNotification(700)) - Leader change notification received for group: group-3F44BD8069CF with new leaderId: 10709bda-d4dc-4a9c-9e19-12e8b772be2f
2019-10-16 22:21:20,249 [10709bda-d4dc-4a9c-9e19-12e8b772be2f@group-3F44BD8069CF-LeaderElection10] INFO  impl.RaftServerImpl (ServerState.java:setLeader(256)) - 10709bda-d4dc-4a9c-9e19-12e8b772be2f@group-3F44BD8069CF: change Leader from null to 10709bda-d4dc-4a9c-9e19-12e8b772be2f at term 1 for becomeLeader, leader elected after 183ms
2019-10-16 22:21:20,249 [10709bda-d4dc-4a9c-9e19-12e8b772be2f@group-3F44BD8069CF-LeaderElection10] INFO  server.RaftServerConfigKeys (ConfUtils.java:logGet(43)) - raft.server.staging.catchup.gap = 1000 (default)
2019-10-16 22:21:20,249 [10709bda-d4dc-4a9c-9e19-12e8b772be2f@group-3F44BD8069CF-LeaderElection10] INFO  server.RaftServerConfigKeys (ConfUtils.java:logGet(43)) - raft.server.rpc.sleep.time = 25ms (default)
2019-10-16 22:21:20,250 [10709bda-d4dc-4a9c-9e19-12e8b772be2f@group-3F44BD8069CF-LeaderElection10] INFO  server.RaftServerConfigKeys (ConfUtils.java:logGet(43)) - raft.server.write.element-limit = 4096 (default)
2019-10-16 22:21:20,250 [EventQueue-PipelineReportForPipelineReportHandler] INFO  pipeline.PipelineReportHandler (PipelineReportHandler.java:processPipelineReport(119)) - Pipeline PipelineID=6315bbe3-dd18-4119-ab22-3f44bd8069cf reported by 10709bda-d4dc-4a9c-9e19-12e8b772be2f{ip: 192.168.34.38, host: pr-hdds-1868-89kc4-1304904179, networkLocation: /default-rack, certSerialId: null} with leaderId 10709bda-d4dc-4a9c-9e19-12e8b772be2f
2019-10-16 22:21:20,251 [10709bda-d4dc-4a9c-9e19-12e8b772be2f@group-3F44BD8069CF-LeaderElection10] INFO  server.RaftServerConfigKeys (ConfUtils.java:logGet(43)) - raft.server.watch.timeout = 10s (default)
2019-10-16 22:21:20,252 [10709bda-d4dc-4a9c-9e19-12e8b772be2f@group-3F44BD8069CF-LeaderElection10] INFO  server.RaftServerConfigKeys (ConfUtils.java:logGet(43)) - raft.server.watch.timeout.denomination = 1s (default)
2019-10-16 22:21:20,252 [10709bda-d4dc-4a9c-9e19-12e8b772be2f@group-3F44BD8069CF-LeaderElection10] INFO  server.RaftServerConfigKeys (ConfUtils.java:logGet(43)) - raft.server.watch.element-limit = 65536 (default)
2019-10-16 22:21:20,258 [10709bda-d4dc-4a9c-9e19-12e8b772be2f@group-3F44BD8069CF-LeaderElection10] INFO  server.RaftServerConfigKeys (ConfUtils.java:logGet(43)) - raft.server.log.appender.snapshot.chunk.size.max = 16MB (=16777216) (default)
2019-10-16 22:21:20,259 [10709bda-d4dc-4a9c-9e19-12e8b772be2f@group-3F44BD8069CF-LeaderElection10] INFO  server.RaftServerConfigKeys (ConfUtils.java:logGet(43)) - raft.server.log.appender.buffer.byte-limit = 33554432 (custom)
2019-10-16 22:21:20,259 [10709bda-d4dc-4a9c-9e19-12e8b772be2f@group-3F44BD8069CF-LeaderElection10] INFO  server.RaftServerConfigKeys (ConfUtils.java:logGet(43)) - raft.server.log.appender.buffer.element-limit = 1 (custom)
2019-10-16 22:21:20,259 [10709bda-d4dc-4a9c-9e19-12e8b772be2f@group-3F44BD8069CF-LeaderElection10] INFO  grpc.GrpcConfigKeys$Server (ConfUtils.java:logGet(43)) - raft.grpc.server.leader.outstanding.appends.max = 128 (default)
2019-10-16 22:21:20,259 [10709bda-d4dc-4a9c-9e19-12e8b772be2f@group-3F44BD8069CF-LeaderElection10] INFO  server.RaftServerConfigKeys (ConfUtils.java:logGet(43)) - raft.server.rpc.request.timeout = 3000ms (default)
2019-10-16 22:21:20,259 [10709bda-d4dc-4a9c-9e19-12e8b772be2f@group-3F44BD8069CF-LeaderElection10] INFO  server.RaftServerConfigKeys (ConfUtils.java:logGet(43)) - raft.server.log.appender.install.snapshot.enabled = false (custom)
2019-10-16 22:21:20,262 [10709bda-d4dc-4a9c-9e19-12e8b772be2f@group-3F44BD8069CF-LeaderElection10] INFO  server.RaftServerConfigKeys (ConfUtils.java:logGet(43)) - raft.server.log.appender.snapshot.chunk.size.max = 16MB (=16777216) (default)
2019-10-16 22:21:20,262 [10709bda-d4dc-4a9c-9e19-12e8b772be2f@group-3F44BD8069CF-LeaderElection10] INFO  server.RaftServerConfigKeys (ConfUtils.java:logGet(43)) - raft.server.log.appender.buffer.byte-limit = 33554432 (custom)
2019-10-16 22:21:20,262 [10709bda-d4dc-4a9c-9e19-12e8b772be2f@group-3F44BD8069CF-LeaderElection10] INFO  server.RaftServerConfigKeys (ConfUtils.java:logGet(43)) - raft.server.log.appender.buffer.element-limit = 1 (custom)
2019-10-16 22:21:20,262 [10709bda-d4dc-4a9c-9e19-12e8b772be2f@group-3F44BD8069CF-LeaderElection10] INFO  grpc.GrpcConfigKeys$Server (ConfUtils.java:logGet(43)) - raft.grpc.server.leader.outstanding.appends.max = 128 (default)
2019-10-16 22:21:20,262 [10709bda-d4dc-4a9c-9e19-12e8b772be2f@group-3F44BD8069CF-LeaderElection10] INFO  server.RaftServerConfigKeys (ConfUtils.java:logGet(43)) - raft.server.rpc.request.timeout = 3000ms (default)
2019-10-16 22:21:20,263 [10709bda-d4dc-4a9c-9e19-12e8b772be2f@group-3F44BD8069CF-LeaderElection10] INFO  server.RaftServerConfigKeys (ConfUtils.java:logGet(43)) - raft.server.log.appender.install.snapshot.enabled = false (custom)
2019-10-16 22:21:20,265 [10709bda-d4dc-4a9c-9e19-12e8b772be2f@group-3F44BD8069CF-LeaderElection10] INFO  impl.RoleInfo (RoleInfo.java:updateAndGet(143)) - 10709bda-d4dc-4a9c-9e19-12e8b772be2f: start LeaderState
2019-10-16 22:21:20,265 [10709bda-d4dc-4a9c-9e19-12e8b772be2f@group-3F44BD8069CF-LeaderElection10] INFO  segmented.SegmentedRaftLogWorker (SegmentedRaftLogWorker.java:startLogSegment(385)) - 10709bda-d4dc-4a9c-9e19-12e8b772be2f@group-3F44BD8069CF-SegmentedRaftLogWorker: Starting segment from index:0
2019-10-16 22:21:20,266 [10709bda-d4dc-4a9c-9e19-12e8b772be2f@group-3F44BD8069CF-LeaderElection10] INFO  impl.RaftServerImpl (ServerState.java:setRaftConf(357)) - 10709bda-d4dc-4a9c-9e19-12e8b772be2f@group-3F44BD8069CF: set configuration 0: [80429b0a-59fd-4cc1-aa54-c7e113f2fc75:192.168.34.38:36487, 10709bda-d4dc-4a9c-9e19-12e8b772be2f:192.168.34.38:34412, eb983093-91d2-4010-938b-148522e57322:192.168.34.38:40909], old=null at 0
2019-10-16 22:21:20,300 [80429b0a-59fd-4cc1-aa54-c7e113f2fc75@group-3F44BD8069CF-LeaderElection11] INFO  impl.LeaderElection (LeaderElection.java:logAndReturn(56)) - 80429b0a-59fd-4cc1-aa54-c7e113f2fc75@group-3F44BD8069CF-LeaderElection11: Election TIMEOUT; received 1 response(s) [80429b0a-59fd-4cc1-aa54-c7e113f2fc75<-eb983093-91d2-4010-938b-148522e57322#0:FAIL-t1] and 0 exception(s); 80429b0a-59fd-4cc1-aa54-c7e113f2fc75@group-3F44BD8069CF:t1, leader=null, voted=80429b0a-59fd-4cc1-aa54-c7e113f2fc75, raftlog=80429b0a-59fd-4cc1-aa54-c7e113f2fc75@group-3F44BD8069CF-SegmentedRaftLog:OPENED:c-1,f-1,i0, conf=-1: [80429b0a-59fd-4cc1-aa54-c7e113f2fc75:192.168.34.38:36487, 10709bda-d4dc-4a9c-9e19-12e8b772be2f:192.168.34.38:34412, eb983093-91d2-4010-938b-148522e57322:192.168.34.38:40909], old=null
2019-10-16 22:21:20,300 [grpc-default-executor-9] INFO  impl.RaftServerImpl (RaftServerImpl.java:requestVote(776)) - 10709bda-d4dc-4a9c-9e19-12e8b772be2f@group-3F44BD8069CF-   LEADER: Withhold vote from candidate 80429b0a-59fd-4cc1-aa54-c7e113f2fc75 with term 1. State: leader=10709bda-d4dc-4a9c-9e19-12e8b772be2f, term=1, lastRpcElapsed=null
2019-10-16 22:21:20,306 [grpc-default-executor-11] INFO  ratis.XceiverServerRatis (XceiverServerRatis.java:handleLeaderChangedNotification(700)) - Leader change notification received for group: group-3F44BD8069CF with new leaderId: 10709bda-d4dc-4a9c-9e19-12e8b772be2f
2019-10-16 22:21:20,308 [grpc-default-executor-11] INFO  impl.RaftServerImpl (ServerState.java:setLeader(256)) - eb983093-91d2-4010-938b-148522e57322@group-3F44BD8069CF: change Leader from null to 10709bda-d4dc-4a9c-9e19-12e8b772be2f at term 1 for appendEntries, leader elected after 241ms
2019-10-16 22:21:20,310 [EventQueue-PipelineReportForPipelineReportHandler] INFO  pipeline.PipelineReportHandler (PipelineReportHandler.java:processPipelineReport(119)) - Pipeline PipelineID=6315bbe3-dd18-4119-ab22-3f44bd8069cf reported by eb983093-91d2-4010-938b-148522e57322{ip: 192.168.34.38, host: pr-hdds-1868-89kc4-1304904179, networkLocation: /default-rack, certSerialId: null} with leaderId 10709bda-d4dc-4a9c-9e19-12e8b772be2f
2019-10-16 22:21:20,313 [10709bda-d4dc-4a9c-9e19-12e8b772be2f@group-3F44BD8069CF-SegmentedRaftLogWorker] INFO  segmented.SegmentedRaftLogWorker (SegmentedRaftLogWorker.java:execute(576)) - 10709bda-d4dc-4a9c-9e19-12e8b772be2f@group-3F44BD8069CF-SegmentedRaftLogWorker: created new log segment /workdir/hadoop-ozone/tools/target/test-dir/MiniOzoneClusterImpl-2609620e-65e0-43e8-b03a-743983bb73b4/datanode-2/data/ratis/6315bbe3-dd18-4119-ab22-3f44bd8069cf/current/log_inprogress_0
2019-10-16 22:21:20,313 [grpc-default-executor-11] INFO  impl.RaftServerImpl (ServerState.java:setRaftConf(357)) - eb983093-91d2-4010-938b-148522e57322@group-3F44BD8069CF: set configuration 0: [80429b0a-59fd-4cc1-aa54-c7e113f2fc75:192.168.34.38:36487, 10709bda-d4dc-4a9c-9e19-12e8b772be2f:192.168.34.38:34412, eb983093-91d2-4010-938b-148522e57322:192.168.34.38:40909], old=null at 0
2019-10-16 22:21:20,313 [80429b0a-59fd-4cc1-aa54-c7e113f2fc75@group-3F44BD8069CF-LeaderElection11] INFO  impl.LeaderElection (LeaderElection.java:askForVotes(178)) - 80429b0a-59fd-4cc1-aa54-c7e113f2fc75@group-3F44BD8069CF-LeaderElection11: begin an election at term 2 for -1: [80429b0a-59fd-4cc1-aa54-c7e113f2fc75:192.168.34.38:36487, 10709bda-d4dc-4a9c-9e19-12e8b772be2f:192.168.34.38:34412, eb983093-91d2-4010-938b-148522e57322:192.168.34.38:40909], old=null
2019-10-16 22:21:20,313 [grpc-default-executor-11] INFO  segmented.SegmentedRaftLogWorker (SegmentedRaftLogWorker.java:startLogSegment(385)) - eb983093-91d2-4010-938b-148522e57322@group-3F44BD8069CF-SegmentedRaftLogWorker: Starting segment from index:0
2019-10-16 22:21:20,315 [Thread-632] INFO  impl.RaftServerImpl (ServerState.java:setLeader(256)) - 10709bda-d4dc-4a9c-9e19-12e8b772be2f@group-3F44BD8069CF: change Leader from 10709bda-d4dc-4a9c-9e19-12e8b772be2f to null at term 2 for updateCurrentTerm
2019-10-16 22:21:20,315 [Thread-632] INFO  impl.RaftServerImpl (RaftServerImpl.java:setRole(184)) - 10709bda-d4dc-4a9c-9e19-12e8b772be2f@group-3F44BD8069CF: changes role from    LEADER to FOLLOWER at term 2 for stepDown
2019-10-16 22:21:20,316 [Thread-632] INFO  impl.RoleInfo (RoleInfo.java:shutdownLeaderState(104)) - 10709bda-d4dc-4a9c-9e19-12e8b772be2f: shutdown LeaderState
2019-10-16 22:21:20,349 [org.apache.ratis.server.impl.LogAppender$AppenderDaemon$$Lambda$495/1222538440@42879ed4] WARN  server.GrpcLogAppender (GrpcLogAppender.java:mayWait(149)) - 10709bda-d4dc-4a9c-9e19-12e8b772be2f@group-3F44BD8069CF->eb983093-91d2-4010-938b-148522e57322-GrpcLogAppender: Wait interrupted by java.lang.InterruptedException
2019-10-16 22:21:20,351 [grpc-default-executor-11] INFO  impl.RaftServerImpl (ServerState.java:setLeader(256)) - eb983093-91d2-4010-938b-148522e57322@group-3F44BD8069CF: change Leader from 10709bda-d4dc-4a9c-9e19-12e8b772be2f to null at term 2 for updateCurrentTerm
2019-10-16 22:21:20,349 [org.apache.ratis.server.impl.LogAppender$AppenderDaemon$$Lambda$495/1222538440@73be2c51] WARN  server.GrpcLogAppender (GrpcLogAppender.java:mayWait(149)) - 10709bda-d4dc-4a9c-9e19-12e8b772be2f@group-3F44BD8069CF->80429b0a-59fd-4cc1-aa54-c7e113f2fc75-GrpcLogAppender: Wait interrupted by java.lang.InterruptedException
2019-10-16 22:21:20,349 [Thread-632] INFO  impl.PendingRequests (PendingRequests.java:sendNotLeaderResponses(202)) - 10709bda-d4dc-4a9c-9e19-12e8b772be2f@group-3F44BD8069CF-PendingRequests: sendNotLeaderResponses
2019-10-16 22:21:20,354 [grpc-default-executor-12] INFO  server.GrpcServerProtocolService (GrpcServerProtocolService.java:onCompleted(113)) - eb983093-91d2-4010-938b-148522e57322: Completed APPEND_ENTRIES, lastRequest: 10709bda-d4dc-4a9c-9e19-12e8b772be2f->eb983093-91d2-4010-938b-148522e57322#1-t1, previous=(t:0, i:0), leaderCommit=-1, initializing? false, entries: size=1, first=(t:1, i:0), CONFIGURATIONENTRY
2019-10-16 22:21:20,353 [grpc-default-executor-11] INFO  impl.RaftServerImpl (RaftServerImpl.java:setRole(184)) - eb983093-91d2-4010-938b-148522e57322@group-3F44BD8069CF: changes role from  FOLLOWER to FOLLOWER at term 2 for recognizeCandidate:80429b0a-59fd-4cc1-aa54-c7e113f2fc75
2019-10-16 22:21:20,355 [grpc-default-executor-8] INFO  server.GrpcServerProtocolService (GrpcServerProtocolService.java:onCompleted(113)) - 80429b0a-59fd-4cc1-aa54-c7e113f2fc75: Completed APPEND_ENTRIES, lastRequest: 10709bda-d4dc-4a9c-9e19-12e8b772be2f->80429b0a-59fd-4cc1-aa54-c7e113f2fc75#0-t1, previous=(t:0, i:0), leaderCommit=-1, initializing? false, entries: <empty>
2019-10-16 22:21:20,355 [Thread-632] INFO  impl.RoleInfo (RoleInfo.java:updateAndGet(143)) - 10709bda-d4dc-4a9c-9e19-12e8b772be2f: start FollowerState
2019-10-16 22:21:20,355 [grpc-default-executor-11] INFO  impl.RoleInfo (RoleInfo.java:shutdownFollowerState(121)) - eb983093-91d2-4010-938b-148522e57322: shutdown FollowerState
2019-10-16 22:21:20,358 [grpc-default-executor-11] INFO  impl.RoleInfo (RoleInfo.java:updateAndGet(143)) - eb983093-91d2-4010-938b-148522e57322: start FollowerState
2019-10-16 22:21:20,358 [grpc-default-executor-8] INFO  server.GrpcLogAppender (GrpcLogAppender.java:onCompleted(308)) - 10709bda-d4dc-4a9c-9e19-12e8b772be2f@group-3F44BD8069CF->eb983093-91d2-4010-938b-148522e57322-AppendLogResponseHandler: follower responses appendEntries COMPLETED
2019-10-16 22:21:20,358 [Thread-629] INFO  impl.FollowerState (FollowerState.java:run(117)) - eb983093-91d2-4010-938b-148522e57322@group-3F44BD8069CF-FollowerState was interrupted: java.lang.InterruptedException: sleep interrupted
2019-10-16 22:21:20,358 [grpc-default-executor-7] INFO  server.GrpcLogAppender (GrpcLogAppender.java:onCompleted(308)) - 10709bda-d4dc-4a9c-9e19-12e8b772be2f@group-3F44BD8069CF->80429b0a-59fd-4cc1-aa54-c7e113f2fc75-AppendLogResponseHandler: follower responses appendEntries COMPLETED
2019-10-16 22:21:20,362 [grpc-default-executor-8] INFO  impl.FollowerInfo (FollowerInfo.java:lambda$new$0(51)) - 10709bda-d4dc-4a9c-9e19-12e8b772be2f@group-3F44BD8069CF->eb983093-91d2-4010-938b-148522e57322: nextIndex: updateUnconditionally 1 -> 0
2019-10-16 22:21:20,363 [grpc-default-executor-7] INFO  impl.FollowerInfo (FollowerInfo.java:lambda$new$0(51)) - 10709bda-d4dc-4a9c-9e19-12e8b772be2f@group-3F44BD8069CF->80429b0a-59fd-4cc1-aa54-c7e113f2fc75: nextIndex: updateUnconditionally 0 -> 0
2019-10-16 22:21:20,374 [eb983093-91d2-4010-938b-148522e57322@group-3F44BD8069CF-SegmentedRaftLogWorker] INFO  segmented.SegmentedRaftLogWorker (SegmentedRaftLogWorker.java:execute(576)) - eb983093-91d2-4010-938b-148522e57322@group-3F44BD8069CF-SegmentedRaftLogWorker: created new log segment /workdir/hadoop-ozone/tools/target/test-dir/MiniOzoneClusterImpl-2609620e-65e0-43e8-b03a-743983bb73b4/datanode-3/data/ratis/6315bbe3-dd18-4119-ab22-3f44bd8069cf/current/log_inprogress_0
2019-10-16 22:21:20,375 [grpc-default-executor-9] INFO  impl.RaftServerImpl (RaftServerImpl.java:setRole(184)) - 10709bda-d4dc-4a9c-9e19-12e8b772be2f@group-3F44BD8069CF: changes role from  FOLLOWER to FOLLOWER at term 2 for recognizeCandidate:80429b0a-59fd-4cc1-aa54-c7e113f2fc75
2019-10-16 22:21:20,375 [grpc-default-executor-9] INFO  impl.RoleInfo (RoleInfo.java:shutdownFollowerState(121)) - 10709bda-d4dc-4a9c-9e19-12e8b772be2f: shutdown FollowerState
2019-10-16 22:21:20,375 [grpc-default-executor-9] INFO  impl.RoleInfo (RoleInfo.java:updateAndGet(143)) - 10709bda-d4dc-4a9c-9e19-12e8b772be2f: start FollowerState
2019-10-16 22:21:20,375 [Thread-640] INFO  impl.FollowerState (FollowerState.java:run(117)) - 10709bda-d4dc-4a9c-9e19-12e8b772be2f@group-3F44BD8069CF-FollowerState was interrupted: java.lang.InterruptedException: sleep interrupted
2019-10-16 22:21:20,378 [80429b0a-59fd-4cc1-aa54-c7e113f2fc75@group-3F44BD8069CF-LeaderElection11] INFO  impl.LeaderElection (LeaderElection.java:logAndReturn(56)) - 80429b0a-59fd-4cc1-aa54-c7e113f2fc75@group-3F44BD8069CF-LeaderElection11: Election REJECTED; received 2 response(s) [80429b0a-59fd-4cc1-aa54-c7e113f2fc75<-10709bda-d4dc-4a9c-9e19-12e8b772be2f#0:FAIL-t2, 80429b0a-59fd-4cc1-aa54-c7e113f2fc75<-eb983093-91d2-4010-938b-148522e57322#0:FAIL-t2] and 0 exception(s); 80429b0a-59fd-4cc1-aa54-c7e113f2fc75@group-3F44BD8069CF:t2, leader=null, voted=80429b0a-59fd-4cc1-aa54-c7e113f2fc75, raftlog=80429b0a-59fd-4cc1-aa54-c7e113f2fc75@group-3F44BD8069CF-SegmentedRaftLog:OPENED:c-1,f-1,i0, conf=-1: [80429b0a-59fd-4cc1-aa54-c7e113f2fc75:192.168.34.38:36487, 10709bda-d4dc-4a9c-9e19-12e8b772be2f:192.168.34.38:34412, eb983093-91d2-4010-938b-148522e57322:192.168.34.38:40909], old=null
2019-10-16 22:21:20,378 [80429b0a-59fd-4cc1-aa54-c7e113f2fc75@group-3F44BD8069CF-LeaderElection11] INFO  impl.RaftServerImpl (RaftServerImpl.java:setRole(184)) - 80429b0a-59fd-4cc1-aa54-c7e113f2fc75@group-3F44BD8069CF: changes role from CANDIDATE to FOLLOWER at term 2 for DISCOVERED_A_NEW_TERM
2019-10-16 22:21:20,380 [80429b0a-59fd-4cc1-aa54-c7e113f2fc75@group-3F44BD8069CF-LeaderElection11] INFO  impl.RoleInfo (RoleInfo.java:shutdownLeaderElection(134)) - 80429b0a-59fd-4cc1-aa54-c7e113f2fc75: shutdown LeaderElection
2019-10-16 22:21:20,380 [80429b0a-59fd-4cc1-aa54-c7e113f2fc75@group-3F44BD8069CF-LeaderElection11] INFO  impl.RoleInfo (RoleInfo.java:updateAndGet(143)) - 80429b0a-59fd-4cc1-aa54-c7e113f2fc75: start FollowerState
2019-10-16 22:21:20,546 [Thread-644] INFO  impl.FollowerState (FollowerState.java:run(108)) - 80429b0a-59fd-4cc1-aa54-c7e113f2fc75@group-3F44BD8069CF-FollowerState: change to CANDIDATE, lastRpcTime:165ms, electionTimeout:164ms
2019-10-16 22:21:20,547 [Thread-644] INFO  impl.RoleInfo (RoleInfo.java:shutdownFollowerState(121)) - 80429b0a-59fd-4cc1-aa54-c7e113f2fc75: shutdown FollowerState
2019-10-16 22:21:20,547 [Thread-644] INFO  impl.RaftServerImpl (RaftServerImpl.java:setRole(184)) - 80429b0a-59fd-4cc1-aa54-c7e113f2fc75@group-3F44BD8069CF: changes role from  FOLLOWER to CANDIDATE at term 2 for changeToCandidate
2019-10-16 22:21:20,548 [Thread-644] INFO  impl.RoleInfo (RoleInfo.java:updateAndGet(143)) - 80429b0a-59fd-4cc1-aa54-c7e113f2fc75: start LeaderElection
2019-10-16 22:21:20,579 [80429b0a-59fd-4cc1-aa54-c7e113f2fc75@group-3F44BD8069CF-LeaderElection12] INFO  impl.LeaderElection (LeaderElection.java:askForVotes(178)) - 80429b0a-59fd-4cc1-aa54-c7e113f2fc75@group-3F44BD8069CF-LeaderElection12: begin an election at term 3 for -1: [80429b0a-59fd-4cc1-aa54-c7e113f2fc75:192.168.34.38:36487, 10709bda-d4dc-4a9c-9e19-12e8b772be2f:192.168.34.38:34412, eb983093-91d2-4010-938b-148522e57322:192.168.34.38:40909], old=null
2019-10-16 22:21:20,583 [grpc-default-executor-11] INFO  impl.RaftServerImpl (RaftServerImpl.java:setRole(184)) - 10709bda-d4dc-4a9c-9e19-12e8b772be2f@group-3F44BD8069CF: changes role from  FOLLOWER to FOLLOWER at term 3 for recognizeCandidate:80429b0a-59fd-4cc1-aa54-c7e113f2fc75
2019-10-16 22:21:20,585 [grpc-default-executor-9] INFO  impl.RaftServerImpl (RaftServerImpl.java:setRole(184)) - eb983093-91d2-4010-938b-148522e57322@group-3F44BD8069CF: changes role from  FOLLOWER to FOLLOWER at term 3 for recognizeCandidate:80429b0a-59fd-4cc1-aa54-c7e113f2fc75
2019-10-16 22:21:20,585 [grpc-default-executor-11] INFO  impl.RoleInfo (RoleInfo.java:shutdownFollowerState(121)) - 10709bda-d4dc-4a9c-9e19-12e8b772be2f: shutdown FollowerState
2019-10-16 22:21:20,585 [grpc-default-executor-9] INFO  impl.RoleInfo (RoleInfo.java:shutdownFollowerState(121)) - eb983093-91d2-4010-938b-148522e57322: shutdown FollowerState
2019-10-16 22:21:20,585 [Thread-642] INFO  impl.FollowerState (FollowerState.java:run(117)) - 10709bda-d4dc-4a9c-9e19-12e8b772be2f@group-3F44BD8069CF-FollowerState was interrupted: java.lang.InterruptedException: sleep interrupted
2019-10-16 22:21:20,585 [grpc-default-executor-11] INFO  impl.RoleInfo (RoleInfo.java:updateAndGet(143)) - 10709bda-d4dc-4a9c-9e19-12e8b772be2f: start FollowerState
2019-10-16 22:21:20,585 [Thread-641] INFO  impl.FollowerState (FollowerState.java:run(117)) - eb983093-91d2-4010-938b-148522e57322@group-3F44BD8069CF-FollowerState was interrupted: java.lang.InterruptedException: sleep interrupted
2019-10-16 22:21:20,585 [grpc-default-executor-9] INFO  impl.RoleInfo (RoleInfo.java:updateAndGet(143)) - eb983093-91d2-4010-938b-148522e57322: start FollowerState
2019-10-16 22:21:20,603 [80429b0a-59fd-4cc1-aa54-c7e113f2fc75@group-3F44BD8069CF-LeaderElection12] INFO  impl.LeaderElection (LeaderElection.java:logAndReturn(56)) - 80429b0a-59fd-4cc1-aa54-c7e113f2fc75@group-3F44BD8069CF-LeaderElection12: Election REJECTED; received 2 response(s) [80429b0a-59fd-4cc1-aa54-c7e113f2fc75<-10709bda-d4dc-4a9c-9e19-12e8b772be2f#0:FAIL-t3, 80429b0a-59fd-4cc1-aa54-c7e113f2fc75<-eb983093-91d2-4010-938b-148522e57322#0:FAIL-t3] and 0 exception(s); 80429b0a-59fd-4cc1-aa54-c7e113f2fc75@group-3F44BD8069CF:t3, leader=null, voted=80429b0a-59fd-4cc1-aa54-c7e113f2fc75, raftlog=80429b0a-59fd-4cc1-aa54-c7e113f2fc75@group-3F44BD8069CF-SegmentedRaftLog:OPENED:c-1,f-1,i0, conf=-1: [80429b0a-59fd-4cc1-aa54-c7e113f2fc75:192.168.34.38:36487, 10709bda-d4dc-4a9c-9e19-12e8b772be2f:192.168.34.38:34412, eb983093-91d2-4010-938b-148522e57322:192.168.34.38:40909], old=null
2019-10-16 22:21:20,603 [80429b0a-59fd-4cc1-aa54-c7e113f2fc75@group-3F44BD8069CF-LeaderElection12] INFO  impl.RaftServerImpl (RaftServerImpl.java:setRole(184)) - 80429b0a-59fd-4cc1-aa54-c7e113f2fc75@group-3F44BD8069CF: changes role from CANDIDATE to FOLLOWER at term 3 for DISCOVERED_A_NEW_TERM
2019-10-16 22:21:20,604 [80429b0a-59fd-4cc1-aa54-c7e113f2fc75@group-3F44BD8069CF-LeaderElection12] INFO  impl.RoleInfo (RoleInfo.java:shutdownLeaderElection(134)) - 80429b0a-59fd-4cc1-aa54-c7e113f2fc75: shutdown LeaderElection
2019-10-16 22:21:20,604 [80429b0a-59fd-4cc1-aa54-c7e113f2fc75@group-3F44BD8069CF-LeaderElection12] INFO  impl.RoleInfo (RoleInfo.java:updateAndGet(143)) - 80429b0a-59fd-4cc1-aa54-c7e113f2fc75: start FollowerState
2019-10-16 22:21:20,718 [Thread-650] INFO  impl.FollowerState (FollowerState.java:run(108)) - 80429b0a-59fd-4cc1-aa54-c7e113f2fc75@group-3F44BD8069CF-FollowerState: change to CANDIDATE, lastRpcTime:113ms, electionTimeout:112ms
2019-10-16 22:21:20,720 [Thread-650] INFO  impl.RoleInfo (RoleInfo.java:shutdownFollowerState(121)) - 80429b0a-59fd-4cc1-aa54-c7e113f2fc75: shutdown FollowerState
2019-10-16 22:21:20,721 [Thread-650] INFO  impl.RaftServerImpl (RaftServerImpl.java:setRole(184)) - 80429b0a-59fd-4cc1-aa54-c7e113f2fc75@group-3F44BD8069CF: changes role from  FOLLOWER to CANDIDATE at term 3 for changeToCandidate
2019-10-16 22:21:20,721 [Thread-650] INFO  impl.RoleInfo (RoleInfo.java:updateAndGet(143)) - 80429b0a-59fd-4cc1-aa54-c7e113f2fc75: start LeaderElection
2019-10-16 22:21:20,737 [80429b0a-59fd-4cc1-aa54-c7e113f2fc75@group-3F44BD8069CF-LeaderElection13] INFO  impl.LeaderElection (LeaderElection.java:askForVotes(178)) - 80429b0a-59fd-4cc1-aa54-c7e113f2fc75@group-3F44BD8069CF-LeaderElection13: begin an election at term 4 for -1: [80429b0a-59fd-4cc1-aa54-c7e113f2fc75:192.168.34.38:36487, 10709bda-d4dc-4a9c-9e19-12e8b772be2f:192.168.34.38:34412, eb983093-91d2-4010-938b-148522e57322:192.168.34.38:40909], old=null
2019-10-16 22:21:20,742 [grpc-default-executor-9] INFO  impl.RaftServerImpl (RaftServerImpl.java:setRole(184)) - 10709bda-d4dc-4a9c-9e19-12e8b772be2f@group-3F44BD8069CF: changes role from  FOLLOWER to FOLLOWER at term 4 for recognizeCandidate:80429b0a-59fd-4cc1-aa54-c7e113f2fc75
2019-10-16 22:21:20,742 [grpc-default-executor-11] INFO  impl.RaftServerImpl (RaftServerImpl.java:setRole(184)) - eb983093-91d2-4010-938b-148522e57322@group-3F44BD8069CF: changes role from  FOLLOWER to FOLLOWER at term 4 for recognizeCandidate:80429b0a-59fd-4cc1-aa54-c7e113f2fc75
2019-10-16 22:21:20,742 [grpc-default-executor-9] INFO  impl.RoleInfo (RoleInfo.java:shutdownFollowerState(121)) - 10709bda-d4dc-4a9c-9e19-12e8b772be2f: shutdown FollowerState
2019-10-16 22:21:20,742 [grpc-default-executor-11] INFO  impl.RoleInfo (RoleInfo.java:shutdownFollowerState(121)) - eb983093-91d2-4010-938b-148522e57322: shutdown FollowerState
2019-10-16 22:21:20,742 [Thread-648] INFO  impl.FollowerState (FollowerState.java:run(117)) - 10709bda-d4dc-4a9c-9e19-12e8b772be2f@group-3F44BD8069CF-FollowerState was interrupted: java.lang.InterruptedException: sleep interrupted
2019-10-16 22:21:20,742 [grpc-default-executor-9] INFO  impl.RoleInfo (RoleInfo.java:updateAndGet(143)) - 10709bda-d4dc-4a9c-9e19-12e8b772be2f: start FollowerState
2019-10-16 22:21:20,742 [Thread-649] INFO  impl.FollowerState (FollowerState.java:run(117)) - eb983093-91d2-4010-938b-148522e57322@group-3F44BD8069CF-FollowerState was interrupted: java.lang.InterruptedException: sleep interrupted
2019-10-16 22:21:20,742 [grpc-default-executor-11] INFO  impl.RoleInfo (RoleInfo.java:updateAndGet(143)) - eb983093-91d2-4010-938b-148522e57322: start FollowerState
2019-10-16 22:21:20,757 [80429b0a-59fd-4cc1-aa54-c7e113f2fc75@group-3F44BD8069CF-LeaderElection13] INFO  impl.LeaderElection (LeaderElection.java:logAndReturn(56)) - 80429b0a-59fd-4cc1-aa54-c7e113f2fc75@group-3F44BD8069CF-LeaderElection13: Election TIMEOUT; received 0 response(s) [] and 0 exception(s); 80429b0a-59fd-4cc1-aa54-c7e113f2fc75@group-3F44BD8069CF:t4, leader=null, voted=80429b0a-59fd-4cc1-aa54-c7e113f2fc75, raftlog=80429b0a-59fd-4cc1-aa54-c7e113f2fc75@group-3F44BD8069CF-SegmentedRaftLog:OPENED:c-1,f-1,i0, conf=-1: [80429b0a-59fd-4cc1-aa54-c7e113f2fc75:192.168.34.38:36487, 10709bda-d4dc-4a9c-9e19-12e8b772be2f:192.168.34.38:34412, eb983093-91d2-4010-938b-148522e57322:192.168.34.38:40909], old=null
2019-10-16 22:21:20,777 [80429b0a-59fd-4cc1-aa54-c7e113f2fc75@group-3F44BD8069CF-LeaderElection13] INFO  impl.LeaderElection (LeaderElection.java:askForVotes(178)) - 80429b0a-59fd-4cc1-aa54-c7e113f2fc75@group-3F44BD8069CF-LeaderElection13: begin an election at term 5 for -1: [80429b0a-59fd-4cc1-aa54-c7e113f2fc75:192.168.34.38:36487, 10709bda-d4dc-4a9c-9e19-12e8b772be2f:192.168.34.38:34412, eb983093-91d2-4010-938b-148522e57322:192.168.34.38:40909], old=null
2019-10-16 22:21:20,781 [grpc-default-executor-9] INFO  impl.RaftServerImpl (RaftServerImpl.java:setRole(184)) - 10709bda-d4dc-4a9c-9e19-12e8b772be2f@group-3F44BD8069CF: changes role from  FOLLOWER to FOLLOWER at term 5 for recognizeCandidate:80429b0a-59fd-4cc1-aa54-c7e113f2fc75
2019-10-16 22:21:20,782 [grpc-default-executor-9] INFO  impl.RoleInfo (RoleInfo.java:shutdownFollowerState(121)) - 10709bda-d4dc-4a9c-9e19-12e8b772be2f: shutdown FollowerState
2019-10-16 22:21:20,782 [80429b0a-59fd-4cc1-aa54-c7e113f2fc75@group-3F44BD8069CF-LeaderElection13] INFO  impl.LeaderElection (LeaderElection.java:logAndReturn(56)) - 80429b0a-59fd-4cc1-aa54-c7e113f2fc75@group-3F44BD8069CF-LeaderElection13: Election TIMEOUT; received 0 response(s) [] and 0 exception(s); 80429b0a-59fd-4cc1-aa54-c7e113f2fc75@group-3F44BD8069CF:t5, leader=null, voted=80429b0a-59fd-4cc1-aa54-c7e113f2fc75, raftlog=80429b0a-59fd-4cc1-aa54-c7e113f2fc75@group-3F44BD8069CF-SegmentedRaftLog:OPENED:c-1,f-1,i0, conf=-1: [80429b0a-59fd-4cc1-aa54-c7e113f2fc75:192.168.34.38:36487, 10709bda-d4dc-4a9c-9e19-12e8b772be2f:192.168.34.38:34412, eb983093-91d2-4010-938b-148522e57322:192.168.34.38:40909], old=null
2019-10-16 22:21:20,784 [grpc-default-executor-11] INFO  impl.RaftServerImpl (RaftServerImpl.java:setRole(184)) - eb983093-91d2-4010-938b-148522e57322@group-3F44BD8069CF: changes role from  FOLLOWER to FOLLOWER at term 5 for recognizeCandidate:80429b0a-59fd-4cc1-aa54-c7e113f2fc75
2019-10-16 22:21:20,784 [Thread-654] INFO  impl.FollowerState (FollowerState.java:run(117)) - 10709bda-d4dc-4a9c-9e19-12e8b772be2f@group-3F44BD8069CF-FollowerState was interrupted: java.lang.InterruptedException: sleep interrupted
2019-10-16 22:21:20,784 [grpc-default-executor-9] INFO  impl.RoleInfo (RoleInfo.java:updateAndGet(143)) - 10709bda-d4dc-4a9c-9e19-12e8b772be2f: start FollowerState
2019-10-16 22:21:20,784 [grpc-default-executor-11] INFO  impl.RoleInfo (RoleInfo.java:shutdownFollowerState(121)) - eb983093-91d2-4010-938b-148522e57322: shutdown FollowerState
2019-10-16 22:21:20,788 [grpc-default-executor-11] INFO  impl.RoleInfo (RoleInfo.java:updateAndGet(143)) - eb983093-91d2-4010-938b-148522e57322: start FollowerState
2019-10-16 22:21:20,788 [Thread-655] INFO  impl.FollowerState (FollowerState.java:run(117)) - eb983093-91d2-4010-938b-148522e57322@group-3F44BD8069CF-FollowerState was interrupted: java.lang.InterruptedException: sleep interrupted
2019-10-16 22:21:20,793 [80429b0a-59fd-4cc1-aa54-c7e113f2fc75@group-3F44BD8069CF-LeaderElection13] INFO  impl.LeaderElection (LeaderElection.java:askForVotes(178)) - 80429b0a-59fd-4cc1-aa54-c7e113f2fc75@group-3F44BD8069CF-LeaderElection13: begin an election at term 6 for -1: [80429b0a-59fd-4cc1-aa54-c7e113f2fc75:192.168.34.38:36487, 10709bda-d4dc-4a9c-9e19-12e8b772be2f:192.168.34.38:34412, eb983093-91d2-4010-938b-148522e57322:192.168.34.38:40909], old=null
2019-10-16 22:21:20,796 [grpc-default-executor-9] INFO  impl.RaftServerImpl (RaftServerImpl.java:setRole(184)) - eb983093-91d2-4010-938b-148522e57322@group-3F44BD8069CF: changes role from  FOLLOWER to FOLLOWER at term 6 for recognizeCandidate:80429b0a-59fd-4cc1-aa54-c7e113f2fc75
2019-10-16 22:21:20,798 [grpc-default-executor-9] INFO  impl.RoleInfo (RoleInfo.java:shutdownFollowerState(121)) - eb983093-91d2-4010-938b-148522e57322: shutdown FollowerState
2019-10-16 22:21:20,798 [grpc-default-executor-11] INFO  impl.RaftServerImpl (RaftServerImpl.java:setRole(184)) - 10709bda-d4dc-4a9c-9e19-12e8b772be2f@group-3F44BD8069CF: changes role from  FOLLOWER to FOLLOWER at term 6 for recognizeCandidate:80429b0a-59fd-4cc1-aa54-c7e113f2fc75
2019-10-16 22:21:20,798 [Thread-659] INFO  impl.FollowerState (FollowerState.java:run(117)) - eb983093-91d2-4010-938b-148522e57322@group-3F44BD8069CF-FollowerState was interrupted: java.lang.InterruptedException: sleep interrupted
2019-10-16 22:21:20,798 [grpc-default-executor-9] INFO  impl.RoleInfo (RoleInfo.java:updateAndGet(143)) - eb983093-91d2-4010-938b-148522e57322: start FollowerState
2019-10-16 22:21:20,798 [grpc-default-executor-11] INFO  impl.RoleInfo (RoleInfo.java:shutdownFollowerState(121)) - 10709bda-d4dc-4a9c-9e19-12e8b772be2f: shutdown FollowerState
2019-10-16 22:21:20,800 [grpc-default-executor-11] INFO  impl.RoleInfo (RoleInfo.java:updateAndGet(143)) - 10709bda-d4dc-4a9c-9e19-12e8b772be2f: start FollowerState
2019-10-16 22:21:20,800 [Thread-658] INFO  impl.FollowerState (FollowerState.java:run(117)) - 10709bda-d4dc-4a9c-9e19-12e8b772be2f@group-3F44BD8069CF-FollowerState was interrupted: java.lang.InterruptedException: sleep interrupted
2019-10-16 22:21:20,820 [80429b0a-59fd-4cc1-aa54-c7e113f2fc75@group-3F44BD8069CF-LeaderElection13] INFO  impl.LeaderElection (LeaderElection.java:logAndReturn(56)) - 80429b0a-59fd-4cc1-aa54-c7e113f2fc75@group-3F44BD8069CF-LeaderElection13: Election REJECTED; received 2 response(s) [80429b0a-59fd-4cc1-aa54-c7e113f2fc75<-10709bda-d4dc-4a9c-9e19-12e8b772be2f#0:FAIL-t6, 80429b0a-59fd-4cc1-aa54-c7e113f2fc75<-eb983093-91d2-4010-938b-148522e57322#0:FAIL-t6] and 0 exception(s); 80429b0a-59fd-4cc1-aa54-c7e113f2fc75@group-3F44BD8069CF:t6, leader=null, voted=80429b0a-59fd-4cc1-aa54-c7e113f2fc75, raftlog=80429b0a-59fd-4cc1-aa54-c7e113f2fc75@group-3F44BD8069CF-SegmentedRaftLog:OPENED:c-1,f-1,i0, conf=-1: [80429b0a-59fd-4cc1-aa54-c7e113f2fc75:192.168.34.38:36487, 10709bda-d4dc-4a9c-9e19-12e8b772be2f:192.168.34.38:34412, eb983093-91d2-4010-938b-148522e57322:192.168.34.38:40909], old=null
2019-10-16 22:21:20,821 [80429b0a-59fd-4cc1-aa54-c7e113f2fc75@group-3F44BD8069CF-LeaderElection13] INFO  impl.RaftServerImpl (RaftServerImpl.java:setRole(184)) - 80429b0a-59fd-4cc1-aa54-c7e113f2fc75@group-3F44BD8069CF: changes role from CANDIDATE to FOLLOWER at term 6 for DISCOVERED_A_NEW_TERM
2019-10-16 22:21:20,821 [80429b0a-59fd-4cc1-aa54-c7e113f2fc75@group-3F44BD8069CF-LeaderElection13] INFO  impl.RoleInfo (RoleInfo.java:shutdownLeaderElection(134)) - 80429b0a-59fd-4cc1-aa54-c7e113f2fc75: shutdown LeaderElection
2019-10-16 22:21:20,821 [80429b0a-59fd-4cc1-aa54-c7e113f2fc75@group-3F44BD8069CF-LeaderElection13] INFO  impl.RoleInfo (RoleInfo.java:updateAndGet(143)) - 80429b0a-59fd-4cc1-aa54-c7e113f2fc75: start FollowerState
2019-10-16 22:21:20,926 [Thread-664] INFO  impl.FollowerState (FollowerState.java:run(108)) - 80429b0a-59fd-4cc1-aa54-c7e113f2fc75@group-3F44BD8069CF-FollowerState: change to CANDIDATE, lastRpcTime:105ms, electionTimeout:105ms
2019-10-16 22:21:20,928 [Thread-664] INFO  impl.RoleInfo (RoleInfo.java:shutdownFollowerState(121)) - 80429b0a-59fd-4cc1-aa54-c7e113f2fc75: shutdown FollowerState
2019-10-16 22:21:20,928 [Thread-664] INFO  impl.RaftServerImpl (RaftServerImpl.java:setRole(184)) - 80429b0a-59fd-4cc1-aa54-c7e113f2fc75@group-3F44BD8069CF: changes role from  FOLLOWER to CANDIDATE at term 6 for changeToCandidate
2019-10-16 22:21:20,928 [Thread-664] INFO  impl.RoleInfo (RoleInfo.java:updateAndGet(143)) - 80429b0a-59fd-4cc1-aa54-c7e113f2fc75: start LeaderElection
2019-10-16 22:21:20,944 [80429b0a-59fd-4cc1-aa54-c7e113f2fc75@group-3F44BD8069CF-LeaderElection14] INFO  impl.LeaderElection (LeaderElection.java:askForVotes(178)) - 80429b0a-59fd-4cc1-aa54-c7e113f2fc75@group-3F44BD8069CF-LeaderElection14: begin an election at term 7 for -1: [80429b0a-59fd-4cc1-aa54-c7e113f2fc75:192.168.34.38:36487, 10709bda-d4dc-4a9c-9e19-12e8b772be2f:192.168.34.38:34412, eb983093-91d2-4010-938b-148522e57322:192.168.34.38:40909], old=null
2019-10-16 22:21:20,950 [grpc-default-executor-11] INFO  impl.RaftServerImpl (RaftServerImpl.java:setRole(184)) - 10709bda-d4dc-4a9c-9e19-12e8b772be2f@group-3F44BD8069CF: changes role from  FOLLOWER to FOLLOWER at term 7 for recognizeCandidate:80429b0a-59fd-4cc1-aa54-c7e113f2fc75
2019-10-16 22:21:20,951 [grpc-default-executor-9] INFO  impl.RaftServerImpl (RaftServerImpl.java:setRole(184)) - eb983093-91d2-4010-938b-148522e57322@group-3F44BD8069CF: changes role from  FOLLOWER to FOLLOWER at term 7 for recognizeCandidate:80429b0a-59fd-4cc1-aa54-c7e113f2fc75
2019-10-16 22:21:20,951 [grpc-default-executor-11] INFO  impl.RoleInfo (RoleInfo.java:shutdownFollowerState(121)) - 10709bda-d4dc-4a9c-9e19-12e8b772be2f: shutdown FollowerState
2019-10-16 22:21:20,951 [grpc-default-executor-9] INFO  impl.RoleInfo (RoleInfo.java:shutdownFollowerState(121)) - eb983093-91d2-4010-938b-148522e57322: shutdown FollowerState
2019-10-16 22:21:20,951 [grpc-default-executor-11] INFO  impl.RoleInfo (RoleInfo.java:updateAndGet(143)) - 10709bda-d4dc-4a9c-9e19-12e8b772be2f: start FollowerState
2019-10-16 22:21:20,951 [Thread-663] INFO  impl.FollowerState (FollowerState.java:run(117)) - 10709bda-d4dc-4a9c-9e19-12e8b772be2f@group-3F44BD8069CF-FollowerState was interrupted: java.lang.InterruptedException: sleep interrupted
2019-10-16 22:21:20,951 [Thread-662] INFO  impl.FollowerState (FollowerState.java:run(117)) - eb983093-91d2-4010-938b-148522e57322@group-3F44BD8069CF-FollowerState was interrupted: java.lang.InterruptedException: sleep interrupted
2019-10-16 22:21:20,951 [grpc-default-executor-9] INFO  impl.RoleInfo (RoleInfo.java:updateAndGet(143)) - eb983093-91d2-4010-938b-148522e57322: start FollowerState
2019-10-16 22:21:20,984 [pool-73-thread-3] WARN  io.KeyOutputStream (KeyOutputStream.java:handleException(274)) - Encountered exception java.io.IOException: Unexpected Storage Container Exception: java.util.concurrent.CompletionException: java.util.concurrent.CompletionException: org.apache.ratis.protocol.GroupMismatchException: eb983093-91d2-4010-938b-148522e57322: group-03D01E5307E2 not found. on the pipeline Pipeline[ Id: df106c32-8900-4d50-84c6-03d01e5307e2, Nodes: eb983093-91d2-4010-938b-148522e57322{ip: 192.168.34.38, host: pr-hdds-1868-89kc4-1304904179, networkLocation: /default-rack, certSerialId: null}10709bda-d4dc-4a9c-9e19-12e8b772be2f{ip: 192.168.34.38, host: pr-hdds-1868-89kc4-1304904179, networkLocation: /default-rack, certSerialId: null}80429b0a-59fd-4cc1-aa54-c7e113f2fc75{ip: 192.168.34.38, host: pr-hdds-1868-89kc4-1304904179, networkLocation: /default-rack, certSerialId: null}, Type:RATIS, Factor:THREE, State:OPEN]. The last committed block length is 0, uncommitted data length is 2097152 retry count 2
2019-10-16 22:21:20,985 [80429b0a-59fd-4cc1-aa54-c7e113f2fc75@group-3F44BD8069CF-LeaderElection14] INFO  impl.LeaderElection (LeaderElection.java:logAndReturn(56)) - 80429b0a-59fd-4cc1-aa54-c7e113f2fc75@group-3F44BD8069CF-LeaderElection14: Election REJECTED; received 2 response(s) [80429b0a-59fd-4cc1-aa54-c7e113f2fc75<-10709bda-d4dc-4a9c-9e19-12e8b772be2f#0:FAIL-t7, 80429b0a-59fd-4cc1-aa54-c7e113f2fc75<-eb983093-91d2-4010-938b-148522e57322#0:FAIL-t7] and 0 exception(s); 80429b0a-59fd-4cc1-aa54-c7e113f2fc75@group-3F44BD8069CF:t7, leader=null, voted=80429b0a-59fd-4cc1-aa54-c7e113f2fc75, raftlog=80429b0a-59fd-4cc1-aa54-c7e113f2fc75@group-3F44BD8069CF-SegmentedRaftLog:OPENED:c-1,f-1,i0, conf=-1: [80429b0a-59fd-4cc1-aa54-c7e113f2fc75:192.168.34.38:36487, 10709bda-d4dc-4a9c-9e19-12e8b772be2f:192.168.34.38:34412, eb983093-91d2-4010-938b-148522e57322:192.168.34.38:40909], old=null
2019-10-16 22:21:20,985 [80429b0a-59fd-4cc1-aa54-c7e113f2fc75@group-3F44BD8069CF-LeaderElection14] INFO  impl.RaftServerImpl (RaftServerImpl.java:setRole(184)) - 80429b0a-59fd-4cc1-aa54-c7e113f2fc75@group-3F44BD8069CF: changes role from CANDIDATE to FOLLOWER at term 7 for DISCOVERED_A_NEW_TERM
2019-10-16 22:21:20,985 [80429b0a-59fd-4cc1-aa54-c7e113f2fc75@group-3F44BD8069CF-LeaderElection14] INFO  impl.RoleInfo (RoleInfo.java:shutdownLeaderElection(134)) - 80429b0a-59fd-4cc1-aa54-c7e113f2fc75: shutdown LeaderElection
2019-10-16 22:21:20,986 [80429b0a-59fd-4cc1-aa54-c7e113f2fc75@group-3F44BD8069CF-LeaderElection14] INFO  impl.RoleInfo (RoleInfo.java:updateAndGet(143)) - 80429b0a-59fd-4cc1-aa54-c7e113f2fc75: start FollowerState
2019-10-16 22:21:21,009 [IPC Server handler 0 on 37451] WARN  block.BlockManagerImpl (BlockManagerImpl.java:allocateBlock(200)) - Pipeline creation failed for type:RATIS factor:THREE. Retrying get pipelines call once.
org.apache.hadoop.hdds.scm.pipeline.InsufficientDatanodesException: Cannot create pipeline of factor 3 using 2 nodes.
	at org.apache.hadoop.hdds.scm.pipeline.RatisPipelineProvider.create(RatisPipelineProvider.java:153)
	at org.apache.hadoop.hdds.scm.pipeline.PipelineFactory.create(PipelineFactory.java:58)
	at org.apache.hadoop.hdds.scm.pipeline.SCMPipelineManager.createPipeline(SCMPipelineManager.java:155)
	at org.apache.hadoop.hdds.scm.block.BlockManagerImpl.allocateBlock(BlockManagerImpl.java:198)
	at org.apache.hadoop.hdds.scm.server.SCMBlockProtocolServer.allocateBlock(SCMBlockProtocolServer.java:182)
	at org.apache.hadoop.hdds.scm.protocol.ScmBlockLocationProtocolServerSideTranslatorPB.allocateScmBlock(ScmBlockLocationProtocolServerSideTranslatorPB.java:159)
	at org.apache.hadoop.hdds.scm.protocol.ScmBlockLocationProtocolServerSideTranslatorPB.processMessage(ScmBlockLocationProtocolServerSideTranslatorPB.java:117)
	at org.apache.hadoop.hdds.server.OzoneProtocolMessageDispatcher.processRequest(OzoneProtocolMessageDispatcher.java:72)
	at org.apache.hadoop.hdds.scm.protocol.ScmBlockLocationProtocolServerSideTranslatorPB.send(ScmBlockLocationProtocolServerSideTranslatorPB.java:98)
	at org.apache.hadoop.hdds.protocol.proto.ScmBlockLocationProtocolProtos$ScmBlockLocationProtocolService$2.callBlockingMethod(ScmBlockLocationProtocolProtos.java:13157)
	at org.apache.hadoop.ipc.ProtobufRpcEngine$Server$ProtoBufRpcInvoker.call(ProtobufRpcEngine.java:524)
	at org.apache.hadoop.ipc.RPC$Server.call(RPC.java:1025)
	at org.apache.hadoop.ipc.Server$RpcCall.run(Server.java:876)
	at org.apache.hadoop.ipc.Server$RpcCall.run(Server.java:822)
	at java.security.AccessController.doPrivileged(Native Method)
	at javax.security.auth.Subject.doAs(Subject.java:422)
	at org.apache.hadoop.security.UserGroupInformation.doAs(UserGroupInformation.java:1730)
	at org.apache.hadoop.ipc.Server$Handler.run(Server.java:2682)
2019-10-16 22:21:21,011 [IPC Server handler 0 on 37451] INFO  block.BlockManagerImpl (BlockManagerImpl.java:allocateBlock(212)) - Could not find available pipeline of type:RATIS and factor:THREE even after retrying
2019-10-16 22:21:21,011 [IPC Server handler 0 on 37451] ERROR block.BlockManagerImpl (BlockManagerImpl.java:allocateBlock(236)) - Unable to allocate a block for the size: 4194304, type: RATIS, factor: THREE
2019-10-16 22:21:21,015 [pool-73-thread-3] ERROR io.BlockOutputStreamEntryPool (BlockOutputStreamEntryPool.java:allocateBlockIfNeeded(309)) - Try to allocate more blocks for write failed, already allocated 0 blocks for this write.
INTERNAL_ERROR org.apache.hadoop.ozone.om.exceptions.OMException: Allocated 0 blocks. Requested 1 blocks
	at org.apache.hadoop.ozone.om.protocolPB.OzoneManagerProtocolClientSideTranslatorPB.handleError(OzoneManagerProtocolClientSideTranslatorPB.java:732)
	at org.apache.hadoop.ozone.om.protocolPB.OzoneManagerProtocolClientSideTranslatorPB.allocateBlock(OzoneManagerProtocolClientSideTranslatorPB.java:764)
	at sun.reflect.NativeMethodAccessorImpl.invoke0(Native Method)
	at sun.reflect.NativeMethodAccessorImpl.invoke(NativeMethodAccessorImpl.java:62)
	at sun.reflect.DelegatingMethodAccessorImpl.invoke(DelegatingMethodAccessorImpl.java:43)
	at java.lang.reflect.Method.invoke(Method.java:498)
	at org.apache.hadoop.hdds.tracing.TraceAllMethod.invoke(TraceAllMethod.java:66)
	at com.sun.proxy.$Proxy37.allocateBlock(Unknown Source)
	at org.apache.hadoop.ozone.client.io.BlockOutputStreamEntryPool.allocateNewBlock(BlockOutputStreamEntryPool.java:258)
	at org.apache.hadoop.ozone.client.io.BlockOutputStreamEntryPool.allocateBlockIfNeeded(BlockOutputStreamEntryPool.java:306)
	at org.apache.hadoop.ozone.client.io.KeyOutputStream.handleWrite(KeyOutputStream.java:198)
	at org.apache.hadoop.ozone.client.io.KeyOutputStream.handleRetry(KeyOutputStream.java:375)
	at org.apache.hadoop.ozone.client.io.KeyOutputStream.handleException(KeyOutputStream.java:324)
	at org.apache.hadoop.ozone.client.io.KeyOutputStream.handleWrite(KeyOutputStream.java:228)
	at org.apache.hadoop.ozone.client.io.KeyOutputStream.handleRetry(KeyOutputStream.java:375)
	at org.apache.hadoop.ozone.client.io.KeyOutputStream.handleException(KeyOutputStream.java:324)
	at org.apache.hadoop.ozone.client.io.KeyOutputStream.handleWrite(KeyOutputStream.java:228)
	at org.apache.hadoop.ozone.client.io.KeyOutputStream.handleRetry(KeyOutputStream.java:375)
	at org.apache.hadoop.ozone.client.io.KeyOutputStream.handleException(KeyOutputStream.java:324)
	at org.apache.hadoop.ozone.client.io.KeyOutputStream.handleWrite(KeyOutputStream.java:228)
	at org.apache.hadoop.ozone.client.io.KeyOutputStream.write(KeyOutputStream.java:190)
	at org.apache.hadoop.ozone.client.io.OzoneOutputStream.write(OzoneOutputStream.java:49)
	at org.apache.hadoop.ozone.freon.RandomKeyGenerator.createKey(RandomKeyGenerator.java:708)
	at org.apache.hadoop.ozone.freon.RandomKeyGenerator.access$1100(RandomKeyGenerator.java:88)
	at org.apache.hadoop.ozone.freon.RandomKeyGenerator$ObjectCreator.run(RandomKeyGenerator.java:615)
	at java.util.concurrent.Executors$RunnableAdapter.call(Executors.java:511)
	at java.util.concurrent.FutureTask.run(FutureTask.java:266)
	at java.util.concurrent.ThreadPoolExecutor.runWorker(ThreadPoolExecutor.java:1149)
	at java.util.concurrent.ThreadPoolExecutor$Worker.run(ThreadPoolExecutor.java:624)
	at java.lang.Thread.run(Thread.java:748)
2019-10-16 22:21:21,016 [pool-73-thread-3] ERROR freon.RandomKeyGenerator (RandomKeyGenerator.java:createKey(733)) - Exception while adding key: key-0-99490 in bucket: bucket-0-65620 of volume: vol-0-81480.
INTERNAL_ERROR org.apache.hadoop.ozone.om.exceptions.OMException: Allocated 0 blocks. Requested 1 blocks
	at org.apache.hadoop.ozone.om.protocolPB.OzoneManagerProtocolClientSideTranslatorPB.handleError(OzoneManagerProtocolClientSideTranslatorPB.java:732)
	at org.apache.hadoop.ozone.om.protocolPB.OzoneManagerProtocolClientSideTranslatorPB.allocateBlock(OzoneManagerProtocolClientSideTranslatorPB.java:764)
	at sun.reflect.NativeMethodAccessorImpl.invoke0(Native Method)
	at sun.reflect.NativeMethodAccessorImpl.invoke(NativeMethodAccessorImpl.java:62)
	at sun.reflect.DelegatingMethodAccessorImpl.invoke(DelegatingMethodAccessorImpl.java:43)
	at java.lang.reflect.Method.invoke(Method.java:498)
	at org.apache.hadoop.hdds.tracing.TraceAllMethod.invoke(TraceAllMethod.java:66)
	at com.sun.proxy.$Proxy37.allocateBlock(Unknown Source)
	at org.apache.hadoop.ozone.client.io.BlockOutputStreamEntryPool.allocateNewBlock(BlockOutputStreamEntryPool.java:258)
	at org.apache.hadoop.ozone.client.io.BlockOutputStreamEntryPool.allocateBlockIfNeeded(BlockOutputStreamEntryPool.java:306)
	at org.apache.hadoop.ozone.client.io.KeyOutputStream.handleWrite(KeyOutputStream.java:198)
	at org.apache.hadoop.ozone.client.io.KeyOutputStream.handleRetry(KeyOutputStream.java:375)
	at org.apache.hadoop.ozone.client.io.KeyOutputStream.handleException(KeyOutputStream.java:324)
	at org.apache.hadoop.ozone.client.io.KeyOutputStream.handleWrite(KeyOutputStream.java:228)
	at org.apache.hadoop.ozone.client.io.KeyOutputStream.handleRetry(KeyOutputStream.java:375)
	at org.apache.hadoop.ozone.client.io.KeyOutputStream.handleException(KeyOutputStream.java:324)
	at org.apache.hadoop.ozone.client.io.KeyOutputStream.handleWrite(KeyOutputStream.java:228)
	at org.apache.hadoop.ozone.client.io.KeyOutputStream.handleRetry(KeyOutputStream.java:375)
	at org.apache.hadoop.ozone.client.io.KeyOutputStream.handleException(KeyOutputStream.java:324)
	at org.apache.hadoop.ozone.client.io.KeyOutputStream.handleWrite(KeyOutputStream.java:228)
	at org.apache.hadoop.ozone.client.io.KeyOutputStream.write(KeyOutputStream.java:190)
	at org.apache.hadoop.ozone.client.io.OzoneOutputStream.write(OzoneOutputStream.java:49)
	at org.apache.hadoop.ozone.freon.RandomKeyGenerator.createKey(RandomKeyGenerator.java:708)
	at org.apache.hadoop.ozone.freon.RandomKeyGenerator.access$1100(RandomKeyGenerator.java:88)
	at org.apache.hadoop.ozone.freon.RandomKeyGenerator$ObjectCreator.run(RandomKeyGenerator.java:615)
	at java.util.concurrent.Executors$RunnableAdapter.call(Executors.java:511)
	at java.util.concurrent.FutureTask.run(FutureTask.java:266)
	at java.util.concurrent.ThreadPoolExecutor.runWorker(ThreadPoolExecutor.java:1149)
	at java.util.concurrent.ThreadPoolExecutor$Worker.run(ThreadPoolExecutor.java:624)
	at java.lang.Thread.run(Thread.java:748)
 0.00% |?                                                                                                    |  0/1 Time: 0:03:232019-10-16 22:21:21,128 [Thread-671] INFO  impl.FollowerState (FollowerState.java:run(108)) - 80429b0a-59fd-4cc1-aa54-c7e113f2fc75@group-3F44BD8069CF-FollowerState: change to CANDIDATE, lastRpcTime:142ms, electionTimeout:142ms
2019-10-16 22:21:21,128 [Thread-671] INFO  impl.RoleInfo (RoleInfo.java:shutdownFollowerState(121)) - 80429b0a-59fd-4cc1-aa54-c7e113f2fc75: shutdown FollowerState
2019-10-16 22:21:21,128 [Thread-671] INFO  impl.RaftServerImpl (RaftServerImpl.java:setRole(184)) - 80429b0a-59fd-4cc1-aa54-c7e113f2fc75@group-3F44BD8069CF: changes role from  FOLLOWER to CANDIDATE at term 7 for changeToCandidate
2019-10-16 22:21:21,129 [Thread-671] INFO  impl.RoleInfo (RoleInfo.java:updateAndGet(143)) - 80429b0a-59fd-4cc1-aa54-c7e113f2fc75: start LeaderElection
2019-10-16 22:21:21,143 [80429b0a-59fd-4cc1-aa54-c7e113f2fc75@group-3F44BD8069CF-LeaderElection15] INFO  impl.LeaderElection (LeaderElection.java:askForVotes(178)) - 80429b0a-59fd-4cc1-aa54-c7e113f2fc75@group-3F44BD8069CF-LeaderElection15: begin an election at term 8 for -1: [80429b0a-59fd-4cc1-aa54-c7e113f2fc75:192.168.34.38:36487, 10709bda-d4dc-4a9c-9e19-12e8b772be2f:192.168.34.38:34412, eb983093-91d2-4010-938b-148522e57322:192.168.34.38:40909], old=null
2019-10-16 22:21:21,148 [grpc-default-executor-9] INFO  impl.RaftServerImpl (RaftServerImpl.java:setRole(184)) - 10709bda-d4dc-4a9c-9e19-12e8b772be2f@group-3F44BD8069CF: changes role from  FOLLOWER to FOLLOWER at term 8 for recognizeCandidate:80429b0a-59fd-4cc1-aa54-c7e113f2fc75
2019-10-16 22:21:21,154 [grpc-default-executor-9] INFO  impl.RoleInfo (RoleInfo.java:shutdownFollowerState(121)) - 10709bda-d4dc-4a9c-9e19-12e8b772be2f: shutdown FollowerState
2019-10-16 22:21:21,154 [grpc-default-executor-11] INFO  impl.RaftServerImpl (RaftServerImpl.java:setRole(184)) - eb983093-91d2-4010-938b-148522e57322@group-3F44BD8069CF: changes role from  FOLLOWER to FOLLOWER at term 8 for recognizeCandidate:80429b0a-59fd-4cc1-aa54-c7e113f2fc75
2019-10-16 22:21:21,154 [Thread-669] INFO  impl.FollowerState (FollowerState.java:run(117)) - 10709bda-d4dc-4a9c-9e19-12e8b772be2f@group-3F44BD8069CF-FollowerState was interrupted: java.lang.InterruptedException: sleep interrupted
2019-10-16 22:21:21,154 [grpc-default-executor-9] INFO  impl.RoleInfo (RoleInfo.java:updateAndGet(143)) - 10709bda-d4dc-4a9c-9e19-12e8b772be2f: start FollowerState
2019-10-16 22:21:21,154 [grpc-default-executor-11] INFO  impl.RoleInfo (RoleInfo.java:shutdownFollowerState(121)) - eb983093-91d2-4010-938b-148522e57322: shutdown FollowerState
2019-10-16 22:21:21,159 [grpc-default-executor-11] INFO  impl.RoleInfo (RoleInfo.java:updateAndGet(143)) - eb983093-91d2-4010-938b-148522e57322: start FollowerState
2019-10-16 22:21:21,159 [Thread-670] INFO  impl.FollowerState (FollowerState.java:run(117)) - eb983093-91d2-4010-938b-148522e57322@group-3F44BD8069CF-FollowerState was interrupted: java.lang.InterruptedException: sleep interrupted
2019-10-16 22:21:21,174 [80429b0a-59fd-4cc1-aa54-c7e113f2fc75@group-3F44BD8069CF-LeaderElection15] INFO  impl.LeaderElection (LeaderElection.java:logAndReturn(56)) - 80429b0a-59fd-4cc1-aa54-c7e113f2fc75@group-3F44BD8069CF-LeaderElection15: Election REJECTED; received 2 response(s) [80429b0a-59fd-4cc1-aa54-c7e113f2fc75<-10709bda-d4dc-4a9c-9e19-12e8b772be2f#0:FAIL-t8, 80429b0a-59fd-4cc1-aa54-c7e113f2fc75<-eb983093-91d2-4010-938b-148522e57322#0:FAIL-t8] and 0 exception(s); 80429b0a-59fd-4cc1-aa54-c7e113f2fc75@group-3F44BD8069CF:t8, leader=null, voted=80429b0a-59fd-4cc1-aa54-c7e113f2fc75, raftlog=80429b0a-59fd-4cc1-aa54-c7e113f2fc75@group-3F44BD8069CF-SegmentedRaftLog:OPENED:c-1,f-1,i0, conf=-1: [80429b0a-59fd-4cc1-aa54-c7e113f2fc75:192.168.34.38:36487, 10709bda-d4dc-4a9c-9e19-12e8b772be2f:192.168.34.38:34412, eb983093-91d2-4010-938b-148522e57322:192.168.34.38:40909], old=null
2019-10-16 22:21:21,174 [80429b0a-59fd-4cc1-aa54-c7e113f2fc75@group-3F44BD8069CF-LeaderElection15] INFO  impl.RaftServerImpl (RaftServerImpl.java:setRole(184)) - 80429b0a-59fd-4cc1-aa54-c7e113f2fc75@group-3F44BD8069CF: changes role from CANDIDATE to FOLLOWER at term 8 for DISCOVERED_A_NEW_TERM
2019-10-16 22:21:21,174 [80429b0a-59fd-4cc1-aa54-c7e113f2fc75@group-3F44BD8069CF-LeaderElection15] INFO  impl.RoleInfo (RoleInfo.java:shutdownLeaderElection(134)) - 80429b0a-59fd-4cc1-aa54-c7e113f2fc75: shutdown LeaderElection
2019-10-16 22:21:21,174 [80429b0a-59fd-4cc1-aa54-c7e113f2fc75@group-3F44BD8069CF-LeaderElection15] INFO  impl.RoleInfo (RoleInfo.java:updateAndGet(143)) - 80429b0a-59fd-4cc1-aa54-c7e113f2fc75: start FollowerState
2019-10-16 22:21:21,276 [Thread-679] INFO  impl.FollowerState (FollowerState.java:run(108)) - 80429b0a-59fd-4cc1-aa54-c7e113f2fc75@group-3F44BD8069CF-FollowerState: change to CANDIDATE, lastRpcTime:101ms, electionTimeout:101ms
2019-10-16 22:21:21,278 [Thread-679] INFO  impl.RoleInfo (RoleInfo.java:shutdownFollowerState(121)) - 80429b0a-59fd-4cc1-aa54-c7e113f2fc75: shutdown FollowerState
2019-10-16 22:21:21,278 [Thread-679] INFO  impl.RaftServerImpl (RaftServerImpl.java:setRole(184)) - 80429b0a-59fd-4cc1-aa54-c7e113f2fc75@group-3F44BD8069CF: changes role from  FOLLOWER to CANDIDATE at term 8 for changeToCandidate
2019-10-16 22:21:21,278 [Thread-679] INFO  impl.RoleInfo (RoleInfo.java:updateAndGet(143)) - 80429b0a-59fd-4cc1-aa54-c7e113f2fc75: start LeaderElection
2019-10-16 22:21:21,294 [80429b0a-59fd-4cc1-aa54-c7e113f2fc75@group-3F44BD8069CF-LeaderElection16] INFO  impl.LeaderElection (LeaderElection.java:askForVotes(178)) - 80429b0a-59fd-4cc1-aa54-c7e113f2fc75@group-3F44BD8069CF-LeaderElection16: begin an election at term 9 for -1: [80429b0a-59fd-4cc1-aa54-c7e113f2fc75:192.168.34.38:36487, 10709bda-d4dc-4a9c-9e19-12e8b772be2f:192.168.34.38:34412, eb983093-91d2-4010-938b-148522e57322:192.168.34.38:40909], old=null
2019-10-16 22:21:21,298 [grpc-default-executor-11] INFO  impl.RaftServerImpl (RaftServerImpl.java:setRole(184)) - 10709bda-d4dc-4a9c-9e19-12e8b772be2f@group-3F44BD8069CF: changes role from  FOLLOWER to FOLLOWER at term 9 for recognizeCandidate:80429b0a-59fd-4cc1-aa54-c7e113f2fc75
2019-10-16 22:21:21,298 [grpc-default-executor-9] INFO  impl.RaftServerImpl (RaftServerImpl.java:setRole(184)) - eb983093-91d2-4010-938b-148522e57322@group-3F44BD8069CF: changes role from  FOLLOWER to FOLLOWER at term 9 for recognizeCandidate:80429b0a-59fd-4cc1-aa54-c7e113f2fc75
2019-10-16 22:21:21,298 [grpc-default-executor-11] INFO  impl.RoleInfo (RoleInfo.java:shutdownFollowerState(121)) - 10709bda-d4dc-4a9c-9e19-12e8b772be2f: shutdown FollowerState
2019-10-16 22:21:21,298 [grpc-default-executor-9] INFO  impl.RoleInfo (RoleInfo.java:shutdownFollowerState(121)) - eb983093-91d2-4010-938b-148522e57322: shutdown FollowerState
2019-10-16 22:21:21,298 [Thread-677] INFO  impl.FollowerState (FollowerState.java:run(117)) - 10709bda-d4dc-4a9c-9e19-12e8b772be2f@group-3F44BD8069CF-FollowerState was interrupted: java.lang.InterruptedException: sleep interrupted
2019-10-16 22:21:21,299 [grpc-default-executor-9] INFO  impl.RoleInfo (RoleInfo.java:updateAndGet(143)) - eb983093-91d2-4010-938b-148522e57322: start FollowerState
2019-10-16 22:21:21,298 [grpc-default-executor-11] INFO  impl.RoleInfo (RoleInfo.java:updateAndGet(143)) - 10709bda-d4dc-4a9c-9e19-12e8b772be2f: start FollowerState
2019-10-16 22:21:21,299 [Thread-678] INFO  impl.FollowerState (FollowerState.java:run(117)) - eb983093-91d2-4010-938b-148522e57322@group-3F44BD8069CF-FollowerState was interrupted: java.lang.InterruptedException: sleep interrupted
2019-10-16 22:21:21,325 [80429b0a-59fd-4cc1-aa54-c7e113f2fc75@group-3F44BD8069CF-LeaderElection16] INFO  impl.LeaderElection (LeaderElection.java:logAndReturn(56)) - 80429b0a-59fd-4cc1-aa54-c7e113f2fc75@group-3F44BD8069CF-LeaderElection16: Election REJECTED; received 2 response(s) [80429b0a-59fd-4cc1-aa54-c7e113f2fc75<-10709bda-d4dc-4a9c-9e19-12e8b772be2f#0:FAIL-t9, 80429b0a-59fd-4cc1-aa54-c7e113f2fc75<-eb983093-91d2-4010-938b-148522e57322#0:FAIL-t9] and 0 exception(s); 80429b0a-59fd-4cc1-aa54-c7e113f2fc75@group-3F44BD8069CF:t9, leader=null, voted=80429b0a-59fd-4cc1-aa54-c7e113f2fc75, raftlog=80429b0a-59fd-4cc1-aa54-c7e113f2fc75@group-3F44BD8069CF-SegmentedRaftLog:OPENED:c-1,f-1,i0, conf=-1: [80429b0a-59fd-4cc1-aa54-c7e113f2fc75:192.168.34.38:36487, 10709bda-d4dc-4a9c-9e19-12e8b772be2f:192.168.34.38:34412, eb983093-91d2-4010-938b-148522e57322:192.168.34.38:40909], old=null
2019-10-16 22:21:21,325 [80429b0a-59fd-4cc1-aa54-c7e113f2fc75@group-3F44BD8069CF-LeaderElection16] INFO  impl.RaftServerImpl (RaftServerImpl.java:setRole(184)) - 80429b0a-59fd-4cc1-aa54-c7e113f2fc75@group-3F44BD8069CF: changes role from CANDIDATE to FOLLOWER at term 9 for DISCOVERED_A_NEW_TERM
2019-10-16 22:21:21,325 [80429b0a-59fd-4cc1-aa54-c7e113f2fc75@group-3F44BD8069CF-LeaderElection16] INFO  impl.RoleInfo (RoleInfo.java:shutdownLeaderElection(134)) - 80429b0a-59fd-4cc1-aa54-c7e113f2fc75: shutdown LeaderElection
2019-10-16 22:21:21,325 [80429b0a-59fd-4cc1-aa54-c7e113f2fc75@group-3F44BD8069CF-LeaderElection16] INFO  impl.RoleInfo (RoleInfo.java:updateAndGet(143)) - 80429b0a-59fd-4cc1-aa54-c7e113f2fc75: start FollowerState
2019-10-16 22:21:21,346 [Thread-685] INFO  impl.FollowerState (FollowerState.java:run(108)) - 80429b0a-59fd-4cc1-aa54-c7e113f2fc75@group-3F44BD8069CF-FollowerState: change to CANDIDATE, lastRpcTime:20ms, electionTimeout:20ms
2019-10-16 22:21:21,347 [Thread-685] INFO  impl.RoleInfo (RoleInfo.java:shutdownFollowerState(121)) - 80429b0a-59fd-4cc1-aa54-c7e113f2fc75: shutdown FollowerState
2019-10-16 22:21:21,347 [Thread-685] INFO  impl.RaftServerImpl (RaftServerImpl.java:setRole(184)) - 80429b0a-59fd-4cc1-aa54-c7e113f2fc75@group-3F44BD8069CF: changes role from  FOLLOWER to CANDIDATE at term 9 for changeToCandidate
2019-10-16 22:21:21,348 [Thread-685] INFO  impl.RoleInfo (RoleInfo.java:updateAndGet(143)) - 80429b0a-59fd-4cc1-aa54-c7e113f2fc75: start LeaderElection
2019-10-16 22:21:21,374 [80429b0a-59fd-4cc1-aa54-c7e113f2fc75@group-3F44BD8069CF-LeaderElection17] INFO  impl.LeaderElection (LeaderElection.java:askForVotes(178)) - 80429b0a-59fd-4cc1-aa54-c7e113f2fc75@group-3F44BD8069CF-LeaderElection17: begin an election at term 10 for -1: [80429b0a-59fd-4cc1-aa54-c7e113f2fc75:192.168.34.38:36487, 10709bda-d4dc-4a9c-9e19-12e8b772be2f:192.168.34.38:34412, eb983093-91d2-4010-938b-148522e57322:192.168.34.38:40909], old=null
2019-10-16 22:21:21,378 [grpc-default-executor-9] INFO  impl.RaftServerImpl (RaftServerImpl.java:setRole(184)) - 10709bda-d4dc-4a9c-9e19-12e8b772be2f@group-3F44BD8069CF: changes role from  FOLLOWER to FOLLOWER at term 10 for recognizeCandidate:80429b0a-59fd-4cc1-aa54-c7e113f2fc75
2019-10-16 22:21:21,378 [grpc-default-executor-9] INFO  impl.RoleInfo (RoleInfo.java:shutdownFollowerState(121)) - 10709bda-d4dc-4a9c-9e19-12e8b772be2f: shutdown FollowerState
2019-10-16 22:21:21,378 [grpc-default-executor-11] INFO  impl.RaftServerImpl (RaftServerImpl.java:setRole(184)) - eb983093-91d2-4010-938b-148522e57322@group-3F44BD8069CF: changes role from  FOLLOWER to FOLLOWER at term 10 for recognizeCandidate:80429b0a-59fd-4cc1-aa54-c7e113f2fc75
2019-10-16 22:21:21,378 [Thread-683] INFO  impl.FollowerState (FollowerState.java:run(117)) - 10709bda-d4dc-4a9c-9e19-12e8b772be2f@group-3F44BD8069CF-FollowerState was interrupted: java.lang.InterruptedException: sleep interrupted
2019-10-16 22:21:21,378 [grpc-default-executor-9] INFO  impl.RoleInfo (RoleInfo.java:updateAndGet(143)) - 10709bda-d4dc-4a9c-9e19-12e8b772be2f: start FollowerState
2019-10-16 22:21:21,378 [grpc-default-executor-11] INFO  impl.RoleInfo (RoleInfo.java:shutdownFollowerState(121)) - eb983093-91d2-4010-938b-148522e57322: shutdown FollowerState
2019-10-16 22:21:21,380 [grpc-default-executor-11] INFO  impl.RoleInfo (RoleInfo.java:updateAndGet(143)) - eb983093-91d2-4010-938b-148522e57322: start FollowerState
2019-10-16 22:21:21,380 [Thread-684] INFO  impl.FollowerState (FollowerState.java:run(117)) - eb983093-91d2-4010-938b-148522e57322@group-3F44BD8069CF-FollowerState was interrupted: java.lang.InterruptedException: sleep interrupted
2019-10-16 22:21:21,409 [80429b0a-59fd-4cc1-aa54-c7e113f2fc75@group-3F44BD8069CF-LeaderElection17] INFO  impl.LeaderElection (LeaderElection.java:logAndReturn(56)) - 80429b0a-59fd-4cc1-aa54-c7e113f2fc75@group-3F44BD8069CF-LeaderElection17: Election REJECTED; received 2 response(s) [80429b0a-59fd-4cc1-aa54-c7e113f2fc75<-10709bda-d4dc-4a9c-9e19-12e8b772be2f#0:FAIL-t10, 80429b0a-59fd-4cc1-aa54-c7e113f2fc75<-eb983093-91d2-4010-938b-148522e57322#0:FAIL-t10] and 0 exception(s); 80429b0a-59fd-4cc1-aa54-c7e113f2fc75@group-3F44BD8069CF:t10, leader=null, voted=80429b0a-59fd-4cc1-aa54-c7e113f2fc75, raftlog=80429b0a-59fd-4cc1-aa54-c7e113f2fc75@group-3F44BD8069CF-SegmentedRaftLog:OPENED:c-1,f-1,i0, conf=-1: [80429b0a-59fd-4cc1-aa54-c7e113f2fc75:192.168.34.38:36487, 10709bda-d4dc-4a9c-9e19-12e8b772be2f:192.168.34.38:34412, eb983093-91d2-4010-938b-148522e57322:192.168.34.38:40909], old=null
2019-10-16 22:21:21,409 [80429b0a-59fd-4cc1-aa54-c7e113f2fc75@group-3F44BD8069CF-LeaderElection17] INFO  impl.RaftServerImpl (RaftServerImpl.java:setRole(184)) - 80429b0a-59fd-4cc1-aa54-c7e113f2fc75@group-3F44BD8069CF: changes role from CANDIDATE to FOLLOWER at term 10 for DISCOVERED_A_NEW_TERM
2019-10-16 22:21:21,409 [80429b0a-59fd-4cc1-aa54-c7e113f2fc75@group-3F44BD8069CF-LeaderElection17] INFO  impl.RoleInfo (RoleInfo.java:shutdownLeaderElection(134)) - 80429b0a-59fd-4cc1-aa54-c7e113f2fc75: shutdown LeaderElection
2019-10-16 22:21:21,409 [80429b0a-59fd-4cc1-aa54-c7e113f2fc75@group-3F44BD8069CF-LeaderElection17] INFO  impl.RoleInfo (RoleInfo.java:updateAndGet(143)) - 80429b0a-59fd-4cc1-aa54-c7e113f2fc75: start FollowerState
2019-10-16 22:21:21,411 [Thread-691] INFO  impl.FollowerState (FollowerState.java:run(108)) - 80429b0a-59fd-4cc1-aa54-c7e113f2fc75@group-3F44BD8069CF-FollowerState: change to CANDIDATE, lastRpcTime:1ms, electionTimeout:1ms
2019-10-16 22:21:21,412 [Thread-691] INFO  impl.RoleInfo (RoleInfo.java:shutdownFollowerState(121)) - 80429b0a-59fd-4cc1-aa54-c7e113f2fc75: shutdown FollowerState
2019-10-16 22:21:21,412 [Thread-691] INFO  impl.RaftServerImpl (RaftServerImpl.java:setRole(184)) - 80429b0a-59fd-4cc1-aa54-c7e113f2fc75@group-3F44BD8069CF: changes role from  FOLLOWER to CANDIDATE at term 10 for changeToCandidate
2019-10-16 22:21:21,413 [Thread-691] INFO  impl.RoleInfo (RoleInfo.java:updateAndGet(143)) - 80429b0a-59fd-4cc1-aa54-c7e113f2fc75: start LeaderElection
2019-10-16 22:21:21,436 [80429b0a-59fd-4cc1-aa54-c7e113f2fc75@group-3F44BD8069CF-LeaderElection18] INFO  impl.LeaderElection (LeaderElection.java:askForVotes(178)) - 80429b0a-59fd-4cc1-aa54-c7e113f2fc75@group-3F44BD8069CF-LeaderElection18: begin an election at term 11 for -1: [80429b0a-59fd-4cc1-aa54-c7e113f2fc75:192.168.34.38:36487, 10709bda-d4dc-4a9c-9e19-12e8b772be2f:192.168.34.38:34412, eb983093-91d2-4010-938b-148522e57322:192.168.34.38:40909], old=null
2019-10-16 22:21:21,439 [grpc-default-executor-9] INFO  impl.RaftServerImpl (RaftServerImpl.java:setRole(184)) - 10709bda-d4dc-4a9c-9e19-12e8b772be2f@group-3F44BD8069CF: changes role from  FOLLOWER to FOLLOWER at term 11 for recognizeCandidate:80429b0a-59fd-4cc1-aa54-c7e113f2fc75
2019-10-16 22:21:21,439 [grpc-default-executor-9] INFO  impl.RoleInfo (RoleInfo.java:shutdownFollowerState(121)) - 10709bda-d4dc-4a9c-9e19-12e8b772be2f: shutdown FollowerState
2019-10-16 22:21:21,439 [grpc-default-executor-11] INFO  impl.RaftServerImpl (RaftServerImpl.java:setRole(184)) - eb983093-91d2-4010-938b-148522e57322@group-3F44BD8069CF: changes role from  FOLLOWER to FOLLOWER at term 11 for recognizeCandidate:80429b0a-59fd-4cc1-aa54-c7e113f2fc75
2019-10-16 22:21:21,439 [grpc-default-executor-9] INFO  impl.RoleInfo (RoleInfo.java:updateAndGet(143)) - 10709bda-d4dc-4a9c-9e19-12e8b772be2f: start FollowerState
2019-10-16 22:21:21,439 [Thread-689] INFO  impl.FollowerState (FollowerState.java:run(117)) - 10709bda-d4dc-4a9c-9e19-12e8b772be2f@group-3F44BD8069CF-FollowerState was interrupted: java.lang.InterruptedException: sleep interrupted
2019-10-16 22:21:21,439 [grpc-default-executor-11] INFO  impl.RoleInfo (RoleInfo.java:shutdownFollowerState(121)) - eb983093-91d2-4010-938b-148522e57322: shutdown FollowerState
2019-10-16 22:21:21,441 [grpc-default-executor-11] INFO  impl.RoleInfo (RoleInfo.java:updateAndGet(143)) - eb983093-91d2-4010-938b-148522e57322: start FollowerState
2019-10-16 22:21:21,441 [Thread-690] INFO  impl.FollowerState (FollowerState.java:run(117)) - eb983093-91d2-4010-938b-148522e57322@group-3F44BD8069CF-FollowerState was interrupted: java.lang.InterruptedException: sleep interrupted
2019-10-16 22:21:21,467 [80429b0a-59fd-4cc1-aa54-c7e113f2fc75@group-3F44BD8069CF-LeaderElection18] INFO  impl.LeaderElection (LeaderElection.java:logAndReturn(56)) - 80429b0a-59fd-4cc1-aa54-c7e113f2fc75@group-3F44BD8069CF-LeaderElection18: Election REJECTED; received 2 response(s) [80429b0a-59fd-4cc1-aa54-c7e113f2fc75<-10709bda-d4dc-4a9c-9e19-12e8b772be2f#0:FAIL-t11, 80429b0a-59fd-4cc1-aa54-c7e113f2fc75<-eb983093-91d2-4010-938b-148522e57322#0:FAIL-t11] and 0 exception(s); 80429b0a-59fd-4cc1-aa54-c7e113f2fc75@group-3F44BD8069CF:t11, leader=null, voted=80429b0a-59fd-4cc1-aa54-c7e113f2fc75, raftlog=80429b0a-59fd-4cc1-aa54-c7e113f2fc75@group-3F44BD8069CF-SegmentedRaftLog:OPENED:c-1,f-1,i0, conf=-1: [80429b0a-59fd-4cc1-aa54-c7e113f2fc75:192.168.34.38:36487, 10709bda-d4dc-4a9c-9e19-12e8b772be2f:192.168.34.38:34412, eb983093-91d2-4010-938b-148522e57322:192.168.34.38:40909], old=null
2019-10-16 22:21:21,468 [80429b0a-59fd-4cc1-aa54-c7e113f2fc75@group-3F44BD8069CF-LeaderElection18] INFO  impl.RaftServerImpl (RaftServerImpl.java:setRole(184)) - 80429b0a-59fd-4cc1-aa54-c7e113f2fc75@group-3F44BD8069CF: changes role from CANDIDATE to FOLLOWER at term 11 for DISCOVERED_A_NEW_TERM
2019-10-16 22:21:21,468 [80429b0a-59fd-4cc1-aa54-c7e113f2fc75@group-3F44BD8069CF-LeaderElection18] INFO  impl.RoleInfo (RoleInfo.java:shutdownLeaderElection(134)) - 80429b0a-59fd-4cc1-aa54-c7e113f2fc75: shutdown LeaderElection
2019-10-16 22:21:21,468 [80429b0a-59fd-4cc1-aa54-c7e113f2fc75@group-3F44BD8069CF-LeaderElection18] INFO  impl.RoleInfo (RoleInfo.java:updateAndGet(143)) - 80429b0a-59fd-4cc1-aa54-c7e113f2fc75: start FollowerState
2019-10-16 22:21:21,647 [Thread-697] INFO  impl.FollowerState (FollowerState.java:run(108)) - 80429b0a-59fd-4cc1-aa54-c7e113f2fc75@group-3F44BD8069CF-FollowerState: change to CANDIDATE, lastRpcTime:179ms, electionTimeout:179ms
2019-10-16 22:21:21,650 [Thread-697] INFO  impl.RoleInfo (RoleInfo.java:shutdownFollowerState(121)) - 80429b0a-59fd-4cc1-aa54-c7e113f2fc75: shutdown FollowerState
2019-10-16 22:21:21,650 [Thread-697] INFO  impl.RaftServerImpl (RaftServerImpl.java:setRole(184)) - 80429b0a-59fd-4cc1-aa54-c7e113f2fc75@group-3F44BD8069CF: changes role from  FOLLOWER to CANDIDATE at term 11 for changeToCandidate
2019-10-16 22:21:21,650 [Thread-697] INFO  impl.RoleInfo (RoleInfo.java:updateAndGet(143)) - 80429b0a-59fd-4cc1-aa54-c7e113f2fc75: start LeaderElection
2019-10-16 22:21:21,678 [80429b0a-59fd-4cc1-aa54-c7e113f2fc75@group-3F44BD8069CF-LeaderElection19] INFO  impl.LeaderElection (LeaderElection.java:askForVotes(178)) - 80429b0a-59fd-4cc1-aa54-c7e113f2fc75@group-3F44BD8069CF-LeaderElection19: begin an election at term 12 for -1: [80429b0a-59fd-4cc1-aa54-c7e113f2fc75:192.168.34.38:36487, 10709bda-d4dc-4a9c-9e19-12e8b772be2f:192.168.34.38:34412, eb983093-91d2-4010-938b-148522e57322:192.168.34.38:40909], old=null
2019-10-16 22:21:21,680 [grpc-default-executor-11] INFO  impl.RaftServerImpl (RaftServerImpl.java:setRole(184)) - 10709bda-d4dc-4a9c-9e19-12e8b772be2f@group-3F44BD8069CF: changes role from  FOLLOWER to FOLLOWER at term 12 for recognizeCandidate:80429b0a-59fd-4cc1-aa54-c7e113f2fc75
2019-10-16 22:21:21,681 [grpc-default-executor-11] INFO  impl.RoleInfo (RoleInfo.java:shutdownFollowerState(121)) - 10709bda-d4dc-4a9c-9e19-12e8b772be2f: shutdown FollowerState
2019-10-16 22:21:21,681 [grpc-default-executor-11] INFO  impl.RoleInfo (RoleInfo.java:updateAndGet(143)) - 10709bda-d4dc-4a9c-9e19-12e8b772be2f: start FollowerState
2019-10-16 22:21:21,681 [Thread-695] INFO  impl.FollowerState (FollowerState.java:run(117)) - 10709bda-d4dc-4a9c-9e19-12e8b772be2f@group-3F44BD8069CF-FollowerState was interrupted: java.lang.InterruptedException: sleep interrupted
2019-10-16 22:21:21,681 [grpc-default-executor-9] INFO  impl.RaftServerImpl (RaftServerImpl.java:setRole(184)) - eb983093-91d2-4010-938b-148522e57322@group-3F44BD8069CF: changes role from  FOLLOWER to FOLLOWER at term 12 for recognizeCandidate:80429b0a-59fd-4cc1-aa54-c7e113f2fc75
2019-10-16 22:21:21,683 [grpc-default-executor-9] INFO  impl.RoleInfo (RoleInfo.java:shutdownFollowerState(121)) - eb983093-91d2-4010-938b-148522e57322: shutdown FollowerState
2019-10-16 22:21:21,683 [grpc-default-executor-9] INFO  impl.RoleInfo (RoleInfo.java:updateAndGet(143)) - eb983093-91d2-4010-938b-148522e57322: start FollowerState
2019-10-16 22:21:21,683 [Thread-696] INFO  impl.FollowerState (FollowerState.java:run(117)) - eb983093-91d2-4010-938b-148522e57322@group-3F44BD8069CF-FollowerState was interrupted: java.lang.InterruptedException: sleep interrupted
2019-10-16 22:21:21,709 [80429b0a-59fd-4cc1-aa54-c7e113f2fc75@group-3F44BD8069CF-LeaderElection19] INFO  impl.LeaderElection (LeaderElection.java:logAndReturn(56)) - 80429b0a-59fd-4cc1-aa54-c7e113f2fc75@group-3F44BD8069CF-LeaderElection19: Election REJECTED; received 2 response(s) [80429b0a-59fd-4cc1-aa54-c7e113f2fc75<-10709bda-d4dc-4a9c-9e19-12e8b772be2f#0:FAIL-t12, 80429b0a-59fd-4cc1-aa54-c7e113f2fc75<-eb983093-91d2-4010-938b-148522e57322#0:FAIL-t12] and 0 exception(s); 80429b0a-59fd-4cc1-aa54-c7e113f2fc75@group-3F44BD8069CF:t12, leader=null, voted=80429b0a-59fd-4cc1-aa54-c7e113f2fc75, raftlog=80429b0a-59fd-4cc1-aa54-c7e113f2fc75@group-3F44BD8069CF-SegmentedRaftLog:OPENED:c-1,f-1,i0, conf=-1: [80429b0a-59fd-4cc1-aa54-c7e113f2fc75:192.168.34.38:36487, 10709bda-d4dc-4a9c-9e19-12e8b772be2f:192.168.34.38:34412, eb983093-91d2-4010-938b-148522e57322:192.168.34.38:40909], old=null
2019-10-16 22:21:21,709 [80429b0a-59fd-4cc1-aa54-c7e113f2fc75@group-3F44BD8069CF-LeaderElection19] INFO  impl.RaftServerImpl (RaftServerImpl.java:setRole(184)) - 80429b0a-59fd-4cc1-aa54-c7e113f2fc75@group-3F44BD8069CF: changes role from CANDIDATE to FOLLOWER at term 12 for DISCOVERED_A_NEW_TERM
2019-10-16 22:21:21,709 [80429b0a-59fd-4cc1-aa54-c7e113f2fc75@group-3F44BD8069CF-LeaderElection19] INFO  impl.RoleInfo (RoleInfo.java:shutdownLeaderElection(134)) - 80429b0a-59fd-4cc1-aa54-c7e113f2fc75: shutdown LeaderElection
2019-10-16 22:21:21,710 [80429b0a-59fd-4cc1-aa54-c7e113f2fc75@group-3F44BD8069CF-LeaderElection19] INFO  impl.RoleInfo (RoleInfo.java:updateAndGet(143)) - 80429b0a-59fd-4cc1-aa54-c7e113f2fc75: start FollowerState
2019-10-16 22:21:21,838 [Thread-703] INFO  impl.FollowerState (FollowerState.java:run(108)) - 80429b0a-59fd-4cc1-aa54-c7e113f2fc75@group-3F44BD8069CF-FollowerState: change to CANDIDATE, lastRpcTime:128ms, electionTimeout:128ms
2019-10-16 22:21:21,844 [Thread-703] INFO  impl.RoleInfo (RoleInfo.java:shutdownFollowerState(121)) - 80429b0a-59fd-4cc1-aa54-c7e113f2fc75: shutdown FollowerState
2019-10-16 22:21:21,844 [Thread-703] INFO  impl.RaftServerImpl (RaftServerImpl.java:setRole(184)) - 80429b0a-59fd-4cc1-aa54-c7e113f2fc75@group-3F44BD8069CF: changes role from  FOLLOWER to CANDIDATE at term 12 for changeToCandidate
2019-10-16 22:21:21,844 [Thread-703] INFO  impl.RoleInfo (RoleInfo.java:updateAndGet(143)) - 80429b0a-59fd-4cc1-aa54-c7e113f2fc75: start LeaderElection
2019-10-16 22:21:21,859 [80429b0a-59fd-4cc1-aa54-c7e113f2fc75@group-3F44BD8069CF-LeaderElection20] INFO  impl.LeaderElection (LeaderElection.java:askForVotes(178)) - 80429b0a-59fd-4cc1-aa54-c7e113f2fc75@group-3F44BD8069CF-LeaderElection20: begin an election at term 13 for -1: [80429b0a-59fd-4cc1-aa54-c7e113f2fc75:192.168.34.38:36487, 10709bda-d4dc-4a9c-9e19-12e8b772be2f:192.168.34.38:34412, eb983093-91d2-4010-938b-148522e57322:192.168.34.38:40909], old=null
2019-10-16 22:21:21,864 [grpc-default-executor-9] INFO  impl.RaftServerImpl (RaftServerImpl.java:setRole(184)) - eb983093-91d2-4010-938b-148522e57322@group-3F44BD8069CF: changes role from  FOLLOWER to FOLLOWER at term 13 for recognizeCandidate:80429b0a-59fd-4cc1-aa54-c7e113f2fc75
2019-10-16 22:21:21,864 [grpc-default-executor-9] INFO  impl.RoleInfo (RoleInfo.java:shutdownFollowerState(121)) - eb983093-91d2-4010-938b-148522e57322: shutdown FollowerState
2019-10-16 22:21:21,864 [grpc-default-executor-11] INFO  impl.RaftServerImpl (RaftServerImpl.java:setRole(184)) - 10709bda-d4dc-4a9c-9e19-12e8b772be2f@group-3F44BD8069CF: changes role from  FOLLOWER to FOLLOWER at term 13 for recognizeCandidate:80429b0a-59fd-4cc1-aa54-c7e113f2fc75
2019-10-16 22:21:21,864 [Thread-702] INFO  impl.FollowerState (FollowerState.java:run(117)) - eb983093-91d2-4010-938b-148522e57322@group-3F44BD8069CF-FollowerState was interrupted: java.lang.InterruptedException: sleep interrupted
2019-10-16 22:21:21,864 [grpc-default-executor-9] INFO  impl.RoleInfo (RoleInfo.java:updateAndGet(143)) - eb983093-91d2-4010-938b-148522e57322: start FollowerState
2019-10-16 22:21:21,865 [grpc-default-executor-11] INFO  impl.RoleInfo (RoleInfo.java:shutdownFollowerState(121)) - 10709bda-d4dc-4a9c-9e19-12e8b772be2f: shutdown FollowerState
2019-10-16 22:21:21,866 [grpc-default-executor-11] INFO  impl.RoleInfo (RoleInfo.java:updateAndGet(143)) - 10709bda-d4dc-4a9c-9e19-12e8b772be2f: start FollowerState
2019-10-16 22:21:21,866 [Thread-701] INFO  impl.FollowerState (FollowerState.java:run(117)) - 10709bda-d4dc-4a9c-9e19-12e8b772be2f@group-3F44BD8069CF-FollowerState was interrupted: java.lang.InterruptedException: sleep interrupted
2019-10-16 22:21:21,882 [80429b0a-59fd-4cc1-aa54-c7e113f2fc75@group-3F44BD8069CF-LeaderElection20] INFO  impl.LeaderElection (LeaderElection.java:logAndReturn(56)) - 80429b0a-59fd-4cc1-aa54-c7e113f2fc75@group-3F44BD8069CF-LeaderElection20: Election REJECTED; received 2 response(s) [80429b0a-59fd-4cc1-aa54-c7e113f2fc75<-10709bda-d4dc-4a9c-9e19-12e8b772be2f#0:FAIL-t13, 80429b0a-59fd-4cc1-aa54-c7e113f2fc75<-eb983093-91d2-4010-938b-148522e57322#0:FAIL-t13] and 0 exception(s); 80429b0a-59fd-4cc1-aa54-c7e113f2fc75@group-3F44BD8069CF:t13, leader=null, voted=80429b0a-59fd-4cc1-aa54-c7e113f2fc75, raftlog=80429b0a-59fd-4cc1-aa54-c7e113f2fc75@group-3F44BD8069CF-SegmentedRaftLog:OPENED:c-1,f-1,i0, conf=-1: [80429b0a-59fd-4cc1-aa54-c7e113f2fc75:192.168.34.38:36487, 10709bda-d4dc-4a9c-9e19-12e8b772be2f:192.168.34.38:34412, eb983093-91d2-4010-938b-148522e57322:192.168.34.38:40909], old=null
2019-10-16 22:21:21,882 [80429b0a-59fd-4cc1-aa54-c7e113f2fc75@group-3F44BD8069CF-LeaderElection20] INFO  impl.RaftServerImpl (RaftServerImpl.java:setRole(184)) - 80429b0a-59fd-4cc1-aa54-c7e113f2fc75@group-3F44BD8069CF: changes role from CANDIDATE to FOLLOWER at term 13 for DISCOVERED_A_NEW_TERM
2019-10-16 22:21:21,882 [80429b0a-59fd-4cc1-aa54-c7e113f2fc75@group-3F44BD8069CF-LeaderElection20] INFO  impl.RoleInfo (RoleInfo.java:shutdownLeaderElection(134)) - 80429b0a-59fd-4cc1-aa54-c7e113f2fc75: shutdown LeaderElection
2019-10-16 22:21:21,882 [80429b0a-59fd-4cc1-aa54-c7e113f2fc75@group-3F44BD8069CF-LeaderElection20] INFO  impl.RoleInfo (RoleInfo.java:updateAndGet(143)) - 80429b0a-59fd-4cc1-aa54-c7e113f2fc75: start FollowerState
2019-10-16 22:21:21,920 [Thread-709] INFO  impl.FollowerState (FollowerState.java:run(108)) - 80429b0a-59fd-4cc1-aa54-c7e113f2fc75@group-3F44BD8069CF-FollowerState: change to CANDIDATE, lastRpcTime:37ms, electionTimeout:37ms
2019-10-16 22:21:21,922 [Thread-709] INFO  impl.RoleInfo (RoleInfo.java:shutdownFollowerState(121)) - 80429b0a-59fd-4cc1-aa54-c7e113f2fc75: shutdown FollowerState
2019-10-16 22:21:21,922 [Thread-709] INFO  impl.RaftServerImpl (RaftServerImpl.java:setRole(184)) - 80429b0a-59fd-4cc1-aa54-c7e113f2fc75@group-3F44BD8069CF: changes role from  FOLLOWER to CANDIDATE at term 13 for changeToCandidate
2019-10-16 22:21:21,922 [Thread-709] INFO  impl.RoleInfo (RoleInfo.java:updateAndGet(143)) - 80429b0a-59fd-4cc1-aa54-c7e113f2fc75: start LeaderElection
2019-10-16 22:21:21,962 [80429b0a-59fd-4cc1-aa54-c7e113f2fc75@group-3F44BD8069CF-LeaderElection21] INFO  impl.LeaderElection (LeaderElection.java:askForVotes(178)) - 80429b0a-59fd-4cc1-aa54-c7e113f2fc75@group-3F44BD8069CF-LeaderElection21: begin an election at term 14 for -1: [80429b0a-59fd-4cc1-aa54-c7e113f2fc75:192.168.34.38:36487, 10709bda-d4dc-4a9c-9e19-12e8b772be2f:192.168.34.38:34412, eb983093-91d2-4010-938b-148522e57322:192.168.34.38:40909], old=null
2019-10-16 22:21:21,965 [grpc-default-executor-11] INFO  impl.RaftServerImpl (RaftServerImpl.java:setRole(184)) - eb983093-91d2-4010-938b-148522e57322@group-3F44BD8069CF: changes role from  FOLLOWER to FOLLOWER at term 14 for recognizeCandidate:80429b0a-59fd-4cc1-aa54-c7e113f2fc75
2019-10-16 22:21:21,965 [grpc-default-executor-11] INFO  impl.RoleInfo (RoleInfo.java:shutdownFollowerState(121)) - eb983093-91d2-4010-938b-148522e57322: shutdown FollowerState
2019-10-16 22:21:21,966 [grpc-default-executor-11] INFO  impl.RoleInfo (RoleInfo.java:updateAndGet(143)) - eb983093-91d2-4010-938b-148522e57322: start FollowerState
2019-10-16 22:21:21,966 [Thread-707] INFO  impl.FollowerState (FollowerState.java:run(117)) - eb983093-91d2-4010-938b-148522e57322@group-3F44BD8069CF-FollowerState was interrupted: java.lang.InterruptedException: sleep interrupted
2019-10-16 22:21:21,966 [grpc-default-executor-9] INFO  impl.RaftServerImpl (RaftServerImpl.java:setRole(184)) - 10709bda-d4dc-4a9c-9e19-12e8b772be2f@group-3F44BD8069CF: changes role from  FOLLOWER to FOLLOWER at term 14 for recognizeCandidate:80429b0a-59fd-4cc1-aa54-c7e113f2fc75
2019-10-16 22:21:21,967 [grpc-default-executor-9] INFO  impl.RoleInfo (RoleInfo.java:shutdownFollowerState(121)) - 10709bda-d4dc-4a9c-9e19-12e8b772be2f: shutdown FollowerState
2019-10-16 22:21:21,968 [grpc-default-executor-9] INFO  impl.RoleInfo (RoleInfo.java:updateAndGet(143)) - 10709bda-d4dc-4a9c-9e19-12e8b772be2f: start FollowerState
2019-10-16 22:21:21,968 [Thread-708] INFO  impl.FollowerState (FollowerState.java:run(117)) - 10709bda-d4dc-4a9c-9e19-12e8b772be2f@group-3F44BD8069CF-FollowerState was interrupted: java.lang.InterruptedException: sleep interrupted
2019-10-16 22:21:21,987 [80429b0a-59fd-4cc1-aa54-c7e113f2fc75@group-3F44BD8069CF-LeaderElection21] INFO  impl.LeaderElection (LeaderElection.java:logAndReturn(56)) - 80429b0a-59fd-4cc1-aa54-c7e113f2fc75@group-3F44BD8069CF-LeaderElection21: Election REJECTED; received 2 response(s) [80429b0a-59fd-4cc1-aa54-c7e113f2fc75<-10709bda-d4dc-4a9c-9e19-12e8b772be2f#0:FAIL-t14, 80429b0a-59fd-4cc1-aa54-c7e113f2fc75<-eb983093-91d2-4010-938b-148522e57322#0:FAIL-t14] and 0 exception(s); 80429b0a-59fd-4cc1-aa54-c7e113f2fc75@group-3F44BD8069CF:t14, leader=null, voted=80429b0a-59fd-4cc1-aa54-c7e113f2fc75, raftlog=80429b0a-59fd-4cc1-aa54-c7e113f2fc75@group-3F44BD8069CF-SegmentedRaftLog:OPENED:c-1,f-1,i0, conf=-1: [80429b0a-59fd-4cc1-aa54-c7e113f2fc75:192.168.34.38:36487, 10709bda-d4dc-4a9c-9e19-12e8b772be2f:192.168.34.38:34412, eb983093-91d2-4010-938b-148522e57322:192.168.34.38:40909], old=null
2019-10-16 22:21:21,987 [80429b0a-59fd-4cc1-aa54-c7e113f2fc75@group-3F44BD8069CF-LeaderElection21] INFO  impl.RaftServerImpl (RaftServerImpl.java:setRole(184)) - 80429b0a-59fd-4cc1-aa54-c7e113f2fc75@group-3F44BD8069CF: changes role from CANDIDATE to FOLLOWER at term 14 for DISCOVERED_A_NEW_TERM
2019-10-16 22:21:21,988 [80429b0a-59fd-4cc1-aa54-c7e113f2fc75@group-3F44BD8069CF-LeaderElection21] INFO  impl.RoleInfo (RoleInfo.java:shutdownLeaderElection(134)) - 80429b0a-59fd-4cc1-aa54-c7e113f2fc75: shutdown LeaderElection
2019-10-16 22:21:21,988 [80429b0a-59fd-4cc1-aa54-c7e113f2fc75@group-3F44BD8069CF-LeaderElection21] INFO  impl.RoleInfo (RoleInfo.java:updateAndGet(143)) - 80429b0a-59fd-4cc1-aa54-c7e113f2fc75: start FollowerState
 0.00% |?                                                                                                    |  0/1 Time: 0:03:242019-10-16 22:21:22,154 [Thread-715] INFO  impl.FollowerState (FollowerState.java:run(108)) - 80429b0a-59fd-4cc1-aa54-c7e113f2fc75@group-3F44BD8069CF-FollowerState: change to CANDIDATE, lastRpcTime:166ms, electionTimeout:166ms
2019-10-16 22:21:22,156 [Thread-715] INFO  impl.RoleInfo (RoleInfo.java:shutdownFollowerState(121)) - 80429b0a-59fd-4cc1-aa54-c7e113f2fc75: shutdown FollowerState
2019-10-16 22:21:22,156 [Thread-715] INFO  impl.RaftServerImpl (RaftServerImpl.java:setRole(184)) - 80429b0a-59fd-4cc1-aa54-c7e113f2fc75@group-3F44BD8069CF: changes role from  FOLLOWER to CANDIDATE at term 14 for changeToCandidate
2019-10-16 22:21:22,157 [Thread-715] INFO  impl.RoleInfo (RoleInfo.java:updateAndGet(143)) - 80429b0a-59fd-4cc1-aa54-c7e113f2fc75: start LeaderElection
2019-10-16 22:21:22,172 [80429b0a-59fd-4cc1-aa54-c7e113f2fc75@group-3F44BD8069CF-LeaderElection22] INFO  impl.LeaderElection (LeaderElection.java:askForVotes(178)) - 80429b0a-59fd-4cc1-aa54-c7e113f2fc75@group-3F44BD8069CF-LeaderElection22: begin an election at term 15 for -1: [80429b0a-59fd-4cc1-aa54-c7e113f2fc75:192.168.34.38:36487, 10709bda-d4dc-4a9c-9e19-12e8b772be2f:192.168.34.38:34412, eb983093-91d2-4010-938b-148522e57322:192.168.34.38:40909], old=null
2019-10-16 22:21:22,175 [grpc-default-executor-9] INFO  impl.RaftServerImpl (RaftServerImpl.java:setRole(184)) - 10709bda-d4dc-4a9c-9e19-12e8b772be2f@group-3F44BD8069CF: changes role from  FOLLOWER to FOLLOWER at term 15 for recognizeCandidate:80429b0a-59fd-4cc1-aa54-c7e113f2fc75
2019-10-16 22:21:22,175 [grpc-default-executor-11] INFO  impl.RaftServerImpl (RaftServerImpl.java:setRole(184)) - eb983093-91d2-4010-938b-148522e57322@group-3F44BD8069CF: changes role from  FOLLOWER to FOLLOWER at term 15 for recognizeCandidate:80429b0a-59fd-4cc1-aa54-c7e113f2fc75
2019-10-16 22:21:22,175 [grpc-default-executor-9] INFO  impl.RoleInfo (RoleInfo.java:shutdownFollowerState(121)) - 10709bda-d4dc-4a9c-9e19-12e8b772be2f: shutdown FollowerState
2019-10-16 22:21:22,176 [grpc-default-executor-11] INFO  impl.RoleInfo (RoleInfo.java:shutdownFollowerState(121)) - eb983093-91d2-4010-938b-148522e57322: shutdown FollowerState
2019-10-16 22:21:22,176 [Thread-714] INFO  impl.FollowerState (FollowerState.java:run(117)) - 10709bda-d4dc-4a9c-9e19-12e8b772be2f@group-3F44BD8069CF-FollowerState was interrupted: java.lang.InterruptedException: sleep interrupted
2019-10-16 22:21:22,176 [grpc-default-executor-9] INFO  impl.RoleInfo (RoleInfo.java:updateAndGet(143)) - 10709bda-d4dc-4a9c-9e19-12e8b772be2f: start FollowerState
2019-10-16 22:21:22,176 [Thread-713] INFO  impl.FollowerState (FollowerState.java:run(117)) - eb983093-91d2-4010-938b-148522e57322@group-3F44BD8069CF-FollowerState was interrupted: java.lang.InterruptedException: sleep interrupted
2019-10-16 22:21:22,176 [grpc-default-executor-11] INFO  impl.RoleInfo (RoleInfo.java:updateAndGet(143)) - eb983093-91d2-4010-938b-148522e57322: start FollowerState
2019-10-16 22:21:22,204 [80429b0a-59fd-4cc1-aa54-c7e113f2fc75@group-3F44BD8069CF-LeaderElection22] INFO  impl.LeaderElection (LeaderElection.java:logAndReturn(56)) - 80429b0a-59fd-4cc1-aa54-c7e113f2fc75@group-3F44BD8069CF-LeaderElection22: Election REJECTED; received 2 response(s) [80429b0a-59fd-4cc1-aa54-c7e113f2fc75<-10709bda-d4dc-4a9c-9e19-12e8b772be2f#0:FAIL-t15, 80429b0a-59fd-4cc1-aa54-c7e113f2fc75<-eb983093-91d2-4010-938b-148522e57322#0:FAIL-t15] and 0 exception(s); 80429b0a-59fd-4cc1-aa54-c7e113f2fc75@group-3F44BD8069CF:t15, leader=null, voted=80429b0a-59fd-4cc1-aa54-c7e113f2fc75, raftlog=80429b0a-59fd-4cc1-aa54-c7e113f2fc75@group-3F44BD8069CF-SegmentedRaftLog:OPENED:c-1,f-1,i0, conf=-1: [80429b0a-59fd-4cc1-aa54-c7e113f2fc75:192.168.34.38:36487, 10709bda-d4dc-4a9c-9e19-12e8b772be2f:192.168.34.38:34412, eb983093-91d2-4010-938b-148522e57322:192.168.34.38:40909], old=null
2019-10-16 22:21:22,204 [80429b0a-59fd-4cc1-aa54-c7e113f2fc75@group-3F44BD8069CF-LeaderElection22] INFO  impl.RaftServerImpl (RaftServerImpl.java:setRole(184)) - 80429b0a-59fd-4cc1-aa54-c7e113f2fc75@group-3F44BD8069CF: changes role from CANDIDATE to FOLLOWER at term 15 for DISCOVERED_A_NEW_TERM
2019-10-16 22:21:22,204 [80429b0a-59fd-4cc1-aa54-c7e113f2fc75@group-3F44BD8069CF-LeaderElection22] INFO  impl.RoleInfo (RoleInfo.java:shutdownLeaderElection(134)) - 80429b0a-59fd-4cc1-aa54-c7e113f2fc75: shutdown LeaderElection
2019-10-16 22:21:22,205 [80429b0a-59fd-4cc1-aa54-c7e113f2fc75@group-3F44BD8069CF-LeaderElection22] INFO  impl.RoleInfo (RoleInfo.java:updateAndGet(143)) - 80429b0a-59fd-4cc1-aa54-c7e113f2fc75: start FollowerState
2019-10-16 22:21:22,368 [Thread-721] INFO  impl.FollowerState (FollowerState.java:run(108)) - 80429b0a-59fd-4cc1-aa54-c7e113f2fc75@group-3F44BD8069CF-FollowerState: change to CANDIDATE, lastRpcTime:163ms, electionTimeout:163ms
2019-10-16 22:21:22,370 [Thread-721] INFO  impl.RoleInfo (RoleInfo.java:shutdownFollowerState(121)) - 80429b0a-59fd-4cc1-aa54-c7e113f2fc75: shutdown FollowerState
2019-10-16 22:21:22,370 [Thread-721] INFO  impl.RaftServerImpl (RaftServerImpl.java:setRole(184)) - 80429b0a-59fd-4cc1-aa54-c7e113f2fc75@group-3F44BD8069CF: changes role from  FOLLOWER to CANDIDATE at term 15 for changeToCandidate
2019-10-16 22:21:22,371 [Thread-721] INFO  impl.RoleInfo (RoleInfo.java:updateAndGet(143)) - 80429b0a-59fd-4cc1-aa54-c7e113f2fc75: start LeaderElection
2019-10-16 22:21:22,382 [80429b0a-59fd-4cc1-aa54-c7e113f2fc75@group-3F44BD8069CF-LeaderElection23] INFO  impl.LeaderElection (LeaderElection.java:askForVotes(178)) - 80429b0a-59fd-4cc1-aa54-c7e113f2fc75@group-3F44BD8069CF-LeaderElection23: begin an election at term 16 for -1: [80429b0a-59fd-4cc1-aa54-c7e113f2fc75:192.168.34.38:36487, 10709bda-d4dc-4a9c-9e19-12e8b772be2f:192.168.34.38:34412, eb983093-91d2-4010-938b-148522e57322:192.168.34.38:40909], old=null
2019-10-16 22:21:22,384 [grpc-default-executor-9] INFO  impl.RaftServerImpl (RaftServerImpl.java:setRole(184)) - 10709bda-d4dc-4a9c-9e19-12e8b772be2f@group-3F44BD8069CF: changes role from  FOLLOWER to FOLLOWER at term 16 for recognizeCandidate:80429b0a-59fd-4cc1-aa54-c7e113f2fc75
2019-10-16 22:21:22,384 [grpc-default-executor-11] INFO  impl.RaftServerImpl (RaftServerImpl.java:setRole(184)) - eb983093-91d2-4010-938b-148522e57322@group-3F44BD8069CF: changes role from  FOLLOWER to FOLLOWER at term 16 for recognizeCandidate:80429b0a-59fd-4cc1-aa54-c7e113f2fc75
2019-10-16 22:21:22,384 [grpc-default-executor-9] INFO  impl.RoleInfo (RoleInfo.java:shutdownFollowerState(121)) - 10709bda-d4dc-4a9c-9e19-12e8b772be2f: shutdown FollowerState
2019-10-16 22:21:22,385 [grpc-default-executor-11] INFO  impl.RoleInfo (RoleInfo.java:shutdownFollowerState(121)) - eb983093-91d2-4010-938b-148522e57322: shutdown FollowerState
2019-10-16 22:21:22,385 [Thread-719] INFO  impl.FollowerState (FollowerState.java:run(117)) - 10709bda-d4dc-4a9c-9e19-12e8b772be2f@group-3F44BD8069CF-FollowerState was interrupted: java.lang.InterruptedException: sleep interrupted
2019-10-16 22:21:22,385 [grpc-default-executor-9] INFO  impl.RoleInfo (RoleInfo.java:updateAndGet(143)) - 10709bda-d4dc-4a9c-9e19-12e8b772be2f: start FollowerState
2019-10-16 22:21:22,385 [Thread-720] INFO  impl.FollowerState (FollowerState.java:run(117)) - eb983093-91d2-4010-938b-148522e57322@group-3F44BD8069CF-FollowerState was interrupted: java.lang.InterruptedException: sleep interrupted
2019-10-16 22:21:22,385 [grpc-default-executor-11] INFO  impl.RoleInfo (RoleInfo.java:updateAndGet(143)) - eb983093-91d2-4010-938b-148522e57322: start FollowerState
2019-10-16 22:21:22,412 [80429b0a-59fd-4cc1-aa54-c7e113f2fc75@group-3F44BD8069CF-LeaderElection23] INFO  impl.LeaderElection (LeaderElection.java:logAndReturn(56)) - 80429b0a-59fd-4cc1-aa54-c7e113f2fc75@group-3F44BD8069CF-LeaderElection23: Election REJECTED; received 2 response(s) [80429b0a-59fd-4cc1-aa54-c7e113f2fc75<-10709bda-d4dc-4a9c-9e19-12e8b772be2f#0:FAIL-t16, 80429b0a-59fd-4cc1-aa54-c7e113f2fc75<-eb983093-91d2-4010-938b-148522e57322#0:FAIL-t16] and 0 exception(s); 80429b0a-59fd-4cc1-aa54-c7e113f2fc75@group-3F44BD8069CF:t16, leader=null, voted=80429b0a-59fd-4cc1-aa54-c7e113f2fc75, raftlog=80429b0a-59fd-4cc1-aa54-c7e113f2fc75@group-3F44BD8069CF-SegmentedRaftLog:OPENED:c-1,f-1,i0, conf=-1: [80429b0a-59fd-4cc1-aa54-c7e113f2fc75:192.168.34.38:36487, 10709bda-d4dc-4a9c-9e19-12e8b772be2f:192.168.34.38:34412, eb983093-91d2-4010-938b-148522e57322:192.168.34.38:40909], old=null
2019-10-16 22:21:22,412 [80429b0a-59fd-4cc1-aa54-c7e113f2fc75@group-3F44BD8069CF-LeaderElection23] INFO  impl.RaftServerImpl (RaftServerImpl.java:setRole(184)) - 80429b0a-59fd-4cc1-aa54-c7e113f2fc75@group-3F44BD8069CF: changes role from CANDIDATE to FOLLOWER at term 16 for DISCOVERED_A_NEW_TERM
2019-10-16 22:21:22,412 [80429b0a-59fd-4cc1-aa54-c7e113f2fc75@group-3F44BD8069CF-LeaderElection23] INFO  impl.RoleInfo (RoleInfo.java:shutdownLeaderElection(134)) - 80429b0a-59fd-4cc1-aa54-c7e113f2fc75: shutdown LeaderElection
2019-10-16 22:21:22,413 [80429b0a-59fd-4cc1-aa54-c7e113f2fc75@group-3F44BD8069CF-LeaderElection23] INFO  impl.RoleInfo (RoleInfo.java:updateAndGet(143)) - 80429b0a-59fd-4cc1-aa54-c7e113f2fc75: start FollowerState
2019-10-16 22:21:22,420 [Thread-727] INFO  impl.FollowerState (FollowerState.java:run(108)) - 80429b0a-59fd-4cc1-aa54-c7e113f2fc75@group-3F44BD8069CF-FollowerState: change to CANDIDATE, lastRpcTime:7ms, electionTimeout:7ms
2019-10-16 22:21:22,422 [Thread-727] INFO  impl.RoleInfo (RoleInfo.java:shutdownFollowerState(121)) - 80429b0a-59fd-4cc1-aa54-c7e113f2fc75: shutdown FollowerState
2019-10-16 22:21:22,422 [Thread-727] INFO  impl.RaftServerImpl (RaftServerImpl.java:setRole(184)) - 80429b0a-59fd-4cc1-aa54-c7e113f2fc75@group-3F44BD8069CF: changes role from  FOLLOWER to CANDIDATE at term 16 for changeToCandidate
2019-10-16 22:21:22,422 [Thread-727] INFO  impl.RoleInfo (RoleInfo.java:updateAndGet(143)) - 80429b0a-59fd-4cc1-aa54-c7e113f2fc75: start LeaderElection
2019-10-16 22:21:22,432 [80429b0a-59fd-4cc1-aa54-c7e113f2fc75@group-3F44BD8069CF-LeaderElection24] INFO  impl.LeaderElection (LeaderElection.java:askForVotes(178)) - 80429b0a-59fd-4cc1-aa54-c7e113f2fc75@group-3F44BD8069CF-LeaderElection24: begin an election at term 17 for -1: [80429b0a-59fd-4cc1-aa54-c7e113f2fc75:192.168.34.38:36487, 10709bda-d4dc-4a9c-9e19-12e8b772be2f:192.168.34.38:34412, eb983093-91d2-4010-938b-148522e57322:192.168.34.38:40909], old=null
2019-10-16 22:21:22,433 [grpc-default-executor-9] INFO  impl.RaftServerImpl (RaftServerImpl.java:setRole(184)) - 10709bda-d4dc-4a9c-9e19-12e8b772be2f@group-3F44BD8069CF: changes role from  FOLLOWER to FOLLOWER at term 17 for recognizeCandidate:80429b0a-59fd-4cc1-aa54-c7e113f2fc75
2019-10-16 22:21:22,433 [grpc-default-executor-9] INFO  impl.RoleInfo (RoleInfo.java:shutdownFollowerState(121)) - 10709bda-d4dc-4a9c-9e19-12e8b772be2f: shutdown FollowerState
2019-10-16 22:21:22,434 [grpc-default-executor-11] INFO  impl.RaftServerImpl (RaftServerImpl.java:setRole(184)) - eb983093-91d2-4010-938b-148522e57322@group-3F44BD8069CF: changes role from  FOLLOWER to FOLLOWER at term 17 for recognizeCandidate:80429b0a-59fd-4cc1-aa54-c7e113f2fc75
2019-10-16 22:21:22,434 [Thread-725] INFO  impl.FollowerState (FollowerState.java:run(117)) - 10709bda-d4dc-4a9c-9e19-12e8b772be2f@group-3F44BD8069CF-FollowerState was interrupted: java.lang.InterruptedException: sleep interrupted
2019-10-16 22:21:22,434 [grpc-default-executor-9] INFO  impl.RoleInfo (RoleInfo.java:updateAndGet(143)) - 10709bda-d4dc-4a9c-9e19-12e8b772be2f: start FollowerState
2019-10-16 22:21:22,434 [grpc-default-executor-11] INFO  impl.RoleInfo (RoleInfo.java:shutdownFollowerState(121)) - eb983093-91d2-4010-938b-148522e57322: shutdown FollowerState
2019-10-16 22:21:22,434 [grpc-default-executor-11] INFO  impl.RoleInfo (RoleInfo.java:updateAndGet(143)) - eb983093-91d2-4010-938b-148522e57322: start FollowerState
2019-10-16 22:21:22,434 [Thread-726] INFO  impl.FollowerState (FollowerState.java:run(117)) - eb983093-91d2-4010-938b-148522e57322@group-3F44BD8069CF-FollowerState was interrupted: java.lang.InterruptedException: sleep interrupted
2019-10-16 22:21:22,442 [80429b0a-59fd-4cc1-aa54-c7e113f2fc75@group-3F44BD8069CF-LeaderElection24] INFO  impl.LeaderElection (LeaderElection.java:logAndReturn(56)) - 80429b0a-59fd-4cc1-aa54-c7e113f2fc75@group-3F44BD8069CF-LeaderElection24: Election REJECTED; received 2 response(s) [80429b0a-59fd-4cc1-aa54-c7e113f2fc75<-10709bda-d4dc-4a9c-9e19-12e8b772be2f#0:FAIL-t17, 80429b0a-59fd-4cc1-aa54-c7e113f2fc75<-eb983093-91d2-4010-938b-148522e57322#0:FAIL-t17] and 0 exception(s); 80429b0a-59fd-4cc1-aa54-c7e113f2fc75@group-3F44BD8069CF:t17, leader=null, voted=80429b0a-59fd-4cc1-aa54-c7e113f2fc75, raftlog=80429b0a-59fd-4cc1-aa54-c7e113f2fc75@group-3F44BD8069CF-SegmentedRaftLog:OPENED:c-1,f-1,i0, conf=-1: [80429b0a-59fd-4cc1-aa54-c7e113f2fc75:192.168.34.38:36487, 10709bda-d4dc-4a9c-9e19-12e8b772be2f:192.168.34.38:34412, eb983093-91d2-4010-938b-148522e57322:192.168.34.38:40909], old=null
2019-10-16 22:21:22,443 [80429b0a-59fd-4cc1-aa54-c7e113f2fc75@group-3F44BD8069CF-LeaderElection24] INFO  impl.RaftServerImpl (RaftServerImpl.java:setRole(184)) - 80429b0a-59fd-4cc1-aa54-c7e113f2fc75@group-3F44BD8069CF: changes role from CANDIDATE to FOLLOWER at term 17 for DISCOVERED_A_NEW_TERM
2019-10-16 22:21:22,443 [80429b0a-59fd-4cc1-aa54-c7e113f2fc75@group-3F44BD8069CF-LeaderElection24] INFO  impl.RoleInfo (RoleInfo.java:shutdownLeaderElection(134)) - 80429b0a-59fd-4cc1-aa54-c7e113f2fc75: shutdown LeaderElection
2019-10-16 22:21:22,443 [80429b0a-59fd-4cc1-aa54-c7e113f2fc75@group-3F44BD8069CF-LeaderElection24] INFO  impl.RoleInfo (RoleInfo.java:updateAndGet(143)) - 80429b0a-59fd-4cc1-aa54-c7e113f2fc75: start FollowerState
2019-10-16 22:21:22,598 [Thread-733] INFO  impl.FollowerState (FollowerState.java:run(108)) - 80429b0a-59fd-4cc1-aa54-c7e113f2fc75@group-3F44BD8069CF-FollowerState: change to CANDIDATE, lastRpcTime:155ms, electionTimeout:155ms
2019-10-16 22:21:22,600 [Thread-733] INFO  impl.RoleInfo (RoleInfo.java:shutdownFollowerState(121)) - 80429b0a-59fd-4cc1-aa54-c7e113f2fc75: shutdown FollowerState
2019-10-16 22:21:22,600 [Thread-733] INFO  impl.RaftServerImpl (RaftServerImpl.java:setRole(184)) - 80429b0a-59fd-4cc1-aa54-c7e113f2fc75@group-3F44BD8069CF: changes role from  FOLLOWER to CANDIDATE at term 17 for changeToCandidate
2019-10-16 22:21:22,600 [Thread-733] INFO  impl.RoleInfo (RoleInfo.java:updateAndGet(143)) - 80429b0a-59fd-4cc1-aa54-c7e113f2fc75: start LeaderElection
2019-10-16 22:21:22,609 [80429b0a-59fd-4cc1-aa54-c7e113f2fc75@group-3F44BD8069CF-LeaderElection25] INFO  impl.LeaderElection (LeaderElection.java:askForVotes(178)) - 80429b0a-59fd-4cc1-aa54-c7e113f2fc75@group-3F44BD8069CF-LeaderElection25: begin an election at term 18 for -1: [80429b0a-59fd-4cc1-aa54-c7e113f2fc75:192.168.34.38:36487, 10709bda-d4dc-4a9c-9e19-12e8b772be2f:192.168.34.38:34412, eb983093-91d2-4010-938b-148522e57322:192.168.34.38:40909], old=null
2019-10-16 22:21:22,611 [grpc-default-executor-9] INFO  impl.RaftServerImpl (RaftServerImpl.java:setRole(184)) - 10709bda-d4dc-4a9c-9e19-12e8b772be2f@group-3F44BD8069CF: changes role from  FOLLOWER to FOLLOWER at term 18 for recognizeCandidate:80429b0a-59fd-4cc1-aa54-c7e113f2fc75
2019-10-16 22:21:22,611 [grpc-default-executor-11] INFO  impl.RaftServerImpl (RaftServerImpl.java:setRole(184)) - eb983093-91d2-4010-938b-148522e57322@group-3F44BD8069CF: changes role from  FOLLOWER to FOLLOWER at term 18 for recognizeCandidate:80429b0a-59fd-4cc1-aa54-c7e113f2fc75
2019-10-16 22:21:22,611 [grpc-default-executor-9] INFO  impl.RoleInfo (RoleInfo.java:shutdownFollowerState(121)) - 10709bda-d4dc-4a9c-9e19-12e8b772be2f: shutdown FollowerState
2019-10-16 22:21:22,612 [grpc-default-executor-11] INFO  impl.RoleInfo (RoleInfo.java:shutdownFollowerState(121)) - eb983093-91d2-4010-938b-148522e57322: shutdown FollowerState
2019-10-16 22:21:22,612 [Thread-731] INFO  impl.FollowerState (FollowerState.java:run(117)) - 10709bda-d4dc-4a9c-9e19-12e8b772be2f@group-3F44BD8069CF-FollowerState was interrupted: java.lang.InterruptedException: sleep interrupted
2019-10-16 22:21:22,612 [grpc-default-executor-9] INFO  impl.RoleInfo (RoleInfo.java:updateAndGet(143)) - 10709bda-d4dc-4a9c-9e19-12e8b772be2f: start FollowerState
2019-10-16 22:21:22,612 [Thread-732] INFO  impl.FollowerState (FollowerState.java:run(117)) - eb983093-91d2-4010-938b-148522e57322@group-3F44BD8069CF-FollowerState was interrupted: java.lang.InterruptedException: sleep interrupted
2019-10-16 22:21:22,612 [grpc-default-executor-11] INFO  impl.RoleInfo (RoleInfo.java:updateAndGet(143)) - eb983093-91d2-4010-938b-148522e57322: start FollowerState
2019-10-16 22:21:22,640 [80429b0a-59fd-4cc1-aa54-c7e113f2fc75@group-3F44BD8069CF-LeaderElection25] INFO  impl.LeaderElection (LeaderElection.java:logAndReturn(56)) - 80429b0a-59fd-4cc1-aa54-c7e113f2fc75@group-3F44BD8069CF-LeaderElection25: Election REJECTED; received 2 response(s) [80429b0a-59fd-4cc1-aa54-c7e113f2fc75<-10709bda-d4dc-4a9c-9e19-12e8b772be2f#0:FAIL-t18, 80429b0a-59fd-4cc1-aa54-c7e113f2fc75<-eb983093-91d2-4010-938b-148522e57322#0:FAIL-t18] and 0 exception(s); 80429b0a-59fd-4cc1-aa54-c7e113f2fc75@group-3F44BD8069CF:t18, leader=null, voted=80429b0a-59fd-4cc1-aa54-c7e113f2fc75, raftlog=80429b0a-59fd-4cc1-aa54-c7e113f2fc75@group-3F44BD8069CF-SegmentedRaftLog:OPENED:c-1,f-1,i0, conf=-1: [80429b0a-59fd-4cc1-aa54-c7e113f2fc75:192.168.34.38:36487, 10709bda-d4dc-4a9c-9e19-12e8b772be2f:192.168.34.38:34412, eb983093-91d2-4010-938b-148522e57322:192.168.34.38:40909], old=null
2019-10-16 22:21:22,640 [80429b0a-59fd-4cc1-aa54-c7e113f2fc75@group-3F44BD8069CF-LeaderElection25] INFO  impl.RaftServerImpl (RaftServerImpl.java:setRole(184)) - 80429b0a-59fd-4cc1-aa54-c7e113f2fc75@group-3F44BD8069CF: changes role from CANDIDATE to FOLLOWER at term 18 for DISCOVERED_A_NEW_TERM
2019-10-16 22:21:22,640 [80429b0a-59fd-4cc1-aa54-c7e113f2fc75@group-3F44BD8069CF-LeaderElection25] INFO  impl.RoleInfo (RoleInfo.java:shutdownLeaderElection(134)) - 80429b0a-59fd-4cc1-aa54-c7e113f2fc75: shutdown LeaderElection
2019-10-16 22:21:22,640 [80429b0a-59fd-4cc1-aa54-c7e113f2fc75@group-3F44BD8069CF-LeaderElection25] INFO  impl.RoleInfo (RoleInfo.java:updateAndGet(143)) - 80429b0a-59fd-4cc1-aa54-c7e113f2fc75: start FollowerState
2019-10-16 22:21:22,739 [Thread-739] INFO  impl.FollowerState (FollowerState.java:run(108)) - 80429b0a-59fd-4cc1-aa54-c7e113f2fc75@group-3F44BD8069CF-FollowerState: change to CANDIDATE, lastRpcTime:98ms, electionTimeout:98ms
2019-10-16 22:21:22,741 [Thread-739] INFO  impl.RoleInfo (RoleInfo.java:shutdownFollowerState(121)) - 80429b0a-59fd-4cc1-aa54-c7e113f2fc75: shutdown FollowerState
2019-10-16 22:21:22,741 [Thread-739] INFO  impl.RaftServerImpl (RaftServerImpl.java:setRole(184)) - 80429b0a-59fd-4cc1-aa54-c7e113f2fc75@group-3F44BD8069CF: changes role from  FOLLOWER to CANDIDATE at term 18 for changeToCandidate
2019-10-16 22:21:22,741 [Thread-739] INFO  impl.RoleInfo (RoleInfo.java:updateAndGet(143)) - 80429b0a-59fd-4cc1-aa54-c7e113f2fc75: start LeaderElection
2019-10-16 22:21:22,746 [80429b0a-59fd-4cc1-aa54-c7e113f2fc75@group-3F44BD8069CF-LeaderElection26] INFO  impl.LeaderElection (LeaderElection.java:askForVotes(178)) - 80429b0a-59fd-4cc1-aa54-c7e113f2fc75@group-3F44BD8069CF-LeaderElection26: begin an election at term 19 for -1: [80429b0a-59fd-4cc1-aa54-c7e113f2fc75:192.168.34.38:36487, 10709bda-d4dc-4a9c-9e19-12e8b772be2f:192.168.34.38:34412, eb983093-91d2-4010-938b-148522e57322:192.168.34.38:40909], old=null
2019-10-16 22:21:22,750 [grpc-default-executor-11] INFO  impl.RaftServerImpl (RaftServerImpl.java:setRole(184)) - 10709bda-d4dc-4a9c-9e19-12e8b772be2f@group-3F44BD8069CF: changes role from  FOLLOWER to FOLLOWER at term 19 for recognizeCandidate:80429b0a-59fd-4cc1-aa54-c7e113f2fc75
2019-10-16 22:21:22,750 [grpc-default-executor-9] INFO  impl.RaftServerImpl (RaftServerImpl.java:setRole(184)) - eb983093-91d2-4010-938b-148522e57322@group-3F44BD8069CF: changes role from  FOLLOWER to FOLLOWER at term 19 for recognizeCandidate:80429b0a-59fd-4cc1-aa54-c7e113f2fc75
2019-10-16 22:21:22,750 [grpc-default-executor-11] INFO  impl.RoleInfo (RoleInfo.java:shutdownFollowerState(121)) - 10709bda-d4dc-4a9c-9e19-12e8b772be2f: shutdown FollowerState
2019-10-16 22:21:22,750 [grpc-default-executor-9] INFO  impl.RoleInfo (RoleInfo.java:shutdownFollowerState(121)) - eb983093-91d2-4010-938b-148522e57322: shutdown FollowerState
2019-10-16 22:21:22,750 [Thread-737] INFO  impl.FollowerState (FollowerState.java:run(117)) - 10709bda-d4dc-4a9c-9e19-12e8b772be2f@group-3F44BD8069CF-FollowerState was interrupted: java.lang.InterruptedException: sleep interrupted
2019-10-16 22:21:22,750 [grpc-default-executor-11] INFO  impl.RoleInfo (RoleInfo.java:updateAndGet(143)) - 10709bda-d4dc-4a9c-9e19-12e8b772be2f: start FollowerState
2019-10-16 22:21:22,750 [Thread-738] INFO  impl.FollowerState (FollowerState.java:run(117)) - eb983093-91d2-4010-938b-148522e57322@group-3F44BD8069CF-FollowerState was interrupted: java.lang.InterruptedException: sleep interrupted
2019-10-16 22:21:22,750 [grpc-default-executor-9] INFO  impl.RoleInfo (RoleInfo.java:updateAndGet(143)) - eb983093-91d2-4010-938b-148522e57322: start FollowerState
2019-10-16 22:21:22,767 [80429b0a-59fd-4cc1-aa54-c7e113f2fc75@group-3F44BD8069CF-LeaderElection26] INFO  impl.LeaderElection (LeaderElection.java:logAndReturn(56)) - 80429b0a-59fd-4cc1-aa54-c7e113f2fc75@group-3F44BD8069CF-LeaderElection26: Election REJECTED; received 2 response(s) [80429b0a-59fd-4cc1-aa54-c7e113f2fc75<-10709bda-d4dc-4a9c-9e19-12e8b772be2f#0:FAIL-t19, 80429b0a-59fd-4cc1-aa54-c7e113f2fc75<-eb983093-91d2-4010-938b-148522e57322#0:FAIL-t19] and 0 exception(s); 80429b0a-59fd-4cc1-aa54-c7e113f2fc75@group-3F44BD8069CF:t19, leader=null, voted=80429b0a-59fd-4cc1-aa54-c7e113f2fc75, raftlog=80429b0a-59fd-4cc1-aa54-c7e113f2fc75@group-3F44BD8069CF-SegmentedRaftLog:OPENED:c-1,f-1,i0, conf=-1: [80429b0a-59fd-4cc1-aa54-c7e113f2fc75:192.168.34.38:36487, 10709bda-d4dc-4a9c-9e19-12e8b772be2f:192.168.34.38:34412, eb983093-91d2-4010-938b-148522e57322:192.168.34.38:40909], old=null
2019-10-16 22:21:22,767 [80429b0a-59fd-4cc1-aa54-c7e113f2fc75@group-3F44BD8069CF-LeaderElection26] INFO  impl.RaftServerImpl (RaftServerImpl.java:setRole(184)) - 80429b0a-59fd-4cc1-aa54-c7e113f2fc75@group-3F44BD8069CF: changes role from CANDIDATE to FOLLOWER at term 19 for DISCOVERED_A_NEW_TERM
2019-10-16 22:21:22,767 [80429b0a-59fd-4cc1-aa54-c7e113f2fc75@group-3F44BD8069CF-LeaderElection26] INFO  impl.RoleInfo (RoleInfo.java:shutdownLeaderElection(134)) - 80429b0a-59fd-4cc1-aa54-c7e113f2fc75: shutdown LeaderElection
2019-10-16 22:21:22,768 [80429b0a-59fd-4cc1-aa54-c7e113f2fc75@group-3F44BD8069CF-LeaderElection26] INFO  impl.RoleInfo (RoleInfo.java:updateAndGet(143)) - 80429b0a-59fd-4cc1-aa54-c7e113f2fc75: start FollowerState
2019-10-16 22:21:22,852 [Thread-745] INFO  impl.FollowerState (FollowerState.java:run(108)) - 80429b0a-59fd-4cc1-aa54-c7e113f2fc75@group-3F44BD8069CF-FollowerState: change to CANDIDATE, lastRpcTime:84ms, electionTimeout:84ms
2019-10-16 22:21:22,854 [Thread-745] INFO  impl.RoleInfo (RoleInfo.java:shutdownFollowerState(121)) - 80429b0a-59fd-4cc1-aa54-c7e113f2fc75: shutdown FollowerState
2019-10-16 22:21:22,854 [Thread-745] INFO  impl.RaftServerImpl (RaftServerImpl.java:setRole(184)) - 80429b0a-59fd-4cc1-aa54-c7e113f2fc75@group-3F44BD8069CF: changes role from  FOLLOWER to CANDIDATE at term 19 for changeToCandidate
2019-10-16 22:21:22,854 [Thread-745] INFO  impl.RoleInfo (RoleInfo.java:updateAndGet(143)) - 80429b0a-59fd-4cc1-aa54-c7e113f2fc75: start LeaderElection
2019-10-16 22:21:22,859 [80429b0a-59fd-4cc1-aa54-c7e113f2fc75@group-3F44BD8069CF-LeaderElection27] INFO  impl.LeaderElection (LeaderElection.java:askForVotes(178)) - 80429b0a-59fd-4cc1-aa54-c7e113f2fc75@group-3F44BD8069CF-LeaderElection27: begin an election at term 20 for -1: [80429b0a-59fd-4cc1-aa54-c7e113f2fc75:192.168.34.38:36487, 10709bda-d4dc-4a9c-9e19-12e8b772be2f:192.168.34.38:34412, eb983093-91d2-4010-938b-148522e57322:192.168.34.38:40909], old=null
2019-10-16 22:21:22,862 [grpc-default-executor-11] INFO  impl.RaftServerImpl (RaftServerImpl.java:setRole(184)) - 10709bda-d4dc-4a9c-9e19-12e8b772be2f@group-3F44BD8069CF: changes role from  FOLLOWER to FOLLOWER at term 20 for recognizeCandidate:80429b0a-59fd-4cc1-aa54-c7e113f2fc75
2019-10-16 22:21:22,862 [grpc-default-executor-11] INFO  impl.RoleInfo (RoleInfo.java:shutdownFollowerState(121)) - 10709bda-d4dc-4a9c-9e19-12e8b772be2f: shutdown FollowerState
2019-10-16 22:21:22,863 [grpc-default-executor-9] INFO  impl.RaftServerImpl (RaftServerImpl.java:setRole(184)) - eb983093-91d2-4010-938b-148522e57322@group-3F44BD8069CF: changes role from  FOLLOWER to FOLLOWER at term 20 for recognizeCandidate:80429b0a-59fd-4cc1-aa54-c7e113f2fc75
2019-10-16 22:21:22,863 [Thread-743] INFO  impl.FollowerState (FollowerState.java:run(117)) - 10709bda-d4dc-4a9c-9e19-12e8b772be2f@group-3F44BD8069CF-FollowerState was interrupted: java.lang.InterruptedException: sleep interrupted
2019-10-16 22:21:22,863 [grpc-default-executor-11] INFO  impl.RoleInfo (RoleInfo.java:updateAndGet(143)) - 10709bda-d4dc-4a9c-9e19-12e8b772be2f: start FollowerState
2019-10-16 22:21:22,863 [grpc-default-executor-9] INFO  impl.RoleInfo (RoleInfo.java:shutdownFollowerState(121)) - eb983093-91d2-4010-938b-148522e57322: shutdown FollowerState
2019-10-16 22:21:22,863 [grpc-default-executor-9] INFO  impl.RoleInfo (RoleInfo.java:updateAndGet(143)) - eb983093-91d2-4010-938b-148522e57322: start FollowerState
2019-10-16 22:21:22,863 [Thread-744] INFO  impl.FollowerState (FollowerState.java:run(117)) - eb983093-91d2-4010-938b-148522e57322@group-3F44BD8069CF-FollowerState was interrupted: java.lang.InterruptedException: sleep interrupted
2019-10-16 22:21:22,874 [80429b0a-59fd-4cc1-aa54-c7e113f2fc75@group-3F44BD8069CF-LeaderElection27] INFO  impl.LeaderElection (LeaderElection.java:logAndReturn(56)) - 80429b0a-59fd-4cc1-aa54-c7e113f2fc75@group-3F44BD8069CF-LeaderElection27: Election TIMEOUT; received 0 response(s) [] and 0 exception(s); 80429b0a-59fd-4cc1-aa54-c7e113f2fc75@group-3F44BD8069CF:t20, leader=null, voted=80429b0a-59fd-4cc1-aa54-c7e113f2fc75, raftlog=80429b0a-59fd-4cc1-aa54-c7e113f2fc75@group-3F44BD8069CF-SegmentedRaftLog:OPENED:c-1,f-1,i0, conf=-1: [80429b0a-59fd-4cc1-aa54-c7e113f2fc75:192.168.34.38:36487, 10709bda-d4dc-4a9c-9e19-12e8b772be2f:192.168.34.38:34412, eb983093-91d2-4010-938b-148522e57322:192.168.34.38:40909], old=null
2019-10-16 22:21:22,890 [80429b0a-59fd-4cc1-aa54-c7e113f2fc75@group-3F44BD8069CF-LeaderElection27] INFO  impl.LeaderElection (LeaderElection.java:askForVotes(178)) - 80429b0a-59fd-4cc1-aa54-c7e113f2fc75@group-3F44BD8069CF-LeaderElection27: begin an election at term 21 for -1: [80429b0a-59fd-4cc1-aa54-c7e113f2fc75:192.168.34.38:36487, 10709bda-d4dc-4a9c-9e19-12e8b772be2f:192.168.34.38:34412, eb983093-91d2-4010-938b-148522e57322:192.168.34.38:40909], old=null
2019-10-16 22:21:22,893 [grpc-default-executor-9] INFO  impl.RaftServerImpl (RaftServerImpl.java:setRole(184)) - 10709bda-d4dc-4a9c-9e19-12e8b772be2f@group-3F44BD8069CF: changes role from  FOLLOWER to FOLLOWER at term 21 for recognizeCandidate:80429b0a-59fd-4cc1-aa54-c7e113f2fc75
2019-10-16 22:21:22,895 [grpc-default-executor-9] INFO  impl.RoleInfo (RoleInfo.java:shutdownFollowerState(121)) - 10709bda-d4dc-4a9c-9e19-12e8b772be2f: shutdown FollowerState
2019-10-16 22:21:22,895 [grpc-default-executor-9] INFO  impl.RoleInfo (RoleInfo.java:updateAndGet(143)) - 10709bda-d4dc-4a9c-9e19-12e8b772be2f: start FollowerState
2019-10-16 22:21:22,895 [grpc-default-executor-11] INFO  impl.RaftServerImpl (RaftServerImpl.java:setRole(184)) - eb983093-91d2-4010-938b-148522e57322@group-3F44BD8069CF: changes role from  FOLLOWER to FOLLOWER at term 21 for recognizeCandidate:80429b0a-59fd-4cc1-aa54-c7e113f2fc75
2019-10-16 22:21:22,895 [grpc-default-executor-11] INFO  impl.RoleInfo (RoleInfo.java:shutdownFollowerState(121)) - eb983093-91d2-4010-938b-148522e57322: shutdown FollowerState
2019-10-16 22:21:22,895 [Thread-749] INFO  impl.FollowerState (FollowerState.java:run(117)) - 10709bda-d4dc-4a9c-9e19-12e8b772be2f@group-3F44BD8069CF-FollowerState was interrupted: java.lang.InterruptedException: sleep interrupted
2019-10-16 22:21:22,895 [Thread-750] INFO  impl.FollowerState (FollowerState.java:run(117)) - eb983093-91d2-4010-938b-148522e57322@group-3F44BD8069CF-FollowerState was interrupted: java.lang.InterruptedException: sleep interrupted
2019-10-16 22:21:22,895 [grpc-default-executor-11] INFO  impl.RoleInfo (RoleInfo.java:updateAndGet(143)) - eb983093-91d2-4010-938b-148522e57322: start FollowerState
2019-10-16 22:21:22,922 [80429b0a-59fd-4cc1-aa54-c7e113f2fc75@group-3F44BD8069CF-LeaderElection27] INFO  impl.LeaderElection (LeaderElection.java:logAndReturn(56)) - 80429b0a-59fd-4cc1-aa54-c7e113f2fc75@group-3F44BD8069CF-LeaderElection27: Election REJECTED; received 2 response(s) [80429b0a-59fd-4cc1-aa54-c7e113f2fc75<-10709bda-d4dc-4a9c-9e19-12e8b772be2f#0:FAIL-t21, 80429b0a-59fd-4cc1-aa54-c7e113f2fc75<-eb983093-91d2-4010-938b-148522e57322#0:FAIL-t21] and 0 exception(s); 80429b0a-59fd-4cc1-aa54-c7e113f2fc75@group-3F44BD8069CF:t21, leader=null, voted=80429b0a-59fd-4cc1-aa54-c7e113f2fc75, raftlog=80429b0a-59fd-4cc1-aa54-c7e113f2fc75@group-3F44BD8069CF-SegmentedRaftLog:OPENED:c-1,f-1,i0, conf=-1: [80429b0a-59fd-4cc1-aa54-c7e113f2fc75:192.168.34.38:36487, 10709bda-d4dc-4a9c-9e19-12e8b772be2f:192.168.34.38:34412, eb983093-91d2-4010-938b-148522e57322:192.168.34.38:40909], old=null
2019-10-16 22:21:22,922 [80429b0a-59fd-4cc1-aa54-c7e113f2fc75@group-3F44BD8069CF-LeaderElection27] INFO  impl.RaftServerImpl (RaftServerImpl.java:setRole(184)) - 80429b0a-59fd-4cc1-aa54-c7e113f2fc75@group-3F44BD8069CF: changes role from CANDIDATE to FOLLOWER at term 21 for DISCOVERED_A_NEW_TERM
2019-10-16 22:21:22,922 [80429b0a-59fd-4cc1-aa54-c7e113f2fc75@group-3F44BD8069CF-LeaderElection27] INFO  impl.RoleInfo (RoleInfo.java:shutdownLeaderElection(134)) - 80429b0a-59fd-4cc1-aa54-c7e113f2fc75: shutdown LeaderElection
2019-10-16 22:21:22,922 [80429b0a-59fd-4cc1-aa54-c7e113f2fc75@group-3F44BD8069CF-LeaderElection27] INFO  impl.RoleInfo (RoleInfo.java:updateAndGet(143)) - 80429b0a-59fd-4cc1-aa54-c7e113f2fc75: start FollowerState
 100.00% |?????????????????????????????????????????????????????????????????????????????????????????????????????|  1/1 Time: 0:03:25
]]></system-out>
  </testcase>
  <testcase name="standaloneTestLargeKey" classname="org.apache.hadoop.ozone.freon.TestDataValidateWithDummyContainers" time="5.026">
    <error message="Allocated 0 blocks. Requested 5 blocks" type="INTERNAL_ERROR org.apache.hadoop.ozone.om.exceptions.OMException">INTERNAL_ERROR org.apache.hadoop.ozone.om.exceptions.OMException: Allocated 0 blocks. Requested 5 blocks
	at org.apache.hadoop.ozone.om.protocolPB.OzoneManagerProtocolClientSideTranslatorPB.handleError(OzoneManagerProtocolClientSideTranslatorPB.java:732)
	at org.apache.hadoop.ozone.om.protocolPB.OzoneManagerProtocolClientSideTranslatorPB.openKey(OzoneManagerProtocolClientSideTranslatorPB.java:723)
	at sun.reflect.NativeMethodAccessorImpl.invoke0(Native Method)
	at sun.reflect.NativeMethodAccessorImpl.invoke(NativeMethodAccessorImpl.java:62)
	at sun.reflect.DelegatingMethodAccessorImpl.invoke(DelegatingMethodAccessorImpl.java:43)
	at java.lang.reflect.Method.invoke(Method.java:498)
	at org.apache.hadoop.hdds.tracing.TraceAllMethod.invoke(TraceAllMethod.java:66)
	at com.sun.proxy.$Proxy37.openKey(Unknown Source)
	at org.apache.hadoop.ozone.client.rpc.RpcClient.createKey(RpcClient.java:614)
	at org.apache.hadoop.ozone.client.OzoneBucket.createKey(OzoneBucket.java:325)
	at org.apache.hadoop.ozone.freon.RandomKeyGenerator.createKey(RandomKeyGenerator.java:695)
	at org.apache.hadoop.ozone.freon.RandomKeyGenerator.access$1100(RandomKeyGenerator.java:88)
	at org.apache.hadoop.ozone.freon.RandomKeyGenerator$ObjectCreator.run(RandomKeyGenerator.java:615)
	at java.util.concurrent.Executors$RunnableAdapter.call(Executors.java:511)
	at java.util.concurrent.FutureTask.run(FutureTask.java:266)
	at java.util.concurrent.ThreadPoolExecutor.runWorker(ThreadPoolExecutor.java:1149)
	at java.util.concurrent.ThreadPoolExecutor$Worker.run(ThreadPoolExecutor.java:624)
	at java.lang.Thread.run(Thread.java:748)
</error>
    <system-out><![CDATA[2019-10-16 22:21:23,068 [main] INFO  freon.RandomKeyGenerator (RandomKeyGenerator.java:call(258)) - Override validateWrites to false, because hdds.container.chunk.persistdata is set to false.
2019-10-16 22:21:23,088 [main] INFO  freon.RandomKeyGenerator (RandomKeyGenerator.java:call(283)) - Number of Threads: 10
2019-10-16 22:21:23,088 [main] INFO  freon.RandomKeyGenerator (RandomKeyGenerator.java:call(288)) - Number of Volumes: 1.
2019-10-16 22:21:23,088 [main] INFO  freon.RandomKeyGenerator (RandomKeyGenerator.java:call(289)) - Number of Buckets per Volume: 1.
2019-10-16 22:21:23,088 [main] INFO  freon.RandomKeyGenerator (RandomKeyGenerator.java:call(290)) - Number of Keys per Bucket: 1.
2019-10-16 22:21:23,088 [main] INFO  freon.RandomKeyGenerator (RandomKeyGenerator.java:call(291)) - Key size: 20971520 bytes
2019-10-16 22:21:23,088 [main] INFO  freon.RandomKeyGenerator (RandomKeyGenerator.java:call(292)) - Buffer size: 4096 bytes
2019-10-16 22:21:23,089 [main] INFO  freon.RandomKeyGenerator (RandomKeyGenerator.java:call(293)) - validateWrites : false
2019-10-16 22:21:23,090 [main] INFO  freon.RandomKeyGenerator (RandomKeyGenerator.java:call(313)) - Starting progress bar Thread.

2019-10-16 22:21:23,090 [pool-77-thread-1] INFO  rpc.RpcClient (RpcClient.java:createVolume(272)) - Creating Volume: vol-0-58673, with jenkins1000 as owner.
 0.00% |?                                                                                                    |  0/1 Time: 0:00:002019-10-16 22:21:23,094 [IPC Server handler 5 on 41786] INFO  volume.OMVolumeCreateRequest (OMVolumeCreateRequest.java:validateAndUpdateCache(193)) - created volume:vol-0-58673 for user:jenkins1000
2019-10-16 22:21:23,100 [Thread-755] INFO  impl.FollowerState (FollowerState.java:run(108)) - 80429b0a-59fd-4cc1-aa54-c7e113f2fc75@group-3F44BD8069CF-FollowerState: change to CANDIDATE, lastRpcTime:177ms, electionTimeout:176ms
2019-10-16 22:21:23,100 [Thread-755] INFO  impl.RoleInfo (RoleInfo.java:shutdownFollowerState(121)) - 80429b0a-59fd-4cc1-aa54-c7e113f2fc75: shutdown FollowerState
2019-10-16 22:21:23,100 [Thread-755] INFO  impl.RaftServerImpl (RaftServerImpl.java:setRole(184)) - 80429b0a-59fd-4cc1-aa54-c7e113f2fc75@group-3F44BD8069CF: changes role from  FOLLOWER to CANDIDATE at term 21 for changeToCandidate
2019-10-16 22:21:23,100 [Thread-755] INFO  impl.RoleInfo (RoleInfo.java:updateAndGet(143)) - 80429b0a-59fd-4cc1-aa54-c7e113f2fc75: start LeaderElection
2019-10-16 22:21:23,110 [pool-77-thread-2] INFO  rpc.RpcClient (RpcClient.java:createBucket(411)) - Creating Bucket: vol-0-58673/bucket-0-07361, with Versioning false and Storage Type set to DISK and Encryption set to false 
2019-10-16 22:21:23,119 [80429b0a-59fd-4cc1-aa54-c7e113f2fc75@group-3F44BD8069CF-LeaderElection28] INFO  impl.LeaderElection (LeaderElection.java:askForVotes(178)) - 80429b0a-59fd-4cc1-aa54-c7e113f2fc75@group-3F44BD8069CF-LeaderElection28: begin an election at term 22 for -1: [80429b0a-59fd-4cc1-aa54-c7e113f2fc75:192.168.34.38:36487, 10709bda-d4dc-4a9c-9e19-12e8b772be2f:192.168.34.38:34412, eb983093-91d2-4010-938b-148522e57322:192.168.34.38:40909], old=null
2019-10-16 22:21:23,124 [grpc-default-executor-9] INFO  impl.RaftServerImpl (RaftServerImpl.java:setRole(184)) - 10709bda-d4dc-4a9c-9e19-12e8b772be2f@group-3F44BD8069CF: changes role from  FOLLOWER to FOLLOWER at term 22 for recognizeCandidate:80429b0a-59fd-4cc1-aa54-c7e113f2fc75
2019-10-16 22:21:23,124 [grpc-default-executor-9] INFO  impl.RoleInfo (RoleInfo.java:shutdownFollowerState(121)) - 10709bda-d4dc-4a9c-9e19-12e8b772be2f: shutdown FollowerState
2019-10-16 22:21:23,124 [grpc-default-executor-9] INFO  impl.RoleInfo (RoleInfo.java:updateAndGet(143)) - 10709bda-d4dc-4a9c-9e19-12e8b772be2f: start FollowerState
2019-10-16 22:21:23,124 [Thread-753] INFO  impl.FollowerState (FollowerState.java:run(117)) - 10709bda-d4dc-4a9c-9e19-12e8b772be2f@group-3F44BD8069CF-FollowerState was interrupted: java.lang.InterruptedException: sleep interrupted
2019-10-16 22:21:23,124 [grpc-default-executor-11] INFO  impl.RaftServerImpl (RaftServerImpl.java:setRole(184)) - eb983093-91d2-4010-938b-148522e57322@group-3F44BD8069CF: changes role from  FOLLOWER to FOLLOWER at term 22 for recognizeCandidate:80429b0a-59fd-4cc1-aa54-c7e113f2fc75
2019-10-16 22:21:23,125 [grpc-default-executor-11] INFO  impl.RoleInfo (RoleInfo.java:shutdownFollowerState(121)) - eb983093-91d2-4010-938b-148522e57322: shutdown FollowerState
2019-10-16 22:21:23,125 [grpc-default-executor-11] INFO  impl.RoleInfo (RoleInfo.java:updateAndGet(143)) - eb983093-91d2-4010-938b-148522e57322: start FollowerState
2019-10-16 22:21:23,125 [Thread-754] INFO  impl.FollowerState (FollowerState.java:run(117)) - eb983093-91d2-4010-938b-148522e57322@group-3F44BD8069CF-FollowerState was interrupted: java.lang.InterruptedException: sleep interrupted
2019-10-16 22:21:23,135 [IPC Server handler 18 on 37451] WARN  block.BlockManagerImpl (BlockManagerImpl.java:allocateBlock(200)) - Pipeline creation failed for type:RATIS factor:THREE. Retrying get pipelines call once.
org.apache.hadoop.hdds.scm.pipeline.InsufficientDatanodesException: Cannot create pipeline of factor 3 using 2 nodes.
	at org.apache.hadoop.hdds.scm.pipeline.RatisPipelineProvider.create(RatisPipelineProvider.java:153)
	at org.apache.hadoop.hdds.scm.pipeline.PipelineFactory.create(PipelineFactory.java:58)
	at org.apache.hadoop.hdds.scm.pipeline.SCMPipelineManager.createPipeline(SCMPipelineManager.java:155)
	at org.apache.hadoop.hdds.scm.block.BlockManagerImpl.allocateBlock(BlockManagerImpl.java:198)
	at org.apache.hadoop.hdds.scm.server.SCMBlockProtocolServer.allocateBlock(SCMBlockProtocolServer.java:182)
	at org.apache.hadoop.hdds.scm.protocol.ScmBlockLocationProtocolServerSideTranslatorPB.allocateScmBlock(ScmBlockLocationProtocolServerSideTranslatorPB.java:159)
	at org.apache.hadoop.hdds.scm.protocol.ScmBlockLocationProtocolServerSideTranslatorPB.processMessage(ScmBlockLocationProtocolServerSideTranslatorPB.java:117)
	at org.apache.hadoop.hdds.server.OzoneProtocolMessageDispatcher.processRequest(OzoneProtocolMessageDispatcher.java:72)
	at org.apache.hadoop.hdds.scm.protocol.ScmBlockLocationProtocolServerSideTranslatorPB.send(ScmBlockLocationProtocolServerSideTranslatorPB.java:98)
	at org.apache.hadoop.hdds.protocol.proto.ScmBlockLocationProtocolProtos$ScmBlockLocationProtocolService$2.callBlockingMethod(ScmBlockLocationProtocolProtos.java:13157)
	at org.apache.hadoop.ipc.ProtobufRpcEngine$Server$ProtoBufRpcInvoker.call(ProtobufRpcEngine.java:524)
	at org.apache.hadoop.ipc.RPC$Server.call(RPC.java:1025)
	at org.apache.hadoop.ipc.Server$RpcCall.run(Server.java:876)
	at org.apache.hadoop.ipc.Server$RpcCall.run(Server.java:822)
	at java.security.AccessController.doPrivileged(Native Method)
	at javax.security.auth.Subject.doAs(Subject.java:422)
	at org.apache.hadoop.security.UserGroupInformation.doAs(UserGroupInformation.java:1730)
	at org.apache.hadoop.ipc.Server$Handler.run(Server.java:2682)
2019-10-16 22:21:23,136 [IPC Server handler 18 on 37451] INFO  block.BlockManagerImpl (BlockManagerImpl.java:allocateBlock(212)) - Could not find available pipeline of type:RATIS and factor:THREE even after retrying
2019-10-16 22:21:23,136 [IPC Server handler 18 on 37451] ERROR block.BlockManagerImpl (BlockManagerImpl.java:allocateBlock(236)) - Unable to allocate a block for the size: 4194304, type: RATIS, factor: THREE
2019-10-16 22:21:23,142 [IPC Server handler 18 on 37451] WARN  block.BlockManagerImpl (BlockManagerImpl.java:allocateBlock(200)) - Pipeline creation failed for type:RATIS factor:THREE. Retrying get pipelines call once.
org.apache.hadoop.hdds.scm.pipeline.InsufficientDatanodesException: Cannot create pipeline of factor 3 using 2 nodes.
	at org.apache.hadoop.hdds.scm.pipeline.RatisPipelineProvider.create(RatisPipelineProvider.java:153)
	at org.apache.hadoop.hdds.scm.pipeline.PipelineFactory.create(PipelineFactory.java:58)
	at org.apache.hadoop.hdds.scm.pipeline.SCMPipelineManager.createPipeline(SCMPipelineManager.java:155)
	at org.apache.hadoop.hdds.scm.block.BlockManagerImpl.allocateBlock(BlockManagerImpl.java:198)
	at org.apache.hadoop.hdds.scm.server.SCMBlockProtocolServer.allocateBlock(SCMBlockProtocolServer.java:182)
	at org.apache.hadoop.hdds.scm.protocol.ScmBlockLocationProtocolServerSideTranslatorPB.allocateScmBlock(ScmBlockLocationProtocolServerSideTranslatorPB.java:159)
	at org.apache.hadoop.hdds.scm.protocol.ScmBlockLocationProtocolServerSideTranslatorPB.processMessage(ScmBlockLocationProtocolServerSideTranslatorPB.java:117)
	at org.apache.hadoop.hdds.server.OzoneProtocolMessageDispatcher.processRequest(OzoneProtocolMessageDispatcher.java:72)
	at org.apache.hadoop.hdds.scm.protocol.ScmBlockLocationProtocolServerSideTranslatorPB.send(ScmBlockLocationProtocolServerSideTranslatorPB.java:98)
	at org.apache.hadoop.hdds.protocol.proto.ScmBlockLocationProtocolProtos$ScmBlockLocationProtocolService$2.callBlockingMethod(ScmBlockLocationProtocolProtos.java:13157)
	at org.apache.hadoop.ipc.ProtobufRpcEngine$Server$ProtoBufRpcInvoker.call(ProtobufRpcEngine.java:524)
	at org.apache.hadoop.ipc.RPC$Server.call(RPC.java:1025)
	at org.apache.hadoop.ipc.Server$RpcCall.run(Server.java:876)
	at org.apache.hadoop.ipc.Server$RpcCall.run(Server.java:822)
	at java.security.AccessController.doPrivileged(Native Method)
	at javax.security.auth.Subject.doAs(Subject.java:422)
	at org.apache.hadoop.security.UserGroupInformation.doAs(UserGroupInformation.java:1730)
	at org.apache.hadoop.ipc.Server$Handler.run(Server.java:2682)
2019-10-16 22:21:23,143 [IPC Server handler 18 on 37451] INFO  block.BlockManagerImpl (BlockManagerImpl.java:allocateBlock(212)) - Could not find available pipeline of type:RATIS and factor:THREE even after retrying
2019-10-16 22:21:23,143 [IPC Server handler 18 on 37451] ERROR block.BlockManagerImpl (BlockManagerImpl.java:allocateBlock(236)) - Unable to allocate a block for the size: 4194304, type: RATIS, factor: THREE
2019-10-16 22:21:23,145 [IPC Server handler 18 on 37451] WARN  block.BlockManagerImpl (BlockManagerImpl.java:allocateBlock(200)) - Pipeline creation failed for type:RATIS factor:THREE. Retrying get pipelines call once.
org.apache.hadoop.hdds.scm.pipeline.InsufficientDatanodesException: Cannot create pipeline of factor 3 using 2 nodes.
	at org.apache.hadoop.hdds.scm.pipeline.RatisPipelineProvider.create(RatisPipelineProvider.java:153)
	at org.apache.hadoop.hdds.scm.pipeline.PipelineFactory.create(PipelineFactory.java:58)
	at org.apache.hadoop.hdds.scm.pipeline.SCMPipelineManager.createPipeline(SCMPipelineManager.java:155)
	at org.apache.hadoop.hdds.scm.block.BlockManagerImpl.allocateBlock(BlockManagerImpl.java:198)
	at org.apache.hadoop.hdds.scm.server.SCMBlockProtocolServer.allocateBlock(SCMBlockProtocolServer.java:182)
	at org.apache.hadoop.hdds.scm.protocol.ScmBlockLocationProtocolServerSideTranslatorPB.allocateScmBlock(ScmBlockLocationProtocolServerSideTranslatorPB.java:159)
	at org.apache.hadoop.hdds.scm.protocol.ScmBlockLocationProtocolServerSideTranslatorPB.processMessage(ScmBlockLocationProtocolServerSideTranslatorPB.java:117)
	at org.apache.hadoop.hdds.server.OzoneProtocolMessageDispatcher.processRequest(OzoneProtocolMessageDispatcher.java:72)
	at org.apache.hadoop.hdds.scm.protocol.ScmBlockLocationProtocolServerSideTranslatorPB.send(ScmBlockLocationProtocolServerSideTranslatorPB.java:98)
	at org.apache.hadoop.hdds.protocol.proto.ScmBlockLocationProtocolProtos$ScmBlockLocationProtocolService$2.callBlockingMethod(ScmBlockLocationProtocolProtos.java:13157)
	at org.apache.hadoop.ipc.ProtobufRpcEngine$Server$ProtoBufRpcInvoker.call(ProtobufRpcEngine.java:524)
	at org.apache.hadoop.ipc.RPC$Server.call(RPC.java:1025)
	at org.apache.hadoop.ipc.Server$RpcCall.run(Server.java:876)
	at org.apache.hadoop.ipc.Server$RpcCall.run(Server.java:822)
	at java.security.AccessController.doPrivileged(Native Method)
	at javax.security.auth.Subject.doAs(Subject.java:422)
	at org.apache.hadoop.security.UserGroupInformation.doAs(UserGroupInformation.java:1730)
	at org.apache.hadoop.ipc.Server$Handler.run(Server.java:2682)
2019-10-16 22:21:23,146 [IPC Server handler 18 on 37451] INFO  block.BlockManagerImpl (BlockManagerImpl.java:allocateBlock(212)) - Could not find available pipeline of type:RATIS and factor:THREE even after retrying
2019-10-16 22:21:23,146 [IPC Server handler 18 on 37451] ERROR block.BlockManagerImpl (BlockManagerImpl.java:allocateBlock(236)) - Unable to allocate a block for the size: 4194304, type: RATIS, factor: THREE
2019-10-16 22:21:23,148 [IPC Server handler 18 on 37451] WARN  block.BlockManagerImpl (BlockManagerImpl.java:allocateBlock(200)) - Pipeline creation failed for type:RATIS factor:THREE. Retrying get pipelines call once.
org.apache.hadoop.hdds.scm.pipeline.InsufficientDatanodesException: Cannot create pipeline of factor 3 using 2 nodes.
	at org.apache.hadoop.hdds.scm.pipeline.RatisPipelineProvider.create(RatisPipelineProvider.java:153)
	at org.apache.hadoop.hdds.scm.pipeline.PipelineFactory.create(PipelineFactory.java:58)
	at org.apache.hadoop.hdds.scm.pipeline.SCMPipelineManager.createPipeline(SCMPipelineManager.java:155)
	at org.apache.hadoop.hdds.scm.block.BlockManagerImpl.allocateBlock(BlockManagerImpl.java:198)
	at org.apache.hadoop.hdds.scm.server.SCMBlockProtocolServer.allocateBlock(SCMBlockProtocolServer.java:182)
	at org.apache.hadoop.hdds.scm.protocol.ScmBlockLocationProtocolServerSideTranslatorPB.allocateScmBlock(ScmBlockLocationProtocolServerSideTranslatorPB.java:159)
	at org.apache.hadoop.hdds.scm.protocol.ScmBlockLocationProtocolServerSideTranslatorPB.processMessage(ScmBlockLocationProtocolServerSideTranslatorPB.java:117)
	at org.apache.hadoop.hdds.server.OzoneProtocolMessageDispatcher.processRequest(OzoneProtocolMessageDispatcher.java:72)
	at org.apache.hadoop.hdds.scm.protocol.ScmBlockLocationProtocolServerSideTranslatorPB.send(ScmBlockLocationProtocolServerSideTranslatorPB.java:98)
	at org.apache.hadoop.hdds.protocol.proto.ScmBlockLocationProtocolProtos$ScmBlockLocationProtocolService$2.callBlockingMethod(ScmBlockLocationProtocolProtos.java:13157)
	at org.apache.hadoop.ipc.ProtobufRpcEngine$Server$ProtoBufRpcInvoker.call(ProtobufRpcEngine.java:524)
	at org.apache.hadoop.ipc.RPC$Server.call(RPC.java:1025)
	at org.apache.hadoop.ipc.Server$RpcCall.run(Server.java:876)
	at org.apache.hadoop.ipc.Server$RpcCall.run(Server.java:822)
	at java.security.AccessController.doPrivileged(Native Method)
	at javax.security.auth.Subject.doAs(Subject.java:422)
	at org.apache.hadoop.security.UserGroupInformation.doAs(UserGroupInformation.java:1730)
	at org.apache.hadoop.ipc.Server$Handler.run(Server.java:2682)
2019-10-16 22:21:23,149 [IPC Server handler 18 on 37451] INFO  block.BlockManagerImpl (BlockManagerImpl.java:allocateBlock(212)) - Could not find available pipeline of type:RATIS and factor:THREE even after retrying
2019-10-16 22:21:23,149 [IPC Server handler 18 on 37451] ERROR block.BlockManagerImpl (BlockManagerImpl.java:allocateBlock(236)) - Unable to allocate a block for the size: 4194304, type: RATIS, factor: THREE
2019-10-16 22:21:23,155 [IPC Server handler 18 on 37451] WARN  block.BlockManagerImpl (BlockManagerImpl.java:allocateBlock(200)) - Pipeline creation failed for type:RATIS factor:THREE. Retrying get pipelines call once.
org.apache.hadoop.hdds.scm.pipeline.InsufficientDatanodesException: Cannot create pipeline of factor 3 using 2 nodes.
	at org.apache.hadoop.hdds.scm.pipeline.RatisPipelineProvider.create(RatisPipelineProvider.java:153)
	at org.apache.hadoop.hdds.scm.pipeline.PipelineFactory.create(PipelineFactory.java:58)
	at org.apache.hadoop.hdds.scm.pipeline.SCMPipelineManager.createPipeline(SCMPipelineManager.java:155)
	at org.apache.hadoop.hdds.scm.block.BlockManagerImpl.allocateBlock(BlockManagerImpl.java:198)
	at org.apache.hadoop.hdds.scm.server.SCMBlockProtocolServer.allocateBlock(SCMBlockProtocolServer.java:182)
	at org.apache.hadoop.hdds.scm.protocol.ScmBlockLocationProtocolServerSideTranslatorPB.allocateScmBlock(ScmBlockLocationProtocolServerSideTranslatorPB.java:159)
	at org.apache.hadoop.hdds.scm.protocol.ScmBlockLocationProtocolServerSideTranslatorPB.processMessage(ScmBlockLocationProtocolServerSideTranslatorPB.java:117)
	at org.apache.hadoop.hdds.server.OzoneProtocolMessageDispatcher.processRequest(OzoneProtocolMessageDispatcher.java:72)
	at org.apache.hadoop.hdds.scm.protocol.ScmBlockLocationProtocolServerSideTranslatorPB.send(ScmBlockLocationProtocolServerSideTranslatorPB.java:98)
	at org.apache.hadoop.hdds.protocol.proto.ScmBlockLocationProtocolProtos$ScmBlockLocationProtocolService$2.callBlockingMethod(ScmBlockLocationProtocolProtos.java:13157)
	at org.apache.hadoop.ipc.ProtobufRpcEngine$Server$ProtoBufRpcInvoker.call(ProtobufRpcEngine.java:524)
	at org.apache.hadoop.ipc.RPC$Server.call(RPC.java:1025)
	at org.apache.hadoop.ipc.Server$RpcCall.run(Server.java:876)
	at org.apache.hadoop.ipc.Server$RpcCall.run(Server.java:822)
	at java.security.AccessController.doPrivileged(Native Method)
	at javax.security.auth.Subject.doAs(Subject.java:422)
	at org.apache.hadoop.security.UserGroupInformation.doAs(UserGroupInformation.java:1730)
	at org.apache.hadoop.ipc.Server$Handler.run(Server.java:2682)
2019-10-16 22:21:23,155 [80429b0a-59fd-4cc1-aa54-c7e113f2fc75@group-3F44BD8069CF-LeaderElection28] INFO  impl.LeaderElection (LeaderElection.java:logAndReturn(56)) - 80429b0a-59fd-4cc1-aa54-c7e113f2fc75@group-3F44BD8069CF-LeaderElection28: Election REJECTED; received 2 response(s) [80429b0a-59fd-4cc1-aa54-c7e113f2fc75<-10709bda-d4dc-4a9c-9e19-12e8b772be2f#0:FAIL-t22, 80429b0a-59fd-4cc1-aa54-c7e113f2fc75<-eb983093-91d2-4010-938b-148522e57322#0:FAIL-t22] and 0 exception(s); 80429b0a-59fd-4cc1-aa54-c7e113f2fc75@group-3F44BD8069CF:t22, leader=null, voted=80429b0a-59fd-4cc1-aa54-c7e113f2fc75, raftlog=80429b0a-59fd-4cc1-aa54-c7e113f2fc75@group-3F44BD8069CF-SegmentedRaftLog:OPENED:c-1,f-1,i0, conf=-1: [80429b0a-59fd-4cc1-aa54-c7e113f2fc75:192.168.34.38:36487, 10709bda-d4dc-4a9c-9e19-12e8b772be2f:192.168.34.38:34412, eb983093-91d2-4010-938b-148522e57322:192.168.34.38:40909], old=null
2019-10-16 22:21:23,155 [IPC Server handler 18 on 37451] INFO  block.BlockManagerImpl (BlockManagerImpl.java:allocateBlock(212)) - Could not find available pipeline of type:RATIS and factor:THREE even after retrying
2019-10-16 22:21:23,155 [80429b0a-59fd-4cc1-aa54-c7e113f2fc75@group-3F44BD8069CF-LeaderElection28] INFO  impl.RaftServerImpl (RaftServerImpl.java:setRole(184)) - 80429b0a-59fd-4cc1-aa54-c7e113f2fc75@group-3F44BD8069CF: changes role from CANDIDATE to FOLLOWER at term 22 for DISCOVERED_A_NEW_TERM
2019-10-16 22:21:23,156 [IPC Server handler 18 on 37451] ERROR block.BlockManagerImpl (BlockManagerImpl.java:allocateBlock(236)) - Unable to allocate a block for the size: 4194304, type: RATIS, factor: THREE
2019-10-16 22:21:23,157 [80429b0a-59fd-4cc1-aa54-c7e113f2fc75@group-3F44BD8069CF-LeaderElection28] INFO  impl.RoleInfo (RoleInfo.java:shutdownLeaderElection(134)) - 80429b0a-59fd-4cc1-aa54-c7e113f2fc75: shutdown LeaderElection
2019-10-16 22:21:23,161 [80429b0a-59fd-4cc1-aa54-c7e113f2fc75@group-3F44BD8069CF-LeaderElection28] INFO  impl.RoleInfo (RoleInfo.java:updateAndGet(143)) - 80429b0a-59fd-4cc1-aa54-c7e113f2fc75: start FollowerState
2019-10-16 22:21:23,162 [pool-77-thread-3] ERROR freon.RandomKeyGenerator (RandomKeyGenerator.java:createKey(733)) - Exception while adding key: key-0-64940 in bucket: bucket-0-07361 of volume: vol-0-58673.
INTERNAL_ERROR org.apache.hadoop.ozone.om.exceptions.OMException: Allocated 0 blocks. Requested 5 blocks
	at org.apache.hadoop.ozone.om.protocolPB.OzoneManagerProtocolClientSideTranslatorPB.handleError(OzoneManagerProtocolClientSideTranslatorPB.java:732)
	at org.apache.hadoop.ozone.om.protocolPB.OzoneManagerProtocolClientSideTranslatorPB.openKey(OzoneManagerProtocolClientSideTranslatorPB.java:723)
	at sun.reflect.NativeMethodAccessorImpl.invoke0(Native Method)
	at sun.reflect.NativeMethodAccessorImpl.invoke(NativeMethodAccessorImpl.java:62)
	at sun.reflect.DelegatingMethodAccessorImpl.invoke(DelegatingMethodAccessorImpl.java:43)
	at java.lang.reflect.Method.invoke(Method.java:498)
	at org.apache.hadoop.hdds.tracing.TraceAllMethod.invoke(TraceAllMethod.java:66)
	at com.sun.proxy.$Proxy37.openKey(Unknown Source)
	at org.apache.hadoop.ozone.client.rpc.RpcClient.createKey(RpcClient.java:614)
	at org.apache.hadoop.ozone.client.OzoneBucket.createKey(OzoneBucket.java:325)
	at org.apache.hadoop.ozone.freon.RandomKeyGenerator.createKey(RandomKeyGenerator.java:695)
	at org.apache.hadoop.ozone.freon.RandomKeyGenerator.access$1100(RandomKeyGenerator.java:88)
	at org.apache.hadoop.ozone.freon.RandomKeyGenerator$ObjectCreator.run(RandomKeyGenerator.java:615)
	at java.util.concurrent.Executors$RunnableAdapter.call(Executors.java:511)
	at java.util.concurrent.FutureTask.run(FutureTask.java:266)
	at java.util.concurrent.ThreadPoolExecutor.runWorker(ThreadPoolExecutor.java:1149)
	at java.util.concurrent.ThreadPoolExecutor$Worker.run(ThreadPoolExecutor.java:624)
	at java.lang.Thread.run(Thread.java:748)
2019-10-16 22:21:23,351 [Thread-764] INFO  impl.FollowerState (FollowerState.java:run(108)) - 80429b0a-59fd-4cc1-aa54-c7e113f2fc75@group-3F44BD8069CF-FollowerState: change to CANDIDATE, lastRpcTime:193ms, electionTimeout:189ms
2019-10-16 22:21:23,351 [Thread-764] INFO  impl.RoleInfo (RoleInfo.java:shutdownFollowerState(121)) - 80429b0a-59fd-4cc1-aa54-c7e113f2fc75: shutdown FollowerState
2019-10-16 22:21:23,351 [Thread-764] INFO  impl.RaftServerImpl (RaftServerImpl.java:setRole(184)) - 80429b0a-59fd-4cc1-aa54-c7e113f2fc75@group-3F44BD8069CF: changes role from  FOLLOWER to CANDIDATE at term 22 for changeToCandidate
2019-10-16 22:21:23,352 [Thread-764] INFO  impl.RoleInfo (RoleInfo.java:updateAndGet(143)) - 80429b0a-59fd-4cc1-aa54-c7e113f2fc75: start LeaderElection
2019-10-16 22:21:23,367 [80429b0a-59fd-4cc1-aa54-c7e113f2fc75@group-3F44BD8069CF-LeaderElection29] INFO  impl.LeaderElection (LeaderElection.java:askForVotes(178)) - 80429b0a-59fd-4cc1-aa54-c7e113f2fc75@group-3F44BD8069CF-LeaderElection29: begin an election at term 23 for -1: [80429b0a-59fd-4cc1-aa54-c7e113f2fc75:192.168.34.38:36487, 10709bda-d4dc-4a9c-9e19-12e8b772be2f:192.168.34.38:34412, eb983093-91d2-4010-938b-148522e57322:192.168.34.38:40909], old=null
2019-10-16 22:21:23,371 [grpc-default-executor-9] INFO  impl.RaftServerImpl (RaftServerImpl.java:setRole(184)) - eb983093-91d2-4010-938b-148522e57322@group-3F44BD8069CF: changes role from  FOLLOWER to FOLLOWER at term 23 for recognizeCandidate:80429b0a-59fd-4cc1-aa54-c7e113f2fc75
2019-10-16 22:21:23,371 [grpc-default-executor-11] INFO  impl.RaftServerImpl (RaftServerImpl.java:setRole(184)) - 10709bda-d4dc-4a9c-9e19-12e8b772be2f@group-3F44BD8069CF: changes role from  FOLLOWER to FOLLOWER at term 23 for recognizeCandidate:80429b0a-59fd-4cc1-aa54-c7e113f2fc75
2019-10-16 22:21:23,371 [grpc-default-executor-9] INFO  impl.RoleInfo (RoleInfo.java:shutdownFollowerState(121)) - eb983093-91d2-4010-938b-148522e57322: shutdown FollowerState
2019-10-16 22:21:23,371 [grpc-default-executor-11] INFO  impl.RoleInfo (RoleInfo.java:shutdownFollowerState(121)) - 10709bda-d4dc-4a9c-9e19-12e8b772be2f: shutdown FollowerState
2019-10-16 22:21:23,371 [Thread-763] INFO  impl.FollowerState (FollowerState.java:run(117)) - eb983093-91d2-4010-938b-148522e57322@group-3F44BD8069CF-FollowerState was interrupted: java.lang.InterruptedException: sleep interrupted
2019-10-16 22:21:23,371 [grpc-default-executor-9] INFO  impl.RoleInfo (RoleInfo.java:updateAndGet(143)) - eb983093-91d2-4010-938b-148522e57322: start FollowerState
2019-10-16 22:21:23,371 [Thread-762] INFO  impl.FollowerState (FollowerState.java:run(117)) - 10709bda-d4dc-4a9c-9e19-12e8b772be2f@group-3F44BD8069CF-FollowerState was interrupted: java.lang.InterruptedException: sleep interrupted
2019-10-16 22:21:23,371 [grpc-default-executor-11] INFO  impl.RoleInfo (RoleInfo.java:updateAndGet(143)) - 10709bda-d4dc-4a9c-9e19-12e8b772be2f: start FollowerState
2019-10-16 22:21:23,398 [80429b0a-59fd-4cc1-aa54-c7e113f2fc75@group-3F44BD8069CF-LeaderElection29] INFO  impl.LeaderElection (LeaderElection.java:logAndReturn(56)) - 80429b0a-59fd-4cc1-aa54-c7e113f2fc75@group-3F44BD8069CF-LeaderElection29: Election REJECTED; received 2 response(s) [80429b0a-59fd-4cc1-aa54-c7e113f2fc75<-10709bda-d4dc-4a9c-9e19-12e8b772be2f#0:FAIL-t23, 80429b0a-59fd-4cc1-aa54-c7e113f2fc75<-eb983093-91d2-4010-938b-148522e57322#0:FAIL-t23] and 0 exception(s); 80429b0a-59fd-4cc1-aa54-c7e113f2fc75@group-3F44BD8069CF:t23, leader=null, voted=80429b0a-59fd-4cc1-aa54-c7e113f2fc75, raftlog=80429b0a-59fd-4cc1-aa54-c7e113f2fc75@group-3F44BD8069CF-SegmentedRaftLog:OPENED:c-1,f-1,i0, conf=-1: [80429b0a-59fd-4cc1-aa54-c7e113f2fc75:192.168.34.38:36487, 10709bda-d4dc-4a9c-9e19-12e8b772be2f:192.168.34.38:34412, eb983093-91d2-4010-938b-148522e57322:192.168.34.38:40909], old=null
2019-10-16 22:21:23,398 [80429b0a-59fd-4cc1-aa54-c7e113f2fc75@group-3F44BD8069CF-LeaderElection29] INFO  impl.RaftServerImpl (RaftServerImpl.java:setRole(184)) - 80429b0a-59fd-4cc1-aa54-c7e113f2fc75@group-3F44BD8069CF: changes role from CANDIDATE to FOLLOWER at term 23 for DISCOVERED_A_NEW_TERM
2019-10-16 22:21:23,398 [80429b0a-59fd-4cc1-aa54-c7e113f2fc75@group-3F44BD8069CF-LeaderElection29] INFO  impl.RoleInfo (RoleInfo.java:shutdownLeaderElection(134)) - 80429b0a-59fd-4cc1-aa54-c7e113f2fc75: shutdown LeaderElection
2019-10-16 22:21:23,398 [80429b0a-59fd-4cc1-aa54-c7e113f2fc75@group-3F44BD8069CF-LeaderElection29] INFO  impl.RoleInfo (RoleInfo.java:updateAndGet(143)) - 80429b0a-59fd-4cc1-aa54-c7e113f2fc75: start FollowerState
2019-10-16 22:21:23,464 [Thread-770] INFO  impl.FollowerState (FollowerState.java:run(108)) - 80429b0a-59fd-4cc1-aa54-c7e113f2fc75@group-3F44BD8069CF-FollowerState: change to CANDIDATE, lastRpcTime:65ms, electionTimeout:65ms
2019-10-16 22:21:23,466 [Thread-770] INFO  impl.RoleInfo (RoleInfo.java:shutdownFollowerState(121)) - 80429b0a-59fd-4cc1-aa54-c7e113f2fc75: shutdown FollowerState
2019-10-16 22:21:23,466 [Thread-770] INFO  impl.RaftServerImpl (RaftServerImpl.java:setRole(184)) - 80429b0a-59fd-4cc1-aa54-c7e113f2fc75@group-3F44BD8069CF: changes role from  FOLLOWER to CANDIDATE at term 23 for changeToCandidate
2019-10-16 22:21:23,467 [Thread-770] INFO  impl.RoleInfo (RoleInfo.java:updateAndGet(143)) - 80429b0a-59fd-4cc1-aa54-c7e113f2fc75: start LeaderElection
2019-10-16 22:21:23,473 [80429b0a-59fd-4cc1-aa54-c7e113f2fc75@group-3F44BD8069CF-LeaderElection30] INFO  impl.LeaderElection (LeaderElection.java:askForVotes(178)) - 80429b0a-59fd-4cc1-aa54-c7e113f2fc75@group-3F44BD8069CF-LeaderElection30: begin an election at term 24 for -1: [80429b0a-59fd-4cc1-aa54-c7e113f2fc75:192.168.34.38:36487, 10709bda-d4dc-4a9c-9e19-12e8b772be2f:192.168.34.38:34412, eb983093-91d2-4010-938b-148522e57322:192.168.34.38:40909], old=null
2019-10-16 22:21:23,478 [grpc-default-executor-9] INFO  impl.RaftServerImpl (RaftServerImpl.java:setRole(184)) - 10709bda-d4dc-4a9c-9e19-12e8b772be2f@group-3F44BD8069CF: changes role from  FOLLOWER to FOLLOWER at term 24 for recognizeCandidate:80429b0a-59fd-4cc1-aa54-c7e113f2fc75
2019-10-16 22:21:23,478 [grpc-default-executor-11] INFO  impl.RaftServerImpl (RaftServerImpl.java:setRole(184)) - eb983093-91d2-4010-938b-148522e57322@group-3F44BD8069CF: changes role from  FOLLOWER to FOLLOWER at term 24 for recognizeCandidate:80429b0a-59fd-4cc1-aa54-c7e113f2fc75
2019-10-16 22:21:23,478 [grpc-default-executor-9] INFO  impl.RoleInfo (RoleInfo.java:shutdownFollowerState(121)) - 10709bda-d4dc-4a9c-9e19-12e8b772be2f: shutdown FollowerState
2019-10-16 22:21:23,479 [grpc-default-executor-11] INFO  impl.RoleInfo (RoleInfo.java:shutdownFollowerState(121)) - eb983093-91d2-4010-938b-148522e57322: shutdown FollowerState
2019-10-16 22:21:23,479 [Thread-769] INFO  impl.FollowerState (FollowerState.java:run(117)) - 10709bda-d4dc-4a9c-9e19-12e8b772be2f@group-3F44BD8069CF-FollowerState was interrupted: java.lang.InterruptedException: sleep interrupted
2019-10-16 22:21:23,479 [Thread-768] INFO  impl.FollowerState (FollowerState.java:run(117)) - eb983093-91d2-4010-938b-148522e57322@group-3F44BD8069CF-FollowerState was interrupted: java.lang.InterruptedException: sleep interrupted
2019-10-16 22:21:23,479 [grpc-default-executor-9] INFO  impl.RoleInfo (RoleInfo.java:updateAndGet(143)) - 10709bda-d4dc-4a9c-9e19-12e8b772be2f: start FollowerState
2019-10-16 22:21:23,479 [grpc-default-executor-11] INFO  impl.RoleInfo (RoleInfo.java:updateAndGet(143)) - eb983093-91d2-4010-938b-148522e57322: start FollowerState
2019-10-16 22:21:23,487 [80429b0a-59fd-4cc1-aa54-c7e113f2fc75@group-3F44BD8069CF-LeaderElection30] INFO  impl.LeaderElection (LeaderElection.java:logAndReturn(56)) - 80429b0a-59fd-4cc1-aa54-c7e113f2fc75@group-3F44BD8069CF-LeaderElection30: Election REJECTED; received 2 response(s) [80429b0a-59fd-4cc1-aa54-c7e113f2fc75<-10709bda-d4dc-4a9c-9e19-12e8b772be2f#0:FAIL-t24, 80429b0a-59fd-4cc1-aa54-c7e113f2fc75<-eb983093-91d2-4010-938b-148522e57322#0:FAIL-t24] and 0 exception(s); 80429b0a-59fd-4cc1-aa54-c7e113f2fc75@group-3F44BD8069CF:t24, leader=null, voted=80429b0a-59fd-4cc1-aa54-c7e113f2fc75, raftlog=80429b0a-59fd-4cc1-aa54-c7e113f2fc75@group-3F44BD8069CF-SegmentedRaftLog:OPENED:c-1,f-1,i0, conf=-1: [80429b0a-59fd-4cc1-aa54-c7e113f2fc75:192.168.34.38:36487, 10709bda-d4dc-4a9c-9e19-12e8b772be2f:192.168.34.38:34412, eb983093-91d2-4010-938b-148522e57322:192.168.34.38:40909], old=null
2019-10-16 22:21:23,487 [80429b0a-59fd-4cc1-aa54-c7e113f2fc75@group-3F44BD8069CF-LeaderElection30] INFO  impl.RaftServerImpl (RaftServerImpl.java:setRole(184)) - 80429b0a-59fd-4cc1-aa54-c7e113f2fc75@group-3F44BD8069CF: changes role from CANDIDATE to FOLLOWER at term 24 for DISCOVERED_A_NEW_TERM
2019-10-16 22:21:23,487 [80429b0a-59fd-4cc1-aa54-c7e113f2fc75@group-3F44BD8069CF-LeaderElection30] INFO  impl.RoleInfo (RoleInfo.java:shutdownLeaderElection(134)) - 80429b0a-59fd-4cc1-aa54-c7e113f2fc75: shutdown LeaderElection
2019-10-16 22:21:23,487 [80429b0a-59fd-4cc1-aa54-c7e113f2fc75@group-3F44BD8069CF-LeaderElection30] INFO  impl.RoleInfo (RoleInfo.java:updateAndGet(143)) - 80429b0a-59fd-4cc1-aa54-c7e113f2fc75: start FollowerState
2019-10-16 22:21:23,638 [Thread-776] INFO  impl.FollowerState (FollowerState.java:run(108)) - 80429b0a-59fd-4cc1-aa54-c7e113f2fc75@group-3F44BD8069CF-FollowerState: change to CANDIDATE, lastRpcTime:150ms, electionTimeout:150ms
2019-10-16 22:21:23,639 [Thread-776] INFO  impl.RoleInfo (RoleInfo.java:shutdownFollowerState(121)) - 80429b0a-59fd-4cc1-aa54-c7e113f2fc75: shutdown FollowerState
2019-10-16 22:21:23,640 [Thread-776] INFO  impl.RaftServerImpl (RaftServerImpl.java:setRole(184)) - 80429b0a-59fd-4cc1-aa54-c7e113f2fc75@group-3F44BD8069CF: changes role from  FOLLOWER to CANDIDATE at term 24 for changeToCandidate
2019-10-16 22:21:23,640 [Thread-776] INFO  impl.RoleInfo (RoleInfo.java:updateAndGet(143)) - 80429b0a-59fd-4cc1-aa54-c7e113f2fc75: start LeaderElection
2019-10-16 22:21:23,646 [80429b0a-59fd-4cc1-aa54-c7e113f2fc75@group-3F44BD8069CF-LeaderElection31] INFO  impl.LeaderElection (LeaderElection.java:askForVotes(178)) - 80429b0a-59fd-4cc1-aa54-c7e113f2fc75@group-3F44BD8069CF-LeaderElection31: begin an election at term 25 for -1: [80429b0a-59fd-4cc1-aa54-c7e113f2fc75:192.168.34.38:36487, 10709bda-d4dc-4a9c-9e19-12e8b772be2f:192.168.34.38:34412, eb983093-91d2-4010-938b-148522e57322:192.168.34.38:40909], old=null
2019-10-16 22:21:23,649 [grpc-default-executor-11] INFO  impl.RaftServerImpl (RaftServerImpl.java:setRole(184)) - 10709bda-d4dc-4a9c-9e19-12e8b772be2f@group-3F44BD8069CF: changes role from  FOLLOWER to FOLLOWER at term 25 for recognizeCandidate:80429b0a-59fd-4cc1-aa54-c7e113f2fc75
2019-10-16 22:21:23,649 [grpc-default-executor-11] INFO  impl.RoleInfo (RoleInfo.java:shutdownFollowerState(121)) - 10709bda-d4dc-4a9c-9e19-12e8b772be2f: shutdown FollowerState
2019-10-16 22:21:23,649 [grpc-default-executor-9] INFO  impl.RaftServerImpl (RaftServerImpl.java:setRole(184)) - eb983093-91d2-4010-938b-148522e57322@group-3F44BD8069CF: changes role from  FOLLOWER to FOLLOWER at term 25 for recognizeCandidate:80429b0a-59fd-4cc1-aa54-c7e113f2fc75
2019-10-16 22:21:23,649 [Thread-774] INFO  impl.FollowerState (FollowerState.java:run(117)) - 10709bda-d4dc-4a9c-9e19-12e8b772be2f@group-3F44BD8069CF-FollowerState was interrupted: java.lang.InterruptedException: sleep interrupted
2019-10-16 22:21:23,649 [grpc-default-executor-11] INFO  impl.RoleInfo (RoleInfo.java:updateAndGet(143)) - 10709bda-d4dc-4a9c-9e19-12e8b772be2f: start FollowerState
2019-10-16 22:21:23,650 [grpc-default-executor-9] INFO  impl.RoleInfo (RoleInfo.java:shutdownFollowerState(121)) - eb983093-91d2-4010-938b-148522e57322: shutdown FollowerState
2019-10-16 22:21:23,650 [grpc-default-executor-9] INFO  impl.RoleInfo (RoleInfo.java:updateAndGet(143)) - eb983093-91d2-4010-938b-148522e57322: start FollowerState
2019-10-16 22:21:23,650 [Thread-775] INFO  impl.FollowerState (FollowerState.java:run(117)) - eb983093-91d2-4010-938b-148522e57322@group-3F44BD8069CF-FollowerState was interrupted: java.lang.InterruptedException: sleep interrupted
2019-10-16 22:21:23,665 [80429b0a-59fd-4cc1-aa54-c7e113f2fc75@group-3F44BD8069CF-LeaderElection31] INFO  impl.LeaderElection (LeaderElection.java:logAndReturn(56)) - 80429b0a-59fd-4cc1-aa54-c7e113f2fc75@group-3F44BD8069CF-LeaderElection31: Election REJECTED; received 2 response(s) [80429b0a-59fd-4cc1-aa54-c7e113f2fc75<-10709bda-d4dc-4a9c-9e19-12e8b772be2f#0:FAIL-t25, 80429b0a-59fd-4cc1-aa54-c7e113f2fc75<-eb983093-91d2-4010-938b-148522e57322#0:FAIL-t25] and 0 exception(s); 80429b0a-59fd-4cc1-aa54-c7e113f2fc75@group-3F44BD8069CF:t25, leader=null, voted=80429b0a-59fd-4cc1-aa54-c7e113f2fc75, raftlog=80429b0a-59fd-4cc1-aa54-c7e113f2fc75@group-3F44BD8069CF-SegmentedRaftLog:OPENED:c-1,f-1,i0, conf=-1: [80429b0a-59fd-4cc1-aa54-c7e113f2fc75:192.168.34.38:36487, 10709bda-d4dc-4a9c-9e19-12e8b772be2f:192.168.34.38:34412, eb983093-91d2-4010-938b-148522e57322:192.168.34.38:40909], old=null
2019-10-16 22:21:23,666 [80429b0a-59fd-4cc1-aa54-c7e113f2fc75@group-3F44BD8069CF-LeaderElection31] INFO  impl.RaftServerImpl (RaftServerImpl.java:setRole(184)) - 80429b0a-59fd-4cc1-aa54-c7e113f2fc75@group-3F44BD8069CF: changes role from CANDIDATE to FOLLOWER at term 25 for DISCOVERED_A_NEW_TERM
2019-10-16 22:21:23,666 [80429b0a-59fd-4cc1-aa54-c7e113f2fc75@group-3F44BD8069CF-LeaderElection31] INFO  impl.RoleInfo (RoleInfo.java:shutdownLeaderElection(134)) - 80429b0a-59fd-4cc1-aa54-c7e113f2fc75: shutdown LeaderElection
2019-10-16 22:21:23,666 [80429b0a-59fd-4cc1-aa54-c7e113f2fc75@group-3F44BD8069CF-LeaderElection31] INFO  impl.RoleInfo (RoleInfo.java:updateAndGet(143)) - 80429b0a-59fd-4cc1-aa54-c7e113f2fc75: start FollowerState
2019-10-16 22:21:23,740 [Thread-782] INFO  impl.FollowerState (FollowerState.java:run(108)) - 80429b0a-59fd-4cc1-aa54-c7e113f2fc75@group-3F44BD8069CF-FollowerState: change to CANDIDATE, lastRpcTime:74ms, electionTimeout:74ms
2019-10-16 22:21:23,743 [Thread-782] INFO  impl.RoleInfo (RoleInfo.java:shutdownFollowerState(121)) - 80429b0a-59fd-4cc1-aa54-c7e113f2fc75: shutdown FollowerState
2019-10-16 22:21:23,743 [Thread-782] INFO  impl.RaftServerImpl (RaftServerImpl.java:setRole(184)) - 80429b0a-59fd-4cc1-aa54-c7e113f2fc75@group-3F44BD8069CF: changes role from  FOLLOWER to CANDIDATE at term 25 for changeToCandidate
2019-10-16 22:21:23,743 [Thread-782] INFO  impl.RoleInfo (RoleInfo.java:updateAndGet(143)) - 80429b0a-59fd-4cc1-aa54-c7e113f2fc75: start LeaderElection
2019-10-16 22:21:23,770 [80429b0a-59fd-4cc1-aa54-c7e113f2fc75@group-3F44BD8069CF-LeaderElection32] INFO  impl.LeaderElection (LeaderElection.java:askForVotes(178)) - 80429b0a-59fd-4cc1-aa54-c7e113f2fc75@group-3F44BD8069CF-LeaderElection32: begin an election at term 26 for -1: [80429b0a-59fd-4cc1-aa54-c7e113f2fc75:192.168.34.38:36487, 10709bda-d4dc-4a9c-9e19-12e8b772be2f:192.168.34.38:34412, eb983093-91d2-4010-938b-148522e57322:192.168.34.38:40909], old=null
2019-10-16 22:21:23,775 [grpc-default-executor-11] INFO  impl.RaftServerImpl (RaftServerImpl.java:setRole(184)) - 10709bda-d4dc-4a9c-9e19-12e8b772be2f@group-3F44BD8069CF: changes role from  FOLLOWER to FOLLOWER at term 26 for recognizeCandidate:80429b0a-59fd-4cc1-aa54-c7e113f2fc75
2019-10-16 22:21:23,775 [grpc-default-executor-11] INFO  impl.RoleInfo (RoleInfo.java:shutdownFollowerState(121)) - 10709bda-d4dc-4a9c-9e19-12e8b772be2f: shutdown FollowerState
2019-10-16 22:21:23,775 [grpc-default-executor-9] INFO  impl.RaftServerImpl (RaftServerImpl.java:setRole(184)) - eb983093-91d2-4010-938b-148522e57322@group-3F44BD8069CF: changes role from  FOLLOWER to FOLLOWER at term 26 for recognizeCandidate:80429b0a-59fd-4cc1-aa54-c7e113f2fc75
2019-10-16 22:21:23,776 [Thread-780] INFO  impl.FollowerState (FollowerState.java:run(117)) - 10709bda-d4dc-4a9c-9e19-12e8b772be2f@group-3F44BD8069CF-FollowerState was interrupted: java.lang.InterruptedException: sleep interrupted
2019-10-16 22:21:23,775 [grpc-default-executor-11] INFO  impl.RoleInfo (RoleInfo.java:updateAndGet(143)) - 10709bda-d4dc-4a9c-9e19-12e8b772be2f: start FollowerState
2019-10-16 22:21:23,776 [grpc-default-executor-9] INFO  impl.RoleInfo (RoleInfo.java:shutdownFollowerState(121)) - eb983093-91d2-4010-938b-148522e57322: shutdown FollowerState
2019-10-16 22:21:23,776 [grpc-default-executor-9] INFO  impl.RoleInfo (RoleInfo.java:updateAndGet(143)) - eb983093-91d2-4010-938b-148522e57322: start FollowerState
2019-10-16 22:21:23,776 [Thread-781] INFO  impl.FollowerState (FollowerState.java:run(117)) - eb983093-91d2-4010-938b-148522e57322@group-3F44BD8069CF-FollowerState was interrupted: java.lang.InterruptedException: sleep interrupted
2019-10-16 22:21:23,805 [80429b0a-59fd-4cc1-aa54-c7e113f2fc75@group-3F44BD8069CF-LeaderElection32] INFO  impl.LeaderElection (LeaderElection.java:logAndReturn(56)) - 80429b0a-59fd-4cc1-aa54-c7e113f2fc75@group-3F44BD8069CF-LeaderElection32: Election REJECTED; received 2 response(s) [80429b0a-59fd-4cc1-aa54-c7e113f2fc75<-10709bda-d4dc-4a9c-9e19-12e8b772be2f#0:FAIL-t26, 80429b0a-59fd-4cc1-aa54-c7e113f2fc75<-eb983093-91d2-4010-938b-148522e57322#0:FAIL-t26] and 0 exception(s); 80429b0a-59fd-4cc1-aa54-c7e113f2fc75@group-3F44BD8069CF:t26, leader=null, voted=80429b0a-59fd-4cc1-aa54-c7e113f2fc75, raftlog=80429b0a-59fd-4cc1-aa54-c7e113f2fc75@group-3F44BD8069CF-SegmentedRaftLog:OPENED:c-1,f-1,i0, conf=-1: [80429b0a-59fd-4cc1-aa54-c7e113f2fc75:192.168.34.38:36487, 10709bda-d4dc-4a9c-9e19-12e8b772be2f:192.168.34.38:34412, eb983093-91d2-4010-938b-148522e57322:192.168.34.38:40909], old=null
2019-10-16 22:21:23,806 [80429b0a-59fd-4cc1-aa54-c7e113f2fc75@group-3F44BD8069CF-LeaderElection32] INFO  impl.RaftServerImpl (RaftServerImpl.java:setRole(184)) - 80429b0a-59fd-4cc1-aa54-c7e113f2fc75@group-3F44BD8069CF: changes role from CANDIDATE to FOLLOWER at term 26 for DISCOVERED_A_NEW_TERM
2019-10-16 22:21:23,806 [80429b0a-59fd-4cc1-aa54-c7e113f2fc75@group-3F44BD8069CF-LeaderElection32] INFO  impl.RoleInfo (RoleInfo.java:shutdownLeaderElection(134)) - 80429b0a-59fd-4cc1-aa54-c7e113f2fc75: shutdown LeaderElection
2019-10-16 22:21:23,806 [80429b0a-59fd-4cc1-aa54-c7e113f2fc75@group-3F44BD8069CF-LeaderElection32] INFO  impl.RoleInfo (RoleInfo.java:updateAndGet(143)) - 80429b0a-59fd-4cc1-aa54-c7e113f2fc75: start FollowerState
2019-10-16 22:21:23,962 [Thread-788] INFO  impl.FollowerState (FollowerState.java:run(108)) - 80429b0a-59fd-4cc1-aa54-c7e113f2fc75@group-3F44BD8069CF-FollowerState: change to CANDIDATE, lastRpcTime:155ms, electionTimeout:155ms
2019-10-16 22:21:23,964 [Thread-788] INFO  impl.RoleInfo (RoleInfo.java:shutdownFollowerState(121)) - 80429b0a-59fd-4cc1-aa54-c7e113f2fc75: shutdown FollowerState
2019-10-16 22:21:23,964 [Thread-788] INFO  impl.RaftServerImpl (RaftServerImpl.java:setRole(184)) - 80429b0a-59fd-4cc1-aa54-c7e113f2fc75@group-3F44BD8069CF: changes role from  FOLLOWER to CANDIDATE at term 26 for changeToCandidate
2019-10-16 22:21:23,964 [Thread-788] INFO  impl.RoleInfo (RoleInfo.java:updateAndGet(143)) - 80429b0a-59fd-4cc1-aa54-c7e113f2fc75: start LeaderElection
2019-10-16 22:21:23,972 [80429b0a-59fd-4cc1-aa54-c7e113f2fc75@group-3F44BD8069CF-LeaderElection33] INFO  impl.LeaderElection (LeaderElection.java:askForVotes(178)) - 80429b0a-59fd-4cc1-aa54-c7e113f2fc75@group-3F44BD8069CF-LeaderElection33: begin an election at term 27 for -1: [80429b0a-59fd-4cc1-aa54-c7e113f2fc75:192.168.34.38:36487, 10709bda-d4dc-4a9c-9e19-12e8b772be2f:192.168.34.38:34412, eb983093-91d2-4010-938b-148522e57322:192.168.34.38:40909], old=null
2019-10-16 22:21:23,975 [grpc-default-executor-9] INFO  impl.RaftServerImpl (RaftServerImpl.java:setRole(184)) - eb983093-91d2-4010-938b-148522e57322@group-3F44BD8069CF: changes role from  FOLLOWER to FOLLOWER at term 27 for recognizeCandidate:80429b0a-59fd-4cc1-aa54-c7e113f2fc75
2019-10-16 22:21:23,975 [grpc-default-executor-11] INFO  impl.RaftServerImpl (RaftServerImpl.java:setRole(184)) - 10709bda-d4dc-4a9c-9e19-12e8b772be2f@group-3F44BD8069CF: changes role from  FOLLOWER to FOLLOWER at term 27 for recognizeCandidate:80429b0a-59fd-4cc1-aa54-c7e113f2fc75
2019-10-16 22:21:23,975 [grpc-default-executor-9] INFO  impl.RoleInfo (RoleInfo.java:shutdownFollowerState(121)) - eb983093-91d2-4010-938b-148522e57322: shutdown FollowerState
2019-10-16 22:21:23,975 [grpc-default-executor-11] INFO  impl.RoleInfo (RoleInfo.java:shutdownFollowerState(121)) - 10709bda-d4dc-4a9c-9e19-12e8b772be2f: shutdown FollowerState
2019-10-16 22:21:23,975 [grpc-default-executor-9] INFO  impl.RoleInfo (RoleInfo.java:updateAndGet(143)) - eb983093-91d2-4010-938b-148522e57322: start FollowerState
2019-10-16 22:21:23,976 [Thread-786] INFO  impl.FollowerState (FollowerState.java:run(117)) - 10709bda-d4dc-4a9c-9e19-12e8b772be2f@group-3F44BD8069CF-FollowerState was interrupted: java.lang.InterruptedException: sleep interrupted
2019-10-16 22:21:23,975 [Thread-787] INFO  impl.FollowerState (FollowerState.java:run(117)) - eb983093-91d2-4010-938b-148522e57322@group-3F44BD8069CF-FollowerState was interrupted: java.lang.InterruptedException: sleep interrupted
2019-10-16 22:21:23,975 [grpc-default-executor-11] INFO  impl.RoleInfo (RoleInfo.java:updateAndGet(143)) - 10709bda-d4dc-4a9c-9e19-12e8b772be2f: start FollowerState
2019-10-16 22:21:24,002 [80429b0a-59fd-4cc1-aa54-c7e113f2fc75@group-3F44BD8069CF-LeaderElection33] INFO  impl.LeaderElection (LeaderElection.java:logAndReturn(56)) - 80429b0a-59fd-4cc1-aa54-c7e113f2fc75@group-3F44BD8069CF-LeaderElection33: Election REJECTED; received 2 response(s) [80429b0a-59fd-4cc1-aa54-c7e113f2fc75<-10709bda-d4dc-4a9c-9e19-12e8b772be2f#0:FAIL-t27, 80429b0a-59fd-4cc1-aa54-c7e113f2fc75<-eb983093-91d2-4010-938b-148522e57322#0:FAIL-t27] and 0 exception(s); 80429b0a-59fd-4cc1-aa54-c7e113f2fc75@group-3F44BD8069CF:t27, leader=null, voted=80429b0a-59fd-4cc1-aa54-c7e113f2fc75, raftlog=80429b0a-59fd-4cc1-aa54-c7e113f2fc75@group-3F44BD8069CF-SegmentedRaftLog:OPENED:c-1,f-1,i0, conf=-1: [80429b0a-59fd-4cc1-aa54-c7e113f2fc75:192.168.34.38:36487, 10709bda-d4dc-4a9c-9e19-12e8b772be2f:192.168.34.38:34412, eb983093-91d2-4010-938b-148522e57322:192.168.34.38:40909], old=null
2019-10-16 22:21:24,003 [80429b0a-59fd-4cc1-aa54-c7e113f2fc75@group-3F44BD8069CF-LeaderElection33] INFO  impl.RaftServerImpl (RaftServerImpl.java:setRole(184)) - 80429b0a-59fd-4cc1-aa54-c7e113f2fc75@group-3F44BD8069CF: changes role from CANDIDATE to FOLLOWER at term 27 for DISCOVERED_A_NEW_TERM
2019-10-16 22:21:24,003 [80429b0a-59fd-4cc1-aa54-c7e113f2fc75@group-3F44BD8069CF-LeaderElection33] INFO  impl.RoleInfo (RoleInfo.java:shutdownLeaderElection(134)) - 80429b0a-59fd-4cc1-aa54-c7e113f2fc75: shutdown LeaderElection
2019-10-16 22:21:24,003 [80429b0a-59fd-4cc1-aa54-c7e113f2fc75@group-3F44BD8069CF-LeaderElection33] INFO  impl.RoleInfo (RoleInfo.java:updateAndGet(143)) - 80429b0a-59fd-4cc1-aa54-c7e113f2fc75: start FollowerState
2019-10-16 22:21:24,013 [Thread-794] INFO  impl.FollowerState (FollowerState.java:run(108)) - 80429b0a-59fd-4cc1-aa54-c7e113f2fc75@group-3F44BD8069CF-FollowerState: change to CANDIDATE, lastRpcTime:9ms, electionTimeout:9ms
2019-10-16 22:21:24,014 [Thread-794] INFO  impl.RoleInfo (RoleInfo.java:shutdownFollowerState(121)) - 80429b0a-59fd-4cc1-aa54-c7e113f2fc75: shutdown FollowerState
2019-10-16 22:21:24,015 [Thread-794] INFO  impl.RaftServerImpl (RaftServerImpl.java:setRole(184)) - 80429b0a-59fd-4cc1-aa54-c7e113f2fc75@group-3F44BD8069CF: changes role from  FOLLOWER to CANDIDATE at term 27 for changeToCandidate
2019-10-16 22:21:24,015 [Thread-794] INFO  impl.RoleInfo (RoleInfo.java:updateAndGet(143)) - 80429b0a-59fd-4cc1-aa54-c7e113f2fc75: start LeaderElection
2019-10-16 22:21:24,022 [80429b0a-59fd-4cc1-aa54-c7e113f2fc75@group-3F44BD8069CF-LeaderElection34] INFO  impl.LeaderElection (LeaderElection.java:askForVotes(178)) - 80429b0a-59fd-4cc1-aa54-c7e113f2fc75@group-3F44BD8069CF-LeaderElection34: begin an election at term 28 for -1: [80429b0a-59fd-4cc1-aa54-c7e113f2fc75:192.168.34.38:36487, 10709bda-d4dc-4a9c-9e19-12e8b772be2f:192.168.34.38:34412, eb983093-91d2-4010-938b-148522e57322:192.168.34.38:40909], old=null
2019-10-16 22:21:24,025 [grpc-default-executor-9] INFO  impl.RaftServerImpl (RaftServerImpl.java:setRole(184)) - eb983093-91d2-4010-938b-148522e57322@group-3F44BD8069CF: changes role from  FOLLOWER to FOLLOWER at term 28 for recognizeCandidate:80429b0a-59fd-4cc1-aa54-c7e113f2fc75
2019-10-16 22:21:24,025 [grpc-default-executor-11] INFO  impl.RaftServerImpl (RaftServerImpl.java:setRole(184)) - 10709bda-d4dc-4a9c-9e19-12e8b772be2f@group-3F44BD8069CF: changes role from  FOLLOWER to FOLLOWER at term 28 for recognizeCandidate:80429b0a-59fd-4cc1-aa54-c7e113f2fc75
2019-10-16 22:21:24,026 [grpc-default-executor-9] INFO  impl.RoleInfo (RoleInfo.java:shutdownFollowerState(121)) - eb983093-91d2-4010-938b-148522e57322: shutdown FollowerState
2019-10-16 22:21:24,026 [grpc-default-executor-11] INFO  impl.RoleInfo (RoleInfo.java:shutdownFollowerState(121)) - 10709bda-d4dc-4a9c-9e19-12e8b772be2f: shutdown FollowerState
2019-10-16 22:21:24,026 [grpc-default-executor-9] INFO  impl.RoleInfo (RoleInfo.java:updateAndGet(143)) - eb983093-91d2-4010-938b-148522e57322: start FollowerState
2019-10-16 22:21:24,026 [Thread-793] INFO  impl.FollowerState (FollowerState.java:run(117)) - 10709bda-d4dc-4a9c-9e19-12e8b772be2f@group-3F44BD8069CF-FollowerState was interrupted: java.lang.InterruptedException: sleep interrupted
2019-10-16 22:21:24,026 [Thread-792] INFO  impl.FollowerState (FollowerState.java:run(117)) - eb983093-91d2-4010-938b-148522e57322@group-3F44BD8069CF-FollowerState was interrupted: java.lang.InterruptedException: sleep interrupted
2019-10-16 22:21:24,026 [grpc-default-executor-11] INFO  impl.RoleInfo (RoleInfo.java:updateAndGet(143)) - 10709bda-d4dc-4a9c-9e19-12e8b772be2f: start FollowerState
2019-10-16 22:21:24,054 [80429b0a-59fd-4cc1-aa54-c7e113f2fc75@group-3F44BD8069CF-LeaderElection34] INFO  impl.LeaderElection (LeaderElection.java:logAndReturn(56)) - 80429b0a-59fd-4cc1-aa54-c7e113f2fc75@group-3F44BD8069CF-LeaderElection34: Election REJECTED; received 2 response(s) [80429b0a-59fd-4cc1-aa54-c7e113f2fc75<-10709bda-d4dc-4a9c-9e19-12e8b772be2f#0:FAIL-t28, 80429b0a-59fd-4cc1-aa54-c7e113f2fc75<-eb983093-91d2-4010-938b-148522e57322#0:FAIL-t28] and 0 exception(s); 80429b0a-59fd-4cc1-aa54-c7e113f2fc75@group-3F44BD8069CF:t28, leader=null, voted=80429b0a-59fd-4cc1-aa54-c7e113f2fc75, raftlog=80429b0a-59fd-4cc1-aa54-c7e113f2fc75@group-3F44BD8069CF-SegmentedRaftLog:OPENED:c-1,f-1,i0, conf=-1: [80429b0a-59fd-4cc1-aa54-c7e113f2fc75:192.168.34.38:36487, 10709bda-d4dc-4a9c-9e19-12e8b772be2f:192.168.34.38:34412, eb983093-91d2-4010-938b-148522e57322:192.168.34.38:40909], old=null
2019-10-16 22:21:24,054 [80429b0a-59fd-4cc1-aa54-c7e113f2fc75@group-3F44BD8069CF-LeaderElection34] INFO  impl.RaftServerImpl (RaftServerImpl.java:setRole(184)) - 80429b0a-59fd-4cc1-aa54-c7e113f2fc75@group-3F44BD8069CF: changes role from CANDIDATE to FOLLOWER at term 28 for DISCOVERED_A_NEW_TERM
2019-10-16 22:21:24,054 [80429b0a-59fd-4cc1-aa54-c7e113f2fc75@group-3F44BD8069CF-LeaderElection34] INFO  impl.RoleInfo (RoleInfo.java:shutdownLeaderElection(134)) - 80429b0a-59fd-4cc1-aa54-c7e113f2fc75: shutdown LeaderElection
2019-10-16 22:21:24,055 [80429b0a-59fd-4cc1-aa54-c7e113f2fc75@group-3F44BD8069CF-LeaderElection34] INFO  impl.RoleInfo (RoleInfo.java:updateAndGet(143)) - 80429b0a-59fd-4cc1-aa54-c7e113f2fc75: start FollowerState
 0.00% |?                                                                                                    |  0/1 Time: 0:00:012019-10-16 22:21:24,194 [Thread-800] INFO  impl.FollowerState (FollowerState.java:run(108)) - 80429b0a-59fd-4cc1-aa54-c7e113f2fc75@group-3F44BD8069CF-FollowerState: change to CANDIDATE, lastRpcTime:139ms, electionTimeout:139ms
2019-10-16 22:21:24,197 [Thread-800] INFO  impl.RoleInfo (RoleInfo.java:shutdownFollowerState(121)) - 80429b0a-59fd-4cc1-aa54-c7e113f2fc75: shutdown FollowerState
2019-10-16 22:21:24,197 [Thread-800] INFO  impl.RaftServerImpl (RaftServerImpl.java:setRole(184)) - 80429b0a-59fd-4cc1-aa54-c7e113f2fc75@group-3F44BD8069CF: changes role from  FOLLOWER to CANDIDATE at term 28 for changeToCandidate
2019-10-16 22:21:24,197 [Thread-800] INFO  impl.RoleInfo (RoleInfo.java:updateAndGet(143)) - 80429b0a-59fd-4cc1-aa54-c7e113f2fc75: start LeaderElection
2019-10-16 22:21:24,212 [80429b0a-59fd-4cc1-aa54-c7e113f2fc75@group-3F44BD8069CF-LeaderElection35] INFO  impl.LeaderElection (LeaderElection.java:askForVotes(178)) - 80429b0a-59fd-4cc1-aa54-c7e113f2fc75@group-3F44BD8069CF-LeaderElection35: begin an election at term 29 for -1: [80429b0a-59fd-4cc1-aa54-c7e113f2fc75:192.168.34.38:36487, 10709bda-d4dc-4a9c-9e19-12e8b772be2f:192.168.34.38:34412, eb983093-91d2-4010-938b-148522e57322:192.168.34.38:40909], old=null
2019-10-16 22:21:24,216 [grpc-default-executor-11] INFO  impl.RaftServerImpl (RaftServerImpl.java:setRole(184)) - 10709bda-d4dc-4a9c-9e19-12e8b772be2f@group-3F44BD8069CF: changes role from  FOLLOWER to FOLLOWER at term 29 for recognizeCandidate:80429b0a-59fd-4cc1-aa54-c7e113f2fc75
2019-10-16 22:21:24,216 [grpc-default-executor-9] INFO  impl.RaftServerImpl (RaftServerImpl.java:setRole(184)) - eb983093-91d2-4010-938b-148522e57322@group-3F44BD8069CF: changes role from  FOLLOWER to FOLLOWER at term 29 for recognizeCandidate:80429b0a-59fd-4cc1-aa54-c7e113f2fc75
2019-10-16 22:21:24,216 [grpc-default-executor-11] INFO  impl.RoleInfo (RoleInfo.java:shutdownFollowerState(121)) - 10709bda-d4dc-4a9c-9e19-12e8b772be2f: shutdown FollowerState
2019-10-16 22:21:24,216 [grpc-default-executor-9] INFO  impl.RoleInfo (RoleInfo.java:shutdownFollowerState(121)) - eb983093-91d2-4010-938b-148522e57322: shutdown FollowerState
2019-10-16 22:21:24,217 [Thread-799] INFO  impl.FollowerState (FollowerState.java:run(117)) - 10709bda-d4dc-4a9c-9e19-12e8b772be2f@group-3F44BD8069CF-FollowerState was interrupted: java.lang.InterruptedException: sleep interrupted
2019-10-16 22:21:24,216 [grpc-default-executor-11] INFO  impl.RoleInfo (RoleInfo.java:updateAndGet(143)) - 10709bda-d4dc-4a9c-9e19-12e8b772be2f: start FollowerState
2019-10-16 22:21:24,217 [grpc-default-executor-9] INFO  impl.RoleInfo (RoleInfo.java:updateAndGet(143)) - eb983093-91d2-4010-938b-148522e57322: start FollowerState
2019-10-16 22:21:24,217 [Thread-798] INFO  impl.FollowerState (FollowerState.java:run(117)) - eb983093-91d2-4010-938b-148522e57322@group-3F44BD8069CF-FollowerState was interrupted: java.lang.InterruptedException: sleep interrupted
2019-10-16 22:21:24,232 [80429b0a-59fd-4cc1-aa54-c7e113f2fc75@group-3F44BD8069CF-LeaderElection35] INFO  impl.LeaderElection (LeaderElection.java:logAndReturn(56)) - 80429b0a-59fd-4cc1-aa54-c7e113f2fc75@group-3F44BD8069CF-LeaderElection35: Election REJECTED; received 2 response(s) [80429b0a-59fd-4cc1-aa54-c7e113f2fc75<-10709bda-d4dc-4a9c-9e19-12e8b772be2f#0:FAIL-t29, 80429b0a-59fd-4cc1-aa54-c7e113f2fc75<-eb983093-91d2-4010-938b-148522e57322#0:FAIL-t29] and 0 exception(s); 80429b0a-59fd-4cc1-aa54-c7e113f2fc75@group-3F44BD8069CF:t29, leader=null, voted=80429b0a-59fd-4cc1-aa54-c7e113f2fc75, raftlog=80429b0a-59fd-4cc1-aa54-c7e113f2fc75@group-3F44BD8069CF-SegmentedRaftLog:OPENED:c-1,f-1,i0, conf=-1: [80429b0a-59fd-4cc1-aa54-c7e113f2fc75:192.168.34.38:36487, 10709bda-d4dc-4a9c-9e19-12e8b772be2f:192.168.34.38:34412, eb983093-91d2-4010-938b-148522e57322:192.168.34.38:40909], old=null
2019-10-16 22:21:24,232 [80429b0a-59fd-4cc1-aa54-c7e113f2fc75@group-3F44BD8069CF-LeaderElection35] INFO  impl.RaftServerImpl (RaftServerImpl.java:setRole(184)) - 80429b0a-59fd-4cc1-aa54-c7e113f2fc75@group-3F44BD8069CF: changes role from CANDIDATE to FOLLOWER at term 29 for DISCOVERED_A_NEW_TERM
2019-10-16 22:21:24,233 [80429b0a-59fd-4cc1-aa54-c7e113f2fc75@group-3F44BD8069CF-LeaderElection35] INFO  impl.RoleInfo (RoleInfo.java:shutdownLeaderElection(134)) - 80429b0a-59fd-4cc1-aa54-c7e113f2fc75: shutdown LeaderElection
2019-10-16 22:21:24,233 [80429b0a-59fd-4cc1-aa54-c7e113f2fc75@group-3F44BD8069CF-LeaderElection35] INFO  impl.RoleInfo (RoleInfo.java:updateAndGet(143)) - 80429b0a-59fd-4cc1-aa54-c7e113f2fc75: start FollowerState
2019-10-16 22:21:24,330 [Thread-806] INFO  impl.FollowerState (FollowerState.java:run(108)) - 80429b0a-59fd-4cc1-aa54-c7e113f2fc75@group-3F44BD8069CF-FollowerState: change to CANDIDATE, lastRpcTime:97ms, electionTimeout:97ms
2019-10-16 22:21:24,333 [Thread-806] INFO  impl.RoleInfo (RoleInfo.java:shutdownFollowerState(121)) - 80429b0a-59fd-4cc1-aa54-c7e113f2fc75: shutdown FollowerState
2019-10-16 22:21:24,333 [Thread-806] INFO  impl.RaftServerImpl (RaftServerImpl.java:setRole(184)) - 80429b0a-59fd-4cc1-aa54-c7e113f2fc75@group-3F44BD8069CF: changes role from  FOLLOWER to CANDIDATE at term 29 for changeToCandidate
2019-10-16 22:21:24,333 [Thread-806] INFO  impl.RoleInfo (RoleInfo.java:updateAndGet(143)) - 80429b0a-59fd-4cc1-aa54-c7e113f2fc75: start LeaderElection
2019-10-16 22:21:24,355 [80429b0a-59fd-4cc1-aa54-c7e113f2fc75@group-3F44BD8069CF-LeaderElection36] INFO  impl.LeaderElection (LeaderElection.java:askForVotes(178)) - 80429b0a-59fd-4cc1-aa54-c7e113f2fc75@group-3F44BD8069CF-LeaderElection36: begin an election at term 30 for -1: [80429b0a-59fd-4cc1-aa54-c7e113f2fc75:192.168.34.38:36487, 10709bda-d4dc-4a9c-9e19-12e8b772be2f:192.168.34.38:34412, eb983093-91d2-4010-938b-148522e57322:192.168.34.38:40909], old=null
2019-10-16 22:21:24,361 [grpc-default-executor-9] INFO  impl.RaftServerImpl (RaftServerImpl.java:setRole(184)) - 10709bda-d4dc-4a9c-9e19-12e8b772be2f@group-3F44BD8069CF: changes role from  FOLLOWER to FOLLOWER at term 30 for recognizeCandidate:80429b0a-59fd-4cc1-aa54-c7e113f2fc75
2019-10-16 22:21:24,361 [grpc-default-executor-9] INFO  impl.RoleInfo (RoleInfo.java:shutdownFollowerState(121)) - 10709bda-d4dc-4a9c-9e19-12e8b772be2f: shutdown FollowerState
2019-10-16 22:21:24,361 [grpc-default-executor-9] INFO  impl.RoleInfo (RoleInfo.java:updateAndGet(143)) - 10709bda-d4dc-4a9c-9e19-12e8b772be2f: start FollowerState
2019-10-16 22:21:24,362 [Thread-804] INFO  impl.FollowerState (FollowerState.java:run(117)) - 10709bda-d4dc-4a9c-9e19-12e8b772be2f@group-3F44BD8069CF-FollowerState was interrupted: java.lang.InterruptedException: sleep interrupted
2019-10-16 22:21:24,362 [grpc-default-executor-11] INFO  impl.RaftServerImpl (RaftServerImpl.java:setRole(184)) - eb983093-91d2-4010-938b-148522e57322@group-3F44BD8069CF: changes role from  FOLLOWER to FOLLOWER at term 30 for recognizeCandidate:80429b0a-59fd-4cc1-aa54-c7e113f2fc75
2019-10-16 22:21:24,362 [grpc-default-executor-11] INFO  impl.RoleInfo (RoleInfo.java:shutdownFollowerState(121)) - eb983093-91d2-4010-938b-148522e57322: shutdown FollowerState
2019-10-16 22:21:24,362 [grpc-default-executor-11] INFO  impl.RoleInfo (RoleInfo.java:updateAndGet(143)) - eb983093-91d2-4010-938b-148522e57322: start FollowerState
2019-10-16 22:21:24,362 [Thread-805] INFO  impl.FollowerState (FollowerState.java:run(117)) - eb983093-91d2-4010-938b-148522e57322@group-3F44BD8069CF-FollowerState was interrupted: java.lang.InterruptedException: sleep interrupted
2019-10-16 22:21:24,390 [80429b0a-59fd-4cc1-aa54-c7e113f2fc75@group-3F44BD8069CF-LeaderElection36] INFO  impl.LeaderElection (LeaderElection.java:logAndReturn(56)) - 80429b0a-59fd-4cc1-aa54-c7e113f2fc75@group-3F44BD8069CF-LeaderElection36: Election REJECTED; received 2 response(s) [80429b0a-59fd-4cc1-aa54-c7e113f2fc75<-10709bda-d4dc-4a9c-9e19-12e8b772be2f#0:FAIL-t30, 80429b0a-59fd-4cc1-aa54-c7e113f2fc75<-eb983093-91d2-4010-938b-148522e57322#0:FAIL-t30] and 0 exception(s); 80429b0a-59fd-4cc1-aa54-c7e113f2fc75@group-3F44BD8069CF:t30, leader=null, voted=80429b0a-59fd-4cc1-aa54-c7e113f2fc75, raftlog=80429b0a-59fd-4cc1-aa54-c7e113f2fc75@group-3F44BD8069CF-SegmentedRaftLog:OPENED:c-1,f-1,i0, conf=-1: [80429b0a-59fd-4cc1-aa54-c7e113f2fc75:192.168.34.38:36487, 10709bda-d4dc-4a9c-9e19-12e8b772be2f:192.168.34.38:34412, eb983093-91d2-4010-938b-148522e57322:192.168.34.38:40909], old=null
2019-10-16 22:21:24,391 [80429b0a-59fd-4cc1-aa54-c7e113f2fc75@group-3F44BD8069CF-LeaderElection36] INFO  impl.RaftServerImpl (RaftServerImpl.java:setRole(184)) - 80429b0a-59fd-4cc1-aa54-c7e113f2fc75@group-3F44BD8069CF: changes role from CANDIDATE to FOLLOWER at term 30 for DISCOVERED_A_NEW_TERM
2019-10-16 22:21:24,391 [80429b0a-59fd-4cc1-aa54-c7e113f2fc75@group-3F44BD8069CF-LeaderElection36] INFO  impl.RoleInfo (RoleInfo.java:shutdownLeaderElection(134)) - 80429b0a-59fd-4cc1-aa54-c7e113f2fc75: shutdown LeaderElection
2019-10-16 22:21:24,391 [80429b0a-59fd-4cc1-aa54-c7e113f2fc75@group-3F44BD8069CF-LeaderElection36] INFO  impl.RoleInfo (RoleInfo.java:updateAndGet(143)) - 80429b0a-59fd-4cc1-aa54-c7e113f2fc75: start FollowerState
2019-10-16 22:21:24,397 [Thread-812] INFO  impl.FollowerState (FollowerState.java:run(108)) - 80429b0a-59fd-4cc1-aa54-c7e113f2fc75@group-3F44BD8069CF-FollowerState: change to CANDIDATE, lastRpcTime:5ms, electionTimeout:5ms
2019-10-16 22:21:24,398 [Thread-812] INFO  impl.RoleInfo (RoleInfo.java:shutdownFollowerState(121)) - 80429b0a-59fd-4cc1-aa54-c7e113f2fc75: shutdown FollowerState
2019-10-16 22:21:24,398 [Thread-812] INFO  impl.RaftServerImpl (RaftServerImpl.java:setRole(184)) - 80429b0a-59fd-4cc1-aa54-c7e113f2fc75@group-3F44BD8069CF: changes role from  FOLLOWER to CANDIDATE at term 30 for changeToCandidate
2019-10-16 22:21:24,398 [Thread-812] INFO  impl.RoleInfo (RoleInfo.java:updateAndGet(143)) - 80429b0a-59fd-4cc1-aa54-c7e113f2fc75: start LeaderElection
2019-10-16 22:21:24,414 [80429b0a-59fd-4cc1-aa54-c7e113f2fc75@group-3F44BD8069CF-LeaderElection37] INFO  impl.LeaderElection (LeaderElection.java:askForVotes(178)) - 80429b0a-59fd-4cc1-aa54-c7e113f2fc75@group-3F44BD8069CF-LeaderElection37: begin an election at term 31 for -1: [80429b0a-59fd-4cc1-aa54-c7e113f2fc75:192.168.34.38:36487, 10709bda-d4dc-4a9c-9e19-12e8b772be2f:192.168.34.38:34412, eb983093-91d2-4010-938b-148522e57322:192.168.34.38:40909], old=null
2019-10-16 22:21:24,417 [grpc-default-executor-9] INFO  impl.RaftServerImpl (RaftServerImpl.java:setRole(184)) - 10709bda-d4dc-4a9c-9e19-12e8b772be2f@group-3F44BD8069CF: changes role from  FOLLOWER to FOLLOWER at term 31 for recognizeCandidate:80429b0a-59fd-4cc1-aa54-c7e113f2fc75
2019-10-16 22:21:24,417 [grpc-default-executor-9] INFO  impl.RoleInfo (RoleInfo.java:shutdownFollowerState(121)) - 10709bda-d4dc-4a9c-9e19-12e8b772be2f: shutdown FollowerState
2019-10-16 22:21:24,417 [grpc-default-executor-9] INFO  impl.RoleInfo (RoleInfo.java:updateAndGet(143)) - 10709bda-d4dc-4a9c-9e19-12e8b772be2f: start FollowerState
2019-10-16 22:21:24,418 [Thread-810] INFO  impl.FollowerState (FollowerState.java:run(117)) - 10709bda-d4dc-4a9c-9e19-12e8b772be2f@group-3F44BD8069CF-FollowerState was interrupted: java.lang.InterruptedException: sleep interrupted
2019-10-16 22:21:24,418 [grpc-default-executor-11] INFO  impl.RaftServerImpl (RaftServerImpl.java:setRole(184)) - eb983093-91d2-4010-938b-148522e57322@group-3F44BD8069CF: changes role from  FOLLOWER to FOLLOWER at term 31 for recognizeCandidate:80429b0a-59fd-4cc1-aa54-c7e113f2fc75
2019-10-16 22:21:24,418 [grpc-default-executor-11] INFO  impl.RoleInfo (RoleInfo.java:shutdownFollowerState(121)) - eb983093-91d2-4010-938b-148522e57322: shutdown FollowerState
2019-10-16 22:21:24,418 [grpc-default-executor-11] INFO  impl.RoleInfo (RoleInfo.java:updateAndGet(143)) - eb983093-91d2-4010-938b-148522e57322: start FollowerState
2019-10-16 22:21:24,418 [Thread-811] INFO  impl.FollowerState (FollowerState.java:run(117)) - eb983093-91d2-4010-938b-148522e57322@group-3F44BD8069CF-FollowerState was interrupted: java.lang.InterruptedException: sleep interrupted
2019-10-16 22:21:24,444 [80429b0a-59fd-4cc1-aa54-c7e113f2fc75@group-3F44BD8069CF-LeaderElection37] INFO  impl.LeaderElection (LeaderElection.java:logAndReturn(56)) - 80429b0a-59fd-4cc1-aa54-c7e113f2fc75@group-3F44BD8069CF-LeaderElection37: Election REJECTED; received 2 response(s) [80429b0a-59fd-4cc1-aa54-c7e113f2fc75<-10709bda-d4dc-4a9c-9e19-12e8b772be2f#0:FAIL-t31, 80429b0a-59fd-4cc1-aa54-c7e113f2fc75<-eb983093-91d2-4010-938b-148522e57322#0:FAIL-t31] and 0 exception(s); 80429b0a-59fd-4cc1-aa54-c7e113f2fc75@group-3F44BD8069CF:t31, leader=null, voted=80429b0a-59fd-4cc1-aa54-c7e113f2fc75, raftlog=80429b0a-59fd-4cc1-aa54-c7e113f2fc75@group-3F44BD8069CF-SegmentedRaftLog:OPENED:c-1,f-1,i0, conf=-1: [80429b0a-59fd-4cc1-aa54-c7e113f2fc75:192.168.34.38:36487, 10709bda-d4dc-4a9c-9e19-12e8b772be2f:192.168.34.38:34412, eb983093-91d2-4010-938b-148522e57322:192.168.34.38:40909], old=null
2019-10-16 22:21:24,444 [80429b0a-59fd-4cc1-aa54-c7e113f2fc75@group-3F44BD8069CF-LeaderElection37] INFO  impl.RaftServerImpl (RaftServerImpl.java:setRole(184)) - 80429b0a-59fd-4cc1-aa54-c7e113f2fc75@group-3F44BD8069CF: changes role from CANDIDATE to FOLLOWER at term 31 for DISCOVERED_A_NEW_TERM
2019-10-16 22:21:24,445 [80429b0a-59fd-4cc1-aa54-c7e113f2fc75@group-3F44BD8069CF-LeaderElection37] INFO  impl.RoleInfo (RoleInfo.java:shutdownLeaderElection(134)) - 80429b0a-59fd-4cc1-aa54-c7e113f2fc75: shutdown LeaderElection
2019-10-16 22:21:24,445 [80429b0a-59fd-4cc1-aa54-c7e113f2fc75@group-3F44BD8069CF-LeaderElection37] INFO  impl.RoleInfo (RoleInfo.java:updateAndGet(143)) - 80429b0a-59fd-4cc1-aa54-c7e113f2fc75: start FollowerState
2019-10-16 22:21:24,586 [Thread-818] INFO  impl.FollowerState (FollowerState.java:run(108)) - 80429b0a-59fd-4cc1-aa54-c7e113f2fc75@group-3F44BD8069CF-FollowerState: change to CANDIDATE, lastRpcTime:141ms, electionTimeout:141ms
2019-10-16 22:21:24,594 [Thread-818] INFO  impl.RoleInfo (RoleInfo.java:shutdownFollowerState(121)) - 80429b0a-59fd-4cc1-aa54-c7e113f2fc75: shutdown FollowerState
2019-10-16 22:21:24,594 [Thread-818] INFO  impl.RaftServerImpl (RaftServerImpl.java:setRole(184)) - 80429b0a-59fd-4cc1-aa54-c7e113f2fc75@group-3F44BD8069CF: changes role from  FOLLOWER to CANDIDATE at term 31 for changeToCandidate
2019-10-16 22:21:24,595 [Thread-818] INFO  impl.RoleInfo (RoleInfo.java:updateAndGet(143)) - 80429b0a-59fd-4cc1-aa54-c7e113f2fc75: start LeaderElection
2019-10-16 22:21:24,620 [80429b0a-59fd-4cc1-aa54-c7e113f2fc75@group-3F44BD8069CF-LeaderElection38] INFO  impl.LeaderElection (LeaderElection.java:askForVotes(178)) - 80429b0a-59fd-4cc1-aa54-c7e113f2fc75@group-3F44BD8069CF-LeaderElection38: begin an election at term 32 for -1: [80429b0a-59fd-4cc1-aa54-c7e113f2fc75:192.168.34.38:36487, 10709bda-d4dc-4a9c-9e19-12e8b772be2f:192.168.34.38:34412, eb983093-91d2-4010-938b-148522e57322:192.168.34.38:40909], old=null
2019-10-16 22:21:24,623 [grpc-default-executor-9] INFO  impl.RaftServerImpl (RaftServerImpl.java:setRole(184)) - 10709bda-d4dc-4a9c-9e19-12e8b772be2f@group-3F44BD8069CF: changes role from  FOLLOWER to FOLLOWER at term 32 for recognizeCandidate:80429b0a-59fd-4cc1-aa54-c7e113f2fc75
2019-10-16 22:21:24,623 [grpc-default-executor-11] INFO  impl.RaftServerImpl (RaftServerImpl.java:setRole(184)) - eb983093-91d2-4010-938b-148522e57322@group-3F44BD8069CF: changes role from  FOLLOWER to FOLLOWER at term 32 for recognizeCandidate:80429b0a-59fd-4cc1-aa54-c7e113f2fc75
2019-10-16 22:21:24,623 [grpc-default-executor-9] INFO  impl.RoleInfo (RoleInfo.java:shutdownFollowerState(121)) - 10709bda-d4dc-4a9c-9e19-12e8b772be2f: shutdown FollowerState
2019-10-16 22:21:24,623 [grpc-default-executor-11] INFO  impl.RoleInfo (RoleInfo.java:shutdownFollowerState(121)) - eb983093-91d2-4010-938b-148522e57322: shutdown FollowerState
2019-10-16 22:21:24,624 [Thread-816] INFO  impl.FollowerState (FollowerState.java:run(117)) - 10709bda-d4dc-4a9c-9e19-12e8b772be2f@group-3F44BD8069CF-FollowerState was interrupted: java.lang.InterruptedException: sleep interrupted
2019-10-16 22:21:24,624 [grpc-default-executor-9] INFO  impl.RoleInfo (RoleInfo.java:updateAndGet(143)) - 10709bda-d4dc-4a9c-9e19-12e8b772be2f: start FollowerState
2019-10-16 22:21:24,624 [Thread-817] INFO  impl.FollowerState (FollowerState.java:run(117)) - eb983093-91d2-4010-938b-148522e57322@group-3F44BD8069CF-FollowerState was interrupted: java.lang.InterruptedException: sleep interrupted
2019-10-16 22:21:24,624 [grpc-default-executor-11] INFO  impl.RoleInfo (RoleInfo.java:updateAndGet(143)) - eb983093-91d2-4010-938b-148522e57322: start FollowerState
2019-10-16 22:21:24,640 [80429b0a-59fd-4cc1-aa54-c7e113f2fc75@group-3F44BD8069CF-LeaderElection38] INFO  impl.LeaderElection (LeaderElection.java:logAndReturn(56)) - 80429b0a-59fd-4cc1-aa54-c7e113f2fc75@group-3F44BD8069CF-LeaderElection38: Election REJECTED; received 2 response(s) [80429b0a-59fd-4cc1-aa54-c7e113f2fc75<-10709bda-d4dc-4a9c-9e19-12e8b772be2f#0:FAIL-t32, 80429b0a-59fd-4cc1-aa54-c7e113f2fc75<-eb983093-91d2-4010-938b-148522e57322#0:FAIL-t32] and 0 exception(s); 80429b0a-59fd-4cc1-aa54-c7e113f2fc75@group-3F44BD8069CF:t32, leader=null, voted=80429b0a-59fd-4cc1-aa54-c7e113f2fc75, raftlog=80429b0a-59fd-4cc1-aa54-c7e113f2fc75@group-3F44BD8069CF-SegmentedRaftLog:OPENED:c-1,f-1,i0, conf=-1: [80429b0a-59fd-4cc1-aa54-c7e113f2fc75:192.168.34.38:36487, 10709bda-d4dc-4a9c-9e19-12e8b772be2f:192.168.34.38:34412, eb983093-91d2-4010-938b-148522e57322:192.168.34.38:40909], old=null
2019-10-16 22:21:24,640 [80429b0a-59fd-4cc1-aa54-c7e113f2fc75@group-3F44BD8069CF-LeaderElection38] INFO  impl.RaftServerImpl (RaftServerImpl.java:setRole(184)) - 80429b0a-59fd-4cc1-aa54-c7e113f2fc75@group-3F44BD8069CF: changes role from CANDIDATE to FOLLOWER at term 32 for DISCOVERED_A_NEW_TERM
2019-10-16 22:21:24,640 [80429b0a-59fd-4cc1-aa54-c7e113f2fc75@group-3F44BD8069CF-LeaderElection38] INFO  impl.RoleInfo (RoleInfo.java:shutdownLeaderElection(134)) - 80429b0a-59fd-4cc1-aa54-c7e113f2fc75: shutdown LeaderElection
2019-10-16 22:21:24,640 [80429b0a-59fd-4cc1-aa54-c7e113f2fc75@group-3F44BD8069CF-LeaderElection38] INFO  impl.RoleInfo (RoleInfo.java:updateAndGet(143)) - 80429b0a-59fd-4cc1-aa54-c7e113f2fc75: start FollowerState
2019-10-16 22:21:24,812 [Thread-824] INFO  impl.FollowerState (FollowerState.java:run(108)) - 80429b0a-59fd-4cc1-aa54-c7e113f2fc75@group-3F44BD8069CF-FollowerState: change to CANDIDATE, lastRpcTime:171ms, electionTimeout:171ms
2019-10-16 22:21:24,812 [Thread-824] INFO  impl.RoleInfo (RoleInfo.java:shutdownFollowerState(121)) - 80429b0a-59fd-4cc1-aa54-c7e113f2fc75: shutdown FollowerState
2019-10-16 22:21:24,812 [Thread-824] INFO  impl.RaftServerImpl (RaftServerImpl.java:setRole(184)) - 80429b0a-59fd-4cc1-aa54-c7e113f2fc75@group-3F44BD8069CF: changes role from  FOLLOWER to CANDIDATE at term 32 for changeToCandidate
2019-10-16 22:21:24,812 [Thread-824] INFO  impl.RoleInfo (RoleInfo.java:updateAndGet(143)) - 80429b0a-59fd-4cc1-aa54-c7e113f2fc75: start LeaderElection
2019-10-16 22:21:24,826 [80429b0a-59fd-4cc1-aa54-c7e113f2fc75@group-3F44BD8069CF-LeaderElection39] INFO  impl.LeaderElection (LeaderElection.java:askForVotes(178)) - 80429b0a-59fd-4cc1-aa54-c7e113f2fc75@group-3F44BD8069CF-LeaderElection39: begin an election at term 33 for -1: [80429b0a-59fd-4cc1-aa54-c7e113f2fc75:192.168.34.38:36487, 10709bda-d4dc-4a9c-9e19-12e8b772be2f:192.168.34.38:34412, eb983093-91d2-4010-938b-148522e57322:192.168.34.38:40909], old=null
2019-10-16 22:21:24,829 [grpc-default-executor-11] INFO  impl.RaftServerImpl (RaftServerImpl.java:setRole(184)) - 10709bda-d4dc-4a9c-9e19-12e8b772be2f@group-3F44BD8069CF: changes role from  FOLLOWER to FOLLOWER at term 33 for recognizeCandidate:80429b0a-59fd-4cc1-aa54-c7e113f2fc75
2019-10-16 22:21:24,830 [grpc-default-executor-11] INFO  impl.RoleInfo (RoleInfo.java:shutdownFollowerState(121)) - 10709bda-d4dc-4a9c-9e19-12e8b772be2f: shutdown FollowerState
2019-10-16 22:21:24,830 [grpc-default-executor-9] INFO  impl.RaftServerImpl (RaftServerImpl.java:setRole(184)) - eb983093-91d2-4010-938b-148522e57322@group-3F44BD8069CF: changes role from  FOLLOWER to FOLLOWER at term 33 for recognizeCandidate:80429b0a-59fd-4cc1-aa54-c7e113f2fc75
2019-10-16 22:21:24,830 [grpc-default-executor-11] INFO  impl.RoleInfo (RoleInfo.java:updateAndGet(143)) - 10709bda-d4dc-4a9c-9e19-12e8b772be2f: start FollowerState
2019-10-16 22:21:24,830 [Thread-822] INFO  impl.FollowerState (FollowerState.java:run(117)) - 10709bda-d4dc-4a9c-9e19-12e8b772be2f@group-3F44BD8069CF-FollowerState was interrupted: java.lang.InterruptedException: sleep interrupted
2019-10-16 22:21:24,830 [grpc-default-executor-9] INFO  impl.RoleInfo (RoleInfo.java:shutdownFollowerState(121)) - eb983093-91d2-4010-938b-148522e57322: shutdown FollowerState
2019-10-16 22:21:24,831 [grpc-default-executor-9] INFO  impl.RoleInfo (RoleInfo.java:updateAndGet(143)) - eb983093-91d2-4010-938b-148522e57322: start FollowerState
2019-10-16 22:21:24,831 [Thread-823] INFO  impl.FollowerState (FollowerState.java:run(117)) - eb983093-91d2-4010-938b-148522e57322@group-3F44BD8069CF-FollowerState was interrupted: java.lang.InterruptedException: sleep interrupted
2019-10-16 22:21:24,837 [80429b0a-59fd-4cc1-aa54-c7e113f2fc75@group-3F44BD8069CF-LeaderElection39] INFO  impl.LeaderElection (LeaderElection.java:logAndReturn(56)) - 80429b0a-59fd-4cc1-aa54-c7e113f2fc75@group-3F44BD8069CF-LeaderElection39: Election TIMEOUT; received 0 response(s) [] and 0 exception(s); 80429b0a-59fd-4cc1-aa54-c7e113f2fc75@group-3F44BD8069CF:t33, leader=null, voted=80429b0a-59fd-4cc1-aa54-c7e113f2fc75, raftlog=80429b0a-59fd-4cc1-aa54-c7e113f2fc75@group-3F44BD8069CF-SegmentedRaftLog:OPENED:c-1,f-1,i0, conf=-1: [80429b0a-59fd-4cc1-aa54-c7e113f2fc75:192.168.34.38:36487, 10709bda-d4dc-4a9c-9e19-12e8b772be2f:192.168.34.38:34412, eb983093-91d2-4010-938b-148522e57322:192.168.34.38:40909], old=null
2019-10-16 22:21:24,855 [80429b0a-59fd-4cc1-aa54-c7e113f2fc75@group-3F44BD8069CF-LeaderElection39] INFO  impl.LeaderElection (LeaderElection.java:askForVotes(178)) - 80429b0a-59fd-4cc1-aa54-c7e113f2fc75@group-3F44BD8069CF-LeaderElection39: begin an election at term 34 for -1: [80429b0a-59fd-4cc1-aa54-c7e113f2fc75:192.168.34.38:36487, 10709bda-d4dc-4a9c-9e19-12e8b772be2f:192.168.34.38:34412, eb983093-91d2-4010-938b-148522e57322:192.168.34.38:40909], old=null
2019-10-16 22:21:24,860 [grpc-default-executor-11] INFO  impl.RaftServerImpl (RaftServerImpl.java:setRole(184)) - 10709bda-d4dc-4a9c-9e19-12e8b772be2f@group-3F44BD8069CF: changes role from  FOLLOWER to FOLLOWER at term 34 for recognizeCandidate:80429b0a-59fd-4cc1-aa54-c7e113f2fc75
2019-10-16 22:21:24,860 [grpc-default-executor-11] INFO  impl.RoleInfo (RoleInfo.java:shutdownFollowerState(121)) - 10709bda-d4dc-4a9c-9e19-12e8b772be2f: shutdown FollowerState
2019-10-16 22:21:24,860 [grpc-default-executor-11] INFO  impl.RoleInfo (RoleInfo.java:updateAndGet(143)) - 10709bda-d4dc-4a9c-9e19-12e8b772be2f: start FollowerState
2019-10-16 22:21:24,860 [Thread-828] INFO  impl.FollowerState (FollowerState.java:run(117)) - 10709bda-d4dc-4a9c-9e19-12e8b772be2f@group-3F44BD8069CF-FollowerState was interrupted: java.lang.InterruptedException: sleep interrupted
2019-10-16 22:21:24,860 [grpc-default-executor-9] INFO  impl.RaftServerImpl (RaftServerImpl.java:setRole(184)) - eb983093-91d2-4010-938b-148522e57322@group-3F44BD8069CF: changes role from  FOLLOWER to FOLLOWER at term 34 for recognizeCandidate:80429b0a-59fd-4cc1-aa54-c7e113f2fc75
2019-10-16 22:21:24,860 [grpc-default-executor-9] INFO  impl.RoleInfo (RoleInfo.java:shutdownFollowerState(121)) - eb983093-91d2-4010-938b-148522e57322: shutdown FollowerState
2019-10-16 22:21:24,861 [grpc-default-executor-9] INFO  impl.RoleInfo (RoleInfo.java:updateAndGet(143)) - eb983093-91d2-4010-938b-148522e57322: start FollowerState
2019-10-16 22:21:24,861 [Thread-829] INFO  impl.FollowerState (FollowerState.java:run(117)) - eb983093-91d2-4010-938b-148522e57322@group-3F44BD8069CF-FollowerState was interrupted: java.lang.InterruptedException: sleep interrupted
2019-10-16 22:21:24,875 [80429b0a-59fd-4cc1-aa54-c7e113f2fc75@group-3F44BD8069CF-LeaderElection39] INFO  impl.LeaderElection (LeaderElection.java:logAndReturn(56)) - 80429b0a-59fd-4cc1-aa54-c7e113f2fc75@group-3F44BD8069CF-LeaderElection39: Election REJECTED; received 2 response(s) [80429b0a-59fd-4cc1-aa54-c7e113f2fc75<-10709bda-d4dc-4a9c-9e19-12e8b772be2f#0:FAIL-t34, 80429b0a-59fd-4cc1-aa54-c7e113f2fc75<-eb983093-91d2-4010-938b-148522e57322#0:FAIL-t34] and 0 exception(s); 80429b0a-59fd-4cc1-aa54-c7e113f2fc75@group-3F44BD8069CF:t34, leader=null, voted=80429b0a-59fd-4cc1-aa54-c7e113f2fc75, raftlog=80429b0a-59fd-4cc1-aa54-c7e113f2fc75@group-3F44BD8069CF-SegmentedRaftLog:OPENED:c-1,f-1,i0, conf=-1: [80429b0a-59fd-4cc1-aa54-c7e113f2fc75:192.168.34.38:36487, 10709bda-d4dc-4a9c-9e19-12e8b772be2f:192.168.34.38:34412, eb983093-91d2-4010-938b-148522e57322:192.168.34.38:40909], old=null
2019-10-16 22:21:24,875 [80429b0a-59fd-4cc1-aa54-c7e113f2fc75@group-3F44BD8069CF-LeaderElection39] INFO  impl.RaftServerImpl (RaftServerImpl.java:setRole(184)) - 80429b0a-59fd-4cc1-aa54-c7e113f2fc75@group-3F44BD8069CF: changes role from CANDIDATE to FOLLOWER at term 34 for DISCOVERED_A_NEW_TERM
2019-10-16 22:21:24,875 [80429b0a-59fd-4cc1-aa54-c7e113f2fc75@group-3F44BD8069CF-LeaderElection39] INFO  impl.RoleInfo (RoleInfo.java:shutdownLeaderElection(134)) - 80429b0a-59fd-4cc1-aa54-c7e113f2fc75: shutdown LeaderElection
2019-10-16 22:21:24,875 [80429b0a-59fd-4cc1-aa54-c7e113f2fc75@group-3F44BD8069CF-LeaderElection39] INFO  impl.RoleInfo (RoleInfo.java:updateAndGet(143)) - 80429b0a-59fd-4cc1-aa54-c7e113f2fc75: start FollowerState
2019-10-16 22:21:24,948 [Thread-834] INFO  impl.FollowerState (FollowerState.java:run(108)) - 80429b0a-59fd-4cc1-aa54-c7e113f2fc75@group-3F44BD8069CF-FollowerState: change to CANDIDATE, lastRpcTime:72ms, electionTimeout:72ms
2019-10-16 22:21:24,948 [Thread-834] INFO  impl.RoleInfo (RoleInfo.java:shutdownFollowerState(121)) - 80429b0a-59fd-4cc1-aa54-c7e113f2fc75: shutdown FollowerState
2019-10-16 22:21:24,948 [Thread-834] INFO  impl.RaftServerImpl (RaftServerImpl.java:setRole(184)) - 80429b0a-59fd-4cc1-aa54-c7e113f2fc75@group-3F44BD8069CF: changes role from  FOLLOWER to CANDIDATE at term 34 for changeToCandidate
2019-10-16 22:21:24,948 [Thread-834] INFO  impl.RoleInfo (RoleInfo.java:updateAndGet(143)) - 80429b0a-59fd-4cc1-aa54-c7e113f2fc75: start LeaderElection
2019-10-16 22:21:24,962 [80429b0a-59fd-4cc1-aa54-c7e113f2fc75@group-3F44BD8069CF-LeaderElection40] INFO  impl.LeaderElection (LeaderElection.java:askForVotes(178)) - 80429b0a-59fd-4cc1-aa54-c7e113f2fc75@group-3F44BD8069CF-LeaderElection40: begin an election at term 35 for -1: [80429b0a-59fd-4cc1-aa54-c7e113f2fc75:192.168.34.38:36487, 10709bda-d4dc-4a9c-9e19-12e8b772be2f:192.168.34.38:34412, eb983093-91d2-4010-938b-148522e57322:192.168.34.38:40909], old=null
2019-10-16 22:21:24,971 [grpc-default-executor-11] INFO  impl.RaftServerImpl (RaftServerImpl.java:setRole(184)) - eb983093-91d2-4010-938b-148522e57322@group-3F44BD8069CF: changes role from  FOLLOWER to FOLLOWER at term 35 for recognizeCandidate:80429b0a-59fd-4cc1-aa54-c7e113f2fc75
2019-10-16 22:21:24,971 [grpc-default-executor-9] INFO  impl.RaftServerImpl (RaftServerImpl.java:setRole(184)) - 10709bda-d4dc-4a9c-9e19-12e8b772be2f@group-3F44BD8069CF: changes role from  FOLLOWER to FOLLOWER at term 35 for recognizeCandidate:80429b0a-59fd-4cc1-aa54-c7e113f2fc75
2019-10-16 22:21:24,971 [grpc-default-executor-11] INFO  impl.RoleInfo (RoleInfo.java:shutdownFollowerState(121)) - eb983093-91d2-4010-938b-148522e57322: shutdown FollowerState
2019-10-16 22:21:24,971 [grpc-default-executor-9] INFO  impl.RoleInfo (RoleInfo.java:shutdownFollowerState(121)) - 10709bda-d4dc-4a9c-9e19-12e8b772be2f: shutdown FollowerState
2019-10-16 22:21:24,971 [Thread-833] INFO  impl.FollowerState (FollowerState.java:run(117)) - eb983093-91d2-4010-938b-148522e57322@group-3F44BD8069CF-FollowerState was interrupted: java.lang.InterruptedException: sleep interrupted
2019-10-16 22:21:24,971 [grpc-default-executor-11] INFO  impl.RoleInfo (RoleInfo.java:updateAndGet(143)) - eb983093-91d2-4010-938b-148522e57322: start FollowerState
2019-10-16 22:21:24,972 [Thread-832] INFO  impl.FollowerState (FollowerState.java:run(117)) - 10709bda-d4dc-4a9c-9e19-12e8b772be2f@group-3F44BD8069CF-FollowerState was interrupted: java.lang.InterruptedException: sleep interrupted
2019-10-16 22:21:24,971 [grpc-default-executor-9] INFO  impl.RoleInfo (RoleInfo.java:updateAndGet(143)) - 10709bda-d4dc-4a9c-9e19-12e8b772be2f: start FollowerState
2019-10-16 22:21:24,998 [80429b0a-59fd-4cc1-aa54-c7e113f2fc75@group-3F44BD8069CF-LeaderElection40] INFO  impl.LeaderElection (LeaderElection.java:logAndReturn(56)) - 80429b0a-59fd-4cc1-aa54-c7e113f2fc75@group-3F44BD8069CF-LeaderElection40: Election REJECTED; received 2 response(s) [80429b0a-59fd-4cc1-aa54-c7e113f2fc75<-10709bda-d4dc-4a9c-9e19-12e8b772be2f#0:FAIL-t35, 80429b0a-59fd-4cc1-aa54-c7e113f2fc75<-eb983093-91d2-4010-938b-148522e57322#0:FAIL-t35] and 0 exception(s); 80429b0a-59fd-4cc1-aa54-c7e113f2fc75@group-3F44BD8069CF:t35, leader=null, voted=80429b0a-59fd-4cc1-aa54-c7e113f2fc75, raftlog=80429b0a-59fd-4cc1-aa54-c7e113f2fc75@group-3F44BD8069CF-SegmentedRaftLog:OPENED:c-1,f-1,i0, conf=-1: [80429b0a-59fd-4cc1-aa54-c7e113f2fc75:192.168.34.38:36487, 10709bda-d4dc-4a9c-9e19-12e8b772be2f:192.168.34.38:34412, eb983093-91d2-4010-938b-148522e57322:192.168.34.38:40909], old=null
2019-10-16 22:21:24,999 [80429b0a-59fd-4cc1-aa54-c7e113f2fc75@group-3F44BD8069CF-LeaderElection40] INFO  impl.RaftServerImpl (RaftServerImpl.java:setRole(184)) - 80429b0a-59fd-4cc1-aa54-c7e113f2fc75@group-3F44BD8069CF: changes role from CANDIDATE to FOLLOWER at term 35 for DISCOVERED_A_NEW_TERM
2019-10-16 22:21:24,999 [80429b0a-59fd-4cc1-aa54-c7e113f2fc75@group-3F44BD8069CF-LeaderElection40] INFO  impl.RoleInfo (RoleInfo.java:shutdownLeaderElection(134)) - 80429b0a-59fd-4cc1-aa54-c7e113f2fc75: shutdown LeaderElection
2019-10-16 22:21:24,999 [80429b0a-59fd-4cc1-aa54-c7e113f2fc75@group-3F44BD8069CF-LeaderElection40] INFO  impl.RoleInfo (RoleInfo.java:updateAndGet(143)) - 80429b0a-59fd-4cc1-aa54-c7e113f2fc75: start FollowerState
 0.00% |?                                                                                                    |  0/1 Time: 0:00:022019-10-16 22:21:25,102 [Thread-840] INFO  impl.FollowerState (FollowerState.java:run(108)) - 80429b0a-59fd-4cc1-aa54-c7e113f2fc75@group-3F44BD8069CF-FollowerState: change to CANDIDATE, lastRpcTime:102ms, electionTimeout:102ms
2019-10-16 22:21:25,102 [Thread-840] INFO  impl.RoleInfo (RoleInfo.java:shutdownFollowerState(121)) - 80429b0a-59fd-4cc1-aa54-c7e113f2fc75: shutdown FollowerState
2019-10-16 22:21:25,102 [Thread-840] INFO  impl.RaftServerImpl (RaftServerImpl.java:setRole(184)) - 80429b0a-59fd-4cc1-aa54-c7e113f2fc75@group-3F44BD8069CF: changes role from  FOLLOWER to CANDIDATE at term 35 for changeToCandidate
2019-10-16 22:21:25,103 [Thread-840] INFO  impl.RoleInfo (RoleInfo.java:updateAndGet(143)) - 80429b0a-59fd-4cc1-aa54-c7e113f2fc75: start LeaderElection
2019-10-16 22:21:25,116 [80429b0a-59fd-4cc1-aa54-c7e113f2fc75@group-3F44BD8069CF-LeaderElection41] INFO  impl.LeaderElection (LeaderElection.java:askForVotes(178)) - 80429b0a-59fd-4cc1-aa54-c7e113f2fc75@group-3F44BD8069CF-LeaderElection41: begin an election at term 36 for -1: [80429b0a-59fd-4cc1-aa54-c7e113f2fc75:192.168.34.38:36487, 10709bda-d4dc-4a9c-9e19-12e8b772be2f:192.168.34.38:34412, eb983093-91d2-4010-938b-148522e57322:192.168.34.38:40909], old=null
2019-10-16 22:21:25,120 [grpc-default-executor-9] INFO  impl.RaftServerImpl (RaftServerImpl.java:setRole(184)) - 10709bda-d4dc-4a9c-9e19-12e8b772be2f@group-3F44BD8069CF: changes role from  FOLLOWER to FOLLOWER at term 36 for recognizeCandidate:80429b0a-59fd-4cc1-aa54-c7e113f2fc75
2019-10-16 22:21:25,120 [grpc-default-executor-11] INFO  impl.RaftServerImpl (RaftServerImpl.java:setRole(184)) - eb983093-91d2-4010-938b-148522e57322@group-3F44BD8069CF: changes role from  FOLLOWER to FOLLOWER at term 36 for recognizeCandidate:80429b0a-59fd-4cc1-aa54-c7e113f2fc75
2019-10-16 22:21:25,121 [grpc-default-executor-9] INFO  impl.RoleInfo (RoleInfo.java:shutdownFollowerState(121)) - 10709bda-d4dc-4a9c-9e19-12e8b772be2f: shutdown FollowerState
2019-10-16 22:21:25,121 [grpc-default-executor-11] INFO  impl.RoleInfo (RoleInfo.java:shutdownFollowerState(121)) - eb983093-91d2-4010-938b-148522e57322: shutdown FollowerState
2019-10-16 22:21:25,121 [grpc-default-executor-9] INFO  impl.RoleInfo (RoleInfo.java:updateAndGet(143)) - 10709bda-d4dc-4a9c-9e19-12e8b772be2f: start FollowerState
2019-10-16 22:21:25,121 [grpc-default-executor-11] INFO  impl.RoleInfo (RoleInfo.java:updateAndGet(143)) - eb983093-91d2-4010-938b-148522e57322: start FollowerState
2019-10-16 22:21:25,121 [Thread-838] INFO  impl.FollowerState (FollowerState.java:run(117)) - eb983093-91d2-4010-938b-148522e57322@group-3F44BD8069CF-FollowerState was interrupted: java.lang.InterruptedException: sleep interrupted
2019-10-16 22:21:25,121 [Thread-839] INFO  impl.FollowerState (FollowerState.java:run(117)) - 10709bda-d4dc-4a9c-9e19-12e8b772be2f@group-3F44BD8069CF-FollowerState was interrupted: java.lang.InterruptedException: sleep interrupted
2019-10-16 22:21:25,146 [80429b0a-59fd-4cc1-aa54-c7e113f2fc75@group-3F44BD8069CF-LeaderElection41] INFO  impl.LeaderElection (LeaderElection.java:logAndReturn(56)) - 80429b0a-59fd-4cc1-aa54-c7e113f2fc75@group-3F44BD8069CF-LeaderElection41: Election REJECTED; received 2 response(s) [80429b0a-59fd-4cc1-aa54-c7e113f2fc75<-10709bda-d4dc-4a9c-9e19-12e8b772be2f#0:FAIL-t36, 80429b0a-59fd-4cc1-aa54-c7e113f2fc75<-eb983093-91d2-4010-938b-148522e57322#0:FAIL-t36] and 0 exception(s); 80429b0a-59fd-4cc1-aa54-c7e113f2fc75@group-3F44BD8069CF:t36, leader=null, voted=80429b0a-59fd-4cc1-aa54-c7e113f2fc75, raftlog=80429b0a-59fd-4cc1-aa54-c7e113f2fc75@group-3F44BD8069CF-SegmentedRaftLog:OPENED:c-1,f-1,i0, conf=-1: [80429b0a-59fd-4cc1-aa54-c7e113f2fc75:192.168.34.38:36487, 10709bda-d4dc-4a9c-9e19-12e8b772be2f:192.168.34.38:34412, eb983093-91d2-4010-938b-148522e57322:192.168.34.38:40909], old=null
2019-10-16 22:21:25,146 [80429b0a-59fd-4cc1-aa54-c7e113f2fc75@group-3F44BD8069CF-LeaderElection41] INFO  impl.RaftServerImpl (RaftServerImpl.java:setRole(184)) - 80429b0a-59fd-4cc1-aa54-c7e113f2fc75@group-3F44BD8069CF: changes role from CANDIDATE to FOLLOWER at term 36 for DISCOVERED_A_NEW_TERM
2019-10-16 22:21:25,147 [80429b0a-59fd-4cc1-aa54-c7e113f2fc75@group-3F44BD8069CF-LeaderElection41] INFO  impl.RoleInfo (RoleInfo.java:shutdownLeaderElection(134)) - 80429b0a-59fd-4cc1-aa54-c7e113f2fc75: shutdown LeaderElection
2019-10-16 22:21:25,147 [80429b0a-59fd-4cc1-aa54-c7e113f2fc75@group-3F44BD8069CF-LeaderElection41] INFO  impl.RoleInfo (RoleInfo.java:updateAndGet(143)) - 80429b0a-59fd-4cc1-aa54-c7e113f2fc75: start FollowerState
2019-10-16 22:21:25,261 [Thread-846] INFO  impl.FollowerState (FollowerState.java:run(108)) - 80429b0a-59fd-4cc1-aa54-c7e113f2fc75@group-3F44BD8069CF-FollowerState: change to CANDIDATE, lastRpcTime:114ms, electionTimeout:114ms
2019-10-16 22:21:25,261 [Thread-846] INFO  impl.RoleInfo (RoleInfo.java:shutdownFollowerState(121)) - 80429b0a-59fd-4cc1-aa54-c7e113f2fc75: shutdown FollowerState
2019-10-16 22:21:25,262 [Thread-846] INFO  impl.RaftServerImpl (RaftServerImpl.java:setRole(184)) - 80429b0a-59fd-4cc1-aa54-c7e113f2fc75@group-3F44BD8069CF: changes role from  FOLLOWER to CANDIDATE at term 36 for changeToCandidate
2019-10-16 22:21:25,262 [Thread-846] INFO  impl.RoleInfo (RoleInfo.java:updateAndGet(143)) - 80429b0a-59fd-4cc1-aa54-c7e113f2fc75: start LeaderElection
2019-10-16 22:21:25,284 [80429b0a-59fd-4cc1-aa54-c7e113f2fc75@group-3F44BD8069CF-LeaderElection42] INFO  impl.LeaderElection (LeaderElection.java:askForVotes(178)) - 80429b0a-59fd-4cc1-aa54-c7e113f2fc75@group-3F44BD8069CF-LeaderElection42: begin an election at term 37 for -1: [80429b0a-59fd-4cc1-aa54-c7e113f2fc75:192.168.34.38:36487, 10709bda-d4dc-4a9c-9e19-12e8b772be2f:192.168.34.38:34412, eb983093-91d2-4010-938b-148522e57322:192.168.34.38:40909], old=null
2019-10-16 22:21:25,288 [grpc-default-executor-9] INFO  impl.RaftServerImpl (RaftServerImpl.java:setRole(184)) - 10709bda-d4dc-4a9c-9e19-12e8b772be2f@group-3F44BD8069CF: changes role from  FOLLOWER to FOLLOWER at term 37 for recognizeCandidate:80429b0a-59fd-4cc1-aa54-c7e113f2fc75
2019-10-16 22:21:25,288 [grpc-default-executor-11] INFO  impl.RaftServerImpl (RaftServerImpl.java:setRole(184)) - eb983093-91d2-4010-938b-148522e57322@group-3F44BD8069CF: changes role from  FOLLOWER to FOLLOWER at term 37 for recognizeCandidate:80429b0a-59fd-4cc1-aa54-c7e113f2fc75
2019-10-16 22:21:25,288 [grpc-default-executor-9] INFO  impl.RoleInfo (RoleInfo.java:shutdownFollowerState(121)) - 10709bda-d4dc-4a9c-9e19-12e8b772be2f: shutdown FollowerState
2019-10-16 22:21:25,289 [grpc-default-executor-11] INFO  impl.RoleInfo (RoleInfo.java:shutdownFollowerState(121)) - eb983093-91d2-4010-938b-148522e57322: shutdown FollowerState
2019-10-16 22:21:25,289 [Thread-844] INFO  impl.FollowerState (FollowerState.java:run(117)) - 10709bda-d4dc-4a9c-9e19-12e8b772be2f@group-3F44BD8069CF-FollowerState was interrupted: java.lang.InterruptedException: sleep interrupted
2019-10-16 22:21:25,289 [grpc-default-executor-9] INFO  impl.RoleInfo (RoleInfo.java:updateAndGet(143)) - 10709bda-d4dc-4a9c-9e19-12e8b772be2f: start FollowerState
2019-10-16 22:21:25,289 [Thread-845] INFO  impl.FollowerState (FollowerState.java:run(117)) - eb983093-91d2-4010-938b-148522e57322@group-3F44BD8069CF-FollowerState was interrupted: java.lang.InterruptedException: sleep interrupted
2019-10-16 22:21:25,289 [grpc-default-executor-11] INFO  impl.RoleInfo (RoleInfo.java:updateAndGet(143)) - eb983093-91d2-4010-938b-148522e57322: start FollowerState
2019-10-16 22:21:25,305 [80429b0a-59fd-4cc1-aa54-c7e113f2fc75@group-3F44BD8069CF-LeaderElection42] INFO  impl.LeaderElection (LeaderElection.java:logAndReturn(56)) - 80429b0a-59fd-4cc1-aa54-c7e113f2fc75@group-3F44BD8069CF-LeaderElection42: Election REJECTED; received 2 response(s) [80429b0a-59fd-4cc1-aa54-c7e113f2fc75<-10709bda-d4dc-4a9c-9e19-12e8b772be2f#0:FAIL-t37, 80429b0a-59fd-4cc1-aa54-c7e113f2fc75<-eb983093-91d2-4010-938b-148522e57322#0:FAIL-t37] and 0 exception(s); 80429b0a-59fd-4cc1-aa54-c7e113f2fc75@group-3F44BD8069CF:t37, leader=null, voted=80429b0a-59fd-4cc1-aa54-c7e113f2fc75, raftlog=80429b0a-59fd-4cc1-aa54-c7e113f2fc75@group-3F44BD8069CF-SegmentedRaftLog:OPENED:c-1,f-1,i0, conf=-1: [80429b0a-59fd-4cc1-aa54-c7e113f2fc75:192.168.34.38:36487, 10709bda-d4dc-4a9c-9e19-12e8b772be2f:192.168.34.38:34412, eb983093-91d2-4010-938b-148522e57322:192.168.34.38:40909], old=null
2019-10-16 22:21:25,305 [80429b0a-59fd-4cc1-aa54-c7e113f2fc75@group-3F44BD8069CF-LeaderElection42] INFO  impl.RaftServerImpl (RaftServerImpl.java:setRole(184)) - 80429b0a-59fd-4cc1-aa54-c7e113f2fc75@group-3F44BD8069CF: changes role from CANDIDATE to FOLLOWER at term 37 for DISCOVERED_A_NEW_TERM
2019-10-16 22:21:25,305 [80429b0a-59fd-4cc1-aa54-c7e113f2fc75@group-3F44BD8069CF-LeaderElection42] INFO  impl.RoleInfo (RoleInfo.java:shutdownLeaderElection(134)) - 80429b0a-59fd-4cc1-aa54-c7e113f2fc75: shutdown LeaderElection
2019-10-16 22:21:25,306 [80429b0a-59fd-4cc1-aa54-c7e113f2fc75@group-3F44BD8069CF-LeaderElection42] INFO  impl.RoleInfo (RoleInfo.java:updateAndGet(143)) - 80429b0a-59fd-4cc1-aa54-c7e113f2fc75: start FollowerState
2019-10-16 22:21:25,384 [Thread-852] INFO  impl.FollowerState (FollowerState.java:run(108)) - 80429b0a-59fd-4cc1-aa54-c7e113f2fc75@group-3F44BD8069CF-FollowerState: change to CANDIDATE, lastRpcTime:78ms, electionTimeout:78ms
2019-10-16 22:21:25,384 [Thread-852] INFO  impl.RoleInfo (RoleInfo.java:shutdownFollowerState(121)) - 80429b0a-59fd-4cc1-aa54-c7e113f2fc75: shutdown FollowerState
2019-10-16 22:21:25,384 [Thread-852] INFO  impl.RaftServerImpl (RaftServerImpl.java:setRole(184)) - 80429b0a-59fd-4cc1-aa54-c7e113f2fc75@group-3F44BD8069CF: changes role from  FOLLOWER to CANDIDATE at term 37 for changeToCandidate
2019-10-16 22:21:25,385 [Thread-852] INFO  impl.RoleInfo (RoleInfo.java:updateAndGet(143)) - 80429b0a-59fd-4cc1-aa54-c7e113f2fc75: start LeaderElection
2019-10-16 22:21:25,398 [80429b0a-59fd-4cc1-aa54-c7e113f2fc75@group-3F44BD8069CF-LeaderElection43] INFO  impl.LeaderElection (LeaderElection.java:askForVotes(178)) - 80429b0a-59fd-4cc1-aa54-c7e113f2fc75@group-3F44BD8069CF-LeaderElection43: begin an election at term 38 for -1: [80429b0a-59fd-4cc1-aa54-c7e113f2fc75:192.168.34.38:36487, 10709bda-d4dc-4a9c-9e19-12e8b772be2f:192.168.34.38:34412, eb983093-91d2-4010-938b-148522e57322:192.168.34.38:40909], old=null
2019-10-16 22:21:25,401 [grpc-default-executor-9] INFO  impl.RaftServerImpl (RaftServerImpl.java:setRole(184)) - 10709bda-d4dc-4a9c-9e19-12e8b772be2f@group-3F44BD8069CF: changes role from  FOLLOWER to FOLLOWER at term 38 for recognizeCandidate:80429b0a-59fd-4cc1-aa54-c7e113f2fc75
2019-10-16 22:21:25,401 [grpc-default-executor-9] INFO  impl.RoleInfo (RoleInfo.java:shutdownFollowerState(121)) - 10709bda-d4dc-4a9c-9e19-12e8b772be2f: shutdown FollowerState
2019-10-16 22:21:25,401 [grpc-default-executor-9] INFO  impl.RoleInfo (RoleInfo.java:updateAndGet(143)) - 10709bda-d4dc-4a9c-9e19-12e8b772be2f: start FollowerState
2019-10-16 22:21:25,401 [Thread-850] INFO  impl.FollowerState (FollowerState.java:run(117)) - 10709bda-d4dc-4a9c-9e19-12e8b772be2f@group-3F44BD8069CF-FollowerState was interrupted: java.lang.InterruptedException: sleep interrupted
2019-10-16 22:21:25,402 [grpc-default-executor-11] INFO  impl.RaftServerImpl (RaftServerImpl.java:setRole(184)) - eb983093-91d2-4010-938b-148522e57322@group-3F44BD8069CF: changes role from  FOLLOWER to FOLLOWER at term 38 for recognizeCandidate:80429b0a-59fd-4cc1-aa54-c7e113f2fc75
2019-10-16 22:21:25,402 [grpc-default-executor-11] INFO  impl.RoleInfo (RoleInfo.java:shutdownFollowerState(121)) - eb983093-91d2-4010-938b-148522e57322: shutdown FollowerState
2019-10-16 22:21:25,402 [grpc-default-executor-11] INFO  impl.RoleInfo (RoleInfo.java:updateAndGet(143)) - eb983093-91d2-4010-938b-148522e57322: start FollowerState
2019-10-16 22:21:25,402 [Thread-851] INFO  impl.FollowerState (FollowerState.java:run(117)) - eb983093-91d2-4010-938b-148522e57322@group-3F44BD8069CF-FollowerState was interrupted: java.lang.InterruptedException: sleep interrupted
2019-10-16 22:21:25,427 [80429b0a-59fd-4cc1-aa54-c7e113f2fc75@group-3F44BD8069CF-LeaderElection43] INFO  impl.LeaderElection (LeaderElection.java:logAndReturn(56)) - 80429b0a-59fd-4cc1-aa54-c7e113f2fc75@group-3F44BD8069CF-LeaderElection43: Election REJECTED; received 2 response(s) [80429b0a-59fd-4cc1-aa54-c7e113f2fc75<-10709bda-d4dc-4a9c-9e19-12e8b772be2f#0:FAIL-t38, 80429b0a-59fd-4cc1-aa54-c7e113f2fc75<-eb983093-91d2-4010-938b-148522e57322#0:FAIL-t38] and 0 exception(s); 80429b0a-59fd-4cc1-aa54-c7e113f2fc75@group-3F44BD8069CF:t38, leader=null, voted=80429b0a-59fd-4cc1-aa54-c7e113f2fc75, raftlog=80429b0a-59fd-4cc1-aa54-c7e113f2fc75@group-3F44BD8069CF-SegmentedRaftLog:OPENED:c-1,f-1,i0, conf=-1: [80429b0a-59fd-4cc1-aa54-c7e113f2fc75:192.168.34.38:36487, 10709bda-d4dc-4a9c-9e19-12e8b772be2f:192.168.34.38:34412, eb983093-91d2-4010-938b-148522e57322:192.168.34.38:40909], old=null
2019-10-16 22:21:25,427 [80429b0a-59fd-4cc1-aa54-c7e113f2fc75@group-3F44BD8069CF-LeaderElection43] INFO  impl.RaftServerImpl (RaftServerImpl.java:setRole(184)) - 80429b0a-59fd-4cc1-aa54-c7e113f2fc75@group-3F44BD8069CF: changes role from CANDIDATE to FOLLOWER at term 38 for DISCOVERED_A_NEW_TERM
2019-10-16 22:21:25,427 [80429b0a-59fd-4cc1-aa54-c7e113f2fc75@group-3F44BD8069CF-LeaderElection43] INFO  impl.RoleInfo (RoleInfo.java:shutdownLeaderElection(134)) - 80429b0a-59fd-4cc1-aa54-c7e113f2fc75: shutdown LeaderElection
2019-10-16 22:21:25,428 [80429b0a-59fd-4cc1-aa54-c7e113f2fc75@group-3F44BD8069CF-LeaderElection43] INFO  impl.RoleInfo (RoleInfo.java:updateAndGet(143)) - 80429b0a-59fd-4cc1-aa54-c7e113f2fc75: start FollowerState
2019-10-16 22:21:25,468 [Thread-858] INFO  impl.FollowerState (FollowerState.java:run(108)) - 80429b0a-59fd-4cc1-aa54-c7e113f2fc75@group-3F44BD8069CF-FollowerState: change to CANDIDATE, lastRpcTime:40ms, electionTimeout:40ms
2019-10-16 22:21:25,468 [Thread-858] INFO  impl.RoleInfo (RoleInfo.java:shutdownFollowerState(121)) - 80429b0a-59fd-4cc1-aa54-c7e113f2fc75: shutdown FollowerState
2019-10-16 22:21:25,468 [Thread-858] INFO  impl.RaftServerImpl (RaftServerImpl.java:setRole(184)) - 80429b0a-59fd-4cc1-aa54-c7e113f2fc75@group-3F44BD8069CF: changes role from  FOLLOWER to CANDIDATE at term 38 for changeToCandidate
2019-10-16 22:21:25,469 [Thread-858] INFO  impl.RoleInfo (RoleInfo.java:updateAndGet(143)) - 80429b0a-59fd-4cc1-aa54-c7e113f2fc75: start LeaderElection
2019-10-16 22:21:25,483 [80429b0a-59fd-4cc1-aa54-c7e113f2fc75@group-3F44BD8069CF-LeaderElection44] INFO  impl.LeaderElection (LeaderElection.java:askForVotes(178)) - 80429b0a-59fd-4cc1-aa54-c7e113f2fc75@group-3F44BD8069CF-LeaderElection44: begin an election at term 39 for -1: [80429b0a-59fd-4cc1-aa54-c7e113f2fc75:192.168.34.38:36487, 10709bda-d4dc-4a9c-9e19-12e8b772be2f:192.168.34.38:34412, eb983093-91d2-4010-938b-148522e57322:192.168.34.38:40909], old=null
2019-10-16 22:21:25,487 [grpc-default-executor-9] INFO  impl.RaftServerImpl (RaftServerImpl.java:setRole(184)) - 10709bda-d4dc-4a9c-9e19-12e8b772be2f@group-3F44BD8069CF: changes role from  FOLLOWER to FOLLOWER at term 39 for recognizeCandidate:80429b0a-59fd-4cc1-aa54-c7e113f2fc75
2019-10-16 22:21:25,487 [grpc-default-executor-11] INFO  impl.RaftServerImpl (RaftServerImpl.java:setRole(184)) - eb983093-91d2-4010-938b-148522e57322@group-3F44BD8069CF: changes role from  FOLLOWER to FOLLOWER at term 39 for recognizeCandidate:80429b0a-59fd-4cc1-aa54-c7e113f2fc75
2019-10-16 22:21:25,487 [grpc-default-executor-9] INFO  impl.RoleInfo (RoleInfo.java:shutdownFollowerState(121)) - 10709bda-d4dc-4a9c-9e19-12e8b772be2f: shutdown FollowerState
2019-10-16 22:21:25,487 [grpc-default-executor-11] INFO  impl.RoleInfo (RoleInfo.java:shutdownFollowerState(121)) - eb983093-91d2-4010-938b-148522e57322: shutdown FollowerState
2019-10-16 22:21:25,487 [Thread-856] INFO  impl.FollowerState (FollowerState.java:run(117)) - 10709bda-d4dc-4a9c-9e19-12e8b772be2f@group-3F44BD8069CF-FollowerState was interrupted: java.lang.InterruptedException: sleep interrupted
2019-10-16 22:21:25,487 [grpc-default-executor-9] INFO  impl.RoleInfo (RoleInfo.java:updateAndGet(143)) - 10709bda-d4dc-4a9c-9e19-12e8b772be2f: start FollowerState
2019-10-16 22:21:25,488 [Thread-857] INFO  impl.FollowerState (FollowerState.java:run(117)) - eb983093-91d2-4010-938b-148522e57322@group-3F44BD8069CF-FollowerState was interrupted: java.lang.InterruptedException: sleep interrupted
2019-10-16 22:21:25,488 [grpc-default-executor-11] INFO  impl.RoleInfo (RoleInfo.java:updateAndGet(143)) - eb983093-91d2-4010-938b-148522e57322: start FollowerState
2019-10-16 22:21:25,506 [80429b0a-59fd-4cc1-aa54-c7e113f2fc75@group-3F44BD8069CF-LeaderElection44] INFO  impl.LeaderElection (LeaderElection.java:logAndReturn(56)) - 80429b0a-59fd-4cc1-aa54-c7e113f2fc75@group-3F44BD8069CF-LeaderElection44: Election REJECTED; received 2 response(s) [80429b0a-59fd-4cc1-aa54-c7e113f2fc75<-10709bda-d4dc-4a9c-9e19-12e8b772be2f#0:FAIL-t39, 80429b0a-59fd-4cc1-aa54-c7e113f2fc75<-eb983093-91d2-4010-938b-148522e57322#0:FAIL-t39] and 0 exception(s); 80429b0a-59fd-4cc1-aa54-c7e113f2fc75@group-3F44BD8069CF:t39, leader=null, voted=80429b0a-59fd-4cc1-aa54-c7e113f2fc75, raftlog=80429b0a-59fd-4cc1-aa54-c7e113f2fc75@group-3F44BD8069CF-SegmentedRaftLog:OPENED:c-1,f-1,i0, conf=-1: [80429b0a-59fd-4cc1-aa54-c7e113f2fc75:192.168.34.38:36487, 10709bda-d4dc-4a9c-9e19-12e8b772be2f:192.168.34.38:34412, eb983093-91d2-4010-938b-148522e57322:192.168.34.38:40909], old=null
2019-10-16 22:21:25,506 [80429b0a-59fd-4cc1-aa54-c7e113f2fc75@group-3F44BD8069CF-LeaderElection44] INFO  impl.RaftServerImpl (RaftServerImpl.java:setRole(184)) - 80429b0a-59fd-4cc1-aa54-c7e113f2fc75@group-3F44BD8069CF: changes role from CANDIDATE to FOLLOWER at term 39 for DISCOVERED_A_NEW_TERM
2019-10-16 22:21:25,506 [80429b0a-59fd-4cc1-aa54-c7e113f2fc75@group-3F44BD8069CF-LeaderElection44] INFO  impl.RoleInfo (RoleInfo.java:shutdownLeaderElection(134)) - 80429b0a-59fd-4cc1-aa54-c7e113f2fc75: shutdown LeaderElection
2019-10-16 22:21:25,506 [80429b0a-59fd-4cc1-aa54-c7e113f2fc75@group-3F44BD8069CF-LeaderElection44] INFO  impl.RoleInfo (RoleInfo.java:updateAndGet(143)) - 80429b0a-59fd-4cc1-aa54-c7e113f2fc75: start FollowerState
2019-10-16 22:21:25,666 [Thread-864] INFO  impl.FollowerState (FollowerState.java:run(108)) - 80429b0a-59fd-4cc1-aa54-c7e113f2fc75@group-3F44BD8069CF-FollowerState: change to CANDIDATE, lastRpcTime:159ms, electionTimeout:159ms
2019-10-16 22:21:25,666 [Thread-864] INFO  impl.RoleInfo (RoleInfo.java:shutdownFollowerState(121)) - 80429b0a-59fd-4cc1-aa54-c7e113f2fc75: shutdown FollowerState
2019-10-16 22:21:25,666 [Thread-864] INFO  impl.RaftServerImpl (RaftServerImpl.java:setRole(184)) - 80429b0a-59fd-4cc1-aa54-c7e113f2fc75@group-3F44BD8069CF: changes role from  FOLLOWER to CANDIDATE at term 39 for changeToCandidate
2019-10-16 22:21:25,667 [Thread-864] INFO  impl.RoleInfo (RoleInfo.java:updateAndGet(143)) - 80429b0a-59fd-4cc1-aa54-c7e113f2fc75: start LeaderElection
2019-10-16 22:21:25,680 [80429b0a-59fd-4cc1-aa54-c7e113f2fc75@group-3F44BD8069CF-LeaderElection45] INFO  impl.LeaderElection (LeaderElection.java:askForVotes(178)) - 80429b0a-59fd-4cc1-aa54-c7e113f2fc75@group-3F44BD8069CF-LeaderElection45: begin an election at term 40 for -1: [80429b0a-59fd-4cc1-aa54-c7e113f2fc75:192.168.34.38:36487, 10709bda-d4dc-4a9c-9e19-12e8b772be2f:192.168.34.38:34412, eb983093-91d2-4010-938b-148522e57322:192.168.34.38:40909], old=null
2019-10-16 22:21:25,683 [grpc-default-executor-11] INFO  impl.RaftServerImpl (RaftServerImpl.java:setRole(184)) - eb983093-91d2-4010-938b-148522e57322@group-3F44BD8069CF: changes role from  FOLLOWER to FOLLOWER at term 40 for recognizeCandidate:80429b0a-59fd-4cc1-aa54-c7e113f2fc75
2019-10-16 22:21:25,684 [grpc-default-executor-9] INFO  impl.RaftServerImpl (RaftServerImpl.java:setRole(184)) - 10709bda-d4dc-4a9c-9e19-12e8b772be2f@group-3F44BD8069CF: changes role from  FOLLOWER to FOLLOWER at term 40 for recognizeCandidate:80429b0a-59fd-4cc1-aa54-c7e113f2fc75
2019-10-16 22:21:25,684 [grpc-default-executor-11] INFO  impl.RoleInfo (RoleInfo.java:shutdownFollowerState(121)) - eb983093-91d2-4010-938b-148522e57322: shutdown FollowerState
2019-10-16 22:21:25,684 [grpc-default-executor-9] INFO  impl.RoleInfo (RoleInfo.java:shutdownFollowerState(121)) - 10709bda-d4dc-4a9c-9e19-12e8b772be2f: shutdown FollowerState
2019-10-16 22:21:25,684 [Thread-863] INFO  impl.FollowerState (FollowerState.java:run(117)) - eb983093-91d2-4010-938b-148522e57322@group-3F44BD8069CF-FollowerState was interrupted: java.lang.InterruptedException: sleep interrupted
2019-10-16 22:21:25,684 [grpc-default-executor-11] INFO  impl.RoleInfo (RoleInfo.java:updateAndGet(143)) - eb983093-91d2-4010-938b-148522e57322: start FollowerState
2019-10-16 22:21:25,684 [Thread-862] INFO  impl.FollowerState (FollowerState.java:run(117)) - 10709bda-d4dc-4a9c-9e19-12e8b772be2f@group-3F44BD8069CF-FollowerState was interrupted: java.lang.InterruptedException: sleep interrupted
2019-10-16 22:21:25,684 [grpc-default-executor-9] INFO  impl.RoleInfo (RoleInfo.java:updateAndGet(143)) - 10709bda-d4dc-4a9c-9e19-12e8b772be2f: start FollowerState
2019-10-16 22:21:25,698 [80429b0a-59fd-4cc1-aa54-c7e113f2fc75@group-3F44BD8069CF-LeaderElection45] INFO  impl.LeaderElection (LeaderElection.java:logAndReturn(56)) - 80429b0a-59fd-4cc1-aa54-c7e113f2fc75@group-3F44BD8069CF-LeaderElection45: Election TIMEOUT; received 0 response(s) [] and 0 exception(s); 80429b0a-59fd-4cc1-aa54-c7e113f2fc75@group-3F44BD8069CF:t40, leader=null, voted=80429b0a-59fd-4cc1-aa54-c7e113f2fc75, raftlog=80429b0a-59fd-4cc1-aa54-c7e113f2fc75@group-3F44BD8069CF-SegmentedRaftLog:OPENED:c-1,f-1,i0, conf=-1: [80429b0a-59fd-4cc1-aa54-c7e113f2fc75:192.168.34.38:36487, 10709bda-d4dc-4a9c-9e19-12e8b772be2f:192.168.34.38:34412, eb983093-91d2-4010-938b-148522e57322:192.168.34.38:40909], old=null
2019-10-16 22:21:25,713 [80429b0a-59fd-4cc1-aa54-c7e113f2fc75@group-3F44BD8069CF-LeaderElection45] INFO  impl.LeaderElection (LeaderElection.java:askForVotes(178)) - 80429b0a-59fd-4cc1-aa54-c7e113f2fc75@group-3F44BD8069CF-LeaderElection45: begin an election at term 41 for -1: [80429b0a-59fd-4cc1-aa54-c7e113f2fc75:192.168.34.38:36487, 10709bda-d4dc-4a9c-9e19-12e8b772be2f:192.168.34.38:34412, eb983093-91d2-4010-938b-148522e57322:192.168.34.38:40909], old=null
2019-10-16 22:21:25,718 [grpc-default-executor-11] INFO  impl.RaftServerImpl (RaftServerImpl.java:setRole(184)) - 10709bda-d4dc-4a9c-9e19-12e8b772be2f@group-3F44BD8069CF: changes role from  FOLLOWER to FOLLOWER at term 41 for recognizeCandidate:80429b0a-59fd-4cc1-aa54-c7e113f2fc75
2019-10-16 22:21:25,718 [grpc-default-executor-11] INFO  impl.RoleInfo (RoleInfo.java:shutdownFollowerState(121)) - 10709bda-d4dc-4a9c-9e19-12e8b772be2f: shutdown FollowerState
2019-10-16 22:21:25,718 [grpc-default-executor-11] INFO  impl.RoleInfo (RoleInfo.java:updateAndGet(143)) - 10709bda-d4dc-4a9c-9e19-12e8b772be2f: start FollowerState
2019-10-16 22:21:25,718 [Thread-869] INFO  impl.FollowerState (FollowerState.java:run(117)) - 10709bda-d4dc-4a9c-9e19-12e8b772be2f@group-3F44BD8069CF-FollowerState was interrupted: java.lang.InterruptedException: sleep interrupted
2019-10-16 22:21:25,718 [grpc-default-executor-9] INFO  impl.RaftServerImpl (RaftServerImpl.java:setRole(184)) - eb983093-91d2-4010-938b-148522e57322@group-3F44BD8069CF: changes role from  FOLLOWER to FOLLOWER at term 41 for recognizeCandidate:80429b0a-59fd-4cc1-aa54-c7e113f2fc75
2019-10-16 22:21:25,719 [grpc-default-executor-9] INFO  impl.RoleInfo (RoleInfo.java:shutdownFollowerState(121)) - eb983093-91d2-4010-938b-148522e57322: shutdown FollowerState
2019-10-16 22:21:25,719 [grpc-default-executor-9] INFO  impl.RoleInfo (RoleInfo.java:updateAndGet(143)) - eb983093-91d2-4010-938b-148522e57322: start FollowerState
2019-10-16 22:21:25,719 [Thread-868] INFO  impl.FollowerState (FollowerState.java:run(117)) - eb983093-91d2-4010-938b-148522e57322@group-3F44BD8069CF-FollowerState was interrupted: java.lang.InterruptedException: sleep interrupted
2019-10-16 22:21:25,746 [80429b0a-59fd-4cc1-aa54-c7e113f2fc75@group-3F44BD8069CF-LeaderElection45] INFO  impl.LeaderElection (LeaderElection.java:logAndReturn(56)) - 80429b0a-59fd-4cc1-aa54-c7e113f2fc75@group-3F44BD8069CF-LeaderElection45: Election REJECTED; received 2 response(s) [80429b0a-59fd-4cc1-aa54-c7e113f2fc75<-10709bda-d4dc-4a9c-9e19-12e8b772be2f#0:FAIL-t41, 80429b0a-59fd-4cc1-aa54-c7e113f2fc75<-eb983093-91d2-4010-938b-148522e57322#0:FAIL-t41] and 0 exception(s); 80429b0a-59fd-4cc1-aa54-c7e113f2fc75@group-3F44BD8069CF:t41, leader=null, voted=80429b0a-59fd-4cc1-aa54-c7e113f2fc75, raftlog=80429b0a-59fd-4cc1-aa54-c7e113f2fc75@group-3F44BD8069CF-SegmentedRaftLog:OPENED:c-1,f-1,i0, conf=-1: [80429b0a-59fd-4cc1-aa54-c7e113f2fc75:192.168.34.38:36487, 10709bda-d4dc-4a9c-9e19-12e8b772be2f:192.168.34.38:34412, eb983093-91d2-4010-938b-148522e57322:192.168.34.38:40909], old=null
2019-10-16 22:21:25,746 [80429b0a-59fd-4cc1-aa54-c7e113f2fc75@group-3F44BD8069CF-LeaderElection45] INFO  impl.RaftServerImpl (RaftServerImpl.java:setRole(184)) - 80429b0a-59fd-4cc1-aa54-c7e113f2fc75@group-3F44BD8069CF: changes role from CANDIDATE to FOLLOWER at term 41 for DISCOVERED_A_NEW_TERM
2019-10-16 22:21:25,746 [80429b0a-59fd-4cc1-aa54-c7e113f2fc75@group-3F44BD8069CF-LeaderElection45] INFO  impl.RoleInfo (RoleInfo.java:shutdownLeaderElection(134)) - 80429b0a-59fd-4cc1-aa54-c7e113f2fc75: shutdown LeaderElection
2019-10-16 22:21:25,746 [80429b0a-59fd-4cc1-aa54-c7e113f2fc75@group-3F44BD8069CF-LeaderElection45] INFO  impl.RoleInfo (RoleInfo.java:updateAndGet(143)) - 80429b0a-59fd-4cc1-aa54-c7e113f2fc75: start FollowerState
2019-10-16 22:21:25,854 [Thread-874] INFO  impl.FollowerState (FollowerState.java:run(108)) - 80429b0a-59fd-4cc1-aa54-c7e113f2fc75@group-3F44BD8069CF-FollowerState: change to CANDIDATE, lastRpcTime:107ms, electionTimeout:107ms
2019-10-16 22:21:25,854 [Thread-874] INFO  impl.RoleInfo (RoleInfo.java:shutdownFollowerState(121)) - 80429b0a-59fd-4cc1-aa54-c7e113f2fc75: shutdown FollowerState
2019-10-16 22:21:25,854 [Thread-874] INFO  impl.RaftServerImpl (RaftServerImpl.java:setRole(184)) - 80429b0a-59fd-4cc1-aa54-c7e113f2fc75@group-3F44BD8069CF: changes role from  FOLLOWER to CANDIDATE at term 41 for changeToCandidate
2019-10-16 22:21:25,854 [Thread-874] INFO  impl.RoleInfo (RoleInfo.java:updateAndGet(143)) - 80429b0a-59fd-4cc1-aa54-c7e113f2fc75: start LeaderElection
2019-10-16 22:21:25,867 [80429b0a-59fd-4cc1-aa54-c7e113f2fc75@group-3F44BD8069CF-LeaderElection46] INFO  impl.LeaderElection (LeaderElection.java:askForVotes(178)) - 80429b0a-59fd-4cc1-aa54-c7e113f2fc75@group-3F44BD8069CF-LeaderElection46: begin an election at term 42 for -1: [80429b0a-59fd-4cc1-aa54-c7e113f2fc75:192.168.34.38:36487, 10709bda-d4dc-4a9c-9e19-12e8b772be2f:192.168.34.38:34412, eb983093-91d2-4010-938b-148522e57322:192.168.34.38:40909], old=null
2019-10-16 22:21:25,870 [grpc-default-executor-11] INFO  impl.RaftServerImpl (RaftServerImpl.java:setRole(184)) - 10709bda-d4dc-4a9c-9e19-12e8b772be2f@group-3F44BD8069CF: changes role from  FOLLOWER to FOLLOWER at term 42 for recognizeCandidate:80429b0a-59fd-4cc1-aa54-c7e113f2fc75
2019-10-16 22:21:25,871 [grpc-default-executor-11] INFO  impl.RoleInfo (RoleInfo.java:shutdownFollowerState(121)) - 10709bda-d4dc-4a9c-9e19-12e8b772be2f: shutdown FollowerState
2019-10-16 22:21:25,871 [grpc-default-executor-11] INFO  impl.RoleInfo (RoleInfo.java:updateAndGet(143)) - 10709bda-d4dc-4a9c-9e19-12e8b772be2f: start FollowerState
2019-10-16 22:21:25,871 [Thread-872] INFO  impl.FollowerState (FollowerState.java:run(117)) - 10709bda-d4dc-4a9c-9e19-12e8b772be2f@group-3F44BD8069CF-FollowerState was interrupted: java.lang.InterruptedException: sleep interrupted
2019-10-16 22:21:25,871 [grpc-default-executor-9] INFO  impl.RaftServerImpl (RaftServerImpl.java:setRole(184)) - eb983093-91d2-4010-938b-148522e57322@group-3F44BD8069CF: changes role from  FOLLOWER to FOLLOWER at term 42 for recognizeCandidate:80429b0a-59fd-4cc1-aa54-c7e113f2fc75
2019-10-16 22:21:25,871 [grpc-default-executor-9] INFO  impl.RoleInfo (RoleInfo.java:shutdownFollowerState(121)) - eb983093-91d2-4010-938b-148522e57322: shutdown FollowerState
2019-10-16 22:21:25,871 [grpc-default-executor-9] INFO  impl.RoleInfo (RoleInfo.java:updateAndGet(143)) - eb983093-91d2-4010-938b-148522e57322: start FollowerState
2019-10-16 22:21:25,872 [Thread-873] INFO  impl.FollowerState (FollowerState.java:run(117)) - eb983093-91d2-4010-938b-148522e57322@group-3F44BD8069CF-FollowerState was interrupted: java.lang.InterruptedException: sleep interrupted
2019-10-16 22:21:25,888 [80429b0a-59fd-4cc1-aa54-c7e113f2fc75@group-3F44BD8069CF-LeaderElection46] INFO  impl.LeaderElection (LeaderElection.java:logAndReturn(56)) - 80429b0a-59fd-4cc1-aa54-c7e113f2fc75@group-3F44BD8069CF-LeaderElection46: Election REJECTED; received 2 response(s) [80429b0a-59fd-4cc1-aa54-c7e113f2fc75<-10709bda-d4dc-4a9c-9e19-12e8b772be2f#0:FAIL-t42, 80429b0a-59fd-4cc1-aa54-c7e113f2fc75<-eb983093-91d2-4010-938b-148522e57322#0:FAIL-t42] and 0 exception(s); 80429b0a-59fd-4cc1-aa54-c7e113f2fc75@group-3F44BD8069CF:t42, leader=null, voted=80429b0a-59fd-4cc1-aa54-c7e113f2fc75, raftlog=80429b0a-59fd-4cc1-aa54-c7e113f2fc75@group-3F44BD8069CF-SegmentedRaftLog:OPENED:c-1,f-1,i0, conf=-1: [80429b0a-59fd-4cc1-aa54-c7e113f2fc75:192.168.34.38:36487, 10709bda-d4dc-4a9c-9e19-12e8b772be2f:192.168.34.38:34412, eb983093-91d2-4010-938b-148522e57322:192.168.34.38:40909], old=null
2019-10-16 22:21:25,888 [80429b0a-59fd-4cc1-aa54-c7e113f2fc75@group-3F44BD8069CF-LeaderElection46] INFO  impl.RaftServerImpl (RaftServerImpl.java:setRole(184)) - 80429b0a-59fd-4cc1-aa54-c7e113f2fc75@group-3F44BD8069CF: changes role from CANDIDATE to FOLLOWER at term 42 for DISCOVERED_A_NEW_TERM
2019-10-16 22:21:25,889 [80429b0a-59fd-4cc1-aa54-c7e113f2fc75@group-3F44BD8069CF-LeaderElection46] INFO  impl.RoleInfo (RoleInfo.java:shutdownLeaderElection(134)) - 80429b0a-59fd-4cc1-aa54-c7e113f2fc75: shutdown LeaderElection
2019-10-16 22:21:25,889 [80429b0a-59fd-4cc1-aa54-c7e113f2fc75@group-3F44BD8069CF-LeaderElection46] INFO  impl.RoleInfo (RoleInfo.java:updateAndGet(143)) - 80429b0a-59fd-4cc1-aa54-c7e113f2fc75: start FollowerState
2019-10-16 22:21:26,086 [Thread-880] INFO  impl.FollowerState (FollowerState.java:run(108)) - 80429b0a-59fd-4cc1-aa54-c7e113f2fc75@group-3F44BD8069CF-FollowerState: change to CANDIDATE, lastRpcTime:197ms, electionTimeout:197ms
2019-10-16 22:21:26,086 [Thread-880] INFO  impl.RoleInfo (RoleInfo.java:shutdownFollowerState(121)) - 80429b0a-59fd-4cc1-aa54-c7e113f2fc75: shutdown FollowerState
2019-10-16 22:21:26,087 [Thread-880] INFO  impl.RaftServerImpl (RaftServerImpl.java:setRole(184)) - 80429b0a-59fd-4cc1-aa54-c7e113f2fc75@group-3F44BD8069CF: changes role from  FOLLOWER to CANDIDATE at term 42 for changeToCandidate
2019-10-16 22:21:26,087 [Thread-880] INFO  impl.RoleInfo (RoleInfo.java:updateAndGet(143)) - 80429b0a-59fd-4cc1-aa54-c7e113f2fc75: start LeaderElection
 0.00% |?                                                                                                    |  0/1 Time: 0:00:032019-10-16 22:21:26,102 [80429b0a-59fd-4cc1-aa54-c7e113f2fc75@group-3F44BD8069CF-LeaderElection47] INFO  impl.LeaderElection (LeaderElection.java:askForVotes(178)) - 80429b0a-59fd-4cc1-aa54-c7e113f2fc75@group-3F44BD8069CF-LeaderElection47: begin an election at term 43 for -1: [80429b0a-59fd-4cc1-aa54-c7e113f2fc75:192.168.34.38:36487, 10709bda-d4dc-4a9c-9e19-12e8b772be2f:192.168.34.38:34412, eb983093-91d2-4010-938b-148522e57322:192.168.34.38:40909], old=null
2019-10-16 22:21:26,104 [grpc-default-executor-11] INFO  impl.RaftServerImpl (RaftServerImpl.java:setRole(184)) - eb983093-91d2-4010-938b-148522e57322@group-3F44BD8069CF: changes role from  FOLLOWER to FOLLOWER at term 43 for recognizeCandidate:80429b0a-59fd-4cc1-aa54-c7e113f2fc75
2019-10-16 22:21:26,104 [grpc-default-executor-9] INFO  impl.RaftServerImpl (RaftServerImpl.java:setRole(184)) - 10709bda-d4dc-4a9c-9e19-12e8b772be2f@group-3F44BD8069CF: changes role from  FOLLOWER to FOLLOWER at term 43 for recognizeCandidate:80429b0a-59fd-4cc1-aa54-c7e113f2fc75
2019-10-16 22:21:26,105 [grpc-default-executor-11] INFO  impl.RoleInfo (RoleInfo.java:shutdownFollowerState(121)) - eb983093-91d2-4010-938b-148522e57322: shutdown FollowerState
2019-10-16 22:21:26,105 [grpc-default-executor-9] INFO  impl.RoleInfo (RoleInfo.java:shutdownFollowerState(121)) - 10709bda-d4dc-4a9c-9e19-12e8b772be2f: shutdown FollowerState
2019-10-16 22:21:26,105 [Thread-879] INFO  impl.FollowerState (FollowerState.java:run(117)) - eb983093-91d2-4010-938b-148522e57322@group-3F44BD8069CF-FollowerState was interrupted: java.lang.InterruptedException: sleep interrupted
2019-10-16 22:21:26,105 [grpc-default-executor-11] INFO  impl.RoleInfo (RoleInfo.java:updateAndGet(143)) - eb983093-91d2-4010-938b-148522e57322: start FollowerState
2019-10-16 22:21:26,105 [Thread-878] INFO  impl.FollowerState (FollowerState.java:run(117)) - 10709bda-d4dc-4a9c-9e19-12e8b772be2f@group-3F44BD8069CF-FollowerState was interrupted: java.lang.InterruptedException: sleep interrupted
2019-10-16 22:21:26,105 [grpc-default-executor-9] INFO  impl.RoleInfo (RoleInfo.java:updateAndGet(143)) - 10709bda-d4dc-4a9c-9e19-12e8b772be2f: start FollowerState
2019-10-16 22:21:26,121 [80429b0a-59fd-4cc1-aa54-c7e113f2fc75@group-3F44BD8069CF-LeaderElection47] INFO  impl.LeaderElection (LeaderElection.java:logAndReturn(56)) - 80429b0a-59fd-4cc1-aa54-c7e113f2fc75@group-3F44BD8069CF-LeaderElection47: Election REJECTED; received 2 response(s) [80429b0a-59fd-4cc1-aa54-c7e113f2fc75<-10709bda-d4dc-4a9c-9e19-12e8b772be2f#0:FAIL-t43, 80429b0a-59fd-4cc1-aa54-c7e113f2fc75<-eb983093-91d2-4010-938b-148522e57322#0:FAIL-t43] and 0 exception(s); 80429b0a-59fd-4cc1-aa54-c7e113f2fc75@group-3F44BD8069CF:t43, leader=null, voted=80429b0a-59fd-4cc1-aa54-c7e113f2fc75, raftlog=80429b0a-59fd-4cc1-aa54-c7e113f2fc75@group-3F44BD8069CF-SegmentedRaftLog:OPENED:c-1,f-1,i0, conf=-1: [80429b0a-59fd-4cc1-aa54-c7e113f2fc75:192.168.34.38:36487, 10709bda-d4dc-4a9c-9e19-12e8b772be2f:192.168.34.38:34412, eb983093-91d2-4010-938b-148522e57322:192.168.34.38:40909], old=null
2019-10-16 22:21:26,122 [80429b0a-59fd-4cc1-aa54-c7e113f2fc75@group-3F44BD8069CF-LeaderElection47] INFO  impl.RaftServerImpl (RaftServerImpl.java:setRole(184)) - 80429b0a-59fd-4cc1-aa54-c7e113f2fc75@group-3F44BD8069CF: changes role from CANDIDATE to FOLLOWER at term 43 for DISCOVERED_A_NEW_TERM
2019-10-16 22:21:26,122 [80429b0a-59fd-4cc1-aa54-c7e113f2fc75@group-3F44BD8069CF-LeaderElection47] INFO  impl.RoleInfo (RoleInfo.java:shutdownLeaderElection(134)) - 80429b0a-59fd-4cc1-aa54-c7e113f2fc75: shutdown LeaderElection
2019-10-16 22:21:26,122 [80429b0a-59fd-4cc1-aa54-c7e113f2fc75@group-3F44BD8069CF-LeaderElection47] INFO  impl.RoleInfo (RoleInfo.java:updateAndGet(143)) - 80429b0a-59fd-4cc1-aa54-c7e113f2fc75: start FollowerState
2019-10-16 22:21:26,216 [Thread-886] INFO  impl.FollowerState (FollowerState.java:run(108)) - 80429b0a-59fd-4cc1-aa54-c7e113f2fc75@group-3F44BD8069CF-FollowerState: change to CANDIDATE, lastRpcTime:94ms, electionTimeout:94ms
2019-10-16 22:21:26,217 [Thread-886] INFO  impl.RoleInfo (RoleInfo.java:shutdownFollowerState(121)) - 80429b0a-59fd-4cc1-aa54-c7e113f2fc75: shutdown FollowerState
2019-10-16 22:21:26,217 [Thread-886] INFO  impl.RaftServerImpl (RaftServerImpl.java:setRole(184)) - 80429b0a-59fd-4cc1-aa54-c7e113f2fc75@group-3F44BD8069CF: changes role from  FOLLOWER to CANDIDATE at term 43 for changeToCandidate
2019-10-16 22:21:26,217 [Thread-886] INFO  impl.RoleInfo (RoleInfo.java:updateAndGet(143)) - 80429b0a-59fd-4cc1-aa54-c7e113f2fc75: start LeaderElection
2019-10-16 22:21:26,231 [80429b0a-59fd-4cc1-aa54-c7e113f2fc75@group-3F44BD8069CF-LeaderElection48] INFO  impl.LeaderElection (LeaderElection.java:askForVotes(178)) - 80429b0a-59fd-4cc1-aa54-c7e113f2fc75@group-3F44BD8069CF-LeaderElection48: begin an election at term 44 for -1: [80429b0a-59fd-4cc1-aa54-c7e113f2fc75:192.168.34.38:36487, 10709bda-d4dc-4a9c-9e19-12e8b772be2f:192.168.34.38:34412, eb983093-91d2-4010-938b-148522e57322:192.168.34.38:40909], old=null
2019-10-16 22:21:26,233 [grpc-default-executor-11] INFO  impl.RaftServerImpl (RaftServerImpl.java:setRole(184)) - 10709bda-d4dc-4a9c-9e19-12e8b772be2f@group-3F44BD8069CF: changes role from  FOLLOWER to FOLLOWER at term 44 for recognizeCandidate:80429b0a-59fd-4cc1-aa54-c7e113f2fc75
2019-10-16 22:21:26,234 [grpc-default-executor-11] INFO  impl.RoleInfo (RoleInfo.java:shutdownFollowerState(121)) - 10709bda-d4dc-4a9c-9e19-12e8b772be2f: shutdown FollowerState
2019-10-16 22:21:26,234 [grpc-default-executor-9] INFO  impl.RaftServerImpl (RaftServerImpl.java:setRole(184)) - eb983093-91d2-4010-938b-148522e57322@group-3F44BD8069CF: changes role from  FOLLOWER to FOLLOWER at term 44 for recognizeCandidate:80429b0a-59fd-4cc1-aa54-c7e113f2fc75
2019-10-16 22:21:26,234 [Thread-885] INFO  impl.FollowerState (FollowerState.java:run(117)) - 10709bda-d4dc-4a9c-9e19-12e8b772be2f@group-3F44BD8069CF-FollowerState was interrupted: java.lang.InterruptedException: sleep interrupted
2019-10-16 22:21:26,234 [grpc-default-executor-11] INFO  impl.RoleInfo (RoleInfo.java:updateAndGet(143)) - 10709bda-d4dc-4a9c-9e19-12e8b772be2f: start FollowerState
2019-10-16 22:21:26,234 [grpc-default-executor-9] INFO  impl.RoleInfo (RoleInfo.java:shutdownFollowerState(121)) - eb983093-91d2-4010-938b-148522e57322: shutdown FollowerState
2019-10-16 22:21:26,235 [grpc-default-executor-9] INFO  impl.RoleInfo (RoleInfo.java:updateAndGet(143)) - eb983093-91d2-4010-938b-148522e57322: start FollowerState
2019-10-16 22:21:26,235 [Thread-884] INFO  impl.FollowerState (FollowerState.java:run(117)) - eb983093-91d2-4010-938b-148522e57322@group-3F44BD8069CF-FollowerState was interrupted: java.lang.InterruptedException: sleep interrupted
2019-10-16 22:21:26,256 [80429b0a-59fd-4cc1-aa54-c7e113f2fc75@group-3F44BD8069CF-LeaderElection48] INFO  impl.LeaderElection (LeaderElection.java:logAndReturn(56)) - 80429b0a-59fd-4cc1-aa54-c7e113f2fc75@group-3F44BD8069CF-LeaderElection48: Election REJECTED; received 2 response(s) [80429b0a-59fd-4cc1-aa54-c7e113f2fc75<-10709bda-d4dc-4a9c-9e19-12e8b772be2f#0:FAIL-t44, 80429b0a-59fd-4cc1-aa54-c7e113f2fc75<-eb983093-91d2-4010-938b-148522e57322#0:FAIL-t44] and 0 exception(s); 80429b0a-59fd-4cc1-aa54-c7e113f2fc75@group-3F44BD8069CF:t44, leader=null, voted=80429b0a-59fd-4cc1-aa54-c7e113f2fc75, raftlog=80429b0a-59fd-4cc1-aa54-c7e113f2fc75@group-3F44BD8069CF-SegmentedRaftLog:OPENED:c-1,f-1,i0, conf=-1: [80429b0a-59fd-4cc1-aa54-c7e113f2fc75:192.168.34.38:36487, 10709bda-d4dc-4a9c-9e19-12e8b772be2f:192.168.34.38:34412, eb983093-91d2-4010-938b-148522e57322:192.168.34.38:40909], old=null
2019-10-16 22:21:26,257 [80429b0a-59fd-4cc1-aa54-c7e113f2fc75@group-3F44BD8069CF-LeaderElection48] INFO  impl.RaftServerImpl (RaftServerImpl.java:setRole(184)) - 80429b0a-59fd-4cc1-aa54-c7e113f2fc75@group-3F44BD8069CF: changes role from CANDIDATE to FOLLOWER at term 44 for DISCOVERED_A_NEW_TERM
2019-10-16 22:21:26,257 [80429b0a-59fd-4cc1-aa54-c7e113f2fc75@group-3F44BD8069CF-LeaderElection48] INFO  impl.RoleInfo (RoleInfo.java:shutdownLeaderElection(134)) - 80429b0a-59fd-4cc1-aa54-c7e113f2fc75: shutdown LeaderElection
2019-10-16 22:21:26,257 [80429b0a-59fd-4cc1-aa54-c7e113f2fc75@group-3F44BD8069CF-LeaderElection48] INFO  impl.RoleInfo (RoleInfo.java:updateAndGet(143)) - 80429b0a-59fd-4cc1-aa54-c7e113f2fc75: start FollowerState
2019-10-16 22:21:26,262 [Thread-892] INFO  impl.FollowerState (FollowerState.java:run(108)) - 80429b0a-59fd-4cc1-aa54-c7e113f2fc75@group-3F44BD8069CF-FollowerState: change to CANDIDATE, lastRpcTime:5ms, electionTimeout:5ms
2019-10-16 22:21:26,262 [Thread-892] INFO  impl.RoleInfo (RoleInfo.java:shutdownFollowerState(121)) - 80429b0a-59fd-4cc1-aa54-c7e113f2fc75: shutdown FollowerState
2019-10-16 22:21:26,263 [Thread-892] INFO  impl.RaftServerImpl (RaftServerImpl.java:setRole(184)) - 80429b0a-59fd-4cc1-aa54-c7e113f2fc75@group-3F44BD8069CF: changes role from  FOLLOWER to CANDIDATE at term 44 for changeToCandidate
2019-10-16 22:21:26,263 [Thread-892] INFO  impl.RoleInfo (RoleInfo.java:updateAndGet(143)) - 80429b0a-59fd-4cc1-aa54-c7e113f2fc75: start LeaderElection
2019-10-16 22:21:26,275 [80429b0a-59fd-4cc1-aa54-c7e113f2fc75@group-3F44BD8069CF-LeaderElection49] INFO  impl.LeaderElection (LeaderElection.java:askForVotes(178)) - 80429b0a-59fd-4cc1-aa54-c7e113f2fc75@group-3F44BD8069CF-LeaderElection49: begin an election at term 45 for -1: [80429b0a-59fd-4cc1-aa54-c7e113f2fc75:192.168.34.38:36487, 10709bda-d4dc-4a9c-9e19-12e8b772be2f:192.168.34.38:34412, eb983093-91d2-4010-938b-148522e57322:192.168.34.38:40909], old=null
2019-10-16 22:21:26,278 [grpc-default-executor-11] INFO  impl.RaftServerImpl (RaftServerImpl.java:setRole(184)) - eb983093-91d2-4010-938b-148522e57322@group-3F44BD8069CF: changes role from  FOLLOWER to FOLLOWER at term 45 for recognizeCandidate:80429b0a-59fd-4cc1-aa54-c7e113f2fc75
2019-10-16 22:21:26,278 [grpc-default-executor-9] INFO  impl.RaftServerImpl (RaftServerImpl.java:setRole(184)) - 10709bda-d4dc-4a9c-9e19-12e8b772be2f@group-3F44BD8069CF: changes role from  FOLLOWER to FOLLOWER at term 45 for recognizeCandidate:80429b0a-59fd-4cc1-aa54-c7e113f2fc75
2019-10-16 22:21:26,279 [grpc-default-executor-11] INFO  impl.RoleInfo (RoleInfo.java:shutdownFollowerState(121)) - eb983093-91d2-4010-938b-148522e57322: shutdown FollowerState
2019-10-16 22:21:26,279 [grpc-default-executor-9] INFO  impl.RoleInfo (RoleInfo.java:shutdownFollowerState(121)) - 10709bda-d4dc-4a9c-9e19-12e8b772be2f: shutdown FollowerState
2019-10-16 22:21:26,279 [Thread-891] INFO  impl.FollowerState (FollowerState.java:run(117)) - eb983093-91d2-4010-938b-148522e57322@group-3F44BD8069CF-FollowerState was interrupted: java.lang.InterruptedException: sleep interrupted
2019-10-16 22:21:26,279 [grpc-default-executor-11] INFO  impl.RoleInfo (RoleInfo.java:updateAndGet(143)) - eb983093-91d2-4010-938b-148522e57322: start FollowerState
2019-10-16 22:21:26,279 [Thread-890] INFO  impl.FollowerState (FollowerState.java:run(117)) - 10709bda-d4dc-4a9c-9e19-12e8b772be2f@group-3F44BD8069CF-FollowerState was interrupted: java.lang.InterruptedException: sleep interrupted
2019-10-16 22:21:26,279 [grpc-default-executor-9] INFO  impl.RoleInfo (RoleInfo.java:updateAndGet(143)) - 10709bda-d4dc-4a9c-9e19-12e8b772be2f: start FollowerState
2019-10-16 22:21:26,293 [80429b0a-59fd-4cc1-aa54-c7e113f2fc75@group-3F44BD8069CF-LeaderElection49] INFO  impl.LeaderElection (LeaderElection.java:logAndReturn(56)) - 80429b0a-59fd-4cc1-aa54-c7e113f2fc75@group-3F44BD8069CF-LeaderElection49: Election REJECTED; received 2 response(s) [80429b0a-59fd-4cc1-aa54-c7e113f2fc75<-10709bda-d4dc-4a9c-9e19-12e8b772be2f#0:FAIL-t45, 80429b0a-59fd-4cc1-aa54-c7e113f2fc75<-eb983093-91d2-4010-938b-148522e57322#0:FAIL-t45] and 0 exception(s); 80429b0a-59fd-4cc1-aa54-c7e113f2fc75@group-3F44BD8069CF:t45, leader=null, voted=80429b0a-59fd-4cc1-aa54-c7e113f2fc75, raftlog=80429b0a-59fd-4cc1-aa54-c7e113f2fc75@group-3F44BD8069CF-SegmentedRaftLog:OPENED:c-1,f-1,i0, conf=-1: [80429b0a-59fd-4cc1-aa54-c7e113f2fc75:192.168.34.38:36487, 10709bda-d4dc-4a9c-9e19-12e8b772be2f:192.168.34.38:34412, eb983093-91d2-4010-938b-148522e57322:192.168.34.38:40909], old=null
2019-10-16 22:21:26,294 [80429b0a-59fd-4cc1-aa54-c7e113f2fc75@group-3F44BD8069CF-LeaderElection49] INFO  impl.RaftServerImpl (RaftServerImpl.java:setRole(184)) - 80429b0a-59fd-4cc1-aa54-c7e113f2fc75@group-3F44BD8069CF: changes role from CANDIDATE to FOLLOWER at term 45 for DISCOVERED_A_NEW_TERM
2019-10-16 22:21:26,294 [80429b0a-59fd-4cc1-aa54-c7e113f2fc75@group-3F44BD8069CF-LeaderElection49] INFO  impl.RoleInfo (RoleInfo.java:shutdownLeaderElection(134)) - 80429b0a-59fd-4cc1-aa54-c7e113f2fc75: shutdown LeaderElection
2019-10-16 22:21:26,294 [80429b0a-59fd-4cc1-aa54-c7e113f2fc75@group-3F44BD8069CF-LeaderElection49] INFO  impl.RoleInfo (RoleInfo.java:updateAndGet(143)) - 80429b0a-59fd-4cc1-aa54-c7e113f2fc75: start FollowerState
2019-10-16 22:21:26,397 [Thread-898] INFO  impl.FollowerState (FollowerState.java:run(108)) - 80429b0a-59fd-4cc1-aa54-c7e113f2fc75@group-3F44BD8069CF-FollowerState: change to CANDIDATE, lastRpcTime:103ms, electionTimeout:103ms
2019-10-16 22:21:26,398 [Thread-898] INFO  impl.RoleInfo (RoleInfo.java:shutdownFollowerState(121)) - 80429b0a-59fd-4cc1-aa54-c7e113f2fc75: shutdown FollowerState
2019-10-16 22:21:26,398 [Thread-898] INFO  impl.RaftServerImpl (RaftServerImpl.java:setRole(184)) - 80429b0a-59fd-4cc1-aa54-c7e113f2fc75@group-3F44BD8069CF: changes role from  FOLLOWER to CANDIDATE at term 45 for changeToCandidate
2019-10-16 22:21:26,398 [Thread-898] INFO  impl.RoleInfo (RoleInfo.java:updateAndGet(143)) - 80429b0a-59fd-4cc1-aa54-c7e113f2fc75: start LeaderElection
2019-10-16 22:21:26,404 [80429b0a-59fd-4cc1-aa54-c7e113f2fc75@group-3F44BD8069CF-LeaderElection50] INFO  impl.LeaderElection (LeaderElection.java:askForVotes(178)) - 80429b0a-59fd-4cc1-aa54-c7e113f2fc75@group-3F44BD8069CF-LeaderElection50: begin an election at term 46 for -1: [80429b0a-59fd-4cc1-aa54-c7e113f2fc75:192.168.34.38:36487, 10709bda-d4dc-4a9c-9e19-12e8b772be2f:192.168.34.38:34412, eb983093-91d2-4010-938b-148522e57322:192.168.34.38:40909], old=null
2019-10-16 22:21:26,408 [grpc-default-executor-11] INFO  impl.RaftServerImpl (RaftServerImpl.java:setRole(184)) - eb983093-91d2-4010-938b-148522e57322@group-3F44BD8069CF: changes role from  FOLLOWER to FOLLOWER at term 46 for recognizeCandidate:80429b0a-59fd-4cc1-aa54-c7e113f2fc75
2019-10-16 22:21:26,408 [grpc-default-executor-9] INFO  impl.RaftServerImpl (RaftServerImpl.java:setRole(184)) - 10709bda-d4dc-4a9c-9e19-12e8b772be2f@group-3F44BD8069CF: changes role from  FOLLOWER to FOLLOWER at term 46 for recognizeCandidate:80429b0a-59fd-4cc1-aa54-c7e113f2fc75
2019-10-16 22:21:26,409 [grpc-default-executor-11] INFO  impl.RoleInfo (RoleInfo.java:shutdownFollowerState(121)) - eb983093-91d2-4010-938b-148522e57322: shutdown FollowerState
2019-10-16 22:21:26,409 [grpc-default-executor-9] INFO  impl.RoleInfo (RoleInfo.java:shutdownFollowerState(121)) - 10709bda-d4dc-4a9c-9e19-12e8b772be2f: shutdown FollowerState
2019-10-16 22:21:26,409 [Thread-896] INFO  impl.FollowerState (FollowerState.java:run(117)) - eb983093-91d2-4010-938b-148522e57322@group-3F44BD8069CF-FollowerState was interrupted: java.lang.InterruptedException: sleep interrupted
2019-10-16 22:21:26,409 [grpc-default-executor-11] INFO  impl.RoleInfo (RoleInfo.java:updateAndGet(143)) - eb983093-91d2-4010-938b-148522e57322: start FollowerState
2019-10-16 22:21:26,409 [grpc-default-executor-9] INFO  impl.RoleInfo (RoleInfo.java:updateAndGet(143)) - 10709bda-d4dc-4a9c-9e19-12e8b772be2f: start FollowerState
2019-10-16 22:21:26,409 [Thread-897] INFO  impl.FollowerState (FollowerState.java:run(117)) - 10709bda-d4dc-4a9c-9e19-12e8b772be2f@group-3F44BD8069CF-FollowerState was interrupted: java.lang.InterruptedException: sleep interrupted
2019-10-16 22:21:26,415 [80429b0a-59fd-4cc1-aa54-c7e113f2fc75@group-3F44BD8069CF-LeaderElection50] INFO  impl.LeaderElection (LeaderElection.java:logAndReturn(56)) - 80429b0a-59fd-4cc1-aa54-c7e113f2fc75@group-3F44BD8069CF-LeaderElection50: Election REJECTED; received 2 response(s) [80429b0a-59fd-4cc1-aa54-c7e113f2fc75<-10709bda-d4dc-4a9c-9e19-12e8b772be2f#0:FAIL-t46, 80429b0a-59fd-4cc1-aa54-c7e113f2fc75<-eb983093-91d2-4010-938b-148522e57322#0:FAIL-t46] and 0 exception(s); 80429b0a-59fd-4cc1-aa54-c7e113f2fc75@group-3F44BD8069CF:t46, leader=null, voted=80429b0a-59fd-4cc1-aa54-c7e113f2fc75, raftlog=80429b0a-59fd-4cc1-aa54-c7e113f2fc75@group-3F44BD8069CF-SegmentedRaftLog:OPENED:c-1,f-1,i0, conf=-1: [80429b0a-59fd-4cc1-aa54-c7e113f2fc75:192.168.34.38:36487, 10709bda-d4dc-4a9c-9e19-12e8b772be2f:192.168.34.38:34412, eb983093-91d2-4010-938b-148522e57322:192.168.34.38:40909], old=null
2019-10-16 22:21:26,415 [80429b0a-59fd-4cc1-aa54-c7e113f2fc75@group-3F44BD8069CF-LeaderElection50] INFO  impl.RaftServerImpl (RaftServerImpl.java:setRole(184)) - 80429b0a-59fd-4cc1-aa54-c7e113f2fc75@group-3F44BD8069CF: changes role from CANDIDATE to FOLLOWER at term 46 for DISCOVERED_A_NEW_TERM
2019-10-16 22:21:26,415 [80429b0a-59fd-4cc1-aa54-c7e113f2fc75@group-3F44BD8069CF-LeaderElection50] INFO  impl.RoleInfo (RoleInfo.java:shutdownLeaderElection(134)) - 80429b0a-59fd-4cc1-aa54-c7e113f2fc75: shutdown LeaderElection
2019-10-16 22:21:26,416 [80429b0a-59fd-4cc1-aa54-c7e113f2fc75@group-3F44BD8069CF-LeaderElection50] INFO  impl.RoleInfo (RoleInfo.java:updateAndGet(143)) - 80429b0a-59fd-4cc1-aa54-c7e113f2fc75: start FollowerState
2019-10-16 22:21:26,438 [Thread-904] INFO  impl.FollowerState (FollowerState.java:run(108)) - 80429b0a-59fd-4cc1-aa54-c7e113f2fc75@group-3F44BD8069CF-FollowerState: change to CANDIDATE, lastRpcTime:22ms, electionTimeout:22ms
2019-10-16 22:21:26,438 [Thread-904] INFO  impl.RoleInfo (RoleInfo.java:shutdownFollowerState(121)) - 80429b0a-59fd-4cc1-aa54-c7e113f2fc75: shutdown FollowerState
2019-10-16 22:21:26,438 [Thread-904] INFO  impl.RaftServerImpl (RaftServerImpl.java:setRole(184)) - 80429b0a-59fd-4cc1-aa54-c7e113f2fc75@group-3F44BD8069CF: changes role from  FOLLOWER to CANDIDATE at term 46 for changeToCandidate
2019-10-16 22:21:26,439 [Thread-904] INFO  impl.RoleInfo (RoleInfo.java:updateAndGet(143)) - 80429b0a-59fd-4cc1-aa54-c7e113f2fc75: start LeaderElection
2019-10-16 22:21:26,443 [80429b0a-59fd-4cc1-aa54-c7e113f2fc75@group-3F44BD8069CF-LeaderElection51] INFO  impl.LeaderElection (LeaderElection.java:askForVotes(178)) - 80429b0a-59fd-4cc1-aa54-c7e113f2fc75@group-3F44BD8069CF-LeaderElection51: begin an election at term 47 for -1: [80429b0a-59fd-4cc1-aa54-c7e113f2fc75:192.168.34.38:36487, 10709bda-d4dc-4a9c-9e19-12e8b772be2f:192.168.34.38:34412, eb983093-91d2-4010-938b-148522e57322:192.168.34.38:40909], old=null
2019-10-16 22:21:26,446 [grpc-default-executor-9] INFO  impl.RaftServerImpl (RaftServerImpl.java:setRole(184)) - 10709bda-d4dc-4a9c-9e19-12e8b772be2f@group-3F44BD8069CF: changes role from  FOLLOWER to FOLLOWER at term 47 for recognizeCandidate:80429b0a-59fd-4cc1-aa54-c7e113f2fc75
2019-10-16 22:21:26,446 [grpc-default-executor-9] INFO  impl.RoleInfo (RoleInfo.java:shutdownFollowerState(121)) - 10709bda-d4dc-4a9c-9e19-12e8b772be2f: shutdown FollowerState
2019-10-16 22:21:26,446 [grpc-default-executor-9] INFO  impl.RoleInfo (RoleInfo.java:updateAndGet(143)) - 10709bda-d4dc-4a9c-9e19-12e8b772be2f: start FollowerState
2019-10-16 22:21:26,446 [Thread-903] INFO  impl.FollowerState (FollowerState.java:run(117)) - 10709bda-d4dc-4a9c-9e19-12e8b772be2f@group-3F44BD8069CF-FollowerState was interrupted: java.lang.InterruptedException: sleep interrupted
2019-10-16 22:21:26,447 [grpc-default-executor-11] INFO  impl.RaftServerImpl (RaftServerImpl.java:setRole(184)) - eb983093-91d2-4010-938b-148522e57322@group-3F44BD8069CF: changes role from  FOLLOWER to FOLLOWER at term 47 for recognizeCandidate:80429b0a-59fd-4cc1-aa54-c7e113f2fc75
2019-10-16 22:21:26,447 [grpc-default-executor-11] INFO  impl.RoleInfo (RoleInfo.java:shutdownFollowerState(121)) - eb983093-91d2-4010-938b-148522e57322: shutdown FollowerState
2019-10-16 22:21:26,447 [grpc-default-executor-11] INFO  impl.RoleInfo (RoleInfo.java:updateAndGet(143)) - eb983093-91d2-4010-938b-148522e57322: start FollowerState
2019-10-16 22:21:26,447 [Thread-902] INFO  impl.FollowerState (FollowerState.java:run(117)) - eb983093-91d2-4010-938b-148522e57322@group-3F44BD8069CF-FollowerState was interrupted: java.lang.InterruptedException: sleep interrupted
2019-10-16 22:21:26,454 [80429b0a-59fd-4cc1-aa54-c7e113f2fc75@group-3F44BD8069CF-LeaderElection51] INFO  impl.LeaderElection (LeaderElection.java:logAndReturn(56)) - 80429b0a-59fd-4cc1-aa54-c7e113f2fc75@group-3F44BD8069CF-LeaderElection51: Election REJECTED; received 2 response(s) [80429b0a-59fd-4cc1-aa54-c7e113f2fc75<-10709bda-d4dc-4a9c-9e19-12e8b772be2f#0:FAIL-t47, 80429b0a-59fd-4cc1-aa54-c7e113f2fc75<-eb983093-91d2-4010-938b-148522e57322#0:FAIL-t47] and 0 exception(s); 80429b0a-59fd-4cc1-aa54-c7e113f2fc75@group-3F44BD8069CF:t47, leader=null, voted=80429b0a-59fd-4cc1-aa54-c7e113f2fc75, raftlog=80429b0a-59fd-4cc1-aa54-c7e113f2fc75@group-3F44BD8069CF-SegmentedRaftLog:OPENED:c-1,f-1,i0, conf=-1: [80429b0a-59fd-4cc1-aa54-c7e113f2fc75:192.168.34.38:36487, 10709bda-d4dc-4a9c-9e19-12e8b772be2f:192.168.34.38:34412, eb983093-91d2-4010-938b-148522e57322:192.168.34.38:40909], old=null
2019-10-16 22:21:26,454 [80429b0a-59fd-4cc1-aa54-c7e113f2fc75@group-3F44BD8069CF-LeaderElection51] INFO  impl.RaftServerImpl (RaftServerImpl.java:setRole(184)) - 80429b0a-59fd-4cc1-aa54-c7e113f2fc75@group-3F44BD8069CF: changes role from CANDIDATE to FOLLOWER at term 47 for DISCOVERED_A_NEW_TERM
2019-10-16 22:21:26,454 [80429b0a-59fd-4cc1-aa54-c7e113f2fc75@group-3F44BD8069CF-LeaderElection51] INFO  impl.RoleInfo (RoleInfo.java:shutdownLeaderElection(134)) - 80429b0a-59fd-4cc1-aa54-c7e113f2fc75: shutdown LeaderElection
2019-10-16 22:21:26,454 [80429b0a-59fd-4cc1-aa54-c7e113f2fc75@group-3F44BD8069CF-LeaderElection51] INFO  impl.RoleInfo (RoleInfo.java:updateAndGet(143)) - 80429b0a-59fd-4cc1-aa54-c7e113f2fc75: start FollowerState
2019-10-16 22:21:26,468 [Thread-910] INFO  impl.FollowerState (FollowerState.java:run(108)) - 80429b0a-59fd-4cc1-aa54-c7e113f2fc75@group-3F44BD8069CF-FollowerState: change to CANDIDATE, lastRpcTime:13ms, electionTimeout:13ms
2019-10-16 22:21:26,468 [Thread-910] INFO  impl.RoleInfo (RoleInfo.java:shutdownFollowerState(121)) - 80429b0a-59fd-4cc1-aa54-c7e113f2fc75: shutdown FollowerState
2019-10-16 22:21:26,468 [Thread-910] INFO  impl.RaftServerImpl (RaftServerImpl.java:setRole(184)) - 80429b0a-59fd-4cc1-aa54-c7e113f2fc75@group-3F44BD8069CF: changes role from  FOLLOWER to CANDIDATE at term 47 for changeToCandidate
2019-10-16 22:21:26,468 [Thread-910] INFO  impl.RoleInfo (RoleInfo.java:updateAndGet(143)) - 80429b0a-59fd-4cc1-aa54-c7e113f2fc75: start LeaderElection
2019-10-16 22:21:26,473 [80429b0a-59fd-4cc1-aa54-c7e113f2fc75@group-3F44BD8069CF-LeaderElection52] INFO  impl.LeaderElection (LeaderElection.java:askForVotes(178)) - 80429b0a-59fd-4cc1-aa54-c7e113f2fc75@group-3F44BD8069CF-LeaderElection52: begin an election at term 48 for -1: [80429b0a-59fd-4cc1-aa54-c7e113f2fc75:192.168.34.38:36487, 10709bda-d4dc-4a9c-9e19-12e8b772be2f:192.168.34.38:34412, eb983093-91d2-4010-938b-148522e57322:192.168.34.38:40909], old=null
2019-10-16 22:21:26,475 [grpc-default-executor-9] INFO  impl.RaftServerImpl (RaftServerImpl.java:setRole(184)) - 10709bda-d4dc-4a9c-9e19-12e8b772be2f@group-3F44BD8069CF: changes role from  FOLLOWER to FOLLOWER at term 48 for recognizeCandidate:80429b0a-59fd-4cc1-aa54-c7e113f2fc75
2019-10-16 22:21:26,475 [grpc-default-executor-11] INFO  impl.RaftServerImpl (RaftServerImpl.java:setRole(184)) - eb983093-91d2-4010-938b-148522e57322@group-3F44BD8069CF: changes role from  FOLLOWER to FOLLOWER at term 48 for recognizeCandidate:80429b0a-59fd-4cc1-aa54-c7e113f2fc75
2019-10-16 22:21:26,475 [grpc-default-executor-9] INFO  impl.RoleInfo (RoleInfo.java:shutdownFollowerState(121)) - 10709bda-d4dc-4a9c-9e19-12e8b772be2f: shutdown FollowerState
2019-10-16 22:21:26,475 [grpc-default-executor-11] INFO  impl.RoleInfo (RoleInfo.java:shutdownFollowerState(121)) - eb983093-91d2-4010-938b-148522e57322: shutdown FollowerState
2019-10-16 22:21:26,475 [80429b0a-59fd-4cc1-aa54-c7e113f2fc75@group-3F44BD8069CF-LeaderElection52] INFO  impl.LeaderElection (LeaderElection.java:logAndReturn(56)) - 80429b0a-59fd-4cc1-aa54-c7e113f2fc75@group-3F44BD8069CF-LeaderElection52: Election TIMEOUT; received 0 response(s) [] and 0 exception(s); 80429b0a-59fd-4cc1-aa54-c7e113f2fc75@group-3F44BD8069CF:t48, leader=null, voted=80429b0a-59fd-4cc1-aa54-c7e113f2fc75, raftlog=80429b0a-59fd-4cc1-aa54-c7e113f2fc75@group-3F44BD8069CF-SegmentedRaftLog:OPENED:c-1,f-1,i0, conf=-1: [80429b0a-59fd-4cc1-aa54-c7e113f2fc75:192.168.34.38:36487, 10709bda-d4dc-4a9c-9e19-12e8b772be2f:192.168.34.38:34412, eb983093-91d2-4010-938b-148522e57322:192.168.34.38:40909], old=null
2019-10-16 22:21:26,476 [Thread-909] INFO  impl.FollowerState (FollowerState.java:run(117)) - eb983093-91d2-4010-938b-148522e57322@group-3F44BD8069CF-FollowerState was interrupted: java.lang.InterruptedException: sleep interrupted
2019-10-16 22:21:26,476 [grpc-default-executor-11] INFO  impl.RoleInfo (RoleInfo.java:updateAndGet(143)) - eb983093-91d2-4010-938b-148522e57322: start FollowerState
2019-10-16 22:21:26,476 [Thread-908] INFO  impl.FollowerState (FollowerState.java:run(117)) - 10709bda-d4dc-4a9c-9e19-12e8b772be2f@group-3F44BD8069CF-FollowerState was interrupted: java.lang.InterruptedException: sleep interrupted
2019-10-16 22:21:26,476 [grpc-default-executor-9] INFO  impl.RoleInfo (RoleInfo.java:updateAndGet(143)) - 10709bda-d4dc-4a9c-9e19-12e8b772be2f: start FollowerState
2019-10-16 22:21:26,494 [80429b0a-59fd-4cc1-aa54-c7e113f2fc75@group-3F44BD8069CF-LeaderElection52] INFO  impl.LeaderElection (LeaderElection.java:askForVotes(178)) - 80429b0a-59fd-4cc1-aa54-c7e113f2fc75@group-3F44BD8069CF-LeaderElection52: begin an election at term 49 for -1: [80429b0a-59fd-4cc1-aa54-c7e113f2fc75:192.168.34.38:36487, 10709bda-d4dc-4a9c-9e19-12e8b772be2f:192.168.34.38:34412, eb983093-91d2-4010-938b-148522e57322:192.168.34.38:40909], old=null
2019-10-16 22:21:26,505 [grpc-default-executor-9] INFO  impl.RaftServerImpl (RaftServerImpl.java:setRole(184)) - 10709bda-d4dc-4a9c-9e19-12e8b772be2f@group-3F44BD8069CF: changes role from  FOLLOWER to FOLLOWER at term 49 for recognizeCandidate:80429b0a-59fd-4cc1-aa54-c7e113f2fc75
2019-10-16 22:21:26,505 [grpc-default-executor-9] INFO  impl.RoleInfo (RoleInfo.java:shutdownFollowerState(121)) - 10709bda-d4dc-4a9c-9e19-12e8b772be2f: shutdown FollowerState
2019-10-16 22:21:26,506 [grpc-default-executor-11] INFO  impl.RaftServerImpl (RaftServerImpl.java:setRole(184)) - eb983093-91d2-4010-938b-148522e57322@group-3F44BD8069CF: changes role from  FOLLOWER to FOLLOWER at term 49 for recognizeCandidate:80429b0a-59fd-4cc1-aa54-c7e113f2fc75
2019-10-16 22:21:26,506 [Thread-914] INFO  impl.FollowerState (FollowerState.java:run(117)) - 10709bda-d4dc-4a9c-9e19-12e8b772be2f@group-3F44BD8069CF-FollowerState was interrupted: java.lang.InterruptedException: sleep interrupted
2019-10-16 22:21:26,506 [grpc-default-executor-9] INFO  impl.RoleInfo (RoleInfo.java:updateAndGet(143)) - 10709bda-d4dc-4a9c-9e19-12e8b772be2f: start FollowerState
2019-10-16 22:21:26,506 [grpc-default-executor-11] INFO  impl.RoleInfo (RoleInfo.java:shutdownFollowerState(121)) - eb983093-91d2-4010-938b-148522e57322: shutdown FollowerState
2019-10-16 22:21:26,506 [grpc-default-executor-11] INFO  impl.RoleInfo (RoleInfo.java:updateAndGet(143)) - eb983093-91d2-4010-938b-148522e57322: start FollowerState
2019-10-16 22:21:26,506 [Thread-915] INFO  impl.FollowerState (FollowerState.java:run(117)) - eb983093-91d2-4010-938b-148522e57322@group-3F44BD8069CF-FollowerState was interrupted: java.lang.InterruptedException: sleep interrupted
2019-10-16 22:21:26,527 [80429b0a-59fd-4cc1-aa54-c7e113f2fc75@group-3F44BD8069CF-LeaderElection52] INFO  impl.LeaderElection (LeaderElection.java:logAndReturn(56)) - 80429b0a-59fd-4cc1-aa54-c7e113f2fc75@group-3F44BD8069CF-LeaderElection52: Election TIMEOUT; received 0 response(s) [] and 0 exception(s); 80429b0a-59fd-4cc1-aa54-c7e113f2fc75@group-3F44BD8069CF:t49, leader=null, voted=80429b0a-59fd-4cc1-aa54-c7e113f2fc75, raftlog=80429b0a-59fd-4cc1-aa54-c7e113f2fc75@group-3F44BD8069CF-SegmentedRaftLog:OPENED:c-1,f-1,i0, conf=-1: [80429b0a-59fd-4cc1-aa54-c7e113f2fc75:192.168.34.38:36487, 10709bda-d4dc-4a9c-9e19-12e8b772be2f:192.168.34.38:34412, eb983093-91d2-4010-938b-148522e57322:192.168.34.38:40909], old=null
2019-10-16 22:21:26,534 [80429b0a-59fd-4cc1-aa54-c7e113f2fc75@group-3F44BD8069CF-LeaderElection52] INFO  impl.LeaderElection (LeaderElection.java:askForVotes(178)) - 80429b0a-59fd-4cc1-aa54-c7e113f2fc75@group-3F44BD8069CF-LeaderElection52: begin an election at term 50 for -1: [80429b0a-59fd-4cc1-aa54-c7e113f2fc75:192.168.34.38:36487, 10709bda-d4dc-4a9c-9e19-12e8b772be2f:192.168.34.38:34412, eb983093-91d2-4010-938b-148522e57322:192.168.34.38:40909], old=null
2019-10-16 22:21:26,536 [grpc-default-executor-11] INFO  impl.RaftServerImpl (RaftServerImpl.java:setRole(184)) - 10709bda-d4dc-4a9c-9e19-12e8b772be2f@group-3F44BD8069CF: changes role from  FOLLOWER to FOLLOWER at term 50 for recognizeCandidate:80429b0a-59fd-4cc1-aa54-c7e113f2fc75
2019-10-16 22:21:26,536 [grpc-default-executor-11] INFO  impl.RoleInfo (RoleInfo.java:shutdownFollowerState(121)) - 10709bda-d4dc-4a9c-9e19-12e8b772be2f: shutdown FollowerState
2019-10-16 22:21:26,537 [grpc-default-executor-11] INFO  impl.RoleInfo (RoleInfo.java:updateAndGet(143)) - 10709bda-d4dc-4a9c-9e19-12e8b772be2f: start FollowerState
2019-10-16 22:21:26,537 [grpc-default-executor-9] INFO  impl.RaftServerImpl (RaftServerImpl.java:setRole(184)) - eb983093-91d2-4010-938b-148522e57322@group-3F44BD8069CF: changes role from  FOLLOWER to FOLLOWER at term 50 for recognizeCandidate:80429b0a-59fd-4cc1-aa54-c7e113f2fc75
2019-10-16 22:21:26,537 [Thread-918] INFO  impl.FollowerState (FollowerState.java:run(117)) - 10709bda-d4dc-4a9c-9e19-12e8b772be2f@group-3F44BD8069CF-FollowerState was interrupted: java.lang.InterruptedException: sleep interrupted
2019-10-16 22:21:26,537 [grpc-default-executor-9] INFO  impl.RoleInfo (RoleInfo.java:shutdownFollowerState(121)) - eb983093-91d2-4010-938b-148522e57322: shutdown FollowerState
2019-10-16 22:21:26,537 [grpc-default-executor-9] INFO  impl.RoleInfo (RoleInfo.java:updateAndGet(143)) - eb983093-91d2-4010-938b-148522e57322: start FollowerState
2019-10-16 22:21:26,537 [Thread-919] INFO  impl.FollowerState (FollowerState.java:run(117)) - eb983093-91d2-4010-938b-148522e57322@group-3F44BD8069CF-FollowerState was interrupted: java.lang.InterruptedException: sleep interrupted
2019-10-16 22:21:26,563 [80429b0a-59fd-4cc1-aa54-c7e113f2fc75@group-3F44BD8069CF-LeaderElection52] INFO  impl.LeaderElection (LeaderElection.java:logAndReturn(56)) - 80429b0a-59fd-4cc1-aa54-c7e113f2fc75@group-3F44BD8069CF-LeaderElection52: Election REJECTED; received 2 response(s) [80429b0a-59fd-4cc1-aa54-c7e113f2fc75<-10709bda-d4dc-4a9c-9e19-12e8b772be2f#0:FAIL-t50, 80429b0a-59fd-4cc1-aa54-c7e113f2fc75<-eb983093-91d2-4010-938b-148522e57322#0:FAIL-t50] and 0 exception(s); 80429b0a-59fd-4cc1-aa54-c7e113f2fc75@group-3F44BD8069CF:t50, leader=null, voted=80429b0a-59fd-4cc1-aa54-c7e113f2fc75, raftlog=80429b0a-59fd-4cc1-aa54-c7e113f2fc75@group-3F44BD8069CF-SegmentedRaftLog:OPENED:c-1,f-1,i0, conf=-1: [80429b0a-59fd-4cc1-aa54-c7e113f2fc75:192.168.34.38:36487, 10709bda-d4dc-4a9c-9e19-12e8b772be2f:192.168.34.38:34412, eb983093-91d2-4010-938b-148522e57322:192.168.34.38:40909], old=null
2019-10-16 22:21:26,564 [80429b0a-59fd-4cc1-aa54-c7e113f2fc75@group-3F44BD8069CF-LeaderElection52] INFO  impl.RaftServerImpl (RaftServerImpl.java:setRole(184)) - 80429b0a-59fd-4cc1-aa54-c7e113f2fc75@group-3F44BD8069CF: changes role from CANDIDATE to FOLLOWER at term 50 for DISCOVERED_A_NEW_TERM
2019-10-16 22:21:26,564 [80429b0a-59fd-4cc1-aa54-c7e113f2fc75@group-3F44BD8069CF-LeaderElection52] INFO  impl.RoleInfo (RoleInfo.java:shutdownLeaderElection(134)) - 80429b0a-59fd-4cc1-aa54-c7e113f2fc75: shutdown LeaderElection
2019-10-16 22:21:26,564 [80429b0a-59fd-4cc1-aa54-c7e113f2fc75@group-3F44BD8069CF-LeaderElection52] INFO  impl.RoleInfo (RoleInfo.java:updateAndGet(143)) - 80429b0a-59fd-4cc1-aa54-c7e113f2fc75: start FollowerState
2019-10-16 22:21:26,753 [Thread-924] INFO  impl.FollowerState (FollowerState.java:run(108)) - 80429b0a-59fd-4cc1-aa54-c7e113f2fc75@group-3F44BD8069CF-FollowerState: change to CANDIDATE, lastRpcTime:189ms, electionTimeout:189ms
2019-10-16 22:21:26,754 [Thread-924] INFO  impl.RoleInfo (RoleInfo.java:shutdownFollowerState(121)) - 80429b0a-59fd-4cc1-aa54-c7e113f2fc75: shutdown FollowerState
2019-10-16 22:21:26,754 [Thread-924] INFO  impl.RaftServerImpl (RaftServerImpl.java:setRole(184)) - 80429b0a-59fd-4cc1-aa54-c7e113f2fc75@group-3F44BD8069CF: changes role from  FOLLOWER to CANDIDATE at term 50 for changeToCandidate
2019-10-16 22:21:26,754 [Thread-924] INFO  impl.RoleInfo (RoleInfo.java:updateAndGet(143)) - 80429b0a-59fd-4cc1-aa54-c7e113f2fc75: start LeaderElection
2019-10-16 22:21:26,796 [80429b0a-59fd-4cc1-aa54-c7e113f2fc75@group-3F44BD8069CF-LeaderElection53] INFO  impl.LeaderElection (LeaderElection.java:askForVotes(178)) - 80429b0a-59fd-4cc1-aa54-c7e113f2fc75@group-3F44BD8069CF-LeaderElection53: begin an election at term 51 for -1: [80429b0a-59fd-4cc1-aa54-c7e113f2fc75:192.168.34.38:36487, 10709bda-d4dc-4a9c-9e19-12e8b772be2f:192.168.34.38:34412, eb983093-91d2-4010-938b-148522e57322:192.168.34.38:40909], old=null
2019-10-16 22:21:26,798 [grpc-default-executor-11] INFO  impl.RaftServerImpl (RaftServerImpl.java:setRole(184)) - 10709bda-d4dc-4a9c-9e19-12e8b772be2f@group-3F44BD8069CF: changes role from  FOLLOWER to FOLLOWER at term 51 for recognizeCandidate:80429b0a-59fd-4cc1-aa54-c7e113f2fc75
2019-10-16 22:21:26,798 [grpc-default-executor-11] INFO  impl.RoleInfo (RoleInfo.java:shutdownFollowerState(121)) - 10709bda-d4dc-4a9c-9e19-12e8b772be2f: shutdown FollowerState
2019-10-16 22:21:26,799 [grpc-default-executor-11] INFO  impl.RoleInfo (RoleInfo.java:updateAndGet(143)) - 10709bda-d4dc-4a9c-9e19-12e8b772be2f: start FollowerState
2019-10-16 22:21:26,799 [Thread-922] INFO  impl.FollowerState (FollowerState.java:run(117)) - 10709bda-d4dc-4a9c-9e19-12e8b772be2f@group-3F44BD8069CF-FollowerState was interrupted: java.lang.InterruptedException: sleep interrupted
2019-10-16 22:21:26,799 [grpc-default-executor-9] INFO  impl.RaftServerImpl (RaftServerImpl.java:setRole(184)) - eb983093-91d2-4010-938b-148522e57322@group-3F44BD8069CF: changes role from  FOLLOWER to FOLLOWER at term 51 for recognizeCandidate:80429b0a-59fd-4cc1-aa54-c7e113f2fc75
2019-10-16 22:21:26,799 [grpc-default-executor-9] INFO  impl.RoleInfo (RoleInfo.java:shutdownFollowerState(121)) - eb983093-91d2-4010-938b-148522e57322: shutdown FollowerState
2019-10-16 22:21:26,799 [grpc-default-executor-9] INFO  impl.RoleInfo (RoleInfo.java:updateAndGet(143)) - eb983093-91d2-4010-938b-148522e57322: start FollowerState
2019-10-16 22:21:26,799 [Thread-923] INFO  impl.FollowerState (FollowerState.java:run(117)) - eb983093-91d2-4010-938b-148522e57322@group-3F44BD8069CF-FollowerState was interrupted: java.lang.InterruptedException: sleep interrupted
2019-10-16 22:21:26,814 [80429b0a-59fd-4cc1-aa54-c7e113f2fc75@group-3F44BD8069CF-LeaderElection53] INFO  impl.LeaderElection (LeaderElection.java:logAndReturn(56)) - 80429b0a-59fd-4cc1-aa54-c7e113f2fc75@group-3F44BD8069CF-LeaderElection53: Election REJECTED; received 2 response(s) [80429b0a-59fd-4cc1-aa54-c7e113f2fc75<-10709bda-d4dc-4a9c-9e19-12e8b772be2f#0:FAIL-t51, 80429b0a-59fd-4cc1-aa54-c7e113f2fc75<-eb983093-91d2-4010-938b-148522e57322#0:FAIL-t51] and 0 exception(s); 80429b0a-59fd-4cc1-aa54-c7e113f2fc75@group-3F44BD8069CF:t51, leader=null, voted=80429b0a-59fd-4cc1-aa54-c7e113f2fc75, raftlog=80429b0a-59fd-4cc1-aa54-c7e113f2fc75@group-3F44BD8069CF-SegmentedRaftLog:OPENED:c-1,f-1,i0, conf=-1: [80429b0a-59fd-4cc1-aa54-c7e113f2fc75:192.168.34.38:36487, 10709bda-d4dc-4a9c-9e19-12e8b772be2f:192.168.34.38:34412, eb983093-91d2-4010-938b-148522e57322:192.168.34.38:40909], old=null
2019-10-16 22:21:26,815 [80429b0a-59fd-4cc1-aa54-c7e113f2fc75@group-3F44BD8069CF-LeaderElection53] INFO  impl.RaftServerImpl (RaftServerImpl.java:setRole(184)) - 80429b0a-59fd-4cc1-aa54-c7e113f2fc75@group-3F44BD8069CF: changes role from CANDIDATE to FOLLOWER at term 51 for DISCOVERED_A_NEW_TERM
2019-10-16 22:21:26,815 [80429b0a-59fd-4cc1-aa54-c7e113f2fc75@group-3F44BD8069CF-LeaderElection53] INFO  impl.RoleInfo (RoleInfo.java:shutdownLeaderElection(134)) - 80429b0a-59fd-4cc1-aa54-c7e113f2fc75: shutdown LeaderElection
2019-10-16 22:21:26,815 [80429b0a-59fd-4cc1-aa54-c7e113f2fc75@group-3F44BD8069CF-LeaderElection53] INFO  impl.RoleInfo (RoleInfo.java:updateAndGet(143)) - 80429b0a-59fd-4cc1-aa54-c7e113f2fc75: start FollowerState
2019-10-16 22:21:26,879 [Thread-930] INFO  impl.FollowerState (FollowerState.java:run(108)) - 80429b0a-59fd-4cc1-aa54-c7e113f2fc75@group-3F44BD8069CF-FollowerState: change to CANDIDATE, lastRpcTime:63ms, electionTimeout:63ms
2019-10-16 22:21:26,879 [Thread-930] INFO  impl.RoleInfo (RoleInfo.java:shutdownFollowerState(121)) - 80429b0a-59fd-4cc1-aa54-c7e113f2fc75: shutdown FollowerState
2019-10-16 22:21:26,879 [Thread-930] INFO  impl.RaftServerImpl (RaftServerImpl.java:setRole(184)) - 80429b0a-59fd-4cc1-aa54-c7e113f2fc75@group-3F44BD8069CF: changes role from  FOLLOWER to CANDIDATE at term 51 for changeToCandidate
2019-10-16 22:21:26,879 [Thread-930] INFO  impl.RoleInfo (RoleInfo.java:updateAndGet(143)) - 80429b0a-59fd-4cc1-aa54-c7e113f2fc75: start LeaderElection
2019-10-16 22:21:26,895 [80429b0a-59fd-4cc1-aa54-c7e113f2fc75@group-3F44BD8069CF-LeaderElection54] INFO  impl.LeaderElection (LeaderElection.java:askForVotes(178)) - 80429b0a-59fd-4cc1-aa54-c7e113f2fc75@group-3F44BD8069CF-LeaderElection54: begin an election at term 52 for -1: [80429b0a-59fd-4cc1-aa54-c7e113f2fc75:192.168.34.38:36487, 10709bda-d4dc-4a9c-9e19-12e8b772be2f:192.168.34.38:34412, eb983093-91d2-4010-938b-148522e57322:192.168.34.38:40909], old=null
2019-10-16 22:21:26,899 [grpc-default-executor-9] INFO  impl.RaftServerImpl (RaftServerImpl.java:setRole(184)) - 10709bda-d4dc-4a9c-9e19-12e8b772be2f@group-3F44BD8069CF: changes role from  FOLLOWER to FOLLOWER at term 52 for recognizeCandidate:80429b0a-59fd-4cc1-aa54-c7e113f2fc75
2019-10-16 22:21:26,899 [grpc-default-executor-11] INFO  impl.RaftServerImpl (RaftServerImpl.java:setRole(184)) - eb983093-91d2-4010-938b-148522e57322@group-3F44BD8069CF: changes role from  FOLLOWER to FOLLOWER at term 52 for recognizeCandidate:80429b0a-59fd-4cc1-aa54-c7e113f2fc75
2019-10-16 22:21:26,899 [grpc-default-executor-9] INFO  impl.RoleInfo (RoleInfo.java:shutdownFollowerState(121)) - 10709bda-d4dc-4a9c-9e19-12e8b772be2f: shutdown FollowerState
2019-10-16 22:21:26,899 [grpc-default-executor-11] INFO  impl.RoleInfo (RoleInfo.java:shutdownFollowerState(121)) - eb983093-91d2-4010-938b-148522e57322: shutdown FollowerState
2019-10-16 22:21:26,899 [Thread-928] INFO  impl.FollowerState (FollowerState.java:run(117)) - 10709bda-d4dc-4a9c-9e19-12e8b772be2f@group-3F44BD8069CF-FollowerState was interrupted: java.lang.InterruptedException: sleep interrupted
2019-10-16 22:21:26,899 [grpc-default-executor-9] INFO  impl.RoleInfo (RoleInfo.java:updateAndGet(143)) - 10709bda-d4dc-4a9c-9e19-12e8b772be2f: start FollowerState
2019-10-16 22:21:26,899 [Thread-929] INFO  impl.FollowerState (FollowerState.java:run(117)) - eb983093-91d2-4010-938b-148522e57322@group-3F44BD8069CF-FollowerState was interrupted: java.lang.InterruptedException: sleep interrupted
2019-10-16 22:21:26,899 [grpc-default-executor-11] INFO  impl.RoleInfo (RoleInfo.java:updateAndGet(143)) - eb983093-91d2-4010-938b-148522e57322: start FollowerState
2019-10-16 22:21:26,926 [80429b0a-59fd-4cc1-aa54-c7e113f2fc75@group-3F44BD8069CF-LeaderElection54] INFO  impl.LeaderElection (LeaderElection.java:logAndReturn(56)) - 80429b0a-59fd-4cc1-aa54-c7e113f2fc75@group-3F44BD8069CF-LeaderElection54: Election REJECTED; received 2 response(s) [80429b0a-59fd-4cc1-aa54-c7e113f2fc75<-10709bda-d4dc-4a9c-9e19-12e8b772be2f#0:FAIL-t52, 80429b0a-59fd-4cc1-aa54-c7e113f2fc75<-eb983093-91d2-4010-938b-148522e57322#0:FAIL-t52] and 0 exception(s); 80429b0a-59fd-4cc1-aa54-c7e113f2fc75@group-3F44BD8069CF:t52, leader=null, voted=80429b0a-59fd-4cc1-aa54-c7e113f2fc75, raftlog=80429b0a-59fd-4cc1-aa54-c7e113f2fc75@group-3F44BD8069CF-SegmentedRaftLog:OPENED:c-1,f-1,i0, conf=-1: [80429b0a-59fd-4cc1-aa54-c7e113f2fc75:192.168.34.38:36487, 10709bda-d4dc-4a9c-9e19-12e8b772be2f:192.168.34.38:34412, eb983093-91d2-4010-938b-148522e57322:192.168.34.38:40909], old=null
2019-10-16 22:21:26,926 [80429b0a-59fd-4cc1-aa54-c7e113f2fc75@group-3F44BD8069CF-LeaderElection54] INFO  impl.RaftServerImpl (RaftServerImpl.java:setRole(184)) - 80429b0a-59fd-4cc1-aa54-c7e113f2fc75@group-3F44BD8069CF: changes role from CANDIDATE to FOLLOWER at term 52 for DISCOVERED_A_NEW_TERM
2019-10-16 22:21:26,926 [80429b0a-59fd-4cc1-aa54-c7e113f2fc75@group-3F44BD8069CF-LeaderElection54] INFO  impl.RoleInfo (RoleInfo.java:shutdownLeaderElection(134)) - 80429b0a-59fd-4cc1-aa54-c7e113f2fc75: shutdown LeaderElection
2019-10-16 22:21:26,926 [80429b0a-59fd-4cc1-aa54-c7e113f2fc75@group-3F44BD8069CF-LeaderElection54] INFO  impl.RoleInfo (RoleInfo.java:updateAndGet(143)) - 80429b0a-59fd-4cc1-aa54-c7e113f2fc75: start FollowerState
 0.00% |?                                                                                                    |  0/1 Time: 0:00:042019-10-16 22:21:27,104 [Thread-936] INFO  impl.FollowerState (FollowerState.java:run(108)) - 80429b0a-59fd-4cc1-aa54-c7e113f2fc75@group-3F44BD8069CF-FollowerState: change to CANDIDATE, lastRpcTime:177ms, electionTimeout:177ms
2019-10-16 22:21:27,104 [Thread-936] INFO  impl.RoleInfo (RoleInfo.java:shutdownFollowerState(121)) - 80429b0a-59fd-4cc1-aa54-c7e113f2fc75: shutdown FollowerState
2019-10-16 22:21:27,104 [Thread-936] INFO  impl.RaftServerImpl (RaftServerImpl.java:setRole(184)) - 80429b0a-59fd-4cc1-aa54-c7e113f2fc75@group-3F44BD8069CF: changes role from  FOLLOWER to CANDIDATE at term 52 for changeToCandidate
2019-10-16 22:21:27,105 [Thread-936] INFO  impl.RoleInfo (RoleInfo.java:updateAndGet(143)) - 80429b0a-59fd-4cc1-aa54-c7e113f2fc75: start LeaderElection
2019-10-16 22:21:27,118 [80429b0a-59fd-4cc1-aa54-c7e113f2fc75@group-3F44BD8069CF-LeaderElection55] INFO  impl.LeaderElection (LeaderElection.java:askForVotes(178)) - 80429b0a-59fd-4cc1-aa54-c7e113f2fc75@group-3F44BD8069CF-LeaderElection55: begin an election at term 53 for -1: [80429b0a-59fd-4cc1-aa54-c7e113f2fc75:192.168.34.38:36487, 10709bda-d4dc-4a9c-9e19-12e8b772be2f:192.168.34.38:34412, eb983093-91d2-4010-938b-148522e57322:192.168.34.38:40909], old=null
2019-10-16 22:21:27,121 [grpc-default-executor-9] INFO  impl.RaftServerImpl (RaftServerImpl.java:setRole(184)) - 10709bda-d4dc-4a9c-9e19-12e8b772be2f@group-3F44BD8069CF: changes role from  FOLLOWER to FOLLOWER at term 53 for recognizeCandidate:80429b0a-59fd-4cc1-aa54-c7e113f2fc75
2019-10-16 22:21:27,121 [grpc-default-executor-11] INFO  impl.RaftServerImpl (RaftServerImpl.java:setRole(184)) - eb983093-91d2-4010-938b-148522e57322@group-3F44BD8069CF: changes role from  FOLLOWER to FOLLOWER at term 53 for recognizeCandidate:80429b0a-59fd-4cc1-aa54-c7e113f2fc75
2019-10-16 22:21:27,122 [grpc-default-executor-9] INFO  impl.RoleInfo (RoleInfo.java:shutdownFollowerState(121)) - 10709bda-d4dc-4a9c-9e19-12e8b772be2f: shutdown FollowerState
2019-10-16 22:21:27,122 [grpc-default-executor-11] INFO  impl.RoleInfo (RoleInfo.java:shutdownFollowerState(121)) - eb983093-91d2-4010-938b-148522e57322: shutdown FollowerState
2019-10-16 22:21:27,122 [grpc-default-executor-9] INFO  impl.RoleInfo (RoleInfo.java:updateAndGet(143)) - 10709bda-d4dc-4a9c-9e19-12e8b772be2f: start FollowerState
2019-10-16 22:21:27,122 [Thread-935] INFO  impl.FollowerState (FollowerState.java:run(117)) - eb983093-91d2-4010-938b-148522e57322@group-3F44BD8069CF-FollowerState was interrupted: java.lang.InterruptedException: sleep interrupted
2019-10-16 22:21:27,122 [grpc-default-executor-11] INFO  impl.RoleInfo (RoleInfo.java:updateAndGet(143)) - eb983093-91d2-4010-938b-148522e57322: start FollowerState
2019-10-16 22:21:27,122 [Thread-934] INFO  impl.FollowerState (FollowerState.java:run(117)) - 10709bda-d4dc-4a9c-9e19-12e8b772be2f@group-3F44BD8069CF-FollowerState was interrupted: java.lang.InterruptedException: sleep interrupted
2019-10-16 22:21:27,138 [80429b0a-59fd-4cc1-aa54-c7e113f2fc75@group-3F44BD8069CF-LeaderElection55] INFO  impl.LeaderElection (LeaderElection.java:logAndReturn(56)) - 80429b0a-59fd-4cc1-aa54-c7e113f2fc75@group-3F44BD8069CF-LeaderElection55: Election REJECTED; received 2 response(s) [80429b0a-59fd-4cc1-aa54-c7e113f2fc75<-10709bda-d4dc-4a9c-9e19-12e8b772be2f#0:FAIL-t53, 80429b0a-59fd-4cc1-aa54-c7e113f2fc75<-eb983093-91d2-4010-938b-148522e57322#0:FAIL-t53] and 0 exception(s); 80429b0a-59fd-4cc1-aa54-c7e113f2fc75@group-3F44BD8069CF:t53, leader=null, voted=80429b0a-59fd-4cc1-aa54-c7e113f2fc75, raftlog=80429b0a-59fd-4cc1-aa54-c7e113f2fc75@group-3F44BD8069CF-SegmentedRaftLog:OPENED:c-1,f-1,i0, conf=-1: [80429b0a-59fd-4cc1-aa54-c7e113f2fc75:192.168.34.38:36487, 10709bda-d4dc-4a9c-9e19-12e8b772be2f:192.168.34.38:34412, eb983093-91d2-4010-938b-148522e57322:192.168.34.38:40909], old=null
2019-10-16 22:21:27,138 [80429b0a-59fd-4cc1-aa54-c7e113f2fc75@group-3F44BD8069CF-LeaderElection55] INFO  impl.RaftServerImpl (RaftServerImpl.java:setRole(184)) - 80429b0a-59fd-4cc1-aa54-c7e113f2fc75@group-3F44BD8069CF: changes role from CANDIDATE to FOLLOWER at term 53 for DISCOVERED_A_NEW_TERM
2019-10-16 22:21:27,138 [80429b0a-59fd-4cc1-aa54-c7e113f2fc75@group-3F44BD8069CF-LeaderElection55] INFO  impl.RoleInfo (RoleInfo.java:shutdownLeaderElection(134)) - 80429b0a-59fd-4cc1-aa54-c7e113f2fc75: shutdown LeaderElection
2019-10-16 22:21:27,138 [80429b0a-59fd-4cc1-aa54-c7e113f2fc75@group-3F44BD8069CF-LeaderElection55] INFO  impl.RoleInfo (RoleInfo.java:updateAndGet(143)) - 80429b0a-59fd-4cc1-aa54-c7e113f2fc75: start FollowerState
2019-10-16 22:21:27,141 [Thread-942] INFO  impl.FollowerState (FollowerState.java:run(108)) - 80429b0a-59fd-4cc1-aa54-c7e113f2fc75@group-3F44BD8069CF-FollowerState: change to CANDIDATE, lastRpcTime:2ms, electionTimeout:2ms
2019-10-16 22:21:27,141 [Thread-942] INFO  impl.RoleInfo (RoleInfo.java:shutdownFollowerState(121)) - 80429b0a-59fd-4cc1-aa54-c7e113f2fc75: shutdown FollowerState
2019-10-16 22:21:27,141 [Thread-942] INFO  impl.RaftServerImpl (RaftServerImpl.java:setRole(184)) - 80429b0a-59fd-4cc1-aa54-c7e113f2fc75@group-3F44BD8069CF: changes role from  FOLLOWER to CANDIDATE at term 53 for changeToCandidate
2019-10-16 22:21:27,141 [Thread-942] INFO  impl.RoleInfo (RoleInfo.java:updateAndGet(143)) - 80429b0a-59fd-4cc1-aa54-c7e113f2fc75: start LeaderElection
2019-10-16 22:21:27,166 [80429b0a-59fd-4cc1-aa54-c7e113f2fc75@group-3F44BD8069CF-LeaderElection56] INFO  impl.LeaderElection (LeaderElection.java:askForVotes(178)) - 80429b0a-59fd-4cc1-aa54-c7e113f2fc75@group-3F44BD8069CF-LeaderElection56: begin an election at term 54 for -1: [80429b0a-59fd-4cc1-aa54-c7e113f2fc75:192.168.34.38:36487, 10709bda-d4dc-4a9c-9e19-12e8b772be2f:192.168.34.38:34412, eb983093-91d2-4010-938b-148522e57322:192.168.34.38:40909], old=null
2019-10-16 22:21:27,168 [grpc-default-executor-11] INFO  impl.RaftServerImpl (RaftServerImpl.java:setRole(184)) - 10709bda-d4dc-4a9c-9e19-12e8b772be2f@group-3F44BD8069CF: changes role from  FOLLOWER to FOLLOWER at term 54 for recognizeCandidate:80429b0a-59fd-4cc1-aa54-c7e113f2fc75
2019-10-16 22:21:27,169 [grpc-default-executor-11] INFO  impl.RoleInfo (RoleInfo.java:shutdownFollowerState(121)) - 10709bda-d4dc-4a9c-9e19-12e8b772be2f: shutdown FollowerState
2019-10-16 22:21:27,169 [grpc-default-executor-9] INFO  impl.RaftServerImpl (RaftServerImpl.java:setRole(184)) - eb983093-91d2-4010-938b-148522e57322@group-3F44BD8069CF: changes role from  FOLLOWER to FOLLOWER at term 54 for recognizeCandidate:80429b0a-59fd-4cc1-aa54-c7e113f2fc75
2019-10-16 22:21:27,169 [Thread-940] INFO  impl.FollowerState (FollowerState.java:run(117)) - 10709bda-d4dc-4a9c-9e19-12e8b772be2f@group-3F44BD8069CF-FollowerState was interrupted: java.lang.InterruptedException: sleep interrupted
2019-10-16 22:21:27,169 [grpc-default-executor-11] INFO  impl.RoleInfo (RoleInfo.java:updateAndGet(143)) - 10709bda-d4dc-4a9c-9e19-12e8b772be2f: start FollowerState
2019-10-16 22:21:27,169 [grpc-default-executor-9] INFO  impl.RoleInfo (RoleInfo.java:shutdownFollowerState(121)) - eb983093-91d2-4010-938b-148522e57322: shutdown FollowerState
2019-10-16 22:21:27,170 [grpc-default-executor-9] INFO  impl.RoleInfo (RoleInfo.java:updateAndGet(143)) - eb983093-91d2-4010-938b-148522e57322: start FollowerState
2019-10-16 22:21:27,170 [Thread-941] INFO  impl.FollowerState (FollowerState.java:run(117)) - eb983093-91d2-4010-938b-148522e57322@group-3F44BD8069CF-FollowerState was interrupted: java.lang.InterruptedException: sleep interrupted
2019-10-16 22:21:27,184 [80429b0a-59fd-4cc1-aa54-c7e113f2fc75@group-3F44BD8069CF-LeaderElection56] INFO  impl.LeaderElection (LeaderElection.java:logAndReturn(56)) - 80429b0a-59fd-4cc1-aa54-c7e113f2fc75@group-3F44BD8069CF-LeaderElection56: Election REJECTED; received 2 response(s) [80429b0a-59fd-4cc1-aa54-c7e113f2fc75<-10709bda-d4dc-4a9c-9e19-12e8b772be2f#0:FAIL-t54, 80429b0a-59fd-4cc1-aa54-c7e113f2fc75<-eb983093-91d2-4010-938b-148522e57322#0:FAIL-t54] and 0 exception(s); 80429b0a-59fd-4cc1-aa54-c7e113f2fc75@group-3F44BD8069CF:t54, leader=null, voted=80429b0a-59fd-4cc1-aa54-c7e113f2fc75, raftlog=80429b0a-59fd-4cc1-aa54-c7e113f2fc75@group-3F44BD8069CF-SegmentedRaftLog:OPENED:c-1,f-1,i0, conf=-1: [80429b0a-59fd-4cc1-aa54-c7e113f2fc75:192.168.34.38:36487, 10709bda-d4dc-4a9c-9e19-12e8b772be2f:192.168.34.38:34412, eb983093-91d2-4010-938b-148522e57322:192.168.34.38:40909], old=null
2019-10-16 22:21:27,184 [80429b0a-59fd-4cc1-aa54-c7e113f2fc75@group-3F44BD8069CF-LeaderElection56] INFO  impl.RaftServerImpl (RaftServerImpl.java:setRole(184)) - 80429b0a-59fd-4cc1-aa54-c7e113f2fc75@group-3F44BD8069CF: changes role from CANDIDATE to FOLLOWER at term 54 for DISCOVERED_A_NEW_TERM
2019-10-16 22:21:27,185 [80429b0a-59fd-4cc1-aa54-c7e113f2fc75@group-3F44BD8069CF-LeaderElection56] INFO  impl.RoleInfo (RoleInfo.java:shutdownLeaderElection(134)) - 80429b0a-59fd-4cc1-aa54-c7e113f2fc75: shutdown LeaderElection
2019-10-16 22:21:27,185 [80429b0a-59fd-4cc1-aa54-c7e113f2fc75@group-3F44BD8069CF-LeaderElection56] INFO  impl.RoleInfo (RoleInfo.java:updateAndGet(143)) - 80429b0a-59fd-4cc1-aa54-c7e113f2fc75: start FollowerState
2019-10-16 22:21:27,312 [Thread-948] INFO  impl.FollowerState (FollowerState.java:run(108)) - 80429b0a-59fd-4cc1-aa54-c7e113f2fc75@group-3F44BD8069CF-FollowerState: change to CANDIDATE, lastRpcTime:127ms, electionTimeout:127ms
2019-10-16 22:21:27,313 [Thread-948] INFO  impl.RoleInfo (RoleInfo.java:shutdownFollowerState(121)) - 80429b0a-59fd-4cc1-aa54-c7e113f2fc75: shutdown FollowerState
2019-10-16 22:21:27,313 [Thread-948] INFO  impl.RaftServerImpl (RaftServerImpl.java:setRole(184)) - 80429b0a-59fd-4cc1-aa54-c7e113f2fc75@group-3F44BD8069CF: changes role from  FOLLOWER to CANDIDATE at term 54 for changeToCandidate
2019-10-16 22:21:27,313 [Thread-948] INFO  impl.RoleInfo (RoleInfo.java:updateAndGet(143)) - 80429b0a-59fd-4cc1-aa54-c7e113f2fc75: start LeaderElection
2019-10-16 22:21:27,326 [80429b0a-59fd-4cc1-aa54-c7e113f2fc75@group-3F44BD8069CF-LeaderElection57] INFO  impl.LeaderElection (LeaderElection.java:askForVotes(178)) - 80429b0a-59fd-4cc1-aa54-c7e113f2fc75@group-3F44BD8069CF-LeaderElection57: begin an election at term 55 for -1: [80429b0a-59fd-4cc1-aa54-c7e113f2fc75:192.168.34.38:36487, 10709bda-d4dc-4a9c-9e19-12e8b772be2f:192.168.34.38:34412, eb983093-91d2-4010-938b-148522e57322:192.168.34.38:40909], old=null
2019-10-16 22:21:27,329 [grpc-default-executor-11] INFO  impl.RaftServerImpl (RaftServerImpl.java:setRole(184)) - 10709bda-d4dc-4a9c-9e19-12e8b772be2f@group-3F44BD8069CF: changes role from  FOLLOWER to FOLLOWER at term 55 for recognizeCandidate:80429b0a-59fd-4cc1-aa54-c7e113f2fc75
2019-10-16 22:21:27,329 [grpc-default-executor-9] INFO  impl.RaftServerImpl (RaftServerImpl.java:setRole(184)) - eb983093-91d2-4010-938b-148522e57322@group-3F44BD8069CF: changes role from  FOLLOWER to FOLLOWER at term 55 for recognizeCandidate:80429b0a-59fd-4cc1-aa54-c7e113f2fc75
2019-10-16 22:21:27,329 [grpc-default-executor-11] INFO  impl.RoleInfo (RoleInfo.java:shutdownFollowerState(121)) - 10709bda-d4dc-4a9c-9e19-12e8b772be2f: shutdown FollowerState
2019-10-16 22:21:27,329 [grpc-default-executor-9] INFO  impl.RoleInfo (RoleInfo.java:shutdownFollowerState(121)) - eb983093-91d2-4010-938b-148522e57322: shutdown FollowerState
2019-10-16 22:21:27,329 [Thread-946] INFO  impl.FollowerState (FollowerState.java:run(117)) - 10709bda-d4dc-4a9c-9e19-12e8b772be2f@group-3F44BD8069CF-FollowerState was interrupted: java.lang.InterruptedException: sleep interrupted
2019-10-16 22:21:27,329 [grpc-default-executor-11] INFO  impl.RoleInfo (RoleInfo.java:updateAndGet(143)) - 10709bda-d4dc-4a9c-9e19-12e8b772be2f: start FollowerState
2019-10-16 22:21:27,330 [Thread-947] INFO  impl.FollowerState (FollowerState.java:run(117)) - eb983093-91d2-4010-938b-148522e57322@group-3F44BD8069CF-FollowerState was interrupted: java.lang.InterruptedException: sleep interrupted
2019-10-16 22:21:27,330 [grpc-default-executor-9] INFO  impl.RoleInfo (RoleInfo.java:updateAndGet(143)) - eb983093-91d2-4010-938b-148522e57322: start FollowerState
2019-10-16 22:21:27,357 [80429b0a-59fd-4cc1-aa54-c7e113f2fc75@group-3F44BD8069CF-LeaderElection57] INFO  impl.LeaderElection (LeaderElection.java:logAndReturn(56)) - 80429b0a-59fd-4cc1-aa54-c7e113f2fc75@group-3F44BD8069CF-LeaderElection57: Election REJECTED; received 2 response(s) [80429b0a-59fd-4cc1-aa54-c7e113f2fc75<-10709bda-d4dc-4a9c-9e19-12e8b772be2f#0:FAIL-t55, 80429b0a-59fd-4cc1-aa54-c7e113f2fc75<-eb983093-91d2-4010-938b-148522e57322#0:FAIL-t55] and 0 exception(s); 80429b0a-59fd-4cc1-aa54-c7e113f2fc75@group-3F44BD8069CF:t55, leader=null, voted=80429b0a-59fd-4cc1-aa54-c7e113f2fc75, raftlog=80429b0a-59fd-4cc1-aa54-c7e113f2fc75@group-3F44BD8069CF-SegmentedRaftLog:OPENED:c-1,f-1,i0, conf=-1: [80429b0a-59fd-4cc1-aa54-c7e113f2fc75:192.168.34.38:36487, 10709bda-d4dc-4a9c-9e19-12e8b772be2f:192.168.34.38:34412, eb983093-91d2-4010-938b-148522e57322:192.168.34.38:40909], old=null
2019-10-16 22:21:27,357 [80429b0a-59fd-4cc1-aa54-c7e113f2fc75@group-3F44BD8069CF-LeaderElection57] INFO  impl.RaftServerImpl (RaftServerImpl.java:setRole(184)) - 80429b0a-59fd-4cc1-aa54-c7e113f2fc75@group-3F44BD8069CF: changes role from CANDIDATE to FOLLOWER at term 55 for DISCOVERED_A_NEW_TERM
2019-10-16 22:21:27,357 [80429b0a-59fd-4cc1-aa54-c7e113f2fc75@group-3F44BD8069CF-LeaderElection57] INFO  impl.RoleInfo (RoleInfo.java:shutdownLeaderElection(134)) - 80429b0a-59fd-4cc1-aa54-c7e113f2fc75: shutdown LeaderElection
2019-10-16 22:21:27,357 [80429b0a-59fd-4cc1-aa54-c7e113f2fc75@group-3F44BD8069CF-LeaderElection57] INFO  impl.RoleInfo (RoleInfo.java:updateAndGet(143)) - 80429b0a-59fd-4cc1-aa54-c7e113f2fc75: start FollowerState
2019-10-16 22:21:27,517 [Thread-954] INFO  impl.FollowerState (FollowerState.java:run(108)) - 80429b0a-59fd-4cc1-aa54-c7e113f2fc75@group-3F44BD8069CF-FollowerState: change to CANDIDATE, lastRpcTime:159ms, electionTimeout:159ms
2019-10-16 22:21:27,517 [Thread-954] INFO  impl.RoleInfo (RoleInfo.java:shutdownFollowerState(121)) - 80429b0a-59fd-4cc1-aa54-c7e113f2fc75: shutdown FollowerState
2019-10-16 22:21:27,517 [Thread-954] INFO  impl.RaftServerImpl (RaftServerImpl.java:setRole(184)) - 80429b0a-59fd-4cc1-aa54-c7e113f2fc75@group-3F44BD8069CF: changes role from  FOLLOWER to CANDIDATE at term 55 for changeToCandidate
2019-10-16 22:21:27,518 [Thread-954] INFO  impl.RoleInfo (RoleInfo.java:updateAndGet(143)) - 80429b0a-59fd-4cc1-aa54-c7e113f2fc75: start LeaderElection
2019-10-16 22:21:27,530 [80429b0a-59fd-4cc1-aa54-c7e113f2fc75@group-3F44BD8069CF-LeaderElection58] INFO  impl.LeaderElection (LeaderElection.java:askForVotes(178)) - 80429b0a-59fd-4cc1-aa54-c7e113f2fc75@group-3F44BD8069CF-LeaderElection58: begin an election at term 56 for -1: [80429b0a-59fd-4cc1-aa54-c7e113f2fc75:192.168.34.38:36487, 10709bda-d4dc-4a9c-9e19-12e8b772be2f:192.168.34.38:34412, eb983093-91d2-4010-938b-148522e57322:192.168.34.38:40909], old=null
2019-10-16 22:21:27,533 [grpc-default-executor-11] INFO  impl.RaftServerImpl (RaftServerImpl.java:setRole(184)) - 10709bda-d4dc-4a9c-9e19-12e8b772be2f@group-3F44BD8069CF: changes role from  FOLLOWER to FOLLOWER at term 56 for recognizeCandidate:80429b0a-59fd-4cc1-aa54-c7e113f2fc75
2019-10-16 22:21:27,533 [grpc-default-executor-11] INFO  impl.RoleInfo (RoleInfo.java:shutdownFollowerState(121)) - 10709bda-d4dc-4a9c-9e19-12e8b772be2f: shutdown FollowerState
2019-10-16 22:21:27,533 [grpc-default-executor-9] INFO  impl.RaftServerImpl (RaftServerImpl.java:setRole(184)) - eb983093-91d2-4010-938b-148522e57322@group-3F44BD8069CF: changes role from  FOLLOWER to FOLLOWER at term 56 for recognizeCandidate:80429b0a-59fd-4cc1-aa54-c7e113f2fc75
2019-10-16 22:21:27,533 [Thread-952] INFO  impl.FollowerState (FollowerState.java:run(117)) - 10709bda-d4dc-4a9c-9e19-12e8b772be2f@group-3F44BD8069CF-FollowerState was interrupted: java.lang.InterruptedException: sleep interrupted
2019-10-16 22:21:27,533 [grpc-default-executor-11] INFO  impl.RoleInfo (RoleInfo.java:updateAndGet(143)) - 10709bda-d4dc-4a9c-9e19-12e8b772be2f: start FollowerState
2019-10-16 22:21:27,534 [grpc-default-executor-9] INFO  impl.RoleInfo (RoleInfo.java:shutdownFollowerState(121)) - eb983093-91d2-4010-938b-148522e57322: shutdown FollowerState
2019-10-16 22:21:27,534 [grpc-default-executor-9] INFO  impl.RoleInfo (RoleInfo.java:updateAndGet(143)) - eb983093-91d2-4010-938b-148522e57322: start FollowerState
2019-10-16 22:21:27,534 [Thread-953] INFO  impl.FollowerState (FollowerState.java:run(117)) - eb983093-91d2-4010-938b-148522e57322@group-3F44BD8069CF-FollowerState was interrupted: java.lang.InterruptedException: sleep interrupted
2019-10-16 22:21:27,567 [80429b0a-59fd-4cc1-aa54-c7e113f2fc75@group-3F44BD8069CF-LeaderElection58] INFO  impl.LeaderElection (LeaderElection.java:logAndReturn(56)) - 80429b0a-59fd-4cc1-aa54-c7e113f2fc75@group-3F44BD8069CF-LeaderElection58: Election REJECTED; received 2 response(s) [80429b0a-59fd-4cc1-aa54-c7e113f2fc75<-10709bda-d4dc-4a9c-9e19-12e8b772be2f#0:FAIL-t56, 80429b0a-59fd-4cc1-aa54-c7e113f2fc75<-eb983093-91d2-4010-938b-148522e57322#0:FAIL-t56] and 0 exception(s); 80429b0a-59fd-4cc1-aa54-c7e113f2fc75@group-3F44BD8069CF:t56, leader=null, voted=80429b0a-59fd-4cc1-aa54-c7e113f2fc75, raftlog=80429b0a-59fd-4cc1-aa54-c7e113f2fc75@group-3F44BD8069CF-SegmentedRaftLog:OPENED:c-1,f-1,i0, conf=-1: [80429b0a-59fd-4cc1-aa54-c7e113f2fc75:192.168.34.38:36487, 10709bda-d4dc-4a9c-9e19-12e8b772be2f:192.168.34.38:34412, eb983093-91d2-4010-938b-148522e57322:192.168.34.38:40909], old=null
2019-10-16 22:21:27,567 [80429b0a-59fd-4cc1-aa54-c7e113f2fc75@group-3F44BD8069CF-LeaderElection58] INFO  impl.RaftServerImpl (RaftServerImpl.java:setRole(184)) - 80429b0a-59fd-4cc1-aa54-c7e113f2fc75@group-3F44BD8069CF: changes role from CANDIDATE to FOLLOWER at term 56 for DISCOVERED_A_NEW_TERM
2019-10-16 22:21:27,567 [80429b0a-59fd-4cc1-aa54-c7e113f2fc75@group-3F44BD8069CF-LeaderElection58] INFO  impl.RoleInfo (RoleInfo.java:shutdownLeaderElection(134)) - 80429b0a-59fd-4cc1-aa54-c7e113f2fc75: shutdown LeaderElection
2019-10-16 22:21:27,568 [80429b0a-59fd-4cc1-aa54-c7e113f2fc75@group-3F44BD8069CF-LeaderElection58] INFO  impl.RoleInfo (RoleInfo.java:updateAndGet(143)) - 80429b0a-59fd-4cc1-aa54-c7e113f2fc75: start FollowerState
2019-10-16 22:21:27,675 [Thread-960] INFO  impl.FollowerState (FollowerState.java:run(108)) - 80429b0a-59fd-4cc1-aa54-c7e113f2fc75@group-3F44BD8069CF-FollowerState: change to CANDIDATE, lastRpcTime:107ms, electionTimeout:107ms
2019-10-16 22:21:27,676 [Thread-960] INFO  impl.RoleInfo (RoleInfo.java:shutdownFollowerState(121)) - 80429b0a-59fd-4cc1-aa54-c7e113f2fc75: shutdown FollowerState
2019-10-16 22:21:27,676 [Thread-960] INFO  impl.RaftServerImpl (RaftServerImpl.java:setRole(184)) - 80429b0a-59fd-4cc1-aa54-c7e113f2fc75@group-3F44BD8069CF: changes role from  FOLLOWER to CANDIDATE at term 56 for changeToCandidate
2019-10-16 22:21:27,676 [Thread-960] INFO  impl.RoleInfo (RoleInfo.java:updateAndGet(143)) - 80429b0a-59fd-4cc1-aa54-c7e113f2fc75: start LeaderElection
2019-10-16 22:21:27,698 [80429b0a-59fd-4cc1-aa54-c7e113f2fc75@group-3F44BD8069CF-LeaderElection59] INFO  impl.LeaderElection (LeaderElection.java:askForVotes(178)) - 80429b0a-59fd-4cc1-aa54-c7e113f2fc75@group-3F44BD8069CF-LeaderElection59: begin an election at term 57 for -1: [80429b0a-59fd-4cc1-aa54-c7e113f2fc75:192.168.34.38:36487, 10709bda-d4dc-4a9c-9e19-12e8b772be2f:192.168.34.38:34412, eb983093-91d2-4010-938b-148522e57322:192.168.34.38:40909], old=null
2019-10-16 22:21:27,700 [grpc-default-executor-11] INFO  impl.RaftServerImpl (RaftServerImpl.java:setRole(184)) - 10709bda-d4dc-4a9c-9e19-12e8b772be2f@group-3F44BD8069CF: changes role from  FOLLOWER to FOLLOWER at term 57 for recognizeCandidate:80429b0a-59fd-4cc1-aa54-c7e113f2fc75
2019-10-16 22:21:27,701 [grpc-default-executor-11] INFO  impl.RoleInfo (RoleInfo.java:shutdownFollowerState(121)) - 10709bda-d4dc-4a9c-9e19-12e8b772be2f: shutdown FollowerState
2019-10-16 22:21:27,701 [grpc-default-executor-11] INFO  impl.RoleInfo (RoleInfo.java:updateAndGet(143)) - 10709bda-d4dc-4a9c-9e19-12e8b772be2f: start FollowerState
2019-10-16 22:21:27,701 [grpc-default-executor-9] INFO  impl.RaftServerImpl (RaftServerImpl.java:setRole(184)) - eb983093-91d2-4010-938b-148522e57322@group-3F44BD8069CF: changes role from  FOLLOWER to FOLLOWER at term 57 for recognizeCandidate:80429b0a-59fd-4cc1-aa54-c7e113f2fc75
2019-10-16 22:21:27,701 [grpc-default-executor-9] INFO  impl.RoleInfo (RoleInfo.java:shutdownFollowerState(121)) - eb983093-91d2-4010-938b-148522e57322: shutdown FollowerState
2019-10-16 22:21:27,701 [Thread-958] INFO  impl.FollowerState (FollowerState.java:run(117)) - 10709bda-d4dc-4a9c-9e19-12e8b772be2f@group-3F44BD8069CF-FollowerState was interrupted: java.lang.InterruptedException: sleep interrupted
2019-10-16 22:21:27,701 [Thread-959] INFO  impl.FollowerState (FollowerState.java:run(117)) - eb983093-91d2-4010-938b-148522e57322@group-3F44BD8069CF-FollowerState was interrupted: java.lang.InterruptedException: sleep interrupted
2019-10-16 22:21:27,701 [grpc-default-executor-9] INFO  impl.RoleInfo (RoleInfo.java:updateAndGet(143)) - eb983093-91d2-4010-938b-148522e57322: start FollowerState
2019-10-16 22:21:27,715 [80429b0a-59fd-4cc1-aa54-c7e113f2fc75@group-3F44BD8069CF-LeaderElection59] INFO  impl.LeaderElection (LeaderElection.java:logAndReturn(56)) - 80429b0a-59fd-4cc1-aa54-c7e113f2fc75@group-3F44BD8069CF-LeaderElection59: Election REJECTED; received 2 response(s) [80429b0a-59fd-4cc1-aa54-c7e113f2fc75<-10709bda-d4dc-4a9c-9e19-12e8b772be2f#0:FAIL-t57, 80429b0a-59fd-4cc1-aa54-c7e113f2fc75<-eb983093-91d2-4010-938b-148522e57322#0:FAIL-t57] and 0 exception(s); 80429b0a-59fd-4cc1-aa54-c7e113f2fc75@group-3F44BD8069CF:t57, leader=null, voted=80429b0a-59fd-4cc1-aa54-c7e113f2fc75, raftlog=80429b0a-59fd-4cc1-aa54-c7e113f2fc75@group-3F44BD8069CF-SegmentedRaftLog:OPENED:c-1,f-1,i0, conf=-1: [80429b0a-59fd-4cc1-aa54-c7e113f2fc75:192.168.34.38:36487, 10709bda-d4dc-4a9c-9e19-12e8b772be2f:192.168.34.38:34412, eb983093-91d2-4010-938b-148522e57322:192.168.34.38:40909], old=null
2019-10-16 22:21:27,715 [80429b0a-59fd-4cc1-aa54-c7e113f2fc75@group-3F44BD8069CF-LeaderElection59] INFO  impl.RaftServerImpl (RaftServerImpl.java:setRole(184)) - 80429b0a-59fd-4cc1-aa54-c7e113f2fc75@group-3F44BD8069CF: changes role from CANDIDATE to FOLLOWER at term 57 for DISCOVERED_A_NEW_TERM
2019-10-16 22:21:27,716 [80429b0a-59fd-4cc1-aa54-c7e113f2fc75@group-3F44BD8069CF-LeaderElection59] INFO  impl.RoleInfo (RoleInfo.java:shutdownLeaderElection(134)) - 80429b0a-59fd-4cc1-aa54-c7e113f2fc75: shutdown LeaderElection
2019-10-16 22:21:27,716 [80429b0a-59fd-4cc1-aa54-c7e113f2fc75@group-3F44BD8069CF-LeaderElection59] INFO  impl.RoleInfo (RoleInfo.java:updateAndGet(143)) - 80429b0a-59fd-4cc1-aa54-c7e113f2fc75: start FollowerState
2019-10-16 22:21:27,731 [Thread-966] INFO  impl.FollowerState (FollowerState.java:run(108)) - 80429b0a-59fd-4cc1-aa54-c7e113f2fc75@group-3F44BD8069CF-FollowerState: change to CANDIDATE, lastRpcTime:15ms, electionTimeout:15ms
2019-10-16 22:21:27,732 [Thread-966] INFO  impl.RoleInfo (RoleInfo.java:shutdownFollowerState(121)) - 80429b0a-59fd-4cc1-aa54-c7e113f2fc75: shutdown FollowerState
2019-10-16 22:21:27,732 [Thread-966] INFO  impl.RaftServerImpl (RaftServerImpl.java:setRole(184)) - 80429b0a-59fd-4cc1-aa54-c7e113f2fc75@group-3F44BD8069CF: changes role from  FOLLOWER to CANDIDATE at term 57 for changeToCandidate
2019-10-16 22:21:27,732 [Thread-966] INFO  impl.RoleInfo (RoleInfo.java:updateAndGet(143)) - 80429b0a-59fd-4cc1-aa54-c7e113f2fc75: start LeaderElection
2019-10-16 22:21:27,747 [80429b0a-59fd-4cc1-aa54-c7e113f2fc75@group-3F44BD8069CF-LeaderElection60] INFO  impl.LeaderElection (LeaderElection.java:askForVotes(178)) - 80429b0a-59fd-4cc1-aa54-c7e113f2fc75@group-3F44BD8069CF-LeaderElection60: begin an election at term 58 for -1: [80429b0a-59fd-4cc1-aa54-c7e113f2fc75:192.168.34.38:36487, 10709bda-d4dc-4a9c-9e19-12e8b772be2f:192.168.34.38:34412, eb983093-91d2-4010-938b-148522e57322:192.168.34.38:40909], old=null
2019-10-16 22:21:27,750 [grpc-default-executor-11] INFO  impl.RaftServerImpl (RaftServerImpl.java:setRole(184)) - 10709bda-d4dc-4a9c-9e19-12e8b772be2f@group-3F44BD8069CF: changes role from  FOLLOWER to FOLLOWER at term 58 for recognizeCandidate:80429b0a-59fd-4cc1-aa54-c7e113f2fc75
2019-10-16 22:21:27,750 [grpc-default-executor-11] INFO  impl.RoleInfo (RoleInfo.java:shutdownFollowerState(121)) - 10709bda-d4dc-4a9c-9e19-12e8b772be2f: shutdown FollowerState
2019-10-16 22:21:27,750 [grpc-default-executor-9] INFO  impl.RaftServerImpl (RaftServerImpl.java:setRole(184)) - eb983093-91d2-4010-938b-148522e57322@group-3F44BD8069CF: changes role from  FOLLOWER to FOLLOWER at term 58 for recognizeCandidate:80429b0a-59fd-4cc1-aa54-c7e113f2fc75
2019-10-16 22:21:27,750 [Thread-964] INFO  impl.FollowerState (FollowerState.java:run(117)) - 10709bda-d4dc-4a9c-9e19-12e8b772be2f@group-3F44BD8069CF-FollowerState was interrupted: java.lang.InterruptedException: sleep interrupted
2019-10-16 22:21:27,750 [grpc-default-executor-11] INFO  impl.RoleInfo (RoleInfo.java:updateAndGet(143)) - 10709bda-d4dc-4a9c-9e19-12e8b772be2f: start FollowerState
2019-10-16 22:21:27,750 [grpc-default-executor-9] INFO  impl.RoleInfo (RoleInfo.java:shutdownFollowerState(121)) - eb983093-91d2-4010-938b-148522e57322: shutdown FollowerState
2019-10-16 22:21:27,751 [grpc-default-executor-9] INFO  impl.RoleInfo (RoleInfo.java:updateAndGet(143)) - eb983093-91d2-4010-938b-148522e57322: start FollowerState
2019-10-16 22:21:27,751 [Thread-965] INFO  impl.FollowerState (FollowerState.java:run(117)) - eb983093-91d2-4010-938b-148522e57322@group-3F44BD8069CF-FollowerState was interrupted: java.lang.InterruptedException: sleep interrupted
2019-10-16 22:21:27,777 [80429b0a-59fd-4cc1-aa54-c7e113f2fc75@group-3F44BD8069CF-LeaderElection60] INFO  impl.LeaderElection (LeaderElection.java:logAndReturn(56)) - 80429b0a-59fd-4cc1-aa54-c7e113f2fc75@group-3F44BD8069CF-LeaderElection60: Election REJECTED; received 2 response(s) [80429b0a-59fd-4cc1-aa54-c7e113f2fc75<-10709bda-d4dc-4a9c-9e19-12e8b772be2f#0:FAIL-t58, 80429b0a-59fd-4cc1-aa54-c7e113f2fc75<-eb983093-91d2-4010-938b-148522e57322#0:FAIL-t58] and 0 exception(s); 80429b0a-59fd-4cc1-aa54-c7e113f2fc75@group-3F44BD8069CF:t58, leader=null, voted=80429b0a-59fd-4cc1-aa54-c7e113f2fc75, raftlog=80429b0a-59fd-4cc1-aa54-c7e113f2fc75@group-3F44BD8069CF-SegmentedRaftLog:OPENED:c-1,f-1,i0, conf=-1: [80429b0a-59fd-4cc1-aa54-c7e113f2fc75:192.168.34.38:36487, 10709bda-d4dc-4a9c-9e19-12e8b772be2f:192.168.34.38:34412, eb983093-91d2-4010-938b-148522e57322:192.168.34.38:40909], old=null
2019-10-16 22:21:27,777 [80429b0a-59fd-4cc1-aa54-c7e113f2fc75@group-3F44BD8069CF-LeaderElection60] INFO  impl.RaftServerImpl (RaftServerImpl.java:setRole(184)) - 80429b0a-59fd-4cc1-aa54-c7e113f2fc75@group-3F44BD8069CF: changes role from CANDIDATE to FOLLOWER at term 58 for DISCOVERED_A_NEW_TERM
2019-10-16 22:21:27,777 [80429b0a-59fd-4cc1-aa54-c7e113f2fc75@group-3F44BD8069CF-LeaderElection60] INFO  impl.RoleInfo (RoleInfo.java:shutdownLeaderElection(134)) - 80429b0a-59fd-4cc1-aa54-c7e113f2fc75: shutdown LeaderElection
2019-10-16 22:21:27,777 [80429b0a-59fd-4cc1-aa54-c7e113f2fc75@group-3F44BD8069CF-LeaderElection60] INFO  impl.RoleInfo (RoleInfo.java:updateAndGet(143)) - 80429b0a-59fd-4cc1-aa54-c7e113f2fc75: start FollowerState
2019-10-16 22:21:27,830 [Thread-972] INFO  impl.FollowerState (FollowerState.java:run(108)) - 80429b0a-59fd-4cc1-aa54-c7e113f2fc75@group-3F44BD8069CF-FollowerState: change to CANDIDATE, lastRpcTime:52ms, electionTimeout:52ms
2019-10-16 22:21:27,830 [Thread-972] INFO  impl.RoleInfo (RoleInfo.java:shutdownFollowerState(121)) - 80429b0a-59fd-4cc1-aa54-c7e113f2fc75: shutdown FollowerState
2019-10-16 22:21:27,830 [Thread-972] INFO  impl.RaftServerImpl (RaftServerImpl.java:setRole(184)) - 80429b0a-59fd-4cc1-aa54-c7e113f2fc75@group-3F44BD8069CF: changes role from  FOLLOWER to CANDIDATE at term 58 for changeToCandidate
2019-10-16 22:21:27,830 [Thread-972] INFO  impl.RoleInfo (RoleInfo.java:updateAndGet(143)) - 80429b0a-59fd-4cc1-aa54-c7e113f2fc75: start LeaderElection
2019-10-16 22:21:27,845 [80429b0a-59fd-4cc1-aa54-c7e113f2fc75@group-3F44BD8069CF-LeaderElection61] INFO  impl.LeaderElection (LeaderElection.java:askForVotes(178)) - 80429b0a-59fd-4cc1-aa54-c7e113f2fc75@group-3F44BD8069CF-LeaderElection61: begin an election at term 59 for -1: [80429b0a-59fd-4cc1-aa54-c7e113f2fc75:192.168.34.38:36487, 10709bda-d4dc-4a9c-9e19-12e8b772be2f:192.168.34.38:34412, eb983093-91d2-4010-938b-148522e57322:192.168.34.38:40909], old=null
2019-10-16 22:21:27,847 [grpc-default-executor-11] INFO  impl.RaftServerImpl (RaftServerImpl.java:setRole(184)) - 10709bda-d4dc-4a9c-9e19-12e8b772be2f@group-3F44BD8069CF: changes role from  FOLLOWER to FOLLOWER at term 59 for recognizeCandidate:80429b0a-59fd-4cc1-aa54-c7e113f2fc75
2019-10-16 22:21:27,847 [grpc-default-executor-11] INFO  impl.RoleInfo (RoleInfo.java:shutdownFollowerState(121)) - 10709bda-d4dc-4a9c-9e19-12e8b772be2f: shutdown FollowerState
2019-10-16 22:21:27,847 [grpc-default-executor-11] INFO  impl.RoleInfo (RoleInfo.java:updateAndGet(143)) - 10709bda-d4dc-4a9c-9e19-12e8b772be2f: start FollowerState
2019-10-16 22:21:27,847 [Thread-970] INFO  impl.FollowerState (FollowerState.java:run(117)) - 10709bda-d4dc-4a9c-9e19-12e8b772be2f@group-3F44BD8069CF-FollowerState was interrupted: java.lang.InterruptedException: sleep interrupted
2019-10-16 22:21:27,847 [grpc-default-executor-9] INFO  impl.RaftServerImpl (RaftServerImpl.java:setRole(184)) - eb983093-91d2-4010-938b-148522e57322@group-3F44BD8069CF: changes role from  FOLLOWER to FOLLOWER at term 59 for recognizeCandidate:80429b0a-59fd-4cc1-aa54-c7e113f2fc75
2019-10-16 22:21:27,848 [grpc-default-executor-9] INFO  impl.RoleInfo (RoleInfo.java:shutdownFollowerState(121)) - eb983093-91d2-4010-938b-148522e57322: shutdown FollowerState
2019-10-16 22:21:27,848 [grpc-default-executor-9] INFO  impl.RoleInfo (RoleInfo.java:updateAndGet(143)) - eb983093-91d2-4010-938b-148522e57322: start FollowerState
2019-10-16 22:21:27,848 [Thread-971] INFO  impl.FollowerState (FollowerState.java:run(117)) - eb983093-91d2-4010-938b-148522e57322@group-3F44BD8069CF-FollowerState was interrupted: java.lang.InterruptedException: sleep interrupted
2019-10-16 22:21:27,862 [80429b0a-59fd-4cc1-aa54-c7e113f2fc75@group-3F44BD8069CF-LeaderElection61] INFO  impl.LeaderElection (LeaderElection.java:logAndReturn(56)) - 80429b0a-59fd-4cc1-aa54-c7e113f2fc75@group-3F44BD8069CF-LeaderElection61: Election REJECTED; received 2 response(s) [80429b0a-59fd-4cc1-aa54-c7e113f2fc75<-10709bda-d4dc-4a9c-9e19-12e8b772be2f#0:FAIL-t59, 80429b0a-59fd-4cc1-aa54-c7e113f2fc75<-eb983093-91d2-4010-938b-148522e57322#0:FAIL-t59] and 0 exception(s); 80429b0a-59fd-4cc1-aa54-c7e113f2fc75@group-3F44BD8069CF:t59, leader=null, voted=80429b0a-59fd-4cc1-aa54-c7e113f2fc75, raftlog=80429b0a-59fd-4cc1-aa54-c7e113f2fc75@group-3F44BD8069CF-SegmentedRaftLog:OPENED:c-1,f-1,i0, conf=-1: [80429b0a-59fd-4cc1-aa54-c7e113f2fc75:192.168.34.38:36487, 10709bda-d4dc-4a9c-9e19-12e8b772be2f:192.168.34.38:34412, eb983093-91d2-4010-938b-148522e57322:192.168.34.38:40909], old=null
2019-10-16 22:21:27,863 [80429b0a-59fd-4cc1-aa54-c7e113f2fc75@group-3F44BD8069CF-LeaderElection61] INFO  impl.RaftServerImpl (RaftServerImpl.java:setRole(184)) - 80429b0a-59fd-4cc1-aa54-c7e113f2fc75@group-3F44BD8069CF: changes role from CANDIDATE to FOLLOWER at term 59 for DISCOVERED_A_NEW_TERM
2019-10-16 22:21:27,863 [80429b0a-59fd-4cc1-aa54-c7e113f2fc75@group-3F44BD8069CF-LeaderElection61] INFO  impl.RoleInfo (RoleInfo.java:shutdownLeaderElection(134)) - 80429b0a-59fd-4cc1-aa54-c7e113f2fc75: shutdown LeaderElection
2019-10-16 22:21:27,863 [80429b0a-59fd-4cc1-aa54-c7e113f2fc75@group-3F44BD8069CF-LeaderElection61] INFO  impl.RoleInfo (RoleInfo.java:updateAndGet(143)) - 80429b0a-59fd-4cc1-aa54-c7e113f2fc75: start FollowerState
2019-10-16 22:21:28,004 [Thread-978] INFO  impl.FollowerState (FollowerState.java:run(108)) - 80429b0a-59fd-4cc1-aa54-c7e113f2fc75@group-3F44BD8069CF-FollowerState: change to CANDIDATE, lastRpcTime:141ms, electionTimeout:141ms
2019-10-16 22:21:28,005 [Thread-978] INFO  impl.RoleInfo (RoleInfo.java:shutdownFollowerState(121)) - 80429b0a-59fd-4cc1-aa54-c7e113f2fc75: shutdown FollowerState
2019-10-16 22:21:28,005 [Thread-978] INFO  impl.RaftServerImpl (RaftServerImpl.java:setRole(184)) - 80429b0a-59fd-4cc1-aa54-c7e113f2fc75@group-3F44BD8069CF: changes role from  FOLLOWER to CANDIDATE at term 59 for changeToCandidate
2019-10-16 22:21:28,005 [Thread-978] INFO  impl.RoleInfo (RoleInfo.java:updateAndGet(143)) - 80429b0a-59fd-4cc1-aa54-c7e113f2fc75: start LeaderElection
2019-10-16 22:21:28,031 [80429b0a-59fd-4cc1-aa54-c7e113f2fc75@group-3F44BD8069CF-LeaderElection62] INFO  impl.LeaderElection (LeaderElection.java:askForVotes(178)) - 80429b0a-59fd-4cc1-aa54-c7e113f2fc75@group-3F44BD8069CF-LeaderElection62: begin an election at term 60 for -1: [80429b0a-59fd-4cc1-aa54-c7e113f2fc75:192.168.34.38:36487, 10709bda-d4dc-4a9c-9e19-12e8b772be2f:192.168.34.38:34412, eb983093-91d2-4010-938b-148522e57322:192.168.34.38:40909], old=null
2019-10-16 22:21:28,034 [grpc-default-executor-11] INFO  impl.RaftServerImpl (RaftServerImpl.java:setRole(184)) - eb983093-91d2-4010-938b-148522e57322@group-3F44BD8069CF: changes role from  FOLLOWER to FOLLOWER at term 60 for recognizeCandidate:80429b0a-59fd-4cc1-aa54-c7e113f2fc75
2019-10-16 22:21:28,034 [grpc-default-executor-9] INFO  impl.RaftServerImpl (RaftServerImpl.java:setRole(184)) - 10709bda-d4dc-4a9c-9e19-12e8b772be2f@group-3F44BD8069CF: changes role from  FOLLOWER to FOLLOWER at term 60 for recognizeCandidate:80429b0a-59fd-4cc1-aa54-c7e113f2fc75
2019-10-16 22:21:28,034 [grpc-default-executor-11] INFO  impl.RoleInfo (RoleInfo.java:shutdownFollowerState(121)) - eb983093-91d2-4010-938b-148522e57322: shutdown FollowerState
2019-10-16 22:21:28,034 [grpc-default-executor-9] INFO  impl.RoleInfo (RoleInfo.java:shutdownFollowerState(121)) - 10709bda-d4dc-4a9c-9e19-12e8b772be2f: shutdown FollowerState
2019-10-16 22:21:28,034 [Thread-977] INFO  impl.FollowerState (FollowerState.java:run(117)) - eb983093-91d2-4010-938b-148522e57322@group-3F44BD8069CF-FollowerState was interrupted: java.lang.InterruptedException: sleep interrupted
2019-10-16 22:21:28,034 [grpc-default-executor-11] INFO  impl.RoleInfo (RoleInfo.java:updateAndGet(143)) - eb983093-91d2-4010-938b-148522e57322: start FollowerState
2019-10-16 22:21:28,034 [Thread-976] INFO  impl.FollowerState (FollowerState.java:run(117)) - 10709bda-d4dc-4a9c-9e19-12e8b772be2f@group-3F44BD8069CF-FollowerState was interrupted: java.lang.InterruptedException: sleep interrupted
2019-10-16 22:21:28,034 [grpc-default-executor-9] INFO  impl.RoleInfo (RoleInfo.java:updateAndGet(143)) - 10709bda-d4dc-4a9c-9e19-12e8b772be2f: start FollowerState
2019-10-16 22:21:28,059 [80429b0a-59fd-4cc1-aa54-c7e113f2fc75@group-3F44BD8069CF-LeaderElection62] INFO  impl.LeaderElection (LeaderElection.java:logAndReturn(56)) - 80429b0a-59fd-4cc1-aa54-c7e113f2fc75@group-3F44BD8069CF-LeaderElection62: Election REJECTED; received 2 response(s) [80429b0a-59fd-4cc1-aa54-c7e113f2fc75<-10709bda-d4dc-4a9c-9e19-12e8b772be2f#0:FAIL-t60, 80429b0a-59fd-4cc1-aa54-c7e113f2fc75<-eb983093-91d2-4010-938b-148522e57322#0:FAIL-t60] and 0 exception(s); 80429b0a-59fd-4cc1-aa54-c7e113f2fc75@group-3F44BD8069CF:t60, leader=null, voted=80429b0a-59fd-4cc1-aa54-c7e113f2fc75, raftlog=80429b0a-59fd-4cc1-aa54-c7e113f2fc75@group-3F44BD8069CF-SegmentedRaftLog:OPENED:c-1,f-1,i0, conf=-1: [80429b0a-59fd-4cc1-aa54-c7e113f2fc75:192.168.34.38:36487, 10709bda-d4dc-4a9c-9e19-12e8b772be2f:192.168.34.38:34412, eb983093-91d2-4010-938b-148522e57322:192.168.34.38:40909], old=null
2019-10-16 22:21:28,059 [80429b0a-59fd-4cc1-aa54-c7e113f2fc75@group-3F44BD8069CF-LeaderElection62] INFO  impl.RaftServerImpl (RaftServerImpl.java:setRole(184)) - 80429b0a-59fd-4cc1-aa54-c7e113f2fc75@group-3F44BD8069CF: changes role from CANDIDATE to FOLLOWER at term 60 for DISCOVERED_A_NEW_TERM
2019-10-16 22:21:28,059 [80429b0a-59fd-4cc1-aa54-c7e113f2fc75@group-3F44BD8069CF-LeaderElection62] INFO  impl.RoleInfo (RoleInfo.java:shutdownLeaderElection(134)) - 80429b0a-59fd-4cc1-aa54-c7e113f2fc75: shutdown LeaderElection
2019-10-16 22:21:28,059 [80429b0a-59fd-4cc1-aa54-c7e113f2fc75@group-3F44BD8069CF-LeaderElection62] INFO  impl.RoleInfo (RoleInfo.java:updateAndGet(143)) - 80429b0a-59fd-4cc1-aa54-c7e113f2fc75: start FollowerState
 100.00% |?????????????????????????????????????????????????????????????????????????????????????????????????????|  1/1 Time: 0:00:05
]]></system-out>
  </testcase>
</testsuite>