<?xml version="1.0" encoding="UTF-8"?>
<testsuite xmlns:xsi="http://www.w3.org/2001/XMLSchema-instance" xsi:noNamespaceSchemaLocation="https://maven.apache.org/surefire/maven-surefire-plugin/xsd/surefire-test-report.xsd" name="org.apache.hadoop.ozone.freon.TestFreonWithPipelineDestroy" time="40.213" tests="1" errors="1" skipped="0" failures="0">
  <properties>
    <property name="awt.toolkit" value="sun.awt.X11.XToolkit"/>
    <property name="file.encoding.pkg" value="sun.io"/>
    <property name="java.specification.version" value="1.8"/>
    <property name="sun.cpu.isalist" value=""/>
    <property name="sun.jnu.encoding" value="ANSI_X3.4-1968"/>
    <property name="java.class.path" value="/workdir/hadoop-ozone/tools/target/test-classes:/workdir/hadoop-ozone/tools/target/classes:/home/user/.m2/repository/org/apache/hadoop/hadoop-ozone-ozone-manager/0.5.0-SNAPSHOT/hadoop-ozone-ozone-manager-0.5.0-SNAPSHOT.jar:/home/user/.m2/repository/org/apache/hadoop/hadoop-hdds-docs/0.5.0-SNAPSHOT/hadoop-hdds-docs-0.5.0-SNAPSHOT.jar:/home/user/.m2/repository/org/bouncycastle/bcprov-jdk15on/1.60/bcprov-jdk15on-1.60.jar:/home/user/.m2/repository/org/apache/hadoop/hadoop-ozone-common/0.5.0-SNAPSHOT/hadoop-ozone-common-0.5.0-SNAPSHOT.jar:/home/user/.m2/repository/org/apache/commons/commons-compress/1.4.1/commons-compress-1.4.1.jar:/home/user/.m2/repository/org/tukaani/xz/1.0/xz-1.0.jar:/home/user/.m2/repository/org/apache/hadoop/hadoop-hdfs-client/3.2.0/hadoop-hdfs-client-3.2.0.jar:/home/user/.m2/repository/com/fasterxml/jackson/core/jackson-annotations/2.9.9/jackson-annotations-2.9.9.jar:/home/user/.m2/repository/org/apache/hadoop/hadoop-hdds-common/0.5.0-SNAPSHOT/hadoop-hdds-common-0.5.0-SNAPSHOT.jar:/home/user/.m2/repository/org/apache/hadoop/hadoop-hdds-config/0.5.0-SNAPSHOT/hadoop-hdds-config-0.5.0-SNAPSHOT.jar:/home/user/.m2/repository/javax/annotation/javax.annotation-api/1.2/javax.annotation-api-1.2.jar:/home/user/.m2/repository/org/apache/ratis/ratis-server/0.5.0-3f446aa-SNAPSHOT/ratis-server-0.5.0-3f446aa-SNAPSHOT.jar:/home/user/.m2/repository/org/apache/ratis/ratis-thirdparty-misc/0.2.0/ratis-thirdparty-misc-0.2.0.jar:/home/user/.m2/repository/org/apache/ratis/ratis-proto/0.5.0-3f446aa-SNAPSHOT/ratis-proto-0.5.0-3f446aa-SNAPSHOT.jar:/home/user/.m2/repository/org/apache/ratis/ratis-common/0.5.0-3f446aa-SNAPSHOT/ratis-common-0.5.0-3f446aa-SNAPSHOT.jar:/home/user/.m2/repository/org/apache/ratis/ratis-client/0.5.0-3f446aa-SNAPSHOT/ratis-client-0.5.0-3f446aa-SNAPSHOT.jar:/home/user/.m2/repository/org/apache/ratis/ratis-metrics/0.5.0-3f446aa-SNAPSHOT/ratis-metrics-0.5.0-3f446aa-SNAPSHOT.jar:/home/user/.m2/repository/com/github/joshelser/dropwizard-metrics-hadoop-metrics2-reporter/0.1.2/dropwizard-metrics-hadoop-metrics2-reporter-0.1.2.jar:/home/user/.m2/repository/io/dropwizard/metrics/metrics-jvm/3.2.5/metrics-jvm-3.2.5.jar:/home/user/.m2/repository/io/dropwizard/metrics/metrics-ganglia/3.2.5/metrics-ganglia-3.2.5.jar:/home/user/.m2/repository/info/ganglia/gmetric4j/gmetric4j/1.0.7/gmetric4j-1.0.7.jar:/home/user/.m2/repository/org/apache/ratis/ratis-netty/0.5.0-3f446aa-SNAPSHOT/ratis-netty-0.5.0-3f446aa-SNAPSHOT.jar:/home/user/.m2/repository/org/apache/ratis/ratis-grpc/0.5.0-3f446aa-SNAPSHOT/ratis-grpc-0.5.0-3f446aa-SNAPSHOT.jar:/home/user/.m2/repository/org/rocksdb/rocksdbjni/6.0.1/rocksdbjni-6.0.1.jar:/home/user/.m2/repository/org/apache/logging/log4j/log4j-api/2.11.0/log4j-api-2.11.0.jar:/home/user/.m2/repository/org/apache/logging/log4j/log4j-core/2.11.0/log4j-core-2.11.0.jar:/home/user/.m2/repository/com/lmax/disruptor/3.4.2/disruptor-3.4.2.jar:/home/user/.m2/repository/org/apache/commons/commons-pool2/2.6.0/commons-pool2-2.6.0.jar:/home/user/.m2/repository/org/bouncycastle/bcpkix-jdk15on/1.60/bcpkix-jdk15on-1.60.jar:/home/user/.m2/repository/commons-validator/commons-validator/1.6/commons-validator-1.6.jar:/home/user/.m2/repository/commons-digester/commons-digester/1.8.1/commons-digester-1.8.1.jar:/home/user/.m2/repository/io/jaegertracing/jaeger-client/0.34.0/jaeger-client-0.34.0.jar:/home/user/.m2/repository/io/jaegertracing/jaeger-thrift/0.34.0/jaeger-thrift-0.34.0.jar:/home/user/.m2/repository/org/apache/thrift/libthrift/0.12.0/libthrift-0.12.0.jar:/home/user/.m2/repository/com/squareup/okhttp3/okhttp/3.9.0/okhttp-3.9.0.jar:/home/user/.m2/repository/com/squareup/okio/okio/1.13.0/okio-1.13.0.jar:/home/user/.m2/repository/io/jaegertracing/jaeger-core/0.34.0/jaeger-core-0.34.0.jar:/home/user/.m2/repository/io/jaegertracing/jaeger-tracerresolver/0.34.0/jaeger-tracerresolver-0.34.0.jar:/home/user/.m2/repository/io/opentracing/contrib/opentracing-tracerresolver/0.1.5/opentracing-tracerresolver-0.1.5.jar:/home/user/.m2/repository/io/opentracing/opentracing-util/0.31.0/opentracing-util-0.31.0.jar:/home/user/.m2/repository/io/opentracing/opentracing-api/0.31.0/opentracing-api-0.31.0.jar:/home/user/.m2/repository/io/opentracing/opentracing-noop/0.31.0/opentracing-noop-0.31.0.jar:/home/user/.m2/repository/org/yaml/snakeyaml/1.16/snakeyaml-1.16.jar:/home/user/.m2/repository/org/apache/hadoop/hadoop-hdds-container-service/0.5.0-SNAPSHOT/hadoop-hdds-container-service-0.5.0-SNAPSHOT.jar:/home/user/.m2/repository/org/apache/hadoop/hadoop-hdds-client/0.5.0-SNAPSHOT/hadoop-hdds-client-0.5.0-SNAPSHOT.jar:/home/user/.m2/repository/org/apache/hadoop/hadoop-hdds-tools/0.5.0-SNAPSHOT/hadoop-hdds-tools-0.5.0-SNAPSHOT.jar:/home/user/.m2/repository/org/xerial/sqlite-jdbc/3.25.2/sqlite-jdbc-3.25.2.jar:/home/user/.m2/repository/org/apache/hadoop/hadoop-hdds-server-scm/0.5.0-SNAPSHOT/hadoop-hdds-server-scm-0.5.0-SNAPSHOT.jar:/home/user/.m2/repository/org/hamcrest/hamcrest-all/1.3/hamcrest-all-1.3.jar:/home/user/.m2/repository/info/picocli/picocli/3.9.6/picocli-3.9.6.jar:/home/user/.m2/repository/com/google/protobuf/protobuf-java/2.5.0/protobuf-java-2.5.0.jar:/home/user/.m2/repository/com/google/guava/guava/11.0.2/guava-11.0.2.jar:/home/user/.m2/repository/org/apache/hadoop/hadoop-ozone-client/0.5.0-SNAPSHOT/hadoop-ozone-client-0.5.0-SNAPSHOT.jar:/workdir/hadoop-ozone/ozonefs/target/classes:/home/user/.m2/repository/org/apache/httpcomponents/httpclient/4.5.2/httpclient-4.5.2.jar:/home/user/.m2/repository/org/apache/httpcomponents/httpcore/4.4.4/httpcore-4.4.4.jar:/home/user/.m2/repository/org/apache/hadoop/hadoop-hdds-server-framework/0.5.0-SNAPSHOT/hadoop-hdds-server-framework-0.5.0-SNAPSHOT.jar:/home/user/.m2/repository/org/apache/hadoop/hadoop-common/3.2.0/hadoop-common-3.2.0.jar:/home/user/.m2/repository/org/apache/hadoop/hadoop-annotations/3.2.0/hadoop-annotations-3.2.0.jar:/usr/lib/jvm/java-1.8.0-openjdk-1.8.0.222.b10-1.el7_7.x86_64/jre/../lib/tools.jar:/home/user/.m2/repository/commons-cli/commons-cli/1.2/commons-cli-1.2.jar:/home/user/.m2/repository/org/apache/commons/commons-math3/3.1.1/commons-math3-3.1.1.jar:/home/user/.m2/repository/commons-codec/commons-codec/1.11/commons-codec-1.11.jar:/home/user/.m2/repository/commons-io/commons-io/2.5/commons-io-2.5.jar:/home/user/.m2/repository/commons-net/commons-net/3.6/commons-net-3.6.jar:/home/user/.m2/repository/commons-collections/commons-collections/3.2.2/commons-collections-3.2.2.jar:/home/user/.m2/repository/javax/servlet/javax.servlet-api/3.1.0/javax.servlet-api-3.1.0.jar:/home/user/.m2/repository/org/eclipse/jetty/jetty-server/9.3.25.v20180904/jetty-server-9.3.25.v20180904.jar:/home/user/.m2/repository/org/eclipse/jetty/jetty-http/9.3.25.v20180904/jetty-http-9.3.25.v20180904.jar:/home/user/.m2/repository/org/eclipse/jetty/jetty-io/9.3.25.v20180904/jetty-io-9.3.25.v20180904.jar:/home/user/.m2/repository/org/eclipse/jetty/jetty-util/9.3.25.v20180904/jetty-util-9.3.25.v20180904.jar:/home/user/.m2/repository/org/eclipse/jetty/jetty-servlet/9.3.25.v20180904/jetty-servlet-9.3.25.v20180904.jar:/home/user/.m2/repository/org/eclipse/jetty/jetty-security/9.3.25.v20180904/jetty-security-9.3.25.v20180904.jar:/home/user/.m2/repository/org/eclipse/jetty/jetty-webapp/9.3.25.v20180904/jetty-webapp-9.3.25.v20180904.jar:/home/user/.m2/repository/org/eclipse/jetty/jetty-xml/9.3.25.v20180904/jetty-xml-9.3.25.v20180904.jar:/home/user/.m2/repository/javax/servlet/jsp/jsp-api/2.1/jsp-api-2.1.jar:/home/user/.m2/repository/com/sun/jersey/jersey-core/1.19/jersey-core-1.19.jar:/home/user/.m2/repository/javax/ws/rs/jsr311-api/1.1.1/jsr311-api-1.1.1.jar:/home/user/.m2/repository/com/sun/jersey/jersey-servlet/1.19/jersey-servlet-1.19.jar:/home/user/.m2/repository/com/sun/jersey/jersey-json/1.19/jersey-json-1.19.jar:/home/user/.m2/repository/org/codehaus/jettison/jettison/1.1/jettison-1.1.jar:/home/user/.m2/repository/com/sun/xml/bind/jaxb-impl/2.3.0.1/jaxb-impl-2.3.0.1.jar:/home/user/.m2/repository/org/codehaus/jackson/jackson-core-asl/1.9.13/jackson-core-asl-1.9.13.jar:/home/user/.m2/repository/org/codehaus/jackson/jackson-mapper-asl/1.9.13/jackson-mapper-asl-1.9.13.jar:/home/user/.m2/repository/org/codehaus/jackson/jackson-jaxrs/1.9.13/jackson-jaxrs-1.9.13.jar:/home/user/.m2/repository/org/codehaus/jackson/jackson-xc/1.9.13/jackson-xc-1.9.13.jar:/home/user/.m2/repository/com/sun/jersey/jersey-server/1.19/jersey-server-1.19.jar:/home/user/.m2/repository/commons-logging/commons-logging/1.1.3/commons-logging-1.1.3.jar:/home/user/.m2/repository/log4j/log4j/1.2.17/log4j-1.2.17.jar:/home/user/.m2/repository/commons-beanutils/commons-beanutils/1.9.4/commons-beanutils-1.9.4.jar:/home/user/.m2/repository/org/apache/commons/commons-configuration2/2.1.1/commons-configuration2-2.1.1.jar:/home/user/.m2/repository/org/apache/commons/commons-lang3/3.7/commons-lang3-3.7.jar:/home/user/.m2/repository/org/apache/commons/commons-text/1.4/commons-text-1.4.jar:/home/user/.m2/repository/org/slf4j/slf4j-api/1.7.25/slf4j-api-1.7.25.jar:/home/user/.m2/repository/org/slf4j/slf4j-log4j12/1.7.25/slf4j-log4j12-1.7.25.jar:/home/user/.m2/repository/org/apache/avro/avro/1.7.7/avro-1.7.7.jar:/home/user/.m2/repository/com/thoughtworks/paranamer/paranamer/2.3/paranamer-2.3.jar:/home/user/.m2/repository/org/xerial/snappy/snappy-java/1.0.5/snappy-java-1.0.5.jar:/home/user/.m2/repository/com/google/re2j/re2j/1.1/re2j-1.1.jar:/home/user/.m2/repository/com/google/code/gson/gson/2.2.4/gson-2.2.4.jar:/home/user/.m2/repository/org/apache/hadoop/hadoop-auth/3.2.0/hadoop-auth-3.2.0.jar:/home/user/.m2/repository/com/nimbusds/nimbus-jose-jwt/4.41.1/nimbus-jose-jwt-4.41.1.jar:/home/user/.m2/repository/com/github/stephenc/jcip/jcip-annotations/1.0-1/jcip-annotations-1.0-1.jar:/home/user/.m2/repository/net/minidev/json-smart/2.3/json-smart-2.3.jar:/home/user/.m2/repository/net/minidev/accessors-smart/1.2/accessors-smart-1.2.jar:/home/user/.m2/repository/org/apache/curator/curator-framework/2.12.0/curator-framework-2.12.0.jar:/home/user/.m2/repository/com/jcraft/jsch/0.1.54/jsch-0.1.54.jar:/home/user/.m2/repository/org/apache/curator/curator-client/2.12.0/curator-client-2.12.0.jar:/home/user/.m2/repository/org/apache/curator/curator-recipes/2.12.0/curator-recipes-2.12.0.jar:/home/user/.m2/repository/com/google/code/findbugs/jsr305/3.0.0/jsr305-3.0.0.jar:/home/user/.m2/repository/org/apache/htrace/htrace-core4/4.1.0-incubating/htrace-core4-4.1.0-incubating.jar:/home/user/.m2/repository/org/apache/zookeeper/zookeeper/3.4.13/zookeeper-3.4.13.jar:/home/user/.m2/repository/jline/jline/0.9.94/jline-0.9.94.jar:/home/user/.m2/repository/org/apache/yetus/audience-annotations/0.5.0/audience-annotations-0.5.0.jar:/home/user/.m2/repository/org/apache/kerby/kerb-simplekdc/1.0.1/kerb-simplekdc-1.0.1.jar:/home/user/.m2/repository/org/apache/kerby/kerb-client/1.0.1/kerb-client-1.0.1.jar:/home/user/.m2/repository/org/apache/kerby/kerby-config/1.0.1/kerby-config-1.0.1.jar:/home/user/.m2/repository/org/apache/kerby/kerb-core/1.0.1/kerb-core-1.0.1.jar:/home/user/.m2/repository/org/apache/kerby/kerby-pkix/1.0.1/kerby-pkix-1.0.1.jar:/home/user/.m2/repository/org/apache/kerby/kerby-asn1/1.0.1/kerby-asn1-1.0.1.jar:/home/user/.m2/repository/org/apache/kerby/kerby-util/1.0.1/kerby-util-1.0.1.jar:/home/user/.m2/repository/org/apache/kerby/kerb-common/1.0.1/kerb-common-1.0.1.jar:/home/user/.m2/repository/org/apache/kerby/kerb-crypto/1.0.1/kerb-crypto-1.0.1.jar:/home/user/.m2/repository/org/apache/kerby/kerb-util/1.0.1/kerb-util-1.0.1.jar:/home/user/.m2/repository/org/apache/kerby/token-provider/1.0.1/token-provider-1.0.1.jar:/home/user/.m2/repository/org/apache/kerby/kerb-admin/1.0.1/kerb-admin-1.0.1.jar:/home/user/.m2/repository/org/apache/kerby/kerb-server/1.0.1/kerb-server-1.0.1.jar:/home/user/.m2/repository/org/apache/kerby/kerb-identity/1.0.1/kerb-identity-1.0.1.jar:/home/user/.m2/repository/org/apache/kerby/kerby-xdr/1.0.1/kerby-xdr-1.0.1.jar:/home/user/.m2/repository/com/fasterxml/jackson/core/jackson-databind/2.9.9/jackson-databind-2.9.9.jar:/home/user/.m2/repository/com/fasterxml/jackson/core/jackson-core/2.9.9/jackson-core-2.9.9.jar:/home/user/.m2/repository/org/codehaus/woodstox/stax2-api/3.1.4/stax2-api-3.1.4.jar:/home/user/.m2/repository/com/fasterxml/woodstox/woodstox-core/5.0.3/woodstox-core-5.0.3.jar:/home/user/.m2/repository/dnsjava/dnsjava/2.1.7/dnsjava-2.1.7.jar:/home/user/.m2/repository/org/apache/hadoop/hadoop-hdfs/3.2.0/hadoop-hdfs-3.2.0.jar:/home/user/.m2/repository/org/eclipse/jetty/jetty-util-ajax/9.3.25.v20180904/jetty-util-ajax-9.3.25.v20180904.jar:/home/user/.m2/repository/commons-daemon/commons-daemon/1.0.13/commons-daemon-1.0.13.jar:/home/user/.m2/repository/io/netty/netty/3.10.5.Final/netty-3.10.5.Final.jar:/home/user/.m2/repository/io/netty/netty-all/4.0.52.Final/netty-all-4.0.52.Final.jar:/home/user/.m2/repository/org/fusesource/leveldbjni/leveldbjni-all/1.8/leveldbjni-all-1.8.jar:/home/user/.m2/repository/com/sun/xml/bind/jaxb-core/2.3.0.1/jaxb-core-2.3.0.1.jar:/home/user/.m2/repository/javax/xml/bind/jaxb-api/2.3.0/jaxb-api-2.3.0.jar:/home/user/.m2/repository/javax/activation/activation/1.1.1/activation-1.1.1.jar:/home/user/.m2/repository/org/openjdk/jmh/jmh-core/1.19/jmh-core-1.19.jar:/home/user/.m2/repository/net/sf/jopt-simple/jopt-simple/4.6/jopt-simple-4.6.jar:/home/user/.m2/repository/org/openjdk/jmh/jmh-generator-annprocess/1.19/jmh-generator-annprocess-1.19.jar:/home/user/.m2/repository/io/dropwizard/metrics/metrics-core/3.2.4/metrics-core-3.2.4.jar:/home/user/.m2/repository/com/amazonaws/aws-java-sdk-s3/1.11.615/aws-java-sdk-s3-1.11.615.jar:/home/user/.m2/repository/com/amazonaws/aws-java-sdk-kms/1.11.615/aws-java-sdk-kms-1.11.615.jar:/home/user/.m2/repository/com/amazonaws/aws-java-sdk-core/1.11.615/aws-java-sdk-core-1.11.615.jar:/home/user/.m2/repository/software/amazon/ion/ion-java/1.0.2/ion-java-1.0.2.jar:/home/user/.m2/repository/com/fasterxml/jackson/dataformat/jackson-dataformat-cbor/2.9.9/jackson-dataformat-cbor-2.9.9.jar:/home/user/.m2/repository/joda-time/joda-time/2.9.9/joda-time-2.9.9.jar:/home/user/.m2/repository/com/amazonaws/jmespath-java/1.11.615/jmespath-java-1.11.615.jar:/home/user/.m2/repository/com/github/spotbugs/spotbugs/3.1.12/spotbugs-3.1.12.jar:/home/user/.m2/repository/org/ow2/asm/asm/5.0.4/asm-5.0.4.jar:/home/user/.m2/repository/org/ow2/asm/asm-analysis/7.0/asm-analysis-7.0.jar:/home/user/.m2/repository/org/ow2/asm/asm-commons/7.0/asm-commons-7.0.jar:/home/user/.m2/repository/org/ow2/asm/asm-tree/7.0/asm-tree-7.0.jar:/home/user/.m2/repository/org/ow2/asm/asm-util/7.0/asm-util-7.0.jar:/home/user/.m2/repository/org/apache/bcel/bcel/6.3/bcel-6.3.jar:/home/user/.m2/repository/net/jcip/jcip-annotations/1.0/jcip-annotations-1.0.jar:/home/user/.m2/repository/org/dom4j/dom4j/2.1.1/dom4j-2.1.1.jar:/home/user/.m2/repository/jaxen/jaxen/1.1.6/jaxen-1.1.6.jar:/home/user/.m2/repository/commons-lang/commons-lang/2.6/commons-lang-2.6.jar:/home/user/.m2/repository/com/github/spotbugs/spotbugs-annotations/3.1.12/spotbugs-annotations-3.1.12.jar:/home/user/.m2/repository/junit/junit/4.11/junit-4.11.jar:/home/user/.m2/repository/org/hamcrest/hamcrest-core/1.3/hamcrest-core-1.3.jar:/home/user/.m2/repository/org/apache/hadoop/hadoop-common/3.2.0/hadoop-common-3.2.0-tests.jar:/workdir/hadoop-ozone/integration-test/target/test-classes:/home/user/.m2/repository/org/apache/hadoop/hadoop-ozone-s3gateway/0.5.0-SNAPSHOT/hadoop-ozone-s3gateway-0.5.0-SNAPSHOT.jar:/home/user/.m2/repository/org/jboss/weld/servlet/weld-servlet/2.4.7.Final/weld-servlet-2.4.7.Final.jar:/home/user/.m2/repository/org/glassfish/jersey/containers/jersey-container-servlet-core/2.27/jersey-container-servlet-core-2.27.jar:/home/user/.m2/repository/org/glassfish/hk2/external/javax.inject/2.5.0-b42/javax.inject-2.5.0-b42.jar:/home/user/.m2/repository/org/glassfish/jersey/core/jersey-common/2.27/jersey-common-2.27.jar:/home/user/.m2/repository/org/glassfish/hk2/osgi-resource-locator/1.0.1/osgi-resource-locator-1.0.1.jar:/home/user/.m2/repository/javax/ws/rs/javax.ws.rs-api/2.1/javax.ws.rs-api-2.1.jar:/home/user/.m2/repository/org/glassfish/jersey/ext/cdi/jersey-cdi1x/2.27/jersey-cdi1x-2.27.jar:/home/user/.m2/repository/org/glassfish/jersey/inject/jersey-hk2/2.27/jersey-hk2-2.27.jar:/home/user/.m2/repository/org/glassfish/hk2/hk2-locator/2.5.0-b42/hk2-locator-2.5.0-b42.jar:/home/user/.m2/repository/org/javassist/javassist/3.22.0-CR2/javassist-3.22.0-CR2.jar:/home/user/.m2/repository/org/glassfish/hk2/hk2-api/2.5.0/hk2-api-2.5.0.jar:/home/user/.m2/repository/org/glassfish/hk2/external/jakarta.inject/2.5.0/jakarta.inject-2.5.0.jar:/home/user/.m2/repository/org/glassfish/hk2/hk2-utils/2.5.0/hk2-utils-2.5.0.jar:/home/user/.m2/repository/jakarta/annotation/jakarta.annotation-api/1.3.4/jakarta.annotation-api-1.3.4.jar:/home/user/.m2/repository/org/glassfish/hk2/external/aopalliance-repackaged/2.5.0/aopalliance-repackaged-2.5.0.jar:/home/user/.m2/repository/com/fasterxml/jackson/dataformat/jackson-dataformat-xml/2.9.0/jackson-dataformat-xml-2.9.0.jar:/home/user/.m2/repository/com/fasterxml/jackson/module/jackson-module-jaxb-annotations/2.9.9/jackson-module-jaxb-annotations-2.9.9.jar:/home/user/.m2/repository/javax/enterprise/cdi-api/1.2/cdi-api-1.2.jar:/home/user/.m2/repository/javax/el/javax.el-api/3.0.0/javax.el-api-3.0.0.jar:/home/user/.m2/repository/javax/interceptor/javax.interceptor-api/1.2/javax.interceptor-api-1.2.jar:/home/user/.m2/repository/javax/inject/javax.inject/1/javax.inject-1.jar:/home/user/.m2/repository/org/apache/hadoop/hadoop-ozone-csi/0.5.0-SNAPSHOT/hadoop-ozone-csi-0.5.0-SNAPSHOT.jar:/home/user/.m2/repository/com/google/protobuf/protobuf-java-util/3.5.1/protobuf-java-util-3.5.1.jar:/home/user/.m2/repository/io/grpc/grpc-netty/1.17.1/grpc-netty-1.17.1.jar:/home/user/.m2/repository/io/grpc/grpc-core/1.17.1/grpc-core-1.17.1.jar:/home/user/.m2/repository/io/grpc/grpc-context/1.17.1/grpc-context-1.17.1.jar:/home/user/.m2/repository/com/google/errorprone/error_prone_annotations/2.2.0/error_prone_annotations-2.2.0.jar:/home/user/.m2/repository/org/codehaus/mojo/animal-sniffer-annotations/1.17/animal-sniffer-annotations-1.17.jar:/home/user/.m2/repository/io/opencensus/opencensus-api/0.17.0/opencensus-api-0.17.0.jar:/home/user/.m2/repository/io/opencensus/opencensus-contrib-grpc-metrics/0.17.0/opencensus-contrib-grpc-metrics-0.17.0.jar:/home/user/.m2/repository/io/netty/netty-codec-http2/4.1.30.Final/netty-codec-http2-4.1.30.Final.jar:/home/user/.m2/repository/io/netty/netty-codec-http/4.1.30.Final/netty-codec-http-4.1.30.Final.jar:/home/user/.m2/repository/io/netty/netty-codec/4.1.30.Final/netty-codec-4.1.30.Final.jar:/home/user/.m2/repository/io/netty/netty-handler/4.1.30.Final/netty-handler-4.1.30.Final.jar:/home/user/.m2/repository/io/netty/netty-handler-proxy/4.1.30.Final/netty-handler-proxy-4.1.30.Final.jar:/home/user/.m2/repository/io/netty/netty-codec-socks/4.1.30.Final/netty-codec-socks-4.1.30.Final.jar:/home/user/.m2/repository/io/netty/netty-transport-native-epoll/4.1.30.Final/netty-transport-native-epoll-4.1.30.Final.jar:/home/user/.m2/repository/io/netty/netty-common/4.1.30.Final/netty-common-4.1.30.Final.jar:/home/user/.m2/repository/io/netty/netty-buffer/4.1.30.Final/netty-buffer-4.1.30.Final.jar:/home/user/.m2/repository/io/netty/netty-transport/4.1.30.Final/netty-transport-4.1.30.Final.jar:/home/user/.m2/repository/io/netty/netty-resolver/4.1.30.Final/netty-resolver-4.1.30.Final.jar:/home/user/.m2/repository/io/netty/netty-transport-native-unix-common/4.1.30.Final/netty-transport-native-unix-common-4.1.30.Final.jar:/home/user/.m2/repository/io/grpc/grpc-protobuf/1.17.1/grpc-protobuf-1.17.1.jar:/home/user/.m2/repository/com/google/api/grpc/proto-google-common-protos/1.0.0/proto-google-common-protos-1.0.0.jar:/home/user/.m2/repository/io/grpc/grpc-protobuf-lite/1.17.1/grpc-protobuf-lite-1.17.1.jar:/home/user/.m2/repository/io/grpc/grpc-stub/1.17.1/grpc-stub-1.17.1.jar:/home/user/.m2/repository/org/apache/hadoop/hadoop-ozone-recon/0.5.0-SNAPSHOT/hadoop-ozone-recon-0.5.0-SNAPSHOT.jar:/home/user/.m2/repository/org/apache/hadoop/hadoop-ozone-reconcodegen/0.5.0-SNAPSHOT/hadoop-ozone-reconcodegen-0.5.0-SNAPSHOT.jar:/home/user/.m2/repository/com/google/inject/extensions/guice-multibindings/4.0/guice-multibindings-4.0.jar:/home/user/.m2/repository/com/google/inject/guice/4.0/guice-4.0.jar:/home/user/.m2/repository/aopalliance/aopalliance/1.0/aopalliance-1.0.jar:/home/user/.m2/repository/com/google/inject/extensions/guice-servlet/4.0/guice-servlet-4.0.jar:/home/user/.m2/repository/org/glassfish/jersey/containers/jersey-container-servlet/2.27/jersey-container-servlet-2.27.jar:/home/user/.m2/repository/org/glassfish/hk2/guice-bridge/2.5.0/guice-bridge-2.5.0.jar:/home/user/.m2/repository/org/glassfish/jersey/core/jersey-server/2.27/jersey-server-2.27.jar:/home/user/.m2/repository/org/glassfish/jersey/core/jersey-client/2.27/jersey-client-2.27.jar:/home/user/.m2/repository/org/glassfish/jersey/media/jersey-media-jaxb/2.27/jersey-media-jaxb-2.27.jar:/home/user/.m2/repository/javax/validation/validation-api/1.1.0.Final/validation-api-1.1.0.Final.jar:/home/user/.m2/repository/org/glassfish/jersey/media/jersey-media-json-jackson/2.27/jersey-media-json-jackson-2.27.jar:/home/user/.m2/repository/org/glassfish/jersey/ext/jersey-entity-filtering/2.27/jersey-entity-filtering-2.27.jar:/home/user/.m2/repository/com/google/inject/extensions/guice-assistedinject/4.0/guice-assistedinject-4.0.jar:/home/user/.m2/repository/org/jooq/jooq/3.11.10/jooq-3.11.10.jar:/home/user/.m2/repository/org/jooq/jooq-meta/3.11.10/jooq-meta-3.11.10.jar:/home/user/.m2/repository/org/jooq/jooq-codegen/3.11.10/jooq-codegen-3.11.10.jar:/home/user/.m2/repository/com/jolbox/bonecp/0.8.0.RELEASE/bonecp-0.8.0.RELEASE.jar:/home/user/.m2/repository/org/springframework/spring-jdbc/5.1.3.RELEASE/spring-jdbc-5.1.3.RELEASE.jar:/home/user/.m2/repository/org/springframework/spring-beans/5.1.3.RELEASE/spring-beans-5.1.3.RELEASE.jar:/home/user/.m2/repository/org/springframework/spring-core/5.1.3.RELEASE/spring-core-5.1.3.RELEASE.jar:/home/user/.m2/repository/org/springframework/spring-jcl/5.1.3.RELEASE/spring-jcl-5.1.3.RELEASE.jar:/home/user/.m2/repository/org/springframework/spring-tx/5.1.3.RELEASE/spring-tx-5.1.3.RELEASE.jar:/home/user/.m2/repository/org/mockito/mockito-core/2.15.0/mockito-core-2.15.0.jar:/home/user/.m2/repository/net/bytebuddy/byte-buddy/1.7.9/byte-buddy-1.7.9.jar:/home/user/.m2/repository/net/bytebuddy/byte-buddy-agent/1.7.9/byte-buddy-agent-1.7.9.jar:/home/user/.m2/repository/org/objenesis/objenesis/1.0/objenesis-1.0.jar:"/>
    <property name="java.vm.vendor" value="Oracle Corporation"/>
    <property name="sun.arch.data.model" value="64"/>
    <property name="test.build.dir" value="/workdir/hadoop-ozone/tools/target/test-dir"/>
    <property name="test.cache.data" value=""/>
    <property name="java.vendor.url" value="http://java.oracle.com/"/>
    <property name="user.timezone" value=""/>
    <property name="java.vm.specification.version" value="1.8"/>
    <property name="os.name" value="Linux"/>
    <property name="test.build.data" value="/workdir/hadoop-ozone/tools/target/test-dir"/>
    <property name="user.country" value="US"/>
    <property name="sun.java.launcher" value="SUN_STANDARD"/>
    <property name="sun.boot.library.path" value="/usr/lib/jvm/java-1.8.0-openjdk-1.8.0.222.b10-1.el7_7.x86_64/jre/lib/amd64"/>
    <property name="sun.java.command" value="/workdir/hadoop-ozone/tools/target/surefire/surefirebooter6352392324628774200.jar /workdir/hadoop-ozone/tools/target/surefire 2019-10-16T20-30-50_744-jvmRun1 surefire7996955090492339074tmp surefire_1011425727082060543556tmp"/>
    <property name="surefire.test.class.path" value="/workdir/hadoop-ozone/tools/target/test-classes:/workdir/hadoop-ozone/tools/target/classes:/home/user/.m2/repository/org/apache/hadoop/hadoop-ozone-ozone-manager/0.5.0-SNAPSHOT/hadoop-ozone-ozone-manager-0.5.0-SNAPSHOT.jar:/home/user/.m2/repository/org/apache/hadoop/hadoop-hdds-docs/0.5.0-SNAPSHOT/hadoop-hdds-docs-0.5.0-SNAPSHOT.jar:/home/user/.m2/repository/org/bouncycastle/bcprov-jdk15on/1.60/bcprov-jdk15on-1.60.jar:/home/user/.m2/repository/org/apache/hadoop/hadoop-ozone-common/0.5.0-SNAPSHOT/hadoop-ozone-common-0.5.0-SNAPSHOT.jar:/home/user/.m2/repository/org/apache/commons/commons-compress/1.4.1/commons-compress-1.4.1.jar:/home/user/.m2/repository/org/tukaani/xz/1.0/xz-1.0.jar:/home/user/.m2/repository/org/apache/hadoop/hadoop-hdfs-client/3.2.0/hadoop-hdfs-client-3.2.0.jar:/home/user/.m2/repository/com/fasterxml/jackson/core/jackson-annotations/2.9.9/jackson-annotations-2.9.9.jar:/home/user/.m2/repository/org/apache/hadoop/hadoop-hdds-common/0.5.0-SNAPSHOT/hadoop-hdds-common-0.5.0-SNAPSHOT.jar:/home/user/.m2/repository/org/apache/hadoop/hadoop-hdds-config/0.5.0-SNAPSHOT/hadoop-hdds-config-0.5.0-SNAPSHOT.jar:/home/user/.m2/repository/javax/annotation/javax.annotation-api/1.2/javax.annotation-api-1.2.jar:/home/user/.m2/repository/org/apache/ratis/ratis-server/0.5.0-3f446aa-SNAPSHOT/ratis-server-0.5.0-3f446aa-SNAPSHOT.jar:/home/user/.m2/repository/org/apache/ratis/ratis-thirdparty-misc/0.2.0/ratis-thirdparty-misc-0.2.0.jar:/home/user/.m2/repository/org/apache/ratis/ratis-proto/0.5.0-3f446aa-SNAPSHOT/ratis-proto-0.5.0-3f446aa-SNAPSHOT.jar:/home/user/.m2/repository/org/apache/ratis/ratis-common/0.5.0-3f446aa-SNAPSHOT/ratis-common-0.5.0-3f446aa-SNAPSHOT.jar:/home/user/.m2/repository/org/apache/ratis/ratis-client/0.5.0-3f446aa-SNAPSHOT/ratis-client-0.5.0-3f446aa-SNAPSHOT.jar:/home/user/.m2/repository/org/apache/ratis/ratis-metrics/0.5.0-3f446aa-SNAPSHOT/ratis-metrics-0.5.0-3f446aa-SNAPSHOT.jar:/home/user/.m2/repository/com/github/joshelser/dropwizard-metrics-hadoop-metrics2-reporter/0.1.2/dropwizard-metrics-hadoop-metrics2-reporter-0.1.2.jar:/home/user/.m2/repository/io/dropwizard/metrics/metrics-jvm/3.2.5/metrics-jvm-3.2.5.jar:/home/user/.m2/repository/io/dropwizard/metrics/metrics-ganglia/3.2.5/metrics-ganglia-3.2.5.jar:/home/user/.m2/repository/info/ganglia/gmetric4j/gmetric4j/1.0.7/gmetric4j-1.0.7.jar:/home/user/.m2/repository/org/apache/ratis/ratis-netty/0.5.0-3f446aa-SNAPSHOT/ratis-netty-0.5.0-3f446aa-SNAPSHOT.jar:/home/user/.m2/repository/org/apache/ratis/ratis-grpc/0.5.0-3f446aa-SNAPSHOT/ratis-grpc-0.5.0-3f446aa-SNAPSHOT.jar:/home/user/.m2/repository/org/rocksdb/rocksdbjni/6.0.1/rocksdbjni-6.0.1.jar:/home/user/.m2/repository/org/apache/logging/log4j/log4j-api/2.11.0/log4j-api-2.11.0.jar:/home/user/.m2/repository/org/apache/logging/log4j/log4j-core/2.11.0/log4j-core-2.11.0.jar:/home/user/.m2/repository/com/lmax/disruptor/3.4.2/disruptor-3.4.2.jar:/home/user/.m2/repository/org/apache/commons/commons-pool2/2.6.0/commons-pool2-2.6.0.jar:/home/user/.m2/repository/org/bouncycastle/bcpkix-jdk15on/1.60/bcpkix-jdk15on-1.60.jar:/home/user/.m2/repository/commons-validator/commons-validator/1.6/commons-validator-1.6.jar:/home/user/.m2/repository/commons-digester/commons-digester/1.8.1/commons-digester-1.8.1.jar:/home/user/.m2/repository/io/jaegertracing/jaeger-client/0.34.0/jaeger-client-0.34.0.jar:/home/user/.m2/repository/io/jaegertracing/jaeger-thrift/0.34.0/jaeger-thrift-0.34.0.jar:/home/user/.m2/repository/org/apache/thrift/libthrift/0.12.0/libthrift-0.12.0.jar:/home/user/.m2/repository/com/squareup/okhttp3/okhttp/3.9.0/okhttp-3.9.0.jar:/home/user/.m2/repository/com/squareup/okio/okio/1.13.0/okio-1.13.0.jar:/home/user/.m2/repository/io/jaegertracing/jaeger-core/0.34.0/jaeger-core-0.34.0.jar:/home/user/.m2/repository/io/jaegertracing/jaeger-tracerresolver/0.34.0/jaeger-tracerresolver-0.34.0.jar:/home/user/.m2/repository/io/opentracing/contrib/opentracing-tracerresolver/0.1.5/opentracing-tracerresolver-0.1.5.jar:/home/user/.m2/repository/io/opentracing/opentracing-util/0.31.0/opentracing-util-0.31.0.jar:/home/user/.m2/repository/io/opentracing/opentracing-api/0.31.0/opentracing-api-0.31.0.jar:/home/user/.m2/repository/io/opentracing/opentracing-noop/0.31.0/opentracing-noop-0.31.0.jar:/home/user/.m2/repository/org/yaml/snakeyaml/1.16/snakeyaml-1.16.jar:/home/user/.m2/repository/org/apache/hadoop/hadoop-hdds-container-service/0.5.0-SNAPSHOT/hadoop-hdds-container-service-0.5.0-SNAPSHOT.jar:/home/user/.m2/repository/org/apache/hadoop/hadoop-hdds-client/0.5.0-SNAPSHOT/hadoop-hdds-client-0.5.0-SNAPSHOT.jar:/home/user/.m2/repository/org/apache/hadoop/hadoop-hdds-tools/0.5.0-SNAPSHOT/hadoop-hdds-tools-0.5.0-SNAPSHOT.jar:/home/user/.m2/repository/org/xerial/sqlite-jdbc/3.25.2/sqlite-jdbc-3.25.2.jar:/home/user/.m2/repository/org/apache/hadoop/hadoop-hdds-server-scm/0.5.0-SNAPSHOT/hadoop-hdds-server-scm-0.5.0-SNAPSHOT.jar:/home/user/.m2/repository/org/hamcrest/hamcrest-all/1.3/hamcrest-all-1.3.jar:/home/user/.m2/repository/info/picocli/picocli/3.9.6/picocli-3.9.6.jar:/home/user/.m2/repository/com/google/protobuf/protobuf-java/2.5.0/protobuf-java-2.5.0.jar:/home/user/.m2/repository/com/google/guava/guava/11.0.2/guava-11.0.2.jar:/home/user/.m2/repository/org/apache/hadoop/hadoop-ozone-client/0.5.0-SNAPSHOT/hadoop-ozone-client-0.5.0-SNAPSHOT.jar:/workdir/hadoop-ozone/ozonefs/target/classes:/home/user/.m2/repository/org/apache/httpcomponents/httpclient/4.5.2/httpclient-4.5.2.jar:/home/user/.m2/repository/org/apache/httpcomponents/httpcore/4.4.4/httpcore-4.4.4.jar:/home/user/.m2/repository/org/apache/hadoop/hadoop-hdds-server-framework/0.5.0-SNAPSHOT/hadoop-hdds-server-framework-0.5.0-SNAPSHOT.jar:/home/user/.m2/repository/org/apache/hadoop/hadoop-common/3.2.0/hadoop-common-3.2.0.jar:/home/user/.m2/repository/org/apache/hadoop/hadoop-annotations/3.2.0/hadoop-annotations-3.2.0.jar:/usr/lib/jvm/java-1.8.0-openjdk-1.8.0.222.b10-1.el7_7.x86_64/jre/../lib/tools.jar:/home/user/.m2/repository/commons-cli/commons-cli/1.2/commons-cli-1.2.jar:/home/user/.m2/repository/org/apache/commons/commons-math3/3.1.1/commons-math3-3.1.1.jar:/home/user/.m2/repository/commons-codec/commons-codec/1.11/commons-codec-1.11.jar:/home/user/.m2/repository/commons-io/commons-io/2.5/commons-io-2.5.jar:/home/user/.m2/repository/commons-net/commons-net/3.6/commons-net-3.6.jar:/home/user/.m2/repository/commons-collections/commons-collections/3.2.2/commons-collections-3.2.2.jar:/home/user/.m2/repository/javax/servlet/javax.servlet-api/3.1.0/javax.servlet-api-3.1.0.jar:/home/user/.m2/repository/org/eclipse/jetty/jetty-server/9.3.25.v20180904/jetty-server-9.3.25.v20180904.jar:/home/user/.m2/repository/org/eclipse/jetty/jetty-http/9.3.25.v20180904/jetty-http-9.3.25.v20180904.jar:/home/user/.m2/repository/org/eclipse/jetty/jetty-io/9.3.25.v20180904/jetty-io-9.3.25.v20180904.jar:/home/user/.m2/repository/org/eclipse/jetty/jetty-util/9.3.25.v20180904/jetty-util-9.3.25.v20180904.jar:/home/user/.m2/repository/org/eclipse/jetty/jetty-servlet/9.3.25.v20180904/jetty-servlet-9.3.25.v20180904.jar:/home/user/.m2/repository/org/eclipse/jetty/jetty-security/9.3.25.v20180904/jetty-security-9.3.25.v20180904.jar:/home/user/.m2/repository/org/eclipse/jetty/jetty-webapp/9.3.25.v20180904/jetty-webapp-9.3.25.v20180904.jar:/home/user/.m2/repository/org/eclipse/jetty/jetty-xml/9.3.25.v20180904/jetty-xml-9.3.25.v20180904.jar:/home/user/.m2/repository/javax/servlet/jsp/jsp-api/2.1/jsp-api-2.1.jar:/home/user/.m2/repository/com/sun/jersey/jersey-core/1.19/jersey-core-1.19.jar:/home/user/.m2/repository/javax/ws/rs/jsr311-api/1.1.1/jsr311-api-1.1.1.jar:/home/user/.m2/repository/com/sun/jersey/jersey-servlet/1.19/jersey-servlet-1.19.jar:/home/user/.m2/repository/com/sun/jersey/jersey-json/1.19/jersey-json-1.19.jar:/home/user/.m2/repository/org/codehaus/jettison/jettison/1.1/jettison-1.1.jar:/home/user/.m2/repository/com/sun/xml/bind/jaxb-impl/2.3.0.1/jaxb-impl-2.3.0.1.jar:/home/user/.m2/repository/org/codehaus/jackson/jackson-core-asl/1.9.13/jackson-core-asl-1.9.13.jar:/home/user/.m2/repository/org/codehaus/jackson/jackson-mapper-asl/1.9.13/jackson-mapper-asl-1.9.13.jar:/home/user/.m2/repository/org/codehaus/jackson/jackson-jaxrs/1.9.13/jackson-jaxrs-1.9.13.jar:/home/user/.m2/repository/org/codehaus/jackson/jackson-xc/1.9.13/jackson-xc-1.9.13.jar:/home/user/.m2/repository/com/sun/jersey/jersey-server/1.19/jersey-server-1.19.jar:/home/user/.m2/repository/commons-logging/commons-logging/1.1.3/commons-logging-1.1.3.jar:/home/user/.m2/repository/log4j/log4j/1.2.17/log4j-1.2.17.jar:/home/user/.m2/repository/commons-beanutils/commons-beanutils/1.9.4/commons-beanutils-1.9.4.jar:/home/user/.m2/repository/org/apache/commons/commons-configuration2/2.1.1/commons-configuration2-2.1.1.jar:/home/user/.m2/repository/org/apache/commons/commons-lang3/3.7/commons-lang3-3.7.jar:/home/user/.m2/repository/org/apache/commons/commons-text/1.4/commons-text-1.4.jar:/home/user/.m2/repository/org/slf4j/slf4j-api/1.7.25/slf4j-api-1.7.25.jar:/home/user/.m2/repository/org/slf4j/slf4j-log4j12/1.7.25/slf4j-log4j12-1.7.25.jar:/home/user/.m2/repository/org/apache/avro/avro/1.7.7/avro-1.7.7.jar:/home/user/.m2/repository/com/thoughtworks/paranamer/paranamer/2.3/paranamer-2.3.jar:/home/user/.m2/repository/org/xerial/snappy/snappy-java/1.0.5/snappy-java-1.0.5.jar:/home/user/.m2/repository/com/google/re2j/re2j/1.1/re2j-1.1.jar:/home/user/.m2/repository/com/google/code/gson/gson/2.2.4/gson-2.2.4.jar:/home/user/.m2/repository/org/apache/hadoop/hadoop-auth/3.2.0/hadoop-auth-3.2.0.jar:/home/user/.m2/repository/com/nimbusds/nimbus-jose-jwt/4.41.1/nimbus-jose-jwt-4.41.1.jar:/home/user/.m2/repository/com/github/stephenc/jcip/jcip-annotations/1.0-1/jcip-annotations-1.0-1.jar:/home/user/.m2/repository/net/minidev/json-smart/2.3/json-smart-2.3.jar:/home/user/.m2/repository/net/minidev/accessors-smart/1.2/accessors-smart-1.2.jar:/home/user/.m2/repository/org/apache/curator/curator-framework/2.12.0/curator-framework-2.12.0.jar:/home/user/.m2/repository/com/jcraft/jsch/0.1.54/jsch-0.1.54.jar:/home/user/.m2/repository/org/apache/curator/curator-client/2.12.0/curator-client-2.12.0.jar:/home/user/.m2/repository/org/apache/curator/curator-recipes/2.12.0/curator-recipes-2.12.0.jar:/home/user/.m2/repository/com/google/code/findbugs/jsr305/3.0.0/jsr305-3.0.0.jar:/home/user/.m2/repository/org/apache/htrace/htrace-core4/4.1.0-incubating/htrace-core4-4.1.0-incubating.jar:/home/user/.m2/repository/org/apache/zookeeper/zookeeper/3.4.13/zookeeper-3.4.13.jar:/home/user/.m2/repository/jline/jline/0.9.94/jline-0.9.94.jar:/home/user/.m2/repository/org/apache/yetus/audience-annotations/0.5.0/audience-annotations-0.5.0.jar:/home/user/.m2/repository/org/apache/kerby/kerb-simplekdc/1.0.1/kerb-simplekdc-1.0.1.jar:/home/user/.m2/repository/org/apache/kerby/kerb-client/1.0.1/kerb-client-1.0.1.jar:/home/user/.m2/repository/org/apache/kerby/kerby-config/1.0.1/kerby-config-1.0.1.jar:/home/user/.m2/repository/org/apache/kerby/kerb-core/1.0.1/kerb-core-1.0.1.jar:/home/user/.m2/repository/org/apache/kerby/kerby-pkix/1.0.1/kerby-pkix-1.0.1.jar:/home/user/.m2/repository/org/apache/kerby/kerby-asn1/1.0.1/kerby-asn1-1.0.1.jar:/home/user/.m2/repository/org/apache/kerby/kerby-util/1.0.1/kerby-util-1.0.1.jar:/home/user/.m2/repository/org/apache/kerby/kerb-common/1.0.1/kerb-common-1.0.1.jar:/home/user/.m2/repository/org/apache/kerby/kerb-crypto/1.0.1/kerb-crypto-1.0.1.jar:/home/user/.m2/repository/org/apache/kerby/kerb-util/1.0.1/kerb-util-1.0.1.jar:/home/user/.m2/repository/org/apache/kerby/token-provider/1.0.1/token-provider-1.0.1.jar:/home/user/.m2/repository/org/apache/kerby/kerb-admin/1.0.1/kerb-admin-1.0.1.jar:/home/user/.m2/repository/org/apache/kerby/kerb-server/1.0.1/kerb-server-1.0.1.jar:/home/user/.m2/repository/org/apache/kerby/kerb-identity/1.0.1/kerb-identity-1.0.1.jar:/home/user/.m2/repository/org/apache/kerby/kerby-xdr/1.0.1/kerby-xdr-1.0.1.jar:/home/user/.m2/repository/com/fasterxml/jackson/core/jackson-databind/2.9.9/jackson-databind-2.9.9.jar:/home/user/.m2/repository/com/fasterxml/jackson/core/jackson-core/2.9.9/jackson-core-2.9.9.jar:/home/user/.m2/repository/org/codehaus/woodstox/stax2-api/3.1.4/stax2-api-3.1.4.jar:/home/user/.m2/repository/com/fasterxml/woodstox/woodstox-core/5.0.3/woodstox-core-5.0.3.jar:/home/user/.m2/repository/dnsjava/dnsjava/2.1.7/dnsjava-2.1.7.jar:/home/user/.m2/repository/org/apache/hadoop/hadoop-hdfs/3.2.0/hadoop-hdfs-3.2.0.jar:/home/user/.m2/repository/org/eclipse/jetty/jetty-util-ajax/9.3.25.v20180904/jetty-util-ajax-9.3.25.v20180904.jar:/home/user/.m2/repository/commons-daemon/commons-daemon/1.0.13/commons-daemon-1.0.13.jar:/home/user/.m2/repository/io/netty/netty/3.10.5.Final/netty-3.10.5.Final.jar:/home/user/.m2/repository/io/netty/netty-all/4.0.52.Final/netty-all-4.0.52.Final.jar:/home/user/.m2/repository/org/fusesource/leveldbjni/leveldbjni-all/1.8/leveldbjni-all-1.8.jar:/home/user/.m2/repository/com/sun/xml/bind/jaxb-core/2.3.0.1/jaxb-core-2.3.0.1.jar:/home/user/.m2/repository/javax/xml/bind/jaxb-api/2.3.0/jaxb-api-2.3.0.jar:/home/user/.m2/repository/javax/activation/activation/1.1.1/activation-1.1.1.jar:/home/user/.m2/repository/org/openjdk/jmh/jmh-core/1.19/jmh-core-1.19.jar:/home/user/.m2/repository/net/sf/jopt-simple/jopt-simple/4.6/jopt-simple-4.6.jar:/home/user/.m2/repository/org/openjdk/jmh/jmh-generator-annprocess/1.19/jmh-generator-annprocess-1.19.jar:/home/user/.m2/repository/io/dropwizard/metrics/metrics-core/3.2.4/metrics-core-3.2.4.jar:/home/user/.m2/repository/com/amazonaws/aws-java-sdk-s3/1.11.615/aws-java-sdk-s3-1.11.615.jar:/home/user/.m2/repository/com/amazonaws/aws-java-sdk-kms/1.11.615/aws-java-sdk-kms-1.11.615.jar:/home/user/.m2/repository/com/amazonaws/aws-java-sdk-core/1.11.615/aws-java-sdk-core-1.11.615.jar:/home/user/.m2/repository/software/amazon/ion/ion-java/1.0.2/ion-java-1.0.2.jar:/home/user/.m2/repository/com/fasterxml/jackson/dataformat/jackson-dataformat-cbor/2.9.9/jackson-dataformat-cbor-2.9.9.jar:/home/user/.m2/repository/joda-time/joda-time/2.9.9/joda-time-2.9.9.jar:/home/user/.m2/repository/com/amazonaws/jmespath-java/1.11.615/jmespath-java-1.11.615.jar:/home/user/.m2/repository/com/github/spotbugs/spotbugs/3.1.12/spotbugs-3.1.12.jar:/home/user/.m2/repository/org/ow2/asm/asm/5.0.4/asm-5.0.4.jar:/home/user/.m2/repository/org/ow2/asm/asm-analysis/7.0/asm-analysis-7.0.jar:/home/user/.m2/repository/org/ow2/asm/asm-commons/7.0/asm-commons-7.0.jar:/home/user/.m2/repository/org/ow2/asm/asm-tree/7.0/asm-tree-7.0.jar:/home/user/.m2/repository/org/ow2/asm/asm-util/7.0/asm-util-7.0.jar:/home/user/.m2/repository/org/apache/bcel/bcel/6.3/bcel-6.3.jar:/home/user/.m2/repository/net/jcip/jcip-annotations/1.0/jcip-annotations-1.0.jar:/home/user/.m2/repository/org/dom4j/dom4j/2.1.1/dom4j-2.1.1.jar:/home/user/.m2/repository/jaxen/jaxen/1.1.6/jaxen-1.1.6.jar:/home/user/.m2/repository/commons-lang/commons-lang/2.6/commons-lang-2.6.jar:/home/user/.m2/repository/com/github/spotbugs/spotbugs-annotations/3.1.12/spotbugs-annotations-3.1.12.jar:/home/user/.m2/repository/junit/junit/4.11/junit-4.11.jar:/home/user/.m2/repository/org/hamcrest/hamcrest-core/1.3/hamcrest-core-1.3.jar:/home/user/.m2/repository/org/apache/hadoop/hadoop-common/3.2.0/hadoop-common-3.2.0-tests.jar:/workdir/hadoop-ozone/integration-test/target/test-classes:/home/user/.m2/repository/org/apache/hadoop/hadoop-ozone-s3gateway/0.5.0-SNAPSHOT/hadoop-ozone-s3gateway-0.5.0-SNAPSHOT.jar:/home/user/.m2/repository/org/jboss/weld/servlet/weld-servlet/2.4.7.Final/weld-servlet-2.4.7.Final.jar:/home/user/.m2/repository/org/glassfish/jersey/containers/jersey-container-servlet-core/2.27/jersey-container-servlet-core-2.27.jar:/home/user/.m2/repository/org/glassfish/hk2/external/javax.inject/2.5.0-b42/javax.inject-2.5.0-b42.jar:/home/user/.m2/repository/org/glassfish/jersey/core/jersey-common/2.27/jersey-common-2.27.jar:/home/user/.m2/repository/org/glassfish/hk2/osgi-resource-locator/1.0.1/osgi-resource-locator-1.0.1.jar:/home/user/.m2/repository/javax/ws/rs/javax.ws.rs-api/2.1/javax.ws.rs-api-2.1.jar:/home/user/.m2/repository/org/glassfish/jersey/ext/cdi/jersey-cdi1x/2.27/jersey-cdi1x-2.27.jar:/home/user/.m2/repository/org/glassfish/jersey/inject/jersey-hk2/2.27/jersey-hk2-2.27.jar:/home/user/.m2/repository/org/glassfish/hk2/hk2-locator/2.5.0-b42/hk2-locator-2.5.0-b42.jar:/home/user/.m2/repository/org/javassist/javassist/3.22.0-CR2/javassist-3.22.0-CR2.jar:/home/user/.m2/repository/org/glassfish/hk2/hk2-api/2.5.0/hk2-api-2.5.0.jar:/home/user/.m2/repository/org/glassfish/hk2/external/jakarta.inject/2.5.0/jakarta.inject-2.5.0.jar:/home/user/.m2/repository/org/glassfish/hk2/hk2-utils/2.5.0/hk2-utils-2.5.0.jar:/home/user/.m2/repository/jakarta/annotation/jakarta.annotation-api/1.3.4/jakarta.annotation-api-1.3.4.jar:/home/user/.m2/repository/org/glassfish/hk2/external/aopalliance-repackaged/2.5.0/aopalliance-repackaged-2.5.0.jar:/home/user/.m2/repository/com/fasterxml/jackson/dataformat/jackson-dataformat-xml/2.9.0/jackson-dataformat-xml-2.9.0.jar:/home/user/.m2/repository/com/fasterxml/jackson/module/jackson-module-jaxb-annotations/2.9.9/jackson-module-jaxb-annotations-2.9.9.jar:/home/user/.m2/repository/javax/enterprise/cdi-api/1.2/cdi-api-1.2.jar:/home/user/.m2/repository/javax/el/javax.el-api/3.0.0/javax.el-api-3.0.0.jar:/home/user/.m2/repository/javax/interceptor/javax.interceptor-api/1.2/javax.interceptor-api-1.2.jar:/home/user/.m2/repository/javax/inject/javax.inject/1/javax.inject-1.jar:/home/user/.m2/repository/org/apache/hadoop/hadoop-ozone-csi/0.5.0-SNAPSHOT/hadoop-ozone-csi-0.5.0-SNAPSHOT.jar:/home/user/.m2/repository/com/google/protobuf/protobuf-java-util/3.5.1/protobuf-java-util-3.5.1.jar:/home/user/.m2/repository/io/grpc/grpc-netty/1.17.1/grpc-netty-1.17.1.jar:/home/user/.m2/repository/io/grpc/grpc-core/1.17.1/grpc-core-1.17.1.jar:/home/user/.m2/repository/io/grpc/grpc-context/1.17.1/grpc-context-1.17.1.jar:/home/user/.m2/repository/com/google/errorprone/error_prone_annotations/2.2.0/error_prone_annotations-2.2.0.jar:/home/user/.m2/repository/org/codehaus/mojo/animal-sniffer-annotations/1.17/animal-sniffer-annotations-1.17.jar:/home/user/.m2/repository/io/opencensus/opencensus-api/0.17.0/opencensus-api-0.17.0.jar:/home/user/.m2/repository/io/opencensus/opencensus-contrib-grpc-metrics/0.17.0/opencensus-contrib-grpc-metrics-0.17.0.jar:/home/user/.m2/repository/io/netty/netty-codec-http2/4.1.30.Final/netty-codec-http2-4.1.30.Final.jar:/home/user/.m2/repository/io/netty/netty-codec-http/4.1.30.Final/netty-codec-http-4.1.30.Final.jar:/home/user/.m2/repository/io/netty/netty-codec/4.1.30.Final/netty-codec-4.1.30.Final.jar:/home/user/.m2/repository/io/netty/netty-handler/4.1.30.Final/netty-handler-4.1.30.Final.jar:/home/user/.m2/repository/io/netty/netty-handler-proxy/4.1.30.Final/netty-handler-proxy-4.1.30.Final.jar:/home/user/.m2/repository/io/netty/netty-codec-socks/4.1.30.Final/netty-codec-socks-4.1.30.Final.jar:/home/user/.m2/repository/io/netty/netty-transport-native-epoll/4.1.30.Final/netty-transport-native-epoll-4.1.30.Final.jar:/home/user/.m2/repository/io/netty/netty-common/4.1.30.Final/netty-common-4.1.30.Final.jar:/home/user/.m2/repository/io/netty/netty-buffer/4.1.30.Final/netty-buffer-4.1.30.Final.jar:/home/user/.m2/repository/io/netty/netty-transport/4.1.30.Final/netty-transport-4.1.30.Final.jar:/home/user/.m2/repository/io/netty/netty-resolver/4.1.30.Final/netty-resolver-4.1.30.Final.jar:/home/user/.m2/repository/io/netty/netty-transport-native-unix-common/4.1.30.Final/netty-transport-native-unix-common-4.1.30.Final.jar:/home/user/.m2/repository/io/grpc/grpc-protobuf/1.17.1/grpc-protobuf-1.17.1.jar:/home/user/.m2/repository/com/google/api/grpc/proto-google-common-protos/1.0.0/proto-google-common-protos-1.0.0.jar:/home/user/.m2/repository/io/grpc/grpc-protobuf-lite/1.17.1/grpc-protobuf-lite-1.17.1.jar:/home/user/.m2/repository/io/grpc/grpc-stub/1.17.1/grpc-stub-1.17.1.jar:/home/user/.m2/repository/org/apache/hadoop/hadoop-ozone-recon/0.5.0-SNAPSHOT/hadoop-ozone-recon-0.5.0-SNAPSHOT.jar:/home/user/.m2/repository/org/apache/hadoop/hadoop-ozone-reconcodegen/0.5.0-SNAPSHOT/hadoop-ozone-reconcodegen-0.5.0-SNAPSHOT.jar:/home/user/.m2/repository/com/google/inject/extensions/guice-multibindings/4.0/guice-multibindings-4.0.jar:/home/user/.m2/repository/com/google/inject/guice/4.0/guice-4.0.jar:/home/user/.m2/repository/aopalliance/aopalliance/1.0/aopalliance-1.0.jar:/home/user/.m2/repository/com/google/inject/extensions/guice-servlet/4.0/guice-servlet-4.0.jar:/home/user/.m2/repository/org/glassfish/jersey/containers/jersey-container-servlet/2.27/jersey-container-servlet-2.27.jar:/home/user/.m2/repository/org/glassfish/hk2/guice-bridge/2.5.0/guice-bridge-2.5.0.jar:/home/user/.m2/repository/org/glassfish/jersey/core/jersey-server/2.27/jersey-server-2.27.jar:/home/user/.m2/repository/org/glassfish/jersey/core/jersey-client/2.27/jersey-client-2.27.jar:/home/user/.m2/repository/org/glassfish/jersey/media/jersey-media-jaxb/2.27/jersey-media-jaxb-2.27.jar:/home/user/.m2/repository/javax/validation/validation-api/1.1.0.Final/validation-api-1.1.0.Final.jar:/home/user/.m2/repository/org/glassfish/jersey/media/jersey-media-json-jackson/2.27/jersey-media-json-jackson-2.27.jar:/home/user/.m2/repository/org/glassfish/jersey/ext/jersey-entity-filtering/2.27/jersey-entity-filtering-2.27.jar:/home/user/.m2/repository/com/google/inject/extensions/guice-assistedinject/4.0/guice-assistedinject-4.0.jar:/home/user/.m2/repository/org/jooq/jooq/3.11.10/jooq-3.11.10.jar:/home/user/.m2/repository/org/jooq/jooq-meta/3.11.10/jooq-meta-3.11.10.jar:/home/user/.m2/repository/org/jooq/jooq-codegen/3.11.10/jooq-codegen-3.11.10.jar:/home/user/.m2/repository/com/jolbox/bonecp/0.8.0.RELEASE/bonecp-0.8.0.RELEASE.jar:/home/user/.m2/repository/org/springframework/spring-jdbc/5.1.3.RELEASE/spring-jdbc-5.1.3.RELEASE.jar:/home/user/.m2/repository/org/springframework/spring-beans/5.1.3.RELEASE/spring-beans-5.1.3.RELEASE.jar:/home/user/.m2/repository/org/springframework/spring-core/5.1.3.RELEASE/spring-core-5.1.3.RELEASE.jar:/home/user/.m2/repository/org/springframework/spring-jcl/5.1.3.RELEASE/spring-jcl-5.1.3.RELEASE.jar:/home/user/.m2/repository/org/springframework/spring-tx/5.1.3.RELEASE/spring-tx-5.1.3.RELEASE.jar:/home/user/.m2/repository/org/mockito/mockito-core/2.15.0/mockito-core-2.15.0.jar:/home/user/.m2/repository/net/bytebuddy/byte-buddy/1.7.9/byte-buddy-1.7.9.jar:/home/user/.m2/repository/net/bytebuddy/byte-buddy-agent/1.7.9/byte-buddy-agent-1.7.9.jar:/home/user/.m2/repository/org/objenesis/objenesis/1.0/objenesis-1.0.jar:"/>
    <property name="sun.cpu.endian" value="little"/>
    <property name="user.home" value="/home/user"/>
    <property name="user.language" value="en"/>
    <property name="java.specification.vendor" value="Oracle Corporation"/>
    <property name="java.home" value="/usr/lib/jvm/java-1.8.0-openjdk-1.8.0.222.b10-1.el7_7.x86_64/jre"/>
    <property name="surefire.excludesFile" value="/tools/ozone-bad-unit-tests"/>
    <property name="java.security.krb5.conf" value="/workdir/hadoop-ozone/tools/target/test-classes/krb5.conf"/>
    <property name="basedir" value="/workdir/hadoop-ozone/tools"/>
    <property name="file.separator" value="/"/>
    <property name="line.separator" value="&#10;"/>
    <property name="java.vm.specification.vendor" value="Oracle Corporation"/>
    <property name="java.specification.name" value="Java Platform API Specification"/>
    <property name="java.awt.graphicsenv" value="sun.awt.X11GraphicsEnvironment"/>
    <property name="surefire.real.class.path" value="/workdir/hadoop-ozone/tools/target/surefire/surefirebooter6352392324628774200.jar"/>
    <property name="hadoop.log.dir" value="/workdir/hadoop-ozone/tools/target/log"/>
    <property name="sun.boot.class.path" value="/usr/lib/jvm/java-1.8.0-openjdk-1.8.0.222.b10-1.el7_7.x86_64/jre/lib/resources.jar:/usr/lib/jvm/java-1.8.0-openjdk-1.8.0.222.b10-1.el7_7.x86_64/jre/lib/rt.jar:/usr/lib/jvm/java-1.8.0-openjdk-1.8.0.222.b10-1.el7_7.x86_64/jre/lib/sunrsasign.jar:/usr/lib/jvm/java-1.8.0-openjdk-1.8.0.222.b10-1.el7_7.x86_64/jre/lib/jsse.jar:/usr/lib/jvm/java-1.8.0-openjdk-1.8.0.222.b10-1.el7_7.x86_64/jre/lib/jce.jar:/usr/lib/jvm/java-1.8.0-openjdk-1.8.0.222.b10-1.el7_7.x86_64/jre/lib/charsets.jar:/usr/lib/jvm/java-1.8.0-openjdk-1.8.0.222.b10-1.el7_7.x86_64/jre/lib/jfr.jar:/usr/lib/jvm/java-1.8.0-openjdk-1.8.0.222.b10-1.el7_7.x86_64/jre/classes"/>
    <property name="sun.management.compiler" value="HotSpot 64-Bit Tiered Compilers"/>
    <property name="java.runtime.version" value="1.8.0_222-b10"/>
    <property name="java.net.preferIPv4Stack" value="true"/>
    <property name="user.name" value="jenkins1000"/>
    <property name="path.separator" value=":"/>
    <property name="java.security.egd" value="file:///dev/urandom"/>
    <property name="os.version" value="3.10.0-957.12.2.el7.x86_64"/>
    <property name="java.endorsed.dirs" value="/usr/lib/jvm/java-1.8.0-openjdk-1.8.0.222.b10-1.el7_7.x86_64/jre/lib/endorsed"/>
    <property name="java.runtime.name" value="OpenJDK Runtime Environment"/>
    <property name="file.encoding" value="ANSI_X3.4-1968"/>
    <property name="java.vm.name" value="OpenJDK 64-Bit Server VM"/>
    <property name="test.build.webapps" value=""/>
    <property name="localRepository" value="/home/user/.m2/repository"/>
    <property name="java.vendor.url.bug" value="http://bugreport.sun.com/bugreport/"/>
    <property name="java.io.tmpdir" value="/tmp"/>
    <property name="require.test.libhadoop" value=""/>
    <property name="java.version" value="1.8.0_222"/>
    <property name="user.dir" value="/workdir/hadoop-ozone/tools"/>
    <property name="os.arch" value="amd64"/>
    <property name="java.vm.specification.name" value="Java Virtual Machine Specification"/>
    <property name="test.build.classes" value="/workdir/hadoop-ozone/tools/target/test-classes"/>
    <property name="java.awt.printerjob" value="sun.print.PSPrinterJob"/>
    <property name="sun.os.patch.level" value="unknown"/>
    <property name="hadoop.tmp.dir" value="/workdir/hadoop-ozone/tools/target/tmp"/>
    <property name="java.library.path" value="/usr/lib:/workdir/hadoop-ozone/tools/target/native/target/usr/local/lib:/workdir/hadoop-ozone/tools/../../hadoop-common-project/hadoop-common/target/native/target/usr/local/lib:/usr/java/packages/lib/amd64:/usr/lib64:/lib64:/lib:/usr/lib"/>
    <property name="java.vm.info" value="mixed mode"/>
    <property name="java.vendor" value="Oracle Corporation"/>
    <property name="java.vm.version" value="25.222-b10"/>
    <property name="java.ext.dirs" value="/usr/lib/jvm/java-1.8.0-openjdk-1.8.0.222.b10-1.el7_7.x86_64/jre/lib/ext:/usr/java/packages/lib/ext"/>
    <property name="sun.io.unicode.encoding" value="UnicodeLittle"/>
    <property name="java.class.version" value="52.0"/>
  </properties>
  <testcase name="testRestart" classname="org.apache.hadoop.ozone.freon.TestFreonWithPipelineDestroy" time="18.654">
    <error message="Allocated 0 blocks. Requested 5 blocks" type="INTERNAL_ERROR org.apache.hadoop.ozone.om.exceptions.OMException">INTERNAL_ERROR org.apache.hadoop.ozone.om.exceptions.OMException: Allocated 0 blocks. Requested 5 blocks
	at org.apache.hadoop.ozone.om.protocolPB.OzoneManagerProtocolClientSideTranslatorPB.handleError(OzoneManagerProtocolClientSideTranslatorPB.java:732)
	at org.apache.hadoop.ozone.om.protocolPB.OzoneManagerProtocolClientSideTranslatorPB.openKey(OzoneManagerProtocolClientSideTranslatorPB.java:723)
	at sun.reflect.NativeMethodAccessorImpl.invoke0(Native Method)
	at sun.reflect.NativeMethodAccessorImpl.invoke(NativeMethodAccessorImpl.java:62)
	at sun.reflect.DelegatingMethodAccessorImpl.invoke(DelegatingMethodAccessorImpl.java:43)
	at java.lang.reflect.Method.invoke(Method.java:498)
	at org.apache.hadoop.hdds.tracing.TraceAllMethod.invoke(TraceAllMethod.java:66)
	at com.sun.proxy.$Proxy37.openKey(Unknown Source)
	at org.apache.hadoop.ozone.client.rpc.RpcClient.createKey(RpcClient.java:614)
	at org.apache.hadoop.ozone.client.OzoneBucket.createKey(OzoneBucket.java:325)
	at org.apache.hadoop.ozone.freon.RandomKeyGenerator.createKey(RandomKeyGenerator.java:695)
	at org.apache.hadoop.ozone.freon.RandomKeyGenerator.access$1100(RandomKeyGenerator.java:88)
	at org.apache.hadoop.ozone.freon.RandomKeyGenerator$ObjectCreator.run(RandomKeyGenerator.java:615)
	at java.util.concurrent.Executors$RunnableAdapter.call(Executors.java:511)
	at java.util.concurrent.FutureTask.run(FutureTask.java:266)
	at java.util.concurrent.ThreadPoolExecutor.runWorker(ThreadPoolExecutor.java:1149)
	at java.util.concurrent.ThreadPoolExecutor$Worker.run(ThreadPoolExecutor.java:624)
	at java.lang.Thread.run(Thread.java:748)
</error>
    <system-out><![CDATA[2019-10-16 22:16:43,652 [main] WARN  server.ServerUtils (ServerUtils.java:getScmDbDir(145)) - ozone.scm.db.dirs is not configured. We recommend adding this setting. Falling back to ozone.metadata.dirs instead.
2019-10-16 22:16:43,737 [main] WARN  server.ServerUtils (ServerUtils.java:getScmDbDir(145)) - ozone.scm.db.dirs is not configured. We recommend adding this setting. Falling back to ozone.metadata.dirs instead.
2019-10-16 22:16:43,758 [main] WARN  server.ServerUtils (ServerUtils.java:getScmDbDir(145)) - ozone.scm.db.dirs is not configured. We recommend adding this setting. Falling back to ozone.metadata.dirs instead.
2019-10-16 22:16:43,782 [main] INFO  util.log (Log.java:initialized(192)) - Logging initialized @818ms
2019-10-16 22:16:43,873 [main] INFO  db.DBStoreBuilder (DBStoreBuilder.java:addTable(117)) - using custom profile for table: deletedBlocks
2019-10-16 22:16:43,874 [main] INFO  db.DBStoreBuilder (DBStoreBuilder.java:processTables(168)) - Using default column profile:DBProfile.DISK for Table:deletedBlocks
2019-10-16 22:16:43,874 [main] INFO  db.DBStoreBuilder (DBStoreBuilder.java:addTable(117)) - using custom profile for table: validCerts
2019-10-16 22:16:43,874 [main] INFO  db.DBStoreBuilder (DBStoreBuilder.java:processTables(168)) - Using default column profile:DBProfile.DISK for Table:validCerts
2019-10-16 22:16:43,875 [main] INFO  db.DBStoreBuilder (DBStoreBuilder.java:addTable(117)) - using custom profile for table: revokedCerts
2019-10-16 22:16:43,875 [main] INFO  db.DBStoreBuilder (DBStoreBuilder.java:processTables(168)) - Using default column profile:DBProfile.DISK for Table:revokedCerts
2019-10-16 22:16:43,885 [main] INFO  db.DBStoreBuilder (DBStoreBuilder.java:addTable(117)) - using custom profile for table: default
2019-10-16 22:16:43,885 [main] INFO  db.DBStoreBuilder (DBStoreBuilder.java:processTables(174)) - Using default column profile:DBProfile.DISK for Table:default
2019-10-16 22:16:43,886 [main] INFO  db.DBStoreBuilder (DBStoreBuilder.java:getDbProfile(205)) - Using default options. DBProfile.DISK
2019-10-16 22:16:44,251 [main] INFO  net.NodeSchemaLoader (NodeSchemaLoader.java:loadSchemaFromFile(125)) - Loading file from sun.misc.CompoundEnumeration@3754a4bf
2019-10-16 22:16:44,253 [main] INFO  net.NodeSchemaLoader (NodeSchemaLoader.java:loadSchema(171)) - Loading network topology layer schema file
2019-10-16 22:16:44,317 [main] INFO  node.SCMNodeManager (SCMNodeManager.java:<init>(116)) - Entering startup safe mode.
2019-10-16 22:16:44,378 [main] INFO  algorithms.ContainerPlacementPolicyFactory (ContainerPlacementPolicyFactory.java:getPolicy(57)) - Create container placement policy of type org.apache.hadoop.hdds.scm.container.placement.algorithms.SCMContainerPlacementRandom
2019-10-16 22:16:44,391 [main] WARN  server.ServerUtils (ServerUtils.java:getScmDbDir(145)) - ozone.scm.db.dirs is not configured. We recommend adding this setting. Falling back to ozone.metadata.dirs instead.
2019-10-16 22:16:44,499 [main] INFO  pipeline.SCMPipelineManager (SCMPipelineManager.java:initializePipelineState(132)) - No pipeline exists in current db
2019-10-16 22:16:44,502 [main] WARN  server.ServerUtils (ServerUtils.java:getScmDbDir(145)) - ozone.scm.db.dirs is not configured. We recommend adding this setting. Falling back to ozone.metadata.dirs instead.
2019-10-16 22:16:44,633 [main] WARN  events.EventQueue (EventQueue.java:fireEvent(183)) - No event handler registered for event TypedEvent{payloadType=SafeModeStatus, name='SafeModeStatus'}
2019-10-16 22:16:44,976 [main] INFO  ipc.CallQueueManager (CallQueueManager.java:<init>(84)) - Using callQueue: class java.util.concurrent.LinkedBlockingQueue, queueCapacity: 2000, scheduler: class org.apache.hadoop.ipc.DefaultRpcScheduler, ipcBackoff: false.
2019-10-16 22:16:45,085 [Socket Reader #1 for port 42044] INFO  ipc.Server (Server.java:run(1074)) - Starting Socket Reader #1 for port 42044
2019-10-16 22:16:45,112 [main] INFO  ipc.CallQueueManager (CallQueueManager.java:<init>(84)) - Using callQueue: class java.util.concurrent.LinkedBlockingQueue, queueCapacity: 2000, scheduler: class org.apache.hadoop.ipc.DefaultRpcScheduler, ipcBackoff: false.
2019-10-16 22:16:45,113 [Socket Reader #1 for port 33264] INFO  ipc.Server (Server.java:run(1074)) - Starting Socket Reader #1 for port 33264
2019-10-16 22:16:45,120 [main] INFO  ipc.CallQueueManager (CallQueueManager.java:<init>(84)) - Using callQueue: class java.util.concurrent.LinkedBlockingQueue, queueCapacity: 2000, scheduler: class org.apache.hadoop.ipc.DefaultRpcScheduler, ipcBackoff: false.
2019-10-16 22:16:45,121 [Socket Reader #1 for port 36633] INFO  ipc.Server (Server.java:run(1074)) - Starting Socket Reader #1 for port 36633
2019-10-16 22:16:45,143 [main] INFO  hdfs.DFSUtil (DFSUtil.java:httpServerTemplateForNNAndJN(1641)) - Starting Web-server for scm at: http://0.0.0.0:0
2019-10-16 22:16:45,270 [main] INFO  server.AuthenticationFilter (AuthenticationFilter.java:constructSecretProvider(240)) - Unable to initialize FileSignerSecretProvider, falling back to use random secrets.
2019-10-16 22:16:45,285 [main] WARN  http.HttpRequestLog (HttpRequestLog.java:getRequestLog(97)) - Jetty request log can only be enabled using Log4j
2019-10-16 22:16:45,293 [main] INFO  http.HttpServer2 (HttpServer2.java:addGlobalFilter(975)) - Added global filter 'safety' (class=org.apache.hadoop.http.HttpServer2$QuotingInputFilter)
2019-10-16 22:16:45,296 [main] INFO  http.HttpServer2 (HttpServer2.java:addFilter(948)) - Added filter static_user_filter (class=org.apache.hadoop.http.lib.StaticUserWebFilter$StaticUserFilter) to context scm
2019-10-16 22:16:45,296 [main] INFO  http.HttpServer2 (HttpServer2.java:addFilter(958)) - Added filter static_user_filter (class=org.apache.hadoop.http.lib.StaticUserWebFilter$StaticUserFilter) to context logs
2019-10-16 22:16:45,296 [main] INFO  http.HttpServer2 (HttpServer2.java:addFilter(958)) - Added filter static_user_filter (class=org.apache.hadoop.http.lib.StaticUserWebFilter$StaticUserFilter) to context static
2019-10-16 22:16:45,337 [main] INFO  server.StorageContainerManager (StorageContainerManager.java:start(772)) - StorageContainerLocationProtocol RPC server is listening at /0.0.0.0:36633
2019-10-16 22:16:45,402 [main] WARN  impl.MetricsConfig (MetricsConfig.java:loadFirst(134)) - Cannot locate configuration: tried hadoop-metrics2-storagecontainermanager.properties,hadoop-metrics2.properties
2019-10-16 22:16:45,416 [main] INFO  impl.MetricsSystemImpl (MetricsSystemImpl.java:startTimer(374)) - Scheduled Metric snapshot period at 10 second(s).
2019-10-16 22:16:45,416 [main] INFO  impl.MetricsSystemImpl (MetricsSystemImpl.java:start(191)) - StorageContainerManager metrics system started
2019-10-16 22:16:45,635 [main] INFO  server.SCMClientProtocolServer (SCMClientProtocolServer.java:start(159)) - RPC server for Client  is listening at /0.0.0.0:36633
2019-10-16 22:16:45,636 [IPC Server Responder] INFO  ipc.Server (Server.java:run(1314)) - IPC Server Responder: starting
2019-10-16 22:16:45,637 [IPC Server listener on 36633] INFO  ipc.Server (Server.java:run(1153)) - IPC Server listener on 36633: starting
2019-10-16 22:16:45,639 [main] INFO  server.StorageContainerManager (StorageContainerManager.java:start(782)) - ScmBlockLocationProtocol RPC server is listening at /0.0.0.0:33264
2019-10-16 22:16:45,640 [main] INFO  server.SCMBlockProtocolServer (SCMBlockProtocolServer.java:start(146)) - RPC server for Block Protocol is listening at /0.0.0.0:33264
2019-10-16 22:16:45,640 [IPC Server Responder] INFO  ipc.Server (Server.java:run(1314)) - IPC Server Responder: starting
2019-10-16 22:16:45,641 [IPC Server listener on 33264] INFO  ipc.Server (Server.java:run(1153)) - IPC Server listener on 33264: starting
2019-10-16 22:16:45,643 [main] INFO  server.StorageContainerManager (StorageContainerManager.java:start(786)) - ScmDatanodeProtocl RPC server is listening at /0.0.0.0:42044
2019-10-16 22:16:45,643 [main] INFO  server.SCMDatanodeProtocolServer (SCMDatanodeProtocolServer.java:start(169)) - RPC server for DataNodes is listening at /0.0.0.0:42044
2019-10-16 22:16:45,644 [IPC Server Responder] INFO  ipc.Server (Server.java:run(1314)) - IPC Server Responder: starting
2019-10-16 22:16:45,644 [IPC Server listener on 42044] INFO  ipc.Server (Server.java:run(1153)) - IPC Server listener on 42044: starting
2019-10-16 22:16:45,648 [main] INFO  http.HttpServer2 (HttpServer2.java:bindListener(1191)) - Jetty bound to port 42319
2019-10-16 22:16:45,649 [main] INFO  server.Server (Server.java:doStart(351)) - jetty-9.3.25.v20180904, build timestamp: 2018-09-04T21:11:46Z, git hash: 3ce520221d0240229c862b122d2b06c12a625732
2019-10-16 22:16:45,679 [main] INFO  handler.ContextHandler (ContextHandler.java:doStart(781)) - Started o.e.j.s.ServletContextHandler@61c9c3fd{/logs,file:///workdir/hadoop-ozone/tools/target/log,AVAILABLE}
2019-10-16 22:16:45,680 [main] INFO  handler.ContextHandler (ContextHandler.java:doStart(781)) - Started o.e.j.s.ServletContextHandler@302a07d{/static,jar:file:/home/user/.m2/repository/org/apache/hadoop/hadoop-hdds-server-scm/0.5.0-SNAPSHOT/hadoop-hdds-server-scm-0.5.0-SNAPSHOT.jar!/webapps/static,AVAILABLE}
2019-10-16 22:16:45,746 [main] INFO  handler.ContextHandler (ContextHandler.java:doStart(781)) - Started o.e.j.w.WebAppContext@46ab18da{/,file:///tmp/jetty-0.0.0.0-42319-scm-_-any-8950325880295405070.dir/webapp/,AVAILABLE}{/scm}
2019-10-16 22:16:45,750 [main] INFO  server.AbstractConnector (AbstractConnector.java:doStart(278)) - Started ServerConnector@2af616d3{HTTP/1.1,[http/1.1]}{0.0.0.0:42319}
2019-10-16 22:16:45,751 [main] INFO  server.Server (Server.java:doStart(419)) - Started @2787ms
2019-10-16 22:16:45,753 [main] INFO  impl.MetricsSinkAdapter (MetricsSinkAdapter.java:start(204)) - Sink prometheus started
2019-10-16 22:16:45,753 [main] INFO  impl.MetricsSystemImpl (MetricsSystemImpl.java:registerSink(301)) - Registered sink prometheus
2019-10-16 22:16:45,754 [main] INFO  server.BaseHttpServer (BaseHttpServer.java:updateConnectorAddress(215)) - HTTP server of SCM is listening at http://0.0.0.0:42319
2019-10-16 22:16:45,760 [org.apache.hadoop.util.JvmPauseMonitor$Monitor@226f885f] INFO  util.JvmPauseMonitor (JvmPauseMonitor.java:run(188)) - Starting JVM pause monitor
2019-10-16 22:16:45,763 [main] WARN  server.ServerUtils (ServerUtils.java:getDBPath(222)) - ozone.om.db.dirs is not configured. We recommend adding this setting. Falling back to ozone.metadata.dirs instead.
2019-10-16 22:16:45,848 [main] INFO  ha.OMHANodeDetails (OMHANodeDetails.java:loadOMHAConfig(190)) - Configuration either no ozone.om.address set. Falling back to the default OM address /127.0.0.1:0
2019-10-16 22:16:45,848 [main] INFO  ha.OMHANodeDetails (OMHANodeDetails.java:getOMNodeDetails(220)) - OM Service ID is not set. Setting it to the default ID: omServiceIdDefault
2019-10-16 22:16:45,850 [main] WARN  server.ServerUtils (ServerUtils.java:getDBPath(222)) - ozone.om.db.dirs is not configured. We recommend adding this setting. Falling back to ozone.metadata.dirs instead.
2019-10-16 22:16:45,851 [main] WARN  server.ServerUtils (ServerUtils.java:getDBPath(222)) - ozone.om.db.dirs is not configured. We recommend adding this setting. Falling back to ozone.metadata.dirs instead.
2019-10-16 22:16:46,460 [main] WARN  server.ServerUtils (ServerUtils.java:getDBPath(222)) - ozone.om.db.dirs is not configured. We recommend adding this setting. Falling back to ozone.metadata.dirs instead.
2019-10-16 22:16:46,468 [main] INFO  db.DBStoreBuilder (DBStoreBuilder.java:addTable(117)) - using custom profile for table: userTable
2019-10-16 22:16:46,468 [main] INFO  db.DBStoreBuilder (DBStoreBuilder.java:processTables(168)) - Using default column profile:DBProfile.DISK for Table:userTable
2019-10-16 22:16:46,468 [main] INFO  db.DBStoreBuilder (DBStoreBuilder.java:addTable(117)) - using custom profile for table: volumeTable
2019-10-16 22:16:46,468 [main] INFO  db.DBStoreBuilder (DBStoreBuilder.java:processTables(168)) - Using default column profile:DBProfile.DISK for Table:volumeTable
2019-10-16 22:16:46,469 [main] INFO  db.DBStoreBuilder (DBStoreBuilder.java:addTable(117)) - using custom profile for table: bucketTable
2019-10-16 22:16:46,469 [main] INFO  db.DBStoreBuilder (DBStoreBuilder.java:processTables(168)) - Using default column profile:DBProfile.DISK for Table:bucketTable
2019-10-16 22:16:46,469 [main] INFO  db.DBStoreBuilder (DBStoreBuilder.java:addTable(117)) - using custom profile for table: keyTable
2019-10-16 22:16:46,469 [main] INFO  db.DBStoreBuilder (DBStoreBuilder.java:processTables(168)) - Using default column profile:DBProfile.DISK for Table:keyTable
2019-10-16 22:16:46,470 [main] INFO  db.DBStoreBuilder (DBStoreBuilder.java:addTable(117)) - using custom profile for table: deletedTable
2019-10-16 22:16:46,470 [main] INFO  db.DBStoreBuilder (DBStoreBuilder.java:processTables(168)) - Using default column profile:DBProfile.DISK for Table:deletedTable
2019-10-16 22:16:46,470 [main] INFO  db.DBStoreBuilder (DBStoreBuilder.java:addTable(117)) - using custom profile for table: openKeyTable
2019-10-16 22:16:46,470 [main] INFO  db.DBStoreBuilder (DBStoreBuilder.java:processTables(168)) - Using default column profile:DBProfile.DISK for Table:openKeyTable
2019-10-16 22:16:46,470 [main] INFO  db.DBStoreBuilder (DBStoreBuilder.java:addTable(117)) - using custom profile for table: s3Table
2019-10-16 22:16:46,471 [main] INFO  db.DBStoreBuilder (DBStoreBuilder.java:processTables(168)) - Using default column profile:DBProfile.DISK for Table:s3Table
2019-10-16 22:16:46,471 [main] INFO  db.DBStoreBuilder (DBStoreBuilder.java:addTable(117)) - using custom profile for table: multipartInfoTable
2019-10-16 22:16:46,471 [main] INFO  db.DBStoreBuilder (DBStoreBuilder.java:processTables(168)) - Using default column profile:DBProfile.DISK for Table:multipartInfoTable
2019-10-16 22:16:46,471 [main] INFO  db.DBStoreBuilder (DBStoreBuilder.java:addTable(117)) - using custom profile for table: dTokenTable
2019-10-16 22:16:46,471 [main] INFO  db.DBStoreBuilder (DBStoreBuilder.java:processTables(168)) - Using default column profile:DBProfile.DISK for Table:dTokenTable
2019-10-16 22:16:46,472 [main] INFO  db.DBStoreBuilder (DBStoreBuilder.java:addTable(117)) - using custom profile for table: s3SecretTable
2019-10-16 22:16:46,472 [main] INFO  db.DBStoreBuilder (DBStoreBuilder.java:processTables(168)) - Using default column profile:DBProfile.DISK for Table:s3SecretTable
2019-10-16 22:16:46,472 [main] INFO  db.DBStoreBuilder (DBStoreBuilder.java:addTable(117)) - using custom profile for table: prefixTable
2019-10-16 22:16:46,472 [main] INFO  db.DBStoreBuilder (DBStoreBuilder.java:processTables(168)) - Using default column profile:DBProfile.DISK for Table:prefixTable
2019-10-16 22:16:46,473 [main] INFO  db.DBStoreBuilder (DBStoreBuilder.java:addTable(117)) - using custom profile for table: default
2019-10-16 22:16:46,473 [main] INFO  db.DBStoreBuilder (DBStoreBuilder.java:processTables(174)) - Using default column profile:DBProfile.DISK for Table:default
2019-10-16 22:16:46,473 [main] INFO  db.DBStoreBuilder (DBStoreBuilder.java:getDbProfile(205)) - Using default options. DBProfile.DISK
2019-10-16 22:16:47,136 [main] INFO  ipc.CallQueueManager (CallQueueManager.java:<init>(84)) - Using callQueue: class java.util.concurrent.LinkedBlockingQueue, queueCapacity: 2000, scheduler: class org.apache.hadoop.ipc.DefaultRpcScheduler, ipcBackoff: false.
2019-10-16 22:16:47,137 [Socket Reader #1 for port 34475] INFO  ipc.Server (Server.java:run(1074)) - Starting Socket Reader #1 for port 34475
2019-10-16 22:16:47,159 [main] INFO  om.OzoneManager (OzoneManager.java:start(1071)) - OzoneManager RPC server is listening at localhost/127.0.0.1:34475
2019-10-16 22:16:47,160 [main] INFO  impl.MetricsSystemImpl (MetricsSystemImpl.java:init(158)) - OzoneManager metrics system started (again)
2019-10-16 22:16:47,167 [IPC Server Responder] INFO  ipc.Server (Server.java:run(1314)) - IPC Server Responder: starting
2019-10-16 22:16:47,167 [IPC Server listener on 34475] INFO  ipc.Server (Server.java:run(1153)) - IPC Server listener on 34475: starting
2019-10-16 22:16:47,173 [main] INFO  hdfs.DFSUtil (DFSUtil.java:httpServerTemplateForNNAndJN(1641)) - Starting Web-server for ozoneManager at: http://0.0.0.0:0
2019-10-16 22:16:47,174 [main] INFO  server.AuthenticationFilter (AuthenticationFilter.java:constructSecretProvider(240)) - Unable to initialize FileSignerSecretProvider, falling back to use random secrets.
2019-10-16 22:16:47,175 [main] WARN  http.HttpRequestLog (HttpRequestLog.java:getRequestLog(97)) - Jetty request log can only be enabled using Log4j
2019-10-16 22:16:47,176 [main] INFO  http.HttpServer2 (HttpServer2.java:addGlobalFilter(975)) - Added global filter 'safety' (class=org.apache.hadoop.http.HttpServer2$QuotingInputFilter)
2019-10-16 22:16:47,177 [main] INFO  http.HttpServer2 (HttpServer2.java:addFilter(948)) - Added filter static_user_filter (class=org.apache.hadoop.http.lib.StaticUserWebFilter$StaticUserFilter) to context ozoneManager
2019-10-16 22:16:47,177 [main] INFO  http.HttpServer2 (HttpServer2.java:addFilter(958)) - Added filter static_user_filter (class=org.apache.hadoop.http.lib.StaticUserWebFilter$StaticUserFilter) to context static
2019-10-16 22:16:47,178 [main] INFO  http.HttpServer2 (HttpServer2.java:addFilter(958)) - Added filter static_user_filter (class=org.apache.hadoop.http.lib.StaticUserWebFilter$StaticUserFilter) to context logs
2019-10-16 22:16:47,180 [main] INFO  http.HttpServer2 (HttpServer2.java:bindListener(1191)) - Jetty bound to port 39055
2019-10-16 22:16:47,180 [main] INFO  server.Server (Server.java:doStart(351)) - jetty-9.3.25.v20180904, build timestamp: 2018-09-04T21:11:46Z, git hash: 3ce520221d0240229c862b122d2b06c12a625732
2019-10-16 22:16:47,182 [main] INFO  handler.ContextHandler (ContextHandler.java:doStart(781)) - Started o.e.j.s.ServletContextHandler@7e46d648{/logs,file:///workdir/hadoop-ozone/tools/target/log,AVAILABLE}
2019-10-16 22:16:47,182 [main] INFO  handler.ContextHandler (ContextHandler.java:doStart(781)) - Started o.e.j.s.ServletContextHandler@2b0b4d53{/static,jar:file:/home/user/.m2/repository/org/apache/hadoop/hadoop-ozone-ozone-manager/0.5.0-SNAPSHOT/hadoop-ozone-ozone-manager-0.5.0-SNAPSHOT.jar!/webapps/static,AVAILABLE}
2019-10-16 22:16:47,230 [main] INFO  handler.ContextHandler (ContextHandler.java:doStart(781)) - Started o.e.j.w.WebAppContext@4bee18dc{/,file:///tmp/jetty-0.0.0.0-39055-ozoneManager-_-any-2643424907364976345.dir/webapp/,AVAILABLE}{/ozoneManager}
2019-10-16 22:16:47,231 [main] INFO  server.AbstractConnector (AbstractConnector.java:doStart(278)) - Started ServerConnector@44f3fe83{HTTP/1.1,[http/1.1]}{0.0.0.0:39055}
2019-10-16 22:16:47,231 [main] INFO  server.Server (Server.java:doStart(419)) - Started @4268ms
2019-10-16 22:16:47,231 [main] WARN  impl.MetricsSystemImpl (MetricsSystemImpl.java:register(276)) - Sink prometheus already exists!
2019-10-16 22:16:47,233 [main] INFO  server.BaseHttpServer (BaseHttpServer.java:updateConnectorAddress(215)) - HTTP server of OZONEMANAGER is listening at http://0.0.0.0:39055
2019-10-16 22:16:47,489 [main] INFO  impl.MetricsSystemImpl (MetricsSystemImpl.java:init(158)) - HddsDatanode metrics system started (again)
2019-10-16 22:16:47,534 [main] INFO  ozone.HddsDatanodeService (HddsDatanodeService.java:start(184)) - HddsDatanodeService host:pr-hdds-1868-89kc4-1304904179 ip:192.168.34.38
2019-10-16 22:16:47,568 [main] INFO  volume.HddsVolume (HddsVolume.java:<init>(176)) - Creating Volume: /workdir/hadoop-ozone/tools/target/test-dir/MiniOzoneClusterImpl-f547a2d9-0c70-45d1-bc96-08b1275e21f1/datanode-0/data/containers/hdds of  storage type : DISK and capacity : 1482555576320
2019-10-16 22:16:47,570 [main] INFO  volume.VolumeSet (VolumeSet.java:initializeVolumeSet(170)) - Added Volume : /workdir/hadoop-ozone/tools/target/test-dir/MiniOzoneClusterImpl-f547a2d9-0c70-45d1-bc96-08b1275e21f1/datanode-0/data/containers/hdds to VolumeSet
2019-10-16 22:16:47,573 [main] INFO  volume.ThrottledAsyncChecker (ThrottledAsyncChecker.java:schedule(141)) - Scheduling a check for /workdir/hadoop-ozone/tools/target/test-dir/MiniOzoneClusterImpl-f547a2d9-0c70-45d1-bc96-08b1275e21f1/datanode-0/data/containers/hdds
2019-10-16 22:16:47,589 [main] INFO  volume.HddsVolumeChecker (HddsVolumeChecker.java:checkAllVolumes(204)) - Scheduled health check for volume /workdir/hadoop-ozone/tools/target/test-dir/MiniOzoneClusterImpl-f547a2d9-0c70-45d1-bc96-08b1275e21f1/datanode-0/data/containers/hdds
2019-10-16 22:16:47,692 [main] INFO  impl.RaftServerProxy (ConfUtils.java:logGet(43)) - raft.rpc.type = GRPC (default)
2019-10-16 22:16:47,750 [main] INFO  grpc.GrpcFactory (GrpcFactory.java:checkPooledByteBufAllocatorUseCacheForAllThreads(45)) - PERFORMANCE WARNING: useCacheForAllThreads is true that may cause Netty to create a lot garbage objects and, as a result, trigger GC.
	It is recommended to disable useCacheForAllThreads by setting -Dorg.apache.ratis.thirdparty.io.netty.allocator.useCacheForAllThreads=false in command line.
2019-10-16 22:16:47,755 [main] INFO  grpc.GrpcConfigKeys$Server (ConfUtils.java:logGet(43)) - raft.grpc.server.port = 0 (default)
2019-10-16 22:16:47,756 [main] INFO  server.GrpcService (ConfUtils.java:logGet(43)) - raft.grpc.message.size.max = 33570816 (custom)
2019-10-16 22:16:47,757 [main] INFO  server.RaftServerConfigKeys (ConfUtils.java:logGet(43)) - raft.server.log.appender.buffer.byte-limit = 33554432 (custom)
2019-10-16 22:16:47,758 [main] INFO  server.GrpcService (ConfUtils.java:logGet(43)) - raft.grpc.flow.control.window = 1MB (=1048576) (default)
2019-10-16 22:16:47,759 [main] INFO  server.RaftServerConfigKeys (ConfUtils.java:logGet(43)) - raft.server.rpc.request.timeout = 3000ms (default)
2019-10-16 22:16:47,912 [main] INFO  server.RaftServerConfigKeys (ConfUtils.java:logGet(43)) - raft.server.storage.dir = [/workdir/hadoop-ozone/tools/target/test-dir/MiniOzoneClusterImpl-f547a2d9-0c70-45d1-bc96-08b1275e21f1/datanode-0/data/ratis] (custom)
2019-10-16 22:16:47,963 [main] INFO  hdfs.DFSUtil (DFSUtil.java:httpServerTemplateForNNAndJN(1641)) - Starting Web-server for hddsDatanode at: http://0.0.0.0:0
2019-10-16 22:16:47,965 [main] INFO  server.AuthenticationFilter (AuthenticationFilter.java:constructSecretProvider(240)) - Unable to initialize FileSignerSecretProvider, falling back to use random secrets.
2019-10-16 22:16:47,966 [main] WARN  http.HttpRequestLog (HttpRequestLog.java:getRequestLog(97)) - Jetty request log can only be enabled using Log4j
2019-10-16 22:16:47,968 [main] INFO  http.HttpServer2 (HttpServer2.java:addGlobalFilter(975)) - Added global filter 'safety' (class=org.apache.hadoop.http.HttpServer2$QuotingInputFilter)
2019-10-16 22:16:47,969 [main] INFO  http.HttpServer2 (HttpServer2.java:addFilter(948)) - Added filter static_user_filter (class=org.apache.hadoop.http.lib.StaticUserWebFilter$StaticUserFilter) to context hddsDatanode
2019-10-16 22:16:47,969 [main] INFO  http.HttpServer2 (HttpServer2.java:addFilter(958)) - Added filter static_user_filter (class=org.apache.hadoop.http.lib.StaticUserWebFilter$StaticUserFilter) to context static
2019-10-16 22:16:47,969 [main] INFO  http.HttpServer2 (HttpServer2.java:addFilter(958)) - Added filter static_user_filter (class=org.apache.hadoop.http.lib.StaticUserWebFilter$StaticUserFilter) to context logs
2019-10-16 22:16:47,970 [main] INFO  http.HttpServer2 (HttpServer2.java:bindListener(1191)) - Jetty bound to port 41278
2019-10-16 22:16:47,970 [main] INFO  server.Server (Server.java:doStart(351)) - jetty-9.3.25.v20180904, build timestamp: 2018-09-04T21:11:46Z, git hash: 3ce520221d0240229c862b122d2b06c12a625732
2019-10-16 22:16:47,973 [main] INFO  handler.ContextHandler (ContextHandler.java:doStart(781)) - Started o.e.j.s.ServletContextHandler@de8039f{/logs,file:///workdir/hadoop-ozone/tools/target/log,AVAILABLE}
2019-10-16 22:16:47,974 [main] INFO  handler.ContextHandler (ContextHandler.java:doStart(781)) - Started o.e.j.s.ServletContextHandler@582a764a{/static,jar:file:/home/user/.m2/repository/org/apache/hadoop/hadoop-hdds-container-service/0.5.0-SNAPSHOT/hadoop-hdds-container-service-0.5.0-SNAPSHOT.jar!/webapps/static,AVAILABLE}
2019-10-16 22:16:48,012 [main] INFO  handler.ContextHandler (ContextHandler.java:doStart(781)) - Started o.e.j.w.WebAppContext@554f0dfb{/,file:///tmp/jetty-0.0.0.0-41278-hddsDatanode-_-any-5079923538975414144.dir/webapp/,AVAILABLE}{/hddsDatanode}
2019-10-16 22:16:48,013 [main] INFO  server.AbstractConnector (AbstractConnector.java:doStart(278)) - Started ServerConnector@1f7076bc{HTTP/1.1,[http/1.1]}{0.0.0.0:41278}
2019-10-16 22:16:48,013 [main] INFO  server.Server (Server.java:doStart(419)) - Started @5050ms
2019-10-16 22:16:48,013 [main] WARN  impl.MetricsSystemImpl (MetricsSystemImpl.java:register(276)) - Sink prometheus already exists!
2019-10-16 22:16:48,016 [main] INFO  server.BaseHttpServer (BaseHttpServer.java:updateConnectorAddress(215)) - HTTP server of HDDSDATANODE is listening at http://0.0.0.0:41278
2019-10-16 22:16:48,017 [main] INFO  impl.MetricsSystemImpl (MetricsSystemImpl.java:init(158)) - HddsDatanode metrics system started (again)
2019-10-16 22:16:48,019 [main] INFO  ozone.HddsDatanodeService (HddsDatanodeService.java:start(184)) - HddsDatanodeService host:pr-hdds-1868-89kc4-1304904179 ip:192.168.34.38
2019-10-16 22:16:48,024 [org.apache.hadoop.util.JvmPauseMonitor$Monitor@7c96f6ce] INFO  util.JvmPauseMonitor (JvmPauseMonitor.java:run(188)) - Starting JVM pause monitor
2019-10-16 22:16:48,027 [main] INFO  volume.HddsVolume (HddsVolume.java:<init>(176)) - Creating Volume: /workdir/hadoop-ozone/tools/target/test-dir/MiniOzoneClusterImpl-f547a2d9-0c70-45d1-bc96-08b1275e21f1/datanode-1/data/containers/hdds of  storage type : DISK and capacity : 1482555576320
2019-10-16 22:16:48,028 [main] INFO  volume.VolumeSet (VolumeSet.java:initializeVolumeSet(170)) - Added Volume : /workdir/hadoop-ozone/tools/target/test-dir/MiniOzoneClusterImpl-f547a2d9-0c70-45d1-bc96-08b1275e21f1/datanode-1/data/containers/hdds to VolumeSet
2019-10-16 22:16:48,028 [main] INFO  volume.ThrottledAsyncChecker (ThrottledAsyncChecker.java:schedule(141)) - Scheduling a check for /workdir/hadoop-ozone/tools/target/test-dir/MiniOzoneClusterImpl-f547a2d9-0c70-45d1-bc96-08b1275e21f1/datanode-1/data/containers/hdds
2019-10-16 22:16:48,028 [main] INFO  volume.HddsVolumeChecker (HddsVolumeChecker.java:checkAllVolumes(204)) - Scheduled health check for volume /workdir/hadoop-ozone/tools/target/test-dir/MiniOzoneClusterImpl-f547a2d9-0c70-45d1-bc96-08b1275e21f1/datanode-1/data/containers/hdds
2019-10-16 22:16:48,044 [main] INFO  impl.RaftServerProxy (ConfUtils.java:logGet(43)) - raft.rpc.type = GRPC (default)
2019-10-16 22:16:48,044 [main] INFO  grpc.GrpcFactory (GrpcFactory.java:checkPooledByteBufAllocatorUseCacheForAllThreads(45)) - PERFORMANCE WARNING: useCacheForAllThreads is true that may cause Netty to create a lot garbage objects and, as a result, trigger GC.
	It is recommended to disable useCacheForAllThreads by setting -Dorg.apache.ratis.thirdparty.io.netty.allocator.useCacheForAllThreads=false in command line.
2019-10-16 22:16:48,044 [main] INFO  grpc.GrpcConfigKeys$Server (ConfUtils.java:logGet(43)) - raft.grpc.server.port = 0 (default)
2019-10-16 22:16:48,044 [main] INFO  server.GrpcService (ConfUtils.java:logGet(43)) - raft.grpc.message.size.max = 33570816 (custom)
2019-10-16 22:16:48,045 [main] INFO  server.RaftServerConfigKeys (ConfUtils.java:logGet(43)) - raft.server.log.appender.buffer.byte-limit = 33554432 (custom)
2019-10-16 22:16:48,045 [main] INFO  server.GrpcService (ConfUtils.java:logGet(43)) - raft.grpc.flow.control.window = 1MB (=1048576) (default)
2019-10-16 22:16:48,045 [main] INFO  server.RaftServerConfigKeys (ConfUtils.java:logGet(43)) - raft.server.rpc.request.timeout = 3000ms (default)
2019-10-16 22:16:48,045 [main] INFO  server.RaftServerConfigKeys (ConfUtils.java:logGet(43)) - raft.server.storage.dir = [/workdir/hadoop-ozone/tools/target/test-dir/MiniOzoneClusterImpl-f547a2d9-0c70-45d1-bc96-08b1275e21f1/datanode-1/data/ratis] (custom)
2019-10-16 22:16:48,047 [main] INFO  hdfs.DFSUtil (DFSUtil.java:httpServerTemplateForNNAndJN(1641)) - Starting Web-server for hddsDatanode at: http://0.0.0.0:0
2019-10-16 22:16:48,049 [main] INFO  server.AuthenticationFilter (AuthenticationFilter.java:constructSecretProvider(240)) - Unable to initialize FileSignerSecretProvider, falling back to use random secrets.
2019-10-16 22:16:48,049 [main] WARN  http.HttpRequestLog (HttpRequestLog.java:getRequestLog(97)) - Jetty request log can only be enabled using Log4j
2019-10-16 22:16:48,051 [main] INFO  http.HttpServer2 (HttpServer2.java:addGlobalFilter(975)) - Added global filter 'safety' (class=org.apache.hadoop.http.HttpServer2$QuotingInputFilter)
2019-10-16 22:16:48,052 [main] INFO  http.HttpServer2 (HttpServer2.java:addFilter(948)) - Added filter static_user_filter (class=org.apache.hadoop.http.lib.StaticUserWebFilter$StaticUserFilter) to context hddsDatanode
2019-10-16 22:16:48,052 [main] INFO  http.HttpServer2 (HttpServer2.java:addFilter(958)) - Added filter static_user_filter (class=org.apache.hadoop.http.lib.StaticUserWebFilter$StaticUserFilter) to context static
2019-10-16 22:16:48,052 [main] INFO  http.HttpServer2 (HttpServer2.java:addFilter(958)) - Added filter static_user_filter (class=org.apache.hadoop.http.lib.StaticUserWebFilter$StaticUserFilter) to context logs
2019-10-16 22:16:48,053 [main] INFO  http.HttpServer2 (HttpServer2.java:bindListener(1191)) - Jetty bound to port 40780
2019-10-16 22:16:48,054 [main] INFO  server.Server (Server.java:doStart(351)) - jetty-9.3.25.v20180904, build timestamp: 2018-09-04T21:11:46Z, git hash: 3ce520221d0240229c862b122d2b06c12a625732
2019-10-16 22:16:48,056 [main] INFO  handler.ContextHandler (ContextHandler.java:doStart(781)) - Started o.e.j.s.ServletContextHandler@1b1f5012{/logs,file:///workdir/hadoop-ozone/tools/target/log,AVAILABLE}
2019-10-16 22:16:48,057 [main] INFO  handler.ContextHandler (ContextHandler.java:doStart(781)) - Started o.e.j.s.ServletContextHandler@4a734c04{/static,jar:file:/home/user/.m2/repository/org/apache/hadoop/hadoop-hdds-container-service/0.5.0-SNAPSHOT/hadoop-hdds-container-service-0.5.0-SNAPSHOT.jar!/webapps/static,AVAILABLE}
2019-10-16 22:16:48,085 [main] INFO  handler.ContextHandler (ContextHandler.java:doStart(781)) - Started o.e.j.w.WebAppContext@262816a8{/,file:///tmp/jetty-0.0.0.0-40780-hddsDatanode-_-any-2125842808061874854.dir/webapp/,AVAILABLE}{/hddsDatanode}
2019-10-16 22:16:48,086 [main] INFO  server.AbstractConnector (AbstractConnector.java:doStart(278)) - Started ServerConnector@1effd53c{HTTP/1.1,[http/1.1]}{0.0.0.0:40780}
2019-10-16 22:16:48,086 [main] INFO  server.Server (Server.java:doStart(419)) - Started @5123ms
2019-10-16 22:16:48,087 [main] WARN  impl.MetricsSystemImpl (MetricsSystemImpl.java:register(276)) - Sink prometheus already exists!
2019-10-16 22:16:48,088 [main] INFO  server.BaseHttpServer (BaseHttpServer.java:updateConnectorAddress(215)) - HTTP server of HDDSDATANODE is listening at http://0.0.0.0:40780
2019-10-16 22:16:48,088 [main] INFO  impl.MetricsSystemImpl (MetricsSystemImpl.java:init(158)) - HddsDatanode metrics system started (again)
2019-10-16 22:16:48,091 [org.apache.hadoop.util.JvmPauseMonitor$Monitor@2f944e1f] INFO  util.JvmPauseMonitor (JvmPauseMonitor.java:run(188)) - Starting JVM pause monitor
2019-10-16 22:16:48,091 [main] INFO  ozone.HddsDatanodeService (HddsDatanodeService.java:start(184)) - HddsDatanodeService host:pr-hdds-1868-89kc4-1304904179 ip:192.168.34.38
2019-10-16 22:16:48,098 [main] INFO  volume.HddsVolume (HddsVolume.java:<init>(176)) - Creating Volume: /workdir/hadoop-ozone/tools/target/test-dir/MiniOzoneClusterImpl-f547a2d9-0c70-45d1-bc96-08b1275e21f1/datanode-2/data/containers/hdds of  storage type : DISK and capacity : 1482555576320
2019-10-16 22:16:48,105 [main] INFO  volume.VolumeSet (VolumeSet.java:initializeVolumeSet(170)) - Added Volume : /workdir/hadoop-ozone/tools/target/test-dir/MiniOzoneClusterImpl-f547a2d9-0c70-45d1-bc96-08b1275e21f1/datanode-2/data/containers/hdds to VolumeSet
2019-10-16 22:16:48,106 [main] INFO  volume.ThrottledAsyncChecker (ThrottledAsyncChecker.java:schedule(141)) - Scheduling a check for /workdir/hadoop-ozone/tools/target/test-dir/MiniOzoneClusterImpl-f547a2d9-0c70-45d1-bc96-08b1275e21f1/datanode-2/data/containers/hdds
2019-10-16 22:16:48,106 [main] INFO  volume.HddsVolumeChecker (HddsVolumeChecker.java:checkAllVolumes(204)) - Scheduled health check for volume /workdir/hadoop-ozone/tools/target/test-dir/MiniOzoneClusterImpl-f547a2d9-0c70-45d1-bc96-08b1275e21f1/datanode-2/data/containers/hdds
2019-10-16 22:16:48,119 [Datanode State Machine Thread - 0] INFO  datanode.InitDatanodeState (InitDatanodeState.java:persistContainerDatanodeDetails(140)) - DatanodeDetails is persisted to /workdir/hadoop-ozone/tools/target/test-dir/MiniOzoneClusterImpl-f547a2d9-0c70-45d1-bc96-08b1275e21f1/datanode-0/meta/datanode.id
2019-10-16 22:16:48,123 [Datanode State Machine Thread - 0] INFO  datanode.InitDatanodeState (InitDatanodeState.java:persistContainerDatanodeDetails(140)) - DatanodeDetails is persisted to /workdir/hadoop-ozone/tools/target/test-dir/MiniOzoneClusterImpl-f547a2d9-0c70-45d1-bc96-08b1275e21f1/datanode-1/meta/datanode.id
2019-10-16 22:16:48,126 [main] INFO  impl.RaftServerProxy (ConfUtils.java:logGet(43)) - raft.rpc.type = GRPC (default)
2019-10-16 22:16:48,127 [main] INFO  grpc.GrpcFactory (GrpcFactory.java:checkPooledByteBufAllocatorUseCacheForAllThreads(45)) - PERFORMANCE WARNING: useCacheForAllThreads is true that may cause Netty to create a lot garbage objects and, as a result, trigger GC.
	It is recommended to disable useCacheForAllThreads by setting -Dorg.apache.ratis.thirdparty.io.netty.allocator.useCacheForAllThreads=false in command line.
2019-10-16 22:16:48,127 [main] INFO  grpc.GrpcConfigKeys$Server (ConfUtils.java:logGet(43)) - raft.grpc.server.port = 0 (default)
2019-10-16 22:16:48,127 [main] INFO  server.GrpcService (ConfUtils.java:logGet(43)) - raft.grpc.message.size.max = 33570816 (custom)
2019-10-16 22:16:48,127 [main] INFO  server.RaftServerConfigKeys (ConfUtils.java:logGet(43)) - raft.server.log.appender.buffer.byte-limit = 33554432 (custom)
2019-10-16 22:16:48,127 [main] INFO  server.GrpcService (ConfUtils.java:logGet(43)) - raft.grpc.flow.control.window = 1MB (=1048576) (default)
2019-10-16 22:16:48,128 [main] INFO  server.RaftServerConfigKeys (ConfUtils.java:logGet(43)) - raft.server.rpc.request.timeout = 3000ms (default)
2019-10-16 22:16:48,128 [main] INFO  server.RaftServerConfigKeys (ConfUtils.java:logGet(43)) - raft.server.storage.dir = [/workdir/hadoop-ozone/tools/target/test-dir/MiniOzoneClusterImpl-f547a2d9-0c70-45d1-bc96-08b1275e21f1/datanode-2/data/ratis] (custom)
2019-10-16 22:16:48,130 [main] INFO  hdfs.DFSUtil (DFSUtil.java:httpServerTemplateForNNAndJN(1641)) - Starting Web-server for hddsDatanode at: http://0.0.0.0:0
2019-10-16 22:16:48,132 [main] INFO  server.AuthenticationFilter (AuthenticationFilter.java:constructSecretProvider(240)) - Unable to initialize FileSignerSecretProvider, falling back to use random secrets.
2019-10-16 22:16:48,132 [main] WARN  http.HttpRequestLog (HttpRequestLog.java:getRequestLog(97)) - Jetty request log can only be enabled using Log4j
2019-10-16 22:16:48,134 [main] INFO  http.HttpServer2 (HttpServer2.java:addGlobalFilter(975)) - Added global filter 'safety' (class=org.apache.hadoop.http.HttpServer2$QuotingInputFilter)
2019-10-16 22:16:48,134 [main] INFO  http.HttpServer2 (HttpServer2.java:addFilter(948)) - Added filter static_user_filter (class=org.apache.hadoop.http.lib.StaticUserWebFilter$StaticUserFilter) to context hddsDatanode
2019-10-16 22:16:48,135 [main] INFO  http.HttpServer2 (HttpServer2.java:addFilter(958)) - Added filter static_user_filter (class=org.apache.hadoop.http.lib.StaticUserWebFilter$StaticUserFilter) to context logs
2019-10-16 22:16:48,135 [main] INFO  http.HttpServer2 (HttpServer2.java:addFilter(958)) - Added filter static_user_filter (class=org.apache.hadoop.http.lib.StaticUserWebFilter$StaticUserFilter) to context static
2019-10-16 22:16:48,135 [main] INFO  http.HttpServer2 (HttpServer2.java:bindListener(1191)) - Jetty bound to port 37242
2019-10-16 22:16:48,136 [main] INFO  server.Server (Server.java:doStart(351)) - jetty-9.3.25.v20180904, build timestamp: 2018-09-04T21:11:46Z, git hash: 3ce520221d0240229c862b122d2b06c12a625732
2019-10-16 22:16:48,137 [main] INFO  handler.ContextHandler (ContextHandler.java:doStart(781)) - Started o.e.j.s.ServletContextHandler@352c44a8{/logs,file:///workdir/hadoop-ozone/tools/target/log,AVAILABLE}
2019-10-16 22:16:48,138 [main] INFO  handler.ContextHandler (ContextHandler.java:doStart(781)) - Started o.e.j.s.ServletContextHandler@a66e580{/static,jar:file:/home/user/.m2/repository/org/apache/hadoop/hadoop-hdds-container-service/0.5.0-SNAPSHOT/hadoop-hdds-container-service-0.5.0-SNAPSHOT.jar!/webapps/static,AVAILABLE}
2019-10-16 22:16:48,165 [main] INFO  handler.ContextHandler (ContextHandler.java:doStart(781)) - Started o.e.j.w.WebAppContext@cb7fa71{/,file:///tmp/jetty-0.0.0.0-37242-hddsDatanode-_-any-2032004102871823885.dir/webapp/,AVAILABLE}{/hddsDatanode}
2019-10-16 22:16:48,166 [main] INFO  server.AbstractConnector (AbstractConnector.java:doStart(278)) - Started ServerConnector@3dffc764{HTTP/1.1,[http/1.1]}{0.0.0.0:37242}
2019-10-16 22:16:48,166 [main] INFO  server.Server (Server.java:doStart(419)) - Started @5203ms
2019-10-16 22:16:48,167 [main] WARN  impl.MetricsSystemImpl (MetricsSystemImpl.java:register(276)) - Sink prometheus already exists!
2019-10-16 22:16:48,168 [main] INFO  server.BaseHttpServer (BaseHttpServer.java:updateConnectorAddress(215)) - HTTP server of HDDSDATANODE is listening at http://0.0.0.0:37242
2019-10-16 22:16:48,169 [main] INFO  ozone.MiniOzoneClusterImpl (MiniOzoneClusterImpl.java:lambda$waitForClusterToBeReady$2(172)) - Waiting for cluster to be ready. Got 0 of 3 DN Heartbeats.
2019-10-16 22:16:48,171 [org.apache.hadoop.util.JvmPauseMonitor$Monitor@3b9ebf8a] INFO  util.JvmPauseMonitor (JvmPauseMonitor.java:run(188)) - Starting JVM pause monitor
2019-10-16 22:16:48,172 [Datanode State Machine Thread - 0] INFO  datanode.InitDatanodeState (InitDatanodeState.java:persistContainerDatanodeDetails(140)) - DatanodeDetails is persisted to /workdir/hadoop-ozone/tools/target/test-dir/MiniOzoneClusterImpl-f547a2d9-0c70-45d1-bc96-08b1275e21f1/datanode-2/meta/datanode.id
2019-10-16 22:16:49,170 [main] INFO  ozone.MiniOzoneClusterImpl (MiniOzoneClusterImpl.java:lambda$waitForClusterToBeReady$2(172)) - Waiting for cluster to be ready. Got 0 of 3 DN Heartbeats.
2019-10-16 22:16:50,120 [Datanode State Machine Thread - 0] INFO  ozoneimpl.OzoneContainer (OzoneContainer.java:start(213)) - Attempting to start container services.
2019-10-16 22:16:50,120 [Datanode State Machine Thread - 0] INFO  ozoneimpl.OzoneContainer (OzoneContainer.java:start(213)) - Attempting to start container services.
2019-10-16 22:16:50,124 [Datanode State Machine Thread - 0] INFO  ozoneimpl.OzoneContainer (OzoneContainer.java:startContainerScrub(177)) - Background container scanner has been disabled.
2019-10-16 22:16:50,124 [Datanode State Machine Thread - 0] INFO  ozoneimpl.OzoneContainer (OzoneContainer.java:startContainerScrub(177)) - Background container scanner has been disabled.
2019-10-16 22:16:50,124 [Datanode State Machine Thread - 0] INFO  ratis.XceiverServerRatis (XceiverServerRatis.java:start(425)) - Starting XceiverServerRatis c877b40c-f70f-4e08-bb9d-91bddb5d6847 at port 0
2019-10-16 22:16:50,124 [Datanode State Machine Thread - 0] INFO  ratis.XceiverServerRatis (XceiverServerRatis.java:start(425)) - Starting XceiverServerRatis c08c50e8-12e3-4a9f-8d07-a31e7885cc60 at port 0
2019-10-16 22:16:50,153 [Datanode State Machine Thread - 0] INFO  impl.RaftServerProxy (RaftServerProxy.java:lambda$start$3(299)) - c877b40c-f70f-4e08-bb9d-91bddb5d6847: start RPC server
2019-10-16 22:16:50,153 [Datanode State Machine Thread - 0] INFO  impl.RaftServerProxy (RaftServerProxy.java:lambda$start$3(299)) - c08c50e8-12e3-4a9f-8d07-a31e7885cc60: start RPC server
2019-10-16 22:16:50,171 [main] INFO  ozone.MiniOzoneClusterImpl (MiniOzoneClusterImpl.java:lambda$waitForClusterToBeReady$2(172)) - Waiting for cluster to be ready. Got 0 of 3 DN Heartbeats.
2019-10-16 22:16:50,217 [Datanode State Machine Thread - 0] INFO  ozoneimpl.OzoneContainer (OzoneContainer.java:start(213)) - Attempting to start container services.
2019-10-16 22:16:50,222 [Datanode State Machine Thread - 0] INFO  ozoneimpl.OzoneContainer (OzoneContainer.java:startContainerScrub(177)) - Background container scanner has been disabled.
2019-10-16 22:16:50,223 [Datanode State Machine Thread - 0] INFO  ratis.XceiverServerRatis (XceiverServerRatis.java:start(425)) - Starting XceiverServerRatis 777be068-7a1c-4abf-ad8d-603801d8ac95 at port 0
2019-10-16 22:16:50,232 [Datanode State Machine Thread - 0] INFO  impl.RaftServerProxy (RaftServerProxy.java:lambda$start$3(299)) - 777be068-7a1c-4abf-ad8d-603801d8ac95: start RPC server
2019-10-16 22:16:50,301 [Datanode State Machine Thread - 0] INFO  server.GrpcService (GrpcService.java:startImpl(158)) - c08c50e8-12e3-4a9f-8d07-a31e7885cc60: GrpcService started, listening on 0.0.0.0/0.0.0.0:44255
2019-10-16 22:16:50,301 [Datanode State Machine Thread - 0] INFO  server.GrpcService (GrpcService.java:startImpl(158)) - c877b40c-f70f-4e08-bb9d-91bddb5d6847: GrpcService started, listening on 0.0.0.0/0.0.0.0:40232
2019-10-16 22:16:50,301 [Datanode State Machine Thread - 0] INFO  server.GrpcService (GrpcService.java:startImpl(158)) - 777be068-7a1c-4abf-ad8d-603801d8ac95: GrpcService started, listening on 0.0.0.0/0.0.0.0:35329
2019-10-16 22:16:50,302 [Datanode State Machine Thread - 0] INFO  ratis.XceiverServerRatis (XceiverServerRatis.java:start(435)) - XceiverServerRatis c877b40c-f70f-4e08-bb9d-91bddb5d6847 is started using port 40232
2019-10-16 22:16:50,302 [Datanode State Machine Thread - 0] INFO  ratis.XceiverServerRatis (XceiverServerRatis.java:start(435)) - XceiverServerRatis c08c50e8-12e3-4a9f-8d07-a31e7885cc60 is started using port 44255
2019-10-16 22:16:50,302 [Datanode State Machine Thread - 0] INFO  ratis.XceiverServerRatis (XceiverServerRatis.java:start(435)) - XceiverServerRatis 777be068-7a1c-4abf-ad8d-603801d8ac95 is started using port 35329
2019-10-16 22:16:50,308 [Datanode State Machine Thread - 0] INFO  server.XceiverServerGrpc (XceiverServerGrpc.java:start(149)) - XceiverServerGrpc c877b40c-f70f-4e08-bb9d-91bddb5d6847 is started using port 42736
2019-10-16 22:16:50,308 [Datanode State Machine Thread - 0] INFO  server.XceiverServerGrpc (XceiverServerGrpc.java:start(149)) - XceiverServerGrpc c08c50e8-12e3-4a9f-8d07-a31e7885cc60 is started using port 45139
2019-10-16 22:16:50,308 [Datanode State Machine Thread - 0] INFO  server.XceiverServerGrpc (XceiverServerGrpc.java:start(149)) - XceiverServerGrpc 777be068-7a1c-4abf-ad8d-603801d8ac95 is started using port 46466
2019-10-16 22:16:51,171 [main] INFO  ozone.MiniOzoneClusterImpl (MiniOzoneClusterImpl.java:lambda$waitForClusterToBeReady$2(172)) - Waiting for cluster to be ready. Got 0 of 3 DN Heartbeats.
2019-10-16 22:16:52,059 [IPC Server handler 0 on 42044] INFO  net.NetworkTopology (NetworkTopologyImpl.java:add(111)) - Added a new node: /default-rack/c08c50e8-12e3-4a9f-8d07-a31e7885cc60
2019-10-16 22:16:52,059 [IPC Server handler 0 on 42044] INFO  node.SCMNodeManager (SCMNodeManager.java:register(268)) - Registered Data node : c08c50e8-12e3-4a9f-8d07-a31e7885cc60{ip: 192.168.34.38, host: pr-hdds-1868-89kc4-1304904179, networkLocation: /default-rack, certSerialId: null}
2019-10-16 22:16:52,063 [EventQueue-NodeRegistrationContainerReportForDataNodeSafeModeRule] INFO  safemode.SCMSafeModeManager (DataNodeSafeModeRule.java:process(71)) - SCM in safe mode. 1 DataNodes registered, 1 required.
2019-10-16 22:16:52,063 [EventQueue-NodeRegistrationContainerReportForDataNodeSafeModeRule] INFO  safemode.SCMSafeModeManager (SCMSafeModeManager.java:validateSafeModeExitRules(177)) - ScmSafeModeManager, all rules are successfully validated
2019-10-16 22:16:52,063 [EventQueue-NodeRegistrationContainerReportForDataNodeSafeModeRule] INFO  safemode.SCMSafeModeManager (SCMSafeModeManager.java:exitSafeMode(193)) - SCM exiting safe mode.
2019-10-16 22:16:52,093 [IPC Server handler 1 on 42044] INFO  net.NetworkTopology (NetworkTopologyImpl.java:add(111)) - Added a new node: /default-rack/c877b40c-f70f-4e08-bb9d-91bddb5d6847
2019-10-16 22:16:52,094 [IPC Server handler 1 on 42044] INFO  node.SCMNodeManager (SCMNodeManager.java:register(268)) - Registered Data node : c877b40c-f70f-4e08-bb9d-91bddb5d6847{ip: 192.168.34.38, host: pr-hdds-1868-89kc4-1304904179, networkLocation: /default-rack, certSerialId: null}
2019-10-16 22:16:52,173 [IPC Server handler 3 on 42044] INFO  net.NetworkTopology (NetworkTopologyImpl.java:add(111)) - Added a new node: /default-rack/777be068-7a1c-4abf-ad8d-603801d8ac95
2019-10-16 22:16:52,173 [IPC Server handler 3 on 42044] INFO  node.SCMNodeManager (SCMNodeManager.java:register(268)) - Registered Data node : 777be068-7a1c-4abf-ad8d-603801d8ac95{ip: 192.168.34.38, host: pr-hdds-1868-89kc4-1304904179, networkLocation: /default-rack, certSerialId: null}
2019-10-16 22:16:52,523 [grpc-default-executor-0] INFO  impl.RaftServerProxy (RaftServerProxy.java:addNew(89)) - c08c50e8-12e3-4a9f-8d07-a31e7885cc60: addNew group-5B178B5A250F:[c08c50e8-12e3-4a9f-8d07-a31e7885cc60:192.168.34.38:44255] returns group-5B178B5A250F:java.util.concurrent.CompletableFuture@26e8ca74[Not completed]
2019-10-16 22:16:52,534 [pool-27-thread-1] INFO  impl.RaftServerImpl (RaftServerImpl.java:<init>(104)) - c08c50e8-12e3-4a9f-8d07-a31e7885cc60: new RaftServerImpl for group-5B178B5A250F:[c08c50e8-12e3-4a9f-8d07-a31e7885cc60:192.168.34.38:44255] with ContainerStateMachine:uninitialized
2019-10-16 22:16:52,536 [pool-27-thread-1] INFO  server.RaftServerConfigKeys (ConfUtils.java:logGet(43)) - raft.server.rpc.timeout.min = 5s (custom)
2019-10-16 22:16:52,537 [pool-27-thread-1] INFO  server.RaftServerConfigKeys (ConfUtils.java:logGet(43)) - raft.server.rpc.timeout.max = 5200ms (custom)
2019-10-16 22:16:52,537 [pool-27-thread-1] INFO  server.RaftServerConfigKeys (ConfUtils.java:logGet(43)) - raft.server.rpcslowness.timeout = 120s (custom)
2019-10-16 22:16:52,538 [pool-27-thread-1] INFO  server.RaftServerConfigKeys (ConfUtils.java:logGet(43)) - raft.server.sleep.deviation.threshold = 300 (default)
2019-10-16 22:16:52,538 [pool-27-thread-1] INFO  server.RaftServerConfigKeys (ConfUtils.java:logGet(43)) - raft.server.log.appender.install.snapshot.enabled = false (custom)
2019-10-16 22:16:52,545 [pool-27-thread-1] INFO  impl.RaftServerImpl (ServerState.java:<init>(103)) - c08c50e8-12e3-4a9f-8d07-a31e7885cc60@group-5B178B5A250F: ConfigurationManager, init=-1: [c08c50e8-12e3-4a9f-8d07-a31e7885cc60:192.168.34.38:44255], old=null, confs=<EMPTY_MAP>
2019-10-16 22:16:52,546 [pool-27-thread-1] INFO  server.RaftServerConfigKeys (ConfUtils.java:logGet(43)) - raft.server.storage.dir = [/workdir/hadoop-ozone/tools/target/test-dir/MiniOzoneClusterImpl-f547a2d9-0c70-45d1-bc96-08b1275e21f1/datanode-0/data/ratis] (custom)
2019-10-16 22:16:52,551 [pool-27-thread-1] INFO  server.RaftServerConfigKeys (ConfUtils.java:logGet(43)) - raft.server.log.corruption.policy = EXCEPTION (default)
2019-10-16 22:16:52,552 [pool-27-thread-1] INFO  storage.RaftStorageDirectory (RaftStorageDirectory.java:analyzeStorage(246)) - The storage directory /workdir/hadoop-ozone/tools/target/test-dir/MiniOzoneClusterImpl-f547a2d9-0c70-45d1-bc96-08b1275e21f1/datanode-0/data/ratis/24a4993f-aa36-4ecb-b2ca-5b178b5a250f does not exist. Creating ...
2019-10-16 22:16:52,572 [pool-27-thread-1] INFO  storage.RaftStorageDirectory (RaftStorageDirectory.java:tryLock(328)) - Lock on /workdir/hadoop-ozone/tools/target/test-dir/MiniOzoneClusterImpl-f547a2d9-0c70-45d1-bc96-08b1275e21f1/datanode-0/data/ratis/24a4993f-aa36-4ecb-b2ca-5b178b5a250f/in_use.lock acquired by nodename 29296@pr-hdds-1868-89kc4-1304904179
2019-10-16 22:16:52,595 [pool-27-thread-1] INFO  storage.RaftStorage (RaftStorage.java:format(84)) - Storage directory /workdir/hadoop-ozone/tools/target/test-dir/MiniOzoneClusterImpl-f547a2d9-0c70-45d1-bc96-08b1275e21f1/datanode-0/data/ratis/24a4993f-aa36-4ecb-b2ca-5b178b5a250f has been successfully formatted.
2019-10-16 22:16:52,598 [pool-27-thread-1] INFO  ratis.ContainerStateMachine (ContainerStateMachine.java:loadSnapshot(233)) - group-5B178B5A250F: The snapshot info is null. Setting the last applied indexto:(t:0, i:~)
2019-10-16 22:16:52,598 [pool-27-thread-1] INFO  server.RaftServerConfigKeys (ConfUtils.java:logGet(43)) - raft.server.notification.no-leader.timeout = 120s (custom)
2019-10-16 22:16:52,599 [pool-27-thread-1] INFO  server.RaftServerConfigKeys (ConfUtils.java:logGet(43)) - raft.server.log.use.memory = false (default)
2019-10-16 22:16:52,604 [pool-27-thread-1] INFO  server.RaftServerConfigKeys (ConfUtils.java:logGet(43)) - raft.server.log.purge.gap = 1000000 (custom)
2019-10-16 22:16:52,604 [pool-27-thread-1] INFO  server.RaftServerConfigKeys (ConfUtils.java:logGet(43)) - raft.server.log.appender.buffer.byte-limit = 33554432 (custom)
2019-10-16 22:16:52,606 [pool-27-thread-1] INFO  server.RaftServerConfigKeys (ConfUtils.java:logGet(43)) - raft.server.log.segment.size.max = 1048576 (custom)
2019-10-16 22:16:52,607 [pool-27-thread-1] INFO  impl.MetricsSystemImpl (MetricsSystemImpl.java:init(158)) - ratis metrics system started (again)
2019-10-16 22:16:52,611 [pool-27-thread-1] INFO  metrics.MetricRegistries (MetricRegistriesLoader.java:load(64)) - Loaded MetricRegistries class org.apache.ratis.metrics.impl.MetricRegistriesImpl
2019-10-16 22:16:52,647 [pool-27-thread-1] INFO  server.RaftServerConfigKeys (ConfUtils.java:logGet(43)) - raft.server.log.segment.cache.num.max = 2 (custom)
2019-10-16 22:16:52,652 [pool-27-thread-1] INFO  segmented.SegmentedRaftLogWorker (SegmentedRaftLogWorker.java:<init>(173)) - new c08c50e8-12e3-4a9f-8d07-a31e7885cc60@group-5B178B5A250F-SegmentedRaftLogWorker for RaftStorage:Storage Directory /workdir/hadoop-ozone/tools/target/test-dir/MiniOzoneClusterImpl-f547a2d9-0c70-45d1-bc96-08b1275e21f1/datanode-0/data/ratis/24a4993f-aa36-4ecb-b2ca-5b178b5a250f
2019-10-16 22:16:52,652 [pool-27-thread-1] INFO  server.RaftServerConfigKeys (ConfUtils.java:logGet(43)) - raft.server.log.queue.byte-limit = 2147483647 (custom)
2019-10-16 22:16:52,653 [pool-27-thread-1] INFO  server.RaftServerConfigKeys (ConfUtils.java:logGet(43)) - raft.server.log.queue.element-limit = 1024 (custom)
2019-10-16 22:16:52,654 [pool-27-thread-1] INFO  server.RaftServerConfigKeys (ConfUtils.java:logGet(43)) - raft.server.log.segment.size.max = 1048576 (custom)
2019-10-16 22:16:52,655 [pool-27-thread-1] INFO  server.RaftServerConfigKeys (ConfUtils.java:logGet(43)) - raft.server.log.preallocated.size = 16384 (custom)
2019-10-16 22:16:52,655 [pool-27-thread-1] INFO  server.RaftServerConfigKeys (ConfUtils.java:logGet(43)) - raft.server.log.write.buffer.size = 33554432 (custom)
2019-10-16 22:16:52,655 [pool-27-thread-1] INFO  server.RaftServerConfigKeys (ConfUtils.java:logGet(43)) - raft.server.log.force.sync.num = 128 (default)
2019-10-16 22:16:52,656 [pool-27-thread-1] INFO  server.RaftServerConfigKeys (ConfUtils.java:logGet(43)) - raft.server.log.statemachine.data.sync = true (default)
2019-10-16 22:16:52,656 [pool-27-thread-1] INFO  server.RaftServerConfigKeys (ConfUtils.java:logGet(43)) - raft.server.log.statemachine.data.sync.timeout = 10s (default)
2019-10-16 22:16:52,657 [pool-27-thread-1] INFO  server.RaftServerConfigKeys (ConfUtils.java:logGet(43)) - raft.server.log.statemachine.data.sync.timeout.retry = -1 (default)
2019-10-16 22:16:52,672 [pool-27-thread-1] INFO  server.RaftServerConfigKeys (ConfUtils.java:logGet(43)) - raft.server.log.statemachine.data.caching.enabled = true (custom)
2019-10-16 22:16:52,676 [pool-27-thread-1] INFO  segmented.SegmentedRaftLogWorker (SegmentedRaftLogWorker.java:lambda$new$0(128)) - c08c50e8-12e3-4a9f-8d07-a31e7885cc60@group-5B178B5A250F-SegmentedRaftLogWorker: flushIndex: setUnconditionally 0 -> -1
2019-10-16 22:16:52,680 [pool-27-thread-1] INFO  server.RaftServerConfigKeys (ConfUtils.java:logGet(43)) - raft.server.snapshot.auto.trigger.enabled = true (custom)
2019-10-16 22:16:52,681 [pool-27-thread-1] INFO  server.RaftServerConfigKeys (ConfUtils.java:logGet(43)) - raft.server.snapshot.auto.trigger.threshold = 10000 (custom)
2019-10-16 22:16:52,681 [pool-27-thread-1] INFO  server.RaftServerConfigKeys (ConfUtils.java:logGet(43)) - raft.server.snapshot.retention.file.num = 5 (custom)
2019-10-16 22:16:52,681 [pool-27-thread-1] INFO  server.RaftServerConfigKeys (ConfUtils.java:logGet(43)) - raft.server.retrycache.expirytime = 600000ms (custom)
2019-10-16 22:16:52,708 [pool-27-thread-1] INFO  impl.RaftServerImpl (RaftServerImpl.java:start(195)) - c08c50e8-12e3-4a9f-8d07-a31e7885cc60@group-5B178B5A250F: start as a follower, conf=-1: [c08c50e8-12e3-4a9f-8d07-a31e7885cc60:192.168.34.38:44255], old=null
2019-10-16 22:16:52,709 [pool-27-thread-1] INFO  impl.RaftServerImpl (RaftServerImpl.java:setRole(184)) - c08c50e8-12e3-4a9f-8d07-a31e7885cc60@group-5B178B5A250F: changes role from      null to FOLLOWER at term 0 for startAsFollower
2019-10-16 22:16:52,710 [pool-27-thread-1] INFO  impl.RoleInfo (RoleInfo.java:updateAndGet(143)) - c08c50e8-12e3-4a9f-8d07-a31e7885cc60: start FollowerState
2019-10-16 22:16:52,712 [pool-27-thread-1] INFO  util.JmxRegister (JmxRegister.java:tryRegister(44)) - Successfully registered JMX Bean with object name Ratis:service=RaftServer,group=group-5B178B5A250F,id=c08c50e8-12e3-4a9f-8d07-a31e7885cc60
2019-10-16 22:16:52,768 [RatisPipelineUtilsThread] INFO  pipeline.PipelineStateManager (PipelineStateManager.java:addPipeline(57)) - Created pipeline Pipeline[ Id: 24a4993f-aa36-4ecb-b2ca-5b178b5a250f, Nodes: c08c50e8-12e3-4a9f-8d07-a31e7885cc60{ip: 192.168.34.38, host: pr-hdds-1868-89kc4-1304904179, networkLocation: /default-rack, certSerialId: null}, Type:RATIS, Factor:ONE, State:ALLOCATED]
2019-10-16 22:16:52,784 [grpc-default-executor-0] INFO  impl.RaftServerProxy (RaftServerProxy.java:addNew(89)) - c877b40c-f70f-4e08-bb9d-91bddb5d6847: addNew group-96FB12251094:[c877b40c-f70f-4e08-bb9d-91bddb5d6847:192.168.34.38:40232] returns group-96FB12251094:java.util.concurrent.CompletableFuture@50a1fe13[Not completed]
2019-10-16 22:16:52,799 [pool-37-thread-1] INFO  impl.RaftServerImpl (RaftServerImpl.java:<init>(104)) - c877b40c-f70f-4e08-bb9d-91bddb5d6847: new RaftServerImpl for group-96FB12251094:[c877b40c-f70f-4e08-bb9d-91bddb5d6847:192.168.34.38:40232] with ContainerStateMachine:uninitialized
2019-10-16 22:16:52,800 [pool-37-thread-1] INFO  server.RaftServerConfigKeys (ConfUtils.java:logGet(43)) - raft.server.rpc.timeout.min = 5s (custom)
2019-10-16 22:16:52,800 [pool-37-thread-1] INFO  server.RaftServerConfigKeys (ConfUtils.java:logGet(43)) - raft.server.rpc.timeout.max = 5200ms (custom)
2019-10-16 22:16:52,800 [pool-37-thread-1] INFO  server.RaftServerConfigKeys (ConfUtils.java:logGet(43)) - raft.server.rpcslowness.timeout = 120s (custom)
2019-10-16 22:16:52,800 [pool-37-thread-1] INFO  server.RaftServerConfigKeys (ConfUtils.java:logGet(43)) - raft.server.sleep.deviation.threshold = 300 (default)
2019-10-16 22:16:52,800 [pool-37-thread-1] INFO  server.RaftServerConfigKeys (ConfUtils.java:logGet(43)) - raft.server.log.appender.install.snapshot.enabled = false (custom)
2019-10-16 22:16:52,801 [pool-37-thread-1] INFO  impl.RaftServerImpl (ServerState.java:<init>(103)) - c877b40c-f70f-4e08-bb9d-91bddb5d6847@group-96FB12251094: ConfigurationManager, init=-1: [c877b40c-f70f-4e08-bb9d-91bddb5d6847:192.168.34.38:40232], old=null, confs=<EMPTY_MAP>
2019-10-16 22:16:52,801 [pool-37-thread-1] INFO  server.RaftServerConfigKeys (ConfUtils.java:logGet(43)) - raft.server.storage.dir = [/workdir/hadoop-ozone/tools/target/test-dir/MiniOzoneClusterImpl-f547a2d9-0c70-45d1-bc96-08b1275e21f1/datanode-1/data/ratis] (custom)
2019-10-16 22:16:52,801 [pool-37-thread-1] INFO  server.RaftServerConfigKeys (ConfUtils.java:logGet(43)) - raft.server.log.corruption.policy = EXCEPTION (default)
2019-10-16 22:16:52,801 [pool-37-thread-1] INFO  storage.RaftStorageDirectory (RaftStorageDirectory.java:analyzeStorage(246)) - The storage directory /workdir/hadoop-ozone/tools/target/test-dir/MiniOzoneClusterImpl-f547a2d9-0c70-45d1-bc96-08b1275e21f1/datanode-1/data/ratis/f7eda0b2-4915-4e61-892c-96fb12251094 does not exist. Creating ...
2019-10-16 22:16:52,809 [pool-37-thread-1] INFO  storage.RaftStorageDirectory (RaftStorageDirectory.java:tryLock(328)) - Lock on /workdir/hadoop-ozone/tools/target/test-dir/MiniOzoneClusterImpl-f547a2d9-0c70-45d1-bc96-08b1275e21f1/datanode-1/data/ratis/f7eda0b2-4915-4e61-892c-96fb12251094/in_use.lock acquired by nodename 29296@pr-hdds-1868-89kc4-1304904179
2019-10-16 22:16:52,824 [pool-37-thread-1] INFO  storage.RaftStorage (RaftStorage.java:format(84)) - Storage directory /workdir/hadoop-ozone/tools/target/test-dir/MiniOzoneClusterImpl-f547a2d9-0c70-45d1-bc96-08b1275e21f1/datanode-1/data/ratis/f7eda0b2-4915-4e61-892c-96fb12251094 has been successfully formatted.
2019-10-16 22:16:52,825 [pool-37-thread-1] INFO  ratis.ContainerStateMachine (ContainerStateMachine.java:loadSnapshot(233)) - group-96FB12251094: The snapshot info is null. Setting the last applied indexto:(t:0, i:~)
2019-10-16 22:16:52,826 [pool-37-thread-1] INFO  server.RaftServerConfigKeys (ConfUtils.java:logGet(43)) - raft.server.notification.no-leader.timeout = 120s (custom)
2019-10-16 22:16:52,826 [pool-37-thread-1] INFO  server.RaftServerConfigKeys (ConfUtils.java:logGet(43)) - raft.server.log.use.memory = false (default)
2019-10-16 22:16:52,826 [pool-37-thread-1] INFO  server.RaftServerConfigKeys (ConfUtils.java:logGet(43)) - raft.server.log.purge.gap = 1000000 (custom)
2019-10-16 22:16:52,826 [pool-37-thread-1] INFO  server.RaftServerConfigKeys (ConfUtils.java:logGet(43)) - raft.server.log.appender.buffer.byte-limit = 33554432 (custom)
2019-10-16 22:16:52,826 [pool-37-thread-1] INFO  server.RaftServerConfigKeys (ConfUtils.java:logGet(43)) - raft.server.log.segment.size.max = 1048576 (custom)
2019-10-16 22:16:52,830 [pool-37-thread-1] INFO  server.RaftServerConfigKeys (ConfUtils.java:logGet(43)) - raft.server.log.segment.cache.num.max = 2 (custom)
2019-10-16 22:16:52,830 [pool-37-thread-1] INFO  segmented.SegmentedRaftLogWorker (SegmentedRaftLogWorker.java:<init>(173)) - new c877b40c-f70f-4e08-bb9d-91bddb5d6847@group-96FB12251094-SegmentedRaftLogWorker for RaftStorage:Storage Directory /workdir/hadoop-ozone/tools/target/test-dir/MiniOzoneClusterImpl-f547a2d9-0c70-45d1-bc96-08b1275e21f1/datanode-1/data/ratis/f7eda0b2-4915-4e61-892c-96fb12251094
2019-10-16 22:16:52,831 [pool-37-thread-1] INFO  server.RaftServerConfigKeys (ConfUtils.java:logGet(43)) - raft.server.log.queue.byte-limit = 2147483647 (custom)
2019-10-16 22:16:52,831 [pool-37-thread-1] INFO  server.RaftServerConfigKeys (ConfUtils.java:logGet(43)) - raft.server.log.queue.element-limit = 1024 (custom)
2019-10-16 22:16:52,831 [pool-37-thread-1] INFO  server.RaftServerConfigKeys (ConfUtils.java:logGet(43)) - raft.server.log.segment.size.max = 1048576 (custom)
2019-10-16 22:16:52,831 [pool-37-thread-1] INFO  server.RaftServerConfigKeys (ConfUtils.java:logGet(43)) - raft.server.log.preallocated.size = 16384 (custom)
2019-10-16 22:16:52,831 [pool-37-thread-1] INFO  server.RaftServerConfigKeys (ConfUtils.java:logGet(43)) - raft.server.log.write.buffer.size = 33554432 (custom)
2019-10-16 22:16:52,831 [pool-37-thread-1] INFO  server.RaftServerConfigKeys (ConfUtils.java:logGet(43)) - raft.server.log.force.sync.num = 128 (default)
2019-10-16 22:16:52,831 [pool-37-thread-1] INFO  server.RaftServerConfigKeys (ConfUtils.java:logGet(43)) - raft.server.log.statemachine.data.sync = true (default)
2019-10-16 22:16:52,832 [pool-37-thread-1] INFO  server.RaftServerConfigKeys (ConfUtils.java:logGet(43)) - raft.server.log.statemachine.data.sync.timeout = 10s (default)
2019-10-16 22:16:52,832 [pool-37-thread-1] INFO  server.RaftServerConfigKeys (ConfUtils.java:logGet(43)) - raft.server.log.statemachine.data.sync.timeout.retry = -1 (default)
2019-10-16 22:16:52,832 [pool-37-thread-1] INFO  server.RaftServerConfigKeys (ConfUtils.java:logGet(43)) - raft.server.log.statemachine.data.caching.enabled = true (custom)
2019-10-16 22:16:52,833 [pool-37-thread-1] INFO  segmented.SegmentedRaftLogWorker (SegmentedRaftLogWorker.java:lambda$new$0(128)) - c877b40c-f70f-4e08-bb9d-91bddb5d6847@group-96FB12251094-SegmentedRaftLogWorker: flushIndex: setUnconditionally 0 -> -1
2019-10-16 22:16:52,833 [pool-37-thread-1] INFO  server.RaftServerConfigKeys (ConfUtils.java:logGet(43)) - raft.server.snapshot.auto.trigger.enabled = true (custom)
2019-10-16 22:16:52,833 [pool-37-thread-1] INFO  server.RaftServerConfigKeys (ConfUtils.java:logGet(43)) - raft.server.snapshot.auto.trigger.threshold = 10000 (custom)
2019-10-16 22:16:52,833 [pool-37-thread-1] INFO  server.RaftServerConfigKeys (ConfUtils.java:logGet(43)) - raft.server.snapshot.retention.file.num = 5 (custom)
2019-10-16 22:16:52,834 [pool-37-thread-1] INFO  server.RaftServerConfigKeys (ConfUtils.java:logGet(43)) - raft.server.retrycache.expirytime = 600000ms (custom)
2019-10-16 22:16:52,840 [pool-37-thread-1] INFO  impl.RaftServerImpl (RaftServerImpl.java:start(195)) - c877b40c-f70f-4e08-bb9d-91bddb5d6847@group-96FB12251094: start as a follower, conf=-1: [c877b40c-f70f-4e08-bb9d-91bddb5d6847:192.168.34.38:40232], old=null
2019-10-16 22:16:52,840 [pool-37-thread-1] INFO  impl.RaftServerImpl (RaftServerImpl.java:setRole(184)) - c877b40c-f70f-4e08-bb9d-91bddb5d6847@group-96FB12251094: changes role from      null to FOLLOWER at term 0 for startAsFollower
2019-10-16 22:16:52,841 [pool-37-thread-1] INFO  impl.RoleInfo (RoleInfo.java:updateAndGet(143)) - c877b40c-f70f-4e08-bb9d-91bddb5d6847: start FollowerState
2019-10-16 22:16:52,841 [pool-37-thread-1] INFO  util.JmxRegister (JmxRegister.java:tryRegister(44)) - Successfully registered JMX Bean with object name Ratis:service=RaftServer,group=group-96FB12251094,id=c877b40c-f70f-4e08-bb9d-91bddb5d6847
2019-10-16 22:16:52,846 [Thread-180] INFO  impl.FollowerState (FollowerState.java:run(108)) - c08c50e8-12e3-4a9f-8d07-a31e7885cc60@group-5B178B5A250F-FollowerState: change to CANDIDATE, lastRpcTime:135ms, electionTimeout:135ms
2019-10-16 22:16:52,850 [Thread-180] INFO  impl.RoleInfo (RoleInfo.java:shutdownFollowerState(121)) - c08c50e8-12e3-4a9f-8d07-a31e7885cc60: shutdown FollowerState
2019-10-16 22:16:52,850 [Thread-180] INFO  impl.RaftServerImpl (RaftServerImpl.java:setRole(184)) - c08c50e8-12e3-4a9f-8d07-a31e7885cc60@group-5B178B5A250F: changes role from  FOLLOWER to CANDIDATE at term 0 for changeToCandidate
2019-10-16 22:16:52,855 [RatisPipelineUtilsThread] INFO  pipeline.PipelineStateManager (PipelineStateManager.java:addPipeline(57)) - Created pipeline Pipeline[ Id: f7eda0b2-4915-4e61-892c-96fb12251094, Nodes: c877b40c-f70f-4e08-bb9d-91bddb5d6847{ip: 192.168.34.38, host: pr-hdds-1868-89kc4-1304904179, networkLocation: /default-rack, certSerialId: null}, Type:RATIS, Factor:ONE, State:ALLOCATED]
2019-10-16 22:16:52,857 [Thread-180] INFO  impl.RoleInfo (RoleInfo.java:updateAndGet(143)) - c08c50e8-12e3-4a9f-8d07-a31e7885cc60: start LeaderElection
2019-10-16 22:16:52,870 [grpc-default-executor-0] INFO  impl.RaftServerProxy (RaftServerProxy.java:addNew(89)) - 777be068-7a1c-4abf-ad8d-603801d8ac95: addNew group-F2536D755653:[777be068-7a1c-4abf-ad8d-603801d8ac95:192.168.34.38:35329] returns group-F2536D755653:java.util.concurrent.CompletableFuture@7333716[Not completed]
2019-10-16 22:16:52,872 [Thread-183] INFO  impl.FollowerState (FollowerState.java:run(108)) - c877b40c-f70f-4e08-bb9d-91bddb5d6847@group-96FB12251094-FollowerState: change to CANDIDATE, lastRpcTime:30ms, electionTimeout:30ms
2019-10-16 22:16:52,874 [Thread-183] INFO  impl.RoleInfo (RoleInfo.java:shutdownFollowerState(121)) - c877b40c-f70f-4e08-bb9d-91bddb5d6847: shutdown FollowerState
2019-10-16 22:16:52,877 [Thread-183] INFO  impl.RaftServerImpl (RaftServerImpl.java:setRole(184)) - c877b40c-f70f-4e08-bb9d-91bddb5d6847@group-96FB12251094: changes role from  FOLLOWER to CANDIDATE at term 0 for changeToCandidate
2019-10-16 22:16:52,882 [Thread-183] INFO  impl.RoleInfo (RoleInfo.java:updateAndGet(143)) - c877b40c-f70f-4e08-bb9d-91bddb5d6847: start LeaderElection
2019-10-16 22:16:52,882 [c08c50e8-12e3-4a9f-8d07-a31e7885cc60@group-5B178B5A250F-LeaderElection1] INFO  impl.LeaderElection (LeaderElection.java:askForVotes(178)) - c08c50e8-12e3-4a9f-8d07-a31e7885cc60@group-5B178B5A250F-LeaderElection1: begin an election at term 1 for -1: [c08c50e8-12e3-4a9f-8d07-a31e7885cc60:192.168.34.38:44255], old=null
2019-10-16 22:16:52,884 [pool-47-thread-1] INFO  impl.RaftServerImpl (RaftServerImpl.java:<init>(104)) - 777be068-7a1c-4abf-ad8d-603801d8ac95: new RaftServerImpl for group-F2536D755653:[777be068-7a1c-4abf-ad8d-603801d8ac95:192.168.34.38:35329] with ContainerStateMachine:uninitialized
2019-10-16 22:16:52,884 [pool-47-thread-1] INFO  server.RaftServerConfigKeys (ConfUtils.java:logGet(43)) - raft.server.rpc.timeout.min = 5s (custom)
2019-10-16 22:16:52,884 [pool-47-thread-1] INFO  server.RaftServerConfigKeys (ConfUtils.java:logGet(43)) - raft.server.rpc.timeout.max = 5200ms (custom)
2019-10-16 22:16:52,884 [pool-47-thread-1] INFO  server.RaftServerConfigKeys (ConfUtils.java:logGet(43)) - raft.server.rpcslowness.timeout = 120s (custom)
2019-10-16 22:16:52,885 [pool-47-thread-1] INFO  server.RaftServerConfigKeys (ConfUtils.java:logGet(43)) - raft.server.sleep.deviation.threshold = 300 (default)
2019-10-16 22:16:52,885 [pool-47-thread-1] INFO  server.RaftServerConfigKeys (ConfUtils.java:logGet(43)) - raft.server.log.appender.install.snapshot.enabled = false (custom)
2019-10-16 22:16:52,885 [pool-47-thread-1] INFO  impl.RaftServerImpl (ServerState.java:<init>(103)) - 777be068-7a1c-4abf-ad8d-603801d8ac95@group-F2536D755653: ConfigurationManager, init=-1: [777be068-7a1c-4abf-ad8d-603801d8ac95:192.168.34.38:35329], old=null, confs=<EMPTY_MAP>
2019-10-16 22:16:52,885 [pool-47-thread-1] INFO  server.RaftServerConfigKeys (ConfUtils.java:logGet(43)) - raft.server.storage.dir = [/workdir/hadoop-ozone/tools/target/test-dir/MiniOzoneClusterImpl-f547a2d9-0c70-45d1-bc96-08b1275e21f1/datanode-2/data/ratis] (custom)
2019-10-16 22:16:52,885 [pool-47-thread-1] INFO  server.RaftServerConfigKeys (ConfUtils.java:logGet(43)) - raft.server.log.corruption.policy = EXCEPTION (default)
2019-10-16 22:16:52,885 [pool-47-thread-1] INFO  storage.RaftStorageDirectory (RaftStorageDirectory.java:analyzeStorage(246)) - The storage directory /workdir/hadoop-ozone/tools/target/test-dir/MiniOzoneClusterImpl-f547a2d9-0c70-45d1-bc96-08b1275e21f1/datanode-2/data/ratis/1750138c-2964-4473-aaf6-f2536d755653 does not exist. Creating ...
2019-10-16 22:16:52,886 [c08c50e8-12e3-4a9f-8d07-a31e7885cc60@group-5B178B5A250F-LeaderElection1] INFO  impl.RoleInfo (RoleInfo.java:shutdownLeaderElection(134)) - c08c50e8-12e3-4a9f-8d07-a31e7885cc60: shutdown LeaderElection
2019-10-16 22:16:52,886 [c08c50e8-12e3-4a9f-8d07-a31e7885cc60@group-5B178B5A250F-LeaderElection1] INFO  impl.RaftServerImpl (RaftServerImpl.java:setRole(184)) - c08c50e8-12e3-4a9f-8d07-a31e7885cc60@group-5B178B5A250F: changes role from CANDIDATE to LEADER at term 1 for changeToLeader
2019-10-16 22:16:52,887 [c08c50e8-12e3-4a9f-8d07-a31e7885cc60@group-5B178B5A250F-LeaderElection1] INFO  ratis.XceiverServerRatis (XceiverServerRatis.java:handleLeaderChangedNotification(700)) - Leader change notification received for group: group-5B178B5A250F with new leaderId: c08c50e8-12e3-4a9f-8d07-a31e7885cc60
2019-10-16 22:16:52,890 [c08c50e8-12e3-4a9f-8d07-a31e7885cc60@group-5B178B5A250F-LeaderElection1] INFO  impl.RaftServerImpl (ServerState.java:setLeader(256)) - c08c50e8-12e3-4a9f-8d07-a31e7885cc60@group-5B178B5A250F: change Leader from null to c08c50e8-12e3-4a9f-8d07-a31e7885cc60 at term 1 for becomeLeader, leader elected after 288ms
2019-10-16 22:16:52,896 [c08c50e8-12e3-4a9f-8d07-a31e7885cc60@group-5B178B5A250F-LeaderElection1] INFO  server.RaftServerConfigKeys (ConfUtils.java:logGet(43)) - raft.server.staging.catchup.gap = 1000 (default)
2019-10-16 22:16:52,897 [c08c50e8-12e3-4a9f-8d07-a31e7885cc60@group-5B178B5A250F-LeaderElection1] INFO  server.RaftServerConfigKeys (ConfUtils.java:logGet(43)) - raft.server.rpc.sleep.time = 25ms (default)
2019-10-16 22:16:52,897 [pool-47-thread-1] INFO  storage.RaftStorageDirectory (RaftStorageDirectory.java:tryLock(328)) - Lock on /workdir/hadoop-ozone/tools/target/test-dir/MiniOzoneClusterImpl-f547a2d9-0c70-45d1-bc96-08b1275e21f1/datanode-2/data/ratis/1750138c-2964-4473-aaf6-f2536d755653/in_use.lock acquired by nodename 29296@pr-hdds-1868-89kc4-1304904179
2019-10-16 22:16:52,898 [c877b40c-f70f-4e08-bb9d-91bddb5d6847@group-96FB12251094-LeaderElection2] INFO  impl.LeaderElection (LeaderElection.java:askForVotes(178)) - c877b40c-f70f-4e08-bb9d-91bddb5d6847@group-96FB12251094-LeaderElection2: begin an election at term 1 for -1: [c877b40c-f70f-4e08-bb9d-91bddb5d6847:192.168.34.38:40232], old=null
2019-10-16 22:16:52,900 [c877b40c-f70f-4e08-bb9d-91bddb5d6847@group-96FB12251094-LeaderElection2] INFO  impl.RoleInfo (RoleInfo.java:shutdownLeaderElection(134)) - c877b40c-f70f-4e08-bb9d-91bddb5d6847: shutdown LeaderElection
2019-10-16 22:16:52,900 [c877b40c-f70f-4e08-bb9d-91bddb5d6847@group-96FB12251094-LeaderElection2] INFO  impl.RaftServerImpl (RaftServerImpl.java:setRole(184)) - c877b40c-f70f-4e08-bb9d-91bddb5d6847@group-96FB12251094: changes role from CANDIDATE to LEADER at term 1 for changeToLeader
2019-10-16 22:16:52,900 [c877b40c-f70f-4e08-bb9d-91bddb5d6847@group-96FB12251094-LeaderElection2] INFO  ratis.XceiverServerRatis (XceiverServerRatis.java:handleLeaderChangedNotification(700)) - Leader change notification received for group: group-96FB12251094 with new leaderId: c877b40c-f70f-4e08-bb9d-91bddb5d6847
2019-10-16 22:16:52,900 [c877b40c-f70f-4e08-bb9d-91bddb5d6847@group-96FB12251094-LeaderElection2] INFO  impl.RaftServerImpl (ServerState.java:setLeader(256)) - c877b40c-f70f-4e08-bb9d-91bddb5d6847@group-96FB12251094: change Leader from null to c877b40c-f70f-4e08-bb9d-91bddb5d6847 at term 1 for becomeLeader, leader elected after 74ms
2019-10-16 22:16:52,900 [c877b40c-f70f-4e08-bb9d-91bddb5d6847@group-96FB12251094-LeaderElection2] INFO  server.RaftServerConfigKeys (ConfUtils.java:logGet(43)) - raft.server.staging.catchup.gap = 1000 (default)
2019-10-16 22:16:52,901 [c877b40c-f70f-4e08-bb9d-91bddb5d6847@group-96FB12251094-LeaderElection2] INFO  server.RaftServerConfigKeys (ConfUtils.java:logGet(43)) - raft.server.rpc.sleep.time = 25ms (default)
2019-10-16 22:16:52,904 [c877b40c-f70f-4e08-bb9d-91bddb5d6847@group-96FB12251094-LeaderElection2] INFO  server.RaftServerConfigKeys (ConfUtils.java:logGet(43)) - raft.server.write.element-limit = 4096 (default)
2019-10-16 22:16:52,904 [c08c50e8-12e3-4a9f-8d07-a31e7885cc60@group-5B178B5A250F-LeaderElection1] INFO  server.RaftServerConfigKeys (ConfUtils.java:logGet(43)) - raft.server.write.element-limit = 4096 (default)
2019-10-16 22:16:52,906 [c877b40c-f70f-4e08-bb9d-91bddb5d6847@group-96FB12251094-LeaderElection2] INFO  server.RaftServerConfigKeys (ConfUtils.java:logGet(43)) - raft.server.watch.timeout = 10s (default)
2019-10-16 22:16:52,906 [c08c50e8-12e3-4a9f-8d07-a31e7885cc60@group-5B178B5A250F-LeaderElection1] INFO  server.RaftServerConfigKeys (ConfUtils.java:logGet(43)) - raft.server.watch.timeout = 10s (default)
2019-10-16 22:16:52,907 [c877b40c-f70f-4e08-bb9d-91bddb5d6847@group-96FB12251094-LeaderElection2] INFO  server.RaftServerConfigKeys (ConfUtils.java:logGet(43)) - raft.server.watch.timeout.denomination = 1s (default)
2019-10-16 22:16:52,907 [c08c50e8-12e3-4a9f-8d07-a31e7885cc60@group-5B178B5A250F-LeaderElection1] INFO  server.RaftServerConfigKeys (ConfUtils.java:logGet(43)) - raft.server.watch.timeout.denomination = 1s (default)
2019-10-16 22:16:52,907 [c877b40c-f70f-4e08-bb9d-91bddb5d6847@group-96FB12251094-LeaderElection2] INFO  server.RaftServerConfigKeys (ConfUtils.java:logGet(43)) - raft.server.watch.element-limit = 65536 (default)
2019-10-16 22:16:52,908 [c08c50e8-12e3-4a9f-8d07-a31e7885cc60@group-5B178B5A250F-LeaderElection1] INFO  server.RaftServerConfigKeys (ConfUtils.java:logGet(43)) - raft.server.watch.element-limit = 65536 (default)
2019-10-16 22:16:52,916 [pool-47-thread-1] INFO  storage.RaftStorage (RaftStorage.java:format(84)) - Storage directory /workdir/hadoop-ozone/tools/target/test-dir/MiniOzoneClusterImpl-f547a2d9-0c70-45d1-bc96-08b1275e21f1/datanode-2/data/ratis/1750138c-2964-4473-aaf6-f2536d755653 has been successfully formatted.
2019-10-16 22:16:52,922 [pool-47-thread-1] INFO  ratis.ContainerStateMachine (ContainerStateMachine.java:loadSnapshot(233)) - group-F2536D755653: The snapshot info is null. Setting the last applied indexto:(t:0, i:~)
2019-10-16 22:16:52,923 [pool-47-thread-1] INFO  server.RaftServerConfigKeys (ConfUtils.java:logGet(43)) - raft.server.notification.no-leader.timeout = 120s (custom)
2019-10-16 22:16:52,923 [pool-47-thread-1] INFO  server.RaftServerConfigKeys (ConfUtils.java:logGet(43)) - raft.server.log.use.memory = false (default)
2019-10-16 22:16:52,923 [pool-47-thread-1] INFO  server.RaftServerConfigKeys (ConfUtils.java:logGet(43)) - raft.server.log.purge.gap = 1000000 (custom)
2019-10-16 22:16:52,923 [pool-47-thread-1] INFO  server.RaftServerConfigKeys (ConfUtils.java:logGet(43)) - raft.server.log.appender.buffer.byte-limit = 33554432 (custom)
2019-10-16 22:16:52,923 [pool-47-thread-1] INFO  server.RaftServerConfigKeys (ConfUtils.java:logGet(43)) - raft.server.log.segment.size.max = 1048576 (custom)
2019-10-16 22:16:52,927 [pool-47-thread-1] INFO  server.RaftServerConfigKeys (ConfUtils.java:logGet(43)) - raft.server.log.segment.cache.num.max = 2 (custom)
2019-10-16 22:16:52,927 [pool-47-thread-1] INFO  segmented.SegmentedRaftLogWorker (SegmentedRaftLogWorker.java:<init>(173)) - new 777be068-7a1c-4abf-ad8d-603801d8ac95@group-F2536D755653-SegmentedRaftLogWorker for RaftStorage:Storage Directory /workdir/hadoop-ozone/tools/target/test-dir/MiniOzoneClusterImpl-f547a2d9-0c70-45d1-bc96-08b1275e21f1/datanode-2/data/ratis/1750138c-2964-4473-aaf6-f2536d755653
2019-10-16 22:16:52,927 [pool-47-thread-1] INFO  server.RaftServerConfigKeys (ConfUtils.java:logGet(43)) - raft.server.log.queue.byte-limit = 2147483647 (custom)
2019-10-16 22:16:52,928 [pool-47-thread-1] INFO  server.RaftServerConfigKeys (ConfUtils.java:logGet(43)) - raft.server.log.queue.element-limit = 1024 (custom)
2019-10-16 22:16:52,928 [pool-47-thread-1] INFO  server.RaftServerConfigKeys (ConfUtils.java:logGet(43)) - raft.server.log.segment.size.max = 1048576 (custom)
2019-10-16 22:16:52,928 [pool-47-thread-1] INFO  server.RaftServerConfigKeys (ConfUtils.java:logGet(43)) - raft.server.log.preallocated.size = 16384 (custom)
2019-10-16 22:16:52,928 [pool-47-thread-1] INFO  server.RaftServerConfigKeys (ConfUtils.java:logGet(43)) - raft.server.log.write.buffer.size = 33554432 (custom)
2019-10-16 22:16:52,928 [pool-47-thread-1] INFO  server.RaftServerConfigKeys (ConfUtils.java:logGet(43)) - raft.server.log.force.sync.num = 128 (default)
2019-10-16 22:16:52,929 [pool-47-thread-1] INFO  server.RaftServerConfigKeys (ConfUtils.java:logGet(43)) - raft.server.log.statemachine.data.sync = true (default)
2019-10-16 22:16:52,929 [pool-47-thread-1] INFO  server.RaftServerConfigKeys (ConfUtils.java:logGet(43)) - raft.server.log.statemachine.data.sync.timeout = 10s (default)
2019-10-16 22:16:52,929 [pool-47-thread-1] INFO  server.RaftServerConfigKeys (ConfUtils.java:logGet(43)) - raft.server.log.statemachine.data.sync.timeout.retry = -1 (default)
2019-10-16 22:16:52,930 [pool-47-thread-1] INFO  server.RaftServerConfigKeys (ConfUtils.java:logGet(43)) - raft.server.log.statemachine.data.caching.enabled = true (custom)
2019-10-16 22:16:52,931 [pool-47-thread-1] INFO  segmented.SegmentedRaftLogWorker (SegmentedRaftLogWorker.java:lambda$new$0(128)) - 777be068-7a1c-4abf-ad8d-603801d8ac95@group-F2536D755653-SegmentedRaftLogWorker: flushIndex: setUnconditionally 0 -> -1
2019-10-16 22:16:52,931 [pool-47-thread-1] INFO  server.RaftServerConfigKeys (ConfUtils.java:logGet(43)) - raft.server.snapshot.auto.trigger.enabled = true (custom)
2019-10-16 22:16:52,931 [pool-47-thread-1] INFO  server.RaftServerConfigKeys (ConfUtils.java:logGet(43)) - raft.server.snapshot.auto.trigger.threshold = 10000 (custom)
2019-10-16 22:16:52,931 [pool-47-thread-1] INFO  server.RaftServerConfigKeys (ConfUtils.java:logGet(43)) - raft.server.snapshot.retention.file.num = 5 (custom)
2019-10-16 22:16:52,932 [pool-47-thread-1] INFO  server.RaftServerConfigKeys (ConfUtils.java:logGet(43)) - raft.server.retrycache.expirytime = 600000ms (custom)
2019-10-16 22:16:52,933 [c08c50e8-12e3-4a9f-8d07-a31e7885cc60@group-5B178B5A250F-LeaderElection1] INFO  impl.RoleInfo (RoleInfo.java:updateAndGet(143)) - c08c50e8-12e3-4a9f-8d07-a31e7885cc60: start LeaderState
2019-10-16 22:16:52,933 [c877b40c-f70f-4e08-bb9d-91bddb5d6847@group-96FB12251094-LeaderElection2] INFO  impl.RoleInfo (RoleInfo.java:updateAndGet(143)) - c877b40c-f70f-4e08-bb9d-91bddb5d6847: start LeaderState
2019-10-16 22:16:52,937 [pool-47-thread-1] INFO  impl.RaftServerImpl (RaftServerImpl.java:start(195)) - 777be068-7a1c-4abf-ad8d-603801d8ac95@group-F2536D755653: start as a follower, conf=-1: [777be068-7a1c-4abf-ad8d-603801d8ac95:192.168.34.38:35329], old=null
2019-10-16 22:16:52,937 [pool-47-thread-1] INFO  impl.RaftServerImpl (RaftServerImpl.java:setRole(184)) - 777be068-7a1c-4abf-ad8d-603801d8ac95@group-F2536D755653: changes role from      null to FOLLOWER at term 0 for startAsFollower
2019-10-16 22:16:52,937 [pool-47-thread-1] INFO  impl.RoleInfo (RoleInfo.java:updateAndGet(143)) - 777be068-7a1c-4abf-ad8d-603801d8ac95: start FollowerState
2019-10-16 22:16:52,937 [pool-47-thread-1] INFO  util.JmxRegister (JmxRegister.java:tryRegister(44)) - Successfully registered JMX Bean with object name Ratis:service=RaftServer,group=group-F2536D755653,id=777be068-7a1c-4abf-ad8d-603801d8ac95
2019-10-16 22:16:52,948 [RatisPipelineUtilsThread] INFO  pipeline.PipelineStateManager (PipelineStateManager.java:addPipeline(57)) - Created pipeline Pipeline[ Id: 1750138c-2964-4473-aaf6-f2536d755653, Nodes: 777be068-7a1c-4abf-ad8d-603801d8ac95{ip: 192.168.34.38, host: pr-hdds-1868-89kc4-1304904179, networkLocation: /default-rack, certSerialId: null}, Type:RATIS, Factor:ONE, State:ALLOCATED]
2019-10-16 22:16:52,964 [c08c50e8-12e3-4a9f-8d07-a31e7885cc60@group-5B178B5A250F-LeaderElection1] INFO  segmented.SegmentedRaftLogWorker (SegmentedRaftLogWorker.java:startLogSegment(385)) - c08c50e8-12e3-4a9f-8d07-a31e7885cc60@group-5B178B5A250F-SegmentedRaftLogWorker: Starting segment from index:0
2019-10-16 22:16:52,964 [c877b40c-f70f-4e08-bb9d-91bddb5d6847@group-96FB12251094-LeaderElection2] INFO  segmented.SegmentedRaftLogWorker (SegmentedRaftLogWorker.java:startLogSegment(385)) - c877b40c-f70f-4e08-bb9d-91bddb5d6847@group-96FB12251094-SegmentedRaftLogWorker: Starting segment from index:0
2019-10-16 22:16:52,972 [grpc-default-executor-1] INFO  impl.RaftServerProxy (RaftServerProxy.java:addNew(89)) - 777be068-7a1c-4abf-ad8d-603801d8ac95: addNew group-B55DFFF8EC72:[c877b40c-f70f-4e08-bb9d-91bddb5d6847:192.168.34.38:40232, 777be068-7a1c-4abf-ad8d-603801d8ac95:192.168.34.38:35329, c08c50e8-12e3-4a9f-8d07-a31e7885cc60:192.168.34.38:44255] returns group-B55DFFF8EC72:java.util.concurrent.CompletableFuture@7a2036de[Not completed]
2019-10-16 22:16:52,973 [grpc-default-executor-2] INFO  impl.RaftServerProxy (RaftServerProxy.java:addNew(89)) - c877b40c-f70f-4e08-bb9d-91bddb5d6847: addNew group-B55DFFF8EC72:[c877b40c-f70f-4e08-bb9d-91bddb5d6847:192.168.34.38:40232, 777be068-7a1c-4abf-ad8d-603801d8ac95:192.168.34.38:35329, c08c50e8-12e3-4a9f-8d07-a31e7885cc60:192.168.34.38:44255] returns group-B55DFFF8EC72:java.util.concurrent.CompletableFuture@7e9cba70[Not completed]
2019-10-16 22:16:52,973 [grpc-default-executor-0] INFO  impl.RaftServerProxy (RaftServerProxy.java:addNew(89)) - c08c50e8-12e3-4a9f-8d07-a31e7885cc60: addNew group-B55DFFF8EC72:[c877b40c-f70f-4e08-bb9d-91bddb5d6847:192.168.34.38:40232, 777be068-7a1c-4abf-ad8d-603801d8ac95:192.168.34.38:35329, c08c50e8-12e3-4a9f-8d07-a31e7885cc60:192.168.34.38:44255] returns group-B55DFFF8EC72:java.util.concurrent.CompletableFuture@4bf91839[Not completed]
2019-10-16 22:16:52,974 [pool-47-thread-1] INFO  impl.RaftServerImpl (RaftServerImpl.java:<init>(104)) - 777be068-7a1c-4abf-ad8d-603801d8ac95: new RaftServerImpl for group-B55DFFF8EC72:[c877b40c-f70f-4e08-bb9d-91bddb5d6847:192.168.34.38:40232, 777be068-7a1c-4abf-ad8d-603801d8ac95:192.168.34.38:35329, c08c50e8-12e3-4a9f-8d07-a31e7885cc60:192.168.34.38:44255] with ContainerStateMachine:uninitialized
2019-10-16 22:16:52,974 [pool-47-thread-1] INFO  server.RaftServerConfigKeys (ConfUtils.java:logGet(43)) - raft.server.rpc.timeout.min = 5s (custom)
2019-10-16 22:16:52,974 [pool-47-thread-1] INFO  server.RaftServerConfigKeys (ConfUtils.java:logGet(43)) - raft.server.rpc.timeout.max = 5200ms (custom)
2019-10-16 22:16:52,974 [pool-47-thread-1] INFO  server.RaftServerConfigKeys (ConfUtils.java:logGet(43)) - raft.server.rpcslowness.timeout = 120s (custom)
2019-10-16 22:16:52,974 [pool-47-thread-1] INFO  server.RaftServerConfigKeys (ConfUtils.java:logGet(43)) - raft.server.sleep.deviation.threshold = 300 (default)
2019-10-16 22:16:52,974 [pool-47-thread-1] INFO  server.RaftServerConfigKeys (ConfUtils.java:logGet(43)) - raft.server.log.appender.install.snapshot.enabled = false (custom)
2019-10-16 22:16:52,974 [pool-27-thread-1] INFO  impl.RaftServerImpl (RaftServerImpl.java:<init>(104)) - c08c50e8-12e3-4a9f-8d07-a31e7885cc60: new RaftServerImpl for group-B55DFFF8EC72:[c877b40c-f70f-4e08-bb9d-91bddb5d6847:192.168.34.38:40232, 777be068-7a1c-4abf-ad8d-603801d8ac95:192.168.34.38:35329, c08c50e8-12e3-4a9f-8d07-a31e7885cc60:192.168.34.38:44255] with ContainerStateMachine:uninitialized
2019-10-16 22:16:52,974 [pool-47-thread-1] INFO  impl.RaftServerImpl (ServerState.java:<init>(103)) - 777be068-7a1c-4abf-ad8d-603801d8ac95@group-B55DFFF8EC72: ConfigurationManager, init=-1: [c877b40c-f70f-4e08-bb9d-91bddb5d6847:192.168.34.38:40232, 777be068-7a1c-4abf-ad8d-603801d8ac95:192.168.34.38:35329, c08c50e8-12e3-4a9f-8d07-a31e7885cc60:192.168.34.38:44255], old=null, confs=<EMPTY_MAP>
2019-10-16 22:16:52,974 [pool-27-thread-1] INFO  server.RaftServerConfigKeys (ConfUtils.java:logGet(43)) - raft.server.rpc.timeout.min = 5s (custom)
2019-10-16 22:16:52,975 [pool-47-thread-1] INFO  server.RaftServerConfigKeys (ConfUtils.java:logGet(43)) - raft.server.storage.dir = [/workdir/hadoop-ozone/tools/target/test-dir/MiniOzoneClusterImpl-f547a2d9-0c70-45d1-bc96-08b1275e21f1/datanode-2/data/ratis] (custom)
2019-10-16 22:16:52,975 [pool-27-thread-1] INFO  server.RaftServerConfigKeys (ConfUtils.java:logGet(43)) - raft.server.rpc.timeout.max = 5200ms (custom)
2019-10-16 22:16:52,975 [pool-27-thread-1] INFO  server.RaftServerConfigKeys (ConfUtils.java:logGet(43)) - raft.server.rpcslowness.timeout = 120s (custom)
2019-10-16 22:16:52,975 [pool-47-thread-1] INFO  server.RaftServerConfigKeys (ConfUtils.java:logGet(43)) - raft.server.log.corruption.policy = EXCEPTION (default)
2019-10-16 22:16:52,975 [pool-37-thread-1] INFO  impl.RaftServerImpl (RaftServerImpl.java:<init>(104)) - c877b40c-f70f-4e08-bb9d-91bddb5d6847: new RaftServerImpl for group-B55DFFF8EC72:[c877b40c-f70f-4e08-bb9d-91bddb5d6847:192.168.34.38:40232, 777be068-7a1c-4abf-ad8d-603801d8ac95:192.168.34.38:35329, c08c50e8-12e3-4a9f-8d07-a31e7885cc60:192.168.34.38:44255] with ContainerStateMachine:uninitialized
2019-10-16 22:16:52,975 [pool-27-thread-1] INFO  server.RaftServerConfigKeys (ConfUtils.java:logGet(43)) - raft.server.sleep.deviation.threshold = 300 (default)
2019-10-16 22:16:52,975 [pool-37-thread-1] INFO  server.RaftServerConfigKeys (ConfUtils.java:logGet(43)) - raft.server.rpc.timeout.min = 5s (custom)
2019-10-16 22:16:52,975 [pool-47-thread-1] INFO  storage.RaftStorageDirectory (RaftStorageDirectory.java:analyzeStorage(246)) - The storage directory /workdir/hadoop-ozone/tools/target/test-dir/MiniOzoneClusterImpl-f547a2d9-0c70-45d1-bc96-08b1275e21f1/datanode-2/data/ratis/ec914b22-76c4-4998-8e64-b55dfff8ec72 does not exist. Creating ...
2019-10-16 22:16:52,975 [pool-37-thread-1] INFO  server.RaftServerConfigKeys (ConfUtils.java:logGet(43)) - raft.server.rpc.timeout.max = 5200ms (custom)
2019-10-16 22:16:52,975 [pool-27-thread-1] INFO  server.RaftServerConfigKeys (ConfUtils.java:logGet(43)) - raft.server.log.appender.install.snapshot.enabled = false (custom)
2019-10-16 22:16:52,975 [pool-37-thread-1] INFO  server.RaftServerConfigKeys (ConfUtils.java:logGet(43)) - raft.server.rpcslowness.timeout = 120s (custom)
2019-10-16 22:16:52,975 [pool-27-thread-1] INFO  impl.RaftServerImpl (ServerState.java:<init>(103)) - c08c50e8-12e3-4a9f-8d07-a31e7885cc60@group-B55DFFF8EC72: ConfigurationManager, init=-1: [c877b40c-f70f-4e08-bb9d-91bddb5d6847:192.168.34.38:40232, 777be068-7a1c-4abf-ad8d-603801d8ac95:192.168.34.38:35329, c08c50e8-12e3-4a9f-8d07-a31e7885cc60:192.168.34.38:44255], old=null, confs=<EMPTY_MAP>
2019-10-16 22:16:52,975 [pool-37-thread-1] INFO  server.RaftServerConfigKeys (ConfUtils.java:logGet(43)) - raft.server.sleep.deviation.threshold = 300 (default)
2019-10-16 22:16:52,976 [pool-27-thread-1] INFO  server.RaftServerConfigKeys (ConfUtils.java:logGet(43)) - raft.server.storage.dir = [/workdir/hadoop-ozone/tools/target/test-dir/MiniOzoneClusterImpl-f547a2d9-0c70-45d1-bc96-08b1275e21f1/datanode-0/data/ratis] (custom)
2019-10-16 22:16:52,976 [pool-37-thread-1] INFO  server.RaftServerConfigKeys (ConfUtils.java:logGet(43)) - raft.server.log.appender.install.snapshot.enabled = false (custom)
2019-10-16 22:16:52,976 [pool-37-thread-1] INFO  impl.RaftServerImpl (ServerState.java:<init>(103)) - c877b40c-f70f-4e08-bb9d-91bddb5d6847@group-B55DFFF8EC72: ConfigurationManager, init=-1: [c877b40c-f70f-4e08-bb9d-91bddb5d6847:192.168.34.38:40232, 777be068-7a1c-4abf-ad8d-603801d8ac95:192.168.34.38:35329, c08c50e8-12e3-4a9f-8d07-a31e7885cc60:192.168.34.38:44255], old=null, confs=<EMPTY_MAP>
2019-10-16 22:16:52,976 [pool-27-thread-1] INFO  server.RaftServerConfigKeys (ConfUtils.java:logGet(43)) - raft.server.log.corruption.policy = EXCEPTION (default)
2019-10-16 22:16:52,976 [pool-37-thread-1] INFO  server.RaftServerConfigKeys (ConfUtils.java:logGet(43)) - raft.server.storage.dir = [/workdir/hadoop-ozone/tools/target/test-dir/MiniOzoneClusterImpl-f547a2d9-0c70-45d1-bc96-08b1275e21f1/datanode-1/data/ratis] (custom)
2019-10-16 22:16:52,976 [pool-27-thread-1] INFO  storage.RaftStorageDirectory (RaftStorageDirectory.java:analyzeStorage(246)) - The storage directory /workdir/hadoop-ozone/tools/target/test-dir/MiniOzoneClusterImpl-f547a2d9-0c70-45d1-bc96-08b1275e21f1/datanode-0/data/ratis/ec914b22-76c4-4998-8e64-b55dfff8ec72 does not exist. Creating ...
2019-10-16 22:16:52,976 [pool-37-thread-1] INFO  server.RaftServerConfigKeys (ConfUtils.java:logGet(43)) - raft.server.log.corruption.policy = EXCEPTION (default)
2019-10-16 22:16:52,976 [pool-37-thread-1] INFO  storage.RaftStorageDirectory (RaftStorageDirectory.java:analyzeStorage(246)) - The storage directory /workdir/hadoop-ozone/tools/target/test-dir/MiniOzoneClusterImpl-f547a2d9-0c70-45d1-bc96-08b1275e21f1/datanode-1/data/ratis/ec914b22-76c4-4998-8e64-b55dfff8ec72 does not exist. Creating ...
2019-10-16 22:16:52,978 [c877b40c-f70f-4e08-bb9d-91bddb5d6847@group-96FB12251094-LeaderElection2] INFO  impl.RaftServerImpl (ServerState.java:setRaftConf(357)) - c877b40c-f70f-4e08-bb9d-91bddb5d6847@group-96FB12251094: set configuration 0: [c877b40c-f70f-4e08-bb9d-91bddb5d6847:192.168.34.38:40232], old=null at 0
2019-10-16 22:16:52,978 [c08c50e8-12e3-4a9f-8d07-a31e7885cc60@group-5B178B5A250F-LeaderElection1] INFO  impl.RaftServerImpl (ServerState.java:setRaftConf(357)) - c08c50e8-12e3-4a9f-8d07-a31e7885cc60@group-5B178B5A250F: set configuration 0: [c08c50e8-12e3-4a9f-8d07-a31e7885cc60:192.168.34.38:44255], old=null at 0
2019-10-16 22:16:52,987 [pool-37-thread-1] INFO  storage.RaftStorageDirectory (RaftStorageDirectory.java:tryLock(328)) - Lock on /workdir/hadoop-ozone/tools/target/test-dir/MiniOzoneClusterImpl-f547a2d9-0c70-45d1-bc96-08b1275e21f1/datanode-1/data/ratis/ec914b22-76c4-4998-8e64-b55dfff8ec72/in_use.lock acquired by nodename 29296@pr-hdds-1868-89kc4-1304904179
2019-10-16 22:16:52,987 [pool-47-thread-1] INFO  storage.RaftStorageDirectory (RaftStorageDirectory.java:tryLock(328)) - Lock on /workdir/hadoop-ozone/tools/target/test-dir/MiniOzoneClusterImpl-f547a2d9-0c70-45d1-bc96-08b1275e21f1/datanode-2/data/ratis/ec914b22-76c4-4998-8e64-b55dfff8ec72/in_use.lock acquired by nodename 29296@pr-hdds-1868-89kc4-1304904179
2019-10-16 22:16:52,987 [pool-27-thread-1] INFO  storage.RaftStorageDirectory (RaftStorageDirectory.java:tryLock(328)) - Lock on /workdir/hadoop-ozone/tools/target/test-dir/MiniOzoneClusterImpl-f547a2d9-0c70-45d1-bc96-08b1275e21f1/datanode-0/data/ratis/ec914b22-76c4-4998-8e64-b55dfff8ec72/in_use.lock acquired by nodename 29296@pr-hdds-1868-89kc4-1304904179
2019-10-16 22:16:53,004 [pool-37-thread-1] INFO  storage.RaftStorage (RaftStorage.java:format(84)) - Storage directory /workdir/hadoop-ozone/tools/target/test-dir/MiniOzoneClusterImpl-f547a2d9-0c70-45d1-bc96-08b1275e21f1/datanode-1/data/ratis/ec914b22-76c4-4998-8e64-b55dfff8ec72 has been successfully formatted.
2019-10-16 22:16:53,004 [pool-47-thread-1] INFO  storage.RaftStorage (RaftStorage.java:format(84)) - Storage directory /workdir/hadoop-ozone/tools/target/test-dir/MiniOzoneClusterImpl-f547a2d9-0c70-45d1-bc96-08b1275e21f1/datanode-2/data/ratis/ec914b22-76c4-4998-8e64-b55dfff8ec72 has been successfully formatted.
2019-10-16 22:16:53,004 [pool-27-thread-1] INFO  storage.RaftStorage (RaftStorage.java:format(84)) - Storage directory /workdir/hadoop-ozone/tools/target/test-dir/MiniOzoneClusterImpl-f547a2d9-0c70-45d1-bc96-08b1275e21f1/datanode-0/data/ratis/ec914b22-76c4-4998-8e64-b55dfff8ec72 has been successfully formatted.
2019-10-16 22:16:53,005 [pool-37-thread-1] INFO  ratis.ContainerStateMachine (ContainerStateMachine.java:loadSnapshot(233)) - group-B55DFFF8EC72: The snapshot info is null. Setting the last applied indexto:(t:0, i:~)
2019-10-16 22:16:53,005 [pool-47-thread-1] INFO  ratis.ContainerStateMachine (ContainerStateMachine.java:loadSnapshot(233)) - group-B55DFFF8EC72: The snapshot info is null. Setting the last applied indexto:(t:0, i:~)
2019-10-16 22:16:53,005 [pool-37-thread-1] INFO  server.RaftServerConfigKeys (ConfUtils.java:logGet(43)) - raft.server.notification.no-leader.timeout = 120s (custom)
2019-10-16 22:16:53,005 [pool-27-thread-1] INFO  ratis.ContainerStateMachine (ContainerStateMachine.java:loadSnapshot(233)) - group-B55DFFF8EC72: The snapshot info is null. Setting the last applied indexto:(t:0, i:~)
2019-10-16 22:16:53,005 [pool-37-thread-1] INFO  server.RaftServerConfigKeys (ConfUtils.java:logGet(43)) - raft.server.log.use.memory = false (default)
2019-10-16 22:16:53,005 [pool-47-thread-1] INFO  server.RaftServerConfigKeys (ConfUtils.java:logGet(43)) - raft.server.notification.no-leader.timeout = 120s (custom)
2019-10-16 22:16:53,005 [pool-37-thread-1] INFO  server.RaftServerConfigKeys (ConfUtils.java:logGet(43)) - raft.server.log.purge.gap = 1000000 (custom)
2019-10-16 22:16:53,005 [pool-27-thread-1] INFO  server.RaftServerConfigKeys (ConfUtils.java:logGet(43)) - raft.server.notification.no-leader.timeout = 120s (custom)
2019-10-16 22:16:53,005 [pool-37-thread-1] INFO  server.RaftServerConfigKeys (ConfUtils.java:logGet(43)) - raft.server.log.appender.buffer.byte-limit = 33554432 (custom)
2019-10-16 22:16:53,005 [pool-47-thread-1] INFO  server.RaftServerConfigKeys (ConfUtils.java:logGet(43)) - raft.server.log.use.memory = false (default)
2019-10-16 22:16:53,006 [pool-37-thread-1] INFO  server.RaftServerConfigKeys (ConfUtils.java:logGet(43)) - raft.server.log.segment.size.max = 1048576 (custom)
2019-10-16 22:16:53,005 [pool-27-thread-1] INFO  server.RaftServerConfigKeys (ConfUtils.java:logGet(43)) - raft.server.log.use.memory = false (default)
2019-10-16 22:16:53,006 [pool-37-thread-1] INFO  server.RaftServerConfigKeys (ConfUtils.java:logGet(43)) - raft.server.log.segment.cache.num.max = 2 (custom)
2019-10-16 22:16:53,006 [pool-47-thread-1] INFO  server.RaftServerConfigKeys (ConfUtils.java:logGet(43)) - raft.server.log.purge.gap = 1000000 (custom)
2019-10-16 22:16:53,006 [pool-37-thread-1] INFO  segmented.SegmentedRaftLogWorker (SegmentedRaftLogWorker.java:<init>(173)) - new c877b40c-f70f-4e08-bb9d-91bddb5d6847@group-B55DFFF8EC72-SegmentedRaftLogWorker for RaftStorage:Storage Directory /workdir/hadoop-ozone/tools/target/test-dir/MiniOzoneClusterImpl-f547a2d9-0c70-45d1-bc96-08b1275e21f1/datanode-1/data/ratis/ec914b22-76c4-4998-8e64-b55dfff8ec72
2019-10-16 22:16:53,006 [pool-27-thread-1] INFO  server.RaftServerConfigKeys (ConfUtils.java:logGet(43)) - raft.server.log.purge.gap = 1000000 (custom)
2019-10-16 22:16:53,006 [pool-37-thread-1] INFO  server.RaftServerConfigKeys (ConfUtils.java:logGet(43)) - raft.server.log.queue.byte-limit = 2147483647 (custom)
2019-10-16 22:16:53,006 [pool-47-thread-1] INFO  server.RaftServerConfigKeys (ConfUtils.java:logGet(43)) - raft.server.log.appender.buffer.byte-limit = 33554432 (custom)
2019-10-16 22:16:53,006 [pool-37-thread-1] INFO  server.RaftServerConfigKeys (ConfUtils.java:logGet(43)) - raft.server.log.queue.element-limit = 1024 (custom)
2019-10-16 22:16:53,006 [pool-27-thread-1] INFO  server.RaftServerConfigKeys (ConfUtils.java:logGet(43)) - raft.server.log.appender.buffer.byte-limit = 33554432 (custom)
2019-10-16 22:16:53,006 [pool-37-thread-1] INFO  server.RaftServerConfigKeys (ConfUtils.java:logGet(43)) - raft.server.log.segment.size.max = 1048576 (custom)
2019-10-16 22:16:53,006 [pool-47-thread-1] INFO  server.RaftServerConfigKeys (ConfUtils.java:logGet(43)) - raft.server.log.segment.size.max = 1048576 (custom)
2019-10-16 22:16:53,007 [pool-37-thread-1] INFO  server.RaftServerConfigKeys (ConfUtils.java:logGet(43)) - raft.server.log.preallocated.size = 16384 (custom)
2019-10-16 22:16:53,007 [pool-27-thread-1] INFO  server.RaftServerConfigKeys (ConfUtils.java:logGet(43)) - raft.server.log.segment.size.max = 1048576 (custom)
2019-10-16 22:16:53,007 [pool-37-thread-1] INFO  server.RaftServerConfigKeys (ConfUtils.java:logGet(43)) - raft.server.log.write.buffer.size = 33554432 (custom)
2019-10-16 22:16:53,007 [pool-47-thread-1] INFO  server.RaftServerConfigKeys (ConfUtils.java:logGet(43)) - raft.server.log.segment.cache.num.max = 2 (custom)
2019-10-16 22:16:53,007 [pool-37-thread-1] INFO  server.RaftServerConfigKeys (ConfUtils.java:logGet(43)) - raft.server.log.force.sync.num = 128 (default)
2019-10-16 22:16:53,007 [pool-27-thread-1] INFO  server.RaftServerConfigKeys (ConfUtils.java:logGet(43)) - raft.server.log.segment.cache.num.max = 2 (custom)
2019-10-16 22:16:53,007 [pool-37-thread-1] INFO  server.RaftServerConfigKeys (ConfUtils.java:logGet(43)) - raft.server.log.statemachine.data.sync = true (default)
2019-10-16 22:16:53,007 [pool-47-thread-1] INFO  segmented.SegmentedRaftLogWorker (SegmentedRaftLogWorker.java:<init>(173)) - new 777be068-7a1c-4abf-ad8d-603801d8ac95@group-B55DFFF8EC72-SegmentedRaftLogWorker for RaftStorage:Storage Directory /workdir/hadoop-ozone/tools/target/test-dir/MiniOzoneClusterImpl-f547a2d9-0c70-45d1-bc96-08b1275e21f1/datanode-2/data/ratis/ec914b22-76c4-4998-8e64-b55dfff8ec72
2019-10-16 22:16:53,008 [pool-37-thread-1] INFO  server.RaftServerConfigKeys (ConfUtils.java:logGet(43)) - raft.server.log.statemachine.data.sync.timeout = 10s (default)
2019-10-16 22:16:53,007 [pool-27-thread-1] INFO  segmented.SegmentedRaftLogWorker (SegmentedRaftLogWorker.java:<init>(173)) - new c08c50e8-12e3-4a9f-8d07-a31e7885cc60@group-B55DFFF8EC72-SegmentedRaftLogWorker for RaftStorage:Storage Directory /workdir/hadoop-ozone/tools/target/test-dir/MiniOzoneClusterImpl-f547a2d9-0c70-45d1-bc96-08b1275e21f1/datanode-0/data/ratis/ec914b22-76c4-4998-8e64-b55dfff8ec72
2019-10-16 22:16:53,008 [pool-37-thread-1] INFO  server.RaftServerConfigKeys (ConfUtils.java:logGet(43)) - raft.server.log.statemachine.data.sync.timeout.retry = -1 (default)
2019-10-16 22:16:53,008 [pool-47-thread-1] INFO  server.RaftServerConfigKeys (ConfUtils.java:logGet(43)) - raft.server.log.queue.byte-limit = 2147483647 (custom)
2019-10-16 22:16:53,008 [pool-27-thread-1] INFO  server.RaftServerConfigKeys (ConfUtils.java:logGet(43)) - raft.server.log.queue.byte-limit = 2147483647 (custom)
2019-10-16 22:16:53,008 [pool-37-thread-1] INFO  server.RaftServerConfigKeys (ConfUtils.java:logGet(43)) - raft.server.log.statemachine.data.caching.enabled = true (custom)
2019-10-16 22:16:53,008 [pool-47-thread-1] INFO  server.RaftServerConfigKeys (ConfUtils.java:logGet(43)) - raft.server.log.queue.element-limit = 1024 (custom)
2019-10-16 22:16:53,008 [pool-27-thread-1] INFO  server.RaftServerConfigKeys (ConfUtils.java:logGet(43)) - raft.server.log.queue.element-limit = 1024 (custom)
2019-10-16 22:16:53,008 [pool-47-thread-1] INFO  server.RaftServerConfigKeys (ConfUtils.java:logGet(43)) - raft.server.log.segment.size.max = 1048576 (custom)
2019-10-16 22:16:53,008 [pool-27-thread-1] INFO  server.RaftServerConfigKeys (ConfUtils.java:logGet(43)) - raft.server.log.segment.size.max = 1048576 (custom)
2019-10-16 22:16:53,008 [pool-37-thread-1] INFO  segmented.SegmentedRaftLogWorker (SegmentedRaftLogWorker.java:lambda$new$0(128)) - c877b40c-f70f-4e08-bb9d-91bddb5d6847@group-B55DFFF8EC72-SegmentedRaftLogWorker: flushIndex: setUnconditionally 0 -> -1
2019-10-16 22:16:53,009 [pool-27-thread-1] INFO  server.RaftServerConfigKeys (ConfUtils.java:logGet(43)) - raft.server.log.preallocated.size = 16384 (custom)
2019-10-16 22:16:53,008 [pool-47-thread-1] INFO  server.RaftServerConfigKeys (ConfUtils.java:logGet(43)) - raft.server.log.preallocated.size = 16384 (custom)
2019-10-16 22:16:53,009 [pool-37-thread-1] INFO  server.RaftServerConfigKeys (ConfUtils.java:logGet(43)) - raft.server.snapshot.auto.trigger.enabled = true (custom)
2019-10-16 22:16:53,009 [pool-27-thread-1] INFO  server.RaftServerConfigKeys (ConfUtils.java:logGet(43)) - raft.server.log.write.buffer.size = 33554432 (custom)
2019-10-16 22:16:53,009 [pool-37-thread-1] INFO  server.RaftServerConfigKeys (ConfUtils.java:logGet(43)) - raft.server.snapshot.auto.trigger.threshold = 10000 (custom)
2019-10-16 22:16:53,009 [pool-47-thread-1] INFO  server.RaftServerConfigKeys (ConfUtils.java:logGet(43)) - raft.server.log.write.buffer.size = 33554432 (custom)
2019-10-16 22:16:53,009 [pool-37-thread-1] INFO  server.RaftServerConfigKeys (ConfUtils.java:logGet(43)) - raft.server.snapshot.retention.file.num = 5 (custom)
2019-10-16 22:16:53,009 [pool-27-thread-1] INFO  server.RaftServerConfigKeys (ConfUtils.java:logGet(43)) - raft.server.log.force.sync.num = 128 (default)
2019-10-16 22:16:53,009 [pool-37-thread-1] INFO  server.RaftServerConfigKeys (ConfUtils.java:logGet(43)) - raft.server.retrycache.expirytime = 600000ms (custom)
2019-10-16 22:16:53,009 [pool-47-thread-1] INFO  server.RaftServerConfigKeys (ConfUtils.java:logGet(43)) - raft.server.log.force.sync.num = 128 (default)
2019-10-16 22:16:53,010 [pool-27-thread-1] INFO  server.RaftServerConfigKeys (ConfUtils.java:logGet(43)) - raft.server.log.statemachine.data.sync = true (default)
2019-10-16 22:16:53,010 [pool-47-thread-1] INFO  server.RaftServerConfigKeys (ConfUtils.java:logGet(43)) - raft.server.log.statemachine.data.sync = true (default)
2019-10-16 22:16:53,010 [pool-27-thread-1] INFO  server.RaftServerConfigKeys (ConfUtils.java:logGet(43)) - raft.server.log.statemachine.data.sync.timeout = 10s (default)
2019-10-16 22:16:53,010 [pool-47-thread-1] INFO  server.RaftServerConfigKeys (ConfUtils.java:logGet(43)) - raft.server.log.statemachine.data.sync.timeout = 10s (default)
2019-10-16 22:16:53,010 [pool-27-thread-1] INFO  server.RaftServerConfigKeys (ConfUtils.java:logGet(43)) - raft.server.log.statemachine.data.sync.timeout.retry = -1 (default)
2019-10-16 22:16:53,010 [pool-47-thread-1] INFO  server.RaftServerConfigKeys (ConfUtils.java:logGet(43)) - raft.server.log.statemachine.data.sync.timeout.retry = -1 (default)
2019-10-16 22:16:53,010 [pool-27-thread-1] INFO  server.RaftServerConfigKeys (ConfUtils.java:logGet(43)) - raft.server.log.statemachine.data.caching.enabled = true (custom)
2019-10-16 22:16:53,011 [pool-47-thread-1] INFO  server.RaftServerConfigKeys (ConfUtils.java:logGet(43)) - raft.server.log.statemachine.data.caching.enabled = true (custom)
2019-10-16 22:16:53,012 [pool-37-thread-1] INFO  impl.RaftServerImpl (RaftServerImpl.java:start(195)) - c877b40c-f70f-4e08-bb9d-91bddb5d6847@group-B55DFFF8EC72: start as a follower, conf=-1: [c877b40c-f70f-4e08-bb9d-91bddb5d6847:192.168.34.38:40232, 777be068-7a1c-4abf-ad8d-603801d8ac95:192.168.34.38:35329, c08c50e8-12e3-4a9f-8d07-a31e7885cc60:192.168.34.38:44255], old=null
2019-10-16 22:16:53,012 [pool-37-thread-1] INFO  impl.RaftServerImpl (RaftServerImpl.java:setRole(184)) - c877b40c-f70f-4e08-bb9d-91bddb5d6847@group-B55DFFF8EC72: changes role from      null to FOLLOWER at term 0 for startAsFollower
2019-10-16 22:16:53,012 [pool-37-thread-1] INFO  impl.RoleInfo (RoleInfo.java:updateAndGet(143)) - c877b40c-f70f-4e08-bb9d-91bddb5d6847: start FollowerState
2019-10-16 22:16:53,013 [pool-37-thread-1] INFO  util.JmxRegister (JmxRegister.java:tryRegister(44)) - Successfully registered JMX Bean with object name Ratis:service=RaftServer,group=group-B55DFFF8EC72,id=c877b40c-f70f-4e08-bb9d-91bddb5d6847
2019-10-16 22:16:53,036 [pool-27-thread-1] INFO  segmented.SegmentedRaftLogWorker (SegmentedRaftLogWorker.java:lambda$new$0(128)) - c08c50e8-12e3-4a9f-8d07-a31e7885cc60@group-B55DFFF8EC72-SegmentedRaftLogWorker: flushIndex: setUnconditionally 0 -> -1
2019-10-16 22:16:53,036 [pool-47-thread-1] INFO  segmented.SegmentedRaftLogWorker (SegmentedRaftLogWorker.java:lambda$new$0(128)) - 777be068-7a1c-4abf-ad8d-603801d8ac95@group-B55DFFF8EC72-SegmentedRaftLogWorker: flushIndex: setUnconditionally 0 -> -1
2019-10-16 22:16:53,037 [pool-27-thread-1] INFO  server.RaftServerConfigKeys (ConfUtils.java:logGet(43)) - raft.server.snapshot.auto.trigger.enabled = true (custom)
2019-10-16 22:16:53,037 [pool-27-thread-1] INFO  server.RaftServerConfigKeys (ConfUtils.java:logGet(43)) - raft.server.snapshot.auto.trigger.threshold = 10000 (custom)
2019-10-16 22:16:53,037 [pool-27-thread-1] INFO  server.RaftServerConfigKeys (ConfUtils.java:logGet(43)) - raft.server.snapshot.retention.file.num = 5 (custom)
2019-10-16 22:16:53,037 [pool-47-thread-1] INFO  server.RaftServerConfigKeys (ConfUtils.java:logGet(43)) - raft.server.snapshot.auto.trigger.enabled = true (custom)
2019-10-16 22:16:53,037 [pool-27-thread-1] INFO  server.RaftServerConfigKeys (ConfUtils.java:logGet(43)) - raft.server.retrycache.expirytime = 600000ms (custom)
2019-10-16 22:16:53,037 [pool-47-thread-1] INFO  server.RaftServerConfigKeys (ConfUtils.java:logGet(43)) - raft.server.snapshot.auto.trigger.threshold = 10000 (custom)
2019-10-16 22:16:53,038 [pool-47-thread-1] INFO  server.RaftServerConfigKeys (ConfUtils.java:logGet(43)) - raft.server.snapshot.retention.file.num = 5 (custom)
2019-10-16 22:16:53,038 [pool-47-thread-1] INFO  server.RaftServerConfigKeys (ConfUtils.java:logGet(43)) - raft.server.retrycache.expirytime = 600000ms (custom)
2019-10-16 22:16:53,040 [pool-27-thread-1] INFO  impl.RaftServerImpl (RaftServerImpl.java:start(195)) - c08c50e8-12e3-4a9f-8d07-a31e7885cc60@group-B55DFFF8EC72: start as a follower, conf=-1: [c877b40c-f70f-4e08-bb9d-91bddb5d6847:192.168.34.38:40232, 777be068-7a1c-4abf-ad8d-603801d8ac95:192.168.34.38:35329, c08c50e8-12e3-4a9f-8d07-a31e7885cc60:192.168.34.38:44255], old=null
2019-10-16 22:16:53,040 [pool-27-thread-1] INFO  impl.RaftServerImpl (RaftServerImpl.java:setRole(184)) - c08c50e8-12e3-4a9f-8d07-a31e7885cc60@group-B55DFFF8EC72: changes role from      null to FOLLOWER at term 0 for startAsFollower
2019-10-16 22:16:53,040 [pool-27-thread-1] INFO  impl.RoleInfo (RoleInfo.java:updateAndGet(143)) - c08c50e8-12e3-4a9f-8d07-a31e7885cc60: start FollowerState
2019-10-16 22:16:53,040 [pool-27-thread-1] INFO  util.JmxRegister (JmxRegister.java:tryRegister(44)) - Successfully registered JMX Bean with object name Ratis:service=RaftServer,group=group-B55DFFF8EC72,id=c08c50e8-12e3-4a9f-8d07-a31e7885cc60
2019-10-16 22:16:53,041 [pool-47-thread-1] INFO  impl.RaftServerImpl (RaftServerImpl.java:start(195)) - 777be068-7a1c-4abf-ad8d-603801d8ac95@group-B55DFFF8EC72: start as a follower, conf=-1: [c877b40c-f70f-4e08-bb9d-91bddb5d6847:192.168.34.38:40232, 777be068-7a1c-4abf-ad8d-603801d8ac95:192.168.34.38:35329, c08c50e8-12e3-4a9f-8d07-a31e7885cc60:192.168.34.38:44255], old=null
2019-10-16 22:16:53,041 [pool-47-thread-1] INFO  impl.RaftServerImpl (RaftServerImpl.java:setRole(184)) - 777be068-7a1c-4abf-ad8d-603801d8ac95@group-B55DFFF8EC72: changes role from      null to FOLLOWER at term 0 for startAsFollower
2019-10-16 22:16:53,041 [pool-47-thread-1] INFO  impl.RoleInfo (RoleInfo.java:updateAndGet(143)) - 777be068-7a1c-4abf-ad8d-603801d8ac95: start FollowerState
2019-10-16 22:16:53,042 [pool-47-thread-1] INFO  util.JmxRegister (JmxRegister.java:tryRegister(44)) - Successfully registered JMX Bean with object name Ratis:service=RaftServer,group=group-B55DFFF8EC72,id=777be068-7a1c-4abf-ad8d-603801d8ac95
2019-10-16 22:16:53,050 [Thread-190] INFO  impl.FollowerState (FollowerState.java:run(108)) - 777be068-7a1c-4abf-ad8d-603801d8ac95@group-F2536D755653-FollowerState: change to CANDIDATE, lastRpcTime:113ms, electionTimeout:113ms
2019-10-16 22:16:53,051 [Thread-190] INFO  impl.RoleInfo (RoleInfo.java:shutdownFollowerState(121)) - 777be068-7a1c-4abf-ad8d-603801d8ac95: shutdown FollowerState
2019-10-16 22:16:53,052 [Thread-190] INFO  impl.RaftServerImpl (RaftServerImpl.java:setRole(184)) - 777be068-7a1c-4abf-ad8d-603801d8ac95@group-F2536D755653: changes role from  FOLLOWER to CANDIDATE at term 0 for changeToCandidate
2019-10-16 22:16:53,052 [Thread-190] INFO  impl.RoleInfo (RoleInfo.java:updateAndGet(143)) - 777be068-7a1c-4abf-ad8d-603801d8ac95: start LeaderElection
2019-10-16 22:16:53,057 [Thread-198] INFO  impl.FollowerState (FollowerState.java:run(108)) - 777be068-7a1c-4abf-ad8d-603801d8ac95@group-B55DFFF8EC72-FollowerState: change to CANDIDATE, lastRpcTime:15ms, electionTimeout:15ms
2019-10-16 22:16:53,058 [Thread-198] INFO  impl.RoleInfo (RoleInfo.java:shutdownFollowerState(121)) - 777be068-7a1c-4abf-ad8d-603801d8ac95: shutdown FollowerState
2019-10-16 22:16:53,059 [Thread-198] INFO  impl.RaftServerImpl (RaftServerImpl.java:setRole(184)) - 777be068-7a1c-4abf-ad8d-603801d8ac95@group-B55DFFF8EC72: changes role from  FOLLOWER to CANDIDATE at term 0 for changeToCandidate
2019-10-16 22:16:53,059 [Thread-198] INFO  impl.RoleInfo (RoleInfo.java:updateAndGet(143)) - 777be068-7a1c-4abf-ad8d-603801d8ac95: start LeaderElection
2019-10-16 22:16:53,062 [RatisPipelineUtilsThread] INFO  pipeline.PipelineStateManager (PipelineStateManager.java:addPipeline(57)) - Created pipeline Pipeline[ Id: ec914b22-76c4-4998-8e64-b55dfff8ec72, Nodes: c08c50e8-12e3-4a9f-8d07-a31e7885cc60{ip: 192.168.34.38, host: pr-hdds-1868-89kc4-1304904179, networkLocation: /default-rack, certSerialId: null}c877b40c-f70f-4e08-bb9d-91bddb5d6847{ip: 192.168.34.38, host: pr-hdds-1868-89kc4-1304904179, networkLocation: /default-rack, certSerialId: null}777be068-7a1c-4abf-ad8d-603801d8ac95{ip: 192.168.34.38, host: pr-hdds-1868-89kc4-1304904179, networkLocation: /default-rack, certSerialId: null}, Type:RATIS, Factor:THREE, State:ALLOCATED]
2019-10-16 22:16:53,064 [main] INFO  ozone.MiniOzoneClusterImpl (MiniOzoneClusterImpl.java:lambda$waitForClusterToBeReady$2(164)) - Waiting for 4 number of pipelines out of 4, to report a leader.
2019-10-16 22:16:53,064 [EventQueue-PipelineReportForPipelineReportHandler] INFO  pipeline.PipelineReportHandler (PipelineReportHandler.java:processPipelineReport(119)) - Pipeline PipelineID=f7eda0b2-4915-4e61-892c-96fb12251094 reported by c877b40c-f70f-4e08-bb9d-91bddb5d6847{ip: 192.168.34.38, host: pr-hdds-1868-89kc4-1304904179, networkLocation: /default-rack, certSerialId: null} with leaderId c877b40c-f70f-4e08-bb9d-91bddb5d6847
2019-10-16 22:16:53,068 [EventQueue-PipelineReportForPipelineReportHandler] INFO  pipeline.PipelineStateManager (PipelineStateManager.java:openPipeline(136)) - Pipeline Pipeline[ Id: f7eda0b2-4915-4e61-892c-96fb12251094, Nodes: c877b40c-f70f-4e08-bb9d-91bddb5d6847{ip: 192.168.34.38, host: pr-hdds-1868-89kc4-1304904179, networkLocation: /default-rack, certSerialId: null}, Type:RATIS, Factor:ONE, State:OPEN] moved to OPEN state
2019-10-16 22:16:53,069 [EventQueue-PipelineReportForPipelineReportHandler] INFO  pipeline.PipelineReportHandler (PipelineReportHandler.java:processPipelineReport(119)) - Pipeline PipelineID=24a4993f-aa36-4ecb-b2ca-5b178b5a250f reported by c08c50e8-12e3-4a9f-8d07-a31e7885cc60{ip: 192.168.34.38, host: pr-hdds-1868-89kc4-1304904179, networkLocation: /default-rack, certSerialId: null} with leaderId c08c50e8-12e3-4a9f-8d07-a31e7885cc60
2019-10-16 22:16:53,069 [EventQueue-PipelineReportForPipelineReportHandler] INFO  pipeline.PipelineStateManager (PipelineStateManager.java:openPipeline(136)) - Pipeline Pipeline[ Id: 24a4993f-aa36-4ecb-b2ca-5b178b5a250f, Nodes: c08c50e8-12e3-4a9f-8d07-a31e7885cc60{ip: 192.168.34.38, host: pr-hdds-1868-89kc4-1304904179, networkLocation: /default-rack, certSerialId: null}, Type:RATIS, Factor:ONE, State:OPEN] moved to OPEN state
2019-10-16 22:16:53,087 [777be068-7a1c-4abf-ad8d-603801d8ac95@group-B55DFFF8EC72-LeaderElection4] INFO  impl.LeaderElection (LeaderElection.java:askForVotes(178)) - 777be068-7a1c-4abf-ad8d-603801d8ac95@group-B55DFFF8EC72-LeaderElection4: begin an election at term 1 for -1: [c877b40c-f70f-4e08-bb9d-91bddb5d6847:192.168.34.38:40232, 777be068-7a1c-4abf-ad8d-603801d8ac95:192.168.34.38:35329, c08c50e8-12e3-4a9f-8d07-a31e7885cc60:192.168.34.38:44255], old=null
2019-10-16 22:16:53,087 [777be068-7a1c-4abf-ad8d-603801d8ac95@group-F2536D755653-LeaderElection3] INFO  impl.LeaderElection (LeaderElection.java:askForVotes(178)) - 777be068-7a1c-4abf-ad8d-603801d8ac95@group-F2536D755653-LeaderElection3: begin an election at term 1 for -1: [777be068-7a1c-4abf-ad8d-603801d8ac95:192.168.34.38:35329], old=null
2019-10-16 22:16:53,088 [777be068-7a1c-4abf-ad8d-603801d8ac95@group-F2536D755653-LeaderElection3] INFO  impl.RoleInfo (RoleInfo.java:shutdownLeaderElection(134)) - 777be068-7a1c-4abf-ad8d-603801d8ac95: shutdown LeaderElection
2019-10-16 22:16:53,088 [777be068-7a1c-4abf-ad8d-603801d8ac95@group-F2536D755653-LeaderElection3] INFO  impl.RaftServerImpl (RaftServerImpl.java:setRole(184)) - 777be068-7a1c-4abf-ad8d-603801d8ac95@group-F2536D755653: changes role from CANDIDATE to LEADER at term 1 for changeToLeader
2019-10-16 22:16:53,088 [777be068-7a1c-4abf-ad8d-603801d8ac95@group-F2536D755653-LeaderElection3] INFO  ratis.XceiverServerRatis (XceiverServerRatis.java:handleLeaderChangedNotification(700)) - Leader change notification received for group: group-F2536D755653 with new leaderId: 777be068-7a1c-4abf-ad8d-603801d8ac95
2019-10-16 22:16:53,088 [777be068-7a1c-4abf-ad8d-603801d8ac95@group-F2536D755653-LeaderElection3] INFO  impl.RaftServerImpl (ServerState.java:setLeader(256)) - 777be068-7a1c-4abf-ad8d-603801d8ac95@group-F2536D755653: change Leader from null to 777be068-7a1c-4abf-ad8d-603801d8ac95 at term 1 for becomeLeader, leader elected after 165ms
2019-10-16 22:16:53,089 [777be068-7a1c-4abf-ad8d-603801d8ac95@group-F2536D755653-LeaderElection3] INFO  server.RaftServerConfigKeys (ConfUtils.java:logGet(43)) - raft.server.staging.catchup.gap = 1000 (default)
2019-10-16 22:16:53,089 [777be068-7a1c-4abf-ad8d-603801d8ac95@group-F2536D755653-LeaderElection3] INFO  server.RaftServerConfigKeys (ConfUtils.java:logGet(43)) - raft.server.rpc.sleep.time = 25ms (default)
2019-10-16 22:16:53,090 [777be068-7a1c-4abf-ad8d-603801d8ac95@group-F2536D755653-LeaderElection3] INFO  server.RaftServerConfigKeys (ConfUtils.java:logGet(43)) - raft.server.write.element-limit = 4096 (default)
2019-10-16 22:16:53,090 [777be068-7a1c-4abf-ad8d-603801d8ac95@group-F2536D755653-LeaderElection3] INFO  server.RaftServerConfigKeys (ConfUtils.java:logGet(43)) - raft.server.watch.timeout = 10s (default)
2019-10-16 22:16:53,090 [777be068-7a1c-4abf-ad8d-603801d8ac95@group-F2536D755653-LeaderElection3] INFO  server.RaftServerConfigKeys (ConfUtils.java:logGet(43)) - raft.server.watch.timeout.denomination = 1s (default)
2019-10-16 22:16:53,090 [777be068-7a1c-4abf-ad8d-603801d8ac95@group-F2536D755653-LeaderElection3] INFO  server.RaftServerConfigKeys (ConfUtils.java:logGet(43)) - raft.server.watch.element-limit = 65536 (default)
2019-10-16 22:16:53,093 [EventQueue-PipelineReportForPipelineReportHandler] INFO  pipeline.PipelineReportHandler (PipelineReportHandler.java:processPipelineReport(119)) - Pipeline PipelineID=1750138c-2964-4473-aaf6-f2536d755653 reported by 777be068-7a1c-4abf-ad8d-603801d8ac95{ip: 192.168.34.38, host: pr-hdds-1868-89kc4-1304904179, networkLocation: /default-rack, certSerialId: null} with leaderId 777be068-7a1c-4abf-ad8d-603801d8ac95
2019-10-16 22:16:53,093 [EventQueue-PipelineReportForPipelineReportHandler] INFO  pipeline.PipelineStateManager (PipelineStateManager.java:openPipeline(136)) - Pipeline Pipeline[ Id: 1750138c-2964-4473-aaf6-f2536d755653, Nodes: 777be068-7a1c-4abf-ad8d-603801d8ac95{ip: 192.168.34.38, host: pr-hdds-1868-89kc4-1304904179, networkLocation: /default-rack, certSerialId: null}, Type:RATIS, Factor:ONE, State:OPEN] moved to OPEN state
2019-10-16 22:16:53,093 [EventQueue-PipelineReportForPipelineReportHandler] INFO  pipeline.PipelineReportHandler (PipelineReportHandler.java:processPipelineReport(119)) - Pipeline PipelineID=ec914b22-76c4-4998-8e64-b55dfff8ec72 reported by 777be068-7a1c-4abf-ad8d-603801d8ac95{ip: 192.168.34.38, host: pr-hdds-1868-89kc4-1304904179, networkLocation: /default-rack, certSerialId: null} with leaderId 
2019-10-16 22:16:53,094 [777be068-7a1c-4abf-ad8d-603801d8ac95@group-F2536D755653-LeaderElection3] INFO  impl.RoleInfo (RoleInfo.java:updateAndGet(143)) - 777be068-7a1c-4abf-ad8d-603801d8ac95: start LeaderState
2019-10-16 22:16:53,094 [777be068-7a1c-4abf-ad8d-603801d8ac95@group-F2536D755653-LeaderElection3] INFO  segmented.SegmentedRaftLogWorker (SegmentedRaftLogWorker.java:startLogSegment(385)) - 777be068-7a1c-4abf-ad8d-603801d8ac95@group-F2536D755653-SegmentedRaftLogWorker: Starting segment from index:0
2019-10-16 22:16:53,095 [777be068-7a1c-4abf-ad8d-603801d8ac95@group-F2536D755653-LeaderElection3] INFO  impl.RaftServerImpl (ServerState.java:setRaftConf(357)) - 777be068-7a1c-4abf-ad8d-603801d8ac95@group-F2536D755653: set configuration 0: [777be068-7a1c-4abf-ad8d-603801d8ac95:192.168.34.38:35329], old=null at 0
2019-10-16 22:16:53,115 [grpc-default-executor-0] INFO  impl.RaftServerImpl (RaftServerImpl.java:setRole(184)) - c08c50e8-12e3-4a9f-8d07-a31e7885cc60@group-B55DFFF8EC72: changes role from  FOLLOWER to FOLLOWER at term 1 for recognizeCandidate:777be068-7a1c-4abf-ad8d-603801d8ac95
2019-10-16 22:16:53,115 [grpc-default-executor-2] INFO  impl.RaftServerImpl (RaftServerImpl.java:setRole(184)) - c877b40c-f70f-4e08-bb9d-91bddb5d6847@group-B55DFFF8EC72: changes role from  FOLLOWER to FOLLOWER at term 1 for recognizeCandidate:777be068-7a1c-4abf-ad8d-603801d8ac95
2019-10-16 22:16:53,115 [grpc-default-executor-0] INFO  impl.RoleInfo (RoleInfo.java:shutdownFollowerState(121)) - c08c50e8-12e3-4a9f-8d07-a31e7885cc60: shutdown FollowerState
2019-10-16 22:16:53,115 [grpc-default-executor-2] INFO  impl.RoleInfo (RoleInfo.java:shutdownFollowerState(121)) - c877b40c-f70f-4e08-bb9d-91bddb5d6847: shutdown FollowerState
2019-10-16 22:16:53,116 [grpc-default-executor-0] INFO  impl.RoleInfo (RoleInfo.java:updateAndGet(143)) - c08c50e8-12e3-4a9f-8d07-a31e7885cc60: start FollowerState
2019-10-16 22:16:53,116 [Thread-197] INFO  impl.FollowerState (FollowerState.java:run(117)) - c08c50e8-12e3-4a9f-8d07-a31e7885cc60@group-B55DFFF8EC72-FollowerState was interrupted: java.lang.InterruptedException: sleep interrupted
2019-10-16 22:16:53,116 [Thread-193] INFO  impl.FollowerState (FollowerState.java:run(117)) - c877b40c-f70f-4e08-bb9d-91bddb5d6847@group-B55DFFF8EC72-FollowerState was interrupted: java.lang.InterruptedException: sleep interrupted
2019-10-16 22:16:53,116 [grpc-default-executor-2] INFO  impl.RoleInfo (RoleInfo.java:updateAndGet(143)) - c877b40c-f70f-4e08-bb9d-91bddb5d6847: start FollowerState
2019-10-16 22:16:53,139 [777be068-7a1c-4abf-ad8d-603801d8ac95@group-B55DFFF8EC72-LeaderElection4] INFO  impl.LeaderElection (LeaderElection.java:logAndReturn(56)) - 777be068-7a1c-4abf-ad8d-603801d8ac95@group-B55DFFF8EC72-LeaderElection4: Election PASSED; received 1 response(s) [777be068-7a1c-4abf-ad8d-603801d8ac95<-c877b40c-f70f-4e08-bb9d-91bddb5d6847#0:OK-t1] and 0 exception(s); 777be068-7a1c-4abf-ad8d-603801d8ac95@group-B55DFFF8EC72:t1, leader=null, voted=777be068-7a1c-4abf-ad8d-603801d8ac95, raftlog=777be068-7a1c-4abf-ad8d-603801d8ac95@group-B55DFFF8EC72-SegmentedRaftLog:OPENED:c-1,f-1,i0, conf=-1: [c877b40c-f70f-4e08-bb9d-91bddb5d6847:192.168.34.38:40232, 777be068-7a1c-4abf-ad8d-603801d8ac95:192.168.34.38:35329, c08c50e8-12e3-4a9f-8d07-a31e7885cc60:192.168.34.38:44255], old=null
2019-10-16 22:16:53,139 [777be068-7a1c-4abf-ad8d-603801d8ac95@group-B55DFFF8EC72-LeaderElection4] INFO  impl.RoleInfo (RoleInfo.java:shutdownLeaderElection(134)) - 777be068-7a1c-4abf-ad8d-603801d8ac95: shutdown LeaderElection
2019-10-16 22:16:53,169 [777be068-7a1c-4abf-ad8d-603801d8ac95@group-B55DFFF8EC72-LeaderElection4] INFO  impl.RaftServerImpl (RaftServerImpl.java:setRole(184)) - 777be068-7a1c-4abf-ad8d-603801d8ac95@group-B55DFFF8EC72: changes role from CANDIDATE to LEADER at term 1 for changeToLeader
2019-10-16 22:16:53,169 [777be068-7a1c-4abf-ad8d-603801d8ac95@group-B55DFFF8EC72-LeaderElection4] INFO  ratis.XceiverServerRatis (XceiverServerRatis.java:handleLeaderChangedNotification(700)) - Leader change notification received for group: group-B55DFFF8EC72 with new leaderId: 777be068-7a1c-4abf-ad8d-603801d8ac95
2019-10-16 22:16:53,169 [777be068-7a1c-4abf-ad8d-603801d8ac95@group-B55DFFF8EC72-LeaderElection4] INFO  impl.RaftServerImpl (ServerState.java:setLeader(256)) - 777be068-7a1c-4abf-ad8d-603801d8ac95@group-B55DFFF8EC72: change Leader from null to 777be068-7a1c-4abf-ad8d-603801d8ac95 at term 1 for becomeLeader, leader elected after 164ms
2019-10-16 22:16:53,170 [777be068-7a1c-4abf-ad8d-603801d8ac95@group-B55DFFF8EC72-LeaderElection4] INFO  server.RaftServerConfigKeys (ConfUtils.java:logGet(43)) - raft.server.staging.catchup.gap = 1000 (default)
2019-10-16 22:16:53,170 [777be068-7a1c-4abf-ad8d-603801d8ac95@group-B55DFFF8EC72-LeaderElection4] INFO  server.RaftServerConfigKeys (ConfUtils.java:logGet(43)) - raft.server.rpc.sleep.time = 25ms (default)
2019-10-16 22:16:53,170 [777be068-7a1c-4abf-ad8d-603801d8ac95@group-B55DFFF8EC72-LeaderElection4] INFO  server.RaftServerConfigKeys (ConfUtils.java:logGet(43)) - raft.server.write.element-limit = 4096 (default)
2019-10-16 22:16:53,171 [777be068-7a1c-4abf-ad8d-603801d8ac95@group-B55DFFF8EC72-LeaderElection4] INFO  server.RaftServerConfigKeys (ConfUtils.java:logGet(43)) - raft.server.watch.timeout = 10s (default)
2019-10-16 22:16:53,171 [777be068-7a1c-4abf-ad8d-603801d8ac95@group-B55DFFF8EC72-LeaderElection4] INFO  server.RaftServerConfigKeys (ConfUtils.java:logGet(43)) - raft.server.watch.timeout.denomination = 1s (default)
2019-10-16 22:16:53,171 [777be068-7a1c-4abf-ad8d-603801d8ac95@group-B55DFFF8EC72-LeaderElection4] INFO  server.RaftServerConfigKeys (ConfUtils.java:logGet(43)) - raft.server.watch.element-limit = 65536 (default)
2019-10-16 22:16:53,172 [EventQueue-PipelineReportForPipelineReportHandler] INFO  pipeline.PipelineReportHandler (PipelineReportHandler.java:processPipelineReport(119)) - Pipeline PipelineID=ec914b22-76c4-4998-8e64-b55dfff8ec72 reported by 777be068-7a1c-4abf-ad8d-603801d8ac95{ip: 192.168.34.38, host: pr-hdds-1868-89kc4-1304904179, networkLocation: /default-rack, certSerialId: null} with leaderId 777be068-7a1c-4abf-ad8d-603801d8ac95
2019-10-16 22:16:53,178 [777be068-7a1c-4abf-ad8d-603801d8ac95@group-B55DFFF8EC72-LeaderElection4] INFO  server.RaftServerConfigKeys (ConfUtils.java:logGet(43)) - raft.server.log.appender.snapshot.chunk.size.max = 16MB (=16777216) (default)
2019-10-16 22:16:53,178 [777be068-7a1c-4abf-ad8d-603801d8ac95@group-B55DFFF8EC72-LeaderElection4] INFO  server.RaftServerConfigKeys (ConfUtils.java:logGet(43)) - raft.server.log.appender.buffer.byte-limit = 33554432 (custom)
2019-10-16 22:16:53,179 [777be068-7a1c-4abf-ad8d-603801d8ac95@group-B55DFFF8EC72-LeaderElection4] INFO  server.RaftServerConfigKeys (ConfUtils.java:logGet(43)) - raft.server.log.appender.buffer.element-limit = 1 (custom)
2019-10-16 22:16:53,183 [777be068-7a1c-4abf-ad8d-603801d8ac95@group-B55DFFF8EC72-LeaderElection4] INFO  grpc.GrpcConfigKeys$Server (ConfUtils.java:logGet(43)) - raft.grpc.server.leader.outstanding.appends.max = 128 (default)
2019-10-16 22:16:53,183 [777be068-7a1c-4abf-ad8d-603801d8ac95@group-B55DFFF8EC72-LeaderElection4] INFO  server.RaftServerConfigKeys (ConfUtils.java:logGet(43)) - raft.server.rpc.request.timeout = 3000ms (default)
2019-10-16 22:16:53,183 [777be068-7a1c-4abf-ad8d-603801d8ac95@group-B55DFFF8EC72-LeaderElection4] INFO  server.RaftServerConfigKeys (ConfUtils.java:logGet(43)) - raft.server.log.appender.install.snapshot.enabled = false (custom)
2019-10-16 22:16:53,184 [c877b40c-f70f-4e08-bb9d-91bddb5d6847@group-96FB12251094-SegmentedRaftLogWorker] INFO  segmented.SegmentedRaftLogWorker (SegmentedRaftLogWorker.java:execute(576)) - c877b40c-f70f-4e08-bb9d-91bddb5d6847@group-96FB12251094-SegmentedRaftLogWorker: created new log segment /workdir/hadoop-ozone/tools/target/test-dir/MiniOzoneClusterImpl-f547a2d9-0c70-45d1-bc96-08b1275e21f1/datanode-1/data/ratis/f7eda0b2-4915-4e61-892c-96fb12251094/current/log_inprogress_0
2019-10-16 22:16:53,184 [777be068-7a1c-4abf-ad8d-603801d8ac95@group-F2536D755653-SegmentedRaftLogWorker] INFO  segmented.SegmentedRaftLogWorker (SegmentedRaftLogWorker.java:execute(576)) - 777be068-7a1c-4abf-ad8d-603801d8ac95@group-F2536D755653-SegmentedRaftLogWorker: created new log segment /workdir/hadoop-ozone/tools/target/test-dir/MiniOzoneClusterImpl-f547a2d9-0c70-45d1-bc96-08b1275e21f1/datanode-2/data/ratis/1750138c-2964-4473-aaf6-f2536d755653/current/log_inprogress_0
2019-10-16 22:16:53,184 [c08c50e8-12e3-4a9f-8d07-a31e7885cc60@group-5B178B5A250F-SegmentedRaftLogWorker] INFO  segmented.SegmentedRaftLogWorker (SegmentedRaftLogWorker.java:execute(576)) - c08c50e8-12e3-4a9f-8d07-a31e7885cc60@group-5B178B5A250F-SegmentedRaftLogWorker: created new log segment /workdir/hadoop-ozone/tools/target/test-dir/MiniOzoneClusterImpl-f547a2d9-0c70-45d1-bc96-08b1275e21f1/datanode-0/data/ratis/24a4993f-aa36-4ecb-b2ca-5b178b5a250f/current/log_inprogress_0
2019-10-16 22:16:53,188 [777be068-7a1c-4abf-ad8d-603801d8ac95@group-B55DFFF8EC72-LeaderElection4] INFO  server.RaftServerConfigKeys (ConfUtils.java:logGet(43)) - raft.server.log.appender.snapshot.chunk.size.max = 16MB (=16777216) (default)
2019-10-16 22:16:53,189 [777be068-7a1c-4abf-ad8d-603801d8ac95@group-B55DFFF8EC72-LeaderElection4] INFO  server.RaftServerConfigKeys (ConfUtils.java:logGet(43)) - raft.server.log.appender.buffer.byte-limit = 33554432 (custom)
2019-10-16 22:16:53,189 [777be068-7a1c-4abf-ad8d-603801d8ac95@group-B55DFFF8EC72-LeaderElection4] INFO  server.RaftServerConfigKeys (ConfUtils.java:logGet(43)) - raft.server.log.appender.buffer.element-limit = 1 (custom)
2019-10-16 22:16:53,189 [777be068-7a1c-4abf-ad8d-603801d8ac95@group-B55DFFF8EC72-LeaderElection4] INFO  grpc.GrpcConfigKeys$Server (ConfUtils.java:logGet(43)) - raft.grpc.server.leader.outstanding.appends.max = 128 (default)
2019-10-16 22:16:53,189 [777be068-7a1c-4abf-ad8d-603801d8ac95@group-B55DFFF8EC72-LeaderElection4] INFO  server.RaftServerConfigKeys (ConfUtils.java:logGet(43)) - raft.server.rpc.request.timeout = 3000ms (default)
2019-10-16 22:16:53,189 [777be068-7a1c-4abf-ad8d-603801d8ac95@group-B55DFFF8EC72-LeaderElection4] INFO  server.RaftServerConfigKeys (ConfUtils.java:logGet(43)) - raft.server.log.appender.install.snapshot.enabled = false (custom)
2019-10-16 22:16:53,195 [777be068-7a1c-4abf-ad8d-603801d8ac95@group-B55DFFF8EC72-LeaderElection4] INFO  impl.RoleInfo (RoleInfo.java:updateAndGet(143)) - 777be068-7a1c-4abf-ad8d-603801d8ac95: start LeaderState
2019-10-16 22:16:53,196 [777be068-7a1c-4abf-ad8d-603801d8ac95@group-B55DFFF8EC72-LeaderElection4] INFO  segmented.SegmentedRaftLogWorker (SegmentedRaftLogWorker.java:startLogSegment(385)) - 777be068-7a1c-4abf-ad8d-603801d8ac95@group-B55DFFF8EC72-SegmentedRaftLogWorker: Starting segment from index:0
2019-10-16 22:16:53,197 [777be068-7a1c-4abf-ad8d-603801d8ac95@group-B55DFFF8EC72-LeaderElection4] INFO  impl.RaftServerImpl (ServerState.java:setRaftConf(357)) - 777be068-7a1c-4abf-ad8d-603801d8ac95@group-B55DFFF8EC72: set configuration 0: [c877b40c-f70f-4e08-bb9d-91bddb5d6847:192.168.34.38:40232, 777be068-7a1c-4abf-ad8d-603801d8ac95:192.168.34.38:35329, c08c50e8-12e3-4a9f-8d07-a31e7885cc60:192.168.34.38:44255], old=null at 0
2019-10-16 22:16:53,234 [Thread-206] INFO  impl.FollowerState (FollowerState.java:run(108)) - c08c50e8-12e3-4a9f-8d07-a31e7885cc60@group-B55DFFF8EC72-FollowerState: change to CANDIDATE, lastRpcTime:118ms, electionTimeout:116ms
2019-10-16 22:16:53,234 [Thread-206] INFO  impl.RoleInfo (RoleInfo.java:shutdownFollowerState(121)) - c08c50e8-12e3-4a9f-8d07-a31e7885cc60: shutdown FollowerState
2019-10-16 22:16:53,234 [Thread-206] INFO  impl.RaftServerImpl (RaftServerImpl.java:setRole(184)) - c08c50e8-12e3-4a9f-8d07-a31e7885cc60@group-B55DFFF8EC72: changes role from  FOLLOWER to CANDIDATE at term 1 for changeToCandidate
2019-10-16 22:16:53,234 [Thread-206] INFO  impl.RoleInfo (RoleInfo.java:updateAndGet(143)) - c08c50e8-12e3-4a9f-8d07-a31e7885cc60: start LeaderElection
2019-10-16 22:16:53,240 [777be068-7a1c-4abf-ad8d-603801d8ac95@group-B55DFFF8EC72-SegmentedRaftLogWorker] INFO  segmented.SegmentedRaftLogWorker (SegmentedRaftLogWorker.java:execute(576)) - 777be068-7a1c-4abf-ad8d-603801d8ac95@group-B55DFFF8EC72-SegmentedRaftLogWorker: created new log segment /workdir/hadoop-ozone/tools/target/test-dir/MiniOzoneClusterImpl-f547a2d9-0c70-45d1-bc96-08b1275e21f1/datanode-2/data/ratis/ec914b22-76c4-4998-8e64-b55dfff8ec72/current/log_inprogress_0
2019-10-16 22:16:53,242 [grpc-default-executor-2] INFO  ratis.XceiverServerRatis (XceiverServerRatis.java:handleLeaderChangedNotification(700)) - Leader change notification received for group: group-B55DFFF8EC72 with new leaderId: 777be068-7a1c-4abf-ad8d-603801d8ac95
2019-10-16 22:16:53,242 [grpc-default-executor-2] INFO  impl.RaftServerImpl (ServerState.java:setLeader(256)) - c877b40c-f70f-4e08-bb9d-91bddb5d6847@group-B55DFFF8EC72: change Leader from null to 777be068-7a1c-4abf-ad8d-603801d8ac95 at term 1 for appendEntries, leader elected after 237ms
2019-10-16 22:16:53,244 [EventQueue-PipelineReportForPipelineReportHandler] INFO  pipeline.PipelineReportHandler (PipelineReportHandler.java:processPipelineReport(119)) - Pipeline PipelineID=ec914b22-76c4-4998-8e64-b55dfff8ec72 reported by c877b40c-f70f-4e08-bb9d-91bddb5d6847{ip: 192.168.34.38, host: pr-hdds-1868-89kc4-1304904179, networkLocation: /default-rack, certSerialId: null} with leaderId 777be068-7a1c-4abf-ad8d-603801d8ac95
2019-10-16 22:16:53,246 [c08c50e8-12e3-4a9f-8d07-a31e7885cc60@group-B55DFFF8EC72-LeaderElection5] INFO  impl.LeaderElection (LeaderElection.java:askForVotes(178)) - c08c50e8-12e3-4a9f-8d07-a31e7885cc60@group-B55DFFF8EC72-LeaderElection5: begin an election at term 2 for -1: [c877b40c-f70f-4e08-bb9d-91bddb5d6847:192.168.34.38:40232, 777be068-7a1c-4abf-ad8d-603801d8ac95:192.168.34.38:35329, c08c50e8-12e3-4a9f-8d07-a31e7885cc60:192.168.34.38:44255], old=null
2019-10-16 22:16:53,255 [Thread-208] INFO  impl.RaftServerImpl (ServerState.java:setLeader(256)) - 777be068-7a1c-4abf-ad8d-603801d8ac95@group-B55DFFF8EC72: change Leader from 777be068-7a1c-4abf-ad8d-603801d8ac95 to null at term 2 for updateCurrentTerm
2019-10-16 22:16:53,255 [Thread-208] INFO  impl.RaftServerImpl (RaftServerImpl.java:setRole(184)) - 777be068-7a1c-4abf-ad8d-603801d8ac95@group-B55DFFF8EC72: changes role from    LEADER to FOLLOWER at term 2 for stepDown
2019-10-16 22:16:53,255 [Thread-208] INFO  impl.RoleInfo (RoleInfo.java:shutdownLeaderState(104)) - 777be068-7a1c-4abf-ad8d-603801d8ac95: shutdown LeaderState
2019-10-16 22:16:53,257 [org.apache.ratis.server.impl.LogAppender$AppenderDaemon$$Lambda$421/1599431279@197543f3] WARN  server.GrpcLogAppender (GrpcLogAppender.java:mayWait(149)) - 777be068-7a1c-4abf-ad8d-603801d8ac95@group-B55DFFF8EC72->c08c50e8-12e3-4a9f-8d07-a31e7885cc60-GrpcLogAppender: Wait interrupted by java.lang.InterruptedException
2019-10-16 22:16:53,258 [Thread-208] INFO  impl.PendingRequests (PendingRequests.java:sendNotLeaderResponses(202)) - 777be068-7a1c-4abf-ad8d-603801d8ac95@group-B55DFFF8EC72-PendingRequests: sendNotLeaderResponses
2019-10-16 22:16:53,260 [grpc-default-executor-1] INFO  impl.RaftServerImpl (ServerState.java:setLeader(256)) - c877b40c-f70f-4e08-bb9d-91bddb5d6847@group-B55DFFF8EC72: change Leader from 777be068-7a1c-4abf-ad8d-603801d8ac95 to null at term 2 for updateCurrentTerm
2019-10-16 22:16:53,261 [grpc-default-executor-1] INFO  impl.RaftServerImpl (RaftServerImpl.java:setRole(184)) - c877b40c-f70f-4e08-bb9d-91bddb5d6847@group-B55DFFF8EC72: changes role from  FOLLOWER to FOLLOWER at term 2 for recognizeCandidate:c08c50e8-12e3-4a9f-8d07-a31e7885cc60
2019-10-16 22:16:53,261 [grpc-default-executor-1] INFO  impl.RoleInfo (RoleInfo.java:shutdownFollowerState(121)) - c877b40c-f70f-4e08-bb9d-91bddb5d6847: shutdown FollowerState
2019-10-16 22:16:53,261 [Thread-208] INFO  impl.RoleInfo (RoleInfo.java:updateAndGet(143)) - 777be068-7a1c-4abf-ad8d-603801d8ac95: start FollowerState
2019-10-16 22:16:53,261 [Thread-207] INFO  impl.FollowerState (FollowerState.java:run(117)) - c877b40c-f70f-4e08-bb9d-91bddb5d6847@group-B55DFFF8EC72-FollowerState was interrupted: java.lang.InterruptedException: sleep interrupted
2019-10-16 22:16:53,261 [grpc-default-executor-1] INFO  impl.RoleInfo (RoleInfo.java:updateAndGet(143)) - c877b40c-f70f-4e08-bb9d-91bddb5d6847: start FollowerState
2019-10-16 22:16:53,261 [org.apache.ratis.server.impl.LogAppender$AppenderDaemon$$Lambda$421/1599431279@17accf85] WARN  server.GrpcLogAppender (GrpcLogAppender.java:mayWait(149)) - 777be068-7a1c-4abf-ad8d-603801d8ac95@group-B55DFFF8EC72->c877b40c-f70f-4e08-bb9d-91bddb5d6847-GrpcLogAppender: Wait interrupted by java.lang.InterruptedException
2019-10-16 22:16:53,264 [grpc-default-executor-2] INFO  server.GrpcServerProtocolService (GrpcServerProtocolService.java:onCompleted(113)) - c08c50e8-12e3-4a9f-8d07-a31e7885cc60: Completed APPEND_ENTRIES, lastRequest: 777be068-7a1c-4abf-ad8d-603801d8ac95->c08c50e8-12e3-4a9f-8d07-a31e7885cc60#0-t1, previous=(t:0, i:0), leaderCommit=-1, initializing? false, entries: <empty>
2019-10-16 22:16:53,264 [grpc-default-executor-0] INFO  server.GrpcServerProtocolService (GrpcServerProtocolService.java:onCompleted(113)) - c877b40c-f70f-4e08-bb9d-91bddb5d6847: Completed APPEND_ENTRIES, lastRequest: 777be068-7a1c-4abf-ad8d-603801d8ac95->c877b40c-f70f-4e08-bb9d-91bddb5d6847#0-t1, previous=(t:0, i:0), leaderCommit=-1, initializing? false, entries: <empty>
2019-10-16 22:16:53,266 [grpc-default-executor-0] INFO  server.GrpcLogAppender (GrpcLogAppender.java:onCompleted(308)) - 777be068-7a1c-4abf-ad8d-603801d8ac95@group-B55DFFF8EC72->c877b40c-f70f-4e08-bb9d-91bddb5d6847-AppendLogResponseHandler: follower responses appendEntries COMPLETED
2019-10-16 22:16:53,266 [grpc-default-executor-2] INFO  server.GrpcLogAppender (GrpcLogAppender.java:onCompleted(308)) - 777be068-7a1c-4abf-ad8d-603801d8ac95@group-B55DFFF8EC72->c08c50e8-12e3-4a9f-8d07-a31e7885cc60-AppendLogResponseHandler: follower responses appendEntries COMPLETED
2019-10-16 22:16:53,268 [grpc-default-executor-3] INFO  impl.RaftServerImpl (RaftServerImpl.java:setRole(184)) - 777be068-7a1c-4abf-ad8d-603801d8ac95@group-B55DFFF8EC72: changes role from  FOLLOWER to FOLLOWER at term 2 for recognizeCandidate:c08c50e8-12e3-4a9f-8d07-a31e7885cc60
2019-10-16 22:16:53,268 [grpc-default-executor-3] INFO  impl.RoleInfo (RoleInfo.java:shutdownFollowerState(121)) - 777be068-7a1c-4abf-ad8d-603801d8ac95: shutdown FollowerState
2019-10-16 22:16:53,270 [grpc-default-executor-3] INFO  impl.RoleInfo (RoleInfo.java:updateAndGet(143)) - 777be068-7a1c-4abf-ad8d-603801d8ac95: start FollowerState
2019-10-16 22:16:53,270 [Thread-217] INFO  impl.FollowerState (FollowerState.java:run(117)) - 777be068-7a1c-4abf-ad8d-603801d8ac95@group-B55DFFF8EC72-FollowerState was interrupted: java.lang.InterruptedException: sleep interrupted
2019-10-16 22:16:53,271 [grpc-default-executor-0] INFO  impl.FollowerInfo (FollowerInfo.java:lambda$new$0(51)) - 777be068-7a1c-4abf-ad8d-603801d8ac95@group-B55DFFF8EC72->c877b40c-f70f-4e08-bb9d-91bddb5d6847: nextIndex: updateUnconditionally 1 -> 0
2019-10-16 22:16:53,272 [grpc-default-executor-2] INFO  impl.FollowerInfo (FollowerInfo.java:lambda$new$0(51)) - 777be068-7a1c-4abf-ad8d-603801d8ac95@group-B55DFFF8EC72->c08c50e8-12e3-4a9f-8d07-a31e7885cc60: nextIndex: updateUnconditionally 0 -> 0
2019-10-16 22:16:53,273 [c08c50e8-12e3-4a9f-8d07-a31e7885cc60@group-B55DFFF8EC72-LeaderElection5] INFO  impl.LeaderElection (LeaderElection.java:logAndReturn(56)) - c08c50e8-12e3-4a9f-8d07-a31e7885cc60@group-B55DFFF8EC72-LeaderElection5: Election PASSED; received 1 response(s) [c08c50e8-12e3-4a9f-8d07-a31e7885cc60<-c877b40c-f70f-4e08-bb9d-91bddb5d6847#0:OK-t2] and 0 exception(s); c08c50e8-12e3-4a9f-8d07-a31e7885cc60@group-B55DFFF8EC72:t2, leader=null, voted=c08c50e8-12e3-4a9f-8d07-a31e7885cc60, raftlog=c08c50e8-12e3-4a9f-8d07-a31e7885cc60@group-B55DFFF8EC72-SegmentedRaftLog:OPENED:c-1,f-1,i0, conf=-1: [c877b40c-f70f-4e08-bb9d-91bddb5d6847:192.168.34.38:40232, 777be068-7a1c-4abf-ad8d-603801d8ac95:192.168.34.38:35329, c08c50e8-12e3-4a9f-8d07-a31e7885cc60:192.168.34.38:44255], old=null
2019-10-16 22:16:53,274 [c08c50e8-12e3-4a9f-8d07-a31e7885cc60@group-B55DFFF8EC72-LeaderElection5] INFO  impl.RoleInfo (RoleInfo.java:shutdownLeaderElection(134)) - c08c50e8-12e3-4a9f-8d07-a31e7885cc60: shutdown LeaderElection
2019-10-16 22:16:53,274 [c08c50e8-12e3-4a9f-8d07-a31e7885cc60@group-B55DFFF8EC72-LeaderElection5] INFO  impl.RaftServerImpl (RaftServerImpl.java:setRole(184)) - c08c50e8-12e3-4a9f-8d07-a31e7885cc60@group-B55DFFF8EC72: changes role from CANDIDATE to LEADER at term 2 for changeToLeader
2019-10-16 22:16:53,274 [c08c50e8-12e3-4a9f-8d07-a31e7885cc60@group-B55DFFF8EC72-LeaderElection5] INFO  ratis.XceiverServerRatis (XceiverServerRatis.java:handleLeaderChangedNotification(700)) - Leader change notification received for group: group-B55DFFF8EC72 with new leaderId: c08c50e8-12e3-4a9f-8d07-a31e7885cc60
2019-10-16 22:16:53,274 [c08c50e8-12e3-4a9f-8d07-a31e7885cc60@group-B55DFFF8EC72-LeaderElection5] INFO  impl.RaftServerImpl (ServerState.java:setLeader(256)) - c08c50e8-12e3-4a9f-8d07-a31e7885cc60@group-B55DFFF8EC72: change Leader from null to c08c50e8-12e3-4a9f-8d07-a31e7885cc60 at term 2 for becomeLeader, leader elected after 269ms
2019-10-16 22:16:53,275 [c08c50e8-12e3-4a9f-8d07-a31e7885cc60@group-B55DFFF8EC72-LeaderElection5] INFO  server.RaftServerConfigKeys (ConfUtils.java:logGet(43)) - raft.server.staging.catchup.gap = 1000 (default)
2019-10-16 22:16:53,275 [c08c50e8-12e3-4a9f-8d07-a31e7885cc60@group-B55DFFF8EC72-LeaderElection5] INFO  server.RaftServerConfigKeys (ConfUtils.java:logGet(43)) - raft.server.rpc.sleep.time = 25ms (default)
2019-10-16 22:16:53,275 [c08c50e8-12e3-4a9f-8d07-a31e7885cc60@group-B55DFFF8EC72-LeaderElection5] INFO  server.RaftServerConfigKeys (ConfUtils.java:logGet(43)) - raft.server.write.element-limit = 4096 (default)
2019-10-16 22:16:53,275 [c08c50e8-12e3-4a9f-8d07-a31e7885cc60@group-B55DFFF8EC72-LeaderElection5] INFO  server.RaftServerConfigKeys (ConfUtils.java:logGet(43)) - raft.server.watch.timeout = 10s (default)
2019-10-16 22:16:53,276 [c08c50e8-12e3-4a9f-8d07-a31e7885cc60@group-B55DFFF8EC72-LeaderElection5] INFO  server.RaftServerConfigKeys (ConfUtils.java:logGet(43)) - raft.server.watch.timeout.denomination = 1s (default)
2019-10-16 22:16:53,276 [c08c50e8-12e3-4a9f-8d07-a31e7885cc60@group-B55DFFF8EC72-LeaderElection5] INFO  server.RaftServerConfigKeys (ConfUtils.java:logGet(43)) - raft.server.watch.element-limit = 65536 (default)
2019-10-16 22:16:53,278 [EventQueue-PipelineReportForPipelineReportHandler] INFO  pipeline.PipelineReportHandler (PipelineReportHandler.java:processPipelineReport(119)) - Pipeline PipelineID=ec914b22-76c4-4998-8e64-b55dfff8ec72 reported by c08c50e8-12e3-4a9f-8d07-a31e7885cc60{ip: 192.168.34.38, host: pr-hdds-1868-89kc4-1304904179, networkLocation: /default-rack, certSerialId: null} with leaderId c08c50e8-12e3-4a9f-8d07-a31e7885cc60
2019-10-16 22:16:53,280 [c08c50e8-12e3-4a9f-8d07-a31e7885cc60@group-B55DFFF8EC72-LeaderElection5] INFO  server.RaftServerConfigKeys (ConfUtils.java:logGet(43)) - raft.server.log.appender.snapshot.chunk.size.max = 16MB (=16777216) (default)
2019-10-16 22:16:53,280 [c08c50e8-12e3-4a9f-8d07-a31e7885cc60@group-B55DFFF8EC72-LeaderElection5] INFO  server.RaftServerConfigKeys (ConfUtils.java:logGet(43)) - raft.server.log.appender.buffer.byte-limit = 33554432 (custom)
2019-10-16 22:16:53,280 [c08c50e8-12e3-4a9f-8d07-a31e7885cc60@group-B55DFFF8EC72-LeaderElection5] INFO  server.RaftServerConfigKeys (ConfUtils.java:logGet(43)) - raft.server.log.appender.buffer.element-limit = 1 (custom)
2019-10-16 22:16:53,281 [c08c50e8-12e3-4a9f-8d07-a31e7885cc60@group-B55DFFF8EC72-LeaderElection5] INFO  grpc.GrpcConfigKeys$Server (ConfUtils.java:logGet(43)) - raft.grpc.server.leader.outstanding.appends.max = 128 (default)
2019-10-16 22:16:53,281 [c08c50e8-12e3-4a9f-8d07-a31e7885cc60@group-B55DFFF8EC72-LeaderElection5] INFO  server.RaftServerConfigKeys (ConfUtils.java:logGet(43)) - raft.server.rpc.request.timeout = 3000ms (default)
2019-10-16 22:16:53,281 [c08c50e8-12e3-4a9f-8d07-a31e7885cc60@group-B55DFFF8EC72-LeaderElection5] INFO  server.RaftServerConfigKeys (ConfUtils.java:logGet(43)) - raft.server.log.appender.install.snapshot.enabled = false (custom)
2019-10-16 22:16:53,283 [c08c50e8-12e3-4a9f-8d07-a31e7885cc60@group-B55DFFF8EC72-LeaderElection5] INFO  server.RaftServerConfigKeys (ConfUtils.java:logGet(43)) - raft.server.log.appender.snapshot.chunk.size.max = 16MB (=16777216) (default)
2019-10-16 22:16:53,283 [c08c50e8-12e3-4a9f-8d07-a31e7885cc60@group-B55DFFF8EC72-LeaderElection5] INFO  server.RaftServerConfigKeys (ConfUtils.java:logGet(43)) - raft.server.log.appender.buffer.byte-limit = 33554432 (custom)
2019-10-16 22:16:53,283 [c08c50e8-12e3-4a9f-8d07-a31e7885cc60@group-B55DFFF8EC72-LeaderElection5] INFO  server.RaftServerConfigKeys (ConfUtils.java:logGet(43)) - raft.server.log.appender.buffer.element-limit = 1 (custom)
2019-10-16 22:16:53,283 [c08c50e8-12e3-4a9f-8d07-a31e7885cc60@group-B55DFFF8EC72-LeaderElection5] INFO  grpc.GrpcConfigKeys$Server (ConfUtils.java:logGet(43)) - raft.grpc.server.leader.outstanding.appends.max = 128 (default)
2019-10-16 22:16:53,283 [c08c50e8-12e3-4a9f-8d07-a31e7885cc60@group-B55DFFF8EC72-LeaderElection5] INFO  server.RaftServerConfigKeys (ConfUtils.java:logGet(43)) - raft.server.rpc.request.timeout = 3000ms (default)
2019-10-16 22:16:53,284 [c08c50e8-12e3-4a9f-8d07-a31e7885cc60@group-B55DFFF8EC72-LeaderElection5] INFO  server.RaftServerConfigKeys (ConfUtils.java:logGet(43)) - raft.server.log.appender.install.snapshot.enabled = false (custom)
2019-10-16 22:16:53,285 [c08c50e8-12e3-4a9f-8d07-a31e7885cc60@group-B55DFFF8EC72-LeaderElection5] INFO  impl.RoleInfo (RoleInfo.java:updateAndGet(143)) - c08c50e8-12e3-4a9f-8d07-a31e7885cc60: start LeaderState
2019-10-16 22:16:53,285 [c08c50e8-12e3-4a9f-8d07-a31e7885cc60@group-B55DFFF8EC72-LeaderElection5] INFO  segmented.SegmentedRaftLogWorker (SegmentedRaftLogWorker.java:startLogSegment(385)) - c08c50e8-12e3-4a9f-8d07-a31e7885cc60@group-B55DFFF8EC72-SegmentedRaftLogWorker: Starting segment from index:0
2019-10-16 22:16:53,286 [c08c50e8-12e3-4a9f-8d07-a31e7885cc60@group-B55DFFF8EC72-LeaderElection5] INFO  impl.RaftServerImpl (ServerState.java:setRaftConf(357)) - c08c50e8-12e3-4a9f-8d07-a31e7885cc60@group-B55DFFF8EC72: set configuration 0: [c877b40c-f70f-4e08-bb9d-91bddb5d6847:192.168.34.38:40232, 777be068-7a1c-4abf-ad8d-603801d8ac95:192.168.34.38:35329, c08c50e8-12e3-4a9f-8d07-a31e7885cc60:192.168.34.38:44255], old=null at 0
2019-10-16 22:16:53,320 [grpc-default-executor-2] INFO  ratis.XceiverServerRatis (XceiverServerRatis.java:handleLeaderChangedNotification(700)) - Leader change notification received for group: group-B55DFFF8EC72 with new leaderId: c08c50e8-12e3-4a9f-8d07-a31e7885cc60
2019-10-16 22:16:53,320 [grpc-default-executor-2] INFO  impl.RaftServerImpl (ServerState.java:setLeader(256)) - c877b40c-f70f-4e08-bb9d-91bddb5d6847@group-B55DFFF8EC72: change Leader from null to c08c50e8-12e3-4a9f-8d07-a31e7885cc60 at term 2 for appendEntries, leader elected after 59ms
2019-10-16 22:16:53,322 [grpc-default-executor-3] INFO  ratis.XceiverServerRatis (XceiverServerRatis.java:handleLeaderChangedNotification(700)) - Leader change notification received for group: group-B55DFFF8EC72 with new leaderId: c08c50e8-12e3-4a9f-8d07-a31e7885cc60
2019-10-16 22:16:53,323 [EventQueue-PipelineReportForPipelineReportHandler] INFO  pipeline.PipelineReportHandler (PipelineReportHandler.java:processPipelineReport(119)) - Pipeline PipelineID=ec914b22-76c4-4998-8e64-b55dfff8ec72 reported by c877b40c-f70f-4e08-bb9d-91bddb5d6847{ip: 192.168.34.38, host: pr-hdds-1868-89kc4-1304904179, networkLocation: /default-rack, certSerialId: null} with leaderId c08c50e8-12e3-4a9f-8d07-a31e7885cc60
2019-10-16 22:16:53,323 [grpc-default-executor-3] INFO  impl.RaftServerImpl (ServerState.java:setLeader(256)) - 777be068-7a1c-4abf-ad8d-603801d8ac95@group-B55DFFF8EC72: change Leader from null to c08c50e8-12e3-4a9f-8d07-a31e7885cc60 at term 2 for appendEntries, leader elected after 67ms
2019-10-16 22:16:53,325 [EventQueue-PipelineReportForPipelineReportHandler] INFO  pipeline.PipelineReportHandler (PipelineReportHandler.java:processPipelineReport(119)) - Pipeline PipelineID=ec914b22-76c4-4998-8e64-b55dfff8ec72 reported by 777be068-7a1c-4abf-ad8d-603801d8ac95{ip: 192.168.34.38, host: pr-hdds-1868-89kc4-1304904179, networkLocation: /default-rack, certSerialId: null} with leaderId c08c50e8-12e3-4a9f-8d07-a31e7885cc60
2019-10-16 22:16:53,325 [EventQueue-PipelineReportForPipelineReportHandler] INFO  pipeline.PipelineStateManager (PipelineStateManager.java:openPipeline(136)) - Pipeline Pipeline[ Id: ec914b22-76c4-4998-8e64-b55dfff8ec72, Nodes: c08c50e8-12e3-4a9f-8d07-a31e7885cc60{ip: 192.168.34.38, host: pr-hdds-1868-89kc4-1304904179, networkLocation: /default-rack, certSerialId: null}c877b40c-f70f-4e08-bb9d-91bddb5d6847{ip: 192.168.34.38, host: pr-hdds-1868-89kc4-1304904179, networkLocation: /default-rack, certSerialId: null}777be068-7a1c-4abf-ad8d-603801d8ac95{ip: 192.168.34.38, host: pr-hdds-1868-89kc4-1304904179, networkLocation: /default-rack, certSerialId: null}, Type:RATIS, Factor:THREE, State:OPEN] moved to OPEN state
2019-10-16 22:16:53,330 [grpc-default-executor-2] INFO  impl.RaftServerImpl (ServerState.java:setRaftConf(357)) - c877b40c-f70f-4e08-bb9d-91bddb5d6847@group-B55DFFF8EC72: set configuration 0: [c877b40c-f70f-4e08-bb9d-91bddb5d6847:192.168.34.38:40232, 777be068-7a1c-4abf-ad8d-603801d8ac95:192.168.34.38:35329, c08c50e8-12e3-4a9f-8d07-a31e7885cc60:192.168.34.38:44255], old=null at 0
2019-10-16 22:16:53,330 [grpc-default-executor-3] INFO  impl.RaftServerImpl (ServerState.java:setRaftConf(357)) - 777be068-7a1c-4abf-ad8d-603801d8ac95@group-B55DFFF8EC72: set configuration 0: [c877b40c-f70f-4e08-bb9d-91bddb5d6847:192.168.34.38:40232, 777be068-7a1c-4abf-ad8d-603801d8ac95:192.168.34.38:35329, c08c50e8-12e3-4a9f-8d07-a31e7885cc60:192.168.34.38:44255], old=null at 0
2019-10-16 22:16:53,331 [c08c50e8-12e3-4a9f-8d07-a31e7885cc60@group-B55DFFF8EC72-SegmentedRaftLogWorker] INFO  segmented.SegmentedRaftLogWorker (SegmentedRaftLogWorker.java:execute(576)) - c08c50e8-12e3-4a9f-8d07-a31e7885cc60@group-B55DFFF8EC72-SegmentedRaftLogWorker: created new log segment /workdir/hadoop-ozone/tools/target/test-dir/MiniOzoneClusterImpl-f547a2d9-0c70-45d1-bc96-08b1275e21f1/datanode-0/data/ratis/ec914b22-76c4-4998-8e64-b55dfff8ec72/current/log_inprogress_0
2019-10-16 22:16:53,330 [grpc-default-executor-2] INFO  segmented.SegmentedRaftLogWorker (SegmentedRaftLogWorker.java:startLogSegment(385)) - c877b40c-f70f-4e08-bb9d-91bddb5d6847@group-B55DFFF8EC72-SegmentedRaftLogWorker: Starting segment from index:0
2019-10-16 22:16:53,333 [grpc-default-executor-3] INFO  segmented.SegmentedRaftLogWorker (SegmentedRaftLogWorker.java:truncate(401)) - 777be068-7a1c-4abf-ad8d-603801d8ac95@group-B55DFFF8EC72-SegmentedRaftLogWorker: Truncating segments toTruncate: null
  toDelete: [(0, 0) isOpen? true, length=0, newEndIndex=-1], start index 0
2019-10-16 22:16:53,333 [grpc-default-executor-3] INFO  segmented.SegmentedRaftLogWorker (SegmentedRaftLogWorker.java:startLogSegment(385)) - 777be068-7a1c-4abf-ad8d-603801d8ac95@group-B55DFFF8EC72-SegmentedRaftLogWorker: Starting segment from index:0
2019-10-16 22:16:53,365 [777be068-7a1c-4abf-ad8d-603801d8ac95@group-B55DFFF8EC72-SegmentedRaftLogWorker] INFO  segmented.SegmentedRaftLogWorker (SegmentedRaftLogWorker.java:execute(640)) - 777be068-7a1c-4abf-ad8d-603801d8ac95@group-B55DFFF8EC72-SegmentedRaftLogWorker: Deleted log file /workdir/hadoop-ozone/tools/target/test-dir/MiniOzoneClusterImpl-f547a2d9-0c70-45d1-bc96-08b1275e21f1/datanode-2/data/ratis/ec914b22-76c4-4998-8e64-b55dfff8ec72/current/log_inprogress_0
2019-10-16 22:16:53,366 [777be068-7a1c-4abf-ad8d-603801d8ac95@group-B55DFFF8EC72-SegmentedRaftLogWorker] INFO  segmented.SegmentedRaftLogWorker (SegmentedRaftLogWorker.java:lambda$new$0(128)) - 777be068-7a1c-4abf-ad8d-603801d8ac95@group-B55DFFF8EC72-SegmentedRaftLogWorker: flushIndex: setUnconditionally 0 -> -1
2019-10-16 22:16:53,394 [c877b40c-f70f-4e08-bb9d-91bddb5d6847@group-B55DFFF8EC72-SegmentedRaftLogWorker] INFO  segmented.SegmentedRaftLogWorker (SegmentedRaftLogWorker.java:execute(576)) - c877b40c-f70f-4e08-bb9d-91bddb5d6847@group-B55DFFF8EC72-SegmentedRaftLogWorker: created new log segment /workdir/hadoop-ozone/tools/target/test-dir/MiniOzoneClusterImpl-f547a2d9-0c70-45d1-bc96-08b1275e21f1/datanode-1/data/ratis/ec914b22-76c4-4998-8e64-b55dfff8ec72/current/log_inprogress_0
2019-10-16 22:16:53,396 [777be068-7a1c-4abf-ad8d-603801d8ac95@group-B55DFFF8EC72-SegmentedRaftLogWorker] INFO  segmented.SegmentedRaftLogWorker (SegmentedRaftLogWorker.java:execute(576)) - 777be068-7a1c-4abf-ad8d-603801d8ac95@group-B55DFFF8EC72-SegmentedRaftLogWorker: created new log segment /workdir/hadoop-ozone/tools/target/test-dir/MiniOzoneClusterImpl-f547a2d9-0c70-45d1-bc96-08b1275e21f1/datanode-2/data/ratis/ec914b22-76c4-4998-8e64-b55dfff8ec72/current/log_inprogress_0
2019-10-16 22:16:54,064 [main] INFO  ozone.MiniOzoneClusterImpl (MiniOzoneClusterImpl.java:lambda$waitForClusterToBeReady$2(172)) - Cluster is ready. Got 3 of 3 DN Heartbeats.
2019-10-16 22:16:54,830 [main] INFO  freon.RandomKeyGenerator (RandomKeyGenerator.java:call(283)) - Number of Threads: 10
2019-10-16 22:16:54,832 [main] INFO  freon.RandomKeyGenerator (RandomKeyGenerator.java:call(288)) - Number of Volumes: 1.
2019-10-16 22:16:54,832 [main] INFO  freon.RandomKeyGenerator (RandomKeyGenerator.java:call(289)) - Number of Buckets per Volume: 1.
2019-10-16 22:16:54,832 [main] INFO  freon.RandomKeyGenerator (RandomKeyGenerator.java:call(290)) - Number of Keys per Bucket: 1.
2019-10-16 22:16:54,832 [main] INFO  freon.RandomKeyGenerator (RandomKeyGenerator.java:call(291)) - Key size: 20971520 bytes
2019-10-16 22:16:54,832 [main] INFO  freon.RandomKeyGenerator (RandomKeyGenerator.java:call(292)) - Buffer size: 4096 bytes
2019-10-16 22:16:54,832 [main] INFO  freon.RandomKeyGenerator (RandomKeyGenerator.java:call(293)) - validateWrites : true
2019-10-16 22:16:54,839 [main] INFO  freon.RandomKeyGenerator (RandomKeyGenerator.java:call(307)) - Data validation is enabled.
2019-10-16 22:16:54,840 [main] INFO  freon.RandomKeyGenerator (RandomKeyGenerator.java:call(313)) - Starting progress bar Thread.

 0.00% |?                                                                                                    |  0/1 Time: 0:00:002019-10-16 22:16:54,862 [pool-53-thread-1] INFO  rpc.RpcClient (RpcClient.java:createVolume(272)) - Creating Volume: vol-0-16428, with jenkins1000 as owner.
2019-10-16 22:16:54,949 [IPC Server handler 1 on 34475] INFO  volume.OMVolumeCreateRequest (OMVolumeCreateRequest.java:validateAndUpdateCache(193)) - created volume:vol-0-16428 for user:jenkins1000
2019-10-16 22:16:54,969 [pool-53-thread-2] INFO  rpc.RpcClient (RpcClient.java:createBucket(411)) - Creating Bucket: vol-0-16428/bucket-0-39948, with Versioning false and Storage Type set to DISK and Encryption set to false 
2019-10-16 22:16:55,068 [Thread-178] INFO  container.ReplicationManager (ReplicationManager.java:start(162)) - Starting Replication Monitor Thread.
2019-10-16 22:16:55,070 [ReplicationMonitor] INFO  container.ReplicationManager (ReplicationManager.java:run(225)) - Replication Monitor Thread took 0 milliseconds for processing 3 containers.
2019-10-16 22:16:55,109 [pool-53-thread-4] INFO  impl.MetricsSystemImpl (MetricsSystemImpl.java:init(158)) - XceiverClientMetrics metrics system started (again)
 0.00% |?                                                                                                    |  0/1 Time: 0:00:01 100.00% |?????????????????????????????????????????????????????????????????????????????????????????????????????|  1/1 Time: 0:00:02
2019-10-16 22:17:02,030 [main] INFO  pipeline.SCMPipelineManager (SCMPipelineManager.java:finalizeAndDestroyPipeline(315)) - destroying pipeline:Pipeline[ Id: ec914b22-76c4-4998-8e64-b55dfff8ec72, Nodes: c08c50e8-12e3-4a9f-8d07-a31e7885cc60{ip: 192.168.34.38, host: pr-hdds-1868-89kc4-1304904179, networkLocation: /default-rack, certSerialId: null}c877b40c-f70f-4e08-bb9d-91bddb5d6847{ip: 192.168.34.38, host: pr-hdds-1868-89kc4-1304904179, networkLocation: /default-rack, certSerialId: null}777be068-7a1c-4abf-ad8d-603801d8ac95{ip: 192.168.34.38, host: pr-hdds-1868-89kc4-1304904179, networkLocation: /default-rack, certSerialId: null}, Type:RATIS, Factor:THREE, State:OPEN]
2019-10-16 22:17:02,031 [main] INFO  pipeline.PipelineStateManager (PipelineStateManager.java:finalizePipeline(123)) - Pipeline Pipeline[ Id: ec914b22-76c4-4998-8e64-b55dfff8ec72, Nodes: c08c50e8-12e3-4a9f-8d07-a31e7885cc60{ip: 192.168.34.38, host: pr-hdds-1868-89kc4-1304904179, networkLocation: /default-rack, certSerialId: null}c877b40c-f70f-4e08-bb9d-91bddb5d6847{ip: 192.168.34.38, host: pr-hdds-1868-89kc4-1304904179, networkLocation: /default-rack, certSerialId: null}777be068-7a1c-4abf-ad8d-603801d8ac95{ip: 192.168.34.38, host: pr-hdds-1868-89kc4-1304904179, networkLocation: /default-rack, certSerialId: null}, Type:RATIS, Factor:THREE, State:CLOSED] moved to CLOSED state
2019-10-16 22:17:02,031 [EventQueue-CloseContainerForCloseContainerEventHandler] INFO  container.CloseContainerEventHandler (CloseContainerEventHandler.java:onMessage(61)) - Close container Event triggered for container : #1
2019-10-16 22:17:02,036 [EventQueue-CloseContainerForCloseContainerEventHandler] INFO  container.CloseContainerEventHandler (CloseContainerEventHandler.java:onMessage(61)) - Close container Event triggered for container : #2
2019-10-16 22:17:02,037 [EventQueue-CloseContainerForCloseContainerEventHandler] INFO  container.CloseContainerEventHandler (CloseContainerEventHandler.java:onMessage(61)) - Close container Event triggered for container : #3
2019-10-16 22:17:02,046 [grpc-default-executor-2] INFO  impl.RaftServerProxy (RaftServerProxy.java:remove(95)) - c08c50e8-12e3-4a9f-8d07-a31e7885cc60: remove    LEADER c08c50e8-12e3-4a9f-8d07-a31e7885cc60@group-B55DFFF8EC72:t2, leader=c08c50e8-12e3-4a9f-8d07-a31e7885cc60, voted=c08c50e8-12e3-4a9f-8d07-a31e7885cc60, raftlog=c08c50e8-12e3-4a9f-8d07-a31e7885cc60@group-B55DFFF8EC72-SegmentedRaftLog:OPENED:c78,f78,i78, conf=0: [c877b40c-f70f-4e08-bb9d-91bddb5d6847:192.168.34.38:40232, 777be068-7a1c-4abf-ad8d-603801d8ac95:192.168.34.38:35329, c08c50e8-12e3-4a9f-8d07-a31e7885cc60:192.168.34.38:44255], old=null RUNNING
2019-10-16 22:17:02,049 [grpc-default-executor-2] INFO  impl.RaftServerImpl (RaftServerImpl.java:lambda$shutdown$3(261)) - c08c50e8-12e3-4a9f-8d07-a31e7885cc60@group-B55DFFF8EC72: shutdown
2019-10-16 22:17:02,050 [grpc-default-executor-2] INFO  util.JmxRegister (JmxRegister.java:unregister(73)) - Successfully un-registered JMX Bean with object name Ratis:service=RaftServer,group=group-B55DFFF8EC72,id=c08c50e8-12e3-4a9f-8d07-a31e7885cc60
2019-10-16 22:17:02,050 [grpc-default-executor-2] INFO  impl.RoleInfo (RoleInfo.java:shutdownLeaderState(104)) - c08c50e8-12e3-4a9f-8d07-a31e7885cc60: shutdown LeaderState
2019-10-16 22:17:02,051 [org.apache.ratis.server.impl.LogAppender$AppenderDaemon$$Lambda$421/1599431279@7fe83794] WARN  server.GrpcLogAppender (GrpcLogAppender.java:mayWait(149)) - c08c50e8-12e3-4a9f-8d07-a31e7885cc60@group-B55DFFF8EC72->c877b40c-f70f-4e08-bb9d-91bddb5d6847-GrpcLogAppender: Wait interrupted by java.lang.InterruptedException
2019-10-16 22:17:02,052 [org.apache.ratis.server.impl.LogAppender$AppenderDaemon$$Lambda$421/1599431279@4e5d4f5d] WARN  server.GrpcLogAppender (GrpcLogAppender.java:mayWait(149)) - c08c50e8-12e3-4a9f-8d07-a31e7885cc60@group-B55DFFF8EC72->777be068-7a1c-4abf-ad8d-603801d8ac95-GrpcLogAppender: Wait interrupted by java.lang.InterruptedException
2019-10-16 22:17:02,052 [grpc-default-executor-2] INFO  impl.PendingRequests (PendingRequests.java:sendNotLeaderResponses(202)) - c08c50e8-12e3-4a9f-8d07-a31e7885cc60@group-B55DFFF8EC72-PendingRequests: sendNotLeaderResponses
2019-10-16 22:17:02,054 [grpc-default-executor-1] INFO  server.GrpcServerProtocolService (GrpcServerProtocolService.java:onCompleted(113)) - c877b40c-f70f-4e08-bb9d-91bddb5d6847: Completed APPEND_ENTRIES, lastRequest: c08c50e8-12e3-4a9f-8d07-a31e7885cc60->c877b40c-f70f-4e08-bb9d-91bddb5d6847#81-t2, previous=(t:2, i:78), leaderCommit=78, initializing? false, entries: <empty>
2019-10-16 22:17:02,056 [grpc-default-executor-1] INFO  server.GrpcServerProtocolService (GrpcServerProtocolService.java:onCompleted(113)) - 777be068-7a1c-4abf-ad8d-603801d8ac95: Completed APPEND_ENTRIES, lastRequest: c08c50e8-12e3-4a9f-8d07-a31e7885cc60->777be068-7a1c-4abf-ad8d-603801d8ac95#81-t2, previous=(t:2, i:78), leaderCommit=78, initializing? false, entries: <empty>
2019-10-16 22:17:02,056 [grpc-default-executor-2] INFO  impl.StateMachineUpdater (StateMachineUpdater.java:stopAndJoin(136)) - c08c50e8-12e3-4a9f-8d07-a31e7885cc60@group-B55DFFF8EC72-StateMachineUpdater: set stopIndex = 78
2019-10-16 22:17:02,056 [c08c50e8-12e3-4a9f-8d07-a31e7885cc60@group-B55DFFF8EC72-StateMachineUpdater] INFO  ratis.ContainerStateMachine (ContainerStateMachine.java:takeSnapshot(296)) - group-B55DFFF8EC72: Taking a snapshot at:(t:2, i:76) file /workdir/hadoop-ozone/tools/target/test-dir/MiniOzoneClusterImpl-f547a2d9-0c70-45d1-bc96-08b1275e21f1/datanode-0/data/ratis/ec914b22-76c4-4998-8e64-b55dfff8ec72/sm/snapshot.2_76
2019-10-16 22:17:02,056 [grpc-default-executor-3] INFO  server.GrpcLogAppender (GrpcLogAppender.java:onCompleted(308)) - c08c50e8-12e3-4a9f-8d07-a31e7885cc60@group-B55DFFF8EC72->c877b40c-f70f-4e08-bb9d-91bddb5d6847-AppendLogResponseHandler: follower responses appendEntries COMPLETED
2019-10-16 22:17:02,058 [grpc-default-executor-0] INFO  server.GrpcLogAppender (GrpcLogAppender.java:onCompleted(308)) - c08c50e8-12e3-4a9f-8d07-a31e7885cc60@group-B55DFFF8EC72->777be068-7a1c-4abf-ad8d-603801d8ac95-AppendLogResponseHandler: follower responses appendEntries COMPLETED
2019-10-16 22:17:02,060 [grpc-default-executor-3] INFO  impl.FollowerInfo (FollowerInfo.java:lambda$new$0(51)) - c08c50e8-12e3-4a9f-8d07-a31e7885cc60@group-B55DFFF8EC72->c877b40c-f70f-4e08-bb9d-91bddb5d6847: nextIndex: updateUnconditionally 79 -> 78
2019-10-16 22:17:02,061 [grpc-default-executor-0] INFO  impl.FollowerInfo (FollowerInfo.java:lambda$new$0(51)) - c08c50e8-12e3-4a9f-8d07-a31e7885cc60@group-B55DFFF8EC72->777be068-7a1c-4abf-ad8d-603801d8ac95: nextIndex: updateUnconditionally 79 -> 78
2019-10-16 22:17:02,138 [c08c50e8-12e3-4a9f-8d07-a31e7885cc60@group-B55DFFF8EC72-StateMachineUpdater] INFO  ratis.ContainerStateMachine (ContainerStateMachine.java:takeSnapshot(307)) - group-B55DFFF8EC72: Finished taking a snapshot at:(t:2, i:76) file:/workdir/hadoop-ozone/tools/target/test-dir/MiniOzoneClusterImpl-f547a2d9-0c70-45d1-bc96-08b1275e21f1/datanode-0/data/ratis/ec914b22-76c4-4998-8e64-b55dfff8ec72/sm/snapshot.2_76 time:83
2019-10-16 22:17:02,140 [c08c50e8-12e3-4a9f-8d07-a31e7885cc60@group-B55DFFF8EC72-StateMachineUpdater] INFO  impl.StateMachineUpdater (StateMachineUpdater.java:takeSnapshot(269)) - c08c50e8-12e3-4a9f-8d07-a31e7885cc60@group-B55DFFF8EC72-StateMachineUpdater: Took a snapshot at index 76
2019-10-16 22:17:02,141 [c08c50e8-12e3-4a9f-8d07-a31e7885cc60@group-B55DFFF8EC72-StateMachineUpdater] INFO  impl.StateMachineUpdater (StateMachineUpdater.java:lambda$new$0(84)) - c08c50e8-12e3-4a9f-8d07-a31e7885cc60@group-B55DFFF8EC72-StateMachineUpdater: snapshotIndex: updateIncreasingly -1 -> 76
2019-10-16 22:17:02,145 [c08c50e8-12e3-4a9f-8d07-a31e7885cc60@group-B55DFFF8EC72-StateMachineUpdater] INFO  ratis.ContainerStateMachine (ContainerStateMachine.java:takeSnapshot(296)) - group-B55DFFF8EC72: Taking a snapshot at:(t:2, i:76) file /workdir/hadoop-ozone/tools/target/test-dir/MiniOzoneClusterImpl-f547a2d9-0c70-45d1-bc96-08b1275e21f1/datanode-0/data/ratis/ec914b22-76c4-4998-8e64-b55dfff8ec72/sm/snapshot.2_76
2019-10-16 22:17:02,158 [c08c50e8-12e3-4a9f-8d07-a31e7885cc60@group-B55DFFF8EC72-StateMachineUpdater] INFO  ratis.ContainerStateMachine (ContainerStateMachine.java:takeSnapshot(307)) - group-B55DFFF8EC72: Finished taking a snapshot at:(t:2, i:76) file:/workdir/hadoop-ozone/tools/target/test-dir/MiniOzoneClusterImpl-f547a2d9-0c70-45d1-bc96-08b1275e21f1/datanode-0/data/ratis/ec914b22-76c4-4998-8e64-b55dfff8ec72/sm/snapshot.2_76 time:13
2019-10-16 22:17:02,158 [c08c50e8-12e3-4a9f-8d07-a31e7885cc60@group-B55DFFF8EC72-StateMachineUpdater] INFO  impl.StateMachineUpdater (StateMachineUpdater.java:takeSnapshot(269)) - c08c50e8-12e3-4a9f-8d07-a31e7885cc60@group-B55DFFF8EC72-StateMachineUpdater: Took a snapshot at index 76
2019-10-16 22:17:02,158 [c08c50e8-12e3-4a9f-8d07-a31e7885cc60@group-B55DFFF8EC72-StateMachineUpdater] INFO  impl.StateMachineUpdater (StateMachineUpdater.java:lambda$new$0(84)) - c08c50e8-12e3-4a9f-8d07-a31e7885cc60@group-B55DFFF8EC72-StateMachineUpdater: snapshotIndex: updateIncreasingly 76 -> 76
2019-10-16 22:17:02,158 [grpc-default-executor-2] INFO  impl.RaftServerImpl (ServerState.java:close(388)) - c08c50e8-12e3-4a9f-8d07-a31e7885cc60@group-B55DFFF8EC72: closes. applyIndex: 78
2019-10-16 22:17:02,159 [c08c50e8-12e3-4a9f-8d07-a31e7885cc60@group-B55DFFF8EC72-SegmentedRaftLogWorker] INFO  segmented.SegmentedRaftLogWorker (SegmentedRaftLogWorker.java:run(316)) - c08c50e8-12e3-4a9f-8d07-a31e7885cc60@group-B55DFFF8EC72-SegmentedRaftLogWorker was interrupted, exiting. There are 0 tasks remaining in the queue.
2019-10-16 22:17:02,160 [grpc-default-executor-2] INFO  segmented.SegmentedRaftLogWorker (SegmentedRaftLogWorker.java:close(224)) - c08c50e8-12e3-4a9f-8d07-a31e7885cc60@group-B55DFFF8EC72-SegmentedRaftLogWorker close()
2019-10-16 22:17:02,188 [grpc-default-executor-2] INFO  interfaces.Container (KeyValueContainer.java:flushAndSyncDB(386)) - Container 1 is synced with bcsId 60.
2019-10-16 22:17:02,188 [grpc-default-executor-2] INFO  interfaces.Container (KeyValueContainer.java:flushAndSyncDB(386)) - Container 1 is synced with bcsId 60.
2019-10-16 22:17:02,197 [EventQueue-IncrementalContainerReportForIncrementalContainerReportHandler] INFO  container.IncrementalContainerReportHandler (AbstractContainerReportHandler.java:updateContainerState(171)) - Moving container #1 to QUASI_CLOSED state, datanode c08c50e8-12e3-4a9f-8d07-a31e7885cc60{ip: 192.168.34.38, host: pr-hdds-1868-89kc4-1304904179, networkLocation: /default-rack, certSerialId: null} reported QUASI_CLOSED replica.
2019-10-16 22:17:02,218 [grpc-default-executor-2] INFO  interfaces.Container (KeyValueContainer.java:flushAndSyncDB(386)) - Container 2 is synced with bcsId 76.
2019-10-16 22:17:02,218 [grpc-default-executor-2] INFO  interfaces.Container (KeyValueContainer.java:flushAndSyncDB(386)) - Container 2 is synced with bcsId 76.
2019-10-16 22:17:02,225 [EventQueue-IncrementalContainerReportForIncrementalContainerReportHandler] INFO  container.IncrementalContainerReportHandler (AbstractContainerReportHandler.java:updateContainerState(171)) - Moving container #2 to QUASI_CLOSED state, datanode c08c50e8-12e3-4a9f-8d07-a31e7885cc60{ip: 192.168.34.38, host: pr-hdds-1868-89kc4-1304904179, networkLocation: /default-rack, certSerialId: null} reported QUASI_CLOSED replica.
2019-10-16 22:17:02,240 [grpc-default-executor-2] INFO  interfaces.Container (KeyValueContainer.java:flushAndSyncDB(386)) - Container 3 is synced with bcsId 43.
2019-10-16 22:17:02,240 [grpc-default-executor-2] INFO  interfaces.Container (KeyValueContainer.java:flushAndSyncDB(386)) - Container 3 is synced with bcsId 43.
2019-10-16 22:17:02,267 [EventQueue-IncrementalContainerReportForIncrementalContainerReportHandler] INFO  container.IncrementalContainerReportHandler (AbstractContainerReportHandler.java:updateContainerState(171)) - Moving container #3 to QUASI_CLOSED state, datanode c08c50e8-12e3-4a9f-8d07-a31e7885cc60{ip: 192.168.34.38, host: pr-hdds-1868-89kc4-1304904179, networkLocation: /default-rack, certSerialId: null} reported QUASI_CLOSED replica.
2019-10-16 22:17:02,281 [grpc-default-executor-2] INFO  impl.RaftServerProxy (RaftServerProxy.java:remove(95)) - c877b40c-f70f-4e08-bb9d-91bddb5d6847: remove  FOLLOWER c877b40c-f70f-4e08-bb9d-91bddb5d6847@group-B55DFFF8EC72:t2, leader=c08c50e8-12e3-4a9f-8d07-a31e7885cc60, voted=c08c50e8-12e3-4a9f-8d07-a31e7885cc60, raftlog=c877b40c-f70f-4e08-bb9d-91bddb5d6847@group-B55DFFF8EC72-SegmentedRaftLog:OPENED:c78,f78,i78, conf=0: [c877b40c-f70f-4e08-bb9d-91bddb5d6847:192.168.34.38:40232, 777be068-7a1c-4abf-ad8d-603801d8ac95:192.168.34.38:35329, c08c50e8-12e3-4a9f-8d07-a31e7885cc60:192.168.34.38:44255], old=null RUNNING
2019-10-16 22:17:02,281 [grpc-default-executor-2] INFO  impl.RaftServerImpl (RaftServerImpl.java:lambda$shutdown$3(261)) - c877b40c-f70f-4e08-bb9d-91bddb5d6847@group-B55DFFF8EC72: shutdown
2019-10-16 22:17:02,281 [grpc-default-executor-2] INFO  util.JmxRegister (JmxRegister.java:unregister(73)) - Successfully un-registered JMX Bean with object name Ratis:service=RaftServer,group=group-B55DFFF8EC72,id=c877b40c-f70f-4e08-bb9d-91bddb5d6847
2019-10-16 22:17:02,281 [grpc-default-executor-2] INFO  impl.RoleInfo (RoleInfo.java:shutdownFollowerState(121)) - c877b40c-f70f-4e08-bb9d-91bddb5d6847: shutdown FollowerState
2019-10-16 22:17:02,281 [grpc-default-executor-2] INFO  impl.StateMachineUpdater (StateMachineUpdater.java:stopAndJoin(136)) - c877b40c-f70f-4e08-bb9d-91bddb5d6847@group-B55DFFF8EC72-StateMachineUpdater: set stopIndex = 78
2019-10-16 22:17:02,281 [Thread-218] INFO  impl.FollowerState (FollowerState.java:run(117)) - c877b40c-f70f-4e08-bb9d-91bddb5d6847@group-B55DFFF8EC72-FollowerState was interrupted: java.lang.InterruptedException: sleep interrupted
2019-10-16 22:17:02,282 [c877b40c-f70f-4e08-bb9d-91bddb5d6847@group-B55DFFF8EC72-StateMachineUpdater] INFO  ratis.ContainerStateMachine (ContainerStateMachine.java:takeSnapshot(296)) - group-B55DFFF8EC72: Taking a snapshot at:(t:2, i:76) file /workdir/hadoop-ozone/tools/target/test-dir/MiniOzoneClusterImpl-f547a2d9-0c70-45d1-bc96-08b1275e21f1/datanode-1/data/ratis/ec914b22-76c4-4998-8e64-b55dfff8ec72/sm/snapshot.2_76
2019-10-16 22:17:02,291 [c877b40c-f70f-4e08-bb9d-91bddb5d6847@group-B55DFFF8EC72-StateMachineUpdater] INFO  ratis.ContainerStateMachine (ContainerStateMachine.java:takeSnapshot(307)) - group-B55DFFF8EC72: Finished taking a snapshot at:(t:2, i:76) file:/workdir/hadoop-ozone/tools/target/test-dir/MiniOzoneClusterImpl-f547a2d9-0c70-45d1-bc96-08b1275e21f1/datanode-1/data/ratis/ec914b22-76c4-4998-8e64-b55dfff8ec72/sm/snapshot.2_76 time:10
2019-10-16 22:17:02,292 [c877b40c-f70f-4e08-bb9d-91bddb5d6847@group-B55DFFF8EC72-StateMachineUpdater] INFO  impl.StateMachineUpdater (StateMachineUpdater.java:takeSnapshot(269)) - c877b40c-f70f-4e08-bb9d-91bddb5d6847@group-B55DFFF8EC72-StateMachineUpdater: Took a snapshot at index 76
2019-10-16 22:17:02,292 [c877b40c-f70f-4e08-bb9d-91bddb5d6847@group-B55DFFF8EC72-StateMachineUpdater] INFO  impl.StateMachineUpdater (StateMachineUpdater.java:lambda$new$0(84)) - c877b40c-f70f-4e08-bb9d-91bddb5d6847@group-B55DFFF8EC72-StateMachineUpdater: snapshotIndex: updateIncreasingly -1 -> 76
2019-10-16 22:17:02,292 [c877b40c-f70f-4e08-bb9d-91bddb5d6847@group-B55DFFF8EC72-StateMachineUpdater] INFO  ratis.ContainerStateMachine (ContainerStateMachine.java:takeSnapshot(296)) - group-B55DFFF8EC72: Taking a snapshot at:(t:2, i:76) file /workdir/hadoop-ozone/tools/target/test-dir/MiniOzoneClusterImpl-f547a2d9-0c70-45d1-bc96-08b1275e21f1/datanode-1/data/ratis/ec914b22-76c4-4998-8e64-b55dfff8ec72/sm/snapshot.2_76
2019-10-16 22:17:02,296 [c877b40c-f70f-4e08-bb9d-91bddb5d6847@group-B55DFFF8EC72-StateMachineUpdater] INFO  ratis.ContainerStateMachine (ContainerStateMachine.java:takeSnapshot(307)) - group-B55DFFF8EC72: Finished taking a snapshot at:(t:2, i:76) file:/workdir/hadoop-ozone/tools/target/test-dir/MiniOzoneClusterImpl-f547a2d9-0c70-45d1-bc96-08b1275e21f1/datanode-1/data/ratis/ec914b22-76c4-4998-8e64-b55dfff8ec72/sm/snapshot.2_76 time:3
2019-10-16 22:17:02,296 [c877b40c-f70f-4e08-bb9d-91bddb5d6847@group-B55DFFF8EC72-StateMachineUpdater] INFO  impl.StateMachineUpdater (StateMachineUpdater.java:takeSnapshot(269)) - c877b40c-f70f-4e08-bb9d-91bddb5d6847@group-B55DFFF8EC72-StateMachineUpdater: Took a snapshot at index 76
2019-10-16 22:17:02,296 [c877b40c-f70f-4e08-bb9d-91bddb5d6847@group-B55DFFF8EC72-StateMachineUpdater] INFO  impl.StateMachineUpdater (StateMachineUpdater.java:lambda$new$0(84)) - c877b40c-f70f-4e08-bb9d-91bddb5d6847@group-B55DFFF8EC72-StateMachineUpdater: snapshotIndex: updateIncreasingly 76 -> 76
2019-10-16 22:17:02,297 [grpc-default-executor-2] INFO  impl.RaftServerImpl (ServerState.java:close(388)) - c877b40c-f70f-4e08-bb9d-91bddb5d6847@group-B55DFFF8EC72: closes. applyIndex: 78
2019-10-16 22:17:02,297 [c877b40c-f70f-4e08-bb9d-91bddb5d6847@group-B55DFFF8EC72-SegmentedRaftLogWorker] INFO  segmented.SegmentedRaftLogWorker (SegmentedRaftLogWorker.java:run(316)) - c877b40c-f70f-4e08-bb9d-91bddb5d6847@group-B55DFFF8EC72-SegmentedRaftLogWorker was interrupted, exiting. There are 0 tasks remaining in the queue.
2019-10-16 22:17:02,298 [grpc-default-executor-2] INFO  segmented.SegmentedRaftLogWorker (SegmentedRaftLogWorker.java:close(224)) - c877b40c-f70f-4e08-bb9d-91bddb5d6847@group-B55DFFF8EC72-SegmentedRaftLogWorker close()
2019-10-16 22:17:02,343 [grpc-default-executor-2] INFO  interfaces.Container (KeyValueContainer.java:flushAndSyncDB(386)) - Container 1 is synced with bcsId 60.
2019-10-16 22:17:02,343 [grpc-default-executor-2] INFO  interfaces.Container (KeyValueContainer.java:flushAndSyncDB(386)) - Container 1 is synced with bcsId 60.
2019-10-16 22:17:02,373 [grpc-default-executor-2] INFO  interfaces.Container (KeyValueContainer.java:flushAndSyncDB(386)) - Container 2 is synced with bcsId 76.
2019-10-16 22:17:02,373 [grpc-default-executor-2] INFO  interfaces.Container (KeyValueContainer.java:flushAndSyncDB(386)) - Container 2 is synced with bcsId 76.
2019-10-16 22:17:02,394 [grpc-default-executor-2] INFO  interfaces.Container (KeyValueContainer.java:flushAndSyncDB(386)) - Container 3 is synced with bcsId 43.
2019-10-16 22:17:02,394 [grpc-default-executor-2] INFO  interfaces.Container (KeyValueContainer.java:flushAndSyncDB(386)) - Container 3 is synced with bcsId 43.
2019-10-16 22:17:02,453 [grpc-default-executor-2] INFO  impl.RaftServerProxy (RaftServerProxy.java:remove(95)) - 777be068-7a1c-4abf-ad8d-603801d8ac95: remove  FOLLOWER 777be068-7a1c-4abf-ad8d-603801d8ac95@group-B55DFFF8EC72:t2, leader=c08c50e8-12e3-4a9f-8d07-a31e7885cc60, voted=null, raftlog=777be068-7a1c-4abf-ad8d-603801d8ac95@group-B55DFFF8EC72-SegmentedRaftLog:OPENED:c78,f78,i78, conf=0: [c877b40c-f70f-4e08-bb9d-91bddb5d6847:192.168.34.38:40232, 777be068-7a1c-4abf-ad8d-603801d8ac95:192.168.34.38:35329, c08c50e8-12e3-4a9f-8d07-a31e7885cc60:192.168.34.38:44255], old=null RUNNING
2019-10-16 22:17:02,453 [grpc-default-executor-2] INFO  impl.RaftServerImpl (RaftServerImpl.java:lambda$shutdown$3(261)) - 777be068-7a1c-4abf-ad8d-603801d8ac95@group-B55DFFF8EC72: shutdown
2019-10-16 22:17:02,453 [grpc-default-executor-2] INFO  util.JmxRegister (JmxRegister.java:unregister(73)) - Successfully un-registered JMX Bean with object name Ratis:service=RaftServer,group=group-B55DFFF8EC72,id=777be068-7a1c-4abf-ad8d-603801d8ac95
2019-10-16 22:17:02,453 [grpc-default-executor-2] INFO  impl.RoleInfo (RoleInfo.java:shutdownFollowerState(121)) - 777be068-7a1c-4abf-ad8d-603801d8ac95: shutdown FollowerState
2019-10-16 22:17:02,453 [grpc-default-executor-2] INFO  impl.StateMachineUpdater (StateMachineUpdater.java:stopAndJoin(136)) - 777be068-7a1c-4abf-ad8d-603801d8ac95@group-B55DFFF8EC72-StateMachineUpdater: set stopIndex = 78
2019-10-16 22:17:02,453 [Thread-219] INFO  impl.FollowerState (FollowerState.java:run(117)) - 777be068-7a1c-4abf-ad8d-603801d8ac95@group-B55DFFF8EC72-FollowerState was interrupted: java.lang.InterruptedException: sleep interrupted
2019-10-16 22:17:02,454 [777be068-7a1c-4abf-ad8d-603801d8ac95@group-B55DFFF8EC72-StateMachineUpdater] INFO  ratis.ContainerStateMachine (ContainerStateMachine.java:takeSnapshot(296)) - group-B55DFFF8EC72: Taking a snapshot at:(t:2, i:76) file /workdir/hadoop-ozone/tools/target/test-dir/MiniOzoneClusterImpl-f547a2d9-0c70-45d1-bc96-08b1275e21f1/datanode-2/data/ratis/ec914b22-76c4-4998-8e64-b55dfff8ec72/sm/snapshot.2_76
2019-10-16 22:17:02,458 [777be068-7a1c-4abf-ad8d-603801d8ac95@group-B55DFFF8EC72-StateMachineUpdater] INFO  ratis.ContainerStateMachine (ContainerStateMachine.java:takeSnapshot(307)) - group-B55DFFF8EC72: Finished taking a snapshot at:(t:2, i:76) file:/workdir/hadoop-ozone/tools/target/test-dir/MiniOzoneClusterImpl-f547a2d9-0c70-45d1-bc96-08b1275e21f1/datanode-2/data/ratis/ec914b22-76c4-4998-8e64-b55dfff8ec72/sm/snapshot.2_76 time:4
2019-10-16 22:17:02,458 [777be068-7a1c-4abf-ad8d-603801d8ac95@group-B55DFFF8EC72-StateMachineUpdater] INFO  impl.StateMachineUpdater (StateMachineUpdater.java:takeSnapshot(269)) - 777be068-7a1c-4abf-ad8d-603801d8ac95@group-B55DFFF8EC72-StateMachineUpdater: Took a snapshot at index 76
2019-10-16 22:17:02,459 [777be068-7a1c-4abf-ad8d-603801d8ac95@group-B55DFFF8EC72-StateMachineUpdater] INFO  impl.StateMachineUpdater (StateMachineUpdater.java:lambda$new$0(84)) - 777be068-7a1c-4abf-ad8d-603801d8ac95@group-B55DFFF8EC72-StateMachineUpdater: snapshotIndex: updateIncreasingly -1 -> 76
2019-10-16 22:17:02,459 [777be068-7a1c-4abf-ad8d-603801d8ac95@group-B55DFFF8EC72-StateMachineUpdater] INFO  ratis.ContainerStateMachine (ContainerStateMachine.java:takeSnapshot(296)) - group-B55DFFF8EC72: Taking a snapshot at:(t:2, i:76) file /workdir/hadoop-ozone/tools/target/test-dir/MiniOzoneClusterImpl-f547a2d9-0c70-45d1-bc96-08b1275e21f1/datanode-2/data/ratis/ec914b22-76c4-4998-8e64-b55dfff8ec72/sm/snapshot.2_76
2019-10-16 22:17:02,468 [777be068-7a1c-4abf-ad8d-603801d8ac95@group-B55DFFF8EC72-StateMachineUpdater] INFO  ratis.ContainerStateMachine (ContainerStateMachine.java:takeSnapshot(307)) - group-B55DFFF8EC72: Finished taking a snapshot at:(t:2, i:76) file:/workdir/hadoop-ozone/tools/target/test-dir/MiniOzoneClusterImpl-f547a2d9-0c70-45d1-bc96-08b1275e21f1/datanode-2/data/ratis/ec914b22-76c4-4998-8e64-b55dfff8ec72/sm/snapshot.2_76 time:9
2019-10-16 22:17:02,468 [777be068-7a1c-4abf-ad8d-603801d8ac95@group-B55DFFF8EC72-StateMachineUpdater] INFO  impl.StateMachineUpdater (StateMachineUpdater.java:takeSnapshot(269)) - 777be068-7a1c-4abf-ad8d-603801d8ac95@group-B55DFFF8EC72-StateMachineUpdater: Took a snapshot at index 76
2019-10-16 22:17:02,468 [777be068-7a1c-4abf-ad8d-603801d8ac95@group-B55DFFF8EC72-StateMachineUpdater] INFO  impl.StateMachineUpdater (StateMachineUpdater.java:lambda$new$0(84)) - 777be068-7a1c-4abf-ad8d-603801d8ac95@group-B55DFFF8EC72-StateMachineUpdater: snapshotIndex: updateIncreasingly 76 -> 76
2019-10-16 22:17:02,469 [grpc-default-executor-2] INFO  impl.RaftServerImpl (ServerState.java:close(388)) - 777be068-7a1c-4abf-ad8d-603801d8ac95@group-B55DFFF8EC72: closes. applyIndex: 78
2019-10-16 22:17:02,469 [777be068-7a1c-4abf-ad8d-603801d8ac95@group-B55DFFF8EC72-SegmentedRaftLogWorker] INFO  segmented.SegmentedRaftLogWorker (SegmentedRaftLogWorker.java:run(316)) - 777be068-7a1c-4abf-ad8d-603801d8ac95@group-B55DFFF8EC72-SegmentedRaftLogWorker was interrupted, exiting. There are 0 tasks remaining in the queue.
2019-10-16 22:17:02,479 [grpc-default-executor-2] INFO  segmented.SegmentedRaftLogWorker (SegmentedRaftLogWorker.java:close(224)) - 777be068-7a1c-4abf-ad8d-603801d8ac95@group-B55DFFF8EC72-SegmentedRaftLogWorker close()
2019-10-16 22:17:02,503 [grpc-default-executor-2] INFO  interfaces.Container (KeyValueContainer.java:flushAndSyncDB(386)) - Container 1 is synced with bcsId 60.
2019-10-16 22:17:02,503 [grpc-default-executor-2] INFO  interfaces.Container (KeyValueContainer.java:flushAndSyncDB(386)) - Container 1 is synced with bcsId 60.
2019-10-16 22:17:02,539 [grpc-default-executor-2] INFO  interfaces.Container (KeyValueContainer.java:flushAndSyncDB(386)) - Container 2 is synced with bcsId 76.
2019-10-16 22:17:02,539 [grpc-default-executor-2] INFO  interfaces.Container (KeyValueContainer.java:flushAndSyncDB(386)) - Container 2 is synced with bcsId 76.
2019-10-16 22:17:02,570 [grpc-default-executor-2] INFO  interfaces.Container (KeyValueContainer.java:flushAndSyncDB(386)) - Container 3 is synced with bcsId 43.
2019-10-16 22:17:02,570 [grpc-default-executor-2] INFO  interfaces.Container (KeyValueContainer.java:flushAndSyncDB(386)) - Container 3 is synced with bcsId 43.
2019-10-16 22:17:02,586 [main] INFO  pipeline.PipelineStateManager (PipelineStateManager.java:removePipeline(108)) - Pipeline Pipeline[ Id: ec914b22-76c4-4998-8e64-b55dfff8ec72, Nodes: c08c50e8-12e3-4a9f-8d07-a31e7885cc60{ip: 192.168.34.38, host: pr-hdds-1868-89kc4-1304904179, networkLocation: /default-rack, certSerialId: null}c877b40c-f70f-4e08-bb9d-91bddb5d6847{ip: 192.168.34.38, host: pr-hdds-1868-89kc4-1304904179, networkLocation: /default-rack, certSerialId: null}777be068-7a1c-4abf-ad8d-603801d8ac95{ip: 192.168.34.38, host: pr-hdds-1868-89kc4-1304904179, networkLocation: /default-rack, certSerialId: null}, Type:RATIS, Factor:THREE, State:CLOSED] removed from db
2019-10-16 22:17:02,604 [grpc-default-executor-3] INFO  impl.RaftServerProxy (RaftServerProxy.java:addNew(89)) - c08c50e8-12e3-4a9f-8d07-a31e7885cc60: addNew group-C432D6B1530C:[c877b40c-f70f-4e08-bb9d-91bddb5d6847:192.168.34.38:40232, 777be068-7a1c-4abf-ad8d-603801d8ac95:192.168.34.38:35329, c08c50e8-12e3-4a9f-8d07-a31e7885cc60:192.168.34.38:44255] returns group-C432D6B1530C:java.util.concurrent.CompletableFuture@203bf4f9[Not completed]
2019-10-16 22:17:02,604 [grpc-default-executor-0] INFO  impl.RaftServerProxy (RaftServerProxy.java:addNew(89)) - c877b40c-f70f-4e08-bb9d-91bddb5d6847: addNew group-C432D6B1530C:[c877b40c-f70f-4e08-bb9d-91bddb5d6847:192.168.34.38:40232, 777be068-7a1c-4abf-ad8d-603801d8ac95:192.168.34.38:35329, c08c50e8-12e3-4a9f-8d07-a31e7885cc60:192.168.34.38:44255] returns group-C432D6B1530C:java.util.concurrent.CompletableFuture@6127747f[Not completed]
2019-10-16 22:17:02,606 [grpc-default-executor-2] INFO  impl.RaftServerProxy (RaftServerProxy.java:addNew(89)) - 777be068-7a1c-4abf-ad8d-603801d8ac95: addNew group-C432D6B1530C:[c877b40c-f70f-4e08-bb9d-91bddb5d6847:192.168.34.38:40232, 777be068-7a1c-4abf-ad8d-603801d8ac95:192.168.34.38:35329, c08c50e8-12e3-4a9f-8d07-a31e7885cc60:192.168.34.38:44255] returns group-C432D6B1530C:java.util.concurrent.CompletableFuture@d252c16[Not completed]
2019-10-16 22:17:02,607 [pool-27-thread-1] INFO  impl.RaftServerImpl (RaftServerImpl.java:<init>(104)) - c08c50e8-12e3-4a9f-8d07-a31e7885cc60: new RaftServerImpl for group-C432D6B1530C:[c877b40c-f70f-4e08-bb9d-91bddb5d6847:192.168.34.38:40232, 777be068-7a1c-4abf-ad8d-603801d8ac95:192.168.34.38:35329, c08c50e8-12e3-4a9f-8d07-a31e7885cc60:192.168.34.38:44255] with ContainerStateMachine:uninitialized
2019-10-16 22:17:02,607 [pool-27-thread-1] INFO  server.RaftServerConfigKeys (ConfUtils.java:logGet(43)) - raft.server.rpc.timeout.min = 5s (custom)
2019-10-16 22:17:02,607 [pool-27-thread-1] INFO  server.RaftServerConfigKeys (ConfUtils.java:logGet(43)) - raft.server.rpc.timeout.max = 5200ms (custom)
2019-10-16 22:17:02,607 [pool-27-thread-1] INFO  server.RaftServerConfigKeys (ConfUtils.java:logGet(43)) - raft.server.rpcslowness.timeout = 120s (custom)
2019-10-16 22:17:02,608 [pool-27-thread-1] INFO  server.RaftServerConfigKeys (ConfUtils.java:logGet(43)) - raft.server.sleep.deviation.threshold = 300 (default)
2019-10-16 22:17:02,608 [pool-27-thread-1] INFO  server.RaftServerConfigKeys (ConfUtils.java:logGet(43)) - raft.server.log.appender.install.snapshot.enabled = false (custom)
2019-10-16 22:17:02,608 [pool-27-thread-1] INFO  impl.RaftServerImpl (ServerState.java:<init>(103)) - c08c50e8-12e3-4a9f-8d07-a31e7885cc60@group-C432D6B1530C: ConfigurationManager, init=-1: [c877b40c-f70f-4e08-bb9d-91bddb5d6847:192.168.34.38:40232, 777be068-7a1c-4abf-ad8d-603801d8ac95:192.168.34.38:35329, c08c50e8-12e3-4a9f-8d07-a31e7885cc60:192.168.34.38:44255], old=null, confs=<EMPTY_MAP>
2019-10-16 22:17:02,608 [pool-47-thread-1] INFO  impl.RaftServerImpl (RaftServerImpl.java:<init>(104)) - 777be068-7a1c-4abf-ad8d-603801d8ac95: new RaftServerImpl for group-C432D6B1530C:[c877b40c-f70f-4e08-bb9d-91bddb5d6847:192.168.34.38:40232, 777be068-7a1c-4abf-ad8d-603801d8ac95:192.168.34.38:35329, c08c50e8-12e3-4a9f-8d07-a31e7885cc60:192.168.34.38:44255] with ContainerStateMachine:uninitialized
2019-10-16 22:17:02,608 [pool-27-thread-1] INFO  server.RaftServerConfigKeys (ConfUtils.java:logGet(43)) - raft.server.storage.dir = [/workdir/hadoop-ozone/tools/target/test-dir/MiniOzoneClusterImpl-f547a2d9-0c70-45d1-bc96-08b1275e21f1/datanode-0/data/ratis] (custom)
2019-10-16 22:17:02,608 [pool-47-thread-1] INFO  server.RaftServerConfigKeys (ConfUtils.java:logGet(43)) - raft.server.rpc.timeout.min = 5s (custom)
2019-10-16 22:17:02,608 [pool-27-thread-1] INFO  server.RaftServerConfigKeys (ConfUtils.java:logGet(43)) - raft.server.log.corruption.policy = EXCEPTION (default)
2019-10-16 22:17:02,609 [pool-47-thread-1] INFO  server.RaftServerConfigKeys (ConfUtils.java:logGet(43)) - raft.server.rpc.timeout.max = 5200ms (custom)
2019-10-16 22:17:02,609 [pool-27-thread-1] INFO  storage.RaftStorageDirectory (RaftStorageDirectory.java:analyzeStorage(246)) - The storage directory /workdir/hadoop-ozone/tools/target/test-dir/MiniOzoneClusterImpl-f547a2d9-0c70-45d1-bc96-08b1275e21f1/datanode-0/data/ratis/d34c2592-a07e-434c-9b9c-c432d6b1530c does not exist. Creating ...
2019-10-16 22:17:02,609 [pool-47-thread-1] INFO  server.RaftServerConfigKeys (ConfUtils.java:logGet(43)) - raft.server.rpcslowness.timeout = 120s (custom)
2019-10-16 22:17:02,609 [pool-37-thread-1] INFO  impl.RaftServerImpl (RaftServerImpl.java:<init>(104)) - c877b40c-f70f-4e08-bb9d-91bddb5d6847: new RaftServerImpl for group-C432D6B1530C:[c877b40c-f70f-4e08-bb9d-91bddb5d6847:192.168.34.38:40232, 777be068-7a1c-4abf-ad8d-603801d8ac95:192.168.34.38:35329, c08c50e8-12e3-4a9f-8d07-a31e7885cc60:192.168.34.38:44255] with ContainerStateMachine:uninitialized
2019-10-16 22:17:02,609 [pool-47-thread-1] INFO  server.RaftServerConfigKeys (ConfUtils.java:logGet(43)) - raft.server.sleep.deviation.threshold = 300 (default)
2019-10-16 22:17:02,609 [pool-37-thread-1] INFO  server.RaftServerConfigKeys (ConfUtils.java:logGet(43)) - raft.server.rpc.timeout.min = 5s (custom)
2019-10-16 22:17:02,609 [pool-47-thread-1] INFO  server.RaftServerConfigKeys (ConfUtils.java:logGet(43)) - raft.server.log.appender.install.snapshot.enabled = false (custom)
2019-10-16 22:17:02,609 [pool-37-thread-1] INFO  server.RaftServerConfigKeys (ConfUtils.java:logGet(43)) - raft.server.rpc.timeout.max = 5200ms (custom)
2019-10-16 22:17:02,610 [pool-47-thread-1] INFO  impl.RaftServerImpl (ServerState.java:<init>(103)) - 777be068-7a1c-4abf-ad8d-603801d8ac95@group-C432D6B1530C: ConfigurationManager, init=-1: [c877b40c-f70f-4e08-bb9d-91bddb5d6847:192.168.34.38:40232, 777be068-7a1c-4abf-ad8d-603801d8ac95:192.168.34.38:35329, c08c50e8-12e3-4a9f-8d07-a31e7885cc60:192.168.34.38:44255], old=null, confs=<EMPTY_MAP>
2019-10-16 22:17:02,610 [pool-37-thread-1] INFO  server.RaftServerConfigKeys (ConfUtils.java:logGet(43)) - raft.server.rpcslowness.timeout = 120s (custom)
2019-10-16 22:17:02,610 [pool-47-thread-1] INFO  server.RaftServerConfigKeys (ConfUtils.java:logGet(43)) - raft.server.storage.dir = [/workdir/hadoop-ozone/tools/target/test-dir/MiniOzoneClusterImpl-f547a2d9-0c70-45d1-bc96-08b1275e21f1/datanode-2/data/ratis] (custom)
2019-10-16 22:17:02,610 [pool-37-thread-1] INFO  server.RaftServerConfigKeys (ConfUtils.java:logGet(43)) - raft.server.sleep.deviation.threshold = 300 (default)
2019-10-16 22:17:02,610 [pool-37-thread-1] INFO  server.RaftServerConfigKeys (ConfUtils.java:logGet(43)) - raft.server.log.appender.install.snapshot.enabled = false (custom)
2019-10-16 22:17:02,610 [pool-47-thread-1] INFO  server.RaftServerConfigKeys (ConfUtils.java:logGet(43)) - raft.server.log.corruption.policy = EXCEPTION (default)
2019-10-16 22:17:02,610 [pool-37-thread-1] INFO  impl.RaftServerImpl (ServerState.java:<init>(103)) - c877b40c-f70f-4e08-bb9d-91bddb5d6847@group-C432D6B1530C: ConfigurationManager, init=-1: [c877b40c-f70f-4e08-bb9d-91bddb5d6847:192.168.34.38:40232, 777be068-7a1c-4abf-ad8d-603801d8ac95:192.168.34.38:35329, c08c50e8-12e3-4a9f-8d07-a31e7885cc60:192.168.34.38:44255], old=null, confs=<EMPTY_MAP>
2019-10-16 22:17:02,611 [pool-47-thread-1] INFO  storage.RaftStorageDirectory (RaftStorageDirectory.java:analyzeStorage(246)) - The storage directory /workdir/hadoop-ozone/tools/target/test-dir/MiniOzoneClusterImpl-f547a2d9-0c70-45d1-bc96-08b1275e21f1/datanode-2/data/ratis/d34c2592-a07e-434c-9b9c-c432d6b1530c does not exist. Creating ...
2019-10-16 22:17:02,611 [pool-37-thread-1] INFO  server.RaftServerConfigKeys (ConfUtils.java:logGet(43)) - raft.server.storage.dir = [/workdir/hadoop-ozone/tools/target/test-dir/MiniOzoneClusterImpl-f547a2d9-0c70-45d1-bc96-08b1275e21f1/datanode-1/data/ratis] (custom)
2019-10-16 22:17:02,611 [pool-37-thread-1] INFO  server.RaftServerConfigKeys (ConfUtils.java:logGet(43)) - raft.server.log.corruption.policy = EXCEPTION (default)
2019-10-16 22:17:02,611 [pool-37-thread-1] INFO  storage.RaftStorageDirectory (RaftStorageDirectory.java:analyzeStorage(246)) - The storage directory /workdir/hadoop-ozone/tools/target/test-dir/MiniOzoneClusterImpl-f547a2d9-0c70-45d1-bc96-08b1275e21f1/datanode-1/data/ratis/d34c2592-a07e-434c-9b9c-c432d6b1530c does not exist. Creating ...
2019-10-16 22:17:02,614 [pool-27-thread-1] INFO  storage.RaftStorageDirectory (RaftStorageDirectory.java:tryLock(328)) - Lock on /workdir/hadoop-ozone/tools/target/test-dir/MiniOzoneClusterImpl-f547a2d9-0c70-45d1-bc96-08b1275e21f1/datanode-0/data/ratis/d34c2592-a07e-434c-9b9c-c432d6b1530c/in_use.lock acquired by nodename 29296@pr-hdds-1868-89kc4-1304904179
2019-10-16 22:17:02,614 [pool-47-thread-1] INFO  storage.RaftStorageDirectory (RaftStorageDirectory.java:tryLock(328)) - Lock on /workdir/hadoop-ozone/tools/target/test-dir/MiniOzoneClusterImpl-f547a2d9-0c70-45d1-bc96-08b1275e21f1/datanode-2/data/ratis/d34c2592-a07e-434c-9b9c-c432d6b1530c/in_use.lock acquired by nodename 29296@pr-hdds-1868-89kc4-1304904179
2019-10-16 22:17:02,618 [pool-37-thread-1] INFO  storage.RaftStorageDirectory (RaftStorageDirectory.java:tryLock(328)) - Lock on /workdir/hadoop-ozone/tools/target/test-dir/MiniOzoneClusterImpl-f547a2d9-0c70-45d1-bc96-08b1275e21f1/datanode-1/data/ratis/d34c2592-a07e-434c-9b9c-c432d6b1530c/in_use.lock acquired by nodename 29296@pr-hdds-1868-89kc4-1304904179
2019-10-16 22:17:02,618 [pool-47-thread-1] INFO  storage.RaftStorage (RaftStorage.java:format(84)) - Storage directory /workdir/hadoop-ozone/tools/target/test-dir/MiniOzoneClusterImpl-f547a2d9-0c70-45d1-bc96-08b1275e21f1/datanode-2/data/ratis/d34c2592-a07e-434c-9b9c-c432d6b1530c has been successfully formatted.
2019-10-16 22:17:02,618 [pool-27-thread-1] INFO  storage.RaftStorage (RaftStorage.java:format(84)) - Storage directory /workdir/hadoop-ozone/tools/target/test-dir/MiniOzoneClusterImpl-f547a2d9-0c70-45d1-bc96-08b1275e21f1/datanode-0/data/ratis/d34c2592-a07e-434c-9b9c-c432d6b1530c has been successfully formatted.
2019-10-16 22:17:02,618 [pool-47-thread-1] INFO  ratis.ContainerStateMachine (ContainerStateMachine.java:loadSnapshot(233)) - group-C432D6B1530C: The snapshot info is null. Setting the last applied indexto:(t:0, i:~)
2019-10-16 22:17:02,618 [pool-27-thread-1] INFO  ratis.ContainerStateMachine (ContainerStateMachine.java:loadSnapshot(233)) - group-C432D6B1530C: The snapshot info is null. Setting the last applied indexto:(t:0, i:~)
2019-10-16 22:17:02,618 [pool-47-thread-1] INFO  server.RaftServerConfigKeys (ConfUtils.java:logGet(43)) - raft.server.notification.no-leader.timeout = 120s (custom)
2019-10-16 22:17:02,619 [pool-27-thread-1] INFO  server.RaftServerConfigKeys (ConfUtils.java:logGet(43)) - raft.server.notification.no-leader.timeout = 120s (custom)
2019-10-16 22:17:02,619 [pool-47-thread-1] INFO  server.RaftServerConfigKeys (ConfUtils.java:logGet(43)) - raft.server.log.use.memory = false (default)
2019-10-16 22:17:02,619 [pool-27-thread-1] INFO  server.RaftServerConfigKeys (ConfUtils.java:logGet(43)) - raft.server.log.use.memory = false (default)
2019-10-16 22:17:02,619 [pool-47-thread-1] INFO  server.RaftServerConfigKeys (ConfUtils.java:logGet(43)) - raft.server.log.purge.gap = 1000000 (custom)
2019-10-16 22:17:02,619 [pool-27-thread-1] INFO  server.RaftServerConfigKeys (ConfUtils.java:logGet(43)) - raft.server.log.purge.gap = 1000000 (custom)
2019-10-16 22:17:02,619 [pool-47-thread-1] INFO  server.RaftServerConfigKeys (ConfUtils.java:logGet(43)) - raft.server.log.appender.buffer.byte-limit = 33554432 (custom)
2019-10-16 22:17:02,619 [pool-27-thread-1] INFO  server.RaftServerConfigKeys (ConfUtils.java:logGet(43)) - raft.server.log.appender.buffer.byte-limit = 33554432 (custom)
2019-10-16 22:17:02,619 [pool-47-thread-1] INFO  server.RaftServerConfigKeys (ConfUtils.java:logGet(43)) - raft.server.log.segment.size.max = 1048576 (custom)
2019-10-16 22:17:02,619 [pool-27-thread-1] INFO  server.RaftServerConfigKeys (ConfUtils.java:logGet(43)) - raft.server.log.segment.size.max = 1048576 (custom)
2019-10-16 22:17:02,620 [pool-47-thread-1] INFO  server.RaftServerConfigKeys (ConfUtils.java:logGet(43)) - raft.server.log.segment.cache.num.max = 2 (custom)
2019-10-16 22:17:02,620 [pool-27-thread-1] INFO  server.RaftServerConfigKeys (ConfUtils.java:logGet(43)) - raft.server.log.segment.cache.num.max = 2 (custom)
2019-10-16 22:17:02,620 [pool-47-thread-1] INFO  segmented.SegmentedRaftLogWorker (SegmentedRaftLogWorker.java:<init>(173)) - new 777be068-7a1c-4abf-ad8d-603801d8ac95@group-C432D6B1530C-SegmentedRaftLogWorker for RaftStorage:Storage Directory /workdir/hadoop-ozone/tools/target/test-dir/MiniOzoneClusterImpl-f547a2d9-0c70-45d1-bc96-08b1275e21f1/datanode-2/data/ratis/d34c2592-a07e-434c-9b9c-c432d6b1530c
2019-10-16 22:17:02,620 [pool-27-thread-1] INFO  segmented.SegmentedRaftLogWorker (SegmentedRaftLogWorker.java:<init>(173)) - new c08c50e8-12e3-4a9f-8d07-a31e7885cc60@group-C432D6B1530C-SegmentedRaftLogWorker for RaftStorage:Storage Directory /workdir/hadoop-ozone/tools/target/test-dir/MiniOzoneClusterImpl-f547a2d9-0c70-45d1-bc96-08b1275e21f1/datanode-0/data/ratis/d34c2592-a07e-434c-9b9c-c432d6b1530c
2019-10-16 22:17:02,620 [pool-47-thread-1] INFO  server.RaftServerConfigKeys (ConfUtils.java:logGet(43)) - raft.server.log.queue.byte-limit = 2147483647 (custom)
2019-10-16 22:17:02,620 [pool-27-thread-1] INFO  server.RaftServerConfigKeys (ConfUtils.java:logGet(43)) - raft.server.log.queue.byte-limit = 2147483647 (custom)
2019-10-16 22:17:02,620 [pool-47-thread-1] INFO  server.RaftServerConfigKeys (ConfUtils.java:logGet(43)) - raft.server.log.queue.element-limit = 1024 (custom)
2019-10-16 22:17:02,620 [pool-27-thread-1] INFO  server.RaftServerConfigKeys (ConfUtils.java:logGet(43)) - raft.server.log.queue.element-limit = 1024 (custom)
2019-10-16 22:17:02,620 [pool-47-thread-1] INFO  server.RaftServerConfigKeys (ConfUtils.java:logGet(43)) - raft.server.log.segment.size.max = 1048576 (custom)
2019-10-16 22:17:02,620 [pool-27-thread-1] INFO  server.RaftServerConfigKeys (ConfUtils.java:logGet(43)) - raft.server.log.segment.size.max = 1048576 (custom)
2019-10-16 22:17:02,621 [pool-47-thread-1] INFO  server.RaftServerConfigKeys (ConfUtils.java:logGet(43)) - raft.server.log.preallocated.size = 16384 (custom)
2019-10-16 22:17:02,621 [pool-27-thread-1] INFO  server.RaftServerConfigKeys (ConfUtils.java:logGet(43)) - raft.server.log.preallocated.size = 16384 (custom)
2019-10-16 22:17:02,621 [pool-47-thread-1] INFO  server.RaftServerConfigKeys (ConfUtils.java:logGet(43)) - raft.server.log.write.buffer.size = 33554432 (custom)
2019-10-16 22:17:02,621 [pool-27-thread-1] INFO  server.RaftServerConfigKeys (ConfUtils.java:logGet(43)) - raft.server.log.write.buffer.size = 33554432 (custom)
2019-10-16 22:17:02,621 [pool-47-thread-1] INFO  server.RaftServerConfigKeys (ConfUtils.java:logGet(43)) - raft.server.log.force.sync.num = 128 (default)
2019-10-16 22:17:02,621 [pool-27-thread-1] INFO  server.RaftServerConfigKeys (ConfUtils.java:logGet(43)) - raft.server.log.force.sync.num = 128 (default)
2019-10-16 22:17:02,621 [pool-47-thread-1] INFO  server.RaftServerConfigKeys (ConfUtils.java:logGet(43)) - raft.server.log.statemachine.data.sync = true (default)
2019-10-16 22:17:02,622 [pool-27-thread-1] INFO  server.RaftServerConfigKeys (ConfUtils.java:logGet(43)) - raft.server.log.statemachine.data.sync = true (default)
2019-10-16 22:17:02,622 [pool-47-thread-1] INFO  server.RaftServerConfigKeys (ConfUtils.java:logGet(43)) - raft.server.log.statemachine.data.sync.timeout = 10s (default)
2019-10-16 22:17:02,622 [pool-27-thread-1] INFO  server.RaftServerConfigKeys (ConfUtils.java:logGet(43)) - raft.server.log.statemachine.data.sync.timeout = 10s (default)
2019-10-16 22:17:02,622 [pool-27-thread-1] INFO  server.RaftServerConfigKeys (ConfUtils.java:logGet(43)) - raft.server.log.statemachine.data.sync.timeout.retry = -1 (default)
2019-10-16 22:17:02,622 [pool-47-thread-1] INFO  server.RaftServerConfigKeys (ConfUtils.java:logGet(43)) - raft.server.log.statemachine.data.sync.timeout.retry = -1 (default)
2019-10-16 22:17:02,622 [pool-27-thread-1] INFO  server.RaftServerConfigKeys (ConfUtils.java:logGet(43)) - raft.server.log.statemachine.data.caching.enabled = true (custom)
2019-10-16 22:17:02,622 [pool-47-thread-1] INFO  server.RaftServerConfigKeys (ConfUtils.java:logGet(43)) - raft.server.log.statemachine.data.caching.enabled = true (custom)
2019-10-16 22:17:02,623 [pool-27-thread-1] INFO  segmented.SegmentedRaftLogWorker (SegmentedRaftLogWorker.java:lambda$new$0(128)) - c08c50e8-12e3-4a9f-8d07-a31e7885cc60@group-C432D6B1530C-SegmentedRaftLogWorker: flushIndex: setUnconditionally 0 -> -1
2019-10-16 22:17:02,623 [pool-47-thread-1] INFO  segmented.SegmentedRaftLogWorker (SegmentedRaftLogWorker.java:lambda$new$0(128)) - 777be068-7a1c-4abf-ad8d-603801d8ac95@group-C432D6B1530C-SegmentedRaftLogWorker: flushIndex: setUnconditionally 0 -> -1
2019-10-16 22:17:02,623 [pool-27-thread-1] INFO  server.RaftServerConfigKeys (ConfUtils.java:logGet(43)) - raft.server.snapshot.auto.trigger.enabled = true (custom)
2019-10-16 22:17:02,623 [pool-47-thread-1] INFO  server.RaftServerConfigKeys (ConfUtils.java:logGet(43)) - raft.server.snapshot.auto.trigger.enabled = true (custom)
2019-10-16 22:17:02,623 [pool-27-thread-1] INFO  server.RaftServerConfigKeys (ConfUtils.java:logGet(43)) - raft.server.snapshot.auto.trigger.threshold = 10000 (custom)
2019-10-16 22:17:02,623 [pool-47-thread-1] INFO  server.RaftServerConfigKeys (ConfUtils.java:logGet(43)) - raft.server.snapshot.auto.trigger.threshold = 10000 (custom)
2019-10-16 22:17:02,623 [pool-27-thread-1] INFO  server.RaftServerConfigKeys (ConfUtils.java:logGet(43)) - raft.server.snapshot.retention.file.num = 5 (custom)
2019-10-16 22:17:02,623 [pool-47-thread-1] INFO  server.RaftServerConfigKeys (ConfUtils.java:logGet(43)) - raft.server.snapshot.retention.file.num = 5 (custom)
2019-10-16 22:17:02,623 [pool-27-thread-1] INFO  server.RaftServerConfigKeys (ConfUtils.java:logGet(43)) - raft.server.retrycache.expirytime = 600000ms (custom)
2019-10-16 22:17:02,623 [pool-47-thread-1] INFO  server.RaftServerConfigKeys (ConfUtils.java:logGet(43)) - raft.server.retrycache.expirytime = 600000ms (custom)
2019-10-16 22:17:02,627 [pool-27-thread-1] INFO  impl.RaftServerImpl (RaftServerImpl.java:start(195)) - c08c50e8-12e3-4a9f-8d07-a31e7885cc60@group-C432D6B1530C: start as a follower, conf=-1: [c877b40c-f70f-4e08-bb9d-91bddb5d6847:192.168.34.38:40232, 777be068-7a1c-4abf-ad8d-603801d8ac95:192.168.34.38:35329, c08c50e8-12e3-4a9f-8d07-a31e7885cc60:192.168.34.38:44255], old=null
2019-10-16 22:17:02,627 [pool-27-thread-1] INFO  impl.RaftServerImpl (RaftServerImpl.java:setRole(184)) - c08c50e8-12e3-4a9f-8d07-a31e7885cc60@group-C432D6B1530C: changes role from      null to FOLLOWER at term 0 for startAsFollower
2019-10-16 22:17:02,627 [pool-27-thread-1] INFO  impl.RoleInfo (RoleInfo.java:updateAndGet(143)) - c08c50e8-12e3-4a9f-8d07-a31e7885cc60: start FollowerState
2019-10-16 22:17:02,627 [pool-27-thread-1] INFO  util.JmxRegister (JmxRegister.java:tryRegister(44)) - Successfully registered JMX Bean with object name Ratis:service=RaftServer,group=group-C432D6B1530C,id=c08c50e8-12e3-4a9f-8d07-a31e7885cc60
2019-10-16 22:17:02,627 [pool-47-thread-1] INFO  impl.RaftServerImpl (RaftServerImpl.java:start(195)) - 777be068-7a1c-4abf-ad8d-603801d8ac95@group-C432D6B1530C: start as a follower, conf=-1: [c877b40c-f70f-4e08-bb9d-91bddb5d6847:192.168.34.38:40232, 777be068-7a1c-4abf-ad8d-603801d8ac95:192.168.34.38:35329, c08c50e8-12e3-4a9f-8d07-a31e7885cc60:192.168.34.38:44255], old=null
2019-10-16 22:17:02,627 [pool-47-thread-1] INFO  impl.RaftServerImpl (RaftServerImpl.java:setRole(184)) - 777be068-7a1c-4abf-ad8d-603801d8ac95@group-C432D6B1530C: changes role from      null to FOLLOWER at term 0 for startAsFollower
2019-10-16 22:17:02,627 [pool-47-thread-1] INFO  impl.RoleInfo (RoleInfo.java:updateAndGet(143)) - 777be068-7a1c-4abf-ad8d-603801d8ac95: start FollowerState
2019-10-16 22:17:02,628 [pool-47-thread-1] INFO  util.JmxRegister (JmxRegister.java:tryRegister(44)) - Successfully registered JMX Bean with object name Ratis:service=RaftServer,group=group-C432D6B1530C,id=777be068-7a1c-4abf-ad8d-603801d8ac95
2019-10-16 22:17:02,629 [pool-37-thread-1] INFO  storage.RaftStorage (RaftStorage.java:format(84)) - Storage directory /workdir/hadoop-ozone/tools/target/test-dir/MiniOzoneClusterImpl-f547a2d9-0c70-45d1-bc96-08b1275e21f1/datanode-1/data/ratis/d34c2592-a07e-434c-9b9c-c432d6b1530c has been successfully formatted.
2019-10-16 22:17:02,629 [pool-37-thread-1] INFO  ratis.ContainerStateMachine (ContainerStateMachine.java:loadSnapshot(233)) - group-C432D6B1530C: The snapshot info is null. Setting the last applied indexto:(t:0, i:~)
2019-10-16 22:17:02,630 [pool-37-thread-1] INFO  server.RaftServerConfigKeys (ConfUtils.java:logGet(43)) - raft.server.notification.no-leader.timeout = 120s (custom)
2019-10-16 22:17:02,630 [pool-37-thread-1] INFO  server.RaftServerConfigKeys (ConfUtils.java:logGet(43)) - raft.server.log.use.memory = false (default)
2019-10-16 22:17:02,631 [pool-37-thread-1] INFO  server.RaftServerConfigKeys (ConfUtils.java:logGet(43)) - raft.server.log.purge.gap = 1000000 (custom)
2019-10-16 22:17:02,631 [pool-37-thread-1] INFO  server.RaftServerConfigKeys (ConfUtils.java:logGet(43)) - raft.server.log.appender.buffer.byte-limit = 33554432 (custom)
2019-10-16 22:17:02,631 [pool-37-thread-1] INFO  server.RaftServerConfigKeys (ConfUtils.java:logGet(43)) - raft.server.log.segment.size.max = 1048576 (custom)
2019-10-16 22:17:02,631 [pool-37-thread-1] INFO  server.RaftServerConfigKeys (ConfUtils.java:logGet(43)) - raft.server.log.segment.cache.num.max = 2 (custom)
2019-10-16 22:17:02,631 [pool-37-thread-1] INFO  segmented.SegmentedRaftLogWorker (SegmentedRaftLogWorker.java:<init>(173)) - new c877b40c-f70f-4e08-bb9d-91bddb5d6847@group-C432D6B1530C-SegmentedRaftLogWorker for RaftStorage:Storage Directory /workdir/hadoop-ozone/tools/target/test-dir/MiniOzoneClusterImpl-f547a2d9-0c70-45d1-bc96-08b1275e21f1/datanode-1/data/ratis/d34c2592-a07e-434c-9b9c-c432d6b1530c
2019-10-16 22:17:02,631 [pool-37-thread-1] INFO  server.RaftServerConfigKeys (ConfUtils.java:logGet(43)) - raft.server.log.queue.byte-limit = 2147483647 (custom)
2019-10-16 22:17:02,631 [pool-37-thread-1] INFO  server.RaftServerConfigKeys (ConfUtils.java:logGet(43)) - raft.server.log.queue.element-limit = 1024 (custom)
2019-10-16 22:17:02,632 [pool-37-thread-1] INFO  server.RaftServerConfigKeys (ConfUtils.java:logGet(43)) - raft.server.log.segment.size.max = 1048576 (custom)
2019-10-16 22:17:02,632 [pool-37-thread-1] INFO  server.RaftServerConfigKeys (ConfUtils.java:logGet(43)) - raft.server.log.preallocated.size = 16384 (custom)
2019-10-16 22:17:02,632 [pool-37-thread-1] INFO  server.RaftServerConfigKeys (ConfUtils.java:logGet(43)) - raft.server.log.write.buffer.size = 33554432 (custom)
2019-10-16 22:17:02,632 [pool-37-thread-1] INFO  server.RaftServerConfigKeys (ConfUtils.java:logGet(43)) - raft.server.log.force.sync.num = 128 (default)
2019-10-16 22:17:02,632 [pool-37-thread-1] INFO  server.RaftServerConfigKeys (ConfUtils.java:logGet(43)) - raft.server.log.statemachine.data.sync = true (default)
2019-10-16 22:17:02,632 [pool-37-thread-1] INFO  server.RaftServerConfigKeys (ConfUtils.java:logGet(43)) - raft.server.log.statemachine.data.sync.timeout = 10s (default)
2019-10-16 22:17:02,632 [pool-37-thread-1] INFO  server.RaftServerConfigKeys (ConfUtils.java:logGet(43)) - raft.server.log.statemachine.data.sync.timeout.retry = -1 (default)
2019-10-16 22:17:02,632 [pool-37-thread-1] INFO  server.RaftServerConfigKeys (ConfUtils.java:logGet(43)) - raft.server.log.statemachine.data.caching.enabled = true (custom)
2019-10-16 22:17:02,633 [pool-37-thread-1] INFO  segmented.SegmentedRaftLogWorker (SegmentedRaftLogWorker.java:lambda$new$0(128)) - c877b40c-f70f-4e08-bb9d-91bddb5d6847@group-C432D6B1530C-SegmentedRaftLogWorker: flushIndex: setUnconditionally 0 -> -1
2019-10-16 22:17:02,633 [pool-37-thread-1] INFO  server.RaftServerConfigKeys (ConfUtils.java:logGet(43)) - raft.server.snapshot.auto.trigger.enabled = true (custom)
2019-10-16 22:17:02,633 [pool-37-thread-1] INFO  server.RaftServerConfigKeys (ConfUtils.java:logGet(43)) - raft.server.snapshot.auto.trigger.threshold = 10000 (custom)
2019-10-16 22:17:02,633 [pool-37-thread-1] INFO  server.RaftServerConfigKeys (ConfUtils.java:logGet(43)) - raft.server.snapshot.retention.file.num = 5 (custom)
2019-10-16 22:17:02,634 [pool-37-thread-1] INFO  server.RaftServerConfigKeys (ConfUtils.java:logGet(43)) - raft.server.retrycache.expirytime = 600000ms (custom)
2019-10-16 22:17:02,637 [pool-37-thread-1] INFO  impl.RaftServerImpl (RaftServerImpl.java:start(195)) - c877b40c-f70f-4e08-bb9d-91bddb5d6847@group-C432D6B1530C: start as a follower, conf=-1: [c877b40c-f70f-4e08-bb9d-91bddb5d6847:192.168.34.38:40232, 777be068-7a1c-4abf-ad8d-603801d8ac95:192.168.34.38:35329, c08c50e8-12e3-4a9f-8d07-a31e7885cc60:192.168.34.38:44255], old=null
2019-10-16 22:17:02,637 [pool-37-thread-1] INFO  impl.RaftServerImpl (RaftServerImpl.java:setRole(184)) - c877b40c-f70f-4e08-bb9d-91bddb5d6847@group-C432D6B1530C: changes role from      null to FOLLOWER at term 0 for startAsFollower
2019-10-16 22:17:02,637 [pool-37-thread-1] INFO  impl.RoleInfo (RoleInfo.java:updateAndGet(143)) - c877b40c-f70f-4e08-bb9d-91bddb5d6847: start FollowerState
2019-10-16 22:17:02,637 [pool-37-thread-1] INFO  util.JmxRegister (JmxRegister.java:tryRegister(44)) - Successfully registered JMX Bean with object name Ratis:service=RaftServer,group=group-C432D6B1530C,id=c877b40c-f70f-4e08-bb9d-91bddb5d6847
2019-10-16 22:17:02,644 [RatisPipelineUtilsThread] INFO  pipeline.PipelineStateManager (PipelineStateManager.java:addPipeline(57)) - Created pipeline Pipeline[ Id: d34c2592-a07e-434c-9b9c-c432d6b1530c, Nodes: c08c50e8-12e3-4a9f-8d07-a31e7885cc60{ip: 192.168.34.38, host: pr-hdds-1868-89kc4-1304904179, networkLocation: /default-rack, certSerialId: null}c877b40c-f70f-4e08-bb9d-91bddb5d6847{ip: 192.168.34.38, host: pr-hdds-1868-89kc4-1304904179, networkLocation: /default-rack, certSerialId: null}777be068-7a1c-4abf-ad8d-603801d8ac95{ip: 192.168.34.38, host: pr-hdds-1868-89kc4-1304904179, networkLocation: /default-rack, certSerialId: null}, Type:RATIS, Factor:THREE, State:ALLOCATED]
2019-10-16 22:17:02,702 [main] INFO  freon.RandomKeyGenerator (RandomKeyGenerator.java:call(283)) - Number of Threads: 10
2019-10-16 22:17:02,702 [main] INFO  freon.RandomKeyGenerator (RandomKeyGenerator.java:call(288)) - Number of Volumes: 1.
2019-10-16 22:17:02,702 [main] INFO  freon.RandomKeyGenerator (RandomKeyGenerator.java:call(289)) - Number of Buckets per Volume: 1.
2019-10-16 22:17:02,702 [main] INFO  freon.RandomKeyGenerator (RandomKeyGenerator.java:call(290)) - Number of Keys per Bucket: 1.
2019-10-16 22:17:02,702 [main] INFO  freon.RandomKeyGenerator (RandomKeyGenerator.java:call(291)) - Key size: 20971520 bytes
2019-10-16 22:17:02,702 [main] INFO  freon.RandomKeyGenerator (RandomKeyGenerator.java:call(292)) - Buffer size: 4096 bytes
2019-10-16 22:17:02,703 [main] INFO  freon.RandomKeyGenerator (RandomKeyGenerator.java:call(293)) - validateWrites : true
2019-10-16 22:17:02,703 [main] INFO  freon.RandomKeyGenerator (RandomKeyGenerator.java:call(307)) - Data validation is enabled.
2019-10-16 22:17:02,704 [main] INFO  freon.RandomKeyGenerator (RandomKeyGenerator.java:call(313)) - Starting progress bar Thread.

 0.00% |?                                                                                                    |  0/1 Time: 0:00:002019-10-16 22:17:02,704 [pool-59-thread-1] INFO  rpc.RpcClient (RpcClient.java:createVolume(272)) - Creating Volume: vol-0-34238, with jenkins1000 as owner.
2019-10-16 22:17:02,709 [IPC Server handler 2 on 34475] INFO  volume.OMVolumeCreateRequest (OMVolumeCreateRequest.java:validateAndUpdateCache(193)) - created volume:vol-0-34238 for user:jenkins1000
2019-10-16 22:17:02,725 [pool-59-thread-2] INFO  rpc.RpcClient (RpcClient.java:createBucket(411)) - Creating Bucket: vol-0-34238/bucket-0-31267, with Versioning false and Storage Type set to DISK and Encryption set to false 
2019-10-16 22:17:02,741 [IPC Server handler 0 on 33264] WARN  block.BlockManagerImpl (BlockManagerImpl.java:allocateBlock(200)) - Pipeline creation failed for type:RATIS factor:THREE. Retrying get pipelines call once.
org.apache.hadoop.hdds.scm.pipeline.InsufficientDatanodesException: Cannot create pipeline of factor 3 using 0 nodes.
	at org.apache.hadoop.hdds.scm.pipeline.RatisPipelineProvider.create(RatisPipelineProvider.java:153)
	at org.apache.hadoop.hdds.scm.pipeline.PipelineFactory.create(PipelineFactory.java:58)
	at org.apache.hadoop.hdds.scm.pipeline.SCMPipelineManager.createPipeline(SCMPipelineManager.java:155)
	at org.apache.hadoop.hdds.scm.block.BlockManagerImpl.allocateBlock(BlockManagerImpl.java:198)
	at org.apache.hadoop.hdds.scm.server.SCMBlockProtocolServer.allocateBlock(SCMBlockProtocolServer.java:182)
	at org.apache.hadoop.hdds.scm.protocol.ScmBlockLocationProtocolServerSideTranslatorPB.allocateScmBlock(ScmBlockLocationProtocolServerSideTranslatorPB.java:159)
	at org.apache.hadoop.hdds.scm.protocol.ScmBlockLocationProtocolServerSideTranslatorPB.processMessage(ScmBlockLocationProtocolServerSideTranslatorPB.java:117)
	at org.apache.hadoop.hdds.server.OzoneProtocolMessageDispatcher.processRequest(OzoneProtocolMessageDispatcher.java:72)
	at org.apache.hadoop.hdds.scm.protocol.ScmBlockLocationProtocolServerSideTranslatorPB.send(ScmBlockLocationProtocolServerSideTranslatorPB.java:98)
	at org.apache.hadoop.hdds.protocol.proto.ScmBlockLocationProtocolProtos$ScmBlockLocationProtocolService$2.callBlockingMethod(ScmBlockLocationProtocolProtos.java:13157)
	at org.apache.hadoop.ipc.ProtobufRpcEngine$Server$ProtoBufRpcInvoker.call(ProtobufRpcEngine.java:524)
	at org.apache.hadoop.ipc.RPC$Server.call(RPC.java:1025)
	at org.apache.hadoop.ipc.Server$RpcCall.run(Server.java:876)
	at org.apache.hadoop.ipc.Server$RpcCall.run(Server.java:822)
	at java.security.AccessController.doPrivileged(Native Method)
	at javax.security.auth.Subject.doAs(Subject.java:422)
	at org.apache.hadoop.security.UserGroupInformation.doAs(UserGroupInformation.java:1730)
	at org.apache.hadoop.ipc.Server$Handler.run(Server.java:2682)
2019-10-16 22:17:02,742 [IPC Server handler 0 on 33264] INFO  block.BlockManagerImpl (BlockManagerImpl.java:allocateBlock(212)) - Could not find available pipeline of type:RATIS and factor:THREE even after retrying
2019-10-16 22:17:02,742 [IPC Server handler 0 on 33264] ERROR block.BlockManagerImpl (BlockManagerImpl.java:allocateBlock(236)) - Unable to allocate a block for the size: 4194304, type: RATIS, factor: THREE
2019-10-16 22:17:02,743 [IPC Server handler 0 on 33264] WARN  block.BlockManagerImpl (BlockManagerImpl.java:allocateBlock(200)) - Pipeline creation failed for type:RATIS factor:THREE. Retrying get pipelines call once.
org.apache.hadoop.hdds.scm.pipeline.InsufficientDatanodesException: Cannot create pipeline of factor 3 using 0 nodes.
	at org.apache.hadoop.hdds.scm.pipeline.RatisPipelineProvider.create(RatisPipelineProvider.java:153)
	at org.apache.hadoop.hdds.scm.pipeline.PipelineFactory.create(PipelineFactory.java:58)
	at org.apache.hadoop.hdds.scm.pipeline.SCMPipelineManager.createPipeline(SCMPipelineManager.java:155)
	at org.apache.hadoop.hdds.scm.block.BlockManagerImpl.allocateBlock(BlockManagerImpl.java:198)
	at org.apache.hadoop.hdds.scm.server.SCMBlockProtocolServer.allocateBlock(SCMBlockProtocolServer.java:182)
	at org.apache.hadoop.hdds.scm.protocol.ScmBlockLocationProtocolServerSideTranslatorPB.allocateScmBlock(ScmBlockLocationProtocolServerSideTranslatorPB.java:159)
	at org.apache.hadoop.hdds.scm.protocol.ScmBlockLocationProtocolServerSideTranslatorPB.processMessage(ScmBlockLocationProtocolServerSideTranslatorPB.java:117)
	at org.apache.hadoop.hdds.server.OzoneProtocolMessageDispatcher.processRequest(OzoneProtocolMessageDispatcher.java:72)
	at org.apache.hadoop.hdds.scm.protocol.ScmBlockLocationProtocolServerSideTranslatorPB.send(ScmBlockLocationProtocolServerSideTranslatorPB.java:98)
	at org.apache.hadoop.hdds.protocol.proto.ScmBlockLocationProtocolProtos$ScmBlockLocationProtocolService$2.callBlockingMethod(ScmBlockLocationProtocolProtos.java:13157)
	at org.apache.hadoop.ipc.ProtobufRpcEngine$Server$ProtoBufRpcInvoker.call(ProtobufRpcEngine.java:524)
	at org.apache.hadoop.ipc.RPC$Server.call(RPC.java:1025)
	at org.apache.hadoop.ipc.Server$RpcCall.run(Server.java:876)
	at org.apache.hadoop.ipc.Server$RpcCall.run(Server.java:822)
	at java.security.AccessController.doPrivileged(Native Method)
	at javax.security.auth.Subject.doAs(Subject.java:422)
	at org.apache.hadoop.security.UserGroupInformation.doAs(UserGroupInformation.java:1730)
	at org.apache.hadoop.ipc.Server$Handler.run(Server.java:2682)
2019-10-16 22:17:02,743 [IPC Server handler 0 on 33264] INFO  block.BlockManagerImpl (BlockManagerImpl.java:allocateBlock(212)) - Could not find available pipeline of type:RATIS and factor:THREE even after retrying
2019-10-16 22:17:02,743 [IPC Server handler 0 on 33264] ERROR block.BlockManagerImpl (BlockManagerImpl.java:allocateBlock(236)) - Unable to allocate a block for the size: 4194304, type: RATIS, factor: THREE
2019-10-16 22:17:02,744 [IPC Server handler 0 on 33264] WARN  block.BlockManagerImpl (BlockManagerImpl.java:allocateBlock(200)) - Pipeline creation failed for type:RATIS factor:THREE. Retrying get pipelines call once.
org.apache.hadoop.hdds.scm.pipeline.InsufficientDatanodesException: Cannot create pipeline of factor 3 using 0 nodes.
	at org.apache.hadoop.hdds.scm.pipeline.RatisPipelineProvider.create(RatisPipelineProvider.java:153)
	at org.apache.hadoop.hdds.scm.pipeline.PipelineFactory.create(PipelineFactory.java:58)
	at org.apache.hadoop.hdds.scm.pipeline.SCMPipelineManager.createPipeline(SCMPipelineManager.java:155)
	at org.apache.hadoop.hdds.scm.block.BlockManagerImpl.allocateBlock(BlockManagerImpl.java:198)
	at org.apache.hadoop.hdds.scm.server.SCMBlockProtocolServer.allocateBlock(SCMBlockProtocolServer.java:182)
	at org.apache.hadoop.hdds.scm.protocol.ScmBlockLocationProtocolServerSideTranslatorPB.allocateScmBlock(ScmBlockLocationProtocolServerSideTranslatorPB.java:159)
	at org.apache.hadoop.hdds.scm.protocol.ScmBlockLocationProtocolServerSideTranslatorPB.processMessage(ScmBlockLocationProtocolServerSideTranslatorPB.java:117)
	at org.apache.hadoop.hdds.server.OzoneProtocolMessageDispatcher.processRequest(OzoneProtocolMessageDispatcher.java:72)
	at org.apache.hadoop.hdds.scm.protocol.ScmBlockLocationProtocolServerSideTranslatorPB.send(ScmBlockLocationProtocolServerSideTranslatorPB.java:98)
	at org.apache.hadoop.hdds.protocol.proto.ScmBlockLocationProtocolProtos$ScmBlockLocationProtocolService$2.callBlockingMethod(ScmBlockLocationProtocolProtos.java:13157)
	at org.apache.hadoop.ipc.ProtobufRpcEngine$Server$ProtoBufRpcInvoker.call(ProtobufRpcEngine.java:524)
	at org.apache.hadoop.ipc.RPC$Server.call(RPC.java:1025)
	at org.apache.hadoop.ipc.Server$RpcCall.run(Server.java:876)
	at org.apache.hadoop.ipc.Server$RpcCall.run(Server.java:822)
	at java.security.AccessController.doPrivileged(Native Method)
	at javax.security.auth.Subject.doAs(Subject.java:422)
	at org.apache.hadoop.security.UserGroupInformation.doAs(UserGroupInformation.java:1730)
	at org.apache.hadoop.ipc.Server$Handler.run(Server.java:2682)
2019-10-16 22:17:02,744 [IPC Server handler 0 on 33264] INFO  block.BlockManagerImpl (BlockManagerImpl.java:allocateBlock(212)) - Could not find available pipeline of type:RATIS and factor:THREE even after retrying
2019-10-16 22:17:02,745 [IPC Server handler 0 on 33264] ERROR block.BlockManagerImpl (BlockManagerImpl.java:allocateBlock(236)) - Unable to allocate a block for the size: 4194304, type: RATIS, factor: THREE
2019-10-16 22:17:02,745 [IPC Server handler 0 on 33264] WARN  block.BlockManagerImpl (BlockManagerImpl.java:allocateBlock(200)) - Pipeline creation failed for type:RATIS factor:THREE. Retrying get pipelines call once.
org.apache.hadoop.hdds.scm.pipeline.InsufficientDatanodesException: Cannot create pipeline of factor 3 using 0 nodes.
	at org.apache.hadoop.hdds.scm.pipeline.RatisPipelineProvider.create(RatisPipelineProvider.java:153)
	at org.apache.hadoop.hdds.scm.pipeline.PipelineFactory.create(PipelineFactory.java:58)
	at org.apache.hadoop.hdds.scm.pipeline.SCMPipelineManager.createPipeline(SCMPipelineManager.java:155)
	at org.apache.hadoop.hdds.scm.block.BlockManagerImpl.allocateBlock(BlockManagerImpl.java:198)
	at org.apache.hadoop.hdds.scm.server.SCMBlockProtocolServer.allocateBlock(SCMBlockProtocolServer.java:182)
	at org.apache.hadoop.hdds.scm.protocol.ScmBlockLocationProtocolServerSideTranslatorPB.allocateScmBlock(ScmBlockLocationProtocolServerSideTranslatorPB.java:159)
	at org.apache.hadoop.hdds.scm.protocol.ScmBlockLocationProtocolServerSideTranslatorPB.processMessage(ScmBlockLocationProtocolServerSideTranslatorPB.java:117)
	at org.apache.hadoop.hdds.server.OzoneProtocolMessageDispatcher.processRequest(OzoneProtocolMessageDispatcher.java:72)
	at org.apache.hadoop.hdds.scm.protocol.ScmBlockLocationProtocolServerSideTranslatorPB.send(ScmBlockLocationProtocolServerSideTranslatorPB.java:98)
	at org.apache.hadoop.hdds.protocol.proto.ScmBlockLocationProtocolProtos$ScmBlockLocationProtocolService$2.callBlockingMethod(ScmBlockLocationProtocolProtos.java:13157)
	at org.apache.hadoop.ipc.ProtobufRpcEngine$Server$ProtoBufRpcInvoker.call(ProtobufRpcEngine.java:524)
	at org.apache.hadoop.ipc.RPC$Server.call(RPC.java:1025)
	at org.apache.hadoop.ipc.Server$RpcCall.run(Server.java:876)
	at org.apache.hadoop.ipc.Server$RpcCall.run(Server.java:822)
	at java.security.AccessController.doPrivileged(Native Method)
	at javax.security.auth.Subject.doAs(Subject.java:422)
	at org.apache.hadoop.security.UserGroupInformation.doAs(UserGroupInformation.java:1730)
	at org.apache.hadoop.ipc.Server$Handler.run(Server.java:2682)
2019-10-16 22:17:02,746 [IPC Server handler 0 on 33264] INFO  block.BlockManagerImpl (BlockManagerImpl.java:allocateBlock(212)) - Could not find available pipeline of type:RATIS and factor:THREE even after retrying
2019-10-16 22:17:02,746 [IPC Server handler 0 on 33264] ERROR block.BlockManagerImpl (BlockManagerImpl.java:allocateBlock(236)) - Unable to allocate a block for the size: 4194304, type: RATIS, factor: THREE
2019-10-16 22:17:02,746 [IPC Server handler 0 on 33264] WARN  block.BlockManagerImpl (BlockManagerImpl.java:allocateBlock(200)) - Pipeline creation failed for type:RATIS factor:THREE. Retrying get pipelines call once.
org.apache.hadoop.hdds.scm.pipeline.InsufficientDatanodesException: Cannot create pipeline of factor 3 using 0 nodes.
	at org.apache.hadoop.hdds.scm.pipeline.RatisPipelineProvider.create(RatisPipelineProvider.java:153)
	at org.apache.hadoop.hdds.scm.pipeline.PipelineFactory.create(PipelineFactory.java:58)
	at org.apache.hadoop.hdds.scm.pipeline.SCMPipelineManager.createPipeline(SCMPipelineManager.java:155)
	at org.apache.hadoop.hdds.scm.block.BlockManagerImpl.allocateBlock(BlockManagerImpl.java:198)
	at org.apache.hadoop.hdds.scm.server.SCMBlockProtocolServer.allocateBlock(SCMBlockProtocolServer.java:182)
	at org.apache.hadoop.hdds.scm.protocol.ScmBlockLocationProtocolServerSideTranslatorPB.allocateScmBlock(ScmBlockLocationProtocolServerSideTranslatorPB.java:159)
	at org.apache.hadoop.hdds.scm.protocol.ScmBlockLocationProtocolServerSideTranslatorPB.processMessage(ScmBlockLocationProtocolServerSideTranslatorPB.java:117)
	at org.apache.hadoop.hdds.server.OzoneProtocolMessageDispatcher.processRequest(OzoneProtocolMessageDispatcher.java:72)
	at org.apache.hadoop.hdds.scm.protocol.ScmBlockLocationProtocolServerSideTranslatorPB.send(ScmBlockLocationProtocolServerSideTranslatorPB.java:98)
	at org.apache.hadoop.hdds.protocol.proto.ScmBlockLocationProtocolProtos$ScmBlockLocationProtocolService$2.callBlockingMethod(ScmBlockLocationProtocolProtos.java:13157)
	at org.apache.hadoop.ipc.ProtobufRpcEngine$Server$ProtoBufRpcInvoker.call(ProtobufRpcEngine.java:524)
	at org.apache.hadoop.ipc.RPC$Server.call(RPC.java:1025)
	at org.apache.hadoop.ipc.Server$RpcCall.run(Server.java:876)
	at org.apache.hadoop.ipc.Server$RpcCall.run(Server.java:822)
	at java.security.AccessController.doPrivileged(Native Method)
	at javax.security.auth.Subject.doAs(Subject.java:422)
	at org.apache.hadoop.security.UserGroupInformation.doAs(UserGroupInformation.java:1730)
	at org.apache.hadoop.ipc.Server$Handler.run(Server.java:2682)
2019-10-16 22:17:02,746 [IPC Server handler 0 on 33264] INFO  block.BlockManagerImpl (BlockManagerImpl.java:allocateBlock(212)) - Could not find available pipeline of type:RATIS and factor:THREE even after retrying
2019-10-16 22:17:02,747 [IPC Server handler 0 on 33264] ERROR block.BlockManagerImpl (BlockManagerImpl.java:allocateBlock(236)) - Unable to allocate a block for the size: 4194304, type: RATIS, factor: THREE
2019-10-16 22:17:02,749 [pool-59-thread-3] ERROR freon.RandomKeyGenerator (RandomKeyGenerator.java:createKey(733)) - Exception while adding key: key-0-21872 in bucket: bucket-0-31267 of volume: vol-0-34238.
INTERNAL_ERROR org.apache.hadoop.ozone.om.exceptions.OMException: Allocated 0 blocks. Requested 5 blocks
	at org.apache.hadoop.ozone.om.protocolPB.OzoneManagerProtocolClientSideTranslatorPB.handleError(OzoneManagerProtocolClientSideTranslatorPB.java:732)
	at org.apache.hadoop.ozone.om.protocolPB.OzoneManagerProtocolClientSideTranslatorPB.openKey(OzoneManagerProtocolClientSideTranslatorPB.java:723)
	at sun.reflect.NativeMethodAccessorImpl.invoke0(Native Method)
	at sun.reflect.NativeMethodAccessorImpl.invoke(NativeMethodAccessorImpl.java:62)
	at sun.reflect.DelegatingMethodAccessorImpl.invoke(DelegatingMethodAccessorImpl.java:43)
	at java.lang.reflect.Method.invoke(Method.java:498)
	at org.apache.hadoop.hdds.tracing.TraceAllMethod.invoke(TraceAllMethod.java:66)
	at com.sun.proxy.$Proxy37.openKey(Unknown Source)
	at org.apache.hadoop.ozone.client.rpc.RpcClient.createKey(RpcClient.java:614)
	at org.apache.hadoop.ozone.client.OzoneBucket.createKey(OzoneBucket.java:325)
	at org.apache.hadoop.ozone.freon.RandomKeyGenerator.createKey(RandomKeyGenerator.java:695)
	at org.apache.hadoop.ozone.freon.RandomKeyGenerator.access$1100(RandomKeyGenerator.java:88)
	at org.apache.hadoop.ozone.freon.RandomKeyGenerator$ObjectCreator.run(RandomKeyGenerator.java:615)
	at java.util.concurrent.Executors$RunnableAdapter.call(Executors.java:511)
	at java.util.concurrent.FutureTask.run(FutureTask.java:266)
	at java.util.concurrent.ThreadPoolExecutor.runWorker(ThreadPoolExecutor.java:1149)
	at java.util.concurrent.ThreadPoolExecutor$Worker.run(ThreadPoolExecutor.java:624)
	at java.lang.Thread.run(Thread.java:748)
2019-10-16 22:17:02,762 [Thread-480] INFO  impl.FollowerState (FollowerState.java:run(108)) - c877b40c-f70f-4e08-bb9d-91bddb5d6847@group-C432D6B1530C-FollowerState: change to CANDIDATE, lastRpcTime:125ms, electionTimeout:125ms
2019-10-16 22:17:02,762 [Thread-480] INFO  impl.RoleInfo (RoleInfo.java:shutdownFollowerState(121)) - c877b40c-f70f-4e08-bb9d-91bddb5d6847: shutdown FollowerState
2019-10-16 22:17:02,762 [Thread-480] INFO  impl.RaftServerImpl (RaftServerImpl.java:setRole(184)) - c877b40c-f70f-4e08-bb9d-91bddb5d6847@group-C432D6B1530C: changes role from  FOLLOWER to CANDIDATE at term 0 for changeToCandidate
2019-10-16 22:17:02,763 [Thread-480] INFO  impl.RoleInfo (RoleInfo.java:updateAndGet(143)) - c877b40c-f70f-4e08-bb9d-91bddb5d6847: start LeaderElection
2019-10-16 22:17:02,768 [c877b40c-f70f-4e08-bb9d-91bddb5d6847@group-C432D6B1530C-LeaderElection6] INFO  impl.LeaderElection (LeaderElection.java:askForVotes(178)) - c877b40c-f70f-4e08-bb9d-91bddb5d6847@group-C432D6B1530C-LeaderElection6: begin an election at term 1 for -1: [c877b40c-f70f-4e08-bb9d-91bddb5d6847:192.168.34.38:40232, 777be068-7a1c-4abf-ad8d-603801d8ac95:192.168.34.38:35329, c08c50e8-12e3-4a9f-8d07-a31e7885cc60:192.168.34.38:44255], old=null
2019-10-16 22:17:02,775 [grpc-default-executor-2] INFO  impl.RaftServerImpl (RaftServerImpl.java:setRole(184)) - 777be068-7a1c-4abf-ad8d-603801d8ac95@group-C432D6B1530C: changes role from  FOLLOWER to FOLLOWER at term 1 for recognizeCandidate:c877b40c-f70f-4e08-bb9d-91bddb5d6847
2019-10-16 22:17:02,776 [grpc-default-executor-0] INFO  impl.RaftServerImpl (RaftServerImpl.java:setRole(184)) - c08c50e8-12e3-4a9f-8d07-a31e7885cc60@group-C432D6B1530C: changes role from  FOLLOWER to FOLLOWER at term 1 for recognizeCandidate:c877b40c-f70f-4e08-bb9d-91bddb5d6847
2019-10-16 22:17:02,776 [grpc-default-executor-2] INFO  impl.RoleInfo (RoleInfo.java:shutdownFollowerState(121)) - 777be068-7a1c-4abf-ad8d-603801d8ac95: shutdown FollowerState
2019-10-16 22:17:02,776 [grpc-default-executor-0] INFO  impl.RoleInfo (RoleInfo.java:shutdownFollowerState(121)) - c08c50e8-12e3-4a9f-8d07-a31e7885cc60: shutdown FollowerState
2019-10-16 22:17:02,776 [Thread-476] INFO  impl.FollowerState (FollowerState.java:run(117)) - 777be068-7a1c-4abf-ad8d-603801d8ac95@group-C432D6B1530C-FollowerState was interrupted: java.lang.InterruptedException: sleep interrupted
2019-10-16 22:17:02,776 [grpc-default-executor-2] INFO  impl.RoleInfo (RoleInfo.java:updateAndGet(143)) - 777be068-7a1c-4abf-ad8d-603801d8ac95: start FollowerState
2019-10-16 22:17:02,776 [grpc-default-executor-0] INFO  impl.RoleInfo (RoleInfo.java:updateAndGet(143)) - c08c50e8-12e3-4a9f-8d07-a31e7885cc60: start FollowerState
2019-10-16 22:17:02,776 [Thread-475] INFO  impl.FollowerState (FollowerState.java:run(117)) - c08c50e8-12e3-4a9f-8d07-a31e7885cc60@group-C432D6B1530C-FollowerState was interrupted: java.lang.InterruptedException: sleep interrupted
2019-10-16 22:17:02,806 [c877b40c-f70f-4e08-bb9d-91bddb5d6847@group-C432D6B1530C-LeaderElection6] INFO  impl.LeaderElection (LeaderElection.java:logAndReturn(56)) - c877b40c-f70f-4e08-bb9d-91bddb5d6847@group-C432D6B1530C-LeaderElection6: Election PASSED; received 1 response(s) [c877b40c-f70f-4e08-bb9d-91bddb5d6847<-777be068-7a1c-4abf-ad8d-603801d8ac95#0:OK-t1] and 0 exception(s); c877b40c-f70f-4e08-bb9d-91bddb5d6847@group-C432D6B1530C:t1, leader=null, voted=c877b40c-f70f-4e08-bb9d-91bddb5d6847, raftlog=c877b40c-f70f-4e08-bb9d-91bddb5d6847@group-C432D6B1530C-SegmentedRaftLog:OPENED:c-1,f-1,i0, conf=-1: [c877b40c-f70f-4e08-bb9d-91bddb5d6847:192.168.34.38:40232, 777be068-7a1c-4abf-ad8d-603801d8ac95:192.168.34.38:35329, c08c50e8-12e3-4a9f-8d07-a31e7885cc60:192.168.34.38:44255], old=null
2019-10-16 22:17:02,806 [c877b40c-f70f-4e08-bb9d-91bddb5d6847@group-C432D6B1530C-LeaderElection6] INFO  impl.RoleInfo (RoleInfo.java:shutdownLeaderElection(134)) - c877b40c-f70f-4e08-bb9d-91bddb5d6847: shutdown LeaderElection
2019-10-16 22:17:02,806 [c877b40c-f70f-4e08-bb9d-91bddb5d6847@group-C432D6B1530C-LeaderElection6] INFO  impl.RaftServerImpl (RaftServerImpl.java:setRole(184)) - c877b40c-f70f-4e08-bb9d-91bddb5d6847@group-C432D6B1530C: changes role from CANDIDATE to LEADER at term 1 for changeToLeader
2019-10-16 22:17:02,806 [c877b40c-f70f-4e08-bb9d-91bddb5d6847@group-C432D6B1530C-LeaderElection6] INFO  ratis.XceiverServerRatis (XceiverServerRatis.java:handleLeaderChangedNotification(700)) - Leader change notification received for group: group-C432D6B1530C with new leaderId: c877b40c-f70f-4e08-bb9d-91bddb5d6847
2019-10-16 22:17:02,808 [c877b40c-f70f-4e08-bb9d-91bddb5d6847@group-C432D6B1530C-LeaderElection6] INFO  impl.RaftServerImpl (ServerState.java:setLeader(256)) - c877b40c-f70f-4e08-bb9d-91bddb5d6847@group-C432D6B1530C: change Leader from null to c877b40c-f70f-4e08-bb9d-91bddb5d6847 at term 1 for becomeLeader, leader elected after 176ms
2019-10-16 22:17:02,808 [c877b40c-f70f-4e08-bb9d-91bddb5d6847@group-C432D6B1530C-LeaderElection6] INFO  server.RaftServerConfigKeys (ConfUtils.java:logGet(43)) - raft.server.staging.catchup.gap = 1000 (default)
2019-10-16 22:17:02,808 [c877b40c-f70f-4e08-bb9d-91bddb5d6847@group-C432D6B1530C-LeaderElection6] INFO  server.RaftServerConfigKeys (ConfUtils.java:logGet(43)) - raft.server.rpc.sleep.time = 25ms (default)
2019-10-16 22:17:02,808 [c877b40c-f70f-4e08-bb9d-91bddb5d6847@group-C432D6B1530C-LeaderElection6] INFO  server.RaftServerConfigKeys (ConfUtils.java:logGet(43)) - raft.server.write.element-limit = 4096 (default)
2019-10-16 22:17:02,809 [c877b40c-f70f-4e08-bb9d-91bddb5d6847@group-C432D6B1530C-LeaderElection6] INFO  server.RaftServerConfigKeys (ConfUtils.java:logGet(43)) - raft.server.watch.timeout = 10s (default)
2019-10-16 22:17:02,809 [c877b40c-f70f-4e08-bb9d-91bddb5d6847@group-C432D6B1530C-LeaderElection6] INFO  server.RaftServerConfigKeys (ConfUtils.java:logGet(43)) - raft.server.watch.timeout.denomination = 1s (default)
2019-10-16 22:17:02,809 [c877b40c-f70f-4e08-bb9d-91bddb5d6847@group-C432D6B1530C-LeaderElection6] INFO  server.RaftServerConfigKeys (ConfUtils.java:logGet(43)) - raft.server.watch.element-limit = 65536 (default)
2019-10-16 22:17:02,809 [EventQueue-PipelineReportForPipelineReportHandler] INFO  pipeline.PipelineReportHandler (PipelineReportHandler.java:processPipelineReport(119)) - Pipeline PipelineID=d34c2592-a07e-434c-9b9c-c432d6b1530c reported by c877b40c-f70f-4e08-bb9d-91bddb5d6847{ip: 192.168.34.38, host: pr-hdds-1868-89kc4-1304904179, networkLocation: /default-rack, certSerialId: null} with leaderId c877b40c-f70f-4e08-bb9d-91bddb5d6847
2019-10-16 22:17:02,812 [c877b40c-f70f-4e08-bb9d-91bddb5d6847@group-C432D6B1530C-LeaderElection6] INFO  server.RaftServerConfigKeys (ConfUtils.java:logGet(43)) - raft.server.log.appender.snapshot.chunk.size.max = 16MB (=16777216) (default)
2019-10-16 22:17:02,812 [c877b40c-f70f-4e08-bb9d-91bddb5d6847@group-C432D6B1530C-LeaderElection6] INFO  server.RaftServerConfigKeys (ConfUtils.java:logGet(43)) - raft.server.log.appender.buffer.byte-limit = 33554432 (custom)
2019-10-16 22:17:02,812 [c877b40c-f70f-4e08-bb9d-91bddb5d6847@group-C432D6B1530C-LeaderElection6] INFO  server.RaftServerConfigKeys (ConfUtils.java:logGet(43)) - raft.server.log.appender.buffer.element-limit = 1 (custom)
2019-10-16 22:17:02,812 [c877b40c-f70f-4e08-bb9d-91bddb5d6847@group-C432D6B1530C-LeaderElection6] INFO  grpc.GrpcConfigKeys$Server (ConfUtils.java:logGet(43)) - raft.grpc.server.leader.outstanding.appends.max = 128 (default)
2019-10-16 22:17:02,812 [c877b40c-f70f-4e08-bb9d-91bddb5d6847@group-C432D6B1530C-LeaderElection6] INFO  server.RaftServerConfigKeys (ConfUtils.java:logGet(43)) - raft.server.rpc.request.timeout = 3000ms (default)
2019-10-16 22:17:02,812 [c877b40c-f70f-4e08-bb9d-91bddb5d6847@group-C432D6B1530C-LeaderElection6] INFO  server.RaftServerConfigKeys (ConfUtils.java:logGet(43)) - raft.server.log.appender.install.snapshot.enabled = false (custom)
2019-10-16 22:17:02,814 [c877b40c-f70f-4e08-bb9d-91bddb5d6847@group-C432D6B1530C-LeaderElection6] INFO  server.RaftServerConfigKeys (ConfUtils.java:logGet(43)) - raft.server.log.appender.snapshot.chunk.size.max = 16MB (=16777216) (default)
2019-10-16 22:17:02,814 [c877b40c-f70f-4e08-bb9d-91bddb5d6847@group-C432D6B1530C-LeaderElection6] INFO  server.RaftServerConfigKeys (ConfUtils.java:logGet(43)) - raft.server.log.appender.buffer.byte-limit = 33554432 (custom)
2019-10-16 22:17:02,814 [c877b40c-f70f-4e08-bb9d-91bddb5d6847@group-C432D6B1530C-LeaderElection6] INFO  server.RaftServerConfigKeys (ConfUtils.java:logGet(43)) - raft.server.log.appender.buffer.element-limit = 1 (custom)
2019-10-16 22:17:02,814 [c877b40c-f70f-4e08-bb9d-91bddb5d6847@group-C432D6B1530C-LeaderElection6] INFO  grpc.GrpcConfigKeys$Server (ConfUtils.java:logGet(43)) - raft.grpc.server.leader.outstanding.appends.max = 128 (default)
2019-10-16 22:17:02,815 [c877b40c-f70f-4e08-bb9d-91bddb5d6847@group-C432D6B1530C-LeaderElection6] INFO  server.RaftServerConfigKeys (ConfUtils.java:logGet(43)) - raft.server.rpc.request.timeout = 3000ms (default)
2019-10-16 22:17:02,815 [c877b40c-f70f-4e08-bb9d-91bddb5d6847@group-C432D6B1530C-LeaderElection6] INFO  server.RaftServerConfigKeys (ConfUtils.java:logGet(43)) - raft.server.log.appender.install.snapshot.enabled = false (custom)
2019-10-16 22:17:02,816 [c877b40c-f70f-4e08-bb9d-91bddb5d6847@group-C432D6B1530C-LeaderElection6] INFO  impl.RoleInfo (RoleInfo.java:updateAndGet(143)) - c877b40c-f70f-4e08-bb9d-91bddb5d6847: start LeaderState
2019-10-16 22:17:02,817 [c877b40c-f70f-4e08-bb9d-91bddb5d6847@group-C432D6B1530C-LeaderElection6] INFO  segmented.SegmentedRaftLogWorker (SegmentedRaftLogWorker.java:startLogSegment(385)) - c877b40c-f70f-4e08-bb9d-91bddb5d6847@group-C432D6B1530C-SegmentedRaftLogWorker: Starting segment from index:0
2019-10-16 22:17:02,817 [c877b40c-f70f-4e08-bb9d-91bddb5d6847@group-C432D6B1530C-LeaderElection6] INFO  impl.RaftServerImpl (ServerState.java:setRaftConf(357)) - c877b40c-f70f-4e08-bb9d-91bddb5d6847@group-C432D6B1530C: set configuration 0: [c877b40c-f70f-4e08-bb9d-91bddb5d6847:192.168.34.38:40232, 777be068-7a1c-4abf-ad8d-603801d8ac95:192.168.34.38:35329, c08c50e8-12e3-4a9f-8d07-a31e7885cc60:192.168.34.38:44255], old=null at 0
2019-10-16 22:17:02,843 [Thread-489] INFO  impl.FollowerState (FollowerState.java:run(108)) - c08c50e8-12e3-4a9f-8d07-a31e7885cc60@group-C432D6B1530C-FollowerState: change to CANDIDATE, lastRpcTime:67ms, electionTimeout:65ms
2019-10-16 22:17:02,844 [Thread-489] INFO  impl.RoleInfo (RoleInfo.java:shutdownFollowerState(121)) - c08c50e8-12e3-4a9f-8d07-a31e7885cc60: shutdown FollowerState
2019-10-16 22:17:02,844 [Thread-489] INFO  impl.RaftServerImpl (RaftServerImpl.java:setRole(184)) - c08c50e8-12e3-4a9f-8d07-a31e7885cc60@group-C432D6B1530C: changes role from  FOLLOWER to CANDIDATE at term 1 for changeToCandidate
2019-10-16 22:17:02,844 [Thread-489] INFO  impl.RoleInfo (RoleInfo.java:updateAndGet(143)) - c08c50e8-12e3-4a9f-8d07-a31e7885cc60: start LeaderElection
2019-10-16 22:17:02,846 [grpc-default-executor-0] INFO  ratis.XceiverServerRatis (XceiverServerRatis.java:handleLeaderChangedNotification(700)) - Leader change notification received for group: group-C432D6B1530C with new leaderId: c877b40c-f70f-4e08-bb9d-91bddb5d6847
2019-10-16 22:17:02,846 [c877b40c-f70f-4e08-bb9d-91bddb5d6847@group-C432D6B1530C-SegmentedRaftLogWorker] INFO  segmented.SegmentedRaftLogWorker (SegmentedRaftLogWorker.java:execute(576)) - c877b40c-f70f-4e08-bb9d-91bddb5d6847@group-C432D6B1530C-SegmentedRaftLogWorker: created new log segment /workdir/hadoop-ozone/tools/target/test-dir/MiniOzoneClusterImpl-f547a2d9-0c70-45d1-bc96-08b1275e21f1/datanode-1/data/ratis/d34c2592-a07e-434c-9b9c-c432d6b1530c/current/log_inprogress_0
2019-10-16 22:17:02,847 [grpc-default-executor-0] INFO  impl.RaftServerImpl (ServerState.java:setLeader(256)) - 777be068-7a1c-4abf-ad8d-603801d8ac95@group-C432D6B1530C: change Leader from null to c877b40c-f70f-4e08-bb9d-91bddb5d6847 at term 1 for appendEntries, leader elected after 227ms
2019-10-16 22:17:02,848 [EventQueue-PipelineReportForPipelineReportHandler] INFO  pipeline.PipelineReportHandler (PipelineReportHandler.java:processPipelineReport(119)) - Pipeline PipelineID=d34c2592-a07e-434c-9b9c-c432d6b1530c reported by 777be068-7a1c-4abf-ad8d-603801d8ac95{ip: 192.168.34.38, host: pr-hdds-1868-89kc4-1304904179, networkLocation: /default-rack, certSerialId: null} with leaderId c877b40c-f70f-4e08-bb9d-91bddb5d6847
2019-10-16 22:17:02,849 [grpc-default-executor-0] INFO  impl.RaftServerImpl (ServerState.java:setRaftConf(357)) - 777be068-7a1c-4abf-ad8d-603801d8ac95@group-C432D6B1530C: set configuration 0: [c877b40c-f70f-4e08-bb9d-91bddb5d6847:192.168.34.38:40232, 777be068-7a1c-4abf-ad8d-603801d8ac95:192.168.34.38:35329, c08c50e8-12e3-4a9f-8d07-a31e7885cc60:192.168.34.38:44255], old=null at 0
2019-10-16 22:17:02,849 [grpc-default-executor-0] INFO  segmented.SegmentedRaftLogWorker (SegmentedRaftLogWorker.java:startLogSegment(385)) - 777be068-7a1c-4abf-ad8d-603801d8ac95@group-C432D6B1530C-SegmentedRaftLogWorker: Starting segment from index:0
2019-10-16 22:17:02,852 [c08c50e8-12e3-4a9f-8d07-a31e7885cc60@group-C432D6B1530C-LeaderElection7] INFO  impl.LeaderElection (LeaderElection.java:askForVotes(178)) - c08c50e8-12e3-4a9f-8d07-a31e7885cc60@group-C432D6B1530C-LeaderElection7: begin an election at term 2 for -1: [c877b40c-f70f-4e08-bb9d-91bddb5d6847:192.168.34.38:40232, 777be068-7a1c-4abf-ad8d-603801d8ac95:192.168.34.38:35329, c08c50e8-12e3-4a9f-8d07-a31e7885cc60:192.168.34.38:44255], old=null
2019-10-16 22:17:02,853 [Thread-490] INFO  impl.RaftServerImpl (ServerState.java:setLeader(256)) - c877b40c-f70f-4e08-bb9d-91bddb5d6847@group-C432D6B1530C: change Leader from c877b40c-f70f-4e08-bb9d-91bddb5d6847 to null at term 2 for updateCurrentTerm
2019-10-16 22:17:02,853 [Thread-490] INFO  impl.RaftServerImpl (RaftServerImpl.java:setRole(184)) - c877b40c-f70f-4e08-bb9d-91bddb5d6847@group-C432D6B1530C: changes role from    LEADER to FOLLOWER at term 2 for stepDown
2019-10-16 22:17:02,873 [Thread-490] INFO  impl.RoleInfo (RoleInfo.java:shutdownLeaderState(104)) - c877b40c-f70f-4e08-bb9d-91bddb5d6847: shutdown LeaderState
2019-10-16 22:17:02,875 [org.apache.ratis.server.impl.LogAppender$AppenderDaemon$$Lambda$421/1599431279@3aa607ee] WARN  server.GrpcLogAppender (GrpcLogAppender.java:mayWait(149)) - c877b40c-f70f-4e08-bb9d-91bddb5d6847@group-C432D6B1530C->c08c50e8-12e3-4a9f-8d07-a31e7885cc60-GrpcLogAppender: Wait interrupted by java.lang.InterruptedException
2019-10-16 22:17:02,875 [org.apache.ratis.server.impl.LogAppender$AppenderDaemon$$Lambda$421/1599431279@b678c15] WARN  server.GrpcLogAppender (GrpcLogAppender.java:mayWait(149)) - c877b40c-f70f-4e08-bb9d-91bddb5d6847@group-C432D6B1530C->777be068-7a1c-4abf-ad8d-603801d8ac95-GrpcLogAppender: Wait interrupted by java.lang.InterruptedException
2019-10-16 22:17:02,875 [Thread-490] INFO  impl.PendingRequests (PendingRequests.java:sendNotLeaderResponses(202)) - c877b40c-f70f-4e08-bb9d-91bddb5d6847@group-C432D6B1530C-PendingRequests: sendNotLeaderResponses
2019-10-16 22:17:02,875 [grpc-default-executor-2] INFO  server.GrpcServerProtocolService (GrpcServerProtocolService.java:onCompleted(113)) - c08c50e8-12e3-4a9f-8d07-a31e7885cc60: Completed APPEND_ENTRIES, lastRequest: c877b40c-f70f-4e08-bb9d-91bddb5d6847->c08c50e8-12e3-4a9f-8d07-a31e7885cc60#0-t1, previous=(t:0, i:0), leaderCommit=-1, initializing? false, entries: <empty>
2019-10-16 22:17:02,875 [Thread-490] INFO  impl.RoleInfo (RoleInfo.java:updateAndGet(143)) - c877b40c-f70f-4e08-bb9d-91bddb5d6847: start FollowerState
2019-10-16 22:17:02,875 [777be068-7a1c-4abf-ad8d-603801d8ac95@group-C432D6B1530C-SegmentedRaftLogWorker] INFO  segmented.SegmentedRaftLogWorker (SegmentedRaftLogWorker.java:execute(576)) - 777be068-7a1c-4abf-ad8d-603801d8ac95@group-C432D6B1530C-SegmentedRaftLogWorker: created new log segment /workdir/hadoop-ozone/tools/target/test-dir/MiniOzoneClusterImpl-f547a2d9-0c70-45d1-bc96-08b1275e21f1/datanode-2/data/ratis/d34c2592-a07e-434c-9b9c-c432d6b1530c/current/log_inprogress_0
2019-10-16 22:17:02,876 [grpc-default-executor-2] INFO  server.GrpcServerProtocolService (GrpcServerProtocolService.java:onCompleted(113)) - 777be068-7a1c-4abf-ad8d-603801d8ac95: Completed APPEND_ENTRIES, lastRequest: c877b40c-f70f-4e08-bb9d-91bddb5d6847->777be068-7a1c-4abf-ad8d-603801d8ac95#1-t1, previous=(t:0, i:0), leaderCommit=-1, initializing? false, entries: size=1, first=(t:1, i:0), CONFIGURATIONENTRY
2019-10-16 22:17:02,876 [grpc-default-executor-0] INFO  server.GrpcLogAppender (GrpcLogAppender.java:onCompleted(308)) - c877b40c-f70f-4e08-bb9d-91bddb5d6847@group-C432D6B1530C->c08c50e8-12e3-4a9f-8d07-a31e7885cc60-AppendLogResponseHandler: follower responses appendEntries COMPLETED
2019-10-16 22:17:02,878 [grpc-default-executor-2] INFO  server.GrpcLogAppender (GrpcLogAppender.java:onCompleted(308)) - c877b40c-f70f-4e08-bb9d-91bddb5d6847@group-C432D6B1530C->777be068-7a1c-4abf-ad8d-603801d8ac95-AppendLogResponseHandler: follower responses appendEntries COMPLETED
2019-10-16 22:17:02,878 [grpc-default-executor-0] INFO  impl.FollowerInfo (FollowerInfo.java:lambda$new$0(51)) - c877b40c-f70f-4e08-bb9d-91bddb5d6847@group-C432D6B1530C->c08c50e8-12e3-4a9f-8d07-a31e7885cc60: nextIndex: updateUnconditionally 0 -> 0
2019-10-16 22:17:02,881 [grpc-default-executor-2] INFO  impl.FollowerInfo (FollowerInfo.java:lambda$new$0(51)) - c877b40c-f70f-4e08-bb9d-91bddb5d6847@group-C432D6B1530C->777be068-7a1c-4abf-ad8d-603801d8ac95: nextIndex: updateUnconditionally 1 -> 0
2019-10-16 22:17:02,883 [grpc-default-executor-0] INFO  impl.RaftServerImpl (ServerState.java:setLeader(256)) - 777be068-7a1c-4abf-ad8d-603801d8ac95@group-C432D6B1530C: change Leader from c877b40c-f70f-4e08-bb9d-91bddb5d6847 to null at term 2 for updateCurrentTerm
2019-10-16 22:17:02,883 [grpc-default-executor-3] INFO  impl.RaftServerImpl (RaftServerImpl.java:setRole(184)) - c877b40c-f70f-4e08-bb9d-91bddb5d6847@group-C432D6B1530C: changes role from  FOLLOWER to FOLLOWER at term 2 for recognizeCandidate:c08c50e8-12e3-4a9f-8d07-a31e7885cc60
2019-10-16 22:17:02,883 [grpc-default-executor-0] INFO  impl.RaftServerImpl (RaftServerImpl.java:setRole(184)) - 777be068-7a1c-4abf-ad8d-603801d8ac95@group-C432D6B1530C: changes role from  FOLLOWER to FOLLOWER at term 2 for recognizeCandidate:c08c50e8-12e3-4a9f-8d07-a31e7885cc60
2019-10-16 22:17:02,883 [grpc-default-executor-3] INFO  impl.RoleInfo (RoleInfo.java:shutdownFollowerState(121)) - c877b40c-f70f-4e08-bb9d-91bddb5d6847: shutdown FollowerState
2019-10-16 22:17:02,883 [grpc-default-executor-0] INFO  impl.RoleInfo (RoleInfo.java:shutdownFollowerState(121)) - 777be068-7a1c-4abf-ad8d-603801d8ac95: shutdown FollowerState
2019-10-16 22:17:02,883 [grpc-default-executor-3] INFO  impl.RoleInfo (RoleInfo.java:updateAndGet(143)) - c877b40c-f70f-4e08-bb9d-91bddb5d6847: start FollowerState
2019-10-16 22:17:02,883 [Thread-499] INFO  impl.FollowerState (FollowerState.java:run(117)) - c877b40c-f70f-4e08-bb9d-91bddb5d6847@group-C432D6B1530C-FollowerState was interrupted: java.lang.InterruptedException: sleep interrupted
2019-10-16 22:17:02,883 [grpc-default-executor-0] INFO  impl.RoleInfo (RoleInfo.java:updateAndGet(143)) - 777be068-7a1c-4abf-ad8d-603801d8ac95: start FollowerState
2019-10-16 22:17:02,883 [Thread-488] INFO  impl.FollowerState (FollowerState.java:run(117)) - 777be068-7a1c-4abf-ad8d-603801d8ac95@group-C432D6B1530C-FollowerState was interrupted: java.lang.InterruptedException: sleep interrupted
2019-10-16 22:17:02,893 [c08c50e8-12e3-4a9f-8d07-a31e7885cc60@group-C432D6B1530C-LeaderElection7] INFO  impl.LeaderElection (LeaderElection.java:logAndReturn(56)) - c08c50e8-12e3-4a9f-8d07-a31e7885cc60@group-C432D6B1530C-LeaderElection7: Election REJECTED; received 2 response(s) [c08c50e8-12e3-4a9f-8d07-a31e7885cc60<-c877b40c-f70f-4e08-bb9d-91bddb5d6847#0:FAIL-t2, c08c50e8-12e3-4a9f-8d07-a31e7885cc60<-777be068-7a1c-4abf-ad8d-603801d8ac95#0:FAIL-t2] and 0 exception(s); c08c50e8-12e3-4a9f-8d07-a31e7885cc60@group-C432D6B1530C:t2, leader=null, voted=c08c50e8-12e3-4a9f-8d07-a31e7885cc60, raftlog=c08c50e8-12e3-4a9f-8d07-a31e7885cc60@group-C432D6B1530C-SegmentedRaftLog:OPENED:c-1,f-1,i0, conf=-1: [c877b40c-f70f-4e08-bb9d-91bddb5d6847:192.168.34.38:40232, 777be068-7a1c-4abf-ad8d-603801d8ac95:192.168.34.38:35329, c08c50e8-12e3-4a9f-8d07-a31e7885cc60:192.168.34.38:44255], old=null
2019-10-16 22:17:02,894 [c08c50e8-12e3-4a9f-8d07-a31e7885cc60@group-C432D6B1530C-LeaderElection7] INFO  impl.RaftServerImpl (RaftServerImpl.java:setRole(184)) - c08c50e8-12e3-4a9f-8d07-a31e7885cc60@group-C432D6B1530C: changes role from CANDIDATE to FOLLOWER at term 2 for DISCOVERED_A_NEW_TERM
2019-10-16 22:17:02,894 [c08c50e8-12e3-4a9f-8d07-a31e7885cc60@group-C432D6B1530C-LeaderElection7] INFO  impl.RoleInfo (RoleInfo.java:shutdownLeaderElection(134)) - c08c50e8-12e3-4a9f-8d07-a31e7885cc60: shutdown LeaderElection
2019-10-16 22:17:02,895 [c08c50e8-12e3-4a9f-8d07-a31e7885cc60@group-C432D6B1530C-LeaderElection7] INFO  impl.RoleInfo (RoleInfo.java:updateAndGet(143)) - c08c50e8-12e3-4a9f-8d07-a31e7885cc60: start FollowerState
2019-10-16 22:17:02,922 [Thread-503] INFO  impl.FollowerState (FollowerState.java:run(108)) - c08c50e8-12e3-4a9f-8d07-a31e7885cc60@group-C432D6B1530C-FollowerState: change to CANDIDATE, lastRpcTime:26ms, electionTimeout:26ms
2019-10-16 22:17:02,922 [Thread-503] INFO  impl.RoleInfo (RoleInfo.java:shutdownFollowerState(121)) - c08c50e8-12e3-4a9f-8d07-a31e7885cc60: shutdown FollowerState
2019-10-16 22:17:02,922 [Thread-503] INFO  impl.RaftServerImpl (RaftServerImpl.java:setRole(184)) - c08c50e8-12e3-4a9f-8d07-a31e7885cc60@group-C432D6B1530C: changes role from  FOLLOWER to CANDIDATE at term 2 for changeToCandidate
2019-10-16 22:17:02,923 [Thread-503] INFO  impl.RoleInfo (RoleInfo.java:updateAndGet(143)) - c08c50e8-12e3-4a9f-8d07-a31e7885cc60: start LeaderElection
2019-10-16 22:17:02,937 [c08c50e8-12e3-4a9f-8d07-a31e7885cc60@group-C432D6B1530C-LeaderElection8] INFO  impl.LeaderElection (LeaderElection.java:askForVotes(178)) - c08c50e8-12e3-4a9f-8d07-a31e7885cc60@group-C432D6B1530C-LeaderElection8: begin an election at term 3 for -1: [c877b40c-f70f-4e08-bb9d-91bddb5d6847:192.168.34.38:40232, 777be068-7a1c-4abf-ad8d-603801d8ac95:192.168.34.38:35329, c08c50e8-12e3-4a9f-8d07-a31e7885cc60:192.168.34.38:44255], old=null
2019-10-16 22:17:02,939 [grpc-default-executor-0] INFO  impl.RaftServerImpl (RaftServerImpl.java:setRole(184)) - c877b40c-f70f-4e08-bb9d-91bddb5d6847@group-C432D6B1530C: changes role from  FOLLOWER to FOLLOWER at term 3 for recognizeCandidate:c08c50e8-12e3-4a9f-8d07-a31e7885cc60
2019-10-16 22:17:02,940 [grpc-default-executor-0] INFO  impl.RoleInfo (RoleInfo.java:shutdownFollowerState(121)) - c877b40c-f70f-4e08-bb9d-91bddb5d6847: shutdown FollowerState
2019-10-16 22:17:02,940 [grpc-default-executor-3] INFO  impl.RaftServerImpl (RaftServerImpl.java:setRole(184)) - 777be068-7a1c-4abf-ad8d-603801d8ac95@group-C432D6B1530C: changes role from  FOLLOWER to FOLLOWER at term 3 for recognizeCandidate:c08c50e8-12e3-4a9f-8d07-a31e7885cc60
2019-10-16 22:17:02,940 [grpc-default-executor-0] INFO  impl.RoleInfo (RoleInfo.java:updateAndGet(143)) - c877b40c-f70f-4e08-bb9d-91bddb5d6847: start FollowerState
2019-10-16 22:17:02,940 [Thread-501] INFO  impl.FollowerState (FollowerState.java:run(117)) - c877b40c-f70f-4e08-bb9d-91bddb5d6847@group-C432D6B1530C-FollowerState was interrupted: java.lang.InterruptedException: sleep interrupted
2019-10-16 22:17:02,940 [grpc-default-executor-3] INFO  impl.RoleInfo (RoleInfo.java:shutdownFollowerState(121)) - 777be068-7a1c-4abf-ad8d-603801d8ac95: shutdown FollowerState
2019-10-16 22:17:02,942 [grpc-default-executor-3] INFO  impl.RoleInfo (RoleInfo.java:updateAndGet(143)) - 777be068-7a1c-4abf-ad8d-603801d8ac95: start FollowerState
2019-10-16 22:17:02,942 [Thread-502] INFO  impl.FollowerState (FollowerState.java:run(117)) - 777be068-7a1c-4abf-ad8d-603801d8ac95@group-C432D6B1530C-FollowerState was interrupted: java.lang.InterruptedException: sleep interrupted
2019-10-16 22:17:02,958 [c08c50e8-12e3-4a9f-8d07-a31e7885cc60@group-C432D6B1530C-LeaderElection8] INFO  impl.LeaderElection (LeaderElection.java:logAndReturn(56)) - c08c50e8-12e3-4a9f-8d07-a31e7885cc60@group-C432D6B1530C-LeaderElection8: Election REJECTED; received 2 response(s) [c08c50e8-12e3-4a9f-8d07-a31e7885cc60<-c877b40c-f70f-4e08-bb9d-91bddb5d6847#0:FAIL-t3, c08c50e8-12e3-4a9f-8d07-a31e7885cc60<-777be068-7a1c-4abf-ad8d-603801d8ac95#0:FAIL-t3] and 0 exception(s); c08c50e8-12e3-4a9f-8d07-a31e7885cc60@group-C432D6B1530C:t3, leader=null, voted=c08c50e8-12e3-4a9f-8d07-a31e7885cc60, raftlog=c08c50e8-12e3-4a9f-8d07-a31e7885cc60@group-C432D6B1530C-SegmentedRaftLog:OPENED:c-1,f-1,i0, conf=-1: [c877b40c-f70f-4e08-bb9d-91bddb5d6847:192.168.34.38:40232, 777be068-7a1c-4abf-ad8d-603801d8ac95:192.168.34.38:35329, c08c50e8-12e3-4a9f-8d07-a31e7885cc60:192.168.34.38:44255], old=null
2019-10-16 22:17:02,959 [c08c50e8-12e3-4a9f-8d07-a31e7885cc60@group-C432D6B1530C-LeaderElection8] INFO  impl.RaftServerImpl (RaftServerImpl.java:setRole(184)) - c08c50e8-12e3-4a9f-8d07-a31e7885cc60@group-C432D6B1530C: changes role from CANDIDATE to FOLLOWER at term 3 for DISCOVERED_A_NEW_TERM
2019-10-16 22:17:02,960 [c08c50e8-12e3-4a9f-8d07-a31e7885cc60@group-C432D6B1530C-LeaderElection8] INFO  impl.RoleInfo (RoleInfo.java:shutdownLeaderElection(134)) - c08c50e8-12e3-4a9f-8d07-a31e7885cc60: shutdown LeaderElection
2019-10-16 22:17:02,960 [c08c50e8-12e3-4a9f-8d07-a31e7885cc60@group-C432D6B1530C-LeaderElection8] INFO  impl.RoleInfo (RoleInfo.java:updateAndGet(143)) - c08c50e8-12e3-4a9f-8d07-a31e7885cc60: start FollowerState
2019-10-16 22:17:03,062 [Thread-509] INFO  impl.FollowerState (FollowerState.java:run(108)) - c08c50e8-12e3-4a9f-8d07-a31e7885cc60@group-C432D6B1530C-FollowerState: change to CANDIDATE, lastRpcTime:101ms, electionTimeout:101ms
2019-10-16 22:17:03,064 [Thread-509] INFO  impl.RoleInfo (RoleInfo.java:shutdownFollowerState(121)) - c08c50e8-12e3-4a9f-8d07-a31e7885cc60: shutdown FollowerState
2019-10-16 22:17:03,064 [Thread-509] INFO  impl.RaftServerImpl (RaftServerImpl.java:setRole(184)) - c08c50e8-12e3-4a9f-8d07-a31e7885cc60@group-C432D6B1530C: changes role from  FOLLOWER to CANDIDATE at term 3 for changeToCandidate
2019-10-16 22:17:03,064 [Thread-509] INFO  impl.RoleInfo (RoleInfo.java:updateAndGet(143)) - c08c50e8-12e3-4a9f-8d07-a31e7885cc60: start LeaderElection
2019-10-16 22:17:03,097 [c08c50e8-12e3-4a9f-8d07-a31e7885cc60@group-C432D6B1530C-LeaderElection9] INFO  impl.LeaderElection (LeaderElection.java:askForVotes(178)) - c08c50e8-12e3-4a9f-8d07-a31e7885cc60@group-C432D6B1530C-LeaderElection9: begin an election at term 4 for -1: [c877b40c-f70f-4e08-bb9d-91bddb5d6847:192.168.34.38:40232, 777be068-7a1c-4abf-ad8d-603801d8ac95:192.168.34.38:35329, c08c50e8-12e3-4a9f-8d07-a31e7885cc60:192.168.34.38:44255], old=null
2019-10-16 22:17:03,101 [grpc-default-executor-0] INFO  impl.RaftServerImpl (RaftServerImpl.java:setRole(184)) - c877b40c-f70f-4e08-bb9d-91bddb5d6847@group-C432D6B1530C: changes role from  FOLLOWER to FOLLOWER at term 4 for recognizeCandidate:c08c50e8-12e3-4a9f-8d07-a31e7885cc60
2019-10-16 22:17:03,101 [grpc-default-executor-3] INFO  impl.RaftServerImpl (RaftServerImpl.java:setRole(184)) - 777be068-7a1c-4abf-ad8d-603801d8ac95@group-C432D6B1530C: changes role from  FOLLOWER to FOLLOWER at term 4 for recognizeCandidate:c08c50e8-12e3-4a9f-8d07-a31e7885cc60
2019-10-16 22:17:03,101 [grpc-default-executor-0] INFO  impl.RoleInfo (RoleInfo.java:shutdownFollowerState(121)) - c877b40c-f70f-4e08-bb9d-91bddb5d6847: shutdown FollowerState
2019-10-16 22:17:03,102 [grpc-default-executor-3] INFO  impl.RoleInfo (RoleInfo.java:shutdownFollowerState(121)) - 777be068-7a1c-4abf-ad8d-603801d8ac95: shutdown FollowerState
2019-10-16 22:17:03,102 [Thread-507] INFO  impl.FollowerState (FollowerState.java:run(117)) - c877b40c-f70f-4e08-bb9d-91bddb5d6847@group-C432D6B1530C-FollowerState was interrupted: java.lang.InterruptedException: sleep interrupted
2019-10-16 22:17:03,102 [grpc-default-executor-0] INFO  impl.RoleInfo (RoleInfo.java:updateAndGet(143)) - c877b40c-f70f-4e08-bb9d-91bddb5d6847: start FollowerState
2019-10-16 22:17:03,102 [Thread-508] INFO  impl.FollowerState (FollowerState.java:run(117)) - 777be068-7a1c-4abf-ad8d-603801d8ac95@group-C432D6B1530C-FollowerState was interrupted: java.lang.InterruptedException: sleep interrupted
2019-10-16 22:17:03,102 [grpc-default-executor-3] INFO  impl.RoleInfo (RoleInfo.java:updateAndGet(143)) - 777be068-7a1c-4abf-ad8d-603801d8ac95: start FollowerState
2019-10-16 22:17:03,123 [c08c50e8-12e3-4a9f-8d07-a31e7885cc60@group-C432D6B1530C-LeaderElection9] INFO  impl.LeaderElection (LeaderElection.java:logAndReturn(56)) - c08c50e8-12e3-4a9f-8d07-a31e7885cc60@group-C432D6B1530C-LeaderElection9: Election TIMEOUT; received 0 response(s) [] and 0 exception(s); c08c50e8-12e3-4a9f-8d07-a31e7885cc60@group-C432D6B1530C:t4, leader=null, voted=c08c50e8-12e3-4a9f-8d07-a31e7885cc60, raftlog=c08c50e8-12e3-4a9f-8d07-a31e7885cc60@group-C432D6B1530C-SegmentedRaftLog:OPENED:c-1,f-1,i0, conf=-1: [c877b40c-f70f-4e08-bb9d-91bddb5d6847:192.168.34.38:40232, 777be068-7a1c-4abf-ad8d-603801d8ac95:192.168.34.38:35329, c08c50e8-12e3-4a9f-8d07-a31e7885cc60:192.168.34.38:44255], old=null
2019-10-16 22:17:03,130 [c08c50e8-12e3-4a9f-8d07-a31e7885cc60@group-C432D6B1530C-LeaderElection9] INFO  impl.LeaderElection (LeaderElection.java:askForVotes(178)) - c08c50e8-12e3-4a9f-8d07-a31e7885cc60@group-C432D6B1530C-LeaderElection9: begin an election at term 5 for -1: [c877b40c-f70f-4e08-bb9d-91bddb5d6847:192.168.34.38:40232, 777be068-7a1c-4abf-ad8d-603801d8ac95:192.168.34.38:35329, c08c50e8-12e3-4a9f-8d07-a31e7885cc60:192.168.34.38:44255], old=null
2019-10-16 22:17:03,135 [grpc-default-executor-3] INFO  impl.RaftServerImpl (RaftServerImpl.java:setRole(184)) - c877b40c-f70f-4e08-bb9d-91bddb5d6847@group-C432D6B1530C: changes role from  FOLLOWER to FOLLOWER at term 5 for recognizeCandidate:c08c50e8-12e3-4a9f-8d07-a31e7885cc60
2019-10-16 22:17:03,136 [grpc-default-executor-3] INFO  impl.RoleInfo (RoleInfo.java:shutdownFollowerState(121)) - c877b40c-f70f-4e08-bb9d-91bddb5d6847: shutdown FollowerState
2019-10-16 22:17:03,137 [Thread-513] INFO  impl.FollowerState (FollowerState.java:run(117)) - c877b40c-f70f-4e08-bb9d-91bddb5d6847@group-C432D6B1530C-FollowerState was interrupted: java.lang.InterruptedException: sleep interrupted
2019-10-16 22:17:03,137 [grpc-default-executor-3] INFO  impl.RoleInfo (RoleInfo.java:updateAndGet(143)) - c877b40c-f70f-4e08-bb9d-91bddb5d6847: start FollowerState
2019-10-16 22:17:03,137 [grpc-default-executor-0] INFO  impl.RaftServerImpl (RaftServerImpl.java:setRole(184)) - 777be068-7a1c-4abf-ad8d-603801d8ac95@group-C432D6B1530C: changes role from  FOLLOWER to FOLLOWER at term 5 for recognizeCandidate:c08c50e8-12e3-4a9f-8d07-a31e7885cc60
2019-10-16 22:17:03,139 [grpc-default-executor-0] INFO  impl.RoleInfo (RoleInfo.java:shutdownFollowerState(121)) - 777be068-7a1c-4abf-ad8d-603801d8ac95: shutdown FollowerState
2019-10-16 22:17:03,139 [grpc-default-executor-0] INFO  impl.RoleInfo (RoleInfo.java:updateAndGet(143)) - 777be068-7a1c-4abf-ad8d-603801d8ac95: start FollowerState
2019-10-16 22:17:03,139 [Thread-514] INFO  impl.FollowerState (FollowerState.java:run(117)) - 777be068-7a1c-4abf-ad8d-603801d8ac95@group-C432D6B1530C-FollowerState was interrupted: java.lang.InterruptedException: sleep interrupted
2019-10-16 22:17:03,149 [c08c50e8-12e3-4a9f-8d07-a31e7885cc60@group-C432D6B1530C-LeaderElection9] INFO  impl.LeaderElection (LeaderElection.java:logAndReturn(56)) - c08c50e8-12e3-4a9f-8d07-a31e7885cc60@group-C432D6B1530C-LeaderElection9: Election REJECTED; received 2 response(s) [c08c50e8-12e3-4a9f-8d07-a31e7885cc60<-c877b40c-f70f-4e08-bb9d-91bddb5d6847#0:FAIL-t5, c08c50e8-12e3-4a9f-8d07-a31e7885cc60<-777be068-7a1c-4abf-ad8d-603801d8ac95#0:FAIL-t5] and 0 exception(s); c08c50e8-12e3-4a9f-8d07-a31e7885cc60@group-C432D6B1530C:t5, leader=null, voted=c08c50e8-12e3-4a9f-8d07-a31e7885cc60, raftlog=c08c50e8-12e3-4a9f-8d07-a31e7885cc60@group-C432D6B1530C-SegmentedRaftLog:OPENED:c-1,f-1,i0, conf=-1: [c877b40c-f70f-4e08-bb9d-91bddb5d6847:192.168.34.38:40232, 777be068-7a1c-4abf-ad8d-603801d8ac95:192.168.34.38:35329, c08c50e8-12e3-4a9f-8d07-a31e7885cc60:192.168.34.38:44255], old=null
2019-10-16 22:17:03,149 [c08c50e8-12e3-4a9f-8d07-a31e7885cc60@group-C432D6B1530C-LeaderElection9] INFO  impl.RaftServerImpl (RaftServerImpl.java:setRole(184)) - c08c50e8-12e3-4a9f-8d07-a31e7885cc60@group-C432D6B1530C: changes role from CANDIDATE to FOLLOWER at term 5 for DISCOVERED_A_NEW_TERM
2019-10-16 22:17:03,151 [c08c50e8-12e3-4a9f-8d07-a31e7885cc60@group-C432D6B1530C-LeaderElection9] INFO  impl.RoleInfo (RoleInfo.java:shutdownLeaderElection(134)) - c08c50e8-12e3-4a9f-8d07-a31e7885cc60: shutdown LeaderElection
2019-10-16 22:17:03,151 [c08c50e8-12e3-4a9f-8d07-a31e7885cc60@group-C432D6B1530C-LeaderElection9] INFO  impl.RoleInfo (RoleInfo.java:updateAndGet(143)) - c08c50e8-12e3-4a9f-8d07-a31e7885cc60: start FollowerState
2019-10-16 22:17:03,155 [Thread-519] INFO  impl.FollowerState (FollowerState.java:run(108)) - c08c50e8-12e3-4a9f-8d07-a31e7885cc60@group-C432D6B1530C-FollowerState: change to CANDIDATE, lastRpcTime:4ms, electionTimeout:3ms
2019-10-16 22:17:03,156 [Thread-519] INFO  impl.RoleInfo (RoleInfo.java:shutdownFollowerState(121)) - c08c50e8-12e3-4a9f-8d07-a31e7885cc60: shutdown FollowerState
2019-10-16 22:17:03,156 [Thread-519] INFO  impl.RaftServerImpl (RaftServerImpl.java:setRole(184)) - c08c50e8-12e3-4a9f-8d07-a31e7885cc60@group-C432D6B1530C: changes role from  FOLLOWER to CANDIDATE at term 5 for changeToCandidate
2019-10-16 22:17:03,156 [Thread-519] INFO  impl.RoleInfo (RoleInfo.java:updateAndGet(143)) - c08c50e8-12e3-4a9f-8d07-a31e7885cc60: start LeaderElection
2019-10-16 22:17:03,168 [c08c50e8-12e3-4a9f-8d07-a31e7885cc60@group-C432D6B1530C-LeaderElection10] INFO  impl.LeaderElection (LeaderElection.java:askForVotes(178)) - c08c50e8-12e3-4a9f-8d07-a31e7885cc60@group-C432D6B1530C-LeaderElection10: begin an election at term 6 for -1: [c877b40c-f70f-4e08-bb9d-91bddb5d6847:192.168.34.38:40232, 777be068-7a1c-4abf-ad8d-603801d8ac95:192.168.34.38:35329, c08c50e8-12e3-4a9f-8d07-a31e7885cc60:192.168.34.38:44255], old=null
2019-10-16 22:17:03,173 [grpc-default-executor-0] INFO  impl.RaftServerImpl (RaftServerImpl.java:setRole(184)) - c877b40c-f70f-4e08-bb9d-91bddb5d6847@group-C432D6B1530C: changes role from  FOLLOWER to FOLLOWER at term 6 for recognizeCandidate:c08c50e8-12e3-4a9f-8d07-a31e7885cc60
2019-10-16 22:17:03,174 [grpc-default-executor-0] INFO  impl.RoleInfo (RoleInfo.java:shutdownFollowerState(121)) - c877b40c-f70f-4e08-bb9d-91bddb5d6847: shutdown FollowerState
2019-10-16 22:17:03,174 [grpc-default-executor-0] INFO  impl.RoleInfo (RoleInfo.java:updateAndGet(143)) - c877b40c-f70f-4e08-bb9d-91bddb5d6847: start FollowerState
2019-10-16 22:17:03,174 [Thread-517] INFO  impl.FollowerState (FollowerState.java:run(117)) - c877b40c-f70f-4e08-bb9d-91bddb5d6847@group-C432D6B1530C-FollowerState was interrupted: java.lang.InterruptedException: sleep interrupted
2019-10-16 22:17:03,175 [grpc-default-executor-3] INFO  impl.RaftServerImpl (RaftServerImpl.java:setRole(184)) - 777be068-7a1c-4abf-ad8d-603801d8ac95@group-C432D6B1530C: changes role from  FOLLOWER to FOLLOWER at term 6 for recognizeCandidate:c08c50e8-12e3-4a9f-8d07-a31e7885cc60
2019-10-16 22:17:03,175 [grpc-default-executor-3] INFO  impl.RoleInfo (RoleInfo.java:shutdownFollowerState(121)) - 777be068-7a1c-4abf-ad8d-603801d8ac95: shutdown FollowerState
2019-10-16 22:17:03,175 [Thread-518] INFO  impl.FollowerState (FollowerState.java:run(117)) - 777be068-7a1c-4abf-ad8d-603801d8ac95@group-C432D6B1530C-FollowerState was interrupted: java.lang.InterruptedException: sleep interrupted
2019-10-16 22:17:03,175 [grpc-default-executor-3] INFO  impl.RoleInfo (RoleInfo.java:updateAndGet(143)) - 777be068-7a1c-4abf-ad8d-603801d8ac95: start FollowerState
2019-10-16 22:17:03,183 [c08c50e8-12e3-4a9f-8d07-a31e7885cc60@group-C432D6B1530C-LeaderElection10] INFO  impl.LeaderElection (LeaderElection.java:logAndReturn(56)) - c08c50e8-12e3-4a9f-8d07-a31e7885cc60@group-C432D6B1530C-LeaderElection10: Election REJECTED; received 2 response(s) [c08c50e8-12e3-4a9f-8d07-a31e7885cc60<-c877b40c-f70f-4e08-bb9d-91bddb5d6847#0:FAIL-t6, c08c50e8-12e3-4a9f-8d07-a31e7885cc60<-777be068-7a1c-4abf-ad8d-603801d8ac95#0:FAIL-t6] and 0 exception(s); c08c50e8-12e3-4a9f-8d07-a31e7885cc60@group-C432D6B1530C:t6, leader=null, voted=c08c50e8-12e3-4a9f-8d07-a31e7885cc60, raftlog=c08c50e8-12e3-4a9f-8d07-a31e7885cc60@group-C432D6B1530C-SegmentedRaftLog:OPENED:c-1,f-1,i0, conf=-1: [c877b40c-f70f-4e08-bb9d-91bddb5d6847:192.168.34.38:40232, 777be068-7a1c-4abf-ad8d-603801d8ac95:192.168.34.38:35329, c08c50e8-12e3-4a9f-8d07-a31e7885cc60:192.168.34.38:44255], old=null
2019-10-16 22:17:03,183 [c08c50e8-12e3-4a9f-8d07-a31e7885cc60@group-C432D6B1530C-LeaderElection10] INFO  impl.RaftServerImpl (RaftServerImpl.java:setRole(184)) - c08c50e8-12e3-4a9f-8d07-a31e7885cc60@group-C432D6B1530C: changes role from CANDIDATE to FOLLOWER at term 6 for DISCOVERED_A_NEW_TERM
2019-10-16 22:17:03,184 [c08c50e8-12e3-4a9f-8d07-a31e7885cc60@group-C432D6B1530C-LeaderElection10] INFO  impl.RoleInfo (RoleInfo.java:shutdownLeaderElection(134)) - c08c50e8-12e3-4a9f-8d07-a31e7885cc60: shutdown LeaderElection
2019-10-16 22:17:03,184 [c08c50e8-12e3-4a9f-8d07-a31e7885cc60@group-C432D6B1530C-LeaderElection10] INFO  impl.RoleInfo (RoleInfo.java:updateAndGet(143)) - c08c50e8-12e3-4a9f-8d07-a31e7885cc60: start FollowerState
2019-10-16 22:17:03,192 [Thread-525] INFO  impl.FollowerState (FollowerState.java:run(108)) - c08c50e8-12e3-4a9f-8d07-a31e7885cc60@group-C432D6B1530C-FollowerState: change to CANDIDATE, lastRpcTime:8ms, electionTimeout:7ms
2019-10-16 22:17:03,193 [Thread-525] INFO  impl.RoleInfo (RoleInfo.java:shutdownFollowerState(121)) - c08c50e8-12e3-4a9f-8d07-a31e7885cc60: shutdown FollowerState
2019-10-16 22:17:03,193 [Thread-525] INFO  impl.RaftServerImpl (RaftServerImpl.java:setRole(184)) - c08c50e8-12e3-4a9f-8d07-a31e7885cc60@group-C432D6B1530C: changes role from  FOLLOWER to CANDIDATE at term 6 for changeToCandidate
2019-10-16 22:17:03,193 [Thread-525] INFO  impl.RoleInfo (RoleInfo.java:updateAndGet(143)) - c08c50e8-12e3-4a9f-8d07-a31e7885cc60: start LeaderElection
2019-10-16 22:17:03,199 [c08c50e8-12e3-4a9f-8d07-a31e7885cc60@group-C432D6B1530C-LeaderElection11] INFO  impl.LeaderElection (LeaderElection.java:askForVotes(178)) - c08c50e8-12e3-4a9f-8d07-a31e7885cc60@group-C432D6B1530C-LeaderElection11: begin an election at term 7 for -1: [c877b40c-f70f-4e08-bb9d-91bddb5d6847:192.168.34.38:40232, 777be068-7a1c-4abf-ad8d-603801d8ac95:192.168.34.38:35329, c08c50e8-12e3-4a9f-8d07-a31e7885cc60:192.168.34.38:44255], old=null
2019-10-16 22:17:03,201 [grpc-default-executor-3] INFO  impl.RaftServerImpl (RaftServerImpl.java:setRole(184)) - c877b40c-f70f-4e08-bb9d-91bddb5d6847@group-C432D6B1530C: changes role from  FOLLOWER to FOLLOWER at term 7 for recognizeCandidate:c08c50e8-12e3-4a9f-8d07-a31e7885cc60
2019-10-16 22:17:03,201 [grpc-default-executor-3] INFO  impl.RoleInfo (RoleInfo.java:shutdownFollowerState(121)) - c877b40c-f70f-4e08-bb9d-91bddb5d6847: shutdown FollowerState
2019-10-16 22:17:03,201 [grpc-default-executor-3] INFO  impl.RoleInfo (RoleInfo.java:updateAndGet(143)) - c877b40c-f70f-4e08-bb9d-91bddb5d6847: start FollowerState
2019-10-16 22:17:03,201 [Thread-523] INFO  impl.FollowerState (FollowerState.java:run(117)) - c877b40c-f70f-4e08-bb9d-91bddb5d6847@group-C432D6B1530C-FollowerState was interrupted: java.lang.InterruptedException: sleep interrupted
2019-10-16 22:17:03,201 [grpc-default-executor-0] INFO  impl.RaftServerImpl (RaftServerImpl.java:setRole(184)) - 777be068-7a1c-4abf-ad8d-603801d8ac95@group-C432D6B1530C: changes role from  FOLLOWER to FOLLOWER at term 7 for recognizeCandidate:c08c50e8-12e3-4a9f-8d07-a31e7885cc60
2019-10-16 22:17:03,202 [grpc-default-executor-0] INFO  impl.RoleInfo (RoleInfo.java:shutdownFollowerState(121)) - 777be068-7a1c-4abf-ad8d-603801d8ac95: shutdown FollowerState
2019-10-16 22:17:03,203 [grpc-default-executor-0] INFO  impl.RoleInfo (RoleInfo.java:updateAndGet(143)) - 777be068-7a1c-4abf-ad8d-603801d8ac95: start FollowerState
2019-10-16 22:17:03,203 [Thread-524] INFO  impl.FollowerState (FollowerState.java:run(117)) - 777be068-7a1c-4abf-ad8d-603801d8ac95@group-C432D6B1530C-FollowerState was interrupted: java.lang.InterruptedException: sleep interrupted
2019-10-16 22:17:03,216 [c08c50e8-12e3-4a9f-8d07-a31e7885cc60@group-C432D6B1530C-LeaderElection11] INFO  impl.LeaderElection (LeaderElection.java:logAndReturn(56)) - c08c50e8-12e3-4a9f-8d07-a31e7885cc60@group-C432D6B1530C-LeaderElection11: Election REJECTED; received 2 response(s) [c08c50e8-12e3-4a9f-8d07-a31e7885cc60<-c877b40c-f70f-4e08-bb9d-91bddb5d6847#0:FAIL-t7, c08c50e8-12e3-4a9f-8d07-a31e7885cc60<-777be068-7a1c-4abf-ad8d-603801d8ac95#0:FAIL-t7] and 0 exception(s); c08c50e8-12e3-4a9f-8d07-a31e7885cc60@group-C432D6B1530C:t7, leader=null, voted=c08c50e8-12e3-4a9f-8d07-a31e7885cc60, raftlog=c08c50e8-12e3-4a9f-8d07-a31e7885cc60@group-C432D6B1530C-SegmentedRaftLog:OPENED:c-1,f-1,i0, conf=-1: [c877b40c-f70f-4e08-bb9d-91bddb5d6847:192.168.34.38:40232, 777be068-7a1c-4abf-ad8d-603801d8ac95:192.168.34.38:35329, c08c50e8-12e3-4a9f-8d07-a31e7885cc60:192.168.34.38:44255], old=null
2019-10-16 22:17:03,216 [c08c50e8-12e3-4a9f-8d07-a31e7885cc60@group-C432D6B1530C-LeaderElection11] INFO  impl.RaftServerImpl (RaftServerImpl.java:setRole(184)) - c08c50e8-12e3-4a9f-8d07-a31e7885cc60@group-C432D6B1530C: changes role from CANDIDATE to FOLLOWER at term 7 for DISCOVERED_A_NEW_TERM
2019-10-16 22:17:03,217 [c08c50e8-12e3-4a9f-8d07-a31e7885cc60@group-C432D6B1530C-LeaderElection11] INFO  impl.RoleInfo (RoleInfo.java:shutdownLeaderElection(134)) - c08c50e8-12e3-4a9f-8d07-a31e7885cc60: shutdown LeaderElection
2019-10-16 22:17:03,218 [c08c50e8-12e3-4a9f-8d07-a31e7885cc60@group-C432D6B1530C-LeaderElection11] INFO  impl.RoleInfo (RoleInfo.java:updateAndGet(143)) - c08c50e8-12e3-4a9f-8d07-a31e7885cc60: start FollowerState
2019-10-16 22:17:03,322 [Thread-531] INFO  impl.FollowerState (FollowerState.java:run(108)) - c08c50e8-12e3-4a9f-8d07-a31e7885cc60@group-C432D6B1530C-FollowerState: change to CANDIDATE, lastRpcTime:103ms, electionTimeout:103ms
2019-10-16 22:17:03,322 [Thread-531] INFO  impl.RoleInfo (RoleInfo.java:shutdownFollowerState(121)) - c08c50e8-12e3-4a9f-8d07-a31e7885cc60: shutdown FollowerState
2019-10-16 22:17:03,323 [Thread-531] INFO  impl.RaftServerImpl (RaftServerImpl.java:setRole(184)) - c08c50e8-12e3-4a9f-8d07-a31e7885cc60@group-C432D6B1530C: changes role from  FOLLOWER to CANDIDATE at term 7 for changeToCandidate
2019-10-16 22:17:03,323 [Thread-531] INFO  impl.RoleInfo (RoleInfo.java:updateAndGet(143)) - c08c50e8-12e3-4a9f-8d07-a31e7885cc60: start LeaderElection
2019-10-16 22:17:03,329 [c08c50e8-12e3-4a9f-8d07-a31e7885cc60@group-C432D6B1530C-LeaderElection12] INFO  impl.LeaderElection (LeaderElection.java:askForVotes(178)) - c08c50e8-12e3-4a9f-8d07-a31e7885cc60@group-C432D6B1530C-LeaderElection12: begin an election at term 8 for -1: [c877b40c-f70f-4e08-bb9d-91bddb5d6847:192.168.34.38:40232, 777be068-7a1c-4abf-ad8d-603801d8ac95:192.168.34.38:35329, c08c50e8-12e3-4a9f-8d07-a31e7885cc60:192.168.34.38:44255], old=null
2019-10-16 22:17:03,331 [grpc-default-executor-0] INFO  impl.RaftServerImpl (RaftServerImpl.java:setRole(184)) - c877b40c-f70f-4e08-bb9d-91bddb5d6847@group-C432D6B1530C: changes role from  FOLLOWER to FOLLOWER at term 8 for recognizeCandidate:c08c50e8-12e3-4a9f-8d07-a31e7885cc60
2019-10-16 22:17:03,332 [grpc-default-executor-0] INFO  impl.RoleInfo (RoleInfo.java:shutdownFollowerState(121)) - c877b40c-f70f-4e08-bb9d-91bddb5d6847: shutdown FollowerState
2019-10-16 22:17:03,332 [grpc-default-executor-0] INFO  impl.RoleInfo (RoleInfo.java:updateAndGet(143)) - c877b40c-f70f-4e08-bb9d-91bddb5d6847: start FollowerState
2019-10-16 22:17:03,332 [Thread-529] INFO  impl.FollowerState (FollowerState.java:run(117)) - c877b40c-f70f-4e08-bb9d-91bddb5d6847@group-C432D6B1530C-FollowerState was interrupted: java.lang.InterruptedException: sleep interrupted
2019-10-16 22:17:03,333 [grpc-default-executor-3] INFO  impl.RaftServerImpl (RaftServerImpl.java:setRole(184)) - 777be068-7a1c-4abf-ad8d-603801d8ac95@group-C432D6B1530C: changes role from  FOLLOWER to FOLLOWER at term 8 for recognizeCandidate:c08c50e8-12e3-4a9f-8d07-a31e7885cc60
2019-10-16 22:17:03,333 [grpc-default-executor-3] INFO  impl.RoleInfo (RoleInfo.java:shutdownFollowerState(121)) - 777be068-7a1c-4abf-ad8d-603801d8ac95: shutdown FollowerState
2019-10-16 22:17:03,333 [grpc-default-executor-3] INFO  impl.RoleInfo (RoleInfo.java:updateAndGet(143)) - 777be068-7a1c-4abf-ad8d-603801d8ac95: start FollowerState
2019-10-16 22:17:03,333 [Thread-530] INFO  impl.FollowerState (FollowerState.java:run(117)) - 777be068-7a1c-4abf-ad8d-603801d8ac95@group-C432D6B1530C-FollowerState was interrupted: java.lang.InterruptedException: sleep interrupted
2019-10-16 22:17:03,347 [c08c50e8-12e3-4a9f-8d07-a31e7885cc60@group-C432D6B1530C-LeaderElection12] INFO  impl.LeaderElection (LeaderElection.java:logAndReturn(56)) - c08c50e8-12e3-4a9f-8d07-a31e7885cc60@group-C432D6B1530C-LeaderElection12: Election REJECTED; received 2 response(s) [c08c50e8-12e3-4a9f-8d07-a31e7885cc60<-c877b40c-f70f-4e08-bb9d-91bddb5d6847#0:FAIL-t8, c08c50e8-12e3-4a9f-8d07-a31e7885cc60<-777be068-7a1c-4abf-ad8d-603801d8ac95#0:FAIL-t8] and 0 exception(s); c08c50e8-12e3-4a9f-8d07-a31e7885cc60@group-C432D6B1530C:t8, leader=null, voted=c08c50e8-12e3-4a9f-8d07-a31e7885cc60, raftlog=c08c50e8-12e3-4a9f-8d07-a31e7885cc60@group-C432D6B1530C-SegmentedRaftLog:OPENED:c-1,f-1,i0, conf=-1: [c877b40c-f70f-4e08-bb9d-91bddb5d6847:192.168.34.38:40232, 777be068-7a1c-4abf-ad8d-603801d8ac95:192.168.34.38:35329, c08c50e8-12e3-4a9f-8d07-a31e7885cc60:192.168.34.38:44255], old=null
2019-10-16 22:17:03,348 [c08c50e8-12e3-4a9f-8d07-a31e7885cc60@group-C432D6B1530C-LeaderElection12] INFO  impl.RaftServerImpl (RaftServerImpl.java:setRole(184)) - c08c50e8-12e3-4a9f-8d07-a31e7885cc60@group-C432D6B1530C: changes role from CANDIDATE to FOLLOWER at term 8 for DISCOVERED_A_NEW_TERM
2019-10-16 22:17:03,349 [c08c50e8-12e3-4a9f-8d07-a31e7885cc60@group-C432D6B1530C-LeaderElection12] INFO  impl.RoleInfo (RoleInfo.java:shutdownLeaderElection(134)) - c08c50e8-12e3-4a9f-8d07-a31e7885cc60: shutdown LeaderElection
2019-10-16 22:17:03,349 [c08c50e8-12e3-4a9f-8d07-a31e7885cc60@group-C432D6B1530C-LeaderElection12] INFO  impl.RoleInfo (RoleInfo.java:updateAndGet(143)) - c08c50e8-12e3-4a9f-8d07-a31e7885cc60: start FollowerState
2019-10-16 22:17:03,361 [Thread-537] INFO  impl.FollowerState (FollowerState.java:run(108)) - c08c50e8-12e3-4a9f-8d07-a31e7885cc60@group-C432D6B1530C-FollowerState: change to CANDIDATE, lastRpcTime:11ms, electionTimeout:8ms
2019-10-16 22:17:03,362 [Thread-537] INFO  impl.RoleInfo (RoleInfo.java:shutdownFollowerState(121)) - c08c50e8-12e3-4a9f-8d07-a31e7885cc60: shutdown FollowerState
2019-10-16 22:17:03,362 [Thread-537] INFO  impl.RaftServerImpl (RaftServerImpl.java:setRole(184)) - c08c50e8-12e3-4a9f-8d07-a31e7885cc60@group-C432D6B1530C: changes role from  FOLLOWER to CANDIDATE at term 8 for changeToCandidate
2019-10-16 22:17:03,362 [Thread-537] INFO  impl.RoleInfo (RoleInfo.java:updateAndGet(143)) - c08c50e8-12e3-4a9f-8d07-a31e7885cc60: start LeaderElection
2019-10-16 22:17:03,367 [c08c50e8-12e3-4a9f-8d07-a31e7885cc60@group-C432D6B1530C-LeaderElection13] INFO  impl.LeaderElection (LeaderElection.java:askForVotes(178)) - c08c50e8-12e3-4a9f-8d07-a31e7885cc60@group-C432D6B1530C-LeaderElection13: begin an election at term 9 for -1: [c877b40c-f70f-4e08-bb9d-91bddb5d6847:192.168.34.38:40232, 777be068-7a1c-4abf-ad8d-603801d8ac95:192.168.34.38:35329, c08c50e8-12e3-4a9f-8d07-a31e7885cc60:192.168.34.38:44255], old=null
2019-10-16 22:17:03,370 [grpc-default-executor-3] INFO  impl.RaftServerImpl (RaftServerImpl.java:setRole(184)) - 777be068-7a1c-4abf-ad8d-603801d8ac95@group-C432D6B1530C: changes role from  FOLLOWER to FOLLOWER at term 9 for recognizeCandidate:c08c50e8-12e3-4a9f-8d07-a31e7885cc60
2019-10-16 22:17:03,370 [grpc-default-executor-0] INFO  impl.RaftServerImpl (RaftServerImpl.java:setRole(184)) - c877b40c-f70f-4e08-bb9d-91bddb5d6847@group-C432D6B1530C: changes role from  FOLLOWER to FOLLOWER at term 9 for recognizeCandidate:c08c50e8-12e3-4a9f-8d07-a31e7885cc60
2019-10-16 22:17:03,370 [grpc-default-executor-3] INFO  impl.RoleInfo (RoleInfo.java:shutdownFollowerState(121)) - 777be068-7a1c-4abf-ad8d-603801d8ac95: shutdown FollowerState
2019-10-16 22:17:03,370 [grpc-default-executor-0] INFO  impl.RoleInfo (RoleInfo.java:shutdownFollowerState(121)) - c877b40c-f70f-4e08-bb9d-91bddb5d6847: shutdown FollowerState
2019-10-16 22:17:03,370 [grpc-default-executor-3] INFO  impl.RoleInfo (RoleInfo.java:updateAndGet(143)) - 777be068-7a1c-4abf-ad8d-603801d8ac95: start FollowerState
2019-10-16 22:17:03,370 [Thread-536] INFO  impl.FollowerState (FollowerState.java:run(117)) - 777be068-7a1c-4abf-ad8d-603801d8ac95@group-C432D6B1530C-FollowerState was interrupted: java.lang.InterruptedException: sleep interrupted
2019-10-16 22:17:03,370 [Thread-535] INFO  impl.FollowerState (FollowerState.java:run(117)) - c877b40c-f70f-4e08-bb9d-91bddb5d6847@group-C432D6B1530C-FollowerState was interrupted: java.lang.InterruptedException: sleep interrupted
2019-10-16 22:17:03,370 [grpc-default-executor-0] INFO  impl.RoleInfo (RoleInfo.java:updateAndGet(143)) - c877b40c-f70f-4e08-bb9d-91bddb5d6847: start FollowerState
2019-10-16 22:17:03,382 [c08c50e8-12e3-4a9f-8d07-a31e7885cc60@group-C432D6B1530C-LeaderElection13] INFO  impl.LeaderElection (LeaderElection.java:logAndReturn(56)) - c08c50e8-12e3-4a9f-8d07-a31e7885cc60@group-C432D6B1530C-LeaderElection13: Election REJECTED; received 2 response(s) [c08c50e8-12e3-4a9f-8d07-a31e7885cc60<-c877b40c-f70f-4e08-bb9d-91bddb5d6847#0:FAIL-t9, c08c50e8-12e3-4a9f-8d07-a31e7885cc60<-777be068-7a1c-4abf-ad8d-603801d8ac95#0:FAIL-t9] and 0 exception(s); c08c50e8-12e3-4a9f-8d07-a31e7885cc60@group-C432D6B1530C:t9, leader=null, voted=c08c50e8-12e3-4a9f-8d07-a31e7885cc60, raftlog=c08c50e8-12e3-4a9f-8d07-a31e7885cc60@group-C432D6B1530C-SegmentedRaftLog:OPENED:c-1,f-1,i0, conf=-1: [c877b40c-f70f-4e08-bb9d-91bddb5d6847:192.168.34.38:40232, 777be068-7a1c-4abf-ad8d-603801d8ac95:192.168.34.38:35329, c08c50e8-12e3-4a9f-8d07-a31e7885cc60:192.168.34.38:44255], old=null
2019-10-16 22:17:03,382 [c08c50e8-12e3-4a9f-8d07-a31e7885cc60@group-C432D6B1530C-LeaderElection13] INFO  impl.RaftServerImpl (RaftServerImpl.java:setRole(184)) - c08c50e8-12e3-4a9f-8d07-a31e7885cc60@group-C432D6B1530C: changes role from CANDIDATE to FOLLOWER at term 9 for DISCOVERED_A_NEW_TERM
2019-10-16 22:17:03,382 [c08c50e8-12e3-4a9f-8d07-a31e7885cc60@group-C432D6B1530C-LeaderElection13] INFO  impl.RoleInfo (RoleInfo.java:shutdownLeaderElection(134)) - c08c50e8-12e3-4a9f-8d07-a31e7885cc60: shutdown LeaderElection
2019-10-16 22:17:03,383 [c08c50e8-12e3-4a9f-8d07-a31e7885cc60@group-C432D6B1530C-LeaderElection13] INFO  impl.RoleInfo (RoleInfo.java:updateAndGet(143)) - c08c50e8-12e3-4a9f-8d07-a31e7885cc60: start FollowerState
2019-10-16 22:17:03,511 [Thread-543] INFO  impl.FollowerState (FollowerState.java:run(108)) - c08c50e8-12e3-4a9f-8d07-a31e7885cc60@group-C432D6B1530C-FollowerState: change to CANDIDATE, lastRpcTime:128ms, electionTimeout:128ms
2019-10-16 22:17:03,515 [Thread-543] INFO  impl.RoleInfo (RoleInfo.java:shutdownFollowerState(121)) - c08c50e8-12e3-4a9f-8d07-a31e7885cc60: shutdown FollowerState
2019-10-16 22:17:03,515 [Thread-543] INFO  impl.RaftServerImpl (RaftServerImpl.java:setRole(184)) - c08c50e8-12e3-4a9f-8d07-a31e7885cc60@group-C432D6B1530C: changes role from  FOLLOWER to CANDIDATE at term 9 for changeToCandidate
2019-10-16 22:17:03,515 [Thread-543] INFO  impl.RoleInfo (RoleInfo.java:updateAndGet(143)) - c08c50e8-12e3-4a9f-8d07-a31e7885cc60: start LeaderElection
2019-10-16 22:17:03,525 [c08c50e8-12e3-4a9f-8d07-a31e7885cc60@group-C432D6B1530C-LeaderElection14] INFO  impl.LeaderElection (LeaderElection.java:askForVotes(178)) - c08c50e8-12e3-4a9f-8d07-a31e7885cc60@group-C432D6B1530C-LeaderElection14: begin an election at term 10 for -1: [c877b40c-f70f-4e08-bb9d-91bddb5d6847:192.168.34.38:40232, 777be068-7a1c-4abf-ad8d-603801d8ac95:192.168.34.38:35329, c08c50e8-12e3-4a9f-8d07-a31e7885cc60:192.168.34.38:44255], old=null
2019-10-16 22:17:03,528 [grpc-default-executor-0] INFO  impl.RaftServerImpl (RaftServerImpl.java:setRole(184)) - c877b40c-f70f-4e08-bb9d-91bddb5d6847@group-C432D6B1530C: changes role from  FOLLOWER to FOLLOWER at term 10 for recognizeCandidate:c08c50e8-12e3-4a9f-8d07-a31e7885cc60
2019-10-16 22:17:03,528 [grpc-default-executor-0] INFO  impl.RoleInfo (RoleInfo.java:shutdownFollowerState(121)) - c877b40c-f70f-4e08-bb9d-91bddb5d6847: shutdown FollowerState
2019-10-16 22:17:03,528 [grpc-default-executor-3] INFO  impl.RaftServerImpl (RaftServerImpl.java:setRole(184)) - 777be068-7a1c-4abf-ad8d-603801d8ac95@group-C432D6B1530C: changes role from  FOLLOWER to FOLLOWER at term 10 for recognizeCandidate:c08c50e8-12e3-4a9f-8d07-a31e7885cc60
2019-10-16 22:17:03,528 [Thread-542] INFO  impl.FollowerState (FollowerState.java:run(117)) - c877b40c-f70f-4e08-bb9d-91bddb5d6847@group-C432D6B1530C-FollowerState was interrupted: java.lang.InterruptedException: sleep interrupted
2019-10-16 22:17:03,528 [grpc-default-executor-0] INFO  impl.RoleInfo (RoleInfo.java:updateAndGet(143)) - c877b40c-f70f-4e08-bb9d-91bddb5d6847: start FollowerState
2019-10-16 22:17:03,529 [grpc-default-executor-3] INFO  impl.RoleInfo (RoleInfo.java:shutdownFollowerState(121)) - 777be068-7a1c-4abf-ad8d-603801d8ac95: shutdown FollowerState
2019-10-16 22:17:03,530 [Thread-541] INFO  impl.FollowerState (FollowerState.java:run(117)) - 777be068-7a1c-4abf-ad8d-603801d8ac95@group-C432D6B1530C-FollowerState was interrupted: java.lang.InterruptedException: sleep interrupted
2019-10-16 22:17:03,530 [grpc-default-executor-3] INFO  impl.RoleInfo (RoleInfo.java:updateAndGet(143)) - 777be068-7a1c-4abf-ad8d-603801d8ac95: start FollowerState
2019-10-16 22:17:03,538 [c08c50e8-12e3-4a9f-8d07-a31e7885cc60@group-C432D6B1530C-LeaderElection14] INFO  impl.LeaderElection (LeaderElection.java:logAndReturn(56)) - c08c50e8-12e3-4a9f-8d07-a31e7885cc60@group-C432D6B1530C-LeaderElection14: Election REJECTED; received 2 response(s) [c08c50e8-12e3-4a9f-8d07-a31e7885cc60<-c877b40c-f70f-4e08-bb9d-91bddb5d6847#0:FAIL-t10, c08c50e8-12e3-4a9f-8d07-a31e7885cc60<-777be068-7a1c-4abf-ad8d-603801d8ac95#0:FAIL-t10] and 0 exception(s); c08c50e8-12e3-4a9f-8d07-a31e7885cc60@group-C432D6B1530C:t10, leader=null, voted=c08c50e8-12e3-4a9f-8d07-a31e7885cc60, raftlog=c08c50e8-12e3-4a9f-8d07-a31e7885cc60@group-C432D6B1530C-SegmentedRaftLog:OPENED:c-1,f-1,i0, conf=-1: [c877b40c-f70f-4e08-bb9d-91bddb5d6847:192.168.34.38:40232, 777be068-7a1c-4abf-ad8d-603801d8ac95:192.168.34.38:35329, c08c50e8-12e3-4a9f-8d07-a31e7885cc60:192.168.34.38:44255], old=null
2019-10-16 22:17:03,538 [c08c50e8-12e3-4a9f-8d07-a31e7885cc60@group-C432D6B1530C-LeaderElection14] INFO  impl.RaftServerImpl (RaftServerImpl.java:setRole(184)) - c08c50e8-12e3-4a9f-8d07-a31e7885cc60@group-C432D6B1530C: changes role from CANDIDATE to FOLLOWER at term 10 for DISCOVERED_A_NEW_TERM
2019-10-16 22:17:03,538 [c08c50e8-12e3-4a9f-8d07-a31e7885cc60@group-C432D6B1530C-LeaderElection14] INFO  impl.RoleInfo (RoleInfo.java:shutdownLeaderElection(134)) - c08c50e8-12e3-4a9f-8d07-a31e7885cc60: shutdown LeaderElection
2019-10-16 22:17:03,539 [c08c50e8-12e3-4a9f-8d07-a31e7885cc60@group-C432D6B1530C-LeaderElection14] INFO  impl.RoleInfo (RoleInfo.java:updateAndGet(143)) - c08c50e8-12e3-4a9f-8d07-a31e7885cc60: start FollowerState
2019-10-16 22:17:03,543 [Thread-549] INFO  impl.FollowerState (FollowerState.java:run(108)) - c08c50e8-12e3-4a9f-8d07-a31e7885cc60@group-C432D6B1530C-FollowerState: change to CANDIDATE, lastRpcTime:4ms, electionTimeout:4ms
2019-10-16 22:17:03,544 [Thread-549] INFO  impl.RoleInfo (RoleInfo.java:shutdownFollowerState(121)) - c08c50e8-12e3-4a9f-8d07-a31e7885cc60: shutdown FollowerState
2019-10-16 22:17:03,544 [Thread-549] INFO  impl.RaftServerImpl (RaftServerImpl.java:setRole(184)) - c08c50e8-12e3-4a9f-8d07-a31e7885cc60@group-C432D6B1530C: changes role from  FOLLOWER to CANDIDATE at term 10 for changeToCandidate
2019-10-16 22:17:03,544 [Thread-549] INFO  impl.RoleInfo (RoleInfo.java:updateAndGet(143)) - c08c50e8-12e3-4a9f-8d07-a31e7885cc60: start LeaderElection
2019-10-16 22:17:03,574 [c08c50e8-12e3-4a9f-8d07-a31e7885cc60@group-C432D6B1530C-LeaderElection15] INFO  impl.LeaderElection (LeaderElection.java:askForVotes(178)) - c08c50e8-12e3-4a9f-8d07-a31e7885cc60@group-C432D6B1530C-LeaderElection15: begin an election at term 11 for -1: [c877b40c-f70f-4e08-bb9d-91bddb5d6847:192.168.34.38:40232, 777be068-7a1c-4abf-ad8d-603801d8ac95:192.168.34.38:35329, c08c50e8-12e3-4a9f-8d07-a31e7885cc60:192.168.34.38:44255], old=null
2019-10-16 22:17:03,576 [grpc-default-executor-3] INFO  impl.RaftServerImpl (RaftServerImpl.java:setRole(184)) - 777be068-7a1c-4abf-ad8d-603801d8ac95@group-C432D6B1530C: changes role from  FOLLOWER to FOLLOWER at term 11 for recognizeCandidate:c08c50e8-12e3-4a9f-8d07-a31e7885cc60
2019-10-16 22:17:03,576 [grpc-default-executor-0] INFO  impl.RaftServerImpl (RaftServerImpl.java:setRole(184)) - c877b40c-f70f-4e08-bb9d-91bddb5d6847@group-C432D6B1530C: changes role from  FOLLOWER to FOLLOWER at term 11 for recognizeCandidate:c08c50e8-12e3-4a9f-8d07-a31e7885cc60
2019-10-16 22:17:03,576 [grpc-default-executor-3] INFO  impl.RoleInfo (RoleInfo.java:shutdownFollowerState(121)) - 777be068-7a1c-4abf-ad8d-603801d8ac95: shutdown FollowerState
2019-10-16 22:17:03,576 [grpc-default-executor-0] INFO  impl.RoleInfo (RoleInfo.java:shutdownFollowerState(121)) - c877b40c-f70f-4e08-bb9d-91bddb5d6847: shutdown FollowerState
2019-10-16 22:17:03,577 [Thread-548] INFO  impl.FollowerState (FollowerState.java:run(117)) - 777be068-7a1c-4abf-ad8d-603801d8ac95@group-C432D6B1530C-FollowerState was interrupted: java.lang.InterruptedException: sleep interrupted
2019-10-16 22:17:03,577 [grpc-default-executor-3] INFO  impl.RoleInfo (RoleInfo.java:updateAndGet(143)) - 777be068-7a1c-4abf-ad8d-603801d8ac95: start FollowerState
2019-10-16 22:17:03,577 [Thread-547] INFO  impl.FollowerState (FollowerState.java:run(117)) - c877b40c-f70f-4e08-bb9d-91bddb5d6847@group-C432D6B1530C-FollowerState was interrupted: java.lang.InterruptedException: sleep interrupted
2019-10-16 22:17:03,577 [grpc-default-executor-0] INFO  impl.RoleInfo (RoleInfo.java:updateAndGet(143)) - c877b40c-f70f-4e08-bb9d-91bddb5d6847: start FollowerState
2019-10-16 22:17:03,592 [c08c50e8-12e3-4a9f-8d07-a31e7885cc60@group-C432D6B1530C-LeaderElection15] INFO  impl.LeaderElection (LeaderElection.java:logAndReturn(56)) - c08c50e8-12e3-4a9f-8d07-a31e7885cc60@group-C432D6B1530C-LeaderElection15: Election REJECTED; received 2 response(s) [c08c50e8-12e3-4a9f-8d07-a31e7885cc60<-c877b40c-f70f-4e08-bb9d-91bddb5d6847#0:FAIL-t11, c08c50e8-12e3-4a9f-8d07-a31e7885cc60<-777be068-7a1c-4abf-ad8d-603801d8ac95#0:FAIL-t11] and 0 exception(s); c08c50e8-12e3-4a9f-8d07-a31e7885cc60@group-C432D6B1530C:t11, leader=null, voted=c08c50e8-12e3-4a9f-8d07-a31e7885cc60, raftlog=c08c50e8-12e3-4a9f-8d07-a31e7885cc60@group-C432D6B1530C-SegmentedRaftLog:OPENED:c-1,f-1,i0, conf=-1: [c877b40c-f70f-4e08-bb9d-91bddb5d6847:192.168.34.38:40232, 777be068-7a1c-4abf-ad8d-603801d8ac95:192.168.34.38:35329, c08c50e8-12e3-4a9f-8d07-a31e7885cc60:192.168.34.38:44255], old=null
2019-10-16 22:17:03,593 [c08c50e8-12e3-4a9f-8d07-a31e7885cc60@group-C432D6B1530C-LeaderElection15] INFO  impl.RaftServerImpl (RaftServerImpl.java:setRole(184)) - c08c50e8-12e3-4a9f-8d07-a31e7885cc60@group-C432D6B1530C: changes role from CANDIDATE to FOLLOWER at term 11 for DISCOVERED_A_NEW_TERM
2019-10-16 22:17:03,593 [c08c50e8-12e3-4a9f-8d07-a31e7885cc60@group-C432D6B1530C-LeaderElection15] INFO  impl.RoleInfo (RoleInfo.java:shutdownLeaderElection(134)) - c08c50e8-12e3-4a9f-8d07-a31e7885cc60: shutdown LeaderElection
2019-10-16 22:17:03,593 [c08c50e8-12e3-4a9f-8d07-a31e7885cc60@group-C432D6B1530C-LeaderElection15] INFO  impl.RoleInfo (RoleInfo.java:updateAndGet(143)) - c08c50e8-12e3-4a9f-8d07-a31e7885cc60: start FollowerState
 0.00% |?                                                                                                    |  0/1 Time: 0:00:012019-10-16 22:17:03,749 [Thread-555] INFO  impl.FollowerState (FollowerState.java:run(108)) - c08c50e8-12e3-4a9f-8d07-a31e7885cc60@group-C432D6B1530C-FollowerState: change to CANDIDATE, lastRpcTime:155ms, electionTimeout:155ms
2019-10-16 22:17:03,750 [Thread-555] INFO  impl.RoleInfo (RoleInfo.java:shutdownFollowerState(121)) - c08c50e8-12e3-4a9f-8d07-a31e7885cc60: shutdown FollowerState
2019-10-16 22:17:03,750 [Thread-555] INFO  impl.RaftServerImpl (RaftServerImpl.java:setRole(184)) - c08c50e8-12e3-4a9f-8d07-a31e7885cc60@group-C432D6B1530C: changes role from  FOLLOWER to CANDIDATE at term 11 for changeToCandidate
2019-10-16 22:17:03,750 [Thread-555] INFO  impl.RoleInfo (RoleInfo.java:updateAndGet(143)) - c08c50e8-12e3-4a9f-8d07-a31e7885cc60: start LeaderElection
2019-10-16 22:17:03,755 [c08c50e8-12e3-4a9f-8d07-a31e7885cc60@group-C432D6B1530C-LeaderElection16] INFO  impl.LeaderElection (LeaderElection.java:askForVotes(178)) - c08c50e8-12e3-4a9f-8d07-a31e7885cc60@group-C432D6B1530C-LeaderElection16: begin an election at term 12 for -1: [c877b40c-f70f-4e08-bb9d-91bddb5d6847:192.168.34.38:40232, 777be068-7a1c-4abf-ad8d-603801d8ac95:192.168.34.38:35329, c08c50e8-12e3-4a9f-8d07-a31e7885cc60:192.168.34.38:44255], old=null
2019-10-16 22:17:03,758 [grpc-default-executor-3] INFO  impl.RaftServerImpl (RaftServerImpl.java:setRole(184)) - 777be068-7a1c-4abf-ad8d-603801d8ac95@group-C432D6B1530C: changes role from  FOLLOWER to FOLLOWER at term 12 for recognizeCandidate:c08c50e8-12e3-4a9f-8d07-a31e7885cc60
2019-10-16 22:17:03,758 [grpc-default-executor-0] INFO  impl.RaftServerImpl (RaftServerImpl.java:setRole(184)) - c877b40c-f70f-4e08-bb9d-91bddb5d6847@group-C432D6B1530C: changes role from  FOLLOWER to FOLLOWER at term 12 for recognizeCandidate:c08c50e8-12e3-4a9f-8d07-a31e7885cc60
2019-10-16 22:17:03,758 [grpc-default-executor-3] INFO  impl.RoleInfo (RoleInfo.java:shutdownFollowerState(121)) - 777be068-7a1c-4abf-ad8d-603801d8ac95: shutdown FollowerState
2019-10-16 22:17:03,759 [grpc-default-executor-0] INFO  impl.RoleInfo (RoleInfo.java:shutdownFollowerState(121)) - c877b40c-f70f-4e08-bb9d-91bddb5d6847: shutdown FollowerState
2019-10-16 22:17:03,759 [Thread-553] INFO  impl.FollowerState (FollowerState.java:run(117)) - 777be068-7a1c-4abf-ad8d-603801d8ac95@group-C432D6B1530C-FollowerState was interrupted: java.lang.InterruptedException: sleep interrupted
2019-10-16 22:17:03,759 [Thread-554] INFO  impl.FollowerState (FollowerState.java:run(117)) - c877b40c-f70f-4e08-bb9d-91bddb5d6847@group-C432D6B1530C-FollowerState was interrupted: java.lang.InterruptedException: sleep interrupted
2019-10-16 22:17:03,759 [grpc-default-executor-3] INFO  impl.RoleInfo (RoleInfo.java:updateAndGet(143)) - 777be068-7a1c-4abf-ad8d-603801d8ac95: start FollowerState
2019-10-16 22:17:03,759 [grpc-default-executor-0] INFO  impl.RoleInfo (RoleInfo.java:updateAndGet(143)) - c877b40c-f70f-4e08-bb9d-91bddb5d6847: start FollowerState
2019-10-16 22:17:03,768 [c08c50e8-12e3-4a9f-8d07-a31e7885cc60@group-C432D6B1530C-LeaderElection16] INFO  impl.LeaderElection (LeaderElection.java:logAndReturn(56)) - c08c50e8-12e3-4a9f-8d07-a31e7885cc60@group-C432D6B1530C-LeaderElection16: Election REJECTED; received 2 response(s) [c08c50e8-12e3-4a9f-8d07-a31e7885cc60<-c877b40c-f70f-4e08-bb9d-91bddb5d6847#0:FAIL-t12, c08c50e8-12e3-4a9f-8d07-a31e7885cc60<-777be068-7a1c-4abf-ad8d-603801d8ac95#0:FAIL-t12] and 0 exception(s); c08c50e8-12e3-4a9f-8d07-a31e7885cc60@group-C432D6B1530C:t12, leader=null, voted=c08c50e8-12e3-4a9f-8d07-a31e7885cc60, raftlog=c08c50e8-12e3-4a9f-8d07-a31e7885cc60@group-C432D6B1530C-SegmentedRaftLog:OPENED:c-1,f-1,i0, conf=-1: [c877b40c-f70f-4e08-bb9d-91bddb5d6847:192.168.34.38:40232, 777be068-7a1c-4abf-ad8d-603801d8ac95:192.168.34.38:35329, c08c50e8-12e3-4a9f-8d07-a31e7885cc60:192.168.34.38:44255], old=null
2019-10-16 22:17:03,768 [c08c50e8-12e3-4a9f-8d07-a31e7885cc60@group-C432D6B1530C-LeaderElection16] INFO  impl.RaftServerImpl (RaftServerImpl.java:setRole(184)) - c08c50e8-12e3-4a9f-8d07-a31e7885cc60@group-C432D6B1530C: changes role from CANDIDATE to FOLLOWER at term 12 for DISCOVERED_A_NEW_TERM
2019-10-16 22:17:03,768 [c08c50e8-12e3-4a9f-8d07-a31e7885cc60@group-C432D6B1530C-LeaderElection16] INFO  impl.RoleInfo (RoleInfo.java:shutdownLeaderElection(134)) - c08c50e8-12e3-4a9f-8d07-a31e7885cc60: shutdown LeaderElection
2019-10-16 22:17:03,768 [c08c50e8-12e3-4a9f-8d07-a31e7885cc60@group-C432D6B1530C-LeaderElection16] INFO  impl.RoleInfo (RoleInfo.java:updateAndGet(143)) - c08c50e8-12e3-4a9f-8d07-a31e7885cc60: start FollowerState
2019-10-16 22:17:03,921 [Thread-561] INFO  impl.FollowerState (FollowerState.java:run(108)) - c08c50e8-12e3-4a9f-8d07-a31e7885cc60@group-C432D6B1530C-FollowerState: change to CANDIDATE, lastRpcTime:152ms, electionTimeout:152ms
2019-10-16 22:17:03,922 [Thread-561] INFO  impl.RoleInfo (RoleInfo.java:shutdownFollowerState(121)) - c08c50e8-12e3-4a9f-8d07-a31e7885cc60: shutdown FollowerState
2019-10-16 22:17:03,922 [Thread-561] INFO  impl.RaftServerImpl (RaftServerImpl.java:setRole(184)) - c08c50e8-12e3-4a9f-8d07-a31e7885cc60@group-C432D6B1530C: changes role from  FOLLOWER to CANDIDATE at term 12 for changeToCandidate
2019-10-16 22:17:03,922 [Thread-561] INFO  impl.RoleInfo (RoleInfo.java:updateAndGet(143)) - c08c50e8-12e3-4a9f-8d07-a31e7885cc60: start LeaderElection
2019-10-16 22:17:03,926 [c08c50e8-12e3-4a9f-8d07-a31e7885cc60@group-C432D6B1530C-LeaderElection17] INFO  impl.LeaderElection (LeaderElection.java:askForVotes(178)) - c08c50e8-12e3-4a9f-8d07-a31e7885cc60@group-C432D6B1530C-LeaderElection17: begin an election at term 13 for -1: [c877b40c-f70f-4e08-bb9d-91bddb5d6847:192.168.34.38:40232, 777be068-7a1c-4abf-ad8d-603801d8ac95:192.168.34.38:35329, c08c50e8-12e3-4a9f-8d07-a31e7885cc60:192.168.34.38:44255], old=null
2019-10-16 22:17:03,928 [grpc-default-executor-0] INFO  impl.RaftServerImpl (RaftServerImpl.java:setRole(184)) - c877b40c-f70f-4e08-bb9d-91bddb5d6847@group-C432D6B1530C: changes role from  FOLLOWER to FOLLOWER at term 13 for recognizeCandidate:c08c50e8-12e3-4a9f-8d07-a31e7885cc60
2019-10-16 22:17:03,928 [grpc-default-executor-0] INFO  impl.RoleInfo (RoleInfo.java:shutdownFollowerState(121)) - c877b40c-f70f-4e08-bb9d-91bddb5d6847: shutdown FollowerState
2019-10-16 22:17:03,929 [grpc-default-executor-0] INFO  impl.RoleInfo (RoleInfo.java:updateAndGet(143)) - c877b40c-f70f-4e08-bb9d-91bddb5d6847: start FollowerState
2019-10-16 22:17:03,929 [Thread-560] INFO  impl.FollowerState (FollowerState.java:run(117)) - c877b40c-f70f-4e08-bb9d-91bddb5d6847@group-C432D6B1530C-FollowerState was interrupted: java.lang.InterruptedException: sleep interrupted
2019-10-16 22:17:03,929 [grpc-default-executor-3] INFO  impl.RaftServerImpl (RaftServerImpl.java:setRole(184)) - 777be068-7a1c-4abf-ad8d-603801d8ac95@group-C432D6B1530C: changes role from  FOLLOWER to FOLLOWER at term 13 for recognizeCandidate:c08c50e8-12e3-4a9f-8d07-a31e7885cc60
2019-10-16 22:17:03,929 [grpc-default-executor-3] INFO  impl.RoleInfo (RoleInfo.java:shutdownFollowerState(121)) - 777be068-7a1c-4abf-ad8d-603801d8ac95: shutdown FollowerState
2019-10-16 22:17:03,929 [grpc-default-executor-3] INFO  impl.RoleInfo (RoleInfo.java:updateAndGet(143)) - 777be068-7a1c-4abf-ad8d-603801d8ac95: start FollowerState
2019-10-16 22:17:03,929 [Thread-559] INFO  impl.FollowerState (FollowerState.java:run(117)) - 777be068-7a1c-4abf-ad8d-603801d8ac95@group-C432D6B1530C-FollowerState was interrupted: java.lang.InterruptedException: sleep interrupted
2019-10-16 22:17:03,938 [c08c50e8-12e3-4a9f-8d07-a31e7885cc60@group-C432D6B1530C-LeaderElection17] INFO  impl.LeaderElection (LeaderElection.java:logAndReturn(56)) - c08c50e8-12e3-4a9f-8d07-a31e7885cc60@group-C432D6B1530C-LeaderElection17: Election REJECTED; received 2 response(s) [c08c50e8-12e3-4a9f-8d07-a31e7885cc60<-c877b40c-f70f-4e08-bb9d-91bddb5d6847#0:FAIL-t13, c08c50e8-12e3-4a9f-8d07-a31e7885cc60<-777be068-7a1c-4abf-ad8d-603801d8ac95#0:FAIL-t13] and 0 exception(s); c08c50e8-12e3-4a9f-8d07-a31e7885cc60@group-C432D6B1530C:t13, leader=null, voted=c08c50e8-12e3-4a9f-8d07-a31e7885cc60, raftlog=c08c50e8-12e3-4a9f-8d07-a31e7885cc60@group-C432D6B1530C-SegmentedRaftLog:OPENED:c-1,f-1,i0, conf=-1: [c877b40c-f70f-4e08-bb9d-91bddb5d6847:192.168.34.38:40232, 777be068-7a1c-4abf-ad8d-603801d8ac95:192.168.34.38:35329, c08c50e8-12e3-4a9f-8d07-a31e7885cc60:192.168.34.38:44255], old=null
2019-10-16 22:17:03,939 [c08c50e8-12e3-4a9f-8d07-a31e7885cc60@group-C432D6B1530C-LeaderElection17] INFO  impl.RaftServerImpl (RaftServerImpl.java:setRole(184)) - c08c50e8-12e3-4a9f-8d07-a31e7885cc60@group-C432D6B1530C: changes role from CANDIDATE to FOLLOWER at term 13 for DISCOVERED_A_NEW_TERM
2019-10-16 22:17:03,939 [c08c50e8-12e3-4a9f-8d07-a31e7885cc60@group-C432D6B1530C-LeaderElection17] INFO  impl.RoleInfo (RoleInfo.java:shutdownLeaderElection(134)) - c08c50e8-12e3-4a9f-8d07-a31e7885cc60: shutdown LeaderElection
2019-10-16 22:17:03,939 [c08c50e8-12e3-4a9f-8d07-a31e7885cc60@group-C432D6B1530C-LeaderElection17] INFO  impl.RoleInfo (RoleInfo.java:updateAndGet(143)) - c08c50e8-12e3-4a9f-8d07-a31e7885cc60: start FollowerState
2019-10-16 22:17:04,127 [Thread-567] INFO  impl.FollowerState (FollowerState.java:run(108)) - c08c50e8-12e3-4a9f-8d07-a31e7885cc60@group-C432D6B1530C-FollowerState: change to CANDIDATE, lastRpcTime:188ms, electionTimeout:188ms
2019-10-16 22:17:04,128 [Thread-567] INFO  impl.RoleInfo (RoleInfo.java:shutdownFollowerState(121)) - c08c50e8-12e3-4a9f-8d07-a31e7885cc60: shutdown FollowerState
2019-10-16 22:17:04,129 [Thread-567] INFO  impl.RaftServerImpl (RaftServerImpl.java:setRole(184)) - c08c50e8-12e3-4a9f-8d07-a31e7885cc60@group-C432D6B1530C: changes role from  FOLLOWER to CANDIDATE at term 13 for changeToCandidate
2019-10-16 22:17:04,129 [Thread-567] INFO  impl.RoleInfo (RoleInfo.java:updateAndGet(143)) - c08c50e8-12e3-4a9f-8d07-a31e7885cc60: start LeaderElection
2019-10-16 22:17:04,133 [c08c50e8-12e3-4a9f-8d07-a31e7885cc60@group-C432D6B1530C-LeaderElection18] INFO  impl.LeaderElection (LeaderElection.java:askForVotes(178)) - c08c50e8-12e3-4a9f-8d07-a31e7885cc60@group-C432D6B1530C-LeaderElection18: begin an election at term 14 for -1: [c877b40c-f70f-4e08-bb9d-91bddb5d6847:192.168.34.38:40232, 777be068-7a1c-4abf-ad8d-603801d8ac95:192.168.34.38:35329, c08c50e8-12e3-4a9f-8d07-a31e7885cc60:192.168.34.38:44255], old=null
2019-10-16 22:17:04,136 [grpc-default-executor-3] INFO  impl.RaftServerImpl (RaftServerImpl.java:setRole(184)) - 777be068-7a1c-4abf-ad8d-603801d8ac95@group-C432D6B1530C: changes role from  FOLLOWER to FOLLOWER at term 14 for recognizeCandidate:c08c50e8-12e3-4a9f-8d07-a31e7885cc60
2019-10-16 22:17:04,136 [grpc-default-executor-0] INFO  impl.RaftServerImpl (RaftServerImpl.java:setRole(184)) - c877b40c-f70f-4e08-bb9d-91bddb5d6847@group-C432D6B1530C: changes role from  FOLLOWER to FOLLOWER at term 14 for recognizeCandidate:c08c50e8-12e3-4a9f-8d07-a31e7885cc60
2019-10-16 22:17:04,136 [grpc-default-executor-3] INFO  impl.RoleInfo (RoleInfo.java:shutdownFollowerState(121)) - 777be068-7a1c-4abf-ad8d-603801d8ac95: shutdown FollowerState
2019-10-16 22:17:04,136 [grpc-default-executor-0] INFO  impl.RoleInfo (RoleInfo.java:shutdownFollowerState(121)) - c877b40c-f70f-4e08-bb9d-91bddb5d6847: shutdown FollowerState
2019-10-16 22:17:04,136 [grpc-default-executor-3] INFO  impl.RoleInfo (RoleInfo.java:updateAndGet(143)) - 777be068-7a1c-4abf-ad8d-603801d8ac95: start FollowerState
2019-10-16 22:17:04,136 [grpc-default-executor-0] INFO  impl.RoleInfo (RoleInfo.java:updateAndGet(143)) - c877b40c-f70f-4e08-bb9d-91bddb5d6847: start FollowerState
2019-10-16 22:17:04,136 [Thread-566] INFO  impl.FollowerState (FollowerState.java:run(117)) - 777be068-7a1c-4abf-ad8d-603801d8ac95@group-C432D6B1530C-FollowerState was interrupted: java.lang.InterruptedException: sleep interrupted
2019-10-16 22:17:04,136 [Thread-565] INFO  impl.FollowerState (FollowerState.java:run(117)) - c877b40c-f70f-4e08-bb9d-91bddb5d6847@group-C432D6B1530C-FollowerState was interrupted: java.lang.InterruptedException: sleep interrupted
2019-10-16 22:17:04,149 [c08c50e8-12e3-4a9f-8d07-a31e7885cc60@group-C432D6B1530C-LeaderElection18] INFO  impl.LeaderElection (LeaderElection.java:logAndReturn(56)) - c08c50e8-12e3-4a9f-8d07-a31e7885cc60@group-C432D6B1530C-LeaderElection18: Election REJECTED; received 2 response(s) [c08c50e8-12e3-4a9f-8d07-a31e7885cc60<-c877b40c-f70f-4e08-bb9d-91bddb5d6847#0:FAIL-t14, c08c50e8-12e3-4a9f-8d07-a31e7885cc60<-777be068-7a1c-4abf-ad8d-603801d8ac95#0:FAIL-t14] and 0 exception(s); c08c50e8-12e3-4a9f-8d07-a31e7885cc60@group-C432D6B1530C:t14, leader=null, voted=c08c50e8-12e3-4a9f-8d07-a31e7885cc60, raftlog=c08c50e8-12e3-4a9f-8d07-a31e7885cc60@group-C432D6B1530C-SegmentedRaftLog:OPENED:c-1,f-1,i0, conf=-1: [c877b40c-f70f-4e08-bb9d-91bddb5d6847:192.168.34.38:40232, 777be068-7a1c-4abf-ad8d-603801d8ac95:192.168.34.38:35329, c08c50e8-12e3-4a9f-8d07-a31e7885cc60:192.168.34.38:44255], old=null
2019-10-16 22:17:04,149 [c08c50e8-12e3-4a9f-8d07-a31e7885cc60@group-C432D6B1530C-LeaderElection18] INFO  impl.RaftServerImpl (RaftServerImpl.java:setRole(184)) - c08c50e8-12e3-4a9f-8d07-a31e7885cc60@group-C432D6B1530C: changes role from CANDIDATE to FOLLOWER at term 14 for DISCOVERED_A_NEW_TERM
2019-10-16 22:17:04,149 [c08c50e8-12e3-4a9f-8d07-a31e7885cc60@group-C432D6B1530C-LeaderElection18] INFO  impl.RoleInfo (RoleInfo.java:shutdownLeaderElection(134)) - c08c50e8-12e3-4a9f-8d07-a31e7885cc60: shutdown LeaderElection
2019-10-16 22:17:04,149 [c08c50e8-12e3-4a9f-8d07-a31e7885cc60@group-C432D6B1530C-LeaderElection18] INFO  impl.RoleInfo (RoleInfo.java:updateAndGet(143)) - c08c50e8-12e3-4a9f-8d07-a31e7885cc60: start FollowerState
2019-10-16 22:17:04,157 [Thread-573] INFO  impl.FollowerState (FollowerState.java:run(108)) - c08c50e8-12e3-4a9f-8d07-a31e7885cc60@group-C432D6B1530C-FollowerState: change to CANDIDATE, lastRpcTime:7ms, electionTimeout:7ms
2019-10-16 22:17:04,158 [Thread-573] INFO  impl.RoleInfo (RoleInfo.java:shutdownFollowerState(121)) - c08c50e8-12e3-4a9f-8d07-a31e7885cc60: shutdown FollowerState
2019-10-16 22:17:04,158 [Thread-573] INFO  impl.RaftServerImpl (RaftServerImpl.java:setRole(184)) - c08c50e8-12e3-4a9f-8d07-a31e7885cc60@group-C432D6B1530C: changes role from  FOLLOWER to CANDIDATE at term 14 for changeToCandidate
2019-10-16 22:17:04,158 [Thread-573] INFO  impl.RoleInfo (RoleInfo.java:updateAndGet(143)) - c08c50e8-12e3-4a9f-8d07-a31e7885cc60: start LeaderElection
2019-10-16 22:17:04,165 [c08c50e8-12e3-4a9f-8d07-a31e7885cc60@group-C432D6B1530C-LeaderElection19] INFO  impl.LeaderElection (LeaderElection.java:askForVotes(178)) - c08c50e8-12e3-4a9f-8d07-a31e7885cc60@group-C432D6B1530C-LeaderElection19: begin an election at term 15 for -1: [c877b40c-f70f-4e08-bb9d-91bddb5d6847:192.168.34.38:40232, 777be068-7a1c-4abf-ad8d-603801d8ac95:192.168.34.38:35329, c08c50e8-12e3-4a9f-8d07-a31e7885cc60:192.168.34.38:44255], old=null
2019-10-16 22:17:04,167 [grpc-default-executor-0] INFO  impl.RaftServerImpl (RaftServerImpl.java:setRole(184)) - 777be068-7a1c-4abf-ad8d-603801d8ac95@group-C432D6B1530C: changes role from  FOLLOWER to FOLLOWER at term 15 for recognizeCandidate:c08c50e8-12e3-4a9f-8d07-a31e7885cc60
2019-10-16 22:17:04,167 [grpc-default-executor-3] INFO  impl.RaftServerImpl (RaftServerImpl.java:setRole(184)) - c877b40c-f70f-4e08-bb9d-91bddb5d6847@group-C432D6B1530C: changes role from  FOLLOWER to FOLLOWER at term 15 for recognizeCandidate:c08c50e8-12e3-4a9f-8d07-a31e7885cc60
2019-10-16 22:17:04,167 [grpc-default-executor-0] INFO  impl.RoleInfo (RoleInfo.java:shutdownFollowerState(121)) - 777be068-7a1c-4abf-ad8d-603801d8ac95: shutdown FollowerState
2019-10-16 22:17:04,167 [grpc-default-executor-3] INFO  impl.RoleInfo (RoleInfo.java:shutdownFollowerState(121)) - c877b40c-f70f-4e08-bb9d-91bddb5d6847: shutdown FollowerState
2019-10-16 22:17:04,167 [Thread-571] INFO  impl.FollowerState (FollowerState.java:run(117)) - 777be068-7a1c-4abf-ad8d-603801d8ac95@group-C432D6B1530C-FollowerState was interrupted: java.lang.InterruptedException: sleep interrupted
2019-10-16 22:17:04,167 [grpc-default-executor-0] INFO  impl.RoleInfo (RoleInfo.java:updateAndGet(143)) - 777be068-7a1c-4abf-ad8d-603801d8ac95: start FollowerState
2019-10-16 22:17:04,167 [Thread-572] INFO  impl.FollowerState (FollowerState.java:run(117)) - c877b40c-f70f-4e08-bb9d-91bddb5d6847@group-C432D6B1530C-FollowerState was interrupted: java.lang.InterruptedException: sleep interrupted
2019-10-16 22:17:04,167 [grpc-default-executor-3] INFO  impl.RoleInfo (RoleInfo.java:updateAndGet(143)) - c877b40c-f70f-4e08-bb9d-91bddb5d6847: start FollowerState
2019-10-16 22:17:04,180 [c08c50e8-12e3-4a9f-8d07-a31e7885cc60@group-C432D6B1530C-LeaderElection19] INFO  impl.LeaderElection (LeaderElection.java:logAndReturn(56)) - c08c50e8-12e3-4a9f-8d07-a31e7885cc60@group-C432D6B1530C-LeaderElection19: Election REJECTED; received 2 response(s) [c08c50e8-12e3-4a9f-8d07-a31e7885cc60<-c877b40c-f70f-4e08-bb9d-91bddb5d6847#0:FAIL-t15, c08c50e8-12e3-4a9f-8d07-a31e7885cc60<-777be068-7a1c-4abf-ad8d-603801d8ac95#0:FAIL-t15] and 0 exception(s); c08c50e8-12e3-4a9f-8d07-a31e7885cc60@group-C432D6B1530C:t15, leader=null, voted=c08c50e8-12e3-4a9f-8d07-a31e7885cc60, raftlog=c08c50e8-12e3-4a9f-8d07-a31e7885cc60@group-C432D6B1530C-SegmentedRaftLog:OPENED:c-1,f-1,i0, conf=-1: [c877b40c-f70f-4e08-bb9d-91bddb5d6847:192.168.34.38:40232, 777be068-7a1c-4abf-ad8d-603801d8ac95:192.168.34.38:35329, c08c50e8-12e3-4a9f-8d07-a31e7885cc60:192.168.34.38:44255], old=null
2019-10-16 22:17:04,180 [c08c50e8-12e3-4a9f-8d07-a31e7885cc60@group-C432D6B1530C-LeaderElection19] INFO  impl.RaftServerImpl (RaftServerImpl.java:setRole(184)) - c08c50e8-12e3-4a9f-8d07-a31e7885cc60@group-C432D6B1530C: changes role from CANDIDATE to FOLLOWER at term 15 for DISCOVERED_A_NEW_TERM
2019-10-16 22:17:04,180 [c08c50e8-12e3-4a9f-8d07-a31e7885cc60@group-C432D6B1530C-LeaderElection19] INFO  impl.RoleInfo (RoleInfo.java:shutdownLeaderElection(134)) - c08c50e8-12e3-4a9f-8d07-a31e7885cc60: shutdown LeaderElection
2019-10-16 22:17:04,180 [c08c50e8-12e3-4a9f-8d07-a31e7885cc60@group-C432D6B1530C-LeaderElection19] INFO  impl.RoleInfo (RoleInfo.java:updateAndGet(143)) - c08c50e8-12e3-4a9f-8d07-a31e7885cc60: start FollowerState
2019-10-16 22:17:04,358 [Thread-579] INFO  impl.FollowerState (FollowerState.java:run(108)) - c08c50e8-12e3-4a9f-8d07-a31e7885cc60@group-C432D6B1530C-FollowerState: change to CANDIDATE, lastRpcTime:178ms, electionTimeout:178ms
2019-10-16 22:17:04,360 [Thread-579] INFO  impl.RoleInfo (RoleInfo.java:shutdownFollowerState(121)) - c08c50e8-12e3-4a9f-8d07-a31e7885cc60: shutdown FollowerState
2019-10-16 22:17:04,360 [Thread-579] INFO  impl.RaftServerImpl (RaftServerImpl.java:setRole(184)) - c08c50e8-12e3-4a9f-8d07-a31e7885cc60@group-C432D6B1530C: changes role from  FOLLOWER to CANDIDATE at term 15 for changeToCandidate
2019-10-16 22:17:04,360 [Thread-579] INFO  impl.RoleInfo (RoleInfo.java:updateAndGet(143)) - c08c50e8-12e3-4a9f-8d07-a31e7885cc60: start LeaderElection
2019-10-16 22:17:04,366 [c08c50e8-12e3-4a9f-8d07-a31e7885cc60@group-C432D6B1530C-LeaderElection20] INFO  impl.LeaderElection (LeaderElection.java:askForVotes(178)) - c08c50e8-12e3-4a9f-8d07-a31e7885cc60@group-C432D6B1530C-LeaderElection20: begin an election at term 16 for -1: [c877b40c-f70f-4e08-bb9d-91bddb5d6847:192.168.34.38:40232, 777be068-7a1c-4abf-ad8d-603801d8ac95:192.168.34.38:35329, c08c50e8-12e3-4a9f-8d07-a31e7885cc60:192.168.34.38:44255], old=null
2019-10-16 22:17:04,369 [grpc-default-executor-3] INFO  impl.RaftServerImpl (RaftServerImpl.java:setRole(184)) - 777be068-7a1c-4abf-ad8d-603801d8ac95@group-C432D6B1530C: changes role from  FOLLOWER to FOLLOWER at term 16 for recognizeCandidate:c08c50e8-12e3-4a9f-8d07-a31e7885cc60
2019-10-16 22:17:04,369 [grpc-default-executor-0] INFO  impl.RaftServerImpl (RaftServerImpl.java:setRole(184)) - c877b40c-f70f-4e08-bb9d-91bddb5d6847@group-C432D6B1530C: changes role from  FOLLOWER to FOLLOWER at term 16 for recognizeCandidate:c08c50e8-12e3-4a9f-8d07-a31e7885cc60
2019-10-16 22:17:04,370 [grpc-default-executor-3] INFO  impl.RoleInfo (RoleInfo.java:shutdownFollowerState(121)) - 777be068-7a1c-4abf-ad8d-603801d8ac95: shutdown FollowerState
2019-10-16 22:17:04,370 [grpc-default-executor-0] INFO  impl.RoleInfo (RoleInfo.java:shutdownFollowerState(121)) - c877b40c-f70f-4e08-bb9d-91bddb5d6847: shutdown FollowerState
2019-10-16 22:17:04,370 [Thread-577] INFO  impl.FollowerState (FollowerState.java:run(117)) - 777be068-7a1c-4abf-ad8d-603801d8ac95@group-C432D6B1530C-FollowerState was interrupted: java.lang.InterruptedException: sleep interrupted
2019-10-16 22:17:04,370 [grpc-default-executor-3] INFO  impl.RoleInfo (RoleInfo.java:updateAndGet(143)) - 777be068-7a1c-4abf-ad8d-603801d8ac95: start FollowerState
2019-10-16 22:17:04,370 [Thread-578] INFO  impl.FollowerState (FollowerState.java:run(117)) - c877b40c-f70f-4e08-bb9d-91bddb5d6847@group-C432D6B1530C-FollowerState was interrupted: java.lang.InterruptedException: sleep interrupted
2019-10-16 22:17:04,370 [grpc-default-executor-0] INFO  impl.RoleInfo (RoleInfo.java:updateAndGet(143)) - c877b40c-f70f-4e08-bb9d-91bddb5d6847: start FollowerState
2019-10-16 22:17:04,377 [c08c50e8-12e3-4a9f-8d07-a31e7885cc60@group-C432D6B1530C-LeaderElection20] INFO  impl.LeaderElection (LeaderElection.java:logAndReturn(56)) - c08c50e8-12e3-4a9f-8d07-a31e7885cc60@group-C432D6B1530C-LeaderElection20: Election REJECTED; received 2 response(s) [c08c50e8-12e3-4a9f-8d07-a31e7885cc60<-c877b40c-f70f-4e08-bb9d-91bddb5d6847#0:FAIL-t16, c08c50e8-12e3-4a9f-8d07-a31e7885cc60<-777be068-7a1c-4abf-ad8d-603801d8ac95#0:FAIL-t16] and 0 exception(s); c08c50e8-12e3-4a9f-8d07-a31e7885cc60@group-C432D6B1530C:t16, leader=null, voted=c08c50e8-12e3-4a9f-8d07-a31e7885cc60, raftlog=c08c50e8-12e3-4a9f-8d07-a31e7885cc60@group-C432D6B1530C-SegmentedRaftLog:OPENED:c-1,f-1,i0, conf=-1: [c877b40c-f70f-4e08-bb9d-91bddb5d6847:192.168.34.38:40232, 777be068-7a1c-4abf-ad8d-603801d8ac95:192.168.34.38:35329, c08c50e8-12e3-4a9f-8d07-a31e7885cc60:192.168.34.38:44255], old=null
2019-10-16 22:17:04,377 [c08c50e8-12e3-4a9f-8d07-a31e7885cc60@group-C432D6B1530C-LeaderElection20] INFO  impl.RaftServerImpl (RaftServerImpl.java:setRole(184)) - c08c50e8-12e3-4a9f-8d07-a31e7885cc60@group-C432D6B1530C: changes role from CANDIDATE to FOLLOWER at term 16 for DISCOVERED_A_NEW_TERM
2019-10-16 22:17:04,377 [c08c50e8-12e3-4a9f-8d07-a31e7885cc60@group-C432D6B1530C-LeaderElection20] INFO  impl.RoleInfo (RoleInfo.java:shutdownLeaderElection(134)) - c08c50e8-12e3-4a9f-8d07-a31e7885cc60: shutdown LeaderElection
2019-10-16 22:17:04,379 [c08c50e8-12e3-4a9f-8d07-a31e7885cc60@group-C432D6B1530C-LeaderElection20] INFO  impl.RoleInfo (RoleInfo.java:updateAndGet(143)) - c08c50e8-12e3-4a9f-8d07-a31e7885cc60: start FollowerState
2019-10-16 22:17:04,425 [Thread-585] INFO  impl.FollowerState (FollowerState.java:run(108)) - c08c50e8-12e3-4a9f-8d07-a31e7885cc60@group-C432D6B1530C-FollowerState: change to CANDIDATE, lastRpcTime:46ms, electionTimeout:46ms
2019-10-16 22:17:04,426 [Thread-585] INFO  impl.RoleInfo (RoleInfo.java:shutdownFollowerState(121)) - c08c50e8-12e3-4a9f-8d07-a31e7885cc60: shutdown FollowerState
2019-10-16 22:17:04,426 [Thread-585] INFO  impl.RaftServerImpl (RaftServerImpl.java:setRole(184)) - c08c50e8-12e3-4a9f-8d07-a31e7885cc60@group-C432D6B1530C: changes role from  FOLLOWER to CANDIDATE at term 16 for changeToCandidate
2019-10-16 22:17:04,426 [Thread-585] INFO  impl.RoleInfo (RoleInfo.java:updateAndGet(143)) - c08c50e8-12e3-4a9f-8d07-a31e7885cc60: start LeaderElection
2019-10-16 22:17:04,449 [c08c50e8-12e3-4a9f-8d07-a31e7885cc60@group-C432D6B1530C-LeaderElection21] INFO  impl.LeaderElection (LeaderElection.java:askForVotes(178)) - c08c50e8-12e3-4a9f-8d07-a31e7885cc60@group-C432D6B1530C-LeaderElection21: begin an election at term 17 for -1: [c877b40c-f70f-4e08-bb9d-91bddb5d6847:192.168.34.38:40232, 777be068-7a1c-4abf-ad8d-603801d8ac95:192.168.34.38:35329, c08c50e8-12e3-4a9f-8d07-a31e7885cc60:192.168.34.38:44255], old=null
2019-10-16 22:17:04,451 [grpc-default-executor-0] INFO  impl.RaftServerImpl (RaftServerImpl.java:setRole(184)) - c877b40c-f70f-4e08-bb9d-91bddb5d6847@group-C432D6B1530C: changes role from  FOLLOWER to FOLLOWER at term 17 for recognizeCandidate:c08c50e8-12e3-4a9f-8d07-a31e7885cc60
2019-10-16 22:17:04,451 [grpc-default-executor-0] INFO  impl.RoleInfo (RoleInfo.java:shutdownFollowerState(121)) - c877b40c-f70f-4e08-bb9d-91bddb5d6847: shutdown FollowerState
2019-10-16 22:17:04,451 [grpc-default-executor-3] INFO  impl.RaftServerImpl (RaftServerImpl.java:setRole(184)) - 777be068-7a1c-4abf-ad8d-603801d8ac95@group-C432D6B1530C: changes role from  FOLLOWER to FOLLOWER at term 17 for recognizeCandidate:c08c50e8-12e3-4a9f-8d07-a31e7885cc60
2019-10-16 22:17:04,452 [Thread-584] INFO  impl.FollowerState (FollowerState.java:run(117)) - c877b40c-f70f-4e08-bb9d-91bddb5d6847@group-C432D6B1530C-FollowerState was interrupted: java.lang.InterruptedException: sleep interrupted
2019-10-16 22:17:04,451 [grpc-default-executor-0] INFO  impl.RoleInfo (RoleInfo.java:updateAndGet(143)) - c877b40c-f70f-4e08-bb9d-91bddb5d6847: start FollowerState
2019-10-16 22:17:04,452 [grpc-default-executor-3] INFO  impl.RoleInfo (RoleInfo.java:shutdownFollowerState(121)) - 777be068-7a1c-4abf-ad8d-603801d8ac95: shutdown FollowerState
2019-10-16 22:17:04,452 [grpc-default-executor-3] INFO  impl.RoleInfo (RoleInfo.java:updateAndGet(143)) - 777be068-7a1c-4abf-ad8d-603801d8ac95: start FollowerState
2019-10-16 22:17:04,452 [Thread-583] INFO  impl.FollowerState (FollowerState.java:run(117)) - 777be068-7a1c-4abf-ad8d-603801d8ac95@group-C432D6B1530C-FollowerState was interrupted: java.lang.InterruptedException: sleep interrupted
2019-10-16 22:17:04,467 [c08c50e8-12e3-4a9f-8d07-a31e7885cc60@group-C432D6B1530C-LeaderElection21] INFO  impl.LeaderElection (LeaderElection.java:logAndReturn(56)) - c08c50e8-12e3-4a9f-8d07-a31e7885cc60@group-C432D6B1530C-LeaderElection21: Election REJECTED; received 2 response(s) [c08c50e8-12e3-4a9f-8d07-a31e7885cc60<-c877b40c-f70f-4e08-bb9d-91bddb5d6847#0:FAIL-t17, c08c50e8-12e3-4a9f-8d07-a31e7885cc60<-777be068-7a1c-4abf-ad8d-603801d8ac95#0:FAIL-t17] and 0 exception(s); c08c50e8-12e3-4a9f-8d07-a31e7885cc60@group-C432D6B1530C:t17, leader=null, voted=c08c50e8-12e3-4a9f-8d07-a31e7885cc60, raftlog=c08c50e8-12e3-4a9f-8d07-a31e7885cc60@group-C432D6B1530C-SegmentedRaftLog:OPENED:c-1,f-1,i0, conf=-1: [c877b40c-f70f-4e08-bb9d-91bddb5d6847:192.168.34.38:40232, 777be068-7a1c-4abf-ad8d-603801d8ac95:192.168.34.38:35329, c08c50e8-12e3-4a9f-8d07-a31e7885cc60:192.168.34.38:44255], old=null
2019-10-16 22:17:04,467 [c08c50e8-12e3-4a9f-8d07-a31e7885cc60@group-C432D6B1530C-LeaderElection21] INFO  impl.RaftServerImpl (RaftServerImpl.java:setRole(184)) - c08c50e8-12e3-4a9f-8d07-a31e7885cc60@group-C432D6B1530C: changes role from CANDIDATE to FOLLOWER at term 17 for DISCOVERED_A_NEW_TERM
2019-10-16 22:17:04,467 [c08c50e8-12e3-4a9f-8d07-a31e7885cc60@group-C432D6B1530C-LeaderElection21] INFO  impl.RoleInfo (RoleInfo.java:shutdownLeaderElection(134)) - c08c50e8-12e3-4a9f-8d07-a31e7885cc60: shutdown LeaderElection
2019-10-16 22:17:04,467 [c08c50e8-12e3-4a9f-8d07-a31e7885cc60@group-C432D6B1530C-LeaderElection21] INFO  impl.RoleInfo (RoleInfo.java:updateAndGet(143)) - c08c50e8-12e3-4a9f-8d07-a31e7885cc60: start FollowerState
2019-10-16 22:17:04,570 [Thread-591] INFO  impl.FollowerState (FollowerState.java:run(108)) - c08c50e8-12e3-4a9f-8d07-a31e7885cc60@group-C432D6B1530C-FollowerState: change to CANDIDATE, lastRpcTime:102ms, electionTimeout:102ms
2019-10-16 22:17:04,571 [Thread-591] INFO  impl.RoleInfo (RoleInfo.java:shutdownFollowerState(121)) - c08c50e8-12e3-4a9f-8d07-a31e7885cc60: shutdown FollowerState
2019-10-16 22:17:04,571 [Thread-591] INFO  impl.RaftServerImpl (RaftServerImpl.java:setRole(184)) - c08c50e8-12e3-4a9f-8d07-a31e7885cc60@group-C432D6B1530C: changes role from  FOLLOWER to CANDIDATE at term 17 for changeToCandidate
2019-10-16 22:17:04,571 [Thread-591] INFO  impl.RoleInfo (RoleInfo.java:updateAndGet(143)) - c08c50e8-12e3-4a9f-8d07-a31e7885cc60: start LeaderElection
2019-10-16 22:17:04,578 [c08c50e8-12e3-4a9f-8d07-a31e7885cc60@group-C432D6B1530C-LeaderElection22] INFO  impl.LeaderElection (LeaderElection.java:askForVotes(178)) - c08c50e8-12e3-4a9f-8d07-a31e7885cc60@group-C432D6B1530C-LeaderElection22: begin an election at term 18 for -1: [c877b40c-f70f-4e08-bb9d-91bddb5d6847:192.168.34.38:40232, 777be068-7a1c-4abf-ad8d-603801d8ac95:192.168.34.38:35329, c08c50e8-12e3-4a9f-8d07-a31e7885cc60:192.168.34.38:44255], old=null
2019-10-16 22:17:04,580 [grpc-default-executor-3] INFO  impl.RaftServerImpl (RaftServerImpl.java:setRole(184)) - c877b40c-f70f-4e08-bb9d-91bddb5d6847@group-C432D6B1530C: changes role from  FOLLOWER to FOLLOWER at term 18 for recognizeCandidate:c08c50e8-12e3-4a9f-8d07-a31e7885cc60
2019-10-16 22:17:04,580 [grpc-default-executor-3] INFO  impl.RoleInfo (RoleInfo.java:shutdownFollowerState(121)) - c877b40c-f70f-4e08-bb9d-91bddb5d6847: shutdown FollowerState
2019-10-16 22:17:04,581 [grpc-default-executor-0] INFO  impl.RaftServerImpl (RaftServerImpl.java:setRole(184)) - 777be068-7a1c-4abf-ad8d-603801d8ac95@group-C432D6B1530C: changes role from  FOLLOWER to FOLLOWER at term 18 for recognizeCandidate:c08c50e8-12e3-4a9f-8d07-a31e7885cc60
2019-10-16 22:17:04,581 [grpc-default-executor-3] INFO  impl.RoleInfo (RoleInfo.java:updateAndGet(143)) - c877b40c-f70f-4e08-bb9d-91bddb5d6847: start FollowerState
2019-10-16 22:17:04,581 [Thread-589] INFO  impl.FollowerState (FollowerState.java:run(117)) - c877b40c-f70f-4e08-bb9d-91bddb5d6847@group-C432D6B1530C-FollowerState was interrupted: java.lang.InterruptedException: sleep interrupted
2019-10-16 22:17:04,581 [grpc-default-executor-0] INFO  impl.RoleInfo (RoleInfo.java:shutdownFollowerState(121)) - 777be068-7a1c-4abf-ad8d-603801d8ac95: shutdown FollowerState
2019-10-16 22:17:04,581 [grpc-default-executor-0] INFO  impl.RoleInfo (RoleInfo.java:updateAndGet(143)) - 777be068-7a1c-4abf-ad8d-603801d8ac95: start FollowerState
2019-10-16 22:17:04,581 [Thread-590] INFO  impl.FollowerState (FollowerState.java:run(117)) - 777be068-7a1c-4abf-ad8d-603801d8ac95@group-C432D6B1530C-FollowerState was interrupted: java.lang.InterruptedException: sleep interrupted
2019-10-16 22:17:04,593 [c08c50e8-12e3-4a9f-8d07-a31e7885cc60@group-C432D6B1530C-LeaderElection22] INFO  impl.LeaderElection (LeaderElection.java:logAndReturn(56)) - c08c50e8-12e3-4a9f-8d07-a31e7885cc60@group-C432D6B1530C-LeaderElection22: Election REJECTED; received 2 response(s) [c08c50e8-12e3-4a9f-8d07-a31e7885cc60<-c877b40c-f70f-4e08-bb9d-91bddb5d6847#0:FAIL-t18, c08c50e8-12e3-4a9f-8d07-a31e7885cc60<-777be068-7a1c-4abf-ad8d-603801d8ac95#0:FAIL-t18] and 0 exception(s); c08c50e8-12e3-4a9f-8d07-a31e7885cc60@group-C432D6B1530C:t18, leader=null, voted=c08c50e8-12e3-4a9f-8d07-a31e7885cc60, raftlog=c08c50e8-12e3-4a9f-8d07-a31e7885cc60@group-C432D6B1530C-SegmentedRaftLog:OPENED:c-1,f-1,i0, conf=-1: [c877b40c-f70f-4e08-bb9d-91bddb5d6847:192.168.34.38:40232, 777be068-7a1c-4abf-ad8d-603801d8ac95:192.168.34.38:35329, c08c50e8-12e3-4a9f-8d07-a31e7885cc60:192.168.34.38:44255], old=null
2019-10-16 22:17:04,593 [c08c50e8-12e3-4a9f-8d07-a31e7885cc60@group-C432D6B1530C-LeaderElection22] INFO  impl.RaftServerImpl (RaftServerImpl.java:setRole(184)) - c08c50e8-12e3-4a9f-8d07-a31e7885cc60@group-C432D6B1530C: changes role from CANDIDATE to FOLLOWER at term 18 for DISCOVERED_A_NEW_TERM
2019-10-16 22:17:04,594 [c08c50e8-12e3-4a9f-8d07-a31e7885cc60@group-C432D6B1530C-LeaderElection22] INFO  impl.RoleInfo (RoleInfo.java:shutdownLeaderElection(134)) - c08c50e8-12e3-4a9f-8d07-a31e7885cc60: shutdown LeaderElection
2019-10-16 22:17:04,594 [c08c50e8-12e3-4a9f-8d07-a31e7885cc60@group-C432D6B1530C-LeaderElection22] INFO  impl.RoleInfo (RoleInfo.java:updateAndGet(143)) - c08c50e8-12e3-4a9f-8d07-a31e7885cc60: start FollowerState
 0.00% |?                                                                                                    |  0/1 Time: 0:00:022019-10-16 22:17:04,739 [Thread-597] INFO  impl.FollowerState (FollowerState.java:run(108)) - c08c50e8-12e3-4a9f-8d07-a31e7885cc60@group-C432D6B1530C-FollowerState: change to CANDIDATE, lastRpcTime:145ms, electionTimeout:145ms
2019-10-16 22:17:04,741 [Thread-597] INFO  impl.RoleInfo (RoleInfo.java:shutdownFollowerState(121)) - c08c50e8-12e3-4a9f-8d07-a31e7885cc60: shutdown FollowerState
2019-10-16 22:17:04,741 [Thread-597] INFO  impl.RaftServerImpl (RaftServerImpl.java:setRole(184)) - c08c50e8-12e3-4a9f-8d07-a31e7885cc60@group-C432D6B1530C: changes role from  FOLLOWER to CANDIDATE at term 18 for changeToCandidate
2019-10-16 22:17:04,741 [Thread-597] INFO  impl.RoleInfo (RoleInfo.java:updateAndGet(143)) - c08c50e8-12e3-4a9f-8d07-a31e7885cc60: start LeaderElection
2019-10-16 22:17:04,757 [c08c50e8-12e3-4a9f-8d07-a31e7885cc60@group-C432D6B1530C-LeaderElection23] INFO  impl.LeaderElection (LeaderElection.java:askForVotes(178)) - c08c50e8-12e3-4a9f-8d07-a31e7885cc60@group-C432D6B1530C-LeaderElection23: begin an election at term 19 for -1: [c877b40c-f70f-4e08-bb9d-91bddb5d6847:192.168.34.38:40232, 777be068-7a1c-4abf-ad8d-603801d8ac95:192.168.34.38:35329, c08c50e8-12e3-4a9f-8d07-a31e7885cc60:192.168.34.38:44255], old=null
2019-10-16 22:17:04,760 [grpc-default-executor-3] INFO  impl.RaftServerImpl (RaftServerImpl.java:setRole(184)) - c877b40c-f70f-4e08-bb9d-91bddb5d6847@group-C432D6B1530C: changes role from  FOLLOWER to FOLLOWER at term 19 for recognizeCandidate:c08c50e8-12e3-4a9f-8d07-a31e7885cc60
2019-10-16 22:17:04,761 [grpc-default-executor-0] INFO  impl.RaftServerImpl (RaftServerImpl.java:setRole(184)) - 777be068-7a1c-4abf-ad8d-603801d8ac95@group-C432D6B1530C: changes role from  FOLLOWER to FOLLOWER at term 19 for recognizeCandidate:c08c50e8-12e3-4a9f-8d07-a31e7885cc60
2019-10-16 22:17:04,761 [grpc-default-executor-3] INFO  impl.RoleInfo (RoleInfo.java:shutdownFollowerState(121)) - c877b40c-f70f-4e08-bb9d-91bddb5d6847: shutdown FollowerState
2019-10-16 22:17:04,761 [grpc-default-executor-0] INFO  impl.RoleInfo (RoleInfo.java:shutdownFollowerState(121)) - 777be068-7a1c-4abf-ad8d-603801d8ac95: shutdown FollowerState
2019-10-16 22:17:04,761 [Thread-595] INFO  impl.FollowerState (FollowerState.java:run(117)) - c877b40c-f70f-4e08-bb9d-91bddb5d6847@group-C432D6B1530C-FollowerState was interrupted: java.lang.InterruptedException: sleep interrupted
2019-10-16 22:17:04,761 [Thread-596] INFO  impl.FollowerState (FollowerState.java:run(117)) - 777be068-7a1c-4abf-ad8d-603801d8ac95@group-C432D6B1530C-FollowerState was interrupted: java.lang.InterruptedException: sleep interrupted
2019-10-16 22:17:04,761 [grpc-default-executor-3] INFO  impl.RoleInfo (RoleInfo.java:updateAndGet(143)) - c877b40c-f70f-4e08-bb9d-91bddb5d6847: start FollowerState
2019-10-16 22:17:04,761 [grpc-default-executor-0] INFO  impl.RoleInfo (RoleInfo.java:updateAndGet(143)) - 777be068-7a1c-4abf-ad8d-603801d8ac95: start FollowerState
2019-10-16 22:17:04,772 [c08c50e8-12e3-4a9f-8d07-a31e7885cc60@group-C432D6B1530C-LeaderElection23] INFO  impl.LeaderElection (LeaderElection.java:logAndReturn(56)) - c08c50e8-12e3-4a9f-8d07-a31e7885cc60@group-C432D6B1530C-LeaderElection23: Election REJECTED; received 2 response(s) [c08c50e8-12e3-4a9f-8d07-a31e7885cc60<-c877b40c-f70f-4e08-bb9d-91bddb5d6847#0:FAIL-t19, c08c50e8-12e3-4a9f-8d07-a31e7885cc60<-777be068-7a1c-4abf-ad8d-603801d8ac95#0:FAIL-t19] and 0 exception(s); c08c50e8-12e3-4a9f-8d07-a31e7885cc60@group-C432D6B1530C:t19, leader=null, voted=c08c50e8-12e3-4a9f-8d07-a31e7885cc60, raftlog=c08c50e8-12e3-4a9f-8d07-a31e7885cc60@group-C432D6B1530C-SegmentedRaftLog:OPENED:c-1,f-1,i0, conf=-1: [c877b40c-f70f-4e08-bb9d-91bddb5d6847:192.168.34.38:40232, 777be068-7a1c-4abf-ad8d-603801d8ac95:192.168.34.38:35329, c08c50e8-12e3-4a9f-8d07-a31e7885cc60:192.168.34.38:44255], old=null
2019-10-16 22:17:04,772 [c08c50e8-12e3-4a9f-8d07-a31e7885cc60@group-C432D6B1530C-LeaderElection23] INFO  impl.RaftServerImpl (RaftServerImpl.java:setRole(184)) - c08c50e8-12e3-4a9f-8d07-a31e7885cc60@group-C432D6B1530C: changes role from CANDIDATE to FOLLOWER at term 19 for DISCOVERED_A_NEW_TERM
2019-10-16 22:17:04,773 [c08c50e8-12e3-4a9f-8d07-a31e7885cc60@group-C432D6B1530C-LeaderElection23] INFO  impl.RoleInfo (RoleInfo.java:shutdownLeaderElection(134)) - c08c50e8-12e3-4a9f-8d07-a31e7885cc60: shutdown LeaderElection
2019-10-16 22:17:04,773 [c08c50e8-12e3-4a9f-8d07-a31e7885cc60@group-C432D6B1530C-LeaderElection23] INFO  impl.RoleInfo (RoleInfo.java:updateAndGet(143)) - c08c50e8-12e3-4a9f-8d07-a31e7885cc60: start FollowerState
2019-10-16 22:17:04,828 [Thread-603] INFO  impl.FollowerState (FollowerState.java:run(108)) - c08c50e8-12e3-4a9f-8d07-a31e7885cc60@group-C432D6B1530C-FollowerState: change to CANDIDATE, lastRpcTime:55ms, electionTimeout:55ms
2019-10-16 22:17:04,829 [Thread-603] INFO  impl.RoleInfo (RoleInfo.java:shutdownFollowerState(121)) - c08c50e8-12e3-4a9f-8d07-a31e7885cc60: shutdown FollowerState
2019-10-16 22:17:04,829 [Thread-603] INFO  impl.RaftServerImpl (RaftServerImpl.java:setRole(184)) - c08c50e8-12e3-4a9f-8d07-a31e7885cc60@group-C432D6B1530C: changes role from  FOLLOWER to CANDIDATE at term 19 for changeToCandidate
2019-10-16 22:17:04,830 [Thread-603] INFO  impl.RoleInfo (RoleInfo.java:updateAndGet(143)) - c08c50e8-12e3-4a9f-8d07-a31e7885cc60: start LeaderElection
2019-10-16 22:17:04,857 [c08c50e8-12e3-4a9f-8d07-a31e7885cc60@group-C432D6B1530C-LeaderElection24] INFO  impl.LeaderElection (LeaderElection.java:askForVotes(178)) - c08c50e8-12e3-4a9f-8d07-a31e7885cc60@group-C432D6B1530C-LeaderElection24: begin an election at term 20 for -1: [c877b40c-f70f-4e08-bb9d-91bddb5d6847:192.168.34.38:40232, 777be068-7a1c-4abf-ad8d-603801d8ac95:192.168.34.38:35329, c08c50e8-12e3-4a9f-8d07-a31e7885cc60:192.168.34.38:44255], old=null
2019-10-16 22:17:04,860 [grpc-default-executor-3] INFO  impl.RaftServerImpl (RaftServerImpl.java:setRole(184)) - 777be068-7a1c-4abf-ad8d-603801d8ac95@group-C432D6B1530C: changes role from  FOLLOWER to FOLLOWER at term 20 for recognizeCandidate:c08c50e8-12e3-4a9f-8d07-a31e7885cc60
2019-10-16 22:17:04,860 [grpc-default-executor-0] INFO  impl.RaftServerImpl (RaftServerImpl.java:setRole(184)) - c877b40c-f70f-4e08-bb9d-91bddb5d6847@group-C432D6B1530C: changes role from  FOLLOWER to FOLLOWER at term 20 for recognizeCandidate:c08c50e8-12e3-4a9f-8d07-a31e7885cc60
2019-10-16 22:17:04,860 [grpc-default-executor-0] INFO  impl.RoleInfo (RoleInfo.java:shutdownFollowerState(121)) - c877b40c-f70f-4e08-bb9d-91bddb5d6847: shutdown FollowerState
2019-10-16 22:17:04,860 [grpc-default-executor-3] INFO  impl.RoleInfo (RoleInfo.java:shutdownFollowerState(121)) - 777be068-7a1c-4abf-ad8d-603801d8ac95: shutdown FollowerState
2019-10-16 22:17:04,860 [Thread-601] INFO  impl.FollowerState (FollowerState.java:run(117)) - c877b40c-f70f-4e08-bb9d-91bddb5d6847@group-C432D6B1530C-FollowerState was interrupted: java.lang.InterruptedException: sleep interrupted
2019-10-16 22:17:04,860 [grpc-default-executor-0] INFO  impl.RoleInfo (RoleInfo.java:updateAndGet(143)) - c877b40c-f70f-4e08-bb9d-91bddb5d6847: start FollowerState
2019-10-16 22:17:04,860 [grpc-default-executor-3] INFO  impl.RoleInfo (RoleInfo.java:updateAndGet(143)) - 777be068-7a1c-4abf-ad8d-603801d8ac95: start FollowerState
2019-10-16 22:17:04,861 [Thread-602] INFO  impl.FollowerState (FollowerState.java:run(117)) - 777be068-7a1c-4abf-ad8d-603801d8ac95@group-C432D6B1530C-FollowerState was interrupted: java.lang.InterruptedException: sleep interrupted
2019-10-16 22:17:04,871 [c08c50e8-12e3-4a9f-8d07-a31e7885cc60@group-C432D6B1530C-LeaderElection24] INFO  impl.LeaderElection (LeaderElection.java:logAndReturn(56)) - c08c50e8-12e3-4a9f-8d07-a31e7885cc60@group-C432D6B1530C-LeaderElection24: Election REJECTED; received 2 response(s) [c08c50e8-12e3-4a9f-8d07-a31e7885cc60<-c877b40c-f70f-4e08-bb9d-91bddb5d6847#0:FAIL-t20, c08c50e8-12e3-4a9f-8d07-a31e7885cc60<-777be068-7a1c-4abf-ad8d-603801d8ac95#0:FAIL-t20] and 0 exception(s); c08c50e8-12e3-4a9f-8d07-a31e7885cc60@group-C432D6B1530C:t20, leader=null, voted=c08c50e8-12e3-4a9f-8d07-a31e7885cc60, raftlog=c08c50e8-12e3-4a9f-8d07-a31e7885cc60@group-C432D6B1530C-SegmentedRaftLog:OPENED:c-1,f-1,i0, conf=-1: [c877b40c-f70f-4e08-bb9d-91bddb5d6847:192.168.34.38:40232, 777be068-7a1c-4abf-ad8d-603801d8ac95:192.168.34.38:35329, c08c50e8-12e3-4a9f-8d07-a31e7885cc60:192.168.34.38:44255], old=null
2019-10-16 22:17:04,871 [c08c50e8-12e3-4a9f-8d07-a31e7885cc60@group-C432D6B1530C-LeaderElection24] INFO  impl.RaftServerImpl (RaftServerImpl.java:setRole(184)) - c08c50e8-12e3-4a9f-8d07-a31e7885cc60@group-C432D6B1530C: changes role from CANDIDATE to FOLLOWER at term 20 for DISCOVERED_A_NEW_TERM
2019-10-16 22:17:04,871 [c08c50e8-12e3-4a9f-8d07-a31e7885cc60@group-C432D6B1530C-LeaderElection24] INFO  impl.RoleInfo (RoleInfo.java:shutdownLeaderElection(134)) - c08c50e8-12e3-4a9f-8d07-a31e7885cc60: shutdown LeaderElection
2019-10-16 22:17:04,871 [c08c50e8-12e3-4a9f-8d07-a31e7885cc60@group-C432D6B1530C-LeaderElection24] INFO  impl.RoleInfo (RoleInfo.java:updateAndGet(143)) - c08c50e8-12e3-4a9f-8d07-a31e7885cc60: start FollowerState
2019-10-16 22:17:04,920 [Thread-609] INFO  impl.FollowerState (FollowerState.java:run(108)) - c08c50e8-12e3-4a9f-8d07-a31e7885cc60@group-C432D6B1530C-FollowerState: change to CANDIDATE, lastRpcTime:48ms, electionTimeout:48ms
2019-10-16 22:17:04,921 [Thread-609] INFO  impl.RoleInfo (RoleInfo.java:shutdownFollowerState(121)) - c08c50e8-12e3-4a9f-8d07-a31e7885cc60: shutdown FollowerState
2019-10-16 22:17:04,921 [Thread-609] INFO  impl.RaftServerImpl (RaftServerImpl.java:setRole(184)) - c08c50e8-12e3-4a9f-8d07-a31e7885cc60@group-C432D6B1530C: changes role from  FOLLOWER to CANDIDATE at term 20 for changeToCandidate
2019-10-16 22:17:04,921 [Thread-609] INFO  impl.RoleInfo (RoleInfo.java:updateAndGet(143)) - c08c50e8-12e3-4a9f-8d07-a31e7885cc60: start LeaderElection
2019-10-16 22:17:04,946 [c08c50e8-12e3-4a9f-8d07-a31e7885cc60@group-C432D6B1530C-LeaderElection25] INFO  impl.LeaderElection (LeaderElection.java:askForVotes(178)) - c08c50e8-12e3-4a9f-8d07-a31e7885cc60@group-C432D6B1530C-LeaderElection25: begin an election at term 21 for -1: [c877b40c-f70f-4e08-bb9d-91bddb5d6847:192.168.34.38:40232, 777be068-7a1c-4abf-ad8d-603801d8ac95:192.168.34.38:35329, c08c50e8-12e3-4a9f-8d07-a31e7885cc60:192.168.34.38:44255], old=null
2019-10-16 22:17:04,949 [grpc-default-executor-0] INFO  impl.RaftServerImpl (RaftServerImpl.java:setRole(184)) - c877b40c-f70f-4e08-bb9d-91bddb5d6847@group-C432D6B1530C: changes role from  FOLLOWER to FOLLOWER at term 21 for recognizeCandidate:c08c50e8-12e3-4a9f-8d07-a31e7885cc60
2019-10-16 22:17:04,949 [grpc-default-executor-3] INFO  impl.RaftServerImpl (RaftServerImpl.java:setRole(184)) - 777be068-7a1c-4abf-ad8d-603801d8ac95@group-C432D6B1530C: changes role from  FOLLOWER to FOLLOWER at term 21 for recognizeCandidate:c08c50e8-12e3-4a9f-8d07-a31e7885cc60
2019-10-16 22:17:04,949 [grpc-default-executor-0] INFO  impl.RoleInfo (RoleInfo.java:shutdownFollowerState(121)) - c877b40c-f70f-4e08-bb9d-91bddb5d6847: shutdown FollowerState
2019-10-16 22:17:04,949 [grpc-default-executor-3] INFO  impl.RoleInfo (RoleInfo.java:shutdownFollowerState(121)) - 777be068-7a1c-4abf-ad8d-603801d8ac95: shutdown FollowerState
2019-10-16 22:17:04,950 [Thread-607] INFO  impl.FollowerState (FollowerState.java:run(117)) - c877b40c-f70f-4e08-bb9d-91bddb5d6847@group-C432D6B1530C-FollowerState was interrupted: java.lang.InterruptedException: sleep interrupted
2019-10-16 22:17:04,950 [grpc-default-executor-0] INFO  impl.RoleInfo (RoleInfo.java:updateAndGet(143)) - c877b40c-f70f-4e08-bb9d-91bddb5d6847: start FollowerState
2019-10-16 22:17:04,950 [Thread-608] INFO  impl.FollowerState (FollowerState.java:run(117)) - 777be068-7a1c-4abf-ad8d-603801d8ac95@group-C432D6B1530C-FollowerState was interrupted: java.lang.InterruptedException: sleep interrupted
2019-10-16 22:17:04,950 [grpc-default-executor-3] INFO  impl.RoleInfo (RoleInfo.java:updateAndGet(143)) - 777be068-7a1c-4abf-ad8d-603801d8ac95: start FollowerState
2019-10-16 22:17:04,963 [c08c50e8-12e3-4a9f-8d07-a31e7885cc60@group-C432D6B1530C-LeaderElection25] INFO  impl.LeaderElection (LeaderElection.java:logAndReturn(56)) - c08c50e8-12e3-4a9f-8d07-a31e7885cc60@group-C432D6B1530C-LeaderElection25: Election TIMEOUT; received 0 response(s) [] and 0 exception(s); c08c50e8-12e3-4a9f-8d07-a31e7885cc60@group-C432D6B1530C:t21, leader=null, voted=c08c50e8-12e3-4a9f-8d07-a31e7885cc60, raftlog=c08c50e8-12e3-4a9f-8d07-a31e7885cc60@group-C432D6B1530C-SegmentedRaftLog:OPENED:c-1,f-1,i0, conf=-1: [c877b40c-f70f-4e08-bb9d-91bddb5d6847:192.168.34.38:40232, 777be068-7a1c-4abf-ad8d-603801d8ac95:192.168.34.38:35329, c08c50e8-12e3-4a9f-8d07-a31e7885cc60:192.168.34.38:44255], old=null
2019-10-16 22:17:04,982 [c08c50e8-12e3-4a9f-8d07-a31e7885cc60@group-C432D6B1530C-LeaderElection25] INFO  impl.LeaderElection (LeaderElection.java:askForVotes(178)) - c08c50e8-12e3-4a9f-8d07-a31e7885cc60@group-C432D6B1530C-LeaderElection25: begin an election at term 22 for -1: [c877b40c-f70f-4e08-bb9d-91bddb5d6847:192.168.34.38:40232, 777be068-7a1c-4abf-ad8d-603801d8ac95:192.168.34.38:35329, c08c50e8-12e3-4a9f-8d07-a31e7885cc60:192.168.34.38:44255], old=null
2019-10-16 22:17:04,984 [grpc-default-executor-0] INFO  impl.RaftServerImpl (RaftServerImpl.java:setRole(184)) - 777be068-7a1c-4abf-ad8d-603801d8ac95@group-C432D6B1530C: changes role from  FOLLOWER to FOLLOWER at term 22 for recognizeCandidate:c08c50e8-12e3-4a9f-8d07-a31e7885cc60
2019-10-16 22:17:04,984 [grpc-default-executor-3] INFO  impl.RaftServerImpl (RaftServerImpl.java:setRole(184)) - c877b40c-f70f-4e08-bb9d-91bddb5d6847@group-C432D6B1530C: changes role from  FOLLOWER to FOLLOWER at term 22 for recognizeCandidate:c08c50e8-12e3-4a9f-8d07-a31e7885cc60
2019-10-16 22:17:04,986 [grpc-default-executor-0] INFO  impl.RoleInfo (RoleInfo.java:shutdownFollowerState(121)) - 777be068-7a1c-4abf-ad8d-603801d8ac95: shutdown FollowerState
2019-10-16 22:17:04,986 [grpc-default-executor-3] INFO  impl.RoleInfo (RoleInfo.java:shutdownFollowerState(121)) - c877b40c-f70f-4e08-bb9d-91bddb5d6847: shutdown FollowerState
2019-10-16 22:17:04,986 [Thread-614] INFO  impl.FollowerState (FollowerState.java:run(117)) - 777be068-7a1c-4abf-ad8d-603801d8ac95@group-C432D6B1530C-FollowerState was interrupted: java.lang.InterruptedException: sleep interrupted
2019-10-16 22:17:04,986 [grpc-default-executor-0] INFO  impl.RoleInfo (RoleInfo.java:updateAndGet(143)) - 777be068-7a1c-4abf-ad8d-603801d8ac95: start FollowerState
2019-10-16 22:17:04,986 [grpc-default-executor-3] INFO  impl.RoleInfo (RoleInfo.java:updateAndGet(143)) - c877b40c-f70f-4e08-bb9d-91bddb5d6847: start FollowerState
2019-10-16 22:17:04,986 [Thread-613] INFO  impl.FollowerState (FollowerState.java:run(117)) - c877b40c-f70f-4e08-bb9d-91bddb5d6847@group-C432D6B1530C-FollowerState was interrupted: java.lang.InterruptedException: sleep interrupted
2019-10-16 22:17:05,005 [c08c50e8-12e3-4a9f-8d07-a31e7885cc60@group-C432D6B1530C-LeaderElection25] INFO  impl.LeaderElection (LeaderElection.java:logAndReturn(56)) - c08c50e8-12e3-4a9f-8d07-a31e7885cc60@group-C432D6B1530C-LeaderElection25: Election REJECTED; received 2 response(s) [c08c50e8-12e3-4a9f-8d07-a31e7885cc60<-c877b40c-f70f-4e08-bb9d-91bddb5d6847#0:FAIL-t22, c08c50e8-12e3-4a9f-8d07-a31e7885cc60<-777be068-7a1c-4abf-ad8d-603801d8ac95#0:FAIL-t22] and 0 exception(s); c08c50e8-12e3-4a9f-8d07-a31e7885cc60@group-C432D6B1530C:t22, leader=null, voted=c08c50e8-12e3-4a9f-8d07-a31e7885cc60, raftlog=c08c50e8-12e3-4a9f-8d07-a31e7885cc60@group-C432D6B1530C-SegmentedRaftLog:OPENED:c-1,f-1,i0, conf=-1: [c877b40c-f70f-4e08-bb9d-91bddb5d6847:192.168.34.38:40232, 777be068-7a1c-4abf-ad8d-603801d8ac95:192.168.34.38:35329, c08c50e8-12e3-4a9f-8d07-a31e7885cc60:192.168.34.38:44255], old=null
2019-10-16 22:17:05,005 [c08c50e8-12e3-4a9f-8d07-a31e7885cc60@group-C432D6B1530C-LeaderElection25] INFO  impl.RaftServerImpl (RaftServerImpl.java:setRole(184)) - c08c50e8-12e3-4a9f-8d07-a31e7885cc60@group-C432D6B1530C: changes role from CANDIDATE to FOLLOWER at term 22 for DISCOVERED_A_NEW_TERM
2019-10-16 22:17:05,005 [c08c50e8-12e3-4a9f-8d07-a31e7885cc60@group-C432D6B1530C-LeaderElection25] INFO  impl.RoleInfo (RoleInfo.java:shutdownLeaderElection(134)) - c08c50e8-12e3-4a9f-8d07-a31e7885cc60: shutdown LeaderElection
2019-10-16 22:17:05,005 [c08c50e8-12e3-4a9f-8d07-a31e7885cc60@group-C432D6B1530C-LeaderElection25] INFO  impl.RoleInfo (RoleInfo.java:updateAndGet(143)) - c08c50e8-12e3-4a9f-8d07-a31e7885cc60: start FollowerState
2019-10-16 22:17:05,043 [Thread-619] INFO  impl.FollowerState (FollowerState.java:run(108)) - c08c50e8-12e3-4a9f-8d07-a31e7885cc60@group-C432D6B1530C-FollowerState: change to CANDIDATE, lastRpcTime:37ms, electionTimeout:37ms
2019-10-16 22:17:05,044 [Thread-619] INFO  impl.RoleInfo (RoleInfo.java:shutdownFollowerState(121)) - c08c50e8-12e3-4a9f-8d07-a31e7885cc60: shutdown FollowerState
2019-10-16 22:17:05,044 [Thread-619] INFO  impl.RaftServerImpl (RaftServerImpl.java:setRole(184)) - c08c50e8-12e3-4a9f-8d07-a31e7885cc60@group-C432D6B1530C: changes role from  FOLLOWER to CANDIDATE at term 22 for changeToCandidate
2019-10-16 22:17:05,044 [Thread-619] INFO  impl.RoleInfo (RoleInfo.java:updateAndGet(143)) - c08c50e8-12e3-4a9f-8d07-a31e7885cc60: start LeaderElection
2019-10-16 22:17:05,086 [c08c50e8-12e3-4a9f-8d07-a31e7885cc60@group-C432D6B1530C-LeaderElection26] INFO  impl.LeaderElection (LeaderElection.java:askForVotes(178)) - c08c50e8-12e3-4a9f-8d07-a31e7885cc60@group-C432D6B1530C-LeaderElection26: begin an election at term 23 for -1: [c877b40c-f70f-4e08-bb9d-91bddb5d6847:192.168.34.38:40232, 777be068-7a1c-4abf-ad8d-603801d8ac95:192.168.34.38:35329, c08c50e8-12e3-4a9f-8d07-a31e7885cc60:192.168.34.38:44255], old=null
2019-10-16 22:17:05,086 [c08c50e8-12e3-4a9f-8d07-a31e7885cc60@group-C432D6B1530C-LeaderElection26] INFO  impl.LeaderElection (LeaderElection.java:logAndReturn(56)) - c08c50e8-12e3-4a9f-8d07-a31e7885cc60@group-C432D6B1530C-LeaderElection26: Election TIMEOUT; received 0 response(s) [] and 0 exception(s); c08c50e8-12e3-4a9f-8d07-a31e7885cc60@group-C432D6B1530C:t23, leader=null, voted=c08c50e8-12e3-4a9f-8d07-a31e7885cc60, raftlog=c08c50e8-12e3-4a9f-8d07-a31e7885cc60@group-C432D6B1530C-SegmentedRaftLog:OPENED:c-1,f-1,i0, conf=-1: [c877b40c-f70f-4e08-bb9d-91bddb5d6847:192.168.34.38:40232, 777be068-7a1c-4abf-ad8d-603801d8ac95:192.168.34.38:35329, c08c50e8-12e3-4a9f-8d07-a31e7885cc60:192.168.34.38:44255], old=null
2019-10-16 22:17:05,088 [grpc-default-executor-3] INFO  impl.RaftServerImpl (RaftServerImpl.java:setRole(184)) - c877b40c-f70f-4e08-bb9d-91bddb5d6847@group-C432D6B1530C: changes role from  FOLLOWER to FOLLOWER at term 23 for recognizeCandidate:c08c50e8-12e3-4a9f-8d07-a31e7885cc60
2019-10-16 22:17:05,088 [grpc-default-executor-3] INFO  impl.RoleInfo (RoleInfo.java:shutdownFollowerState(121)) - c877b40c-f70f-4e08-bb9d-91bddb5d6847: shutdown FollowerState
2019-10-16 22:17:05,089 [grpc-default-executor-3] INFO  impl.RoleInfo (RoleInfo.java:updateAndGet(143)) - c877b40c-f70f-4e08-bb9d-91bddb5d6847: start FollowerState
2019-10-16 22:17:05,089 [Thread-618] INFO  impl.FollowerState (FollowerState.java:run(117)) - c877b40c-f70f-4e08-bb9d-91bddb5d6847@group-C432D6B1530C-FollowerState was interrupted: java.lang.InterruptedException: sleep interrupted
2019-10-16 22:17:05,089 [grpc-default-executor-0] INFO  impl.RaftServerImpl (RaftServerImpl.java:setRole(184)) - 777be068-7a1c-4abf-ad8d-603801d8ac95@group-C432D6B1530C: changes role from  FOLLOWER to FOLLOWER at term 23 for recognizeCandidate:c08c50e8-12e3-4a9f-8d07-a31e7885cc60
2019-10-16 22:17:05,090 [grpc-default-executor-0] INFO  impl.RoleInfo (RoleInfo.java:shutdownFollowerState(121)) - 777be068-7a1c-4abf-ad8d-603801d8ac95: shutdown FollowerState
2019-10-16 22:17:05,091 [grpc-default-executor-0] INFO  impl.RoleInfo (RoleInfo.java:updateAndGet(143)) - 777be068-7a1c-4abf-ad8d-603801d8ac95: start FollowerState
2019-10-16 22:17:05,091 [Thread-617] INFO  impl.FollowerState (FollowerState.java:run(117)) - 777be068-7a1c-4abf-ad8d-603801d8ac95@group-C432D6B1530C-FollowerState was interrupted: java.lang.InterruptedException: sleep interrupted
2019-10-16 22:17:05,102 [c08c50e8-12e3-4a9f-8d07-a31e7885cc60@group-C432D6B1530C-LeaderElection26] INFO  impl.LeaderElection (LeaderElection.java:askForVotes(178)) - c08c50e8-12e3-4a9f-8d07-a31e7885cc60@group-C432D6B1530C-LeaderElection26: begin an election at term 24 for -1: [c877b40c-f70f-4e08-bb9d-91bddb5d6847:192.168.34.38:40232, 777be068-7a1c-4abf-ad8d-603801d8ac95:192.168.34.38:35329, c08c50e8-12e3-4a9f-8d07-a31e7885cc60:192.168.34.38:44255], old=null
2019-10-16 22:17:05,107 [grpc-default-executor-2] INFO  impl.RaftServerImpl (RaftServerImpl.java:setRole(184)) - c877b40c-f70f-4e08-bb9d-91bddb5d6847@group-C432D6B1530C: changes role from  FOLLOWER to FOLLOWER at term 24 for recognizeCandidate:c08c50e8-12e3-4a9f-8d07-a31e7885cc60
2019-10-16 22:17:05,107 [grpc-default-executor-1] INFO  impl.RaftServerImpl (RaftServerImpl.java:setRole(184)) - 777be068-7a1c-4abf-ad8d-603801d8ac95@group-C432D6B1530C: changes role from  FOLLOWER to FOLLOWER at term 24 for recognizeCandidate:c08c50e8-12e3-4a9f-8d07-a31e7885cc60
2019-10-16 22:17:05,107 [grpc-default-executor-2] INFO  impl.RoleInfo (RoleInfo.java:shutdownFollowerState(121)) - c877b40c-f70f-4e08-bb9d-91bddb5d6847: shutdown FollowerState
2019-10-16 22:17:05,108 [grpc-default-executor-1] INFO  impl.RoleInfo (RoleInfo.java:shutdownFollowerState(121)) - 777be068-7a1c-4abf-ad8d-603801d8ac95: shutdown FollowerState
2019-10-16 22:17:05,108 [Thread-623] INFO  impl.FollowerState (FollowerState.java:run(117)) - c877b40c-f70f-4e08-bb9d-91bddb5d6847@group-C432D6B1530C-FollowerState was interrupted: java.lang.InterruptedException: sleep interrupted
2019-10-16 22:17:05,108 [grpc-default-executor-2] INFO  impl.RoleInfo (RoleInfo.java:updateAndGet(143)) - c877b40c-f70f-4e08-bb9d-91bddb5d6847: start FollowerState
2019-10-16 22:17:05,108 [Thread-624] INFO  impl.FollowerState (FollowerState.java:run(117)) - 777be068-7a1c-4abf-ad8d-603801d8ac95@group-C432D6B1530C-FollowerState was interrupted: java.lang.InterruptedException: sleep interrupted
2019-10-16 22:17:05,108 [grpc-default-executor-1] INFO  impl.RoleInfo (RoleInfo.java:updateAndGet(143)) - 777be068-7a1c-4abf-ad8d-603801d8ac95: start FollowerState
2019-10-16 22:17:05,115 [c08c50e8-12e3-4a9f-8d07-a31e7885cc60@group-C432D6B1530C-LeaderElection26] INFO  impl.LeaderElection (LeaderElection.java:logAndReturn(56)) - c08c50e8-12e3-4a9f-8d07-a31e7885cc60@group-C432D6B1530C-LeaderElection26: Election REJECTED; received 2 response(s) [c08c50e8-12e3-4a9f-8d07-a31e7885cc60<-c877b40c-f70f-4e08-bb9d-91bddb5d6847#0:FAIL-t24, c08c50e8-12e3-4a9f-8d07-a31e7885cc60<-777be068-7a1c-4abf-ad8d-603801d8ac95#0:FAIL-t24] and 0 exception(s); c08c50e8-12e3-4a9f-8d07-a31e7885cc60@group-C432D6B1530C:t24, leader=null, voted=c08c50e8-12e3-4a9f-8d07-a31e7885cc60, raftlog=c08c50e8-12e3-4a9f-8d07-a31e7885cc60@group-C432D6B1530C-SegmentedRaftLog:OPENED:c-1,f-1,i0, conf=-1: [c877b40c-f70f-4e08-bb9d-91bddb5d6847:192.168.34.38:40232, 777be068-7a1c-4abf-ad8d-603801d8ac95:192.168.34.38:35329, c08c50e8-12e3-4a9f-8d07-a31e7885cc60:192.168.34.38:44255], old=null
2019-10-16 22:17:05,116 [c08c50e8-12e3-4a9f-8d07-a31e7885cc60@group-C432D6B1530C-LeaderElection26] INFO  impl.RaftServerImpl (RaftServerImpl.java:setRole(184)) - c08c50e8-12e3-4a9f-8d07-a31e7885cc60@group-C432D6B1530C: changes role from CANDIDATE to FOLLOWER at term 24 for DISCOVERED_A_NEW_TERM
2019-10-16 22:17:05,116 [c08c50e8-12e3-4a9f-8d07-a31e7885cc60@group-C432D6B1530C-LeaderElection26] INFO  impl.RoleInfo (RoleInfo.java:shutdownLeaderElection(134)) - c08c50e8-12e3-4a9f-8d07-a31e7885cc60: shutdown LeaderElection
2019-10-16 22:17:05,116 [c08c50e8-12e3-4a9f-8d07-a31e7885cc60@group-C432D6B1530C-LeaderElection26] INFO  impl.RoleInfo (RoleInfo.java:updateAndGet(143)) - c08c50e8-12e3-4a9f-8d07-a31e7885cc60: start FollowerState
2019-10-16 22:17:05,317 [Thread-629] INFO  impl.FollowerState (FollowerState.java:run(108)) - c08c50e8-12e3-4a9f-8d07-a31e7885cc60@group-C432D6B1530C-FollowerState: change to CANDIDATE, lastRpcTime:200ms, electionTimeout:200ms
2019-10-16 22:17:05,318 [Thread-629] INFO  impl.RoleInfo (RoleInfo.java:shutdownFollowerState(121)) - c08c50e8-12e3-4a9f-8d07-a31e7885cc60: shutdown FollowerState
2019-10-16 22:17:05,318 [Thread-629] INFO  impl.RaftServerImpl (RaftServerImpl.java:setRole(184)) - c08c50e8-12e3-4a9f-8d07-a31e7885cc60@group-C432D6B1530C: changes role from  FOLLOWER to CANDIDATE at term 24 for changeToCandidate
2019-10-16 22:17:05,318 [Thread-629] INFO  impl.RoleInfo (RoleInfo.java:updateAndGet(143)) - c08c50e8-12e3-4a9f-8d07-a31e7885cc60: start LeaderElection
2019-10-16 22:17:05,442 [c08c50e8-12e3-4a9f-8d07-a31e7885cc60@group-C432D6B1530C-LeaderElection27] INFO  impl.LeaderElection (LeaderElection.java:askForVotes(178)) - c08c50e8-12e3-4a9f-8d07-a31e7885cc60@group-C432D6B1530C-LeaderElection27: begin an election at term 25 for -1: [c877b40c-f70f-4e08-bb9d-91bddb5d6847:192.168.34.38:40232, 777be068-7a1c-4abf-ad8d-603801d8ac95:192.168.34.38:35329, c08c50e8-12e3-4a9f-8d07-a31e7885cc60:192.168.34.38:44255], old=null
2019-10-16 22:17:05,446 [grpc-default-executor-2] INFO  impl.RaftServerImpl (RaftServerImpl.java:setRole(184)) - c877b40c-f70f-4e08-bb9d-91bddb5d6847@group-C432D6B1530C: changes role from  FOLLOWER to FOLLOWER at term 25 for recognizeCandidate:c08c50e8-12e3-4a9f-8d07-a31e7885cc60
2019-10-16 22:17:05,447 [grpc-default-executor-1] INFO  impl.RaftServerImpl (RaftServerImpl.java:setRole(184)) - 777be068-7a1c-4abf-ad8d-603801d8ac95@group-C432D6B1530C: changes role from  FOLLOWER to FOLLOWER at term 25 for recognizeCandidate:c08c50e8-12e3-4a9f-8d07-a31e7885cc60
2019-10-16 22:17:05,447 [grpc-default-executor-2] INFO  impl.RoleInfo (RoleInfo.java:shutdownFollowerState(121)) - c877b40c-f70f-4e08-bb9d-91bddb5d6847: shutdown FollowerState
2019-10-16 22:17:05,447 [grpc-default-executor-1] INFO  impl.RoleInfo (RoleInfo.java:shutdownFollowerState(121)) - 777be068-7a1c-4abf-ad8d-603801d8ac95: shutdown FollowerState
2019-10-16 22:17:05,451 [grpc-default-executor-1] INFO  impl.RoleInfo (RoleInfo.java:updateAndGet(143)) - 777be068-7a1c-4abf-ad8d-603801d8ac95: start FollowerState
2019-10-16 22:17:05,451 [Thread-627] INFO  impl.FollowerState (FollowerState.java:run(117)) - c877b40c-f70f-4e08-bb9d-91bddb5d6847@group-C432D6B1530C-FollowerState was interrupted: java.lang.InterruptedException: sleep interrupted
2019-10-16 22:17:05,451 [Thread-628] INFO  impl.FollowerState (FollowerState.java:run(117)) - 777be068-7a1c-4abf-ad8d-603801d8ac95@group-C432D6B1530C-FollowerState was interrupted: java.lang.InterruptedException: sleep interrupted
2019-10-16 22:17:05,451 [grpc-default-executor-2] INFO  impl.RoleInfo (RoleInfo.java:updateAndGet(143)) - c877b40c-f70f-4e08-bb9d-91bddb5d6847: start FollowerState
2019-10-16 22:17:05,464 [c08c50e8-12e3-4a9f-8d07-a31e7885cc60@group-C432D6B1530C-LeaderElection27] INFO  impl.LeaderElection (LeaderElection.java:logAndReturn(56)) - c08c50e8-12e3-4a9f-8d07-a31e7885cc60@group-C432D6B1530C-LeaderElection27: Election REJECTED; received 2 response(s) [c08c50e8-12e3-4a9f-8d07-a31e7885cc60<-c877b40c-f70f-4e08-bb9d-91bddb5d6847#0:FAIL-t25, c08c50e8-12e3-4a9f-8d07-a31e7885cc60<-777be068-7a1c-4abf-ad8d-603801d8ac95#0:FAIL-t25] and 0 exception(s); c08c50e8-12e3-4a9f-8d07-a31e7885cc60@group-C432D6B1530C:t25, leader=null, voted=c08c50e8-12e3-4a9f-8d07-a31e7885cc60, raftlog=c08c50e8-12e3-4a9f-8d07-a31e7885cc60@group-C432D6B1530C-SegmentedRaftLog:OPENED:c-1,f-1,i0, conf=-1: [c877b40c-f70f-4e08-bb9d-91bddb5d6847:192.168.34.38:40232, 777be068-7a1c-4abf-ad8d-603801d8ac95:192.168.34.38:35329, c08c50e8-12e3-4a9f-8d07-a31e7885cc60:192.168.34.38:44255], old=null
2019-10-16 22:17:05,464 [c08c50e8-12e3-4a9f-8d07-a31e7885cc60@group-C432D6B1530C-LeaderElection27] INFO  impl.RaftServerImpl (RaftServerImpl.java:setRole(184)) - c08c50e8-12e3-4a9f-8d07-a31e7885cc60@group-C432D6B1530C: changes role from CANDIDATE to FOLLOWER at term 25 for DISCOVERED_A_NEW_TERM
2019-10-16 22:17:05,464 [c08c50e8-12e3-4a9f-8d07-a31e7885cc60@group-C432D6B1530C-LeaderElection27] INFO  impl.RoleInfo (RoleInfo.java:shutdownLeaderElection(134)) - c08c50e8-12e3-4a9f-8d07-a31e7885cc60: shutdown LeaderElection
2019-10-16 22:17:05,464 [c08c50e8-12e3-4a9f-8d07-a31e7885cc60@group-C432D6B1530C-LeaderElection27] INFO  impl.RoleInfo (RoleInfo.java:updateAndGet(143)) - c08c50e8-12e3-4a9f-8d07-a31e7885cc60: start FollowerState
2019-10-16 22:17:05,559 [Thread-635] INFO  impl.FollowerState (FollowerState.java:run(108)) - c08c50e8-12e3-4a9f-8d07-a31e7885cc60@group-C432D6B1530C-FollowerState: change to CANDIDATE, lastRpcTime:94ms, electionTimeout:94ms
2019-10-16 22:17:05,560 [Thread-635] INFO  impl.RoleInfo (RoleInfo.java:shutdownFollowerState(121)) - c08c50e8-12e3-4a9f-8d07-a31e7885cc60: shutdown FollowerState
2019-10-16 22:17:05,560 [Thread-635] INFO  impl.RaftServerImpl (RaftServerImpl.java:setRole(184)) - c08c50e8-12e3-4a9f-8d07-a31e7885cc60@group-C432D6B1530C: changes role from  FOLLOWER to CANDIDATE at term 25 for changeToCandidate
2019-10-16 22:17:05,560 [Thread-635] INFO  impl.RoleInfo (RoleInfo.java:updateAndGet(143)) - c08c50e8-12e3-4a9f-8d07-a31e7885cc60: start LeaderElection
2019-10-16 22:17:05,571 [c08c50e8-12e3-4a9f-8d07-a31e7885cc60@group-C432D6B1530C-LeaderElection28] INFO  impl.LeaderElection (LeaderElection.java:askForVotes(178)) - c08c50e8-12e3-4a9f-8d07-a31e7885cc60@group-C432D6B1530C-LeaderElection28: begin an election at term 26 for -1: [c877b40c-f70f-4e08-bb9d-91bddb5d6847:192.168.34.38:40232, 777be068-7a1c-4abf-ad8d-603801d8ac95:192.168.34.38:35329, c08c50e8-12e3-4a9f-8d07-a31e7885cc60:192.168.34.38:44255], old=null
2019-10-16 22:17:05,574 [grpc-default-executor-1] INFO  impl.RaftServerImpl (RaftServerImpl.java:setRole(184)) - c877b40c-f70f-4e08-bb9d-91bddb5d6847@group-C432D6B1530C: changes role from  FOLLOWER to FOLLOWER at term 26 for recognizeCandidate:c08c50e8-12e3-4a9f-8d07-a31e7885cc60
2019-10-16 22:17:05,574 [grpc-default-executor-1] INFO  impl.RoleInfo (RoleInfo.java:shutdownFollowerState(121)) - c877b40c-f70f-4e08-bb9d-91bddb5d6847: shutdown FollowerState
2019-10-16 22:17:05,574 [grpc-default-executor-2] INFO  impl.RaftServerImpl (RaftServerImpl.java:setRole(184)) - 777be068-7a1c-4abf-ad8d-603801d8ac95@group-C432D6B1530C: changes role from  FOLLOWER to FOLLOWER at term 26 for recognizeCandidate:c08c50e8-12e3-4a9f-8d07-a31e7885cc60
2019-10-16 22:17:05,574 [Thread-634] INFO  impl.FollowerState (FollowerState.java:run(117)) - c877b40c-f70f-4e08-bb9d-91bddb5d6847@group-C432D6B1530C-FollowerState was interrupted: java.lang.InterruptedException: sleep interrupted
2019-10-16 22:17:05,574 [grpc-default-executor-1] INFO  impl.RoleInfo (RoleInfo.java:updateAndGet(143)) - c877b40c-f70f-4e08-bb9d-91bddb5d6847: start FollowerState
2019-10-16 22:17:05,575 [grpc-default-executor-2] INFO  impl.RoleInfo (RoleInfo.java:shutdownFollowerState(121)) - 777be068-7a1c-4abf-ad8d-603801d8ac95: shutdown FollowerState
2019-10-16 22:17:05,575 [grpc-default-executor-2] INFO  impl.RoleInfo (RoleInfo.java:updateAndGet(143)) - 777be068-7a1c-4abf-ad8d-603801d8ac95: start FollowerState
2019-10-16 22:17:05,575 [Thread-633] INFO  impl.FollowerState (FollowerState.java:run(117)) - 777be068-7a1c-4abf-ad8d-603801d8ac95@group-C432D6B1530C-FollowerState was interrupted: java.lang.InterruptedException: sleep interrupted
2019-10-16 22:17:05,584 [c08c50e8-12e3-4a9f-8d07-a31e7885cc60@group-C432D6B1530C-LeaderElection28] INFO  impl.LeaderElection (LeaderElection.java:logAndReturn(56)) - c08c50e8-12e3-4a9f-8d07-a31e7885cc60@group-C432D6B1530C-LeaderElection28: Election REJECTED; received 2 response(s) [c08c50e8-12e3-4a9f-8d07-a31e7885cc60<-c877b40c-f70f-4e08-bb9d-91bddb5d6847#0:FAIL-t26, c08c50e8-12e3-4a9f-8d07-a31e7885cc60<-777be068-7a1c-4abf-ad8d-603801d8ac95#0:FAIL-t26] and 0 exception(s); c08c50e8-12e3-4a9f-8d07-a31e7885cc60@group-C432D6B1530C:t26, leader=null, voted=c08c50e8-12e3-4a9f-8d07-a31e7885cc60, raftlog=c08c50e8-12e3-4a9f-8d07-a31e7885cc60@group-C432D6B1530C-SegmentedRaftLog:OPENED:c-1,f-1,i0, conf=-1: [c877b40c-f70f-4e08-bb9d-91bddb5d6847:192.168.34.38:40232, 777be068-7a1c-4abf-ad8d-603801d8ac95:192.168.34.38:35329, c08c50e8-12e3-4a9f-8d07-a31e7885cc60:192.168.34.38:44255], old=null
2019-10-16 22:17:05,585 [c08c50e8-12e3-4a9f-8d07-a31e7885cc60@group-C432D6B1530C-LeaderElection28] INFO  impl.RaftServerImpl (RaftServerImpl.java:setRole(184)) - c08c50e8-12e3-4a9f-8d07-a31e7885cc60@group-C432D6B1530C: changes role from CANDIDATE to FOLLOWER at term 26 for DISCOVERED_A_NEW_TERM
2019-10-16 22:17:05,585 [c08c50e8-12e3-4a9f-8d07-a31e7885cc60@group-C432D6B1530C-LeaderElection28] INFO  impl.RoleInfo (RoleInfo.java:shutdownLeaderElection(134)) - c08c50e8-12e3-4a9f-8d07-a31e7885cc60: shutdown LeaderElection
2019-10-16 22:17:05,585 [c08c50e8-12e3-4a9f-8d07-a31e7885cc60@group-C432D6B1530C-LeaderElection28] INFO  impl.RoleInfo (RoleInfo.java:updateAndGet(143)) - c08c50e8-12e3-4a9f-8d07-a31e7885cc60: start FollowerState
 0.00% |?                                                                                                    |  0/1 Time: 0:00:032019-10-16 22:17:05,730 [Thread-641] INFO  impl.FollowerState (FollowerState.java:run(108)) - c08c50e8-12e3-4a9f-8d07-a31e7885cc60@group-C432D6B1530C-FollowerState: change to CANDIDATE, lastRpcTime:145ms, electionTimeout:145ms
2019-10-16 22:17:05,732 [Thread-641] INFO  impl.RoleInfo (RoleInfo.java:shutdownFollowerState(121)) - c08c50e8-12e3-4a9f-8d07-a31e7885cc60: shutdown FollowerState
2019-10-16 22:17:05,732 [Thread-641] INFO  impl.RaftServerImpl (RaftServerImpl.java:setRole(184)) - c08c50e8-12e3-4a9f-8d07-a31e7885cc60@group-C432D6B1530C: changes role from  FOLLOWER to CANDIDATE at term 26 for changeToCandidate
2019-10-16 22:17:05,733 [Thread-641] INFO  impl.RoleInfo (RoleInfo.java:updateAndGet(143)) - c08c50e8-12e3-4a9f-8d07-a31e7885cc60: start LeaderElection
2019-10-16 22:17:05,747 [c08c50e8-12e3-4a9f-8d07-a31e7885cc60@group-C432D6B1530C-LeaderElection29] INFO  impl.LeaderElection (LeaderElection.java:askForVotes(178)) - c08c50e8-12e3-4a9f-8d07-a31e7885cc60@group-C432D6B1530C-LeaderElection29: begin an election at term 27 for -1: [c877b40c-f70f-4e08-bb9d-91bddb5d6847:192.168.34.38:40232, 777be068-7a1c-4abf-ad8d-603801d8ac95:192.168.34.38:35329, c08c50e8-12e3-4a9f-8d07-a31e7885cc60:192.168.34.38:44255], old=null
2019-10-16 22:17:05,750 [grpc-default-executor-1] INFO  impl.RaftServerImpl (RaftServerImpl.java:setRole(184)) - 777be068-7a1c-4abf-ad8d-603801d8ac95@group-C432D6B1530C: changes role from  FOLLOWER to FOLLOWER at term 27 for recognizeCandidate:c08c50e8-12e3-4a9f-8d07-a31e7885cc60
2019-10-16 22:17:05,750 [grpc-default-executor-2] INFO  impl.RaftServerImpl (RaftServerImpl.java:setRole(184)) - c877b40c-f70f-4e08-bb9d-91bddb5d6847@group-C432D6B1530C: changes role from  FOLLOWER to FOLLOWER at term 27 for recognizeCandidate:c08c50e8-12e3-4a9f-8d07-a31e7885cc60
2019-10-16 22:17:05,750 [grpc-default-executor-1] INFO  impl.RoleInfo (RoleInfo.java:shutdownFollowerState(121)) - 777be068-7a1c-4abf-ad8d-603801d8ac95: shutdown FollowerState
2019-10-16 22:17:05,750 [grpc-default-executor-2] INFO  impl.RoleInfo (RoleInfo.java:shutdownFollowerState(121)) - c877b40c-f70f-4e08-bb9d-91bddb5d6847: shutdown FollowerState
2019-10-16 22:17:05,750 [Thread-640] INFO  impl.FollowerState (FollowerState.java:run(117)) - 777be068-7a1c-4abf-ad8d-603801d8ac95@group-C432D6B1530C-FollowerState was interrupted: java.lang.InterruptedException: sleep interrupted
2019-10-16 22:17:05,750 [grpc-default-executor-1] INFO  impl.RoleInfo (RoleInfo.java:updateAndGet(143)) - 777be068-7a1c-4abf-ad8d-603801d8ac95: start FollowerState
2019-10-16 22:17:05,750 [Thread-639] INFO  impl.FollowerState (FollowerState.java:run(117)) - c877b40c-f70f-4e08-bb9d-91bddb5d6847@group-C432D6B1530C-FollowerState was interrupted: java.lang.InterruptedException: sleep interrupted
2019-10-16 22:17:05,750 [grpc-default-executor-2] INFO  impl.RoleInfo (RoleInfo.java:updateAndGet(143)) - c877b40c-f70f-4e08-bb9d-91bddb5d6847: start FollowerState
2019-10-16 22:17:05,765 [c08c50e8-12e3-4a9f-8d07-a31e7885cc60@group-C432D6B1530C-LeaderElection29] INFO  impl.LeaderElection (LeaderElection.java:logAndReturn(56)) - c08c50e8-12e3-4a9f-8d07-a31e7885cc60@group-C432D6B1530C-LeaderElection29: Election REJECTED; received 2 response(s) [c08c50e8-12e3-4a9f-8d07-a31e7885cc60<-c877b40c-f70f-4e08-bb9d-91bddb5d6847#0:FAIL-t27, c08c50e8-12e3-4a9f-8d07-a31e7885cc60<-777be068-7a1c-4abf-ad8d-603801d8ac95#0:FAIL-t27] and 0 exception(s); c08c50e8-12e3-4a9f-8d07-a31e7885cc60@group-C432D6B1530C:t27, leader=null, voted=c08c50e8-12e3-4a9f-8d07-a31e7885cc60, raftlog=c08c50e8-12e3-4a9f-8d07-a31e7885cc60@group-C432D6B1530C-SegmentedRaftLog:OPENED:c-1,f-1,i0, conf=-1: [c877b40c-f70f-4e08-bb9d-91bddb5d6847:192.168.34.38:40232, 777be068-7a1c-4abf-ad8d-603801d8ac95:192.168.34.38:35329, c08c50e8-12e3-4a9f-8d07-a31e7885cc60:192.168.34.38:44255], old=null
2019-10-16 22:17:05,766 [c08c50e8-12e3-4a9f-8d07-a31e7885cc60@group-C432D6B1530C-LeaderElection29] INFO  impl.RaftServerImpl (RaftServerImpl.java:setRole(184)) - c08c50e8-12e3-4a9f-8d07-a31e7885cc60@group-C432D6B1530C: changes role from CANDIDATE to FOLLOWER at term 27 for DISCOVERED_A_NEW_TERM
2019-10-16 22:17:05,766 [c08c50e8-12e3-4a9f-8d07-a31e7885cc60@group-C432D6B1530C-LeaderElection29] INFO  impl.RoleInfo (RoleInfo.java:shutdownLeaderElection(134)) - c08c50e8-12e3-4a9f-8d07-a31e7885cc60: shutdown LeaderElection
2019-10-16 22:17:05,766 [c08c50e8-12e3-4a9f-8d07-a31e7885cc60@group-C432D6B1530C-LeaderElection29] INFO  impl.RoleInfo (RoleInfo.java:updateAndGet(143)) - c08c50e8-12e3-4a9f-8d07-a31e7885cc60: start FollowerState
2019-10-16 22:17:05,859 [Thread-647] INFO  impl.FollowerState (FollowerState.java:run(108)) - c08c50e8-12e3-4a9f-8d07-a31e7885cc60@group-C432D6B1530C-FollowerState: change to CANDIDATE, lastRpcTime:93ms, electionTimeout:93ms
2019-10-16 22:17:05,860 [Thread-647] INFO  impl.RoleInfo (RoleInfo.java:shutdownFollowerState(121)) - c08c50e8-12e3-4a9f-8d07-a31e7885cc60: shutdown FollowerState
2019-10-16 22:17:05,860 [Thread-647] INFO  impl.RaftServerImpl (RaftServerImpl.java:setRole(184)) - c08c50e8-12e3-4a9f-8d07-a31e7885cc60@group-C432D6B1530C: changes role from  FOLLOWER to CANDIDATE at term 27 for changeToCandidate
2019-10-16 22:17:05,860 [Thread-647] INFO  impl.RoleInfo (RoleInfo.java:updateAndGet(143)) - c08c50e8-12e3-4a9f-8d07-a31e7885cc60: start LeaderElection
2019-10-16 22:17:05,896 [c08c50e8-12e3-4a9f-8d07-a31e7885cc60@group-C432D6B1530C-LeaderElection30] INFO  impl.LeaderElection (LeaderElection.java:askForVotes(178)) - c08c50e8-12e3-4a9f-8d07-a31e7885cc60@group-C432D6B1530C-LeaderElection30: begin an election at term 28 for -1: [c877b40c-f70f-4e08-bb9d-91bddb5d6847:192.168.34.38:40232, 777be068-7a1c-4abf-ad8d-603801d8ac95:192.168.34.38:35329, c08c50e8-12e3-4a9f-8d07-a31e7885cc60:192.168.34.38:44255], old=null
2019-10-16 22:17:05,899 [grpc-default-executor-2] INFO  impl.RaftServerImpl (RaftServerImpl.java:setRole(184)) - c877b40c-f70f-4e08-bb9d-91bddb5d6847@group-C432D6B1530C: changes role from  FOLLOWER to FOLLOWER at term 28 for recognizeCandidate:c08c50e8-12e3-4a9f-8d07-a31e7885cc60
2019-10-16 22:17:05,899 [grpc-default-executor-1] INFO  impl.RaftServerImpl (RaftServerImpl.java:setRole(184)) - 777be068-7a1c-4abf-ad8d-603801d8ac95@group-C432D6B1530C: changes role from  FOLLOWER to FOLLOWER at term 28 for recognizeCandidate:c08c50e8-12e3-4a9f-8d07-a31e7885cc60
2019-10-16 22:17:05,900 [grpc-default-executor-2] INFO  impl.RoleInfo (RoleInfo.java:shutdownFollowerState(121)) - c877b40c-f70f-4e08-bb9d-91bddb5d6847: shutdown FollowerState
2019-10-16 22:17:05,900 [grpc-default-executor-1] INFO  impl.RoleInfo (RoleInfo.java:shutdownFollowerState(121)) - 777be068-7a1c-4abf-ad8d-603801d8ac95: shutdown FollowerState
2019-10-16 22:17:05,900 [Thread-646] INFO  impl.FollowerState (FollowerState.java:run(117)) - c877b40c-f70f-4e08-bb9d-91bddb5d6847@group-C432D6B1530C-FollowerState was interrupted: java.lang.InterruptedException: sleep interrupted
2019-10-16 22:17:05,900 [grpc-default-executor-1] INFO  impl.RoleInfo (RoleInfo.java:updateAndGet(143)) - 777be068-7a1c-4abf-ad8d-603801d8ac95: start FollowerState
2019-10-16 22:17:05,900 [grpc-default-executor-2] INFO  impl.RoleInfo (RoleInfo.java:updateAndGet(143)) - c877b40c-f70f-4e08-bb9d-91bddb5d6847: start FollowerState
2019-10-16 22:17:05,900 [Thread-645] INFO  impl.FollowerState (FollowerState.java:run(117)) - 777be068-7a1c-4abf-ad8d-603801d8ac95@group-C432D6B1530C-FollowerState was interrupted: java.lang.InterruptedException: sleep interrupted
2019-10-16 22:17:05,915 [c08c50e8-12e3-4a9f-8d07-a31e7885cc60@group-C432D6B1530C-LeaderElection30] INFO  impl.LeaderElection (LeaderElection.java:logAndReturn(56)) - c08c50e8-12e3-4a9f-8d07-a31e7885cc60@group-C432D6B1530C-LeaderElection30: Election REJECTED; received 2 response(s) [c08c50e8-12e3-4a9f-8d07-a31e7885cc60<-c877b40c-f70f-4e08-bb9d-91bddb5d6847#0:FAIL-t28, c08c50e8-12e3-4a9f-8d07-a31e7885cc60<-777be068-7a1c-4abf-ad8d-603801d8ac95#0:FAIL-t28] and 0 exception(s); c08c50e8-12e3-4a9f-8d07-a31e7885cc60@group-C432D6B1530C:t28, leader=null, voted=c08c50e8-12e3-4a9f-8d07-a31e7885cc60, raftlog=c08c50e8-12e3-4a9f-8d07-a31e7885cc60@group-C432D6B1530C-SegmentedRaftLog:OPENED:c-1,f-1,i0, conf=-1: [c877b40c-f70f-4e08-bb9d-91bddb5d6847:192.168.34.38:40232, 777be068-7a1c-4abf-ad8d-603801d8ac95:192.168.34.38:35329, c08c50e8-12e3-4a9f-8d07-a31e7885cc60:192.168.34.38:44255], old=null
2019-10-16 22:17:05,916 [c08c50e8-12e3-4a9f-8d07-a31e7885cc60@group-C432D6B1530C-LeaderElection30] INFO  impl.RaftServerImpl (RaftServerImpl.java:setRole(184)) - c08c50e8-12e3-4a9f-8d07-a31e7885cc60@group-C432D6B1530C: changes role from CANDIDATE to FOLLOWER at term 28 for DISCOVERED_A_NEW_TERM
2019-10-16 22:17:05,916 [c08c50e8-12e3-4a9f-8d07-a31e7885cc60@group-C432D6B1530C-LeaderElection30] INFO  impl.RoleInfo (RoleInfo.java:shutdownLeaderElection(134)) - c08c50e8-12e3-4a9f-8d07-a31e7885cc60: shutdown LeaderElection
2019-10-16 22:17:05,916 [c08c50e8-12e3-4a9f-8d07-a31e7885cc60@group-C432D6B1530C-LeaderElection30] INFO  impl.RoleInfo (RoleInfo.java:updateAndGet(143)) - c08c50e8-12e3-4a9f-8d07-a31e7885cc60: start FollowerState
2019-10-16 22:17:05,971 [Thread-653] INFO  impl.FollowerState (FollowerState.java:run(108)) - c08c50e8-12e3-4a9f-8d07-a31e7885cc60@group-C432D6B1530C-FollowerState: change to CANDIDATE, lastRpcTime:55ms, electionTimeout:55ms
2019-10-16 22:17:05,975 [Thread-653] INFO  impl.RoleInfo (RoleInfo.java:shutdownFollowerState(121)) - c08c50e8-12e3-4a9f-8d07-a31e7885cc60: shutdown FollowerState
2019-10-16 22:17:05,975 [Thread-653] INFO  impl.RaftServerImpl (RaftServerImpl.java:setRole(184)) - c08c50e8-12e3-4a9f-8d07-a31e7885cc60@group-C432D6B1530C: changes role from  FOLLOWER to CANDIDATE at term 28 for changeToCandidate
2019-10-16 22:17:05,975 [Thread-653] INFO  impl.RoleInfo (RoleInfo.java:updateAndGet(143)) - c08c50e8-12e3-4a9f-8d07-a31e7885cc60: start LeaderElection
2019-10-16 22:17:05,990 [c08c50e8-12e3-4a9f-8d07-a31e7885cc60@group-C432D6B1530C-LeaderElection31] INFO  impl.LeaderElection (LeaderElection.java:askForVotes(178)) - c08c50e8-12e3-4a9f-8d07-a31e7885cc60@group-C432D6B1530C-LeaderElection31: begin an election at term 29 for -1: [c877b40c-f70f-4e08-bb9d-91bddb5d6847:192.168.34.38:40232, 777be068-7a1c-4abf-ad8d-603801d8ac95:192.168.34.38:35329, c08c50e8-12e3-4a9f-8d07-a31e7885cc60:192.168.34.38:44255], old=null
2019-10-16 22:17:05,992 [grpc-default-executor-1] INFO  impl.RaftServerImpl (RaftServerImpl.java:setRole(184)) - c877b40c-f70f-4e08-bb9d-91bddb5d6847@group-C432D6B1530C: changes role from  FOLLOWER to FOLLOWER at term 29 for recognizeCandidate:c08c50e8-12e3-4a9f-8d07-a31e7885cc60
2019-10-16 22:17:05,993 [grpc-default-executor-1] INFO  impl.RoleInfo (RoleInfo.java:shutdownFollowerState(121)) - c877b40c-f70f-4e08-bb9d-91bddb5d6847: shutdown FollowerState
2019-10-16 22:17:05,993 [grpc-default-executor-1] INFO  impl.RoleInfo (RoleInfo.java:updateAndGet(143)) - c877b40c-f70f-4e08-bb9d-91bddb5d6847: start FollowerState
2019-10-16 22:17:05,993 [Thread-651] INFO  impl.FollowerState (FollowerState.java:run(117)) - c877b40c-f70f-4e08-bb9d-91bddb5d6847@group-C432D6B1530C-FollowerState was interrupted: java.lang.InterruptedException: sleep interrupted
2019-10-16 22:17:05,993 [grpc-default-executor-2] INFO  impl.RaftServerImpl (RaftServerImpl.java:setRole(184)) - 777be068-7a1c-4abf-ad8d-603801d8ac95@group-C432D6B1530C: changes role from  FOLLOWER to FOLLOWER at term 29 for recognizeCandidate:c08c50e8-12e3-4a9f-8d07-a31e7885cc60
2019-10-16 22:17:05,993 [grpc-default-executor-2] INFO  impl.RoleInfo (RoleInfo.java:shutdownFollowerState(121)) - 777be068-7a1c-4abf-ad8d-603801d8ac95: shutdown FollowerState
2019-10-16 22:17:05,993 [grpc-default-executor-2] INFO  impl.RoleInfo (RoleInfo.java:updateAndGet(143)) - 777be068-7a1c-4abf-ad8d-603801d8ac95: start FollowerState
2019-10-16 22:17:05,993 [Thread-652] INFO  impl.FollowerState (FollowerState.java:run(117)) - 777be068-7a1c-4abf-ad8d-603801d8ac95@group-C432D6B1530C-FollowerState was interrupted: java.lang.InterruptedException: sleep interrupted
2019-10-16 22:17:06,008 [c08c50e8-12e3-4a9f-8d07-a31e7885cc60@group-C432D6B1530C-LeaderElection31] INFO  impl.LeaderElection (LeaderElection.java:logAndReturn(56)) - c08c50e8-12e3-4a9f-8d07-a31e7885cc60@group-C432D6B1530C-LeaderElection31: Election REJECTED; received 2 response(s) [c08c50e8-12e3-4a9f-8d07-a31e7885cc60<-c877b40c-f70f-4e08-bb9d-91bddb5d6847#0:FAIL-t29, c08c50e8-12e3-4a9f-8d07-a31e7885cc60<-777be068-7a1c-4abf-ad8d-603801d8ac95#0:FAIL-t29] and 0 exception(s); c08c50e8-12e3-4a9f-8d07-a31e7885cc60@group-C432D6B1530C:t29, leader=null, voted=c08c50e8-12e3-4a9f-8d07-a31e7885cc60, raftlog=c08c50e8-12e3-4a9f-8d07-a31e7885cc60@group-C432D6B1530C-SegmentedRaftLog:OPENED:c-1,f-1,i0, conf=-1: [c877b40c-f70f-4e08-bb9d-91bddb5d6847:192.168.34.38:40232, 777be068-7a1c-4abf-ad8d-603801d8ac95:192.168.34.38:35329, c08c50e8-12e3-4a9f-8d07-a31e7885cc60:192.168.34.38:44255], old=null
2019-10-16 22:17:06,008 [c08c50e8-12e3-4a9f-8d07-a31e7885cc60@group-C432D6B1530C-LeaderElection31] INFO  impl.RaftServerImpl (RaftServerImpl.java:setRole(184)) - c08c50e8-12e3-4a9f-8d07-a31e7885cc60@group-C432D6B1530C: changes role from CANDIDATE to FOLLOWER at term 29 for DISCOVERED_A_NEW_TERM
2019-10-16 22:17:06,008 [c08c50e8-12e3-4a9f-8d07-a31e7885cc60@group-C432D6B1530C-LeaderElection31] INFO  impl.RoleInfo (RoleInfo.java:shutdownLeaderElection(134)) - c08c50e8-12e3-4a9f-8d07-a31e7885cc60: shutdown LeaderElection
2019-10-16 22:17:06,008 [c08c50e8-12e3-4a9f-8d07-a31e7885cc60@group-C432D6B1530C-LeaderElection31] INFO  impl.RoleInfo (RoleInfo.java:updateAndGet(143)) - c08c50e8-12e3-4a9f-8d07-a31e7885cc60: start FollowerState
2019-10-16 22:17:06,093 [Thread-659] INFO  impl.FollowerState (FollowerState.java:run(108)) - c08c50e8-12e3-4a9f-8d07-a31e7885cc60@group-C432D6B1530C-FollowerState: change to CANDIDATE, lastRpcTime:84ms, electionTimeout:84ms
2019-10-16 22:17:06,093 [Thread-659] INFO  impl.RoleInfo (RoleInfo.java:shutdownFollowerState(121)) - c08c50e8-12e3-4a9f-8d07-a31e7885cc60: shutdown FollowerState
2019-10-16 22:17:06,093 [Thread-659] INFO  impl.RaftServerImpl (RaftServerImpl.java:setRole(184)) - c08c50e8-12e3-4a9f-8d07-a31e7885cc60@group-C432D6B1530C: changes role from  FOLLOWER to CANDIDATE at term 29 for changeToCandidate
2019-10-16 22:17:06,093 [Thread-659] INFO  impl.RoleInfo (RoleInfo.java:updateAndGet(143)) - c08c50e8-12e3-4a9f-8d07-a31e7885cc60: start LeaderElection
2019-10-16 22:17:06,106 [c08c50e8-12e3-4a9f-8d07-a31e7885cc60@group-C432D6B1530C-LeaderElection32] INFO  impl.LeaderElection (LeaderElection.java:askForVotes(178)) - c08c50e8-12e3-4a9f-8d07-a31e7885cc60@group-C432D6B1530C-LeaderElection32: begin an election at term 30 for -1: [c877b40c-f70f-4e08-bb9d-91bddb5d6847:192.168.34.38:40232, 777be068-7a1c-4abf-ad8d-603801d8ac95:192.168.34.38:35329, c08c50e8-12e3-4a9f-8d07-a31e7885cc60:192.168.34.38:44255], old=null
2019-10-16 22:17:06,109 [grpc-default-executor-1] INFO  impl.RaftServerImpl (RaftServerImpl.java:setRole(184)) - c877b40c-f70f-4e08-bb9d-91bddb5d6847@group-C432D6B1530C: changes role from  FOLLOWER to FOLLOWER at term 30 for recognizeCandidate:c08c50e8-12e3-4a9f-8d07-a31e7885cc60
2019-10-16 22:17:06,109 [grpc-default-executor-1] INFO  impl.RoleInfo (RoleInfo.java:shutdownFollowerState(121)) - c877b40c-f70f-4e08-bb9d-91bddb5d6847: shutdown FollowerState
2019-10-16 22:17:06,109 [grpc-default-executor-1] INFO  impl.RoleInfo (RoleInfo.java:updateAndGet(143)) - c877b40c-f70f-4e08-bb9d-91bddb5d6847: start FollowerState
2019-10-16 22:17:06,109 [grpc-default-executor-2] INFO  impl.RaftServerImpl (RaftServerImpl.java:setRole(184)) - 777be068-7a1c-4abf-ad8d-603801d8ac95@group-C432D6B1530C: changes role from  FOLLOWER to FOLLOWER at term 30 for recognizeCandidate:c08c50e8-12e3-4a9f-8d07-a31e7885cc60
2019-10-16 22:17:06,109 [Thread-657] INFO  impl.FollowerState (FollowerState.java:run(117)) - c877b40c-f70f-4e08-bb9d-91bddb5d6847@group-C432D6B1530C-FollowerState was interrupted: java.lang.InterruptedException: sleep interrupted
2019-10-16 22:17:06,109 [grpc-default-executor-2] INFO  impl.RoleInfo (RoleInfo.java:shutdownFollowerState(121)) - 777be068-7a1c-4abf-ad8d-603801d8ac95: shutdown FollowerState
2019-10-16 22:17:06,110 [grpc-default-executor-2] INFO  impl.RoleInfo (RoleInfo.java:updateAndGet(143)) - 777be068-7a1c-4abf-ad8d-603801d8ac95: start FollowerState
2019-10-16 22:17:06,110 [Thread-658] INFO  impl.FollowerState (FollowerState.java:run(117)) - 777be068-7a1c-4abf-ad8d-603801d8ac95@group-C432D6B1530C-FollowerState was interrupted: java.lang.InterruptedException: sleep interrupted
2019-10-16 22:17:06,114 [c08c50e8-12e3-4a9f-8d07-a31e7885cc60@group-C432D6B1530C-LeaderElection32] INFO  impl.LeaderElection (LeaderElection.java:logAndReturn(56)) - c08c50e8-12e3-4a9f-8d07-a31e7885cc60@group-C432D6B1530C-LeaderElection32: Election TIMEOUT; received 0 response(s) [] and 0 exception(s); c08c50e8-12e3-4a9f-8d07-a31e7885cc60@group-C432D6B1530C:t30, leader=null, voted=c08c50e8-12e3-4a9f-8d07-a31e7885cc60, raftlog=c08c50e8-12e3-4a9f-8d07-a31e7885cc60@group-C432D6B1530C-SegmentedRaftLog:OPENED:c-1,f-1,i0, conf=-1: [c877b40c-f70f-4e08-bb9d-91bddb5d6847:192.168.34.38:40232, 777be068-7a1c-4abf-ad8d-603801d8ac95:192.168.34.38:35329, c08c50e8-12e3-4a9f-8d07-a31e7885cc60:192.168.34.38:44255], old=null
2019-10-16 22:17:06,126 [c08c50e8-12e3-4a9f-8d07-a31e7885cc60@group-C432D6B1530C-LeaderElection32] INFO  impl.LeaderElection (LeaderElection.java:askForVotes(178)) - c08c50e8-12e3-4a9f-8d07-a31e7885cc60@group-C432D6B1530C-LeaderElection32: begin an election at term 31 for -1: [c877b40c-f70f-4e08-bb9d-91bddb5d6847:192.168.34.38:40232, 777be068-7a1c-4abf-ad8d-603801d8ac95:192.168.34.38:35329, c08c50e8-12e3-4a9f-8d07-a31e7885cc60:192.168.34.38:44255], old=null
2019-10-16 22:17:06,128 [grpc-default-executor-2] INFO  impl.RaftServerImpl (RaftServerImpl.java:setRole(184)) - 777be068-7a1c-4abf-ad8d-603801d8ac95@group-C432D6B1530C: changes role from  FOLLOWER to FOLLOWER at term 31 for recognizeCandidate:c08c50e8-12e3-4a9f-8d07-a31e7885cc60
2019-10-16 22:17:06,128 [grpc-default-executor-2] INFO  impl.RoleInfo (RoleInfo.java:shutdownFollowerState(121)) - 777be068-7a1c-4abf-ad8d-603801d8ac95: shutdown FollowerState
2019-10-16 22:17:06,129 [grpc-default-executor-1] INFO  impl.RaftServerImpl (RaftServerImpl.java:setRole(184)) - c877b40c-f70f-4e08-bb9d-91bddb5d6847@group-C432D6B1530C: changes role from  FOLLOWER to FOLLOWER at term 31 for recognizeCandidate:c08c50e8-12e3-4a9f-8d07-a31e7885cc60
2019-10-16 22:17:06,129 [grpc-default-executor-2] INFO  impl.RoleInfo (RoleInfo.java:updateAndGet(143)) - 777be068-7a1c-4abf-ad8d-603801d8ac95: start FollowerState
2019-10-16 22:17:06,129 [Thread-664] INFO  impl.FollowerState (FollowerState.java:run(117)) - 777be068-7a1c-4abf-ad8d-603801d8ac95@group-C432D6B1530C-FollowerState was interrupted: java.lang.InterruptedException: sleep interrupted
2019-10-16 22:17:06,129 [grpc-default-executor-1] INFO  impl.RoleInfo (RoleInfo.java:shutdownFollowerState(121)) - c877b40c-f70f-4e08-bb9d-91bddb5d6847: shutdown FollowerState
2019-10-16 22:17:06,129 [grpc-default-executor-1] INFO  impl.RoleInfo (RoleInfo.java:updateAndGet(143)) - c877b40c-f70f-4e08-bb9d-91bddb5d6847: start FollowerState
2019-10-16 22:17:06,129 [Thread-663] INFO  impl.FollowerState (FollowerState.java:run(117)) - c877b40c-f70f-4e08-bb9d-91bddb5d6847@group-C432D6B1530C-FollowerState was interrupted: java.lang.InterruptedException: sleep interrupted
2019-10-16 22:17:06,143 [c08c50e8-12e3-4a9f-8d07-a31e7885cc60@group-C432D6B1530C-LeaderElection32] INFO  impl.LeaderElection (LeaderElection.java:logAndReturn(56)) - c08c50e8-12e3-4a9f-8d07-a31e7885cc60@group-C432D6B1530C-LeaderElection32: Election REJECTED; received 2 response(s) [c08c50e8-12e3-4a9f-8d07-a31e7885cc60<-c877b40c-f70f-4e08-bb9d-91bddb5d6847#0:FAIL-t31, c08c50e8-12e3-4a9f-8d07-a31e7885cc60<-777be068-7a1c-4abf-ad8d-603801d8ac95#0:FAIL-t31] and 0 exception(s); c08c50e8-12e3-4a9f-8d07-a31e7885cc60@group-C432D6B1530C:t31, leader=null, voted=c08c50e8-12e3-4a9f-8d07-a31e7885cc60, raftlog=c08c50e8-12e3-4a9f-8d07-a31e7885cc60@group-C432D6B1530C-SegmentedRaftLog:OPENED:c-1,f-1,i0, conf=-1: [c877b40c-f70f-4e08-bb9d-91bddb5d6847:192.168.34.38:40232, 777be068-7a1c-4abf-ad8d-603801d8ac95:192.168.34.38:35329, c08c50e8-12e3-4a9f-8d07-a31e7885cc60:192.168.34.38:44255], old=null
2019-10-16 22:17:06,144 [c08c50e8-12e3-4a9f-8d07-a31e7885cc60@group-C432D6B1530C-LeaderElection32] INFO  impl.RaftServerImpl (RaftServerImpl.java:setRole(184)) - c08c50e8-12e3-4a9f-8d07-a31e7885cc60@group-C432D6B1530C: changes role from CANDIDATE to FOLLOWER at term 31 for DISCOVERED_A_NEW_TERM
2019-10-16 22:17:06,144 [c08c50e8-12e3-4a9f-8d07-a31e7885cc60@group-C432D6B1530C-LeaderElection32] INFO  impl.RoleInfo (RoleInfo.java:shutdownLeaderElection(134)) - c08c50e8-12e3-4a9f-8d07-a31e7885cc60: shutdown LeaderElection
2019-10-16 22:17:06,144 [c08c50e8-12e3-4a9f-8d07-a31e7885cc60@group-C432D6B1530C-LeaderElection32] INFO  impl.RoleInfo (RoleInfo.java:updateAndGet(143)) - c08c50e8-12e3-4a9f-8d07-a31e7885cc60: start FollowerState
2019-10-16 22:17:06,304 [Thread-669] INFO  impl.FollowerState (FollowerState.java:run(108)) - c08c50e8-12e3-4a9f-8d07-a31e7885cc60@group-C432D6B1530C-FollowerState: change to CANDIDATE, lastRpcTime:160ms, electionTimeout:160ms
2019-10-16 22:17:06,305 [Thread-669] INFO  impl.RoleInfo (RoleInfo.java:shutdownFollowerState(121)) - c08c50e8-12e3-4a9f-8d07-a31e7885cc60: shutdown FollowerState
2019-10-16 22:17:06,305 [Thread-669] INFO  impl.RaftServerImpl (RaftServerImpl.java:setRole(184)) - c08c50e8-12e3-4a9f-8d07-a31e7885cc60@group-C432D6B1530C: changes role from  FOLLOWER to CANDIDATE at term 31 for changeToCandidate
2019-10-16 22:17:06,305 [Thread-669] INFO  impl.RoleInfo (RoleInfo.java:updateAndGet(143)) - c08c50e8-12e3-4a9f-8d07-a31e7885cc60: start LeaderElection
2019-10-16 22:17:06,319 [c08c50e8-12e3-4a9f-8d07-a31e7885cc60@group-C432D6B1530C-LeaderElection33] INFO  impl.LeaderElection (LeaderElection.java:askForVotes(178)) - c08c50e8-12e3-4a9f-8d07-a31e7885cc60@group-C432D6B1530C-LeaderElection33: begin an election at term 32 for -1: [c877b40c-f70f-4e08-bb9d-91bddb5d6847:192.168.34.38:40232, 777be068-7a1c-4abf-ad8d-603801d8ac95:192.168.34.38:35329, c08c50e8-12e3-4a9f-8d07-a31e7885cc60:192.168.34.38:44255], old=null
2019-10-16 22:17:06,323 [grpc-default-executor-1] INFO  impl.RaftServerImpl (RaftServerImpl.java:setRole(184)) - c877b40c-f70f-4e08-bb9d-91bddb5d6847@group-C432D6B1530C: changes role from  FOLLOWER to FOLLOWER at term 32 for recognizeCandidate:c08c50e8-12e3-4a9f-8d07-a31e7885cc60
2019-10-16 22:17:06,323 [grpc-default-executor-2] INFO  impl.RaftServerImpl (RaftServerImpl.java:setRole(184)) - 777be068-7a1c-4abf-ad8d-603801d8ac95@group-C432D6B1530C: changes role from  FOLLOWER to FOLLOWER at term 32 for recognizeCandidate:c08c50e8-12e3-4a9f-8d07-a31e7885cc60
2019-10-16 22:17:06,323 [grpc-default-executor-1] INFO  impl.RoleInfo (RoleInfo.java:shutdownFollowerState(121)) - c877b40c-f70f-4e08-bb9d-91bddb5d6847: shutdown FollowerState
2019-10-16 22:17:06,323 [grpc-default-executor-2] INFO  impl.RoleInfo (RoleInfo.java:shutdownFollowerState(121)) - 777be068-7a1c-4abf-ad8d-603801d8ac95: shutdown FollowerState
2019-10-16 22:17:06,323 [Thread-668] INFO  impl.FollowerState (FollowerState.java:run(117)) - c877b40c-f70f-4e08-bb9d-91bddb5d6847@group-C432D6B1530C-FollowerState was interrupted: java.lang.InterruptedException: sleep interrupted
2019-10-16 22:17:06,323 [grpc-default-executor-1] INFO  impl.RoleInfo (RoleInfo.java:updateAndGet(143)) - c877b40c-f70f-4e08-bb9d-91bddb5d6847: start FollowerState
2019-10-16 22:17:06,323 [Thread-667] INFO  impl.FollowerState (FollowerState.java:run(117)) - 777be068-7a1c-4abf-ad8d-603801d8ac95@group-C432D6B1530C-FollowerState was interrupted: java.lang.InterruptedException: sleep interrupted
2019-10-16 22:17:06,323 [grpc-default-executor-2] INFO  impl.RoleInfo (RoleInfo.java:updateAndGet(143)) - 777be068-7a1c-4abf-ad8d-603801d8ac95: start FollowerState
2019-10-16 22:17:06,339 [c08c50e8-12e3-4a9f-8d07-a31e7885cc60@group-C432D6B1530C-LeaderElection33] INFO  impl.LeaderElection (LeaderElection.java:logAndReturn(56)) - c08c50e8-12e3-4a9f-8d07-a31e7885cc60@group-C432D6B1530C-LeaderElection33: Election REJECTED; received 2 response(s) [c08c50e8-12e3-4a9f-8d07-a31e7885cc60<-c877b40c-f70f-4e08-bb9d-91bddb5d6847#0:FAIL-t32, c08c50e8-12e3-4a9f-8d07-a31e7885cc60<-777be068-7a1c-4abf-ad8d-603801d8ac95#0:FAIL-t32] and 0 exception(s); c08c50e8-12e3-4a9f-8d07-a31e7885cc60@group-C432D6B1530C:t32, leader=null, voted=c08c50e8-12e3-4a9f-8d07-a31e7885cc60, raftlog=c08c50e8-12e3-4a9f-8d07-a31e7885cc60@group-C432D6B1530C-SegmentedRaftLog:OPENED:c-1,f-1,i0, conf=-1: [c877b40c-f70f-4e08-bb9d-91bddb5d6847:192.168.34.38:40232, 777be068-7a1c-4abf-ad8d-603801d8ac95:192.168.34.38:35329, c08c50e8-12e3-4a9f-8d07-a31e7885cc60:192.168.34.38:44255], old=null
2019-10-16 22:17:06,339 [c08c50e8-12e3-4a9f-8d07-a31e7885cc60@group-C432D6B1530C-LeaderElection33] INFO  impl.RaftServerImpl (RaftServerImpl.java:setRole(184)) - c08c50e8-12e3-4a9f-8d07-a31e7885cc60@group-C432D6B1530C: changes role from CANDIDATE to FOLLOWER at term 32 for DISCOVERED_A_NEW_TERM
2019-10-16 22:17:06,339 [c08c50e8-12e3-4a9f-8d07-a31e7885cc60@group-C432D6B1530C-LeaderElection33] INFO  impl.RoleInfo (RoleInfo.java:shutdownLeaderElection(134)) - c08c50e8-12e3-4a9f-8d07-a31e7885cc60: shutdown LeaderElection
2019-10-16 22:17:06,339 [c08c50e8-12e3-4a9f-8d07-a31e7885cc60@group-C432D6B1530C-LeaderElection33] INFO  impl.RoleInfo (RoleInfo.java:updateAndGet(143)) - c08c50e8-12e3-4a9f-8d07-a31e7885cc60: start FollowerState
2019-10-16 22:17:06,532 [Thread-675] INFO  impl.FollowerState (FollowerState.java:run(108)) - c08c50e8-12e3-4a9f-8d07-a31e7885cc60@group-C432D6B1530C-FollowerState: change to CANDIDATE, lastRpcTime:192ms, electionTimeout:192ms
2019-10-16 22:17:06,532 [Thread-675] INFO  impl.RoleInfo (RoleInfo.java:shutdownFollowerState(121)) - c08c50e8-12e3-4a9f-8d07-a31e7885cc60: shutdown FollowerState
2019-10-16 22:17:06,532 [Thread-675] INFO  impl.RaftServerImpl (RaftServerImpl.java:setRole(184)) - c08c50e8-12e3-4a9f-8d07-a31e7885cc60@group-C432D6B1530C: changes role from  FOLLOWER to CANDIDATE at term 32 for changeToCandidate
2019-10-16 22:17:06,533 [Thread-675] INFO  impl.RoleInfo (RoleInfo.java:updateAndGet(143)) - c08c50e8-12e3-4a9f-8d07-a31e7885cc60: start LeaderElection
2019-10-16 22:17:06,547 [c08c50e8-12e3-4a9f-8d07-a31e7885cc60@group-C432D6B1530C-LeaderElection34] INFO  impl.LeaderElection (LeaderElection.java:askForVotes(178)) - c08c50e8-12e3-4a9f-8d07-a31e7885cc60@group-C432D6B1530C-LeaderElection34: begin an election at term 33 for -1: [c877b40c-f70f-4e08-bb9d-91bddb5d6847:192.168.34.38:40232, 777be068-7a1c-4abf-ad8d-603801d8ac95:192.168.34.38:35329, c08c50e8-12e3-4a9f-8d07-a31e7885cc60:192.168.34.38:44255], old=null
2019-10-16 22:17:06,550 [grpc-default-executor-2] INFO  impl.RaftServerImpl (RaftServerImpl.java:setRole(184)) - 777be068-7a1c-4abf-ad8d-603801d8ac95@group-C432D6B1530C: changes role from  FOLLOWER to FOLLOWER at term 33 for recognizeCandidate:c08c50e8-12e3-4a9f-8d07-a31e7885cc60
2019-10-16 22:17:06,550 [grpc-default-executor-2] INFO  impl.RoleInfo (RoleInfo.java:shutdownFollowerState(121)) - 777be068-7a1c-4abf-ad8d-603801d8ac95: shutdown FollowerState
2019-10-16 22:17:06,550 [grpc-default-executor-1] INFO  impl.RaftServerImpl (RaftServerImpl.java:setRole(184)) - c877b40c-f70f-4e08-bb9d-91bddb5d6847@group-C432D6B1530C: changes role from  FOLLOWER to FOLLOWER at term 33 for recognizeCandidate:c08c50e8-12e3-4a9f-8d07-a31e7885cc60
2019-10-16 22:17:06,550 [grpc-default-executor-2] INFO  impl.RoleInfo (RoleInfo.java:updateAndGet(143)) - 777be068-7a1c-4abf-ad8d-603801d8ac95: start FollowerState
2019-10-16 22:17:06,550 [Thread-674] INFO  impl.FollowerState (FollowerState.java:run(117)) - 777be068-7a1c-4abf-ad8d-603801d8ac95@group-C432D6B1530C-FollowerState was interrupted: java.lang.InterruptedException: sleep interrupted
2019-10-16 22:17:06,550 [grpc-default-executor-1] INFO  impl.RoleInfo (RoleInfo.java:shutdownFollowerState(121)) - c877b40c-f70f-4e08-bb9d-91bddb5d6847: shutdown FollowerState
2019-10-16 22:17:06,551 [grpc-default-executor-1] INFO  impl.RoleInfo (RoleInfo.java:updateAndGet(143)) - c877b40c-f70f-4e08-bb9d-91bddb5d6847: start FollowerState
2019-10-16 22:17:06,551 [Thread-673] INFO  impl.FollowerState (FollowerState.java:run(117)) - c877b40c-f70f-4e08-bb9d-91bddb5d6847@group-C432D6B1530C-FollowerState was interrupted: java.lang.InterruptedException: sleep interrupted
2019-10-16 22:17:06,587 [c08c50e8-12e3-4a9f-8d07-a31e7885cc60@group-C432D6B1530C-LeaderElection34] INFO  impl.LeaderElection (LeaderElection.java:logAndReturn(56)) - c08c50e8-12e3-4a9f-8d07-a31e7885cc60@group-C432D6B1530C-LeaderElection34: Election REJECTED; received 2 response(s) [c08c50e8-12e3-4a9f-8d07-a31e7885cc60<-c877b40c-f70f-4e08-bb9d-91bddb5d6847#0:FAIL-t33, c08c50e8-12e3-4a9f-8d07-a31e7885cc60<-777be068-7a1c-4abf-ad8d-603801d8ac95#0:FAIL-t33] and 0 exception(s); c08c50e8-12e3-4a9f-8d07-a31e7885cc60@group-C432D6B1530C:t33, leader=null, voted=c08c50e8-12e3-4a9f-8d07-a31e7885cc60, raftlog=c08c50e8-12e3-4a9f-8d07-a31e7885cc60@group-C432D6B1530C-SegmentedRaftLog:OPENED:c-1,f-1,i0, conf=-1: [c877b40c-f70f-4e08-bb9d-91bddb5d6847:192.168.34.38:40232, 777be068-7a1c-4abf-ad8d-603801d8ac95:192.168.34.38:35329, c08c50e8-12e3-4a9f-8d07-a31e7885cc60:192.168.34.38:44255], old=null
2019-10-16 22:17:06,587 [c08c50e8-12e3-4a9f-8d07-a31e7885cc60@group-C432D6B1530C-LeaderElection34] INFO  impl.RaftServerImpl (RaftServerImpl.java:setRole(184)) - c08c50e8-12e3-4a9f-8d07-a31e7885cc60@group-C432D6B1530C: changes role from CANDIDATE to FOLLOWER at term 33 for DISCOVERED_A_NEW_TERM
2019-10-16 22:17:06,587 [c08c50e8-12e3-4a9f-8d07-a31e7885cc60@group-C432D6B1530C-LeaderElection34] INFO  impl.RoleInfo (RoleInfo.java:shutdownLeaderElection(134)) - c08c50e8-12e3-4a9f-8d07-a31e7885cc60: shutdown LeaderElection
2019-10-16 22:17:06,588 [c08c50e8-12e3-4a9f-8d07-a31e7885cc60@group-C432D6B1530C-LeaderElection34] INFO  impl.RoleInfo (RoleInfo.java:updateAndGet(143)) - c08c50e8-12e3-4a9f-8d07-a31e7885cc60: start FollowerState
2019-10-16 22:17:06,595 [Thread-681] INFO  impl.FollowerState (FollowerState.java:run(108)) - c08c50e8-12e3-4a9f-8d07-a31e7885cc60@group-C432D6B1530C-FollowerState: change to CANDIDATE, lastRpcTime:7ms, electionTimeout:7ms
2019-10-16 22:17:06,595 [Thread-681] INFO  impl.RoleInfo (RoleInfo.java:shutdownFollowerState(121)) - c08c50e8-12e3-4a9f-8d07-a31e7885cc60: shutdown FollowerState
2019-10-16 22:17:06,595 [Thread-681] INFO  impl.RaftServerImpl (RaftServerImpl.java:setRole(184)) - c08c50e8-12e3-4a9f-8d07-a31e7885cc60@group-C432D6B1530C: changes role from  FOLLOWER to CANDIDATE at term 33 for changeToCandidate
2019-10-16 22:17:06,596 [Thread-681] INFO  impl.RoleInfo (RoleInfo.java:updateAndGet(143)) - c08c50e8-12e3-4a9f-8d07-a31e7885cc60: start LeaderElection
2019-10-16 22:17:06,610 [c08c50e8-12e3-4a9f-8d07-a31e7885cc60@group-C432D6B1530C-LeaderElection35] INFO  impl.LeaderElection (LeaderElection.java:askForVotes(178)) - c08c50e8-12e3-4a9f-8d07-a31e7885cc60@group-C432D6B1530C-LeaderElection35: begin an election at term 34 for -1: [c877b40c-f70f-4e08-bb9d-91bddb5d6847:192.168.34.38:40232, 777be068-7a1c-4abf-ad8d-603801d8ac95:192.168.34.38:35329, c08c50e8-12e3-4a9f-8d07-a31e7885cc60:192.168.34.38:44255], old=null
2019-10-16 22:17:06,613 [grpc-default-executor-2] INFO  impl.RaftServerImpl (RaftServerImpl.java:setRole(184)) - c877b40c-f70f-4e08-bb9d-91bddb5d6847@group-C432D6B1530C: changes role from  FOLLOWER to FOLLOWER at term 34 for recognizeCandidate:c08c50e8-12e3-4a9f-8d07-a31e7885cc60
2019-10-16 22:17:06,613 [grpc-default-executor-1] INFO  impl.RaftServerImpl (RaftServerImpl.java:setRole(184)) - 777be068-7a1c-4abf-ad8d-603801d8ac95@group-C432D6B1530C: changes role from  FOLLOWER to FOLLOWER at term 34 for recognizeCandidate:c08c50e8-12e3-4a9f-8d07-a31e7885cc60
2019-10-16 22:17:06,613 [grpc-default-executor-2] INFO  impl.RoleInfo (RoleInfo.java:shutdownFollowerState(121)) - c877b40c-f70f-4e08-bb9d-91bddb5d6847: shutdown FollowerState
2019-10-16 22:17:06,613 [grpc-default-executor-1] INFO  impl.RoleInfo (RoleInfo.java:shutdownFollowerState(121)) - 777be068-7a1c-4abf-ad8d-603801d8ac95: shutdown FollowerState
2019-10-16 22:17:06,614 [Thread-680] INFO  impl.FollowerState (FollowerState.java:run(117)) - c877b40c-f70f-4e08-bb9d-91bddb5d6847@group-C432D6B1530C-FollowerState was interrupted: java.lang.InterruptedException: sleep interrupted
2019-10-16 22:17:06,614 [grpc-default-executor-2] INFO  impl.RoleInfo (RoleInfo.java:updateAndGet(143)) - c877b40c-f70f-4e08-bb9d-91bddb5d6847: start FollowerState
2019-10-16 22:17:06,614 [Thread-679] INFO  impl.FollowerState (FollowerState.java:run(117)) - 777be068-7a1c-4abf-ad8d-603801d8ac95@group-C432D6B1530C-FollowerState was interrupted: java.lang.InterruptedException: sleep interrupted
2019-10-16 22:17:06,614 [grpc-default-executor-1] INFO  impl.RoleInfo (RoleInfo.java:updateAndGet(143)) - 777be068-7a1c-4abf-ad8d-603801d8ac95: start FollowerState
2019-10-16 22:17:06,629 [c08c50e8-12e3-4a9f-8d07-a31e7885cc60@group-C432D6B1530C-LeaderElection35] INFO  impl.LeaderElection (LeaderElection.java:logAndReturn(56)) - c08c50e8-12e3-4a9f-8d07-a31e7885cc60@group-C432D6B1530C-LeaderElection35: Election REJECTED; received 2 response(s) [c08c50e8-12e3-4a9f-8d07-a31e7885cc60<-c877b40c-f70f-4e08-bb9d-91bddb5d6847#0:FAIL-t34, c08c50e8-12e3-4a9f-8d07-a31e7885cc60<-777be068-7a1c-4abf-ad8d-603801d8ac95#0:FAIL-t34] and 0 exception(s); c08c50e8-12e3-4a9f-8d07-a31e7885cc60@group-C432D6B1530C:t34, leader=null, voted=c08c50e8-12e3-4a9f-8d07-a31e7885cc60, raftlog=c08c50e8-12e3-4a9f-8d07-a31e7885cc60@group-C432D6B1530C-SegmentedRaftLog:OPENED:c-1,f-1,i0, conf=-1: [c877b40c-f70f-4e08-bb9d-91bddb5d6847:192.168.34.38:40232, 777be068-7a1c-4abf-ad8d-603801d8ac95:192.168.34.38:35329, c08c50e8-12e3-4a9f-8d07-a31e7885cc60:192.168.34.38:44255], old=null
2019-10-16 22:17:06,629 [c08c50e8-12e3-4a9f-8d07-a31e7885cc60@group-C432D6B1530C-LeaderElection35] INFO  impl.RaftServerImpl (RaftServerImpl.java:setRole(184)) - c08c50e8-12e3-4a9f-8d07-a31e7885cc60@group-C432D6B1530C: changes role from CANDIDATE to FOLLOWER at term 34 for DISCOVERED_A_NEW_TERM
2019-10-16 22:17:06,629 [c08c50e8-12e3-4a9f-8d07-a31e7885cc60@group-C432D6B1530C-LeaderElection35] INFO  impl.RoleInfo (RoleInfo.java:shutdownLeaderElection(134)) - c08c50e8-12e3-4a9f-8d07-a31e7885cc60: shutdown LeaderElection
2019-10-16 22:17:06,630 [c08c50e8-12e3-4a9f-8d07-a31e7885cc60@group-C432D6B1530C-LeaderElection35] INFO  impl.RoleInfo (RoleInfo.java:updateAndGet(143)) - c08c50e8-12e3-4a9f-8d07-a31e7885cc60: start FollowerState
2019-10-16 22:17:06,634 [Thread-687] INFO  impl.FollowerState (FollowerState.java:run(108)) - c08c50e8-12e3-4a9f-8d07-a31e7885cc60@group-C432D6B1530C-FollowerState: change to CANDIDATE, lastRpcTime:4ms, electionTimeout:4ms
2019-10-16 22:17:06,634 [Thread-687] INFO  impl.RoleInfo (RoleInfo.java:shutdownFollowerState(121)) - c08c50e8-12e3-4a9f-8d07-a31e7885cc60: shutdown FollowerState
2019-10-16 22:17:06,634 [Thread-687] INFO  impl.RaftServerImpl (RaftServerImpl.java:setRole(184)) - c08c50e8-12e3-4a9f-8d07-a31e7885cc60@group-C432D6B1530C: changes role from  FOLLOWER to CANDIDATE at term 34 for changeToCandidate
2019-10-16 22:17:06,635 [Thread-687] INFO  impl.RoleInfo (RoleInfo.java:updateAndGet(143)) - c08c50e8-12e3-4a9f-8d07-a31e7885cc60: start LeaderElection
2019-10-16 22:17:06,648 [c08c50e8-12e3-4a9f-8d07-a31e7885cc60@group-C432D6B1530C-LeaderElection36] INFO  impl.LeaderElection (LeaderElection.java:askForVotes(178)) - c08c50e8-12e3-4a9f-8d07-a31e7885cc60@group-C432D6B1530C-LeaderElection36: begin an election at term 35 for -1: [c877b40c-f70f-4e08-bb9d-91bddb5d6847:192.168.34.38:40232, 777be068-7a1c-4abf-ad8d-603801d8ac95:192.168.34.38:35329, c08c50e8-12e3-4a9f-8d07-a31e7885cc60:192.168.34.38:44255], old=null
2019-10-16 22:17:06,650 [grpc-default-executor-2] INFO  impl.RaftServerImpl (RaftServerImpl.java:setRole(184)) - c877b40c-f70f-4e08-bb9d-91bddb5d6847@group-C432D6B1530C: changes role from  FOLLOWER to FOLLOWER at term 35 for recognizeCandidate:c08c50e8-12e3-4a9f-8d07-a31e7885cc60
2019-10-16 22:17:06,650 [grpc-default-executor-2] INFO  impl.RoleInfo (RoleInfo.java:shutdownFollowerState(121)) - c877b40c-f70f-4e08-bb9d-91bddb5d6847: shutdown FollowerState
2019-10-16 22:17:06,651 [grpc-default-executor-2] INFO  impl.RoleInfo (RoleInfo.java:updateAndGet(143)) - c877b40c-f70f-4e08-bb9d-91bddb5d6847: start FollowerState
2019-10-16 22:17:06,651 [Thread-685] INFO  impl.FollowerState (FollowerState.java:run(117)) - c877b40c-f70f-4e08-bb9d-91bddb5d6847@group-C432D6B1530C-FollowerState was interrupted: java.lang.InterruptedException: sleep interrupted
2019-10-16 22:17:06,651 [grpc-default-executor-1] INFO  impl.RaftServerImpl (RaftServerImpl.java:setRole(184)) - 777be068-7a1c-4abf-ad8d-603801d8ac95@group-C432D6B1530C: changes role from  FOLLOWER to FOLLOWER at term 35 for recognizeCandidate:c08c50e8-12e3-4a9f-8d07-a31e7885cc60
2019-10-16 22:17:06,651 [grpc-default-executor-1] INFO  impl.RoleInfo (RoleInfo.java:shutdownFollowerState(121)) - 777be068-7a1c-4abf-ad8d-603801d8ac95: shutdown FollowerState
2019-10-16 22:17:06,651 [grpc-default-executor-1] INFO  impl.RoleInfo (RoleInfo.java:updateAndGet(143)) - 777be068-7a1c-4abf-ad8d-603801d8ac95: start FollowerState
2019-10-16 22:17:06,651 [Thread-686] INFO  impl.FollowerState (FollowerState.java:run(117)) - 777be068-7a1c-4abf-ad8d-603801d8ac95@group-C432D6B1530C-FollowerState was interrupted: java.lang.InterruptedException: sleep interrupted
2019-10-16 22:17:06,672 [c08c50e8-12e3-4a9f-8d07-a31e7885cc60@group-C432D6B1530C-LeaderElection36] INFO  impl.LeaderElection (LeaderElection.java:logAndReturn(56)) - c08c50e8-12e3-4a9f-8d07-a31e7885cc60@group-C432D6B1530C-LeaderElection36: Election REJECTED; received 2 response(s) [c08c50e8-12e3-4a9f-8d07-a31e7885cc60<-c877b40c-f70f-4e08-bb9d-91bddb5d6847#0:FAIL-t35, c08c50e8-12e3-4a9f-8d07-a31e7885cc60<-777be068-7a1c-4abf-ad8d-603801d8ac95#0:FAIL-t35] and 0 exception(s); c08c50e8-12e3-4a9f-8d07-a31e7885cc60@group-C432D6B1530C:t35, leader=null, voted=c08c50e8-12e3-4a9f-8d07-a31e7885cc60, raftlog=c08c50e8-12e3-4a9f-8d07-a31e7885cc60@group-C432D6B1530C-SegmentedRaftLog:OPENED:c-1,f-1,i0, conf=-1: [c877b40c-f70f-4e08-bb9d-91bddb5d6847:192.168.34.38:40232, 777be068-7a1c-4abf-ad8d-603801d8ac95:192.168.34.38:35329, c08c50e8-12e3-4a9f-8d07-a31e7885cc60:192.168.34.38:44255], old=null
2019-10-16 22:17:06,672 [c08c50e8-12e3-4a9f-8d07-a31e7885cc60@group-C432D6B1530C-LeaderElection36] INFO  impl.RaftServerImpl (RaftServerImpl.java:setRole(184)) - c08c50e8-12e3-4a9f-8d07-a31e7885cc60@group-C432D6B1530C: changes role from CANDIDATE to FOLLOWER at term 35 for DISCOVERED_A_NEW_TERM
2019-10-16 22:17:06,672 [c08c50e8-12e3-4a9f-8d07-a31e7885cc60@group-C432D6B1530C-LeaderElection36] INFO  impl.RoleInfo (RoleInfo.java:shutdownLeaderElection(134)) - c08c50e8-12e3-4a9f-8d07-a31e7885cc60: shutdown LeaderElection
2019-10-16 22:17:06,673 [c08c50e8-12e3-4a9f-8d07-a31e7885cc60@group-C432D6B1530C-LeaderElection36] INFO  impl.RoleInfo (RoleInfo.java:updateAndGet(143)) - c08c50e8-12e3-4a9f-8d07-a31e7885cc60: start FollowerState
 0.00% |?                                                                                                    |  0/1 Time: 0:00:042019-10-16 22:17:06,769 [Thread-693] INFO  impl.FollowerState (FollowerState.java:run(108)) - c08c50e8-12e3-4a9f-8d07-a31e7885cc60@group-C432D6B1530C-FollowerState: change to CANDIDATE, lastRpcTime:96ms, electionTimeout:96ms
2019-10-16 22:17:06,769 [Thread-693] INFO  impl.RoleInfo (RoleInfo.java:shutdownFollowerState(121)) - c08c50e8-12e3-4a9f-8d07-a31e7885cc60: shutdown FollowerState
2019-10-16 22:17:06,769 [Thread-693] INFO  impl.RaftServerImpl (RaftServerImpl.java:setRole(184)) - c08c50e8-12e3-4a9f-8d07-a31e7885cc60@group-C432D6B1530C: changes role from  FOLLOWER to CANDIDATE at term 35 for changeToCandidate
2019-10-16 22:17:06,770 [Thread-693] INFO  impl.RoleInfo (RoleInfo.java:updateAndGet(143)) - c08c50e8-12e3-4a9f-8d07-a31e7885cc60: start LeaderElection
2019-10-16 22:17:06,805 [c08c50e8-12e3-4a9f-8d07-a31e7885cc60@group-C432D6B1530C-LeaderElection37] INFO  impl.LeaderElection (LeaderElection.java:askForVotes(178)) - c08c50e8-12e3-4a9f-8d07-a31e7885cc60@group-C432D6B1530C-LeaderElection37: begin an election at term 36 for -1: [c877b40c-f70f-4e08-bb9d-91bddb5d6847:192.168.34.38:40232, 777be068-7a1c-4abf-ad8d-603801d8ac95:192.168.34.38:35329, c08c50e8-12e3-4a9f-8d07-a31e7885cc60:192.168.34.38:44255], old=null
2019-10-16 22:17:06,808 [grpc-default-executor-2] INFO  impl.RaftServerImpl (RaftServerImpl.java:setRole(184)) - 777be068-7a1c-4abf-ad8d-603801d8ac95@group-C432D6B1530C: changes role from  FOLLOWER to FOLLOWER at term 36 for recognizeCandidate:c08c50e8-12e3-4a9f-8d07-a31e7885cc60
2019-10-16 22:17:06,808 [grpc-default-executor-1] INFO  impl.RaftServerImpl (RaftServerImpl.java:setRole(184)) - c877b40c-f70f-4e08-bb9d-91bddb5d6847@group-C432D6B1530C: changes role from  FOLLOWER to FOLLOWER at term 36 for recognizeCandidate:c08c50e8-12e3-4a9f-8d07-a31e7885cc60
2019-10-16 22:17:06,809 [grpc-default-executor-2] INFO  impl.RoleInfo (RoleInfo.java:shutdownFollowerState(121)) - 777be068-7a1c-4abf-ad8d-603801d8ac95: shutdown FollowerState
2019-10-16 22:17:06,809 [grpc-default-executor-1] INFO  impl.RoleInfo (RoleInfo.java:shutdownFollowerState(121)) - c877b40c-f70f-4e08-bb9d-91bddb5d6847: shutdown FollowerState
2019-10-16 22:17:06,809 [Thread-692] INFO  impl.FollowerState (FollowerState.java:run(117)) - 777be068-7a1c-4abf-ad8d-603801d8ac95@group-C432D6B1530C-FollowerState was interrupted: java.lang.InterruptedException: sleep interrupted
2019-10-16 22:17:06,809 [grpc-default-executor-2] INFO  impl.RoleInfo (RoleInfo.java:updateAndGet(143)) - 777be068-7a1c-4abf-ad8d-603801d8ac95: start FollowerState
2019-10-16 22:17:06,809 [Thread-691] INFO  impl.FollowerState (FollowerState.java:run(117)) - c877b40c-f70f-4e08-bb9d-91bddb5d6847@group-C432D6B1530C-FollowerState was interrupted: java.lang.InterruptedException: sleep interrupted
2019-10-16 22:17:06,809 [grpc-default-executor-1] INFO  impl.RoleInfo (RoleInfo.java:updateAndGet(143)) - c877b40c-f70f-4e08-bb9d-91bddb5d6847: start FollowerState
2019-10-16 22:17:06,822 [c08c50e8-12e3-4a9f-8d07-a31e7885cc60@group-C432D6B1530C-LeaderElection37] INFO  impl.LeaderElection (LeaderElection.java:logAndReturn(56)) - c08c50e8-12e3-4a9f-8d07-a31e7885cc60@group-C432D6B1530C-LeaderElection37: Election TIMEOUT; received 0 response(s) [] and 0 exception(s); c08c50e8-12e3-4a9f-8d07-a31e7885cc60@group-C432D6B1530C:t36, leader=null, voted=c08c50e8-12e3-4a9f-8d07-a31e7885cc60, raftlog=c08c50e8-12e3-4a9f-8d07-a31e7885cc60@group-C432D6B1530C-SegmentedRaftLog:OPENED:c-1,f-1,i0, conf=-1: [c877b40c-f70f-4e08-bb9d-91bddb5d6847:192.168.34.38:40232, 777be068-7a1c-4abf-ad8d-603801d8ac95:192.168.34.38:35329, c08c50e8-12e3-4a9f-8d07-a31e7885cc60:192.168.34.38:44255], old=null
2019-10-16 22:17:06,825 [c08c50e8-12e3-4a9f-8d07-a31e7885cc60@group-C432D6B1530C-LeaderElection37] INFO  impl.LeaderElection (LeaderElection.java:askForVotes(178)) - c08c50e8-12e3-4a9f-8d07-a31e7885cc60@group-C432D6B1530C-LeaderElection37: begin an election at term 37 for -1: [c877b40c-f70f-4e08-bb9d-91bddb5d6847:192.168.34.38:40232, 777be068-7a1c-4abf-ad8d-603801d8ac95:192.168.34.38:35329, c08c50e8-12e3-4a9f-8d07-a31e7885cc60:192.168.34.38:44255], old=null
2019-10-16 22:17:06,828 [grpc-default-executor-2] INFO  impl.RaftServerImpl (RaftServerImpl.java:setRole(184)) - c877b40c-f70f-4e08-bb9d-91bddb5d6847@group-C432D6B1530C: changes role from  FOLLOWER to FOLLOWER at term 37 for recognizeCandidate:c08c50e8-12e3-4a9f-8d07-a31e7885cc60
2019-10-16 22:17:06,828 [grpc-default-executor-1] INFO  impl.RaftServerImpl (RaftServerImpl.java:setRole(184)) - 777be068-7a1c-4abf-ad8d-603801d8ac95@group-C432D6B1530C: changes role from  FOLLOWER to FOLLOWER at term 37 for recognizeCandidate:c08c50e8-12e3-4a9f-8d07-a31e7885cc60
2019-10-16 22:17:06,828 [grpc-default-executor-2] INFO  impl.RoleInfo (RoleInfo.java:shutdownFollowerState(121)) - c877b40c-f70f-4e08-bb9d-91bddb5d6847: shutdown FollowerState
2019-10-16 22:17:06,828 [grpc-default-executor-1] INFO  impl.RoleInfo (RoleInfo.java:shutdownFollowerState(121)) - 777be068-7a1c-4abf-ad8d-603801d8ac95: shutdown FollowerState
2019-10-16 22:17:06,828 [Thread-698] INFO  impl.FollowerState (FollowerState.java:run(117)) - c877b40c-f70f-4e08-bb9d-91bddb5d6847@group-C432D6B1530C-FollowerState was interrupted: java.lang.InterruptedException: sleep interrupted
2019-10-16 22:17:06,828 [grpc-default-executor-2] INFO  impl.RoleInfo (RoleInfo.java:updateAndGet(143)) - c877b40c-f70f-4e08-bb9d-91bddb5d6847: start FollowerState
2019-10-16 22:17:06,829 [Thread-697] INFO  impl.FollowerState (FollowerState.java:run(117)) - 777be068-7a1c-4abf-ad8d-603801d8ac95@group-C432D6B1530C-FollowerState was interrupted: java.lang.InterruptedException: sleep interrupted
2019-10-16 22:17:06,828 [grpc-default-executor-1] INFO  impl.RoleInfo (RoleInfo.java:updateAndGet(143)) - 777be068-7a1c-4abf-ad8d-603801d8ac95: start FollowerState
2019-10-16 22:17:06,843 [c08c50e8-12e3-4a9f-8d07-a31e7885cc60@group-C432D6B1530C-LeaderElection37] INFO  impl.LeaderElection (LeaderElection.java:logAndReturn(56)) - c08c50e8-12e3-4a9f-8d07-a31e7885cc60@group-C432D6B1530C-LeaderElection37: Election REJECTED; received 2 response(s) [c08c50e8-12e3-4a9f-8d07-a31e7885cc60<-c877b40c-f70f-4e08-bb9d-91bddb5d6847#0:FAIL-t37, c08c50e8-12e3-4a9f-8d07-a31e7885cc60<-777be068-7a1c-4abf-ad8d-603801d8ac95#0:FAIL-t37] and 0 exception(s); c08c50e8-12e3-4a9f-8d07-a31e7885cc60@group-C432D6B1530C:t37, leader=null, voted=c08c50e8-12e3-4a9f-8d07-a31e7885cc60, raftlog=c08c50e8-12e3-4a9f-8d07-a31e7885cc60@group-C432D6B1530C-SegmentedRaftLog:OPENED:c-1,f-1,i0, conf=-1: [c877b40c-f70f-4e08-bb9d-91bddb5d6847:192.168.34.38:40232, 777be068-7a1c-4abf-ad8d-603801d8ac95:192.168.34.38:35329, c08c50e8-12e3-4a9f-8d07-a31e7885cc60:192.168.34.38:44255], old=null
2019-10-16 22:17:06,843 [c08c50e8-12e3-4a9f-8d07-a31e7885cc60@group-C432D6B1530C-LeaderElection37] INFO  impl.RaftServerImpl (RaftServerImpl.java:setRole(184)) - c08c50e8-12e3-4a9f-8d07-a31e7885cc60@group-C432D6B1530C: changes role from CANDIDATE to FOLLOWER at term 37 for DISCOVERED_A_NEW_TERM
2019-10-16 22:17:06,843 [c08c50e8-12e3-4a9f-8d07-a31e7885cc60@group-C432D6B1530C-LeaderElection37] INFO  impl.RoleInfo (RoleInfo.java:shutdownLeaderElection(134)) - c08c50e8-12e3-4a9f-8d07-a31e7885cc60: shutdown LeaderElection
2019-10-16 22:17:06,844 [c08c50e8-12e3-4a9f-8d07-a31e7885cc60@group-C432D6B1530C-LeaderElection37] INFO  impl.RoleInfo (RoleInfo.java:updateAndGet(143)) - c08c50e8-12e3-4a9f-8d07-a31e7885cc60: start FollowerState
2019-10-16 22:17:06,954 [Thread-703] INFO  impl.FollowerState (FollowerState.java:run(108)) - c08c50e8-12e3-4a9f-8d07-a31e7885cc60@group-C432D6B1530C-FollowerState: change to CANDIDATE, lastRpcTime:110ms, electionTimeout:110ms
2019-10-16 22:17:06,954 [Thread-703] INFO  impl.RoleInfo (RoleInfo.java:shutdownFollowerState(121)) - c08c50e8-12e3-4a9f-8d07-a31e7885cc60: shutdown FollowerState
2019-10-16 22:17:06,955 [Thread-703] INFO  impl.RaftServerImpl (RaftServerImpl.java:setRole(184)) - c08c50e8-12e3-4a9f-8d07-a31e7885cc60@group-C432D6B1530C: changes role from  FOLLOWER to CANDIDATE at term 37 for changeToCandidate
2019-10-16 22:17:06,955 [Thread-703] INFO  impl.RoleInfo (RoleInfo.java:updateAndGet(143)) - c08c50e8-12e3-4a9f-8d07-a31e7885cc60: start LeaderElection
2019-10-16 22:17:06,962 [c08c50e8-12e3-4a9f-8d07-a31e7885cc60@group-C432D6B1530C-LeaderElection38] INFO  impl.LeaderElection (LeaderElection.java:askForVotes(178)) - c08c50e8-12e3-4a9f-8d07-a31e7885cc60@group-C432D6B1530C-LeaderElection38: begin an election at term 38 for -1: [c877b40c-f70f-4e08-bb9d-91bddb5d6847:192.168.34.38:40232, 777be068-7a1c-4abf-ad8d-603801d8ac95:192.168.34.38:35329, c08c50e8-12e3-4a9f-8d07-a31e7885cc60:192.168.34.38:44255], old=null
2019-10-16 22:17:06,962 [c08c50e8-12e3-4a9f-8d07-a31e7885cc60@group-C432D6B1530C-LeaderElection38] INFO  impl.LeaderElection (LeaderElection.java:logAndReturn(56)) - c08c50e8-12e3-4a9f-8d07-a31e7885cc60@group-C432D6B1530C-LeaderElection38: Election TIMEOUT; received 0 response(s) [] and 0 exception(s); c08c50e8-12e3-4a9f-8d07-a31e7885cc60@group-C432D6B1530C:t38, leader=null, voted=c08c50e8-12e3-4a9f-8d07-a31e7885cc60, raftlog=c08c50e8-12e3-4a9f-8d07-a31e7885cc60@group-C432D6B1530C-SegmentedRaftLog:OPENED:c-1,f-1,i0, conf=-1: [c877b40c-f70f-4e08-bb9d-91bddb5d6847:192.168.34.38:40232, 777be068-7a1c-4abf-ad8d-603801d8ac95:192.168.34.38:35329, c08c50e8-12e3-4a9f-8d07-a31e7885cc60:192.168.34.38:44255], old=null
2019-10-16 22:17:06,964 [grpc-default-executor-1] INFO  impl.RaftServerImpl (RaftServerImpl.java:setRole(184)) - 777be068-7a1c-4abf-ad8d-603801d8ac95@group-C432D6B1530C: changes role from  FOLLOWER to FOLLOWER at term 38 for recognizeCandidate:c08c50e8-12e3-4a9f-8d07-a31e7885cc60
2019-10-16 22:17:06,964 [grpc-default-executor-2] INFO  impl.RaftServerImpl (RaftServerImpl.java:setRole(184)) - c877b40c-f70f-4e08-bb9d-91bddb5d6847@group-C432D6B1530C: changes role from  FOLLOWER to FOLLOWER at term 38 for recognizeCandidate:c08c50e8-12e3-4a9f-8d07-a31e7885cc60
2019-10-16 22:17:06,964 [grpc-default-executor-1] INFO  impl.RoleInfo (RoleInfo.java:shutdownFollowerState(121)) - 777be068-7a1c-4abf-ad8d-603801d8ac95: shutdown FollowerState
2019-10-16 22:17:06,964 [grpc-default-executor-2] INFO  impl.RoleInfo (RoleInfo.java:shutdownFollowerState(121)) - c877b40c-f70f-4e08-bb9d-91bddb5d6847: shutdown FollowerState
2019-10-16 22:17:06,965 [Thread-702] INFO  impl.FollowerState (FollowerState.java:run(117)) - 777be068-7a1c-4abf-ad8d-603801d8ac95@group-C432D6B1530C-FollowerState was interrupted: java.lang.InterruptedException: sleep interrupted
2019-10-16 22:17:06,965 [Thread-701] INFO  impl.FollowerState (FollowerState.java:run(117)) - c877b40c-f70f-4e08-bb9d-91bddb5d6847@group-C432D6B1530C-FollowerState was interrupted: java.lang.InterruptedException: sleep interrupted
2019-10-16 22:17:06,965 [grpc-default-executor-1] INFO  impl.RoleInfo (RoleInfo.java:updateAndGet(143)) - 777be068-7a1c-4abf-ad8d-603801d8ac95: start FollowerState
2019-10-16 22:17:06,965 [grpc-default-executor-2] INFO  impl.RoleInfo (RoleInfo.java:updateAndGet(143)) - c877b40c-f70f-4e08-bb9d-91bddb5d6847: start FollowerState
2019-10-16 22:17:06,976 [c08c50e8-12e3-4a9f-8d07-a31e7885cc60@group-C432D6B1530C-LeaderElection38] INFO  impl.LeaderElection (LeaderElection.java:askForVotes(178)) - c08c50e8-12e3-4a9f-8d07-a31e7885cc60@group-C432D6B1530C-LeaderElection38: begin an election at term 39 for -1: [c877b40c-f70f-4e08-bb9d-91bddb5d6847:192.168.34.38:40232, 777be068-7a1c-4abf-ad8d-603801d8ac95:192.168.34.38:35329, c08c50e8-12e3-4a9f-8d07-a31e7885cc60:192.168.34.38:44255], old=null
2019-10-16 22:17:06,978 [grpc-default-executor-1] INFO  impl.RaftServerImpl (RaftServerImpl.java:setRole(184)) - 777be068-7a1c-4abf-ad8d-603801d8ac95@group-C432D6B1530C: changes role from  FOLLOWER to FOLLOWER at term 39 for recognizeCandidate:c08c50e8-12e3-4a9f-8d07-a31e7885cc60
2019-10-16 22:17:06,978 [grpc-default-executor-2] INFO  impl.RaftServerImpl (RaftServerImpl.java:setRole(184)) - c877b40c-f70f-4e08-bb9d-91bddb5d6847@group-C432D6B1530C: changes role from  FOLLOWER to FOLLOWER at term 39 for recognizeCandidate:c08c50e8-12e3-4a9f-8d07-a31e7885cc60
2019-10-16 22:17:06,978 [grpc-default-executor-1] INFO  impl.RoleInfo (RoleInfo.java:shutdownFollowerState(121)) - 777be068-7a1c-4abf-ad8d-603801d8ac95: shutdown FollowerState
2019-10-16 22:17:06,978 [grpc-default-executor-2] INFO  impl.RoleInfo (RoleInfo.java:shutdownFollowerState(121)) - c877b40c-f70f-4e08-bb9d-91bddb5d6847: shutdown FollowerState
2019-10-16 22:17:06,979 [Thread-707] INFO  impl.FollowerState (FollowerState.java:run(117)) - 777be068-7a1c-4abf-ad8d-603801d8ac95@group-C432D6B1530C-FollowerState was interrupted: java.lang.InterruptedException: sleep interrupted
2019-10-16 22:17:06,979 [grpc-default-executor-1] INFO  impl.RoleInfo (RoleInfo.java:updateAndGet(143)) - 777be068-7a1c-4abf-ad8d-603801d8ac95: start FollowerState
2019-10-16 22:17:06,979 [Thread-708] INFO  impl.FollowerState (FollowerState.java:run(117)) - c877b40c-f70f-4e08-bb9d-91bddb5d6847@group-C432D6B1530C-FollowerState was interrupted: java.lang.InterruptedException: sleep interrupted
2019-10-16 22:17:06,979 [grpc-default-executor-2] INFO  impl.RoleInfo (RoleInfo.java:updateAndGet(143)) - c877b40c-f70f-4e08-bb9d-91bddb5d6847: start FollowerState
2019-10-16 22:17:06,995 [c08c50e8-12e3-4a9f-8d07-a31e7885cc60@group-C432D6B1530C-LeaderElection38] INFO  impl.LeaderElection (LeaderElection.java:logAndReturn(56)) - c08c50e8-12e3-4a9f-8d07-a31e7885cc60@group-C432D6B1530C-LeaderElection38: Election REJECTED; received 2 response(s) [c08c50e8-12e3-4a9f-8d07-a31e7885cc60<-c877b40c-f70f-4e08-bb9d-91bddb5d6847#0:FAIL-t39, c08c50e8-12e3-4a9f-8d07-a31e7885cc60<-777be068-7a1c-4abf-ad8d-603801d8ac95#0:FAIL-t39] and 0 exception(s); c08c50e8-12e3-4a9f-8d07-a31e7885cc60@group-C432D6B1530C:t39, leader=null, voted=c08c50e8-12e3-4a9f-8d07-a31e7885cc60, raftlog=c08c50e8-12e3-4a9f-8d07-a31e7885cc60@group-C432D6B1530C-SegmentedRaftLog:OPENED:c-1,f-1,i0, conf=-1: [c877b40c-f70f-4e08-bb9d-91bddb5d6847:192.168.34.38:40232, 777be068-7a1c-4abf-ad8d-603801d8ac95:192.168.34.38:35329, c08c50e8-12e3-4a9f-8d07-a31e7885cc60:192.168.34.38:44255], old=null
2019-10-16 22:17:06,995 [c08c50e8-12e3-4a9f-8d07-a31e7885cc60@group-C432D6B1530C-LeaderElection38] INFO  impl.RaftServerImpl (RaftServerImpl.java:setRole(184)) - c08c50e8-12e3-4a9f-8d07-a31e7885cc60@group-C432D6B1530C: changes role from CANDIDATE to FOLLOWER at term 39 for DISCOVERED_A_NEW_TERM
2019-10-16 22:17:06,995 [c08c50e8-12e3-4a9f-8d07-a31e7885cc60@group-C432D6B1530C-LeaderElection38] INFO  impl.RoleInfo (RoleInfo.java:shutdownLeaderElection(134)) - c08c50e8-12e3-4a9f-8d07-a31e7885cc60: shutdown LeaderElection
2019-10-16 22:17:06,995 [c08c50e8-12e3-4a9f-8d07-a31e7885cc60@group-C432D6B1530C-LeaderElection38] INFO  impl.RoleInfo (RoleInfo.java:updateAndGet(143)) - c08c50e8-12e3-4a9f-8d07-a31e7885cc60: start FollowerState
2019-10-16 22:17:07,053 [Thread-713] INFO  impl.FollowerState (FollowerState.java:run(108)) - c08c50e8-12e3-4a9f-8d07-a31e7885cc60@group-C432D6B1530C-FollowerState: change to CANDIDATE, lastRpcTime:57ms, electionTimeout:57ms
2019-10-16 22:17:07,053 [Thread-713] INFO  impl.RoleInfo (RoleInfo.java:shutdownFollowerState(121)) - c08c50e8-12e3-4a9f-8d07-a31e7885cc60: shutdown FollowerState
2019-10-16 22:17:07,053 [Thread-713] INFO  impl.RaftServerImpl (RaftServerImpl.java:setRole(184)) - c08c50e8-12e3-4a9f-8d07-a31e7885cc60@group-C432D6B1530C: changes role from  FOLLOWER to CANDIDATE at term 39 for changeToCandidate
2019-10-16 22:17:07,053 [Thread-713] INFO  impl.RoleInfo (RoleInfo.java:updateAndGet(143)) - c08c50e8-12e3-4a9f-8d07-a31e7885cc60: start LeaderElection
2019-10-16 22:17:07,067 [c08c50e8-12e3-4a9f-8d07-a31e7885cc60@group-C432D6B1530C-LeaderElection39] INFO  impl.LeaderElection (LeaderElection.java:askForVotes(178)) - c08c50e8-12e3-4a9f-8d07-a31e7885cc60@group-C432D6B1530C-LeaderElection39: begin an election at term 40 for -1: [c877b40c-f70f-4e08-bb9d-91bddb5d6847:192.168.34.38:40232, 777be068-7a1c-4abf-ad8d-603801d8ac95:192.168.34.38:35329, c08c50e8-12e3-4a9f-8d07-a31e7885cc60:192.168.34.38:44255], old=null
2019-10-16 22:17:07,071 [grpc-default-executor-1] INFO  impl.RaftServerImpl (RaftServerImpl.java:setRole(184)) - 777be068-7a1c-4abf-ad8d-603801d8ac95@group-C432D6B1530C: changes role from  FOLLOWER to FOLLOWER at term 40 for recognizeCandidate:c08c50e8-12e3-4a9f-8d07-a31e7885cc60
2019-10-16 22:17:07,071 [grpc-default-executor-2] INFO  impl.RaftServerImpl (RaftServerImpl.java:setRole(184)) - c877b40c-f70f-4e08-bb9d-91bddb5d6847@group-C432D6B1530C: changes role from  FOLLOWER to FOLLOWER at term 40 for recognizeCandidate:c08c50e8-12e3-4a9f-8d07-a31e7885cc60
2019-10-16 22:17:07,071 [grpc-default-executor-1] INFO  impl.RoleInfo (RoleInfo.java:shutdownFollowerState(121)) - 777be068-7a1c-4abf-ad8d-603801d8ac95: shutdown FollowerState
2019-10-16 22:17:07,072 [grpc-default-executor-2] INFO  impl.RoleInfo (RoleInfo.java:shutdownFollowerState(121)) - c877b40c-f70f-4e08-bb9d-91bddb5d6847: shutdown FollowerState
2019-10-16 22:17:07,072 [Thread-711] INFO  impl.FollowerState (FollowerState.java:run(117)) - 777be068-7a1c-4abf-ad8d-603801d8ac95@group-C432D6B1530C-FollowerState was interrupted: java.lang.InterruptedException: sleep interrupted
2019-10-16 22:17:07,072 [grpc-default-executor-1] INFO  impl.RoleInfo (RoleInfo.java:updateAndGet(143)) - 777be068-7a1c-4abf-ad8d-603801d8ac95: start FollowerState
2019-10-16 22:17:07,072 [Thread-712] INFO  impl.FollowerState (FollowerState.java:run(117)) - c877b40c-f70f-4e08-bb9d-91bddb5d6847@group-C432D6B1530C-FollowerState was interrupted: java.lang.InterruptedException: sleep interrupted
2019-10-16 22:17:07,072 [grpc-default-executor-2] INFO  impl.RoleInfo (RoleInfo.java:updateAndGet(143)) - c877b40c-f70f-4e08-bb9d-91bddb5d6847: start FollowerState
2019-10-16 22:17:07,108 [c08c50e8-12e3-4a9f-8d07-a31e7885cc60@group-C432D6B1530C-LeaderElection39] INFO  impl.LeaderElection (LeaderElection.java:logAndReturn(56)) - c08c50e8-12e3-4a9f-8d07-a31e7885cc60@group-C432D6B1530C-LeaderElection39: Election REJECTED; received 2 response(s) [c08c50e8-12e3-4a9f-8d07-a31e7885cc60<-c877b40c-f70f-4e08-bb9d-91bddb5d6847#0:FAIL-t40, c08c50e8-12e3-4a9f-8d07-a31e7885cc60<-777be068-7a1c-4abf-ad8d-603801d8ac95#0:FAIL-t40] and 0 exception(s); c08c50e8-12e3-4a9f-8d07-a31e7885cc60@group-C432D6B1530C:t40, leader=null, voted=c08c50e8-12e3-4a9f-8d07-a31e7885cc60, raftlog=c08c50e8-12e3-4a9f-8d07-a31e7885cc60@group-C432D6B1530C-SegmentedRaftLog:OPENED:c-1,f-1,i0, conf=-1: [c877b40c-f70f-4e08-bb9d-91bddb5d6847:192.168.34.38:40232, 777be068-7a1c-4abf-ad8d-603801d8ac95:192.168.34.38:35329, c08c50e8-12e3-4a9f-8d07-a31e7885cc60:192.168.34.38:44255], old=null
2019-10-16 22:17:07,108 [c08c50e8-12e3-4a9f-8d07-a31e7885cc60@group-C432D6B1530C-LeaderElection39] INFO  impl.RaftServerImpl (RaftServerImpl.java:setRole(184)) - c08c50e8-12e3-4a9f-8d07-a31e7885cc60@group-C432D6B1530C: changes role from CANDIDATE to FOLLOWER at term 40 for DISCOVERED_A_NEW_TERM
2019-10-16 22:17:07,108 [c08c50e8-12e3-4a9f-8d07-a31e7885cc60@group-C432D6B1530C-LeaderElection39] INFO  impl.RoleInfo (RoleInfo.java:shutdownLeaderElection(134)) - c08c50e8-12e3-4a9f-8d07-a31e7885cc60: shutdown LeaderElection
2019-10-16 22:17:07,109 [c08c50e8-12e3-4a9f-8d07-a31e7885cc60@group-C432D6B1530C-LeaderElection39] INFO  impl.RoleInfo (RoleInfo.java:updateAndGet(143)) - c08c50e8-12e3-4a9f-8d07-a31e7885cc60: start FollowerState
2019-10-16 22:17:07,188 [Thread-719] INFO  impl.FollowerState (FollowerState.java:run(108)) - c08c50e8-12e3-4a9f-8d07-a31e7885cc60@group-C432D6B1530C-FollowerState: change to CANDIDATE, lastRpcTime:79ms, electionTimeout:79ms
2019-10-16 22:17:07,188 [Thread-719] INFO  impl.RoleInfo (RoleInfo.java:shutdownFollowerState(121)) - c08c50e8-12e3-4a9f-8d07-a31e7885cc60: shutdown FollowerState
2019-10-16 22:17:07,188 [Thread-719] INFO  impl.RaftServerImpl (RaftServerImpl.java:setRole(184)) - c08c50e8-12e3-4a9f-8d07-a31e7885cc60@group-C432D6B1530C: changes role from  FOLLOWER to CANDIDATE at term 40 for changeToCandidate
2019-10-16 22:17:07,189 [Thread-719] INFO  impl.RoleInfo (RoleInfo.java:updateAndGet(143)) - c08c50e8-12e3-4a9f-8d07-a31e7885cc60: start LeaderElection
2019-10-16 22:17:07,203 [c08c50e8-12e3-4a9f-8d07-a31e7885cc60@group-C432D6B1530C-LeaderElection40] INFO  impl.LeaderElection (LeaderElection.java:askForVotes(178)) - c08c50e8-12e3-4a9f-8d07-a31e7885cc60@group-C432D6B1530C-LeaderElection40: begin an election at term 41 for -1: [c877b40c-f70f-4e08-bb9d-91bddb5d6847:192.168.34.38:40232, 777be068-7a1c-4abf-ad8d-603801d8ac95:192.168.34.38:35329, c08c50e8-12e3-4a9f-8d07-a31e7885cc60:192.168.34.38:44255], old=null
2019-10-16 22:17:07,206 [grpc-default-executor-1] INFO  impl.RaftServerImpl (RaftServerImpl.java:setRole(184)) - 777be068-7a1c-4abf-ad8d-603801d8ac95@group-C432D6B1530C: changes role from  FOLLOWER to FOLLOWER at term 41 for recognizeCandidate:c08c50e8-12e3-4a9f-8d07-a31e7885cc60
2019-10-16 22:17:07,206 [grpc-default-executor-1] INFO  impl.RoleInfo (RoleInfo.java:shutdownFollowerState(121)) - 777be068-7a1c-4abf-ad8d-603801d8ac95: shutdown FollowerState
2019-10-16 22:17:07,206 [grpc-default-executor-2] INFO  impl.RaftServerImpl (RaftServerImpl.java:setRole(184)) - c877b40c-f70f-4e08-bb9d-91bddb5d6847@group-C432D6B1530C: changes role from  FOLLOWER to FOLLOWER at term 41 for recognizeCandidate:c08c50e8-12e3-4a9f-8d07-a31e7885cc60
2019-10-16 22:17:07,206 [Thread-717] INFO  impl.FollowerState (FollowerState.java:run(117)) - 777be068-7a1c-4abf-ad8d-603801d8ac95@group-C432D6B1530C-FollowerState was interrupted: java.lang.InterruptedException: sleep interrupted
2019-10-16 22:17:07,206 [grpc-default-executor-1] INFO  impl.RoleInfo (RoleInfo.java:updateAndGet(143)) - 777be068-7a1c-4abf-ad8d-603801d8ac95: start FollowerState
2019-10-16 22:17:07,207 [grpc-default-executor-2] INFO  impl.RoleInfo (RoleInfo.java:shutdownFollowerState(121)) - c877b40c-f70f-4e08-bb9d-91bddb5d6847: shutdown FollowerState
2019-10-16 22:17:07,207 [grpc-default-executor-2] INFO  impl.RoleInfo (RoleInfo.java:updateAndGet(143)) - c877b40c-f70f-4e08-bb9d-91bddb5d6847: start FollowerState
2019-10-16 22:17:07,207 [Thread-718] INFO  impl.FollowerState (FollowerState.java:run(117)) - c877b40c-f70f-4e08-bb9d-91bddb5d6847@group-C432D6B1530C-FollowerState was interrupted: java.lang.InterruptedException: sleep interrupted
2019-10-16 22:17:07,226 [c08c50e8-12e3-4a9f-8d07-a31e7885cc60@group-C432D6B1530C-LeaderElection40] INFO  impl.LeaderElection (LeaderElection.java:logAndReturn(56)) - c08c50e8-12e3-4a9f-8d07-a31e7885cc60@group-C432D6B1530C-LeaderElection40: Election REJECTED; received 2 response(s) [c08c50e8-12e3-4a9f-8d07-a31e7885cc60<-c877b40c-f70f-4e08-bb9d-91bddb5d6847#0:FAIL-t41, c08c50e8-12e3-4a9f-8d07-a31e7885cc60<-777be068-7a1c-4abf-ad8d-603801d8ac95#0:FAIL-t41] and 0 exception(s); c08c50e8-12e3-4a9f-8d07-a31e7885cc60@group-C432D6B1530C:t41, leader=null, voted=c08c50e8-12e3-4a9f-8d07-a31e7885cc60, raftlog=c08c50e8-12e3-4a9f-8d07-a31e7885cc60@group-C432D6B1530C-SegmentedRaftLog:OPENED:c-1,f-1,i0, conf=-1: [c877b40c-f70f-4e08-bb9d-91bddb5d6847:192.168.34.38:40232, 777be068-7a1c-4abf-ad8d-603801d8ac95:192.168.34.38:35329, c08c50e8-12e3-4a9f-8d07-a31e7885cc60:192.168.34.38:44255], old=null
2019-10-16 22:17:07,226 [c08c50e8-12e3-4a9f-8d07-a31e7885cc60@group-C432D6B1530C-LeaderElection40] INFO  impl.RaftServerImpl (RaftServerImpl.java:setRole(184)) - c08c50e8-12e3-4a9f-8d07-a31e7885cc60@group-C432D6B1530C: changes role from CANDIDATE to FOLLOWER at term 41 for DISCOVERED_A_NEW_TERM
2019-10-16 22:17:07,226 [c08c50e8-12e3-4a9f-8d07-a31e7885cc60@group-C432D6B1530C-LeaderElection40] INFO  impl.RoleInfo (RoleInfo.java:shutdownLeaderElection(134)) - c08c50e8-12e3-4a9f-8d07-a31e7885cc60: shutdown LeaderElection
2019-10-16 22:17:07,226 [c08c50e8-12e3-4a9f-8d07-a31e7885cc60@group-C432D6B1530C-LeaderElection40] INFO  impl.RoleInfo (RoleInfo.java:updateAndGet(143)) - c08c50e8-12e3-4a9f-8d07-a31e7885cc60: start FollowerState
2019-10-16 22:17:07,335 [Thread-725] INFO  impl.FollowerState (FollowerState.java:run(108)) - c08c50e8-12e3-4a9f-8d07-a31e7885cc60@group-C432D6B1530C-FollowerState: change to CANDIDATE, lastRpcTime:108ms, electionTimeout:108ms
2019-10-16 22:17:07,335 [Thread-725] INFO  impl.RoleInfo (RoleInfo.java:shutdownFollowerState(121)) - c08c50e8-12e3-4a9f-8d07-a31e7885cc60: shutdown FollowerState
2019-10-16 22:17:07,335 [Thread-725] INFO  impl.RaftServerImpl (RaftServerImpl.java:setRole(184)) - c08c50e8-12e3-4a9f-8d07-a31e7885cc60@group-C432D6B1530C: changes role from  FOLLOWER to CANDIDATE at term 41 for changeToCandidate
2019-10-16 22:17:07,335 [Thread-725] INFO  impl.RoleInfo (RoleInfo.java:updateAndGet(143)) - c08c50e8-12e3-4a9f-8d07-a31e7885cc60: start LeaderElection
2019-10-16 22:17:07,343 [c08c50e8-12e3-4a9f-8d07-a31e7885cc60@group-C432D6B1530C-LeaderElection41] INFO  impl.LeaderElection (LeaderElection.java:askForVotes(178)) - c08c50e8-12e3-4a9f-8d07-a31e7885cc60@group-C432D6B1530C-LeaderElection41: begin an election at term 42 for -1: [c877b40c-f70f-4e08-bb9d-91bddb5d6847:192.168.34.38:40232, 777be068-7a1c-4abf-ad8d-603801d8ac95:192.168.34.38:35329, c08c50e8-12e3-4a9f-8d07-a31e7885cc60:192.168.34.38:44255], old=null
2019-10-16 22:17:07,346 [grpc-default-executor-1] INFO  impl.RaftServerImpl (RaftServerImpl.java:setRole(184)) - c877b40c-f70f-4e08-bb9d-91bddb5d6847@group-C432D6B1530C: changes role from  FOLLOWER to FOLLOWER at term 42 for recognizeCandidate:c08c50e8-12e3-4a9f-8d07-a31e7885cc60
2019-10-16 22:17:07,346 [grpc-default-executor-1] INFO  impl.RoleInfo (RoleInfo.java:shutdownFollowerState(121)) - c877b40c-f70f-4e08-bb9d-91bddb5d6847: shutdown FollowerState
2019-10-16 22:17:07,346 [grpc-default-executor-2] INFO  impl.RaftServerImpl (RaftServerImpl.java:setRole(184)) - 777be068-7a1c-4abf-ad8d-603801d8ac95@group-C432D6B1530C: changes role from  FOLLOWER to FOLLOWER at term 42 for recognizeCandidate:c08c50e8-12e3-4a9f-8d07-a31e7885cc60
2019-10-16 22:17:07,346 [Thread-724] INFO  impl.FollowerState (FollowerState.java:run(117)) - c877b40c-f70f-4e08-bb9d-91bddb5d6847@group-C432D6B1530C-FollowerState was interrupted: java.lang.InterruptedException: sleep interrupted
2019-10-16 22:17:07,346 [grpc-default-executor-1] INFO  impl.RoleInfo (RoleInfo.java:updateAndGet(143)) - c877b40c-f70f-4e08-bb9d-91bddb5d6847: start FollowerState
2019-10-16 22:17:07,346 [grpc-default-executor-2] INFO  impl.RoleInfo (RoleInfo.java:shutdownFollowerState(121)) - 777be068-7a1c-4abf-ad8d-603801d8ac95: shutdown FollowerState
2019-10-16 22:17:07,347 [Thread-723] INFO  impl.FollowerState (FollowerState.java:run(117)) - 777be068-7a1c-4abf-ad8d-603801d8ac95@group-C432D6B1530C-FollowerState was interrupted: java.lang.InterruptedException: sleep interrupted
2019-10-16 22:17:07,347 [grpc-default-executor-2] INFO  impl.RoleInfo (RoleInfo.java:updateAndGet(143)) - 777be068-7a1c-4abf-ad8d-603801d8ac95: start FollowerState
2019-10-16 22:17:07,359 [c08c50e8-12e3-4a9f-8d07-a31e7885cc60@group-C432D6B1530C-LeaderElection41] INFO  impl.LeaderElection (LeaderElection.java:logAndReturn(56)) - c08c50e8-12e3-4a9f-8d07-a31e7885cc60@group-C432D6B1530C-LeaderElection41: Election REJECTED; received 2 response(s) [c08c50e8-12e3-4a9f-8d07-a31e7885cc60<-c877b40c-f70f-4e08-bb9d-91bddb5d6847#0:FAIL-t42, c08c50e8-12e3-4a9f-8d07-a31e7885cc60<-777be068-7a1c-4abf-ad8d-603801d8ac95#0:FAIL-t42] and 0 exception(s); c08c50e8-12e3-4a9f-8d07-a31e7885cc60@group-C432D6B1530C:t42, leader=null, voted=c08c50e8-12e3-4a9f-8d07-a31e7885cc60, raftlog=c08c50e8-12e3-4a9f-8d07-a31e7885cc60@group-C432D6B1530C-SegmentedRaftLog:OPENED:c-1,f-1,i0, conf=-1: [c877b40c-f70f-4e08-bb9d-91bddb5d6847:192.168.34.38:40232, 777be068-7a1c-4abf-ad8d-603801d8ac95:192.168.34.38:35329, c08c50e8-12e3-4a9f-8d07-a31e7885cc60:192.168.34.38:44255], old=null
2019-10-16 22:17:07,359 [c08c50e8-12e3-4a9f-8d07-a31e7885cc60@group-C432D6B1530C-LeaderElection41] INFO  impl.RaftServerImpl (RaftServerImpl.java:setRole(184)) - c08c50e8-12e3-4a9f-8d07-a31e7885cc60@group-C432D6B1530C: changes role from CANDIDATE to FOLLOWER at term 42 for DISCOVERED_A_NEW_TERM
2019-10-16 22:17:07,359 [c08c50e8-12e3-4a9f-8d07-a31e7885cc60@group-C432D6B1530C-LeaderElection41] INFO  impl.RoleInfo (RoleInfo.java:shutdownLeaderElection(134)) - c08c50e8-12e3-4a9f-8d07-a31e7885cc60: shutdown LeaderElection
2019-10-16 22:17:07,359 [c08c50e8-12e3-4a9f-8d07-a31e7885cc60@group-C432D6B1530C-LeaderElection41] INFO  impl.RoleInfo (RoleInfo.java:updateAndGet(143)) - c08c50e8-12e3-4a9f-8d07-a31e7885cc60: start FollowerState
2019-10-16 22:17:07,488 [Thread-731] INFO  impl.FollowerState (FollowerState.java:run(108)) - c08c50e8-12e3-4a9f-8d07-a31e7885cc60@group-C432D6B1530C-FollowerState: change to CANDIDATE, lastRpcTime:128ms, electionTimeout:128ms
2019-10-16 22:17:07,488 [Thread-731] INFO  impl.RoleInfo (RoleInfo.java:shutdownFollowerState(121)) - c08c50e8-12e3-4a9f-8d07-a31e7885cc60: shutdown FollowerState
2019-10-16 22:17:07,488 [Thread-731] INFO  impl.RaftServerImpl (RaftServerImpl.java:setRole(184)) - c08c50e8-12e3-4a9f-8d07-a31e7885cc60@group-C432D6B1530C: changes role from  FOLLOWER to CANDIDATE at term 42 for changeToCandidate
2019-10-16 22:17:07,489 [Thread-731] INFO  impl.RoleInfo (RoleInfo.java:updateAndGet(143)) - c08c50e8-12e3-4a9f-8d07-a31e7885cc60: start LeaderElection
2019-10-16 22:17:07,519 [c08c50e8-12e3-4a9f-8d07-a31e7885cc60@group-C432D6B1530C-LeaderElection42] INFO  impl.LeaderElection (LeaderElection.java:askForVotes(178)) - c08c50e8-12e3-4a9f-8d07-a31e7885cc60@group-C432D6B1530C-LeaderElection42: begin an election at term 43 for -1: [c877b40c-f70f-4e08-bb9d-91bddb5d6847:192.168.34.38:40232, 777be068-7a1c-4abf-ad8d-603801d8ac95:192.168.34.38:35329, c08c50e8-12e3-4a9f-8d07-a31e7885cc60:192.168.34.38:44255], old=null
2019-10-16 22:17:07,522 [grpc-default-executor-2] INFO  impl.RaftServerImpl (RaftServerImpl.java:setRole(184)) - c877b40c-f70f-4e08-bb9d-91bddb5d6847@group-C432D6B1530C: changes role from  FOLLOWER to FOLLOWER at term 43 for recognizeCandidate:c08c50e8-12e3-4a9f-8d07-a31e7885cc60
2019-10-16 22:17:07,522 [grpc-default-executor-1] INFO  impl.RaftServerImpl (RaftServerImpl.java:setRole(184)) - 777be068-7a1c-4abf-ad8d-603801d8ac95@group-C432D6B1530C: changes role from  FOLLOWER to FOLLOWER at term 43 for recognizeCandidate:c08c50e8-12e3-4a9f-8d07-a31e7885cc60
2019-10-16 22:17:07,522 [grpc-default-executor-2] INFO  impl.RoleInfo (RoleInfo.java:shutdownFollowerState(121)) - c877b40c-f70f-4e08-bb9d-91bddb5d6847: shutdown FollowerState
2019-10-16 22:17:07,523 [grpc-default-executor-1] INFO  impl.RoleInfo (RoleInfo.java:shutdownFollowerState(121)) - 777be068-7a1c-4abf-ad8d-603801d8ac95: shutdown FollowerState
2019-10-16 22:17:07,523 [Thread-729] INFO  impl.FollowerState (FollowerState.java:run(117)) - c877b40c-f70f-4e08-bb9d-91bddb5d6847@group-C432D6B1530C-FollowerState was interrupted: java.lang.InterruptedException: sleep interrupted
2019-10-16 22:17:07,523 [grpc-default-executor-1] INFO  impl.RoleInfo (RoleInfo.java:updateAndGet(143)) - 777be068-7a1c-4abf-ad8d-603801d8ac95: start FollowerState
2019-10-16 22:17:07,523 [grpc-default-executor-2] INFO  impl.RoleInfo (RoleInfo.java:updateAndGet(143)) - c877b40c-f70f-4e08-bb9d-91bddb5d6847: start FollowerState
2019-10-16 22:17:07,523 [Thread-730] INFO  impl.FollowerState (FollowerState.java:run(117)) - 777be068-7a1c-4abf-ad8d-603801d8ac95@group-C432D6B1530C-FollowerState was interrupted: java.lang.InterruptedException: sleep interrupted
2019-10-16 22:17:07,564 [c08c50e8-12e3-4a9f-8d07-a31e7885cc60@group-C432D6B1530C-LeaderElection42] INFO  impl.LeaderElection (LeaderElection.java:logAndReturn(56)) - c08c50e8-12e3-4a9f-8d07-a31e7885cc60@group-C432D6B1530C-LeaderElection42: Election REJECTED; received 2 response(s) [c08c50e8-12e3-4a9f-8d07-a31e7885cc60<-c877b40c-f70f-4e08-bb9d-91bddb5d6847#0:FAIL-t43, c08c50e8-12e3-4a9f-8d07-a31e7885cc60<-777be068-7a1c-4abf-ad8d-603801d8ac95#0:FAIL-t43] and 0 exception(s); c08c50e8-12e3-4a9f-8d07-a31e7885cc60@group-C432D6B1530C:t43, leader=null, voted=c08c50e8-12e3-4a9f-8d07-a31e7885cc60, raftlog=c08c50e8-12e3-4a9f-8d07-a31e7885cc60@group-C432D6B1530C-SegmentedRaftLog:OPENED:c-1,f-1,i0, conf=-1: [c877b40c-f70f-4e08-bb9d-91bddb5d6847:192.168.34.38:40232, 777be068-7a1c-4abf-ad8d-603801d8ac95:192.168.34.38:35329, c08c50e8-12e3-4a9f-8d07-a31e7885cc60:192.168.34.38:44255], old=null
2019-10-16 22:17:07,564 [c08c50e8-12e3-4a9f-8d07-a31e7885cc60@group-C432D6B1530C-LeaderElection42] INFO  impl.RaftServerImpl (RaftServerImpl.java:setRole(184)) - c08c50e8-12e3-4a9f-8d07-a31e7885cc60@group-C432D6B1530C: changes role from CANDIDATE to FOLLOWER at term 43 for DISCOVERED_A_NEW_TERM
2019-10-16 22:17:07,564 [c08c50e8-12e3-4a9f-8d07-a31e7885cc60@group-C432D6B1530C-LeaderElection42] INFO  impl.RoleInfo (RoleInfo.java:shutdownLeaderElection(134)) - c08c50e8-12e3-4a9f-8d07-a31e7885cc60: shutdown LeaderElection
2019-10-16 22:17:07,565 [c08c50e8-12e3-4a9f-8d07-a31e7885cc60@group-C432D6B1530C-LeaderElection42] INFO  impl.RoleInfo (RoleInfo.java:updateAndGet(143)) - c08c50e8-12e3-4a9f-8d07-a31e7885cc60: start FollowerState
2019-10-16 22:17:07,705 [Thread-737] INFO  impl.FollowerState (FollowerState.java:run(108)) - c08c50e8-12e3-4a9f-8d07-a31e7885cc60@group-C432D6B1530C-FollowerState: change to CANDIDATE, lastRpcTime:140ms, electionTimeout:140ms
2019-10-16 22:17:07,705 [Thread-737] INFO  impl.RoleInfo (RoleInfo.java:shutdownFollowerState(121)) - c08c50e8-12e3-4a9f-8d07-a31e7885cc60: shutdown FollowerState
2019-10-16 22:17:07,705 [Thread-737] INFO  impl.RaftServerImpl (RaftServerImpl.java:setRole(184)) - c08c50e8-12e3-4a9f-8d07-a31e7885cc60@group-C432D6B1530C: changes role from  FOLLOWER to CANDIDATE at term 43 for changeToCandidate
2019-10-16 22:17:07,705 [Thread-737] INFO  impl.RoleInfo (RoleInfo.java:updateAndGet(143)) - c08c50e8-12e3-4a9f-8d07-a31e7885cc60: start LeaderElection
 100.00% |?????????????????????????????????????????????????????????????????????????????????????????????????????|  1/1 Time: 0:00:05
2019-10-16 22:17:07,729 [c08c50e8-12e3-4a9f-8d07-a31e7885cc60@group-C432D6B1530C-LeaderElection43] INFO  impl.LeaderElection (LeaderElection.java:askForVotes(178)) - c08c50e8-12e3-4a9f-8d07-a31e7885cc60@group-C432D6B1530C-LeaderElection43: begin an election at term 44 for -1: [c877b40c-f70f-4e08-bb9d-91bddb5d6847:192.168.34.38:40232, 777be068-7a1c-4abf-ad8d-603801d8ac95:192.168.34.38:35329, c08c50e8-12e3-4a9f-8d07-a31e7885cc60:192.168.34.38:44255], old=null
2019-10-16 22:17:07,732 [grpc-default-executor-2] INFO  impl.RaftServerImpl (RaftServerImpl.java:setRole(184)) - 777be068-7a1c-4abf-ad8d-603801d8ac95@group-C432D6B1530C: changes role from  FOLLOWER to FOLLOWER at term 44 for recognizeCandidate:c08c50e8-12e3-4a9f-8d07-a31e7885cc60
2019-10-16 22:17:07,732 [grpc-default-executor-1] INFO  impl.RaftServerImpl (RaftServerImpl.java:setRole(184)) - c877b40c-f70f-4e08-bb9d-91bddb5d6847@group-C432D6B1530C: changes role from  FOLLOWER to FOLLOWER at term 44 for recognizeCandidate:c08c50e8-12e3-4a9f-8d07-a31e7885cc60
2019-10-16 22:17:07,732 [grpc-default-executor-2] INFO  impl.RoleInfo (RoleInfo.java:shutdownFollowerState(121)) - 777be068-7a1c-4abf-ad8d-603801d8ac95: shutdown FollowerState
2019-10-16 22:17:07,732 [grpc-default-executor-1] INFO  impl.RoleInfo (RoleInfo.java:shutdownFollowerState(121)) - c877b40c-f70f-4e08-bb9d-91bddb5d6847: shutdown FollowerState
2019-10-16 22:17:07,733 [Thread-736] INFO  impl.FollowerState (FollowerState.java:run(117)) - 777be068-7a1c-4abf-ad8d-603801d8ac95@group-C432D6B1530C-FollowerState was interrupted: java.lang.InterruptedException: sleep interrupted
2019-10-16 22:17:07,733 [Thread-735] INFO  impl.FollowerState (FollowerState.java:run(117)) - c877b40c-f70f-4e08-bb9d-91bddb5d6847@group-C432D6B1530C-FollowerState was interrupted: java.lang.InterruptedException: sleep interrupted
2019-10-16 22:17:07,732 [grpc-default-executor-2] INFO  impl.RoleInfo (RoleInfo.java:updateAndGet(143)) - 777be068-7a1c-4abf-ad8d-603801d8ac95: start FollowerState
2019-10-16 22:17:07,733 [grpc-default-executor-1] INFO  impl.RoleInfo (RoleInfo.java:updateAndGet(143)) - c877b40c-f70f-4e08-bb9d-91bddb5d6847: start FollowerState
2019-10-16 22:17:07,748 [c08c50e8-12e3-4a9f-8d07-a31e7885cc60@group-C432D6B1530C-LeaderElection43] INFO  impl.LeaderElection (LeaderElection.java:logAndReturn(56)) - c08c50e8-12e3-4a9f-8d07-a31e7885cc60@group-C432D6B1530C-LeaderElection43: Election REJECTED; received 2 response(s) [c08c50e8-12e3-4a9f-8d07-a31e7885cc60<-c877b40c-f70f-4e08-bb9d-91bddb5d6847#0:FAIL-t44, c08c50e8-12e3-4a9f-8d07-a31e7885cc60<-777be068-7a1c-4abf-ad8d-603801d8ac95#0:FAIL-t44] and 0 exception(s); c08c50e8-12e3-4a9f-8d07-a31e7885cc60@group-C432D6B1530C:t44, leader=null, voted=c08c50e8-12e3-4a9f-8d07-a31e7885cc60, raftlog=c08c50e8-12e3-4a9f-8d07-a31e7885cc60@group-C432D6B1530C-SegmentedRaftLog:OPENED:c-1,f-1,i0, conf=-1: [c877b40c-f70f-4e08-bb9d-91bddb5d6847:192.168.34.38:40232, 777be068-7a1c-4abf-ad8d-603801d8ac95:192.168.34.38:35329, c08c50e8-12e3-4a9f-8d07-a31e7885cc60:192.168.34.38:44255], old=null
2019-10-16 22:17:07,748 [c08c50e8-12e3-4a9f-8d07-a31e7885cc60@group-C432D6B1530C-LeaderElection43] INFO  impl.RaftServerImpl (RaftServerImpl.java:setRole(184)) - c08c50e8-12e3-4a9f-8d07-a31e7885cc60@group-C432D6B1530C: changes role from CANDIDATE to FOLLOWER at term 44 for DISCOVERED_A_NEW_TERM
2019-10-16 22:17:07,749 [c08c50e8-12e3-4a9f-8d07-a31e7885cc60@group-C432D6B1530C-LeaderElection43] INFO  impl.RoleInfo (RoleInfo.java:shutdownLeaderElection(134)) - c08c50e8-12e3-4a9f-8d07-a31e7885cc60: shutdown LeaderElection
2019-10-16 22:17:07,749 [c08c50e8-12e3-4a9f-8d07-a31e7885cc60@group-C432D6B1530C-LeaderElection43] INFO  impl.RoleInfo (RoleInfo.java:updateAndGet(143)) - c08c50e8-12e3-4a9f-8d07-a31e7885cc60: start FollowerState
2019-10-16 22:17:07,937 [Thread-743] INFO  impl.FollowerState (FollowerState.java:run(108)) - c08c50e8-12e3-4a9f-8d07-a31e7885cc60@group-C432D6B1530C-FollowerState: change to CANDIDATE, lastRpcTime:188ms, electionTimeout:188ms
2019-10-16 22:17:07,937 [Thread-743] INFO  impl.RoleInfo (RoleInfo.java:shutdownFollowerState(121)) - c08c50e8-12e3-4a9f-8d07-a31e7885cc60: shutdown FollowerState
2019-10-16 22:17:07,938 [Thread-743] INFO  impl.RaftServerImpl (RaftServerImpl.java:setRole(184)) - c08c50e8-12e3-4a9f-8d07-a31e7885cc60@group-C432D6B1530C: changes role from  FOLLOWER to CANDIDATE at term 44 for changeToCandidate
2019-10-16 22:17:07,938 [Thread-743] INFO  impl.RoleInfo (RoleInfo.java:updateAndGet(143)) - c08c50e8-12e3-4a9f-8d07-a31e7885cc60: start LeaderElection
2019-10-16 22:17:07,951 [c08c50e8-12e3-4a9f-8d07-a31e7885cc60@group-C432D6B1530C-LeaderElection44] INFO  impl.LeaderElection (LeaderElection.java:askForVotes(178)) - c08c50e8-12e3-4a9f-8d07-a31e7885cc60@group-C432D6B1530C-LeaderElection44: begin an election at term 45 for -1: [c877b40c-f70f-4e08-bb9d-91bddb5d6847:192.168.34.38:40232, 777be068-7a1c-4abf-ad8d-603801d8ac95:192.168.34.38:35329, c08c50e8-12e3-4a9f-8d07-a31e7885cc60:192.168.34.38:44255], old=null
2019-10-16 22:17:07,954 [grpc-default-executor-1] INFO  impl.RaftServerImpl (RaftServerImpl.java:setRole(184)) - c877b40c-f70f-4e08-bb9d-91bddb5d6847@group-C432D6B1530C: changes role from  FOLLOWER to FOLLOWER at term 45 for recognizeCandidate:c08c50e8-12e3-4a9f-8d07-a31e7885cc60
2019-10-16 22:17:07,954 [grpc-default-executor-2] INFO  impl.RaftServerImpl (RaftServerImpl.java:setRole(184)) - 777be068-7a1c-4abf-ad8d-603801d8ac95@group-C432D6B1530C: changes role from  FOLLOWER to FOLLOWER at term 45 for recognizeCandidate:c08c50e8-12e3-4a9f-8d07-a31e7885cc60
2019-10-16 22:17:07,954 [grpc-default-executor-1] INFO  impl.RoleInfo (RoleInfo.java:shutdownFollowerState(121)) - c877b40c-f70f-4e08-bb9d-91bddb5d6847: shutdown FollowerState
2019-10-16 22:17:07,955 [grpc-default-executor-2] INFO  impl.RoleInfo (RoleInfo.java:shutdownFollowerState(121)) - 777be068-7a1c-4abf-ad8d-603801d8ac95: shutdown FollowerState
2019-10-16 22:17:07,955 [grpc-default-executor-1] INFO  impl.RoleInfo (RoleInfo.java:updateAndGet(143)) - c877b40c-f70f-4e08-bb9d-91bddb5d6847: start FollowerState
2019-10-16 22:17:07,955 [Thread-742] INFO  impl.FollowerState (FollowerState.java:run(117)) - c877b40c-f70f-4e08-bb9d-91bddb5d6847@group-C432D6B1530C-FollowerState was interrupted: java.lang.InterruptedException: sleep interrupted
2019-10-16 22:17:07,955 [Thread-741] INFO  impl.FollowerState (FollowerState.java:run(117)) - 777be068-7a1c-4abf-ad8d-603801d8ac95@group-C432D6B1530C-FollowerState was interrupted: java.lang.InterruptedException: sleep interrupted
2019-10-16 22:17:07,955 [grpc-default-executor-2] INFO  impl.RoleInfo (RoleInfo.java:updateAndGet(143)) - 777be068-7a1c-4abf-ad8d-603801d8ac95: start FollowerState
2019-10-16 22:17:07,970 [c08c50e8-12e3-4a9f-8d07-a31e7885cc60@group-C432D6B1530C-LeaderElection44] INFO  impl.LeaderElection (LeaderElection.java:logAndReturn(56)) - c08c50e8-12e3-4a9f-8d07-a31e7885cc60@group-C432D6B1530C-LeaderElection44: Election REJECTED; received 2 response(s) [c08c50e8-12e3-4a9f-8d07-a31e7885cc60<-c877b40c-f70f-4e08-bb9d-91bddb5d6847#0:FAIL-t45, c08c50e8-12e3-4a9f-8d07-a31e7885cc60<-777be068-7a1c-4abf-ad8d-603801d8ac95#0:FAIL-t45] and 0 exception(s); c08c50e8-12e3-4a9f-8d07-a31e7885cc60@group-C432D6B1530C:t45, leader=null, voted=c08c50e8-12e3-4a9f-8d07-a31e7885cc60, raftlog=c08c50e8-12e3-4a9f-8d07-a31e7885cc60@group-C432D6B1530C-SegmentedRaftLog:OPENED:c-1,f-1,i0, conf=-1: [c877b40c-f70f-4e08-bb9d-91bddb5d6847:192.168.34.38:40232, 777be068-7a1c-4abf-ad8d-603801d8ac95:192.168.34.38:35329, c08c50e8-12e3-4a9f-8d07-a31e7885cc60:192.168.34.38:44255], old=null
2019-10-16 22:17:07,970 [c08c50e8-12e3-4a9f-8d07-a31e7885cc60@group-C432D6B1530C-LeaderElection44] INFO  impl.RaftServerImpl (RaftServerImpl.java:setRole(184)) - c08c50e8-12e3-4a9f-8d07-a31e7885cc60@group-C432D6B1530C: changes role from CANDIDATE to FOLLOWER at term 45 for DISCOVERED_A_NEW_TERM
2019-10-16 22:17:07,970 [c08c50e8-12e3-4a9f-8d07-a31e7885cc60@group-C432D6B1530C-LeaderElection44] INFO  impl.RoleInfo (RoleInfo.java:shutdownLeaderElection(134)) - c08c50e8-12e3-4a9f-8d07-a31e7885cc60: shutdown LeaderElection
2019-10-16 22:17:07,971 [c08c50e8-12e3-4a9f-8d07-a31e7885cc60@group-C432D6B1530C-LeaderElection44] INFO  impl.RoleInfo (RoleInfo.java:updateAndGet(143)) - c08c50e8-12e3-4a9f-8d07-a31e7885cc60: start FollowerState
2019-10-16 22:17:08,074 [Thread-749] INFO  impl.FollowerState (FollowerState.java:run(108)) - c08c50e8-12e3-4a9f-8d07-a31e7885cc60@group-C432D6B1530C-FollowerState: change to CANDIDATE, lastRpcTime:103ms, electionTimeout:103ms
2019-10-16 22:17:08,074 [Thread-749] INFO  impl.RoleInfo (RoleInfo.java:shutdownFollowerState(121)) - c08c50e8-12e3-4a9f-8d07-a31e7885cc60: shutdown FollowerState
2019-10-16 22:17:08,075 [Thread-749] INFO  impl.RaftServerImpl (RaftServerImpl.java:setRole(184)) - c08c50e8-12e3-4a9f-8d07-a31e7885cc60@group-C432D6B1530C: changes role from  FOLLOWER to CANDIDATE at term 45 for changeToCandidate
2019-10-16 22:17:08,075 [Thread-749] INFO  impl.RoleInfo (RoleInfo.java:updateAndGet(143)) - c08c50e8-12e3-4a9f-8d07-a31e7885cc60: start LeaderElection
2019-10-16 22:17:08,112 [c08c50e8-12e3-4a9f-8d07-a31e7885cc60@group-C432D6B1530C-LeaderElection45] INFO  impl.LeaderElection (LeaderElection.java:askForVotes(178)) - c08c50e8-12e3-4a9f-8d07-a31e7885cc60@group-C432D6B1530C-LeaderElection45: begin an election at term 46 for -1: [c877b40c-f70f-4e08-bb9d-91bddb5d6847:192.168.34.38:40232, 777be068-7a1c-4abf-ad8d-603801d8ac95:192.168.34.38:35329, c08c50e8-12e3-4a9f-8d07-a31e7885cc60:192.168.34.38:44255], old=null
2019-10-16 22:17:08,116 [grpc-default-executor-2] INFO  impl.RaftServerImpl (RaftServerImpl.java:setRole(184)) - 777be068-7a1c-4abf-ad8d-603801d8ac95@group-C432D6B1530C: changes role from  FOLLOWER to FOLLOWER at term 46 for recognizeCandidate:c08c50e8-12e3-4a9f-8d07-a31e7885cc60
2019-10-16 22:17:08,116 [grpc-default-executor-1] INFO  impl.RaftServerImpl (RaftServerImpl.java:setRole(184)) - c877b40c-f70f-4e08-bb9d-91bddb5d6847@group-C432D6B1530C: changes role from  FOLLOWER to FOLLOWER at term 46 for recognizeCandidate:c08c50e8-12e3-4a9f-8d07-a31e7885cc60
2019-10-16 22:17:08,117 [grpc-default-executor-2] INFO  impl.RoleInfo (RoleInfo.java:shutdownFollowerState(121)) - 777be068-7a1c-4abf-ad8d-603801d8ac95: shutdown FollowerState
2019-10-16 22:17:08,117 [grpc-default-executor-1] INFO  impl.RoleInfo (RoleInfo.java:shutdownFollowerState(121)) - c877b40c-f70f-4e08-bb9d-91bddb5d6847: shutdown FollowerState
2019-10-16 22:17:08,117 [grpc-default-executor-2] INFO  impl.RoleInfo (RoleInfo.java:updateAndGet(143)) - 777be068-7a1c-4abf-ad8d-603801d8ac95: start FollowerState
2019-10-16 22:17:08,117 [Thread-748] INFO  impl.FollowerState (FollowerState.java:run(117)) - 777be068-7a1c-4abf-ad8d-603801d8ac95@group-C432D6B1530C-FollowerState was interrupted: java.lang.InterruptedException: sleep interrupted
2019-10-16 22:17:08,117 [Thread-747] INFO  impl.FollowerState (FollowerState.java:run(117)) - c877b40c-f70f-4e08-bb9d-91bddb5d6847@group-C432D6B1530C-FollowerState was interrupted: java.lang.InterruptedException: sleep interrupted
2019-10-16 22:17:08,117 [grpc-default-executor-1] INFO  impl.RoleInfo (RoleInfo.java:updateAndGet(143)) - c877b40c-f70f-4e08-bb9d-91bddb5d6847: start FollowerState
2019-10-16 22:17:08,132 [c08c50e8-12e3-4a9f-8d07-a31e7885cc60@group-C432D6B1530C-LeaderElection45] INFO  impl.LeaderElection (LeaderElection.java:logAndReturn(56)) - c08c50e8-12e3-4a9f-8d07-a31e7885cc60@group-C432D6B1530C-LeaderElection45: Election REJECTED; received 2 response(s) [c08c50e8-12e3-4a9f-8d07-a31e7885cc60<-c877b40c-f70f-4e08-bb9d-91bddb5d6847#0:FAIL-t46, c08c50e8-12e3-4a9f-8d07-a31e7885cc60<-777be068-7a1c-4abf-ad8d-603801d8ac95#0:FAIL-t46] and 0 exception(s); c08c50e8-12e3-4a9f-8d07-a31e7885cc60@group-C432D6B1530C:t46, leader=null, voted=c08c50e8-12e3-4a9f-8d07-a31e7885cc60, raftlog=c08c50e8-12e3-4a9f-8d07-a31e7885cc60@group-C432D6B1530C-SegmentedRaftLog:OPENED:c-1,f-1,i0, conf=-1: [c877b40c-f70f-4e08-bb9d-91bddb5d6847:192.168.34.38:40232, 777be068-7a1c-4abf-ad8d-603801d8ac95:192.168.34.38:35329, c08c50e8-12e3-4a9f-8d07-a31e7885cc60:192.168.34.38:44255], old=null
2019-10-16 22:17:08,133 [c08c50e8-12e3-4a9f-8d07-a31e7885cc60@group-C432D6B1530C-LeaderElection45] INFO  impl.RaftServerImpl (RaftServerImpl.java:setRole(184)) - c08c50e8-12e3-4a9f-8d07-a31e7885cc60@group-C432D6B1530C: changes role from CANDIDATE to FOLLOWER at term 46 for DISCOVERED_A_NEW_TERM
2019-10-16 22:17:08,133 [c08c50e8-12e3-4a9f-8d07-a31e7885cc60@group-C432D6B1530C-LeaderElection45] INFO  impl.RoleInfo (RoleInfo.java:shutdownLeaderElection(134)) - c08c50e8-12e3-4a9f-8d07-a31e7885cc60: shutdown LeaderElection
2019-10-16 22:17:08,133 [c08c50e8-12e3-4a9f-8d07-a31e7885cc60@group-C432D6B1530C-LeaderElection45] INFO  impl.RoleInfo (RoleInfo.java:updateAndGet(143)) - c08c50e8-12e3-4a9f-8d07-a31e7885cc60: start FollowerState
2019-10-16 22:17:08,205 [Thread-755] INFO  impl.FollowerState (FollowerState.java:run(108)) - c08c50e8-12e3-4a9f-8d07-a31e7885cc60@group-C432D6B1530C-FollowerState: change to CANDIDATE, lastRpcTime:72ms, electionTimeout:72ms
2019-10-16 22:17:08,206 [Thread-755] INFO  impl.RoleInfo (RoleInfo.java:shutdownFollowerState(121)) - c08c50e8-12e3-4a9f-8d07-a31e7885cc60: shutdown FollowerState
2019-10-16 22:17:08,206 [Thread-755] INFO  impl.RaftServerImpl (RaftServerImpl.java:setRole(184)) - c08c50e8-12e3-4a9f-8d07-a31e7885cc60@group-C432D6B1530C: changes role from  FOLLOWER to CANDIDATE at term 46 for changeToCandidate
2019-10-16 22:17:08,206 [Thread-755] INFO  impl.RoleInfo (RoleInfo.java:updateAndGet(143)) - c08c50e8-12e3-4a9f-8d07-a31e7885cc60: start LeaderElection
2019-10-16 22:17:08,220 [c08c50e8-12e3-4a9f-8d07-a31e7885cc60@group-C432D6B1530C-LeaderElection46] INFO  impl.LeaderElection (LeaderElection.java:askForVotes(178)) - c08c50e8-12e3-4a9f-8d07-a31e7885cc60@group-C432D6B1530C-LeaderElection46: begin an election at term 47 for -1: [c877b40c-f70f-4e08-bb9d-91bddb5d6847:192.168.34.38:40232, 777be068-7a1c-4abf-ad8d-603801d8ac95:192.168.34.38:35329, c08c50e8-12e3-4a9f-8d07-a31e7885cc60:192.168.34.38:44255], old=null
2019-10-16 22:17:08,223 [grpc-default-executor-1] INFO  impl.RaftServerImpl (RaftServerImpl.java:setRole(184)) - c877b40c-f70f-4e08-bb9d-91bddb5d6847@group-C432D6B1530C: changes role from  FOLLOWER to FOLLOWER at term 47 for recognizeCandidate:c08c50e8-12e3-4a9f-8d07-a31e7885cc60
2019-10-16 22:17:08,223 [grpc-default-executor-2] INFO  impl.RaftServerImpl (RaftServerImpl.java:setRole(184)) - 777be068-7a1c-4abf-ad8d-603801d8ac95@group-C432D6B1530C: changes role from  FOLLOWER to FOLLOWER at term 47 for recognizeCandidate:c08c50e8-12e3-4a9f-8d07-a31e7885cc60
2019-10-16 22:17:08,224 [grpc-default-executor-1] INFO  impl.RoleInfo (RoleInfo.java:shutdownFollowerState(121)) - c877b40c-f70f-4e08-bb9d-91bddb5d6847: shutdown FollowerState
2019-10-16 22:17:08,224 [grpc-default-executor-2] INFO  impl.RoleInfo (RoleInfo.java:shutdownFollowerState(121)) - 777be068-7a1c-4abf-ad8d-603801d8ac95: shutdown FollowerState
2019-10-16 22:17:08,224 [grpc-default-executor-1] INFO  impl.RoleInfo (RoleInfo.java:updateAndGet(143)) - c877b40c-f70f-4e08-bb9d-91bddb5d6847: start FollowerState
2019-10-16 22:17:08,224 [Thread-754] INFO  impl.FollowerState (FollowerState.java:run(117)) - c877b40c-f70f-4e08-bb9d-91bddb5d6847@group-C432D6B1530C-FollowerState was interrupted: java.lang.InterruptedException: sleep interrupted
2019-10-16 22:17:08,224 [grpc-default-executor-2] INFO  impl.RoleInfo (RoleInfo.java:updateAndGet(143)) - 777be068-7a1c-4abf-ad8d-603801d8ac95: start FollowerState
2019-10-16 22:17:08,224 [Thread-753] INFO  impl.FollowerState (FollowerState.java:run(117)) - 777be068-7a1c-4abf-ad8d-603801d8ac95@group-C432D6B1530C-FollowerState was interrupted: java.lang.InterruptedException: sleep interrupted
2019-10-16 22:17:08,241 [c08c50e8-12e3-4a9f-8d07-a31e7885cc60@group-C432D6B1530C-LeaderElection46] INFO  impl.LeaderElection (LeaderElection.java:logAndReturn(56)) - c08c50e8-12e3-4a9f-8d07-a31e7885cc60@group-C432D6B1530C-LeaderElection46: Election REJECTED; received 2 response(s) [c08c50e8-12e3-4a9f-8d07-a31e7885cc60<-c877b40c-f70f-4e08-bb9d-91bddb5d6847#0:FAIL-t47, c08c50e8-12e3-4a9f-8d07-a31e7885cc60<-777be068-7a1c-4abf-ad8d-603801d8ac95#0:FAIL-t47] and 0 exception(s); c08c50e8-12e3-4a9f-8d07-a31e7885cc60@group-C432D6B1530C:t47, leader=null, voted=c08c50e8-12e3-4a9f-8d07-a31e7885cc60, raftlog=c08c50e8-12e3-4a9f-8d07-a31e7885cc60@group-C432D6B1530C-SegmentedRaftLog:OPENED:c-1,f-1,i0, conf=-1: [c877b40c-f70f-4e08-bb9d-91bddb5d6847:192.168.34.38:40232, 777be068-7a1c-4abf-ad8d-603801d8ac95:192.168.34.38:35329, c08c50e8-12e3-4a9f-8d07-a31e7885cc60:192.168.34.38:44255], old=null
2019-10-16 22:17:08,241 [c08c50e8-12e3-4a9f-8d07-a31e7885cc60@group-C432D6B1530C-LeaderElection46] INFO  impl.RaftServerImpl (RaftServerImpl.java:setRole(184)) - c08c50e8-12e3-4a9f-8d07-a31e7885cc60@group-C432D6B1530C: changes role from CANDIDATE to FOLLOWER at term 47 for DISCOVERED_A_NEW_TERM
2019-10-16 22:17:08,241 [c08c50e8-12e3-4a9f-8d07-a31e7885cc60@group-C432D6B1530C-LeaderElection46] INFO  impl.RoleInfo (RoleInfo.java:shutdownLeaderElection(134)) - c08c50e8-12e3-4a9f-8d07-a31e7885cc60: shutdown LeaderElection
2019-10-16 22:17:08,241 [c08c50e8-12e3-4a9f-8d07-a31e7885cc60@group-C432D6B1530C-LeaderElection46] INFO  impl.RoleInfo (RoleInfo.java:updateAndGet(143)) - c08c50e8-12e3-4a9f-8d07-a31e7885cc60: start FollowerState
2019-10-16 22:17:08,349 [Thread-761] INFO  impl.FollowerState (FollowerState.java:run(108)) - c08c50e8-12e3-4a9f-8d07-a31e7885cc60@group-C432D6B1530C-FollowerState: change to CANDIDATE, lastRpcTime:107ms, electionTimeout:107ms
2019-10-16 22:17:08,349 [Thread-761] INFO  impl.RoleInfo (RoleInfo.java:shutdownFollowerState(121)) - c08c50e8-12e3-4a9f-8d07-a31e7885cc60: shutdown FollowerState
2019-10-16 22:17:08,349 [Thread-761] INFO  impl.RaftServerImpl (RaftServerImpl.java:setRole(184)) - c08c50e8-12e3-4a9f-8d07-a31e7885cc60@group-C432D6B1530C: changes role from  FOLLOWER to CANDIDATE at term 47 for changeToCandidate
2019-10-16 22:17:08,349 [Thread-761] INFO  impl.RoleInfo (RoleInfo.java:updateAndGet(143)) - c08c50e8-12e3-4a9f-8d07-a31e7885cc60: start LeaderElection
2019-10-16 22:17:08,364 [c08c50e8-12e3-4a9f-8d07-a31e7885cc60@group-C432D6B1530C-LeaderElection47] INFO  impl.LeaderElection (LeaderElection.java:askForVotes(178)) - c08c50e8-12e3-4a9f-8d07-a31e7885cc60@group-C432D6B1530C-LeaderElection47: begin an election at term 48 for -1: [c877b40c-f70f-4e08-bb9d-91bddb5d6847:192.168.34.38:40232, 777be068-7a1c-4abf-ad8d-603801d8ac95:192.168.34.38:35329, c08c50e8-12e3-4a9f-8d07-a31e7885cc60:192.168.34.38:44255], old=null
2019-10-16 22:17:08,366 [grpc-default-executor-2] INFO  impl.RaftServerImpl (RaftServerImpl.java:setRole(184)) - c877b40c-f70f-4e08-bb9d-91bddb5d6847@group-C432D6B1530C: changes role from  FOLLOWER to FOLLOWER at term 48 for recognizeCandidate:c08c50e8-12e3-4a9f-8d07-a31e7885cc60
2019-10-16 22:17:08,367 [grpc-default-executor-2] INFO  impl.RoleInfo (RoleInfo.java:shutdownFollowerState(121)) - c877b40c-f70f-4e08-bb9d-91bddb5d6847: shutdown FollowerState
2019-10-16 22:17:08,367 [grpc-default-executor-1] INFO  impl.RaftServerImpl (RaftServerImpl.java:setRole(184)) - 777be068-7a1c-4abf-ad8d-603801d8ac95@group-C432D6B1530C: changes role from  FOLLOWER to FOLLOWER at term 48 for recognizeCandidate:c08c50e8-12e3-4a9f-8d07-a31e7885cc60
2019-10-16 22:17:08,367 [Thread-759] INFO  impl.FollowerState (FollowerState.java:run(117)) - c877b40c-f70f-4e08-bb9d-91bddb5d6847@group-C432D6B1530C-FollowerState was interrupted: java.lang.InterruptedException: sleep interrupted
2019-10-16 22:17:08,367 [grpc-default-executor-2] INFO  impl.RoleInfo (RoleInfo.java:updateAndGet(143)) - c877b40c-f70f-4e08-bb9d-91bddb5d6847: start FollowerState
2019-10-16 22:17:08,367 [grpc-default-executor-1] INFO  impl.RoleInfo (RoleInfo.java:shutdownFollowerState(121)) - 777be068-7a1c-4abf-ad8d-603801d8ac95: shutdown FollowerState
2019-10-16 22:17:08,368 [grpc-default-executor-1] INFO  impl.RoleInfo (RoleInfo.java:updateAndGet(143)) - 777be068-7a1c-4abf-ad8d-603801d8ac95: start FollowerState
2019-10-16 22:17:08,368 [Thread-760] INFO  impl.FollowerState (FollowerState.java:run(117)) - 777be068-7a1c-4abf-ad8d-603801d8ac95@group-C432D6B1530C-FollowerState was interrupted: java.lang.InterruptedException: sleep interrupted
2019-10-16 22:17:08,404 [c08c50e8-12e3-4a9f-8d07-a31e7885cc60@group-C432D6B1530C-LeaderElection47] INFO  impl.LeaderElection (LeaderElection.java:logAndReturn(56)) - c08c50e8-12e3-4a9f-8d07-a31e7885cc60@group-C432D6B1530C-LeaderElection47: Election REJECTED; received 2 response(s) [c08c50e8-12e3-4a9f-8d07-a31e7885cc60<-c877b40c-f70f-4e08-bb9d-91bddb5d6847#0:FAIL-t48, c08c50e8-12e3-4a9f-8d07-a31e7885cc60<-777be068-7a1c-4abf-ad8d-603801d8ac95#0:FAIL-t48] and 0 exception(s); c08c50e8-12e3-4a9f-8d07-a31e7885cc60@group-C432D6B1530C:t48, leader=null, voted=c08c50e8-12e3-4a9f-8d07-a31e7885cc60, raftlog=c08c50e8-12e3-4a9f-8d07-a31e7885cc60@group-C432D6B1530C-SegmentedRaftLog:OPENED:c-1,f-1,i0, conf=-1: [c877b40c-f70f-4e08-bb9d-91bddb5d6847:192.168.34.38:40232, 777be068-7a1c-4abf-ad8d-603801d8ac95:192.168.34.38:35329, c08c50e8-12e3-4a9f-8d07-a31e7885cc60:192.168.34.38:44255], old=null
2019-10-16 22:17:08,405 [c08c50e8-12e3-4a9f-8d07-a31e7885cc60@group-C432D6B1530C-LeaderElection47] INFO  impl.RaftServerImpl (RaftServerImpl.java:setRole(184)) - c08c50e8-12e3-4a9f-8d07-a31e7885cc60@group-C432D6B1530C: changes role from CANDIDATE to FOLLOWER at term 48 for DISCOVERED_A_NEW_TERM
2019-10-16 22:17:08,405 [c08c50e8-12e3-4a9f-8d07-a31e7885cc60@group-C432D6B1530C-LeaderElection47] INFO  impl.RoleInfo (RoleInfo.java:shutdownLeaderElection(134)) - c08c50e8-12e3-4a9f-8d07-a31e7885cc60: shutdown LeaderElection
2019-10-16 22:17:08,405 [c08c50e8-12e3-4a9f-8d07-a31e7885cc60@group-C432D6B1530C-LeaderElection47] INFO  impl.RoleInfo (RoleInfo.java:updateAndGet(143)) - c08c50e8-12e3-4a9f-8d07-a31e7885cc60: start FollowerState
2019-10-16 22:17:08,577 [Thread-767] INFO  impl.FollowerState (FollowerState.java:run(108)) - c08c50e8-12e3-4a9f-8d07-a31e7885cc60@group-C432D6B1530C-FollowerState: change to CANDIDATE, lastRpcTime:171ms, electionTimeout:171ms
2019-10-16 22:17:08,577 [Thread-767] INFO  impl.RoleInfo (RoleInfo.java:shutdownFollowerState(121)) - c08c50e8-12e3-4a9f-8d07-a31e7885cc60: shutdown FollowerState
2019-10-16 22:17:08,577 [Thread-767] INFO  impl.RaftServerImpl (RaftServerImpl.java:setRole(184)) - c08c50e8-12e3-4a9f-8d07-a31e7885cc60@group-C432D6B1530C: changes role from  FOLLOWER to CANDIDATE at term 48 for changeToCandidate
2019-10-16 22:17:08,577 [Thread-767] INFO  impl.RoleInfo (RoleInfo.java:updateAndGet(143)) - c08c50e8-12e3-4a9f-8d07-a31e7885cc60: start LeaderElection
2019-10-16 22:17:08,591 [c08c50e8-12e3-4a9f-8d07-a31e7885cc60@group-C432D6B1530C-LeaderElection48] INFO  impl.LeaderElection (LeaderElection.java:askForVotes(178)) - c08c50e8-12e3-4a9f-8d07-a31e7885cc60@group-C432D6B1530C-LeaderElection48: begin an election at term 49 for -1: [c877b40c-f70f-4e08-bb9d-91bddb5d6847:192.168.34.38:40232, 777be068-7a1c-4abf-ad8d-603801d8ac95:192.168.34.38:35329, c08c50e8-12e3-4a9f-8d07-a31e7885cc60:192.168.34.38:44255], old=null
2019-10-16 22:17:08,595 [grpc-default-executor-2] INFO  impl.RaftServerImpl (RaftServerImpl.java:setRole(184)) - 777be068-7a1c-4abf-ad8d-603801d8ac95@group-C432D6B1530C: changes role from  FOLLOWER to FOLLOWER at term 49 for recognizeCandidate:c08c50e8-12e3-4a9f-8d07-a31e7885cc60
2019-10-16 22:17:08,595 [grpc-default-executor-1] INFO  impl.RaftServerImpl (RaftServerImpl.java:setRole(184)) - c877b40c-f70f-4e08-bb9d-91bddb5d6847@group-C432D6B1530C: changes role from  FOLLOWER to FOLLOWER at term 49 for recognizeCandidate:c08c50e8-12e3-4a9f-8d07-a31e7885cc60
2019-10-16 22:17:08,595 [grpc-default-executor-2] INFO  impl.RoleInfo (RoleInfo.java:shutdownFollowerState(121)) - 777be068-7a1c-4abf-ad8d-603801d8ac95: shutdown FollowerState
2019-10-16 22:17:08,595 [grpc-default-executor-1] INFO  impl.RoleInfo (RoleInfo.java:shutdownFollowerState(121)) - c877b40c-f70f-4e08-bb9d-91bddb5d6847: shutdown FollowerState
2019-10-16 22:17:08,595 [Thread-766] INFO  impl.FollowerState (FollowerState.java:run(117)) - 777be068-7a1c-4abf-ad8d-603801d8ac95@group-C432D6B1530C-FollowerState was interrupted: java.lang.InterruptedException: sleep interrupted
2019-10-16 22:17:08,596 [Thread-765] INFO  impl.FollowerState (FollowerState.java:run(117)) - c877b40c-f70f-4e08-bb9d-91bddb5d6847@group-C432D6B1530C-FollowerState was interrupted: java.lang.InterruptedException: sleep interrupted
2019-10-16 22:17:08,595 [grpc-default-executor-2] INFO  impl.RoleInfo (RoleInfo.java:updateAndGet(143)) - 777be068-7a1c-4abf-ad8d-603801d8ac95: start FollowerState
2019-10-16 22:17:08,596 [grpc-default-executor-1] INFO  impl.RoleInfo (RoleInfo.java:updateAndGet(143)) - c877b40c-f70f-4e08-bb9d-91bddb5d6847: start FollowerState
2019-10-16 22:17:08,611 [c08c50e8-12e3-4a9f-8d07-a31e7885cc60@group-C432D6B1530C-LeaderElection48] INFO  impl.LeaderElection (LeaderElection.java:logAndReturn(56)) - c08c50e8-12e3-4a9f-8d07-a31e7885cc60@group-C432D6B1530C-LeaderElection48: Election REJECTED; received 2 response(s) [c08c50e8-12e3-4a9f-8d07-a31e7885cc60<-c877b40c-f70f-4e08-bb9d-91bddb5d6847#0:FAIL-t49, c08c50e8-12e3-4a9f-8d07-a31e7885cc60<-777be068-7a1c-4abf-ad8d-603801d8ac95#0:FAIL-t49] and 0 exception(s); c08c50e8-12e3-4a9f-8d07-a31e7885cc60@group-C432D6B1530C:t49, leader=null, voted=c08c50e8-12e3-4a9f-8d07-a31e7885cc60, raftlog=c08c50e8-12e3-4a9f-8d07-a31e7885cc60@group-C432D6B1530C-SegmentedRaftLog:OPENED:c-1,f-1,i0, conf=-1: [c877b40c-f70f-4e08-bb9d-91bddb5d6847:192.168.34.38:40232, 777be068-7a1c-4abf-ad8d-603801d8ac95:192.168.34.38:35329, c08c50e8-12e3-4a9f-8d07-a31e7885cc60:192.168.34.38:44255], old=null
2019-10-16 22:17:08,611 [c08c50e8-12e3-4a9f-8d07-a31e7885cc60@group-C432D6B1530C-LeaderElection48] INFO  impl.RaftServerImpl (RaftServerImpl.java:setRole(184)) - c08c50e8-12e3-4a9f-8d07-a31e7885cc60@group-C432D6B1530C: changes role from CANDIDATE to FOLLOWER at term 49 for DISCOVERED_A_NEW_TERM
2019-10-16 22:17:08,612 [c08c50e8-12e3-4a9f-8d07-a31e7885cc60@group-C432D6B1530C-LeaderElection48] INFO  impl.RoleInfo (RoleInfo.java:shutdownLeaderElection(134)) - c08c50e8-12e3-4a9f-8d07-a31e7885cc60: shutdown LeaderElection
2019-10-16 22:17:08,612 [c08c50e8-12e3-4a9f-8d07-a31e7885cc60@group-C432D6B1530C-LeaderElection48] INFO  impl.RoleInfo (RoleInfo.java:updateAndGet(143)) - c08c50e8-12e3-4a9f-8d07-a31e7885cc60: start FollowerState
2019-10-16 22:17:08,638 [Thread-773] INFO  impl.FollowerState (FollowerState.java:run(108)) - c08c50e8-12e3-4a9f-8d07-a31e7885cc60@group-C432D6B1530C-FollowerState: change to CANDIDATE, lastRpcTime:26ms, electionTimeout:26ms
2019-10-16 22:17:08,638 [Thread-773] INFO  impl.RoleInfo (RoleInfo.java:shutdownFollowerState(121)) - c08c50e8-12e3-4a9f-8d07-a31e7885cc60: shutdown FollowerState
2019-10-16 22:17:08,639 [Thread-773] INFO  impl.RaftServerImpl (RaftServerImpl.java:setRole(184)) - c08c50e8-12e3-4a9f-8d07-a31e7885cc60@group-C432D6B1530C: changes role from  FOLLOWER to CANDIDATE at term 49 for changeToCandidate
2019-10-16 22:17:08,639 [Thread-773] INFO  impl.RoleInfo (RoleInfo.java:updateAndGet(143)) - c08c50e8-12e3-4a9f-8d07-a31e7885cc60: start LeaderElection
2019-10-16 22:17:08,667 [c08c50e8-12e3-4a9f-8d07-a31e7885cc60@group-C432D6B1530C-LeaderElection49] INFO  impl.LeaderElection (LeaderElection.java:askForVotes(178)) - c08c50e8-12e3-4a9f-8d07-a31e7885cc60@group-C432D6B1530C-LeaderElection49: begin an election at term 50 for -1: [c877b40c-f70f-4e08-bb9d-91bddb5d6847:192.168.34.38:40232, 777be068-7a1c-4abf-ad8d-603801d8ac95:192.168.34.38:35329, c08c50e8-12e3-4a9f-8d07-a31e7885cc60:192.168.34.38:44255], old=null
2019-10-16 22:17:08,675 [grpc-default-executor-1] INFO  impl.RaftServerImpl (RaftServerImpl.java:setRole(184)) - c877b40c-f70f-4e08-bb9d-91bddb5d6847@group-C432D6B1530C: changes role from  FOLLOWER to FOLLOWER at term 50 for recognizeCandidate:c08c50e8-12e3-4a9f-8d07-a31e7885cc60
2019-10-16 22:17:08,675 [grpc-default-executor-1] INFO  impl.RoleInfo (RoleInfo.java:shutdownFollowerState(121)) - c877b40c-f70f-4e08-bb9d-91bddb5d6847: shutdown FollowerState
2019-10-16 22:17:08,675 [grpc-default-executor-1] INFO  impl.RoleInfo (RoleInfo.java:updateAndGet(143)) - c877b40c-f70f-4e08-bb9d-91bddb5d6847: start FollowerState
2019-10-16 22:17:08,675 [Thread-772] INFO  impl.FollowerState (FollowerState.java:run(117)) - c877b40c-f70f-4e08-bb9d-91bddb5d6847@group-C432D6B1530C-FollowerState was interrupted: java.lang.InterruptedException: sleep interrupted
2019-10-16 22:17:08,675 [grpc-default-executor-2] INFO  impl.RaftServerImpl (RaftServerImpl.java:setRole(184)) - 777be068-7a1c-4abf-ad8d-603801d8ac95@group-C432D6B1530C: changes role from  FOLLOWER to FOLLOWER at term 50 for recognizeCandidate:c08c50e8-12e3-4a9f-8d07-a31e7885cc60
2019-10-16 22:17:08,676 [grpc-default-executor-2] INFO  impl.RoleInfo (RoleInfo.java:shutdownFollowerState(121)) - 777be068-7a1c-4abf-ad8d-603801d8ac95: shutdown FollowerState
2019-10-16 22:17:08,676 [grpc-default-executor-2] INFO  impl.RoleInfo (RoleInfo.java:updateAndGet(143)) - 777be068-7a1c-4abf-ad8d-603801d8ac95: start FollowerState
2019-10-16 22:17:08,676 [Thread-771] INFO  impl.FollowerState (FollowerState.java:run(117)) - 777be068-7a1c-4abf-ad8d-603801d8ac95@group-C432D6B1530C-FollowerState was interrupted: java.lang.InterruptedException: sleep interrupted
2019-10-16 22:17:08,685 [c08c50e8-12e3-4a9f-8d07-a31e7885cc60@group-C432D6B1530C-LeaderElection49] INFO  impl.LeaderElection (LeaderElection.java:logAndReturn(56)) - c08c50e8-12e3-4a9f-8d07-a31e7885cc60@group-C432D6B1530C-LeaderElection49: Election REJECTED; received 2 response(s) [c08c50e8-12e3-4a9f-8d07-a31e7885cc60<-c877b40c-f70f-4e08-bb9d-91bddb5d6847#0:FAIL-t50, c08c50e8-12e3-4a9f-8d07-a31e7885cc60<-777be068-7a1c-4abf-ad8d-603801d8ac95#0:FAIL-t50] and 0 exception(s); c08c50e8-12e3-4a9f-8d07-a31e7885cc60@group-C432D6B1530C:t50, leader=null, voted=c08c50e8-12e3-4a9f-8d07-a31e7885cc60, raftlog=c08c50e8-12e3-4a9f-8d07-a31e7885cc60@group-C432D6B1530C-SegmentedRaftLog:OPENED:c-1,f-1,i0, conf=-1: [c877b40c-f70f-4e08-bb9d-91bddb5d6847:192.168.34.38:40232, 777be068-7a1c-4abf-ad8d-603801d8ac95:192.168.34.38:35329, c08c50e8-12e3-4a9f-8d07-a31e7885cc60:192.168.34.38:44255], old=null
2019-10-16 22:17:08,685 [c08c50e8-12e3-4a9f-8d07-a31e7885cc60@group-C432D6B1530C-LeaderElection49] INFO  impl.RaftServerImpl (RaftServerImpl.java:setRole(184)) - c08c50e8-12e3-4a9f-8d07-a31e7885cc60@group-C432D6B1530C: changes role from CANDIDATE to FOLLOWER at term 50 for DISCOVERED_A_NEW_TERM
2019-10-16 22:17:08,685 [c08c50e8-12e3-4a9f-8d07-a31e7885cc60@group-C432D6B1530C-LeaderElection49] INFO  impl.RoleInfo (RoleInfo.java:shutdownLeaderElection(134)) - c08c50e8-12e3-4a9f-8d07-a31e7885cc60: shutdown LeaderElection
2019-10-16 22:17:08,686 [c08c50e8-12e3-4a9f-8d07-a31e7885cc60@group-C432D6B1530C-LeaderElection49] INFO  impl.RoleInfo (RoleInfo.java:updateAndGet(143)) - c08c50e8-12e3-4a9f-8d07-a31e7885cc60: start FollowerState
2019-10-16 22:17:08,709 [Thread-779] INFO  impl.FollowerState (FollowerState.java:run(108)) - c08c50e8-12e3-4a9f-8d07-a31e7885cc60@group-C432D6B1530C-FollowerState: change to CANDIDATE, lastRpcTime:23ms, electionTimeout:23ms
2019-10-16 22:17:08,709 [Thread-779] INFO  impl.RoleInfo (RoleInfo.java:shutdownFollowerState(121)) - c08c50e8-12e3-4a9f-8d07-a31e7885cc60: shutdown FollowerState
2019-10-16 22:17:08,709 [Thread-779] INFO  impl.RaftServerImpl (RaftServerImpl.java:setRole(184)) - c08c50e8-12e3-4a9f-8d07-a31e7885cc60@group-C432D6B1530C: changes role from  FOLLOWER to CANDIDATE at term 50 for changeToCandidate
2019-10-16 22:17:08,709 [Thread-779] INFO  impl.RoleInfo (RoleInfo.java:updateAndGet(143)) - c08c50e8-12e3-4a9f-8d07-a31e7885cc60: start LeaderElection
2019-10-16 22:17:08,745 [c08c50e8-12e3-4a9f-8d07-a31e7885cc60@group-C432D6B1530C-LeaderElection50] INFO  impl.LeaderElection (LeaderElection.java:askForVotes(178)) - c08c50e8-12e3-4a9f-8d07-a31e7885cc60@group-C432D6B1530C-LeaderElection50: begin an election at term 51 for -1: [c877b40c-f70f-4e08-bb9d-91bddb5d6847:192.168.34.38:40232, 777be068-7a1c-4abf-ad8d-603801d8ac95:192.168.34.38:35329, c08c50e8-12e3-4a9f-8d07-a31e7885cc60:192.168.34.38:44255], old=null
2019-10-16 22:17:08,748 [grpc-default-executor-1] INFO  impl.RaftServerImpl (RaftServerImpl.java:setRole(184)) - c877b40c-f70f-4e08-bb9d-91bddb5d6847@group-C432D6B1530C: changes role from  FOLLOWER to FOLLOWER at term 51 for recognizeCandidate:c08c50e8-12e3-4a9f-8d07-a31e7885cc60
2019-10-16 22:17:08,748 [grpc-default-executor-2] INFO  impl.RaftServerImpl (RaftServerImpl.java:setRole(184)) - 777be068-7a1c-4abf-ad8d-603801d8ac95@group-C432D6B1530C: changes role from  FOLLOWER to FOLLOWER at term 51 for recognizeCandidate:c08c50e8-12e3-4a9f-8d07-a31e7885cc60
2019-10-16 22:17:08,748 [grpc-default-executor-1] INFO  impl.RoleInfo (RoleInfo.java:shutdownFollowerState(121)) - c877b40c-f70f-4e08-bb9d-91bddb5d6847: shutdown FollowerState
2019-10-16 22:17:08,749 [grpc-default-executor-2] INFO  impl.RoleInfo (RoleInfo.java:shutdownFollowerState(121)) - 777be068-7a1c-4abf-ad8d-603801d8ac95: shutdown FollowerState
2019-10-16 22:17:08,749 [grpc-default-executor-1] INFO  impl.RoleInfo (RoleInfo.java:updateAndGet(143)) - c877b40c-f70f-4e08-bb9d-91bddb5d6847: start FollowerState
2019-10-16 22:17:08,749 [Thread-777] INFO  impl.FollowerState (FollowerState.java:run(117)) - c877b40c-f70f-4e08-bb9d-91bddb5d6847@group-C432D6B1530C-FollowerState was interrupted: java.lang.InterruptedException: sleep interrupted
2019-10-16 22:17:08,749 [Thread-778] INFO  impl.FollowerState (FollowerState.java:run(117)) - 777be068-7a1c-4abf-ad8d-603801d8ac95@group-C432D6B1530C-FollowerState was interrupted: java.lang.InterruptedException: sleep interrupted
2019-10-16 22:17:08,749 [grpc-default-executor-2] INFO  impl.RoleInfo (RoleInfo.java:updateAndGet(143)) - 777be068-7a1c-4abf-ad8d-603801d8ac95: start FollowerState
2019-10-16 22:17:08,786 [c08c50e8-12e3-4a9f-8d07-a31e7885cc60@group-C432D6B1530C-LeaderElection50] INFO  impl.LeaderElection (LeaderElection.java:logAndReturn(56)) - c08c50e8-12e3-4a9f-8d07-a31e7885cc60@group-C432D6B1530C-LeaderElection50: Election TIMEOUT; received 0 response(s) [] and 0 exception(s); c08c50e8-12e3-4a9f-8d07-a31e7885cc60@group-C432D6B1530C:t51, leader=null, voted=c08c50e8-12e3-4a9f-8d07-a31e7885cc60, raftlog=c08c50e8-12e3-4a9f-8d07-a31e7885cc60@group-C432D6B1530C-SegmentedRaftLog:OPENED:c-1,f-1,i0, conf=-1: [c877b40c-f70f-4e08-bb9d-91bddb5d6847:192.168.34.38:40232, 777be068-7a1c-4abf-ad8d-603801d8ac95:192.168.34.38:35329, c08c50e8-12e3-4a9f-8d07-a31e7885cc60:192.168.34.38:44255], old=null
2019-10-16 22:17:08,824 [c08c50e8-12e3-4a9f-8d07-a31e7885cc60@group-C432D6B1530C-LeaderElection50] INFO  impl.LeaderElection (LeaderElection.java:askForVotes(178)) - c08c50e8-12e3-4a9f-8d07-a31e7885cc60@group-C432D6B1530C-LeaderElection50: begin an election at term 52 for -1: [c877b40c-f70f-4e08-bb9d-91bddb5d6847:192.168.34.38:40232, 777be068-7a1c-4abf-ad8d-603801d8ac95:192.168.34.38:35329, c08c50e8-12e3-4a9f-8d07-a31e7885cc60:192.168.34.38:44255], old=null
2019-10-16 22:17:08,828 [grpc-default-executor-2] INFO  impl.RaftServerImpl (RaftServerImpl.java:setRole(184)) - c877b40c-f70f-4e08-bb9d-91bddb5d6847@group-C432D6B1530C: changes role from  FOLLOWER to FOLLOWER at term 52 for recognizeCandidate:c08c50e8-12e3-4a9f-8d07-a31e7885cc60
2019-10-16 22:17:08,828 [grpc-default-executor-2] INFO  impl.RoleInfo (RoleInfo.java:shutdownFollowerState(121)) - c877b40c-f70f-4e08-bb9d-91bddb5d6847: shutdown FollowerState
2019-10-16 22:17:08,828 [grpc-default-executor-1] INFO  impl.RaftServerImpl (RaftServerImpl.java:setRole(184)) - 777be068-7a1c-4abf-ad8d-603801d8ac95@group-C432D6B1530C: changes role from  FOLLOWER to FOLLOWER at term 52 for recognizeCandidate:c08c50e8-12e3-4a9f-8d07-a31e7885cc60
2019-10-16 22:17:08,828 [Thread-783] INFO  impl.FollowerState (FollowerState.java:run(117)) - c877b40c-f70f-4e08-bb9d-91bddb5d6847@group-C432D6B1530C-FollowerState was interrupted: java.lang.InterruptedException: sleep interrupted
2019-10-16 22:17:08,828 [grpc-default-executor-2] INFO  impl.RoleInfo (RoleInfo.java:updateAndGet(143)) - c877b40c-f70f-4e08-bb9d-91bddb5d6847: start FollowerState
2019-10-16 22:17:08,828 [grpc-default-executor-1] INFO  impl.RoleInfo (RoleInfo.java:shutdownFollowerState(121)) - 777be068-7a1c-4abf-ad8d-603801d8ac95: shutdown FollowerState
2019-10-16 22:17:08,829 [grpc-default-executor-1] INFO  impl.RoleInfo (RoleInfo.java:updateAndGet(143)) - 777be068-7a1c-4abf-ad8d-603801d8ac95: start FollowerState
2019-10-16 22:17:08,829 [Thread-784] INFO  impl.FollowerState (FollowerState.java:run(117)) - 777be068-7a1c-4abf-ad8d-603801d8ac95@group-C432D6B1530C-FollowerState was interrupted: java.lang.InterruptedException: sleep interrupted
2019-10-16 22:17:08,845 [c08c50e8-12e3-4a9f-8d07-a31e7885cc60@group-C432D6B1530C-LeaderElection50] INFO  impl.LeaderElection (LeaderElection.java:logAndReturn(56)) - c08c50e8-12e3-4a9f-8d07-a31e7885cc60@group-C432D6B1530C-LeaderElection50: Election REJECTED; received 2 response(s) [c08c50e8-12e3-4a9f-8d07-a31e7885cc60<-c877b40c-f70f-4e08-bb9d-91bddb5d6847#0:FAIL-t52, c08c50e8-12e3-4a9f-8d07-a31e7885cc60<-777be068-7a1c-4abf-ad8d-603801d8ac95#0:FAIL-t52] and 0 exception(s); c08c50e8-12e3-4a9f-8d07-a31e7885cc60@group-C432D6B1530C:t52, leader=null, voted=c08c50e8-12e3-4a9f-8d07-a31e7885cc60, raftlog=c08c50e8-12e3-4a9f-8d07-a31e7885cc60@group-C432D6B1530C-SegmentedRaftLog:OPENED:c-1,f-1,i0, conf=-1: [c877b40c-f70f-4e08-bb9d-91bddb5d6847:192.168.34.38:40232, 777be068-7a1c-4abf-ad8d-603801d8ac95:192.168.34.38:35329, c08c50e8-12e3-4a9f-8d07-a31e7885cc60:192.168.34.38:44255], old=null
2019-10-16 22:17:08,845 [c08c50e8-12e3-4a9f-8d07-a31e7885cc60@group-C432D6B1530C-LeaderElection50] INFO  impl.RaftServerImpl (RaftServerImpl.java:setRole(184)) - c08c50e8-12e3-4a9f-8d07-a31e7885cc60@group-C432D6B1530C: changes role from CANDIDATE to FOLLOWER at term 52 for DISCOVERED_A_NEW_TERM
2019-10-16 22:17:08,845 [c08c50e8-12e3-4a9f-8d07-a31e7885cc60@group-C432D6B1530C-LeaderElection50] INFO  impl.RoleInfo (RoleInfo.java:shutdownLeaderElection(134)) - c08c50e8-12e3-4a9f-8d07-a31e7885cc60: shutdown LeaderElection
2019-10-16 22:17:08,845 [c08c50e8-12e3-4a9f-8d07-a31e7885cc60@group-C432D6B1530C-LeaderElection50] INFO  impl.RoleInfo (RoleInfo.java:updateAndGet(143)) - c08c50e8-12e3-4a9f-8d07-a31e7885cc60: start FollowerState
2019-10-16 22:17:08,991 [Thread-789] INFO  impl.FollowerState (FollowerState.java:run(108)) - c08c50e8-12e3-4a9f-8d07-a31e7885cc60@group-C432D6B1530C-FollowerState: change to CANDIDATE, lastRpcTime:145ms, electionTimeout:145ms
2019-10-16 22:17:08,991 [Thread-789] INFO  impl.RoleInfo (RoleInfo.java:shutdownFollowerState(121)) - c08c50e8-12e3-4a9f-8d07-a31e7885cc60: shutdown FollowerState
2019-10-16 22:17:08,991 [Thread-789] INFO  impl.RaftServerImpl (RaftServerImpl.java:setRole(184)) - c08c50e8-12e3-4a9f-8d07-a31e7885cc60@group-C432D6B1530C: changes role from  FOLLOWER to CANDIDATE at term 52 for changeToCandidate
2019-10-16 22:17:08,991 [Thread-789] INFO  impl.RoleInfo (RoleInfo.java:updateAndGet(143)) - c08c50e8-12e3-4a9f-8d07-a31e7885cc60: start LeaderElection
2019-10-16 22:17:09,006 [c08c50e8-12e3-4a9f-8d07-a31e7885cc60@group-C432D6B1530C-LeaderElection51] INFO  impl.LeaderElection (LeaderElection.java:askForVotes(178)) - c08c50e8-12e3-4a9f-8d07-a31e7885cc60@group-C432D6B1530C-LeaderElection51: begin an election at term 53 for -1: [c877b40c-f70f-4e08-bb9d-91bddb5d6847:192.168.34.38:40232, 777be068-7a1c-4abf-ad8d-603801d8ac95:192.168.34.38:35329, c08c50e8-12e3-4a9f-8d07-a31e7885cc60:192.168.34.38:44255], old=null
2019-10-16 22:17:09,008 [grpc-default-executor-2] INFO  impl.RaftServerImpl (RaftServerImpl.java:setRole(184)) - c877b40c-f70f-4e08-bb9d-91bddb5d6847@group-C432D6B1530C: changes role from  FOLLOWER to FOLLOWER at term 53 for recognizeCandidate:c08c50e8-12e3-4a9f-8d07-a31e7885cc60
2019-10-16 22:17:09,008 [grpc-default-executor-2] INFO  impl.RoleInfo (RoleInfo.java:shutdownFollowerState(121)) - c877b40c-f70f-4e08-bb9d-91bddb5d6847: shutdown FollowerState
2019-10-16 22:17:09,009 [grpc-default-executor-1] INFO  impl.RaftServerImpl (RaftServerImpl.java:setRole(184)) - 777be068-7a1c-4abf-ad8d-603801d8ac95@group-C432D6B1530C: changes role from  FOLLOWER to FOLLOWER at term 53 for recognizeCandidate:c08c50e8-12e3-4a9f-8d07-a31e7885cc60
2019-10-16 22:17:09,009 [Thread-787] INFO  impl.FollowerState (FollowerState.java:run(117)) - c877b40c-f70f-4e08-bb9d-91bddb5d6847@group-C432D6B1530C-FollowerState was interrupted: java.lang.InterruptedException: sleep interrupted
2019-10-16 22:17:09,009 [grpc-default-executor-2] INFO  impl.RoleInfo (RoleInfo.java:updateAndGet(143)) - c877b40c-f70f-4e08-bb9d-91bddb5d6847: start FollowerState
2019-10-16 22:17:09,009 [grpc-default-executor-1] INFO  impl.RoleInfo (RoleInfo.java:shutdownFollowerState(121)) - 777be068-7a1c-4abf-ad8d-603801d8ac95: shutdown FollowerState
2019-10-16 22:17:09,009 [grpc-default-executor-1] INFO  impl.RoleInfo (RoleInfo.java:updateAndGet(143)) - 777be068-7a1c-4abf-ad8d-603801d8ac95: start FollowerState
2019-10-16 22:17:09,009 [Thread-788] INFO  impl.FollowerState (FollowerState.java:run(117)) - 777be068-7a1c-4abf-ad8d-603801d8ac95@group-C432D6B1530C-FollowerState was interrupted: java.lang.InterruptedException: sleep interrupted
2019-10-16 22:17:09,022 [c08c50e8-12e3-4a9f-8d07-a31e7885cc60@group-C432D6B1530C-LeaderElection51] INFO  impl.LeaderElection (LeaderElection.java:logAndReturn(56)) - c08c50e8-12e3-4a9f-8d07-a31e7885cc60@group-C432D6B1530C-LeaderElection51: Election REJECTED; received 2 response(s) [c08c50e8-12e3-4a9f-8d07-a31e7885cc60<-c877b40c-f70f-4e08-bb9d-91bddb5d6847#0:FAIL-t53, c08c50e8-12e3-4a9f-8d07-a31e7885cc60<-777be068-7a1c-4abf-ad8d-603801d8ac95#0:FAIL-t53] and 0 exception(s); c08c50e8-12e3-4a9f-8d07-a31e7885cc60@group-C432D6B1530C:t53, leader=null, voted=c08c50e8-12e3-4a9f-8d07-a31e7885cc60, raftlog=c08c50e8-12e3-4a9f-8d07-a31e7885cc60@group-C432D6B1530C-SegmentedRaftLog:OPENED:c-1,f-1,i0, conf=-1: [c877b40c-f70f-4e08-bb9d-91bddb5d6847:192.168.34.38:40232, 777be068-7a1c-4abf-ad8d-603801d8ac95:192.168.34.38:35329, c08c50e8-12e3-4a9f-8d07-a31e7885cc60:192.168.34.38:44255], old=null
2019-10-16 22:17:09,022 [c08c50e8-12e3-4a9f-8d07-a31e7885cc60@group-C432D6B1530C-LeaderElection51] INFO  impl.RaftServerImpl (RaftServerImpl.java:setRole(184)) - c08c50e8-12e3-4a9f-8d07-a31e7885cc60@group-C432D6B1530C: changes role from CANDIDATE to FOLLOWER at term 53 for DISCOVERED_A_NEW_TERM
2019-10-16 22:17:09,023 [c08c50e8-12e3-4a9f-8d07-a31e7885cc60@group-C432D6B1530C-LeaderElection51] INFO  impl.RoleInfo (RoleInfo.java:shutdownLeaderElection(134)) - c08c50e8-12e3-4a9f-8d07-a31e7885cc60: shutdown LeaderElection
2019-10-16 22:17:09,023 [c08c50e8-12e3-4a9f-8d07-a31e7885cc60@group-C432D6B1530C-LeaderElection51] INFO  impl.RoleInfo (RoleInfo.java:updateAndGet(143)) - c08c50e8-12e3-4a9f-8d07-a31e7885cc60: start FollowerState
2019-10-16 22:17:09,055 [Thread-795] INFO  impl.FollowerState (FollowerState.java:run(108)) - c08c50e8-12e3-4a9f-8d07-a31e7885cc60@group-C432D6B1530C-FollowerState: change to CANDIDATE, lastRpcTime:32ms, electionTimeout:32ms
2019-10-16 22:17:09,055 [Thread-795] INFO  impl.RoleInfo (RoleInfo.java:shutdownFollowerState(121)) - c08c50e8-12e3-4a9f-8d07-a31e7885cc60: shutdown FollowerState
2019-10-16 22:17:09,055 [Thread-795] INFO  impl.RaftServerImpl (RaftServerImpl.java:setRole(184)) - c08c50e8-12e3-4a9f-8d07-a31e7885cc60@group-C432D6B1530C: changes role from  FOLLOWER to CANDIDATE at term 53 for changeToCandidate
2019-10-16 22:17:09,056 [Thread-795] INFO  impl.RoleInfo (RoleInfo.java:updateAndGet(143)) - c08c50e8-12e3-4a9f-8d07-a31e7885cc60: start LeaderElection
2019-10-16 22:17:09,070 [c08c50e8-12e3-4a9f-8d07-a31e7885cc60@group-C432D6B1530C-LeaderElection52] INFO  impl.LeaderElection (LeaderElection.java:askForVotes(178)) - c08c50e8-12e3-4a9f-8d07-a31e7885cc60@group-C432D6B1530C-LeaderElection52: begin an election at term 54 for -1: [c877b40c-f70f-4e08-bb9d-91bddb5d6847:192.168.34.38:40232, 777be068-7a1c-4abf-ad8d-603801d8ac95:192.168.34.38:35329, c08c50e8-12e3-4a9f-8d07-a31e7885cc60:192.168.34.38:44255], old=null
2019-10-16 22:17:09,072 [grpc-default-executor-2] INFO  impl.RaftServerImpl (RaftServerImpl.java:setRole(184)) - c877b40c-f70f-4e08-bb9d-91bddb5d6847@group-C432D6B1530C: changes role from  FOLLOWER to FOLLOWER at term 54 for recognizeCandidate:c08c50e8-12e3-4a9f-8d07-a31e7885cc60
2019-10-16 22:17:09,072 [grpc-default-executor-2] INFO  impl.RoleInfo (RoleInfo.java:shutdownFollowerState(121)) - c877b40c-f70f-4e08-bb9d-91bddb5d6847: shutdown FollowerState
2019-10-16 22:17:09,072 [grpc-default-executor-1] INFO  impl.RaftServerImpl (RaftServerImpl.java:setRole(184)) - 777be068-7a1c-4abf-ad8d-603801d8ac95@group-C432D6B1530C: changes role from  FOLLOWER to FOLLOWER at term 54 for recognizeCandidate:c08c50e8-12e3-4a9f-8d07-a31e7885cc60
2019-10-16 22:17:09,072 [Thread-793] INFO  impl.FollowerState (FollowerState.java:run(117)) - c877b40c-f70f-4e08-bb9d-91bddb5d6847@group-C432D6B1530C-FollowerState was interrupted: java.lang.InterruptedException: sleep interrupted
2019-10-16 22:17:09,072 [grpc-default-executor-2] INFO  impl.RoleInfo (RoleInfo.java:updateAndGet(143)) - c877b40c-f70f-4e08-bb9d-91bddb5d6847: start FollowerState
2019-10-16 22:17:09,072 [grpc-default-executor-1] INFO  impl.RoleInfo (RoleInfo.java:shutdownFollowerState(121)) - 777be068-7a1c-4abf-ad8d-603801d8ac95: shutdown FollowerState
2019-10-16 22:17:09,073 [grpc-default-executor-1] INFO  impl.RoleInfo (RoleInfo.java:updateAndGet(143)) - 777be068-7a1c-4abf-ad8d-603801d8ac95: start FollowerState
2019-10-16 22:17:09,073 [Thread-794] INFO  impl.FollowerState (FollowerState.java:run(117)) - 777be068-7a1c-4abf-ad8d-603801d8ac95@group-C432D6B1530C-FollowerState was interrupted: java.lang.InterruptedException: sleep interrupted
2019-10-16 22:17:09,087 [c08c50e8-12e3-4a9f-8d07-a31e7885cc60@group-C432D6B1530C-LeaderElection52] INFO  impl.LeaderElection (LeaderElection.java:logAndReturn(56)) - c08c50e8-12e3-4a9f-8d07-a31e7885cc60@group-C432D6B1530C-LeaderElection52: Election REJECTED; received 2 response(s) [c08c50e8-12e3-4a9f-8d07-a31e7885cc60<-c877b40c-f70f-4e08-bb9d-91bddb5d6847#0:FAIL-t54, c08c50e8-12e3-4a9f-8d07-a31e7885cc60<-777be068-7a1c-4abf-ad8d-603801d8ac95#0:FAIL-t54] and 0 exception(s); c08c50e8-12e3-4a9f-8d07-a31e7885cc60@group-C432D6B1530C:t54, leader=null, voted=c08c50e8-12e3-4a9f-8d07-a31e7885cc60, raftlog=c08c50e8-12e3-4a9f-8d07-a31e7885cc60@group-C432D6B1530C-SegmentedRaftLog:OPENED:c-1,f-1,i0, conf=-1: [c877b40c-f70f-4e08-bb9d-91bddb5d6847:192.168.34.38:40232, 777be068-7a1c-4abf-ad8d-603801d8ac95:192.168.34.38:35329, c08c50e8-12e3-4a9f-8d07-a31e7885cc60:192.168.34.38:44255], old=null
2019-10-16 22:17:09,087 [c08c50e8-12e3-4a9f-8d07-a31e7885cc60@group-C432D6B1530C-LeaderElection52] INFO  impl.RaftServerImpl (RaftServerImpl.java:setRole(184)) - c08c50e8-12e3-4a9f-8d07-a31e7885cc60@group-C432D6B1530C: changes role from CANDIDATE to FOLLOWER at term 54 for DISCOVERED_A_NEW_TERM
2019-10-16 22:17:09,087 [c08c50e8-12e3-4a9f-8d07-a31e7885cc60@group-C432D6B1530C-LeaderElection52] INFO  impl.RoleInfo (RoleInfo.java:shutdownLeaderElection(134)) - c08c50e8-12e3-4a9f-8d07-a31e7885cc60: shutdown LeaderElection
2019-10-16 22:17:09,087 [c08c50e8-12e3-4a9f-8d07-a31e7885cc60@group-C432D6B1530C-LeaderElection52] INFO  impl.RoleInfo (RoleInfo.java:updateAndGet(143)) - c08c50e8-12e3-4a9f-8d07-a31e7885cc60: start FollowerState
2019-10-16 22:17:09,188 [Thread-801] INFO  impl.FollowerState (FollowerState.java:run(108)) - c08c50e8-12e3-4a9f-8d07-a31e7885cc60@group-C432D6B1530C-FollowerState: change to CANDIDATE, lastRpcTime:100ms, electionTimeout:100ms
2019-10-16 22:17:09,188 [Thread-801] INFO  impl.RoleInfo (RoleInfo.java:shutdownFollowerState(121)) - c08c50e8-12e3-4a9f-8d07-a31e7885cc60: shutdown FollowerState
2019-10-16 22:17:09,188 [Thread-801] INFO  impl.RaftServerImpl (RaftServerImpl.java:setRole(184)) - c08c50e8-12e3-4a9f-8d07-a31e7885cc60@group-C432D6B1530C: changes role from  FOLLOWER to CANDIDATE at term 54 for changeToCandidate
2019-10-16 22:17:09,188 [Thread-801] INFO  impl.RoleInfo (RoleInfo.java:updateAndGet(143)) - c08c50e8-12e3-4a9f-8d07-a31e7885cc60: start LeaderElection
2019-10-16 22:17:09,203 [c08c50e8-12e3-4a9f-8d07-a31e7885cc60@group-C432D6B1530C-LeaderElection53] INFO  impl.LeaderElection (LeaderElection.java:askForVotes(178)) - c08c50e8-12e3-4a9f-8d07-a31e7885cc60@group-C432D6B1530C-LeaderElection53: begin an election at term 55 for -1: [c877b40c-f70f-4e08-bb9d-91bddb5d6847:192.168.34.38:40232, 777be068-7a1c-4abf-ad8d-603801d8ac95:192.168.34.38:35329, c08c50e8-12e3-4a9f-8d07-a31e7885cc60:192.168.34.38:44255], old=null
2019-10-16 22:17:09,206 [grpc-default-executor-2] INFO  impl.RaftServerImpl (RaftServerImpl.java:setRole(184)) - c877b40c-f70f-4e08-bb9d-91bddb5d6847@group-C432D6B1530C: changes role from  FOLLOWER to FOLLOWER at term 55 for recognizeCandidate:c08c50e8-12e3-4a9f-8d07-a31e7885cc60
2019-10-16 22:17:09,206 [grpc-default-executor-1] INFO  impl.RaftServerImpl (RaftServerImpl.java:setRole(184)) - 777be068-7a1c-4abf-ad8d-603801d8ac95@group-C432D6B1530C: changes role from  FOLLOWER to FOLLOWER at term 55 for recognizeCandidate:c08c50e8-12e3-4a9f-8d07-a31e7885cc60
2019-10-16 22:17:09,206 [grpc-default-executor-2] INFO  impl.RoleInfo (RoleInfo.java:shutdownFollowerState(121)) - c877b40c-f70f-4e08-bb9d-91bddb5d6847: shutdown FollowerState
2019-10-16 22:17:09,206 [grpc-default-executor-1] INFO  impl.RoleInfo (RoleInfo.java:shutdownFollowerState(121)) - 777be068-7a1c-4abf-ad8d-603801d8ac95: shutdown FollowerState
2019-10-16 22:17:09,207 [Thread-799] INFO  impl.FollowerState (FollowerState.java:run(117)) - c877b40c-f70f-4e08-bb9d-91bddb5d6847@group-C432D6B1530C-FollowerState was interrupted: java.lang.InterruptedException: sleep interrupted
2019-10-16 22:17:09,207 [grpc-default-executor-2] INFO  impl.RoleInfo (RoleInfo.java:updateAndGet(143)) - c877b40c-f70f-4e08-bb9d-91bddb5d6847: start FollowerState
2019-10-16 22:17:09,207 [Thread-800] INFO  impl.FollowerState (FollowerState.java:run(117)) - 777be068-7a1c-4abf-ad8d-603801d8ac95@group-C432D6B1530C-FollowerState was interrupted: java.lang.InterruptedException: sleep interrupted
2019-10-16 22:17:09,207 [grpc-default-executor-1] INFO  impl.RoleInfo (RoleInfo.java:updateAndGet(143)) - 777be068-7a1c-4abf-ad8d-603801d8ac95: start FollowerState
2019-10-16 22:17:09,222 [c08c50e8-12e3-4a9f-8d07-a31e7885cc60@group-C432D6B1530C-LeaderElection53] INFO  impl.LeaderElection (LeaderElection.java:logAndReturn(56)) - c08c50e8-12e3-4a9f-8d07-a31e7885cc60@group-C432D6B1530C-LeaderElection53: Election REJECTED; received 2 response(s) [c08c50e8-12e3-4a9f-8d07-a31e7885cc60<-c877b40c-f70f-4e08-bb9d-91bddb5d6847#0:FAIL-t55, c08c50e8-12e3-4a9f-8d07-a31e7885cc60<-777be068-7a1c-4abf-ad8d-603801d8ac95#0:FAIL-t55] and 0 exception(s); c08c50e8-12e3-4a9f-8d07-a31e7885cc60@group-C432D6B1530C:t55, leader=null, voted=c08c50e8-12e3-4a9f-8d07-a31e7885cc60, raftlog=c08c50e8-12e3-4a9f-8d07-a31e7885cc60@group-C432D6B1530C-SegmentedRaftLog:OPENED:c-1,f-1,i0, conf=-1: [c877b40c-f70f-4e08-bb9d-91bddb5d6847:192.168.34.38:40232, 777be068-7a1c-4abf-ad8d-603801d8ac95:192.168.34.38:35329, c08c50e8-12e3-4a9f-8d07-a31e7885cc60:192.168.34.38:44255], old=null
2019-10-16 22:17:09,222 [c08c50e8-12e3-4a9f-8d07-a31e7885cc60@group-C432D6B1530C-LeaderElection53] INFO  impl.RaftServerImpl (RaftServerImpl.java:setRole(184)) - c08c50e8-12e3-4a9f-8d07-a31e7885cc60@group-C432D6B1530C: changes role from CANDIDATE to FOLLOWER at term 55 for DISCOVERED_A_NEW_TERM
2019-10-16 22:17:09,222 [c08c50e8-12e3-4a9f-8d07-a31e7885cc60@group-C432D6B1530C-LeaderElection53] INFO  impl.RoleInfo (RoleInfo.java:shutdownLeaderElection(134)) - c08c50e8-12e3-4a9f-8d07-a31e7885cc60: shutdown LeaderElection
2019-10-16 22:17:09,223 [c08c50e8-12e3-4a9f-8d07-a31e7885cc60@group-C432D6B1530C-LeaderElection53] INFO  impl.RoleInfo (RoleInfo.java:updateAndGet(143)) - c08c50e8-12e3-4a9f-8d07-a31e7885cc60: start FollowerState
2019-10-16 22:17:09,395 [Thread-807] INFO  impl.FollowerState (FollowerState.java:run(108)) - c08c50e8-12e3-4a9f-8d07-a31e7885cc60@group-C432D6B1530C-FollowerState: change to CANDIDATE, lastRpcTime:172ms, electionTimeout:172ms
2019-10-16 22:17:09,395 [Thread-807] INFO  impl.RoleInfo (RoleInfo.java:shutdownFollowerState(121)) - c08c50e8-12e3-4a9f-8d07-a31e7885cc60: shutdown FollowerState
2019-10-16 22:17:09,395 [Thread-807] INFO  impl.RaftServerImpl (RaftServerImpl.java:setRole(184)) - c08c50e8-12e3-4a9f-8d07-a31e7885cc60@group-C432D6B1530C: changes role from  FOLLOWER to CANDIDATE at term 55 for changeToCandidate
2019-10-16 22:17:09,395 [Thread-807] INFO  impl.RoleInfo (RoleInfo.java:updateAndGet(143)) - c08c50e8-12e3-4a9f-8d07-a31e7885cc60: start LeaderElection
2019-10-16 22:17:09,412 [c08c50e8-12e3-4a9f-8d07-a31e7885cc60@group-C432D6B1530C-LeaderElection54] INFO  impl.LeaderElection (LeaderElection.java:askForVotes(178)) - c08c50e8-12e3-4a9f-8d07-a31e7885cc60@group-C432D6B1530C-LeaderElection54: begin an election at term 56 for -1: [c877b40c-f70f-4e08-bb9d-91bddb5d6847:192.168.34.38:40232, 777be068-7a1c-4abf-ad8d-603801d8ac95:192.168.34.38:35329, c08c50e8-12e3-4a9f-8d07-a31e7885cc60:192.168.34.38:44255], old=null
2019-10-16 22:17:09,415 [grpc-default-executor-2] INFO  impl.RaftServerImpl (RaftServerImpl.java:setRole(184)) - c877b40c-f70f-4e08-bb9d-91bddb5d6847@group-C432D6B1530C: changes role from  FOLLOWER to FOLLOWER at term 56 for recognizeCandidate:c08c50e8-12e3-4a9f-8d07-a31e7885cc60
2019-10-16 22:17:09,415 [grpc-default-executor-2] INFO  impl.RoleInfo (RoleInfo.java:shutdownFollowerState(121)) - c877b40c-f70f-4e08-bb9d-91bddb5d6847: shutdown FollowerState
2019-10-16 22:17:09,415 [grpc-default-executor-1] INFO  impl.RaftServerImpl (RaftServerImpl.java:setRole(184)) - 777be068-7a1c-4abf-ad8d-603801d8ac95@group-C432D6B1530C: changes role from  FOLLOWER to FOLLOWER at term 56 for recognizeCandidate:c08c50e8-12e3-4a9f-8d07-a31e7885cc60
2019-10-16 22:17:09,415 [Thread-805] INFO  impl.FollowerState (FollowerState.java:run(117)) - c877b40c-f70f-4e08-bb9d-91bddb5d6847@group-C432D6B1530C-FollowerState was interrupted: java.lang.InterruptedException: sleep interrupted
2019-10-16 22:17:09,415 [grpc-default-executor-2] INFO  impl.RoleInfo (RoleInfo.java:updateAndGet(143)) - c877b40c-f70f-4e08-bb9d-91bddb5d6847: start FollowerState
2019-10-16 22:17:09,415 [grpc-default-executor-1] INFO  impl.RoleInfo (RoleInfo.java:shutdownFollowerState(121)) - 777be068-7a1c-4abf-ad8d-603801d8ac95: shutdown FollowerState
2019-10-16 22:17:09,416 [grpc-default-executor-1] INFO  impl.RoleInfo (RoleInfo.java:updateAndGet(143)) - 777be068-7a1c-4abf-ad8d-603801d8ac95: start FollowerState
2019-10-16 22:17:09,416 [Thread-806] INFO  impl.FollowerState (FollowerState.java:run(117)) - 777be068-7a1c-4abf-ad8d-603801d8ac95@group-C432D6B1530C-FollowerState was interrupted: java.lang.InterruptedException: sleep interrupted
2019-10-16 22:17:09,430 [c08c50e8-12e3-4a9f-8d07-a31e7885cc60@group-C432D6B1530C-LeaderElection54] INFO  impl.LeaderElection (LeaderElection.java:logAndReturn(56)) - c08c50e8-12e3-4a9f-8d07-a31e7885cc60@group-C432D6B1530C-LeaderElection54: Election REJECTED; received 2 response(s) [c08c50e8-12e3-4a9f-8d07-a31e7885cc60<-c877b40c-f70f-4e08-bb9d-91bddb5d6847#0:FAIL-t56, c08c50e8-12e3-4a9f-8d07-a31e7885cc60<-777be068-7a1c-4abf-ad8d-603801d8ac95#0:FAIL-t56] and 0 exception(s); c08c50e8-12e3-4a9f-8d07-a31e7885cc60@group-C432D6B1530C:t56, leader=null, voted=c08c50e8-12e3-4a9f-8d07-a31e7885cc60, raftlog=c08c50e8-12e3-4a9f-8d07-a31e7885cc60@group-C432D6B1530C-SegmentedRaftLog:OPENED:c-1,f-1,i0, conf=-1: [c877b40c-f70f-4e08-bb9d-91bddb5d6847:192.168.34.38:40232, 777be068-7a1c-4abf-ad8d-603801d8ac95:192.168.34.38:35329, c08c50e8-12e3-4a9f-8d07-a31e7885cc60:192.168.34.38:44255], old=null
2019-10-16 22:17:09,430 [c08c50e8-12e3-4a9f-8d07-a31e7885cc60@group-C432D6B1530C-LeaderElection54] INFO  impl.RaftServerImpl (RaftServerImpl.java:setRole(184)) - c08c50e8-12e3-4a9f-8d07-a31e7885cc60@group-C432D6B1530C: changes role from CANDIDATE to FOLLOWER at term 56 for DISCOVERED_A_NEW_TERM
2019-10-16 22:17:09,431 [c08c50e8-12e3-4a9f-8d07-a31e7885cc60@group-C432D6B1530C-LeaderElection54] INFO  impl.RoleInfo (RoleInfo.java:shutdownLeaderElection(134)) - c08c50e8-12e3-4a9f-8d07-a31e7885cc60: shutdown LeaderElection
2019-10-16 22:17:09,431 [c08c50e8-12e3-4a9f-8d07-a31e7885cc60@group-C432D6B1530C-LeaderElection54] INFO  impl.RoleInfo (RoleInfo.java:updateAndGet(143)) - c08c50e8-12e3-4a9f-8d07-a31e7885cc60: start FollowerState
2019-10-16 22:17:09,484 [Thread-813] INFO  impl.FollowerState (FollowerState.java:run(108)) - c08c50e8-12e3-4a9f-8d07-a31e7885cc60@group-C432D6B1530C-FollowerState: change to CANDIDATE, lastRpcTime:53ms, electionTimeout:53ms
2019-10-16 22:17:09,485 [Thread-813] INFO  impl.RoleInfo (RoleInfo.java:shutdownFollowerState(121)) - c08c50e8-12e3-4a9f-8d07-a31e7885cc60: shutdown FollowerState
2019-10-16 22:17:09,485 [Thread-813] INFO  impl.RaftServerImpl (RaftServerImpl.java:setRole(184)) - c08c50e8-12e3-4a9f-8d07-a31e7885cc60@group-C432D6B1530C: changes role from  FOLLOWER to CANDIDATE at term 56 for changeToCandidate
2019-10-16 22:17:09,485 [Thread-813] INFO  impl.RoleInfo (RoleInfo.java:updateAndGet(143)) - c08c50e8-12e3-4a9f-8d07-a31e7885cc60: start LeaderElection
2019-10-16 22:17:09,521 [c08c50e8-12e3-4a9f-8d07-a31e7885cc60@group-C432D6B1530C-LeaderElection55] INFO  impl.LeaderElection (LeaderElection.java:askForVotes(178)) - c08c50e8-12e3-4a9f-8d07-a31e7885cc60@group-C432D6B1530C-LeaderElection55: begin an election at term 57 for -1: [c877b40c-f70f-4e08-bb9d-91bddb5d6847:192.168.34.38:40232, 777be068-7a1c-4abf-ad8d-603801d8ac95:192.168.34.38:35329, c08c50e8-12e3-4a9f-8d07-a31e7885cc60:192.168.34.38:44255], old=null
2019-10-16 22:17:09,523 [grpc-default-executor-1] INFO  impl.RaftServerImpl (RaftServerImpl.java:setRole(184)) - 777be068-7a1c-4abf-ad8d-603801d8ac95@group-C432D6B1530C: changes role from  FOLLOWER to FOLLOWER at term 57 for recognizeCandidate:c08c50e8-12e3-4a9f-8d07-a31e7885cc60
2019-10-16 22:17:09,524 [grpc-default-executor-1] INFO  impl.RoleInfo (RoleInfo.java:shutdownFollowerState(121)) - 777be068-7a1c-4abf-ad8d-603801d8ac95: shutdown FollowerState
2019-10-16 22:17:09,524 [grpc-default-executor-2] INFO  impl.RaftServerImpl (RaftServerImpl.java:setRole(184)) - c877b40c-f70f-4e08-bb9d-91bddb5d6847@group-C432D6B1530C: changes role from  FOLLOWER to FOLLOWER at term 57 for recognizeCandidate:c08c50e8-12e3-4a9f-8d07-a31e7885cc60
2019-10-16 22:17:09,524 [grpc-default-executor-2] INFO  impl.RoleInfo (RoleInfo.java:shutdownFollowerState(121)) - c877b40c-f70f-4e08-bb9d-91bddb5d6847: shutdown FollowerState
2019-10-16 22:17:09,524 [Thread-812] INFO  impl.FollowerState (FollowerState.java:run(117)) - 777be068-7a1c-4abf-ad8d-603801d8ac95@group-C432D6B1530C-FollowerState was interrupted: java.lang.InterruptedException: sleep interrupted
2019-10-16 22:17:09,524 [grpc-default-executor-1] INFO  impl.RoleInfo (RoleInfo.java:updateAndGet(143)) - 777be068-7a1c-4abf-ad8d-603801d8ac95: start FollowerState
2019-10-16 22:17:09,524 [Thread-811] INFO  impl.FollowerState (FollowerState.java:run(117)) - c877b40c-f70f-4e08-bb9d-91bddb5d6847@group-C432D6B1530C-FollowerState was interrupted: java.lang.InterruptedException: sleep interrupted
2019-10-16 22:17:09,524 [grpc-default-executor-2] INFO  impl.RoleInfo (RoleInfo.java:updateAndGet(143)) - c877b40c-f70f-4e08-bb9d-91bddb5d6847: start FollowerState
2019-10-16 22:17:09,539 [c08c50e8-12e3-4a9f-8d07-a31e7885cc60@group-C432D6B1530C-LeaderElection55] INFO  impl.LeaderElection (LeaderElection.java:logAndReturn(56)) - c08c50e8-12e3-4a9f-8d07-a31e7885cc60@group-C432D6B1530C-LeaderElection55: Election REJECTED; received 2 response(s) [c08c50e8-12e3-4a9f-8d07-a31e7885cc60<-c877b40c-f70f-4e08-bb9d-91bddb5d6847#0:FAIL-t57, c08c50e8-12e3-4a9f-8d07-a31e7885cc60<-777be068-7a1c-4abf-ad8d-603801d8ac95#0:FAIL-t57] and 0 exception(s); c08c50e8-12e3-4a9f-8d07-a31e7885cc60@group-C432D6B1530C:t57, leader=null, voted=c08c50e8-12e3-4a9f-8d07-a31e7885cc60, raftlog=c08c50e8-12e3-4a9f-8d07-a31e7885cc60@group-C432D6B1530C-SegmentedRaftLog:OPENED:c-1,f-1,i0, conf=-1: [c877b40c-f70f-4e08-bb9d-91bddb5d6847:192.168.34.38:40232, 777be068-7a1c-4abf-ad8d-603801d8ac95:192.168.34.38:35329, c08c50e8-12e3-4a9f-8d07-a31e7885cc60:192.168.34.38:44255], old=null
2019-10-16 22:17:09,539 [c08c50e8-12e3-4a9f-8d07-a31e7885cc60@group-C432D6B1530C-LeaderElection55] INFO  impl.RaftServerImpl (RaftServerImpl.java:setRole(184)) - c08c50e8-12e3-4a9f-8d07-a31e7885cc60@group-C432D6B1530C: changes role from CANDIDATE to FOLLOWER at term 57 for DISCOVERED_A_NEW_TERM
2019-10-16 22:17:09,539 [c08c50e8-12e3-4a9f-8d07-a31e7885cc60@group-C432D6B1530C-LeaderElection55] INFO  impl.RoleInfo (RoleInfo.java:shutdownLeaderElection(134)) - c08c50e8-12e3-4a9f-8d07-a31e7885cc60: shutdown LeaderElection
2019-10-16 22:17:09,540 [c08c50e8-12e3-4a9f-8d07-a31e7885cc60@group-C432D6B1530C-LeaderElection55] INFO  impl.RoleInfo (RoleInfo.java:updateAndGet(143)) - c08c50e8-12e3-4a9f-8d07-a31e7885cc60: start FollowerState
2019-10-16 22:17:09,556 [Thread-819] INFO  impl.FollowerState (FollowerState.java:run(108)) - c08c50e8-12e3-4a9f-8d07-a31e7885cc60@group-C432D6B1530C-FollowerState: change to CANDIDATE, lastRpcTime:16ms, electionTimeout:16ms
2019-10-16 22:17:09,556 [Thread-819] INFO  impl.RoleInfo (RoleInfo.java:shutdownFollowerState(121)) - c08c50e8-12e3-4a9f-8d07-a31e7885cc60: shutdown FollowerState
2019-10-16 22:17:09,556 [Thread-819] INFO  impl.RaftServerImpl (RaftServerImpl.java:setRole(184)) - c08c50e8-12e3-4a9f-8d07-a31e7885cc60@group-C432D6B1530C: changes role from  FOLLOWER to CANDIDATE at term 57 for changeToCandidate
2019-10-16 22:17:09,556 [Thread-819] INFO  impl.RoleInfo (RoleInfo.java:updateAndGet(143)) - c08c50e8-12e3-4a9f-8d07-a31e7885cc60: start LeaderElection
2019-10-16 22:17:09,570 [c08c50e8-12e3-4a9f-8d07-a31e7885cc60@group-C432D6B1530C-LeaderElection56] INFO  impl.LeaderElection (LeaderElection.java:askForVotes(178)) - c08c50e8-12e3-4a9f-8d07-a31e7885cc60@group-C432D6B1530C-LeaderElection56: begin an election at term 58 for -1: [c877b40c-f70f-4e08-bb9d-91bddb5d6847:192.168.34.38:40232, 777be068-7a1c-4abf-ad8d-603801d8ac95:192.168.34.38:35329, c08c50e8-12e3-4a9f-8d07-a31e7885cc60:192.168.34.38:44255], old=null
2019-10-16 22:17:09,572 [grpc-default-executor-1] INFO  impl.RaftServerImpl (RaftServerImpl.java:setRole(184)) - 777be068-7a1c-4abf-ad8d-603801d8ac95@group-C432D6B1530C: changes role from  FOLLOWER to FOLLOWER at term 58 for recognizeCandidate:c08c50e8-12e3-4a9f-8d07-a31e7885cc60
2019-10-16 22:17:09,573 [grpc-default-executor-2] INFO  impl.RaftServerImpl (RaftServerImpl.java:setRole(184)) - c877b40c-f70f-4e08-bb9d-91bddb5d6847@group-C432D6B1530C: changes role from  FOLLOWER to FOLLOWER at term 58 for recognizeCandidate:c08c50e8-12e3-4a9f-8d07-a31e7885cc60
2019-10-16 22:17:09,573 [grpc-default-executor-1] INFO  impl.RoleInfo (RoleInfo.java:shutdownFollowerState(121)) - 777be068-7a1c-4abf-ad8d-603801d8ac95: shutdown FollowerState
2019-10-16 22:17:09,573 [grpc-default-executor-2] INFO  impl.RoleInfo (RoleInfo.java:shutdownFollowerState(121)) - c877b40c-f70f-4e08-bb9d-91bddb5d6847: shutdown FollowerState
2019-10-16 22:17:09,573 [Thread-817] INFO  impl.FollowerState (FollowerState.java:run(117)) - 777be068-7a1c-4abf-ad8d-603801d8ac95@group-C432D6B1530C-FollowerState was interrupted: java.lang.InterruptedException: sleep interrupted
2019-10-16 22:17:09,573 [grpc-default-executor-1] INFO  impl.RoleInfo (RoleInfo.java:updateAndGet(143)) - 777be068-7a1c-4abf-ad8d-603801d8ac95: start FollowerState
2019-10-16 22:17:09,573 [Thread-818] INFO  impl.FollowerState (FollowerState.java:run(117)) - c877b40c-f70f-4e08-bb9d-91bddb5d6847@group-C432D6B1530C-FollowerState was interrupted: java.lang.InterruptedException: sleep interrupted
2019-10-16 22:17:09,573 [grpc-default-executor-2] INFO  impl.RoleInfo (RoleInfo.java:updateAndGet(143)) - c877b40c-f70f-4e08-bb9d-91bddb5d6847: start FollowerState
2019-10-16 22:17:09,588 [c08c50e8-12e3-4a9f-8d07-a31e7885cc60@group-C432D6B1530C-LeaderElection56] INFO  impl.LeaderElection (LeaderElection.java:logAndReturn(56)) - c08c50e8-12e3-4a9f-8d07-a31e7885cc60@group-C432D6B1530C-LeaderElection56: Election REJECTED; received 2 response(s) [c08c50e8-12e3-4a9f-8d07-a31e7885cc60<-c877b40c-f70f-4e08-bb9d-91bddb5d6847#0:FAIL-t58, c08c50e8-12e3-4a9f-8d07-a31e7885cc60<-777be068-7a1c-4abf-ad8d-603801d8ac95#0:FAIL-t58] and 0 exception(s); c08c50e8-12e3-4a9f-8d07-a31e7885cc60@group-C432D6B1530C:t58, leader=null, voted=c08c50e8-12e3-4a9f-8d07-a31e7885cc60, raftlog=c08c50e8-12e3-4a9f-8d07-a31e7885cc60@group-C432D6B1530C-SegmentedRaftLog:OPENED:c-1,f-1,i0, conf=-1: [c877b40c-f70f-4e08-bb9d-91bddb5d6847:192.168.34.38:40232, 777be068-7a1c-4abf-ad8d-603801d8ac95:192.168.34.38:35329, c08c50e8-12e3-4a9f-8d07-a31e7885cc60:192.168.34.38:44255], old=null
2019-10-16 22:17:09,588 [c08c50e8-12e3-4a9f-8d07-a31e7885cc60@group-C432D6B1530C-LeaderElection56] INFO  impl.RaftServerImpl (RaftServerImpl.java:setRole(184)) - c08c50e8-12e3-4a9f-8d07-a31e7885cc60@group-C432D6B1530C: changes role from CANDIDATE to FOLLOWER at term 58 for DISCOVERED_A_NEW_TERM
2019-10-16 22:17:09,588 [c08c50e8-12e3-4a9f-8d07-a31e7885cc60@group-C432D6B1530C-LeaderElection56] INFO  impl.RoleInfo (RoleInfo.java:shutdownLeaderElection(134)) - c08c50e8-12e3-4a9f-8d07-a31e7885cc60: shutdown LeaderElection
2019-10-16 22:17:09,588 [c08c50e8-12e3-4a9f-8d07-a31e7885cc60@group-C432D6B1530C-LeaderElection56] INFO  impl.RoleInfo (RoleInfo.java:updateAndGet(143)) - c08c50e8-12e3-4a9f-8d07-a31e7885cc60: start FollowerState
2019-10-16 22:17:09,666 [Thread-825] INFO  impl.FollowerState (FollowerState.java:run(108)) - c08c50e8-12e3-4a9f-8d07-a31e7885cc60@group-C432D6B1530C-FollowerState: change to CANDIDATE, lastRpcTime:77ms, electionTimeout:77ms
2019-10-16 22:17:09,666 [Thread-825] INFO  impl.RoleInfo (RoleInfo.java:shutdownFollowerState(121)) - c08c50e8-12e3-4a9f-8d07-a31e7885cc60: shutdown FollowerState
2019-10-16 22:17:09,666 [Thread-825] INFO  impl.RaftServerImpl (RaftServerImpl.java:setRole(184)) - c08c50e8-12e3-4a9f-8d07-a31e7885cc60@group-C432D6B1530C: changes role from  FOLLOWER to CANDIDATE at term 58 for changeToCandidate
2019-10-16 22:17:09,666 [Thread-825] INFO  impl.RoleInfo (RoleInfo.java:updateAndGet(143)) - c08c50e8-12e3-4a9f-8d07-a31e7885cc60: start LeaderElection
2019-10-16 22:17:09,723 [c08c50e8-12e3-4a9f-8d07-a31e7885cc60@group-C432D6B1530C-LeaderElection57] INFO  impl.LeaderElection (LeaderElection.java:askForVotes(178)) - c08c50e8-12e3-4a9f-8d07-a31e7885cc60@group-C432D6B1530C-LeaderElection57: begin an election at term 59 for -1: [c877b40c-f70f-4e08-bb9d-91bddb5d6847:192.168.34.38:40232, 777be068-7a1c-4abf-ad8d-603801d8ac95:192.168.34.38:35329, c08c50e8-12e3-4a9f-8d07-a31e7885cc60:192.168.34.38:44255], old=null
2019-10-16 22:17:09,726 [grpc-default-executor-2] INFO  impl.RaftServerImpl (RaftServerImpl.java:setRole(184)) - 777be068-7a1c-4abf-ad8d-603801d8ac95@group-C432D6B1530C: changes role from  FOLLOWER to FOLLOWER at term 59 for recognizeCandidate:c08c50e8-12e3-4a9f-8d07-a31e7885cc60
2019-10-16 22:17:09,726 [grpc-default-executor-1] INFO  impl.RaftServerImpl (RaftServerImpl.java:setRole(184)) - c877b40c-f70f-4e08-bb9d-91bddb5d6847@group-C432D6B1530C: changes role from  FOLLOWER to FOLLOWER at term 59 for recognizeCandidate:c08c50e8-12e3-4a9f-8d07-a31e7885cc60
2019-10-16 22:17:09,726 [grpc-default-executor-2] INFO  impl.RoleInfo (RoleInfo.java:shutdownFollowerState(121)) - 777be068-7a1c-4abf-ad8d-603801d8ac95: shutdown FollowerState
2019-10-16 22:17:09,726 [grpc-default-executor-1] INFO  impl.RoleInfo (RoleInfo.java:shutdownFollowerState(121)) - c877b40c-f70f-4e08-bb9d-91bddb5d6847: shutdown FollowerState
2019-10-16 22:17:09,726 [Thread-823] INFO  impl.FollowerState (FollowerState.java:run(117)) - 777be068-7a1c-4abf-ad8d-603801d8ac95@group-C432D6B1530C-FollowerState was interrupted: java.lang.InterruptedException: sleep interrupted
2019-10-16 22:17:09,726 [grpc-default-executor-2] INFO  impl.RoleInfo (RoleInfo.java:updateAndGet(143)) - 777be068-7a1c-4abf-ad8d-603801d8ac95: start FollowerState
2019-10-16 22:17:09,726 [Thread-824] INFO  impl.FollowerState (FollowerState.java:run(117)) - c877b40c-f70f-4e08-bb9d-91bddb5d6847@group-C432D6B1530C-FollowerState was interrupted: java.lang.InterruptedException: sleep interrupted
2019-10-16 22:17:09,726 [grpc-default-executor-1] INFO  impl.RoleInfo (RoleInfo.java:updateAndGet(143)) - c877b40c-f70f-4e08-bb9d-91bddb5d6847: start FollowerState
2019-10-16 22:17:09,743 [c08c50e8-12e3-4a9f-8d07-a31e7885cc60@group-C432D6B1530C-LeaderElection57] INFO  impl.LeaderElection (LeaderElection.java:logAndReturn(56)) - c08c50e8-12e3-4a9f-8d07-a31e7885cc60@group-C432D6B1530C-LeaderElection57: Election REJECTED; received 2 response(s) [c08c50e8-12e3-4a9f-8d07-a31e7885cc60<-c877b40c-f70f-4e08-bb9d-91bddb5d6847#0:FAIL-t59, c08c50e8-12e3-4a9f-8d07-a31e7885cc60<-777be068-7a1c-4abf-ad8d-603801d8ac95#0:FAIL-t59] and 0 exception(s); c08c50e8-12e3-4a9f-8d07-a31e7885cc60@group-C432D6B1530C:t59, leader=null, voted=c08c50e8-12e3-4a9f-8d07-a31e7885cc60, raftlog=c08c50e8-12e3-4a9f-8d07-a31e7885cc60@group-C432D6B1530C-SegmentedRaftLog:OPENED:c-1,f-1,i0, conf=-1: [c877b40c-f70f-4e08-bb9d-91bddb5d6847:192.168.34.38:40232, 777be068-7a1c-4abf-ad8d-603801d8ac95:192.168.34.38:35329, c08c50e8-12e3-4a9f-8d07-a31e7885cc60:192.168.34.38:44255], old=null
2019-10-16 22:17:09,744 [c08c50e8-12e3-4a9f-8d07-a31e7885cc60@group-C432D6B1530C-LeaderElection57] INFO  impl.RaftServerImpl (RaftServerImpl.java:setRole(184)) - c08c50e8-12e3-4a9f-8d07-a31e7885cc60@group-C432D6B1530C: changes role from CANDIDATE to FOLLOWER at term 59 for DISCOVERED_A_NEW_TERM
2019-10-16 22:17:09,744 [c08c50e8-12e3-4a9f-8d07-a31e7885cc60@group-C432D6B1530C-LeaderElection57] INFO  impl.RoleInfo (RoleInfo.java:shutdownLeaderElection(134)) - c08c50e8-12e3-4a9f-8d07-a31e7885cc60: shutdown LeaderElection
2019-10-16 22:17:09,744 [c08c50e8-12e3-4a9f-8d07-a31e7885cc60@group-C432D6B1530C-LeaderElection57] INFO  impl.RoleInfo (RoleInfo.java:updateAndGet(143)) - c08c50e8-12e3-4a9f-8d07-a31e7885cc60: start FollowerState
2019-10-16 22:17:09,854 [Thread-831] INFO  impl.FollowerState (FollowerState.java:run(108)) - c08c50e8-12e3-4a9f-8d07-a31e7885cc60@group-C432D6B1530C-FollowerState: change to CANDIDATE, lastRpcTime:110ms, electionTimeout:110ms
2019-10-16 22:17:09,855 [Thread-831] INFO  impl.RoleInfo (RoleInfo.java:shutdownFollowerState(121)) - c08c50e8-12e3-4a9f-8d07-a31e7885cc60: shutdown FollowerState
2019-10-16 22:17:09,855 [Thread-831] INFO  impl.RaftServerImpl (RaftServerImpl.java:setRole(184)) - c08c50e8-12e3-4a9f-8d07-a31e7885cc60@group-C432D6B1530C: changes role from  FOLLOWER to CANDIDATE at term 59 for changeToCandidate
2019-10-16 22:17:09,855 [Thread-831] INFO  impl.RoleInfo (RoleInfo.java:updateAndGet(143)) - c08c50e8-12e3-4a9f-8d07-a31e7885cc60: start LeaderElection
2019-10-16 22:17:09,869 [c08c50e8-12e3-4a9f-8d07-a31e7885cc60@group-C432D6B1530C-LeaderElection58] INFO  impl.LeaderElection (LeaderElection.java:askForVotes(178)) - c08c50e8-12e3-4a9f-8d07-a31e7885cc60@group-C432D6B1530C-LeaderElection58: begin an election at term 60 for -1: [c877b40c-f70f-4e08-bb9d-91bddb5d6847:192.168.34.38:40232, 777be068-7a1c-4abf-ad8d-603801d8ac95:192.168.34.38:35329, c08c50e8-12e3-4a9f-8d07-a31e7885cc60:192.168.34.38:44255], old=null
2019-10-16 22:17:09,872 [grpc-default-executor-2] INFO  impl.RaftServerImpl (RaftServerImpl.java:setRole(184)) - 777be068-7a1c-4abf-ad8d-603801d8ac95@group-C432D6B1530C: changes role from  FOLLOWER to FOLLOWER at term 60 for recognizeCandidate:c08c50e8-12e3-4a9f-8d07-a31e7885cc60
2019-10-16 22:17:09,872 [grpc-default-executor-1] INFO  impl.RaftServerImpl (RaftServerImpl.java:setRole(184)) - c877b40c-f70f-4e08-bb9d-91bddb5d6847@group-C432D6B1530C: changes role from  FOLLOWER to FOLLOWER at term 60 for recognizeCandidate:c08c50e8-12e3-4a9f-8d07-a31e7885cc60
2019-10-16 22:17:09,872 [grpc-default-executor-2] INFO  impl.RoleInfo (RoleInfo.java:shutdownFollowerState(121)) - 777be068-7a1c-4abf-ad8d-603801d8ac95: shutdown FollowerState
2019-10-16 22:17:09,872 [grpc-default-executor-1] INFO  impl.RoleInfo (RoleInfo.java:shutdownFollowerState(121)) - c877b40c-f70f-4e08-bb9d-91bddb5d6847: shutdown FollowerState
2019-10-16 22:17:09,872 [Thread-829] INFO  impl.FollowerState (FollowerState.java:run(117)) - 777be068-7a1c-4abf-ad8d-603801d8ac95@group-C432D6B1530C-FollowerState was interrupted: java.lang.InterruptedException: sleep interrupted
2019-10-16 22:17:09,872 [grpc-default-executor-2] INFO  impl.RoleInfo (RoleInfo.java:updateAndGet(143)) - 777be068-7a1c-4abf-ad8d-603801d8ac95: start FollowerState
2019-10-16 22:17:09,872 [Thread-830] INFO  impl.FollowerState (FollowerState.java:run(117)) - c877b40c-f70f-4e08-bb9d-91bddb5d6847@group-C432D6B1530C-FollowerState was interrupted: java.lang.InterruptedException: sleep interrupted
2019-10-16 22:17:09,872 [grpc-default-executor-1] INFO  impl.RoleInfo (RoleInfo.java:updateAndGet(143)) - c877b40c-f70f-4e08-bb9d-91bddb5d6847: start FollowerState
2019-10-16 22:17:09,888 [c08c50e8-12e3-4a9f-8d07-a31e7885cc60@group-C432D6B1530C-LeaderElection58] INFO  impl.LeaderElection (LeaderElection.java:logAndReturn(56)) - c08c50e8-12e3-4a9f-8d07-a31e7885cc60@group-C432D6B1530C-LeaderElection58: Election REJECTED; received 2 response(s) [c08c50e8-12e3-4a9f-8d07-a31e7885cc60<-c877b40c-f70f-4e08-bb9d-91bddb5d6847#0:FAIL-t60, c08c50e8-12e3-4a9f-8d07-a31e7885cc60<-777be068-7a1c-4abf-ad8d-603801d8ac95#0:FAIL-t60] and 0 exception(s); c08c50e8-12e3-4a9f-8d07-a31e7885cc60@group-C432D6B1530C:t60, leader=null, voted=c08c50e8-12e3-4a9f-8d07-a31e7885cc60, raftlog=c08c50e8-12e3-4a9f-8d07-a31e7885cc60@group-C432D6B1530C-SegmentedRaftLog:OPENED:c-1,f-1,i0, conf=-1: [c877b40c-f70f-4e08-bb9d-91bddb5d6847:192.168.34.38:40232, 777be068-7a1c-4abf-ad8d-603801d8ac95:192.168.34.38:35329, c08c50e8-12e3-4a9f-8d07-a31e7885cc60:192.168.34.38:44255], old=null
2019-10-16 22:17:09,888 [c08c50e8-12e3-4a9f-8d07-a31e7885cc60@group-C432D6B1530C-LeaderElection58] INFO  impl.RaftServerImpl (RaftServerImpl.java:setRole(184)) - c08c50e8-12e3-4a9f-8d07-a31e7885cc60@group-C432D6B1530C: changes role from CANDIDATE to FOLLOWER at term 60 for DISCOVERED_A_NEW_TERM
2019-10-16 22:17:09,888 [c08c50e8-12e3-4a9f-8d07-a31e7885cc60@group-C432D6B1530C-LeaderElection58] INFO  impl.RoleInfo (RoleInfo.java:shutdownLeaderElection(134)) - c08c50e8-12e3-4a9f-8d07-a31e7885cc60: shutdown LeaderElection
2019-10-16 22:17:09,888 [c08c50e8-12e3-4a9f-8d07-a31e7885cc60@group-C432D6B1530C-LeaderElection58] INFO  impl.RoleInfo (RoleInfo.java:updateAndGet(143)) - c08c50e8-12e3-4a9f-8d07-a31e7885cc60: start FollowerState
2019-10-16 22:17:09,925 [Thread-837] INFO  impl.FollowerState (FollowerState.java:run(108)) - c08c50e8-12e3-4a9f-8d07-a31e7885cc60@group-C432D6B1530C-FollowerState: change to CANDIDATE, lastRpcTime:36ms, electionTimeout:36ms
2019-10-16 22:17:09,925 [Thread-837] INFO  impl.RoleInfo (RoleInfo.java:shutdownFollowerState(121)) - c08c50e8-12e3-4a9f-8d07-a31e7885cc60: shutdown FollowerState
2019-10-16 22:17:09,925 [Thread-837] INFO  impl.RaftServerImpl (RaftServerImpl.java:setRole(184)) - c08c50e8-12e3-4a9f-8d07-a31e7885cc60@group-C432D6B1530C: changes role from  FOLLOWER to CANDIDATE at term 60 for changeToCandidate
2019-10-16 22:17:09,925 [Thread-837] INFO  impl.RoleInfo (RoleInfo.java:updateAndGet(143)) - c08c50e8-12e3-4a9f-8d07-a31e7885cc60: start LeaderElection
2019-10-16 22:17:09,954 [c08c50e8-12e3-4a9f-8d07-a31e7885cc60@group-C432D6B1530C-LeaderElection59] INFO  impl.LeaderElection (LeaderElection.java:askForVotes(178)) - c08c50e8-12e3-4a9f-8d07-a31e7885cc60@group-C432D6B1530C-LeaderElection59: begin an election at term 61 for -1: [c877b40c-f70f-4e08-bb9d-91bddb5d6847:192.168.34.38:40232, 777be068-7a1c-4abf-ad8d-603801d8ac95:192.168.34.38:35329, c08c50e8-12e3-4a9f-8d07-a31e7885cc60:192.168.34.38:44255], old=null
2019-10-16 22:17:09,957 [grpc-default-executor-1] INFO  impl.RaftServerImpl (RaftServerImpl.java:setRole(184)) - c877b40c-f70f-4e08-bb9d-91bddb5d6847@group-C432D6B1530C: changes role from  FOLLOWER to FOLLOWER at term 61 for recognizeCandidate:c08c50e8-12e3-4a9f-8d07-a31e7885cc60
2019-10-16 22:17:09,957 [grpc-default-executor-2] INFO  impl.RaftServerImpl (RaftServerImpl.java:setRole(184)) - 777be068-7a1c-4abf-ad8d-603801d8ac95@group-C432D6B1530C: changes role from  FOLLOWER to FOLLOWER at term 61 for recognizeCandidate:c08c50e8-12e3-4a9f-8d07-a31e7885cc60
2019-10-16 22:17:09,958 [grpc-default-executor-1] INFO  impl.RoleInfo (RoleInfo.java:shutdownFollowerState(121)) - c877b40c-f70f-4e08-bb9d-91bddb5d6847: shutdown FollowerState
2019-10-16 22:17:09,958 [grpc-default-executor-2] INFO  impl.RoleInfo (RoleInfo.java:shutdownFollowerState(121)) - 777be068-7a1c-4abf-ad8d-603801d8ac95: shutdown FollowerState
2019-10-16 22:17:09,958 [grpc-default-executor-1] INFO  impl.RoleInfo (RoleInfo.java:updateAndGet(143)) - c877b40c-f70f-4e08-bb9d-91bddb5d6847: start FollowerState
2019-10-16 22:17:09,958 [Thread-835] INFO  impl.FollowerState (FollowerState.java:run(117)) - 777be068-7a1c-4abf-ad8d-603801d8ac95@group-C432D6B1530C-FollowerState was interrupted: java.lang.InterruptedException: sleep interrupted
2019-10-16 22:17:09,958 [Thread-836] INFO  impl.FollowerState (FollowerState.java:run(117)) - c877b40c-f70f-4e08-bb9d-91bddb5d6847@group-C432D6B1530C-FollowerState was interrupted: java.lang.InterruptedException: sleep interrupted
2019-10-16 22:17:09,958 [grpc-default-executor-2] INFO  impl.RoleInfo (RoleInfo.java:updateAndGet(143)) - 777be068-7a1c-4abf-ad8d-603801d8ac95: start FollowerState
2019-10-16 22:17:09,975 [c08c50e8-12e3-4a9f-8d07-a31e7885cc60@group-C432D6B1530C-LeaderElection59] INFO  impl.LeaderElection (LeaderElection.java:logAndReturn(56)) - c08c50e8-12e3-4a9f-8d07-a31e7885cc60@group-C432D6B1530C-LeaderElection59: Election REJECTED; received 2 response(s) [c08c50e8-12e3-4a9f-8d07-a31e7885cc60<-c877b40c-f70f-4e08-bb9d-91bddb5d6847#0:FAIL-t61, c08c50e8-12e3-4a9f-8d07-a31e7885cc60<-777be068-7a1c-4abf-ad8d-603801d8ac95#0:FAIL-t61] and 0 exception(s); c08c50e8-12e3-4a9f-8d07-a31e7885cc60@group-C432D6B1530C:t61, leader=null, voted=c08c50e8-12e3-4a9f-8d07-a31e7885cc60, raftlog=c08c50e8-12e3-4a9f-8d07-a31e7885cc60@group-C432D6B1530C-SegmentedRaftLog:OPENED:c-1,f-1,i0, conf=-1: [c877b40c-f70f-4e08-bb9d-91bddb5d6847:192.168.34.38:40232, 777be068-7a1c-4abf-ad8d-603801d8ac95:192.168.34.38:35329, c08c50e8-12e3-4a9f-8d07-a31e7885cc60:192.168.34.38:44255], old=null
2019-10-16 22:17:09,976 [c08c50e8-12e3-4a9f-8d07-a31e7885cc60@group-C432D6B1530C-LeaderElection59] INFO  impl.RaftServerImpl (RaftServerImpl.java:setRole(184)) - c08c50e8-12e3-4a9f-8d07-a31e7885cc60@group-C432D6B1530C: changes role from CANDIDATE to FOLLOWER at term 61 for DISCOVERED_A_NEW_TERM
2019-10-16 22:17:09,976 [c08c50e8-12e3-4a9f-8d07-a31e7885cc60@group-C432D6B1530C-LeaderElection59] INFO  impl.RoleInfo (RoleInfo.java:shutdownLeaderElection(134)) - c08c50e8-12e3-4a9f-8d07-a31e7885cc60: shutdown LeaderElection
2019-10-16 22:17:09,976 [c08c50e8-12e3-4a9f-8d07-a31e7885cc60@group-C432D6B1530C-LeaderElection59] INFO  impl.RoleInfo (RoleInfo.java:updateAndGet(143)) - c08c50e8-12e3-4a9f-8d07-a31e7885cc60: start FollowerState
2019-10-16 22:17:10,174 [Thread-843] INFO  impl.FollowerState (FollowerState.java:run(108)) - c08c50e8-12e3-4a9f-8d07-a31e7885cc60@group-C432D6B1530C-FollowerState: change to CANDIDATE, lastRpcTime:198ms, electionTimeout:198ms
2019-10-16 22:17:10,175 [Thread-843] INFO  impl.RoleInfo (RoleInfo.java:shutdownFollowerState(121)) - c08c50e8-12e3-4a9f-8d07-a31e7885cc60: shutdown FollowerState
2019-10-16 22:17:10,175 [Thread-843] INFO  impl.RaftServerImpl (RaftServerImpl.java:setRole(184)) - c08c50e8-12e3-4a9f-8d07-a31e7885cc60@group-C432D6B1530C: changes role from  FOLLOWER to CANDIDATE at term 61 for changeToCandidate
2019-10-16 22:17:10,175 [Thread-843] INFO  impl.RoleInfo (RoleInfo.java:updateAndGet(143)) - c08c50e8-12e3-4a9f-8d07-a31e7885cc60: start LeaderElection
2019-10-16 22:17:10,181 [c08c50e8-12e3-4a9f-8d07-a31e7885cc60@group-C432D6B1530C-LeaderElection60] INFO  impl.LeaderElection (LeaderElection.java:askForVotes(178)) - c08c50e8-12e3-4a9f-8d07-a31e7885cc60@group-C432D6B1530C-LeaderElection60: begin an election at term 62 for -1: [c877b40c-f70f-4e08-bb9d-91bddb5d6847:192.168.34.38:40232, 777be068-7a1c-4abf-ad8d-603801d8ac95:192.168.34.38:35329, c08c50e8-12e3-4a9f-8d07-a31e7885cc60:192.168.34.38:44255], old=null
2019-10-16 22:17:10,184 [grpc-default-executor-1] INFO  impl.RaftServerImpl (RaftServerImpl.java:setRole(184)) - 777be068-7a1c-4abf-ad8d-603801d8ac95@group-C432D6B1530C: changes role from  FOLLOWER to FOLLOWER at term 62 for recognizeCandidate:c08c50e8-12e3-4a9f-8d07-a31e7885cc60
2019-10-16 22:17:10,185 [grpc-default-executor-1] INFO  impl.RoleInfo (RoleInfo.java:shutdownFollowerState(121)) - 777be068-7a1c-4abf-ad8d-603801d8ac95: shutdown FollowerState
2019-10-16 22:17:10,184 [grpc-default-executor-2] INFO  impl.RaftServerImpl (RaftServerImpl.java:setRole(184)) - c877b40c-f70f-4e08-bb9d-91bddb5d6847@group-C432D6B1530C: changes role from  FOLLOWER to FOLLOWER at term 62 for recognizeCandidate:c08c50e8-12e3-4a9f-8d07-a31e7885cc60
2019-10-16 22:17:10,185 [Thread-842] INFO  impl.FollowerState (FollowerState.java:run(117)) - 777be068-7a1c-4abf-ad8d-603801d8ac95@group-C432D6B1530C-FollowerState was interrupted: java.lang.InterruptedException: sleep interrupted
2019-10-16 22:17:10,185 [grpc-default-executor-1] INFO  impl.RoleInfo (RoleInfo.java:updateAndGet(143)) - 777be068-7a1c-4abf-ad8d-603801d8ac95: start FollowerState
2019-10-16 22:17:10,185 [grpc-default-executor-2] INFO  impl.RoleInfo (RoleInfo.java:shutdownFollowerState(121)) - c877b40c-f70f-4e08-bb9d-91bddb5d6847: shutdown FollowerState
2019-10-16 22:17:10,186 [grpc-default-executor-2] INFO  impl.RoleInfo (RoleInfo.java:updateAndGet(143)) - c877b40c-f70f-4e08-bb9d-91bddb5d6847: start FollowerState
2019-10-16 22:17:10,186 [Thread-841] INFO  impl.FollowerState (FollowerState.java:run(117)) - c877b40c-f70f-4e08-bb9d-91bddb5d6847@group-C432D6B1530C-FollowerState was interrupted: java.lang.InterruptedException: sleep interrupted
2019-10-16 22:17:10,206 [c08c50e8-12e3-4a9f-8d07-a31e7885cc60@group-C432D6B1530C-LeaderElection60] INFO  impl.LeaderElection (LeaderElection.java:logAndReturn(56)) - c08c50e8-12e3-4a9f-8d07-a31e7885cc60@group-C432D6B1530C-LeaderElection60: Election REJECTED; received 2 response(s) [c08c50e8-12e3-4a9f-8d07-a31e7885cc60<-c877b40c-f70f-4e08-bb9d-91bddb5d6847#0:FAIL-t62, c08c50e8-12e3-4a9f-8d07-a31e7885cc60<-777be068-7a1c-4abf-ad8d-603801d8ac95#0:FAIL-t62] and 0 exception(s); c08c50e8-12e3-4a9f-8d07-a31e7885cc60@group-C432D6B1530C:t62, leader=null, voted=c08c50e8-12e3-4a9f-8d07-a31e7885cc60, raftlog=c08c50e8-12e3-4a9f-8d07-a31e7885cc60@group-C432D6B1530C-SegmentedRaftLog:OPENED:c-1,f-1,i0, conf=-1: [c877b40c-f70f-4e08-bb9d-91bddb5d6847:192.168.34.38:40232, 777be068-7a1c-4abf-ad8d-603801d8ac95:192.168.34.38:35329, c08c50e8-12e3-4a9f-8d07-a31e7885cc60:192.168.34.38:44255], old=null
2019-10-16 22:17:10,206 [c08c50e8-12e3-4a9f-8d07-a31e7885cc60@group-C432D6B1530C-LeaderElection60] INFO  impl.RaftServerImpl (RaftServerImpl.java:setRole(184)) - c08c50e8-12e3-4a9f-8d07-a31e7885cc60@group-C432D6B1530C: changes role from CANDIDATE to FOLLOWER at term 62 for DISCOVERED_A_NEW_TERM
2019-10-16 22:17:10,206 [c08c50e8-12e3-4a9f-8d07-a31e7885cc60@group-C432D6B1530C-LeaderElection60] INFO  impl.RoleInfo (RoleInfo.java:shutdownLeaderElection(134)) - c08c50e8-12e3-4a9f-8d07-a31e7885cc60: shutdown LeaderElection
2019-10-16 22:17:10,207 [c08c50e8-12e3-4a9f-8d07-a31e7885cc60@group-C432D6B1530C-LeaderElection60] INFO  impl.RoleInfo (RoleInfo.java:updateAndGet(143)) - c08c50e8-12e3-4a9f-8d07-a31e7885cc60: start FollowerState
2019-10-16 22:17:10,347 [Thread-849] INFO  impl.FollowerState (FollowerState.java:run(108)) - c08c50e8-12e3-4a9f-8d07-a31e7885cc60@group-C432D6B1530C-FollowerState: change to CANDIDATE, lastRpcTime:140ms, electionTimeout:140ms
2019-10-16 22:17:10,347 [Thread-849] INFO  impl.RoleInfo (RoleInfo.java:shutdownFollowerState(121)) - c08c50e8-12e3-4a9f-8d07-a31e7885cc60: shutdown FollowerState
2019-10-16 22:17:10,347 [Thread-849] INFO  impl.RaftServerImpl (RaftServerImpl.java:setRole(184)) - c08c50e8-12e3-4a9f-8d07-a31e7885cc60@group-C432D6B1530C: changes role from  FOLLOWER to CANDIDATE at term 62 for changeToCandidate
2019-10-16 22:17:10,348 [Thread-849] INFO  impl.RoleInfo (RoleInfo.java:updateAndGet(143)) - c08c50e8-12e3-4a9f-8d07-a31e7885cc60: start LeaderElection
2019-10-16 22:17:10,356 [c08c50e8-12e3-4a9f-8d07-a31e7885cc60@group-C432D6B1530C-LeaderElection61] INFO  impl.LeaderElection (LeaderElection.java:askForVotes(178)) - c08c50e8-12e3-4a9f-8d07-a31e7885cc60@group-C432D6B1530C-LeaderElection61: begin an election at term 63 for -1: [c877b40c-f70f-4e08-bb9d-91bddb5d6847:192.168.34.38:40232, 777be068-7a1c-4abf-ad8d-603801d8ac95:192.168.34.38:35329, c08c50e8-12e3-4a9f-8d07-a31e7885cc60:192.168.34.38:44255], old=null
2019-10-16 22:17:10,359 [grpc-default-executor-1] INFO  impl.RaftServerImpl (RaftServerImpl.java:setRole(184)) - c877b40c-f70f-4e08-bb9d-91bddb5d6847@group-C432D6B1530C: changes role from  FOLLOWER to FOLLOWER at term 63 for recognizeCandidate:c08c50e8-12e3-4a9f-8d07-a31e7885cc60
2019-10-16 22:17:10,359 [grpc-default-executor-1] INFO  impl.RoleInfo (RoleInfo.java:shutdownFollowerState(121)) - c877b40c-f70f-4e08-bb9d-91bddb5d6847: shutdown FollowerState
2019-10-16 22:17:10,359 [grpc-default-executor-1] INFO  impl.RoleInfo (RoleInfo.java:updateAndGet(143)) - c877b40c-f70f-4e08-bb9d-91bddb5d6847: start FollowerState
2019-10-16 22:17:10,359 [Thread-848] INFO  impl.FollowerState (FollowerState.java:run(117)) - c877b40c-f70f-4e08-bb9d-91bddb5d6847@group-C432D6B1530C-FollowerState was interrupted: java.lang.InterruptedException: sleep interrupted
2019-10-16 22:17:10,359 [grpc-default-executor-2] INFO  impl.RaftServerImpl (RaftServerImpl.java:setRole(184)) - 777be068-7a1c-4abf-ad8d-603801d8ac95@group-C432D6B1530C: changes role from  FOLLOWER to FOLLOWER at term 63 for recognizeCandidate:c08c50e8-12e3-4a9f-8d07-a31e7885cc60
2019-10-16 22:17:10,359 [grpc-default-executor-2] INFO  impl.RoleInfo (RoleInfo.java:shutdownFollowerState(121)) - 777be068-7a1c-4abf-ad8d-603801d8ac95: shutdown FollowerState
2019-10-16 22:17:10,360 [grpc-default-executor-2] INFO  impl.RoleInfo (RoleInfo.java:updateAndGet(143)) - 777be068-7a1c-4abf-ad8d-603801d8ac95: start FollowerState
2019-10-16 22:17:10,360 [Thread-847] INFO  impl.FollowerState (FollowerState.java:run(117)) - 777be068-7a1c-4abf-ad8d-603801d8ac95@group-C432D6B1530C-FollowerState was interrupted: java.lang.InterruptedException: sleep interrupted
2019-10-16 22:17:10,438 [c08c50e8-12e3-4a9f-8d07-a31e7885cc60@group-C432D6B1530C-LeaderElection61] INFO  impl.LeaderElection (LeaderElection.java:logAndReturn(56)) - c08c50e8-12e3-4a9f-8d07-a31e7885cc60@group-C432D6B1530C-LeaderElection61: Election TIMEOUT; received 0 response(s) [] and 0 exception(s); c08c50e8-12e3-4a9f-8d07-a31e7885cc60@group-C432D6B1530C:t63, leader=null, voted=c08c50e8-12e3-4a9f-8d07-a31e7885cc60, raftlog=c08c50e8-12e3-4a9f-8d07-a31e7885cc60@group-C432D6B1530C-SegmentedRaftLog:OPENED:c-1,f-1,i0, conf=-1: [c877b40c-f70f-4e08-bb9d-91bddb5d6847:192.168.34.38:40232, 777be068-7a1c-4abf-ad8d-603801d8ac95:192.168.34.38:35329, c08c50e8-12e3-4a9f-8d07-a31e7885cc60:192.168.34.38:44255], old=null
2019-10-16 22:17:10,474 [c08c50e8-12e3-4a9f-8d07-a31e7885cc60@group-C432D6B1530C-LeaderElection61] INFO  impl.LeaderElection (LeaderElection.java:askForVotes(178)) - c08c50e8-12e3-4a9f-8d07-a31e7885cc60@group-C432D6B1530C-LeaderElection61: begin an election at term 64 for -1: [c877b40c-f70f-4e08-bb9d-91bddb5d6847:192.168.34.38:40232, 777be068-7a1c-4abf-ad8d-603801d8ac95:192.168.34.38:35329, c08c50e8-12e3-4a9f-8d07-a31e7885cc60:192.168.34.38:44255], old=null
2019-10-16 22:17:10,476 [grpc-default-executor-2] INFO  impl.RaftServerImpl (RaftServerImpl.java:setRole(184)) - 777be068-7a1c-4abf-ad8d-603801d8ac95@group-C432D6B1530C: changes role from  FOLLOWER to FOLLOWER at term 64 for recognizeCandidate:c08c50e8-12e3-4a9f-8d07-a31e7885cc60
2019-10-16 22:17:10,476 [grpc-default-executor-1] INFO  impl.RaftServerImpl (RaftServerImpl.java:setRole(184)) - c877b40c-f70f-4e08-bb9d-91bddb5d6847@group-C432D6B1530C: changes role from  FOLLOWER to FOLLOWER at term 64 for recognizeCandidate:c08c50e8-12e3-4a9f-8d07-a31e7885cc60
2019-10-16 22:17:10,477 [grpc-default-executor-2] INFO  impl.RoleInfo (RoleInfo.java:shutdownFollowerState(121)) - 777be068-7a1c-4abf-ad8d-603801d8ac95: shutdown FollowerState
2019-10-16 22:17:10,477 [grpc-default-executor-1] INFO  impl.RoleInfo (RoleInfo.java:shutdownFollowerState(121)) - c877b40c-f70f-4e08-bb9d-91bddb5d6847: shutdown FollowerState
2019-10-16 22:17:10,477 [Thread-854] INFO  impl.FollowerState (FollowerState.java:run(117)) - 777be068-7a1c-4abf-ad8d-603801d8ac95@group-C432D6B1530C-FollowerState was interrupted: java.lang.InterruptedException: sleep interrupted
2019-10-16 22:17:10,477 [grpc-default-executor-2] INFO  impl.RoleInfo (RoleInfo.java:updateAndGet(143)) - 777be068-7a1c-4abf-ad8d-603801d8ac95: start FollowerState
2019-10-16 22:17:10,477 [Thread-853] INFO  impl.FollowerState (FollowerState.java:run(117)) - c877b40c-f70f-4e08-bb9d-91bddb5d6847@group-C432D6B1530C-FollowerState was interrupted: java.lang.InterruptedException: sleep interrupted
2019-10-16 22:17:10,477 [grpc-default-executor-1] INFO  impl.RoleInfo (RoleInfo.java:updateAndGet(143)) - c877b40c-f70f-4e08-bb9d-91bddb5d6847: start FollowerState
2019-10-16 22:17:10,528 [c08c50e8-12e3-4a9f-8d07-a31e7885cc60@group-C432D6B1530C-LeaderElection61] INFO  impl.LeaderElection (LeaderElection.java:logAndReturn(56)) - c08c50e8-12e3-4a9f-8d07-a31e7885cc60@group-C432D6B1530C-LeaderElection61: Election REJECTED; received 2 response(s) [c08c50e8-12e3-4a9f-8d07-a31e7885cc60<-c877b40c-f70f-4e08-bb9d-91bddb5d6847#0:FAIL-t64, c08c50e8-12e3-4a9f-8d07-a31e7885cc60<-777be068-7a1c-4abf-ad8d-603801d8ac95#0:FAIL-t64] and 0 exception(s); c08c50e8-12e3-4a9f-8d07-a31e7885cc60@group-C432D6B1530C:t64, leader=null, voted=c08c50e8-12e3-4a9f-8d07-a31e7885cc60, raftlog=c08c50e8-12e3-4a9f-8d07-a31e7885cc60@group-C432D6B1530C-SegmentedRaftLog:OPENED:c-1,f-1,i0, conf=-1: [c877b40c-f70f-4e08-bb9d-91bddb5d6847:192.168.34.38:40232, 777be068-7a1c-4abf-ad8d-603801d8ac95:192.168.34.38:35329, c08c50e8-12e3-4a9f-8d07-a31e7885cc60:192.168.34.38:44255], old=null
2019-10-16 22:17:10,529 [c08c50e8-12e3-4a9f-8d07-a31e7885cc60@group-C432D6B1530C-LeaderElection61] INFO  impl.RaftServerImpl (RaftServerImpl.java:setRole(184)) - c08c50e8-12e3-4a9f-8d07-a31e7885cc60@group-C432D6B1530C: changes role from CANDIDATE to FOLLOWER at term 64 for DISCOVERED_A_NEW_TERM
2019-10-16 22:17:10,529 [c08c50e8-12e3-4a9f-8d07-a31e7885cc60@group-C432D6B1530C-LeaderElection61] INFO  impl.RoleInfo (RoleInfo.java:shutdownLeaderElection(134)) - c08c50e8-12e3-4a9f-8d07-a31e7885cc60: shutdown LeaderElection
2019-10-16 22:17:10,529 [c08c50e8-12e3-4a9f-8d07-a31e7885cc60@group-C432D6B1530C-LeaderElection61] INFO  impl.RoleInfo (RoleInfo.java:updateAndGet(143)) - c08c50e8-12e3-4a9f-8d07-a31e7885cc60: start FollowerState
2019-10-16 22:17:10,611 [Thread-859] INFO  impl.FollowerState (FollowerState.java:run(108)) - c08c50e8-12e3-4a9f-8d07-a31e7885cc60@group-C432D6B1530C-FollowerState: change to CANDIDATE, lastRpcTime:81ms, electionTimeout:81ms
2019-10-16 22:17:10,611 [Thread-859] INFO  impl.RoleInfo (RoleInfo.java:shutdownFollowerState(121)) - c08c50e8-12e3-4a9f-8d07-a31e7885cc60: shutdown FollowerState
2019-10-16 22:17:10,611 [Thread-859] INFO  impl.RaftServerImpl (RaftServerImpl.java:setRole(184)) - c08c50e8-12e3-4a9f-8d07-a31e7885cc60@group-C432D6B1530C: changes role from  FOLLOWER to CANDIDATE at term 64 for changeToCandidate
2019-10-16 22:17:10,611 [Thread-859] INFO  impl.RoleInfo (RoleInfo.java:updateAndGet(143)) - c08c50e8-12e3-4a9f-8d07-a31e7885cc60: start LeaderElection
2019-10-16 22:17:10,620 [c08c50e8-12e3-4a9f-8d07-a31e7885cc60@group-C432D6B1530C-LeaderElection62] INFO  impl.LeaderElection (LeaderElection.java:askForVotes(178)) - c08c50e8-12e3-4a9f-8d07-a31e7885cc60@group-C432D6B1530C-LeaderElection62: begin an election at term 65 for -1: [c877b40c-f70f-4e08-bb9d-91bddb5d6847:192.168.34.38:40232, 777be068-7a1c-4abf-ad8d-603801d8ac95:192.168.34.38:35329, c08c50e8-12e3-4a9f-8d07-a31e7885cc60:192.168.34.38:44255], old=null
2019-10-16 22:17:10,622 [grpc-default-executor-2] INFO  impl.RaftServerImpl (RaftServerImpl.java:setRole(184)) - 777be068-7a1c-4abf-ad8d-603801d8ac95@group-C432D6B1530C: changes role from  FOLLOWER to FOLLOWER at term 65 for recognizeCandidate:c08c50e8-12e3-4a9f-8d07-a31e7885cc60
2019-10-16 22:17:10,623 [grpc-default-executor-2] INFO  impl.RoleInfo (RoleInfo.java:shutdownFollowerState(121)) - 777be068-7a1c-4abf-ad8d-603801d8ac95: shutdown FollowerState
2019-10-16 22:17:10,623 [grpc-default-executor-1] INFO  impl.RaftServerImpl (RaftServerImpl.java:setRole(184)) - c877b40c-f70f-4e08-bb9d-91bddb5d6847@group-C432D6B1530C: changes role from  FOLLOWER to FOLLOWER at term 65 for recognizeCandidate:c08c50e8-12e3-4a9f-8d07-a31e7885cc60
2019-10-16 22:17:10,623 [Thread-857] INFO  impl.FollowerState (FollowerState.java:run(117)) - 777be068-7a1c-4abf-ad8d-603801d8ac95@group-C432D6B1530C-FollowerState was interrupted: java.lang.InterruptedException: sleep interrupted
2019-10-16 22:17:10,623 [grpc-default-executor-2] INFO  impl.RoleInfo (RoleInfo.java:updateAndGet(143)) - 777be068-7a1c-4abf-ad8d-603801d8ac95: start FollowerState
2019-10-16 22:17:10,623 [grpc-default-executor-1] INFO  impl.RoleInfo (RoleInfo.java:shutdownFollowerState(121)) - c877b40c-f70f-4e08-bb9d-91bddb5d6847: shutdown FollowerState
2019-10-16 22:17:10,623 [grpc-default-executor-1] INFO  impl.RoleInfo (RoleInfo.java:updateAndGet(143)) - c877b40c-f70f-4e08-bb9d-91bddb5d6847: start FollowerState
2019-10-16 22:17:10,624 [Thread-858] INFO  impl.FollowerState (FollowerState.java:run(117)) - c877b40c-f70f-4e08-bb9d-91bddb5d6847@group-C432D6B1530C-FollowerState was interrupted: java.lang.InterruptedException: sleep interrupted
2019-10-16 22:17:10,631 [c08c50e8-12e3-4a9f-8d07-a31e7885cc60@group-C432D6B1530C-LeaderElection62] INFO  impl.LeaderElection (LeaderElection.java:logAndReturn(56)) - c08c50e8-12e3-4a9f-8d07-a31e7885cc60@group-C432D6B1530C-LeaderElection62: Election REJECTED; received 2 response(s) [c08c50e8-12e3-4a9f-8d07-a31e7885cc60<-c877b40c-f70f-4e08-bb9d-91bddb5d6847#0:FAIL-t65, c08c50e8-12e3-4a9f-8d07-a31e7885cc60<-777be068-7a1c-4abf-ad8d-603801d8ac95#0:FAIL-t65] and 0 exception(s); c08c50e8-12e3-4a9f-8d07-a31e7885cc60@group-C432D6B1530C:t65, leader=null, voted=c08c50e8-12e3-4a9f-8d07-a31e7885cc60, raftlog=c08c50e8-12e3-4a9f-8d07-a31e7885cc60@group-C432D6B1530C-SegmentedRaftLog:OPENED:c-1,f-1,i0, conf=-1: [c877b40c-f70f-4e08-bb9d-91bddb5d6847:192.168.34.38:40232, 777be068-7a1c-4abf-ad8d-603801d8ac95:192.168.34.38:35329, c08c50e8-12e3-4a9f-8d07-a31e7885cc60:192.168.34.38:44255], old=null
2019-10-16 22:17:10,631 [c08c50e8-12e3-4a9f-8d07-a31e7885cc60@group-C432D6B1530C-LeaderElection62] INFO  impl.RaftServerImpl (RaftServerImpl.java:setRole(184)) - c08c50e8-12e3-4a9f-8d07-a31e7885cc60@group-C432D6B1530C: changes role from CANDIDATE to FOLLOWER at term 65 for DISCOVERED_A_NEW_TERM
2019-10-16 22:17:10,631 [c08c50e8-12e3-4a9f-8d07-a31e7885cc60@group-C432D6B1530C-LeaderElection62] INFO  impl.RoleInfo (RoleInfo.java:shutdownLeaderElection(134)) - c08c50e8-12e3-4a9f-8d07-a31e7885cc60: shutdown LeaderElection
2019-10-16 22:17:10,631 [c08c50e8-12e3-4a9f-8d07-a31e7885cc60@group-C432D6B1530C-LeaderElection62] INFO  impl.RoleInfo (RoleInfo.java:updateAndGet(143)) - c08c50e8-12e3-4a9f-8d07-a31e7885cc60: start FollowerState
2019-10-16 22:17:10,748 [Thread-865] INFO  impl.FollowerState (FollowerState.java:run(108)) - c08c50e8-12e3-4a9f-8d07-a31e7885cc60@group-C432D6B1530C-FollowerState: change to CANDIDATE, lastRpcTime:116ms, electionTimeout:116ms
2019-10-16 22:17:10,748 [Thread-865] INFO  impl.RoleInfo (RoleInfo.java:shutdownFollowerState(121)) - c08c50e8-12e3-4a9f-8d07-a31e7885cc60: shutdown FollowerState
2019-10-16 22:17:10,748 [Thread-865] INFO  impl.RaftServerImpl (RaftServerImpl.java:setRole(184)) - c08c50e8-12e3-4a9f-8d07-a31e7885cc60@group-C432D6B1530C: changes role from  FOLLOWER to CANDIDATE at term 65 for changeToCandidate
2019-10-16 22:17:10,748 [Thread-865] INFO  impl.RoleInfo (RoleInfo.java:updateAndGet(143)) - c08c50e8-12e3-4a9f-8d07-a31e7885cc60: start LeaderElection
2019-10-16 22:17:10,814 [c08c50e8-12e3-4a9f-8d07-a31e7885cc60@group-C432D6B1530C-LeaderElection63] INFO  impl.LeaderElection (LeaderElection.java:askForVotes(178)) - c08c50e8-12e3-4a9f-8d07-a31e7885cc60@group-C432D6B1530C-LeaderElection63: begin an election at term 66 for -1: [c877b40c-f70f-4e08-bb9d-91bddb5d6847:192.168.34.38:40232, 777be068-7a1c-4abf-ad8d-603801d8ac95:192.168.34.38:35329, c08c50e8-12e3-4a9f-8d07-a31e7885cc60:192.168.34.38:44255], old=null
2019-10-16 22:17:10,817 [grpc-default-executor-1] INFO  impl.RaftServerImpl (RaftServerImpl.java:setRole(184)) - 777be068-7a1c-4abf-ad8d-603801d8ac95@group-C432D6B1530C: changes role from  FOLLOWER to FOLLOWER at term 66 for recognizeCandidate:c08c50e8-12e3-4a9f-8d07-a31e7885cc60
2019-10-16 22:17:10,817 [grpc-default-executor-2] INFO  impl.RaftServerImpl (RaftServerImpl.java:setRole(184)) - c877b40c-f70f-4e08-bb9d-91bddb5d6847@group-C432D6B1530C: changes role from  FOLLOWER to FOLLOWER at term 66 for recognizeCandidate:c08c50e8-12e3-4a9f-8d07-a31e7885cc60
2019-10-16 22:17:10,818 [grpc-default-executor-1] INFO  impl.RoleInfo (RoleInfo.java:shutdownFollowerState(121)) - 777be068-7a1c-4abf-ad8d-603801d8ac95: shutdown FollowerState
2019-10-16 22:17:10,818 [grpc-default-executor-2] INFO  impl.RoleInfo (RoleInfo.java:shutdownFollowerState(121)) - c877b40c-f70f-4e08-bb9d-91bddb5d6847: shutdown FollowerState
2019-10-16 22:17:10,818 [Thread-863] INFO  impl.FollowerState (FollowerState.java:run(117)) - 777be068-7a1c-4abf-ad8d-603801d8ac95@group-C432D6B1530C-FollowerState was interrupted: java.lang.InterruptedException: sleep interrupted
2019-10-16 22:17:10,818 [grpc-default-executor-1] INFO  impl.RoleInfo (RoleInfo.java:updateAndGet(143)) - 777be068-7a1c-4abf-ad8d-603801d8ac95: start FollowerState
2019-10-16 22:17:10,818 [Thread-864] INFO  impl.FollowerState (FollowerState.java:run(117)) - c877b40c-f70f-4e08-bb9d-91bddb5d6847@group-C432D6B1530C-FollowerState was interrupted: java.lang.InterruptedException: sleep interrupted
2019-10-16 22:17:10,818 [grpc-default-executor-2] INFO  impl.RoleInfo (RoleInfo.java:updateAndGet(143)) - c877b40c-f70f-4e08-bb9d-91bddb5d6847: start FollowerState
2019-10-16 22:17:10,841 [c08c50e8-12e3-4a9f-8d07-a31e7885cc60@group-C432D6B1530C-LeaderElection63] INFO  impl.LeaderElection (LeaderElection.java:logAndReturn(56)) - c08c50e8-12e3-4a9f-8d07-a31e7885cc60@group-C432D6B1530C-LeaderElection63: Election REJECTED; received 2 response(s) [c08c50e8-12e3-4a9f-8d07-a31e7885cc60<-c877b40c-f70f-4e08-bb9d-91bddb5d6847#0:FAIL-t66, c08c50e8-12e3-4a9f-8d07-a31e7885cc60<-777be068-7a1c-4abf-ad8d-603801d8ac95#0:FAIL-t66] and 0 exception(s); c08c50e8-12e3-4a9f-8d07-a31e7885cc60@group-C432D6B1530C:t66, leader=null, voted=c08c50e8-12e3-4a9f-8d07-a31e7885cc60, raftlog=c08c50e8-12e3-4a9f-8d07-a31e7885cc60@group-C432D6B1530C-SegmentedRaftLog:OPENED:c-1,f-1,i0, conf=-1: [c877b40c-f70f-4e08-bb9d-91bddb5d6847:192.168.34.38:40232, 777be068-7a1c-4abf-ad8d-603801d8ac95:192.168.34.38:35329, c08c50e8-12e3-4a9f-8d07-a31e7885cc60:192.168.34.38:44255], old=null
2019-10-16 22:17:10,842 [c08c50e8-12e3-4a9f-8d07-a31e7885cc60@group-C432D6B1530C-LeaderElection63] INFO  impl.RaftServerImpl (RaftServerImpl.java:setRole(184)) - c08c50e8-12e3-4a9f-8d07-a31e7885cc60@group-C432D6B1530C: changes role from CANDIDATE to FOLLOWER at term 66 for DISCOVERED_A_NEW_TERM
2019-10-16 22:17:10,842 [c08c50e8-12e3-4a9f-8d07-a31e7885cc60@group-C432D6B1530C-LeaderElection63] INFO  impl.RoleInfo (RoleInfo.java:shutdownLeaderElection(134)) - c08c50e8-12e3-4a9f-8d07-a31e7885cc60: shutdown LeaderElection
2019-10-16 22:17:10,842 [c08c50e8-12e3-4a9f-8d07-a31e7885cc60@group-C432D6B1530C-LeaderElection63] INFO  impl.RoleInfo (RoleInfo.java:updateAndGet(143)) - c08c50e8-12e3-4a9f-8d07-a31e7885cc60: start FollowerState
2019-10-16 22:17:10,882 [Thread-871] INFO  impl.FollowerState (FollowerState.java:run(108)) - c08c50e8-12e3-4a9f-8d07-a31e7885cc60@group-C432D6B1530C-FollowerState: change to CANDIDATE, lastRpcTime:40ms, electionTimeout:40ms
2019-10-16 22:17:10,883 [Thread-871] INFO  impl.RoleInfo (RoleInfo.java:shutdownFollowerState(121)) - c08c50e8-12e3-4a9f-8d07-a31e7885cc60: shutdown FollowerState
2019-10-16 22:17:10,883 [Thread-871] INFO  impl.RaftServerImpl (RaftServerImpl.java:setRole(184)) - c08c50e8-12e3-4a9f-8d07-a31e7885cc60@group-C432D6B1530C: changes role from  FOLLOWER to CANDIDATE at term 66 for changeToCandidate
2019-10-16 22:17:10,883 [Thread-871] INFO  impl.RoleInfo (RoleInfo.java:updateAndGet(143)) - c08c50e8-12e3-4a9f-8d07-a31e7885cc60: start LeaderElection
2019-10-16 22:17:10,919 [c08c50e8-12e3-4a9f-8d07-a31e7885cc60@group-C432D6B1530C-LeaderElection64] INFO  impl.LeaderElection (LeaderElection.java:askForVotes(178)) - c08c50e8-12e3-4a9f-8d07-a31e7885cc60@group-C432D6B1530C-LeaderElection64: begin an election at term 67 for -1: [c877b40c-f70f-4e08-bb9d-91bddb5d6847:192.168.34.38:40232, 777be068-7a1c-4abf-ad8d-603801d8ac95:192.168.34.38:35329, c08c50e8-12e3-4a9f-8d07-a31e7885cc60:192.168.34.38:44255], old=null
2019-10-16 22:17:10,923 [grpc-default-executor-2] INFO  impl.RaftServerImpl (RaftServerImpl.java:setRole(184)) - c877b40c-f70f-4e08-bb9d-91bddb5d6847@group-C432D6B1530C: changes role from  FOLLOWER to FOLLOWER at term 67 for recognizeCandidate:c08c50e8-12e3-4a9f-8d07-a31e7885cc60
2019-10-16 22:17:10,923 [grpc-default-executor-1] INFO  impl.RaftServerImpl (RaftServerImpl.java:setRole(184)) - 777be068-7a1c-4abf-ad8d-603801d8ac95@group-C432D6B1530C: changes role from  FOLLOWER to FOLLOWER at term 67 for recognizeCandidate:c08c50e8-12e3-4a9f-8d07-a31e7885cc60
2019-10-16 22:17:10,923 [grpc-default-executor-2] INFO  impl.RoleInfo (RoleInfo.java:shutdownFollowerState(121)) - c877b40c-f70f-4e08-bb9d-91bddb5d6847: shutdown FollowerState
2019-10-16 22:17:10,923 [grpc-default-executor-1] INFO  impl.RoleInfo (RoleInfo.java:shutdownFollowerState(121)) - 777be068-7a1c-4abf-ad8d-603801d8ac95: shutdown FollowerState
2019-10-16 22:17:10,923 [Thread-870] INFO  impl.FollowerState (FollowerState.java:run(117)) - c877b40c-f70f-4e08-bb9d-91bddb5d6847@group-C432D6B1530C-FollowerState was interrupted: java.lang.InterruptedException: sleep interrupted
2019-10-16 22:17:10,923 [grpc-default-executor-2] INFO  impl.RoleInfo (RoleInfo.java:updateAndGet(143)) - c877b40c-f70f-4e08-bb9d-91bddb5d6847: start FollowerState
2019-10-16 22:17:10,923 [Thread-869] INFO  impl.FollowerState (FollowerState.java:run(117)) - 777be068-7a1c-4abf-ad8d-603801d8ac95@group-C432D6B1530C-FollowerState was interrupted: java.lang.InterruptedException: sleep interrupted
2019-10-16 22:17:10,923 [grpc-default-executor-1] INFO  impl.RoleInfo (RoleInfo.java:updateAndGet(143)) - 777be068-7a1c-4abf-ad8d-603801d8ac95: start FollowerState
2019-10-16 22:17:10,939 [c08c50e8-12e3-4a9f-8d07-a31e7885cc60@group-C432D6B1530C-LeaderElection64] INFO  impl.LeaderElection (LeaderElection.java:logAndReturn(56)) - c08c50e8-12e3-4a9f-8d07-a31e7885cc60@group-C432D6B1530C-LeaderElection64: Election REJECTED; received 2 response(s) [c08c50e8-12e3-4a9f-8d07-a31e7885cc60<-c877b40c-f70f-4e08-bb9d-91bddb5d6847#0:FAIL-t67, c08c50e8-12e3-4a9f-8d07-a31e7885cc60<-777be068-7a1c-4abf-ad8d-603801d8ac95#0:FAIL-t67] and 0 exception(s); c08c50e8-12e3-4a9f-8d07-a31e7885cc60@group-C432D6B1530C:t67, leader=null, voted=c08c50e8-12e3-4a9f-8d07-a31e7885cc60, raftlog=c08c50e8-12e3-4a9f-8d07-a31e7885cc60@group-C432D6B1530C-SegmentedRaftLog:OPENED:c-1,f-1,i0, conf=-1: [c877b40c-f70f-4e08-bb9d-91bddb5d6847:192.168.34.38:40232, 777be068-7a1c-4abf-ad8d-603801d8ac95:192.168.34.38:35329, c08c50e8-12e3-4a9f-8d07-a31e7885cc60:192.168.34.38:44255], old=null
2019-10-16 22:17:10,939 [c08c50e8-12e3-4a9f-8d07-a31e7885cc60@group-C432D6B1530C-LeaderElection64] INFO  impl.RaftServerImpl (RaftServerImpl.java:setRole(184)) - c08c50e8-12e3-4a9f-8d07-a31e7885cc60@group-C432D6B1530C: changes role from CANDIDATE to FOLLOWER at term 67 for DISCOVERED_A_NEW_TERM
2019-10-16 22:17:10,939 [c08c50e8-12e3-4a9f-8d07-a31e7885cc60@group-C432D6B1530C-LeaderElection64] INFO  impl.RoleInfo (RoleInfo.java:shutdownLeaderElection(134)) - c08c50e8-12e3-4a9f-8d07-a31e7885cc60: shutdown LeaderElection
2019-10-16 22:17:10,939 [c08c50e8-12e3-4a9f-8d07-a31e7885cc60@group-C432D6B1530C-LeaderElection64] INFO  impl.RoleInfo (RoleInfo.java:updateAndGet(143)) - c08c50e8-12e3-4a9f-8d07-a31e7885cc60: start FollowerState
2019-10-16 22:17:11,084 [Thread-877] INFO  impl.FollowerState (FollowerState.java:run(108)) - c08c50e8-12e3-4a9f-8d07-a31e7885cc60@group-C432D6B1530C-FollowerState: change to CANDIDATE, lastRpcTime:144ms, electionTimeout:144ms
2019-10-16 22:17:11,084 [Thread-877] INFO  impl.RoleInfo (RoleInfo.java:shutdownFollowerState(121)) - c08c50e8-12e3-4a9f-8d07-a31e7885cc60: shutdown FollowerState
2019-10-16 22:17:11,084 [Thread-877] INFO  impl.RaftServerImpl (RaftServerImpl.java:setRole(184)) - c08c50e8-12e3-4a9f-8d07-a31e7885cc60@group-C432D6B1530C: changes role from  FOLLOWER to CANDIDATE at term 67 for changeToCandidate
2019-10-16 22:17:11,084 [Thread-877] INFO  impl.RoleInfo (RoleInfo.java:updateAndGet(143)) - c08c50e8-12e3-4a9f-8d07-a31e7885cc60: start LeaderElection
2019-10-16 22:17:11,159 [c08c50e8-12e3-4a9f-8d07-a31e7885cc60@group-C432D6B1530C-LeaderElection65] INFO  impl.LeaderElection (LeaderElection.java:askForVotes(178)) - c08c50e8-12e3-4a9f-8d07-a31e7885cc60@group-C432D6B1530C-LeaderElection65: begin an election at term 68 for -1: [c877b40c-f70f-4e08-bb9d-91bddb5d6847:192.168.34.38:40232, 777be068-7a1c-4abf-ad8d-603801d8ac95:192.168.34.38:35329, c08c50e8-12e3-4a9f-8d07-a31e7885cc60:192.168.34.38:44255], old=null
2019-10-16 22:17:11,162 [grpc-default-executor-1] INFO  impl.RaftServerImpl (RaftServerImpl.java:setRole(184)) - 777be068-7a1c-4abf-ad8d-603801d8ac95@group-C432D6B1530C: changes role from  FOLLOWER to FOLLOWER at term 68 for recognizeCandidate:c08c50e8-12e3-4a9f-8d07-a31e7885cc60
2019-10-16 22:17:11,162 [grpc-default-executor-2] INFO  impl.RaftServerImpl (RaftServerImpl.java:setRole(184)) - c877b40c-f70f-4e08-bb9d-91bddb5d6847@group-C432D6B1530C: changes role from  FOLLOWER to FOLLOWER at term 68 for recognizeCandidate:c08c50e8-12e3-4a9f-8d07-a31e7885cc60
2019-10-16 22:17:11,162 [grpc-default-executor-1] INFO  impl.RoleInfo (RoleInfo.java:shutdownFollowerState(121)) - 777be068-7a1c-4abf-ad8d-603801d8ac95: shutdown FollowerState
2019-10-16 22:17:11,162 [grpc-default-executor-2] INFO  impl.RoleInfo (RoleInfo.java:shutdownFollowerState(121)) - c877b40c-f70f-4e08-bb9d-91bddb5d6847: shutdown FollowerState
2019-10-16 22:17:11,163 [Thread-876] INFO  impl.FollowerState (FollowerState.java:run(117)) - 777be068-7a1c-4abf-ad8d-603801d8ac95@group-C432D6B1530C-FollowerState was interrupted: java.lang.InterruptedException: sleep interrupted
2019-10-16 22:17:11,163 [grpc-default-executor-1] INFO  impl.RoleInfo (RoleInfo.java:updateAndGet(143)) - 777be068-7a1c-4abf-ad8d-603801d8ac95: start FollowerState
2019-10-16 22:17:11,163 [Thread-875] INFO  impl.FollowerState (FollowerState.java:run(117)) - c877b40c-f70f-4e08-bb9d-91bddb5d6847@group-C432D6B1530C-FollowerState was interrupted: java.lang.InterruptedException: sleep interrupted
2019-10-16 22:17:11,163 [grpc-default-executor-2] INFO  impl.RoleInfo (RoleInfo.java:updateAndGet(143)) - c877b40c-f70f-4e08-bb9d-91bddb5d6847: start FollowerState
2019-10-16 22:17:11,172 [c08c50e8-12e3-4a9f-8d07-a31e7885cc60@group-C432D6B1530C-LeaderElection65] INFO  impl.LeaderElection (LeaderElection.java:logAndReturn(56)) - c08c50e8-12e3-4a9f-8d07-a31e7885cc60@group-C432D6B1530C-LeaderElection65: Election REJECTED; received 2 response(s) [c08c50e8-12e3-4a9f-8d07-a31e7885cc60<-c877b40c-f70f-4e08-bb9d-91bddb5d6847#0:FAIL-t68, c08c50e8-12e3-4a9f-8d07-a31e7885cc60<-777be068-7a1c-4abf-ad8d-603801d8ac95#0:FAIL-t68] and 0 exception(s); c08c50e8-12e3-4a9f-8d07-a31e7885cc60@group-C432D6B1530C:t68, leader=null, voted=c08c50e8-12e3-4a9f-8d07-a31e7885cc60, raftlog=c08c50e8-12e3-4a9f-8d07-a31e7885cc60@group-C432D6B1530C-SegmentedRaftLog:OPENED:c-1,f-1,i0, conf=-1: [c877b40c-f70f-4e08-bb9d-91bddb5d6847:192.168.34.38:40232, 777be068-7a1c-4abf-ad8d-603801d8ac95:192.168.34.38:35329, c08c50e8-12e3-4a9f-8d07-a31e7885cc60:192.168.34.38:44255], old=null
2019-10-16 22:17:11,172 [c08c50e8-12e3-4a9f-8d07-a31e7885cc60@group-C432D6B1530C-LeaderElection65] INFO  impl.RaftServerImpl (RaftServerImpl.java:setRole(184)) - c08c50e8-12e3-4a9f-8d07-a31e7885cc60@group-C432D6B1530C: changes role from CANDIDATE to FOLLOWER at term 68 for DISCOVERED_A_NEW_TERM
2019-10-16 22:17:11,172 [c08c50e8-12e3-4a9f-8d07-a31e7885cc60@group-C432D6B1530C-LeaderElection65] INFO  impl.RoleInfo (RoleInfo.java:shutdownLeaderElection(134)) - c08c50e8-12e3-4a9f-8d07-a31e7885cc60: shutdown LeaderElection
2019-10-16 22:17:11,172 [c08c50e8-12e3-4a9f-8d07-a31e7885cc60@group-C432D6B1530C-LeaderElection65] INFO  impl.RoleInfo (RoleInfo.java:updateAndGet(143)) - c08c50e8-12e3-4a9f-8d07-a31e7885cc60: start FollowerState
2019-10-16 22:17:11,323 [Thread-883] INFO  impl.FollowerState (FollowerState.java:run(108)) - c08c50e8-12e3-4a9f-8d07-a31e7885cc60@group-C432D6B1530C-FollowerState: change to CANDIDATE, lastRpcTime:150ms, electionTimeout:150ms
2019-10-16 22:17:11,323 [Thread-883] INFO  impl.RoleInfo (RoleInfo.java:shutdownFollowerState(121)) - c08c50e8-12e3-4a9f-8d07-a31e7885cc60: shutdown FollowerState
2019-10-16 22:17:11,323 [Thread-883] INFO  impl.RaftServerImpl (RaftServerImpl.java:setRole(184)) - c08c50e8-12e3-4a9f-8d07-a31e7885cc60@group-C432D6B1530C: changes role from  FOLLOWER to CANDIDATE at term 68 for changeToCandidate
2019-10-16 22:17:11,323 [Thread-883] INFO  impl.RoleInfo (RoleInfo.java:updateAndGet(143)) - c08c50e8-12e3-4a9f-8d07-a31e7885cc60: start LeaderElection
2019-10-16 22:17:11,338 [c08c50e8-12e3-4a9f-8d07-a31e7885cc60@group-C432D6B1530C-LeaderElection66] INFO  impl.LeaderElection (LeaderElection.java:askForVotes(178)) - c08c50e8-12e3-4a9f-8d07-a31e7885cc60@group-C432D6B1530C-LeaderElection66: begin an election at term 69 for -1: [c877b40c-f70f-4e08-bb9d-91bddb5d6847:192.168.34.38:40232, 777be068-7a1c-4abf-ad8d-603801d8ac95:192.168.34.38:35329, c08c50e8-12e3-4a9f-8d07-a31e7885cc60:192.168.34.38:44255], old=null
2019-10-16 22:17:11,341 [grpc-default-executor-2] INFO  impl.RaftServerImpl (RaftServerImpl.java:setRole(184)) - c877b40c-f70f-4e08-bb9d-91bddb5d6847@group-C432D6B1530C: changes role from  FOLLOWER to FOLLOWER at term 69 for recognizeCandidate:c08c50e8-12e3-4a9f-8d07-a31e7885cc60
2019-10-16 22:17:11,341 [grpc-default-executor-1] INFO  impl.RaftServerImpl (RaftServerImpl.java:setRole(184)) - 777be068-7a1c-4abf-ad8d-603801d8ac95@group-C432D6B1530C: changes role from  FOLLOWER to FOLLOWER at term 69 for recognizeCandidate:c08c50e8-12e3-4a9f-8d07-a31e7885cc60
2019-10-16 22:17:11,341 [grpc-default-executor-2] INFO  impl.RoleInfo (RoleInfo.java:shutdownFollowerState(121)) - c877b40c-f70f-4e08-bb9d-91bddb5d6847: shutdown FollowerState
2019-10-16 22:17:11,341 [grpc-default-executor-1] INFO  impl.RoleInfo (RoleInfo.java:shutdownFollowerState(121)) - 777be068-7a1c-4abf-ad8d-603801d8ac95: shutdown FollowerState
2019-10-16 22:17:11,341 [Thread-882] INFO  impl.FollowerState (FollowerState.java:run(117)) - c877b40c-f70f-4e08-bb9d-91bddb5d6847@group-C432D6B1530C-FollowerState was interrupted: java.lang.InterruptedException: sleep interrupted
2019-10-16 22:17:11,341 [grpc-default-executor-2] INFO  impl.RoleInfo (RoleInfo.java:updateAndGet(143)) - c877b40c-f70f-4e08-bb9d-91bddb5d6847: start FollowerState
2019-10-16 22:17:11,342 [Thread-881] INFO  impl.FollowerState (FollowerState.java:run(117)) - 777be068-7a1c-4abf-ad8d-603801d8ac95@group-C432D6B1530C-FollowerState was interrupted: java.lang.InterruptedException: sleep interrupted
2019-10-16 22:17:11,342 [grpc-default-executor-1] INFO  impl.RoleInfo (RoleInfo.java:updateAndGet(143)) - 777be068-7a1c-4abf-ad8d-603801d8ac95: start FollowerState
2019-10-16 22:17:11,356 [c08c50e8-12e3-4a9f-8d07-a31e7885cc60@group-C432D6B1530C-LeaderElection66] INFO  impl.LeaderElection (LeaderElection.java:logAndReturn(56)) - c08c50e8-12e3-4a9f-8d07-a31e7885cc60@group-C432D6B1530C-LeaderElection66: Election REJECTED; received 2 response(s) [c08c50e8-12e3-4a9f-8d07-a31e7885cc60<-c877b40c-f70f-4e08-bb9d-91bddb5d6847#0:FAIL-t69, c08c50e8-12e3-4a9f-8d07-a31e7885cc60<-777be068-7a1c-4abf-ad8d-603801d8ac95#0:FAIL-t69] and 0 exception(s); c08c50e8-12e3-4a9f-8d07-a31e7885cc60@group-C432D6B1530C:t69, leader=null, voted=c08c50e8-12e3-4a9f-8d07-a31e7885cc60, raftlog=c08c50e8-12e3-4a9f-8d07-a31e7885cc60@group-C432D6B1530C-SegmentedRaftLog:OPENED:c-1,f-1,i0, conf=-1: [c877b40c-f70f-4e08-bb9d-91bddb5d6847:192.168.34.38:40232, 777be068-7a1c-4abf-ad8d-603801d8ac95:192.168.34.38:35329, c08c50e8-12e3-4a9f-8d07-a31e7885cc60:192.168.34.38:44255], old=null
2019-10-16 22:17:11,357 [c08c50e8-12e3-4a9f-8d07-a31e7885cc60@group-C432D6B1530C-LeaderElection66] INFO  impl.RaftServerImpl (RaftServerImpl.java:setRole(184)) - c08c50e8-12e3-4a9f-8d07-a31e7885cc60@group-C432D6B1530C: changes role from CANDIDATE to FOLLOWER at term 69 for DISCOVERED_A_NEW_TERM
2019-10-16 22:17:11,357 [c08c50e8-12e3-4a9f-8d07-a31e7885cc60@group-C432D6B1530C-LeaderElection66] INFO  impl.RoleInfo (RoleInfo.java:shutdownLeaderElection(134)) - c08c50e8-12e3-4a9f-8d07-a31e7885cc60: shutdown LeaderElection
2019-10-16 22:17:11,357 [c08c50e8-12e3-4a9f-8d07-a31e7885cc60@group-C432D6B1530C-LeaderElection66] INFO  impl.RoleInfo (RoleInfo.java:updateAndGet(143)) - c08c50e8-12e3-4a9f-8d07-a31e7885cc60: start FollowerState
2019-10-16 22:17:11,406 [Thread-889] INFO  impl.FollowerState (FollowerState.java:run(108)) - c08c50e8-12e3-4a9f-8d07-a31e7885cc60@group-C432D6B1530C-FollowerState: change to CANDIDATE, lastRpcTime:49ms, electionTimeout:49ms
2019-10-16 22:17:11,407 [Thread-889] INFO  impl.RoleInfo (RoleInfo.java:shutdownFollowerState(121)) - c08c50e8-12e3-4a9f-8d07-a31e7885cc60: shutdown FollowerState
2019-10-16 22:17:11,407 [Thread-889] INFO  impl.RaftServerImpl (RaftServerImpl.java:setRole(184)) - c08c50e8-12e3-4a9f-8d07-a31e7885cc60@group-C432D6B1530C: changes role from  FOLLOWER to CANDIDATE at term 69 for changeToCandidate
2019-10-16 22:17:11,407 [Thread-889] INFO  impl.RoleInfo (RoleInfo.java:updateAndGet(143)) - c08c50e8-12e3-4a9f-8d07-a31e7885cc60: start LeaderElection
2019-10-16 22:17:11,420 [c08c50e8-12e3-4a9f-8d07-a31e7885cc60@group-C432D6B1530C-LeaderElection67] INFO  impl.LeaderElection (LeaderElection.java:askForVotes(178)) - c08c50e8-12e3-4a9f-8d07-a31e7885cc60@group-C432D6B1530C-LeaderElection67: begin an election at term 70 for -1: [c877b40c-f70f-4e08-bb9d-91bddb5d6847:192.168.34.38:40232, 777be068-7a1c-4abf-ad8d-603801d8ac95:192.168.34.38:35329, c08c50e8-12e3-4a9f-8d07-a31e7885cc60:192.168.34.38:44255], old=null
2019-10-16 22:17:11,423 [grpc-default-executor-1] INFO  impl.RaftServerImpl (RaftServerImpl.java:setRole(184)) - c877b40c-f70f-4e08-bb9d-91bddb5d6847@group-C432D6B1530C: changes role from  FOLLOWER to FOLLOWER at term 70 for recognizeCandidate:c08c50e8-12e3-4a9f-8d07-a31e7885cc60
2019-10-16 22:17:11,423 [grpc-default-executor-2] INFO  impl.RaftServerImpl (RaftServerImpl.java:setRole(184)) - 777be068-7a1c-4abf-ad8d-603801d8ac95@group-C432D6B1530C: changes role from  FOLLOWER to FOLLOWER at term 70 for recognizeCandidate:c08c50e8-12e3-4a9f-8d07-a31e7885cc60
2019-10-16 22:17:11,423 [grpc-default-executor-1] INFO  impl.RoleInfo (RoleInfo.java:shutdownFollowerState(121)) - c877b40c-f70f-4e08-bb9d-91bddb5d6847: shutdown FollowerState
2019-10-16 22:17:11,424 [grpc-default-executor-2] INFO  impl.RoleInfo (RoleInfo.java:shutdownFollowerState(121)) - 777be068-7a1c-4abf-ad8d-603801d8ac95: shutdown FollowerState
2019-10-16 22:17:11,424 [Thread-887] INFO  impl.FollowerState (FollowerState.java:run(117)) - c877b40c-f70f-4e08-bb9d-91bddb5d6847@group-C432D6B1530C-FollowerState was interrupted: java.lang.InterruptedException: sleep interrupted
2019-10-16 22:17:11,424 [grpc-default-executor-1] INFO  impl.RoleInfo (RoleInfo.java:updateAndGet(143)) - c877b40c-f70f-4e08-bb9d-91bddb5d6847: start FollowerState
2019-10-16 22:17:11,424 [Thread-888] INFO  impl.FollowerState (FollowerState.java:run(117)) - 777be068-7a1c-4abf-ad8d-603801d8ac95@group-C432D6B1530C-FollowerState was interrupted: java.lang.InterruptedException: sleep interrupted
2019-10-16 22:17:11,424 [grpc-default-executor-2] INFO  impl.RoleInfo (RoleInfo.java:updateAndGet(143)) - 777be068-7a1c-4abf-ad8d-603801d8ac95: start FollowerState
2019-10-16 22:17:11,440 [c08c50e8-12e3-4a9f-8d07-a31e7885cc60@group-C432D6B1530C-LeaderElection67] INFO  impl.LeaderElection (LeaderElection.java:logAndReturn(56)) - c08c50e8-12e3-4a9f-8d07-a31e7885cc60@group-C432D6B1530C-LeaderElection67: Election REJECTED; received 2 response(s) [c08c50e8-12e3-4a9f-8d07-a31e7885cc60<-c877b40c-f70f-4e08-bb9d-91bddb5d6847#0:FAIL-t70, c08c50e8-12e3-4a9f-8d07-a31e7885cc60<-777be068-7a1c-4abf-ad8d-603801d8ac95#0:FAIL-t70] and 0 exception(s); c08c50e8-12e3-4a9f-8d07-a31e7885cc60@group-C432D6B1530C:t70, leader=null, voted=c08c50e8-12e3-4a9f-8d07-a31e7885cc60, raftlog=c08c50e8-12e3-4a9f-8d07-a31e7885cc60@group-C432D6B1530C-SegmentedRaftLog:OPENED:c-1,f-1,i0, conf=-1: [c877b40c-f70f-4e08-bb9d-91bddb5d6847:192.168.34.38:40232, 777be068-7a1c-4abf-ad8d-603801d8ac95:192.168.34.38:35329, c08c50e8-12e3-4a9f-8d07-a31e7885cc60:192.168.34.38:44255], old=null
2019-10-16 22:17:11,440 [c08c50e8-12e3-4a9f-8d07-a31e7885cc60@group-C432D6B1530C-LeaderElection67] INFO  impl.RaftServerImpl (RaftServerImpl.java:setRole(184)) - c08c50e8-12e3-4a9f-8d07-a31e7885cc60@group-C432D6B1530C: changes role from CANDIDATE to FOLLOWER at term 70 for DISCOVERED_A_NEW_TERM
2019-10-16 22:17:11,440 [c08c50e8-12e3-4a9f-8d07-a31e7885cc60@group-C432D6B1530C-LeaderElection67] INFO  impl.RoleInfo (RoleInfo.java:shutdownLeaderElection(134)) - c08c50e8-12e3-4a9f-8d07-a31e7885cc60: shutdown LeaderElection
2019-10-16 22:17:11,440 [c08c50e8-12e3-4a9f-8d07-a31e7885cc60@group-C432D6B1530C-LeaderElection67] INFO  impl.RoleInfo (RoleInfo.java:updateAndGet(143)) - c08c50e8-12e3-4a9f-8d07-a31e7885cc60: start FollowerState
2019-10-16 22:17:11,607 [Thread-895] INFO  impl.FollowerState (FollowerState.java:run(108)) - c08c50e8-12e3-4a9f-8d07-a31e7885cc60@group-C432D6B1530C-FollowerState: change to CANDIDATE, lastRpcTime:166ms, electionTimeout:166ms
2019-10-16 22:17:11,607 [Thread-895] INFO  impl.RoleInfo (RoleInfo.java:shutdownFollowerState(121)) - c08c50e8-12e3-4a9f-8d07-a31e7885cc60: shutdown FollowerState
2019-10-16 22:17:11,607 [Thread-895] INFO  impl.RaftServerImpl (RaftServerImpl.java:setRole(184)) - c08c50e8-12e3-4a9f-8d07-a31e7885cc60@group-C432D6B1530C: changes role from  FOLLOWER to CANDIDATE at term 70 for changeToCandidate
2019-10-16 22:17:11,607 [Thread-895] INFO  impl.RoleInfo (RoleInfo.java:updateAndGet(143)) - c08c50e8-12e3-4a9f-8d07-a31e7885cc60: start LeaderElection
2019-10-16 22:17:11,621 [c08c50e8-12e3-4a9f-8d07-a31e7885cc60@group-C432D6B1530C-LeaderElection68] INFO  impl.LeaderElection (LeaderElection.java:askForVotes(178)) - c08c50e8-12e3-4a9f-8d07-a31e7885cc60@group-C432D6B1530C-LeaderElection68: begin an election at term 71 for -1: [c877b40c-f70f-4e08-bb9d-91bddb5d6847:192.168.34.38:40232, 777be068-7a1c-4abf-ad8d-603801d8ac95:192.168.34.38:35329, c08c50e8-12e3-4a9f-8d07-a31e7885cc60:192.168.34.38:44255], old=null
2019-10-16 22:17:11,624 [grpc-default-executor-2] INFO  impl.RaftServerImpl (RaftServerImpl.java:setRole(184)) - 777be068-7a1c-4abf-ad8d-603801d8ac95@group-C432D6B1530C: changes role from  FOLLOWER to FOLLOWER at term 71 for recognizeCandidate:c08c50e8-12e3-4a9f-8d07-a31e7885cc60
2019-10-16 22:17:11,624 [grpc-default-executor-2] INFO  impl.RoleInfo (RoleInfo.java:shutdownFollowerState(121)) - 777be068-7a1c-4abf-ad8d-603801d8ac95: shutdown FollowerState
2019-10-16 22:17:11,624 [grpc-default-executor-2] INFO  impl.RoleInfo (RoleInfo.java:updateAndGet(143)) - 777be068-7a1c-4abf-ad8d-603801d8ac95: start FollowerState
2019-10-16 22:17:11,624 [grpc-default-executor-1] INFO  impl.RaftServerImpl (RaftServerImpl.java:setRole(184)) - c877b40c-f70f-4e08-bb9d-91bddb5d6847@group-C432D6B1530C: changes role from  FOLLOWER to FOLLOWER at term 71 for recognizeCandidate:c08c50e8-12e3-4a9f-8d07-a31e7885cc60
2019-10-16 22:17:11,624 [grpc-default-executor-1] INFO  impl.RoleInfo (RoleInfo.java:shutdownFollowerState(121)) - c877b40c-f70f-4e08-bb9d-91bddb5d6847: shutdown FollowerState
2019-10-16 22:17:11,624 [Thread-894] INFO  impl.FollowerState (FollowerState.java:run(117)) - 777be068-7a1c-4abf-ad8d-603801d8ac95@group-C432D6B1530C-FollowerState was interrupted: java.lang.InterruptedException: sleep interrupted
2019-10-16 22:17:11,625 [grpc-default-executor-1] INFO  impl.RoleInfo (RoleInfo.java:updateAndGet(143)) - c877b40c-f70f-4e08-bb9d-91bddb5d6847: start FollowerState
2019-10-16 22:17:11,625 [Thread-893] INFO  impl.FollowerState (FollowerState.java:run(117)) - c877b40c-f70f-4e08-bb9d-91bddb5d6847@group-C432D6B1530C-FollowerState was interrupted: java.lang.InterruptedException: sleep interrupted
2019-10-16 22:17:11,658 [c08c50e8-12e3-4a9f-8d07-a31e7885cc60@group-C432D6B1530C-LeaderElection68] INFO  impl.LeaderElection (LeaderElection.java:logAndReturn(56)) - c08c50e8-12e3-4a9f-8d07-a31e7885cc60@group-C432D6B1530C-LeaderElection68: Election REJECTED; received 2 response(s) [c08c50e8-12e3-4a9f-8d07-a31e7885cc60<-c877b40c-f70f-4e08-bb9d-91bddb5d6847#0:FAIL-t71, c08c50e8-12e3-4a9f-8d07-a31e7885cc60<-777be068-7a1c-4abf-ad8d-603801d8ac95#0:FAIL-t71] and 0 exception(s); c08c50e8-12e3-4a9f-8d07-a31e7885cc60@group-C432D6B1530C:t71, leader=null, voted=c08c50e8-12e3-4a9f-8d07-a31e7885cc60, raftlog=c08c50e8-12e3-4a9f-8d07-a31e7885cc60@group-C432D6B1530C-SegmentedRaftLog:OPENED:c-1,f-1,i0, conf=-1: [c877b40c-f70f-4e08-bb9d-91bddb5d6847:192.168.34.38:40232, 777be068-7a1c-4abf-ad8d-603801d8ac95:192.168.34.38:35329, c08c50e8-12e3-4a9f-8d07-a31e7885cc60:192.168.34.38:44255], old=null
2019-10-16 22:17:11,658 [c08c50e8-12e3-4a9f-8d07-a31e7885cc60@group-C432D6B1530C-LeaderElection68] INFO  impl.RaftServerImpl (RaftServerImpl.java:setRole(184)) - c08c50e8-12e3-4a9f-8d07-a31e7885cc60@group-C432D6B1530C: changes role from CANDIDATE to FOLLOWER at term 71 for DISCOVERED_A_NEW_TERM
2019-10-16 22:17:11,658 [c08c50e8-12e3-4a9f-8d07-a31e7885cc60@group-C432D6B1530C-LeaderElection68] INFO  impl.RoleInfo (RoleInfo.java:shutdownLeaderElection(134)) - c08c50e8-12e3-4a9f-8d07-a31e7885cc60: shutdown LeaderElection
2019-10-16 22:17:11,658 [c08c50e8-12e3-4a9f-8d07-a31e7885cc60@group-C432D6B1530C-LeaderElection68] INFO  impl.RoleInfo (RoleInfo.java:updateAndGet(143)) - c08c50e8-12e3-4a9f-8d07-a31e7885cc60: start FollowerState
2019-10-16 22:17:11,806 [Thread-901] INFO  impl.FollowerState (FollowerState.java:run(108)) - c08c50e8-12e3-4a9f-8d07-a31e7885cc60@group-C432D6B1530C-FollowerState: change to CANDIDATE, lastRpcTime:147ms, electionTimeout:147ms
2019-10-16 22:17:11,806 [Thread-901] INFO  impl.RoleInfo (RoleInfo.java:shutdownFollowerState(121)) - c08c50e8-12e3-4a9f-8d07-a31e7885cc60: shutdown FollowerState
2019-10-16 22:17:11,806 [Thread-901] INFO  impl.RaftServerImpl (RaftServerImpl.java:setRole(184)) - c08c50e8-12e3-4a9f-8d07-a31e7885cc60@group-C432D6B1530C: changes role from  FOLLOWER to CANDIDATE at term 71 for changeToCandidate
2019-10-16 22:17:11,806 [Thread-901] INFO  impl.RoleInfo (RoleInfo.java:updateAndGet(143)) - c08c50e8-12e3-4a9f-8d07-a31e7885cc60: start LeaderElection
2019-10-16 22:17:11,821 [c08c50e8-12e3-4a9f-8d07-a31e7885cc60@group-C432D6B1530C-LeaderElection69] INFO  impl.LeaderElection (LeaderElection.java:askForVotes(178)) - c08c50e8-12e3-4a9f-8d07-a31e7885cc60@group-C432D6B1530C-LeaderElection69: begin an election at term 72 for -1: [c877b40c-f70f-4e08-bb9d-91bddb5d6847:192.168.34.38:40232, 777be068-7a1c-4abf-ad8d-603801d8ac95:192.168.34.38:35329, c08c50e8-12e3-4a9f-8d07-a31e7885cc60:192.168.34.38:44255], old=null
2019-10-16 22:17:11,824 [grpc-default-executor-1] INFO  impl.RaftServerImpl (RaftServerImpl.java:setRole(184)) - 777be068-7a1c-4abf-ad8d-603801d8ac95@group-C432D6B1530C: changes role from  FOLLOWER to FOLLOWER at term 72 for recognizeCandidate:c08c50e8-12e3-4a9f-8d07-a31e7885cc60
2019-10-16 22:17:11,824 [grpc-default-executor-2] INFO  impl.RaftServerImpl (RaftServerImpl.java:setRole(184)) - c877b40c-f70f-4e08-bb9d-91bddb5d6847@group-C432D6B1530C: changes role from  FOLLOWER to FOLLOWER at term 72 for recognizeCandidate:c08c50e8-12e3-4a9f-8d07-a31e7885cc60
2019-10-16 22:17:11,824 [grpc-default-executor-1] INFO  impl.RoleInfo (RoleInfo.java:shutdownFollowerState(121)) - 777be068-7a1c-4abf-ad8d-603801d8ac95: shutdown FollowerState
2019-10-16 22:17:11,824 [grpc-default-executor-2] INFO  impl.RoleInfo (RoleInfo.java:shutdownFollowerState(121)) - c877b40c-f70f-4e08-bb9d-91bddb5d6847: shutdown FollowerState
2019-10-16 22:17:11,824 [Thread-899] INFO  impl.FollowerState (FollowerState.java:run(117)) - 777be068-7a1c-4abf-ad8d-603801d8ac95@group-C432D6B1530C-FollowerState was interrupted: java.lang.InterruptedException: sleep interrupted
2019-10-16 22:17:11,824 [grpc-default-executor-1] INFO  impl.RoleInfo (RoleInfo.java:updateAndGet(143)) - 777be068-7a1c-4abf-ad8d-603801d8ac95: start FollowerState
2019-10-16 22:17:11,825 [Thread-900] INFO  impl.FollowerState (FollowerState.java:run(117)) - c877b40c-f70f-4e08-bb9d-91bddb5d6847@group-C432D6B1530C-FollowerState was interrupted: java.lang.InterruptedException: sleep interrupted
2019-10-16 22:17:11,825 [grpc-default-executor-2] INFO  impl.RoleInfo (RoleInfo.java:updateAndGet(143)) - c877b40c-f70f-4e08-bb9d-91bddb5d6847: start FollowerState
2019-10-16 22:17:11,840 [c08c50e8-12e3-4a9f-8d07-a31e7885cc60@group-C432D6B1530C-LeaderElection69] INFO  impl.LeaderElection (LeaderElection.java:logAndReturn(56)) - c08c50e8-12e3-4a9f-8d07-a31e7885cc60@group-C432D6B1530C-LeaderElection69: Election REJECTED; received 2 response(s) [c08c50e8-12e3-4a9f-8d07-a31e7885cc60<-c877b40c-f70f-4e08-bb9d-91bddb5d6847#0:FAIL-t72, c08c50e8-12e3-4a9f-8d07-a31e7885cc60<-777be068-7a1c-4abf-ad8d-603801d8ac95#0:FAIL-t72] and 0 exception(s); c08c50e8-12e3-4a9f-8d07-a31e7885cc60@group-C432D6B1530C:t72, leader=null, voted=c08c50e8-12e3-4a9f-8d07-a31e7885cc60, raftlog=c08c50e8-12e3-4a9f-8d07-a31e7885cc60@group-C432D6B1530C-SegmentedRaftLog:OPENED:c-1,f-1,i0, conf=-1: [c877b40c-f70f-4e08-bb9d-91bddb5d6847:192.168.34.38:40232, 777be068-7a1c-4abf-ad8d-603801d8ac95:192.168.34.38:35329, c08c50e8-12e3-4a9f-8d07-a31e7885cc60:192.168.34.38:44255], old=null
2019-10-16 22:17:11,841 [c08c50e8-12e3-4a9f-8d07-a31e7885cc60@group-C432D6B1530C-LeaderElection69] INFO  impl.RaftServerImpl (RaftServerImpl.java:setRole(184)) - c08c50e8-12e3-4a9f-8d07-a31e7885cc60@group-C432D6B1530C: changes role from CANDIDATE to FOLLOWER at term 72 for DISCOVERED_A_NEW_TERM
2019-10-16 22:17:11,841 [c08c50e8-12e3-4a9f-8d07-a31e7885cc60@group-C432D6B1530C-LeaderElection69] INFO  impl.RoleInfo (RoleInfo.java:shutdownLeaderElection(134)) - c08c50e8-12e3-4a9f-8d07-a31e7885cc60: shutdown LeaderElection
2019-10-16 22:17:11,841 [c08c50e8-12e3-4a9f-8d07-a31e7885cc60@group-C432D6B1530C-LeaderElection69] INFO  impl.RoleInfo (RoleInfo.java:updateAndGet(143)) - c08c50e8-12e3-4a9f-8d07-a31e7885cc60: start FollowerState
2019-10-16 22:17:11,876 [Thread-907] INFO  impl.FollowerState (FollowerState.java:run(108)) - c08c50e8-12e3-4a9f-8d07-a31e7885cc60@group-C432D6B1530C-FollowerState: change to CANDIDATE, lastRpcTime:35ms, electionTimeout:35ms
2019-10-16 22:17:11,877 [Thread-907] INFO  impl.RoleInfo (RoleInfo.java:shutdownFollowerState(121)) - c08c50e8-12e3-4a9f-8d07-a31e7885cc60: shutdown FollowerState
2019-10-16 22:17:11,877 [Thread-907] INFO  impl.RaftServerImpl (RaftServerImpl.java:setRole(184)) - c08c50e8-12e3-4a9f-8d07-a31e7885cc60@group-C432D6B1530C: changes role from  FOLLOWER to CANDIDATE at term 72 for changeToCandidate
2019-10-16 22:17:11,877 [Thread-907] INFO  impl.RoleInfo (RoleInfo.java:updateAndGet(143)) - c08c50e8-12e3-4a9f-8d07-a31e7885cc60: start LeaderElection
2019-10-16 22:17:11,908 [c08c50e8-12e3-4a9f-8d07-a31e7885cc60@group-C432D6B1530C-LeaderElection70] INFO  impl.LeaderElection (LeaderElection.java:askForVotes(178)) - c08c50e8-12e3-4a9f-8d07-a31e7885cc60@group-C432D6B1530C-LeaderElection70: begin an election at term 73 for -1: [c877b40c-f70f-4e08-bb9d-91bddb5d6847:192.168.34.38:40232, 777be068-7a1c-4abf-ad8d-603801d8ac95:192.168.34.38:35329, c08c50e8-12e3-4a9f-8d07-a31e7885cc60:192.168.34.38:44255], old=null
2019-10-16 22:17:11,914 [grpc-default-executor-2] INFO  impl.RaftServerImpl (RaftServerImpl.java:setRole(184)) - c877b40c-f70f-4e08-bb9d-91bddb5d6847@group-C432D6B1530C: changes role from  FOLLOWER to FOLLOWER at term 73 for recognizeCandidate:c08c50e8-12e3-4a9f-8d07-a31e7885cc60
2019-10-16 22:17:11,914 [grpc-default-executor-1] INFO  impl.RaftServerImpl (RaftServerImpl.java:setRole(184)) - 777be068-7a1c-4abf-ad8d-603801d8ac95@group-C432D6B1530C: changes role from  FOLLOWER to FOLLOWER at term 73 for recognizeCandidate:c08c50e8-12e3-4a9f-8d07-a31e7885cc60
2019-10-16 22:17:11,914 [grpc-default-executor-2] INFO  impl.RoleInfo (RoleInfo.java:shutdownFollowerState(121)) - c877b40c-f70f-4e08-bb9d-91bddb5d6847: shutdown FollowerState
2019-10-16 22:17:11,914 [grpc-default-executor-1] INFO  impl.RoleInfo (RoleInfo.java:shutdownFollowerState(121)) - 777be068-7a1c-4abf-ad8d-603801d8ac95: shutdown FollowerState
2019-10-16 22:17:11,915 [Thread-906] INFO  impl.FollowerState (FollowerState.java:run(117)) - c877b40c-f70f-4e08-bb9d-91bddb5d6847@group-C432D6B1530C-FollowerState was interrupted: java.lang.InterruptedException: sleep interrupted
2019-10-16 22:17:11,915 [grpc-default-executor-2] INFO  impl.RoleInfo (RoleInfo.java:updateAndGet(143)) - c877b40c-f70f-4e08-bb9d-91bddb5d6847: start FollowerState
2019-10-16 22:17:11,915 [Thread-905] INFO  impl.FollowerState (FollowerState.java:run(117)) - 777be068-7a1c-4abf-ad8d-603801d8ac95@group-C432D6B1530C-FollowerState was interrupted: java.lang.InterruptedException: sleep interrupted
2019-10-16 22:17:11,915 [grpc-default-executor-1] INFO  impl.RoleInfo (RoleInfo.java:updateAndGet(143)) - 777be068-7a1c-4abf-ad8d-603801d8ac95: start FollowerState
2019-10-16 22:17:11,931 [c08c50e8-12e3-4a9f-8d07-a31e7885cc60@group-C432D6B1530C-LeaderElection70] INFO  impl.LeaderElection (LeaderElection.java:logAndReturn(56)) - c08c50e8-12e3-4a9f-8d07-a31e7885cc60@group-C432D6B1530C-LeaderElection70: Election REJECTED; received 2 response(s) [c08c50e8-12e3-4a9f-8d07-a31e7885cc60<-c877b40c-f70f-4e08-bb9d-91bddb5d6847#0:FAIL-t73, c08c50e8-12e3-4a9f-8d07-a31e7885cc60<-777be068-7a1c-4abf-ad8d-603801d8ac95#0:FAIL-t73] and 0 exception(s); c08c50e8-12e3-4a9f-8d07-a31e7885cc60@group-C432D6B1530C:t73, leader=null, voted=c08c50e8-12e3-4a9f-8d07-a31e7885cc60, raftlog=c08c50e8-12e3-4a9f-8d07-a31e7885cc60@group-C432D6B1530C-SegmentedRaftLog:OPENED:c-1,f-1,i0, conf=-1: [c877b40c-f70f-4e08-bb9d-91bddb5d6847:192.168.34.38:40232, 777be068-7a1c-4abf-ad8d-603801d8ac95:192.168.34.38:35329, c08c50e8-12e3-4a9f-8d07-a31e7885cc60:192.168.34.38:44255], old=null
2019-10-16 22:17:11,931 [c08c50e8-12e3-4a9f-8d07-a31e7885cc60@group-C432D6B1530C-LeaderElection70] INFO  impl.RaftServerImpl (RaftServerImpl.java:setRole(184)) - c08c50e8-12e3-4a9f-8d07-a31e7885cc60@group-C432D6B1530C: changes role from CANDIDATE to FOLLOWER at term 73 for DISCOVERED_A_NEW_TERM
2019-10-16 22:17:11,931 [c08c50e8-12e3-4a9f-8d07-a31e7885cc60@group-C432D6B1530C-LeaderElection70] INFO  impl.RoleInfo (RoleInfo.java:shutdownLeaderElection(134)) - c08c50e8-12e3-4a9f-8d07-a31e7885cc60: shutdown LeaderElection
2019-10-16 22:17:11,931 [c08c50e8-12e3-4a9f-8d07-a31e7885cc60@group-C432D6B1530C-LeaderElection70] INFO  impl.RoleInfo (RoleInfo.java:updateAndGet(143)) - c08c50e8-12e3-4a9f-8d07-a31e7885cc60: start FollowerState
2019-10-16 22:17:11,944 [Thread-913] INFO  impl.FollowerState (FollowerState.java:run(108)) - c08c50e8-12e3-4a9f-8d07-a31e7885cc60@group-C432D6B1530C-FollowerState: change to CANDIDATE, lastRpcTime:12ms, electionTimeout:12ms
2019-10-16 22:17:11,944 [Thread-913] INFO  impl.RoleInfo (RoleInfo.java:shutdownFollowerState(121)) - c08c50e8-12e3-4a9f-8d07-a31e7885cc60: shutdown FollowerState
2019-10-16 22:17:11,944 [Thread-913] INFO  impl.RaftServerImpl (RaftServerImpl.java:setRole(184)) - c08c50e8-12e3-4a9f-8d07-a31e7885cc60@group-C432D6B1530C: changes role from  FOLLOWER to CANDIDATE at term 73 for changeToCandidate
2019-10-16 22:17:11,945 [Thread-913] INFO  impl.RoleInfo (RoleInfo.java:updateAndGet(143)) - c08c50e8-12e3-4a9f-8d07-a31e7885cc60: start LeaderElection
2019-10-16 22:17:11,958 [c08c50e8-12e3-4a9f-8d07-a31e7885cc60@group-C432D6B1530C-LeaderElection71] INFO  impl.LeaderElection (LeaderElection.java:askForVotes(178)) - c08c50e8-12e3-4a9f-8d07-a31e7885cc60@group-C432D6B1530C-LeaderElection71: begin an election at term 74 for -1: [c877b40c-f70f-4e08-bb9d-91bddb5d6847:192.168.34.38:40232, 777be068-7a1c-4abf-ad8d-603801d8ac95:192.168.34.38:35329, c08c50e8-12e3-4a9f-8d07-a31e7885cc60:192.168.34.38:44255], old=null
2019-10-16 22:17:11,961 [grpc-default-executor-2] INFO  impl.RaftServerImpl (RaftServerImpl.java:setRole(184)) - c877b40c-f70f-4e08-bb9d-91bddb5d6847@group-C432D6B1530C: changes role from  FOLLOWER to FOLLOWER at term 74 for recognizeCandidate:c08c50e8-12e3-4a9f-8d07-a31e7885cc60
2019-10-16 22:17:11,961 [grpc-default-executor-2] INFO  impl.RoleInfo (RoleInfo.java:shutdownFollowerState(121)) - c877b40c-f70f-4e08-bb9d-91bddb5d6847: shutdown FollowerState
2019-10-16 22:17:11,961 [grpc-default-executor-2] INFO  impl.RoleInfo (RoleInfo.java:updateAndGet(143)) - c877b40c-f70f-4e08-bb9d-91bddb5d6847: start FollowerState
2019-10-16 22:17:11,961 [grpc-default-executor-1] INFO  impl.RaftServerImpl (RaftServerImpl.java:setRole(184)) - 777be068-7a1c-4abf-ad8d-603801d8ac95@group-C432D6B1530C: changes role from  FOLLOWER to FOLLOWER at term 74 for recognizeCandidate:c08c50e8-12e3-4a9f-8d07-a31e7885cc60
2019-10-16 22:17:11,962 [grpc-default-executor-1] INFO  impl.RoleInfo (RoleInfo.java:shutdownFollowerState(121)) - 777be068-7a1c-4abf-ad8d-603801d8ac95: shutdown FollowerState
2019-10-16 22:17:11,961 [Thread-911] INFO  impl.FollowerState (FollowerState.java:run(117)) - c877b40c-f70f-4e08-bb9d-91bddb5d6847@group-C432D6B1530C-FollowerState was interrupted: java.lang.InterruptedException: sleep interrupted
2019-10-16 22:17:11,962 [Thread-912] INFO  impl.FollowerState (FollowerState.java:run(117)) - 777be068-7a1c-4abf-ad8d-603801d8ac95@group-C432D6B1530C-FollowerState was interrupted: java.lang.InterruptedException: sleep interrupted
2019-10-16 22:17:11,962 [grpc-default-executor-1] INFO  impl.RoleInfo (RoleInfo.java:updateAndGet(143)) - 777be068-7a1c-4abf-ad8d-603801d8ac95: start FollowerState
2019-10-16 22:17:11,971 [c08c50e8-12e3-4a9f-8d07-a31e7885cc60@group-C432D6B1530C-LeaderElection71] INFO  impl.LeaderElection (LeaderElection.java:logAndReturn(56)) - c08c50e8-12e3-4a9f-8d07-a31e7885cc60@group-C432D6B1530C-LeaderElection71: Election REJECTED; received 2 response(s) [c08c50e8-12e3-4a9f-8d07-a31e7885cc60<-c877b40c-f70f-4e08-bb9d-91bddb5d6847#0:FAIL-t74, c08c50e8-12e3-4a9f-8d07-a31e7885cc60<-777be068-7a1c-4abf-ad8d-603801d8ac95#0:FAIL-t74] and 0 exception(s); c08c50e8-12e3-4a9f-8d07-a31e7885cc60@group-C432D6B1530C:t74, leader=null, voted=c08c50e8-12e3-4a9f-8d07-a31e7885cc60, raftlog=c08c50e8-12e3-4a9f-8d07-a31e7885cc60@group-C432D6B1530C-SegmentedRaftLog:OPENED:c-1,f-1,i0, conf=-1: [c877b40c-f70f-4e08-bb9d-91bddb5d6847:192.168.34.38:40232, 777be068-7a1c-4abf-ad8d-603801d8ac95:192.168.34.38:35329, c08c50e8-12e3-4a9f-8d07-a31e7885cc60:192.168.34.38:44255], old=null
2019-10-16 22:17:11,971 [c08c50e8-12e3-4a9f-8d07-a31e7885cc60@group-C432D6B1530C-LeaderElection71] INFO  impl.RaftServerImpl (RaftServerImpl.java:setRole(184)) - c08c50e8-12e3-4a9f-8d07-a31e7885cc60@group-C432D6B1530C: changes role from CANDIDATE to FOLLOWER at term 74 for DISCOVERED_A_NEW_TERM
2019-10-16 22:17:11,971 [c08c50e8-12e3-4a9f-8d07-a31e7885cc60@group-C432D6B1530C-LeaderElection71] INFO  impl.RoleInfo (RoleInfo.java:shutdownLeaderElection(134)) - c08c50e8-12e3-4a9f-8d07-a31e7885cc60: shutdown LeaderElection
2019-10-16 22:17:11,971 [c08c50e8-12e3-4a9f-8d07-a31e7885cc60@group-C432D6B1530C-LeaderElection71] INFO  impl.RoleInfo (RoleInfo.java:updateAndGet(143)) - c08c50e8-12e3-4a9f-8d07-a31e7885cc60: start FollowerState
2019-10-16 22:17:12,054 [Thread-919] INFO  impl.FollowerState (FollowerState.java:run(108)) - c08c50e8-12e3-4a9f-8d07-a31e7885cc60@group-C432D6B1530C-FollowerState: change to CANDIDATE, lastRpcTime:82ms, electionTimeout:82ms
2019-10-16 22:17:12,054 [Thread-919] INFO  impl.RoleInfo (RoleInfo.java:shutdownFollowerState(121)) - c08c50e8-12e3-4a9f-8d07-a31e7885cc60: shutdown FollowerState
2019-10-16 22:17:12,054 [Thread-919] INFO  impl.RaftServerImpl (RaftServerImpl.java:setRole(184)) - c08c50e8-12e3-4a9f-8d07-a31e7885cc60@group-C432D6B1530C: changes role from  FOLLOWER to CANDIDATE at term 74 for changeToCandidate
2019-10-16 22:17:12,054 [Thread-919] INFO  impl.RoleInfo (RoleInfo.java:updateAndGet(143)) - c08c50e8-12e3-4a9f-8d07-a31e7885cc60: start LeaderElection
2019-10-16 22:17:12,068 [c08c50e8-12e3-4a9f-8d07-a31e7885cc60@group-C432D6B1530C-LeaderElection72] INFO  impl.LeaderElection (LeaderElection.java:askForVotes(178)) - c08c50e8-12e3-4a9f-8d07-a31e7885cc60@group-C432D6B1530C-LeaderElection72: begin an election at term 75 for -1: [c877b40c-f70f-4e08-bb9d-91bddb5d6847:192.168.34.38:40232, 777be068-7a1c-4abf-ad8d-603801d8ac95:192.168.34.38:35329, c08c50e8-12e3-4a9f-8d07-a31e7885cc60:192.168.34.38:44255], old=null
2019-10-16 22:17:12,071 [grpc-default-executor-1] INFO  impl.RaftServerImpl (RaftServerImpl.java:setRole(184)) - c877b40c-f70f-4e08-bb9d-91bddb5d6847@group-C432D6B1530C: changes role from  FOLLOWER to FOLLOWER at term 75 for recognizeCandidate:c08c50e8-12e3-4a9f-8d07-a31e7885cc60
2019-10-16 22:17:12,071 [c08c50e8-12e3-4a9f-8d07-a31e7885cc60@group-C432D6B1530C-LeaderElection72] INFO  impl.LeaderElection (LeaderElection.java:logAndReturn(56)) - c08c50e8-12e3-4a9f-8d07-a31e7885cc60@group-C432D6B1530C-LeaderElection72: Election TIMEOUT; received 0 response(s) [] and 0 exception(s); c08c50e8-12e3-4a9f-8d07-a31e7885cc60@group-C432D6B1530C:t75, leader=null, voted=c08c50e8-12e3-4a9f-8d07-a31e7885cc60, raftlog=c08c50e8-12e3-4a9f-8d07-a31e7885cc60@group-C432D6B1530C-SegmentedRaftLog:OPENED:c-1,f-1,i0, conf=-1: [c877b40c-f70f-4e08-bb9d-91bddb5d6847:192.168.34.38:40232, 777be068-7a1c-4abf-ad8d-603801d8ac95:192.168.34.38:35329, c08c50e8-12e3-4a9f-8d07-a31e7885cc60:192.168.34.38:44255], old=null
2019-10-16 22:17:12,071 [grpc-default-executor-2] INFO  impl.RaftServerImpl (RaftServerImpl.java:setRole(184)) - 777be068-7a1c-4abf-ad8d-603801d8ac95@group-C432D6B1530C: changes role from  FOLLOWER to FOLLOWER at term 75 for recognizeCandidate:c08c50e8-12e3-4a9f-8d07-a31e7885cc60
2019-10-16 22:17:12,072 [grpc-default-executor-2] INFO  impl.RoleInfo (RoleInfo.java:shutdownFollowerState(121)) - 777be068-7a1c-4abf-ad8d-603801d8ac95: shutdown FollowerState
2019-10-16 22:17:12,071 [grpc-default-executor-1] INFO  impl.RoleInfo (RoleInfo.java:shutdownFollowerState(121)) - c877b40c-f70f-4e08-bb9d-91bddb5d6847: shutdown FollowerState
2019-10-16 22:17:12,072 [grpc-default-executor-2] INFO  impl.RoleInfo (RoleInfo.java:updateAndGet(143)) - 777be068-7a1c-4abf-ad8d-603801d8ac95: start FollowerState
2019-10-16 22:17:12,072 [Thread-918] INFO  impl.FollowerState (FollowerState.java:run(117)) - 777be068-7a1c-4abf-ad8d-603801d8ac95@group-C432D6B1530C-FollowerState was interrupted: java.lang.InterruptedException: sleep interrupted
2019-10-16 22:17:12,072 [Thread-917] INFO  impl.FollowerState (FollowerState.java:run(117)) - c877b40c-f70f-4e08-bb9d-91bddb5d6847@group-C432D6B1530C-FollowerState was interrupted: java.lang.InterruptedException: sleep interrupted
2019-10-16 22:17:12,072 [grpc-default-executor-1] INFO  impl.RoleInfo (RoleInfo.java:updateAndGet(143)) - c877b40c-f70f-4e08-bb9d-91bddb5d6847: start FollowerState
2019-10-16 22:17:12,085 [c08c50e8-12e3-4a9f-8d07-a31e7885cc60@group-C432D6B1530C-LeaderElection72] INFO  impl.LeaderElection (LeaderElection.java:askForVotes(178)) - c08c50e8-12e3-4a9f-8d07-a31e7885cc60@group-C432D6B1530C-LeaderElection72: begin an election at term 76 for -1: [c877b40c-f70f-4e08-bb9d-91bddb5d6847:192.168.34.38:40232, 777be068-7a1c-4abf-ad8d-603801d8ac95:192.168.34.38:35329, c08c50e8-12e3-4a9f-8d07-a31e7885cc60:192.168.34.38:44255], old=null
2019-10-16 22:17:12,088 [grpc-default-executor-2] INFO  impl.RaftServerImpl (RaftServerImpl.java:setRole(184)) - c877b40c-f70f-4e08-bb9d-91bddb5d6847@group-C432D6B1530C: changes role from  FOLLOWER to FOLLOWER at term 76 for recognizeCandidate:c08c50e8-12e3-4a9f-8d07-a31e7885cc60
2019-10-16 22:17:12,088 [grpc-default-executor-2] INFO  impl.RoleInfo (RoleInfo.java:shutdownFollowerState(121)) - c877b40c-f70f-4e08-bb9d-91bddb5d6847: shutdown FollowerState
2019-10-16 22:17:12,088 [grpc-default-executor-1] INFO  impl.RaftServerImpl (RaftServerImpl.java:setRole(184)) - 777be068-7a1c-4abf-ad8d-603801d8ac95@group-C432D6B1530C: changes role from  FOLLOWER to FOLLOWER at term 76 for recognizeCandidate:c08c50e8-12e3-4a9f-8d07-a31e7885cc60
2019-10-16 22:17:12,088 [Thread-924] INFO  impl.FollowerState (FollowerState.java:run(117)) - c877b40c-f70f-4e08-bb9d-91bddb5d6847@group-C432D6B1530C-FollowerState was interrupted: java.lang.InterruptedException: sleep interrupted
2019-10-16 22:17:12,088 [grpc-default-executor-2] INFO  impl.RoleInfo (RoleInfo.java:updateAndGet(143)) - c877b40c-f70f-4e08-bb9d-91bddb5d6847: start FollowerState
2019-10-16 22:17:12,088 [grpc-default-executor-1] INFO  impl.RoleInfo (RoleInfo.java:shutdownFollowerState(121)) - 777be068-7a1c-4abf-ad8d-603801d8ac95: shutdown FollowerState
2019-10-16 22:17:12,089 [grpc-default-executor-1] INFO  impl.RoleInfo (RoleInfo.java:updateAndGet(143)) - 777be068-7a1c-4abf-ad8d-603801d8ac95: start FollowerState
2019-10-16 22:17:12,089 [Thread-923] INFO  impl.FollowerState (FollowerState.java:run(117)) - 777be068-7a1c-4abf-ad8d-603801d8ac95@group-C432D6B1530C-FollowerState was interrupted: java.lang.InterruptedException: sleep interrupted
2019-10-16 22:17:12,104 [c08c50e8-12e3-4a9f-8d07-a31e7885cc60@group-C432D6B1530C-LeaderElection72] INFO  impl.LeaderElection (LeaderElection.java:logAndReturn(56)) - c08c50e8-12e3-4a9f-8d07-a31e7885cc60@group-C432D6B1530C-LeaderElection72: Election REJECTED; received 2 response(s) [c08c50e8-12e3-4a9f-8d07-a31e7885cc60<-c877b40c-f70f-4e08-bb9d-91bddb5d6847#0:FAIL-t76, c08c50e8-12e3-4a9f-8d07-a31e7885cc60<-777be068-7a1c-4abf-ad8d-603801d8ac95#0:FAIL-t76] and 0 exception(s); c08c50e8-12e3-4a9f-8d07-a31e7885cc60@group-C432D6B1530C:t76, leader=null, voted=c08c50e8-12e3-4a9f-8d07-a31e7885cc60, raftlog=c08c50e8-12e3-4a9f-8d07-a31e7885cc60@group-C432D6B1530C-SegmentedRaftLog:OPENED:c-1,f-1,i0, conf=-1: [c877b40c-f70f-4e08-bb9d-91bddb5d6847:192.168.34.38:40232, 777be068-7a1c-4abf-ad8d-603801d8ac95:192.168.34.38:35329, c08c50e8-12e3-4a9f-8d07-a31e7885cc60:192.168.34.38:44255], old=null
2019-10-16 22:17:12,104 [c08c50e8-12e3-4a9f-8d07-a31e7885cc60@group-C432D6B1530C-LeaderElection72] INFO  impl.RaftServerImpl (RaftServerImpl.java:setRole(184)) - c08c50e8-12e3-4a9f-8d07-a31e7885cc60@group-C432D6B1530C: changes role from CANDIDATE to FOLLOWER at term 76 for DISCOVERED_A_NEW_TERM
2019-10-16 22:17:12,104 [c08c50e8-12e3-4a9f-8d07-a31e7885cc60@group-C432D6B1530C-LeaderElection72] INFO  impl.RoleInfo (RoleInfo.java:shutdownLeaderElection(134)) - c08c50e8-12e3-4a9f-8d07-a31e7885cc60: shutdown LeaderElection
2019-10-16 22:17:12,105 [c08c50e8-12e3-4a9f-8d07-a31e7885cc60@group-C432D6B1530C-LeaderElection72] INFO  impl.RoleInfo (RoleInfo.java:updateAndGet(143)) - c08c50e8-12e3-4a9f-8d07-a31e7885cc60: start FollowerState
2019-10-16 22:17:12,159 [Thread-929] INFO  impl.FollowerState (FollowerState.java:run(108)) - c08c50e8-12e3-4a9f-8d07-a31e7885cc60@group-C432D6B1530C-FollowerState: change to CANDIDATE, lastRpcTime:54ms, electionTimeout:54ms
2019-10-16 22:17:12,159 [Thread-929] INFO  impl.RoleInfo (RoleInfo.java:shutdownFollowerState(121)) - c08c50e8-12e3-4a9f-8d07-a31e7885cc60: shutdown FollowerState
2019-10-16 22:17:12,159 [Thread-929] INFO  impl.RaftServerImpl (RaftServerImpl.java:setRole(184)) - c08c50e8-12e3-4a9f-8d07-a31e7885cc60@group-C432D6B1530C: changes role from  FOLLOWER to CANDIDATE at term 76 for changeToCandidate
2019-10-16 22:17:12,160 [Thread-929] INFO  impl.RoleInfo (RoleInfo.java:updateAndGet(143)) - c08c50e8-12e3-4a9f-8d07-a31e7885cc60: start LeaderElection
2019-10-16 22:17:12,174 [c08c50e8-12e3-4a9f-8d07-a31e7885cc60@group-C432D6B1530C-LeaderElection73] INFO  impl.LeaderElection (LeaderElection.java:askForVotes(178)) - c08c50e8-12e3-4a9f-8d07-a31e7885cc60@group-C432D6B1530C-LeaderElection73: begin an election at term 77 for -1: [c877b40c-f70f-4e08-bb9d-91bddb5d6847:192.168.34.38:40232, 777be068-7a1c-4abf-ad8d-603801d8ac95:192.168.34.38:35329, c08c50e8-12e3-4a9f-8d07-a31e7885cc60:192.168.34.38:44255], old=null
2019-10-16 22:17:12,176 [grpc-default-executor-1] INFO  impl.RaftServerImpl (RaftServerImpl.java:setRole(184)) - c877b40c-f70f-4e08-bb9d-91bddb5d6847@group-C432D6B1530C: changes role from  FOLLOWER to FOLLOWER at term 77 for recognizeCandidate:c08c50e8-12e3-4a9f-8d07-a31e7885cc60
2019-10-16 22:17:12,176 [grpc-default-executor-1] INFO  impl.RoleInfo (RoleInfo.java:shutdownFollowerState(121)) - c877b40c-f70f-4e08-bb9d-91bddb5d6847: shutdown FollowerState
2019-10-16 22:17:12,177 [grpc-default-executor-2] INFO  impl.RaftServerImpl (RaftServerImpl.java:setRole(184)) - 777be068-7a1c-4abf-ad8d-603801d8ac95@group-C432D6B1530C: changes role from  FOLLOWER to FOLLOWER at term 77 for recognizeCandidate:c08c50e8-12e3-4a9f-8d07-a31e7885cc60
2019-10-16 22:17:12,177 [Thread-927] INFO  impl.FollowerState (FollowerState.java:run(117)) - c877b40c-f70f-4e08-bb9d-91bddb5d6847@group-C432D6B1530C-FollowerState was interrupted: java.lang.InterruptedException: sleep interrupted
2019-10-16 22:17:12,177 [grpc-default-executor-1] INFO  impl.RoleInfo (RoleInfo.java:updateAndGet(143)) - c877b40c-f70f-4e08-bb9d-91bddb5d6847: start FollowerState
2019-10-16 22:17:12,177 [grpc-default-executor-2] INFO  impl.RoleInfo (RoleInfo.java:shutdownFollowerState(121)) - 777be068-7a1c-4abf-ad8d-603801d8ac95: shutdown FollowerState
2019-10-16 22:17:12,177 [grpc-default-executor-2] INFO  impl.RoleInfo (RoleInfo.java:updateAndGet(143)) - 777be068-7a1c-4abf-ad8d-603801d8ac95: start FollowerState
2019-10-16 22:17:12,177 [Thread-928] INFO  impl.FollowerState (FollowerState.java:run(117)) - 777be068-7a1c-4abf-ad8d-603801d8ac95@group-C432D6B1530C-FollowerState was interrupted: java.lang.InterruptedException: sleep interrupted
2019-10-16 22:17:12,214 [c08c50e8-12e3-4a9f-8d07-a31e7885cc60@group-C432D6B1530C-LeaderElection73] INFO  impl.LeaderElection (LeaderElection.java:logAndReturn(56)) - c08c50e8-12e3-4a9f-8d07-a31e7885cc60@group-C432D6B1530C-LeaderElection73: Election REJECTED; received 2 response(s) [c08c50e8-12e3-4a9f-8d07-a31e7885cc60<-c877b40c-f70f-4e08-bb9d-91bddb5d6847#0:FAIL-t77, c08c50e8-12e3-4a9f-8d07-a31e7885cc60<-777be068-7a1c-4abf-ad8d-603801d8ac95#0:FAIL-t77] and 0 exception(s); c08c50e8-12e3-4a9f-8d07-a31e7885cc60@group-C432D6B1530C:t77, leader=null, voted=c08c50e8-12e3-4a9f-8d07-a31e7885cc60, raftlog=c08c50e8-12e3-4a9f-8d07-a31e7885cc60@group-C432D6B1530C-SegmentedRaftLog:OPENED:c-1,f-1,i0, conf=-1: [c877b40c-f70f-4e08-bb9d-91bddb5d6847:192.168.34.38:40232, 777be068-7a1c-4abf-ad8d-603801d8ac95:192.168.34.38:35329, c08c50e8-12e3-4a9f-8d07-a31e7885cc60:192.168.34.38:44255], old=null
2019-10-16 22:17:12,214 [c08c50e8-12e3-4a9f-8d07-a31e7885cc60@group-C432D6B1530C-LeaderElection73] INFO  impl.RaftServerImpl (RaftServerImpl.java:setRole(184)) - c08c50e8-12e3-4a9f-8d07-a31e7885cc60@group-C432D6B1530C: changes role from CANDIDATE to FOLLOWER at term 77 for DISCOVERED_A_NEW_TERM
2019-10-16 22:17:12,214 [c08c50e8-12e3-4a9f-8d07-a31e7885cc60@group-C432D6B1530C-LeaderElection73] INFO  impl.RoleInfo (RoleInfo.java:shutdownLeaderElection(134)) - c08c50e8-12e3-4a9f-8d07-a31e7885cc60: shutdown LeaderElection
2019-10-16 22:17:12,215 [c08c50e8-12e3-4a9f-8d07-a31e7885cc60@group-C432D6B1530C-LeaderElection73] INFO  impl.RoleInfo (RoleInfo.java:updateAndGet(143)) - c08c50e8-12e3-4a9f-8d07-a31e7885cc60: start FollowerState
2019-10-16 22:17:12,218 [Thread-935] INFO  impl.FollowerState (FollowerState.java:run(108)) - c08c50e8-12e3-4a9f-8d07-a31e7885cc60@group-C432D6B1530C-FollowerState: change to CANDIDATE, lastRpcTime:3ms, electionTimeout:3ms
2019-10-16 22:17:12,218 [Thread-935] INFO  impl.RoleInfo (RoleInfo.java:shutdownFollowerState(121)) - c08c50e8-12e3-4a9f-8d07-a31e7885cc60: shutdown FollowerState
2019-10-16 22:17:12,219 [Thread-935] INFO  impl.RaftServerImpl (RaftServerImpl.java:setRole(184)) - c08c50e8-12e3-4a9f-8d07-a31e7885cc60@group-C432D6B1530C: changes role from  FOLLOWER to CANDIDATE at term 77 for changeToCandidate
2019-10-16 22:17:12,219 [Thread-935] INFO  impl.RoleInfo (RoleInfo.java:updateAndGet(143)) - c08c50e8-12e3-4a9f-8d07-a31e7885cc60: start LeaderElection
2019-10-16 22:17:12,232 [c08c50e8-12e3-4a9f-8d07-a31e7885cc60@group-C432D6B1530C-LeaderElection74] INFO  impl.LeaderElection (LeaderElection.java:askForVotes(178)) - c08c50e8-12e3-4a9f-8d07-a31e7885cc60@group-C432D6B1530C-LeaderElection74: begin an election at term 78 for -1: [c877b40c-f70f-4e08-bb9d-91bddb5d6847:192.168.34.38:40232, 777be068-7a1c-4abf-ad8d-603801d8ac95:192.168.34.38:35329, c08c50e8-12e3-4a9f-8d07-a31e7885cc60:192.168.34.38:44255], old=null
2019-10-16 22:17:12,234 [grpc-default-executor-1] INFO  impl.RaftServerImpl (RaftServerImpl.java:setRole(184)) - c877b40c-f70f-4e08-bb9d-91bddb5d6847@group-C432D6B1530C: changes role from  FOLLOWER to FOLLOWER at term 78 for recognizeCandidate:c08c50e8-12e3-4a9f-8d07-a31e7885cc60
2019-10-16 22:17:12,234 [grpc-default-executor-1] INFO  impl.RoleInfo (RoleInfo.java:shutdownFollowerState(121)) - c877b40c-f70f-4e08-bb9d-91bddb5d6847: shutdown FollowerState
2019-10-16 22:17:12,235 [grpc-default-executor-2] INFO  impl.RaftServerImpl (RaftServerImpl.java:setRole(184)) - 777be068-7a1c-4abf-ad8d-603801d8ac95@group-C432D6B1530C: changes role from  FOLLOWER to FOLLOWER at term 78 for recognizeCandidate:c08c50e8-12e3-4a9f-8d07-a31e7885cc60
2019-10-16 22:17:12,235 [Thread-933] INFO  impl.FollowerState (FollowerState.java:run(117)) - c877b40c-f70f-4e08-bb9d-91bddb5d6847@group-C432D6B1530C-FollowerState was interrupted: java.lang.InterruptedException: sleep interrupted
2019-10-16 22:17:12,235 [grpc-default-executor-1] INFO  impl.RoleInfo (RoleInfo.java:updateAndGet(143)) - c877b40c-f70f-4e08-bb9d-91bddb5d6847: start FollowerState
2019-10-16 22:17:12,235 [grpc-default-executor-2] INFO  impl.RoleInfo (RoleInfo.java:shutdownFollowerState(121)) - 777be068-7a1c-4abf-ad8d-603801d8ac95: shutdown FollowerState
2019-10-16 22:17:12,235 [grpc-default-executor-2] INFO  impl.RoleInfo (RoleInfo.java:updateAndGet(143)) - 777be068-7a1c-4abf-ad8d-603801d8ac95: start FollowerState
2019-10-16 22:17:12,235 [Thread-934] INFO  impl.FollowerState (FollowerState.java:run(117)) - 777be068-7a1c-4abf-ad8d-603801d8ac95@group-C432D6B1530C-FollowerState was interrupted: java.lang.InterruptedException: sleep interrupted
2019-10-16 22:17:12,243 [c08c50e8-12e3-4a9f-8d07-a31e7885cc60@group-C432D6B1530C-LeaderElection74] INFO  impl.LeaderElection (LeaderElection.java:logAndReturn(56)) - c08c50e8-12e3-4a9f-8d07-a31e7885cc60@group-C432D6B1530C-LeaderElection74: Election REJECTED; received 2 response(s) [c08c50e8-12e3-4a9f-8d07-a31e7885cc60<-c877b40c-f70f-4e08-bb9d-91bddb5d6847#0:FAIL-t78, c08c50e8-12e3-4a9f-8d07-a31e7885cc60<-777be068-7a1c-4abf-ad8d-603801d8ac95#0:FAIL-t78] and 0 exception(s); c08c50e8-12e3-4a9f-8d07-a31e7885cc60@group-C432D6B1530C:t78, leader=null, voted=c08c50e8-12e3-4a9f-8d07-a31e7885cc60, raftlog=c08c50e8-12e3-4a9f-8d07-a31e7885cc60@group-C432D6B1530C-SegmentedRaftLog:OPENED:c-1,f-1,i0, conf=-1: [c877b40c-f70f-4e08-bb9d-91bddb5d6847:192.168.34.38:40232, 777be068-7a1c-4abf-ad8d-603801d8ac95:192.168.34.38:35329, c08c50e8-12e3-4a9f-8d07-a31e7885cc60:192.168.34.38:44255], old=null
2019-10-16 22:17:12,243 [c08c50e8-12e3-4a9f-8d07-a31e7885cc60@group-C432D6B1530C-LeaderElection74] INFO  impl.RaftServerImpl (RaftServerImpl.java:setRole(184)) - c08c50e8-12e3-4a9f-8d07-a31e7885cc60@group-C432D6B1530C: changes role from CANDIDATE to FOLLOWER at term 78 for DISCOVERED_A_NEW_TERM
2019-10-16 22:17:12,244 [c08c50e8-12e3-4a9f-8d07-a31e7885cc60@group-C432D6B1530C-LeaderElection74] INFO  impl.RoleInfo (RoleInfo.java:shutdownLeaderElection(134)) - c08c50e8-12e3-4a9f-8d07-a31e7885cc60: shutdown LeaderElection
2019-10-16 22:17:12,244 [c08c50e8-12e3-4a9f-8d07-a31e7885cc60@group-C432D6B1530C-LeaderElection74] INFO  impl.RoleInfo (RoleInfo.java:updateAndGet(143)) - c08c50e8-12e3-4a9f-8d07-a31e7885cc60: start FollowerState
2019-10-16 22:17:12,342 [Thread-941] INFO  impl.FollowerState (FollowerState.java:run(108)) - c08c50e8-12e3-4a9f-8d07-a31e7885cc60@group-C432D6B1530C-FollowerState: change to CANDIDATE, lastRpcTime:98ms, electionTimeout:98ms
2019-10-16 22:17:12,343 [Thread-941] INFO  impl.RoleInfo (RoleInfo.java:shutdownFollowerState(121)) - c08c50e8-12e3-4a9f-8d07-a31e7885cc60: shutdown FollowerState
2019-10-16 22:17:12,343 [Thread-941] INFO  impl.RaftServerImpl (RaftServerImpl.java:setRole(184)) - c08c50e8-12e3-4a9f-8d07-a31e7885cc60@group-C432D6B1530C: changes role from  FOLLOWER to CANDIDATE at term 78 for changeToCandidate
2019-10-16 22:17:12,343 [Thread-941] INFO  impl.RoleInfo (RoleInfo.java:updateAndGet(143)) - c08c50e8-12e3-4a9f-8d07-a31e7885cc60: start LeaderElection
2019-10-16 22:17:12,358 [c08c50e8-12e3-4a9f-8d07-a31e7885cc60@group-C432D6B1530C-LeaderElection75] INFO  impl.LeaderElection (LeaderElection.java:askForVotes(178)) - c08c50e8-12e3-4a9f-8d07-a31e7885cc60@group-C432D6B1530C-LeaderElection75: begin an election at term 79 for -1: [c877b40c-f70f-4e08-bb9d-91bddb5d6847:192.168.34.38:40232, 777be068-7a1c-4abf-ad8d-603801d8ac95:192.168.34.38:35329, c08c50e8-12e3-4a9f-8d07-a31e7885cc60:192.168.34.38:44255], old=null
2019-10-16 22:17:12,361 [grpc-default-executor-2] INFO  impl.RaftServerImpl (RaftServerImpl.java:setRole(184)) - c877b40c-f70f-4e08-bb9d-91bddb5d6847@group-C432D6B1530C: changes role from  FOLLOWER to FOLLOWER at term 79 for recognizeCandidate:c08c50e8-12e3-4a9f-8d07-a31e7885cc60
2019-10-16 22:17:12,361 [grpc-default-executor-2] INFO  impl.RoleInfo (RoleInfo.java:shutdownFollowerState(121)) - c877b40c-f70f-4e08-bb9d-91bddb5d6847: shutdown FollowerState
2019-10-16 22:17:12,361 [grpc-default-executor-1] INFO  impl.RaftServerImpl (RaftServerImpl.java:setRole(184)) - 777be068-7a1c-4abf-ad8d-603801d8ac95@group-C432D6B1530C: changes role from  FOLLOWER to FOLLOWER at term 79 for recognizeCandidate:c08c50e8-12e3-4a9f-8d07-a31e7885cc60
2019-10-16 22:17:12,361 [Thread-939] INFO  impl.FollowerState (FollowerState.java:run(117)) - c877b40c-f70f-4e08-bb9d-91bddb5d6847@group-C432D6B1530C-FollowerState was interrupted: java.lang.InterruptedException: sleep interrupted
2019-10-16 22:17:12,361 [grpc-default-executor-2] INFO  impl.RoleInfo (RoleInfo.java:updateAndGet(143)) - c877b40c-f70f-4e08-bb9d-91bddb5d6847: start FollowerState
2019-10-16 22:17:12,361 [grpc-default-executor-1] INFO  impl.RoleInfo (RoleInfo.java:shutdownFollowerState(121)) - 777be068-7a1c-4abf-ad8d-603801d8ac95: shutdown FollowerState
2019-10-16 22:17:12,362 [grpc-default-executor-1] INFO  impl.RoleInfo (RoleInfo.java:updateAndGet(143)) - 777be068-7a1c-4abf-ad8d-603801d8ac95: start FollowerState
2019-10-16 22:17:12,362 [Thread-940] INFO  impl.FollowerState (FollowerState.java:run(117)) - 777be068-7a1c-4abf-ad8d-603801d8ac95@group-C432D6B1530C-FollowerState was interrupted: java.lang.InterruptedException: sleep interrupted
2019-10-16 22:17:12,398 [c08c50e8-12e3-4a9f-8d07-a31e7885cc60@group-C432D6B1530C-LeaderElection75] INFO  impl.LeaderElection (LeaderElection.java:logAndReturn(56)) - c08c50e8-12e3-4a9f-8d07-a31e7885cc60@group-C432D6B1530C-LeaderElection75: Election REJECTED; received 2 response(s) [c08c50e8-12e3-4a9f-8d07-a31e7885cc60<-c877b40c-f70f-4e08-bb9d-91bddb5d6847#0:FAIL-t79, c08c50e8-12e3-4a9f-8d07-a31e7885cc60<-777be068-7a1c-4abf-ad8d-603801d8ac95#0:FAIL-t79] and 0 exception(s); c08c50e8-12e3-4a9f-8d07-a31e7885cc60@group-C432D6B1530C:t79, leader=null, voted=c08c50e8-12e3-4a9f-8d07-a31e7885cc60, raftlog=c08c50e8-12e3-4a9f-8d07-a31e7885cc60@group-C432D6B1530C-SegmentedRaftLog:OPENED:c-1,f-1,i0, conf=-1: [c877b40c-f70f-4e08-bb9d-91bddb5d6847:192.168.34.38:40232, 777be068-7a1c-4abf-ad8d-603801d8ac95:192.168.34.38:35329, c08c50e8-12e3-4a9f-8d07-a31e7885cc60:192.168.34.38:44255], old=null
2019-10-16 22:17:12,398 [c08c50e8-12e3-4a9f-8d07-a31e7885cc60@group-C432D6B1530C-LeaderElection75] INFO  impl.RaftServerImpl (RaftServerImpl.java:setRole(184)) - c08c50e8-12e3-4a9f-8d07-a31e7885cc60@group-C432D6B1530C: changes role from CANDIDATE to FOLLOWER at term 79 for DISCOVERED_A_NEW_TERM
2019-10-16 22:17:12,398 [c08c50e8-12e3-4a9f-8d07-a31e7885cc60@group-C432D6B1530C-LeaderElection75] INFO  impl.RoleInfo (RoleInfo.java:shutdownLeaderElection(134)) - c08c50e8-12e3-4a9f-8d07-a31e7885cc60: shutdown LeaderElection
2019-10-16 22:17:12,398 [c08c50e8-12e3-4a9f-8d07-a31e7885cc60@group-C432D6B1530C-LeaderElection75] INFO  impl.RoleInfo (RoleInfo.java:updateAndGet(143)) - c08c50e8-12e3-4a9f-8d07-a31e7885cc60: start FollowerState
2019-10-16 22:17:12,585 [Thread-947] INFO  impl.FollowerState (FollowerState.java:run(108)) - c08c50e8-12e3-4a9f-8d07-a31e7885cc60@group-C432D6B1530C-FollowerState: change to CANDIDATE, lastRpcTime:186ms, electionTimeout:186ms
2019-10-16 22:17:12,585 [Thread-947] INFO  impl.RoleInfo (RoleInfo.java:shutdownFollowerState(121)) - c08c50e8-12e3-4a9f-8d07-a31e7885cc60: shutdown FollowerState
2019-10-16 22:17:12,585 [Thread-947] INFO  impl.RaftServerImpl (RaftServerImpl.java:setRole(184)) - c08c50e8-12e3-4a9f-8d07-a31e7885cc60@group-C432D6B1530C: changes role from  FOLLOWER to CANDIDATE at term 79 for changeToCandidate
2019-10-16 22:17:12,586 [Thread-947] INFO  impl.RoleInfo (RoleInfo.java:updateAndGet(143)) - c08c50e8-12e3-4a9f-8d07-a31e7885cc60: start LeaderElection
2019-10-16 22:17:12,600 [c08c50e8-12e3-4a9f-8d07-a31e7885cc60@group-C432D6B1530C-LeaderElection76] INFO  impl.LeaderElection (LeaderElection.java:askForVotes(178)) - c08c50e8-12e3-4a9f-8d07-a31e7885cc60@group-C432D6B1530C-LeaderElection76: begin an election at term 80 for -1: [c877b40c-f70f-4e08-bb9d-91bddb5d6847:192.168.34.38:40232, 777be068-7a1c-4abf-ad8d-603801d8ac95:192.168.34.38:35329, c08c50e8-12e3-4a9f-8d07-a31e7885cc60:192.168.34.38:44255], old=null
2019-10-16 22:17:12,603 [grpc-default-executor-1] INFO  impl.RaftServerImpl (RaftServerImpl.java:setRole(184)) - 777be068-7a1c-4abf-ad8d-603801d8ac95@group-C432D6B1530C: changes role from  FOLLOWER to FOLLOWER at term 80 for recognizeCandidate:c08c50e8-12e3-4a9f-8d07-a31e7885cc60
2019-10-16 22:17:12,603 [grpc-default-executor-2] INFO  impl.RaftServerImpl (RaftServerImpl.java:setRole(184)) - c877b40c-f70f-4e08-bb9d-91bddb5d6847@group-C432D6B1530C: changes role from  FOLLOWER to FOLLOWER at term 80 for recognizeCandidate:c08c50e8-12e3-4a9f-8d07-a31e7885cc60
2019-10-16 22:17:12,603 [grpc-default-executor-1] INFO  impl.RoleInfo (RoleInfo.java:shutdownFollowerState(121)) - 777be068-7a1c-4abf-ad8d-603801d8ac95: shutdown FollowerState
2019-10-16 22:17:12,603 [grpc-default-executor-2] INFO  impl.RoleInfo (RoleInfo.java:shutdownFollowerState(121)) - c877b40c-f70f-4e08-bb9d-91bddb5d6847: shutdown FollowerState
2019-10-16 22:17:12,604 [Thread-946] INFO  impl.FollowerState (FollowerState.java:run(117)) - 777be068-7a1c-4abf-ad8d-603801d8ac95@group-C432D6B1530C-FollowerState was interrupted: java.lang.InterruptedException: sleep interrupted
2019-10-16 22:17:12,604 [grpc-default-executor-1] INFO  impl.RoleInfo (RoleInfo.java:updateAndGet(143)) - 777be068-7a1c-4abf-ad8d-603801d8ac95: start FollowerState
2019-10-16 22:17:12,604 [Thread-945] INFO  impl.FollowerState (FollowerState.java:run(117)) - c877b40c-f70f-4e08-bb9d-91bddb5d6847@group-C432D6B1530C-FollowerState was interrupted: java.lang.InterruptedException: sleep interrupted
2019-10-16 22:17:12,604 [grpc-default-executor-2] INFO  impl.RoleInfo (RoleInfo.java:updateAndGet(143)) - c877b40c-f70f-4e08-bb9d-91bddb5d6847: start FollowerState
2019-10-16 22:17:12,619 [c08c50e8-12e3-4a9f-8d07-a31e7885cc60@group-C432D6B1530C-LeaderElection76] INFO  impl.LeaderElection (LeaderElection.java:logAndReturn(56)) - c08c50e8-12e3-4a9f-8d07-a31e7885cc60@group-C432D6B1530C-LeaderElection76: Election REJECTED; received 2 response(s) [c08c50e8-12e3-4a9f-8d07-a31e7885cc60<-c877b40c-f70f-4e08-bb9d-91bddb5d6847#0:FAIL-t80, c08c50e8-12e3-4a9f-8d07-a31e7885cc60<-777be068-7a1c-4abf-ad8d-603801d8ac95#0:FAIL-t80] and 0 exception(s); c08c50e8-12e3-4a9f-8d07-a31e7885cc60@group-C432D6B1530C:t80, leader=null, voted=c08c50e8-12e3-4a9f-8d07-a31e7885cc60, raftlog=c08c50e8-12e3-4a9f-8d07-a31e7885cc60@group-C432D6B1530C-SegmentedRaftLog:OPENED:c-1,f-1,i0, conf=-1: [c877b40c-f70f-4e08-bb9d-91bddb5d6847:192.168.34.38:40232, 777be068-7a1c-4abf-ad8d-603801d8ac95:192.168.34.38:35329, c08c50e8-12e3-4a9f-8d07-a31e7885cc60:192.168.34.38:44255], old=null
2019-10-16 22:17:12,619 [c08c50e8-12e3-4a9f-8d07-a31e7885cc60@group-C432D6B1530C-LeaderElection76] INFO  impl.RaftServerImpl (RaftServerImpl.java:setRole(184)) - c08c50e8-12e3-4a9f-8d07-a31e7885cc60@group-C432D6B1530C: changes role from CANDIDATE to FOLLOWER at term 80 for DISCOVERED_A_NEW_TERM
2019-10-16 22:17:12,619 [c08c50e8-12e3-4a9f-8d07-a31e7885cc60@group-C432D6B1530C-LeaderElection76] INFO  impl.RoleInfo (RoleInfo.java:shutdownLeaderElection(134)) - c08c50e8-12e3-4a9f-8d07-a31e7885cc60: shutdown LeaderElection
2019-10-16 22:17:12,619 [c08c50e8-12e3-4a9f-8d07-a31e7885cc60@group-C432D6B1530C-LeaderElection76] INFO  impl.RoleInfo (RoleInfo.java:updateAndGet(143)) - c08c50e8-12e3-4a9f-8d07-a31e7885cc60: start FollowerState
2019-10-16 22:17:12,624 [Thread-953] INFO  impl.FollowerState (FollowerState.java:run(108)) - c08c50e8-12e3-4a9f-8d07-a31e7885cc60@group-C432D6B1530C-FollowerState: change to CANDIDATE, lastRpcTime:4ms, electionTimeout:4ms
2019-10-16 22:17:12,624 [Thread-953] INFO  impl.RoleInfo (RoleInfo.java:shutdownFollowerState(121)) - c08c50e8-12e3-4a9f-8d07-a31e7885cc60: shutdown FollowerState
2019-10-16 22:17:12,624 [Thread-953] INFO  impl.RaftServerImpl (RaftServerImpl.java:setRole(184)) - c08c50e8-12e3-4a9f-8d07-a31e7885cc60@group-C432D6B1530C: changes role from  FOLLOWER to CANDIDATE at term 80 for changeToCandidate
2019-10-16 22:17:12,624 [Thread-953] INFO  impl.RoleInfo (RoleInfo.java:updateAndGet(143)) - c08c50e8-12e3-4a9f-8d07-a31e7885cc60: start LeaderElection
2019-10-16 22:17:12,638 [c08c50e8-12e3-4a9f-8d07-a31e7885cc60@group-C432D6B1530C-LeaderElection77] INFO  impl.LeaderElection (LeaderElection.java:askForVotes(178)) - c08c50e8-12e3-4a9f-8d07-a31e7885cc60@group-C432D6B1530C-LeaderElection77: begin an election at term 81 for -1: [c877b40c-f70f-4e08-bb9d-91bddb5d6847:192.168.34.38:40232, 777be068-7a1c-4abf-ad8d-603801d8ac95:192.168.34.38:35329, c08c50e8-12e3-4a9f-8d07-a31e7885cc60:192.168.34.38:44255], old=null
2019-10-16 22:17:12,641 [grpc-default-executor-1] INFO  impl.RaftServerImpl (RaftServerImpl.java:setRole(184)) - c877b40c-f70f-4e08-bb9d-91bddb5d6847@group-C432D6B1530C: changes role from  FOLLOWER to FOLLOWER at term 81 for recognizeCandidate:c08c50e8-12e3-4a9f-8d07-a31e7885cc60
2019-10-16 22:17:12,641 [grpc-default-executor-2] INFO  impl.RaftServerImpl (RaftServerImpl.java:setRole(184)) - 777be068-7a1c-4abf-ad8d-603801d8ac95@group-C432D6B1530C: changes role from  FOLLOWER to FOLLOWER at term 81 for recognizeCandidate:c08c50e8-12e3-4a9f-8d07-a31e7885cc60
2019-10-16 22:17:12,641 [grpc-default-executor-1] INFO  impl.RoleInfo (RoleInfo.java:shutdownFollowerState(121)) - c877b40c-f70f-4e08-bb9d-91bddb5d6847: shutdown FollowerState
2019-10-16 22:17:12,641 [grpc-default-executor-2] INFO  impl.RoleInfo (RoleInfo.java:shutdownFollowerState(121)) - 777be068-7a1c-4abf-ad8d-603801d8ac95: shutdown FollowerState
2019-10-16 22:17:12,642 [Thread-952] INFO  impl.FollowerState (FollowerState.java:run(117)) - c877b40c-f70f-4e08-bb9d-91bddb5d6847@group-C432D6B1530C-FollowerState was interrupted: java.lang.InterruptedException: sleep interrupted
2019-10-16 22:17:12,642 [Thread-951] INFO  impl.FollowerState (FollowerState.java:run(117)) - 777be068-7a1c-4abf-ad8d-603801d8ac95@group-C432D6B1530C-FollowerState was interrupted: java.lang.InterruptedException: sleep interrupted
2019-10-16 22:17:12,642 [grpc-default-executor-1] INFO  impl.RoleInfo (RoleInfo.java:updateAndGet(143)) - c877b40c-f70f-4e08-bb9d-91bddb5d6847: start FollowerState
2019-10-16 22:17:12,642 [grpc-default-executor-2] INFO  impl.RoleInfo (RoleInfo.java:updateAndGet(143)) - 777be068-7a1c-4abf-ad8d-603801d8ac95: start FollowerState
2019-10-16 22:17:12,657 [c08c50e8-12e3-4a9f-8d07-a31e7885cc60@group-C432D6B1530C-LeaderElection77] INFO  impl.LeaderElection (LeaderElection.java:logAndReturn(56)) - c08c50e8-12e3-4a9f-8d07-a31e7885cc60@group-C432D6B1530C-LeaderElection77: Election REJECTED; received 2 response(s) [c08c50e8-12e3-4a9f-8d07-a31e7885cc60<-c877b40c-f70f-4e08-bb9d-91bddb5d6847#0:FAIL-t81, c08c50e8-12e3-4a9f-8d07-a31e7885cc60<-777be068-7a1c-4abf-ad8d-603801d8ac95#0:FAIL-t81] and 0 exception(s); c08c50e8-12e3-4a9f-8d07-a31e7885cc60@group-C432D6B1530C:t81, leader=null, voted=c08c50e8-12e3-4a9f-8d07-a31e7885cc60, raftlog=c08c50e8-12e3-4a9f-8d07-a31e7885cc60@group-C432D6B1530C-SegmentedRaftLog:OPENED:c-1,f-1,i0, conf=-1: [c877b40c-f70f-4e08-bb9d-91bddb5d6847:192.168.34.38:40232, 777be068-7a1c-4abf-ad8d-603801d8ac95:192.168.34.38:35329, c08c50e8-12e3-4a9f-8d07-a31e7885cc60:192.168.34.38:44255], old=null
2019-10-16 22:17:12,657 [c08c50e8-12e3-4a9f-8d07-a31e7885cc60@group-C432D6B1530C-LeaderElection77] INFO  impl.RaftServerImpl (RaftServerImpl.java:setRole(184)) - c08c50e8-12e3-4a9f-8d07-a31e7885cc60@group-C432D6B1530C: changes role from CANDIDATE to FOLLOWER at term 81 for DISCOVERED_A_NEW_TERM
2019-10-16 22:17:12,657 [c08c50e8-12e3-4a9f-8d07-a31e7885cc60@group-C432D6B1530C-LeaderElection77] INFO  impl.RoleInfo (RoleInfo.java:shutdownLeaderElection(134)) - c08c50e8-12e3-4a9f-8d07-a31e7885cc60: shutdown LeaderElection
2019-10-16 22:17:12,657 [c08c50e8-12e3-4a9f-8d07-a31e7885cc60@group-C432D6B1530C-LeaderElection77] INFO  impl.RoleInfo (RoleInfo.java:updateAndGet(143)) - c08c50e8-12e3-4a9f-8d07-a31e7885cc60: start FollowerState
2019-10-16 22:17:12,713 [Thread-959] INFO  impl.FollowerState (FollowerState.java:run(108)) - c08c50e8-12e3-4a9f-8d07-a31e7885cc60@group-C432D6B1530C-FollowerState: change to CANDIDATE, lastRpcTime:55ms, electionTimeout:55ms
2019-10-16 22:17:12,713 [Thread-959] INFO  impl.RoleInfo (RoleInfo.java:shutdownFollowerState(121)) - c08c50e8-12e3-4a9f-8d07-a31e7885cc60: shutdown FollowerState
2019-10-16 22:17:12,713 [Thread-959] INFO  impl.RaftServerImpl (RaftServerImpl.java:setRole(184)) - c08c50e8-12e3-4a9f-8d07-a31e7885cc60@group-C432D6B1530C: changes role from  FOLLOWER to CANDIDATE at term 81 for changeToCandidate
2019-10-16 22:17:12,713 [Thread-959] INFO  impl.RoleInfo (RoleInfo.java:updateAndGet(143)) - c08c50e8-12e3-4a9f-8d07-a31e7885cc60: start LeaderElection
]]></system-out>
    <system-err><![CDATA[ERROR StatusLogger No Log4j 2 configuration file found. Using default configuration (logging only errors to the console), or user programmatically provided configurations. Set system property 'log4j2.debug' to show Log4j 2 internal initialization logging. See https://logging.apache.org/log4j/2.x/manual/configuration.html for instructions on how to configure Log4j 2
]]></system-err>
  </testcase>
</testsuite>