<?xml version="1.0" encoding="UTF-8"?>
<testsuite xmlns:xsi="http://www.w3.org/2001/XMLSchema-instance" xsi:noNamespaceSchemaLocation="https://maven.apache.org/surefire/maven-surefire-plugin/xsd/surefire-test-report.xsd" name="org.apache.hadoop.ozone.client.rpc.TestWatchForCommit" time="291.817" tests="5" errors="1" skipped="0" failures="0">
  <properties>
    <property name="awt.toolkit" value="sun.awt.X11.XToolkit"/>
    <property name="file.encoding.pkg" value="sun.io"/>
    <property name="java.specification.version" value="1.8"/>
    <property name="sun.cpu.isalist" value=""/>
    <property name="sun.jnu.encoding" value="UTF-8"/>
    <property name="java.class.path" value="/workdir/hadoop-ozone/integration-test/target/test-classes:/workdir/hadoop-ozone/integration-test/target/classes:/home/user/.m2/repository/org/apache/hadoop/hadoop-ozone-common/0.5.0-SNAPSHOT/hadoop-ozone-common-0.5.0-SNAPSHOT.jar:/home/user/.m2/repository/org/apache/commons/commons-compress/1.4.1/commons-compress-1.4.1.jar:/home/user/.m2/repository/org/tukaani/xz/1.0/xz-1.0.jar:/home/user/.m2/repository/org/apache/hadoop/hadoop-common/3.2.0/hadoop-common-3.2.0.jar:/home/user/.m2/repository/org/apache/hadoop/hadoop-hdfs/3.2.0/hadoop-hdfs-3.2.0.jar:/home/user/.m2/repository/org/apache/hadoop/hadoop-hdfs-client/3.2.0/hadoop-hdfs-client-3.2.0.jar:/home/user/.m2/repository/com/fasterxml/jackson/core/jackson-annotations/2.9.9/jackson-annotations-2.9.9.jar:/home/user/.m2/repository/org/apache/hadoop/hadoop-hdds-common/0.5.0-SNAPSHOT/hadoop-hdds-common-0.5.0-SNAPSHOT.jar:/home/user/.m2/repository/javax/annotation/javax.annotation-api/1.2/javax.annotation-api-1.2.jar:/home/user/.m2/repository/org/apache/ratis/ratis-server/0.5.0-201fc85-SNAPSHOT/ratis-server-0.5.0-201fc85-SNAPSHOT.jar:/home/user/.m2/repository/org/apache/ratis/ratis-thirdparty-misc/0.2.0/ratis-thirdparty-misc-0.2.0.jar:/home/user/.m2/repository/org/apache/ratis/ratis-proto/0.5.0-201fc85-SNAPSHOT/ratis-proto-0.5.0-201fc85-SNAPSHOT.jar:/home/user/.m2/repository/org/apache/ratis/ratis-common/0.5.0-201fc85-SNAPSHOT/ratis-common-0.5.0-201fc85-SNAPSHOT.jar:/home/user/.m2/repository/org/apache/ratis/ratis-client/0.5.0-201fc85-SNAPSHOT/ratis-client-0.5.0-201fc85-SNAPSHOT.jar:/home/user/.m2/repository/org/apache/ratis/ratis-metrics/0.5.0-201fc85-SNAPSHOT/ratis-metrics-0.5.0-201fc85-SNAPSHOT.jar:/home/user/.m2/repository/com/github/joshelser/dropwizard-metrics-hadoop-metrics2-reporter/0.1.2/dropwizard-metrics-hadoop-metrics2-reporter-0.1.2.jar:/home/user/.m2/repository/io/dropwizard/metrics/metrics-jvm/3.2.5/metrics-jvm-3.2.5.jar:/home/user/.m2/repository/io/dropwizard/metrics/metrics-ganglia/3.2.5/metrics-ganglia-3.2.5.jar:/home/user/.m2/repository/info/ganglia/gmetric4j/gmetric4j/1.0.7/gmetric4j-1.0.7.jar:/home/user/.m2/repository/org/apache/ratis/ratis-netty/0.5.0-201fc85-SNAPSHOT/ratis-netty-0.5.0-201fc85-SNAPSHOT.jar:/home/user/.m2/repository/org/apache/ratis/ratis-grpc/0.5.0-201fc85-SNAPSHOT/ratis-grpc-0.5.0-201fc85-SNAPSHOT.jar:/home/user/.m2/repository/org/rocksdb/rocksdbjni/6.0.1/rocksdbjni-6.0.1.jar:/home/user/.m2/repository/org/apache/logging/log4j/log4j-api/2.11.0/log4j-api-2.11.0.jar:/home/user/.m2/repository/org/apache/logging/log4j/log4j-core/2.11.0/log4j-core-2.11.0.jar:/home/user/.m2/repository/com/lmax/disruptor/3.4.2/disruptor-3.4.2.jar:/home/user/.m2/repository/org/apache/commons/commons-pool2/2.6.0/commons-pool2-2.6.0.jar:/home/user/.m2/repository/org/bouncycastle/bcpkix-jdk15on/1.60/bcpkix-jdk15on-1.60.jar:/home/user/.m2/repository/commons-validator/commons-validator/1.6/commons-validator-1.6.jar:/home/user/.m2/repository/commons-digester/commons-digester/1.8.1/commons-digester-1.8.1.jar:/home/user/.m2/repository/io/jaegertracing/jaeger-client/0.34.0/jaeger-client-0.34.0.jar:/home/user/.m2/repository/io/jaegertracing/jaeger-thrift/0.34.0/jaeger-thrift-0.34.0.jar:/home/user/.m2/repository/org/apache/thrift/libthrift/0.12.0/libthrift-0.12.0.jar:/home/user/.m2/repository/com/squareup/okhttp3/okhttp/3.9.0/okhttp-3.9.0.jar:/home/user/.m2/repository/com/squareup/okio/okio/1.13.0/okio-1.13.0.jar:/home/user/.m2/repository/io/jaegertracing/jaeger-core/0.34.0/jaeger-core-0.34.0.jar:/home/user/.m2/repository/io/jaegertracing/jaeger-tracerresolver/0.34.0/jaeger-tracerresolver-0.34.0.jar:/home/user/.m2/repository/io/opentracing/contrib/opentracing-tracerresolver/0.1.5/opentracing-tracerresolver-0.1.5.jar:/home/user/.m2/repository/io/opentracing/opentracing-util/0.31.0/opentracing-util-0.31.0.jar:/home/user/.m2/repository/io/opentracing/opentracing-api/0.31.0/opentracing-api-0.31.0.jar:/home/user/.m2/repository/io/opentracing/opentracing-noop/0.31.0/opentracing-noop-0.31.0.jar:/home/user/.m2/repository/org/apache/hadoop/hadoop-hdds-server-framework/0.5.0-SNAPSHOT/hadoop-hdds-server-framework-0.5.0-SNAPSHOT.jar:/home/user/.m2/repository/org/apache/hadoop/hadoop-hdds-container-service/0.5.0-SNAPSHOT/hadoop-hdds-container-service-0.5.0-SNAPSHOT.jar:/home/user/.m2/repository/org/apache/hadoop/hadoop-hdds-client/0.5.0-SNAPSHOT/hadoop-hdds-client-0.5.0-SNAPSHOT.jar:/home/user/.m2/repository/org/apache/hadoop/hadoop-hdds-tools/0.5.0-SNAPSHOT/hadoop-hdds-tools-0.5.0-SNAPSHOT.jar:/home/user/.m2/repository/org/apache/hadoop/hadoop-hdds-server-scm/0.5.0-SNAPSHOT/hadoop-hdds-server-scm-0.5.0-SNAPSHOT.jar:/home/user/.m2/repository/org/apache/hadoop/hadoop-hdds-docs/0.5.0-SNAPSHOT/hadoop-hdds-docs-0.5.0-SNAPSHOT.jar:/home/user/.m2/repository/io/dropwizard/metrics/metrics-core/3.2.4/metrics-core-3.2.4.jar:/home/user/.m2/repository/org/hamcrest/hamcrest-all/1.3/hamcrest-all-1.3.jar:/home/user/.m2/repository/org/bouncycastle/bcprov-jdk15on/1.60/bcprov-jdk15on-1.60.jar:/home/user/.m2/repository/info/picocli/picocli/3.9.6/picocli-3.9.6.jar:/home/user/.m2/repository/com/google/protobuf/protobuf-java/2.5.0/protobuf-java-2.5.0.jar:/home/user/.m2/repository/com/google/guava/guava/11.0.2/guava-11.0.2.jar:/home/user/.m2/repository/org/apache/hadoop/hadoop-ozone-ozone-manager/0.5.0-SNAPSHOT/hadoop-ozone-ozone-manager-0.5.0-SNAPSHOT.jar:/home/user/.m2/repository/org/apache/hadoop/hadoop-minikdc/3.2.0/hadoop-minikdc-3.2.0.jar:/home/user/.m2/repository/commons-io/commons-io/2.5/commons-io-2.5.jar:/home/user/.m2/repository/org/apache/kerby/kerb-simplekdc/1.0.1/kerb-simplekdc-1.0.1.jar:/home/user/.m2/repository/org/apache/kerby/kerb-client/1.0.1/kerb-client-1.0.1.jar:/home/user/.m2/repository/org/apache/kerby/kerby-config/1.0.1/kerby-config-1.0.1.jar:/home/user/.m2/repository/org/apache/kerby/kerb-core/1.0.1/kerb-core-1.0.1.jar:/home/user/.m2/repository/org/apache/kerby/kerby-pkix/1.0.1/kerby-pkix-1.0.1.jar:/home/user/.m2/repository/org/apache/kerby/kerby-asn1/1.0.1/kerby-asn1-1.0.1.jar:/home/user/.m2/repository/org/apache/kerby/kerby-util/1.0.1/kerby-util-1.0.1.jar:/home/user/.m2/repository/org/apache/kerby/kerb-common/1.0.1/kerb-common-1.0.1.jar:/home/user/.m2/repository/org/apache/kerby/kerb-crypto/1.0.1/kerb-crypto-1.0.1.jar:/home/user/.m2/repository/org/apache/kerby/kerb-util/1.0.1/kerb-util-1.0.1.jar:/home/user/.m2/repository/org/apache/kerby/token-provider/1.0.1/token-provider-1.0.1.jar:/home/user/.m2/repository/org/apache/kerby/kerb-admin/1.0.1/kerb-admin-1.0.1.jar:/home/user/.m2/repository/org/apache/kerby/kerb-server/1.0.1/kerb-server-1.0.1.jar:/home/user/.m2/repository/org/apache/kerby/kerb-identity/1.0.1/kerb-identity-1.0.1.jar:/home/user/.m2/repository/org/apache/kerby/kerby-xdr/1.0.1/kerby-xdr-1.0.1.jar:/home/user/.m2/repository/org/slf4j/slf4j-log4j12/1.7.25/slf4j-log4j12-1.7.25.jar:/home/user/.m2/repository/org/apache/hadoop/hadoop-ozone-s3gateway/0.5.0-SNAPSHOT/hadoop-ozone-s3gateway-0.5.0-SNAPSHOT.jar:/home/user/.m2/repository/org/jboss/weld/servlet/weld-servlet/2.4.7.Final/weld-servlet-2.4.7.Final.jar:/home/user/.m2/repository/org/glassfish/jersey/containers/jersey-container-servlet-core/2.27/jersey-container-servlet-core-2.27.jar:/home/user/.m2/repository/org/glassfish/hk2/external/javax.inject/2.5.0-b42/javax.inject-2.5.0-b42.jar:/home/user/.m2/repository/org/glassfish/jersey/core/jersey-common/2.27/jersey-common-2.27.jar:/home/user/.m2/repository/org/glassfish/hk2/osgi-resource-locator/1.0.1/osgi-resource-locator-1.0.1.jar:/home/user/.m2/repository/javax/ws/rs/javax.ws.rs-api/2.1/javax.ws.rs-api-2.1.jar:/home/user/.m2/repository/org/glassfish/jersey/ext/cdi/jersey-cdi1x/2.27/jersey-cdi1x-2.27.jar:/home/user/.m2/repository/org/glassfish/jersey/inject/jersey-hk2/2.27/jersey-hk2-2.27.jar:/home/user/.m2/repository/org/glassfish/hk2/hk2-locator/2.5.0-b42/hk2-locator-2.5.0-b42.jar:/home/user/.m2/repository/org/javassist/javassist/3.22.0-CR2/javassist-3.22.0-CR2.jar:/home/user/.m2/repository/org/glassfish/hk2/hk2-api/2.5.0/hk2-api-2.5.0.jar:/home/user/.m2/repository/org/glassfish/hk2/external/jakarta.inject/2.5.0/jakarta.inject-2.5.0.jar:/home/user/.m2/repository/org/glassfish/hk2/hk2-utils/2.5.0/hk2-utils-2.5.0.jar:/home/user/.m2/repository/jakarta/annotation/jakarta.annotation-api/1.3.4/jakarta.annotation-api-1.3.4.jar:/home/user/.m2/repository/org/glassfish/hk2/external/aopalliance-repackaged/2.5.0/aopalliance-repackaged-2.5.0.jar:/home/user/.m2/repository/com/fasterxml/jackson/dataformat/jackson-dataformat-xml/2.9.0/jackson-dataformat-xml-2.9.0.jar:/home/user/.m2/repository/com/fasterxml/jackson/core/jackson-core/2.9.9/jackson-core-2.9.9.jar:/home/user/.m2/repository/com/fasterxml/jackson/module/jackson-module-jaxb-annotations/2.9.9/jackson-module-jaxb-annotations-2.9.9.jar:/home/user/.m2/repository/javax/enterprise/cdi-api/1.2/cdi-api-1.2.jar:/home/user/.m2/repository/javax/el/javax.el-api/3.0.0/javax.el-api-3.0.0.jar:/home/user/.m2/repository/javax/interceptor/javax.interceptor-api/1.2/javax.interceptor-api-1.2.jar:/home/user/.m2/repository/javax/inject/javax.inject/1/javax.inject-1.jar:/home/user/.m2/repository/com/sun/xml/bind/jaxb-impl/2.3.0.1/jaxb-impl-2.3.0.1.jar:/home/user/.m2/repository/com/sun/xml/bind/jaxb-core/2.3.0.1/jaxb-core-2.3.0.1.jar:/home/user/.m2/repository/javax/xml/bind/jaxb-api/2.3.0/jaxb-api-2.3.0.jar:/home/user/.m2/repository/javax/activation/activation/1.1.1/activation-1.1.1.jar:/home/user/.m2/repository/org/apache/hadoop/hadoop-ozone-csi/0.5.0-SNAPSHOT/hadoop-ozone-csi-0.5.0-SNAPSHOT.jar:/home/user/.m2/repository/com/google/protobuf/protobuf-java-util/3.5.1/protobuf-java-util-3.5.1.jar:/home/user/.m2/repository/org/apache/hadoop/hadoop-hdds-config/0.5.0-SNAPSHOT/hadoop-hdds-config-0.5.0-SNAPSHOT.jar:/home/user/.m2/repository/io/grpc/grpc-netty/1.17.1/grpc-netty-1.17.1.jar:/home/user/.m2/repository/io/grpc/grpc-core/1.17.1/grpc-core-1.17.1.jar:/home/user/.m2/repository/io/grpc/grpc-context/1.17.1/grpc-context-1.17.1.jar:/home/user/.m2/repository/com/google/errorprone/error_prone_annotations/2.2.0/error_prone_annotations-2.2.0.jar:/home/user/.m2/repository/org/codehaus/mojo/animal-sniffer-annotations/1.17/animal-sniffer-annotations-1.17.jar:/home/user/.m2/repository/io/opencensus/opencensus-api/0.17.0/opencensus-api-0.17.0.jar:/home/user/.m2/repository/io/opencensus/opencensus-contrib-grpc-metrics/0.17.0/opencensus-contrib-grpc-metrics-0.17.0.jar:/home/user/.m2/repository/io/netty/netty-codec-http2/4.1.30.Final/netty-codec-http2-4.1.30.Final.jar:/home/user/.m2/repository/io/netty/netty-codec-http/4.1.30.Final/netty-codec-http-4.1.30.Final.jar:/home/user/.m2/repository/io/netty/netty-codec/4.1.30.Final/netty-codec-4.1.30.Final.jar:/home/user/.m2/repository/io/netty/netty-handler/4.1.30.Final/netty-handler-4.1.30.Final.jar:/home/user/.m2/repository/io/netty/netty-handler-proxy/4.1.30.Final/netty-handler-proxy-4.1.30.Final.jar:/home/user/.m2/repository/io/netty/netty-codec-socks/4.1.30.Final/netty-codec-socks-4.1.30.Final.jar:/home/user/.m2/repository/io/netty/netty-transport-native-epoll/4.1.30.Final/netty-transport-native-epoll-4.1.30.Final.jar:/home/user/.m2/repository/io/netty/netty-common/4.1.30.Final/netty-common-4.1.30.Final.jar:/home/user/.m2/repository/io/netty/netty-buffer/4.1.30.Final/netty-buffer-4.1.30.Final.jar:/home/user/.m2/repository/io/netty/netty-transport/4.1.30.Final/netty-transport-4.1.30.Final.jar:/home/user/.m2/repository/io/netty/netty-resolver/4.1.30.Final/netty-resolver-4.1.30.Final.jar:/home/user/.m2/repository/io/netty/netty-transport-native-unix-common/4.1.30.Final/netty-transport-native-unix-common-4.1.30.Final.jar:/home/user/.m2/repository/io/grpc/grpc-protobuf/1.17.1/grpc-protobuf-1.17.1.jar:/home/user/.m2/repository/com/google/api/grpc/proto-google-common-protos/1.0.0/proto-google-common-protos-1.0.0.jar:/home/user/.m2/repository/io/grpc/grpc-protobuf-lite/1.17.1/grpc-protobuf-lite-1.17.1.jar:/home/user/.m2/repository/io/grpc/grpc-stub/1.17.1/grpc-stub-1.17.1.jar:/home/user/.m2/repository/org/apache/hadoop/hadoop-ozone-recon/0.5.0-SNAPSHOT/hadoop-ozone-recon-0.5.0-SNAPSHOT.jar:/home/user/.m2/repository/org/apache/hadoop/hadoop-ozone-reconcodegen/0.5.0-SNAPSHOT/hadoop-ozone-reconcodegen-0.5.0-SNAPSHOT.jar:/home/user/.m2/repository/com/google/inject/extensions/guice-multibindings/4.0/guice-multibindings-4.0.jar:/home/user/.m2/repository/com/google/inject/guice/4.0/guice-4.0.jar:/home/user/.m2/repository/aopalliance/aopalliance/1.0/aopalliance-1.0.jar:/home/user/.m2/repository/com/google/inject/extensions/guice-servlet/4.0/guice-servlet-4.0.jar:/home/user/.m2/repository/org/glassfish/jersey/containers/jersey-container-servlet/2.27/jersey-container-servlet-2.27.jar:/home/user/.m2/repository/org/glassfish/hk2/guice-bridge/2.5.0/guice-bridge-2.5.0.jar:/home/user/.m2/repository/org/glassfish/jersey/core/jersey-server/2.27/jersey-server-2.27.jar:/home/user/.m2/repository/org/glassfish/jersey/core/jersey-client/2.27/jersey-client-2.27.jar:/home/user/.m2/repository/org/glassfish/jersey/media/jersey-media-jaxb/2.27/jersey-media-jaxb-2.27.jar:/home/user/.m2/repository/javax/validation/validation-api/1.1.0.Final/validation-api-1.1.0.Final.jar:/home/user/.m2/repository/org/glassfish/jersey/media/jersey-media-json-jackson/2.27/jersey-media-json-jackson-2.27.jar:/home/user/.m2/repository/org/glassfish/jersey/ext/jersey-entity-filtering/2.27/jersey-entity-filtering-2.27.jar:/home/user/.m2/repository/com/google/inject/extensions/guice-assistedinject/4.0/guice-assistedinject-4.0.jar:/home/user/.m2/repository/org/jooq/jooq/3.11.10/jooq-3.11.10.jar:/home/user/.m2/repository/org/jooq/jooq-meta/3.11.10/jooq-meta-3.11.10.jar:/home/user/.m2/repository/org/jooq/jooq-codegen/3.11.10/jooq-codegen-3.11.10.jar:/home/user/.m2/repository/com/jolbox/bonecp/0.8.0.RELEASE/bonecp-0.8.0.RELEASE.jar:/home/user/.m2/repository/org/xerial/sqlite-jdbc/3.25.2/sqlite-jdbc-3.25.2.jar:/home/user/.m2/repository/org/springframework/spring-jdbc/5.1.3.RELEASE/spring-jdbc-5.1.3.RELEASE.jar:/home/user/.m2/repository/org/springframework/spring-beans/5.1.3.RELEASE/spring-beans-5.1.3.RELEASE.jar:/home/user/.m2/repository/org/springframework/spring-core/5.1.3.RELEASE/spring-core-5.1.3.RELEASE.jar:/home/user/.m2/repository/org/springframework/spring-jcl/5.1.3.RELEASE/spring-jcl-5.1.3.RELEASE.jar:/home/user/.m2/repository/org/springframework/spring-tx/5.1.3.RELEASE/spring-tx-5.1.3.RELEASE.jar:/home/user/.m2/repository/org/apache/hadoop/hadoop-ozone-client/0.5.0-SNAPSHOT/hadoop-ozone-client-0.5.0-SNAPSHOT.jar:/home/user/.m2/repository/commons-lang/commons-lang/2.6/commons-lang-2.6.jar:/home/user/.m2/repository/org/apache/hadoop/hadoop-ozone-ozone-manager/0.5.0-SNAPSHOT/hadoop-ozone-ozone-manager-0.5.0-SNAPSHOT-tests.jar:/home/user/.m2/repository/junit/junit/4.11/junit-4.11.jar:/home/user/.m2/repository/org/hamcrest/hamcrest-core/1.3/hamcrest-core-1.3.jar:/home/user/.m2/repository/org/openjdk/jmh/jmh-core/1.19/jmh-core-1.19.jar:/home/user/.m2/repository/net/sf/jopt-simple/jopt-simple/4.6/jopt-simple-4.6.jar:/home/user/.m2/repository/org/apache/commons/commons-math3/3.1.1/commons-math3-3.1.1.jar:/home/user/.m2/repository/org/openjdk/jmh/jmh-generator-annprocess/1.19/jmh-generator-annprocess-1.19.jar:/home/user/.m2/repository/org/mockito/mockito-all/1.8.5/mockito-all-1.8.5.jar:/home/user/.m2/repository/org/apache/hadoop/hadoop-kms/3.2.0/hadoop-kms-3.2.0.jar:/home/user/.m2/repository/org/apache/hadoop/hadoop-auth/3.2.0/hadoop-auth-3.2.0.jar:/home/user/.m2/repository/com/nimbusds/nimbus-jose-jwt/4.41.1/nimbus-jose-jwt-4.41.1.jar:/home/user/.m2/repository/com/github/stephenc/jcip/jcip-annotations/1.0-1/jcip-annotations-1.0-1.jar:/home/user/.m2/repository/net/minidev/json-smart/2.3/json-smart-2.3.jar:/home/user/.m2/repository/net/minidev/accessors-smart/1.2/accessors-smart-1.2.jar:/home/user/.m2/repository/org/ow2/asm/asm/5.0.4/asm-5.0.4.jar:/home/user/.m2/repository/org/apache/curator/curator-framework/2.12.0/curator-framework-2.12.0.jar:/home/user/.m2/repository/com/sun/jersey/jersey-core/1.19/jersey-core-1.19.jar:/home/user/.m2/repository/javax/ws/rs/jsr311-api/1.1.1/jsr311-api-1.1.1.jar:/home/user/.m2/repository/com/sun/jersey/jersey-server/1.19/jersey-server-1.19.jar:/home/user/.m2/repository/javax/servlet/javax.servlet-api/3.1.0/javax.servlet-api-3.1.0.jar:/home/user/.m2/repository/org/eclipse/jetty/jetty-server/9.3.25.v20180904/jetty-server-9.3.25.v20180904.jar:/home/user/.m2/repository/org/eclipse/jetty/jetty-http/9.3.25.v20180904/jetty-http-9.3.25.v20180904.jar:/home/user/.m2/repository/org/eclipse/jetty/jetty-io/9.3.25.v20180904/jetty-io-9.3.25.v20180904.jar:/home/user/.m2/repository/org/eclipse/jetty/jetty-webapp/9.3.25.v20180904/jetty-webapp-9.3.25.v20180904.jar:/home/user/.m2/repository/org/eclipse/jetty/jetty-xml/9.3.25.v20180904/jetty-xml-9.3.25.v20180904.jar:/home/user/.m2/repository/log4j/log4j/1.2.17/log4j-1.2.17.jar:/home/user/.m2/repository/org/slf4j/slf4j-api/1.7.25/slf4j-api-1.7.25.jar:/home/user/.m2/repository/org/slf4j/jul-to-slf4j/1.7.25/jul-to-slf4j-1.7.25.jar:/home/user/.m2/repository/org/eclipse/jetty/jetty-util/9.3.25.v20180904/jetty-util-9.3.25.v20180904.jar:/home/user/.m2/repository/com/fasterxml/jackson/core/jackson-databind/2.9.9/jackson-databind-2.9.9.jar:/home/user/.m2/repository/org/apache/hadoop/hadoop-kms/3.2.0/hadoop-kms-3.2.0-tests.jar:/home/user/.m2/repository/org/apache/hadoop/hadoop-hdds-server-scm/0.5.0-SNAPSHOT/hadoop-hdds-server-scm-0.5.0-SNAPSHOT-tests.jar:/home/user/.m2/repository/org/apache/hadoop/hadoop-hdds-container-service/0.5.0-SNAPSHOT/hadoop-hdds-container-service-0.5.0-SNAPSHOT-tests.jar:/home/user/.m2/repository/org/yaml/snakeyaml/1.16/snakeyaml-1.16.jar:/home/user/.m2/repository/org/apache/hadoop/hadoop-common/3.2.0/hadoop-common-3.2.0-tests.jar:/home/user/.m2/repository/org/apache/hadoop/hadoop-annotations/3.2.0/hadoop-annotations-3.2.0.jar:/usr/lib/jvm/java-1.8-openjdk/jre/../lib/tools.jar:/home/user/.m2/repository/commons-cli/commons-cli/1.2/commons-cli-1.2.jar:/home/user/.m2/repository/org/apache/httpcomponents/httpclient/4.5.2/httpclient-4.5.2.jar:/home/user/.m2/repository/org/apache/httpcomponents/httpcore/4.4.4/httpcore-4.4.4.jar:/home/user/.m2/repository/commons-codec/commons-codec/1.11/commons-codec-1.11.jar:/home/user/.m2/repository/commons-net/commons-net/3.6/commons-net-3.6.jar:/home/user/.m2/repository/commons-collections/commons-collections/3.2.2/commons-collections-3.2.2.jar:/home/user/.m2/repository/org/eclipse/jetty/jetty-servlet/9.3.25.v20180904/jetty-servlet-9.3.25.v20180904.jar:/home/user/.m2/repository/org/eclipse/jetty/jetty-security/9.3.25.v20180904/jetty-security-9.3.25.v20180904.jar:/home/user/.m2/repository/javax/servlet/jsp/jsp-api/2.1/jsp-api-2.1.jar:/home/user/.m2/repository/com/sun/jersey/jersey-servlet/1.19/jersey-servlet-1.19.jar:/home/user/.m2/repository/com/sun/jersey/jersey-json/1.19/jersey-json-1.19.jar:/home/user/.m2/repository/org/codehaus/jettison/jettison/1.1/jettison-1.1.jar:/home/user/.m2/repository/org/codehaus/jackson/jackson-core-asl/1.9.13/jackson-core-asl-1.9.13.jar:/home/user/.m2/repository/org/codehaus/jackson/jackson-mapper-asl/1.9.13/jackson-mapper-asl-1.9.13.jar:/home/user/.m2/repository/org/codehaus/jackson/jackson-jaxrs/1.9.13/jackson-jaxrs-1.9.13.jar:/home/user/.m2/repository/org/codehaus/jackson/jackson-xc/1.9.13/jackson-xc-1.9.13.jar:/home/user/.m2/repository/commons-logging/commons-logging/1.1.3/commons-logging-1.1.3.jar:/home/user/.m2/repository/commons-beanutils/commons-beanutils/1.9.4/commons-beanutils-1.9.4.jar:/home/user/.m2/repository/org/apache/commons/commons-configuration2/2.1.1/commons-configuration2-2.1.1.jar:/home/user/.m2/repository/org/apache/commons/commons-lang3/3.7/commons-lang3-3.7.jar:/home/user/.m2/repository/org/apache/commons/commons-text/1.4/commons-text-1.4.jar:/home/user/.m2/repository/org/apache/avro/avro/1.7.7/avro-1.7.7.jar:/home/user/.m2/repository/com/thoughtworks/paranamer/paranamer/2.3/paranamer-2.3.jar:/home/user/.m2/repository/org/xerial/snappy/snappy-java/1.0.5/snappy-java-1.0.5.jar:/home/user/.m2/repository/com/google/re2j/re2j/1.1/re2j-1.1.jar:/home/user/.m2/repository/com/google/code/gson/gson/2.2.4/gson-2.2.4.jar:/home/user/.m2/repository/com/jcraft/jsch/0.1.54/jsch-0.1.54.jar:/home/user/.m2/repository/org/apache/curator/curator-client/2.12.0/curator-client-2.12.0.jar:/home/user/.m2/repository/org/apache/curator/curator-recipes/2.12.0/curator-recipes-2.12.0.jar:/home/user/.m2/repository/com/google/code/findbugs/jsr305/3.0.0/jsr305-3.0.0.jar:/home/user/.m2/repository/org/apache/htrace/htrace-core4/4.1.0-incubating/htrace-core4-4.1.0-incubating.jar:/home/user/.m2/repository/org/apache/zookeeper/zookeeper/3.4.13/zookeeper-3.4.13.jar:/home/user/.m2/repository/jline/jline/0.9.94/jline-0.9.94.jar:/home/user/.m2/repository/org/apache/yetus/audience-annotations/0.5.0/audience-annotations-0.5.0.jar:/home/user/.m2/repository/org/codehaus/woodstox/stax2-api/3.1.4/stax2-api-3.1.4.jar:/home/user/.m2/repository/com/fasterxml/woodstox/woodstox-core/5.0.3/woodstox-core-5.0.3.jar:/home/user/.m2/repository/dnsjava/dnsjava/2.1.7/dnsjava-2.1.7.jar:/home/user/.m2/repository/org/apache/hadoop/hadoop-hdfs/3.2.0/hadoop-hdfs-3.2.0-tests.jar:/home/user/.m2/repository/org/eclipse/jetty/jetty-util-ajax/9.3.25.v20180904/jetty-util-ajax-9.3.25.v20180904.jar:/home/user/.m2/repository/commons-daemon/commons-daemon/1.0.13/commons-daemon-1.0.13.jar:/home/user/.m2/repository/io/netty/netty/3.10.5.Final/netty-3.10.5.Final.jar:/home/user/.m2/repository/io/netty/netty-all/4.0.52.Final/netty-all-4.0.52.Final.jar:/home/user/.m2/repository/org/fusesource/leveldbjni/leveldbjni-all/1.8/leveldbjni-all-1.8.jar:"/>
    <property name="java.vm.vendor" value="IcedTea"/>
    <property name="sun.arch.data.model" value="64"/>
    <property name="test.build.dir" value="/workdir/hadoop-ozone/integration-test/target/test-dir"/>
    <property name="test.cache.data" value=""/>
    <property name="java.vendor.url" value="https://icedtea.classpath.org"/>
    <property name="user.timezone" value=""/>
    <property name="java.vm.specification.version" value="1.8"/>
    <property name="os.name" value="Linux"/>
    <property name="test.build.data" value="/workdir/hadoop-ozone/integration-test/target/test-dir"/>
    <property name="user.country" value="US"/>
    <property name="sun.java.launcher" value="SUN_STANDARD"/>
    <property name="sun.boot.library.path" value="/usr/lib/jvm/java-1.8-openjdk/jre/lib/amd64"/>
    <property name="sun.java.command" value="/workdir/hadoop-ozone/integration-test/target/surefire/surefirebooter6338551077962348133.jar /workdir/hadoop-ozone/integration-test/target/surefire 2019-10-04T11-56-56_451-jvmRun1 surefire504628305174213452tmp surefire_622814823245891369498tmp"/>
    <property name="test" value="!TestMiniChaosOzoneCluster"/>
    <property name="surefire.test.class.path" value="/workdir/hadoop-ozone/integration-test/target/test-classes:/workdir/hadoop-ozone/integration-test/target/classes:/home/user/.m2/repository/org/apache/hadoop/hadoop-ozone-common/0.5.0-SNAPSHOT/hadoop-ozone-common-0.5.0-SNAPSHOT.jar:/home/user/.m2/repository/org/apache/commons/commons-compress/1.4.1/commons-compress-1.4.1.jar:/home/user/.m2/repository/org/tukaani/xz/1.0/xz-1.0.jar:/home/user/.m2/repository/org/apache/hadoop/hadoop-common/3.2.0/hadoop-common-3.2.0.jar:/home/user/.m2/repository/org/apache/hadoop/hadoop-hdfs/3.2.0/hadoop-hdfs-3.2.0.jar:/home/user/.m2/repository/org/apache/hadoop/hadoop-hdfs-client/3.2.0/hadoop-hdfs-client-3.2.0.jar:/home/user/.m2/repository/com/fasterxml/jackson/core/jackson-annotations/2.9.9/jackson-annotations-2.9.9.jar:/home/user/.m2/repository/org/apache/hadoop/hadoop-hdds-common/0.5.0-SNAPSHOT/hadoop-hdds-common-0.5.0-SNAPSHOT.jar:/home/user/.m2/repository/javax/annotation/javax.annotation-api/1.2/javax.annotation-api-1.2.jar:/home/user/.m2/repository/org/apache/ratis/ratis-server/0.5.0-201fc85-SNAPSHOT/ratis-server-0.5.0-201fc85-SNAPSHOT.jar:/home/user/.m2/repository/org/apache/ratis/ratis-thirdparty-misc/0.2.0/ratis-thirdparty-misc-0.2.0.jar:/home/user/.m2/repository/org/apache/ratis/ratis-proto/0.5.0-201fc85-SNAPSHOT/ratis-proto-0.5.0-201fc85-SNAPSHOT.jar:/home/user/.m2/repository/org/apache/ratis/ratis-common/0.5.0-201fc85-SNAPSHOT/ratis-common-0.5.0-201fc85-SNAPSHOT.jar:/home/user/.m2/repository/org/apache/ratis/ratis-client/0.5.0-201fc85-SNAPSHOT/ratis-client-0.5.0-201fc85-SNAPSHOT.jar:/home/user/.m2/repository/org/apache/ratis/ratis-metrics/0.5.0-201fc85-SNAPSHOT/ratis-metrics-0.5.0-201fc85-SNAPSHOT.jar:/home/user/.m2/repository/com/github/joshelser/dropwizard-metrics-hadoop-metrics2-reporter/0.1.2/dropwizard-metrics-hadoop-metrics2-reporter-0.1.2.jar:/home/user/.m2/repository/io/dropwizard/metrics/metrics-jvm/3.2.5/metrics-jvm-3.2.5.jar:/home/user/.m2/repository/io/dropwizard/metrics/metrics-ganglia/3.2.5/metrics-ganglia-3.2.5.jar:/home/user/.m2/repository/info/ganglia/gmetric4j/gmetric4j/1.0.7/gmetric4j-1.0.7.jar:/home/user/.m2/repository/org/apache/ratis/ratis-netty/0.5.0-201fc85-SNAPSHOT/ratis-netty-0.5.0-201fc85-SNAPSHOT.jar:/home/user/.m2/repository/org/apache/ratis/ratis-grpc/0.5.0-201fc85-SNAPSHOT/ratis-grpc-0.5.0-201fc85-SNAPSHOT.jar:/home/user/.m2/repository/org/rocksdb/rocksdbjni/6.0.1/rocksdbjni-6.0.1.jar:/home/user/.m2/repository/org/apache/logging/log4j/log4j-api/2.11.0/log4j-api-2.11.0.jar:/home/user/.m2/repository/org/apache/logging/log4j/log4j-core/2.11.0/log4j-core-2.11.0.jar:/home/user/.m2/repository/com/lmax/disruptor/3.4.2/disruptor-3.4.2.jar:/home/user/.m2/repository/org/apache/commons/commons-pool2/2.6.0/commons-pool2-2.6.0.jar:/home/user/.m2/repository/org/bouncycastle/bcpkix-jdk15on/1.60/bcpkix-jdk15on-1.60.jar:/home/user/.m2/repository/commons-validator/commons-validator/1.6/commons-validator-1.6.jar:/home/user/.m2/repository/commons-digester/commons-digester/1.8.1/commons-digester-1.8.1.jar:/home/user/.m2/repository/io/jaegertracing/jaeger-client/0.34.0/jaeger-client-0.34.0.jar:/home/user/.m2/repository/io/jaegertracing/jaeger-thrift/0.34.0/jaeger-thrift-0.34.0.jar:/home/user/.m2/repository/org/apache/thrift/libthrift/0.12.0/libthrift-0.12.0.jar:/home/user/.m2/repository/com/squareup/okhttp3/okhttp/3.9.0/okhttp-3.9.0.jar:/home/user/.m2/repository/com/squareup/okio/okio/1.13.0/okio-1.13.0.jar:/home/user/.m2/repository/io/jaegertracing/jaeger-core/0.34.0/jaeger-core-0.34.0.jar:/home/user/.m2/repository/io/jaegertracing/jaeger-tracerresolver/0.34.0/jaeger-tracerresolver-0.34.0.jar:/home/user/.m2/repository/io/opentracing/contrib/opentracing-tracerresolver/0.1.5/opentracing-tracerresolver-0.1.5.jar:/home/user/.m2/repository/io/opentracing/opentracing-util/0.31.0/opentracing-util-0.31.0.jar:/home/user/.m2/repository/io/opentracing/opentracing-api/0.31.0/opentracing-api-0.31.0.jar:/home/user/.m2/repository/io/opentracing/opentracing-noop/0.31.0/opentracing-noop-0.31.0.jar:/home/user/.m2/repository/org/apache/hadoop/hadoop-hdds-server-framework/0.5.0-SNAPSHOT/hadoop-hdds-server-framework-0.5.0-SNAPSHOT.jar:/home/user/.m2/repository/org/apache/hadoop/hadoop-hdds-container-service/0.5.0-SNAPSHOT/hadoop-hdds-container-service-0.5.0-SNAPSHOT.jar:/home/user/.m2/repository/org/apache/hadoop/hadoop-hdds-client/0.5.0-SNAPSHOT/hadoop-hdds-client-0.5.0-SNAPSHOT.jar:/home/user/.m2/repository/org/apache/hadoop/hadoop-hdds-tools/0.5.0-SNAPSHOT/hadoop-hdds-tools-0.5.0-SNAPSHOT.jar:/home/user/.m2/repository/org/apache/hadoop/hadoop-hdds-server-scm/0.5.0-SNAPSHOT/hadoop-hdds-server-scm-0.5.0-SNAPSHOT.jar:/home/user/.m2/repository/org/apache/hadoop/hadoop-hdds-docs/0.5.0-SNAPSHOT/hadoop-hdds-docs-0.5.0-SNAPSHOT.jar:/home/user/.m2/repository/io/dropwizard/metrics/metrics-core/3.2.4/metrics-core-3.2.4.jar:/home/user/.m2/repository/org/hamcrest/hamcrest-all/1.3/hamcrest-all-1.3.jar:/home/user/.m2/repository/org/bouncycastle/bcprov-jdk15on/1.60/bcprov-jdk15on-1.60.jar:/home/user/.m2/repository/info/picocli/picocli/3.9.6/picocli-3.9.6.jar:/home/user/.m2/repository/com/google/protobuf/protobuf-java/2.5.0/protobuf-java-2.5.0.jar:/home/user/.m2/repository/com/google/guava/guava/11.0.2/guava-11.0.2.jar:/home/user/.m2/repository/org/apache/hadoop/hadoop-ozone-ozone-manager/0.5.0-SNAPSHOT/hadoop-ozone-ozone-manager-0.5.0-SNAPSHOT.jar:/home/user/.m2/repository/org/apache/hadoop/hadoop-minikdc/3.2.0/hadoop-minikdc-3.2.0.jar:/home/user/.m2/repository/commons-io/commons-io/2.5/commons-io-2.5.jar:/home/user/.m2/repository/org/apache/kerby/kerb-simplekdc/1.0.1/kerb-simplekdc-1.0.1.jar:/home/user/.m2/repository/org/apache/kerby/kerb-client/1.0.1/kerb-client-1.0.1.jar:/home/user/.m2/repository/org/apache/kerby/kerby-config/1.0.1/kerby-config-1.0.1.jar:/home/user/.m2/repository/org/apache/kerby/kerb-core/1.0.1/kerb-core-1.0.1.jar:/home/user/.m2/repository/org/apache/kerby/kerby-pkix/1.0.1/kerby-pkix-1.0.1.jar:/home/user/.m2/repository/org/apache/kerby/kerby-asn1/1.0.1/kerby-asn1-1.0.1.jar:/home/user/.m2/repository/org/apache/kerby/kerby-util/1.0.1/kerby-util-1.0.1.jar:/home/user/.m2/repository/org/apache/kerby/kerb-common/1.0.1/kerb-common-1.0.1.jar:/home/user/.m2/repository/org/apache/kerby/kerb-crypto/1.0.1/kerb-crypto-1.0.1.jar:/home/user/.m2/repository/org/apache/kerby/kerb-util/1.0.1/kerb-util-1.0.1.jar:/home/user/.m2/repository/org/apache/kerby/token-provider/1.0.1/token-provider-1.0.1.jar:/home/user/.m2/repository/org/apache/kerby/kerb-admin/1.0.1/kerb-admin-1.0.1.jar:/home/user/.m2/repository/org/apache/kerby/kerb-server/1.0.1/kerb-server-1.0.1.jar:/home/user/.m2/repository/org/apache/kerby/kerb-identity/1.0.1/kerb-identity-1.0.1.jar:/home/user/.m2/repository/org/apache/kerby/kerby-xdr/1.0.1/kerby-xdr-1.0.1.jar:/home/user/.m2/repository/org/slf4j/slf4j-log4j12/1.7.25/slf4j-log4j12-1.7.25.jar:/home/user/.m2/repository/org/apache/hadoop/hadoop-ozone-s3gateway/0.5.0-SNAPSHOT/hadoop-ozone-s3gateway-0.5.0-SNAPSHOT.jar:/home/user/.m2/repository/org/jboss/weld/servlet/weld-servlet/2.4.7.Final/weld-servlet-2.4.7.Final.jar:/home/user/.m2/repository/org/glassfish/jersey/containers/jersey-container-servlet-core/2.27/jersey-container-servlet-core-2.27.jar:/home/user/.m2/repository/org/glassfish/hk2/external/javax.inject/2.5.0-b42/javax.inject-2.5.0-b42.jar:/home/user/.m2/repository/org/glassfish/jersey/core/jersey-common/2.27/jersey-common-2.27.jar:/home/user/.m2/repository/org/glassfish/hk2/osgi-resource-locator/1.0.1/osgi-resource-locator-1.0.1.jar:/home/user/.m2/repository/javax/ws/rs/javax.ws.rs-api/2.1/javax.ws.rs-api-2.1.jar:/home/user/.m2/repository/org/glassfish/jersey/ext/cdi/jersey-cdi1x/2.27/jersey-cdi1x-2.27.jar:/home/user/.m2/repository/org/glassfish/jersey/inject/jersey-hk2/2.27/jersey-hk2-2.27.jar:/home/user/.m2/repository/org/glassfish/hk2/hk2-locator/2.5.0-b42/hk2-locator-2.5.0-b42.jar:/home/user/.m2/repository/org/javassist/javassist/3.22.0-CR2/javassist-3.22.0-CR2.jar:/home/user/.m2/repository/org/glassfish/hk2/hk2-api/2.5.0/hk2-api-2.5.0.jar:/home/user/.m2/repository/org/glassfish/hk2/external/jakarta.inject/2.5.0/jakarta.inject-2.5.0.jar:/home/user/.m2/repository/org/glassfish/hk2/hk2-utils/2.5.0/hk2-utils-2.5.0.jar:/home/user/.m2/repository/jakarta/annotation/jakarta.annotation-api/1.3.4/jakarta.annotation-api-1.3.4.jar:/home/user/.m2/repository/org/glassfish/hk2/external/aopalliance-repackaged/2.5.0/aopalliance-repackaged-2.5.0.jar:/home/user/.m2/repository/com/fasterxml/jackson/dataformat/jackson-dataformat-xml/2.9.0/jackson-dataformat-xml-2.9.0.jar:/home/user/.m2/repository/com/fasterxml/jackson/core/jackson-core/2.9.9/jackson-core-2.9.9.jar:/home/user/.m2/repository/com/fasterxml/jackson/module/jackson-module-jaxb-annotations/2.9.9/jackson-module-jaxb-annotations-2.9.9.jar:/home/user/.m2/repository/javax/enterprise/cdi-api/1.2/cdi-api-1.2.jar:/home/user/.m2/repository/javax/el/javax.el-api/3.0.0/javax.el-api-3.0.0.jar:/home/user/.m2/repository/javax/interceptor/javax.interceptor-api/1.2/javax.interceptor-api-1.2.jar:/home/user/.m2/repository/javax/inject/javax.inject/1/javax.inject-1.jar:/home/user/.m2/repository/com/sun/xml/bind/jaxb-impl/2.3.0.1/jaxb-impl-2.3.0.1.jar:/home/user/.m2/repository/com/sun/xml/bind/jaxb-core/2.3.0.1/jaxb-core-2.3.0.1.jar:/home/user/.m2/repository/javax/xml/bind/jaxb-api/2.3.0/jaxb-api-2.3.0.jar:/home/user/.m2/repository/javax/activation/activation/1.1.1/activation-1.1.1.jar:/home/user/.m2/repository/org/apache/hadoop/hadoop-ozone-csi/0.5.0-SNAPSHOT/hadoop-ozone-csi-0.5.0-SNAPSHOT.jar:/home/user/.m2/repository/com/google/protobuf/protobuf-java-util/3.5.1/protobuf-java-util-3.5.1.jar:/home/user/.m2/repository/org/apache/hadoop/hadoop-hdds-config/0.5.0-SNAPSHOT/hadoop-hdds-config-0.5.0-SNAPSHOT.jar:/home/user/.m2/repository/io/grpc/grpc-netty/1.17.1/grpc-netty-1.17.1.jar:/home/user/.m2/repository/io/grpc/grpc-core/1.17.1/grpc-core-1.17.1.jar:/home/user/.m2/repository/io/grpc/grpc-context/1.17.1/grpc-context-1.17.1.jar:/home/user/.m2/repository/com/google/errorprone/error_prone_annotations/2.2.0/error_prone_annotations-2.2.0.jar:/home/user/.m2/repository/org/codehaus/mojo/animal-sniffer-annotations/1.17/animal-sniffer-annotations-1.17.jar:/home/user/.m2/repository/io/opencensus/opencensus-api/0.17.0/opencensus-api-0.17.0.jar:/home/user/.m2/repository/io/opencensus/opencensus-contrib-grpc-metrics/0.17.0/opencensus-contrib-grpc-metrics-0.17.0.jar:/home/user/.m2/repository/io/netty/netty-codec-http2/4.1.30.Final/netty-codec-http2-4.1.30.Final.jar:/home/user/.m2/repository/io/netty/netty-codec-http/4.1.30.Final/netty-codec-http-4.1.30.Final.jar:/home/user/.m2/repository/io/netty/netty-codec/4.1.30.Final/netty-codec-4.1.30.Final.jar:/home/user/.m2/repository/io/netty/netty-handler/4.1.30.Final/netty-handler-4.1.30.Final.jar:/home/user/.m2/repository/io/netty/netty-handler-proxy/4.1.30.Final/netty-handler-proxy-4.1.30.Final.jar:/home/user/.m2/repository/io/netty/netty-codec-socks/4.1.30.Final/netty-codec-socks-4.1.30.Final.jar:/home/user/.m2/repository/io/netty/netty-transport-native-epoll/4.1.30.Final/netty-transport-native-epoll-4.1.30.Final.jar:/home/user/.m2/repository/io/netty/netty-common/4.1.30.Final/netty-common-4.1.30.Final.jar:/home/user/.m2/repository/io/netty/netty-buffer/4.1.30.Final/netty-buffer-4.1.30.Final.jar:/home/user/.m2/repository/io/netty/netty-transport/4.1.30.Final/netty-transport-4.1.30.Final.jar:/home/user/.m2/repository/io/netty/netty-resolver/4.1.30.Final/netty-resolver-4.1.30.Final.jar:/home/user/.m2/repository/io/netty/netty-transport-native-unix-common/4.1.30.Final/netty-transport-native-unix-common-4.1.30.Final.jar:/home/user/.m2/repository/io/grpc/grpc-protobuf/1.17.1/grpc-protobuf-1.17.1.jar:/home/user/.m2/repository/com/google/api/grpc/proto-google-common-protos/1.0.0/proto-google-common-protos-1.0.0.jar:/home/user/.m2/repository/io/grpc/grpc-protobuf-lite/1.17.1/grpc-protobuf-lite-1.17.1.jar:/home/user/.m2/repository/io/grpc/grpc-stub/1.17.1/grpc-stub-1.17.1.jar:/home/user/.m2/repository/org/apache/hadoop/hadoop-ozone-recon/0.5.0-SNAPSHOT/hadoop-ozone-recon-0.5.0-SNAPSHOT.jar:/home/user/.m2/repository/org/apache/hadoop/hadoop-ozone-reconcodegen/0.5.0-SNAPSHOT/hadoop-ozone-reconcodegen-0.5.0-SNAPSHOT.jar:/home/user/.m2/repository/com/google/inject/extensions/guice-multibindings/4.0/guice-multibindings-4.0.jar:/home/user/.m2/repository/com/google/inject/guice/4.0/guice-4.0.jar:/home/user/.m2/repository/aopalliance/aopalliance/1.0/aopalliance-1.0.jar:/home/user/.m2/repository/com/google/inject/extensions/guice-servlet/4.0/guice-servlet-4.0.jar:/home/user/.m2/repository/org/glassfish/jersey/containers/jersey-container-servlet/2.27/jersey-container-servlet-2.27.jar:/home/user/.m2/repository/org/glassfish/hk2/guice-bridge/2.5.0/guice-bridge-2.5.0.jar:/home/user/.m2/repository/org/glassfish/jersey/core/jersey-server/2.27/jersey-server-2.27.jar:/home/user/.m2/repository/org/glassfish/jersey/core/jersey-client/2.27/jersey-client-2.27.jar:/home/user/.m2/repository/org/glassfish/jersey/media/jersey-media-jaxb/2.27/jersey-media-jaxb-2.27.jar:/home/user/.m2/repository/javax/validation/validation-api/1.1.0.Final/validation-api-1.1.0.Final.jar:/home/user/.m2/repository/org/glassfish/jersey/media/jersey-media-json-jackson/2.27/jersey-media-json-jackson-2.27.jar:/home/user/.m2/repository/org/glassfish/jersey/ext/jersey-entity-filtering/2.27/jersey-entity-filtering-2.27.jar:/home/user/.m2/repository/com/google/inject/extensions/guice-assistedinject/4.0/guice-assistedinject-4.0.jar:/home/user/.m2/repository/org/jooq/jooq/3.11.10/jooq-3.11.10.jar:/home/user/.m2/repository/org/jooq/jooq-meta/3.11.10/jooq-meta-3.11.10.jar:/home/user/.m2/repository/org/jooq/jooq-codegen/3.11.10/jooq-codegen-3.11.10.jar:/home/user/.m2/repository/com/jolbox/bonecp/0.8.0.RELEASE/bonecp-0.8.0.RELEASE.jar:/home/user/.m2/repository/org/xerial/sqlite-jdbc/3.25.2/sqlite-jdbc-3.25.2.jar:/home/user/.m2/repository/org/springframework/spring-jdbc/5.1.3.RELEASE/spring-jdbc-5.1.3.RELEASE.jar:/home/user/.m2/repository/org/springframework/spring-beans/5.1.3.RELEASE/spring-beans-5.1.3.RELEASE.jar:/home/user/.m2/repository/org/springframework/spring-core/5.1.3.RELEASE/spring-core-5.1.3.RELEASE.jar:/home/user/.m2/repository/org/springframework/spring-jcl/5.1.3.RELEASE/spring-jcl-5.1.3.RELEASE.jar:/home/user/.m2/repository/org/springframework/spring-tx/5.1.3.RELEASE/spring-tx-5.1.3.RELEASE.jar:/home/user/.m2/repository/org/apache/hadoop/hadoop-ozone-client/0.5.0-SNAPSHOT/hadoop-ozone-client-0.5.0-SNAPSHOT.jar:/home/user/.m2/repository/commons-lang/commons-lang/2.6/commons-lang-2.6.jar:/home/user/.m2/repository/org/apache/hadoop/hadoop-ozone-ozone-manager/0.5.0-SNAPSHOT/hadoop-ozone-ozone-manager-0.5.0-SNAPSHOT-tests.jar:/home/user/.m2/repository/junit/junit/4.11/junit-4.11.jar:/home/user/.m2/repository/org/hamcrest/hamcrest-core/1.3/hamcrest-core-1.3.jar:/home/user/.m2/repository/org/openjdk/jmh/jmh-core/1.19/jmh-core-1.19.jar:/home/user/.m2/repository/net/sf/jopt-simple/jopt-simple/4.6/jopt-simple-4.6.jar:/home/user/.m2/repository/org/apache/commons/commons-math3/3.1.1/commons-math3-3.1.1.jar:/home/user/.m2/repository/org/openjdk/jmh/jmh-generator-annprocess/1.19/jmh-generator-annprocess-1.19.jar:/home/user/.m2/repository/org/mockito/mockito-all/1.8.5/mockito-all-1.8.5.jar:/home/user/.m2/repository/org/apache/hadoop/hadoop-kms/3.2.0/hadoop-kms-3.2.0.jar:/home/user/.m2/repository/org/apache/hadoop/hadoop-auth/3.2.0/hadoop-auth-3.2.0.jar:/home/user/.m2/repository/com/nimbusds/nimbus-jose-jwt/4.41.1/nimbus-jose-jwt-4.41.1.jar:/home/user/.m2/repository/com/github/stephenc/jcip/jcip-annotations/1.0-1/jcip-annotations-1.0-1.jar:/home/user/.m2/repository/net/minidev/json-smart/2.3/json-smart-2.3.jar:/home/user/.m2/repository/net/minidev/accessors-smart/1.2/accessors-smart-1.2.jar:/home/user/.m2/repository/org/ow2/asm/asm/5.0.4/asm-5.0.4.jar:/home/user/.m2/repository/org/apache/curator/curator-framework/2.12.0/curator-framework-2.12.0.jar:/home/user/.m2/repository/com/sun/jersey/jersey-core/1.19/jersey-core-1.19.jar:/home/user/.m2/repository/javax/ws/rs/jsr311-api/1.1.1/jsr311-api-1.1.1.jar:/home/user/.m2/repository/com/sun/jersey/jersey-server/1.19/jersey-server-1.19.jar:/home/user/.m2/repository/javax/servlet/javax.servlet-api/3.1.0/javax.servlet-api-3.1.0.jar:/home/user/.m2/repository/org/eclipse/jetty/jetty-server/9.3.25.v20180904/jetty-server-9.3.25.v20180904.jar:/home/user/.m2/repository/org/eclipse/jetty/jetty-http/9.3.25.v20180904/jetty-http-9.3.25.v20180904.jar:/home/user/.m2/repository/org/eclipse/jetty/jetty-io/9.3.25.v20180904/jetty-io-9.3.25.v20180904.jar:/home/user/.m2/repository/org/eclipse/jetty/jetty-webapp/9.3.25.v20180904/jetty-webapp-9.3.25.v20180904.jar:/home/user/.m2/repository/org/eclipse/jetty/jetty-xml/9.3.25.v20180904/jetty-xml-9.3.25.v20180904.jar:/home/user/.m2/repository/log4j/log4j/1.2.17/log4j-1.2.17.jar:/home/user/.m2/repository/org/slf4j/slf4j-api/1.7.25/slf4j-api-1.7.25.jar:/home/user/.m2/repository/org/slf4j/jul-to-slf4j/1.7.25/jul-to-slf4j-1.7.25.jar:/home/user/.m2/repository/org/eclipse/jetty/jetty-util/9.3.25.v20180904/jetty-util-9.3.25.v20180904.jar:/home/user/.m2/repository/com/fasterxml/jackson/core/jackson-databind/2.9.9/jackson-databind-2.9.9.jar:/home/user/.m2/repository/org/apache/hadoop/hadoop-kms/3.2.0/hadoop-kms-3.2.0-tests.jar:/home/user/.m2/repository/org/apache/hadoop/hadoop-hdds-server-scm/0.5.0-SNAPSHOT/hadoop-hdds-server-scm-0.5.0-SNAPSHOT-tests.jar:/home/user/.m2/repository/org/apache/hadoop/hadoop-hdds-container-service/0.5.0-SNAPSHOT/hadoop-hdds-container-service-0.5.0-SNAPSHOT-tests.jar:/home/user/.m2/repository/org/yaml/snakeyaml/1.16/snakeyaml-1.16.jar:/home/user/.m2/repository/org/apache/hadoop/hadoop-common/3.2.0/hadoop-common-3.2.0-tests.jar:/home/user/.m2/repository/org/apache/hadoop/hadoop-annotations/3.2.0/hadoop-annotations-3.2.0.jar:/usr/lib/jvm/java-1.8-openjdk/jre/../lib/tools.jar:/home/user/.m2/repository/commons-cli/commons-cli/1.2/commons-cli-1.2.jar:/home/user/.m2/repository/org/apache/httpcomponents/httpclient/4.5.2/httpclient-4.5.2.jar:/home/user/.m2/repository/org/apache/httpcomponents/httpcore/4.4.4/httpcore-4.4.4.jar:/home/user/.m2/repository/commons-codec/commons-codec/1.11/commons-codec-1.11.jar:/home/user/.m2/repository/commons-net/commons-net/3.6/commons-net-3.6.jar:/home/user/.m2/repository/commons-collections/commons-collections/3.2.2/commons-collections-3.2.2.jar:/home/user/.m2/repository/org/eclipse/jetty/jetty-servlet/9.3.25.v20180904/jetty-servlet-9.3.25.v20180904.jar:/home/user/.m2/repository/org/eclipse/jetty/jetty-security/9.3.25.v20180904/jetty-security-9.3.25.v20180904.jar:/home/user/.m2/repository/javax/servlet/jsp/jsp-api/2.1/jsp-api-2.1.jar:/home/user/.m2/repository/com/sun/jersey/jersey-servlet/1.19/jersey-servlet-1.19.jar:/home/user/.m2/repository/com/sun/jersey/jersey-json/1.19/jersey-json-1.19.jar:/home/user/.m2/repository/org/codehaus/jettison/jettison/1.1/jettison-1.1.jar:/home/user/.m2/repository/org/codehaus/jackson/jackson-core-asl/1.9.13/jackson-core-asl-1.9.13.jar:/home/user/.m2/repository/org/codehaus/jackson/jackson-mapper-asl/1.9.13/jackson-mapper-asl-1.9.13.jar:/home/user/.m2/repository/org/codehaus/jackson/jackson-jaxrs/1.9.13/jackson-jaxrs-1.9.13.jar:/home/user/.m2/repository/org/codehaus/jackson/jackson-xc/1.9.13/jackson-xc-1.9.13.jar:/home/user/.m2/repository/commons-logging/commons-logging/1.1.3/commons-logging-1.1.3.jar:/home/user/.m2/repository/commons-beanutils/commons-beanutils/1.9.4/commons-beanutils-1.9.4.jar:/home/user/.m2/repository/org/apache/commons/commons-configuration2/2.1.1/commons-configuration2-2.1.1.jar:/home/user/.m2/repository/org/apache/commons/commons-lang3/3.7/commons-lang3-3.7.jar:/home/user/.m2/repository/org/apache/commons/commons-text/1.4/commons-text-1.4.jar:/home/user/.m2/repository/org/apache/avro/avro/1.7.7/avro-1.7.7.jar:/home/user/.m2/repository/com/thoughtworks/paranamer/paranamer/2.3/paranamer-2.3.jar:/home/user/.m2/repository/org/xerial/snappy/snappy-java/1.0.5/snappy-java-1.0.5.jar:/home/user/.m2/repository/com/google/re2j/re2j/1.1/re2j-1.1.jar:/home/user/.m2/repository/com/google/code/gson/gson/2.2.4/gson-2.2.4.jar:/home/user/.m2/repository/com/jcraft/jsch/0.1.54/jsch-0.1.54.jar:/home/user/.m2/repository/org/apache/curator/curator-client/2.12.0/curator-client-2.12.0.jar:/home/user/.m2/repository/org/apache/curator/curator-recipes/2.12.0/curator-recipes-2.12.0.jar:/home/user/.m2/repository/com/google/code/findbugs/jsr305/3.0.0/jsr305-3.0.0.jar:/home/user/.m2/repository/org/apache/htrace/htrace-core4/4.1.0-incubating/htrace-core4-4.1.0-incubating.jar:/home/user/.m2/repository/org/apache/zookeeper/zookeeper/3.4.13/zookeeper-3.4.13.jar:/home/user/.m2/repository/jline/jline/0.9.94/jline-0.9.94.jar:/home/user/.m2/repository/org/apache/yetus/audience-annotations/0.5.0/audience-annotations-0.5.0.jar:/home/user/.m2/repository/org/codehaus/woodstox/stax2-api/3.1.4/stax2-api-3.1.4.jar:/home/user/.m2/repository/com/fasterxml/woodstox/woodstox-core/5.0.3/woodstox-core-5.0.3.jar:/home/user/.m2/repository/dnsjava/dnsjava/2.1.7/dnsjava-2.1.7.jar:/home/user/.m2/repository/org/apache/hadoop/hadoop-hdfs/3.2.0/hadoop-hdfs-3.2.0-tests.jar:/home/user/.m2/repository/org/eclipse/jetty/jetty-util-ajax/9.3.25.v20180904/jetty-util-ajax-9.3.25.v20180904.jar:/home/user/.m2/repository/commons-daemon/commons-daemon/1.0.13/commons-daemon-1.0.13.jar:/home/user/.m2/repository/io/netty/netty/3.10.5.Final/netty-3.10.5.Final.jar:/home/user/.m2/repository/io/netty/netty-all/4.0.52.Final/netty-all-4.0.52.Final.jar:/home/user/.m2/repository/org/fusesource/leveldbjni/leveldbjni-all/1.8/leveldbjni-all-1.8.jar:"/>
    <property name="sun.cpu.endian" value="little"/>
    <property name="user.home" value="/home/user"/>
    <property name="user.language" value="en"/>
    <property name="java.specification.vendor" value="Oracle Corporation"/>
    <property name="java.home" value="/usr/lib/jvm/java-1.8-openjdk/jre"/>
    <property name="java.security.krb5.conf" value="/workdir/hadoop-ozone/integration-test/target/test-classes/krb5.conf"/>
    <property name="basedir" value="/workdir/hadoop-ozone/integration-test"/>
    <property name="file.separator" value="/"/>
    <property name="line.separator" value="&#10;"/>
    <property name="java.vm.specification.vendor" value="Oracle Corporation"/>
    <property name="java.specification.name" value="Java Platform API Specification"/>
    <property name="java.awt.graphicsenv" value="sun.awt.X11GraphicsEnvironment"/>
    <property name="surefire.real.class.path" value="/workdir/hadoop-ozone/integration-test/target/surefire/surefirebooter6338551077962348133.jar"/>
    <property name="hadoop.log.dir" value="/workdir/hadoop-ozone/integration-test/target/log"/>
    <property name="sun.boot.class.path" value="/usr/lib/jvm/java-1.8-openjdk/jre/lib/resources.jar:/usr/lib/jvm/java-1.8-openjdk/jre/lib/rt.jar:/usr/lib/jvm/java-1.8-openjdk/jre/lib/sunrsasign.jar:/usr/lib/jvm/java-1.8-openjdk/jre/lib/jsse.jar:/usr/lib/jvm/java-1.8-openjdk/jre/lib/jce.jar:/usr/lib/jvm/java-1.8-openjdk/jre/lib/charsets.jar:/usr/lib/jvm/java-1.8-openjdk/jre/lib/jfr.jar:/usr/lib/jvm/java-1.8-openjdk/jre/classes"/>
    <property name="sun.management.compiler" value="HotSpot 64-Bit Tiered Compilers"/>
    <property name="java.runtime.version" value="1.8.0_212-b04"/>
    <property name="java.net.preferIPv4Stack" value="true"/>
    <property name="user.name" value="jenkins1000"/>
    <property name="path.separator" value=":"/>
    <property name="java.security.egd" value="file:///dev/urandom"/>
    <property name="os.version" value="3.10.0-957.12.2.el7.x86_64"/>
    <property name="java.endorsed.dirs" value="/usr/lib/jvm/java-1.8-openjdk/jre/lib/endorsed"/>
    <property name="java.runtime.name" value="OpenJDK Runtime Environment"/>
    <property name="file.encoding" value="UTF-8"/>
    <property name="java.vm.name" value="OpenJDK 64-Bit Server VM"/>
    <property name="test.build.webapps" value=""/>
    <property name="localRepository" value="/home/user/.m2/repository"/>
    <property name="java.vendor.url.bug" value="https://icedtea.classpath.org/bugzilla"/>
    <property name="java.io.tmpdir" value="/tmp"/>
    <property name="require.test.libhadoop" value=""/>
    <property name="java.version" value="1.8.0_212"/>
    <property name="user.dir" value="/workdir/hadoop-ozone/integration-test"/>
    <property name="os.arch" value="amd64"/>
    <property name="java.vm.specification.name" value="Java Virtual Machine Specification"/>
    <property name="test.build.classes" value="/workdir/hadoop-ozone/integration-test/target/test-classes"/>
    <property name="java.awt.printerjob" value="sun.print.PSPrinterJob"/>
    <property name="sun.os.patch.level" value="unknown"/>
    <property name="hadoop.tmp.dir" value="/workdir/hadoop-ozone/integration-test/target/tmp"/>
    <property name="java.library.path" value="/usr/lib/jvm/java-1.8-openjdk/jre/lib/amd64/server:/usr/lib/jvm/java-1.8-openjdk/jre/lib/amd64:/usr/lib/jvm/java-1.8-openjdk/jre/../lib/amd64:/workdir/hadoop-ozone/integration-test/target/native/target/usr/local/lib:/workdir/hadoop-ozone/integration-test/../../hadoop-common-project/hadoop-common/target/native/target/usr/local/lib:/usr/java/packages/lib/amd64:/usr/lib64:/lib64:/lib:/usr/lib"/>
    <property name="java.vm.info" value="mixed mode"/>
    <property name="java.vendor" value="IcedTea"/>
    <property name="java.vm.version" value="25.212-b04"/>
    <property name="java.ext.dirs" value="/usr/lib/jvm/java-1.8-openjdk/jre/lib/ext:/usr/java/packages/lib/ext"/>
    <property name="sun.io.unicode.encoding" value="UnicodeLittle"/>
    <property name="java.class.version" value="52.0"/>
  </properties>
  <testcase name="testWatchForCommitWithKeyWrite" classname="org.apache.hadoop.ozone.client.rpc.TestWatchForCommit" time="90.979"/>
  <testcase name="testWatchForCommitWithSmallerTimeoutValue" classname="org.apache.hadoop.ozone.client.rpc.TestWatchForCommit" time="43.606"/>
  <testcase name="testWatchForCommitForRetryfailure" classname="org.apache.hadoop.ozone.client.rpc.TestWatchForCommit" time="84.958"/>
  <testcase name="testWatchForCommitForGroupMismatchException" classname="org.apache.hadoop.ozone.client.rpc.TestWatchForCommit" time="47.896"/>
  <testcase name="test2WayCommitForTimeoutException" classname="org.apache.hadoop.ozone.client.rpc.TestWatchForCommit" time="24.317">
    <error type="java.util.concurrent.TimeoutException">java.util.concurrent.TimeoutException
	at java.util.concurrent.CompletableFuture.timedGet(CompletableFuture.java:1771)
	at java.util.concurrent.CompletableFuture.get(CompletableFuture.java:1915)
	at org.apache.hadoop.hdds.scm.XceiverClientRatis.watchForCommit(XceiverClientRatis.java:298)
	at org.apache.hadoop.ozone.client.rpc.TestWatchForCommit.test2WayCommitForTimeoutException(TestWatchForCommit.java:391)
	at sun.reflect.NativeMethodAccessorImpl.invoke0(Native Method)
	at sun.reflect.NativeMethodAccessorImpl.invoke(NativeMethodAccessorImpl.java:62)
	at sun.reflect.DelegatingMethodAccessorImpl.invoke(DelegatingMethodAccessorImpl.java:43)
	at java.lang.reflect.Method.invoke(Method.java:498)
	at org.junit.runners.model.FrameworkMethod$1.runReflectiveCall(FrameworkMethod.java:47)
	at org.junit.internal.runners.model.ReflectiveCallable.run(ReflectiveCallable.java:12)
	at org.junit.runners.model.FrameworkMethod.invokeExplosively(FrameworkMethod.java:44)
	at org.junit.internal.runners.statements.InvokeMethod.evaluate(InvokeMethod.java:17)
	at org.junit.runners.ParentRunner.runLeaf(ParentRunner.java:271)
	at org.junit.runners.BlockJUnit4ClassRunner.runChild(BlockJUnit4ClassRunner.java:70)
	at org.junit.runners.BlockJUnit4ClassRunner.runChild(BlockJUnit4ClassRunner.java:50)
	at org.junit.runners.ParentRunner$3.run(ParentRunner.java:238)
	at org.junit.runners.ParentRunner$1.schedule(ParentRunner.java:63)
	at org.junit.runners.ParentRunner.runChildren(ParentRunner.java:236)
	at org.junit.runners.ParentRunner.access$000(ParentRunner.java:53)
	at org.junit.runners.ParentRunner$2.evaluate(ParentRunner.java:229)
	at org.junit.runners.ParentRunner.run(ParentRunner.java:309)
	at org.apache.maven.surefire.junit4.JUnit4Provider.execute(JUnit4Provider.java:365)
	at org.apache.maven.surefire.junit4.JUnit4Provider.executeWithRerun(JUnit4Provider.java:273)
	at org.apache.maven.surefire.junit4.JUnit4Provider.executeTestSet(JUnit4Provider.java:238)
	at org.apache.maven.surefire.junit4.JUnit4Provider.invoke(JUnit4Provider.java:159)
	at org.apache.maven.surefire.booter.ForkedBooter.invokeProviderInSameClassLoader(ForkedBooter.java:384)
	at org.apache.maven.surefire.booter.ForkedBooter.runSuitesInProcess(ForkedBooter.java:345)
	at org.apache.maven.surefire.booter.ForkedBooter.execute(ForkedBooter.java:126)
	at org.apache.maven.surefire.booter.ForkedBooter.main(ForkedBooter.java:418)
</error>
    <system-out><![CDATA[2019-10-04 13:07:28,295 [main] WARN  server.ServerUtils (ServerUtils.java:getScmDbDir(145)) - ozone.scm.db.dirs is not configured. We recommend adding this setting. Falling back to ozone.metadata.dirs instead.
2019-10-04 13:07:28,320 [main] WARN  server.ServerUtils (ServerUtils.java:getScmDbDir(145)) - ozone.scm.db.dirs is not configured. We recommend adding this setting. Falling back to ozone.metadata.dirs instead.
2019-10-04 13:07:28,321 [main] WARN  server.ServerUtils (ServerUtils.java:getScmDbDir(145)) - ozone.scm.db.dirs is not configured. We recommend adding this setting. Falling back to ozone.metadata.dirs instead.
2019-10-04 13:07:28,321 [main] INFO  db.DBStoreBuilder (DBStoreBuilder.java:addTable(117)) - using custom profile for table: deletedBlocks
2019-10-04 13:07:28,322 [main] INFO  db.DBStoreBuilder (DBStoreBuilder.java:processTables(168)) - Using default column profile:DBProfile.DISK for Table:deletedBlocks
2019-10-04 13:07:28,322 [main] INFO  db.DBStoreBuilder (DBStoreBuilder.java:addTable(117)) - using custom profile for table: validCerts
2019-10-04 13:07:28,322 [main] INFO  db.DBStoreBuilder (DBStoreBuilder.java:processTables(168)) - Using default column profile:DBProfile.DISK for Table:validCerts
2019-10-04 13:07:28,322 [main] INFO  db.DBStoreBuilder (DBStoreBuilder.java:addTable(117)) - using custom profile for table: revokedCerts
2019-10-04 13:07:28,322 [main] INFO  db.DBStoreBuilder (DBStoreBuilder.java:processTables(168)) - Using default column profile:DBProfile.DISK for Table:revokedCerts
2019-10-04 13:07:28,323 [main] INFO  db.DBStoreBuilder (DBStoreBuilder.java:addTable(117)) - using custom profile for table: default
2019-10-04 13:07:28,323 [main] INFO  db.DBStoreBuilder (DBStoreBuilder.java:processTables(174)) - Using default column profile:DBProfile.DISK for Table:default
2019-10-04 13:07:28,323 [main] INFO  db.DBStoreBuilder (DBStoreBuilder.java:getDbProfile(205)) - Using default options. DBProfile.DISK
2019-10-04 13:07:28,657 [main] INFO  net.NodeSchemaLoader (NodeSchemaLoader.java:loadSchemaFromFile(125)) - Loading file from sun.misc.CompoundEnumeration@13250132
2019-10-04 13:07:28,657 [main] INFO  net.NodeSchemaLoader (NodeSchemaLoader.java:loadSchema(171)) - Loading network topology layer schema file
2019-10-04 13:07:28,664 [main] WARN  server.ServerUtils (ServerUtils.java:sanitizeUserArgs(70)) - ozone.scm.stale.node.interval value = 300000 is larger than max = 100000 based on the key value of ozone.scm.heartbeat.thread.interval, reset to the max value 100000.
2019-10-04 13:07:28,664 [main] WARN  server.ServerUtils (ServerUtils.java:sanitizeUserArgs(70)) - ozone.scm.stale.node.interval value = 300000 is larger than max = 100000 based on the key value of ozone.scm.heartbeat.thread.interval, reset to the max value 100000.
2019-10-04 13:07:28,665 [main] INFO  node.SCMNodeManager (SCMNodeManager.java:<init>(114)) - Entering startup safe mode.
2019-10-04 13:07:28,666 [main] INFO  algorithms.ContainerPlacementPolicyFactory (ContainerPlacementPolicyFactory.java:getPolicy(57)) - Create container placement policy of type org.apache.hadoop.hdds.scm.container.placement.algorithms.SCMContainerPlacementRandom
2019-10-04 13:07:28,666 [main] WARN  server.ServerUtils (ServerUtils.java:getScmDbDir(145)) - ozone.scm.db.dirs is not configured. We recommend adding this setting. Falling back to ozone.metadata.dirs instead.
2019-10-04 13:07:28,777 [main] INFO  pipeline.SCMPipelineManager (SCMPipelineManager.java:initializePipelineState(132)) - No pipeline exists in current db
2019-10-04 13:07:28,778 [main] WARN  server.ServerUtils (ServerUtils.java:getScmDbDir(145)) - ozone.scm.db.dirs is not configured. We recommend adding this setting. Falling back to ozone.metadata.dirs instead.
2019-10-04 13:07:28,949 [main] WARN  events.EventQueue (EventQueue.java:fireEvent(183)) - No event handler registered for event TypedEvent{payloadType=SafeModeStatus, name='SafeModeStatus'}
2019-10-04 13:07:28,950 [main] INFO  ipc.CallQueueManager (CallQueueManager.java:<init>(84)) - Using callQueue: class java.util.concurrent.LinkedBlockingQueue, queueCapacity: 2000, scheduler: class org.apache.hadoop.ipc.DefaultRpcScheduler, ipcBackoff: false.
2019-10-04 13:07:28,951 [Socket Reader #1 for port 37248] INFO  ipc.Server (Server.java:run(1074)) - Starting Socket Reader #1 for port 37248
2019-10-04 13:07:28,954 [main] INFO  ipc.CallQueueManager (CallQueueManager.java:<init>(84)) - Using callQueue: class java.util.concurrent.LinkedBlockingQueue, queueCapacity: 2000, scheduler: class org.apache.hadoop.ipc.DefaultRpcScheduler, ipcBackoff: false.
2019-10-04 13:07:28,955 [Socket Reader #1 for port 41853] INFO  ipc.Server (Server.java:run(1074)) - Starting Socket Reader #1 for port 41853
2019-10-04 13:07:28,956 [main] INFO  ipc.CallQueueManager (CallQueueManager.java:<init>(84)) - Using callQueue: class java.util.concurrent.LinkedBlockingQueue, queueCapacity: 2000, scheduler: class org.apache.hadoop.ipc.DefaultRpcScheduler, ipcBackoff: false.
2019-10-04 13:07:28,957 [Socket Reader #1 for port 40711] INFO  ipc.Server (Server.java:run(1074)) - Starting Socket Reader #1 for port 40711
2019-10-04 13:07:28,959 [main] INFO  hdfs.DFSUtil (DFSUtil.java:httpServerTemplateForNNAndJN(1641)) - Starting Web-server for scm at: http://0.0.0.0:0
2019-10-04 13:07:28,961 [main] INFO  server.AuthenticationFilter (AuthenticationFilter.java:constructSecretProvider(240)) - Unable to initialize FileSignerSecretProvider, falling back to use random secrets.
2019-10-04 13:07:28,962 [main] WARN  http.HttpRequestLog (HttpRequestLog.java:getRequestLog(97)) - Jetty request log can only be enabled using Log4j
2019-10-04 13:07:28,963 [main] INFO  http.HttpServer2 (HttpServer2.java:addGlobalFilter(975)) - Added global filter 'safety' (class=org.apache.hadoop.http.HttpServer2$QuotingInputFilter)
2019-10-04 13:07:28,964 [main] INFO  http.HttpServer2 (HttpServer2.java:addFilter(948)) - Added filter static_user_filter (class=org.apache.hadoop.http.lib.StaticUserWebFilter$StaticUserFilter) to context scm
2019-10-04 13:07:28,964 [main] INFO  http.HttpServer2 (HttpServer2.java:addFilter(958)) - Added filter static_user_filter (class=org.apache.hadoop.http.lib.StaticUserWebFilter$StaticUserFilter) to context logs
2019-10-04 13:07:28,964 [main] INFO  http.HttpServer2 (HttpServer2.java:addFilter(958)) - Added filter static_user_filter (class=org.apache.hadoop.http.lib.StaticUserWebFilter$StaticUserFilter) to context static
2019-10-04 13:07:28,966 [main] INFO  server.StorageContainerManager (StorageContainerManager.java:start(770)) - StorageContainerLocationProtocol RPC server is listening at /0.0.0.0:40711
2019-10-04 13:07:28,969 [main] WARN  impl.MetricsConfig (MetricsConfig.java:loadFirst(134)) - Cannot locate configuration: tried hadoop-metrics2-storagecontainermanager.properties,hadoop-metrics2.properties
2019-10-04 13:07:28,969 [main] INFO  impl.MetricsSystemImpl (MetricsSystemImpl.java:startTimer(374)) - Scheduled Metric snapshot period at 10 second(s).
2019-10-04 13:07:28,970 [main] INFO  impl.MetricsSystemImpl (MetricsSystemImpl.java:start(191)) - StorageContainerManager metrics system started
2019-10-04 13:07:29,003 [main] WARN  impl.MetricsSystemImpl (MetricsSystemImpl.java:register(276)) - Sink prometheus already exists!
2019-10-04 13:07:29,080 [main] INFO  server.SCMClientProtocolServer (SCMClientProtocolServer.java:start(159)) - RPC server for Client  is listening at /0.0.0.0:40711
2019-10-04 13:07:29,081 [IPC Server Responder] INFO  ipc.Server (Server.java:run(1314)) - IPC Server Responder: starting
2019-10-04 13:07:29,082 [IPC Server listener on 40711] INFO  ipc.Server (Server.java:run(1153)) - IPC Server listener on 40711: starting
2019-10-04 13:07:29,085 [main] INFO  server.StorageContainerManager (StorageContainerManager.java:start(780)) - ScmBlockLocationProtocol RPC server is listening at /0.0.0.0:41853
2019-10-04 13:07:29,086 [main] INFO  server.SCMBlockProtocolServer (SCMBlockProtocolServer.java:start(146)) - RPC server for Block Protocol is listening at /0.0.0.0:41853
2019-10-04 13:07:29,086 [IPC Server Responder] INFO  ipc.Server (Server.java:run(1314)) - IPC Server Responder: starting
2019-10-04 13:07:29,086 [IPC Server listener on 41853] INFO  ipc.Server (Server.java:run(1153)) - IPC Server listener on 41853: starting
2019-10-04 13:07:29,092 [main] INFO  server.StorageContainerManager (StorageContainerManager.java:start(784)) - ScmDatanodeProtocl RPC server is listening at /0.0.0.0:37248
2019-10-04 13:07:29,092 [main] INFO  server.SCMDatanodeProtocolServer (SCMDatanodeProtocolServer.java:start(169)) - RPC server for DataNodes is listening at /0.0.0.0:37248
2019-10-04 13:07:29,093 [IPC Server Responder] INFO  ipc.Server (Server.java:run(1314)) - IPC Server Responder: starting
2019-10-04 13:07:29,093 [IPC Server listener on 37248] INFO  ipc.Server (Server.java:run(1153)) - IPC Server listener on 37248: starting
2019-10-04 13:07:29,097 [main] INFO  http.HttpServer2 (HttpServer2.java:bindListener(1191)) - Jetty bound to port 44099
2019-10-04 13:07:29,097 [main] INFO  server.Server (Server.java:doStart(351)) - jetty-9.3.25.v20180904, build timestamp: 2018-09-04T21:11:46Z, git hash: 3ce520221d0240229c862b122d2b06c12a625732
2019-10-04 13:07:29,103 [main] INFO  handler.ContextHandler (ContextHandler.java:doStart(781)) - Started o.e.j.s.ServletContextHandler@5db3d57c{/logs,file:///workdir/hadoop-ozone/integration-test/target/log,AVAILABLE}
2019-10-04 13:07:29,103 [main] INFO  handler.ContextHandler (ContextHandler.java:doStart(781)) - Started o.e.j.s.ServletContextHandler@74ba6ff5{/static,file:///workdir/hadoop-ozone/integration-test/target/test-classes/webapps/static,AVAILABLE}
2019-10-04 13:07:29,108 [main] INFO  handler.ContextHandler (ContextHandler.java:doStart(781)) - Started o.e.j.w.WebAppContext@75eaba95{/,file:///workdir/hadoop-ozone/integration-test/target/test-classes/webapps/scm/,AVAILABLE}{/scm}
2019-10-04 13:07:29,108 [main] INFO  server.AbstractConnector (AbstractConnector.java:doStart(278)) - Started ServerConnector@320be73{HTTP/1.1,[http/1.1]}{0.0.0.0:44099}
2019-10-04 13:07:29,110 [main] INFO  server.Server (Server.java:doStart(419)) - Started @268646ms
2019-10-04 13:07:29,110 [main] WARN  impl.MetricsSystemImpl (MetricsSystemImpl.java:register(276)) - Sink prometheus already exists!
2019-10-04 13:07:29,111 [main] INFO  server.BaseHttpServer (BaseHttpServer.java:updateConnectorAddress(215)) - HTTP server of SCM is listening at http://0.0.0.0:44099
2019-10-04 13:07:29,111 [main] WARN  server.ServerUtils (ServerUtils.java:getDBPath(222)) - ozone.om.db.dirs is not configured. We recommend adding this setting. Falling back to ozone.metadata.dirs instead.
2019-10-04 13:07:29,113 [org.apache.hadoop.util.JvmPauseMonitor$Monitor@6af310c7] INFO  util.JvmPauseMonitor (JvmPauseMonitor.java:run(188)) - Starting JVM pause monitor
2019-10-04 13:07:29,164 [main] INFO  ha.OMHANodeDetails (OMHANodeDetails.java:loadOMHAConfig(190)) - Configuration either no ozone.om.address set. Falling back to the default OM address /127.0.0.1:0
2019-10-04 13:07:29,164 [main] INFO  ha.OMHANodeDetails (OMHANodeDetails.java:getOMNodeDetails(220)) - OM Service ID is not set. Setting it to the default ID: omServiceIdDefault
2019-10-04 13:07:29,164 [main] WARN  server.ServerUtils (ServerUtils.java:getDBPath(222)) - ozone.om.db.dirs is not configured. We recommend adding this setting. Falling back to ozone.metadata.dirs instead.
2019-10-04 13:07:29,165 [main] WARN  server.ServerUtils (ServerUtils.java:getDBPath(222)) - ozone.om.db.dirs is not configured. We recommend adding this setting. Falling back to ozone.metadata.dirs instead.
2019-10-04 13:07:29,181 [main] WARN  server.ServerUtils (ServerUtils.java:getDBPath(222)) - ozone.om.db.dirs is not configured. We recommend adding this setting. Falling back to ozone.metadata.dirs instead.
2019-10-04 13:07:29,181 [main] INFO  db.DBStoreBuilder (DBStoreBuilder.java:addTable(117)) - using custom profile for table: userTable
2019-10-04 13:07:29,182 [main] INFO  db.DBStoreBuilder (DBStoreBuilder.java:processTables(168)) - Using default column profile:DBProfile.DISK for Table:userTable
2019-10-04 13:07:29,182 [main] INFO  db.DBStoreBuilder (DBStoreBuilder.java:addTable(117)) - using custom profile for table: volumeTable
2019-10-04 13:07:29,182 [main] INFO  db.DBStoreBuilder (DBStoreBuilder.java:processTables(168)) - Using default column profile:DBProfile.DISK for Table:volumeTable
2019-10-04 13:07:29,182 [main] INFO  db.DBStoreBuilder (DBStoreBuilder.java:addTable(117)) - using custom profile for table: bucketTable
2019-10-04 13:07:29,183 [main] INFO  db.DBStoreBuilder (DBStoreBuilder.java:processTables(168)) - Using default column profile:DBProfile.DISK for Table:bucketTable
2019-10-04 13:07:29,183 [main] INFO  db.DBStoreBuilder (DBStoreBuilder.java:addTable(117)) - using custom profile for table: keyTable
2019-10-04 13:07:29,183 [main] INFO  db.DBStoreBuilder (DBStoreBuilder.java:processTables(168)) - Using default column profile:DBProfile.DISK for Table:keyTable
2019-10-04 13:07:29,184 [main] INFO  db.DBStoreBuilder (DBStoreBuilder.java:addTable(117)) - using custom profile for table: deletedTable
2019-10-04 13:07:29,184 [main] INFO  db.DBStoreBuilder (DBStoreBuilder.java:processTables(168)) - Using default column profile:DBProfile.DISK for Table:deletedTable
2019-10-04 13:07:29,184 [main] INFO  db.DBStoreBuilder (DBStoreBuilder.java:addTable(117)) - using custom profile for table: openKeyTable
2019-10-04 13:07:29,184 [main] INFO  db.DBStoreBuilder (DBStoreBuilder.java:processTables(168)) - Using default column profile:DBProfile.DISK for Table:openKeyTable
2019-10-04 13:07:29,185 [main] INFO  db.DBStoreBuilder (DBStoreBuilder.java:addTable(117)) - using custom profile for table: s3Table
2019-10-04 13:07:29,185 [main] INFO  db.DBStoreBuilder (DBStoreBuilder.java:processTables(168)) - Using default column profile:DBProfile.DISK for Table:s3Table
2019-10-04 13:07:29,185 [main] INFO  db.DBStoreBuilder (DBStoreBuilder.java:addTable(117)) - using custom profile for table: multipartInfoTable
2019-10-04 13:07:29,185 [main] INFO  db.DBStoreBuilder (DBStoreBuilder.java:processTables(168)) - Using default column profile:DBProfile.DISK for Table:multipartInfoTable
2019-10-04 13:07:29,186 [main] INFO  db.DBStoreBuilder (DBStoreBuilder.java:addTable(117)) - using custom profile for table: dTokenTable
2019-10-04 13:07:29,186 [main] INFO  db.DBStoreBuilder (DBStoreBuilder.java:processTables(168)) - Using default column profile:DBProfile.DISK for Table:dTokenTable
2019-10-04 13:07:29,186 [main] INFO  db.DBStoreBuilder (DBStoreBuilder.java:addTable(117)) - using custom profile for table: s3SecretTable
2019-10-04 13:07:29,186 [main] INFO  db.DBStoreBuilder (DBStoreBuilder.java:processTables(168)) - Using default column profile:DBProfile.DISK for Table:s3SecretTable
2019-10-04 13:07:29,187 [main] INFO  db.DBStoreBuilder (DBStoreBuilder.java:addTable(117)) - using custom profile for table: prefixTable
2019-10-04 13:07:29,187 [main] INFO  db.DBStoreBuilder (DBStoreBuilder.java:processTables(168)) - Using default column profile:DBProfile.DISK for Table:prefixTable
2019-10-04 13:07:29,187 [main] INFO  db.DBStoreBuilder (DBStoreBuilder.java:addTable(117)) - using custom profile for table: default
2019-10-04 13:07:29,187 [main] INFO  db.DBStoreBuilder (DBStoreBuilder.java:processTables(174)) - Using default column profile:DBProfile.DISK for Table:default
2019-10-04 13:07:29,188 [main] INFO  db.DBStoreBuilder (DBStoreBuilder.java:getDbProfile(205)) - Using default options. DBProfile.DISK
2019-10-04 13:07:29,977 [main] INFO  ipc.CallQueueManager (CallQueueManager.java:<init>(84)) - Using callQueue: class java.util.concurrent.LinkedBlockingQueue, queueCapacity: 2000, scheduler: class org.apache.hadoop.ipc.DefaultRpcScheduler, ipcBackoff: false.
2019-10-04 13:07:29,978 [Socket Reader #1 for port 46518] INFO  ipc.Server (Server.java:run(1074)) - Starting Socket Reader #1 for port 46518
2019-10-04 13:07:29,991 [main] INFO  om.OzoneManager (OzoneManager.java:start(1069)) - OzoneManager RPC server is listening at localhost/127.0.0.1:46518
2019-10-04 13:07:29,991 [main] INFO  impl.MetricsSystemImpl (MetricsSystemImpl.java:init(158)) - OzoneManager metrics system started (again)
2019-10-04 13:07:29,992 [IPC Server Responder] INFO  ipc.Server (Server.java:run(1314)) - IPC Server Responder: starting
2019-10-04 13:07:29,993 [IPC Server listener on 46518] INFO  ipc.Server (Server.java:run(1153)) - IPC Server listener on 46518: starting
2019-10-04 13:07:29,997 [main] INFO  hdfs.DFSUtil (DFSUtil.java:httpServerTemplateForNNAndJN(1641)) - Starting Web-server for ozoneManager at: http://0.0.0.0:0
2019-10-04 13:07:29,998 [main] INFO  server.AuthenticationFilter (AuthenticationFilter.java:constructSecretProvider(240)) - Unable to initialize FileSignerSecretProvider, falling back to use random secrets.
2019-10-04 13:07:29,999 [main] WARN  http.HttpRequestLog (HttpRequestLog.java:getRequestLog(97)) - Jetty request log can only be enabled using Log4j
2019-10-04 13:07:30,000 [main] INFO  http.HttpServer2 (HttpServer2.java:addGlobalFilter(975)) - Added global filter 'safety' (class=org.apache.hadoop.http.HttpServer2$QuotingInputFilter)
2019-10-04 13:07:30,001 [main] INFO  http.HttpServer2 (HttpServer2.java:addFilter(948)) - Added filter static_user_filter (class=org.apache.hadoop.http.lib.StaticUserWebFilter$StaticUserFilter) to context ozoneManager
2019-10-04 13:07:30,001 [main] INFO  http.HttpServer2 (HttpServer2.java:addFilter(958)) - Added filter static_user_filter (class=org.apache.hadoop.http.lib.StaticUserWebFilter$StaticUserFilter) to context static
2019-10-04 13:07:30,001 [main] INFO  http.HttpServer2 (HttpServer2.java:addFilter(958)) - Added filter static_user_filter (class=org.apache.hadoop.http.lib.StaticUserWebFilter$StaticUserFilter) to context logs
2019-10-04 13:07:30,002 [main] INFO  http.HttpServer2 (HttpServer2.java:bindListener(1191)) - Jetty bound to port 44093
2019-10-04 13:07:30,002 [main] INFO  server.Server (Server.java:doStart(351)) - jetty-9.3.25.v20180904, build timestamp: 2018-09-04T21:11:46Z, git hash: 3ce520221d0240229c862b122d2b06c12a625732
2019-10-04 13:07:30,003 [main] INFO  handler.ContextHandler (ContextHandler.java:doStart(781)) - Started o.e.j.s.ServletContextHandler@7e49ded{/logs,file:///workdir/hadoop-ozone/integration-test/target/log,AVAILABLE}
2019-10-04 13:07:30,003 [main] INFO  handler.ContextHandler (ContextHandler.java:doStart(781)) - Started o.e.j.s.ServletContextHandler@2478b629{/static,file:///workdir/hadoop-ozone/integration-test/target/test-classes/webapps/static,AVAILABLE}
2019-10-04 13:07:30,007 [main] INFO  handler.ContextHandler (ContextHandler.java:doStart(781)) - Started o.e.j.w.WebAppContext@66f16742{/,file:///workdir/hadoop-ozone/integration-test/target/test-classes/webapps/ozoneManager/,AVAILABLE}{/ozoneManager}
2019-10-04 13:07:30,007 [main] INFO  server.AbstractConnector (AbstractConnector.java:doStart(278)) - Started ServerConnector@2871ac91{HTTP/1.1,[http/1.1]}{0.0.0.0:44093}
2019-10-04 13:07:30,009 [main] INFO  server.Server (Server.java:doStart(419)) - Started @269544ms
2019-10-04 13:07:30,009 [main] WARN  impl.MetricsSystemImpl (MetricsSystemImpl.java:register(276)) - Sink prometheus already exists!
2019-10-04 13:07:30,009 [main] INFO  server.BaseHttpServer (BaseHttpServer.java:updateConnectorAddress(215)) - HTTP server of OZONEMANAGER is listening at http://0.0.0.0:44093
2019-10-04 13:07:30,022 [main] INFO  impl.MetricsSystemImpl (MetricsSystemImpl.java:init(158)) - HddsDatanode metrics system started (again)
2019-10-04 13:07:30,026 [main] INFO  ozone.HddsDatanodeService (HddsDatanodeService.java:start(184)) - HddsDatanodeService host:pr-hdds-2222-6g2n6-3934316592 ip:192.168.30.24
2019-10-04 13:07:30,031 [main] INFO  volume.HddsVolume (HddsVolume.java:<init>(176)) - Creating Volume: /workdir/hadoop-ozone/integration-test/target/test-dir/MiniOzoneClusterImpl-91ba6091-3cbe-48fc-8e8d-05e77847d09f/datanode-0/data/containers/hdds of  storage type : DISK and capacity : 1482555576320
2019-10-04 13:07:30,032 [main] INFO  volume.VolumeSet (VolumeSet.java:initializeVolumeSet(170)) - Added Volume : /workdir/hadoop-ozone/integration-test/target/test-dir/MiniOzoneClusterImpl-91ba6091-3cbe-48fc-8e8d-05e77847d09f/datanode-0/data/containers/hdds to VolumeSet
2019-10-04 13:07:30,032 [main] INFO  volume.ThrottledAsyncChecker (ThrottledAsyncChecker.java:schedule(139)) - Scheduling a check for org.apache.hadoop.ozone.container.common.volume.HddsVolume@6ddd1c51
2019-10-04 13:07:30,032 [main] INFO  volume.HddsVolumeChecker (HddsVolumeChecker.java:checkAllVolumes(202)) - Scheduled health check for volume org.apache.hadoop.ozone.container.common.volume.HddsVolume@6ddd1c51
2019-10-04 13:07:30,051 [main] INFO  impl.RaftServerProxy (ConfUtils.java:logGet(43)) - raft.rpc.type = GRPC (default)
2019-10-04 13:07:30,051 [main] INFO  grpc.GrpcFactory (GrpcFactory.java:checkPooledByteBufAllocatorUseCacheForAllThreads(45)) - PERFORMANCE WARNING: useCacheForAllThreads is true that may cause Netty to create a lot garbage objects and, as a result, trigger GC.
	It is recommended to disable useCacheForAllThreads by setting -Dorg.apache.ratis.thirdparty.io.netty.allocator.useCacheForAllThreads=false in command line.
2019-10-04 13:07:30,052 [main] INFO  grpc.GrpcConfigKeys$Server (ConfUtils.java:logGet(43)) - raft.grpc.server.port = 0 (default)
2019-10-04 13:07:30,052 [main] INFO  server.GrpcService (ConfUtils.java:logGet(43)) - raft.grpc.message.size.max = 33570816 (custom)
2019-10-04 13:07:30,052 [main] INFO  server.RaftServerConfigKeys (ConfUtils.java:logGet(43)) - raft.server.log.appender.buffer.byte-limit = 33554432 (custom)
2019-10-04 13:07:30,052 [main] INFO  server.GrpcService (ConfUtils.java:logGet(43)) - raft.grpc.flow.control.window = 1MB (=1048576) (default)
2019-10-04 13:07:30,053 [main] INFO  server.RaftServerConfigKeys (ConfUtils.java:logGet(43)) - raft.server.rpc.request.timeout = 3000ms (default)
2019-10-04 13:07:30,053 [main] INFO  server.RaftServerConfigKeys (ConfUtils.java:logGet(43)) - raft.server.storage.dir = [/workdir/hadoop-ozone/integration-test/target/test-dir/MiniOzoneClusterImpl-91ba6091-3cbe-48fc-8e8d-05e77847d09f/datanode-0/data/ratis] (custom)
2019-10-04 13:07:30,055 [main] INFO  hdfs.DFSUtil (DFSUtil.java:httpServerTemplateForNNAndJN(1641)) - Starting Web-server for hddsDatanode at: http://0.0.0.0:0
2019-10-04 13:07:30,056 [main] INFO  server.AuthenticationFilter (AuthenticationFilter.java:constructSecretProvider(240)) - Unable to initialize FileSignerSecretProvider, falling back to use random secrets.
2019-10-04 13:07:30,057 [main] WARN  http.HttpRequestLog (HttpRequestLog.java:getRequestLog(97)) - Jetty request log can only be enabled using Log4j
2019-10-04 13:07:30,058 [main] INFO  http.HttpServer2 (HttpServer2.java:addGlobalFilter(975)) - Added global filter 'safety' (class=org.apache.hadoop.http.HttpServer2$QuotingInputFilter)
2019-10-04 13:07:30,059 [main] INFO  http.HttpServer2 (HttpServer2.java:addFilter(948)) - Added filter static_user_filter (class=org.apache.hadoop.http.lib.StaticUserWebFilter$StaticUserFilter) to context hddsDatanode
2019-10-04 13:07:30,059 [main] INFO  http.HttpServer2 (HttpServer2.java:addFilter(958)) - Added filter static_user_filter (class=org.apache.hadoop.http.lib.StaticUserWebFilter$StaticUserFilter) to context logs
2019-10-04 13:07:30,059 [main] INFO  http.HttpServer2 (HttpServer2.java:addFilter(958)) - Added filter static_user_filter (class=org.apache.hadoop.http.lib.StaticUserWebFilter$StaticUserFilter) to context static
2019-10-04 13:07:30,060 [main] INFO  http.HttpServer2 (HttpServer2.java:bindListener(1191)) - Jetty bound to port 36167
2019-10-04 13:07:30,060 [main] INFO  server.Server (Server.java:doStart(351)) - jetty-9.3.25.v20180904, build timestamp: 2018-09-04T21:11:46Z, git hash: 3ce520221d0240229c862b122d2b06c12a625732
2019-10-04 13:07:30,062 [main] INFO  handler.ContextHandler (ContextHandler.java:doStart(781)) - Started o.e.j.s.ServletContextHandler@76396509{/logs,file:///workdir/hadoop-ozone/integration-test/target/log,AVAILABLE}
2019-10-04 13:07:30,062 [main] INFO  handler.ContextHandler (ContextHandler.java:doStart(781)) - Started o.e.j.s.ServletContextHandler@51ac12ac{/static,jar:file:/home/user/.m2/repository/org/apache/hadoop/hadoop-hdds-container-service/0.5.0-SNAPSHOT/hadoop-hdds-container-service-0.5.0-SNAPSHOT.jar!/webapps/static,AVAILABLE}
2019-10-04 13:07:30,091 [main] INFO  handler.ContextHandler (ContextHandler.java:doStart(781)) - Started o.e.j.w.WebAppContext@17ff8810{/,file:///tmp/jetty-0.0.0.0-36167-hddsDatanode-_-any-2512322604114597173.dir/webapp/,AVAILABLE}{/hddsDatanode}
2019-10-04 13:07:30,091 [main] INFO  server.AbstractConnector (AbstractConnector.java:doStart(278)) - Started ServerConnector@6c951ada{HTTP/1.1,[http/1.1]}{0.0.0.0:36167}
2019-10-04 13:07:30,093 [main] INFO  server.Server (Server.java:doStart(419)) - Started @269629ms
2019-10-04 13:07:30,093 [main] WARN  impl.MetricsSystemImpl (MetricsSystemImpl.java:register(276)) - Sink prometheus already exists!
2019-10-04 13:07:30,094 [main] INFO  server.BaseHttpServer (BaseHttpServer.java:updateConnectorAddress(215)) - HTTP server of HDDSDATANODE is listening at http://0.0.0.0:36167
2019-10-04 13:07:30,094 [main] INFO  impl.MetricsSystemImpl (MetricsSystemImpl.java:init(158)) - HddsDatanode metrics system started (again)
2019-10-04 13:07:30,099 [org.apache.hadoop.util.JvmPauseMonitor$Monitor@7344559f] INFO  util.JvmPauseMonitor (JvmPauseMonitor.java:run(188)) - Starting JVM pause monitor
2019-10-04 13:07:30,099 [main] INFO  ozone.HddsDatanodeService (HddsDatanodeService.java:start(184)) - HddsDatanodeService host:pr-hdds-2222-6g2n6-3934316592 ip:192.168.30.24
2019-10-04 13:07:30,100 [Datanode State Machine Thread - 0] INFO  datanode.InitDatanodeState (InitDatanodeState.java:persistContainerDatanodeDetails(140)) - DatanodeDetails is persisted to /workdir/hadoop-ozone/integration-test/target/test-dir/MiniOzoneClusterImpl-91ba6091-3cbe-48fc-8e8d-05e77847d09f/datanode-0/meta/datanode.id
2019-10-04 13:07:30,105 [main] INFO  volume.HddsVolume (HddsVolume.java:<init>(176)) - Creating Volume: /workdir/hadoop-ozone/integration-test/target/test-dir/MiniOzoneClusterImpl-91ba6091-3cbe-48fc-8e8d-05e77847d09f/datanode-1/data/containers/hdds of  storage type : DISK and capacity : 1482555576320
2019-10-04 13:07:30,105 [main] INFO  volume.VolumeSet (VolumeSet.java:initializeVolumeSet(170)) - Added Volume : /workdir/hadoop-ozone/integration-test/target/test-dir/MiniOzoneClusterImpl-91ba6091-3cbe-48fc-8e8d-05e77847d09f/datanode-1/data/containers/hdds to VolumeSet
2019-10-04 13:07:30,106 [main] INFO  volume.ThrottledAsyncChecker (ThrottledAsyncChecker.java:schedule(139)) - Scheduling a check for org.apache.hadoop.ozone.container.common.volume.HddsVolume@6de7778f
2019-10-04 13:07:30,106 [main] INFO  volume.HddsVolumeChecker (HddsVolumeChecker.java:checkAllVolumes(202)) - Scheduled health check for volume org.apache.hadoop.ozone.container.common.volume.HddsVolume@6de7778f
2019-10-04 13:07:30,118 [main] INFO  impl.RaftServerProxy (ConfUtils.java:logGet(43)) - raft.rpc.type = GRPC (default)
2019-10-04 13:07:30,118 [main] INFO  grpc.GrpcFactory (GrpcFactory.java:checkPooledByteBufAllocatorUseCacheForAllThreads(45)) - PERFORMANCE WARNING: useCacheForAllThreads is true that may cause Netty to create a lot garbage objects and, as a result, trigger GC.
	It is recommended to disable useCacheForAllThreads by setting -Dorg.apache.ratis.thirdparty.io.netty.allocator.useCacheForAllThreads=false in command line.
2019-10-04 13:07:30,118 [main] INFO  grpc.GrpcConfigKeys$Server (ConfUtils.java:logGet(43)) - raft.grpc.server.port = 0 (default)
2019-10-04 13:07:30,118 [main] INFO  server.GrpcService (ConfUtils.java:logGet(43)) - raft.grpc.message.size.max = 33570816 (custom)
2019-10-04 13:07:30,118 [main] INFO  server.RaftServerConfigKeys (ConfUtils.java:logGet(43)) - raft.server.log.appender.buffer.byte-limit = 33554432 (custom)
2019-10-04 13:07:30,118 [main] INFO  server.GrpcService (ConfUtils.java:logGet(43)) - raft.grpc.flow.control.window = 1MB (=1048576) (default)
2019-10-04 13:07:30,119 [main] INFO  server.RaftServerConfigKeys (ConfUtils.java:logGet(43)) - raft.server.rpc.request.timeout = 3000ms (default)
2019-10-04 13:07:30,119 [main] INFO  server.RaftServerConfigKeys (ConfUtils.java:logGet(43)) - raft.server.storage.dir = [/workdir/hadoop-ozone/integration-test/target/test-dir/MiniOzoneClusterImpl-91ba6091-3cbe-48fc-8e8d-05e77847d09f/datanode-1/data/ratis] (custom)
2019-10-04 13:07:30,120 [main] INFO  hdfs.DFSUtil (DFSUtil.java:httpServerTemplateForNNAndJN(1641)) - Starting Web-server for hddsDatanode at: http://0.0.0.0:0
2019-10-04 13:07:30,121 [main] INFO  server.AuthenticationFilter (AuthenticationFilter.java:constructSecretProvider(240)) - Unable to initialize FileSignerSecretProvider, falling back to use random secrets.
2019-10-04 13:07:30,122 [main] WARN  http.HttpRequestLog (HttpRequestLog.java:getRequestLog(97)) - Jetty request log can only be enabled using Log4j
2019-10-04 13:07:30,123 [main] INFO  http.HttpServer2 (HttpServer2.java:addGlobalFilter(975)) - Added global filter 'safety' (class=org.apache.hadoop.http.HttpServer2$QuotingInputFilter)
2019-10-04 13:07:30,123 [main] INFO  http.HttpServer2 (HttpServer2.java:addFilter(948)) - Added filter static_user_filter (class=org.apache.hadoop.http.lib.StaticUserWebFilter$StaticUserFilter) to context hddsDatanode
2019-10-04 13:07:30,123 [main] INFO  http.HttpServer2 (HttpServer2.java:addFilter(958)) - Added filter static_user_filter (class=org.apache.hadoop.http.lib.StaticUserWebFilter$StaticUserFilter) to context static
2019-10-04 13:07:30,123 [main] INFO  http.HttpServer2 (HttpServer2.java:addFilter(958)) - Added filter static_user_filter (class=org.apache.hadoop.http.lib.StaticUserWebFilter$StaticUserFilter) to context logs
2019-10-04 13:07:30,124 [main] INFO  http.HttpServer2 (HttpServer2.java:bindListener(1191)) - Jetty bound to port 46803
2019-10-04 13:07:30,124 [main] INFO  server.Server (Server.java:doStart(351)) - jetty-9.3.25.v20180904, build timestamp: 2018-09-04T21:11:46Z, git hash: 3ce520221d0240229c862b122d2b06c12a625732
2019-10-04 13:07:30,125 [main] INFO  handler.ContextHandler (ContextHandler.java:doStart(781)) - Started o.e.j.s.ServletContextHandler@3dfd6220{/logs,file:///workdir/hadoop-ozone/integration-test/target/log,AVAILABLE}
2019-10-04 13:07:30,126 [main] INFO  handler.ContextHandler (ContextHandler.java:doStart(781)) - Started o.e.j.s.ServletContextHandler@6de43bc1{/static,jar:file:/home/user/.m2/repository/org/apache/hadoop/hadoop-hdds-container-service/0.5.0-SNAPSHOT/hadoop-hdds-container-service-0.5.0-SNAPSHOT.jar!/webapps/static,AVAILABLE}
2019-10-04 13:07:30,151 [main] INFO  handler.ContextHandler (ContextHandler.java:doStart(781)) - Started o.e.j.w.WebAppContext@5a592c70{/,file:///tmp/jetty-0.0.0.0-46803-hddsDatanode-_-any-572035511561690225.dir/webapp/,AVAILABLE}{/hddsDatanode}
2019-10-04 13:07:30,152 [main] INFO  server.AbstractConnector (AbstractConnector.java:doStart(278)) - Started ServerConnector@252ec02e{HTTP/1.1,[http/1.1]}{0.0.0.0:46803}
2019-10-04 13:07:30,153 [main] INFO  server.Server (Server.java:doStart(419)) - Started @269689ms
2019-10-04 13:07:30,153 [main] WARN  impl.MetricsSystemImpl (MetricsSystemImpl.java:register(276)) - Sink prometheus already exists!
2019-10-04 13:07:30,154 [main] INFO  server.BaseHttpServer (BaseHttpServer.java:updateConnectorAddress(215)) - HTTP server of HDDSDATANODE is listening at http://0.0.0.0:46803
2019-10-04 13:07:30,154 [main] INFO  impl.MetricsSystemImpl (MetricsSystemImpl.java:init(158)) - HddsDatanode metrics system started (again)
2019-10-04 13:07:30,158 [org.apache.hadoop.util.JvmPauseMonitor$Monitor@6b8f1237] INFO  util.JvmPauseMonitor (JvmPauseMonitor.java:run(188)) - Starting JVM pause monitor
2019-10-04 13:07:30,158 [main] INFO  ozone.HddsDatanodeService (HddsDatanodeService.java:start(184)) - HddsDatanodeService host:pr-hdds-2222-6g2n6-3934316592 ip:192.168.30.24
2019-10-04 13:07:30,159 [Datanode State Machine Thread - 0] INFO  datanode.InitDatanodeState (InitDatanodeState.java:persistContainerDatanodeDetails(140)) - DatanodeDetails is persisted to /workdir/hadoop-ozone/integration-test/target/test-dir/MiniOzoneClusterImpl-91ba6091-3cbe-48fc-8e8d-05e77847d09f/datanode-1/meta/datanode.id
2019-10-04 13:07:30,164 [main] INFO  volume.HddsVolume (HddsVolume.java:<init>(176)) - Creating Volume: /workdir/hadoop-ozone/integration-test/target/test-dir/MiniOzoneClusterImpl-91ba6091-3cbe-48fc-8e8d-05e77847d09f/datanode-2/data/containers/hdds of  storage type : DISK and capacity : 1482555576320
2019-10-04 13:07:30,164 [main] INFO  volume.VolumeSet (VolumeSet.java:initializeVolumeSet(170)) - Added Volume : /workdir/hadoop-ozone/integration-test/target/test-dir/MiniOzoneClusterImpl-91ba6091-3cbe-48fc-8e8d-05e77847d09f/datanode-2/data/containers/hdds to VolumeSet
2019-10-04 13:07:30,164 [main] INFO  volume.ThrottledAsyncChecker (ThrottledAsyncChecker.java:schedule(139)) - Scheduling a check for org.apache.hadoop.ozone.container.common.volume.HddsVolume@3e6ec74
2019-10-04 13:07:30,165 [main] INFO  volume.HddsVolumeChecker (HddsVolumeChecker.java:checkAllVolumes(202)) - Scheduled health check for volume org.apache.hadoop.ozone.container.common.volume.HddsVolume@3e6ec74
2019-10-04 13:07:30,177 [main] INFO  impl.RaftServerProxy (ConfUtils.java:logGet(43)) - raft.rpc.type = GRPC (default)
2019-10-04 13:07:30,177 [main] INFO  grpc.GrpcFactory (GrpcFactory.java:checkPooledByteBufAllocatorUseCacheForAllThreads(45)) - PERFORMANCE WARNING: useCacheForAllThreads is true that may cause Netty to create a lot garbage objects and, as a result, trigger GC.
	It is recommended to disable useCacheForAllThreads by setting -Dorg.apache.ratis.thirdparty.io.netty.allocator.useCacheForAllThreads=false in command line.
2019-10-04 13:07:30,177 [main] INFO  grpc.GrpcConfigKeys$Server (ConfUtils.java:logGet(43)) - raft.grpc.server.port = 0 (default)
2019-10-04 13:07:30,178 [main] INFO  server.GrpcService (ConfUtils.java:logGet(43)) - raft.grpc.message.size.max = 33570816 (custom)
2019-10-04 13:07:30,178 [main] INFO  server.RaftServerConfigKeys (ConfUtils.java:logGet(43)) - raft.server.log.appender.buffer.byte-limit = 33554432 (custom)
2019-10-04 13:07:30,178 [main] INFO  server.GrpcService (ConfUtils.java:logGet(43)) - raft.grpc.flow.control.window = 1MB (=1048576) (default)
2019-10-04 13:07:30,178 [main] INFO  server.RaftServerConfigKeys (ConfUtils.java:logGet(43)) - raft.server.rpc.request.timeout = 3000ms (default)
2019-10-04 13:07:30,179 [main] INFO  server.RaftServerConfigKeys (ConfUtils.java:logGet(43)) - raft.server.storage.dir = [/workdir/hadoop-ozone/integration-test/target/test-dir/MiniOzoneClusterImpl-91ba6091-3cbe-48fc-8e8d-05e77847d09f/datanode-2/data/ratis] (custom)
2019-10-04 13:07:30,180 [main] INFO  hdfs.DFSUtil (DFSUtil.java:httpServerTemplateForNNAndJN(1641)) - Starting Web-server for hddsDatanode at: http://0.0.0.0:0
2019-10-04 13:07:30,181 [main] INFO  server.AuthenticationFilter (AuthenticationFilter.java:constructSecretProvider(240)) - Unable to initialize FileSignerSecretProvider, falling back to use random secrets.
2019-10-04 13:07:30,181 [main] WARN  http.HttpRequestLog (HttpRequestLog.java:getRequestLog(97)) - Jetty request log can only be enabled using Log4j
2019-10-04 13:07:30,183 [main] INFO  http.HttpServer2 (HttpServer2.java:addGlobalFilter(975)) - Added global filter 'safety' (class=org.apache.hadoop.http.HttpServer2$QuotingInputFilter)
2019-10-04 13:07:30,183 [main] INFO  http.HttpServer2 (HttpServer2.java:addFilter(948)) - Added filter static_user_filter (class=org.apache.hadoop.http.lib.StaticUserWebFilter$StaticUserFilter) to context hddsDatanode
2019-10-04 13:07:30,183 [main] INFO  http.HttpServer2 (HttpServer2.java:addFilter(958)) - Added filter static_user_filter (class=org.apache.hadoop.http.lib.StaticUserWebFilter$StaticUserFilter) to context static
2019-10-04 13:07:30,183 [main] INFO  http.HttpServer2 (HttpServer2.java:addFilter(958)) - Added filter static_user_filter (class=org.apache.hadoop.http.lib.StaticUserWebFilter$StaticUserFilter) to context logs
2019-10-04 13:07:30,184 [main] INFO  http.HttpServer2 (HttpServer2.java:bindListener(1191)) - Jetty bound to port 34741
2019-10-04 13:07:30,184 [main] INFO  server.Server (Server.java:doStart(351)) - jetty-9.3.25.v20180904, build timestamp: 2018-09-04T21:11:46Z, git hash: 3ce520221d0240229c862b122d2b06c12a625732
2019-10-04 13:07:30,186 [main] INFO  handler.ContextHandler (ContextHandler.java:doStart(781)) - Started o.e.j.s.ServletContextHandler@5785e813{/logs,file:///workdir/hadoop-ozone/integration-test/target/log,AVAILABLE}
2019-10-04 13:07:30,186 [main] INFO  handler.ContextHandler (ContextHandler.java:doStart(781)) - Started o.e.j.s.ServletContextHandler@6d294ddc{/static,jar:file:/home/user/.m2/repository/org/apache/hadoop/hadoop-hdds-container-service/0.5.0-SNAPSHOT/hadoop-hdds-container-service-0.5.0-SNAPSHOT.jar!/webapps/static,AVAILABLE}
2019-10-04 13:07:30,215 [main] INFO  handler.ContextHandler (ContextHandler.java:doStart(781)) - Started o.e.j.w.WebAppContext@5111de7c{/,file:///tmp/jetty-0.0.0.0-34741-hddsDatanode-_-any-4159041688893815504.dir/webapp/,AVAILABLE}{/hddsDatanode}
2019-10-04 13:07:30,215 [main] INFO  server.AbstractConnector (AbstractConnector.java:doStart(278)) - Started ServerConnector@7ac48e10{HTTP/1.1,[http/1.1]}{0.0.0.0:34741}
2019-10-04 13:07:30,217 [main] INFO  server.Server (Server.java:doStart(419)) - Started @269753ms
2019-10-04 13:07:30,217 [main] WARN  impl.MetricsSystemImpl (MetricsSystemImpl.java:register(276)) - Sink prometheus already exists!
2019-10-04 13:07:30,218 [main] INFO  server.BaseHttpServer (BaseHttpServer.java:updateConnectorAddress(215)) - HTTP server of HDDSDATANODE is listening at http://0.0.0.0:34741
2019-10-04 13:07:30,218 [main] INFO  impl.MetricsSystemImpl (MetricsSystemImpl.java:init(158)) - HddsDatanode metrics system started (again)
2019-10-04 13:07:30,221 [org.apache.hadoop.util.JvmPauseMonitor$Monitor@4176e73c] INFO  util.JvmPauseMonitor (JvmPauseMonitor.java:run(188)) - Starting JVM pause monitor
2019-10-04 13:07:30,222 [main] INFO  ozone.HddsDatanodeService (HddsDatanodeService.java:start(184)) - HddsDatanodeService host:pr-hdds-2222-6g2n6-3934316592 ip:192.168.30.24
2019-10-04 13:07:30,223 [Datanode State Machine Thread - 0] INFO  datanode.InitDatanodeState (InitDatanodeState.java:persistContainerDatanodeDetails(140)) - DatanodeDetails is persisted to /workdir/hadoop-ozone/integration-test/target/test-dir/MiniOzoneClusterImpl-91ba6091-3cbe-48fc-8e8d-05e77847d09f/datanode-2/meta/datanode.id
2019-10-04 13:07:30,229 [main] INFO  volume.HddsVolume (HddsVolume.java:<init>(176)) - Creating Volume: /workdir/hadoop-ozone/integration-test/target/test-dir/MiniOzoneClusterImpl-91ba6091-3cbe-48fc-8e8d-05e77847d09f/datanode-3/data/containers/hdds of  storage type : DISK and capacity : 1482555576320
2019-10-04 13:07:30,230 [main] INFO  volume.VolumeSet (VolumeSet.java:initializeVolumeSet(170)) - Added Volume : /workdir/hadoop-ozone/integration-test/target/test-dir/MiniOzoneClusterImpl-91ba6091-3cbe-48fc-8e8d-05e77847d09f/datanode-3/data/containers/hdds to VolumeSet
2019-10-04 13:07:30,230 [main] INFO  volume.ThrottledAsyncChecker (ThrottledAsyncChecker.java:schedule(139)) - Scheduling a check for org.apache.hadoop.ozone.container.common.volume.HddsVolume@7a0ab480
2019-10-04 13:07:30,230 [main] INFO  volume.HddsVolumeChecker (HddsVolumeChecker.java:checkAllVolumes(202)) - Scheduled health check for volume org.apache.hadoop.ozone.container.common.volume.HddsVolume@7a0ab480
2019-10-04 13:07:30,244 [main] INFO  impl.RaftServerProxy (ConfUtils.java:logGet(43)) - raft.rpc.type = GRPC (default)
2019-10-04 13:07:30,244 [main] INFO  grpc.GrpcFactory (GrpcFactory.java:checkPooledByteBufAllocatorUseCacheForAllThreads(45)) - PERFORMANCE WARNING: useCacheForAllThreads is true that may cause Netty to create a lot garbage objects and, as a result, trigger GC.
	It is recommended to disable useCacheForAllThreads by setting -Dorg.apache.ratis.thirdparty.io.netty.allocator.useCacheForAllThreads=false in command line.
2019-10-04 13:07:30,244 [main] INFO  grpc.GrpcConfigKeys$Server (ConfUtils.java:logGet(43)) - raft.grpc.server.port = 0 (default)
2019-10-04 13:07:30,244 [main] INFO  server.GrpcService (ConfUtils.java:logGet(43)) - raft.grpc.message.size.max = 33570816 (custom)
2019-10-04 13:07:30,244 [main] INFO  server.RaftServerConfigKeys (ConfUtils.java:logGet(43)) - raft.server.log.appender.buffer.byte-limit = 33554432 (custom)
2019-10-04 13:07:30,245 [main] INFO  server.GrpcService (ConfUtils.java:logGet(43)) - raft.grpc.flow.control.window = 1MB (=1048576) (default)
2019-10-04 13:07:30,245 [main] INFO  server.RaftServerConfigKeys (ConfUtils.java:logGet(43)) - raft.server.rpc.request.timeout = 3000ms (default)
2019-10-04 13:07:30,245 [main] INFO  server.RaftServerConfigKeys (ConfUtils.java:logGet(43)) - raft.server.storage.dir = [/workdir/hadoop-ozone/integration-test/target/test-dir/MiniOzoneClusterImpl-91ba6091-3cbe-48fc-8e8d-05e77847d09f/datanode-3/data/ratis] (custom)
2019-10-04 13:07:30,247 [main] INFO  hdfs.DFSUtil (DFSUtil.java:httpServerTemplateForNNAndJN(1641)) - Starting Web-server for hddsDatanode at: http://0.0.0.0:0
2019-10-04 13:07:30,248 [main] INFO  server.AuthenticationFilter (AuthenticationFilter.java:constructSecretProvider(240)) - Unable to initialize FileSignerSecretProvider, falling back to use random secrets.
2019-10-04 13:07:30,248 [main] WARN  http.HttpRequestLog (HttpRequestLog.java:getRequestLog(97)) - Jetty request log can only be enabled using Log4j
2019-10-04 13:07:30,250 [main] INFO  http.HttpServer2 (HttpServer2.java:addGlobalFilter(975)) - Added global filter 'safety' (class=org.apache.hadoop.http.HttpServer2$QuotingInputFilter)
2019-10-04 13:07:30,250 [main] INFO  http.HttpServer2 (HttpServer2.java:addFilter(948)) - Added filter static_user_filter (class=org.apache.hadoop.http.lib.StaticUserWebFilter$StaticUserFilter) to context hddsDatanode
2019-10-04 13:07:30,251 [main] INFO  http.HttpServer2 (HttpServer2.java:addFilter(958)) - Added filter static_user_filter (class=org.apache.hadoop.http.lib.StaticUserWebFilter$StaticUserFilter) to context static
2019-10-04 13:07:30,251 [main] INFO  http.HttpServer2 (HttpServer2.java:addFilter(958)) - Added filter static_user_filter (class=org.apache.hadoop.http.lib.StaticUserWebFilter$StaticUserFilter) to context logs
2019-10-04 13:07:30,251 [main] INFO  http.HttpServer2 (HttpServer2.java:bindListener(1191)) - Jetty bound to port 39168
2019-10-04 13:07:30,252 [main] INFO  server.Server (Server.java:doStart(351)) - jetty-9.3.25.v20180904, build timestamp: 2018-09-04T21:11:46Z, git hash: 3ce520221d0240229c862b122d2b06c12a625732
2019-10-04 13:07:30,253 [main] INFO  handler.ContextHandler (ContextHandler.java:doStart(781)) - Started o.e.j.s.ServletContextHandler@2b43f314{/logs,file:///workdir/hadoop-ozone/integration-test/target/log,AVAILABLE}
2019-10-04 13:07:30,254 [main] INFO  handler.ContextHandler (ContextHandler.java:doStart(781)) - Started o.e.j.s.ServletContextHandler@4f3356c0{/static,jar:file:/home/user/.m2/repository/org/apache/hadoop/hadoop-hdds-container-service/0.5.0-SNAPSHOT/hadoop-hdds-container-service-0.5.0-SNAPSHOT.jar!/webapps/static,AVAILABLE}
2019-10-04 13:07:30,286 [main] INFO  handler.ContextHandler (ContextHandler.java:doStart(781)) - Started o.e.j.w.WebAppContext@36c07c75{/,file:///tmp/jetty-0.0.0.0-39168-hddsDatanode-_-any-8583387765336505191.dir/webapp/,AVAILABLE}{/hddsDatanode}
2019-10-04 13:07:30,286 [main] INFO  server.AbstractConnector (AbstractConnector.java:doStart(278)) - Started ServerConnector@6750e381{HTTP/1.1,[http/1.1]}{0.0.0.0:39168}
2019-10-04 13:07:30,289 [main] INFO  server.Server (Server.java:doStart(419)) - Started @269824ms
2019-10-04 13:07:30,289 [main] WARN  impl.MetricsSystemImpl (MetricsSystemImpl.java:register(276)) - Sink prometheus already exists!
2019-10-04 13:07:30,290 [main] INFO  server.BaseHttpServer (BaseHttpServer.java:updateConnectorAddress(215)) - HTTP server of HDDSDATANODE is listening at http://0.0.0.0:39168
2019-10-04 13:07:30,290 [main] INFO  impl.MetricsSystemImpl (MetricsSystemImpl.java:init(158)) - HddsDatanode metrics system started (again)
2019-10-04 13:07:30,297 [org.apache.hadoop.util.JvmPauseMonitor$Monitor@25e90bca] INFO  util.JvmPauseMonitor (JvmPauseMonitor.java:run(188)) - Starting JVM pause monitor
2019-10-04 13:07:30,298 [main] INFO  ozone.HddsDatanodeService (HddsDatanodeService.java:start(184)) - HddsDatanodeService host:pr-hdds-2222-6g2n6-3934316592 ip:192.168.30.24
2019-10-04 13:07:30,298 [Datanode State Machine Thread - 0] INFO  datanode.InitDatanodeState (InitDatanodeState.java:persistContainerDatanodeDetails(140)) - DatanodeDetails is persisted to /workdir/hadoop-ozone/integration-test/target/test-dir/MiniOzoneClusterImpl-91ba6091-3cbe-48fc-8e8d-05e77847d09f/datanode-3/meta/datanode.id
2019-10-04 13:07:30,305 [main] INFO  volume.HddsVolume (HddsVolume.java:<init>(176)) - Creating Volume: /workdir/hadoop-ozone/integration-test/target/test-dir/MiniOzoneClusterImpl-91ba6091-3cbe-48fc-8e8d-05e77847d09f/datanode-4/data/containers/hdds of  storage type : DISK and capacity : 1482555576320
2019-10-04 13:07:30,306 [main] INFO  volume.VolumeSet (VolumeSet.java:initializeVolumeSet(170)) - Added Volume : /workdir/hadoop-ozone/integration-test/target/test-dir/MiniOzoneClusterImpl-91ba6091-3cbe-48fc-8e8d-05e77847d09f/datanode-4/data/containers/hdds to VolumeSet
2019-10-04 13:07:30,306 [main] INFO  volume.ThrottledAsyncChecker (ThrottledAsyncChecker.java:schedule(139)) - Scheduling a check for org.apache.hadoop.ozone.container.common.volume.HddsVolume@6b4a4e40
2019-10-04 13:07:30,306 [main] INFO  volume.HddsVolumeChecker (HddsVolumeChecker.java:checkAllVolumes(202)) - Scheduled health check for volume org.apache.hadoop.ozone.container.common.volume.HddsVolume@6b4a4e40
2019-10-04 13:07:30,330 [main] INFO  impl.RaftServerProxy (ConfUtils.java:logGet(43)) - raft.rpc.type = GRPC (default)
2019-10-04 13:07:30,330 [main] INFO  grpc.GrpcFactory (GrpcFactory.java:checkPooledByteBufAllocatorUseCacheForAllThreads(45)) - PERFORMANCE WARNING: useCacheForAllThreads is true that may cause Netty to create a lot garbage objects and, as a result, trigger GC.
	It is recommended to disable useCacheForAllThreads by setting -Dorg.apache.ratis.thirdparty.io.netty.allocator.useCacheForAllThreads=false in command line.
2019-10-04 13:07:30,330 [main] INFO  grpc.GrpcConfigKeys$Server (ConfUtils.java:logGet(43)) - raft.grpc.server.port = 0 (default)
2019-10-04 13:07:30,331 [main] INFO  server.GrpcService (ConfUtils.java:logGet(43)) - raft.grpc.message.size.max = 33570816 (custom)
2019-10-04 13:07:30,331 [main] INFO  server.RaftServerConfigKeys (ConfUtils.java:logGet(43)) - raft.server.log.appender.buffer.byte-limit = 33554432 (custom)
2019-10-04 13:07:30,331 [main] INFO  server.GrpcService (ConfUtils.java:logGet(43)) - raft.grpc.flow.control.window = 1MB (=1048576) (default)
2019-10-04 13:07:30,331 [main] INFO  server.RaftServerConfigKeys (ConfUtils.java:logGet(43)) - raft.server.rpc.request.timeout = 3000ms (default)
2019-10-04 13:07:30,332 [main] INFO  server.RaftServerConfigKeys (ConfUtils.java:logGet(43)) - raft.server.storage.dir = [/workdir/hadoop-ozone/integration-test/target/test-dir/MiniOzoneClusterImpl-91ba6091-3cbe-48fc-8e8d-05e77847d09f/datanode-4/data/ratis] (custom)
2019-10-04 13:07:30,333 [main] INFO  hdfs.DFSUtil (DFSUtil.java:httpServerTemplateForNNAndJN(1641)) - Starting Web-server for hddsDatanode at: http://0.0.0.0:0
2019-10-04 13:07:30,335 [main] INFO  server.AuthenticationFilter (AuthenticationFilter.java:constructSecretProvider(240)) - Unable to initialize FileSignerSecretProvider, falling back to use random secrets.
2019-10-04 13:07:30,335 [main] WARN  http.HttpRequestLog (HttpRequestLog.java:getRequestLog(97)) - Jetty request log can only be enabled using Log4j
2019-10-04 13:07:30,337 [main] INFO  http.HttpServer2 (HttpServer2.java:addGlobalFilter(975)) - Added global filter 'safety' (class=org.apache.hadoop.http.HttpServer2$QuotingInputFilter)
2019-10-04 13:07:30,338 [main] INFO  http.HttpServer2 (HttpServer2.java:addFilter(948)) - Added filter static_user_filter (class=org.apache.hadoop.http.lib.StaticUserWebFilter$StaticUserFilter) to context hddsDatanode
2019-10-04 13:07:30,338 [main] INFO  http.HttpServer2 (HttpServer2.java:addFilter(958)) - Added filter static_user_filter (class=org.apache.hadoop.http.lib.StaticUserWebFilter$StaticUserFilter) to context static
2019-10-04 13:07:30,338 [main] INFO  http.HttpServer2 (HttpServer2.java:addFilter(958)) - Added filter static_user_filter (class=org.apache.hadoop.http.lib.StaticUserWebFilter$StaticUserFilter) to context logs
2019-10-04 13:07:30,339 [main] INFO  http.HttpServer2 (HttpServer2.java:bindListener(1191)) - Jetty bound to port 34962
2019-10-04 13:07:30,339 [main] INFO  server.Server (Server.java:doStart(351)) - jetty-9.3.25.v20180904, build timestamp: 2018-09-04T21:11:46Z, git hash: 3ce520221d0240229c862b122d2b06c12a625732
2019-10-04 13:07:30,341 [main] INFO  handler.ContextHandler (ContextHandler.java:doStart(781)) - Started o.e.j.s.ServletContextHandler@5bb8e6fc{/logs,file:///workdir/hadoop-ozone/integration-test/target/log,AVAILABLE}
2019-10-04 13:07:30,341 [main] INFO  handler.ContextHandler (ContextHandler.java:doStart(781)) - Started o.e.j.s.ServletContextHandler@72c9ebfa{/static,jar:file:/home/user/.m2/repository/org/apache/hadoop/hadoop-hdds-container-service/0.5.0-SNAPSHOT/hadoop-hdds-container-service-0.5.0-SNAPSHOT.jar!/webapps/static,AVAILABLE}
2019-10-04 13:07:30,377 [main] INFO  handler.ContextHandler (ContextHandler.java:doStart(781)) - Started o.e.j.w.WebAppContext@52ecc989{/,file:///tmp/jetty-0.0.0.0-34962-hddsDatanode-_-any-8148352193062325649.dir/webapp/,AVAILABLE}{/hddsDatanode}
2019-10-04 13:07:30,377 [main] INFO  server.AbstractConnector (AbstractConnector.java:doStart(278)) - Started ServerConnector@756808cc{HTTP/1.1,[http/1.1]}{0.0.0.0:34962}
2019-10-04 13:07:30,380 [main] INFO  server.Server (Server.java:doStart(419)) - Started @269915ms
2019-10-04 13:07:30,380 [main] WARN  impl.MetricsSystemImpl (MetricsSystemImpl.java:register(276)) - Sink prometheus already exists!
2019-10-04 13:07:30,380 [main] INFO  server.BaseHttpServer (BaseHttpServer.java:updateConnectorAddress(215)) - HTTP server of HDDSDATANODE is listening at http://0.0.0.0:34962
2019-10-04 13:07:30,381 [main] INFO  impl.MetricsSystemImpl (MetricsSystemImpl.java:init(158)) - HddsDatanode metrics system started (again)
2019-10-04 13:07:30,389 [org.apache.hadoop.util.JvmPauseMonitor$Monitor@1cf9ca2e] INFO  util.JvmPauseMonitor (JvmPauseMonitor.java:run(188)) - Starting JVM pause monitor
2019-10-04 13:07:30,389 [main] INFO  ozone.HddsDatanodeService (HddsDatanodeService.java:start(184)) - HddsDatanodeService host:pr-hdds-2222-6g2n6-3934316592 ip:192.168.30.24
2019-10-04 13:07:30,390 [Datanode State Machine Thread - 0] INFO  datanode.InitDatanodeState (InitDatanodeState.java:persistContainerDatanodeDetails(140)) - DatanodeDetails is persisted to /workdir/hadoop-ozone/integration-test/target/test-dir/MiniOzoneClusterImpl-91ba6091-3cbe-48fc-8e8d-05e77847d09f/datanode-4/meta/datanode.id
2019-10-04 13:07:30,397 [main] INFO  volume.HddsVolume (HddsVolume.java:<init>(176)) - Creating Volume: /workdir/hadoop-ozone/integration-test/target/test-dir/MiniOzoneClusterImpl-91ba6091-3cbe-48fc-8e8d-05e77847d09f/datanode-5/data/containers/hdds of  storage type : DISK and capacity : 1482555576320
2019-10-04 13:07:30,397 [main] INFO  volume.VolumeSet (VolumeSet.java:initializeVolumeSet(170)) - Added Volume : /workdir/hadoop-ozone/integration-test/target/test-dir/MiniOzoneClusterImpl-91ba6091-3cbe-48fc-8e8d-05e77847d09f/datanode-5/data/containers/hdds to VolumeSet
2019-10-04 13:07:30,397 [main] INFO  volume.ThrottledAsyncChecker (ThrottledAsyncChecker.java:schedule(139)) - Scheduling a check for org.apache.hadoop.ozone.container.common.volume.HddsVolume@238291d4
2019-10-04 13:07:30,398 [main] INFO  volume.HddsVolumeChecker (HddsVolumeChecker.java:checkAllVolumes(202)) - Scheduled health check for volume org.apache.hadoop.ozone.container.common.volume.HddsVolume@238291d4
2019-10-04 13:07:30,413 [main] INFO  impl.RaftServerProxy (ConfUtils.java:logGet(43)) - raft.rpc.type = GRPC (default)
2019-10-04 13:07:30,413 [main] INFO  grpc.GrpcFactory (GrpcFactory.java:checkPooledByteBufAllocatorUseCacheForAllThreads(45)) - PERFORMANCE WARNING: useCacheForAllThreads is true that may cause Netty to create a lot garbage objects and, as a result, trigger GC.
	It is recommended to disable useCacheForAllThreads by setting -Dorg.apache.ratis.thirdparty.io.netty.allocator.useCacheForAllThreads=false in command line.
2019-10-04 13:07:30,413 [main] INFO  grpc.GrpcConfigKeys$Server (ConfUtils.java:logGet(43)) - raft.grpc.server.port = 0 (default)
2019-10-04 13:07:30,413 [main] INFO  server.GrpcService (ConfUtils.java:logGet(43)) - raft.grpc.message.size.max = 33570816 (custom)
2019-10-04 13:07:30,413 [main] INFO  server.RaftServerConfigKeys (ConfUtils.java:logGet(43)) - raft.server.log.appender.buffer.byte-limit = 33554432 (custom)
2019-10-04 13:07:30,414 [main] INFO  server.GrpcService (ConfUtils.java:logGet(43)) - raft.grpc.flow.control.window = 1MB (=1048576) (default)
2019-10-04 13:07:30,414 [main] INFO  server.RaftServerConfigKeys (ConfUtils.java:logGet(43)) - raft.server.rpc.request.timeout = 3000ms (default)
2019-10-04 13:07:30,414 [main] INFO  server.RaftServerConfigKeys (ConfUtils.java:logGet(43)) - raft.server.storage.dir = [/workdir/hadoop-ozone/integration-test/target/test-dir/MiniOzoneClusterImpl-91ba6091-3cbe-48fc-8e8d-05e77847d09f/datanode-5/data/ratis] (custom)
2019-10-04 13:07:30,415 [main] INFO  hdfs.DFSUtil (DFSUtil.java:httpServerTemplateForNNAndJN(1641)) - Starting Web-server for hddsDatanode at: http://0.0.0.0:0
2019-10-04 13:07:30,416 [main] INFO  server.AuthenticationFilter (AuthenticationFilter.java:constructSecretProvider(240)) - Unable to initialize FileSignerSecretProvider, falling back to use random secrets.
2019-10-04 13:07:30,417 [main] WARN  http.HttpRequestLog (HttpRequestLog.java:getRequestLog(97)) - Jetty request log can only be enabled using Log4j
2019-10-04 13:07:30,418 [main] INFO  http.HttpServer2 (HttpServer2.java:addGlobalFilter(975)) - Added global filter 'safety' (class=org.apache.hadoop.http.HttpServer2$QuotingInputFilter)
2019-10-04 13:07:30,418 [main] INFO  http.HttpServer2 (HttpServer2.java:addFilter(948)) - Added filter static_user_filter (class=org.apache.hadoop.http.lib.StaticUserWebFilter$StaticUserFilter) to context hddsDatanode
2019-10-04 13:07:30,418 [main] INFO  http.HttpServer2 (HttpServer2.java:addFilter(958)) - Added filter static_user_filter (class=org.apache.hadoop.http.lib.StaticUserWebFilter$StaticUserFilter) to context static
2019-10-04 13:07:30,419 [main] INFO  http.HttpServer2 (HttpServer2.java:addFilter(958)) - Added filter static_user_filter (class=org.apache.hadoop.http.lib.StaticUserWebFilter$StaticUserFilter) to context logs
2019-10-04 13:07:30,419 [main] INFO  http.HttpServer2 (HttpServer2.java:bindListener(1191)) - Jetty bound to port 36517
2019-10-04 13:07:30,419 [main] INFO  server.Server (Server.java:doStart(351)) - jetty-9.3.25.v20180904, build timestamp: 2018-09-04T21:11:46Z, git hash: 3ce520221d0240229c862b122d2b06c12a625732
2019-10-04 13:07:30,421 [main] INFO  handler.ContextHandler (ContextHandler.java:doStart(781)) - Started o.e.j.s.ServletContextHandler@755b5f30{/logs,file:///workdir/hadoop-ozone/integration-test/target/log,AVAILABLE}
2019-10-04 13:07:30,421 [main] INFO  handler.ContextHandler (ContextHandler.java:doStart(781)) - Started o.e.j.s.ServletContextHandler@272778ae{/static,jar:file:/home/user/.m2/repository/org/apache/hadoop/hadoop-hdds-container-service/0.5.0-SNAPSHOT/hadoop-hdds-container-service-0.5.0-SNAPSHOT.jar!/webapps/static,AVAILABLE}
2019-10-04 13:07:30,451 [main] INFO  handler.ContextHandler (ContextHandler.java:doStart(781)) - Started o.e.j.w.WebAppContext@77083e41{/,file:///tmp/jetty-0.0.0.0-36517-hddsDatanode-_-any-187737930964867059.dir/webapp/,AVAILABLE}{/hddsDatanode}
2019-10-04 13:07:30,451 [main] INFO  server.AbstractConnector (AbstractConnector.java:doStart(278)) - Started ServerConnector@231df705{HTTP/1.1,[http/1.1]}{0.0.0.0:36517}
2019-10-04 13:07:30,453 [main] INFO  server.Server (Server.java:doStart(419)) - Started @269989ms
2019-10-04 13:07:30,454 [main] WARN  impl.MetricsSystemImpl (MetricsSystemImpl.java:register(276)) - Sink prometheus already exists!
2019-10-04 13:07:30,454 [main] INFO  server.BaseHttpServer (BaseHttpServer.java:updateConnectorAddress(215)) - HTTP server of HDDSDATANODE is listening at http://0.0.0.0:36517
2019-10-04 13:07:30,454 [main] INFO  impl.MetricsSystemImpl (MetricsSystemImpl.java:init(158)) - HddsDatanode metrics system started (again)
2019-10-04 13:07:30,459 [org.apache.hadoop.util.JvmPauseMonitor$Monitor@2a15d450] INFO  util.JvmPauseMonitor (JvmPauseMonitor.java:run(188)) - Starting JVM pause monitor
2019-10-04 13:07:30,460 [main] INFO  ozone.HddsDatanodeService (HddsDatanodeService.java:start(184)) - HddsDatanodeService host:pr-hdds-2222-6g2n6-3934316592 ip:192.168.30.24
2019-10-04 13:07:30,460 [Datanode State Machine Thread - 0] INFO  datanode.InitDatanodeState (InitDatanodeState.java:persistContainerDatanodeDetails(140)) - DatanodeDetails is persisted to /workdir/hadoop-ozone/integration-test/target/test-dir/MiniOzoneClusterImpl-91ba6091-3cbe-48fc-8e8d-05e77847d09f/datanode-5/meta/datanode.id
2019-10-04 13:07:30,467 [main] INFO  volume.HddsVolume (HddsVolume.java:<init>(176)) - Creating Volume: /workdir/hadoop-ozone/integration-test/target/test-dir/MiniOzoneClusterImpl-91ba6091-3cbe-48fc-8e8d-05e77847d09f/datanode-6/data/containers/hdds of  storage type : DISK and capacity : 1482555576320
2019-10-04 13:07:30,467 [main] INFO  volume.VolumeSet (VolumeSet.java:initializeVolumeSet(170)) - Added Volume : /workdir/hadoop-ozone/integration-test/target/test-dir/MiniOzoneClusterImpl-91ba6091-3cbe-48fc-8e8d-05e77847d09f/datanode-6/data/containers/hdds to VolumeSet
2019-10-04 13:07:30,468 [main] INFO  volume.ThrottledAsyncChecker (ThrottledAsyncChecker.java:schedule(139)) - Scheduling a check for org.apache.hadoop.ozone.container.common.volume.HddsVolume@111cba40
2019-10-04 13:07:30,468 [main] INFO  volume.HddsVolumeChecker (HddsVolumeChecker.java:checkAllVolumes(202)) - Scheduled health check for volume org.apache.hadoop.ozone.container.common.volume.HddsVolume@111cba40
2019-10-04 13:07:30,481 [main] INFO  impl.RaftServerProxy (ConfUtils.java:logGet(43)) - raft.rpc.type = GRPC (default)
2019-10-04 13:07:30,481 [main] INFO  grpc.GrpcFactory (GrpcFactory.java:checkPooledByteBufAllocatorUseCacheForAllThreads(45)) - PERFORMANCE WARNING: useCacheForAllThreads is true that may cause Netty to create a lot garbage objects and, as a result, trigger GC.
	It is recommended to disable useCacheForAllThreads by setting -Dorg.apache.ratis.thirdparty.io.netty.allocator.useCacheForAllThreads=false in command line.
2019-10-04 13:07:30,482 [main] INFO  grpc.GrpcConfigKeys$Server (ConfUtils.java:logGet(43)) - raft.grpc.server.port = 0 (default)
2019-10-04 13:07:30,482 [main] INFO  server.GrpcService (ConfUtils.java:logGet(43)) - raft.grpc.message.size.max = 33570816 (custom)
2019-10-04 13:07:30,482 [main] INFO  server.RaftServerConfigKeys (ConfUtils.java:logGet(43)) - raft.server.log.appender.buffer.byte-limit = 33554432 (custom)
2019-10-04 13:07:30,482 [main] INFO  server.GrpcService (ConfUtils.java:logGet(43)) - raft.grpc.flow.control.window = 1MB (=1048576) (default)
2019-10-04 13:07:30,482 [main] INFO  server.RaftServerConfigKeys (ConfUtils.java:logGet(43)) - raft.server.rpc.request.timeout = 3000ms (default)
2019-10-04 13:07:30,483 [main] INFO  server.RaftServerConfigKeys (ConfUtils.java:logGet(43)) - raft.server.storage.dir = [/workdir/hadoop-ozone/integration-test/target/test-dir/MiniOzoneClusterImpl-91ba6091-3cbe-48fc-8e8d-05e77847d09f/datanode-6/data/ratis] (custom)
2019-10-04 13:07:30,484 [main] INFO  hdfs.DFSUtil (DFSUtil.java:httpServerTemplateForNNAndJN(1641)) - Starting Web-server for hddsDatanode at: http://0.0.0.0:0
2019-10-04 13:07:30,485 [main] INFO  server.AuthenticationFilter (AuthenticationFilter.java:constructSecretProvider(240)) - Unable to initialize FileSignerSecretProvider, falling back to use random secrets.
2019-10-04 13:07:30,485 [main] WARN  http.HttpRequestLog (HttpRequestLog.java:getRequestLog(97)) - Jetty request log can only be enabled using Log4j
2019-10-04 13:07:30,487 [main] INFO  http.HttpServer2 (HttpServer2.java:addGlobalFilter(975)) - Added global filter 'safety' (class=org.apache.hadoop.http.HttpServer2$QuotingInputFilter)
2019-10-04 13:07:30,487 [main] INFO  http.HttpServer2 (HttpServer2.java:addFilter(948)) - Added filter static_user_filter (class=org.apache.hadoop.http.lib.StaticUserWebFilter$StaticUserFilter) to context hddsDatanode
2019-10-04 13:07:30,487 [main] INFO  http.HttpServer2 (HttpServer2.java:addFilter(958)) - Added filter static_user_filter (class=org.apache.hadoop.http.lib.StaticUserWebFilter$StaticUserFilter) to context logs
2019-10-04 13:07:30,487 [main] INFO  http.HttpServer2 (HttpServer2.java:addFilter(958)) - Added filter static_user_filter (class=org.apache.hadoop.http.lib.StaticUserWebFilter$StaticUserFilter) to context static
2019-10-04 13:07:30,488 [main] INFO  http.HttpServer2 (HttpServer2.java:bindListener(1191)) - Jetty bound to port 37954
2019-10-04 13:07:30,488 [main] INFO  server.Server (Server.java:doStart(351)) - jetty-9.3.25.v20180904, build timestamp: 2018-09-04T21:11:46Z, git hash: 3ce520221d0240229c862b122d2b06c12a625732
2019-10-04 13:07:30,490 [main] INFO  handler.ContextHandler (ContextHandler.java:doStart(781)) - Started o.e.j.s.ServletContextHandler@75bd28d{/logs,file:///workdir/hadoop-ozone/integration-test/target/log,AVAILABLE}
2019-10-04 13:07:30,490 [main] INFO  handler.ContextHandler (ContextHandler.java:doStart(781)) - Started o.e.j.s.ServletContextHandler@11810917{/static,jar:file:/home/user/.m2/repository/org/apache/hadoop/hadoop-hdds-container-service/0.5.0-SNAPSHOT/hadoop-hdds-container-service-0.5.0-SNAPSHOT.jar!/webapps/static,AVAILABLE}
2019-10-04 13:07:30,519 [main] INFO  handler.ContextHandler (ContextHandler.java:doStart(781)) - Started o.e.j.w.WebAppContext@5fb54740{/,file:///tmp/jetty-0.0.0.0-37954-hddsDatanode-_-any-5365943056489386380.dir/webapp/,AVAILABLE}{/hddsDatanode}
2019-10-04 13:07:30,520 [main] INFO  server.AbstractConnector (AbstractConnector.java:doStart(278)) - Started ServerConnector@325162e9{HTTP/1.1,[http/1.1]}{0.0.0.0:37954}
2019-10-04 13:07:30,522 [main] INFO  server.Server (Server.java:doStart(419)) - Started @270058ms
2019-10-04 13:07:30,522 [main] WARN  impl.MetricsSystemImpl (MetricsSystemImpl.java:register(276)) - Sink prometheus already exists!
2019-10-04 13:07:30,523 [main] INFO  server.BaseHttpServer (BaseHttpServer.java:updateConnectorAddress(215)) - HTTP server of HDDSDATANODE is listening at http://0.0.0.0:37954
2019-10-04 13:07:30,523 [main] INFO  ozone.MiniOzoneClusterImpl (MiniOzoneClusterImpl.java:lambda$waitForClusterToBeReady$0(147)) - Waiting for cluster to be ready. Got 0 of 7 DN Heartbeats.
2019-10-04 13:07:30,524 [org.apache.hadoop.util.JvmPauseMonitor$Monitor@2c045108] INFO  util.JvmPauseMonitor (JvmPauseMonitor.java:run(188)) - Starting JVM pause monitor
2019-10-04 13:07:30,525 [Datanode State Machine Thread - 0] INFO  datanode.InitDatanodeState (InitDatanodeState.java:persistContainerDatanodeDetails(140)) - DatanodeDetails is persisted to /workdir/hadoop-ozone/integration-test/target/test-dir/MiniOzoneClusterImpl-91ba6091-3cbe-48fc-8e8d-05e77847d09f/datanode-6/meta/datanode.id
2019-10-04 13:07:31,524 [main] INFO  ozone.MiniOzoneClusterImpl (MiniOzoneClusterImpl.java:lambda$waitForClusterToBeReady$0(147)) - Waiting for cluster to be ready. Got 0 of 7 DN Heartbeats.
2019-10-04 13:07:32,146 [Datanode State Machine Thread - 0] INFO  ozoneimpl.OzoneContainer (OzoneContainer.java:start(217)) - Attempting to start container services.
2019-10-04 13:07:32,147 [Datanode State Machine Thread - 0] INFO  ozoneimpl.OzoneContainer (OzoneContainer.java:startContainerScrub(179)) - Background container scanner has been disabled.
2019-10-04 13:07:32,147 [Datanode State Machine Thread - 0] INFO  ratis.XceiverServerRatis (XceiverServerRatis.java:start(417)) - Starting XceiverServerRatis 6c314416-3d7a-4593-95f5-98ad81c59d3d at port 0
2019-10-04 13:07:32,153 [Datanode State Machine Thread - 0] INFO  impl.RaftServerProxy (RaftServerProxy.java:lambda$start$3(299)) - 6c314416-3d7a-4593-95f5-98ad81c59d3d: start RPC server
2019-10-04 13:07:32,156 [Datanode State Machine Thread - 0] INFO  server.GrpcService (GrpcService.java:startImpl(158)) - 6c314416-3d7a-4593-95f5-98ad81c59d3d: GrpcService started, listening on 0.0.0.0/0.0.0.0:43211
2019-10-04 13:07:32,157 [Datanode State Machine Thread - 0] INFO  ratis.XceiverServerRatis (XceiverServerRatis.java:start(427)) - XceiverServerRatis 6c314416-3d7a-4593-95f5-98ad81c59d3d is started using port 43211
2019-10-04 13:07:32,171 [Datanode State Machine Thread - 0] INFO  server.XceiverServerGrpc (XceiverServerGrpc.java:start(149)) - XceiverServerGrpc 6c314416-3d7a-4593-95f5-98ad81c59d3d is started using port 35587
2019-10-04 13:07:32,214 [Datanode State Machine Thread - 0] INFO  ozoneimpl.OzoneContainer (OzoneContainer.java:start(217)) - Attempting to start container services.
2019-10-04 13:07:32,214 [Datanode State Machine Thread - 0] INFO  ozoneimpl.OzoneContainer (OzoneContainer.java:startContainerScrub(179)) - Background container scanner has been disabled.
2019-10-04 13:07:32,215 [Datanode State Machine Thread - 0] INFO  ratis.XceiverServerRatis (XceiverServerRatis.java:start(417)) - Starting XceiverServerRatis 8c5bbc8d-79dc-4324-8a2f-ee0acfcb7d33 at port 0
2019-10-04 13:07:32,222 [Datanode State Machine Thread - 0] INFO  impl.RaftServerProxy (RaftServerProxy.java:lambda$start$3(299)) - 8c5bbc8d-79dc-4324-8a2f-ee0acfcb7d33: start RPC server
2019-10-04 13:07:32,223 [Datanode State Machine Thread - 0] INFO  server.GrpcService (GrpcService.java:startImpl(158)) - 8c5bbc8d-79dc-4324-8a2f-ee0acfcb7d33: GrpcService started, listening on 0.0.0.0/0.0.0.0:34867
2019-10-04 13:07:32,223 [Datanode State Machine Thread - 0] INFO  ratis.XceiverServerRatis (XceiverServerRatis.java:start(427)) - XceiverServerRatis 8c5bbc8d-79dc-4324-8a2f-ee0acfcb7d33 is started using port 34867
2019-10-04 13:07:32,225 [Datanode State Machine Thread - 0] INFO  server.XceiverServerGrpc (XceiverServerGrpc.java:start(149)) - XceiverServerGrpc 8c5bbc8d-79dc-4324-8a2f-ee0acfcb7d33 is started using port 34543
2019-10-04 13:07:32,247 [Datanode State Machine Thread - 0] INFO  ozoneimpl.OzoneContainer (OzoneContainer.java:start(217)) - Attempting to start container services.
2019-10-04 13:07:32,248 [Datanode State Machine Thread - 0] INFO  ozoneimpl.OzoneContainer (OzoneContainer.java:startContainerScrub(179)) - Background container scanner has been disabled.
2019-10-04 13:07:32,248 [Datanode State Machine Thread - 0] INFO  ratis.XceiverServerRatis (XceiverServerRatis.java:start(417)) - Starting XceiverServerRatis 4c53f4bb-0fdc-44b1-8217-26d46fcca4ea at port 0
2019-10-04 13:07:32,253 [Datanode State Machine Thread - 0] INFO  impl.RaftServerProxy (RaftServerProxy.java:lambda$start$3(299)) - 4c53f4bb-0fdc-44b1-8217-26d46fcca4ea: start RPC server
2019-10-04 13:07:32,254 [Datanode State Machine Thread - 0] INFO  server.GrpcService (GrpcService.java:startImpl(158)) - 4c53f4bb-0fdc-44b1-8217-26d46fcca4ea: GrpcService started, listening on 0.0.0.0/0.0.0.0:37258
2019-10-04 13:07:32,254 [Datanode State Machine Thread - 0] INFO  ratis.XceiverServerRatis (XceiverServerRatis.java:start(427)) - XceiverServerRatis 4c53f4bb-0fdc-44b1-8217-26d46fcca4ea is started using port 37258
2019-10-04 13:07:32,254 [Datanode State Machine Thread - 0] INFO  server.XceiverServerGrpc (XceiverServerGrpc.java:start(149)) - XceiverServerGrpc 4c53f4bb-0fdc-44b1-8217-26d46fcca4ea is started using port 37798
2019-10-04 13:07:32,323 [Datanode State Machine Thread - 0] INFO  ozoneimpl.OzoneContainer (OzoneContainer.java:start(217)) - Attempting to start container services.
2019-10-04 13:07:32,323 [Datanode State Machine Thread - 0] INFO  ozoneimpl.OzoneContainer (OzoneContainer.java:startContainerScrub(179)) - Background container scanner has been disabled.
2019-10-04 13:07:32,323 [Datanode State Machine Thread - 0] INFO  ratis.XceiverServerRatis (XceiverServerRatis.java:start(417)) - Starting XceiverServerRatis 87034fde-e441-4e00-ad01-556b8fb0c48f at port 0
2019-10-04 13:07:32,331 [Datanode State Machine Thread - 0] INFO  impl.RaftServerProxy (RaftServerProxy.java:lambda$start$3(299)) - 87034fde-e441-4e00-ad01-556b8fb0c48f: start RPC server
2019-10-04 13:07:32,332 [Datanode State Machine Thread - 0] INFO  server.GrpcService (GrpcService.java:startImpl(158)) - 87034fde-e441-4e00-ad01-556b8fb0c48f: GrpcService started, listening on 0.0.0.0/0.0.0.0:33067
2019-10-04 13:07:32,333 [Datanode State Machine Thread - 0] INFO  ratis.XceiverServerRatis (XceiverServerRatis.java:start(427)) - XceiverServerRatis 87034fde-e441-4e00-ad01-556b8fb0c48f is started using port 33067
2019-10-04 13:07:32,333 [Datanode State Machine Thread - 0] INFO  server.XceiverServerGrpc (XceiverServerGrpc.java:start(149)) - XceiverServerGrpc 87034fde-e441-4e00-ad01-556b8fb0c48f is started using port 34395
2019-10-04 13:07:32,415 [Datanode State Machine Thread - 0] INFO  ozoneimpl.OzoneContainer (OzoneContainer.java:start(217)) - Attempting to start container services.
2019-10-04 13:07:32,416 [Datanode State Machine Thread - 0] INFO  ozoneimpl.OzoneContainer (OzoneContainer.java:startContainerScrub(179)) - Background container scanner has been disabled.
2019-10-04 13:07:32,416 [Datanode State Machine Thread - 0] INFO  ratis.XceiverServerRatis (XceiverServerRatis.java:start(417)) - Starting XceiverServerRatis 3a18efbb-92ed-4521-adfc-fb8c3c6cad1e at port 0
2019-10-04 13:07:32,425 [Datanode State Machine Thread - 0] INFO  impl.RaftServerProxy (RaftServerProxy.java:lambda$start$3(299)) - 3a18efbb-92ed-4521-adfc-fb8c3c6cad1e: start RPC server
2019-10-04 13:07:32,426 [Datanode State Machine Thread - 0] INFO  server.GrpcService (GrpcService.java:startImpl(158)) - 3a18efbb-92ed-4521-adfc-fb8c3c6cad1e: GrpcService started, listening on 0.0.0.0/0.0.0.0:36369
2019-10-04 13:07:32,427 [Datanode State Machine Thread - 0] INFO  ratis.XceiverServerRatis (XceiverServerRatis.java:start(427)) - XceiverServerRatis 3a18efbb-92ed-4521-adfc-fb8c3c6cad1e is started using port 36369
2019-10-04 13:07:32,427 [Datanode State Machine Thread - 0] INFO  server.XceiverServerGrpc (XceiverServerGrpc.java:start(149)) - XceiverServerGrpc 3a18efbb-92ed-4521-adfc-fb8c3c6cad1e is started using port 41369
2019-10-04 13:07:32,499 [Datanode State Machine Thread - 0] INFO  ozoneimpl.OzoneContainer (OzoneContainer.java:start(217)) - Attempting to start container services.
2019-10-04 13:07:32,499 [Datanode State Machine Thread - 0] INFO  ozoneimpl.OzoneContainer (OzoneContainer.java:startContainerScrub(179)) - Background container scanner has been disabled.
2019-10-04 13:07:32,499 [Datanode State Machine Thread - 0] INFO  ratis.XceiverServerRatis (XceiverServerRatis.java:start(417)) - Starting XceiverServerRatis 5105b714-6aee-461c-8a97-76089af993f8 at port 0
2019-10-04 13:07:32,506 [Datanode State Machine Thread - 0] INFO  impl.RaftServerProxy (RaftServerProxy.java:lambda$start$3(299)) - 5105b714-6aee-461c-8a97-76089af993f8: start RPC server
2019-10-04 13:07:32,506 [Datanode State Machine Thread - 0] INFO  server.GrpcService (GrpcService.java:startImpl(158)) - 5105b714-6aee-461c-8a97-76089af993f8: GrpcService started, listening on 0.0.0.0/0.0.0.0:39313
2019-10-04 13:07:32,506 [Datanode State Machine Thread - 0] INFO  ratis.XceiverServerRatis (XceiverServerRatis.java:start(427)) - XceiverServerRatis 5105b714-6aee-461c-8a97-76089af993f8 is started using port 39313
2019-10-04 13:07:32,507 [Datanode State Machine Thread - 0] INFO  server.XceiverServerGrpc (XceiverServerGrpc.java:start(149)) - XceiverServerGrpc 5105b714-6aee-461c-8a97-76089af993f8 is started using port 38156
2019-10-04 13:07:32,525 [main] INFO  ozone.MiniOzoneClusterImpl (MiniOzoneClusterImpl.java:lambda$waitForClusterToBeReady$0(147)) - Waiting for cluster to be ready. Got 0 of 7 DN Heartbeats.
2019-10-04 13:07:32,550 [Datanode State Machine Thread - 0] INFO  ozoneimpl.OzoneContainer (OzoneContainer.java:start(217)) - Attempting to start container services.
2019-10-04 13:07:32,550 [Datanode State Machine Thread - 0] INFO  ozoneimpl.OzoneContainer (OzoneContainer.java:startContainerScrub(179)) - Background container scanner has been disabled.
2019-10-04 13:07:32,550 [Datanode State Machine Thread - 0] INFO  ratis.XceiverServerRatis (XceiverServerRatis.java:start(417)) - Starting XceiverServerRatis d135e99c-36d8-4993-81a3-a2d90e7ef70b at port 0
2019-10-04 13:07:32,556 [Datanode State Machine Thread - 0] INFO  impl.RaftServerProxy (RaftServerProxy.java:lambda$start$3(299)) - d135e99c-36d8-4993-81a3-a2d90e7ef70b: start RPC server
2019-10-04 13:07:32,556 [Datanode State Machine Thread - 0] INFO  server.GrpcService (GrpcService.java:startImpl(158)) - d135e99c-36d8-4993-81a3-a2d90e7ef70b: GrpcService started, listening on 0.0.0.0/0.0.0.0:46046
2019-10-04 13:07:32,557 [Datanode State Machine Thread - 0] INFO  ratis.XceiverServerRatis (XceiverServerRatis.java:start(427)) - XceiverServerRatis d135e99c-36d8-4993-81a3-a2d90e7ef70b is started using port 46046
2019-10-04 13:07:32,557 [Datanode State Machine Thread - 0] INFO  server.XceiverServerGrpc (XceiverServerGrpc.java:start(149)) - XceiverServerGrpc d135e99c-36d8-4993-81a3-a2d90e7ef70b is started using port 34238
2019-10-04 13:07:33,525 [main] INFO  ozone.MiniOzoneClusterImpl (MiniOzoneClusterImpl.java:lambda$waitForClusterToBeReady$0(147)) - Waiting for cluster to be ready. Got 0 of 7 DN Heartbeats.
2019-10-04 13:07:34,109 [IPC Server handler 0 on 37248] INFO  net.NetworkTopology (NetworkTopologyImpl.java:add(111)) - Added a new node: /default-rack/6c314416-3d7a-4593-95f5-98ad81c59d3d
2019-10-04 13:07:34,112 [IPC Server handler 0 on 37248] INFO  node.SCMNodeManager (SCMNodeManager.java:register(266)) - Registered Data node : 6c314416-3d7a-4593-95f5-98ad81c59d3d{ip: 192.168.30.24, host: pr-hdds-2222-6g2n6-3934316592, networkLocation: /default-rack, certSerialId: null}
2019-10-04 13:07:34,113 [EventQueue-NodeRegistrationContainerReportForDataNodeSafeModeRule] INFO  safemode.SCMSafeModeManager (DataNodeSafeModeRule.java:process(71)) - SCM in safe mode. 1 DataNodes registered, 1 required.
2019-10-04 13:07:34,116 [EventQueue-NodeRegistrationContainerReportForDataNodeSafeModeRule] INFO  safemode.SCMSafeModeManager (SCMSafeModeManager.java:validateSafeModeExitRules(177)) - ScmSafeModeManager, all rules are successfully validated
2019-10-04 13:07:34,117 [EventQueue-NodeRegistrationContainerReportForDataNodeSafeModeRule] INFO  safemode.SCMSafeModeManager (SCMSafeModeManager.java:exitSafeMode(193)) - SCM exiting safe mode.
2019-10-04 13:07:34,128 [grpc-default-executor-5] INFO  impl.RaftServerProxy (RaftServerProxy.java:addNew(89)) - 6c314416-3d7a-4593-95f5-98ad81c59d3d: addNew group-76530A7E1EF2:[6c314416-3d7a-4593-95f5-98ad81c59d3d:192.168.30.24:43211] returns group-76530A7E1EF2:java.util.concurrent.CompletableFuture@909b21[Not completed]
2019-10-04 13:07:34,132 [pool-383-thread-1] INFO  impl.RaftServerImpl (RaftServerImpl.java:<init>(95)) - 6c314416-3d7a-4593-95f5-98ad81c59d3d: new RaftServerImpl for group-76530A7E1EF2:[6c314416-3d7a-4593-95f5-98ad81c59d3d:192.168.30.24:43211] with ContainerStateMachine:uninitialized
2019-10-04 13:07:34,132 [pool-383-thread-1] INFO  server.RaftServerConfigKeys (ConfUtils.java:logGet(43)) - raft.server.rpc.timeout.min = 5s (custom)
2019-10-04 13:07:34,132 [pool-383-thread-1] INFO  server.RaftServerConfigKeys (ConfUtils.java:logGet(43)) - raft.server.rpc.timeout.max = 5200ms (custom)
2019-10-04 13:07:34,132 [pool-383-thread-1] INFO  server.RaftServerConfigKeys (ConfUtils.java:logGet(43)) - raft.server.rpcslowness.timeout = 120s (custom)
2019-10-04 13:07:34,132 [pool-383-thread-1] INFO  server.RaftServerConfigKeys (ConfUtils.java:logGet(43)) - raft.server.sleep.deviation.threshold = 300 (default)
2019-10-04 13:07:34,132 [pool-383-thread-1] INFO  server.RaftServerConfigKeys (ConfUtils.java:logGet(43)) - raft.server.log.appender.install.snapshot.enabled = false (custom)
2019-10-04 13:07:34,132 [pool-383-thread-1] INFO  impl.RaftServerImpl (ServerState.java:<init>(103)) - 6c314416-3d7a-4593-95f5-98ad81c59d3d@group-76530A7E1EF2: ConfigurationManager, init=-1: [6c314416-3d7a-4593-95f5-98ad81c59d3d:192.168.30.24:43211], old=null, confs=<EMPTY_MAP>
2019-10-04 13:07:34,133 [pool-383-thread-1] INFO  server.RaftServerConfigKeys (ConfUtils.java:logGet(43)) - raft.server.storage.dir = [/workdir/hadoop-ozone/integration-test/target/test-dir/MiniOzoneClusterImpl-91ba6091-3cbe-48fc-8e8d-05e77847d09f/datanode-0/data/ratis] (custom)
2019-10-04 13:07:34,133 [pool-383-thread-1] INFO  server.RaftServerConfigKeys (ConfUtils.java:logGet(43)) - raft.server.log.corruption.policy = EXCEPTION (default)
2019-10-04 13:07:34,133 [pool-383-thread-1] INFO  storage.RaftStorageDirectory (RaftStorageDirectory.java:analyzeStorage(246)) - The storage directory /workdir/hadoop-ozone/integration-test/target/test-dir/MiniOzoneClusterImpl-91ba6091-3cbe-48fc-8e8d-05e77847d09f/datanode-0/data/ratis/68e27a9e-d364-48dc-9fca-76530a7e1ef2 does not exist. Creating ...
2019-10-04 13:07:34,159 [pool-383-thread-1] INFO  storage.RaftStorageDirectory (RaftStorageDirectory.java:tryLock(328)) - Lock on /workdir/hadoop-ozone/integration-test/target/test-dir/MiniOzoneClusterImpl-91ba6091-3cbe-48fc-8e8d-05e77847d09f/datanode-0/data/ratis/68e27a9e-d364-48dc-9fca-76530a7e1ef2/in_use.lock acquired by nodename 8281@pr-hdds-2222-6g2n6-3934316592
2019-10-04 13:07:34,172 [IPC Server handler 1 on 37248] INFO  net.NetworkTopology (NetworkTopologyImpl.java:add(111)) - Added a new node: /default-rack/8c5bbc8d-79dc-4324-8a2f-ee0acfcb7d33
2019-10-04 13:07:34,172 [IPC Server handler 1 on 37248] INFO  node.SCMNodeManager (SCMNodeManager.java:register(266)) - Registered Data node : 8c5bbc8d-79dc-4324-8a2f-ee0acfcb7d33{ip: 192.168.30.24, host: pr-hdds-2222-6g2n6-3934316592, networkLocation: /default-rack, certSerialId: null}
2019-10-04 13:07:34,185 [pool-383-thread-1] INFO  storage.RaftStorage (RaftStorage.java:format(84)) - Storage directory /workdir/hadoop-ozone/integration-test/target/test-dir/MiniOzoneClusterImpl-91ba6091-3cbe-48fc-8e8d-05e77847d09f/datanode-0/data/ratis/68e27a9e-d364-48dc-9fca-76530a7e1ef2 has been successfully formatted.
2019-10-04 13:07:34,185 [pool-383-thread-1] INFO  ratis.ContainerStateMachine (ContainerStateMachine.java:loadSnapshot(230)) - group-76530A7E1EF2: The snapshot info is null. Setting the last applied indexto:(t:0, i:~)
2019-10-04 13:07:34,185 [pool-383-thread-1] INFO  server.RaftServerConfigKeys (ConfUtils.java:logGet(43)) - raft.server.notification.no-leader.timeout = 120s (custom)
2019-10-04 13:07:34,186 [pool-383-thread-1] INFO  server.RaftServerConfigKeys (ConfUtils.java:logGet(43)) - raft.server.log.use.memory = false (default)
2019-10-04 13:07:34,186 [pool-383-thread-1] INFO  server.RaftServerConfigKeys (ConfUtils.java:logGet(43)) - raft.server.log.purge.gap = 1000000 (custom)
2019-10-04 13:07:34,186 [pool-383-thread-1] INFO  server.RaftServerConfigKeys (ConfUtils.java:logGet(43)) - raft.server.log.appender.buffer.byte-limit = 33554432 (custom)
2019-10-04 13:07:34,186 [pool-383-thread-1] INFO  server.RaftServerConfigKeys (ConfUtils.java:logGet(43)) - raft.server.log.segment.size.max = 1048576 (custom)
2019-10-04 13:07:34,188 [pool-383-thread-1] INFO  server.RaftServerConfigKeys (ConfUtils.java:logGet(43)) - raft.server.log.segment.cache.num.max = 2 (custom)
2019-10-04 13:07:34,189 [pool-383-thread-1] INFO  segmented.SegmentedRaftLogWorker (SegmentedRaftLogWorker.java:<init>(173)) - new 6c314416-3d7a-4593-95f5-98ad81c59d3d@group-76530A7E1EF2-SegmentedRaftLogWorker for RaftStorage:Storage Directory /workdir/hadoop-ozone/integration-test/target/test-dir/MiniOzoneClusterImpl-91ba6091-3cbe-48fc-8e8d-05e77847d09f/datanode-0/data/ratis/68e27a9e-d364-48dc-9fca-76530a7e1ef2
2019-10-04 13:07:34,189 [pool-383-thread-1] INFO  server.RaftServerConfigKeys (ConfUtils.java:logGet(43)) - raft.server.log.queue.byte-limit = 2147483647 (custom)
2019-10-04 13:07:34,189 [pool-383-thread-1] INFO  server.RaftServerConfigKeys (ConfUtils.java:logGet(43)) - raft.server.log.queue.element-limit = 1024 (custom)
2019-10-04 13:07:34,189 [pool-383-thread-1] INFO  server.RaftServerConfigKeys (ConfUtils.java:logGet(43)) - raft.server.log.segment.size.max = 1048576 (custom)
2019-10-04 13:07:34,189 [pool-383-thread-1] INFO  server.RaftServerConfigKeys (ConfUtils.java:logGet(43)) - raft.server.log.preallocated.size = 16384 (custom)
2019-10-04 13:07:34,189 [pool-383-thread-1] INFO  server.RaftServerConfigKeys (ConfUtils.java:logGet(43)) - raft.server.log.write.buffer.size = 33554432 (custom)
2019-10-04 13:07:34,189 [pool-383-thread-1] INFO  server.RaftServerConfigKeys (ConfUtils.java:logGet(43)) - raft.server.log.force.sync.num = 128 (default)
2019-10-04 13:07:34,190 [pool-383-thread-1] INFO  server.RaftServerConfigKeys (ConfUtils.java:logGet(43)) - raft.server.log.statemachine.data.sync = true (default)
2019-10-04 13:07:34,190 [pool-383-thread-1] INFO  server.RaftServerConfigKeys (ConfUtils.java:logGet(43)) - raft.server.log.statemachine.data.sync.timeout = 10s (default)
2019-10-04 13:07:34,190 [pool-383-thread-1] INFO  server.RaftServerConfigKeys (ConfUtils.java:logGet(43)) - raft.server.log.statemachine.data.sync.timeout.retry = -1 (default)
2019-10-04 13:07:34,190 [pool-383-thread-1] INFO  server.RaftServerConfigKeys (ConfUtils.java:logGet(43)) - raft.server.log.statemachine.data.caching.enabled = true (custom)
2019-10-04 13:07:34,191 [pool-383-thread-1] INFO  segmented.SegmentedRaftLogWorker (SegmentedRaftLogWorker.java:lambda$new$0(128)) - 6c314416-3d7a-4593-95f5-98ad81c59d3d@group-76530A7E1EF2-SegmentedRaftLogWorker: flushIndex: setUnconditionally 0 -> -1
2019-10-04 13:07:34,191 [pool-383-thread-1] INFO  server.RaftServerConfigKeys (ConfUtils.java:logGet(43)) - raft.server.snapshot.auto.trigger.enabled = true (custom)
2019-10-04 13:07:34,191 [pool-383-thread-1] INFO  server.RaftServerConfigKeys (ConfUtils.java:logGet(43)) - raft.server.snapshot.auto.trigger.threshold = 10000 (custom)
2019-10-04 13:07:34,191 [pool-383-thread-1] INFO  server.RaftServerConfigKeys (ConfUtils.java:logGet(43)) - raft.server.snapshot.retention.file.num = 5 (custom)
2019-10-04 13:07:34,191 [pool-383-thread-1] INFO  server.RaftServerConfigKeys (ConfUtils.java:logGet(43)) - raft.server.retrycache.expirytime = 600000ms (custom)
2019-10-04 13:07:34,193 [pool-383-thread-1] INFO  impl.RaftServerImpl (RaftServerImpl.java:start(181)) - 6c314416-3d7a-4593-95f5-98ad81c59d3d@group-76530A7E1EF2: start as a follower, conf=-1: [6c314416-3d7a-4593-95f5-98ad81c59d3d:192.168.30.24:43211], old=null
2019-10-04 13:07:34,194 [pool-383-thread-1] INFO  impl.RaftServerImpl (RaftServerImpl.java:setRole(170)) - 6c314416-3d7a-4593-95f5-98ad81c59d3d@group-76530A7E1EF2: changes role from      null to FOLLOWER at term 0 for startAsFollower
2019-10-04 13:07:34,194 [pool-383-thread-1] INFO  impl.RoleInfo (RoleInfo.java:updateAndGet(143)) - 6c314416-3d7a-4593-95f5-98ad81c59d3d: start FollowerState
2019-10-04 13:07:34,194 [pool-383-thread-1] INFO  util.JmxRegister (JmxRegister.java:tryRegister(44)) - Successfully registered JMX Bean with object name Ratis:service=RaftServer,group=group-76530A7E1EF2,id=6c314416-3d7a-4593-95f5-98ad81c59d3d
2019-10-04 13:07:34,199 [RatisPipelineUtilsThread] INFO  pipeline.PipelineStateManager (PipelineStateManager.java:addPipeline(56)) - Created pipeline Pipeline[ Id: 68e27a9e-d364-48dc-9fca-76530a7e1ef2, Nodes: 6c314416-3d7a-4593-95f5-98ad81c59d3d{ip: 192.168.30.24, host: pr-hdds-2222-6g2n6-3934316592, networkLocation: /default-rack, certSerialId: null}, Type:RATIS, Factor:ONE, State:OPEN]
2019-10-04 13:07:34,210 [grpc-default-executor-5] INFO  impl.RaftServerProxy (RaftServerProxy.java:addNew(89)) - 8c5bbc8d-79dc-4324-8a2f-ee0acfcb7d33: addNew group-86FF1A1DF677:[8c5bbc8d-79dc-4324-8a2f-ee0acfcb7d33:192.168.30.24:34867] returns group-86FF1A1DF677:java.util.concurrent.CompletableFuture@45bffb6f[Not completed]
2019-10-04 13:07:34,211 [pool-393-thread-1] INFO  impl.RaftServerImpl (RaftServerImpl.java:<init>(95)) - 8c5bbc8d-79dc-4324-8a2f-ee0acfcb7d33: new RaftServerImpl for group-86FF1A1DF677:[8c5bbc8d-79dc-4324-8a2f-ee0acfcb7d33:192.168.30.24:34867] with ContainerStateMachine:uninitialized
2019-10-04 13:07:34,212 [pool-393-thread-1] INFO  server.RaftServerConfigKeys (ConfUtils.java:logGet(43)) - raft.server.rpc.timeout.min = 5s (custom)
2019-10-04 13:07:34,212 [pool-393-thread-1] INFO  server.RaftServerConfigKeys (ConfUtils.java:logGet(43)) - raft.server.rpc.timeout.max = 5200ms (custom)
2019-10-04 13:07:34,212 [pool-393-thread-1] INFO  server.RaftServerConfigKeys (ConfUtils.java:logGet(43)) - raft.server.rpcslowness.timeout = 120s (custom)
2019-10-04 13:07:34,212 [pool-393-thread-1] INFO  server.RaftServerConfigKeys (ConfUtils.java:logGet(43)) - raft.server.sleep.deviation.threshold = 300 (default)
2019-10-04 13:07:34,212 [pool-393-thread-1] INFO  server.RaftServerConfigKeys (ConfUtils.java:logGet(43)) - raft.server.log.appender.install.snapshot.enabled = false (custom)
2019-10-04 13:07:34,213 [pool-393-thread-1] INFO  impl.RaftServerImpl (ServerState.java:<init>(103)) - 8c5bbc8d-79dc-4324-8a2f-ee0acfcb7d33@group-86FF1A1DF677: ConfigurationManager, init=-1: [8c5bbc8d-79dc-4324-8a2f-ee0acfcb7d33:192.168.30.24:34867], old=null, confs=<EMPTY_MAP>
2019-10-04 13:07:34,213 [pool-393-thread-1] INFO  server.RaftServerConfigKeys (ConfUtils.java:logGet(43)) - raft.server.storage.dir = [/workdir/hadoop-ozone/integration-test/target/test-dir/MiniOzoneClusterImpl-91ba6091-3cbe-48fc-8e8d-05e77847d09f/datanode-1/data/ratis] (custom)
2019-10-04 13:07:34,213 [pool-393-thread-1] INFO  server.RaftServerConfigKeys (ConfUtils.java:logGet(43)) - raft.server.log.corruption.policy = EXCEPTION (default)
2019-10-04 13:07:34,213 [pool-393-thread-1] INFO  storage.RaftStorageDirectory (RaftStorageDirectory.java:analyzeStorage(246)) - The storage directory /workdir/hadoop-ozone/integration-test/target/test-dir/MiniOzoneClusterImpl-91ba6091-3cbe-48fc-8e8d-05e77847d09f/datanode-1/data/ratis/92b1a9f3-46b0-4bcc-81d2-86ff1a1df677 does not exist. Creating ...
2019-10-04 13:07:34,223 [IPC Server handler 2 on 37248] INFO  net.NetworkTopology (NetworkTopologyImpl.java:add(111)) - Added a new node: /default-rack/4c53f4bb-0fdc-44b1-8217-26d46fcca4ea
2019-10-04 13:07:34,223 [IPC Server handler 2 on 37248] INFO  node.SCMNodeManager (SCMNodeManager.java:register(266)) - Registered Data node : 4c53f4bb-0fdc-44b1-8217-26d46fcca4ea{ip: 192.168.30.24, host: pr-hdds-2222-6g2n6-3934316592, networkLocation: /default-rack, certSerialId: null}
2019-10-04 13:07:34,244 [pool-393-thread-1] INFO  storage.RaftStorageDirectory (RaftStorageDirectory.java:tryLock(328)) - Lock on /workdir/hadoop-ozone/integration-test/target/test-dir/MiniOzoneClusterImpl-91ba6091-3cbe-48fc-8e8d-05e77847d09f/datanode-1/data/ratis/92b1a9f3-46b0-4bcc-81d2-86ff1a1df677/in_use.lock acquired by nodename 8281@pr-hdds-2222-6g2n6-3934316592
2019-10-04 13:07:34,269 [pool-393-thread-1] INFO  storage.RaftStorage (RaftStorage.java:format(84)) - Storage directory /workdir/hadoop-ozone/integration-test/target/test-dir/MiniOzoneClusterImpl-91ba6091-3cbe-48fc-8e8d-05e77847d09f/datanode-1/data/ratis/92b1a9f3-46b0-4bcc-81d2-86ff1a1df677 has been successfully formatted.
2019-10-04 13:07:34,270 [pool-393-thread-1] INFO  ratis.ContainerStateMachine (ContainerStateMachine.java:loadSnapshot(230)) - group-86FF1A1DF677: The snapshot info is null. Setting the last applied indexto:(t:0, i:~)
2019-10-04 13:07:34,270 [pool-393-thread-1] INFO  server.RaftServerConfigKeys (ConfUtils.java:logGet(43)) - raft.server.notification.no-leader.timeout = 120s (custom)
2019-10-04 13:07:34,270 [pool-393-thread-1] INFO  server.RaftServerConfigKeys (ConfUtils.java:logGet(43)) - raft.server.log.use.memory = false (default)
2019-10-04 13:07:34,270 [pool-393-thread-1] INFO  server.RaftServerConfigKeys (ConfUtils.java:logGet(43)) - raft.server.log.purge.gap = 1000000 (custom)
2019-10-04 13:07:34,270 [pool-393-thread-1] INFO  server.RaftServerConfigKeys (ConfUtils.java:logGet(43)) - raft.server.log.appender.buffer.byte-limit = 33554432 (custom)
2019-10-04 13:07:34,270 [pool-393-thread-1] INFO  server.RaftServerConfigKeys (ConfUtils.java:logGet(43)) - raft.server.log.segment.size.max = 1048576 (custom)
2019-10-04 13:07:34,272 [pool-393-thread-1] INFO  server.RaftServerConfigKeys (ConfUtils.java:logGet(43)) - raft.server.log.segment.cache.num.max = 2 (custom)
2019-10-04 13:07:34,272 [pool-393-thread-1] INFO  segmented.SegmentedRaftLogWorker (SegmentedRaftLogWorker.java:<init>(173)) - new 8c5bbc8d-79dc-4324-8a2f-ee0acfcb7d33@group-86FF1A1DF677-SegmentedRaftLogWorker for RaftStorage:Storage Directory /workdir/hadoop-ozone/integration-test/target/test-dir/MiniOzoneClusterImpl-91ba6091-3cbe-48fc-8e8d-05e77847d09f/datanode-1/data/ratis/92b1a9f3-46b0-4bcc-81d2-86ff1a1df677
2019-10-04 13:07:34,272 [pool-393-thread-1] INFO  server.RaftServerConfigKeys (ConfUtils.java:logGet(43)) - raft.server.log.queue.byte-limit = 2147483647 (custom)
2019-10-04 13:07:34,273 [pool-393-thread-1] INFO  server.RaftServerConfigKeys (ConfUtils.java:logGet(43)) - raft.server.log.queue.element-limit = 1024 (custom)
2019-10-04 13:07:34,273 [pool-393-thread-1] INFO  server.RaftServerConfigKeys (ConfUtils.java:logGet(43)) - raft.server.log.segment.size.max = 1048576 (custom)
2019-10-04 13:07:34,273 [pool-393-thread-1] INFO  server.RaftServerConfigKeys (ConfUtils.java:logGet(43)) - raft.server.log.preallocated.size = 16384 (custom)
2019-10-04 13:07:34,273 [pool-393-thread-1] INFO  server.RaftServerConfigKeys (ConfUtils.java:logGet(43)) - raft.server.log.write.buffer.size = 33554432 (custom)
2019-10-04 13:07:34,273 [pool-393-thread-1] INFO  server.RaftServerConfigKeys (ConfUtils.java:logGet(43)) - raft.server.log.force.sync.num = 128 (default)
2019-10-04 13:07:34,273 [pool-393-thread-1] INFO  server.RaftServerConfigKeys (ConfUtils.java:logGet(43)) - raft.server.log.statemachine.data.sync = true (default)
2019-10-04 13:07:34,273 [pool-393-thread-1] INFO  server.RaftServerConfigKeys (ConfUtils.java:logGet(43)) - raft.server.log.statemachine.data.sync.timeout = 10s (default)
2019-10-04 13:07:34,274 [pool-393-thread-1] INFO  server.RaftServerConfigKeys (ConfUtils.java:logGet(43)) - raft.server.log.statemachine.data.sync.timeout.retry = -1 (default)
2019-10-04 13:07:34,274 [pool-393-thread-1] INFO  server.RaftServerConfigKeys (ConfUtils.java:logGet(43)) - raft.server.log.statemachine.data.caching.enabled = true (custom)
2019-10-04 13:07:34,274 [pool-393-thread-1] INFO  segmented.SegmentedRaftLogWorker (SegmentedRaftLogWorker.java:lambda$new$0(128)) - 8c5bbc8d-79dc-4324-8a2f-ee0acfcb7d33@group-86FF1A1DF677-SegmentedRaftLogWorker: flushIndex: setUnconditionally 0 -> -1
2019-10-04 13:07:34,275 [pool-393-thread-1] INFO  server.RaftServerConfigKeys (ConfUtils.java:logGet(43)) - raft.server.snapshot.auto.trigger.enabled = true (custom)
2019-10-04 13:07:34,275 [pool-393-thread-1] INFO  server.RaftServerConfigKeys (ConfUtils.java:logGet(43)) - raft.server.snapshot.auto.trigger.threshold = 10000 (custom)
2019-10-04 13:07:34,275 [pool-393-thread-1] INFO  server.RaftServerConfigKeys (ConfUtils.java:logGet(43)) - raft.server.snapshot.retention.file.num = 5 (custom)
2019-10-04 13:07:34,275 [pool-393-thread-1] INFO  server.RaftServerConfigKeys (ConfUtils.java:logGet(43)) - raft.server.retrycache.expirytime = 600000ms (custom)
2019-10-04 13:07:34,277 [pool-393-thread-1] INFO  impl.RaftServerImpl (RaftServerImpl.java:start(181)) - 8c5bbc8d-79dc-4324-8a2f-ee0acfcb7d33@group-86FF1A1DF677: start as a follower, conf=-1: [8c5bbc8d-79dc-4324-8a2f-ee0acfcb7d33:192.168.30.24:34867], old=null
2019-10-04 13:07:34,277 [pool-393-thread-1] INFO  impl.RaftServerImpl (RaftServerImpl.java:setRole(170)) - 8c5bbc8d-79dc-4324-8a2f-ee0acfcb7d33@group-86FF1A1DF677: changes role from      null to FOLLOWER at term 0 for startAsFollower
2019-10-04 13:07:34,277 [pool-393-thread-1] INFO  impl.RoleInfo (RoleInfo.java:updateAndGet(143)) - 8c5bbc8d-79dc-4324-8a2f-ee0acfcb7d33: start FollowerState
2019-10-04 13:07:34,278 [pool-393-thread-1] INFO  util.JmxRegister (JmxRegister.java:tryRegister(44)) - Successfully registered JMX Bean with object name Ratis:service=RaftServer,group=group-86FF1A1DF677,id=8c5bbc8d-79dc-4324-8a2f-ee0acfcb7d33
2019-10-04 13:07:34,282 [RatisPipelineUtilsThread] INFO  pipeline.PipelineStateManager (PipelineStateManager.java:addPipeline(56)) - Created pipeline Pipeline[ Id: 92b1a9f3-46b0-4bcc-81d2-86ff1a1df677, Nodes: 8c5bbc8d-79dc-4324-8a2f-ee0acfcb7d33{ip: 192.168.30.24, host: pr-hdds-2222-6g2n6-3934316592, networkLocation: /default-rack, certSerialId: null}, Type:RATIS, Factor:ONE, State:OPEN]
2019-10-04 13:07:34,293 [grpc-default-executor-5] INFO  impl.RaftServerProxy (RaftServerProxy.java:addNew(89)) - 4c53f4bb-0fdc-44b1-8217-26d46fcca4ea: addNew group-B2EDAE1056E8:[4c53f4bb-0fdc-44b1-8217-26d46fcca4ea:192.168.30.24:37258] returns group-B2EDAE1056E8:java.util.concurrent.CompletableFuture@92d9ef5[Not completed]
2019-10-04 13:07:34,295 [pool-403-thread-1] INFO  impl.RaftServerImpl (RaftServerImpl.java:<init>(95)) - 4c53f4bb-0fdc-44b1-8217-26d46fcca4ea: new RaftServerImpl for group-B2EDAE1056E8:[4c53f4bb-0fdc-44b1-8217-26d46fcca4ea:192.168.30.24:37258] with ContainerStateMachine:uninitialized
2019-10-04 13:07:34,295 [pool-403-thread-1] INFO  server.RaftServerConfigKeys (ConfUtils.java:logGet(43)) - raft.server.rpc.timeout.min = 5s (custom)
2019-10-04 13:07:34,295 [pool-403-thread-1] INFO  server.RaftServerConfigKeys (ConfUtils.java:logGet(43)) - raft.server.rpc.timeout.max = 5200ms (custom)
2019-10-04 13:07:34,295 [pool-403-thread-1] INFO  server.RaftServerConfigKeys (ConfUtils.java:logGet(43)) - raft.server.rpcslowness.timeout = 120s (custom)
2019-10-04 13:07:34,295 [pool-403-thread-1] INFO  server.RaftServerConfigKeys (ConfUtils.java:logGet(43)) - raft.server.sleep.deviation.threshold = 300 (default)
2019-10-04 13:07:34,295 [pool-403-thread-1] INFO  server.RaftServerConfigKeys (ConfUtils.java:logGet(43)) - raft.server.log.appender.install.snapshot.enabled = false (custom)
2019-10-04 13:07:34,295 [pool-403-thread-1] INFO  impl.RaftServerImpl (ServerState.java:<init>(103)) - 4c53f4bb-0fdc-44b1-8217-26d46fcca4ea@group-B2EDAE1056E8: ConfigurationManager, init=-1: [4c53f4bb-0fdc-44b1-8217-26d46fcca4ea:192.168.30.24:37258], old=null, confs=<EMPTY_MAP>
2019-10-04 13:07:34,295 [pool-403-thread-1] INFO  server.RaftServerConfigKeys (ConfUtils.java:logGet(43)) - raft.server.storage.dir = [/workdir/hadoop-ozone/integration-test/target/test-dir/MiniOzoneClusterImpl-91ba6091-3cbe-48fc-8e8d-05e77847d09f/datanode-2/data/ratis] (custom)
2019-10-04 13:07:34,296 [pool-403-thread-1] INFO  server.RaftServerConfigKeys (ConfUtils.java:logGet(43)) - raft.server.log.corruption.policy = EXCEPTION (default)
2019-10-04 13:07:34,296 [pool-403-thread-1] INFO  storage.RaftStorageDirectory (RaftStorageDirectory.java:analyzeStorage(246)) - The storage directory /workdir/hadoop-ozone/integration-test/target/test-dir/MiniOzoneClusterImpl-91ba6091-3cbe-48fc-8e8d-05e77847d09f/datanode-2/data/ratis/edbfc699-5aaa-42a3-860d-b2edae1056e8 does not exist. Creating ...
2019-10-04 13:07:34,299 [IPC Server handler 3 on 37248] INFO  net.NetworkTopology (NetworkTopologyImpl.java:add(111)) - Added a new node: /default-rack/87034fde-e441-4e00-ad01-556b8fb0c48f
2019-10-04 13:07:34,299 [IPC Server handler 3 on 37248] INFO  node.SCMNodeManager (SCMNodeManager.java:register(266)) - Registered Data node : 87034fde-e441-4e00-ad01-556b8fb0c48f{ip: 192.168.30.24, host: pr-hdds-2222-6g2n6-3934316592, networkLocation: /default-rack, certSerialId: null}
2019-10-04 13:07:34,319 [pool-403-thread-1] INFO  storage.RaftStorageDirectory (RaftStorageDirectory.java:tryLock(328)) - Lock on /workdir/hadoop-ozone/integration-test/target/test-dir/MiniOzoneClusterImpl-91ba6091-3cbe-48fc-8e8d-05e77847d09f/datanode-2/data/ratis/edbfc699-5aaa-42a3-860d-b2edae1056e8/in_use.lock acquired by nodename 8281@pr-hdds-2222-6g2n6-3934316592
2019-10-04 13:07:34,345 [pool-403-thread-1] INFO  storage.RaftStorage (RaftStorage.java:format(84)) - Storage directory /workdir/hadoop-ozone/integration-test/target/test-dir/MiniOzoneClusterImpl-91ba6091-3cbe-48fc-8e8d-05e77847d09f/datanode-2/data/ratis/edbfc699-5aaa-42a3-860d-b2edae1056e8 has been successfully formatted.
2019-10-04 13:07:34,345 [pool-403-thread-1] INFO  ratis.ContainerStateMachine (ContainerStateMachine.java:loadSnapshot(230)) - group-B2EDAE1056E8: The snapshot info is null. Setting the last applied indexto:(t:0, i:~)
2019-10-04 13:07:34,345 [pool-403-thread-1] INFO  server.RaftServerConfigKeys (ConfUtils.java:logGet(43)) - raft.server.notification.no-leader.timeout = 120s (custom)
2019-10-04 13:07:34,345 [pool-403-thread-1] INFO  server.RaftServerConfigKeys (ConfUtils.java:logGet(43)) - raft.server.log.use.memory = false (default)
2019-10-04 13:07:34,345 [pool-403-thread-1] INFO  server.RaftServerConfigKeys (ConfUtils.java:logGet(43)) - raft.server.log.purge.gap = 1000000 (custom)
2019-10-04 13:07:34,346 [pool-403-thread-1] INFO  server.RaftServerConfigKeys (ConfUtils.java:logGet(43)) - raft.server.log.appender.buffer.byte-limit = 33554432 (custom)
2019-10-04 13:07:34,346 [pool-403-thread-1] INFO  server.RaftServerConfigKeys (ConfUtils.java:logGet(43)) - raft.server.log.segment.size.max = 1048576 (custom)
2019-10-04 13:07:34,348 [pool-403-thread-1] INFO  server.RaftServerConfigKeys (ConfUtils.java:logGet(43)) - raft.server.log.segment.cache.num.max = 2 (custom)
2019-10-04 13:07:34,348 [pool-403-thread-1] INFO  segmented.SegmentedRaftLogWorker (SegmentedRaftLogWorker.java:<init>(173)) - new 4c53f4bb-0fdc-44b1-8217-26d46fcca4ea@group-B2EDAE1056E8-SegmentedRaftLogWorker for RaftStorage:Storage Directory /workdir/hadoop-ozone/integration-test/target/test-dir/MiniOzoneClusterImpl-91ba6091-3cbe-48fc-8e8d-05e77847d09f/datanode-2/data/ratis/edbfc699-5aaa-42a3-860d-b2edae1056e8
2019-10-04 13:07:34,348 [pool-403-thread-1] INFO  server.RaftServerConfigKeys (ConfUtils.java:logGet(43)) - raft.server.log.queue.byte-limit = 2147483647 (custom)
2019-10-04 13:07:34,348 [pool-403-thread-1] INFO  server.RaftServerConfigKeys (ConfUtils.java:logGet(43)) - raft.server.log.queue.element-limit = 1024 (custom)
2019-10-04 13:07:34,348 [pool-403-thread-1] INFO  server.RaftServerConfigKeys (ConfUtils.java:logGet(43)) - raft.server.log.segment.size.max = 1048576 (custom)
2019-10-04 13:07:34,348 [pool-403-thread-1] INFO  server.RaftServerConfigKeys (ConfUtils.java:logGet(43)) - raft.server.log.preallocated.size = 16384 (custom)
2019-10-04 13:07:34,348 [pool-403-thread-1] INFO  server.RaftServerConfigKeys (ConfUtils.java:logGet(43)) - raft.server.log.write.buffer.size = 33554432 (custom)
2019-10-04 13:07:34,348 [pool-403-thread-1] INFO  server.RaftServerConfigKeys (ConfUtils.java:logGet(43)) - raft.server.log.force.sync.num = 128 (default)
2019-10-04 13:07:34,348 [pool-403-thread-1] INFO  server.RaftServerConfigKeys (ConfUtils.java:logGet(43)) - raft.server.log.statemachine.data.sync = true (default)
2019-10-04 13:07:34,349 [pool-403-thread-1] INFO  server.RaftServerConfigKeys (ConfUtils.java:logGet(43)) - raft.server.log.statemachine.data.sync.timeout = 10s (default)
2019-10-04 13:07:34,349 [pool-403-thread-1] INFO  server.RaftServerConfigKeys (ConfUtils.java:logGet(43)) - raft.server.log.statemachine.data.sync.timeout.retry = -1 (default)
2019-10-04 13:07:34,349 [pool-403-thread-1] INFO  server.RaftServerConfigKeys (ConfUtils.java:logGet(43)) - raft.server.log.statemachine.data.caching.enabled = true (custom)
2019-10-04 13:07:34,349 [pool-403-thread-1] INFO  segmented.SegmentedRaftLogWorker (SegmentedRaftLogWorker.java:lambda$new$0(128)) - 4c53f4bb-0fdc-44b1-8217-26d46fcca4ea@group-B2EDAE1056E8-SegmentedRaftLogWorker: flushIndex: setUnconditionally 0 -> -1
2019-10-04 13:07:34,350 [pool-403-thread-1] INFO  server.RaftServerConfigKeys (ConfUtils.java:logGet(43)) - raft.server.snapshot.auto.trigger.enabled = true (custom)
2019-10-04 13:07:34,350 [pool-403-thread-1] INFO  server.RaftServerConfigKeys (ConfUtils.java:logGet(43)) - raft.server.snapshot.auto.trigger.threshold = 10000 (custom)
2019-10-04 13:07:34,350 [pool-403-thread-1] INFO  server.RaftServerConfigKeys (ConfUtils.java:logGet(43)) - raft.server.snapshot.retention.file.num = 5 (custom)
2019-10-04 13:07:34,350 [pool-403-thread-1] INFO  server.RaftServerConfigKeys (ConfUtils.java:logGet(43)) - raft.server.retrycache.expirytime = 600000ms (custom)
2019-10-04 13:07:34,351 [pool-403-thread-1] INFO  impl.RaftServerImpl (RaftServerImpl.java:start(181)) - 4c53f4bb-0fdc-44b1-8217-26d46fcca4ea@group-B2EDAE1056E8: start as a follower, conf=-1: [4c53f4bb-0fdc-44b1-8217-26d46fcca4ea:192.168.30.24:37258], old=null
2019-10-04 13:07:34,352 [pool-403-thread-1] INFO  impl.RaftServerImpl (RaftServerImpl.java:setRole(170)) - 4c53f4bb-0fdc-44b1-8217-26d46fcca4ea@group-B2EDAE1056E8: changes role from      null to FOLLOWER at term 0 for startAsFollower
2019-10-04 13:07:34,352 [pool-403-thread-1] INFO  impl.RoleInfo (RoleInfo.java:updateAndGet(143)) - 4c53f4bb-0fdc-44b1-8217-26d46fcca4ea: start FollowerState
2019-10-04 13:07:34,352 [pool-403-thread-1] INFO  util.JmxRegister (JmxRegister.java:tryRegister(44)) - Successfully registered JMX Bean with object name Ratis:service=RaftServer,group=group-B2EDAE1056E8,id=4c53f4bb-0fdc-44b1-8217-26d46fcca4ea
2019-10-04 13:07:34,356 [RatisPipelineUtilsThread] INFO  pipeline.PipelineStateManager (PipelineStateManager.java:addPipeline(56)) - Created pipeline Pipeline[ Id: edbfc699-5aaa-42a3-860d-b2edae1056e8, Nodes: 4c53f4bb-0fdc-44b1-8217-26d46fcca4ea{ip: 192.168.30.24, host: pr-hdds-2222-6g2n6-3934316592, networkLocation: /default-rack, certSerialId: null}, Type:RATIS, Factor:ONE, State:OPEN]
2019-10-04 13:07:34,365 [grpc-default-executor-5] INFO  impl.RaftServerProxy (RaftServerProxy.java:addNew(89)) - 87034fde-e441-4e00-ad01-556b8fb0c48f: addNew group-6A6DFD1A84B8:[87034fde-e441-4e00-ad01-556b8fb0c48f:192.168.30.24:33067] returns group-6A6DFD1A84B8:java.util.concurrent.CompletableFuture@71285a56[Not completed]
2019-10-04 13:07:34,367 [pool-413-thread-1] INFO  impl.RaftServerImpl (RaftServerImpl.java:<init>(95)) - 87034fde-e441-4e00-ad01-556b8fb0c48f: new RaftServerImpl for group-6A6DFD1A84B8:[87034fde-e441-4e00-ad01-556b8fb0c48f:192.168.30.24:33067] with ContainerStateMachine:uninitialized
2019-10-04 13:07:34,367 [pool-413-thread-1] INFO  server.RaftServerConfigKeys (ConfUtils.java:logGet(43)) - raft.server.rpc.timeout.min = 5s (custom)
2019-10-04 13:07:34,367 [pool-413-thread-1] INFO  server.RaftServerConfigKeys (ConfUtils.java:logGet(43)) - raft.server.rpc.timeout.max = 5200ms (custom)
2019-10-04 13:07:34,367 [pool-413-thread-1] INFO  server.RaftServerConfigKeys (ConfUtils.java:logGet(43)) - raft.server.rpcslowness.timeout = 120s (custom)
2019-10-04 13:07:34,367 [pool-413-thread-1] INFO  server.RaftServerConfigKeys (ConfUtils.java:logGet(43)) - raft.server.sleep.deviation.threshold = 300 (default)
2019-10-04 13:07:34,367 [pool-413-thread-1] INFO  server.RaftServerConfigKeys (ConfUtils.java:logGet(43)) - raft.server.log.appender.install.snapshot.enabled = false (custom)
2019-10-04 13:07:34,367 [pool-413-thread-1] INFO  impl.RaftServerImpl (ServerState.java:<init>(103)) - 87034fde-e441-4e00-ad01-556b8fb0c48f@group-6A6DFD1A84B8: ConfigurationManager, init=-1: [87034fde-e441-4e00-ad01-556b8fb0c48f:192.168.30.24:33067], old=null, confs=<EMPTY_MAP>
2019-10-04 13:07:34,368 [pool-413-thread-1] INFO  server.RaftServerConfigKeys (ConfUtils.java:logGet(43)) - raft.server.storage.dir = [/workdir/hadoop-ozone/integration-test/target/test-dir/MiniOzoneClusterImpl-91ba6091-3cbe-48fc-8e8d-05e77847d09f/datanode-3/data/ratis] (custom)
2019-10-04 13:07:34,368 [pool-413-thread-1] INFO  server.RaftServerConfigKeys (ConfUtils.java:logGet(43)) - raft.server.log.corruption.policy = EXCEPTION (default)
2019-10-04 13:07:34,368 [pool-413-thread-1] INFO  storage.RaftStorageDirectory (RaftStorageDirectory.java:analyzeStorage(246)) - The storage directory /workdir/hadoop-ozone/integration-test/target/test-dir/MiniOzoneClusterImpl-91ba6091-3cbe-48fc-8e8d-05e77847d09f/datanode-3/data/ratis/0b3d725c-0b3e-45be-909f-6a6dfd1a84b8 does not exist. Creating ...
2019-10-04 13:07:34,390 [IPC Server handler 5 on 37248] INFO  net.NetworkTopology (NetworkTopologyImpl.java:add(111)) - Added a new node: /default-rack/3a18efbb-92ed-4521-adfc-fb8c3c6cad1e
2019-10-04 13:07:34,390 [IPC Server handler 5 on 37248] INFO  node.SCMNodeManager (SCMNodeManager.java:register(266)) - Registered Data node : 3a18efbb-92ed-4521-adfc-fb8c3c6cad1e{ip: 192.168.30.24, host: pr-hdds-2222-6g2n6-3934316592, networkLocation: /default-rack, certSerialId: null}
2019-10-04 13:07:34,395 [pool-413-thread-1] INFO  storage.RaftStorageDirectory (RaftStorageDirectory.java:tryLock(328)) - Lock on /workdir/hadoop-ozone/integration-test/target/test-dir/MiniOzoneClusterImpl-91ba6091-3cbe-48fc-8e8d-05e77847d09f/datanode-3/data/ratis/0b3d725c-0b3e-45be-909f-6a6dfd1a84b8/in_use.lock acquired by nodename 8281@pr-hdds-2222-6g2n6-3934316592
2019-10-04 13:07:34,421 [pool-413-thread-1] INFO  storage.RaftStorage (RaftStorage.java:format(84)) - Storage directory /workdir/hadoop-ozone/integration-test/target/test-dir/MiniOzoneClusterImpl-91ba6091-3cbe-48fc-8e8d-05e77847d09f/datanode-3/data/ratis/0b3d725c-0b3e-45be-909f-6a6dfd1a84b8 has been successfully formatted.
2019-10-04 13:07:34,421 [pool-413-thread-1] INFO  ratis.ContainerStateMachine (ContainerStateMachine.java:loadSnapshot(230)) - group-6A6DFD1A84B8: The snapshot info is null. Setting the last applied indexto:(t:0, i:~)
2019-10-04 13:07:34,421 [pool-413-thread-1] INFO  server.RaftServerConfigKeys (ConfUtils.java:logGet(43)) - raft.server.notification.no-leader.timeout = 120s (custom)
2019-10-04 13:07:34,421 [pool-413-thread-1] INFO  server.RaftServerConfigKeys (ConfUtils.java:logGet(43)) - raft.server.log.use.memory = false (default)
2019-10-04 13:07:34,421 [pool-413-thread-1] INFO  server.RaftServerConfigKeys (ConfUtils.java:logGet(43)) - raft.server.log.purge.gap = 1000000 (custom)
2019-10-04 13:07:34,421 [pool-413-thread-1] INFO  server.RaftServerConfigKeys (ConfUtils.java:logGet(43)) - raft.server.log.appender.buffer.byte-limit = 33554432 (custom)
2019-10-04 13:07:34,422 [pool-413-thread-1] INFO  server.RaftServerConfigKeys (ConfUtils.java:logGet(43)) - raft.server.log.segment.size.max = 1048576 (custom)
2019-10-04 13:07:34,423 [pool-413-thread-1] INFO  server.RaftServerConfigKeys (ConfUtils.java:logGet(43)) - raft.server.log.segment.cache.num.max = 2 (custom)
2019-10-04 13:07:34,423 [pool-413-thread-1] INFO  segmented.SegmentedRaftLogWorker (SegmentedRaftLogWorker.java:<init>(173)) - new 87034fde-e441-4e00-ad01-556b8fb0c48f@group-6A6DFD1A84B8-SegmentedRaftLogWorker for RaftStorage:Storage Directory /workdir/hadoop-ozone/integration-test/target/test-dir/MiniOzoneClusterImpl-91ba6091-3cbe-48fc-8e8d-05e77847d09f/datanode-3/data/ratis/0b3d725c-0b3e-45be-909f-6a6dfd1a84b8
2019-10-04 13:07:34,423 [pool-413-thread-1] INFO  server.RaftServerConfigKeys (ConfUtils.java:logGet(43)) - raft.server.log.queue.byte-limit = 2147483647 (custom)
2019-10-04 13:07:34,423 [pool-413-thread-1] INFO  server.RaftServerConfigKeys (ConfUtils.java:logGet(43)) - raft.server.log.queue.element-limit = 1024 (custom)
2019-10-04 13:07:34,424 [pool-413-thread-1] INFO  server.RaftServerConfigKeys (ConfUtils.java:logGet(43)) - raft.server.log.segment.size.max = 1048576 (custom)
2019-10-04 13:07:34,424 [pool-413-thread-1] INFO  server.RaftServerConfigKeys (ConfUtils.java:logGet(43)) - raft.server.log.preallocated.size = 16384 (custom)
2019-10-04 13:07:34,424 [pool-413-thread-1] INFO  server.RaftServerConfigKeys (ConfUtils.java:logGet(43)) - raft.server.log.write.buffer.size = 33554432 (custom)
2019-10-04 13:07:34,424 [pool-413-thread-1] INFO  server.RaftServerConfigKeys (ConfUtils.java:logGet(43)) - raft.server.log.force.sync.num = 128 (default)
2019-10-04 13:07:34,424 [pool-413-thread-1] INFO  server.RaftServerConfigKeys (ConfUtils.java:logGet(43)) - raft.server.log.statemachine.data.sync = true (default)
2019-10-04 13:07:34,424 [pool-413-thread-1] INFO  server.RaftServerConfigKeys (ConfUtils.java:logGet(43)) - raft.server.log.statemachine.data.sync.timeout = 10s (default)
2019-10-04 13:07:34,424 [pool-413-thread-1] INFO  server.RaftServerConfigKeys (ConfUtils.java:logGet(43)) - raft.server.log.statemachine.data.sync.timeout.retry = -1 (default)
2019-10-04 13:07:34,425 [pool-413-thread-1] INFO  server.RaftServerConfigKeys (ConfUtils.java:logGet(43)) - raft.server.log.statemachine.data.caching.enabled = true (custom)
2019-10-04 13:07:34,425 [pool-413-thread-1] INFO  segmented.SegmentedRaftLogWorker (SegmentedRaftLogWorker.java:lambda$new$0(128)) - 87034fde-e441-4e00-ad01-556b8fb0c48f@group-6A6DFD1A84B8-SegmentedRaftLogWorker: flushIndex: setUnconditionally 0 -> -1
2019-10-04 13:07:34,425 [pool-413-thread-1] INFO  server.RaftServerConfigKeys (ConfUtils.java:logGet(43)) - raft.server.snapshot.auto.trigger.enabled = true (custom)
2019-10-04 13:07:34,425 [pool-413-thread-1] INFO  server.RaftServerConfigKeys (ConfUtils.java:logGet(43)) - raft.server.snapshot.auto.trigger.threshold = 10000 (custom)
2019-10-04 13:07:34,425 [pool-413-thread-1] INFO  server.RaftServerConfigKeys (ConfUtils.java:logGet(43)) - raft.server.snapshot.retention.file.num = 5 (custom)
2019-10-04 13:07:34,425 [pool-413-thread-1] INFO  server.RaftServerConfigKeys (ConfUtils.java:logGet(43)) - raft.server.retrycache.expirytime = 600000ms (custom)
2019-10-04 13:07:34,427 [pool-413-thread-1] INFO  impl.RaftServerImpl (RaftServerImpl.java:start(181)) - 87034fde-e441-4e00-ad01-556b8fb0c48f@group-6A6DFD1A84B8: start as a follower, conf=-1: [87034fde-e441-4e00-ad01-556b8fb0c48f:192.168.30.24:33067], old=null
2019-10-04 13:07:34,427 [pool-413-thread-1] INFO  impl.RaftServerImpl (RaftServerImpl.java:setRole(170)) - 87034fde-e441-4e00-ad01-556b8fb0c48f@group-6A6DFD1A84B8: changes role from      null to FOLLOWER at term 0 for startAsFollower
2019-10-04 13:07:34,427 [pool-413-thread-1] INFO  impl.RoleInfo (RoleInfo.java:updateAndGet(143)) - 87034fde-e441-4e00-ad01-556b8fb0c48f: start FollowerState
2019-10-04 13:07:34,427 [pool-413-thread-1] INFO  util.JmxRegister (JmxRegister.java:tryRegister(44)) - Successfully registered JMX Bean with object name Ratis:service=RaftServer,group=group-6A6DFD1A84B8,id=87034fde-e441-4e00-ad01-556b8fb0c48f
2019-10-04 13:07:34,432 [RatisPipelineUtilsThread] INFO  pipeline.PipelineStateManager (PipelineStateManager.java:addPipeline(56)) - Created pipeline Pipeline[ Id: 0b3d725c-0b3e-45be-909f-6a6dfd1a84b8, Nodes: 87034fde-e441-4e00-ad01-556b8fb0c48f{ip: 192.168.30.24, host: pr-hdds-2222-6g2n6-3934316592, networkLocation: /default-rack, certSerialId: null}, Type:RATIS, Factor:ONE, State:OPEN]
2019-10-04 13:07:34,443 [grpc-default-executor-5] INFO  impl.RaftServerProxy (RaftServerProxy.java:addNew(89)) - 3a18efbb-92ed-4521-adfc-fb8c3c6cad1e: addNew group-EBC0B50CD594:[3a18efbb-92ed-4521-adfc-fb8c3c6cad1e:192.168.30.24:36369] returns group-EBC0B50CD594:java.util.concurrent.CompletableFuture@e57d9f0[Not completed]
2019-10-04 13:07:34,445 [pool-423-thread-1] INFO  impl.RaftServerImpl (RaftServerImpl.java:<init>(95)) - 3a18efbb-92ed-4521-adfc-fb8c3c6cad1e: new RaftServerImpl for group-EBC0B50CD594:[3a18efbb-92ed-4521-adfc-fb8c3c6cad1e:192.168.30.24:36369] with ContainerStateMachine:uninitialized
2019-10-04 13:07:34,445 [pool-423-thread-1] INFO  server.RaftServerConfigKeys (ConfUtils.java:logGet(43)) - raft.server.rpc.timeout.min = 5s (custom)
2019-10-04 13:07:34,445 [pool-423-thread-1] INFO  server.RaftServerConfigKeys (ConfUtils.java:logGet(43)) - raft.server.rpc.timeout.max = 5200ms (custom)
2019-10-04 13:07:34,445 [pool-423-thread-1] INFO  server.RaftServerConfigKeys (ConfUtils.java:logGet(43)) - raft.server.rpcslowness.timeout = 120s (custom)
2019-10-04 13:07:34,445 [pool-423-thread-1] INFO  server.RaftServerConfigKeys (ConfUtils.java:logGet(43)) - raft.server.sleep.deviation.threshold = 300 (default)
2019-10-04 13:07:34,445 [pool-423-thread-1] INFO  server.RaftServerConfigKeys (ConfUtils.java:logGet(43)) - raft.server.log.appender.install.snapshot.enabled = false (custom)
2019-10-04 13:07:34,445 [pool-423-thread-1] INFO  impl.RaftServerImpl (ServerState.java:<init>(103)) - 3a18efbb-92ed-4521-adfc-fb8c3c6cad1e@group-EBC0B50CD594: ConfigurationManager, init=-1: [3a18efbb-92ed-4521-adfc-fb8c3c6cad1e:192.168.30.24:36369], old=null, confs=<EMPTY_MAP>
2019-10-04 13:07:34,446 [pool-423-thread-1] INFO  server.RaftServerConfigKeys (ConfUtils.java:logGet(43)) - raft.server.storage.dir = [/workdir/hadoop-ozone/integration-test/target/test-dir/MiniOzoneClusterImpl-91ba6091-3cbe-48fc-8e8d-05e77847d09f/datanode-4/data/ratis] (custom)
2019-10-04 13:07:34,446 [pool-423-thread-1] INFO  server.RaftServerConfigKeys (ConfUtils.java:logGet(43)) - raft.server.log.corruption.policy = EXCEPTION (default)
2019-10-04 13:07:34,446 [pool-423-thread-1] INFO  storage.RaftStorageDirectory (RaftStorageDirectory.java:analyzeStorage(246)) - The storage directory /workdir/hadoop-ozone/integration-test/target/test-dir/MiniOzoneClusterImpl-91ba6091-3cbe-48fc-8e8d-05e77847d09f/datanode-4/data/ratis/4a4bfde4-083f-4d56-be5d-ebc0b50cd594 does not exist. Creating ...
2019-10-04 13:07:34,460 [IPC Server handler 4 on 37248] INFO  net.NetworkTopology (NetworkTopologyImpl.java:add(111)) - Added a new node: /default-rack/5105b714-6aee-461c-8a97-76089af993f8
2019-10-04 13:07:34,461 [IPC Server handler 4 on 37248] INFO  node.SCMNodeManager (SCMNodeManager.java:register(266)) - Registered Data node : 5105b714-6aee-461c-8a97-76089af993f8{ip: 192.168.30.24, host: pr-hdds-2222-6g2n6-3934316592, networkLocation: /default-rack, certSerialId: null}
2019-10-04 13:07:34,471 [pool-423-thread-1] INFO  storage.RaftStorageDirectory (RaftStorageDirectory.java:tryLock(328)) - Lock on /workdir/hadoop-ozone/integration-test/target/test-dir/MiniOzoneClusterImpl-91ba6091-3cbe-48fc-8e8d-05e77847d09f/datanode-4/data/ratis/4a4bfde4-083f-4d56-be5d-ebc0b50cd594/in_use.lock acquired by nodename 8281@pr-hdds-2222-6g2n6-3934316592
2019-10-04 13:07:34,522 [pool-423-thread-1] INFO  storage.RaftStorage (RaftStorage.java:format(84)) - Storage directory /workdir/hadoop-ozone/integration-test/target/test-dir/MiniOzoneClusterImpl-91ba6091-3cbe-48fc-8e8d-05e77847d09f/datanode-4/data/ratis/4a4bfde4-083f-4d56-be5d-ebc0b50cd594 has been successfully formatted.
2019-10-04 13:07:34,522 [pool-423-thread-1] INFO  ratis.ContainerStateMachine (ContainerStateMachine.java:loadSnapshot(230)) - group-EBC0B50CD594: The snapshot info is null. Setting the last applied indexto:(t:0, i:~)
2019-10-04 13:07:34,522 [pool-423-thread-1] INFO  server.RaftServerConfigKeys (ConfUtils.java:logGet(43)) - raft.server.notification.no-leader.timeout = 120s (custom)
2019-10-04 13:07:34,522 [pool-423-thread-1] INFO  server.RaftServerConfigKeys (ConfUtils.java:logGet(43)) - raft.server.log.use.memory = false (default)
2019-10-04 13:07:34,522 [pool-423-thread-1] INFO  server.RaftServerConfigKeys (ConfUtils.java:logGet(43)) - raft.server.log.purge.gap = 1000000 (custom)
2019-10-04 13:07:34,523 [pool-423-thread-1] INFO  server.RaftServerConfigKeys (ConfUtils.java:logGet(43)) - raft.server.log.appender.buffer.byte-limit = 33554432 (custom)
2019-10-04 13:07:34,523 [pool-423-thread-1] INFO  server.RaftServerConfigKeys (ConfUtils.java:logGet(43)) - raft.server.log.segment.size.max = 1048576 (custom)
2019-10-04 13:07:34,524 [pool-423-thread-1] INFO  server.RaftServerConfigKeys (ConfUtils.java:logGet(43)) - raft.server.log.segment.cache.num.max = 2 (custom)
2019-10-04 13:07:34,524 [pool-423-thread-1] INFO  segmented.SegmentedRaftLogWorker (SegmentedRaftLogWorker.java:<init>(173)) - new 3a18efbb-92ed-4521-adfc-fb8c3c6cad1e@group-EBC0B50CD594-SegmentedRaftLogWorker for RaftStorage:Storage Directory /workdir/hadoop-ozone/integration-test/target/test-dir/MiniOzoneClusterImpl-91ba6091-3cbe-48fc-8e8d-05e77847d09f/datanode-4/data/ratis/4a4bfde4-083f-4d56-be5d-ebc0b50cd594
2019-10-04 13:07:34,524 [pool-423-thread-1] INFO  server.RaftServerConfigKeys (ConfUtils.java:logGet(43)) - raft.server.log.queue.byte-limit = 2147483647 (custom)
2019-10-04 13:07:34,524 [pool-423-thread-1] INFO  server.RaftServerConfigKeys (ConfUtils.java:logGet(43)) - raft.server.log.queue.element-limit = 1024 (custom)
2019-10-04 13:07:34,524 [pool-423-thread-1] INFO  server.RaftServerConfigKeys (ConfUtils.java:logGet(43)) - raft.server.log.segment.size.max = 1048576 (custom)
2019-10-04 13:07:34,525 [pool-423-thread-1] INFO  server.RaftServerConfigKeys (ConfUtils.java:logGet(43)) - raft.server.log.preallocated.size = 16384 (custom)
2019-10-04 13:07:34,525 [pool-423-thread-1] INFO  server.RaftServerConfigKeys (ConfUtils.java:logGet(43)) - raft.server.log.write.buffer.size = 33554432 (custom)
2019-10-04 13:07:34,525 [pool-423-thread-1] INFO  server.RaftServerConfigKeys (ConfUtils.java:logGet(43)) - raft.server.log.force.sync.num = 128 (default)
2019-10-04 13:07:34,525 [pool-423-thread-1] INFO  server.RaftServerConfigKeys (ConfUtils.java:logGet(43)) - raft.server.log.statemachine.data.sync = true (default)
2019-10-04 13:07:34,525 [pool-423-thread-1] INFO  server.RaftServerConfigKeys (ConfUtils.java:logGet(43)) - raft.server.log.statemachine.data.sync.timeout = 10s (default)
2019-10-04 13:07:34,525 [pool-423-thread-1] INFO  server.RaftServerConfigKeys (ConfUtils.java:logGet(43)) - raft.server.log.statemachine.data.sync.timeout.retry = -1 (default)
2019-10-04 13:07:34,525 [pool-423-thread-1] INFO  server.RaftServerConfigKeys (ConfUtils.java:logGet(43)) - raft.server.log.statemachine.data.caching.enabled = true (custom)
2019-10-04 13:07:34,526 [pool-423-thread-1] INFO  segmented.SegmentedRaftLogWorker (SegmentedRaftLogWorker.java:lambda$new$0(128)) - 3a18efbb-92ed-4521-adfc-fb8c3c6cad1e@group-EBC0B50CD594-SegmentedRaftLogWorker: flushIndex: setUnconditionally 0 -> -1
2019-10-04 13:07:34,526 [main] INFO  ozone.MiniOzoneClusterImpl (MiniOzoneClusterImpl.java:lambda$waitForClusterToBeReady$0(147)) - Waiting for cluster to be ready. Got 6 of 7 DN Heartbeats.
2019-10-04 13:07:34,526 [pool-423-thread-1] INFO  server.RaftServerConfigKeys (ConfUtils.java:logGet(43)) - raft.server.snapshot.auto.trigger.enabled = true (custom)
2019-10-04 13:07:34,526 [pool-423-thread-1] INFO  server.RaftServerConfigKeys (ConfUtils.java:logGet(43)) - raft.server.snapshot.auto.trigger.threshold = 10000 (custom)
2019-10-04 13:07:34,526 [IPC Server handler 6 on 37248] INFO  net.NetworkTopology (NetworkTopologyImpl.java:add(111)) - Added a new node: /default-rack/d135e99c-36d8-4993-81a3-a2d90e7ef70b
2019-10-04 13:07:34,526 [pool-423-thread-1] INFO  server.RaftServerConfigKeys (ConfUtils.java:logGet(43)) - raft.server.snapshot.retention.file.num = 5 (custom)
2019-10-04 13:07:34,526 [IPC Server handler 6 on 37248] INFO  node.SCMNodeManager (SCMNodeManager.java:register(266)) - Registered Data node : d135e99c-36d8-4993-81a3-a2d90e7ef70b{ip: 192.168.30.24, host: pr-hdds-2222-6g2n6-3934316592, networkLocation: /default-rack, certSerialId: null}
2019-10-04 13:07:34,527 [pool-423-thread-1] INFO  server.RaftServerConfigKeys (ConfUtils.java:logGet(43)) - raft.server.retrycache.expirytime = 600000ms (custom)
2019-10-04 13:07:34,528 [pool-423-thread-1] INFO  impl.RaftServerImpl (RaftServerImpl.java:start(181)) - 3a18efbb-92ed-4521-adfc-fb8c3c6cad1e@group-EBC0B50CD594: start as a follower, conf=-1: [3a18efbb-92ed-4521-adfc-fb8c3c6cad1e:192.168.30.24:36369], old=null
2019-10-04 13:07:34,528 [pool-423-thread-1] INFO  impl.RaftServerImpl (RaftServerImpl.java:setRole(170)) - 3a18efbb-92ed-4521-adfc-fb8c3c6cad1e@group-EBC0B50CD594: changes role from      null to FOLLOWER at term 0 for startAsFollower
2019-10-04 13:07:34,528 [pool-423-thread-1] INFO  impl.RoleInfo (RoleInfo.java:updateAndGet(143)) - 3a18efbb-92ed-4521-adfc-fb8c3c6cad1e: start FollowerState
2019-10-04 13:07:34,528 [pool-423-thread-1] INFO  util.JmxRegister (JmxRegister.java:tryRegister(44)) - Successfully registered JMX Bean with object name Ratis:service=RaftServer,group=group-EBC0B50CD594,id=3a18efbb-92ed-4521-adfc-fb8c3c6cad1e
2019-10-04 13:07:34,532 [RatisPipelineUtilsThread] INFO  pipeline.PipelineStateManager (PipelineStateManager.java:addPipeline(56)) - Created pipeline Pipeline[ Id: 4a4bfde4-083f-4d56-be5d-ebc0b50cd594, Nodes: 3a18efbb-92ed-4521-adfc-fb8c3c6cad1e{ip: 192.168.30.24, host: pr-hdds-2222-6g2n6-3934316592, networkLocation: /default-rack, certSerialId: null}, Type:RATIS, Factor:ONE, State:OPEN]
2019-10-04 13:07:34,540 [grpc-default-executor-5] INFO  impl.RaftServerProxy (RaftServerProxy.java:addNew(89)) - 5105b714-6aee-461c-8a97-76089af993f8: addNew group-4503A252AA86:[5105b714-6aee-461c-8a97-76089af993f8:192.168.30.24:39313] returns group-4503A252AA86:java.util.concurrent.CompletableFuture@44bc1e17[Not completed]
2019-10-04 13:07:34,541 [pool-433-thread-1] INFO  impl.RaftServerImpl (RaftServerImpl.java:<init>(95)) - 5105b714-6aee-461c-8a97-76089af993f8: new RaftServerImpl for group-4503A252AA86:[5105b714-6aee-461c-8a97-76089af993f8:192.168.30.24:39313] with ContainerStateMachine:uninitialized
2019-10-04 13:07:34,541 [pool-433-thread-1] INFO  server.RaftServerConfigKeys (ConfUtils.java:logGet(43)) - raft.server.rpc.timeout.min = 5s (custom)
2019-10-04 13:07:34,542 [pool-433-thread-1] INFO  server.RaftServerConfigKeys (ConfUtils.java:logGet(43)) - raft.server.rpc.timeout.max = 5200ms (custom)
2019-10-04 13:07:34,542 [pool-433-thread-1] INFO  server.RaftServerConfigKeys (ConfUtils.java:logGet(43)) - raft.server.rpcslowness.timeout = 120s (custom)
2019-10-04 13:07:34,542 [pool-433-thread-1] INFO  server.RaftServerConfigKeys (ConfUtils.java:logGet(43)) - raft.server.sleep.deviation.threshold = 300 (default)
2019-10-04 13:07:34,542 [pool-433-thread-1] INFO  server.RaftServerConfigKeys (ConfUtils.java:logGet(43)) - raft.server.log.appender.install.snapshot.enabled = false (custom)
2019-10-04 13:07:34,542 [pool-433-thread-1] INFO  impl.RaftServerImpl (ServerState.java:<init>(103)) - 5105b714-6aee-461c-8a97-76089af993f8@group-4503A252AA86: ConfigurationManager, init=-1: [5105b714-6aee-461c-8a97-76089af993f8:192.168.30.24:39313], old=null, confs=<EMPTY_MAP>
2019-10-04 13:07:34,542 [pool-433-thread-1] INFO  server.RaftServerConfigKeys (ConfUtils.java:logGet(43)) - raft.server.storage.dir = [/workdir/hadoop-ozone/integration-test/target/test-dir/MiniOzoneClusterImpl-91ba6091-3cbe-48fc-8e8d-05e77847d09f/datanode-5/data/ratis] (custom)
2019-10-04 13:07:34,542 [pool-433-thread-1] INFO  server.RaftServerConfigKeys (ConfUtils.java:logGet(43)) - raft.server.log.corruption.policy = EXCEPTION (default)
2019-10-04 13:07:34,543 [pool-433-thread-1] INFO  storage.RaftStorageDirectory (RaftStorageDirectory.java:analyzeStorage(246)) - The storage directory /workdir/hadoop-ozone/integration-test/target/test-dir/MiniOzoneClusterImpl-91ba6091-3cbe-48fc-8e8d-05e77847d09f/datanode-5/data/ratis/09e59629-88d8-4c78-a97e-4503a252aa86 does not exist. Creating ...
2019-10-04 13:07:34,555 [pool-433-thread-1] INFO  storage.RaftStorageDirectory (RaftStorageDirectory.java:tryLock(328)) - Lock on /workdir/hadoop-ozone/integration-test/target/test-dir/MiniOzoneClusterImpl-91ba6091-3cbe-48fc-8e8d-05e77847d09f/datanode-5/data/ratis/09e59629-88d8-4c78-a97e-4503a252aa86/in_use.lock acquired by nodename 8281@pr-hdds-2222-6g2n6-3934316592
2019-10-04 13:07:34,581 [pool-433-thread-1] INFO  storage.RaftStorage (RaftStorage.java:format(84)) - Storage directory /workdir/hadoop-ozone/integration-test/target/test-dir/MiniOzoneClusterImpl-91ba6091-3cbe-48fc-8e8d-05e77847d09f/datanode-5/data/ratis/09e59629-88d8-4c78-a97e-4503a252aa86 has been successfully formatted.
2019-10-04 13:07:34,581 [pool-433-thread-1] INFO  ratis.ContainerStateMachine (ContainerStateMachine.java:loadSnapshot(230)) - group-4503A252AA86: The snapshot info is null. Setting the last applied indexto:(t:0, i:~)
2019-10-04 13:07:34,581 [pool-433-thread-1] INFO  server.RaftServerConfigKeys (ConfUtils.java:logGet(43)) - raft.server.notification.no-leader.timeout = 120s (custom)
2019-10-04 13:07:34,581 [pool-433-thread-1] INFO  server.RaftServerConfigKeys (ConfUtils.java:logGet(43)) - raft.server.log.use.memory = false (default)
2019-10-04 13:07:34,581 [pool-433-thread-1] INFO  server.RaftServerConfigKeys (ConfUtils.java:logGet(43)) - raft.server.log.purge.gap = 1000000 (custom)
2019-10-04 13:07:34,581 [pool-433-thread-1] INFO  server.RaftServerConfigKeys (ConfUtils.java:logGet(43)) - raft.server.log.appender.buffer.byte-limit = 33554432 (custom)
2019-10-04 13:07:34,582 [pool-433-thread-1] INFO  server.RaftServerConfigKeys (ConfUtils.java:logGet(43)) - raft.server.log.segment.size.max = 1048576 (custom)
2019-10-04 13:07:34,583 [pool-433-thread-1] INFO  server.RaftServerConfigKeys (ConfUtils.java:logGet(43)) - raft.server.log.segment.cache.num.max = 2 (custom)
2019-10-04 13:07:34,583 [pool-433-thread-1] INFO  segmented.SegmentedRaftLogWorker (SegmentedRaftLogWorker.java:<init>(173)) - new 5105b714-6aee-461c-8a97-76089af993f8@group-4503A252AA86-SegmentedRaftLogWorker for RaftStorage:Storage Directory /workdir/hadoop-ozone/integration-test/target/test-dir/MiniOzoneClusterImpl-91ba6091-3cbe-48fc-8e8d-05e77847d09f/datanode-5/data/ratis/09e59629-88d8-4c78-a97e-4503a252aa86
2019-10-04 13:07:34,583 [pool-433-thread-1] INFO  server.RaftServerConfigKeys (ConfUtils.java:logGet(43)) - raft.server.log.queue.byte-limit = 2147483647 (custom)
2019-10-04 13:07:34,584 [pool-433-thread-1] INFO  server.RaftServerConfigKeys (ConfUtils.java:logGet(43)) - raft.server.log.queue.element-limit = 1024 (custom)
2019-10-04 13:07:34,584 [pool-433-thread-1] INFO  server.RaftServerConfigKeys (ConfUtils.java:logGet(43)) - raft.server.log.segment.size.max = 1048576 (custom)
2019-10-04 13:07:34,584 [pool-433-thread-1] INFO  server.RaftServerConfigKeys (ConfUtils.java:logGet(43)) - raft.server.log.preallocated.size = 16384 (custom)
2019-10-04 13:07:34,584 [pool-433-thread-1] INFO  server.RaftServerConfigKeys (ConfUtils.java:logGet(43)) - raft.server.log.write.buffer.size = 33554432 (custom)
2019-10-04 13:07:34,584 [pool-433-thread-1] INFO  server.RaftServerConfigKeys (ConfUtils.java:logGet(43)) - raft.server.log.force.sync.num = 128 (default)
2019-10-04 13:07:34,584 [pool-433-thread-1] INFO  server.RaftServerConfigKeys (ConfUtils.java:logGet(43)) - raft.server.log.statemachine.data.sync = true (default)
2019-10-04 13:07:34,584 [pool-433-thread-1] INFO  server.RaftServerConfigKeys (ConfUtils.java:logGet(43)) - raft.server.log.statemachine.data.sync.timeout = 10s (default)
2019-10-04 13:07:34,584 [pool-433-thread-1] INFO  server.RaftServerConfigKeys (ConfUtils.java:logGet(43)) - raft.server.log.statemachine.data.sync.timeout.retry = -1 (default)
2019-10-04 13:07:34,585 [pool-433-thread-1] INFO  server.RaftServerConfigKeys (ConfUtils.java:logGet(43)) - raft.server.log.statemachine.data.caching.enabled = true (custom)
2019-10-04 13:07:34,585 [pool-433-thread-1] INFO  segmented.SegmentedRaftLogWorker (SegmentedRaftLogWorker.java:lambda$new$0(128)) - 5105b714-6aee-461c-8a97-76089af993f8@group-4503A252AA86-SegmentedRaftLogWorker: flushIndex: setUnconditionally 0 -> -1
2019-10-04 13:07:34,585 [pool-433-thread-1] INFO  server.RaftServerConfigKeys (ConfUtils.java:logGet(43)) - raft.server.snapshot.auto.trigger.enabled = true (custom)
2019-10-04 13:07:34,585 [pool-433-thread-1] INFO  server.RaftServerConfigKeys (ConfUtils.java:logGet(43)) - raft.server.snapshot.auto.trigger.threshold = 10000 (custom)
2019-10-04 13:07:34,585 [pool-433-thread-1] INFO  server.RaftServerConfigKeys (ConfUtils.java:logGet(43)) - raft.server.snapshot.retention.file.num = 5 (custom)
2019-10-04 13:07:34,585 [pool-433-thread-1] INFO  server.RaftServerConfigKeys (ConfUtils.java:logGet(43)) - raft.server.retrycache.expirytime = 600000ms (custom)
2019-10-04 13:07:34,587 [pool-433-thread-1] INFO  impl.RaftServerImpl (RaftServerImpl.java:start(181)) - 5105b714-6aee-461c-8a97-76089af993f8@group-4503A252AA86: start as a follower, conf=-1: [5105b714-6aee-461c-8a97-76089af993f8:192.168.30.24:39313], old=null
2019-10-04 13:07:34,587 [pool-433-thread-1] INFO  impl.RaftServerImpl (RaftServerImpl.java:setRole(170)) - 5105b714-6aee-461c-8a97-76089af993f8@group-4503A252AA86: changes role from      null to FOLLOWER at term 0 for startAsFollower
2019-10-04 13:07:34,587 [pool-433-thread-1] INFO  impl.RoleInfo (RoleInfo.java:updateAndGet(143)) - 5105b714-6aee-461c-8a97-76089af993f8: start FollowerState
2019-10-04 13:07:34,588 [pool-433-thread-1] INFO  util.JmxRegister (JmxRegister.java:tryRegister(44)) - Successfully registered JMX Bean with object name Ratis:service=RaftServer,group=group-4503A252AA86,id=5105b714-6aee-461c-8a97-76089af993f8
2019-10-04 13:07:34,591 [RatisPipelineUtilsThread] INFO  pipeline.PipelineStateManager (PipelineStateManager.java:addPipeline(56)) - Created pipeline Pipeline[ Id: 09e59629-88d8-4c78-a97e-4503a252aa86, Nodes: 5105b714-6aee-461c-8a97-76089af993f8{ip: 192.168.30.24, host: pr-hdds-2222-6g2n6-3934316592, networkLocation: /default-rack, certSerialId: null}, Type:RATIS, Factor:ONE, State:OPEN]
2019-10-04 13:07:34,602 [grpc-default-executor-5] INFO  impl.RaftServerProxy (RaftServerProxy.java:addNew(89)) - d135e99c-36d8-4993-81a3-a2d90e7ef70b: addNew group-0A6C4234A1C7:[d135e99c-36d8-4993-81a3-a2d90e7ef70b:192.168.30.24:46046] returns group-0A6C4234A1C7:java.util.concurrent.CompletableFuture@2f0f955[Not completed]
2019-10-04 13:07:34,605 [pool-443-thread-1] INFO  impl.RaftServerImpl (RaftServerImpl.java:<init>(95)) - d135e99c-36d8-4993-81a3-a2d90e7ef70b: new RaftServerImpl for group-0A6C4234A1C7:[d135e99c-36d8-4993-81a3-a2d90e7ef70b:192.168.30.24:46046] with ContainerStateMachine:uninitialized
2019-10-04 13:07:34,605 [pool-443-thread-1] INFO  server.RaftServerConfigKeys (ConfUtils.java:logGet(43)) - raft.server.rpc.timeout.min = 5s (custom)
2019-10-04 13:07:34,606 [pool-443-thread-1] INFO  server.RaftServerConfigKeys (ConfUtils.java:logGet(43)) - raft.server.rpc.timeout.max = 5200ms (custom)
2019-10-04 13:07:34,606 [pool-443-thread-1] INFO  server.RaftServerConfigKeys (ConfUtils.java:logGet(43)) - raft.server.rpcslowness.timeout = 120s (custom)
2019-10-04 13:07:34,606 [pool-443-thread-1] INFO  server.RaftServerConfigKeys (ConfUtils.java:logGet(43)) - raft.server.sleep.deviation.threshold = 300 (default)
2019-10-04 13:07:34,606 [pool-443-thread-1] INFO  server.RaftServerConfigKeys (ConfUtils.java:logGet(43)) - raft.server.log.appender.install.snapshot.enabled = false (custom)
2019-10-04 13:07:34,606 [pool-443-thread-1] INFO  impl.RaftServerImpl (ServerState.java:<init>(103)) - d135e99c-36d8-4993-81a3-a2d90e7ef70b@group-0A6C4234A1C7: ConfigurationManager, init=-1: [d135e99c-36d8-4993-81a3-a2d90e7ef70b:192.168.30.24:46046], old=null, confs=<EMPTY_MAP>
2019-10-04 13:07:34,606 [pool-443-thread-1] INFO  server.RaftServerConfigKeys (ConfUtils.java:logGet(43)) - raft.server.storage.dir = [/workdir/hadoop-ozone/integration-test/target/test-dir/MiniOzoneClusterImpl-91ba6091-3cbe-48fc-8e8d-05e77847d09f/datanode-6/data/ratis] (custom)
2019-10-04 13:07:34,607 [pool-443-thread-1] INFO  server.RaftServerConfigKeys (ConfUtils.java:logGet(43)) - raft.server.log.corruption.policy = EXCEPTION (default)
2019-10-04 13:07:34,607 [pool-443-thread-1] INFO  storage.RaftStorageDirectory (RaftStorageDirectory.java:analyzeStorage(246)) - The storage directory /workdir/hadoop-ozone/integration-test/target/test-dir/MiniOzoneClusterImpl-91ba6091-3cbe-48fc-8e8d-05e77847d09f/datanode-6/data/ratis/f0912d31-6ebc-4067-b0ef-0a6c4234a1c7 does not exist. Creating ...
2019-10-04 13:07:34,631 [pool-443-thread-1] INFO  storage.RaftStorageDirectory (RaftStorageDirectory.java:tryLock(328)) - Lock on /workdir/hadoop-ozone/integration-test/target/test-dir/MiniOzoneClusterImpl-91ba6091-3cbe-48fc-8e8d-05e77847d09f/datanode-6/data/ratis/f0912d31-6ebc-4067-b0ef-0a6c4234a1c7/in_use.lock acquired by nodename 8281@pr-hdds-2222-6g2n6-3934316592
2019-10-04 13:07:34,648 [pool-443-thread-1] INFO  storage.RaftStorage (RaftStorage.java:format(84)) - Storage directory /workdir/hadoop-ozone/integration-test/target/test-dir/MiniOzoneClusterImpl-91ba6091-3cbe-48fc-8e8d-05e77847d09f/datanode-6/data/ratis/f0912d31-6ebc-4067-b0ef-0a6c4234a1c7 has been successfully formatted.
2019-10-04 13:07:34,649 [pool-443-thread-1] INFO  ratis.ContainerStateMachine (ContainerStateMachine.java:loadSnapshot(230)) - group-0A6C4234A1C7: The snapshot info is null. Setting the last applied indexto:(t:0, i:~)
2019-10-04 13:07:34,649 [pool-443-thread-1] INFO  server.RaftServerConfigKeys (ConfUtils.java:logGet(43)) - raft.server.notification.no-leader.timeout = 120s (custom)
2019-10-04 13:07:34,649 [pool-443-thread-1] INFO  server.RaftServerConfigKeys (ConfUtils.java:logGet(43)) - raft.server.log.use.memory = false (default)
2019-10-04 13:07:34,649 [pool-443-thread-1] INFO  server.RaftServerConfigKeys (ConfUtils.java:logGet(43)) - raft.server.log.purge.gap = 1000000 (custom)
2019-10-04 13:07:34,649 [pool-443-thread-1] INFO  server.RaftServerConfigKeys (ConfUtils.java:logGet(43)) - raft.server.log.appender.buffer.byte-limit = 33554432 (custom)
2019-10-04 13:07:34,649 [pool-443-thread-1] INFO  server.RaftServerConfigKeys (ConfUtils.java:logGet(43)) - raft.server.log.segment.size.max = 1048576 (custom)
2019-10-04 13:07:34,651 [pool-443-thread-1] INFO  server.RaftServerConfigKeys (ConfUtils.java:logGet(43)) - raft.server.log.segment.cache.num.max = 2 (custom)
2019-10-04 13:07:34,651 [pool-443-thread-1] INFO  segmented.SegmentedRaftLogWorker (SegmentedRaftLogWorker.java:<init>(173)) - new d135e99c-36d8-4993-81a3-a2d90e7ef70b@group-0A6C4234A1C7-SegmentedRaftLogWorker for RaftStorage:Storage Directory /workdir/hadoop-ozone/integration-test/target/test-dir/MiniOzoneClusterImpl-91ba6091-3cbe-48fc-8e8d-05e77847d09f/datanode-6/data/ratis/f0912d31-6ebc-4067-b0ef-0a6c4234a1c7
2019-10-04 13:07:34,651 [pool-443-thread-1] INFO  server.RaftServerConfigKeys (ConfUtils.java:logGet(43)) - raft.server.log.queue.byte-limit = 2147483647 (custom)
2019-10-04 13:07:34,651 [pool-443-thread-1] INFO  server.RaftServerConfigKeys (ConfUtils.java:logGet(43)) - raft.server.log.queue.element-limit = 1024 (custom)
2019-10-04 13:07:34,651 [pool-443-thread-1] INFO  server.RaftServerConfigKeys (ConfUtils.java:logGet(43)) - raft.server.log.segment.size.max = 1048576 (custom)
2019-10-04 13:07:34,652 [pool-443-thread-1] INFO  server.RaftServerConfigKeys (ConfUtils.java:logGet(43)) - raft.server.log.preallocated.size = 16384 (custom)
2019-10-04 13:07:34,652 [pool-443-thread-1] INFO  server.RaftServerConfigKeys (ConfUtils.java:logGet(43)) - raft.server.log.write.buffer.size = 33554432 (custom)
2019-10-04 13:07:34,652 [pool-443-thread-1] INFO  server.RaftServerConfigKeys (ConfUtils.java:logGet(43)) - raft.server.log.force.sync.num = 128 (default)
2019-10-04 13:07:34,652 [pool-443-thread-1] INFO  server.RaftServerConfigKeys (ConfUtils.java:logGet(43)) - raft.server.log.statemachine.data.sync = true (default)
2019-10-04 13:07:34,652 [pool-443-thread-1] INFO  server.RaftServerConfigKeys (ConfUtils.java:logGet(43)) - raft.server.log.statemachine.data.sync.timeout = 10s (default)
2019-10-04 13:07:34,652 [pool-443-thread-1] INFO  server.RaftServerConfigKeys (ConfUtils.java:logGet(43)) - raft.server.log.statemachine.data.sync.timeout.retry = -1 (default)
2019-10-04 13:07:34,652 [pool-443-thread-1] INFO  server.RaftServerConfigKeys (ConfUtils.java:logGet(43)) - raft.server.log.statemachine.data.caching.enabled = true (custom)
2019-10-04 13:07:34,652 [pool-443-thread-1] INFO  segmented.SegmentedRaftLogWorker (SegmentedRaftLogWorker.java:lambda$new$0(128)) - d135e99c-36d8-4993-81a3-a2d90e7ef70b@group-0A6C4234A1C7-SegmentedRaftLogWorker: flushIndex: setUnconditionally 0 -> -1
2019-10-04 13:07:34,653 [pool-443-thread-1] INFO  server.RaftServerConfigKeys (ConfUtils.java:logGet(43)) - raft.server.snapshot.auto.trigger.enabled = true (custom)
2019-10-04 13:07:34,653 [pool-443-thread-1] INFO  server.RaftServerConfigKeys (ConfUtils.java:logGet(43)) - raft.server.snapshot.auto.trigger.threshold = 10000 (custom)
2019-10-04 13:07:34,653 [pool-443-thread-1] INFO  server.RaftServerConfigKeys (ConfUtils.java:logGet(43)) - raft.server.snapshot.retention.file.num = 5 (custom)
2019-10-04 13:07:34,653 [pool-443-thread-1] INFO  server.RaftServerConfigKeys (ConfUtils.java:logGet(43)) - raft.server.retrycache.expirytime = 600000ms (custom)
2019-10-04 13:07:34,654 [pool-443-thread-1] INFO  impl.RaftServerImpl (RaftServerImpl.java:start(181)) - d135e99c-36d8-4993-81a3-a2d90e7ef70b@group-0A6C4234A1C7: start as a follower, conf=-1: [d135e99c-36d8-4993-81a3-a2d90e7ef70b:192.168.30.24:46046], old=null
2019-10-04 13:07:34,654 [pool-443-thread-1] INFO  impl.RaftServerImpl (RaftServerImpl.java:setRole(170)) - d135e99c-36d8-4993-81a3-a2d90e7ef70b@group-0A6C4234A1C7: changes role from      null to FOLLOWER at term 0 for startAsFollower
2019-10-04 13:07:34,654 [pool-443-thread-1] INFO  impl.RoleInfo (RoleInfo.java:updateAndGet(143)) - d135e99c-36d8-4993-81a3-a2d90e7ef70b: start FollowerState
2019-10-04 13:07:34,655 [pool-443-thread-1] INFO  util.JmxRegister (JmxRegister.java:tryRegister(44)) - Successfully registered JMX Bean with object name Ratis:service=RaftServer,group=group-0A6C4234A1C7,id=d135e99c-36d8-4993-81a3-a2d90e7ef70b
2019-10-04 13:07:34,658 [RatisPipelineUtilsThread] INFO  pipeline.PipelineStateManager (PipelineStateManager.java:addPipeline(56)) - Created pipeline Pipeline[ Id: f0912d31-6ebc-4067-b0ef-0a6c4234a1c7, Nodes: d135e99c-36d8-4993-81a3-a2d90e7ef70b{ip: 192.168.30.24, host: pr-hdds-2222-6g2n6-3934316592, networkLocation: /default-rack, certSerialId: null}, Type:RATIS, Factor:ONE, State:OPEN]
2019-10-04 13:07:34,675 [grpc-default-executor-9] INFO  impl.RaftServerProxy (RaftServerProxy.java:addNew(89)) - 8c5bbc8d-79dc-4324-8a2f-ee0acfcb7d33: addNew group-6F089FBF2C49:[4c53f4bb-0fdc-44b1-8217-26d46fcca4ea:192.168.30.24:37258, 87034fde-e441-4e00-ad01-556b8fb0c48f:192.168.30.24:33067, 8c5bbc8d-79dc-4324-8a2f-ee0acfcb7d33:192.168.30.24:34867] returns group-6F089FBF2C49:java.util.concurrent.CompletableFuture@145038b1[Not completed]
2019-10-04 13:07:34,675 [grpc-default-executor-7] INFO  impl.RaftServerProxy (RaftServerProxy.java:addNew(89)) - 4c53f4bb-0fdc-44b1-8217-26d46fcca4ea: addNew group-6F089FBF2C49:[4c53f4bb-0fdc-44b1-8217-26d46fcca4ea:192.168.30.24:37258, 87034fde-e441-4e00-ad01-556b8fb0c48f:192.168.30.24:33067, 8c5bbc8d-79dc-4324-8a2f-ee0acfcb7d33:192.168.30.24:34867] returns group-6F089FBF2C49:java.util.concurrent.CompletableFuture@dd4e246[Not completed]
2019-10-04 13:07:34,675 [grpc-default-executor-5] INFO  impl.RaftServerProxy (RaftServerProxy.java:addNew(89)) - 87034fde-e441-4e00-ad01-556b8fb0c48f: addNew group-6F089FBF2C49:[4c53f4bb-0fdc-44b1-8217-26d46fcca4ea:192.168.30.24:37258, 87034fde-e441-4e00-ad01-556b8fb0c48f:192.168.30.24:33067, 8c5bbc8d-79dc-4324-8a2f-ee0acfcb7d33:192.168.30.24:34867] returns group-6F089FBF2C49:java.util.concurrent.CompletableFuture@74e7b5cf[Not completed]
2019-10-04 13:07:34,676 [pool-393-thread-1] INFO  impl.RaftServerImpl (RaftServerImpl.java:<init>(95)) - 8c5bbc8d-79dc-4324-8a2f-ee0acfcb7d33: new RaftServerImpl for group-6F089FBF2C49:[4c53f4bb-0fdc-44b1-8217-26d46fcca4ea:192.168.30.24:37258, 87034fde-e441-4e00-ad01-556b8fb0c48f:192.168.30.24:33067, 8c5bbc8d-79dc-4324-8a2f-ee0acfcb7d33:192.168.30.24:34867] with ContainerStateMachine:uninitialized
2019-10-04 13:07:34,676 [pool-393-thread-1] INFO  server.RaftServerConfigKeys (ConfUtils.java:logGet(43)) - raft.server.rpc.timeout.min = 5s (custom)
2019-10-04 13:07:34,676 [pool-393-thread-1] INFO  server.RaftServerConfigKeys (ConfUtils.java:logGet(43)) - raft.server.rpc.timeout.max = 5200ms (custom)
2019-10-04 13:07:34,676 [pool-393-thread-1] INFO  server.RaftServerConfigKeys (ConfUtils.java:logGet(43)) - raft.server.rpcslowness.timeout = 120s (custom)
2019-10-04 13:07:34,676 [pool-393-thread-1] INFO  server.RaftServerConfigKeys (ConfUtils.java:logGet(43)) - raft.server.sleep.deviation.threshold = 300 (default)
2019-10-04 13:07:34,676 [pool-393-thread-1] INFO  server.RaftServerConfigKeys (ConfUtils.java:logGet(43)) - raft.server.log.appender.install.snapshot.enabled = false (custom)
2019-10-04 13:07:34,677 [pool-403-thread-1] INFO  impl.RaftServerImpl (RaftServerImpl.java:<init>(95)) - 4c53f4bb-0fdc-44b1-8217-26d46fcca4ea: new RaftServerImpl for group-6F089FBF2C49:[4c53f4bb-0fdc-44b1-8217-26d46fcca4ea:192.168.30.24:37258, 87034fde-e441-4e00-ad01-556b8fb0c48f:192.168.30.24:33067, 8c5bbc8d-79dc-4324-8a2f-ee0acfcb7d33:192.168.30.24:34867] with ContainerStateMachine:uninitialized
2019-10-04 13:07:34,677 [pool-393-thread-1] INFO  impl.RaftServerImpl (ServerState.java:<init>(103)) - 8c5bbc8d-79dc-4324-8a2f-ee0acfcb7d33@group-6F089FBF2C49: ConfigurationManager, init=-1: [4c53f4bb-0fdc-44b1-8217-26d46fcca4ea:192.168.30.24:37258, 87034fde-e441-4e00-ad01-556b8fb0c48f:192.168.30.24:33067, 8c5bbc8d-79dc-4324-8a2f-ee0acfcb7d33:192.168.30.24:34867], old=null, confs=<EMPTY_MAP>
2019-10-04 13:07:34,677 [pool-403-thread-1] INFO  server.RaftServerConfigKeys (ConfUtils.java:logGet(43)) - raft.server.rpc.timeout.min = 5s (custom)
2019-10-04 13:07:34,677 [pool-393-thread-1] INFO  server.RaftServerConfigKeys (ConfUtils.java:logGet(43)) - raft.server.storage.dir = [/workdir/hadoop-ozone/integration-test/target/test-dir/MiniOzoneClusterImpl-91ba6091-3cbe-48fc-8e8d-05e77847d09f/datanode-1/data/ratis] (custom)
2019-10-04 13:07:34,677 [pool-413-thread-1] INFO  impl.RaftServerImpl (RaftServerImpl.java:<init>(95)) - 87034fde-e441-4e00-ad01-556b8fb0c48f: new RaftServerImpl for group-6F089FBF2C49:[4c53f4bb-0fdc-44b1-8217-26d46fcca4ea:192.168.30.24:37258, 87034fde-e441-4e00-ad01-556b8fb0c48f:192.168.30.24:33067, 8c5bbc8d-79dc-4324-8a2f-ee0acfcb7d33:192.168.30.24:34867] with ContainerStateMachine:uninitialized
2019-10-04 13:07:34,677 [pool-403-thread-1] INFO  server.RaftServerConfigKeys (ConfUtils.java:logGet(43)) - raft.server.rpc.timeout.max = 5200ms (custom)
2019-10-04 13:07:34,677 [pool-393-thread-1] INFO  server.RaftServerConfigKeys (ConfUtils.java:logGet(43)) - raft.server.log.corruption.policy = EXCEPTION (default)
2019-10-04 13:07:34,677 [pool-413-thread-1] INFO  server.RaftServerConfigKeys (ConfUtils.java:logGet(43)) - raft.server.rpc.timeout.min = 5s (custom)
2019-10-04 13:07:34,677 [pool-393-thread-1] INFO  storage.RaftStorageDirectory (RaftStorageDirectory.java:analyzeStorage(246)) - The storage directory /workdir/hadoop-ozone/integration-test/target/test-dir/MiniOzoneClusterImpl-91ba6091-3cbe-48fc-8e8d-05e77847d09f/datanode-1/data/ratis/a19535d7-73d3-4de4-9068-6f089fbf2c49 does not exist. Creating ...
2019-10-04 13:07:34,677 [pool-403-thread-1] INFO  server.RaftServerConfigKeys (ConfUtils.java:logGet(43)) - raft.server.rpcslowness.timeout = 120s (custom)
2019-10-04 13:07:34,677 [pool-413-thread-1] INFO  server.RaftServerConfigKeys (ConfUtils.java:logGet(43)) - raft.server.rpc.timeout.max = 5200ms (custom)
2019-10-04 13:07:34,678 [pool-403-thread-1] INFO  server.RaftServerConfigKeys (ConfUtils.java:logGet(43)) - raft.server.sleep.deviation.threshold = 300 (default)
2019-10-04 13:07:34,678 [pool-413-thread-1] INFO  server.RaftServerConfigKeys (ConfUtils.java:logGet(43)) - raft.server.rpcslowness.timeout = 120s (custom)
2019-10-04 13:07:34,678 [pool-403-thread-1] INFO  server.RaftServerConfigKeys (ConfUtils.java:logGet(43)) - raft.server.log.appender.install.snapshot.enabled = false (custom)
2019-10-04 13:07:34,678 [pool-413-thread-1] INFO  server.RaftServerConfigKeys (ConfUtils.java:logGet(43)) - raft.server.sleep.deviation.threshold = 300 (default)
2019-10-04 13:07:34,678 [pool-403-thread-1] INFO  impl.RaftServerImpl (ServerState.java:<init>(103)) - 4c53f4bb-0fdc-44b1-8217-26d46fcca4ea@group-6F089FBF2C49: ConfigurationManager, init=-1: [4c53f4bb-0fdc-44b1-8217-26d46fcca4ea:192.168.30.24:37258, 87034fde-e441-4e00-ad01-556b8fb0c48f:192.168.30.24:33067, 8c5bbc8d-79dc-4324-8a2f-ee0acfcb7d33:192.168.30.24:34867], old=null, confs=<EMPTY_MAP>
2019-10-04 13:07:34,678 [pool-413-thread-1] INFO  server.RaftServerConfigKeys (ConfUtils.java:logGet(43)) - raft.server.log.appender.install.snapshot.enabled = false (custom)
2019-10-04 13:07:34,678 [pool-403-thread-1] INFO  server.RaftServerConfigKeys (ConfUtils.java:logGet(43)) - raft.server.storage.dir = [/workdir/hadoop-ozone/integration-test/target/test-dir/MiniOzoneClusterImpl-91ba6091-3cbe-48fc-8e8d-05e77847d09f/datanode-2/data/ratis] (custom)
2019-10-04 13:07:34,678 [pool-413-thread-1] INFO  impl.RaftServerImpl (ServerState.java:<init>(103)) - 87034fde-e441-4e00-ad01-556b8fb0c48f@group-6F089FBF2C49: ConfigurationManager, init=-1: [4c53f4bb-0fdc-44b1-8217-26d46fcca4ea:192.168.30.24:37258, 87034fde-e441-4e00-ad01-556b8fb0c48f:192.168.30.24:33067, 8c5bbc8d-79dc-4324-8a2f-ee0acfcb7d33:192.168.30.24:34867], old=null, confs=<EMPTY_MAP>
2019-10-04 13:07:34,678 [pool-413-thread-1] INFO  server.RaftServerConfigKeys (ConfUtils.java:logGet(43)) - raft.server.storage.dir = [/workdir/hadoop-ozone/integration-test/target/test-dir/MiniOzoneClusterImpl-91ba6091-3cbe-48fc-8e8d-05e77847d09f/datanode-3/data/ratis] (custom)
2019-10-04 13:07:34,678 [pool-403-thread-1] INFO  server.RaftServerConfigKeys (ConfUtils.java:logGet(43)) - raft.server.log.corruption.policy = EXCEPTION (default)
2019-10-04 13:07:34,679 [pool-413-thread-1] INFO  server.RaftServerConfigKeys (ConfUtils.java:logGet(43)) - raft.server.log.corruption.policy = EXCEPTION (default)
2019-10-04 13:07:34,679 [pool-403-thread-1] INFO  storage.RaftStorageDirectory (RaftStorageDirectory.java:analyzeStorage(246)) - The storage directory /workdir/hadoop-ozone/integration-test/target/test-dir/MiniOzoneClusterImpl-91ba6091-3cbe-48fc-8e8d-05e77847d09f/datanode-2/data/ratis/a19535d7-73d3-4de4-9068-6f089fbf2c49 does not exist. Creating ...
2019-10-04 13:07:34,679 [pool-413-thread-1] INFO  storage.RaftStorageDirectory (RaftStorageDirectory.java:analyzeStorage(246)) - The storage directory /workdir/hadoop-ozone/integration-test/target/test-dir/MiniOzoneClusterImpl-91ba6091-3cbe-48fc-8e8d-05e77847d09f/datanode-3/data/ratis/a19535d7-73d3-4de4-9068-6f089fbf2c49 does not exist. Creating ...
2019-10-04 13:07:34,708 [pool-403-thread-1] INFO  storage.RaftStorageDirectory (RaftStorageDirectory.java:tryLock(328)) - Lock on /workdir/hadoop-ozone/integration-test/target/test-dir/MiniOzoneClusterImpl-91ba6091-3cbe-48fc-8e8d-05e77847d09f/datanode-2/data/ratis/a19535d7-73d3-4de4-9068-6f089fbf2c49/in_use.lock acquired by nodename 8281@pr-hdds-2222-6g2n6-3934316592
2019-10-04 13:07:34,708 [pool-393-thread-1] INFO  storage.RaftStorageDirectory (RaftStorageDirectory.java:tryLock(328)) - Lock on /workdir/hadoop-ozone/integration-test/target/test-dir/MiniOzoneClusterImpl-91ba6091-3cbe-48fc-8e8d-05e77847d09f/datanode-1/data/ratis/a19535d7-73d3-4de4-9068-6f089fbf2c49/in_use.lock acquired by nodename 8281@pr-hdds-2222-6g2n6-3934316592
2019-10-04 13:07:34,708 [pool-413-thread-1] INFO  storage.RaftStorageDirectory (RaftStorageDirectory.java:tryLock(328)) - Lock on /workdir/hadoop-ozone/integration-test/target/test-dir/MiniOzoneClusterImpl-91ba6091-3cbe-48fc-8e8d-05e77847d09f/datanode-3/data/ratis/a19535d7-73d3-4de4-9068-6f089fbf2c49/in_use.lock acquired by nodename 8281@pr-hdds-2222-6g2n6-3934316592
2019-10-04 13:07:34,734 [pool-413-thread-1] INFO  storage.RaftStorage (RaftStorage.java:format(84)) - Storage directory /workdir/hadoop-ozone/integration-test/target/test-dir/MiniOzoneClusterImpl-91ba6091-3cbe-48fc-8e8d-05e77847d09f/datanode-3/data/ratis/a19535d7-73d3-4de4-9068-6f089fbf2c49 has been successfully formatted.
2019-10-04 13:07:34,734 [pool-393-thread-1] INFO  storage.RaftStorage (RaftStorage.java:format(84)) - Storage directory /workdir/hadoop-ozone/integration-test/target/test-dir/MiniOzoneClusterImpl-91ba6091-3cbe-48fc-8e8d-05e77847d09f/datanode-1/data/ratis/a19535d7-73d3-4de4-9068-6f089fbf2c49 has been successfully formatted.
2019-10-04 13:07:34,734 [pool-413-thread-1] INFO  ratis.ContainerStateMachine (ContainerStateMachine.java:loadSnapshot(230)) - group-6F089FBF2C49: The snapshot info is null. Setting the last applied indexto:(t:0, i:~)
2019-10-04 13:07:34,734 [pool-403-thread-1] INFO  storage.RaftStorage (RaftStorage.java:format(84)) - Storage directory /workdir/hadoop-ozone/integration-test/target/test-dir/MiniOzoneClusterImpl-91ba6091-3cbe-48fc-8e8d-05e77847d09f/datanode-2/data/ratis/a19535d7-73d3-4de4-9068-6f089fbf2c49 has been successfully formatted.
2019-10-04 13:07:34,734 [pool-393-thread-1] INFO  ratis.ContainerStateMachine (ContainerStateMachine.java:loadSnapshot(230)) - group-6F089FBF2C49: The snapshot info is null. Setting the last applied indexto:(t:0, i:~)
2019-10-04 13:07:34,734 [pool-413-thread-1] INFO  server.RaftServerConfigKeys (ConfUtils.java:logGet(43)) - raft.server.notification.no-leader.timeout = 120s (custom)
2019-10-04 13:07:34,735 [pool-393-thread-1] INFO  server.RaftServerConfigKeys (ConfUtils.java:logGet(43)) - raft.server.notification.no-leader.timeout = 120s (custom)
2019-10-04 13:07:34,734 [pool-403-thread-1] INFO  ratis.ContainerStateMachine (ContainerStateMachine.java:loadSnapshot(230)) - group-6F089FBF2C49: The snapshot info is null. Setting the last applied indexto:(t:0, i:~)
2019-10-04 13:07:34,735 [pool-393-thread-1] INFO  server.RaftServerConfigKeys (ConfUtils.java:logGet(43)) - raft.server.log.use.memory = false (default)
2019-10-04 13:07:34,735 [pool-413-thread-1] INFO  server.RaftServerConfigKeys (ConfUtils.java:logGet(43)) - raft.server.log.use.memory = false (default)
2019-10-04 13:07:34,735 [pool-393-thread-1] INFO  server.RaftServerConfigKeys (ConfUtils.java:logGet(43)) - raft.server.log.purge.gap = 1000000 (custom)
2019-10-04 13:07:34,735 [pool-403-thread-1] INFO  server.RaftServerConfigKeys (ConfUtils.java:logGet(43)) - raft.server.notification.no-leader.timeout = 120s (custom)
2019-10-04 13:07:34,735 [pool-393-thread-1] INFO  server.RaftServerConfigKeys (ConfUtils.java:logGet(43)) - raft.server.log.appender.buffer.byte-limit = 33554432 (custom)
2019-10-04 13:07:34,735 [pool-413-thread-1] INFO  server.RaftServerConfigKeys (ConfUtils.java:logGet(43)) - raft.server.log.purge.gap = 1000000 (custom)
2019-10-04 13:07:34,736 [pool-393-thread-1] INFO  server.RaftServerConfigKeys (ConfUtils.java:logGet(43)) - raft.server.log.segment.size.max = 1048576 (custom)
2019-10-04 13:07:34,735 [pool-403-thread-1] INFO  server.RaftServerConfigKeys (ConfUtils.java:logGet(43)) - raft.server.log.use.memory = false (default)
2019-10-04 13:07:34,736 [pool-393-thread-1] INFO  server.RaftServerConfigKeys (ConfUtils.java:logGet(43)) - raft.server.log.segment.cache.num.max = 2 (custom)
2019-10-04 13:07:34,736 [pool-413-thread-1] INFO  server.RaftServerConfigKeys (ConfUtils.java:logGet(43)) - raft.server.log.appender.buffer.byte-limit = 33554432 (custom)
2019-10-04 13:07:34,736 [pool-393-thread-1] INFO  segmented.SegmentedRaftLogWorker (SegmentedRaftLogWorker.java:<init>(173)) - new 8c5bbc8d-79dc-4324-8a2f-ee0acfcb7d33@group-6F089FBF2C49-SegmentedRaftLogWorker for RaftStorage:Storage Directory /workdir/hadoop-ozone/integration-test/target/test-dir/MiniOzoneClusterImpl-91ba6091-3cbe-48fc-8e8d-05e77847d09f/datanode-1/data/ratis/a19535d7-73d3-4de4-9068-6f089fbf2c49
2019-10-04 13:07:34,736 [pool-403-thread-1] INFO  server.RaftServerConfigKeys (ConfUtils.java:logGet(43)) - raft.server.log.purge.gap = 1000000 (custom)
2019-10-04 13:07:34,736 [pool-393-thread-1] INFO  server.RaftServerConfigKeys (ConfUtils.java:logGet(43)) - raft.server.log.queue.byte-limit = 2147483647 (custom)
2019-10-04 13:07:34,736 [pool-413-thread-1] INFO  server.RaftServerConfigKeys (ConfUtils.java:logGet(43)) - raft.server.log.segment.size.max = 1048576 (custom)
2019-10-04 13:07:34,737 [pool-393-thread-1] INFO  server.RaftServerConfigKeys (ConfUtils.java:logGet(43)) - raft.server.log.queue.element-limit = 1024 (custom)
2019-10-04 13:07:34,736 [pool-403-thread-1] INFO  server.RaftServerConfigKeys (ConfUtils.java:logGet(43)) - raft.server.log.appender.buffer.byte-limit = 33554432 (custom)
2019-10-04 13:07:34,737 [pool-393-thread-1] INFO  server.RaftServerConfigKeys (ConfUtils.java:logGet(43)) - raft.server.log.segment.size.max = 1048576 (custom)
2019-10-04 13:07:34,737 [pool-413-thread-1] INFO  server.RaftServerConfigKeys (ConfUtils.java:logGet(43)) - raft.server.log.segment.cache.num.max = 2 (custom)
2019-10-04 13:07:34,737 [pool-393-thread-1] INFO  server.RaftServerConfigKeys (ConfUtils.java:logGet(43)) - raft.server.log.preallocated.size = 16384 (custom)
2019-10-04 13:07:34,737 [pool-403-thread-1] INFO  server.RaftServerConfigKeys (ConfUtils.java:logGet(43)) - raft.server.log.segment.size.max = 1048576 (custom)
2019-10-04 13:07:34,737 [pool-393-thread-1] INFO  server.RaftServerConfigKeys (ConfUtils.java:logGet(43)) - raft.server.log.write.buffer.size = 33554432 (custom)
2019-10-04 13:07:34,737 [pool-413-thread-1] INFO  segmented.SegmentedRaftLogWorker (SegmentedRaftLogWorker.java:<init>(173)) - new 87034fde-e441-4e00-ad01-556b8fb0c48f@group-6F089FBF2C49-SegmentedRaftLogWorker for RaftStorage:Storage Directory /workdir/hadoop-ozone/integration-test/target/test-dir/MiniOzoneClusterImpl-91ba6091-3cbe-48fc-8e8d-05e77847d09f/datanode-3/data/ratis/a19535d7-73d3-4de4-9068-6f089fbf2c49
2019-10-04 13:07:34,738 [pool-393-thread-1] INFO  server.RaftServerConfigKeys (ConfUtils.java:logGet(43)) - raft.server.log.force.sync.num = 128 (default)
2019-10-04 13:07:34,737 [pool-403-thread-1] INFO  server.RaftServerConfigKeys (ConfUtils.java:logGet(43)) - raft.server.log.segment.cache.num.max = 2 (custom)
2019-10-04 13:07:34,738 [pool-393-thread-1] INFO  server.RaftServerConfigKeys (ConfUtils.java:logGet(43)) - raft.server.log.statemachine.data.sync = true (default)
2019-10-04 13:07:34,738 [pool-413-thread-1] INFO  server.RaftServerConfigKeys (ConfUtils.java:logGet(43)) - raft.server.log.queue.byte-limit = 2147483647 (custom)
2019-10-04 13:07:34,738 [pool-393-thread-1] INFO  server.RaftServerConfigKeys (ConfUtils.java:logGet(43)) - raft.server.log.statemachine.data.sync.timeout = 10s (default)
2019-10-04 13:07:34,738 [pool-403-thread-1] INFO  segmented.SegmentedRaftLogWorker (SegmentedRaftLogWorker.java:<init>(173)) - new 4c53f4bb-0fdc-44b1-8217-26d46fcca4ea@group-6F089FBF2C49-SegmentedRaftLogWorker for RaftStorage:Storage Directory /workdir/hadoop-ozone/integration-test/target/test-dir/MiniOzoneClusterImpl-91ba6091-3cbe-48fc-8e8d-05e77847d09f/datanode-2/data/ratis/a19535d7-73d3-4de4-9068-6f089fbf2c49
2019-10-04 13:07:34,738 [pool-393-thread-1] INFO  server.RaftServerConfigKeys (ConfUtils.java:logGet(43)) - raft.server.log.statemachine.data.sync.timeout.retry = -1 (default)
2019-10-04 13:07:34,738 [pool-413-thread-1] INFO  server.RaftServerConfigKeys (ConfUtils.java:logGet(43)) - raft.server.log.queue.element-limit = 1024 (custom)
2019-10-04 13:07:34,739 [pool-393-thread-1] INFO  server.RaftServerConfigKeys (ConfUtils.java:logGet(43)) - raft.server.log.statemachine.data.caching.enabled = true (custom)
2019-10-04 13:07:34,738 [pool-403-thread-1] INFO  server.RaftServerConfigKeys (ConfUtils.java:logGet(43)) - raft.server.log.queue.byte-limit = 2147483647 (custom)
2019-10-04 13:07:34,739 [pool-413-thread-1] INFO  server.RaftServerConfigKeys (ConfUtils.java:logGet(43)) - raft.server.log.segment.size.max = 1048576 (custom)
2019-10-04 13:07:34,739 [pool-403-thread-1] INFO  server.RaftServerConfigKeys (ConfUtils.java:logGet(43)) - raft.server.log.queue.element-limit = 1024 (custom)
2019-10-04 13:07:34,739 [pool-393-thread-1] INFO  segmented.SegmentedRaftLogWorker (SegmentedRaftLogWorker.java:lambda$new$0(128)) - 8c5bbc8d-79dc-4324-8a2f-ee0acfcb7d33@group-6F089FBF2C49-SegmentedRaftLogWorker: flushIndex: setUnconditionally 0 -> -1
2019-10-04 13:07:34,739 [pool-413-thread-1] INFO  server.RaftServerConfigKeys (ConfUtils.java:logGet(43)) - raft.server.log.preallocated.size = 16384 (custom)
2019-10-04 13:07:34,739 [pool-403-thread-1] INFO  server.RaftServerConfigKeys (ConfUtils.java:logGet(43)) - raft.server.log.segment.size.max = 1048576 (custom)
2019-10-04 13:07:34,739 [pool-413-thread-1] INFO  server.RaftServerConfigKeys (ConfUtils.java:logGet(43)) - raft.server.log.write.buffer.size = 33554432 (custom)
2019-10-04 13:07:34,740 [pool-393-thread-1] INFO  server.RaftServerConfigKeys (ConfUtils.java:logGet(43)) - raft.server.snapshot.auto.trigger.enabled = true (custom)
2019-10-04 13:07:34,739 [pool-403-thread-1] INFO  server.RaftServerConfigKeys (ConfUtils.java:logGet(43)) - raft.server.log.preallocated.size = 16384 (custom)
2019-10-04 13:07:34,740 [pool-393-thread-1] INFO  server.RaftServerConfigKeys (ConfUtils.java:logGet(43)) - raft.server.snapshot.auto.trigger.threshold = 10000 (custom)
2019-10-04 13:07:34,740 [pool-413-thread-1] INFO  server.RaftServerConfigKeys (ConfUtils.java:logGet(43)) - raft.server.log.force.sync.num = 128 (default)
2019-10-04 13:07:34,740 [pool-393-thread-1] INFO  server.RaftServerConfigKeys (ConfUtils.java:logGet(43)) - raft.server.snapshot.retention.file.num = 5 (custom)
2019-10-04 13:07:34,740 [pool-403-thread-1] INFO  server.RaftServerConfigKeys (ConfUtils.java:logGet(43)) - raft.server.log.write.buffer.size = 33554432 (custom)
2019-10-04 13:07:34,740 [pool-393-thread-1] INFO  server.RaftServerConfigKeys (ConfUtils.java:logGet(43)) - raft.server.retrycache.expirytime = 600000ms (custom)
2019-10-04 13:07:34,740 [pool-413-thread-1] INFO  server.RaftServerConfigKeys (ConfUtils.java:logGet(43)) - raft.server.log.statemachine.data.sync = true (default)
2019-10-04 13:07:34,740 [pool-403-thread-1] INFO  server.RaftServerConfigKeys (ConfUtils.java:logGet(43)) - raft.server.log.force.sync.num = 128 (default)
2019-10-04 13:07:34,741 [pool-413-thread-1] INFO  server.RaftServerConfigKeys (ConfUtils.java:logGet(43)) - raft.server.log.statemachine.data.sync.timeout = 10s (default)
2019-10-04 13:07:34,741 [pool-403-thread-1] INFO  server.RaftServerConfigKeys (ConfUtils.java:logGet(43)) - raft.server.log.statemachine.data.sync = true (default)
2019-10-04 13:07:34,741 [pool-413-thread-1] INFO  server.RaftServerConfigKeys (ConfUtils.java:logGet(43)) - raft.server.log.statemachine.data.sync.timeout.retry = -1 (default)
2019-10-04 13:07:34,741 [pool-403-thread-1] INFO  server.RaftServerConfigKeys (ConfUtils.java:logGet(43)) - raft.server.log.statemachine.data.sync.timeout = 10s (default)
2019-10-04 13:07:34,741 [pool-403-thread-1] INFO  server.RaftServerConfigKeys (ConfUtils.java:logGet(43)) - raft.server.log.statemachine.data.sync.timeout.retry = -1 (default)
2019-10-04 13:07:34,741 [pool-413-thread-1] INFO  server.RaftServerConfigKeys (ConfUtils.java:logGet(43)) - raft.server.log.statemachine.data.caching.enabled = true (custom)
2019-10-04 13:07:34,741 [pool-403-thread-1] INFO  server.RaftServerConfigKeys (ConfUtils.java:logGet(43)) - raft.server.log.statemachine.data.caching.enabled = true (custom)
2019-10-04 13:07:34,741 [pool-413-thread-1] INFO  segmented.SegmentedRaftLogWorker (SegmentedRaftLogWorker.java:lambda$new$0(128)) - 87034fde-e441-4e00-ad01-556b8fb0c48f@group-6F089FBF2C49-SegmentedRaftLogWorker: flushIndex: setUnconditionally 0 -> -1
2019-10-04 13:07:34,741 [pool-403-thread-1] INFO  segmented.SegmentedRaftLogWorker (SegmentedRaftLogWorker.java:lambda$new$0(128)) - 4c53f4bb-0fdc-44b1-8217-26d46fcca4ea@group-6F089FBF2C49-SegmentedRaftLogWorker: flushIndex: setUnconditionally 0 -> -1
2019-10-04 13:07:34,742 [pool-413-thread-1] INFO  server.RaftServerConfigKeys (ConfUtils.java:logGet(43)) - raft.server.snapshot.auto.trigger.enabled = true (custom)
2019-10-04 13:07:34,742 [pool-403-thread-1] INFO  server.RaftServerConfigKeys (ConfUtils.java:logGet(43)) - raft.server.snapshot.auto.trigger.enabled = true (custom)
2019-10-04 13:07:34,742 [pool-413-thread-1] INFO  server.RaftServerConfigKeys (ConfUtils.java:logGet(43)) - raft.server.snapshot.auto.trigger.threshold = 10000 (custom)
2019-10-04 13:07:34,742 [pool-403-thread-1] INFO  server.RaftServerConfigKeys (ConfUtils.java:logGet(43)) - raft.server.snapshot.auto.trigger.threshold = 10000 (custom)
2019-10-04 13:07:34,742 [pool-413-thread-1] INFO  server.RaftServerConfigKeys (ConfUtils.java:logGet(43)) - raft.server.snapshot.retention.file.num = 5 (custom)
2019-10-04 13:07:34,742 [pool-403-thread-1] INFO  server.RaftServerConfigKeys (ConfUtils.java:logGet(43)) - raft.server.snapshot.retention.file.num = 5 (custom)
2019-10-04 13:07:34,742 [pool-413-thread-1] INFO  server.RaftServerConfigKeys (ConfUtils.java:logGet(43)) - raft.server.retrycache.expirytime = 600000ms (custom)
2019-10-04 13:07:34,742 [pool-403-thread-1] INFO  server.RaftServerConfigKeys (ConfUtils.java:logGet(43)) - raft.server.retrycache.expirytime = 600000ms (custom)
2019-10-04 13:07:34,742 [pool-393-thread-1] INFO  impl.RaftServerImpl (RaftServerImpl.java:start(181)) - 8c5bbc8d-79dc-4324-8a2f-ee0acfcb7d33@group-6F089FBF2C49: start as a follower, conf=-1: [4c53f4bb-0fdc-44b1-8217-26d46fcca4ea:192.168.30.24:37258, 87034fde-e441-4e00-ad01-556b8fb0c48f:192.168.30.24:33067, 8c5bbc8d-79dc-4324-8a2f-ee0acfcb7d33:192.168.30.24:34867], old=null
2019-10-04 13:07:34,743 [pool-393-thread-1] INFO  impl.RaftServerImpl (RaftServerImpl.java:setRole(170)) - 8c5bbc8d-79dc-4324-8a2f-ee0acfcb7d33@group-6F089FBF2C49: changes role from      null to FOLLOWER at term 0 for startAsFollower
2019-10-04 13:07:34,743 [pool-393-thread-1] INFO  impl.RoleInfo (RoleInfo.java:updateAndGet(143)) - 8c5bbc8d-79dc-4324-8a2f-ee0acfcb7d33: start FollowerState
2019-10-04 13:07:34,743 [pool-393-thread-1] INFO  util.JmxRegister (JmxRegister.java:tryRegister(44)) - Successfully registered JMX Bean with object name Ratis:service=RaftServer,group=group-6F089FBF2C49,id=8c5bbc8d-79dc-4324-8a2f-ee0acfcb7d33
2019-10-04 13:07:34,746 [pool-413-thread-1] INFO  impl.RaftServerImpl (RaftServerImpl.java:start(181)) - 87034fde-e441-4e00-ad01-556b8fb0c48f@group-6F089FBF2C49: start as a follower, conf=-1: [4c53f4bb-0fdc-44b1-8217-26d46fcca4ea:192.168.30.24:37258, 87034fde-e441-4e00-ad01-556b8fb0c48f:192.168.30.24:33067, 8c5bbc8d-79dc-4324-8a2f-ee0acfcb7d33:192.168.30.24:34867], old=null
2019-10-04 13:07:34,746 [pool-413-thread-1] INFO  impl.RaftServerImpl (RaftServerImpl.java:setRole(170)) - 87034fde-e441-4e00-ad01-556b8fb0c48f@group-6F089FBF2C49: changes role from      null to FOLLOWER at term 0 for startAsFollower
2019-10-04 13:07:34,746 [pool-413-thread-1] INFO  impl.RoleInfo (RoleInfo.java:updateAndGet(143)) - 87034fde-e441-4e00-ad01-556b8fb0c48f: start FollowerState
2019-10-04 13:07:34,746 [pool-403-thread-1] INFO  impl.RaftServerImpl (RaftServerImpl.java:start(181)) - 4c53f4bb-0fdc-44b1-8217-26d46fcca4ea@group-6F089FBF2C49: start as a follower, conf=-1: [4c53f4bb-0fdc-44b1-8217-26d46fcca4ea:192.168.30.24:37258, 87034fde-e441-4e00-ad01-556b8fb0c48f:192.168.30.24:33067, 8c5bbc8d-79dc-4324-8a2f-ee0acfcb7d33:192.168.30.24:34867], old=null
2019-10-04 13:07:34,746 [pool-403-thread-1] INFO  impl.RaftServerImpl (RaftServerImpl.java:setRole(170)) - 4c53f4bb-0fdc-44b1-8217-26d46fcca4ea@group-6F089FBF2C49: changes role from      null to FOLLOWER at term 0 for startAsFollower
2019-10-04 13:07:34,746 [pool-403-thread-1] INFO  impl.RoleInfo (RoleInfo.java:updateAndGet(143)) - 4c53f4bb-0fdc-44b1-8217-26d46fcca4ea: start FollowerState
2019-10-04 13:07:34,746 [pool-413-thread-1] INFO  util.JmxRegister (JmxRegister.java:tryRegister(44)) - Successfully registered JMX Bean with object name Ratis:service=RaftServer,group=group-6F089FBF2C49,id=87034fde-e441-4e00-ad01-556b8fb0c48f
2019-10-04 13:07:34,747 [pool-403-thread-1] INFO  util.JmxRegister (JmxRegister.java:tryRegister(44)) - Successfully registered JMX Bean with object name Ratis:service=RaftServer,group=group-6F089FBF2C49,id=4c53f4bb-0fdc-44b1-8217-26d46fcca4ea
2019-10-04 13:07:34,751 [RatisPipelineUtilsThread] INFO  pipeline.PipelineStateManager (PipelineStateManager.java:addPipeline(56)) - Created pipeline Pipeline[ Id: a19535d7-73d3-4de4-9068-6f089fbf2c49, Nodes: 4c53f4bb-0fdc-44b1-8217-26d46fcca4ea{ip: 192.168.30.24, host: pr-hdds-2222-6g2n6-3934316592, networkLocation: /default-rack, certSerialId: null}8c5bbc8d-79dc-4324-8a2f-ee0acfcb7d33{ip: 192.168.30.24, host: pr-hdds-2222-6g2n6-3934316592, networkLocation: /default-rack, certSerialId: null}87034fde-e441-4e00-ad01-556b8fb0c48f{ip: 192.168.30.24, host: pr-hdds-2222-6g2n6-3934316592, networkLocation: /default-rack, certSerialId: null}, Type:RATIS, Factor:THREE, State:OPEN]
2019-10-04 13:07:34,789 [grpc-default-executor-7] INFO  impl.RaftServerProxy (RaftServerProxy.java:addNew(89)) - 3a18efbb-92ed-4521-adfc-fb8c3c6cad1e: addNew group-F3CBBF67F2AB:[5105b714-6aee-461c-8a97-76089af993f8:192.168.30.24:39313, 3a18efbb-92ed-4521-adfc-fb8c3c6cad1e:192.168.30.24:36369, d135e99c-36d8-4993-81a3-a2d90e7ef70b:192.168.30.24:46046] returns group-F3CBBF67F2AB:java.util.concurrent.CompletableFuture@52bbc1c2[Not completed]
2019-10-04 13:07:34,789 [grpc-default-executor-9] INFO  impl.RaftServerProxy (RaftServerProxy.java:addNew(89)) - d135e99c-36d8-4993-81a3-a2d90e7ef70b: addNew group-F3CBBF67F2AB:[5105b714-6aee-461c-8a97-76089af993f8:192.168.30.24:39313, 3a18efbb-92ed-4521-adfc-fb8c3c6cad1e:192.168.30.24:36369, d135e99c-36d8-4993-81a3-a2d90e7ef70b:192.168.30.24:46046] returns group-F3CBBF67F2AB:java.util.concurrent.CompletableFuture@556d328a[Not completed]
2019-10-04 13:07:34,789 [grpc-default-executor-5] INFO  impl.RaftServerProxy (RaftServerProxy.java:addNew(89)) - 5105b714-6aee-461c-8a97-76089af993f8: addNew group-F3CBBF67F2AB:[5105b714-6aee-461c-8a97-76089af993f8:192.168.30.24:39313, 3a18efbb-92ed-4521-adfc-fb8c3c6cad1e:192.168.30.24:36369, d135e99c-36d8-4993-81a3-a2d90e7ef70b:192.168.30.24:46046] returns group-F3CBBF67F2AB:java.util.concurrent.CompletableFuture@6597d4d4[Not completed]
2019-10-04 13:07:34,793 [pool-443-thread-1] INFO  impl.RaftServerImpl (RaftServerImpl.java:<init>(95)) - d135e99c-36d8-4993-81a3-a2d90e7ef70b: new RaftServerImpl for group-F3CBBF67F2AB:[5105b714-6aee-461c-8a97-76089af993f8:192.168.30.24:39313, 3a18efbb-92ed-4521-adfc-fb8c3c6cad1e:192.168.30.24:36369, d135e99c-36d8-4993-81a3-a2d90e7ef70b:192.168.30.24:46046] with ContainerStateMachine:uninitialized
2019-10-04 13:07:34,793 [pool-443-thread-1] INFO  server.RaftServerConfigKeys (ConfUtils.java:logGet(43)) - raft.server.rpc.timeout.min = 5s (custom)
2019-10-04 13:07:34,793 [pool-443-thread-1] INFO  server.RaftServerConfigKeys (ConfUtils.java:logGet(43)) - raft.server.rpc.timeout.max = 5200ms (custom)
2019-10-04 13:07:34,794 [pool-443-thread-1] INFO  server.RaftServerConfigKeys (ConfUtils.java:logGet(43)) - raft.server.rpcslowness.timeout = 120s (custom)
2019-10-04 13:07:34,794 [pool-443-thread-1] INFO  server.RaftServerConfigKeys (ConfUtils.java:logGet(43)) - raft.server.sleep.deviation.threshold = 300 (default)
2019-10-04 13:07:34,794 [pool-443-thread-1] INFO  server.RaftServerConfigKeys (ConfUtils.java:logGet(43)) - raft.server.log.appender.install.snapshot.enabled = false (custom)
2019-10-04 13:07:34,794 [pool-443-thread-1] INFO  impl.RaftServerImpl (ServerState.java:<init>(103)) - d135e99c-36d8-4993-81a3-a2d90e7ef70b@group-F3CBBF67F2AB: ConfigurationManager, init=-1: [5105b714-6aee-461c-8a97-76089af993f8:192.168.30.24:39313, 3a18efbb-92ed-4521-adfc-fb8c3c6cad1e:192.168.30.24:36369, d135e99c-36d8-4993-81a3-a2d90e7ef70b:192.168.30.24:46046], old=null, confs=<EMPTY_MAP>
2019-10-04 13:07:34,794 [pool-433-thread-1] INFO  impl.RaftServerImpl (RaftServerImpl.java:<init>(95)) - 5105b714-6aee-461c-8a97-76089af993f8: new RaftServerImpl for group-F3CBBF67F2AB:[5105b714-6aee-461c-8a97-76089af993f8:192.168.30.24:39313, 3a18efbb-92ed-4521-adfc-fb8c3c6cad1e:192.168.30.24:36369, d135e99c-36d8-4993-81a3-a2d90e7ef70b:192.168.30.24:46046] with ContainerStateMachine:uninitialized
2019-10-04 13:07:34,794 [pool-443-thread-1] INFO  server.RaftServerConfigKeys (ConfUtils.java:logGet(43)) - raft.server.storage.dir = [/workdir/hadoop-ozone/integration-test/target/test-dir/MiniOzoneClusterImpl-91ba6091-3cbe-48fc-8e8d-05e77847d09f/datanode-6/data/ratis] (custom)
2019-10-04 13:07:34,794 [pool-433-thread-1] INFO  server.RaftServerConfigKeys (ConfUtils.java:logGet(43)) - raft.server.rpc.timeout.min = 5s (custom)
2019-10-04 13:07:34,794 [pool-433-thread-1] INFO  server.RaftServerConfigKeys (ConfUtils.java:logGet(43)) - raft.server.rpc.timeout.max = 5200ms (custom)
2019-10-04 13:07:34,794 [pool-423-thread-1] INFO  impl.RaftServerImpl (RaftServerImpl.java:<init>(95)) - 3a18efbb-92ed-4521-adfc-fb8c3c6cad1e: new RaftServerImpl for group-F3CBBF67F2AB:[5105b714-6aee-461c-8a97-76089af993f8:192.168.30.24:39313, 3a18efbb-92ed-4521-adfc-fb8c3c6cad1e:192.168.30.24:36369, d135e99c-36d8-4993-81a3-a2d90e7ef70b:192.168.30.24:46046] with ContainerStateMachine:uninitialized
2019-10-04 13:07:34,794 [pool-443-thread-1] INFO  server.RaftServerConfigKeys (ConfUtils.java:logGet(43)) - raft.server.log.corruption.policy = EXCEPTION (default)
2019-10-04 13:07:34,795 [pool-423-thread-1] INFO  server.RaftServerConfigKeys (ConfUtils.java:logGet(43)) - raft.server.rpc.timeout.min = 5s (custom)
2019-10-04 13:07:34,794 [pool-433-thread-1] INFO  server.RaftServerConfigKeys (ConfUtils.java:logGet(43)) - raft.server.rpcslowness.timeout = 120s (custom)
2019-10-04 13:07:34,795 [pool-423-thread-1] INFO  server.RaftServerConfigKeys (ConfUtils.java:logGet(43)) - raft.server.rpc.timeout.max = 5200ms (custom)
2019-10-04 13:07:34,795 [pool-443-thread-1] INFO  storage.RaftStorageDirectory (RaftStorageDirectory.java:analyzeStorage(246)) - The storage directory /workdir/hadoop-ozone/integration-test/target/test-dir/MiniOzoneClusterImpl-91ba6091-3cbe-48fc-8e8d-05e77847d09f/datanode-6/data/ratis/d1a252c9-530c-4ac5-860d-f3cbbf67f2ab does not exist. Creating ...
2019-10-04 13:07:34,795 [pool-423-thread-1] INFO  server.RaftServerConfigKeys (ConfUtils.java:logGet(43)) - raft.server.rpcslowness.timeout = 120s (custom)
2019-10-04 13:07:34,795 [pool-433-thread-1] INFO  server.RaftServerConfigKeys (ConfUtils.java:logGet(43)) - raft.server.sleep.deviation.threshold = 300 (default)
2019-10-04 13:07:34,795 [pool-423-thread-1] INFO  server.RaftServerConfigKeys (ConfUtils.java:logGet(43)) - raft.server.sleep.deviation.threshold = 300 (default)
2019-10-04 13:07:34,795 [pool-433-thread-1] INFO  server.RaftServerConfigKeys (ConfUtils.java:logGet(43)) - raft.server.log.appender.install.snapshot.enabled = false (custom)
2019-10-04 13:07:34,795 [pool-423-thread-1] INFO  server.RaftServerConfigKeys (ConfUtils.java:logGet(43)) - raft.server.log.appender.install.snapshot.enabled = false (custom)
2019-10-04 13:07:34,796 [pool-433-thread-1] INFO  impl.RaftServerImpl (ServerState.java:<init>(103)) - 5105b714-6aee-461c-8a97-76089af993f8@group-F3CBBF67F2AB: ConfigurationManager, init=-1: [5105b714-6aee-461c-8a97-76089af993f8:192.168.30.24:39313, 3a18efbb-92ed-4521-adfc-fb8c3c6cad1e:192.168.30.24:36369, d135e99c-36d8-4993-81a3-a2d90e7ef70b:192.168.30.24:46046], old=null, confs=<EMPTY_MAP>
2019-10-04 13:07:34,796 [pool-423-thread-1] INFO  impl.RaftServerImpl (ServerState.java:<init>(103)) - 3a18efbb-92ed-4521-adfc-fb8c3c6cad1e@group-F3CBBF67F2AB: ConfigurationManager, init=-1: [5105b714-6aee-461c-8a97-76089af993f8:192.168.30.24:39313, 3a18efbb-92ed-4521-adfc-fb8c3c6cad1e:192.168.30.24:36369, d135e99c-36d8-4993-81a3-a2d90e7ef70b:192.168.30.24:46046], old=null, confs=<EMPTY_MAP>
2019-10-04 13:07:34,796 [pool-433-thread-1] INFO  server.RaftServerConfigKeys (ConfUtils.java:logGet(43)) - raft.server.storage.dir = [/workdir/hadoop-ozone/integration-test/target/test-dir/MiniOzoneClusterImpl-91ba6091-3cbe-48fc-8e8d-05e77847d09f/datanode-5/data/ratis] (custom)
2019-10-04 13:07:34,796 [pool-423-thread-1] INFO  server.RaftServerConfigKeys (ConfUtils.java:logGet(43)) - raft.server.storage.dir = [/workdir/hadoop-ozone/integration-test/target/test-dir/MiniOzoneClusterImpl-91ba6091-3cbe-48fc-8e8d-05e77847d09f/datanode-4/data/ratis] (custom)
2019-10-04 13:07:34,796 [pool-433-thread-1] INFO  server.RaftServerConfigKeys (ConfUtils.java:logGet(43)) - raft.server.log.corruption.policy = EXCEPTION (default)
2019-10-04 13:07:34,796 [pool-423-thread-1] INFO  server.RaftServerConfigKeys (ConfUtils.java:logGet(43)) - raft.server.log.corruption.policy = EXCEPTION (default)
2019-10-04 13:07:34,796 [pool-433-thread-1] INFO  storage.RaftStorageDirectory (RaftStorageDirectory.java:analyzeStorage(246)) - The storage directory /workdir/hadoop-ozone/integration-test/target/test-dir/MiniOzoneClusterImpl-91ba6091-3cbe-48fc-8e8d-05e77847d09f/datanode-5/data/ratis/d1a252c9-530c-4ac5-860d-f3cbbf67f2ab does not exist. Creating ...
2019-10-04 13:07:34,796 [pool-423-thread-1] INFO  storage.RaftStorageDirectory (RaftStorageDirectory.java:analyzeStorage(246)) - The storage directory /workdir/hadoop-ozone/integration-test/target/test-dir/MiniOzoneClusterImpl-91ba6091-3cbe-48fc-8e8d-05e77847d09f/datanode-4/data/ratis/d1a252c9-530c-4ac5-860d-f3cbbf67f2ab does not exist. Creating ...
2019-10-04 13:07:34,810 [pool-433-thread-1] INFO  storage.RaftStorageDirectory (RaftStorageDirectory.java:tryLock(328)) - Lock on /workdir/hadoop-ozone/integration-test/target/test-dir/MiniOzoneClusterImpl-91ba6091-3cbe-48fc-8e8d-05e77847d09f/datanode-5/data/ratis/d1a252c9-530c-4ac5-860d-f3cbbf67f2ab/in_use.lock acquired by nodename 8281@pr-hdds-2222-6g2n6-3934316592
2019-10-04 13:07:34,810 [pool-423-thread-1] INFO  storage.RaftStorageDirectory (RaftStorageDirectory.java:tryLock(328)) - Lock on /workdir/hadoop-ozone/integration-test/target/test-dir/MiniOzoneClusterImpl-91ba6091-3cbe-48fc-8e8d-05e77847d09f/datanode-4/data/ratis/d1a252c9-530c-4ac5-860d-f3cbbf67f2ab/in_use.lock acquired by nodename 8281@pr-hdds-2222-6g2n6-3934316592
2019-10-04 13:07:34,810 [pool-443-thread-1] INFO  storage.RaftStorageDirectory (RaftStorageDirectory.java:tryLock(328)) - Lock on /workdir/hadoop-ozone/integration-test/target/test-dir/MiniOzoneClusterImpl-91ba6091-3cbe-48fc-8e8d-05e77847d09f/datanode-6/data/ratis/d1a252c9-530c-4ac5-860d-f3cbbf67f2ab/in_use.lock acquired by nodename 8281@pr-hdds-2222-6g2n6-3934316592
2019-10-04 13:07:34,833 [pool-443-thread-1] INFO  storage.RaftStorage (RaftStorage.java:format(84)) - Storage directory /workdir/hadoop-ozone/integration-test/target/test-dir/MiniOzoneClusterImpl-91ba6091-3cbe-48fc-8e8d-05e77847d09f/datanode-6/data/ratis/d1a252c9-530c-4ac5-860d-f3cbbf67f2ab has been successfully formatted.
2019-10-04 13:07:34,833 [pool-423-thread-1] INFO  storage.RaftStorage (RaftStorage.java:format(84)) - Storage directory /workdir/hadoop-ozone/integration-test/target/test-dir/MiniOzoneClusterImpl-91ba6091-3cbe-48fc-8e8d-05e77847d09f/datanode-4/data/ratis/d1a252c9-530c-4ac5-860d-f3cbbf67f2ab has been successfully formatted.
2019-10-04 13:07:34,833 [pool-433-thread-1] INFO  storage.RaftStorage (RaftStorage.java:format(84)) - Storage directory /workdir/hadoop-ozone/integration-test/target/test-dir/MiniOzoneClusterImpl-91ba6091-3cbe-48fc-8e8d-05e77847d09f/datanode-5/data/ratis/d1a252c9-530c-4ac5-860d-f3cbbf67f2ab has been successfully formatted.
2019-10-04 13:07:34,833 [pool-443-thread-1] INFO  ratis.ContainerStateMachine (ContainerStateMachine.java:loadSnapshot(230)) - group-F3CBBF67F2AB: The snapshot info is null. Setting the last applied indexto:(t:0, i:~)
2019-10-04 13:07:34,834 [pool-433-thread-1] INFO  ratis.ContainerStateMachine (ContainerStateMachine.java:loadSnapshot(230)) - group-F3CBBF67F2AB: The snapshot info is null. Setting the last applied indexto:(t:0, i:~)
2019-10-04 13:07:34,834 [pool-423-thread-1] INFO  ratis.ContainerStateMachine (ContainerStateMachine.java:loadSnapshot(230)) - group-F3CBBF67F2AB: The snapshot info is null. Setting the last applied indexto:(t:0, i:~)
2019-10-04 13:07:34,834 [pool-433-thread-1] INFO  server.RaftServerConfigKeys (ConfUtils.java:logGet(43)) - raft.server.notification.no-leader.timeout = 120s (custom)
2019-10-04 13:07:34,834 [pool-443-thread-1] INFO  server.RaftServerConfigKeys (ConfUtils.java:logGet(43)) - raft.server.notification.no-leader.timeout = 120s (custom)
2019-10-04 13:07:34,834 [pool-433-thread-1] INFO  server.RaftServerConfigKeys (ConfUtils.java:logGet(43)) - raft.server.log.use.memory = false (default)
2019-10-04 13:07:34,834 [pool-423-thread-1] INFO  server.RaftServerConfigKeys (ConfUtils.java:logGet(43)) - raft.server.notification.no-leader.timeout = 120s (custom)
2019-10-04 13:07:34,834 [pool-433-thread-1] INFO  server.RaftServerConfigKeys (ConfUtils.java:logGet(43)) - raft.server.log.purge.gap = 1000000 (custom)
2019-10-04 13:07:34,834 [pool-443-thread-1] INFO  server.RaftServerConfigKeys (ConfUtils.java:logGet(43)) - raft.server.log.use.memory = false (default)
2019-10-04 13:07:34,834 [pool-433-thread-1] INFO  server.RaftServerConfigKeys (ConfUtils.java:logGet(43)) - raft.server.log.appender.buffer.byte-limit = 33554432 (custom)
2019-10-04 13:07:34,834 [pool-423-thread-1] INFO  server.RaftServerConfigKeys (ConfUtils.java:logGet(43)) - raft.server.log.use.memory = false (default)
2019-10-04 13:07:34,835 [pool-433-thread-1] INFO  server.RaftServerConfigKeys (ConfUtils.java:logGet(43)) - raft.server.log.segment.size.max = 1048576 (custom)
2019-10-04 13:07:34,835 [pool-443-thread-1] INFO  server.RaftServerConfigKeys (ConfUtils.java:logGet(43)) - raft.server.log.purge.gap = 1000000 (custom)
2019-10-04 13:07:34,835 [pool-433-thread-1] INFO  server.RaftServerConfigKeys (ConfUtils.java:logGet(43)) - raft.server.log.segment.cache.num.max = 2 (custom)
2019-10-04 13:07:34,835 [pool-423-thread-1] INFO  server.RaftServerConfigKeys (ConfUtils.java:logGet(43)) - raft.server.log.purge.gap = 1000000 (custom)
2019-10-04 13:07:34,835 [pool-433-thread-1] INFO  segmented.SegmentedRaftLogWorker (SegmentedRaftLogWorker.java:<init>(173)) - new 5105b714-6aee-461c-8a97-76089af993f8@group-F3CBBF67F2AB-SegmentedRaftLogWorker for RaftStorage:Storage Directory /workdir/hadoop-ozone/integration-test/target/test-dir/MiniOzoneClusterImpl-91ba6091-3cbe-48fc-8e8d-05e77847d09f/datanode-5/data/ratis/d1a252c9-530c-4ac5-860d-f3cbbf67f2ab
2019-10-04 13:07:34,835 [pool-443-thread-1] INFO  server.RaftServerConfigKeys (ConfUtils.java:logGet(43)) - raft.server.log.appender.buffer.byte-limit = 33554432 (custom)
2019-10-04 13:07:34,835 [pool-433-thread-1] INFO  server.RaftServerConfigKeys (ConfUtils.java:logGet(43)) - raft.server.log.queue.byte-limit = 2147483647 (custom)
2019-10-04 13:07:34,835 [pool-423-thread-1] INFO  server.RaftServerConfigKeys (ConfUtils.java:logGet(43)) - raft.server.log.appender.buffer.byte-limit = 33554432 (custom)
2019-10-04 13:07:34,836 [pool-433-thread-1] INFO  server.RaftServerConfigKeys (ConfUtils.java:logGet(43)) - raft.server.log.queue.element-limit = 1024 (custom)
2019-10-04 13:07:34,835 [pool-443-thread-1] INFO  server.RaftServerConfigKeys (ConfUtils.java:logGet(43)) - raft.server.log.segment.size.max = 1048576 (custom)
2019-10-04 13:07:34,836 [pool-433-thread-1] INFO  server.RaftServerConfigKeys (ConfUtils.java:logGet(43)) - raft.server.log.segment.size.max = 1048576 (custom)
2019-10-04 13:07:34,836 [pool-423-thread-1] INFO  server.RaftServerConfigKeys (ConfUtils.java:logGet(43)) - raft.server.log.segment.size.max = 1048576 (custom)
2019-10-04 13:07:34,836 [pool-433-thread-1] INFO  server.RaftServerConfigKeys (ConfUtils.java:logGet(43)) - raft.server.log.preallocated.size = 16384 (custom)
2019-10-04 13:07:34,836 [pool-433-thread-1] INFO  server.RaftServerConfigKeys (ConfUtils.java:logGet(43)) - raft.server.log.write.buffer.size = 33554432 (custom)
2019-10-04 13:07:34,836 [pool-443-thread-1] INFO  server.RaftServerConfigKeys (ConfUtils.java:logGet(43)) - raft.server.log.segment.cache.num.max = 2 (custom)
2019-10-04 13:07:34,836 [pool-433-thread-1] INFO  server.RaftServerConfigKeys (ConfUtils.java:logGet(43)) - raft.server.log.force.sync.num = 128 (default)
2019-10-04 13:07:34,836 [pool-423-thread-1] INFO  server.RaftServerConfigKeys (ConfUtils.java:logGet(43)) - raft.server.log.segment.cache.num.max = 2 (custom)
2019-10-04 13:07:34,836 [pool-433-thread-1] INFO  server.RaftServerConfigKeys (ConfUtils.java:logGet(43)) - raft.server.log.statemachine.data.sync = true (default)
2019-10-04 13:07:34,836 [pool-443-thread-1] INFO  segmented.SegmentedRaftLogWorker (SegmentedRaftLogWorker.java:<init>(173)) - new d135e99c-36d8-4993-81a3-a2d90e7ef70b@group-F3CBBF67F2AB-SegmentedRaftLogWorker for RaftStorage:Storage Directory /workdir/hadoop-ozone/integration-test/target/test-dir/MiniOzoneClusterImpl-91ba6091-3cbe-48fc-8e8d-05e77847d09f/datanode-6/data/ratis/d1a252c9-530c-4ac5-860d-f3cbbf67f2ab
2019-10-04 13:07:34,837 [pool-433-thread-1] INFO  server.RaftServerConfigKeys (ConfUtils.java:logGet(43)) - raft.server.log.statemachine.data.sync.timeout = 10s (default)
2019-10-04 13:07:34,837 [pool-423-thread-1] INFO  segmented.SegmentedRaftLogWorker (SegmentedRaftLogWorker.java:<init>(173)) - new 3a18efbb-92ed-4521-adfc-fb8c3c6cad1e@group-F3CBBF67F2AB-SegmentedRaftLogWorker for RaftStorage:Storage Directory /workdir/hadoop-ozone/integration-test/target/test-dir/MiniOzoneClusterImpl-91ba6091-3cbe-48fc-8e8d-05e77847d09f/datanode-4/data/ratis/d1a252c9-530c-4ac5-860d-f3cbbf67f2ab
2019-10-04 13:07:34,837 [pool-433-thread-1] INFO  server.RaftServerConfigKeys (ConfUtils.java:logGet(43)) - raft.server.log.statemachine.data.sync.timeout.retry = -1 (default)
2019-10-04 13:07:34,837 [pool-443-thread-1] INFO  server.RaftServerConfigKeys (ConfUtils.java:logGet(43)) - raft.server.log.queue.byte-limit = 2147483647 (custom)
2019-10-04 13:07:34,837 [pool-433-thread-1] INFO  server.RaftServerConfigKeys (ConfUtils.java:logGet(43)) - raft.server.log.statemachine.data.caching.enabled = true (custom)
2019-10-04 13:07:34,837 [pool-423-thread-1] INFO  server.RaftServerConfigKeys (ConfUtils.java:logGet(43)) - raft.server.log.queue.byte-limit = 2147483647 (custom)
2019-10-04 13:07:34,837 [pool-443-thread-1] INFO  server.RaftServerConfigKeys (ConfUtils.java:logGet(43)) - raft.server.log.queue.element-limit = 1024 (custom)
2019-10-04 13:07:34,838 [pool-433-thread-1] INFO  segmented.SegmentedRaftLogWorker (SegmentedRaftLogWorker.java:lambda$new$0(128)) - 5105b714-6aee-461c-8a97-76089af993f8@group-F3CBBF67F2AB-SegmentedRaftLogWorker: flushIndex: setUnconditionally 0 -> -1
2019-10-04 13:07:34,838 [pool-423-thread-1] INFO  server.RaftServerConfigKeys (ConfUtils.java:logGet(43)) - raft.server.log.queue.element-limit = 1024 (custom)
2019-10-04 13:07:34,838 [pool-443-thread-1] INFO  server.RaftServerConfigKeys (ConfUtils.java:logGet(43)) - raft.server.log.segment.size.max = 1048576 (custom)
2019-10-04 13:07:34,838 [pool-423-thread-1] INFO  server.RaftServerConfigKeys (ConfUtils.java:logGet(43)) - raft.server.log.segment.size.max = 1048576 (custom)
2019-10-04 13:07:34,838 [pool-433-thread-1] INFO  server.RaftServerConfigKeys (ConfUtils.java:logGet(43)) - raft.server.snapshot.auto.trigger.enabled = true (custom)
2019-10-04 13:07:34,838 [pool-423-thread-1] INFO  server.RaftServerConfigKeys (ConfUtils.java:logGet(43)) - raft.server.log.preallocated.size = 16384 (custom)
2019-10-04 13:07:34,838 [pool-443-thread-1] INFO  server.RaftServerConfigKeys (ConfUtils.java:logGet(43)) - raft.server.log.preallocated.size = 16384 (custom)
2019-10-04 13:07:34,838 [pool-423-thread-1] INFO  server.RaftServerConfigKeys (ConfUtils.java:logGet(43)) - raft.server.log.write.buffer.size = 33554432 (custom)
2019-10-04 13:07:34,838 [pool-433-thread-1] INFO  server.RaftServerConfigKeys (ConfUtils.java:logGet(43)) - raft.server.snapshot.auto.trigger.threshold = 10000 (custom)
2019-10-04 13:07:34,839 [pool-423-thread-1] INFO  server.RaftServerConfigKeys (ConfUtils.java:logGet(43)) - raft.server.log.force.sync.num = 128 (default)
2019-10-04 13:07:34,838 [pool-443-thread-1] INFO  server.RaftServerConfigKeys (ConfUtils.java:logGet(43)) - raft.server.log.write.buffer.size = 33554432 (custom)
2019-10-04 13:07:34,839 [pool-423-thread-1] INFO  server.RaftServerConfigKeys (ConfUtils.java:logGet(43)) - raft.server.log.statemachine.data.sync = true (default)
2019-10-04 13:07:34,839 [pool-433-thread-1] INFO  server.RaftServerConfigKeys (ConfUtils.java:logGet(43)) - raft.server.snapshot.retention.file.num = 5 (custom)
2019-10-04 13:07:34,839 [pool-423-thread-1] INFO  server.RaftServerConfigKeys (ConfUtils.java:logGet(43)) - raft.server.log.statemachine.data.sync.timeout = 10s (default)
2019-10-04 13:07:34,839 [pool-423-thread-1] INFO  server.RaftServerConfigKeys (ConfUtils.java:logGet(43)) - raft.server.log.statemachine.data.sync.timeout.retry = -1 (default)
2019-10-04 13:07:34,839 [pool-443-thread-1] INFO  server.RaftServerConfigKeys (ConfUtils.java:logGet(43)) - raft.server.log.force.sync.num = 128 (default)
2019-10-04 13:07:34,839 [pool-423-thread-1] INFO  server.RaftServerConfigKeys (ConfUtils.java:logGet(43)) - raft.server.log.statemachine.data.caching.enabled = true (custom)
2019-10-04 13:07:34,839 [pool-433-thread-1] INFO  server.RaftServerConfigKeys (ConfUtils.java:logGet(43)) - raft.server.retrycache.expirytime = 600000ms (custom)
2019-10-04 13:07:34,839 [pool-443-thread-1] INFO  server.RaftServerConfigKeys (ConfUtils.java:logGet(43)) - raft.server.log.statemachine.data.sync = true (default)
2019-10-04 13:07:34,840 [pool-423-thread-1] INFO  segmented.SegmentedRaftLogWorker (SegmentedRaftLogWorker.java:lambda$new$0(128)) - 3a18efbb-92ed-4521-adfc-fb8c3c6cad1e@group-F3CBBF67F2AB-SegmentedRaftLogWorker: flushIndex: setUnconditionally 0 -> -1
2019-10-04 13:07:34,840 [pool-443-thread-1] INFO  server.RaftServerConfigKeys (ConfUtils.java:logGet(43)) - raft.server.log.statemachine.data.sync.timeout = 10s (default)
2019-10-04 13:07:34,840 [pool-443-thread-1] INFO  server.RaftServerConfigKeys (ConfUtils.java:logGet(43)) - raft.server.log.statemachine.data.sync.timeout.retry = -1 (default)
2019-10-04 13:07:34,840 [pool-423-thread-1] INFO  server.RaftServerConfigKeys (ConfUtils.java:logGet(43)) - raft.server.snapshot.auto.trigger.enabled = true (custom)
2019-10-04 13:07:34,840 [pool-443-thread-1] INFO  server.RaftServerConfigKeys (ConfUtils.java:logGet(43)) - raft.server.log.statemachine.data.caching.enabled = true (custom)
2019-10-04 13:07:34,840 [pool-423-thread-1] INFO  server.RaftServerConfigKeys (ConfUtils.java:logGet(43)) - raft.server.snapshot.auto.trigger.threshold = 10000 (custom)
2019-10-04 13:07:34,840 [pool-443-thread-1] INFO  segmented.SegmentedRaftLogWorker (SegmentedRaftLogWorker.java:lambda$new$0(128)) - d135e99c-36d8-4993-81a3-a2d90e7ef70b@group-F3CBBF67F2AB-SegmentedRaftLogWorker: flushIndex: setUnconditionally 0 -> -1
2019-10-04 13:07:34,840 [pool-423-thread-1] INFO  server.RaftServerConfigKeys (ConfUtils.java:logGet(43)) - raft.server.snapshot.retention.file.num = 5 (custom)
2019-10-04 13:07:34,841 [pool-423-thread-1] INFO  server.RaftServerConfigKeys (ConfUtils.java:logGet(43)) - raft.server.retrycache.expirytime = 600000ms (custom)
2019-10-04 13:07:34,841 [pool-443-thread-1] INFO  server.RaftServerConfigKeys (ConfUtils.java:logGet(43)) - raft.server.snapshot.auto.trigger.enabled = true (custom)
2019-10-04 13:07:34,841 [pool-443-thread-1] INFO  server.RaftServerConfigKeys (ConfUtils.java:logGet(43)) - raft.server.snapshot.auto.trigger.threshold = 10000 (custom)
2019-10-04 13:07:34,841 [pool-443-thread-1] INFO  server.RaftServerConfigKeys (ConfUtils.java:logGet(43)) - raft.server.snapshot.retention.file.num = 5 (custom)
2019-10-04 13:07:34,841 [pool-443-thread-1] INFO  server.RaftServerConfigKeys (ConfUtils.java:logGet(43)) - raft.server.retrycache.expirytime = 600000ms (custom)
2019-10-04 13:07:34,841 [pool-433-thread-1] INFO  impl.RaftServerImpl (RaftServerImpl.java:start(181)) - 5105b714-6aee-461c-8a97-76089af993f8@group-F3CBBF67F2AB: start as a follower, conf=-1: [5105b714-6aee-461c-8a97-76089af993f8:192.168.30.24:39313, 3a18efbb-92ed-4521-adfc-fb8c3c6cad1e:192.168.30.24:36369, d135e99c-36d8-4993-81a3-a2d90e7ef70b:192.168.30.24:46046], old=null
2019-10-04 13:07:34,841 [pool-433-thread-1] INFO  impl.RaftServerImpl (RaftServerImpl.java:setRole(170)) - 5105b714-6aee-461c-8a97-76089af993f8@group-F3CBBF67F2AB: changes role from      null to FOLLOWER at term 0 for startAsFollower
2019-10-04 13:07:34,842 [pool-433-thread-1] INFO  impl.RoleInfo (RoleInfo.java:updateAndGet(143)) - 5105b714-6aee-461c-8a97-76089af993f8: start FollowerState
2019-10-04 13:07:34,842 [pool-433-thread-1] INFO  util.JmxRegister (JmxRegister.java:tryRegister(44)) - Successfully registered JMX Bean with object name Ratis:service=RaftServer,group=group-F3CBBF67F2AB,id=5105b714-6aee-461c-8a97-76089af993f8
2019-10-04 13:07:34,844 [pool-423-thread-1] INFO  impl.RaftServerImpl (RaftServerImpl.java:start(181)) - 3a18efbb-92ed-4521-adfc-fb8c3c6cad1e@group-F3CBBF67F2AB: start as a follower, conf=-1: [5105b714-6aee-461c-8a97-76089af993f8:192.168.30.24:39313, 3a18efbb-92ed-4521-adfc-fb8c3c6cad1e:192.168.30.24:36369, d135e99c-36d8-4993-81a3-a2d90e7ef70b:192.168.30.24:46046], old=null
2019-10-04 13:07:34,844 [pool-423-thread-1] INFO  impl.RaftServerImpl (RaftServerImpl.java:setRole(170)) - 3a18efbb-92ed-4521-adfc-fb8c3c6cad1e@group-F3CBBF67F2AB: changes role from      null to FOLLOWER at term 0 for startAsFollower
2019-10-04 13:07:34,844 [pool-423-thread-1] INFO  impl.RoleInfo (RoleInfo.java:updateAndGet(143)) - 3a18efbb-92ed-4521-adfc-fb8c3c6cad1e: start FollowerState
2019-10-04 13:07:34,845 [pool-423-thread-1] INFO  util.JmxRegister (JmxRegister.java:tryRegister(44)) - Successfully registered JMX Bean with object name Ratis:service=RaftServer,group=group-F3CBBF67F2AB,id=3a18efbb-92ed-4521-adfc-fb8c3c6cad1e
2019-10-04 13:07:34,845 [pool-443-thread-1] INFO  impl.RaftServerImpl (RaftServerImpl.java:start(181)) - d135e99c-36d8-4993-81a3-a2d90e7ef70b@group-F3CBBF67F2AB: start as a follower, conf=-1: [5105b714-6aee-461c-8a97-76089af993f8:192.168.30.24:39313, 3a18efbb-92ed-4521-adfc-fb8c3c6cad1e:192.168.30.24:36369, d135e99c-36d8-4993-81a3-a2d90e7ef70b:192.168.30.24:46046], old=null
2019-10-04 13:07:34,845 [pool-443-thread-1] INFO  impl.RaftServerImpl (RaftServerImpl.java:setRole(170)) - d135e99c-36d8-4993-81a3-a2d90e7ef70b@group-F3CBBF67F2AB: changes role from      null to FOLLOWER at term 0 for startAsFollower
2019-10-04 13:07:34,845 [pool-443-thread-1] INFO  impl.RoleInfo (RoleInfo.java:updateAndGet(143)) - d135e99c-36d8-4993-81a3-a2d90e7ef70b: start FollowerState
2019-10-04 13:07:34,846 [pool-443-thread-1] INFO  util.JmxRegister (JmxRegister.java:tryRegister(44)) - Successfully registered JMX Bean with object name Ratis:service=RaftServer,group=group-F3CBBF67F2AB,id=d135e99c-36d8-4993-81a3-a2d90e7ef70b
2019-10-04 13:07:34,852 [RatisPipelineUtilsThread] INFO  pipeline.PipelineStateManager (PipelineStateManager.java:addPipeline(56)) - Created pipeline Pipeline[ Id: d1a252c9-530c-4ac5-860d-f3cbbf67f2ab, Nodes: 3a18efbb-92ed-4521-adfc-fb8c3c6cad1e{ip: 192.168.30.24, host: pr-hdds-2222-6g2n6-3934316592, networkLocation: /default-rack, certSerialId: null}5105b714-6aee-461c-8a97-76089af993f8{ip: 192.168.30.24, host: pr-hdds-2222-6g2n6-3934316592, networkLocation: /default-rack, certSerialId: null}d135e99c-36d8-4993-81a3-a2d90e7ef70b{ip: 192.168.30.24, host: pr-hdds-2222-6g2n6-3934316592, networkLocation: /default-rack, certSerialId: null}, Type:RATIS, Factor:THREE, State:OPEN]
2019-10-04 13:07:35,526 [main] INFO  ozone.MiniOzoneClusterImpl (MiniOzoneClusterImpl.java:lambda$waitForClusterToBeReady$0(147)) - Cluster is ready. Got 7 of 7 DN Heartbeats.
2019-10-04 13:07:35,585 [main] INFO  rpc.RpcClient (RpcClient.java:createVolume(277)) - Creating Volume: watchforcommithandlingtest, with jenkins1000 as owner.
2019-10-04 13:07:35,589 [IPC Server handler 2 on 46518] INFO  volume.OMVolumeCreateRequest (OMVolumeCreateRequest.java:validateAndUpdateCache(193)) - created volume:watchforcommithandlingtest for user:jenkins1000
2019-10-04 13:07:35,610 [main] INFO  rpc.RpcClient (RpcClient.java:createBucket(416)) - Creating Bucket: watchforcommithandlingtest/watchforcommithandlingtest, with Versioning false and Storage Type set to DISK and Encryption set to false 
2019-10-04 13:07:35,616 [main] INFO  ozone.MiniOzoneClusterImpl (MiniOzoneClusterImpl.java:getStorageContainerLocationClient(234)) - Creating StorageContainerLocationProtocol RPC client with address /0.0.0.0:40711
2019-10-04 13:07:37,118 [Thread-2558] INFO  container.ReplicationManager (ReplicationManager.java:start(162)) - Starting Replication Monitor Thread.
2019-10-04 13:07:37,122 [ReplicationMonitor] INFO  container.ReplicationManager (ReplicationManager.java:run(225)) - Replication Monitor Thread took 1 milliseconds for processing 1 containers.
2019-10-04 13:07:39,223 [Thread-2560] INFO  impl.FollowerState (FollowerState.java:run(108)) - 6c314416-3d7a-4593-95f5-98ad81c59d3d@group-76530A7E1EF2-FollowerState: change to CANDIDATE, lastRpcTime:5029ms, electionTimeout:5029ms
2019-10-04 13:07:39,224 [Thread-2560] INFO  impl.RoleInfo (RoleInfo.java:shutdownFollowerState(121)) - 6c314416-3d7a-4593-95f5-98ad81c59d3d: shutdown FollowerState
2019-10-04 13:07:39,224 [Thread-2560] INFO  impl.RaftServerImpl (RaftServerImpl.java:setRole(170)) - 6c314416-3d7a-4593-95f5-98ad81c59d3d@group-76530A7E1EF2: changes role from  FOLLOWER to CANDIDATE at term 0 for changeToCandidate
2019-10-04 13:07:39,225 [Thread-2560] INFO  impl.RoleInfo (RoleInfo.java:updateAndGet(143)) - 6c314416-3d7a-4593-95f5-98ad81c59d3d: start LeaderElection
2019-10-04 13:07:39,265 [6c314416-3d7a-4593-95f5-98ad81c59d3d@group-76530A7E1EF2-LeaderElection93] INFO  impl.LeaderElection (LeaderElection.java:askForVotes(178)) - 6c314416-3d7a-4593-95f5-98ad81c59d3d@group-76530A7E1EF2-LeaderElection93: begin an election at term 1 for -1: [6c314416-3d7a-4593-95f5-98ad81c59d3d:192.168.30.24:43211], old=null
2019-10-04 13:07:39,265 [6c314416-3d7a-4593-95f5-98ad81c59d3d@group-76530A7E1EF2-LeaderElection93] INFO  impl.RoleInfo (RoleInfo.java:shutdownLeaderElection(134)) - 6c314416-3d7a-4593-95f5-98ad81c59d3d: shutdown LeaderElection
2019-10-04 13:07:39,265 [6c314416-3d7a-4593-95f5-98ad81c59d3d@group-76530A7E1EF2-LeaderElection93] INFO  impl.RaftServerImpl (RaftServerImpl.java:setRole(170)) - 6c314416-3d7a-4593-95f5-98ad81c59d3d@group-76530A7E1EF2: changes role from CANDIDATE to LEADER at term 1 for changeToLeader
2019-10-04 13:07:39,266 [6c314416-3d7a-4593-95f5-98ad81c59d3d@group-76530A7E1EF2-LeaderElection93] INFO  impl.RaftServerImpl (ServerState.java:setLeader(255)) - 6c314416-3d7a-4593-95f5-98ad81c59d3d@group-76530A7E1EF2: change Leader from null to 6c314416-3d7a-4593-95f5-98ad81c59d3d at term 1 for becomeLeader, leader elected after 5080ms
2019-10-04 13:07:39,266 [6c314416-3d7a-4593-95f5-98ad81c59d3d@group-76530A7E1EF2-LeaderElection93] INFO  server.RaftServerConfigKeys (ConfUtils.java:logGet(43)) - raft.server.staging.catchup.gap = 1000 (default)
2019-10-04 13:07:39,266 [6c314416-3d7a-4593-95f5-98ad81c59d3d@group-76530A7E1EF2-LeaderElection93] INFO  server.RaftServerConfigKeys (ConfUtils.java:logGet(43)) - raft.server.rpc.sleep.time = 25ms (default)
2019-10-04 13:07:39,266 [6c314416-3d7a-4593-95f5-98ad81c59d3d@group-76530A7E1EF2-LeaderElection93] INFO  server.RaftServerConfigKeys (ConfUtils.java:logGet(43)) - raft.server.write.element-limit = 4096 (default)
2019-10-04 13:07:39,266 [6c314416-3d7a-4593-95f5-98ad81c59d3d@group-76530A7E1EF2-LeaderElection93] INFO  server.RaftServerConfigKeys (ConfUtils.java:logGet(43)) - raft.server.watch.timeout = 10s (default)
2019-10-04 13:07:39,267 [6c314416-3d7a-4593-95f5-98ad81c59d3d@group-76530A7E1EF2-LeaderElection93] INFO  server.RaftServerConfigKeys (ConfUtils.java:logGet(43)) - raft.server.watch.timeout.denomination = 1s (default)
2019-10-04 13:07:39,267 [6c314416-3d7a-4593-95f5-98ad81c59d3d@group-76530A7E1EF2-LeaderElection93] INFO  server.RaftServerConfigKeys (ConfUtils.java:logGet(43)) - raft.server.watch.element-limit = 65536 (default)
2019-10-04 13:07:39,269 [6c314416-3d7a-4593-95f5-98ad81c59d3d@group-76530A7E1EF2-LeaderElection93] INFO  impl.RoleInfo (RoleInfo.java:updateAndGet(143)) - 6c314416-3d7a-4593-95f5-98ad81c59d3d: start LeaderState
2019-10-04 13:07:39,269 [6c314416-3d7a-4593-95f5-98ad81c59d3d@group-76530A7E1EF2-LeaderElection93] INFO  segmented.SegmentedRaftLogWorker (SegmentedRaftLogWorker.java:startLogSegment(385)) - 6c314416-3d7a-4593-95f5-98ad81c59d3d@group-76530A7E1EF2-SegmentedRaftLogWorker: Starting segment from index:0
2019-10-04 13:07:39,270 [6c314416-3d7a-4593-95f5-98ad81c59d3d@group-76530A7E1EF2-LeaderElection93] INFO  impl.RaftServerImpl (ServerState.java:setRaftConf(356)) - 6c314416-3d7a-4593-95f5-98ad81c59d3d@group-76530A7E1EF2: set configuration 0: [6c314416-3d7a-4593-95f5-98ad81c59d3d:192.168.30.24:43211], old=null at 0
2019-10-04 13:07:39,312 [6c314416-3d7a-4593-95f5-98ad81c59d3d@group-76530A7E1EF2-SegmentedRaftLogWorker] INFO  segmented.SegmentedRaftLogWorker (SegmentedRaftLogWorker.java:execute(574)) - 6c314416-3d7a-4593-95f5-98ad81c59d3d@group-76530A7E1EF2-SegmentedRaftLogWorker: created new log segment /workdir/hadoop-ozone/integration-test/target/test-dir/MiniOzoneClusterImpl-91ba6091-3cbe-48fc-8e8d-05e77847d09f/datanode-0/data/ratis/68e27a9e-d364-48dc-9fca-76530a7e1ef2/current/log_inprogress_0
2019-10-04 13:07:39,459 [Thread-2566] INFO  impl.FollowerState (FollowerState.java:run(108)) - 4c53f4bb-0fdc-44b1-8217-26d46fcca4ea@group-B2EDAE1056E8-FollowerState: change to CANDIDATE, lastRpcTime:5107ms, electionTimeout:5107ms
2019-10-04 13:07:39,459 [Thread-2566] INFO  impl.RoleInfo (RoleInfo.java:shutdownFollowerState(121)) - 4c53f4bb-0fdc-44b1-8217-26d46fcca4ea: shutdown FollowerState
2019-10-04 13:07:39,460 [Thread-2566] INFO  impl.RaftServerImpl (RaftServerImpl.java:setRole(170)) - 4c53f4bb-0fdc-44b1-8217-26d46fcca4ea@group-B2EDAE1056E8: changes role from  FOLLOWER to CANDIDATE at term 0 for changeToCandidate
2019-10-04 13:07:39,460 [Thread-2566] INFO  impl.RoleInfo (RoleInfo.java:updateAndGet(143)) - 4c53f4bb-0fdc-44b1-8217-26d46fcca4ea: start LeaderElection
2019-10-04 13:07:39,468 [Thread-2563] INFO  impl.FollowerState (FollowerState.java:run(108)) - 8c5bbc8d-79dc-4324-8a2f-ee0acfcb7d33@group-86FF1A1DF677-FollowerState: change to CANDIDATE, lastRpcTime:5191ms, electionTimeout:5188ms
2019-10-04 13:07:39,469 [Thread-2563] INFO  impl.RoleInfo (RoleInfo.java:shutdownFollowerState(121)) - 8c5bbc8d-79dc-4324-8a2f-ee0acfcb7d33: shutdown FollowerState
2019-10-04 13:07:39,469 [Thread-2563] INFO  impl.RaftServerImpl (RaftServerImpl.java:setRole(170)) - 8c5bbc8d-79dc-4324-8a2f-ee0acfcb7d33@group-86FF1A1DF677: changes role from  FOLLOWER to CANDIDATE at term 0 for changeToCandidate
2019-10-04 13:07:39,469 [Thread-2563] INFO  impl.RoleInfo (RoleInfo.java:updateAndGet(143)) - 8c5bbc8d-79dc-4324-8a2f-ee0acfcb7d33: start LeaderElection
2019-10-04 13:07:39,501 [8c5bbc8d-79dc-4324-8a2f-ee0acfcb7d33@group-86FF1A1DF677-LeaderElection95] INFO  impl.LeaderElection (LeaderElection.java:askForVotes(178)) - 8c5bbc8d-79dc-4324-8a2f-ee0acfcb7d33@group-86FF1A1DF677-LeaderElection95: begin an election at term 1 for -1: [8c5bbc8d-79dc-4324-8a2f-ee0acfcb7d33:192.168.30.24:34867], old=null
2019-10-04 13:07:39,502 [8c5bbc8d-79dc-4324-8a2f-ee0acfcb7d33@group-86FF1A1DF677-LeaderElection95] INFO  impl.RoleInfo (RoleInfo.java:shutdownLeaderElection(134)) - 8c5bbc8d-79dc-4324-8a2f-ee0acfcb7d33: shutdown LeaderElection
2019-10-04 13:07:39,502 [8c5bbc8d-79dc-4324-8a2f-ee0acfcb7d33@group-86FF1A1DF677-LeaderElection95] INFO  impl.RaftServerImpl (RaftServerImpl.java:setRole(170)) - 8c5bbc8d-79dc-4324-8a2f-ee0acfcb7d33@group-86FF1A1DF677: changes role from CANDIDATE to LEADER at term 1 for changeToLeader
2019-10-04 13:07:39,502 [8c5bbc8d-79dc-4324-8a2f-ee0acfcb7d33@group-86FF1A1DF677-LeaderElection95] INFO  impl.RaftServerImpl (ServerState.java:setLeader(255)) - 8c5bbc8d-79dc-4324-8a2f-ee0acfcb7d33@group-86FF1A1DF677: change Leader from null to 8c5bbc8d-79dc-4324-8a2f-ee0acfcb7d33 at term 1 for becomeLeader, leader elected after 5232ms
2019-10-04 13:07:39,501 [4c53f4bb-0fdc-44b1-8217-26d46fcca4ea@group-B2EDAE1056E8-LeaderElection94] INFO  impl.LeaderElection (LeaderElection.java:askForVotes(178)) - 4c53f4bb-0fdc-44b1-8217-26d46fcca4ea@group-B2EDAE1056E8-LeaderElection94: begin an election at term 1 for -1: [4c53f4bb-0fdc-44b1-8217-26d46fcca4ea:192.168.30.24:37258], old=null
2019-10-04 13:07:39,502 [4c53f4bb-0fdc-44b1-8217-26d46fcca4ea@group-B2EDAE1056E8-LeaderElection94] INFO  impl.RoleInfo (RoleInfo.java:shutdownLeaderElection(134)) - 4c53f4bb-0fdc-44b1-8217-26d46fcca4ea: shutdown LeaderElection
2019-10-04 13:07:39,502 [4c53f4bb-0fdc-44b1-8217-26d46fcca4ea@group-B2EDAE1056E8-LeaderElection94] INFO  impl.RaftServerImpl (RaftServerImpl.java:setRole(170)) - 4c53f4bb-0fdc-44b1-8217-26d46fcca4ea@group-B2EDAE1056E8: changes role from CANDIDATE to LEADER at term 1 for changeToLeader
2019-10-04 13:07:39,503 [4c53f4bb-0fdc-44b1-8217-26d46fcca4ea@group-B2EDAE1056E8-LeaderElection94] INFO  impl.RaftServerImpl (ServerState.java:setLeader(255)) - 4c53f4bb-0fdc-44b1-8217-26d46fcca4ea@group-B2EDAE1056E8: change Leader from null to 4c53f4bb-0fdc-44b1-8217-26d46fcca4ea at term 1 for becomeLeader, leader elected after 5157ms
2019-10-04 13:07:39,503 [4c53f4bb-0fdc-44b1-8217-26d46fcca4ea@group-B2EDAE1056E8-LeaderElection94] INFO  server.RaftServerConfigKeys (ConfUtils.java:logGet(43)) - raft.server.staging.catchup.gap = 1000 (default)
2019-10-04 13:07:39,503 [4c53f4bb-0fdc-44b1-8217-26d46fcca4ea@group-B2EDAE1056E8-LeaderElection94] INFO  server.RaftServerConfigKeys (ConfUtils.java:logGet(43)) - raft.server.rpc.sleep.time = 25ms (default)
2019-10-04 13:07:39,503 [4c53f4bb-0fdc-44b1-8217-26d46fcca4ea@group-B2EDAE1056E8-LeaderElection94] INFO  server.RaftServerConfigKeys (ConfUtils.java:logGet(43)) - raft.server.write.element-limit = 4096 (default)
2019-10-04 13:07:39,506 [8c5bbc8d-79dc-4324-8a2f-ee0acfcb7d33@group-86FF1A1DF677-LeaderElection95] INFO  server.RaftServerConfigKeys (ConfUtils.java:logGet(43)) - raft.server.staging.catchup.gap = 1000 (default)
2019-10-04 13:07:39,506 [8c5bbc8d-79dc-4324-8a2f-ee0acfcb7d33@group-86FF1A1DF677-LeaderElection95] INFO  server.RaftServerConfigKeys (ConfUtils.java:logGet(43)) - raft.server.rpc.sleep.time = 25ms (default)
2019-10-04 13:07:39,506 [4c53f4bb-0fdc-44b1-8217-26d46fcca4ea@group-B2EDAE1056E8-LeaderElection94] INFO  server.RaftServerConfigKeys (ConfUtils.java:logGet(43)) - raft.server.watch.timeout = 10s (default)
2019-10-04 13:07:39,506 [8c5bbc8d-79dc-4324-8a2f-ee0acfcb7d33@group-86FF1A1DF677-LeaderElection95] INFO  server.RaftServerConfigKeys (ConfUtils.java:logGet(43)) - raft.server.write.element-limit = 4096 (default)
2019-10-04 13:07:39,506 [4c53f4bb-0fdc-44b1-8217-26d46fcca4ea@group-B2EDAE1056E8-LeaderElection94] INFO  server.RaftServerConfigKeys (ConfUtils.java:logGet(43)) - raft.server.watch.timeout.denomination = 1s (default)
2019-10-04 13:07:39,506 [8c5bbc8d-79dc-4324-8a2f-ee0acfcb7d33@group-86FF1A1DF677-LeaderElection95] INFO  server.RaftServerConfigKeys (ConfUtils.java:logGet(43)) - raft.server.watch.timeout = 10s (default)
2019-10-04 13:07:39,506 [4c53f4bb-0fdc-44b1-8217-26d46fcca4ea@group-B2EDAE1056E8-LeaderElection94] INFO  server.RaftServerConfigKeys (ConfUtils.java:logGet(43)) - raft.server.watch.element-limit = 65536 (default)
2019-10-04 13:07:39,506 [8c5bbc8d-79dc-4324-8a2f-ee0acfcb7d33@group-86FF1A1DF677-LeaderElection95] INFO  server.RaftServerConfigKeys (ConfUtils.java:logGet(43)) - raft.server.watch.timeout.denomination = 1s (default)
2019-10-04 13:07:39,507 [8c5bbc8d-79dc-4324-8a2f-ee0acfcb7d33@group-86FF1A1DF677-LeaderElection95] INFO  server.RaftServerConfigKeys (ConfUtils.java:logGet(43)) - raft.server.watch.element-limit = 65536 (default)
2019-10-04 13:07:39,508 [4c53f4bb-0fdc-44b1-8217-26d46fcca4ea@group-B2EDAE1056E8-LeaderElection94] INFO  impl.RoleInfo (RoleInfo.java:updateAndGet(143)) - 4c53f4bb-0fdc-44b1-8217-26d46fcca4ea: start LeaderState
2019-10-04 13:07:39,508 [4c53f4bb-0fdc-44b1-8217-26d46fcca4ea@group-B2EDAE1056E8-LeaderElection94] INFO  segmented.SegmentedRaftLogWorker (SegmentedRaftLogWorker.java:startLogSegment(385)) - 4c53f4bb-0fdc-44b1-8217-26d46fcca4ea@group-B2EDAE1056E8-SegmentedRaftLogWorker: Starting segment from index:0
2019-10-04 13:07:39,508 [4c53f4bb-0fdc-44b1-8217-26d46fcca4ea@group-B2EDAE1056E8-LeaderElection94] INFO  impl.RaftServerImpl (ServerState.java:setRaftConf(356)) - 4c53f4bb-0fdc-44b1-8217-26d46fcca4ea@group-B2EDAE1056E8: set configuration 0: [4c53f4bb-0fdc-44b1-8217-26d46fcca4ea:192.168.30.24:37258], old=null at 0
2019-10-04 13:07:39,510 [8c5bbc8d-79dc-4324-8a2f-ee0acfcb7d33@group-86FF1A1DF677-LeaderElection95] INFO  impl.RoleInfo (RoleInfo.java:updateAndGet(143)) - 8c5bbc8d-79dc-4324-8a2f-ee0acfcb7d33: start LeaderState
2019-10-04 13:07:39,511 [8c5bbc8d-79dc-4324-8a2f-ee0acfcb7d33@group-86FF1A1DF677-LeaderElection95] INFO  segmented.SegmentedRaftLogWorker (SegmentedRaftLogWorker.java:startLogSegment(385)) - 8c5bbc8d-79dc-4324-8a2f-ee0acfcb7d33@group-86FF1A1DF677-SegmentedRaftLogWorker: Starting segment from index:0
2019-10-04 13:07:39,536 [8c5bbc8d-79dc-4324-8a2f-ee0acfcb7d33@group-86FF1A1DF677-LeaderElection95] INFO  impl.RaftServerImpl (ServerState.java:setRaftConf(356)) - 8c5bbc8d-79dc-4324-8a2f-ee0acfcb7d33@group-86FF1A1DF677: set configuration 0: [8c5bbc8d-79dc-4324-8a2f-ee0acfcb7d33:192.168.30.24:34867], old=null at 0
2019-10-04 13:07:39,559 [4c53f4bb-0fdc-44b1-8217-26d46fcca4ea@group-B2EDAE1056E8-SegmentedRaftLogWorker] INFO  segmented.SegmentedRaftLogWorker (SegmentedRaftLogWorker.java:execute(574)) - 4c53f4bb-0fdc-44b1-8217-26d46fcca4ea@group-B2EDAE1056E8-SegmentedRaftLogWorker: created new log segment /workdir/hadoop-ozone/integration-test/target/test-dir/MiniOzoneClusterImpl-91ba6091-3cbe-48fc-8e8d-05e77847d09f/datanode-2/data/ratis/edbfc699-5aaa-42a3-860d-b2edae1056e8/current/log_inprogress_0
2019-10-04 13:07:39,583 [8c5bbc8d-79dc-4324-8a2f-ee0acfcb7d33@group-86FF1A1DF677-SegmentedRaftLogWorker] INFO  segmented.SegmentedRaftLogWorker (SegmentedRaftLogWorker.java:execute(574)) - 8c5bbc8d-79dc-4324-8a2f-ee0acfcb7d33@group-86FF1A1DF677-SegmentedRaftLogWorker: created new log segment /workdir/hadoop-ozone/integration-test/target/test-dir/MiniOzoneClusterImpl-91ba6091-3cbe-48fc-8e8d-05e77847d09f/datanode-1/data/ratis/92b1a9f3-46b0-4bcc-81d2-86ff1a1df677/current/log_inprogress_0
2019-10-04 13:07:39,586 [Thread-2569] INFO  impl.FollowerState (FollowerState.java:run(108)) - 87034fde-e441-4e00-ad01-556b8fb0c48f@group-6A6DFD1A84B8-FollowerState: change to CANDIDATE, lastRpcTime:5159ms, electionTimeout:5159ms
2019-10-04 13:07:39,587 [Thread-2569] INFO  impl.RoleInfo (RoleInfo.java:shutdownFollowerState(121)) - 87034fde-e441-4e00-ad01-556b8fb0c48f: shutdown FollowerState
2019-10-04 13:07:39,587 [Thread-2569] INFO  impl.RaftServerImpl (RaftServerImpl.java:setRole(170)) - 87034fde-e441-4e00-ad01-556b8fb0c48f@group-6A6DFD1A84B8: changes role from  FOLLOWER to CANDIDATE at term 0 for changeToCandidate
2019-10-04 13:07:39,587 [Thread-2569] INFO  impl.RoleInfo (RoleInfo.java:updateAndGet(143)) - 87034fde-e441-4e00-ad01-556b8fb0c48f: start LeaderElection
2019-10-04 13:07:39,628 [87034fde-e441-4e00-ad01-556b8fb0c48f@group-6A6DFD1A84B8-LeaderElection96] INFO  impl.LeaderElection (LeaderElection.java:askForVotes(178)) - 87034fde-e441-4e00-ad01-556b8fb0c48f@group-6A6DFD1A84B8-LeaderElection96: begin an election at term 1 for -1: [87034fde-e441-4e00-ad01-556b8fb0c48f:192.168.30.24:33067], old=null
2019-10-04 13:07:39,628 [87034fde-e441-4e00-ad01-556b8fb0c48f@group-6A6DFD1A84B8-LeaderElection96] INFO  impl.RoleInfo (RoleInfo.java:shutdownLeaderElection(134)) - 87034fde-e441-4e00-ad01-556b8fb0c48f: shutdown LeaderElection
2019-10-04 13:07:39,629 [87034fde-e441-4e00-ad01-556b8fb0c48f@group-6A6DFD1A84B8-LeaderElection96] INFO  impl.RaftServerImpl (RaftServerImpl.java:setRole(170)) - 87034fde-e441-4e00-ad01-556b8fb0c48f@group-6A6DFD1A84B8: changes role from CANDIDATE to LEADER at term 1 for changeToLeader
2019-10-04 13:07:39,629 [87034fde-e441-4e00-ad01-556b8fb0c48f@group-6A6DFD1A84B8-LeaderElection96] INFO  impl.RaftServerImpl (ServerState.java:setLeader(255)) - 87034fde-e441-4e00-ad01-556b8fb0c48f@group-6A6DFD1A84B8: change Leader from null to 87034fde-e441-4e00-ad01-556b8fb0c48f at term 1 for becomeLeader, leader elected after 5207ms
2019-10-04 13:07:39,629 [87034fde-e441-4e00-ad01-556b8fb0c48f@group-6A6DFD1A84B8-LeaderElection96] INFO  server.RaftServerConfigKeys (ConfUtils.java:logGet(43)) - raft.server.staging.catchup.gap = 1000 (default)
2019-10-04 13:07:39,629 [87034fde-e441-4e00-ad01-556b8fb0c48f@group-6A6DFD1A84B8-LeaderElection96] INFO  server.RaftServerConfigKeys (ConfUtils.java:logGet(43)) - raft.server.rpc.sleep.time = 25ms (default)
2019-10-04 13:07:39,629 [87034fde-e441-4e00-ad01-556b8fb0c48f@group-6A6DFD1A84B8-LeaderElection96] INFO  server.RaftServerConfigKeys (ConfUtils.java:logGet(43)) - raft.server.write.element-limit = 4096 (default)
2019-10-04 13:07:39,629 [87034fde-e441-4e00-ad01-556b8fb0c48f@group-6A6DFD1A84B8-LeaderElection96] INFO  server.RaftServerConfigKeys (ConfUtils.java:logGet(43)) - raft.server.watch.timeout = 10s (default)
2019-10-04 13:07:39,630 [87034fde-e441-4e00-ad01-556b8fb0c48f@group-6A6DFD1A84B8-LeaderElection96] INFO  server.RaftServerConfigKeys (ConfUtils.java:logGet(43)) - raft.server.watch.timeout.denomination = 1s (default)
2019-10-04 13:07:39,630 [87034fde-e441-4e00-ad01-556b8fb0c48f@group-6A6DFD1A84B8-LeaderElection96] INFO  server.RaftServerConfigKeys (ConfUtils.java:logGet(43)) - raft.server.watch.element-limit = 65536 (default)
2019-10-04 13:07:39,632 [87034fde-e441-4e00-ad01-556b8fb0c48f@group-6A6DFD1A84B8-LeaderElection96] INFO  impl.RoleInfo (RoleInfo.java:updateAndGet(143)) - 87034fde-e441-4e00-ad01-556b8fb0c48f: start LeaderState
2019-10-04 13:07:39,632 [87034fde-e441-4e00-ad01-556b8fb0c48f@group-6A6DFD1A84B8-LeaderElection96] INFO  segmented.SegmentedRaftLogWorker (SegmentedRaftLogWorker.java:startLogSegment(385)) - 87034fde-e441-4e00-ad01-556b8fb0c48f@group-6A6DFD1A84B8-SegmentedRaftLogWorker: Starting segment from index:0
2019-10-04 13:07:39,643 [Thread-2572] INFO  impl.FollowerState (FollowerState.java:run(108)) - 3a18efbb-92ed-4521-adfc-fb8c3c6cad1e@group-EBC0B50CD594-FollowerState: change to CANDIDATE, lastRpcTime:5114ms, electionTimeout:5114ms
2019-10-04 13:07:39,643 [Thread-2572] INFO  impl.RoleInfo (RoleInfo.java:shutdownFollowerState(121)) - 3a18efbb-92ed-4521-adfc-fb8c3c6cad1e: shutdown FollowerState
2019-10-04 13:07:39,643 [Thread-2572] INFO  impl.RaftServerImpl (RaftServerImpl.java:setRole(170)) - 3a18efbb-92ed-4521-adfc-fb8c3c6cad1e@group-EBC0B50CD594: changes role from  FOLLOWER to CANDIDATE at term 0 for changeToCandidate
2019-10-04 13:07:39,643 [Thread-2572] INFO  impl.RoleInfo (RoleInfo.java:updateAndGet(143)) - 3a18efbb-92ed-4521-adfc-fb8c3c6cad1e: start LeaderElection
2019-10-04 13:07:39,669 [87034fde-e441-4e00-ad01-556b8fb0c48f@group-6A6DFD1A84B8-LeaderElection96] INFO  impl.RaftServerImpl (ServerState.java:setRaftConf(356)) - 87034fde-e441-4e00-ad01-556b8fb0c48f@group-6A6DFD1A84B8: set configuration 0: [87034fde-e441-4e00-ad01-556b8fb0c48f:192.168.30.24:33067], old=null at 0
2019-10-04 13:07:39,684 [Thread-2578] INFO  impl.FollowerState (FollowerState.java:run(108)) - d135e99c-36d8-4993-81a3-a2d90e7ef70b@group-0A6C4234A1C7-FollowerState: change to CANDIDATE, lastRpcTime:5029ms, electionTimeout:5029ms
2019-10-04 13:07:39,684 [Thread-2578] INFO  impl.RoleInfo (RoleInfo.java:shutdownFollowerState(121)) - d135e99c-36d8-4993-81a3-a2d90e7ef70b: shutdown FollowerState
2019-10-04 13:07:39,684 [Thread-2578] INFO  impl.RaftServerImpl (RaftServerImpl.java:setRole(170)) - d135e99c-36d8-4993-81a3-a2d90e7ef70b@group-0A6C4234A1C7: changes role from  FOLLOWER to CANDIDATE at term 0 for changeToCandidate
2019-10-04 13:07:39,684 [Thread-2578] INFO  impl.RoleInfo (RoleInfo.java:updateAndGet(143)) - d135e99c-36d8-4993-81a3-a2d90e7ef70b: start LeaderElection
2019-10-04 13:07:39,685 [3a18efbb-92ed-4521-adfc-fb8c3c6cad1e@group-EBC0B50CD594-LeaderElection97] INFO  impl.LeaderElection (LeaderElection.java:askForVotes(178)) - 3a18efbb-92ed-4521-adfc-fb8c3c6cad1e@group-EBC0B50CD594-LeaderElection97: begin an election at term 1 for -1: [3a18efbb-92ed-4521-adfc-fb8c3c6cad1e:192.168.30.24:36369], old=null
2019-10-04 13:07:39,697 [Thread-2575] INFO  impl.FollowerState (FollowerState.java:run(108)) - 5105b714-6aee-461c-8a97-76089af993f8@group-4503A252AA86-FollowerState: change to CANDIDATE, lastRpcTime:5109ms, electionTimeout:5105ms
2019-10-04 13:07:39,697 [3a18efbb-92ed-4521-adfc-fb8c3c6cad1e@group-EBC0B50CD594-LeaderElection97] INFO  impl.RoleInfo (RoleInfo.java:shutdownLeaderElection(134)) - 3a18efbb-92ed-4521-adfc-fb8c3c6cad1e: shutdown LeaderElection
2019-10-04 13:07:39,697 [87034fde-e441-4e00-ad01-556b8fb0c48f@group-6A6DFD1A84B8-SegmentedRaftLogWorker] INFO  segmented.SegmentedRaftLogWorker (SegmentedRaftLogWorker.java:execute(574)) - 87034fde-e441-4e00-ad01-556b8fb0c48f@group-6A6DFD1A84B8-SegmentedRaftLogWorker: created new log segment /workdir/hadoop-ozone/integration-test/target/test-dir/MiniOzoneClusterImpl-91ba6091-3cbe-48fc-8e8d-05e77847d09f/datanode-3/data/ratis/0b3d725c-0b3e-45be-909f-6a6dfd1a84b8/current/log_inprogress_0
2019-10-04 13:07:39,697 [Thread-2575] INFO  impl.RoleInfo (RoleInfo.java:shutdownFollowerState(121)) - 5105b714-6aee-461c-8a97-76089af993f8: shutdown FollowerState
2019-10-04 13:07:39,697 [3a18efbb-92ed-4521-adfc-fb8c3c6cad1e@group-EBC0B50CD594-LeaderElection97] INFO  impl.RaftServerImpl (RaftServerImpl.java:setRole(170)) - 3a18efbb-92ed-4521-adfc-fb8c3c6cad1e@group-EBC0B50CD594: changes role from CANDIDATE to LEADER at term 1 for changeToLeader
2019-10-04 13:07:39,697 [Thread-2575] INFO  impl.RaftServerImpl (RaftServerImpl.java:setRole(170)) - 5105b714-6aee-461c-8a97-76089af993f8@group-4503A252AA86: changes role from  FOLLOWER to CANDIDATE at term 0 for changeToCandidate
2019-10-04 13:07:39,697 [3a18efbb-92ed-4521-adfc-fb8c3c6cad1e@group-EBC0B50CD594-LeaderElection97] INFO  impl.RaftServerImpl (ServerState.java:setLeader(255)) - 3a18efbb-92ed-4521-adfc-fb8c3c6cad1e@group-EBC0B50CD594: change Leader from null to 3a18efbb-92ed-4521-adfc-fb8c3c6cad1e at term 1 for becomeLeader, leader elected after 5174ms
2019-10-04 13:07:39,697 [Thread-2575] INFO  impl.RoleInfo (RoleInfo.java:updateAndGet(143)) - 5105b714-6aee-461c-8a97-76089af993f8: start LeaderElection
2019-10-04 13:07:39,697 [3a18efbb-92ed-4521-adfc-fb8c3c6cad1e@group-EBC0B50CD594-LeaderElection97] INFO  server.RaftServerConfigKeys (ConfUtils.java:logGet(43)) - raft.server.staging.catchup.gap = 1000 (default)
2019-10-04 13:07:39,698 [3a18efbb-92ed-4521-adfc-fb8c3c6cad1e@group-EBC0B50CD594-LeaderElection97] INFO  server.RaftServerConfigKeys (ConfUtils.java:logGet(43)) - raft.server.rpc.sleep.time = 25ms (default)
2019-10-04 13:07:39,702 [3a18efbb-92ed-4521-adfc-fb8c3c6cad1e@group-EBC0B50CD594-LeaderElection97] INFO  server.RaftServerConfigKeys (ConfUtils.java:logGet(43)) - raft.server.write.element-limit = 4096 (default)
2019-10-04 13:07:39,702 [3a18efbb-92ed-4521-adfc-fb8c3c6cad1e@group-EBC0B50CD594-LeaderElection97] INFO  server.RaftServerConfigKeys (ConfUtils.java:logGet(43)) - raft.server.watch.timeout = 10s (default)
2019-10-04 13:07:39,702 [3a18efbb-92ed-4521-adfc-fb8c3c6cad1e@group-EBC0B50CD594-LeaderElection97] INFO  server.RaftServerConfigKeys (ConfUtils.java:logGet(43)) - raft.server.watch.timeout.denomination = 1s (default)
2019-10-04 13:07:39,702 [3a18efbb-92ed-4521-adfc-fb8c3c6cad1e@group-EBC0B50CD594-LeaderElection97] INFO  server.RaftServerConfigKeys (ConfUtils.java:logGet(43)) - raft.server.watch.element-limit = 65536 (default)
2019-10-04 13:07:39,709 [3a18efbb-92ed-4521-adfc-fb8c3c6cad1e@group-EBC0B50CD594-LeaderElection97] INFO  impl.RoleInfo (RoleInfo.java:updateAndGet(143)) - 3a18efbb-92ed-4521-adfc-fb8c3c6cad1e: start LeaderState
2019-10-04 13:07:39,712 [3a18efbb-92ed-4521-adfc-fb8c3c6cad1e@group-EBC0B50CD594-LeaderElection97] INFO  segmented.SegmentedRaftLogWorker (SegmentedRaftLogWorker.java:startLogSegment(385)) - 3a18efbb-92ed-4521-adfc-fb8c3c6cad1e@group-EBC0B50CD594-SegmentedRaftLogWorker: Starting segment from index:0
2019-10-04 13:07:39,727 [3a18efbb-92ed-4521-adfc-fb8c3c6cad1e@group-EBC0B50CD594-LeaderElection97] INFO  impl.RaftServerImpl (ServerState.java:setRaftConf(356)) - 3a18efbb-92ed-4521-adfc-fb8c3c6cad1e@group-EBC0B50CD594: set configuration 0: [3a18efbb-92ed-4521-adfc-fb8c3c6cad1e:192.168.30.24:36369], old=null at 0
2019-10-04 13:07:39,731 [d135e99c-36d8-4993-81a3-a2d90e7ef70b@group-0A6C4234A1C7-LeaderElection98] INFO  impl.LeaderElection (LeaderElection.java:askForVotes(178)) - d135e99c-36d8-4993-81a3-a2d90e7ef70b@group-0A6C4234A1C7-LeaderElection98: begin an election at term 1 for -1: [d135e99c-36d8-4993-81a3-a2d90e7ef70b:192.168.30.24:46046], old=null
2019-10-04 13:07:39,731 [d135e99c-36d8-4993-81a3-a2d90e7ef70b@group-0A6C4234A1C7-LeaderElection98] INFO  impl.RoleInfo (RoleInfo.java:shutdownLeaderElection(134)) - d135e99c-36d8-4993-81a3-a2d90e7ef70b: shutdown LeaderElection
2019-10-04 13:07:39,731 [d135e99c-36d8-4993-81a3-a2d90e7ef70b@group-0A6C4234A1C7-LeaderElection98] INFO  impl.RaftServerImpl (RaftServerImpl.java:setRole(170)) - d135e99c-36d8-4993-81a3-a2d90e7ef70b@group-0A6C4234A1C7: changes role from CANDIDATE to LEADER at term 1 for changeToLeader
2019-10-04 13:07:39,731 [d135e99c-36d8-4993-81a3-a2d90e7ef70b@group-0A6C4234A1C7-LeaderElection98] INFO  impl.RaftServerImpl (ServerState.java:setLeader(255)) - d135e99c-36d8-4993-81a3-a2d90e7ef70b@group-0A6C4234A1C7: change Leader from null to d135e99c-36d8-4993-81a3-a2d90e7ef70b at term 1 for becomeLeader, leader elected after 5082ms
2019-10-04 13:07:39,731 [d135e99c-36d8-4993-81a3-a2d90e7ef70b@group-0A6C4234A1C7-LeaderElection98] INFO  server.RaftServerConfigKeys (ConfUtils.java:logGet(43)) - raft.server.staging.catchup.gap = 1000 (default)
2019-10-04 13:07:39,731 [d135e99c-36d8-4993-81a3-a2d90e7ef70b@group-0A6C4234A1C7-LeaderElection98] INFO  server.RaftServerConfigKeys (ConfUtils.java:logGet(43)) - raft.server.rpc.sleep.time = 25ms (default)
2019-10-04 13:07:39,732 [d135e99c-36d8-4993-81a3-a2d90e7ef70b@group-0A6C4234A1C7-LeaderElection98] INFO  server.RaftServerConfigKeys (ConfUtils.java:logGet(43)) - raft.server.write.element-limit = 4096 (default)
2019-10-04 13:07:39,732 [d135e99c-36d8-4993-81a3-a2d90e7ef70b@group-0A6C4234A1C7-LeaderElection98] INFO  server.RaftServerConfigKeys (ConfUtils.java:logGet(43)) - raft.server.watch.timeout = 10s (default)
2019-10-04 13:07:39,732 [d135e99c-36d8-4993-81a3-a2d90e7ef70b@group-0A6C4234A1C7-LeaderElection98] INFO  server.RaftServerConfigKeys (ConfUtils.java:logGet(43)) - raft.server.watch.timeout.denomination = 1s (default)
2019-10-04 13:07:39,732 [d135e99c-36d8-4993-81a3-a2d90e7ef70b@group-0A6C4234A1C7-LeaderElection98] INFO  server.RaftServerConfigKeys (ConfUtils.java:logGet(43)) - raft.server.watch.element-limit = 65536 (default)
2019-10-04 13:07:39,776 [5105b714-6aee-461c-8a97-76089af993f8@group-4503A252AA86-LeaderElection99] INFO  impl.LeaderElection (LeaderElection.java:askForVotes(178)) - 5105b714-6aee-461c-8a97-76089af993f8@group-4503A252AA86-LeaderElection99: begin an election at term 1 for -1: [5105b714-6aee-461c-8a97-76089af993f8:192.168.30.24:39313], old=null
2019-10-04 13:07:39,776 [5105b714-6aee-461c-8a97-76089af993f8@group-4503A252AA86-LeaderElection99] INFO  impl.RoleInfo (RoleInfo.java:shutdownLeaderElection(134)) - 5105b714-6aee-461c-8a97-76089af993f8: shutdown LeaderElection
2019-10-04 13:07:39,776 [5105b714-6aee-461c-8a97-76089af993f8@group-4503A252AA86-LeaderElection99] INFO  impl.RaftServerImpl (RaftServerImpl.java:setRole(170)) - 5105b714-6aee-461c-8a97-76089af993f8@group-4503A252AA86: changes role from CANDIDATE to LEADER at term 1 for changeToLeader
2019-10-04 13:07:39,776 [5105b714-6aee-461c-8a97-76089af993f8@group-4503A252AA86-LeaderElection99] INFO  impl.RaftServerImpl (ServerState.java:setLeader(255)) - 5105b714-6aee-461c-8a97-76089af993f8@group-4503A252AA86: change Leader from null to 5105b714-6aee-461c-8a97-76089af993f8 at term 1 for becomeLeader, leader elected after 5195ms
2019-10-04 13:07:39,777 [5105b714-6aee-461c-8a97-76089af993f8@group-4503A252AA86-LeaderElection99] INFO  server.RaftServerConfigKeys (ConfUtils.java:logGet(43)) - raft.server.staging.catchup.gap = 1000 (default)
2019-10-04 13:07:39,777 [5105b714-6aee-461c-8a97-76089af993f8@group-4503A252AA86-LeaderElection99] INFO  server.RaftServerConfigKeys (ConfUtils.java:logGet(43)) - raft.server.rpc.sleep.time = 25ms (default)
2019-10-04 13:07:39,777 [5105b714-6aee-461c-8a97-76089af993f8@group-4503A252AA86-LeaderElection99] INFO  server.RaftServerConfigKeys (ConfUtils.java:logGet(43)) - raft.server.write.element-limit = 4096 (default)
2019-10-04 13:07:39,777 [5105b714-6aee-461c-8a97-76089af993f8@group-4503A252AA86-LeaderElection99] INFO  server.RaftServerConfigKeys (ConfUtils.java:logGet(43)) - raft.server.watch.timeout = 10s (default)
2019-10-04 13:07:39,777 [5105b714-6aee-461c-8a97-76089af993f8@group-4503A252AA86-LeaderElection99] INFO  server.RaftServerConfigKeys (ConfUtils.java:logGet(43)) - raft.server.watch.timeout.denomination = 1s (default)
2019-10-04 13:07:39,778 [5105b714-6aee-461c-8a97-76089af993f8@group-4503A252AA86-LeaderElection99] INFO  server.RaftServerConfigKeys (ConfUtils.java:logGet(43)) - raft.server.watch.element-limit = 65536 (default)
2019-10-04 13:07:39,783 [Thread-2584] INFO  impl.FollowerState (FollowerState.java:run(108)) - 87034fde-e441-4e00-ad01-556b8fb0c48f@group-6F089FBF2C49-FollowerState: change to CANDIDATE, lastRpcTime:5037ms, electionTimeout:5037ms
2019-10-04 13:07:39,784 [Thread-2584] INFO  impl.RoleInfo (RoleInfo.java:shutdownFollowerState(121)) - 87034fde-e441-4e00-ad01-556b8fb0c48f: shutdown FollowerState
2019-10-04 13:07:39,784 [Thread-2584] INFO  impl.RaftServerImpl (RaftServerImpl.java:setRole(170)) - 87034fde-e441-4e00-ad01-556b8fb0c48f@group-6F089FBF2C49: changes role from  FOLLOWER to CANDIDATE at term 0 for changeToCandidate
2019-10-04 13:07:39,784 [Thread-2584] INFO  impl.RoleInfo (RoleInfo.java:updateAndGet(143)) - 87034fde-e441-4e00-ad01-556b8fb0c48f: start LeaderElection
2019-10-04 13:07:39,790 [d135e99c-36d8-4993-81a3-a2d90e7ef70b@group-0A6C4234A1C7-LeaderElection98] INFO  impl.RoleInfo (RoleInfo.java:updateAndGet(143)) - d135e99c-36d8-4993-81a3-a2d90e7ef70b: start LeaderState
2019-10-04 13:07:39,790 [d135e99c-36d8-4993-81a3-a2d90e7ef70b@group-0A6C4234A1C7-LeaderElection98] INFO  segmented.SegmentedRaftLogWorker (SegmentedRaftLogWorker.java:startLogSegment(385)) - d135e99c-36d8-4993-81a3-a2d90e7ef70b@group-0A6C4234A1C7-SegmentedRaftLogWorker: Starting segment from index:0
2019-10-04 13:07:39,791 [d135e99c-36d8-4993-81a3-a2d90e7ef70b@group-0A6C4234A1C7-LeaderElection98] INFO  impl.RaftServerImpl (ServerState.java:setRaftConf(356)) - d135e99c-36d8-4993-81a3-a2d90e7ef70b@group-0A6C4234A1C7: set configuration 0: [d135e99c-36d8-4993-81a3-a2d90e7ef70b:192.168.30.24:46046], old=null at 0
2019-10-04 13:07:39,818 [3a18efbb-92ed-4521-adfc-fb8c3c6cad1e@group-EBC0B50CD594-SegmentedRaftLogWorker] INFO  segmented.SegmentedRaftLogWorker (SegmentedRaftLogWorker.java:execute(574)) - 3a18efbb-92ed-4521-adfc-fb8c3c6cad1e@group-EBC0B50CD594-SegmentedRaftLogWorker: created new log segment /workdir/hadoop-ozone/integration-test/target/test-dir/MiniOzoneClusterImpl-91ba6091-3cbe-48fc-8e8d-05e77847d09f/datanode-4/data/ratis/4a4bfde4-083f-4d56-be5d-ebc0b50cd594/current/log_inprogress_0
2019-10-04 13:07:39,823 [5105b714-6aee-461c-8a97-76089af993f8@group-4503A252AA86-LeaderElection99] INFO  impl.RoleInfo (RoleInfo.java:updateAndGet(143)) - 5105b714-6aee-461c-8a97-76089af993f8: start LeaderState
2019-10-04 13:07:39,823 [5105b714-6aee-461c-8a97-76089af993f8@group-4503A252AA86-LeaderElection99] INFO  segmented.SegmentedRaftLogWorker (SegmentedRaftLogWorker.java:startLogSegment(385)) - 5105b714-6aee-461c-8a97-76089af993f8@group-4503A252AA86-SegmentedRaftLogWorker: Starting segment from index:0
2019-10-04 13:07:39,824 [5105b714-6aee-461c-8a97-76089af993f8@group-4503A252AA86-LeaderElection99] INFO  impl.RaftServerImpl (ServerState.java:setRaftConf(356)) - 5105b714-6aee-461c-8a97-76089af993f8@group-4503A252AA86: set configuration 0: [5105b714-6aee-461c-8a97-76089af993f8:192.168.30.24:39313], old=null at 0
2019-10-04 13:07:39,836 [Thread-2583] INFO  impl.FollowerState (FollowerState.java:run(108)) - 8c5bbc8d-79dc-4324-8a2f-ee0acfcb7d33@group-6F089FBF2C49-FollowerState: change to CANDIDATE, lastRpcTime:5092ms, electionTimeout:5092ms
2019-10-04 13:07:39,836 [Thread-2583] INFO  impl.RoleInfo (RoleInfo.java:shutdownFollowerState(121)) - 8c5bbc8d-79dc-4324-8a2f-ee0acfcb7d33: shutdown FollowerState
2019-10-04 13:07:39,836 [Thread-2583] INFO  impl.RaftServerImpl (RaftServerImpl.java:setRole(170)) - 8c5bbc8d-79dc-4324-8a2f-ee0acfcb7d33@group-6F089FBF2C49: changes role from  FOLLOWER to CANDIDATE at term 0 for changeToCandidate
2019-10-04 13:07:39,836 [Thread-2583] INFO  impl.RoleInfo (RoleInfo.java:updateAndGet(143)) - 8c5bbc8d-79dc-4324-8a2f-ee0acfcb7d33: start LeaderElection
2019-10-04 13:07:39,855 [87034fde-e441-4e00-ad01-556b8fb0c48f@group-6F089FBF2C49-LeaderElection100] INFO  impl.LeaderElection (LeaderElection.java:askForVotes(178)) - 87034fde-e441-4e00-ad01-556b8fb0c48f@group-6F089FBF2C49-LeaderElection100: begin an election at term 1 for -1: [4c53f4bb-0fdc-44b1-8217-26d46fcca4ea:192.168.30.24:37258, 87034fde-e441-4e00-ad01-556b8fb0c48f:192.168.30.24:33067, 8c5bbc8d-79dc-4324-8a2f-ee0acfcb7d33:192.168.30.24:34867], old=null
2019-10-04 13:07:39,856 [d135e99c-36d8-4993-81a3-a2d90e7ef70b@group-0A6C4234A1C7-SegmentedRaftLogWorker] INFO  segmented.SegmentedRaftLogWorker (SegmentedRaftLogWorker.java:execute(574)) - d135e99c-36d8-4993-81a3-a2d90e7ef70b@group-0A6C4234A1C7-SegmentedRaftLogWorker: created new log segment /workdir/hadoop-ozone/integration-test/target/test-dir/MiniOzoneClusterImpl-91ba6091-3cbe-48fc-8e8d-05e77847d09f/datanode-6/data/ratis/f0912d31-6ebc-4067-b0ef-0a6c4234a1c7/current/log_inprogress_0
2019-10-04 13:07:39,875 [Thread-2592] INFO  impl.FollowerState (FollowerState.java:run(108)) - 5105b714-6aee-461c-8a97-76089af993f8@group-F3CBBF67F2AB-FollowerState: change to CANDIDATE, lastRpcTime:5033ms, electionTimeout:5033ms
2019-10-04 13:07:39,875 [Thread-2592] INFO  impl.RoleInfo (RoleInfo.java:shutdownFollowerState(121)) - 5105b714-6aee-461c-8a97-76089af993f8: shutdown FollowerState
2019-10-04 13:07:39,875 [Thread-2592] INFO  impl.RaftServerImpl (RaftServerImpl.java:setRole(170)) - 5105b714-6aee-461c-8a97-76089af993f8@group-F3CBBF67F2AB: changes role from  FOLLOWER to CANDIDATE at term 0 for changeToCandidate
2019-10-04 13:07:39,876 [Thread-2592] INFO  impl.RoleInfo (RoleInfo.java:updateAndGet(143)) - 5105b714-6aee-461c-8a97-76089af993f8: start LeaderElection
2019-10-04 13:07:39,907 [Thread-2593] INFO  impl.FollowerState (FollowerState.java:run(108)) - 3a18efbb-92ed-4521-adfc-fb8c3c6cad1e@group-F3CBBF67F2AB-FollowerState: change to CANDIDATE, lastRpcTime:5062ms, electionTimeout:5062ms
2019-10-04 13:07:39,907 [Thread-2593] INFO  impl.RoleInfo (RoleInfo.java:shutdownFollowerState(121)) - 3a18efbb-92ed-4521-adfc-fb8c3c6cad1e: shutdown FollowerState
2019-10-04 13:07:39,907 [Thread-2593] INFO  impl.RaftServerImpl (RaftServerImpl.java:setRole(170)) - 3a18efbb-92ed-4521-adfc-fb8c3c6cad1e@group-F3CBBF67F2AB: changes role from  FOLLOWER to CANDIDATE at term 0 for changeToCandidate
2019-10-04 13:07:39,907 [Thread-2593] INFO  impl.RoleInfo (RoleInfo.java:updateAndGet(143)) - 3a18efbb-92ed-4521-adfc-fb8c3c6cad1e: start LeaderElection
2019-10-04 13:07:39,919 [8c5bbc8d-79dc-4324-8a2f-ee0acfcb7d33@group-6F089FBF2C49-LeaderElection101] INFO  impl.LeaderElection (LeaderElection.java:askForVotes(178)) - 8c5bbc8d-79dc-4324-8a2f-ee0acfcb7d33@group-6F089FBF2C49-LeaderElection101: begin an election at term 1 for -1: [4c53f4bb-0fdc-44b1-8217-26d46fcca4ea:192.168.30.24:37258, 87034fde-e441-4e00-ad01-556b8fb0c48f:192.168.30.24:33067, 8c5bbc8d-79dc-4324-8a2f-ee0acfcb7d33:192.168.30.24:34867], old=null
2019-10-04 13:07:39,922 [5105b714-6aee-461c-8a97-76089af993f8@group-4503A252AA86-SegmentedRaftLogWorker] INFO  segmented.SegmentedRaftLogWorker (SegmentedRaftLogWorker.java:execute(574)) - 5105b714-6aee-461c-8a97-76089af993f8@group-4503A252AA86-SegmentedRaftLogWorker: created new log segment /workdir/hadoop-ozone/integration-test/target/test-dir/MiniOzoneClusterImpl-91ba6091-3cbe-48fc-8e8d-05e77847d09f/datanode-5/data/ratis/09e59629-88d8-4c78-a97e-4503a252aa86/current/log_inprogress_0
2019-10-04 13:07:39,925 [grpc-default-executor-9] INFO  impl.RaftServerImpl (RaftServerImpl.java:setRole(170)) - 4c53f4bb-0fdc-44b1-8217-26d46fcca4ea@group-6F089FBF2C49: changes role from  FOLLOWER to FOLLOWER at term 1 for recognizeCandidate:87034fde-e441-4e00-ad01-556b8fb0c48f
2019-10-04 13:07:39,926 [grpc-default-executor-9] INFO  impl.RoleInfo (RoleInfo.java:shutdownFollowerState(121)) - 4c53f4bb-0fdc-44b1-8217-26d46fcca4ea: shutdown FollowerState
2019-10-04 13:07:39,926 [grpc-default-executor-9] INFO  impl.RoleInfo (RoleInfo.java:updateAndGet(143)) - 4c53f4bb-0fdc-44b1-8217-26d46fcca4ea: start FollowerState
2019-10-04 13:07:39,926 [Thread-2585] INFO  impl.FollowerState (FollowerState.java:run(117)) - 4c53f4bb-0fdc-44b1-8217-26d46fcca4ea@group-6F089FBF2C49-FollowerState was interrupted: java.lang.InterruptedException: sleep interrupted
2019-10-04 13:07:39,967 [87034fde-e441-4e00-ad01-556b8fb0c48f@group-6F089FBF2C49-LeaderElection100] INFO  impl.LeaderElection (LeaderElection.java:logAndReturn(56)) - 87034fde-e441-4e00-ad01-556b8fb0c48f@group-6F089FBF2C49-LeaderElection100: Election PASSED; received 2 response(s) [87034fde-e441-4e00-ad01-556b8fb0c48f<-4c53f4bb-0fdc-44b1-8217-26d46fcca4ea#0:OK-t1, 87034fde-e441-4e00-ad01-556b8fb0c48f<-8c5bbc8d-79dc-4324-8a2f-ee0acfcb7d33#0:FAIL-t1] and 0 exception(s); 87034fde-e441-4e00-ad01-556b8fb0c48f@group-6F089FBF2C49:t1, leader=null, voted=87034fde-e441-4e00-ad01-556b8fb0c48f, raftlog=87034fde-e441-4e00-ad01-556b8fb0c48f@group-6F089FBF2C49-SegmentedRaftLog:OPENED:c-1,f-1,i0, conf=-1: [4c53f4bb-0fdc-44b1-8217-26d46fcca4ea:192.168.30.24:37258, 87034fde-e441-4e00-ad01-556b8fb0c48f:192.168.30.24:33067, 8c5bbc8d-79dc-4324-8a2f-ee0acfcb7d33:192.168.30.24:34867], old=null
2019-10-04 13:07:39,968 [87034fde-e441-4e00-ad01-556b8fb0c48f@group-6F089FBF2C49-LeaderElection100] INFO  impl.RoleInfo (RoleInfo.java:shutdownLeaderElection(134)) - 87034fde-e441-4e00-ad01-556b8fb0c48f: shutdown LeaderElection
2019-10-04 13:07:39,968 [87034fde-e441-4e00-ad01-556b8fb0c48f@group-6F089FBF2C49-LeaderElection100] INFO  impl.RaftServerImpl (RaftServerImpl.java:setRole(170)) - 87034fde-e441-4e00-ad01-556b8fb0c48f@group-6F089FBF2C49: changes role from CANDIDATE to LEADER at term 1 for changeToLeader
2019-10-04 13:07:39,968 [87034fde-e441-4e00-ad01-556b8fb0c48f@group-6F089FBF2C49-LeaderElection100] INFO  impl.RaftServerImpl (ServerState.java:setLeader(255)) - 87034fde-e441-4e00-ad01-556b8fb0c48f@group-6F089FBF2C49: change Leader from null to 87034fde-e441-4e00-ad01-556b8fb0c48f at term 1 for becomeLeader, leader elected after 5234ms
2019-10-04 13:07:39,969 [87034fde-e441-4e00-ad01-556b8fb0c48f@group-6F089FBF2C49-LeaderElection100] INFO  server.RaftServerConfigKeys (ConfUtils.java:logGet(43)) - raft.server.staging.catchup.gap = 1000 (default)
2019-10-04 13:07:39,969 [87034fde-e441-4e00-ad01-556b8fb0c48f@group-6F089FBF2C49-LeaderElection100] INFO  server.RaftServerConfigKeys (ConfUtils.java:logGet(43)) - raft.server.rpc.sleep.time = 25ms (default)
2019-10-04 13:07:39,969 [87034fde-e441-4e00-ad01-556b8fb0c48f@group-6F089FBF2C49-LeaderElection100] INFO  server.RaftServerConfigKeys (ConfUtils.java:logGet(43)) - raft.server.write.element-limit = 4096 (default)
2019-10-04 13:07:39,969 [87034fde-e441-4e00-ad01-556b8fb0c48f@group-6F089FBF2C49-LeaderElection100] INFO  server.RaftServerConfigKeys (ConfUtils.java:logGet(43)) - raft.server.watch.timeout = 10s (default)
2019-10-04 13:07:39,969 [87034fde-e441-4e00-ad01-556b8fb0c48f@group-6F089FBF2C49-LeaderElection100] INFO  server.RaftServerConfigKeys (ConfUtils.java:logGet(43)) - raft.server.watch.timeout.denomination = 1s (default)
2019-10-04 13:07:39,969 [87034fde-e441-4e00-ad01-556b8fb0c48f@group-6F089FBF2C49-LeaderElection100] INFO  server.RaftServerConfigKeys (ConfUtils.java:logGet(43)) - raft.server.watch.element-limit = 65536 (default)
2019-10-04 13:07:39,971 [8c5bbc8d-79dc-4324-8a2f-ee0acfcb7d33@group-6F089FBF2C49-LeaderElection101] INFO  impl.LeaderElection (LeaderElection.java:logAndReturn(56)) - 8c5bbc8d-79dc-4324-8a2f-ee0acfcb7d33@group-6F089FBF2C49-LeaderElection101: Election REJECTED; received 2 response(s) [8c5bbc8d-79dc-4324-8a2f-ee0acfcb7d33<-4c53f4bb-0fdc-44b1-8217-26d46fcca4ea#0:FAIL-t1, 8c5bbc8d-79dc-4324-8a2f-ee0acfcb7d33<-87034fde-e441-4e00-ad01-556b8fb0c48f#0:FAIL-t1] and 0 exception(s); 8c5bbc8d-79dc-4324-8a2f-ee0acfcb7d33@group-6F089FBF2C49:t1, leader=null, voted=8c5bbc8d-79dc-4324-8a2f-ee0acfcb7d33, raftlog=8c5bbc8d-79dc-4324-8a2f-ee0acfcb7d33@group-6F089FBF2C49-SegmentedRaftLog:OPENED:c-1,f-1,i0, conf=-1: [4c53f4bb-0fdc-44b1-8217-26d46fcca4ea:192.168.30.24:37258, 87034fde-e441-4e00-ad01-556b8fb0c48f:192.168.30.24:33067, 8c5bbc8d-79dc-4324-8a2f-ee0acfcb7d33:192.168.30.24:34867], old=null
2019-10-04 13:07:39,977 [8c5bbc8d-79dc-4324-8a2f-ee0acfcb7d33@group-6F089FBF2C49-LeaderElection101] INFO  impl.RaftServerImpl (RaftServerImpl.java:setRole(170)) - 8c5bbc8d-79dc-4324-8a2f-ee0acfcb7d33@group-6F089FBF2C49: changes role from CANDIDATE to FOLLOWER at term 1 for DISCOVERED_A_NEW_TERM
2019-10-04 13:07:39,977 [8c5bbc8d-79dc-4324-8a2f-ee0acfcb7d33@group-6F089FBF2C49-LeaderElection101] INFO  impl.RoleInfo (RoleInfo.java:shutdownLeaderElection(134)) - 8c5bbc8d-79dc-4324-8a2f-ee0acfcb7d33: shutdown LeaderElection
2019-10-04 13:07:39,977 [8c5bbc8d-79dc-4324-8a2f-ee0acfcb7d33@group-6F089FBF2C49-LeaderElection101] INFO  impl.RoleInfo (RoleInfo.java:updateAndGet(143)) - 8c5bbc8d-79dc-4324-8a2f-ee0acfcb7d33: start FollowerState
2019-10-04 13:07:39,977 [87034fde-e441-4e00-ad01-556b8fb0c48f@group-6F089FBF2C49-LeaderElection100] INFO  server.RaftServerConfigKeys (ConfUtils.java:logGet(43)) - raft.server.log.appender.snapshot.chunk.size.max = 16MB (=16777216) (default)
2019-10-04 13:07:39,980 [87034fde-e441-4e00-ad01-556b8fb0c48f@group-6F089FBF2C49-LeaderElection100] INFO  server.RaftServerConfigKeys (ConfUtils.java:logGet(43)) - raft.server.log.appender.buffer.byte-limit = 33554432 (custom)
2019-10-04 13:07:39,980 [3a18efbb-92ed-4521-adfc-fb8c3c6cad1e@group-F3CBBF67F2AB-LeaderElection103] INFO  impl.LeaderElection (LeaderElection.java:askForVotes(178)) - 3a18efbb-92ed-4521-adfc-fb8c3c6cad1e@group-F3CBBF67F2AB-LeaderElection103: begin an election at term 1 for -1: [5105b714-6aee-461c-8a97-76089af993f8:192.168.30.24:39313, 3a18efbb-92ed-4521-adfc-fb8c3c6cad1e:192.168.30.24:36369, d135e99c-36d8-4993-81a3-a2d90e7ef70b:192.168.30.24:46046], old=null
2019-10-04 13:07:39,980 [87034fde-e441-4e00-ad01-556b8fb0c48f@group-6F089FBF2C49-LeaderElection100] INFO  server.RaftServerConfigKeys (ConfUtils.java:logGet(43)) - raft.server.log.appender.buffer.element-limit = 1 (custom)
2019-10-04 13:07:39,980 [5105b714-6aee-461c-8a97-76089af993f8@group-F3CBBF67F2AB-LeaderElection102] INFO  impl.LeaderElection (LeaderElection.java:askForVotes(178)) - 5105b714-6aee-461c-8a97-76089af993f8@group-F3CBBF67F2AB-LeaderElection102: begin an election at term 1 for -1: [5105b714-6aee-461c-8a97-76089af993f8:192.168.30.24:39313, 3a18efbb-92ed-4521-adfc-fb8c3c6cad1e:192.168.30.24:36369, d135e99c-36d8-4993-81a3-a2d90e7ef70b:192.168.30.24:46046], old=null
2019-10-04 13:07:39,981 [87034fde-e441-4e00-ad01-556b8fb0c48f@group-6F089FBF2C49-LeaderElection100] INFO  grpc.GrpcConfigKeys$Server (ConfUtils.java:logGet(43)) - raft.grpc.server.leader.outstanding.appends.max = 128 (default)
2019-10-04 13:07:39,981 [87034fde-e441-4e00-ad01-556b8fb0c48f@group-6F089FBF2C49-LeaderElection100] INFO  server.RaftServerConfigKeys (ConfUtils.java:logGet(43)) - raft.server.rpc.request.timeout = 3000ms (default)
2019-10-04 13:07:39,981 [87034fde-e441-4e00-ad01-556b8fb0c48f@group-6F089FBF2C49-LeaderElection100] INFO  server.RaftServerConfigKeys (ConfUtils.java:logGet(43)) - raft.server.log.appender.install.snapshot.enabled = false (custom)
2019-10-04 13:07:39,982 [87034fde-e441-4e00-ad01-556b8fb0c48f@group-6F089FBF2C49-LeaderElection100] INFO  server.RaftServerConfigKeys (ConfUtils.java:logGet(43)) - raft.server.log.appender.snapshot.chunk.size.max = 16MB (=16777216) (default)
2019-10-04 13:07:39,982 [87034fde-e441-4e00-ad01-556b8fb0c48f@group-6F089FBF2C49-LeaderElection100] INFO  server.RaftServerConfigKeys (ConfUtils.java:logGet(43)) - raft.server.log.appender.buffer.byte-limit = 33554432 (custom)
2019-10-04 13:07:39,985 [87034fde-e441-4e00-ad01-556b8fb0c48f@group-6F089FBF2C49-LeaderElection100] INFO  server.RaftServerConfigKeys (ConfUtils.java:logGet(43)) - raft.server.log.appender.buffer.element-limit = 1 (custom)
2019-10-04 13:07:39,985 [87034fde-e441-4e00-ad01-556b8fb0c48f@group-6F089FBF2C49-LeaderElection100] INFO  grpc.GrpcConfigKeys$Server (ConfUtils.java:logGet(43)) - raft.grpc.server.leader.outstanding.appends.max = 128 (default)
2019-10-04 13:07:39,985 [87034fde-e441-4e00-ad01-556b8fb0c48f@group-6F089FBF2C49-LeaderElection100] INFO  server.RaftServerConfigKeys (ConfUtils.java:logGet(43)) - raft.server.rpc.request.timeout = 3000ms (default)
2019-10-04 13:07:39,985 [87034fde-e441-4e00-ad01-556b8fb0c48f@group-6F089FBF2C49-LeaderElection100] INFO  server.RaftServerConfigKeys (ConfUtils.java:logGet(43)) - raft.server.log.appender.install.snapshot.enabled = false (custom)
2019-10-04 13:07:39,986 [87034fde-e441-4e00-ad01-556b8fb0c48f@group-6F089FBF2C49-LeaderElection100] INFO  impl.RoleInfo (RoleInfo.java:updateAndGet(143)) - 87034fde-e441-4e00-ad01-556b8fb0c48f: start LeaderState
2019-10-04 13:07:39,986 [87034fde-e441-4e00-ad01-556b8fb0c48f@group-6F089FBF2C49-LeaderElection100] INFO  segmented.SegmentedRaftLogWorker (SegmentedRaftLogWorker.java:startLogSegment(385)) - 87034fde-e441-4e00-ad01-556b8fb0c48f@group-6F089FBF2C49-SegmentedRaftLogWorker: Starting segment from index:0
2019-10-04 13:07:39,989 [grpc-default-executor-8] INFO  impl.RaftServerImpl (RaftServerImpl.java:setRole(170)) - d135e99c-36d8-4993-81a3-a2d90e7ef70b@group-F3CBBF67F2AB: changes role from  FOLLOWER to FOLLOWER at term 1 for recognizeCandidate:5105b714-6aee-461c-8a97-76089af993f8
2019-10-04 13:07:39,990 [grpc-default-executor-8] INFO  impl.RoleInfo (RoleInfo.java:shutdownFollowerState(121)) - d135e99c-36d8-4993-81a3-a2d90e7ef70b: shutdown FollowerState
2019-10-04 13:07:39,998 [87034fde-e441-4e00-ad01-556b8fb0c48f@group-6F089FBF2C49-LeaderElection100] INFO  impl.RaftServerImpl (ServerState.java:setRaftConf(356)) - 87034fde-e441-4e00-ad01-556b8fb0c48f@group-6F089FBF2C49: set configuration 0: [4c53f4bb-0fdc-44b1-8217-26d46fcca4ea:192.168.30.24:37258, 87034fde-e441-4e00-ad01-556b8fb0c48f:192.168.30.24:33067, 8c5bbc8d-79dc-4324-8a2f-ee0acfcb7d33:192.168.30.24:34867], old=null at 0
2019-10-04 13:07:39,998 [grpc-default-executor-8] INFO  impl.RoleInfo (RoleInfo.java:updateAndGet(143)) - d135e99c-36d8-4993-81a3-a2d90e7ef70b: start FollowerState
2019-10-04 13:07:39,999 [Thread-2594] INFO  impl.FollowerState (FollowerState.java:run(117)) - d135e99c-36d8-4993-81a3-a2d90e7ef70b@group-F3CBBF67F2AB-FollowerState was interrupted: java.lang.InterruptedException: sleep interrupted
2019-10-04 13:07:40,056 [grpc-default-executor-7] INFO  impl.RaftServerImpl (ServerState.java:setLeader(255)) - 4c53f4bb-0fdc-44b1-8217-26d46fcca4ea@group-6F089FBF2C49: change Leader from null to 87034fde-e441-4e00-ad01-556b8fb0c48f at term 1 for appendEntries, leader elected after 5320ms
2019-10-04 13:07:40,056 [grpc-default-executor-5] INFO  impl.RaftServerImpl (ServerState.java:setLeader(255)) - 8c5bbc8d-79dc-4324-8a2f-ee0acfcb7d33@group-6F089FBF2C49: change Leader from null to 87034fde-e441-4e00-ad01-556b8fb0c48f at term 1 for appendEntries, leader elected after 5321ms
2019-10-04 13:07:40,062 [grpc-default-executor-5] INFO  impl.RaftServerImpl (ServerState.java:setRaftConf(356)) - 4c53f4bb-0fdc-44b1-8217-26d46fcca4ea@group-6F089FBF2C49: set configuration 0: [4c53f4bb-0fdc-44b1-8217-26d46fcca4ea:192.168.30.24:37258, 87034fde-e441-4e00-ad01-556b8fb0c48f:192.168.30.24:33067, 8c5bbc8d-79dc-4324-8a2f-ee0acfcb7d33:192.168.30.24:34867], old=null at 0
2019-10-04 13:07:40,062 [grpc-default-executor-5] INFO  segmented.SegmentedRaftLogWorker (SegmentedRaftLogWorker.java:startLogSegment(385)) - 4c53f4bb-0fdc-44b1-8217-26d46fcca4ea@group-6F089FBF2C49-SegmentedRaftLogWorker: Starting segment from index:0
2019-10-04 13:07:40,064 [87034fde-e441-4e00-ad01-556b8fb0c48f@group-6F089FBF2C49-SegmentedRaftLogWorker] INFO  segmented.SegmentedRaftLogWorker (SegmentedRaftLogWorker.java:execute(574)) - 87034fde-e441-4e00-ad01-556b8fb0c48f@group-6F089FBF2C49-SegmentedRaftLogWorker: created new log segment /workdir/hadoop-ozone/integration-test/target/test-dir/MiniOzoneClusterImpl-91ba6091-3cbe-48fc-8e8d-05e77847d09f/datanode-3/data/ratis/a19535d7-73d3-4de4-9068-6f089fbf2c49/current/log_inprogress_0
2019-10-04 13:07:40,076 [grpc-default-executor-5] INFO  impl.RaftServerImpl (ServerState.java:setRaftConf(356)) - 8c5bbc8d-79dc-4324-8a2f-ee0acfcb7d33@group-6F089FBF2C49: set configuration 0: [4c53f4bb-0fdc-44b1-8217-26d46fcca4ea:192.168.30.24:37258, 87034fde-e441-4e00-ad01-556b8fb0c48f:192.168.30.24:33067, 8c5bbc8d-79dc-4324-8a2f-ee0acfcb7d33:192.168.30.24:34867], old=null at 0
2019-10-04 13:07:40,077 [grpc-default-executor-5] INFO  segmented.SegmentedRaftLogWorker (SegmentedRaftLogWorker.java:startLogSegment(385)) - 8c5bbc8d-79dc-4324-8a2f-ee0acfcb7d33@group-6F089FBF2C49-SegmentedRaftLogWorker: Starting segment from index:0
2019-10-04 13:07:40,082 [5105b714-6aee-461c-8a97-76089af993f8@group-F3CBBF67F2AB-LeaderElection102] INFO  impl.LeaderElection (LeaderElection.java:logAndReturn(56)) - 5105b714-6aee-461c-8a97-76089af993f8@group-F3CBBF67F2AB-LeaderElection102: Election PASSED; received 2 response(s) [5105b714-6aee-461c-8a97-76089af993f8<-3a18efbb-92ed-4521-adfc-fb8c3c6cad1e#0:FAIL-t1, 5105b714-6aee-461c-8a97-76089af993f8<-d135e99c-36d8-4993-81a3-a2d90e7ef70b#0:OK-t1] and 0 exception(s); 5105b714-6aee-461c-8a97-76089af993f8@group-F3CBBF67F2AB:t1, leader=null, voted=5105b714-6aee-461c-8a97-76089af993f8, raftlog=5105b714-6aee-461c-8a97-76089af993f8@group-F3CBBF67F2AB-SegmentedRaftLog:OPENED:c-1,f-1,i0, conf=-1: [5105b714-6aee-461c-8a97-76089af993f8:192.168.30.24:39313, 3a18efbb-92ed-4521-adfc-fb8c3c6cad1e:192.168.30.24:36369, d135e99c-36d8-4993-81a3-a2d90e7ef70b:192.168.30.24:46046], old=null
2019-10-04 13:07:40,082 [3a18efbb-92ed-4521-adfc-fb8c3c6cad1e@group-F3CBBF67F2AB-LeaderElection103] INFO  impl.LeaderElection (LeaderElection.java:logAndReturn(56)) - 3a18efbb-92ed-4521-adfc-fb8c3c6cad1e@group-F3CBBF67F2AB-LeaderElection103: Election REJECTED; received 2 response(s) [3a18efbb-92ed-4521-adfc-fb8c3c6cad1e<-5105b714-6aee-461c-8a97-76089af993f8#0:FAIL-t1, 3a18efbb-92ed-4521-adfc-fb8c3c6cad1e<-d135e99c-36d8-4993-81a3-a2d90e7ef70b#0:FAIL-t1] and 0 exception(s); 3a18efbb-92ed-4521-adfc-fb8c3c6cad1e@group-F3CBBF67F2AB:t1, leader=null, voted=3a18efbb-92ed-4521-adfc-fb8c3c6cad1e, raftlog=3a18efbb-92ed-4521-adfc-fb8c3c6cad1e@group-F3CBBF67F2AB-SegmentedRaftLog:OPENED:c-1,f-1,i0, conf=-1: [5105b714-6aee-461c-8a97-76089af993f8:192.168.30.24:39313, 3a18efbb-92ed-4521-adfc-fb8c3c6cad1e:192.168.30.24:36369, d135e99c-36d8-4993-81a3-a2d90e7ef70b:192.168.30.24:46046], old=null
2019-10-04 13:07:40,082 [5105b714-6aee-461c-8a97-76089af993f8@group-F3CBBF67F2AB-LeaderElection102] INFO  impl.RoleInfo (RoleInfo.java:shutdownLeaderElection(134)) - 5105b714-6aee-461c-8a97-76089af993f8: shutdown LeaderElection
2019-10-04 13:07:40,109 [5105b714-6aee-461c-8a97-76089af993f8@group-F3CBBF67F2AB-LeaderElection102] INFO  impl.RaftServerImpl (RaftServerImpl.java:setRole(170)) - 5105b714-6aee-461c-8a97-76089af993f8@group-F3CBBF67F2AB: changes role from CANDIDATE to LEADER at term 1 for changeToLeader
2019-10-04 13:07:40,109 [5105b714-6aee-461c-8a97-76089af993f8@group-F3CBBF67F2AB-LeaderElection102] INFO  impl.RaftServerImpl (ServerState.java:setLeader(255)) - 5105b714-6aee-461c-8a97-76089af993f8@group-F3CBBF67F2AB: change Leader from null to 5105b714-6aee-461c-8a97-76089af993f8 at term 1 for becomeLeader, leader elected after 5275ms
2019-10-04 13:07:40,109 [5105b714-6aee-461c-8a97-76089af993f8@group-F3CBBF67F2AB-LeaderElection102] INFO  server.RaftServerConfigKeys (ConfUtils.java:logGet(43)) - raft.server.staging.catchup.gap = 1000 (default)
2019-10-04 13:07:40,109 [5105b714-6aee-461c-8a97-76089af993f8@group-F3CBBF67F2AB-LeaderElection102] INFO  server.RaftServerConfigKeys (ConfUtils.java:logGet(43)) - raft.server.rpc.sleep.time = 25ms (default)
2019-10-04 13:07:40,110 [5105b714-6aee-461c-8a97-76089af993f8@group-F3CBBF67F2AB-LeaderElection102] INFO  server.RaftServerConfigKeys (ConfUtils.java:logGet(43)) - raft.server.write.element-limit = 4096 (default)
2019-10-04 13:07:40,110 [5105b714-6aee-461c-8a97-76089af993f8@group-F3CBBF67F2AB-LeaderElection102] INFO  server.RaftServerConfigKeys (ConfUtils.java:logGet(43)) - raft.server.watch.timeout = 10s (default)
2019-10-04 13:07:40,110 [5105b714-6aee-461c-8a97-76089af993f8@group-F3CBBF67F2AB-LeaderElection102] INFO  server.RaftServerConfigKeys (ConfUtils.java:logGet(43)) - raft.server.watch.timeout.denomination = 1s (default)
2019-10-04 13:07:40,110 [5105b714-6aee-461c-8a97-76089af993f8@group-F3CBBF67F2AB-LeaderElection102] INFO  server.RaftServerConfigKeys (ConfUtils.java:logGet(43)) - raft.server.watch.element-limit = 65536 (default)
2019-10-04 13:07:40,112 [5105b714-6aee-461c-8a97-76089af993f8@group-F3CBBF67F2AB-LeaderElection102] INFO  server.RaftServerConfigKeys (ConfUtils.java:logGet(43)) - raft.server.log.appender.snapshot.chunk.size.max = 16MB (=16777216) (default)
2019-10-04 13:07:40,112 [5105b714-6aee-461c-8a97-76089af993f8@group-F3CBBF67F2AB-LeaderElection102] INFO  server.RaftServerConfigKeys (ConfUtils.java:logGet(43)) - raft.server.log.appender.buffer.byte-limit = 33554432 (custom)
2019-10-04 13:07:40,112 [5105b714-6aee-461c-8a97-76089af993f8@group-F3CBBF67F2AB-LeaderElection102] INFO  server.RaftServerConfigKeys (ConfUtils.java:logGet(43)) - raft.server.log.appender.buffer.element-limit = 1 (custom)
2019-10-04 13:07:40,112 [5105b714-6aee-461c-8a97-76089af993f8@group-F3CBBF67F2AB-LeaderElection102] INFO  grpc.GrpcConfigKeys$Server (ConfUtils.java:logGet(43)) - raft.grpc.server.leader.outstanding.appends.max = 128 (default)
2019-10-04 13:07:40,112 [5105b714-6aee-461c-8a97-76089af993f8@group-F3CBBF67F2AB-LeaderElection102] INFO  server.RaftServerConfigKeys (ConfUtils.java:logGet(43)) - raft.server.rpc.request.timeout = 3000ms (default)
2019-10-04 13:07:40,112 [5105b714-6aee-461c-8a97-76089af993f8@group-F3CBBF67F2AB-LeaderElection102] INFO  server.RaftServerConfigKeys (ConfUtils.java:logGet(43)) - raft.server.log.appender.install.snapshot.enabled = false (custom)
2019-10-04 13:07:40,112 [5105b714-6aee-461c-8a97-76089af993f8@group-F3CBBF67F2AB-LeaderElection102] INFO  server.RaftServerConfigKeys (ConfUtils.java:logGet(43)) - raft.server.log.appender.snapshot.chunk.size.max = 16MB (=16777216) (default)
2019-10-04 13:07:40,113 [5105b714-6aee-461c-8a97-76089af993f8@group-F3CBBF67F2AB-LeaderElection102] INFO  server.RaftServerConfigKeys (ConfUtils.java:logGet(43)) - raft.server.log.appender.buffer.byte-limit = 33554432 (custom)
2019-10-04 13:07:40,113 [5105b714-6aee-461c-8a97-76089af993f8@group-F3CBBF67F2AB-LeaderElection102] INFO  server.RaftServerConfigKeys (ConfUtils.java:logGet(43)) - raft.server.log.appender.buffer.element-limit = 1 (custom)
2019-10-04 13:07:40,113 [5105b714-6aee-461c-8a97-76089af993f8@group-F3CBBF67F2AB-LeaderElection102] INFO  grpc.GrpcConfigKeys$Server (ConfUtils.java:logGet(43)) - raft.grpc.server.leader.outstanding.appends.max = 128 (default)
2019-10-04 13:07:40,113 [5105b714-6aee-461c-8a97-76089af993f8@group-F3CBBF67F2AB-LeaderElection102] INFO  server.RaftServerConfigKeys (ConfUtils.java:logGet(43)) - raft.server.rpc.request.timeout = 3000ms (default)
2019-10-04 13:07:40,113 [5105b714-6aee-461c-8a97-76089af993f8@group-F3CBBF67F2AB-LeaderElection102] INFO  server.RaftServerConfigKeys (ConfUtils.java:logGet(43)) - raft.server.log.appender.install.snapshot.enabled = false (custom)
2019-10-04 13:07:40,113 [5105b714-6aee-461c-8a97-76089af993f8@group-F3CBBF67F2AB-LeaderElection102] INFO  impl.RoleInfo (RoleInfo.java:updateAndGet(143)) - 5105b714-6aee-461c-8a97-76089af993f8: start LeaderState
2019-10-04 13:07:40,113 [5105b714-6aee-461c-8a97-76089af993f8@group-F3CBBF67F2AB-LeaderElection102] INFO  segmented.SegmentedRaftLogWorker (SegmentedRaftLogWorker.java:startLogSegment(385)) - 5105b714-6aee-461c-8a97-76089af993f8@group-F3CBBF67F2AB-SegmentedRaftLogWorker: Starting segment from index:0
2019-10-04 13:07:40,119 [5105b714-6aee-461c-8a97-76089af993f8@group-F3CBBF67F2AB-LeaderElection102] INFO  impl.RaftServerImpl (ServerState.java:setRaftConf(356)) - 5105b714-6aee-461c-8a97-76089af993f8@group-F3CBBF67F2AB: set configuration 0: [5105b714-6aee-461c-8a97-76089af993f8:192.168.30.24:39313, 3a18efbb-92ed-4521-adfc-fb8c3c6cad1e:192.168.30.24:36369, d135e99c-36d8-4993-81a3-a2d90e7ef70b:192.168.30.24:46046], old=null at 0
2019-10-04 13:07:40,082 [3a18efbb-92ed-4521-adfc-fb8c3c6cad1e@group-F3CBBF67F2AB-LeaderElection103] INFO  impl.RaftServerImpl (RaftServerImpl.java:setRole(170)) - 3a18efbb-92ed-4521-adfc-fb8c3c6cad1e@group-F3CBBF67F2AB: changes role from CANDIDATE to FOLLOWER at term 1 for DISCOVERED_A_NEW_TERM
2019-10-04 13:07:40,143 [3a18efbb-92ed-4521-adfc-fb8c3c6cad1e@group-F3CBBF67F2AB-LeaderElection103] INFO  impl.RoleInfo (RoleInfo.java:shutdownLeaderElection(134)) - 3a18efbb-92ed-4521-adfc-fb8c3c6cad1e: shutdown LeaderElection
2019-10-04 13:07:40,144 [3a18efbb-92ed-4521-adfc-fb8c3c6cad1e@group-F3CBBF67F2AB-LeaderElection103] INFO  impl.RoleInfo (RoleInfo.java:updateAndGet(143)) - 3a18efbb-92ed-4521-adfc-fb8c3c6cad1e: start FollowerState
2019-10-04 13:07:40,144 [grpc-default-executor-8] INFO  impl.RaftServerImpl (ServerState.java:setLeader(255)) - 3a18efbb-92ed-4521-adfc-fb8c3c6cad1e@group-F3CBBF67F2AB: change Leader from null to 5105b714-6aee-461c-8a97-76089af993f8 at term 1 for appendEntries, leader elected after 5310ms
2019-10-04 13:07:40,154 [8c5bbc8d-79dc-4324-8a2f-ee0acfcb7d33@group-6F089FBF2C49-SegmentedRaftLogWorker] INFO  segmented.SegmentedRaftLogWorker (SegmentedRaftLogWorker.java:execute(574)) - 8c5bbc8d-79dc-4324-8a2f-ee0acfcb7d33@group-6F089FBF2C49-SegmentedRaftLogWorker: created new log segment /workdir/hadoop-ozone/integration-test/target/test-dir/MiniOzoneClusterImpl-91ba6091-3cbe-48fc-8e8d-05e77847d09f/datanode-1/data/ratis/a19535d7-73d3-4de4-9068-6f089fbf2c49/current/log_inprogress_0
2019-10-04 13:07:40,154 [4c53f4bb-0fdc-44b1-8217-26d46fcca4ea@group-6F089FBF2C49-SegmentedRaftLogWorker] INFO  segmented.SegmentedRaftLogWorker (SegmentedRaftLogWorker.java:execute(574)) - 4c53f4bb-0fdc-44b1-8217-26d46fcca4ea@group-6F089FBF2C49-SegmentedRaftLogWorker: created new log segment /workdir/hadoop-ozone/integration-test/target/test-dir/MiniOzoneClusterImpl-91ba6091-3cbe-48fc-8e8d-05e77847d09f/datanode-2/data/ratis/a19535d7-73d3-4de4-9068-6f089fbf2c49/current/log_inprogress_0
2019-10-04 13:07:40,155 [grpc-default-executor-5] INFO  impl.RaftServerImpl (ServerState.java:setLeader(255)) - d135e99c-36d8-4993-81a3-a2d90e7ef70b@group-F3CBBF67F2AB: change Leader from null to 5105b714-6aee-461c-8a97-76089af993f8 at term 1 for appendEntries, leader elected after 5321ms
2019-10-04 13:07:40,157 [grpc-default-executor-5] INFO  impl.RaftServerImpl (ServerState.java:setRaftConf(356)) - 3a18efbb-92ed-4521-adfc-fb8c3c6cad1e@group-F3CBBF67F2AB: set configuration 0: [5105b714-6aee-461c-8a97-76089af993f8:192.168.30.24:39313, 3a18efbb-92ed-4521-adfc-fb8c3c6cad1e:192.168.30.24:36369, d135e99c-36d8-4993-81a3-a2d90e7ef70b:192.168.30.24:46046], old=null at 0
2019-10-04 13:07:40,157 [grpc-default-executor-5] INFO  segmented.SegmentedRaftLogWorker (SegmentedRaftLogWorker.java:startLogSegment(385)) - 3a18efbb-92ed-4521-adfc-fb8c3c6cad1e@group-F3CBBF67F2AB-SegmentedRaftLogWorker: Starting segment from index:0
2019-10-04 13:07:40,167 [grpc-default-executor-5] INFO  impl.RaftServerImpl (ServerState.java:setRaftConf(356)) - d135e99c-36d8-4993-81a3-a2d90e7ef70b@group-F3CBBF67F2AB: set configuration 0: [5105b714-6aee-461c-8a97-76089af993f8:192.168.30.24:39313, 3a18efbb-92ed-4521-adfc-fb8c3c6cad1e:192.168.30.24:36369, d135e99c-36d8-4993-81a3-a2d90e7ef70b:192.168.30.24:46046], old=null at 0
2019-10-04 13:07:40,167 [grpc-default-executor-5] INFO  segmented.SegmentedRaftLogWorker (SegmentedRaftLogWorker.java:startLogSegment(385)) - d135e99c-36d8-4993-81a3-a2d90e7ef70b@group-F3CBBF67F2AB-SegmentedRaftLogWorker: Starting segment from index:0
2019-10-04 13:07:40,172 [5105b714-6aee-461c-8a97-76089af993f8@group-F3CBBF67F2AB-SegmentedRaftLogWorker] INFO  segmented.SegmentedRaftLogWorker (SegmentedRaftLogWorker.java:execute(574)) - 5105b714-6aee-461c-8a97-76089af993f8@group-F3CBBF67F2AB-SegmentedRaftLogWorker: created new log segment /workdir/hadoop-ozone/integration-test/target/test-dir/MiniOzoneClusterImpl-91ba6091-3cbe-48fc-8e8d-05e77847d09f/datanode-5/data/ratis/d1a252c9-530c-4ac5-860d-f3cbbf67f2ab/current/log_inprogress_0
2019-10-04 13:07:40,206 [3a18efbb-92ed-4521-adfc-fb8c3c6cad1e@group-F3CBBF67F2AB-SegmentedRaftLogWorker] INFO  segmented.SegmentedRaftLogWorker (SegmentedRaftLogWorker.java:execute(574)) - 3a18efbb-92ed-4521-adfc-fb8c3c6cad1e@group-F3CBBF67F2AB-SegmentedRaftLogWorker: created new log segment /workdir/hadoop-ozone/integration-test/target/test-dir/MiniOzoneClusterImpl-91ba6091-3cbe-48fc-8e8d-05e77847d09f/datanode-4/data/ratis/d1a252c9-530c-4ac5-860d-f3cbbf67f2ab/current/log_inprogress_0
2019-10-04 13:07:40,231 [d135e99c-36d8-4993-81a3-a2d90e7ef70b@group-F3CBBF67F2AB-SegmentedRaftLogWorker] INFO  segmented.SegmentedRaftLogWorker (SegmentedRaftLogWorker.java:execute(574)) - d135e99c-36d8-4993-81a3-a2d90e7ef70b@group-F3CBBF67F2AB-SegmentedRaftLogWorker: created new log segment /workdir/hadoop-ozone/integration-test/target/test-dir/MiniOzoneClusterImpl-91ba6091-3cbe-48fc-8e8d-05e77847d09f/datanode-6/data/ratis/d1a252c9-530c-4ac5-860d-f3cbbf67f2ab/current/log_inprogress_0
2019-10-04 13:07:41,199 [Datanode State Machine Thread - 0] INFO  statemachine.DatanodeStateMachine (DatanodeStateMachine.java:lambda$startDaemon$0(350)) - Ozone container server started.
2019-10-04 13:07:46,204 [main] INFO  ozoneimpl.OzoneContainer (OzoneContainer.java:stop(231)) - Attempting to stop container services.
2019-10-04 13:07:46,205 [main] INFO  impl.RaftServerProxy (RaftServerProxy.java:lambda$close$4(314)) - 4c53f4bb-0fdc-44b1-8217-26d46fcca4ea: close
2019-10-04 13:07:46,206 [main] INFO  impl.RaftServerImpl (RaftServerImpl.java:lambda$shutdown$3(247)) - 4c53f4bb-0fdc-44b1-8217-26d46fcca4ea@group-6F089FBF2C49: shutdown
2019-10-04 13:07:46,206 [main] INFO  util.JmxRegister (JmxRegister.java:unregister(73)) - Successfully un-registered JMX Bean with object name Ratis:service=RaftServer,group=group-6F089FBF2C49,id=4c53f4bb-0fdc-44b1-8217-26d46fcca4ea
2019-10-04 13:07:46,206 [main] INFO  impl.RoleInfo (RoleInfo.java:shutdownFollowerState(121)) - 4c53f4bb-0fdc-44b1-8217-26d46fcca4ea: shutdown FollowerState
2019-10-04 13:07:46,207 [main] INFO  impl.StateMachineUpdater (StateMachineUpdater.java:stopAndJoin(136)) - 4c53f4bb-0fdc-44b1-8217-26d46fcca4ea@group-6F089FBF2C49-StateMachineUpdater: set stopIndex = 2
2019-10-04 13:07:46,207 [4c53f4bb-0fdc-44b1-8217-26d46fcca4ea@group-6F089FBF2C49-StateMachineUpdater] INFO  ratis.ContainerStateMachine (ContainerStateMachine.java:takeSnapshot(293)) - group-6F089FBF2C49: Taking a snapshot at:(t:1, i:1) file /workdir/hadoop-ozone/integration-test/target/test-dir/MiniOzoneClusterImpl-91ba6091-3cbe-48fc-8e8d-05e77847d09f/datanode-2/data/ratis/a19535d7-73d3-4de4-9068-6f089fbf2c49/sm/snapshot.1_1
2019-10-04 13:07:46,207 [Thread-2634] INFO  impl.FollowerState (FollowerState.java:run(117)) - 4c53f4bb-0fdc-44b1-8217-26d46fcca4ea@group-6F089FBF2C49-FollowerState was interrupted: java.lang.InterruptedException: sleep interrupted
2019-10-04 13:07:46,230 [4c53f4bb-0fdc-44b1-8217-26d46fcca4ea@group-6F089FBF2C49-StateMachineUpdater] INFO  ratis.ContainerStateMachine (ContainerStateMachine.java:takeSnapshot(304)) - group-6F089FBF2C49: Finished taking a snapshot at:(t:1, i:1) file:/workdir/hadoop-ozone/integration-test/target/test-dir/MiniOzoneClusterImpl-91ba6091-3cbe-48fc-8e8d-05e77847d09f/datanode-2/data/ratis/a19535d7-73d3-4de4-9068-6f089fbf2c49/sm/snapshot.1_1 time:23
2019-10-04 13:07:46,230 [4c53f4bb-0fdc-44b1-8217-26d46fcca4ea@group-6F089FBF2C49-StateMachineUpdater] INFO  impl.StateMachineUpdater (StateMachineUpdater.java:takeSnapshot(269)) - 4c53f4bb-0fdc-44b1-8217-26d46fcca4ea@group-6F089FBF2C49-StateMachineUpdater: Took a snapshot at index 1
2019-10-04 13:07:46,230 [4c53f4bb-0fdc-44b1-8217-26d46fcca4ea@group-6F089FBF2C49-StateMachineUpdater] INFO  impl.StateMachineUpdater (StateMachineUpdater.java:lambda$new$0(84)) - 4c53f4bb-0fdc-44b1-8217-26d46fcca4ea@group-6F089FBF2C49-StateMachineUpdater: snapshotIndex: updateIncreasingly -1 -> 1
2019-10-04 13:07:46,231 [4c53f4bb-0fdc-44b1-8217-26d46fcca4ea@group-6F089FBF2C49-StateMachineUpdater] INFO  ratis.ContainerStateMachine (ContainerStateMachine.java:takeSnapshot(293)) - group-6F089FBF2C49: Taking a snapshot at:(t:1, i:1) file /workdir/hadoop-ozone/integration-test/target/test-dir/MiniOzoneClusterImpl-91ba6091-3cbe-48fc-8e8d-05e77847d09f/datanode-2/data/ratis/a19535d7-73d3-4de4-9068-6f089fbf2c49/sm/snapshot.1_1
2019-10-04 13:07:46,247 [4c53f4bb-0fdc-44b1-8217-26d46fcca4ea@group-6F089FBF2C49-StateMachineUpdater] INFO  ratis.ContainerStateMachine (ContainerStateMachine.java:takeSnapshot(304)) - group-6F089FBF2C49: Finished taking a snapshot at:(t:1, i:1) file:/workdir/hadoop-ozone/integration-test/target/test-dir/MiniOzoneClusterImpl-91ba6091-3cbe-48fc-8e8d-05e77847d09f/datanode-2/data/ratis/a19535d7-73d3-4de4-9068-6f089fbf2c49/sm/snapshot.1_1 time:16
2019-10-04 13:07:46,247 [4c53f4bb-0fdc-44b1-8217-26d46fcca4ea@group-6F089FBF2C49-StateMachineUpdater] INFO  impl.StateMachineUpdater (StateMachineUpdater.java:takeSnapshot(269)) - 4c53f4bb-0fdc-44b1-8217-26d46fcca4ea@group-6F089FBF2C49-StateMachineUpdater: Took a snapshot at index 1
2019-10-04 13:07:46,247 [4c53f4bb-0fdc-44b1-8217-26d46fcca4ea@group-6F089FBF2C49-StateMachineUpdater] INFO  impl.StateMachineUpdater (StateMachineUpdater.java:lambda$new$0(84)) - 4c53f4bb-0fdc-44b1-8217-26d46fcca4ea@group-6F089FBF2C49-StateMachineUpdater: snapshotIndex: updateIncreasingly 1 -> 1
2019-10-04 13:07:46,248 [main] INFO  impl.RaftServerImpl (ServerState.java:close(387)) - 4c53f4bb-0fdc-44b1-8217-26d46fcca4ea@group-6F089FBF2C49: closes. applyIndex: 2
2019-10-04 13:07:46,248 [4c53f4bb-0fdc-44b1-8217-26d46fcca4ea@group-6F089FBF2C49-SegmentedRaftLogWorker] INFO  segmented.SegmentedRaftLogWorker (SegmentedRaftLogWorker.java:run(316)) - 4c53f4bb-0fdc-44b1-8217-26d46fcca4ea@group-6F089FBF2C49-SegmentedRaftLogWorker was interrupted, exiting. There are 0 tasks remaining in the queue.
2019-10-04 13:07:46,253 [main] INFO  segmented.SegmentedRaftLogWorker (SegmentedRaftLogWorker.java:close(224)) - 4c53f4bb-0fdc-44b1-8217-26d46fcca4ea@group-6F089FBF2C49-SegmentedRaftLogWorker close()
2019-10-04 13:07:46,257 [main] INFO  impl.RaftServerImpl (RaftServerImpl.java:lambda$shutdown$3(247)) - 4c53f4bb-0fdc-44b1-8217-26d46fcca4ea@group-B2EDAE1056E8: shutdown
2019-10-04 13:07:46,257 [main] INFO  util.JmxRegister (JmxRegister.java:unregister(73)) - Successfully un-registered JMX Bean with object name Ratis:service=RaftServer,group=group-B2EDAE1056E8,id=4c53f4bb-0fdc-44b1-8217-26d46fcca4ea
2019-10-04 13:07:46,258 [main] INFO  impl.RoleInfo (RoleInfo.java:shutdownLeaderState(104)) - 4c53f4bb-0fdc-44b1-8217-26d46fcca4ea: shutdown LeaderState
2019-10-04 13:07:46,258 [main] INFO  impl.PendingRequests (PendingRequests.java:sendNotLeaderResponses(202)) - 4c53f4bb-0fdc-44b1-8217-26d46fcca4ea@group-B2EDAE1056E8-PendingRequests: sendNotLeaderResponses
2019-10-04 13:07:46,259 [main] INFO  impl.StateMachineUpdater (StateMachineUpdater.java:stopAndJoin(136)) - 4c53f4bb-0fdc-44b1-8217-26d46fcca4ea@group-B2EDAE1056E8-StateMachineUpdater: set stopIndex = 0
2019-10-04 13:07:46,259 [main] INFO  impl.RaftServerImpl (ServerState.java:close(387)) - 4c53f4bb-0fdc-44b1-8217-26d46fcca4ea@group-B2EDAE1056E8: closes. applyIndex: 0
2019-10-04 13:07:46,259 [4c53f4bb-0fdc-44b1-8217-26d46fcca4ea@group-B2EDAE1056E8-SegmentedRaftLogWorker] INFO  segmented.SegmentedRaftLogWorker (SegmentedRaftLogWorker.java:run(316)) - 4c53f4bb-0fdc-44b1-8217-26d46fcca4ea@group-B2EDAE1056E8-SegmentedRaftLogWorker was interrupted, exiting. There are 0 tasks remaining in the queue.
2019-10-04 13:07:46,262 [main] INFO  segmented.SegmentedRaftLogWorker (SegmentedRaftLogWorker.java:close(224)) - 4c53f4bb-0fdc-44b1-8217-26d46fcca4ea@group-B2EDAE1056E8-SegmentedRaftLogWorker close()
2019-10-04 13:07:46,265 [main] INFO  server.GrpcService (GrpcService.java:closeImpl(164)) - 4c53f4bb-0fdc-44b1-8217-26d46fcca4ea: shutdown server with port 37258 now
2019-10-04 13:07:46,267 [grpc-default-executor-8] WARN  server.GrpcServerProtocolService (LogUtils.java:warn(134)) - 4c53f4bb-0fdc-44b1-8217-26d46fcca4ea: installSnapshot onError, lastRequest: 87034fde-e441-4e00-ad01-556b8fb0c48f->4c53f4bb-0fdc-44b1-8217-26d46fcca4ea#5-t1, previous=(t:1, i:2), leaderCommit=2, initializing? false, entries: <empty>: org.apache.ratis.thirdparty.io.grpc.StatusRuntimeException: CANCELLED: cancelled before receiving half close
2019-10-04 13:07:46,267 [grpc-default-executor-9] WARN  server.GrpcLogAppender (LogUtils.java:warn(134)) - 87034fde-e441-4e00-ad01-556b8fb0c48f@group-6F089FBF2C49->4c53f4bb-0fdc-44b1-8217-26d46fcca4ea-AppendLogResponseHandler: Failed appendEntries: org.apache.ratis.thirdparty.io.grpc.StatusRuntimeException: CANCELLED: HTTP/2 error code: CANCEL
Received Rst Stream
2019-10-04 13:07:46,267 [main] INFO  server.GrpcService (GrpcService.java:closeImpl(172)) - 4c53f4bb-0fdc-44b1-8217-26d46fcca4ea: shutdown server with port 37258 successfully
2019-10-04 13:07:46,268 [grpc-default-executor-9] INFO  impl.FollowerInfo (FollowerInfo.java:lambda$new$0(51)) - 87034fde-e441-4e00-ad01-556b8fb0c48f@group-6F089FBF2C49->4c53f4bb-0fdc-44b1-8217-26d46fcca4ea: nextIndex: updateUnconditionally 3 -> 2
2019-10-04 13:07:46,270 [refreshUsed-/workdir/hadoop-ozone/integration-test/target/test-dir/MiniOzoneClusterImpl-91ba6091-3cbe-48fc-8e8d-05e77847d09f/datanode-2/data/containers] WARN  fs.CachingGetSpaceUsed (CachingGetSpaceUsed.java:run(183)) - Thread Interrupted waiting to refresh disk information: sleep interrupted
2019-10-04 13:07:46,288 [main] INFO  utils.BackgroundService (BackgroundService.java:shutdown(148)) - Shutting down service BlockDeletingService
2019-10-04 13:07:46,299 [main] INFO  statemachine.DatanodeStateMachine (DatanodeStateMachine.java:stopDaemon(395)) - Ozone container server stopped.
2019-10-04 13:07:46,301 [main] INFO  handler.ContextHandler (ContextHandler.java:doStop(910)) - Stopped o.e.j.w.WebAppContext@5111de7c{/,null,UNAVAILABLE}{/hddsDatanode}
2019-10-04 13:07:46,301 [main] INFO  server.AbstractConnector (AbstractConnector.java:doStop(318)) - Stopped ServerConnector@7ac48e10{HTTP/1.1,[http/1.1]}{0.0.0.0:0}
2019-10-04 13:07:46,302 [main] INFO  handler.ContextHandler (ContextHandler.java:doStop(910)) - Stopped o.e.j.s.ServletContextHandler@6d294ddc{/static,jar:file:/home/user/.m2/repository/org/apache/hadoop/hadoop-hdds-container-service/0.5.0-SNAPSHOT/hadoop-hdds-container-service-0.5.0-SNAPSHOT.jar!/webapps/static,UNAVAILABLE}
2019-10-04 13:07:46,302 [main] INFO  handler.ContextHandler (ContextHandler.java:doStop(910)) - Stopped o.e.j.s.ServletContextHandler@5785e813{/logs,file:///workdir/hadoop-ozone/integration-test/target/log,UNAVAILABLE}
2019-10-04 13:07:46,311 [grpc-default-executor-9] WARN  server.GrpcLogAppender (LogUtils.java:warn(134)) - 87034fde-e441-4e00-ad01-556b8fb0c48f@group-6F089FBF2C49->4c53f4bb-0fdc-44b1-8217-26d46fcca4ea-AppendLogResponseHandler: Failed appendEntries: org.apache.ratis.thirdparty.io.grpc.StatusRuntimeException: UNAVAILABLE: io exception
2019-10-04 13:07:46,311 [grpc-default-executor-9] INFO  impl.FollowerInfo (FollowerInfo.java:lambda$new$0(51)) - 87034fde-e441-4e00-ad01-556b8fb0c48f@group-6F089FBF2C49->4c53f4bb-0fdc-44b1-8217-26d46fcca4ea: nextIndex: updateUnconditionally 3 -> 2
2019-10-04 13:07:46,316 [grpc-default-executor-5] WARN  server.GrpcLogAppender (LogUtils.java:warn(134)) - 87034fde-e441-4e00-ad01-556b8fb0c48f@group-6F089FBF2C49->4c53f4bb-0fdc-44b1-8217-26d46fcca4ea-AppendLogResponseHandler: Failed appendEntries: org.apache.ratis.thirdparty.io.grpc.StatusRuntimeException: UNAVAILABLE: io exception
2019-10-04 13:07:46,317 [grpc-default-executor-5] INFO  impl.FollowerInfo (FollowerInfo.java:lambda$new$0(51)) - 87034fde-e441-4e00-ad01-556b8fb0c48f@group-6F089FBF2C49->4c53f4bb-0fdc-44b1-8217-26d46fcca4ea: nextIndex: updateUnconditionally 3 -> 2
2019-10-04 13:07:46,332 [grpc-default-executor-9] WARN  server.GrpcLogAppender (LogUtils.java:warn(134)) - 87034fde-e441-4e00-ad01-556b8fb0c48f@group-6F089FBF2C49->4c53f4bb-0fdc-44b1-8217-26d46fcca4ea-AppendLogResponseHandler: Failed appendEntries: org.apache.ratis.thirdparty.io.grpc.StatusRuntimeException: UNAVAILABLE: io exception
2019-10-04 13:07:46,332 [grpc-default-executor-9] INFO  impl.FollowerInfo (FollowerInfo.java:lambda$new$0(51)) - 87034fde-e441-4e00-ad01-556b8fb0c48f@group-6F089FBF2C49->4c53f4bb-0fdc-44b1-8217-26d46fcca4ea: nextIndex: updateUnconditionally 3 -> 2
2019-10-04 13:07:46,350 [EventQueue-IncrementalContainerReportForIncrementalContainerReportHandler] WARN  container.IncrementalContainerReportHandler (AbstractContainerReportHandler.java:updateContainerState(143)) - Container #1 is in OPEN state, but the datanode 87034fde-e441-4e00-ad01-556b8fb0c48f{ip: 192.168.30.24, host: pr-hdds-2222-6g2n6-3934316592, networkLocation: /default-rack, certSerialId: null} reports an CLOSING replica.
2019-10-04 13:07:46,358 [EventQueue-IncrementalContainerReportForIncrementalContainerReportHandler] WARN  container.IncrementalContainerReportHandler (AbstractContainerReportHandler.java:updateContainerState(143)) - Container #1 is in OPEN state, but the datanode 8c5bbc8d-79dc-4324-8a2f-ee0acfcb7d33{ip: 192.168.30.24, host: pr-hdds-2222-6g2n6-3934316592, networkLocation: /default-rack, certSerialId: null} reports an CLOSING replica.
2019-10-04 13:07:46,459 [RatisApplyTransactionExecutor 1] INFO  interfaces.Container (KeyValueContainer.java:flushAndSyncDB(386)) - Container 1 is synced with bcsId 0.
2019-10-04 13:07:46,546 [RatisApplyTransactionExecutor 1] INFO  interfaces.Container (KeyValueContainer.java:flushAndSyncDB(386)) - Container 1 is synced with bcsId 0.
2019-10-04 13:07:46,562 [RatisApplyTransactionExecutor 1] INFO  interfaces.Container (KeyValueContainer.java:flushAndSyncDB(386)) - Container 1 is synced with bcsId 0.
2019-10-04 13:07:46,562 [RatisApplyTransactionExecutor 1] INFO  interfaces.Container (KeyValueContainer.java:flushAndSyncDB(386)) - Container 1 is synced with bcsId 0.
2019-10-04 13:07:46,574 [RatisApplyTransactionExecutor 1] INFO  interfaces.Container (KeyValueContainer.java:close(335)) - Container 1 is closed with bcsId 0.
2019-10-04 13:07:46,574 [RatisApplyTransactionExecutor 1] INFO  interfaces.Container (KeyValueContainer.java:close(335)) - Container 1 is closed with bcsId 0.
2019-10-04 13:07:46,578 [EventQueue-IncrementalContainerReportForIncrementalContainerReportHandler] WARN  container.IncrementalContainerReportHandler (AbstractContainerReportHandler.java:updateContainerState(143)) - Container #1 is in OPEN state, but the datanode 87034fde-e441-4e00-ad01-556b8fb0c48f{ip: 192.168.30.24, host: pr-hdds-2222-6g2n6-3934316592, networkLocation: /default-rack, certSerialId: null} reports an CLOSED replica.
2019-10-04 13:07:46,578 [EventQueue-IncrementalContainerReportForIncrementalContainerReportHandler] WARN  container.IncrementalContainerReportHandler (AbstractContainerReportHandler.java:updateContainerState(143)) - Container #1 is in OPEN state, but the datanode 8c5bbc8d-79dc-4324-8a2f-ee0acfcb7d33{ip: 192.168.30.24, host: pr-hdds-2222-6g2n6-3934316592, networkLocation: /default-rack, certSerialId: null} reports an CLOSED replica.
2019-10-04 13:07:48,836 [grpc-default-executor-5] WARN  server.GrpcLogAppender (LogUtils.java:warn(134)) - 87034fde-e441-4e00-ad01-556b8fb0c48f@group-6F089FBF2C49->4c53f4bb-0fdc-44b1-8217-26d46fcca4ea-AppendLogResponseHandler: Failed appendEntries: org.apache.ratis.thirdparty.io.grpc.StatusRuntimeException: UNAVAILABLE: io exception
2019-10-04 13:07:48,837 [grpc-default-executor-5] INFO  impl.FollowerInfo (FollowerInfo.java:lambda$new$0(51)) - 87034fde-e441-4e00-ad01-556b8fb0c48f@group-6F089FBF2C49->4c53f4bb-0fdc-44b1-8217-26d46fcca4ea: nextIndex: updateUnconditionally 2 -> 1
2019-10-04 13:07:49,582 [main] WARN  scm.XceiverClientRatis (XceiverClientRatis.java:watchForCommit(292)) - 3 way commit failed on pipeline Pipeline[ Id: a19535d7-73d3-4de4-9068-6f089fbf2c49, Nodes: 4c53f4bb-0fdc-44b1-8217-26d46fcca4ea{ip: 192.168.30.24, host: pr-hdds-2222-6g2n6-3934316592, networkLocation: /default-rack, certSerialId: null}8c5bbc8d-79dc-4324-8a2f-ee0acfcb7d33{ip: 192.168.30.24, host: pr-hdds-2222-6g2n6-3934316592, networkLocation: /default-rack, certSerialId: null}87034fde-e441-4e00-ad01-556b8fb0c48f{ip: 192.168.30.24, host: pr-hdds-2222-6g2n6-3934316592, networkLocation: /default-rack, certSerialId: null}, Type:RATIS, Factor:THREE, State:OPEN]
java.util.concurrent.TimeoutException
	at java.util.concurrent.CompletableFuture.timedGet(CompletableFuture.java:1771)
	at java.util.concurrent.CompletableFuture.get(CompletableFuture.java:1915)
	at org.apache.hadoop.hdds.scm.XceiverClientRatis.watchForCommit(XceiverClientRatis.java:289)
	at org.apache.hadoop.ozone.client.rpc.TestWatchForCommit.test2WayCommitForTimeoutException(TestWatchForCommit.java:391)
	at sun.reflect.NativeMethodAccessorImpl.invoke0(Native Method)
	at sun.reflect.NativeMethodAccessorImpl.invoke(NativeMethodAccessorImpl.java:62)
	at sun.reflect.DelegatingMethodAccessorImpl.invoke(DelegatingMethodAccessorImpl.java:43)
	at java.lang.reflect.Method.invoke(Method.java:498)
	at org.junit.runners.model.FrameworkMethod$1.runReflectiveCall(FrameworkMethod.java:47)
	at org.junit.internal.runners.model.ReflectiveCallable.run(ReflectiveCallable.java:12)
	at org.junit.runners.model.FrameworkMethod.invokeExplosively(FrameworkMethod.java:44)
	at org.junit.internal.runners.statements.InvokeMethod.evaluate(InvokeMethod.java:17)
	at org.junit.runners.ParentRunner.runLeaf(ParentRunner.java:271)
	at org.junit.runners.BlockJUnit4ClassRunner.runChild(BlockJUnit4ClassRunner.java:70)
	at org.junit.runners.BlockJUnit4ClassRunner.runChild(BlockJUnit4ClassRunner.java:50)
	at org.junit.runners.ParentRunner$3.run(ParentRunner.java:238)
	at org.junit.runners.ParentRunner$1.schedule(ParentRunner.java:63)
	at org.junit.runners.ParentRunner.runChildren(ParentRunner.java:236)
	at org.junit.runners.ParentRunner.access$000(ParentRunner.java:53)
	at org.junit.runners.ParentRunner$2.evaluate(ParentRunner.java:229)
	at org.junit.runners.ParentRunner.run(ParentRunner.java:309)
	at org.apache.maven.surefire.junit4.JUnit4Provider.execute(JUnit4Provider.java:365)
	at org.apache.maven.surefire.junit4.JUnit4Provider.executeWithRerun(JUnit4Provider.java:273)
	at org.apache.maven.surefire.junit4.JUnit4Provider.executeTestSet(JUnit4Provider.java:238)
	at org.apache.maven.surefire.junit4.JUnit4Provider.invoke(JUnit4Provider.java:159)
	at org.apache.maven.surefire.booter.ForkedBooter.invokeProviderInSameClassLoader(ForkedBooter.java:384)
	at org.apache.maven.surefire.booter.ForkedBooter.runSuitesInProcess(ForkedBooter.java:345)
	at org.apache.maven.surefire.booter.ForkedBooter.execute(ForkedBooter.java:126)
	at org.apache.maven.surefire.booter.ForkedBooter.main(ForkedBooter.java:418)
2019-10-04 13:07:51,334 [grpc-default-executor-9] WARN  server.GrpcLogAppender (LogUtils.java:warn(134)) - 87034fde-e441-4e00-ad01-556b8fb0c48f@group-6F089FBF2C49->4c53f4bb-0fdc-44b1-8217-26d46fcca4ea-AppendLogResponseHandler: Failed appendEntries: org.apache.ratis.thirdparty.io.grpc.StatusRuntimeException: UNAVAILABLE: io exception
2019-10-04 13:07:51,339 [grpc-default-executor-9] INFO  impl.FollowerInfo (FollowerInfo.java:lambda$new$0(51)) - 87034fde-e441-4e00-ad01-556b8fb0c48f@group-6F089FBF2C49->4c53f4bb-0fdc-44b1-8217-26d46fcca4ea: nextIndex: updateUnconditionally 1 -> 0
]]></system-out>
    <system-err><![CDATA[Oct 04, 2019 1:07:46 PM org.apache.ratis.thirdparty.io.grpc.internal.SerializingExecutor run
SEVERE: Exception while executing runnable org.apache.ratis.thirdparty.io.grpc.internal.ServerImpl$JumpToApplicationThreadServerStreamListener$1Closed@4f7005d1
org.apache.ratis.thirdparty.io.grpc.StatusRuntimeException: CANCELLED: call already cancelled
	at org.apache.ratis.thirdparty.io.grpc.Status.asRuntimeException(Status.java:517)
	at org.apache.ratis.thirdparty.io.grpc.stub.ServerCalls$ServerCallStreamObserverImpl.onCompleted(ServerCalls.java:356)
	at org.apache.ratis.grpc.server.GrpcServerProtocolService$ServerRequestStreamObserver.onError(GrpcServerProtocolService.java:121)
	at org.apache.ratis.thirdparty.io.grpc.stub.ServerCalls$StreamingServerCallHandler$StreamingServerCallListener.onCancel(ServerCalls.java:269)
	at org.apache.ratis.thirdparty.io.grpc.internal.ServerCallImpl$ServerStreamListenerImpl.closed(ServerCallImpl.java:293)
	at org.apache.ratis.thirdparty.io.grpc.internal.ServerImpl$JumpToApplicationThreadServerStreamListener$1Closed.runInContext(ServerImpl.java:741)
	at org.apache.ratis.thirdparty.io.grpc.internal.ContextRunnable.run(ContextRunnable.java:37)
	at org.apache.ratis.thirdparty.io.grpc.internal.SerializingExecutor.run(SerializingExecutor.java:123)
	at java.util.concurrent.ThreadPoolExecutor.runWorker(ThreadPoolExecutor.java:1149)
	at java.util.concurrent.ThreadPoolExecutor$Worker.run(ThreadPoolExecutor.java:624)
	at java.lang.Thread.run(Thread.java:748)

]]></system-err>
  </testcase>
</testsuite>