<?xml version="1.0" encoding="UTF-8"?>
<testsuite xmlns:xsi="http://www.w3.org/2001/XMLSchema-instance" xsi:noNamespaceSchemaLocation="https://maven.apache.org/surefire/maven-surefire-plugin/xsd/surefire-test-report.xsd" name="org.apache.hadoop.ozone.client.rpc.Test2WayCommitInRatis" time="32.266" tests="1" errors="1" skipped="0" failures="0">
  <properties>
    <property name="awt.toolkit" value="sun.awt.X11.XToolkit"/>
    <property name="file.encoding.pkg" value="sun.io"/>
    <property name="java.specification.version" value="1.8"/>
    <property name="sun.cpu.isalist" value=""/>
    <property name="sun.jnu.encoding" value="UTF-8"/>
    <property name="java.class.path" value="/workdir/hadoop-ozone/integration-test/target/test-classes:/workdir/hadoop-ozone/integration-test/target/classes:/home/user/.m2/repository/org/apache/hadoop/hadoop-ozone-common/0.5.0-SNAPSHOT/hadoop-ozone-common-0.5.0-SNAPSHOT.jar:/home/user/.m2/repository/org/apache/commons/commons-compress/1.4.1/commons-compress-1.4.1.jar:/home/user/.m2/repository/org/tukaani/xz/1.0/xz-1.0.jar:/home/user/.m2/repository/org/apache/hadoop/hadoop-common/3.2.0/hadoop-common-3.2.0.jar:/home/user/.m2/repository/org/apache/hadoop/hadoop-hdfs/3.2.0/hadoop-hdfs-3.2.0.jar:/home/user/.m2/repository/org/apache/hadoop/hadoop-hdfs-client/3.2.0/hadoop-hdfs-client-3.2.0.jar:/home/user/.m2/repository/com/fasterxml/jackson/core/jackson-annotations/2.9.9/jackson-annotations-2.9.9.jar:/home/user/.m2/repository/org/apache/hadoop/hadoop-hdds-common/0.5.0-SNAPSHOT/hadoop-hdds-common-0.5.0-SNAPSHOT.jar:/home/user/.m2/repository/javax/annotation/javax.annotation-api/1.2/javax.annotation-api-1.2.jar:/home/user/.m2/repository/org/apache/ratis/ratis-server/0.5.0-201fc85-SNAPSHOT/ratis-server-0.5.0-201fc85-SNAPSHOT.jar:/home/user/.m2/repository/org/apache/ratis/ratis-thirdparty-misc/0.2.0/ratis-thirdparty-misc-0.2.0.jar:/home/user/.m2/repository/org/apache/ratis/ratis-proto/0.5.0-201fc85-SNAPSHOT/ratis-proto-0.5.0-201fc85-SNAPSHOT.jar:/home/user/.m2/repository/org/apache/ratis/ratis-common/0.5.0-201fc85-SNAPSHOT/ratis-common-0.5.0-201fc85-SNAPSHOT.jar:/home/user/.m2/repository/org/apache/ratis/ratis-client/0.5.0-201fc85-SNAPSHOT/ratis-client-0.5.0-201fc85-SNAPSHOT.jar:/home/user/.m2/repository/org/apache/ratis/ratis-metrics/0.5.0-201fc85-SNAPSHOT/ratis-metrics-0.5.0-201fc85-SNAPSHOT.jar:/home/user/.m2/repository/com/github/joshelser/dropwizard-metrics-hadoop-metrics2-reporter/0.1.2/dropwizard-metrics-hadoop-metrics2-reporter-0.1.2.jar:/home/user/.m2/repository/io/dropwizard/metrics/metrics-jvm/3.2.5/metrics-jvm-3.2.5.jar:/home/user/.m2/repository/io/dropwizard/metrics/metrics-ganglia/3.2.5/metrics-ganglia-3.2.5.jar:/home/user/.m2/repository/info/ganglia/gmetric4j/gmetric4j/1.0.7/gmetric4j-1.0.7.jar:/home/user/.m2/repository/org/apache/ratis/ratis-netty/0.5.0-201fc85-SNAPSHOT/ratis-netty-0.5.0-201fc85-SNAPSHOT.jar:/home/user/.m2/repository/org/apache/ratis/ratis-grpc/0.5.0-201fc85-SNAPSHOT/ratis-grpc-0.5.0-201fc85-SNAPSHOT.jar:/home/user/.m2/repository/org/rocksdb/rocksdbjni/6.0.1/rocksdbjni-6.0.1.jar:/home/user/.m2/repository/org/apache/logging/log4j/log4j-api/2.11.0/log4j-api-2.11.0.jar:/home/user/.m2/repository/org/apache/logging/log4j/log4j-core/2.11.0/log4j-core-2.11.0.jar:/home/user/.m2/repository/com/lmax/disruptor/3.4.2/disruptor-3.4.2.jar:/home/user/.m2/repository/org/apache/commons/commons-pool2/2.6.0/commons-pool2-2.6.0.jar:/home/user/.m2/repository/org/bouncycastle/bcpkix-jdk15on/1.60/bcpkix-jdk15on-1.60.jar:/home/user/.m2/repository/commons-validator/commons-validator/1.6/commons-validator-1.6.jar:/home/user/.m2/repository/commons-digester/commons-digester/1.8.1/commons-digester-1.8.1.jar:/home/user/.m2/repository/io/jaegertracing/jaeger-client/0.34.0/jaeger-client-0.34.0.jar:/home/user/.m2/repository/io/jaegertracing/jaeger-thrift/0.34.0/jaeger-thrift-0.34.0.jar:/home/user/.m2/repository/org/apache/thrift/libthrift/0.12.0/libthrift-0.12.0.jar:/home/user/.m2/repository/com/squareup/okhttp3/okhttp/3.9.0/okhttp-3.9.0.jar:/home/user/.m2/repository/com/squareup/okio/okio/1.13.0/okio-1.13.0.jar:/home/user/.m2/repository/io/jaegertracing/jaeger-core/0.34.0/jaeger-core-0.34.0.jar:/home/user/.m2/repository/io/jaegertracing/jaeger-tracerresolver/0.34.0/jaeger-tracerresolver-0.34.0.jar:/home/user/.m2/repository/io/opentracing/contrib/opentracing-tracerresolver/0.1.5/opentracing-tracerresolver-0.1.5.jar:/home/user/.m2/repository/io/opentracing/opentracing-util/0.31.0/opentracing-util-0.31.0.jar:/home/user/.m2/repository/io/opentracing/opentracing-api/0.31.0/opentracing-api-0.31.0.jar:/home/user/.m2/repository/io/opentracing/opentracing-noop/0.31.0/opentracing-noop-0.31.0.jar:/home/user/.m2/repository/org/apache/hadoop/hadoop-hdds-server-framework/0.5.0-SNAPSHOT/hadoop-hdds-server-framework-0.5.0-SNAPSHOT.jar:/home/user/.m2/repository/org/apache/hadoop/hadoop-hdds-container-service/0.5.0-SNAPSHOT/hadoop-hdds-container-service-0.5.0-SNAPSHOT.jar:/home/user/.m2/repository/org/apache/hadoop/hadoop-hdds-client/0.5.0-SNAPSHOT/hadoop-hdds-client-0.5.0-SNAPSHOT.jar:/home/user/.m2/repository/org/apache/hadoop/hadoop-hdds-tools/0.5.0-SNAPSHOT/hadoop-hdds-tools-0.5.0-SNAPSHOT.jar:/home/user/.m2/repository/org/apache/hadoop/hadoop-hdds-server-scm/0.5.0-SNAPSHOT/hadoop-hdds-server-scm-0.5.0-SNAPSHOT.jar:/home/user/.m2/repository/org/apache/hadoop/hadoop-hdds-docs/0.5.0-SNAPSHOT/hadoop-hdds-docs-0.5.0-SNAPSHOT.jar:/home/user/.m2/repository/io/dropwizard/metrics/metrics-core/3.2.4/metrics-core-3.2.4.jar:/home/user/.m2/repository/org/hamcrest/hamcrest-all/1.3/hamcrest-all-1.3.jar:/home/user/.m2/repository/org/bouncycastle/bcprov-jdk15on/1.60/bcprov-jdk15on-1.60.jar:/home/user/.m2/repository/info/picocli/picocli/3.9.6/picocli-3.9.6.jar:/home/user/.m2/repository/com/google/protobuf/protobuf-java/2.5.0/protobuf-java-2.5.0.jar:/home/user/.m2/repository/com/google/guava/guava/11.0.2/guava-11.0.2.jar:/home/user/.m2/repository/org/apache/hadoop/hadoop-ozone-ozone-manager/0.5.0-SNAPSHOT/hadoop-ozone-ozone-manager-0.5.0-SNAPSHOT.jar:/home/user/.m2/repository/org/apache/hadoop/hadoop-minikdc/3.2.0/hadoop-minikdc-3.2.0.jar:/home/user/.m2/repository/commons-io/commons-io/2.5/commons-io-2.5.jar:/home/user/.m2/repository/org/apache/kerby/kerb-simplekdc/1.0.1/kerb-simplekdc-1.0.1.jar:/home/user/.m2/repository/org/apache/kerby/kerb-client/1.0.1/kerb-client-1.0.1.jar:/home/user/.m2/repository/org/apache/kerby/kerby-config/1.0.1/kerby-config-1.0.1.jar:/home/user/.m2/repository/org/apache/kerby/kerb-core/1.0.1/kerb-core-1.0.1.jar:/home/user/.m2/repository/org/apache/kerby/kerby-pkix/1.0.1/kerby-pkix-1.0.1.jar:/home/user/.m2/repository/org/apache/kerby/kerby-asn1/1.0.1/kerby-asn1-1.0.1.jar:/home/user/.m2/repository/org/apache/kerby/kerby-util/1.0.1/kerby-util-1.0.1.jar:/home/user/.m2/repository/org/apache/kerby/kerb-common/1.0.1/kerb-common-1.0.1.jar:/home/user/.m2/repository/org/apache/kerby/kerb-crypto/1.0.1/kerb-crypto-1.0.1.jar:/home/user/.m2/repository/org/apache/kerby/kerb-util/1.0.1/kerb-util-1.0.1.jar:/home/user/.m2/repository/org/apache/kerby/token-provider/1.0.1/token-provider-1.0.1.jar:/home/user/.m2/repository/org/apache/kerby/kerb-admin/1.0.1/kerb-admin-1.0.1.jar:/home/user/.m2/repository/org/apache/kerby/kerb-server/1.0.1/kerb-server-1.0.1.jar:/home/user/.m2/repository/org/apache/kerby/kerb-identity/1.0.1/kerb-identity-1.0.1.jar:/home/user/.m2/repository/org/apache/kerby/kerby-xdr/1.0.1/kerby-xdr-1.0.1.jar:/home/user/.m2/repository/org/slf4j/slf4j-log4j12/1.7.25/slf4j-log4j12-1.7.25.jar:/home/user/.m2/repository/org/apache/hadoop/hadoop-ozone-s3gateway/0.5.0-SNAPSHOT/hadoop-ozone-s3gateway-0.5.0-SNAPSHOT.jar:/home/user/.m2/repository/org/jboss/weld/servlet/weld-servlet/2.4.7.Final/weld-servlet-2.4.7.Final.jar:/home/user/.m2/repository/org/glassfish/jersey/containers/jersey-container-servlet-core/2.27/jersey-container-servlet-core-2.27.jar:/home/user/.m2/repository/org/glassfish/hk2/external/javax.inject/2.5.0-b42/javax.inject-2.5.0-b42.jar:/home/user/.m2/repository/org/glassfish/jersey/core/jersey-common/2.27/jersey-common-2.27.jar:/home/user/.m2/repository/org/glassfish/hk2/osgi-resource-locator/1.0.1/osgi-resource-locator-1.0.1.jar:/home/user/.m2/repository/javax/ws/rs/javax.ws.rs-api/2.1/javax.ws.rs-api-2.1.jar:/home/user/.m2/repository/org/glassfish/jersey/ext/cdi/jersey-cdi1x/2.27/jersey-cdi1x-2.27.jar:/home/user/.m2/repository/org/glassfish/jersey/inject/jersey-hk2/2.27/jersey-hk2-2.27.jar:/home/user/.m2/repository/org/glassfish/hk2/hk2-locator/2.5.0-b42/hk2-locator-2.5.0-b42.jar:/home/user/.m2/repository/org/javassist/javassist/3.22.0-CR2/javassist-3.22.0-CR2.jar:/home/user/.m2/repository/org/glassfish/hk2/hk2-api/2.5.0/hk2-api-2.5.0.jar:/home/user/.m2/repository/org/glassfish/hk2/external/jakarta.inject/2.5.0/jakarta.inject-2.5.0.jar:/home/user/.m2/repository/org/glassfish/hk2/hk2-utils/2.5.0/hk2-utils-2.5.0.jar:/home/user/.m2/repository/jakarta/annotation/jakarta.annotation-api/1.3.4/jakarta.annotation-api-1.3.4.jar:/home/user/.m2/repository/org/glassfish/hk2/external/aopalliance-repackaged/2.5.0/aopalliance-repackaged-2.5.0.jar:/home/user/.m2/repository/com/fasterxml/jackson/dataformat/jackson-dataformat-xml/2.9.0/jackson-dataformat-xml-2.9.0.jar:/home/user/.m2/repository/com/fasterxml/jackson/core/jackson-core/2.9.9/jackson-core-2.9.9.jar:/home/user/.m2/repository/com/fasterxml/jackson/module/jackson-module-jaxb-annotations/2.9.9/jackson-module-jaxb-annotations-2.9.9.jar:/home/user/.m2/repository/javax/enterprise/cdi-api/1.2/cdi-api-1.2.jar:/home/user/.m2/repository/javax/el/javax.el-api/3.0.0/javax.el-api-3.0.0.jar:/home/user/.m2/repository/javax/interceptor/javax.interceptor-api/1.2/javax.interceptor-api-1.2.jar:/home/user/.m2/repository/javax/inject/javax.inject/1/javax.inject-1.jar:/home/user/.m2/repository/com/sun/xml/bind/jaxb-impl/2.3.0.1/jaxb-impl-2.3.0.1.jar:/home/user/.m2/repository/com/sun/xml/bind/jaxb-core/2.3.0.1/jaxb-core-2.3.0.1.jar:/home/user/.m2/repository/javax/xml/bind/jaxb-api/2.3.0/jaxb-api-2.3.0.jar:/home/user/.m2/repository/javax/activation/activation/1.1.1/activation-1.1.1.jar:/home/user/.m2/repository/org/apache/hadoop/hadoop-ozone-csi/0.5.0-SNAPSHOT/hadoop-ozone-csi-0.5.0-SNAPSHOT.jar:/home/user/.m2/repository/com/google/protobuf/protobuf-java-util/3.5.1/protobuf-java-util-3.5.1.jar:/home/user/.m2/repository/org/apache/hadoop/hadoop-hdds-config/0.5.0-SNAPSHOT/hadoop-hdds-config-0.5.0-SNAPSHOT.jar:/home/user/.m2/repository/io/grpc/grpc-netty/1.17.1/grpc-netty-1.17.1.jar:/home/user/.m2/repository/io/grpc/grpc-core/1.17.1/grpc-core-1.17.1.jar:/home/user/.m2/repository/io/grpc/grpc-context/1.17.1/grpc-context-1.17.1.jar:/home/user/.m2/repository/com/google/errorprone/error_prone_annotations/2.2.0/error_prone_annotations-2.2.0.jar:/home/user/.m2/repository/org/codehaus/mojo/animal-sniffer-annotations/1.17/animal-sniffer-annotations-1.17.jar:/home/user/.m2/repository/io/opencensus/opencensus-api/0.17.0/opencensus-api-0.17.0.jar:/home/user/.m2/repository/io/opencensus/opencensus-contrib-grpc-metrics/0.17.0/opencensus-contrib-grpc-metrics-0.17.0.jar:/home/user/.m2/repository/io/netty/netty-codec-http2/4.1.30.Final/netty-codec-http2-4.1.30.Final.jar:/home/user/.m2/repository/io/netty/netty-codec-http/4.1.30.Final/netty-codec-http-4.1.30.Final.jar:/home/user/.m2/repository/io/netty/netty-codec/4.1.30.Final/netty-codec-4.1.30.Final.jar:/home/user/.m2/repository/io/netty/netty-handler/4.1.30.Final/netty-handler-4.1.30.Final.jar:/home/user/.m2/repository/io/netty/netty-handler-proxy/4.1.30.Final/netty-handler-proxy-4.1.30.Final.jar:/home/user/.m2/repository/io/netty/netty-codec-socks/4.1.30.Final/netty-codec-socks-4.1.30.Final.jar:/home/user/.m2/repository/io/netty/netty-transport-native-epoll/4.1.30.Final/netty-transport-native-epoll-4.1.30.Final.jar:/home/user/.m2/repository/io/netty/netty-common/4.1.30.Final/netty-common-4.1.30.Final.jar:/home/user/.m2/repository/io/netty/netty-buffer/4.1.30.Final/netty-buffer-4.1.30.Final.jar:/home/user/.m2/repository/io/netty/netty-transport/4.1.30.Final/netty-transport-4.1.30.Final.jar:/home/user/.m2/repository/io/netty/netty-resolver/4.1.30.Final/netty-resolver-4.1.30.Final.jar:/home/user/.m2/repository/io/netty/netty-transport-native-unix-common/4.1.30.Final/netty-transport-native-unix-common-4.1.30.Final.jar:/home/user/.m2/repository/io/grpc/grpc-protobuf/1.17.1/grpc-protobuf-1.17.1.jar:/home/user/.m2/repository/com/google/api/grpc/proto-google-common-protos/1.0.0/proto-google-common-protos-1.0.0.jar:/home/user/.m2/repository/io/grpc/grpc-protobuf-lite/1.17.1/grpc-protobuf-lite-1.17.1.jar:/home/user/.m2/repository/io/grpc/grpc-stub/1.17.1/grpc-stub-1.17.1.jar:/home/user/.m2/repository/org/apache/hadoop/hadoop-ozone-recon/0.5.0-SNAPSHOT/hadoop-ozone-recon-0.5.0-SNAPSHOT.jar:/home/user/.m2/repository/org/apache/hadoop/hadoop-ozone-reconcodegen/0.5.0-SNAPSHOT/hadoop-ozone-reconcodegen-0.5.0-SNAPSHOT.jar:/home/user/.m2/repository/com/google/inject/extensions/guice-multibindings/4.0/guice-multibindings-4.0.jar:/home/user/.m2/repository/com/google/inject/guice/4.0/guice-4.0.jar:/home/user/.m2/repository/aopalliance/aopalliance/1.0/aopalliance-1.0.jar:/home/user/.m2/repository/com/google/inject/extensions/guice-servlet/4.0/guice-servlet-4.0.jar:/home/user/.m2/repository/org/glassfish/jersey/containers/jersey-container-servlet/2.27/jersey-container-servlet-2.27.jar:/home/user/.m2/repository/org/glassfish/hk2/guice-bridge/2.5.0/guice-bridge-2.5.0.jar:/home/user/.m2/repository/org/glassfish/jersey/core/jersey-server/2.27/jersey-server-2.27.jar:/home/user/.m2/repository/org/glassfish/jersey/core/jersey-client/2.27/jersey-client-2.27.jar:/home/user/.m2/repository/org/glassfish/jersey/media/jersey-media-jaxb/2.27/jersey-media-jaxb-2.27.jar:/home/user/.m2/repository/javax/validation/validation-api/1.1.0.Final/validation-api-1.1.0.Final.jar:/home/user/.m2/repository/org/glassfish/jersey/media/jersey-media-json-jackson/2.27/jersey-media-json-jackson-2.27.jar:/home/user/.m2/repository/org/glassfish/jersey/ext/jersey-entity-filtering/2.27/jersey-entity-filtering-2.27.jar:/home/user/.m2/repository/com/google/inject/extensions/guice-assistedinject/4.0/guice-assistedinject-4.0.jar:/home/user/.m2/repository/org/jooq/jooq/3.11.10/jooq-3.11.10.jar:/home/user/.m2/repository/org/jooq/jooq-meta/3.11.10/jooq-meta-3.11.10.jar:/home/user/.m2/repository/org/jooq/jooq-codegen/3.11.10/jooq-codegen-3.11.10.jar:/home/user/.m2/repository/com/jolbox/bonecp/0.8.0.RELEASE/bonecp-0.8.0.RELEASE.jar:/home/user/.m2/repository/org/xerial/sqlite-jdbc/3.25.2/sqlite-jdbc-3.25.2.jar:/home/user/.m2/repository/org/springframework/spring-jdbc/5.1.3.RELEASE/spring-jdbc-5.1.3.RELEASE.jar:/home/user/.m2/repository/org/springframework/spring-beans/5.1.3.RELEASE/spring-beans-5.1.3.RELEASE.jar:/home/user/.m2/repository/org/springframework/spring-core/5.1.3.RELEASE/spring-core-5.1.3.RELEASE.jar:/home/user/.m2/repository/org/springframework/spring-jcl/5.1.3.RELEASE/spring-jcl-5.1.3.RELEASE.jar:/home/user/.m2/repository/org/springframework/spring-tx/5.1.3.RELEASE/spring-tx-5.1.3.RELEASE.jar:/home/user/.m2/repository/org/apache/hadoop/hadoop-ozone-client/0.5.0-SNAPSHOT/hadoop-ozone-client-0.5.0-SNAPSHOT.jar:/home/user/.m2/repository/commons-lang/commons-lang/2.6/commons-lang-2.6.jar:/home/user/.m2/repository/org/apache/hadoop/hadoop-ozone-ozone-manager/0.5.0-SNAPSHOT/hadoop-ozone-ozone-manager-0.5.0-SNAPSHOT-tests.jar:/home/user/.m2/repository/junit/junit/4.11/junit-4.11.jar:/home/user/.m2/repository/org/hamcrest/hamcrest-core/1.3/hamcrest-core-1.3.jar:/home/user/.m2/repository/org/openjdk/jmh/jmh-core/1.19/jmh-core-1.19.jar:/home/user/.m2/repository/net/sf/jopt-simple/jopt-simple/4.6/jopt-simple-4.6.jar:/home/user/.m2/repository/org/apache/commons/commons-math3/3.1.1/commons-math3-3.1.1.jar:/home/user/.m2/repository/org/openjdk/jmh/jmh-generator-annprocess/1.19/jmh-generator-annprocess-1.19.jar:/home/user/.m2/repository/org/mockito/mockito-all/1.8.5/mockito-all-1.8.5.jar:/home/user/.m2/repository/org/apache/hadoop/hadoop-kms/3.2.0/hadoop-kms-3.2.0.jar:/home/user/.m2/repository/org/apache/hadoop/hadoop-auth/3.2.0/hadoop-auth-3.2.0.jar:/home/user/.m2/repository/com/nimbusds/nimbus-jose-jwt/4.41.1/nimbus-jose-jwt-4.41.1.jar:/home/user/.m2/repository/com/github/stephenc/jcip/jcip-annotations/1.0-1/jcip-annotations-1.0-1.jar:/home/user/.m2/repository/net/minidev/json-smart/2.3/json-smart-2.3.jar:/home/user/.m2/repository/net/minidev/accessors-smart/1.2/accessors-smart-1.2.jar:/home/user/.m2/repository/org/ow2/asm/asm/5.0.4/asm-5.0.4.jar:/home/user/.m2/repository/org/apache/curator/curator-framework/2.12.0/curator-framework-2.12.0.jar:/home/user/.m2/repository/com/sun/jersey/jersey-core/1.19/jersey-core-1.19.jar:/home/user/.m2/repository/javax/ws/rs/jsr311-api/1.1.1/jsr311-api-1.1.1.jar:/home/user/.m2/repository/com/sun/jersey/jersey-server/1.19/jersey-server-1.19.jar:/home/user/.m2/repository/javax/servlet/javax.servlet-api/3.1.0/javax.servlet-api-3.1.0.jar:/home/user/.m2/repository/org/eclipse/jetty/jetty-server/9.3.25.v20180904/jetty-server-9.3.25.v20180904.jar:/home/user/.m2/repository/org/eclipse/jetty/jetty-http/9.3.25.v20180904/jetty-http-9.3.25.v20180904.jar:/home/user/.m2/repository/org/eclipse/jetty/jetty-io/9.3.25.v20180904/jetty-io-9.3.25.v20180904.jar:/home/user/.m2/repository/org/eclipse/jetty/jetty-webapp/9.3.25.v20180904/jetty-webapp-9.3.25.v20180904.jar:/home/user/.m2/repository/org/eclipse/jetty/jetty-xml/9.3.25.v20180904/jetty-xml-9.3.25.v20180904.jar:/home/user/.m2/repository/log4j/log4j/1.2.17/log4j-1.2.17.jar:/home/user/.m2/repository/org/slf4j/slf4j-api/1.7.25/slf4j-api-1.7.25.jar:/home/user/.m2/repository/org/slf4j/jul-to-slf4j/1.7.25/jul-to-slf4j-1.7.25.jar:/home/user/.m2/repository/org/eclipse/jetty/jetty-util/9.3.25.v20180904/jetty-util-9.3.25.v20180904.jar:/home/user/.m2/repository/com/fasterxml/jackson/core/jackson-databind/2.9.9/jackson-databind-2.9.9.jar:/home/user/.m2/repository/org/apache/hadoop/hadoop-kms/3.2.0/hadoop-kms-3.2.0-tests.jar:/home/user/.m2/repository/org/apache/hadoop/hadoop-hdds-server-scm/0.5.0-SNAPSHOT/hadoop-hdds-server-scm-0.5.0-SNAPSHOT-tests.jar:/home/user/.m2/repository/org/apache/hadoop/hadoop-hdds-container-service/0.5.0-SNAPSHOT/hadoop-hdds-container-service-0.5.0-SNAPSHOT-tests.jar:/home/user/.m2/repository/org/yaml/snakeyaml/1.16/snakeyaml-1.16.jar:/home/user/.m2/repository/org/apache/hadoop/hadoop-common/3.2.0/hadoop-common-3.2.0-tests.jar:/home/user/.m2/repository/org/apache/hadoop/hadoop-annotations/3.2.0/hadoop-annotations-3.2.0.jar:/usr/lib/jvm/java-1.8-openjdk/jre/../lib/tools.jar:/home/user/.m2/repository/commons-cli/commons-cli/1.2/commons-cli-1.2.jar:/home/user/.m2/repository/org/apache/httpcomponents/httpclient/4.5.2/httpclient-4.5.2.jar:/home/user/.m2/repository/org/apache/httpcomponents/httpcore/4.4.4/httpcore-4.4.4.jar:/home/user/.m2/repository/commons-codec/commons-codec/1.11/commons-codec-1.11.jar:/home/user/.m2/repository/commons-net/commons-net/3.6/commons-net-3.6.jar:/home/user/.m2/repository/commons-collections/commons-collections/3.2.2/commons-collections-3.2.2.jar:/home/user/.m2/repository/org/eclipse/jetty/jetty-servlet/9.3.25.v20180904/jetty-servlet-9.3.25.v20180904.jar:/home/user/.m2/repository/org/eclipse/jetty/jetty-security/9.3.25.v20180904/jetty-security-9.3.25.v20180904.jar:/home/user/.m2/repository/javax/servlet/jsp/jsp-api/2.1/jsp-api-2.1.jar:/home/user/.m2/repository/com/sun/jersey/jersey-servlet/1.19/jersey-servlet-1.19.jar:/home/user/.m2/repository/com/sun/jersey/jersey-json/1.19/jersey-json-1.19.jar:/home/user/.m2/repository/org/codehaus/jettison/jettison/1.1/jettison-1.1.jar:/home/user/.m2/repository/org/codehaus/jackson/jackson-core-asl/1.9.13/jackson-core-asl-1.9.13.jar:/home/user/.m2/repository/org/codehaus/jackson/jackson-mapper-asl/1.9.13/jackson-mapper-asl-1.9.13.jar:/home/user/.m2/repository/org/codehaus/jackson/jackson-jaxrs/1.9.13/jackson-jaxrs-1.9.13.jar:/home/user/.m2/repository/org/codehaus/jackson/jackson-xc/1.9.13/jackson-xc-1.9.13.jar:/home/user/.m2/repository/commons-logging/commons-logging/1.1.3/commons-logging-1.1.3.jar:/home/user/.m2/repository/commons-beanutils/commons-beanutils/1.9.4/commons-beanutils-1.9.4.jar:/home/user/.m2/repository/org/apache/commons/commons-configuration2/2.1.1/commons-configuration2-2.1.1.jar:/home/user/.m2/repository/org/apache/commons/commons-lang3/3.7/commons-lang3-3.7.jar:/home/user/.m2/repository/org/apache/commons/commons-text/1.4/commons-text-1.4.jar:/home/user/.m2/repository/org/apache/avro/avro/1.7.7/avro-1.7.7.jar:/home/user/.m2/repository/com/thoughtworks/paranamer/paranamer/2.3/paranamer-2.3.jar:/home/user/.m2/repository/org/xerial/snappy/snappy-java/1.0.5/snappy-java-1.0.5.jar:/home/user/.m2/repository/com/google/re2j/re2j/1.1/re2j-1.1.jar:/home/user/.m2/repository/com/google/code/gson/gson/2.2.4/gson-2.2.4.jar:/home/user/.m2/repository/com/jcraft/jsch/0.1.54/jsch-0.1.54.jar:/home/user/.m2/repository/org/apache/curator/curator-client/2.12.0/curator-client-2.12.0.jar:/home/user/.m2/repository/org/apache/curator/curator-recipes/2.12.0/curator-recipes-2.12.0.jar:/home/user/.m2/repository/com/google/code/findbugs/jsr305/3.0.0/jsr305-3.0.0.jar:/home/user/.m2/repository/org/apache/htrace/htrace-core4/4.1.0-incubating/htrace-core4-4.1.0-incubating.jar:/home/user/.m2/repository/org/apache/zookeeper/zookeeper/3.4.13/zookeeper-3.4.13.jar:/home/user/.m2/repository/jline/jline/0.9.94/jline-0.9.94.jar:/home/user/.m2/repository/org/apache/yetus/audience-annotations/0.5.0/audience-annotations-0.5.0.jar:/home/user/.m2/repository/org/codehaus/woodstox/stax2-api/3.1.4/stax2-api-3.1.4.jar:/home/user/.m2/repository/com/fasterxml/woodstox/woodstox-core/5.0.3/woodstox-core-5.0.3.jar:/home/user/.m2/repository/dnsjava/dnsjava/2.1.7/dnsjava-2.1.7.jar:/home/user/.m2/repository/org/apache/hadoop/hadoop-hdfs/3.2.0/hadoop-hdfs-3.2.0-tests.jar:/home/user/.m2/repository/org/eclipse/jetty/jetty-util-ajax/9.3.25.v20180904/jetty-util-ajax-9.3.25.v20180904.jar:/home/user/.m2/repository/commons-daemon/commons-daemon/1.0.13/commons-daemon-1.0.13.jar:/home/user/.m2/repository/io/netty/netty/3.10.5.Final/netty-3.10.5.Final.jar:/home/user/.m2/repository/io/netty/netty-all/4.0.52.Final/netty-all-4.0.52.Final.jar:/home/user/.m2/repository/org/fusesource/leveldbjni/leveldbjni-all/1.8/leveldbjni-all-1.8.jar:"/>
    <property name="java.vm.vendor" value="IcedTea"/>
    <property name="sun.arch.data.model" value="64"/>
    <property name="test.build.dir" value="/workdir/hadoop-ozone/integration-test/target/test-dir"/>
    <property name="test.cache.data" value=""/>
    <property name="java.vendor.url" value="https://icedtea.classpath.org"/>
    <property name="user.timezone" value=""/>
    <property name="java.vm.specification.version" value="1.8"/>
    <property name="os.name" value="Linux"/>
    <property name="test.build.data" value="/workdir/hadoop-ozone/integration-test/target/test-dir"/>
    <property name="user.country" value="US"/>
    <property name="sun.java.launcher" value="SUN_STANDARD"/>
    <property name="sun.boot.library.path" value="/usr/lib/jvm/java-1.8-openjdk/jre/lib/amd64"/>
    <property name="sun.java.command" value="/workdir/hadoop-ozone/integration-test/target/surefire/surefirebooter1449026233509177926.jar /workdir/hadoop-ozone/integration-test/target/surefire 2019-10-04T10-17-19_972-jvmRun1 surefire940299420010116138tmp surefire_631769806931898206435tmp"/>
    <property name="test" value="!TestMiniChaosOzoneCluster"/>
    <property name="surefire.test.class.path" value="/workdir/hadoop-ozone/integration-test/target/test-classes:/workdir/hadoop-ozone/integration-test/target/classes:/home/user/.m2/repository/org/apache/hadoop/hadoop-ozone-common/0.5.0-SNAPSHOT/hadoop-ozone-common-0.5.0-SNAPSHOT.jar:/home/user/.m2/repository/org/apache/commons/commons-compress/1.4.1/commons-compress-1.4.1.jar:/home/user/.m2/repository/org/tukaani/xz/1.0/xz-1.0.jar:/home/user/.m2/repository/org/apache/hadoop/hadoop-common/3.2.0/hadoop-common-3.2.0.jar:/home/user/.m2/repository/org/apache/hadoop/hadoop-hdfs/3.2.0/hadoop-hdfs-3.2.0.jar:/home/user/.m2/repository/org/apache/hadoop/hadoop-hdfs-client/3.2.0/hadoop-hdfs-client-3.2.0.jar:/home/user/.m2/repository/com/fasterxml/jackson/core/jackson-annotations/2.9.9/jackson-annotations-2.9.9.jar:/home/user/.m2/repository/org/apache/hadoop/hadoop-hdds-common/0.5.0-SNAPSHOT/hadoop-hdds-common-0.5.0-SNAPSHOT.jar:/home/user/.m2/repository/javax/annotation/javax.annotation-api/1.2/javax.annotation-api-1.2.jar:/home/user/.m2/repository/org/apache/ratis/ratis-server/0.5.0-201fc85-SNAPSHOT/ratis-server-0.5.0-201fc85-SNAPSHOT.jar:/home/user/.m2/repository/org/apache/ratis/ratis-thirdparty-misc/0.2.0/ratis-thirdparty-misc-0.2.0.jar:/home/user/.m2/repository/org/apache/ratis/ratis-proto/0.5.0-201fc85-SNAPSHOT/ratis-proto-0.5.0-201fc85-SNAPSHOT.jar:/home/user/.m2/repository/org/apache/ratis/ratis-common/0.5.0-201fc85-SNAPSHOT/ratis-common-0.5.0-201fc85-SNAPSHOT.jar:/home/user/.m2/repository/org/apache/ratis/ratis-client/0.5.0-201fc85-SNAPSHOT/ratis-client-0.5.0-201fc85-SNAPSHOT.jar:/home/user/.m2/repository/org/apache/ratis/ratis-metrics/0.5.0-201fc85-SNAPSHOT/ratis-metrics-0.5.0-201fc85-SNAPSHOT.jar:/home/user/.m2/repository/com/github/joshelser/dropwizard-metrics-hadoop-metrics2-reporter/0.1.2/dropwizard-metrics-hadoop-metrics2-reporter-0.1.2.jar:/home/user/.m2/repository/io/dropwizard/metrics/metrics-jvm/3.2.5/metrics-jvm-3.2.5.jar:/home/user/.m2/repository/io/dropwizard/metrics/metrics-ganglia/3.2.5/metrics-ganglia-3.2.5.jar:/home/user/.m2/repository/info/ganglia/gmetric4j/gmetric4j/1.0.7/gmetric4j-1.0.7.jar:/home/user/.m2/repository/org/apache/ratis/ratis-netty/0.5.0-201fc85-SNAPSHOT/ratis-netty-0.5.0-201fc85-SNAPSHOT.jar:/home/user/.m2/repository/org/apache/ratis/ratis-grpc/0.5.0-201fc85-SNAPSHOT/ratis-grpc-0.5.0-201fc85-SNAPSHOT.jar:/home/user/.m2/repository/org/rocksdb/rocksdbjni/6.0.1/rocksdbjni-6.0.1.jar:/home/user/.m2/repository/org/apache/logging/log4j/log4j-api/2.11.0/log4j-api-2.11.0.jar:/home/user/.m2/repository/org/apache/logging/log4j/log4j-core/2.11.0/log4j-core-2.11.0.jar:/home/user/.m2/repository/com/lmax/disruptor/3.4.2/disruptor-3.4.2.jar:/home/user/.m2/repository/org/apache/commons/commons-pool2/2.6.0/commons-pool2-2.6.0.jar:/home/user/.m2/repository/org/bouncycastle/bcpkix-jdk15on/1.60/bcpkix-jdk15on-1.60.jar:/home/user/.m2/repository/commons-validator/commons-validator/1.6/commons-validator-1.6.jar:/home/user/.m2/repository/commons-digester/commons-digester/1.8.1/commons-digester-1.8.1.jar:/home/user/.m2/repository/io/jaegertracing/jaeger-client/0.34.0/jaeger-client-0.34.0.jar:/home/user/.m2/repository/io/jaegertracing/jaeger-thrift/0.34.0/jaeger-thrift-0.34.0.jar:/home/user/.m2/repository/org/apache/thrift/libthrift/0.12.0/libthrift-0.12.0.jar:/home/user/.m2/repository/com/squareup/okhttp3/okhttp/3.9.0/okhttp-3.9.0.jar:/home/user/.m2/repository/com/squareup/okio/okio/1.13.0/okio-1.13.0.jar:/home/user/.m2/repository/io/jaegertracing/jaeger-core/0.34.0/jaeger-core-0.34.0.jar:/home/user/.m2/repository/io/jaegertracing/jaeger-tracerresolver/0.34.0/jaeger-tracerresolver-0.34.0.jar:/home/user/.m2/repository/io/opentracing/contrib/opentracing-tracerresolver/0.1.5/opentracing-tracerresolver-0.1.5.jar:/home/user/.m2/repository/io/opentracing/opentracing-util/0.31.0/opentracing-util-0.31.0.jar:/home/user/.m2/repository/io/opentracing/opentracing-api/0.31.0/opentracing-api-0.31.0.jar:/home/user/.m2/repository/io/opentracing/opentracing-noop/0.31.0/opentracing-noop-0.31.0.jar:/home/user/.m2/repository/org/apache/hadoop/hadoop-hdds-server-framework/0.5.0-SNAPSHOT/hadoop-hdds-server-framework-0.5.0-SNAPSHOT.jar:/home/user/.m2/repository/org/apache/hadoop/hadoop-hdds-container-service/0.5.0-SNAPSHOT/hadoop-hdds-container-service-0.5.0-SNAPSHOT.jar:/home/user/.m2/repository/org/apache/hadoop/hadoop-hdds-client/0.5.0-SNAPSHOT/hadoop-hdds-client-0.5.0-SNAPSHOT.jar:/home/user/.m2/repository/org/apache/hadoop/hadoop-hdds-tools/0.5.0-SNAPSHOT/hadoop-hdds-tools-0.5.0-SNAPSHOT.jar:/home/user/.m2/repository/org/apache/hadoop/hadoop-hdds-server-scm/0.5.0-SNAPSHOT/hadoop-hdds-server-scm-0.5.0-SNAPSHOT.jar:/home/user/.m2/repository/org/apache/hadoop/hadoop-hdds-docs/0.5.0-SNAPSHOT/hadoop-hdds-docs-0.5.0-SNAPSHOT.jar:/home/user/.m2/repository/io/dropwizard/metrics/metrics-core/3.2.4/metrics-core-3.2.4.jar:/home/user/.m2/repository/org/hamcrest/hamcrest-all/1.3/hamcrest-all-1.3.jar:/home/user/.m2/repository/org/bouncycastle/bcprov-jdk15on/1.60/bcprov-jdk15on-1.60.jar:/home/user/.m2/repository/info/picocli/picocli/3.9.6/picocli-3.9.6.jar:/home/user/.m2/repository/com/google/protobuf/protobuf-java/2.5.0/protobuf-java-2.5.0.jar:/home/user/.m2/repository/com/google/guava/guava/11.0.2/guava-11.0.2.jar:/home/user/.m2/repository/org/apache/hadoop/hadoop-ozone-ozone-manager/0.5.0-SNAPSHOT/hadoop-ozone-ozone-manager-0.5.0-SNAPSHOT.jar:/home/user/.m2/repository/org/apache/hadoop/hadoop-minikdc/3.2.0/hadoop-minikdc-3.2.0.jar:/home/user/.m2/repository/commons-io/commons-io/2.5/commons-io-2.5.jar:/home/user/.m2/repository/org/apache/kerby/kerb-simplekdc/1.0.1/kerb-simplekdc-1.0.1.jar:/home/user/.m2/repository/org/apache/kerby/kerb-client/1.0.1/kerb-client-1.0.1.jar:/home/user/.m2/repository/org/apache/kerby/kerby-config/1.0.1/kerby-config-1.0.1.jar:/home/user/.m2/repository/org/apache/kerby/kerb-core/1.0.1/kerb-core-1.0.1.jar:/home/user/.m2/repository/org/apache/kerby/kerby-pkix/1.0.1/kerby-pkix-1.0.1.jar:/home/user/.m2/repository/org/apache/kerby/kerby-asn1/1.0.1/kerby-asn1-1.0.1.jar:/home/user/.m2/repository/org/apache/kerby/kerby-util/1.0.1/kerby-util-1.0.1.jar:/home/user/.m2/repository/org/apache/kerby/kerb-common/1.0.1/kerb-common-1.0.1.jar:/home/user/.m2/repository/org/apache/kerby/kerb-crypto/1.0.1/kerb-crypto-1.0.1.jar:/home/user/.m2/repository/org/apache/kerby/kerb-util/1.0.1/kerb-util-1.0.1.jar:/home/user/.m2/repository/org/apache/kerby/token-provider/1.0.1/token-provider-1.0.1.jar:/home/user/.m2/repository/org/apache/kerby/kerb-admin/1.0.1/kerb-admin-1.0.1.jar:/home/user/.m2/repository/org/apache/kerby/kerb-server/1.0.1/kerb-server-1.0.1.jar:/home/user/.m2/repository/org/apache/kerby/kerb-identity/1.0.1/kerb-identity-1.0.1.jar:/home/user/.m2/repository/org/apache/kerby/kerby-xdr/1.0.1/kerby-xdr-1.0.1.jar:/home/user/.m2/repository/org/slf4j/slf4j-log4j12/1.7.25/slf4j-log4j12-1.7.25.jar:/home/user/.m2/repository/org/apache/hadoop/hadoop-ozone-s3gateway/0.5.0-SNAPSHOT/hadoop-ozone-s3gateway-0.5.0-SNAPSHOT.jar:/home/user/.m2/repository/org/jboss/weld/servlet/weld-servlet/2.4.7.Final/weld-servlet-2.4.7.Final.jar:/home/user/.m2/repository/org/glassfish/jersey/containers/jersey-container-servlet-core/2.27/jersey-container-servlet-core-2.27.jar:/home/user/.m2/repository/org/glassfish/hk2/external/javax.inject/2.5.0-b42/javax.inject-2.5.0-b42.jar:/home/user/.m2/repository/org/glassfish/jersey/core/jersey-common/2.27/jersey-common-2.27.jar:/home/user/.m2/repository/org/glassfish/hk2/osgi-resource-locator/1.0.1/osgi-resource-locator-1.0.1.jar:/home/user/.m2/repository/javax/ws/rs/javax.ws.rs-api/2.1/javax.ws.rs-api-2.1.jar:/home/user/.m2/repository/org/glassfish/jersey/ext/cdi/jersey-cdi1x/2.27/jersey-cdi1x-2.27.jar:/home/user/.m2/repository/org/glassfish/jersey/inject/jersey-hk2/2.27/jersey-hk2-2.27.jar:/home/user/.m2/repository/org/glassfish/hk2/hk2-locator/2.5.0-b42/hk2-locator-2.5.0-b42.jar:/home/user/.m2/repository/org/javassist/javassist/3.22.0-CR2/javassist-3.22.0-CR2.jar:/home/user/.m2/repository/org/glassfish/hk2/hk2-api/2.5.0/hk2-api-2.5.0.jar:/home/user/.m2/repository/org/glassfish/hk2/external/jakarta.inject/2.5.0/jakarta.inject-2.5.0.jar:/home/user/.m2/repository/org/glassfish/hk2/hk2-utils/2.5.0/hk2-utils-2.5.0.jar:/home/user/.m2/repository/jakarta/annotation/jakarta.annotation-api/1.3.4/jakarta.annotation-api-1.3.4.jar:/home/user/.m2/repository/org/glassfish/hk2/external/aopalliance-repackaged/2.5.0/aopalliance-repackaged-2.5.0.jar:/home/user/.m2/repository/com/fasterxml/jackson/dataformat/jackson-dataformat-xml/2.9.0/jackson-dataformat-xml-2.9.0.jar:/home/user/.m2/repository/com/fasterxml/jackson/core/jackson-core/2.9.9/jackson-core-2.9.9.jar:/home/user/.m2/repository/com/fasterxml/jackson/module/jackson-module-jaxb-annotations/2.9.9/jackson-module-jaxb-annotations-2.9.9.jar:/home/user/.m2/repository/javax/enterprise/cdi-api/1.2/cdi-api-1.2.jar:/home/user/.m2/repository/javax/el/javax.el-api/3.0.0/javax.el-api-3.0.0.jar:/home/user/.m2/repository/javax/interceptor/javax.interceptor-api/1.2/javax.interceptor-api-1.2.jar:/home/user/.m2/repository/javax/inject/javax.inject/1/javax.inject-1.jar:/home/user/.m2/repository/com/sun/xml/bind/jaxb-impl/2.3.0.1/jaxb-impl-2.3.0.1.jar:/home/user/.m2/repository/com/sun/xml/bind/jaxb-core/2.3.0.1/jaxb-core-2.3.0.1.jar:/home/user/.m2/repository/javax/xml/bind/jaxb-api/2.3.0/jaxb-api-2.3.0.jar:/home/user/.m2/repository/javax/activation/activation/1.1.1/activation-1.1.1.jar:/home/user/.m2/repository/org/apache/hadoop/hadoop-ozone-csi/0.5.0-SNAPSHOT/hadoop-ozone-csi-0.5.0-SNAPSHOT.jar:/home/user/.m2/repository/com/google/protobuf/protobuf-java-util/3.5.1/protobuf-java-util-3.5.1.jar:/home/user/.m2/repository/org/apache/hadoop/hadoop-hdds-config/0.5.0-SNAPSHOT/hadoop-hdds-config-0.5.0-SNAPSHOT.jar:/home/user/.m2/repository/io/grpc/grpc-netty/1.17.1/grpc-netty-1.17.1.jar:/home/user/.m2/repository/io/grpc/grpc-core/1.17.1/grpc-core-1.17.1.jar:/home/user/.m2/repository/io/grpc/grpc-context/1.17.1/grpc-context-1.17.1.jar:/home/user/.m2/repository/com/google/errorprone/error_prone_annotations/2.2.0/error_prone_annotations-2.2.0.jar:/home/user/.m2/repository/org/codehaus/mojo/animal-sniffer-annotations/1.17/animal-sniffer-annotations-1.17.jar:/home/user/.m2/repository/io/opencensus/opencensus-api/0.17.0/opencensus-api-0.17.0.jar:/home/user/.m2/repository/io/opencensus/opencensus-contrib-grpc-metrics/0.17.0/opencensus-contrib-grpc-metrics-0.17.0.jar:/home/user/.m2/repository/io/netty/netty-codec-http2/4.1.30.Final/netty-codec-http2-4.1.30.Final.jar:/home/user/.m2/repository/io/netty/netty-codec-http/4.1.30.Final/netty-codec-http-4.1.30.Final.jar:/home/user/.m2/repository/io/netty/netty-codec/4.1.30.Final/netty-codec-4.1.30.Final.jar:/home/user/.m2/repository/io/netty/netty-handler/4.1.30.Final/netty-handler-4.1.30.Final.jar:/home/user/.m2/repository/io/netty/netty-handler-proxy/4.1.30.Final/netty-handler-proxy-4.1.30.Final.jar:/home/user/.m2/repository/io/netty/netty-codec-socks/4.1.30.Final/netty-codec-socks-4.1.30.Final.jar:/home/user/.m2/repository/io/netty/netty-transport-native-epoll/4.1.30.Final/netty-transport-native-epoll-4.1.30.Final.jar:/home/user/.m2/repository/io/netty/netty-common/4.1.30.Final/netty-common-4.1.30.Final.jar:/home/user/.m2/repository/io/netty/netty-buffer/4.1.30.Final/netty-buffer-4.1.30.Final.jar:/home/user/.m2/repository/io/netty/netty-transport/4.1.30.Final/netty-transport-4.1.30.Final.jar:/home/user/.m2/repository/io/netty/netty-resolver/4.1.30.Final/netty-resolver-4.1.30.Final.jar:/home/user/.m2/repository/io/netty/netty-transport-native-unix-common/4.1.30.Final/netty-transport-native-unix-common-4.1.30.Final.jar:/home/user/.m2/repository/io/grpc/grpc-protobuf/1.17.1/grpc-protobuf-1.17.1.jar:/home/user/.m2/repository/com/google/api/grpc/proto-google-common-protos/1.0.0/proto-google-common-protos-1.0.0.jar:/home/user/.m2/repository/io/grpc/grpc-protobuf-lite/1.17.1/grpc-protobuf-lite-1.17.1.jar:/home/user/.m2/repository/io/grpc/grpc-stub/1.17.1/grpc-stub-1.17.1.jar:/home/user/.m2/repository/org/apache/hadoop/hadoop-ozone-recon/0.5.0-SNAPSHOT/hadoop-ozone-recon-0.5.0-SNAPSHOT.jar:/home/user/.m2/repository/org/apache/hadoop/hadoop-ozone-reconcodegen/0.5.0-SNAPSHOT/hadoop-ozone-reconcodegen-0.5.0-SNAPSHOT.jar:/home/user/.m2/repository/com/google/inject/extensions/guice-multibindings/4.0/guice-multibindings-4.0.jar:/home/user/.m2/repository/com/google/inject/guice/4.0/guice-4.0.jar:/home/user/.m2/repository/aopalliance/aopalliance/1.0/aopalliance-1.0.jar:/home/user/.m2/repository/com/google/inject/extensions/guice-servlet/4.0/guice-servlet-4.0.jar:/home/user/.m2/repository/org/glassfish/jersey/containers/jersey-container-servlet/2.27/jersey-container-servlet-2.27.jar:/home/user/.m2/repository/org/glassfish/hk2/guice-bridge/2.5.0/guice-bridge-2.5.0.jar:/home/user/.m2/repository/org/glassfish/jersey/core/jersey-server/2.27/jersey-server-2.27.jar:/home/user/.m2/repository/org/glassfish/jersey/core/jersey-client/2.27/jersey-client-2.27.jar:/home/user/.m2/repository/org/glassfish/jersey/media/jersey-media-jaxb/2.27/jersey-media-jaxb-2.27.jar:/home/user/.m2/repository/javax/validation/validation-api/1.1.0.Final/validation-api-1.1.0.Final.jar:/home/user/.m2/repository/org/glassfish/jersey/media/jersey-media-json-jackson/2.27/jersey-media-json-jackson-2.27.jar:/home/user/.m2/repository/org/glassfish/jersey/ext/jersey-entity-filtering/2.27/jersey-entity-filtering-2.27.jar:/home/user/.m2/repository/com/google/inject/extensions/guice-assistedinject/4.0/guice-assistedinject-4.0.jar:/home/user/.m2/repository/org/jooq/jooq/3.11.10/jooq-3.11.10.jar:/home/user/.m2/repository/org/jooq/jooq-meta/3.11.10/jooq-meta-3.11.10.jar:/home/user/.m2/repository/org/jooq/jooq-codegen/3.11.10/jooq-codegen-3.11.10.jar:/home/user/.m2/repository/com/jolbox/bonecp/0.8.0.RELEASE/bonecp-0.8.0.RELEASE.jar:/home/user/.m2/repository/org/xerial/sqlite-jdbc/3.25.2/sqlite-jdbc-3.25.2.jar:/home/user/.m2/repository/org/springframework/spring-jdbc/5.1.3.RELEASE/spring-jdbc-5.1.3.RELEASE.jar:/home/user/.m2/repository/org/springframework/spring-beans/5.1.3.RELEASE/spring-beans-5.1.3.RELEASE.jar:/home/user/.m2/repository/org/springframework/spring-core/5.1.3.RELEASE/spring-core-5.1.3.RELEASE.jar:/home/user/.m2/repository/org/springframework/spring-jcl/5.1.3.RELEASE/spring-jcl-5.1.3.RELEASE.jar:/home/user/.m2/repository/org/springframework/spring-tx/5.1.3.RELEASE/spring-tx-5.1.3.RELEASE.jar:/home/user/.m2/repository/org/apache/hadoop/hadoop-ozone-client/0.5.0-SNAPSHOT/hadoop-ozone-client-0.5.0-SNAPSHOT.jar:/home/user/.m2/repository/commons-lang/commons-lang/2.6/commons-lang-2.6.jar:/home/user/.m2/repository/org/apache/hadoop/hadoop-ozone-ozone-manager/0.5.0-SNAPSHOT/hadoop-ozone-ozone-manager-0.5.0-SNAPSHOT-tests.jar:/home/user/.m2/repository/junit/junit/4.11/junit-4.11.jar:/home/user/.m2/repository/org/hamcrest/hamcrest-core/1.3/hamcrest-core-1.3.jar:/home/user/.m2/repository/org/openjdk/jmh/jmh-core/1.19/jmh-core-1.19.jar:/home/user/.m2/repository/net/sf/jopt-simple/jopt-simple/4.6/jopt-simple-4.6.jar:/home/user/.m2/repository/org/apache/commons/commons-math3/3.1.1/commons-math3-3.1.1.jar:/home/user/.m2/repository/org/openjdk/jmh/jmh-generator-annprocess/1.19/jmh-generator-annprocess-1.19.jar:/home/user/.m2/repository/org/mockito/mockito-all/1.8.5/mockito-all-1.8.5.jar:/home/user/.m2/repository/org/apache/hadoop/hadoop-kms/3.2.0/hadoop-kms-3.2.0.jar:/home/user/.m2/repository/org/apache/hadoop/hadoop-auth/3.2.0/hadoop-auth-3.2.0.jar:/home/user/.m2/repository/com/nimbusds/nimbus-jose-jwt/4.41.1/nimbus-jose-jwt-4.41.1.jar:/home/user/.m2/repository/com/github/stephenc/jcip/jcip-annotations/1.0-1/jcip-annotations-1.0-1.jar:/home/user/.m2/repository/net/minidev/json-smart/2.3/json-smart-2.3.jar:/home/user/.m2/repository/net/minidev/accessors-smart/1.2/accessors-smart-1.2.jar:/home/user/.m2/repository/org/ow2/asm/asm/5.0.4/asm-5.0.4.jar:/home/user/.m2/repository/org/apache/curator/curator-framework/2.12.0/curator-framework-2.12.0.jar:/home/user/.m2/repository/com/sun/jersey/jersey-core/1.19/jersey-core-1.19.jar:/home/user/.m2/repository/javax/ws/rs/jsr311-api/1.1.1/jsr311-api-1.1.1.jar:/home/user/.m2/repository/com/sun/jersey/jersey-server/1.19/jersey-server-1.19.jar:/home/user/.m2/repository/javax/servlet/javax.servlet-api/3.1.0/javax.servlet-api-3.1.0.jar:/home/user/.m2/repository/org/eclipse/jetty/jetty-server/9.3.25.v20180904/jetty-server-9.3.25.v20180904.jar:/home/user/.m2/repository/org/eclipse/jetty/jetty-http/9.3.25.v20180904/jetty-http-9.3.25.v20180904.jar:/home/user/.m2/repository/org/eclipse/jetty/jetty-io/9.3.25.v20180904/jetty-io-9.3.25.v20180904.jar:/home/user/.m2/repository/org/eclipse/jetty/jetty-webapp/9.3.25.v20180904/jetty-webapp-9.3.25.v20180904.jar:/home/user/.m2/repository/org/eclipse/jetty/jetty-xml/9.3.25.v20180904/jetty-xml-9.3.25.v20180904.jar:/home/user/.m2/repository/log4j/log4j/1.2.17/log4j-1.2.17.jar:/home/user/.m2/repository/org/slf4j/slf4j-api/1.7.25/slf4j-api-1.7.25.jar:/home/user/.m2/repository/org/slf4j/jul-to-slf4j/1.7.25/jul-to-slf4j-1.7.25.jar:/home/user/.m2/repository/org/eclipse/jetty/jetty-util/9.3.25.v20180904/jetty-util-9.3.25.v20180904.jar:/home/user/.m2/repository/com/fasterxml/jackson/core/jackson-databind/2.9.9/jackson-databind-2.9.9.jar:/home/user/.m2/repository/org/apache/hadoop/hadoop-kms/3.2.0/hadoop-kms-3.2.0-tests.jar:/home/user/.m2/repository/org/apache/hadoop/hadoop-hdds-server-scm/0.5.0-SNAPSHOT/hadoop-hdds-server-scm-0.5.0-SNAPSHOT-tests.jar:/home/user/.m2/repository/org/apache/hadoop/hadoop-hdds-container-service/0.5.0-SNAPSHOT/hadoop-hdds-container-service-0.5.0-SNAPSHOT-tests.jar:/home/user/.m2/repository/org/yaml/snakeyaml/1.16/snakeyaml-1.16.jar:/home/user/.m2/repository/org/apache/hadoop/hadoop-common/3.2.0/hadoop-common-3.2.0-tests.jar:/home/user/.m2/repository/org/apache/hadoop/hadoop-annotations/3.2.0/hadoop-annotations-3.2.0.jar:/usr/lib/jvm/java-1.8-openjdk/jre/../lib/tools.jar:/home/user/.m2/repository/commons-cli/commons-cli/1.2/commons-cli-1.2.jar:/home/user/.m2/repository/org/apache/httpcomponents/httpclient/4.5.2/httpclient-4.5.2.jar:/home/user/.m2/repository/org/apache/httpcomponents/httpcore/4.4.4/httpcore-4.4.4.jar:/home/user/.m2/repository/commons-codec/commons-codec/1.11/commons-codec-1.11.jar:/home/user/.m2/repository/commons-net/commons-net/3.6/commons-net-3.6.jar:/home/user/.m2/repository/commons-collections/commons-collections/3.2.2/commons-collections-3.2.2.jar:/home/user/.m2/repository/org/eclipse/jetty/jetty-servlet/9.3.25.v20180904/jetty-servlet-9.3.25.v20180904.jar:/home/user/.m2/repository/org/eclipse/jetty/jetty-security/9.3.25.v20180904/jetty-security-9.3.25.v20180904.jar:/home/user/.m2/repository/javax/servlet/jsp/jsp-api/2.1/jsp-api-2.1.jar:/home/user/.m2/repository/com/sun/jersey/jersey-servlet/1.19/jersey-servlet-1.19.jar:/home/user/.m2/repository/com/sun/jersey/jersey-json/1.19/jersey-json-1.19.jar:/home/user/.m2/repository/org/codehaus/jettison/jettison/1.1/jettison-1.1.jar:/home/user/.m2/repository/org/codehaus/jackson/jackson-core-asl/1.9.13/jackson-core-asl-1.9.13.jar:/home/user/.m2/repository/org/codehaus/jackson/jackson-mapper-asl/1.9.13/jackson-mapper-asl-1.9.13.jar:/home/user/.m2/repository/org/codehaus/jackson/jackson-jaxrs/1.9.13/jackson-jaxrs-1.9.13.jar:/home/user/.m2/repository/org/codehaus/jackson/jackson-xc/1.9.13/jackson-xc-1.9.13.jar:/home/user/.m2/repository/commons-logging/commons-logging/1.1.3/commons-logging-1.1.3.jar:/home/user/.m2/repository/commons-beanutils/commons-beanutils/1.9.4/commons-beanutils-1.9.4.jar:/home/user/.m2/repository/org/apache/commons/commons-configuration2/2.1.1/commons-configuration2-2.1.1.jar:/home/user/.m2/repository/org/apache/commons/commons-lang3/3.7/commons-lang3-3.7.jar:/home/user/.m2/repository/org/apache/commons/commons-text/1.4/commons-text-1.4.jar:/home/user/.m2/repository/org/apache/avro/avro/1.7.7/avro-1.7.7.jar:/home/user/.m2/repository/com/thoughtworks/paranamer/paranamer/2.3/paranamer-2.3.jar:/home/user/.m2/repository/org/xerial/snappy/snappy-java/1.0.5/snappy-java-1.0.5.jar:/home/user/.m2/repository/com/google/re2j/re2j/1.1/re2j-1.1.jar:/home/user/.m2/repository/com/google/code/gson/gson/2.2.4/gson-2.2.4.jar:/home/user/.m2/repository/com/jcraft/jsch/0.1.54/jsch-0.1.54.jar:/home/user/.m2/repository/org/apache/curator/curator-client/2.12.0/curator-client-2.12.0.jar:/home/user/.m2/repository/org/apache/curator/curator-recipes/2.12.0/curator-recipes-2.12.0.jar:/home/user/.m2/repository/com/google/code/findbugs/jsr305/3.0.0/jsr305-3.0.0.jar:/home/user/.m2/repository/org/apache/htrace/htrace-core4/4.1.0-incubating/htrace-core4-4.1.0-incubating.jar:/home/user/.m2/repository/org/apache/zookeeper/zookeeper/3.4.13/zookeeper-3.4.13.jar:/home/user/.m2/repository/jline/jline/0.9.94/jline-0.9.94.jar:/home/user/.m2/repository/org/apache/yetus/audience-annotations/0.5.0/audience-annotations-0.5.0.jar:/home/user/.m2/repository/org/codehaus/woodstox/stax2-api/3.1.4/stax2-api-3.1.4.jar:/home/user/.m2/repository/com/fasterxml/woodstox/woodstox-core/5.0.3/woodstox-core-5.0.3.jar:/home/user/.m2/repository/dnsjava/dnsjava/2.1.7/dnsjava-2.1.7.jar:/home/user/.m2/repository/org/apache/hadoop/hadoop-hdfs/3.2.0/hadoop-hdfs-3.2.0-tests.jar:/home/user/.m2/repository/org/eclipse/jetty/jetty-util-ajax/9.3.25.v20180904/jetty-util-ajax-9.3.25.v20180904.jar:/home/user/.m2/repository/commons-daemon/commons-daemon/1.0.13/commons-daemon-1.0.13.jar:/home/user/.m2/repository/io/netty/netty/3.10.5.Final/netty-3.10.5.Final.jar:/home/user/.m2/repository/io/netty/netty-all/4.0.52.Final/netty-all-4.0.52.Final.jar:/home/user/.m2/repository/org/fusesource/leveldbjni/leveldbjni-all/1.8/leveldbjni-all-1.8.jar:"/>
    <property name="sun.cpu.endian" value="little"/>
    <property name="user.home" value="/home/user"/>
    <property name="user.language" value="en"/>
    <property name="java.specification.vendor" value="Oracle Corporation"/>
    <property name="java.home" value="/usr/lib/jvm/java-1.8-openjdk/jre"/>
    <property name="java.security.krb5.conf" value="/workdir/hadoop-ozone/integration-test/target/test-classes/krb5.conf"/>
    <property name="basedir" value="/workdir/hadoop-ozone/integration-test"/>
    <property name="file.separator" value="/"/>
    <property name="line.separator" value="&#10;"/>
    <property name="java.vm.specification.vendor" value="Oracle Corporation"/>
    <property name="java.specification.name" value="Java Platform API Specification"/>
    <property name="java.awt.graphicsenv" value="sun.awt.X11GraphicsEnvironment"/>
    <property name="surefire.real.class.path" value="/workdir/hadoop-ozone/integration-test/target/surefire/surefirebooter1449026233509177926.jar"/>
    <property name="hadoop.log.dir" value="/workdir/hadoop-ozone/integration-test/target/log"/>
    <property name="sun.boot.class.path" value="/usr/lib/jvm/java-1.8-openjdk/jre/lib/resources.jar:/usr/lib/jvm/java-1.8-openjdk/jre/lib/rt.jar:/usr/lib/jvm/java-1.8-openjdk/jre/lib/sunrsasign.jar:/usr/lib/jvm/java-1.8-openjdk/jre/lib/jsse.jar:/usr/lib/jvm/java-1.8-openjdk/jre/lib/jce.jar:/usr/lib/jvm/java-1.8-openjdk/jre/lib/charsets.jar:/usr/lib/jvm/java-1.8-openjdk/jre/lib/jfr.jar:/usr/lib/jvm/java-1.8-openjdk/jre/classes"/>
    <property name="sun.management.compiler" value="HotSpot 64-Bit Tiered Compilers"/>
    <property name="java.runtime.version" value="1.8.0_212-b04"/>
    <property name="java.net.preferIPv4Stack" value="true"/>
    <property name="user.name" value="jenkins1000"/>
    <property name="path.separator" value=":"/>
    <property name="java.security.egd" value="file:///dev/urandom"/>
    <property name="os.version" value="3.10.0-957.12.2.el7.x86_64"/>
    <property name="java.endorsed.dirs" value="/usr/lib/jvm/java-1.8-openjdk/jre/lib/endorsed"/>
    <property name="java.runtime.name" value="OpenJDK Runtime Environment"/>
    <property name="file.encoding" value="UTF-8"/>
    <property name="java.vm.name" value="OpenJDK 64-Bit Server VM"/>
    <property name="test.build.webapps" value=""/>
    <property name="localRepository" value="/home/user/.m2/repository"/>
    <property name="java.vendor.url.bug" value="https://icedtea.classpath.org/bugzilla"/>
    <property name="java.io.tmpdir" value="/tmp"/>
    <property name="require.test.libhadoop" value=""/>
    <property name="java.version" value="1.8.0_212"/>
    <property name="user.dir" value="/workdir/hadoop-ozone/integration-test"/>
    <property name="os.arch" value="amd64"/>
    <property name="java.vm.specification.name" value="Java Virtual Machine Specification"/>
    <property name="test.build.classes" value="/workdir/hadoop-ozone/integration-test/target/test-classes"/>
    <property name="java.awt.printerjob" value="sun.print.PSPrinterJob"/>
    <property name="sun.os.patch.level" value="unknown"/>
    <property name="hadoop.tmp.dir" value="/workdir/hadoop-ozone/integration-test/target/tmp"/>
    <property name="java.library.path" value="/usr/lib/jvm/java-1.8-openjdk/jre/lib/amd64/server:/usr/lib/jvm/java-1.8-openjdk/jre/lib/amd64:/usr/lib/jvm/java-1.8-openjdk/jre/../lib/amd64:/workdir/hadoop-ozone/integration-test/target/native/target/usr/local/lib:/workdir/hadoop-ozone/integration-test/../../hadoop-common-project/hadoop-common/target/native/target/usr/local/lib:/usr/java/packages/lib/amd64:/usr/lib64:/lib64:/lib:/usr/lib"/>
    <property name="java.vm.info" value="mixed mode"/>
    <property name="java.vendor" value="IcedTea"/>
    <property name="java.vm.version" value="25.212-b04"/>
    <property name="java.ext.dirs" value="/usr/lib/jvm/java-1.8-openjdk/jre/lib/ext:/usr/java/packages/lib/ext"/>
    <property name="sun.io.unicode.encoding" value="UnicodeLittle"/>
    <property name="java.class.version" value="52.0"/>
  </properties>
  <testcase name="test2WayCommitForRetryfailure" classname="org.apache.hadoop.ozone.client.rpc.Test2WayCommitInRatis" time="32.199">
    <error message="org.apache.ratis.protocol.RaftRetryFailureException: Failed RaftClientRequest:client-B9B540590BC5-&gt;92b02bdd-9214-4414-a3a8-dc2f1111fcbb@group-EAD2D7C7D07D, cid=14, seq=2*, RW, org.apache.hadoop.hdds.scm.XceiverClientRatis$$Lambda$362/2107841088@13b9151f for 20 attempts with RetryLimited(maxAttempts=20, sleepTime=1000ms)" type="java.util.concurrent.ExecutionException">java.util.concurrent.ExecutionException: org.apache.ratis.protocol.RaftRetryFailureException: Failed RaftClientRequest:client-B9B540590BC5->92b02bdd-9214-4414-a3a8-dc2f1111fcbb@group-EAD2D7C7D07D, cid=14, seq=2*, RW, org.apache.hadoop.hdds.scm.XceiverClientRatis$$Lambda$362/2107841088@13b9151f for 20 attempts with RetryLimited(maxAttempts=20, sleepTime=1000ms)
	at java.util.concurrent.CompletableFuture.reportGet(CompletableFuture.java:357)
	at java.util.concurrent.CompletableFuture.get(CompletableFuture.java:1895)
	at org.apache.hadoop.ozone.client.rpc.Test2WayCommitInRatis.test2WayCommitForRetryfailure(Test2WayCommitInRatis.java:144)
	at sun.reflect.NativeMethodAccessorImpl.invoke0(Native Method)
	at sun.reflect.NativeMethodAccessorImpl.invoke(NativeMethodAccessorImpl.java:62)
	at sun.reflect.DelegatingMethodAccessorImpl.invoke(DelegatingMethodAccessorImpl.java:43)
	at java.lang.reflect.Method.invoke(Method.java:498)
	at org.junit.runners.model.FrameworkMethod$1.runReflectiveCall(FrameworkMethod.java:47)
	at org.junit.internal.runners.model.ReflectiveCallable.run(ReflectiveCallable.java:12)
	at org.junit.runners.model.FrameworkMethod.invokeExplosively(FrameworkMethod.java:44)
	at org.junit.internal.runners.statements.InvokeMethod.evaluate(InvokeMethod.java:17)
	at org.junit.runners.ParentRunner.runLeaf(ParentRunner.java:271)
	at org.junit.runners.BlockJUnit4ClassRunner.runChild(BlockJUnit4ClassRunner.java:70)
	at org.junit.runners.BlockJUnit4ClassRunner.runChild(BlockJUnit4ClassRunner.java:50)
	at org.junit.runners.ParentRunner$3.run(ParentRunner.java:238)
	at org.junit.runners.ParentRunner$1.schedule(ParentRunner.java:63)
	at org.junit.runners.ParentRunner.runChildren(ParentRunner.java:236)
	at org.junit.runners.ParentRunner.access$000(ParentRunner.java:53)
	at org.junit.runners.ParentRunner$2.evaluate(ParentRunner.java:229)
	at org.junit.runners.ParentRunner.run(ParentRunner.java:309)
	at org.apache.maven.surefire.junit4.JUnit4Provider.execute(JUnit4Provider.java:365)
	at org.apache.maven.surefire.junit4.JUnit4Provider.executeWithRerun(JUnit4Provider.java:273)
	at org.apache.maven.surefire.junit4.JUnit4Provider.executeTestSet(JUnit4Provider.java:238)
	at org.apache.maven.surefire.junit4.JUnit4Provider.invoke(JUnit4Provider.java:159)
	at org.apache.maven.surefire.booter.ForkedBooter.invokeProviderInSameClassLoader(ForkedBooter.java:384)
	at org.apache.maven.surefire.booter.ForkedBooter.runSuitesInProcess(ForkedBooter.java:345)
	at org.apache.maven.surefire.booter.ForkedBooter.execute(ForkedBooter.java:126)
	at org.apache.maven.surefire.booter.ForkedBooter.main(ForkedBooter.java:418)
Caused by: org.apache.ratis.protocol.RaftRetryFailureException: Failed RaftClientRequest:client-B9B540590BC5->92b02bdd-9214-4414-a3a8-dc2f1111fcbb@group-EAD2D7C7D07D, cid=14, seq=2*, RW, org.apache.hadoop.hdds.scm.XceiverClientRatis$$Lambda$362/2107841088@13b9151f for 20 attempts with RetryLimited(maxAttempts=20, sleepTime=1000ms)
	at org.apache.ratis.client.impl.RaftClientImpl.noMoreRetries(RaftClientImpl.java:271)
	at org.apache.ratis.client.impl.OrderedAsync.handleAsyncRetryFailure(OrderedAsync.java:138)
	at org.apache.ratis.client.impl.OrderedAsync.lambda$sendRequest$10(OrderedAsync.java:230)
	at java.util.concurrent.CompletableFuture.uniExceptionally(CompletableFuture.java:870)
	at java.util.concurrent.CompletableFuture$UniExceptionally.tryFire(CompletableFuture.java:852)
	at java.util.concurrent.CompletableFuture.postComplete(CompletableFuture.java:474)
	at java.util.concurrent.CompletableFuture.completeExceptionally(CompletableFuture.java:1977)
	at org.apache.ratis.grpc.client.GrpcClientProtocolClient$AsyncStreamObservers.completeReplyExceptionally(GrpcClientProtocolClient.java:345)
	at org.apache.ratis.grpc.client.GrpcClientProtocolClient$AsyncStreamObservers.access$000(GrpcClientProtocolClient.java:261)
	at org.apache.ratis.grpc.client.GrpcClientProtocolClient$AsyncStreamObservers$1.onNext(GrpcClientProtocolClient.java:273)
	at org.apache.ratis.grpc.client.GrpcClientProtocolClient$AsyncStreamObservers$1.onNext(GrpcClientProtocolClient.java:264)
	at org.apache.ratis.thirdparty.io.grpc.stub.ClientCalls$StreamObserverToCallListenerAdapter.onMessage(ClientCalls.java:421)
	at org.apache.ratis.thirdparty.io.grpc.ForwardingClientCallListener.onMessage(ForwardingClientCallListener.java:33)
	at org.apache.ratis.thirdparty.io.grpc.ForwardingClientCallListener.onMessage(ForwardingClientCallListener.java:33)
	at org.apache.ratis.thirdparty.io.grpc.internal.ClientCallImpl$ClientStreamListenerImpl$1MessagesAvailable.runInContext(ClientCallImpl.java:519)
	at org.apache.ratis.thirdparty.io.grpc.internal.ContextRunnable.run(ContextRunnable.java:37)
	at org.apache.ratis.thirdparty.io.grpc.internal.SerializingExecutor.run(SerializingExecutor.java:123)
	at java.util.concurrent.ThreadPoolExecutor.runWorker(ThreadPoolExecutor.java:1149)
	at java.util.concurrent.ThreadPoolExecutor$Worker.run(ThreadPoolExecutor.java:624)
	at java.lang.Thread.run(Thread.java:748)
Caused by: org.apache.ratis.protocol.NotLeaderException: Server 92b02bdd-9214-4414-a3a8-dc2f1111fcbb@group-EAD2D7C7D07D is not the leader 8e08b107-dcab-42d4-b054-a31f9cc9d2d3:192.168.151.72:39795
	at org.apache.ratis.client.impl.ClientProtoUtils.toRaftClientReply(ClientProtoUtils.java:243)
	at org.apache.ratis.grpc.client.GrpcClientProtocolClient$AsyncStreamObservers$1.onNext(GrpcClientProtocolClient.java:269)
	... 10 more
</error>
    <system-out><![CDATA[2019-10-04 11:03:27,598 [main] WARN  server.ServerUtils (ServerUtils.java:getScmDbDir(145)) - ozone.scm.db.dirs is not configured. We recommend adding this setting. Falling back to ozone.metadata.dirs instead.
2019-10-04 11:03:27,695 [main] WARN  server.ServerUtils (ServerUtils.java:getScmDbDir(145)) - ozone.scm.db.dirs is not configured. We recommend adding this setting. Falling back to ozone.metadata.dirs instead.
2019-10-04 11:03:27,700 [main] WARN  server.ServerUtils (ServerUtils.java:getScmDbDir(145)) - ozone.scm.db.dirs is not configured. We recommend adding this setting. Falling back to ozone.metadata.dirs instead.
2019-10-04 11:03:27,725 [main] INFO  util.log (Log.java:initialized(192)) - Logging initialized @959ms
2019-10-04 11:03:27,817 [main] INFO  db.DBStoreBuilder (DBStoreBuilder.java:addTable(117)) - using custom profile for table: deletedBlocks
2019-10-04 11:03:27,818 [main] INFO  db.DBStoreBuilder (DBStoreBuilder.java:processTables(168)) - Using default column profile:DBProfile.DISK for Table:deletedBlocks
2019-10-04 11:03:27,818 [main] INFO  db.DBStoreBuilder (DBStoreBuilder.java:addTable(117)) - using custom profile for table: validCerts
2019-10-04 11:03:27,818 [main] INFO  db.DBStoreBuilder (DBStoreBuilder.java:processTables(168)) - Using default column profile:DBProfile.DISK for Table:validCerts
2019-10-04 11:03:27,819 [main] INFO  db.DBStoreBuilder (DBStoreBuilder.java:addTable(117)) - using custom profile for table: revokedCerts
2019-10-04 11:03:27,819 [main] INFO  db.DBStoreBuilder (DBStoreBuilder.java:processTables(168)) - Using default column profile:DBProfile.DISK for Table:revokedCerts
2019-10-04 11:03:27,833 [main] INFO  db.DBStoreBuilder (DBStoreBuilder.java:addTable(117)) - using custom profile for table: default
2019-10-04 11:03:27,833 [main] INFO  db.DBStoreBuilder (DBStoreBuilder.java:processTables(174)) - Using default column profile:DBProfile.DISK for Table:default
2019-10-04 11:03:27,834 [main] INFO  db.DBStoreBuilder (DBStoreBuilder.java:getDbProfile(205)) - Using default options. DBProfile.DISK
2019-10-04 11:03:28,105 [main] INFO  net.NodeSchemaLoader (NodeSchemaLoader.java:loadSchemaFromFile(125)) - Loading file from sun.misc.CompoundEnumeration@2b71e916
2019-10-04 11:03:28,107 [main] INFO  net.NodeSchemaLoader (NodeSchemaLoader.java:loadSchema(171)) - Loading network topology layer schema file
2019-10-04 11:03:28,180 [main] WARN  server.ServerUtils (ServerUtils.java:sanitizeUserArgs(70)) - ozone.scm.stale.node.interval value = 300000 is larger than max = 100000 based on the key value of ozone.scm.heartbeat.thread.interval, reset to the max value 100000.
2019-10-04 11:03:28,182 [main] WARN  server.ServerUtils (ServerUtils.java:sanitizeUserArgs(70)) - ozone.scm.stale.node.interval value = 300000 is larger than max = 100000 based on the key value of ozone.scm.heartbeat.thread.interval, reset to the max value 100000.
2019-10-04 11:03:28,184 [main] INFO  node.SCMNodeManager (SCMNodeManager.java:<init>(114)) - Entering startup safe mode.
2019-10-04 11:03:28,257 [main] INFO  algorithms.ContainerPlacementPolicyFactory (ContainerPlacementPolicyFactory.java:getPolicy(57)) - Create container placement policy of type org.apache.hadoop.hdds.scm.container.placement.algorithms.SCMContainerPlacementRandom
2019-10-04 11:03:28,272 [main] WARN  server.ServerUtils (ServerUtils.java:getScmDbDir(145)) - ozone.scm.db.dirs is not configured. We recommend adding this setting. Falling back to ozone.metadata.dirs instead.
2019-10-04 11:03:28,356 [main] INFO  pipeline.SCMPipelineManager (SCMPipelineManager.java:initializePipelineState(132)) - No pipeline exists in current db
2019-10-04 11:03:28,359 [main] WARN  server.ServerUtils (ServerUtils.java:getScmDbDir(145)) - ozone.scm.db.dirs is not configured. We recommend adding this setting. Falling back to ozone.metadata.dirs instead.
2019-10-04 11:03:28,488 [main] WARN  events.EventQueue (EventQueue.java:fireEvent(183)) - No event handler registered for event TypedEvent{payloadType=SafeModeStatus, name='SafeModeStatus'}
2019-10-04 11:03:28,867 [main] INFO  ipc.CallQueueManager (CallQueueManager.java:<init>(84)) - Using callQueue: class java.util.concurrent.LinkedBlockingQueue, queueCapacity: 2000, scheduler: class org.apache.hadoop.ipc.DefaultRpcScheduler, ipcBackoff: false.
2019-10-04 11:03:28,896 [Socket Reader #1 for port 40593] INFO  ipc.Server (Server.java:run(1074)) - Starting Socket Reader #1 for port 40593
2019-10-04 11:03:29,067 [main] INFO  ipc.CallQueueManager (CallQueueManager.java:<init>(84)) - Using callQueue: class java.util.concurrent.LinkedBlockingQueue, queueCapacity: 2000, scheduler: class org.apache.hadoop.ipc.DefaultRpcScheduler, ipcBackoff: false.
2019-10-04 11:03:29,069 [Socket Reader #1 for port 38875] INFO  ipc.Server (Server.java:run(1074)) - Starting Socket Reader #1 for port 38875
2019-10-04 11:03:29,080 [main] INFO  ipc.CallQueueManager (CallQueueManager.java:<init>(84)) - Using callQueue: class java.util.concurrent.LinkedBlockingQueue, queueCapacity: 2000, scheduler: class org.apache.hadoop.ipc.DefaultRpcScheduler, ipcBackoff: false.
2019-10-04 11:03:29,081 [Socket Reader #1 for port 40978] INFO  ipc.Server (Server.java:run(1074)) - Starting Socket Reader #1 for port 40978
2019-10-04 11:03:29,110 [main] INFO  hdfs.DFSUtil (DFSUtil.java:httpServerTemplateForNNAndJN(1641)) - Starting Web-server for scm at: http://0.0.0.0:0
2019-10-04 11:03:29,297 [main] INFO  server.AuthenticationFilter (AuthenticationFilter.java:constructSecretProvider(240)) - Unable to initialize FileSignerSecretProvider, falling back to use random secrets.
2019-10-04 11:03:29,305 [main] WARN  http.HttpRequestLog (HttpRequestLog.java:getRequestLog(97)) - Jetty request log can only be enabled using Log4j
2019-10-04 11:03:29,314 [main] INFO  http.HttpServer2 (HttpServer2.java:addGlobalFilter(975)) - Added global filter 'safety' (class=org.apache.hadoop.http.HttpServer2$QuotingInputFilter)
2019-10-04 11:03:29,317 [main] INFO  http.HttpServer2 (HttpServer2.java:addFilter(948)) - Added filter static_user_filter (class=org.apache.hadoop.http.lib.StaticUserWebFilter$StaticUserFilter) to context scm
2019-10-04 11:03:29,317 [main] INFO  http.HttpServer2 (HttpServer2.java:addFilter(958)) - Added filter static_user_filter (class=org.apache.hadoop.http.lib.StaticUserWebFilter$StaticUserFilter) to context logs
2019-10-04 11:03:29,317 [main] INFO  http.HttpServer2 (HttpServer2.java:addFilter(958)) - Added filter static_user_filter (class=org.apache.hadoop.http.lib.StaticUserWebFilter$StaticUserFilter) to context static
2019-10-04 11:03:29,353 [main] INFO  server.StorageContainerManager (StorageContainerManager.java:start(770)) - StorageContainerLocationProtocol RPC server is listening at /0.0.0.0:40978
2019-10-04 11:03:29,428 [main] WARN  impl.MetricsConfig (MetricsConfig.java:loadFirst(134)) - Cannot locate configuration: tried hadoop-metrics2-storagecontainermanager.properties,hadoop-metrics2.properties
2019-10-04 11:03:29,443 [main] INFO  impl.MetricsSystemImpl (MetricsSystemImpl.java:startTimer(374)) - Scheduled Metric snapshot period at 10 second(s).
2019-10-04 11:03:29,443 [main] INFO  impl.MetricsSystemImpl (MetricsSystemImpl.java:start(191)) - StorageContainerManager metrics system started
2019-10-04 11:03:29,701 [main] INFO  server.SCMClientProtocolServer (SCMClientProtocolServer.java:start(159)) - RPC server for Client  is listening at /0.0.0.0:40978
2019-10-04 11:03:29,701 [IPC Server listener on 40978] INFO  ipc.Server (Server.java:run(1153)) - IPC Server listener on 40978: starting
2019-10-04 11:03:29,701 [IPC Server Responder] INFO  ipc.Server (Server.java:run(1314)) - IPC Server Responder: starting
2019-10-04 11:03:29,705 [main] INFO  server.StorageContainerManager (StorageContainerManager.java:start(780)) - ScmBlockLocationProtocol RPC server is listening at /0.0.0.0:38875
2019-10-04 11:03:29,705 [main] INFO  server.SCMBlockProtocolServer (SCMBlockProtocolServer.java:start(146)) - RPC server for Block Protocol is listening at /0.0.0.0:38875
2019-10-04 11:03:29,706 [IPC Server Responder] INFO  ipc.Server (Server.java:run(1314)) - IPC Server Responder: starting
2019-10-04 11:03:29,706 [IPC Server listener on 38875] INFO  ipc.Server (Server.java:run(1153)) - IPC Server listener on 38875: starting
2019-10-04 11:03:29,708 [main] INFO  server.StorageContainerManager (StorageContainerManager.java:start(784)) - ScmDatanodeProtocl RPC server is listening at /0.0.0.0:40593
2019-10-04 11:03:29,708 [main] INFO  server.SCMDatanodeProtocolServer (SCMDatanodeProtocolServer.java:start(169)) - RPC server for DataNodes is listening at /0.0.0.0:40593
2019-10-04 11:03:29,709 [IPC Server Responder] INFO  ipc.Server (Server.java:run(1314)) - IPC Server Responder: starting
2019-10-04 11:03:29,709 [IPC Server listener on 40593] INFO  ipc.Server (Server.java:run(1153)) - IPC Server listener on 40593: starting
2019-10-04 11:03:29,713 [main] INFO  http.HttpServer2 (HttpServer2.java:bindListener(1191)) - Jetty bound to port 34176
2019-10-04 11:03:29,715 [main] INFO  server.Server (Server.java:doStart(351)) - jetty-9.3.25.v20180904, build timestamp: 2018-09-04T21:11:46Z, git hash: 3ce520221d0240229c862b122d2b06c12a625732
2019-10-04 11:03:29,755 [main] INFO  handler.ContextHandler (ContextHandler.java:doStart(781)) - Started o.e.j.s.ServletContextHandler@340da44c{/logs,file:///workdir/hadoop-ozone/integration-test/target/log,AVAILABLE}
2019-10-04 11:03:29,756 [main] INFO  handler.ContextHandler (ContextHandler.java:doStart(781)) - Started o.e.j.s.ServletContextHandler@37052337{/static,file:///workdir/hadoop-ozone/integration-test/target/test-classes/webapps/static,AVAILABLE}
2019-10-04 11:03:29,791 [main] INFO  handler.ContextHandler (ContextHandler.java:doStart(781)) - Started o.e.j.w.WebAppContext@3b366632{/,file:///workdir/hadoop-ozone/integration-test/target/test-classes/webapps/scm/,AVAILABLE}{/scm}
2019-10-04 11:03:29,797 [main] INFO  server.AbstractConnector (AbstractConnector.java:doStart(278)) - Started ServerConnector@6815c5f2{HTTP/1.1,[http/1.1]}{0.0.0.0:34176}
2019-10-04 11:03:29,797 [main] INFO  server.Server (Server.java:doStart(419)) - Started @3031ms
2019-10-04 11:03:29,799 [main] INFO  impl.MetricsSinkAdapter (MetricsSinkAdapter.java:start(204)) - Sink prometheus started
2019-10-04 11:03:29,800 [main] INFO  impl.MetricsSystemImpl (MetricsSystemImpl.java:registerSink(301)) - Registered sink prometheus
2019-10-04 11:03:29,801 [main] INFO  server.BaseHttpServer (BaseHttpServer.java:updateConnectorAddress(215)) - HTTP server of SCM is listening at http://0.0.0.0:34176
2019-10-04 11:03:29,807 [org.apache.hadoop.util.JvmPauseMonitor$Monitor@4263b080] INFO  util.JvmPauseMonitor (JvmPauseMonitor.java:run(188)) - Starting JVM pause monitor
2019-10-04 11:03:29,809 [main] WARN  server.ServerUtils (ServerUtils.java:getDBPath(222)) - ozone.om.db.dirs is not configured. We recommend adding this setting. Falling back to ozone.metadata.dirs instead.
2019-10-04 11:03:29,918 [main] INFO  ha.OMHANodeDetails (OMHANodeDetails.java:loadOMHAConfig(190)) - Configuration either no ozone.om.address set. Falling back to the default OM address /127.0.0.1:0
2019-10-04 11:03:29,919 [main] INFO  ha.OMHANodeDetails (OMHANodeDetails.java:getOMNodeDetails(220)) - OM Service ID is not set. Setting it to the default ID: omServiceIdDefault
2019-10-04 11:03:29,920 [main] WARN  server.ServerUtils (ServerUtils.java:getDBPath(222)) - ozone.om.db.dirs is not configured. We recommend adding this setting. Falling back to ozone.metadata.dirs instead.
2019-10-04 11:03:29,921 [main] WARN  server.ServerUtils (ServerUtils.java:getDBPath(222)) - ozone.om.db.dirs is not configured. We recommend adding this setting. Falling back to ozone.metadata.dirs instead.
2019-10-04 11:03:30,638 [main] WARN  server.ServerUtils (ServerUtils.java:getDBPath(222)) - ozone.om.db.dirs is not configured. We recommend adding this setting. Falling back to ozone.metadata.dirs instead.
2019-10-04 11:03:30,647 [main] INFO  db.DBStoreBuilder (DBStoreBuilder.java:addTable(117)) - using custom profile for table: userTable
2019-10-04 11:03:30,647 [main] INFO  db.DBStoreBuilder (DBStoreBuilder.java:processTables(168)) - Using default column profile:DBProfile.DISK for Table:userTable
2019-10-04 11:03:30,648 [main] INFO  db.DBStoreBuilder (DBStoreBuilder.java:addTable(117)) - using custom profile for table: volumeTable
2019-10-04 11:03:30,648 [main] INFO  db.DBStoreBuilder (DBStoreBuilder.java:processTables(168)) - Using default column profile:DBProfile.DISK for Table:volumeTable
2019-10-04 11:03:30,648 [main] INFO  db.DBStoreBuilder (DBStoreBuilder.java:addTable(117)) - using custom profile for table: bucketTable
2019-10-04 11:03:30,648 [main] INFO  db.DBStoreBuilder (DBStoreBuilder.java:processTables(168)) - Using default column profile:DBProfile.DISK for Table:bucketTable
2019-10-04 11:03:30,649 [main] INFO  db.DBStoreBuilder (DBStoreBuilder.java:addTable(117)) - using custom profile for table: keyTable
2019-10-04 11:03:30,649 [main] INFO  db.DBStoreBuilder (DBStoreBuilder.java:processTables(168)) - Using default column profile:DBProfile.DISK for Table:keyTable
2019-10-04 11:03:30,649 [main] INFO  db.DBStoreBuilder (DBStoreBuilder.java:addTable(117)) - using custom profile for table: deletedTable
2019-10-04 11:03:30,649 [main] INFO  db.DBStoreBuilder (DBStoreBuilder.java:processTables(168)) - Using default column profile:DBProfile.DISK for Table:deletedTable
2019-10-04 11:03:30,650 [main] INFO  db.DBStoreBuilder (DBStoreBuilder.java:addTable(117)) - using custom profile for table: openKeyTable
2019-10-04 11:03:30,650 [main] INFO  db.DBStoreBuilder (DBStoreBuilder.java:processTables(168)) - Using default column profile:DBProfile.DISK for Table:openKeyTable
2019-10-04 11:03:30,650 [main] INFO  db.DBStoreBuilder (DBStoreBuilder.java:addTable(117)) - using custom profile for table: s3Table
2019-10-04 11:03:30,650 [main] INFO  db.DBStoreBuilder (DBStoreBuilder.java:processTables(168)) - Using default column profile:DBProfile.DISK for Table:s3Table
2019-10-04 11:03:30,651 [main] INFO  db.DBStoreBuilder (DBStoreBuilder.java:addTable(117)) - using custom profile for table: multipartInfoTable
2019-10-04 11:03:30,651 [main] INFO  db.DBStoreBuilder (DBStoreBuilder.java:processTables(168)) - Using default column profile:DBProfile.DISK for Table:multipartInfoTable
2019-10-04 11:03:30,651 [main] INFO  db.DBStoreBuilder (DBStoreBuilder.java:addTable(117)) - using custom profile for table: dTokenTable
2019-10-04 11:03:30,652 [main] INFO  db.DBStoreBuilder (DBStoreBuilder.java:processTables(168)) - Using default column profile:DBProfile.DISK for Table:dTokenTable
2019-10-04 11:03:30,652 [main] INFO  db.DBStoreBuilder (DBStoreBuilder.java:addTable(117)) - using custom profile for table: s3SecretTable
2019-10-04 11:03:30,652 [main] INFO  db.DBStoreBuilder (DBStoreBuilder.java:processTables(168)) - Using default column profile:DBProfile.DISK for Table:s3SecretTable
2019-10-04 11:03:30,652 [main] INFO  db.DBStoreBuilder (DBStoreBuilder.java:addTable(117)) - using custom profile for table: prefixTable
2019-10-04 11:03:30,653 [main] INFO  db.DBStoreBuilder (DBStoreBuilder.java:processTables(168)) - Using default column profile:DBProfile.DISK for Table:prefixTable
2019-10-04 11:03:30,653 [main] INFO  db.DBStoreBuilder (DBStoreBuilder.java:addTable(117)) - using custom profile for table: default
2019-10-04 11:03:30,653 [main] INFO  db.DBStoreBuilder (DBStoreBuilder.java:processTables(174)) - Using default column profile:DBProfile.DISK for Table:default
2019-10-04 11:03:30,653 [main] INFO  db.DBStoreBuilder (DBStoreBuilder.java:getDbProfile(205)) - Using default options. DBProfile.DISK
2019-10-04 11:03:31,159 [main] INFO  ipc.CallQueueManager (CallQueueManager.java:<init>(84)) - Using callQueue: class java.util.concurrent.LinkedBlockingQueue, queueCapacity: 2000, scheduler: class org.apache.hadoop.ipc.DefaultRpcScheduler, ipcBackoff: false.
2019-10-04 11:03:31,161 [Socket Reader #1 for port 44005] INFO  ipc.Server (Server.java:run(1074)) - Starting Socket Reader #1 for port 44005
2019-10-04 11:03:31,182 [main] INFO  om.OzoneManager (OzoneManager.java:start(1069)) - OzoneManager RPC server is listening at localhost/127.0.0.1:44005
2019-10-04 11:03:31,182 [main] INFO  impl.MetricsSystemImpl (MetricsSystemImpl.java:init(158)) - OzoneManager metrics system started (again)
2019-10-04 11:03:31,184 [IPC Server Responder] INFO  ipc.Server (Server.java:run(1314)) - IPC Server Responder: starting
2019-10-04 11:03:31,184 [IPC Server listener on 44005] INFO  ipc.Server (Server.java:run(1153)) - IPC Server listener on 44005: starting
2019-10-04 11:03:31,190 [main] INFO  hdfs.DFSUtil (DFSUtil.java:httpServerTemplateForNNAndJN(1641)) - Starting Web-server for ozoneManager at: http://0.0.0.0:0
2019-10-04 11:03:31,192 [main] INFO  server.AuthenticationFilter (AuthenticationFilter.java:constructSecretProvider(240)) - Unable to initialize FileSignerSecretProvider, falling back to use random secrets.
2019-10-04 11:03:31,193 [main] WARN  http.HttpRequestLog (HttpRequestLog.java:getRequestLog(97)) - Jetty request log can only be enabled using Log4j
2019-10-04 11:03:31,197 [main] INFO  http.HttpServer2 (HttpServer2.java:addGlobalFilter(975)) - Added global filter 'safety' (class=org.apache.hadoop.http.HttpServer2$QuotingInputFilter)
2019-10-04 11:03:31,199 [main] INFO  http.HttpServer2 (HttpServer2.java:addFilter(948)) - Added filter static_user_filter (class=org.apache.hadoop.http.lib.StaticUserWebFilter$StaticUserFilter) to context ozoneManager
2019-10-04 11:03:31,199 [main] INFO  http.HttpServer2 (HttpServer2.java:addFilter(958)) - Added filter static_user_filter (class=org.apache.hadoop.http.lib.StaticUserWebFilter$StaticUserFilter) to context static
2019-10-04 11:03:31,199 [main] INFO  http.HttpServer2 (HttpServer2.java:addFilter(958)) - Added filter static_user_filter (class=org.apache.hadoop.http.lib.StaticUserWebFilter$StaticUserFilter) to context logs
2019-10-04 11:03:31,203 [main] INFO  http.HttpServer2 (HttpServer2.java:bindListener(1191)) - Jetty bound to port 34986
2019-10-04 11:03:31,203 [main] INFO  server.Server (Server.java:doStart(351)) - jetty-9.3.25.v20180904, build timestamp: 2018-09-04T21:11:46Z, git hash: 3ce520221d0240229c862b122d2b06c12a625732
2019-10-04 11:03:31,206 [main] INFO  handler.ContextHandler (ContextHandler.java:doStart(781)) - Started o.e.j.s.ServletContextHandler@3adbe50f{/logs,file:///workdir/hadoop-ozone/integration-test/target/log,AVAILABLE}
2019-10-04 11:03:31,207 [main] INFO  handler.ContextHandler (ContextHandler.java:doStart(781)) - Started o.e.j.s.ServletContextHandler@49aa766b{/static,file:///workdir/hadoop-ozone/integration-test/target/test-classes/webapps/static,AVAILABLE}
2019-10-04 11:03:31,215 [main] INFO  handler.ContextHandler (ContextHandler.java:doStart(781)) - Started o.e.j.w.WebAppContext@393881f0{/,file:///workdir/hadoop-ozone/integration-test/target/test-classes/webapps/ozoneManager/,AVAILABLE}{/ozoneManager}
2019-10-04 11:03:31,216 [main] INFO  server.AbstractConnector (AbstractConnector.java:doStart(278)) - Started ServerConnector@4af46df3{HTTP/1.1,[http/1.1]}{0.0.0.0:34986}
2019-10-04 11:03:31,217 [main] INFO  server.Server (Server.java:doStart(419)) - Started @4451ms
2019-10-04 11:03:31,217 [main] WARN  impl.MetricsSystemImpl (MetricsSystemImpl.java:register(276)) - Sink prometheus already exists!
2019-10-04 11:03:31,220 [main] INFO  server.BaseHttpServer (BaseHttpServer.java:updateConnectorAddress(215)) - HTTP server of OZONEMANAGER is listening at http://0.0.0.0:34986
2019-10-04 11:03:31,577 [main] INFO  impl.MetricsSystemImpl (MetricsSystemImpl.java:init(158)) - HddsDatanode metrics system started (again)
2019-10-04 11:03:31,629 [main] INFO  ozone.HddsDatanodeService (HddsDatanodeService.java:start(184)) - HddsDatanodeService host:pr-hdds-2204-72899-789710998 ip:192.168.151.72
2019-10-04 11:03:31,662 [main] INFO  volume.HddsVolume (HddsVolume.java:<init>(176)) - Creating Volume: /workdir/hadoop-ozone/integration-test/target/test-dir/MiniOzoneClusterImpl-bdcda2a2-f79e-402a-b66c-d7657acce112/datanode-0/data/containers/hdds of  storage type : DISK and capacity : 1482555576320
2019-10-04 11:03:31,664 [main] INFO  volume.VolumeSet (VolumeSet.java:initializeVolumeSet(170)) - Added Volume : /workdir/hadoop-ozone/integration-test/target/test-dir/MiniOzoneClusterImpl-bdcda2a2-f79e-402a-b66c-d7657acce112/datanode-0/data/containers/hdds to VolumeSet
2019-10-04 11:03:31,667 [main] INFO  volume.ThrottledAsyncChecker (ThrottledAsyncChecker.java:schedule(139)) - Scheduling a check for org.apache.hadoop.ozone.container.common.volume.HddsVolume@408b87aa
2019-10-04 11:03:31,685 [main] INFO  volume.HddsVolumeChecker (HddsVolumeChecker.java:checkAllVolumes(202)) - Scheduled health check for volume org.apache.hadoop.ozone.container.common.volume.HddsVolume@408b87aa
2019-10-04 11:03:31,875 [main] INFO  impl.RaftServerProxy (ConfUtils.java:logGet(43)) - raft.rpc.type = GRPC (default)
2019-10-04 11:03:31,957 [main] INFO  grpc.GrpcFactory (GrpcFactory.java:checkPooledByteBufAllocatorUseCacheForAllThreads(45)) - PERFORMANCE WARNING: useCacheForAllThreads is true that may cause Netty to create a lot garbage objects and, as a result, trigger GC.
	It is recommended to disable useCacheForAllThreads by setting -Dorg.apache.ratis.thirdparty.io.netty.allocator.useCacheForAllThreads=false in command line.
2019-10-04 11:03:31,963 [main] INFO  grpc.GrpcConfigKeys$Server (ConfUtils.java:logGet(43)) - raft.grpc.server.port = 0 (default)
2019-10-04 11:03:31,963 [main] INFO  server.GrpcService (ConfUtils.java:logGet(43)) - raft.grpc.message.size.max = 33570816 (custom)
2019-10-04 11:03:31,965 [main] INFO  server.RaftServerConfigKeys (ConfUtils.java:logGet(43)) - raft.server.log.appender.buffer.byte-limit = 33554432 (custom)
2019-10-04 11:03:31,966 [main] INFO  server.GrpcService (ConfUtils.java:logGet(43)) - raft.grpc.flow.control.window = 1MB (=1048576) (default)
2019-10-04 11:03:31,967 [main] INFO  server.RaftServerConfigKeys (ConfUtils.java:logGet(43)) - raft.server.rpc.request.timeout = 3000ms (default)
2019-10-04 11:03:32,139 [main] INFO  server.RaftServerConfigKeys (ConfUtils.java:logGet(43)) - raft.server.storage.dir = [/workdir/hadoop-ozone/integration-test/target/test-dir/MiniOzoneClusterImpl-bdcda2a2-f79e-402a-b66c-d7657acce112/datanode-0/data/ratis] (custom)
2019-10-04 11:03:32,203 [main] INFO  hdfs.DFSUtil (DFSUtil.java:httpServerTemplateForNNAndJN(1641)) - Starting Web-server for hddsDatanode at: http://0.0.0.0:0
2019-10-04 11:03:32,205 [main] INFO  server.AuthenticationFilter (AuthenticationFilter.java:constructSecretProvider(240)) - Unable to initialize FileSignerSecretProvider, falling back to use random secrets.
2019-10-04 11:03:32,206 [main] WARN  http.HttpRequestLog (HttpRequestLog.java:getRequestLog(97)) - Jetty request log can only be enabled using Log4j
2019-10-04 11:03:32,208 [main] INFO  http.HttpServer2 (HttpServer2.java:addGlobalFilter(975)) - Added global filter 'safety' (class=org.apache.hadoop.http.HttpServer2$QuotingInputFilter)
2019-10-04 11:03:32,208 [main] INFO  http.HttpServer2 (HttpServer2.java:addFilter(948)) - Added filter static_user_filter (class=org.apache.hadoop.http.lib.StaticUserWebFilter$StaticUserFilter) to context hddsDatanode
2019-10-04 11:03:32,209 [main] INFO  http.HttpServer2 (HttpServer2.java:addFilter(958)) - Added filter static_user_filter (class=org.apache.hadoop.http.lib.StaticUserWebFilter$StaticUserFilter) to context logs
2019-10-04 11:03:32,209 [main] INFO  http.HttpServer2 (HttpServer2.java:addFilter(958)) - Added filter static_user_filter (class=org.apache.hadoop.http.lib.StaticUserWebFilter$StaticUserFilter) to context static
2019-10-04 11:03:32,210 [main] INFO  http.HttpServer2 (HttpServer2.java:bindListener(1191)) - Jetty bound to port 37398
2019-10-04 11:03:32,210 [main] INFO  server.Server (Server.java:doStart(351)) - jetty-9.3.25.v20180904, build timestamp: 2018-09-04T21:11:46Z, git hash: 3ce520221d0240229c862b122d2b06c12a625732
2019-10-04 11:03:32,213 [main] INFO  handler.ContextHandler (ContextHandler.java:doStart(781)) - Started o.e.j.s.ServletContextHandler@9596ce8{/logs,file:///workdir/hadoop-ozone/integration-test/target/log,AVAILABLE}
2019-10-04 11:03:32,214 [main] INFO  handler.ContextHandler (ContextHandler.java:doStart(781)) - Started o.e.j.s.ServletContextHandler@70228253{/static,jar:file:/home/user/.m2/repository/org/apache/hadoop/hadoop-hdds-container-service/0.5.0-SNAPSHOT/hadoop-hdds-container-service-0.5.0-SNAPSHOT.jar!/webapps/static,AVAILABLE}
2019-10-04 11:03:32,248 [main] INFO  handler.ContextHandler (ContextHandler.java:doStart(781)) - Started o.e.j.w.WebAppContext@68a4dcc6{/,file:///tmp/jetty-0.0.0.0-37398-hddsDatanode-_-any-4828091653518657089.dir/webapp/,AVAILABLE}{/hddsDatanode}
2019-10-04 11:03:32,250 [main] INFO  server.AbstractConnector (AbstractConnector.java:doStart(278)) - Started ServerConnector@646c0a67{HTTP/1.1,[http/1.1]}{0.0.0.0:37398}
2019-10-04 11:03:32,250 [main] INFO  server.Server (Server.java:doStart(419)) - Started @5484ms
2019-10-04 11:03:32,251 [main] WARN  impl.MetricsSystemImpl (MetricsSystemImpl.java:register(276)) - Sink prometheus already exists!
2019-10-04 11:03:32,252 [main] INFO  server.BaseHttpServer (BaseHttpServer.java:updateConnectorAddress(215)) - HTTP server of HDDSDATANODE is listening at http://0.0.0.0:37398
2019-10-04 11:03:32,253 [main] INFO  impl.MetricsSystemImpl (MetricsSystemImpl.java:init(158)) - HddsDatanode metrics system started (again)
2019-10-04 11:03:32,257 [main] INFO  ozone.HddsDatanodeService (HddsDatanodeService.java:start(184)) - HddsDatanodeService host:pr-hdds-2204-72899-789710998 ip:192.168.151.72
2019-10-04 11:03:32,260 [org.apache.hadoop.util.JvmPauseMonitor$Monitor@552912cb] INFO  util.JvmPauseMonitor (JvmPauseMonitor.java:run(188)) - Starting JVM pause monitor
2019-10-04 11:03:32,267 [main] INFO  volume.HddsVolume (HddsVolume.java:<init>(176)) - Creating Volume: /workdir/hadoop-ozone/integration-test/target/test-dir/MiniOzoneClusterImpl-bdcda2a2-f79e-402a-b66c-d7657acce112/datanode-1/data/containers/hdds of  storage type : DISK and capacity : 1482555576320
2019-10-04 11:03:32,271 [main] INFO  volume.VolumeSet (VolumeSet.java:initializeVolumeSet(170)) - Added Volume : /workdir/hadoop-ozone/integration-test/target/test-dir/MiniOzoneClusterImpl-bdcda2a2-f79e-402a-b66c-d7657acce112/datanode-1/data/containers/hdds to VolumeSet
2019-10-04 11:03:32,271 [main] INFO  volume.ThrottledAsyncChecker (ThrottledAsyncChecker.java:schedule(139)) - Scheduling a check for org.apache.hadoop.ozone.container.common.volume.HddsVolume@18d910b3
2019-10-04 11:03:32,272 [main] INFO  volume.HddsVolumeChecker (HddsVolumeChecker.java:checkAllVolumes(202)) - Scheduled health check for volume org.apache.hadoop.ozone.container.common.volume.HddsVolume@18d910b3
2019-10-04 11:03:32,287 [main] INFO  impl.RaftServerProxy (ConfUtils.java:logGet(43)) - raft.rpc.type = GRPC (default)
2019-10-04 11:03:32,287 [main] INFO  grpc.GrpcFactory (GrpcFactory.java:checkPooledByteBufAllocatorUseCacheForAllThreads(45)) - PERFORMANCE WARNING: useCacheForAllThreads is true that may cause Netty to create a lot garbage objects and, as a result, trigger GC.
	It is recommended to disable useCacheForAllThreads by setting -Dorg.apache.ratis.thirdparty.io.netty.allocator.useCacheForAllThreads=false in command line.
2019-10-04 11:03:32,288 [main] INFO  grpc.GrpcConfigKeys$Server (ConfUtils.java:logGet(43)) - raft.grpc.server.port = 0 (default)
2019-10-04 11:03:32,288 [main] INFO  server.GrpcService (ConfUtils.java:logGet(43)) - raft.grpc.message.size.max = 33570816 (custom)
2019-10-04 11:03:32,288 [main] INFO  server.RaftServerConfigKeys (ConfUtils.java:logGet(43)) - raft.server.log.appender.buffer.byte-limit = 33554432 (custom)
2019-10-04 11:03:32,289 [main] INFO  server.GrpcService (ConfUtils.java:logGet(43)) - raft.grpc.flow.control.window = 1MB (=1048576) (default)
2019-10-04 11:03:32,289 [main] INFO  server.RaftServerConfigKeys (ConfUtils.java:logGet(43)) - raft.server.rpc.request.timeout = 3000ms (default)
2019-10-04 11:03:32,290 [main] INFO  server.RaftServerConfigKeys (ConfUtils.java:logGet(43)) - raft.server.storage.dir = [/workdir/hadoop-ozone/integration-test/target/test-dir/MiniOzoneClusterImpl-bdcda2a2-f79e-402a-b66c-d7657acce112/datanode-1/data/ratis] (custom)
2019-10-04 11:03:32,291 [main] INFO  hdfs.DFSUtil (DFSUtil.java:httpServerTemplateForNNAndJN(1641)) - Starting Web-server for hddsDatanode at: http://0.0.0.0:0
2019-10-04 11:03:32,292 [main] INFO  server.AuthenticationFilter (AuthenticationFilter.java:constructSecretProvider(240)) - Unable to initialize FileSignerSecretProvider, falling back to use random secrets.
2019-10-04 11:03:32,293 [main] WARN  http.HttpRequestLog (HttpRequestLog.java:getRequestLog(97)) - Jetty request log can only be enabled using Log4j
2019-10-04 11:03:32,295 [main] INFO  http.HttpServer2 (HttpServer2.java:addGlobalFilter(975)) - Added global filter 'safety' (class=org.apache.hadoop.http.HttpServer2$QuotingInputFilter)
2019-10-04 11:03:32,295 [main] INFO  http.HttpServer2 (HttpServer2.java:addFilter(948)) - Added filter static_user_filter (class=org.apache.hadoop.http.lib.StaticUserWebFilter$StaticUserFilter) to context hddsDatanode
2019-10-04 11:03:32,295 [main] INFO  http.HttpServer2 (HttpServer2.java:addFilter(958)) - Added filter static_user_filter (class=org.apache.hadoop.http.lib.StaticUserWebFilter$StaticUserFilter) to context logs
2019-10-04 11:03:32,296 [main] INFO  http.HttpServer2 (HttpServer2.java:addFilter(958)) - Added filter static_user_filter (class=org.apache.hadoop.http.lib.StaticUserWebFilter$StaticUserFilter) to context static
2019-10-04 11:03:32,296 [main] INFO  http.HttpServer2 (HttpServer2.java:bindListener(1191)) - Jetty bound to port 35397
2019-10-04 11:03:32,297 [main] INFO  server.Server (Server.java:doStart(351)) - jetty-9.3.25.v20180904, build timestamp: 2018-09-04T21:11:46Z, git hash: 3ce520221d0240229c862b122d2b06c12a625732
2019-10-04 11:03:32,302 [main] INFO  handler.ContextHandler (ContextHandler.java:doStart(781)) - Started o.e.j.s.ServletContextHandler@56a4f272{/logs,file:///workdir/hadoop-ozone/integration-test/target/log,AVAILABLE}
2019-10-04 11:03:32,303 [main] INFO  handler.ContextHandler (ContextHandler.java:doStart(781)) - Started o.e.j.s.ServletContextHandler@79b84841{/static,jar:file:/home/user/.m2/repository/org/apache/hadoop/hadoop-hdds-container-service/0.5.0-SNAPSHOT/hadoop-hdds-container-service-0.5.0-SNAPSHOT.jar!/webapps/static,AVAILABLE}
2019-10-04 11:03:32,330 [main] INFO  handler.ContextHandler (ContextHandler.java:doStart(781)) - Started o.e.j.w.WebAppContext@467b684d{/,file:///tmp/jetty-0.0.0.0-35397-hddsDatanode-_-any-1557653452510198177.dir/webapp/,AVAILABLE}{/hddsDatanode}
2019-10-04 11:03:32,331 [main] INFO  server.AbstractConnector (AbstractConnector.java:doStart(278)) - Started ServerConnector@7baf1f5a{HTTP/1.1,[http/1.1]}{0.0.0.0:35397}
2019-10-04 11:03:32,332 [main] INFO  server.Server (Server.java:doStart(419)) - Started @5566ms
2019-10-04 11:03:32,332 [main] WARN  impl.MetricsSystemImpl (MetricsSystemImpl.java:register(276)) - Sink prometheus already exists!
2019-10-04 11:03:32,334 [main] INFO  server.BaseHttpServer (BaseHttpServer.java:updateConnectorAddress(215)) - HTTP server of HDDSDATANODE is listening at http://0.0.0.0:35397
2019-10-04 11:03:32,334 [main] INFO  impl.MetricsSystemImpl (MetricsSystemImpl.java:init(158)) - HddsDatanode metrics system started (again)
2019-10-04 11:03:32,337 [main] INFO  ozone.HddsDatanodeService (HddsDatanodeService.java:start(184)) - HddsDatanodeService host:pr-hdds-2204-72899-789710998 ip:192.168.151.72
2019-10-04 11:03:32,337 [org.apache.hadoop.util.JvmPauseMonitor$Monitor@6b4bf604] INFO  util.JvmPauseMonitor (JvmPauseMonitor.java:run(188)) - Starting JVM pause monitor
2019-10-04 11:03:32,346 [main] INFO  volume.HddsVolume (HddsVolume.java:<init>(176)) - Creating Volume: /workdir/hadoop-ozone/integration-test/target/test-dir/MiniOzoneClusterImpl-bdcda2a2-f79e-402a-b66c-d7657acce112/datanode-2/data/containers/hdds of  storage type : DISK and capacity : 1482555576320
2019-10-04 11:03:32,347 [main] INFO  volume.VolumeSet (VolumeSet.java:initializeVolumeSet(170)) - Added Volume : /workdir/hadoop-ozone/integration-test/target/test-dir/MiniOzoneClusterImpl-bdcda2a2-f79e-402a-b66c-d7657acce112/datanode-2/data/containers/hdds to VolumeSet
2019-10-04 11:03:32,347 [main] INFO  volume.ThrottledAsyncChecker (ThrottledAsyncChecker.java:schedule(139)) - Scheduling a check for org.apache.hadoop.ozone.container.common.volume.HddsVolume@54d8c20d
2019-10-04 11:03:32,348 [main] INFO  volume.HddsVolumeChecker (HddsVolumeChecker.java:checkAllVolumes(202)) - Scheduled health check for volume org.apache.hadoop.ozone.container.common.volume.HddsVolume@54d8c20d
2019-10-04 11:03:32,360 [main] INFO  impl.RaftServerProxy (ConfUtils.java:logGet(43)) - raft.rpc.type = GRPC (default)
2019-10-04 11:03:32,360 [main] INFO  grpc.GrpcFactory (GrpcFactory.java:checkPooledByteBufAllocatorUseCacheForAllThreads(45)) - PERFORMANCE WARNING: useCacheForAllThreads is true that may cause Netty to create a lot garbage objects and, as a result, trigger GC.
	It is recommended to disable useCacheForAllThreads by setting -Dorg.apache.ratis.thirdparty.io.netty.allocator.useCacheForAllThreads=false in command line.
2019-10-04 11:03:32,361 [main] INFO  grpc.GrpcConfigKeys$Server (ConfUtils.java:logGet(43)) - raft.grpc.server.port = 0 (default)
2019-10-04 11:03:32,361 [main] INFO  server.GrpcService (ConfUtils.java:logGet(43)) - raft.grpc.message.size.max = 33570816 (custom)
2019-10-04 11:03:32,361 [main] INFO  server.RaftServerConfigKeys (ConfUtils.java:logGet(43)) - raft.server.log.appender.buffer.byte-limit = 33554432 (custom)
2019-10-04 11:03:32,361 [main] INFO  server.GrpcService (ConfUtils.java:logGet(43)) - raft.grpc.flow.control.window = 1MB (=1048576) (default)
2019-10-04 11:03:32,362 [main] INFO  server.RaftServerConfigKeys (ConfUtils.java:logGet(43)) - raft.server.rpc.request.timeout = 3000ms (default)
2019-10-04 11:03:32,362 [main] INFO  server.RaftServerConfigKeys (ConfUtils.java:logGet(43)) - raft.server.storage.dir = [/workdir/hadoop-ozone/integration-test/target/test-dir/MiniOzoneClusterImpl-bdcda2a2-f79e-402a-b66c-d7657acce112/datanode-2/data/ratis] (custom)
2019-10-04 11:03:32,364 [main] INFO  hdfs.DFSUtil (DFSUtil.java:httpServerTemplateForNNAndJN(1641)) - Starting Web-server for hddsDatanode at: http://0.0.0.0:0
2019-10-04 11:03:32,365 [main] INFO  server.AuthenticationFilter (AuthenticationFilter.java:constructSecretProvider(240)) - Unable to initialize FileSignerSecretProvider, falling back to use random secrets.
2019-10-04 11:03:32,366 [main] WARN  http.HttpRequestLog (HttpRequestLog.java:getRequestLog(97)) - Jetty request log can only be enabled using Log4j
2019-10-04 11:03:32,367 [main] INFO  http.HttpServer2 (HttpServer2.java:addGlobalFilter(975)) - Added global filter 'safety' (class=org.apache.hadoop.http.HttpServer2$QuotingInputFilter)
2019-10-04 11:03:32,368 [main] INFO  http.HttpServer2 (HttpServer2.java:addFilter(948)) - Added filter static_user_filter (class=org.apache.hadoop.http.lib.StaticUserWebFilter$StaticUserFilter) to context hddsDatanode
2019-10-04 11:03:32,368 [main] INFO  http.HttpServer2 (HttpServer2.java:addFilter(958)) - Added filter static_user_filter (class=org.apache.hadoop.http.lib.StaticUserWebFilter$StaticUserFilter) to context static
2019-10-04 11:03:32,368 [main] INFO  http.HttpServer2 (HttpServer2.java:addFilter(958)) - Added filter static_user_filter (class=org.apache.hadoop.http.lib.StaticUserWebFilter$StaticUserFilter) to context logs
2019-10-04 11:03:32,369 [main] INFO  http.HttpServer2 (HttpServer2.java:bindListener(1191)) - Jetty bound to port 35998
2019-10-04 11:03:32,369 [main] INFO  server.Server (Server.java:doStart(351)) - jetty-9.3.25.v20180904, build timestamp: 2018-09-04T21:11:46Z, git hash: 3ce520221d0240229c862b122d2b06c12a625732
2019-10-04 11:03:32,371 [main] INFO  handler.ContextHandler (ContextHandler.java:doStart(781)) - Started o.e.j.s.ServletContextHandler@a098d76{/logs,file:///workdir/hadoop-ozone/integration-test/target/log,AVAILABLE}
2019-10-04 11:03:32,372 [main] INFO  handler.ContextHandler (ContextHandler.java:doStart(781)) - Started o.e.j.s.ServletContextHandler@733aa9d8{/static,jar:file:/home/user/.m2/repository/org/apache/hadoop/hadoop-hdds-container-service/0.5.0-SNAPSHOT/hadoop-hdds-container-service-0.5.0-SNAPSHOT.jar!/webapps/static,AVAILABLE}
2019-10-04 11:03:32,398 [Datanode State Machine Thread - 0] INFO  datanode.InitDatanodeState (InitDatanodeState.java:persistContainerDatanodeDetails(140)) - DatanodeDetails is persisted to /workdir/hadoop-ozone/integration-test/target/test-dir/MiniOzoneClusterImpl-bdcda2a2-f79e-402a-b66c-d7657acce112/datanode-0/meta/datanode.id
2019-10-04 11:03:32,399 [main] INFO  handler.ContextHandler (ContextHandler.java:doStart(781)) - Started o.e.j.w.WebAppContext@434514d8{/,file:///tmp/jetty-0.0.0.0-35998-hddsDatanode-_-any-8304535820749648003.dir/webapp/,AVAILABLE}{/hddsDatanode}
2019-10-04 11:03:32,402 [main] INFO  server.AbstractConnector (AbstractConnector.java:doStart(278)) - Started ServerConnector@6b1dc20f{HTTP/1.1,[http/1.1]}{0.0.0.0:35998}
2019-10-04 11:03:32,403 [main] INFO  server.Server (Server.java:doStart(419)) - Started @5637ms
2019-10-04 11:03:32,403 [main] WARN  impl.MetricsSystemImpl (MetricsSystemImpl.java:register(276)) - Sink prometheus already exists!
2019-10-04 11:03:32,405 [main] INFO  server.BaseHttpServer (BaseHttpServer.java:updateConnectorAddress(215)) - HTTP server of HDDSDATANODE is listening at http://0.0.0.0:35998
2019-10-04 11:03:32,405 [Datanode State Machine Thread - 0] INFO  datanode.InitDatanodeState (InitDatanodeState.java:persistContainerDatanodeDetails(140)) - DatanodeDetails is persisted to /workdir/hadoop-ozone/integration-test/target/test-dir/MiniOzoneClusterImpl-bdcda2a2-f79e-402a-b66c-d7657acce112/datanode-1/meta/datanode.id
2019-10-04 11:03:32,406 [main] INFO  impl.MetricsSystemImpl (MetricsSystemImpl.java:init(158)) - HddsDatanode metrics system started (again)
2019-10-04 11:03:32,409 [main] INFO  ozone.HddsDatanodeService (HddsDatanodeService.java:start(184)) - HddsDatanodeService host:pr-hdds-2204-72899-789710998 ip:192.168.151.72
2019-10-04 11:03:32,409 [org.apache.hadoop.util.JvmPauseMonitor$Monitor@24030fb1] INFO  util.JvmPauseMonitor (JvmPauseMonitor.java:run(188)) - Starting JVM pause monitor
2019-10-04 11:03:32,412 [Datanode State Machine Thread - 0] INFO  datanode.InitDatanodeState (InitDatanodeState.java:persistContainerDatanodeDetails(140)) - DatanodeDetails is persisted to /workdir/hadoop-ozone/integration-test/target/test-dir/MiniOzoneClusterImpl-bdcda2a2-f79e-402a-b66c-d7657acce112/datanode-2/meta/datanode.id
2019-10-04 11:03:32,418 [main] INFO  volume.HddsVolume (HddsVolume.java:<init>(176)) - Creating Volume: /workdir/hadoop-ozone/integration-test/target/test-dir/MiniOzoneClusterImpl-bdcda2a2-f79e-402a-b66c-d7657acce112/datanode-3/data/containers/hdds of  storage type : DISK and capacity : 1482555576320
2019-10-04 11:03:32,418 [main] INFO  volume.VolumeSet (VolumeSet.java:initializeVolumeSet(170)) - Added Volume : /workdir/hadoop-ozone/integration-test/target/test-dir/MiniOzoneClusterImpl-bdcda2a2-f79e-402a-b66c-d7657acce112/datanode-3/data/containers/hdds to VolumeSet
2019-10-04 11:03:32,418 [main] INFO  volume.ThrottledAsyncChecker (ThrottledAsyncChecker.java:schedule(139)) - Scheduling a check for org.apache.hadoop.ozone.container.common.volume.HddsVolume@53b7ce6
2019-10-04 11:03:32,419 [main] INFO  volume.HddsVolumeChecker (HddsVolumeChecker.java:checkAllVolumes(202)) - Scheduled health check for volume org.apache.hadoop.ozone.container.common.volume.HddsVolume@53b7ce6
2019-10-04 11:03:32,431 [main] INFO  impl.RaftServerProxy (ConfUtils.java:logGet(43)) - raft.rpc.type = GRPC (default)
2019-10-04 11:03:32,431 [main] INFO  grpc.GrpcFactory (GrpcFactory.java:checkPooledByteBufAllocatorUseCacheForAllThreads(45)) - PERFORMANCE WARNING: useCacheForAllThreads is true that may cause Netty to create a lot garbage objects and, as a result, trigger GC.
	It is recommended to disable useCacheForAllThreads by setting -Dorg.apache.ratis.thirdparty.io.netty.allocator.useCacheForAllThreads=false in command line.
2019-10-04 11:03:32,432 [main] INFO  grpc.GrpcConfigKeys$Server (ConfUtils.java:logGet(43)) - raft.grpc.server.port = 0 (default)
2019-10-04 11:03:32,432 [main] INFO  server.GrpcService (ConfUtils.java:logGet(43)) - raft.grpc.message.size.max = 33570816 (custom)
2019-10-04 11:03:32,432 [main] INFO  server.RaftServerConfigKeys (ConfUtils.java:logGet(43)) - raft.server.log.appender.buffer.byte-limit = 33554432 (custom)
2019-10-04 11:03:32,432 [main] INFO  server.GrpcService (ConfUtils.java:logGet(43)) - raft.grpc.flow.control.window = 1MB (=1048576) (default)
2019-10-04 11:03:32,432 [main] INFO  server.RaftServerConfigKeys (ConfUtils.java:logGet(43)) - raft.server.rpc.request.timeout = 3000ms (default)
2019-10-04 11:03:32,433 [main] INFO  server.RaftServerConfigKeys (ConfUtils.java:logGet(43)) - raft.server.storage.dir = [/workdir/hadoop-ozone/integration-test/target/test-dir/MiniOzoneClusterImpl-bdcda2a2-f79e-402a-b66c-d7657acce112/datanode-3/data/ratis] (custom)
2019-10-04 11:03:32,434 [main] INFO  hdfs.DFSUtil (DFSUtil.java:httpServerTemplateForNNAndJN(1641)) - Starting Web-server for hddsDatanode at: http://0.0.0.0:0
2019-10-04 11:03:32,435 [main] INFO  server.AuthenticationFilter (AuthenticationFilter.java:constructSecretProvider(240)) - Unable to initialize FileSignerSecretProvider, falling back to use random secrets.
2019-10-04 11:03:32,436 [main] WARN  http.HttpRequestLog (HttpRequestLog.java:getRequestLog(97)) - Jetty request log can only be enabled using Log4j
2019-10-04 11:03:32,437 [main] INFO  http.HttpServer2 (HttpServer2.java:addGlobalFilter(975)) - Added global filter 'safety' (class=org.apache.hadoop.http.HttpServer2$QuotingInputFilter)
2019-10-04 11:03:32,438 [main] INFO  http.HttpServer2 (HttpServer2.java:addFilter(948)) - Added filter static_user_filter (class=org.apache.hadoop.http.lib.StaticUserWebFilter$StaticUserFilter) to context hddsDatanode
2019-10-04 11:03:32,438 [main] INFO  http.HttpServer2 (HttpServer2.java:addFilter(958)) - Added filter static_user_filter (class=org.apache.hadoop.http.lib.StaticUserWebFilter$StaticUserFilter) to context logs
2019-10-04 11:03:32,438 [main] INFO  http.HttpServer2 (HttpServer2.java:addFilter(958)) - Added filter static_user_filter (class=org.apache.hadoop.http.lib.StaticUserWebFilter$StaticUserFilter) to context static
2019-10-04 11:03:32,439 [main] INFO  http.HttpServer2 (HttpServer2.java:bindListener(1191)) - Jetty bound to port 45105
2019-10-04 11:03:32,439 [main] INFO  server.Server (Server.java:doStart(351)) - jetty-9.3.25.v20180904, build timestamp: 2018-09-04T21:11:46Z, git hash: 3ce520221d0240229c862b122d2b06c12a625732
2019-10-04 11:03:32,443 [main] INFO  handler.ContextHandler (ContextHandler.java:doStart(781)) - Started o.e.j.s.ServletContextHandler@54e2fe{/logs,file:///workdir/hadoop-ozone/integration-test/target/log,AVAILABLE}
2019-10-04 11:03:32,443 [main] INFO  handler.ContextHandler (ContextHandler.java:doStart(781)) - Started o.e.j.s.ServletContextHandler@119aa36{/static,jar:file:/home/user/.m2/repository/org/apache/hadoop/hadoop-hdds-container-service/0.5.0-SNAPSHOT/hadoop-hdds-container-service-0.5.0-SNAPSHOT.jar!/webapps/static,AVAILABLE}
2019-10-04 11:03:32,469 [main] INFO  handler.ContextHandler (ContextHandler.java:doStart(781)) - Started o.e.j.w.WebAppContext@411c6d44{/,file:///tmp/jetty-0.0.0.0-45105-hddsDatanode-_-any-3594130654500338855.dir/webapp/,AVAILABLE}{/hddsDatanode}
2019-10-04 11:03:32,470 [main] INFO  server.AbstractConnector (AbstractConnector.java:doStart(278)) - Started ServerConnector@1687eb01{HTTP/1.1,[http/1.1]}{0.0.0.0:45105}
2019-10-04 11:03:32,471 [main] INFO  server.Server (Server.java:doStart(419)) - Started @5705ms
2019-10-04 11:03:32,471 [main] WARN  impl.MetricsSystemImpl (MetricsSystemImpl.java:register(276)) - Sink prometheus already exists!
2019-10-04 11:03:32,473 [main] INFO  server.BaseHttpServer (BaseHttpServer.java:updateConnectorAddress(215)) - HTTP server of HDDSDATANODE is listening at http://0.0.0.0:45105
2019-10-04 11:03:32,473 [main] INFO  impl.MetricsSystemImpl (MetricsSystemImpl.java:init(158)) - HddsDatanode metrics system started (again)
2019-10-04 11:03:32,476 [main] INFO  ozone.HddsDatanodeService (HddsDatanodeService.java:start(184)) - HddsDatanodeService host:pr-hdds-2204-72899-789710998 ip:192.168.151.72
2019-10-04 11:03:32,477 [org.apache.hadoop.util.JvmPauseMonitor$Monitor@148e30a5] INFO  util.JvmPauseMonitor (JvmPauseMonitor.java:run(188)) - Starting JVM pause monitor
2019-10-04 11:03:32,480 [Datanode State Machine Thread - 0] INFO  datanode.InitDatanodeState (InitDatanodeState.java:persistContainerDatanodeDetails(140)) - DatanodeDetails is persisted to /workdir/hadoop-ozone/integration-test/target/test-dir/MiniOzoneClusterImpl-bdcda2a2-f79e-402a-b66c-d7657acce112/datanode-3/meta/datanode.id
2019-10-04 11:03:32,487 [main] INFO  volume.HddsVolume (HddsVolume.java:<init>(176)) - Creating Volume: /workdir/hadoop-ozone/integration-test/target/test-dir/MiniOzoneClusterImpl-bdcda2a2-f79e-402a-b66c-d7657acce112/datanode-4/data/containers/hdds of  storage type : DISK and capacity : 1482555576320
2019-10-04 11:03:32,487 [main] INFO  volume.VolumeSet (VolumeSet.java:initializeVolumeSet(170)) - Added Volume : /workdir/hadoop-ozone/integration-test/target/test-dir/MiniOzoneClusterImpl-bdcda2a2-f79e-402a-b66c-d7657acce112/datanode-4/data/containers/hdds to VolumeSet
2019-10-04 11:03:32,487 [main] INFO  volume.ThrottledAsyncChecker (ThrottledAsyncChecker.java:schedule(139)) - Scheduling a check for org.apache.hadoop.ozone.container.common.volume.HddsVolume@6c0e13b7
2019-10-04 11:03:32,488 [main] INFO  volume.HddsVolumeChecker (HddsVolumeChecker.java:checkAllVolumes(202)) - Scheduled health check for volume org.apache.hadoop.ozone.container.common.volume.HddsVolume@6c0e13b7
2019-10-04 11:03:32,500 [main] INFO  impl.RaftServerProxy (ConfUtils.java:logGet(43)) - raft.rpc.type = GRPC (default)
2019-10-04 11:03:32,500 [main] INFO  grpc.GrpcFactory (GrpcFactory.java:checkPooledByteBufAllocatorUseCacheForAllThreads(45)) - PERFORMANCE WARNING: useCacheForAllThreads is true that may cause Netty to create a lot garbage objects and, as a result, trigger GC.
	It is recommended to disable useCacheForAllThreads by setting -Dorg.apache.ratis.thirdparty.io.netty.allocator.useCacheForAllThreads=false in command line.
2019-10-04 11:03:32,500 [main] INFO  grpc.GrpcConfigKeys$Server (ConfUtils.java:logGet(43)) - raft.grpc.server.port = 0 (default)
2019-10-04 11:03:32,500 [main] INFO  server.GrpcService (ConfUtils.java:logGet(43)) - raft.grpc.message.size.max = 33570816 (custom)
2019-10-04 11:03:32,501 [main] INFO  server.RaftServerConfigKeys (ConfUtils.java:logGet(43)) - raft.server.log.appender.buffer.byte-limit = 33554432 (custom)
2019-10-04 11:03:32,501 [main] INFO  server.GrpcService (ConfUtils.java:logGet(43)) - raft.grpc.flow.control.window = 1MB (=1048576) (default)
2019-10-04 11:03:32,501 [main] INFO  server.RaftServerConfigKeys (ConfUtils.java:logGet(43)) - raft.server.rpc.request.timeout = 3000ms (default)
2019-10-04 11:03:32,502 [main] INFO  server.RaftServerConfigKeys (ConfUtils.java:logGet(43)) - raft.server.storage.dir = [/workdir/hadoop-ozone/integration-test/target/test-dir/MiniOzoneClusterImpl-bdcda2a2-f79e-402a-b66c-d7657acce112/datanode-4/data/ratis] (custom)
2019-10-04 11:03:32,503 [main] INFO  hdfs.DFSUtil (DFSUtil.java:httpServerTemplateForNNAndJN(1641)) - Starting Web-server for hddsDatanode at: http://0.0.0.0:0
2019-10-04 11:03:32,504 [main] INFO  server.AuthenticationFilter (AuthenticationFilter.java:constructSecretProvider(240)) - Unable to initialize FileSignerSecretProvider, falling back to use random secrets.
2019-10-04 11:03:32,505 [main] WARN  http.HttpRequestLog (HttpRequestLog.java:getRequestLog(97)) - Jetty request log can only be enabled using Log4j
2019-10-04 11:03:32,506 [main] INFO  http.HttpServer2 (HttpServer2.java:addGlobalFilter(975)) - Added global filter 'safety' (class=org.apache.hadoop.http.HttpServer2$QuotingInputFilter)
2019-10-04 11:03:32,507 [main] INFO  http.HttpServer2 (HttpServer2.java:addFilter(948)) - Added filter static_user_filter (class=org.apache.hadoop.http.lib.StaticUserWebFilter$StaticUserFilter) to context hddsDatanode
2019-10-04 11:03:32,507 [main] INFO  http.HttpServer2 (HttpServer2.java:addFilter(958)) - Added filter static_user_filter (class=org.apache.hadoop.http.lib.StaticUserWebFilter$StaticUserFilter) to context logs
2019-10-04 11:03:32,507 [main] INFO  http.HttpServer2 (HttpServer2.java:addFilter(958)) - Added filter static_user_filter (class=org.apache.hadoop.http.lib.StaticUserWebFilter$StaticUserFilter) to context static
2019-10-04 11:03:32,508 [main] INFO  http.HttpServer2 (HttpServer2.java:bindListener(1191)) - Jetty bound to port 36068
2019-10-04 11:03:32,508 [main] INFO  server.Server (Server.java:doStart(351)) - jetty-9.3.25.v20180904, build timestamp: 2018-09-04T21:11:46Z, git hash: 3ce520221d0240229c862b122d2b06c12a625732
2019-10-04 11:03:32,510 [main] INFO  handler.ContextHandler (ContextHandler.java:doStart(781)) - Started o.e.j.s.ServletContextHandler@3bd2af5b{/logs,file:///workdir/hadoop-ozone/integration-test/target/log,AVAILABLE}
2019-10-04 11:03:32,511 [main] INFO  handler.ContextHandler (ContextHandler.java:doStart(781)) - Started o.e.j.s.ServletContextHandler@75d982d3{/static,jar:file:/home/user/.m2/repository/org/apache/hadoop/hadoop-hdds-container-service/0.5.0-SNAPSHOT/hadoop-hdds-container-service-0.5.0-SNAPSHOT.jar!/webapps/static,AVAILABLE}
2019-10-04 11:03:32,537 [main] INFO  handler.ContextHandler (ContextHandler.java:doStart(781)) - Started o.e.j.w.WebAppContext@6ad16c5d{/,file:///tmp/jetty-0.0.0.0-36068-hddsDatanode-_-any-2774032467940752835.dir/webapp/,AVAILABLE}{/hddsDatanode}
2019-10-04 11:03:32,539 [main] INFO  server.AbstractConnector (AbstractConnector.java:doStart(278)) - Started ServerConnector@74ea46e2{HTTP/1.1,[http/1.1]}{0.0.0.0:36068}
2019-10-04 11:03:32,539 [main] INFO  server.Server (Server.java:doStart(419)) - Started @5773ms
2019-10-04 11:03:32,539 [main] WARN  impl.MetricsSystemImpl (MetricsSystemImpl.java:register(276)) - Sink prometheus already exists!
2019-10-04 11:03:32,540 [main] INFO  server.BaseHttpServer (BaseHttpServer.java:updateConnectorAddress(215)) - HTTP server of HDDSDATANODE is listening at http://0.0.0.0:36068
2019-10-04 11:03:32,540 [main] INFO  impl.MetricsSystemImpl (MetricsSystemImpl.java:init(158)) - HddsDatanode metrics system started (again)
2019-10-04 11:03:32,543 [main] INFO  ozone.HddsDatanodeService (HddsDatanodeService.java:start(184)) - HddsDatanodeService host:pr-hdds-2204-72899-789710998 ip:192.168.151.72
2019-10-04 11:03:32,544 [org.apache.hadoop.util.JvmPauseMonitor$Monitor@1ce8f343] INFO  util.JvmPauseMonitor (JvmPauseMonitor.java:run(188)) - Starting JVM pause monitor
2019-10-04 11:03:32,547 [Datanode State Machine Thread - 0] INFO  datanode.InitDatanodeState (InitDatanodeState.java:persistContainerDatanodeDetails(140)) - DatanodeDetails is persisted to /workdir/hadoop-ozone/integration-test/target/test-dir/MiniOzoneClusterImpl-bdcda2a2-f79e-402a-b66c-d7657acce112/datanode-4/meta/datanode.id
2019-10-04 11:03:32,552 [main] INFO  volume.HddsVolume (HddsVolume.java:<init>(176)) - Creating Volume: /workdir/hadoop-ozone/integration-test/target/test-dir/MiniOzoneClusterImpl-bdcda2a2-f79e-402a-b66c-d7657acce112/datanode-5/data/containers/hdds of  storage type : DISK and capacity : 1482555576320
2019-10-04 11:03:32,552 [main] INFO  volume.VolumeSet (VolumeSet.java:initializeVolumeSet(170)) - Added Volume : /workdir/hadoop-ozone/integration-test/target/test-dir/MiniOzoneClusterImpl-bdcda2a2-f79e-402a-b66c-d7657acce112/datanode-5/data/containers/hdds to VolumeSet
2019-10-04 11:03:32,553 [main] INFO  volume.ThrottledAsyncChecker (ThrottledAsyncChecker.java:schedule(139)) - Scheduling a check for org.apache.hadoop.ozone.container.common.volume.HddsVolume@ccf91df
2019-10-04 11:03:32,553 [main] INFO  volume.HddsVolumeChecker (HddsVolumeChecker.java:checkAllVolumes(202)) - Scheduled health check for volume org.apache.hadoop.ozone.container.common.volume.HddsVolume@ccf91df
2019-10-04 11:03:32,571 [main] INFO  impl.RaftServerProxy (ConfUtils.java:logGet(43)) - raft.rpc.type = GRPC (default)
2019-10-04 11:03:32,571 [main] INFO  grpc.GrpcFactory (GrpcFactory.java:checkPooledByteBufAllocatorUseCacheForAllThreads(45)) - PERFORMANCE WARNING: useCacheForAllThreads is true that may cause Netty to create a lot garbage objects and, as a result, trigger GC.
	It is recommended to disable useCacheForAllThreads by setting -Dorg.apache.ratis.thirdparty.io.netty.allocator.useCacheForAllThreads=false in command line.
2019-10-04 11:03:32,571 [main] INFO  grpc.GrpcConfigKeys$Server (ConfUtils.java:logGet(43)) - raft.grpc.server.port = 0 (default)
2019-10-04 11:03:32,571 [main] INFO  server.GrpcService (ConfUtils.java:logGet(43)) - raft.grpc.message.size.max = 33570816 (custom)
2019-10-04 11:03:32,572 [main] INFO  server.RaftServerConfigKeys (ConfUtils.java:logGet(43)) - raft.server.log.appender.buffer.byte-limit = 33554432 (custom)
2019-10-04 11:03:32,572 [main] INFO  server.GrpcService (ConfUtils.java:logGet(43)) - raft.grpc.flow.control.window = 1MB (=1048576) (default)
2019-10-04 11:03:32,572 [main] INFO  server.RaftServerConfigKeys (ConfUtils.java:logGet(43)) - raft.server.rpc.request.timeout = 3000ms (default)
2019-10-04 11:03:32,573 [main] INFO  server.RaftServerConfigKeys (ConfUtils.java:logGet(43)) - raft.server.storage.dir = [/workdir/hadoop-ozone/integration-test/target/test-dir/MiniOzoneClusterImpl-bdcda2a2-f79e-402a-b66c-d7657acce112/datanode-5/data/ratis] (custom)
2019-10-04 11:03:32,574 [main] INFO  hdfs.DFSUtil (DFSUtil.java:httpServerTemplateForNNAndJN(1641)) - Starting Web-server for hddsDatanode at: http://0.0.0.0:0
2019-10-04 11:03:32,575 [main] INFO  server.AuthenticationFilter (AuthenticationFilter.java:constructSecretProvider(240)) - Unable to initialize FileSignerSecretProvider, falling back to use random secrets.
2019-10-04 11:03:32,576 [main] WARN  http.HttpRequestLog (HttpRequestLog.java:getRequestLog(97)) - Jetty request log can only be enabled using Log4j
2019-10-04 11:03:32,577 [main] INFO  http.HttpServer2 (HttpServer2.java:addGlobalFilter(975)) - Added global filter 'safety' (class=org.apache.hadoop.http.HttpServer2$QuotingInputFilter)
2019-10-04 11:03:32,578 [main] INFO  http.HttpServer2 (HttpServer2.java:addFilter(948)) - Added filter static_user_filter (class=org.apache.hadoop.http.lib.StaticUserWebFilter$StaticUserFilter) to context hddsDatanode
2019-10-04 11:03:32,578 [main] INFO  http.HttpServer2 (HttpServer2.java:addFilter(958)) - Added filter static_user_filter (class=org.apache.hadoop.http.lib.StaticUserWebFilter$StaticUserFilter) to context static
2019-10-04 11:03:32,578 [main] INFO  http.HttpServer2 (HttpServer2.java:addFilter(958)) - Added filter static_user_filter (class=org.apache.hadoop.http.lib.StaticUserWebFilter$StaticUserFilter) to context logs
2019-10-04 11:03:32,579 [main] INFO  http.HttpServer2 (HttpServer2.java:bindListener(1191)) - Jetty bound to port 40066
2019-10-04 11:03:32,579 [main] INFO  server.Server (Server.java:doStart(351)) - jetty-9.3.25.v20180904, build timestamp: 2018-09-04T21:11:46Z, git hash: 3ce520221d0240229c862b122d2b06c12a625732
2019-10-04 11:03:32,581 [main] INFO  handler.ContextHandler (ContextHandler.java:doStart(781)) - Started o.e.j.s.ServletContextHandler@77bb48d5{/logs,file:///workdir/hadoop-ozone/integration-test/target/log,AVAILABLE}
2019-10-04 11:03:32,581 [main] INFO  handler.ContextHandler (ContextHandler.java:doStart(781)) - Started o.e.j.s.ServletContextHandler@12d5c30e{/static,jar:file:/home/user/.m2/repository/org/apache/hadoop/hadoop-hdds-container-service/0.5.0-SNAPSHOT/hadoop-hdds-container-service-0.5.0-SNAPSHOT.jar!/webapps/static,AVAILABLE}
2019-10-04 11:03:32,608 [main] INFO  handler.ContextHandler (ContextHandler.java:doStart(781)) - Started o.e.j.w.WebAppContext@46a145ba{/,file:///tmp/jetty-0.0.0.0-40066-hddsDatanode-_-any-4623892800894447036.dir/webapp/,AVAILABLE}{/hddsDatanode}
2019-10-04 11:03:32,609 [main] INFO  server.AbstractConnector (AbstractConnector.java:doStart(278)) - Started ServerConnector@7ab34619{HTTP/1.1,[http/1.1]}{0.0.0.0:40066}
2019-10-04 11:03:32,609 [main] INFO  server.Server (Server.java:doStart(419)) - Started @5843ms
2019-10-04 11:03:32,610 [main] WARN  impl.MetricsSystemImpl (MetricsSystemImpl.java:register(276)) - Sink prometheus already exists!
2019-10-04 11:03:32,610 [main] INFO  server.BaseHttpServer (BaseHttpServer.java:updateConnectorAddress(215)) - HTTP server of HDDSDATANODE is listening at http://0.0.0.0:40066
2019-10-04 11:03:32,611 [main] INFO  impl.MetricsSystemImpl (MetricsSystemImpl.java:init(158)) - HddsDatanode metrics system started (again)
2019-10-04 11:03:32,615 [main] INFO  ozone.HddsDatanodeService (HddsDatanodeService.java:start(184)) - HddsDatanodeService host:pr-hdds-2204-72899-789710998 ip:192.168.151.72
2019-10-04 11:03:32,616 [org.apache.hadoop.util.JvmPauseMonitor$Monitor@38005aa9] INFO  util.JvmPauseMonitor (JvmPauseMonitor.java:run(188)) - Starting JVM pause monitor
2019-10-04 11:03:32,620 [Datanode State Machine Thread - 0] INFO  datanode.InitDatanodeState (InitDatanodeState.java:persistContainerDatanodeDetails(140)) - DatanodeDetails is persisted to /workdir/hadoop-ozone/integration-test/target/test-dir/MiniOzoneClusterImpl-bdcda2a2-f79e-402a-b66c-d7657acce112/datanode-5/meta/datanode.id
2019-10-04 11:03:32,624 [main] INFO  volume.HddsVolume (HddsVolume.java:<init>(176)) - Creating Volume: /workdir/hadoop-ozone/integration-test/target/test-dir/MiniOzoneClusterImpl-bdcda2a2-f79e-402a-b66c-d7657acce112/datanode-6/data/containers/hdds of  storage type : DISK and capacity : 1482555576320
2019-10-04 11:03:32,624 [main] INFO  volume.VolumeSet (VolumeSet.java:initializeVolumeSet(170)) - Added Volume : /workdir/hadoop-ozone/integration-test/target/test-dir/MiniOzoneClusterImpl-bdcda2a2-f79e-402a-b66c-d7657acce112/datanode-6/data/containers/hdds to VolumeSet
2019-10-04 11:03:32,625 [main] INFO  volume.ThrottledAsyncChecker (ThrottledAsyncChecker.java:schedule(139)) - Scheduling a check for org.apache.hadoop.ozone.container.common.volume.HddsVolume@3b920bdc
2019-10-04 11:03:32,625 [main] INFO  volume.HddsVolumeChecker (HddsVolumeChecker.java:checkAllVolumes(202)) - Scheduled health check for volume org.apache.hadoop.ozone.container.common.volume.HddsVolume@3b920bdc
2019-10-04 11:03:32,638 [main] INFO  impl.RaftServerProxy (ConfUtils.java:logGet(43)) - raft.rpc.type = GRPC (default)
2019-10-04 11:03:32,638 [main] INFO  grpc.GrpcFactory (GrpcFactory.java:checkPooledByteBufAllocatorUseCacheForAllThreads(45)) - PERFORMANCE WARNING: useCacheForAllThreads is true that may cause Netty to create a lot garbage objects and, as a result, trigger GC.
	It is recommended to disable useCacheForAllThreads by setting -Dorg.apache.ratis.thirdparty.io.netty.allocator.useCacheForAllThreads=false in command line.
2019-10-04 11:03:32,638 [main] INFO  grpc.GrpcConfigKeys$Server (ConfUtils.java:logGet(43)) - raft.grpc.server.port = 0 (default)
2019-10-04 11:03:32,639 [main] INFO  server.GrpcService (ConfUtils.java:logGet(43)) - raft.grpc.message.size.max = 33570816 (custom)
2019-10-04 11:03:32,639 [main] INFO  server.RaftServerConfigKeys (ConfUtils.java:logGet(43)) - raft.server.log.appender.buffer.byte-limit = 33554432 (custom)
2019-10-04 11:03:32,639 [main] INFO  server.GrpcService (ConfUtils.java:logGet(43)) - raft.grpc.flow.control.window = 1MB (=1048576) (default)
2019-10-04 11:03:32,639 [main] INFO  server.RaftServerConfigKeys (ConfUtils.java:logGet(43)) - raft.server.rpc.request.timeout = 3000ms (default)
2019-10-04 11:03:32,640 [main] INFO  server.RaftServerConfigKeys (ConfUtils.java:logGet(43)) - raft.server.storage.dir = [/workdir/hadoop-ozone/integration-test/target/test-dir/MiniOzoneClusterImpl-bdcda2a2-f79e-402a-b66c-d7657acce112/datanode-6/data/ratis] (custom)
2019-10-04 11:03:32,641 [main] INFO  hdfs.DFSUtil (DFSUtil.java:httpServerTemplateForNNAndJN(1641)) - Starting Web-server for hddsDatanode at: http://0.0.0.0:0
2019-10-04 11:03:32,642 [main] INFO  server.AuthenticationFilter (AuthenticationFilter.java:constructSecretProvider(240)) - Unable to initialize FileSignerSecretProvider, falling back to use random secrets.
2019-10-04 11:03:32,643 [main] WARN  http.HttpRequestLog (HttpRequestLog.java:getRequestLog(97)) - Jetty request log can only be enabled using Log4j
2019-10-04 11:03:32,644 [main] INFO  http.HttpServer2 (HttpServer2.java:addGlobalFilter(975)) - Added global filter 'safety' (class=org.apache.hadoop.http.HttpServer2$QuotingInputFilter)
2019-10-04 11:03:32,645 [main] INFO  http.HttpServer2 (HttpServer2.java:addFilter(948)) - Added filter static_user_filter (class=org.apache.hadoop.http.lib.StaticUserWebFilter$StaticUserFilter) to context hddsDatanode
2019-10-04 11:03:32,645 [main] INFO  http.HttpServer2 (HttpServer2.java:addFilter(958)) - Added filter static_user_filter (class=org.apache.hadoop.http.lib.StaticUserWebFilter$StaticUserFilter) to context static
2019-10-04 11:03:32,645 [main] INFO  http.HttpServer2 (HttpServer2.java:addFilter(958)) - Added filter static_user_filter (class=org.apache.hadoop.http.lib.StaticUserWebFilter$StaticUserFilter) to context logs
2019-10-04 11:03:32,646 [main] INFO  http.HttpServer2 (HttpServer2.java:bindListener(1191)) - Jetty bound to port 46248
2019-10-04 11:03:32,646 [main] INFO  server.Server (Server.java:doStart(351)) - jetty-9.3.25.v20180904, build timestamp: 2018-09-04T21:11:46Z, git hash: 3ce520221d0240229c862b122d2b06c12a625732
2019-10-04 11:03:32,648 [main] INFO  handler.ContextHandler (ContextHandler.java:doStart(781)) - Started o.e.j.s.ServletContextHandler@3240b2a4{/logs,file:///workdir/hadoop-ozone/integration-test/target/log,AVAILABLE}
2019-10-04 11:03:32,648 [main] INFO  handler.ContextHandler (ContextHandler.java:doStart(781)) - Started o.e.j.s.ServletContextHandler@7d3fb0ef{/static,jar:file:/home/user/.m2/repository/org/apache/hadoop/hadoop-hdds-container-service/0.5.0-SNAPSHOT/hadoop-hdds-container-service-0.5.0-SNAPSHOT.jar!/webapps/static,AVAILABLE}
2019-10-04 11:03:32,681 [main] INFO  handler.ContextHandler (ContextHandler.java:doStart(781)) - Started o.e.j.w.WebAppContext@b1534d3{/,file:///tmp/jetty-0.0.0.0-46248-hddsDatanode-_-any-3988298515539589962.dir/webapp/,AVAILABLE}{/hddsDatanode}
2019-10-04 11:03:32,682 [main] INFO  server.AbstractConnector (AbstractConnector.java:doStart(278)) - Started ServerConnector@3c74aa0d{HTTP/1.1,[http/1.1]}{0.0.0.0:46248}
2019-10-04 11:03:32,683 [main] INFO  server.Server (Server.java:doStart(419)) - Started @5917ms
2019-10-04 11:03:32,683 [main] WARN  impl.MetricsSystemImpl (MetricsSystemImpl.java:register(276)) - Sink prometheus already exists!
2019-10-04 11:03:32,684 [main] INFO  server.BaseHttpServer (BaseHttpServer.java:updateConnectorAddress(215)) - HTTP server of HDDSDATANODE is listening at http://0.0.0.0:46248
2019-10-04 11:03:32,688 [main] INFO  ozone.MiniOzoneClusterImpl (MiniOzoneClusterImpl.java:lambda$waitForClusterToBeReady$0(147)) - Waiting for cluster to be ready. Got 0 of 7 DN Heartbeats.
2019-10-04 11:03:32,689 [org.apache.hadoop.util.JvmPauseMonitor$Monitor@6425f433] INFO  util.JvmPauseMonitor (JvmPauseMonitor.java:run(188)) - Starting JVM pause monitor
2019-10-04 11:03:32,692 [Datanode State Machine Thread - 0] INFO  datanode.InitDatanodeState (InitDatanodeState.java:persistContainerDatanodeDetails(140)) - DatanodeDetails is persisted to /workdir/hadoop-ozone/integration-test/target/test-dir/MiniOzoneClusterImpl-bdcda2a2-f79e-402a-b66c-d7657acce112/datanode-6/meta/datanode.id
2019-10-04 11:03:33,689 [main] INFO  ozone.MiniOzoneClusterImpl (MiniOzoneClusterImpl.java:lambda$waitForClusterToBeReady$0(147)) - Waiting for cluster to be ready. Got 0 of 7 DN Heartbeats.
2019-10-04 11:03:34,378 [Datanode State Machine Thread - 0] INFO  ozoneimpl.OzoneContainer (OzoneContainer.java:start(217)) - Attempting to start container services.
2019-10-04 11:03:34,378 [Datanode State Machine Thread - 0] INFO  ozoneimpl.OzoneContainer (OzoneContainer.java:start(217)) - Attempting to start container services.
2019-10-04 11:03:34,384 [Datanode State Machine Thread - 0] INFO  ozoneimpl.OzoneContainer (OzoneContainer.java:startContainerScrub(179)) - Background container scanner has been disabled.
2019-10-04 11:03:34,384 [Datanode State Machine Thread - 0] INFO  ozoneimpl.OzoneContainer (OzoneContainer.java:startContainerScrub(179)) - Background container scanner has been disabled.
2019-10-04 11:03:34,384 [Datanode State Machine Thread - 0] INFO  ratis.XceiverServerRatis (XceiverServerRatis.java:start(417)) - Starting XceiverServerRatis 8e08b107-dcab-42d4-b054-a31f9cc9d2d3 at port 0
2019-10-04 11:03:34,384 [Datanode State Machine Thread - 0] INFO  ratis.XceiverServerRatis (XceiverServerRatis.java:start(417)) - Starting XceiverServerRatis d7465086-8e37-45da-ad6f-a1f049a81ffa at port 0
2019-10-04 11:03:34,423 [Datanode State Machine Thread - 0] INFO  impl.RaftServerProxy (RaftServerProxy.java:lambda$start$3(299)) - 8e08b107-dcab-42d4-b054-a31f9cc9d2d3: start RPC server
2019-10-04 11:03:34,423 [Datanode State Machine Thread - 0] INFO  impl.RaftServerProxy (RaftServerProxy.java:lambda$start$3(299)) - d7465086-8e37-45da-ad6f-a1f049a81ffa: start RPC server
2019-10-04 11:03:34,427 [Datanode State Machine Thread - 0] INFO  ozoneimpl.OzoneContainer (OzoneContainer.java:start(217)) - Attempting to start container services.
2019-10-04 11:03:34,438 [Datanode State Machine Thread - 0] INFO  ozoneimpl.OzoneContainer (OzoneContainer.java:startContainerScrub(179)) - Background container scanner has been disabled.
2019-10-04 11:03:34,438 [Datanode State Machine Thread - 0] INFO  ratis.XceiverServerRatis (XceiverServerRatis.java:start(417)) - Starting XceiverServerRatis 92b02bdd-9214-4414-a3a8-dc2f1111fcbb at port 0
2019-10-04 11:03:34,448 [Datanode State Machine Thread - 0] INFO  impl.RaftServerProxy (RaftServerProxy.java:lambda$start$3(299)) - 92b02bdd-9214-4414-a3a8-dc2f1111fcbb: start RPC server
2019-10-04 11:03:34,494 [Datanode State Machine Thread - 0] INFO  ozoneimpl.OzoneContainer (OzoneContainer.java:start(217)) - Attempting to start container services.
2019-10-04 11:03:34,495 [Datanode State Machine Thread - 0] INFO  ozoneimpl.OzoneContainer (OzoneContainer.java:startContainerScrub(179)) - Background container scanner has been disabled.
2019-10-04 11:03:34,495 [Datanode State Machine Thread - 0] INFO  ratis.XceiverServerRatis (XceiverServerRatis.java:start(417)) - Starting XceiverServerRatis 73c289eb-b8e4-41d6-9a9c-8e9834a31439 at port 0
2019-10-04 11:03:34,504 [Datanode State Machine Thread - 0] INFO  impl.RaftServerProxy (RaftServerProxy.java:lambda$start$3(299)) - 73c289eb-b8e4-41d6-9a9c-8e9834a31439: start RPC server
2019-10-04 11:03:34,559 [Datanode State Machine Thread - 0] INFO  ozoneimpl.OzoneContainer (OzoneContainer.java:start(217)) - Attempting to start container services.
2019-10-04 11:03:34,560 [Datanode State Machine Thread - 0] INFO  ozoneimpl.OzoneContainer (OzoneContainer.java:startContainerScrub(179)) - Background container scanner has been disabled.
2019-10-04 11:03:34,560 [Datanode State Machine Thread - 0] INFO  ratis.XceiverServerRatis (XceiverServerRatis.java:start(417)) - Starting XceiverServerRatis c3a49559-2c85-48c8-9853-25dac91dd65f at port 0
2019-10-04 11:03:34,579 [Datanode State Machine Thread - 0] INFO  impl.RaftServerProxy (RaftServerProxy.java:lambda$start$3(299)) - c3a49559-2c85-48c8-9853-25dac91dd65f: start RPC server
2019-10-04 11:03:34,598 [Datanode State Machine Thread - 0] INFO  server.GrpcService (GrpcService.java:startImpl(158)) - 8e08b107-dcab-42d4-b054-a31f9cc9d2d3: GrpcService started, listening on 0.0.0.0/0.0.0.0:39795
2019-10-04 11:03:34,598 [Datanode State Machine Thread - 0] INFO  server.GrpcService (GrpcService.java:startImpl(158)) - 73c289eb-b8e4-41d6-9a9c-8e9834a31439: GrpcService started, listening on 0.0.0.0/0.0.0.0:43003
2019-10-04 11:03:34,599 [Datanode State Machine Thread - 0] INFO  ratis.XceiverServerRatis (XceiverServerRatis.java:start(427)) - XceiverServerRatis 8e08b107-dcab-42d4-b054-a31f9cc9d2d3 is started using port 39795
2019-10-04 11:03:34,598 [Datanode State Machine Thread - 0] INFO  server.GrpcService (GrpcService.java:startImpl(158)) - c3a49559-2c85-48c8-9853-25dac91dd65f: GrpcService started, listening on 0.0.0.0/0.0.0.0:44566
2019-10-04 11:03:34,598 [Datanode State Machine Thread - 0] INFO  server.GrpcService (GrpcService.java:startImpl(158)) - 92b02bdd-9214-4414-a3a8-dc2f1111fcbb: GrpcService started, listening on 0.0.0.0/0.0.0.0:44596
2019-10-04 11:03:34,598 [Datanode State Machine Thread - 0] INFO  server.GrpcService (GrpcService.java:startImpl(158)) - d7465086-8e37-45da-ad6f-a1f049a81ffa: GrpcService started, listening on 0.0.0.0/0.0.0.0:33717
2019-10-04 11:03:34,600 [Datanode State Machine Thread - 0] INFO  ratis.XceiverServerRatis (XceiverServerRatis.java:start(427)) - XceiverServerRatis 92b02bdd-9214-4414-a3a8-dc2f1111fcbb is started using port 44596
2019-10-04 11:03:34,600 [Datanode State Machine Thread - 0] INFO  ratis.XceiverServerRatis (XceiverServerRatis.java:start(427)) - XceiverServerRatis c3a49559-2c85-48c8-9853-25dac91dd65f is started using port 44566
2019-10-04 11:03:34,599 [Datanode State Machine Thread - 0] INFO  ratis.XceiverServerRatis (XceiverServerRatis.java:start(427)) - XceiverServerRatis 73c289eb-b8e4-41d6-9a9c-8e9834a31439 is started using port 43003
2019-10-04 11:03:34,603 [Datanode State Machine Thread - 0] INFO  server.XceiverServerGrpc (XceiverServerGrpc.java:start(149)) - XceiverServerGrpc 8e08b107-dcab-42d4-b054-a31f9cc9d2d3 is started using port 41180
2019-10-04 11:03:34,600 [Datanode State Machine Thread - 0] INFO  ratis.XceiverServerRatis (XceiverServerRatis.java:start(427)) - XceiverServerRatis d7465086-8e37-45da-ad6f-a1f049a81ffa is started using port 33717
2019-10-04 11:03:34,605 [Datanode State Machine Thread - 0] INFO  server.XceiverServerGrpc (XceiverServerGrpc.java:start(149)) - XceiverServerGrpc 92b02bdd-9214-4414-a3a8-dc2f1111fcbb is started using port 40043
2019-10-04 11:03:34,609 [Datanode State Machine Thread - 0] INFO  server.XceiverServerGrpc (XceiverServerGrpc.java:start(149)) - XceiverServerGrpc c3a49559-2c85-48c8-9853-25dac91dd65f is started using port 42703
2019-10-04 11:03:34,611 [Datanode State Machine Thread - 0] INFO  server.XceiverServerGrpc (XceiverServerGrpc.java:start(149)) - XceiverServerGrpc 73c289eb-b8e4-41d6-9a9c-8e9834a31439 is started using port 40080
2019-10-04 11:03:34,611 [Datanode State Machine Thread - 0] INFO  server.XceiverServerGrpc (XceiverServerGrpc.java:start(149)) - XceiverServerGrpc d7465086-8e37-45da-ad6f-a1f049a81ffa is started using port 44558
2019-10-04 11:03:34,633 [Datanode State Machine Thread - 0] INFO  ozoneimpl.OzoneContainer (OzoneContainer.java:start(217)) - Attempting to start container services.
2019-10-04 11:03:34,633 [Datanode State Machine Thread - 0] INFO  ozoneimpl.OzoneContainer (OzoneContainer.java:startContainerScrub(179)) - Background container scanner has been disabled.
2019-10-04 11:03:34,633 [Datanode State Machine Thread - 0] INFO  ratis.XceiverServerRatis (XceiverServerRatis.java:start(417)) - Starting XceiverServerRatis c0a2af5c-362e-41c1-9ce9-e555f06a55fa at port 0
2019-10-04 11:03:34,639 [Datanode State Machine Thread - 0] INFO  impl.RaftServerProxy (RaftServerProxy.java:lambda$start$3(299)) - c0a2af5c-362e-41c1-9ce9-e555f06a55fa: start RPC server
2019-10-04 11:03:34,642 [Datanode State Machine Thread - 0] INFO  server.GrpcService (GrpcService.java:startImpl(158)) - c0a2af5c-362e-41c1-9ce9-e555f06a55fa: GrpcService started, listening on 0.0.0.0/0.0.0.0:35487
2019-10-04 11:03:34,642 [Datanode State Machine Thread - 0] INFO  ratis.XceiverServerRatis (XceiverServerRatis.java:start(427)) - XceiverServerRatis c0a2af5c-362e-41c1-9ce9-e555f06a55fa is started using port 35487
2019-10-04 11:03:34,645 [Datanode State Machine Thread - 0] INFO  server.XceiverServerGrpc (XceiverServerGrpc.java:start(149)) - XceiverServerGrpc c0a2af5c-362e-41c1-9ce9-e555f06a55fa is started using port 45757
2019-10-04 11:03:34,690 [main] INFO  ozone.MiniOzoneClusterImpl (MiniOzoneClusterImpl.java:lambda$waitForClusterToBeReady$0(147)) - Waiting for cluster to be ready. Got 0 of 7 DN Heartbeats.
2019-10-04 11:03:34,705 [Datanode State Machine Thread - 0] INFO  ozoneimpl.OzoneContainer (OzoneContainer.java:start(217)) - Attempting to start container services.
2019-10-04 11:03:34,706 [Datanode State Machine Thread - 0] INFO  ozoneimpl.OzoneContainer (OzoneContainer.java:startContainerScrub(179)) - Background container scanner has been disabled.
2019-10-04 11:03:34,706 [Datanode State Machine Thread - 0] INFO  ratis.XceiverServerRatis (XceiverServerRatis.java:start(417)) - Starting XceiverServerRatis ec04318c-0ef2-41b1-96f7-ad495db72f36 at port 0
2019-10-04 11:03:34,713 [Datanode State Machine Thread - 0] INFO  impl.RaftServerProxy (RaftServerProxy.java:lambda$start$3(299)) - ec04318c-0ef2-41b1-96f7-ad495db72f36: start RPC server
2019-10-04 11:03:34,717 [Datanode State Machine Thread - 0] INFO  server.GrpcService (GrpcService.java:startImpl(158)) - ec04318c-0ef2-41b1-96f7-ad495db72f36: GrpcService started, listening on 0.0.0.0/0.0.0.0:42902
2019-10-04 11:03:34,717 [Datanode State Machine Thread - 0] INFO  ratis.XceiverServerRatis (XceiverServerRatis.java:start(427)) - XceiverServerRatis ec04318c-0ef2-41b1-96f7-ad495db72f36 is started using port 42902
2019-10-04 11:03:34,719 [Datanode State Machine Thread - 0] INFO  server.XceiverServerGrpc (XceiverServerGrpc.java:start(149)) - XceiverServerGrpc ec04318c-0ef2-41b1-96f7-ad495db72f36 is started using port 32869
2019-10-04 11:03:35,691 [main] INFO  ozone.MiniOzoneClusterImpl (MiniOzoneClusterImpl.java:lambda$waitForClusterToBeReady$0(147)) - Waiting for cluster to be ready. Got 0 of 7 DN Heartbeats.
2019-10-04 11:03:36,335 [IPC Server handler 0 on 40593] INFO  net.NetworkTopology (NetworkTopologyImpl.java:add(111)) - Added a new node: /default-rack/d7465086-8e37-45da-ad6f-a1f049a81ffa
2019-10-04 11:03:36,335 [IPC Server handler 0 on 40593] INFO  node.SCMNodeManager (SCMNodeManager.java:register(266)) - Registered Data node : d7465086-8e37-45da-ad6f-a1f049a81ffa{ip: 192.168.151.72, host: pr-hdds-2204-72899-789710998, networkLocation: /default-rack, certSerialId: null}
2019-10-04 11:03:36,341 [IPC Server handler 1 on 40593] INFO  net.NetworkTopology (NetworkTopologyImpl.java:add(111)) - Added a new node: /default-rack/8e08b107-dcab-42d4-b054-a31f9cc9d2d3
2019-10-04 11:03:36,341 [EventQueue-NodeRegistrationContainerReportForDataNodeSafeModeRule] INFO  safemode.SCMSafeModeManager (DataNodeSafeModeRule.java:process(71)) - SCM in safe mode. 1 DataNodes registered, 1 required.
2019-10-04 11:03:36,342 [IPC Server handler 1 on 40593] INFO  node.SCMNodeManager (SCMNodeManager.java:register(266)) - Registered Data node : 8e08b107-dcab-42d4-b054-a31f9cc9d2d3{ip: 192.168.151.72, host: pr-hdds-2204-72899-789710998, networkLocation: /default-rack, certSerialId: null}
2019-10-04 11:03:36,342 [EventQueue-NodeRegistrationContainerReportForDataNodeSafeModeRule] INFO  safemode.SCMSafeModeManager (SCMSafeModeManager.java:validateSafeModeExitRules(177)) - ScmSafeModeManager, all rules are successfully validated
2019-10-04 11:03:36,342 [EventQueue-NodeRegistrationContainerReportForDataNodeSafeModeRule] INFO  safemode.SCMSafeModeManager (SCMSafeModeManager.java:exitSafeMode(193)) - SCM exiting safe mode.
2019-10-04 11:03:36,344 [EventQueue-NodeRegistrationContainerReportForContainerSafeModeRule] INFO  safemode.SCMSafeModeManager (SCMSafeModeManager.java:validateSafeModeExitRules(177)) - ScmSafeModeManager, all rules are successfully validated
2019-10-04 11:03:36,344 [EventQueue-NodeRegistrationContainerReportForContainerSafeModeRule] INFO  safemode.SCMSafeModeManager (SCMSafeModeManager.java:exitSafeMode(193)) - SCM exiting safe mode.
2019-10-04 11:03:36,413 [IPC Server handler 3 on 40593] INFO  net.NetworkTopology (NetworkTopologyImpl.java:add(111)) - Added a new node: /default-rack/92b02bdd-9214-4414-a3a8-dc2f1111fcbb
2019-10-04 11:03:36,413 [IPC Server handler 3 on 40593] INFO  node.SCMNodeManager (SCMNodeManager.java:register(266)) - Registered Data node : 92b02bdd-9214-4414-a3a8-dc2f1111fcbb{ip: 192.168.151.72, host: pr-hdds-2204-72899-789710998, networkLocation: /default-rack, certSerialId: null}
2019-10-04 11:03:36,483 [IPC Server handler 4 on 40593] INFO  net.NetworkTopology (NetworkTopologyImpl.java:add(111)) - Added a new node: /default-rack/73c289eb-b8e4-41d6-9a9c-8e9834a31439
2019-10-04 11:03:36,483 [IPC Server handler 4 on 40593] INFO  node.SCMNodeManager (SCMNodeManager.java:register(266)) - Registered Data node : 73c289eb-b8e4-41d6-9a9c-8e9834a31439{ip: 192.168.151.72, host: pr-hdds-2204-72899-789710998, networkLocation: /default-rack, certSerialId: null}
2019-10-04 11:03:36,547 [IPC Server handler 6 on 40593] INFO  net.NetworkTopology (NetworkTopologyImpl.java:add(111)) - Added a new node: /default-rack/c3a49559-2c85-48c8-9853-25dac91dd65f
2019-10-04 11:03:36,548 [IPC Server handler 6 on 40593] INFO  node.SCMNodeManager (SCMNodeManager.java:register(266)) - Registered Data node : c3a49559-2c85-48c8-9853-25dac91dd65f{ip: 192.168.151.72, host: pr-hdds-2204-72899-789710998, networkLocation: /default-rack, certSerialId: null}
2019-10-04 11:03:36,621 [IPC Server handler 5 on 40593] INFO  net.NetworkTopology (NetworkTopologyImpl.java:add(111)) - Added a new node: /default-rack/c0a2af5c-362e-41c1-9ce9-e555f06a55fa
2019-10-04 11:03:36,621 [IPC Server handler 5 on 40593] INFO  node.SCMNodeManager (SCMNodeManager.java:register(266)) - Registered Data node : c0a2af5c-362e-41c1-9ce9-e555f06a55fa{ip: 192.168.151.72, host: pr-hdds-2204-72899-789710998, networkLocation: /default-rack, certSerialId: null}
2019-10-04 11:03:36,692 [main] INFO  ozone.MiniOzoneClusterImpl (MiniOzoneClusterImpl.java:lambda$waitForClusterToBeReady$0(147)) - Waiting for cluster to be ready. Got 6 of 7 DN Heartbeats.
2019-10-04 11:03:36,693 [IPC Server handler 7 on 40593] INFO  net.NetworkTopology (NetworkTopologyImpl.java:add(111)) - Added a new node: /default-rack/ec04318c-0ef2-41b1-96f7-ad495db72f36
2019-10-04 11:03:36,693 [IPC Server handler 7 on 40593] INFO  node.SCMNodeManager (SCMNodeManager.java:register(266)) - Registered Data node : ec04318c-0ef2-41b1-96f7-ad495db72f36{ip: 192.168.151.72, host: pr-hdds-2204-72899-789710998, networkLocation: /default-rack, certSerialId: null}
2019-10-04 11:03:36,928 [grpc-default-executor-0] INFO  impl.RaftServerProxy (RaftServerProxy.java:addNew(89)) - d7465086-8e37-45da-ad6f-a1f049a81ffa: addNew group-F665172E6911:[d7465086-8e37-45da-ad6f-a1f049a81ffa:192.168.151.72:33717] returns group-F665172E6911:java.util.concurrent.CompletableFuture@2dbed3a[Not completed]
2019-10-04 11:03:36,944 [pool-27-thread-1] INFO  impl.RaftServerImpl (RaftServerImpl.java:<init>(95)) - d7465086-8e37-45da-ad6f-a1f049a81ffa: new RaftServerImpl for group-F665172E6911:[d7465086-8e37-45da-ad6f-a1f049a81ffa:192.168.151.72:33717] with ContainerStateMachine:uninitialized
2019-10-04 11:03:36,946 [pool-27-thread-1] INFO  server.RaftServerConfigKeys (ConfUtils.java:logGet(43)) - raft.server.rpc.timeout.min = 5s (custom)
2019-10-04 11:03:36,949 [pool-27-thread-1] INFO  server.RaftServerConfigKeys (ConfUtils.java:logGet(43)) - raft.server.rpc.timeout.max = 5200ms (custom)
2019-10-04 11:03:36,949 [pool-27-thread-1] INFO  server.RaftServerConfigKeys (ConfUtils.java:logGet(43)) - raft.server.rpcslowness.timeout = 120s (custom)
2019-10-04 11:03:36,950 [pool-27-thread-1] INFO  server.RaftServerConfigKeys (ConfUtils.java:logGet(43)) - raft.server.sleep.deviation.threshold = 300 (default)
2019-10-04 11:03:36,951 [pool-27-thread-1] INFO  server.RaftServerConfigKeys (ConfUtils.java:logGet(43)) - raft.server.log.appender.install.snapshot.enabled = false (custom)
2019-10-04 11:03:36,961 [pool-27-thread-1] INFO  impl.RaftServerImpl (ServerState.java:<init>(103)) - d7465086-8e37-45da-ad6f-a1f049a81ffa@group-F665172E6911: ConfigurationManager, init=-1: [d7465086-8e37-45da-ad6f-a1f049a81ffa:192.168.151.72:33717], old=null, confs=<EMPTY_MAP>
2019-10-04 11:03:36,962 [pool-27-thread-1] INFO  server.RaftServerConfigKeys (ConfUtils.java:logGet(43)) - raft.server.storage.dir = [/workdir/hadoop-ozone/integration-test/target/test-dir/MiniOzoneClusterImpl-bdcda2a2-f79e-402a-b66c-d7657acce112/datanode-0/data/ratis] (custom)
2019-10-04 11:03:36,970 [pool-27-thread-1] INFO  server.RaftServerConfigKeys (ConfUtils.java:logGet(43)) - raft.server.log.corruption.policy = EXCEPTION (default)
2019-10-04 11:03:36,972 [pool-27-thread-1] INFO  storage.RaftStorageDirectory (RaftStorageDirectory.java:analyzeStorage(246)) - The storage directory /workdir/hadoop-ozone/integration-test/target/test-dir/MiniOzoneClusterImpl-bdcda2a2-f79e-402a-b66c-d7657acce112/datanode-0/data/ratis/7f26d436-79e6-4f11-92fe-f665172e6911 does not exist. Creating ...
2019-10-04 11:03:36,998 [pool-27-thread-1] INFO  storage.RaftStorageDirectory (RaftStorageDirectory.java:tryLock(328)) - Lock on /workdir/hadoop-ozone/integration-test/target/test-dir/MiniOzoneClusterImpl-bdcda2a2-f79e-402a-b66c-d7657acce112/datanode-0/data/ratis/7f26d436-79e6-4f11-92fe-f665172e6911/in_use.lock acquired by nodename 22464@pr-hdds-2204-72899-789710998
2019-10-04 11:03:37,013 [pool-27-thread-1] INFO  storage.RaftStorage (RaftStorage.java:format(84)) - Storage directory /workdir/hadoop-ozone/integration-test/target/test-dir/MiniOzoneClusterImpl-bdcda2a2-f79e-402a-b66c-d7657acce112/datanode-0/data/ratis/7f26d436-79e6-4f11-92fe-f665172e6911 has been successfully formatted.
2019-10-04 11:03:37,016 [pool-27-thread-1] INFO  ratis.ContainerStateMachine (ContainerStateMachine.java:loadSnapshot(230)) - group-F665172E6911: The snapshot info is null. Setting the last applied indexto:(t:0, i:~)
2019-10-04 11:03:37,016 [pool-27-thread-1] INFO  server.RaftServerConfigKeys (ConfUtils.java:logGet(43)) - raft.server.notification.no-leader.timeout = 120s (custom)
2019-10-04 11:03:37,019 [pool-27-thread-1] INFO  server.RaftServerConfigKeys (ConfUtils.java:logGet(43)) - raft.server.log.use.memory = false (default)
2019-10-04 11:03:37,027 [pool-27-thread-1] INFO  server.RaftServerConfigKeys (ConfUtils.java:logGet(43)) - raft.server.log.purge.gap = 1000000 (custom)
2019-10-04 11:03:37,027 [pool-27-thread-1] INFO  server.RaftServerConfigKeys (ConfUtils.java:logGet(43)) - raft.server.log.appender.buffer.byte-limit = 33554432 (custom)
2019-10-04 11:03:37,030 [pool-27-thread-1] INFO  server.RaftServerConfigKeys (ConfUtils.java:logGet(43)) - raft.server.log.segment.size.max = 1048576 (custom)
2019-10-04 11:03:37,032 [pool-27-thread-1] INFO  impl.MetricsSystemImpl (MetricsSystemImpl.java:init(158)) - ratis metrics system started (again)
2019-10-04 11:03:37,037 [pool-27-thread-1] INFO  metrics.MetricRegistries (MetricRegistriesLoader.java:load(64)) - Loaded MetricRegistries class org.apache.ratis.metrics.impl.MetricRegistriesImpl
2019-10-04 11:03:37,080 [pool-27-thread-1] INFO  server.RaftServerConfigKeys (ConfUtils.java:logGet(43)) - raft.server.log.segment.cache.num.max = 2 (custom)
2019-10-04 11:03:37,086 [pool-27-thread-1] INFO  segmented.SegmentedRaftLogWorker (SegmentedRaftLogWorker.java:<init>(173)) - new d7465086-8e37-45da-ad6f-a1f049a81ffa@group-F665172E6911-SegmentedRaftLogWorker for RaftStorage:Storage Directory /workdir/hadoop-ozone/integration-test/target/test-dir/MiniOzoneClusterImpl-bdcda2a2-f79e-402a-b66c-d7657acce112/datanode-0/data/ratis/7f26d436-79e6-4f11-92fe-f665172e6911
2019-10-04 11:03:37,086 [pool-27-thread-1] INFO  server.RaftServerConfigKeys (ConfUtils.java:logGet(43)) - raft.server.log.queue.byte-limit = 2147483647 (custom)
2019-10-04 11:03:37,087 [pool-27-thread-1] INFO  server.RaftServerConfigKeys (ConfUtils.java:logGet(43)) - raft.server.log.queue.element-limit = 1024 (custom)
2019-10-04 11:03:37,088 [pool-27-thread-1] INFO  server.RaftServerConfigKeys (ConfUtils.java:logGet(43)) - raft.server.log.segment.size.max = 1048576 (custom)
2019-10-04 11:03:37,089 [pool-27-thread-1] INFO  server.RaftServerConfigKeys (ConfUtils.java:logGet(43)) - raft.server.log.preallocated.size = 16384 (custom)
2019-10-04 11:03:37,089 [pool-27-thread-1] INFO  server.RaftServerConfigKeys (ConfUtils.java:logGet(43)) - raft.server.log.write.buffer.size = 33554432 (custom)
2019-10-04 11:03:37,090 [pool-27-thread-1] INFO  server.RaftServerConfigKeys (ConfUtils.java:logGet(43)) - raft.server.log.force.sync.num = 128 (default)
2019-10-04 11:03:37,091 [pool-27-thread-1] INFO  server.RaftServerConfigKeys (ConfUtils.java:logGet(43)) - raft.server.log.statemachine.data.sync = true (default)
2019-10-04 11:03:37,091 [pool-27-thread-1] INFO  server.RaftServerConfigKeys (ConfUtils.java:logGet(43)) - raft.server.log.statemachine.data.sync.timeout = 10s (default)
2019-10-04 11:03:37,091 [pool-27-thread-1] INFO  server.RaftServerConfigKeys (ConfUtils.java:logGet(43)) - raft.server.log.statemachine.data.sync.timeout.retry = -1 (default)
2019-10-04 11:03:37,104 [pool-27-thread-1] INFO  server.RaftServerConfigKeys (ConfUtils.java:logGet(43)) - raft.server.log.statemachine.data.caching.enabled = true (custom)
2019-10-04 11:03:37,109 [pool-27-thread-1] INFO  segmented.SegmentedRaftLogWorker (SegmentedRaftLogWorker.java:lambda$new$0(128)) - d7465086-8e37-45da-ad6f-a1f049a81ffa@group-F665172E6911-SegmentedRaftLogWorker: flushIndex: setUnconditionally 0 -> -1
2019-10-04 11:03:37,113 [pool-27-thread-1] INFO  server.RaftServerConfigKeys (ConfUtils.java:logGet(43)) - raft.server.snapshot.auto.trigger.enabled = true (custom)
2019-10-04 11:03:37,114 [pool-27-thread-1] INFO  server.RaftServerConfigKeys (ConfUtils.java:logGet(43)) - raft.server.snapshot.auto.trigger.threshold = 10000 (custom)
2019-10-04 11:03:37,115 [pool-27-thread-1] INFO  server.RaftServerConfigKeys (ConfUtils.java:logGet(43)) - raft.server.snapshot.retention.file.num = 5 (custom)
2019-10-04 11:03:37,115 [pool-27-thread-1] INFO  server.RaftServerConfigKeys (ConfUtils.java:logGet(43)) - raft.server.retrycache.expirytime = 600000ms (custom)
2019-10-04 11:03:37,143 [pool-27-thread-1] INFO  impl.RaftServerImpl (RaftServerImpl.java:start(181)) - d7465086-8e37-45da-ad6f-a1f049a81ffa@group-F665172E6911: start as a follower, conf=-1: [d7465086-8e37-45da-ad6f-a1f049a81ffa:192.168.151.72:33717], old=null
2019-10-04 11:03:37,144 [pool-27-thread-1] INFO  impl.RaftServerImpl (RaftServerImpl.java:setRole(170)) - d7465086-8e37-45da-ad6f-a1f049a81ffa@group-F665172E6911: changes role from      null to FOLLOWER at term 0 for startAsFollower
2019-10-04 11:03:37,145 [pool-27-thread-1] INFO  impl.RoleInfo (RoleInfo.java:updateAndGet(143)) - d7465086-8e37-45da-ad6f-a1f049a81ffa: start FollowerState
2019-10-04 11:03:37,147 [pool-27-thread-1] INFO  util.JmxRegister (JmxRegister.java:tryRegister(44)) - Successfully registered JMX Bean with object name Ratis:service=RaftServer,group=group-F665172E6911,id=d7465086-8e37-45da-ad6f-a1f049a81ffa
2019-10-04 11:03:37,230 [RatisPipelineUtilsThread] INFO  pipeline.PipelineStateManager (PipelineStateManager.java:addPipeline(56)) - Created pipeline Pipeline[ Id: 7f26d436-79e6-4f11-92fe-f665172e6911, Nodes: d7465086-8e37-45da-ad6f-a1f049a81ffa{ip: 192.168.151.72, host: pr-hdds-2204-72899-789710998, networkLocation: /default-rack, certSerialId: null}, Type:RATIS, Factor:ONE, State:OPEN]
2019-10-04 11:03:37,261 [grpc-default-executor-0] INFO  impl.RaftServerProxy (RaftServerProxy.java:addNew(89)) - 92b02bdd-9214-4414-a3a8-dc2f1111fcbb: addNew group-18BF2BA7C508:[92b02bdd-9214-4414-a3a8-dc2f1111fcbb:192.168.151.72:44596] returns group-18BF2BA7C508:java.util.concurrent.CompletableFuture@153cfe44[Not completed]
2019-10-04 11:03:37,307 [pool-47-thread-1] INFO  impl.RaftServerImpl (RaftServerImpl.java:<init>(95)) - 92b02bdd-9214-4414-a3a8-dc2f1111fcbb: new RaftServerImpl for group-18BF2BA7C508:[92b02bdd-9214-4414-a3a8-dc2f1111fcbb:192.168.151.72:44596] with ContainerStateMachine:uninitialized
2019-10-04 11:03:37,308 [pool-47-thread-1] INFO  server.RaftServerConfigKeys (ConfUtils.java:logGet(43)) - raft.server.rpc.timeout.min = 5s (custom)
2019-10-04 11:03:37,308 [pool-47-thread-1] INFO  server.RaftServerConfigKeys (ConfUtils.java:logGet(43)) - raft.server.rpc.timeout.max = 5200ms (custom)
2019-10-04 11:03:37,308 [pool-47-thread-1] INFO  server.RaftServerConfigKeys (ConfUtils.java:logGet(43)) - raft.server.rpcslowness.timeout = 120s (custom)
2019-10-04 11:03:37,309 [pool-47-thread-1] INFO  server.RaftServerConfigKeys (ConfUtils.java:logGet(43)) - raft.server.sleep.deviation.threshold = 300 (default)
2019-10-04 11:03:37,309 [pool-47-thread-1] INFO  server.RaftServerConfigKeys (ConfUtils.java:logGet(43)) - raft.server.log.appender.install.snapshot.enabled = false (custom)
2019-10-04 11:03:37,309 [pool-47-thread-1] INFO  impl.RaftServerImpl (ServerState.java:<init>(103)) - 92b02bdd-9214-4414-a3a8-dc2f1111fcbb@group-18BF2BA7C508: ConfigurationManager, init=-1: [92b02bdd-9214-4414-a3a8-dc2f1111fcbb:192.168.151.72:44596], old=null, confs=<EMPTY_MAP>
2019-10-04 11:03:37,309 [pool-47-thread-1] INFO  server.RaftServerConfigKeys (ConfUtils.java:logGet(43)) - raft.server.storage.dir = [/workdir/hadoop-ozone/integration-test/target/test-dir/MiniOzoneClusterImpl-bdcda2a2-f79e-402a-b66c-d7657acce112/datanode-2/data/ratis] (custom)
2019-10-04 11:03:37,310 [pool-47-thread-1] INFO  server.RaftServerConfigKeys (ConfUtils.java:logGet(43)) - raft.server.log.corruption.policy = EXCEPTION (default)
2019-10-04 11:03:37,310 [pool-47-thread-1] INFO  storage.RaftStorageDirectory (RaftStorageDirectory.java:analyzeStorage(246)) - The storage directory /workdir/hadoop-ozone/integration-test/target/test-dir/MiniOzoneClusterImpl-bdcda2a2-f79e-402a-b66c-d7657acce112/datanode-2/data/ratis/a2284835-15cf-4938-bdcd-18bf2ba7c508 does not exist. Creating ...
2019-10-04 11:03:37,332 [pool-47-thread-1] INFO  storage.RaftStorageDirectory (RaftStorageDirectory.java:tryLock(328)) - Lock on /workdir/hadoop-ozone/integration-test/target/test-dir/MiniOzoneClusterImpl-bdcda2a2-f79e-402a-b66c-d7657acce112/datanode-2/data/ratis/a2284835-15cf-4938-bdcd-18bf2ba7c508/in_use.lock acquired by nodename 22464@pr-hdds-2204-72899-789710998
2019-10-04 11:03:37,340 [pool-47-thread-1] INFO  storage.RaftStorage (RaftStorage.java:format(84)) - Storage directory /workdir/hadoop-ozone/integration-test/target/test-dir/MiniOzoneClusterImpl-bdcda2a2-f79e-402a-b66c-d7657acce112/datanode-2/data/ratis/a2284835-15cf-4938-bdcd-18bf2ba7c508 has been successfully formatted.
2019-10-04 11:03:37,342 [pool-47-thread-1] INFO  ratis.ContainerStateMachine (ContainerStateMachine.java:loadSnapshot(230)) - group-18BF2BA7C508: The snapshot info is null. Setting the last applied indexto:(t:0, i:~)
2019-10-04 11:03:37,343 [pool-47-thread-1] INFO  server.RaftServerConfigKeys (ConfUtils.java:logGet(43)) - raft.server.notification.no-leader.timeout = 120s (custom)
2019-10-04 11:03:37,343 [pool-47-thread-1] INFO  server.RaftServerConfigKeys (ConfUtils.java:logGet(43)) - raft.server.log.use.memory = false (default)
2019-10-04 11:03:37,344 [pool-47-thread-1] INFO  server.RaftServerConfigKeys (ConfUtils.java:logGet(43)) - raft.server.log.purge.gap = 1000000 (custom)
2019-10-04 11:03:37,344 [pool-47-thread-1] INFO  server.RaftServerConfigKeys (ConfUtils.java:logGet(43)) - raft.server.log.appender.buffer.byte-limit = 33554432 (custom)
2019-10-04 11:03:37,344 [pool-47-thread-1] INFO  server.RaftServerConfigKeys (ConfUtils.java:logGet(43)) - raft.server.log.segment.size.max = 1048576 (custom)
2019-10-04 11:03:37,351 [pool-47-thread-1] INFO  server.RaftServerConfigKeys (ConfUtils.java:logGet(43)) - raft.server.log.segment.cache.num.max = 2 (custom)
2019-10-04 11:03:37,351 [pool-47-thread-1] INFO  segmented.SegmentedRaftLogWorker (SegmentedRaftLogWorker.java:<init>(173)) - new 92b02bdd-9214-4414-a3a8-dc2f1111fcbb@group-18BF2BA7C508-SegmentedRaftLogWorker for RaftStorage:Storage Directory /workdir/hadoop-ozone/integration-test/target/test-dir/MiniOzoneClusterImpl-bdcda2a2-f79e-402a-b66c-d7657acce112/datanode-2/data/ratis/a2284835-15cf-4938-bdcd-18bf2ba7c508
2019-10-04 11:03:37,353 [pool-47-thread-1] INFO  server.RaftServerConfigKeys (ConfUtils.java:logGet(43)) - raft.server.log.queue.byte-limit = 2147483647 (custom)
2019-10-04 11:03:37,353 [pool-47-thread-1] INFO  server.RaftServerConfigKeys (ConfUtils.java:logGet(43)) - raft.server.log.queue.element-limit = 1024 (custom)
2019-10-04 11:03:37,353 [pool-47-thread-1] INFO  server.RaftServerConfigKeys (ConfUtils.java:logGet(43)) - raft.server.log.segment.size.max = 1048576 (custom)
2019-10-04 11:03:37,353 [pool-47-thread-1] INFO  server.RaftServerConfigKeys (ConfUtils.java:logGet(43)) - raft.server.log.preallocated.size = 16384 (custom)
2019-10-04 11:03:37,354 [pool-47-thread-1] INFO  server.RaftServerConfigKeys (ConfUtils.java:logGet(43)) - raft.server.log.write.buffer.size = 33554432 (custom)
2019-10-04 11:03:37,354 [pool-47-thread-1] INFO  server.RaftServerConfigKeys (ConfUtils.java:logGet(43)) - raft.server.log.force.sync.num = 128 (default)
2019-10-04 11:03:37,354 [pool-47-thread-1] INFO  server.RaftServerConfigKeys (ConfUtils.java:logGet(43)) - raft.server.log.statemachine.data.sync = true (default)
2019-10-04 11:03:37,354 [pool-47-thread-1] INFO  server.RaftServerConfigKeys (ConfUtils.java:logGet(43)) - raft.server.log.statemachine.data.sync.timeout = 10s (default)
2019-10-04 11:03:37,354 [pool-47-thread-1] INFO  server.RaftServerConfigKeys (ConfUtils.java:logGet(43)) - raft.server.log.statemachine.data.sync.timeout.retry = -1 (default)
2019-10-04 11:03:37,356 [pool-47-thread-1] INFO  server.RaftServerConfigKeys (ConfUtils.java:logGet(43)) - raft.server.log.statemachine.data.caching.enabled = true (custom)
2019-10-04 11:03:37,356 [pool-47-thread-1] INFO  segmented.SegmentedRaftLogWorker (SegmentedRaftLogWorker.java:lambda$new$0(128)) - 92b02bdd-9214-4414-a3a8-dc2f1111fcbb@group-18BF2BA7C508-SegmentedRaftLogWorker: flushIndex: setUnconditionally 0 -> -1
2019-10-04 11:03:37,357 [pool-47-thread-1] INFO  server.RaftServerConfigKeys (ConfUtils.java:logGet(43)) - raft.server.snapshot.auto.trigger.enabled = true (custom)
2019-10-04 11:03:37,357 [pool-47-thread-1] INFO  server.RaftServerConfigKeys (ConfUtils.java:logGet(43)) - raft.server.snapshot.auto.trigger.threshold = 10000 (custom)
2019-10-04 11:03:37,357 [pool-47-thread-1] INFO  server.RaftServerConfigKeys (ConfUtils.java:logGet(43)) - raft.server.snapshot.retention.file.num = 5 (custom)
2019-10-04 11:03:37,357 [pool-47-thread-1] INFO  server.RaftServerConfigKeys (ConfUtils.java:logGet(43)) - raft.server.retrycache.expirytime = 600000ms (custom)
2019-10-04 11:03:37,364 [pool-47-thread-1] INFO  impl.RaftServerImpl (RaftServerImpl.java:start(181)) - 92b02bdd-9214-4414-a3a8-dc2f1111fcbb@group-18BF2BA7C508: start as a follower, conf=-1: [92b02bdd-9214-4414-a3a8-dc2f1111fcbb:192.168.151.72:44596], old=null
2019-10-04 11:03:37,364 [pool-47-thread-1] INFO  impl.RaftServerImpl (RaftServerImpl.java:setRole(170)) - 92b02bdd-9214-4414-a3a8-dc2f1111fcbb@group-18BF2BA7C508: changes role from      null to FOLLOWER at term 0 for startAsFollower
2019-10-04 11:03:37,364 [pool-47-thread-1] INFO  impl.RoleInfo (RoleInfo.java:updateAndGet(143)) - 92b02bdd-9214-4414-a3a8-dc2f1111fcbb: start FollowerState
2019-10-04 11:03:37,366 [pool-47-thread-1] INFO  util.JmxRegister (JmxRegister.java:tryRegister(44)) - Successfully registered JMX Bean with object name Ratis:service=RaftServer,group=group-18BF2BA7C508,id=92b02bdd-9214-4414-a3a8-dc2f1111fcbb
2019-10-04 11:03:37,386 [RatisPipelineUtilsThread] INFO  pipeline.PipelineStateManager (PipelineStateManager.java:addPipeline(56)) - Created pipeline Pipeline[ Id: a2284835-15cf-4938-bdcd-18bf2ba7c508, Nodes: 92b02bdd-9214-4414-a3a8-dc2f1111fcbb{ip: 192.168.151.72, host: pr-hdds-2204-72899-789710998, networkLocation: /default-rack, certSerialId: null}, Type:RATIS, Factor:ONE, State:OPEN]
2019-10-04 11:03:37,411 [grpc-default-executor-0] INFO  impl.RaftServerProxy (RaftServerProxy.java:addNew(89)) - 8e08b107-dcab-42d4-b054-a31f9cc9d2d3: addNew group-FCA872E93D55:[8e08b107-dcab-42d4-b054-a31f9cc9d2d3:192.168.151.72:39795] returns group-FCA872E93D55:java.util.concurrent.CompletableFuture@48f6c649[Not completed]
2019-10-04 11:03:37,435 [pool-37-thread-1] INFO  impl.RaftServerImpl (RaftServerImpl.java:<init>(95)) - 8e08b107-dcab-42d4-b054-a31f9cc9d2d3: new RaftServerImpl for group-FCA872E93D55:[8e08b107-dcab-42d4-b054-a31f9cc9d2d3:192.168.151.72:39795] with ContainerStateMachine:uninitialized
2019-10-04 11:03:37,435 [pool-37-thread-1] INFO  server.RaftServerConfigKeys (ConfUtils.java:logGet(43)) - raft.server.rpc.timeout.min = 5s (custom)
2019-10-04 11:03:37,435 [pool-37-thread-1] INFO  server.RaftServerConfigKeys (ConfUtils.java:logGet(43)) - raft.server.rpc.timeout.max = 5200ms (custom)
2019-10-04 11:03:37,435 [pool-37-thread-1] INFO  server.RaftServerConfigKeys (ConfUtils.java:logGet(43)) - raft.server.rpcslowness.timeout = 120s (custom)
2019-10-04 11:03:37,436 [pool-37-thread-1] INFO  server.RaftServerConfigKeys (ConfUtils.java:logGet(43)) - raft.server.sleep.deviation.threshold = 300 (default)
2019-10-04 11:03:37,436 [pool-37-thread-1] INFO  server.RaftServerConfigKeys (ConfUtils.java:logGet(43)) - raft.server.log.appender.install.snapshot.enabled = false (custom)
2019-10-04 11:03:37,436 [pool-37-thread-1] INFO  impl.RaftServerImpl (ServerState.java:<init>(103)) - 8e08b107-dcab-42d4-b054-a31f9cc9d2d3@group-FCA872E93D55: ConfigurationManager, init=-1: [8e08b107-dcab-42d4-b054-a31f9cc9d2d3:192.168.151.72:39795], old=null, confs=<EMPTY_MAP>
2019-10-04 11:03:37,436 [pool-37-thread-1] INFO  server.RaftServerConfigKeys (ConfUtils.java:logGet(43)) - raft.server.storage.dir = [/workdir/hadoop-ozone/integration-test/target/test-dir/MiniOzoneClusterImpl-bdcda2a2-f79e-402a-b66c-d7657acce112/datanode-1/data/ratis] (custom)
2019-10-04 11:03:37,437 [pool-37-thread-1] INFO  server.RaftServerConfigKeys (ConfUtils.java:logGet(43)) - raft.server.log.corruption.policy = EXCEPTION (default)
2019-10-04 11:03:37,437 [pool-37-thread-1] INFO  storage.RaftStorageDirectory (RaftStorageDirectory.java:analyzeStorage(246)) - The storage directory /workdir/hadoop-ozone/integration-test/target/test-dir/MiniOzoneClusterImpl-bdcda2a2-f79e-402a-b66c-d7657acce112/datanode-1/data/ratis/5938c025-1838-44ac-a5cd-fca872e93d55 does not exist. Creating ...
2019-10-04 11:03:37,441 [pool-37-thread-1] INFO  storage.RaftStorageDirectory (RaftStorageDirectory.java:tryLock(328)) - Lock on /workdir/hadoop-ozone/integration-test/target/test-dir/MiniOzoneClusterImpl-bdcda2a2-f79e-402a-b66c-d7657acce112/datanode-1/data/ratis/5938c025-1838-44ac-a5cd-fca872e93d55/in_use.lock acquired by nodename 22464@pr-hdds-2204-72899-789710998
2019-10-04 11:03:37,445 [pool-37-thread-1] INFO  storage.RaftStorage (RaftStorage.java:format(84)) - Storage directory /workdir/hadoop-ozone/integration-test/target/test-dir/MiniOzoneClusterImpl-bdcda2a2-f79e-402a-b66c-d7657acce112/datanode-1/data/ratis/5938c025-1838-44ac-a5cd-fca872e93d55 has been successfully formatted.
2019-10-04 11:03:37,445 [pool-37-thread-1] INFO  ratis.ContainerStateMachine (ContainerStateMachine.java:loadSnapshot(230)) - group-FCA872E93D55: The snapshot info is null. Setting the last applied indexto:(t:0, i:~)
2019-10-04 11:03:37,445 [pool-37-thread-1] INFO  server.RaftServerConfigKeys (ConfUtils.java:logGet(43)) - raft.server.notification.no-leader.timeout = 120s (custom)
2019-10-04 11:03:37,446 [pool-37-thread-1] INFO  server.RaftServerConfigKeys (ConfUtils.java:logGet(43)) - raft.server.log.use.memory = false (default)
2019-10-04 11:03:37,446 [pool-37-thread-1] INFO  server.RaftServerConfigKeys (ConfUtils.java:logGet(43)) - raft.server.log.purge.gap = 1000000 (custom)
2019-10-04 11:03:37,446 [pool-37-thread-1] INFO  server.RaftServerConfigKeys (ConfUtils.java:logGet(43)) - raft.server.log.appender.buffer.byte-limit = 33554432 (custom)
2019-10-04 11:03:37,447 [pool-37-thread-1] INFO  server.RaftServerConfigKeys (ConfUtils.java:logGet(43)) - raft.server.log.segment.size.max = 1048576 (custom)
2019-10-04 11:03:37,480 [pool-37-thread-1] INFO  server.RaftServerConfigKeys (ConfUtils.java:logGet(43)) - raft.server.log.segment.cache.num.max = 2 (custom)
2019-10-04 11:03:37,480 [pool-37-thread-1] INFO  segmented.SegmentedRaftLogWorker (SegmentedRaftLogWorker.java:<init>(173)) - new 8e08b107-dcab-42d4-b054-a31f9cc9d2d3@group-FCA872E93D55-SegmentedRaftLogWorker for RaftStorage:Storage Directory /workdir/hadoop-ozone/integration-test/target/test-dir/MiniOzoneClusterImpl-bdcda2a2-f79e-402a-b66c-d7657acce112/datanode-1/data/ratis/5938c025-1838-44ac-a5cd-fca872e93d55
2019-10-04 11:03:37,480 [pool-37-thread-1] INFO  server.RaftServerConfigKeys (ConfUtils.java:logGet(43)) - raft.server.log.queue.byte-limit = 2147483647 (custom)
2019-10-04 11:03:37,481 [pool-37-thread-1] INFO  server.RaftServerConfigKeys (ConfUtils.java:logGet(43)) - raft.server.log.queue.element-limit = 1024 (custom)
2019-10-04 11:03:37,481 [pool-37-thread-1] INFO  server.RaftServerConfigKeys (ConfUtils.java:logGet(43)) - raft.server.log.segment.size.max = 1048576 (custom)
2019-10-04 11:03:37,481 [pool-37-thread-1] INFO  server.RaftServerConfigKeys (ConfUtils.java:logGet(43)) - raft.server.log.preallocated.size = 16384 (custom)
2019-10-04 11:03:37,481 [pool-37-thread-1] INFO  server.RaftServerConfigKeys (ConfUtils.java:logGet(43)) - raft.server.log.write.buffer.size = 33554432 (custom)
2019-10-04 11:03:37,482 [pool-37-thread-1] INFO  server.RaftServerConfigKeys (ConfUtils.java:logGet(43)) - raft.server.log.force.sync.num = 128 (default)
2019-10-04 11:03:37,482 [pool-37-thread-1] INFO  server.RaftServerConfigKeys (ConfUtils.java:logGet(43)) - raft.server.log.statemachine.data.sync = true (default)
2019-10-04 11:03:37,482 [pool-37-thread-1] INFO  server.RaftServerConfigKeys (ConfUtils.java:logGet(43)) - raft.server.log.statemachine.data.sync.timeout = 10s (default)
2019-10-04 11:03:37,482 [pool-37-thread-1] INFO  server.RaftServerConfigKeys (ConfUtils.java:logGet(43)) - raft.server.log.statemachine.data.sync.timeout.retry = -1 (default)
2019-10-04 11:03:37,483 [pool-37-thread-1] INFO  server.RaftServerConfigKeys (ConfUtils.java:logGet(43)) - raft.server.log.statemachine.data.caching.enabled = true (custom)
2019-10-04 11:03:37,484 [pool-37-thread-1] INFO  segmented.SegmentedRaftLogWorker (SegmentedRaftLogWorker.java:lambda$new$0(128)) - 8e08b107-dcab-42d4-b054-a31f9cc9d2d3@group-FCA872E93D55-SegmentedRaftLogWorker: flushIndex: setUnconditionally 0 -> -1
2019-10-04 11:03:37,484 [pool-37-thread-1] INFO  server.RaftServerConfigKeys (ConfUtils.java:logGet(43)) - raft.server.snapshot.auto.trigger.enabled = true (custom)
2019-10-04 11:03:37,485 [pool-37-thread-1] INFO  server.RaftServerConfigKeys (ConfUtils.java:logGet(43)) - raft.server.snapshot.auto.trigger.threshold = 10000 (custom)
2019-10-04 11:03:37,485 [pool-37-thread-1] INFO  server.RaftServerConfigKeys (ConfUtils.java:logGet(43)) - raft.server.snapshot.retention.file.num = 5 (custom)
2019-10-04 11:03:37,485 [pool-37-thread-1] INFO  server.RaftServerConfigKeys (ConfUtils.java:logGet(43)) - raft.server.retrycache.expirytime = 600000ms (custom)
2019-10-04 11:03:37,491 [pool-37-thread-1] INFO  impl.RaftServerImpl (RaftServerImpl.java:start(181)) - 8e08b107-dcab-42d4-b054-a31f9cc9d2d3@group-FCA872E93D55: start as a follower, conf=-1: [8e08b107-dcab-42d4-b054-a31f9cc9d2d3:192.168.151.72:39795], old=null
2019-10-04 11:03:37,491 [pool-37-thread-1] INFO  impl.RaftServerImpl (RaftServerImpl.java:setRole(170)) - 8e08b107-dcab-42d4-b054-a31f9cc9d2d3@group-FCA872E93D55: changes role from      null to FOLLOWER at term 0 for startAsFollower
2019-10-04 11:03:37,492 [pool-37-thread-1] INFO  impl.RoleInfo (RoleInfo.java:updateAndGet(143)) - 8e08b107-dcab-42d4-b054-a31f9cc9d2d3: start FollowerState
2019-10-04 11:03:37,492 [pool-37-thread-1] INFO  util.JmxRegister (JmxRegister.java:tryRegister(44)) - Successfully registered JMX Bean with object name Ratis:service=RaftServer,group=group-FCA872E93D55,id=8e08b107-dcab-42d4-b054-a31f9cc9d2d3
2019-10-04 11:03:37,510 [RatisPipelineUtilsThread] INFO  pipeline.PipelineStateManager (PipelineStateManager.java:addPipeline(56)) - Created pipeline Pipeline[ Id: 5938c025-1838-44ac-a5cd-fca872e93d55, Nodes: 8e08b107-dcab-42d4-b054-a31f9cc9d2d3{ip: 192.168.151.72, host: pr-hdds-2204-72899-789710998, networkLocation: /default-rack, certSerialId: null}, Type:RATIS, Factor:ONE, State:OPEN]
2019-10-04 11:03:37,529 [grpc-default-executor-0] INFO  impl.RaftServerProxy (RaftServerProxy.java:addNew(89)) - ec04318c-0ef2-41b1-96f7-ad495db72f36: addNew group-FC1B32A4E5B2:[ec04318c-0ef2-41b1-96f7-ad495db72f36:192.168.151.72:42902] returns group-FC1B32A4E5B2:java.util.concurrent.CompletableFuture@67f1332a[Not completed]
2019-10-04 11:03:37,534 [pool-87-thread-1] INFO  impl.RaftServerImpl (RaftServerImpl.java:<init>(95)) - ec04318c-0ef2-41b1-96f7-ad495db72f36: new RaftServerImpl for group-FC1B32A4E5B2:[ec04318c-0ef2-41b1-96f7-ad495db72f36:192.168.151.72:42902] with ContainerStateMachine:uninitialized
2019-10-04 11:03:37,534 [pool-87-thread-1] INFO  server.RaftServerConfigKeys (ConfUtils.java:logGet(43)) - raft.server.rpc.timeout.min = 5s (custom)
2019-10-04 11:03:37,534 [pool-87-thread-1] INFO  server.RaftServerConfigKeys (ConfUtils.java:logGet(43)) - raft.server.rpc.timeout.max = 5200ms (custom)
2019-10-04 11:03:37,535 [pool-87-thread-1] INFO  server.RaftServerConfigKeys (ConfUtils.java:logGet(43)) - raft.server.rpcslowness.timeout = 120s (custom)
2019-10-04 11:03:37,535 [pool-87-thread-1] INFO  server.RaftServerConfigKeys (ConfUtils.java:logGet(43)) - raft.server.sleep.deviation.threshold = 300 (default)
2019-10-04 11:03:37,535 [pool-87-thread-1] INFO  server.RaftServerConfigKeys (ConfUtils.java:logGet(43)) - raft.server.log.appender.install.snapshot.enabled = false (custom)
2019-10-04 11:03:37,535 [pool-87-thread-1] INFO  impl.RaftServerImpl (ServerState.java:<init>(103)) - ec04318c-0ef2-41b1-96f7-ad495db72f36@group-FC1B32A4E5B2: ConfigurationManager, init=-1: [ec04318c-0ef2-41b1-96f7-ad495db72f36:192.168.151.72:42902], old=null, confs=<EMPTY_MAP>
2019-10-04 11:03:37,535 [pool-87-thread-1] INFO  server.RaftServerConfigKeys (ConfUtils.java:logGet(43)) - raft.server.storage.dir = [/workdir/hadoop-ozone/integration-test/target/test-dir/MiniOzoneClusterImpl-bdcda2a2-f79e-402a-b66c-d7657acce112/datanode-6/data/ratis] (custom)
2019-10-04 11:03:37,536 [pool-87-thread-1] INFO  server.RaftServerConfigKeys (ConfUtils.java:logGet(43)) - raft.server.log.corruption.policy = EXCEPTION (default)
2019-10-04 11:03:37,536 [pool-87-thread-1] INFO  storage.RaftStorageDirectory (RaftStorageDirectory.java:analyzeStorage(246)) - The storage directory /workdir/hadoop-ozone/integration-test/target/test-dir/MiniOzoneClusterImpl-bdcda2a2-f79e-402a-b66c-d7657acce112/datanode-6/data/ratis/acc3f121-0571-47ee-892c-fc1b32a4e5b2 does not exist. Creating ...
2019-10-04 11:03:37,549 [pool-87-thread-1] INFO  storage.RaftStorageDirectory (RaftStorageDirectory.java:tryLock(328)) - Lock on /workdir/hadoop-ozone/integration-test/target/test-dir/MiniOzoneClusterImpl-bdcda2a2-f79e-402a-b66c-d7657acce112/datanode-6/data/ratis/acc3f121-0571-47ee-892c-fc1b32a4e5b2/in_use.lock acquired by nodename 22464@pr-hdds-2204-72899-789710998
2019-10-04 11:03:37,552 [pool-87-thread-1] INFO  storage.RaftStorage (RaftStorage.java:format(84)) - Storage directory /workdir/hadoop-ozone/integration-test/target/test-dir/MiniOzoneClusterImpl-bdcda2a2-f79e-402a-b66c-d7657acce112/datanode-6/data/ratis/acc3f121-0571-47ee-892c-fc1b32a4e5b2 has been successfully formatted.
2019-10-04 11:03:37,553 [pool-87-thread-1] INFO  ratis.ContainerStateMachine (ContainerStateMachine.java:loadSnapshot(230)) - group-FC1B32A4E5B2: The snapshot info is null. Setting the last applied indexto:(t:0, i:~)
2019-10-04 11:03:37,553 [pool-87-thread-1] INFO  server.RaftServerConfigKeys (ConfUtils.java:logGet(43)) - raft.server.notification.no-leader.timeout = 120s (custom)
2019-10-04 11:03:37,553 [pool-87-thread-1] INFO  server.RaftServerConfigKeys (ConfUtils.java:logGet(43)) - raft.server.log.use.memory = false (default)
2019-10-04 11:03:37,553 [pool-87-thread-1] INFO  server.RaftServerConfigKeys (ConfUtils.java:logGet(43)) - raft.server.log.purge.gap = 1000000 (custom)
2019-10-04 11:03:37,554 [pool-87-thread-1] INFO  server.RaftServerConfigKeys (ConfUtils.java:logGet(43)) - raft.server.log.appender.buffer.byte-limit = 33554432 (custom)
2019-10-04 11:03:37,554 [pool-87-thread-1] INFO  server.RaftServerConfigKeys (ConfUtils.java:logGet(43)) - raft.server.log.segment.size.max = 1048576 (custom)
2019-10-04 11:03:37,560 [pool-87-thread-1] INFO  server.RaftServerConfigKeys (ConfUtils.java:logGet(43)) - raft.server.log.segment.cache.num.max = 2 (custom)
2019-10-04 11:03:37,560 [pool-87-thread-1] INFO  segmented.SegmentedRaftLogWorker (SegmentedRaftLogWorker.java:<init>(173)) - new ec04318c-0ef2-41b1-96f7-ad495db72f36@group-FC1B32A4E5B2-SegmentedRaftLogWorker for RaftStorage:Storage Directory /workdir/hadoop-ozone/integration-test/target/test-dir/MiniOzoneClusterImpl-bdcda2a2-f79e-402a-b66c-d7657acce112/datanode-6/data/ratis/acc3f121-0571-47ee-892c-fc1b32a4e5b2
2019-10-04 11:03:37,560 [pool-87-thread-1] INFO  server.RaftServerConfigKeys (ConfUtils.java:logGet(43)) - raft.server.log.queue.byte-limit = 2147483647 (custom)
2019-10-04 11:03:37,560 [pool-87-thread-1] INFO  server.RaftServerConfigKeys (ConfUtils.java:logGet(43)) - raft.server.log.queue.element-limit = 1024 (custom)
2019-10-04 11:03:37,561 [pool-87-thread-1] INFO  server.RaftServerConfigKeys (ConfUtils.java:logGet(43)) - raft.server.log.segment.size.max = 1048576 (custom)
2019-10-04 11:03:37,561 [pool-87-thread-1] INFO  server.RaftServerConfigKeys (ConfUtils.java:logGet(43)) - raft.server.log.preallocated.size = 16384 (custom)
2019-10-04 11:03:37,561 [pool-87-thread-1] INFO  server.RaftServerConfigKeys (ConfUtils.java:logGet(43)) - raft.server.log.write.buffer.size = 33554432 (custom)
2019-10-04 11:03:37,561 [pool-87-thread-1] INFO  server.RaftServerConfigKeys (ConfUtils.java:logGet(43)) - raft.server.log.force.sync.num = 128 (default)
2019-10-04 11:03:37,561 [pool-87-thread-1] INFO  server.RaftServerConfigKeys (ConfUtils.java:logGet(43)) - raft.server.log.statemachine.data.sync = true (default)
2019-10-04 11:03:37,561 [pool-87-thread-1] INFO  server.RaftServerConfigKeys (ConfUtils.java:logGet(43)) - raft.server.log.statemachine.data.sync.timeout = 10s (default)
2019-10-04 11:03:37,562 [pool-87-thread-1] INFO  server.RaftServerConfigKeys (ConfUtils.java:logGet(43)) - raft.server.log.statemachine.data.sync.timeout.retry = -1 (default)
2019-10-04 11:03:37,562 [pool-87-thread-1] INFO  server.RaftServerConfigKeys (ConfUtils.java:logGet(43)) - raft.server.log.statemachine.data.caching.enabled = true (custom)
2019-10-04 11:03:37,563 [pool-87-thread-1] INFO  segmented.SegmentedRaftLogWorker (SegmentedRaftLogWorker.java:lambda$new$0(128)) - ec04318c-0ef2-41b1-96f7-ad495db72f36@group-FC1B32A4E5B2-SegmentedRaftLogWorker: flushIndex: setUnconditionally 0 -> -1
2019-10-04 11:03:37,563 [pool-87-thread-1] INFO  server.RaftServerConfigKeys (ConfUtils.java:logGet(43)) - raft.server.snapshot.auto.trigger.enabled = true (custom)
2019-10-04 11:03:37,563 [pool-87-thread-1] INFO  server.RaftServerConfigKeys (ConfUtils.java:logGet(43)) - raft.server.snapshot.auto.trigger.threshold = 10000 (custom)
2019-10-04 11:03:37,563 [pool-87-thread-1] INFO  server.RaftServerConfigKeys (ConfUtils.java:logGet(43)) - raft.server.snapshot.retention.file.num = 5 (custom)
2019-10-04 11:03:37,564 [pool-87-thread-1] INFO  server.RaftServerConfigKeys (ConfUtils.java:logGet(43)) - raft.server.retrycache.expirytime = 600000ms (custom)
2019-10-04 11:03:37,568 [pool-87-thread-1] INFO  impl.RaftServerImpl (RaftServerImpl.java:start(181)) - ec04318c-0ef2-41b1-96f7-ad495db72f36@group-FC1B32A4E5B2: start as a follower, conf=-1: [ec04318c-0ef2-41b1-96f7-ad495db72f36:192.168.151.72:42902], old=null
2019-10-04 11:03:37,568 [pool-87-thread-1] INFO  impl.RaftServerImpl (RaftServerImpl.java:setRole(170)) - ec04318c-0ef2-41b1-96f7-ad495db72f36@group-FC1B32A4E5B2: changes role from      null to FOLLOWER at term 0 for startAsFollower
2019-10-04 11:03:37,568 [pool-87-thread-1] INFO  impl.RoleInfo (RoleInfo.java:updateAndGet(143)) - ec04318c-0ef2-41b1-96f7-ad495db72f36: start FollowerState
2019-10-04 11:03:37,569 [pool-87-thread-1] INFO  util.JmxRegister (JmxRegister.java:tryRegister(44)) - Successfully registered JMX Bean with object name Ratis:service=RaftServer,group=group-FC1B32A4E5B2,id=ec04318c-0ef2-41b1-96f7-ad495db72f36
2019-10-04 11:03:37,584 [RatisPipelineUtilsThread] INFO  pipeline.PipelineStateManager (PipelineStateManager.java:addPipeline(56)) - Created pipeline Pipeline[ Id: acc3f121-0571-47ee-892c-fc1b32a4e5b2, Nodes: ec04318c-0ef2-41b1-96f7-ad495db72f36{ip: 192.168.151.72, host: pr-hdds-2204-72899-789710998, networkLocation: /default-rack, certSerialId: null}, Type:RATIS, Factor:ONE, State:OPEN]
2019-10-04 11:03:37,604 [grpc-default-executor-0] INFO  impl.RaftServerProxy (RaftServerProxy.java:addNew(89)) - 73c289eb-b8e4-41d6-9a9c-8e9834a31439: addNew group-401839EEC28F:[73c289eb-b8e4-41d6-9a9c-8e9834a31439:192.168.151.72:43003] returns group-401839EEC28F:java.util.concurrent.CompletableFuture@5a7b41ee[Not completed]
2019-10-04 11:03:37,608 [pool-57-thread-1] INFO  impl.RaftServerImpl (RaftServerImpl.java:<init>(95)) - 73c289eb-b8e4-41d6-9a9c-8e9834a31439: new RaftServerImpl for group-401839EEC28F:[73c289eb-b8e4-41d6-9a9c-8e9834a31439:192.168.151.72:43003] with ContainerStateMachine:uninitialized
2019-10-04 11:03:37,608 [pool-57-thread-1] INFO  server.RaftServerConfigKeys (ConfUtils.java:logGet(43)) - raft.server.rpc.timeout.min = 5s (custom)
2019-10-04 11:03:37,609 [pool-57-thread-1] INFO  server.RaftServerConfigKeys (ConfUtils.java:logGet(43)) - raft.server.rpc.timeout.max = 5200ms (custom)
2019-10-04 11:03:37,609 [pool-57-thread-1] INFO  server.RaftServerConfigKeys (ConfUtils.java:logGet(43)) - raft.server.rpcslowness.timeout = 120s (custom)
2019-10-04 11:03:37,609 [pool-57-thread-1] INFO  server.RaftServerConfigKeys (ConfUtils.java:logGet(43)) - raft.server.sleep.deviation.threshold = 300 (default)
2019-10-04 11:03:37,609 [pool-57-thread-1] INFO  server.RaftServerConfigKeys (ConfUtils.java:logGet(43)) - raft.server.log.appender.install.snapshot.enabled = false (custom)
2019-10-04 11:03:37,609 [pool-57-thread-1] INFO  impl.RaftServerImpl (ServerState.java:<init>(103)) - 73c289eb-b8e4-41d6-9a9c-8e9834a31439@group-401839EEC28F: ConfigurationManager, init=-1: [73c289eb-b8e4-41d6-9a9c-8e9834a31439:192.168.151.72:43003], old=null, confs=<EMPTY_MAP>
2019-10-04 11:03:37,610 [pool-57-thread-1] INFO  server.RaftServerConfigKeys (ConfUtils.java:logGet(43)) - raft.server.storage.dir = [/workdir/hadoop-ozone/integration-test/target/test-dir/MiniOzoneClusterImpl-bdcda2a2-f79e-402a-b66c-d7657acce112/datanode-3/data/ratis] (custom)
2019-10-04 11:03:37,610 [pool-57-thread-1] INFO  server.RaftServerConfigKeys (ConfUtils.java:logGet(43)) - raft.server.log.corruption.policy = EXCEPTION (default)
2019-10-04 11:03:37,610 [pool-57-thread-1] INFO  storage.RaftStorageDirectory (RaftStorageDirectory.java:analyzeStorage(246)) - The storage directory /workdir/hadoop-ozone/integration-test/target/test-dir/MiniOzoneClusterImpl-bdcda2a2-f79e-402a-b66c-d7657acce112/datanode-3/data/ratis/48f466bb-7e94-4db0-8d88-401839eec28f does not exist. Creating ...
2019-10-04 11:03:37,622 [pool-57-thread-1] INFO  storage.RaftStorageDirectory (RaftStorageDirectory.java:tryLock(328)) - Lock on /workdir/hadoop-ozone/integration-test/target/test-dir/MiniOzoneClusterImpl-bdcda2a2-f79e-402a-b66c-d7657acce112/datanode-3/data/ratis/48f466bb-7e94-4db0-8d88-401839eec28f/in_use.lock acquired by nodename 22464@pr-hdds-2204-72899-789710998
2019-10-04 11:03:37,658 [pool-57-thread-1] INFO  storage.RaftStorage (RaftStorage.java:format(84)) - Storage directory /workdir/hadoop-ozone/integration-test/target/test-dir/MiniOzoneClusterImpl-bdcda2a2-f79e-402a-b66c-d7657acce112/datanode-3/data/ratis/48f466bb-7e94-4db0-8d88-401839eec28f has been successfully formatted.
2019-10-04 11:03:37,659 [pool-57-thread-1] INFO  ratis.ContainerStateMachine (ContainerStateMachine.java:loadSnapshot(230)) - group-401839EEC28F: The snapshot info is null. Setting the last applied indexto:(t:0, i:~)
2019-10-04 11:03:37,659 [pool-57-thread-1] INFO  server.RaftServerConfigKeys (ConfUtils.java:logGet(43)) - raft.server.notification.no-leader.timeout = 120s (custom)
2019-10-04 11:03:37,659 [pool-57-thread-1] INFO  server.RaftServerConfigKeys (ConfUtils.java:logGet(43)) - raft.server.log.use.memory = false (default)
2019-10-04 11:03:37,660 [pool-57-thread-1] INFO  server.RaftServerConfigKeys (ConfUtils.java:logGet(43)) - raft.server.log.purge.gap = 1000000 (custom)
2019-10-04 11:03:37,660 [pool-57-thread-1] INFO  server.RaftServerConfigKeys (ConfUtils.java:logGet(43)) - raft.server.log.appender.buffer.byte-limit = 33554432 (custom)
2019-10-04 11:03:37,660 [pool-57-thread-1] INFO  server.RaftServerConfigKeys (ConfUtils.java:logGet(43)) - raft.server.log.segment.size.max = 1048576 (custom)
2019-10-04 11:03:37,664 [pool-57-thread-1] INFO  server.RaftServerConfigKeys (ConfUtils.java:logGet(43)) - raft.server.log.segment.cache.num.max = 2 (custom)
2019-10-04 11:03:37,664 [pool-57-thread-1] INFO  segmented.SegmentedRaftLogWorker (SegmentedRaftLogWorker.java:<init>(173)) - new 73c289eb-b8e4-41d6-9a9c-8e9834a31439@group-401839EEC28F-SegmentedRaftLogWorker for RaftStorage:Storage Directory /workdir/hadoop-ozone/integration-test/target/test-dir/MiniOzoneClusterImpl-bdcda2a2-f79e-402a-b66c-d7657acce112/datanode-3/data/ratis/48f466bb-7e94-4db0-8d88-401839eec28f
2019-10-04 11:03:37,664 [pool-57-thread-1] INFO  server.RaftServerConfigKeys (ConfUtils.java:logGet(43)) - raft.server.log.queue.byte-limit = 2147483647 (custom)
2019-10-04 11:03:37,665 [pool-57-thread-1] INFO  server.RaftServerConfigKeys (ConfUtils.java:logGet(43)) - raft.server.log.queue.element-limit = 1024 (custom)
2019-10-04 11:03:37,665 [pool-57-thread-1] INFO  server.RaftServerConfigKeys (ConfUtils.java:logGet(43)) - raft.server.log.segment.size.max = 1048576 (custom)
2019-10-04 11:03:37,665 [pool-57-thread-1] INFO  server.RaftServerConfigKeys (ConfUtils.java:logGet(43)) - raft.server.log.preallocated.size = 16384 (custom)
2019-10-04 11:03:37,665 [pool-57-thread-1] INFO  server.RaftServerConfigKeys (ConfUtils.java:logGet(43)) - raft.server.log.write.buffer.size = 33554432 (custom)
2019-10-04 11:03:37,665 [pool-57-thread-1] INFO  server.RaftServerConfigKeys (ConfUtils.java:logGet(43)) - raft.server.log.force.sync.num = 128 (default)
2019-10-04 11:03:37,666 [pool-57-thread-1] INFO  server.RaftServerConfigKeys (ConfUtils.java:logGet(43)) - raft.server.log.statemachine.data.sync = true (default)
2019-10-04 11:03:37,666 [pool-57-thread-1] INFO  server.RaftServerConfigKeys (ConfUtils.java:logGet(43)) - raft.server.log.statemachine.data.sync.timeout = 10s (default)
2019-10-04 11:03:37,666 [pool-57-thread-1] INFO  server.RaftServerConfigKeys (ConfUtils.java:logGet(43)) - raft.server.log.statemachine.data.sync.timeout.retry = -1 (default)
2019-10-04 11:03:37,667 [pool-57-thread-1] INFO  server.RaftServerConfigKeys (ConfUtils.java:logGet(43)) - raft.server.log.statemachine.data.caching.enabled = true (custom)
2019-10-04 11:03:37,667 [pool-57-thread-1] INFO  segmented.SegmentedRaftLogWorker (SegmentedRaftLogWorker.java:lambda$new$0(128)) - 73c289eb-b8e4-41d6-9a9c-8e9834a31439@group-401839EEC28F-SegmentedRaftLogWorker: flushIndex: setUnconditionally 0 -> -1
2019-10-04 11:03:37,668 [pool-57-thread-1] INFO  server.RaftServerConfigKeys (ConfUtils.java:logGet(43)) - raft.server.snapshot.auto.trigger.enabled = true (custom)
2019-10-04 11:03:37,668 [pool-57-thread-1] INFO  server.RaftServerConfigKeys (ConfUtils.java:logGet(43)) - raft.server.snapshot.auto.trigger.threshold = 10000 (custom)
2019-10-04 11:03:37,668 [pool-57-thread-1] INFO  server.RaftServerConfigKeys (ConfUtils.java:logGet(43)) - raft.server.snapshot.retention.file.num = 5 (custom)
2019-10-04 11:03:37,669 [pool-57-thread-1] INFO  server.RaftServerConfigKeys (ConfUtils.java:logGet(43)) - raft.server.retrycache.expirytime = 600000ms (custom)
2019-10-04 11:03:37,672 [pool-57-thread-1] INFO  impl.RaftServerImpl (RaftServerImpl.java:start(181)) - 73c289eb-b8e4-41d6-9a9c-8e9834a31439@group-401839EEC28F: start as a follower, conf=-1: [73c289eb-b8e4-41d6-9a9c-8e9834a31439:192.168.151.72:43003], old=null
2019-10-04 11:03:37,672 [pool-57-thread-1] INFO  impl.RaftServerImpl (RaftServerImpl.java:setRole(170)) - 73c289eb-b8e4-41d6-9a9c-8e9834a31439@group-401839EEC28F: changes role from      null to FOLLOWER at term 0 for startAsFollower
2019-10-04 11:03:37,673 [pool-57-thread-1] INFO  impl.RoleInfo (RoleInfo.java:updateAndGet(143)) - 73c289eb-b8e4-41d6-9a9c-8e9834a31439: start FollowerState
2019-10-04 11:03:37,673 [pool-57-thread-1] INFO  util.JmxRegister (JmxRegister.java:tryRegister(44)) - Successfully registered JMX Bean with object name Ratis:service=RaftServer,group=group-401839EEC28F,id=73c289eb-b8e4-41d6-9a9c-8e9834a31439
2019-10-04 11:03:37,691 [RatisPipelineUtilsThread] INFO  pipeline.PipelineStateManager (PipelineStateManager.java:addPipeline(56)) - Created pipeline Pipeline[ Id: 48f466bb-7e94-4db0-8d88-401839eec28f, Nodes: 73c289eb-b8e4-41d6-9a9c-8e9834a31439{ip: 192.168.151.72, host: pr-hdds-2204-72899-789710998, networkLocation: /default-rack, certSerialId: null}, Type:RATIS, Factor:ONE, State:OPEN]
2019-10-04 11:03:37,693 [main] INFO  ozone.MiniOzoneClusterImpl (MiniOzoneClusterImpl.java:lambda$waitForClusterToBeReady$0(147)) - Cluster is ready. Got 7 of 7 DN Heartbeats.
2019-10-04 11:03:37,725 [grpc-default-executor-0] INFO  impl.RaftServerProxy (RaftServerProxy.java:addNew(89)) - c3a49559-2c85-48c8-9853-25dac91dd65f: addNew group-28B49D07ED23:[c3a49559-2c85-48c8-9853-25dac91dd65f:192.168.151.72:44566] returns group-28B49D07ED23:java.util.concurrent.CompletableFuture@180b8be7[Not completed]
2019-10-04 11:03:37,731 [pool-67-thread-1] INFO  impl.RaftServerImpl (RaftServerImpl.java:<init>(95)) - c3a49559-2c85-48c8-9853-25dac91dd65f: new RaftServerImpl for group-28B49D07ED23:[c3a49559-2c85-48c8-9853-25dac91dd65f:192.168.151.72:44566] with ContainerStateMachine:uninitialized
2019-10-04 11:03:37,731 [pool-67-thread-1] INFO  server.RaftServerConfigKeys (ConfUtils.java:logGet(43)) - raft.server.rpc.timeout.min = 5s (custom)
2019-10-04 11:03:37,732 [pool-67-thread-1] INFO  server.RaftServerConfigKeys (ConfUtils.java:logGet(43)) - raft.server.rpc.timeout.max = 5200ms (custom)
2019-10-04 11:03:37,732 [pool-67-thread-1] INFO  server.RaftServerConfigKeys (ConfUtils.java:logGet(43)) - raft.server.rpcslowness.timeout = 120s (custom)
2019-10-04 11:03:37,732 [pool-67-thread-1] INFO  server.RaftServerConfigKeys (ConfUtils.java:logGet(43)) - raft.server.sleep.deviation.threshold = 300 (default)
2019-10-04 11:03:37,732 [pool-67-thread-1] INFO  server.RaftServerConfigKeys (ConfUtils.java:logGet(43)) - raft.server.log.appender.install.snapshot.enabled = false (custom)
2019-10-04 11:03:37,732 [pool-67-thread-1] INFO  impl.RaftServerImpl (ServerState.java:<init>(103)) - c3a49559-2c85-48c8-9853-25dac91dd65f@group-28B49D07ED23: ConfigurationManager, init=-1: [c3a49559-2c85-48c8-9853-25dac91dd65f:192.168.151.72:44566], old=null, confs=<EMPTY_MAP>
2019-10-04 11:03:37,733 [pool-67-thread-1] INFO  server.RaftServerConfigKeys (ConfUtils.java:logGet(43)) - raft.server.storage.dir = [/workdir/hadoop-ozone/integration-test/target/test-dir/MiniOzoneClusterImpl-bdcda2a2-f79e-402a-b66c-d7657acce112/datanode-4/data/ratis] (custom)
2019-10-04 11:03:37,733 [pool-67-thread-1] INFO  server.RaftServerConfigKeys (ConfUtils.java:logGet(43)) - raft.server.log.corruption.policy = EXCEPTION (default)
2019-10-04 11:03:37,733 [pool-67-thread-1] INFO  storage.RaftStorageDirectory (RaftStorageDirectory.java:analyzeStorage(246)) - The storage directory /workdir/hadoop-ozone/integration-test/target/test-dir/MiniOzoneClusterImpl-bdcda2a2-f79e-402a-b66c-d7657acce112/datanode-4/data/ratis/59b3ceab-1ef3-47be-9d82-28b49d07ed23 does not exist. Creating ...
2019-10-04 11:03:37,746 [pool-67-thread-1] INFO  storage.RaftStorageDirectory (RaftStorageDirectory.java:tryLock(328)) - Lock on /workdir/hadoop-ozone/integration-test/target/test-dir/MiniOzoneClusterImpl-bdcda2a2-f79e-402a-b66c-d7657acce112/datanode-4/data/ratis/59b3ceab-1ef3-47be-9d82-28b49d07ed23/in_use.lock acquired by nodename 22464@pr-hdds-2204-72899-789710998
2019-10-04 11:03:37,768 [pool-67-thread-1] INFO  storage.RaftStorage (RaftStorage.java:format(84)) - Storage directory /workdir/hadoop-ozone/integration-test/target/test-dir/MiniOzoneClusterImpl-bdcda2a2-f79e-402a-b66c-d7657acce112/datanode-4/data/ratis/59b3ceab-1ef3-47be-9d82-28b49d07ed23 has been successfully formatted.
2019-10-04 11:03:37,768 [pool-67-thread-1] INFO  ratis.ContainerStateMachine (ContainerStateMachine.java:loadSnapshot(230)) - group-28B49D07ED23: The snapshot info is null. Setting the last applied indexto:(t:0, i:~)
2019-10-04 11:03:37,768 [pool-67-thread-1] INFO  server.RaftServerConfigKeys (ConfUtils.java:logGet(43)) - raft.server.notification.no-leader.timeout = 120s (custom)
2019-10-04 11:03:37,768 [pool-67-thread-1] INFO  server.RaftServerConfigKeys (ConfUtils.java:logGet(43)) - raft.server.log.use.memory = false (default)
2019-10-04 11:03:37,768 [pool-67-thread-1] INFO  server.RaftServerConfigKeys (ConfUtils.java:logGet(43)) - raft.server.log.purge.gap = 1000000 (custom)
2019-10-04 11:03:37,769 [pool-67-thread-1] INFO  server.RaftServerConfigKeys (ConfUtils.java:logGet(43)) - raft.server.log.appender.buffer.byte-limit = 33554432 (custom)
2019-10-04 11:03:37,769 [pool-67-thread-1] INFO  server.RaftServerConfigKeys (ConfUtils.java:logGet(43)) - raft.server.log.segment.size.max = 1048576 (custom)
2019-10-04 11:03:37,772 [pool-67-thread-1] INFO  server.RaftServerConfigKeys (ConfUtils.java:logGet(43)) - raft.server.log.segment.cache.num.max = 2 (custom)
2019-10-04 11:03:37,772 [pool-67-thread-1] INFO  segmented.SegmentedRaftLogWorker (SegmentedRaftLogWorker.java:<init>(173)) - new c3a49559-2c85-48c8-9853-25dac91dd65f@group-28B49D07ED23-SegmentedRaftLogWorker for RaftStorage:Storage Directory /workdir/hadoop-ozone/integration-test/target/test-dir/MiniOzoneClusterImpl-bdcda2a2-f79e-402a-b66c-d7657acce112/datanode-4/data/ratis/59b3ceab-1ef3-47be-9d82-28b49d07ed23
2019-10-04 11:03:37,773 [pool-67-thread-1] INFO  server.RaftServerConfigKeys (ConfUtils.java:logGet(43)) - raft.server.log.queue.byte-limit = 2147483647 (custom)
2019-10-04 11:03:37,773 [pool-67-thread-1] INFO  server.RaftServerConfigKeys (ConfUtils.java:logGet(43)) - raft.server.log.queue.element-limit = 1024 (custom)
2019-10-04 11:03:37,773 [pool-67-thread-1] INFO  server.RaftServerConfigKeys (ConfUtils.java:logGet(43)) - raft.server.log.segment.size.max = 1048576 (custom)
2019-10-04 11:03:37,773 [pool-67-thread-1] INFO  server.RaftServerConfigKeys (ConfUtils.java:logGet(43)) - raft.server.log.preallocated.size = 16384 (custom)
2019-10-04 11:03:37,773 [pool-67-thread-1] INFO  server.RaftServerConfigKeys (ConfUtils.java:logGet(43)) - raft.server.log.write.buffer.size = 33554432 (custom)
2019-10-04 11:03:37,774 [pool-67-thread-1] INFO  server.RaftServerConfigKeys (ConfUtils.java:logGet(43)) - raft.server.log.force.sync.num = 128 (default)
2019-10-04 11:03:37,774 [pool-67-thread-1] INFO  server.RaftServerConfigKeys (ConfUtils.java:logGet(43)) - raft.server.log.statemachine.data.sync = true (default)
2019-10-04 11:03:37,774 [pool-67-thread-1] INFO  server.RaftServerConfigKeys (ConfUtils.java:logGet(43)) - raft.server.log.statemachine.data.sync.timeout = 10s (default)
2019-10-04 11:03:37,774 [pool-67-thread-1] INFO  server.RaftServerConfigKeys (ConfUtils.java:logGet(43)) - raft.server.log.statemachine.data.sync.timeout.retry = -1 (default)
2019-10-04 11:03:37,775 [pool-67-thread-1] INFO  server.RaftServerConfigKeys (ConfUtils.java:logGet(43)) - raft.server.log.statemachine.data.caching.enabled = true (custom)
2019-10-04 11:03:37,775 [pool-67-thread-1] INFO  segmented.SegmentedRaftLogWorker (SegmentedRaftLogWorker.java:lambda$new$0(128)) - c3a49559-2c85-48c8-9853-25dac91dd65f@group-28B49D07ED23-SegmentedRaftLogWorker: flushIndex: setUnconditionally 0 -> -1
2019-10-04 11:03:37,776 [pool-67-thread-1] INFO  server.RaftServerConfigKeys (ConfUtils.java:logGet(43)) - raft.server.snapshot.auto.trigger.enabled = true (custom)
2019-10-04 11:03:37,776 [pool-67-thread-1] INFO  server.RaftServerConfigKeys (ConfUtils.java:logGet(43)) - raft.server.snapshot.auto.trigger.threshold = 10000 (custom)
2019-10-04 11:03:37,776 [pool-67-thread-1] INFO  server.RaftServerConfigKeys (ConfUtils.java:logGet(43)) - raft.server.snapshot.retention.file.num = 5 (custom)
2019-10-04 11:03:37,776 [pool-67-thread-1] INFO  server.RaftServerConfigKeys (ConfUtils.java:logGet(43)) - raft.server.retrycache.expirytime = 600000ms (custom)
2019-10-04 11:03:37,779 [pool-67-thread-1] INFO  impl.RaftServerImpl (RaftServerImpl.java:start(181)) - c3a49559-2c85-48c8-9853-25dac91dd65f@group-28B49D07ED23: start as a follower, conf=-1: [c3a49559-2c85-48c8-9853-25dac91dd65f:192.168.151.72:44566], old=null
2019-10-04 11:03:37,779 [pool-67-thread-1] INFO  impl.RaftServerImpl (RaftServerImpl.java:setRole(170)) - c3a49559-2c85-48c8-9853-25dac91dd65f@group-28B49D07ED23: changes role from      null to FOLLOWER at term 0 for startAsFollower
2019-10-04 11:03:37,780 [pool-67-thread-1] INFO  impl.RoleInfo (RoleInfo.java:updateAndGet(143)) - c3a49559-2c85-48c8-9853-25dac91dd65f: start FollowerState
2019-10-04 11:03:37,780 [pool-67-thread-1] INFO  util.JmxRegister (JmxRegister.java:tryRegister(44)) - Successfully registered JMX Bean with object name Ratis:service=RaftServer,group=group-28B49D07ED23,id=c3a49559-2c85-48c8-9853-25dac91dd65f
2019-10-04 11:03:37,800 [RatisPipelineUtilsThread] INFO  pipeline.PipelineStateManager (PipelineStateManager.java:addPipeline(56)) - Created pipeline Pipeline[ Id: 59b3ceab-1ef3-47be-9d82-28b49d07ed23, Nodes: c3a49559-2c85-48c8-9853-25dac91dd65f{ip: 192.168.151.72, host: pr-hdds-2204-72899-789710998, networkLocation: /default-rack, certSerialId: null}, Type:RATIS, Factor:ONE, State:OPEN]
2019-10-04 11:03:37,820 [grpc-default-executor-0] INFO  impl.RaftServerProxy (RaftServerProxy.java:addNew(89)) - c0a2af5c-362e-41c1-9ce9-e555f06a55fa: addNew group-CAE6C144B314:[c0a2af5c-362e-41c1-9ce9-e555f06a55fa:192.168.151.72:35487] returns group-CAE6C144B314:java.util.concurrent.CompletableFuture@5653a40d[Not completed]
2019-10-04 11:03:37,825 [pool-77-thread-1] INFO  impl.RaftServerImpl (RaftServerImpl.java:<init>(95)) - c0a2af5c-362e-41c1-9ce9-e555f06a55fa: new RaftServerImpl for group-CAE6C144B314:[c0a2af5c-362e-41c1-9ce9-e555f06a55fa:192.168.151.72:35487] with ContainerStateMachine:uninitialized
2019-10-04 11:03:37,826 [pool-77-thread-1] INFO  server.RaftServerConfigKeys (ConfUtils.java:logGet(43)) - raft.server.rpc.timeout.min = 5s (custom)
2019-10-04 11:03:37,826 [pool-77-thread-1] INFO  server.RaftServerConfigKeys (ConfUtils.java:logGet(43)) - raft.server.rpc.timeout.max = 5200ms (custom)
2019-10-04 11:03:37,826 [pool-77-thread-1] INFO  server.RaftServerConfigKeys (ConfUtils.java:logGet(43)) - raft.server.rpcslowness.timeout = 120s (custom)
2019-10-04 11:03:37,826 [pool-77-thread-1] INFO  server.RaftServerConfigKeys (ConfUtils.java:logGet(43)) - raft.server.sleep.deviation.threshold = 300 (default)
2019-10-04 11:03:37,826 [pool-77-thread-1] INFO  server.RaftServerConfigKeys (ConfUtils.java:logGet(43)) - raft.server.log.appender.install.snapshot.enabled = false (custom)
2019-10-04 11:03:37,827 [pool-77-thread-1] INFO  impl.RaftServerImpl (ServerState.java:<init>(103)) - c0a2af5c-362e-41c1-9ce9-e555f06a55fa@group-CAE6C144B314: ConfigurationManager, init=-1: [c0a2af5c-362e-41c1-9ce9-e555f06a55fa:192.168.151.72:35487], old=null, confs=<EMPTY_MAP>
2019-10-04 11:03:37,827 [pool-77-thread-1] INFO  server.RaftServerConfigKeys (ConfUtils.java:logGet(43)) - raft.server.storage.dir = [/workdir/hadoop-ozone/integration-test/target/test-dir/MiniOzoneClusterImpl-bdcda2a2-f79e-402a-b66c-d7657acce112/datanode-5/data/ratis] (custom)
2019-10-04 11:03:37,827 [pool-77-thread-1] INFO  server.RaftServerConfigKeys (ConfUtils.java:logGet(43)) - raft.server.log.corruption.policy = EXCEPTION (default)
2019-10-04 11:03:37,828 [pool-77-thread-1] INFO  storage.RaftStorageDirectory (RaftStorageDirectory.java:analyzeStorage(246)) - The storage directory /workdir/hadoop-ozone/integration-test/target/test-dir/MiniOzoneClusterImpl-bdcda2a2-f79e-402a-b66c-d7657acce112/datanode-5/data/ratis/845bf9cd-f274-4537-9841-cae6c144b314 does not exist. Creating ...
2019-10-04 11:03:37,841 [pool-77-thread-1] INFO  storage.RaftStorageDirectory (RaftStorageDirectory.java:tryLock(328)) - Lock on /workdir/hadoop-ozone/integration-test/target/test-dir/MiniOzoneClusterImpl-bdcda2a2-f79e-402a-b66c-d7657acce112/datanode-5/data/ratis/845bf9cd-f274-4537-9841-cae6c144b314/in_use.lock acquired by nodename 22464@pr-hdds-2204-72899-789710998
2019-10-04 11:03:37,854 [pool-77-thread-1] INFO  storage.RaftStorage (RaftStorage.java:format(84)) - Storage directory /workdir/hadoop-ozone/integration-test/target/test-dir/MiniOzoneClusterImpl-bdcda2a2-f79e-402a-b66c-d7657acce112/datanode-5/data/ratis/845bf9cd-f274-4537-9841-cae6c144b314 has been successfully formatted.
2019-10-04 11:03:37,854 [pool-77-thread-1] INFO  ratis.ContainerStateMachine (ContainerStateMachine.java:loadSnapshot(230)) - group-CAE6C144B314: The snapshot info is null. Setting the last applied indexto:(t:0, i:~)
2019-10-04 11:03:37,854 [pool-77-thread-1] INFO  server.RaftServerConfigKeys (ConfUtils.java:logGet(43)) - raft.server.notification.no-leader.timeout = 120s (custom)
2019-10-04 11:03:37,854 [pool-77-thread-1] INFO  server.RaftServerConfigKeys (ConfUtils.java:logGet(43)) - raft.server.log.use.memory = false (default)
2019-10-04 11:03:37,855 [pool-77-thread-1] INFO  server.RaftServerConfigKeys (ConfUtils.java:logGet(43)) - raft.server.log.purge.gap = 1000000 (custom)
2019-10-04 11:03:37,855 [pool-77-thread-1] INFO  server.RaftServerConfigKeys (ConfUtils.java:logGet(43)) - raft.server.log.appender.buffer.byte-limit = 33554432 (custom)
2019-10-04 11:03:37,855 [pool-77-thread-1] INFO  server.RaftServerConfigKeys (ConfUtils.java:logGet(43)) - raft.server.log.segment.size.max = 1048576 (custom)
2019-10-04 11:03:37,861 [pool-77-thread-1] INFO  server.RaftServerConfigKeys (ConfUtils.java:logGet(43)) - raft.server.log.segment.cache.num.max = 2 (custom)
2019-10-04 11:03:37,861 [pool-77-thread-1] INFO  segmented.SegmentedRaftLogWorker (SegmentedRaftLogWorker.java:<init>(173)) - new c0a2af5c-362e-41c1-9ce9-e555f06a55fa@group-CAE6C144B314-SegmentedRaftLogWorker for RaftStorage:Storage Directory /workdir/hadoop-ozone/integration-test/target/test-dir/MiniOzoneClusterImpl-bdcda2a2-f79e-402a-b66c-d7657acce112/datanode-5/data/ratis/845bf9cd-f274-4537-9841-cae6c144b314
2019-10-04 11:03:37,862 [pool-77-thread-1] INFO  server.RaftServerConfigKeys (ConfUtils.java:logGet(43)) - raft.server.log.queue.byte-limit = 2147483647 (custom)
2019-10-04 11:03:37,862 [pool-77-thread-1] INFO  server.RaftServerConfigKeys (ConfUtils.java:logGet(43)) - raft.server.log.queue.element-limit = 1024 (custom)
2019-10-04 11:03:37,862 [pool-77-thread-1] INFO  server.RaftServerConfigKeys (ConfUtils.java:logGet(43)) - raft.server.log.segment.size.max = 1048576 (custom)
2019-10-04 11:03:37,862 [pool-77-thread-1] INFO  server.RaftServerConfigKeys (ConfUtils.java:logGet(43)) - raft.server.log.preallocated.size = 16384 (custom)
2019-10-04 11:03:37,862 [pool-77-thread-1] INFO  server.RaftServerConfigKeys (ConfUtils.java:logGet(43)) - raft.server.log.write.buffer.size = 33554432 (custom)
2019-10-04 11:03:37,863 [pool-77-thread-1] INFO  server.RaftServerConfigKeys (ConfUtils.java:logGet(43)) - raft.server.log.force.sync.num = 128 (default)
2019-10-04 11:03:37,863 [pool-77-thread-1] INFO  server.RaftServerConfigKeys (ConfUtils.java:logGet(43)) - raft.server.log.statemachine.data.sync = true (default)
2019-10-04 11:03:37,863 [pool-77-thread-1] INFO  server.RaftServerConfigKeys (ConfUtils.java:logGet(43)) - raft.server.log.statemachine.data.sync.timeout = 10s (default)
2019-10-04 11:03:37,863 [pool-77-thread-1] INFO  server.RaftServerConfigKeys (ConfUtils.java:logGet(43)) - raft.server.log.statemachine.data.sync.timeout.retry = -1 (default)
2019-10-04 11:03:37,864 [pool-77-thread-1] INFO  server.RaftServerConfigKeys (ConfUtils.java:logGet(43)) - raft.server.log.statemachine.data.caching.enabled = true (custom)
2019-10-04 11:03:37,865 [pool-77-thread-1] INFO  segmented.SegmentedRaftLogWorker (SegmentedRaftLogWorker.java:lambda$new$0(128)) - c0a2af5c-362e-41c1-9ce9-e555f06a55fa@group-CAE6C144B314-SegmentedRaftLogWorker: flushIndex: setUnconditionally 0 -> -1
2019-10-04 11:03:37,865 [pool-77-thread-1] INFO  server.RaftServerConfigKeys (ConfUtils.java:logGet(43)) - raft.server.snapshot.auto.trigger.enabled = true (custom)
2019-10-04 11:03:37,866 [pool-77-thread-1] INFO  server.RaftServerConfigKeys (ConfUtils.java:logGet(43)) - raft.server.snapshot.auto.trigger.threshold = 10000 (custom)
2019-10-04 11:03:37,866 [pool-77-thread-1] INFO  server.RaftServerConfigKeys (ConfUtils.java:logGet(43)) - raft.server.snapshot.retention.file.num = 5 (custom)
2019-10-04 11:03:37,866 [pool-77-thread-1] INFO  server.RaftServerConfigKeys (ConfUtils.java:logGet(43)) - raft.server.retrycache.expirytime = 600000ms (custom)
2019-10-04 11:03:37,872 [pool-77-thread-1] INFO  impl.RaftServerImpl (RaftServerImpl.java:start(181)) - c0a2af5c-362e-41c1-9ce9-e555f06a55fa@group-CAE6C144B314: start as a follower, conf=-1: [c0a2af5c-362e-41c1-9ce9-e555f06a55fa:192.168.151.72:35487], old=null
2019-10-04 11:03:37,872 [pool-77-thread-1] INFO  impl.RaftServerImpl (RaftServerImpl.java:setRole(170)) - c0a2af5c-362e-41c1-9ce9-e555f06a55fa@group-CAE6C144B314: changes role from      null to FOLLOWER at term 0 for startAsFollower
2019-10-04 11:03:37,873 [pool-77-thread-1] INFO  impl.RoleInfo (RoleInfo.java:updateAndGet(143)) - c0a2af5c-362e-41c1-9ce9-e555f06a55fa: start FollowerState
2019-10-04 11:03:37,873 [pool-77-thread-1] INFO  util.JmxRegister (JmxRegister.java:tryRegister(44)) - Successfully registered JMX Bean with object name Ratis:service=RaftServer,group=group-CAE6C144B314,id=c0a2af5c-362e-41c1-9ce9-e555f06a55fa
2019-10-04 11:03:37,903 [RatisPipelineUtilsThread] INFO  pipeline.PipelineStateManager (PipelineStateManager.java:addPipeline(56)) - Created pipeline Pipeline[ Id: 845bf9cd-f274-4537-9841-cae6c144b314, Nodes: c0a2af5c-362e-41c1-9ce9-e555f06a55fa{ip: 192.168.151.72, host: pr-hdds-2204-72899-789710998, networkLocation: /default-rack, certSerialId: null}, Type:RATIS, Factor:ONE, State:OPEN]
2019-10-04 11:03:37,939 [grpc-default-executor-2] INFO  impl.RaftServerProxy (RaftServerProxy.java:addNew(89)) - 92b02bdd-9214-4414-a3a8-dc2f1111fcbb: addNew group-EAD2D7C7D07D:[8e08b107-dcab-42d4-b054-a31f9cc9d2d3:192.168.151.72:39795, d7465086-8e37-45da-ad6f-a1f049a81ffa:192.168.151.72:33717, 92b02bdd-9214-4414-a3a8-dc2f1111fcbb:192.168.151.72:44596] returns group-EAD2D7C7D07D:java.util.concurrent.CompletableFuture@26a91c62[Not completed]
2019-10-04 11:03:37,939 [grpc-default-executor-0] INFO  impl.RaftServerProxy (RaftServerProxy.java:addNew(89)) - 8e08b107-dcab-42d4-b054-a31f9cc9d2d3: addNew group-EAD2D7C7D07D:[8e08b107-dcab-42d4-b054-a31f9cc9d2d3:192.168.151.72:39795, d7465086-8e37-45da-ad6f-a1f049a81ffa:192.168.151.72:33717, 92b02bdd-9214-4414-a3a8-dc2f1111fcbb:192.168.151.72:44596] returns group-EAD2D7C7D07D:java.util.concurrent.CompletableFuture@2bd1beeb[Not completed]
2019-10-04 11:03:37,939 [grpc-default-executor-1] INFO  impl.RaftServerProxy (RaftServerProxy.java:addNew(89)) - d7465086-8e37-45da-ad6f-a1f049a81ffa: addNew group-EAD2D7C7D07D:[8e08b107-dcab-42d4-b054-a31f9cc9d2d3:192.168.151.72:39795, d7465086-8e37-45da-ad6f-a1f049a81ffa:192.168.151.72:33717, 92b02bdd-9214-4414-a3a8-dc2f1111fcbb:192.168.151.72:44596] returns group-EAD2D7C7D07D:java.util.concurrent.CompletableFuture@6c2015f4[Not completed]
2019-10-04 11:03:37,941 [pool-47-thread-1] INFO  impl.RaftServerImpl (RaftServerImpl.java:<init>(95)) - 92b02bdd-9214-4414-a3a8-dc2f1111fcbb: new RaftServerImpl for group-EAD2D7C7D07D:[8e08b107-dcab-42d4-b054-a31f9cc9d2d3:192.168.151.72:39795, d7465086-8e37-45da-ad6f-a1f049a81ffa:192.168.151.72:33717, 92b02bdd-9214-4414-a3a8-dc2f1111fcbb:192.168.151.72:44596] with ContainerStateMachine:uninitialized
2019-10-04 11:03:37,941 [pool-47-thread-1] INFO  server.RaftServerConfigKeys (ConfUtils.java:logGet(43)) - raft.server.rpc.timeout.min = 5s (custom)
2019-10-04 11:03:37,941 [pool-47-thread-1] INFO  server.RaftServerConfigKeys (ConfUtils.java:logGet(43)) - raft.server.rpc.timeout.max = 5200ms (custom)
2019-10-04 11:03:37,941 [pool-47-thread-1] INFO  server.RaftServerConfigKeys (ConfUtils.java:logGet(43)) - raft.server.rpcslowness.timeout = 120s (custom)
2019-10-04 11:03:37,941 [pool-47-thread-1] INFO  server.RaftServerConfigKeys (ConfUtils.java:logGet(43)) - raft.server.sleep.deviation.threshold = 300 (default)
2019-10-04 11:03:37,941 [pool-47-thread-1] INFO  server.RaftServerConfigKeys (ConfUtils.java:logGet(43)) - raft.server.log.appender.install.snapshot.enabled = false (custom)
2019-10-04 11:03:37,942 [pool-47-thread-1] INFO  impl.RaftServerImpl (ServerState.java:<init>(103)) - 92b02bdd-9214-4414-a3a8-dc2f1111fcbb@group-EAD2D7C7D07D: ConfigurationManager, init=-1: [8e08b107-dcab-42d4-b054-a31f9cc9d2d3:192.168.151.72:39795, d7465086-8e37-45da-ad6f-a1f049a81ffa:192.168.151.72:33717, 92b02bdd-9214-4414-a3a8-dc2f1111fcbb:192.168.151.72:44596], old=null, confs=<EMPTY_MAP>
2019-10-04 11:03:37,942 [pool-47-thread-1] INFO  server.RaftServerConfigKeys (ConfUtils.java:logGet(43)) - raft.server.storage.dir = [/workdir/hadoop-ozone/integration-test/target/test-dir/MiniOzoneClusterImpl-bdcda2a2-f79e-402a-b66c-d7657acce112/datanode-2/data/ratis] (custom)
2019-10-04 11:03:37,942 [pool-47-thread-1] INFO  server.RaftServerConfigKeys (ConfUtils.java:logGet(43)) - raft.server.log.corruption.policy = EXCEPTION (default)
2019-10-04 11:03:37,942 [pool-27-thread-1] INFO  impl.RaftServerImpl (RaftServerImpl.java:<init>(95)) - d7465086-8e37-45da-ad6f-a1f049a81ffa: new RaftServerImpl for group-EAD2D7C7D07D:[8e08b107-dcab-42d4-b054-a31f9cc9d2d3:192.168.151.72:39795, d7465086-8e37-45da-ad6f-a1f049a81ffa:192.168.151.72:33717, 92b02bdd-9214-4414-a3a8-dc2f1111fcbb:192.168.151.72:44596] with ContainerStateMachine:uninitialized
2019-10-04 11:03:37,942 [pool-47-thread-1] INFO  storage.RaftStorageDirectory (RaftStorageDirectory.java:analyzeStorage(246)) - The storage directory /workdir/hadoop-ozone/integration-test/target/test-dir/MiniOzoneClusterImpl-bdcda2a2-f79e-402a-b66c-d7657acce112/datanode-2/data/ratis/e9fea200-79f8-4974-aef1-ead2d7c7d07d does not exist. Creating ...
2019-10-04 11:03:37,943 [pool-27-thread-1] INFO  server.RaftServerConfigKeys (ConfUtils.java:logGet(43)) - raft.server.rpc.timeout.min = 5s (custom)
2019-10-04 11:03:37,943 [pool-27-thread-1] INFO  server.RaftServerConfigKeys (ConfUtils.java:logGet(43)) - raft.server.rpc.timeout.max = 5200ms (custom)
2019-10-04 11:03:37,943 [pool-27-thread-1] INFO  server.RaftServerConfigKeys (ConfUtils.java:logGet(43)) - raft.server.rpcslowness.timeout = 120s (custom)
2019-10-04 11:03:37,943 [pool-27-thread-1] INFO  server.RaftServerConfigKeys (ConfUtils.java:logGet(43)) - raft.server.sleep.deviation.threshold = 300 (default)
2019-10-04 11:03:37,943 [pool-27-thread-1] INFO  server.RaftServerConfigKeys (ConfUtils.java:logGet(43)) - raft.server.log.appender.install.snapshot.enabled = false (custom)
2019-10-04 11:03:37,944 [pool-27-thread-1] INFO  impl.RaftServerImpl (ServerState.java:<init>(103)) - d7465086-8e37-45da-ad6f-a1f049a81ffa@group-EAD2D7C7D07D: ConfigurationManager, init=-1: [8e08b107-dcab-42d4-b054-a31f9cc9d2d3:192.168.151.72:39795, d7465086-8e37-45da-ad6f-a1f049a81ffa:192.168.151.72:33717, 92b02bdd-9214-4414-a3a8-dc2f1111fcbb:192.168.151.72:44596], old=null, confs=<EMPTY_MAP>
2019-10-04 11:03:37,944 [pool-37-thread-1] INFO  impl.RaftServerImpl (RaftServerImpl.java:<init>(95)) - 8e08b107-dcab-42d4-b054-a31f9cc9d2d3: new RaftServerImpl for group-EAD2D7C7D07D:[8e08b107-dcab-42d4-b054-a31f9cc9d2d3:192.168.151.72:39795, d7465086-8e37-45da-ad6f-a1f049a81ffa:192.168.151.72:33717, 92b02bdd-9214-4414-a3a8-dc2f1111fcbb:192.168.151.72:44596] with ContainerStateMachine:uninitialized
2019-10-04 11:03:37,944 [pool-27-thread-1] INFO  server.RaftServerConfigKeys (ConfUtils.java:logGet(43)) - raft.server.storage.dir = [/workdir/hadoop-ozone/integration-test/target/test-dir/MiniOzoneClusterImpl-bdcda2a2-f79e-402a-b66c-d7657acce112/datanode-0/data/ratis] (custom)
2019-10-04 11:03:37,944 [pool-37-thread-1] INFO  server.RaftServerConfigKeys (ConfUtils.java:logGet(43)) - raft.server.rpc.timeout.min = 5s (custom)
2019-10-04 11:03:37,944 [pool-37-thread-1] INFO  server.RaftServerConfigKeys (ConfUtils.java:logGet(43)) - raft.server.rpc.timeout.max = 5200ms (custom)
2019-10-04 11:03:37,944 [pool-27-thread-1] INFO  server.RaftServerConfigKeys (ConfUtils.java:logGet(43)) - raft.server.log.corruption.policy = EXCEPTION (default)
2019-10-04 11:03:37,944 [pool-37-thread-1] INFO  server.RaftServerConfigKeys (ConfUtils.java:logGet(43)) - raft.server.rpcslowness.timeout = 120s (custom)
2019-10-04 11:03:37,945 [pool-27-thread-1] INFO  storage.RaftStorageDirectory (RaftStorageDirectory.java:analyzeStorage(246)) - The storage directory /workdir/hadoop-ozone/integration-test/target/test-dir/MiniOzoneClusterImpl-bdcda2a2-f79e-402a-b66c-d7657acce112/datanode-0/data/ratis/e9fea200-79f8-4974-aef1-ead2d7c7d07d does not exist. Creating ...
2019-10-04 11:03:37,945 [pool-37-thread-1] INFO  server.RaftServerConfigKeys (ConfUtils.java:logGet(43)) - raft.server.sleep.deviation.threshold = 300 (default)
2019-10-04 11:03:37,945 [pool-37-thread-1] INFO  server.RaftServerConfigKeys (ConfUtils.java:logGet(43)) - raft.server.log.appender.install.snapshot.enabled = false (custom)
2019-10-04 11:03:37,945 [pool-37-thread-1] INFO  impl.RaftServerImpl (ServerState.java:<init>(103)) - 8e08b107-dcab-42d4-b054-a31f9cc9d2d3@group-EAD2D7C7D07D: ConfigurationManager, init=-1: [8e08b107-dcab-42d4-b054-a31f9cc9d2d3:192.168.151.72:39795, d7465086-8e37-45da-ad6f-a1f049a81ffa:192.168.151.72:33717, 92b02bdd-9214-4414-a3a8-dc2f1111fcbb:192.168.151.72:44596], old=null, confs=<EMPTY_MAP>
2019-10-04 11:03:37,945 [pool-37-thread-1] INFO  server.RaftServerConfigKeys (ConfUtils.java:logGet(43)) - raft.server.storage.dir = [/workdir/hadoop-ozone/integration-test/target/test-dir/MiniOzoneClusterImpl-bdcda2a2-f79e-402a-b66c-d7657acce112/datanode-1/data/ratis] (custom)
2019-10-04 11:03:37,946 [pool-37-thread-1] INFO  server.RaftServerConfigKeys (ConfUtils.java:logGet(43)) - raft.server.log.corruption.policy = EXCEPTION (default)
2019-10-04 11:03:37,946 [pool-37-thread-1] INFO  storage.RaftStorageDirectory (RaftStorageDirectory.java:analyzeStorage(246)) - The storage directory /workdir/hadoop-ozone/integration-test/target/test-dir/MiniOzoneClusterImpl-bdcda2a2-f79e-402a-b66c-d7657acce112/datanode-1/data/ratis/e9fea200-79f8-4974-aef1-ead2d7c7d07d does not exist. Creating ...
2019-10-04 11:03:37,956 [pool-47-thread-1] INFO  storage.RaftStorageDirectory (RaftStorageDirectory.java:tryLock(328)) - Lock on /workdir/hadoop-ozone/integration-test/target/test-dir/MiniOzoneClusterImpl-bdcda2a2-f79e-402a-b66c-d7657acce112/datanode-2/data/ratis/e9fea200-79f8-4974-aef1-ead2d7c7d07d/in_use.lock acquired by nodename 22464@pr-hdds-2204-72899-789710998
2019-10-04 11:03:37,956 [pool-27-thread-1] INFO  storage.RaftStorageDirectory (RaftStorageDirectory.java:tryLock(328)) - Lock on /workdir/hadoop-ozone/integration-test/target/test-dir/MiniOzoneClusterImpl-bdcda2a2-f79e-402a-b66c-d7657acce112/datanode-0/data/ratis/e9fea200-79f8-4974-aef1-ead2d7c7d07d/in_use.lock acquired by nodename 22464@pr-hdds-2204-72899-789710998
2019-10-04 11:03:37,956 [pool-37-thread-1] INFO  storage.RaftStorageDirectory (RaftStorageDirectory.java:tryLock(328)) - Lock on /workdir/hadoop-ozone/integration-test/target/test-dir/MiniOzoneClusterImpl-bdcda2a2-f79e-402a-b66c-d7657acce112/datanode-1/data/ratis/e9fea200-79f8-4974-aef1-ead2d7c7d07d/in_use.lock acquired by nodename 22464@pr-hdds-2204-72899-789710998
2019-10-04 11:03:37,970 [pool-47-thread-1] INFO  storage.RaftStorage (RaftStorage.java:format(84)) - Storage directory /workdir/hadoop-ozone/integration-test/target/test-dir/MiniOzoneClusterImpl-bdcda2a2-f79e-402a-b66c-d7657acce112/datanode-2/data/ratis/e9fea200-79f8-4974-aef1-ead2d7c7d07d has been successfully formatted.
2019-10-04 11:03:37,970 [pool-27-thread-1] INFO  storage.RaftStorage (RaftStorage.java:format(84)) - Storage directory /workdir/hadoop-ozone/integration-test/target/test-dir/MiniOzoneClusterImpl-bdcda2a2-f79e-402a-b66c-d7657acce112/datanode-0/data/ratis/e9fea200-79f8-4974-aef1-ead2d7c7d07d has been successfully formatted.
2019-10-04 11:03:37,970 [pool-37-thread-1] INFO  storage.RaftStorage (RaftStorage.java:format(84)) - Storage directory /workdir/hadoop-ozone/integration-test/target/test-dir/MiniOzoneClusterImpl-bdcda2a2-f79e-402a-b66c-d7657acce112/datanode-1/data/ratis/e9fea200-79f8-4974-aef1-ead2d7c7d07d has been successfully formatted.
2019-10-04 11:03:37,971 [pool-27-thread-1] INFO  ratis.ContainerStateMachine (ContainerStateMachine.java:loadSnapshot(230)) - group-EAD2D7C7D07D: The snapshot info is null. Setting the last applied indexto:(t:0, i:~)
2019-10-04 11:03:37,971 [pool-47-thread-1] INFO  ratis.ContainerStateMachine (ContainerStateMachine.java:loadSnapshot(230)) - group-EAD2D7C7D07D: The snapshot info is null. Setting the last applied indexto:(t:0, i:~)
2019-10-04 11:03:37,971 [pool-27-thread-1] INFO  server.RaftServerConfigKeys (ConfUtils.java:logGet(43)) - raft.server.notification.no-leader.timeout = 120s (custom)
2019-10-04 11:03:37,971 [pool-37-thread-1] INFO  ratis.ContainerStateMachine (ContainerStateMachine.java:loadSnapshot(230)) - group-EAD2D7C7D07D: The snapshot info is null. Setting the last applied indexto:(t:0, i:~)
2019-10-04 11:03:37,971 [pool-27-thread-1] INFO  server.RaftServerConfigKeys (ConfUtils.java:logGet(43)) - raft.server.log.use.memory = false (default)
2019-10-04 11:03:37,971 [pool-47-thread-1] INFO  server.RaftServerConfigKeys (ConfUtils.java:logGet(43)) - raft.server.notification.no-leader.timeout = 120s (custom)
2019-10-04 11:03:37,971 [pool-27-thread-1] INFO  server.RaftServerConfigKeys (ConfUtils.java:logGet(43)) - raft.server.log.purge.gap = 1000000 (custom)
2019-10-04 11:03:37,971 [pool-37-thread-1] INFO  server.RaftServerConfigKeys (ConfUtils.java:logGet(43)) - raft.server.notification.no-leader.timeout = 120s (custom)
2019-10-04 11:03:37,972 [pool-27-thread-1] INFO  server.RaftServerConfigKeys (ConfUtils.java:logGet(43)) - raft.server.log.appender.buffer.byte-limit = 33554432 (custom)
2019-10-04 11:03:37,971 [pool-47-thread-1] INFO  server.RaftServerConfigKeys (ConfUtils.java:logGet(43)) - raft.server.log.use.memory = false (default)
2019-10-04 11:03:37,972 [pool-27-thread-1] INFO  server.RaftServerConfigKeys (ConfUtils.java:logGet(43)) - raft.server.log.segment.size.max = 1048576 (custom)
2019-10-04 11:03:37,972 [pool-37-thread-1] INFO  server.RaftServerConfigKeys (ConfUtils.java:logGet(43)) - raft.server.log.use.memory = false (default)
2019-10-04 11:03:37,972 [pool-27-thread-1] INFO  server.RaftServerConfigKeys (ConfUtils.java:logGet(43)) - raft.server.log.segment.cache.num.max = 2 (custom)
2019-10-04 11:03:37,972 [pool-47-thread-1] INFO  server.RaftServerConfigKeys (ConfUtils.java:logGet(43)) - raft.server.log.purge.gap = 1000000 (custom)
2019-10-04 11:03:37,972 [pool-27-thread-1] INFO  segmented.SegmentedRaftLogWorker (SegmentedRaftLogWorker.java:<init>(173)) - new d7465086-8e37-45da-ad6f-a1f049a81ffa@group-EAD2D7C7D07D-SegmentedRaftLogWorker for RaftStorage:Storage Directory /workdir/hadoop-ozone/integration-test/target/test-dir/MiniOzoneClusterImpl-bdcda2a2-f79e-402a-b66c-d7657acce112/datanode-0/data/ratis/e9fea200-79f8-4974-aef1-ead2d7c7d07d
2019-10-04 11:03:37,972 [pool-37-thread-1] INFO  server.RaftServerConfigKeys (ConfUtils.java:logGet(43)) - raft.server.log.purge.gap = 1000000 (custom)
2019-10-04 11:03:37,972 [pool-27-thread-1] INFO  server.RaftServerConfigKeys (ConfUtils.java:logGet(43)) - raft.server.log.queue.byte-limit = 2147483647 (custom)
2019-10-04 11:03:37,972 [pool-47-thread-1] INFO  server.RaftServerConfigKeys (ConfUtils.java:logGet(43)) - raft.server.log.appender.buffer.byte-limit = 33554432 (custom)
2019-10-04 11:03:37,973 [pool-27-thread-1] INFO  server.RaftServerConfigKeys (ConfUtils.java:logGet(43)) - raft.server.log.queue.element-limit = 1024 (custom)
2019-10-04 11:03:37,972 [pool-37-thread-1] INFO  server.RaftServerConfigKeys (ConfUtils.java:logGet(43)) - raft.server.log.appender.buffer.byte-limit = 33554432 (custom)
2019-10-04 11:03:37,973 [pool-27-thread-1] INFO  server.RaftServerConfigKeys (ConfUtils.java:logGet(43)) - raft.server.log.segment.size.max = 1048576 (custom)
2019-10-04 11:03:37,973 [pool-47-thread-1] INFO  server.RaftServerConfigKeys (ConfUtils.java:logGet(43)) - raft.server.log.segment.size.max = 1048576 (custom)
2019-10-04 11:03:37,973 [pool-27-thread-1] INFO  server.RaftServerConfigKeys (ConfUtils.java:logGet(43)) - raft.server.log.preallocated.size = 16384 (custom)
2019-10-04 11:03:37,973 [pool-37-thread-1] INFO  server.RaftServerConfigKeys (ConfUtils.java:logGet(43)) - raft.server.log.segment.size.max = 1048576 (custom)
2019-10-04 11:03:37,973 [pool-27-thread-1] INFO  server.RaftServerConfigKeys (ConfUtils.java:logGet(43)) - raft.server.log.write.buffer.size = 33554432 (custom)
2019-10-04 11:03:37,973 [pool-47-thread-1] INFO  server.RaftServerConfigKeys (ConfUtils.java:logGet(43)) - raft.server.log.segment.cache.num.max = 2 (custom)
2019-10-04 11:03:37,973 [pool-27-thread-1] INFO  server.RaftServerConfigKeys (ConfUtils.java:logGet(43)) - raft.server.log.force.sync.num = 128 (default)
2019-10-04 11:03:37,973 [pool-37-thread-1] INFO  server.RaftServerConfigKeys (ConfUtils.java:logGet(43)) - raft.server.log.segment.cache.num.max = 2 (custom)
2019-10-04 11:03:37,974 [pool-27-thread-1] INFO  server.RaftServerConfigKeys (ConfUtils.java:logGet(43)) - raft.server.log.statemachine.data.sync = true (default)
2019-10-04 11:03:37,973 [pool-47-thread-1] INFO  segmented.SegmentedRaftLogWorker (SegmentedRaftLogWorker.java:<init>(173)) - new 92b02bdd-9214-4414-a3a8-dc2f1111fcbb@group-EAD2D7C7D07D-SegmentedRaftLogWorker for RaftStorage:Storage Directory /workdir/hadoop-ozone/integration-test/target/test-dir/MiniOzoneClusterImpl-bdcda2a2-f79e-402a-b66c-d7657acce112/datanode-2/data/ratis/e9fea200-79f8-4974-aef1-ead2d7c7d07d
2019-10-04 11:03:37,974 [pool-27-thread-1] INFO  server.RaftServerConfigKeys (ConfUtils.java:logGet(43)) - raft.server.log.statemachine.data.sync.timeout = 10s (default)
2019-10-04 11:03:37,974 [pool-37-thread-1] INFO  segmented.SegmentedRaftLogWorker (SegmentedRaftLogWorker.java:<init>(173)) - new 8e08b107-dcab-42d4-b054-a31f9cc9d2d3@group-EAD2D7C7D07D-SegmentedRaftLogWorker for RaftStorage:Storage Directory /workdir/hadoop-ozone/integration-test/target/test-dir/MiniOzoneClusterImpl-bdcda2a2-f79e-402a-b66c-d7657acce112/datanode-1/data/ratis/e9fea200-79f8-4974-aef1-ead2d7c7d07d
2019-10-04 11:03:37,974 [pool-27-thread-1] INFO  server.RaftServerConfigKeys (ConfUtils.java:logGet(43)) - raft.server.log.statemachine.data.sync.timeout.retry = -1 (default)
2019-10-04 11:03:37,974 [pool-47-thread-1] INFO  server.RaftServerConfigKeys (ConfUtils.java:logGet(43)) - raft.server.log.queue.byte-limit = 2147483647 (custom)
2019-10-04 11:03:37,974 [pool-27-thread-1] INFO  server.RaftServerConfigKeys (ConfUtils.java:logGet(43)) - raft.server.log.statemachine.data.caching.enabled = true (custom)
2019-10-04 11:03:37,974 [pool-37-thread-1] INFO  server.RaftServerConfigKeys (ConfUtils.java:logGet(43)) - raft.server.log.queue.byte-limit = 2147483647 (custom)
2019-10-04 11:03:37,974 [pool-47-thread-1] INFO  server.RaftServerConfigKeys (ConfUtils.java:logGet(43)) - raft.server.log.queue.element-limit = 1024 (custom)
2019-10-04 11:03:37,975 [pool-27-thread-1] INFO  segmented.SegmentedRaftLogWorker (SegmentedRaftLogWorker.java:lambda$new$0(128)) - d7465086-8e37-45da-ad6f-a1f049a81ffa@group-EAD2D7C7D07D-SegmentedRaftLogWorker: flushIndex: setUnconditionally 0 -> -1
2019-10-04 11:03:37,975 [pool-37-thread-1] INFO  server.RaftServerConfigKeys (ConfUtils.java:logGet(43)) - raft.server.log.queue.element-limit = 1024 (custom)
2019-10-04 11:03:37,975 [pool-47-thread-1] INFO  server.RaftServerConfigKeys (ConfUtils.java:logGet(43)) - raft.server.log.segment.size.max = 1048576 (custom)
2019-10-04 11:03:37,975 [pool-37-thread-1] INFO  server.RaftServerConfigKeys (ConfUtils.java:logGet(43)) - raft.server.log.segment.size.max = 1048576 (custom)
2019-10-04 11:03:37,975 [pool-27-thread-1] INFO  server.RaftServerConfigKeys (ConfUtils.java:logGet(43)) - raft.server.snapshot.auto.trigger.enabled = true (custom)
2019-10-04 11:03:37,978 [pool-37-thread-1] INFO  server.RaftServerConfigKeys (ConfUtils.java:logGet(43)) - raft.server.log.preallocated.size = 16384 (custom)
2019-10-04 11:03:37,978 [pool-47-thread-1] INFO  server.RaftServerConfigKeys (ConfUtils.java:logGet(43)) - raft.server.log.preallocated.size = 16384 (custom)
2019-10-04 11:03:37,978 [pool-37-thread-1] INFO  server.RaftServerConfigKeys (ConfUtils.java:logGet(43)) - raft.server.log.write.buffer.size = 33554432 (custom)
2019-10-04 11:03:37,978 [pool-27-thread-1] INFO  server.RaftServerConfigKeys (ConfUtils.java:logGet(43)) - raft.server.snapshot.auto.trigger.threshold = 10000 (custom)
2019-10-04 11:03:37,979 [pool-37-thread-1] INFO  server.RaftServerConfigKeys (ConfUtils.java:logGet(43)) - raft.server.log.force.sync.num = 128 (default)
2019-10-04 11:03:37,978 [pool-47-thread-1] INFO  server.RaftServerConfigKeys (ConfUtils.java:logGet(43)) - raft.server.log.write.buffer.size = 33554432 (custom)
2019-10-04 11:03:37,979 [pool-37-thread-1] INFO  server.RaftServerConfigKeys (ConfUtils.java:logGet(43)) - raft.server.log.statemachine.data.sync = true (default)
2019-10-04 11:03:37,979 [pool-27-thread-1] INFO  server.RaftServerConfigKeys (ConfUtils.java:logGet(43)) - raft.server.snapshot.retention.file.num = 5 (custom)
2019-10-04 11:03:37,979 [pool-37-thread-1] INFO  server.RaftServerConfigKeys (ConfUtils.java:logGet(43)) - raft.server.log.statemachine.data.sync.timeout = 10s (default)
2019-10-04 11:03:37,979 [pool-47-thread-1] INFO  server.RaftServerConfigKeys (ConfUtils.java:logGet(43)) - raft.server.log.force.sync.num = 128 (default)
2019-10-04 11:03:37,979 [pool-37-thread-1] INFO  server.RaftServerConfigKeys (ConfUtils.java:logGet(43)) - raft.server.log.statemachine.data.sync.timeout.retry = -1 (default)
2019-10-04 11:03:37,979 [pool-27-thread-1] INFO  server.RaftServerConfigKeys (ConfUtils.java:logGet(43)) - raft.server.retrycache.expirytime = 600000ms (custom)
2019-10-04 11:03:37,980 [pool-47-thread-1] INFO  server.RaftServerConfigKeys (ConfUtils.java:logGet(43)) - raft.server.log.statemachine.data.sync = true (default)
2019-10-04 11:03:37,980 [pool-37-thread-1] INFO  server.RaftServerConfigKeys (ConfUtils.java:logGet(43)) - raft.server.log.statemachine.data.caching.enabled = true (custom)
2019-10-04 11:03:37,980 [pool-47-thread-1] INFO  server.RaftServerConfigKeys (ConfUtils.java:logGet(43)) - raft.server.log.statemachine.data.sync.timeout = 10s (default)
2019-10-04 11:03:37,980 [pool-47-thread-1] INFO  server.RaftServerConfigKeys (ConfUtils.java:logGet(43)) - raft.server.log.statemachine.data.sync.timeout.retry = -1 (default)
2019-10-04 11:03:37,980 [pool-37-thread-1] INFO  segmented.SegmentedRaftLogWorker (SegmentedRaftLogWorker.java:lambda$new$0(128)) - 8e08b107-dcab-42d4-b054-a31f9cc9d2d3@group-EAD2D7C7D07D-SegmentedRaftLogWorker: flushIndex: setUnconditionally 0 -> -1
2019-10-04 11:03:37,981 [pool-47-thread-1] INFO  server.RaftServerConfigKeys (ConfUtils.java:logGet(43)) - raft.server.log.statemachine.data.caching.enabled = true (custom)
2019-10-04 11:03:37,981 [pool-37-thread-1] INFO  server.RaftServerConfigKeys (ConfUtils.java:logGet(43)) - raft.server.snapshot.auto.trigger.enabled = true (custom)
2019-10-04 11:03:37,981 [pool-47-thread-1] INFO  segmented.SegmentedRaftLogWorker (SegmentedRaftLogWorker.java:lambda$new$0(128)) - 92b02bdd-9214-4414-a3a8-dc2f1111fcbb@group-EAD2D7C7D07D-SegmentedRaftLogWorker: flushIndex: setUnconditionally 0 -> -1
2019-10-04 11:03:37,981 [pool-37-thread-1] INFO  server.RaftServerConfigKeys (ConfUtils.java:logGet(43)) - raft.server.snapshot.auto.trigger.threshold = 10000 (custom)
2019-10-04 11:03:37,981 [pool-37-thread-1] INFO  server.RaftServerConfigKeys (ConfUtils.java:logGet(43)) - raft.server.snapshot.retention.file.num = 5 (custom)
2019-10-04 11:03:37,982 [pool-47-thread-1] INFO  server.RaftServerConfigKeys (ConfUtils.java:logGet(43)) - raft.server.snapshot.auto.trigger.enabled = true (custom)
2019-10-04 11:03:37,982 [pool-37-thread-1] INFO  server.RaftServerConfigKeys (ConfUtils.java:logGet(43)) - raft.server.retrycache.expirytime = 600000ms (custom)
2019-10-04 11:03:37,982 [pool-47-thread-1] INFO  server.RaftServerConfigKeys (ConfUtils.java:logGet(43)) - raft.server.snapshot.auto.trigger.threshold = 10000 (custom)
2019-10-04 11:03:37,982 [pool-47-thread-1] INFO  server.RaftServerConfigKeys (ConfUtils.java:logGet(43)) - raft.server.snapshot.retention.file.num = 5 (custom)
2019-10-04 11:03:37,982 [pool-47-thread-1] INFO  server.RaftServerConfigKeys (ConfUtils.java:logGet(43)) - raft.server.retrycache.expirytime = 600000ms (custom)
2019-10-04 11:03:37,982 [pool-27-thread-1] INFO  impl.RaftServerImpl (RaftServerImpl.java:start(181)) - d7465086-8e37-45da-ad6f-a1f049a81ffa@group-EAD2D7C7D07D: start as a follower, conf=-1: [8e08b107-dcab-42d4-b054-a31f9cc9d2d3:192.168.151.72:39795, d7465086-8e37-45da-ad6f-a1f049a81ffa:192.168.151.72:33717, 92b02bdd-9214-4414-a3a8-dc2f1111fcbb:192.168.151.72:44596], old=null
2019-10-04 11:03:37,983 [pool-27-thread-1] INFO  impl.RaftServerImpl (RaftServerImpl.java:setRole(170)) - d7465086-8e37-45da-ad6f-a1f049a81ffa@group-EAD2D7C7D07D: changes role from      null to FOLLOWER at term 0 for startAsFollower
2019-10-04 11:03:37,983 [pool-27-thread-1] INFO  impl.RoleInfo (RoleInfo.java:updateAndGet(143)) - d7465086-8e37-45da-ad6f-a1f049a81ffa: start FollowerState
2019-10-04 11:03:37,983 [pool-27-thread-1] INFO  util.JmxRegister (JmxRegister.java:tryRegister(44)) - Successfully registered JMX Bean with object name Ratis:service=RaftServer,group=group-EAD2D7C7D07D,id=d7465086-8e37-45da-ad6f-a1f049a81ffa
2019-10-04 11:03:37,989 [pool-37-thread-1] INFO  impl.RaftServerImpl (RaftServerImpl.java:start(181)) - 8e08b107-dcab-42d4-b054-a31f9cc9d2d3@group-EAD2D7C7D07D: start as a follower, conf=-1: [8e08b107-dcab-42d4-b054-a31f9cc9d2d3:192.168.151.72:39795, d7465086-8e37-45da-ad6f-a1f049a81ffa:192.168.151.72:33717, 92b02bdd-9214-4414-a3a8-dc2f1111fcbb:192.168.151.72:44596], old=null
2019-10-04 11:03:37,989 [pool-37-thread-1] INFO  impl.RaftServerImpl (RaftServerImpl.java:setRole(170)) - 8e08b107-dcab-42d4-b054-a31f9cc9d2d3@group-EAD2D7C7D07D: changes role from      null to FOLLOWER at term 0 for startAsFollower
2019-10-04 11:03:37,989 [pool-37-thread-1] INFO  impl.RoleInfo (RoleInfo.java:updateAndGet(143)) - 8e08b107-dcab-42d4-b054-a31f9cc9d2d3: start FollowerState
2019-10-04 11:03:37,989 [pool-47-thread-1] INFO  impl.RaftServerImpl (RaftServerImpl.java:start(181)) - 92b02bdd-9214-4414-a3a8-dc2f1111fcbb@group-EAD2D7C7D07D: start as a follower, conf=-1: [8e08b107-dcab-42d4-b054-a31f9cc9d2d3:192.168.151.72:39795, d7465086-8e37-45da-ad6f-a1f049a81ffa:192.168.151.72:33717, 92b02bdd-9214-4414-a3a8-dc2f1111fcbb:192.168.151.72:44596], old=null
2019-10-04 11:03:37,989 [pool-37-thread-1] INFO  util.JmxRegister (JmxRegister.java:tryRegister(44)) - Successfully registered JMX Bean with object name Ratis:service=RaftServer,group=group-EAD2D7C7D07D,id=8e08b107-dcab-42d4-b054-a31f9cc9d2d3
2019-10-04 11:03:37,989 [pool-47-thread-1] INFO  impl.RaftServerImpl (RaftServerImpl.java:setRole(170)) - 92b02bdd-9214-4414-a3a8-dc2f1111fcbb@group-EAD2D7C7D07D: changes role from      null to FOLLOWER at term 0 for startAsFollower
2019-10-04 11:03:37,990 [pool-47-thread-1] INFO  impl.RoleInfo (RoleInfo.java:updateAndGet(143)) - 92b02bdd-9214-4414-a3a8-dc2f1111fcbb: start FollowerState
2019-10-04 11:03:37,990 [pool-47-thread-1] INFO  util.JmxRegister (JmxRegister.java:tryRegister(44)) - Successfully registered JMX Bean with object name Ratis:service=RaftServer,group=group-EAD2D7C7D07D,id=92b02bdd-9214-4414-a3a8-dc2f1111fcbb
2019-10-04 11:03:38,018 [RatisPipelineUtilsThread] INFO  pipeline.PipelineStateManager (PipelineStateManager.java:addPipeline(56)) - Created pipeline Pipeline[ Id: e9fea200-79f8-4974-aef1-ead2d7c7d07d, Nodes: d7465086-8e37-45da-ad6f-a1f049a81ffa{ip: 192.168.151.72, host: pr-hdds-2204-72899-789710998, networkLocation: /default-rack, certSerialId: null}92b02bdd-9214-4414-a3a8-dc2f1111fcbb{ip: 192.168.151.72, host: pr-hdds-2204-72899-789710998, networkLocation: /default-rack, certSerialId: null}8e08b107-dcab-42d4-b054-a31f9cc9d2d3{ip: 192.168.151.72, host: pr-hdds-2204-72899-789710998, networkLocation: /default-rack, certSerialId: null}, Type:RATIS, Factor:THREE, State:OPEN]
2019-10-04 11:03:38,074 [grpc-default-executor-2] INFO  impl.RaftServerProxy (RaftServerProxy.java:addNew(89)) - c3a49559-2c85-48c8-9853-25dac91dd65f: addNew group-97ADA2A7536F:[c3a49559-2c85-48c8-9853-25dac91dd65f:192.168.151.72:44566, 73c289eb-b8e4-41d6-9a9c-8e9834a31439:192.168.151.72:43003, ec04318c-0ef2-41b1-96f7-ad495db72f36:192.168.151.72:42902] returns group-97ADA2A7536F:java.util.concurrent.CompletableFuture@44659453[Not completed]
2019-10-04 11:03:38,074 [grpc-default-executor-0] INFO  impl.RaftServerProxy (RaftServerProxy.java:addNew(89)) - ec04318c-0ef2-41b1-96f7-ad495db72f36: addNew group-97ADA2A7536F:[c3a49559-2c85-48c8-9853-25dac91dd65f:192.168.151.72:44566, 73c289eb-b8e4-41d6-9a9c-8e9834a31439:192.168.151.72:43003, ec04318c-0ef2-41b1-96f7-ad495db72f36:192.168.151.72:42902] returns group-97ADA2A7536F:java.util.concurrent.CompletableFuture@68ee461f[Not completed]
2019-10-04 11:03:38,077 [pool-87-thread-1] INFO  impl.RaftServerImpl (RaftServerImpl.java:<init>(95)) - ec04318c-0ef2-41b1-96f7-ad495db72f36: new RaftServerImpl for group-97ADA2A7536F:[c3a49559-2c85-48c8-9853-25dac91dd65f:192.168.151.72:44566, 73c289eb-b8e4-41d6-9a9c-8e9834a31439:192.168.151.72:43003, ec04318c-0ef2-41b1-96f7-ad495db72f36:192.168.151.72:42902] with ContainerStateMachine:uninitialized
2019-10-04 11:03:38,078 [pool-87-thread-1] INFO  server.RaftServerConfigKeys (ConfUtils.java:logGet(43)) - raft.server.rpc.timeout.min = 5s (custom)
2019-10-04 11:03:38,078 [pool-87-thread-1] INFO  server.RaftServerConfigKeys (ConfUtils.java:logGet(43)) - raft.server.rpc.timeout.max = 5200ms (custom)
2019-10-04 11:03:38,080 [pool-87-thread-1] INFO  server.RaftServerConfigKeys (ConfUtils.java:logGet(43)) - raft.server.rpcslowness.timeout = 120s (custom)
2019-10-04 11:03:38,080 [pool-87-thread-1] INFO  server.RaftServerConfigKeys (ConfUtils.java:logGet(43)) - raft.server.sleep.deviation.threshold = 300 (default)
2019-10-04 11:03:38,080 [pool-87-thread-1] INFO  server.RaftServerConfigKeys (ConfUtils.java:logGet(43)) - raft.server.log.appender.install.snapshot.enabled = false (custom)
2019-10-04 11:03:38,080 [pool-87-thread-1] INFO  impl.RaftServerImpl (ServerState.java:<init>(103)) - ec04318c-0ef2-41b1-96f7-ad495db72f36@group-97ADA2A7536F: ConfigurationManager, init=-1: [c3a49559-2c85-48c8-9853-25dac91dd65f:192.168.151.72:44566, 73c289eb-b8e4-41d6-9a9c-8e9834a31439:192.168.151.72:43003, ec04318c-0ef2-41b1-96f7-ad495db72f36:192.168.151.72:42902], old=null, confs=<EMPTY_MAP>
2019-10-04 11:03:38,080 [pool-67-thread-1] INFO  impl.RaftServerImpl (RaftServerImpl.java:<init>(95)) - c3a49559-2c85-48c8-9853-25dac91dd65f: new RaftServerImpl for group-97ADA2A7536F:[c3a49559-2c85-48c8-9853-25dac91dd65f:192.168.151.72:44566, 73c289eb-b8e4-41d6-9a9c-8e9834a31439:192.168.151.72:43003, ec04318c-0ef2-41b1-96f7-ad495db72f36:192.168.151.72:42902] with ContainerStateMachine:uninitialized
2019-10-04 11:03:38,080 [grpc-default-executor-2] INFO  impl.RaftServerProxy (RaftServerProxy.java:addNew(89)) - 73c289eb-b8e4-41d6-9a9c-8e9834a31439: addNew group-97ADA2A7536F:[c3a49559-2c85-48c8-9853-25dac91dd65f:192.168.151.72:44566, 73c289eb-b8e4-41d6-9a9c-8e9834a31439:192.168.151.72:43003, ec04318c-0ef2-41b1-96f7-ad495db72f36:192.168.151.72:42902] returns group-97ADA2A7536F:java.util.concurrent.CompletableFuture@528231eb[Not completed]
2019-10-04 11:03:38,080 [pool-87-thread-1] INFO  server.RaftServerConfigKeys (ConfUtils.java:logGet(43)) - raft.server.storage.dir = [/workdir/hadoop-ozone/integration-test/target/test-dir/MiniOzoneClusterImpl-bdcda2a2-f79e-402a-b66c-d7657acce112/datanode-6/data/ratis] (custom)
2019-10-04 11:03:38,080 [pool-67-thread-1] INFO  server.RaftServerConfigKeys (ConfUtils.java:logGet(43)) - raft.server.rpc.timeout.min = 5s (custom)
2019-10-04 11:03:38,081 [pool-67-thread-1] INFO  server.RaftServerConfigKeys (ConfUtils.java:logGet(43)) - raft.server.rpc.timeout.max = 5200ms (custom)
2019-10-04 11:03:38,081 [pool-87-thread-1] INFO  server.RaftServerConfigKeys (ConfUtils.java:logGet(43)) - raft.server.log.corruption.policy = EXCEPTION (default)
2019-10-04 11:03:38,081 [pool-67-thread-1] INFO  server.RaftServerConfigKeys (ConfUtils.java:logGet(43)) - raft.server.rpcslowness.timeout = 120s (custom)
2019-10-04 11:03:38,081 [pool-87-thread-1] INFO  storage.RaftStorageDirectory (RaftStorageDirectory.java:analyzeStorage(246)) - The storage directory /workdir/hadoop-ozone/integration-test/target/test-dir/MiniOzoneClusterImpl-bdcda2a2-f79e-402a-b66c-d7657acce112/datanode-6/data/ratis/4a1e040f-36de-4c13-bebc-97ada2a7536f does not exist. Creating ...
2019-10-04 11:03:38,083 [pool-67-thread-1] INFO  server.RaftServerConfigKeys (ConfUtils.java:logGet(43)) - raft.server.sleep.deviation.threshold = 300 (default)
2019-10-04 11:03:38,087 [pool-67-thread-1] INFO  server.RaftServerConfigKeys (ConfUtils.java:logGet(43)) - raft.server.log.appender.install.snapshot.enabled = false (custom)
2019-10-04 11:03:38,087 [pool-67-thread-1] INFO  impl.RaftServerImpl (ServerState.java:<init>(103)) - c3a49559-2c85-48c8-9853-25dac91dd65f@group-97ADA2A7536F: ConfigurationManager, init=-1: [c3a49559-2c85-48c8-9853-25dac91dd65f:192.168.151.72:44566, 73c289eb-b8e4-41d6-9a9c-8e9834a31439:192.168.151.72:43003, ec04318c-0ef2-41b1-96f7-ad495db72f36:192.168.151.72:42902], old=null, confs=<EMPTY_MAP>
2019-10-04 11:03:38,087 [pool-67-thread-1] INFO  server.RaftServerConfigKeys (ConfUtils.java:logGet(43)) - raft.server.storage.dir = [/workdir/hadoop-ozone/integration-test/target/test-dir/MiniOzoneClusterImpl-bdcda2a2-f79e-402a-b66c-d7657acce112/datanode-4/data/ratis] (custom)
2019-10-04 11:03:38,087 [pool-57-thread-1] INFO  impl.RaftServerImpl (RaftServerImpl.java:<init>(95)) - 73c289eb-b8e4-41d6-9a9c-8e9834a31439: new RaftServerImpl for group-97ADA2A7536F:[c3a49559-2c85-48c8-9853-25dac91dd65f:192.168.151.72:44566, 73c289eb-b8e4-41d6-9a9c-8e9834a31439:192.168.151.72:43003, ec04318c-0ef2-41b1-96f7-ad495db72f36:192.168.151.72:42902] with ContainerStateMachine:uninitialized
2019-10-04 11:03:38,087 [pool-67-thread-1] INFO  server.RaftServerConfigKeys (ConfUtils.java:logGet(43)) - raft.server.log.corruption.policy = EXCEPTION (default)
2019-10-04 11:03:38,088 [pool-57-thread-1] INFO  server.RaftServerConfigKeys (ConfUtils.java:logGet(43)) - raft.server.rpc.timeout.min = 5s (custom)
2019-10-04 11:03:38,088 [pool-67-thread-1] INFO  storage.RaftStorageDirectory (RaftStorageDirectory.java:analyzeStorage(246)) - The storage directory /workdir/hadoop-ozone/integration-test/target/test-dir/MiniOzoneClusterImpl-bdcda2a2-f79e-402a-b66c-d7657acce112/datanode-4/data/ratis/4a1e040f-36de-4c13-bebc-97ada2a7536f does not exist. Creating ...
2019-10-04 11:03:38,088 [pool-57-thread-1] INFO  server.RaftServerConfigKeys (ConfUtils.java:logGet(43)) - raft.server.rpc.timeout.max = 5200ms (custom)
2019-10-04 11:03:38,088 [pool-57-thread-1] INFO  server.RaftServerConfigKeys (ConfUtils.java:logGet(43)) - raft.server.rpcslowness.timeout = 120s (custom)
2019-10-04 11:03:38,088 [pool-57-thread-1] INFO  server.RaftServerConfigKeys (ConfUtils.java:logGet(43)) - raft.server.sleep.deviation.threshold = 300 (default)
2019-10-04 11:03:38,088 [pool-57-thread-1] INFO  server.RaftServerConfigKeys (ConfUtils.java:logGet(43)) - raft.server.log.appender.install.snapshot.enabled = false (custom)
2019-10-04 11:03:38,088 [pool-57-thread-1] INFO  impl.RaftServerImpl (ServerState.java:<init>(103)) - 73c289eb-b8e4-41d6-9a9c-8e9834a31439@group-97ADA2A7536F: ConfigurationManager, init=-1: [c3a49559-2c85-48c8-9853-25dac91dd65f:192.168.151.72:44566, 73c289eb-b8e4-41d6-9a9c-8e9834a31439:192.168.151.72:43003, ec04318c-0ef2-41b1-96f7-ad495db72f36:192.168.151.72:42902], old=null, confs=<EMPTY_MAP>
2019-10-04 11:03:38,088 [pool-57-thread-1] INFO  server.RaftServerConfigKeys (ConfUtils.java:logGet(43)) - raft.server.storage.dir = [/workdir/hadoop-ozone/integration-test/target/test-dir/MiniOzoneClusterImpl-bdcda2a2-f79e-402a-b66c-d7657acce112/datanode-3/data/ratis] (custom)
2019-10-04 11:03:38,089 [pool-57-thread-1] INFO  server.RaftServerConfigKeys (ConfUtils.java:logGet(43)) - raft.server.log.corruption.policy = EXCEPTION (default)
2019-10-04 11:03:38,089 [pool-57-thread-1] INFO  storage.RaftStorageDirectory (RaftStorageDirectory.java:analyzeStorage(246)) - The storage directory /workdir/hadoop-ozone/integration-test/target/test-dir/MiniOzoneClusterImpl-bdcda2a2-f79e-402a-b66c-d7657acce112/datanode-3/data/ratis/4a1e040f-36de-4c13-bebc-97ada2a7536f does not exist. Creating ...
2019-10-04 11:03:38,100 [pool-67-thread-1] INFO  storage.RaftStorageDirectory (RaftStorageDirectory.java:tryLock(328)) - Lock on /workdir/hadoop-ozone/integration-test/target/test-dir/MiniOzoneClusterImpl-bdcda2a2-f79e-402a-b66c-d7657acce112/datanode-4/data/ratis/4a1e040f-36de-4c13-bebc-97ada2a7536f/in_use.lock acquired by nodename 22464@pr-hdds-2204-72899-789710998
2019-10-04 11:03:38,100 [pool-87-thread-1] INFO  storage.RaftStorageDirectory (RaftStorageDirectory.java:tryLock(328)) - Lock on /workdir/hadoop-ozone/integration-test/target/test-dir/MiniOzoneClusterImpl-bdcda2a2-f79e-402a-b66c-d7657acce112/datanode-6/data/ratis/4a1e040f-36de-4c13-bebc-97ada2a7536f/in_use.lock acquired by nodename 22464@pr-hdds-2204-72899-789710998
2019-10-04 11:03:38,100 [pool-57-thread-1] INFO  storage.RaftStorageDirectory (RaftStorageDirectory.java:tryLock(328)) - Lock on /workdir/hadoop-ozone/integration-test/target/test-dir/MiniOzoneClusterImpl-bdcda2a2-f79e-402a-b66c-d7657acce112/datanode-3/data/ratis/4a1e040f-36de-4c13-bebc-97ada2a7536f/in_use.lock acquired by nodename 22464@pr-hdds-2204-72899-789710998
2019-10-04 11:03:38,114 [pool-67-thread-1] INFO  storage.RaftStorage (RaftStorage.java:format(84)) - Storage directory /workdir/hadoop-ozone/integration-test/target/test-dir/MiniOzoneClusterImpl-bdcda2a2-f79e-402a-b66c-d7657acce112/datanode-4/data/ratis/4a1e040f-36de-4c13-bebc-97ada2a7536f has been successfully formatted.
2019-10-04 11:03:38,114 [pool-87-thread-1] INFO  storage.RaftStorage (RaftStorage.java:format(84)) - Storage directory /workdir/hadoop-ozone/integration-test/target/test-dir/MiniOzoneClusterImpl-bdcda2a2-f79e-402a-b66c-d7657acce112/datanode-6/data/ratis/4a1e040f-36de-4c13-bebc-97ada2a7536f has been successfully formatted.
2019-10-04 11:03:38,114 [pool-57-thread-1] INFO  storage.RaftStorage (RaftStorage.java:format(84)) - Storage directory /workdir/hadoop-ozone/integration-test/target/test-dir/MiniOzoneClusterImpl-bdcda2a2-f79e-402a-b66c-d7657acce112/datanode-3/data/ratis/4a1e040f-36de-4c13-bebc-97ada2a7536f has been successfully formatted.
2019-10-04 11:03:38,114 [pool-67-thread-1] INFO  ratis.ContainerStateMachine (ContainerStateMachine.java:loadSnapshot(230)) - group-97ADA2A7536F: The snapshot info is null. Setting the last applied indexto:(t:0, i:~)
2019-10-04 11:03:38,114 [pool-87-thread-1] INFO  ratis.ContainerStateMachine (ContainerStateMachine.java:loadSnapshot(230)) - group-97ADA2A7536F: The snapshot info is null. Setting the last applied indexto:(t:0, i:~)
2019-10-04 11:03:38,114 [pool-57-thread-1] INFO  ratis.ContainerStateMachine (ContainerStateMachine.java:loadSnapshot(230)) - group-97ADA2A7536F: The snapshot info is null. Setting the last applied indexto:(t:0, i:~)
2019-10-04 11:03:38,114 [pool-67-thread-1] INFO  server.RaftServerConfigKeys (ConfUtils.java:logGet(43)) - raft.server.notification.no-leader.timeout = 120s (custom)
2019-10-04 11:03:38,115 [pool-57-thread-1] INFO  server.RaftServerConfigKeys (ConfUtils.java:logGet(43)) - raft.server.notification.no-leader.timeout = 120s (custom)
2019-10-04 11:03:38,114 [pool-87-thread-1] INFO  server.RaftServerConfigKeys (ConfUtils.java:logGet(43)) - raft.server.notification.no-leader.timeout = 120s (custom)
2019-10-04 11:03:38,115 [pool-57-thread-1] INFO  server.RaftServerConfigKeys (ConfUtils.java:logGet(43)) - raft.server.log.use.memory = false (default)
2019-10-04 11:03:38,115 [pool-67-thread-1] INFO  server.RaftServerConfigKeys (ConfUtils.java:logGet(43)) - raft.server.log.use.memory = false (default)
2019-10-04 11:03:38,115 [pool-57-thread-1] INFO  server.RaftServerConfigKeys (ConfUtils.java:logGet(43)) - raft.server.log.purge.gap = 1000000 (custom)
2019-10-04 11:03:38,115 [pool-87-thread-1] INFO  server.RaftServerConfigKeys (ConfUtils.java:logGet(43)) - raft.server.log.use.memory = false (default)
2019-10-04 11:03:38,116 [pool-57-thread-1] INFO  server.RaftServerConfigKeys (ConfUtils.java:logGet(43)) - raft.server.log.appender.buffer.byte-limit = 33554432 (custom)
2019-10-04 11:03:38,115 [pool-67-thread-1] INFO  server.RaftServerConfigKeys (ConfUtils.java:logGet(43)) - raft.server.log.purge.gap = 1000000 (custom)
2019-10-04 11:03:38,116 [pool-57-thread-1] INFO  server.RaftServerConfigKeys (ConfUtils.java:logGet(43)) - raft.server.log.segment.size.max = 1048576 (custom)
2019-10-04 11:03:38,116 [pool-87-thread-1] INFO  server.RaftServerConfigKeys (ConfUtils.java:logGet(43)) - raft.server.log.purge.gap = 1000000 (custom)
2019-10-04 11:03:38,116 [pool-57-thread-1] INFO  server.RaftServerConfigKeys (ConfUtils.java:logGet(43)) - raft.server.log.segment.cache.num.max = 2 (custom)
2019-10-04 11:03:38,116 [pool-67-thread-1] INFO  server.RaftServerConfigKeys (ConfUtils.java:logGet(43)) - raft.server.log.appender.buffer.byte-limit = 33554432 (custom)
2019-10-04 11:03:38,117 [pool-57-thread-1] INFO  segmented.SegmentedRaftLogWorker (SegmentedRaftLogWorker.java:<init>(173)) - new 73c289eb-b8e4-41d6-9a9c-8e9834a31439@group-97ADA2A7536F-SegmentedRaftLogWorker for RaftStorage:Storage Directory /workdir/hadoop-ozone/integration-test/target/test-dir/MiniOzoneClusterImpl-bdcda2a2-f79e-402a-b66c-d7657acce112/datanode-3/data/ratis/4a1e040f-36de-4c13-bebc-97ada2a7536f
2019-10-04 11:03:38,116 [pool-87-thread-1] INFO  server.RaftServerConfigKeys (ConfUtils.java:logGet(43)) - raft.server.log.appender.buffer.byte-limit = 33554432 (custom)
2019-10-04 11:03:38,117 [pool-57-thread-1] INFO  server.RaftServerConfigKeys (ConfUtils.java:logGet(43)) - raft.server.log.queue.byte-limit = 2147483647 (custom)
2019-10-04 11:03:38,117 [pool-67-thread-1] INFO  server.RaftServerConfigKeys (ConfUtils.java:logGet(43)) - raft.server.log.segment.size.max = 1048576 (custom)
2019-10-04 11:03:38,117 [pool-57-thread-1] INFO  server.RaftServerConfigKeys (ConfUtils.java:logGet(43)) - raft.server.log.queue.element-limit = 1024 (custom)
2019-10-04 11:03:38,117 [pool-87-thread-1] INFO  server.RaftServerConfigKeys (ConfUtils.java:logGet(43)) - raft.server.log.segment.size.max = 1048576 (custom)
2019-10-04 11:03:38,118 [pool-57-thread-1] INFO  server.RaftServerConfigKeys (ConfUtils.java:logGet(43)) - raft.server.log.segment.size.max = 1048576 (custom)
2019-10-04 11:03:38,117 [pool-67-thread-1] INFO  server.RaftServerConfigKeys (ConfUtils.java:logGet(43)) - raft.server.log.segment.cache.num.max = 2 (custom)
2019-10-04 11:03:38,118 [pool-57-thread-1] INFO  server.RaftServerConfigKeys (ConfUtils.java:logGet(43)) - raft.server.log.preallocated.size = 16384 (custom)
2019-10-04 11:03:38,118 [pool-87-thread-1] INFO  server.RaftServerConfigKeys (ConfUtils.java:logGet(43)) - raft.server.log.segment.cache.num.max = 2 (custom)
2019-10-04 11:03:38,118 [pool-57-thread-1] INFO  server.RaftServerConfigKeys (ConfUtils.java:logGet(43)) - raft.server.log.write.buffer.size = 33554432 (custom)
2019-10-04 11:03:38,118 [pool-67-thread-1] INFO  segmented.SegmentedRaftLogWorker (SegmentedRaftLogWorker.java:<init>(173)) - new c3a49559-2c85-48c8-9853-25dac91dd65f@group-97ADA2A7536F-SegmentedRaftLogWorker for RaftStorage:Storage Directory /workdir/hadoop-ozone/integration-test/target/test-dir/MiniOzoneClusterImpl-bdcda2a2-f79e-402a-b66c-d7657acce112/datanode-4/data/ratis/4a1e040f-36de-4c13-bebc-97ada2a7536f
2019-10-04 11:03:38,118 [pool-57-thread-1] INFO  server.RaftServerConfigKeys (ConfUtils.java:logGet(43)) - raft.server.log.force.sync.num = 128 (default)
2019-10-04 11:03:38,118 [pool-87-thread-1] INFO  segmented.SegmentedRaftLogWorker (SegmentedRaftLogWorker.java:<init>(173)) - new ec04318c-0ef2-41b1-96f7-ad495db72f36@group-97ADA2A7536F-SegmentedRaftLogWorker for RaftStorage:Storage Directory /workdir/hadoop-ozone/integration-test/target/test-dir/MiniOzoneClusterImpl-bdcda2a2-f79e-402a-b66c-d7657acce112/datanode-6/data/ratis/4a1e040f-36de-4c13-bebc-97ada2a7536f
2019-10-04 11:03:38,119 [pool-57-thread-1] INFO  server.RaftServerConfigKeys (ConfUtils.java:logGet(43)) - raft.server.log.statemachine.data.sync = true (default)
2019-10-04 11:03:38,119 [pool-67-thread-1] INFO  server.RaftServerConfigKeys (ConfUtils.java:logGet(43)) - raft.server.log.queue.byte-limit = 2147483647 (custom)
2019-10-04 11:03:38,119 [pool-57-thread-1] INFO  server.RaftServerConfigKeys (ConfUtils.java:logGet(43)) - raft.server.log.statemachine.data.sync.timeout = 10s (default)
2019-10-04 11:03:38,119 [pool-87-thread-1] INFO  server.RaftServerConfigKeys (ConfUtils.java:logGet(43)) - raft.server.log.queue.byte-limit = 2147483647 (custom)
2019-10-04 11:03:38,119 [pool-57-thread-1] INFO  server.RaftServerConfigKeys (ConfUtils.java:logGet(43)) - raft.server.log.statemachine.data.sync.timeout.retry = -1 (default)
2019-10-04 11:03:38,119 [pool-67-thread-1] INFO  server.RaftServerConfigKeys (ConfUtils.java:logGet(43)) - raft.server.log.queue.element-limit = 1024 (custom)
2019-10-04 11:03:38,119 [pool-87-thread-1] INFO  server.RaftServerConfigKeys (ConfUtils.java:logGet(43)) - raft.server.log.queue.element-limit = 1024 (custom)
2019-10-04 11:03:38,120 [pool-57-thread-1] INFO  server.RaftServerConfigKeys (ConfUtils.java:logGet(43)) - raft.server.log.statemachine.data.caching.enabled = true (custom)
2019-10-04 11:03:38,120 [pool-67-thread-1] INFO  server.RaftServerConfigKeys (ConfUtils.java:logGet(43)) - raft.server.log.segment.size.max = 1048576 (custom)
2019-10-04 11:03:38,120 [pool-87-thread-1] INFO  server.RaftServerConfigKeys (ConfUtils.java:logGet(43)) - raft.server.log.segment.size.max = 1048576 (custom)
2019-10-04 11:03:38,120 [pool-67-thread-1] INFO  server.RaftServerConfigKeys (ConfUtils.java:logGet(43)) - raft.server.log.preallocated.size = 16384 (custom)
2019-10-04 11:03:38,120 [pool-87-thread-1] INFO  server.RaftServerConfigKeys (ConfUtils.java:logGet(43)) - raft.server.log.preallocated.size = 16384 (custom)
2019-10-04 11:03:38,120 [pool-57-thread-1] INFO  segmented.SegmentedRaftLogWorker (SegmentedRaftLogWorker.java:lambda$new$0(128)) - 73c289eb-b8e4-41d6-9a9c-8e9834a31439@group-97ADA2A7536F-SegmentedRaftLogWorker: flushIndex: setUnconditionally 0 -> -1
2019-10-04 11:03:38,121 [pool-87-thread-1] INFO  server.RaftServerConfigKeys (ConfUtils.java:logGet(43)) - raft.server.log.write.buffer.size = 33554432 (custom)
2019-10-04 11:03:38,121 [pool-67-thread-1] INFO  server.RaftServerConfigKeys (ConfUtils.java:logGet(43)) - raft.server.log.write.buffer.size = 33554432 (custom)
2019-10-04 11:03:38,121 [pool-87-thread-1] INFO  server.RaftServerConfigKeys (ConfUtils.java:logGet(43)) - raft.server.log.force.sync.num = 128 (default)
2019-10-04 11:03:38,121 [pool-67-thread-1] INFO  server.RaftServerConfigKeys (ConfUtils.java:logGet(43)) - raft.server.log.force.sync.num = 128 (default)
2019-10-04 11:03:38,121 [pool-57-thread-1] INFO  server.RaftServerConfigKeys (ConfUtils.java:logGet(43)) - raft.server.snapshot.auto.trigger.enabled = true (custom)
2019-10-04 11:03:38,121 [pool-67-thread-1] INFO  server.RaftServerConfigKeys (ConfUtils.java:logGet(43)) - raft.server.log.statemachine.data.sync = true (default)
2019-10-04 11:03:38,121 [pool-87-thread-1] INFO  server.RaftServerConfigKeys (ConfUtils.java:logGet(43)) - raft.server.log.statemachine.data.sync = true (default)
2019-10-04 11:03:38,122 [pool-67-thread-1] INFO  server.RaftServerConfigKeys (ConfUtils.java:logGet(43)) - raft.server.log.statemachine.data.sync.timeout = 10s (default)
2019-10-04 11:03:38,122 [pool-57-thread-1] INFO  server.RaftServerConfigKeys (ConfUtils.java:logGet(43)) - raft.server.snapshot.auto.trigger.threshold = 10000 (custom)
2019-10-04 11:03:38,122 [pool-67-thread-1] INFO  server.RaftServerConfigKeys (ConfUtils.java:logGet(43)) - raft.server.log.statemachine.data.sync.timeout.retry = -1 (default)
2019-10-04 11:03:38,122 [pool-87-thread-1] INFO  server.RaftServerConfigKeys (ConfUtils.java:logGet(43)) - raft.server.log.statemachine.data.sync.timeout = 10s (default)
2019-10-04 11:03:38,122 [pool-67-thread-1] INFO  server.RaftServerConfigKeys (ConfUtils.java:logGet(43)) - raft.server.log.statemachine.data.caching.enabled = true (custom)
2019-10-04 11:03:38,122 [pool-57-thread-1] INFO  server.RaftServerConfigKeys (ConfUtils.java:logGet(43)) - raft.server.snapshot.retention.file.num = 5 (custom)
2019-10-04 11:03:38,122 [pool-87-thread-1] INFO  server.RaftServerConfigKeys (ConfUtils.java:logGet(43)) - raft.server.log.statemachine.data.sync.timeout.retry = -1 (default)
2019-10-04 11:03:38,123 [pool-67-thread-1] INFO  segmented.SegmentedRaftLogWorker (SegmentedRaftLogWorker.java:lambda$new$0(128)) - c3a49559-2c85-48c8-9853-25dac91dd65f@group-97ADA2A7536F-SegmentedRaftLogWorker: flushIndex: setUnconditionally 0 -> -1
2019-10-04 11:03:38,123 [pool-87-thread-1] INFO  server.RaftServerConfigKeys (ConfUtils.java:logGet(43)) - raft.server.log.statemachine.data.caching.enabled = true (custom)
2019-10-04 11:03:38,123 [pool-57-thread-1] INFO  server.RaftServerConfigKeys (ConfUtils.java:logGet(43)) - raft.server.retrycache.expirytime = 600000ms (custom)
2019-10-04 11:03:38,123 [pool-67-thread-1] INFO  server.RaftServerConfigKeys (ConfUtils.java:logGet(43)) - raft.server.snapshot.auto.trigger.enabled = true (custom)
2019-10-04 11:03:38,123 [pool-87-thread-1] INFO  segmented.SegmentedRaftLogWorker (SegmentedRaftLogWorker.java:lambda$new$0(128)) - ec04318c-0ef2-41b1-96f7-ad495db72f36@group-97ADA2A7536F-SegmentedRaftLogWorker: flushIndex: setUnconditionally 0 -> -1
2019-10-04 11:03:38,123 [pool-67-thread-1] INFO  server.RaftServerConfigKeys (ConfUtils.java:logGet(43)) - raft.server.snapshot.auto.trigger.threshold = 10000 (custom)
2019-10-04 11:03:38,124 [pool-67-thread-1] INFO  server.RaftServerConfigKeys (ConfUtils.java:logGet(43)) - raft.server.snapshot.retention.file.num = 5 (custom)
2019-10-04 11:03:38,124 [pool-87-thread-1] INFO  server.RaftServerConfigKeys (ConfUtils.java:logGet(43)) - raft.server.snapshot.auto.trigger.enabled = true (custom)
2019-10-04 11:03:38,124 [pool-67-thread-1] INFO  server.RaftServerConfigKeys (ConfUtils.java:logGet(43)) - raft.server.retrycache.expirytime = 600000ms (custom)
2019-10-04 11:03:38,124 [pool-87-thread-1] INFO  server.RaftServerConfigKeys (ConfUtils.java:logGet(43)) - raft.server.snapshot.auto.trigger.threshold = 10000 (custom)
2019-10-04 11:03:38,124 [pool-87-thread-1] INFO  server.RaftServerConfigKeys (ConfUtils.java:logGet(43)) - raft.server.snapshot.retention.file.num = 5 (custom)
2019-10-04 11:03:38,124 [pool-87-thread-1] INFO  server.RaftServerConfigKeys (ConfUtils.java:logGet(43)) - raft.server.retrycache.expirytime = 600000ms (custom)
2019-10-04 11:03:38,129 [pool-57-thread-1] INFO  impl.RaftServerImpl (RaftServerImpl.java:start(181)) - 73c289eb-b8e4-41d6-9a9c-8e9834a31439@group-97ADA2A7536F: start as a follower, conf=-1: [c3a49559-2c85-48c8-9853-25dac91dd65f:192.168.151.72:44566, 73c289eb-b8e4-41d6-9a9c-8e9834a31439:192.168.151.72:43003, ec04318c-0ef2-41b1-96f7-ad495db72f36:192.168.151.72:42902], old=null
2019-10-04 11:03:38,129 [pool-57-thread-1] INFO  impl.RaftServerImpl (RaftServerImpl.java:setRole(170)) - 73c289eb-b8e4-41d6-9a9c-8e9834a31439@group-97ADA2A7536F: changes role from      null to FOLLOWER at term 0 for startAsFollower
2019-10-04 11:03:38,129 [pool-67-thread-1] INFO  impl.RaftServerImpl (RaftServerImpl.java:start(181)) - c3a49559-2c85-48c8-9853-25dac91dd65f@group-97ADA2A7536F: start as a follower, conf=-1: [c3a49559-2c85-48c8-9853-25dac91dd65f:192.168.151.72:44566, 73c289eb-b8e4-41d6-9a9c-8e9834a31439:192.168.151.72:43003, ec04318c-0ef2-41b1-96f7-ad495db72f36:192.168.151.72:42902], old=null
2019-10-04 11:03:38,129 [pool-57-thread-1] INFO  impl.RoleInfo (RoleInfo.java:updateAndGet(143)) - 73c289eb-b8e4-41d6-9a9c-8e9834a31439: start FollowerState
2019-10-04 11:03:38,130 [pool-67-thread-1] INFO  impl.RaftServerImpl (RaftServerImpl.java:setRole(170)) - c3a49559-2c85-48c8-9853-25dac91dd65f@group-97ADA2A7536F: changes role from      null to FOLLOWER at term 0 for startAsFollower
2019-10-04 11:03:38,129 [pool-87-thread-1] INFO  impl.RaftServerImpl (RaftServerImpl.java:start(181)) - ec04318c-0ef2-41b1-96f7-ad495db72f36@group-97ADA2A7536F: start as a follower, conf=-1: [c3a49559-2c85-48c8-9853-25dac91dd65f:192.168.151.72:44566, 73c289eb-b8e4-41d6-9a9c-8e9834a31439:192.168.151.72:43003, ec04318c-0ef2-41b1-96f7-ad495db72f36:192.168.151.72:42902], old=null
2019-10-04 11:03:38,130 [pool-67-thread-1] INFO  impl.RoleInfo (RoleInfo.java:updateAndGet(143)) - c3a49559-2c85-48c8-9853-25dac91dd65f: start FollowerState
2019-10-04 11:03:38,130 [pool-87-thread-1] INFO  impl.RaftServerImpl (RaftServerImpl.java:setRole(170)) - ec04318c-0ef2-41b1-96f7-ad495db72f36@group-97ADA2A7536F: changes role from      null to FOLLOWER at term 0 for startAsFollower
2019-10-04 11:03:38,130 [pool-57-thread-1] INFO  util.JmxRegister (JmxRegister.java:tryRegister(44)) - Successfully registered JMX Bean with object name Ratis:service=RaftServer,group=group-97ADA2A7536F,id=73c289eb-b8e4-41d6-9a9c-8e9834a31439
2019-10-04 11:03:38,130 [pool-67-thread-1] INFO  util.JmxRegister (JmxRegister.java:tryRegister(44)) - Successfully registered JMX Bean with object name Ratis:service=RaftServer,group=group-97ADA2A7536F,id=c3a49559-2c85-48c8-9853-25dac91dd65f
2019-10-04 11:03:38,130 [pool-87-thread-1] INFO  impl.RoleInfo (RoleInfo.java:updateAndGet(143)) - ec04318c-0ef2-41b1-96f7-ad495db72f36: start FollowerState
2019-10-04 11:03:38,131 [pool-87-thread-1] INFO  util.JmxRegister (JmxRegister.java:tryRegister(44)) - Successfully registered JMX Bean with object name Ratis:service=RaftServer,group=group-97ADA2A7536F,id=ec04318c-0ef2-41b1-96f7-ad495db72f36
2019-10-04 11:03:38,154 [RatisPipelineUtilsThread] INFO  pipeline.PipelineStateManager (PipelineStateManager.java:addPipeline(56)) - Created pipeline Pipeline[ Id: 4a1e040f-36de-4c13-bebc-97ada2a7536f, Nodes: ec04318c-0ef2-41b1-96f7-ad495db72f36{ip: 192.168.151.72, host: pr-hdds-2204-72899-789710998, networkLocation: /default-rack, certSerialId: null}73c289eb-b8e4-41d6-9a9c-8e9834a31439{ip: 192.168.151.72, host: pr-hdds-2204-72899-789710998, networkLocation: /default-rack, certSerialId: null}c3a49559-2c85-48c8-9853-25dac91dd65f{ip: 192.168.151.72, host: pr-hdds-2204-72899-789710998, networkLocation: /default-rack, certSerialId: null}, Type:RATIS, Factor:THREE, State:OPEN]
2019-10-04 11:03:38,481 [main] INFO  rpc.RpcClient (RpcClient.java:createVolume(277)) - Creating Volume: watchforcommithandlingtest, with jenkins1000 as owner.
2019-10-04 11:03:38,994 [IPC Server handler 1 on 44005] INFO  volume.OMVolumeCreateRequest (OMVolumeCreateRequest.java:validateAndUpdateCache(193)) - created volume:watchforcommithandlingtest for user:jenkins1000
2019-10-04 11:03:39,029 [main] INFO  rpc.RpcClient (RpcClient.java:createBucket(416)) - Creating Bucket: watchforcommithandlingtest/watchforcommithandlingtest, with Versioning false and Storage Type set to DISK and Encryption set to false 
2019-10-04 11:03:39,060 [main] INFO  ozone.MiniOzoneClusterImpl (MiniOzoneClusterImpl.java:getStorageContainerLocationClient(234)) - Creating StorageContainerLocationProtocol RPC client with address /0.0.0.0:40978
2019-10-04 11:03:39,094 [main] INFO  impl.MetricsSystemImpl (MetricsSystemImpl.java:init(158)) - XceiverClientMetrics metrics system started (again)
2019-10-04 11:03:39,350 [Thread-238] INFO  container.ReplicationManager (ReplicationManager.java:start(162)) - Starting Replication Monitor Thread.
2019-10-04 11:03:39,351 [Thread-239] INFO  container.ReplicationManager (ReplicationManager.java:start(169)) - Replication Monitor Thread is already running.
2019-10-04 11:03:39,355 [ReplicationMonitor] INFO  container.ReplicationManager (ReplicationManager.java:run(225)) - Replication Monitor Thread took 3 milliseconds for processing 1 containers.
2019-10-04 11:03:42,334 [Thread-241] INFO  impl.FollowerState (FollowerState.java:run(108)) - d7465086-8e37-45da-ad6f-a1f049a81ffa@group-F665172E6911-FollowerState: change to CANDIDATE, lastRpcTime:5189ms, electionTimeout:5188ms
2019-10-04 11:03:42,337 [Thread-241] INFO  impl.RoleInfo (RoleInfo.java:shutdownFollowerState(121)) - d7465086-8e37-45da-ad6f-a1f049a81ffa: shutdown FollowerState
2019-10-04 11:03:42,337 [Thread-241] INFO  impl.RaftServerImpl (RaftServerImpl.java:setRole(170)) - d7465086-8e37-45da-ad6f-a1f049a81ffa@group-F665172E6911: changes role from  FOLLOWER to CANDIDATE at term 0 for changeToCandidate
2019-10-04 11:03:42,344 [Thread-241] INFO  impl.RoleInfo (RoleInfo.java:updateAndGet(143)) - d7465086-8e37-45da-ad6f-a1f049a81ffa: start LeaderElection
2019-10-04 11:03:42,361 [d7465086-8e37-45da-ad6f-a1f049a81ffa@group-F665172E6911-LeaderElection1] INFO  impl.LeaderElection (LeaderElection.java:askForVotes(178)) - d7465086-8e37-45da-ad6f-a1f049a81ffa@group-F665172E6911-LeaderElection1: begin an election at term 1 for -1: [d7465086-8e37-45da-ad6f-a1f049a81ffa:192.168.151.72:33717], old=null
2019-10-04 11:03:42,363 [d7465086-8e37-45da-ad6f-a1f049a81ffa@group-F665172E6911-LeaderElection1] INFO  impl.RoleInfo (RoleInfo.java:shutdownLeaderElection(134)) - d7465086-8e37-45da-ad6f-a1f049a81ffa: shutdown LeaderElection
2019-10-04 11:03:42,363 [d7465086-8e37-45da-ad6f-a1f049a81ffa@group-F665172E6911-LeaderElection1] INFO  impl.RaftServerImpl (RaftServerImpl.java:setRole(170)) - d7465086-8e37-45da-ad6f-a1f049a81ffa@group-F665172E6911: changes role from CANDIDATE to LEADER at term 1 for changeToLeader
2019-10-04 11:03:42,364 [d7465086-8e37-45da-ad6f-a1f049a81ffa@group-F665172E6911-LeaderElection1] INFO  impl.RaftServerImpl (ServerState.java:setLeader(255)) - d7465086-8e37-45da-ad6f-a1f049a81ffa@group-F665172E6911: change Leader from null to d7465086-8e37-45da-ad6f-a1f049a81ffa at term 1 for becomeLeader, leader elected after 5347ms
2019-10-04 11:03:42,371 [d7465086-8e37-45da-ad6f-a1f049a81ffa@group-F665172E6911-LeaderElection1] INFO  server.RaftServerConfigKeys (ConfUtils.java:logGet(43)) - raft.server.staging.catchup.gap = 1000 (default)
2019-10-04 11:03:42,371 [d7465086-8e37-45da-ad6f-a1f049a81ffa@group-F665172E6911-LeaderElection1] INFO  server.RaftServerConfigKeys (ConfUtils.java:logGet(43)) - raft.server.rpc.sleep.time = 25ms (default)
2019-10-04 11:03:42,376 [d7465086-8e37-45da-ad6f-a1f049a81ffa@group-F665172E6911-LeaderElection1] INFO  server.RaftServerConfigKeys (ConfUtils.java:logGet(43)) - raft.server.write.element-limit = 4096 (default)
2019-10-04 11:03:42,379 [Thread-244] INFO  impl.FollowerState (FollowerState.java:run(108)) - 92b02bdd-9214-4414-a3a8-dc2f1111fcbb@group-18BF2BA7C508-FollowerState: change to CANDIDATE, lastRpcTime:5014ms, electionTimeout:5013ms
2019-10-04 11:03:42,386 [Thread-244] INFO  impl.RoleInfo (RoleInfo.java:shutdownFollowerState(121)) - 92b02bdd-9214-4414-a3a8-dc2f1111fcbb: shutdown FollowerState
2019-10-04 11:03:42,386 [d7465086-8e37-45da-ad6f-a1f049a81ffa@group-F665172E6911-LeaderElection1] INFO  server.RaftServerConfigKeys (ConfUtils.java:logGet(43)) - raft.server.watch.timeout = 10s (default)
2019-10-04 11:03:42,386 [Thread-244] INFO  impl.RaftServerImpl (RaftServerImpl.java:setRole(170)) - 92b02bdd-9214-4414-a3a8-dc2f1111fcbb@group-18BF2BA7C508: changes role from  FOLLOWER to CANDIDATE at term 0 for changeToCandidate
2019-10-04 11:03:42,386 [d7465086-8e37-45da-ad6f-a1f049a81ffa@group-F665172E6911-LeaderElection1] INFO  server.RaftServerConfigKeys (ConfUtils.java:logGet(43)) - raft.server.watch.timeout.denomination = 1s (default)
2019-10-04 11:03:42,386 [Thread-244] INFO  impl.RoleInfo (RoleInfo.java:updateAndGet(143)) - 92b02bdd-9214-4414-a3a8-dc2f1111fcbb: start LeaderElection
2019-10-04 11:03:42,390 [d7465086-8e37-45da-ad6f-a1f049a81ffa@group-F665172E6911-LeaderElection1] INFO  server.RaftServerConfigKeys (ConfUtils.java:logGet(43)) - raft.server.watch.element-limit = 65536 (default)
2019-10-04 11:03:42,412 [92b02bdd-9214-4414-a3a8-dc2f1111fcbb@group-18BF2BA7C508-LeaderElection2] INFO  impl.LeaderElection (LeaderElection.java:askForVotes(178)) - 92b02bdd-9214-4414-a3a8-dc2f1111fcbb@group-18BF2BA7C508-LeaderElection2: begin an election at term 1 for -1: [92b02bdd-9214-4414-a3a8-dc2f1111fcbb:192.168.151.72:44596], old=null
2019-10-04 11:03:42,412 [92b02bdd-9214-4414-a3a8-dc2f1111fcbb@group-18BF2BA7C508-LeaderElection2] INFO  impl.RoleInfo (RoleInfo.java:shutdownLeaderElection(134)) - 92b02bdd-9214-4414-a3a8-dc2f1111fcbb: shutdown LeaderElection
2019-10-04 11:03:42,412 [92b02bdd-9214-4414-a3a8-dc2f1111fcbb@group-18BF2BA7C508-LeaderElection2] INFO  impl.RaftServerImpl (RaftServerImpl.java:setRole(170)) - 92b02bdd-9214-4414-a3a8-dc2f1111fcbb@group-18BF2BA7C508: changes role from CANDIDATE to LEADER at term 1 for changeToLeader
2019-10-04 11:03:42,412 [92b02bdd-9214-4414-a3a8-dc2f1111fcbb@group-18BF2BA7C508-LeaderElection2] INFO  impl.RaftServerImpl (ServerState.java:setLeader(255)) - 92b02bdd-9214-4414-a3a8-dc2f1111fcbb@group-18BF2BA7C508: change Leader from null to 92b02bdd-9214-4414-a3a8-dc2f1111fcbb at term 1 for becomeLeader, leader elected after 5069ms
2019-10-04 11:03:42,414 [92b02bdd-9214-4414-a3a8-dc2f1111fcbb@group-18BF2BA7C508-LeaderElection2] INFO  server.RaftServerConfigKeys (ConfUtils.java:logGet(43)) - raft.server.staging.catchup.gap = 1000 (default)
2019-10-04 11:03:42,415 [92b02bdd-9214-4414-a3a8-dc2f1111fcbb@group-18BF2BA7C508-LeaderElection2] INFO  server.RaftServerConfigKeys (ConfUtils.java:logGet(43)) - raft.server.rpc.sleep.time = 25ms (default)
2019-10-04 11:03:42,415 [d7465086-8e37-45da-ad6f-a1f049a81ffa@group-F665172E6911-LeaderElection1] INFO  impl.RoleInfo (RoleInfo.java:updateAndGet(143)) - d7465086-8e37-45da-ad6f-a1f049a81ffa: start LeaderState
2019-10-04 11:03:42,415 [92b02bdd-9214-4414-a3a8-dc2f1111fcbb@group-18BF2BA7C508-LeaderElection2] INFO  server.RaftServerConfigKeys (ConfUtils.java:logGet(43)) - raft.server.write.element-limit = 4096 (default)
2019-10-04 11:03:42,415 [92b02bdd-9214-4414-a3a8-dc2f1111fcbb@group-18BF2BA7C508-LeaderElection2] INFO  server.RaftServerConfigKeys (ConfUtils.java:logGet(43)) - raft.server.watch.timeout = 10s (default)
2019-10-04 11:03:42,416 [92b02bdd-9214-4414-a3a8-dc2f1111fcbb@group-18BF2BA7C508-LeaderElection2] INFO  server.RaftServerConfigKeys (ConfUtils.java:logGet(43)) - raft.server.watch.timeout.denomination = 1s (default)
2019-10-04 11:03:42,416 [92b02bdd-9214-4414-a3a8-dc2f1111fcbb@group-18BF2BA7C508-LeaderElection2] INFO  server.RaftServerConfigKeys (ConfUtils.java:logGet(43)) - raft.server.watch.element-limit = 65536 (default)
2019-10-04 11:03:42,420 [92b02bdd-9214-4414-a3a8-dc2f1111fcbb@group-18BF2BA7C508-LeaderElection2] INFO  impl.RoleInfo (RoleInfo.java:updateAndGet(143)) - 92b02bdd-9214-4414-a3a8-dc2f1111fcbb: start LeaderState
2019-10-04 11:03:42,440 [d7465086-8e37-45da-ad6f-a1f049a81ffa@group-F665172E6911-LeaderElection1] INFO  segmented.SegmentedRaftLogWorker (SegmentedRaftLogWorker.java:startLogSegment(385)) - d7465086-8e37-45da-ad6f-a1f049a81ffa@group-F665172E6911-SegmentedRaftLogWorker: Starting segment from index:0
2019-10-04 11:03:42,440 [92b02bdd-9214-4414-a3a8-dc2f1111fcbb@group-18BF2BA7C508-LeaderElection2] INFO  segmented.SegmentedRaftLogWorker (SegmentedRaftLogWorker.java:startLogSegment(385)) - 92b02bdd-9214-4414-a3a8-dc2f1111fcbb@group-18BF2BA7C508-SegmentedRaftLogWorker: Starting segment from index:0
2019-10-04 11:03:42,451 [d7465086-8e37-45da-ad6f-a1f049a81ffa@group-F665172E6911-LeaderElection1] INFO  impl.RaftServerImpl (ServerState.java:setRaftConf(356)) - d7465086-8e37-45da-ad6f-a1f049a81ffa@group-F665172E6911: set configuration 0: [d7465086-8e37-45da-ad6f-a1f049a81ffa:192.168.151.72:33717], old=null at 0
2019-10-04 11:03:42,451 [92b02bdd-9214-4414-a3a8-dc2f1111fcbb@group-18BF2BA7C508-LeaderElection2] INFO  impl.RaftServerImpl (ServerState.java:setRaftConf(356)) - 92b02bdd-9214-4414-a3a8-dc2f1111fcbb@group-18BF2BA7C508: set configuration 0: [92b02bdd-9214-4414-a3a8-dc2f1111fcbb:192.168.151.72:44596], old=null at 0
2019-10-04 11:03:42,643 [d7465086-8e37-45da-ad6f-a1f049a81ffa@group-F665172E6911-SegmentedRaftLogWorker] INFO  segmented.SegmentedRaftLogWorker (SegmentedRaftLogWorker.java:execute(574)) - d7465086-8e37-45da-ad6f-a1f049a81ffa@group-F665172E6911-SegmentedRaftLogWorker: created new log segment /workdir/hadoop-ozone/integration-test/target/test-dir/MiniOzoneClusterImpl-bdcda2a2-f79e-402a-b66c-d7657acce112/datanode-0/data/ratis/7f26d436-79e6-4f11-92fe-f665172e6911/current/log_inprogress_0
2019-10-04 11:03:42,643 [92b02bdd-9214-4414-a3a8-dc2f1111fcbb@group-18BF2BA7C508-SegmentedRaftLogWorker] INFO  segmented.SegmentedRaftLogWorker (SegmentedRaftLogWorker.java:execute(574)) - 92b02bdd-9214-4414-a3a8-dc2f1111fcbb@group-18BF2BA7C508-SegmentedRaftLogWorker: created new log segment /workdir/hadoop-ozone/integration-test/target/test-dir/MiniOzoneClusterImpl-bdcda2a2-f79e-402a-b66c-d7657acce112/datanode-2/data/ratis/a2284835-15cf-4938-bdcd-18bf2ba7c508/current/log_inprogress_0
2019-10-04 11:03:42,663 [Thread-247] INFO  impl.FollowerState (FollowerState.java:run(108)) - 8e08b107-dcab-42d4-b054-a31f9cc9d2d3@group-FCA872E93D55-FollowerState: change to CANDIDATE, lastRpcTime:5171ms, electionTimeout:5171ms
2019-10-04 11:03:42,667 [Thread-247] INFO  impl.RoleInfo (RoleInfo.java:shutdownFollowerState(121)) - 8e08b107-dcab-42d4-b054-a31f9cc9d2d3: shutdown FollowerState
2019-10-04 11:03:42,667 [Thread-247] INFO  impl.RaftServerImpl (RaftServerImpl.java:setRole(170)) - 8e08b107-dcab-42d4-b054-a31f9cc9d2d3@group-FCA872E93D55: changes role from  FOLLOWER to CANDIDATE at term 0 for changeToCandidate
2019-10-04 11:03:42,667 [Thread-247] INFO  impl.RoleInfo (RoleInfo.java:updateAndGet(143)) - 8e08b107-dcab-42d4-b054-a31f9cc9d2d3: start LeaderElection
2019-10-04 11:03:42,685 [8e08b107-dcab-42d4-b054-a31f9cc9d2d3@group-FCA872E93D55-LeaderElection3] INFO  impl.LeaderElection (LeaderElection.java:askForVotes(178)) - 8e08b107-dcab-42d4-b054-a31f9cc9d2d3@group-FCA872E93D55-LeaderElection3: begin an election at term 1 for -1: [8e08b107-dcab-42d4-b054-a31f9cc9d2d3:192.168.151.72:39795], old=null
2019-10-04 11:03:42,687 [8e08b107-dcab-42d4-b054-a31f9cc9d2d3@group-FCA872E93D55-LeaderElection3] INFO  impl.RoleInfo (RoleInfo.java:shutdownLeaderElection(134)) - 8e08b107-dcab-42d4-b054-a31f9cc9d2d3: shutdown LeaderElection
2019-10-04 11:03:42,687 [8e08b107-dcab-42d4-b054-a31f9cc9d2d3@group-FCA872E93D55-LeaderElection3] INFO  impl.RaftServerImpl (RaftServerImpl.java:setRole(170)) - 8e08b107-dcab-42d4-b054-a31f9cc9d2d3@group-FCA872E93D55: changes role from CANDIDATE to LEADER at term 1 for changeToLeader
2019-10-04 11:03:42,687 [8e08b107-dcab-42d4-b054-a31f9cc9d2d3@group-FCA872E93D55-LeaderElection3] INFO  impl.RaftServerImpl (ServerState.java:setLeader(255)) - 8e08b107-dcab-42d4-b054-a31f9cc9d2d3@group-FCA872E93D55: change Leader from null to 8e08b107-dcab-42d4-b054-a31f9cc9d2d3 at term 1 for becomeLeader, leader elected after 5241ms
2019-10-04 11:03:42,689 [8e08b107-dcab-42d4-b054-a31f9cc9d2d3@group-FCA872E93D55-LeaderElection3] INFO  server.RaftServerConfigKeys (ConfUtils.java:logGet(43)) - raft.server.staging.catchup.gap = 1000 (default)
2019-10-04 11:03:42,689 [8e08b107-dcab-42d4-b054-a31f9cc9d2d3@group-FCA872E93D55-LeaderElection3] INFO  server.RaftServerConfigKeys (ConfUtils.java:logGet(43)) - raft.server.rpc.sleep.time = 25ms (default)
2019-10-04 11:03:42,689 [8e08b107-dcab-42d4-b054-a31f9cc9d2d3@group-FCA872E93D55-LeaderElection3] INFO  server.RaftServerConfigKeys (ConfUtils.java:logGet(43)) - raft.server.write.element-limit = 4096 (default)
2019-10-04 11:03:42,690 [8e08b107-dcab-42d4-b054-a31f9cc9d2d3@group-FCA872E93D55-LeaderElection3] INFO  server.RaftServerConfigKeys (ConfUtils.java:logGet(43)) - raft.server.watch.timeout = 10s (default)
2019-10-04 11:03:42,690 [8e08b107-dcab-42d4-b054-a31f9cc9d2d3@group-FCA872E93D55-LeaderElection3] INFO  server.RaftServerConfigKeys (ConfUtils.java:logGet(43)) - raft.server.watch.timeout.denomination = 1s (default)
2019-10-04 11:03:42,690 [8e08b107-dcab-42d4-b054-a31f9cc9d2d3@group-FCA872E93D55-LeaderElection3] INFO  server.RaftServerConfigKeys (ConfUtils.java:logGet(43)) - raft.server.watch.element-limit = 65536 (default)
2019-10-04 11:03:42,693 [8e08b107-dcab-42d4-b054-a31f9cc9d2d3@group-FCA872E93D55-LeaderElection3] INFO  impl.RoleInfo (RoleInfo.java:updateAndGet(143)) - 8e08b107-dcab-42d4-b054-a31f9cc9d2d3: start LeaderState
2019-10-04 11:03:42,693 [8e08b107-dcab-42d4-b054-a31f9cc9d2d3@group-FCA872E93D55-LeaderElection3] INFO  segmented.SegmentedRaftLogWorker (SegmentedRaftLogWorker.java:startLogSegment(385)) - 8e08b107-dcab-42d4-b054-a31f9cc9d2d3@group-FCA872E93D55-SegmentedRaftLogWorker: Starting segment from index:0
2019-10-04 11:03:42,694 [8e08b107-dcab-42d4-b054-a31f9cc9d2d3@group-FCA872E93D55-LeaderElection3] INFO  impl.RaftServerImpl (ServerState.java:setRaftConf(356)) - 8e08b107-dcab-42d4-b054-a31f9cc9d2d3@group-FCA872E93D55: set configuration 0: [8e08b107-dcab-42d4-b054-a31f9cc9d2d3:192.168.151.72:39795], old=null at 0
2019-10-04 11:03:42,732 [Thread-250] INFO  impl.FollowerState (FollowerState.java:run(108)) - ec04318c-0ef2-41b1-96f7-ad495db72f36@group-FC1B32A4E5B2-FollowerState: change to CANDIDATE, lastRpcTime:5163ms, electionTimeout:5126ms
2019-10-04 11:03:42,732 [Thread-250] INFO  impl.RoleInfo (RoleInfo.java:shutdownFollowerState(121)) - ec04318c-0ef2-41b1-96f7-ad495db72f36: shutdown FollowerState
2019-10-04 11:03:42,732 [Thread-250] INFO  impl.RaftServerImpl (RaftServerImpl.java:setRole(170)) - ec04318c-0ef2-41b1-96f7-ad495db72f36@group-FC1B32A4E5B2: changes role from  FOLLOWER to CANDIDATE at term 0 for changeToCandidate
2019-10-04 11:03:42,732 [Thread-250] INFO  impl.RoleInfo (RoleInfo.java:updateAndGet(143)) - ec04318c-0ef2-41b1-96f7-ad495db72f36: start LeaderElection
2019-10-04 11:03:42,744 [8e08b107-dcab-42d4-b054-a31f9cc9d2d3@group-FCA872E93D55-SegmentedRaftLogWorker] INFO  segmented.SegmentedRaftLogWorker (SegmentedRaftLogWorker.java:execute(574)) - 8e08b107-dcab-42d4-b054-a31f9cc9d2d3@group-FCA872E93D55-SegmentedRaftLogWorker: created new log segment /workdir/hadoop-ozone/integration-test/target/test-dir/MiniOzoneClusterImpl-bdcda2a2-f79e-402a-b66c-d7657acce112/datanode-1/data/ratis/5938c025-1838-44ac-a5cd-fca872e93d55/current/log_inprogress_0
2019-10-04 11:03:42,745 [ec04318c-0ef2-41b1-96f7-ad495db72f36@group-FC1B32A4E5B2-LeaderElection4] INFO  impl.LeaderElection (LeaderElection.java:askForVotes(178)) - ec04318c-0ef2-41b1-96f7-ad495db72f36@group-FC1B32A4E5B2-LeaderElection4: begin an election at term 1 for -1: [ec04318c-0ef2-41b1-96f7-ad495db72f36:192.168.151.72:42902], old=null
2019-10-04 11:03:42,745 [ec04318c-0ef2-41b1-96f7-ad495db72f36@group-FC1B32A4E5B2-LeaderElection4] INFO  impl.RoleInfo (RoleInfo.java:shutdownLeaderElection(134)) - ec04318c-0ef2-41b1-96f7-ad495db72f36: shutdown LeaderElection
2019-10-04 11:03:42,745 [ec04318c-0ef2-41b1-96f7-ad495db72f36@group-FC1B32A4E5B2-LeaderElection4] INFO  impl.RaftServerImpl (RaftServerImpl.java:setRole(170)) - ec04318c-0ef2-41b1-96f7-ad495db72f36@group-FC1B32A4E5B2: changes role from CANDIDATE to LEADER at term 1 for changeToLeader
2019-10-04 11:03:42,745 [ec04318c-0ef2-41b1-96f7-ad495db72f36@group-FC1B32A4E5B2-LeaderElection4] INFO  impl.RaftServerImpl (ServerState.java:setLeader(255)) - ec04318c-0ef2-41b1-96f7-ad495db72f36@group-FC1B32A4E5B2: change Leader from null to ec04318c-0ef2-41b1-96f7-ad495db72f36 at term 1 for becomeLeader, leader elected after 5192ms
2019-10-04 11:03:42,747 [ec04318c-0ef2-41b1-96f7-ad495db72f36@group-FC1B32A4E5B2-LeaderElection4] INFO  server.RaftServerConfigKeys (ConfUtils.java:logGet(43)) - raft.server.staging.catchup.gap = 1000 (default)
2019-10-04 11:03:42,748 [ec04318c-0ef2-41b1-96f7-ad495db72f36@group-FC1B32A4E5B2-LeaderElection4] INFO  server.RaftServerConfigKeys (ConfUtils.java:logGet(43)) - raft.server.rpc.sleep.time = 25ms (default)
2019-10-04 11:03:42,748 [ec04318c-0ef2-41b1-96f7-ad495db72f36@group-FC1B32A4E5B2-LeaderElection4] INFO  server.RaftServerConfigKeys (ConfUtils.java:logGet(43)) - raft.server.write.element-limit = 4096 (default)
2019-10-04 11:03:42,748 [ec04318c-0ef2-41b1-96f7-ad495db72f36@group-FC1B32A4E5B2-LeaderElection4] INFO  server.RaftServerConfigKeys (ConfUtils.java:logGet(43)) - raft.server.watch.timeout = 10s (default)
2019-10-04 11:03:42,748 [ec04318c-0ef2-41b1-96f7-ad495db72f36@group-FC1B32A4E5B2-LeaderElection4] INFO  server.RaftServerConfigKeys (ConfUtils.java:logGet(43)) - raft.server.watch.timeout.denomination = 1s (default)
2019-10-04 11:03:42,748 [ec04318c-0ef2-41b1-96f7-ad495db72f36@group-FC1B32A4E5B2-LeaderElection4] INFO  server.RaftServerConfigKeys (ConfUtils.java:logGet(43)) - raft.server.watch.element-limit = 65536 (default)
2019-10-04 11:03:42,752 [ec04318c-0ef2-41b1-96f7-ad495db72f36@group-FC1B32A4E5B2-LeaderElection4] INFO  impl.RoleInfo (RoleInfo.java:updateAndGet(143)) - ec04318c-0ef2-41b1-96f7-ad495db72f36: start LeaderState
2019-10-04 11:03:42,752 [ec04318c-0ef2-41b1-96f7-ad495db72f36@group-FC1B32A4E5B2-LeaderElection4] INFO  segmented.SegmentedRaftLogWorker (SegmentedRaftLogWorker.java:startLogSegment(385)) - ec04318c-0ef2-41b1-96f7-ad495db72f36@group-FC1B32A4E5B2-SegmentedRaftLogWorker: Starting segment from index:0
2019-10-04 11:03:42,753 [ec04318c-0ef2-41b1-96f7-ad495db72f36@group-FC1B32A4E5B2-LeaderElection4] INFO  impl.RaftServerImpl (ServerState.java:setRaftConf(356)) - ec04318c-0ef2-41b1-96f7-ad495db72f36@group-FC1B32A4E5B2: set configuration 0: [ec04318c-0ef2-41b1-96f7-ad495db72f36:192.168.151.72:42902], old=null at 0
2019-10-04 11:03:42,802 [ec04318c-0ef2-41b1-96f7-ad495db72f36@group-FC1B32A4E5B2-SegmentedRaftLogWorker] INFO  segmented.SegmentedRaftLogWorker (SegmentedRaftLogWorker.java:execute(574)) - ec04318c-0ef2-41b1-96f7-ad495db72f36@group-FC1B32A4E5B2-SegmentedRaftLogWorker: created new log segment /workdir/hadoop-ozone/integration-test/target/test-dir/MiniOzoneClusterImpl-bdcda2a2-f79e-402a-b66c-d7657acce112/datanode-6/data/ratis/acc3f121-0571-47ee-892c-fc1b32a4e5b2/current/log_inprogress_0
2019-10-04 11:03:42,805 [Thread-253] INFO  impl.FollowerState (FollowerState.java:run(108)) - 73c289eb-b8e4-41d6-9a9c-8e9834a31439@group-401839EEC28F-FollowerState: change to CANDIDATE, lastRpcTime:5132ms, electionTimeout:5132ms
2019-10-04 11:03:42,805 [Thread-253] INFO  impl.RoleInfo (RoleInfo.java:shutdownFollowerState(121)) - 73c289eb-b8e4-41d6-9a9c-8e9834a31439: shutdown FollowerState
2019-10-04 11:03:42,806 [Thread-253] INFO  impl.RaftServerImpl (RaftServerImpl.java:setRole(170)) - 73c289eb-b8e4-41d6-9a9c-8e9834a31439@group-401839EEC28F: changes role from  FOLLOWER to CANDIDATE at term 0 for changeToCandidate
2019-10-04 11:03:42,806 [Thread-253] INFO  impl.RoleInfo (RoleInfo.java:updateAndGet(143)) - 73c289eb-b8e4-41d6-9a9c-8e9834a31439: start LeaderElection
2019-10-04 11:03:42,816 [73c289eb-b8e4-41d6-9a9c-8e9834a31439@group-401839EEC28F-LeaderElection5] INFO  impl.LeaderElection (LeaderElection.java:askForVotes(178)) - 73c289eb-b8e4-41d6-9a9c-8e9834a31439@group-401839EEC28F-LeaderElection5: begin an election at term 1 for -1: [73c289eb-b8e4-41d6-9a9c-8e9834a31439:192.168.151.72:43003], old=null
2019-10-04 11:03:42,816 [73c289eb-b8e4-41d6-9a9c-8e9834a31439@group-401839EEC28F-LeaderElection5] INFO  impl.RoleInfo (RoleInfo.java:shutdownLeaderElection(134)) - 73c289eb-b8e4-41d6-9a9c-8e9834a31439: shutdown LeaderElection
2019-10-04 11:03:42,816 [73c289eb-b8e4-41d6-9a9c-8e9834a31439@group-401839EEC28F-LeaderElection5] INFO  impl.RaftServerImpl (RaftServerImpl.java:setRole(170)) - 73c289eb-b8e4-41d6-9a9c-8e9834a31439@group-401839EEC28F: changes role from CANDIDATE to LEADER at term 1 for changeToLeader
2019-10-04 11:03:42,816 [73c289eb-b8e4-41d6-9a9c-8e9834a31439@group-401839EEC28F-LeaderElection5] INFO  impl.RaftServerImpl (ServerState.java:setLeader(255)) - 73c289eb-b8e4-41d6-9a9c-8e9834a31439@group-401839EEC28F: change Leader from null to 73c289eb-b8e4-41d6-9a9c-8e9834a31439 at term 1 for becomeLeader, leader elected after 5157ms
2019-10-04 11:03:42,818 [73c289eb-b8e4-41d6-9a9c-8e9834a31439@group-401839EEC28F-LeaderElection5] INFO  server.RaftServerConfigKeys (ConfUtils.java:logGet(43)) - raft.server.staging.catchup.gap = 1000 (default)
2019-10-04 11:03:42,819 [73c289eb-b8e4-41d6-9a9c-8e9834a31439@group-401839EEC28F-LeaderElection5] INFO  server.RaftServerConfigKeys (ConfUtils.java:logGet(43)) - raft.server.rpc.sleep.time = 25ms (default)
2019-10-04 11:03:42,819 [73c289eb-b8e4-41d6-9a9c-8e9834a31439@group-401839EEC28F-LeaderElection5] INFO  server.RaftServerConfigKeys (ConfUtils.java:logGet(43)) - raft.server.write.element-limit = 4096 (default)
2019-10-04 11:03:42,819 [73c289eb-b8e4-41d6-9a9c-8e9834a31439@group-401839EEC28F-LeaderElection5] INFO  server.RaftServerConfigKeys (ConfUtils.java:logGet(43)) - raft.server.watch.timeout = 10s (default)
2019-10-04 11:03:42,819 [73c289eb-b8e4-41d6-9a9c-8e9834a31439@group-401839EEC28F-LeaderElection5] INFO  server.RaftServerConfigKeys (ConfUtils.java:logGet(43)) - raft.server.watch.timeout.denomination = 1s (default)
2019-10-04 11:03:42,819 [73c289eb-b8e4-41d6-9a9c-8e9834a31439@group-401839EEC28F-LeaderElection5] INFO  server.RaftServerConfigKeys (ConfUtils.java:logGet(43)) - raft.server.watch.element-limit = 65536 (default)
2019-10-04 11:03:42,822 [73c289eb-b8e4-41d6-9a9c-8e9834a31439@group-401839EEC28F-LeaderElection5] INFO  impl.RoleInfo (RoleInfo.java:updateAndGet(143)) - 73c289eb-b8e4-41d6-9a9c-8e9834a31439: start LeaderState
2019-10-04 11:03:42,823 [73c289eb-b8e4-41d6-9a9c-8e9834a31439@group-401839EEC28F-LeaderElection5] INFO  segmented.SegmentedRaftLogWorker (SegmentedRaftLogWorker.java:startLogSegment(385)) - 73c289eb-b8e4-41d6-9a9c-8e9834a31439@group-401839EEC28F-SegmentedRaftLogWorker: Starting segment from index:0
2019-10-04 11:03:42,823 [73c289eb-b8e4-41d6-9a9c-8e9834a31439@group-401839EEC28F-LeaderElection5] INFO  impl.RaftServerImpl (ServerState.java:setRaftConf(356)) - 73c289eb-b8e4-41d6-9a9c-8e9834a31439@group-401839EEC28F: set configuration 0: [73c289eb-b8e4-41d6-9a9c-8e9834a31439:192.168.151.72:43003], old=null at 0
2019-10-04 11:03:42,878 [73c289eb-b8e4-41d6-9a9c-8e9834a31439@group-401839EEC28F-SegmentedRaftLogWorker] INFO  segmented.SegmentedRaftLogWorker (SegmentedRaftLogWorker.java:execute(574)) - 73c289eb-b8e4-41d6-9a9c-8e9834a31439@group-401839EEC28F-SegmentedRaftLogWorker: created new log segment /workdir/hadoop-ozone/integration-test/target/test-dir/MiniOzoneClusterImpl-bdcda2a2-f79e-402a-b66c-d7657acce112/datanode-3/data/ratis/48f466bb-7e94-4db0-8d88-401839eec28f/current/log_inprogress_0
2019-10-04 11:03:42,901 [Thread-256] INFO  impl.FollowerState (FollowerState.java:run(108)) - c3a49559-2c85-48c8-9853-25dac91dd65f@group-28B49D07ED23-FollowerState: change to CANDIDATE, lastRpcTime:5121ms, electionTimeout:5121ms
2019-10-04 11:03:42,901 [Thread-256] INFO  impl.RoleInfo (RoleInfo.java:shutdownFollowerState(121)) - c3a49559-2c85-48c8-9853-25dac91dd65f: shutdown FollowerState
2019-10-04 11:03:42,902 [Thread-256] INFO  impl.RaftServerImpl (RaftServerImpl.java:setRole(170)) - c3a49559-2c85-48c8-9853-25dac91dd65f@group-28B49D07ED23: changes role from  FOLLOWER to CANDIDATE at term 0 for changeToCandidate
2019-10-04 11:03:42,902 [Thread-256] INFO  impl.RoleInfo (RoleInfo.java:updateAndGet(143)) - c3a49559-2c85-48c8-9853-25dac91dd65f: start LeaderElection
2019-10-04 11:03:42,928 [c3a49559-2c85-48c8-9853-25dac91dd65f@group-28B49D07ED23-LeaderElection6] INFO  impl.LeaderElection (LeaderElection.java:askForVotes(178)) - c3a49559-2c85-48c8-9853-25dac91dd65f@group-28B49D07ED23-LeaderElection6: begin an election at term 1 for -1: [c3a49559-2c85-48c8-9853-25dac91dd65f:192.168.151.72:44566], old=null
2019-10-04 11:03:42,928 [c3a49559-2c85-48c8-9853-25dac91dd65f@group-28B49D07ED23-LeaderElection6] INFO  impl.RoleInfo (RoleInfo.java:shutdownLeaderElection(134)) - c3a49559-2c85-48c8-9853-25dac91dd65f: shutdown LeaderElection
2019-10-04 11:03:42,929 [c3a49559-2c85-48c8-9853-25dac91dd65f@group-28B49D07ED23-LeaderElection6] INFO  impl.RaftServerImpl (RaftServerImpl.java:setRole(170)) - c3a49559-2c85-48c8-9853-25dac91dd65f@group-28B49D07ED23: changes role from CANDIDATE to LEADER at term 1 for changeToLeader
2019-10-04 11:03:42,929 [c3a49559-2c85-48c8-9853-25dac91dd65f@group-28B49D07ED23-LeaderElection6] INFO  impl.RaftServerImpl (ServerState.java:setLeader(255)) - c3a49559-2c85-48c8-9853-25dac91dd65f@group-28B49D07ED23: change Leader from null to c3a49559-2c85-48c8-9853-25dac91dd65f at term 1 for becomeLeader, leader elected after 5160ms
2019-10-04 11:03:42,932 [c3a49559-2c85-48c8-9853-25dac91dd65f@group-28B49D07ED23-LeaderElection6] INFO  server.RaftServerConfigKeys (ConfUtils.java:logGet(43)) - raft.server.staging.catchup.gap = 1000 (default)
2019-10-04 11:03:42,932 [c3a49559-2c85-48c8-9853-25dac91dd65f@group-28B49D07ED23-LeaderElection6] INFO  server.RaftServerConfigKeys (ConfUtils.java:logGet(43)) - raft.server.rpc.sleep.time = 25ms (default)
2019-10-04 11:03:42,932 [c3a49559-2c85-48c8-9853-25dac91dd65f@group-28B49D07ED23-LeaderElection6] INFO  server.RaftServerConfigKeys (ConfUtils.java:logGet(43)) - raft.server.write.element-limit = 4096 (default)
2019-10-04 11:03:42,933 [c3a49559-2c85-48c8-9853-25dac91dd65f@group-28B49D07ED23-LeaderElection6] INFO  server.RaftServerConfigKeys (ConfUtils.java:logGet(43)) - raft.server.watch.timeout = 10s (default)
2019-10-04 11:03:42,933 [c3a49559-2c85-48c8-9853-25dac91dd65f@group-28B49D07ED23-LeaderElection6] INFO  server.RaftServerConfigKeys (ConfUtils.java:logGet(43)) - raft.server.watch.timeout.denomination = 1s (default)
2019-10-04 11:03:42,933 [c3a49559-2c85-48c8-9853-25dac91dd65f@group-28B49D07ED23-LeaderElection6] INFO  server.RaftServerConfigKeys (ConfUtils.java:logGet(43)) - raft.server.watch.element-limit = 65536 (default)
2019-10-04 11:03:42,936 [c3a49559-2c85-48c8-9853-25dac91dd65f@group-28B49D07ED23-LeaderElection6] INFO  impl.RoleInfo (RoleInfo.java:updateAndGet(143)) - c3a49559-2c85-48c8-9853-25dac91dd65f: start LeaderState
2019-10-04 11:03:42,936 [c3a49559-2c85-48c8-9853-25dac91dd65f@group-28B49D07ED23-LeaderElection6] INFO  segmented.SegmentedRaftLogWorker (SegmentedRaftLogWorker.java:startLogSegment(385)) - c3a49559-2c85-48c8-9853-25dac91dd65f@group-28B49D07ED23-SegmentedRaftLogWorker: Starting segment from index:0
2019-10-04 11:03:42,937 [c3a49559-2c85-48c8-9853-25dac91dd65f@group-28B49D07ED23-LeaderElection6] INFO  impl.RaftServerImpl (ServerState.java:setRaftConf(356)) - c3a49559-2c85-48c8-9853-25dac91dd65f@group-28B49D07ED23: set configuration 0: [c3a49559-2c85-48c8-9853-25dac91dd65f:192.168.151.72:44566], old=null at 0
2019-10-04 11:03:42,990 [c3a49559-2c85-48c8-9853-25dac91dd65f@group-28B49D07ED23-SegmentedRaftLogWorker] INFO  segmented.SegmentedRaftLogWorker (SegmentedRaftLogWorker.java:execute(574)) - c3a49559-2c85-48c8-9853-25dac91dd65f@group-28B49D07ED23-SegmentedRaftLogWorker: created new log segment /workdir/hadoop-ozone/integration-test/target/test-dir/MiniOzoneClusterImpl-bdcda2a2-f79e-402a-b66c-d7657acce112/datanode-4/data/ratis/59b3ceab-1ef3-47be-9d82-28b49d07ed23/current/log_inprogress_0
2019-10-04 11:03:43,003 [Thread-264] INFO  impl.FollowerState (FollowerState.java:run(108)) - d7465086-8e37-45da-ad6f-a1f049a81ffa@group-EAD2D7C7D07D-FollowerState: change to CANDIDATE, lastRpcTime:5020ms, electionTimeout:5020ms
2019-10-04 11:03:43,004 [Thread-264] INFO  impl.RoleInfo (RoleInfo.java:shutdownFollowerState(121)) - d7465086-8e37-45da-ad6f-a1f049a81ffa: shutdown FollowerState
2019-10-04 11:03:43,004 [Thread-264] INFO  impl.RaftServerImpl (RaftServerImpl.java:setRole(170)) - d7465086-8e37-45da-ad6f-a1f049a81ffa@group-EAD2D7C7D07D: changes role from  FOLLOWER to CANDIDATE at term 0 for changeToCandidate
2019-10-04 11:03:43,004 [Thread-264] INFO  impl.RoleInfo (RoleInfo.java:updateAndGet(143)) - d7465086-8e37-45da-ad6f-a1f049a81ffa: start LeaderElection
2019-10-04 11:03:43,020 [d7465086-8e37-45da-ad6f-a1f049a81ffa@group-EAD2D7C7D07D-LeaderElection7] INFO  impl.LeaderElection (LeaderElection.java:askForVotes(178)) - d7465086-8e37-45da-ad6f-a1f049a81ffa@group-EAD2D7C7D07D-LeaderElection7: begin an election at term 1 for -1: [8e08b107-dcab-42d4-b054-a31f9cc9d2d3:192.168.151.72:39795, d7465086-8e37-45da-ad6f-a1f049a81ffa:192.168.151.72:33717, 92b02bdd-9214-4414-a3a8-dc2f1111fcbb:192.168.151.72:44596], old=null
2019-10-04 11:03:43,035 [Thread-267] INFO  impl.FollowerState (FollowerState.java:run(108)) - 92b02bdd-9214-4414-a3a8-dc2f1111fcbb@group-EAD2D7C7D07D-FollowerState: change to CANDIDATE, lastRpcTime:5045ms, electionTimeout:5045ms
2019-10-04 11:03:43,036 [Thread-267] INFO  impl.RoleInfo (RoleInfo.java:shutdownFollowerState(121)) - 92b02bdd-9214-4414-a3a8-dc2f1111fcbb: shutdown FollowerState
2019-10-04 11:03:43,036 [Thread-267] INFO  impl.RaftServerImpl (RaftServerImpl.java:setRole(170)) - 92b02bdd-9214-4414-a3a8-dc2f1111fcbb@group-EAD2D7C7D07D: changes role from  FOLLOWER to CANDIDATE at term 0 for changeToCandidate
2019-10-04 11:03:43,036 [Thread-267] INFO  impl.RoleInfo (RoleInfo.java:updateAndGet(143)) - 92b02bdd-9214-4414-a3a8-dc2f1111fcbb: start LeaderElection
2019-10-04 11:03:43,044 [Thread-259] INFO  impl.FollowerState (FollowerState.java:run(108)) - c0a2af5c-362e-41c1-9ce9-e555f06a55fa@group-CAE6C144B314-FollowerState: change to CANDIDATE, lastRpcTime:5171ms, electionTimeout:5171ms
2019-10-04 11:03:43,045 [Thread-259] INFO  impl.RoleInfo (RoleInfo.java:shutdownFollowerState(121)) - c0a2af5c-362e-41c1-9ce9-e555f06a55fa: shutdown FollowerState
2019-10-04 11:03:43,045 [Thread-259] INFO  impl.RaftServerImpl (RaftServerImpl.java:setRole(170)) - c0a2af5c-362e-41c1-9ce9-e555f06a55fa@group-CAE6C144B314: changes role from  FOLLOWER to CANDIDATE at term 0 for changeToCandidate
2019-10-04 11:03:43,045 [Thread-259] INFO  impl.RoleInfo (RoleInfo.java:updateAndGet(143)) - c0a2af5c-362e-41c1-9ce9-e555f06a55fa: start LeaderElection
2019-10-04 11:03:43,056 [92b02bdd-9214-4414-a3a8-dc2f1111fcbb@group-EAD2D7C7D07D-LeaderElection8] INFO  impl.LeaderElection (LeaderElection.java:askForVotes(178)) - 92b02bdd-9214-4414-a3a8-dc2f1111fcbb@group-EAD2D7C7D07D-LeaderElection8: begin an election at term 1 for -1: [8e08b107-dcab-42d4-b054-a31f9cc9d2d3:192.168.151.72:39795, d7465086-8e37-45da-ad6f-a1f049a81ffa:192.168.151.72:33717, 92b02bdd-9214-4414-a3a8-dc2f1111fcbb:192.168.151.72:44596], old=null
2019-10-04 11:03:43,071 [c0a2af5c-362e-41c1-9ce9-e555f06a55fa@group-CAE6C144B314-LeaderElection9] INFO  impl.LeaderElection (LeaderElection.java:askForVotes(178)) - c0a2af5c-362e-41c1-9ce9-e555f06a55fa@group-CAE6C144B314-LeaderElection9: begin an election at term 1 for -1: [c0a2af5c-362e-41c1-9ce9-e555f06a55fa:192.168.151.72:35487], old=null
2019-10-04 11:03:43,071 [grpc-default-executor-2] INFO  impl.RaftServerImpl (RaftServerImpl.java:setRole(170)) - 8e08b107-dcab-42d4-b054-a31f9cc9d2d3@group-EAD2D7C7D07D: changes role from  FOLLOWER to FOLLOWER at term 1 for recognizeCandidate:d7465086-8e37-45da-ad6f-a1f049a81ffa
2019-10-04 11:03:43,071 [c0a2af5c-362e-41c1-9ce9-e555f06a55fa@group-CAE6C144B314-LeaderElection9] INFO  impl.RoleInfo (RoleInfo.java:shutdownLeaderElection(134)) - c0a2af5c-362e-41c1-9ce9-e555f06a55fa: shutdown LeaderElection
2019-10-04 11:03:43,071 [grpc-default-executor-2] INFO  impl.RoleInfo (RoleInfo.java:shutdownFollowerState(121)) - 8e08b107-dcab-42d4-b054-a31f9cc9d2d3: shutdown FollowerState
2019-10-04 11:03:43,071 [c0a2af5c-362e-41c1-9ce9-e555f06a55fa@group-CAE6C144B314-LeaderElection9] INFO  impl.RaftServerImpl (RaftServerImpl.java:setRole(170)) - c0a2af5c-362e-41c1-9ce9-e555f06a55fa@group-CAE6C144B314: changes role from CANDIDATE to LEADER at term 1 for changeToLeader
2019-10-04 11:03:43,071 [grpc-default-executor-2] INFO  impl.RoleInfo (RoleInfo.java:updateAndGet(143)) - 8e08b107-dcab-42d4-b054-a31f9cc9d2d3: start FollowerState
2019-10-04 11:03:43,071 [c0a2af5c-362e-41c1-9ce9-e555f06a55fa@group-CAE6C144B314-LeaderElection9] INFO  impl.RaftServerImpl (ServerState.java:setLeader(255)) - c0a2af5c-362e-41c1-9ce9-e555f06a55fa@group-CAE6C144B314: change Leader from null to c0a2af5c-362e-41c1-9ce9-e555f06a55fa at term 1 for becomeLeader, leader elected after 5217ms
2019-10-04 11:03:43,071 [Thread-265] INFO  impl.FollowerState (FollowerState.java:run(117)) - 8e08b107-dcab-42d4-b054-a31f9cc9d2d3@group-EAD2D7C7D07D-FollowerState was interrupted: java.lang.InterruptedException: sleep interrupted
2019-10-04 11:03:43,074 [c0a2af5c-362e-41c1-9ce9-e555f06a55fa@group-CAE6C144B314-LeaderElection9] INFO  server.RaftServerConfigKeys (ConfUtils.java:logGet(43)) - raft.server.staging.catchup.gap = 1000 (default)
2019-10-04 11:03:43,077 [c0a2af5c-362e-41c1-9ce9-e555f06a55fa@group-CAE6C144B314-LeaderElection9] INFO  server.RaftServerConfigKeys (ConfUtils.java:logGet(43)) - raft.server.rpc.sleep.time = 25ms (default)
2019-10-04 11:03:43,077 [c0a2af5c-362e-41c1-9ce9-e555f06a55fa@group-CAE6C144B314-LeaderElection9] INFO  server.RaftServerConfigKeys (ConfUtils.java:logGet(43)) - raft.server.write.element-limit = 4096 (default)
2019-10-04 11:03:43,078 [c0a2af5c-362e-41c1-9ce9-e555f06a55fa@group-CAE6C144B314-LeaderElection9] INFO  server.RaftServerConfigKeys (ConfUtils.java:logGet(43)) - raft.server.watch.timeout = 10s (default)
2019-10-04 11:03:43,078 [c0a2af5c-362e-41c1-9ce9-e555f06a55fa@group-CAE6C144B314-LeaderElection9] INFO  server.RaftServerConfigKeys (ConfUtils.java:logGet(43)) - raft.server.watch.timeout.denomination = 1s (default)
2019-10-04 11:03:43,078 [c0a2af5c-362e-41c1-9ce9-e555f06a55fa@group-CAE6C144B314-LeaderElection9] INFO  server.RaftServerConfigKeys (ConfUtils.java:logGet(43)) - raft.server.watch.element-limit = 65536 (default)
2019-10-04 11:03:43,093 [c0a2af5c-362e-41c1-9ce9-e555f06a55fa@group-CAE6C144B314-LeaderElection9] INFO  impl.RoleInfo (RoleInfo.java:updateAndGet(143)) - c0a2af5c-362e-41c1-9ce9-e555f06a55fa: start LeaderState
2019-10-04 11:03:43,093 [c0a2af5c-362e-41c1-9ce9-e555f06a55fa@group-CAE6C144B314-LeaderElection9] INFO  segmented.SegmentedRaftLogWorker (SegmentedRaftLogWorker.java:startLogSegment(385)) - c0a2af5c-362e-41c1-9ce9-e555f06a55fa@group-CAE6C144B314-SegmentedRaftLogWorker: Starting segment from index:0
2019-10-04 11:03:43,096 [c0a2af5c-362e-41c1-9ce9-e555f06a55fa@group-CAE6C144B314-LeaderElection9] INFO  impl.RaftServerImpl (ServerState.java:setRaftConf(356)) - c0a2af5c-362e-41c1-9ce9-e555f06a55fa@group-CAE6C144B314: set configuration 0: [c0a2af5c-362e-41c1-9ce9-e555f06a55fa:192.168.151.72:35487], old=null at 0
2019-10-04 11:03:43,147 [c0a2af5c-362e-41c1-9ce9-e555f06a55fa@group-CAE6C144B314-SegmentedRaftLogWorker] INFO  segmented.SegmentedRaftLogWorker (SegmentedRaftLogWorker.java:execute(574)) - c0a2af5c-362e-41c1-9ce9-e555f06a55fa@group-CAE6C144B314-SegmentedRaftLogWorker: created new log segment /workdir/hadoop-ozone/integration-test/target/test-dir/MiniOzoneClusterImpl-bdcda2a2-f79e-402a-b66c-d7657acce112/datanode-5/data/ratis/845bf9cd-f274-4537-9841-cae6c144b314/current/log_inprogress_0
2019-10-04 11:03:43,151 [92b02bdd-9214-4414-a3a8-dc2f1111fcbb@group-EAD2D7C7D07D-LeaderElection8] INFO  impl.LeaderElection (LeaderElection.java:logAndReturn(56)) - 92b02bdd-9214-4414-a3a8-dc2f1111fcbb@group-EAD2D7C7D07D-LeaderElection8: Election REJECTED; received 2 response(s) [92b02bdd-9214-4414-a3a8-dc2f1111fcbb<-8e08b107-dcab-42d4-b054-a31f9cc9d2d3#0:FAIL-t1, 92b02bdd-9214-4414-a3a8-dc2f1111fcbb<-d7465086-8e37-45da-ad6f-a1f049a81ffa#0:FAIL-t1] and 0 exception(s); 92b02bdd-9214-4414-a3a8-dc2f1111fcbb@group-EAD2D7C7D07D:t1, leader=null, voted=92b02bdd-9214-4414-a3a8-dc2f1111fcbb, raftlog=92b02bdd-9214-4414-a3a8-dc2f1111fcbb@group-EAD2D7C7D07D-SegmentedRaftLog:OPENED:c-1,f-1,i0, conf=-1: [8e08b107-dcab-42d4-b054-a31f9cc9d2d3:192.168.151.72:39795, d7465086-8e37-45da-ad6f-a1f049a81ffa:192.168.151.72:33717, 92b02bdd-9214-4414-a3a8-dc2f1111fcbb:192.168.151.72:44596], old=null
2019-10-04 11:03:43,151 [d7465086-8e37-45da-ad6f-a1f049a81ffa@group-EAD2D7C7D07D-LeaderElection7] INFO  impl.LeaderElection (LeaderElection.java:logAndReturn(56)) - d7465086-8e37-45da-ad6f-a1f049a81ffa@group-EAD2D7C7D07D-LeaderElection7: Election PASSED; received 2 response(s) [d7465086-8e37-45da-ad6f-a1f049a81ffa<-8e08b107-dcab-42d4-b054-a31f9cc9d2d3#0:OK-t1, d7465086-8e37-45da-ad6f-a1f049a81ffa<-92b02bdd-9214-4414-a3a8-dc2f1111fcbb#0:FAIL-t1] and 0 exception(s); d7465086-8e37-45da-ad6f-a1f049a81ffa@group-EAD2D7C7D07D:t1, leader=null, voted=d7465086-8e37-45da-ad6f-a1f049a81ffa, raftlog=d7465086-8e37-45da-ad6f-a1f049a81ffa@group-EAD2D7C7D07D-SegmentedRaftLog:OPENED:c-1,f-1,i0, conf=-1: [8e08b107-dcab-42d4-b054-a31f9cc9d2d3:192.168.151.72:39795, d7465086-8e37-45da-ad6f-a1f049a81ffa:192.168.151.72:33717, 92b02bdd-9214-4414-a3a8-dc2f1111fcbb:192.168.151.72:44596], old=null
2019-10-04 11:03:43,151 [Thread-276] INFO  impl.FollowerState (FollowerState.java:run(108)) - ec04318c-0ef2-41b1-96f7-ad495db72f36@group-97ADA2A7536F-FollowerState: change to CANDIDATE, lastRpcTime:5020ms, electionTimeout:5020ms
2019-10-04 11:03:43,153 [d7465086-8e37-45da-ad6f-a1f049a81ffa@group-EAD2D7C7D07D-LeaderElection7] INFO  impl.RoleInfo (RoleInfo.java:shutdownLeaderElection(134)) - d7465086-8e37-45da-ad6f-a1f049a81ffa: shutdown LeaderElection
2019-10-04 11:03:43,156 [92b02bdd-9214-4414-a3a8-dc2f1111fcbb@group-EAD2D7C7D07D-LeaderElection8] INFO  impl.RaftServerImpl (RaftServerImpl.java:setRole(170)) - 92b02bdd-9214-4414-a3a8-dc2f1111fcbb@group-EAD2D7C7D07D: changes role from CANDIDATE to FOLLOWER at term 1 for DISCOVERED_A_NEW_TERM
2019-10-04 11:03:43,156 [d7465086-8e37-45da-ad6f-a1f049a81ffa@group-EAD2D7C7D07D-LeaderElection7] INFO  impl.RaftServerImpl (RaftServerImpl.java:setRole(170)) - d7465086-8e37-45da-ad6f-a1f049a81ffa@group-EAD2D7C7D07D: changes role from CANDIDATE to LEADER at term 1 for changeToLeader
2019-10-04 11:03:43,156 [Thread-276] INFO  impl.RoleInfo (RoleInfo.java:shutdownFollowerState(121)) - ec04318c-0ef2-41b1-96f7-ad495db72f36: shutdown FollowerState
2019-10-04 11:03:43,161 [d7465086-8e37-45da-ad6f-a1f049a81ffa@group-EAD2D7C7D07D-LeaderElection7] INFO  impl.RaftServerImpl (ServerState.java:setLeader(255)) - d7465086-8e37-45da-ad6f-a1f049a81ffa@group-EAD2D7C7D07D: change Leader from null to d7465086-8e37-45da-ad6f-a1f049a81ffa at term 1 for becomeLeader, leader elected after 5189ms
2019-10-04 11:03:43,156 [92b02bdd-9214-4414-a3a8-dc2f1111fcbb@group-EAD2D7C7D07D-LeaderElection8] INFO  impl.RoleInfo (RoleInfo.java:shutdownLeaderElection(134)) - 92b02bdd-9214-4414-a3a8-dc2f1111fcbb: shutdown LeaderElection
2019-10-04 11:03:43,165 [d7465086-8e37-45da-ad6f-a1f049a81ffa@group-EAD2D7C7D07D-LeaderElection7] INFO  server.RaftServerConfigKeys (ConfUtils.java:logGet(43)) - raft.server.staging.catchup.gap = 1000 (default)
2019-10-04 11:03:43,165 [Thread-276] INFO  impl.RaftServerImpl (RaftServerImpl.java:setRole(170)) - ec04318c-0ef2-41b1-96f7-ad495db72f36@group-97ADA2A7536F: changes role from  FOLLOWER to CANDIDATE at term 0 for changeToCandidate
2019-10-04 11:03:43,166 [d7465086-8e37-45da-ad6f-a1f049a81ffa@group-EAD2D7C7D07D-LeaderElection7] INFO  server.RaftServerConfigKeys (ConfUtils.java:logGet(43)) - raft.server.rpc.sleep.time = 25ms (default)
2019-10-04 11:03:43,166 [Thread-276] INFO  impl.RoleInfo (RoleInfo.java:updateAndGet(143)) - ec04318c-0ef2-41b1-96f7-ad495db72f36: start LeaderElection
2019-10-04 11:03:43,166 [92b02bdd-9214-4414-a3a8-dc2f1111fcbb@group-EAD2D7C7D07D-LeaderElection8] INFO  impl.RoleInfo (RoleInfo.java:updateAndGet(143)) - 92b02bdd-9214-4414-a3a8-dc2f1111fcbb: start FollowerState
2019-10-04 11:03:43,166 [d7465086-8e37-45da-ad6f-a1f049a81ffa@group-EAD2D7C7D07D-LeaderElection7] INFO  server.RaftServerConfigKeys (ConfUtils.java:logGet(43)) - raft.server.write.element-limit = 4096 (default)
2019-10-04 11:03:43,171 [d7465086-8e37-45da-ad6f-a1f049a81ffa@group-EAD2D7C7D07D-LeaderElection7] INFO  server.RaftServerConfigKeys (ConfUtils.java:logGet(43)) - raft.server.watch.timeout = 10s (default)
2019-10-04 11:03:43,173 [d7465086-8e37-45da-ad6f-a1f049a81ffa@group-EAD2D7C7D07D-LeaderElection7] INFO  server.RaftServerConfigKeys (ConfUtils.java:logGet(43)) - raft.server.watch.timeout.denomination = 1s (default)
2019-10-04 11:03:43,173 [d7465086-8e37-45da-ad6f-a1f049a81ffa@group-EAD2D7C7D07D-LeaderElection7] INFO  server.RaftServerConfigKeys (ConfUtils.java:logGet(43)) - raft.server.watch.element-limit = 65536 (default)
2019-10-04 11:03:43,181 [d7465086-8e37-45da-ad6f-a1f049a81ffa@group-EAD2D7C7D07D-LeaderElection7] INFO  server.RaftServerConfigKeys (ConfUtils.java:logGet(43)) - raft.server.log.appender.snapshot.chunk.size.max = 16MB (=16777216) (default)
2019-10-04 11:03:43,181 [d7465086-8e37-45da-ad6f-a1f049a81ffa@group-EAD2D7C7D07D-LeaderElection7] INFO  server.RaftServerConfigKeys (ConfUtils.java:logGet(43)) - raft.server.log.appender.buffer.byte-limit = 33554432 (custom)
2019-10-04 11:03:43,182 [d7465086-8e37-45da-ad6f-a1f049a81ffa@group-EAD2D7C7D07D-LeaderElection7] INFO  server.RaftServerConfigKeys (ConfUtils.java:logGet(43)) - raft.server.log.appender.buffer.element-limit = 1 (custom)
2019-10-04 11:03:43,186 [ec04318c-0ef2-41b1-96f7-ad495db72f36@group-97ADA2A7536F-LeaderElection10] INFO  impl.LeaderElection (LeaderElection.java:askForVotes(178)) - ec04318c-0ef2-41b1-96f7-ad495db72f36@group-97ADA2A7536F-LeaderElection10: begin an election at term 1 for -1: [c3a49559-2c85-48c8-9853-25dac91dd65f:192.168.151.72:44566, 73c289eb-b8e4-41d6-9a9c-8e9834a31439:192.168.151.72:43003, ec04318c-0ef2-41b1-96f7-ad495db72f36:192.168.151.72:42902], old=null
2019-10-04 11:03:43,187 [d7465086-8e37-45da-ad6f-a1f049a81ffa@group-EAD2D7C7D07D-LeaderElection7] INFO  grpc.GrpcConfigKeys$Server (ConfUtils.java:logGet(43)) - raft.grpc.server.leader.outstanding.appends.max = 128 (default)
2019-10-04 11:03:43,187 [d7465086-8e37-45da-ad6f-a1f049a81ffa@group-EAD2D7C7D07D-LeaderElection7] INFO  server.RaftServerConfigKeys (ConfUtils.java:logGet(43)) - raft.server.rpc.request.timeout = 3000ms (default)
2019-10-04 11:03:43,188 [d7465086-8e37-45da-ad6f-a1f049a81ffa@group-EAD2D7C7D07D-LeaderElection7] INFO  server.RaftServerConfigKeys (ConfUtils.java:logGet(43)) - raft.server.log.appender.install.snapshot.enabled = false (custom)
2019-10-04 11:03:43,195 [d7465086-8e37-45da-ad6f-a1f049a81ffa@group-EAD2D7C7D07D-LeaderElection7] INFO  server.RaftServerConfigKeys (ConfUtils.java:logGet(43)) - raft.server.log.appender.snapshot.chunk.size.max = 16MB (=16777216) (default)
2019-10-04 11:03:43,195 [d7465086-8e37-45da-ad6f-a1f049a81ffa@group-EAD2D7C7D07D-LeaderElection7] INFO  server.RaftServerConfigKeys (ConfUtils.java:logGet(43)) - raft.server.log.appender.buffer.byte-limit = 33554432 (custom)
2019-10-04 11:03:43,196 [d7465086-8e37-45da-ad6f-a1f049a81ffa@group-EAD2D7C7D07D-LeaderElection7] INFO  server.RaftServerConfigKeys (ConfUtils.java:logGet(43)) - raft.server.log.appender.buffer.element-limit = 1 (custom)
2019-10-04 11:03:43,196 [d7465086-8e37-45da-ad6f-a1f049a81ffa@group-EAD2D7C7D07D-LeaderElection7] INFO  grpc.GrpcConfigKeys$Server (ConfUtils.java:logGet(43)) - raft.grpc.server.leader.outstanding.appends.max = 128 (default)
2019-10-04 11:03:43,196 [d7465086-8e37-45da-ad6f-a1f049a81ffa@group-EAD2D7C7D07D-LeaderElection7] INFO  server.RaftServerConfigKeys (ConfUtils.java:logGet(43)) - raft.server.rpc.request.timeout = 3000ms (default)
2019-10-04 11:03:43,197 [d7465086-8e37-45da-ad6f-a1f049a81ffa@group-EAD2D7C7D07D-LeaderElection7] INFO  server.RaftServerConfigKeys (ConfUtils.java:logGet(43)) - raft.server.log.appender.install.snapshot.enabled = false (custom)
2019-10-04 11:03:43,199 [d7465086-8e37-45da-ad6f-a1f049a81ffa@group-EAD2D7C7D07D-LeaderElection7] INFO  impl.RoleInfo (RoleInfo.java:updateAndGet(143)) - d7465086-8e37-45da-ad6f-a1f049a81ffa: start LeaderState
2019-10-04 11:03:43,199 [d7465086-8e37-45da-ad6f-a1f049a81ffa@group-EAD2D7C7D07D-LeaderElection7] INFO  segmented.SegmentedRaftLogWorker (SegmentedRaftLogWorker.java:startLogSegment(385)) - d7465086-8e37-45da-ad6f-a1f049a81ffa@group-EAD2D7C7D07D-SegmentedRaftLogWorker: Starting segment from index:0
2019-10-04 11:03:43,243 [d7465086-8e37-45da-ad6f-a1f049a81ffa@group-EAD2D7C7D07D-LeaderElection7] INFO  impl.RaftServerImpl (ServerState.java:setRaftConf(356)) - d7465086-8e37-45da-ad6f-a1f049a81ffa@group-EAD2D7C7D07D: set configuration 0: [8e08b107-dcab-42d4-b054-a31f9cc9d2d3:192.168.151.72:39795, d7465086-8e37-45da-ad6f-a1f049a81ffa:192.168.151.72:33717, 92b02bdd-9214-4414-a3a8-dc2f1111fcbb:192.168.151.72:44596], old=null at 0
2019-10-04 11:03:43,243 [grpc-default-executor-2] INFO  impl.RaftServerImpl (RaftServerImpl.java:setRole(170)) - 73c289eb-b8e4-41d6-9a9c-8e9834a31439@group-97ADA2A7536F: changes role from  FOLLOWER to FOLLOWER at term 1 for recognizeCandidate:ec04318c-0ef2-41b1-96f7-ad495db72f36
2019-10-04 11:03:43,245 [grpc-default-executor-2] INFO  impl.RoleInfo (RoleInfo.java:shutdownFollowerState(121)) - 73c289eb-b8e4-41d6-9a9c-8e9834a31439: shutdown FollowerState
2019-10-04 11:03:43,243 [grpc-default-executor-3] INFO  impl.RaftServerImpl (RaftServerImpl.java:setRole(170)) - c3a49559-2c85-48c8-9853-25dac91dd65f@group-97ADA2A7536F: changes role from  FOLLOWER to FOLLOWER at term 1 for recognizeCandidate:ec04318c-0ef2-41b1-96f7-ad495db72f36
2019-10-04 11:03:43,246 [Thread-274] INFO  impl.FollowerState (FollowerState.java:run(117)) - 73c289eb-b8e4-41d6-9a9c-8e9834a31439@group-97ADA2A7536F-FollowerState was interrupted: java.lang.InterruptedException: sleep interrupted
2019-10-04 11:03:43,246 [grpc-default-executor-2] INFO  impl.RoleInfo (RoleInfo.java:updateAndGet(143)) - 73c289eb-b8e4-41d6-9a9c-8e9834a31439: start FollowerState
2019-10-04 11:03:43,246 [grpc-default-executor-3] INFO  impl.RoleInfo (RoleInfo.java:shutdownFollowerState(121)) - c3a49559-2c85-48c8-9853-25dac91dd65f: shutdown FollowerState
2019-10-04 11:03:43,249 [grpc-default-executor-3] INFO  impl.RoleInfo (RoleInfo.java:updateAndGet(143)) - c3a49559-2c85-48c8-9853-25dac91dd65f: start FollowerState
2019-10-04 11:03:43,253 [d7465086-8e37-45da-ad6f-a1f049a81ffa@group-EAD2D7C7D07D-SegmentedRaftLogWorker] INFO  segmented.SegmentedRaftLogWorker (SegmentedRaftLogWorker.java:execute(574)) - d7465086-8e37-45da-ad6f-a1f049a81ffa@group-EAD2D7C7D07D-SegmentedRaftLogWorker: created new log segment /workdir/hadoop-ozone/integration-test/target/test-dir/MiniOzoneClusterImpl-bdcda2a2-f79e-402a-b66c-d7657acce112/datanode-0/data/ratis/e9fea200-79f8-4974-aef1-ead2d7c7d07d/current/log_inprogress_0
2019-10-04 11:03:43,265 [ec04318c-0ef2-41b1-96f7-ad495db72f36@group-97ADA2A7536F-LeaderElection10] INFO  impl.LeaderElection (LeaderElection.java:logAndReturn(56)) - ec04318c-0ef2-41b1-96f7-ad495db72f36@group-97ADA2A7536F-LeaderElection10: Election PASSED; received 1 response(s) [ec04318c-0ef2-41b1-96f7-ad495db72f36<-73c289eb-b8e4-41d6-9a9c-8e9834a31439#0:OK-t1] and 0 exception(s); ec04318c-0ef2-41b1-96f7-ad495db72f36@group-97ADA2A7536F:t1, leader=null, voted=ec04318c-0ef2-41b1-96f7-ad495db72f36, raftlog=ec04318c-0ef2-41b1-96f7-ad495db72f36@group-97ADA2A7536F-SegmentedRaftLog:OPENED:c-1,f-1,i0, conf=-1: [c3a49559-2c85-48c8-9853-25dac91dd65f:192.168.151.72:44566, 73c289eb-b8e4-41d6-9a9c-8e9834a31439:192.168.151.72:43003, ec04318c-0ef2-41b1-96f7-ad495db72f36:192.168.151.72:42902], old=null
2019-10-04 11:03:43,266 [ec04318c-0ef2-41b1-96f7-ad495db72f36@group-97ADA2A7536F-LeaderElection10] INFO  impl.RoleInfo (RoleInfo.java:shutdownLeaderElection(134)) - ec04318c-0ef2-41b1-96f7-ad495db72f36: shutdown LeaderElection
2019-10-04 11:03:43,270 [ec04318c-0ef2-41b1-96f7-ad495db72f36@group-97ADA2A7536F-LeaderElection10] INFO  impl.RaftServerImpl (RaftServerImpl.java:setRole(170)) - ec04318c-0ef2-41b1-96f7-ad495db72f36@group-97ADA2A7536F: changes role from CANDIDATE to LEADER at term 1 for changeToLeader
2019-10-04 11:03:43,270 [ec04318c-0ef2-41b1-96f7-ad495db72f36@group-97ADA2A7536F-LeaderElection10] INFO  impl.RaftServerImpl (ServerState.java:setLeader(255)) - ec04318c-0ef2-41b1-96f7-ad495db72f36@group-97ADA2A7536F: change Leader from null to ec04318c-0ef2-41b1-96f7-ad495db72f36 at term 1 for becomeLeader, leader elected after 5155ms
2019-10-04 11:03:43,271 [ec04318c-0ef2-41b1-96f7-ad495db72f36@group-97ADA2A7536F-LeaderElection10] INFO  server.RaftServerConfigKeys (ConfUtils.java:logGet(43)) - raft.server.staging.catchup.gap = 1000 (default)
2019-10-04 11:03:43,271 [ec04318c-0ef2-41b1-96f7-ad495db72f36@group-97ADA2A7536F-LeaderElection10] INFO  server.RaftServerConfigKeys (ConfUtils.java:logGet(43)) - raft.server.rpc.sleep.time = 25ms (default)
2019-10-04 11:03:43,273 [ec04318c-0ef2-41b1-96f7-ad495db72f36@group-97ADA2A7536F-LeaderElection10] INFO  server.RaftServerConfigKeys (ConfUtils.java:logGet(43)) - raft.server.write.element-limit = 4096 (default)
2019-10-04 11:03:43,273 [ec04318c-0ef2-41b1-96f7-ad495db72f36@group-97ADA2A7536F-LeaderElection10] INFO  server.RaftServerConfigKeys (ConfUtils.java:logGet(43)) - raft.server.watch.timeout = 10s (default)
2019-10-04 11:03:43,274 [ec04318c-0ef2-41b1-96f7-ad495db72f36@group-97ADA2A7536F-LeaderElection10] INFO  server.RaftServerConfigKeys (ConfUtils.java:logGet(43)) - raft.server.watch.timeout.denomination = 1s (default)
2019-10-04 11:03:43,274 [ec04318c-0ef2-41b1-96f7-ad495db72f36@group-97ADA2A7536F-LeaderElection10] INFO  server.RaftServerConfigKeys (ConfUtils.java:logGet(43)) - raft.server.watch.element-limit = 65536 (default)
2019-10-04 11:03:43,282 [ec04318c-0ef2-41b1-96f7-ad495db72f36@group-97ADA2A7536F-LeaderElection10] INFO  server.RaftServerConfigKeys (ConfUtils.java:logGet(43)) - raft.server.log.appender.snapshot.chunk.size.max = 16MB (=16777216) (default)
2019-10-04 11:03:43,283 [ec04318c-0ef2-41b1-96f7-ad495db72f36@group-97ADA2A7536F-LeaderElection10] INFO  server.RaftServerConfigKeys (ConfUtils.java:logGet(43)) - raft.server.log.appender.buffer.byte-limit = 33554432 (custom)
2019-10-04 11:03:43,283 [ec04318c-0ef2-41b1-96f7-ad495db72f36@group-97ADA2A7536F-LeaderElection10] INFO  server.RaftServerConfigKeys (ConfUtils.java:logGet(43)) - raft.server.log.appender.buffer.element-limit = 1 (custom)
2019-10-04 11:03:43,284 [ec04318c-0ef2-41b1-96f7-ad495db72f36@group-97ADA2A7536F-LeaderElection10] INFO  grpc.GrpcConfigKeys$Server (ConfUtils.java:logGet(43)) - raft.grpc.server.leader.outstanding.appends.max = 128 (default)
2019-10-04 11:03:43,286 [ec04318c-0ef2-41b1-96f7-ad495db72f36@group-97ADA2A7536F-LeaderElection10] INFO  server.RaftServerConfigKeys (ConfUtils.java:logGet(43)) - raft.server.rpc.request.timeout = 3000ms (default)
2019-10-04 11:03:43,287 [ec04318c-0ef2-41b1-96f7-ad495db72f36@group-97ADA2A7536F-LeaderElection10] INFO  server.RaftServerConfigKeys (ConfUtils.java:logGet(43)) - raft.server.log.appender.install.snapshot.enabled = false (custom)
2019-10-04 11:03:43,287 [ec04318c-0ef2-41b1-96f7-ad495db72f36@group-97ADA2A7536F-LeaderElection10] INFO  server.RaftServerConfigKeys (ConfUtils.java:logGet(43)) - raft.server.log.appender.snapshot.chunk.size.max = 16MB (=16777216) (default)
2019-10-04 11:03:43,288 [ec04318c-0ef2-41b1-96f7-ad495db72f36@group-97ADA2A7536F-LeaderElection10] INFO  server.RaftServerConfigKeys (ConfUtils.java:logGet(43)) - raft.server.log.appender.buffer.byte-limit = 33554432 (custom)
2019-10-04 11:03:43,288 [ec04318c-0ef2-41b1-96f7-ad495db72f36@group-97ADA2A7536F-LeaderElection10] INFO  server.RaftServerConfigKeys (ConfUtils.java:logGet(43)) - raft.server.log.appender.buffer.element-limit = 1 (custom)
2019-10-04 11:03:43,291 [ec04318c-0ef2-41b1-96f7-ad495db72f36@group-97ADA2A7536F-LeaderElection10] INFO  grpc.GrpcConfigKeys$Server (ConfUtils.java:logGet(43)) - raft.grpc.server.leader.outstanding.appends.max = 128 (default)
2019-10-04 11:03:43,291 [ec04318c-0ef2-41b1-96f7-ad495db72f36@group-97ADA2A7536F-LeaderElection10] INFO  server.RaftServerConfigKeys (ConfUtils.java:logGet(43)) - raft.server.rpc.request.timeout = 3000ms (default)
2019-10-04 11:03:43,291 [ec04318c-0ef2-41b1-96f7-ad495db72f36@group-97ADA2A7536F-LeaderElection10] INFO  server.RaftServerConfigKeys (ConfUtils.java:logGet(43)) - raft.server.log.appender.install.snapshot.enabled = false (custom)
2019-10-04 11:03:43,292 [ec04318c-0ef2-41b1-96f7-ad495db72f36@group-97ADA2A7536F-LeaderElection10] INFO  impl.RoleInfo (RoleInfo.java:updateAndGet(143)) - ec04318c-0ef2-41b1-96f7-ad495db72f36: start LeaderState
2019-10-04 11:03:43,297 [grpc-default-executor-2] INFO  impl.RaftServerImpl (ServerState.java:setLeader(255)) - 92b02bdd-9214-4414-a3a8-dc2f1111fcbb@group-EAD2D7C7D07D: change Leader from null to d7465086-8e37-45da-ad6f-a1f049a81ffa at term 1 for appendEntries, leader elected after 5321ms
2019-10-04 11:03:43,299 [ec04318c-0ef2-41b1-96f7-ad495db72f36@group-97ADA2A7536F-LeaderElection10] INFO  segmented.SegmentedRaftLogWorker (SegmentedRaftLogWorker.java:startLogSegment(385)) - ec04318c-0ef2-41b1-96f7-ad495db72f36@group-97ADA2A7536F-SegmentedRaftLogWorker: Starting segment from index:0
2019-10-04 11:03:43,299 [grpc-default-executor-3] INFO  impl.RaftServerImpl (ServerState.java:setLeader(255)) - 8e08b107-dcab-42d4-b054-a31f9cc9d2d3@group-EAD2D7C7D07D: change Leader from null to d7465086-8e37-45da-ad6f-a1f049a81ffa at term 1 for appendEntries, leader elected after 5327ms
2019-10-04 11:03:43,300 [ec04318c-0ef2-41b1-96f7-ad495db72f36@group-97ADA2A7536F-LeaderElection10] INFO  impl.RaftServerImpl (ServerState.java:setRaftConf(356)) - ec04318c-0ef2-41b1-96f7-ad495db72f36@group-97ADA2A7536F: set configuration 0: [c3a49559-2c85-48c8-9853-25dac91dd65f:192.168.151.72:44566, 73c289eb-b8e4-41d6-9a9c-8e9834a31439:192.168.151.72:43003, ec04318c-0ef2-41b1-96f7-ad495db72f36:192.168.151.72:42902], old=null at 0
2019-10-04 11:03:43,369 [grpc-default-executor-0] INFO  impl.RaftServerImpl (ServerState.java:setLeader(255)) - c3a49559-2c85-48c8-9853-25dac91dd65f@group-97ADA2A7536F: change Leader from null to ec04318c-0ef2-41b1-96f7-ad495db72f36 at term 1 for appendEntries, leader elected after 5250ms
2019-10-04 11:03:43,369 [grpc-default-executor-4] INFO  impl.RaftServerImpl (ServerState.java:setLeader(255)) - 73c289eb-b8e4-41d6-9a9c-8e9834a31439@group-97ADA2A7536F: change Leader from null to ec04318c-0ef2-41b1-96f7-ad495db72f36 at term 1 for appendEntries, leader elected after 5252ms
2019-10-04 11:03:43,369 [ec04318c-0ef2-41b1-96f7-ad495db72f36@group-97ADA2A7536F-SegmentedRaftLogWorker] INFO  segmented.SegmentedRaftLogWorker (SegmentedRaftLogWorker.java:execute(574)) - ec04318c-0ef2-41b1-96f7-ad495db72f36@group-97ADA2A7536F-SegmentedRaftLogWorker: created new log segment /workdir/hadoop-ozone/integration-test/target/test-dir/MiniOzoneClusterImpl-bdcda2a2-f79e-402a-b66c-d7657acce112/datanode-6/data/ratis/4a1e040f-36de-4c13-bebc-97ada2a7536f/current/log_inprogress_0
2019-10-04 11:03:43,406 [grpc-default-executor-2] INFO  impl.RaftServerImpl (ServerState.java:setRaftConf(356)) - 92b02bdd-9214-4414-a3a8-dc2f1111fcbb@group-EAD2D7C7D07D: set configuration 0: [8e08b107-dcab-42d4-b054-a31f9cc9d2d3:192.168.151.72:39795, d7465086-8e37-45da-ad6f-a1f049a81ffa:192.168.151.72:33717, 92b02bdd-9214-4414-a3a8-dc2f1111fcbb:192.168.151.72:44596], old=null at 0
2019-10-04 11:03:43,407 [grpc-default-executor-4] INFO  impl.RaftServerImpl (ServerState.java:setRaftConf(356)) - 8e08b107-dcab-42d4-b054-a31f9cc9d2d3@group-EAD2D7C7D07D: set configuration 0: [8e08b107-dcab-42d4-b054-a31f9cc9d2d3:192.168.151.72:39795, d7465086-8e37-45da-ad6f-a1f049a81ffa:192.168.151.72:33717, 92b02bdd-9214-4414-a3a8-dc2f1111fcbb:192.168.151.72:44596], old=null at 0
2019-10-04 11:03:43,407 [grpc-default-executor-0] INFO  impl.RaftServerImpl (ServerState.java:setRaftConf(356)) - c3a49559-2c85-48c8-9853-25dac91dd65f@group-97ADA2A7536F: set configuration 0: [c3a49559-2c85-48c8-9853-25dac91dd65f:192.168.151.72:44566, 73c289eb-b8e4-41d6-9a9c-8e9834a31439:192.168.151.72:43003, ec04318c-0ef2-41b1-96f7-ad495db72f36:192.168.151.72:42902], old=null at 0
2019-10-04 11:03:43,407 [grpc-default-executor-3] INFO  impl.RaftServerImpl (ServerState.java:setRaftConf(356)) - 73c289eb-b8e4-41d6-9a9c-8e9834a31439@group-97ADA2A7536F: set configuration 0: [c3a49559-2c85-48c8-9853-25dac91dd65f:192.168.151.72:44566, 73c289eb-b8e4-41d6-9a9c-8e9834a31439:192.168.151.72:43003, ec04318c-0ef2-41b1-96f7-ad495db72f36:192.168.151.72:42902], old=null at 0
2019-10-04 11:03:43,408 [grpc-default-executor-0] INFO  segmented.SegmentedRaftLogWorker (SegmentedRaftLogWorker.java:startLogSegment(385)) - c3a49559-2c85-48c8-9853-25dac91dd65f@group-97ADA2A7536F-SegmentedRaftLogWorker: Starting segment from index:0
2019-10-04 11:03:43,407 [grpc-default-executor-4] INFO  segmented.SegmentedRaftLogWorker (SegmentedRaftLogWorker.java:startLogSegment(385)) - 8e08b107-dcab-42d4-b054-a31f9cc9d2d3@group-EAD2D7C7D07D-SegmentedRaftLogWorker: Starting segment from index:0
2019-10-04 11:03:43,407 [grpc-default-executor-2] INFO  segmented.SegmentedRaftLogWorker (SegmentedRaftLogWorker.java:startLogSegment(385)) - 92b02bdd-9214-4414-a3a8-dc2f1111fcbb@group-EAD2D7C7D07D-SegmentedRaftLogWorker: Starting segment from index:0
2019-10-04 11:03:43,408 [grpc-default-executor-3] INFO  segmented.SegmentedRaftLogWorker (SegmentedRaftLogWorker.java:startLogSegment(385)) - 73c289eb-b8e4-41d6-9a9c-8e9834a31439@group-97ADA2A7536F-SegmentedRaftLogWorker: Starting segment from index:0
2019-10-04 11:03:43,471 [73c289eb-b8e4-41d6-9a9c-8e9834a31439@group-97ADA2A7536F-SegmentedRaftLogWorker] INFO  segmented.SegmentedRaftLogWorker (SegmentedRaftLogWorker.java:execute(574)) - 73c289eb-b8e4-41d6-9a9c-8e9834a31439@group-97ADA2A7536F-SegmentedRaftLogWorker: created new log segment /workdir/hadoop-ozone/integration-test/target/test-dir/MiniOzoneClusterImpl-bdcda2a2-f79e-402a-b66c-d7657acce112/datanode-3/data/ratis/4a1e040f-36de-4c13-bebc-97ada2a7536f/current/log_inprogress_0
2019-10-04 11:03:43,471 [8e08b107-dcab-42d4-b054-a31f9cc9d2d3@group-EAD2D7C7D07D-SegmentedRaftLogWorker] INFO  segmented.SegmentedRaftLogWorker (SegmentedRaftLogWorker.java:execute(574)) - 8e08b107-dcab-42d4-b054-a31f9cc9d2d3@group-EAD2D7C7D07D-SegmentedRaftLogWorker: created new log segment /workdir/hadoop-ozone/integration-test/target/test-dir/MiniOzoneClusterImpl-bdcda2a2-f79e-402a-b66c-d7657acce112/datanode-1/data/ratis/e9fea200-79f8-4974-aef1-ead2d7c7d07d/current/log_inprogress_0
2019-10-04 11:03:43,471 [92b02bdd-9214-4414-a3a8-dc2f1111fcbb@group-EAD2D7C7D07D-SegmentedRaftLogWorker] INFO  segmented.SegmentedRaftLogWorker (SegmentedRaftLogWorker.java:execute(574)) - 92b02bdd-9214-4414-a3a8-dc2f1111fcbb@group-EAD2D7C7D07D-SegmentedRaftLogWorker: created new log segment /workdir/hadoop-ozone/integration-test/target/test-dir/MiniOzoneClusterImpl-bdcda2a2-f79e-402a-b66c-d7657acce112/datanode-2/data/ratis/e9fea200-79f8-4974-aef1-ead2d7c7d07d/current/log_inprogress_0
2019-10-04 11:03:43,471 [c3a49559-2c85-48c8-9853-25dac91dd65f@group-97ADA2A7536F-SegmentedRaftLogWorker] INFO  segmented.SegmentedRaftLogWorker (SegmentedRaftLogWorker.java:execute(574)) - c3a49559-2c85-48c8-9853-25dac91dd65f@group-97ADA2A7536F-SegmentedRaftLogWorker: created new log segment /workdir/hadoop-ozone/integration-test/target/test-dir/MiniOzoneClusterImpl-bdcda2a2-f79e-402a-b66c-d7657acce112/datanode-4/data/ratis/4a1e040f-36de-4c13-bebc-97ada2a7536f/current/log_inprogress_0
2019-10-04 11:03:44,660 [Datanode State Machine Thread - 0] INFO  statemachine.DatanodeStateMachine (DatanodeStateMachine.java:lambda$startDaemon$0(350)) - Ozone container server started.
2019-10-04 11:03:48,721 [main] INFO  ozoneimpl.OzoneContainer (OzoneContainer.java:stop(231)) - Attempting to stop container services.
2019-10-04 11:03:48,723 [main] INFO  impl.RaftServerProxy (RaftServerProxy.java:lambda$close$4(314)) - d7465086-8e37-45da-ad6f-a1f049a81ffa: close
2019-10-04 11:03:48,727 [ForkJoinPool.commonPool-worker-0] INFO  impl.RaftServerImpl (RaftServerImpl.java:lambda$shutdown$3(247)) - d7465086-8e37-45da-ad6f-a1f049a81ffa@group-EAD2D7C7D07D: shutdown
2019-10-04 11:03:48,727 [main] INFO  impl.RaftServerImpl (RaftServerImpl.java:lambda$shutdown$3(247)) - d7465086-8e37-45da-ad6f-a1f049a81ffa@group-F665172E6911: shutdown
2019-10-04 11:03:48,728 [ForkJoinPool.commonPool-worker-0] INFO  util.JmxRegister (JmxRegister.java:unregister(73)) - Successfully un-registered JMX Bean with object name Ratis:service=RaftServer,group=group-EAD2D7C7D07D,id=d7465086-8e37-45da-ad6f-a1f049a81ffa
2019-10-04 11:03:48,728 [main] INFO  util.JmxRegister (JmxRegister.java:unregister(73)) - Successfully un-registered JMX Bean with object name Ratis:service=RaftServer,group=group-F665172E6911,id=d7465086-8e37-45da-ad6f-a1f049a81ffa
2019-10-04 11:03:48,728 [ForkJoinPool.commonPool-worker-0] INFO  impl.RoleInfo (RoleInfo.java:shutdownLeaderState(104)) - d7465086-8e37-45da-ad6f-a1f049a81ffa: shutdown LeaderState
2019-10-04 11:03:48,729 [main] INFO  impl.RoleInfo (RoleInfo.java:shutdownLeaderState(104)) - d7465086-8e37-45da-ad6f-a1f049a81ffa: shutdown LeaderState
2019-10-04 11:03:48,735 [org.apache.ratis.server.impl.LogAppender$AppenderDaemon$$Lambda$535/258640098@4222a42b] WARN  server.GrpcLogAppender (GrpcLogAppender.java:mayWait(143)) - d7465086-8e37-45da-ad6f-a1f049a81ffa@group-EAD2D7C7D07D->92b02bdd-9214-4414-a3a8-dc2f1111fcbb-GrpcLogAppender: Wait interrupted by java.lang.InterruptedException
2019-10-04 11:03:48,738 [main] INFO  impl.PendingRequests (PendingRequests.java:sendNotLeaderResponses(202)) - d7465086-8e37-45da-ad6f-a1f049a81ffa@group-F665172E6911-PendingRequests: sendNotLeaderResponses
2019-10-04 11:03:48,738 [ForkJoinPool.commonPool-worker-0] INFO  impl.PendingRequests (PendingRequests.java:sendNotLeaderResponses(202)) - d7465086-8e37-45da-ad6f-a1f049a81ffa@group-EAD2D7C7D07D-PendingRequests: sendNotLeaderResponses
2019-10-04 11:03:48,735 [org.apache.ratis.server.impl.LogAppender$AppenderDaemon$$Lambda$535/258640098@30f907be] WARN  server.GrpcLogAppender (GrpcLogAppender.java:mayWait(143)) - d7465086-8e37-45da-ad6f-a1f049a81ffa@group-EAD2D7C7D07D->8e08b107-dcab-42d4-b054-a31f9cc9d2d3-GrpcLogAppender: Wait interrupted by java.lang.InterruptedException
2019-10-04 11:03:48,752 [grpc-default-executor-4] INFO  server.GrpcServerProtocolService (GrpcServerProtocolService.java:onCompleted(113)) - 8e08b107-dcab-42d4-b054-a31f9cc9d2d3: Completed APPEND_ENTRIES, lastRequest: d7465086-8e37-45da-ad6f-a1f049a81ffa->8e08b107-dcab-42d4-b054-a31f9cc9d2d3#5-t1, previous=(t:1, i:2), leaderCommit=2, initializing? false, entries: <empty>
2019-10-04 11:03:48,754 [ForkJoinPool.commonPool-worker-0] INFO  impl.StateMachineUpdater (StateMachineUpdater.java:stopAndJoin(136)) - d7465086-8e37-45da-ad6f-a1f049a81ffa@group-EAD2D7C7D07D-StateMachineUpdater: set stopIndex = 2
2019-10-04 11:03:48,754 [main] INFO  impl.StateMachineUpdater (StateMachineUpdater.java:stopAndJoin(136)) - d7465086-8e37-45da-ad6f-a1f049a81ffa@group-F665172E6911-StateMachineUpdater: set stopIndex = 0
2019-10-04 11:03:48,757 [main] INFO  impl.RaftServerImpl (ServerState.java:close(387)) - d7465086-8e37-45da-ad6f-a1f049a81ffa@group-F665172E6911: closes. applyIndex: 0
2019-10-04 11:03:48,752 [grpc-default-executor-3] INFO  server.GrpcServerProtocolService (GrpcServerProtocolService.java:onCompleted(113)) - 92b02bdd-9214-4414-a3a8-dc2f1111fcbb: Completed APPEND_ENTRIES, lastRequest: d7465086-8e37-45da-ad6f-a1f049a81ffa->92b02bdd-9214-4414-a3a8-dc2f1111fcbb#5-t1, previous=(t:1, i:2), leaderCommit=2, initializing? false, entries: <empty>
2019-10-04 11:03:48,760 [grpc-default-executor-4] INFO  server.GrpcLogAppender (GrpcLogAppender.java:onCompleted(293)) - d7465086-8e37-45da-ad6f-a1f049a81ffa@group-EAD2D7C7D07D->8e08b107-dcab-42d4-b054-a31f9cc9d2d3-AppendLogResponseHandler: follower responses appendEntries COMPLETED
2019-10-04 11:03:48,757 [d7465086-8e37-45da-ad6f-a1f049a81ffa@group-EAD2D7C7D07D-StateMachineUpdater] INFO  ratis.ContainerStateMachine (ContainerStateMachine.java:takeSnapshot(293)) - group-EAD2D7C7D07D: Taking a snapshot at:(t:1, i:2) file /workdir/hadoop-ozone/integration-test/target/test-dir/MiniOzoneClusterImpl-bdcda2a2-f79e-402a-b66c-d7657acce112/datanode-0/data/ratis/e9fea200-79f8-4974-aef1-ead2d7c7d07d/sm/snapshot.1_2
2019-10-04 11:03:48,768 [grpc-default-executor-0] INFO  server.GrpcLogAppender (GrpcLogAppender.java:onCompleted(293)) - d7465086-8e37-45da-ad6f-a1f049a81ffa@group-EAD2D7C7D07D->92b02bdd-9214-4414-a3a8-dc2f1111fcbb-AppendLogResponseHandler: follower responses appendEntries COMPLETED
2019-10-04 11:03:48,771 [d7465086-8e37-45da-ad6f-a1f049a81ffa@group-F665172E6911-SegmentedRaftLogWorker] INFO  segmented.SegmentedRaftLogWorker (SegmentedRaftLogWorker.java:run(316)) - d7465086-8e37-45da-ad6f-a1f049a81ffa@group-F665172E6911-SegmentedRaftLogWorker was interrupted, exiting. There are 0 tasks remaining in the queue.
2019-10-04 11:03:48,774 [main] INFO  segmented.SegmentedRaftLogWorker (SegmentedRaftLogWorker.java:close(224)) - d7465086-8e37-45da-ad6f-a1f049a81ffa@group-F665172E6911-SegmentedRaftLogWorker close()
2019-10-04 11:03:48,774 [grpc-default-executor-4] INFO  impl.FollowerInfo (FollowerInfo.java:lambda$new$0(51)) - d7465086-8e37-45da-ad6f-a1f049a81ffa@group-EAD2D7C7D07D->8e08b107-dcab-42d4-b054-a31f9cc9d2d3: nextIndex: updateUnconditionally 3 -> 2
2019-10-04 11:03:48,775 [grpc-default-executor-0] INFO  impl.FollowerInfo (FollowerInfo.java:lambda$new$0(51)) - d7465086-8e37-45da-ad6f-a1f049a81ffa@group-EAD2D7C7D07D->92b02bdd-9214-4414-a3a8-dc2f1111fcbb: nextIndex: updateUnconditionally 3 -> 2
2019-10-04 11:03:48,883 [d7465086-8e37-45da-ad6f-a1f049a81ffa@group-EAD2D7C7D07D-StateMachineUpdater] INFO  ratis.ContainerStateMachine (ContainerStateMachine.java:takeSnapshot(304)) - group-EAD2D7C7D07D: Finished taking a snapshot at:(t:1, i:2) file:/workdir/hadoop-ozone/integration-test/target/test-dir/MiniOzoneClusterImpl-bdcda2a2-f79e-402a-b66c-d7657acce112/datanode-0/data/ratis/e9fea200-79f8-4974-aef1-ead2d7c7d07d/sm/snapshot.1_2 time:127
2019-10-04 11:03:48,885 [d7465086-8e37-45da-ad6f-a1f049a81ffa@group-EAD2D7C7D07D-StateMachineUpdater] INFO  impl.StateMachineUpdater (StateMachineUpdater.java:takeSnapshot(269)) - d7465086-8e37-45da-ad6f-a1f049a81ffa@group-EAD2D7C7D07D-StateMachineUpdater: Took a snapshot at index 2
2019-10-04 11:03:48,885 [d7465086-8e37-45da-ad6f-a1f049a81ffa@group-EAD2D7C7D07D-StateMachineUpdater] INFO  impl.StateMachineUpdater (StateMachineUpdater.java:lambda$new$0(84)) - d7465086-8e37-45da-ad6f-a1f049a81ffa@group-EAD2D7C7D07D-StateMachineUpdater: snapshotIndex: updateIncreasingly -1 -> 2
2019-10-04 11:03:48,895 [ForkJoinPool.commonPool-worker-0] INFO  impl.RaftServerImpl (ServerState.java:close(387)) - d7465086-8e37-45da-ad6f-a1f049a81ffa@group-EAD2D7C7D07D: closes. applyIndex: 2
2019-10-04 11:03:48,896 [d7465086-8e37-45da-ad6f-a1f049a81ffa@group-EAD2D7C7D07D-SegmentedRaftLogWorker] INFO  segmented.SegmentedRaftLogWorker (SegmentedRaftLogWorker.java:run(316)) - d7465086-8e37-45da-ad6f-a1f049a81ffa@group-EAD2D7C7D07D-SegmentedRaftLogWorker was interrupted, exiting. There are 0 tasks remaining in the queue.
2019-10-04 11:03:48,898 [ForkJoinPool.commonPool-worker-0] INFO  segmented.SegmentedRaftLogWorker (SegmentedRaftLogWorker.java:close(224)) - d7465086-8e37-45da-ad6f-a1f049a81ffa@group-EAD2D7C7D07D-SegmentedRaftLogWorker close()
2019-10-04 11:03:48,903 [main] INFO  server.GrpcService (GrpcService.java:closeImpl(164)) - d7465086-8e37-45da-ad6f-a1f049a81ffa: shutdown server with port 33717 now
2019-10-04 11:03:48,906 [main] INFO  server.GrpcService (GrpcService.java:closeImpl(172)) - d7465086-8e37-45da-ad6f-a1f049a81ffa: shutdown server with port 33717 successfully
2019-10-04 11:03:48,909 [refreshUsed-/workdir/hadoop-ozone/integration-test/target/test-dir/MiniOzoneClusterImpl-bdcda2a2-f79e-402a-b66c-d7657acce112/datanode-0/data/containers] WARN  fs.CachingGetSpaceUsed (CachingGetSpaceUsed.java:run(183)) - Thread Interrupted waiting to refresh disk information: sleep interrupted
2019-10-04 11:03:48,925 [main] INFO  utils.BackgroundService (BackgroundService.java:shutdown(148)) - Shutting down service BlockDeletingService
2019-10-04 11:03:48,931 [main] INFO  statemachine.DatanodeStateMachine (DatanodeStateMachine.java:stopDaemon(395)) - Ozone container server stopped.
2019-10-04 11:03:48,936 [main] INFO  handler.ContextHandler (ContextHandler.java:doStop(910)) - Stopped o.e.j.w.WebAppContext@68a4dcc6{/,null,UNAVAILABLE}{/hddsDatanode}
2019-10-04 11:03:48,941 [main] INFO  server.AbstractConnector (AbstractConnector.java:doStop(318)) - Stopped ServerConnector@646c0a67{HTTP/1.1,[http/1.1]}{0.0.0.0:0}
2019-10-04 11:03:48,941 [main] INFO  handler.ContextHandler (ContextHandler.java:doStop(910)) - Stopped o.e.j.s.ServletContextHandler@70228253{/static,jar:file:/home/user/.m2/repository/org/apache/hadoop/hadoop-hdds-container-service/0.5.0-SNAPSHOT/hadoop-hdds-container-service-0.5.0-SNAPSHOT.jar!/webapps/static,UNAVAILABLE}
2019-10-04 11:03:48,942 [main] INFO  handler.ContextHandler (ContextHandler.java:doStop(910)) - Stopped o.e.j.s.ServletContextHandler@9596ce8{/logs,file:///workdir/hadoop-ozone/integration-test/target/log,UNAVAILABLE}
2019-10-04 11:03:58,370 [Thread-311] INFO  impl.FollowerState (FollowerState.java:run(108)) - 8e08b107-dcab-42d4-b054-a31f9cc9d2d3@group-EAD2D7C7D07D-FollowerState: change to CANDIDATE, lastRpcTime:9856ms, electionTimeout:5115ms
2019-10-04 11:03:58,373 [Thread-311] INFO  impl.RoleInfo (RoleInfo.java:shutdownFollowerState(121)) - 8e08b107-dcab-42d4-b054-a31f9cc9d2d3: shutdown FollowerState
2019-10-04 11:03:58,373 [Thread-311] INFO  impl.RaftServerImpl (RaftServerImpl.java:setRole(170)) - 8e08b107-dcab-42d4-b054-a31f9cc9d2d3@group-EAD2D7C7D07D: changes role from  FOLLOWER to CANDIDATE at term 1 for changeToCandidate
2019-10-04 11:03:58,374 [Thread-311] INFO  impl.RoleInfo (RoleInfo.java:updateAndGet(143)) - 8e08b107-dcab-42d4-b054-a31f9cc9d2d3: start LeaderElection
2019-10-04 11:03:58,376 [8e08b107-dcab-42d4-b054-a31f9cc9d2d3@group-EAD2D7C7D07D-LeaderElection11] INFO  impl.RaftServerImpl (ServerState.java:setLeader(255)) - 8e08b107-dcab-42d4-b054-a31f9cc9d2d3@group-EAD2D7C7D07D: change Leader from d7465086-8e37-45da-ad6f-a1f049a81ffa to null at term 1 for initElection
2019-10-04 11:03:58,394 [8e08b107-dcab-42d4-b054-a31f9cc9d2d3@group-EAD2D7C7D07D-LeaderElection11] INFO  impl.LeaderElection (LeaderElection.java:askForVotes(178)) - 8e08b107-dcab-42d4-b054-a31f9cc9d2d3@group-EAD2D7C7D07D-LeaderElection11: begin an election at term 2 for 0: [8e08b107-dcab-42d4-b054-a31f9cc9d2d3:192.168.151.72:39795, d7465086-8e37-45da-ad6f-a1f049a81ffa:192.168.151.72:33717, 92b02bdd-9214-4414-a3a8-dc2f1111fcbb:192.168.151.72:44596], old=null
2019-10-04 11:03:58,404 [grpc-default-executor-3] INFO  impl.RaftServerImpl (ServerState.java:setLeader(255)) - 92b02bdd-9214-4414-a3a8-dc2f1111fcbb@group-EAD2D7C7D07D: change Leader from d7465086-8e37-45da-ad6f-a1f049a81ffa to null at term 2 for updateCurrentTerm
2019-10-04 11:03:58,404 [grpc-default-executor-3] INFO  impl.RaftServerImpl (RaftServerImpl.java:setRole(170)) - 92b02bdd-9214-4414-a3a8-dc2f1111fcbb@group-EAD2D7C7D07D: changes role from  FOLLOWER to FOLLOWER at term 2 for recognizeCandidate:8e08b107-dcab-42d4-b054-a31f9cc9d2d3
2019-10-04 11:03:58,405 [grpc-default-executor-3] INFO  impl.RoleInfo (RoleInfo.java:shutdownFollowerState(121)) - 92b02bdd-9214-4414-a3a8-dc2f1111fcbb: shutdown FollowerState
2019-10-04 11:03:58,405 [grpc-default-executor-3] INFO  impl.RoleInfo (RoleInfo.java:updateAndGet(143)) - 92b02bdd-9214-4414-a3a8-dc2f1111fcbb: start FollowerState
2019-10-04 11:03:58,405 [Thread-313] INFO  impl.FollowerState (FollowerState.java:run(117)) - 92b02bdd-9214-4414-a3a8-dc2f1111fcbb@group-EAD2D7C7D07D-FollowerState was interrupted: java.lang.InterruptedException: sleep interrupted
2019-10-04 11:03:58,413 [8e08b107-dcab-42d4-b054-a31f9cc9d2d3@group-EAD2D7C7D07D-LeaderElection11] INFO  impl.LeaderElection (LogUtils.java:infoOrTrace(149)) - 8e08b107-dcab-42d4-b054-a31f9cc9d2d3@group-EAD2D7C7D07D-LeaderElection11 got exception when requesting votes: {}
java.util.concurrent.ExecutionException: org.apache.ratis.thirdparty.io.grpc.StatusRuntimeException: UNAVAILABLE: io exception
	at java.util.concurrent.FutureTask.report(FutureTask.java:122)
	at java.util.concurrent.FutureTask.get(FutureTask.java:192)
	at org.apache.ratis.server.impl.LeaderElection.waitForResults(LeaderElection.java:259)
	at org.apache.ratis.server.impl.LeaderElection.askForVotes(LeaderElection.java:197)
	at org.apache.ratis.server.impl.LeaderElection.run(LeaderElection.java:133)
	at java.lang.Thread.run(Thread.java:748)
Caused by: org.apache.ratis.thirdparty.io.grpc.StatusRuntimeException: UNAVAILABLE: io exception
	at org.apache.ratis.thirdparty.io.grpc.stub.ClientCalls.toStatusRuntimeException(ClientCalls.java:233)
	at org.apache.ratis.thirdparty.io.grpc.stub.ClientCalls.getUnchecked(ClientCalls.java:214)
	at org.apache.ratis.thirdparty.io.grpc.stub.ClientCalls.blockingUnaryCall(ClientCalls.java:139)
	at org.apache.ratis.proto.grpc.RaftServerProtocolServiceGrpc$RaftServerProtocolServiceBlockingStub.requestVote(RaftServerProtocolServiceGrpc.java:265)
	at org.apache.ratis.grpc.server.GrpcServerProtocolClient.requestVote(GrpcServerProtocolClient.java:99)
	at org.apache.ratis.grpc.server.GrpcService.requestVote(GrpcService.java:204)
	at org.apache.ratis.server.impl.LeaderElection.lambda$submitRequests$1(LeaderElection.java:234)
	at java.util.concurrent.FutureTask.run(FutureTask.java:266)
	at java.util.concurrent.Executors$RunnableAdapter.call(Executors.java:511)
	at java.util.concurrent.FutureTask.run(FutureTask.java:266)
	at java.util.concurrent.ThreadPoolExecutor.runWorker(ThreadPoolExecutor.java:1149)
	at java.util.concurrent.ThreadPoolExecutor$Worker.run(ThreadPoolExecutor.java:624)
	... 1 more
Caused by: org.apache.ratis.thirdparty.io.netty.channel.AbstractChannel$AnnotatedConnectException: Connection refused: /192.168.151.72:33717
	at sun.nio.ch.SocketChannelImpl.checkConnect(Native Method)
	at sun.nio.ch.SocketChannelImpl.finishConnect(SocketChannelImpl.java:717)
	at org.apache.ratis.thirdparty.io.netty.channel.socket.nio.NioSocketChannel.doFinishConnect(NioSocketChannel.java:327)
	at org.apache.ratis.thirdparty.io.netty.channel.nio.AbstractNioChannel$AbstractNioUnsafe.finishConnect(AbstractNioChannel.java:340)
	at org.apache.ratis.thirdparty.io.netty.channel.nio.NioEventLoop.processSelectedKey(NioEventLoop.java:632)
	at org.apache.ratis.thirdparty.io.netty.channel.nio.NioEventLoop.processSelectedKeysOptimized(NioEventLoop.java:579)
	at org.apache.ratis.thirdparty.io.netty.channel.nio.NioEventLoop.processSelectedKeys(NioEventLoop.java:496)
	at org.apache.ratis.thirdparty.io.netty.channel.nio.NioEventLoop.run(NioEventLoop.java:458)
	at org.apache.ratis.thirdparty.io.netty.util.concurrent.SingleThreadEventExecutor$5.run(SingleThreadEventExecutor.java:897)
	at org.apache.ratis.thirdparty.io.netty.util.concurrent.FastThreadLocalRunnable.run(FastThreadLocalRunnable.java:30)
	... 1 more
Caused by: java.net.ConnectException: Connection refused
	... 11 more
2019-10-04 11:03:58,424 [8e08b107-dcab-42d4-b054-a31f9cc9d2d3@group-EAD2D7C7D07D-LeaderElection11] INFO  impl.LeaderElection (LeaderElection.java:logAndReturn(56)) - 8e08b107-dcab-42d4-b054-a31f9cc9d2d3@group-EAD2D7C7D07D-LeaderElection11: Election PASSED; received 1 response(s) [8e08b107-dcab-42d4-b054-a31f9cc9d2d3<-92b02bdd-9214-4414-a3a8-dc2f1111fcbb#0:OK-t2] and 1 exception(s); 8e08b107-dcab-42d4-b054-a31f9cc9d2d3@group-EAD2D7C7D07D:t2, leader=null, voted=8e08b107-dcab-42d4-b054-a31f9cc9d2d3, raftlog=8e08b107-dcab-42d4-b054-a31f9cc9d2d3@group-EAD2D7C7D07D-SegmentedRaftLog:OPENED:c2,f2,i2, conf=0: [8e08b107-dcab-42d4-b054-a31f9cc9d2d3:192.168.151.72:39795, d7465086-8e37-45da-ad6f-a1f049a81ffa:192.168.151.72:33717, 92b02bdd-9214-4414-a3a8-dc2f1111fcbb:192.168.151.72:44596], old=null
2019-10-04 11:03:58,425 [8e08b107-dcab-42d4-b054-a31f9cc9d2d3@group-EAD2D7C7D07D-LeaderElection11] INFO  impl.LeaderElection (LogUtils.java:infoOrTrace(149)) -   Exception 0: {}
java.util.concurrent.ExecutionException: org.apache.ratis.thirdparty.io.grpc.StatusRuntimeException: UNAVAILABLE: io exception
	at java.util.concurrent.FutureTask.report(FutureTask.java:122)
	at java.util.concurrent.FutureTask.get(FutureTask.java:192)
	at org.apache.ratis.server.impl.LeaderElection.waitForResults(LeaderElection.java:259)
	at org.apache.ratis.server.impl.LeaderElection.askForVotes(LeaderElection.java:197)
	at org.apache.ratis.server.impl.LeaderElection.run(LeaderElection.java:133)
	at java.lang.Thread.run(Thread.java:748)
Caused by: org.apache.ratis.thirdparty.io.grpc.StatusRuntimeException: UNAVAILABLE: io exception
	at org.apache.ratis.thirdparty.io.grpc.stub.ClientCalls.toStatusRuntimeException(ClientCalls.java:233)
	at org.apache.ratis.thirdparty.io.grpc.stub.ClientCalls.getUnchecked(ClientCalls.java:214)
	at org.apache.ratis.thirdparty.io.grpc.stub.ClientCalls.blockingUnaryCall(ClientCalls.java:139)
	at org.apache.ratis.proto.grpc.RaftServerProtocolServiceGrpc$RaftServerProtocolServiceBlockingStub.requestVote(RaftServerProtocolServiceGrpc.java:265)
	at org.apache.ratis.grpc.server.GrpcServerProtocolClient.requestVote(GrpcServerProtocolClient.java:99)
	at org.apache.ratis.grpc.server.GrpcService.requestVote(GrpcService.java:204)
	at org.apache.ratis.server.impl.LeaderElection.lambda$submitRequests$1(LeaderElection.java:234)
	at java.util.concurrent.FutureTask.run(FutureTask.java:266)
	at java.util.concurrent.Executors$RunnableAdapter.call(Executors.java:511)
	at java.util.concurrent.FutureTask.run(FutureTask.java:266)
	at java.util.concurrent.ThreadPoolExecutor.runWorker(ThreadPoolExecutor.java:1149)
	at java.util.concurrent.ThreadPoolExecutor$Worker.run(ThreadPoolExecutor.java:624)
	... 1 more
Caused by: org.apache.ratis.thirdparty.io.netty.channel.AbstractChannel$AnnotatedConnectException: Connection refused: /192.168.151.72:33717
	at sun.nio.ch.SocketChannelImpl.checkConnect(Native Method)
	at sun.nio.ch.SocketChannelImpl.finishConnect(SocketChannelImpl.java:717)
	at org.apache.ratis.thirdparty.io.netty.channel.socket.nio.NioSocketChannel.doFinishConnect(NioSocketChannel.java:327)
	at org.apache.ratis.thirdparty.io.netty.channel.nio.AbstractNioChannel$AbstractNioUnsafe.finishConnect(AbstractNioChannel.java:340)
	at org.apache.ratis.thirdparty.io.netty.channel.nio.NioEventLoop.processSelectedKey(NioEventLoop.java:632)
	at org.apache.ratis.thirdparty.io.netty.channel.nio.NioEventLoop.processSelectedKeysOptimized(NioEventLoop.java:579)
	at org.apache.ratis.thirdparty.io.netty.channel.nio.NioEventLoop.processSelectedKeys(NioEventLoop.java:496)
	at org.apache.ratis.thirdparty.io.netty.channel.nio.NioEventLoop.run(NioEventLoop.java:458)
	at org.apache.ratis.thirdparty.io.netty.util.concurrent.SingleThreadEventExecutor$5.run(SingleThreadEventExecutor.java:897)
	at org.apache.ratis.thirdparty.io.netty.util.concurrent.FastThreadLocalRunnable.run(FastThreadLocalRunnable.java:30)
	... 1 more
Caused by: java.net.ConnectException: Connection refused
	... 11 more
2019-10-04 11:03:58,426 [8e08b107-dcab-42d4-b054-a31f9cc9d2d3@group-EAD2D7C7D07D-LeaderElection11] INFO  impl.RoleInfo (RoleInfo.java:shutdownLeaderElection(134)) - 8e08b107-dcab-42d4-b054-a31f9cc9d2d3: shutdown LeaderElection
2019-10-04 11:03:58,426 [8e08b107-dcab-42d4-b054-a31f9cc9d2d3@group-EAD2D7C7D07D-LeaderElection11] INFO  impl.RaftServerImpl (RaftServerImpl.java:setRole(170)) - 8e08b107-dcab-42d4-b054-a31f9cc9d2d3@group-EAD2D7C7D07D: changes role from CANDIDATE to LEADER at term 2 for changeToLeader
2019-10-04 11:03:58,426 [8e08b107-dcab-42d4-b054-a31f9cc9d2d3@group-EAD2D7C7D07D-LeaderElection11] INFO  impl.RaftServerImpl (ServerState.java:setLeader(255)) - 8e08b107-dcab-42d4-b054-a31f9cc9d2d3@group-EAD2D7C7D07D: change Leader from null to 8e08b107-dcab-42d4-b054-a31f9cc9d2d3 at term 2 for becomeLeader, leader elected after 50ms
2019-10-04 11:03:58,426 [8e08b107-dcab-42d4-b054-a31f9cc9d2d3@group-EAD2D7C7D07D-LeaderElection11] INFO  server.RaftServerConfigKeys (ConfUtils.java:logGet(43)) - raft.server.staging.catchup.gap = 1000 (default)
2019-10-04 11:03:58,427 [8e08b107-dcab-42d4-b054-a31f9cc9d2d3@group-EAD2D7C7D07D-LeaderElection11] INFO  server.RaftServerConfigKeys (ConfUtils.java:logGet(43)) - raft.server.rpc.sleep.time = 25ms (default)
2019-10-04 11:03:58,427 [8e08b107-dcab-42d4-b054-a31f9cc9d2d3@group-EAD2D7C7D07D-LeaderElection11] INFO  server.RaftServerConfigKeys (ConfUtils.java:logGet(43)) - raft.server.write.element-limit = 4096 (default)
2019-10-04 11:03:58,427 [8e08b107-dcab-42d4-b054-a31f9cc9d2d3@group-EAD2D7C7D07D-LeaderElection11] INFO  server.RaftServerConfigKeys (ConfUtils.java:logGet(43)) - raft.server.watch.timeout = 10s (default)
2019-10-04 11:03:58,428 [8e08b107-dcab-42d4-b054-a31f9cc9d2d3@group-EAD2D7C7D07D-LeaderElection11] INFO  server.RaftServerConfigKeys (ConfUtils.java:logGet(43)) - raft.server.watch.timeout.denomination = 1s (default)
2019-10-04 11:03:58,428 [8e08b107-dcab-42d4-b054-a31f9cc9d2d3@group-EAD2D7C7D07D-LeaderElection11] INFO  server.RaftServerConfigKeys (ConfUtils.java:logGet(43)) - raft.server.watch.element-limit = 65536 (default)
2019-10-04 11:03:58,432 [8e08b107-dcab-42d4-b054-a31f9cc9d2d3@group-EAD2D7C7D07D-LeaderElection11] INFO  server.RaftServerConfigKeys (ConfUtils.java:logGet(43)) - raft.server.log.appender.snapshot.chunk.size.max = 16MB (=16777216) (default)
2019-10-04 11:03:58,432 [8e08b107-dcab-42d4-b054-a31f9cc9d2d3@group-EAD2D7C7D07D-LeaderElection11] INFO  server.RaftServerConfigKeys (ConfUtils.java:logGet(43)) - raft.server.log.appender.buffer.byte-limit = 33554432 (custom)
2019-10-04 11:03:58,433 [8e08b107-dcab-42d4-b054-a31f9cc9d2d3@group-EAD2D7C7D07D-LeaderElection11] INFO  server.RaftServerConfigKeys (ConfUtils.java:logGet(43)) - raft.server.log.appender.buffer.element-limit = 1 (custom)
2019-10-04 11:03:58,433 [8e08b107-dcab-42d4-b054-a31f9cc9d2d3@group-EAD2D7C7D07D-LeaderElection11] INFO  grpc.GrpcConfigKeys$Server (ConfUtils.java:logGet(43)) - raft.grpc.server.leader.outstanding.appends.max = 128 (default)
2019-10-04 11:03:58,433 [8e08b107-dcab-42d4-b054-a31f9cc9d2d3@group-EAD2D7C7D07D-LeaderElection11] INFO  server.RaftServerConfigKeys (ConfUtils.java:logGet(43)) - raft.server.rpc.request.timeout = 3000ms (default)
2019-10-04 11:03:58,433 [8e08b107-dcab-42d4-b054-a31f9cc9d2d3@group-EAD2D7C7D07D-LeaderElection11] INFO  server.RaftServerConfigKeys (ConfUtils.java:logGet(43)) - raft.server.log.appender.install.snapshot.enabled = false (custom)
2019-10-04 11:03:58,434 [8e08b107-dcab-42d4-b054-a31f9cc9d2d3@group-EAD2D7C7D07D-LeaderElection11] INFO  server.RaftServerConfigKeys (ConfUtils.java:logGet(43)) - raft.server.log.appender.snapshot.chunk.size.max = 16MB (=16777216) (default)
2019-10-04 11:03:58,434 [8e08b107-dcab-42d4-b054-a31f9cc9d2d3@group-EAD2D7C7D07D-LeaderElection11] INFO  server.RaftServerConfigKeys (ConfUtils.java:logGet(43)) - raft.server.log.appender.buffer.byte-limit = 33554432 (custom)
2019-10-04 11:03:58,434 [8e08b107-dcab-42d4-b054-a31f9cc9d2d3@group-EAD2D7C7D07D-LeaderElection11] INFO  server.RaftServerConfigKeys (ConfUtils.java:logGet(43)) - raft.server.log.appender.buffer.element-limit = 1 (custom)
2019-10-04 11:03:58,434 [8e08b107-dcab-42d4-b054-a31f9cc9d2d3@group-EAD2D7C7D07D-LeaderElection11] INFO  grpc.GrpcConfigKeys$Server (ConfUtils.java:logGet(43)) - raft.grpc.server.leader.outstanding.appends.max = 128 (default)
2019-10-04 11:03:58,434 [8e08b107-dcab-42d4-b054-a31f9cc9d2d3@group-EAD2D7C7D07D-LeaderElection11] INFO  server.RaftServerConfigKeys (ConfUtils.java:logGet(43)) - raft.server.rpc.request.timeout = 3000ms (default)
2019-10-04 11:03:58,435 [8e08b107-dcab-42d4-b054-a31f9cc9d2d3@group-EAD2D7C7D07D-LeaderElection11] INFO  server.RaftServerConfigKeys (ConfUtils.java:logGet(43)) - raft.server.log.appender.install.snapshot.enabled = false (custom)
2019-10-04 11:03:58,435 [8e08b107-dcab-42d4-b054-a31f9cc9d2d3@group-EAD2D7C7D07D-LeaderElection11] INFO  impl.RoleInfo (RoleInfo.java:updateAndGet(143)) - 8e08b107-dcab-42d4-b054-a31f9cc9d2d3: start LeaderState
2019-10-04 11:03:58,436 [8e08b107-dcab-42d4-b054-a31f9cc9d2d3@group-EAD2D7C7D07D-LeaderElection11] INFO  segmented.SegmentedRaftLogWorker (SegmentedRaftLogWorker.java:rollLogSegment(390)) - 8e08b107-dcab-42d4-b054-a31f9cc9d2d3@group-EAD2D7C7D07D-SegmentedRaftLogWorker: Rolling segment log-0_2 to index:2
2019-10-04 11:03:58,439 [8e08b107-dcab-42d4-b054-a31f9cc9d2d3@group-EAD2D7C7D07D-LeaderElection11] INFO  impl.RaftServerImpl (ServerState.java:setRaftConf(356)) - 8e08b107-dcab-42d4-b054-a31f9cc9d2d3@group-EAD2D7C7D07D: set configuration 3: [8e08b107-dcab-42d4-b054-a31f9cc9d2d3:192.168.151.72:39795, d7465086-8e37-45da-ad6f-a1f049a81ffa:192.168.151.72:33717, 92b02bdd-9214-4414-a3a8-dc2f1111fcbb:192.168.151.72:44596], old=null at 3
2019-10-04 11:03:58,439 [8e08b107-dcab-42d4-b054-a31f9cc9d2d3@group-EAD2D7C7D07D-SegmentedRaftLogWorker] INFO  segmented.SegmentedRaftLogWorker (SegmentedRaftLogWorker.java:execute(531)) - 8e08b107-dcab-42d4-b054-a31f9cc9d2d3@group-EAD2D7C7D07D-SegmentedRaftLogWorker: Rolled log segment from /workdir/hadoop-ozone/integration-test/target/test-dir/MiniOzoneClusterImpl-bdcda2a2-f79e-402a-b66c-d7657acce112/datanode-1/data/ratis/e9fea200-79f8-4974-aef1-ead2d7c7d07d/current/log_inprogress_0 to /workdir/hadoop-ozone/integration-test/target/test-dir/MiniOzoneClusterImpl-bdcda2a2-f79e-402a-b66c-d7657acce112/datanode-1/data/ratis/e9fea200-79f8-4974-aef1-ead2d7c7d07d/current/log_0-2
2019-10-04 11:03:58,442 [grpc-default-executor-3] WARN  server.GrpcLogAppender (LogUtils.java:warn(134)) - 8e08b107-dcab-42d4-b054-a31f9cc9d2d3@group-EAD2D7C7D07D->d7465086-8e37-45da-ad6f-a1f049a81ffa-AppendLogResponseHandler: Failed appendEntries: org.apache.ratis.thirdparty.io.grpc.StatusRuntimeException: UNAVAILABLE: io exception
2019-10-04 11:03:58,471 [grpc-default-executor-3] INFO  impl.FollowerInfo (FollowerInfo.java:lambda$new$0(51)) - 8e08b107-dcab-42d4-b054-a31f9cc9d2d3@group-EAD2D7C7D07D->d7465086-8e37-45da-ad6f-a1f049a81ffa: nextIndex: updateUnconditionally 3 -> 1
2019-10-04 11:03:58,472 [grpc-default-executor-0] INFO  impl.RaftServerImpl (ServerState.java:setLeader(255)) - 92b02bdd-9214-4414-a3a8-dc2f1111fcbb@group-EAD2D7C7D07D: change Leader from null to 8e08b107-dcab-42d4-b054-a31f9cc9d2d3 at term 2 for appendEntries, leader elected after 67ms
2019-10-04 11:03:58,479 [grpc-default-executor-0] INFO  impl.RaftServerImpl (ServerState.java:setRaftConf(356)) - 92b02bdd-9214-4414-a3a8-dc2f1111fcbb@group-EAD2D7C7D07D: set configuration 3: [8e08b107-dcab-42d4-b054-a31f9cc9d2d3:192.168.151.72:39795, d7465086-8e37-45da-ad6f-a1f049a81ffa:192.168.151.72:33717, 92b02bdd-9214-4414-a3a8-dc2f1111fcbb:192.168.151.72:44596], old=null at 3
2019-10-04 11:03:58,479 [grpc-default-executor-0] INFO  segmented.SegmentedRaftLogWorker (SegmentedRaftLogWorker.java:rollLogSegment(390)) - 92b02bdd-9214-4414-a3a8-dc2f1111fcbb@group-EAD2D7C7D07D-SegmentedRaftLogWorker: Rolling segment log-0_2 to index:2
2019-10-04 11:03:58,480 [92b02bdd-9214-4414-a3a8-dc2f1111fcbb@group-EAD2D7C7D07D-SegmentedRaftLogWorker] INFO  segmented.SegmentedRaftLogWorker (SegmentedRaftLogWorker.java:execute(531)) - 92b02bdd-9214-4414-a3a8-dc2f1111fcbb@group-EAD2D7C7D07D-SegmentedRaftLogWorker: Rolled log segment from /workdir/hadoop-ozone/integration-test/target/test-dir/MiniOzoneClusterImpl-bdcda2a2-f79e-402a-b66c-d7657acce112/datanode-2/data/ratis/e9fea200-79f8-4974-aef1-ead2d7c7d07d/current/log_inprogress_0 to /workdir/hadoop-ozone/integration-test/target/test-dir/MiniOzoneClusterImpl-bdcda2a2-f79e-402a-b66c-d7657acce112/datanode-2/data/ratis/e9fea200-79f8-4974-aef1-ead2d7c7d07d/current/log_0-2
2019-10-04 11:03:58,495 [8e08b107-dcab-42d4-b054-a31f9cc9d2d3@group-EAD2D7C7D07D-SegmentedRaftLogWorker] INFO  segmented.SegmentedRaftLogWorker (SegmentedRaftLogWorker.java:execute(574)) - 8e08b107-dcab-42d4-b054-a31f9cc9d2d3@group-EAD2D7C7D07D-SegmentedRaftLogWorker: created new log segment /workdir/hadoop-ozone/integration-test/target/test-dir/MiniOzoneClusterImpl-bdcda2a2-f79e-402a-b66c-d7657acce112/datanode-1/data/ratis/e9fea200-79f8-4974-aef1-ead2d7c7d07d/current/log_inprogress_3
2019-10-04 11:03:58,518 [92b02bdd-9214-4414-a3a8-dc2f1111fcbb@group-EAD2D7C7D07D-SegmentedRaftLogWorker] INFO  segmented.SegmentedRaftLogWorker (SegmentedRaftLogWorker.java:execute(574)) - 92b02bdd-9214-4414-a3a8-dc2f1111fcbb@group-EAD2D7C7D07D-SegmentedRaftLogWorker: created new log segment /workdir/hadoop-ozone/integration-test/target/test-dir/MiniOzoneClusterImpl-bdcda2a2-f79e-402a-b66c-d7657acce112/datanode-2/data/ratis/e9fea200-79f8-4974-aef1-ead2d7c7d07d/current/log_inprogress_3
2019-10-04 11:03:58,530 [grpc-default-executor-4] WARN  server.GrpcLogAppender (LogUtils.java:warn(134)) - 8e08b107-dcab-42d4-b054-a31f9cc9d2d3@group-EAD2D7C7D07D->d7465086-8e37-45da-ad6f-a1f049a81ffa-AppendLogResponseHandler: Failed appendEntries: org.apache.ratis.thirdparty.io.grpc.StatusRuntimeException: UNAVAILABLE: io exception
2019-10-04 11:03:58,532 [grpc-default-executor-4] INFO  impl.FollowerInfo (FollowerInfo.java:lambda$new$0(51)) - 8e08b107-dcab-42d4-b054-a31f9cc9d2d3@group-EAD2D7C7D07D->d7465086-8e37-45da-ad6f-a1f049a81ffa: nextIndex: updateUnconditionally 2 -> 1
2019-10-04 11:03:58,537 [grpc-default-executor-0] WARN  server.GrpcLogAppender (LogUtils.java:warn(134)) - 8e08b107-dcab-42d4-b054-a31f9cc9d2d3@group-EAD2D7C7D07D->d7465086-8e37-45da-ad6f-a1f049a81ffa-AppendLogResponseHandler: Failed appendEntries: org.apache.ratis.thirdparty.io.grpc.StatusRuntimeException: UNAVAILABLE: io exception
2019-10-04 11:03:58,539 [grpc-default-executor-0] INFO  impl.FollowerInfo (FollowerInfo.java:lambda$new$0(51)) - 8e08b107-dcab-42d4-b054-a31f9cc9d2d3@group-EAD2D7C7D07D->d7465086-8e37-45da-ad6f-a1f049a81ffa: nextIndex: updateUnconditionally 2 -> 1
]]></system-out>
    <system-err><![CDATA[ERROR StatusLogger No Log4j 2 configuration file found. Using default configuration (logging only errors to the console), or user programmatically provided configurations. Set system property 'log4j2.debug' to show Log4j 2 internal initialization logging. See https://logging.apache.org/log4j/2.x/manual/configuration.html for instructions on how to configure Log4j 2
]]></system-err>
  </testcase>
</testsuite>